		Time			Cycle	PC		Insn	Decoded instruction	Register and memory contents
         65.000 ns	         5	80000000	f14022f3	csrrs	x5,mhartid,x0	  x0:0x00000000  x5=0xffffff14
         75.000 ns	         6	80000004	00000313	addi	x6,x0,0	  x0:0x00000000  x6=0x00000000
         85.000 ns	         7	80000008	00628263	beq	x5,x6,8000000c	  x5:0x00000000  x6:0x00000000
         95.000 ns	         8	8000000c	00000117	auipc	x2,0x0	  x2=0x8000000c
        105.000 ns	         9	80000010	00c10113	addi	x2,x2,12	  x2:0x00000000  x2=0x80000018
        115.000 ns	        10	80000014	00010067	jalr	x0,x2,0	  x2:0x00000000
        165.000 ns	        15	80000018	400012b7	lui	x5,0x40001	  x5=0x40001000
        175.000 ns	        16	8000001c	12028293	addi	x5,x5,288	  x5:0xffffff14  x5=0x40001120
        185.000 ns	        17	80000020	30129073	csrrw	x0,misa,x5	  x5:0xffffff14
        195.000 ns	        18	80000024	00041e97	auipc	x29,0x41	 x29=0x80041024
        205.000 ns	        19	80000028	000e8e93	addi	x29,x29,0	 x29:0x00000000 x29=0x80041024
        215.000 ns	        20	8000002c	0000b297	auipc	x5,0xb	  x5=0x8000b02c
        225.000 ns	        21	80000030	8a428293	addi	x5,x5,-1884	  x5:0x40001120  x5=0x8000a8d0
        235.000 ns	        22	80000034	0012e293	ori	x5,x5,1	  x5:0x40001120  x5=0x8000a8d1
        245.000 ns	        23	80000038	30529073	csrrw	x0,mtvec,x5	  x5:0x8000b02c
        255.000 ns	        24	8000003c	00000297	auipc	x5,0x0	  x5=0x8000003c
        265.000 ns	        25	80000040	02828293	addi	x5,x5,40	  x5:0x8000a8d1  x5=0x80000064
        275.000 ns	        26	80000044	34129073	csrrw	x0,mepc,x5	  x5:0x8000a8d1
        285.000 ns	        27	80000048	00000013	addi	x0,x0,0	  x0:0x00000000
        295.000 ns	        28	8000004c	000042b7	lui	x5,0x4	  x5=0x00004000
        305.000 ns	        29	80000050	80028293	addi	x5,x5,-2048	  x5:0x80000064  x5=0x00003800
        315.000 ns	        30	80000054	30029073	csrrw	x0,mstatus,x5	  x5:0x80000064
        325.000 ns	        31	80000058	00000293	addi	x5,x0,0	  x0:0x00000000  x5=0x00000000
        335.000 ns	        32	8000005c	30429073	csrrw	x0,mie,x5	  x5:0x00003800
        345.000 ns	        33	80000060	30200073	mret	
        355.000 ns	        34	80000064	7f8002b7	lui	x5,0x7f800	  x5=0x7f800000
        365.000 ns	        35	80000068	00128293	addi	x5,x5,1	  x5:0x00000000  x5=0x7f800001
        385.000 ns	        37	8000006c	f0028053	fmv.w.x	f0,x5	  x5:0x00000000  f0=0x7f800001
        405.000 ns	        39	80000070	7f8002b7	lui	x5,0x7f800	  x5=0x7f800000
        415.000 ns	        40	80000074	fff28293	addi	x5,x5,-1	  x5:0x7f800001  x5=0x7f7fffff
        435.000 ns	        42	80000078	f00280d3	fmv.w.x	f1,x5	  x5:0x7f800001  f1=0x7f7fffff
        455.000 ns	        44	8000007c	7fc002b7	lui	x5,0x7fc00	  x5=0x7fc00000
        475.000 ns	        46	80000080	f0028153	fmv.w.x	f2,x5	  x5:0x7f7fffff  f2=0x7fc00000
        495.000 ns	        48	80000084	7f8002b7	lui	x5,0x7f800	  x5=0x7f800000
        505.000 ns	        49	80000088	fff28293	addi	x5,x5,-1	  x5:0x7fc00000  x5=0x7f7fffff
        525.000 ns	        51	8000008c	f00281d3	fmv.w.x	f3,x5	  x5:0x7fc00000  f3=0x7f7fffff
        545.000 ns	        53	80000090	00000293	addi	x5,x0,0	  x0:0x00000000  x5=0x00000000
        565.000 ns	        55	80000094	f0028253	fmv.w.x	f4,x5	  x5:0x7f7fffff  f4=0x00000000
        585.000 ns	        57	80000098	00000293	addi	x5,x0,0	  x0:0x00000000  x5=0x00000000
        605.000 ns	        59	8000009c	f00282d3	fmv.w.x	f5,x5	  x5:0x00000000  f5=0x00000000
        625.000 ns	        61	800000a0	ff8002b7	lui	x5,0xff800	  x5=0xff800000
        645.000 ns	        63	800000a4	f0028353	fmv.w.x	f6,x5	  x5:0x00000000  f6=0xff800000
        665.000 ns	        65	800000a8	7fc002b7	lui	x5,0x7fc00	  x5=0x7fc00000
        685.000 ns	        67	800000ac	f00283d3	fmv.w.x	f7,x5	  x5:0xff800000  f7=0x7fc00000
        705.000 ns	        69	800000b0	7f8002b7	lui	x5,0x7f800	  x5=0x7f800000
        715.000 ns	        70	800000b4	fff28293	addi	x5,x5,-1	  x5:0x7fc00000  x5=0x7f7fffff
        735.000 ns	        72	800000b8	f0028453	fmv.w.x	f8,x5	  x5:0x7fc00000  f8=0x7f7fffff
        755.000 ns	        74	800000bc	7f8002b7	lui	x5,0x7f800	  x5=0x7f800000
        765.000 ns	        75	800000c0	00128293	addi	x5,x5,1	  x5:0x7f7fffff  x5=0x7f800001
        785.000 ns	        77	800000c4	f00284d3	fmv.w.x	f9,x5	  x5:0x7f7fffff  f9=0x7f800001
        805.000 ns	        79	800000c8	00000293	addi	x5,x0,0	  x0:0x00000000  x5=0x00000000
        825.000 ns	        81	800000cc	f0028553	fmv.w.x	f10,x5	  x5:0x7f800001 f10=0x00000000
        845.000 ns	        83	800000d0	7f8002b7	lui	x5,0x7f800	  x5=0x7f800000
        855.000 ns	        84	800000d4	fff28293	addi	x5,x5,-1	  x5:0x00000000  x5=0x7f7fffff
        875.000 ns	        86	800000d8	f00285d3	fmv.w.x	f11,x5	  x5:0x00000000 f11=0x7f7fffff
        895.000 ns	        88	800000dc	51e632b7	lui	x5,0x51e63	  x5=0x51e63000
        905.000 ns	        89	800000e0	ac828293	addi	x5,x5,-1336	  x5:0x7f7fffff  x5=0x51e62ac8
        925.000 ns	        91	800000e4	f0028653	fmv.w.x	f12,x5	  x5:0x7f7fffff f12=0x51e62ac8
        945.000 ns	        93	800000e8	801232b7	lui	x5,0x80123	  x5=0x80123000
        955.000 ns	        94	800000ec	e7a28293	addi	x5,x5,-390	  x5:0x51e62ac8  x5=0x80122e7a
        975.000 ns	        96	800000f0	f00286d3	fmv.w.x	f13,x5	  x5:0x51e62ac8 f13=0x80122e7a
        995.000 ns	        98	800000f4	0032e2b7	lui	x5,0x32e	  x5=0x0032e000
       1005.000 ns	        99	800000f8	fac28293	addi	x5,x5,-84	  x5:0x80122e7a  x5=0x0032dfac
       1025.000 ns	       101	800000fc	f0028753	fmv.w.x	f14,x5	  x5:0x80122e7a f14=0x0032dfac
       1045.000 ns	       103	80000100	7f8002b7	lui	x5,0x7f800	  x5=0x7f800000
       1065.000 ns	       105	80000104	f00287d3	fmv.w.x	f15,x5	  x5:0x0032dfac f15=0x7f800000
       1085.000 ns	       107	80000108	ff8002b7	lui	x5,0xff800	  x5=0xff800000
       1105.000 ns	       109	8000010c	f0028853	fmv.w.x	f16,x5	  x5:0x7f800000 f16=0xff800000
       1125.000 ns	       111	80000110	7f8002b7	lui	x5,0x7f800	  x5=0x7f800000
       1145.000 ns	       113	80000114	f00288d3	fmv.w.x	f17,x5	  x5:0xff800000 f17=0x7f800000
       1165.000 ns	       115	80000118	7f8002b7	lui	x5,0x7f800	  x5=0x7f800000
       1185.000 ns	       117	8000011c	f0028953	fmv.w.x	f18,x5	  x5:0x7f800000 f18=0x7f800000
       1205.000 ns	       119	80000120	c35992b7	lui	x5,0xc3599	  x5=0xc3599000
       1215.000 ns	       120	80000124	ddd28293	addi	x5,x5,-547	  x5:0x7f800000  x5=0xc3598ddd
       1235.000 ns	       122	80000128	f00289d3	fmv.w.x	f19,x5	  x5:0x7f800000 f19=0xc3598ddd
       1255.000 ns	       124	8000012c	7473c2b7	lui	x5,0x7473c	  x5=0x7473c000
       1265.000 ns	       125	80000130	39e28293	addi	x5,x5,926	  x5:0xc3598ddd  x5=0x7473c39e
       1285.000 ns	       127	80000134	f0028a53	fmv.w.x	f20,x5	  x5:0xc3598ddd f20=0x7473c39e
       1305.000 ns	       129	80000138	800222b7	lui	x5,0x80022	  x5=0x80022000
       1315.000 ns	       130	8000013c	55328293	addi	x5,x5,1363	  x5:0x7473c39e  x5=0x80022553
       1335.000 ns	       132	80000140	f0028ad3	fmv.w.x	f21,x5	  x5:0x7473c39e f21=0x80022553
       1355.000 ns	       134	80000144	ba61b2b7	lui	x5,0xba61b	  x5=0xba61b000
       1365.000 ns	       135	80000148	a3c28293	addi	x5,x5,-1476	  x5:0x80022553  x5=0xba61aa3c
       1385.000 ns	       137	8000014c	f0028b53	fmv.w.x	f22,x5	  x5:0x80022553 f22=0xba61aa3c
       1405.000 ns	       139	80000150	ff8002b7	lui	x5,0xff800	  x5=0xff800000
       1425.000 ns	       141	80000154	f0028bd3	fmv.w.x	f23,x5	  x5:0xba61aa3c f23=0xff800000
       1445.000 ns	       143	80000158	ff8002b7	lui	x5,0xff800	  x5=0xff800000
       1465.000 ns	       145	8000015c	f0028c53	fmv.w.x	f24,x5	  x5:0xff800000 f24=0xff800000
       1485.000 ns	       147	80000160	ff8002b7	lui	x5,0xff800	  x5=0xff800000
       1505.000 ns	       149	80000164	f0028cd3	fmv.w.x	f25,x5	  x5:0xff800000 f25=0xff800000
       1525.000 ns	       151	80000168	7f8002b7	lui	x5,0x7f800	  x5=0x7f800000
       1535.000 ns	       152	8000016c	00128293	addi	x5,x5,1	  x5:0xff800000  x5=0x7f800001
       1555.000 ns	       154	80000170	f0028d53	fmv.w.x	f26,x5	  x5:0xff800000 f26=0x7f800001
       1575.000 ns	       156	80000174	800002b7	lui	x5,0x80000	  x5=0x80000000
       1595.000 ns	       158	80000178	f0028dd3	fmv.w.x	f27,x5	  x5:0x7f800001 f27=0x80000000
       1615.000 ns	       160	8000017c	7fc002b7	lui	x5,0x7fc00	  x5=0x7fc00000
       1635.000 ns	       162	80000180	f0028e53	fmv.w.x	f28,x5	  x5:0x80000000 f28=0x7fc00000
       1655.000 ns	       164	80000184	032c32b7	lui	x5,0x32c3	  x5=0x032c3000
       1665.000 ns	       165	80000188	6f328293	addi	x5,x5,1779	  x5:0x7fc00000  x5=0x032c36f3
       1685.000 ns	       167	8000018c	f0028ed3	fmv.w.x	f29,x5	  x5:0x7fc00000 f29=0x032c36f3
       1705.000 ns	       169	80000190	7fc002b7	lui	x5,0x7fc00	  x5=0x7fc00000
       1725.000 ns	       171	80000194	f0028f53	fmv.w.x	f30,x5	  x5:0x032c36f3 f30=0x7fc00000
       1745.000 ns	       173	80000198	7f8002b7	lui	x5,0x7f800	  x5=0x7f800000
       1765.000 ns	       175	8000019c	f0028fd3	fmv.w.x	f31,x5	  x5:0x7fc00000 f31=0x7f800000
       1785.000 ns	       177	800001a0	00225073	csrrwi	x0,frm,4	
       1795.000 ns	       178	800001a4	95bcc037	lui	x0,0x95bcc	
       1805.000 ns	       179	800001a8	e6500013	addi	x0,x0,-411	  x0:0x00000000
       1815.000 ns	       180	800001ac	fe5120b7	lui	x1,0xfe512	  x1=0xfe512000
       1825.000 ns	       181	800001b0	3c108093	addi	x1,x1,961	  x1:0x00000000  x1=0xfe5123c1
       1835.000 ns	       182	800001b4	ed14c137	lui	x2,0xed14c	  x2=0xed14c000
       1845.000 ns	       183	800001b8	e5610113	addi	x2,x2,-426	  x2:0x80000018  x2=0xed14be56
       1855.000 ns	       184	800001bc	00000193	addi	x3,x0,0	  x0:0x00000000  x3=0x00000000
       1865.000 ns	       185	800001c0	12eef237	lui	x4,0x12eef	  x4=0x12eef000
       1875.000 ns	       186	800001c4	c5a20213	addi	x4,x4,-934	  x4:0x00000000  x4=0x12eeec5a
       1885.000 ns	       187	800001c8	00000293	addi	x5,x0,0	  x0:0x00000000  x5=0x00000000
       1895.000 ns	       188	800001cc	00000313	addi	x6,x0,0	  x0:0x00000000  x6=0x00000000
       1905.000 ns	       189	800001d0	00400393	addi	x7,x0,4	  x0:0x00000000  x7=0x00000004
       1915.000 ns	       190	800001d4	f7c50437	lui	x8,0xf7c50	  x8=0xf7c50000
       1925.000 ns	       191	800001d8	67340413	addi	x8,x8,1651	  x8:0x00000000  x8=0xf7c50673
       1935.000 ns	       192	800001dc	00700493	addi	x9,x0,7	  x0:0x00000000  x9=0x00000007
       1945.000 ns	       193	800001e0	80000537	lui	x10,0x80000	 x10=0x80000000
       1955.000 ns	       194	800001e4	800005b7	lui	x11,0x80000	 x11=0x80000000
       1965.000 ns	       195	800001e8	00000693	addi	x13,x0,0	  x0:0x00000000 x13=0x00000000
       1975.000 ns	       196	800001ec	00000713	addi	x14,x0,0	  x0:0x00000000 x14=0x00000000
       1985.000 ns	       197	800001f0	f46677b7	lui	x15,0xf4667	 x15=0xf4667000
       1995.000 ns	       198	800001f4	71678793	addi	x15,x15,1814	 x15:0x00000000 x15=0xf4667716
       2005.000 ns	       199	800001f8	80000837	lui	x16,0x80000	 x16=0x80000000
       2015.000 ns	       200	800001fc	871ac8b7	lui	x17,0x871ac	 x17=0x871ac000
       2025.000 ns	       201	80000200	1be88893	addi	x17,x17,446	 x17:0x00000000 x17=0x871ac1be
       2035.000 ns	       202	80000204	80000937	lui	x18,0x80000	 x18=0x80000000
       2045.000 ns	       203	80000208	00000993	addi	x19,x0,0	  x0:0x00000000 x19=0x00000000
       2055.000 ns	       204	8000020c	00800a13	addi	x20,x0,8	  x0:0x00000000 x20=0x00000008
       2065.000 ns	       205	80000210	f87c2ab7	lui	x21,0xf87c2	 x21=0xf87c2000
       2075.000 ns	       206	80000214	999a8a93	addi	x21,x21,-1639	 x21:0x00000000 x21=0xf87c1999
       2085.000 ns	       207	80000218	00000b13	addi	x22,x0,0	  x0:0x00000000 x22=0x00000000
       2095.000 ns	       208	8000021c	f8039bb7	lui	x23,0xf8039	 x23=0xf8039000
       2105.000 ns	       209	80000220	f0bb8b93	addi	x23,x23,-245	 x23:0x00000000 x23=0xf8038f0b
       2115.000 ns	       210	80000224	fdb80c37	lui	x24,0xfdb80	 x24=0xfdb80000
       2125.000 ns	       211	80000228	3b4c0c13	addi	x24,x24,948	 x24:0x00000000 x24=0xfdb803b4
       2135.000 ns	       212	8000022c	c5f02cb7	lui	x25,0xc5f02	 x25=0xc5f02000
       2145.000 ns	       213	80000230	67dc8c93	addi	x25,x25,1661	 x25:0x00000000 x25=0xc5f0267d
       2155.000 ns	       214	80000234	00f00d13	addi	x26,x0,15	  x0:0x00000000 x26=0x0000000f
       2165.000 ns	       215	80000238	eb8fedb7	lui	x27,0xeb8fe	 x27=0xeb8fe000
       2175.000 ns	       216	8000023c	3c9d8d93	addi	x27,x27,969	 x27:0x00000000 x27=0xeb8fe3c9
       2185.000 ns	       217	80000240	bcf6de37	lui	x28,0xbcf6d	 x28=0xbcf6d000
       2195.000 ns	       218	80000244	1dce0e13	addi	x28,x28,476	 x28:0x00000000 x28=0xbcf6d1dc
       2205.000 ns	       219	80000248	00000f13	addi	x30,x0,0	  x0:0x00000000 x30=0x00000000
       2215.000 ns	       220	8000024c	00500f93	addi	x31,x0,5	  x0:0x00000000 x31=0x00000005
       2225.000 ns	       221	80000250	00041617	auipc	x12,0x41	 x12=0x80041250
       2235.000 ns	       222	80000254	d9460613	addi	x12,x12,-620	 x12:0x00000000 x12=0x80040fe4
       2245.000 ns	       223	80000258	2b48d2b7	lui	x5,0x2b48d	  x5=0x2b48d000
       2265.000 ns	       225	8000025c	a06b9f53	flt.s	x30,f23,f6	 f23:0xff800000  f6:0xff800000 x30=0x00000000
       2285.000 ns	       227	80000260	007a87b3	add	x15,x21,x7	 x21:0xf87c1999  x7:0x00000004 x15=0xf87c199d
       2325.000 ns	       231	80000264	09d07953	fsub.s	f18,f0,f29	  f0:0x7f800001 f29:0x032c36f3 f18=0x7fc00000
       2345.000 ns	       233	80000268	00069b33	sll	x22,x13,x0	 x13:0x00000000  x0:0x00000000 x22=0x00000000
       2365.000 ns	       235	8000026c	28e80153	fmin.s	f2,f16,f14	 f16:0xff800000 f14:0x0032dfac  f2=0xff800000
       2735.000 ns	       272	80000270	02a4e9b3	rem	x19,x9,x10	  x9:0x00000007 x10:0x80000000 x19=0x00000007
       2755.000 ns	       274	80000274	409dd433	sra	x8,x27,x9	 x27:0xeb8fe3c9  x9:0x00000007  x8=0xffd71fc7
       2785.000 ns	       277	80000278	58057fd3	fsqrt.s	f31,f10	 f10:0x00000000 f31=0x00000000
       2815.000 ns	       280	8000027c	d0007753	fcvt.s.w	f14,x0	  x0:0x00000000 f14=0x00000000
       2835.000 ns	       282	80000280	01c29413	slli	x8,x5,0x1c	  x5:0x2b48d000  x8=0x00000000
       2845.000 ns	       283	80000284	c6bc2993	slti	x19,x24,-917	 x24:0xfdb803b4 x19=0x00000001
       2855.000 ns	       284	80000288	00095a93	srli	x21,x18,0x0	 x18:0x80000000 x21=0x80000000
       2865.000 ns	       285	8000028c	4c80b313	sltiu	x6,x1,1224	  x1:0xfe5123c1  x6=0x00000000
       2875.000 ns	       286	80000290	01d2e333	or	x6,x5,x29	  x5:0x2b48d000 x29:0x80041024  x6=0xab4cd024
       2895.000 ns	       288	80000294	200aacd3	fsgnjx.s	f25,f21,f0	 f21:0x80022553  f0:0x7f800001 f25=0x80022553
       2925.000 ns	       291	80000298	d01ff9d3	fcvt.s.wu	f19,x31	 x31:0x00000005 f19=0x40a00000
       2955.000 ns	       294	8000029c	c00f88d3	fcvt.w.s	x17,f31	 f31:0x00000000 x17=0x00000000
       2985.000 ns	       297	800002a0	02374fb3	div	x31,x14,x3	 x14:0x00000000  x3:0x00000000 x31=0xffffffff
       3005.000 ns	       299	800002a4	019ce433	or	x8,x25,x25	 x25:0xc5f0267d x25:0xc5f0267d  x8=0xc5f0267d
       3015.000 ns	       300	800002a8	0139b833	sltu	x16,x19,x19	 x19:0x00000001 x19:0x00000001 x16=0x00000000
       3035.000 ns	       302	800002ac	030ce233	rem	x4,x25,x16	 x25:0xc5f0267d x16:0x80000000  x4=0xc5f0267d
       3055.000 ns	       304	800002b0	f1c59337	lui	x6,0xf1c59	  x6=0xf1c59000
       3085.000 ns	       307	800002b4	1862fed3	fdiv.s	f29,f5,f6	  f5:0x00000000  f6:0xff800000 f29=0x80000000
       3125.000 ns	       311	800002b8	111a2e53	fmul.s	f28,f20,f17	 f20:0x7473c39e f17:0x7f800000 f28=0x7f800000
       3145.000 ns	       313	800002bc	bfc04037	lui	x0,0xbfc04	
       3165.000 ns	       315	800002c0	a1e69e53	flt.s	x28,f13,f30	 f13:0x80122e7a f30:0x7fc00000 x28=0x00000000
       3195.000 ns	       318	800002c4	035f91b3	mulh	x3,x31,x21	 x31:0xffffffff x21:0x80000000  x3=0x00000000
       3215.000 ns	       320	800002c8	97cebb93	sltiu	x23,x29,-1668	 x29:0x80041024 x23=0x00000001
       3225.000 ns	       321	800002cc	00224533	xor	x10,x4,x2	  x4:0xc5f0267d  x2:0xed14be56 x10=0x28e4982b
       3245.000 ns	       323	800002d0	e0059053	fclass.s	x0,f11	 f11:0x7f7fffff
       3265.000 ns	       325	800002d4	00000013	addi	x0,x0,0	  x0:0x00000000
       3295.000 ns	       328	800002d8	11b27b53	fmul.s	f22,f4,f27	  f4:0x00000000 f27:0x80000000 f22=0x80000000
       3325.000 ns	       331	800002dc	e0021bd3	fclass.s	x23,f4	  f4:0x00000000 x23=0x00000010
       3355.000 ns	       334	800002e0	f00c82d3	fmv.w.x	f5,x25	 x25:0xc5f0267d  f5=0xc5f0267d
       3385.000 ns	       337	800002e4	28320153	fmin.s	f2,f4,f3	  f4:0x00000000  f3:0x7f7fffff  f2=0x00000000
       3415.000 ns	       340	800002e8	d01f7953	fcvt.s.wu	f18,x30	 x30:0x00000000 f18=0x00000000
       3435.000 ns	       342	800002ec	00d35713	srli	x14,x6,0xd	  x6:0xf1c59000 x14=0x00078e2c
       3455.000 ns	       344	800002f0	e0099353	fclass.s	x6,f19	 f19:0x40a00000  x6=0x00000040
       3485.000 ns	       347	800002f4	0303f033	remu	x0,x7,x16	  x7:0x00000004 x16:0x00000000
       3515.000 ns	       350	800002f8	d0187a53	fcvt.s.wu	f20,x16	 x16:0x00000000 f20=0x00000000
       3885.000 ns	       387	800002fc	03bceb33	rem	x22,x25,x27	 x25:0xc5f0267d x27:0xeb8fe3c9 x22=0xeed05eeb
       4255.000 ns	       424	80000300	02a4e233	rem	x4,x9,x10	  x9:0x00000007 x10:0x28e4982b  x4=0x00000007
       4285.000 ns	       427	80000304	038611b3	mulh	x3,x12,x24	 x12:0x80040fe4 x24:0xfdb803b4  x3=0x0123f4e1
       4315.000 ns	       430	80000308	f00b06d3	fmv.w.x	f13,x22	 x22:0xeed05eeb f13=0xeed05eeb
       4335.000 ns	       432	8000030c	6801c913	xori	x18,x3,1664	  x3:0x0123f4e1 x18=0x0123f261
       4345.000 ns	       433	80000310	9c556293	ori	x5,x10,-1595	 x10:0x28e4982b  x5=0xfffff9ef
       4355.000 ns	       434	80000314	01ff51b3	srl	x3,x30,x31	 x30:0x00000000 x31:0xffffffff  x3=0x00000000
       4365.000 ns	       435	80000318	009cfcb3	and	x25,x25,x9	 x25:0xc5f0267d  x9:0x00000007 x25=0x00000005
       4375.000 ns	       436	8000031c	0a057d97	auipc	x27,0xa057	 x27=0x8a05731c
       4385.000 ns	       437	80000320	018556b3	srl	x13,x10,x24	 x10:0x28e4982b x24:0xfdb803b4 x13=0x0000028e
       4395.000 ns	       438	80000324	0ec53d13	sltiu	x26,x10,236	 x10:0x28e4982b x26=0x00000000
       4405.000 ns	       439	80000328	00000013	addi	x0,x0,0	  x0:0x00000000
       4425.000 ns	       441	8000032c	288305d3	fmin.s	f11,f6,f8	  f6:0xff800000  f8:0x7f7fffff f11=0xff800000
       4445.000 ns	       443	80000330	061fda37	lui	x20,0x61fd	 x20=0x061fd000
       4455.000 ns	       444	80000334	000ee2b3	or	x5,x29,x0	 x29:0x80041024  x0:0x00000000  x5=0x80041024
       4465.000 ns	       445	80000338	00731793	slli	x15,x6,0x7	  x6:0x00000040 x15=0x00002000
       4825.000 ns	       481	8000033c	02cd6033	rem	x0,x26,x12	 x26:0x00000000 x12:0x80040fe4
       4845.000 ns	       483	80000340	77996b13	ori	x22,x18,1913	 x18:0x0123f261 x22=0x0123f779
       4865.000 ns	       485	80000344	a18b87d3	fle.s	x15,f23,f24	 f23:0xff800000 f24:0xff800000 x15=0x00000001
       4895.000 ns	       488	80000348	e0029453	fclass.s	x8,f5	  f5:0xc5f0267d  x8=0x00000002
       4925.000 ns	       491	8000034c	e0061f53	fclass.s	x30,f12	 f12:0x51e62ac8 x30=0x00000040
       4945.000 ns	       493	80000350	0138f4b3	and	x9,x17,x19	 x17:0x00000000 x19:0x00000001  x9=0x00000000
       4955.000 ns	       494	80000354	41f75093	srai	x1,x14,0x1f	 x14:0x00078e2c  x1=0x00000000
       4975.000 ns	       496	80000358	02fe8233	mul	x4,x29,x15	 x29:0x80041024 x15:0x00000001  x4=0x80041024
       5025.000 ns	       501	8000035c	01d17953	fadd.s	f18,f2,f29	  f2:0x00000000 f29:0x80000000 f18=0x80000000
       5075.000 ns	       506	80000360	099770d3	fsub.s	f1,f14,f25	 f14:0x00000000 f25:0x80022553  f1=0x00022553
       5095.000 ns	       508	80000364	01e60833	add	x16,x12,x30	 x12:0x80040fe4 x30:0x00000040 x16=0x80041024
       5105.000 ns	       509	80000368	c8926913	ori	x18,x4,-887	  x4:0x80041024 x18=0xfffffcad
       5125.000 ns	       511	8000036c	c0063553	fcvt.w.s	x10,f12	 f12:0x51e62ac8 x10=0x7fffffff
       5155.000 ns	       514	80000370	d00a7e53	fcvt.s.w	f28,x20	 x20:0x061fd000 f28=0x4cc3fa00
       5185.000 ns	       517	80000374	20cfafd3	fsgnjx.s	f31,f31,f12	 f31:0x00000000 f12:0x51e62ac8 f31=0x00000000
       5205.000 ns	       519	80000378	005ea0b3	slt	x1,x29,x5	 x29:0x80041024  x5:0x80041024  x1=0x00000000
       5215.000 ns	       520	8000037c	7e6ba593	slti	x11,x23,2022	 x23:0x00000010 x11=0x00000001
       5225.000 ns	       521	80000380	3c5c5c17	auipc	x24,0x3c5c5	 x24=0xbc5c5380
       5235.000 ns	       522	80000384	413e8233	sub	x4,x29,x19	 x29:0x80041024 x19:0x00000001  x4=0x80041023
       5245.000 ns	       523	80000388	00369a93	slli	x21,x13,0x3	 x13:0x0000028e x21=0x00001470
       5265.000 ns	       525	8000038c	a1072c53	feq.s	x24,f14,f16	 f14:0x00000000 f16:0xff800000 x24=0x00000000
       5285.000 ns	       527	80000390	06197413	andi	x8,x18,97	 x18:0xfffffcad  x8=0x00000021
       5305.000 ns	       529	80000394	e00e02d3	fmv.x.w	x5,f28	 f28:0x4cc3fa00  x5=0x4cc3fa00
       5325.000 ns	       531	80000398	005d5293	srli	x5,x26,0x5	 x26:0x00000000  x5=0x00000000
       5345.000 ns	       533	8000039c	a0230d53	fle.s	x26,f6,f2	  f6:0xff800000  f2:0x00000000 x26=0x00000001
       5375.000 ns	       536	800003a0	c0060f53	fcvt.w.s	x30,f12	 f12:0x51e62ac8 x30=0x7fffffff
       5395.000 ns	       538	800003a4	01643a33	sltu	x20,x8,x22	  x8:0x00000021 x22:0x0123f779 x20=0x00000001
       5415.000 ns	       540	800003a8	d01d7d53	fcvt.s.wu	f26,x26	 x26:0x00000001 f26=0x3f800000
       5445.000 ns	       543	800003ac	f0080353	fmv.w.x	f6,x16	 x16:0x80041024  f6=0x80041024
       5485.000 ns	       547	800003b0	111718d3	fmul.s	f17,f14,f17	 f14:0x00000000 f17:0x7f800000 f17=0x7fc00000
       5515.000 ns	       550	800003b4	e00484d3	fmv.x.w	x9,f9	  f9:0x7f800001  x9=0x7f800001
       5555.000 ns	       554	800003b8	1083f853	fmul.s	f16,f7,f8	  f7:0x7fc00000  f8:0x7f7fffff f16=0x7fc00000
       5585.000 ns	       557	800003bc	d0018bd3	fcvt.s.w	f23,x3	  x3:0x00000000 f23=0x00000000
       5605.000 ns	       559	800003c0	405a5c13	srai	x24,x20,0x5	 x20:0x00000001 x24=0x00000000
       5625.000 ns	       561	800003c4	a08cad53	feq.s	x26,f25,f8	 f25:0x80022553  f8:0x7f7fffff x26=0x00000000
       5645.000 ns	       563	800003c8	bb1d3213	sltiu	x4,x26,-1103	 x26:0x00000001  x4=0x00000001
       5685.000 ns	       567	800003cc	0150fb53	fadd.s	f22,f1,f21	  f1:0x00022553 f21:0x80022553 f22=0x80000000
       5735.000 ns	       572	800003d0	01a34153	fadd.s	f2,f6,f26	  f6:0x80041024 f26:0x3f800000  f2=0x3f800000
       5755.000 ns	       574	800003d4	01e09d33	sll	x26,x1,x30	  x1:0x00000000 x30:0x7fffffff x26=0x00000000
       5765.000 ns	       575	800003d8	01b328b3	slt	x17,x6,x27	  x6:0x00000040 x27:0x8a05731c x17=0x00000000
       6125.000 ns	       611	800003dc	02a373b3	remu	x7,x6,x10	  x6:0x00000040 x10:0x7fffffff  x7=0x00000040
       6495.000 ns	       648	800003e0	035c6b33	rem	x22,x24,x21	 x24:0x00000000 x21:0x00001470 x22=0x00000000
       6515.000 ns	       650	800003e4	406585b3	sub	x11,x11,x6	 x11:0x00000001  x6:0x00000040 x11=0xffffffc1
       6525.000 ns	       651	800003e8	afcf6d93	ori	x27,x30,-1284	 x30:0x7fffffff x27=0xffffffff
       6545.000 ns	       653	800003ec	21cc86d3	fsgnj.s	f13,f25,f28	 f25:0x80022553 f28:0x4cc3fa00 f13=0x00022553
       6585.000 ns	       657	800003f0	10439dd3	fmul.s	f27,f7,f4	  f7:0x7fc00000  f4:0x00000000 f27=0x7fc00000
       6605.000 ns	       659	800003f4	41d588b3	sub	x17,x11,x29	 x11:0xffffffc1 x29:0x80041024 x17=0x7ffbef9d
       6625.000 ns	       661	800003f8	297d8c53	fmin.s	f24,f27,f23	 f27:0x7fc00000 f23:0x00000000 f24=0x00000000
       6645.000 ns	       663	800003fc	dc4a2a93	slti	x21,x20,-572	 x20:0x00000001 x21=0x00000000
       6675.000 ns	       666	80000400	58057dd3	fsqrt.s	f27,f10	 f10:0x00000000 f27=0x00000000
       7045.000 ns	       703	80000404	02704cb3	div	x25,x0,x7	  x0:0x00000000  x7:0x00000040 x25=0x00000000
       7065.000 ns	       705	80000408	dc4fd817	auipc	x16,0xdc4fd	 x16=0x5c4fd408
       7075.000 ns	       706	8000040c	01982533	slt	x10,x16,x25	 x16:0x80041024 x25:0x00000000 x10=0x00000000
       7085.000 ns	       707	80000410	00229333	sll	x6,x5,x2	  x5:0x00000000  x2:0xed14be56  x6=0x00000000
       7105.000 ns	       709	80000414	29c89253	fmax.s	f4,f17,f28	 f17:0x7fc00000 f28:0x4cc3fa00  f4=0x4cc3fa00
       7125.000 ns	       711	80000418	004fd433	srl	x8,x31,x4	 x31:0xffffffff  x4:0x00000001  x8=0x7fffffff
       7135.000 ns	       712	8000041c	00b26533	or	x10,x4,x11	  x4:0x00000001 x11:0xffffffc1 x10=0xffffffc1
       7155.000 ns	       714	80000420	e00e0e53	fmv.x.w	x28,f28	 f28:0x4cc3fa00 x28=0x4cc3fa00
       7185.000 ns	       717	80000424	03181433	mulh	x8,x16,x17	 x16:0x5c4fd408 x17:0x7ffbef9d  x8=0x2e2672db
       7235.000 ns	       722	80000428	09004a53	fsub.s	f20,f0,f16	  f0:0x7f800001 f16:0x7fc00000 f20=0x7fc00000
       7265.000 ns	       725	8000042c	02fd1a33	mulh	x20,x26,x15	 x26:0x00000000 x15:0x00000001 x20=0x00000000
       7285.000 ns	       727	80000430	008d08b3	add	x17,x26,x8	 x26:0x00000000  x8:0x2e2672db x17=0x2e2672db
       7295.000 ns	       728	80000434	51490713	addi	x14,x18,1300	 x18:0xfffffcad x14=0x000001c1
       7655.000 ns	       764	80000438	02cb5bb3	divu	x23,x22,x12	 x22:0x00000000 x12:0x80040fe4 x23=0x00000000
       7685.000 ns	       767	8000043c	a0e197d3	flt.s	x15,f3,f14	  f3:0x7f7fffff f14:0x00000000 x15=0x00000000
       7705.000 ns	       769	80000440	b998c993	xori	x19,x17,-1127	 x17:0x2e2672db x19=0xd1d98942
       7715.000 ns	       770	80000444	3c4b4d93	xori	x27,x22,964	 x22:0x00000000 x27=0x000003c4
       7755.000 ns	       774	80000448	015affd3	fadd.s	f31,f21,f21	 f21:0x80022553 f21:0x80022553 f31=0x80044aa6
       7785.000 ns	       777	8000044c	d0077653	fcvt.s.w	f12,x14	 x14:0x000001c1 f12=0x43e08000
       7815.000 ns	       780	80000450	a13904d3	fle.s	x9,f18,f19	 f18:0x80000000 f19:0x40a00000  x9=0x00000001
       7845.000 ns	       783	80000454	036ada33	divu	x20,x21,x22	 x21:0x00000000 x22:0x00000000 x20=0xffffffff
       7865.000 ns	       785	80000458	01b189b3	add	x19,x3,x27	  x3:0x00000000 x27:0x000003c4 x19=0x000003c4
       7875.000 ns	       786	8000045c	2f8acc93	xori	x25,x21,760	 x21:0x00000000 x25=0x000002f8
       7915.000 ns	       790	80000460	01903753	fadd.s	f14,f0,f25	  f0:0x7f800001 f25:0x80022553 f14=0x7fc00000
       7935.000 ns	       792	80000464	411c5f93	srai	x31,x24,0x11	 x24:0x00000000 x31=0x00000000
       7955.000 ns	       794	80000468	a19f0053	fle.s	x0,f30,f25	 f30:0x7fc00000 f25:0x80022553
       7985.000 ns	       797	8000046c	d010fc53	fcvt.s.wu	f24,x1	  x1:0x00000000 f24=0x00000000
       8005.000 ns	       799	80000470	facb8b13	addi	x22,x23,-84	 x23:0x00000000 x22=0xffffffac
       8015.000 ns	       800	80000474	01641f13	slli	x30,x8,0x16	  x8:0x2e2672db x30=0xb6c00000
       8025.000 ns	       801	80000478	e15bca93	xori	x21,x23,-491	 x23:0x00000000 x21=0xfffffe15
       8035.000 ns	       802	8000047c	01809433	sll	x8,x1,x24	  x1:0x00000000 x24:0x00000000  x8=0x00000000
       8045.000 ns	       803	80000480	01114333	xor	x6,x2,x17	  x2:0xed14be56 x17:0x2e2672db  x6=0xc332cc8d
       8055.000 ns	       804	80000484	01242e33	slt	x28,x8,x18	  x8:0x2e2672db x18:0xfffffcad x28=0x00000000
       8075.000 ns	       806	80000488	f0010ed3	fmv.w.x	f29,x2	  x2:0xed14be56 f29=0xed14be56
       8105.000 ns	       809	8000048c	a16818d3	flt.s	x17,f16,f22	 f16:0x7fc00000 f22:0x80000000 x17=0x00000000
       8125.000 ns	       811	80000490	a4a0e813	ori	x16,x1,-1462	  x1:0x00000000 x16=0xfffffa4a
       8145.000 ns	       813	80000494	d013f853	fcvt.s.wu	f16,x7	  x7:0x00000040 f16=0x42800000
       8515.000 ns	       850	80000498	0267f1b3	remu	x3,x15,x6	 x15:0x00000000  x6:0xc332cc8d  x3=0x00000000
       8535.000 ns	       852	8000049c	003c44b3	xor	x9,x24,x3	 x24:0x00000000  x3:0x00000000  x9=0x00000000
       8545.000 ns	       853	800004a0	3feba593	slti	x11,x23,1022	 x23:0x00000000 x11=0x00000001
       8565.000 ns	       855	800004a4	c00717d3	fcvt.w.s	x15,f14	 f14:0x7fc00000 x15=0x7fffffff
       8935.000 ns	       892	800004a8	0395c433	div	x8,x11,x25	 x11:0xffffffc1 x25:0x000002f8  x8=0x00000000
       8965.000 ns	       895	800004ac	20b924d3	fsgnjx.s	f9,f18,f11	 f18:0x80000000 f11:0xff800000  f9=0x00000000
       8985.000 ns	       897	800004b0	d84a8593	addi	x11,x21,-636	 x21:0xfffffe15 x11=0xfffffb99
       9025.000 ns	       901	800004b4	00df4f53	fadd.s	f30,f30,f13	 f30:0x7fc00000 f13:0x00022553 f30=0x7fc00000
       9055.000 ns	       904	800004b8	03c17433	remu	x8,x2,x28	  x2:0xed14be56 x28:0x00000000  x8=0xed14be56
       9085.000 ns	       907	800004bc	031c7ab3	remu	x21,x24,x17	 x24:0x00000000 x17:0x00000000 x21=0x00000000
       9115.000 ns	       910	800004c0	a0d780d3	fle.s	x1,f15,f13	 f15:0x7f800000 f13:0x00022553  x1=0x00000000
       9135.000 ns	       912	800004c4	40865093	srai	x1,x12,0x8	 x12:0x80040fe4  x1=0xff80040f
       9155.000 ns	       914	800004c8	d00972d3	fcvt.s.w	f5,x18	 x18:0xfffffcad  f5=0xc454c000
       9175.000 ns	       916	800004cc	017e6ab3	or	x21,x28,x23	 x28:0x00000000 x23:0x00000000 x21=0x00000000
       9195.000 ns	       918	800004d0	02905db3	divu	x27,x0,x9	  x0:0x00000000  x9:0x00000000 x27=0xffffffff
       9225.000 ns	       921	800004d4	d0043653	fcvt.s.w	f12,x8	  x8:0xed14be56 f12=0xcd975a0e
       9595.000 ns	       958	800004d8	03b95b33	divu	x22,x18,x27	 x18:0xfffffcad x27:0xffffffff x22=0x00000000
       9625.000 ns	       961	800004dc	028685b3	mul	x11,x13,x8	 x13:0x0000028e  x8:0xed14be56 x11=0xaafe3fb4
       9665.000 ns	       965	800004e0	10632453	fmul.s	f8,f6,f6	  f6:0x80041024  f6:0x80041024  f8=0x00000000
       9685.000 ns	       967	800004e4	01c0da93	srli	x21,x1,0x1c	  x1:0xff80040f x21=0x0000000f
       9695.000 ns	       968	800004e8	41890fb3	sub	x31,x18,x24	 x18:0xfffffcad x24:0x00000000 x31=0xfffffcad
       9715.000 ns	       970	800004ec	a1160b53	fle.s	x22,f12,f17	 f12:0xcd975a0e f17:0x7fc00000 x22=0x00000000
       9745.000 ns	       973	800004f0	03ea2d33	mulhsu	x26,x20,x30	 x20:0xffffffff x30:0xb6c00000 x26=0xffffffff
      10115.000 ns	      1010	800004f4	02d75f33	divu	x30,x14,x13	 x14:0x000001c1 x13:0x0000028e x30=0x00000000
      10145.000 ns	      1013	800004f8	a17d2053	feq.s	x0,f26,f23	 f26:0x3f800000 f23:0x00000000
      10175.000 ns	      1016	800004fc	206f2453	fsgnjx.s	f8,f30,f6	 f30:0x7fc00000  f6:0x80041024  f8=0xffc00000
      10195.000 ns	      1018	80000500	d09a7c13	andi	x24,x20,-759	 x20:0xffffffff x24=0xfffffd09
      10205.000 ns	      1019	80000504	3f01e413	ori	x8,x3,1008	  x3:0x00000000  x8=0x000003f0
      10565.000 ns	      1055	80000508	03d7e533	rem	x10,x15,x29	 x15:0x7fffffff x29:0x80041024 x10=0x00041023
      10585.000 ns	      1057	8000050c	00549993	slli	x19,x9,0x5	  x9:0x00000000 x19=0x00000000
      10605.000 ns	      1059	80000510	a0ef0dd3	fle.s	x27,f30,f14	 f30:0x7fc00000 f14:0x7fc00000 x27=0x00000000
      10625.000 ns	      1061	80000514	16690b13	addi	x22,x18,358	 x18:0xfffffcad x22=0xfffffe13
      10645.000 ns	      1063	80000518	21942f53	fsgnjx.s	f30,f8,f25	  f8:0xffc00000 f25:0x80022553 f30=0x7fc00000
      10675.000 ns	      1066	8000051c	d001bc53	fcvt.s.w	f24,x3	  x3:0x00000000 f24=0x00000000
      10705.000 ns	      1069	80000520	02cf9bb3	mulh	x23,x31,x12	 x31:0xfffffcad x12:0x80040fe4 x23=0x000001a9
      10725.000 ns	      1071	80000524	304e1697	auipc	x13,0x304e1	 x13=0xb04e1524
      10735.000 ns	      1072	80000528	41775d13	srai	x26,x14,0x17	 x14:0x000001c1 x26=0x00000000
      10755.000 ns	      1074	8000052c	a13f2dd3	feq.s	x27,f30,f19	 f30:0x7fc00000 f19:0x40a00000 x27=0x00000000
      10775.000 ns	      1076	80000530	d7d3e013	ori	x0,x7,-643	  x7:0x00000040
      10785.000 ns	      1077	80000534	00b24e33	xor	x28,x4,x11	  x4:0x00000001 x11:0xaafe3fb4 x28=0xaafe3fb5
      10805.000 ns	      1079	80000538	a1261353	flt.s	x6,f12,f18	 f12:0xcd975a0e f18:0x80000000  x6=0x00000001
      10825.000 ns	      1081	8000053c	c77a6313	ori	x6,x20,-905	 x20:0xffffffff  x6=0xffffffff
      10845.000 ns	      1083	80000540	a0359753	flt.s	x14,f11,f3	 f11:0xff800000  f3:0x7f7fffff x14=0x00000001
      10865.000 ns	      1085	80000544	6d9e2d13	slti	x26,x28,1753	 x28:0xaafe3fb5 x26=0x00000001
      10875.000 ns	      1086	80000548	affcb013	sltiu	x0,x25,-1281	 x25:0x000002f8
      10885.000 ns	      1087	8000054c	ebd9ae13	slti	x28,x19,-323	 x19:0x00000000 x28=0x00000000
      10905.000 ns	      1089	80000550	d00d32d3	fcvt.s.w	f5,x26	 x26:0x00000001  f5=0x3f800000
      10925.000 ns	      1091	80000554	00da0033	add	x0,x20,x13	 x20:0xffffffff x13:0xb04e1524
      10935.000 ns	      1092	80000558	01ce1013	slli	x0,x28,0x1c	 x28:0x00000000
      10955.000 ns	      1094	8000055c	d01dfdd3	fcvt.s.wu	f27,x27	 x27:0x00000000 f27=0x00000000
      10985.000 ns	      1097	80000560	0254ddb3	divu	x27,x9,x5	  x9:0x00000000  x5:0x00000000 x27=0xffffffff
      11005.000 ns	      1099	80000564	9b7127b7	lui	x15,0x9b712	 x15=0x9b712000
      11015.000 ns	      1100	80000568	05000093	addi	x1,x0,80	  x0:0x00000000  x1=0x00000050
      11055.000 ns	      1104	8000056c	0841ff53	fsub.s	f30,f3,f4	  f3:0x7f7fffff  f4:0x4cc3fa00 f30=0x7f7fffff
      11075.000 ns	      1106	80000570	00214b33	xor	x22,x2,x2	  x2:0xed14be56  x2:0xed14be56 x22=0x00000000
      11095.000 ns	      1108	80000574	a0c69253	flt.s	x4,f13,f12	 f13:0x00022553 f12:0xcd975a0e  x4=0x00000000
      11145.000 ns	      1113	80000578	00cef7d3	fadd.s	f15,f29,f12	 f29:0xed14be56 f12:0xcd975a0e f15=0xed14be56
      11165.000 ns	      1115	8000057c	60e629b7	lui	x19,0x60e62	 x19=0x60e62000
      11185.000 ns	      1117	80000580	e00a9353	fclass.s	x6,f21	 f21:0x80022553  x6=0x00000004
      11555.000 ns	      1154	80000584	02c65d33	divu	x26,x12,x12	 x12:0x80040fe4 x12:0x80040fe4 x26=0x00000001
      11575.000 ns	      1156	80000588	00dbd1b3	srl	x3,x23,x13	 x23:0x000001a9 x13:0xb04e1524  x3=0x0000001a
      11585.000 ns	      1157	8000058c	41f95293	srai	x5,x18,0x1f	 x18:0xfffffcad  x5=0xffffffff
      11625.000 ns	      1161	80000590	015cbad3	fadd.s	f21,f25,f21	 f25:0x80022553 f21:0x80022553 f21=0x80044aa6
      11655.000 ns	      1164	80000594	0248dc33	divu	x24,x17,x4	 x17:0x00000000  x4:0x00000000 x24=0xffffffff
      11675.000 ns	      1166	80000598	8e974213	xori	x4,x14,-1815	 x14:0x00000001  x4=0xfffff8e8
      11685.000 ns	      1167	8000059c	004dcfb3	xor	x31,x27,x4	 x27:0xffffffff  x4:0x00000000 x31=0x00000717
      11705.000 ns	      1169	800005a0	c003f953	fcvt.w.s	x18,f7	  f7:0x7fc00000 x18=0x7fffffff
      11725.000 ns	      1171	800005a4	be7a7693	andi	x13,x20,-1049	 x20:0xffffffff x13=0xfffffbe7
      11755.000 ns	      1174	800005a8	58074153	fsqrt.s	f2,f14	 f14:0x7fc00000  f2=0x7fc00000
      12125.000 ns	      1211	800005ac	02187fb3	remu	x31,x16,x1	 x16:0xfffffa4a  x1:0x00000050 x31=0x0000004a
      12145.000 ns	      1213	800005b0	00502033	slt	x0,x0,x5	  x0:0x00000000  x5:0xffffffff
      12165.000 ns	      1215	800005b4	e00c1353	fclass.s	x6,f24	 f24:0x00000000  x6=0x00000010
      12185.000 ns	      1217	800005b8	8f99f913	andi	x18,x19,-1799	 x19:0x60e62000 x18=0x60e62000
      12545.000 ns	      1253	800005bc	02a25233	divu	x4,x4,x10	  x4:0xfffff8e8 x10:0x00041023  x4=0x00003f01
      12565.000 ns	      1255	800005c0	aa65ab97	auipc	x23,0xaa65a	 x23=0x2a65a5c0
      12575.000 ns	      1256	800005c4	00000013	addi	x0,x0,0	  x0:0x00000000
      12935.000 ns	      1292	800005c8	03b9c9b3	div	x19,x19,x27	 x19:0x60e62000 x27:0xffffffff x19=0x9f19e000
      12955.000 ns	      1294	800005cc	012ea6b3	slt	x13,x29,x18	 x29:0x80041024 x18:0x60e62000 x13=0x00000001
      12975.000 ns	      1296	800005d0	03e58533	mul	x10,x11,x30	 x11:0xaafe3fb4 x30:0x00000000 x10=0x00000000
      12995.000 ns	      1298	800005d4	00000013	addi	x0,x0,0	  x0:0x00000000
      13015.000 ns	      1300	800005d8	02cc0bb3	mul	x23,x24,x12	 x24:0xffffffff x12:0x80040fe4 x23=0x7ffbf01c
      13035.000 ns	      1302	800005dc	01889593	slli	x11,x17,0x18	 x17:0x00000000 x11=0x00000000
      13055.000 ns	      1304	800005e0	0380a033	mulhsu	x0,x1,x24	  x1:0x00000050 x24:0xffffffff
      13075.000 ns	      1306	800005e4	20617e13	andi	x28,x2,518	  x2:0xed14be56 x28=0x00000206
      13085.000 ns	      1307	800005e8	00ca5d13	srli	x26,x20,0xc	 x20:0xffffffff x26=0x000fffff
      13445.000 ns	      1343	800005ec	0228de33	divu	x28,x17,x2	 x17:0x00000000  x2:0xed14be56 x28=0x00000000
      13465.000 ns	      1345	800005f0	4d8b7013	andi	x0,x22,1240	 x22:0x00000000
      13485.000 ns	      1347	800005f4	a0c11753	flt.s	x14,f2,f12	  f2:0x7fc00000 f12:0xcd975a0e x14=0x00000000
      13505.000 ns	      1349	800005f8	000bf893	andi	x17,x23,0	 x23:0x7ffbf01c x17=0x00000000
      13515.000 ns	      1350	800005fc	ae193c93	sltiu	x25,x18,-1311	 x18:0x60e62000 x25=0x00000001
      13535.000 ns	      1352	80000600	c00e71d3	fcvt.w.s	x3,f28	 f28:0x4cc3fa00  x3=0x061fd000
      13565.000 ns	      1355	80000604	2077ae53	fsgnjx.s	f28,f15,f7	 f15:0xed14be56  f7:0x7fc00000 f28=0xed14be56
      13605.000 ns	      1359	80000608	18081353	fdiv.s	f6,f16,f0	 f16:0x42800000  f0:0x7f800001  f6=0x7fc00000
      13625.000 ns	      1361	8000060c	7511a313	slti	x6,x3,1873	  x3:0x061fd000  x6=0x00000000
      13635.000 ns	      1362	80000610	01244fb3	xor	x31,x8,x18	  x8:0x000003f0 x18:0x60e62000 x31=0x60e623f0
      13665.000 ns	      1365	80000614	18a72bd3	fdiv.s	f23,f14,f10	 f14:0x7fc00000 f10:0x00000000 f23=0x7fc00000
      13685.000 ns	      1367	80000618	d4e02817	auipc	x16,0xd4e02	 x16=0x54e02618
      13705.000 ns	      1369	8000061c	039e2333	mulhsu	x6,x28,x25	 x28:0x00000000 x25:0x00000001  x6=0x00000000
      13735.000 ns	      1372	80000620	21cd1253	fsgnjn.s	f4,f26,f28	 f26:0x3f800000 f28:0xed14be56  f4=0x3f800000
      13755.000 ns	      1374	80000624	0081b0b3	sltu	x1,x3,x8	  x3:0x061fd000  x8:0x000003f0  x1=0x00000000
      13775.000 ns	      1376	80000628	03928a33	mul	x20,x5,x25	  x5:0xffffffff x25:0x00000001 x20=0xffffffff
      13805.000 ns	      1379	8000062c	f0040dd3	fmv.w.x	f27,x8	  x8:0x000003f0 f27=0x000003f0
      13835.000 ns	      1382	80000630	20c300d3	fsgnj.s	f1,f6,f12	  f6:0x7fc00000 f12:0xcd975a0e  f1=0xffc00000
      13865.000 ns	      1385	80000634	036d9db3	mulh	x27,x27,x22	 x27:0xffffffff x22:0x00000000 x27=0x00000000
      13885.000 ns	      1387	80000638	40840233	sub	x4,x8,x8	  x8:0x000003f0  x8:0x000003f0  x4=0x00000000
      13895.000 ns	      1388	8000063c	acd76d13	ori	x26,x14,-1331	 x14:0x00000000 x26=0xfffffacd
      13905.000 ns	      1389	80000640	f73d9697	auipc	x13,0xf73d9	 x13=0x773d9640
      13925.000 ns	      1391	80000644	a1682d53	feq.s	x26,f16,f22	 f16:0x42800000 f22:0x80000000 x26=0x00000000
      13945.000 ns	      1393	80000648	003479b3	and	x19,x8,x3	  x8:0x000003f0  x3:0x061fd000 x19=0x00000000
      13955.000 ns	      1394	8000064c	af6f3813	sltiu	x16,x30,-1290	 x30:0x00000000 x16=0x00000001
      13965.000 ns	      1395	80000650	79a9bb93	sltiu	x23,x19,1946	 x19:0x9f19e000 x23=0x00000001
      14325.000 ns	      1431	80000654	035e4333	div	x6,x28,x21	 x28:0x00000000 x21:0x0000000f  x6=0x00000000
      14355.000 ns	      1434	80000658	e00a1453	fclass.s	x8,f20	 f20:0x7fc00000  x8=0x00000200
      14695.000 ns	      1468	8000065c	1999f753	fdiv.s	f14,f19,f25	 f19:0x40a00000 f25:0x80022553 f14=0xff61e1e4
      14735.000 ns	      1472	80000660	102d0ed3	fmul.s	f29,f26,f2	 f26:0x3f800000  f2:0x7fc00000 f29=0x7fc00000
      14755.000 ns	      1474	80000664	0f277393	andi	x7,x14,242	 x14:0x00000000  x7=0x00000000
      14765.000 ns	      1475	80000668	003d50b3	srl	x1,x26,x3	 x26:0x00000000  x3:0x061fd000  x1=0x00000000
      14775.000 ns	      1476	8000066c	d60d4a93	xori	x21,x26,-672	 x26:0x00000000 x21=0xfffffd60
      14785.000 ns	      1477	80000670	ebd4c313	xori	x6,x9,-323	  x9:0x00000000  x6=0xfffffebd
      14795.000 ns	      1478	80000674	415f0433	sub	x8,x30,x21	 x30:0x00000000 x21:0x0000000f  x8=0x000002a0
      14835.000 ns	      1482	80000678	094c22d3	fsub.s	f5,f24,f20	 f24:0x00000000 f20:0x7fc00000  f5=0x7fc00000
      14855.000 ns	      1484	8000067c	85b9df97	auipc	x31,0x85b9d	 x31=0x05b9d67c
      14895.000 ns	      1488	80000680	00001353	fadd.s	f6,f0,f0	  f0:0x7f800001  f0:0x7f800001  f6=0x7fc00000
      14915.000 ns	      1490	80000684	000c2a33	slt	x20,x24,x0	 x24:0xffffffff  x0:0x00000000 x20=0x00000001
      14935.000 ns	      1492	80000688	02a1e4b3	rem	x9,x3,x10	  x3:0x061fd000 x10:0x00000000  x9=0x061fd000
      14965.000 ns	      1495	8000068c	a0a88fd3	fle.s	x31,f17,f10	 f17:0x7fc00000 f10:0x00000000 x31=0x00000000
      14985.000 ns	      1497	80000690	01695933	srl	x18,x18,x22	 x18:0x60e62000 x22:0x00000000 x18=0x60e62000
      15005.000 ns	      1499	80000694	02ebfbb3	remu	x23,x23,x14	 x23:0x00000001 x14:0x00000000 x23=0x00000001
      15035.000 ns	      1502	80000698	28b91e53	fmax.s	f28,f18,f11	 f18:0x80000000 f11:0xff800000 f28=0x80000000
      15065.000 ns	      1505	8000069c	036b7f33	remu	x30,x22,x22	 x22:0x00000000 x22:0x00000000 x30=0x00000000
      15095.000 ns	      1508	800006a0	c00f72d3	fcvt.w.s	x5,f30	 f30:0x7f7fffff  x5=0x7fffffff
      15125.000 ns	      1511	800006a4	21fe1453	fsgnjn.s	f8,f28,f31	 f28:0x80000000 f31:0x80044aa6  f8=0x00000000
      15155.000 ns	      1514	800006a8	02b20233	mul	x4,x4,x11	  x4:0x00000000 x11:0x00000000  x4=0x00000000
      15185.000 ns	      1517	800006ac	21f81fd3	fsgnjn.s	f31,f16,f31	 f16:0x42800000 f31:0x80044aa6 f31=0x42800000
      15215.000 ns	      1520	800006b0	29dc86d3	fmin.s	f13,f25,f29	 f25:0x80022553 f29:0x7fc00000 f13=0x80022553
      15245.000 ns	      1523	800006b4	e00217d3	fclass.s	x15,f4	  f4:0x3f800000 x15=0x00000040
      15265.000 ns	      1525	800006b8	7f28ac93	slti	x25,x17,2034	 x17:0x00000000 x25=0x00000001
      15275.000 ns	      1526	800006bc	008000b3	add	x1,x0,x8	  x0:0x00000000  x8:0x000002a0  x1=0x000002a0
      15295.000 ns	      1528	800006c0	c01c46d3	fcvt.wu.s	x13,f24	 f24:0x00000000 x13=0x00000000
      15315.000 ns	      1530	800006c4	002a08b3	add	x17,x20,x2	 x20:0x00000001  x2:0xed14be56 x17=0xed14be57
      15325.000 ns	      1531	800006c8	002f1533	sll	x10,x30,x2	 x30:0x00000000  x2:0xed14be56 x10=0x00000000
      15685.000 ns	      1567	800006cc	032776b3	remu	x13,x14,x18	 x14:0x00000000 x18:0x60e62000 x13=0x00000000
      15705.000 ns	      1569	800006d0	01699213	slli	x4,x19,0x16	 x19:0x00000000  x4=0x00000000
      15725.000 ns	      1571	800006d4	02a4b333	mulhu	x6,x9,x10	  x9:0x061fd000 x10:0x00000000  x6=0x00000000
      15755.000 ns	      1574	800006d8	2145a653	fsgnjx.s	f12,f11,f20	 f11:0xff800000 f20:0x7fc00000 f12=0xff800000
      15785.000 ns	      1577	800006dc	02323933	mulhu	x18,x4,x3	  x4:0x00000000  x3:0x061fd000 x18=0x00000000
      15805.000 ns	      1579	800006e0	01ce5c93	srli	x25,x28,0x1c	 x28:0x00000000 x25=0x00000000
      15825.000 ns	      1581	800006e4	023291b3	mulh	x3,x5,x3	  x5:0x7fffffff  x3:0x061fd000  x3=0x030fe7ff
      15845.000 ns	      1583	800006e8	414fdf93	srai	x31,x31,0x14	 x31:0x00000000 x31=0x00000000
      15865.000 ns	      1585	800006ec	f0018753	fmv.w.x	f14,x3	  x3:0x030fe7ff f14=0x030fe7ff
      15895.000 ns	      1588	800006f0	d006f853	fcvt.s.w	f16,x13	 x13:0x00000000 f16=0x00000000
      15935.000 ns	      1592	800006f4	18f8fe53	fdiv.s	f28,f17,f15	 f17:0x7fc00000 f15:0xed14be56 f28=0x7fc00000
      15965.000 ns	      1595	800006f8	29569253	fmax.s	f4,f13,f21	 f13:0x80022553 f21:0x80044aa6  f4=0x80022553
      15995.000 ns	      1598	800006fc	02c09933	mulh	x18,x1,x12	  x1:0x000002a0 x12:0x80040fe4 x18=0xfffffeb0
      16025.000 ns	      1601	80000700	0331be33	mulhu	x28,x3,x19	  x3:0x030fe7ff x19:0x00000000 x28=0x00000000
      16055.000 ns	      1604	80000704	a0c6a0d3	feq.s	x1,f13,f12	 f13:0x80022553 f12:0xff800000  x1=0x00000000
      16075.000 ns	      1606	80000708	03b8ca93	xori	x21,x17,59	 x17:0xed14be57 x21=0xed14be6c
      16085.000 ns	      1607	8000070c	6f9aaa13	slti	x20,x21,1785	 x21:0xfffffd60 x20=0x00000001
      16095.000 ns	      1608	80000710	40ea09b3	sub	x19,x20,x14	 x20:0x00000001 x14:0x00000000 x19=0x00000001
      16105.000 ns	      1609	80000714	0189f033	and	x0,x19,x24	 x19:0x00000000 x24:0xffffffff
      16125.000 ns	      1611	80000718	03ebc2b3	div	x5,x23,x30	 x23:0x00000001 x30:0x00000000  x5=0xffffffff
      16155.000 ns	      1614	8000071c	20961853	fsgnjn.s	f16,f12,f9	 f12:0xff800000  f9:0x00000000 f16=0xff800000
      16175.000 ns	      1616	80000720	bf87f313	andi	x6,x15,-1032	 x15:0x00000040  x6=0x00000040
      16215.000 ns	      1620	80000724	0083a753	fadd.s	f14,f7,f8	  f7:0x7fc00000  f8:0x00000000 f14=0x7fc00000
      16235.000 ns	      1622	80000728	011edf33	srl	x30,x29,x17	 x29:0x80041024 x17:0xed14be57 x30=0x00000100
      16245.000 ns	      1623	8000072c	01cdbc33	sltu	x24,x27,x28	 x27:0x00000000 x28:0x00000000 x24=0x00000000
      16255.000 ns	      1624	80000730	96b9ad13	slti	x26,x19,-1685	 x19:0x00000001 x26=0x00000000
      16275.000 ns	      1626	80000734	a1098d53	fle.s	x26,f19,f16	 f19:0x40a00000 f16:0xff800000 x26=0x00000000
      16305.000 ns	      1629	80000738	a0621353	flt.s	x6,f4,f6	  f4:0x80022553  f6:0x7fc00000  x6=0x00000000
      16325.000 ns	      1631	8000073c	40d38a33	sub	x20,x7,x13	  x7:0x00000000 x13:0x00000000 x20=0x00000000
      16345.000 ns	      1633	80000740	02b71833	mulh	x16,x14,x11	 x14:0x00000000 x11:0x00000000 x16=0x00000000
      16365.000 ns	      1635	80000744	00e2bf33	sltu	x30,x5,x14	  x5:0xffffffff x14:0x00000000 x30=0x00000000
      16385.000 ns	      1637	80000748	d0057353	fcvt.s.w	f6,x10	 x10:0x00000000  f6=0x00000000
      16405.000 ns	      1639	8000074c	01eddcb3	srl	x25,x27,x30	 x27:0x00000000 x30:0x00000100 x25=0x00000000
      16415.000 ns	      1640	80000750	01ddb833	sltu	x16,x27,x29	 x27:0x00000000 x29:0x80041024 x16=0x00000001
      16425.000 ns	      1641	80000754	41bb8233	sub	x4,x23,x27	 x23:0x00000001 x27:0x00000000  x4=0x00000001
      16445.000 ns	      1643	80000758	c0047553	fcvt.w.s	x10,f8	  f8:0x00000000 x10=0x00000000
      16465.000 ns	      1645	8000075c	00db5233	srl	x4,x22,x13	 x22:0x00000000 x13:0x00000000  x4=0x00000000
      16485.000 ns	      1647	80000760	c007af53	fcvt.w.s	x30,f15	 f15:0xed14be56 x30=0x80000000
      16505.000 ns	      1649	80000764	4176d193	srai	x3,x13,0x17	 x13:0x00000000  x3=0x00000000
      16525.000 ns	      1651	80000768	e00f1353	fclass.s	x6,f30	 f30:0x7f7fffff  x6=0x00000040
      16555.000 ns	      1654	8000076c	d00fb853	fcvt.s.w	f16,x31	 x31:0x00000000 f16=0x00000000
      16925.000 ns	      1691	80000770	031bdd33	divu	x26,x23,x17	 x23:0x00000001 x17:0xed14be57 x26=0x00000000
      16945.000 ns	      1693	80000774	00e73fb3	sltu	x31,x14,x14	 x14:0x00000000 x14:0x00000000 x31=0x00000000
      16985.000 ns	      1697	80000778	09477ed3	fsub.s	f29,f14,f20	 f14:0x7fc00000 f20:0x7fc00000 f29=0x7fc00000
      17015.000 ns	      1700	8000077c	a0a21b53	flt.s	x22,f4,f10	  f4:0x80022553 f10:0x00000000 x22=0x00000001
      17045.000 ns	      1703	80000780	c00ff753	fcvt.w.s	x14,f31	 f31:0x42800000 x14=0x00000040
      17415.000 ns	      1740	80000784	028d74b3	remu	x9,x26,x8	 x26:0x00000000  x8:0x000002a0  x9=0x00000000
      17445.000 ns	      1743	80000788	a1620453	fle.s	x8,f4,f22	  f4:0x80022553 f22:0x80000000  x8=0x00000001
      17465.000 ns	      1745	8000078c	01915b93	srli	x23,x2,0x19	  x2:0xed14be56 x23=0x00000076
      17475.000 ns	      1746	80000790	00000013	addi	x0,x0,0	  x0:0x00000000
      17485.000 ns	      1747	80000794	00000013	addi	x0,x0,0	  x0:0x00000000
      17505.000 ns	      1749	80000798	0340c433	div	x8,x1,x20	  x1:0x00000000 x20:0x00000000  x8=0xffffffff
      17525.000 ns	      1751	8000079c	662625b7	lui	x11,0x66262	 x11=0x66262000
      17545.000 ns	      1753	800007a0	f00106d3	fmv.w.x	f13,x2	  x2:0xed14be56 f13=0xed14be56
      17565.000 ns	      1755	800007a4	00ddcf33	xor	x30,x27,x13	 x27:0x00000000 x13:0x00000000 x30=0x00000000
      17575.000 ns	      1756	800007a8	009bd1b3	srl	x3,x23,x9	 x23:0x00000076  x9:0x00000000  x3=0x00000076
      17585.000 ns	      1757	800007ac	000491b3	sll	x3,x9,x0	  x9:0x00000000  x0:0x00000000  x3=0x00000000
      17605.000 ns	      1759	800007b0	c0157ad3	fcvt.wu.s	x21,f10	 f10:0x00000000 x21=0x00000000
      17625.000 ns	      1761	800007b4	42d38d93	addi	x27,x7,1069	  x7:0x00000000 x27=0x0000042d
      17635.000 ns	      1762	800007b8	c5513a13	sltiu	x20,x2,-939	  x2:0xed14be56 x20=0x00000001
      17645.000 ns	      1763	800007bc	1eb23893	sltiu	x17,x4,491	  x4:0x00000000 x17=0x00000001
      17665.000 ns	      1765	800007c0	20f90453	fsgnj.s	f8,f18,f15	 f18:0x80000000 f15:0xed14be56  f8=0x80000000
      17695.000 ns	      1768	800007c4	293e1c53	fmax.s	f24,f28,f19	 f28:0x7fc00000 f19:0x40a00000 f24=0x40a00000
      17725.000 ns	      1771	800007c8	a00cacd3	feq.s	x25,f25,f0	 f25:0x80022553  f0:0x7f800001 x25=0x00000000
      17755.000 ns	      1774	800007cc	02abcb33	div	x22,x23,x10	 x23:0x00000076 x10:0x00000000 x22=0xffffffff
      17785.000 ns	      1777	800007d0	20131a53	fsgnjn.s	f20,f6,f1	  f6:0x00000000  f1:0xffc00000 f20=0x00000000
      18155.000 ns	      1814	800007d4	0346e9b3	rem	x19,x13,x20	 x13:0x00000000 x20:0x00000001 x19=0x00000000
      18185.000 ns	      1817	800007d8	21861d53	fsgnjn.s	f26,f12,f24	 f12:0xff800000 f24:0x40a00000 f26=0xff800000
      18205.000 ns	      1819	800007dc	41d15833	sra	x16,x2,x29	  x2:0xed14be56 x29:0x80041024 x16=0xfed14be5
      18215.000 ns	      1820	800007e0	00000013	addi	x0,x0,0	  x0:0x00000000
      18575.000 ns	      1856	800007e4	02b66b33	rem	x22,x12,x11	 x12:0x80040fe4 x11:0x66262000 x22=0xe62a2fe4
      18605.000 ns	      1859	800007e8	298e1053	fmax.s	f0,f28,f24	 f28:0x7fc00000 f24:0x40a00000  f0=0x40a00000
      18625.000 ns	      1861	800007ec	00f5de13	srli	x28,x11,0xf	 x11:0x66262000 x28=0x0000cc4c
      18635.000 ns	      1862	800007f0	28d67893	andi	x17,x12,653	 x12:0x80040fe4 x17=0x00000284
      18645.000 ns	      1863	800007f4	00000013	addi	x0,x0,0	  x0:0x00000000
      18655.000 ns	      1864	800007f8	41278833	sub	x16,x15,x18	 x15:0x00000040 x18:0xfffffeb0 x16=0x00000190
      18675.000 ns	      1866	800007fc	a07b0d53	fle.s	x26,f22,f7	 f22:0x80000000  f7:0x7fc00000 x26=0x00000000
      18695.000 ns	      1868	80000800	729a3093	sltiu	x1,x20,1833	 x20:0x00000001  x1=0x00000001
      18715.000 ns	      1870	80000804	d00672d3	fcvt.s.w	f5,x12	 x12:0x80040fe4  f5=0xcefff7e0
      18745.000 ns	      1873	80000808	a0afa553	feq.s	x10,f31,f10	 f31:0x42800000 f10:0x00000000 x10=0x00000000
      18765.000 ns	      1875	8000080c	41a8db33	sra	x22,x17,x26	 x17:0x00000284 x26:0x00000000 x22=0x00000284
      18785.000 ns	      1877	80000810	d01b75d3	fcvt.s.wu	f11,x22	 x22:0xe62a2fe4 f11=0x44210000
      18815.000 ns	      1880	80000814	20870053	fsgnj.s	f0,f14,f8	 f14:0x7fc00000  f8:0x80000000  f0=0xffc00000
      18835.000 ns	      1882	80000818	516bb393	sltiu	x7,x23,1302	 x23:0x00000076  x7=0x00000001
      18855.000 ns	      1884	8000081c	025c2cb3	mulhsu	x25,x24,x5	 x24:0x00000000  x5:0xffffffff x25=0x00000000
      18875.000 ns	      1886	80000820	d10e48b7	lui	x17,0xd10e4	 x17=0xd10e4000
      18885.000 ns	      1887	80000824	006a1db3	sll	x27,x20,x6	 x20:0x00000001  x6:0x00000040 x27=0x00000001
      18895.000 ns	      1888	80000828	e2303bb7	lui	x23,0xe2303	 x23=0xe2303000
      18915.000 ns	      1890	8000082c	a16e1bd3	flt.s	x23,f28,f22	 f28:0x7fc00000 f22:0x80000000 x23=0x00000000
      19285.000 ns	      1927	80000830	026ac733	div	x14,x21,x6	 x21:0x00000000  x6:0x00000040 x14=0x00000000
      19315.000 ns	      1930	80000834	e0031cd3	fclass.s	x25,f6	  f6:0x00000000 x25=0x00000010
      19345.000 ns	      1933	80000838	035d1ab3	mulh	x21,x26,x21	 x26:0x00000000 x21:0x00000000 x21=0x00000000
      19365.000 ns	      1935	8000083c	01f5cb33	xor	x22,x11,x31	 x11:0x66262000 x31:0x00000000 x22=0x66262000
      19375.000 ns	      1936	80000840	cc3ada17	auipc	x20,0xcc3ad	 x20=0x4c3ad840
      19405.000 ns	      1939	80000844	18e487d3	fdiv.s	f15,f9,f14	  f9:0x00000000 f14:0x7fc00000 f15=0x7fc00000
      19425.000 ns	      1941	80000848	ae5cf713	andi	x14,x25,-1307	 x25:0x00000010 x14=0x00000000
      19465.000 ns	      1945	8000084c	09a9f0d3	fsub.s	f1,f19,f26	 f19:0x40a00000 f26:0xff800000  f1=0x7f800000
      19485.000 ns	      1947	80000850	41488ab3	sub	x21,x17,x20	 x17:0xd10e4000 x20:0x4c3ad840 x21=0x84d367c0
      19515.000 ns	      1950	80000854	182d47d3	fdiv.s	f15,f26,f2	 f26:0xff800000  f2:0x7fc00000 f15=0x7fc00000
      19555.000 ns	      1954	80000858	580bffd3	fsqrt.s	f31,f23	 f23:0x7fc00000 f31=0x7fc00000
      19585.000 ns	      1957	8000085c	28d20853	fmin.s	f16,f4,f13	  f4:0x80022553 f13:0xed14be56 f16=0xed14be56
      19605.000 ns	      1959	80000860	41b8d693	srai	x13,x17,0x1b	 x17:0xd10e4000 x13=0xfffffffa
      19645.000 ns	      1963	80000864	08deccd3	fsub.s	f25,f29,f13	 f29:0x7fc00000 f13:0xed14be56 f25=0x7fc00000
      19665.000 ns	      1965	80000868	004275b3	and	x11,x4,x4	  x4:0x00000000  x4:0x00000000 x11=0x00000000
      19685.000 ns	      1967	8000086c	21f689d3	fsgnj.s	f19,f13,f31	 f13:0xed14be56 f31:0x7fc00000 f19=0x6d14be56
      19715.000 ns	      1970	80000870	28a485d3	fmin.s	f11,f9,f10	  f9:0x00000000 f10:0x00000000 f11=0x00000000
      19745.000 ns	      1973	80000874	208e01d3	fsgnj.s	f3,f28,f8	 f28:0x7fc00000  f8:0x80000000  f3=0xffc00000
      19775.000 ns	      1976	80000878	a1ca8553	fle.s	x10,f21,f28	 f21:0x80044aa6 f28:0x7fc00000 x10=0x00000000
      19795.000 ns	      1978	8000087c	01ba9f33	sll	x30,x21,x27	 x21:0x84d367c0 x27:0x00000001 x30=0x09a6cf80
      19805.000 ns	      1979	80000880	01aee0b3	or	x1,x29,x26	 x29:0x80041024 x26:0x00000000  x1=0x80041024
      19815.000 ns	      1980	80000884	bc982c93	slti	x25,x16,-1079	 x16:0x00000190 x25=0x00000000
      19825.000 ns	      1981	80000888	00797333	and	x6,x18,x7	 x18:0xfffffeb0  x7:0x00000001  x6=0x00000000
      19845.000 ns	      1983	8000088c	e00b12d3	fclass.s	x5,f22	 f22:0x80000000  x5=0x00000008
      19865.000 ns	      1985	80000890	40e02593	slti	x11,x0,1038	  x0:0x00000000 x11=0x00000001
      19875.000 ns	      1986	80000894	3e927c13	andi	x24,x4,1001	  x4:0x00000000 x24=0x00000000
      19885.000 ns	      1987	80000898	00914bb3	xor	x23,x2,x9	  x2:0xed14be56  x9:0x00000000 x23=0xed14be56
      19895.000 ns	      1988	8000089c	007b61b3	or	x3,x22,x7	 x22:0x66262000  x7:0x00000001  x3=0x66262001
      19905.000 ns	      1989	800008a0	926db513	sltiu	x10,x27,-1754	 x27:0x00000001 x10=0x00000001
      19915.000 ns	      1990	800008a4	e8ed0893	addi	x17,x26,-370	 x26:0x00000000 x17=0xfffffe8e
      19935.000 ns	      1992	800008a8	f00404d3	fmv.w.x	f9,x8	  x8:0xffffffff  f9=0xffffffff
      19955.000 ns	      1994	800008ac	41b7d093	srai	x1,x15,0x1b	 x15:0x00000040  x1=0x00000000
      19975.000 ns	      1996	800008b0	20a1add3	fsgnjx.s	f27,f3,f10	  f3:0xffc00000 f10:0x00000000 f27=0xffc00000
      19995.000 ns	      1998	800008b4	009be833	or	x16,x23,x9	 x23:0xed14be56  x9:0x00000000 x16=0xed14be56
      20015.000 ns	      2000	800008b8	c0003353	fcvt.w.s	x6,f0	  f0:0xffc00000  x6=0x7fffffff
      20045.000 ns	      2003	800008bc	a197a1d3	feq.s	x3,f15,f25	 f15:0x7fc00000 f25:0x7fc00000  x3=0x00000000
      20075.000 ns	      2006	800008c0	a08085d3	fle.s	x11,f1,f8	  f1:0x7f800000  f8:0x80000000 x11=0x00000000
      20105.000 ns	      2009	800008c4	02430933	mul	x18,x6,x4	  x6:0x7fffffff  x4:0x00000000 x18=0x00000000
      20135.000 ns	      2012	800008c8	c004f453	fcvt.w.s	x8,f9	  f9:0xffffffff  x8=0x7fffffff
      20155.000 ns	      2014	800008cc	0ac67393	andi	x7,x12,172	 x12:0x80040fe4  x7=0x000000a4
      20165.000 ns	      2015	800008d0	8aba2417	auipc	x8,0x8aba2	  x8=0x0aba28d0
      20175.000 ns	      2016	800008d4	763023b7	lui	x7,0x76302	  x7=0x76302000
      21345.000 ns	      2133	800008d8	580c76d3	fsqrt.s	f13,f24	 f24:0x40a00000 f13=0x400f1b8f
      21365.000 ns	      2135	800008dc	6816b997	auipc	x19,0x6816b	 x19=0xe816b8dc
      21385.000 ns	      2137	800008e0	20bba853	fsgnjx.s	f16,f23,f11	 f23:0x7fc00000 f11:0x00000000 f16=0x7fc00000
      21405.000 ns	      2139	800008e4	00295593	srli	x11,x18,0x2	 x18:0x00000000 x11=0x00000000
      21425.000 ns	      2141	800008e8	d00070d3	fcvt.s.w	f1,x0	  x0:0x00000000  f1=0x00000000
      21455.000 ns	      2144	800008ec	207483d3	fsgnj.s	f7,f9,f7	  f9:0xffffffff  f7:0x7fc00000  f7=0x7fffffff
      21485.000 ns	      2147	800008f0	a0349253	flt.s	x4,f9,f3	  f9:0xffffffff  f3:0xffc00000  x4=0x00000000
      21515.000 ns	      2150	800008f4	03dca7b3	mulhsu	x15,x25,x29	 x25:0x00000000 x29:0x80041024 x15=0x00000000
      21545.000 ns	      2153	800008f8	c01cb053	fcvt.wu.s	x0,f25	 f25:0x7fc00000
      21565.000 ns	      2155	800008fc	40c009b3	sub	x19,x0,x12	  x0:0x00000000 x12:0x80040fe4 x19=0x7ffbf01c
      21585.000 ns	      2157	80000900	d0117a53	fcvt.s.wu	f20,x2	  x2:0xed14be56 f20=0x4f6d14be
      21955.000 ns	      2194	80000904	02a17733	remu	x14,x2,x10	  x2:0xed14be56 x10:0x00000001 x14=0x00000000
      21975.000 ns	      2196	80000908	5c3fa193	slti	x3,x31,1475	 x31:0x00000000  x3=0x00000001
      22335.000 ns	      2232	8000090c	03b078b3	remu	x17,x0,x27	  x0:0x00000000 x27:0x00000001 x17=0x00000000
      22355.000 ns	      2234	80000910	0f452993	slti	x19,x10,244	 x10:0x00000001 x19=0x00000001
      22365.000 ns	      2235	80000914	01e8ea33	or	x20,x17,x30	 x17:0x00000000 x30:0x09a6cf80 x20=0x09a6cf80
      22385.000 ns	      2237	80000918	28be81d3	fmin.s	f3,f29,f11	 f29:0x7fc00000 f11:0x00000000  f3=0x00000000
      22405.000 ns	      2239	8000091c	41455a93	srai	x21,x10,0x14	 x10:0x00000001 x21=0x00000000
      22765.000 ns	      2275	80000920	0301e233	rem	x4,x3,x16	  x3:0x00000001 x16:0xed14be56  x4=0x00000001
      22785.000 ns	      2277	80000924	41d05e33	sra	x28,x0,x29	  x0:0x00000000 x29:0x80041024 x28=0x00000000
      22795.000 ns	      2278	80000928	0141d513	srli	x10,x3,0x14	  x3:0x00000001 x10=0x00000000
      22815.000 ns	      2280	8000092c	c0087b53	fcvt.w.s	x22,f16	 f16:0x7fc00000 x22=0x7fffffff
      22835.000 ns	      2282	80000930	75ea0413	addi	x8,x20,1886	 x20:0x09a6cf80  x8=0x09a6d6de
      22845.000 ns	      2283	80000934	0fcece13	xori	x28,x29,252	 x29:0x80041024 x28=0x800410d8
      22865.000 ns	      2285	80000938	d00bf3d3	fcvt.s.w	f7,x23	 x23:0xed14be56  f7=0xcd975a0d
      22885.000 ns	      2287	8000093c	01d6dbb3	srl	x23,x13,x29	 x13:0xfffffffa x29:0x80041024 x23=0x0fffffff
      22895.000 ns	      2288	80000940	01d18c33	add	x24,x3,x29	  x3:0x00000001 x29:0x80041024 x24=0x80041025
      22905.000 ns	      2289	80000944	01db9e13	slli	x28,x23,0x1d	 x23:0xed14be56 x28=0xe0000000
      22925.000 ns	      2291	80000948	d01435d3	fcvt.s.wu	f11,x8	  x8:0x09a6d6de f11=0x4d1a6d6e
      23295.000 ns	      2328	8000094c	023f4bb3	div	x23,x30,x3	 x30:0x09a6cf80  x3:0x00000001 x23=0x09a6cf80
      23315.000 ns	      2330	80000950	86457593	andi	x11,x10,-1948	 x10:0x00000000 x11=0x00000000
      23335.000 ns	      2332	80000954	f00c06d3	fmv.w.x	f13,x24	 x24:0x80041025 f13=0x80041025
      23365.000 ns	      2335	80000958	c012fa53	fcvt.wu.s	x20,f5	  f5:0xcefff7e0 x20=0x7ffbf000
      23385.000 ns	      2337	8000095c	00239f93	slli	x31,x7,0x2	  x7:0x76302000 x31=0xd8c08000
      23405.000 ns	      2339	80000960	f0098853	fmv.w.x	f16,x19	 x19:0x00000001 f16=0x00000001
      23435.000 ns	      2342	80000964	022dbb33	mulhu	x22,x27,x2	 x27:0x00000001  x2:0xed14be56 x22=0x00000000
      23465.000 ns	      2345	80000968	c01cf453	fcvt.wu.s	x8,f25	 f25:0x7fc00000  x8=0xffffffff
      23495.000 ns	      2348	8000096c	d00e7f53	fcvt.s.w	f30,x28	 x28:0xe0000000 f30=0xce000000
      23515.000 ns	      2350	80000970	416f0db3	sub	x27,x30,x22	 x30:0x09a6cf80 x22:0x00000000 x27=0x09a6cf80
      23535.000 ns	      2352	80000974	a033a753	feq.s	x14,f7,f3	  f7:0xcd975a0d  f3:0x00000000 x14=0x00000000
      23565.000 ns	      2355	80000978	296893d3	fmax.s	f7,f17,f22	 f17:0x7fc00000 f22:0x80000000  f7=0x80000000
      23615.000 ns	      2360	8000097c	089191d3	fsub.s	f3,f3,f9	  f3:0x00000000  f9:0xffffffff  f3=0x7fc00000
      23645.000 ns	      2363	80000980	29868b53	fmin.s	f22,f13,f24	 f13:0x80041025 f24:0x40a00000 f22=0x80041025
      23665.000 ns	      2365	80000984	fa61ad93	slti	x27,x3,-90	  x3:0x00000001 x27=0x00000000
      23685.000 ns	      2367	80000988	2128ad53	fsgnjx.s	f26,f17,f18	 f17:0x7fc00000 f18:0x80000000 f26=0xffc00000
      23715.000 ns	      2370	8000098c	f00f0a53	fmv.w.x	f20,x30	 x30:0x09a6cf80 f20=0x09a6cf80
      23765.000 ns	      2375	80000990	09c10153	fsub.s	f2,f2,f28	  f2:0x7fc00000 f28:0x7fc00000  f2=0x7fc00000
      23785.000 ns	      2377	80000994	68a10993	addi	x19,x2,1674	  x2:0xed14be56 x19=0xed14c4e0
      23825.000 ns	      2381	80000998	00fffb53	fadd.s	f22,f31,f15	 f31:0x7fc00000 f15:0x7fc00000 f22=0x7fc00000
      23865.000 ns	      2385	8000099c	1006f953	fmul.s	f18,f13,f0	 f13:0x80041025  f0:0xffc00000 f18=0x7fc00000
      23885.000 ns	      2387	800009a0	01755033	srl	x0,x10,x23	 x10:0x00000000 x23:0x09a6cf80
      23895.000 ns	      2388	800009a4	e0c47493	andi	x9,x8,-500	  x8:0xffffffff  x9=0xfffffe0c
      23905.000 ns	      2389	800009a8	0bbd7f93	andi	x31,x26,187	 x26:0x00000000 x31=0x00000000
      23925.000 ns	      2391	800009ac	295a0953	fmin.s	f18,f20,f21	 f20:0x09a6cf80 f21:0x80044aa6 f18=0x80044aa6
      23955.000 ns	      2394	800009b0	28ca8d53	fmin.s	f26,f21,f12	 f21:0x80044aa6 f12:0xff800000 f26=0xff800000
      23975.000 ns	      2396	800009b4	b29531b7	lui	x3,0xb2953	  x3=0xb2953000
      23995.000 ns	      2398	800009b8	0321e233	rem	x4,x3,x18	  x3:0x00000001 x18:0x00000000  x4=0xb2953000
      24025.000 ns	      2401	800009bc	e0038053	fmv.x.w	x0,f7	  f7:0x80000000
      24045.000 ns	      2403	800009c0	00000013	addi	x0,x0,0	  x0:0x00000000
      24065.000 ns	      2405	800009c4	021745b3	div	x11,x14,x1	 x14:0x00000000  x1:0x00000000 x11=0xffffffff
      24095.000 ns	      2408	800009c8	20ef08d3	fsgnj.s	f17,f30,f14	 f30:0xce000000 f14:0x7fc00000 f17=0x4e000000
      24125.000 ns	      2411	800009cc	e00a9bd3	fclass.s	x23,f21	 f21:0x80044aa6 x23=0x00000004
      24145.000 ns	      2413	800009d0	004ed813	srli	x16,x29,0x4	 x29:0x80041024 x16=0x08004102
      24165.000 ns	      2415	800009d4	a08b9253	flt.s	x4,f23,f8	 f23:0x7fc00000  f8:0x80000000  x4=0x00000000
      24535.000 ns	      2452	800009d8	0261d333	divu	x6,x3,x6	  x3:0xb2953000  x6:0x7fffffff  x6=0x00000001
      24565.000 ns	      2455	800009dc	02dc9ab3	mulh	x21,x25,x13	 x25:0x00000000 x13:0xfffffffa x21=0x00000000
      24585.000 ns	      2457	800009e0	019587b3	add	x15,x11,x25	 x11:0xffffffff x25:0x00000000 x15=0xffffffff
      24605.000 ns	      2459	800009e4	d000f4d3	fcvt.s.w	f9,x1	  x1:0x00000000  f9=0x00000000
      24635.000 ns	      2462	800009e8	038d2433	mulhsu	x8,x26,x24	 x26:0x00000000 x24:0x80041025  x8=0x00000000
      24655.000 ns	      2464	800009ec	afb62293	slti	x5,x12,-1285	 x12:0x80040fe4  x5=0x00000001
      24665.000 ns	      2465	800009f0	1b67ea93	ori	x21,x15,438	 x15:0xffffffff x21=0xffffffff
      24705.000 ns	      2469	800009f4	09f6bed3	fsub.s	f29,f13,f31	 f13:0x80041025 f31:0x7fc00000 f29=0x7fc00000
      24725.000 ns	      2471	800009f8	008fd933	srl	x18,x31,x8	 x31:0x00000000  x8:0x00000000 x18=0x00000000
      25085.000 ns	      2507	800009fc	02675233	divu	x4,x14,x6	 x14:0x00000000  x6:0x00000001  x4=0x00000000
      25105.000 ns	      2509	80000a00	01fa76b3	and	x13,x20,x31	 x20:0x7ffbf000 x31:0x00000000 x13=0x00000000
      25135.000 ns	      2512	80000a04	5802fad3	fsqrt.s	f21,f5	  f5:0xcefff7e0 f21=0x7fc00000
      25155.000 ns	      2514	80000a08	00e524b3	slt	x9,x10,x14	 x10:0x00000000 x14:0x00000000  x9=0x00000000
      25165.000 ns	      2515	80000a0c	0114a233	slt	x4,x9,x17	  x9:0xfffffe0c x17:0x00000000  x4=0x00000000
      25205.000 ns	      2519	80000a10	09d3fbd3	fsub.s	f23,f7,f29	  f7:0x80000000 f29:0x7fc00000 f23=0x7fc00000
      25225.000 ns	      2521	80000a14	41928bb3	sub	x23,x5,x25	  x5:0x00000001 x25:0x00000000 x23=0x00000001
      25245.000 ns	      2523	80000a18	d017fad3	fcvt.s.wu	f21,x15	 x15:0xffffffff f21=0x4f7fffff
      25265.000 ns	      2525	80000a1c	00f0d593	srli	x11,x1,0xf	  x1:0x00000000 x11=0x00000000
      25285.000 ns	      2527	80000a20	021151b3	divu	x3,x2,x1	  x2:0xed14be56  x1:0x00000000  x3=0xffffffff
      25305.000 ns	      2529	80000a24	408d5293	srai	x5,x26,0x8	 x26:0x00000000  x5=0x00000000
      25315.000 ns	      2530	80000a28	7174a213	slti	x4,x9,1815	  x9:0x00000000  x4=0x00000001
      25335.000 ns	      2532	80000a2c	a09588d3	fle.s	x17,f11,f9	 f11:0x4d1a6d6e  f9:0x00000000 x17=0x00000000
      25375.000 ns	      2536	80000a30	11b67ed3	fmul.s	f29,f12,f27	 f12:0xff800000 f27:0xffc00000 f29=0x7fc00000
      25425.000 ns	      2541	80000a34	00277653	fadd.s	f12,f14,f2	 f14:0x7fc00000  f2:0x7fc00000 f12=0x7fc00000
      25445.000 ns	      2543	80000a38	6cecf817	auipc	x16,0x6cecf	 x16=0xececfa38
      25455.000 ns	      2544	80000a3c	01bc1713	slli	x14,x24,0x1b	 x24:0x80041025 x14=0x28000000
      25475.000 ns	      2546	80000a40	03bcb433	mulhu	x8,x25,x27	 x25:0x00000000 x27:0x00000000  x8=0x00000000
      25495.000 ns	      2548	80000a44	0015c9b3	xor	x19,x11,x1	 x11:0x00000000  x1:0x00000000 x19=0x00000000
      25515.000 ns	      2550	80000a48	f00c8853	fmv.w.x	f16,x25	 x25:0x00000000 f16=0x00000000
      25545.000 ns	      2553	80000a4c	e0099453	fclass.s	x8,f19	 f19:0x6d14be56  x8=0x00000040
      25575.000 ns	      2556	80000a50	02f71033	mulh	x0,x14,x15	 x14:0x28000000 x15:0xffffffff
      25605.000 ns	      2559	80000a54	a060a2d3	feq.s	x5,f1,f6	  f1:0x00000000  f6:0x00000000  x5=0x00000001
      25635.000 ns	      2562	80000a58	c01cf953	fcvt.wu.s	x18,f25	 f25:0x7fc00000 x18=0xffffffff
      25655.000 ns	      2564	80000a5c	0077d3b3	srl	x7,x15,x7	 x15:0xffffffff  x7:0x76302000  x7=0xffffffff
      25665.000 ns	      2565	80000a60	008228b3	slt	x17,x4,x8	  x4:0x00000001  x8:0x00000040 x17=0x00000001
      25675.000 ns	      2566	80000a64	01335c33	srl	x24,x6,x19	  x6:0x00000001 x19:0x00000000 x24=0x00000001
      25695.000 ns	      2568	80000a68	c00472d3	fcvt.w.s	x5,f8	  f8:0x80000000  x5=0x00000000
      25715.000 ns	      2570	80000a6c	01570bb3	add	x23,x14,x21	 x14:0x28000000 x21:0xffffffff x23=0x27ffffff
      25735.000 ns	      2572	80000a70	206516d3	fsgnjn.s	f13,f10,f6	 f10:0x00000000  f6:0x00000000 f13=0x80000000
      25755.000 ns	      2574	80000a74	b88be393	ori	x7,x23,-1144	 x23:0x00000001  x7=0xffffffff
      25765.000 ns	      2575	80000a78	d90d3b97	auipc	x23,0xd90d3	 x23=0x590d3a78
      25785.000 ns	      2577	80000a7c	02322cb3	mulhsu	x25,x4,x3	  x4:0x00000001  x3:0xffffffff x25=0x00000000
      25805.000 ns	      2579	80000a80	b08be813	ori	x16,x23,-1272	 x23:0x27ffffff x16=0xfffffb78
      25815.000 ns	      2580	80000a84	00bc9693	slli	x13,x25,0xb	 x25:0x00000000 x13=0x00000000
      25835.000 ns	      2582	80000a88	29a58ed3	fmin.s	f29,f11,f26	 f11:0x4d1a6d6e f26:0xff800000 f29=0xff800000
      25855.000 ns	      2584	80000a8c	00000013	addi	x0,x0,0	  x0:0x00000000
      25865.000 ns	      2585	80000a90	ed67bd37	lui	x26,0xed67b	 x26=0xed67b000
      26225.000 ns	      2621	80000a94	02604d33	div	x26,x0,x6	  x0:0x00000000  x6:0x00000001 x26=0x00000000
      26245.000 ns	      2623	80000a98	62b17e13	andi	x28,x2,1579	  x2:0xed14be56 x28=0x00000602
      26255.000 ns	      2624	80000a9c	01e44e33	xor	x28,x8,x30	  x8:0x00000040 x30:0x09a6cf80 x28=0x09a6cfc0
      26275.000 ns	      2626	80000aa0	20570653	fsgnj.s	f12,f14,f5	 f14:0x7fc00000  f5:0xcefff7e0 f12=0xffc00000
      26305.000 ns	      2629	80000aa4	a0391ad3	flt.s	x21,f18,f3	 f18:0x80044aa6  f3:0x7fc00000 x21=0x00000000
      26325.000 ns	      2631	80000aa8	003b9433	sll	x8,x23,x3	 x23:0x590d3a78  x3:0xffffffff  x8=0x00000000
      26345.000 ns	      2633	80000aac	035abbb3	mulhu	x23,x21,x21	 x21:0x00000000 x21:0x00000000 x23=0x00000000
      26385.000 ns	      2637	80000ab0	19f77ad3	fdiv.s	f21,f14,f31	 f14:0x7fc00000 f31:0x7fc00000 f21=0x7fc00000
      26415.000 ns	      2640	80000ab4	d00cf653	fcvt.s.w	f12,x25	 x25:0x00000000 f12=0x00000000
      26445.000 ns	      2643	80000ab8	e00212d3	fclass.s	x5,f4	  f4:0x80022553  x5=0x00000004
      26475.000 ns	      2646	80000abc	a1351253	flt.s	x4,f10,f19	 f10:0x00000000 f19:0x6d14be56  x4=0x00000001
      26495.000 ns	      2648	80000ac0	41d88433	sub	x8,x17,x29	 x17:0x00000001 x29:0x80041024  x8=0x7ffbefdd
      26515.000 ns	      2650	80000ac4	02d6ec33	rem	x24,x13,x13	 x13:0x00000000 x13:0x00000000 x24=0x00000000
      26545.000 ns	      2653	80000ac8	02aea733	mulhsu	x14,x29,x10	 x29:0x80041024 x10:0x00000000 x14=0x00000000
      26565.000 ns	      2655	80000acc	8d143493	sltiu	x9,x8,-1839	  x8:0x7ffbefdd  x9=0x00000001
      26595.000 ns	      2658	80000ad0	580876d3	fsqrt.s	f13,f16	 f16:0x00000000 f13=0x00000000
      26615.000 ns	      2660	80000ad4	00f69213	slli	x4,x13,0xf	 x13:0x00000000  x4=0x00000000
      26635.000 ns	      2662	80000ad8	a1e51b53	flt.s	x22,f10,f30	 f10:0x00000000 f30:0xce000000 x22=0x00000000
      26655.000 ns	      2664	80000adc	00659413	slli	x8,x11,0x6	 x11:0x00000000  x8=0x00000000
      26665.000 ns	      2665	80000ae0	40aa0cb3	sub	x25,x20,x10	 x20:0x7ffbf000 x10:0x00000000 x25=0x7ffbf000
      26685.000 ns	      2667	80000ae4	e0070753	fmv.x.w	x14,f14	 f14:0x7fc00000 x14=0x7fc00000
      26725.000 ns	      2671	80000ae8	11127bd3	fmul.s	f23,f4,f17	  f4:0x80022553 f17:0x4e000000 f23=0x8c0954c0
      26755.000 ns	      2674	80000aec	e0060453	fmv.x.w	x8,f12	 f12:0x00000000  x8=0x00000000
      26775.000 ns	      2676	80000af0	4452a293	slti	x5,x5,1093	  x5:0x00000004  x5=0x00000001
      26785.000 ns	      2677	80000af4	41745cb3	sra	x25,x8,x23	  x8:0x00000000 x23:0x00000000 x25=0x00000000
      26795.000 ns	      2678	80000af8	00b45c13	srli	x24,x8,0xb	  x8:0x00000000 x24=0x00000000
      26805.000 ns	      2679	80000afc	c86fca93	xori	x21,x31,-890	 x31:0x00000000 x21=0xfffffc86
      26825.000 ns	      2681	80000b00	a00ba7d3	feq.s	x15,f23,f0	 f23:0x8c0954c0  f0:0xffc00000 x15=0x00000000
      26845.000 ns	      2683	80000b04	41d50733	sub	x14,x10,x29	 x10:0x00000000 x29:0x80041024 x14=0x7ffbefdc
      26865.000 ns	      2685	80000b08	a0a5a1d3	feq.s	x3,f11,f10	 f11:0x4d1a6d6e f10:0x00000000  x3=0x00000000
      26885.000 ns	      2687	80000b0c	8b6c3093	sltiu	x1,x24,-1866	 x24:0x00000000  x1=0x00000001
      26895.000 ns	      2688	80000b10	40ec50b3	sra	x1,x24,x14	 x24:0x00000000 x14:0x7ffbefdc  x1=0x00000000
      26905.000 ns	      2689	80000b14	0096dd33	srl	x26,x13,x9	 x13:0x00000000  x9:0x00000001 x26=0x00000000
      26925.000 ns	      2691	80000b18	a18d83d3	fle.s	x7,f27,f24	 f27:0xffc00000 f24:0x40a00000  x7=0x00000000
      26945.000 ns	      2693	80000b1c	01d78333	add	x6,x15,x29	 x15:0x00000000 x29:0x80041024  x6=0x80041024
      26985.000 ns	      2697	80000b20	001efad3	fadd.s	f21,f29,f1	 f29:0xff800000  f1:0x00000000 f21=0xff800000
      27015.000 ns	      2700	80000b24	d00c35d3	fcvt.s.w	f11,x24	 x24:0x00000000 f11=0x00000000
      27055.000 ns	      2704	80000b28	580526d3	fsqrt.s	f13,f10	 f10:0x00000000 f13=0x00000000
      27075.000 ns	      2706	80000b2c	017c9713	slli	x14,x25,0x17	 x25:0x00000000 x14=0x00000000
      27085.000 ns	      2707	80000b30	01a3fbb3	and	x23,x7,x26	  x7:0x00000000 x26:0x00000000 x23=0x00000000
      27095.000 ns	      2708	80000b34	0191b933	sltu	x18,x3,x25	  x3:0x00000000 x25:0x00000000 x18=0x00000000
      27105.000 ns	      2709	80000b38	41270f33	sub	x30,x14,x18	 x14:0x00000000 x18:0xffffffff x30=0x00000000
      27115.000 ns	      2710	80000b3c	0188d7b3	srl	x15,x17,x24	 x17:0x00000001 x24:0x00000000 x15=0x00000001
      27135.000 ns	      2712	80000b40	29aa1753	fmax.s	f14,f20,f26	 f20:0x09a6cf80 f26:0xff800000 f14=0x09a6cf80
      27165.000 ns	      2715	80000b44	d0167553	fcvt.s.wu	f10,x12	 x12:0x80040fe4 f10=0x4f00040f
      27195.000 ns	      2718	80000b48	e0078d53	fmv.x.w	x26,f15	 f15:0x7fc00000 x26=0x7fc00000
      27225.000 ns	      2721	80000b4c	d009c153	fcvt.s.w	f2,x19	 x19:0x00000000  f2=0x00000000
      27245.000 ns	      2723	80000b50	013d1593	slli	x11,x26,0x13	 x26:0x7fc00000 x11=0x00000000
      27275.000 ns	      2726	80000b54	58093553	fsqrt.s	f10,f18	 f18:0x80044aa6 f10=0x7fc00000
      27315.000 ns	      2730	80000b58	58027153	fsqrt.s	f2,f4	  f4:0x80022553  f2=0x7fc00000
      27345.000 ns	      2733	80000b5c	03e54bb3	div	x23,x10,x30	 x10:0x00000000 x30:0x00000000 x23=0xffffffff
      27375.000 ns	      2736	80000b60	e00309d3	fmv.x.w	x19,f6	  f6:0x00000000 x19=0x00000000
      27415.000 ns	      2740	80000b64	580af153	fsqrt.s	f2,f21	 f21:0xff800000  f2=0x7fc00000
      27785.000 ns	      2777	80000b68	02287c33	remu	x24,x16,x2	 x16:0xfffffb78  x2:0xed14be56 x24=0x12eb3d22
      27835.000 ns	      2782	80000b6c	01203ad3	fadd.s	f21,f0,f18	  f0:0xffc00000 f18:0x80044aa6 f21=0x7fc00000
      27865.000 ns	      2785	80000b70	c01ffad3	fcvt.wu.s	x21,f31	 f31:0x7fc00000 x21=0xffffffff
      27885.000 ns	      2787	80000b74	00000013	addi	x0,x0,0	  x0:0x00000000
      27905.000 ns	      2789	80000b78	0282b033	mulhu	x0,x5,x8	  x5:0x00000001  x8:0x00000000
      27925.000 ns	      2791	80000b7c	01e30ab3	add	x21,x6,x30	  x6:0x80041024 x30:0x00000000 x21=0x80041024
      27935.000 ns	      2792	80000b80	018f3db3	sltu	x27,x30,x24	 x30:0x00000000 x24:0x12eb3d22 x27=0x00000001
      27965.000 ns	      2795	80000b84	18c1ae53	fdiv.s	f28,f3,f12	  f3:0x7fc00000 f12:0x00000000 f28=0x7fc00000
      28335.000 ns	      2832	80000b88	031bdd33	divu	x26,x23,x17	 x23:0xffffffff x17:0x00000001 x26=0xffffffff
      28365.000 ns	      2835	80000b8c	029183b3	mul	x7,x3,x9	  x3:0x00000000  x9:0x00000001  x7=0x00000000
      28385.000 ns	      2837	80000b90	6e23e093	ori	x1,x7,1762	  x7:0x00000000  x1=0x000006e2
      28405.000 ns	      2839	80000b94	02fa9933	mulh	x18,x21,x15	 x21:0x80041024 x15:0x00000001 x18=0xffffffff
      28435.000 ns	      2842	80000b98	03403733	mulhu	x14,x0,x20	  x0:0x00000000 x20:0x7ffbf000 x14=0x00000000
      28465.000 ns	      2845	80000b9c	21d81253	fsgnjn.s	f4,f16,f29	 f16:0x00000000 f29:0xff800000  f4=0x00000000
      28495.000 ns	      2848	80000ba0	e00d9553	fclass.s	x10,f27	 f27:0xffc00000 x10=0x00000200
      28515.000 ns	      2850	80000ba4	b1dbb513	sltiu	x10,x23,-1251	 x23:0xffffffff x10=0x00000000
      28525.000 ns	      2851	80000ba8	38242337	lui	x6,0x38242	  x6=0x38242000
      28855.000 ns	      2884	80000bac	185b97d3	fdiv.s	f15,f23,f5	 f23:0x8c0954c0  f5:0xcefff7e0 f15=0x7c8954c0
      29225.000 ns	      2921	80000bb0	021bcf33	div	x30,x23,x1	 x23:0xffffffff  x1:0x000006e2 x30=0x00000000
      29595.000 ns	      2958	80000bb4	029aec33	rem	x24,x21,x9	 x21:0x80041024  x9:0x00000001 x24=0x00000000
      29615.000 ns	      2960	80000bb8	0026e2b3	or	x5,x13,x2	 x13:0x00000000  x2:0xed14be56  x5=0xed14be56
      29635.000 ns	      2962	80000bbc	e00e89d3	fmv.x.w	x19,f29	 f29:0xff800000 x19=0xff800000
      29655.000 ns	      2964	80000bc0	400d53b3	sra	x7,x26,x0	 x26:0xffffffff  x0:0x00000000  x7=0xffffffff
      29665.000 ns	      2965	80000bc4	010bd293	srli	x5,x23,0x10	 x23:0xffffffff  x5=0x0000ffff
      29685.000 ns	      2967	80000bc8	e00f9a53	fclass.s	x20,f31	 f31:0x7fc00000 x20=0x00000200
      29715.000 ns	      2970	80000bcc	c01bf753	fcvt.wu.s	x14,f23	 f23:0x8c0954c0 x14=0x00000000
      29735.000 ns	      2972	80000bd0	636da913	slti	x18,x27,1590	 x27:0x00000001 x18=0x00000001
      29745.000 ns	      2973	80000bd4	0019de33	srl	x28,x19,x1	 x19:0xff800000  x1:0x000006e2 x28=0x3fe00000
      29765.000 ns	      2975	80000bd8	d00cf3d3	fcvt.s.w	f7,x25	 x25:0x00000000  f7=0x00000000
      29785.000 ns	      2977	80000bdc	40735233	sra	x4,x6,x7	  x6:0x38242000  x7:0xffffffff  x4=0x00000000
      29805.000 ns	      2979	80000be0	212da9d3	fsgnjx.s	f19,f27,f18	 f27:0xffc00000 f18:0x80044aa6 f19=0x7fc00000
      29825.000 ns	      2981	80000be4	01101493	slli	x9,x0,0x11	  x0:0x00000000  x9=0x00000000
      29845.000 ns	      2983	80000be8	c00bfa53	fcvt.w.s	x20,f23	 f23:0x8c0954c0 x20=0x00000000
      29865.000 ns	      2985	80000bec	00055413	srli	x8,x10,0x0	 x10:0x00000000  x8=0x00000000
      29875.000 ns	      2986	80000bf0	01cbe0b3	or	x1,x23,x28	 x23:0xffffffff x28:0x3fe00000  x1=0xffffffff
      29895.000 ns	      2988	80000bf4	02432333	mulhsu	x6,x6,x4	  x6:0x38242000  x4:0x00000000  x6=0x00000000
      29925.000 ns	      2991	80000bf8	0307a0b3	mulhsu	x1,x15,x16	 x15:0x00000001 x16:0xfffffb78  x1=0x00000000
      29945.000 ns	      2993	80000bfc	01ebdbb3	srl	x23,x23,x30	 x23:0xffffffff x30:0x00000000 x23=0xffffffff
      29975.000 ns	      2996	80000c00	580fa953	fsqrt.s	f18,f31	 f31:0x7fc00000 f18=0x7fc00000
      30005.000 ns	      2999	80000c04	d003fdd3	fcvt.s.w	f27,x7	  x7:0xffffffff f27=0xbf800000
      30035.000 ns	      3002	80000c08	03db1733	mulh	x14,x22,x29	 x22:0x00000000 x29:0x80041024 x14=0x00000000
      30065.000 ns	      3005	80000c0c	a1a004d3	fle.s	x9,f0,f26	  f0:0xffc00000 f26:0xff800000  x9=0x00000000
      30085.000 ns	      3007	80000c10	66eaff93	andi	x31,x21,1646	 x21:0x80041024 x31=0x00000024
      30095.000 ns	      3008	80000c14	40040d33	sub	x26,x8,x0	  x8:0x00000000  x0:0x00000000 x26=0x00000000
      30115.000 ns	      3010	80000c18	03a64d33	div	x26,x12,x26	 x12:0x80040fe4 x26:0xffffffff x26=0xffffffff
      30485.000 ns	      3047	80000c1c	02cb4433	div	x8,x22,x12	 x22:0x00000000 x12:0x80040fe4  x8=0x00000000
      30515.000 ns	      3050	80000c20	f00a8253	fmv.w.x	f4,x21	 x21:0x80041024  f4=0x80041024
      30545.000 ns	      3053	80000c24	f00782d3	fmv.w.x	f5,x15	 x15:0x00000001  f5=0x00000001
      30575.000 ns	      3056	80000c28	c00c7b53	fcvt.w.s	x22,f24	 f24:0x40a00000 x22=0x00000005
      30605.000 ns	      3059	80000c2c	a0289053	flt.s	x0,f17,f2	 f17:0x4e000000  f2:0x7fc00000
      30635.000 ns	      3062	80000c30	21fea5d3	fsgnjx.s	f11,f29,f31	 f29:0xff800000 f31:0x7fc00000 f11=0xff800000
      30665.000 ns	      3065	80000c34	a1f5a3d3	feq.s	x7,f11,f31	 f11:0x00000000 f31:0x7fc00000  x7=0x00000000
      30705.000 ns	      3069	80000c38	58061853	fsqrt.s	f16,f12	 f12:0x00000000 f16=0x00000000
      30755.000 ns	      3074	80000c3c	09f2f253	fsub.s	f4,f5,f31	  f5:0x00000001 f31:0x7fc00000  f4=0x7fc00000
      30775.000 ns	      3076	80000c40	4070d1b3	sra	x3,x1,x7	  x1:0x00000000  x7:0x00000000  x3=0x00000000
      30795.000 ns	      3078	80000c44	c0060ad3	fcvt.w.s	x21,f12	 f12:0x00000000 x21=0x00000000
      30825.000 ns	      3081	80000c48	a1b404d3	fle.s	x9,f8,f27	  f8:0x80000000 f27:0xbf800000  x9=0x00000000
      30845.000 ns	      3083	80000c4c	40ee5933	sra	x18,x28,x14	 x28:0x3fe00000 x14:0x00000000 x18=0x3fe00000
      30865.000 ns	      3085	80000c50	2141a053	fsgnjx.s	f0,f3,f20	  f3:0x7fc00000 f20:0x09a6cf80  f0=0x7fc00000
      30895.000 ns	      3088	80000c54	e0070753	fmv.x.w	x14,f14	 f14:0x09a6cf80 x14=0x09a6cf80
      30945.000 ns	      3093	80000c58	08bd78d3	fsub.s	f17,f26,f11	 f26:0xff800000 f11:0xff800000 f17=0x00000000
      30975.000 ns	      3096	80000c5c	03a406b3	mul	x13,x8,x26	  x8:0x00000000 x26:0xffffffff x13=0x00000000
      31005.000 ns	      3099	80000c60	03573733	mulhu	x14,x14,x21	 x14:0x09a6cf80 x21:0x00000000 x14=0x00000000
      31025.000 ns	      3101	80000c64	40ac5b13	srai	x22,x24,0xa	 x24:0x00000000 x22=0x00000000
      31035.000 ns	      3102	80000c68	01e61333	sll	x6,x12,x30	 x12:0x80040fe4 x30:0x00000000  x6=0x80040fe4
      31045.000 ns	      3103	80000c6c	00125e13	srli	x28,x4,0x1	  x4:0x00000000 x28=0x00000000
      31055.000 ns	      3104	80000c70	005b9893	slli	x17,x23,0x5	 x23:0xffffffff x17=0xffffffe0
      31065.000 ns	      3105	80000c74	01dfdc93	srli	x25,x31,0x1d	 x31:0x00000024 x25=0x00000000
      31085.000 ns	      3107	80000c78	216b0853	fsgnj.s	f16,f22,f22	 f22:0x7fc00000 f22:0x7fc00000 f16=0x7fc00000
      31115.000 ns	      3110	80000c7c	20f8ae53	fsgnjx.s	f28,f17,f15	 f17:0x00000000 f15:0x7c8954c0 f28=0x00000000
      31165.000 ns	      3115	80000c80	01b3b953	fadd.s	f18,f7,f27	  f7:0x00000000 f27:0xbf800000 f18=0xbf800000
      31195.000 ns	      3118	80000c84	021640b3	div	x1,x12,x1	 x12:0x80040fe4  x1:0x00000000  x1=0xffffffff
      31235.000 ns	      3122	80000c88	1126cf53	fmul.s	f30,f13,f18	 f13:0x00000000 f18:0xbf800000 f30=0x80000000
      31255.000 ns	      3124	80000c8c	001160b3	or	x1,x2,x1	  x2:0xed14be56  x1:0xffffffff  x1=0xffffffff
      31265.000 ns	      3125	80000c90	00813cb3	sltu	x25,x2,x8	  x2:0xed14be56  x8:0x00000000 x25=0x00000000
      31285.000 ns	      3127	80000c94	21ff1fd3	fsgnjn.s	f31,f30,f31	 f30:0x80000000 f31:0x7fc00000 f31=0x80000000
      31335.000 ns	      3132	80000c98	09efff53	fsub.s	f30,f31,f30	 f31:0x7fc00000 f30:0x80000000 f30=0x00000000
      31355.000 ns	      3134	80000c9c	004e14b3	sll	x9,x28,x4	 x28:0x00000000  x4:0x00000000  x9=0x00000000
      31385.000 ns	      3137	80000ca0	102628d3	fmul.s	f17,f12,f2	 f12:0x00000000  f2:0x7fc00000 f17=0x7fc00000
      31415.000 ns	      3140	80000ca4	03fa07b3	mul	x15,x20,x31	 x20:0x00000000 x31:0x00000024 x15=0x00000000
      31435.000 ns	      3142	80000ca8	404c5f33	sra	x30,x24,x4	 x24:0x00000000  x4:0x00000000 x30=0x00000000
      31455.000 ns	      3144	80000cac	21130953	fsgnj.s	f18,f6,f17	  f6:0x00000000 f17:0x7fc00000 f18=0x00000000
      31475.000 ns	      3146	80000cb0	414c5c13	srai	x24,x24,0x14	 x24:0x00000000 x24=0x00000000
      31505.000 ns	      3149	80000cb4	580478d3	fsqrt.s	f17,f8	  f8:0x80000000 f17=0x80000000
      31525.000 ns	      3151	80000cb8	00000013	addi	x0,x0,0	  x0:0x00000000
      31535.000 ns	      3152	80000cbc	00c31333	sll	x6,x6,x12	  x6:0x80040fe4 x12:0x80040fe4  x6=0x0040fe40
      31555.000 ns	      3154	80000cc0	034f6e33	rem	x28,x30,x20	 x30:0x00000000 x20:0x00000000 x28=0x00000000
      31585.000 ns	      3157	80000cc4	21c71053	fsgnjn.s	f0,f14,f28	 f14:0x09a6cf80 f28:0x00000000  f0=0x89a6cf80
      31605.000 ns	      3159	80000cc8	9ece3d13	sltiu	x26,x28,-1556	 x28:0x00000000 x26=0x00000001
      31625.000 ns	      3161	80000ccc	a1490ad3	fle.s	x21,f18,f20	 f18:0x00000000 f20:0x09a6cf80 x21=0x00000001
      31645.000 ns	      3163	80000cd0	01e19793	slli	x15,x3,0x1e	  x3:0x00000000 x15=0x00000000
      31665.000 ns	      3165	80000cd4	03cd4333	div	x6,x26,x28	 x26:0x00000001 x28:0x00000000  x6=0xffffffff
      31685.000 ns	      3167	80000cd8	01125213	srli	x4,x4,0x11	  x4:0x00000000  x4=0x00000000
      31695.000 ns	      3168	80000cdc	41b45f33	sra	x30,x8,x27	  x8:0x00000000 x27:0x00000001 x30=0x00000000
      31715.000 ns	      3170	80000ce0	a06089d3	fle.s	x19,f1,f6	  f1:0x00000000  f6:0x00000000 x19=0x00000001
      31745.000 ns	      3173	80000ce4	d0167cd3	fcvt.s.wu	f25,x12	 x12:0x80040fe4 f25=0x4f00040f
      31795.000 ns	      3178	80000ce8	0914fbd3	fsub.s	f23,f9,f17	  f9:0x00000000 f17:0x80000000 f23=0x00000000
      31815.000 ns	      3180	80000cec	05657493	andi	x9,x10,86	 x10:0x00000000  x9=0x00000000
      31825.000 ns	      3181	80000cf0	00075513	srli	x10,x14,0x0	 x14:0x00000000 x10=0x00000000
      32185.000 ns	      3217	80000cf4	026c71b3	remu	x3,x24,x6	 x24:0x00000000  x6:0xffffffff  x3=0x00000000
      32215.000 ns	      3220	80000cf8	037134b3	mulhu	x9,x2,x23	  x2:0xed14be56 x23:0xffffffff  x9=0xed14be55
      32245.000 ns	      3223	80000cfc	295a0553	fmin.s	f10,f20,f21	 f20:0x09a6cf80 f21:0x7fc00000 f10=0x09a6cf80
      32295.000 ns	      3228	80000d00	08909553	fsub.s	f10,f1,f9	  f1:0x00000000  f9:0x00000000 f10=0x80000000
      32315.000 ns	      3230	80000d04	01b57bb3	and	x23,x10,x27	 x10:0x00000000 x27:0x00000001 x23=0x00000000
      32335.000 ns	      3232	80000d08	d0107353	fcvt.s.wu	f6,x0	  x0:0x00000000  f6=0x00000000
      32375.000 ns	      3236	80000d0c	5800f1d3	fsqrt.s	f3,f1	  f1:0x00000000  f3=0x00000000
      32415.000 ns	      3240	80000d10	104d3153	fmul.s	f2,f26,f4	 f26:0xff800000  f4:0x7fc00000  f2=0x7fc00000
      32435.000 ns	      3242	80000d14	01441593	slli	x11,x8,0x14	  x8:0x00000000 x11=0x00000000
      32455.000 ns	      3244	80000d18	a15f1553	flt.s	x10,f30,f21	 f30:0x00000000 f21:0x7fc00000 x10=0x00000000
      32485.000 ns	      3247	80000d1c	c0127553	fcvt.wu.s	x10,f4	  f4:0x7fc00000 x10=0xffffffff
      32505.000 ns	      3249	80000d20	6a8ac013	xori	x0,x21,1704	 x21:0x00000001
      32515.000 ns	      3250	80000d24	01e7e733	or	x14,x15,x30	 x15:0x00000000 x30:0x00000000 x14=0x00000000
      32545.000 ns	      3253	80000d28	18a695d3	fdiv.s	f11,f13,f10	 f13:0x00000000 f10:0x80000000 f11=0x7fc00000
      32575.000 ns	      3256	80000d2c	e00e8053	fmv.x.w	x0,f29	 f29:0xff800000
      32595.000 ns	      3258	80000d30	fa3dc237	lui	x4,0xfa3dc	  x4=0xfa3dc000
      32615.000 ns	      3260	80000d34	02b72c33	mulhsu	x24,x14,x11	 x14:0x00000000 x11:0x00000000 x24=0x00000000
      32655.000 ns	      3264	80000d38	1891f1d3	fdiv.s	f3,f3,f9	  f3:0x00000000  f9:0x00000000  f3=0x7fc00000
      32685.000 ns	      3267	80000d3c	f0000c53	fmv.w.x	f24,x0	  x0:0x00000000 f24=0x00000000
      32715.000 ns	      3270	80000d40	03c964b3	rem	x9,x18,x28	 x18:0x3fe00000 x28:0x00000000  x9=0x3fe00000
      32735.000 ns	      3272	80000d44	017ec1b3	xor	x3,x29,x23	 x29:0x80041024 x23:0x00000000  x3=0x80041024
      32745.000 ns	      3273	80000d48	321c0313	addi	x6,x24,801	 x24:0x00000000  x6=0x00000321
      32755.000 ns	      3274	80000d4c	01731c93	slli	x25,x6,0x17	  x6:0xffffffff x25=0x90800000
      32765.000 ns	      3275	80000d50	12cc6913	ori	x18,x24,300	 x24:0x00000000 x18=0x0000012c
      32775.000 ns	      3276	80000d54	00c56333	or	x6,x10,x12	 x10:0xffffffff x12:0x80040fe4  x6=0xffffffff
      32785.000 ns	      3277	80000d58	010486b3	add	x13,x9,x16	  x9:0x3fe00000 x16:0xfffffb78 x13=0x3fdffb78
      32805.000 ns	      3279	80000d5c	e00b1cd3	fclass.s	x25,f22	 f22:0x7fc00000 x25=0x00000200
      32835.000 ns	      3282	80000d60	c00d9853	fcvt.w.s	x16,f27	 f27:0xbf800000 x16=0xffffffff
      32865.000 ns	      3285	80000d64	21792553	fsgnjx.s	f10,f18,f23	 f18:0x00000000 f23:0x00000000 f10=0x00000000
      32905.000 ns	      3289	80000d68	580ef1d3	fsqrt.s	f3,f29	 f29:0xff800000  f3=0x7fc00000
      32955.000 ns	      3294	80000d6c	01d7f353	fadd.s	f6,f15,f29	 f15:0x7c8954c0 f29:0xff800000  f6=0xff800000
      32985.000 ns	      3297	80000d70	a1c1a753	feq.s	x14,f3,f28	  f3:0x7fc00000 f28:0x00000000 x14=0x00000000
      33005.000 ns	      3299	80000d74	6a6c2293	slti	x5,x24,1702	 x24:0x00000000  x5=0x00000001
      33015.000 ns	      3300	80000d78	0b4aba17	auipc	x20,0xb4ab	 x20=0x8b4abd78
      33045.000 ns	      3303	80000d7c	1870b9d3	fdiv.s	f19,f1,f7	  f1:0x00000000  f7:0x00000000 f19=0x7fc00000
      33095.000 ns	      3308	80000d80	0952f0d3	fsub.s	f1,f5,f21	  f5:0x00000001 f21:0x7fc00000  f1=0x7fc00000
      33115.000 ns	      3310	80000d84	ec18c813	xori	x16,x17,-319	 x17:0xffffffe0 x16=0x00000121
      33125.000 ns	      3311	80000d88	21096f13	ori	x30,x18,528	 x18:0x0000012c x30=0x0000033c
      33145.000 ns	      3313	80000d8c	218005d3	fsgnj.s	f11,f0,f24	  f0:0x89a6cf80 f24:0x00000000 f11=0x09a6cf80
      33175.000 ns	      3316	80000d90	282d8cd3	fmin.s	f25,f27,f2	 f27:0xbf800000  f2:0x7fc00000 f25=0xbf800000
      33205.000 ns	      3319	80000d94	d005fa53	fcvt.s.w	f20,x11	 x11:0x00000000 f20=0x00000000
      33225.000 ns	      3321	80000d98	f29ce813	ori	x16,x25,-215	 x25:0x00000200 x16=0xffffff29
      33235.000 ns	      3322	80000d9c	00043733	sltu	x14,x8,x0	  x8:0x00000000  x0:0x00000000 x14=0x00000000
      33245.000 ns	      3323	80000da0	016f5013	srli	x0,x30,0x16	 x30:0x0000033c
      33255.000 ns	      3324	80000da4	01cb8ab3	add	x21,x23,x28	 x23:0x00000000 x28:0x00000000 x21=0x00000000
      33265.000 ns	      3325	80000da8	30ce4013	xori	x0,x28,780	 x28:0x00000000
      33305.000 ns	      3329	80000dac	001b7553	fadd.s	f10,f22,f1	 f22:0x7fc00000  f1:0x7fc00000 f10=0x7fc00000
      33335.000 ns	      3332	80000db0	a0058cd3	fle.s	x25,f11,f0	 f11:0x09a6cf80  f0:0x89a6cf80 x25=0x00000000
      33705.000 ns	      3369	80000db4	0298e3b3	rem	x7,x17,x9	 x17:0xffffffe0  x9:0x3fe00000  x7=0xffffffe0
      33725.000 ns	      3371	80000db8	00561db3	sll	x27,x12,x5	 x12:0x80040fe4  x5:0x00000001 x27=0x00081fc8
      33765.000 ns	      3375	80000dbc	00f2f2d3	fadd.s	f5,f5,f15	  f5:0x00000001 f15:0x7c8954c0  f5=0x7c8954c0
      33785.000 ns	      3377	80000dc0	51f80813	addi	x16,x16,1311	 x16:0xffffff29 x16=0x00000448
      33795.000 ns	      3378	80000dc4	01daea33	or	x20,x21,x29	 x21:0x00000000 x29:0x80041024 x20=0x80041024
      33805.000 ns	      3379	80000dc8	1c7af813	andi	x16,x21,455	 x21:0x00000000 x16=0x00000000
      33815.000 ns	      3380	80000dcc	0035e833	or	x16,x11,x3	 x11:0x00000000  x3:0x80041024 x16=0x80041024
      33835.000 ns	      3382	80000dd0	0298af33	mulhsu	x30,x17,x9	 x17:0xffffffe0  x9:0x3fe00000 x30=0xfffffff8
      33865.000 ns	      3385	80000dd4	a0040253	fle.s	x4,f8,f0	  f8:0x80000000  f0:0x89a6cf80  x4=0x00000000
      33885.000 ns	      3387	80000dd8	01990533	add	x10,x18,x25	 x18:0x0000012c x25:0x00000000 x10=0x0000012c
      33905.000 ns	      3389	80000ddc	291b85d3	fmin.s	f11,f23,f17	 f23:0x00000000 f17:0x80000000 f11=0x80000000
      34275.000 ns	      3426	80000de0	0219db33	divu	x22,x19,x1	 x19:0x00000001  x1:0xffffffff x22=0x00000000
      34305.000 ns	      3429	80000de4	e00d8053	fmv.x.w	x0,f27	 f27:0xbf800000
      34325.000 ns	      3431	80000de8	013e12b3	sll	x5,x28,x19	 x28:0x00000000 x19:0x00000001  x5=0x00000000
      34345.000 ns	      3433	80000dec	039327b3	mulhsu	x15,x6,x25	  x6:0xffffffff x25:0x00000000 x15=0x00000000
      34375.000 ns	      3436	80000df0	d00793d3	fcvt.s.w	f7,x15	 x15:0x00000000  f7=0x00000000
      34405.000 ns	      3439	80000df4	21ef2f53	fsgnjx.s	f30,f30,f30	 f30:0x00000000 f30:0x00000000 f30=0x00000000
      34435.000 ns	      3442	80000df8	d006f9d3	fcvt.s.w	f19,x13	 x13:0x3fdffb78 f19=0x4e7f7fed
      34465.000 ns	      3445	80000dfc	e00097d3	fclass.s	x15,f1	  f1:0x7fc00000 x15=0x00000200
      34485.000 ns	      3447	80000e00	9bf1e413	ori	x8,x3,-1601	  x3:0x80041024  x8=0xfffff9bf
      34505.000 ns	      3449	80000e04	21862bd3	fsgnjx.s	f23,f12,f24	 f12:0x00000000 f24:0x00000000 f23=0x00000000
      34525.000 ns	      3451	80000e08	8a2ab417	auipc	x8,0x8a2ab	  x8=0x0a2abe08
      34885.000 ns	      3487	80000e0c	03aed233	divu	x4,x29,x26	 x29:0x80041024 x26:0x00000001  x4=0x80041024
      34905.000 ns	      3489	80000e10	33cb9797	auipc	x15,0x33cb9	 x15=0xb3cb9e10
      34925.000 ns	      3491	80000e14	d01af853	fcvt.s.wu	f16,x21	 x21:0x00000000 f16=0x00000000
      34945.000 ns	      3493	80000e18	1a9f2f93	slti	x31,x30,425	 x30:0xfffffff8 x31=0x00000001
      34965.000 ns	      3495	80000e1c	20bc98d3	fsgnjn.s	f17,f25,f11	 f25:0xbf800000 f11:0x80000000 f17=0x3f800000
      34995.000 ns	      3498	80000e20	03d9b233	mulhu	x4,x19,x29	 x19:0x00000001 x29:0x80041024  x4=0x00000000
      35015.000 ns	      3500	80000e24	f69ecb97	auipc	x23,0xf69ec	 x23=0x769ece24
      35025.000 ns	      3501	80000e28	7343f217	auipc	x4,0x7343f	  x4=0xf343fe28
      35045.000 ns	      3503	80000e2c	c00d98d3	fcvt.w.s	x17,f27	 f27:0xbf800000 x17=0xffffffff
      35065.000 ns	      3505	80000e30	01ce5d33	srl	x26,x28,x28	 x28:0x00000000 x28:0x00000000 x26=0x00000000
      35085.000 ns	      3507	80000e34	0205c433	div	x8,x11,x0	 x11:0x00000000  x0:0x00000000  x8=0xffffffff
      35135.000 ns	      3512	80000e38	0002f353	fadd.s	f6,f5,f0	  f5:0x7c8954c0  f0:0x89a6cf80  f6=0x7c8954c0
      35165.000 ns	      3515	80000e3c	e00d92d3	fclass.s	x5,f27	 f27:0xbf800000  x5=0x00000002
      35185.000 ns	      3517	80000e40	411e5d33	sra	x26,x28,x17	 x28:0x00000000 x17:0xffffffff x26=0x00000000
      35195.000 ns	      3518	80000e44	0081a6b3	slt	x13,x3,x8	  x3:0x80041024  x8:0xffffffff x13=0x00000001
      35205.000 ns	      3519	80000e48	419d5933	sra	x18,x26,x25	 x26:0x00000000 x25:0x00000000 x18=0x00000000
      35225.000 ns	      3521	80000e4c	c00c2353	fcvt.w.s	x6,f24	 f24:0x00000000  x6=0x00000000
      35275.000 ns	      3526	80000e50	092ba553	fsub.s	f10,f23,f18	 f23:0x00000000 f18:0x00000000 f10=0x80000000
      35295.000 ns	      3528	80000e54	9e528817	auipc	x16,0x9e528	 x16=0x1e528e54
      35655.000 ns	      3564	80000e58	02f4d533	divu	x10,x9,x15	  x9:0x3fe00000 x15:0xb3cb9e10 x10=0x00000000
      35685.000 ns	      3567	80000e5c	d007bb53	fcvt.s.w	f22,x15	 x15:0xb3cb9e10 f22=0xce9868c4
      35715.000 ns	      3570	80000e60	03a6aa33	mulhsu	x20,x13,x26	 x13:0x00000001 x26:0x00000000 x20=0x00000000
      35745.000 ns	      3573	80000e64	f00d8dd3	fmv.w.x	f27,x27	 x27:0x00081fc8 f27=0x00081fc8
      35765.000 ns	      3575	80000e68	018fe2b3	or	x5,x31,x24	 x31:0x00000001 x24:0x00000000  x5=0x00000001
      35775.000 ns	      3576	80000e6c	a08491b7	lui	x3,0xa0849	  x3=0xa0849000
      35795.000 ns	      3578	80000e70	e0040ad3	fmv.x.w	x21,f8	  f8:0x80000000 x21=0x80000000
      35825.000 ns	      3581	80000e74	f0058c53	fmv.w.x	f24,x11	 x11:0x00000000 f24=0x00000000
      35845.000 ns	      3583	80000e78	0f6d1017	auipc	x0,0xf6d1	
      35855.000 ns	      3584	80000e7c	00d67d33	and	x26,x12,x13	 x12:0x80040fe4 x13:0x00000001 x26=0x00000000
      35865.000 ns	      3585	80000e80	524d6793	ori	x15,x26,1316	 x26:0x00000000 x15=0x00000524
      35885.000 ns	      3587	80000e84	20939053	fsgnjn.s	f0,f7,f9	  f7:0x00000000  f9:0x00000000  f0=0x80000000
      35915.000 ns	      3590	80000e88	d01e72d3	fcvt.s.wu	f5,x28	 x28:0x00000000  f5=0x00000000
      35945.000 ns	      3593	80000e8c	296d1c53	fmax.s	f24,f26,f22	 f26:0xff800000 f22:0xce9868c4 f24=0xce9868c4
      35965.000 ns	      3595	80000e90	00edd393	srli	x7,x27,0xe	 x27:0x00081fc8  x7=0x00000020
      35995.000 ns	      3598	80000e94	580095d3	fsqrt.s	f11,f1	  f1:0x7fc00000 f11=0x7fc00000
      36045.000 ns	      3603	80000e98	0038ffd3	fadd.s	f31,f17,f3	 f17:0x3f800000  f3:0x7fc00000 f31=0x7fc00000
      36085.000 ns	      3607	80000e9c	18e6ad53	fdiv.s	f26,f13,f14	 f13:0x00000000 f14:0x09a6cf80 f26=0x00000000
      36105.000 ns	      3609	80000ea0	55db8d13	addi	x26,x23,1373	 x23:0x769ece24 x26=0x769ed381
      36125.000 ns	      3611	80000ea4	29099c53	fmax.s	f24,f19,f16	 f19:0x4e7f7fed f16:0x00000000 f24=0x4e7f7fed
      36155.000 ns	      3614	80000ea8	21e61053	fsgnjn.s	f0,f12,f30	 f12:0x00000000 f30:0x00000000  f0=0x80000000
      36185.000 ns	      3617	80000eac	21b90853	fsgnj.s	f16,f18,f27	 f18:0x00000000 f27:0x00081fc8 f16=0x00000000
      36215.000 ns	      3620	80000eb0	f00f0bd3	fmv.w.x	f23,x30	 x30:0xfffffff8 f23=0xfffffff8
      36235.000 ns	      3622	80000eb4	278fe013	ori	x0,x31,632	 x31:0x00000001
      36265.000 ns	      3625	80000eb8	11b3f6d3	fmul.s	f13,f7,f27	  f7:0x00000000 f27:0x00081fc8 f13=0x00000000
      36295.000 ns	      3628	80000ebc	a1782753	feq.s	x14,f16,f23	 f16:0x00000000 f23:0xfffffff8 x14=0x00000000
      36335.000 ns	      3632	80000ec0	19ccf7d3	fdiv.s	f15,f25,f28	 f25:0xbf800000 f28:0x00000000 f15=0xff800000
      36355.000 ns	      3634	80000ec4	01125213	srli	x4,x4,0x11	  x4:0xf343fe28  x4=0x000079a1
      36365.000 ns	      3635	80000ec8	0115f9b3	and	x19,x11,x17	 x11:0x00000000 x17:0xffffffff x19=0x00000000
      36385.000 ns	      3637	80000ecc	02d13fb3	mulhu	x31,x2,x13	  x2:0xed14be56 x13:0x00000001 x31=0x00000000
      36415.000 ns	      3640	80000ed0	c008ba53	fcvt.w.s	x20,f17	 f17:0x3f800000 x20=0x00000001
      36445.000 ns	      3643	80000ed4	039b9bb3	mulh	x23,x23,x25	 x23:0x769ece24 x25:0x00000000 x23=0x00000000
      36465.000 ns	      3645	80000ed8	6a903a93	sltiu	x21,x0,1705	  x0:0x00000000 x21=0x00000001
      36825.000 ns	      3681	80000edc	027a6333	rem	x6,x20,x7	 x20:0x00000001  x7:0x00000020  x6=0x00000001
      36845.000 ns	      3683	80000ee0	00a2c033	xor	x0,x5,x10	  x5:0x00000001 x10:0x00000000
      36855.000 ns	      3684	80000ee4	004d1db3	sll	x27,x26,x4	 x26:0x769ed381  x4:0x000079a1 x27=0xed3da702
      37215.000 ns	      3720	80000ee8	030759b3	divu	x19,x14,x16	 x14:0x00000000 x16:0x1e528e54 x19=0x00000000
      37235.000 ns	      3722	80000eec	01e45f13	srli	x30,x8,0x1e	  x8:0xffffffff x30=0x00000003
      37265.000 ns	      3725	80000ef0	1017f7d3	fmul.s	f15,f15,f1	 f15:0xff800000  f1:0x7fc00000 f15=0x7fc00000
      37285.000 ns	      3727	80000ef4	5d523493	sltiu	x9,x4,1493	  x4:0x000079a1  x9=0x00000000
      37295.000 ns	      3728	80000ef8	40c35933	sra	x18,x6,x12	  x6:0x00000001 x12:0x80040fe4 x18=0x00000000
      37305.000 ns	      3729	80000efc	3b738393	addi	x7,x7,951	  x7:0x00000020  x7=0x000003d7
      37325.000 ns	      3731	80000f00	f0068753	fmv.w.x	f14,x13	 x13:0x00000001 f14=0x00000001
      37345.000 ns	      3733	80000f04	00b1cf33	xor	x30,x3,x11	  x3:0xa0849000 x11:0x00000000 x30=0xa0849000
      37375.000 ns	      3736	80000f08	580efb53	fsqrt.s	f22,f29	 f29:0xff800000 f22=0x7fc00000
      37425.000 ns	      3741	80000f0c	09739953	fsub.s	f18,f7,f23	  f7:0x00000000 f23:0xfffffff8 f18=0x7fc00000
      37445.000 ns	      3743	80000f10	0e02fb93	andi	x23,x5,224	  x5:0x00000001 x23=0x00000000
      37455.000 ns	      3744	80000f14	6a35e793	ori	x15,x11,1699	 x11:0x00000000 x15=0x000006a3
      37485.000 ns	      3747	80000f18	580cbbd3	fsqrt.s	f23,f25	 f25:0xbf800000 f23=0x7fc00000
      37515.000 ns	      3750	80000f1c	c01ab853	fcvt.wu.s	x16,f21	 f21:0x7fc00000 x16=0xffffffff
      37545.000 ns	      3753	80000f20	03d9ae33	mulhsu	x28,x19,x29	 x19:0x00000000 x29:0x80041024 x28=0x00000000
      37565.000 ns	      3755	80000f24	00a25793	srli	x15,x4,0xa	  x4:0x000079a1 x15=0x0000001e
      37585.000 ns	      3757	80000f28	d00fae53	fcvt.s.w	f28,x31	 x31:0x00000000 f28=0x00000000
      37605.000 ns	      3759	80000f2c	5ee3fa93	andi	x21,x7,1518	  x7:0x000003d7 x21=0x000001c6
      37615.000 ns	      3760	80000f30	017d98b3	sll	x17,x27,x23	 x27:0xed3da702 x23:0x00000000 x17=0xed3da702
      37975.000 ns	      3796	80000f34	031364b3	rem	x9,x6,x17	  x6:0x00000001 x17:0xffffffff  x9=0x00000001
      38005.000 ns	      3799	80000f38	c012fc53	fcvt.wu.s	x24,f5	  f5:0x00000000 x24=0x00000000
      38025.000 ns	      3801	80000f3c	413ad3b3	sra	x7,x21,x19	 x21:0x000001c6 x19:0x00000000  x7=0x000001c6
      38385.000 ns	      3837	80000f40	03de7233	remu	x4,x28,x29	 x28:0x00000000 x29:0x80041024  x4=0x00000000
      38405.000 ns	      3839	80000f44	402b5933	sra	x18,x22,x2	 x22:0x00000000  x2:0xed14be56 x18=0x00000000
      38415.000 ns	      3840	80000f48	018584b3	add	x9,x11,x24	 x11:0x00000000 x24:0x00000000  x9=0x00000000
      38425.000 ns	      3841	80000f4c	00000013	addi	x0,x0,0	  x0:0x00000000
      38435.000 ns	      3842	80000f50	014b6733	or	x14,x22,x20	 x22:0x00000000 x20:0x00000001 x14=0x00000001
      38475.000 ns	      3846	80000f54	0958ff53	fsub.s	f30,f17,f21	 f17:0x3f800000 f21:0x7fc00000 f30=0x7fc00000
      38505.000 ns	      3849	80000f58	20219253	fsgnjn.s	f4,f3,f2	  f3:0x7fc00000  f2:0x7fc00000  f4=0xffc00000
      38535.000 ns	      3852	80000f5c	03c28733	mul	x14,x5,x28	  x5:0x00000001 x28:0x00000000 x14=0x00000000
      38565.000 ns	      3855	80000f60	29e510d3	fmax.s	f1,f10,f30	 f10:0x80000000 f30:0x7fc00000  f1=0x80000000
      38595.000 ns	      3858	80000f64	f0000a53	fmv.w.x	f20,x0	  x0:0x00000000 f20=0x00000000
      38625.000 ns	      3861	80000f68	a06e26d3	feq.s	x13,f28,f6	 f28:0x00000000  f6:0x7c8954c0 x13=0x00000000
      38645.000 ns	      3863	80000f6c	408cdd33	sra	x26,x25,x8	 x25:0x00000000  x8:0xffffffff x26=0x00000000
      38665.000 ns	      3865	80000f70	c009f753	fcvt.w.s	x14,f19	 f19:0x4e7f7fed x14=0x3fdffb40
      38715.000 ns	      3870	80000f74	082723d3	fsub.s	f7,f14,f2	 f14:0x00000001  f2:0x7fc00000  f7=0x7fc00000
      38765.000 ns	      3875	80000f78	09e094d3	fsub.s	f9,f1,f30	  f1:0x80000000 f30:0x7fc00000  f9=0x7fc00000
      38795.000 ns	      3878	80000f7c	e00913d3	fclass.s	x7,f18	 f18:0x7fc00000  x7=0x00000200
      38815.000 ns	      3880	80000f80	01211a33	sll	x20,x2,x18	  x2:0xed14be56 x18:0x00000000 x20=0xed14be56
      38835.000 ns	      3882	80000f84	21ab9453	fsgnjn.s	f8,f23,f26	 f23:0x7fc00000 f26:0x00000000  f8=0xffc00000
      38865.000 ns	      3885	80000f88	0229ab33	mulhsu	x22,x19,x2	 x19:0x00000000  x2:0xed14be56 x22=0x00000000
      38895.000 ns	      3888	80000f8c	c0049d53	fcvt.w.s	x26,f9	  f9:0x7fc00000 x26=0x7fffffff
      38915.000 ns	      3890	80000f90	001c8233	add	x4,x25,x1	 x25:0x00000000  x1:0xffffffff  x4=0xffffffff
      38935.000 ns	      3892	80000f94	209a8d53	fsgnj.s	f26,f21,f9	 f21:0x7fc00000  f9:0x7fc00000 f26=0x7fc00000
      38955.000 ns	      3894	80000f98	00def2b3	and	x5,x29,x13	 x29:0x80041024 x13:0x00000000  x5=0x00000000
      38975.000 ns	      3896	80000f9c	0290cf33	div	x30,x1,x9	  x1:0xffffffff  x9:0x00000000 x30=0xffffffff
      38995.000 ns	      3898	80000fa0	00000013	addi	x0,x0,0	  x0:0x00000000
      39015.000 ns	      3900	80000fa4	e00d8953	fmv.x.w	x18,f27	 f27:0x00081fc8 x18=0x00081fc8
      39055.000 ns	      3904	80000fa8	5803a0d3	fsqrt.s	f1,f7	  f7:0x7fc00000  f1=0x7fc00000
      39085.000 ns	      3907	80000fac	a1069d53	flt.s	x26,f13,f16	 f13:0x00000000 f16:0x00000000 x26=0x00000000
      39105.000 ns	      3909	80000fb0	0123b6b3	sltu	x13,x7,x18	  x7:0x00000200 x18:0x00081fc8 x13=0x00000001
      39125.000 ns	      3911	80000fb4	a12d88d3	fle.s	x17,f27,f18	 f27:0x00081fc8 f18:0x7fc00000 x17=0x00000000
      39165.000 ns	      3915	80000fb8	58087b53	fsqrt.s	f22,f16	 f16:0x00000000 f22=0x00000000
      39185.000 ns	      3917	80000fbc	00d01893	slli	x17,x0,0xd	  x0:0x00000000 x17=0x00000000
      39195.000 ns	      3918	80000fc0	01224433	xor	x8,x4,x18	  x4:0xffffffff x18:0x00081fc8  x8=0xfff7e037
      39215.000 ns	      3920	80000fc4	02a868b3	rem	x17,x16,x10	 x16:0xffffffff x10:0x00000000 x17=0xffffffff
      39245.000 ns	      3923	80000fc8	03d20db3	mul	x27,x4,x29	  x4:0xffffffff x29:0x80041024 x27=0x7ffbefdc
      39265.000 ns	      3925	80000fcc	0173fb33	and	x22,x7,x23	  x7:0x00000200 x23:0x00000000 x22=0x00000000
      39275.000 ns	      3926	80000fd0	84504293	xori	x5,x0,-1979	  x0:0x00000000  x5=0xfffff845
      39285.000 ns	      3927	80000fd4	a8d24813	xori	x16,x4,-1395	  x4:0xffffffff x16=0x00000572
      39305.000 ns	      3929	80000fd8	033944b3	div	x9,x18,x19	 x18:0x00081fc8 x19:0x00000000  x9=0xffffffff
      39335.000 ns	      3932	80000fdc	02208f33	mul	x30,x1,x2	  x1:0xffffffff  x2:0xed14be56 x30=0x12eb41aa
      39705.000 ns	      3969	80000fe0	02356bb3	rem	x23,x10,x3	 x10:0x00000000  x3:0xa0849000 x23=0x00000000
      39735.000 ns	      3972	80000fe4	02999bb3	mulh	x23,x19,x9	 x19:0x00000000  x9:0xffffffff x23=0x00000000
      39765.000 ns	      3975	80000fe8	d0100bd3	fcvt.s.wu	f23,x0	  x0:0x00000000 f23=0x00000000
      39785.000 ns	      3977	80000fec	fc59bf13	sltiu	x30,x19,-59	 x19:0x00000000 x30=0x00000001
      39795.000 ns	      3978	80000ff0	01eb8bb3	add	x23,x23,x30	 x23:0x00000000 x30:0x12eb41aa x23=0x00000001
      39815.000 ns	      3980	80000ff4	a18daad3	feq.s	x21,f27,f24	 f27:0x00081fc8 f24:0x4e7f7fed x21=0x00000000
      39835.000 ns	      3982	80000ff8	015eea33	or	x20,x29,x21	 x29:0x80041024 x21:0x000001c6 x20=0x80041024
      40195.000 ns	      4018	80000ffc	02c27fb3	remu	x31,x4,x12	  x4:0xffffffff x12:0x80040fe4 x31=0x7ffbf01b
      40215.000 ns	      4020	80001000	013cb1b3	sltu	x3,x25,x19	 x25:0x00000000 x19:0x00000000  x3=0x00000000
      40575.000 ns	      4056	80001004	024e6e33	rem	x28,x28,x4	 x28:0x00000000  x4:0xffffffff x28=0x00000000
      40595.000 ns	      4058	80001008	40645b33	sra	x22,x8,x6	  x8:0xfff7e037  x6:0x00000001 x22=0xfffbf01b
      40605.000 ns	      4059	8000100c	4846b993	sltiu	x19,x13,1156	 x13:0x00000001 x19=0x00000001
      40625.000 ns	      4061	80001010	03632433	mulhsu	x8,x6,x22	  x6:0x00000001 x22:0x00000000  x8=0x00000000
      40655.000 ns	      4064	80001014	20d819d3	fsgnjn.s	f19,f16,f13	 f16:0x00000000 f13:0x00000000 f19=0x80000000
      40685.000 ns	      4067	80001018	d0007e53	fcvt.s.w	f28,x0	  x0:0x00000000 f28=0x00000000
      40705.000 ns	      4069	8000101c	c38af513	andi	x10,x21,-968	 x21:0x00000000 x10=0x00000000
      40735.000 ns	      4072	80001020	5805f053	fsqrt.s	f0,f11	 f11:0x7fc00000  f0=0x7fc00000
      40765.000 ns	      4075	80001024	02af78b3	remu	x17,x30,x10	 x30:0x00000001 x10:0x00000000 x17=0x00000001
      40795.000 ns	      4078	80001028	f0040ed3	fmv.w.x	f29,x8	  x8:0x00000000 f29=0x00000000
      40825.000 ns	      4081	8000102c	282d1ed3	fmax.s	f29,f26,f2	 f26:0x7fc00000  f2:0x7fc00000 f29=0x7fc00000
      40845.000 ns	      4083	80001030	005f73b3	and	x7,x30,x5	 x30:0x00000001  x5:0xfffff845  x7=0x00000001
      40865.000 ns	      4085	80001034	a0cfa7d3	feq.s	x15,f31,f12	 f31:0x7fc00000 f12:0x00000000 x15=0x00000000
      40885.000 ns	      4087	80001038	40698d33	sub	x26,x19,x6	 x19:0x00000001  x6:0x00000001 x26=0x00000000
      40905.000 ns	      4089	8000103c	d016f953	fcvt.s.wu	f18,x13	 x13:0x00000001 f18=0x3f800000
      40955.000 ns	      4094	80001040	08ad2cd3	fsub.s	f25,f26,f10	 f26:0x7fc00000 f10:0x80000000 f25=0x7fc00000
      40995.000 ns	      4098	80001044	58057c53	fsqrt.s	f24,f10	 f10:0x80000000 f24=0x80000000
      41035.000 ns	      4102	80001048	18f811d3	fdiv.s	f3,f16,f15	 f16:0x00000000 f15:0x7fc00000  f3=0x7fc00000
      41405.000 ns	      4139	8000104c	03d463b3	rem	x7,x8,x29	  x8:0x00000000 x29:0x80041024  x7=0x00000000
      41425.000 ns	      4141	80001050	00460033	add	x0,x12,x4	 x12:0x80040fe4  x4:0xffffffff
      41465.000 ns	      4145	80001054	01c9a3d3	fadd.s	f7,f19,f28	 f19:0x80000000 f28:0x00000000  f7=0x00000000
      41485.000 ns	      4147	80001058	41cd5ab3	sra	x21,x26,x28	 x26:0x00000000 x28:0x00000000 x21=0x00000000
      41505.000 ns	      4149	8000105c	216787d3	fsgnj.s	f15,f15,f22	 f15:0x7fc00000 f22:0x00000000 f15=0x7fc00000
      41535.000 ns	      4152	80001060	021c1a33	mulh	x20,x24,x1	 x24:0x00000000  x1:0xffffffff x20=0x00000000
      41555.000 ns	      4154	80001064	00599533	sll	x10,x19,x5	 x19:0x00000001  x5:0xfffff845 x10=0x00000020
      41915.000 ns	      4190	80001068	0377c033	div	x0,x15,x23	 x15:0x00000000 x23:0x00000001
      41945.000 ns	      4193	8000106c	f00a03d3	fmv.w.x	f7,x20	 x20:0x00000000  f7=0x00000000
      41975.000 ns	      4196	80001070	d0162cd3	fcvt.s.wu	f25,x12	 x12:0x80040fe4 f25=0x4f000410
      41995.000 ns	      4198	80001074	00629a13	slli	x20,x5,0x6	  x5:0xfffff845 x20=0xfffe1140
      42005.000 ns	      4199	80001078	41e10733	sub	x14,x2,x30	  x2:0xed14be56 x30:0x00000001 x14=0xed14be55
      42025.000 ns	      4201	8000107c	0271d0b3	divu	x1,x3,x7	  x3:0x00000000  x7:0x00000000  x1=0xffffffff
      42055.000 ns	      4204	80001080	d01b0653	fcvt.s.wu	f12,x22	 x22:0xfffbf01b f12=0x4f7ffbf0
      42085.000 ns	      4207	80001084	28ad90d3	fmax.s	f1,f27,f10	 f27:0x00081fc8 f10:0x80000000  f1=0x00081fc8
      42105.000 ns	      4209	80001088	f1432893	slti	x17,x6,-236	  x6:0x00000001 x17=0x00000000
      42115.000 ns	      4210	8000108c	45caf693	andi	x13,x21,1116	 x21:0x00000000 x13=0x00000000
      42135.000 ns	      4212	80001090	c01b8953	fcvt.wu.s	x18,f23	 f23:0x00000000 x18=0x00000000
      42165.000 ns	      4215	80001094	02a2b333	mulhu	x6,x5,x10	  x5:0xfffff845 x10:0x00000020  x6=0x0000001f
      42185.000 ns	      4217	80001098	002c7f33	and	x30,x24,x2	 x24:0x00000000  x2:0xed14be56 x30=0x00000000
      42195.000 ns	      4218	8000109c	01113233	sltu	x4,x2,x17	  x2:0xed14be56 x17:0x00000000  x4=0x00000000
      42205.000 ns	      4219	800010a0	4029df93	srai	x31,x19,0x2	 x19:0x00000001 x31=0x00000000
      42225.000 ns	      4221	800010a4	03438a33	mul	x20,x7,x20	  x7:0x00000000 x20:0xfffe1140 x20=0x00000000
      42245.000 ns	      4223	800010a8	004a6433	or	x8,x20,x4	 x20:0xfffe1140  x4:0x00000000  x8=0x00000000
      42275.000 ns	      4226	800010ac	580f3253	fsqrt.s	f4,f30	 f30:0x7fc00000  f4=0x7fc00000
      42295.000 ns	      4228	800010b0	0037c1b3	xor	x3,x15,x3	 x15:0x00000000  x3:0x00000000  x3=0x00000000
      42315.000 ns	      4230	800010b4	28f29cd3	fmax.s	f25,f5,f15	  f5:0x00000000 f15:0x7fc00000 f25=0x00000000
      42335.000 ns	      4232	800010b8	44fe1997	auipc	x19,0x44fe1	 x19=0xc4fe20b8
      42355.000 ns	      4234	800010bc	0273b1b3	mulhu	x3,x7,x7	  x7:0x00000000  x7:0x00000000  x3=0x00000000
      42375.000 ns	      4236	800010c0	95092213	slti	x4,x18,-1712	 x18:0x00000000  x4=0x00000000
      42395.000 ns	      4238	800010c4	d01876d3	fcvt.s.wu	f13,x16	 x16:0x00000572 f13=0x44ae4000
      42425.000 ns	      4241	800010c8	20d52a53	fsgnjx.s	f20,f10,f13	 f10:0x80000000 f13:0x00000000 f20=0x80000000
      42475.000 ns	      4246	800010cc	002ec9d3	fadd.s	f19,f29,f2	 f29:0x7fc00000  f2:0x7fc00000 f19=0x7fc00000
      42505.000 ns	      4249	800010d0	e0018753	fmv.x.w	x14,f3	  f3:0x7fc00000 x14=0x7fc00000
      42525.000 ns	      4251	800010d4	00aeffb3	and	x31,x29,x10	 x29:0x80041024 x10:0x00000020 x31=0x00000020
      42545.000 ns	      4253	800010d8	0341df33	divu	x30,x3,x20	  x3:0x00000000 x20:0x00000000 x30=0xffffffff
      42565.000 ns	      4255	800010dc	c8053c93	sltiu	x25,x10,-896	 x10:0x00000020 x25=0x00000001
      42575.000 ns	      4256	800010e0	4199dbb3	sra	x23,x19,x25	 x19:0xc4fe20b8 x25:0x00000000 x23=0xe27f105c
      42595.000 ns	      4258	800010e4	c003c7d3	fcvt.w.s	x15,f7	  f7:0x00000000 x15=0x00000000
      42615.000 ns	      4260	800010e8	403f5a33	sra	x20,x30,x3	 x30:0xffffffff  x3:0x00000000 x20=0xffffffff
      42975.000 ns	      4296	800010ec	03de54b3	divu	x9,x28,x29	 x28:0x00000000 x29:0x80041024  x9=0x00000000
      42995.000 ns	      4298	800010f0	099ca893	slti	x17,x25,153	 x25:0x00000001 x17=0x00000001
      43005.000 ns	      4299	800010f4	24d1b593	sltiu	x11,x3,589	  x3:0x00000000 x11=0x00000001
      43015.000 ns	      4300	800010f8	f8006737	lui	x14,0xf8006	 x14=0xf8006000
      43025.000 ns	      4301	800010fc	2356b493	sltiu	x9,x13,565	 x13:0x00000000  x9=0x00000001
      43045.000 ns	      4303	80001100	038fe033	rem	x0,x31,x24	 x31:0x00000020 x24:0x00000000
      43075.000 ns	      4306	80001104	d01189d3	fcvt.s.wu	f19,x3	  x3:0x00000000 f19=0x00000000
      43105.000 ns	      4309	80001108	211d8bd3	fsgnj.s	f23,f27,f17	 f27:0x00081fc8 f17:0x3f800000 f23=0x00081fc8
      43475.000 ns	      4346	8000110c	0314d6b3	divu	x13,x9,x17	  x9:0x00000001 x17:0x00000001 x13=0x00000001
      43495.000 ns	      4348	80001110	29f832b7	lui	x5,0x29f83	  x5=0x29f83000
      43505.000 ns	      4349	80001114	17633413	sltiu	x8,x6,374	  x6:0x0000001f  x8=0x00000001
      43515.000 ns	      4350	80001118	b5050c93	addi	x25,x10,-1200	 x10:0x00000020 x25=0xfffffb70
      43535.000 ns	      4352	8000111c	a0fe87d3	fle.s	x15,f29,f15	 f29:0x7fc00000 f15:0x7fc00000 x15=0x00000000
      43555.000 ns	      4354	80001120	0046dd93	srli	x27,x13,0x4	 x13:0x00000001 x27=0x00000000
      43565.000 ns	      4355	80001124	4057d7b3	sra	x15,x15,x5	 x15:0x00000000  x5:0x29f83000 x15=0x00000000
      43595.000 ns	      4358	80001128	10c3fd53	fmul.s	f26,f7,f12	  f7:0x00000000 f12:0x4f7ffbf0 f26=0x00000000
      43615.000 ns	      4360	8000112c	41475b33	sra	x22,x14,x20	 x14:0xf8006000 x20:0xffffffff x22=0xffffffff
      43635.000 ns	      4362	80001130	02f0ec33	rem	x24,x1,x15	  x1:0xffffffff x15:0x00000000 x24=0xffffffff
      43665.000 ns	      4365	80001134	d00c3e53	fcvt.s.w	f28,x24	 x24:0x00000000 f28=0xbf800000
      43685.000 ns	      4367	80001138	568ff793	andi	x15,x31,1384	 x31:0x00000020 x15=0x00000020
      43705.000 ns	      4369	8000113c	a1242b53	feq.s	x22,f8,f18	  f8:0xffc00000 f18:0x3f800000 x22=0x00000000
      43735.000 ns	      4372	80001140	a1478853	fle.s	x16,f15,f20	 f15:0x7fc00000 f20:0x80000000 x16=0x00000000
      43765.000 ns	      4375	80001144	a1b20553	fle.s	x10,f4,f27	  f4:0x7fc00000 f27:0x00081fc8 x10=0x00000000
      43785.000 ns	      4377	80001148	01bf9a13	slli	x20,x31,0x1b	 x31:0x00000020 x20=0x00000000
      43805.000 ns	      4379	8000114c	038f28b3	mulhsu	x17,x30,x24	 x30:0xffffffff x24:0xffffffff x17=0xffffffff
      43835.000 ns	      4382	80001150	a01b8e53	fle.s	x28,f23,f1	 f23:0x00081fc8  f1:0x00081fc8 x28=0x00000001
      43855.000 ns	      4384	80001154	00d91713	slli	x14,x18,0xd	 x18:0x00000000 x14=0x00000000
      43875.000 ns	      4386	80001158	a13d8553	fle.s	x10,f27,f19	 f27:0x00081fc8 f19:0x00000000 x10=0x00000000
      43905.000 ns	      4389	8000115c	020a37b3	mulhu	x15,x20,x0	 x20:0x00000000  x0:0x00000000 x15=0x00000000
      43935.000 ns	      4392	80001160	02661db3	mulh	x27,x12,x6	 x12:0x80040fe4  x6:0x0000001f x27=0xfffffff0
      43965.000 ns	      4395	80001164	0246d533	divu	x10,x13,x4	 x13:0x00000001  x4:0x00000000 x10=0xffffffff
      43985.000 ns	      4397	80001168	0162a1b3	slt	x3,x5,x22	  x5:0x29f83000 x22:0x00000000  x3=0x00000000
      43995.000 ns	      4398	8000116c	017c5d13	srli	x26,x24,0x17	 x24:0xffffffff x26=0x000001ff
      44015.000 ns	      4400	80001170	c01fff53	fcvt.wu.s	x30,f31	 f31:0x7fc00000 x30=0xffffffff
      44385.000 ns	      4437	80001174	03c0fcb3	remu	x25,x1,x28	  x1:0xffffffff x28:0x00000001 x25=0x00000000
      44405.000 ns	      4439	80001178	01b06fb3	or	x31,x0,x27	  x0:0x00000000 x27:0xfffffff0 x31=0xfffffff0
      44425.000 ns	      4441	8000117c	c019fd53	fcvt.wu.s	x26,f19	 f19:0x00000000 x26=0x00000000
      44445.000 ns	      4443	80001180	004fd433	srl	x8,x31,x4	 x31:0x00000020  x4:0x00000000  x8=0xfffffff0
      44805.000 ns	      4479	80001184	022270b3	remu	x1,x4,x2	  x4:0x00000000  x2:0xed14be56  x1=0x00000000
      44825.000 ns	      4481	80001188	41125a33	sra	x20,x4,x17	  x4:0x00000000 x17:0xffffffff x20=0x00000000
      44835.000 ns	      4482	8000118c	f5ccf593	andi	x11,x25,-164	 x25:0x00000000 x11=0x00000000
      44855.000 ns	      4484	80001190	030cc033	div	x0,x25,x16	 x25:0x00000000 x16:0x00000000
      44875.000 ns	      4486	80001194	76c50013	addi	x0,x10,1900	 x10:0xffffffff
      44915.000 ns	      4490	80001198	094f8c53	fsub.s	f24,f31,f20	 f31:0x7fc00000 f20:0x80000000 f24=0x7fc00000
      44955.000 ns	      4494	8000119c	118e24d3	fmul.s	f9,f28,f24	 f28:0xbf800000 f24:0x80000000  f9=0x7fc00000
      44985.000 ns	      4497	800011a0	29aa0853	fmin.s	f16,f20,f26	 f20:0x80000000 f26:0x00000000 f16=0x80000000
      45005.000 ns	      4499	800011a4	41b2de13	srai	x28,x5,0x1b	  x5:0x29f83000 x28=0x00000005
      45025.000 ns	      4501	800011a8	d01d1153	fcvt.s.wu	f2,x26	 x26:0x00000000  f2=0x00000000
      45045.000 ns	      4503	800011ac	c614bc93	sltiu	x25,x9,-927	  x9:0x00000001 x25=0x00000001
      45065.000 ns	      4505	800011b0	f00707d3	fmv.w.x	f15,x14	 x14:0x00000000 f15=0x00000000
      45085.000 ns	      4507	800011b4	2dc6bb93	sltiu	x23,x13,732	 x13:0x00000001 x23=0x00000001
      45095.000 ns	      4508	800011b8	01ee9cb3	sll	x25,x29,x30	 x29:0x80041024 x30:0xffffffff x25=0x00000000
      45115.000 ns	      4510	800011bc	029c2ab3	mulhsu	x21,x24,x9	 x24:0xffffffff  x9:0x00000001 x21=0xffffffff
      45145.000 ns	      4513	800011c0	027d5033	divu	x0,x26,x7	 x26:0x00000000  x7:0x00000000
      45165.000 ns	      4515	800011c4	00a54c33	xor	x24,x10,x10	 x10:0xffffffff x10:0xffffffff x24=0x00000000
      45175.000 ns	      4516	800011c8	fb853f93	sltiu	x31,x10,-72	 x10:0xffffffff x31=0x00000000
      45195.000 ns	      4518	800011cc	e00a0f53	fmv.x.w	x30,f20	 f20:0x80000000 x30=0x80000000
      45225.000 ns	      4521	800011d0	0373ae33	mulhsu	x28,x7,x23	  x7:0x00000000 x23:0x00000001 x28=0x00000000
      45255.000 ns	      4524	800011d4	a15d2dd3	feq.s	x27,f26,f21	 f26:0x00000000 f21:0x7fc00000 x27=0x00000000
      45275.000 ns	      4526	800011d8	a6d8bb13	sltiu	x22,x17,-1427	 x17:0xffffffff x22=0x00000000
      45285.000 ns	      4527	800011dc	3582d2b7	lui	x5,0x3582d	  x5=0x3582d000
      45315.000 ns	      4530	800011e0	19a6f7d3	fdiv.s	f15,f13,f26	 f13:0x44ae4000 f26:0x00000000 f15=0x7f800000
      45335.000 ns	      4532	800011e4	0157cdb3	xor	x27,x15,x21	 x15:0x00000000 x21:0xffffffff x27=0xffffffff
      45345.000 ns	      4533	800011e8	82987b37	lui	x22,0x82987	 x22=0x82987000
      45365.000 ns	      4535	800011ec	21e20bd3	fsgnj.s	f23,f4,f30	  f4:0x7fc00000 f30:0x7fc00000 f23=0x7fc00000
      45385.000 ns	      4537	800011f0	010c92b3	sll	x5,x25,x16	 x25:0x00000000 x16:0x00000000  x5=0x00000000
      45395.000 ns	      4538	800011f4	0113b3b3	sltu	x7,x7,x17	  x7:0x00000000 x17:0xffffffff  x7=0x00000001
      45755.000 ns	      4574	800011f8	037ccab3	div	x21,x25,x23	 x25:0x00000000 x23:0x00000001 x21=0x00000000
      45785.000 ns	      4577	800011fc	20b296d3	fsgnjn.s	f13,f5,f11	  f5:0x00000000 f11:0x7fc00000 f13=0x80000000
      45815.000 ns	      4580	80001200	e0078fd3	fmv.x.w	x31,f15	 f15:0x7f800000 x31=0x7f800000
      45835.000 ns	      4582	80001204	01cb65b3	or	x11,x22,x28	 x22:0x82987000 x28:0x00000000 x11=0x82987000
      46195.000 ns	      4618	80001208	027bc2b3	div	x5,x23,x7	 x23:0x00000001  x7:0x00000001  x5=0x00000001
      46215.000 ns	      4620	8000120c	00ab28b3	slt	x17,x22,x10	 x22:0x82987000 x10:0xffffffff x17=0x00000001
      46235.000 ns	      4622	80001210	21389ed3	fsgnjn.s	f29,f17,f19	 f17:0x3f800000 f19:0x00000000 f29=0xbf800000
      46265.000 ns	      4625	80001214	e00b0b53	fmv.x.w	x22,f22	 f22:0x00000000 x22=0x00000000
      46285.000 ns	      4627	80001218	a6defa93	andi	x21,x29,-1427	 x29:0x80041024 x21=0x80041024
      46325.000 ns	      4631	8000121c	096dfcd3	fsub.s	f25,f27,f22	 f27:0x00081fc8 f22:0x00000000 f25=0x00081fc8
      46345.000 ns	      4633	80001220	00cf39b3	sltu	x19,x30,x12	 x30:0x80000000 x12:0x80040fe4 x19=0x00000001
      46355.000 ns	      4634	80001224	00e21e33	sll	x28,x4,x14	  x4:0x00000000 x14:0x00000000 x28=0x00000000
      46365.000 ns	      4635	80001228	01a2ff33	and	x30,x5,x26	  x5:0x00000001 x26:0x00000000 x30=0x00000000
      46385.000 ns	      4637	8000122c	c00872d3	fcvt.w.s	x5,f16	 f16:0x80000000  x5=0x00000000
      46405.000 ns	      4639	80001230	40f25733	sra	x14,x4,x15	  x4:0x00000000 x15:0x00000000 x14=0x00000000
      46415.000 ns	      4640	80001234	01b72833	slt	x16,x14,x27	 x14:0x00000000 x27:0xffffffff x16=0x00000000
      46425.000 ns	      4641	80001238	01f85793	srli	x15,x16,0x1f	 x16:0x00000000 x15=0x00000000
      46445.000 ns	      4643	8000123c	f00d8f53	fmv.w.x	f30,x27	 x27:0xffffffff f30=0xffffffff
      46495.000 ns	      4648	80001240	08f64953	fsub.s	f18,f12,f15	 f12:0x4f7ffbf0 f15:0x7f800000 f18=0xff800000
      46525.000 ns	      4651	80001244	290f08d3	fmin.s	f17,f30,f16	 f30:0xffffffff f16:0x80000000 f17=0x80000000
      46545.000 ns	      4653	80001248	010bdab3	srl	x21,x23,x16	 x23:0x00000001 x16:0x00000000 x21=0x00000001
      46565.000 ns	      4655	8000124c	03130533	mul	x10,x6,x17	  x6:0x0000001f x17:0x00000001 x10=0x0000001f
      46595.000 ns	      4658	80001250	21409253	fsgnjn.s	f4,f1,f20	  f1:0x00081fc8 f20:0x80000000  f4=0x00081fc8
      46615.000 ns	      4660	80001254	0057a0b3	slt	x1,x15,x5	 x15:0x00000000  x5:0x00000000  x1=0x00000000
      46625.000 ns	      4661	80001258	d10ee437	lui	x8,0xd10ee	  x8=0xd10ee000
      46645.000 ns	      4663	8000125c	0364cc33	div	x24,x9,x22	  x9:0x00000001 x22:0x00000000 x24=0xffffffff
      46675.000 ns	      4666	80001260	21f507d3	fsgnj.s	f15,f10,f31	 f10:0x80000000 f31:0x7fc00000 f15=0x00000000
      46695.000 ns	      4668	80001264	00089233	sll	x4,x17,x0	 x17:0x00000001  x0:0x00000000  x4=0x00000001
      46705.000 ns	      4669	80001268	40d2dd33	sra	x26,x5,x13	  x5:0x00000000 x13:0x00000001 x26=0x00000000
      46725.000 ns	      4671	8000126c	d00b23d3	fcvt.s.w	f7,x22	 x22:0x00000000  f7=0x00000000
      46745.000 ns	      4673	80001270	409dd5b3	sra	x11,x27,x9	 x27:0xffffffff  x9:0x00000001 x11=0xffffffff
      46765.000 ns	      4675	80001274	29948753	fmin.s	f14,f9,f25	  f9:0x7fc00000 f25:0x00081fc8 f14=0x00081fc8
      46795.000 ns	      4678	80001278	21020b53	fsgnj.s	f22,f4,f16	  f4:0x00081fc8 f16:0x80000000 f22=0x80081fc8
      46825.000 ns	      4681	8000127c	e00b9553	fclass.s	x10,f23	 f23:0x7fc00000 x10=0x00000200
      46855.000 ns	      4684	80001280	02288b33	mul	x22,x17,x2	 x17:0x00000001  x2:0xed14be56 x22=0xed14be56
      46885.000 ns	      4687	80001284	03c4f0b3	remu	x1,x9,x28	  x9:0x00000001 x28:0x00000000  x1=0x00000001
      46915.000 ns	      4690	80001288	e0009dd3	fclass.s	x27,f1	  f1:0x00081fc8 x27=0x00000020
      46935.000 ns	      4692	8000128c	ff47bb93	sltiu	x23,x15,-12	 x15:0x00000000 x23=0x00000001
      46975.000 ns	      4696	80001290	01174753	fadd.s	f14,f14,f17	 f14:0x00081fc8 f17:0x80000000 f14=0x00081fc8
      47005.000 ns	      4699	80001294	28470ed3	fmin.s	f29,f14,f4	 f14:0x00081fc8  f4:0x00081fc8 f29=0x00081fc8
      47025.000 ns	      4701	80001298	412f5bb3	sra	x23,x30,x18	 x30:0x00000000 x18:0x00000000 x23=0x00000000
      47055.000 ns	      4704	8000129c	113bc2d3	fmul.s	f5,f23,f19	 f23:0x7fc00000 f19:0x00000000  f5=0x7fc00000
      47085.000 ns	      4707	800012a0	d0017b53	fcvt.s.w	f22,x2	  x2:0xed14be56 f22=0xcd975a0d
      47125.000 ns	      4711	800012a4	1824f4d3	fdiv.s	f9,f9,f2	  f9:0x7fc00000  f2:0x00000000  f9=0x7fc00000
      47155.000 ns	      4714	800012a8	c018b6d3	fcvt.wu.s	x13,f17	 f17:0x80000000 x13=0x00000000
      47185.000 ns	      4717	800012ac	2020add3	fsgnjx.s	f27,f1,f2	  f1:0x00081fc8  f2:0x00000000 f27=0x00081fc8
      47555.000 ns	      4754	800012b0	021efab3	remu	x21,x29,x1	 x29:0x80041024  x1:0x00000001 x21=0x00000000
      47575.000 ns	      4756	800012b4	cfdb7d93	andi	x27,x22,-771	 x22:0xed14be56 x27=0xed14bc54
      47595.000 ns	      4758	800012b8	e00318d3	fclass.s	x17,f6	  f6:0x7c8954c0 x17=0x00000040
      47965.000 ns	      4795	800012bc	029c6233	rem	x4,x24,x9	 x24:0xffffffff  x9:0x00000001  x4=0x00000000
      47995.000 ns	      4798	800012c0	e00e8053	fmv.x.w	x0,f29	 f29:0x00081fc8
      48025.000 ns	      4801	800012c4	a1219953	flt.s	x18,f3,f18	  f3:0x7fc00000 f18:0xff800000 x18=0x00000000
      48045.000 ns	      4803	800012c8	00000013	addi	x0,x0,0	  x0:0x00000000
      48085.000 ns	      4807	800012cc	0903f8d3	fsub.s	f17,f7,f16	  f7:0x00000000 f16:0x80000000 f17=0x00000000
      48105.000 ns	      4809	800012d0	00081393	slli	x7,x16,0x0	 x16:0x00000000  x7=0x00000000
      48125.000 ns	      4811	800012d4	02530bb3	mul	x23,x6,x5	  x6:0x0000001f  x5:0x00000000 x23=0x00000000
      48145.000 ns	      4813	800012d8	015756b3	srl	x13,x14,x21	 x14:0x00000000 x21:0x00000000 x13=0x00000000
      48155.000 ns	      4814	800012dc	000154b3	srl	x9,x2,x0	  x2:0xed14be56  x0:0x00000000  x9=0xed14be56
      48175.000 ns	      4816	800012e0	294a1853	fmax.s	f16,f20,f20	 f20:0x80000000 f20:0x80000000 f16=0x80000000
      48205.000 ns	      4819	800012e4	a1848053	fle.s	x0,f9,f24	  f9:0x7fc00000 f24:0x7fc00000
      48225.000 ns	      4821	800012e8	b1c8ea93	ori	x21,x17,-1252	 x17:0x00000040 x21=0xfffffb5c
      48235.000 ns	      4822	800012ec	002bd193	srli	x3,x23,0x2	 x23:0x00000000  x3=0x00000000
      48245.000 ns	      4823	800012f0	01c877b3	and	x15,x16,x28	 x16:0x00000000 x28:0x00000000 x15=0x00000000
      48255.000 ns	      4824	800012f4	01878b33	add	x22,x15,x24	 x15:0x00000000 x24:0xffffffff x22=0xffffffff
      48265.000 ns	      4825	800012f8	0187dd13	srli	x26,x15,0x18	 x15:0x00000000 x26=0x00000000
      48275.000 ns	      4826	800012fc	0131bab3	sltu	x21,x3,x19	  x3:0x00000000 x19:0x00000001 x21=0x00000001
      48295.000 ns	      4828	80001300	a1f82353	feq.s	x6,f16,f31	 f16:0x80000000 f31:0x7fc00000  x6=0x00000000
      48315.000 ns	      4830	80001304	4042dc13	srai	x24,x5,0x4	  x5:0x00000000 x24=0x00000000
      48335.000 ns	      4832	80001308	03045db3	divu	x27,x8,x16	  x8:0xd10ee000 x16:0x00000000 x27=0xffffffff
      48355.000 ns	      4834	8000130c	40865493	srai	x9,x12,0x8	 x12:0x80040fe4  x9=0xff80040f
      48375.000 ns	      4836	80001310	02c23033	mulhu	x0,x4,x12	  x4:0x00000000 x12:0x80040fe4
      48395.000 ns	      4838	80001314	9b22ff93	andi	x31,x5,-1614	  x5:0x00000000 x31=0x00000000
      48425.000 ns	      4841	80001318	1182f3d3	fmul.s	f7,f5,f24	  f5:0x7fc00000 f24:0x7fc00000  f7=0x7fc00000
      48455.000 ns	      4844	8000131c	03a104b3	mul	x9,x2,x26	  x2:0xed14be56 x26:0x00000000  x9=0x00000000
      48475.000 ns	      4846	80001320	0f0c6413	ori	x8,x24,240	 x24:0x00000000  x8=0x000000f0
      48485.000 ns	      4847	80001324	66df7093	andi	x1,x30,1645	 x30:0x00000000  x1=0x00000000
      48495.000 ns	      4848	80001328	013b9a93	slli	x21,x23,0x13	 x23:0x00000000 x21=0x00000000
      48505.000 ns	      4849	8000132c	411c53b3	sra	x7,x24,x17	 x24:0x00000000 x17:0x00000040  x7=0x00000000
      48525.000 ns	      4851	80001330	286301d3	fmin.s	f3,f6,f6	  f6:0x7c8954c0  f6:0x7c8954c0  f3=0x7c8954c0
      48555.000 ns	      4854	80001334	0234d033	divu	x0,x9,x3	  x9:0x00000000  x3:0x00000000
      48575.000 ns	      4856	80001338	3217ec17	auipc	x24,0x3217e	 x24=0xb217f338
      48935.000 ns	      4892	8000133c	0282c7b3	div	x15,x5,x8	  x5:0x00000000  x8:0x000000f0 x15=0x00000000
      48965.000 ns	      4895	80001340	a1c025d3	feq.s	x11,f0,f28	  f0:0x7fc00000 f28:0xbf800000 x11=0x00000000
      48995.000 ns	      4898	80001344	a0cc06d3	fle.s	x13,f24,f12	 f24:0x7fc00000 f12:0x4f7ffbf0 x13=0x00000000
      49025.000 ns	      4901	80001348	a10c90d3	flt.s	x1,f25,f16	 f25:0x00081fc8 f16:0x80000000  x1=0x00000000
      49055.000 ns	      4904	8000134c	03a6dab3	divu	x21,x13,x26	 x13:0x00000000 x26:0x00000000 x21=0xffffffff
      49085.000 ns	      4907	80001350	0304fdb3	remu	x27,x9,x16	  x9:0x00000000 x16:0x00000000 x27=0x00000000
      49105.000 ns	      4909	80001354	dffb3d97	auipc	x27,0xdffb3	 x27=0x5ffb4354
      49115.000 ns	      4910	80001358	01a6ebb3	or	x23,x13,x26	 x13:0x00000000 x26:0x00000000 x23=0x00000000
      49135.000 ns	      4912	8000135c	02c10d33	mul	x26,x2,x12	  x2:0xed14be56 x12:0x80040fe4 x26=0x56f88e98
      49165.000 ns	      4915	80001360	c0117c53	fcvt.wu.s	x24,f2	  f2:0x00000000 x24=0x00000000
      49185.000 ns	      4917	80001364	b41cc713	xori	x14,x25,-1215	 x25:0x00000000 x14=0xfffffb41
      49205.000 ns	      4919	80001368	d00616d3	fcvt.s.w	f13,x12	 x12:0x80040fe4 f13=0xcefff7e0
      49225.000 ns	      4921	8000136c	0009d7b3	srl	x15,x19,x0	 x19:0x00000001  x0:0x00000000 x15=0x00000001
      49245.000 ns	      4923	80001370	a06003d3	fle.s	x7,f0,f6	  f0:0x7fc00000  f6:0x7c8954c0  x7=0x00000000
      49275.000 ns	      4926	80001374	039e8db3	mul	x27,x29,x25	 x29:0x80041024 x25:0x00000000 x27=0x00000000
      49325.000 ns	      4931	80001378	00897e53	fadd.s	f28,f18,f8	 f18:0xff800000  f8:0xffc00000 f28=0x7fc00000
      49355.000 ns	      4934	8000137c	035c8e33	mul	x28,x25,x21	 x25:0x00000000 x21:0xffffffff x28=0x00000000
      49385.000 ns	      4937	80001380	c01df753	fcvt.wu.s	x14,f27	 f27:0x00081fc8 x14=0x00000000
      49415.000 ns	      4940	80001384	02346b33	rem	x22,x8,x3	  x8:0x000000f0  x3:0x00000000 x22=0x000000f0
      49435.000 ns	      4942	80001388	41625993	srai	x19,x4,0x16	  x4:0x00000000 x19=0x00000000
      49475.000 ns	      4946	8000138c	083b7fd3	fsub.s	f31,f22,f3	 f22:0xcd975a0d  f3:0x7c8954c0 f31=0xfc8954c0
      49495.000 ns	      4948	80001390	40125933	sra	x18,x4,x1	  x4:0x00000000  x1:0x00000000 x18=0x00000000
      49515.000 ns	      4950	80001394	d0097153	fcvt.s.w	f2,x18	 x18:0x00000000  f2=0x00000000
      49545.000 ns	      4953	80001398	e00a1053	fclass.s	x0,f20	 f20:0x80000000
      49575.000 ns	      4956	8000139c	e00709d3	fmv.x.w	x19,f14	 f14:0x00081fc8 x19=0x00081fc8
      49605.000 ns	      4959	800013a0	a1e58d53	fle.s	x26,f11,f30	 f11:0x7fc00000 f30:0xffffffff x26=0x00000000
      49635.000 ns	      4962	800013a4	21872553	fsgnjx.s	f10,f14,f24	 f14:0x00081fc8 f24:0x7fc00000 f10=0x00081fc8
      49655.000 ns	      4964	800013a8	014adb13	srli	x22,x21,0x14	 x21:0xffffffff x22=0x00000fff
      49665.000 ns	      4965	800013ac	01d7d233	srl	x4,x15,x29	 x15:0x00000001 x29:0x80041024  x4=0x00000000
      49685.000 ns	      4967	800013b0	a0c98cd3	fle.s	x25,f19,f12	 f19:0x00000000 f12:0x4f7ffbf0 x25=0x00000001
      49715.000 ns	      4970	800013b4	a06e06d3	fle.s	x13,f28,f6	 f28:0x7fc00000  f6:0x7c8954c0 x13=0x00000000
      49735.000 ns	      4972	800013b8	00000013	addi	x0,x0,0	  x0:0x00000000
      49775.000 ns	      4976	800013bc	08befed3	fsub.s	f29,f29,f11	 f29:0x00081fc8 f11:0x7fc00000 f29=0x7fc00000
      49795.000 ns	      4978	800013c0	77cdfa13	andi	x20,x27,1916	 x27:0x00000000 x20=0x00000000
      49805.000 ns	      4979	800013c4	deb24313	xori	x6,x4,-533	  x4:0x00000000  x6=0xfffffdeb
      49815.000 ns	      4980	800013c8	d74e8913	addi	x18,x29,-652	 x29:0x80041024 x18=0x80040d98
      49825.000 ns	      4981	800013cc	412081b3	sub	x3,x1,x18	  x1:0x00000000 x18:0x00000000  x3=0x7ffbf268
      49845.000 ns	      4983	800013d0	021d4d33	div	x26,x26,x1	 x26:0x00000000  x1:0x00000000 x26=0xffffffff
      49875.000 ns	      4986	800013d4	e00297d3	fclass.s	x15,f5	  f5:0x7fc00000 x15=0x00000200
      49895.000 ns	      4988	800013d8	40768a33	sub	x20,x13,x7	 x13:0x00000000  x7:0x00000000 x20=0x00000000
      49925.000 ns	      4991	800013dc	197c05d3	fdiv.s	f11,f24,f23	 f24:0x7fc00000 f23:0x7fc00000 f11=0x7fc00000
      49945.000 ns	      4993	800013e0	0062da33	srl	x20,x5,x6	  x5:0x00000000  x6:0xfffffdeb x20=0x00000000
      49965.000 ns	      4995	800013e4	21fc1fd3	fsgnjn.s	f31,f24,f31	 f24:0x7fc00000 f31:0xfc8954c0 f31=0x7fc00000
      49985.000 ns	      4997	800013e8	0071ddb3	srl	x27,x3,x7	  x3:0x7ffbf268  x7:0x00000000 x27=0x7ffbf268
      49995.000 ns	      4998	800013ec	10f65e37	lui	x28,0x10f65	 x28=0x10f65000
      50015.000 ns	      5000	800013f0	215008d3	fsgnj.s	f17,f0,f21	  f0:0x7fc00000 f21:0x7fc00000 f17=0x7fc00000
      50035.000 ns	      5002	800013f4	01323533	sltu	x10,x4,x19	  x4:0x00000000 x19:0x00081fc8 x10=0x00000001
      50045.000 ns	      5003	800013f8	c1befb13	andi	x22,x29,-997	 x29:0x80041024 x22=0x80041000
      50055.000 ns	      5004	800013fc	01c3c533	xor	x10,x7,x28	  x7:0x00000000 x28:0x10f65000 x10=0x10f65000
      50085.000 ns	      5007	80001400	19438f53	fdiv.s	f30,f7,f20	  f7:0x7fc00000 f20:0x80000000 f30=0x7fc00000
      50115.000 ns	      5010	80001404	038076b3	remu	x13,x0,x24	  x0:0x00000000 x24:0x00000000 x13=0x00000000
      50145.000 ns	      5013	80001408	0277ad33	mulhsu	x26,x15,x7	 x15:0x00000200  x7:0x00000000 x26=0x00000000
      50515.000 ns	      5050	8000140c	032deb33	rem	x22,x27,x18	 x27:0x7ffbf268 x18:0x80040d98 x22=0x00000000
      50535.000 ns	      5052	80001410	016810b3	sll	x1,x16,x22	 x16:0x00000000 x22:0x80041000  x1=0x00000000
      50555.000 ns	      5054	80001414	d01978d3	fcvt.s.wu	f17,x18	 x18:0x80040d98 f17=0x4f00040d
      50575.000 ns	      5056	80001418	00ba7d33	and	x26,x20,x11	 x20:0x00000000 x11:0x00000000 x26=0x00000000
      50605.000 ns	      5059	8000141c	119ff153	fmul.s	f2,f31,f25	 f31:0x7fc00000 f25:0x00081fc8  f2=0x7fc00000
      50625.000 ns	      5061	80001420	39dd7313	andi	x6,x26,925	 x26:0x00000000  x6=0x00000000
      50645.000 ns	      5063	80001424	03cbaab3	mulhsu	x21,x23,x28	 x23:0x00000000 x28:0x10f65000 x21=0x00000000
      50675.000 ns	      5066	80001428	a16b21d3	feq.s	x3,f22,f22	 f22:0xcd975a0d f22:0xcd975a0d  x3=0x00000001
      50705.000 ns	      5069	8000142c	d003f453	fcvt.s.w	f8,x7	  x7:0x00000000  f8=0x00000000
      50735.000 ns	      5072	80001430	c00835d3	fcvt.w.s	x11,f16	 f16:0x80000000 x11=0x00000000
      50765.000 ns	      5075	80001434	f00b01d3	fmv.w.x	f3,x22	 x22:0x00000000  f3=0x00000000
      50785.000 ns	      5077	80001438	016d7733	and	x14,x26,x22	 x26:0x00000000 x22:0x00000000 x14=0x00000000
      50795.000 ns	      5078	8000143c	8da7e813	ori	x16,x15,-1830	 x15:0x00000200 x16=0xfffffada
      50805.000 ns	      5079	80001440	00000013	addi	x0,x0,0	  x0:0x00000000
      50815.000 ns	      5080	80001444	411d0b33	sub	x22,x26,x17	 x26:0x00000000 x17:0x00000040 x22=0xffffffc0
      50835.000 ns	      5082	80001448	e0069553	fclass.s	x10,f13	 f13:0xcefff7e0 x10=0x00000002
      50855.000 ns	      5084	8000144c	40a5d9b3	sra	x19,x11,x10	 x11:0x00000000 x10:0x10f65000 x19=0x00000000
      50865.000 ns	      5085	80001450	40c4d813	srai	x16,x9,0xc	  x9:0x00000000 x16=0x00000000
      50885.000 ns	      5087	80001454	e0051553	fclass.s	x10,f10	 f10:0x00081fc8 x10=0x00000020
      50905.000 ns	      5089	80001458	9f038f97	auipc	x31,0x9f038	 x31=0x1f039458
      50925.000 ns	      5091	8000145c	e0059fd3	fclass.s	x31,f11	 f11:0x7fc00000 x31=0x00000200
      50955.000 ns	      5094	80001460	a0bf8253	fle.s	x4,f31,f11	 f31:0x7fc00000 f11:0x7fc00000  x4=0x00000000
      50985.000 ns	      5097	80001464	c01f4e53	fcvt.wu.s	x28,f30	 f30:0x7fc00000 x28=0xffffffff
      51005.000 ns	      5099	80001468	53514c37	lui	x24,0x53514	 x24=0x53514000
      51025.000 ns	      5101	8000146c	c01ffe53	fcvt.wu.s	x28,f31	 f31:0x7fc00000 x28=0xffffffff
      51045.000 ns	      5103	80001470	001507b3	add	x15,x10,x1	 x10:0x00000020  x1:0x00000000 x15=0x00000020
      51065.000 ns	      5105	80001474	f0000f53	fmv.w.x	f30,x0	  x0:0x00000000 f30=0x00000000
      51115.000 ns	      5110	80001478	08f40353	fsub.s	f6,f8,f15	  f8:0x00000000 f15:0x00000000  f6=0x80000000
      51135.000 ns	      5112	8000147c	40cd7713	andi	x14,x26,1036	 x26:0x00000000 x14=0x00000000
      51145.000 ns	      5113	80001480	019f2cb3	slt	x25,x30,x25	 x30:0x00000000 x25:0x00000001 x25=0x00000001
      51165.000 ns	      5115	80001484	a0331953	flt.s	x18,f6,f3	  f6:0x80000000  f3:0x00000000 x18=0x00000000
      51185.000 ns	      5117	80001488	63568793	addi	x15,x13,1589	 x13:0x00000000 x15=0x00000635
      51205.000 ns	      5119	8000148c	d002fdd3	fcvt.s.w	f27,x5	  x5:0x00000000 f27=0x00000000
      51245.000 ns	      5123	80001490	11ac2353	fmul.s	f6,f24,f26	 f24:0x7fc00000 f26:0x00000000  f6=0x7fc00000
      51275.000 ns	      5126	80001494	030e3d33	mulhu	x26,x28,x16	 x28:0xffffffff x16:0x00000000 x26=0x00000000
      51295.000 ns	      5128	80001498	003bfd33	and	x26,x23,x3	 x23:0x00000000  x3:0x00000001 x26=0x00000000
      51325.000 ns	      5131	8000149c	185d7953	fdiv.s	f18,f26,f5	 f26:0x00000000  f5:0x7fc00000 f18=0x7fc00000
      51365.000 ns	      5135	800014a0	580a08d3	fsqrt.s	f17,f20	 f20:0x80000000 f17=0x80000000
      51395.000 ns	      5138	800014a4	d018f0d3	fcvt.s.wu	f1,x17	 x17:0x00000040  f1=0x42800000
      51415.000 ns	      5140	800014a8	4138d5b3	sra	x11,x17,x19	 x17:0x00000040 x19:0x00000000 x11=0x00000040
      51435.000 ns	      5142	800014ac	d019f953	fcvt.s.wu	f18,x19	 x19:0x00000000 f18=0x00000000
      51465.000 ns	      5145	800014b0	025f9333	mulh	x6,x31,x5	 x31:0x00000200  x5:0x00000000  x6=0x00000000
      51485.000 ns	      5147	800014b4	018430b3	sltu	x1,x8,x24	  x8:0x000000f0 x24:0x53514000  x1=0x00000001
      51505.000 ns	      5149	800014b8	03023fb3	mulhu	x31,x4,x16	  x4:0x00000000 x16:0x00000000 x31=0x00000000
      51525.000 ns	      5151	800014bc	01b252b3	srl	x5,x4,x27	  x4:0x00000000 x27:0x7ffbf268  x5=0x00000000
      52505.000 ns	      5249	800014c0	580cc153	fsqrt.s	f2,f25	 f25:0x00081fc8  f2=0x1f4081a4
      52535.000 ns	      5252	800014c4	21ff84d3	fsgnj.s	f9,f31,f31	 f31:0x7fc00000 f31:0x7fc00000  f9=0x7fc00000
      52565.000 ns	      5255	800014c8	21c12053	fsgnjx.s	f0,f2,f28	  f2:0x1f4081a4 f28:0x7fc00000  f0=0x1f4081a4
      52595.000 ns	      5258	800014cc	28c111d3	fmax.s	f3,f2,f12	  f2:0x1f4081a4 f12:0x4f7ffbf0  f3=0x4f7ffbf0
      52625.000 ns	      5261	800014d0	218104d3	fsgnj.s	f9,f2,f24	  f2:0x1f4081a4 f24:0x7fc00000  f9=0x1f4081a4
      52645.000 ns	      5263	800014d4	0067ca93	xori	x21,x15,6	 x15:0x00000635 x21=0x00000633
      52655.000 ns	      5264	800014d8	40dc8cb3	sub	x25,x25,x13	 x25:0x00000001 x13:0x00000000 x25=0x00000001
      52665.000 ns	      5265	800014dc	a9367b13	andi	x22,x12,-1389	 x12:0x80040fe4 x22=0x80040a80
      52685.000 ns	      5267	800014e0	20f29453	fsgnjn.s	f8,f5,f15	  f5:0x7fc00000 f15:0x00000000  f8=0xffc00000
      52705.000 ns	      5269	800014e4	00bd7333	and	x6,x26,x11	 x26:0x00000000 x11:0x00000040  x6=0x00000000
      52745.000 ns	      5273	800014e8	094df6d3	fsub.s	f13,f27,f20	 f27:0x00000000 f20:0x80000000 f13=0x00000000
      53115.000 ns	      5310	800014ec	03cff0b3	remu	x1,x31,x28	 x31:0x00000000 x28:0xffffffff  x1=0x00000000
      53145.000 ns	      5313	800014f0	0339d533	divu	x10,x19,x19	 x19:0x00000000 x19:0x00000000 x10=0xffffffff
      53175.000 ns	      5316	800014f4	a13509d3	fle.s	x19,f10,f19	 f10:0x00081fc8 f19:0x00000000 x19=0x00000000
      53195.000 ns	      5318	800014f8	008d8933	add	x18,x27,x8	 x27:0x7ffbf268  x8:0x000000f0 x18=0x7ffbf358
      53215.000 ns	      5320	800014fc	0308df33	divu	x30,x17,x16	 x17:0x00000040 x16:0x00000000 x30=0xffffffff
      53245.000 ns	      5323	80001500	212f0a53	fsgnj.s	f20,f30,f18	 f30:0x00000000 f18:0x00000000 f20=0x00000000
      53275.000 ns	      5326	80001504	021d2233	mulhsu	x4,x26,x1	 x26:0x00000000  x1:0x00000000  x4=0x00000000
      53305.000 ns	      5329	80001508	21631553	fsgnjn.s	f10,f6,f22	  f6:0x7fc00000 f22:0xcd975a0d f10=0x7fc00000
      53325.000 ns	      5331	8000150c	00f837b3	sltu	x15,x16,x15	 x16:0x00000000 x15:0x00000635 x15=0x00000001
      53335.000 ns	      5332	80001510	e462e193	ori	x3,x5,-442	  x5:0x00000000  x3=0xfffffe46
      53345.000 ns	      5333	80001514	00000013	addi	x0,x0,0	  x0:0x00000000
      53355.000 ns	      5334	80001518	01c2c0b3	xor	x1,x5,x28	  x5:0x00000000 x28:0xffffffff  x1=0xffffffff
      53365.000 ns	      5335	8000151c	0001d593	srli	x11,x3,0x0	  x3:0xfffffe46 x11=0xfffffe46
      53375.000 ns	      5336	80001520	01f65cb3	srl	x25,x12,x31	 x12:0x80040fe4 x31:0x00000000 x25=0x80040fe4
      53395.000 ns	      5338	80001524	20a42b53	fsgnjx.s	f22,f8,f10	  f8:0xffc00000 f10:0x7fc00000 f22=0xffc00000
      53425.000 ns	      5341	80001528	02051033	mulh	x0,x10,x0	 x10:0xffffffff  x0:0x00000000
      53445.000 ns	      5343	8000152c	01c1be33	sltu	x28,x3,x28	  x3:0xfffffe46 x28:0xffffffff x28=0x00000001
      53455.000 ns	      5344	80001530	00935fb3	srl	x31,x6,x9	  x6:0x00000000  x9:0x00000000 x31=0x00000000
      53465.000 ns	      5345	80001534	419853b3	sra	x7,x16,x25	 x16:0x00000000 x25:0x80040fe4  x7=0x00000000
      53475.000 ns	      5346	80001538	011dca33	xor	x20,x27,x17	 x27:0x7ffbf268 x17:0x00000040 x20=0x7ffbf228
      53495.000 ns	      5348	8000153c	a0739e53	flt.s	x28,f7,f7	  f7:0x7fc00000  f7:0x7fc00000 x28=0x00000000
      53515.000 ns	      5350	80001540	001fbbb3	sltu	x23,x31,x1	 x31:0x00000000  x1:0xffffffff x23=0x00000001
      53535.000 ns	      5352	80001544	a1132953	feq.s	x18,f6,f17	  f6:0x7fc00000 f17:0x80000000 x18=0x00000000
      53555.000 ns	      5354	80001548	38081197	auipc	x3,0x38081	  x3=0xb8082548
      53575.000 ns	      5356	8000154c	029d0c33	mul	x24,x26,x9	 x26:0x00000000  x9:0x00000000 x24=0x00000000
      53605.000 ns	      5359	80001550	d0127cd3	fcvt.s.wu	f25,x4	  x4:0x00000000 f25=0x00000000
      53635.000 ns	      5362	80001554	29e81353	fmax.s	f6,f16,f30	 f16:0x80000000 f30:0x00000000  f6=0x00000000
      53655.000 ns	      5364	80001558	01c3a333	slt	x6,x7,x28	  x7:0x00000000 x28:0x00000000  x6=0x00000000
      53665.000 ns	      5365	8000155c	ef2aad97	auipc	x27,0xef2aa	 x27=0x6f2ab55c
      53685.000 ns	      5367	80001560	c01d71d3	fcvt.wu.s	x3,f26	 f26:0x00000000  x3=0x00000000
      53735.000 ns	      5372	80001564	090d1fd3	fsub.s	f31,f26,f16	 f26:0x00000000 f16:0x80000000 f31=0x00000000
      53765.000 ns	      5375	80001568	0222a533	mulhsu	x10,x5,x2	  x5:0x00000000  x2:0xed14be56 x10=0x00000000
      53785.000 ns	      5377	8000156c	40a85233	sra	x4,x16,x10	 x16:0x00000000 x10:0xffffffff  x4=0x00000000
      53795.000 ns	      5378	80001570	00000013	addi	x0,x0,0	  x0:0x00000000
      53805.000 ns	      5379	80001574	00987c33	and	x24,x16,x9	 x16:0x00000000  x9:0x00000000 x24=0x00000000
      53825.000 ns	      5381	80001578	d007f5d3	fcvt.s.w	f11,x15	 x15:0x00000001 f11=0x3f800000
      53865.000 ns	      5385	8000157c	5803f253	fsqrt.s	f4,f7	  f7:0x7fc00000  f4=0x7fc00000
      53895.000 ns	      5388	80001580	a1a307d3	fle.s	x15,f6,f26	  f6:0x00000000 f26:0x00000000 x15=0x00000001
      53915.000 ns	      5390	80001584	40318fb3	sub	x31,x3,x3	  x3:0x00000000  x3:0x00000000 x31=0x00000000
      53935.000 ns	      5392	80001588	f00407d3	fmv.w.x	f15,x8	  x8:0x000000f0 f15=0x000000f0
      53965.000 ns	      5395	8000158c	28618653	fmin.s	f12,f3,f6	  f3:0x4f7ffbf0  f6:0x00000000 f12=0x00000000
      53995.000 ns	      5398	80001590	02ce25b3	mulhsu	x11,x28,x12	 x28:0x00000000 x12:0x80040fe4 x11=0x00000000
      54015.000 ns	      5400	80001594	014cba33	sltu	x20,x25,x20	 x25:0x80040fe4 x20:0x7ffbf228 x20=0x00000000
      54025.000 ns	      5401	80001598	be689697	auipc	x13,0xbe689	 x13=0x3e68a598
      54055.000 ns	      5404	8000159c	182f2e53	fdiv.s	f28,f30,f2	 f30:0x00000000  f2:0x1f4081a4 f28=0x00000000
      54085.000 ns	      5407	800015a0	a16a0453	fle.s	x8,f20,f22	 f20:0x00000000 f22:0xffc00000  x8=0x00000000
      54115.000 ns	      5410	800015a4	d01978d3	fcvt.s.wu	f17,x18	 x18:0x00000000 f17=0x00000000
      54145.000 ns	      5413	800015a8	c00c23d3	fcvt.w.s	x7,f24	 f24:0x7fc00000  x7=0x7fffffff
      54515.000 ns	      5450	800015ac	03dfc233	div	x4,x31,x29	 x31:0x00000000 x29:0x80041024  x4=0x00000000
      54535.000 ns	      5452	800015b0	00655213	srli	x4,x10,0x6	 x10:0x00000000  x4=0x00000000
      54545.000 ns	      5453	800015b4	00921db3	sll	x27,x4,x9	  x4:0x00000000  x9:0x00000000 x27=0x00000000
      54575.000 ns	      5456	800015b8	19aa9453	fdiv.s	f8,f21,f26	 f21:0x7fc00000 f26:0x00000000  f8=0x7fc00000
      54605.000 ns	      5459	800015bc	023f0ab3	mul	x21,x30,x3	 x30:0xffffffff  x3:0x00000000 x21=0x00000000
      54625.000 ns	      5461	800015c0	bc1bf013	andi	x0,x23,-1087	 x23:0x00000001
      54645.000 ns	      5463	800015c4	20082953	fsgnjx.s	f18,f16,f0	 f16:0x80000000  f0:0x1f4081a4 f18=0x80000000
      54665.000 ns	      5465	800015c8	00809bb3	sll	x23,x1,x8	  x1:0xffffffff  x8:0x00000000 x23=0xffffffff
      54675.000 ns	      5466	800015cc	0135bf33	sltu	x30,x11,x19	 x11:0x00000000 x19:0x00000000 x30=0x00000000
      54695.000 ns	      5468	800015d0	03610933	mul	x18,x2,x22	  x2:0xed14be56 x22:0x80040a80 x18=0x53268700
      54715.000 ns	      5470	800015d4	413b01b3	sub	x3,x22,x19	 x22:0x80040a80 x19:0x00000000  x3=0x80040a80
      54735.000 ns	      5472	800015d8	02c48533	mul	x10,x9,x12	  x9:0x00000000 x12:0x80040fe4 x10=0x00000000
      54765.000 ns	      5475	800015dc	02c29b33	mulh	x22,x5,x12	  x5:0x00000000 x12:0x80040fe4 x22=0x00000000
      54785.000 ns	      5477	800015e0	00f03bb3	sltu	x23,x0,x15	  x0:0x00000000 x15:0x00000001 x23=0x00000001
      54805.000 ns	      5479	800015e4	217928d3	fsgnjx.s	f17,f18,f23	 f18:0x80000000 f23:0x7fc00000 f17=0x80000000
      54835.000 ns	      5482	800015e8	208b8453	fsgnj.s	f8,f23,f8	 f23:0x7fc00000  f8:0x7fc00000  f8=0x7fc00000
      54865.000 ns	      5485	800015ec	02b035b3	mulhu	x11,x0,x11	  x0:0x00000000 x11:0x00000000 x11=0x00000000
      54895.000 ns	      5488	800015f0	280107d3	fmin.s	f15,f2,f0	  f2:0x1f4081a4  f0:0x1f4081a4 f15=0x1f4081a4
      54925.000 ns	      5491	800015f4	200da3d3	fsgnjx.s	f7,f27,f0	 f27:0x00000000  f0:0x1f4081a4  f7=0x00000000
      54945.000 ns	      5493	800015f8	40afd493	srai	x9,x31,0xa	 x31:0x00000000  x9=0x00000000
      54965.000 ns	      5495	800015fc	e00f8e53	fmv.x.w	x28,f31	 f31:0x00000000 x28=0x00000000
      54985.000 ns	      5497	80001600	0106d813	srli	x16,x13,0x10	 x13:0x3e68a598 x16=0x00003e68
      54995.000 ns	      5498	80001604	ce6ccd93	xori	x27,x25,-794	 x25:0x80040fe4 x27=0x7ffbf302
      55015.000 ns	      5500	80001608	a1db1753	flt.s	x14,f22,f29	 f22:0xffc00000 f29:0x7fc00000 x14=0x00000000
      55045.000 ns	      5503	8000160c	c0063e53	fcvt.w.s	x28,f12	 f12:0x00000000 x28=0x00000000
      55065.000 ns	      5505	80001610	403287b3	sub	x15,x5,x3	  x5:0x00000000  x3:0x80040a80 x15=0x7ffbf580
      55085.000 ns	      5507	80001614	a0780dd3	fle.s	x27,f16,f7	 f16:0x80000000  f7:0x00000000 x27=0x00000001
      55115.000 ns	      5510	80001618	f0018353	fmv.w.x	f6,x3	  x3:0x80040a80  f6=0x80040a80
      55145.000 ns	      5513	8000161c	a0daa6d3	feq.s	x13,f21,f13	 f21:0x7fc00000 f13:0x00000000 x13=0x00000000
      55175.000 ns	      5516	80001620	c014f5d3	fcvt.wu.s	x11,f9	  f9:0x1f4081a4 x11=0x00000000
      55205.000 ns	      5519	80001624	03d501b3	mul	x3,x10,x29	 x10:0x00000000 x29:0x80041024  x3=0x00000000
      55225.000 ns	      5521	80001628	41df8733	sub	x14,x31,x29	 x31:0x00000000 x29:0x80041024 x14=0x7ffbefdc
      55245.000 ns	      5523	8000162c	e0029ad3	fclass.s	x21,f5	  f5:0x7fc00000 x21=0x00000200
      55275.000 ns	      5526	80001630	02e13733	mulhu	x14,x2,x14	  x2:0xed14be56 x14:0x00000000 x14=0x76869be5
      55295.000 ns	      5528	80001634	ea946a93	ori	x21,x8,-343	  x8:0x00000000 x21=0xfffffea9
      55305.000 ns	      5529	80001638	42f9a893	slti	x17,x19,1071	 x19:0x00000000 x17=0x00000001
      55315.000 ns	      5530	8000163c	01d5ab33	slt	x22,x11,x29	 x11:0x00000000 x29:0x80041024 x22=0x00000000
      55335.000 ns	      5532	80001640	031a9833	mulh	x16,x21,x17	 x21:0xfffffea9 x17:0x00000040 x16=0xffffffff
      55385.000 ns	      5537	80001644	0099fa53	fadd.s	f20,f19,f9	 f19:0x00000000  f9:0x1f4081a4 f20=0x1f4081a4
      55425.000 ns	      5541	80001648	18e83fd3	fdiv.s	f31,f16,f14	 f16:0x80000000 f14:0x00081fc8 f31=0x80000000
      55445.000 ns	      5543	8000164c	bf5ca693	slti	x13,x25,-1035	 x25:0x80040fe4 x13=0x00000001
      55455.000 ns	      5544	80001650	8b9f3413	sltiu	x8,x30,-1863	 x30:0x00000000  x8=0x00000001
      55485.000 ns	      5547	80001654	580dfb53	fsqrt.s	f22,f27	 f27:0x00000000 f22=0x00000000
      55515.000 ns	      5550	80001658	029190b3	mulh	x1,x3,x9	  x3:0x00000000  x9:0x00000000  x1=0x00000000
      55535.000 ns	      5552	8000165c	01121b13	slli	x22,x4,0x11	  x4:0x00000000 x22=0x00000000
      55555.000 ns	      5554	80001660	29f10f53	fmin.s	f30,f2,f31	  f2:0x1f4081a4 f31:0x80000000 f30=0x80000000
      55575.000 ns	      5556	80001664	5f262793	slti	x15,x12,1522	 x12:0x80040fe4 x15=0x00000001
      55595.000 ns	      5558	80001668	283e8953	fmin.s	f18,f29,f3	 f29:0x7fc00000  f3:0x4f7ffbf0 f18=0x4f7ffbf0
      55635.000 ns	      5562	8000166c	114c1953	fmul.s	f18,f24,f20	 f24:0x7fc00000 f20:0x1f4081a4 f18=0x7fc00000
      55665.000 ns	      5565	80001670	028a1833	mulh	x16,x20,x8	 x20:0x00000000  x8:0x00000001 x16=0x00000000
      55705.000 ns	      5569	80001674	193cf053	fdiv.s	f0,f25,f19	 f25:0x00000000 f19:0x00000000  f0=0x7fc00000
      55725.000 ns	      5571	80001678	e5ff4313	xori	x6,x30,-417	 x30:0x00000000  x6=0xfffffe5f
      55745.000 ns	      5573	8000167c	02d2a9b3	mulhsu	x19,x5,x13	  x5:0x00000000 x13:0x00000001 x19=0x00000000
      55775.000 ns	      5576	80001680	03fd9933	mulh	x18,x27,x31	 x27:0x00000001 x31:0x00000000 x18=0x00000000
      56145.000 ns	      5613	80001684	031fe233	rem	x4,x31,x17	 x31:0x00000000 x17:0x00000001  x4=0x00000000
      56515.000 ns	      5650	80001688	02ebf933	remu	x18,x23,x14	 x23:0x00000001 x14:0x76869be5 x18=0x00000001
      56545.000 ns	      5653	8000168c	d01fc053	fcvt.s.wu	f0,x31	 x31:0x00000000  f0=0x00000000
      56565.000 ns	      5655	80001690	008bddb3	srl	x27,x23,x8	 x23:0x00000001  x8:0x00000001 x27=0x00000000
      56575.000 ns	      5656	80001694	018c1793	slli	x15,x24,0x18	 x24:0x00000000 x15=0x00000000
      56585.000 ns	      5657	80001698	40b4dab3	sra	x21,x9,x11	  x9:0x00000000 x11:0x00000000 x21=0x00000000
      56605.000 ns	      5659	8000169c	f00d0ad3	fmv.w.x	f21,x26	 x26:0x00000000 f21=0x00000000
      56635.000 ns	      5662	800016a0	a18a21d3	feq.s	x3,f20,f24	 f20:0x1f4081a4 f24:0x7fc00000  x3=0x00000000
      56665.000 ns	      5665	800016a4	a0171d53	flt.s	x26,f14,f1	 f14:0x00081fc8  f1:0x42800000 x26=0x00000001
      56715.000 ns	      5670	800016a8	0111f153	fadd.s	f2,f3,f17	  f3:0x4f7ffbf0 f17:0x80000000  f2=0x4f7ffbf0
      56755.000 ns	      5674	800016ac	10a43553	fmul.s	f10,f8,f10	  f8:0x7fc00000 f10:0x7fc00000 f10=0x7fc00000
      56775.000 ns	      5676	800016b0	c2020213	addi	x4,x4,-992	  x4:0x00000000  x4=0xfffffc20
      57135.000 ns	      5712	800016b4	03ded1b3	divu	x3,x29,x29	 x29:0x80041024 x29:0x80041024  x3=0x00000001
      57185.000 ns	      5717	800016b8	099df253	fsub.s	f4,f27,f25	 f27:0x00000000 f25:0x00000000  f4=0x80000000
      57205.000 ns	      5719	800016bc	01b58833	add	x16,x11,x27	 x11:0x00000000 x27:0x00000000 x16=0x00000000
      57225.000 ns	      5721	800016c0	c0180cd3	fcvt.wu.s	x25,f16	 f16:0x80000000 x25=0x00000000
      57245.000 ns	      5723	800016c4	402602b3	sub	x5,x12,x2	 x12:0x80040fe4  x2:0xed14be56  x5=0x92ef518e
      57255.000 ns	      5724	800016c8	b2ffe193	ori	x3,x31,-1233	 x31:0x00000000  x3=0xfffffb2f
      57285.000 ns	      5727	800016cc	18a27b53	fdiv.s	f22,f4,f10	  f4:0x80000000 f10:0x7fc00000 f22=0x7fc00000
      57335.000 ns	      5732	800016d0	0188f5d3	fadd.s	f11,f17,f24	 f17:0x80000000 f24:0x7fc00000 f11=0x7fc00000
      57365.000 ns	      5735	800016d4	e00a96d3	fclass.s	x13,f21	 f21:0x00000000 x13=0x00000010
      57395.000 ns	      5738	800016d8	29439d53	fmax.s	f26,f7,f20	  f7:0x00000000 f20:0x1f4081a4 f26=0x1f4081a4
      57765.000 ns	      5775	800016dc	02306233	rem	x4,x0,x3	  x0:0x00000000  x3:0xfffffb2f  x4=0x00000000
      57795.000 ns	      5778	800016e0	29698e53	fmin.s	f28,f19,f22	 f19:0x00000000 f22:0x7fc00000 f28=0x00000000
      57825.000 ns	      5781	800016e4	20f983d3	fsgnj.s	f7,f19,f15	 f19:0x00000000 f15:0x1f4081a4  f7=0x00000000
      57865.000 ns	      5785	800016e8	18eebbd3	fdiv.s	f23,f29,f14	 f29:0x7fc00000 f14:0x00081fc8 f23=0x7fc00000
      57885.000 ns	      5787	800016ec	01dd5733	srl	x14,x26,x29	 x26:0x00000001 x29:0x80041024 x14=0x00000000
      57905.000 ns	      5789	800016f0	f0020753	fmv.w.x	f14,x4	  x4:0x00000000 f14=0x00000000
      57925.000 ns	      5791	800016f4	01c99913	slli	x18,x19,0x1c	 x19:0x00000000 x18=0x00000000
      57935.000 ns	      5792	800016f8	c3b7c293	xori	x5,x15,-965	 x15:0x00000000  x5=0xfffffc3b
      57955.000 ns	      5794	800016fc	c00b41d3	fcvt.w.s	x3,f22	 f22:0x7fc00000  x3=0x7fffffff
      57975.000 ns	      5796	80001700	c9087f97	auipc	x31,0xc9087	 x31=0x49088700
      57995.000 ns	      5798	80001704	d0129dd3	fcvt.s.wu	f27,x5	  x5:0xfffffc3b f27=0x4f7ffffc
      58025.000 ns	      5801	80001708	03943033	mulhu	x0,x8,x25	  x8:0x00000001 x25:0x00000000
      58055.000 ns	      5804	8000170c	039392b3	mulh	x5,x7,x25	  x7:0x7fffffff x25:0x00000000  x5=0x00000000
      58075.000 ns	      5806	80001710	004ce933	or	x18,x25,x4	 x25:0x00000000  x4:0x00000000 x18=0x00000000
      58095.000 ns	      5808	80001714	0366ba33	mulhu	x20,x13,x22	 x13:0x00000010 x22:0x00000000 x20=0x00000000
      58125.000 ns	      5811	80001718	030c6ab3	rem	x21,x24,x16	 x24:0x00000000 x16:0x00000000 x21=0x00000000
      58145.000 ns	      5813	8000171c	00a11733	sll	x14,x2,x10	  x2:0xed14be56 x10:0x00000000 x14=0xed14be56
      58165.000 ns	      5815	80001720	e0068c53	fmv.x.w	x24,f13	 f13:0x00000000 x24=0x00000000
      58185.000 ns	      5817	80001724	00a96f33	or	x30,x18,x10	 x18:0x00000000 x10:0x00000000 x30=0x00000000
      58195.000 ns	      5818	80001728	00fcfab3	and	x21,x25,x15	 x25:0x00000000 x15:0x00000000 x21=0x00000000
      58205.000 ns	      5819	8000172c	000b7433	and	x8,x22,x0	 x22:0x00000000  x0:0x00000000  x8=0x00000000
      58225.000 ns	      5821	80001730	a1529f53	flt.s	x30,f5,f21	  f5:0x7fc00000 f21:0x00000000 x30=0x00000000
      58255.000 ns	      5824	80001734	e00a0b53	fmv.x.w	x22,f20	 f20:0x1f4081a4 x22=0x1f4081a4
      58275.000 ns	      5826	80001738	41180d33	sub	x26,x16,x17	 x16:0x00000000 x17:0x00000001 x26=0xffffffff
      58295.000 ns	      5828	8000173c	a15e86d3	fle.s	x13,f29,f21	 f29:0x7fc00000 f21:0x00000000 x13=0x00000000
      58315.000 ns	      5830	80001740	00789cb3	sll	x25,x17,x7	 x17:0x00000001  x7:0x7fffffff x25=0x80000000
      58335.000 ns	      5832	80001744	f00a82d3	fmv.w.x	f5,x21	 x21:0x00000000  f5=0x00000000
      58365.000 ns	      5835	80001748	e00486d3	fmv.x.w	x13,f9	  f9:0x1f4081a4 x13=0x1f4081a4
      58385.000 ns	      5837	8000174c	00418e33	add	x28,x3,x4	  x3:0x7fffffff  x4:0x00000000 x28=0x7fffffff
      58405.000 ns	      5839	80001750	21af0653	fsgnj.s	f12,f30,f26	 f30:0x80000000 f26:0x1f4081a4 f12=0x00000000
      58435.000 ns	      5842	80001754	026b0833	mul	x16,x22,x6	 x22:0x1f4081a4  x6:0xfffffe5f x16=0x17ecd3dc
      58455.000 ns	      5844	80001758	019a0b33	add	x22,x20,x25	 x20:0x00000000 x25:0x80000000 x22=0x80000000
      58495.000 ns	      5848	8000175c	00cbf953	fadd.s	f18,f23,f12	 f23:0x7fc00000 f12:0x00000000 f18=0x7fc00000
      58865.000 ns	      5885	80001760	03a3c0b3	div	x1,x7,x26	  x7:0x7fffffff x26:0xffffffff  x1=0x80000001
      58895.000 ns	      5888	80001764	a0719953	flt.s	x18,f3,f7	  f3:0x4f7ffbf0  f7:0x00000000 x18=0x00000000
      58915.000 ns	      5890	80001768	9dd3b237	lui	x4,0x9dd3b	  x4=0x9dd3b000
      58925.000 ns	      5891	8000176c	00be9d33	sll	x26,x29,x11	 x29:0x80041024 x11:0x00000000 x26=0x80041024
      58935.000 ns	      5892	80001770	6f1a6993	ori	x19,x20,1777	 x20:0x00000000 x19=0x000006f1
      58945.000 ns	      5893	80001774	a293ab17	auipc	x22,0xa293a	 x22=0x2293b774
      58965.000 ns	      5895	80001778	e0001453	fclass.s	x8,f0	  f0:0x00000000  x8=0x00000010
      58995.000 ns	      5898	8000177c	f00f8ad3	fmv.w.x	f21,x31	 x31:0x49088700 f21=0x49088700
      59015.000 ns	      5900	80001780	c6612b13	slti	x22,x2,-922	  x2:0xed14be56 x22=0x00000001
      59025.000 ns	      5901	80001784	6b5a3993	sltiu	x19,x20,1717	 x20:0x00000000 x19=0x00000001
      59385.000 ns	      5937	80001788	03ad48b3	div	x17,x26,x26	 x26:0x80041024 x26:0x80041024 x17=0x00000001
      59415.000 ns	      5940	8000178c	a140aa53	feq.s	x20,f1,f20	  f1:0x42800000 f20:0x1f4081a4 x20=0x00000000
      59435.000 ns	      5942	80001790	f5a3cb13	xori	x22,x7,-166	  x7:0x7fffffff x22=0x800000a5
      59465.000 ns	      5945	80001794	58004fd3	fsqrt.s	f31,f0	  f0:0x00000000 f31=0x00000000
      59485.000 ns	      5947	80001798	2946a093	slti	x1,x13,660	 x13:0x1f4081a4  x1=0x00000000
      59495.000 ns	      5948	8000179c	01e0f4b3	and	x9,x1,x30	  x1:0x80000001 x30:0x00000000  x9=0x00000000
      59505.000 ns	      5949	800017a0	012d53b3	srl	x7,x26,x18	 x26:0x80041024 x18:0x00000000  x7=0x80041024
      59515.000 ns	      5950	800017a4	172c8d93	addi	x27,x25,370	 x25:0x80000000 x27=0x80000172
      59525.000 ns	      5951	800017a8	01e6bfb3	sltu	x31,x13,x30	 x13:0x1f4081a4 x30:0x00000000 x31=0x00000000
      59535.000 ns	      5952	800017ac	f87f8a13	addi	x20,x31,-121	 x31:0x49088700 x20=0xffffff87
      59545.000 ns	      5953	800017b0	b60a2193	slti	x3,x20,-1184	 x20:0x00000000  x3=0x00000000
      59555.000 ns	      5954	800017b4	fe8f7c93	andi	x25,x30,-24	 x30:0x00000000 x25=0x00000000
      59575.000 ns	      5956	800017b8	21f9a6d3	fsgnjx.s	f13,f19,f31	 f19:0x00000000 f31:0x00000000 f13=0x00000000
      59605.000 ns	      5959	800017bc	a1c10053	fle.s	x0,f2,f28	  f2:0x4f7ffbf0 f28:0x00000000
      59625.000 ns	      5961	800017c0	f58492b7	lui	x5,0xf5849	  x5=0xf5849000
      59645.000 ns	      5963	800017c4	20cb9b53	fsgnjn.s	f22,f23,f12	 f23:0x7fc00000 f12:0x00000000 f22=0xffc00000
      59675.000 ns	      5966	800017c8	c0190253	fcvt.wu.s	x4,f18	 f18:0x7fc00000  x4=0xffffffff
      59725.000 ns	      5971	800017cc	01814953	fadd.s	f18,f2,f24	  f2:0x4f7ffbf0 f24:0x7fc00000 f18=0x7fc00000
      59755.000 ns	      5974	800017d0	282c8a53	fmin.s	f20,f25,f2	 f25:0x00000000  f2:0x4f7ffbf0 f20=0x00000000
      59785.000 ns	      5977	800017d4	02341933	mulh	x18,x8,x3	  x8:0x00000010  x3:0x00000000 x18=0x00000000
      59815.000 ns	      5980	800017d8	f0080c53	fmv.w.x	f24,x16	 x16:0x17ecd3dc f24=0x17ecd3dc
      59845.000 ns	      5983	800017dc	020a9d33	mulh	x26,x21,x0	 x21:0x00000000  x0:0x00000000 x26=0x00000000
      59865.000 ns	      5985	800017e0	0099a933	slt	x18,x19,x9	 x19:0x00000001  x9:0x00000000 x18=0x00000000
      59905.000 ns	      5989	800017e4	0050f0d3	fadd.s	f1,f1,f5	  f1:0x42800000  f5:0x00000000  f1=0x42800000
      59945.000 ns	      5993	800017e8	580e1a53	fsqrt.s	f20,f28	 f28:0x00000000 f20=0x00000000
      59965.000 ns	      5995	800017ec	9f208897	auipc	x17,0x9f208	 x17=0x1f2097ec
      59985.000 ns	      5997	800017f0	f00a0cd3	fmv.w.x	f25,x20	 x20:0xffffff87 f25=0xffffff87
      60005.000 ns	      5999	800017f4	41245b13	srai	x22,x8,0x12	  x8:0x00000010 x22=0x00000000
      60045.000 ns	      6003	800017f8	0122a553	fadd.s	f10,f5,f18	  f5:0x00000000 f18:0x7fc00000 f10=0x7fc00000
      60075.000 ns	      6006	800017fc	f0068a53	fmv.w.x	f20,x13	 x13:0x1f4081a4 f20=0x1f4081a4
      60115.000 ns	      6010	80001800	18451353	fdiv.s	f6,f10,f4	 f10:0x7fc00000  f4:0x80000000  f6=0x7fc00000
      60145.000 ns	      6013	80001804	a12494d3	flt.s	x9,f9,f18	  f9:0x1f4081a4 f18:0x7fc00000  x9=0x00000000
      60165.000 ns	      6015	80001808	aaf98493	addi	x9,x19,-1361	 x19:0x00000001  x9=0xfffffab0
      60185.000 ns	      6017	8000180c	218008d3	fsgnj.s	f17,f0,f24	  f0:0x00000000 f24:0x17ecd3dc f17=0x00000000
      60215.000 ns	      6020	80001810	039af733	remu	x14,x21,x25	 x21:0x00000000 x25:0x00000000 x14=0x00000000
      60245.000 ns	      6023	80001814	a0e614d3	flt.s	x9,f12,f14	 f12:0x00000000 f14:0x00000000  x9=0x00000000
      60275.000 ns	      6026	80001818	210a1fd3	fsgnjn.s	f31,f20,f16	 f20:0x1f4081a4 f16:0x80000000 f31=0x1f4081a4
      60305.000 ns	      6029	8000181c	29fc86d3	fmin.s	f13,f25,f31	 f25:0xffffff87 f31:0x00000000 f13=0x1f4081a4
      60335.000 ns	      6032	80001820	28e88cd3	fmin.s	f25,f17,f14	 f17:0x00000000 f14:0x00000000 f25=0x00000000
      60355.000 ns	      6034	80001824	015e1c93	slli	x25,x28,0x15	 x28:0x7fffffff x25=0xffe00000
      60685.000 ns	      6067	80001828	1954f4d3	fdiv.s	f9,f9,f21	  f9:0x1f4081a4 f21:0x49088700  f9=0x154081a4
      60715.000 ns	      6070	8000182c	030a26b3	mulhsu	x13,x20,x16	 x20:0xffffff87 x16:0x17ecd3dc x13=0xfffffff4
      60745.000 ns	      6073	80001830	d01fc0d3	fcvt.s.wu	f1,x31	 x31:0x00000000  f1=0x00000000
      60775.000 ns	      6076	80001834	e00a1ad3	fclass.s	x21,f20	 f20:0x1f4081a4 x21=0x00000040
      60795.000 ns	      6078	80001838	415b5a93	srai	x21,x22,0x15	 x22:0x00000000 x21=0x00000000
      60825.000 ns	      6081	8000183c	19771953	fdiv.s	f18,f14,f23	 f14:0x00000000 f23:0x7fc00000 f18=0x7fc00000
      60855.000 ns	      6084	80001840	212c0a53	fsgnj.s	f20,f24,f18	 f24:0x17ecd3dc f18:0x7fc00000 f20=0x17ecd3dc
      60885.000 ns	      6087	80001844	e0068753	fmv.x.w	x14,f13	 f13:0x1f4081a4 x14=0x1f4081a4
      61255.000 ns	      6124	80001848	0345e6b3	rem	x13,x11,x20	 x11:0x00000000 x20:0xffffff87 x13=0x00000000
      61275.000 ns	      6126	8000184c	00244ab3	xor	x21,x8,x2	  x8:0x00000010  x2:0xed14be56 x21=0xed14be46
      61285.000 ns	      6127	80001850	afc8a913	slti	x18,x17,-1284	 x17:0x1f2097ec x18=0x00000000
      61305.000 ns	      6129	80001854	e00b0bd3	fmv.x.w	x23,f22	 f22:0xffc00000 x23=0xffc00000
      61325.000 ns	      6131	80001858	40b8dd93	srai	x27,x17,0xb	 x17:0x1f2097ec x27=0x0003e412
      61365.000 ns	      6135	8000185c	081c7653	fsub.s	f12,f24,f1	 f24:0x17ecd3dc  f1:0x00000000 f12=0x17ecd3dc
      61395.000 ns	      6138	80001860	28071ad3	fmax.s	f21,f14,f0	 f14:0x00000000  f0:0x00000000 f21=0x00000000
      61425.000 ns	      6141	80001864	d01e7dd3	fcvt.s.wu	f27,x28	 x28:0x7fffffff f27=0x4effffff
      61455.000 ns	      6144	80001868	d00f28d3	fcvt.s.w	f17,x30	 x30:0x00000000 f17=0x00000000
      61475.000 ns	      6146	8000186c	005617b3	sll	x15,x12,x5	 x12:0x80040fe4  x5:0xf5849000 x15=0x80040fe4
      61495.000 ns	      6148	80001870	039422b3	mulhsu	x5,x8,x25	  x8:0x00000010 x25:0xffe00000  x5=0x0000000f
      61525.000 ns	      6151	80001874	03a0f5b3	remu	x11,x1,x26	  x1:0x00000000 x26:0x00000000 x11=0x00000000
      61545.000 ns	      6153	80001878	405b8b33	sub	x22,x23,x5	 x23:0xffc00000  x5:0x0000000f x22=0xffbffff1
      61555.000 ns	      6154	8000187c	767dcb13	xori	x22,x27,1895	 x27:0x0003e412 x22=0x0003e375
      61565.000 ns	      6155	80001880	00000013	addi	x0,x0,0	  x0:0x00000000
      61595.000 ns	      6158	80001884	11fcbfd3	fmul.s	f31,f25,f31	 f25:0x00000000 f31:0x1f4081a4 f31=0x00000000
      61635.000 ns	      6162	80001888	102b7c53	fmul.s	f24,f22,f2	 f22:0xffc00000  f2:0x4f7ffbf0 f24=0x7fc00000
      61685.000 ns	      6167	8000188c	0889f2d3	fsub.s	f5,f19,f8	 f19:0x00000000  f8:0x7fc00000  f5=0x7fc00000
      61715.000 ns	      6170	80001890	a1af8353	fle.s	x6,f31,f26	 f31:0x00000000 f26:0x1f4081a4  x6=0x00000001
      61735.000 ns	      6172	80001894	9e040c13	addi	x24,x8,-1568	  x8:0x00000010 x24=0xfffff9f0
      61755.000 ns	      6174	80001898	03792833	mulhsu	x16,x18,x23	 x18:0x00000000 x23:0xffc00000 x16=0x00000000
      61785.000 ns	      6177	8000189c	02de4733	div	x14,x28,x13	 x28:0x7fffffff x13:0x00000000 x14=0xffffffff
      61815.000 ns	      6180	800018a0	03a216b3	mulh	x13,x4,x26	  x4:0xffffffff x26:0x00000000 x13=0x00000000
      61845.000 ns	      6183	800018a4	28c30d53	fmin.s	f26,f6,f12	  f6:0x7fc00000 f12:0x17ecd3dc f26=0x17ecd3dc
      61865.000 ns	      6185	800018a8	00000013	addi	x0,x0,0	  x0:0x00000000
      61875.000 ns	      6186	800018ac	f5c70193	addi	x3,x14,-164	 x14:0xffffffff  x3=0xffffff5b
      61895.000 ns	      6188	800018b0	c01a8d53	fcvt.wu.s	x26,f21	 f21:0x00000000 x26=0x00000000
      62265.000 ns	      6225	800018b4	02c970b3	remu	x1,x18,x12	 x18:0x00000000 x12:0x80040fe4  x1=0x00000000
      62285.000 ns	      6227	800018b8	01150f33	add	x30,x10,x17	 x10:0x00000000 x17:0x1f2097ec x30=0x1f2097ec
      62305.000 ns	      6229	800018bc	20ca8a53	fsgnj.s	f20,f21,f12	 f21:0x00000000 f12:0x17ecd3dc f20=0x00000000
      62335.000 ns	      6232	800018c0	029b2233	mulhsu	x4,x22,x9	 x22:0x0003e375  x9:0x00000000  x4=0x00000000
      62355.000 ns	      6234	800018c4	cb6fbd93	sltiu	x27,x31,-842	 x31:0x00000000 x27=0x00000001
      62375.000 ns	      6236	800018c8	029bf333	remu	x6,x23,x9	 x23:0xffc00000  x9:0x00000000  x6=0xffc00000
      62405.000 ns	      6239	800018cc	020b7833	remu	x16,x22,x0	 x22:0x0003e375  x0:0x00000000 x16=0x0003e375
      62455.000 ns	      6244	800018d0	09b49f53	fsub.s	f30,f9,f27	  f9:0x154081a4 f27:0x4effffff f30=0xceffffff
      62485.000 ns	      6247	800018d4	a1dea353	feq.s	x6,f29,f29	 f29:0x7fc00000 f29:0x7fc00000  x6=0x00000000
      62515.000 ns	      6250	800018d8	c00a14d3	fcvt.w.s	x9,f20	 f20:0x00000000  x9=0x00000000
      62555.000 ns	      6254	800018dc	1018ffd3	fmul.s	f31,f17,f1	 f17:0x00000000  f1:0x00000000 f31=0x00000000
      62595.000 ns	      6258	800018e0	1913fc53	fdiv.s	f24,f7,f17	  f7:0x00000000 f17:0x00000000 f24=0x7fc00000
      62645.000 ns	      6263	800018e4	09de90d3	fsub.s	f1,f29,f29	 f29:0x7fc00000 f29:0x7fc00000  f1=0x7fc00000
      63015.000 ns	      6300	800018e8	0342c1b3	div	x3,x5,x20	  x5:0x0000000f x20:0xffffff87  x3=0x00000000
      63045.000 ns	      6303	800018ec	20301e53	fsgnjn.s	f28,f0,f3	  f0:0x00000000  f3:0x4f7ffbf0 f28=0x80000000
      63065.000 ns	      6305	800018f0	00000013	addi	x0,x0,0	  x0:0x00000000
      63075.000 ns	      6306	800018f4	4a714493	xori	x9,x2,1191	  x2:0xed14be56  x9=0xed14baf1
      63095.000 ns	      6308	800018f8	20ea17d3	fsgnjn.s	f15,f20,f14	 f20:0x00000000 f14:0x00000000 f15=0x80000000
      63115.000 ns	      6310	800018fc	4064d5b3	sra	x11,x9,x6	  x9:0x00000000  x6:0x00000000 x11=0xed14baf1
      63125.000 ns	      6311	80001900	9e11a193	slti	x3,x3,-1567	  x3:0x00000000  x3=0x00000000
      63145.000 ns	      6313	80001904	0204d4b3	divu	x9,x9,x0	  x9:0xed14baf1  x0:0x00000000  x9=0xffffffff
      63165.000 ns	      6315	80001908	012eac33	slt	x24,x29,x18	 x29:0x80041024 x18:0x00000000 x24=0x00000001
      63205.000 ns	      6319	8000190c	0158a753	fadd.s	f14,f17,f21	 f17:0x00000000 f21:0x00000000 f14=0x00000000
      63235.000 ns	      6322	80001910	03c692b3	mulh	x5,x13,x28	 x13:0x00000000 x28:0x7fffffff  x5=0x00000000
      63255.000 ns	      6324	80001914	7187c293	xori	x5,x15,1816	 x15:0x80040fe4  x5=0x800408fc
      63275.000 ns	      6326	80001918	c00b7e53	fcvt.w.s	x28,f22	 f22:0xffc00000 x28=0x7fffffff
      63315.000 ns	      6330	8000191c	1193fd53	fmul.s	f26,f7,f25	  f7:0x00000000 f25:0x00000000 f26=0x00000000
      63335.000 ns	      6332	80001920	00000013	addi	x0,x0,0	  x0:0x00000000
      63345.000 ns	      6333	80001924	014c7fb3	and	x31,x24,x20	 x24:0x00000001 x20:0xffffff87 x31=0x00000001
      63365.000 ns	      6335	80001928	e00c0dd3	fmv.x.w	x27,f24	 f24:0x7fc00000 x27=0x7fc00000
      63405.000 ns	      6339	8000192c	199b7cd3	fdiv.s	f25,f22,f25	 f22:0xffc00000 f25:0x00000000 f25=0x7fc00000
      63435.000 ns	      6342	80001930	a0590dd3	fle.s	x27,f18,f5	 f18:0x7fc00000  f5:0x7fc00000 x27=0x00000000
      63465.000 ns	      6345	80001934	c00098d3	fcvt.w.s	x17,f1	  f1:0x7fc00000 x17=0x7fffffff
      63495.000 ns	      6348	80001938	d01a7d53	fcvt.s.wu	f26,x20	 x20:0xffffff87 f26=0x4f7fffff
      63525.000 ns	      6351	8000193c	02e598b3	mulh	x17,x11,x14	 x11:0xed14baf1 x14:0xffffffff x17=0x00000000
      64705.000 ns	      6469	80001940	58019cd3	fsqrt.s	f25,f3	  f3:0x4f7ffbf0 f25=0x47350183
      64725.000 ns	      6471	80001944	68924c93	xori	x25,x4,1673	  x4:0x00000000 x25=0x00000689
      64745.000 ns	      6473	80001948	03a5ef33	rem	x30,x11,x26	 x11:0xed14baf1 x26:0x00000000 x30=0xed14baf1
      64765.000 ns	      6475	8000194c	41e15413	srai	x8,x2,0x1e	  x2:0xed14be56  x8=0xffffffff
      64785.000 ns	      6477	80001950	c00f2d53	fcvt.w.s	x26,f30	 f30:0xceffffff x26=0x80000080
      64815.000 ns	      6480	80001954	c01d3d53	fcvt.wu.s	x26,f26	 f26:0x4f7fffff x26=0xffffff00
      64835.000 ns	      6482	80001958	404285b3	sub	x11,x5,x4	  x5:0x800408fc  x4:0x00000000 x11=0x800408fc
      64855.000 ns	      6484	8000195c	02624733	div	x14,x4,x6	  x4:0x00000000  x6:0x00000000 x14=0xffffffff
      64875.000 ns	      6486	80001960	da004693	xori	x13,x0,-608	  x0:0x00000000 x13=0xfffffda0
      64885.000 ns	      6487	80001964	0085da13	srli	x20,x11,0x8	 x11:0x800408fc x20=0x00800408
      64905.000 ns	      6489	80001968	d0167653	fcvt.s.wu	f12,x12	 x12:0x80040fe4 f12=0x4f00040f
      64925.000 ns	      6491	8000196c	40dddab3	sra	x21,x27,x13	 x27:0x00000000 x13:0xfffffda0 x21=0x00000000
      64945.000 ns	      6493	80001970	21f61dd3	fsgnjn.s	f27,f12,f31	 f12:0x4f00040f f31:0x00000000 f27=0xcf00040f
      64975.000 ns	      6496	80001974	0265a3b3	mulhsu	x7,x11,x6	 x11:0x800408fc  x6:0x00000000  x7=0x00000000
      65005.000 ns	      6499	80001978	02e92b33	mulhsu	x22,x18,x14	 x18:0x00000000 x14:0xffffffff x22=0x00000000
      65035.000 ns	      6502	8000197c	02acea33	rem	x20,x25,x10	 x25:0x00000689 x10:0x00000000 x20=0x00000689
      65055.000 ns	      6504	80001980	40dd8933	sub	x18,x27,x13	 x27:0x00000000 x13:0xfffffda0 x18=0x00000260
      65075.000 ns	      6506	80001984	205f9653	fsgnjn.s	f12,f31,f5	 f31:0x00000000  f5:0x7fc00000 f12=0x80000000
      65105.000 ns	      6509	80001988	d00a7453	fcvt.s.w	f8,x20	 x20:0x00000689  f8=0x44d12000
      65125.000 ns	      6511	8000198c	00328333	add	x6,x5,x3	  x5:0x800408fc  x3:0x00000000  x6=0x800408fc
      65145.000 ns	      6513	80001990	03a636b3	mulhu	x13,x12,x26	 x12:0x80040fe4 x26:0xffffff00 x13=0x80040f63
      65165.000 ns	      6515	80001994	a44e8193	addi	x3,x29,-1468	 x29:0x80041024  x3=0x80040a68
      65185.000 ns	      6517	80001998	294b00d3	fmin.s	f1,f22,f20	 f22:0xffc00000 f20:0x00000000  f1=0x00000000
      65205.000 ns	      6519	8000199c	000ba233	slt	x4,x23,x0	 x23:0xffc00000  x0:0x00000000  x4=0x00000001
      65245.000 ns	      6523	800019a0	00ec20d3	fadd.s	f1,f24,f14	 f24:0x7fc00000 f14:0x00000000  f1=0x7fc00000
      65265.000 ns	      6525	800019a4	00c59fb3	sll	x31,x11,x12	 x11:0x800408fc x12:0x80040fe4 x31=0x00408fc0
      65275.000 ns	      6526	800019a8	01c11993	slli	x19,x2,0x1c	  x2:0xed14be56 x19=0x60000000
      65285.000 ns	      6527	800019ac	005198b3	sll	x17,x3,x5	  x3:0x80040a68  x5:0x800408fc x17=0x80000000
      65295.000 ns	      6528	800019b0	35393313	sltiu	x6,x18,851	 x18:0x00000260  x6=0x00000001
      65315.000 ns	      6530	800019b4	a01028d3	feq.s	x17,f0,f1	  f0:0x00000000  f1:0x7fc00000 x17=0x00000000
      65335.000 ns	      6532	800019b8	01361533	sll	x10,x12,x19	 x12:0x80040fe4 x19:0x60000000 x10=0x80040fe4
      65365.000 ns	      6535	800019bc	18372a53	fdiv.s	f20,f14,f3	 f14:0x00000000  f3:0x4f7ffbf0 f20=0x00000000
      65735.000 ns	      6572	800019c0	03acfb33	remu	x22,x25,x26	 x25:0x00000689 x26:0xffffff00 x22=0x00000689
      65765.000 ns	      6575	800019c4	c00cf5d3	fcvt.w.s	x11,f25	 f25:0x47350183 x11=0x0000b501
      65795.000 ns	      6578	800019c8	29bc03d3	fmin.s	f7,f24,f27	 f24:0x7fc00000 f27:0xcf00040f  f7=0xcf00040f
      65825.000 ns	      6581	800019cc	209e0c53	fsgnj.s	f24,f28,f9	 f28:0x80000000  f9:0x154081a4 f24=0x00000000
      65855.000 ns	      6584	800019d0	02e62c33	mulhsu	x24,x12,x14	 x12:0x80040fe4 x14:0xffffffff x24=0x80040fe4
      65885.000 ns	      6587	800019d4	d000f7d3	fcvt.s.w	f15,x1	  x1:0x00000000 f15=0x00000000
      65905.000 ns	      6589	800019d8	00a9bc33	sltu	x24,x19,x10	 x19:0x60000000 x10:0x80040fe4 x24=0x00000001
      65925.000 ns	      6591	800019dc	200003d3	fsgnj.s	f7,f0,f0	  f0:0x00000000  f0:0x00000000  f7=0x00000000
      65945.000 ns	      6593	800019e0	40ca5b33	sra	x22,x20,x12	 x20:0x00000689 x12:0x80040fe4 x22=0x00000068
      65955.000 ns	      6594	800019e4	00d0d6b3	srl	x13,x1,x13	  x1:0x00000000 x13:0x80040f63 x13=0x00000000
      66315.000 ns	      6630	800019e8	02b8fbb3	remu	x23,x17,x11	 x17:0x00000000 x11:0x0000b501 x23=0x00000000
      66335.000 ns	      6632	800019ec	41685b13	srai	x22,x16,0x16	 x16:0x0003e375 x22=0x00000000
      66345.000 ns	      6633	800019f0	74ee35b7	lui	x11,0x74ee3	 x11=0x74ee3000
      66365.000 ns	      6635	800019f4	d014bd53	fcvt.s.wu	f26,x9	  x9:0xffffffff f26=0x4f800000
      66405.000 ns	      6639	800019f8	19f6b5d3	fdiv.s	f11,f13,f31	 f13:0x1f4081a4 f31:0x00000000 f11=0x7f800000
      66425.000 ns	      6641	800019fc	00198b33	add	x22,x19,x1	 x19:0x60000000  x1:0x00000000 x22=0x60000000
      66445.000 ns	      6643	80001a00	28b38753	fmin.s	f14,f7,f11	  f7:0x00000000 f11:0x7f800000 f14=0x00000000
      66475.000 ns	      6646	80001a04	28dc06d3	fmin.s	f13,f24,f13	 f24:0x00000000 f13:0x1f4081a4 f13=0x00000000
      66495.000 ns	      6648	80001a08	015109b3	add	x19,x2,x21	  x2:0xed14be56 x21:0x00000000 x19=0xed14be56
      66505.000 ns	      6649	80001a0c	0028cfb3	xor	x31,x17,x2	 x17:0x00000000  x2:0xed14be56 x31=0xed14be56
      66525.000 ns	      6651	80001a10	d018fb53	fcvt.s.wu	f22,x17	 x17:0x00000000 f22=0x00000000
      66895.000 ns	      6688	80001a14	03656f33	rem	x30,x10,x22	 x10:0x80040fe4 x22:0x60000000 x30=0xe0040fe4
      66925.000 ns	      6691	80001a18	298e9053	fmax.s	f0,f29,f24	 f29:0x7fc00000 f24:0x00000000  f0=0x00000000
      66945.000 ns	      6693	80001a1c	01784533	xor	x10,x16,x23	 x16:0x0003e375 x23:0x00000000 x10=0x0003e375
      66965.000 ns	      6695	80001a20	205080d3	fsgnj.s	f1,f1,f5	  f1:0x7fc00000  f5:0x7fc00000  f1=0x7fc00000
      66985.000 ns	      6697	80001a24	0188d993	srli	x19,x17,0x18	 x17:0x00000000 x19=0x00000000
      67015.000 ns	      6700	80001a28	58094cd3	fsqrt.s	f25,f18	 f18:0x7fc00000 f25=0x7fc00000
      67035.000 ns	      6702	80001a2c	01f06533	or	x10,x0,x31	  x0:0x00000000 x31:0xed14be56 x10=0xed14be56
      67055.000 ns	      6704	80001a30	c009f1d3	fcvt.w.s	x3,f19	 f19:0x00000000  x3=0x00000000
      67085.000 ns	      6707	80001a34	a0f79253	flt.s	x4,f15,f15	 f15:0x00000000 f15:0x00000000  x4=0x00000000
      67105.000 ns	      6709	80001a38	04fd2f13	slti	x30,x26,79	 x26:0xffffff00 x30=0x00000001
      67145.000 ns	      6713	80001a3c	095077d3	fsub.s	f15,f0,f21	  f0:0x00000000 f21:0x00000000 f15=0x80000000
      67165.000 ns	      6715	80001a40	40e00bb3	sub	x23,x0,x14	  x0:0x00000000 x14:0xffffffff x23=0x00000001
      67185.000 ns	      6717	80001a44	03582433	mulhsu	x8,x16,x21	 x16:0x0003e375 x21:0x00000000  x8=0x00000000
      67205.000 ns	      6719	80001a48	02b54997	auipc	x19,0x2b54	 x19=0x82b55a48
      67225.000 ns	      6721	80001a4c	a150abd3	feq.s	x23,f1,f21	  f1:0x7fc00000 f21:0x00000000 x23=0x00000000
      67255.000 ns	      6724	80001a50	e00213d3	fclass.s	x7,f4	  f4:0x80000000  x7=0x00000008
      67285.000 ns	      6727	80001a54	03502333	mulhsu	x6,x0,x21	  x0:0x00000000 x21:0x00000000  x6=0x00000000
      67305.000 ns	      6729	80001a58	9f118093	addi	x1,x3,-1551	  x3:0x00000000  x1=0xfffff9f1
      68155.000 ns	      6814	80001a5c	58019553	fsqrt.s	f10,f3	  f3:0x4f7ffbf0 f10=0x4735010a
      68205.000 ns	      6819	80001a60	08a077d3	fsub.s	f15,f0,f10	  f0:0x00000000 f10:0x7fc00000 f15=0xc735010a
      68235.000 ns	      6822	80001a64	214bac53	fsgnjx.s	f24,f23,f20	 f23:0x7fc00000 f20:0x00000000 f24=0x7fc00000
      68265.000 ns	      6825	80001a68	02dee8b3	rem	x17,x29,x13	 x29:0x80041024 x13:0x00000000 x17=0x80041024
      68285.000 ns	      6827	80001a6c	0051f5b3	and	x11,x3,x5	  x3:0x00000000  x5:0x800408fc x11=0x00000000
      68315.000 ns	      6830	80001a70	1913fc53	fdiv.s	f24,f7,f17	  f7:0x00000000 f17:0x00000000 f24=0x7fc00000
      68345.000 ns	      6833	80001a74	c00021d3	fcvt.w.s	x3,f0	  f0:0x00000000  x3=0x00000000
      68365.000 ns	      6835	80001a78	62e46837	lui	x16,0x62e46	 x16=0x62e46000
      68405.000 ns	      6839	80001a7c	014bf5d3	fadd.s	f11,f23,f20	 f23:0x7fc00000 f20:0x00000000 f11=0x7fc00000
      68775.000 ns	      6876	80001a80	03d47b33	remu	x22,x8,x29	  x8:0x00000000 x29:0x80041024 x22=0x00000000
      68795.000 ns	      6878	80001a84	00f75193	srli	x3,x14,0xf	 x14:0xffffffff  x3=0x0001ffff
      68805.000 ns	      6879	80001a88	00e369b3	or	x19,x6,x14	  x6:0x00000000 x14:0xffffffff x19=0xffffffff
      68825.000 ns	      6881	80001a8c	03969033	mulh	x0,x13,x25	 x13:0x00000000 x25:0x00000689
      68855.000 ns	      6884	80001a90	c008a7d3	fcvt.w.s	x15,f17	 f17:0x00000000 x15=0x00000000
      68885.000 ns	      6887	80001a94	217dac53	fsgnjx.s	f24,f27,f23	 f27:0xcf00040f f23:0x7fc00000 f24=0xcf00040f
      68915.000 ns	      6890	80001a98	f0048ad3	fmv.w.x	f21,x9	  x9:0xffffffff f21=0xffffffff
      68955.000 ns	      6894	80001a9c	18dfa953	fdiv.s	f18,f31,f13	 f31:0x00000000 f13:0x00000000 f18=0x7fc00000
      68975.000 ns	      6896	80001aa0	00c0e733	or	x14,x1,x12	  x1:0xfffff9f1 x12:0x80040fe4 x14=0xfffffff5
      68995.000 ns	      6898	80001aa4	21f903d3	fsgnj.s	f7,f18,f31	 f18:0x7fc00000 f31:0x00000000  f7=0x7fc00000
      69025.000 ns	      6901	80001aa8	285c0ad3	fmin.s	f21,f24,f5	 f24:0xcf00040f  f5:0x7fc00000 f21=0xcf00040f
      69395.000 ns	      6938	80001aac	02ccfbb3	remu	x23,x25,x12	 x25:0x00000689 x12:0x80040fe4 x23=0x00000689
      69425.000 ns	      6941	80001ab0	d005f1d3	fcvt.s.w	f3,x11	 x11:0x00000000  f3=0x00000000
      69455.000 ns	      6944	80001ab4	c0107053	fcvt.wu.s	x0,f0	  f0:0x00000000
      69485.000 ns	      6947	80001ab8	02bace33	div	x28,x21,x11	 x21:0x00000000 x11:0x00000000 x28=0xffffffff
      69515.000 ns	      6950	80001abc	034305b3	mul	x11,x6,x20	  x6:0x00000000 x20:0x00000689 x11=0x00000000
      69535.000 ns	      6952	80001ac0	cb0f8393	addi	x7,x31,-848	 x31:0xed14be56  x7=0xed14bb06
      69545.000 ns	      6953	80001ac4	00000013	addi	x0,x0,0	  x0:0x00000000
      69565.000 ns	      6955	80001ac8	e0081053	fclass.s	x0,f16	 f16:0x80000000
      69605.000 ns	      6959	80001acc	11f42453	fmul.s	f8,f8,f31	  f8:0x44d12000 f31:0x00000000  f8=0x00000000
      69975.000 ns	      6996	80001ad0	029cd933	divu	x18,x25,x9	 x25:0x00000689  x9:0xffffffff x18=0x00000000
      70005.000 ns	      6999	80001ad4	c0141253	fcvt.wu.s	x4,f8	  f8:0x00000000  x4=0x00000000
      70035.000 ns	      7002	80001ad8	d01879d3	fcvt.s.wu	f19,x16	 x16:0x62e46000 f19=0x4ec5c8c0
      70065.000 ns	      7005	80001adc	d0059753	fcvt.s.w	f14,x11	 x11:0x00000000 f14=0x00000000
      70085.000 ns	      7007	80001ae0	fa2c7497	auipc	x9,0xfa2c7	  x9=0x7a2c8ae0
      70115.000 ns	      7010	80001ae4	105882d3	fmul.s	f5,f17,f5	 f17:0x00000000  f5:0x7fc00000  f5=0x7fc00000
      70145.000 ns	      7013	80001ae8	a1f00553	fle.s	x10,f0,f31	  f0:0x00000000 f31:0x00000000 x10=0x00000001
      70165.000 ns	      7015	80001aec	018cadb3	slt	x27,x25,x24	 x25:0x00000689 x24:0x00000001 x27=0x00000000
      70175.000 ns	      7016	80001af0	40980b33	sub	x22,x16,x9	 x16:0x62e46000  x9:0x7a2c8ae0 x22=0xe8b7d520
      70215.000 ns	      7020	80001af4	08b7cb53	fsub.s	f22,f15,f11	 f15:0xc735010a f11:0x7fc00000 f22=0x7fc00000
      70245.000 ns	      7023	80001af8	a19d00d3	fle.s	x1,f26,f25	 f26:0x4f800000 f25:0x7fc00000  x1=0x00000000
      70265.000 ns	      7025	80001afc	58abb693	sltiu	x13,x23,1418	 x23:0x00000689 x13=0x00000000
      70275.000 ns	      7026	80001b00	f7e3f013	andi	x0,x7,-130	  x7:0xed14bb06
      70295.000 ns	      7028	80001b04	02c4b7b3	mulhu	x15,x9,x12	  x9:0x7a2c8ae0 x12:0x80040fe4 x15=0x3d1835b7
      70325.000 ns	      7031	80001b08	a0b99853	flt.s	x16,f19,f11	 f19:0x4ec5c8c0 f11:0x7fc00000 x16=0x00000000
      70345.000 ns	      7033	80001b0c	01e654b3	srl	x9,x12,x30	 x12:0x80040fe4 x30:0x00000001  x9=0x400207f2
      70365.000 ns	      7035	80001b10	02b68fb3	mul	x31,x13,x11	 x13:0x00000000 x11:0x00000000 x31=0x00000000
      70395.000 ns	      7038	80001b14	03230fb3	mul	x31,x6,x18	  x6:0x00000000 x18:0x00000000 x31=0x00000000
      70415.000 ns	      7040	80001b18	40ce8db3	sub	x27,x29,x12	 x29:0x80041024 x12:0x80040fe4 x27=0x00000040
      70435.000 ns	      7042	80001b1c	024084b3	mul	x9,x1,x4	  x1:0x00000000  x4:0x00000000  x9=0x00000000
      70475.000 ns	      7046	80001b20	112bfad3	fmul.s	f21,f23,f18	 f23:0x7fc00000 f18:0x7fc00000 f21=0x7fc00000
      70495.000 ns	      7048	80001b24	41105093	srai	x1,x0,0x11	  x0:0x00000000  x1=0x00000000
      70505.000 ns	      7049	80001b28	1649eb13	ori	x22,x19,356	 x19:0xffffffff x22=0xffffffff
      70525.000 ns	      7051	80001b2c	02b8ea33	rem	x20,x17,x11	 x17:0x80041024 x11:0x00000000 x20=0x80041024
      70555.000 ns	      7054	80001b30	d000fad3	fcvt.s.w	f21,x1	  x1:0x00000000 f21=0x00000000
      70585.000 ns	      7057	80001b34	c000b953	fcvt.w.s	x18,f1	  f1:0x7fc00000 x18=0x7fffffff
      70615.000 ns	      7060	80001b38	028524b3	mulhsu	x9,x10,x8	 x10:0x00000001  x8:0x00000000  x9=0x00000000
      70645.000 ns	      7063	80001b3c	288298d3	fmax.s	f17,f5,f8	  f5:0x7fc00000  f8:0x00000000 f17=0x00000000
      70665.000 ns	      7065	80001b40	412e0333	sub	x6,x28,x18	 x28:0xffffffff x18:0x7fffffff  x6=0x80000000
      70675.000 ns	      7066	80001b44	01365db3	srl	x27,x12,x19	 x12:0x80040fe4 x19:0xffffffff x27=0x00000001
      70685.000 ns	      7067	80001b48	142f4693	xori	x13,x30,322	 x30:0x00000001 x13=0x00000143
      70695.000 ns	      7068	80001b4c	00ff92b3	sll	x5,x31,x15	 x31:0x00000000 x15:0x3d1835b7  x5=0x00000000
      70705.000 ns	      7069	80001b50	413a5e33	sra	x28,x20,x19	 x20:0x80041024 x19:0xffffffff x28=0xffffffff
      70725.000 ns	      7071	80001b54	a03ca8d3	feq.s	x17,f25,f3	 f25:0x7fc00000  f3:0x00000000 x17=0x00000000
      70775.000 ns	      7076	80001b58	09917dd3	fsub.s	f27,f2,f25	  f2:0x4f7ffbf0 f25:0x7fc00000 f27=0x7fc00000
      70795.000 ns	      7078	80001b5c	46b0f397	auipc	x7,0x46b0f	  x7=0xc6b10b5c
      70815.000 ns	      7080	80001b60	21bc23d3	fsgnjx.s	f7,f24,f27	 f24:0xcf00040f f27:0x7fc00000  f7=0xcf00040f
      70845.000 ns	      7083	80001b64	21e3af53	fsgnjx.s	f30,f7,f30	  f7:0x7fc00000 f30:0xceffffff f30=0x4f00040f
      70865.000 ns	      7085	80001b68	00136833	or	x16,x6,x1	  x6:0x80000000  x1:0x00000000 x16=0x80000000
      70905.000 ns	      7089	80001b6c	089579d3	fsub.s	f19,f10,f9	 f10:0x4735010a  f9:0x154081a4 f19=0x4735010a
      70935.000 ns	      7092	80001b70	211bacd3	fsgnjx.s	f25,f23,f17	 f23:0x7fc00000 f17:0x00000000 f25=0x7fc00000
      70965.000 ns	      7095	80001b74	024c76b3	remu	x13,x24,x4	 x24:0x00000001  x4:0x00000000 x13=0x00000001
      71335.000 ns	      7132	80001b78	02eb5433	divu	x8,x22,x14	 x22:0xffffffff x14:0xfffffff5  x8=0x00000001
      71365.000 ns	      7135	80001b7c	21d7abd3	fsgnjx.s	f23,f15,f29	 f15:0xc735010a f29:0x7fc00000 f23=0xc735010a
      71405.000 ns	      7139	80001b80	11fb20d3	fmul.s	f1,f22,f31	 f22:0x7fc00000 f31:0x00000000  f1=0x7fc00000
      71435.000 ns	      7142	80001b84	29c501d3	fmin.s	f3,f10,f28	 f10:0x4735010a f28:0x80000000  f3=0x80000000
      71465.000 ns	      7145	80001b88	03848e33	mul	x28,x9,x24	  x9:0x00000000 x24:0x00000001 x28=0x00000000
      71495.000 ns	      7148	80001b8c	e00a1d53	fclass.s	x26,f20	 f20:0x00000000 x26=0x00000010
      71515.000 ns	      7150	80001b90	00aa4db3	xor	x27,x20,x10	 x20:0x80041024 x10:0x00000001 x27=0x80041025
      71525.000 ns	      7151	80001b94	30b92c13	slti	x24,x18,779	 x18:0x7fffffff x24=0x00000000
      71545.000 ns	      7153	80001b98	c00ef8d3	fcvt.w.s	x17,f29	 f29:0x7fc00000 x17=0x7fffffff
      71915.000 ns	      7190	80001b9c	028ed3b3	divu	x7,x29,x8	 x29:0x80041024  x8:0x00000001  x7=0x80041024
      71935.000 ns	      7192	80001ba0	01da5d93	srli	x27,x20,0x1d	 x20:0x80041024 x27=0x00000004
      71945.000 ns	      7193	80001ba4	0077d893	srli	x17,x15,0x7	 x15:0x3d1835b7 x17=0x007a306b
      73115.000 ns	      7310	80001ba8	580491d3	fsqrt.s	f3,f9	  f9:0x154081a4  f3=0x2a081f55
      73135.000 ns	      7312	80001bac	6d90cd17	auipc	x26,0x6d90c	 x26=0xed90dbac
      73145.000 ns	      7313	80001bb0	015a1a33	sll	x20,x20,x21	 x20:0x80041024 x21:0x00000000 x20=0x80041024
      73155.000 ns	      7314	80001bb4	00bf1713	slli	x14,x30,0xb	 x30:0x00000001 x14=0x00000800
      73185.000 ns	      7317	80001bb8	5807f8d3	fsqrt.s	f17,f15	 f15:0xc735010a f17=0x7fc00000
      73215.000 ns	      7320	80001bbc	02171e33	mulh	x28,x14,x1	 x14:0xfffffff5  x1:0x00000000 x28=0x00000000
      73235.000 ns	      7322	80001bc0	0024f933	and	x18,x9,x2	  x9:0x00000000  x2:0xed14be56 x18=0x00000000
      73255.000 ns	      7324	80001bc4	e00f8ad3	fmv.x.w	x21,f31	 f31:0x00000000 x21=0x00000000
      73275.000 ns	      7326	80001bc8	002fd493	srli	x9,x31,0x2	 x31:0x00000000  x9=0x00000000
      73285.000 ns	      7327	80001bcc	3c46f193	andi	x3,x13,964	 x13:0x00000001  x3=0x00000000
      73325.000 ns	      7331	80001bd0	0803cf53	fsub.s	f30,f7,f0	  f7:0xcf00040f  f0:0x00000000 f30=0xcf00040f
      73355.000 ns	      7334	80001bd4	02d0a333	mulhsu	x6,x1,x13	  x1:0x00000000 x13:0x00000001  x6=0x00000000
      73375.000 ns	      7336	80001bd8	3a044393	xori	x7,x8,928	  x8:0x00000001  x7=0x000003a1
      73735.000 ns	      7372	80001bdc	02effcb3	remu	x25,x31,x14	 x31:0x00000000 x14:0x00000800 x25=0x00000000
      73765.000 ns	      7375	80001be0	28e98bd3	fmin.s	f23,f19,f14	 f19:0x4735010a f14:0x00000000 f23=0x00000000
      73805.000 ns	      7379	80001be4	182afcd3	fdiv.s	f25,f21,f2	 f21:0x00000000  f2:0x4f7ffbf0 f25=0x00000000
      73835.000 ns	      7382	80001be8	a0b70dd3	fle.s	x27,f14,f11	 f14:0x00000000 f11:0x7fc00000 x27=0x00000000
      73885.000 ns	      7387	80001bec	09643ed3	fsub.s	f29,f8,f22	  f8:0x00000000 f22:0x7fc00000 f29=0x7fc00000
      73905.000 ns	      7389	80001bf0	99dc7313	andi	x6,x24,-1635	 x24:0x00000000  x6=0x00000000
      73925.000 ns	      7391	80001bf4	29c887d3	fmin.s	f15,f17,f28	 f17:0x7fc00000 f28:0x80000000 f15=0x80000000
      73955.000 ns	      7394	80001bf8	0335bab3	mulhu	x21,x11,x19	 x11:0x00000000 x19:0xffffffff x21=0x00000000
      73975.000 ns	      7396	80001bfc	40ca07b3	sub	x15,x20,x12	 x20:0x80041024 x12:0x80040fe4 x15=0x00000040
      73995.000 ns	      7398	80001c00	a1259953	flt.s	x18,f11,f18	 f11:0x7fc00000 f18:0x7fc00000 x18=0x00000000
      74015.000 ns	      7400	80001c04	40c780b3	sub	x1,x15,x12	 x15:0x3d1835b7 x12:0x80040fe4  x1=0x7ffbf05c
      74055.000 ns	      7404	80001c08	00c4f9d3	fadd.s	f19,f9,f12	  f9:0x154081a4 f12:0x80000000 f19=0x154081a4
      74085.000 ns	      7407	80001c0c	291195d3	fmax.s	f11,f3,f17	  f3:0x2a081f55 f17:0x7fc00000 f11=0x2a081f55
      74455.000 ns	      7444	80001c10	03eff833	remu	x16,x31,x30	 x31:0x00000000 x30:0x00000001 x16=0x00000000
      74505.000 ns	      7449	80001c14	01e4fad3	fadd.s	f21,f9,f30	  f9:0x154081a4 f30:0xcf00040f f21=0xcf00040f
      74525.000 ns	      7451	80001c18	00000013	addi	x0,x0,0	  x0:0x00000000
      74535.000 ns	      7452	80001c1c	00d83bb3	sltu	x23,x16,x13	 x16:0x00000000 x13:0x00000001 x23=0x00000001
      74565.000 ns	      7455	80001c20	18aca853	fdiv.s	f16,f25,f10	 f25:0x00000000 f10:0x4735010a f16=0x00000000
      74585.000 ns	      7457	80001c24	fd10fd93	andi	x27,x1,-47	  x1:0x7ffbf05c x27=0x7ffbf050
      74595.000 ns	      7458	80001c28	41210fb3	sub	x31,x2,x18	  x2:0xed14be56 x18:0x00000000 x31=0xed14be56
      74615.000 ns	      7460	80001c2c	a0401753	flt.s	x14,f0,f4	  f0:0x00000000  f4:0x80000000 x14=0x00000000
      74645.000 ns	      7463	80001c30	21c68f53	fsgnj.s	f30,f13,f28	 f13:0x00000000 f28:0x80000000 f30=0x80000000
      74665.000 ns	      7465	80001c34	a12b4313	xori	x6,x22,-1518	 x22:0xffffffff  x6=0x000005ed
      74695.000 ns	      7468	80001c38	11b2f053	fmul.s	f0,f5,f27	  f5:0x7fc00000 f27:0x7fc00000  f0=0x7fc00000
      74715.000 ns	      7470	80001c3c	01b687b3	add	x15,x13,x27	 x13:0x00000001 x27:0x7ffbf050 x15=0x7ffbf051
      74735.000 ns	      7472	80001c40	c01a74d3	fcvt.wu.s	x9,f20	 f20:0x00000000  x9=0x00000000
      74755.000 ns	      7474	80001c44	46288393	addi	x7,x17,1122	 x17:0x007a306b  x7=0x007a34cd
      74775.000 ns	      7476	80001c48	e00a97d3	fclass.s	x15,f21	 f21:0xcf00040f x15=0x00000002
      74795.000 ns	      7478	80001c4c	40a6df33	sra	x30,x13,x10	 x13:0x00000001 x10:0x00000001 x30=0x00000000
      74815.000 ns	      7480	80001c50	032758b3	divu	x17,x14,x18	 x14:0x00000000 x18:0x00000000 x17=0xffffffff
      74845.000 ns	      7483	80001c54	e00518d3	fclass.s	x17,f10	 f10:0x4735010a x17=0x00000040
      74875.000 ns	      7486	80001c58	c00dffd3	fcvt.w.s	x31,f27	 f27:0x7fc00000 x31=0x7fffffff
      74905.000 ns	      7489	80001c5c	2156a4d3	fsgnjx.s	f9,f13,f21	 f13:0x00000000 f21:0xcf00040f  f9=0x80000000
      74925.000 ns	      7491	80001c60	01569cb3	sll	x25,x13,x21	 x13:0x00000001 x21:0x00000000 x25=0x00000001
      74935.000 ns	      7492	80001c64	8aa20213	addi	x4,x4,-1878	  x4:0x00000000  x4=0xfffff8aa
      74945.000 ns	      7493	80001c68	01c7d693	srli	x13,x15,0x1c	 x15:0x00000002 x13=0x00000000
      74955.000 ns	      7494	80001c6c	b8c50213	addi	x4,x10,-1140	 x10:0x00000001  x4=0xfffffb8d
      74965.000 ns	      7495	80001c70	01cc76b3	and	x13,x24,x28	 x24:0x00000000 x28:0x00000000 x13=0x00000000
      74975.000 ns	      7496	80001c74	00000013	addi	x0,x0,0	  x0:0x00000000
      74985.000 ns	      7497	80001c78	001bd933	srl	x18,x23,x1	 x23:0x00000001  x1:0x7ffbf05c x18=0x00000000
      74995.000 ns	      7498	80001c7c	01bf2533	slt	x10,x30,x27	 x30:0x00000000 x27:0x7ffbf050 x10=0x00000001
      75005.000 ns	      7499	80001c80	ed3d93b7	lui	x7,0xed3d9	  x7=0xed3d9000
      75025.000 ns	      7501	80001c84	a0981d53	flt.s	x26,f16,f9	 f16:0x00000000  f9:0x80000000 x26=0x00000000
      75065.000 ns	      7505	80001c88	580c9cd3	fsqrt.s	f25,f25	 f25:0x00000000 f25=0x00000000
      75085.000 ns	      7507	80001c8c	c376b093	sltiu	x1,x13,-969	 x13:0x00000000  x1=0x00000001
      75105.000 ns	      7509	80001c90	02110bb3	mul	x23,x2,x1	  x2:0xed14be56  x1:0x7ffbf05c x23=0xed14be56
      75135.000 ns	      7512	80001c94	20a9af53	fsgnjx.s	f30,f19,f10	 f19:0x154081a4 f10:0x4735010a f30=0x154081a4
      75155.000 ns	      7514	80001c98	af233217	auipc	x4,0xaf233	  x4=0x2f234c98
      75175.000 ns	      7516	80001c9c	28148fd3	fmin.s	f31,f9,f1	  f9:0x80000000  f1:0x7fc00000 f31=0x80000000
      75195.000 ns	      7518	80001ca0	709a6993	ori	x19,x20,1801	 x20:0x80041024 x19=0x8004172d
      75205.000 ns	      7519	80001ca4	408c6093	ori	x1,x24,1032	 x24:0x00000000  x1=0x00000408
      75225.000 ns	      7521	80001ca8	a02d1953	flt.s	x18,f26,f2	 f26:0x4f800000  f2:0x4f7ffbf0 x18=0x00000000
      75255.000 ns	      7524	80001cac	c017a9d3	fcvt.wu.s	x19,f15	 f15:0x80000000 x19=0x00000000
      75285.000 ns	      7527	80001cb0	21cf0c53	fsgnj.s	f24,f30,f28	 f30:0x154081a4 f28:0x80000000 f24=0x954081a4
      75305.000 ns	      7529	80001cb4	40010733	sub	x14,x2,x0	  x2:0xed14be56  x0:0x00000000 x14=0xed14be56
      75325.000 ns	      7531	80001cb8	02443333	mulhu	x6,x8,x4	  x8:0x00000001  x4:0x2f234c98  x6=0x00000000
      75665.000 ns	      7565	80001cbc	182d35d3	fdiv.s	f11,f26,f2	 f26:0x4f800000  f2:0x4f7ffbf0 f11=0x3f800000
      75685.000 ns	      7567	80001cc0	a008b593	sltiu	x11,x17,-1536	 x17:0x00000040 x11=0x00000001
      75695.000 ns	      7568	80001cc4	00f206b3	add	x13,x4,x15	  x4:0x2f234c98 x15:0x00000002 x13=0x2f234c9a
      75715.000 ns	      7570	80001cc8	0384e5b3	rem	x11,x9,x24	  x9:0x00000000 x24:0x00000000 x11=0x00000000
      75755.000 ns	      7574	80001ccc	111b7dd3	fmul.s	f27,f22,f17	 f22:0x7fc00000 f17:0x7fc00000 f27=0x7fc00000
      75785.000 ns	      7577	80001cd0	033fa333	mulhsu	x6,x31,x19	 x31:0x7fffffff x19:0x00000000  x6=0x00000000
      75815.000 ns	      7580	80001cd4	03e853b3	divu	x7,x16,x30	 x16:0x00000000 x30:0x00000000  x7=0xffffffff
      75835.000 ns	      7582	80001cd8	005fc5b3	xor	x11,x31,x5	 x31:0x7fffffff  x5:0x00000000 x11=0x7fffffff
      75845.000 ns	      7583	80001cdc	41a60fb3	sub	x31,x12,x26	 x12:0x80040fe4 x26:0x00000000 x31=0x80040fe4
      75855.000 ns	      7584	80001ce0	409901b3	sub	x3,x18,x9	 x18:0x00000000  x9:0x00000000  x3=0x00000000
      75865.000 ns	      7585	80001ce4	f6317397	auipc	x7,0xf6317	  x7=0x76318ce4
      75875.000 ns	      7586	80001ce8	00c817b3	sll	x15,x16,x12	 x16:0x00000000 x12:0x80040fe4 x15=0x00000000
      75885.000 ns	      7587	80001cec	419f8733	sub	x14,x31,x25	 x31:0x80040fe4 x25:0x00000001 x14=0x80040fe3
      75905.000 ns	      7589	80001cf0	e00606d3	fmv.x.w	x13,f12	 f12:0x80000000 x13=0x80000000
      76275.000 ns	      7626	80001cf4	02ebdf33	divu	x30,x23,x14	 x23:0xed14be56 x14:0xed14be56 x30=0x00000001
      76305.000 ns	      7629	80001cf8	219593d3	fsgnjn.s	f7,f11,f25	 f11:0x3f800000 f25:0x00000000  f7=0xbf800000
      76675.000 ns	      7666	80001cfc	0249c933	div	x18,x19,x4	 x19:0x00000000  x4:0x2f234c98 x18=0x00000000
      76695.000 ns	      7668	80001d00	010e2233	slt	x4,x28,x16	 x28:0x00000000 x16:0x00000000  x4=0x00000000
      77865.000 ns	      7785	80001d04	580f7cd3	fsqrt.s	f25,f30	 f30:0x154081a4 f25=0x2a081f55
      77905.000 ns	      7789	80001d08	5803f953	fsqrt.s	f18,f7	  f7:0xbf800000 f18=0x7fc00000
      77925.000 ns	      7791	80001d0c	40895033	sra	x0,x18,x8	 x18:0x00000000  x8:0x00000001
      77965.000 ns	      7795	80001d10	00e8f8d3	fadd.s	f17,f17,f14	 f17:0x7fc00000 f14:0x00000000 f17=0x7fc00000
      77985.000 ns	      7797	80001d14	bdc68f93	addi	x31,x13,-1060	 x13:0x80000000 x31=0x7ffffbdc
      78025.000 ns	      7801	80001d18	08148f53	fsub.s	f30,f9,f1	  f9:0x80000000  f1:0x7fc00000 f30=0x7fc00000
      78395.000 ns	      7838	80001d1c	02e9f733	remu	x14,x19,x14	 x19:0x00000000 x14:0x80040fe3 x14=0x00000000
      78415.000 ns	      7840	80001d20	01fb06b3	add	x13,x22,x31	 x22:0xffffffff x31:0x7ffffbdc x13=0x7ffffbdb
      78435.000 ns	      7842	80001d24	21b98653	fsgnj.s	f12,f19,f27	 f19:0x154081a4 f27:0x7fc00000 f12=0x154081a4
      78465.000 ns	      7845	80001d28	21929d53	fsgnjn.s	f26,f5,f25	  f5:0x7fc00000 f25:0x2a081f55 f26=0xffc00000
      78495.000 ns	      7848	80001d2c	c01facd3	fcvt.wu.s	x25,f31	 f31:0x80000000 x25=0x00000000
      78515.000 ns	      7850	80001d30	013b6b93	ori	x23,x22,19	 x22:0xffffffff x23=0xffffffff
      78875.000 ns	      7886	80001d34	027dec33	rem	x24,x27,x7	 x27:0x7ffbf050  x7:0x76318ce4 x24=0x09ca636c
      78895.000 ns	      7888	80001d38	00a01a13	slli	x20,x0,0xa	  x0:0x00000000 x20=0x00000000
      78905.000 ns	      7889	80001d3c	002fffb3	and	x31,x31,x2	 x31:0x7ffffbdc  x2:0xed14be56 x31=0x6d14ba54
      78935.000 ns	      7892	80001d40	19db7553	fdiv.s	f10,f22,f29	 f22:0x7fc00000 f29:0x7fc00000 f10=0x7fc00000
      78965.000 ns	      7895	80001d44	20f32653	fsgnjx.s	f12,f6,f15	  f6:0x7fc00000 f15:0x80000000 f12=0xffc00000
      78995.000 ns	      7898	80001d48	f00689d3	fmv.w.x	f19,x13	 x13:0x7ffffbdb f19=0x7ffffbdb
      79015.000 ns	      7900	80001d4c	a375fd93	andi	x27,x11,-1481	 x11:0x7fffffff x27=0x7ffffa37
      79035.000 ns	      7902	80001d50	a00600d3	fle.s	x1,f12,f0	 f12:0xffc00000  f0:0x7fc00000  x1=0x00000000
      79055.000 ns	      7904	80001d54	c2fdda37	lui	x20,0xc2fdd	 x20=0xc2fdd000
      79065.000 ns	      7905	80001d58	554b6f13	ori	x30,x22,1364	 x22:0xffffffff x30=0xffffffff
      79075.000 ns	      7906	80001d5c	01b3c7b3	xor	x15,x7,x27	  x7:0x76318ce4 x27:0x7ffffa37 x15=0x09ce76d3
      79115.000 ns	      7910	80001d60	0919f9d3	fsub.s	f19,f19,f17	 f19:0x7ffffbdb f17:0x7fc00000 f19=0x7fc00000
      79135.000 ns	      7912	80001d64	8808bdb7	lui	x27,0x8808b	 x27=0x8808b000
      79145.000 ns	      7913	80001d68	407c09b3	sub	x19,x24,x7	 x24:0x09ca636c  x7:0x76318ce4 x19=0x9398d688
      79175.000 ns	      7916	80001d6c	580279d3	fsqrt.s	f19,f4	  f4:0x80000000 f19=0x80000000
      79205.000 ns	      7919	80001d70	d00dbd53	fcvt.s.w	f26,x27	 x27:0x8808b000 f26=0xceefeea0
      79235.000 ns	      7922	80001d74	03823533	mulhu	x10,x4,x24	  x4:0x00000000 x24:0x09ca636c x10=0x00000000
      79265.000 ns	      7925	80001d78	a0e00e53	fle.s	x28,f0,f14	  f0:0x7fc00000 f14:0x00000000 x28=0x00000000
      79285.000 ns	      7927	80001d7c	01aa1893	slli	x17,x20,0x1a	 x20:0xc2fdd000 x17=0x00000000
      79295.000 ns	      7928	80001d80	0044acb3	slt	x25,x9,x4	  x9:0x00000000  x4:0x00000000 x25=0x00000000
      79315.000 ns	      7930	80001d84	03c70b33	mul	x22,x14,x28	 x14:0x00000000 x28:0x00000000 x22=0x00000000
      79345.000 ns	      7933	80001d88	e0061953	fclass.s	x18,f12	 f12:0xffc00000 x18=0x00000200
      79365.000 ns	      7935	80001d8c	0137d0b3	srl	x1,x15,x19	 x15:0x09ce76d3 x19:0x9398d688  x1=0x0009ce76
      79385.000 ns	      7937	80001d90	20188fd3	fsgnj.s	f31,f17,f1	 f17:0x7fc00000  f1:0x7fc00000 f31=0x7fc00000
      79405.000 ns	      7939	80001d94	007d36b3	sltu	x13,x26,x7	 x26:0x00000000  x7:0x76318ce4 x13=0x00000001
      79425.000 ns	      7941	80001d98	03822f33	mulhsu	x30,x4,x24	  x4:0x00000000 x24:0x09ca636c x30=0x00000000
      79445.000 ns	      7943	80001d9c	01a35b13	srli	x22,x6,0x1a	  x6:0x00000000 x22=0x00000000
      79465.000 ns	      7945	80001da0	02661e33	mulh	x28,x12,x6	 x12:0x80040fe4  x6:0x00000000 x28=0x00000000
      79495.000 ns	      7948	80001da4	023785b3	mul	x11,x15,x3	 x15:0x09ce76d3  x3:0x00000000 x11=0x00000000
      79515.000 ns	      7950	80001da8	7b3aa513	slti	x10,x21,1971	 x21:0x00000000 x10=0x00000001
      79525.000 ns	      7951	80001dac	01b2d433	srl	x8,x5,x27	  x5:0x00000000 x27:0x8808b000  x8=0x00000000
      79535.000 ns	      7952	80001db0	6624f793	andi	x15,x9,1634	  x9:0x00000000 x15=0x00000000
      79555.000 ns	      7954	80001db4	a0482053	feq.s	x0,f16,f4	 f16:0x00000000  f4:0x80000000
      79575.000 ns	      7956	80001db8	00e5a8b3	slt	x17,x11,x14	 x11:0x00000000 x14:0x00000000 x17=0x00000000
      79935.000 ns	      7992	80001dbc	02d5c433	div	x8,x11,x13	 x11:0x00000000 x13:0x00000001  x8=0x00000000
      79955.000 ns	      7994	80001dc0	82bd6a13	ori	x20,x26,-2005	 x26:0x00000000 x20=0xfffff82b
      79965.000 ns	      7995	80001dc4	00f1a333	slt	x6,x3,x15	  x3:0x00000000 x15:0x00000000  x6=0x00000000
      79985.000 ns	      7997	80001dc8	a0e62e53	feq.s	x28,f12,f14	 f12:0xffc00000 f14:0x00000000 x28=0x00000000
      80005.000 ns	      7999	80001dcc	4dca8213	addi	x4,x21,1244	 x21:0x00000000  x4=0x000004dc
      80025.000 ns	      8001	80001dd0	d00e1e53	fcvt.s.w	f28,x28	 x28:0x00000000 f28=0x00000000
      80055.000 ns	      8004	80001dd4	29b914d3	fmax.s	f9,f18,f27	 f18:0x7fc00000 f27:0x7fc00000  f9=0x7fc00000
      80075.000 ns	      8006	80001dd8	01455cb3	srl	x25,x10,x20	 x10:0x00000001 x20:0xfffff82b x25=0x00000000
      80095.000 ns	      8008	80001ddc	03b1acb3	mulhsu	x25,x3,x27	  x3:0x00000000 x27:0x8808b000 x25=0x00000000
      80115.000 ns	      8010	80001de0	00000013	addi	x0,x0,0	  x0:0x00000000
      80125.000 ns	      8011	80001de4	016fd213	srli	x4,x31,0x16	 x31:0x6d14ba54  x4=0x000001b4
      80135.000 ns	      8012	80001de8	403fd933	sra	x18,x31,x3	 x31:0x6d14ba54  x3:0x00000000 x18=0x6d14ba54
      80155.000 ns	      8014	80001dec	295705d3	fmin.s	f11,f14,f21	 f14:0x00000000 f21:0xcf00040f f11=0xcf00040f
      80175.000 ns	      8016	80001df0	00f69b93	slli	x23,x13,0xf	 x13:0x00000001 x23=0x00008000
      80195.000 ns	      8018	80001df4	026376b3	remu	x13,x6,x6	  x6:0x00000000  x6:0x00000000 x13=0x00000000
      80225.000 ns	      8021	80001df8	29b01153	fmax.s	f2,f0,f27	  f0:0x7fc00000 f27:0x7fc00000  f2=0x7fc00000
      80255.000 ns	      8024	80001dfc	d0012053	fcvt.s.w	f0,x2	  x2:0xed14be56  f0=0xcd975a0e
      80275.000 ns	      8026	80001e00	00e13bb3	sltu	x23,x2,x14	  x2:0xed14be56 x14:0x00000000 x23=0x00000000
      80305.000 ns	      8029	80001e04	186400d3	fdiv.s	f1,f8,f6	  f8:0x00000000  f6:0x7fc00000  f1=0x7fc00000
      80325.000 ns	      8031	80001e08	01e5dbb3	srl	x23,x11,x30	 x11:0x00000000 x30:0x00000000 x23=0x00000000
      80335.000 ns	      8032	80001e0c	010940b3	xor	x1,x18,x16	 x18:0x6d14ba54 x16:0x00000000  x1=0x6d14ba54
      80345.000 ns	      8033	80001e10	63562313	slti	x6,x12,1589	 x12:0x80040fe4  x6=0x00000001
      80365.000 ns	      8035	80001e14	a19c1dd3	flt.s	x27,f24,f25	 f24:0x954081a4 f25:0x2a081f55 x27=0x00000001
      80395.000 ns	      8038	80001e18	a0db2c53	feq.s	x24,f22,f13	 f22:0x7fc00000 f13:0x00000000 x24=0x00000000
      80425.000 ns	      8041	80001e1c	a0ab07d3	fle.s	x15,f22,f10	 f22:0x7fc00000 f10:0x7fc00000 x15=0x00000000
      80465.000 ns	      8045	80001e20	197527d3	fdiv.s	f15,f10,f23	 f10:0x7fc00000 f23:0x00000000 f15=0x7fc00000
      80485.000 ns	      8047	80001e24	003f2e33	slt	x28,x30,x3	 x30:0x00000000  x3:0x00000000 x28=0x00000000
      80495.000 ns	      8048	80001e28	013e1d93	slli	x27,x28,0x13	 x28:0x00000000 x27=0x00000000
      80515.000 ns	      8050	80001e2c	e0080c53	fmv.x.w	x24,f16	 f16:0x00000000 x24=0x00000000
      80535.000 ns	      8052	80001e30	01cad213	srli	x4,x21,0x1c	 x21:0x00000000  x4=0x00000000
      80555.000 ns	      8054	80001e34	0318d9b3	divu	x19,x17,x17	 x17:0x00000000 x17:0x00000000 x19=0xffffffff
      80585.000 ns	      8057	80001e38	20fea453	fsgnjx.s	f8,f29,f15	 f29:0x7fc00000 f15:0x7fc00000  f8=0x7fc00000
      80605.000 ns	      8059	80001e3c	87da0a13	addi	x20,x20,-1923	 x20:0xfffff82b x20=0xfffff0a8
      80615.000 ns	      8060	80001e40	b2ac6c13	ori	x24,x24,-1238	 x24:0x00000000 x24=0xfffffb2a
      80625.000 ns	      8061	80001e44	79d87413	andi	x8,x16,1949	 x16:0x00000000  x8=0x00000000
      80645.000 ns	      8063	80001e48	201a9bd3	fsgnjn.s	f23,f21,f1	 f21:0xcf00040f  f1:0x7fc00000 f23=0xcf00040f
      80665.000 ns	      8065	80001e4c	944c5b17	auipc	x22,0x944c5	 x22=0x144c6e4c
      80675.000 ns	      8066	80001e50	dcebcb93	xori	x23,x23,-562	 x23:0x00000000 x23=0xfffffdce
      80685.000 ns	      8067	80001e54	41bdda33	sra	x20,x27,x27	 x27:0x00000000 x27:0x00000000 x20=0x00000000
      80705.000 ns	      8069	80001e58	298d89d3	fmin.s	f19,f27,f24	 f27:0x7fc00000 f24:0x954081a4 f19=0x954081a4
      80725.000 ns	      8071	80001e5c	88cce213	ori	x4,x25,-1908	 x25:0x00000000  x4=0xfffff88c
      80735.000 ns	      8072	80001e60	01306a33	or	x20,x0,x19	  x0:0x00000000 x19:0xffffffff x20=0xffffffff
      80745.000 ns	      8073	80001e64	00b90d33	add	x26,x18,x11	 x18:0x6d14ba54 x11:0x00000000 x26=0x6d14ba54
      81105.000 ns	      8109	80001e68	02aa74b3	remu	x9,x20,x10	 x20:0x00000000 x10:0x00000001  x9=0x00000000
      81135.000 ns	      8112	80001e6c	c013f353	fcvt.wu.s	x6,f7	  f7:0xbf800000  x6=0x00000001
      81165.000 ns	      8115	80001e70	d01b4fd3	fcvt.s.wu	f31,x22	 x22:0x144c6e4c f31=0x4da26372
      81185.000 ns	      8117	80001e74	40c00cb3	sub	x25,x0,x12	  x0:0x00000000 x12:0x80040fe4 x25=0x7ffbf01c
      81195.000 ns	      8118	80001e78	01ffafb3	slt	x31,x31,x31	 x31:0x6d14ba54 x31:0x6d14ba54 x31=0x00000000
      81225.000 ns	      8121	80001e7c	194f84d3	fdiv.s	f9,f31,f20	 f31:0x4da26372 f20:0x00000000  f9=0x7f800000
      81255.000 ns	      8124	80001e80	c00277d3	fcvt.w.s	x15,f4	  f4:0x80000000 x15=0x00000000
      81275.000 ns	      8126	80001e84	411fd093	srai	x1,x31,0x11	 x31:0x00000000  x1=0x00000000
      81285.000 ns	      8127	80001e88	01066233	or	x4,x12,x16	 x12:0x80040fe4 x16:0x00000000  x4=0x80040fe4
      81295.000 ns	      8128	80001e8c	6c1a7093	andi	x1,x20,1729	 x20:0xffffffff  x1=0x000006c1
      81335.000 ns	      8132	80001e90	09ccfb53	fsub.s	f22,f25,f28	 f25:0x2a081f55 f28:0x00000000 f22=0x2a081f55
      81365.000 ns	      8135	80001e94	03d70a33	mul	x20,x14,x29	 x14:0x00000000 x29:0x80041024 x20=0x00000000
      81395.000 ns	      8138	80001e98	d01cc453	fcvt.s.wu	f8,x25	 x25:0x7ffbf01c  f8=0x4efff7e0
      81445.000 ns	      8143	80001e9c	08a276d3	fsub.s	f13,f4,f10	  f4:0x80000000 f10:0x7fc00000 f13=0x7fc00000
      81475.000 ns	      8146	80001ea0	e0041453	fclass.s	x8,f8	  f8:0x4efff7e0  x8=0x00000040
      81505.000 ns	      8149	80001ea4	d013f953	fcvt.s.wu	f18,x7	  x7:0x76318ce4 f18=0x4eec6319
      81525.000 ns	      8151	80001ea8	00ef1313	slli	x6,x30,0xe	 x30:0x00000000  x6=0x00000000
      81545.000 ns	      8153	80001eac	207c0f53	fsgnj.s	f30,f24,f7	 f24:0x954081a4  f7:0xbf800000 f30=0x954081a4
      81565.000 ns	      8155	80001eb0	070d4337	lui	x6,0x70d4	  x6=0x070d4000
      81585.000 ns	      8157	80001eb4	d00d7ed3	fcvt.s.w	f29,x26	 x26:0x6d14ba54 f29=0x4eda2974
      81615.000 ns	      8160	80001eb8	023fa0b3	mulhsu	x1,x31,x3	 x31:0x00000000  x3:0x00000000  x1=0x00000000
      81645.000 ns	      8163	80001ebc	20422953	fsgnjx.s	f18,f4,f4	  f4:0x80000000  f4:0x80000000 f18=0x00000000
      81665.000 ns	      8165	80001ec0	78c47313	andi	x6,x8,1932	  x8:0x00000040  x6=0x00000000
      81685.000 ns	      8167	80001ec4	a1298bd3	fle.s	x23,f19,f18	 f19:0x954081a4 f18:0x00000000 x23=0x00000001
      81705.000 ns	      8169	80001ec8	01776533	or	x10,x14,x23	 x14:0x00000000 x23:0xfffffdce x10=0x00000001
      81725.000 ns	      8171	80001ecc	02166533	rem	x10,x12,x1	 x12:0x80040fe4  x1:0x00000000 x10=0x80040fe4
      81755.000 ns	      8174	80001ed0	e00d80d3	fmv.x.w	x1,f27	 f27:0x7fc00000  x1=0x7fc00000
      81785.000 ns	      8177	80001ed4	a0491dd3	flt.s	x27,f18,f4	 f18:0x00000000  f4:0x80000000 x27=0x00000000
      81805.000 ns	      8179	80001ed8	25ef8293	addi	x5,x31,606	 x31:0x00000000  x5=0x0000025e
      81825.000 ns	      8181	80001edc	029a3733	mulhu	x14,x20,x9	 x20:0x00000000  x9:0x00000000 x14=0x00000000
      81845.000 ns	      8183	80001ee0	01c44db3	xor	x27,x8,x28	  x8:0x00000040 x28:0x00000000 x27=0x00000040
      81865.000 ns	      8185	80001ee4	c01808d3	fcvt.wu.s	x17,f16	 f16:0x00000000 x17=0x00000000
      82235.000 ns	      8222	80001ee8	03885333	divu	x6,x16,x24	 x16:0x00000000 x24:0xfffffb2a  x6=0x00000000
      82265.000 ns	      8225	80001eec	216983d3	fsgnj.s	f7,f19,f22	 f19:0x954081a4 f22:0x2a081f55  f7=0x154081a4
      82295.000 ns	      8228	80001ef0	c0157753	fcvt.wu.s	x14,f10	 f10:0x7fc00000 x14=0xffffffff
      82315.000 ns	      8230	80001ef4	01f4d513	srli	x10,x9,0x1f	  x9:0x00000000 x10=0x00000000
      82335.000 ns	      8232	80001ef8	038c90b3	mulh	x1,x25,x24	 x25:0x7ffbf01c x24:0xfffffb2a  x1=0xfffffd95
      82375.000 ns	      8236	80001efc	190599d3	fdiv.s	f19,f11,f16	 f11:0xcf00040f f16:0x00000000 f19=0xff800000
      82745.000 ns	      8273	80001f00	02ccca33	div	x20,x25,x12	 x25:0x7ffbf01c x12:0x80040fe4 x20=0xffffffff
      82775.000 ns	      8276	80001f04	02dcee33	rem	x28,x25,x13	 x25:0x7ffbf01c x13:0x00000000 x28=0x7ffbf01c
      82795.000 ns	      8278	80001f08	00000013	addi	x0,x0,0	  x0:0x00000000
      82815.000 ns	      8280	80001f0c	d0159fd3	fcvt.s.wu	f31,x11	 x11:0x00000000 f31=0x00000000
      82845.000 ns	      8283	80001f10	030fee33	rem	x28,x31,x16	 x31:0x00000000 x16:0x00000000 x28=0x00000000
      82865.000 ns	      8285	80001f14	01cc1f93	slli	x31,x24,0x1c	 x24:0xfffffb2a x31=0xa0000000
      82875.000 ns	      8286	80001f18	41155c33	sra	x24,x10,x17	 x10:0x00000000 x17:0x00000000 x24=0x00000000
      82885.000 ns	      8287	80001f1c	19fcbc13	sltiu	x24,x25,415	 x25:0x7ffbf01c x24=0x00000000
      82905.000 ns	      8289	80001f20	20948ad3	fsgnj.s	f21,f9,f9	  f9:0x7f800000  f9:0x7f800000 f21=0x7f800000
      82935.000 ns	      8292	80001f24	29709253	fmax.s	f4,f1,f23	  f1:0x7fc00000 f23:0xcf00040f  f4=0xcf00040f
      82955.000 ns	      8294	80001f28	4184d9b3	sra	x19,x9,x24	  x9:0x00000000 x24:0x00000000 x19=0x00000000
      82975.000 ns	      8296	80001f2c	d011b653	fcvt.s.wu	f12,x3	  x3:0x00000000 f12=0x00000000
      82995.000 ns	      8298	80001f30	00fe4cb3	xor	x25,x28,x15	 x28:0x00000000 x15:0x00000000 x25=0x00000000
      83015.000 ns	      8300	80001f34	02a26b33	rem	x22,x4,x10	  x4:0x80040fe4 x10:0x00000000 x22=0x80040fe4
      83045.000 ns	      8303	80001f38	c015cfd3	fcvt.wu.s	x31,f11	 f11:0xcf00040f x31=0x80040f00
      83065.000 ns	      8305	80001f3c	81a73893	sltiu	x17,x14,-2022	 x14:0xffffffff x17=0x00000000
      83085.000 ns	      8307	80001f40	02abce33	div	x28,x23,x10	 x23:0x00000001 x10:0x00000000 x28=0xffffffff
      83105.000 ns	      8309	80001f44	007e8c33	add	x24,x29,x7	 x29:0x80041024  x7:0x76318ce4 x24=0xf6359d08
      83125.000 ns	      8311	80001f48	02f91db3	mulh	x27,x18,x15	 x18:0x6d14ba54 x15:0x00000000 x27=0x00000000
      83155.000 ns	      8314	80001f4c	c00b8353	fcvt.w.s	x6,f23	 f23:0xcf00040f  x6=0x80000000
      83185.000 ns	      8317	80001f50	03f788b3	mul	x17,x15,x31	 x15:0x00000000 x31:0x80040f00 x17=0x00000000
      83215.000 ns	      8320	80001f54	20411d53	fsgnjn.s	f26,f2,f4	  f2:0x7fc00000  f4:0xcf00040f f26=0x7fc00000
      83235.000 ns	      8322	80001f58	9acd4d13	xori	x26,x26,-1620	 x26:0x6d14ba54 x26=0x92eb43f8
      83245.000 ns	      8323	80001f5c	b933cb93	xori	x23,x7,-1133	  x7:0x76318ce4 x23=0x89ce7777
      83255.000 ns	      8324	80001f60	01554e33	xor	x28,x10,x21	 x10:0x00000000 x21:0x00000000 x28=0x00000000
      83275.000 ns	      8326	80001f64	292588d3	fmin.s	f17,f11,f18	 f11:0xcf00040f f18:0x00000000 f17=0xcf00040f
      83305.000 ns	      8329	80001f68	03107c33	remu	x24,x0,x17	  x0:0x00000000 x17:0x00000000 x24=0x00000000
      83335.000 ns	      8332	80001f6c	034db7b3	mulhu	x15,x27,x20	 x27:0x00000000 x20:0xffffffff x15=0x00000000
      83355.000 ns	      8334	80001f70	40c68833	sub	x16,x13,x12	 x13:0x00000000 x12:0x80040fe4 x16=0x7ffbf01c
      83375.000 ns	      8336	80001f74	d00ef6d3	fcvt.s.w	f13,x29	 x29:0x80041024 f13=0xcefff7df
      83405.000 ns	      8339	80001f78	d00270d3	fcvt.s.w	f1,x4	  x4:0x80040fe4  f1=0xcefff7e0
      83435.000 ns	      8342	80001f7c	e0008cd3	fmv.x.w	x25,f1	  f1:0x7fc00000 x25=0xcefff7e0
      83465.000 ns	      8345	80001f80	c00d7353	fcvt.w.s	x6,f26	 f26:0x7fc00000  x6=0x7fffffff
      83485.000 ns	      8347	80001f84	729bb713	sltiu	x14,x23,1833	 x23:0x89ce7777 x14=0x00000000
      83505.000 ns	      8349	80001f88	d00c2ed3	fcvt.s.w	f29,x24	 x24:0x00000000 f29=0x00000000
      83535.000 ns	      8352	80001f8c	c004f4d3	fcvt.w.s	x9,f9	  f9:0x7f800000  x9=0x7fffffff
      83565.000 ns	      8355	80001f90	e0031dd3	fclass.s	x27,f6	  f6:0x7fc00000 x27=0x00000200
      83595.000 ns	      8358	80001f94	d003f053	fcvt.s.w	f0,x7	  x7:0x76318ce4  f0=0x4eec6319
      83615.000 ns	      8360	80001f98	012bd933	srl	x18,x23,x18	 x23:0x89ce7777 x18:0x6d14ba54 x18=0x0000089c
      83625.000 ns	      8361	80001f9c	4057d233	sra	x4,x15,x5	 x15:0x00000000  x5:0x0000025e  x4=0x00000000
      83635.000 ns	      8362	80001fa0	20db3593	sltiu	x11,x22,525	 x22:0x80040fe4 x11=0x00000000
      83655.000 ns	      8364	80001fa4	d006f553	fcvt.s.w	f10,x13	 x13:0x00000000 f10=0x00000000
      83675.000 ns	      8366	80001fa8	0137f333	and	x6,x15,x19	 x15:0x00000000 x19:0x00000000  x6=0x00000000
      83695.000 ns	      8368	80001fac	e00483d3	fmv.x.w	x7,f9	  f9:0x7f800000  x7=0x7f800000
      83715.000 ns	      8370	80001fb0	00ff75b7	lui	x11,0xff7	 x11=0x00ff7000
      83725.000 ns	      8371	80001fb4	00a4ffb3	and	x31,x9,x10	  x9:0x7fffffff x10:0x00000000 x31=0x00000000
      84055.000 ns	      8404	80001fb8	1806fcd3	fdiv.s	f25,f13,f0	 f13:0xcefff7df  f0:0x4eec6319 f25=0xbf7ff7e0
      84075.000 ns	      8406	80001fbc	01809e33	sll	x28,x1,x24	  x1:0xfffffd95 x24:0x00000000 x28=0xfffffd95
      84085.000 ns	      8407	80001fc0	019d9f33	sll	x30,x27,x25	 x27:0x00000200 x25:0xcefff7e0 x30=0x00000200
      84105.000 ns	      8409	80001fc4	e0090553	fmv.x.w	x10,f18	 f18:0x00000000 x10=0x00000000
      84135.000 ns	      8412	80001fc8	f00d89d3	fmv.w.x	f19,x27	 x27:0x00000200 f19=0x00000200
      84165.000 ns	      8415	80001fcc	20d31953	fsgnjn.s	f18,f6,f13	  f6:0x7fc00000 f13:0xcefff7df f18=0x7fc00000
      84535.000 ns	      8452	80001fd0	03ea5ab3	divu	x21,x20,x30	 x20:0xffffffff x30:0x00000200 x21=0x007fffff
      84575.000 ns	      8456	80001fd4	5804bc53	fsqrt.s	f24,f9	  f9:0x7f800000 f24=0x7f800000
      84945.000 ns	      8493	80001fd8	02206d33	rem	x26,x0,x2	  x0:0x00000000  x2:0xed14be56 x26=0x00000000
      84975.000 ns	      8496	80001fdc	024ee733	rem	x14,x29,x4	 x29:0x80041024  x4:0x00000000 x14=0x80041024
      85005.000 ns	      8499	80001fe0	a0bc0453	fle.s	x8,f24,f11	 f24:0x7f800000 f11:0xcf00040f  x8=0x00000000
      85035.000 ns	      8502	80001fe4	03e724b3	mulhsu	x9,x14,x30	 x14:0x80041024 x30:0x00000200  x9=0xffffff00
      85055.000 ns	      8504	80001fe8	01c95233	srl	x4,x18,x28	 x18:0x0000089c x28:0xfffffd95  x4=0x00000000
      85075.000 ns	      8506	80001fec	0387c2b3	div	x5,x15,x24	 x15:0x00000000 x24:0x00000000  x5=0xffffffff
      85105.000 ns	      8509	80001ff0	212a1bd3	fsgnjn.s	f23,f20,f18	 f20:0x00000000 f18:0x7fc00000 f23=0x80000000
      85475.000 ns	      8546	80001ff4	03dfe5b3	rem	x11,x31,x29	 x31:0x00000000 x29:0x80041024 x11=0x00000000
      85525.000 ns	      8551	80001ff8	014bf9d3	fadd.s	f19,f23,f20	 f23:0x80000000 f20:0x00000000 f19=0x00000000
      85555.000 ns	      8554	80001ffc	025c97b3	mulh	x15,x25,x5	 x25:0xcefff7e0  x5:0xffffffff x15=0x00000000
      85585.000 ns	      8557	80002000	a1e428d3	feq.s	x17,f8,f30	  f8:0x4efff7e0 f30:0x954081a4 x17=0x00000000
      85615.000 ns	      8560	80002004	02f255b3	divu	x11,x4,x15	  x4:0x00000000 x15:0x00000000 x11=0xffffffff
      85645.000 ns	      8563	80002008	d01fcf53	fcvt.s.wu	f30,x31	 x31:0x00000000 f30=0x00000000
      85675.000 ns	      8566	8000200c	c014f253	fcvt.wu.s	x4,f9	  f9:0x7f800000  x4=0xffffffff
      85695.000 ns	      8568	80002010	62048313	addi	x6,x9,1568	  x9:0xffffff00  x6=0x00000520
      85715.000 ns	      8570	80002014	020142b3	div	x5,x2,x0	  x2:0xed14be56  x0:0x00000000  x5=0xffffffff
      85745.000 ns	      8573	80002018	21d98fd3	fsgnj.s	f31,f19,f29	 f19:0x00000000 f29:0x00000000 f31=0x00000000
      85765.000 ns	      8575	8000201c	01670e33	add	x28,x14,x22	 x14:0x80041024 x22:0x80040fe4 x28=0x00082008
      85795.000 ns	      8578	80002020	580f3453	fsqrt.s	f8,f30	 f30:0x00000000  f8=0x00000000
      86165.000 ns	      8615	80002024	03214c33	div	x24,x2,x18	  x2:0xed14be56 x18:0x0000089c x24=0xfffdcd72
      86185.000 ns	      8617	80002028	9e21ad13	slti	x26,x3,-1566	  x3:0x00000000 x26=0x00000000
      86195.000 ns	      8618	8000202c	00000013	addi	x0,x0,0	  x0:0x00000000
      86205.000 ns	      8619	80002030	4c9e7213	andi	x4,x28,1225	 x28:0x00082008  x4=0x00000008
      86215.000 ns	      8620	80002034	004a80b3	add	x1,x21,x4	 x21:0x007fffff  x4:0xffffffff  x1=0x00800007
      86225.000 ns	      8621	80002038	016aa0b3	slt	x1,x21,x22	 x21:0x007fffff x22:0x80040fe4  x1=0x00000000
      86255.000 ns	      8624	8000203c	10a87253	fmul.s	f4,f16,f10	 f16:0x00000000 f10:0x00000000  f4=0x00000000
      86285.000 ns	      8627	80002040	28b49853	fmax.s	f16,f9,f11	  f9:0x7f800000 f11:0xcf00040f f16=0x7f800000
      86315.000 ns	      8630	80002044	290592d3	fmax.s	f5,f11,f16	 f11:0xcf00040f f16:0x00000000  f5=0x7f800000
      86335.000 ns	      8632	80002048	016483b3	add	x7,x9,x22	  x9:0xffffff00 x22:0x80040fe4  x7=0x80040ee4
      86355.000 ns	      8634	8000204c	03eb0b33	mul	x22,x22,x30	 x22:0x80040fe4 x30:0x00000200 x22=0x081fc800
      86375.000 ns	      8636	80002050	37df0593	addi	x11,x30,893	 x30:0x00000200 x11=0x0000057d
      86385.000 ns	      8637	80002054	011388b3	add	x17,x7,x17	  x7:0x80040ee4 x17:0x00000000 x17=0x80040ee4
      86425.000 ns	      8641	80002058	088248d3	fsub.s	f17,f4,f8	  f4:0x00000000  f8:0x00000000 f17=0x80000000
      86465.000 ns	      8645	8000205c	11b006d3	fmul.s	f13,f0,f27	  f0:0x4eec6319 f27:0x7fc00000 f13=0x7fc00000
      86485.000 ns	      8647	80002060	41a4d4b3	sra	x9,x9,x26	  x9:0xffffff00 x26:0x00000000  x9=0xffffff00
      86495.000 ns	      8648	80002064	011bd533	srl	x10,x23,x17	 x23:0x89ce7777 x17:0x80040ee4 x10=0x089ce777
      86515.000 ns	      8650	80002068	a0640dd3	fle.s	x27,f8,f6	  f8:0x00000000  f6:0x7fc00000 x27=0x00000000
      86885.000 ns	      8687	8000206c	038cfcb3	remu	x25,x25,x24	 x25:0xcefff7e0 x24:0xfffdcd72 x25=0xcefff7e0
      86905.000 ns	      8689	80002070	00000013	addi	x0,x0,0	  x0:0x00000000
      86945.000 ns	      8693	80002074	090179d3	fsub.s	f19,f2,f16	  f2:0x7fc00000 f16:0x7f800000 f19=0x7fc00000
      86975.000 ns	      8696	80002078	037f1433	mulh	x8,x30,x23	 x30:0x00000200 x23:0x89ce7777  x8=0xffffff13
      86995.000 ns	      8698	8000207c	5890f393	andi	x7,x1,1417	  x1:0x00000000  x7=0x00000000
      87015.000 ns	      8700	80002080	d005a5d3	fcvt.s.w	f11,x11	 x11:0x0000057d f11=0x44afa000
      87035.000 ns	      8702	80002084	00de38b3	sltu	x17,x28,x13	 x28:0x00082008 x13:0x00000000 x17=0x00000000
      87065.000 ns	      8705	80002088	580f70d3	fsqrt.s	f1,f30	 f30:0x00000000  f1=0x00000000
      87115.000 ns	      8710	8000208c	01c144d3	fadd.s	f9,f2,f28	  f2:0x7fc00000 f28:0x00000000  f9=0x7fc00000
      87135.000 ns	      8712	80002090	ff9e2d13	slti	x26,x28,-7	 x28:0x00082008 x26=0x00000000
      87145.000 ns	      8713	80002094	00d48333	add	x6,x9,x13	  x9:0xffffff00 x13:0x00000000  x6=0xffffff00
      87155.000 ns	      8714	80002098	3016b393	sltiu	x7,x13,769	 x13:0x00000000  x7=0x00000001
      87175.000 ns	      8716	8000209c	03d39433	mulh	x8,x7,x29	  x7:0x00000000 x29:0x80041024  x8=0xffffffff
      87205.000 ns	      8719	800020a0	d0007853	fcvt.s.w	f16,x0	  x0:0x00000000 f16=0x00000000
      87235.000 ns	      8722	800020a4	02570933	mul	x18,x14,x5	 x14:0x80041024  x5:0xffffffff x18=0x7ffbefdc
      87255.000 ns	      8724	800020a8	01638fb3	add	x31,x7,x22	  x7:0x00000001 x22:0x081fc800 x31=0x081fc801
      87265.000 ns	      8725	800020ac	d2700413	addi	x8,x0,-729	  x0:0x00000000  x8=0xfffffd27
      87285.000 ns	      8727	800020b0	208694d3	fsgnjn.s	f9,f13,f8	 f13:0x7fc00000  f8:0x00000000  f9=0xffc00000
      87315.000 ns	      8730	800020b4	a1651953	flt.s	x18,f10,f22	 f10:0x00000000 f22:0x2a081f55 x18=0x00000001
      87335.000 ns	      8732	800020b8	dd6bec93	ori	x25,x23,-554	 x23:0x89ce7777 x25=0xfffffff7
      87345.000 ns	      8733	800020bc	014494b3	sll	x9,x9,x20	  x9:0xffffff00 x20:0xffffffff  x9=0x00000000
      87355.000 ns	      8734	800020c0	b7eec297	auipc	x5,0xb7eec	  x5=0x37eee0c0
      87375.000 ns	      8736	800020c4	f00c89d3	fmv.w.x	f19,x25	 x25:0xfffffff7 f19=0xfffffff7
      87395.000 ns	      8738	800020c8	63634597	auipc	x11,0x63634	 x11=0xe36360c8
      87405.000 ns	      8739	800020cc	00b64cb3	xor	x25,x12,x11	 x12:0x80040fe4 x11:0x0000057d x25=0x63676f2c
      87425.000 ns	      8741	800020d0	02bc9ab3	mulh	x21,x25,x11	 x25:0xfffffff7 x11:0x0000057d x21=0xf4e3defc
      87455.000 ns	      8744	800020d4	0232e8b3	rem	x17,x5,x3	  x5:0x37eee0c0  x3:0x00000000 x17=0x37eee0c0
      87475.000 ns	      8746	800020d8	b90f2b93	slti	x23,x30,-1136	 x30:0x00000200 x23=0x00000000
      87495.000 ns	      8748	800020dc	c016c8d3	fcvt.wu.s	x17,f13	 f13:0x7fc00000 x17=0xffffffff
      87515.000 ns	      8750	800020e0	00fa9533	sll	x10,x21,x15	 x21:0xf4e3defc x15:0x00000000 x10=0xf4e3defc
      87535.000 ns	      8752	800020e4	d016c7d3	fcvt.s.wu	f15,x13	 x13:0x00000000 f15=0x00000000
      87565.000 ns	      8755	800020e8	d01bfb53	fcvt.s.wu	f22,x23	 x23:0x00000000 f22=0x00000000
      87595.000 ns	      8758	800020ec	024906b3	mul	x13,x18,x4	 x18:0x00000001  x4:0x00000008 x13=0x00000008
      87625.000 ns	      8761	800020f0	28af0653	fmin.s	f12,f30,f10	 f30:0x00000000 f10:0x00000000 f12=0x00000000
      87645.000 ns	      8763	800020f4	6780bb13	sltiu	x22,x1,1656	  x1:0x00000000 x22=0x00000001
      87665.000 ns	      8765	800020f8	f00a00d3	fmv.w.x	f1,x20	 x20:0xffffffff  f1=0xffffffff
      88035.000 ns	      8802	800020fc	024c7233	remu	x4,x24,x4	 x24:0xfffdcd72  x4:0x00000008  x4=0x00000002
      88055.000 ns	      8804	80002100	005ff3b3	and	x7,x31,x5	 x31:0x081fc801  x5:0x37eee0c0  x7=0x000ec000
      88075.000 ns	      8806	80002104	03cf1833	mulh	x16,x30,x28	 x30:0x00000200 x28:0x00082008 x16=0x00000000
      88095.000 ns	      8808	80002108	00000013	addi	x0,x0,0	  x0:0x00000000
      88105.000 ns	      8809	8000210c	0177a2b3	slt	x5,x15,x23	 x15:0x00000000 x23:0x00000000  x5=0x00000000
      88115.000 ns	      8810	80002110	90a66737	lui	x14,0x90a66	 x14=0x90a66000
      88125.000 ns	      8811	80002114	0102b533	sltu	x10,x5,x16	  x5:0x37eee0c0 x16:0x00000000 x10=0x00000000
      88145.000 ns	      8813	80002118	023bb033	mulhu	x0,x23,x3	 x23:0x00000000  x3:0x00000000
      88165.000 ns	      8815	8000211c	017263b3	or	x7,x4,x23	  x4:0x00000002 x23:0x00000000  x7=0x00000002
      88175.000 ns	      8816	80002120	09540e13	addi	x28,x8,149	  x8:0xfffffd27 x28=0xfffffdbc
      88205.000 ns	      8819	80002124	183a30d3	fdiv.s	f1,f20,f3	 f20:0x00000000  f3:0x2a081f55  f1=0x00000000
      88235.000 ns	      8822	80002128	03931233	mulh	x4,x6,x25	  x6:0xffffff00 x25:0x63676f2c  x4=0xffffff9c
      88605.000 ns	      8859	8000212c	02485bb3	divu	x23,x16,x4	 x16:0x00000000  x4:0x00000002 x23=0x00000000
      88635.000 ns	      8862	80002130	02f6f0b3	remu	x1,x13,x15	 x13:0x00000008 x15:0x00000000  x1=0x00000008
      88655.000 ns	      8864	80002134	00eff033	and	x0,x31,x14	 x31:0x081fc801 x14:0x90a66000
      88675.000 ns	      8866	80002138	a18315d3	flt.s	x11,f6,f24	  f6:0x7fc00000 f24:0x7f800000 x11=0x00000000
      88695.000 ns	      8868	8000213c	84240293	addi	x5,x8,-1982	  x8:0xfffffd27  x5=0xfffff569
      88705.000 ns	      8869	80002140	300e0c13	addi	x24,x28,768	 x28:0xfffffdbc x24=0x000000bc
      88725.000 ns	      8871	80002144	c00234d3	fcvt.w.s	x9,f4	  f4:0x00000000  x9=0x00000000
      88755.000 ns	      8874	80002148	035c38b3	mulhu	x17,x24,x21	 x24:0xfffdcd72 x21:0xf4e3defc x17=0x000000b3
      88775.000 ns	      8876	8000214c	3efa6493	ori	x9,x20,1007	 x20:0xffffffff  x9=0xffffffff
      88795.000 ns	      8878	80002150	025317b3	mulh	x15,x6,x5	  x6:0xffffff00  x5:0xfffff569 x15=0x00000000
      88825.000 ns	      8881	80002154	03aabb33	mulhu	x22,x21,x26	 x21:0xf4e3defc x26:0x00000000 x22=0x00000000
      88845.000 ns	      8883	80002158	40e4dc13	srai	x24,x9,0xe	  x9:0xffffffff x24=0xffffffff
      88855.000 ns	      8884	8000215c	8f1e8513	addi	x10,x29,-1807	 x29:0x80041024 x10=0x80040915
      88865.000 ns	      8885	80002160	41b4dcb3	sra	x25,x9,x27	  x9:0xffffffff x27:0x00000000 x25=0xffffffff
      88885.000 ns	      8887	80002164	02e796b3	mulh	x13,x15,x14	 x15:0x00000000 x14:0x90a66000 x13=0x00000000
      88915.000 ns	      8890	80002168	28dd9453	fmax.s	f8,f27,f13	 f27:0x7fc00000 f13:0x7fc00000  f8=0x7fc00000
      89285.000 ns	      8927	8000216c	031c6cb3	rem	x25,x24,x17	 x24:0xffffffff x17:0x000000b3 x25=0xffffffff
      89315.000 ns	      8930	80002170	a11e9a53	flt.s	x20,f29,f17	 f29:0x00000000 f17:0x80000000 x20=0x00000000
      89345.000 ns	      8933	80002174	e0038cd3	fmv.x.w	x25,f7	  f7:0x154081a4 x25=0x154081a4
      89365.000 ns	      8935	80002178	8b071597	auipc	x11,0x8b071	 x11=0x0b073178
      89375.000 ns	      8936	8000217c	0113a2b3	slt	x5,x7,x17	  x7:0x00000002 x17:0x000000b3  x5=0x00000001
      89385.000 ns	      8937	80002180	00cbda33	srl	x20,x23,x12	 x23:0x00000000 x12:0x80040fe4 x20=0x00000000
      89395.000 ns	      8938	80002184	ef7ecf93	xori	x31,x29,-265	 x29:0x80041024 x31=0x7ffbeed3
      89405.000 ns	      8939	80002188	310b8293	addi	x5,x23,784	 x23:0x00000000  x5=0x00000310
      89425.000 ns	      8941	8000218c	02f79fb3	mulh	x31,x15,x15	 x15:0x00000000 x15:0x00000000 x31=0x00000000
      89445.000 ns	      8943	80002190	01b9e033	or	x0,x19,x27	 x19:0x00000000 x27:0x00000000
      89485.000 ns	      8947	80002194	00302053	fadd.s	f0,f0,f3	  f0:0x4eec6319  f3:0x2a081f55  f0=0x4eec6319
      89515.000 ns	      8950	80002198	f0030c53	fmv.w.x	f24,x6	  x6:0xffffff00 f24=0xffffff00
      89565.000 ns	      8955	8000219c	004b86d3	fadd.s	f13,f23,f4	 f23:0x80000000  f4:0x00000000 f13=0x00000000
      89585.000 ns	      8957	800021a0	41bd84b3	sub	x9,x27,x27	 x27:0x00000000 x27:0x00000000  x9=0x00000000
      89605.000 ns	      8959	800021a4	033e0833	mul	x16,x28,x19	 x28:0xfffffdbc x19:0x00000000 x16=0x00000000
      89625.000 ns	      8961	800021a8	40665333	sra	x6,x12,x6	 x12:0x80040fe4  x6:0xffffff00  x6=0x80040fe4
      89635.000 ns	      8962	800021ac	ce4c2213	slti	x4,x24,-796	 x24:0xffffffff  x4=0x00000000
      89655.000 ns	      8964	800021b0	a0481b53	flt.s	x22,f16,f4	 f16:0x00000000  f4:0x00000000 x22=0x00000000
      89675.000 ns	      8966	800021b4	00ba45b3	xor	x11,x20,x11	 x20:0x00000000 x11:0x0b073178 x11=0x0b073178
      89685.000 ns	      8967	800021b8	418d5493	srai	x9,x26,0x18	 x26:0x00000000  x9=0x00000000
      89695.000 ns	      8968	800021bc	017d9433	sll	x8,x27,x23	 x27:0x00000000 x23:0x00000000  x8=0x00000000
      89705.000 ns	      8969	800021c0	02e32193	slti	x3,x6,46	  x6:0x80040fe4  x3=0x00000001
      90065.000 ns	      9005	800021c4	0250e1b3	rem	x3,x1,x5	  x1:0x00000008  x5:0x00000310  x3=0x00000008
      90085.000 ns	      9007	800021c8	001e9d13	slli	x26,x29,0x1	 x29:0x80041024 x26=0x00082048
      90105.000 ns	      9009	800021cc	c018fcd3	fcvt.wu.s	x25,f17	 f17:0x80000000 x25=0x00000000
      90135.000 ns	      9012	800021d0	c01ea753	fcvt.wu.s	x14,f29	 f29:0x00000000 x14=0x00000000
      90155.000 ns	      9014	800021d4	418f53b3	sra	x7,x30,x24	 x30:0x00000200 x24:0xffffffff  x7=0x00000000
      90165.000 ns	      9015	800021d8	01e7f1b3	and	x3,x15,x30	 x15:0x00000000 x30:0x00000200  x3=0x00000000
      90175.000 ns	      9016	800021dc	00c47ab3	and	x21,x8,x12	  x8:0x00000000 x12:0x80040fe4 x21=0x00000000
      90185.000 ns	      9017	800021e0	00cc6db3	or	x27,x24,x12	 x24:0xffffffff x12:0x80040fe4 x27=0xffffffff
      90195.000 ns	      9018	800021e4	01d78e33	add	x28,x15,x29	 x15:0x00000000 x29:0x80041024 x28=0x80041024
      90215.000 ns	      9020	800021e8	f0018ad3	fmv.w.x	f21,x3	  x3:0x00000000 f21=0x00000000
      90235.000 ns	      9022	800021ec	015e5b33	srl	x22,x28,x21	 x28:0xfffffdbc x21:0x00000000 x22=0x80041024
      90245.000 ns	      9023	800021f0	418481b3	sub	x3,x9,x24	  x9:0x00000000 x24:0xffffffff  x3=0x00000001
      90285.000 ns	      9027	800021f4	00f97dd3	fadd.s	f27,f18,f15	 f18:0x7fc00000 f15:0x00000000 f27=0x7fc00000
      90305.000 ns	      9029	800021f8	0196bc33	sltu	x24,x13,x25	 x13:0x00000000 x25:0x00000000 x24=0x00000000
      90335.000 ns	      9032	800021fc	19c974d3	fdiv.s	f9,f18,f28	 f18:0x7fc00000 f28:0x00000000  f9=0x7fc00000
      90355.000 ns	      9034	80002200	00233533	sltu	x10,x6,x2	  x6:0x80040fe4  x2:0xed14be56 x10=0x00000001
      90365.000 ns	      9035	80002204	72fbab13	slti	x22,x23,1839	 x23:0x00000000 x22=0x00000001
      90385.000 ns	      9037	80002208	e0070553	fmv.x.w	x10,f14	 f14:0x00000000 x10=0x00000000
      90405.000 ns	      9039	8000220c	01459313	slli	x6,x11,0x14	 x11:0x0b073178  x6=0x17800000
      90425.000 ns	      9041	80002210	c01c73d3	fcvt.wu.s	x7,f24	 f24:0xffffff00  x7=0xffffffff
      90475.000 ns	      9046	80002214	097af253	fsub.s	f4,f21,f23	 f21:0x00000000 f23:0x80000000  f4=0x00000000
      90495.000 ns	      9048	80002218	008fe033	or	x0,x31,x8	 x31:0x00000000  x8:0x00000000
      90505.000 ns	      9049	8000221c	4f786237	lui	x4,0x4f786	  x4=0x4f786000
      90515.000 ns	      9050	80002220	000d9cb3	sll	x25,x27,x0	 x27:0xffffffff  x0:0x00000000 x25=0xffffffff
      90525.000 ns	      9051	80002224	01dbc5b3	xor	x11,x23,x29	 x23:0x00000000 x29:0x80041024 x11=0x80041024
      90545.000 ns	      9053	80002228	202b2d53	fsgnjx.s	f26,f22,f2	 f22:0x00000000  f2:0x7fc00000 f26=0x00000000
      90575.000 ns	      9056	8000222c	a1ad08d3	fle.s	x17,f26,f26	 f26:0x7fc00000 f26:0x7fc00000 x17=0x00000001
      90595.000 ns	      9058	80002230	00000013	addi	x0,x0,0	  x0:0x00000000
      90615.000 ns	      9060	80002234	c00effd3	fcvt.w.s	x31,f29	 f29:0x00000000 x31=0x00000000
      90635.000 ns	      9062	80002238	00000013	addi	x0,x0,0	  x0:0x00000000
      90645.000 ns	      9063	8000223c	16d36f13	ori	x30,x6,365	  x6:0x17800000 x30=0x1780016d
      90685.000 ns	      9067	80002240	00317fd3	fadd.s	f31,f2,f3	  f2:0x7fc00000  f3:0x2a081f55 f31=0x7fc00000
      90715.000 ns	      9070	80002244	a1570c53	fle.s	x24,f14,f21	 f14:0x00000000 f21:0x00000000 x24=0x00000001
      90735.000 ns	      9072	80002248	2f486813	ori	x16,x16,756	 x16:0x00000000 x16=0x000002f4
      90755.000 ns	      9074	8000224c	202f0ad3	fsgnj.s	f21,f30,f2	 f30:0x00000000  f2:0x7fc00000 f21=0x00000000
      90775.000 ns	      9076	80002250	40b15c93	srai	x25,x2,0xb	  x2:0xed14be56 x25=0xfffda297
      90785.000 ns	      9077	80002254	015efbb3	and	x23,x29,x21	 x29:0x80041024 x21:0x00000000 x23=0x00000000
      90795.000 ns	      9078	80002258	0077a7b3	slt	x15,x15,x7	 x15:0x00000000  x7:0xffffffff x15=0x00000000
      90805.000 ns	      9079	8000225c	007dc333	xor	x6,x27,x7	 x27:0xffffffff  x7:0xffffffff  x6=0x00000000
      90815.000 ns	      9080	80002260	001b3a33	sltu	x20,x22,x1	 x22:0x00000001  x1:0x00000008 x20=0x00000001
      90855.000 ns	      9084	80002264	01b876d3	fadd.s	f13,f16,f27	 f16:0x00000000 f27:0x7fc00000 f13=0x7fc00000
      90875.000 ns	      9086	80002268	4191d593	srai	x11,x3,0x19	  x3:0x00000001 x11=0x00000000
      92045.000 ns	      9203	8000226c	58019553	fsqrt.s	f10,f3	  f3:0x2a081f55 f10=0x34408102
      92085.000 ns	      9207	80002270	111f4bd3	fmul.s	f23,f30,f17	 f30:0x00000000 f17:0x80000000 f23=0x80000000
      92105.000 ns	      9209	80002274	51fef317	auipc	x6,0x51fef	  x6=0xd1ff1274
      92125.000 ns	      9211	80002278	a0d2a453	feq.s	x8,f5,f13	  f5:0x7f800000 f13:0x7fc00000  x8=0x00000000
      92495.000 ns	      9248	8000227c	023de8b3	rem	x17,x27,x3	 x27:0xffffffff  x3:0x00000001 x17=0x00000000
      92515.000 ns	      9250	80002280	01661b93	slli	x23,x12,0x16	 x12:0x80040fe4 x23=0xf9000000
      92535.000 ns	      9252	80002284	a1d99e53	flt.s	x28,f19,f29	 f19:0xfffffff7 f29:0x00000000 x28=0x00000000
      92565.000 ns	      9255	80002288	207928d3	fsgnjx.s	f17,f18,f7	 f18:0x7fc00000  f7:0x154081a4 f17=0x7fc00000
      92615.000 ns	      9260	8000228c	0137f553	fadd.s	f10,f15,f19	 f15:0x00000000 f19:0xfffffff7 f10=0x7fc00000
      92645.000 ns	      9263	80002290	289c8cd3	fmin.s	f25,f25,f9	 f25:0xbf7ff7e0  f9:0x7fc00000 f25=0xbf7ff7e0
      92665.000 ns	      9265	80002294	4029d693	srai	x13,x19,0x2	 x19:0x00000000 x13=0x00000000
      92675.000 ns	      9266	80002298	41230533	sub	x10,x6,x18	  x6:0xd1ff1274 x18:0x00000001 x10=0xd1ff1273
      92695.000 ns	      9268	8000229c	032d0733	mul	x14,x26,x18	 x26:0x00082048 x18:0x00000001 x14=0x00082048
      92725.000 ns	      9271	800022a0	d005c8d3	fcvt.s.w	f17,x11	 x11:0x00000000 f17=0x00000000
      92745.000 ns	      9273	800022a4	c39aae13	slti	x28,x21,-967	 x21:0x00000000 x28=0x00000000
      92775.000 ns	      9276	800022a8	10bd7053	fmul.s	f0,f26,f11	 f26:0x00000000 f11:0x44afa000  f0=0x00000000
      92795.000 ns	      9278	800022ac	402ad513	srai	x10,x21,0x2	 x21:0x00000000 x10=0x00000000
      92815.000 ns	      9280	800022b0	e00c8853	fmv.x.w	x16,f25	 f25:0xbf7ff7e0 x16=0xbf7ff7e0
      92835.000 ns	      9282	800022b4	01ce9db3	sll	x27,x29,x28	 x29:0x80041024 x28:0x00000000 x27=0x80041024
      92845.000 ns	      9283	800022b8	0107ae33	slt	x28,x15,x16	 x15:0x00000000 x16:0xbf7ff7e0 x28=0x00000000
      92865.000 ns	      9285	800022bc	d00ff9d3	fcvt.s.w	f19,x31	 x31:0x00000000 f19=0x00000000
      92885.000 ns	      9287	800022c0	c3bb0293	addi	x5,x22,-965	 x22:0x00000001  x5=0xfffffc3c
      92905.000 ns	      9289	800022c4	a1b2a2d3	feq.s	x5,f5,f27	  f5:0x7f800000 f27:0x7fc00000  x5=0x00000000
      92935.000 ns	      9292	800022c8	a0f32b53	feq.s	x22,f6,f15	  f6:0x7fc00000 f15:0x00000000 x22=0x00000000
      92955.000 ns	      9294	800022cc	00cd8b33	add	x22,x27,x12	 x27:0x80041024 x12:0x80040fe4 x22=0x00082008
      92965.000 ns	      9295	800022d0	88b73693	sltiu	x13,x14,-1909	 x14:0x00082048 x13=0x00000001
      92975.000 ns	      9296	800022d4	009c3fb3	sltu	x31,x24,x9	 x24:0x00000001  x9:0x00000000 x31=0x00000000
      92995.000 ns	      9298	800022d8	03609733	mulh	x14,x1,x22	  x1:0x00000008 x22:0x00082008 x14=0x00000000
      93015.000 ns	      9300	800022dc	00000013	addi	x0,x0,0	  x0:0x00000000
      93035.000 ns	      9302	800022e0	e00489d3	fmv.x.w	x19,f9	  f9:0x7fc00000 x19=0x7fc00000
      93065.000 ns	      9305	800022e4	d000afd3	fcvt.s.w	f31,x1	  x1:0x00000008 f31=0x41000000
      93095.000 ns	      9308	800022e8	d000fb53	fcvt.s.w	f22,x1	  x1:0x00000008 f22=0x41000000
      93115.000 ns	      9310	800022ec	41690933	sub	x18,x18,x22	 x18:0x00000001 x22:0x00082008 x18=0xfff7dff9
      93125.000 ns	      9311	800022f0	eb28b093	sltiu	x1,x17,-334	 x17:0x00000000  x1=0x00000001
      93135.000 ns	      9312	800022f4	4975ae13	slti	x28,x11,1175	 x11:0x00000000 x28=0x00000001
      93155.000 ns	      9314	800022f8	a083afd3	feq.s	x31,f7,f8	  f7:0x154081a4  f8:0x7fc00000 x31=0x00000000
      93175.000 ns	      9316	800022fc	993c3513	sltiu	x10,x24,-1645	 x24:0x00000001 x10=0x00000001
      93185.000 ns	      9317	80002300	001c8ab3	add	x21,x25,x1	 x25:0xfffda297  x1:0x00000001 x21=0xfffda298
      93205.000 ns	      9319	80002304	d01f7a53	fcvt.s.wu	f20,x30	 x30:0x1780016d f20=0x4dbc000b
      93225.000 ns	      9321	80002308	01a81d93	slli	x27,x16,0x1a	 x16:0xbf7ff7e0 x27=0x80000000
      93235.000 ns	      9322	8000230c	00b99093	slli	x1,x19,0xb	 x19:0x7fc00000  x1=0x00000000
      93245.000 ns	      9323	80002310	01767f33	and	x30,x12,x23	 x12:0x80040fe4 x23:0xf9000000 x30=0x80000000
      93265.000 ns	      9325	80002314	a0c30c53	fle.s	x24,f6,f12	  f6:0x7fc00000 f12:0x00000000 x24=0x00000000
      93295.000 ns	      9328	80002318	214e2653	fsgnjx.s	f12,f28,f20	 f28:0x00000000 f20:0x4dbc000b f12=0x00000000
      93325.000 ns	      9331	8000231c	d005bc53	fcvt.s.w	f24,x11	 x11:0x00000000 f24=0x00000000
      93365.000 ns	      9335	80002320	580df9d3	fsqrt.s	f19,f27	 f27:0x7fc00000 f19=0x7fc00000
      93395.000 ns	      9338	80002324	d009fe53	fcvt.s.w	f28,x19	 x19:0x7fc00000 f28=0x4eff8000
      93425.000 ns	      9341	80002328	a0b315d3	flt.s	x11,f6,f11	  f6:0x7fc00000 f11:0x44afa000 x11=0x00000000
      93455.000 ns	      9344	8000232c	a0b99a53	flt.s	x20,f19,f11	 f19:0x7fc00000 f11:0x44afa000 x20=0x00000000
      93475.000 ns	      9346	80002330	15b36693	ori	x13,x6,347	  x6:0xd1ff1274 x13=0xd1ff137f
      93495.000 ns	      9348	80002334	a17107d3	fle.s	x15,f2,f23	  f2:0x7fc00000 f23:0x80000000 x15=0x00000000
      93525.000 ns	      9351	80002338	f0080453	fmv.w.x	f8,x16	 x16:0xbf7ff7e0  f8=0xbf7ff7e0
      93545.000 ns	      9353	8000233c	6dd27d17	auipc	x26,0x6dd27	 x26=0xedd2933c
      93555.000 ns	      9354	80002340	de993997	auipc	x19,0xde993	 x19=0x5e995340
      93565.000 ns	      9355	80002344	01815b93	srli	x23,x2,0x18	  x2:0xed14be56 x23=0x000000ed
      93575.000 ns	      9356	80002348	01c967b3	or	x15,x18,x28	 x18:0xfff7dff9 x28:0x00000001 x15=0xfff7dff9
      93585.000 ns	      9357	8000234c	004dc9b3	xor	x19,x27,x4	 x27:0x80000000  x4:0x4f786000 x19=0xcf786000
      93605.000 ns	      9359	80002350	d017ab53	fcvt.s.wu	f22,x15	 x15:0x00000000 f22=0x4f7ff7e0
      93625.000 ns	      9361	80002354	2e6c57b7	lui	x15,0x2e6c5	 x15=0x2e6c5000
      93645.000 ns	      9363	80002358	e0030953	fmv.x.w	x18,f6	  f6:0x7fc00000 x18=0x7fc00000
      93675.000 ns	      9366	8000235c	e0098b53	fmv.x.w	x22,f19	 f19:0x7fc00000 x22=0x7fc00000
      93695.000 ns	      9368	80002360	00a951b3	srl	x3,x18,x10	 x18:0x7fc00000 x10:0x00000001  x3=0x3fe00000
      93725.000 ns	      9371	80002364	113012d3	fmul.s	f5,f0,f19	  f0:0x00000000 f19:0x7fc00000  f5=0x7fc00000
      93745.000 ns	      9373	80002368	00e36a33	or	x20,x6,x14	  x6:0xd1ff1274 x14:0x00000000 x20=0xd1ff1274
      93765.000 ns	      9375	8000236c	21eaa853	fsgnjx.s	f16,f21,f30	 f21:0x00000000 f30:0x00000000 f16=0x00000000
      93785.000 ns	      9377	80002370	006296b3	sll	x13,x5,x6	  x5:0x00000000  x6:0xd1ff1274 x13=0x00000000
      93795.000 ns	      9378	80002374	0b8cf693	andi	x13,x25,184	 x25:0xfffda297 x13=0x00000090
      93815.000 ns	      9380	80002378	d00036d3	fcvt.s.w	f13,x0	  x0:0x00000000 f13=0x00000000
      93835.000 ns	      9382	8000237c	3ef0ac13	slti	x24,x1,1007	  x1:0x00000000 x24=0x00000001
      93845.000 ns	      9383	80002380	01bdc513	xori	x10,x27,27	 x27:0x80000000 x10=0x8000001b
      93875.000 ns	      9386	80002384	116bc753	fmul.s	f14,f23,f22	 f23:0x80000000 f22:0x4f7ff7e0 f14=0x80000000
      93905.000 ns	      9389	80002388	29728f53	fmin.s	f30,f5,f23	  f5:0x7fc00000 f23:0x80000000 f30=0x80000000
      93925.000 ns	      9391	8000238c	01f357b3	srl	x15,x6,x31	  x6:0xd1ff1274 x31:0x00000000 x15=0xd1ff1274
      93945.000 ns	      9393	80002390	29e910d3	fmax.s	f1,f18,f30	 f18:0x7fc00000 f30:0x80000000  f1=0x80000000
      93965.000 ns	      9395	80002394	0090a233	slt	x4,x1,x9	  x1:0x00000000  x9:0x00000000  x4=0x00000000
      93985.000 ns	      9397	80002398	f0010bd3	fmv.w.x	f23,x2	  x2:0xed14be56 f23=0xed14be56
      94015.000 ns	      9400	8000239c	038e8733	mul	x14,x29,x24	 x29:0x80041024 x24:0x00000001 x14=0x80041024
      94045.000 ns	      9403	800023a0	2115a6d3	fsgnjx.s	f13,f11,f17	 f11:0x44afa000 f17:0x00000000 f13=0x44afa000
      94075.000 ns	      9406	800023a4	e00812d3	fclass.s	x5,f16	 f16:0x00000000  x5=0x00000010
      94105.000 ns	      9409	800023a8	c006f753	fcvt.w.s	x14,f13	 f13:0x44afa000 x14=0x0000057d
      94125.000 ns	      9411	800023ac	41528d33	sub	x26,x5,x21	  x5:0x00000010 x21:0xfffda298 x26=0x00025d78
      94145.000 ns	      9413	800023b0	29200e53	fmin.s	f28,f0,f18	  f0:0x00000000 f18:0x7fc00000 f28=0x00000000
      94165.000 ns	      9415	800023b4	01bd6033	or	x0,x26,x27	 x26:0xedd2933c x27:0x80000000
      94185.000 ns	      9417	800023b8	02c7bab3	mulhu	x21,x15,x12	 x15:0xd1ff1274 x12:0x80040fe4 x21=0x6902de3f
      94215.000 ns	      9420	800023bc	281114d3	fmax.s	f9,f2,f1	  f2:0x7fc00000  f1:0x80000000  f9=0x80000000
      94245.000 ns	      9423	800023c0	c00efb53	fcvt.w.s	x22,f29	 f29:0x00000000 x22=0x00000000
      94265.000 ns	      9425	800023c4	31e28097	auipc	x1,0x31e28	  x1=0xb1e2a3c4
      94285.000 ns	      9427	800023c8	a13488d3	fle.s	x17,f9,f19	  f9:0x80000000 f19:0x7fc00000 x17=0x00000000
      94305.000 ns	      9429	800023cc	418b8db3	sub	x27,x23,x24	 x23:0x000000ed x24:0x00000001 x27=0x000000ec
      94325.000 ns	      9431	800023d0	a0caa5d3	feq.s	x11,f21,f12	 f21:0x00000000 f12:0x00000000 x11=0x00000001
      94355.000 ns	      9434	800023d4	286d9e53	fmax.s	f28,f27,f6	 f27:0x7fc00000  f6:0x7fc00000 f28=0x7fc00000
      94375.000 ns	      9436	800023d8	408f5993	srai	x19,x30,0x8	 x30:0x80000000 x19=0xff800000
      94415.000 ns	      9440	800023dc	087ffa53	fsub.s	f20,f31,f7	 f31:0x41000000  f7:0x154081a4 f20=0x41000000
      94445.000 ns	      9443	800023e0	d009aa53	fcvt.s.w	f20,x19	 x19:0xcf786000 f20=0xcb000000
      94475.000 ns	      9446	800023e4	02842f33	mulhsu	x30,x8,x8	  x8:0x00000000  x8:0x00000000 x30=0x00000000
      94495.000 ns	      9448	800023e8	2a550597	auipc	x11,0x2a550	 x11=0xaa5523e8
      94505.000 ns	      9449	800023ec	c765a993	slti	x19,x11,-906	 x11:0x00000001 x19=0x00000001
      94865.000 ns	      9485	800023f0	02e66ab3	rem	x21,x12,x14	 x12:0x80040fe4 x14:0x0000057d x21=0xfffffc80
      94885.000 ns	      9487	800023f4	00000013	addi	x0,x0,0	  x0:0x00000000
      94905.000 ns	      9489	800023f8	29861e53	fmax.s	f28,f12,f24	 f12:0x00000000 f24:0x00000000 f28=0x00000000
      94955.000 ns	      9494	800023fc	08c33353	fsub.s	f6,f6,f12	  f6:0x7fc00000 f12:0x00000000  f6=0x7fc00000
      94975.000 ns	      9496	80002400	9a1c7a93	andi	x21,x24,-1631	 x24:0x00000001 x21=0x00000001
      94995.000 ns	      9498	80002404	c01e7cd3	fcvt.wu.s	x25,f28	 f28:0x00000000 x25=0x00000000
      95015.000 ns	      9500	80002408	0122c433	xor	x8,x5,x18	  x5:0x00000010 x18:0x7fc00000  x8=0x7fc00010
      95035.000 ns	      9502	8000240c	286101d3	fmin.s	f3,f2,f6	  f2:0x7fc00000  f6:0x7fc00000  f3=0x7fc00000
      95065.000 ns	      9505	80002410	a0372253	feq.s	x4,f14,f3	 f14:0x80000000  f3:0x2a081f55  x4=0x00000000
      95435.000 ns	      9542	80002414	02bb63b3	rem	x7,x22,x11	 x22:0x00000000 x11:0xaa5523e8  x7=0x00000000
      95455.000 ns	      9544	80002418	00f90db3	add	x27,x18,x15	 x18:0x7fc00000 x15:0xd1ff1274 x27=0x51bf1274
      95465.000 ns	      9545	8000241c	40d200b3	sub	x1,x4,x13	  x4:0x00000000 x13:0x00000090  x1=0xffffff70
      95485.000 ns	      9547	80002420	a1cd1ad3	flt.s	x21,f26,f28	 f26:0x00000000 f28:0x00000000 x21=0x00000000
      95855.000 ns	      9584	80002424	03d17ab3	remu	x21,x2,x29	  x2:0xed14be56 x29:0x80041024 x21=0x6d10ae32
      95875.000 ns	      9586	80002428	013e4d33	xor	x26,x28,x19	 x28:0x00000001 x19:0x00000001 x26=0x00000000
      95905.000 ns	      9589	8000242c	100e90d3	fmul.s	f1,f29,f0	 f29:0x00000000  f0:0x00000000  f1=0x00000000
      95935.000 ns	      9592	80002430	03101c33	mulh	x24,x0,x17	  x0:0x00000000 x17:0x00000000 x24=0x00000000
      95955.000 ns	      9594	80002434	41475d93	srai	x27,x14,0x14	 x14:0x0000057d x27=0x00000000
      95975.000 ns	      9596	80002438	022babb3	mulhsu	x23,x23,x2	 x23:0x000000ed  x2:0xed14be56 x23=0x000000db
      96345.000 ns	      9633	8000243c	0379ecb3	rem	x25,x19,x23	 x19:0x00000001 x23:0x000000ed x25=0x00000001
      96375.000 ns	      9636	80002440	218811d3	fsgnjn.s	f3,f16,f24	 f16:0x00000000 f24:0x00000000  f3=0x80000000
      96745.000 ns	      9673	80002444	03c9f333	remu	x6,x19,x28	 x19:0x00000001 x28:0x00000001  x6=0x00000000
      96765.000 ns	      9675	80002448	016ec3b3	xor	x7,x29,x22	 x29:0x80041024 x22:0x00000000  x7=0x80041024
      96775.000 ns	      9676	8000244c	8dea8e13	addi	x28,x21,-1826	 x21:0x6d10ae32 x28=0x6d10a710
      96785.000 ns	      9677	80002450	01c55733	srl	x14,x10,x28	 x10:0x8000001b x28:0x00000001 x14=0x00008000
      96825.000 ns	      9681	80002454	0802f453	fsub.s	f8,f5,f0	  f5:0x7fc00000  f0:0x00000000  f8=0x7fc00000
      96855.000 ns	      9684	80002458	212ca5d3	fsgnjx.s	f11,f25,f18	 f25:0xbf7ff7e0 f18:0x7fc00000 f11=0xbf7ff7e0
      96875.000 ns	      9686	8000245c	016250b3	srl	x1,x4,x22	  x4:0x00000000 x22:0x00000000  x1=0x00000000
      96885.000 ns	      9687	80002460	002a3cb3	sltu	x25,x20,x2	 x20:0xd1ff1274  x2:0xed14be56 x25=0x00000001
      96895.000 ns	      9688	80002464	a9288e13	addi	x28,x17,-1390	 x17:0x00000000 x28=0xfffffa92
      96905.000 ns	      9689	80002468	01f62433	slt	x8,x12,x31	 x12:0x80040fe4 x31:0x00000000  x8=0x00000001
      96925.000 ns	      9691	8000246c	e0038b53	fmv.x.w	x22,f7	  f7:0x154081a4 x22=0x154081a4
      96955.000 ns	      9694	80002470	d004ae53	fcvt.s.w	f28,x9	  x9:0x00000000 f28=0x00000000
      97325.000 ns	      9731	80002474	0375cdb3	div	x27,x11,x23	 x11:0xaa5523e8 x23:0x000000db x27=0xff9bdbee
      97355.000 ns	      9734	80002478	034433b3	mulhu	x7,x8,x20	  x8:0x00000001 x20:0xd1ff1274  x7=0x00000000
      97725.000 ns	      9771	8000247c	02f377b3	remu	x15,x6,x15	  x6:0x00000000 x15:0xd1ff1274 x15=0x00000000
      97775.000 ns	      9776	80002480	00399a53	fadd.s	f20,f19,f3	 f19:0x7fc00000  f3:0x80000000 f20=0x7fc00000
      97795.000 ns	      9778	80002484	cdcf4d13	xori	x26,x30,-804	 x30:0x00000000 x26=0xfffffcdc
      97815.000 ns	      9780	80002488	02a69333	mulh	x6,x13,x10	 x13:0x00000090 x10:0x8000001b  x6=0xffffffb8
      97835.000 ns	      9782	8000248c	002a2533	slt	x10,x20,x2	 x20:0xd1ff1274  x2:0xed14be56 x10=0x00000001
      97855.000 ns	      9784	80002490	c01ffad3	fcvt.wu.s	x21,f31	 f31:0x41000000 x21=0x00000008
      97875.000 ns	      9786	80002494	151e6297	auipc	x5,0x151e6	  x5=0x951e8494
      97895.000 ns	      9788	80002498	029164b3	rem	x9,x2,x9	  x2:0xed14be56  x9:0x00000000  x9=0xed14be56
      97915.000 ns	      9790	8000249c	de83e913	ori	x18,x7,-536	  x7:0x00000000 x18=0xfffffde8
      97935.000 ns	      9792	800024a0	03d192b3	mulh	x5,x3,x29	  x3:0x3fe00000 x29:0x80041024  x5=0xe0110386
      97965.000 ns	      9795	800024a4	03ce15b3	mulh	x11,x28,x28	 x28:0xfffffa92 x28:0xfffffa92 x11=0x00000000
      97995.000 ns	      9798	800024a8	03608cb3	mul	x25,x1,x22	  x1:0x00000000 x22:0x154081a4 x25=0x00000000
      98015.000 ns	      9800	800024ac	018c9bb3	sll	x23,x25,x24	 x25:0x00000001 x24:0x00000000 x23=0x00000000
      98025.000 ns	      9801	800024b0	00000013	addi	x0,x0,0	  x0:0x00000000
      98055.000 ns	      9804	800024b4	1142c4d3	fmul.s	f9,f5,f20	  f5:0x7fc00000 f20:0x7fc00000  f9=0x7fc00000
      98075.000 ns	      9806	800024b8	a996e913	ori	x18,x13,-1383	 x13:0x00000090 x18=0xfffffa99
      98095.000 ns	      9808	800024bc	21959253	fsgnjn.s	f4,f11,f25	 f11:0xbf7ff7e0 f25:0xbf7ff7e0  f4=0x3f7ff7e0
      98115.000 ns	      9810	800024c0	40c6d533	sra	x10,x13,x12	 x13:0x00000090 x12:0x80040fe4 x10=0x00000009
      98125.000 ns	      9811	800024c4	410dd593	srai	x11,x27,0x10	 x27:0xff9bdbee x11=0xffffff9b
      98145.000 ns	      9813	800024c8	e00d8e53	fmv.x.w	x28,f27	 f27:0x7fc00000 x28=0x7fc00000
      98175.000 ns	      9816	800024cc	03b397b3	mulh	x15,x7,x27	  x7:0x00000000 x27:0xff9bdbee x15=0x00000000
      98195.000 ns	      9818	800024d0	01a1dfb3	srl	x31,x3,x26	  x3:0x3fe00000 x26:0xfffffcdc x31=0x00000003
      98235.000 ns	      9822	800024d4	08c0f3d3	fsub.s	f7,f1,f12	  f1:0x00000000 f12:0x00000000  f7=0x80000000
      98255.000 ns	      9824	800024d8	00c3fbb3	and	x23,x7,x12	  x7:0x00000000 x12:0x80040fe4 x23=0x00000000
      98275.000 ns	      9826	800024dc	c0117753	fcvt.wu.s	x14,f2	  f2:0x7fc00000 x14=0xffffffff
      98305.000 ns	      9829	800024e0	03898433	mul	x8,x19,x24	 x19:0x00000001 x24:0x00000000  x8=0x00000000
      98335.000 ns	      9832	800024e4	d003b453	fcvt.s.w	f8,x7	  x7:0x00000000  f8=0x00000000
      98365.000 ns	      9835	800024e8	e0021d53	fclass.s	x26,f4	  f4:0x3f7ff7e0 x26=0x00000040
      98395.000 ns	      9838	800024ec	a0f282d3	fle.s	x5,f5,f15	  f5:0x7fc00000 f15:0x00000000  x5=0x00000000
      98445.000 ns	      9843	800024f0	082f3ed3	fsub.s	f29,f30,f2	 f30:0x80000000  f2:0x7fc00000 f29=0x7fc00000
      98815.000 ns	      9880	800024f4	0323c233	div	x4,x7,x18	  x7:0x00000000 x18:0xfffffa99  x4=0x00000000
      98835.000 ns	      9882	800024f8	01193433	sltu	x8,x18,x17	 x18:0xfffffa99 x17:0x00000000  x8=0x00000000
      98845.000 ns	      9883	800024fc	d19aaf93	slti	x31,x21,-743	 x21:0x00000008 x31=0x00000000
      98865.000 ns	      9885	80002500	218398d3	fsgnjn.s	f17,f7,f24	  f7:0x80000000 f24:0x00000000 f17=0x80000000
      98885.000 ns	      9887	80002504	017ab333	sltu	x6,x21,x23	 x21:0x00000008 x23:0x00000000  x6=0x00000000
      98905.000 ns	      9889	80002508	d0110a53	fcvt.s.wu	f20,x2	  x2:0xed14be56 f20=0x4f6d14be
      98935.000 ns	      9892	8000250c	21c41153	fsgnjn.s	f2,f8,f28	  f8:0x00000000 f28:0x00000000  f2=0x80000000
      98965.000 ns	      9895	80002510	a0712dd3	feq.s	x27,f2,f7	  f2:0x7fc00000  f7:0x80000000 x27=0x00000001
      99015.000 ns	      9900	80002514	01737ed3	fadd.s	f29,f6,f23	  f6:0x7fc00000 f23:0xed14be56 f29=0x7fc00000
      99045.000 ns	      9903	80002518	208c27d3	fsgnjx.s	f15,f24,f8	 f24:0x00000000  f8:0x00000000 f15=0x00000000
      99065.000 ns	      9905	8000251c	01828b33	add	x22,x5,x24	  x5:0x00000000 x24:0x00000000 x22=0x00000000
      99085.000 ns	      9907	80002520	03f4da33	divu	x20,x9,x31	  x9:0xed14be56 x31:0x00000000 x20=0xffffffff
      99105.000 ns	      9909	80002524	4153d933	sra	x18,x7,x21	  x7:0x00000000 x21:0x00000008 x18=0x00000000
      99125.000 ns	      9911	80002528	f00e83d3	fmv.w.x	f7,x29	 x29:0x80041024  f7=0x80041024
      99155.000 ns	      9914	8000252c	29eb18d3	fmax.s	f17,f22,f30	 f22:0x4f7ff7e0 f30:0x80000000 f17=0x4f7ff7e0
      99175.000 ns	      9916	80002530	0007dab3	srl	x21,x15,x0	 x15:0x00000000  x0:0x00000000 x21=0x00000000
      99195.000 ns	      9918	80002534	03841db3	mulh	x27,x8,x24	  x8:0x00000000 x24:0x00000000 x27=0x00000000
      99215.000 ns	      9920	80002538	01249793	slli	x15,x9,0x12	  x9:0xed14be56 x15=0xf9580000
      99235.000 ns	      9922	8000253c	024302b3	mul	x5,x6,x4	  x6:0x00000000  x4:0x00000000  x5=0x00000000
      99265.000 ns	      9925	80002540	f00a8ed3	fmv.w.x	f29,x21	 x21:0x00000000 f29=0x00000000
      99295.000 ns	      9928	80002544	299e9ed3	fmax.s	f29,f29,f25	 f29:0x7fc00000 f25:0xbf7ff7e0 f29=0x00000000
      99315.000 ns	      9930	80002548	410fd193	srai	x3,x31,0x10	 x31:0x00000000  x3=0x00000000
      99335.000 ns	      9932	8000254c	e0059bd3	fclass.s	x23,f11	 f11:0xbf7ff7e0 x23=0x00000002
      99355.000 ns	      9934	80002550	b0c90537	lui	x10,0xb0c90	 x10=0xb0c90000
      99365.000 ns	      9935	80002554	41f907b3	sub	x15,x18,x31	 x18:0x00000000 x31:0x00000000 x15=0x00000000
      99385.000 ns	      9937	80002558	e00189d3	fmv.x.w	x19,f3	  f3:0x80000000 x19=0x80000000
      99435.000 ns	      9942	8000255c	088979d3	fsub.s	f19,f18,f8	 f18:0x7fc00000  f8:0x00000000 f19=0x7fc00000
      99455.000 ns	      9944	80002560	0371fa93	andi	x21,x3,55	  x3:0x00000000 x21=0x00000000
      99465.000 ns	      9945	80002564	00b0f5b3	and	x11,x1,x11	  x1:0x00000000 x11:0xffffff9b x11=0x00000000
      99495.000 ns	      9948	80002568	11390453	fmul.s	f8,f18,f19	 f18:0x7fc00000 f19:0x7fc00000  f8=0x7fc00000
      99515.000 ns	      9950	8000256c	46f87f93	andi	x31,x16,1135	 x16:0xbf7ff7e0 x31=0x00000460
      99525.000 ns	      9951	80002570	01b49813	slli	x16,x9,0x1b	  x9:0xed14be56 x16=0xb0000000
      99555.000 ns	      9954	80002574	1071f3d3	fmul.s	f7,f3,f7	  f3:0x80000000  f7:0x80041024  f7=0x00000000
      99585.000 ns	      9957	80002578	f0080d53	fmv.w.x	f26,x16	 x16:0xbf7ff7e0 f26=0xb0000000
      99605.000 ns	      9959	8000257c	0193b233	sltu	x4,x7,x25	  x7:0x00000000 x25:0x00000000  x4=0x00000000
      99625.000 ns	      9961	80002580	f00f0ad3	fmv.w.x	f21,x30	 x30:0x00000000 f21=0x00000000
      99645.000 ns	      9963	80002584	0047a533	slt	x10,x15,x4	 x15:0x00000000  x4:0x00000000 x10=0x00000000
      99665.000 ns	      9965	80002588	d0153f53	fcvt.s.wu	f30,x10	 x10:0xb0c90000 f30=0x00000000
      99695.000 ns	      9968	8000258c	d01cb953	fcvt.s.wu	f18,x25	 x25:0x00000000 f18=0x00000000
      99735.000 ns	      9972	80002590	1142ffd3	fmul.s	f31,f5,f20	  f5:0x7fc00000 f20:0x4f6d14be f31=0x7fc00000
      99765.000 ns	      9975	80002594	29c502d3	fmin.s	f5,f10,f28	 f10:0x7fc00000 f28:0x00000000  f5=0x00000000
      99795.000 ns	      9978	80002598	a0c516d3	flt.s	x13,f10,f12	 f10:0x7fc00000 f12:0x00000000 x13=0x00000000
      99815.000 ns	      9980	8000259c	018bf4b3	and	x9,x23,x24	 x23:0x00000002 x24:0x00000000  x9=0x00000000
      99825.000 ns	      9981	800025a0	00bd9733	sll	x14,x27,x11	 x27:0x00000000 x11:0x00000000 x14=0x00000000
      99835.000 ns	      9982	800025a4	d242ad13	slti	x26,x5,-732	  x5:0x00000000 x26=0x00000000
      99845.000 ns	      9983	800025a8	01c7e033	or	x0,x15,x28	 x15:0x00000000 x28:0x7fc00000
      99855.000 ns	      9984	800025ac	41db5493	srai	x9,x22,0x1d	 x22:0x00000000  x9=0x00000000
      99885.000 ns	      9987	800025b0	1804f453	fdiv.s	f8,f9,f0	  f9:0x7fc00000  f0:0x00000000  f8=0x7fc00000
      99905.000 ns	      9989	800025b4	14e5bb13	sltiu	x22,x11,334	 x11:0x00000000 x22=0x00000001
      99915.000 ns	      9990	800025b8	405ed933	sra	x18,x29,x5	 x29:0x80041024  x5:0x00000000 x18=0x80041024
      99935.000 ns	      9992	800025bc	031cec33	rem	x24,x25,x17	 x25:0x00000000 x17:0x00000000 x24=0x00000000
      99955.000 ns	      9994	800025c0	71738213	addi	x4,x7,1815	  x7:0x00000000  x4=0x00000717
      99975.000 ns	      9996	800025c4	219c2853	fsgnjx.s	f16,f24,f25	 f24:0x00000000 f25:0xbf7ff7e0 f16=0x80000000
     100005.000 ns	      9999	800025c8	2184a253	fsgnjx.s	f4,f9,f24	  f9:0x7fc00000 f24:0x00000000  f4=0x7fc00000
     100025.000 ns	     10001	800025cc	5f867d13	andi	x26,x12,1528	 x12:0x80040fe4 x26=0x000005e0
     100035.000 ns	     10002	800025d0	84618d13	addi	x26,x3,-1978	  x3:0x00000000 x26=0xfffff846
     100045.000 ns	     10003	800025d4	009052b3	srl	x5,x0,x9	  x0:0x00000000  x9:0x00000000  x5=0x00000000
     100065.000 ns	     10005	800025d8	e00b9853	fclass.s	x16,f23	 f23:0xed14be56 x16=0x00000002
     100095.000 ns	     10008	800025dc	03893db3	mulhu	x27,x18,x24	 x18:0x80041024 x24:0x00000000 x27=0x00000000
     100125.000 ns	     10011	800025e0	f00602d3	fmv.w.x	f5,x12	 x12:0x80040fe4  f5=0x80040fe4
     100145.000 ns	     10013	800025e4	41e3df13	srai	x30,x7,0x1e	  x7:0x00000000 x30=0x00000000
     100505.000 ns	     10049	800025e8	02c1c833	div	x16,x3,x12	  x3:0x00000000 x12:0x80040fe4 x16=0x00000000
     100875.000 ns	     10086	800025ec	03617c33	remu	x24,x2,x22	  x2:0xed14be56 x22:0x00000001 x24=0x00000000
     100895.000 ns	     10088	800025f0	009dd033	srl	x0,x27,x9	 x27:0x00000000  x9:0x00000000
     100905.000 ns	     10089	800025f4	40640ab3	sub	x21,x8,x6	  x8:0x00000000  x6:0x00000000 x21=0x00000000
     100915.000 ns	     10090	800025f8	01f916b3	sll	x13,x18,x31	 x18:0x80041024 x31:0x00000460 x13=0x80041024
     100955.000 ns	     10094	800025fc	0193fbd3	fadd.s	f23,f7,f25	  f7:0x00000000 f25:0xbf7ff7e0 f23=0xbf7ff7e0
     100985.000 ns	     10097	80002600	f0068a53	fmv.w.x	f20,x13	 x13:0x00000000 f20=0x80041024
     101015.000 ns	     10100	80002604	c0027c53	fcvt.w.s	x24,f4	  f4:0x7fc00000 x24=0x7fffffff
     101035.000 ns	     10102	80002608	4020dc13	srai	x24,x1,0x2	  x1:0x00000000 x24=0x00000000
     101055.000 ns	     10104	8000260c	c0062253	fcvt.w.s	x4,f12	 f12:0x00000000  x4=0x00000000
     101075.000 ns	     10106	80002610	a6551317	auipc	x6,0xa6551	  x6=0x26553610
     101095.000 ns	     10108	80002614	d0163e53	fcvt.s.wu	f28,x12	 x12:0x80040fe4 f28=0x4f000410
     101125.000 ns	     10111	80002618	03996e33	rem	x28,x18,x25	 x18:0x80041024 x25:0x00000000 x28=0x80041024
     101155.000 ns	     10114	8000261c	d01dab53	fcvt.s.wu	f22,x27	 x27:0x00000000 f22=0x00000000
     101175.000 ns	     10116	80002620	008a8b33	add	x22,x21,x8	 x21:0x00000000  x8:0x00000000 x22=0x00000000
     101195.000 ns	     10118	80002624	c01a70d3	fcvt.wu.s	x1,f20	 f20:0x80041024  x1=0x00000000
     101225.000 ns	     10121	80002628	d00a1953	fcvt.s.w	f18,x20	 x20:0xffffffff f18=0xbf800000
     101245.000 ns	     10123	8000262c	00471f93	slli	x31,x14,0x4	 x14:0x00000000 x31=0x00000000
     101255.000 ns	     10124	80002630	409ddc93	srai	x25,x27,0x9	 x27:0x00000000 x25=0x00000000
     101275.000 ns	     10126	80002634	02887db3	remu	x27,x16,x8	 x16:0x00000000  x8:0x00000000 x27=0x00000000
     101325.000 ns	     10131	80002638	080df953	fsub.s	f18,f27,f0	 f27:0x7fc00000  f0:0x00000000 f18=0x7fc00000
     101375.000 ns	     10136	8000263c	08297b53	fsub.s	f22,f18,f2	 f18:0xbf800000  f2:0x80000000 f22=0x7fc00000
     101405.000 ns	     10139	80002640	0365abb3	mulhsu	x23,x11,x22	 x11:0x00000000 x22:0x00000000 x23=0x00000000
     101435.000 ns	     10142	80002644	023bca33	div	x20,x23,x3	 x23:0x00000002  x3:0x00000000 x20=0xffffffff
     101465.000 ns	     10145	80002648	d0123ad3	fcvt.s.wu	f21,x4	  x4:0x00000000 f21=0x00000000
     101515.000 ns	     10150	8000264c	098ff2d3	fsub.s	f5,f31,f24	 f31:0x7fc00000 f24:0x00000000  f5=0x7fc00000
     101545.000 ns	     10153	80002650	03f6abb3	mulhsu	x23,x13,x31	 x13:0x80041024 x31:0x00000000 x23=0x00000000
     101565.000 ns	     10155	80002654	00000013	addi	x0,x0,0	  x0:0x00000000
     101585.000 ns	     10157	80002658	03f3e733	rem	x14,x7,x31	  x7:0x00000000 x31:0x00000000 x14=0x00000000
     101605.000 ns	     10159	8000265c	2e1df913	andi	x18,x27,737	 x27:0x00000000 x18=0x00000000
     101965.000 ns	     10195	80002660	03475f33	divu	x30,x14,x20	 x14:0x00000000 x20:0xffffffff x30=0x00000000
     101995.000 ns	     10198	80002664	20211353	fsgnjn.s	f6,f2,f2	  f2:0x80000000  f2:0x80000000  f6=0x00000000
     102025.000 ns	     10201	80002668	292b8453	fmin.s	f8,f23,f18	 f23:0xbf7ff7e0 f18:0x7fc00000  f8=0xbf7ff7e0
     102045.000 ns	     10203	8000266c	01b05f13	srli	x30,x0,0x1b	  x0:0x00000000 x30=0x00000000
     102085.000 ns	     10207	80002670	08c7f753	fsub.s	f14,f15,f12	 f15:0x00000000 f12:0x00000000 f14=0x80000000
     102115.000 ns	     10210	80002674	d00efa53	fcvt.s.w	f20,x29	 x29:0x80041024 f20=0xcefff7df
     102135.000 ns	     10212	80002678	21b47493	andi	x9,x8,539	  x8:0x00000000  x9=0x00000000
     102145.000 ns	     10213	8000267c	00aea0b3	slt	x1,x29,x10	 x29:0x80041024 x10:0x00000000  x1=0x00000001
     102155.000 ns	     10214	80002680	005bb233	sltu	x4,x23,x5	 x23:0x00000000  x5:0x00000000  x4=0x00000000
     102165.000 ns	     10215	80002684	cf956313	ori	x6,x10,-775	 x10:0x00000000  x6=0xfffffcf9
     102185.000 ns	     10217	80002688	d011f553	fcvt.s.wu	f10,x3	  x3:0x00000000 f10=0x00000000
     102215.000 ns	     10220	8000268c	024194b3	mulh	x9,x3,x4	  x3:0x00000000  x4:0x00000000  x9=0x00000000
     102245.000 ns	     10223	80002690	e0051dd3	fclass.s	x27,f10	 f10:0x00000000 x27=0x00000010
     102275.000 ns	     10226	80002694	03fb5cb3	divu	x25,x22,x31	 x22:0x00000000 x31:0x00000000 x25=0xffffffff
     102305.000 ns	     10229	80002698	c0047253	fcvt.w.s	x4,f8	  f8:0xbf7ff7e0  x4=0x00000000
     102325.000 ns	     10231	8000269c	01db2e33	slt	x28,x22,x29	 x22:0x00000000 x29:0x80041024 x28=0x00000000
     102345.000 ns	     10233	800026a0	a1fa99d3	flt.s	x19,f21,f31	 f21:0x00000000 f31:0x7fc00000 x19=0x00000000
     102375.000 ns	     10236	800026a4	a03b93d3	flt.s	x7,f23,f3	 f23:0xbf7ff7e0  f3:0x80000000  x7=0x00000001
     102405.000 ns	     10239	800026a8	e0088853	fmv.x.w	x16,f17	 f17:0x4f7ff7e0 x16=0x4f7ff7e0
     102425.000 ns	     10241	800026ac	412c8b33	sub	x22,x25,x18	 x25:0xffffffff x18:0x00000000 x22=0xffffffff
     102435.000 ns	     10242	800026b0	00d815b3	sll	x11,x16,x13	 x16:0x4f7ff7e0 x13:0x80041024 x11=0xf7ff7e00
     102795.000 ns	     10278	800026b4	02c8ebb3	rem	x23,x17,x12	 x17:0x00000000 x12:0x80040fe4 x23=0x00000000
     102815.000 ns	     10280	800026b8	41c68a33	sub	x20,x13,x28	 x13:0x80041024 x28:0x00000000 x20=0x80041024
     102835.000 ns	     10282	800026bc	a04b9bd3	flt.s	x23,f23,f4	 f23:0xbf7ff7e0  f4:0x7fc00000 x23=0x00000000
     102855.000 ns	     10284	800026c0	3a99bd93	sltiu	x27,x19,937	 x19:0x00000000 x27=0x00000001
     102865.000 ns	     10285	800026c4	b3dc1297	auipc	x5,0xb3dc1	  x5=0x33dc36c4
     102875.000 ns	     10286	800026c8	01330033	add	x0,x6,x19	  x6:0xfffffcf9 x19:0x00000000
     102885.000 ns	     10287	800026cc	01571c93	slli	x25,x14,0x15	 x14:0x00000000 x25=0x00000000
     102905.000 ns	     10289	800026d0	0339f833	remu	x16,x19,x19	 x19:0x00000000 x19:0x00000000 x16=0x00000000
     102935.000 ns	     10292	800026d4	21cd02d3	fsgnj.s	f5,f26,f28	 f26:0xb0000000 f28:0x4f000410  f5=0x30000000
     102955.000 ns	     10294	800026d8	01923433	sltu	x8,x4,x25	  x4:0x00000000 x25:0x00000000  x8=0x00000000
     102965.000 ns	     10295	800026dc	bc8a2b97	auipc	x23,0xbc8a2	 x23=0x3c8a46dc
     102985.000 ns	     10297	800026e0	f00f02d3	fmv.w.x	f5,x30	 x30:0x00000000  f5=0x00000000
     103035.000 ns	     10302	800026e4	01262553	fadd.s	f10,f12,f18	 f12:0x00000000 f18:0x7fc00000 f10=0x7fc00000
     103075.000 ns	     10306	800026e8	11ff8c53	fmul.s	f24,f31,f31	 f31:0x7fc00000 f31:0x7fc00000 f24=0x7fc00000
     103105.000 ns	     10309	800026ec	02b31b33	mulh	x22,x6,x11	  x6:0xfffffcf9 x11:0xf7ff7e00 x22=0x00000018
     103135.000 ns	     10312	800026f0	28db9c53	fmax.s	f24,f23,f13	 f23:0xbf7ff7e0 f13:0x44afa000 f24=0x44afa000
     103155.000 ns	     10314	800026f4	00eec033	xor	x0,x29,x14	 x29:0x80041024 x14:0x00000000
     103175.000 ns	     10316	800026f8	e00e07d3	fmv.x.w	x15,f28	 f28:0x4f000410 x15=0x4f000410
     103205.000 ns	     10319	800026fc	c01a7853	fcvt.wu.s	x16,f20	 f20:0xcefff7df x16=0x7ffbef80
     103235.000 ns	     10322	80002700	03a697b3	mulh	x15,x13,x26	 x13:0x80041024 x26:0xfffff846 x15=0x000003dc
     103275.000 ns	     10326	80002704	107d1253	fmul.s	f4,f26,f7	 f26:0xb0000000  f7:0x00000000  f4=0x80000000
     103295.000 ns	     10328	80002708	b6ff9b17	auipc	x22,0xb6ff9	 x22=0x36ffb708
     103305.000 ns	     10329	8000270c	01325393	srli	x7,x4,0x13	  x4:0x00000000  x7=0x00000000
     103325.000 ns	     10331	80002710	029bc5b3	div	x11,x23,x9	 x23:0x3c8a46dc  x9:0x00000000 x11=0xffffffff
     103355.000 ns	     10334	80002714	a0811dd3	flt.s	x27,f2,f8	  f2:0x80000000  f8:0xbf7ff7e0 x27=0x00000000
     103385.000 ns	     10337	80002718	03ddbcb3	mulhu	x25,x27,x29	 x27:0x00000001 x29:0x80041024 x25=0x00000000
     103415.000 ns	     10340	8000271c	e0030dd3	fmv.x.w	x27,f6	  f6:0x00000000 x27=0x00000000
     103445.000 ns	     10343	80002720	0375b1b3	mulhu	x3,x11,x23	 x11:0xffffffff x23:0x3c8a46dc  x3=0x3c8a46db
     103475.000 ns	     10346	80002724	20a687d3	fsgnj.s	f15,f13,f10	 f13:0x44afa000 f10:0x7fc00000 f15=0x44afa000
     103495.000 ns	     10348	80002728	c2a7ae13	slti	x28,x15,-982	 x15:0x000003dc x28=0x00000000
     103515.000 ns	     10350	8000272c	03834733	div	x14,x6,x24	  x6:0xfffffcf9 x24:0x00000000 x14=0xffffffff
     103545.000 ns	     10353	80002730	a0909053	flt.s	x0,f1,f9	  f1:0x00000000  f9:0x7fc00000
     103575.000 ns	     10356	80002734	02866433	rem	x8,x12,x8	 x12:0x80040fe4  x8:0x00000000  x8=0x80040fe4
     103605.000 ns	     10359	80002738	e00e1453	fclass.s	x8,f28	 f28:0x4f000410  x8=0x00000040
     103635.000 ns	     10362	8000273c	e00f17d3	fclass.s	x15,f30	 f30:0x00000000 x15=0x00000010
     103665.000 ns	     10365	80002740	026299b3	mulh	x19,x5,x6	  x5:0x33dc36c4  x6:0xfffffcf9 x19=0xffffff63
     103695.000 ns	     10368	80002744	032e0b33	mul	x22,x28,x18	 x28:0x00000000 x18:0x00000000 x22=0x00000000
     103715.000 ns	     10370	80002748	40e90db3	sub	x27,x18,x14	 x18:0x00000000 x14:0xffffffff x27=0x00000001
     103735.000 ns	     10372	8000274c	03cd6fb3	rem	x31,x26,x28	 x26:0xfffff846 x28:0x00000000 x31=0xfffff846
     103765.000 ns	     10375	80002750	036821b3	mulhsu	x3,x16,x22	 x16:0x7ffbef80 x22:0x00000000  x3=0x00000000
     103805.000 ns	     10379	80002754	580482d3	fsqrt.s	f5,f9	  f9:0x7fc00000  f5=0x7fc00000
     103825.000 ns	     10381	80002758	ba9e0f13	addi	x30,x28,-1111	 x28:0x00000000 x30=0xfffffba9
     103845.000 ns	     10383	8000275c	e0061853	fclass.s	x16,f12	 f12:0x00000000 x16=0x00000010
     103865.000 ns	     10385	80002760	b09ccf93	xori	x31,x25,-1271	 x25:0x00000000 x31=0xfffffb09
     104225.000 ns	     10421	80002764	03f6e5b3	rem	x11,x13,x31	 x13:0x80041024 x31:0xfffff846 x11=0xffffff74
     104245.000 ns	     10423	80002768	d5944293	xori	x5,x8,-679	  x8:0x00000040  x5=0xfffffd19
     104255.000 ns	     10424	8000276c	2c02e813	ori	x16,x5,704	  x5:0x33dc36c4 x16=0xffffffd9
     104265.000 ns	     10425	80002770	00000013	addi	x0,x0,0	  x0:0x00000000
     104275.000 ns	     10426	80002774	a08f3d13	sltiu	x26,x30,-1528	 x30:0xfffffba9 x26=0x00000000
     104295.000 ns	     10428	80002778	d00ca0d3	fcvt.s.w	f1,x25	 x25:0x00000000  f1=0x00000000
     104335.000 ns	     10432	8000277c	19dbf053	fdiv.s	f0,f23,f29	 f23:0xbf7ff7e0 f29:0x00000000  f0=0xff800000
     104365.000 ns	     10435	80002780	c00df8d3	fcvt.w.s	x17,f27	 f27:0x7fc00000 x17=0x7fffffff
     104395.000 ns	     10438	80002784	20349853	fsgnjn.s	f16,f9,f3	  f9:0x7fc00000  f3:0x80000000 f16=0x7fc00000
     104445.000 ns	     10443	80002788	0062f253	fadd.s	f4,f5,f6	  f5:0x7fc00000  f6:0x00000000  f4=0x7fc00000
     104465.000 ns	     10445	8000278c	01e41a93	slli	x21,x8,0x1e	  x8:0x00000040 x21=0x00000000
     104495.000 ns	     10448	80002790	10b2fb53	fmul.s	f22,f5,f11	  f5:0x7fc00000 f11:0xbf7ff7e0 f22=0x7fc00000
     104525.000 ns	     10451	80002794	e0080b53	fmv.x.w	x22,f16	 f16:0x7fc00000 x22=0x7fc00000
     104545.000 ns	     10453	80002798	8bd1c393	xori	x7,x3,-1859	  x3:0x00000000  x7=0xfffff8bd
     104555.000 ns	     10454	8000279c	42fba093	slti	x1,x23,1071	 x23:0x3c8a46dc  x1=0x00000000
     104575.000 ns	     10456	800027a0	e0000353	fmv.x.w	x6,f0	  f0:0xff800000  x6=0xff800000
     104605.000 ns	     10459	800027a4	e0029ad3	fclass.s	x21,f5	  f5:0x7fc00000 x21=0x00000200
     104635.000 ns	     10462	800027a8	e00c11d3	fclass.s	x3,f24	 f24:0x44afa000  x3=0x00000040
     104655.000 ns	     10464	800027ac	018a5a33	srl	x20,x20,x24	 x20:0x80041024 x24:0x00000000 x20=0x80041024
     104675.000 ns	     10466	800027b0	03fb25b3	mulhsu	x11,x22,x31	 x22:0x7fc00000 x31:0xfffffb09 x11=0x7fbffd85
     104695.000 ns	     10468	800027b4	0145d713	srli	x14,x11,0x14	 x11:0xffffff74 x14=0x000007fb
     104725.000 ns	     10471	800027b8	580cf9d3	fsqrt.s	f19,f25	 f25:0xbf7ff7e0 f19=0x7fc00000
     104745.000 ns	     10473	800027bc	00000013	addi	x0,x0,0	  x0:0x00000000
     104755.000 ns	     10474	800027c0	f07a8213	addi	x4,x21,-249	 x21:0x00000200  x4=0x00000107
     104775.000 ns	     10476	800027c4	287a93d3	fmax.s	f7,f21,f7	 f21:0x00000000  f7:0x00000000  f7=0x00000000
     104805.000 ns	     10479	800027c8	e0059fd3	fclass.s	x31,f11	 f11:0xbf7ff7e0 x31=0x00000002
     105175.000 ns	     10516	800027cc	0351dfb3	divu	x31,x3,x21	  x3:0x00000040 x21:0x00000200 x31=0x00000000
     105205.000 ns	     10519	800027d0	03fa6433	rem	x8,x20,x31	 x20:0x80041024 x31:0x00000002  x8=0x80041024
     105235.000 ns	     10522	800027d4	a0640353	fle.s	x6,f8,f6	  f8:0xbf7ff7e0  f6:0x00000000  x6=0x00000001
     105275.000 ns	     10526	800027d8	5804cc53	fsqrt.s	f24,f9	  f9:0x7fc00000 f24=0x7fc00000
     105295.000 ns	     10528	800027dc	0054b533	sltu	x10,x9,x5	  x9:0x00000000  x5:0xfffffd19 x10=0x00000001
     105305.000 ns	     10529	800027e0	010f0533	add	x10,x30,x16	 x30:0xfffffba9 x16:0xffffffd9 x10=0xfffffb82
     105315.000 ns	     10530	800027e4	40ed85b3	sub	x11,x27,x14	 x27:0x00000001 x14:0x000007fb x11=0xfffff806
     105335.000 ns	     10532	800027e8	03955233	divu	x4,x10,x25	 x10:0x00000001 x25:0x00000000  x4=0xffffffff
     105365.000 ns	     10535	800027ec	0343a8b3	mulhsu	x17,x7,x20	  x7:0xfffff8bd x20:0x80041024 x17=0xfffffc5e
     105395.000 ns	     10538	800027f0	29be90d3	fmax.s	f1,f29,f27	 f29:0x00000000 f27:0x7fc00000  f1=0x00000000
     105425.000 ns	     10541	800027f4	a1ed9053	flt.s	x0,f27,f30	 f27:0x7fc00000 f30:0x00000000
     105445.000 ns	     10543	800027f8	0004b7b3	sltu	x15,x9,x0	  x9:0x00000000  x0:0x00000000 x15=0x00000000
     105475.000 ns	     10546	800027fc	190c82d3	fdiv.s	f5,f25,f16	 f25:0xbf7ff7e0 f16:0x7fc00000  f5=0x7fc00000
     105505.000 ns	     10549	80002800	d018af53	fcvt.s.wu	f30,x17	 x17:0xfffffc5e f30=0x4f7ffffd
     105555.000 ns	     10554	80002804	003a3653	fadd.s	f12,f20,f3	 f20:0xcefff7df  f3:0x80000000 f12=0xcefff7df
     105585.000 ns	     10557	80002808	28670153	fmin.s	f2,f14,f6	 f14:0x80000000  f6:0x00000000  f2=0x80000000
     105605.000 ns	     10559	8000280c	01f07cb3	and	x25,x0,x31	  x0:0x00000000 x31:0x00000000 x25=0x00000000
     105615.000 ns	     10560	80002810	002f6c33	or	x24,x30,x2	 x30:0xfffffba9  x2:0xed14be56 x24=0xffffffff
     105625.000 ns	     10561	80002814	a812e913	ori	x18,x5,-1407	  x5:0xfffffd19 x18=0xffffff99
     105635.000 ns	     10562	80002818	0086a1b3	slt	x3,x13,x8	 x13:0x80041024  x8:0x80041024  x3=0x00000000
     105655.000 ns	     10564	8000281c	a18f85d3	fle.s	x11,f31,f24	 f31:0x7fc00000 f24:0x7fc00000 x11=0x00000000
     105675.000 ns	     10566	80002820	018344b3	xor	x9,x6,x24	  x6:0x00000001 x24:0xffffffff  x9=0xfffffffe
     105685.000 ns	     10567	80002824	1ef6e097	auipc	x1,0x1ef6e	  x1=0x9ef70824
     105695.000 ns	     10568	80002828	829a8db7	lui	x27,0x829a8	 x27=0x829a8000
     105705.000 ns	     10569	8000282c	00b65893	srli	x17,x12,0xb	 x12:0x80040fe4 x17=0x00100081
     105725.000 ns	     10571	80002830	e0030253	fmv.x.w	x4,f6	  f6:0x00000000  x4=0x00000000
     105745.000 ns	     10573	80002834	0099f433	and	x8,x19,x9	 x19:0xffffff63  x9:0xfffffffe  x8=0xffffff62
     105755.000 ns	     10574	80002838	41ce0db3	sub	x27,x28,x28	 x28:0x00000000 x28:0x00000000 x27=0x00000000
     105775.000 ns	     10576	8000283c	f00c8bd3	fmv.w.x	f23,x25	 x25:0x00000000 f23=0x00000000
     105825.000 ns	     10581	80002840	08ad8fd3	fsub.s	f31,f27,f10	 f27:0x7fc00000 f10:0x7fc00000 f31=0x7fc00000
     105845.000 ns	     10583	80002844	dbed3793	sltiu	x15,x26,-578	 x26:0x00000000 x15=0x00000001
     105855.000 ns	     10584	80002848	008f4c33	xor	x24,x30,x8	 x30:0xfffffba9  x8:0xffffff62 x24=0x000004cb
     105875.000 ns	     10586	8000284c	e00115d3	fclass.s	x11,f2	  f2:0x80000000 x11=0x00000008
     105905.000 ns	     10589	80002850	e00a1dd3	fclass.s	x27,f20	 f20:0xcefff7df x27=0x00000002
     105925.000 ns	     10591	80002854	401f8bb3	sub	x23,x31,x1	 x31:0x00000000  x1:0x9ef70824 x23=0x6108f7dc
     105935.000 ns	     10592	80002858	a5953913	sltiu	x18,x10,-1447	 x10:0xfffffb82 x18=0x00000000
     105955.000 ns	     10594	8000285c	a1358753	fle.s	x14,f11,f19	 f11:0xbf7ff7e0 f19:0x7fc00000 x14=0x00000000
     106005.000 ns	     10599	80002860	09c774d3	fsub.s	f9,f14,f28	 f14:0x80000000 f28:0x4f000410  f9=0xcf000410
     106025.000 ns	     10601	80002864	01947933	and	x18,x8,x25	  x8:0xffffff62 x25:0x00000000 x18=0x00000000
     106045.000 ns	     10603	80002868	e00088d3	fmv.x.w	x17,f1	  f1:0x00000000 x17=0x00000000
     106065.000 ns	     10605	8000286c	b0f43913	sltiu	x18,x8,-1265	  x8:0xffffff62 x18=0x00000000
     106085.000 ns	     10607	80002870	0382b033	mulhu	x0,x5,x24	  x5:0xfffffd19 x24:0x000004cb
     106115.000 ns	     10610	80002874	d0103753	fcvt.s.wu	f14,x0	  x0:0x00000000 f14=0x00000000
     106135.000 ns	     10612	80002878	f4fb8a13	addi	x20,x23,-177	 x23:0x6108f7dc x20=0x6108f72b
     106155.000 ns	     10614	8000287c	296e8fd3	fmin.s	f31,f29,f22	 f29:0x00000000 f22:0x7fc00000 f31=0x00000000
     106175.000 ns	     10616	80002880	004b36b3	sltu	x13,x22,x4	 x22:0x7fc00000  x4:0x00000000 x13=0x00000000
     106185.000 ns	     10617	80002884	00951693	slli	x13,x10,0x9	 x10:0xfffffb82 x13=0xfff70400
     106215.000 ns	     10620	80002888	18101253	fdiv.s	f4,f0,f1	  f0:0xff800000  f1:0x00000000  f4=0xff800000
     106245.000 ns	     10623	8000288c	f0098353	fmv.w.x	f6,x19	 x19:0xffffff63  f6=0xffffff63
     106275.000 ns	     10626	80002890	a1458d53	fle.s	x26,f11,f20	 f11:0xbf7ff7e0 f20:0xcefff7df x26=0x00000000
     106295.000 ns	     10628	80002894	40ef0a33	sub	x20,x30,x14	 x30:0xfffffba9 x14:0x00000000 x20=0xfffffba9
     106305.000 ns	     10629	80002898	8fd7bf93	sltiu	x31,x15,-1795	 x15:0x00000001 x31=0x00000001
     106635.000 ns	     10662	8000289c	18bf2e53	fdiv.s	f28,f30,f11	 f30:0x4f7ffffd f11:0xbf7ff7e0 f28=0xcf844fa4
     107005.000 ns	     10699	800028a0	02726cb3	rem	x25,x4,x7	  x4:0x00000000  x7:0xfffff8bd x25=0x00000000
     107025.000 ns	     10701	800028a4	a9f606b7	lui	x13,0xa9f60	 x13=0xa9f60000
     107045.000 ns	     10703	800028a8	e0038253	fmv.x.w	x4,f7	  f7:0x00000000  x4=0x00000000
     107065.000 ns	     10705	800028ac	9d149d37	lui	x26,0x9d149	 x26=0x9d149000
     107085.000 ns	     10707	800028b0	e0029dd3	fclass.s	x27,f5	  f5:0x7fc00000 x27=0x00000200
     107115.000 ns	     10710	800028b4	a1b02b53	feq.s	x22,f0,f27	  f0:0xff800000 f27:0x7fc00000 x22=0x00000000
     107485.000 ns	     10747	800028b8	0298e9b3	rem	x19,x17,x9	 x17:0x00000000  x9:0xfffffffe x19=0x00000000
     107515.000 ns	     10750	800028bc	e00f12d3	fclass.s	x5,f30	 f30:0x4f7ffffd  x5=0x00000040
     107545.000 ns	     10753	800028c0	d00a40d3	fcvt.s.w	f1,x20	 x20:0xfffffba9  f1=0xc48ae000
     107565.000 ns	     10755	800028c4	016794b3	sll	x9,x15,x22	 x15:0x00000001 x22:0x00000000  x9=0x00000001
     107575.000 ns	     10756	800028c8	00000013	addi	x0,x0,0	  x0:0x00000000
     107595.000 ns	     10758	800028cc	d01fffd3	fcvt.s.wu	f31,x31	 x31:0x00000001 f31=0x3f800000
     107965.000 ns	     10795	800028d0	02a0e9b3	rem	x19,x1,x10	  x1:0x9ef70824 x10:0xfffffb82 x19=0xfffffc84
     107985.000 ns	     10797	800028d4	c9b92993	slti	x19,x18,-869	 x18:0x00000000 x19=0x00000000
     108005.000 ns	     10799	800028d8	d01f2953	fcvt.s.wu	f18,x30	 x30:0xfffffba9 f18=0x4f7ffffc
     108025.000 ns	     10801	800028dc	da31b193	sltiu	x3,x3,-605	  x3:0x00000000  x3=0x00000001
     108045.000 ns	     10803	800028e0	030d2c33	mulhsu	x24,x26,x16	 x26:0x9d149000 x16:0xffffffd9 x24=0x9d14900f
     108065.000 ns	     10805	800028e4	014a4f33	xor	x30,x20,x20	 x20:0xfffffba9 x20:0xfffffba9 x30=0x00000000
     108085.000 ns	     10807	800028e8	a0a597d3	flt.s	x15,f11,f10	 f11:0xbf7ff7e0 f10:0x7fc00000 x15=0x00000000
     108105.000 ns	     10809	800028ec	40e204b3	sub	x9,x4,x14	  x4:0x00000000 x14:0x00000000  x9=0x00000000
     108125.000 ns	     10811	800028f0	a00b19d3	flt.s	x19,f22,f0	 f22:0x7fc00000  f0:0xff800000 x19=0x00000000
     108145.000 ns	     10813	800028f4	0092e4b3	or	x9,x5,x9	  x5:0x00000040  x9:0x00000001  x9=0x00000040
     108505.000 ns	     10849	800028f8	02c47233	remu	x4,x8,x12	  x8:0xffffff62 x12:0x80040fe4  x4=0x7ffbef7e
     108525.000 ns	     10851	800028fc	93df4c13	xori	x24,x30,-1731	 x30:0x00000000 x24=0xfffff93d
     108555.000 ns	     10854	80002900	1823a2d3	fdiv.s	f5,f7,f2	  f7:0x00000000  f2:0x80000000  f5=0x7fc00000
     108575.000 ns	     10856	80002904	00680433	add	x8,x16,x6	 x16:0xffffffd9  x6:0x00000001  x8=0xffffffda
     108935.000 ns	     10892	80002908	03d2fcb3	remu	x25,x5,x29	  x5:0x00000040 x29:0x80041024 x25=0x00000040
     108955.000 ns	     10894	8000290c	004c2bb3	slt	x23,x24,x4	 x24:0xfffff93d  x4:0x7ffbef7e x23=0x00000001
     108965.000 ns	     10895	80002910	01a4b2b3	sltu	x5,x9,x26	  x9:0x00000040 x26:0x9d149000  x5=0x00000001
     108985.000 ns	     10897	80002914	21df8553	fsgnj.s	f10,f31,f29	 f31:0x3f800000 f29:0x00000000 f10=0x3f800000
     109005.000 ns	     10899	80002918	4198db33	sra	x22,x17,x25	 x17:0x00000000 x25:0x00000040 x22=0x00000000
     109045.000 ns	     10903	8000291c	087181d3	fsub.s	f3,f3,f7	  f3:0x80000000  f7:0x00000000  f3=0x80000000
     109075.000 ns	     10906	80002920	022e8833	mul	x16,x29,x2	 x29:0x80041024  x2:0xed14be56 x16=0x9c282418
     109095.000 ns	     10908	80002924	011581b3	add	x3,x11,x17	 x11:0x00000008 x17:0x00000000  x3=0x00000008
     109105.000 ns	     10909	80002928	00148f33	add	x30,x9,x1	  x9:0x00000040  x1:0x9ef70824 x30=0x9ef70864
     109135.000 ns	     10912	8000292c	1187c253	fmul.s	f4,f15,f24	 f15:0x44afa000 f24:0x7fc00000  f4=0x7fc00000
     109165.000 ns	     10915	80002930	20ce1dd3	fsgnjn.s	f27,f28,f12	 f28:0xcf844fa4 f12:0xcefff7df f27=0x4f844fa4
     109185.000 ns	     10917	80002934	00b0aa33	slt	x20,x1,x11	  x1:0x9ef70824 x11:0x00000008 x20=0x00000001
     109205.000 ns	     10919	80002938	d0009fd3	fcvt.s.w	f31,x1	  x1:0x9ef70824 f31=0xcec211ef
     109245.000 ns	     10923	8000293c	18557553	fdiv.s	f10,f10,f5	 f10:0x3f800000  f5:0x7fc00000 f10=0x7fc00000
     109275.000 ns	     10926	80002940	200305d3	fsgnj.s	f11,f6,f0	  f6:0xffffff63  f0:0xff800000 f11=0xffffff63
     109295.000 ns	     10928	80002944	41b35233	sra	x4,x6,x27	  x6:0x00000001 x27:0x00000200  x4=0x00000001
     109315.000 ns	     10930	80002948	f0028e53	fmv.w.x	f28,x5	  x5:0x00000001 f28=0x00000001
     109345.000 ns	     10933	8000294c	e0039953	fclass.s	x18,f7	  f7:0x00000000 x18=0x00000010
     109375.000 ns	     10936	80002950	c014f2d3	fcvt.wu.s	x5,f9	  f9:0xcf000410  x5=0x80041000
     109405.000 ns	     10939	80002954	a0549553	flt.s	x10,f9,f5	  f9:0xcf000410  f5:0x7fc00000 x10=0x00000000
     109435.000 ns	     10942	80002958	d01c7ed3	fcvt.s.wu	f29,x24	 x24:0xfffff93d f29=0x4f7ffff9
     109455.000 ns	     10944	8000295c	0088be33	sltu	x28,x17,x8	 x17:0x00000000  x8:0xffffffda x28=0x00000001
     109475.000 ns	     10946	80002960	d00bf3d3	fcvt.s.w	f7,x23	 x23:0x00000001  f7=0x3f800000
     109495.000 ns	     10948	80002964	01681e13	slli	x28,x16,0x16	 x16:0x9c282418 x28=0x06000000
     109515.000 ns	     10950	80002968	024e8c33	mul	x24,x29,x4	 x29:0x80041024  x4:0x00000001 x24=0x80041024
     109535.000 ns	     10952	8000296c	01e59513	slli	x10,x11,0x1e	 x11:0x00000008 x10=0x00000000
     109545.000 ns	     10953	80002970	b04c4b93	xori	x23,x24,-1276	 x24:0x80041024 x23=0x7ffbeb20
     109555.000 ns	     10954	80002974	01c4d693	srli	x13,x9,0x1c	  x9:0x00000040 x13=0x00000000
     109575.000 ns	     10956	80002978	029226b3	mulhsu	x13,x4,x9	  x4:0x00000001  x9:0x00000040 x13=0x00000000
     109605.000 ns	     10959	8000297c	a0ebab53	feq.s	x22,f23,f14	 f23:0x00000000 f14:0x00000000 x22=0x00000001
     109635.000 ns	     10962	80002980	d00cf1d3	fcvt.s.w	f3,x25	 x25:0x00000040  f3=0x42800000
     109665.000 ns	     10965	80002984	a1c48053	fle.s	x0,f9,f28	  f9:0xcf000410 f28:0x00000001
     109695.000 ns	     10968	80002988	a02e89d3	fle.s	x19,f29,f2	 f29:0x4f7ffff9  f2:0x80000000 x19=0x00000000
     109715.000 ns	     10970	8000298c	0004c033	xor	x0,x9,x0	  x9:0x00000040  x0:0x00000000
     109725.000 ns	     10971	80002990	40148cb3	sub	x25,x9,x1	  x9:0x00000040  x1:0x9ef70824 x25=0x6108f81c
     109735.000 ns	     10972	80002994	61083c13	sltiu	x24,x16,1552	 x16:0x9c282418 x24=0x00000000
     109755.000 ns	     10974	80002998	c00ca5d3	fcvt.w.s	x11,f25	 f25:0xbf7ff7e0 x11=0xffffffff
     109775.000 ns	     10976	8000299c	bbf4b313	sltiu	x6,x9,-1089	  x9:0x00000040  x6=0x00000001
     109785.000 ns	     10977	800029a0	80edaf93	slti	x31,x27,-2034	 x27:0x00000200 x31=0x00000000
     109805.000 ns	     10979	800029a4	c016fdd3	fcvt.wu.s	x27,f13	 f13:0x44afa000 x27=0x0000057d
     109835.000 ns	     10982	800029a8	207a09d3	fsgnj.s	f19,f20,f7	 f20:0xcefff7df  f7:0x3f800000 f19=0x4efff7df
     109865.000 ns	     10985	800029ac	02c13233	mulhu	x4,x2,x12	  x2:0xed14be56 x12:0x80040fe4  x4=0x768e2235
     109895.000 ns	     10988	800029b0	21df8253	fsgnj.s	f4,f31,f29	 f31:0xcec211ef f29:0x4f7ffff9  f4=0x4ec211ef
     110265.000 ns	     11025	800029b4	0298fab3	remu	x21,x17,x9	 x17:0x00000000  x9:0x00000040 x21=0x00000000
     110635.000 ns	     11062	800029b8	028c4d33	div	x26,x24,x8	 x24:0x00000000  x8:0xffffffda x26=0x00000000
     110665.000 ns	     11065	800029bc	289d8bd3	fmin.s	f23,f27,f9	 f27:0x4f844fa4  f9:0xcf000410 f23=0xcf000410
     110715.000 ns	     11070	800029c0	093573d3	fsub.s	f7,f10,f19	 f10:0x7fc00000 f19:0x4efff7df  f7=0x7fc00000
     110745.000 ns	     11073	800029c4	a1399dd3	flt.s	x27,f19,f19	 f19:0x4efff7df f19:0x4efff7df x27=0x00000000
     111115.000 ns	     11110	800029c8	03cbd1b3	divu	x3,x23,x28	 x23:0x7ffbeb20 x28:0x06000000  x3=0x00000015
     111145.000 ns	     11113	800029cc	284012d3	fmax.s	f5,f0,f4	  f0:0xff800000  f4:0x4ec211ef  f5=0x4ec211ef
     111165.000 ns	     11115	800029d0	73dcd537	lui	x10,0x73dcd	 x10=0x73dcd000
     111185.000 ns	     11117	800029d4	02f66fb3	rem	x31,x12,x15	 x12:0x80040fe4 x15:0x00000000 x31=0x80040fe4
     112365.000 ns	     11235	800029d8	5801a153	fsqrt.s	f2,f3	  f3:0x42800000  f2=0x40ffffae
     112385.000 ns	     11237	800029dc	00aa5233	srl	x4,x20,x10	 x20:0x00000001 x10:0x73dcd000  x4=0x00000001
     112405.000 ns	     11239	800029e0	032ebbb3	mulhu	x23,x29,x18	 x29:0x80041024 x18:0x00000010 x23=0x00000008
     112435.000 ns	     11242	800029e4	e00f0853	fmv.x.w	x16,f30	 f30:0x4f7ffffd x16=0x4f7ffffd
     112805.000 ns	     11279	800029e8	03cb77b3	remu	x15,x22,x28	 x22:0x00000001 x28:0x06000000 x15=0x00000001
     112835.000 ns	     11282	800029ec	02359fb3	mulh	x31,x11,x3	 x11:0xffffffff  x3:0x00000015 x31=0xffffffff
     112865.000 ns	     11285	800029f0	c018f353	fcvt.wu.s	x6,f17	 f17:0x4f7ff7e0  x6=0xfff7e000
     112905.000 ns	     11289	800029f4	58081453	fsqrt.s	f8,f16	 f16:0x7fc00000  f8=0x7fc00000
     112925.000 ns	     11291	800029f8	26dcf993	andi	x19,x25,621	 x25:0x6108f81c x19=0x0000000c
     113285.000 ns	     11327	800029fc	02755c33	divu	x24,x10,x7	 x10:0x73dcd000  x7:0xfffff8bd x24=0x00000000
     113315.000 ns	     11330	80002a00	e00309d3	fmv.x.w	x19,f6	  f6:0xffffff63 x19=0xffffff63
     113335.000 ns	     11332	80002a04	ea33e793	ori	x15,x7,-349	  x7:0xfffff8bd x15=0xfffffebf
     113355.000 ns	     11334	80002a08	03771ab3	mulh	x21,x14,x23	 x14:0x00000000 x23:0x00000008 x21=0x00000000
     113385.000 ns	     11337	80002a0c	a05618d3	flt.s	x17,f12,f5	 f12:0xcefff7df  f5:0x4ec211ef x17=0x00000001
     113415.000 ns	     11340	80002a10	2035aad3	fsgnjx.s	f21,f11,f3	 f11:0xffffff63  f3:0x42800000 f21=0xffffff63
     113445.000 ns	     11343	80002a14	a07cae53	feq.s	x28,f25,f7	 f25:0xbf7ff7e0  f7:0x7fc00000 x28=0x00000000
     113495.000 ns	     11348	80002a18	009272d3	fadd.s	f5,f4,f9	  f4:0x4ec211ef  f9:0xcf000410  f5=0xcdf7d8c0
     113545.000 ns	     11353	80002a1c	084df353	fsub.s	f6,f27,f4	 f27:0x4f844fa4  f4:0x4ec211ef  f6=0x4f279650
     113575.000 ns	     11356	80002a20	285e8853	fmin.s	f16,f29,f5	 f29:0x4f7ffff9  f5:0xcdf7d8c0 f16=0xcdf7d8c0
     113605.000 ns	     11359	80002a24	a1cb00d3	fle.s	x1,f22,f28	 f22:0x7fc00000 f28:0x00000001  x1=0x00000000
     113625.000 ns	     11361	80002a28	01dc9ab3	sll	x21,x25,x29	 x25:0x6108f81c x29:0x80041024 x21=0x108f81c0
     113655.000 ns	     11364	80002a2c	18740e53	fdiv.s	f28,f8,f7	  f8:0x7fc00000  f7:0x7fc00000 f28=0x7fc00000
     113675.000 ns	     11366	80002a30	d7498593	addi	x11,x19,-652	 x19:0xffffff63 x11=0xfffffcd7
     113685.000 ns	     11367	80002a34	017bd213	srli	x4,x23,0x17	 x23:0x00000008  x4=0x00000000
     113725.000 ns	     11371	80002a38	011a4053	fadd.s	f0,f20,f17	 f20:0xcefff7df f17:0x4f7ff7e0  f0=0x4efff7e1
     113745.000 ns	     11373	80002a3c	01557433	and	x8,x10,x21	 x10:0x73dcd000 x21:0x108f81c0  x8=0x108c8000
     113765.000 ns	     11375	80002a40	a0bba2d3	feq.s	x5,f23,f11	 f23:0xcf000410 f11:0xffffff63  x5=0x00000000
     113795.000 ns	     11378	80002a44	023d33b3	mulhu	x7,x26,x3	 x26:0x00000000  x3:0x00000015  x7=0x00000000
     113825.000 ns	     11381	80002a48	c009b7d3	fcvt.w.s	x15,f19	 f19:0x4efff7df x15=0x7ffbef80
     114195.000 ns	     11418	80002a4c	03fd4c33	div	x24,x26,x31	 x26:0x00000000 x31:0xffffffff x24=0x00000000
     114215.000 ns	     11420	80002a50	e750fc93	andi	x25,x1,-395	  x1:0x00000000 x25=0x00000000
     114225.000 ns	     11421	80002a54	fa446293	ori	x5,x8,-92	  x8:0x108c8000  x5=0xffffffa4
     114235.000 ns	     11422	80002a58	00aab833	sltu	x16,x21,x10	 x21:0x108f81c0 x10:0x73dcd000 x16=0x00000001
     114245.000 ns	     11423	80002a5c	b4368a93	addi	x21,x13,-1213	 x13:0x00000000 x21=0xfffffb43
     114605.000 ns	     11459	80002a60	02214233	div	x4,x2,x2	  x2:0xed14be56  x2:0xed14be56  x4=0x00000001
     114625.000 ns	     11461	80002a64	015d8ab3	add	x21,x27,x21	 x27:0x00000000 x21:0x108f81c0 x21=0xfffffb43
     114635.000 ns	     11462	80002a68	01ae2e33	slt	x28,x28,x26	 x28:0x00000000 x26:0x00000000 x28=0x00000000
     114655.000 ns	     11464	80002a6c	20c0ae53	fsgnjx.s	f28,f1,f12	  f1:0xc48ae000 f12:0xcefff7df f28=0x448ae000
     114685.000 ns	     11467	80002a70	03273933	mulhu	x18,x14,x18	 x14:0x00000000 x18:0x00000010 x18=0x00000000
     114705.000 ns	     11469	80002a74	b47a0817	auipc	x16,0xb47a0	 x16=0x347a2a74
     114725.000 ns	     11471	80002a78	a1c30dd3	fle.s	x27,f6,f28	  f6:0x4f279650 f28:0x448ae000 x27=0x00000000
     114745.000 ns	     11473	80002a7c	198d0993	addi	x19,x26,408	 x26:0x00000000 x19=0x00000198
     114765.000 ns	     11475	80002a80	e00e8353	fmv.x.w	x6,f29	 f29:0x4f7ffff9  x6=0x4f7ffff9
     114795.000 ns	     11478	80002a84	f0068e53	fmv.w.x	f28,x13	 x13:0x00000000 f28=0x00000000
     114825.000 ns	     11481	80002a88	02950bb3	mul	x23,x10,x9	 x10:0x73dcd000  x9:0x00000040 x23=0xf7340000
     114845.000 ns	     11483	80002a8c	00ece533	or	x10,x25,x14	 x25:0x00000000 x14:0x00000000 x10=0x00000000
     115205.000 ns	     11519	80002a90	030ad3b3	divu	x7,x21,x16	 x21:0xfffffb43 x16:0x347a2a74  x7=0x00000004
     115235.000 ns	     11522	80002a94	c000f553	fcvt.w.s	x10,f1	  f1:0xc48ae000 x10=0x00000457
     115255.000 ns	     11524	80002a98	0117a7b3	slt	x15,x15,x17	 x15:0x7ffbef80 x17:0x00000001 x15=0x00000000
     115265.000 ns	     11525	80002a9c	00afa6b3	slt	x13,x31,x10	 x31:0xffffffff x10:0x00000457 x13=0x00000001
     115275.000 ns	     11526	80002aa0	b39bce13	xori	x28,x23,-1223	 x23:0xf7340000 x28=0x08cbfb39
     115295.000 ns	     11528	80002aa4	a0eda9d3	feq.s	x19,f27,f14	 f27:0x4f844fa4 f14:0x00000000 x19=0x00000000
     115315.000 ns	     11530	80002aa8	5eb8b413	sltiu	x8,x17,1515	 x17:0x00000001  x8=0x00000001
     115335.000 ns	     11532	80002aac	d01e7e53	fcvt.s.wu	f28,x28	 x28:0x08cbfb39 f28=0x4d0cbfb3
     115355.000 ns	     11534	80002ab0	20deca93	xori	x21,x29,525	 x29:0x80041024 x21=0x80041229
     115365.000 ns	     11535	80002ab4	2d63bb17	auipc	x22,0x2d63b	 x22=0xad63dab4
     115375.000 ns	     11536	80002ab8	00679013	slli	x0,x15,0x6	 x15:0x00000000
     115385.000 ns	     11537	80002abc	01bb5233	srl	x4,x22,x27	 x22:0x00000001 x27:0x00000000  x4=0xad63dab4
     115405.000 ns	     11539	80002ac0	21fb8253	fsgnj.s	f4,f23,f31	 f23:0xcf000410 f31:0xcec211ef  f4=0xcf000410
     115425.000 ns	     11541	80002ac4	00000013	addi	x0,x0,0	  x0:0x00000000
     115435.000 ns	     11542	80002ac8	006a3ab3	sltu	x21,x20,x6	 x20:0x00000001  x6:0x4f7ffff9 x21=0x00000001
     115475.000 ns	     11546	80002acc	09281d53	fsub.s	f26,f16,f18	 f16:0xcdf7d8c0 f18:0x4f7ffffc f26=0xcf8f7d8a
     115525.000 ns	     11551	80002ad0	01960753	fadd.s	f14,f12,f25	 f12:0xcefff7df f25:0xbf7ff7e0 f14=0xcefff7df
     115545.000 ns	     11553	80002ad4	01589f33	sll	x30,x17,x21	 x17:0x00000001 x21:0x00000001 x30=0x00000002
     116715.000 ns	     11670	80002ad8	580e31d3	fsqrt.s	f3,f28	 f28:0x4d0cbfb3  f3=0x45c70be8
     117085.000 ns	     11707	80002adc	03d7f933	remu	x18,x15,x29	 x15:0x00000000 x29:0x80041024 x18=0x00000000
     117105.000 ns	     11709	80002ae0	403552b3	sra	x5,x10,x3	 x10:0x00000457  x3:0x00000015  x5=0x00000000
     117145.000 ns	     11713	80002ae4	096723d3	fsub.s	f7,f14,f22	 f14:0xcefff7df f22:0x7fc00000  f7=0x7fc00000
     117165.000 ns	     11715	80002ae8	0093ba33	sltu	x20,x7,x9	  x7:0x00000004  x9:0x00000040 x20=0x00000001
     117185.000 ns	     11717	80002aec	020b8c33	mul	x24,x23,x0	 x23:0xf7340000  x0:0x00000000 x24=0x00000000
     117215.000 ns	     11720	80002af0	02882cb3	mulhsu	x25,x16,x8	 x16:0x347a2a74  x8:0x00000001 x25=0x00000000
     117245.000 ns	     11723	80002af4	a0a62553	feq.s	x10,f12,f10	 f12:0xcefff7df f10:0x7fc00000 x10=0x00000000
     117275.000 ns	     11726	80002af8	d00b10d3	fcvt.s.w	f1,x22	 x22:0xad63dab4  f1=0xcea5384a
     117305.000 ns	     11729	80002afc	031816b3	mulh	x13,x16,x17	 x16:0x347a2a74 x17:0x00000001 x13=0x00000000
     117675.000 ns	     11766	80002b00	03e8cab3	div	x21,x17,x30	 x17:0x00000001 x30:0x00000002 x21=0x00000000
     117695.000 ns	     11768	80002b04	00d7acb3	slt	x25,x15,x13	 x15:0x00000000 x13:0x00000000 x25=0x00000000
     117705.000 ns	     11769	80002b08	01cee693	ori	x13,x29,28	 x29:0x80041024 x13=0x8004103c
     117715.000 ns	     11770	80002b0c	00000013	addi	x0,x0,0	  x0:0x00000000
     117725.000 ns	     11771	80002b10	4e5a5317	auipc	x6,0x4e5a5	  x6=0xce5a7b10
     117735.000 ns	     11772	80002b14	01789b93	slli	x23,x17,0x17	 x17:0x00000001 x23=0x00800000
     117765.000 ns	     11775	80002b18	182b1a53	fdiv.s	f20,f22,f2	 f22:0x7fc00000  f2:0x40ffffae f20=0x7fc00000
     117795.000 ns	     11778	80002b1c	e0069453	fclass.s	x8,f13	 f13:0x44afa000  x8=0x00000040
     117825.000 ns	     11781	80002b20	e0070353	fmv.x.w	x6,f14	 f14:0xcefff7df  x6=0xcefff7df
     117855.000 ns	     11784	80002b24	c0027253	fcvt.w.s	x4,f4	  f4:0xcf000410  x4=0x80000000
     118225.000 ns	     11821	80002b28	026668b3	rem	x17,x12,x6	 x12:0x80040fe4  x6:0xcefff7df x17=0xe2042026
     118255.000 ns	     11824	80002b2c	a093af53	feq.s	x30,f7,f9	  f7:0x7fc00000  f9:0xcf000410 x30=0x00000000
     118295.000 ns	     11828	80002b30	11d396d3	fmul.s	f13,f7,f29	  f7:0x7fc00000 f29:0x4f7ffff9 f13=0x7fc00000
     118315.000 ns	     11830	80002b34	de6c04b7	lui	x9,0xde6c0	  x9=0xde6c0000
     118325.000 ns	     11831	80002b38	4034d313	srai	x6,x9,0x3	  x9:0x00000040  x6=0xfbcd8000
     118345.000 ns	     11833	80002b3c	f00706d3	fmv.w.x	f13,x14	 x14:0x00000000 f13=0x00000000
     118395.000 ns	     11838	80002b40	09e71853	fsub.s	f16,f14,f30	 f14:0xcefff7df f30:0x4f7ffffd f16=0xcfbffdf6
     118425.000 ns	     11841	80002b44	20d084d3	fsgnj.s	f9,f1,f13	  f1:0xcea5384a f13:0x00000000  f9=0x4ea5384a
     118445.000 ns	     11843	80002b48	41b25b93	srai	x23,x4,0x1b	  x4:0x80000000 x23=0xfffffff0
     118455.000 ns	     11844	80002b4c	ac623293	sltiu	x5,x4,-1338	  x4:0x80000000  x5=0x00000001
     118465.000 ns	     11845	80002b50	011b5593	srli	x11,x22,0x11	 x22:0xad63dab4 x11=0x000056b1
     118485.000 ns	     11847	80002b54	c000c953	fcvt.w.s	x18,f1	  f1:0xcea5384a x18=0xad63db00
     118515.000 ns	     11850	80002b58	a15b2bd3	feq.s	x23,f22,f21	 f22:0x7fc00000 f21:0xffffff63 x23=0x00000000
     118535.000 ns	     11852	80002b5c	00296d33	or	x26,x18,x2	 x18:0xad63db00  x2:0xed14be56 x26=0xed77ff56
     118555.000 ns	     11854	80002b60	c00405d3	fcvt.w.s	x11,f8	  f8:0x7fc00000 x11=0x7fffffff
     118575.000 ns	     11856	80002b64	302aab13	slti	x22,x21,770	 x21:0x00000000 x22=0x00000001
     118585.000 ns	     11857	80002b68	5b620693	addi	x13,x4,1462	  x4:0x80000000 x13=0x800005b6
     118605.000 ns	     11859	80002b6c	d0031553	fcvt.s.w	f10,x6	  x6:0xfbcd8000 f10=0xcc865000
     118975.000 ns	     11896	80002b70	0233c233	div	x4,x7,x3	  x7:0x00000004  x3:0x00000015  x4=0x00000000
     119005.000 ns	     11899	80002b74	03c18db3	mul	x27,x3,x28	  x3:0x00000015 x28:0x08cbfb39 x27=0xb8bb9bad
     119025.000 ns	     11901	80002b78	00fe07b3	add	x15,x28,x15	 x28:0x08cbfb39 x15:0x00000000 x15=0x08cbfb39
     119035.000 ns	     11902	80002b7c	4046dd93	srai	x27,x13,0x4	 x13:0x800005b6 x27=0xf800005b
     119395.000 ns	     11938	80002b80	03ac67b3	rem	x15,x24,x26	 x24:0x00000000 x26:0xed77ff56 x15=0x00000000
     119415.000 ns	     11940	80002b84	009e8bb3	add	x23,x29,x9	 x29:0x80041024  x9:0xde6c0000 x23=0x5e701024
     119425.000 ns	     11941	80002b88	0058dbb3	srl	x23,x17,x5	 x17:0xe2042026  x5:0x00000001 x23=0x71021013
     119445.000 ns	     11943	80002b8c	20079753	fsgnjn.s	f14,f15,f0	 f15:0x44afa000  f0:0x4efff7e1 f14=0xc4afa000
     119475.000 ns	     11946	80002b90	a08012d3	flt.s	x5,f0,f8	  f0:0x4efff7e1  f8:0x7fc00000  x5=0x00000000
     119495.000 ns	     11948	80002b94	00878b33	add	x22,x15,x8	 x15:0x00000000  x8:0x00000040 x22=0x00000040
     119515.000 ns	     11950	80002b98	0388fa33	remu	x20,x17,x24	 x17:0xe2042026 x24:0x00000000 x20=0xe2042026
     119545.000 ns	     11953	80002b9c	e00290d3	fclass.s	x1,f5	  f5:0xcdf7d8c0  x1=0x00000002
     119575.000 ns	     11956	80002ba0	21fba4d3	fsgnjx.s	f9,f23,f31	 f23:0xcf000410 f31:0xcec211ef  f9=0x4f000410
     119595.000 ns	     11958	80002ba4	01f408b3	add	x17,x8,x31	  x8:0x00000040 x31:0xffffffff x17=0x0000003f
     119605.000 ns	     11959	80002ba8	eb34cd93	xori	x27,x9,-333	  x9:0xde6c0000 x27=0x2193feb3
     119615.000 ns	     11960	80002bac	01bf08b3	add	x17,x30,x27	 x30:0x00000000 x27:0xf800005b x17=0x2193feb3
     119635.000 ns	     11962	80002bb0	03703c33	mulhu	x24,x0,x23	  x0:0x00000000 x23:0x71021013 x24=0x00000000
     119665.000 ns	     11965	80002bb4	02e21f33	mulh	x30,x4,x14	  x4:0x00000000 x14:0x00000000 x30=0x00000000
     119695.000 ns	     11968	80002bb8	216a8053	fsgnj.s	f0,f21,f22	 f21:0xffffff63 f22:0x7fc00000  f0=0x7fffff63
     119725.000 ns	     11971	80002bbc	039a42b3	div	x5,x20,x25	 x20:0xe2042026 x25:0x00000000  x5=0xffffffff
     119765.000 ns	     11975	80002bc0	58067353	fsqrt.s	f6,f12	 f12:0xcefff7df  f6=0x7fc00000
     119785.000 ns	     11977	80002bc4	0019dcb3	srl	x25,x19,x1	 x19:0x00000000  x1:0x00000002 x25=0x00000000
     119795.000 ns	     11978	80002bc8	418cda33	sra	x20,x25,x24	 x25:0x00000000 x24:0x00000000 x20=0x00000000
     119815.000 ns	     11980	80002bcc	d0107553	fcvt.s.wu	f10,x0	  x0:0x00000000 f10=0x00000000
     119845.000 ns	     11983	80002bd0	a0880d53	fle.s	x26,f16,f8	 f16:0xcfbffdf6  f8:0x7fc00000 x26=0x00000000
     119865.000 ns	     11985	80002bd4	01f0c433	xor	x8,x1,x31	  x1:0x00000002 x31:0xffffffff  x8=0xfffffffd
     119885.000 ns	     11987	80002bd8	e00d16d3	fclass.s	x13,f26	 f26:0xcf8f7d8a x13=0x00000002
     119915.000 ns	     11990	80002bdc	e0020453	fmv.x.w	x8,f4	  f4:0xcf000410  x8=0xcf000410
     119945.000 ns	     11993	80002be0	02efad33	mulhsu	x26,x31,x14	 x31:0xffffffff x14:0x00000000 x26=0x00000000
     119965.000 ns	     11995	80002be4	99872413	slti	x8,x14,-1640	 x14:0x00000000  x8=0x00000000
     119985.000 ns	     11997	80002be8	c00575d3	fcvt.w.s	x11,f10	 f10:0x00000000 x11=0x00000000
     120325.000 ns	     12031	80002bec	185d7ad3	fdiv.s	f21,f26,f5	 f26:0xcf8f7d8a  f5:0xcdf7d8c0 f21=0x410f7d8a
     120345.000 ns	     12033	80002bf0	a6782a13	slti	x20,x16,-1433	 x16:0x347a2a74 x20=0x00000000
     120355.000 ns	     12034	80002bf4	806d8717	auipc	x14,0x806d8	 x14=0x006dabf4
     120365.000 ns	     12035	80002bf8	4a644c93	xori	x25,x8,1190	  x8:0x00000000 x25=0x000004a6
     120385.000 ns	     12037	80002bfc	e00b17d3	fclass.s	x15,f22	 f22:0x7fc00000 x15=0x00000200
     120415.000 ns	     12040	80002c00	d00ac4d3	fcvt.s.w	f9,x21	 x21:0x00000000  f9=0x00000000
     120445.000 ns	     12043	80002c04	217e0e53	fsgnj.s	f28,f28,f23	 f28:0x4d0cbfb3 f23:0xcf000410 f28=0xcd0cbfb3
     120475.000 ns	     12046	80002c08	a1bb9c53	flt.s	x24,f23,f27	 f23:0xcf000410 f27:0x4f844fa4 x24=0x00000001
     120505.000 ns	     12049	80002c0c	c001fc53	fcvt.w.s	x24,f3	  f3:0x45c70be8 x24=0x000018e1
     120535.000 ns	     12052	80002c10	03e795b3	mulh	x11,x15,x30	 x15:0x00000200 x30:0x00000000 x11=0x00000000
     120565.000 ns	     12055	80002c14	211fac53	fsgnjx.s	f24,f31,f17	 f31:0xcec211ef f17:0x4f7ff7e0 f24=0xcec211ef
     120595.000 ns	     12058	80002c18	033daab3	mulhsu	x21,x27,x19	 x27:0x2193feb3 x19:0x00000000 x21=0x00000000
     120615.000 ns	     12060	80002c1c	40fc02b3	sub	x5,x24,x15	 x24:0x000018e1 x15:0x00000200  x5=0x000016e1
     120975.000 ns	     12096	80002c20	023ad9b3	divu	x19,x21,x3	 x21:0x00000000  x3:0x00000015 x19=0x00000000
     120995.000 ns	     12098	80002c24	b4f4eb97	auipc	x23,0xb4f4e	 x23=0x34f50c24
     121005.000 ns	     12099	80002c28	2eb77d93	andi	x27,x14,747	 x14:0x006dabf4 x27=0x000002e0
     121025.000 ns	     12101	80002c2c	20220053	fsgnj.s	f0,f4,f2	  f4:0xcf000410  f2:0x40ffffae  f0=0x4f000410
     121055.000 ns	     12104	80002c30	d00e09d3	fcvt.s.w	f19,x28	 x28:0x08cbfb39 f19=0x4d0cbfb3
     121085.000 ns	     12107	80002c34	02b233b3	mulhu	x7,x4,x11	  x4:0x00000000 x11:0x00000000  x7=0x00000000
     121105.000 ns	     12109	80002c38	0086ffb3	and	x31,x13,x8	 x13:0x00000002  x8:0x00000000 x31=0x00000000
     121125.000 ns	     12111	80002c3c	d0128253	fcvt.s.wu	f4,x5	  x5:0x000016e1  f4=0x45b70800
     121155.000 ns	     12114	80002c40	e0009c53	fclass.s	x24,f1	  f1:0xcea5384a x24=0x00000002
     121185.000 ns	     12117	80002c44	d0100053	fcvt.s.wu	f0,x0	  x0:0x00000000  f0=0x00000000
     121215.000 ns	     12120	80002c48	a0b41e53	flt.s	x28,f8,f11	  f8:0x7fc00000 f11:0xffffff63 x28=0x00000000
     121235.000 ns	     12122	80002c4c	01690433	add	x8,x18,x22	 x18:0xad63db00 x22:0x00000040  x8=0xad63db40
     121265.000 ns	     12125	80002c50	1802f9d3	fdiv.s	f19,f5,f0	  f5:0xcdf7d8c0  f0:0x00000000 f19=0xff800000
     121285.000 ns	     12127	80002c54	01af5fb3	srl	x31,x30,x26	 x30:0x00000000 x26:0x00000000 x31=0x00000000
     121295.000 ns	     12128	80002c58	001de533	or	x10,x27,x1	 x27:0x000002e0  x1:0x00000002 x10=0x000002e2
     121315.000 ns	     12130	80002c5c	0352a1b3	mulhsu	x3,x5,x21	  x5:0x000016e1 x21:0x00000000  x3=0x00000000
     121335.000 ns	     12132	80002c60	4047da93	srai	x21,x15,0x4	 x15:0x00000200 x21=0x00000020
     121345.000 ns	     12133	80002c64	00ee5533	srl	x10,x28,x14	 x28:0x00000000 x14:0x006dabf4 x10=0x00000000
     121365.000 ns	     12135	80002c68	213120d3	fsgnjx.s	f1,f2,f19	  f2:0x40ffffae f19:0xff800000  f1=0xc0ffffae
     121395.000 ns	     12138	80002c6c	a16f9353	flt.s	x6,f31,f22	 f31:0xcec211ef f22:0x7fc00000  x6=0x00000000
     121415.000 ns	     12140	80002c70	00000013	addi	x0,x0,0	  x0:0x00000000
     121425.000 ns	     12141	80002c74	0064b533	sltu	x10,x9,x6	  x9:0xde6c0000  x6:0x00000000 x10=0x00000000
     121455.000 ns	     12144	80002c78	112d76d3	fmul.s	f13,f26,f18	 f26:0xcf8f7d8a f18:0x4f7ffffc f13=0xdf8f7d88
     121475.000 ns	     12146	80002c7c	c4ea2f13	slti	x30,x20,-946	 x20:0x00000000 x30=0x00000000
     121495.000 ns	     12148	80002c80	21689f53	fsgnjn.s	f30,f17,f22	 f17:0x4f7ff7e0 f22:0x7fc00000 f30=0xcf7ff7e0
     121525.000 ns	     12151	80002c84	a1f924d3	feq.s	x9,f18,f31	 f18:0x4f7ffffc f31:0xcec211ef  x9=0x00000000
     121545.000 ns	     12153	80002c88	00059033	sll	x0,x11,x0	 x11:0x00000000  x0:0x00000000
     121565.000 ns	     12155	80002c8c	03b9a9b3	mulhsu	x19,x19,x27	 x19:0x00000000 x27:0x000002e0 x19=0x00000000
     121585.000 ns	     12157	80002c90	002c1f13	slli	x30,x24,0x2	 x24:0x00000002 x30=0x00000008
     121595.000 ns	     12158	80002c94	e6d62213	slti	x4,x12,-403	 x12:0x80040fe4  x4=0x00000001
     121605.000 ns	     12159	80002c98	00561433	sll	x8,x12,x5	 x12:0x80040fe4  x5:0x000016e1  x8=0x00081fc8
     121615.000 ns	     12160	80002c9c	004d5593	srli	x11,x26,0x4	 x26:0x00000000 x11=0x00000000
     121635.000 ns	     12162	80002ca0	28a90bd3	fmin.s	f23,f18,f10	 f18:0x4f7ffffc f10:0x00000000 f23=0x00000000
     121665.000 ns	     12165	80002ca4	e0089853	fclass.s	x16,f17	 f17:0x4f7ff7e0 x16=0x00000040
     121715.000 ns	     12170	80002ca8	08ea40d3	fsub.s	f1,f20,f14	 f20:0x7fc00000 f14:0xc4afa000  f1=0x7fc00000
     121745.000 ns	     12173	80002cac	a0da0753	fle.s	x14,f20,f13	 f20:0x7fc00000 f13:0xdf8f7d88 x14=0x00000000
     122085.000 ns	     12207	80002cb0	19ee7f53	fdiv.s	f30,f28,f30	 f28:0xcd0cbfb3 f30:0xcf7ff7e0 f30=0x3d0cbfb4
     122455.000 ns	     12244	80002cb4	02c04bb3	div	x23,x0,x12	  x0:0x00000000 x12:0x80040fe4 x23=0x00000000
     122475.000 ns	     12246	80002cb8	00000013	addi	x0,x0,0	  x0:0x00000000
     122495.000 ns	     12248	80002cbc	e00f8ad3	fmv.x.w	x21,f31	 f31:0xcec211ef x21=0xcec211ef
     122525.000 ns	     12251	80002cc0	209aa2d3	fsgnjx.s	f5,f21,f9	 f21:0x410f7d8a  f9:0x00000000  f5=0x410f7d8a
     122545.000 ns	     12253	80002cc4	98c0b4b7	lui	x9,0x98c0b	  x9=0x98c0b000
     122565.000 ns	     12255	80002cc8	287a9f53	fmax.s	f30,f21,f7	 f21:0x410f7d8a  f7:0x7fc00000 f30=0x410f7d8a
     122595.000 ns	     12258	80002ccc	28c90dd3	fmin.s	f27,f18,f12	 f18:0x4f7ffffc f12:0xcefff7df f27=0xcefff7df
     122625.000 ns	     12261	80002cd0	a07a0253	fle.s	x4,f20,f7	 f20:0x7fc00000  f7:0x7fc00000  x4=0x00000000
     122655.000 ns	     12264	80002cd4	e00586d3	fmv.x.w	x13,f11	 f11:0xffffff63 x13=0xffffff63
     122685.000 ns	     12267	80002cd8	c00d4c53	fcvt.w.s	x24,f26	 f26:0xcf8f7d8a x24=0x80000000
     122715.000 ns	     12270	80002cdc	e00384d3	fmv.x.w	x9,f7	  f7:0x7fc00000  x9=0x7fc00000
     122735.000 ns	     12272	80002ce0	01155a93	srli	x21,x10,0x11	 x10:0x00000000 x21=0x00000000
     122745.000 ns	     12273	80002ce4	8ba38517	auipc	x10,0x8ba38	 x10=0x0ba3ace4
     122755.000 ns	     12274	80002ce8	4033d2b3	sra	x5,x7,x3	  x7:0x00000000  x3:0x00000000  x5=0x00000000
     122775.000 ns	     12276	80002cec	a1baab53	feq.s	x22,f21,f27	 f21:0x410f7d8a f27:0xcefff7df x22=0x00000000
     122795.000 ns	     12278	80002cf0	41bc5f33	sra	x30,x24,x27	 x24:0x80000000 x27:0x000002e0 x30=0x80000000
     123155.000 ns	     12314	80002cf4	02a0f0b3	remu	x1,x1,x10	  x1:0x00000002 x10:0x0ba3ace4  x1=0x00000002
     123185.000 ns	     12317	80002cf8	e00f8253	fmv.x.w	x4,f31	 f31:0xcec211ef  x4=0xcec211ef
     123215.000 ns	     12320	80002cfc	0375b4b3	mulhu	x9,x11,x23	 x11:0x00000000 x23:0x00000000  x9=0x00000000
     123235.000 ns	     12322	80002d00	6541f393	andi	x7,x3,1620	  x3:0x00000000  x7=0x00000000
     123255.000 ns	     12324	80002d04	c0027d53	fcvt.w.s	x26,f4	  f4:0x45b70800 x26=0x000016e1
     123275.000 ns	     12326	80002d08	01fd4cb3	xor	x25,x26,x31	 x26:0x00000000 x31:0x00000000 x25=0x000016e1
     123295.000 ns	     12328	80002d0c	20658153	fsgnj.s	f2,f11,f6	 f11:0xffffff63  f6:0x7fc00000  f2=0x7fffff63
     123315.000 ns	     12330	80002d10	402fd7b3	sra	x15,x31,x2	 x31:0x00000000  x2:0xed14be56 x15=0x00000000
     123325.000 ns	     12331	80002d14	00000013	addi	x0,x0,0	  x0:0x00000000
     123335.000 ns	     12332	80002d18	00000013	addi	x0,x0,0	  x0:0x00000000
     123695.000 ns	     12368	80002d1c	024354b3	divu	x9,x6,x4	  x6:0x00000000  x4:0xcec211ef  x9=0x00000000
     123715.000 ns	     12370	80002d20	8c153193	sltiu	x3,x10,-1855	 x10:0x0ba3ace4  x3=0x00000001
     123725.000 ns	     12371	80002d24	00e36f33	or	x30,x6,x14	  x6:0x00000000 x14:0x00000000 x30=0x00000000
     123735.000 ns	     12372	80002d28	5e5c8393	addi	x7,x25,1509	 x25:0x000016e1  x7=0x00001cc6
     123745.000 ns	     12373	80002d2c	404ad833	sra	x16,x21,x4	 x21:0x00000000  x4:0xcec211ef x16=0x00000000
     123775.000 ns	     12376	80002d30	580b9453	fsqrt.s	f8,f23	 f23:0x00000000  f8=0x00000000
     123795.000 ns	     12378	80002d34	0176fb33	and	x22,x13,x23	 x13:0xffffff63 x23:0x00000000 x22=0x00000000
     123805.000 ns	     12379	80002d38	012585b3	add	x11,x11,x18	 x11:0x00000000 x18:0xad63db00 x11=0xad63db00
     123815.000 ns	     12380	80002d3c	6489a793	slti	x15,x19,1608	 x19:0x00000000 x15=0x00000001
     123825.000 ns	     12381	80002d40	36f1fd13	andi	x26,x3,879	  x3:0x00000001 x26=0x00000001
     123845.000 ns	     12383	80002d44	c018c053	fcvt.wu.s	x0,f17	 f17:0x4f7ff7e0
     123875.000 ns	     12386	80002d48	02a9acb3	mulhsu	x25,x19,x10	 x19:0x00000000 x10:0x0ba3ace4 x25=0x00000000
     123905.000 ns	     12389	80002d4c	02c60bb3	mul	x23,x12,x12	 x12:0x80040fe4 x12:0x80040fe4 x23=0x801c8310
     123925.000 ns	     12391	80002d50	00f7e0b3	or	x1,x15,x15	 x15:0x00000001 x15:0x00000001  x1=0x00000001
     123935.000 ns	     12392	80002d54	00349513	slli	x10,x9,0x3	  x9:0x00000000 x10=0x00000000
     123955.000 ns	     12394	80002d58	c013fd53	fcvt.wu.s	x26,f7	  f7:0x7fc00000 x26=0xffffffff
     123985.000 ns	     12397	80002d5c	0359bfb3	mulhu	x31,x19,x21	 x19:0x00000000 x21:0x00000000 x31=0x00000000
     124025.000 ns	     12401	80002d60	1039f553	fmul.s	f10,f19,f3	 f19:0xff800000  f3:0x45c70be8 f10=0xff800000
     124055.000 ns	     12404	80002d64	280307d3	fmin.s	f15,f6,f0	  f6:0x7fc00000  f0:0x00000000 f15=0x00000000
     124085.000 ns	     12407	80002d68	a1930a53	fle.s	x20,f6,f25	  f6:0x7fc00000 f25:0xbf7ff7e0 x20=0x00000000
     124105.000 ns	     12409	80002d6c	00d04933	xor	x18,x0,x13	  x0:0x00000000 x13:0xffffff63 x18=0xffffff63
     124125.000 ns	     12411	80002d70	28aa0e53	fmin.s	f28,f20,f10	 f20:0x7fc00000 f10:0xff800000 f28=0xff800000
     124155.000 ns	     12414	80002d74	036b30b3	mulhu	x1,x22,x22	 x22:0x00000000 x22:0x00000000  x1=0x00000000
     124175.000 ns	     12416	80002d78	b3e9bf93	sltiu	x31,x19,-1218	 x19:0x00000000 x31=0x00000001
     124205.000 ns	     12419	80002d7c	194322d3	fdiv.s	f5,f6,f20	  f6:0x7fc00000 f20:0x7fc00000  f5=0x7fc00000
     124235.000 ns	     12422	80002d80	284a92d3	fmax.s	f5,f21,f4	 f21:0x410f7d8a  f4:0x45b70800  f5=0x45b70800
     124255.000 ns	     12424	80002d84	00dd1433	sll	x8,x26,x13	 x26:0xffffffff x13:0xffffff63  x8=0xfffffff8
     124275.000 ns	     12426	80002d88	032ab3b3	mulhu	x7,x21,x18	 x21:0x00000000 x18:0xffffff63  x7=0x00000000
     124305.000 ns	     12429	80002d8c	21469753	fsgnjn.s	f14,f13,f20	 f13:0xdf8f7d88 f20:0x7fc00000 f14=0xdf8f7d88
     124675.000 ns	     12466	80002d90	03b25033	divu	x0,x4,x27	  x4:0xcec211ef x27:0x000002e0
     124705.000 ns	     12469	80002d94	e0028253	fmv.x.w	x4,f5	  f5:0x45b70800  x4=0x45b70800
     124725.000 ns	     12471	80002d98	41ec0ab3	sub	x21,x24,x30	 x24:0x80000000 x30:0x00000000 x21=0x80000000
     124735.000 ns	     12472	80002d9c	ef5b7693	andi	x13,x22,-267	 x22:0x00000000 x13=0x00000000
     124755.000 ns	     12474	80002da0	c00c4453	fcvt.w.s	x8,f24	 f24:0xcec211ef  x8=0x9ef70880
     124775.000 ns	     12476	80002da4	01b298b3	sll	x17,x5,x27	  x5:0x00000000 x27:0x000002e0 x17=0x00000000
     124795.000 ns	     12478	80002da8	02143533	mulhu	x10,x8,x1	  x8:0x9ef70880  x1:0x00000000 x10=0x00000000
     124825.000 ns	     12481	80002dac	a1712053	feq.s	x0,f2,f23	  f2:0x7fffff63 f23:0x00000000
     124855.000 ns	     12484	80002db0	20588c53	fsgnj.s	f24,f17,f5	 f17:0x4f7ff7e0  f5:0x45b70800 f24=0x4f7ff7e0
     124885.000 ns	     12487	80002db4	d01df6d3	fcvt.s.wu	f13,x27	 x27:0x000002e0 f13=0x44380000
     124905.000 ns	     12489	80002db8	01c48933	add	x18,x9,x28	  x9:0x00000000 x28:0x00000000 x18=0x00000000
     124925.000 ns	     12491	80002dbc	e00c9a53	fclass.s	x20,f25	 f25:0xbf7ff7e0 x20=0x00000002
     124965.000 ns	     12495	80002dc0	180f97d3	fdiv.s	f15,f31,f0	 f31:0xcec211ef  f0:0x00000000 f15=0xff800000
     124995.000 ns	     12498	80002dc4	03ee9c33	mulh	x24,x29,x30	 x29:0x80041024 x30:0x00000000 x24=0x00000000
     125365.000 ns	     12535	80002dc8	02b876b3	remu	x13,x16,x11	 x16:0x00000000 x11:0xad63db00 x13=0x00000000
     125385.000 ns	     12537	80002dcc	4f72e013	ori	x0,x5,1271	  x5:0x00000000
     125395.000 ns	     12538	80002dd0	01a6c7b3	xor	x15,x13,x26	 x13:0x00000000 x26:0xffffffff x15=0xffffffff
     125415.000 ns	     12540	80002dd4	02df1733	mulh	x14,x30,x13	 x30:0x00000000 x13:0x00000000 x14=0x00000000
     125435.000 ns	     12542	80002dd8	01587433	and	x8,x16,x21	 x16:0x00000000 x21:0x80000000  x8=0x00000000
     125795.000 ns	     12578	80002ddc	022a7933	remu	x18,x20,x2	 x20:0x00000002  x2:0xed14be56 x18=0x00000002
     125815.000 ns	     12580	80002de0	01c7db33	srl	x22,x15,x28	 x15:0xffffffff x28:0x00000000 x22=0xffffffff
     125835.000 ns	     12582	80002de4	a0bdafd3	feq.s	x31,f27,f11	 f27:0xcefff7df f11:0xffffff63 x31=0x00000000
     125865.000 ns	     12585	80002de8	a1e80e53	fle.s	x28,f16,f30	 f16:0xcfbffdf6 f30:0x410f7d8a x28=0x00000001
     125895.000 ns	     12588	80002dec	a1ff29d3	feq.s	x19,f30,f31	 f30:0x410f7d8a f31:0xcec211ef x19=0x00000000
     125915.000 ns	     12590	80002df0	019521b3	slt	x3,x10,x25	 x10:0x00000000 x25:0x00000000  x3=0x00000000
     125935.000 ns	     12592	80002df4	2006abd3	fsgnjx.s	f23,f13,f0	 f13:0x44380000  f0:0x00000000 f23=0x44380000
     125965.000 ns	     12595	80002df8	d01bcb53	fcvt.s.wu	f22,x23	 x23:0x801c8310 f22=0x4f001c83
     125985.000 ns	     12597	80002dfc	b610db17	auipc	x22,0xb610d	 x22=0x3610fdfc
     126005.000 ns	     12599	80002e00	d016f853	fcvt.s.wu	f16,x13	 x13:0x00000000 f16=0x00000000
     126025.000 ns	     12601	80002e04	418083b3	sub	x7,x1,x24	  x1:0x00000000 x24:0x00000000  x7=0x00000000
     126045.000 ns	     12603	80002e08	a07399d3	flt.s	x19,f7,f7	  f7:0x7fc00000  f7:0x7fc00000 x19=0x00000000
     126075.000 ns	     12606	80002e0c	a1af01d3	fle.s	x3,f30,f26	 f30:0x410f7d8a f26:0xcf8f7d8a  x3=0x00000000
     126105.000 ns	     12609	80002e10	c0077053	fcvt.w.s	x0,f14	 f14:0xdf8f7d88
     126125.000 ns	     12611	80002e14	00000013	addi	x0,x0,0	  x0:0x00000000
     126165.000 ns	     12615	80002e18	01167b53	fadd.s	f22,f12,f17	 f12:0xcefff7df f17:0x4f7ff7e0 f22=0x4efff7e0
     126185.000 ns	     12617	80002e1c	01380c33	add	x24,x16,x19	 x16:0x00000000 x19:0x00000000 x24=0x00000000
     126205.000 ns	     12619	80002e20	a1221fd3	flt.s	x31,f4,f18	  f4:0x45b70800 f18:0x4f7ffffc x31=0x00000001
     126575.000 ns	     12656	80002e24	032966b3	rem	x13,x18,x18	 x18:0x00000002 x18:0x00000002 x13=0x00000000
     126605.000 ns	     12659	80002e28	03763d33	mulhu	x26,x12,x23	 x12:0x80040fe4 x23:0x801c8310 x26=0x401049ed
     126635.000 ns	     12662	80002e2c	29410553	fmin.s	f10,f2,f20	  f2:0x7fffff63 f20:0x7fc00000 f10=0x7fc00000
     126655.000 ns	     12664	80002e30	006eef33	or	x30,x29,x6	 x29:0x80041024  x6:0x00000000 x30=0x80041024
     126665.000 ns	     12665	80002e34	28c33513	sltiu	x10,x6,652	  x6:0x00000000 x10=0x00000001
     126685.000 ns	     12667	80002e38	023a7233	remu	x4,x20,x3	 x20:0x00000002  x3:0x00000000  x4=0x00000002
     126715.000 ns	     12670	80002e3c	216dafd3	fsgnjx.s	f31,f27,f22	 f27:0xcefff7df f22:0x4efff7e0 f31=0xcefff7df
     126735.000 ns	     12672	80002e40	263acf93	xori	x31,x21,611	 x21:0x80000000 x31=0x80000263
     126745.000 ns	     12673	80002e44	007e2a33	slt	x20,x28,x7	 x28:0x00000001  x7:0x00000000 x20=0x00000000
     126765.000 ns	     12675	80002e48	c01b76d3	fcvt.wu.s	x13,f22	 f22:0x4efff7e0 x13=0x7ffbf000
     126795.000 ns	     12678	80002e4c	a11301d3	fle.s	x3,f6,f17	  f6:0x7fc00000 f17:0x4f7ff7e0  x3=0x00000000
     126825.000 ns	     12681	80002e50	c00f23d3	fcvt.w.s	x7,f30	 f30:0x410f7d8a  x7=0x00000008
     126855.000 ns	     12684	80002e54	297e84d3	fmin.s	f9,f29,f23	 f29:0x4f7ffff9 f23:0x44380000  f9=0x44380000
     127195.000 ns	     12718	80002e58	18ecbe53	fdiv.s	f28,f25,f14	 f25:0xbf7ff7e0 f14:0xdf8f7d88 f28=0x1efff7e0
     127225.000 ns	     12721	80002e5c	21c588d3	fsgnj.s	f17,f11,f28	 f11:0xffffff63 f28:0xff800000 f17=0x7fffff63
     127245.000 ns	     12723	80002e60	9a03bd13	sltiu	x26,x7,-1632	  x7:0x00000008 x26=0x00000001
     127265.000 ns	     12725	80002e64	a0bc00d3	fle.s	x1,f24,f11	 f24:0x4f7ff7e0 f11:0xffffff63  x1=0x00000000
     127295.000 ns	     12728	80002e68	a0c4a9d3	feq.s	x19,f9,f12	  f9:0x44380000 f12:0xcefff7df x19=0x00000000
     127345.000 ns	     12733	80002e6c	01df30d3	fadd.s	f1,f30,f29	 f30:0x410f7d8a f29:0x4f7ffff9  f1=0x4f7ffffa
     127385.000 ns	     12737	80002e70	1032fd53	fmul.s	f26,f5,f3	  f5:0x45b70800  f3:0x45c70be8 f26=0x4c0e4fbb
     127415.000 ns	     12740	80002e74	f0070ad3	fmv.w.x	f21,x14	 x14:0x00000000 f21=0x00000000
     127435.000 ns	     12742	80002e78	014add33	srl	x26,x21,x20	 x21:0x80000000 x20:0x00000000 x26=0x80000000
     127455.000 ns	     12744	80002e7c	d0027253	fcvt.s.w	f4,x4	  x4:0x00000002  f4=0x40000000
     127475.000 ns	     12746	80002e80	015c9d33	sll	x26,x25,x21	 x25:0x00000000 x21:0x80000000 x26=0x00000000
     127515.000 ns	     12750	80002e84	0878fdd3	fsub.s	f27,f17,f7	 f17:0x7fffff63  f7:0x7fc00000 f27=0x7fc00000
     127535.000 ns	     12752	80002e88	117ba713	slti	x14,x23,279	 x23:0x801c8310 x14=0x00000001
     127545.000 ns	     12753	80002e8c	00e8f733	and	x14,x17,x14	 x17:0x00000000 x14:0x00000000 x14=0x00000000
     127555.000 ns	     12754	80002e90	00246d33	or	x26,x8,x2	  x8:0x00000000  x2:0xed14be56 x26=0xed14be56
     127585.000 ns	     12757	80002e94	58017d53	fsqrt.s	f26,f2	  f2:0x7fffff63 f26=0x7fc00000
     127615.000 ns	     12760	80002e98	a0560053	fle.s	x0,f12,f5	 f12:0xcefff7df  f5:0x45b70800
     127635.000 ns	     12762	80002e9c	3938fc93	andi	x25,x17,915	 x17:0x00000000 x25=0x00000000
     127645.000 ns	     12763	80002ea0	00000013	addi	x0,x0,0	  x0:0x00000000
     127685.000 ns	     12767	80002ea4	09471653	fsub.s	f12,f14,f20	 f14:0xdf8f7d88 f20:0x7fc00000 f12=0x7fc00000
     127715.000 ns	     12770	80002ea8	d0188453	fcvt.s.wu	f8,x17	 x17:0x00000000  f8=0x00000000
     127745.000 ns	     12773	80002eac	c0044d53	fcvt.w.s	x26,f8	  f8:0x00000000 x26=0x00000000
     127775.000 ns	     12776	80002eb0	03c91bb3	mulh	x23,x18,x28	 x18:0x00000002 x28:0x00000001 x23=0x00000000
     127795.000 ns	     12778	80002eb4	013d42b3	xor	x5,x26,x19	 x26:0x00000000 x19:0x00000000  x5=0x00000000
     128155.000 ns	     12814	80002eb8	03d4f333	remu	x6,x9,x29	  x9:0x00000000 x29:0x80041024  x6=0x00000000
     128525.000 ns	     12851	80002ebc	0356dc33	divu	x24,x13,x21	 x13:0x7ffbf000 x21:0x80000000 x24=0x00000000
     128545.000 ns	     12853	80002ec0	d65f7393	andi	x7,x30,-667	 x30:0x80041024  x7=0x80041024
     128565.000 ns	     12855	80002ec4	a1df9b53	flt.s	x22,f31,f29	 f31:0xcefff7df f29:0x4f7ffff9 x22=0x00000001
     128595.000 ns	     12858	80002ec8	020928b3	mulhsu	x17,x18,x0	 x18:0x00000002  x0:0x00000000 x17=0x00000000
     128625.000 ns	     12861	80002ecc	291388d3	fmin.s	f17,f7,f17	  f7:0x7fc00000 f17:0x7fffff63 f17=0x7fc00000
     128645.000 ns	     12863	80002ed0	01dc08b3	add	x17,x24,x29	 x24:0x00000000 x29:0x80041024 x17=0x80041024
     128665.000 ns	     12865	80002ed4	0224bd33	mulhu	x26,x9,x2	  x9:0x00000000  x2:0xed14be56 x26=0x00000000
     128695.000 ns	     12868	80002ed8	02570233	mul	x4,x14,x5	 x14:0x00000000  x5:0x00000000  x4=0x00000000
     128715.000 ns	     12870	80002edc	40508a33	sub	x20,x1,x5	  x1:0x00000000  x5:0x00000000 x20=0x00000000
     129075.000 ns	     12906	80002ee0	03f6d833	divu	x16,x13,x31	 x13:0x7ffbf000 x31:0x80000263 x16=0x00000000
     129095.000 ns	     12908	80002ee4	f10f0393	addi	x7,x30,-240	 x30:0x80041024  x7=0x80040f34
     129105.000 ns	     12909	80002ee8	62020793	addi	x15,x4,1568	  x4:0x00000000 x15=0x00000620
     129115.000 ns	     12910	80002eec	a08af313	andi	x6,x21,-1528	 x21:0x80000000  x6=0x80000000
     129125.000 ns	     12911	80002ef0	b1446b13	ori	x22,x8,-1260	  x8:0x00000000 x22=0xfffffb14
     129165.000 ns	     12915	80002ef4	0834fbd3	fsub.s	f23,f9,f3	  f9:0x44380000  f3:0x45c70be8 f23=0xc5b00be8
     129195.000 ns	     12918	80002ef8	02985ab3	divu	x21,x16,x9	 x16:0x00000000  x9:0x00000000 x21=0xffffffff
     129225.000 ns	     12921	80002efc	29251553	fmax.s	f10,f10,f18	 f10:0x7fc00000 f18:0x4f7ffffc f10=0x4f7ffffc
     129245.000 ns	     12923	80002f00	ffb2c7b7	lui	x15,0xffb2c	 x15=0xffb2c000
     129255.000 ns	     12924	80002f04	00969933	sll	x18,x13,x9	 x13:0x7ffbf000  x9:0x00000000 x18=0x7ffbf000
     129275.000 ns	     12926	80002f08	025d4db3	div	x27,x26,x5	 x26:0x00000000  x5:0x00000000 x27=0xffffffff
     129315.000 ns	     12930	80002f0c	190d0b53	fdiv.s	f22,f26,f16	 f26:0x7fc00000 f16:0x00000000 f22=0x7fc00000
     129345.000 ns	     12933	80002f10	a1160f53	fle.s	x30,f12,f17	 f12:0x7fc00000 f17:0x7fc00000 x30=0x00000000
     129365.000 ns	     12935	80002f14	4e68c993	xori	x19,x17,1254	 x17:0x80041024 x19=0x800414c2
     129725.000 ns	     12971	80002f18	0368ca33	div	x20,x17,x22	 x17:0x80041024 x22:0xfffffb14 x20=0x001a00cc
     129745.000 ns	     12973	80002f1c	f0eae937	lui	x18,0xf0eae	 x18=0xf0eae000
     129765.000 ns	     12975	80002f20	a1610fd3	fle.s	x31,f2,f22	  f2:0x7fffff63 f22:0x7fc00000 x31=0x00000000
     129795.000 ns	     12978	80002f24	e0009453	fclass.s	x8,f1	  f1:0x4f7ffffa  x8=0x00000040
     129825.000 ns	     12981	80002f28	02336b33	rem	x22,x6,x3	  x6:0x80000000  x3:0x00000000 x22=0x80000000
     130195.000 ns	     13018	80002f2c	0275e3b3	rem	x7,x11,x7	 x11:0xad63db00  x7:0x80040f34  x7=0xad63db00
     130225.000 ns	     13021	80002f30	29be8a53	fmin.s	f20,f29,f27	 f29:0x4f7ffff9 f27:0x7fc00000 f20=0x4f7ffff9
     130245.000 ns	     13023	80002f34	003a1db3	sll	x27,x20,x3	 x20:0x001a00cc  x3:0x00000000 x27=0x001a00cc
     130255.000 ns	     13024	80002f38	37517b13	andi	x22,x2,885	  x2:0xed14be56 x22=0x00000254
     130265.000 ns	     13025	80002f3c	01e4d333	srl	x6,x9,x30	  x9:0x00000000 x30:0x00000000  x6=0x00000000
     130295.000 ns	     13028	80002f40	114cf653	fmul.s	f12,f25,f20	 f25:0xbf7ff7e0 f20:0x4f7ffff9 f12=0xcf7ff7d9
     130635.000 ns	     13062	80002f44	185e4f53	fdiv.s	f30,f28,f5	 f28:0x1efff7e0  f5:0x45b70800 f30=0x18994a1c
     130655.000 ns	     13064	80002f48	41a1d793	srai	x15,x3,0x1a	  x3:0x00000000 x15=0x00000000
     130665.000 ns	     13065	80002f4c	53e55ab7	lui	x21,0x53e55	 x21=0x53e55000
     130675.000 ns	     13066	80002f50	017933b3	sltu	x7,x18,x23	 x18:0xf0eae000 x23:0x00000000  x7=0x00000000
     130685.000 ns	     13067	80002f54	d4b1bb93	sltiu	x23,x3,-693	  x3:0x00000000 x23=0x00000001
     130705.000 ns	     13069	80002f58	28ef81d3	fmin.s	f3,f31,f14	 f31:0xcefff7df f14:0xdf8f7d88  f3=0xdf8f7d88
     130735.000 ns	     13072	80002f5c	21119ad3	fsgnjn.s	f21,f3,f17	  f3:0x45c70be8 f17:0x7fc00000 f21=0xdf8f7d88
     130775.000 ns	     13076	80002f60	5805f553	fsqrt.s	f10,f11	 f11:0xffffff63 f10=0x7fc00000
     130795.000 ns	     13078	80002f64	41615a13	srai	x20,x2,0x16	  x2:0xed14be56 x20=0xffffffb4
     130815.000 ns	     13080	80002f68	03dab8b3	mulhu	x17,x21,x29	 x21:0x53e55000 x29:0x80041024 x17=0x29f3fcdf
     130835.000 ns	     13082	80002f6c	01f9d233	srl	x4,x19,x31	 x19:0x800414c2 x31:0x00000000  x4=0x800414c2
     130855.000 ns	     13084	80002f70	f0098bd3	fmv.w.x	f23,x19	 x19:0x800414c2 f23=0x800414c2
     130885.000 ns	     13087	80002f74	29599653	fmax.s	f12,f19,f21	 f19:0xff800000 f21:0xdf8f7d88 f12=0xdf8f7d88
     130905.000 ns	     13089	80002f78	03850293	addi	x5,x10,56	 x10:0x00000001  x5=0x00000039
     130915.000 ns	     13090	80002f7c	005cd217	auipc	x4,0x5cd	  x4=0x805cff7c
     130925.000 ns	     13091	80002f80	bba64193	xori	x3,x12,-1094	 x12:0x80040fe4  x3=0x7ffbf45e
     130945.000 ns	     13093	80002f84	213716d3	fsgnjn.s	f13,f14,f19	 f14:0xdf8f7d88 f19:0xff800000 f13=0x5f8f7d88
     130965.000 ns	     13095	80002f88	00a1b9b3	sltu	x19,x3,x10	  x3:0x00000000 x10:0x00000001 x19=0x00000000
     130975.000 ns	     13096	80002f8c	4151d6b3	sra	x13,x3,x21	  x3:0x7ffbf45e x21:0x53e55000 x13=0x7ffbf45e
     130995.000 ns	     13098	80002f90	28cf84d3	fmin.s	f9,f31,f12	 f31:0xcefff7df f12:0xdf8f7d88  f9=0xdf8f7d88
     131015.000 ns	     13100	80002f94	017a3233	sltu	x4,x20,x23	 x20:0xffffffb4 x23:0x00000001  x4=0x00000000
     131035.000 ns	     13102	80002f98	a04faad3	feq.s	x21,f31,f4	 f31:0xcefff7df  f4:0x40000000 x21=0x00000000
     131065.000 ns	     13105	80002f9c	02651cb3	mulh	x25,x10,x6	 x10:0x00000001  x6:0x00000000 x25=0x00000000
     131095.000 ns	     13108	80002fa0	a1b61e53	flt.s	x28,f12,f27	 f12:0xdf8f7d88 f27:0x7fc00000 x28=0x00000000
     131125.000 ns	     13111	80002fa4	033681b3	mul	x3,x13,x19	 x13:0x7ffbf45e x19:0x00000000  x3=0x00000000
     131155.000 ns	     13114	80002fa8	20b81d53	fsgnjn.s	f26,f16,f11	 f16:0x00000000 f11:0xffffff63 f26=0x00000000
     131175.000 ns	     13116	80002fac	c68f0713	addi	x14,x30,-920	 x30:0x00000000 x14=0xfffffc68
     131185.000 ns	     13117	80002fb0	a8097913	andi	x18,x18,-1408	 x18:0xf0eae000 x18=0xf0eae000
     131195.000 ns	     13118	80002fb4	58ab0a13	addi	x20,x22,1418	 x22:0x00000254 x20=0x000007de
     131555.000 ns	     13154	80002fb8	032565b3	rem	x11,x10,x18	 x10:0x00000001 x18:0xf0eae000 x11=0x00000001
     131575.000 ns	     13156	80002fbc	0067a7b3	slt	x15,x15,x6	 x15:0x00000000  x6:0x00000000 x15=0x00000000
     131585.000 ns	     13157	80002fc0	014a1933	sll	x18,x20,x20	 x20:0x000007de x20:0x000007de x18=0x80000000
     131595.000 ns	     13158	80002fc4	004e4e33	xor	x28,x28,x4	 x28:0x00000000  x4:0x00000000 x28=0x00000000
     131615.000 ns	     13160	80002fc8	d01190d3	fcvt.s.wu	f1,x3	  x3:0x00000000  f1=0x00000000
     131635.000 ns	     13162	80002fcc	00420ab3	add	x21,x4,x4	  x4:0x00000000  x4:0x00000000 x21=0x00000000
     131665.000 ns	     13165	80002fd0	5808cb53	fsqrt.s	f22,f17	 f17:0x7fc00000 f22=0x7fc00000
     131685.000 ns	     13167	80002fd4	c2573f13	sltiu	x30,x14,-987	 x14:0xfffffc68 x30=0x00000000
     131695.000 ns	     13168	80002fd8	00000013	addi	x0,x0,0	  x0:0x00000000
     131715.000 ns	     13170	80002fdc	a0d3a5d3	feq.s	x11,f7,f13	  f7:0x7fc00000 f13:0x5f8f7d88 x11=0x00000000
     131735.000 ns	     13172	80002fe0	01e21213	slli	x4,x4,0x1e	  x4:0x00000000  x4=0x00000000
     131765.000 ns	     13175	80002fe4	580b43d3	fsqrt.s	f7,f22	 f22:0x7fc00000  f7=0x7fc00000
     131785.000 ns	     13177	80002fe8	008744b3	xor	x9,x14,x8	 x14:0xfffffc68  x8:0x00000040  x9=0xfffffc28
     131795.000 ns	     13178	80002fec	f670c913	xori	x18,x1,-153	  x1:0x00000000 x18=0xffffff67
     131815.000 ns	     13180	80002ff0	a11c18d3	flt.s	x17,f24,f17	 f24:0x4f7ff7e0 f17:0x7fc00000 x17=0x00000000
     131845.000 ns	     13183	80002ff4	f00105d3	fmv.w.x	f11,x2	  x2:0xed14be56 f11=0xed14be56
     131865.000 ns	     13185	80002ff8	807804b7	lui	x9,0x80780	  x9=0x80780000
     131875.000 ns	     13186	80002ffc	00c49433	sll	x8,x9,x12	  x9:0xfffffc28 x12:0x80040fe4  x8=0x07800000
     131905.000 ns	     13189	80003000	10d43d53	fmul.s	f26,f8,f13	  f8:0x00000000 f13:0x5f8f7d88 f26=0x00000000
     131935.000 ns	     13192	80003004	e00b1953	fclass.s	x18,f22	 f22:0x7fc00000 x18=0x00000200
     131965.000 ns	     13195	80003008	299d05d3	fmin.s	f11,f26,f25	 f26:0x00000000 f25:0xbf7ff7e0 f11=0xbf7ff7e0
     131985.000 ns	     13197	8000300c	007493b3	sll	x7,x9,x7	  x9:0x80780000  x7:0x00000000  x7=0x80780000
     132015.000 ns	     13200	80003010	1167f553	fmul.s	f10,f15,f22	 f15:0xff800000 f22:0x7fc00000 f10=0x7fc00000
     132045.000 ns	     13203	80003014	f00e8cd3	fmv.w.x	f25,x29	 x29:0x80041024 f25=0x80041024
     132075.000 ns	     13206	80003018	c0078853	fcvt.w.s	x16,f15	 f15:0xff800000 x16=0x80000000
     132095.000 ns	     13208	8000301c	88198093	addi	x1,x19,-1919	 x19:0x00000000  x1=0xfffff881
     132105.000 ns	     13209	80003020	018cdf93	srli	x31,x25,0x18	 x25:0x00000000 x31=0x00000000
     132135.000 ns	     13212	80003024	187182d3	fdiv.s	f5,f3,f7	  f3:0xdf8f7d88  f7:0x7fc00000  f5=0x7fc00000
     132155.000 ns	     13214	80003028	0058a833	slt	x16,x17,x5	 x17:0x00000000  x5:0x00000039 x16=0x00000001
     132175.000 ns	     13216	8000302c	295b83d3	fmin.s	f7,f23,f21	 f23:0x800414c2 f21:0xdf8f7d88  f7=0xdf8f7d88
     132195.000 ns	     13218	80003030	41370fb3	sub	x31,x14,x19	 x14:0xfffffc68 x19:0x00000000 x31=0xfffffc68
     132215.000 ns	     13220	80003034	c0033453	fcvt.w.s	x8,f6	  f6:0x7fc00000  x8=0x7fffffff
     132245.000 ns	     13223	80003038	c01cf5d3	fcvt.wu.s	x11,f25	 f25:0x80041024 x11=0x00000000
     132275.000 ns	     13226	8000303c	d0131f53	fcvt.s.wu	f30,x6	  x6:0x00000000 f30=0x00000000
     132305.000 ns	     13229	80003040	0398adb3	mulhsu	x27,x17,x25	 x17:0x00000000 x25:0x00000000 x27=0x00000000
     132335.000 ns	     13232	80003044	023edcb3	divu	x25,x29,x3	 x29:0x80041024  x3:0x00000000 x25=0xffffffff
     132375.000 ns	     13236	80003048	10a8b553	fmul.s	f10,f17,f10	 f17:0x7fc00000 f10:0x7fc00000 f10=0x7fc00000
     132395.000 ns	     13238	8000304c	0044cc33	xor	x24,x9,x4	  x9:0x80780000  x4:0x00000000 x24=0x80780000
     132415.000 ns	     13240	80003050	02703f33	mulhu	x30,x0,x7	  x0:0x00000000  x7:0x80780000 x30=0x00000000
     132445.000 ns	     13243	80003054	217f8453	fsgnj.s	f8,f31,f23	 f31:0xcefff7df f23:0x800414c2  f8=0xcefff7df
     132475.000 ns	     13246	80003058	a0eb2d53	feq.s	x26,f22,f14	 f22:0x7fc00000 f14:0xdf8f7d88 x26=0x00000000
     132495.000 ns	     13248	8000305c	01bb9713	slli	x14,x23,0x1b	 x23:0x00000001 x14=0x08000000
     132535.000 ns	     13252	80003060	01e8fb53	fadd.s	f22,f17,f30	 f17:0x7fc00000 f30:0x00000000 f22=0x7fc00000
     132555.000 ns	     13254	80003064	40ffd333	sra	x6,x31,x15	 x31:0xfffffc68 x15:0x00000000  x6=0xfffffc68
     132575.000 ns	     13256	80003068	a1cc1a53	flt.s	x20,f24,f28	 f24:0x4f7ff7e0 f28:0x1efff7e0 x20=0x00000000
     132595.000 ns	     13258	8000306c	018bfbb3	and	x23,x23,x24	 x23:0x00000001 x24:0x80780000 x23=0x00000000
     132615.000 ns	     13260	80003070	f0010d53	fmv.w.x	f26,x2	  x2:0xed14be56 f26=0xed14be56
     132645.000 ns	     13263	80003074	a04998d3	flt.s	x17,f19,f4	 f19:0xff800000  f4:0x40000000 x17=0x00000001
     132665.000 ns	     13265	80003078	008b83b3	add	x7,x23,x8	 x23:0x00000000  x8:0x7fffffff  x7=0x7fffffff
     133025.000 ns	     13301	8000307c	0273e8b3	rem	x17,x7,x7	  x7:0x80780000  x7:0x80780000 x17=0x00000000
     133045.000 ns	     13303	80003080	531f4c13	xori	x24,x30,1329	 x30:0x00000000 x24=0x00000531
     133065.000 ns	     13305	80003084	d0027353	fcvt.s.w	f6,x4	  x4:0x00000000  f6=0x00000000
     133095.000 ns	     13308	80003088	21512853	fsgnjx.s	f16,f2,f21	  f2:0x7fffff63 f21:0xdf8f7d88 f16=0xffffff63
     133115.000 ns	     13310	8000308c	c2b2eb93	ori	x23,x5,-981	  x5:0x00000039 x23=0xfffffc3b
     133135.000 ns	     13312	80003090	020980b3	mul	x1,x19,x0	 x19:0x00000000  x0:0x00000000  x1=0x00000000
     133155.000 ns	     13314	80003094	be7c2893	slti	x17,x24,-1049	 x24:0x00000531 x17=0x00000000
     133185.000 ns	     13317	80003098	1910fcd3	fdiv.s	f25,f1,f17	  f1:0x00000000 f17:0x7fc00000 f25=0x7fc00000
     133205.000 ns	     13319	8000309c	548c4337	lui	x6,0x548c4	  x6=0x548c4000
     133215.000 ns	     13320	800030a0	0148d293	srli	x5,x17,0x14	 x17:0x00000000  x5=0x00000000
     133225.000 ns	     13321	800030a4	40b15513	srai	x10,x2,0xb	  x2:0xed14be56 x10=0xfffda297
     133245.000 ns	     13323	800030a8	e00c1353	fclass.s	x6,f24	 f24:0x4f7ff7e0  x6=0x00000040
     133275.000 ns	     13326	800030ac	21e79ad3	fsgnjn.s	f21,f15,f30	 f15:0xff800000 f30:0x00000000 f21=0xff800000
     133295.000 ns	     13328	800030b0	e6fa2e13	slti	x28,x20,-401	 x20:0x00000000 x28=0x00000000
     133305.000 ns	     13329	800030b4	00c687b3	add	x15,x13,x12	 x13:0x7ffbf45e x12:0x80040fe4 x15=0x00000442
     133315.000 ns	     13330	800030b8	01aa4333	xor	x6,x20,x26	 x20:0x00000000 x26:0x00000000  x6=0x00000000
     133675.000 ns	     13366	800030bc	0393eb33	rem	x22,x7,x25	  x7:0x7fffffff x25:0xffffffff x22=0x00000000
     133725.000 ns	     13371	800030c0	0088fbd3	fadd.s	f23,f17,f8	 f17:0x7fc00000  f8:0xcefff7df f23=0x7fc00000
     133755.000 ns	     13374	800030c4	a0fc0353	fle.s	x6,f24,f15	 f24:0x4f7ff7e0 f15:0xff800000  x6=0x00000000
     133785.000 ns	     13377	800030c8	03172ab3	mulhsu	x21,x14,x17	 x14:0x08000000 x17:0x00000000 x21=0x00000000
     133815.000 ns	     13380	800030cc	02a19733	mulh	x14,x3,x10	  x3:0x00000000 x10:0xfffda297 x14=0x00000000
     133835.000 ns	     13382	800030d0	00bfd9b3	srl	x19,x31,x11	 x31:0xfffffc68 x11:0x00000000 x19=0xfffffc68
     133865.000 ns	     13385	800030d4	11d1cc53	fmul.s	f24,f3,f29	  f3:0xdf8f7d88 f29:0x4f7ffff9 f24=0xef8f7d84
     133895.000 ns	     13388	800030d8	03c6b433	mulhu	x8,x13,x28	 x13:0x7ffbf45e x28:0x00000000  x8=0x00000000
     133915.000 ns	     13390	800030dc	7545c913	xori	x18,x11,1876	 x11:0x00000000 x18=0x00000754
     133935.000 ns	     13392	800030e0	a13d22d3	feq.s	x5,f26,f19	 f26:0xed14be56 f19:0xff800000  x5=0x00000000
     133965.000 ns	     13395	800030e4	03e45533	divu	x10,x8,x30	  x8:0x00000000 x30:0x00000000 x10=0xffffffff
     133985.000 ns	     13397	800030e8	4038dfb3	sra	x31,x17,x3	 x17:0x00000000  x3:0x00000000 x31=0x00000000
     134015.000 ns	     13400	800030ec	1143f453	fmul.s	f8,f7,f20	  f7:0xdf8f7d88 f20:0x4f7ffff9  f8=0xef8f7d84
     134045.000 ns	     13403	800030f0	024074b3	remu	x9,x0,x4	  x0:0x00000000  x4:0x00000000  x9=0x00000000
     134075.000 ns	     13406	800030f4	29ea8053	fmin.s	f0,f21,f30	 f21:0xff800000 f30:0x00000000  f0=0xff800000
     134105.000 ns	     13409	800030f8	c0017cd3	fcvt.w.s	x25,f2	  f2:0x7fffff63 x25=0x7fffffff
     134125.000 ns	     13411	800030fc	4233c393	xori	x7,x7,1059	  x7:0x7fffffff  x7=0x7ffffbdc
     134135.000 ns	     13412	80003100	00bfaf33	slt	x30,x31,x11	 x31:0x00000000 x11:0x00000000 x30=0x00000000
     134155.000 ns	     13414	80003104	29699b53	fmax.s	f22,f19,f22	 f19:0xff800000 f22:0x7fc00000 f22=0xff800000
     134175.000 ns	     13416	80003108	57693197	auipc	x3,0x57693	  x3=0xd7696108
     134535.000 ns	     13452	8000310c	027c5333	divu	x6,x24,x7	 x24:0x00000531  x7:0x7ffffbdc  x6=0x00000000
     134555.000 ns	     13454	80003110	00c43533	sltu	x10,x8,x12	  x8:0x00000000 x12:0x80040fe4 x10=0x00000001
     134575.000 ns	     13456	80003114	29139b53	fmax.s	f22,f7,f17	  f7:0xdf8f7d88 f17:0x7fc00000 f22=0xdf8f7d88
     134605.000 ns	     13459	80003118	0298abb3	mulhsu	x23,x17,x9	 x17:0x00000000  x9:0x00000000 x23=0x00000000
     134635.000 ns	     13462	8000311c	e00e9fd3	fclass.s	x31,f29	 f29:0x4f7ffff9 x31=0x00000040
     134655.000 ns	     13464	80003120	41f45413	srai	x8,x8,0x1f	  x8:0x00000000  x8=0x00000000
     134675.000 ns	     13466	80003124	0251b7b3	mulhu	x15,x3,x5	  x3:0xd7696108  x5:0x00000000 x15=0x00000000
     134705.000 ns	     13469	80003128	0232b533	mulhu	x10,x5,x3	  x5:0x00000000  x3:0xd7696108 x10=0x00000000
     134725.000 ns	     13471	8000312c	9f60e513	ori	x10,x1,-1546	  x1:0x00000000 x10=0xfffff9f6
     134745.000 ns	     13473	80003130	d0108453	fcvt.s.wu	f8,x1	  x1:0x00000000  f8=0x00000000
     134775.000 ns	     13476	80003134	21599253	fsgnjn.s	f4,f19,f21	 f19:0xff800000 f21:0xff800000  f4=0x7f800000
     134815.000 ns	     13480	80003138	1169f1d3	fmul.s	f3,f19,f22	 f19:0xff800000 f22:0xdf8f7d88  f3=0x7f800000
     134845.000 ns	     13483	8000313c	204582d3	fsgnj.s	f5,f11,f4	 f11:0xbf7ff7e0  f4:0x7f800000  f5=0x3f7ff7e0
     135215.000 ns	     13520	80003140	02c7d2b3	divu	x5,x15,x12	 x15:0x00000000 x12:0x80040fe4  x5=0x00000000
     135245.000 ns	     13523	80003144	03c52033	mulhsu	x0,x10,x28	 x10:0xfffff9f6 x28:0x00000000
     135265.000 ns	     13525	80003148	00326a33	or	x20,x4,x3	  x4:0x00000000  x3:0xd7696108 x20=0xd7696108
     135285.000 ns	     13527	8000314c	0374f833	remu	x16,x9,x23	  x9:0x00000000 x23:0x00000000 x16=0x00000000
     135305.000 ns	     13529	80003150	0131f033	and	x0,x3,x19	  x3:0xd7696108 x19:0xfffffc68
     135665.000 ns	     13565	80003154	02cc58b3	divu	x17,x24,x12	 x24:0x00000531 x12:0x80040fe4 x17=0x00000000
     135685.000 ns	     13567	80003158	01046b33	or	x22,x8,x16	  x8:0x00000000 x16:0x00000000 x22=0x00000000
     135705.000 ns	     13569	8000315c	a1cd1753	flt.s	x14,f26,f28	 f26:0xed14be56 f28:0x1efff7e0 x14=0x00000001
     135725.000 ns	     13571	80003160	0038d813	srli	x16,x17,0x3	 x17:0x00000000 x16=0x00000000
     135745.000 ns	     13573	80003164	d0087253	fcvt.s.w	f4,x16	 x16:0x00000000  f4=0x00000000
     135765.000 ns	     13575	80003168	0031acb3	slt	x25,x3,x3	  x3:0xd7696108  x3:0xd7696108 x25=0x00000000
     135775.000 ns	     13576	8000316c	00c7f3b3	and	x7,x15,x12	 x15:0x00000000 x12:0x80040fe4  x7=0x00000000
     135785.000 ns	     13577	80003170	4160df33	sra	x30,x1,x22	  x1:0x00000000 x22:0x00000000 x30=0x00000000
     135805.000 ns	     13579	80003174	0301f933	remu	x18,x3,x16	  x3:0xd7696108 x16:0x00000000 x18=0xd7696108
     135825.000 ns	     13581	80003178	5b9ea993	slti	x19,x29,1465	 x29:0x80041024 x19=0x00000001
     135835.000 ns	     13582	8000317c	06b0c693	xori	x13,x1,107	  x1:0x00000000 x13=0x0000006b
     135845.000 ns	     13583	80003180	820acab7	lui	x21,0x820ac	 x21=0x820ac000
     135855.000 ns	     13584	80003184	00000013	addi	x0,x0,0	  x0:0x00000000
     135875.000 ns	     13586	80003188	21be07d3	fsgnj.s	f15,f28,f27	 f28:0x1efff7e0 f27:0x7fc00000 f15=0x1efff7e0
     135915.000 ns	     13590	8000318c	1829cfd3	fdiv.s	f31,f19,f2	 f19:0xff800000  f2:0x7fffff63 f31=0x7fc00000
     135945.000 ns	     13593	80003190	d0187153	fcvt.s.wu	f2,x16	 x16:0x00000000  f2=0x00000000
     135965.000 ns	     13595	80003194	d88fb293	sltiu	x5,x31,-632	 x31:0x00000040  x5=0x00000001
     135985.000 ns	     13597	80003198	02c23b33	mulhu	x22,x4,x12	  x4:0x00000000 x12:0x80040fe4 x22=0x00000000
     136005.000 ns	     13599	8000319c	00513033	sltu	x0,x2,x5	  x2:0xed14be56  x5:0x00000000
     136025.000 ns	     13601	800031a0	c01c7c53	fcvt.wu.s	x24,f24	 f24:0xef8f7d84 x24=0x00000000
     136075.000 ns	     13606	800031a4	00377dd3	fadd.s	f27,f14,f3	 f14:0xdf8f7d88  f3:0x7f800000 f27=0x7f800000
     136105.000 ns	     13609	800031a8	a04c11d3	flt.s	x3,f24,f4	 f24:0xef8f7d84  f4:0x00000000  x3=0x00000001
     136125.000 ns	     13611	800031ac	4113d593	srai	x11,x7,0x11	  x7:0x00000000 x11=0x00000000
     136135.000 ns	     13612	800031b0	00cb1513	slli	x10,x22,0xc	 x22:0x00000000 x10=0x00000000
     136155.000 ns	     13614	800031b4	037663b3	rem	x7,x12,x23	 x12:0x80040fe4 x23:0x00000000  x7=0x80040fe4
     136185.000 ns	     13617	800031b8	d0178453	fcvt.s.wu	f8,x15	 x15:0x00000000  f8=0x00000000
     136205.000 ns	     13619	800031bc	001f2733	slt	x14,x30,x1	 x30:0x00000000  x1:0x00000000 x14=0x00000000
     136225.000 ns	     13621	800031c0	c01749d3	fcvt.wu.s	x19,f14	 f14:0xdf8f7d88 x19=0x00000000
     136245.000 ns	     13623	800031c4	bed12c93	slti	x25,x2,-1043	  x2:0xed14be56 x25=0x00000001
     136265.000 ns	     13625	800031c8	d00c9553	fcvt.s.w	f10,x25	 x25:0x00000000 f10=0x3f800000
     136285.000 ns	     13627	800031cc	0ed63a13	sltiu	x20,x12,237	 x12:0x80040fe4 x20=0x00000000
     136325.000 ns	     13631	800031d0	0869f8d3	fsub.s	f17,f19,f6	 f19:0xff800000  f6:0x00000000 f17=0xff800000
     136355.000 ns	     13634	800031d4	0251b7b3	mulhu	x15,x3,x5	  x3:0x00000001  x5:0x00000001 x15=0x00000000
     136375.000 ns	     13636	800031d8	62f13013	sltiu	x0,x2,1583	  x2:0xed14be56
     136385.000 ns	     13637	800031dc	00000013	addi	x0,x0,0	  x0:0x00000000
     136405.000 ns	     13639	800031e0	c0178e53	fcvt.wu.s	x28,f15	 f15:0x1efff7e0 x28=0x00000000
     136425.000 ns	     13641	800031e4	21b7bb93	sltiu	x23,x15,539	 x15:0x00000000 x23=0x00000001
     136435.000 ns	     13642	800031e8	01a99b93	slli	x23,x19,0x1a	 x19:0x00000000 x23=0x00000000
     136445.000 ns	     13643	800031ec	f516a493	slti	x9,x13,-175	 x13:0x0000006b  x9=0x00000000
     136455.000 ns	     13644	800031f0	e78e7813	andi	x16,x28,-392	 x28:0x00000000 x16=0x00000000
     136465.000 ns	     13645	800031f4	3545b693	sltiu	x13,x11,852	 x11:0x00000000 x13=0x00000001
     136485.000 ns	     13647	800031f8	297c9153	fmax.s	f2,f25,f23	 f25:0x7fc00000 f23:0x7fc00000  f2=0x7fc00000
     136505.000 ns	     13649	800031fc	0189fe33	and	x28,x19,x24	 x19:0x00000000 x24:0x00000000 x28=0x00000000
     136515.000 ns	     13650	80003200	002d8ab3	add	x21,x27,x2	 x27:0x00000000  x2:0xed14be56 x21=0xed14be56
     136535.000 ns	     13652	80003204	d00572d3	fcvt.s.w	f5,x10	 x10:0x00000000  f5=0x00000000
     136555.000 ns	     13654	80003208	12e9c513	xori	x10,x19,302	 x19:0x00000000 x10=0x0000012e
     136595.000 ns	     13658	8000320c	003879d3	fadd.s	f19,f16,f3	 f16:0xffffff63  f3:0x7f800000 f19=0x7fc00000
     136615.000 ns	     13660	80003210	00000013	addi	x0,x0,0	  x0:0x00000000
     136635.000 ns	     13662	80003214	a0cc04d3	fle.s	x9,f24,f12	 f24:0xef8f7d84 f12:0xdf8f7d88  x9=0x00000001
     136665.000 ns	     13665	80003218	206d0d53	fsgnj.s	f26,f26,f6	 f26:0xed14be56  f6:0x00000000 f26=0x6d14be56
     136685.000 ns	     13667	8000321c	295015b7	lui	x11,0x29501	 x11=0x29501000
     136695.000 ns	     13668	80003220	26688b93	addi	x23,x17,614	 x17:0x00000000 x23=0x00000266
     136715.000 ns	     13670	80003224	f00503d3	fmv.w.x	f7,x10	 x10:0x0000012e  f7=0x0000012e
     136765.000 ns	     13675	80003228	002045d3	fadd.s	f11,f0,f2	  f0:0xff800000  f2:0x7fc00000 f11=0x7fc00000
     136785.000 ns	     13677	8000322c	41b6dc93	srai	x25,x13,0x1b	 x13:0x00000001 x25=0x00000000
     136795.000 ns	     13678	80003230	41aa5593	srai	x11,x20,0x1a	 x20:0x00000000 x11=0x00000000
     136815.000 ns	     13680	80003234	286617d3	fmax.s	f15,f12,f6	 f12:0xdf8f7d88  f6:0x00000000 f15=0x00000000
     136835.000 ns	     13682	80003238	003dd2b3	srl	x5,x27,x3	 x27:0x00000000  x3:0x00000001  x5=0x00000000
     136875.000 ns	     13686	8000323c	08ee2ad3	fsub.s	f21,f28,f14	 f28:0x1efff7e0 f14:0xdf8f7d88 f21=0x5f8f7d88
     136895.000 ns	     13688	80003240	56468a37	lui	x20,0x56468	 x20=0x56468000
     136915.000 ns	     13690	80003244	29bf8cd3	fmin.s	f25,f31,f27	 f31:0x7fc00000 f27:0x7f800000 f25=0x7f800000
     137285.000 ns	     13727	80003248	0345dd33	divu	x26,x11,x20	 x11:0x00000000 x20:0x00000000 x26=0x00000000
     137305.000 ns	     13729	8000324c	416b04b3	sub	x9,x22,x22	 x22:0x00000000 x22:0x00000000  x9=0x00000000
     137325.000 ns	     13731	80003250	28ec08d3	fmin.s	f17,f24,f14	 f24:0xef8f7d84 f14:0xdf8f7d88 f17=0xef8f7d84
     137355.000 ns	     13734	80003254	e0038853	fmv.x.w	x16,f7	  f7:0x0000012e x16=0x0000012e
     137375.000 ns	     13736	80003258	00559b33	sll	x22,x11,x5	 x11:0x00000000  x5:0x00000000 x22=0x00000000
     137395.000 ns	     13738	8000325c	a0481d53	flt.s	x26,f16,f4	 f16:0xffffff63  f4:0x00000000 x26=0x00000000
     137425.000 ns	     13741	80003260	21900353	fsgnj.s	f6,f0,f25	  f0:0xff800000 f25:0x7f800000  f6=0x7f800000
     137475.000 ns	     13746	80003264	08697f53	fsub.s	f30,f18,f6	 f18:0x4f7ffffc  f6:0x00000000 f30=0xff800000
     137505.000 ns	     13749	80003268	219a1ad3	fsgnjn.s	f21,f20,f25	 f20:0x4f7ffff9 f25:0x7f800000 f21=0xcf7ffff9
     137555.000 ns	     13754	8000326c	00389cd3	fadd.s	f25,f17,f3	 f17:0xef8f7d84  f3:0x7f800000 f25=0x7f800000
     137605.000 ns	     13759	80003270	019bf953	fadd.s	f18,f23,f25	 f23:0x7fc00000 f25:0x7f800000 f18=0x7fc00000
     137975.000 ns	     13796	80003274	027fd333	divu	x6,x31,x7	 x31:0x00000040  x7:0x80040fe4  x6=0x00000000
     137995.000 ns	     13798	80003278	9b9abf97	auipc	x31,0x9b9ab	 x31=0x1b9ae278
     138005.000 ns	     13799	8000327c	01788cb3	add	x25,x17,x23	 x17:0x00000000 x23:0x00000266 x25=0x00000266
     138045.000 ns	     13803	80003280	09b3a353	fsub.s	f6,f7,f27	  f7:0x0000012e f27:0x7f800000  f6=0xff800000
     138065.000 ns	     13805	80003284	00d31c13	slli	x24,x6,0xd	  x6:0x00000000 x24=0x00000000
     138085.000 ns	     13807	80003288	0348a1b3	mulhsu	x3,x17,x20	 x17:0x00000000 x20:0x56468000  x3=0x00000000
     138105.000 ns	     13809	8000328c	416980b3	sub	x1,x19,x22	 x19:0x00000000 x22:0x00000000  x1=0x00000000
     138115.000 ns	     13810	80003290	1f143313	sltiu	x6,x8,497	  x8:0x00000000  x6=0x00000001
     138135.000 ns	     13812	80003294	03ab2e33	mulhsu	x28,x22,x26	 x22:0x00000000 x26:0x00000000 x28=0x00000000
     138165.000 ns	     13815	80003298	29fa1f53	fmax.s	f30,f20,f31	 f20:0x4f7ffff9 f31:0x7fc00000 f30=0x4f7ffff9
     138195.000 ns	     13818	8000329c	0231e233	rem	x4,x3,x3	  x3:0x00000000  x3:0x00000000  x4=0x00000000
     138565.000 ns	     13855	800032a0	02aff433	remu	x8,x31,x10	 x31:0x1b9ae278 x10:0x0000012e  x8=0x000000e8
     138595.000 ns	     13858	800032a4	03eacbb3	div	x23,x21,x30	 x21:0xed14be56 x30:0x00000000 x23=0xffffffff
     138625.000 ns	     13861	800032a8	e00495d3	fclass.s	x11,f9	  f9:0xdf8f7d88 x11=0x00000002
     138645.000 ns	     13863	800032ac	ddb50b13	addi	x22,x10,-549	 x10:0x0000012e x22=0xffffff09
     138665.000 ns	     13865	800032b0	d01abad3	fcvt.s.wu	f21,x21	 x21:0xed14be56 f21=0x4f6d14bf
     138695.000 ns	     13868	800032b4	202b0f53	fsgnj.s	f30,f22,f2	 f22:0xdf8f7d88  f2:0x7fc00000 f30=0x5f8f7d88
     138725.000 ns	     13871	800032b8	a14a1dd3	flt.s	x27,f20,f20	 f20:0x4f7ffff9 f20:0x4f7ffff9 x27=0x00000000
     138755.000 ns	     13874	800032bc	280101d3	fmin.s	f3,f2,f0	  f2:0x7fc00000  f0:0xff800000  f3=0xff800000
     138785.000 ns	     13877	800032c0	c014f2d3	fcvt.wu.s	x5,f9	  f9:0xdf8f7d88  x5=0x00000000
     138835.000 ns	     13882	800032c4	094f42d3	fsub.s	f5,f30,f20	 f30:0x5f8f7d88 f20:0x4f7ffff9  f5=0x5f8f7d88
     138855.000 ns	     13884	800032c8	e7740c93	addi	x25,x8,-393	  x8:0x000000e8 x25=0xffffff5f
     138875.000 ns	     13886	800032cc	03bd5a33	divu	x20,x26,x27	 x26:0x00000000 x27:0x00000000 x20=0xffffffff
     139245.000 ns	     13923	800032d0	035d47b3	div	x15,x26,x21	 x26:0x00000000 x21:0xed14be56 x15=0x00000000
     139615.000 ns	     13960	800032d4	03ff61b3	rem	x3,x30,x31	 x30:0x00000000 x31:0x1b9ae278  x3=0x00000000
     139645.000 ns	     13963	800032d8	a0a9a5d3	feq.s	x11,f19,f10	 f19:0x7fc00000 f10:0x3f800000 x11=0x00000000
     139665.000 ns	     13965	800032dc	0146db93	srli	x23,x13,0x14	 x13:0x00000001 x23=0x00000000
     139685.000 ns	     13967	800032e0	29348053	fmin.s	f0,f9,f19	  f9:0xdf8f7d88 f19:0x7fc00000  f0=0xdf8f7d88
     139715.000 ns	     13970	800032e4	03ea39b3	mulhu	x19,x20,x30	 x20:0xffffffff x30:0x00000000 x19=0x00000000
     139735.000 ns	     13972	800032e8	003fdab3	srl	x21,x31,x3	 x31:0x1b9ae278  x3:0x00000000 x21=0x1b9ae278
     139745.000 ns	     13973	800032ec	00825313	srli	x6,x4,0x8	  x4:0x00000000  x6=0x00000000
     139755.000 ns	     13974	800032f0	41d4de13	srai	x28,x9,0x1d	  x9:0x00000000 x28=0x00000000
     139765.000 ns	     13975	800032f4	6fd38893	addi	x17,x7,1789	  x7:0x80040fe4 x17=0x800416e1
     139775.000 ns	     13976	800032f8	011f30b3	sltu	x1,x30,x17	 x30:0x00000000 x17:0x00000000  x1=0x00000001
     139795.000 ns	     13978	800032fc	02f91e33	mulh	x28,x18,x15	 x18:0xd7696108 x15:0x00000000 x28=0x00000000
     140165.000 ns	     14015	80003300	039bdb33	divu	x22,x23,x25	 x23:0x00000000 x25:0xffffff5f x22=0x00000000
     140215.000 ns	     14020	80003304	088df4d3	fsub.s	f9,f27,f8	 f27:0x7f800000  f8:0x00000000  f9=0x7f800000
     140245.000 ns	     14023	80003308	d01bf8d3	fcvt.s.wu	f17,x23	 x23:0x00000000 f17=0x00000000
     140275.000 ns	     14026	8000330c	28a989d3	fmin.s	f19,f19,f10	 f19:0x7fc00000 f10:0x3f800000 f19=0x3f800000
     140295.000 ns	     14028	80003310	0016e5b3	or	x11,x13,x1	 x13:0x00000001  x1:0x00000001 x11=0x00000001
     140305.000 ns	     14029	80003314	013b9213	slli	x4,x23,0x13	 x23:0x00000000  x4=0x00000000
     140325.000 ns	     14031	80003318	29d09e53	fmax.s	f28,f1,f29	  f1:0x00000000 f29:0x4f7ffff9 f28=0x4f7ffff9
     140355.000 ns	     14034	8000331c	a0ea9953	flt.s	x18,f21,f14	 f21:0x4f6d14bf f14:0xdf8f7d88 x18=0x00000000
     140375.000 ns	     14036	80003320	6d026f13	ori	x30,x4,1744	  x4:0x00000000 x30=0x000006d0
     140395.000 ns	     14038	80003324	20f88353	fsgnj.s	f6,f17,f15	 f17:0x00000000 f15:0x00000000  f6=0x00000000
     140425.000 ns	     14041	80003328	a0bc9e53	flt.s	x28,f25,f11	 f25:0x7f800000 f11:0x7fc00000 x28=0x00000000
     140445.000 ns	     14043	8000332c	00000013	addi	x0,x0,0	  x0:0x00000000
     140465.000 ns	     14045	80003330	c01274d3	fcvt.wu.s	x9,f4	  f4:0x00000000  x9=0x00000000
     140485.000 ns	     14047	80003334	019c9893	slli	x17,x25,0x19	 x25:0xffffff5f x17=0xbe000000
     140505.000 ns	     14049	80003338	204ca6d3	fsgnjx.s	f13,f25,f4	 f25:0x7f800000  f4:0x00000000 f13=0x7f800000
     140525.000 ns	     14051	8000333c	f68a4213	xori	x4,x20,-152	 x20:0xffffffff  x4=0x00000097
     140545.000 ns	     14053	80003340	02e05733	divu	x14,x0,x14	  x0:0x00000000 x14:0x00000000 x14=0xffffffff
     140575.000 ns	     14056	80003344	d0191853	fcvt.s.wu	f16,x18	 x18:0x00000000 f16=0x00000000
     140605.000 ns	     14059	80003348	21c58cd3	fsgnj.s	f25,f11,f28	 f11:0x7fc00000 f28:0x4f7ffff9 f25=0x7fc00000
     140635.000 ns	     14062	8000334c	e00a8bd3	fmv.x.w	x23,f21	 f21:0x4f6d14bf x23=0x4f6d14bf
     141815.000 ns	     14180	80003350	58051353	fsqrt.s	f6,f10	 f10:0x3f800000  f6=0x3f7fffae
     141835.000 ns	     14182	80003354	00040e33	add	x28,x8,x0	  x8:0x000000e8  x0:0x00000000 x28=0x000000e8
     141855.000 ns	     14184	80003358	21d19e53	fsgnjn.s	f28,f3,f29	  f3:0xff800000 f29:0x4f7ffff9 f28=0xff800000
     141885.000 ns	     14187	8000335c	c007f853	fcvt.w.s	x16,f15	 f15:0x00000000 x16=0x00000000
     141905.000 ns	     14189	80003360	01f42bb3	slt	x23,x8,x31	  x8:0x000000e8 x31:0x1b9ae278 x23=0x00000001
     141925.000 ns	     14191	80003364	285c1b53	fmax.s	f22,f24,f5	 f24:0xef8f7d84  f5:0x5f8f7d88 f22=0x5f8f7d88
     141955.000 ns	     14194	80003368	021bb033	mulhu	x0,x23,x1	 x23:0x4f6d14bf  x1:0x00000001
     141975.000 ns	     14196	8000336c	f7008237	lui	x4,0xf7008	  x4=0xf7008000
     141995.000 ns	     14198	80003370	c0182f53	fcvt.wu.s	x30,f16	 f16:0x00000000 x30=0x00000000
     142025.000 ns	     14201	80003374	a0ad1bd3	flt.s	x23,f26,f10	 f26:0x6d14be56 f10:0x3f800000 x23=0x00000000
     142045.000 ns	     14203	80003378	0153fdb3	and	x27,x7,x21	  x7:0x80040fe4 x21:0x1b9ae278 x27=0x00000260
     142055.000 ns	     14204	8000337c	013a4ab3	xor	x21,x20,x19	 x20:0xffffffff x19:0x00000000 x21=0xffffffff
     142075.000 ns	     14206	80003380	200684d3	fsgnj.s	f9,f13,f0	 f13:0x7f800000  f0:0xdf8f7d88  f9=0xff800000
     142125.000 ns	     14211	80003384	096438d3	fsub.s	f17,f8,f22	  f8:0x00000000 f22:0x5f8f7d88 f17=0xdf8f7d88
     142155.000 ns	     14214	80003388	a0812bd3	feq.s	x23,f2,f8	  f2:0x7fc00000  f8:0x00000000 x23=0x00000000
     142175.000 ns	     14216	8000338c	01e05c93	srli	x25,x0,0x1e	  x0:0x00000000 x25=0x00000000
     142195.000 ns	     14218	80003390	020ab033	mulhu	x0,x21,x0	 x21:0xffffffff  x0:0x00000000
     142215.000 ns	     14220	80003394	0008c6b3	xor	x13,x17,x0	 x17:0xbe000000  x0:0x00000000 x13=0xbe000000
     142225.000 ns	     14221	80003398	01ef5e33	srl	x28,x30,x30	 x30:0x00000000 x30:0x00000000 x28=0x00000000
     142245.000 ns	     14223	8000339c	a06a2dd3	feq.s	x27,f20,f6	 f20:0x4f7ffff9  f6:0x3f7fffae x27=0x00000000
     142265.000 ns	     14225	800033a0	09e73e17	auipc	x28,0x9e73	 x28=0x89e763a0
     142285.000 ns	     14227	800033a4	28630253	fmin.s	f4,f6,f6	  f6:0x3f7fffae  f6:0x3f7fffae  f4=0x3f7fffae
     142305.000 ns	     14229	800033a8	00a0aab3	slt	x21,x1,x10	  x1:0x00000001 x10:0x0000012e x21=0x00000001
     142665.000 ns	     14265	800033ac	035658b3	divu	x17,x12,x21	 x12:0x80040fe4 x21:0xffffffff x17=0x80040fe4
     142695.000 ns	     14268	800033b0	2058a1d3	fsgnjx.s	f3,f17,f5	 f17:0xdf8f7d88  f5:0x5f8f7d88  f3=0xdf8f7d88
     142725.000 ns	     14271	800033b4	21d21653	fsgnjn.s	f12,f4,f29	  f4:0x3f7fffae f29:0x4f7ffff9 f12=0xbf7fffae
     142745.000 ns	     14273	800033b8	00897cb3	and	x25,x18,x8	 x18:0x00000000  x8:0x000000e8 x25=0x00000000
     142755.000 ns	     14274	800033bc	016e0833	add	x16,x28,x22	 x28:0x89e763a0 x22:0x00000000 x16=0x89e763a0
     142795.000 ns	     14278	800033c0	01792dd3	fadd.s	f27,f18,f23	 f18:0x7fc00000 f23:0x7fc00000 f27=0x7fc00000
     142825.000 ns	     14281	800033c4	036e17b3	mulh	x15,x28,x22	 x28:0x89e763a0 x22:0x00000000 x15=0x00000000
     142855.000 ns	     14284	800033c8	e00511d3	fclass.s	x3,f10	 f10:0x3f800000  x3=0x00000040
     142885.000 ns	     14287	800033cc	026fa533	mulhsu	x10,x31,x6	 x31:0x1b9ae278  x6:0x00000000 x10=0x00000000
     142905.000 ns	     14289	800033d0	1059ac13	slti	x24,x19,261	 x19:0x00000000 x24=0x00000001
     142945.000 ns	     14293	800033d4	01237853	fadd.s	f16,f6,f18	  f6:0x3f7fffae f18:0x7fc00000 f16=0x7fc00000
     142965.000 ns	     14295	800033d8	4575ef97	auipc	x31,0x4575e	 x31=0xc57613d8
     142985.000 ns	     14297	800033dc	a1dd9353	flt.s	x6,f27,f29	 f27:0x7fc00000 f29:0x4f7ffff9  x6=0x00000000
     143005.000 ns	     14299	800033e0	018b9593	slli	x11,x23,0x18	 x23:0x00000000 x11=0x00000000
     143025.000 ns	     14301	800033e4	d016fd53	fcvt.s.wu	f26,x13	 x13:0xbe000000 f26=0x4f3e0000
     143075.000 ns	     14306	800033e8	01e6fa53	fadd.s	f20,f13,f30	 f13:0x7f800000 f30:0x5f8f7d88 f20=0x7f800000
     143105.000 ns	     14309	800033ec	29f88853	fmin.s	f16,f17,f31	 f17:0xdf8f7d88 f31:0x7fc00000 f16=0xdf8f7d88
     143125.000 ns	     14311	800033f0	01656db3	or	x27,x10,x22	 x10:0x00000000 x22:0x00000000 x27=0x00000000
     143145.000 ns	     14313	800033f4	20c41153	fsgnjn.s	f2,f8,f12	  f8:0x00000000 f12:0xbf7fffae  f2=0x00000000
     143165.000 ns	     14315	800033f8	573d0913	addi	x18,x26,1395	 x26:0x00000000 x18=0x00000573
     143175.000 ns	     14316	800033fc	408d03b3	sub	x7,x26,x8	 x26:0x00000000  x8:0x000000e8  x7=0xffffff18
     143195.000 ns	     14318	80003400	a0438e53	fle.s	x28,f7,f4	  f7:0x0000012e  f4:0x3f7fffae x28=0x00000001
     143225.000 ns	     14321	80003404	e0049ad3	fclass.s	x21,f9	  f9:0xff800000 x21=0x00000001
     143245.000 ns	     14323	80003408	01a85d13	srli	x26,x16,0x1a	 x16:0x89e763a0 x26=0x00000022
     143285.000 ns	     14327	8000340c	096c2c53	fsub.s	f24,f24,f22	 f24:0xef8f7d84 f22:0x5f8f7d88 f24=0xef8f7d85
     143305.000 ns	     14329	80003410	afc96c93	ori	x25,x18,-1284	 x18:0x00000573 x25=0xffffffff
     143315.000 ns	     14330	80003414	01ab8bb3	add	x23,x23,x26	 x23:0x00000000 x26:0x00000022 x23=0x00000022
     143335.000 ns	     14332	80003418	29d480d3	fmin.s	f1,f9,f29	  f9:0xff800000 f29:0x4f7ffff9  f1=0xff800000
     143355.000 ns	     14334	8000341c	a0a3fe37	lui	x28,0xa0a3f	 x28=0xa0a3f000
     143375.000 ns	     14336	80003420	d01b7353	fcvt.s.wu	f6,x22	 x22:0x00000000  f6=0x00000000
     143405.000 ns	     14339	80003424	d01c7ad3	fcvt.s.wu	f21,x24	 x24:0x00000001 f21=0x3f800000
     143445.000 ns	     14343	80003428	5807f053	fsqrt.s	f0,f15	 f15:0x00000000  f0=0x00000000
     143465.000 ns	     14345	8000342c	66f94e17	auipc	x28,0x66f94	 x28=0xe6f9742c
     143485.000 ns	     14347	80003430	02addab3	divu	x21,x27,x10	 x27:0x00000000 x10:0x00000000 x21=0xffffffff
     143515.000 ns	     14350	80003434	a1ee9f53	flt.s	x30,f29,f30	 f29:0x4f7ffff9 f30:0x5f8f7d88 x30=0x00000001
     143545.000 ns	     14353	80003438	02ffe0b3	rem	x1,x31,x15	 x31:0xc57613d8 x15:0x00000000  x1=0xc57613d8
     143565.000 ns	     14355	8000343c	05745fb7	lui	x31,0x5745	 x31=0x05745000
     143585.000 ns	     14357	80003440	d001f9d3	fcvt.s.w	f19,x3	  x3:0x00000040 f19=0x42800000
     143955.000 ns	     14394	80003444	02dbf433	remu	x8,x23,x13	 x23:0x00000022 x13:0xbe000000  x8=0x00000022
     143995.000 ns	     14398	80003448	195df653	fdiv.s	f12,f27,f21	 f27:0x7fc00000 f21:0x3f800000 f12=0x7fc00000
     144025.000 ns	     14401	8000344c	a119a5d3	feq.s	x11,f19,f17	 f19:0x42800000 f17:0xdf8f7d88 x11=0x00000000
     144395.000 ns	     14438	80003450	0306e0b3	rem	x1,x13,x16	 x13:0xbe000000 x16:0x89e763a0  x1=0xbe000000
     144445.000 ns	     14443	80003454	09bb07d3	fsub.s	f15,f22,f27	 f22:0x5f8f7d88 f27:0x7fc00000 f15=0x7fc00000
     144465.000 ns	     14445	80003458	0149aab3	slt	x21,x19,x20	 x19:0x00000000 x20:0xffffffff x21=0x00000000
     144485.000 ns	     14447	8000345c	e00c12d3	fclass.s	x5,f24	 f24:0xef8f7d85  x5=0x00000002
     144855.000 ns	     14484	80003460	025ed3b3	divu	x7,x29,x5	 x29:0x80041024  x5:0x00000000  x7=0x40020812
     144875.000 ns	     14486	80003464	01efd813	srli	x16,x31,0x1e	 x31:0x05745000 x16=0x00000000
     144885.000 ns	     14487	80003468	a1efcd93	xori	x27,x31,-1506	 x31:0x05745000 x27=0xfa8baa1e
     144925.000 ns	     14491	8000346c	082b29d3	fsub.s	f19,f22,f2	 f22:0x5f8f7d88  f2:0x00000000 f19=0x5f8f7d88
     144955.000 ns	     14494	80003470	c00c71d3	fcvt.w.s	x3,f24	 f24:0xef8f7d85  x3=0x80000000
     144975.000 ns	     14496	80003474	416fdc33	sra	x24,x31,x22	 x31:0x05745000 x22:0x00000000 x24=0x05745000
     144985.000 ns	     14497	80003478	a211c593	xori	x11,x3,-1503	  x3:0x80000000 x11=0x7ffffa21
     145005.000 ns	     14499	8000347c	03e2b3b3	mulhu	x7,x5,x30	  x5:0x00000002 x30:0x00000001  x7=0x00000000
     145025.000 ns	     14501	80003480	40e352b3	sra	x5,x6,x14	  x6:0x00000000 x14:0xffffffff  x5=0x00000000
     145035.000 ns	     14502	80003484	005f1d13	slli	x26,x30,0x5	 x30:0x00000001 x26=0x00000020
     145055.000 ns	     14504	80003488	c01af453	fcvt.wu.s	x8,f21	 f21:0x3f800000  x8=0x00000001
     145075.000 ns	     14506	8000348c	c25a8a13	addi	x20,x21,-987	 x21:0x00000000 x20=0xfffffc25
     145085.000 ns	     14507	80003490	00731c33	sll	x24,x6,x7	  x6:0x00000000  x7:0x00000000 x24=0x00000000
     145115.000 ns	     14510	80003494	580a31d3	fsqrt.s	f3,f20	 f20:0x7f800000  f3=0x7f800000
     145145.000 ns	     14513	80003498	d0159dd3	fcvt.s.wu	f27,x11	 x11:0x7ffffa21 f27=0x4efffff4
     145165.000 ns	     14515	8000349c	40e1d733	sra	x14,x3,x14	  x3:0x80000000 x14:0xffffffff x14=0xffffffff
     145185.000 ns	     14517	800034a0	02a3f3b3	remu	x7,x7,x10	  x7:0x00000000 x10:0x00000000  x7=0x00000000
     145205.000 ns	     14519	800034a4	005effb3	and	x31,x29,x5	 x29:0x80041024  x5:0x00000000 x31=0x00000000
     145225.000 ns	     14521	800034a8	e0048b53	fmv.x.w	x22,f9	  f9:0xff800000 x22=0xff800000
     145245.000 ns	     14523	800034ac	58c3e493	ori	x9,x7,1420	  x7:0x00000000  x9=0x0000058c
     145285.000 ns	     14527	800034b0	010c1253	fadd.s	f4,f24,f16	 f24:0xef8f7d85 f16:0xdf8f7d88  f4=0xef8f7d85
     145315.000 ns	     14530	800034b4	f0058c53	fmv.w.x	f24,x11	 x11:0x7ffffa21 f24=0x7ffffa21
     145335.000 ns	     14532	800034b8	00000013	addi	x0,x0,0	  x0:0x00000000
     145355.000 ns	     14534	800034bc	d0047e53	fcvt.s.w	f28,x8	  x8:0x00000001 f28=0x3f800000
     145375.000 ns	     14536	800034c0	00a75d93	srli	x27,x14,0xa	 x14:0xffffffff x27=0x003fffff
     145395.000 ns	     14538	800034c4	a1c49b53	flt.s	x22,f9,f28	  f9:0xff800000 f28:0x3f800000 x22=0x00000001
     145765.000 ns	     14575	800034c8	0321d733	divu	x14,x3,x18	  x3:0x80000000 x18:0x00000573 x14=0x00177d56
     145795.000 ns	     14578	800034cc	20f4add3	fsgnjx.s	f27,f9,f15	  f9:0xff800000 f15:0x7fc00000 f27=0xff800000
     145825.000 ns	     14581	800034d0	a1dbacd3	feq.s	x25,f23,f29	 f23:0x7fc00000 f29:0x4f7ffff9 x25=0x00000000
     145855.000 ns	     14584	800034d4	03ac33b3	mulhu	x7,x24,x26	 x24:0x00000000 x26:0x00000020  x7=0x00000000
     145875.000 ns	     14586	800034d8	00eb0033	add	x0,x22,x14	 x22:0x00000001 x14:0x00177d56
     145895.000 ns	     14588	800034dc	a0b70ad3	fle.s	x21,f14,f11	 f14:0xdf8f7d88 f11:0x7fc00000 x21=0x00000000
     145915.000 ns	     14590	800034e0	40afd6b3	sra	x13,x31,x10	 x31:0x00000000 x10:0x00000000 x13=0x00000000
     145925.000 ns	     14591	800034e4	dc766913	ori	x18,x12,-569	 x12:0x80040fe4 x18=0xffffffe7
     145945.000 ns	     14593	800034e8	21698053	fsgnj.s	f0,f19,f22	 f19:0x5f8f7d88 f22:0x5f8f7d88  f0=0x5f8f7d88
     145975.000 ns	     14596	800034ec	e0080953	fmv.x.w	x18,f16	 f16:0xdf8f7d88 x18=0xdf8f7d88
     145995.000 ns	     14598	800034f0	60a33737	lui	x14,0x60a33	 x14=0x60a33000
     146005.000 ns	     14599	800034f4	4ceb9597	auipc	x11,0x4ceb9	 x11=0xccebc4f4
     146025.000 ns	     14601	800034f8	a04a0853	fle.s	x16,f20,f4	 f20:0x7f800000  f4:0xef8f7d85 x16=0x00000000
     146045.000 ns	     14603	800034fc	419080b3	sub	x1,x1,x25	  x1:0xbe000000 x25:0x00000000  x1=0xbe000000
     146065.000 ns	     14605	80003500	20e50c53	fsgnj.s	f24,f10,f14	 f10:0x3f800000 f14:0xdf8f7d88 f24=0xbf800000
     146435.000 ns	     14642	80003504	03d6eb33	rem	x22,x13,x29	 x13:0x00000000 x29:0x80041024 x22=0x00000000
     146455.000 ns	     14644	80003508	2c56ad93	slti	x27,x13,709	 x13:0x00000000 x27=0x00000001
     146465.000 ns	     14645	8000350c	01077533	and	x10,x14,x16	 x14:0x60a33000 x16:0x00000000 x10=0x00000000
     146485.000 ns	     14647	80003510	02f377b3	remu	x15,x6,x15	  x6:0x00000000 x15:0x00000000 x15=0x00000000
     146505.000 ns	     14649	80003514	00fe6b33	or	x22,x28,x15	 x28:0xe6f9742c x15:0x00000000 x22=0xe6f9742c
     146865.000 ns	     14685	80003518	03e949b3	div	x19,x18,x30	 x18:0xdf8f7d88 x30:0x00000001 x19=0xdf8f7d88
     146885.000 ns	     14687	8000351c	012c1093	slli	x1,x24,0x12	 x24:0x00000000  x1=0x00000000
     146915.000 ns	     14690	80003520	103872d3	fmul.s	f5,f16,f3	 f16:0xdf8f7d88  f3:0x7f800000  f5=0xff800000
     146935.000 ns	     14692	80003524	76024e13	xori	x28,x4,1888	  x4:0xf7008000 x28=0xf7008760
     146945.000 ns	     14693	80003528	01ec5413	srli	x8,x24,0x1e	 x24:0x00000000  x8=0x00000000
     146965.000 ns	     14695	8000352c	e00e0fd3	fmv.x.w	x31,f28	 f28:0x3f800000 x31=0x3f800000
     146995.000 ns	     14698	80003530	c0017353	fcvt.w.s	x6,f2	  f2:0x00000000  x6=0x00000000
     147025.000 ns	     14701	80003534	21dd8ad3	fsgnj.s	f21,f27,f29	 f27:0xff800000 f29:0x4f7ffff9 f21=0x7f800000
     147045.000 ns	     14703	80003538	40238733	sub	x14,x7,x2	  x7:0x00000000  x2:0xed14be56 x14=0x12eb41aa
     147065.000 ns	     14705	8000353c	21fea9d3	fsgnjx.s	f19,f29,f31	 f29:0x4f7ffff9 f31:0x7fc00000 f19=0x4f7ffff9
     147095.000 ns	     14708	80003540	02749a33	mulh	x20,x9,x7	  x9:0x0000058c  x7:0x00000000 x20=0x00000000
     147115.000 ns	     14710	80003544	40dfde13	srai	x28,x31,0xd	 x31:0x3f800000 x28=0x0001fc00
     147135.000 ns	     14712	80003548	c01ffa53	fcvt.wu.s	x20,f31	 f31:0x7fc00000 x20=0xffffffff
     147155.000 ns	     14714	8000354c	bcacc693	xori	x13,x25,-1078	 x25:0x00000000 x13=0xfffffbca
     147165.000 ns	     14715	80003550	f06c8f13	addi	x30,x25,-250	 x25:0x00000000 x30=0xffffff06
     147175.000 ns	     14716	80003554	0d5db793	sltiu	x15,x27,213	 x27:0x00000001 x15=0x00000001
     147535.000 ns	     14752	80003558	02eb6f33	rem	x30,x22,x14	 x22:0xe6f9742c x14:0x12eb41aa x30=0xf9e4b5d6
     147565.000 ns	     14755	8000355c	e0068253	fmv.x.w	x4,f13	 f13:0x7f800000  x4=0x7f800000
     147605.000 ns	     14759	80003560	186a78d3	fdiv.s	f17,f20,f6	 f20:0x7f800000  f6:0x00000000 f17=0x7f800000
     147625.000 ns	     14761	80003564	40655d93	srai	x27,x10,0x6	 x10:0x00000000 x27=0x00000000
     147635.000 ns	     14762	80003568	d889f397	auipc	x7,0xd889f	  x7=0x588a2568
     147675.000 ns	     14766	8000356c	01b770d3	fadd.s	f1,f14,f27	 f14:0xdf8f7d88 f27:0xff800000  f1=0xff800000
     147695.000 ns	     14768	80003570	9f1fe293	ori	x5,x31,-1551	 x31:0x3f800000  x5=0xfffff9f1
     147715.000 ns	     14770	80003574	03bb78b3	remu	x17,x22,x27	 x22:0xe6f9742c x27:0x00000000 x17=0xe6f9742c
     148895.000 ns	     14888	80003578	580efc53	fsqrt.s	f24,f29	 f29:0x4f7ffff9 f24=0x4735045d
     148925.000 ns	     14891	8000357c	c012f253	fcvt.wu.s	x4,f5	  f5:0xff800000  x4=0x00000000
     148955.000 ns	     14894	80003580	024ef5b3	remu	x11,x29,x4	 x29:0x80041024  x4:0x7f800000 x11=0x80041024
     148985.000 ns	     14897	80003584	20a725d3	fsgnjx.s	f11,f14,f10	 f14:0xdf8f7d88 f10:0x3f800000 f11=0xdf8f7d88
     149005.000 ns	     14899	80003588	41595e33	sra	x28,x18,x21	 x18:0xdf8f7d88 x21:0x00000000 x28=0xdf8f7d88
     149025.000 ns	     14901	8000358c	039bfdb3	remu	x27,x23,x25	 x23:0x00000022 x25:0x00000000 x27=0x00000022
     149045.000 ns	     14903	80003590	002768b3	or	x17,x14,x2	 x14:0x12eb41aa  x2:0xed14be56 x17=0xfffffffe
     149055.000 ns	     14904	80003594	41085713	srai	x14,x16,0x10	 x16:0x00000000 x14=0x00000000
     149075.000 ns	     14906	80003598	a16bac53	feq.s	x24,f23,f22	 f23:0x7fc00000 f22:0x5f8f7d88 x24=0x00000000
     149125.000 ns	     14911	8000359c	085fb5d3	fsub.s	f11,f31,f5	 f31:0x7fc00000  f5:0xff800000 f11=0x7fc00000
     149155.000 ns	     14914	800035a0	294a95d3	fmax.s	f11,f21,f20	 f21:0x7f800000 f20:0x7f800000 f11=0x7f800000
     149175.000 ns	     14916	800035a4	0047cfb3	xor	x31,x15,x4	 x15:0x00000001  x4:0x00000000 x31=0x00000001
     149185.000 ns	     14917	800035a8	b1200d93	addi	x27,x0,-1262	  x0:0x00000000 x27=0xfffffb12
     149195.000 ns	     14918	800035ac	0162c433	xor	x8,x5,x22	  x5:0xfffff9f1 x22:0xe6f9742c  x8=0x19068ddd
     149205.000 ns	     14919	800035b0	005315b3	sll	x11,x6,x5	  x6:0x00000000  x5:0xfffff9f1 x11=0x00000000
     149565.000 ns	     14955	800035b4	036066b3	rem	x13,x0,x22	  x0:0x00000000 x22:0xe6f9742c x13=0x00000000
     149595.000 ns	     14958	800035b8	e00194d3	fclass.s	x9,f3	  f3:0x7f800000  x9=0x00000080
     149625.000 ns	     14961	800035bc	20e696d3	fsgnjn.s	f13,f13,f14	 f13:0x7f800000 f14:0xdf8f7d88 f13=0x7f800000
     149645.000 ns	     14963	800035c0	00760233	add	x4,x12,x7	 x12:0x80040fe4  x7:0x588a2568  x4=0xd88e354c
     149655.000 ns	     14964	800035c4	c7fc56b7	lui	x13,0xc7fc5	 x13=0xc7fc5000
     149665.000 ns	     14965	800035c8	77715bb7	lui	x23,0x77715	 x23=0x77715000
     149685.000 ns	     14967	800035cc	037c38b3	mulhu	x17,x24,x23	 x24:0x00000000 x23:0x00000022 x17=0x00000000
     149705.000 ns	     14969	800035d0	6c49ef93	ori	x31,x19,1732	 x19:0xdf8f7d88 x31=0xdf8f7fcc
     150065.000 ns	     15005	800035d4	03e9ebb3	rem	x23,x19,x30	 x19:0xdf8f7d88 x30:0xf9e4b5d6 x23=0xfe17f05a
     150085.000 ns	     15007	800035d8	a5a8b693	sltiu	x13,x17,-1446	 x17:0x00000000 x13=0x00000001
     150105.000 ns	     15009	800035dc	f00d0253	fmv.w.x	f4,x26	 x26:0x00000020  f4=0x00000020
     150135.000 ns	     15012	800035e0	20b22ad3	fsgnjx.s	f21,f4,f11	  f4:0xef8f7d85 f11:0x7f800000 f21=0x00000020
     150165.000 ns	     15015	800035e4	0206eab3	rem	x21,x13,x0	 x13:0x00000001  x0:0x00000000 x21=0x00000001
     150185.000 ns	     15017	800035e8	412bd733	sra	x14,x23,x18	 x23:0xfe17f05a x18:0xdf8f7d88 x14=0xfffe17f0
     150195.000 ns	     15018	800035ec	01d797b3	sll	x15,x15,x29	 x15:0x00000001 x29:0x80041024 x15=0x00000010
     150205.000 ns	     15019	800035f0	348ff993	andi	x19,x31,840	 x31:0xdf8f7fcc x19=0x00000348
     150225.000 ns	     15021	800035f4	200c8953	fsgnj.s	f18,f25,f0	 f25:0x7fc00000  f0:0x5f8f7d88 f18=0x7fc00000
     150255.000 ns	     15024	800035f8	036d1f33	mulh	x30,x26,x22	 x26:0x00000020 x22:0xe6f9742c x30=0xfffffffc
     150275.000 ns	     15026	800035fc	01bbdd93	srli	x27,x23,0x1b	 x23:0xfe17f05a x27=0x0000001f
     150285.000 ns	     15027	80003600	0354a893	slti	x17,x9,53	  x9:0x00000080 x17=0x00000000
     150295.000 ns	     15028	80003604	01d0d693	srli	x13,x1,0x1d	  x1:0x00000000 x13=0x00000000
     150305.000 ns	     15029	80003608	00c89433	sll	x8,x17,x12	 x17:0x00000000 x12:0x80040fe4  x8=0x00000000
     150325.000 ns	     15031	8000360c	021770b3	remu	x1,x14,x1	 x14:0xfffe17f0  x1:0x00000000  x1=0xfffe17f0
     150365.000 ns	     15035	80003610	10977d53	fmul.s	f26,f14,f9	 f14:0xdf8f7d88  f9:0xff800000 f26=0x7f800000
     150395.000 ns	     15038	80003614	03b1a4b3	mulhsu	x9,x3,x27	  x3:0x80000000 x27:0x0000001f  x9=0xfffffff0
     150415.000 ns	     15040	80003618	f99c54b7	lui	x9,0xf99c5	  x9=0xf99c5000
     150425.000 ns	     15041	8000361c	000f1993	slli	x19,x30,0x0	 x30:0xfffffffc x19=0xfffffffc
     150445.000 ns	     15043	80003620	a0b185d3	fle.s	x11,f3,f11	  f3:0x7f800000 f11:0x7f800000 x11=0x00000001
     150485.000 ns	     15047	80003624	580a7b53	fsqrt.s	f22,f20	 f20:0x7f800000 f22=0x7f800000
     150525.000 ns	     15051	80003628	19927653	fdiv.s	f12,f4,f25	  f4:0x00000020 f25:0x7fc00000 f12=0x7fc00000
     150545.000 ns	     15053	8000362c	41e25713	srai	x14,x4,0x1e	  x4:0xd88e354c x14=0xffffffff
     150575.000 ns	     15056	80003630	580ca4d3	fsqrt.s	f9,f25	 f25:0x7fc00000  f9=0x7fc00000
     150945.000 ns	     15093	80003634	0330d733	divu	x14,x1,x19	  x1:0xfffe17f0 x19:0xfffffffc x14=0x00000000
     150965.000 ns	     15095	80003638	01895093	srli	x1,x18,0x18	 x18:0xdf8f7d88  x1=0x000000df
     150975.000 ns	     15096	8000363c	5324ce13	xori	x28,x9,1330	  x9:0xf99c5000 x28=0xf99c5532
     150995.000 ns	     15098	80003640	d00e31d3	fcvt.s.w	f3,x28	 x28:0xdf8f7d88  f3=0xcccc755a
     151015.000 ns	     15100	80003644	01b67433	and	x8,x12,x27	 x12:0x80040fe4 x27:0x0000001f  x8=0x00000004
     151025.000 ns	     15101	80003648	e161f713	andi	x14,x3,-490	  x3:0x80000000 x14=0x80000000
     151045.000 ns	     15103	8000364c	f0038d53	fmv.w.x	f26,x7	  x7:0x588a2568 f26=0x588a2568
     151065.000 ns	     15105	80003650	45710213	addi	x4,x2,1111	  x2:0xed14be56  x4=0xed14c2ad
     151075.000 ns	     15106	80003654	eff47d13	andi	x26,x8,-257	  x8:0x00000004 x26=0x00000004
     151095.000 ns	     15108	80003658	29af9153	fmax.s	f2,f31,f26	 f31:0x7fc00000 f26:0x588a2568  f2=0x588a2568
     151125.000 ns	     15111	8000365c	a0491453	flt.s	x8,f18,f4	 f18:0x7fc00000  f4:0x00000020  x8=0x00000000
     151155.000 ns	     15114	80003660	028ab033	mulhu	x0,x21,x8	 x21:0x00000001  x8:0x00000004
     151185.000 ns	     15117	80003664	e00381d3	fmv.x.w	x3,f7	  f7:0x0000012e  x3=0x0000012e
     151215.000 ns	     15120	80003668	a06e16d3	flt.s	x13,f28,f6	 f28:0x3f800000  f6:0x00000000 x13=0x00000000
     151265.000 ns	     15125	8000366c	009f7753	fadd.s	f14,f30,f9	 f30:0x5f8f7d88  f9:0x7fc00000 f14=0x7fc00000
     151285.000 ns	     15127	80003670	6db48093	addi	x1,x9,1755	  x9:0xf99c5000  x1=0xf99c56db
     151295.000 ns	     15128	80003674	d2c10213	addi	x4,x2,-724	  x2:0xed14be56  x4=0xed14bb82
     151325.000 ns	     15131	80003678	580fa853	fsqrt.s	f16,f31	 f31:0x7fc00000 f16=0x7fc00000
     151365.000 ns	     15135	8000367c	117fa353	fmul.s	f6,f31,f23	 f31:0x7fc00000 f23:0x7fc00000  f6=0x7fc00000
     151395.000 ns	     15138	80003680	c006fdd3	fcvt.w.s	x27,f13	 f13:0x7f800000 x27=0x7fffffff
     151425.000 ns	     15141	80003684	c011bf53	fcvt.wu.s	x30,f3	  f3:0xcccc755a x30=0x0663aad0
     151445.000 ns	     15143	80003688	8cd33f13	sltiu	x30,x6,-1843	  x6:0x00000000 x30=0x00000001
     151465.000 ns	     15145	8000368c	e00203d3	fmv.x.w	x7,f4	  f4:0x00000020  x7=0x00000020
     151485.000 ns	     15147	80003690	7e50d917	auipc	x18,0x7e50d	 x18=0xfe510690
     151505.000 ns	     15149	80003694	a1af97d3	flt.s	x15,f31,f26	 f31:0x7fc00000 f26:0x588a2568 x15=0x00000000
     151535.000 ns	     15152	80003698	a1b9a5d3	feq.s	x11,f19,f27	 f19:0x4f7ffff9 f27:0xff800000 x11=0x00000000
     151565.000 ns	     15155	8000369c	a01e2453	feq.s	x8,f28,f1	 f28:0x3f800000  f1:0xff800000  x8=0x00000000
     151585.000 ns	     15157	800036a0	793be493	ori	x9,x23,1939	 x23:0xfe17f05a  x9=0xfe17f7db
     151595.000 ns	     15158	800036a4	529f0597	auipc	x11,0x529f0	 x11=0xd29f36a4
     151605.000 ns	     15159	800036a8	0177ecb3	or	x25,x15,x23	 x15:0x00000000 x23:0xfe17f05a x25=0xfe17f05a
     151625.000 ns	     15161	800036ac	f00e8a53	fmv.w.x	f20,x29	 x29:0x80041024 f20=0x80041024
     151645.000 ns	     15163	800036b0	01440533	add	x10,x8,x20	  x8:0x00000000 x20:0xffffffff x10=0xffffffff
     151655.000 ns	     15164	800036b4	0112dab3	srl	x21,x5,x17	  x5:0xfffff9f1 x17:0x00000000 x21=0xfffff9f1
     152015.000 ns	     15200	800036b8	02ac5933	divu	x18,x24,x10	 x24:0x00000000 x10:0x00000000 x18=0x00000000
     152035.000 ns	     15202	800036bc	2cffcb17	auipc	x22,0x2cffc	 x22=0xacfff6bc
     152055.000 ns	     15204	800036c0	02f957b3	divu	x15,x18,x15	 x18:0x00000000 x15:0x00000000 x15=0xffffffff
     152085.000 ns	     15207	800036c4	e00b0fd3	fmv.x.w	x31,f22	 f22:0x7f800000 x31=0x7f800000
     152115.000 ns	     15210	800036c8	21c415d3	fsgnjn.s	f11,f8,f28	  f8:0x00000000 f28:0x3f800000 f11=0x80000000
     152145.000 ns	     15213	800036cc	02d92bb3	mulhsu	x23,x18,x13	 x18:0x00000000 x13:0x00000000 x23=0x00000000
     152165.000 ns	     15215	800036d0	9b2f6e17	auipc	x28,0x9b2f6	 x28=0x1b2f96d0
     152175.000 ns	     15216	800036d4	40bd5013	srai	x0,x26,0xb	 x26:0x00000004
     152505.000 ns	     15249	800036d8	19ce7753	fdiv.s	f14,f28,f28	 f28:0x3f800000 f28:0x3f800000 f14=0x3f7fff38
     152535.000 ns	     15252	800036dc	c0127dd3	fcvt.wu.s	x27,f4	  f4:0x00000020 x27=0x00000000
     152555.000 ns	     15254	800036e0	0a0f0293	addi	x5,x30,160	 x30:0x00000001  x5=0x000000a1
     152565.000 ns	     15255	800036e4	64577c13	andi	x24,x14,1605	 x14:0x80000000 x24=0x00000000
     152585.000 ns	     15257	800036e8	21d085d3	fsgnj.s	f11,f1,f29	  f1:0xff800000 f29:0x4f7ffff9 f11=0x7f800000
     152615.000 ns	     15260	800036ec	29f01a53	fmax.s	f20,f0,f31	  f0:0x5f8f7d88 f31:0x7fc00000 f20=0x5f8f7d88
     152645.000 ns	     15263	800036f0	20c000d3	fsgnj.s	f1,f0,f12	  f0:0x5f8f7d88 f12:0x7fc00000  f1=0x5f8f7d88
     152665.000 ns	     15265	800036f4	009e2033	slt	x0,x28,x9	 x28:0x1b2f96d0  x9:0xfe17f7db
     152675.000 ns	     15266	800036f8	01173db3	sltu	x27,x14,x17	 x14:0x80000000 x17:0x00000000 x27=0x00000000
     152685.000 ns	     15267	800036fc	75a44013	xori	x0,x8,1882	  x8:0x00000000
     152725.000 ns	     15271	80003700	098df453	fsub.s	f8,f27,f24	 f27:0xff800000 f24:0x4735045d  f8=0xff800000
     152755.000 ns	     15274	80003704	d0024353	fcvt.s.w	f6,x4	  x4:0xed14bb82  f6=0xcd975a24
     152785.000 ns	     15277	80003708	28d09453	fmax.s	f8,f1,f13	  f1:0x5f8f7d88 f13:0x7f800000  f8=0x7f800000
     152815.000 ns	     15280	8000370c	214395d3	fsgnjn.s	f11,f7,f20	  f7:0x0000012e f20:0x5f8f7d88 f11=0x8000012e
     152835.000 ns	     15282	80003710	5224e193	ori	x3,x9,1314	  x9:0xfe17f7db  x3=0xfe17f7fb
     152845.000 ns	     15283	80003714	016c8c33	add	x24,x25,x22	 x25:0xfe17f05a x22:0xacfff6bc x24=0xab17e716
     152855.000 ns	     15284	80003718	405f5b13	srai	x22,x30,0x5	 x30:0x00000001 x22=0x00000000
     152875.000 ns	     15286	8000371c	c01071d3	fcvt.wu.s	x3,f0	  f0:0x5f8f7d88  x3=0xffffffff
     152905.000 ns	     15289	80003720	02f93ab3	mulhu	x21,x18,x15	 x18:0x00000000 x15:0xffffffff x21=0x00000000
     152935.000 ns	     15292	80003724	f0040753	fmv.w.x	f14,x8	  x8:0x00000000 f14=0x00000000
     152955.000 ns	     15294	80003728	408455b3	sra	x11,x8,x8	  x8:0x00000000  x8:0x00000000 x11=0x00000000
     152965.000 ns	     15295	8000372c	41be81b3	sub	x3,x29,x27	 x29:0x80041024 x27:0x00000000  x3=0x80041024
     152985.000 ns	     15297	80003730	0244b033	mulhu	x0,x9,x4	  x9:0xfe17f7db  x4:0xed14bb82
     153355.000 ns	     15334	80003734	0275c2b3	div	x5,x11,x7	 x11:0x00000000  x7:0x00000020  x5=0x00000000
     153385.000 ns	     15337	80003738	d00bf653	fcvt.s.w	f12,x23	 x23:0x00000000 f12=0x00000000
     153405.000 ns	     15339	8000373c	01d6d2b3	srl	x5,x13,x29	 x13:0x00000000 x29:0x80041024  x5=0x00000000
     153415.000 ns	     15340	80003740	41dad3b3	sra	x7,x21,x29	 x21:0x00000000 x29:0x80041024  x7=0x00000000
     153425.000 ns	     15341	80003744	ba7a07b7	lui	x15,0xba7a0	 x15=0xba7a0000
     153455.000 ns	     15344	80003748	1155ffd3	fmul.s	f31,f11,f21	 f11:0x8000012e f21:0x00000020 f31=0x80000000
     153475.000 ns	     15346	8000374c	0224c393	xori	x7,x9,34	  x9:0xfe17f7db  x7=0xfe17f7f9
     153485.000 ns	     15347	80003750	00163533	sltu	x10,x12,x1	 x12:0x80040fe4  x1:0xf99c56db x10=0x00000001
     153495.000 ns	     15348	80003754	00394bb3	xor	x23,x18,x3	 x18:0x00000000  x3:0x80041024 x23=0x80041024
     153505.000 ns	     15349	80003758	01230833	add	x16,x6,x18	  x6:0x00000000 x18:0x00000000 x16=0x00000000
     153525.000 ns	     15351	8000375c	02db00b3	mul	x1,x22,x13	 x22:0x00000000 x13:0x00000000  x1=0x00000000
     153545.000 ns	     15353	80003760	59b76437	lui	x8,0x59b76	  x8=0x59b76000
     153565.000 ns	     15355	80003764	29ee92d3	fmax.s	f5,f29,f30	 f29:0x4f7ffff9 f30:0x5f8f7d88  f5=0x5f8f7d88
     153585.000 ns	     15357	80003768	01321293	slli	x5,x4,0x13	  x4:0xed14bb82  x5=0xdc100000
     153625.000 ns	     15361	8000376c	085c7553	fsub.s	f10,f24,f5	 f24:0x4735045d  f5:0x5f8f7d88 f10=0xdf8f7d88
     153665.000 ns	     15365	80003770	107b0fd3	fmul.s	f31,f22,f7	 f22:0x7f800000  f7:0x0000012e f31=0x7f800000
     153695.000 ns	     15368	80003774	20738853	fsgnj.s	f16,f7,f7	  f7:0x0000012e  f7:0x0000012e f16=0x0000012e
     153725.000 ns	     15371	80003778	29b99dd3	fmax.s	f27,f19,f27	 f19:0x4f7ffff9 f27:0xff800000 f27=0x4f7ffff9
     153755.000 ns	     15374	8000377c	290989d3	fmin.s	f19,f19,f16	 f19:0x4f7ffff9 f16:0x0000012e f19=0x0000012e
     153775.000 ns	     15376	80003780	00000013	addi	x0,x0,0	  x0:0x00000000
     153795.000 ns	     15378	80003784	f0058653	fmv.w.x	f12,x11	 x11:0x00000000 f12=0x00000000
     153825.000 ns	     15381	80003788	21b40553	fsgnj.s	f10,f8,f27	  f8:0x7f800000 f27:0x4f7ffff9 f10=0x7f800000
     153845.000 ns	     15383	8000378c	40a8db13	srai	x22,x17,0xa	 x17:0x00000000 x22=0x00000000
     153865.000 ns	     15385	80003790	03808ab3	mul	x21,x1,x24	  x1:0x00000000 x24:0xab17e716 x21=0x00000000
     153885.000 ns	     15387	80003794	415055b3	sra	x11,x0,x21	  x0:0x00000000 x21:0x00000000 x11=0x00000000
     153905.000 ns	     15389	80003798	a1f0a2d3	feq.s	x5,f1,f31	  f1:0x5f8f7d88 f31:0x7f800000  x5=0x00000000
     153925.000 ns	     15391	8000379c	d0f9cc13	xori	x24,x19,-753	 x19:0xfffffffc x24=0x000002f3
     153935.000 ns	     15392	800037a0	e2440f13	addi	x30,x8,-476	  x8:0x59b76000 x30=0x59b75e24
     154295.000 ns	     15428	800037a4	0377c9b3	div	x19,x15,x23	 x15:0xba7a0000 x23:0x80041024 x19=0x00000000
     154345.000 ns	     15433	800037a8	09fa7c53	fsub.s	f24,f20,f31	 f20:0x5f8f7d88 f31:0x7f800000 f24=0xff800000
     154365.000 ns	     15435	800037ac	00ce05b3	add	x11,x28,x12	 x28:0x1b2f96d0 x12:0x80040fe4 x11=0x9b33a6b4
     154375.000 ns	     15436	800037b0	01504fb3	xor	x31,x0,x21	  x0:0x00000000 x21:0x00000000 x31=0x00000000
     154385.000 ns	     15437	800037b4	01f43f33	sltu	x30,x8,x31	  x8:0x59b76000 x31:0x7f800000 x30=0x00000000
     154395.000 ns	     15438	800037b8	05042d13	slti	x26,x8,80	  x8:0x59b76000 x26=0x00000000
     154415.000 ns	     15440	800037bc	21c109d3	fsgnj.s	f19,f2,f28	  f2:0x588a2568 f28:0x3f800000 f19=0x588a2568
     154435.000 ns	     15442	800037c0	404651b3	sra	x3,x12,x4	 x12:0x80040fe4  x4:0xed14bb82  x3=0xe00103f9
     154445.000 ns	     15443	800037c4	00cb1513	slli	x10,x22,0xc	 x22:0x00000000 x10=0x00000000
     154455.000 ns	     15444	800037c8	5a794693	xori	x13,x18,1447	 x18:0x00000000 x13=0x000005a7
     154475.000 ns	     15446	800037cc	f0038cd3	fmv.w.x	f25,x7	  x7:0xfe17f7f9 f25=0xfe17f7f9
     154525.000 ns	     15451	800037d0	08c485d3	fsub.s	f11,f9,f12	  f9:0x7fc00000 f12:0x00000000 f11=0x7fc00000
     154895.000 ns	     15488	800037d4	02e44833	div	x16,x8,x14	  x8:0x59b76000 x14:0x80000000 x16=0x00000000
     154925.000 ns	     15491	800037d8	a12f88d3	fle.s	x17,f31,f18	 f31:0x7f800000 f18:0x7fc00000 x17=0x00000000
     154955.000 ns	     15494	800037dc	c01e7253	fcvt.wu.s	x4,f28	 f28:0x3f800000  x4=0x00000001
     154975.000 ns	     15496	800037e0	4ec46413	ori	x8,x8,1260	  x8:0x59b76000  x8=0x59b764ec
     154995.000 ns	     15498	800037e4	0253c5b3	div	x11,x7,x5	  x7:0xfe17f7f9  x5:0x00000000 x11=0xffffffff
     155015.000 ns	     15500	800037e8	002f5933	srl	x18,x30,x2	 x30:0x00000000  x2:0xed14be56 x18=0x00000000
     155025.000 ns	     15501	800037ec	40b3d213	srai	x4,x7,0xb	  x7:0xfe17f7f9  x4=0xffffc2fe
     155045.000 ns	     15503	800037f0	d019f053	fcvt.s.wu	f0,x19	 x19:0x00000000  f0=0x00000000
     155065.000 ns	     15505	800037f4	2cce7193	andi	x3,x28,716	 x28:0x1b2f96d0  x3=0x000002c0
     155085.000 ns	     15507	800037f8	d00a1ad3	fcvt.s.w	f21,x20	 x20:0xffffffff f21=0xbf800000
     155115.000 ns	     15510	800037fc	e0078bd3	fmv.x.w	x23,f15	 f15:0x7fc00000 x23=0x7fc00000
     155145.000 ns	     15513	80003800	a00d0053	fle.s	x0,f26,f0	 f26:0x588a2568  f0:0x00000000
     155175.000 ns	     15516	80003804	f00085d3	fmv.w.x	f11,x1	  x1:0x00000000 f11=0x00000000
     155195.000 ns	     15518	80003808	7bf07813	andi	x16,x0,1983	  x0:0x00000000 x16=0x00000000
     155205.000 ns	     15519	8000380c	0010c833	xor	x16,x1,x1	  x1:0x00000000  x1:0x00000000 x16=0x00000000
     156375.000 ns	     15636	80003810	580e4e53	fsqrt.s	f28,f28	 f28:0x3f800000 f28=0x3f7fffae
     156745.000 ns	     15673	80003814	023061b3	rem	x3,x0,x3	  x0:0x00000000  x3:0x000002c0  x3=0x00000000
     156765.000 ns	     15675	80003818	c3e3b393	sltiu	x7,x7,-962	  x7:0xfe17f7f9  x7=0x00000001
     156775.000 ns	     15676	8000381c	b0b17593	andi	x11,x2,-1269	  x2:0xed14be56 x11=0xed14ba02
     157105.000 ns	     15709	80003820	190824d3	fdiv.s	f9,f16,f16	 f16:0x0000012e f16:0x0000012e  f9=0x37d52d2e
     157135.000 ns	     15712	80003824	d019f2d3	fcvt.s.wu	f5,x19	 x19:0x00000000  f5=0x00000000
     157155.000 ns	     15714	80003828	401850b3	sra	x1,x16,x1	 x16:0x00000000  x1:0x00000000  x1=0x00000000
     157165.000 ns	     15715	8000382c	0142fe33	and	x28,x5,x20	  x5:0x00000000 x20:0xffffffff x28=0x00000000
     157185.000 ns	     15717	80003830	a1b003d3	fle.s	x7,f0,f27	  f0:0x00000000 f27:0x4f7ffff9  x7=0x00000001
     157215.000 ns	     15720	80003834	035b31b3	mulhu	x3,x22,x21	 x22:0x00000000 x21:0x00000000  x3=0x00000000
     157235.000 ns	     15722	80003838	404589b3	sub	x19,x11,x4	 x11:0xed14ba02  x4:0xffffc2fe x19=0xed14f704
     157255.000 ns	     15724	8000383c	02ace5b3	rem	x11,x25,x10	 x25:0xfe17f05a x10:0x00000000 x11=0xfe17f05a
     157275.000 ns	     15726	80003840	d000cb93	xori	x23,x1,-768	  x1:0x00000000 x23=0xfffffd00
     157285.000 ns	     15727	80003844	402c5593	srai	x11,x24,0x2	 x24:0x000002f3 x11=0x000000bc
     157295.000 ns	     15728	80003848	01ce8733	add	x14,x29,x28	 x29:0x80041024 x28:0x00000000 x14=0x80041024
     157315.000 ns	     15730	8000384c	03125db3	divu	x27,x4,x17	  x4:0xffffc2fe x17:0x00000000 x27=0xffffffff
     157345.000 ns	     15733	80003850	200a83d3	fsgnj.s	f7,f21,f0	 f21:0xbf800000  f0:0x00000000  f7=0x3f800000
     157365.000 ns	     15735	80003854	00e5dab3	srl	x21,x11,x14	 x11:0x000000bc x14:0x80041024 x21=0x0000000b
     157395.000 ns	     15738	80003858	18e32cd3	fdiv.s	f25,f6,f14	  f6:0xcd975a24 f14:0x00000000 f25=0xff800000
     157425.000 ns	     15741	8000385c	02a91db3	mulh	x27,x18,x10	 x18:0x00000000 x10:0x00000000 x27=0x00000000
     157455.000 ns	     15744	80003860	a15683d3	fle.s	x7,f13,f21	 f13:0x7f800000 f21:0xbf800000  x7=0x00000000
     157485.000 ns	     15747	80003864	e00f9cd3	fclass.s	x25,f31	 f31:0x7f800000 x25=0x00000080
     157505.000 ns	     15749	80003868	ed8eeb13	ori	x22,x29,-296	 x29:0x80041024 x22=0xfffffefc
     157515.000 ns	     15750	8000386c	40cd8bb3	sub	x23,x27,x12	 x27:0x00000000 x12:0x80040fe4 x23=0x7ffbf01c
     157535.000 ns	     15752	80003870	03b23033	mulhu	x0,x4,x27	  x4:0xffffc2fe x27:0x00000000
     157565.000 ns	     15755	80003874	207723d3	fsgnjx.s	f7,f14,f7	 f14:0x00000000  f7:0x3f800000  f7=0x00000000
     157595.000 ns	     15758	80003878	02d53533	mulhu	x10,x10,x13	 x10:0x00000000 x13:0x000005a7 x10=0x00000000
     157625.000 ns	     15761	8000387c	a0fbaa53	feq.s	x20,f23,f15	 f23:0x7fc00000 f15:0x7fc00000 x20=0x00000000
     157645.000 ns	     15763	80003880	19d78513	addi	x10,x15,413	 x15:0xba7a0000 x10=0xba7a019d
     157655.000 ns	     15764	80003884	007ad713	srli	x14,x21,0x7	 x21:0x0000000b x14=0x00000000
     158015.000 ns	     15800	80003888	03dc7033	remu	x0,x24,x29	 x24:0x000002f3 x29:0x80041024
     158035.000 ns	     15802	8000388c	018771b3	and	x3,x14,x24	 x14:0x80041024 x24:0x000002f3  x3=0x00000000
     158055.000 ns	     15804	80003890	d00cad53	fcvt.s.w	f26,x25	 x25:0x00000080 f26=0x43000000
     158085.000 ns	     15807	80003894	03b2f533	remu	x10,x5,x27	  x5:0x00000000 x27:0x00000000 x10=0x00000000
     158115.000 ns	     15810	80003898	f0040153	fmv.w.x	f2,x8	  x8:0x59b764ec  f2=0x59b764ec
     158135.000 ns	     15812	8000389c	0123b5b3	sltu	x11,x7,x18	  x7:0x00000000 x18:0x00000000 x11=0x00000000
     158155.000 ns	     15814	800038a0	29bd9053	fmax.s	f0,f27,f27	 f27:0x4f7ffff9 f27:0x4f7ffff9  f0=0x4f7ffff9
     158185.000 ns	     15817	800038a4	a1ae9553	flt.s	x10,f29,f26	 f29:0x4f7ffff9 f26:0x43000000 x10=0x00000000
     158235.000 ns	     15822	800038a8	015bf853	fadd.s	f16,f23,f21	 f23:0x7fc00000 f21:0xbf800000 f16=0x7fc00000
     158255.000 ns	     15824	800038ac	004c80b3	add	x1,x25,x4	 x25:0x00000080  x4:0xffffc2fe  x1=0xffffc37e
     158265.000 ns	     15825	800038b0	c60a22b7	lui	x5,0xc60a2	  x5=0xc60a2000
     158285.000 ns	     15827	800038b4	21880653	fsgnj.s	f12,f16,f24	 f16:0x7fc00000 f24:0xff800000 f12=0xffc00000
     158655.000 ns	     15864	800038b8	028c5b33	divu	x22,x24,x8	 x24:0x000002f3  x8:0x59b764ec x22=0x00000000
     158685.000 ns	     15867	800038bc	f00383d3	fmv.w.x	f7,x7	  x7:0x00000000  f7=0x00000000
     159055.000 ns	     15904	800038c0	037073b3	remu	x7,x0,x23	  x0:0x00000000 x23:0x7ffbf01c  x7=0x00000000
     159075.000 ns	     15906	800038c4	0084b733	sltu	x14,x9,x8	  x9:0xfe17f7db  x8:0x59b764ec x14=0x00000000
     159085.000 ns	     15907	800038c8	01e74c33	xor	x24,x14,x30	 x14:0x00000000 x30:0x00000000 x24=0x00000000
     159095.000 ns	     15908	800038cc	01c6d793	srli	x15,x13,0x1c	 x13:0x000005a7 x15=0x00000000
     159115.000 ns	     15910	800038d0	c01ff4d3	fcvt.wu.s	x9,f31	 f31:0x7f800000  x9=0xffffffff
     159135.000 ns	     15912	800038d4	414c5513	srai	x10,x24,0x14	 x24:0x00000000 x10=0x00000000
     159155.000 ns	     15914	800038d8	034e61b3	rem	x3,x28,x20	 x28:0x00000000 x20:0x00000000  x3=0x00000000
     159185.000 ns	     15917	800038dc	21b10b53	fsgnj.s	f22,f2,f27	  f2:0x59b764ec f27:0x4f7ffff9 f22=0x59b764ec
     159555.000 ns	     15954	800038e0	025efdb3	remu	x27,x29,x5	 x29:0x80041024  x5:0xc60a2000 x27=0x80041024
     159575.000 ns	     15956	800038e4	6311b813	sltiu	x16,x3,1585	  x3:0x00000000 x16=0x00000001
     159595.000 ns	     15958	800038e8	0392b2b3	mulhu	x5,x5,x25	  x5:0xc60a2000 x25:0x00000080  x5=0x00000063
     159615.000 ns	     15960	800038ec	00c6f533	and	x10,x13,x12	 x13:0x000005a7 x12:0x80040fe4 x10=0x000005a4
     159645.000 ns	     15963	800038f0	1806f4d3	fdiv.s	f9,f13,f0	 f13:0x7f800000  f0:0x4f7ffff9  f9=0x7f800000
     159665.000 ns	     15965	800038f4	006252b3	srl	x5,x4,x6	  x4:0xffffc2fe  x6:0x00000000  x5=0xffffc2fe
     159675.000 ns	     15966	800038f8	01260b33	add	x22,x12,x18	 x12:0x80040fe4 x18:0x00000000 x22=0x80040fe4
     160845.000 ns	     16083	800038fc	58017cd3	fsqrt.s	f25,f2	  f2:0x59b764ec f25=0x4c9936aa
     160865.000 ns	     16085	80003900	afb4e793	ori	x15,x9,-1285	  x9:0xffffffff x15=0xffffffff
     160895.000 ns	     16088	80003904	580ff353	fsqrt.s	f6,f31	 f31:0x7f800000  f6=0x7f800000
     160915.000 ns	     16090	80003908	0fa796b7	lui	x13,0xfa79	 x13=0x0fa79000
     160935.000 ns	     16092	8000390c	f00200d3	fmv.w.x	f1,x4	  x4:0xffffc2fe  f1=0xffffc2fe
     160965.000 ns	     16095	80003910	0235fc33	remu	x24,x11,x3	 x11:0x00000000  x3:0x00000000 x24=0x00000000
     161335.000 ns	     16132	80003914	024cec33	rem	x24,x25,x4	 x25:0x00000080  x4:0xffffc2fe x24=0x00000080
     161355.000 ns	     16134	80003918	01285d93	srli	x27,x16,0x12	 x16:0x00000001 x27=0x00000000
     161365.000 ns	     16135	8000391c	9dc96193	ori	x3,x18,-1572	 x18:0x00000000  x3=0xfffff9dc
     161375.000 ns	     16136	80003920	0142b733	sltu	x14,x5,x20	  x5:0xffffc2fe x20:0x00000000 x14=0x00000000
     161385.000 ns	     16137	80003924	0156bdb3	sltu	x27,x13,x21	 x13:0x0fa79000 x21:0x0000000b x27=0x00000000
     161395.000 ns	     16138	80003928	01c413b3	sll	x7,x8,x28	  x8:0x59b764ec x28:0x00000000  x7=0x59b764ec
     161405.000 ns	     16139	8000392c	018582b3	add	x5,x11,x24	 x11:0x00000000 x24:0x00000080  x5=0x00000080
     161435.000 ns	     16142	80003930	105726d3	fmul.s	f13,f14,f5	 f14:0x00000000  f5:0x00000000 f13=0x00000000
     161805.000 ns	     16179	80003934	02c264b3	rem	x9,x4,x12	  x4:0xffffc2fe x12:0x80040fe4  x9=0xffffc2fe
     161835.000 ns	     16182	80003938	03e9b433	mulhu	x8,x19,x30	 x19:0xed14f704 x30:0x00000000  x8=0x00000000
     161865.000 ns	     16185	8000393c	02c21c33	mulh	x24,x4,x12	  x4:0xffffc2fe x12:0x80040fe4 x24=0x00001e80
     161895.000 ns	     16188	80003940	a06481d3	fle.s	x3,f9,f6	  f9:0x7f800000  f6:0x7f800000  x3=0x00000001
     161925.000 ns	     16191	80003944	a0e61853	flt.s	x16,f12,f14	 f12:0xffc00000 f14:0x00000000 x16=0x00000000
     161955.000 ns	     16194	80003948	2132a2d3	fsgnjx.s	f5,f5,f19	  f5:0x00000000 f19:0x588a2568  f5=0x00000000
     161975.000 ns	     16196	8000394c	0a7cc013	xori	x0,x25,167	 x25:0x00000080
     161985.000 ns	     16197	80003950	01c424b3	slt	x9,x8,x28	  x8:0x00000000 x28:0x00000000  x9=0x00000000
     161995.000 ns	     16198	80003954	7aad3793	sltiu	x15,x26,1962	 x26:0x00000000 x15=0x00000001
     162005.000 ns	     16199	80003958	001c2d33	slt	x26,x24,x1	 x24:0x00001e80  x1:0xffffc37e x26=0x00000000
     162015.000 ns	     16200	8000395c	51b87b93	andi	x23,x16,1307	 x16:0x00000000 x23=0x00000000
     162035.000 ns	     16202	80003960	03931db3	mulh	x27,x6,x25	  x6:0x00000000 x25:0x00000080 x27=0x00000000
     162055.000 ns	     16204	80003964	00679933	sll	x18,x15,x6	 x15:0x00000001  x6:0x00000000 x18=0x00000001
     162075.000 ns	     16206	80003968	20d92953	fsgnjx.s	f18,f18,f13	 f18:0x7fc00000 f13:0x00000000 f18=0x7fc00000
     162105.000 ns	     16209	8000396c	a1a81fd3	flt.s	x31,f16,f26	 f16:0x7fc00000 f26:0x43000000 x31=0x00000000
     162135.000 ns	     16212	80003970	e0048fd3	fmv.x.w	x31,f9	  f9:0x7f800000 x31=0x7f800000
     162155.000 ns	     16214	80003974	00000013	addi	x0,x0,0	  x0:0x00000000
     162175.000 ns	     16216	80003978	03721433	mulh	x8,x4,x23	  x4:0xffffc2fe x23:0x00000000  x8=0x00000000
     162195.000 ns	     16218	8000397c	005da0b3	slt	x1,x27,x5	 x27:0x00000000  x5:0x00000080  x1=0x00000001
     162205.000 ns	     16219	80003980	401c5993	srai	x19,x24,0x1	 x24:0x00001e80 x19=0x00000f40
     162225.000 ns	     16221	80003984	039aa8b3	mulhsu	x17,x21,x25	 x21:0x0000000b x25:0x00000080 x17=0x00000000
     162265.000 ns	     16225	80003988	1189ff53	fmul.s	f30,f19,f24	 f19:0x588a2568 f24:0xff800000 f30=0xff800000
     162305.000 ns	     16229	8000398c	18768153	fdiv.s	f2,f13,f7	 f13:0x00000000  f7:0x00000000  f2=0x7fc00000
     162325.000 ns	     16231	80003990	79c3b713	sltiu	x14,x7,1948	  x7:0x59b764ec x14=0x00000000
     162345.000 ns	     16233	80003994	c01c7253	fcvt.wu.s	x4,f24	 f24:0xff800000  x4=0x00000000
     162375.000 ns	     16236	80003998	e0040c53	fmv.x.w	x24,f8	  f8:0x7f800000 x24=0x7f800000
     162395.000 ns	     16238	8000399c	01e90e33	add	x28,x18,x30	 x18:0x00000001 x30:0x00000000 x28=0x00000001
     162405.000 ns	     16239	800039a0	3e503413	sltiu	x8,x0,997	  x0:0x00000000  x8=0x00000001
     162425.000 ns	     16241	800039a4	c009f353	fcvt.w.s	x6,f19	 f19:0x588a2568  x6=0x7fffffff
     162445.000 ns	     16243	800039a8	0019ed33	or	x26,x19,x1	 x19:0x00000f40  x1:0x00000001 x26=0x00000f41
     162465.000 ns	     16245	800039ac	020f0733	mul	x14,x30,x0	 x30:0x00000000  x0:0x00000000 x14=0x00000000
     162485.000 ns	     16247	800039b0	32287213	andi	x4,x16,802	 x16:0x00000000  x4=0x00000000
     162505.000 ns	     16249	800039b4	20839853	fsgnjn.s	f16,f7,f8	  f7:0x00000000  f8:0x7f800000 f16=0x80000000
     162535.000 ns	     16252	800039b8	204eafd3	fsgnjx.s	f31,f29,f4	 f29:0x4f7ffff9  f4:0x00000020 f31=0x4f7ffff9
     162555.000 ns	     16254	800039bc	417f56b3	sra	x13,x30,x23	 x30:0x00000000 x23:0x00000000 x13=0x00000000
     162575.000 ns	     16256	800039c0	d000fd53	fcvt.s.w	f26,x1	  x1:0x00000001 f26=0x3f800000
     162605.000 ns	     16259	800039c4	20ea8653	fsgnj.s	f12,f21,f14	 f21:0xbf800000 f14:0x00000000 f12=0x3f800000
     162625.000 ns	     16261	800039c8	a8cdf593	andi	x11,x27,-1396	 x27:0x00000000 x11=0x00000000
     162635.000 ns	     16262	800039cc	83f34b17	auipc	x22,0x83f34	 x22=0x03f379cc
     162645.000 ns	     16263	800039d0	e17c2313	slti	x6,x24,-489	 x24:0x7f800000  x6=0x00000000
     162665.000 ns	     16265	800039d4	d006cdd3	fcvt.s.w	f27,x13	 x13:0x00000000 f27=0x00000000
     162685.000 ns	     16267	800039d8	78bc7713	andi	x14,x24,1931	 x24:0x7f800000 x14=0x00000000
     162695.000 ns	     16268	800039dc	403984b3	sub	x9,x19,x3	 x19:0x00000f40  x3:0x00000001  x9=0x00000f3f
     162705.000 ns	     16269	800039e0	01c0e3b3	or	x7,x1,x28	  x1:0x00000001 x28:0x00000001  x7=0x00000001
     162735.000 ns	     16272	800039e4	18bdf253	fdiv.s	f4,f27,f11	 f27:0x00000000 f11:0x00000000  f4=0x7fc00000
     162755.000 ns	     16274	800039e8	013b1433	sll	x8,x22,x19	 x22:0x03f379cc x19:0x00000f40  x8=0x03f379cc
     162765.000 ns	     16275	800039ec	00314c33	xor	x24,x2,x3	  x2:0xed14be56  x3:0x00000001 x24=0xed14be57
     162775.000 ns	     16276	800039f0	00c87db3	and	x27,x16,x12	 x16:0x00000000 x12:0x80040fe4 x27=0x00000000
     162785.000 ns	     16277	800039f4	0087e6b3	or	x13,x15,x8	 x15:0x00000001  x8:0x03f379cc x13=0x03f379cd
     162815.000 ns	     16280	800039f8	109aa2d3	fmul.s	f5,f21,f9	 f21:0xbf800000  f9:0x7f800000  f5=0xff800000
     162845.000 ns	     16283	800039fc	f00e8653	fmv.w.x	f12,x29	 x29:0x80041024 f12=0x80041024
     162875.000 ns	     16286	80003a00	29dd0553	fmin.s	f10,f26,f29	 f26:0x3f800000 f29:0x4f7ffff9 f10=0x3f800000
     162895.000 ns	     16288	80003a04	40a4d413	srai	x8,x9,0xa	  x9:0x00000f3f  x8=0x00000003
     162905.000 ns	     16289	80003a08	71befb17	auipc	x22,0x71bef	 x22=0xf1bf2a08
     162925.000 ns	     16291	80003a0c	d00a7d53	fcvt.s.w	f26,x20	 x20:0x00000000 f26=0x00000000
     162955.000 ns	     16294	80003a10	21b080d3	fsgnj.s	f1,f1,f27	  f1:0xffffc2fe f27:0x00000000  f1=0x7fffc2fe
     162985.000 ns	     16297	80003a14	a0afa353	feq.s	x6,f31,f10	 f31:0x4f7ffff9 f10:0x3f800000  x6=0x00000000
     163005.000 ns	     16299	80003a18	000af933	and	x18,x21,x0	 x21:0x0000000b  x0:0x00000000 x18=0x00000000
     163035.000 ns	     16302	80003a1c	110affd3	fmul.s	f31,f21,f16	 f21:0xbf800000 f16:0x80000000 f31=0x00000000
     163065.000 ns	     16305	80003a20	033ea733	mulhsu	x14,x29,x19	 x29:0x80041024 x19:0x00000f40 x14=0xfffff860
     163095.000 ns	     16308	80003a24	d019a2d3	fcvt.s.wu	f5,x19	 x19:0x00000f40  f5=0x45740000
     163115.000 ns	     16310	80003a28	01e22833	slt	x16,x4,x30	  x4:0x00000000 x30:0x00000000 x16=0x00000000
     163125.000 ns	     16311	80003a2c	1b702e37	lui	x28,0x1b702	 x28=0x1b702000
     163145.000 ns	     16313	80003a30	a0062d53	feq.s	x26,f12,f0	 f12:0x80041024  f0:0x4f7ffff9 x26=0x00000000
     163185.000 ns	     16317	80003a34	10fc4a53	fmul.s	f20,f24,f15	 f24:0xff800000 f15:0x7fc00000 f20=0x7fc00000
     163215.000 ns	     16320	80003a38	d0143853	fcvt.s.wu	f16,x8	  x8:0x00000003 f16=0x40400000
     163235.000 ns	     16322	80003a3c	e5d37793	andi	x15,x6,-419	  x6:0x00000000 x15=0x00000000
     163245.000 ns	     16323	80003a40	4c066d93	ori	x27,x12,1216	 x12:0x80040fe4 x27=0x80040fe4
     163265.000 ns	     16325	80003a44	a0daacd3	feq.s	x25,f21,f13	 f21:0xbf800000 f13:0x00000000 x25=0x00000000
     163295.000 ns	     16328	80003a48	203dae53	fsgnjx.s	f28,f27,f3	 f27:0x00000000  f3:0xcccc755a f28=0x80000000
     163315.000 ns	     16330	80003a4c	000b56b3	srl	x13,x22,x0	 x22:0xf1bf2a08  x0:0x00000000 x13=0xf1bf2a08
     163335.000 ns	     16332	80003a50	a1791cd3	flt.s	x25,f18,f23	 f18:0x7fc00000 f23:0x7fc00000 x25=0x00000000
     163365.000 ns	     16335	80003a54	211e8953	fsgnj.s	f18,f29,f17	 f29:0x4f7ffff9 f17:0x7f800000 f18=0x4f7ffff9
     163385.000 ns	     16337	80003a58	00cddbb3	srl	x23,x27,x12	 x27:0x80040fe4 x12:0x80040fe4 x23=0x080040fe
     163395.000 ns	     16338	80003a5c	0042a4b3	slt	x9,x5,x4	  x5:0x00000080  x4:0x00000000  x9=0x00000000
     163405.000 ns	     16339	80003a60	001ee033	or	x0,x29,x1	 x29:0x80041024  x1:0x00000001
     163435.000 ns	     16342	80003a64	10862b53	fmul.s	f22,f12,f8	 f12:0x80041024  f8:0x7f800000 f22=0xff800000
     163465.000 ns	     16345	80003a68	028014b3	mulh	x9,x0,x8	  x0:0x00000000  x8:0x00000003  x9=0x00000000
     163495.000 ns	     16348	80003a6c	c001c4d3	fcvt.w.s	x9,f3	  f3:0xcccc755a  x9=0xf99c5530
     163525.000 ns	     16351	80003a70	02f38e33	mul	x28,x7,x15	  x7:0x00000001 x15:0x00000000 x28=0x00000000
     163575.000 ns	     16356	80003a74	00be7a53	fadd.s	f20,f28,f11	 f28:0x80000000 f11:0x00000000 f20=0x00000000
     163605.000 ns	     16359	80003a78	a090a3d3	feq.s	x7,f1,f9	  f1:0x7fffc2fe  f9:0x7f800000  x7=0x00000000
     163625.000 ns	     16361	80003a7c	00da1993	slli	x19,x20,0xd	 x20:0x00000000 x19=0x00000000
     163645.000 ns	     16363	80003a80	c012fd53	fcvt.wu.s	x26,f5	  f5:0x45740000 x26=0x00000f40
     163675.000 ns	     16366	80003a84	28368653	fmin.s	f12,f13,f3	 f13:0x00000000  f3:0xcccc755a f12=0xcccc755a
     163705.000 ns	     16369	80003a88	c00b06d3	fcvt.w.s	x13,f22	 f22:0xff800000 x13=0x80000000
     163725.000 ns	     16371	80003a8c	00000013	addi	x0,x0,0	  x0:0x00000000
     163735.000 ns	     16372	80003a90	00000013	addi	x0,x0,0	  x0:0x00000000
     163755.000 ns	     16374	80003a94	039ab3b3	mulhu	x7,x21,x25	 x21:0x0000000b x25:0x00000000  x7=0x00000000
     163785.000 ns	     16377	80003a98	a1538953	fle.s	x18,f7,f21	  f7:0x00000000 f21:0xbf800000 x18=0x00000000
     163805.000 ns	     16379	80003a9c	02d04c93	xori	x25,x0,45	  x0:0x00000000 x25=0x0000002d
     163815.000 ns	     16380	80003aa0	018059b3	srl	x19,x0,x24	  x0:0x00000000 x24:0xed14be57 x19=0x00000000
     163855.000 ns	     16384	80003aa4	08ff13d3	fsub.s	f7,f30,f15	 f30:0xff800000 f15:0x7fc00000  f7=0x7fc00000
     163875.000 ns	     16386	80003aa8	007f93b3	sll	x7,x31,x7	 x31:0x7f800000  x7:0x00000000  x7=0x7f800000
     163885.000 ns	     16387	80003aac	af664b13	xori	x22,x12,-1290	 x12:0x80040fe4 x22=0x7ffbf512
     163905.000 ns	     16389	80003ab0	d00977d3	fcvt.s.w	f15,x18	 x18:0x00000000 f15=0x00000000
     163935.000 ns	     16392	80003ab4	03abbc33	mulhu	x24,x23,x26	 x23:0x080040fe x26:0x00000f40 x24=0x0000007a
     163955.000 ns	     16394	80003ab8	b3f00413	addi	x8,x0,-1217	  x0:0x00000000  x8=0xfffffb3f
     163975.000 ns	     16396	80003abc	a1560fd3	fle.s	x31,f12,f21	 f12:0xcccc755a f21:0xbf800000 x31=0x00000001
     164005.000 ns	     16399	80003ac0	03efc233	div	x4,x31,x30	 x31:0x7f800000 x30:0x00000000  x4=0xffffffff
     164025.000 ns	     16401	80003ac4	00ee11b3	sll	x3,x28,x14	 x28:0x00000000 x14:0xfffff860  x3=0x00000000
     164045.000 ns	     16403	80003ac8	e0049d53	fclass.s	x26,f9	  f9:0x7f800000 x26=0x00000080
     164065.000 ns	     16405	80003acc	41095193	srai	x3,x18,0x10	 x18:0x00000000  x3=0x00000000
     164095.000 ns	     16408	80003ad0	11ff9053	fmul.s	f0,f31,f31	 f31:0x00000000 f31:0x00000000  f0=0x00000000
     164115.000 ns	     16410	80003ad4	005cda13	srli	x20,x25,0x5	 x25:0x0000002d x20=0x00000001
     164135.000 ns	     16412	80003ad8	f00485d3	fmv.w.x	f11,x9	  x9:0xf99c5530 f11=0xf99c5530
     164155.000 ns	     16414	80003adc	00000013	addi	x0,x0,0	  x0:0x00000000
     164515.000 ns	     16450	80003ae0	039bc4b3	div	x9,x23,x25	 x23:0x080040fe x25:0x0000002d  x9=0x002d8449
     164535.000 ns	     16452	80003ae4	00b21913	slli	x18,x4,0xb	  x4:0xffffffff x18=0xfffff800
     164555.000 ns	     16454	80003ae8	a0cda4d3	feq.s	x9,f27,f12	 f27:0x00000000 f12:0xcccc755a  x9=0x00000000
     164585.000 ns	     16457	80003aec	03d9b933	mulhu	x18,x19,x29	 x19:0x00000000 x29:0x80041024 x18=0x00000000
     164955.000 ns	     16494	80003af0	035f64b3	rem	x9,x30,x21	 x30:0x00000000 x21:0x0000000b  x9=0x00000000
     165325.000 ns	     16531	80003af4	02edc3b3	div	x7,x27,x14	 x27:0x80040fe4 x14:0xfffff860  x7=0x0010c8e8
     165355.000 ns	     16534	80003af8	c0007c53	fcvt.w.s	x24,f0	  f0:0x00000000 x24=0x00000000
     165375.000 ns	     16536	80003afc	0157b533	sltu	x10,x15,x21	 x15:0x00000000 x21:0x0000000b x10=0x00000001
     165415.000 ns	     16540	80003b00	00c5fad3	fadd.s	f21,f11,f12	 f11:0xf99c5530 f12:0xcccc755a f21=0xf99c5530
     165435.000 ns	     16542	80003b04	737e7793	andi	x15,x28,1847	 x28:0x00000000 x15=0x00000000
     165455.000 ns	     16544	80003b08	d01e3cd3	fcvt.s.wu	f25,x28	 x28:0x00000000 f25=0x00000000
     165475.000 ns	     16546	80003b0c	0080c5b3	xor	x11,x1,x8	  x1:0x00000001  x8:0xfffffb3f x11=0xfffffb3e
     165495.000 ns	     16548	80003b10	28429bd3	fmax.s	f23,f5,f4	  f5:0x45740000  f4:0x7fc00000 f23=0x45740000
     165515.000 ns	     16550	80003b14	00561093	slli	x1,x12,0x5	 x12:0x80040fe4  x1=0x0081fc80
     165535.000 ns	     16552	80003b18	21270853	fsgnj.s	f16,f14,f18	 f14:0x00000000 f18:0x4f7ffff9 f16=0x00000000
     165565.000 ns	     16555	80003b1c	e00d0cd3	fmv.x.w	x25,f26	 f26:0x00000000 x25=0x00000000
     165585.000 ns	     16557	80003b20	018a5c13	srli	x24,x20,0x18	 x20:0x00000001 x24=0x00000000
     165605.000 ns	     16559	80003b24	0354a0b3	mulhsu	x1,x9,x21	  x9:0x00000000 x21:0x0000000b  x1=0x00000000
     165635.000 ns	     16562	80003b28	023482b3	mul	x5,x9,x3	  x9:0x00000000  x3:0x00000000  x5=0x00000000
     165665.000 ns	     16565	80003b2c	20f415d3	fsgnjn.s	f11,f8,f15	  f8:0x7f800000 f15:0x00000000 f11=0xff800000
     165685.000 ns	     16567	80003b30	2e91e213	ori	x4,x3,745	  x3:0x00000000  x4=0x000002e9
     166045.000 ns	     16603	80003b34	02e26333	rem	x6,x4,x14	  x4:0xffffffff x14:0xfffff860  x6=0x000002e9
     166085.000 ns	     16607	80003b38	104790d3	fmul.s	f1,f15,f4	 f15:0x00000000  f4:0x7fc00000  f1=0x7fc00000
     166115.000 ns	     16610	80003b3c	03668f33	mul	x30,x13,x22	 x13:0x80000000 x22:0x7ffbf512 x30=0x00000000
     166135.000 ns	     16612	80003b40	01dadc13	srli	x24,x21,0x1d	 x21:0x0000000b x24=0x00000000
     166145.000 ns	     16613	80003b44	9e333413	sltiu	x8,x6,-1565	  x6:0x000002e9  x8=0x00000001
     166505.000 ns	     16649	80003b48	0377c3b3	div	x7,x15,x23	 x15:0x00000000 x23:0x080040fe  x7=0x00000000
     166535.000 ns	     16652	80003b4c	e0011953	fclass.s	x18,f2	  f2:0x7fc00000 x18=0x00000200
     166565.000 ns	     16655	80003b50	02043333	mulhu	x6,x8,x0	  x8:0x00000001  x0:0x00000000  x6=0x00000000
     166595.000 ns	     16658	80003b54	02e602b3	mul	x5,x12,x14	 x12:0x80040fe4 x14:0xfffff860  x5=0xe106d580
     166615.000 ns	     16660	80003b58	00000013	addi	x0,x0,0	  x0:0x00000000
     166625.000 ns	     16661	80003b5c	01e9d733	srl	x14,x19,x30	 x19:0x00000000 x30:0x00000000 x14=0x00000000
     166655.000 ns	     16664	80003b60	10634bd3	fmul.s	f23,f6,f6	  f6:0x7f800000  f6:0x7f800000 f23=0x7f800000
     166685.000 ns	     16667	80003b64	021fa533	mulhsu	x10,x31,x1	 x31:0x00000001  x1:0x00000000 x10=0x00000000
     166705.000 ns	     16669	80003b68	01dd5813	srli	x16,x26,0x1d	 x26:0x00000080 x16=0x00000000
     166715.000 ns	     16670	80003b6c	a8a4b413	sltiu	x8,x9,-1398	  x9:0x00000000  x8=0x00000001
     166735.000 ns	     16672	80003b70	20799fd3	fsgnjn.s	f31,f19,f7	 f19:0x588a2568  f7:0x7fc00000 f31=0xd88a2568
     167105.000 ns	     16709	80003b74	03d56fb3	rem	x31,x10,x29	 x10:0x00000000 x29:0x80041024 x31=0x00000000
     167145.000 ns	     16713	80003b78	117338d3	fmul.s	f17,f6,f23	  f6:0x7f800000 f23:0x7f800000 f17=0x7f800000
     167175.000 ns	     16716	80003b7c	038656b3	divu	x13,x12,x24	 x12:0x80040fe4 x24:0x00000000 x13=0xffffffff
     167195.000 ns	     16718	80003b80	9da2cc17	auipc	x24,0x9da2c	 x24=0x1da2fb80
     167205.000 ns	     16719	80003b84	26fff893	andi	x17,x31,623	 x31:0x00000000 x17=0x00000000
     167225.000 ns	     16721	80003b88	026015b3	mulh	x11,x0,x6	  x0:0x00000000  x6:0x00000000 x11=0x00000000
     167245.000 ns	     16723	80003b8c	4015df33	sra	x30,x11,x1	 x11:0xfffffb3e  x1:0x00000000 x30=0x00000000
     167265.000 ns	     16725	80003b90	03112933	mulhsu	x18,x2,x17	  x2:0xed14be56 x17:0x00000000 x18=0x00000000
     167295.000 ns	     16728	80003b94	20108fd3	fsgnj.s	f31,f1,f1	  f1:0x7fc00000  f1:0x7fc00000 f31=0x7fc00000
     167315.000 ns	     16730	80003b98	400fdf93	srai	x31,x31,0x0	 x31:0x00000000 x31=0x00000000
     167325.000 ns	     16731	80003b9c	60c80a93	addi	x21,x16,1548	 x16:0x00000000 x21=0x0000060c
     167345.000 ns	     16733	80003ba0	e0040a53	fmv.x.w	x20,f8	  f8:0x7f800000 x20=0x7f800000
     167365.000 ns	     16735	80003ba4	014900b3	add	x1,x18,x20	 x18:0x00000000 x20:0x00000001  x1=0x7f800000
     167385.000 ns	     16737	80003ba8	e0009253	fclass.s	x4,f1	  f1:0x7fc00000  x4=0x00000200
     167425.000 ns	     16741	80003bac	11b84e53	fmul.s	f28,f16,f27	 f16:0x00000000 f27:0x00000000 f28=0x00000000
     167445.000 ns	     16743	80003bb0	00695a33	srl	x20,x18,x6	 x18:0x00000000  x6:0x00000000 x20=0x00000000
     167455.000 ns	     16744	80003bb4	41fe5593	srai	x11,x28,0x1f	 x28:0x00000000 x11=0x00000000
     167465.000 ns	     16745	80003bb8	6b5c4d13	xori	x26,x24,1717	 x24:0x1da2fb80 x26=0x1da2fd35
     167475.000 ns	     16746	80003bbc	0173da13	srli	x20,x7,0x17	  x7:0x00000000 x20=0x00000000
     167485.000 ns	     16747	80003bc0	41890f33	sub	x30,x18,x24	 x18:0x00000000 x24:0x1da2fb80 x30=0xe25d0480
     167505.000 ns	     16749	80003bc4	c0080053	fcvt.w.s	x0,f16	 f16:0x00000000
     167535.000 ns	     16752	80003bc8	d002f853	fcvt.s.w	f16,x5	  x5:0xe106d580 f16=0xcdf7c954
     167555.000 ns	     16754	80003bcc	f0fa2d17	auipc	x26,0xf0fa2	 x26=0x70fa5bcc
     167575.000 ns	     16756	80003bd0	28750953	fmin.s	f18,f10,f7	 f10:0x3f800000  f7:0x7fc00000 f18=0x3f800000
     167595.000 ns	     16758	80003bd4	7f31ba17	auipc	x20,0x7f31b	 x20=0xff31ebd4
     167615.000 ns	     16760	80003bd8	281f0ed3	fmin.s	f29,f30,f1	 f30:0xff800000  f1:0x7fc00000 f29=0xff800000
     167645.000 ns	     16763	80003bdc	a0cb0353	fle.s	x6,f22,f12	 f22:0xff800000 f12:0xcccc755a  x6=0x00000001
     167675.000 ns	     16766	80003be0	02450933	mul	x18,x10,x4	 x10:0x00000000  x4:0x00000200 x18=0x00000000
     167705.000 ns	     16769	80003be4	e00c1953	fclass.s	x18,f24	 f24:0xff800000 x18=0x00000001
     167735.000 ns	     16772	80003be8	0298fdb3	remu	x27,x17,x9	 x17:0x00000000  x9:0x00000000 x27=0x00000000
     167755.000 ns	     16774	80003bec	01c717b3	sll	x15,x14,x28	 x14:0x00000000 x28:0x00000000 x15=0x00000000
     167765.000 ns	     16775	80003bf0	0119de33	srl	x28,x19,x17	 x19:0x00000000 x17:0x00000000 x28=0x00000000
     167785.000 ns	     16777	80003bf4	28b51cd3	fmax.s	f25,f10,f11	 f10:0x3f800000 f11:0xff800000 f25=0x3f800000
     167805.000 ns	     16779	80003bf8	014ac2b3	xor	x5,x21,x20	 x21:0x0000060c x20:0xff31ebd4  x5=0xff31edd8
     167815.000 ns	     16780	80003bfc	01106c33	or	x24,x0,x17	  x0:0x00000000 x17:0x00000000 x24=0x00000000
     168175.000 ns	     16816	80003c00	02686ab3	rem	x21,x16,x6	 x16:0x00000000  x6:0x00000001 x21=0x00000000
     168205.000 ns	     16819	80003c04	21409e53	fsgnjn.s	f28,f1,f20	  f1:0x7fc00000 f20:0x00000000 f28=0xffc00000
     168245.000 ns	     16823	80003c08	11822253	fmul.s	f4,f4,f24	  f4:0x7fc00000 f24:0xff800000  f4=0x7fc00000
     168275.000 ns	     16826	80003c0c	e0031d53	fclass.s	x26,f6	  f6:0x7f800000 x26=0x00000080
     168295.000 ns	     16828	80003c10	01b9e433	or	x8,x19,x27	 x19:0x00000000 x27:0x00000000  x8=0x00000000
     168315.000 ns	     16830	80003c14	039ea3b3	mulhsu	x7,x29,x25	 x29:0x80041024 x25:0x00000000  x7=0x00000000
     168335.000 ns	     16832	80003c18	8a17f413	andi	x8,x15,-1887	 x15:0x00000000  x8=0x00000000
     168345.000 ns	     16833	80003c1c	fecf7793	andi	x15,x30,-20	 x30:0xe25d0480 x15=0xe25d0480
     168355.000 ns	     16834	80003c20	01046433	or	x8,x8,x16	  x8:0x00000000 x16:0x00000000  x8=0x00000000
     168395.000 ns	     16838	80003c24	01827dd3	fadd.s	f27,f4,f24	  f4:0x7fc00000 f24:0xff800000 f27=0x7fc00000
     168435.000 ns	     16842	80003c28	10a8f253	fmul.s	f4,f17,f10	 f17:0x7f800000 f10:0x3f800000  f4=0x7f800000
     168455.000 ns	     16844	80003c2c	006f1233	sll	x4,x30,x6	 x30:0xe25d0480  x6:0x00000001  x4=0xc4ba0900
     168495.000 ns	     16848	80003c30	00efbf53	fadd.s	f30,f31,f14	 f31:0x7fc00000 f14:0x00000000 f30=0x7fc00000
     168515.000 ns	     16850	80003c34	ff4b3f93	sltiu	x31,x22,-12	 x22:0x7ffbf512 x31=0x00000001
     168535.000 ns	     16852	80003c38	c0127853	fcvt.wu.s	x16,f4	  f4:0x7f800000 x16=0xffffffff
     168555.000 ns	     16854	80003c3c	7a122513	slti	x10,x4,1953	  x4:0xc4ba0900 x10=0x00000001
     168565.000 ns	     16855	80003c40	018889b3	add	x19,x17,x24	 x17:0x00000000 x24:0x00000000 x19=0x00000000
     168585.000 ns	     16857	80003c44	d010a053	fcvt.s.wu	f0,x1	  x1:0x7f800000  f0=0x4eff0000
     168605.000 ns	     16859	80003c48	2f130813	addi	x16,x6,753	  x6:0x00000001 x16=0x000002f2
     168625.000 ns	     16861	80003c4c	a1d88453	fle.s	x8,f17,f29	 f17:0x7f800000 f29:0xff800000  x8=0x00000000
     168645.000 ns	     16863	80003c50	a86c6437	lui	x8,0xa86c6	  x8=0xa86c6000
     168665.000 ns	     16865	80003c54	020c0333	mul	x6,x24,x0	 x24:0x00000000  x0:0x00000000  x6=0x00000000
     168685.000 ns	     16867	80003c58	0f66a693	slti	x13,x13,246	 x13:0xffffffff x13=0x00000001
     168715.000 ns	     16870	80003c5c	18b896d3	fdiv.s	f13,f17,f11	 f17:0x7f800000 f11:0xff800000 f13=0x7fc00000
     168735.000 ns	     16872	80003c60	0e417c13	andi	x24,x2,228	  x2:0xed14be56 x24=0x00000044
     168745.000 ns	     16873	80003c64	4fd7f993	andi	x19,x15,1277	 x15:0xe25d0480 x19=0x00000480
     168765.000 ns	     16875	80003c68	c00cf3d3	fcvt.w.s	x7,f25	 f25:0x3f800000  x7=0x00000001
     168785.000 ns	     16877	80003c6c	4152d433	sra	x8,x5,x21	  x5:0xff31edd8 x21:0x00000000  x8=0xff31edd8
     168795.000 ns	     16878	80003c70	01211993	slli	x19,x2,0x12	  x2:0xed14be56 x19=0xf9580000
     169155.000 ns	     16914	80003c74	032e7cb3	remu	x25,x28,x18	 x28:0x00000000 x18:0x00000001 x25=0x00000000
     169175.000 ns	     16916	80003c78	071b8c93	addi	x25,x23,113	 x23:0x080040fe x25=0x0800416f
     169195.000 ns	     16918	80003c7c	a1e90c53	fle.s	x24,f18,f30	 f18:0x3f800000 f30:0x7fc00000 x24=0x00000000
     169215.000 ns	     16920	80003c80	47ff2d93	slti	x27,x30,1151	 x30:0xe25d0480 x27=0x00000001
     169235.000 ns	     16922	80003c84	02108fb3	mul	x31,x1,x1	  x1:0x7f800000  x1:0x7f800000 x31=0x00000000
     169265.000 ns	     16925	80003c88	d0089e53	fcvt.s.w	f28,x17	 x17:0x00000000 f28=0x00000000
     169285.000 ns	     16927	80003c8c	017abf33	sltu	x30,x21,x23	 x21:0x00000000 x23:0x080040fe x30=0x00000001
     169295.000 ns	     16928	80003c90	1503ed93	ori	x27,x7,336	  x7:0x00000001 x27=0x00000151
     169315.000 ns	     16930	80003c94	03f0a433	mulhsu	x8,x1,x31	  x1:0x7f800000 x31:0x00000000  x8=0x00000000
     169365.000 ns	     16935	80003c98	00f97853	fadd.s	f16,f18,f15	 f18:0x3f800000 f15:0x00000000 f16=0x3f800000
     169385.000 ns	     16937	80003c9c	01091b13	slli	x22,x18,0x10	 x18:0x00000001 x22=0x00010000
     169395.000 ns	     16938	80003ca0	4102d1b3	sra	x3,x5,x16	  x5:0xff31edd8 x16:0x000002f2  x3=0xffffffcc
     169415.000 ns	     16940	80003ca4	a08bacd3	feq.s	x25,f23,f8	 f23:0x7f800000  f8:0x7f800000 x25=0x00000001
     169445.000 ns	     16943	80003ca8	030124b3	mulhsu	x9,x2,x16	  x2:0xed14be56 x16:0x000002f2  x9=0xffffffc8
     169485.000 ns	     16947	80003cac	580f9353	fsqrt.s	f6,f31	 f31:0x7fc00000  f6=0x7fc00000
     169525.000 ns	     16951	80003cb0	194fb5d3	fdiv.s	f11,f31,f20	 f31:0x7fc00000 f20:0x00000000 f11=0x7fc00000
     169565.000 ns	     16955	80003cb4	580e26d3	fsqrt.s	f13,f28	 f28:0x00000000 f13=0x00000000
     169585.000 ns	     16957	80003cb8	35d175b7	lui	x11,0x35d17	 x11=0x35d17000
     169615.000 ns	     16960	80003cbc	10eb7853	fmul.s	f16,f22,f14	 f22:0xff800000 f14:0x00000000 f16=0x7fc00000
     169635.000 ns	     16962	80003cc0	00d78e33	add	x28,x15,x13	 x15:0xe25d0480 x13:0x00000001 x28=0xe25d0481
     169645.000 ns	     16963	80003cc4	65d38013	addi	x0,x7,1629	  x7:0x00000001
     169665.000 ns	     16965	80003cc8	02223db3	mulhu	x27,x4,x2	  x4:0xc4ba0900  x2:0xed14be56 x27=0xb6302b21
     169685.000 ns	     16967	80003ccc	01f56713	ori	x14,x10,31	 x10:0x00000001 x14=0x0000001f
     169695.000 ns	     16968	80003cd0	40a15013	srai	x0,x2,0xa	  x2:0xed14be56
     169705.000 ns	     16969	80003cd4	0040be33	sltu	x28,x1,x4	  x1:0x7f800000  x4:0xc4ba0900 x28=0x00000001
     169715.000 ns	     16970	80003cd8	00000013	addi	x0,x0,0	  x0:0x00000000
     169735.000 ns	     16972	80003cdc	d00d7ad3	fcvt.s.w	f21,x26	 x26:0x00000080 f21=0x43000000
     169765.000 ns	     16975	80003ce0	c006f7d3	fcvt.w.s	x15,f13	 f13:0x00000000 x15=0x00000000
     169785.000 ns	     16977	80003ce4	01f4cab3	xor	x21,x9,x31	  x9:0xffffffc8 x31:0x00000000 x21=0xffffffc8
     169805.000 ns	     16979	80003ce8	03d79433	mulh	x8,x15,x29	 x15:0x00000000 x29:0x80041024  x8=0x00000000
     169825.000 ns	     16981	80003cec	0056ddb3	srl	x27,x13,x5	 x13:0x00000001  x5:0xff31edd8 x27=0x00000000
     169845.000 ns	     16983	80003cf0	208b8cd3	fsgnj.s	f25,f23,f8	 f23:0x7f800000  f8:0x7f800000 f25=0x7f800000
     169865.000 ns	     16985	80003cf4	00000013	addi	x0,x0,0	  x0:0x00000000
     169875.000 ns	     16986	80003cf8	e251ac13	slti	x24,x3,-475	  x3:0xffffffcc x24=0x00000000
     169895.000 ns	     16988	80003cfc	a0aaa2d3	feq.s	x5,f21,f10	 f21:0x43000000 f10:0x3f800000  x5=0x00000000
     169915.000 ns	     16990	80003d00	00cd5f13	srli	x30,x26,0xc	 x26:0x00000080 x30=0x00000000
     170275.000 ns	     17026	80003d04	032feab3	rem	x21,x31,x18	 x31:0x00000000 x18:0x00000001 x21=0x00000000
     170305.000 ns	     17029	80003d08	a01484d3	fle.s	x9,f9,f1	  f9:0x7f800000  f1:0x7fc00000  x9=0x00000000
     170325.000 ns	     17031	80003d0c	011d13b3	sll	x7,x26,x17	 x26:0x00000080 x17:0x00000000  x7=0x00000080
     170335.000 ns	     17032	80003d10	00a124b3	slt	x9,x2,x10	  x2:0xed14be56 x10:0x00000001  x9=0x00000001
     170355.000 ns	     17034	80003d14	e0091d53	fclass.s	x26,f18	 f18:0x3f800000 x26=0x00000040
     170385.000 ns	     17037	80003d18	02d305b3	mul	x11,x6,x13	  x6:0x00000000 x13:0x00000001 x11=0x00000000
     170755.000 ns	     17074	80003d1c	03d56f33	rem	x30,x10,x29	 x10:0x00000001 x29:0x80041024 x30=0x00000001
     171125.000 ns	     17111	80003d20	02dc5333	divu	x6,x24,x13	 x24:0x00000000 x13:0x00000001  x6=0x00000000
     171145.000 ns	     17113	80003d24	f3e8e817	auipc	x16,0xf3e8e	 x16=0x73e91d24
     171165.000 ns	     17115	80003d28	e00c8a53	fmv.x.w	x20,f25	 f25:0x7f800000 x20=0x7f800000
     171195.000 ns	     17118	80003d2c	285e9f53	fmax.s	f30,f29,f5	 f29:0xff800000  f5:0x45740000 f30=0x45740000
     171225.000 ns	     17121	80003d30	a117a353	feq.s	x6,f15,f17	 f15:0x00000000 f17:0x7f800000  x6=0x00000000
     171245.000 ns	     17123	80003d34	00000013	addi	x0,x0,0	  x0:0x00000000
     171265.000 ns	     17125	80003d38	203f8353	fsgnj.s	f6,f31,f3	 f31:0x7fc00000  f3:0xcccc755a  f6=0xffc00000
     171285.000 ns	     17127	80003d3c	401354b3	sra	x9,x6,x1	  x6:0x00000000  x1:0x7f800000  x9=0x00000000
     171305.000 ns	     17129	80003d40	f0068053	fmv.w.x	f0,x13	 x13:0x00000001  f0=0x00000001
     171325.000 ns	     17131	80003d44	bb993037	lui	x0,0xbb993	
     171335.000 ns	     17132	80003d48	01561f13	slli	x30,x12,0x15	 x12:0x80040fe4 x30=0xfc800000
     171355.000 ns	     17134	80003d4c	0383da33	divu	x20,x7,x24	  x7:0x00000080 x24:0x00000000 x20=0xffffffff
     171375.000 ns	     17136	80003d50	40d9d493	srai	x9,x19,0xd	 x19:0xf9580000  x9=0xffffcac0
     171385.000 ns	     17137	80003d54	0037edb3	or	x27,x15,x3	 x15:0x00000000  x3:0xffffffcc x27=0xffffffcc
     171405.000 ns	     17139	80003d58	e00b1253	fclass.s	x4,f22	 f22:0xff800000  x4=0x00000001
     171425.000 ns	     17141	80003d5c	f7582493	slti	x9,x16,-139	 x16:0x73e91d24  x9=0x00000000
     171445.000 ns	     17143	80003d60	c00e8dd3	fcvt.w.s	x27,f29	 f29:0xff800000 x27=0x80000000
     171465.000 ns	     17145	80003d64	3fb24c93	xori	x25,x4,1019	  x4:0x00000001 x25=0x000003fa
     171475.000 ns	     17146	80003d68	00000013	addi	x0,x0,0	  x0:0x00000000
     171495.000 ns	     17148	80003d6c	f00980d3	fmv.w.x	f1,x19	 x19:0xf9580000  f1=0xf9580000
     171515.000 ns	     17150	80003d70	00a578b3	and	x17,x10,x10	 x10:0x00000001 x10:0x00000001 x17=0x00000001
     171535.000 ns	     17152	80003d74	29170bd3	fmin.s	f23,f14,f17	 f14:0x00000000 f17:0x7f800000 f23=0x00000000
     171565.000 ns	     17155	80003d78	20342653	fsgnjx.s	f12,f8,f3	  f8:0x7f800000  f3:0xcccc755a f12=0xff800000
     171585.000 ns	     17157	80003d7c	01e6b2b3	sltu	x5,x13,x30	 x13:0x00000001 x30:0xfc800000  x5=0x00000001
     171595.000 ns	     17158	80003d80	01aea533	slt	x10,x29,x26	 x29:0x80041024 x26:0x00000040 x10=0x00000001
     171615.000 ns	     17160	80003d84	021dac33	mulhsu	x24,x27,x1	 x27:0x80000000  x1:0x7f800000 x24=0xc0400000
     171645.000 ns	     17163	80003d88	0272a533	mulhsu	x10,x5,x7	  x5:0x00000001  x7:0x00000080 x10=0x00000000
     171675.000 ns	     17166	80003d8c	204e05d3	fsgnj.s	f11,f28,f4	 f28:0x00000000  f4:0x7f800000 f11=0x00000000
     171695.000 ns	     17168	80003d90	ab256097	auipc	x1,0xab256	  x1=0x2b259d90
     171705.000 ns	     17169	80003d94	007072b3	and	x5,x0,x7	  x0:0x00000000  x7:0x00000080  x5=0x00000000
     171715.000 ns	     17170	80003d98	01231513	slli	x10,x6,0x12	  x6:0x00000000 x10=0x00000000
     171725.000 ns	     17171	80003d9c	598b0793	addi	x15,x22,1432	 x22:0x00010000 x15=0x00010598
     171745.000 ns	     17173	80003da0	e0020fd3	fmv.x.w	x31,f4	  f4:0x7f800000 x31=0x7f800000
     171765.000 ns	     17175	80003da4	014f01b3	add	x3,x30,x20	 x30:0xfc800000 x20:0xffffffff  x3=0xfc7fffff
     171785.000 ns	     17177	80003da8	e0018853	fmv.x.w	x16,f3	  f3:0xcccc755a x16=0xcccc755a
     171815.000 ns	     17180	80003dac	a1ab8d53	fle.s	x26,f23,f26	 f23:0x00000000 f26:0x00000000 x26=0x00000001
     171845.000 ns	     17183	80003db0	a1951853	flt.s	x16,f10,f25	 f10:0x3f800000 f25:0x7f800000 x16=0x00000001
     171875.000 ns	     17186	80003db4	293f19d3	fmax.s	f19,f30,f19	 f30:0x45740000 f19:0x588a2568 f19=0x588a2568
     171895.000 ns	     17188	80003db8	01628fb3	add	x31,x5,x22	  x5:0x00000000 x22:0x00010000 x31=0x00010000
     171905.000 ns	     17189	80003dbc	ce62ee13	ori	x28,x5,-794	  x5:0x00000000 x28=0xfffffce6
     171925.000 ns	     17191	80003dc0	a07c9fd3	flt.s	x31,f25,f7	 f25:0x7f800000  f7:0x7fc00000 x31=0x00000000
     171955.000 ns	     17194	80003dc4	03c52cb3	mulhsu	x25,x10,x28	 x10:0x00000000 x28:0x00000001 x25=0x00000000
     172005.000 ns	     17199	80003dc8	0962f553	fsub.s	f10,f5,f22	  f5:0x45740000 f22:0xff800000 f10=0x7f800000
     172035.000 ns	     17202	80003dcc	d0189cd3	fcvt.s.wu	f25,x17	 x17:0x00000001 f25=0x3f800000
     172085.000 ns	     17207	80003dd0	00b27c53	fadd.s	f24,f4,f11	  f4:0x7f800000 f11:0x00000000 f24=0x7f800000
     172105.000 ns	     17209	80003dd4	41770b33	sub	x22,x14,x23	 x14:0x0000001f x23:0x080040fe x22=0xf7ffbf21
     172125.000 ns	     17211	80003dd8	03b00db3	mul	x27,x0,x27	  x0:0x00000000 x27:0x80000000 x27=0x00000000
     172145.000 ns	     17213	80003ddc	01c266b3	or	x13,x4,x28	  x4:0x00000001 x28:0xfffffce6 x13=0xfffffce7
     172165.000 ns	     17215	80003de0	c0158353	fcvt.wu.s	x6,f11	 f11:0x00000000  x6=0x00000000
     172195.000 ns	     17218	80003de4	a08006d3	fle.s	x13,f0,f8	  f0:0x00000001  f8:0x7f800000 x13=0x00000001
     172215.000 ns	     17220	80003de8	5c38b813	sltiu	x16,x17,1475	 x17:0x00000001 x16=0x00000001
     172225.000 ns	     17221	80003dec	00000013	addi	x0,x0,0	  x0:0x00000000
     172235.000 ns	     17222	80003df0	00eab3b3	sltu	x7,x21,x14	 x21:0x00000000 x14:0x0000001f  x7=0x00000001
     172255.000 ns	     17224	80003df4	29c40b53	fmin.s	f22,f8,f28	  f8:0x7f800000 f28:0x00000000 f22=0x00000000
     172285.000 ns	     17227	80003df8	e00e85d3	fmv.x.w	x11,f29	 f29:0xff800000 x11=0xff800000
     172315.000 ns	     17230	80003dfc	284596d3	fmax.s	f13,f11,f4	 f11:0x00000000  f4:0x7f800000 f13=0x7f800000
     172345.000 ns	     17233	80003e00	a02f86d3	fle.s	x13,f31,f2	 f31:0x7fc00000  f2:0x7fc00000 x13=0x00000000
     172375.000 ns	     17236	80003e04	20179c53	fsgnjn.s	f24,f15,f1	 f15:0x00000000  f1:0xf9580000 f24=0x00000000
     172405.000 ns	     17239	80003e08	025189b3	mul	x19,x3,x5	  x3:0xfc7fffff  x5:0x00000000 x19=0x00000000
     172435.000 ns	     17242	80003e0c	03925533	divu	x10,x4,x25	  x4:0x00000001 x25:0x00000000 x10=0xffffffff
     172465.000 ns	     17245	80003e10	c01ba553	fcvt.wu.s	x10,f23	 f23:0x00000000 x10=0x00000000
     172485.000 ns	     17247	80003e14	400ed733	sra	x14,x29,x0	 x29:0x80041024  x0:0x00000000 x14=0x80041024
     172495.000 ns	     17248	80003e18	b030e313	ori	x6,x1,-1277	  x1:0x2b259d90  x6=0xffffff93
     172515.000 ns	     17250	80003e1c	02de37b3	mulhu	x15,x28,x13	 x28:0xfffffce6 x13:0x00000000 x15=0x00000000
     172545.000 ns	     17253	80003e20	03701bb3	mulh	x23,x0,x23	  x0:0x00000000 x23:0x080040fe x23=0x00000000
     172575.000 ns	     17256	80003e24	d007b4d3	fcvt.s.w	f9,x15	 x15:0x00000000  f9=0x00000000
     172595.000 ns	     17258	80003e28	00da8a33	add	x20,x21,x13	 x21:0x00000000 x13:0x00000000 x20=0x00000000
     172605.000 ns	     17259	80003e2c	01281933	sll	x18,x16,x18	 x16:0x00000001 x18:0x00000001 x18=0x00000002
     172625.000 ns	     17261	80003e30	e00f97d3	fclass.s	x15,f31	 f31:0x7fc00000 x15=0x00000200
     172645.000 ns	     17263	80003e34	31d42413	slti	x8,x8,797	  x8:0x00000000  x8=0x00000001
     172655.000 ns	     17264	80003e38	01f2afb3	slt	x31,x5,x31	  x5:0x00000000 x31:0x00000000 x31=0x00000000
     172675.000 ns	     17266	80003e3c	216b25d3	fsgnjx.s	f11,f22,f22	 f22:0x00000000 f22:0x00000000 f11=0x00000000
     172705.000 ns	     17269	80003e40	f00b0dd3	fmv.w.x	f27,x22	 x22:0xf7ffbf21 f27=0xf7ffbf21
     172725.000 ns	     17271	80003e44	61ca2d93	slti	x27,x20,1564	 x20:0x00000000 x27=0x00000001
     172745.000 ns	     17273	80003e48	020bc733	div	x14,x23,x0	 x23:0x00000000  x0:0x00000000 x14=0xffffffff
     172765.000 ns	     17275	80003e4c	0073ac33	slt	x24,x7,x7	  x7:0x00000001  x7:0x00000001 x24=0x00000000
     172785.000 ns	     17277	80003e50	a0989853	flt.s	x16,f17,f9	 f17:0x7f800000  f9:0x00000000 x16=0x00000000
     172815.000 ns	     17280	80003e54	21efa053	fsgnjx.s	f0,f31,f30	 f31:0x7fc00000 f30:0x45740000  f0=0x7fc00000
     172845.000 ns	     17283	80003e58	a1862553	feq.s	x10,f12,f24	 f12:0xff800000 f24:0x00000000 x10=0x00000000
     172875.000 ns	     17286	80003e5c	21d405d3	fsgnj.s	f11,f8,f29	  f8:0x7f800000 f29:0xff800000 f11=0xff800000
     172905.000 ns	     17289	80003e60	031fadb3	mulhsu	x27,x31,x17	 x31:0x00000000 x17:0x00000001 x27=0x00000000
     172925.000 ns	     17291	80003e64	0114ecb3	or	x25,x9,x17	  x9:0x00000000 x17:0x00000001 x25=0x00000001
     172935.000 ns	     17292	80003e68	00fa7fb3	and	x31,x20,x15	 x20:0x00000000 x15:0x00000200 x31=0x00000000
     172955.000 ns	     17294	80003e6c	f0078653	fmv.w.x	f12,x15	 x15:0x00000200 f12=0x00000200
     172985.000 ns	     17297	80003e70	291d9253	fmax.s	f4,f27,f17	 f27:0xf7ffbf21 f17:0x7f800000  f4=0x7f800000
     173015.000 ns	     17300	80003e74	29880ed3	fmin.s	f29,f16,f24	 f16:0x7fc00000 f24:0x00000000 f29=0x00000000
     173065.000 ns	     17305	80003e78	019d7053	fadd.s	f0,f26,f25	 f26:0x00000000 f25:0x3f800000  f0=0x3f800000
     173085.000 ns	     17307	80003e7c	cf3a7093	andi	x1,x20,-781	 x20:0x00000000  x1=0x00000000
     173105.000 ns	     17309	80003e80	a00f1853	flt.s	x16,f30,f0	 f30:0x45740000  f0:0x3f800000 x16=0x00000000
     173135.000 ns	     17312	80003e84	02920433	mul	x8,x4,x9	  x4:0x00000001  x9:0x00000000  x8=0x00000000
     173155.000 ns	     17314	80003e88	13362e13	slti	x28,x12,307	 x12:0x80040fe4 x28=0x00000001
     173175.000 ns	     17316	80003e8c	e0000ad3	fmv.x.w	x21,f0	  f0:0x3f800000 x21=0x3f800000
     173195.000 ns	     17318	80003e90	41c48e33	sub	x28,x9,x28	  x9:0x00000000 x28:0xfffffce6 x28=0xffffffff
     173205.000 ns	     17319	80003e94	00a05313	srli	x6,x0,0xa	  x0:0x00000000  x6=0x00000000
     173215.000 ns	     17320	80003e98	415e5793	srai	x15,x28,0x15	 x28:0x00000001 x15=0xffffffff
     173245.000 ns	     17323	80003e9c	1178f0d3	fmul.s	f1,f17,f23	 f17:0x7f800000 f23:0x00000000  f1=0x7fc00000
     173265.000 ns	     17325	80003ea0	9e584513	xori	x10,x16,-1563	 x16:0x00000000 x10=0xfffff9e5
     173285.000 ns	     17327	80003ea4	a01f0dd3	fle.s	x27,f30,f1	 f30:0x45740000  f1:0x7fc00000 x27=0x00000000
     173315.000 ns	     17330	80003ea8	a14f06d3	fle.s	x13,f30,f20	 f30:0x45740000 f20:0x00000000 x13=0x00000000
     173345.000 ns	     17333	80003eac	d0094e53	fcvt.s.w	f28,x18	 x18:0x00000002 f28=0x40000000
     173375.000 ns	     17336	80003eb0	03aaa733	mulhsu	x14,x21,x26	 x21:0x3f800000 x26:0x00000001 x14=0x00000000
     173395.000 ns	     17338	80003eb4	4196d033	sra	x0,x13,x25	 x13:0x00000000 x25:0x00000001
     173405.000 ns	     17339	80003eb8	ec210793	addi	x15,x2,-318	  x2:0xed14be56 x15=0xed14bd18
     173445.000 ns	     17343	80003ebc	00f67853	fadd.s	f16,f12,f15	 f12:0x00000200 f15:0x00000000 f16=0x00000200
     173465.000 ns	     17345	80003ec0	00000013	addi	x0,x0,0	  x0:0x00000000
     173475.000 ns	     17346	80003ec4	01761e13	slli	x28,x12,0x17	 x12:0x80040fe4 x28=0xf2000000
     173485.000 ns	     17347	80003ec8	41318b33	sub	x22,x3,x19	  x3:0xfc7fffff x19:0x00000000 x22=0xfc7fffff
     173505.000 ns	     17349	80003ecc	283c8453	fmin.s	f8,f25,f3	 f25:0x3f800000  f3:0xcccc755a  f8=0xcccc755a
     173875.000 ns	     17386	80003ed0	035060b3	rem	x1,x0,x21	  x0:0x00000000 x21:0x3f800000  x1=0x00000000
     173895.000 ns	     17388	80003ed4	01fc5593	srli	x11,x24,0x1f	 x24:0x00000000 x11=0x00000000
     173915.000 ns	     17390	80003ed8	a1ee9bd3	flt.s	x23,f29,f30	 f29:0x00000000 f30:0x45740000 x23=0x00000001
     173945.000 ns	     17393	80003edc	03f1ebb3	rem	x23,x3,x31	  x3:0xfc7fffff x31:0x00000000 x23=0xfc7fffff
     173975.000 ns	     17396	80003ee0	a1f11753	flt.s	x14,f2,f31	  f2:0x7fc00000 f31:0x7fc00000 x14=0x00000000
     173995.000 ns	     17398	80003ee4	41ee8733	sub	x14,x29,x30	 x29:0x80041024 x30:0xfc800000 x14=0x83841024
     174035.000 ns	     17402	80003ee8	08e17ad3	fsub.s	f21,f2,f14	  f2:0x7fc00000 f14:0x00000000 f21=0x7fc00000
     174085.000 ns	     17407	80003eec	09ca2bd3	fsub.s	f23,f20,f28	 f20:0x00000000 f28:0x40000000 f23=0xc0000000
     174105.000 ns	     17409	80003ef0	005e5333	srl	x6,x28,x5	 x28:0xf2000000  x5:0x00000000  x6=0xf2000000
     174125.000 ns	     17411	80003ef4	21f699d3	fsgnjn.s	f19,f13,f31	 f13:0x7f800000 f31:0x7fc00000 f19=0xff800000
     174155.000 ns	     17414	80003ef8	f00003d3	fmv.w.x	f7,x0	  x0:0x00000000  f7=0x00000000
     174185.000 ns	     17417	80003efc	03bf0b33	mul	x22,x30,x27	 x30:0xfc800000 x27:0x00000000 x22=0x00000000
     174205.000 ns	     17419	80003f00	1513e093	ori	x1,x7,337	  x7:0x00000001  x1=0x00000151
     174225.000 ns	     17421	80003f04	20ba82d3	fsgnj.s	f5,f21,f11	 f21:0x7fc00000 f11:0xff800000  f5=0xffc00000
     174275.000 ns	     17426	80003f08	013a1653	fadd.s	f12,f20,f19	 f20:0x00000000 f19:0xff800000 f12=0xff800000
     174295.000 ns	     17428	80003f0c	41818db3	sub	x27,x3,x24	  x3:0xfc7fffff x24:0x00000000 x27=0xfc7fffff
     174315.000 ns	     17430	80003f10	c002fd53	fcvt.w.s	x26,f5	  f5:0xffc00000 x26=0x7fffffff
     174345.000 ns	     17433	80003f14	030be333	rem	x6,x23,x16	 x23:0xfc7fffff x16:0x00000000  x6=0xfc7fffff
     174365.000 ns	     17435	80003f18	40c98b33	sub	x22,x19,x12	 x19:0x00000000 x12:0x80040fe4 x22=0x7ffbf01c
     174375.000 ns	     17436	80003f1c	013c7733	and	x14,x24,x19	 x24:0x00000000 x19:0x00000000 x14=0x00000000
     174395.000 ns	     17438	80003f20	a193a553	feq.s	x10,f7,f25	  f7:0x00000000 f25:0x3f800000 x10=0x00000000
     174415.000 ns	     17440	80003f24	01da1d93	slli	x27,x20,0x1d	 x20:0x00000000 x27=0x00000000
     174425.000 ns	     17441	80003f28	0102df13	srli	x30,x5,0x10	  x5:0x00000000 x30=0x00000000
     174445.000 ns	     17443	80003f2c	037489b3	mul	x19,x9,x23	  x9:0x00000000 x23:0xfc7fffff x19=0x00000000
     174465.000 ns	     17445	80003f30	00eab9b3	sltu	x19,x21,x14	 x21:0x3f800000 x14:0x00000000 x19=0x00000000
     174485.000 ns	     17447	80003f34	a1b38c53	fle.s	x24,f7,f27	  f7:0x00000000 f27:0xf7ffbf21 x24=0x00000000
     174505.000 ns	     17449	80003f38	574ccd13	xori	x26,x25,1396	 x25:0x00000001 x26=0x00000575
     174515.000 ns	     17450	80003f3c	0143a8b3	slt	x17,x7,x20	  x7:0x00000001 x20:0x00000000 x17=0x00000000
     174525.000 ns	     17451	80003f40	5adb4c93	xori	x25,x22,1453	 x22:0x7ffbf01c x25=0x7ffbf5b1
     174535.000 ns	     17452	80003f44	01ad5f93	srli	x31,x26,0x1a	 x26:0x00000575 x31=0x00000000
     174545.000 ns	     17453	80003f48	db577593	andi	x11,x14,-587	 x14:0x00000000 x11=0x00000000
     175715.000 ns	     17570	80003f4c	580f7cd3	fsqrt.s	f25,f30	 f30:0x45740000 f25=0x422c889f
     175735.000 ns	     17572	80003f50	40525db3	sra	x27,x4,x5	  x4:0x00000001  x5:0x00000000 x27=0x00000001
     175755.000 ns	     17574	80003f54	d0031f53	fcvt.s.w	f30,x6	  x6:0xfc7fffff f30=0xcc600000
     175775.000 ns	     17576	80003f58	01ffe5b3	or	x11,x31,x31	 x31:0x00000000 x31:0x00000000 x11=0x00000000
     175785.000 ns	     17577	80003f5c	400a0fb3	sub	x31,x20,x0	 x20:0x00000000  x0:0x00000000 x31=0x00000000
     175795.000 ns	     17578	80003f60	49f94893	xori	x17,x18,1183	 x18:0x00000002 x17=0x0000049d
     175815.000 ns	     17580	80003f64	02a76533	rem	x10,x14,x10	 x14:0x00000000 x10:0x00000000 x10=0x00000000
     175845.000 ns	     17583	80003f68	02cb93b3	mulh	x7,x23,x12	 x23:0xfc7fffff x12:0x80040fe4  x7=0x01bff1c8
     175865.000 ns	     17585	80003f6c	7fd78693	addi	x13,x15,2045	 x15:0xed14bd18 x13=0xed14c515
     175875.000 ns	     17586	80003f70	000466b3	or	x13,x8,x0	  x8:0x00000000  x0:0x00000000 x13=0x00000000
     175885.000 ns	     17587	80003f74	013579b3	and	x19,x10,x19	 x10:0x00000000 x19:0x00000000 x19=0x00000000
     175895.000 ns	     17588	80003f78	003ed713	srli	x14,x29,0x3	 x29:0x80041024 x14=0x10008204
     175915.000 ns	     17590	80003f7c	a1ee1fd3	flt.s	x31,f28,f30	 f28:0x40000000 f30:0xcc600000 x31=0x00000000
     175955.000 ns	     17594	80003f80	19c9c2d3	fdiv.s	f5,f19,f28	 f19:0xff800000 f28:0x40000000  f5=0xff800000
     176325.000 ns	     17631	80003f84	02347733	remu	x14,x8,x3	  x8:0x00000000  x3:0xfc7fffff x14=0x00000000
     176345.000 ns	     17633	80003f88	40d4db13	srai	x22,x9,0xd	  x9:0x00000000 x22=0x00000000
     176365.000 ns	     17635	80003f8c	02e8af33	mulhsu	x30,x17,x14	 x17:0x0000049d x14:0x00000000 x30=0x00000000
     176395.000 ns	     17638	80003f90	d00193d3	fcvt.s.w	f7,x3	  x3:0xfc7fffff  f7=0xcc600000
     176425.000 ns	     17641	80003f94	03876433	rem	x8,x14,x24	 x14:0x00000000 x24:0x00000000  x8=0x00000000
     176455.000 ns	     17644	80003f98	02d272b3	remu	x5,x4,x13	  x4:0x00000001 x13:0x00000000  x5=0x00000001
     176485.000 ns	     17647	80003f9c	a0a02a53	feq.s	x20,f0,f10	  f0:0x3f800000 f10:0x7f800000 x20=0x00000000
     176505.000 ns	     17649	80003fa0	003491b3	sll	x3,x9,x3	  x9:0x00000000  x3:0xfc7fffff  x3=0x00000000
     176525.000 ns	     17651	80003fa4	e0040753	fmv.x.w	x14,f8	  f8:0xcccc755a x14=0xcccc755a
     176545.000 ns	     17653	80003fa8	cce5ac13	slti	x24,x11,-818	 x11:0x00000000 x24=0x00000000
     176565.000 ns	     17655	80003fac	d01bf253	fcvt.s.wu	f4,x23	 x23:0xfc7fffff  f4=0x4f7c7fff
     176595.000 ns	     17658	80003fb0	d01cc953	fcvt.s.wu	f18,x25	 x25:0x7ffbf5b1 f18=0x4efff7eb
     176625.000 ns	     17661	80003fb4	03910533	mul	x10,x2,x25	  x2:0xed14be56 x25:0x7ffbf5b1 x10=0x0dd1e776
     176655.000 ns	     17664	80003fb8	e0038b53	fmv.x.w	x22,f7	  f7:0xcc600000 x22=0xcc600000
     176685.000 ns	     17667	80003fbc	02ba41b3	div	x3,x20,x11	 x20:0x00000000 x11:0x00000000  x3=0xffffffff
     176705.000 ns	     17669	80003fc0	00986533	or	x10,x16,x9	 x16:0x00000000  x9:0x00000000 x10=0x00000000
     176725.000 ns	     17671	80003fc4	03d60233	mul	x4,x12,x29	 x12:0x80040fe4 x29:0x80041024  x4=0x81207c10
     176755.000 ns	     17674	80003fc8	023f11b3	mulh	x3,x30,x3	 x30:0x00000000  x3:0xffffffff  x3=0x00000000
     176785.000 ns	     17677	80003fcc	02c4a2b3	mulhsu	x5,x9,x12	  x9:0x00000000 x12:0x80040fe4  x5=0x00000000
     176815.000 ns	     17680	80003fd0	21a8aa53	fsgnjx.s	f20,f17,f26	 f17:0x7f800000 f26:0x00000000 f20=0x7f800000
     176835.000 ns	     17682	80003fd4	5e79c393	xori	x7,x19,1511	 x19:0x00000000  x7=0x000005e7
     176845.000 ns	     17683	80003fd8	019000b3	add	x1,x0,x25	  x0:0x00000000 x25:0x7ffbf5b1  x1=0x7ffbf5b1
     176885.000 ns	     17687	80003fdc	0194cc53	fadd.s	f24,f9,f25	  f9:0x00000000 f25:0x422c889f f24=0x422c889f
     176905.000 ns	     17689	80003fe0	41f7d093	srai	x1,x15,0x1f	 x15:0xed14bd18  x1=0xffffffff
     176945.000 ns	     17693	80003fe4	08818a53	fsub.s	f20,f3,f8	  f3:0xcccc755a  f8:0xcccc755a f20=0x00000000
     176965.000 ns	     17695	80003fe8	01b1d913	srli	x18,x3,0x1b	  x3:0x00000000 x18=0x00000000
     176995.000 ns	     17698	80003fec	10f5c0d3	fmul.s	f1,f11,f15	 f11:0xff800000 f15:0x00000000  f1=0x7fc00000
     177015.000 ns	     17700	80003ff0	4046d933	sra	x18,x13,x4	 x13:0x00000000  x4:0x81207c10 x18=0x00000000
     177345.000 ns	     17733	80003ff4	1873cbd3	fdiv.s	f23,f7,f7	  f7:0xcc600000  f7:0xcc600000 f23=0x3f600000
     177375.000 ns	     17736	80003ff8	d00bf053	fcvt.s.w	f0,x23	 x23:0xfc7fffff  f0=0xcc600000
     177405.000 ns	     17739	80003ffc	d010f153	fcvt.s.wu	f2,x1	  x1:0xffffffff  f2=0x4f7fffff
     177425.000 ns	     17741	80004000	00ac9013	slli	x0,x25,0xa	 x25:0x7ffbf5b1
     177445.000 ns	     17743	80004004	d00f7bd3	fcvt.s.w	f23,x30	 x30:0x00000000 f23=0x00000000
     177465.000 ns	     17745	80004008	40d78c33	sub	x24,x15,x13	 x15:0xed14bd18 x13:0x00000000 x24=0xed14bd18
     177485.000 ns	     17747	8000400c	c00a2053	fcvt.w.s	x0,f20	 f20:0x00000000
     177515.000 ns	     17750	80004010	a0768853	fle.s	x16,f13,f7	 f13:0x7f800000  f7:0xcc600000 x16=0x00000000
     177535.000 ns	     17752	80004014	019d4733	xor	x14,x26,x25	 x26:0x00000575 x25:0x7ffbf5b1 x14=0x7ffbf0c4
     177555.000 ns	     17754	80004018	218413d3	fsgnjn.s	f7,f8,f24	  f8:0xcccc755a f24:0x422c889f  f7=0xcccc755a
     177925.000 ns	     17791	8000401c	03c1e033	rem	x0,x3,x28	  x3:0x00000000 x28:0xf2000000
     178295.000 ns	     17828	80004020	03a27733	remu	x14,x4,x26	  x4:0x81207c10 x26:0x00000575 x14=0x00000198
     178325.000 ns	     17831	80004024	c0127a53	fcvt.wu.s	x20,f4	  f4:0x4f7c7fff x20=0xfc7fff00
     178355.000 ns	     17834	80004028	28f819d3	fmax.s	f19,f16,f15	 f16:0x00000200 f15:0x00000000 f19=0x00000200
     178375.000 ns	     17836	8000402c	0b347793	andi	x15,x8,179	  x8:0x00000000 x15=0x00000000
     178385.000 ns	     17837	80004030	2ca01197	auipc	x3,0x2ca01	  x3=0xaca05030
     178745.000 ns	     17873	80004034	02e37f33	remu	x30,x6,x14	  x6:0xfc7fffff x14:0x00000198 x30=0x000000af
     178765.000 ns	     17875	80004038	019352b3	srl	x5,x6,x25	  x6:0xfc7fffff x25:0x7ffbf5b1  x5=0x00007e3f
     178785.000 ns	     17877	8000403c	e0061dd3	fclass.s	x27,f12	 f12:0xff800000 x27=0x00000001
     178805.000 ns	     17879	80004040	01efd8b3	srl	x17,x31,x30	 x31:0x00000000 x30:0x000000af x17=0x00000000
     178825.000 ns	     17881	80004044	20e4abd3	fsgnjx.s	f23,f9,f14	  f9:0x00000000 f14:0x00000000 f23=0x00000000
     178865.000 ns	     17885	80004048	10d03dd3	fmul.s	f27,f0,f13	  f0:0xcc600000 f13:0x7f800000 f27=0xff800000
     178895.000 ns	     17888	8000404c	a0df9553	flt.s	x10,f31,f13	 f31:0x7fc00000 f13:0x7f800000 x10=0x00000000
     178915.000 ns	     17890	80004050	00000013	addi	x0,x0,0	  x0:0x00000000
     178925.000 ns	     17891	80004054	7ad2ba93	sltiu	x21,x5,1965	  x5:0x00007e3f x21=0x00000000
     178935.000 ns	     17892	80004058	41995cb3	sra	x25,x18,x25	 x18:0x00000000 x25:0x7ffbf5b1 x25=0x00000000
     178945.000 ns	     17893	8000405c	35dfca93	xori	x21,x31,861	 x31:0x00000000 x21=0x0000035d
     178965.000 ns	     17895	80004060	d000ce53	fcvt.s.w	f28,x1	  x1:0xffffffff f28=0xbf800000
     179335.000 ns	     17932	80004064	038ffe33	remu	x28,x31,x24	 x31:0x00000000 x24:0xed14bd18 x28=0x00000000
     179365.000 ns	     17935	80004068	d01874d3	fcvt.s.wu	f9,x16	 x16:0x00000000  f9=0x00000000
     179395.000 ns	     17938	8000406c	21898653	fsgnj.s	f12,f19,f24	 f19:0x00000200 f24:0x422c889f f12=0x00000200
     179415.000 ns	     17940	80004070	0085fcb3	and	x25,x11,x8	 x11:0x00000000  x8:0x00000000 x25=0x00000000
     179425.000 ns	     17941	80004074	01d908b3	add	x17,x18,x29	 x18:0x00000000 x29:0x80041024 x17=0x80041024
     179445.000 ns	     17943	80004078	a0371553	flt.s	x10,f14,f3	 f14:0x00000000  f3:0xcccc755a x10=0x00000000
     179475.000 ns	     17946	8000407c	f00201d3	fmv.w.x	f3,x4	  x4:0x81207c10  f3=0x81207c10
     179505.000 ns	     17949	80004080	29098553	fmin.s	f10,f19,f16	 f19:0x00000200 f16:0x00000200 f10=0x00000200
     179535.000 ns	     17952	80004084	20dc18d3	fsgnjn.s	f17,f24,f13	 f24:0x422c889f f13:0x7f800000 f17=0xc22c889f
     179565.000 ns	     17955	80004088	02c22033	mulhsu	x0,x4,x12	  x4:0x81207c10 x12:0x80040fe4
     179605.000 ns	     17959	8000408c	10177a53	fmul.s	f20,f14,f1	 f14:0x00000000  f1:0x7fc00000 f20=0x7fc00000
     179625.000 ns	     17961	80004090	40dec293	xori	x5,x29,1037	 x29:0x80041024  x5=0x80041429
     179635.000 ns	     17962	80004094	01589533	sll	x10,x17,x21	 x17:0x80041024 x21:0x0000035d x10=0x80000000
     179645.000 ns	     17963	80004098	2dc32313	slti	x6,x6,732	  x6:0xfc7fffff  x6=0x00000001
     179655.000 ns	     17964	8000409c	00d0e313	ori	x6,x1,13	  x1:0xffffffff  x6=0xffffffff
     179675.000 ns	     17966	800040a0	c00bf2d3	fcvt.w.s	x5,f23	 f23:0x00000000  x5=0x00000000
     179705.000 ns	     17969	800040a4	a07ea553	feq.s	x10,f29,f7	 f29:0x00000000  f7:0xcccc755a x10=0x00000000
     179725.000 ns	     17971	800040a8	aaf85997	auipc	x19,0xaaf85	 x19=0x2af890a8
     179735.000 ns	     17972	800040ac	a8953713	sltiu	x14,x10,-1399	 x10:0x00000000 x14=0x00000001
     179745.000 ns	     17973	800040b0	01813cb3	sltu	x25,x2,x24	  x2:0xed14be56 x24:0xed14bd18 x25=0x00000000
     180105.000 ns	     18009	800040b4	0360e333	rem	x6,x1,x22	  x1:0xffffffff x22:0xcc600000  x6=0xffffffff
     180125.000 ns	     18011	800040b8	00343fb3	sltu	x31,x8,x3	  x8:0x00000000  x3:0xaca05030 x31=0x00000001
     180145.000 ns	     18013	800040bc	283d1053	fmax.s	f0,f26,f3	 f26:0x00000000  f3:0x81207c10  f0=0x00000000
     180175.000 ns	     18016	800040c0	d006a953	fcvt.s.w	f18,x13	 x13:0x00000000 f18=0x00000000
     180195.000 ns	     18018	800040c4	66378c13	addi	x24,x15,1635	 x15:0x00000000 x24=0x00000663
     180555.000 ns	     18054	800040c8	022d4b33	div	x22,x26,x2	 x26:0x00000575  x2:0xed14be56 x22=0x00000000
     180585.000 ns	     18057	800040cc	e00907d3	fmv.x.w	x15,f18	 f18:0x00000000 x15=0x00000000
     180615.000 ns	     18060	800040d0	03133233	mulhu	x4,x6,x17	  x6:0xffffffff x17:0x80041024  x4=0x80041023
     180635.000 ns	     18062	800040d4	4152d393	srai	x7,x5,0x15	  x5:0x00000000  x7=0x00000000
     180655.000 ns	     18064	800040d8	0354bc33	mulhu	x24,x9,x21	  x9:0x00000000 x21:0x0000035d x24=0x00000000
     180675.000 ns	     18066	800040dc	000712b3	sll	x5,x14,x0	 x14:0x00000001  x0:0x00000000  x5=0x00000001
     180695.000 ns	     18068	800040e0	0309cf33	div	x30,x19,x16	 x19:0x2af890a8 x16:0x00000000 x30=0xffffffff
     180725.000 ns	     18071	800040e4	21538dd3	fsgnj.s	f27,f7,f21	  f7:0xcccc755a f21:0x7fc00000 f27=0x4ccc755a
     180755.000 ns	     18074	800040e8	02cba4b3	mulhsu	x9,x23,x12	 x23:0xfc7fffff x12:0x80040fe4  x9=0xfe3ff1c7
     180775.000 ns	     18076	800040ec	00b19d93	slli	x27,x3,0xb	  x3:0xaca05030 x27=0x02818000
     180795.000 ns	     18078	800040f0	0260b733	mulhu	x14,x1,x6	  x1:0xffffffff  x6:0xffffffff x14=0xfffffffe
     180815.000 ns	     18080	800040f4	47b4be13	sltiu	x28,x9,1147	  x9:0xfe3ff1c7 x28=0x00000000
     180825.000 ns	     18081	800040f8	4117dfb3	sra	x31,x15,x17	 x15:0x00000000 x17:0x80041024 x31=0x00000000
     180845.000 ns	     18083	800040fc	a0dbabd3	feq.s	x23,f23,f13	 f23:0x00000000 f13:0x7f800000 x23=0x00000000
     180875.000 ns	     18086	80004100	d00272d3	fcvt.s.w	f5,x4	  x4:0x80041023  f5=0xcefff7df
     181245.000 ns	     18123	80004104	02c94333	div	x6,x18,x12	 x18:0x00000000 x12:0x80040fe4  x6=0x00000000
     181285.000 ns	     18127	80004108	11707dd3	fmul.s	f27,f0,f23	  f0:0x00000000 f23:0x00000000 f27=0x00000000
     181305.000 ns	     18129	8000410c	c676ca37	lui	x20,0xc676c	 x20=0xc676c000
     181315.000 ns	     18130	80004110	00000013	addi	x0,x0,0	  x0:0x00000000
     181335.000 ns	     18132	80004114	21129a53	fsgnjn.s	f20,f5,f17	  f5:0xcefff7df f17:0xc22c889f f20=0x4efff7df
     181365.000 ns	     18135	80004118	20ac01d3	fsgnj.s	f3,f24,f10	 f24:0x422c889f f10:0x00000200  f3=0x422c889f
     181395.000 ns	     18138	8000411c	02beca33	div	x20,x29,x11	 x29:0x80041024 x11:0x00000000 x20=0xffffffff
     181415.000 ns	     18140	80004120	01a6dab3	srl	x21,x13,x26	 x13:0x00000000 x26:0x00000575 x21=0x00000000
     181425.000 ns	     18141	80004124	961e4ab7	lui	x21,0x961e4	 x21=0x961e4000
     181445.000 ns	     18143	80004128	02afef33	rem	x30,x31,x10	 x31:0x00000000 x10:0x00000000 x30=0x00000000
     181465.000 ns	     18145	8000412c	41c4de33	sra	x28,x9,x28	  x9:0xfe3ff1c7 x28:0x00000000 x28=0xfe3ff1c7
     181485.000 ns	     18147	80004130	29790953	fmin.s	f18,f18,f23	 f18:0x00000000 f23:0x00000000 f18=0x00000000
     181505.000 ns	     18149	80004134	01355c33	srl	x24,x10,x19	 x10:0x00000000 x19:0x2af890a8 x24=0x00000000
     181865.000 ns	     18185	80004138	024d6e33	rem	x28,x26,x4	 x26:0x00000575  x4:0x80041023 x28=0x00000575
     181895.000 ns	     18188	8000413c	039f9db3	mulh	x27,x31,x25	 x31:0x00000000 x25:0x00000000 x27=0x00000000
     181915.000 ns	     18190	80004140	995f0493	addi	x9,x30,-1643	 x30:0x00000000  x9=0xfffff995
     181935.000 ns	     18192	80004144	d0110453	fcvt.s.wu	f8,x2	  x2:0xed14be56  f8=0x4f6d14be
     181955.000 ns	     18194	80004148	01d470b3	and	x1,x8,x29	  x8:0x00000000 x29:0x80041024  x1=0x00000000
     181965.000 ns	     18195	8000414c	403806b3	sub	x13,x16,x3	 x16:0x00000000  x3:0xaca05030 x13=0x535fafd0
     181975.000 ns	     18196	80004150	e513f8b7	lui	x17,0xe513f	 x17=0xe513f000
     182335.000 ns	     18232	80004154	029d70b3	remu	x1,x26,x9	 x26:0x00000575  x9:0xfffff995  x1=0x00000575
     182355.000 ns	     18234	80004158	01019713	slli	x14,x3,0x10	  x3:0xaca05030 x14=0x50300000
     182375.000 ns	     18236	8000415c	a1f29cd3	flt.s	x25,f5,f31	  f5:0xcefff7df f31:0x7fc00000 x25=0x00000000
     182405.000 ns	     18239	80004160	027177b3	remu	x15,x2,x7	  x2:0xed14be56  x7:0x00000000 x15=0xed14be56
     182435.000 ns	     18242	80004164	d004f453	fcvt.s.w	f8,x9	  x9:0xfffff995  f8=0xc4cd6000
     182455.000 ns	     18244	80004168	834a0a13	addi	x20,x20,-1996	 x20:0xffffffff x20=0xfffff833
     182475.000 ns	     18246	8000416c	03df39b3	mulhu	x19,x30,x29	 x30:0x00000000 x29:0x80041024 x19=0x00000000
     182515.000 ns	     18250	80004170	18b8f2d3	fdiv.s	f5,f17,f11	 f17:0xc22c889f f11:0xff800000  f5=0x00000000
     182545.000 ns	     18253	80004174	a05b2e53	feq.s	x28,f22,f5	 f22:0x00000000  f5:0xcefff7df x28=0x00000001
     182575.000 ns	     18256	80004178	03c8bf33	mulhu	x30,x17,x28	 x17:0xe513f000 x28:0x00000575 x30=0x00000000
     182605.000 ns	     18259	8000417c	02958fb3	mul	x31,x11,x9	 x11:0x00000000  x9:0xfffff995 x31=0x00000000
     182625.000 ns	     18261	80004180	01398733	add	x14,x19,x19	 x19:0x00000000 x19:0x00000000 x14=0x00000000
     182645.000 ns	     18263	80004184	212e9cd3	fsgnjn.s	f25,f29,f18	 f29:0x00000000 f18:0x00000000 f25=0x80000000
     182675.000 ns	     18266	80004188	02f6a9b3	mulhsu	x19,x13,x15	 x13:0x535fafd0 x15:0xed14be56 x19=0x4d36573a
     182695.000 ns	     18268	8000418c	01139a93	slli	x21,x7,0x11	  x7:0x00000000 x21=0x00000000
     182715.000 ns	     18270	80004190	d006c953	fcvt.s.w	f18,x13	 x13:0x535fafd0 f18=0x4ea6bf60
     182745.000 ns	     18273	80004194	203b2ad3	fsgnjx.s	f21,f22,f3	 f22:0x00000000  f3:0x422c889f f21=0x00000000
     182765.000 ns	     18275	80004198	40d6db93	srai	x23,x13,0xd	 x13:0x535fafd0 x23=0x00029afd
     182785.000 ns	     18277	8000419c	03f60233	mul	x4,x12,x31	 x12:0x80040fe4 x31:0x00000000  x4=0x00000000
     182805.000 ns	     18279	800041a0	41965e13	srai	x28,x12,0x19	 x12:0x80040fe4 x28=0xffffffc0
     182825.000 ns	     18281	800041a4	030fddb3	divu	x27,x31,x16	 x31:0x00000000 x16:0x00000000 x27=0xffffffff
     182865.000 ns	     18285	800041a8	11543d53	fmul.s	f26,f8,f21	  f8:0xc4cd6000 f21:0x00000000 f26=0x80000000
     182885.000 ns	     18287	800041ac	00b905b3	add	x11,x18,x11	 x18:0x00000000 x11:0x00000000 x11=0x00000000
     182895.000 ns	     18288	800041b0	00fb53b3	srl	x7,x22,x15	 x22:0x00000000 x15:0xed14be56  x7=0x00000000
     182915.000 ns	     18290	800041b4	29700953	fmin.s	f18,f0,f23	  f0:0x00000000 f23:0x00000000 f18=0x00000000
     182945.000 ns	     18293	800041b8	215c10d3	fsgnjn.s	f1,f24,f21	 f24:0x422c889f f21:0x00000000  f1=0xc22c889f
     182965.000 ns	     18295	800041bc	54167b93	andi	x23,x12,1345	 x12:0x80040fe4 x23=0x00000540
     182995.000 ns	     18298	800041c0	185271d3	fdiv.s	f3,f4,f5	  f4:0x4f7c7fff  f5:0x00000000  f3=0x7f800000
     183015.000 ns	     18300	800041c4	40bcdb33	sra	x22,x25,x11	 x25:0x00000000 x11:0x00000000 x22=0x00000000
     183025.000 ns	     18301	800041c8	df488793	addi	x15,x17,-524	 x17:0xe513f000 x15=0xe513edf4
     183045.000 ns	     18303	800041cc	29210b53	fmin.s	f22,f2,f18	  f2:0x4f7fffff f18:0x00000000 f22=0x00000000
     183385.000 ns	     18337	800041d0	18783bd3	fdiv.s	f23,f16,f7	 f16:0x00000200  f7:0xcccc755a f23=0x80000000
     183405.000 ns	     18339	800041d4	412d03b3	sub	x7,x26,x18	 x26:0x00000575 x18:0x00000000  x7=0x00000575
     183425.000 ns	     18341	800041d8	f0030753	fmv.w.x	f14,x6	  x6:0x00000000 f14=0x00000000
     183455.000 ns	     18344	800041dc	282987d3	fmin.s	f15,f19,f2	 f19:0x00000200  f2:0x4f7fffff f15=0x00000200
     183825.000 ns	     18381	800041e0	0372d9b3	divu	x19,x5,x23	  x5:0x00000001 x23:0x00000540 x19=0x00000000
     183845.000 ns	     18383	800041e4	0011fdb3	and	x27,x3,x1	  x3:0xaca05030  x1:0x00000575 x27=0x00000030
     183855.000 ns	     18384	800041e8	d5b32093	slti	x1,x6,-677	  x6:0x00000000  x1=0x00000000
     183885.000 ns	     18387	800041ec	58097053	fsqrt.s	f0,f18	 f18:0x00000000  f0=0x00000000
     183915.000 ns	     18390	800041f0	d01ab8d3	fcvt.s.wu	f17,x21	 x21:0x00000000 f17=0x00000000
     183945.000 ns	     18393	800041f4	02a03533	mulhu	x10,x0,x10	  x0:0x00000000 x10:0x00000000 x10=0x00000000
     183975.000 ns	     18396	800041f8	20de0ad3	fsgnj.s	f21,f28,f13	 f28:0xbf800000 f13:0x7f800000 f21=0x3f800000
     184005.000 ns	     18399	800041fc	c00da1d3	fcvt.w.s	x3,f27	 f27:0x00000000  x3=0x00000000
     184035.000 ns	     18402	80004200	218da453	fsgnjx.s	f8,f27,f24	 f27:0x00000000 f24:0x422c889f  f8=0x00000000
     184055.000 ns	     18404	80004204	7e096493	ori	x9,x18,2016	 x18:0x00000000  x9=0x000007e0
     184075.000 ns	     18406	80004208	e0049ad3	fclass.s	x21,f9	  f9:0x00000000 x21=0x00000010
     184095.000 ns	     18408	8000420c	4128d5b3	sra	x11,x17,x18	 x17:0xe513f000 x18:0x00000000 x11=0xe513f000
     184105.000 ns	     18409	80004210	014cf333	and	x6,x25,x20	 x25:0x00000000 x20:0xfffff833  x6=0x00000000
     184125.000 ns	     18411	80004214	0360b533	mulhu	x10,x1,x22	  x1:0x00000000 x22:0x00000000 x10=0x00000000
     184155.000 ns	     18414	80004218	d01e1c53	fcvt.s.wu	f24,x28	 x28:0xffffffc0 f24=0x4f7fffff
     184175.000 ns	     18416	8000421c	018f9ab3	sll	x21,x31,x24	 x31:0x00000000 x24:0x00000000 x21=0x00000000
     184195.000 ns	     18418	80004220	208aa4d3	fsgnjx.s	f9,f21,f8	 f21:0x3f800000  f8:0x00000000  f9=0x3f800000
     184215.000 ns	     18420	80004224	13aabb93	sltiu	x23,x21,314	 x21:0x00000010 x23=0x00000001
     184235.000 ns	     18422	80004228	205817d3	fsgnjn.s	f15,f16,f5	 f16:0x00000200  f5:0x00000000 f15=0x80000200
     184265.000 ns	     18425	8000422c	d01174d3	fcvt.s.wu	f9,x2	  x2:0xed14be56  f9=0x4f6d14be
     184295.000 ns	     18428	80004230	a16b16d3	flt.s	x13,f22,f22	 f22:0x00000000 f22:0x00000000 x13=0x00000000
     184335.000 ns	     18432	80004234	194428d3	fdiv.s	f17,f8,f20	  f8:0x00000000 f20:0x4efff7df f17=0x00000000
     184355.000 ns	     18434	80004238	1a1ee813	ori	x16,x29,417	 x29:0x80041024 x16=0x800411a5
     184375.000 ns	     18436	8000423c	f0020b53	fmv.w.x	f22,x4	  x4:0x00000000 f22=0x00000000
     184395.000 ns	     18438	80004240	01ed9313	slli	x6,x27,0x1e	 x27:0x00000030  x6=0x00000000
     184415.000 ns	     18440	80004244	e00988d3	fmv.x.w	x17,f19	 f19:0x00000200 x17=0x00000200
     184445.000 ns	     18443	80004248	c0183e53	fcvt.wu.s	x28,f16	 f16:0x00000200 x28=0x00000000
     184495.000 ns	     18448	8000424c	080d8153	fsub.s	f2,f27,f0	 f27:0x00000000  f0:0x00000000  f2=0x80000000
     184515.000 ns	     18450	80004250	40a3d8b3	sra	x17,x7,x10	  x7:0x00000575 x10:0x00000000 x17=0x00000575
     184525.000 ns	     18451	80004254	00338333	add	x6,x7,x3	  x7:0x00000575  x3:0x00000000  x6=0x00000575
     184545.000 ns	     18453	80004258	f0060553	fmv.w.x	f10,x12	 x12:0x80040fe4 f10=0x80040fe4
     184565.000 ns	     18455	8000425c	00000013	addi	x0,x0,0	  x0:0x00000000
     184595.000 ns	     18458	80004260	580972d3	fsqrt.s	f5,f18	 f18:0x00000000  f5=0x00000000
     184615.000 ns	     18460	80004264	0036afb3	slt	x31,x13,x3	 x13:0x00000000  x3:0x00000000 x31=0x00000000
     184635.000 ns	     18462	80004268	28099dd3	fmax.s	f27,f19,f0	 f19:0x00000200  f0:0x00000000 f27=0x00000200
     184665.000 ns	     18465	8000426c	d001f8d3	fcvt.s.w	f17,x3	  x3:0x00000000 f17=0x00000000
     184685.000 ns	     18467	80004270	3f380d13	addi	x26,x16,1011	 x16:0x800411a5 x26=0x80041598
     184705.000 ns	     18469	80004274	20862353	fsgnjx.s	f6,f12,f8	 f12:0x00000200  f8:0x00000000  f6=0x00000200
     184725.000 ns	     18471	80004278	9162c493	xori	x9,x5,-1770	  x5:0x00000001  x9=0xfffff917
     184745.000 ns	     18473	8000427c	028d10b3	mulh	x1,x26,x8	 x26:0x80041598  x8:0x00000000  x1=0x00000000
     184775.000 ns	     18476	80004280	28241f53	fmax.s	f30,f8,f2	  f8:0x00000000  f2:0x80000000 f30=0x00000000
     184815.000 ns	     18480	80004284	11bb9553	fmul.s	f10,f23,f27	 f23:0x80000000 f27:0x00000200 f10=0x80000000
     184845.000 ns	     18483	80004288	d01290d3	fcvt.s.wu	f1,x5	  x5:0x00000001  f1=0x3f800000
     184865.000 ns	     18485	8000428c	4cf98593	addi	x11,x19,1231	 x19:0x00000000 x11=0x000004cf
     184875.000 ns	     18486	80004290	0181bcb3	sltu	x25,x3,x24	  x3:0x00000000 x24:0x00000000 x25=0x00000000
     184895.000 ns	     18488	80004294	c002a2d3	fcvt.w.s	x5,f5	  f5:0x00000000  x5=0x00000000
     184925.000 ns	     18491	80004298	21ca01d3	fsgnj.s	f3,f20,f28	 f20:0x4efff7df f28:0xbf800000  f3=0xcefff7df
     184945.000 ns	     18493	8000429c	3999f013	andi	x0,x19,921	 x19:0x00000000
     184965.000 ns	     18495	800042a0	e00091d3	fclass.s	x3,f1	  f1:0x3f800000  x3=0x00000040
     184995.000 ns	     18498	800042a4	a16d0ad3	fle.s	x21,f26,f22	 f26:0x80000000 f22:0x00000000 x21=0x00000001
     185045.000 ns	     18503	800042a8	0096bc53	fadd.s	f24,f13,f9	 f13:0x7f800000  f9:0x4f6d14be f24=0x7f800000
     185065.000 ns	     18505	800042ac	01dde4b3	or	x9,x27,x29	 x27:0x00000030 x29:0x80041024  x9=0x80041034
     185085.000 ns	     18507	800042b0	024b06b3	mul	x13,x22,x4	 x22:0x00000000  x4:0x00000000 x13=0x00000000
     185135.000 ns	     18512	800042b4	09a3f553	fsub.s	f10,f7,f26	  f7:0xcccc755a f26:0x80000000 f10=0xcccc755a
     185165.000 ns	     18515	800042b8	03838933	mul	x18,x7,x24	  x7:0x00000575 x24:0x00000000 x18=0x00000000
     185195.000 ns	     18518	800042bc	e0000853	fmv.x.w	x16,f0	  f0:0x00000000 x16=0x00000000
     185225.000 ns	     18521	800042c0	281f02d3	fmin.s	f5,f30,f1	 f30:0x00000000  f1:0x3f800000  f5=0x00000000
     185245.000 ns	     18523	800042c4	00000013	addi	x0,x0,0	  x0:0x00000000
     185265.000 ns	     18525	800042c8	d00fc7d3	fcvt.s.w	f15,x31	 x31:0x00000000 f15=0x00000000
     185285.000 ns	     18527	800042cc	00e05ab3	srl	x21,x0,x14	  x0:0x00000000 x14:0x00000000 x21=0x00000000
     185305.000 ns	     18529	800042d0	20c79ed3	fsgnjn.s	f29,f15,f12	 f15:0x00000000 f12:0x00000200 f29=0x80000000
     185345.000 ns	     18533	800042d4	580c7453	fsqrt.s	f8,f24	 f24:0x7f800000  f8=0x7f800000
     185395.000 ns	     18538	800042d8	097e77d3	fsub.s	f15,f28,f23	 f28:0xbf800000 f23:0x80000000 f15=0xbf800000
     185445.000 ns	     18543	800042dc	080dffd3	fsub.s	f31,f27,f0	 f27:0x00000200  f0:0x00000000 f31=0x00000200
     185815.000 ns	     18580	800042e0	026c6b33	rem	x22,x24,x6	 x24:0x00000000  x6:0x00000575 x22=0x00000000
     186185.000 ns	     18617	800042e4	02b8fa33	remu	x20,x17,x11	 x17:0x00000575 x11:0x000004cf x20=0x000000a6
     186205.000 ns	     18619	800042e8	95d42e13	slti	x28,x8,-1699	  x8:0x00000000 x28=0x00000000
     186225.000 ns	     18621	800042ec	02af3ab3	mulhu	x21,x30,x10	 x30:0x00000000 x10:0x00000000 x21=0x00000000
     186245.000 ns	     18623	800042f0	00000013	addi	x0,x0,0	  x0:0x00000000
     186255.000 ns	     18624	800042f4	01c31593	slli	x11,x6,0x1c	  x6:0x00000575 x11=0x50000000
     186275.000 ns	     18626	800042f8	02630a33	mul	x20,x6,x6	  x6:0x00000575  x6:0x00000575 x20=0x001dc779
     186305.000 ns	     18629	800042fc	d00b8953	fcvt.s.w	f18,x23	 x23:0x00000001 f18=0x3f800000
     186325.000 ns	     18631	80004300	00583db3	sltu	x27,x16,x5	 x16:0x00000000  x5:0x00000000 x27=0x00000000
     186335.000 ns	     18632	80004304	00889db3	sll	x27,x17,x8	 x17:0x00000575  x8:0x00000000 x27=0x00000575
     186365.000 ns	     18635	80004308	18b4add3	fdiv.s	f27,f9,f11	  f9:0x4f6d14be f11:0xff800000 f27=0x80000000
     186395.000 ns	     18638	8000430c	036ed3b3	divu	x7,x29,x22	 x29:0x80041024 x22:0x00000000  x7=0xffffffff
     186415.000 ns	     18640	80004310	d22a7397	auipc	x7,0xd22a7	  x7=0x522ab310
     186425.000 ns	     18641	80004314	00a69293	slli	x5,x13,0xa	 x13:0x00000000  x5=0x00000000
     186455.000 ns	     18644	80004318	580f2c53	fsqrt.s	f24,f30	 f30:0x00000000 f24=0x00000000
     186485.000 ns	     18647	8000431c	286c9fd3	fmax.s	f31,f25,f6	 f25:0x80000000  f6:0x00000200 f31=0x00000200
     186505.000 ns	     18649	80004320	40d15d33	sra	x26,x2,x13	  x2:0xed14be56 x13:0x00000000 x26=0xed14be56
     186525.000 ns	     18651	80004324	e0059d53	fclass.s	x26,f11	 f11:0xff800000 x26=0x00000001
     186545.000 ns	     18653	80004328	41680033	sub	x0,x16,x22	 x16:0x00000000 x22:0x00000000
     186565.000 ns	     18655	8000432c	21bf2bd3	fsgnjx.s	f23,f30,f27	 f30:0x00000000 f27:0x80000000 f23=0x80000000
     186585.000 ns	     18657	80004330	f1c57493	andi	x9,x10,-228	 x10:0x00000000  x9=0x00000000
     186605.000 ns	     18659	80004334	03360733	mul	x14,x12,x19	 x12:0x80040fe4 x19:0x00000000 x14=0x00000000
     186625.000 ns	     18661	80004338	7cecb917	auipc	x18,0x7cecb	 x18=0xfcecf338
     186645.000 ns	     18663	8000433c	c00e7253	fcvt.w.s	x4,f28	 f28:0xbf800000  x4=0x00000001
     186675.000 ns	     18666	80004340	e0080753	fmv.x.w	x14,f16	 f16:0x00000200 x14=0x00000200
     186695.000 ns	     18668	80004344	0081e7b3	or	x15,x3,x8	  x3:0x00000040  x8:0x00000000 x15=0x00000040
     186715.000 ns	     18670	80004348	03ca1733	mulh	x14,x20,x28	 x20:0x001dc779 x28:0x00000000 x14=0x00000000
     186745.000 ns	     18673	8000434c	03272233	mulhsu	x4,x14,x18	 x14:0x00000200 x18:0xfcecf338  x4=0x00000000
     186765.000 ns	     18675	80004350	0172e5b3	or	x11,x5,x23	  x5:0x00000000 x23:0x00000001 x11=0x00000001
     186785.000 ns	     18677	80004354	02ed82b3	mul	x5,x27,x14	 x27:0x00000575 x14:0x00000000  x5=0x00000000
     186805.000 ns	     18679	80004358	0042a433	slt	x8,x5,x4	  x5:0x00000000  x4:0x00000000  x8=0x00000000
     186815.000 ns	     18680	8000435c	64fc3513	sltiu	x10,x24,1615	 x24:0x00000000 x10=0x00000001
     186825.000 ns	     18681	80004360	0052c933	xor	x18,x5,x5	  x5:0x00000000  x5:0x00000000 x18=0x00000000
     186835.000 ns	     18682	80004364	008aa1b3	slt	x3,x21,x8	 x21:0x00000000  x8:0x00000000  x3=0x00000000
     186845.000 ns	     18683	80004368	81a64a93	xori	x21,x12,-2022	 x12:0x80040fe4 x21=0x7ffbf7fe
     186865.000 ns	     18685	8000436c	e0078453	fmv.x.w	x8,f15	 f15:0xbf800000  x8=0xbf800000
     186895.000 ns	     18688	80004370	e0038b53	fmv.x.w	x22,f7	  f7:0xcccc755a x22=0xcccc755a
     187235.000 ns	     18722	80004374	18723bd3	fdiv.s	f23,f4,f7	  f4:0x4f7c7fff  f7:0xcccc755a f23=0xc1fc8000
     187265.000 ns	     18725	80004378	d00c7053	fcvt.s.w	f0,x24	 x24:0x00000000  f0=0x00000000
     187295.000 ns	     18728	8000437c	e00e8953	fmv.x.w	x18,f29	 f29:0x80000000 x18=0x80000000
     187315.000 ns	     18730	80004380	00f1f933	and	x18,x3,x15	  x3:0x00000000 x15:0x00000040 x18=0x00000000
     187325.000 ns	     18731	80004384	00e61193	slli	x3,x12,0xe	 x12:0x80040fe4  x3=0x03f90000
     187335.000 ns	     18732	80004388	002962b3	or	x5,x18,x2	 x18:0x80000000  x2:0xed14be56  x5=0xed14be56
     187355.000 ns	     18734	8000438c	02d75833	divu	x16,x14,x13	 x14:0x00000000 x13:0x00000000 x16=0xffffffff
     187385.000 ns	     18737	80004390	a0e90253	fle.s	x4,f18,f14	 f18:0x3f800000 f14:0x00000000  x4=0x00000000
     187405.000 ns	     18739	80004394	75073413	sltiu	x8,x14,1872	 x14:0x00000000  x8=0x00000001
     187425.000 ns	     18741	80004398	039b1033	mulh	x0,x22,x25	 x22:0xcccc755a x25:0x00000000
     188605.000 ns	     18859	8000439c	58087b53	fsqrt.s	f22,f16	 f16:0x00000200 f22=0x1f350758
     188635.000 ns	     18862	800043a0	02ad3033	mulhu	x0,x26,x10	 x26:0x00000001 x10:0x00000001
     188655.000 ns	     18864	800043a4	fc17bb93	sltiu	x23,x15,-63	 x15:0x00000040 x23=0x00000001
     188675.000 ns	     18866	800043a8	c0051053	fcvt.w.s	x0,f10	 f10:0xcccc755a
     188705.000 ns	     18869	800043ac	a0ca1953	flt.s	x18,f20,f12	 f20:0x4efff7df f12:0x00000200 x18=0x00000000
     188745.000 ns	     18873	800043b0	10abf6d3	fmul.s	f13,f23,f10	 f23:0xc1fc8000 f10:0xcccc755a f13=0x4f49a9bf
     188775.000 ns	     18876	800043b4	2144aed3	fsgnjx.s	f29,f9,f20	  f9:0x4f6d14be f20:0x4efff7df f29=0x4f6d14be
     188795.000 ns	     18878	800043b8	00a89f33	sll	x30,x17,x10	 x17:0x00000575 x10:0x00000001 x30=0x00000aea
     188815.000 ns	     18880	800043bc	a0fd98d3	flt.s	x17,f27,f15	 f27:0x80000000 f15:0xbf800000 x17=0x00000000
     188835.000 ns	     18882	800043c0	b78a3693	sltiu	x13,x20,-1160	 x20:0x001dc779 x13=0x00000001
     189195.000 ns	     18918	800043c4	036f5db3	divu	x27,x30,x22	 x30:0x00000aea x22:0xcccc755a x27=0x00000000
     189215.000 ns	     18920	800043c8	80afb997	auipc	x19,0x80afb	 x19=0x00aff3c8
     189235.000 ns	     18922	800043cc	c01b72d3	fcvt.wu.s	x5,f22	 f22:0x1f350758  x5=0x00000000
     189255.000 ns	     18924	800043d0	0197dd33	srl	x26,x15,x25	 x15:0x00000040 x25:0x00000000 x26=0x00000040
     189285.000 ns	     18927	800043d4	580734d3	fsqrt.s	f9,f14	 f14:0x00000000  f9=0x00000000
     189655.000 ns	     18964	800043d8	027dc9b3	div	x19,x27,x7	 x27:0x00000000  x7:0x522ab310 x19=0x00000000
     189685.000 ns	     18967	800043dc	298a1fd3	fmax.s	f31,f20,f24	 f20:0x4efff7df f24:0x00000000 f31=0x4efff7df
     189715.000 ns	     18970	800043e0	20e18c53	fsgnj.s	f24,f3,f14	  f3:0xcefff7df f14:0x00000000 f24=0x4efff7df
     189735.000 ns	     18972	800043e4	001627b3	slt	x15,x12,x1	 x12:0x80040fe4  x1:0x00000000 x15=0x00000001
     190095.000 ns	     19008	800043e8	03e86bb3	rem	x23,x16,x30	 x16:0xffffffff x30:0x00000aea x23=0xffffffff
     190135.000 ns	     19012	800043ec	103b3553	fmul.s	f10,f22,f3	 f22:0x1f350758  f3:0xcefff7df f10=0xaeb50198
     190155.000 ns	     19014	800043f0	0157d733	srl	x14,x15,x21	 x15:0x00000001 x21:0x7ffbf7fe x14=0x00000000
     190175.000 ns	     19016	800043f4	d00df5d3	fcvt.s.w	f11,x27	 x27:0x00000000 f11=0x00000000
     190195.000 ns	     19018	800043f8	537c8013	addi	x0,x25,1335	 x25:0x00000000
     190215.000 ns	     19020	800043fc	a08c15d3	flt.s	x11,f24,f8	 f24:0x4efff7df  f8:0x7f800000 x11=0x00000001
     190235.000 ns	     19022	80004400	009d5c13	srli	x24,x26,0x9	 x26:0x00000040 x24=0x00000000
     190245.000 ns	     19023	80004404	00f1e3b3	or	x7,x3,x15	  x3:0x03f90000 x15:0x00000001  x7=0x03f90001
     190255.000 ns	     19024	80004408	40d75a33	sra	x20,x14,x13	 x14:0x00000000 x13:0x00000001 x20=0x00000000
     190265.000 ns	     19025	8000440c	9f367b93	andi	x23,x12,-1549	 x12:0x80040fe4 x23=0x800409e0
     190285.000 ns	     19027	80004410	a0490fd3	fle.s	x31,f18,f4	 f18:0x3f800000  f4:0x4f7c7fff x31=0x00000001
     190305.000 ns	     19029	80004414	75879217	auipc	x4,0x75879	  x4=0xf587d414
     190665.000 ns	     19065	80004418	0227c5b3	div	x11,x15,x2	 x15:0x00000001  x2:0xed14be56 x11=0x00000000
     190695.000 ns	     19068	8000441c	20c6a4d3	fsgnjx.s	f9,f13,f12	 f13:0x4f49a9bf f12:0x00000200  f9=0x4f49a9bf
     190725.000 ns	     19071	80004420	03a09e33	mulh	x28,x1,x26	  x1:0x00000000 x26:0x00000040 x28=0x00000000
     190745.000 ns	     19073	80004424	41e05b13	srai	x22,x0,0x1e	  x0:0x00000000 x22=0x00000000
     190765.000 ns	     19075	80004428	e00701d3	fmv.x.w	x3,f14	 f14:0x00000000  x3=0x00000000
     190785.000 ns	     19077	8000442c	bb28ab93	slti	x23,x17,-1102	 x17:0x00000000 x23=0x00000000
     190805.000 ns	     19079	80004430	207e04d3	fsgnj.s	f9,f28,f7	 f28:0xbf800000  f7:0xcccc755a  f9=0xbf800000
     190835.000 ns	     19082	80004434	d00b7dd3	fcvt.s.w	f27,x22	 x22:0x00000000 f27=0x00000000
     190865.000 ns	     19085	80004438	f00b0ed3	fmv.w.x	f29,x22	 x22:0x00000000 f29=0x00000000
     190885.000 ns	     19087	8000443c	19d7c593	xori	x11,x15,413	 x15:0x00000001 x11=0x0000019c
     190905.000 ns	     19089	80004440	c0057853	fcvt.w.s	x16,f10	 f10:0xaeb50198 x16=0x00000000
     190925.000 ns	     19091	80004444	0107c0b3	xor	x1,x15,x16	 x15:0x00000001 x16:0xffffffff  x1=0x00000001
     190935.000 ns	     19092	80004448	40f750b3	sra	x1,x14,x15	 x14:0x00000000 x15:0x00000001  x1=0x00000000
     190955.000 ns	     19094	8000444c	a0321553	flt.s	x10,f4,f3	  f4:0x4f7c7fff  f3:0xcefff7df x10=0x00000000
     190975.000 ns	     19096	80004450	0177d233	srl	x4,x15,x23	 x15:0x00000001 x23:0x00000000  x4=0x00000001
     190985.000 ns	     19097	80004454	d428c7b7	lui	x15,0xd428c	 x15=0xd428c000
     190995.000 ns	     19098	80004458	1084e513	ori	x10,x9,264	  x9:0x00000000 x10=0x00000108
     191015.000 ns	     19100	8000445c	207215d3	fsgnjn.s	f11,f4,f7	  f4:0x4f7c7fff  f7:0xcccc755a f11=0x4f7c7fff
     191035.000 ns	     19102	80004460	017cec33	or	x24,x25,x23	 x25:0x00000000 x23:0x00000000 x24=0x00000000
     191045.000 ns	     19103	80004464	b624b437	lui	x8,0xb624b	  x8=0xb624b000
     191065.000 ns	     19105	80004468	c0127bd3	fcvt.wu.s	x23,f4	  f4:0x4f7c7fff x23=0xfc7fff00
     191095.000 ns	     19108	8000446c	a0379553	flt.s	x10,f15,f3	 f15:0xbf800000  f3:0xcefff7df x10=0x00000000
     191125.000 ns	     19111	80004470	c0107a53	fcvt.wu.s	x20,f0	  f0:0x00000000 x20=0x00000000
     191145.000 ns	     19113	80004474	00000013	addi	x0,x0,0	  x0:0x00000000
     191155.000 ns	     19114	80004478	edad3893	sltiu	x17,x26,-294	 x26:0x00000040 x17=0x00000001
     191175.000 ns	     19116	8000447c	21152dd3	fsgnjx.s	f27,f10,f17	 f10:0xaeb50198 f17:0x00000000 f27=0xaeb50198
     191195.000 ns	     19118	80004480	417009b3	sub	x19,x0,x23	  x0:0x00000000 x23:0xfc7fff00 x19=0x03800100
     191205.000 ns	     19119	80004484	75d2e093	ori	x1,x5,1885	  x5:0x00000000  x1=0x0000075d
     191225.000 ns	     19121	80004488	f00e80d3	fmv.w.x	f1,x29	 x29:0x80041024  f1=0x80041024
     191245.000 ns	     19123	8000448c	01c30433	add	x8,x6,x28	  x6:0x00000575 x28:0x00000000  x8=0x00000575
     191255.000 ns	     19124	80004490	01a5cab3	xor	x21,x11,x26	 x11:0x0000019c x26:0x00000040 x21=0x000001dc
     191275.000 ns	     19126	80004494	20b994d3	fsgnjn.s	f9,f19,f11	 f19:0x00000200 f11:0x4f7c7fff  f9=0x80000200
     191295.000 ns	     19128	80004498	0d42f213	andi	x4,x5,212	  x5:0x00000000  x4=0x00000000
     191325.000 ns	     19131	8000449c	104cf1d3	fmul.s	f3,f25,f4	 f25:0x80000000  f4:0x4f7c7fff  f3=0x80000000
     191355.000 ns	     19134	800044a0	d00745d3	fcvt.s.w	f11,x14	 x14:0x00000000 f11=0x00000000
     191725.000 ns	     19171	800044a4	02b26d33	rem	x26,x4,x11	  x4:0x00000000 x11:0x0000019c x26=0x00000000
     191745.000 ns	     19173	800044a8	11f1c693	xori	x13,x3,287	  x3:0x00000000 x13=0x0000011f
     191765.000 ns	     19175	800044ac	03a184b3	mul	x9,x3,x26	  x3:0x00000000 x26:0x00000000  x9=0x00000000
     191795.000 ns	     19178	800044b0	c0069d53	fcvt.w.s	x26,f13	 f13:0x4f49a9bf x26=0x7fffffff
     191825.000 ns	     19181	800044b4	f00209d3	fmv.w.x	f19,x4	  x4:0x00000000 f19=0x00000000
     191845.000 ns	     19183	800044b8	02537d13	andi	x26,x6,37	  x6:0x00000575 x26=0x00000025
     191855.000 ns	     19184	800044bc	40d35b93	srai	x23,x6,0xd	  x6:0x00000575 x23=0x00000000
     191875.000 ns	     19186	800044c0	a1a30ad3	fle.s	x21,f6,f26	  f6:0x00000200 f26:0x80000000 x21=0x00000000
     191895.000 ns	     19188	800044c4	4c46bb93	sltiu	x23,x13,1220	 x13:0x0000011f x23=0x00000001
     191905.000 ns	     19189	800044c8	40f48db3	sub	x27,x9,x15	  x9:0x00000000 x15:0xd428c000 x27=0x2bd74000
     191925.000 ns	     19191	800044cc	29fb8753	fmin.s	f14,f23,f31	 f23:0xc1fc8000 f31:0x4efff7df f14=0xc1fc8000
     191955.000 ns	     19194	800044d0	299d0ed3	fmin.s	f29,f26,f25	 f26:0x80000000 f25:0x80000000 f29=0x80000000
     191975.000 ns	     19196	800044d4	97e13897	auipc	x17,0x97e13	 x17=0x17e174d4
     191985.000 ns	     19197	800044d8	003cb4b3	sltu	x9,x25,x3	 x25:0x00000000  x3:0x00000000  x9=0x00000000
     193155.000 ns	     19314	800044dc	580b2453	fsqrt.s	f8,f22	 f22:0x1f350758  f8=0x2f000194
     193175.000 ns	     19316	800044e0	00203a33	sltu	x20,x0,x2	  x0:0x00000000  x2:0xed14be56 x20=0x00000001
     193185.000 ns	     19317	800044e4	007cb3b3	sltu	x7,x25,x7	 x25:0x00000000  x7:0x03f90001  x7=0x00000001
     193205.000 ns	     19319	800044e8	a1209353	flt.s	x6,f1,f18	  f1:0x80041024 f18:0x3f800000  x6=0x00000001
     193225.000 ns	     19321	800044ec	8145fd13	andi	x26,x11,-2028	 x11:0x0000019c x26=0x00000014
     193235.000 ns	     19322	800044f0	40ff5313	srai	x6,x30,0xf	 x30:0x00000aea  x6=0x00000000
     193255.000 ns	     19324	800044f4	d00af3d3	fcvt.s.w	f7,x21	 x21:0x00000000  f7=0x00000000
     193285.000 ns	     19327	800044f8	219492d3	fsgnjn.s	f5,f9,f25	  f9:0x80000200 f25:0x80000000  f5=0x00000200
     193335.000 ns	     19332	800044fc	0912f2d3	fsub.s	f5,f5,f17	  f5:0x00000000 f17:0x00000000  f5=0x00000200
     193365.000 ns	     19335	80004500	f00781d3	fmv.w.x	f3,x15	 x15:0xd428c000  f3=0xd428c000
     194545.000 ns	     19453	80004504	58037953	fsqrt.s	f18,f6	  f6:0x00000200 f18=0x1f350758
     194575.000 ns	     19456	80004508	29c014d3	fmax.s	f9,f0,f28	  f0:0x00000000 f28:0xbf800000  f9=0x00000000
     194595.000 ns	     19458	8000450c	357b3d13	sltiu	x26,x22,855	 x22:0x00000000 x26=0x00000001
     194635.000 ns	     19462	80004510	01427353	fadd.s	f6,f4,f20	  f4:0x4f7c7fff f20:0x4efff7df  f6=0x4fbe3df7
     194655.000 ns	     19464	80004514	4004d4b3	sra	x9,x9,x0	  x9:0x00000000  x0:0x00000000  x9=0x00000000
     195015.000 ns	     19500	80004518	033c45b3	div	x11,x24,x19	 x24:0x00000000 x19:0x03800100 x11=0x00000000
     195035.000 ns	     19502	8000451c	007020b3	slt	x1,x0,x7	  x0:0x00000000  x7:0x00000001  x1=0x00000001
     195045.000 ns	     19503	80004520	00000013	addi	x0,x0,0	  x0:0x00000000
     195065.000 ns	     19505	80004524	02acfbb3	remu	x23,x25,x10	 x25:0x00000000 x10:0x00000000 x23=0x00000000
     195405.000 ns	     19539	80004528	18aa0f53	fdiv.s	f30,f20,f10	 f20:0x4efff7df f10:0xaeb50198 f30=0xdfb4aef9
     195425.000 ns	     19541	8000452c	00f761b3	or	x3,x14,x15	 x14:0x00000000 x15:0xd428c000  x3=0xd428c000
     195435.000 ns	     19542	80004530	7b94f093	andi	x1,x9,1977	  x9:0x00000000  x1=0x00000000
     195455.000 ns	     19544	80004534	a0a983d3	fle.s	x7,f19,f10	 f19:0x00000000 f10:0xaeb50198  x7=0x00000000
     195475.000 ns	     19546	80004538	404881b3	sub	x3,x17,x4	 x17:0x17e174d4  x4:0x00000000  x3=0x17e174d4
     195495.000 ns	     19548	8000453c	20139953	fsgnjn.s	f18,f7,f1	  f7:0x00000000  f1:0x80041024 f18=0x00000000
     195525.000 ns	     19551	80004540	213c0ad3	fsgnj.s	f21,f24,f19	 f24:0x4efff7df f19:0x00000000 f21=0x4efff7df
     195545.000 ns	     19553	80004544	c327a8b7	lui	x17,0xc327a	 x17=0xc327a000
     195905.000 ns	     19589	80004548	02d348b3	div	x17,x6,x13	  x6:0x00000000 x13:0x0000011f x17=0x00000000
     195925.000 ns	     19591	8000454c	013384b3	add	x9,x7,x19	  x7:0x00000000 x19:0x03800100  x9=0x03800100
     195935.000 ns	     19592	80004550	00655893	srli	x17,x10,0x6	 x10:0x00000000 x17=0x00000000
     195945.000 ns	     19593	80004554	53e57593	andi	x11,x10,1342	 x10:0x00000000 x11=0x00000000
     195955.000 ns	     19594	80004558	003d4433	xor	x8,x26,x3	 x26:0x00000001  x3:0x17e174d4  x8=0x17e174d5
     195975.000 ns	     19596	8000455c	0324efb3	rem	x31,x9,x18	  x9:0x03800100 x18:0x00000000 x31=0x03800100
     195995.000 ns	     19598	80004560	a1034cb7	lui	x25,0xa1034	 x25=0xa1034000
     196005.000 ns	     19599	80004564	00000013	addi	x0,x0,0	  x0:0x00000000
     196025.000 ns	     19601	80004568	28ba8553	fmin.s	f10,f21,f11	 f21:0x4efff7df f11:0x00000000 f10=0x00000000
     196045.000 ns	     19603	8000456c	40f082b3	sub	x5,x1,x15	  x1:0x00000000 x15:0xd428c000  x5=0x2bd74000
     196065.000 ns	     19605	80004570	c00877d3	fcvt.w.s	x15,f16	 f16:0x00000200 x15=0x00000000
     196095.000 ns	     19608	80004574	f00c8853	fmv.w.x	f16,x25	 x25:0xa1034000 f16=0xa1034000
     196125.000 ns	     19611	80004578	02a977b3	remu	x15,x18,x10	 x18:0x00000000 x10:0x00000000 x15=0x00000000
     196155.000 ns	     19614	8000457c	a0a22353	feq.s	x6,f4,f10	  f4:0x4f7c7fff f10:0x00000000  x6=0x00000000
     196185.000 ns	     19617	80004580	e00c8253	fmv.x.w	x4,f25	 f25:0x80000000  x4=0x80000000
     196205.000 ns	     19619	80004584	0058dd13	srli	x26,x17,0x5	 x17:0x00000000 x26=0x00000000
     196215.000 ns	     19620	80004588	018b0a33	add	x20,x22,x24	 x22:0x00000000 x24:0x00000000 x20=0x00000000
     196235.000 ns	     19622	8000458c	02e4cd33	div	x26,x9,x14	  x9:0x03800100 x14:0x00000000 x26=0xffffffff
     196265.000 ns	     19625	80004590	29de02d3	fmin.s	f5,f28,f29	 f28:0xbf800000 f29:0x80000000  f5=0xbf800000
     196295.000 ns	     19628	80004594	02ebb533	mulhu	x10,x23,x14	 x23:0x00000000 x14:0x00000000 x10=0x00000000
     196315.000 ns	     19630	80004598	f7347193	andi	x3,x8,-141	  x8:0x17e174d5  x3=0x17e17451
     196325.000 ns	     19631	8000459c	a169ca13	xori	x20,x19,-1514	 x19:0x03800100 x20=0xfc7ffb16
     196345.000 ns	     19633	800045a0	03715033	divu	x0,x2,x23	  x2:0xed14be56 x23:0x00000000
     196375.000 ns	     19636	800045a4	f0080a53	fmv.w.x	f20,x16	 x16:0x00000000 f20=0x00000000
     196405.000 ns	     19639	800045a8	032094b3	mulh	x9,x1,x18	  x1:0x00000000 x18:0x00000000  x9=0x00000000
     196435.000 ns	     19642	800045ac	a0f821d3	feq.s	x3,f16,f15	 f16:0xa1034000 f15:0xbf800000  x3=0x00000000
     196465.000 ns	     19645	800045b0	f0060253	fmv.w.x	f4,x12	 x12:0x80040fe4  f4=0x80040fe4
     196495.000 ns	     19648	800045b4	024238b3	mulhu	x17,x4,x4	  x4:0x80000000  x4:0x80000000 x17=0x40000000
     196525.000 ns	     19651	800045b8	d017f5d3	fcvt.s.wu	f11,x15	 x15:0x00000000 f11=0x00000000
     196565.000 ns	     19655	800045bc	580e19d3	fsqrt.s	f19,f28	 f28:0xbf800000 f19=0x7fc00000
     196595.000 ns	     19658	800045c0	a0faa7d3	feq.s	x15,f21,f15	 f21:0x4efff7df f15:0xbf800000 x15=0x00000000
     196615.000 ns	     19660	800045c4	3df90c13	addi	x24,x18,991	 x18:0x00000000 x24=0x000003df
     196635.000 ns	     19662	800045c8	c00f32d3	fcvt.w.s	x5,f30	 f30:0xdfb4aef9  x5=0x80000000
     196665.000 ns	     19665	800045cc	02a3c2b3	div	x5,x7,x10	  x7:0x00000000 x10:0x00000000  x5=0xffffffff
     196685.000 ns	     19667	800045d0	414f8733	sub	x14,x31,x20	 x31:0x03800100 x20:0xfc7ffb16 x14=0x070005ea
     196705.000 ns	     19669	800045d4	c01074d3	fcvt.wu.s	x9,f0	  f0:0x00000000  x9=0x00000000
     196725.000 ns	     19671	800045d8	40750533	sub	x10,x10,x7	 x10:0x00000000  x7:0x00000000 x10=0x00000000
     196745.000 ns	     19673	800045dc	02f19db3	mulh	x27,x3,x15	  x3:0x00000000 x15:0x00000000 x27=0x00000000
     196765.000 ns	     19675	800045e0	00000013	addi	x0,x0,0	  x0:0x00000000
     196785.000 ns	     19677	800045e4	a0d717d3	flt.s	x15,f14,f13	 f14:0xc1fc8000 f13:0x4f49a9bf x15=0x00000001
     196805.000 ns	     19679	800045e8	5cc5ac93	slti	x25,x11,1484	 x11:0x00000000 x25=0x00000001
     197165.000 ns	     19715	800045ec	0349ee33	rem	x28,x19,x20	 x19:0x03800100 x20:0xfc7ffb16 x28=0x03800100
     197185.000 ns	     19717	800045f0	009e4433	xor	x8,x28,x9	 x28:0x00000000  x9:0x00000000  x8=0x03800100
     197545.000 ns	     19753	800045f4	02225233	divu	x4,x4,x2	  x4:0x80000000  x2:0xed14be56  x4=0x00000000
     197565.000 ns	     19755	800045f8	00d411b3	sll	x3,x8,x13	  x8:0x17e174d5 x13:0x0000011f  x3=0x00000000
     197575.000 ns	     19756	800045fc	07e54a37	lui	x20,0x7e54	 x20=0x07e54000
     197605.000 ns	     19759	80004600	10f0ffd3	fmul.s	f31,f1,f15	  f1:0x80041024 f15:0xbf800000 f31=0x00041024
     197635.000 ns	     19762	80004604	200c1a53	fsgnjn.s	f20,f24,f0	 f24:0x4efff7df  f0:0x00000000 f20=0xcefff7df
     197655.000 ns	     19764	80004608	419a5493	srai	x9,x20,0x19	 x20:0x07e54000  x9=0x00000003
     197675.000 ns	     19766	8000460c	d018fd53	fcvt.s.wu	f26,x17	 x17:0x40000000 f26=0x4e800000
     197705.000 ns	     19769	80004610	030e7a33	remu	x20,x28,x16	 x28:0x03800100 x16:0x00000000 x20=0x03800100
     197725.000 ns	     19771	80004614	75b14093	xori	x1,x2,1883	  x2:0xed14be56  x1=0xed14b90d
     197745.000 ns	     19773	80004618	a18503d3	fle.s	x7,f10,f24	 f10:0x00000000 f24:0x4efff7df  x7=0x00000001
     197765.000 ns	     19775	8000461c	014155b3	srl	x11,x2,x20	  x2:0xed14be56 x20:0x03800100 x11=0xed14be56
     197775.000 ns	     19776	80004620	014986b3	add	x13,x19,x20	 x19:0x03800100 x20:0x03800100 x13=0x07000200
     197805.000 ns	     19779	80004624	18af74d3	fdiv.s	f9,f30,f10	 f30:0xdfb4aef9 f10:0x00000000  f9=0xff800000
     197825.000 ns	     19781	80004628	97e6a193	slti	x3,x13,-1666	 x13:0x0000011f  x3=0x00000000
     197835.000 ns	     19782	8000462c	f1b02013	slti	x0,x0,-229	  x0:0x00000000
     197845.000 ns	     19783	80004630	00000013	addi	x0,x0,0	  x0:0x00000000
     197855.000 ns	     19784	80004634	c153ab93	slti	x23,x7,-1003	  x7:0x00000001 x23=0x00000000
     197865.000 ns	     19785	80004638	019eb733	sltu	x14,x29,x25	 x29:0x80041024 x25:0x00000001 x14=0x00000000
     197875.000 ns	     19786	8000463c	0c032513	slti	x10,x6,192	  x6:0x00000000 x10=0x00000001
     197885.000 ns	     19787	80004640	254ba913	slti	x18,x23,596	 x23:0x00000000 x18=0x00000001
     197905.000 ns	     19789	80004644	a02a07d3	fle.s	x15,f20,f2	 f20:0xcefff7df  f2:0x80000000 x15=0x00000001
     197925.000 ns	     19791	80004648	01b9dc33	srl	x24,x19,x27	 x19:0x03800100 x27:0x00000000 x24=0x03800100
     197955.000 ns	     19794	8000464c	1059ab53	fmul.s	f22,f19,f5	 f19:0x7fc00000  f5:0xbf800000 f22=0x7fc00000
     198325.000 ns	     19831	80004650	02acf433	remu	x8,x25,x10	 x25:0x00000001 x10:0x00000001  x8=0x00000000
     198355.000 ns	     19834	80004654	212a9753	fsgnjn.s	f14,f21,f18	 f21:0x4efff7df f18:0x00000000 f14=0xcefff7df
     198375.000 ns	     19836	80004658	00991db3	sll	x27,x18,x9	 x18:0x00000001  x9:0x00000003 x27=0x00000008
     198385.000 ns	     19837	8000465c	87063093	sltiu	x1,x12,-1936	 x12:0x80040fe4  x1=0x00000001
     198405.000 ns	     19839	80004660	02e6acb3	mulhsu	x25,x13,x14	 x13:0x07000200 x14:0x00000000 x25=0x00000000
     198455.000 ns	     19844	80004664	01d81653	fadd.s	f12,f16,f29	 f16:0xa1034000 f29:0x80000000 f12=0xa1034000
     198485.000 ns	     19847	80004668	21859653	fsgnjn.s	f12,f11,f24	 f11:0x00000000 f24:0x4efff7df f12=0x80000000
     198505.000 ns	     19849	8000466c	00e1dab3	srl	x21,x3,x14	  x3:0x00000000 x14:0x00000000 x21=0x00000000
     198515.000 ns	     19850	80004670	ed922013	slti	x0,x4,-295	  x4:0x00000000
     198525.000 ns	     19851	80004674	01801a33	sll	x20,x0,x24	  x0:0x00000000 x24:0x03800100 x20=0x00000000
     198535.000 ns	     19852	80004678	001e9533	sll	x10,x29,x1	 x29:0x80041024  x1:0x00000001 x10=0x00082048
     198555.000 ns	     19854	8000467c	c00ffc53	fcvt.w.s	x24,f31	 f31:0x00041024 x24=0x00000000
     198585.000 ns	     19857	80004680	293911d3	fmax.s	f3,f18,f19	 f18:0x00000000 f19:0x7fc00000  f3=0x00000000
     198615.000 ns	     19860	80004684	29cb9453	fmax.s	f8,f23,f28	 f23:0xc1fc8000 f28:0xbf800000  f8=0xbf800000
     198635.000 ns	     19862	80004688	014d2fb3	slt	x31,x26,x20	 x26:0xffffffff x20:0x00000000 x31=0x00000001
     198645.000 ns	     19863	8000468c	710e7693	andi	x13,x28,1808	 x28:0x03800100 x13=0x00000100
     198665.000 ns	     19865	80004690	025927b3	mulhsu	x15,x18,x5	 x18:0x00000001  x5:0xffffffff x15=0x00000000
     198695.000 ns	     19868	80004694	28bf9453	fmax.s	f8,f31,f11	 f31:0x00041024 f11:0x00000000  f8=0x00041024
     198725.000 ns	     19871	80004698	02ee5a33	divu	x20,x28,x14	 x28:0x03800100 x14:0x00000000 x20=0xffffffff
     198745.000 ns	     19873	8000469c	01c1de13	srli	x28,x3,0x1c	  x3:0x00000000 x28=0x00000000
     198775.000 ns	     19876	800046a0	191af853	fdiv.s	f16,f21,f17	 f21:0x4efff7df f17:0x00000000 f16=0x7f800000
     198795.000 ns	     19878	800046a4	00058333	add	x6,x11,x0	 x11:0xed14be56  x0:0x00000000  x6=0xed14be56
     198805.000 ns	     19879	800046a8	4038db13	srai	x22,x17,0x3	 x17:0x40000000 x22=0x08000000
     199165.000 ns	     19915	800046ac	034adb33	divu	x22,x21,x20	 x21:0x00000000 x20:0xffffffff x22=0x00000000
     199205.000 ns	     19919	800046b0	58057b53	fsqrt.s	f22,f10	 f10:0x00000000 f22=0x00000000
     199225.000 ns	     19921	800046b4	405386b3	sub	x13,x7,x5	  x7:0x00000001  x5:0xffffffff x13=0x00000002
     199245.000 ns	     19923	800046b8	a08e2253	feq.s	x4,f28,f8	 f28:0xbf800000  f8:0x00041024  x4=0x00000000
     199295.000 ns	     19928	800046bc	00d43cd3	fadd.s	f25,f8,f13	  f8:0x00041024 f13:0x4f49a9bf f25=0x4f49a9bf
     199665.000 ns	     19965	800046c0	02a95033	divu	x0,x18,x10	 x18:0x00000001 x10:0x00082048
     199695.000 ns	     19968	800046c4	a1218f53	fle.s	x30,f3,f18	  f3:0x00000000 f18:0x00000000 x30=0x00000001
     199715.000 ns	     19970	800046c8	36f53413	sltiu	x8,x10,879	 x10:0x00082048  x8=0x00000000
     200075.000 ns	     20006	800046cc	03e167b3	rem	x15,x2,x30	  x2:0xed14be56 x30:0x00000001 x15=0x00000000
     200445.000 ns	     20043	800046d0	027a6cb3	rem	x25,x20,x7	 x20:0xffffffff  x7:0x00000001 x25=0x00000000
     200475.000 ns	     20046	800046d4	0282a5b3	mulhsu	x11,x5,x8	  x5:0xffffffff  x8:0x00000000 x11=0x00000000
     200505.000 ns	     20049	800046d8	e0029ad3	fclass.s	x21,f5	  f5:0xbf800000 x21=0x00000002
     200535.000 ns	     20052	800046dc	20ca10d3	fsgnjn.s	f1,f20,f12	 f20:0xcefff7df f12:0x80000000  f1=0x4efff7df
     200585.000 ns	     20057	800046e0	08739ad3	fsub.s	f21,f7,f7	  f7:0x00000000  f7:0x00000000 f21=0x80000000
     200615.000 ns	     20060	800046e4	a1ed2453	feq.s	x8,f26,f30	 f26:0x4e800000 f30:0xdfb4aef9  x8=0x00000000
     200955.000 ns	     20094	800046e8	18ddf653	fdiv.s	f12,f27,f13	 f27:0xaeb50198 f13:0x4f49a9bf f12=0x9eb50198
     200975.000 ns	     20096	800046ec	00000013	addi	x0,x0,0	  x0:0x00000000
     200995.000 ns	     20098	800046f0	03807a33	remu	x20,x0,x24	  x0:0x00000000 x24:0x00000000 x20=0x00000000
     201365.000 ns	     20135	800046f4	025ad1b3	divu	x3,x21,x5	 x21:0x00000002  x5:0xffffffff  x3=0x00000000
     201415.000 ns	     20140	800046f8	017403d3	fadd.s	f7,f8,f23	  f8:0x00041024 f23:0xc1fc8000  f7=0xc1fc8000
     201445.000 ns	     20143	800046fc	e00d9b53	fclass.s	x22,f27	 f27:0xaeb50198 x22=0x00000002
     201475.000 ns	     20146	80004700	a0978b53	fle.s	x22,f15,f9	 f15:0xbf800000  f9:0xff800000 x22=0x00000000
     201495.000 ns	     20148	80004704	0209b493	sltiu	x9,x19,32	 x19:0x03800100  x9=0x00000000
     201515.000 ns	     20150	80004708	d01e7f53	fcvt.s.wu	f30,x28	 x28:0x00000000 f30=0x00000000
     201535.000 ns	     20152	8000470c	01977fb3	and	x31,x14,x25	 x14:0x00000000 x25:0x00000000 x31=0x00000000
     201545.000 ns	     20153	80004710	00515433	srl	x8,x2,x5	  x2:0xed14be56  x5:0xffffffff  x8=0x00000001
     201565.000 ns	     20155	80004714	21482c53	fsgnjx.s	f24,f16,f20	 f16:0x7f800000 f20:0xcefff7df f24=0xff800000
     201595.000 ns	     20158	80004718	c00713d3	fcvt.w.s	x7,f14	 f14:0xcefff7df  x7=0x80041080
     201625.000 ns	     20161	8000471c	032f0b33	mul	x22,x30,x18	 x30:0x00000001 x18:0x00000001 x22=0x00000001
     201665.000 ns	     20165	80004720	19e97453	fdiv.s	f8,f18,f30	 f18:0x00000000 f30:0x00000000  f8=0x7fc00000
     201695.000 ns	     20168	80004724	a11210d3	flt.s	x1,f4,f17	  f4:0x80040fe4 f17:0x00000000  x1=0x00000001
     201715.000 ns	     20170	80004728	97006013	ori	x0,x0,-1680	  x0:0x00000000
     201735.000 ns	     20172	8000472c	e00813d3	fclass.s	x7,f16	 f16:0x7f800000  x7=0x00000080
     201755.000 ns	     20174	80004730	41525cb3	sra	x25,x4,x21	  x4:0x00000000 x21:0x00000002 x25=0x00000000
     201765.000 ns	     20175	80004734	0146dfb3	srl	x31,x13,x20	 x13:0x00000002 x20:0x00000000 x31=0x00000002
     201775.000 ns	     20176	80004738	412b8c33	sub	x24,x23,x18	 x23:0x00000000 x18:0x00000001 x24=0xffffffff
     201785.000 ns	     20177	8000473c	10bfed93	ori	x27,x31,267	 x31:0x00000000 x27=0x0000010b
     201795.000 ns	     20178	80004740	28953f13	sltiu	x30,x10,649	 x10:0x00082048 x30=0x00000000
     201805.000 ns	     20179	80004744	378786b7	lui	x13,0x37878	 x13=0x37878000
     201825.000 ns	     20181	80004748	03760cb3	mul	x25,x12,x23	 x12:0x80040fe4 x23:0x00000000 x25=0x00000000
     201855.000 ns	     20184	8000474c	a1618853	fle.s	x16,f3,f22	  f3:0x00000000 f22:0x00000000 x16=0x00000001
     201875.000 ns	     20186	80004750	001b7833	and	x16,x22,x1	 x22:0x00000001  x1:0x00000001 x16=0x00000001
     201895.000 ns	     20188	80004754	21511753	fsgnjn.s	f14,f2,f21	  f2:0x80000000 f21:0x80000000 f14=0x00000000
     201925.000 ns	     20191	80004758	c01e8f53	fcvt.wu.s	x30,f29	 f29:0x80000000 x30=0x00000000
     201975.000 ns	     20196	8000475c	015d2953	fadd.s	f18,f26,f21	 f26:0x4e800000 f21:0x80000000 f18=0x4e800000
     202005.000 ns	     20199	80004760	e00a1053	fclass.s	x0,f20	 f20:0xcefff7df
     202035.000 ns	     20202	80004764	d01fbb53	fcvt.s.wu	f22,x31	 x31:0x00000002 f22=0x40000000
     202085.000 ns	     20207	80004768	08dafe53	fsub.s	f28,f21,f13	 f21:0x80000000 f13:0x4f49a9bf f28=0xcf49a9bf
     202105.000 ns	     20209	8000476c	006d1713	slli	x14,x26,0x6	 x26:0xffffffff x14=0xffffffc0
     202125.000 ns	     20211	80004770	c00df953	fcvt.w.s	x18,f27	 f27:0xaeb50198 x18=0x00000000
     202145.000 ns	     20213	80004774	00325b33	srl	x22,x4,x3	  x4:0x00000000  x3:0x00000000 x22=0x00000000
     202155.000 ns	     20214	80004778	df8e7913	andi	x18,x28,-520	 x28:0x00000000 x18=0x00000000
     202195.000 ns	     20218	8000477c	08a8f853	fsub.s	f16,f17,f10	 f17:0x00000000 f10:0x00000000 f16=0x80000000
     202215.000 ns	     20220	80004780	41e85bb3	sra	x23,x16,x30	 x16:0x00000001 x30:0x00000000 x23=0x00000001
     202235.000 ns	     20222	80004784	a17220d3	feq.s	x1,f4,f23	  f4:0x80040fe4 f23:0xc1fc8000  x1=0x00000000
     202255.000 ns	     20224	80004788	d95e4493	xori	x9,x28,-619	 x28:0x00000000  x9=0xfffffd95
     202265.000 ns	     20225	8000478c	00000013	addi	x0,x0,0	  x0:0x00000000
     202275.000 ns	     20226	80004790	845c8993	addi	x19,x25,-1979	 x25:0x00000000 x19=0xfffff845
     202285.000 ns	     20227	80004794	45162a13	slti	x20,x12,1105	 x12:0x80040fe4 x20=0x00000001
     202305.000 ns	     20229	80004798	c0063f53	fcvt.w.s	x30,f12	 f12:0x9eb50198 x30=0x00000000
     202335.000 ns	     20232	8000479c	d00912d3	fcvt.s.w	f5,x18	 x18:0x00000000  f5=0x00000000
     202385.000 ns	     20237	800047a0	00eff653	fadd.s	f12,f31,f14	 f31:0x00041024 f14:0x00000000 f12=0x00041024
     202415.000 ns	     20240	800047a4	028632b3	mulhu	x5,x12,x8	 x12:0x80040fe4  x8:0x00000001  x5=0x00000000
     202435.000 ns	     20242	800047a8	00a60f33	add	x30,x12,x10	 x12:0x80040fe4 x10:0x00082048 x30=0x800c302c
     202445.000 ns	     20243	800047ac	01a44bb3	xor	x23,x8,x26	  x8:0x00000001 x26:0xffffffff x23=0xfffffffe
     202475.000 ns	     20246	800047b0	19aefdd3	fdiv.s	f27,f29,f26	 f29:0x80000000 f26:0x4e800000 f27=0x80000000
     202495.000 ns	     20248	800047b4	00b347b3	xor	x15,x6,x11	  x6:0xed14be56 x11:0x00000000 x15=0xed14be56
     202525.000 ns	     20251	800047b8	108c1553	fmul.s	f10,f24,f8	 f24:0xff800000  f8:0x7fc00000 f10=0x7fc00000
     202545.000 ns	     20253	800047bc	00da0933	add	x18,x20,x13	 x20:0x00000001 x13:0x37878000 x18=0x37878001
     202565.000 ns	     20255	800047c0	03ab99b3	mulh	x19,x23,x26	 x23:0xfffffffe x26:0xffffffff x19=0x00000000
     202595.000 ns	     20258	800047c4	28101d53	fmax.s	f26,f0,f1	  f0:0x00000000  f1:0x4efff7df f26=0x4efff7df
     202635.000 ns	     20262	800047c8	18677ad3	fdiv.s	f21,f14,f6	 f14:0x00000000  f6:0x4fbe3df7 f21=0x00000000
     202665.000 ns	     20265	800047cc	03fa1fb3	mulh	x31,x20,x31	 x20:0x00000001 x31:0x00000002 x31=0x00000000
     202685.000 ns	     20267	800047d0	01111513	slli	x10,x2,0x11	  x2:0xed14be56 x10=0x7cac0000
     203045.000 ns	     20303	800047d4	035c46b3	div	x13,x24,x21	 x24:0xffffffff x21:0x00000002 x13=0x00000000
     203065.000 ns	     20305	800047d8	00980ab3	add	x21,x16,x9	 x16:0x00000001  x9:0xfffffd95 x21=0xfffffd96
     203085.000 ns	     20307	800047dc	a15b03d3	fle.s	x7,f22,f21	 f22:0x40000000 f21:0x00000000  x7=0x00000000
     203455.000 ns	     20344	800047e0	0220cc33	div	x24,x1,x2	  x1:0x00000000  x2:0xed14be56 x24=0x00000000
     203485.000 ns	     20347	800047e4	a04e0c53	fle.s	x24,f28,f4	 f28:0xcf49a9bf  f4:0x80040fe4 x24=0x00000001
     203515.000 ns	     20350	800047e8	e0000a53	fmv.x.w	x20,f0	  f0:0x00000000 x20=0x00000000
     203535.000 ns	     20352	800047ec	017622b3	slt	x5,x12,x23	 x12:0x80040fe4 x23:0xfffffffe  x5=0x00000001
     203545.000 ns	     20353	800047f0	418b8233	sub	x4,x23,x24	 x23:0xfffffffe x24:0x00000001  x4=0xfffffffd
     203565.000 ns	     20355	800047f4	02f6be33	mulhu	x28,x13,x15	 x13:0x00000000 x15:0xed14be56 x28=0x00000000
     203595.000 ns	     20358	800047f8	a0fc1dd3	flt.s	x27,f24,f15	 f24:0xff800000 f15:0xbf800000 x27=0x00000001
     203625.000 ns	     20361	800047fc	217d9253	fsgnjn.s	f4,f27,f23	 f27:0x80000000 f23:0xc1fc8000  f4=0x00000000
     203995.000 ns	     20398	80004800	0283dab3	divu	x21,x7,x8	  x7:0x00000000  x8:0x00000001 x21=0x00000000
     204365.000 ns	     20435	80004804	03a05a33	divu	x20,x0,x26	  x0:0x00000000 x26:0xffffffff x20=0x00000000
     204395.000 ns	     20438	80004808	21ef1253	fsgnjn.s	f4,f30,f30	 f30:0x00000000 f30:0x00000000  f4=0x80000000
     204425.000 ns	     20441	8000480c	c00ebbd3	fcvt.w.s	x23,f29	 f29:0x80000000 x23=0x00000000
     204445.000 ns	     20443	80004810	00d77b33	and	x22,x14,x13	 x14:0xffffffc0 x13:0x00000000 x22=0x00000000
     204455.000 ns	     20444	80004814	41340a33	sub	x20,x8,x19	  x8:0x00000001 x19:0x00000000 x20=0x00000001
     204465.000 ns	     20445	80004818	70d8cb97	auipc	x23,0x70d8c	 x23=0xf0d90818
     204475.000 ns	     20446	8000481c	4030d593	srai	x11,x1,0x3	  x1:0x00000000 x11=0x00000000
     204485.000 ns	     20447	80004820	002c55b3	srl	x11,x24,x2	 x24:0x00000001  x2:0xed14be56 x11=0x00000000
     204525.000 ns	     20451	80004824	09187053	fsub.s	f0,f16,f17	 f16:0x80000000 f17:0x00000000  f0=0x80000000
     204555.000 ns	     20454	80004828	a05c07d3	fle.s	x15,f24,f5	 f24:0xff800000  f5:0x00000000 x15=0x00000001
     204585.000 ns	     20457	8000482c	02fe95b3	mulh	x11,x29,x15	 x29:0x80041024 x15:0xed14be56 x11=0xffffffff
     204955.000 ns	     20494	80004830	02c6e3b3	rem	x7,x13,x12	 x13:0x00000000 x12:0x80040fe4  x7=0x00000000
     205325.000 ns	     20531	80004834	03e9e9b3	rem	x19,x19,x30	 x19:0x00000000 x30:0x800c302c x19=0x00000000
     205345.000 ns	     20533	80004838	01d56233	or	x4,x10,x29	 x10:0x7cac0000 x29:0x80041024  x4=0xfcac1024
     205355.000 ns	     20534	8000483c	abbc7497	auipc	x9,0xabbc7	  x9=0x2bbcb83c
     205375.000 ns	     20536	80004840	02f5a333	mulhsu	x6,x11,x15	 x11:0xffffffff x15:0x00000001  x6=0xffffffff
     205395.000 ns	     20538	80004844	84de4c93	xori	x25,x28,-1971	 x28:0x00000000 x25=0xfffff84d
     205415.000 ns	     20540	80004848	a0a28cd3	fle.s	x25,f5,f10	  f5:0x00000000 f10:0x7fc00000 x25=0x00000000
     205445.000 ns	     20543	8000484c	29bc12d3	fmax.s	f5,f24,f27	 f24:0xff800000 f27:0x80000000  f5=0x80000000
     205465.000 ns	     20545	80004850	00c8f233	and	x4,x17,x12	 x17:0x40000000 x12:0x80040fe4  x4=0x00000000
     205485.000 ns	     20547	80004854	29cc9053	fmax.s	f0,f25,f28	 f25:0x4f49a9bf f28:0xcf49a9bf  f0=0x4f49a9bf
     205855.000 ns	     20584	80004858	0382d533	divu	x10,x5,x24	  x5:0x00000001 x24:0x00000001 x10=0x00000001
     205875.000 ns	     20586	8000485c	01b1eab3	or	x21,x3,x27	  x3:0x00000000 x27:0x00000001 x21=0x00000001
     206235.000 ns	     20622	80004860	03a1fa33	remu	x20,x3,x26	  x3:0x00000000 x26:0xffffffff x20=0x00000000
     206275.000 ns	     20626	80004864	1171bc53	fmul.s	f24,f3,f23	  f3:0x00000000 f23:0xc1fc8000 f24=0x80000000
     206295.000 ns	     20628	80004868	00098f33	add	x30,x19,x0	 x19:0x00000000  x0:0x00000000 x30=0x00000000
     206305.000 ns	     20629	8000486c	006c5913	srli	x18,x24,0x6	 x24:0x00000001 x18=0x00000000
     206325.000 ns	     20631	80004870	28550f53	fmin.s	f30,f10,f5	 f10:0x7fc00000  f5:0x80000000 f30=0x80000000
     206355.000 ns	     20634	80004874	034fd233	divu	x4,x31,x20	 x31:0x00000000 x20:0x00000000  x4=0xffffffff
     206375.000 ns	     20636	80004878	40835933	sra	x18,x6,x8	  x6:0xffffffff  x8:0x00000001 x18=0xffffffff
     206385.000 ns	     20637	8000487c	00000013	addi	x0,x0,0	  x0:0x00000000
     206395.000 ns	     20638	80004880	006d24b3	slt	x9,x26,x6	 x26:0xffffffff  x6:0xffffffff  x9=0x00000000
     206405.000 ns	     20639	80004884	01d619b3	sll	x19,x12,x29	 x12:0x80040fe4 x29:0x80041024 x19=0x0040fe40
     206415.000 ns	     20640	80004888	8b0f3a93	sltiu	x21,x30,-1872	 x30:0x00000000 x21=0x00000001
     206425.000 ns	     20641	8000488c	014e9f93	slli	x31,x29,0x14	 x29:0x80041024 x31=0x02400000
     206435.000 ns	     20642	80004890	411edab3	sra	x21,x29,x17	 x29:0x80041024 x17:0x40000000 x21=0x80041024
     206455.000 ns	     20644	80004894	02450b33	mul	x22,x10,x4	 x10:0x00000001  x4:0xffffffff x22=0xffffffff
     207635.000 ns	     20762	80004898	5800f8d3	fsqrt.s	f17,f1	  f1:0x4efff7df f17=0x473501cb
     207665.000 ns	     20765	8000489c	29891a53	fmax.s	f20,f18,f24	 f18:0x4e800000 f24:0x80000000 f20=0x4e800000
     207715.000 ns	     20770	800048a0	097589d3	fsub.s	f19,f11,f23	 f11:0x00000000 f23:0xc1fc8000 f19=0x41fc8000
     207745.000 ns	     20773	800048a4	029dd8b3	divu	x17,x27,x9	 x27:0x00000001  x9:0x00000000 x17=0xffffffff
     207775.000 ns	     20776	800048a8	a1e29353	flt.s	x6,f5,f30	  f5:0x80000000 f30:0x80000000  x6=0x00000000
     207795.000 ns	     20778	800048ac	01d97333	and	x6,x18,x29	 x18:0xffffffff x29:0x80041024  x6=0x80041024
     207805.000 ns	     20779	800048b0	6ae4ab13	slti	x22,x9,1710	  x9:0x00000000 x22=0x00000001
     207825.000 ns	     20781	800048b4	c01c7053	fcvt.wu.s	x0,f24	 f24:0x80000000
     207875.000 ns	     20786	800048b8	08d57753	fsub.s	f14,f10,f13	 f10:0x7fc00000 f13:0x4f49a9bf f14=0x7fc00000
     207905.000 ns	     20789	800048bc	c01afc53	fcvt.wu.s	x24,f21	 f21:0x00000000 x24=0x00000000
     207925.000 ns	     20791	800048c0	dffe6193	ori	x3,x28,-513	 x28:0x00000000  x3=0xfffffdff
     207945.000 ns	     20793	800048c4	f00e8e53	fmv.w.x	f28,x29	 x29:0x80041024 f28=0x80041024
     207965.000 ns	     20795	800048c8	ac4c2917	auipc	x18,0xac4c2	 x18=0x2c4c68c8
     208325.000 ns	     20831	800048cc	03ab6833	rem	x16,x22,x26	 x22:0x00000001 x26:0xffffffff x16=0x00000000
     208345.000 ns	     20833	800048d0	9486e293	ori	x5,x13,-1720	 x13:0x00000000  x5=0xfffff948
     208355.000 ns	     20834	800048d4	0184cf33	xor	x30,x9,x24	  x9:0x00000000 x24:0x00000000 x30=0x00000000
     208375.000 ns	     20836	800048d8	02e70333	mul	x6,x14,x14	 x14:0xffffffc0 x14:0xffffffc0  x6=0x00001000
     208405.000 ns	     20839	800048dc	e0028553	fmv.x.w	x10,f5	  f5:0x80000000 x10=0x80000000
     208425.000 ns	     20841	800048e0	00000013	addi	x0,x0,0	  x0:0x00000000
     208465.000 ns	     20845	800048e4	092975d3	fsub.s	f11,f18,f18	 f18:0x4e800000 f18:0x4e800000 f11=0x80000000
     208835.000 ns	     20882	800048e8	0281eab3	rem	x21,x3,x8	  x3:0xfffffdff  x8:0x00000001 x21=0x00000000
     208865.000 ns	     20885	800048ec	038ce4b3	rem	x9,x25,x24	 x25:0x00000000 x24:0x00000000  x9=0x00000000
     208885.000 ns	     20887	800048f0	00000013	addi	x0,x0,0	  x0:0x00000000
     208895.000 ns	     20888	800048f4	4162d6b3	sra	x13,x5,x22	  x5:0xfffff948 x22:0x00000001 x13=0xfffffca4
     208915.000 ns	     20890	800048f8	d019f053	fcvt.s.wu	f0,x19	 x19:0x0040fe40  f0=0x4a81fc80
     208935.000 ns	     20892	800048fc	00773e33	sltu	x28,x14,x7	 x14:0xffffffc0  x7:0x00000000 x28=0x00000000
     208955.000 ns	     20894	80004900	a141a553	feq.s	x10,f3,f20	  f3:0x00000000 f20:0x4e800000 x10=0x00000000
     208985.000 ns	     20897	80004904	210a2a53	fsgnjx.s	f20,f20,f16	 f20:0x4e800000 f16:0x80000000 f20=0xce800000
     209035.000 ns	     20902	80004908	00da4a53	fadd.s	f20,f20,f13	 f20:0x4e800000 f13:0x4f49a9bf f20=0x4f09a9bf
     209085.000 ns	     20907	8000490c	0862f353	fsub.s	f6,f5,f6	  f5:0x80000000  f6:0x4fbe3df7  f6=0xcfbe3df7
     209105.000 ns	     20909	80004910	f0dced93	ori	x27,x25,-243	 x25:0x00000000 x27=0xffffff0d
     209115.000 ns	     20910	80004914	007dd8b3	srl	x17,x27,x7	 x27:0x00000001  x7:0x00000000 x17=0xffffff0d
     209135.000 ns	     20912	80004918	209b95d3	fsgnjn.s	f11,f23,f9	 f23:0xc1fc8000  f9:0xff800000 f11=0x41fc8000
     209165.000 ns	     20915	8000491c	a1e30953	fle.s	x18,f6,f30	  f6:0xcfbe3df7 f30:0x80000000 x18=0x00000001
     209195.000 ns	     20918	80004920	28430b53	fmin.s	f22,f6,f4	  f6:0xcfbe3df7  f4:0x80000000 f22=0xcfbe3df7
     209215.000 ns	     20920	80004924	41ffd4b3	sra	x9,x31,x31	 x31:0x02400000 x31:0x02400000  x9=0x02400000
     209235.000 ns	     20922	80004928	03feb333	mulhu	x6,x29,x31	 x29:0x80041024 x31:0x02400000  x6=0x01200924
     209605.000 ns	     20959	8000492c	0291c333	div	x6,x3,x9	  x3:0xfffffdff  x9:0x00000000  x6=0x00000000
     209625.000 ns	     20961	80004930	01c9bd33	sltu	x26,x19,x28	 x19:0x0040fe40 x28:0x00000000 x26=0x00000000
     209635.000 ns	     20962	80004934	3a024e13	xori	x28,x4,928	  x4:0xffffffff x28=0xfffffc5f
     209655.000 ns	     20964	80004938	03a182b3	mul	x5,x3,x26	  x3:0xfffffdff x26:0xffffffff  x5=0x00000000
     209685.000 ns	     20967	8000493c	0307f0b3	remu	x1,x15,x16	 x15:0x00000001 x16:0x00000000  x1=0x00000001
     209705.000 ns	     20969	80004940	0125b733	sltu	x14,x11,x18	 x11:0xffffffff x18:0x00000001 x14=0x00000000
     209715.000 ns	     20970	80004944	0172dab3	srl	x21,x5,x23	  x5:0x00000000 x23:0xf0d90818 x21=0x00000000
     209735.000 ns	     20972	80004948	c016f853	fcvt.wu.s	x16,f13	 f13:0x4f49a9bf x16=0xc9a9bf00
     209755.000 ns	     20974	8000494c	cf0cc093	xori	x1,x25,-784	 x25:0x00000000  x1=0xfffffcf0
     210115.000 ns	     21010	80004950	03da6833	rem	x16,x20,x29	 x20:0x00000000 x29:0x80041024 x16=0x00000000
     210165.000 ns	     21015	80004954	08e78053	fsub.s	f0,f15,f14	 f15:0xbf800000 f14:0x7fc00000  f0=0x7fc00000
     210535.000 ns	     21052	80004958	032a51b3	divu	x3,x20,x18	 x20:0x00000000 x18:0x00000001  x3=0x00000000
     210555.000 ns	     21054	8000495c	013a6933	or	x18,x20,x19	 x20:0x00000000 x19:0x0040fe40 x18=0x0040fe40
     210565.000 ns	     21055	80004960	00130333	add	x6,x6,x1	  x6:0x00000000  x1:0xfffffcf0  x6=0xfffffcf0
     210585.000 ns	     21057	80004964	290205d3	fmin.s	f11,f4,f16	  f4:0x80000000 f16:0x80000000 f11=0x80000000
     210615.000 ns	     21060	80004968	29248d53	fmin.s	f26,f9,f18	  f9:0xff800000 f18:0x4e800000 f26=0xff800000
     210655.000 ns	     21064	8000496c	5802ccd3	fsqrt.s	f25,f5	  f5:0x80000000 f25=0x80000000
     210685.000 ns	     21067	80004970	d01efad3	fcvt.s.wu	f21,x29	 x29:0x80041024 f21=0x4f000410
     210725.000 ns	     21071	80004974	10ebf4d3	fmul.s	f9,f23,f14	 f23:0xc1fc8000 f14:0x7fc00000  f9=0x7fc00000
     210745.000 ns	     21073	80004978	c7798893	addi	x17,x19,-905	 x19:0x0040fe40 x17=0x0040fab7
     210765.000 ns	     21075	8000497c	027cf2b3	remu	x5,x25,x7	 x25:0x00000000  x7:0x00000000  x5=0x00000000
     210795.000 ns	     21078	80004980	a08e2dd3	feq.s	x27,f28,f8	 f28:0x80041024  f8:0x7fc00000 x27=0x00000000
     211165.000 ns	     21115	80004984	029be233	rem	x4,x23,x9	 x23:0xf0d90818  x9:0x02400000  x4=0xfe590818
     211205.000 ns	     21119	80004988	58037953	fsqrt.s	f18,f6	  f6:0xcfbe3df7 f18=0x7fc00000
     211235.000 ns	     21122	8000498c	e0089953	fclass.s	x18,f17	 f17:0x473501cb x18=0x00000040
     211255.000 ns	     21124	80004990	00103c33	sltu	x24,x0,x1	  x0:0x00000000  x1:0xfffffcf0 x24=0x00000001
     211265.000 ns	     21125	80004994	dbcd0513	addi	x10,x26,-580	 x26:0x00000000 x10=0xfffffdbc
     211285.000 ns	     21127	80004998	02e351b3	divu	x3,x6,x14	  x6:0xfffffcf0 x14:0x00000000  x3=0xffffffff
     211305.000 ns	     21129	8000499c	415559b3	sra	x19,x10,x21	 x10:0x00000000 x21:0x00000000 x19=0xfffffdbc
     211325.000 ns	     21131	800049a0	c01bffd3	fcvt.wu.s	x31,f23	 f23:0xc1fc8000 x31=0x0000001f
     211355.000 ns	     21134	800049a4	20bb9653	fsgnjn.s	f12,f23,f11	 f23:0xc1fc8000 f11:0x80000000 f12=0x41fc8000
     211385.000 ns	     21137	800049a8	a1fc13d3	flt.s	x7,f24,f31	 f24:0x80000000 f31:0x00041024  x7=0x00000001
     211415.000 ns	     21140	800049ac	c012fd53	fcvt.wu.s	x26,f5	  f5:0x80000000 x26=0x00000000
     211445.000 ns	     21143	800049b0	0332a6b3	mulhsu	x13,x5,x19	  x5:0x00000000 x19:0xfffffdbc x13=0x00000000
     211475.000 ns	     21146	800049b4	a13b8f53	fle.s	x30,f23,f19	 f23:0xc1fc8000 f19:0x41fc8000 x30=0x00000001
     211505.000 ns	     21149	800049b8	e0058353	fmv.x.w	x6,f11	 f11:0x80000000  x6=0x80000000
     211545.000 ns	     21153	800049bc	5801f153	fsqrt.s	f2,f3	  f3:0x00000000  f2=0x00000000
     211575.000 ns	     21156	800049c0	a1c20b53	fle.s	x22,f4,f28	  f4:0x80000000 f28:0x80041024 x22=0x00000000
     211605.000 ns	     21159	800049c4	c01bf553	fcvt.wu.s	x10,f23	 f23:0xc1fc8000 x10=0x0000001f
     211625.000 ns	     21161	800049c8	0097d733	srl	x14,x15,x9	 x15:0x00000001  x9:0x02400000 x14=0x00000001
     211645.000 ns	     21163	800049cc	c0171753	fcvt.wu.s	x14,f14	 f14:0x7fc00000 x14=0xffffffff
     211665.000 ns	     21165	800049d0	ea4c6593	ori	x11,x24,-348	 x24:0x00000001 x11=0xfffffea5
     211675.000 ns	     21166	800049d4	00341d93	slli	x27,x8,0x3	  x8:0x00000001 x27=0x00000008
     211695.000 ns	     21168	800049d8	c01d7fd3	fcvt.wu.s	x31,f26	 f26:0xff800000 x31=0x00000000
     211735.000 ns	     21172	800049dc	11dcf3d3	fmul.s	f7,f25,f29	 f25:0x80000000 f29:0x80000000  f7=0x00000000
     211765.000 ns	     21175	800049e0	291c8dd3	fmin.s	f27,f25,f17	 f25:0x80000000 f17:0x473501cb f27=0x80000000
     211785.000 ns	     21177	800049e4	0029da33	srl	x20,x19,x2	 x19:0xfffffdbc  x2:0xed14be56 x20=0x000003ff
     211805.000 ns	     21179	800049e8	d00e8ed3	fcvt.s.w	f29,x29	 x29:0x80041024 f29=0xcefff7df
     211825.000 ns	     21181	800049ec	0144d193	srli	x3,x9,0x14	  x9:0x02400000  x3=0x00000024
     211835.000 ns	     21182	800049f0	41ccde33	sra	x28,x25,x28	 x25:0x00000000 x28:0xfffffc5f x28=0x00000000
     211845.000 ns	     21183	800049f4	01d09893	slli	x17,x1,0x1d	  x1:0xfffffcf0 x17=0x00000000
     211885.000 ns	     21187	800049f8	01f0f3d3	fadd.s	f7,f1,f31	  f1:0x4efff7df f31:0x00041024  f7=0x4efff7df
     211915.000 ns	     21190	800049fc	c00977d3	fcvt.w.s	x15,f18	 f18:0x7fc00000 x15=0x7fffffff
     212285.000 ns	     21227	80004a00	02646433	rem	x8,x8,x6	  x8:0x00000001  x6:0x80000000  x8=0x00000001
     212305.000 ns	     21229	80004a04	01538333	add	x6,x7,x21	  x7:0x00000001 x21:0x00000000  x6=0x00000001
     212325.000 ns	     21231	80004a08	d003b753	fcvt.s.w	f14,x7	  x7:0x00000001 f14=0x3f800000
     212355.000 ns	     21234	80004a0c	21702cd3	fsgnjx.s	f25,f0,f23	  f0:0x7fc00000 f23:0xc1fc8000 f25=0xffc00000
     212385.000 ns	     21237	80004a10	a1331453	flt.s	x8,f6,f19	  f6:0xcfbe3df7 f19:0x41fc8000  x8=0x00000001
     212415.000 ns	     21240	80004a14	e00c8dd3	fmv.x.w	x27,f25	 f25:0xffc00000 x27=0xffc00000
     212455.000 ns	     21244	80004a18	1184fc53	fmul.s	f24,f9,f24	  f9:0x7fc00000 f24:0x80000000 f24=0x7fc00000
     212475.000 ns	     21246	80004a1c	418cd493	srai	x9,x25,0x18	 x25:0x00000000  x9=0x00000000
     212495.000 ns	     21248	80004a20	a1b898d3	flt.s	x17,f17,f27	 f17:0x473501cb f27:0x80000000 x17=0x00000000
     212515.000 ns	     21250	80004a24	00381533	sll	x10,x16,x3	 x16:0x00000000  x3:0x00000024 x10=0x00000000
     212535.000 ns	     21252	80004a28	02d82233	mulhsu	x4,x16,x13	 x16:0x00000000 x13:0x00000000  x4=0x00000000
     212565.000 ns	     21255	80004a2c	e0050053	fmv.x.w	x0,f10	 f10:0x7fc00000
     212585.000 ns	     21257	80004a30	016316b3	sll	x13,x6,x22	  x6:0x00000001 x22:0x00000000 x13=0x00000001
     212605.000 ns	     21259	80004a34	d00c0ed3	fcvt.s.w	f29,x24	 x24:0x00000001 f29=0x3f800000
     212635.000 ns	     21262	80004a38	a1391753	flt.s	x14,f18,f19	 f18:0x7fc00000 f19:0x41fc8000 x14=0x00000000
     212665.000 ns	     21265	80004a3c	035d92b3	mulh	x5,x27,x21	 x27:0xffc00000 x21:0x00000000  x5=0x00000000
     212685.000 ns	     21267	80004a40	de950b93	addi	x23,x10,-535	 x10:0x00000000 x23=0xfffffde9
     212695.000 ns	     21268	80004a44	00949e13	slli	x28,x9,0x9	  x9:0x00000000 x28=0x00000000
     212705.000 ns	     21269	80004a48	01ee1a93	slli	x21,x28,0x1e	 x28:0x00000000 x21=0x00000000
     212715.000 ns	     21270	80004a4c	009056b3	srl	x13,x0,x9	  x0:0x00000000  x9:0x00000000 x13=0x00000000
     212725.000 ns	     21271	80004a50	40d8df33	sra	x30,x17,x13	 x17:0x00000000 x13:0x00000001 x30=0x00000000
     212735.000 ns	     21272	80004a54	90a64397	auipc	x7,0x90a64	  x7=0x10a68a54
     212745.000 ns	     21273	80004a58	01e697b3	sll	x15,x13,x30	 x13:0x00000000 x30:0x00000001 x15=0x00000000
     212765.000 ns	     21275	80004a5c	a18f1d53	flt.s	x26,f30,f24	 f30:0x80000000 f24:0x7fc00000 x26=0x00000000
     212785.000 ns	     21277	80004a60	01785d13	srli	x26,x16,0x17	 x16:0x00000000 x26=0x00000000
     212795.000 ns	     21278	80004a64	016c0cb3	add	x25,x24,x22	 x24:0x00000001 x22:0x00000000 x25=0x00000001
     212825.000 ns	     21281	80004a68	112740d3	fmul.s	f1,f14,f18	 f14:0x3f800000 f18:0x7fc00000  f1=0x7fc00000
     213195.000 ns	     21318	80004a6c	02345ab3	divu	x21,x8,x3	  x8:0x00000001  x3:0x00000024 x21=0x00000000
     213225.000 ns	     21321	80004a70	21aca9d3	fsgnjx.s	f19,f25,f26	 f25:0xffc00000 f26:0xff800000 f19=0x7fc00000
     213255.000 ns	     21324	80004a74	c005f6d3	fcvt.w.s	x13,f11	 f11:0x80000000 x13=0x00000000
     213275.000 ns	     21326	80004a78	001382b3	add	x5,x7,x1	  x7:0x10a68a54  x1:0xfffffcf0  x5=0x10a68744
     213295.000 ns	     21328	80004a7c	20928653	fsgnj.s	f12,f5,f9	  f5:0x80000000  f9:0x7fc00000 f12=0x00000000
     213325.000 ns	     21331	80004a80	21a3a6d3	fsgnjx.s	f13,f7,f26	  f7:0x4efff7df f26:0xff800000 f13=0xcefff7df
     213695.000 ns	     21368	80004a84	0226ebb3	rem	x23,x13,x2	 x13:0x00000000  x2:0xed14be56 x23=0x00000000
     213715.000 ns	     21370	80004a88	01049e33	sll	x28,x9,x16	  x9:0x00000000 x16:0x00000000 x28=0x00000000
     213735.000 ns	     21372	80004a8c	03654733	div	x14,x10,x22	 x10:0x00000000 x22:0x00000000 x14=0xffffffff
     213755.000 ns	     21374	80004a90	00c3dd33	srl	x26,x7,x12	  x7:0x10a68a54 x12:0x80040fe4 x26=0x010a68a5
     213765.000 ns	     21375	80004a94	012599b3	sll	x19,x11,x18	 x11:0xfffffea5 x18:0x00000040 x19=0xfffffea5
     213785.000 ns	     21377	80004a98	d0077bd3	fcvt.s.w	f23,x14	 x14:0xffffffff f23=0xbf800000
     213805.000 ns	     21379	80004a9c	5991e393	ori	x7,x3,1433	  x3:0x00000024  x7=0x000005bd
     213815.000 ns	     21380	80004aa0	40f20ab3	sub	x21,x4,x15	  x4:0x00000000 x15:0x00000000 x21=0x00000000
     213825.000 ns	     21381	80004aa4	00f206b3	add	x13,x4,x15	  x4:0x00000000 x15:0x00000000 x13=0x00000000
     213835.000 ns	     21382	80004aa8	01b4bdb3	sltu	x27,x9,x27	  x9:0x00000000 x27:0xffc00000 x27=0x00000001
     213855.000 ns	     21384	80004aac	0314f0b3	remu	x1,x9,x17	  x9:0x00000000 x17:0x00000000  x1=0x00000000
     213875.000 ns	     21386	80004ab0	aeac0e13	addi	x28,x24,-1302	 x24:0x00000001 x28=0xfffffaeb
     213895.000 ns	     21388	80004ab4	023cb3b3	mulhu	x7,x25,x3	 x25:0x00000001  x3:0x00000024  x7=0x00000000
     213915.000 ns	     21390	80004ab8	22d7c693	xori	x13,x15,557	 x15:0x00000000 x13=0x0000022d
     213925.000 ns	     21391	80004abc	01da53b3	srl	x7,x20,x29	 x20:0x000003ff x29:0x80041024  x7=0x0000003f
     213945.000 ns	     21393	80004ac0	e00e07d3	fmv.x.w	x15,f28	 f28:0x80041024 x15=0x80041024
     213965.000 ns	     21395	80004ac4	40a783b3	sub	x7,x15,x10	 x15:0x00000000 x10:0x00000000  x7=0x80041024
     213975.000 ns	     21396	80004ac8	95144c93	xori	x25,x8,-1711	  x8:0x00000001 x25=0xfffff950
     213995.000 ns	     21398	80004acc	d0073053	fcvt.s.w	f0,x14	 x14:0xffffffff  f0=0xbf800000
     214365.000 ns	     21435	80004ad0	039560b3	rem	x1,x10,x25	 x10:0x00000000 x25:0x00000001  x1=0x00000000
     214395.000 ns	     21438	80004ad4	02f60bb3	mul	x23,x12,x15	 x12:0x80040fe4 x15:0x80041024 x23=0x81207c10
     214435.000 ns	     21442	80004ad8	190028d3	fdiv.s	f17,f0,f16	  f0:0xbf800000 f16:0x80000000 f17=0x7f800000
     214465.000 ns	     21445	80004adc	21d99353	fsgnjn.s	f6,f19,f29	 f19:0x7fc00000 f29:0x3f800000  f6=0xffc00000
     214495.000 ns	     21448	80004ae0	029c45b3	div	x11,x24,x9	 x24:0x00000001  x9:0x00000000 x11=0xffffffff
     214515.000 ns	     21450	80004ae4	412adb93	srai	x23,x21,0x12	 x21:0x00000000 x23=0x00000000
     214525.000 ns	     21451	80004ae8	002870b3	and	x1,x16,x2	 x16:0x00000000  x2:0xed14be56  x1=0x00000000
     214545.000 ns	     21453	80004aec	020432b3	mulhu	x5,x8,x0	  x8:0x00000001  x0:0x00000000  x5=0x00000000
     214575.000 ns	     21456	80004af0	037e1fb3	mulh	x31,x28,x23	 x28:0xfffffaeb x23:0x00000000 x31=0x00000000
     214595.000 ns	     21458	80004af4	09f84d93	xori	x27,x16,159	 x16:0x00000000 x27=0x0000009f
     214955.000 ns	     21494	80004af8	03497733	remu	x14,x18,x20	 x18:0x00000040 x20:0x000003ff x14=0x00000040
     214985.000 ns	     21497	80004afc	020d3c33	mulhu	x24,x26,x0	 x26:0x010a68a5  x0:0x00000000 x24=0x00000000
     215005.000 ns	     21499	80004b00	d1a66b93	ori	x23,x12,-742	 x12:0x80040fe4 x23=0xfffffffe
     216175.000 ns	     21616	80004b04	580a3353	fsqrt.s	f6,f20	 f20:0x4f09a9bf  f6=0x46c2aec8
     216205.000 ns	     21619	80004b08	e0048c53	fmv.x.w	x24,f9	  f9:0x7fc00000 x24=0x7fc00000
     216225.000 ns	     21621	80004b0c	69adf913	andi	x18,x27,1690	 x27:0x0000009f x18=0x0000009a
     216245.000 ns	     21623	80004b10	02f29433	mulh	x8,x5,x15	  x5:0x00000000 x15:0x80041024  x8=0x00000000
     216265.000 ns	     21625	80004b14	85293693	sltiu	x13,x18,-1966	 x18:0x00000040 x13=0x00000001
     216275.000 ns	     21626	80004b18	0023d293	srli	x5,x7,0x2	  x7:0x80041024  x5=0x20010409
     216285.000 ns	     21627	80004b1c	89eeda97	auipc	x21,0x89eed	 x21=0x09ef1b1c
     216305.000 ns	     21629	80004b20	29259653	fmax.s	f12,f11,f18	 f11:0x80000000 f18:0x7fc00000 f12=0x80000000
     216335.000 ns	     21632	80004b24	297218d3	fmax.s	f17,f4,f23	  f4:0x80000000 f23:0xbf800000 f17=0x80000000
     216355.000 ns	     21634	80004b28	01949313	slli	x6,x9,0x19	  x9:0x00000000  x6=0x00000000
     216365.000 ns	     21635	80004b2c	e9b2e893	ori	x17,x5,-357	  x5:0x20010409 x17=0xfffffe9b
     216385.000 ns	     21637	80004b30	d00771d3	fcvt.s.w	f3,x14	 x14:0x00000040  f3=0x42800000
     216425.000 ns	     21641	80004b34	107408d3	fmul.s	f17,f8,f7	  f8:0x7fc00000  f7:0x4efff7df f17=0x7fc00000
     216445.000 ns	     21643	80004b38	019459b3	srl	x19,x8,x25	  x8:0x00000000 x25:0xfffff950 x19=0x00000000
     216465.000 ns	     21645	80004b3c	a0de1e53	flt.s	x28,f28,f13	 f28:0x80041024 f13:0xcefff7df x28=0x00000000
     216485.000 ns	     21647	80004b40	f18b6413	ori	x8,x22,-232	 x22:0x00000000  x8=0xffffff18
     216505.000 ns	     21649	80004b44	03a837b3	mulhu	x15,x16,x26	 x16:0x00000000 x26:0x010a68a5 x15=0x00000000
     216535.000 ns	     21652	80004b48	a1330bd3	fle.s	x23,f6,f19	  f6:0x46c2aec8 f19:0x7fc00000 x23=0x00000000
     216565.000 ns	     21655	80004b4c	a18708d3	fle.s	x17,f14,f24	 f14:0x3f800000 f24:0x7fc00000 x17=0x00000000
     216595.000 ns	     21658	80004b50	03ebadb3	mulhsu	x27,x23,x30	 x23:0x00000000 x30:0x00000000 x27=0x00000000
     216615.000 ns	     21660	80004b54	40c30f33	sub	x30,x6,x12	  x6:0x00000000 x12:0x80040fe4 x30=0x7ffbf01c
     216625.000 ns	     21661	80004b58	97787593	andi	x11,x16,-1673	 x16:0x00000000 x11=0x00000000
     216655.000 ns	     21664	80004b5c	5802f2d3	fsqrt.s	f5,f5	  f5:0x80000000  f5=0x80000000
     216675.000 ns	     21666	80004b60	006a5db3	srl	x27,x20,x6	 x20:0x000003ff  x6:0x00000000 x27=0x000003ff
     216695.000 ns	     21668	80004b64	21340453	fsgnj.s	f8,f8,f19	  f8:0x7fc00000 f19:0x7fc00000  f8=0x7fc00000
     216715.000 ns	     21670	80004b68	00000013	addi	x0,x0,0	  x0:0x00000000
     216725.000 ns	     21671	80004b6c	e79a4ab7	lui	x21,0xe79a4	 x21=0xe79a4000
     216745.000 ns	     21673	80004b70	a04922d3	feq.s	x5,f18,f4	 f18:0x7fc00000  f4:0x80000000  x5=0x00000000
     216765.000 ns	     21675	80004b74	6e643c17	auipc	x24,0x6e643	 x24=0xee647b74
     216785.000 ns	     21677	80004b78	021df733	remu	x14,x27,x1	 x27:0x000003ff  x1:0x00000000 x14=0x000003ff
     216815.000 ns	     21680	80004b7c	a14e12d3	flt.s	x5,f28,f20	 f28:0x80041024 f20:0x4f09a9bf  x5=0x00000001
     216835.000 ns	     21682	80004b80	1e8faa93	slti	x21,x31,488	 x31:0x00000000 x21=0x00000001
     216845.000 ns	     21683	80004b84	4063df13	srai	x30,x7,0x6	  x7:0x80041024 x30=0xfe001040
     216855.000 ns	     21684	80004b88	e13ff193	andi	x3,x31,-493	 x31:0x00000000  x3=0x00000000
     216875.000 ns	     21686	80004b8c	a05f8c53	fle.s	x24,f31,f5	 f31:0x00041024  f5:0x80000000 x24=0x00000000
     216905.000 ns	     21689	80004b90	21e218d3	fsgnjn.s	f17,f4,f30	  f4:0x80000000 f30:0x80000000 f17=0x00000000
     216925.000 ns	     21691	80004b94	01059433	sll	x8,x11,x16	 x11:0x00000000 x16:0x00000000  x8=0x00000000
     216945.000 ns	     21693	80004b98	021e78b3	remu	x17,x28,x1	 x28:0x00000000  x1:0x00000000 x17=0x00000000
     216975.000 ns	     21696	80004b9c	03143433	mulhu	x8,x8,x17	  x8:0xffffff18 x17:0x00000000  x8=0x00000000
     217005.000 ns	     21699	80004ba0	030d6e33	rem	x28,x26,x16	 x26:0x010a68a5 x16:0x00000000 x28=0x010a68a5
     217045.000 ns	     21703	80004ba4	189672d3	fdiv.s	f5,f12,f9	 f12:0x80000000  f9:0x7fc00000  f5=0x7fc00000
     217075.000 ns	     21706	80004ba8	c0054753	fcvt.w.s	x14,f10	 f10:0x7fc00000 x14=0x7fffffff
     217125.000 ns	     21711	80004bac	08a4a5d3	fsub.s	f11,f9,f10	  f9:0x7fc00000 f10:0x7fc00000 f11=0x7fc00000
     217145.000 ns	     21713	80004bb0	00000013	addi	x0,x0,0	  x0:0x00000000
     217165.000 ns	     21715	80004bb4	0363e933	rem	x18,x7,x22	  x7:0x80041024 x22:0x00000000 x18=0x80041024
     217185.000 ns	     21717	80004bb8	41570db3	sub	x27,x14,x21	 x14:0x7fffffff x21:0x00000001 x27=0x7ffffffe
     217195.000 ns	     21718	80004bbc	00c67333	and	x6,x12,x12	 x12:0x80040fe4 x12:0x80040fe4  x6=0x80040fe4
     217205.000 ns	     21719	80004bc0	b8104513	xori	x10,x0,-1151	  x0:0x00000000 x10=0xfffffb81
     217215.000 ns	     21720	80004bc4	01fd0d33	add	x26,x26,x31	 x26:0x010a68a5 x31:0x00000000 x26=0x010a68a5
     217225.000 ns	     21721	80004bc8	00fef1b3	and	x3,x29,x15	 x29:0x80041024 x15:0x00000000  x3=0x00000000
     217235.000 ns	     21722	80004bcc	00000013	addi	x0,x0,0	  x0:0x00000000
     217245.000 ns	     21723	80004bd0	a71a3c93	sltiu	x25,x20,-1423	 x20:0x000003ff x25=0x00000001
     217275.000 ns	     21726	80004bd4	10c27f53	fmul.s	f30,f4,f12	  f4:0x80000000 f12:0x80000000 f30=0x00000000
     217295.000 ns	     21728	80004bd8	00b47233	and	x4,x8,x11	  x8:0x00000000 x11:0x00000000  x4=0x00000000
     217305.000 ns	     21729	80004bdc	014c5093	srli	x1,x24,0x14	 x24:0x00000000  x1=0x00000000
     217325.000 ns	     21731	80004be0	21201ed3	fsgnjn.s	f29,f0,f18	  f0:0xbf800000 f18:0x7fc00000 f29=0xbf800000
     217345.000 ns	     21733	80004be4	0010b933	sltu	x18,x1,x1	  x1:0x00000000  x1:0x00000000 x18=0x00000000
     217365.000 ns	     21735	80004be8	c01b8f53	fcvt.wu.s	x30,f23	 f23:0xbf800000 x30=0x00000001
     217395.000 ns	     21738	80004bec	d00cf553	fcvt.s.w	f10,x25	 x25:0x00000001 f10=0x3f800000
     217425.000 ns	     21741	80004bf0	03f9bcb3	mulhu	x25,x19,x31	 x19:0x00000000 x31:0x00000000 x25=0x00000000
     217445.000 ns	     21743	80004bf4	0002c033	xor	x0,x5,x0	  x5:0x00000001  x0:0x00000000
     217455.000 ns	     21744	80004bf8	c9a14d93	xori	x27,x2,-870	  x2:0xed14be56 x27=0x12eb42cc
     217475.000 ns	     21746	80004bfc	d00f24d3	fcvt.s.w	f9,x30	 x30:0x00000001  f9=0x3f800000
     217495.000 ns	     21748	80004c00	01b8df93	srli	x31,x17,0x1b	 x17:0x00000000 x31=0x00000000
     217515.000 ns	     21750	80004c04	038a0e33	mul	x28,x20,x24	 x20:0x000003ff x24:0x00000000 x28=0x00000000
     217545.000 ns	     21753	80004c08	e00a97d3	fclass.s	x15,f21	 f21:0x4f000410 x15=0x00000040
     217565.000 ns	     21755	80004c0c	00000013	addi	x0,x0,0	  x0:0x00000000
     217575.000 ns	     21756	80004c10	c4757313	andi	x6,x10,-953	 x10:0xfffffb81  x6=0xfffff801
     217595.000 ns	     21758	80004c14	a03516d3	flt.s	x13,f10,f3	 f10:0x3f800000  f3:0x42800000 x13=0x00000001
     217625.000 ns	     21761	80004c18	a12009d3	fle.s	x19,f0,f18	  f0:0xbf800000 f18:0x7fc00000 x19=0x00000000
     217655.000 ns	     21764	80004c1c	02a18b33	mul	x22,x3,x10	  x3:0x00000000 x10:0xfffffb81 x22=0x00000000
     217685.000 ns	     21767	80004c20	d010a5d3	fcvt.s.wu	f11,x1	  x1:0x00000000 f11=0x00000000
     217705.000 ns	     21769	80004c24	00000013	addi	x0,x0,0	  x0:0x00000000
     217725.000 ns	     21771	80004c28	29760fd3	fmin.s	f31,f12,f23	 f12:0x80000000 f23:0xbf800000 f31=0xbf800000
     217755.000 ns	     21774	80004c2c	02b64833	div	x16,x12,x11	 x12:0x80040fe4 x11:0x00000000 x16=0xffffffff
     217775.000 ns	     21776	80004c30	2b836313	ori	x6,x6,696	  x6:0xfffff801  x6=0xfffffab9
     217795.000 ns	     21778	80004c34	c010c453	fcvt.wu.s	x8,f1	  f1:0x7fc00000  x8=0xffffffff
     217835.000 ns	     21782	80004c38	19544ad3	fdiv.s	f21,f8,f21	  f8:0x7fc00000 f21:0x4f000410 f21=0x7fc00000
     217855.000 ns	     21784	80004c3c	2710c313	xori	x6,x1,625	  x1:0x00000000  x6=0x00000271
     217865.000 ns	     21785	80004c40	00147b33	and	x22,x8,x1	  x8:0xffffffff  x1:0x00000000 x22=0x00000000
     217875.000 ns	     21786	80004c44	01d03733	sltu	x14,x0,x29	  x0:0x00000000 x29:0x80041024 x14=0x00000001
     217895.000 ns	     21788	80004c48	020421b3	mulhsu	x3,x8,x0	  x8:0xffffffff  x0:0x00000000  x3=0x00000000
     217915.000 ns	     21790	80004c4c	01aeb7b3	sltu	x15,x29,x26	 x29:0x80041024 x26:0x010a68a5 x15=0x00000000
     217935.000 ns	     21792	80004c50	f0030e53	fmv.w.x	f28,x6	  x6:0x00000271 f28=0x00000271
     217955.000 ns	     21794	80004c54	a182ba13	sltiu	x20,x5,-1512	  x5:0x00000001 x20=0x00000001
     217965.000 ns	     21795	80004c58	01fa4733	xor	x14,x20,x31	 x20:0x000003ff x31:0x00000000 x14=0x00000001
     218005.000 ns	     21799	80004c5c	094ff0d3	fsub.s	f1,f31,f20	 f31:0xbf800000 f20:0x4f09a9bf  f1=0xcf09a9bf
     218035.000 ns	     21802	80004c60	202701d3	fsgnj.s	f3,f14,f2	 f14:0x3f800000  f2:0x00000000  f3=0x3f800000
     218055.000 ns	     21804	80004c64	00000013	addi	x0,x0,0	  x0:0x00000000
     218075.000 ns	     21806	80004c68	0230acb3	mulhsu	x25,x1,x3	  x1:0x00000000  x3:0x00000000 x25=0x00000000
     218105.000 ns	     21809	80004c6c	031d1f33	mulh	x30,x26,x17	 x26:0x010a68a5 x17:0x00000000 x30=0x00000000
     218135.000 ns	     21812	80004c70	e00b13d3	fclass.s	x7,f22	 f22:0xcfbe3df7  x7=0x00000002
     218165.000 ns	     21815	80004c74	02ef9b33	mulh	x22,x31,x14	 x31:0x00000000 x14:0x00000001 x22=0x00000000
     218185.000 ns	     21817	80004c78	01f264b3	or	x9,x4,x31	  x4:0x00000000 x31:0x00000000  x9=0x00000000
     218195.000 ns	     21818	80004c7c	01588f33	add	x30,x17,x21	 x17:0x00000000 x21:0x00000001 x30=0x00000001
     218205.000 ns	     21819	80004c80	0947ac17	auipc	x24,0x947a	 x24=0x8947ec80
     218215.000 ns	     21820	80004c84	4066da13	srai	x20,x13,0x6	 x13:0x00000001 x20=0x00000000
     218225.000 ns	     21821	80004c88	a1f07413	andi	x8,x0,-1505	  x0:0x00000000  x8=0x00000000
     218235.000 ns	     21822	80004c8c	406e0233	sub	x4,x28,x6	 x28:0x00000000  x6:0x00000271  x4=0xfffffd8f
     218245.000 ns	     21823	80004c90	1c9f4c13	xori	x24,x30,457	 x30:0x00000001 x24=0x000001c8
     218265.000 ns	     21825	80004c94	e0009c53	fclass.s	x24,f1	  f1:0xcf09a9bf x24=0x00000002
     218295.000 ns	     21828	80004c98	a08d08d3	fle.s	x17,f26,f8	 f26:0xff800000  f8:0x7fc00000 x17=0x00000000
     218325.000 ns	     21831	80004c9c	03ce57b3	divu	x15,x28,x28	 x28:0x00000000 x28:0x00000000 x15=0xffffffff
     218345.000 ns	     21833	80004ca0	00a7d813	srli	x16,x15,0xa	 x15:0x00000000 x16=0x003fffff
     218365.000 ns	     21835	80004ca4	e0031353	fclass.s	x6,f6	  f6:0x46c2aec8  x6=0x00000040
     218385.000 ns	     21837	80004ca8	108cf793	andi	x15,x25,264	 x25:0x00000000 x15=0x00000000
     218415.000 ns	     21840	80004cac	1125cc53	fmul.s	f24,f11,f18	 f11:0x00000000 f18:0x7fc00000 f24=0x7fc00000
     218445.000 ns	     21843	80004cb0	d01d1fd3	fcvt.s.wu	f31,x26	 x26:0x010a68a5 f31=0x4b853452
     218475.000 ns	     21846	80004cb4	a1e28dd3	fle.s	x27,f5,f30	  f5:0x7fc00000 f30:0x00000000 x27=0x00000000
     218505.000 ns	     21849	80004cb8	a07127d3	feq.s	x15,f2,f7	  f2:0x00000000  f7:0x4efff7df x15=0x00000000
     218535.000 ns	     21852	80004cbc	c00dfc53	fcvt.w.s	x24,f27	 f27:0x80000000 x24=0x00000000
     218585.000 ns	     21857	80004cc0	08ab1dd3	fsub.s	f27,f22,f10	 f22:0xcfbe3df7 f10:0x3f800000 f27=0xcfbe3df7
     218635.000 ns	     21862	80004cc4	00137153	fadd.s	f2,f6,f1	  f6:0x46c2aec8  f1:0xcf09a9bf  f2=0xcf09a95d
     218665.000 ns	     21865	80004cc8	03c75a33	divu	x20,x14,x28	 x14:0x00000001 x28:0x00000000 x20=0xffffffff
     218695.000 ns	     21868	80004ccc	d00d7153	fcvt.s.w	f2,x26	 x26:0x010a68a5  f2=0x4b853452
     218725.000 ns	     21871	80004cd0	28558153	fmin.s	f2,f11,f5	 f11:0x00000000  f5:0x7fc00000  f2=0x00000000
     218745.000 ns	     21873	80004cd4	4af6a393	slti	x7,x13,1199	 x13:0x00000001  x7=0x00000001
     218765.000 ns	     21875	80004cd8	030b27b3	mulhsu	x15,x22,x16	 x22:0x00000000 x16:0x003fffff x15=0x00000000
     218795.000 ns	     21878	80004cdc	e00281d3	fmv.x.w	x3,f5	  f5:0x7fc00000  x3=0x7fc00000
     218825.000 ns	     21881	80004ce0	c012cfd3	fcvt.wu.s	x31,f5	  f5:0x7fc00000 x31=0xffffffff
     218845.000 ns	     21883	80004ce4	01cbcb33	xor	x22,x23,x28	 x23:0x00000000 x28:0x00000000 x22=0x00000000
     219205.000 ns	     21919	80004ce8	02dcf3b3	remu	x7,x25,x13	 x25:0x00000000 x13:0x00000001  x7=0x00000000
     219225.000 ns	     21921	80004cec	00000013	addi	x0,x0,0	  x0:0x00000000
     219265.000 ns	     21925	80004cf0	005a20d3	fadd.s	f1,f20,f5	 f20:0x4f09a9bf  f5:0x7fc00000  f1=0x7fc00000
     219295.000 ns	     21928	80004cf4	036538b3	mulhu	x17,x10,x22	 x10:0xfffffb81 x22:0x00000000 x17=0x00000000
     219315.000 ns	     21930	80004cf8	010593b3	sll	x7,x11,x16	 x11:0x00000000 x16:0x003fffff  x7=0x00000000
     219325.000 ns	     21931	80004cfc	012d1c93	slli	x25,x26,0x12	 x26:0x010a68a5 x25=0xa2940000
     219335.000 ns	     21932	80004d00	00071c33	sll	x24,x14,x0	 x14:0x00000001  x0:0x00000000 x24=0x00000001
     219355.000 ns	     21934	80004d04	020a48b3	div	x17,x20,x0	 x20:0xffffffff  x0:0x00000000 x17=0xffffffff
     219725.000 ns	     21971	80004d08	03ff5233	divu	x4,x30,x31	 x30:0x00000001 x31:0xffffffff  x4=0x00000000
     219755.000 ns	     21974	80004d0c	20fc1353	fsgnjn.s	f6,f24,f15	 f24:0x7fc00000 f15:0xbf800000  f6=0x7fc00000
     219785.000 ns	     21977	80004d10	d01374d3	fcvt.s.wu	f9,x6	  x6:0x00000040  f9=0x42800000
     219815.000 ns	     21980	80004d14	21441353	fsgnjn.s	f6,f8,f20	  f8:0x7fc00000 f20:0x4f09a9bf  f6=0xffc00000
     220155.000 ns	     22014	80004d18	189dfd53	fdiv.s	f26,f27,f9	 f27:0xcfbe3df7  f9:0x42800000 f26=0xcc87d690
     220175.000 ns	     22016	80004d1c	01854db3	xor	x27,x10,x24	 x10:0xfffffb81 x24:0x00000001 x27=0xfffffb80
     220195.000 ns	     22018	80004d20	21fb9553	fsgnjn.s	f10,f23,f31	 f23:0xbf800000 f31:0x4b853452 f10=0xbf800000
     220225.000 ns	     22021	80004d24	030231b3	mulhu	x3,x4,x16	  x4:0x00000000 x16:0x003fffff  x3=0x00000000
     220245.000 ns	     22023	80004d28	c4780093	addi	x1,x16,-953	 x16:0x003fffff  x1=0x003ffc46
     220255.000 ns	     22024	80004d2c	00d3e733	or	x14,x7,x13	  x7:0x00000000 x13:0x00000001 x14=0x00000001
     220265.000 ns	     22025	80004d30	0158f8b3	and	x17,x17,x21	 x17:0xffffffff x21:0x00000001 x17=0x00000001
     220275.000 ns	     22026	80004d34	e5b1c793	xori	x15,x3,-421	  x3:0x00000000 x15=0xfffffe5b
     220285.000 ns	     22027	80004d38	01cb8d33	add	x26,x23,x28	 x23:0x00000000 x28:0x00000000 x26=0x00000000
     220305.000 ns	     22029	80004d3c	e00e84d3	fmv.x.w	x9,f29	 f29:0xbf800000  x9=0xbf800000
     220325.000 ns	     22031	80004d40	76023b13	sltiu	x22,x4,1888	  x4:0x00000000 x22=0x00000001
     220335.000 ns	     22032	80004d44	2606e913	ori	x18,x13,608	 x13:0x00000001 x18=0x00000261
     220365.000 ns	     22035	80004d48	58037053	fsqrt.s	f0,f6	  f6:0xffc00000  f0=0x7fc00000
     220395.000 ns	     22038	80004d4c	a1e12b53	feq.s	x22,f2,f30	  f2:0x00000000 f30:0x00000000 x22=0x00000001
     220425.000 ns	     22041	80004d50	e00891d3	fclass.s	x3,f17	 f17:0x00000000  x3=0x00000010
     220465.000 ns	     22045	80004d54	111510d3	fmul.s	f1,f10,f17	 f10:0xbf800000 f17:0x00000000  f1=0x80000000
     220495.000 ns	     22048	80004d58	21298753	fsgnj.s	f14,f19,f18	 f19:0x7fc00000 f18:0x7fc00000 f14=0x7fc00000
     220515.000 ns	     22050	80004d5c	dd493c93	sltiu	x25,x18,-556	 x18:0x00000261 x25=0x00000001
     220525.000 ns	     22051	80004d60	d4efc593	xori	x11,x31,-690	 x31:0xffffffff x11=0x000002b1
     220535.000 ns	     22052	80004d64	d5144793	xori	x15,x8,-687	  x8:0x00000000 x15=0xfffffd51
     220555.000 ns	     22054	80004d68	d0017253	fcvt.s.w	f4,x2	  x2:0xed14be56  f4=0xcd975a0d
     220595.000 ns	     22058	80004d6c	111ef9d3	fmul.s	f19,f29,f17	 f29:0xbf800000 f17:0x00000000 f19=0x80000000
     220615.000 ns	     22060	80004d70	00319d33	sll	x26,x3,x3	  x3:0x00000010  x3:0x00000010 x26=0x00100000
     220635.000 ns	     22062	80004d74	f0010a53	fmv.w.x	f20,x2	  x2:0xed14be56 f20=0xed14be56
     220665.000 ns	     22065	80004d78	21eeabd3	fsgnjx.s	f23,f29,f30	 f29:0xbf800000 f30:0x00000000 f23=0xbf800000
     220685.000 ns	     22067	80004d7c	aae33737	lui	x14,0xaae33	 x14=0xaae33000
     220705.000 ns	     22069	80004d80	020ed433	divu	x8,x29,x0	 x29:0x80041024  x0:0x00000000  x8=0xffffffff
     221075.000 ns	     22106	80004d84	02e6f433	remu	x8,x13,x14	 x13:0x00000001 x14:0x00000001  x8=0x00000001
     221105.000 ns	     22109	80004d88	28141b53	fmax.s	f22,f8,f1	  f8:0x7fc00000  f1:0x80000000 f22=0x80000000
     221135.000 ns	     22112	80004d8c	a0f729d3	feq.s	x19,f14,f15	 f14:0x7fc00000 f15:0xbf800000 x19=0x00000000
     221165.000 ns	     22115	80004d90	21ec1c53	fsgnjn.s	f24,f24,f30	 f24:0x7fc00000 f30:0x00000000 f24=0xffc00000
     221195.000 ns	     22118	80004d94	a1901e53	flt.s	x28,f0,f25	  f0:0x7fc00000 f25:0xffc00000 x28=0x00000000
     221215.000 ns	     22120	80004d98	1cd72413	slti	x8,x14,461	 x14:0xaae33000  x8=0x00000001
     221235.000 ns	     22122	80004d9c	a1a00a53	fle.s	x20,f0,f26	  f0:0x7fc00000 f26:0xcc87d690 x20=0x00000000
     221265.000 ns	     22125	80004da0	034aaa33	mulhsu	x20,x21,x20	 x21:0x00000001 x20:0xffffffff x20=0x00000000
     221285.000 ns	     22127	80004da4	c0324e37	lui	x28,0xc0324	 x28=0xc0324000
     221305.000 ns	     22129	80004da8	03ad1b33	mulh	x22,x26,x26	 x26:0x00100000 x26:0x00100000 x22=0x00000100
     221335.000 ns	     22132	80004dac	c004f0d3	fcvt.w.s	x1,f9	  f9:0x42800000  x1=0x00000040
     221365.000 ns	     22135	80004db0	21762853	fsgnjx.s	f16,f12,f23	 f12:0x80000000 f23:0xbf800000 f16=0x00000000
     221415.000 ns	     22140	80004db4	08fb7353	fsub.s	f6,f22,f15	 f22:0x80000000 f15:0xbf800000  f6=0x3f800000
     221445.000 ns	     22143	80004db8	280b04d3	fmin.s	f9,f22,f0	 f22:0x80000000  f0:0x7fc00000  f9=0x80000000
     221465.000 ns	     22145	80004dbc	41dd5733	sra	x14,x26,x29	 x26:0x00100000 x29:0x80041024 x14=0x00010000
     221485.000 ns	     22147	80004dc0	e0050053	fmv.x.w	x0,f10	 f10:0xbf800000
     221515.000 ns	     22150	80004dc4	020168b3	rem	x17,x2,x0	  x2:0xed14be56  x0:0x00000000 x17=0xed14be56
     221545.000 ns	     22153	80004dc8	29d713d3	fmax.s	f7,f14,f29	 f14:0x7fc00000 f29:0xbf800000  f7=0xbf800000
     221565.000 ns	     22155	80004dcc	b67d2393	slti	x7,x26,-1177	 x26:0x00100000  x7=0x00000000
     221585.000 ns	     22157	80004dd0	a1ba23d3	feq.s	x7,f20,f27	 f20:0xed14be56 f27:0xcfbe3df7  x7=0x00000000
     221955.000 ns	     22194	80004dd4	03d4d9b3	divu	x19,x9,x29	  x9:0xbf800000 x29:0x80041024 x19=0x00000001
     221985.000 ns	     22197	80004dd8	c002cad3	fcvt.w.s	x21,f5	  f5:0x7fc00000 x21=0x7fffffff
     222015.000 ns	     22200	80004ddc	21c51ed3	fsgnjn.s	f29,f10,f28	 f10:0xbf800000 f28:0x00000271 f29=0xbf800000
     222385.000 ns	     22237	80004de0	02f46db3	rem	x27,x8,x15	  x8:0x00000001 x15:0xfffffd51 x27=0x00000001
     222405.000 ns	     22239	80004de4	00325393	srli	x7,x4,0x3	  x4:0x00000000  x7=0x00000000
     222415.000 ns	     22240	80004de8	00d61713	slli	x14,x12,0xd	 x12:0x80040fe4 x14=0x81fc8000
     222435.000 ns	     22242	80004dec	f0080c53	fmv.w.x	f24,x16	 x16:0x003fffff f24=0x003fffff
     222455.000 ns	     22244	80004df0	e0a1a537	lui	x10,0xe0a1a	 x10=0xe0a1a000
     222475.000 ns	     22246	80004df4	03812433	mulhsu	x8,x2,x24	  x2:0xed14be56 x24:0x00000001  x8=0xffffffff
     222495.000 ns	     22248	80004df8	40370bb3	sub	x23,x14,x3	 x14:0x81fc8000  x3:0x00000010 x23=0x81fc7ff0
     222505.000 ns	     22249	80004dfc	400e5993	srai	x19,x28,0x0	 x28:0xc0324000 x19=0xc0324000
     222515.000 ns	     22250	80004e00	d172b893	sltiu	x17,x5,-745	  x5:0x00000001 x17=0x00000001
     222525.000 ns	     22251	80004e04	013e5413	srli	x8,x28,0x13	 x28:0xc0324000  x8=0x00001806
     222545.000 ns	     22253	80004e08	03c7b1b3	mulhu	x3,x15,x28	 x15:0xfffffd51 x28:0xc0324000  x3=0xc0323dfc
     222565.000 ns	     22255	80004e0c	ca6d1237	lui	x4,0xca6d1	  x4=0xca6d1000
     222585.000 ns	     22257	80004e10	0226be33	mulhu	x28,x13,x2	 x13:0x00000001  x2:0xed14be56 x28=0x00000000
     222615.000 ns	     22260	80004e14	d0008153	fcvt.s.w	f2,x1	  x1:0x00000040  f2=0x42800000
     222645.000 ns	     22263	80004e18	03a73bb3	mulhu	x23,x14,x26	 x14:0x81fc8000 x26:0x00100000 x23=0x00081fc8
     222665.000 ns	     22265	80004e1c	80ee3b13	sltiu	x22,x28,-2034	 x28:0x00000000 x22=0x00000001
     222675.000 ns	     22266	80004e20	b1116c93	ori	x25,x2,-1263	  x2:0xed14be56 x25=0xffffff57
     222685.000 ns	     22267	80004e24	bebc7013	andi	x0,x24,-1045	 x24:0x00000001
     222705.000 ns	     22269	80004e28	e00306d3	fmv.x.w	x13,f6	  f6:0x3f800000 x13=0x3f800000
     222735.000 ns	     22272	80004e2c	03e520b3	mulhsu	x1,x10,x30	 x10:0xe0a1a000 x30:0x00000001  x1=0xffffffff
     222785.000 ns	     22277	80004e30	011ef8d3	fadd.s	f17,f29,f17	 f29:0xbf800000 f17:0x00000000 f17=0xbf800000
     222815.000 ns	     22280	80004e34	c00e33d3	fcvt.w.s	x7,f28	 f28:0x00000271  x7=0x00000000
     222835.000 ns	     22282	80004e38	00c01693	slli	x13,x0,0xc	  x0:0x00000000 x13=0x00000000
     223195.000 ns	     22318	80004e3c	025d68b3	rem	x17,x26,x5	 x26:0x00100000  x5:0x00000001 x17=0x00000000
     223225.000 ns	     22321	80004e40	a0be1453	flt.s	x8,f28,f11	 f28:0x00000271 f11:0x00000000  x8=0x00000000
     223245.000 ns	     22323	80004e44	01a40a33	add	x20,x8,x26	  x8:0x00001806 x26:0x00100000 x20=0x00100000
     223265.000 ns	     22325	80004e48	e0050b53	fmv.x.w	x22,f10	 f10:0xbf800000 x22=0xbf800000
     223295.000 ns	     22328	80004e4c	28e698d3	fmax.s	f17,f13,f14	 f13:0xcefff7df f14:0x7fc00000 f17=0xcefff7df
     223315.000 ns	     22330	80004e50	0e26a893	slti	x17,x13,226	 x13:0x00000000 x17=0x00000001
     223645.000 ns	     22363	80004e54	186bf453	fdiv.s	f8,f23,f6	 f23:0xbf800000  f6:0x3f800000  f8=0xbf7fff38
     223675.000 ns	     22366	80004e58	28cd8dd3	fmin.s	f27,f27,f12	 f27:0xcfbe3df7 f12:0x80000000 f27=0xcfbe3df7
     223705.000 ns	     22369	80004e5c	200088d3	fsgnj.s	f17,f1,f0	  f1:0x80000000  f0:0x7fc00000 f17=0x00000000
     223725.000 ns	     22371	80004e60	0843fa13	andi	x20,x7,132	  x7:0x00000000 x20=0x00000000
     223735.000 ns	     22372	80004e64	b0b88397	auipc	x7,0xb0b88	  x7=0x30b8ce64
     224905.000 ns	     22489	80004e68	5801f453	fsqrt.s	f8,f3	  f3:0x3f800000  f8=0x3f7fffae
     224925.000 ns	     22491	80004e6c	76996d93	ori	x27,x18,1897	 x18:0x00000261 x27=0x00000769
     224945.000 ns	     22493	80004e70	e00d18d3	fclass.s	x17,f26	 f26:0xcc87d690 x17=0x00000002
     224975.000 ns	     22496	80004e74	21029ad3	fsgnjn.s	f21,f5,f16	  f5:0x7fc00000 f16:0x00000000 f21=0xffc00000
     224995.000 ns	     22498	80004e78	0175e9b3	or	x19,x11,x23	 x11:0x000002b1 x23:0x00081fc8 x19=0x00081ff9
     225015.000 ns	     22500	80004e7c	02829433	mulh	x8,x5,x8	  x5:0x00000001  x8:0x00000000  x8=0x00000000
     225045.000 ns	     22503	80004e80	c005bfd3	fcvt.w.s	x31,f11	 f11:0x00000000 x31=0x00000000
     225095.000 ns	     22508	80004e84	0919fa53	fsub.s	f20,f19,f17	 f19:0x80000000 f17:0x00000000 f20=0x80000000
     225125.000 ns	     22511	80004e88	025087b3	mul	x15,x1,x5	  x1:0xffffffff  x5:0x00000001 x15=0xffffffff
     225495.000 ns	     22548	80004e8c	021969b3	rem	x19,x18,x1	 x18:0x00000261  x1:0xffffffff x19=0x00000000
     225515.000 ns	     22550	80004e90	00000013	addi	x0,x0,0	  x0:0x00000000
     225535.000 ns	     22552	80004e94	a0ffa3d3	feq.s	x7,f31,f15	 f31:0x4b853452 f15:0xbf800000  x7=0x00000000
     225555.000 ns	     22554	80004e98	009bb6b3	sltu	x13,x23,x9	 x23:0x00081fc8  x9:0xbf800000 x13=0x00000001
     225575.000 ns	     22556	80004e9c	28de10d3	fmax.s	f1,f28,f13	 f28:0x00000271 f13:0xcefff7df  f1=0x00000271
     225605.000 ns	     22559	80004ea0	a15200d3	fle.s	x1,f4,f21	  f4:0xcd975a0d f21:0xffc00000  x1=0x00000000
     225635.000 ns	     22562	80004ea4	28d70453	fmin.s	f8,f14,f13	 f14:0x7fc00000 f13:0xcefff7df  f8=0xcefff7df
     225665.000 ns	     22565	80004ea8	205d21d3	fsgnjx.s	f3,f26,f5	 f26:0xcc87d690  f5:0x7fc00000  f3=0xcc87d690
     225695.000 ns	     22568	80004eac	21dd1053	fsgnjn.s	f0,f26,f29	 f26:0xcc87d690 f29:0xbf800000  f0=0x4c87d690
     225715.000 ns	     22570	80004eb0	c4be4b37	lui	x22,0xc4be4	 x22=0xc4be4000
     225735.000 ns	     22572	80004eb4	d007fad3	fcvt.s.w	f21,x15	 x15:0xffffffff f21=0xbf800000
     225765.000 ns	     22575	80004eb8	a19799d3	flt.s	x19,f15,f25	 f15:0xbf800000 f25:0xffc00000 x19=0x00000000
     225795.000 ns	     22578	80004ebc	a0248ad3	fle.s	x21,f9,f2	  f9:0x80000000  f2:0x42800000 x21=0x00000001
     225825.000 ns	     22581	80004ec0	0334d4b3	divu	x9,x9,x19	  x9:0xbf800000 x19:0x00000000  x9=0xffffffff
     225855.000 ns	     22584	80004ec4	a0d5a3d3	feq.s	x7,f11,f13	 f11:0x00000000 f13:0xcefff7df  x7=0x00000000
     225875.000 ns	     22586	80004ec8	40690533	sub	x10,x18,x6	 x18:0x00000261  x6:0x00000040 x10=0x00000221
     225885.000 ns	     22587	80004ecc	406a5193	srai	x3,x20,0x6	 x20:0x00000000  x3=0x00000000
     225905.000 ns	     22589	80004ed0	a1252fd3	feq.s	x31,f10,f18	 f10:0xbf800000 f18:0x7fc00000 x31=0x00000000
     225935.000 ns	     22592	80004ed4	29d598d3	fmax.s	f17,f11,f29	 f11:0x00000000 f29:0xbf800000 f17=0x00000000
     225965.000 ns	     22595	80004ed8	02908c33	mul	x24,x1,x9	  x1:0x00000000  x9:0xffffffff x24=0x00000000
     226015.000 ns	     22600	80004edc	007f1a53	fadd.s	f20,f30,f7	 f30:0x00000000  f7:0xbf800000 f20=0xbf800000
     226045.000 ns	     22603	80004ee0	028392b3	mulh	x5,x7,x8	  x7:0x00000000  x8:0x00000000  x5=0x00000000
     226065.000 ns	     22605	80004ee4	93773913	sltiu	x18,x14,-1737	 x14:0x81fc8000 x18=0x00000001
     226085.000 ns	     22607	80004ee8	0285d733	divu	x14,x11,x8	 x11:0x000002b1  x8:0x00000000 x14=0xffffffff
     226105.000 ns	     22609	80004eec	f2592513	slti	x10,x18,-219	 x18:0x00000261 x10=0x00000000
     226115.000 ns	     22610	80004ef0	00ae7533	and	x10,x28,x10	 x28:0x00000000 x10:0x00000221 x10=0x00000000
     226125.000 ns	     22611	80004ef4	00270933	add	x18,x14,x2	 x14:0xffffffff  x2:0xed14be56 x18=0xed14be55
     226135.000 ns	     22612	80004ef8	016228b3	slt	x17,x4,x22	  x4:0xca6d1000 x22:0xc4be4000 x17=0x00000000
     226155.000 ns	     22614	80004efc	28b60b53	fmin.s	f22,f12,f11	 f12:0x80000000 f11:0x00000000 f22=0x80000000
     226205.000 ns	     22619	80004f00	08a01cd3	fsub.s	f25,f0,f10	  f0:0x4c87d690 f10:0xbf800000 f25=0x4c87d690
     226225.000 ns	     22621	80004f04	2df3e093	ori	x1,x7,735	  x7:0x00000000  x1=0x000002df
     226245.000 ns	     22623	80004f08	0209f233	remu	x4,x19,x0	 x19:0x00000000  x0:0x00000000  x4=0x00000000
     226275.000 ns	     22626	80004f0c	291b1553	fmax.s	f10,f22,f17	 f22:0x80000000 f17:0x00000000 f10=0x00000000
     226295.000 ns	     22628	80004f10	00ad90b3	sll	x1,x27,x10	 x27:0x00000769 x10:0x00000000  x1=0x00000769
     226305.000 ns	     22629	80004f14	417251b3	sra	x3,x4,x23	  x4:0x00000000 x23:0x00081fc8  x3=0x00000000
     226325.000 ns	     22631	80004f18	02b58cb3	mul	x25,x11,x11	 x11:0x000002b1 x11:0x000002b1 x25=0x00073e61
     226345.000 ns	     22633	80004f1c	00511d33	sll	x26,x2,x5	  x2:0xed14be56  x5:0x00000000 x26=0xed14be56
     226355.000 ns	     22634	80004f20	d1848c17	auipc	x24,0xd1848	 x24=0x5184cf20
     226365.000 ns	     22635	80004f24	00000013	addi	x0,x0,0	  x0:0x00000000
     226375.000 ns	     22636	80004f28	7e50f813	andi	x16,x1,2021	  x1:0x00000769 x16=0x00000761
     226385.000 ns	     22637	80004f2c	026ffd93	andi	x27,x31,38	 x31:0x00000000 x27=0x00000000
     226395.000 ns	     22638	80004f30	011ffcb3	and	x25,x31,x17	 x31:0x00000000 x17:0x00000000 x25=0x00000000
     226405.000 ns	     22639	80004f34	c2c40197	auipc	x3,0xc2c40	  x3=0x42c44f34
     226425.000 ns	     22641	80004f38	0283ae33	mulhsu	x28,x7,x8	  x7:0x00000000  x8:0x00000000 x28=0x00000000
     226765.000 ns	     22675	80004f3c	19938053	fdiv.s	f0,f7,f25	  f7:0xbf800000 f25:0x4c87d690  f0=0xb2000000
     226785.000 ns	     22677	80004f40	007c78b3	and	x17,x24,x7	 x24:0x5184cf20  x7:0x00000000 x17=0x00000000
     226805.000 ns	     22679	80004f44	d00a1e53	fcvt.s.w	f28,x20	 x20:0x00000000 f28=0x00000000
     226835.000 ns	     22682	80004f48	f00d88d3	fmv.w.x	f17,x27	 x27:0x00000000 f17=0x00000000
     226855.000 ns	     22684	80004f4c	40dd5f33	sra	x30,x26,x13	 x26:0xed14be56 x13:0x00000001 x30=0xf68a5f2b
     226875.000 ns	     22686	80004f50	028bc3b3	div	x7,x23,x8	 x23:0x00081fc8  x8:0x00000000  x7=0xffffffff
     226905.000 ns	     22689	80004f54	a19c92d3	flt.s	x5,f25,f25	 f25:0x4c87d690 f25:0x4c87d690  x5=0x00000000
     226935.000 ns	     22692	80004f58	c015f0d3	fcvt.wu.s	x1,f11	 f11:0x00000000  x1=0x00000000
     226965.000 ns	     22695	80004f5c	e00b1c53	fclass.s	x24,f22	 f22:0x80000000 x24=0x00000008
     226995.000 ns	     22698	80004f60	031325b3	mulhsu	x11,x6,x17	  x6:0x00000040 x17:0x00000000 x11=0x00000000
     227015.000 ns	     22700	80004f64	41d6d213	srai	x4,x13,0x1d	 x13:0x00000001  x4=0x00000000
     227055.000 ns	     22704	80004f68	09def2d3	fsub.s	f5,f29,f29	 f29:0xbf800000 f29:0xbf800000  f5=0x00000000
     227095.000 ns	     22708	80004f6c	10bffc53	fmul.s	f24,f31,f11	 f31:0x4b853452 f11:0x00000000 f24=0x00000000
     227115.000 ns	     22710	80004f70	70310893	addi	x17,x2,1795	  x2:0xed14be56 x17=0xed14c559
     227135.000 ns	     22712	80004f74	28fa0ed3	fmin.s	f29,f20,f15	 f20:0xbf800000 f15:0xbf800000 f29=0xbf800000
     227155.000 ns	     22714	80004f78	854dfd93	andi	x27,x27,-1964	 x27:0x00000000 x27=0x00000000
     227165.000 ns	     22715	80004f7c	00ad4fb3	xor	x31,x26,x10	 x26:0xed14be56 x10:0x00000000 x31=0xed14be56
     227175.000 ns	     22716	80004f80	009707b3	add	x15,x14,x9	 x14:0xffffffff  x9:0xffffffff x15=0xfffffffe
     227205.000 ns	     22719	80004f84	112e3bd3	fmul.s	f23,f28,f18	 f28:0x00000000 f18:0x7fc00000 f23=0x7fc00000
     227255.000 ns	     22724	80004f88	00bc70d3	fadd.s	f1,f24,f11	 f24:0x00000000 f11:0x00000000  f1=0x00000000
     227275.000 ns	     22726	80004f8c	72e68c93	addi	x25,x13,1838	 x13:0x00000001 x25=0x0000072f
     227295.000 ns	     22728	80004f90	c0071953	fcvt.w.s	x18,f14	 f14:0x7fc00000 x18=0x7fffffff
     227345.000 ns	     22733	80004f94	08777cd3	fsub.s	f25,f14,f7	 f14:0x7fc00000  f7:0xbf800000 f25=0x7fc00000
     227375.000 ns	     22736	80004f98	d008bcd3	fcvt.s.w	f25,x17	 x17:0xed14c559 f25=0xcd9759d6
     227395.000 ns	     22738	80004f9c	e42fb813	sltiu	x16,x31,-446	 x31:0xed14be56 x16=0x00000001
     227405.000 ns	     22739	80004fa0	015cdcb3	srl	x25,x25,x21	 x25:0x0000072f x21:0x00000001 x25=0x00000397
     227415.000 ns	     22740	80004fa4	00f19233	sll	x4,x3,x15	  x3:0x42c44f34 x15:0xfffffffe  x4=0x00000000
     227435.000 ns	     22742	80004fa8	d01c44d3	fcvt.s.wu	f9,x24	 x24:0x00000008  f9=0x41000000
     227805.000 ns	     22779	80004fac	03e6da33	divu	x20,x13,x30	 x13:0x00000001 x30:0xf68a5f2b x20=0x00000000
     227825.000 ns	     22781	80004fb0	1164a293	slti	x5,x9,278	  x9:0xffffffff  x5=0x00000001
     227835.000 ns	     22782	80004fb4	003f4e33	xor	x28,x30,x3	 x30:0xf68a5f2b  x3:0x42c44f34 x28=0xb44e101f
     227855.000 ns	     22784	80004fb8	c00f0bd3	fcvt.w.s	x23,f30	 f30:0x00000000 x23=0x00000000
     227895.000 ns	     22788	80004fbc	18d701d3	fdiv.s	f3,f14,f13	 f14:0x7fc00000 f13:0xcefff7df  f3=0x7fc00000
     227925.000 ns	     22791	80004fc0	a0bc8e53	fle.s	x28,f25,f11	 f25:0xcd9759d6 f11:0x00000000 x28=0x00000001
     227955.000 ns	     22794	80004fc4	298182d3	fmin.s	f5,f3,f24	  f3:0x7fc00000 f24:0x00000000  f5=0x00000000
     227975.000 ns	     22796	80004fc8	299e2313	slti	x6,x28,665	 x28:0x00000001  x6=0x00000001
     227995.000 ns	     22798	80004fcc	212e0bd3	fsgnj.s	f23,f28,f18	 f28:0x00000000 f18:0x7fc00000 f23=0x00000000
     228335.000 ns	     22832	80004fd0	19f273d3	fdiv.s	f7,f4,f31	  f4:0xcd975a0d f31:0x4b853452  f7=0xc1175a0e
     228365.000 ns	     22835	80004fd4	a1968353	fle.s	x6,f13,f25	 f13:0xcefff7df f25:0xcd9759d6  x6=0x00000001
     228395.000 ns	     22838	80004fd8	213f18d3	fsgnjn.s	f17,f30,f19	 f30:0x00000000 f19:0x80000000 f17=0x00000000
     228445.000 ns	     22843	80004fdc	08a2f8d3	fsub.s	f17,f5,f10	  f5:0x00000000 f10:0x00000000 f17=0x80000000
     228465.000 ns	     22845	80004fe0	00dc6b33	or	x22,x24,x13	 x24:0x00000008 x13:0x00000001 x22=0x00000009
     228475.000 ns	     22846	80004fe4	bd470413	addi	x8,x14,-1068	 x14:0xffffffff  x8=0xfffffbd3
     228485.000 ns	     22847	80004fe8	c0f6b997	auipc	x19,0xc0f6b	 x19=0x40f6ffe8
     228505.000 ns	     22849	80004fec	e0028053	fmv.x.w	x0,f5	  f5:0x00000000
     228875.000 ns	     22886	80004ff0	03d56db3	rem	x27,x10,x29	 x10:0x00000000 x29:0x80041024 x27=0x00000000
     228915.000 ns	     22890	80004ff4	190024d3	fdiv.s	f9,f0,f16	  f0:0xb2000000 f16:0x00000000  f9=0xff800000
     228935.000 ns	     22892	80004ff8	d45f9c97	auipc	x25,0xd45f9	 x25=0x545fdff8
     228945.000 ns	     22893	80004ffc	007c8233	add	x4,x25,x7	 x25:0x00000397  x7:0xffffffff  x4=0x545fdff7
     228965.000 ns	     22895	80005000	a14e2c53	feq.s	x24,f28,f20	 f28:0x00000000 f20:0xbf800000 x24=0x00000000
     228995.000 ns	     22898	80005004	039cbab3	mulhu	x21,x25,x25	 x25:0x545fdff8 x25:0x545fdff8 x21=0x1bcf0ee2
     229015.000 ns	     22900	80005008	0142d013	srli	x0,x5,0x14	  x5:0x00000001
     229025.000 ns	     22901	8000500c	0024d233	srl	x4,x9,x2	  x9:0xffffffff  x2:0xed14be56  x4=0x000003ff
     229045.000 ns	     22903	80005010	20068253	fsgnj.s	f4,f13,f0	 f13:0xcefff7df  f0:0xb2000000  f4=0xcefff7df
     229065.000 ns	     22905	80005014	007c52b3	srl	x5,x24,x7	 x24:0x00000000  x7:0xffffffff  x5=0x00000000
     229075.000 ns	     22906	80005018	40585493	srai	x9,x16,0x5	 x16:0x00000001  x9=0x00000000
     229085.000 ns	     22907	8000501c	00cb8233	add	x4,x23,x12	 x23:0x00000000 x12:0x80040fe4  x4=0x80040fe4
     229445.000 ns	     22943	80005020	0311ca33	div	x20,x3,x17	  x3:0x42c44f34 x17:0xed14c559 x20=0xfffffffd
     229465.000 ns	     22945	80005024	9568ce13	xori	x28,x17,-1706	 x17:0xed14c559 x28=0x12eb3c0f
     229475.000 ns	     22946	80005028	cf607813	andi	x16,x0,-778	  x0:0x00000000 x16=0x00000000
     229485.000 ns	     22947	8000502c	018a33b3	sltu	x7,x20,x24	 x20:0xfffffffd x24:0x00000000  x7=0x00000000
     229495.000 ns	     22948	80005030	01261db3	sll	x27,x12,x18	 x12:0x80040fe4 x18:0x7fffffff x27=0x00000000
     229515.000 ns	     22950	80005034	283d9653	fmax.s	f12,f27,f3	 f27:0xcfbe3df7  f3:0x7fc00000 f12=0xcfbe3df7
     229545.000 ns	     22953	80005038	03e90fb3	mul	x31,x18,x30	 x18:0x7fffffff x30:0xf68a5f2b x31=0x8975a0d5
     229595.000 ns	     22958	8000503c	09e77cd3	fsub.s	f25,f14,f30	 f14:0x7fc00000 f30:0x00000000 f25=0x7fc00000
     229615.000 ns	     22960	80005040	01735c13	srli	x24,x6,0x17	  x6:0x00000001 x24=0x00000000
     229635.000 ns	     22962	80005044	02298933	mul	x18,x19,x2	 x19:0x40f6ffe8  x2:0xed14be56 x18=0xeb0827f0
     229665.000 ns	     22965	80005048	281204d3	fmin.s	f9,f4,f1	  f4:0xcefff7df  f1:0x00000000  f9=0xcefff7df
     229685.000 ns	     22967	8000504c	c1d05717	auipc	x14,0xc1d05	 x14=0x41d0a04c
     229705.000 ns	     22969	80005050	28f11553	fmax.s	f10,f2,f15	  f2:0x42800000 f15:0xbf800000 f10=0x42800000
     229725.000 ns	     22971	80005054	01bb8933	add	x18,x23,x27	 x23:0x00000000 x27:0x00000000 x18=0x00000000
     229735.000 ns	     22972	80005058	00048fb3	add	x31,x9,x0	  x9:0x00000000  x0:0x00000000 x31=0x00000000
     229755.000 ns	     22974	8000505c	a19c1ad3	flt.s	x21,f24,f25	 f24:0x00000000 f25:0x7fc00000 x21=0x00000000
     229785.000 ns	     22977	80005060	f00e0153	fmv.w.x	f2,x28	 x28:0x12eb3c0f  f2=0x12eb3c0f
     229815.000 ns	     22980	80005064	030bdab3	divu	x21,x23,x16	 x23:0x00000000 x16:0x00000000 x21=0xffffffff
     229845.000 ns	     22983	80005068	20562fd3	fsgnjx.s	f31,f12,f5	 f12:0xcfbe3df7  f5:0x00000000 f31=0xcfbe3df7
     230215.000 ns	     23020	8000506c	03985bb3	divu	x23,x16,x25	 x16:0x00000000 x25:0x545fdff8 x23=0x00000000
     230245.000 ns	     23023	80005070	a1308053	fle.s	x0,f1,f19	  f1:0x00000000 f19:0x80000000
     230265.000 ns	     23025	80005074	bfaaf213	andi	x4,x21,-1030	 x21:0xffffffff  x4=0xfffffbfa
     230285.000 ns	     23027	80005078	d0111e53	fcvt.s.wu	f28,x2	  x2:0xed14be56 f28=0x4f6d14be
     230315.000 ns	     23030	8000507c	022830b3	mulhu	x1,x16,x2	 x16:0x00000000  x2:0xed14be56  x1=0x00000000
     230335.000 ns	     23032	80005080	002f33b3	sltu	x7,x30,x2	 x30:0xf68a5f2b  x2:0xed14be56  x7=0x00000000
     230345.000 ns	     23033	80005084	019478b3	and	x17,x8,x25	  x8:0xfffffbd3 x25:0x545fdff8 x17=0x545fdbd0
     230365.000 ns	     23035	80005088	d007f3d3	fcvt.s.w	f7,x15	 x15:0xfffffffe  f7=0xc0000000
     230395.000 ns	     23038	8000508c	039bac33	mulhsu	x24,x23,x25	 x23:0x00000000 x25:0x545fdff8 x24=0x00000000
     230415.000 ns	     23040	80005090	40b65f13	srai	x30,x12,0xb	 x12:0x80040fe4 x30=0xfff00081
     230435.000 ns	     23042	80005094	295696d3	fmax.s	f13,f13,f21	 f13:0xcefff7df f21:0xbf800000 f13=0xbf800000
     230455.000 ns	     23044	80005098	f856c293	xori	x5,x13,-123	 x13:0x00000001  x5=0xffffff84
     230465.000 ns	     23045	8000509c	000cbc33	sltu	x24,x25,x0	 x25:0x545fdff8  x0:0x00000000 x24=0x00000000
     230475.000 ns	     23046	800050a0	56561a37	lui	x20,0x56561	 x20=0x56561000
     230515.000 ns	     23050	800050a4	01c3b5d3	fadd.s	f11,f7,f28	  f7:0xc0000000 f28:0x4f6d14be f11=0x4f6d14be
     230545.000 ns	     23053	800050a8	219b9853	fsgnjn.s	f16,f23,f25	 f23:0x00000000 f25:0x7fc00000 f16=0x80000000
     230585.000 ns	     23057	800050ac	10ed87d3	fmul.s	f15,f27,f14	 f27:0xcfbe3df7 f14:0x7fc00000 f15=0x7fc00000
     230605.000 ns	     23059	800050b0	00921333	sll	x6,x4,x9	  x4:0xfffffbfa  x9:0x00000000  x6=0xfffffbfa
     230615.000 ns	     23060	800050b4	01c24e33	xor	x28,x4,x28	  x4:0xfffffbfa x28:0x12eb3c0f x28=0xed14c7f5
     230635.000 ns	     23062	800050b8	a1ab0dd3	fle.s	x27,f22,f26	 f22:0x80000000 f26:0xcc87d690 x27=0x00000000
     230665.000 ns	     23065	800050bc	29ee9453	fmax.s	f8,f29,f30	 f29:0xbf800000 f30:0x00000000  f8=0x00000000
     230685.000 ns	     23067	800050c0	4ba7b693	sltiu	x13,x15,1210	 x15:0xfffffffe x13=0x00000000
     230695.000 ns	     23068	800050c4	5b056593	ori	x11,x10,1456	 x10:0x00000000 x11=0x000005b0
     230715.000 ns	     23070	800050c8	034711b3	mulh	x3,x14,x20	 x14:0x41d0a04c x20:0x56561000  x3=0x1632360c
     230745.000 ns	     23073	800050cc	218308d3	fsgnj.s	f17,f6,f24	  f6:0x3f800000 f24:0x00000000 f17=0x3f800000
     230775.000 ns	     23076	800050d0	d019fcd3	fcvt.s.wu	f25,x19	 x19:0x40f6ffe8 f25=0x4e81edff
     230805.000 ns	     23079	800050d4	030a8233	mul	x4,x21,x16	 x21:0xffffffff x16:0x00000000  x4=0x00000000
     230835.000 ns	     23082	800050d8	a1ba8fd3	fle.s	x31,f21,f27	 f21:0xbf800000 f27:0xcfbe3df7 x31=0x00000000
     230865.000 ns	     23085	800050dc	e0039cd3	fclass.s	x25,f7	  f7:0xc0000000 x25=0x00000002
     230895.000 ns	     23088	800050e0	d00f77d3	fcvt.s.w	f15,x30	 x30:0xfff00081 f15=0xc97ff7f0
     230925.000 ns	     23091	800050e4	a1160f53	fle.s	x30,f12,f17	 f12:0xcfbe3df7 f17:0x3f800000 x30=0x00000001
     230955.000 ns	     23094	800050e8	e0088553	fmv.x.w	x10,f17	 f17:0x3f800000 x10=0x3f800000
     230985.000 ns	     23097	800050ec	f0078fd3	fmv.w.x	f31,x15	 x15:0xfffffffe f31=0xfffffffe
     231005.000 ns	     23099	800050f0	01aec833	xor	x16,x29,x26	 x29:0x80041024 x26:0xed14be56 x16=0x6d10ae72
     231015.000 ns	     23100	800050f4	7d6bae13	slti	x28,x23,2006	 x23:0x00000000 x28=0x00000001
     231035.000 ns	     23102	800050f8	c00c73d3	fcvt.w.s	x7,f24	 f24:0x00000000  x7=0x00000000
     231065.000 ns	     23105	800050fc	02111833	mulh	x16,x2,x1	  x2:0xed14be56  x1:0x00000000 x16=0x00000000
     231095.000 ns	     23108	80005100	a1bbaa53	feq.s	x20,f23,f27	 f23:0x00000000 f27:0xcfbe3df7 x20=0x00000000
     231125.000 ns	     23111	80005104	20c02ed3	fsgnjx.s	f29,f0,f12	  f0:0xb2000000 f12:0xcfbe3df7 f29=0x32000000
     231145.000 ns	     23113	80005108	12cbe437	lui	x8,0x12cbe	  x8=0x12cbe000
     231155.000 ns	     23114	8000510c	008ce9b3	or	x19,x25,x8	 x25:0x00000002  x8:0xfffffbd3 x19=0x12cbe002
     231175.000 ns	     23116	80005110	a1ca9d53	flt.s	x26,f21,f28	 f21:0xbf800000 f28:0x4f6d14be x26=0x00000001
     231195.000 ns	     23118	80005114	40d05913	srai	x18,x0,0xd	  x0:0x00000000 x18=0x00000000
     231205.000 ns	     23119	80005118	79244693	xori	x13,x8,1938	  x8:0x12cbe000 x13=0x12cbe792
     231565.000 ns	     23155	8000511c	02ca4f33	div	x30,x20,x12	 x20:0x00000000 x12:0x80040fe4 x30=0x00000000
     231605.000 ns	     23159	80005120	103ca653	fmul.s	f12,f25,f3	 f25:0x4e81edff  f3:0x7fc00000 f12=0x7fc00000
     231625.000 ns	     23161	80005124	035c6193	ori	x3,x24,53	 x24:0x00000000  x3=0x00000035
     231635.000 ns	     23162	80005128	c77da2b7	lui	x5,0xc77da	  x5=0xc77da000
     231655.000 ns	     23164	8000512c	02b70cb3	mul	x25,x14,x11	 x14:0x41d0a04c x11:0x000005b0 x25=0x528fb040
     232025.000 ns	     23201	80005130	0225c333	div	x6,x11,x2	 x11:0x000005b0  x2:0xed14be56  x6=0x00000000
     232055.000 ns	     23204	80005134	a1dea3d3	feq.s	x7,f29,f29	 f29:0x32000000 f29:0x32000000  x7=0x00000001
     232075.000 ns	     23206	80005138	357d4237	lui	x4,0x357d4	  x4=0x357d4000
     232085.000 ns	     23207	8000513c	40b3dcb3	sra	x25,x7,x11	  x7:0x00000001 x11:0x000005b0 x25=0x00000000
     232095.000 ns	     23208	80005140	01726a33	or	x20,x4,x23	  x4:0x00000000 x23:0x00000000 x20=0x357d4000
     232105.000 ns	     23209	80005144	018edb93	srli	x23,x29,0x18	 x29:0x80041024 x23=0x00000080
     232115.000 ns	     23210	80005148	009d5833	srl	x16,x26,x9	 x26:0x00000001  x9:0x00000000 x16=0x00000001
     232135.000 ns	     23212	8000514c	c012b753	fcvt.wu.s	x14,f5	  f5:0x00000000 x14=0x00000000
     232155.000 ns	     23214	80005150	00000013	addi	x0,x0,0	  x0:0x00000000
     232515.000 ns	     23250	80005154	022fddb3	divu	x27,x31,x2	 x31:0x00000000  x2:0xed14be56 x27=0x00000000
     232535.000 ns	     23252	80005158	0170d7b3	srl	x15,x1,x23	  x1:0x00000000 x23:0x00000080 x15=0x00000000
     232545.000 ns	     23253	8000515c	00cf7f33	and	x30,x30,x12	 x30:0x00000000 x12:0x80040fe4 x30=0x00000000
     232555.000 ns	     23254	80005160	31bba313	slti	x6,x23,795	 x23:0x00000080  x6=0x00000001
     232575.000 ns	     23256	80005164	d00efb53	fcvt.s.w	f22,x29	 x29:0x80041024 f22=0xcefff7df
     232595.000 ns	     23258	80005168	01635693	srli	x13,x6,0x16	  x6:0x00000000 x13=0x00000000
     232605.000 ns	     23259	8000516c	00381a33	sll	x20,x16,x3	 x16:0x00000001  x3:0x00000035 x20=0x00200000
     232965.000 ns	     23295	80005170	0241f9b3	remu	x19,x3,x4	  x3:0x00000035  x4:0x357d4000 x19=0x00000035
     232995.000 ns	     23298	80005174	a14f17d3	flt.s	x15,f30,f20	 f30:0x00000000 f20:0xbf800000 x15=0x00000000
     233045.000 ns	     23303	80005178	080e9ad3	fsub.s	f21,f29,f0	 f29:0x32000000  f0:0xb2000000 f21=0x32800000
     233385.000 ns	     23337	8000517c	1876ccd3	fdiv.s	f25,f13,f7	 f13:0xbf800000  f7:0xc0000000 f25=0x3e9dc4e2
     233415.000 ns	     23340	80005180	d00cabd3	fcvt.s.w	f23,x25	 x25:0x00000000 f23=0x00000000
     233435.000 ns	     23342	80005184	00af5933	srl	x18,x30,x10	 x30:0x00000000 x10:0x3f800000 x18=0x00000000
     233445.000 ns	     23343	80005188	018ae3b3	or	x7,x21,x24	 x21:0xffffffff x24:0x00000000  x7=0xffffffff
     233455.000 ns	     23344	8000518c	00dbf233	and	x4,x23,x13	 x23:0x00000080 x13:0x00000000  x4=0x00000000
     233485.000 ns	     23347	80005190	10ed2f53	fmul.s	f30,f26,f14	 f26:0xcc87d690 f14:0x7fc00000 f30=0x7fc00000
     233515.000 ns	     23350	80005194	29790fd3	fmin.s	f31,f18,f23	 f18:0x7fc00000 f23:0x00000000 f31=0x00000000
     233545.000 ns	     23353	80005198	035a88b3	mul	x17,x21,x21	 x21:0xffffffff x21:0xffffffff x17=0x00000001
     233575.000 ns	     23356	8000519c	a0e69c53	flt.s	x24,f13,f14	 f13:0xbf800000 f14:0x7fc00000 x24=0x00000000
     233605.000 ns	     23359	800051a0	218082d3	fsgnj.s	f5,f1,f24	  f1:0x00000000 f24:0x00000000  f5=0x00000000
     233645.000 ns	     23363	800051a4	11c780d3	fmul.s	f1,f15,f28	 f15:0xc97ff7f0 f28:0x4f6d14be  f1=0xd96d0d47
     233665.000 ns	     23365	800051a8	4a6bbb93	sltiu	x23,x23,1190	 x23:0x00000080 x23=0x00000001
     233685.000 ns	     23367	800051ac	022d86b3	mul	x13,x27,x2	 x27:0x00000000  x2:0xed14be56 x13=0x00000000
     233705.000 ns	     23369	800051b0	40c4db13	srai	x22,x9,0xc	  x9:0x00000000 x22=0x00000000
     233735.000 ns	     23372	800051b4	580f2253	fsqrt.s	f4,f30	 f30:0x7fc00000  f4=0x7fc00000
     233765.000 ns	     23375	800051b8	c0117053	fcvt.wu.s	x0,f2	  f2:0x12eb3c0f
     234135.000 ns	     23412	800051bc	03c359b3	divu	x19,x6,x28	  x6:0x00000001 x28:0x00000001 x19=0x00000001
     234165.000 ns	     23415	800051c0	c016fbd3	fcvt.wu.s	x23,f13	 f13:0xbf800000 x23=0x00000001
     234185.000 ns	     23417	800051c4	72aaba93	sltiu	x21,x21,1834	 x21:0xffffffff x21=0x00000000
     234205.000 ns	     23419	800051c8	f0030a53	fmv.w.x	f20,x6	  x6:0x00000001 f20=0x00000001
     234255.000 ns	     23424	800051cc	083dcd53	fsub.s	f26,f27,f3	 f27:0xcfbe3df7  f3:0x7fc00000 f26=0x7fc00000
     234275.000 ns	     23426	800051d0	76a26593	ori	x11,x4,1898	  x4:0x00000000 x11=0x0000076a
     234285.000 ns	     23427	800051d4	01858933	add	x18,x11,x24	 x11:0x000005b0 x24:0x00000000 x18=0x0000076a
     234295.000 ns	     23428	800051d8	a64dc513	xori	x10,x27,-1436	 x27:0x00000000 x10=0xfffffa64
     234305.000 ns	     23429	800051dc	00ce7833	and	x16,x28,x12	 x28:0x00000001 x12:0x80040fe4 x16=0x00000000
     234315.000 ns	     23430	800051e0	000f5a13	srli	x20,x30,0x0	 x30:0x00000000 x20=0x00000000
     234325.000 ns	     23431	800051e4	002d3bb3	sltu	x23,x26,x2	 x26:0x00000001  x2:0xed14be56 x23=0x00000001
     234345.000 ns	     23433	800051e8	21f028d3	fsgnjx.s	f17,f0,f31	  f0:0xb2000000 f31:0x00000000 f17=0xb2000000
     234685.000 ns	     23467	800051ec	182eaed3	fdiv.s	f29,f29,f2	 f29:0x32000000  f2:0x12eb3c0f f29=0x5eb4b4b6
     234715.000 ns	     23470	800051f0	a0859053	flt.s	x0,f11,f8	 f11:0x4f6d14be  f8:0x00000000
     234745.000 ns	     23473	800051f4	e0088b53	fmv.x.w	x22,f17	 f17:0xb2000000 x22=0xb2000000
     234765.000 ns	     23475	800051f8	146058b7	lui	x17,0x14605	 x17=0x14605000
     234795.000 ns	     23478	800051fc	580d7553	fsqrt.s	f10,f26	 f26:0x7fc00000 f10=0x7fc00000
     234835.000 ns	     23482	80005200	107b71d3	fmul.s	f3,f22,f7	 f22:0xcefff7df  f7:0xc0000000  f3=0x4f7ff7e0
     234885.000 ns	     23487	80005204	012f9953	fadd.s	f18,f31,f18	 f31:0x00000000 f18:0x7fc00000 f18=0x7fc00000
     234915.000 ns	     23490	80005208	c019bd53	fcvt.wu.s	x26,f19	 f19:0x80000000 x26=0x00000000
     234935.000 ns	     23492	8000520c	4129d2b3	sra	x5,x19,x18	 x19:0x00000001 x18:0x0000076a  x5=0x00000000
     234945.000 ns	     23493	80005210	011301b3	add	x3,x6,x17	  x6:0x00000001 x17:0x14605000  x3=0x14605001
     234955.000 ns	     23494	80005214	8e188693	addi	x13,x17,-1823	 x17:0x14605000 x13=0x146048e1
     235935.000 ns	     23592	80005218	580cf0d3	fsqrt.s	f1,f25	 f25:0x3e9dc4e2  f1=0x3e8e1b3e
     235965.000 ns	     23595	8000521c	284d9fd3	fmax.s	f31,f27,f4	 f27:0xcfbe3df7  f4:0x7fc00000 f31=0xcfbe3df7
     235995.000 ns	     23598	80005220	c016c253	fcvt.wu.s	x4,f13	 f13:0xbf800000  x4=0x00000001
     236015.000 ns	     23600	80005224	0134d1b3	srl	x3,x9,x19	  x9:0x00000000 x19:0x00000001  x3=0x00000000
     236055.000 ns	     23604	80005228	09e14553	fsub.s	f10,f2,f30	  f2:0x12eb3c0f f30:0x7fc00000 f10=0x7fc00000
     236395.000 ns	     23638	8000522c	19d6a853	fdiv.s	f16,f13,f29	 f13:0xbf800000 f29:0x5eb4b4b6 f16=0xa0000000
     236425.000 ns	     23641	80005230	c003c1d3	fcvt.w.s	x3,f7	  f7:0xc0000000  x3=0xfffffffe
     236445.000 ns	     23643	80005234	3d268b93	addi	x23,x13,978	 x13:0x146048e1 x23=0x14604cb3
     236465.000 ns	     23645	80005238	a02316d3	flt.s	x13,f6,f2	  f6:0x3f800000  f2:0x12eb3c0f x13=0x00000000
     236485.000 ns	     23647	8000523c	015d91b3	sll	x3,x27,x21	 x27:0x00000000 x21:0x00000000  x3=0x00000000
     236505.000 ns	     23649	80005240	d015a4d3	fcvt.s.wu	f9,x11	 x11:0x0000076a  f9=0x44ed4000
     236525.000 ns	     23651	80005244	926a6c37	lui	x24,0x926a6	 x24=0x926a6000
     236535.000 ns	     23652	80005248	008cef33	or	x30,x25,x8	 x25:0x00000000  x8:0x12cbe000 x30=0x12cbe000
     236555.000 ns	     23654	8000524c	037c88b3	mul	x17,x25,x23	 x25:0x00000000 x23:0x14604cb3 x17=0x00000000
     236575.000 ns	     23656	80005250	41dc6793	ori	x15,x24,1053	 x24:0x926a6000 x15=0x926a641d
     236595.000 ns	     23658	80005254	02c43c33	mulhu	x24,x8,x12	  x8:0x12cbe000 x12:0x80040fe4 x24=0x09663c5a
     236625.000 ns	     23661	80005258	02bc2bb3	mulhsu	x23,x24,x11	 x24:0x926a6000 x11:0x0000076a x23=0x00000045
     236645.000 ns	     23663	8000525c	01551fb3	sll	x31,x10,x21	 x10:0xfffffa64 x21:0x00000000 x31=0xfffffa64
     236655.000 ns	     23664	80005260	005f9093	slli	x1,x31,0x5	 x31:0x00000000  x1=0xffff4c80
     236665.000 ns	     23665	80005264	00aafab3	and	x21,x21,x10	 x21:0x00000000 x10:0xfffffa64 x21=0x00000000
     236685.000 ns	     23667	80005268	c01b4c53	fcvt.wu.s	x24,f22	 f22:0xcefff7df x24=0x7ffbef80
     236715.000 ns	     23670	8000526c	0343f833	remu	x16,x7,x20	  x7:0xffffffff x20:0x00000000 x16=0xffffffff
     236735.000 ns	     23672	80005270	23633493	sltiu	x9,x6,566	  x6:0x00000001  x9=0x00000001
     236755.000 ns	     23674	80005274	e0019ad3	fclass.s	x21,f3	  f3:0x4f7ff7e0 x21=0x00000040
     236785.000 ns	     23677	80005278	a05c0053	fle.s	x0,f24,f5	 f24:0x00000000  f5:0x00000000
     236825.000 ns	     23681	8000527c	11bb4b53	fmul.s	f22,f22,f27	 f22:0xcefff7df f27:0xcfbe3df7 f22=0x5f3e37ed
     236845.000 ns	     23683	80005280	db542d93	slti	x27,x8,-587	  x8:0x12cbe000 x27=0x00000000
     236855.000 ns	     23684	80005284	e66f7413	andi	x8,x30,-410	 x30:0x12cbe000  x8=0x12cbe000
     236875.000 ns	     23686	80005288	03bab833	mulhu	x16,x21,x27	 x21:0x00000040 x27:0x00000000 x16=0x00000000
     236925.000 ns	     23691	8000528c	089af853	fsub.s	f16,f21,f9	 f21:0x32800000  f9:0x44ed4000 f16=0xc4ed3fff
     236945.000 ns	     23693	80005290	00e412b3	sll	x5,x8,x14	  x8:0x12cbe000 x14:0x00000000  x5=0x12cbe000
     236965.000 ns	     23695	80005294	0399b2b3	mulhu	x5,x19,x25	 x19:0x00000001 x25:0x00000000  x5=0x00000000
     236995.000 ns	     23698	80005298	e00a8053	fmv.x.w	x0,f21	 f21:0x32800000
     237045.000 ns	     23703	8000529c	0867f6d3	fsub.s	f13,f15,f6	 f15:0xc97ff7f0  f6:0x3f800000 f13=0xc97ff800
     237075.000 ns	     23706	800052a0	2050aa53	fsgnjx.s	f20,f1,f5	  f1:0x3e8e1b3e  f5:0x00000000 f20=0x3e8e1b3e
     237115.000 ns	     23710	800052a4	1028a1d3	fmul.s	f3,f17,f2	 f17:0xb2000000  f2:0x12eb3c0f  f3=0x856b3c10
     237135.000 ns	     23712	800052a8	d4953493	sltiu	x9,x10,-695	 x10:0xfffffa64  x9=0x00000001
     237155.000 ns	     23714	800052ac	293496d3	fmax.s	f13,f9,f19	  f9:0x44ed4000 f19:0x80000000 f13=0x44ed4000
     237185.000 ns	     23717	800052b0	c00efd53	fcvt.w.s	x26,f29	 f29:0x5eb4b4b6 x26=0x7fffffff
     237205.000 ns	     23719	800052b4	00a2ecb3	or	x25,x5,x10	  x5:0x00000000 x10:0xfffffa64 x25=0xfffffa64
     237215.000 ns	     23720	800052b8	012cb4b3	sltu	x9,x25,x18	 x25:0x00000000 x18:0x0000076a  x9=0x00000000
     237225.000 ns	     23721	800052bc	00e99e33	sll	x28,x19,x14	 x19:0x00000001 x14:0x00000000 x28=0x00000001
     237235.000 ns	     23722	800052c0	04844093	xori	x1,x8,72	  x8:0x12cbe000  x1=0x12cbe048
     237255.000 ns	     23724	800052c4	c01a7e53	fcvt.wu.s	x28,f20	 f20:0x3e8e1b3e x28=0x00000000
     237275.000 ns	     23726	800052c8	f6e2b293	sltiu	x5,x5,-146	  x5:0x00000000  x5=0x00000001
     237285.000 ns	     23727	800052cc	019a1f93	slli	x31,x20,0x19	 x20:0x00000000 x31=0x00000000
     237305.000 ns	     23729	800052d0	c006f553	fcvt.w.s	x10,f13	 f13:0x44ed4000 x10=0x0000076a
     237325.000 ns	     23731	800052d4	00778833	add	x16,x15,x7	 x15:0x926a641d  x7:0xffffffff x16=0x926a641c
     237345.000 ns	     23733	800052d8	f00d07d3	fmv.w.x	f15,x26	 x26:0x7fffffff f15=0x7fffffff
     237365.000 ns	     23735	800052dc	a83c0013	addi	x0,x24,-1405	 x24:0x7ffbef80
     237375.000 ns	     23736	800052e0	4165d093	srai	x1,x11,0x16	 x11:0x0000076a  x1=0x00000000
     237395.000 ns	     23738	800052e4	031fdab3	divu	x21,x31,x17	 x31:0x00000000 x17:0x00000000 x21=0xffffffff
     237425.000 ns	     23741	800052e8	03618fb3	mul	x31,x3,x22	  x3:0x00000000 x22:0xb2000000 x31=0x00000000
     237445.000 ns	     23743	800052ec	419c5213	srai	x4,x24,0x19	 x24:0x7ffbef80  x4=0x0000003f
     237775.000 ns	     23776	800052f0	19568553	fdiv.s	f10,f13,f21	 f13:0x44ed4000 f21:0x32800000 f10=0x51a77877
     237805.000 ns	     23779	800052f4	28f59d53	fmax.s	f26,f11,f15	 f11:0x4f6d14be f15:0x7fffffff f26=0x4f6d14be
     238175.000 ns	     23816	800052f8	036f74b3	remu	x9,x30,x22	 x30:0x12cbe000 x22:0xb2000000  x9=0x12cbe000
     238205.000 ns	     23819	800052fc	218d1953	fsgnjn.s	f18,f26,f24	 f26:0x4f6d14be f24:0x00000000 f18=0xcf6d14be
     238235.000 ns	     23822	80005300	f00c0353	fmv.w.x	f6,x24	 x24:0x7ffbef80  f6=0x7ffbef80
     238255.000 ns	     23824	80005304	00cef8b3	and	x17,x29,x12	 x29:0x80041024 x12:0x80040fe4 x17=0x80040024
     238265.000 ns	     23825	80005308	017ad493	srli	x9,x21,0x17	 x21:0xffffffff  x9=0x000001ff
     238275.000 ns	     23826	8000530c	01a64533	xor	x10,x12,x26	 x12:0x80040fe4 x26:0x7fffffff x10=0xfffbf01b
     238295.000 ns	     23828	80005310	0242bbb3	mulhu	x23,x5,x4	  x5:0x00000001  x4:0x0000003f x23=0x00000000
     238325.000 ns	     23831	80005314	c009fc53	fcvt.w.s	x24,f19	 f19:0x80000000 x24=0x00000000
     238355.000 ns	     23834	80005318	a1930e53	fle.s	x28,f6,f25	  f6:0x7ffbef80 f25:0x3e9dc4e2 x28=0x00000000
     238385.000 ns	     23837	8000531c	a1e50453	fle.s	x8,f10,f30	 f10:0x51a77877 f30:0x7fc00000  x8=0x00000000
     238415.000 ns	     23840	80005320	216f2ad3	fsgnjx.s	f21,f30,f22	 f30:0x7fc00000 f22:0x5f3e37ed f21=0x7fc00000
     238445.000 ns	     23843	80005324	a1e08753	fle.s	x14,f1,f30	  f1:0x3e8e1b3e f30:0x7fc00000 x14=0x00000000
     238475.000 ns	     23846	80005328	037acb33	div	x22,x21,x23	 x21:0xffffffff x23:0x00000000 x22=0xffffffff
     238495.000 ns	     23848	8000532c	01f32733	slt	x14,x6,x31	  x6:0x00000001 x31:0x00000000 x14=0x00000000
     238515.000 ns	     23850	80005330	293a8ed3	fmin.s	f29,f21,f19	 f21:0x7fc00000 f19:0x80000000 f29=0x80000000
     238535.000 ns	     23852	80005334	00000013	addi	x0,x0,0	  x0:0x00000000
     238545.000 ns	     23853	80005338	0052dc93	srli	x25,x5,0x5	  x5:0x00000001 x25=0x00000000
     238555.000 ns	     23854	8000533c	322082b7	lui	x5,0x32208	  x5=0x32208000
     238575.000 ns	     23856	80005340	0205cab3	div	x21,x11,x0	 x11:0x0000076a  x0:0x00000000 x21=0xffffffff
     238605.000 ns	     23859	80005344	29ac0753	fmin.s	f14,f24,f26	 f24:0x00000000 f26:0x4f6d14be f14=0x00000000
     238635.000 ns	     23862	80005348	21172b53	fsgnjx.s	f22,f14,f17	 f14:0x7fc00000 f17:0xb2000000 f22=0x80000000
     238655.000 ns	     23864	8000534c	0927fb17	auipc	x22,0x927f	 x22=0x8928434c
     238675.000 ns	     23866	80005350	0218e3b3	rem	x7,x17,x1	 x17:0x80040024  x1:0x00000000  x7=0x80040024
     238695.000 ns	     23868	80005354	40d4d2b3	sra	x5,x9,x13	  x9:0x000001ff x13:0x00000000  x5=0x000001ff
     238715.000 ns	     23870	80005358	e0029d53	fclass.s	x26,f5	  f5:0x00000000 x26=0x00000010
     239085.000 ns	     23907	8000535c	0310d033	divu	x0,x1,x17	  x1:0x00000000 x17:0x80040024
     239105.000 ns	     23909	80005360	b1e47793	andi	x15,x8,-1250	  x8:0x00000000 x15=0x00000000
     239115.000 ns	     23910	80005364	6dd6ef97	auipc	x31,0x6dd6e	 x31=0xedd73364
     239125.000 ns	     23911	80005368	0018bf33	sltu	x30,x17,x1	 x17:0x80040024  x1:0x00000000 x30=0x00000000
     239135.000 ns	     23912	8000536c	41d78d33	sub	x26,x15,x29	 x15:0x00000000 x29:0x80041024 x26=0x7ffbefdc
     239175.000 ns	     23916	80005370	08af9f53	fsub.s	f30,f31,f10	 f31:0xcfbe3df7 f10:0x51a77877 f30=0xd1b35c56
     239195.000 ns	     23918	80005374	400d5033	sra	x0,x26,x0	 x26:0x00000010  x0:0x00000000
     239235.000 ns	     23922	80005378	01644ad3	fadd.s	f21,f8,f22	  f8:0x00000000 f22:0x80000000 f21=0x80000000
     239255.000 ns	     23924	8000537c	88348b37	lui	x22,0x88348	 x22=0x88348000
     239265.000 ns	     23925	80005380	01ae00b3	add	x1,x28,x26	 x28:0x00000000 x26:0x7ffbefdc  x1=0x7ffbefdc
     239275.000 ns	     23926	80005384	00764a33	xor	x20,x12,x7	 x12:0x80040fe4  x7:0x80040024 x20=0x00000fc0
     239295.000 ns	     23928	80005388	e00886d3	fmv.x.w	x13,f17	 f17:0xb2000000 x13=0xb2000000
     239325.000 ns	     23931	8000538c	a17416d3	flt.s	x13,f8,f23	  f8:0x00000000 f23:0x00000000 x13=0x00000000
     239345.000 ns	     23933	80005390	01e258b3	srl	x17,x4,x30	  x4:0x0000003f x30:0x00000000 x17=0x0000003f
     239355.000 ns	     23934	80005394	004a9333	sll	x6,x21,x4	 x21:0xffffffff  x4:0x0000003f  x6=0x80000000
     239375.000 ns	     23936	80005398	20e91553	fsgnjn.s	f10,f18,f14	 f18:0xcf6d14be f14:0x00000000 f10=0xcf6d14be
     239405.000 ns	     23939	8000539c	20c48f53	fsgnj.s	f30,f9,f12	  f9:0x44ed4000 f12:0x7fc00000 f30=0x44ed4000
     239425.000 ns	     23941	800053a0	0147df13	srli	x30,x15,0x14	 x15:0x00000000 x30=0x00000000
     239785.000 ns	     23977	800053a4	0328d433	divu	x8,x17,x18	 x17:0x0000003f x18:0x0000076a  x8=0x00000000
     239815.000 ns	     23980	800053a8	02d06a33	rem	x20,x0,x13	  x0:0x00000000 x13:0x00000000 x20=0x00000000
     239845.000 ns	     23983	800053ac	d00b2e53	fcvt.s.w	f28,x22	 x22:0x88348000 f28=0xceef9700
     239865.000 ns	     23985	800053b0	00625893	srli	x17,x4,0x6	  x4:0x0000003f x17=0x00000000
     239885.000 ns	     23987	800053b4	207698d3	fsgnjn.s	f17,f13,f7	 f13:0x44ed4000  f7:0xc0000000 f17=0x44ed4000
     239915.000 ns	     23990	800053b8	d00bf453	fcvt.s.w	f8,x23	 x23:0x00000000  f8=0x00000000
     239935.000 ns	     23992	800053bc	05f66713	ori	x14,x12,95	 x12:0x80040fe4 x14=0x80040fff
     239965.000 ns	     23995	800053c0	114484d3	fmul.s	f9,f9,f20	  f9:0x44ed4000 f20:0x3e8e1b3e  f9=0x4403b2bf
     239985.000 ns	     23997	800053c4	5b716293	ori	x5,x2,1463	  x2:0xed14be56  x5=0xed14bff7
     239995.000 ns	     23998	800053c8	406d0d33	sub	x26,x26,x6	 x26:0x7ffbefdc  x6:0x80000000 x26=0xfffbefdc
     240355.000 ns	     24034	800053cc	02a3cd33	div	x26,x7,x10	  x7:0x80040024 x10:0xfffbf01b x26=0x00001f81
     240385.000 ns	     24037	800053d0	0354adb3	mulhsu	x27,x9,x21	  x9:0x000001ff x21:0xffffffff x27=0x000001fe
     240415.000 ns	     24040	800053d4	d0097ad3	fcvt.s.w	f21,x18	 x18:0x0000076a f21=0x44ed4000
     240445.000 ns	     24043	800053d8	20b71653	fsgnjn.s	f12,f14,f11	 f14:0x00000000 f11:0x4f6d14be f12=0x80000000
     240475.000 ns	     24046	800053dc	e00f8e53	fmv.x.w	x28,f31	 f31:0xcfbe3df7 x28=0xcfbe3df7
     240505.000 ns	     24049	800053e0	a1572b53	feq.s	x22,f14,f21	 f14:0x00000000 f21:0x44ed4000 x22=0x00000000
     240535.000 ns	     24052	800053e4	03eef333	remu	x6,x29,x30	 x29:0x80041024 x30:0x00000000  x6=0x80041024
     240585.000 ns	     24057	800053e8	0840ffd3	fsub.s	f31,f1,f4	  f1:0x3e8e1b3e  f4:0x7fc00000 f31=0x7fc00000
     240605.000 ns	     24059	800053ec	018010b3	sll	x1,x0,x24	  x0:0x00000000 x24:0x00000000  x1=0x00000000
     240615.000 ns	     24060	800053f0	1a565c37	lui	x24,0x1a565	 x24=0x1a565000
     240635.000 ns	     24062	800053f4	035cb933	mulhu	x18,x25,x21	 x25:0x00000000 x21:0xffffffff x18=0x00000000
     240975.000 ns	     24096	800053f8	19287653	fdiv.s	f12,f16,f18	 f16:0xc4ed3fff f18:0xcf6d14be f12=0x34ed4000
     241005.000 ns	     24099	800053fc	028d3fb3	mulhu	x31,x26,x8	 x26:0x00001f81  x8:0x00000000 x31=0x00000000
     241035.000 ns	     24102	80005400	03bda533	mulhsu	x10,x27,x27	 x27:0x000001fe x27:0x000001fe x10=0x00000000
     241065.000 ns	     24105	80005404	030e3cb3	mulhu	x25,x28,x16	 x28:0xcfbe3df7 x16:0x926a641c x25=0x76d0d559
     241115.000 ns	     24110	80005408	01137b53	fadd.s	f22,f6,f17	  f6:0x7ffbef80 f17:0x44ed4000 f22=0x7fc00000
     241135.000 ns	     24112	8000540c	00aa5033	srl	x0,x20,x10	 x20:0x00000000 x10:0x00000000
     241175.000 ns	     24116	80005410	095172d3	fsub.s	f5,f2,f21	  f2:0x12eb3c0f f21:0x44ed4000  f5=0xc4ed4000
     241205.000 ns	     24119	80005414	28969bd3	fmax.s	f23,f13,f9	 f13:0x44ed4000  f9:0x4403b2bf f23=0x44ed4000
     241225.000 ns	     24121	80005418	85827693	andi	x13,x4,-1960	  x4:0x0000003f x13=0x00000018
     241235.000 ns	     24122	8000541c	009c9013	slli	x0,x25,0x9	 x25:0x76d0d559
     241255.000 ns	     24124	80005420	a0561f53	flt.s	x30,f12,f5	 f12:0x34ed4000  f5:0xc4ed4000 x30=0x00000000
     241285.000 ns	     24127	80005424	295615d3	fmax.s	f11,f12,f21	 f12:0x34ed4000 f21:0x44ed4000 f11=0x44ed4000
     241305.000 ns	     24129	80005428	412f0433	sub	x8,x30,x18	 x30:0x00000000 x18:0x00000000  x8=0x00000000
     241325.000 ns	     24131	8000542c	29078c53	fmin.s	f24,f15,f16	 f15:0x7fffffff f16:0xc4ed3fff f24=0xc4ed3fff
     241365.000 ns	     24135	80005430	194efc53	fdiv.s	f24,f29,f20	 f29:0x80000000 f20:0x3e8e1b3e f24=0x80000000
     241385.000 ns	     24137	80005434	26602293	slti	x5,x0,614	  x0:0x00000000  x5=0x00000001
     241405.000 ns	     24139	80005438	29339ad3	fmax.s	f21,f7,f19	  f7:0xc0000000 f19:0x80000000 f21=0x80000000
     241435.000 ns	     24142	8000543c	a13d1b53	flt.s	x22,f26,f19	 f26:0x4f6d14be f19:0x80000000 x22=0x00000000
     241455.000 ns	     24144	80005440	411b0f33	sub	x30,x22,x17	 x22:0x00000000 x17:0x00000000 x30=0x00000000
     241465.000 ns	     24145	80005444	007f1d13	slli	x26,x30,0x7	 x30:0x00000000 x26=0x00000000
     241475.000 ns	     24146	80005448	00ba4433	xor	x8,x20,x11	 x20:0x00000000 x11:0x0000076a  x8=0x0000076a
     241485.000 ns	     24147	8000544c	00644333	xor	x6,x8,x6	  x8:0x00000000  x6:0x80041024  x6=0x8004174e
     241505.000 ns	     24149	80005450	e0018b53	fmv.x.w	x22,f3	  f3:0x856b3c10 x22=0x856b3c10
     241545.000 ns	     24153	80005454	105373d3	fmul.s	f7,f6,f5	  f6:0x7ffbef80  f5:0xc4ed4000  f7=0x7fc00000
     241575.000 ns	     24156	80005458	e0069253	fclass.s	x4,f13	 f13:0x44ed4000  x4=0x00000040
     241595.000 ns	     24158	8000545c	c0950293	addi	x5,x10,-1015	 x10:0x00000000  x5=0xfffffc09
     241615.000 ns	     24160	80005460	e00291d3	fclass.s	x3,f5	  f5:0xc4ed4000  x3=0x00000002
     241635.000 ns	     24162	80005464	40a48db3	sub	x27,x9,x10	  x9:0x000001ff x10:0x00000000 x27=0x000001ff
     241645.000 ns	     24163	80005468	01e48433	add	x8,x9,x30	  x9:0x000001ff x30:0x00000000  x8=0x000001ff
     241655.000 ns	     24164	8000546c	a4604713	xori	x14,x0,-1466	  x0:0x00000000 x14=0xfffffa46
     241665.000 ns	     24165	80005470	01592433	slt	x8,x18,x21	 x18:0x00000000 x21:0xffffffff  x8=0x00000000
     241685.000 ns	     24167	80005474	20198953	fsgnj.s	f18,f19,f1	 f19:0x80000000  f1:0x3e8e1b3e f18=0x00000000
     241715.000 ns	     24170	80005478	03a1ebb3	rem	x23,x3,x26	  x3:0x00000002 x26:0x00000000 x23=0x00000002
     241735.000 ns	     24172	8000547c	982afa13	andi	x20,x21,-1662	 x21:0xffffffff x20=0xfffff982
     241745.000 ns	     24173	80005480	6f2c6693	ori	x13,x24,1778	 x24:0x1a565000 x13=0x1a5656f2
     241765.000 ns	     24175	80005484	21ff8b53	fsgnj.s	f22,f31,f31	 f31:0x7fc00000 f31:0x7fc00000 f22=0x7fc00000
     241785.000 ns	     24177	80005488	417f5413	srai	x8,x30,0x17	 x30:0x00000000  x8=0x00000000
     241815.000 ns	     24180	8000548c	186877d3	fdiv.s	f15,f16,f6	 f16:0xc4ed3fff  f6:0x7ffbef80 f15=0x7fc00000
     241835.000 ns	     24182	80005490	007b9b33	sll	x22,x23,x7	 x23:0x00000002  x7:0x80040024 x22=0x00000020
     242195.000 ns	     24218	80005494	030ef6b3	remu	x13,x29,x16	 x29:0x80041024 x16:0x926a641c x13=0x80041024
     242215.000 ns	     24220	80005498	008b2333	slt	x6,x22,x8	 x22:0x856b3c10  x8:0x00000000  x6=0x00000000
     242235.000 ns	     24222	8000549c	21de8f53	fsgnj.s	f30,f29,f29	 f29:0x80000000 f29:0x80000000 f30=0x80000000
     242285.000 ns	     24227	800054a0	00e8b253	fadd.s	f4,f17,f14	 f17:0x44ed4000 f14:0x00000000  f4=0x44ed4000
     242315.000 ns	     24230	800054a4	039a2b33	mulhsu	x22,x20,x25	 x20:0xfffff982 x25:0x76d0d559 x22=0xfffffcfc
     242345.000 ns	     24233	800054a8	033a1a33	mulh	x20,x20,x19	 x20:0xfffff982 x19:0x00000001 x20=0xffffffff
     242375.000 ns	     24236	800054ac	20ebab53	fsgnjx.s	f22,f23,f14	 f23:0x44ed4000 f14:0x00000000 f22=0x44ed4000
     242405.000 ns	     24239	800054b0	e00f93d3	fclass.s	x7,f31	 f31:0x7fc00000  x7=0x00000200
     242435.000 ns	     24242	800054b4	a1b522d3	feq.s	x5,f10,f27	 f10:0xcf6d14be f27:0xcfbe3df7  x5=0x00000000
     242465.000 ns	     24245	800054b8	d002fed3	fcvt.s.w	f29,x5	  x5:0xfffffc09 f29=0x00000000
     242515.000 ns	     24250	800054bc	092c16d3	fsub.s	f13,f24,f18	 f24:0x80000000 f18:0x00000000 f13=0x80000000
     242535.000 ns	     24252	800054c0	c51e3a93	sltiu	x21,x28,-943	 x28:0xcfbe3df7 x21=0x00000001
     242545.000 ns	     24253	800054c4	01529d13	slli	x26,x5,0x15	  x5:0x00000000 x26=0x00000000
     242905.000 ns	     24289	800054c8	022f5533	divu	x10,x30,x2	 x30:0x00000000  x2:0xed14be56 x10=0x00000000
     242935.000 ns	     24292	800054cc	a0c027d3	feq.s	x15,f0,f12	  f0:0xb2000000 f12:0x34ed4000 x15=0x00000000
     242955.000 ns	     24294	800054d0	eef03913	sltiu	x18,x0,-273	  x0:0x00000000 x18=0x00000001
     242965.000 ns	     24295	800054d4	f7048c93	addi	x25,x9,-144	  x9:0x000001ff x25=0x0000016f
     242985.000 ns	     24297	800054d8	c00bfc53	fcvt.w.s	x24,f23	 f23:0x44ed4000 x24=0x0000076a
     243005.000 ns	     24299	800054dc	0a670013	addi	x0,x14,166	 x14:0xfffffa46
     243025.000 ns	     24301	800054e0	038ca2b3	mulhsu	x5,x25,x24	 x25:0x0000016f x24:0x0000076a  x5=0x00000000
     243045.000 ns	     24303	800054e4	00167bb3	and	x23,x12,x1	 x12:0x80040fe4  x1:0x00000000 x23=0x00000000
     243065.000 ns	     24305	800054e8	02f09d33	mulh	x26,x1,x15	  x1:0x00000000 x15:0x00000000 x26=0x00000000
     243095.000 ns	     24308	800054ec	d0139753	fcvt.s.wu	f14,x7	  x7:0x00000200 f14=0x44000000
     243135.000 ns	     24312	800054f0	19f9f253	fdiv.s	f4,f19,f31	 f19:0x80000000 f31:0x7fc00000  f4=0x7fc00000
     243155.000 ns	     24314	800054f4	01b1d893	srli	x17,x3,0x1b	  x3:0x00000002 x17=0x00000000
     243175.000 ns	     24316	800054f8	f00507d3	fmv.w.x	f15,x10	 x10:0x00000000 f15=0x00000000
     243205.000 ns	     24319	800054fc	2014a353	fsgnjx.s	f6,f9,f1	  f9:0x4403b2bf  f1:0x3e8e1b3e  f6=0x4403b2bf
     243225.000 ns	     24321	80005500	412782b3	sub	x5,x15,x18	 x15:0x00000000 x18:0x00000001  x5=0xffffffff
     243245.000 ns	     24323	80005504	20c01c53	fsgnjn.s	f24,f0,f12	  f0:0xb2000000 f12:0x34ed4000 f24=0xb2000000
     243265.000 ns	     24325	80005508	34236793	ori	x15,x6,834	  x6:0x00000000 x15=0x00000342
     243275.000 ns	     24326	8000550c	4af02f97	auipc	x31,0x4af02	 x31=0xcaf0750c
     243295.000 ns	     24328	80005510	29d89253	fmax.s	f4,f17,f29	 f17:0x44ed4000 f29:0x00000000  f4=0x44ed4000
     243315.000 ns	     24330	80005514	010235b3	sltu	x11,x4,x16	  x4:0x00000040 x16:0x926a641c x11=0x00000001
     243335.000 ns	     24332	80005518	d00235d3	fcvt.s.w	f11,x4	  x4:0x00000040 f11=0x42800000
     243355.000 ns	     24334	8000551c	bc2c2997	auipc	x19,0xbc2c2	 x19=0x3c2c751c
     243365.000 ns	     24335	80005520	00000013	addi	x0,x0,0	  x0:0x00000000
     243385.000 ns	     24337	80005524	0277a9b3	mulhsu	x19,x15,x7	 x15:0x00000342  x7:0x00000200 x19=0x00000000
     243415.000 ns	     24340	80005528	209629d3	fsgnjx.s	f19,f12,f9	 f12:0x34ed4000  f9:0x4403b2bf f19=0x34ed4000
     243445.000 ns	     24343	8000552c	21118653	fsgnj.s	f12,f3,f17	  f3:0x856b3c10 f17:0x44ed4000 f12=0x056b3c10
     243475.000 ns	     24346	80005530	e0058e53	fmv.x.w	x28,f11	 f11:0x42800000 x28=0x42800000
     243505.000 ns	     24349	80005534	28318753	fmin.s	f14,f3,f3	  f3:0x856b3c10  f3:0x856b3c10 f14=0x856b3c10
     243535.000 ns	     24352	80005538	a1992953	feq.s	x18,f18,f25	 f18:0x00000000 f25:0x3e9dc4e2 x18=0x00000000
     243565.000 ns	     24355	8000553c	037f6733	rem	x14,x30,x23	 x30:0x00000000 x23:0x00000000 x14=0x00000000
     243585.000 ns	     24357	80005540	007ddc93	srli	x25,x27,0x7	 x27:0x000001ff x25=0x00000003
     243605.000 ns	     24359	80005544	e00303d3	fmv.x.w	x7,f6	  f6:0x4403b2bf  x7=0x4403b2bf
     243635.000 ns	     24362	80005548	290e99d3	fmax.s	f19,f29,f16	 f29:0x00000000 f16:0xc4ed3fff f19=0x00000000
     243655.000 ns	     24364	8000554c	0085f7b3	and	x15,x11,x8	 x11:0x00000001  x8:0x00000000 x15=0x00000000
     243665.000 ns	     24365	80005550	945a9517	auipc	x10,0x945a9	 x10=0x145ae550
     243685.000 ns	     24367	80005554	a1070fd3	fle.s	x31,f14,f16	 f14:0x856b3c10 f16:0xc4ed3fff x31=0x00000000
     243715.000 ns	     24370	80005558	02a08b33	mul	x22,x1,x10	  x1:0x00000000 x10:0x00000000 x22=0x00000000
     243735.000 ns	     24372	8000555c	ba6b8193	addi	x3,x23,-1114	 x23:0x00000000  x3=0xfffffba6
     243755.000 ns	     24374	80005560	031e5233	divu	x4,x28,x17	 x28:0x42800000 x17:0x00000000  x4=0xffffffff
     243785.000 ns	     24377	80005564	02827333	remu	x6,x4,x8	  x4:0x00000040  x8:0x00000000  x6=0xffffffff
     243805.000 ns	     24379	80005568	00d59193	slli	x3,x11,0xd	 x11:0x00000001  x3=0x00002000
     243815.000 ns	     24380	8000556c	00486db3	or	x27,x16,x4	 x16:0x926a641c  x4:0xffffffff x27=0xffffffff
     243825.000 ns	     24381	80005570	f3e3d337	lui	x6,0xf3e3d	  x6=0xf3e3d000
     243845.000 ns	     24383	80005574	296196d3	fmax.s	f13,f3,f22	  f3:0x856b3c10 f22:0x44ed4000 f13=0x44ed4000
     243875.000 ns	     24386	80005578	28f298d3	fmax.s	f17,f5,f15	  f5:0xc4ed4000 f15:0x00000000 f17=0x00000000
     243905.000 ns	     24389	8000557c	e00c89d3	fmv.x.w	x19,f25	 f25:0x3e9dc4e2 x19=0x3e9dc4e2
     243925.000 ns	     24391	80005580	d2c9fc93	andi	x25,x19,-724	 x19:0x00000000 x25=0x3e9dc420
     243945.000 ns	     24393	80005584	f00684d3	fmv.w.x	f9,x13	 x13:0x80041024  f9=0x80041024
     243975.000 ns	     24396	80005588	205c87d3	fsgnj.s	f15,f25,f5	 f25:0x3e9dc4e2  f5:0xc4ed4000 f15=0xbe9dc4e2
     243995.000 ns	     24398	8000558c	40178f33	sub	x30,x15,x1	 x15:0x00000000  x1:0x00000000 x30=0x00000000
     244005.000 ns	     24399	80005590	415c8f33	sub	x30,x25,x21	 x25:0x3e9dc420 x21:0x00000001 x30=0x3e9dc41f
     244025.000 ns	     24401	80005594	03bb1933	mulh	x18,x22,x27	 x22:0x00000000 x27:0xffffffff x18=0x00000000
     244055.000 ns	     24404	80005598	d0089e53	fcvt.s.w	f28,x17	 x17:0x00000000 f28=0x00000000
     244085.000 ns	     24407	8000559c	03073233	mulhu	x4,x14,x16	 x14:0x00000000 x16:0x926a641c  x4=0x00000000
     244115.000 ns	     24410	800055a0	02f08833	mul	x16,x1,x15	  x1:0x00000000 x15:0x00000000 x16=0x00000000
     244145.000 ns	     24413	800055a4	28ae8d53	fmin.s	f26,f29,f10	 f29:0x00000000 f10:0xcf6d14be f26=0xcf6d14be
     244175.000 ns	     24416	800055a8	211792d3	fsgnjn.s	f5,f15,f17	 f15:0xbe9dc4e2 f17:0x00000000  f5=0xbe9dc4e2
     244215.000 ns	     24420	800055ac	119f48d3	fmul.s	f17,f30,f25	 f30:0x80000000 f25:0x3e9dc4e2 f17=0x80000000
     244245.000 ns	     24423	800055b0	03745533	divu	x10,x8,x23	  x8:0x00000000 x23:0x00000000 x10=0xffffffff
     244275.000 ns	     24426	800055b4	e00d0453	fmv.x.w	x8,f26	 f26:0xcf6d14be  x8=0xcf6d14be
     244295.000 ns	     24428	800055b8	66870993	addi	x19,x14,1640	 x14:0x00000000 x19=0x00000668
     244655.000 ns	     24464	800055bc	0280d733	divu	x14,x1,x8	  x1:0x00000000  x8:0xcf6d14be x14=0x00000000
     244675.000 ns	     24466	800055c0	6159a817	auipc	x16,0x6159a	 x16=0xe159f5c0
     244695.000 ns	     24468	800055c4	c01877d3	fcvt.wu.s	x15,f16	 f16:0xc4ed3fff x15=0x00000769
     244715.000 ns	     24470	800055c8	00dd0ab3	add	x21,x26,x13	 x26:0x00000000 x13:0x80041024 x21=0x80041024
     244725.000 ns	     24471	800055cc	03623c13	sltiu	x24,x4,54	  x4:0x00000000 x24=0x00000001
     244745.000 ns	     24473	800055d0	29771153	fmax.s	f2,f14,f23	 f14:0x856b3c10 f23:0x44ed4000  f2=0x44ed4000
     244765.000 ns	     24475	800055d4	60eb8193	addi	x3,x23,1550	 x23:0x00000000  x3=0x0000060e
     244775.000 ns	     24476	800055d8	01ad9c13	slli	x24,x27,0x1a	 x27:0xffffffff x24=0xfc000000
     244805.000 ns	     24479	800055dc	5801fa53	fsqrt.s	f20,f3	  f3:0x856b3c10 f20=0x7fc00000
     244825.000 ns	     24481	800055e0	0128b0b3	sltu	x1,x17,x18	 x17:0x00000000 x18:0x00000000  x1=0x00000000
     244845.000 ns	     24483	800055e4	033a8d33	mul	x26,x21,x19	 x21:0x80041024 x19:0x00000668 x26=0x1a0766a0
     245215.000 ns	     24520	800055e8	02ac68b3	rem	x17,x24,x10	 x24:0xfc000000 x10:0xffffffff x17=0x00000000
     245585.000 ns	     24557	800055ec	034548b3	div	x17,x10,x20	 x10:0xffffffff x20:0xffffffff x17=0x00000001
     245615.000 ns	     24560	800055f0	28e61753	fmax.s	f14,f12,f14	 f12:0x056b3c10 f14:0x856b3c10 f14=0x056b3c10
     245635.000 ns	     24562	800055f4	b7a775b7	lui	x11,0xb7a77	 x11=0xb7a77000
     245645.000 ns	     24563	800055f8	00597db3	and	x27,x18,x5	 x18:0x00000000  x5:0xffffffff x27=0x00000000
     245675.000 ns	     24566	800055fc	117874d3	fmul.s	f9,f16,f23	 f16:0xc4ed3fff f23:0x44ed4000  f9=0xca5bdf8f
     246045.000 ns	     24603	80005600	0276d733	divu	x14,x13,x7	 x13:0x80041024  x7:0x4403b2bf x14=0x00000001
     246075.000 ns	     24606	80005604	02f51db3	mulh	x27,x10,x15	 x10:0xffffffff x15:0x00000769 x27=0xffffffff
     246095.000 ns	     24608	80005608	f193b413	sltiu	x8,x7,-231	  x7:0x4403b2bf  x8=0x00000001
     246105.000 ns	     24609	8000560c	64963513	sltiu	x10,x12,1609	 x12:0x80040fe4 x10=0x00000000
     246125.000 ns	     24611	80005610	03602733	mulhsu	x14,x0,x22	  x0:0x00000000 x22:0x00000000 x14=0x00000000
     246145.000 ns	     24613	80005614	93b1e193	ori	x3,x3,-1733	  x3:0x0000060e  x3=0xffffff3f
     246165.000 ns	     24615	80005618	d00570d3	fcvt.s.w	f1,x10	 x10:0x00000000  f1=0x00000000
     246195.000 ns	     24618	8000561c	e0088353	fmv.x.w	x6,f17	 f17:0x80000000  x6=0x80000000
     246215.000 ns	     24620	80005620	01d6ba33	sltu	x20,x13,x29	 x13:0x80041024 x29:0x80041024 x20=0x00000000
     246235.000 ns	     24622	80005624	02d735b3	mulhu	x11,x14,x13	 x14:0x00000000 x13:0x80041024 x11=0x00000000
     246255.000 ns	     24624	80005628	45293e13	sltiu	x28,x18,1106	 x18:0x00000000 x28=0x00000001
     246265.000 ns	     24625	8000562c	417c82b3	sub	x5,x25,x23	 x25:0x3e9dc420 x23:0x00000000  x5=0x3e9dc420
     246285.000 ns	     24627	80005630	a00320d3	feq.s	x1,f6,f0	  f6:0x4403b2bf  f0:0xb2000000  x1=0x00000000
     246655.000 ns	     24664	80005634	0237fe33	remu	x28,x15,x3	 x15:0x00000769  x3:0xffffff3f x28=0x00000769
     246675.000 ns	     24666	80005638	00000013	addi	x0,x0,0	  x0:0x00000000
     246705.000 ns	     24669	8000563c	103a0753	fmul.s	f14,f20,f3	 f20:0x7fc00000  f3:0x856b3c10 f14=0x7fc00000
     246725.000 ns	     24671	80005640	c1cdf393	andi	x7,x27,-996	 x27:0xffffffff  x7=0xfffffc1c
     246735.000 ns	     24672	80005644	01c66233	or	x4,x12,x28	 x12:0x80040fe4 x28:0x00000769  x4=0x80040fed
     246745.000 ns	     24673	80005648	40ac08b3	sub	x17,x24,x10	 x24:0xfc000000 x10:0x00000000 x17=0xfc000000
     246755.000 ns	     24674	8000564c	32e4ba37	lui	x20,0x32e4b	 x20=0x32e4b000
     246775.000 ns	     24676	80005650	c005f4d3	fcvt.w.s	x9,f11	 f11:0x42800000  x9=0x00000040
     246795.000 ns	     24678	80005654	0181a6b3	slt	x13,x3,x24	  x3:0xffffff3f x24:0xfc000000 x13=0x00000000
     246815.000 ns	     24680	80005658	d00ebd53	fcvt.s.w	f26,x29	 x29:0x80041024 f26=0xcefff7e0
     246835.000 ns	     24682	8000565c	cc0b6393	ori	x7,x22,-832	 x22:0x00000000  x7=0xfffffcc0
     246845.000 ns	     24683	80005660	b1398a93	addi	x21,x19,-1261	 x19:0x00000668 x21=0x0000017b
     247205.000 ns	     24719	80005664	0312f4b3	remu	x9,x5,x17	  x5:0x3e9dc420 x17:0xfc000000  x9=0x3e9dc420
     247245.000 ns	     24723	80005668	1948f6d3	fdiv.s	f13,f17,f20	 f17:0x80000000 f20:0x7fc00000 f13=0x7fc00000
     247265.000 ns	     24725	8000566c	0019a9b3	slt	x19,x19,x1	 x19:0x00000668  x1:0x00000000 x19=0x00000000
     247285.000 ns	     24727	80005670	a1ca1853	flt.s	x16,f20,f28	 f20:0x7fc00000 f28:0x00000000 x16=0x00000000
     247305.000 ns	     24729	80005674	4046d8b3	sra	x17,x13,x4	 x13:0x00000000  x4:0x80040fed x17=0x00000000
     247315.000 ns	     24730	80005678	0a21ab93	slti	x23,x3,162	  x3:0xffffff3f x23=0x00000001
     247335.000 ns	     24732	8000567c	29691053	fmax.s	f0,f18,f22	 f18:0x00000000 f22:0x44ed4000  f0=0x44ed4000
     247355.000 ns	     24734	80005680	86282d93	slti	x27,x16,-1950	 x16:0x00000000 x27=0x00000000
     247375.000 ns	     24736	80005684	28ce15d3	fmax.s	f11,f28,f12	 f28:0x00000000 f12:0x056b3c10 f11=0x056b3c10
     247395.000 ns	     24738	80005688	002e1513	slli	x10,x28,0x2	 x28:0x00000769 x10=0x00001da4
     247415.000 ns	     24740	8000568c	033e91b3	mulh	x3,x29,x19	 x29:0x80041024 x19:0x00000000  x3=0x00000000
     247435.000 ns	     24742	80005690	01426333	or	x6,x4,x20	  x4:0x80040fed x20:0x32e4b000  x6=0xb2e4bfed
     247455.000 ns	     24744	80005694	a0538f53	fle.s	x30,f7,f5	  f7:0x7fc00000  f5:0xbe9dc4e2 x30=0x00000000
     247485.000 ns	     24747	80005698	02009ab3	mulh	x21,x1,x0	  x1:0x00000000  x0:0x00000000 x21=0x00000000
     247505.000 ns	     24749	8000569c	00520bb3	add	x23,x4,x5	  x4:0x80040fed  x5:0x3e9dc420 x23=0xbea1d40d
     247525.000 ns	     24751	800056a0	03076fb3	rem	x31,x14,x16	 x14:0x00000000 x16:0x00000000 x31=0x00000000
     247555.000 ns	     24754	800056a4	218caad3	fsgnjx.s	f21,f25,f24	 f25:0x3e9dc4e2 f24:0xb2000000 f21=0xbe9dc4e2
     247575.000 ns	     24756	800056a8	fccb2793	slti	x15,x22,-52	 x22:0x00000000 x15=0x00000000
     247595.000 ns	     24758	800056ac	a0422b53	feq.s	x22,f4,f4	  f4:0x44ed4000  f4:0x44ed4000 x22=0x00000001
     247615.000 ns	     24760	800056b0	01afdc33	srl	x24,x31,x26	 x31:0x00000000 x26:0x1a0766a0 x24=0x00000000
     247645.000 ns	     24763	800056b4	108d4553	fmul.s	f10,f26,f8	 f26:0xcefff7e0  f8:0x00000000 f10=0x80000000
     247675.000 ns	     24766	800056b8	217f06d3	fsgnj.s	f13,f30,f23	 f30:0x80000000 f23:0x44ed4000 f13=0x00000000
     247695.000 ns	     24768	800056bc	41c4d233	sra	x4,x9,x28	  x9:0x3e9dc420 x28:0x00000769  x4=0x001f4ee2
     247735.000 ns	     24772	800056c0	09d3bb53	fsub.s	f22,f7,f29	  f7:0x7fc00000 f29:0x00000000 f22=0x7fc00000
     248105.000 ns	     24809	800056c4	0365df33	divu	x30,x11,x22	 x11:0x00000000 x22:0x00000001 x30=0x00000000
     248135.000 ns	     24812	800056c8	c00924d3	fcvt.w.s	x9,f18	 f18:0x00000000  x9=0x00000000
     248165.000 ns	     24815	800056cc	02db7cb3	remu	x25,x22,x13	 x22:0x00000001 x13:0x00000000 x25=0x00000001
     248195.000 ns	     24818	800056d0	02fa11b3	mulh	x3,x20,x15	 x20:0x32e4b000 x15:0x00000000  x3=0x00000000
     248215.000 ns	     24820	800056d4	5fad3513	sltiu	x10,x26,1530	 x26:0x1a0766a0 x10=0x00000000
     248235.000 ns	     24822	800056d8	f00a8d53	fmv.w.x	f26,x21	 x21:0x00000000 f26=0x00000000
     248285.000 ns	     24827	800056dc	09150553	fsub.s	f10,f10,f17	 f10:0x80000000 f17:0x80000000 f10=0x00000000
     248305.000 ns	     24829	800056e0	01bc9a33	sll	x20,x25,x27	 x25:0x00000001 x27:0x00000000 x20=0x00000001
     248325.000 ns	     24831	800056e4	29621b53	fmax.s	f22,f4,f22	  f4:0x44ed4000 f22:0x7fc00000 f22=0x44ed4000
     248355.000 ns	     24834	800056e8	a1d8ad53	feq.s	x26,f17,f29	 f17:0x80000000 f29:0x00000000 x26=0x00000001
     248375.000 ns	     24836	800056ec	4e164017	auipc	x0,0x4e164	
     248385.000 ns	     24837	800056f0	6dea3cb7	lui	x25,0x6dea3	 x25=0x6dea3000
     248395.000 ns	     24838	800056f4	018b8db3	add	x27,x23,x24	 x23:0xbea1d40d x24:0x00000000 x27=0xbea1d40d
     248415.000 ns	     24840	800056f8	215ba9d3	fsgnjx.s	f19,f23,f21	 f23:0x44ed4000 f21:0xbe9dc4e2 f19=0xc4ed4000
     248445.000 ns	     24843	800056fc	c0023553	fcvt.w.s	x10,f4	  f4:0x44ed4000 x10=0x0000076a
     248475.000 ns	     24846	80005700	21332653	fsgnjx.s	f12,f6,f19	  f6:0x4403b2bf f19:0xc4ed4000 f12=0xc403b2bf
     248505.000 ns	     24849	80005704	2051a653	fsgnjx.s	f12,f3,f5	  f3:0x856b3c10  f5:0xbe9dc4e2 f12=0x056b3c10
     248535.000 ns	     24852	80005708	c01070d3	fcvt.wu.s	x1,f0	  f0:0x44ed4000  x1=0x0000076a
     248565.000 ns	     24855	8000570c	03e8c1b3	div	x3,x17,x30	 x17:0x00000000 x30:0x00000000  x3=0xffffffff
     248595.000 ns	     24858	80005710	e0009453	fclass.s	x8,f1	  f1:0x00000000  x8=0x00000010
     248625.000 ns	     24861	80005714	d01af3d3	fcvt.s.wu	f7,x21	 x21:0x00000000  f7=0x00000000
     248645.000 ns	     24863	80005718	018ca833	slt	x16,x25,x24	 x25:0x6dea3000 x24:0x00000000 x16=0x00000000
     248655.000 ns	     24864	8000571c	40b45c33	sra	x24,x8,x11	  x8:0x00000010 x11:0x00000000 x24=0x00000010
     248695.000 ns	     24868	80005720	09840653	fsub.s	f12,f8,f24	  f8:0x00000000 f24:0xb2000000 f12=0x32000000
     248725.000 ns	     24871	80005724	c0078553	fcvt.w.s	x10,f15	 f15:0xbe9dc4e2 x10=0x00000000
     248745.000 ns	     24873	80005728	01241bb3	sll	x23,x8,x18	  x8:0x00000010 x18:0x00000000 x23=0x00000010
     248765.000 ns	     24875	8000572c	e0048553	fmv.x.w	x10,f9	  f9:0xca5bdf8f x10=0xca5bdf8f
     248785.000 ns	     24877	80005730	6cc22393	slti	x7,x4,1740	  x4:0x001f4ee2  x7=0x00000000
     248815.000 ns	     24880	80005734	580e0253	fsqrt.s	f4,f28	 f28:0x00000000  f4=0x00000000
     248845.000 ns	     24883	80005738	20489bd3	fsgnjn.s	f23,f17,f4	 f17:0x80000000  f4:0x44ed4000 f23=0x80000000
     248865.000 ns	     24885	8000573c	a0d6bd93	sltiu	x27,x13,-1523	 x13:0x00000000 x27=0x00000001
     248885.000 ns	     24887	80005740	e00d84d3	fmv.x.w	x9,f27	 f27:0xcfbe3df7  x9=0xcfbe3df7
     248915.000 ns	     24890	80005744	03f9ae33	mulhsu	x28,x19,x31	 x19:0x00000000 x31:0x00000000 x28=0x00000000
     248955.000 ns	     24894	80005748	101b7ad3	fmul.s	f21,f22,f1	 f22:0x44ed4000  f1:0x00000000 f21=0x00000000
     249005.000 ns	     24899	8000574c	093b2553	fsub.s	f10,f22,f19	 f22:0x44ed4000 f19:0xc4ed4000 f10=0x456d4000
     249025.000 ns	     24901	80005750	001522b3	slt	x5,x10,x1	 x10:0xca5bdf8f  x1:0x0000076a  x5=0x00000001
     249055.000 ns	     24904	80005754	19fb29d3	fdiv.s	f19,f22,f31	 f22:0x44ed4000 f31:0x7fc00000 f19=0x7fc00000
     249085.000 ns	     24907	80005758	a1b886d3	fle.s	x13,f17,f27	 f17:0x80000000 f27:0xcfbe3df7 x13=0x00000000
     249105.000 ns	     24909	8000575c	008ac533	xor	x10,x21,x8	 x21:0x00000000  x8:0x00000010 x10=0x00000010
     249125.000 ns	     24911	80005760	02795a33	divu	x20,x18,x7	 x18:0x00000000  x7:0x00000000 x20=0xffffffff
     249145.000 ns	     24913	80005764	01635433	srl	x8,x6,x22	  x6:0xb2e4bfed x22:0x00000001  x8=0x59725ff6
     249175.000 ns	     24916	80005768	1853c353	fdiv.s	f6,f7,f5	  f7:0x00000000  f5:0xbe9dc4e2  f6=0x80000000
     249195.000 ns	     24918	8000576c	00e55593	srli	x11,x10,0xe	 x10:0x00000010 x11=0x00000000
     249215.000 ns	     24920	80005770	29d595d3	fmax.s	f11,f11,f29	 f11:0x056b3c10 f29:0x00000000 f11=0x056b3c10
     249255.000 ns	     24924	80005774	58047bd3	fsqrt.s	f23,f8	  f8:0x00000000 f23=0x00000000
     249285.000 ns	     24927	80005778	f00409d3	fmv.w.x	f19,x8	  x8:0x59725ff6 f19=0x59725ff6
     249655.000 ns	     24964	8000577c	021dffb3	remu	x31,x27,x1	 x27:0x00000001  x1:0x0000076a x31=0x00000001
     249685.000 ns	     24967	80005780	21f205d3	fsgnj.s	f11,f4,f31	  f4:0x00000000 f31:0x7fc00000 f11=0x00000000
     249725.000 ns	     24971	80005784	58097d53	fsqrt.s	f26,f18	 f18:0x00000000 f26=0x00000000
     249745.000 ns	     24973	80005788	414ed813	srai	x16,x29,0x14	 x29:0x80041024 x16=0xfffff800
     249765.000 ns	     24975	8000578c	e00915d3	fclass.s	x11,f18	 f18:0x00000000 x11=0x00000010
     249785.000 ns	     24977	80005790	016f87b3	add	x15,x31,x22	 x31:0x00000001 x22:0x00000001 x15=0x00000002
     249805.000 ns	     24979	80005794	03524db3	div	x27,x4,x21	  x4:0x001f4ee2 x21:0x00000000 x27=0xffffffff
     249825.000 ns	     24981	80005798	63d50c13	addi	x24,x10,1597	 x10:0x00000010 x24=0x0000064d
     249835.000 ns	     24982	8000579c	00b5e3b3	or	x7,x11,x11	 x11:0x00000010 x11:0x00000010  x7=0x00000010
     249855.000 ns	     24984	800057a0	03dbb8b3	mulhu	x17,x23,x29	 x23:0x00000010 x29:0x80041024 x17=0x00000008
     249885.000 ns	     24987	800057a4	03c6edb3	rem	x27,x13,x28	 x13:0x00000000 x28:0x00000000 x27=0x00000000
     249915.000 ns	     24990	800057a8	031527b3	mulhsu	x15,x10,x17	 x10:0x00000010 x17:0x00000008 x15=0x00000000
     249935.000 ns	     24992	800057ac	014956b3	srl	x13,x18,x20	 x18:0x00000000 x20:0xffffffff x13=0x00000000
     249945.000 ns	     24993	800057b0	00a2ee33	or	x28,x5,x10	  x5:0x00000001 x10:0x00000010 x28=0x00000011
     249955.000 ns	     24994	800057b4	013c85b3	add	x11,x25,x19	 x25:0x6dea3000 x19:0x00000000 x11=0x6dea3000
     249975.000 ns	     24996	800057b8	c0084b53	fcvt.w.s	x22,f16	 f16:0xc4ed3fff x22=0xfffff896
     250005.000 ns	     24999	800057bc	c00807d3	fcvt.w.s	x15,f16	 f16:0xc4ed3fff x15=0xfffff896
     250025.000 ns	     25001	800057c0	955be413	ori	x8,x23,-1707	 x23:0x00000010  x8=0xfffff955
     250035.000 ns	     25002	800057c4	0040b533	sltu	x10,x1,x4	  x1:0x0000076a  x4:0x001f4ee2 x10=0x00000001
     250045.000 ns	     25003	800057c8	01d60433	add	x8,x12,x29	 x12:0x80040fe4 x29:0x80041024  x8=0x00082008
     250055.000 ns	     25004	800057cc	00dd5013	srli	x0,x26,0xd	 x26:0x00000001
     250065.000 ns	     25005	800057d0	009bd293	srli	x5,x23,0x9	 x23:0x00000010  x5=0x00000000
     250085.000 ns	     25007	800057d4	036a1533	mulh	x10,x20,x22	 x20:0xffffffff x22:0xfffff896 x10=0x00000000
     250115.000 ns	     25010	800057d8	200f2653	fsgnjx.s	f12,f30,f0	 f30:0x80000000  f0:0x44ed4000 f12=0x80000000
     250155.000 ns	     25014	800057dc	10d574d3	fmul.s	f9,f10,f13	 f10:0x456d4000 f13:0x00000000  f9=0x00000000
     250175.000 ns	     25016	800057e0	8a7a6093	ori	x1,x20,-1881	 x20:0xffffffff  x1=0xffffffff
     250195.000 ns	     25018	800057e4	a1b6ad53	feq.s	x26,f13,f27	 f13:0x00000000 f27:0xcfbe3df7 x26=0x00000000
     250215.000 ns	     25020	800057e8	a63f0497	auipc	x9,0xa63f0	  x9=0x263f57e8
     250235.000 ns	     25022	800057ec	20469a53	fsgnjn.s	f20,f13,f4	 f13:0x00000000  f4:0x00000000 f20=0x80000000
     250255.000 ns	     25024	800057f0	f0734313	xori	x6,x6,-249	  x6:0xb2e4bfed  x6=0x4d1b40ea
     250265.000 ns	     25025	800057f4	015332b3	sltu	x5,x6,x21	  x6:0xb2e4bfed x21:0x00000000  x5=0x00000000
     250275.000 ns	     25026	800057f8	9f31fb97	auipc	x23,0x9f31f	 x23=0x1f3247f8
     250295.000 ns	     25028	800057fc	c003fdd3	fcvt.w.s	x27,f7	  f7:0x00000000 x27=0x00000000
     250315.000 ns	     25030	80005800	c62dca13	xori	x20,x27,-926	 x27:0x00000000 x20=0xfffffc62
     250335.000 ns	     25032	80005804	d01cf8d3	fcvt.s.wu	f17,x25	 x25:0x6dea3000 f17=0x4edbd460
     250355.000 ns	     25034	80005808	8bb4b313	sltiu	x6,x9,-1861	  x9:0x263f57e8  x6=0x00000001
     250365.000 ns	     25035	8000580c	efbb61b7	lui	x3,0xefbb6	  x3=0xefbb6000
     250385.000 ns	     25037	80005810	f00b84d3	fmv.w.x	f9,x23	 x23:0x1f3247f8  f9=0x1f3247f8
     250425.000 ns	     25041	80005814	189a7253	fdiv.s	f4,f20,f9	 f20:0x80000000  f9:0x00000000  f4=0x80000000
     250455.000 ns	     25044	80005818	e0071a53	fclass.s	x20,f14	 f14:0x7fc00000 x20=0x00000200
     250475.000 ns	     25046	8000581c	00de2833	slt	x16,x28,x13	 x28:0x00000011 x13:0x00000000 x16=0x00000000
     250485.000 ns	     25047	80005820	017ea933	slt	x18,x29,x23	 x29:0x80041024 x23:0x1f3247f8 x18=0x00000001
     250495.000 ns	     25048	80005824	c301b593	sltiu	x11,x3,-976	  x3:0xefbb6000 x11=0x00000001
     250855.000 ns	     25084	80005828	02657db3	remu	x27,x10,x6	 x10:0x00000000  x6:0x00000001 x27=0x00000000
     251225.000 ns	     25121	8000582c	02bec533	div	x10,x29,x11	 x29:0x80041024 x11:0x6dea3000 x10=0x80041024
     251255.000 ns	     25124	80005830	d01ea653	fcvt.s.wu	f12,x29	 x29:0x80041024 f12=0x4f000411
     251275.000 ns	     25126	80005834	008b91b3	sll	x3,x23,x8	 x23:0x1f3247f8  x8:0x00082008  x3=0x3247f800
     251285.000 ns	     25127	80005838	ea0f1d17	auipc	x26,0xea0f1	 x26=0x6a0f6838
     251295.000 ns	     25128	8000583c	40b85f13	srai	x30,x16,0xb	 x16:0x00000000 x30=0x00000000
     251315.000 ns	     25130	80005840	a1509dd3	flt.s	x27,f1,f21	  f1:0x00000000 f21:0x00000000 x27=0x00000000
     251335.000 ns	     25132	80005844	400e8e33	sub	x28,x29,x0	 x29:0x80041024  x0:0x00000000 x28=0x80041024
     251365.000 ns	     25135	80005848	11c077d3	fmul.s	f15,f0,f28	  f0:0x44ed4000 f28:0x00000000 f15=0x00000000
     251385.000 ns	     25137	8000584c	0165a4b3	slt	x9,x11,x22	 x11:0x00000001 x22:0xfffff896  x9=0x00000000
     251745.000 ns	     25173	80005850	03d3c6b3	div	x13,x7,x29	  x7:0x00000010 x29:0x80041024 x13=0x00000000
     251775.000 ns	     25176	80005854	a1669353	flt.s	x6,f13,f22	 f13:0x00000000 f22:0x44ed4000  x6=0x00000001
     251805.000 ns	     25179	80005858	a03f9e53	flt.s	x28,f31,f3	 f31:0x7fc00000  f3:0x856b3c10 x28=0x00000000
     251835.000 ns	     25182	8000585c	0292b233	mulhu	x4,x5,x9	  x5:0x00000000  x9:0x00000000  x4=0x00000000
     251865.000 ns	     25185	80005860	a08687d3	fle.s	x15,f13,f8	 f13:0x00000000  f8:0x00000000 x15=0x00000001
     251895.000 ns	     25188	80005864	e0059f53	fclass.s	x30,f11	 f11:0x00000000 x30=0x00000010
     251925.000 ns	     25191	80005868	a190a453	feq.s	x8,f1,f25	  f1:0x00000000 f25:0x3e9dc4e2  x8=0x00000000
     251955.000 ns	     25194	8000586c	20ee8653	fsgnj.s	f12,f29,f14	 f29:0x00000000 f14:0x7fc00000 f12=0x00000000
     251975.000 ns	     25196	80005870	ffcabc37	lui	x24,0xffcab	 x24=0xffcab000
     251985.000 ns	     25197	80005874	0133f0b3	and	x1,x7,x19	  x7:0x00000010 x19:0x00000000  x1=0x00000000
     251995.000 ns	     25198	80005878	01639713	slli	x14,x7,0x16	  x7:0x00000010 x14=0x04000000
     252015.000 ns	     25200	8000587c	a19c1cd3	flt.s	x25,f24,f25	 f24:0xb2000000 f25:0x3e9dc4e2 x25=0x00000001
     252035.000 ns	     25202	80005880	01d01bb3	sll	x23,x0,x29	  x0:0x00000000 x29:0x80041024 x23=0x00000000
     252055.000 ns	     25204	80005884	e0041953	fclass.s	x18,f8	  f8:0x00000000 x18=0x00000010
     252425.000 ns	     25241	80005888	03abe933	rem	x18,x23,x26	 x23:0x1f3247f8 x26:0x6a0f6838 x18=0x00000000
     252445.000 ns	     25243	8000588c	00851a93	slli	x21,x10,0x8	 x10:0x80041024 x21=0x04102400
     252455.000 ns	     25244	80005890	0127dd93	srli	x27,x15,0x12	 x15:0x00000001 x27=0x00000000
     252465.000 ns	     25245	80005894	405ea413	slti	x8,x29,1029	 x29:0x80041024  x8=0x00000001
     252495.000 ns	     25248	80005898	112bbdd3	fmul.s	f27,f23,f18	 f23:0x00000000 f18:0x00000000 f27=0x00000000
     252535.000 ns	     25252	8000589c	10b47cd3	fmul.s	f25,f8,f11	  f8:0x00000000 f11:0x00000000 f25=0x00000000
     252565.000 ns	     25255	800058a0	d00009d3	fcvt.s.w	f19,x0	  x0:0x00000000 f19=0x00000000
     252585.000 ns	     25257	800058a4	a7b28b93	addi	x23,x5,-1413	  x5:0x00000000 x23=0xfffffa7b
     252595.000 ns	     25258	800058a8	e135af93	slti	x31,x11,-493	 x11:0x00000001 x31=0x00000000
     252625.000 ns	     25261	800058ac	58082553	fsqrt.s	f10,f16	 f16:0xc4ed3fff f10=0x7fc00000
     252655.000 ns	     25264	800058b0	28af1ed3	fmax.s	f29,f30,f10	 f30:0x80000000 f10:0x456d4000 f29=0x80000000
     252685.000 ns	     25267	800058b4	a027add3	feq.s	x27,f15,f2	 f15:0x00000000  f2:0x44ed4000 x27=0x00000000
     252705.000 ns	     25269	800058b8	79a2e993	ori	x19,x5,1946	  x5:0x00000000 x19=0x0000079a
     252725.000 ns	     25271	800058bc	d00610d3	fcvt.s.w	f1,x12	 x12:0x80040fe4  f1=0xcefff7e0
     252765.000 ns	     25275	800058c0	580335d3	fsqrt.s	f11,f6	  f6:0x80000000 f11=0x80000000
     252795.000 ns	     25278	800058c4	216089d3	fsgnj.s	f19,f1,f22	  f1:0xcefff7e0 f22:0x44ed4000 f19=0x4efff7e0
     252825.000 ns	     25281	800058c8	285906d3	fmin.s	f13,f18,f5	 f18:0x00000000  f5:0xbe9dc4e2 f13=0xbe9dc4e2
     252855.000 ns	     25284	800058cc	d002b3d3	fcvt.s.w	f7,x5	  x5:0x00000000  f7=0x00000000
     252885.000 ns	     25287	800058d0	29921953	fmax.s	f18,f4,f25	  f4:0x80000000 f25:0x00000000 f18=0x00000000
     252915.000 ns	     25290	800058d4	02cd8a33	mul	x20,x27,x12	 x27:0x00000000 x12:0x80040fe4 x20=0x00000000
     252955.000 ns	     25294	800058d8	110175d3	fmul.s	f11,f2,f16	  f2:0x44ed4000 f16:0xc4ed3fff f11=0xca5bdf8f
     252975.000 ns	     25296	800058dc	01011e13	slli	x28,x2,0x10	  x2:0xed14be56 x28=0xbe560000
     252995.000 ns	     25298	800058e0	03400533	mul	x10,x0,x20	  x0:0x00000000 x20:0x00000000 x10=0x00000000
     253365.000 ns	     25335	800058e4	03cae2b3	rem	x5,x21,x28	 x21:0x04102400 x28:0x00000000  x5=0x04102400
     253385.000 ns	     25337	800058e8	0044e0b3	or	x1,x9,x4	  x9:0x00000000  x4:0x00000000  x1=0x00000000
     253405.000 ns	     25339	800058ec	21071ed3	fsgnjn.s	f29,f14,f16	 f14:0x7fc00000 f16:0xc4ed3fff f29=0x7fc00000
     253775.000 ns	     25376	800058f0	03c7fe33	remu	x28,x15,x28	 x15:0x00000001 x28:0xbe560000 x28=0x00000001
     253805.000 ns	     25379	800058f4	d00870d3	fcvt.s.w	f1,x16	 x16:0x00000000  f1=0x00000000
     253835.000 ns	     25382	800058f8	02f42bb3	mulhsu	x23,x8,x15	  x8:0x00000001 x15:0x00000001 x23=0x00000000
     253855.000 ns	     25384	800058fc	91985437	lui	x8,0x91985	  x8=0x91985000
     253875.000 ns	     25386	80005900	03b0f9b3	remu	x19,x1,x27	  x1:0x00000000 x27:0x00000000 x19=0x00000000
     253905.000 ns	     25389	80005904	21f823d3	fsgnjx.s	f7,f16,f31	 f16:0xc4ed3fff f31:0x7fc00000  f7=0xc4ed3fff
     253935.000 ns	     25392	80005908	28c30d53	fmin.s	f26,f6,f12	  f6:0x80000000 f12:0x00000000 f26=0x80000000
     253965.000 ns	     25395	8000590c	d002f353	fcvt.s.w	f6,x5	  x5:0x04102400  f6=0x4c820480
     253995.000 ns	     25398	80005910	a0170fd3	fle.s	x31,f14,f1	 f14:0x7fc00000  f1:0x00000000 x31=0x00000000
     254015.000 ns	     25400	80005914	5b5cc693	xori	x13,x25,1461	 x25:0x00000001 x13=0x000005b4
     254035.000 ns	     25402	80005918	d00b7953	fcvt.s.w	f18,x22	 x22:0xfffff896 f18=0xc4ed4000
     254065.000 ns	     25405	8000591c	029f83b3	mul	x7,x31,x9	 x31:0x00000000  x9:0x00000000  x7=0x00000000
     254095.000 ns	     25408	80005920	20059d53	fsgnjn.s	f26,f11,f0	 f11:0xca5bdf8f  f0:0x44ed4000 f26=0xca5bdf8f
     254125.000 ns	     25411	80005924	20c88753	fsgnj.s	f14,f17,f12	 f17:0x4edbd460 f12:0x00000000 f14=0x4edbd460
     254145.000 ns	     25413	80005928	0ccdce37	lui	x28,0xccdc	 x28=0x0ccdc000
     254155.000 ns	     25414	8000592c	0141c233	xor	x4,x3,x20	  x3:0x3247f800 x20:0x00000000  x4=0x3247f800
     254175.000 ns	     25416	80005930	d002f7d3	fcvt.s.w	f15,x5	  x5:0x04102400 f15=0x4c820480
     254515.000 ns	     25450	80005934	1935a653	fdiv.s	f12,f11,f19	 f11:0xca5bdf8f f19:0x4efff7e0 f12=0xbadbdf90
     254545.000 ns	     25453	80005938	d016a9d3	fcvt.s.wu	f19,x13	 x13:0x000005b4 f19=0x44b68000
     254565.000 ns	     25455	8000593c	56217013	andi	x0,x2,1378	  x2:0xed14be56
     254585.000 ns	     25457	80005940	e0028d53	fmv.x.w	x26,f5	  f5:0xbe9dc4e2 x26=0xbe9dc4e2
     254615.000 ns	     25460	80005944	a025a053	feq.s	x0,f11,f2	 f11:0xca5bdf8f  f2:0x44ed4000
     254985.000 ns	     25497	80005948	02c8d5b3	divu	x11,x17,x12	 x17:0x00000008 x12:0x80040fe4 x11=0x00000000
     255005.000 ns	     25499	8000594c	00a5b3b3	sltu	x7,x11,x10	 x11:0x00000001 x10:0x00000000  x7=0x00000000
     255015.000 ns	     25500	80005950	418e0333	sub	x6,x28,x24	 x28:0x0ccdc000 x24:0xffcab000  x6=0x0d031000
     255035.000 ns	     25502	80005954	029ca2b3	mulhsu	x5,x25,x9	 x25:0x00000001  x9:0x00000000  x5=0x00000000
     255065.000 ns	     25505	80005958	a0c8aa53	feq.s	x20,f17,f12	 f17:0x4edbd460 f12:0xbadbdf90 x20=0x00000000
     255085.000 ns	     25507	8000595c	6f056213	ori	x4,x10,1776	 x10:0x00000000  x4=0x000006f0
     255445.000 ns	     25543	80005960	031557b3	divu	x15,x10,x17	 x10:0x00000000 x17:0x00000008 x15=0x00000000
     255465.000 ns	     25545	80005964	bf388493	addi	x9,x17,-1037	 x17:0x00000008  x9=0xfffffbfb
     255485.000 ns	     25547	80005968	2101a753	fsgnjx.s	f14,f3,f16	  f3:0x856b3c10 f16:0xc4ed3fff f14=0x056b3c10
     255515.000 ns	     25550	8000596c	295f0cd3	fmin.s	f25,f30,f21	 f30:0x80000000 f21:0x00000000 f25=0x80000000
     255535.000 ns	     25552	80005970	006b70b3	and	x1,x22,x6	 x22:0xfffff896  x6:0x0d031000  x1=0x0d031000
     255545.000 ns	     25553	80005974	198f80b7	lui	x1,0x198f8	  x1=0x198f8000
     255565.000 ns	     25555	80005978	d0057bd3	fcvt.s.w	f23,x10	 x10:0x00000000 f23=0x00000000
     255585.000 ns	     25557	8000597c	000d9993	slli	x19,x27,0x0	 x27:0x00000000 x19=0x00000000
     255625.000 ns	     25561	80005980	09f9f653	fsub.s	f12,f19,f31	 f19:0x44b68000 f31:0x7fc00000 f12=0x7fc00000
     255665.000 ns	     25565	80005984	19d0f6d3	fdiv.s	f13,f1,f29	  f1:0x00000000 f29:0x7fc00000 f13=0x7fc00000
     255695.000 ns	     25568	80005988	a01d8853	fle.s	x16,f27,f1	 f27:0x00000000  f1:0x00000000 x16=0x00000001
     255715.000 ns	     25570	8000598c	01db14b3	sll	x9,x22,x29	 x22:0xfffff896 x29:0x80041024  x9=0xffff8960
     255725.000 ns	     25571	80005990	003e97b3	sll	x15,x29,x3	 x29:0x80041024  x3:0x3247f800 x15=0x80041024
     255735.000 ns	     25572	80005994	0cdc75b7	lui	x11,0xcdc7	 x11=0x0cdc7000
     255755.000 ns	     25574	80005998	03d43cb3	mulhu	x25,x8,x29	  x8:0x91985000 x29:0x80041024 x25=0x48ce778f
     255785.000 ns	     25577	8000599c	a1549053	flt.s	x0,f9,f21	  f9:0x1f3247f8 f21:0x00000000
     255815.000 ns	     25580	800059a0	28709853	fmax.s	f16,f1,f7	  f1:0x00000000  f7:0xc4ed3fff f16=0x00000000
     255845.000 ns	     25583	800059a4	d01671d3	fcvt.s.wu	f3,x12	 x12:0x80040fe4  f3=0x4f00040f
     255895.000 ns	     25588	800059a8	00e88553	fadd.s	f10,f17,f14	 f17:0x4edbd460 f14:0x056b3c10 f10=0x4edbd460
     256265.000 ns	     25625	800059ac	035a72b3	remu	x5,x20,x21	 x20:0x00000000 x21:0x04102400  x5=0x00000000
     256285.000 ns	     25627	800059b0	fbbc7793	andi	x15,x24,-69	 x24:0xffcab000 x15=0xffcab000
     256645.000 ns	     25663	800059b4	029fd533	divu	x10,x31,x9	 x31:0x00000000  x9:0xffff8960 x10=0x00000000
     256675.000 ns	     25666	800059b8	d0102ad3	fcvt.s.wu	f21,x0	  x0:0x00000000 f21=0x00000000
     256695.000 ns	     25668	800059bc	30d66493	ori	x9,x12,781	 x12:0x80040fe4  x9=0x80040fed
     256705.000 ns	     25669	800059c0	82238313	addi	x6,x7,-2014	  x7:0x00000000  x6=0xfffff822
     256715.000 ns	     25670	800059c4	008626b3	slt	x13,x12,x8	 x12:0x80040fe4  x8:0x91985000 x13=0x00000001
     256735.000 ns	     25672	800059c8	28ef9d53	fmax.s	f26,f31,f14	 f31:0x7fc00000 f14:0x056b3c10 f26=0x056b3c10
     256765.000 ns	     25675	800059cc	d00fad53	fcvt.s.w	f26,x31	 x31:0x00000000 f26=0x00000000
     256795.000 ns	     25678	800059d0	02f89ab3	mulh	x21,x17,x15	 x17:0x00000008 x15:0xffcab000 x21=0xffffffff
     256825.000 ns	     25681	800059d4	2095a1d3	fsgnjx.s	f3,f11,f9	 f11:0xca5bdf8f  f9:0x1f3247f8  f3=0xca5bdf8f
     256875.000 ns	     25686	800059d8	011029d3	fadd.s	f19,f0,f17	  f0:0x44ed4000 f17:0x4edbd460 f19=0x4edbd46e
     256895.000 ns	     25688	800059dc	418659b3	sra	x19,x12,x24	 x12:0x80040fe4 x24:0xffcab000 x19=0x80040fe4
     256915.000 ns	     25690	800059e0	20028453	fsgnj.s	f8,f5,f0	  f5:0xbe9dc4e2  f0:0x44ed4000  f8=0x3e9dc4e2
     257285.000 ns	     25727	800059e4	0261ca33	div	x20,x3,x6	  x3:0x3247f800  x6:0xfffff822 x20=0xfff99bd8
     257305.000 ns	     25729	800059e8	26717393	andi	x7,x2,615	  x2:0xed14be56  x7=0x00000246
     257325.000 ns	     25731	800059ec	a022a553	feq.s	x10,f5,f2	  f5:0xbe9dc4e2  f2:0x44ed4000 x10=0x00000000
     257355.000 ns	     25734	800059f0	d01325d3	fcvt.s.wu	f11,x6	  x6:0xfffff822 f11=0x4f7ffff9
     257385.000 ns	     25737	800059f4	d01e2653	fcvt.s.wu	f12,x28	 x28:0x0ccdc000 f12=0x4d4cdc00
     257415.000 ns	     25740	800059f8	021ca933	mulhsu	x18,x25,x1	 x25:0x48ce778f  x1:0x198f8000 x18=0x0744f968
     257785.000 ns	     25777	800059fc	02857433	remu	x8,x10,x8	 x10:0x00000000  x8:0x91985000  x8=0x00000000
     257805.000 ns	     25779	80005a00	40eb86b3	sub	x13,x23,x14	 x23:0x00000000 x14:0x04000000 x13=0xfc000000
     257825.000 ns	     25781	80005a04	f00a8353	fmv.w.x	f6,x21	 x21:0xffffffff  f6=0xffffffff
     257865.000 ns	     25785	80005a08	19e678d3	fdiv.s	f17,f12,f30	 f12:0x4d4cdc00 f30:0x80000000 f17=0xff800000
     258235.000 ns	     25822	80005a0c	02bcf3b3	remu	x7,x25,x11	 x25:0x48ce778f x11:0x0cdc7000  x7=0x0880478f
     258575.000 ns	     25856	80005a10	19361253	fdiv.s	f4,f12,f19	 f12:0x4d4cdc00 f19:0x4edbd46e  f4=0x3dccdc00
     258595.000 ns	     25858	80005a14	00000013	addi	x0,x0,0	  x0:0x00000000
     258635.000 ns	     25862	80005a18	0912ad53	fsub.s	f26,f5,f17	  f5:0xbe9dc4e2 f17:0xff800000 f26=0x7f800000
     258665.000 ns	     25865	80005a1c	02559ab3	mulh	x21,x11,x5	 x11:0x0cdc7000  x5:0x00000000 x21=0x00000000
     258685.000 ns	     25867	80005a20	00a16bb3	or	x23,x2,x10	  x2:0xed14be56 x10:0x00000000 x23=0xed14be56
     258705.000 ns	     25869	80005a24	c01b7d53	fcvt.wu.s	x26,f22	 f22:0x44ed4000 x26=0x0000076a
     258725.000 ns	     25871	80005a28	8219e513	ori	x10,x19,-2015	 x19:0x80040fe4 x10=0xffffffe5
     258745.000 ns	     25873	80005a2c	a04ea9d3	feq.s	x19,f29,f4	 f29:0x7fc00000  f4:0x3dccdc00 x19=0x00000000
     258765.000 ns	     25875	80005a30	4058d593	srai	x11,x17,0x5	 x17:0x00000008 x11=0x00000000
     258805.000 ns	     25879	80005a34	082f21d3	fsub.s	f3,f30,f2	 f30:0x80000000  f2:0x44ed4000  f3=0xc4ed4000
     258835.000 ns	     25882	80005a38	f00e0bd3	fmv.w.x	f23,x28	 x28:0x0ccdc000 f23=0x0ccdc000
     258855.000 ns	     25884	80005a3c	009c65b3	or	x11,x24,x9	 x24:0xffcab000  x9:0x80040fed x11=0xffcebfed
     258875.000 ns	     25886	80005a40	031f90b3	mulh	x1,x31,x17	 x31:0x00000000 x17:0x00000008  x1=0x00000000
     258895.000 ns	     25888	80005a44	40835c33	sra	x24,x6,x8	  x6:0xfffff822  x8:0x00000000 x24=0xfffff822
     258915.000 ns	     25890	80005a48	d0029cd3	fcvt.s.w	f25,x5	  x5:0x00000000 f25=0x00000000
     258935.000 ns	     25892	80005a4c	0099e0b3	or	x1,x19,x9	 x19:0x00000000  x9:0x80040fed  x1=0x80040fed
     258945.000 ns	     25893	80005a50	00000013	addi	x0,x0,0	  x0:0x00000000
     258955.000 ns	     25894	80005a54	a359ea93	ori	x21,x19,-1483	 x19:0x00000000 x21=0xfffffa35
     258975.000 ns	     25896	80005a58	a1e3a0d3	feq.s	x1,f7,f30	  f7:0xc4ed3fff f30:0x80000000  x1=0x00000000
     259005.000 ns	     25899	80005a5c	a14095d3	flt.s	x11,f1,f20	  f1:0x00000000 f20:0x80000000 x11=0x00000000
     259035.000 ns	     25902	80005a60	a13712d3	flt.s	x5,f14,f19	 f14:0x056b3c10 f19:0x4edbd46e  x5=0x00000001
     259065.000 ns	     25905	80005a64	21039a53	fsgnjn.s	f20,f7,f16	  f7:0xc4ed3fff f16:0x00000000 f20=0xc4ed3fff
     259085.000 ns	     25907	80005a68	58df8893	addi	x17,x31,1421	 x31:0x00000000 x17=0x0000058d
     259095.000 ns	     25908	80005a6c	60547a13	andi	x20,x8,1541	  x8:0x00000000 x20=0x00000000
     259105.000 ns	     25909	80005a70	19c356b7	lui	x13,0x19c35	 x13=0x19c35000
     259115.000 ns	     25910	80005a74	8f458013	addi	x0,x11,-1804	 x11:0x00000000
     259135.000 ns	     25912	80005a78	e0099d53	fclass.s	x26,f19	 f19:0x4edbd46e x26=0x00000040
     259155.000 ns	     25914	80005a7c	01035313	srli	x6,x6,0x10	  x6:0xfffff822  x6=0x0000ffff
     259195.000 ns	     25918	80005a80	0808f753	fsub.s	f14,f17,f0	 f17:0xff800000  f0:0x44ed4000 f14=0xff800000
     259225.000 ns	     25921	80005a84	a10129d3	feq.s	x19,f2,f16	  f2:0x44ed4000 f16:0x00000000 x19=0x00000000
     259255.000 ns	     25924	80005a88	e0060ad3	fmv.x.w	x21,f12	 f12:0x4d4cdc00 x21=0x4d4cdc00
     259275.000 ns	     25926	80005a8c	33e70b93	addi	x23,x14,830	 x14:0x04000000 x23=0x0400033e
     259285.000 ns	     25927	80005a90	4064df13	srai	x30,x9,0x6	  x9:0x80040fed x30=0xfe00103f
     259295.000 ns	     25928	80005a94	41ee84b3	sub	x9,x29,x30	 x29:0x80041024 x30:0x00000010  x9=0x8203ffe5
     259655.000 ns	     25964	80005a98	035bccb3	div	x25,x23,x21	 x23:0x0400033e x21:0x4d4cdc00 x25=0x00000000
     259685.000 ns	     25967	80005a9c	a09f0f53	fle.s	x30,f30,f9	 f30:0x80000000  f9:0x1f3247f8 x30=0x00000001
     259735.000 ns	     25972	80005aa0	095ff253	fsub.s	f4,f31,f21	 f31:0x7fc00000 f21:0x00000000  f4=0x7fc00000
     259765.000 ns	     25975	80005aa4	f00380d3	fmv.w.x	f1,x7	  x7:0x0880478f  f1=0x0880478f
     259785.000 ns	     25977	80005aa8	00847cb3	and	x25,x8,x8	  x8:0x00000000  x8:0x00000000 x25=0x00000000
     259795.000 ns	     25978	80005aac	40687813	andi	x16,x16,1030	 x16:0x00000001 x16=0x00000000
     260965.000 ns	     26095	80005ab0	5804bd53	fsqrt.s	f26,f9	  f9:0x1f3247f8 f26=0x2efc2062
     261335.000 ns	     26132	80005ab4	03855db3	divu	x27,x10,x24	 x10:0xffffffe5 x24:0xfffff822 x27=0x00000001
     261355.000 ns	     26134	80005ab8	c138ec13	ori	x24,x17,-1005	 x17:0x0000058d x24=0xfffffd9f
     261375.000 ns	     26136	80005abc	d00c73d3	fcvt.s.w	f7,x24	 x24:0xfffff822  f7=0xc4184000
     261405.000 ns	     26139	80005ac0	a1ad86d3	fle.s	x13,f27,f26	 f27:0x00000000 f26:0x2efc2062 x13=0x00000001
     262585.000 ns	     26257	80005ac4	580b40d3	fsqrt.s	f1,f22	 f22:0x44ed4000  f1=0x422e439d
     262615.000 ns	     26260	80005ac8	28198ad3	fmin.s	f21,f19,f1	 f19:0x4edbd46e  f1:0x0880478f f21=0x422e439d
     262645.000 ns	     26263	80005acc	e00c0553	fmv.x.w	x10,f24	 f24:0xb2000000 x10=0xb2000000
     262675.000 ns	     26266	80005ad0	03e819b3	mulh	x19,x16,x30	 x16:0x00000000 x30:0x00000001 x19=0x00000000
     262705.000 ns	     26269	80005ad4	03e221b3	mulhsu	x3,x4,x30	  x4:0x000006f0 x30:0x00000001  x3=0x00000000
     262725.000 ns	     26271	80005ad8	016d2d33	slt	x26,x26,x22	 x26:0x00000040 x22:0xfffff896 x26=0x00000000
     262745.000 ns	     26273	80005adc	e0038053	fmv.x.w	x0,f7	  f7:0xc4184000
     262775.000 ns	     26276	80005ae0	024211b3	mulh	x3,x4,x4	  x4:0x000006f0  x4:0x000006f0  x3=0x00000000
     262795.000 ns	     26278	80005ae4	41bbdc93	srai	x25,x23,0x1b	 x23:0x0400033e x25=0x00000000
     262805.000 ns	     26279	80005ae8	01aff4b3	and	x9,x31,x26	 x31:0x00000000 x26:0x00000000  x9=0x00000000
     262815.000 ns	     26280	80005aec	00eccbb3	xor	x23,x25,x14	 x25:0x00000000 x14:0x04000000 x23=0x04000000
     263175.000 ns	     26316	80005af0	0328ecb3	rem	x25,x17,x18	 x17:0x0000058d x18:0x0744f968 x25=0x0000058d
     263205.000 ns	     26319	80005af4	032817b3	mulh	x15,x16,x18	 x16:0x00000000 x18:0x0744f968 x15=0x00000000
     263225.000 ns	     26321	80005af8	d9fcc413	xori	x8,x25,-609	 x25:0x0000058d  x8=0xfffff812
     263245.000 ns	     26323	80005afc	e00a09d3	fmv.x.w	x19,f20	 f20:0xc4ed3fff x19=0xc4ed3fff
     263265.000 ns	     26325	80005b00	00354933	xor	x18,x10,x3	 x10:0xb2000000  x3:0x00000000 x18=0xb2000000
     263285.000 ns	     26327	80005b04	a00a22d3	feq.s	x5,f20,f0	 f20:0xc4ed3fff  f0:0x44ed4000  x5=0x00000000
     263315.000 ns	     26330	80005b08	02bfb8b3	mulhu	x17,x31,x11	 x31:0x00000000 x11:0x00000000 x17=0x00000000
     263335.000 ns	     26332	80005b0c	01245ab3	srl	x21,x8,x18	  x8:0xfffff812 x18:0xb2000000 x21=0xfffff812
     263355.000 ns	     26334	80005b10	c00df753	fcvt.w.s	x14,f27	 f27:0x00000000 x14=0x00000000
     263375.000 ns	     26336	80005b14	00000013	addi	x0,x0,0	  x0:0x00000000
     263395.000 ns	     26338	80005b18	024e1bb3	mulh	x23,x28,x4	 x28:0x0ccdc000  x4:0x000006f0 x23=0x00000058
     263425.000 ns	     26341	80005b1c	0319dbb3	divu	x23,x19,x17	 x19:0xc4ed3fff x17:0x00000000 x23=0xffffffff
     263445.000 ns	     26343	80005b20	390e8393	addi	x7,x29,912	 x29:0x80041024  x7=0x800413b4
     263455.000 ns	     26344	80005b24	62ecb213	sltiu	x4,x25,1582	 x25:0x0000058d  x4=0x00000001
     263475.000 ns	     26346	80005b28	02c91fb3	mulh	x31,x18,x12	 x18:0xb2000000 x12:0x80040fe4 x31=0x26fec328
     263495.000 ns	     26348	80005b2c	003d6333	or	x6,x26,x3	 x26:0x00000000  x3:0x00000000  x6=0x00000000
     263535.000 ns	     26352	80005b30	00a2bd53	fadd.s	f26,f5,f10	  f5:0xbe9dc4e2 f10:0x4edbd460 f26=0x4edbd460
     263555.000 ns	     26354	80005b34	00000013	addi	x0,x0,0	  x0:0x00000000
     263915.000 ns	     26390	80005b38	0336cb33	div	x22,x13,x19	 x13:0x00000001 x19:0xc4ed3fff x22=0x00000000
     263935.000 ns	     26392	80005b3c	00000013	addi	x0,x0,0	  x0:0x00000000
     263955.000 ns	     26394	80005b40	03868733	mul	x14,x13,x24	 x13:0x00000001 x24:0xfffffd9f x14=0xfffffd9f
     263985.000 ns	     26397	80005b44	e00e95d3	fclass.s	x11,f29	 f29:0x7fc00000 x11=0x00000200
     264015.000 ns	     26400	80005b48	e00a13d3	fclass.s	x7,f20	 f20:0xc4ed3fff  x7=0x00000002
     264385.000 ns	     26437	80005b4c	038de5b3	rem	x11,x27,x24	 x27:0x00000001 x24:0xfffffd9f x11=0x00000001
     264405.000 ns	     26439	80005b50	006a6f33	or	x30,x20,x6	 x20:0x00000000  x6:0x00000000 x30=0x00000000
     264415.000 ns	     26440	80005b54	a939ed93	ori	x27,x19,-1389	 x19:0xc4ed3fff x27=0xffffffff
     264435.000 ns	     26442	80005b58	03c43d33	mulhu	x26,x8,x28	  x8:0xfffff812 x28:0x0ccdc000 x26=0x0ccdbf9a
     264465.000 ns	     26445	80005b5c	20f21f53	fsgnjn.s	f30,f4,f15	  f4:0x7fc00000 f15:0x4c820480 f30=0xffc00000
     264485.000 ns	     26447	80005b60	f874d897	auipc	x17,0xf874d	 x17=0x78752b60
     264495.000 ns	     26448	80005b64	017871b3	and	x3,x16,x23	 x16:0x00000000 x23:0xffffffff  x3=0x00000000
     264505.000 ns	     26449	80005b68	00da30b3	sltu	x1,x20,x13	 x20:0x00000000 x13:0x00000001  x1=0x00000001
     264525.000 ns	     26451	80005b6c	c00a4cd3	fcvt.w.s	x25,f20	 f20:0xc4ed3fff x25=0xfffff896
     264545.000 ns	     26453	80005b70	014ff733	and	x14,x31,x20	 x31:0x26fec328 x20:0x00000000 x14=0x00000000
     264555.000 ns	     26454	80005b74	01dba0b3	slt	x1,x23,x29	 x23:0xffffffff x29:0x80041024  x1=0x00000000
     264565.000 ns	     26455	80005b78	01c432b3	sltu	x5,x8,x28	  x8:0xfffff812 x28:0x0ccdc000  x5=0x00000000
     264585.000 ns	     26457	80005b7c	023c4bb3	div	x23,x24,x3	 x24:0xfffffd9f  x3:0x00000000 x23=0xffffffff
     264615.000 ns	     26460	80005b80	d00779d3	fcvt.s.w	f19,x14	 x14:0x00000000 f19=0x00000000
     264645.000 ns	     26463	80005b84	217686d3	fsgnj.s	f13,f13,f23	 f13:0x7fc00000 f23:0x0ccdc000 f13=0x7fc00000
     264665.000 ns	     26465	80005b88	3fdc3b13	sltiu	x22,x24,1021	 x24:0xfffffd9f x22=0x00000000
     264685.000 ns	     26467	80005b8c	e00197d3	fclass.s	x15,f3	  f3:0xc4ed4000 x15=0x00000002
     264715.000 ns	     26470	80005b90	d001f4d3	fcvt.s.w	f9,x3	  x3:0x00000000  f9=0x00000000
     264765.000 ns	     26475	80005b94	0884fa53	fsub.s	f20,f9,f8	  f9:0x1f3247f8  f8:0x3e9dc4e2 f20=0xbe9dc4e2
     264795.000 ns	     26478	80005b98	03a58d33	mul	x26,x11,x26	 x11:0x00000001 x26:0x0ccdbf9a x26=0x0ccdbf9a
     264835.000 ns	     26482	80005b9c	580697d3	fsqrt.s	f15,f13	 f13:0x7fc00000 f15=0x7fc00000
     264855.000 ns	     26484	80005ba0	40fed013	srai	x0,x29,0xf	 x29:0x80041024
     264865.000 ns	     26485	80005ba4	7b8ad197	auipc	x3,0x7b8ad	  x3=0xfb8b2ba4
     264905.000 ns	     26489	80005ba8	0033f6d3	fadd.s	f13,f7,f3	  f7:0xc4184000  f3:0xc4ed4000 f13=0xc51cb000
     265275.000 ns	     26526	80005bac	02f86833	rem	x16,x16,x15	 x16:0x00000000 x15:0x00000002 x16=0x00000000
     265325.000 ns	     26531	80005bb0	018aa753	fadd.s	f14,f21,f24	 f21:0x422e439d f24:0xb2000000 f14=0x422e439c
     265355.000 ns	     26534	80005bb4	034236b3	mulhu	x13,x4,x20	  x4:0x00000001 x20:0x00000000 x13=0x00000000
     265725.000 ns	     26571	80005bb8	0390fb33	remu	x22,x1,x25	  x1:0x00000000 x25:0xfffff896 x22=0x00000000
     265755.000 ns	     26574	80005bbc	d0047c53	fcvt.s.w	f24,x8	  x8:0xfffff812 f24=0xc4fdc000
     265785.000 ns	     26577	80005bc0	f0050853	fmv.w.x	f16,x10	 x10:0xb2000000 f16=0xb2000000
     265815.000 ns	     26580	80005bc4	c0012a53	fcvt.w.s	x20,f2	  f2:0x44ed4000 x20=0x0000076a
     265835.000 ns	     26582	80005bc8	ed317d17	auipc	x26,0xed317	 x26=0x6d31cbc8
     265855.000 ns	     26584	80005bcc	02534c33	div	x24,x6,x5	  x6:0x00000000  x5:0x00000000 x24=0xffffffff
     265885.000 ns	     26587	80005bd0	20a28bd3	fsgnj.s	f23,f5,f10	  f5:0xbe9dc4e2 f10:0x4edbd460 f23=0x3e9dc4e2
     265905.000 ns	     26589	80005bd4	af252a93	slti	x21,x10,-1294	 x10:0xb2000000 x21=0x00000001
     265925.000 ns	     26591	80005bd8	28040f53	fmin.s	f30,f8,f0	  f8:0x3e9dc4e2  f0:0x44ed4000 f30=0x3e9dc4e2
     265955.000 ns	     26594	80005bdc	a12e16d3	flt.s	x13,f28,f18	 f28:0x00000000 f18:0xc4ed4000 x13=0x00000000
     265975.000 ns	     26596	80005be0	00000013	addi	x0,x0,0	  x0:0x00000000
     265995.000 ns	     26598	80005be4	a1788553	fle.s	x10,f17,f23	 f17:0xff800000 f23:0x3e9dc4e2 x10=0x00000001
     266025.000 ns	     26601	80005be8	a11aa0d3	feq.s	x1,f21,f17	 f21:0x422e439d f17:0xff800000  x1=0x00000000
     266055.000 ns	     26604	80005bec	a14727d3	feq.s	x15,f14,f20	 f14:0x422e439c f20:0xbe9dc4e2 x15=0x00000000
     266085.000 ns	     26607	80005bf0	03eddcb3	divu	x25,x27,x30	 x27:0xffffffff x30:0x00000000 x25=0xffffffff
     266105.000 ns	     26609	80005bf4	00a04b33	xor	x22,x0,x10	  x0:0x00000000 x10:0x00000001 x22=0x00000001
     266125.000 ns	     26611	80005bf8	024028b3	mulhsu	x17,x0,x4	  x0:0x00000000  x4:0x00000001 x17=0x00000000
     266145.000 ns	     26613	80005bfc	41b607b3	sub	x15,x12,x27	 x12:0x80040fe4 x27:0xffffffff x15=0x80040fe5
     266155.000 ns	     26614	80005c00	4077dc33	sra	x24,x15,x7	 x15:0x00000000  x7:0x00000002 x24=0xe00103f9
     266175.000 ns	     26616	80005c04	c0107d53	fcvt.wu.s	x26,f0	  f0:0x44ed4000 x26=0x0000076a
     266545.000 ns	     26653	80005c08	034a57b3	divu	x15,x20,x20	 x20:0x0000076a x20:0x0000076a x15=0x00000001
     266575.000 ns	     26656	80005c0c	d0152bd3	fcvt.s.wu	f23,x10	 x10:0x00000001 f23=0x3f800000
     266945.000 ns	     26693	80005c10	03fd5b33	divu	x22,x26,x31	 x26:0x0000076a x31:0x26fec328 x22=0x00000000
     266965.000 ns	     26695	80005c14	01ab8cb3	add	x25,x23,x26	 x23:0xffffffff x26:0x0000076a x25=0x00000769
     266985.000 ns	     26697	80005c18	28e405d3	fmin.s	f11,f8,f14	  f8:0x3e9dc4e2 f14:0x422e439c f11=0x3e9dc4e2
     267005.000 ns	     26699	80005c1c	34bbb993	sltiu	x19,x23,843	 x23:0xffffffff x19=0x00000000
     267025.000 ns	     26701	80005c20	f00003d3	fmv.w.x	f7,x0	  x0:0x00000000  f7=0x00000000
     267055.000 ns	     26704	80005c24	21df9953	fsgnjn.s	f18,f31,f29	 f31:0x7fc00000 f29:0x7fc00000 f18=0xffc00000
     267085.000 ns	     26707	80005c28	c018fd53	fcvt.wu.s	x26,f17	 f17:0xff800000 x26=0x00000000
     267135.000 ns	     26712	80005c2c	004f79d3	fadd.s	f19,f30,f4	 f30:0x3e9dc4e2  f4:0x7fc00000 f19=0x7fc00000
     267155.000 ns	     26714	80005c30	00eee733	or	x14,x29,x14	 x29:0x80041024 x14:0x00000000 x14=0x80041024
     267165.000 ns	     26715	80005c34	c5b2a293	slti	x5,x5,-933	  x5:0x00000000  x5=0x00000000
     267175.000 ns	     26716	80005c38	40c15293	srai	x5,x2,0xc	  x2:0xed14be56  x5=0xfffed14b
     267185.000 ns	     26717	80005c3c	001fd933	srl	x18,x31,x1	 x31:0x26fec328  x1:0x00000000 x18=0x26fec328
     267195.000 ns	     26718	80005c40	0193f2b3	and	x5,x7,x25	  x7:0x00000002 x25:0x00000769  x5=0x00000000
     267215.000 ns	     26720	80005c44	202026d3	fsgnjx.s	f13,f0,f2	  f0:0x44ed4000  f2:0x44ed4000 f13=0x44ed4000
     267255.000 ns	     26724	80005c48	580293d3	fsqrt.s	f7,f5	  f5:0xbe9dc4e2  f7=0x7fc00000
     267285.000 ns	     26727	80005c4c	026f2f33	mulhsu	x30,x30,x6	 x30:0x00000000  x6:0x00000000 x30=0x00000000
     267625.000 ns	     26761	80005c50	19584e53	fdiv.s	f28,f16,f21	 f16:0xb2000000 f21:0x422e439d f28=0xaf3d6f1a
     267645.000 ns	     26763	80005c54	014c0b33	add	x22,x24,x20	 x24:0xe00103f9 x20:0x0000076a x22=0xe0010b63
     267665.000 ns	     26765	80005c58	c012c7d3	fcvt.wu.s	x15,f5	  f5:0xbe9dc4e2 x15=0x00000000
     267695.000 ns	     26768	80005c5c	29eb9353	fmax.s	f6,f23,f30	 f23:0x3f800000 f30:0x3e9dc4e2  f6=0x3f800000
     267715.000 ns	     26770	80005c60	cbde6993	ori	x19,x28,-835	 x28:0x0ccdc000 x19=0xfffffcbd
     267725.000 ns	     26771	80005c64	00f5df33	srl	x30,x11,x15	 x11:0x00000001 x15:0x00000000 x30=0x00000001
     267745.000 ns	     26773	80005c68	20812053	fsgnjx.s	f0,f2,f8	  f2:0x44ed4000  f8:0x3e9dc4e2  f0=0x44ed4000
     267765.000 ns	     26775	80005c6c	00000013	addi	x0,x0,0	  x0:0x00000000
     267775.000 ns	     26776	80005c70	ffd04313	xori	x6,x0,-3	  x0:0x00000000  x6=0xfffffffd
     267795.000 ns	     26778	80005c74	c0131a53	fcvt.wu.s	x20,f6	  f6:0x3f800000 x20=0x00000001
     267835.000 ns	     26782	80005c78	5809add3	fsqrt.s	f27,f19	 f19:0x7fc00000 f27=0x7fc00000
     267865.000 ns	     26785	80005c7c	02e20033	mul	x0,x4,x14	  x4:0x00000001 x14:0x80041024
     267895.000 ns	     26788	80005c80	288c8bd3	fmin.s	f23,f25,f8	 f25:0x00000000  f8:0x3e9dc4e2 f23=0x00000000
     267915.000 ns	     26790	80005c84	00879d13	slli	x26,x15,0x8	 x15:0x00000000 x26=0x00000000
     267925.000 ns	     26791	80005c88	01292733	slt	x14,x18,x18	 x18:0x26fec328 x18:0x26fec328 x14=0x00000000
     267945.000 ns	     26793	80005c8c	d002fe53	fcvt.s.w	f28,x5	  x5:0x00000000 f28=0x00000000
     267975.000 ns	     26796	80005c90	a0089253	flt.s	x4,f17,f0	 f17:0xff800000  f0:0x44ed4000  x4=0x00000001
     268025.000 ns	     26801	80005c94	0932ca53	fsub.s	f20,f5,f19	  f5:0xbe9dc4e2 f19:0x7fc00000 f20=0x7fc00000
     268065.000 ns	     26805	80005c98	11263653	fmul.s	f12,f12,f18	 f12:0x4d4cdc00 f18:0xffc00000 f12=0x7fc00000
     268095.000 ns	     26808	80005c9c	d00df7d3	fcvt.s.w	f15,x27	 x27:0xffffffff f15=0xbf800000
     268125.000 ns	     26811	80005ca0	c00e45d3	fcvt.w.s	x11,f28	 f28:0x00000000 x11=0x00000000
     268145.000 ns	     26813	80005ca4	d1793997	auipc	x19,0xd1793	 x19=0x51798ca4
     268155.000 ns	     26814	80005ca8	0152ebb3	or	x23,x5,x21	  x5:0x00000000 x21:0x00000001 x23=0x00000001
     268165.000 ns	     26815	80005cac	0163c733	xor	x14,x7,x22	  x7:0x00000002 x22:0xe0010b63 x14=0xe0010b61
     268175.000 ns	     26816	80005cb0	e81b0413	addi	x8,x22,-383	 x22:0xe0010b63  x8=0xe00109e4
     268215.000 ns	     26820	80005cb4	09b8fdd3	fsub.s	f27,f17,f27	 f17:0xff800000 f27:0x7fc00000 f27=0x7fc00000
     268235.000 ns	     26822	80005cb8	01625813	srli	x16,x4,0x16	  x4:0x00000001 x16=0x00000000
     268255.000 ns	     26824	80005cbc	a00d93d3	flt.s	x7,f27,f0	 f27:0x7fc00000  f0:0x44ed4000  x7=0x00000000
     268295.000 ns	     26828	80005cc0	18754353	fdiv.s	f6,f10,f7	 f10:0x4edbd460  f7:0x7fc00000  f6=0x7fc00000
     268325.000 ns	     26831	80005cc4	d00492d3	fcvt.s.w	f5,x9	  x9:0x00000000  f5=0x00000000
     268345.000 ns	     26833	80005cc8	013078b3	and	x17,x0,x19	  x0:0x00000000 x19:0x51798ca4 x17=0x00000000
     268365.000 ns	     26835	80005ccc	02e52b33	mulhsu	x22,x10,x14	 x10:0x00000001 x14:0xe0010b61 x22=0x00000000
     268395.000 ns	     26838	80005cd0	2060aa53	fsgnjx.s	f20,f1,f6	  f1:0x422e439d  f6:0x7fc00000 f20=0x422e439d
     268415.000 ns	     26840	80005cd4	00000013	addi	x0,x0,0	  x0:0x00000000
     268425.000 ns	     26841	80005cd8	3309fd93	andi	x27,x19,816	 x19:0x51798ca4 x27=0x00000020
     268445.000 ns	     26843	80005cdc	c00bf753	fcvt.w.s	x14,f23	 f23:0x00000000 x14=0x00000000
     268465.000 ns	     26845	80005ce0	0030a8b3	slt	x17,x1,x3	  x1:0x00000000  x3:0xfb8b2ba4 x17=0x00000000
     268825.000 ns	     26881	80005ce4	02a5e033	rem	x0,x11,x10	 x11:0x00000000 x10:0x00000001
     268845.000 ns	     26883	80005ce8	703d2b93	slti	x23,x26,1795	 x26:0x00000000 x23=0x00000001
     268855.000 ns	     26884	80005cec	6fb98913	addi	x18,x19,1787	 x19:0x51798ca4 x18=0x5179939f
     268865.000 ns	     26885	80005cf0	902eec13	ori	x24,x29,-1790	 x29:0x80041024 x24=0xfffff926
     269225.000 ns	     26921	80005cf4	02255c33	divu	x24,x10,x2	 x10:0x00000001  x2:0xed14be56 x24=0x00000000
     269255.000 ns	     26924	80005cf8	a1259553	flt.s	x10,f11,f18	 f11:0x3e9dc4e2 f18:0xffc00000 x10=0x00000000
     269305.000 ns	     26929	80005cfc	0185f153	fadd.s	f2,f11,f24	 f11:0x3e9dc4e2 f24:0xc4fdc000  f2=0xc4fdb623
     269335.000 ns	     26932	80005d00	295d89d3	fmin.s	f19,f27,f21	 f27:0x7fc00000 f21:0x422e439d f19=0x422e439d
     269355.000 ns	     26934	80005d04	01d12fb3	slt	x31,x2,x29	  x2:0xed14be56 x29:0x80041024 x31=0x00000000
     269715.000 ns	     26970	80005d08	0228cc33	div	x24,x17,x2	 x17:0x00000000  x2:0xed14be56 x24=0x00000000
     269745.000 ns	     26973	80005d0c	d008ae53	fcvt.s.w	f28,x17	 x17:0x00000000 f28=0x00000000
     269765.000 ns	     26975	80005d10	40115013	srai	x0,x2,0x1	  x2:0xed14be56
     269775.000 ns	     26976	80005d14	0109d433	srl	x8,x19,x16	 x19:0x51798ca4 x16:0x00000000  x8=0x51798ca4
     269795.000 ns	     26978	80005d18	208ca0d3	fsgnjx.s	f1,f25,f8	 f25:0x00000000  f8:0x3e9dc4e2  f1=0x00000000
     269815.000 ns	     26980	80005d1c	00285293	srli	x5,x16,0x2	 x16:0x00000000  x5=0x00000000
     269855.000 ns	     26984	80005d20	0056f553	fadd.s	f10,f13,f5	 f13:0x44ed4000  f5:0x00000000 f10=0x44ed4000
     269905.000 ns	     26989	80005d24	092bc153	fsub.s	f2,f23,f18	 f23:0x00000000 f18:0xffc00000  f2=0x7fc00000
     269925.000 ns	     26991	80005d28	01405d93	srli	x27,x0,0x14	  x0:0x00000000 x27=0x00000000
     269935.000 ns	     26992	80005d2c	4131d493	srai	x9,x3,0x13	  x3:0xfb8b2ba4  x9=0xffffff71
     269955.000 ns	     26994	80005d30	282d1853	fmax.s	f16,f26,f2	 f26:0x4edbd460  f2:0x7fc00000 f16=0x4edbd460
     269985.000 ns	     26997	80005d34	e00f83d3	fmv.x.w	x7,f31	 f31:0x7fc00000  x7=0x7fc00000
     270355.000 ns	     27034	80005d38	03384bb3	div	x23,x16,x19	 x16:0x00000000 x19:0x51798ca4 x23=0x00000000
     270385.000 ns	     27037	80005d3c	022ab433	mulhu	x8,x21,x2	 x21:0x00000001  x2:0xed14be56  x8=0x00000000
     270415.000 ns	     27040	80005d40	039d2733	mulhsu	x14,x26,x25	 x26:0x00000000 x25:0x00000769 x14=0x00000000
     270435.000 ns	     27042	80005d44	0d3e6d17	auipc	x26,0xd3e6	 x26=0x8d3ebd44
     270445.000 ns	     27043	80005d48	60347c93	andi	x25,x8,1539	  x8:0x00000000 x25=0x00000000
     270465.000 ns	     27045	80005d4c	e00683d3	fmv.x.w	x7,f13	 f13:0x44ed4000  x7=0x44ed4000
     270495.000 ns	     27048	80005d50	28f010d3	fmax.s	f1,f0,f15	  f0:0x44ed4000 f15:0xbf800000  f1=0x44ed4000
     270515.000 ns	     27050	80005d54	002592b3	sll	x5,x11,x2	 x11:0x00000000  x2:0xed14be56  x5=0x00000000
     270525.000 ns	     27051	80005d58	9a166393	ori	x7,x12,-1631	 x12:0x80040fe4  x7=0xffffffe5
     270535.000 ns	     27052	80005d5c	007cefb3	or	x31,x25,x7	 x25:0x00000000  x7:0x44ed4000 x31=0xffffffe5
     270555.000 ns	     27054	80005d60	e00d0dd3	fmv.x.w	x27,f26	 f26:0x4edbd460 x27=0x4edbd460
     270585.000 ns	     27057	80005d64	d00c9d53	fcvt.s.w	f26,x25	 x25:0x00000000 f26=0x00000000
     270605.000 ns	     27059	80005d68	41395533	sra	x10,x18,x19	 x18:0x5179939f x19:0x51798ca4 x10=0x05179939
     270625.000 ns	     27061	80005d6c	d01c96d3	fcvt.s.wu	f13,x25	 x25:0x00000000 f13=0x00000000
     270675.000 ns	     27066	80005d70	00233453	fadd.s	f8,f6,f2	  f6:0x7fc00000  f2:0x7fc00000  f8=0x7fc00000
     270725.000 ns	     27071	80005d74	0817fcd3	fsub.s	f25,f15,f1	 f15:0xbf800000  f1:0x44ed4000 f25=0xc4ed6000
     270755.000 ns	     27074	80005d78	21b19c53	fsgnjn.s	f24,f3,f27	  f3:0xc4ed4000 f27:0x7fc00000 f24=0xc4ed4000
     270785.000 ns	     27077	80005d7c	02ddfdb3	remu	x27,x27,x13	 x27:0x4edbd460 x13:0x00000000 x27=0x4edbd460
     270805.000 ns	     27079	80005d80	00ee2933	slt	x18,x28,x14	 x28:0x0ccdc000 x14:0x00000000 x18=0x00000000
     270825.000 ns	     27081	80005d84	03493e33	mulhu	x28,x18,x20	 x18:0x5179939f x20:0x00000001 x28=0x00000000
     271195.000 ns	     27118	80005d88	03a252b3	divu	x5,x4,x26	  x4:0x00000001 x26:0x8d3ebd44  x5=0x00000000
     271225.000 ns	     27121	80005d8c	284513d3	fmax.s	f7,f10,f4	 f10:0x44ed4000  f4:0x7fc00000  f7=0x44ed4000
     271245.000 ns	     27123	80005d90	01b743b3	xor	x7,x14,x27	 x14:0x00000000 x27:0x4edbd460  x7=0x4edbd460
     271255.000 ns	     27124	80005d94	016092b3	sll	x5,x1,x22	  x1:0x00000000 x22:0x00000000  x5=0x00000000
     271275.000 ns	     27126	80005d98	e00604d3	fmv.x.w	x9,f12	 f12:0x7fc00000  x9=0x7fc00000
     271305.000 ns	     27129	80005d9c	f0070bd3	fmv.w.x	f23,x14	 x14:0x00000000 f23=0x00000000
     271325.000 ns	     27131	80005da0	013e1213	slli	x4,x28,0x13	 x28:0x00000000  x4=0x00000000
     271335.000 ns	     27132	80005da4	4411bc13	sltiu	x24,x3,1089	  x3:0xfb8b2ba4 x24=0x00000000
     271355.000 ns	     27134	80005da8	02b47f33	remu	x30,x8,x11	  x8:0x00000000 x11:0x00000000 x30=0x00000000
     271375.000 ns	     27136	80005dac	00000013	addi	x0,x0,0	  x0:0x00000000
     271395.000 ns	     27138	80005db0	02ff2cb3	mulhsu	x25,x30,x15	 x30:0x00000000 x15:0x00000000 x25=0x00000000
     271415.000 ns	     27140	80005db4	ddd34313	xori	x6,x6,-547	  x6:0xfffffffd  x6=0x00000220
     271435.000 ns	     27142	80005db8	c008fbd3	fcvt.w.s	x23,f17	 f17:0xff800000 x23=0x80000000
     271805.000 ns	     27179	80005dbc	037275b3	remu	x11,x4,x23	  x4:0x00000000 x23:0x00000000 x11=0x00000000
     271835.000 ns	     27182	80005dc0	a19aab53	feq.s	x22,f21,f25	 f21:0x422e439d f25:0xc4ed6000 x22=0x00000000
     271865.000 ns	     27185	80005dc4	02739d33	mulh	x26,x7,x7	  x7:0x4edbd460  x7:0x4edbd460 x26=0x184ab22f
     272205.000 ns	     27219	80005dc8	183cf153	fdiv.s	f2,f25,f3	 f25:0xc4ed6000  f3:0xc4ed4000  f2=0x3fdb6cbc
     272225.000 ns	     27221	80005dcc	f1c9b693	sltiu	x13,x19,-228	 x19:0x51798ca4 x13=0x00000001
     272245.000 ns	     27223	80005dd0	f0040d53	fmv.w.x	f26,x8	  x8:0x00000000 f26=0x00000000
     272265.000 ns	     27225	80005dd4	004adf33	srl	x30,x21,x4	 x21:0x00000001  x4:0x00000000 x30=0x00000001
     272275.000 ns	     27226	80005dd8	06cd8d93	addi	x27,x27,108	 x27:0x4edbd460 x27=0x4edbd4cc
     272285.000 ns	     27227	80005ddc	016bb733	sltu	x14,x23,x22	 x23:0x80000000 x22:0x00000000 x14=0x00000000
     272295.000 ns	     27228	80005de0	b9105f37	lui	x30,0xb9105	 x30=0xb9105000
     272305.000 ns	     27229	80005de4	01c59b33	sll	x22,x11,x28	 x11:0x00000000 x28:0x00000000 x22=0x00000000
     272325.000 ns	     27231	80005de8	038d80b3	mul	x1,x27,x24	 x27:0x4edbd4cc x24:0x00000000  x1=0x00000000
     272345.000 ns	     27233	80005dec	00000013	addi	x0,x0,0	  x0:0x00000000
     272365.000 ns	     27235	80005df0	02b68233	mul	x4,x13,x11	 x13:0x00000001 x11:0x00000000  x4=0x00000000
     272395.000 ns	     27238	80005df4	28e60ad3	fmin.s	f21,f12,f14	 f12:0x7fc00000 f14:0x422e439c f21=0x422e439c
     272425.000 ns	     27241	80005df8	20b52253	fsgnjx.s	f4,f10,f11	 f10:0x44ed4000 f11:0x3e9dc4e2  f4=0x44ed4000
     272455.000 ns	     27244	80005dfc	e0078f53	fmv.x.w	x30,f15	 f15:0xbf800000 x30=0xbf800000
     272495.000 ns	     27248	80005e00	11d24b53	fmul.s	f22,f4,f29	  f4:0x44ed4000 f29:0x7fc00000 f22=0x7fc00000
     272525.000 ns	     27251	80005e04	29a40dd3	fmin.s	f27,f8,f26	  f8:0x7fc00000 f26:0x00000000 f27=0x00000000
     272555.000 ns	     27254	80005e08	f00f83d3	fmv.w.x	f7,x31	 x31:0xffffffe5  f7=0xffffffe5
     272585.000 ns	     27257	80005e0c	204a1a53	fsgnjn.s	f20,f20,f4	 f20:0x422e439d  f4:0x44ed4000 f20=0xc22e439d
     272605.000 ns	     27259	80005e10	5f5b6c93	ori	x25,x22,1525	 x22:0x00000000 x25=0x000005f5
     272615.000 ns	     27260	80005e14	003cdc33	srl	x24,x25,x3	 x25:0x00000000  x3:0xfb8b2ba4 x24=0x0000005f
     272645.000 ns	     27263	80005e18	11cc0ed3	fmul.s	f29,f24,f28	 f24:0xc4ed4000 f28:0x00000000 f29=0x80000000
     272675.000 ns	     27266	80005e1c	c0029cd3	fcvt.w.s	x25,f5	  f5:0x00000000 x25=0x00000000
     272705.000 ns	     27269	80005e20	21ef9ed3	fsgnjn.s	f29,f31,f30	 f31:0x7fc00000 f30:0x3e9dc4e2 f29=0xffc00000
     273075.000 ns	     27306	80005e24	02dd7733	remu	x14,x26,x13	 x26:0x184ab22f x13:0x00000001 x14=0x00000000
     273105.000 ns	     27309	80005e28	a0a8a7d3	feq.s	x15,f17,f10	 f17:0xff800000 f10:0x44ed4000 x15=0x00000000
     273125.000 ns	     27311	80005e2c	40e702b3	sub	x5,x14,x14	 x14:0x00000000 x14:0x00000000  x5=0x00000000
     273145.000 ns	     27313	80005e30	a1b38dd3	fle.s	x27,f7,f27	  f7:0xffffffe5 f27:0x00000000 x27=0x00000000
     273165.000 ns	     27315	80005e34	070bc413	xori	x8,x23,112	 x23:0x80000000  x8=0x80000070
     273185.000 ns	     27317	80005e38	c0079553	fcvt.w.s	x10,f15	 f15:0xbf800000 x10=0xffffffff
     273225.000 ns	     27321	80005e3c	58097c53	fsqrt.s	f24,f18	 f18:0xffc00000 f24=0x7fc00000
     273245.000 ns	     27323	80005e40	00ccd893	srli	x17,x25,0xc	 x25:0x00000000 x17=0x00000000
     273275.000 ns	     27326	80005e44	18641553	fdiv.s	f10,f8,f6	  f8:0x7fc00000  f6:0x7fc00000 f10=0x7fc00000
     273325.000 ns	     27331	80005e48	08dc0ed3	fsub.s	f29,f24,f13	 f24:0x7fc00000 f13:0x00000000 f29=0x7fc00000
     273355.000 ns	     27334	80005e4c	a00f80d3	fle.s	x1,f31,f0	 f31:0x7fc00000  f0:0x44ed4000  x1=0x00000000
     273375.000 ns	     27336	80005e50	39c63913	sltiu	x18,x12,924	 x12:0x80040fe4 x18=0x00000000
     273395.000 ns	     27338	80005e54	211724d3	fsgnjx.s	f9,f14,f17	 f14:0x422e439c f17:0xff800000  f9=0xc22e439c
     273425.000 ns	     27341	80005e58	28488253	fmin.s	f4,f17,f4	 f17:0xff800000  f4:0x44ed4000  f4=0xff800000
     273445.000 ns	     27343	80005e5c	419a8333	sub	x6,x21,x25	 x21:0x00000001 x25:0x00000000  x6=0x00000001
     273465.000 ns	     27345	80005e60	c01b4b53	fcvt.wu.s	x22,f22	 f22:0x7fc00000 x22=0xffffffff
     273485.000 ns	     27347	80005e64	001a6c33	or	x24,x20,x1	 x20:0x00000001  x1:0x00000000 x24=0x00000001
     273505.000 ns	     27349	80005e68	e00f1453	fclass.s	x8,f30	 f30:0x3e9dc4e2  x8=0x00000040
     273535.000 ns	     27352	80005e6c	024d4333	div	x6,x26,x4	 x26:0x184ab22f  x4:0x00000000  x6=0xffffffff
     273555.000 ns	     27354	80005e70	e8bdc213	xori	x4,x27,-373	 x27:0x00000000  x4=0xfffffe8b
     273575.000 ns	     27356	80005e74	281f1553	fmax.s	f10,f30,f1	 f30:0x3e9dc4e2  f1:0x44ed4000 f10=0x44ed4000
     273605.000 ns	     27359	80005e78	20911253	fsgnjn.s	f4,f2,f9	  f2:0x3fdb6cbc  f9:0xc22e439c  f4=0x3fdb6cbc
     273625.000 ns	     27361	80005e7c	414c5733	sra	x14,x24,x20	 x24:0x00000001 x20:0x00000001 x14=0x00000000
     273985.000 ns	     27397	80005e80	0220edb3	rem	x27,x1,x2	  x1:0x00000000  x2:0xed14be56 x27=0x00000000
     274015.000 ns	     27400	80005e84	288884d3	fmin.s	f9,f17,f8	 f17:0xff800000  f8:0x7fc00000  f9=0xff800000
     274035.000 ns	     27402	80005e88	58723413	sltiu	x8,x4,1415	  x4:0xfffffe8b  x8=0x00000000
     274045.000 ns	     27403	80005e8c	00f2c333	xor	x6,x5,x15	  x5:0x00000000 x15:0x00000000  x6=0x00000000
     274065.000 ns	     27405	80005e90	d003afd3	fcvt.s.w	f31,x7	  x7:0x4edbd460 f31=0x4e9db7a9
     274085.000 ns	     27407	80005e94	4169d9b3	sra	x19,x19,x22	 x19:0x51798ca4 x22:0xffffffff x19=0x00000000
     274115.000 ns	     27410	80005e98	104f0653	fmul.s	f12,f30,f4	 f30:0x3e9dc4e2  f4:0x3fdb6cbc f12=0x3f073a70
     274145.000 ns	     27413	80005e9c	289c9953	fmax.s	f18,f25,f9	 f25:0xc4ed6000  f9:0xff800000 f18=0xc4ed6000
     274165.000 ns	     27415	80005ea0	01bfd993	srli	x19,x31,0x1b	 x31:0xffffffe5 x19=0x0000001f
     274185.000 ns	     27417	80005ea4	a1429953	flt.s	x18,f5,f20	  f5:0x00000000 f20:0xc22e439d x18=0x00000000
     274215.000 ns	     27420	80005ea8	027589b3	mul	x19,x11,x7	 x11:0x00000000  x7:0x4edbd460 x19=0x00000000
     275395.000 ns	     27538	80005eac	58059d53	fsqrt.s	f26,f11	 f11:0x3e9dc4e2 f26=0x3e8e1b3e
     275425.000 ns	     27541	80005eb0	e0010fd3	fmv.x.w	x31,f2	  f2:0x3fdb6cbc x31=0x3fdb6cbc
     275455.000 ns	     27544	80005eb4	a0de09d3	fle.s	x19,f28,f13	 f28:0x00000000 f13:0x00000000 x19=0x00000001
     275475.000 ns	     27546	80005eb8	01b6b5b3	sltu	x11,x13,x27	 x13:0x00000001 x27:0x00000000 x11=0x00000000
     275485.000 ns	     27547	80005ebc	b16efc13	andi	x24,x29,-1258	 x29:0x80041024 x24=0x80041004
     275505.000 ns	     27549	80005ec0	028afb33	remu	x22,x21,x8	 x21:0x00000001  x8:0x00000000 x22=0x00000001
     275525.000 ns	     27551	80005ec4	00cd4433	xor	x8,x26,x12	 x26:0x184ab22f x12:0x80040fe4  x8=0x984ebdcb
     275885.000 ns	     27587	80005ec8	03e7dcb3	divu	x25,x15,x30	 x15:0x00000000 x30:0xbf800000 x25=0x00000000
     275905.000 ns	     27589	80005ecc	de1361b7	lui	x3,0xde136	  x3=0xde136000
     275925.000 ns	     27591	80005ed0	a02d9753	flt.s	x14,f27,f2	 f27:0x00000000  f2:0x3fdb6cbc x14=0x00000001
     275955.000 ns	     27594	80005ed4	d00e0853	fcvt.s.w	f16,x28	 x28:0x00000000 f16=0x00000000
     275985.000 ns	     27597	80005ed8	213189d3	fsgnj.s	f19,f3,f19	  f3:0xc4ed4000 f19:0x422e439d f19=0x44ed4000
     276015.000 ns	     27600	80005edc	29a88cd3	fmin.s	f25,f17,f26	 f17:0xff800000 f26:0x3e8e1b3e f25=0xff800000
     276045.000 ns	     27603	80005ee0	a10808d3	fle.s	x17,f16,f16	 f16:0x00000000 f16:0x00000000 x17=0x00000001
     276065.000 ns	     27605	80005ee4	19ce8f13	addi	x30,x29,412	 x29:0x80041024 x30=0x800411c0
     276085.000 ns	     27607	80005ee8	0329acb3	mulhsu	x25,x19,x18	 x19:0x00000001 x18:0x00000000 x25=0x00000000
     276115.000 ns	     27610	80005eec	c005fe53	fcvt.w.s	x28,f11	 f11:0x3e9dc4e2 x28=0x00000000
     276145.000 ns	     27613	80005ef0	c0157e53	fcvt.wu.s	x28,f10	 f10:0x44ed4000 x28=0x0000076a
     276175.000 ns	     27616	80005ef4	03e41733	mulh	x14,x8,x30	  x8:0x984ebdcb x30:0x800411c0 x14=0x33d6fb24
     276195.000 ns	     27618	80005ef8	2b390813	addi	x16,x18,691	 x18:0x00000000 x16=0x000002b3
     276205.000 ns	     27619	80005efc	00000013	addi	x0,x0,0	  x0:0x00000000
     277375.000 ns	     27736	80005f00	580738d3	fsqrt.s	f17,f14	 f14:0x422e439c f17=0x40767202
     277395.000 ns	     27738	80005f04	01cb52b3	srl	x5,x22,x28	 x22:0x00000001 x28:0x0000076a  x5=0x00000000
     277415.000 ns	     27740	80005f08	025ffb33	remu	x22,x31,x5	 x31:0x3fdb6cbc  x5:0x00000000 x22=0x3fdb6cbc
     277435.000 ns	     27742	80005f0c	a38262b7	lui	x5,0xa3826	  x5=0xa3826000
     277445.000 ns	     27743	80005f10	015ed513	srli	x10,x29,0x15	 x29:0x80041024 x10=0x00000400
     277455.000 ns	     27744	80005f14	00ceb6b3	sltu	x13,x29,x12	 x29:0x80041024 x12:0x80040fe4 x13=0x00000000
     277465.000 ns	     27745	80005f18	4107d1b3	sra	x3,x15,x16	 x15:0x00000000 x16:0x000002b3  x3=0x00000000
     277495.000 ns	     27748	80005f1c	109d8fd3	fmul.s	f31,f27,f9	 f27:0x00000000  f9:0xff800000 f31=0x7fc00000
     277515.000 ns	     27750	80005f20	7b657a13	andi	x20,x10,1974	 x10:0x00000400 x20=0x00000400
     277545.000 ns	     27753	80005f24	11db79d3	fmul.s	f19,f22,f29	 f22:0x7fc00000 f29:0x7fc00000 f19=0x7fc00000
     277575.000 ns	     27756	80005f28	c00da9d3	fcvt.w.s	x19,f27	 f27:0x00000000 x19=0x00000000
     277625.000 ns	     27761	80005f2c	0819f0d3	fsub.s	f1,f19,f1	 f19:0x7fc00000  f1:0x44ed4000  f1=0x7fc00000
     277645.000 ns	     27763	80005f30	00976433	or	x8,x14,x9	 x14:0x33d6fb24  x9:0x7fc00000  x8=0x7fd6fb24
     277665.000 ns	     27765	80005f34	e00990d3	fclass.s	x1,f19	 f19:0x7fc00000  x1=0x00000200
     277695.000 ns	     27768	80005f38	03900cb3	mul	x25,x0,x25	  x0:0x00000000 x25:0x00000000 x25=0x00000000
     277725.000 ns	     27771	80005f3c	030d98b3	mulh	x17,x27,x16	 x27:0x00000000 x16:0x000002b3 x17=0x00000000
     277755.000 ns	     27774	80005f40	c0139553	fcvt.wu.s	x10,f7	  f7:0xffffffe5 x10=0xffffffff
     277785.000 ns	     27777	80005f44	20252d53	fsgnjx.s	f26,f10,f2	 f10:0x44ed4000  f2:0x3fdb6cbc f26=0x44ed4000
     277815.000 ns	     27780	80005f48	0399e333	rem	x6,x19,x25	 x19:0x00000000 x25:0x00000000  x6=0x00000000
     277845.000 ns	     27783	80005f4c	a1f909d3	fle.s	x19,f18,f31	 f18:0xc4ed6000 f31:0x7fc00000 x19=0x00000000
     277865.000 ns	     27785	80005f50	00d86fb3	or	x31,x16,x13	 x16:0x000002b3 x13:0x00000000 x31=0x000002b3
     277885.000 ns	     27787	80005f54	21472ad3	fsgnjx.s	f21,f14,f20	 f14:0x422e439c f20:0xc22e439d f21=0xc22e439c
     277905.000 ns	     27789	80005f58	c86d0c13	addi	x24,x26,-890	 x26:0x184ab22f x24=0x184aaeb5
     277925.000 ns	     27791	80005f5c	a0e3a353	feq.s	x6,f7,f14	  f7:0xffffffe5 f14:0x422e439c  x6=0x00000000
     277945.000 ns	     27793	80005f60	01eda933	slt	x18,x27,x30	 x27:0x00000000 x30:0x800411c0 x18=0x00000000
     278305.000 ns	     27829	80005f64	02477bb3	remu	x23,x14,x4	 x14:0x33d6fb24  x4:0xfffffe8b x23=0x33d6fb24
     278335.000 ns	     27832	80005f68	03510bb3	mul	x23,x2,x21	  x2:0xed14be56 x21:0x00000001 x23=0xed14be56
     278365.000 ns	     27835	80005f6c	c0093e53	fcvt.w.s	x28,f18	 f18:0xc4ed6000 x28=0xfffff895
     278395.000 ns	     27838	80005f70	c01178d3	fcvt.wu.s	x17,f2	  f2:0x3fdb6cbc x17=0x00000001
     278415.000 ns	     27840	80005f74	ef8efd93	andi	x27,x29,-264	 x29:0x80041024 x27=0x80041020
     278425.000 ns	     27841	80005f78	00d48033	add	x0,x9,x13	  x9:0x7fc00000 x13:0x00000000
     278435.000 ns	     27842	80005f7c	411383b3	sub	x7,x7,x17	  x7:0x4edbd460 x17:0x00000001  x7=0x4edbd45f
     278445.000 ns	     27843	80005f80	28417093	andi	x1,x2,644	  x2:0xed14be56  x1=0x00000204
     278465.000 ns	     27845	80005f84	e00e9853	fclass.s	x16,f29	 f29:0x7fc00000 x16=0x00000200
     278495.000 ns	     27848	80005f88	a00fa353	feq.s	x6,f31,f0	 f31:0x7fc00000  f0:0x44ed4000  x6=0x00000000
     278525.000 ns	     27851	80005f8c	e00182d3	fmv.x.w	x5,f3	  f3:0xc4ed4000  x5=0xc4ed4000
     279705.000 ns	     27969	80005f90	580892d3	fsqrt.s	f5,f17	 f17:0x40767202  f5=0x3fae4339
     279725.000 ns	     27971	80005f94	d6edd797	auipc	x15,0xd6edd	 x15=0x56ee2f94
     279745.000 ns	     27973	80005f98	a0eb9b53	flt.s	x22,f23,f14	 f23:0x00000000 f14:0x422e439c x22=0x00000001
     279775.000 ns	     27976	80005f9c	d00eb8d3	fcvt.s.w	f17,x29	 x29:0x80041024 f17=0xcefff7e0
     279805.000 ns	     27979	80005fa0	f00b8553	fmv.w.x	f10,x23	 x23:0xed14be56 f10=0xed14be56
     279825.000 ns	     27981	80005fa4	00000013	addi	x0,x0,0	  x0:0x00000000
     279845.000 ns	     27983	80005fa8	20a00bd3	fsgnj.s	f23,f0,f10	  f0:0x44ed4000 f10:0xed14be56 f23=0xc4ed4000
     279865.000 ns	     27985	80005fac	7460f9b7	lui	x19,0x7460f	 x19=0x7460f000
     279875.000 ns	     27986	80005fb0	40b188b3	sub	x17,x3,x11	  x3:0x00000000 x11:0x00000000 x17=0x00000000
     279885.000 ns	     27987	80005fb4	400bd2b3	sra	x5,x23,x0	 x23:0xed14be56  x0:0x00000000  x5=0xed14be56
     279905.000 ns	     27989	80005fb8	21668053	fsgnj.s	f0,f13,f22	 f13:0x00000000 f22:0x7fc00000  f0=0x00000000
     279925.000 ns	     27991	80005fbc	0175eab3	or	x21,x11,x23	 x11:0x00000000 x23:0xed14be56 x21=0xed14be56
     279955.000 ns	     27994	80005fc0	580ecb53	fsqrt.s	f22,f29	 f29:0x7fc00000 f22=0x7fc00000
     279975.000 ns	     27996	80005fc4	ef212e13	slti	x28,x2,-270	  x2:0xed14be56 x28=0x00000001
     279985.000 ns	     27997	80005fc8	4019d193	srai	x3,x19,0x1	 x19:0x7460f000  x3=0x3a307800
     280005.000 ns	     27999	80005fcc	e0069c53	fclass.s	x24,f13	 f13:0x00000000 x24=0x00000010
     280035.000 ns	     28002	80005fd0	0393be33	mulhu	x28,x7,x25	  x7:0x4edbd45f x25:0x00000000 x28=0x00000000
     280055.000 ns	     28004	80005fd4	0116d013	srli	x0,x13,0x11	 x13:0x00000000
     280075.000 ns	     28006	80005fd8	a1131953	flt.s	x18,f6,f17	  f6:0x7fc00000 f17:0xcefff7e0 x18=0x00000000
     280095.000 ns	     28008	80005fdc	01c71193	slli	x3,x14,0x1c	 x14:0x33d6fb24  x3=0x40000000
     280105.000 ns	     28009	80005fe0	84a80813	addi	x16,x16,-1974	 x16:0x00000200 x16=0xfffffa4a
     280115.000 ns	     28010	80005fe4	00af7fb3	and	x31,x30,x10	 x30:0x800411c0 x10:0xffffffff x31=0x800411c0
     280135.000 ns	     28012	80005fe8	a17e2cd3	feq.s	x25,f28,f23	 f28:0x00000000 f23:0xc4ed4000 x25=0x00000000
     280165.000 ns	     28015	80005fec	d0031553	fcvt.s.w	f10,x6	  x6:0x00000000 f10=0x00000000
     280185.000 ns	     28017	80005ff0	00efcdb3	xor	x27,x31,x14	 x31:0x800411c0 x14:0x33d6fb24 x27=0xb3d2eae4
     280205.000 ns	     28019	80005ff4	03a69233	mulh	x4,x13,x26	 x13:0x00000000 x26:0x184ab22f  x4=0x00000000
     280235.000 ns	     28022	80005ff8	c01973d3	fcvt.wu.s	x7,f18	 f18:0xc4ed6000  x7=0x0000076b
     280255.000 ns	     28024	80005ffc	00000013	addi	x0,x0,0	  x0:0x00000000
     280265.000 ns	     28025	80006000	e5dba293	slti	x5,x23,-419	 x23:0xed14be56  x5=0x00000001
     280275.000 ns	     28026	80006004	4e2c0b13	addi	x22,x24,1250	 x24:0x00000010 x22=0x000004f2
     280295.000 ns	     28028	80006008	d00cfe53	fcvt.s.w	f28,x25	 x25:0x00000000 f28=0x00000000
     280315.000 ns	     28030	8000600c	0088e4b3	or	x9,x17,x8	 x17:0x00000000  x8:0x7fd6fb24  x9=0x7fd6fb24
     280335.000 ns	     28032	80006010	d017ced3	fcvt.s.wu	f29,x15	 x15:0x56ee2f94 f29=0x4eaddc5f
     280705.000 ns	     28069	80006014	033dd933	divu	x18,x27,x19	 x27:0xb3d2eae4 x19:0x7460f000 x18=0x00000001
     280725.000 ns	     28071	80006018	01282fb3	slt	x31,x16,x18	 x16:0xfffffa4a x18:0x00000000 x31=0x00000001
     280745.000 ns	     28073	8000601c	28b119d3	fmax.s	f19,f2,f11	  f2:0x3fdb6cbc f11:0x3e9dc4e2 f19=0x3fdb6cbc
     280765.000 ns	     28075	80006020	1177e313	ori	x6,x15,279	 x15:0x56ee2f94  x6=0x56ee2f97
     280785.000 ns	     28077	80006024	a02f1753	flt.s	x14,f30,f2	 f30:0x3e9dc4e2  f2:0x3fdb6cbc x14=0x00000001
     280805.000 ns	     28079	80006028	b5a38cb7	lui	x25,0xb5a38	 x25=0xb5a38000
     280815.000 ns	     28080	8000602c	01b8e1b3	or	x3,x17,x27	 x17:0x00000000 x27:0xb3d2eae4  x3=0xb3d2eae4
     280835.000 ns	     28082	80006030	a17f94d3	flt.s	x9,f31,f23	 f31:0x7fc00000 f23:0xc4ed4000  x9=0x00000000
     280855.000 ns	     28084	80006034	00875e13	srli	x28,x14,0x8	 x14:0x00000001 x28=0x00000000
     280865.000 ns	     28085	80006038	219abb93	sltiu	x23,x21,537	 x21:0xed14be56 x23=0x00000000
     280885.000 ns	     28087	8000603c	02a918b3	mulh	x17,x18,x10	 x18:0x00000001 x10:0xffffffff x17=0xffffffff
     280905.000 ns	     28089	80006040	00dc0f33	add	x30,x24,x13	 x24:0x00000010 x13:0x00000000 x30=0x00000010
     280925.000 ns	     28091	80006044	a1a927d3	feq.s	x15,f18,f26	 f18:0xc4ed6000 f26:0x44ed4000 x15=0x00000000
     280945.000 ns	     28093	80006048	00000013	addi	x0,x0,0	  x0:0x00000000
     280965.000 ns	     28095	8000604c	0372b233	mulhu	x4,x5,x23	  x5:0x00000001 x23:0x00000000  x4=0x00000000
     280985.000 ns	     28097	80006050	c0439b17	auipc	x22,0xc0439	 x22=0x4043f050
     281015.000 ns	     28100	80006054	58087f53	fsqrt.s	f30,f16	 f16:0x00000000 f30=0x00000000
     281035.000 ns	     28102	80006058	63307713	andi	x14,x0,1587	  x0:0x00000000 x14=0x00000000
     281045.000 ns	     28103	8000605c	01f778b3	and	x17,x14,x31	 x14:0x00000001 x31:0x00000001 x17=0x00000000
     281085.000 ns	     28107	80006060	0883fa53	fsub.s	f20,f7,f8	  f7:0xffffffe5  f8:0x7fc00000 f20=0x7fc00000
     281455.000 ns	     28144	80006064	03254bb3	div	x23,x10,x18	 x10:0xffffffff x18:0x00000001 x23=0xffffffff
     281825.000 ns	     28181	80006068	0283f533	remu	x10,x7,x8	  x7:0x0000076b  x8:0x7fd6fb24 x10=0x0000076b
     282195.000 ns	     28218	8000606c	02634ab3	div	x21,x6,x6	  x6:0x56ee2f97  x6:0x56ee2f97 x21=0x00000001
     282215.000 ns	     28220	80006070	e394aa93	slti	x21,x9,-455	  x9:0x00000000 x21=0x00000000
     282225.000 ns	     28221	80006074	01023db3	sltu	x27,x4,x16	  x4:0x00000000 x16:0xfffffa4a x27=0x00000001
     282235.000 ns	     28222	80006078	8b70ee13	ori	x28,x1,-1865	  x1:0x00000204 x28=0xfffffab7
     282245.000 ns	     28223	8000607c	01f7bf33	sltu	x30,x15,x31	 x15:0x00000000 x31:0x00000001 x30=0x00000001
     282255.000 ns	     28224	80006080	f7cb9db7	lui	x27,0xf7cb9	 x27=0xf7cb9000
     282615.000 ns	     28260	80006084	02c56e33	rem	x28,x10,x12	 x10:0x0000076b x12:0x80040fe4 x28=0x0000076b
     282635.000 ns	     28262	80006088	2389ef13	ori	x30,x19,568	 x19:0x7460f000 x30=0x7460f238
     282655.000 ns	     28264	8000608c	a1859353	flt.s	x6,f11,f24	 f11:0x3e9dc4e2 f24:0x7fc00000  x6=0x00000000
     283025.000 ns	     28301	80006090	025c4f33	div	x30,x24,x5	 x24:0x00000010  x5:0x00000001 x30=0x00000010
     283045.000 ns	     28303	80006094	00000013	addi	x0,x0,0	  x0:0x00000000
     283065.000 ns	     28305	80006098	e00a12d3	fclass.s	x5,f20	 f20:0x7fc00000  x5=0x00000200
     283095.000 ns	     28308	8000609c	28788a53	fmin.s	f20,f17,f7	 f17:0xcefff7e0  f7:0xffffffe5 f20=0xcefff7e0
     283115.000 ns	     28310	800060a0	b2316b17	auipc	x22,0xb2316	 x22=0x3231c0a0
     283135.000 ns	     28312	800060a4	d0137c53	fcvt.s.wu	f24,x6	  x6:0x00000000 f24=0x00000000
     283155.000 ns	     28314	800060a8	01e0bb33	sltu	x22,x1,x30	  x1:0x00000204 x30:0x00000010 x22=0x00000000
     283165.000 ns	     28315	800060ac	01a86fb3	or	x31,x16,x26	 x16:0xfffffa4a x26:0x184ab22f x31=0xfffffa6f
     283175.000 ns	     28316	800060b0	018a6433	or	x8,x20,x24	 x20:0x00000400 x24:0x00000010  x8=0x00000410
     283185.000 ns	     28317	800060b4	009bc733	xor	x14,x23,x9	 x23:0xffffffff  x9:0x00000000 x14=0xffffffff
     283205.000 ns	     28319	800060b8	02ce9f33	mulh	x30,x29,x12	 x29:0x80041024 x12:0x80040fe4 x30=0x3ffbf00c
     283225.000 ns	     28321	800060bc	00c67333	and	x6,x12,x12	 x12:0x80040fe4 x12:0x80040fe4  x6=0x80040fe4
     283235.000 ns	     28322	800060c0	0096da93	srli	x21,x13,0x9	 x13:0x00000000 x21=0x00000000
     283595.000 ns	     28358	800060c4	03ee72b3	remu	x5,x28,x30	 x28:0x0000076b x30:0x3ffbf00c  x5=0x0000076b
     283645.000 ns	     28363	800060c8	00c711d3	fadd.s	f3,f14,f12	 f14:0x422e439c f12:0x3f073a70  f3=0x42306085
     283675.000 ns	     28366	800060cc	d01bfed3	fcvt.s.wu	f29,x23	 x23:0xffffffff f29=0x4f7fffff
     283695.000 ns	     28368	800060d0	01715333	srl	x6,x2,x23	  x2:0xed14be56 x23:0xffffffff  x6=0x00000001
     283705.000 ns	     28369	800060d4	004982b3	add	x5,x19,x4	 x19:0x7460f000  x4:0x00000000  x5=0x7460f000
     283715.000 ns	     28370	800060d8	007cec33	or	x24,x25,x7	 x25:0xb5a38000  x7:0x0000076b x24=0xb5a3876b
     283735.000 ns	     28372	800060dc	a05311d3	flt.s	x3,f6,f5	  f6:0x7fc00000  f5:0x3fae4339  x3=0x00000000
     283765.000 ns	     28375	800060e0	29511bd3	fmax.s	f23,f2,f21	  f2:0x3fdb6cbc f21:0xc22e439c f23=0x3fdb6cbc
     283795.000 ns	     28378	800060e4	c0187453	fcvt.wu.s	x8,f16	 f16:0x00000000  x8=0x00000000
     283815.000 ns	     28380	800060e8	cb030d93	addi	x27,x6,-848	  x6:0x00000001 x27=0xfffffcb1
     283835.000 ns	     28382	800060ec	c019f453	fcvt.wu.s	x8,f19	 f19:0x3fdb6cbc  x8=0x00000001
     283855.000 ns	     28384	800060f0	01226233	or	x4,x4,x18	  x4:0x00000000 x18:0x00000001  x4=0x00000001
     283875.000 ns	     28386	800060f4	e00a05d3	fmv.x.w	x11,f20	 f20:0xcefff7e0 x11=0xcefff7e0
     283905.000 ns	     28389	800060f8	d00b3c53	fcvt.s.w	f24,x22	 x22:0x00000000 f24=0x00000000
     283925.000 ns	     28391	800060fc	40178a33	sub	x20,x15,x1	 x15:0x00000000  x1:0x00000204 x20=0xfffffdfc
     283945.000 ns	     28393	80006100	e0079353	fclass.s	x6,f15	 f15:0xbf800000  x6=0x00000002
     283985.000 ns	     28397	80006104	580a7b53	fsqrt.s	f22,f20	 f20:0xcefff7e0 f22=0x7fc00000
     284015.000 ns	     28400	80006108	031dd033	divu	x0,x27,x17	 x27:0xfffffcb1 x17:0x00000000
     284035.000 ns	     28402	8000610c	4ee07f93	andi	x31,x0,1262	  x0:0x00000000 x31=0x00000000
     284055.000 ns	     28404	80006110	21cc20d3	fsgnjx.s	f1,f24,f28	 f24:0x00000000 f28:0x00000000  f1=0x00000000
     284095.000 ns	     28408	80006114	119a49d3	fmul.s	f19,f20,f25	 f20:0xcefff7e0 f25:0xff800000 f19=0x7f800000
     284465.000 ns	     28445	80006118	03aa5e33	divu	x28,x20,x26	 x20:0xfffffdfc x26:0x184ab22f x28=0x0000000a
     284495.000 ns	     28448	8000611c	28ab9753	fmax.s	f14,f23,f10	 f23:0x3fdb6cbc f10:0x00000000 f14=0x3fdb6cbc
     284515.000 ns	     28450	80006120	400805b3	sub	x11,x16,x0	 x16:0xfffffa4a  x0:0x00000000 x11=0xfffffa4a
     284555.000 ns	     28454	80006124	0957c7d3	fsub.s	f15,f15,f21	 f15:0xbf800000 f21:0xc22e439c f15=0x422a439c
     284575.000 ns	     28456	80006128	66778893	addi	x17,x15,1639	 x15:0x00000000 x17=0x00000667
     284595.000 ns	     28458	8000612c	03f52033	mulhsu	x0,x10,x31	 x10:0x0000076b x31:0x00000000
     284615.000 ns	     28460	80006130	013d5b33	srl	x22,x26,x19	 x26:0x184ab22f x19:0x7460f000 x22=0x184ab22f
     284655.000 ns	     28464	80006134	0979f253	fsub.s	f4,f19,f23	 f19:0x7f800000 f23:0x3fdb6cbc  f4=0x7f800000
     284695.000 ns	     28468	80006138	18a07853	fdiv.s	f16,f0,f10	  f0:0x00000000 f10:0x00000000 f16=0x7fc00000
     284715.000 ns	     28470	8000613c	004dda33	srl	x20,x27,x4	 x27:0xfffffcb1  x4:0x00000001 x20=0x7ffffe58
     285075.000 ns	     28506	80006140	0241f2b3	remu	x5,x3,x4	  x3:0x00000000  x4:0x00000001  x5=0x00000000
     285095.000 ns	     28508	80006144	b349ca13	xori	x20,x19,-1228	 x19:0x7460f000 x20=0x8b9f0b34
     285115.000 ns	     28510	80006148	020ee5b3	rem	x11,x29,x0	 x29:0x80041024  x0:0x00000000 x11=0x80041024
     285135.000 ns	     28512	8000614c	41bcdf33	sra	x30,x25,x27	 x25:0xb5a38000 x27:0xfffffcb1 x30=0xffffdad1
     285155.000 ns	     28514	80006150	207f8153	fsgnj.s	f2,f31,f7	 f31:0x7fc00000  f7:0xffffffe5  f2=0xffc00000
     285525.000 ns	     28551	80006154	0360d7b3	divu	x15,x1,x22	  x1:0x00000204 x22:0x184ab22f x15=0x00000000
     285555.000 ns	     28554	80006158	28bc18d3	fmax.s	f17,f24,f11	 f24:0x00000000 f11:0x3e9dc4e2 f17=0x3e9dc4e2
     285585.000 ns	     28557	8000615c	030d3433	mulhu	x8,x26,x16	 x26:0x184ab22f x16:0xfffffa4a  x8=0x184ab1a4
     285605.000 ns	     28559	80006160	00a85d93	srli	x27,x16,0xa	 x16:0xfffffa4a x27=0x003ffffe
     285615.000 ns	     28560	80006164	003eb4b3	sltu	x9,x29,x3	 x29:0x80041024  x3:0x00000000  x9=0x00000000
     285975.000 ns	     28596	80006168	02e7cdb3	div	x27,x15,x14	 x15:0x00000000 x14:0xffffffff x27=0x00000000
     286005.000 ns	     28599	8000616c	c009a5d3	fcvt.w.s	x11,f19	 f19:0x7f800000 x11=0x7fffffff
     286025.000 ns	     28601	80006170	016af2b3	and	x5,x21,x22	 x21:0x00000000 x22:0x184ab22f  x5=0x00000000
     286035.000 ns	     28602	80006174	41208b33	sub	x22,x1,x18	  x1:0x00000204 x18:0x00000001 x22=0x00000203
     286055.000 ns	     28604	80006178	e00c0353	fmv.x.w	x6,f24	 f24:0x00000000  x6=0x00000000
     286095.000 ns	     28608	8000617c	108cf1d3	fmul.s	f3,f25,f8	 f25:0xff800000  f8:0x7fc00000  f3=0x7fc00000
     286125.000 ns	     28611	80006180	03cb2333	mulhsu	x6,x22,x28	 x22:0x00000203 x28:0x0000000a  x6=0x00000000
     286145.000 ns	     28613	80006184	70964993	xori	x19,x12,1801	 x12:0x80040fe4 x19=0x800408ed
     286155.000 ns	     28614	80006188	15d1c093	xori	x1,x3,349	  x3:0x00000000  x1=0x0000015d
     286165.000 ns	     28615	8000618c	01a21013	slli	x0,x4,0x1a	  x4:0x00000001
     286185.000 ns	     28617	80006190	0267f3b3	remu	x7,x15,x6	 x15:0x00000000  x6:0x00000000  x7=0x00000000
     286205.000 ns	     28619	80006194	411b57b3	sra	x15,x22,x17	 x22:0x00000203 x17:0x00000667 x15=0x00000004
     286225.000 ns	     28621	80006198	02820db3	mul	x27,x4,x8	  x4:0x00000001  x8:0x184ab1a4 x27=0x184ab1a4
     286255.000 ns	     28624	8000619c	028dacb3	mulhsu	x25,x27,x8	 x27:0x00000000  x8:0x184ab1a4 x25=0x024e1719
     286275.000 ns	     28626	800061a0	012dc3b3	xor	x7,x27,x18	 x27:0x184ab1a4 x18:0x00000001  x7=0x184ab1a5
     286285.000 ns	     28627	800061a4	004ae2b3	or	x5,x21,x4	 x21:0x00000000  x4:0x00000001  x5=0x00000001
     286305.000 ns	     28629	800061a8	c0039d53	fcvt.w.s	x26,f7	  f7:0xffffffe5 x26=0x7fffffff
     286335.000 ns	     28632	800061ac	02fdb733	mulhu	x14,x27,x15	 x27:0x184ab1a4 x15:0x00000004 x14=0x00000000
     286355.000 ns	     28634	800061b0	01be5d33	srl	x26,x28,x27	 x28:0x0000000a x27:0x184ab1a4 x26=0x00000000
     286375.000 ns	     28636	800061b4	023cd533	divu	x10,x25,x3	 x25:0x024e1719  x3:0x00000000 x10=0xffffffff
     286395.000 ns	     28638	800061b8	2cc8f193	andi	x3,x17,716	 x17:0x00000667  x3=0x00000244
     286415.000 ns	     28640	800061bc	d01318d3	fcvt.s.wu	f17,x6	  x6:0x00000000 f17=0x00000000
     286435.000 ns	     28642	800061c0	00763033	sltu	x0,x12,x7	 x12:0x80040fe4  x7:0x184ab1a5
     286455.000 ns	     28644	800061c4	20929ad3	fsgnjn.s	f21,f5,f9	  f5:0x3fae4339  f9:0xff800000 f21=0x3fae4339
     286475.000 ns	     28646	800061c8	a2f04c37	lui	x24,0xa2f04	 x24=0xa2f04000
     286485.000 ns	     28647	800061cc	c926e713	ori	x14,x13,-878	 x13:0x00000000 x14=0xfffffc92
     286495.000 ns	     28648	800061d0	1c24c817	auipc	x16,0x1c24c	 x16=0x9c2521d0
     286505.000 ns	     28649	800061d4	01ff0e33	add	x28,x30,x31	 x30:0xffffdad1 x31:0x00000000 x28=0xffffdad1
     286515.000 ns	     28650	800061d8	01b00933	add	x18,x0,x27	  x0:0x00000000 x27:0x184ab1a4 x18=0x184ab1a4
     286535.000 ns	     28652	800061dc	c00bc353	fcvt.w.s	x6,f23	 f23:0x3fdb6cbc  x6=0x00000002
     286565.000 ns	     28655	800061e0	0255a4b3	mulhsu	x9,x11,x5	 x11:0x7fffffff  x5:0x00000001  x9=0x00000000
     286595.000 ns	     28658	800061e4	028c3733	mulhu	x14,x24,x8	 x24:0xa2f04000  x8:0x184ab1a4 x14=0x0f761082
     286625.000 ns	     28661	800061e8	e00a89d3	fmv.x.w	x19,f21	 f21:0x3fae4339 x19=0x3fae4339
     286645.000 ns	     28663	800061ec	74192d17	auipc	x26,0x74192	 x26=0xf41981ec
     286685.000 ns	     28667	800061f0	085af353	fsub.s	f6,f21,f5	 f21:0x3fae4339  f5:0x3fae4339  f6=0x80000000
     286705.000 ns	     28669	800061f4	6cb73913	sltiu	x18,x14,1739	 x14:0x0f761082 x18=0x00000000
     286715.000 ns	     28670	800061f8	01cf6b33	or	x22,x30,x28	 x30:0xffffdad1 x28:0xffffdad1 x22=0xffffdad1
     286735.000 ns	     28672	800061fc	a18c9b53	flt.s	x22,f25,f24	 f25:0xff800000 f24:0x00000000 x22=0x00000001
     286755.000 ns	     28674	80006200	016372b3	and	x5,x6,x22	  x6:0x00000002 x22:0x00000203  x5=0x00000000
     286775.000 ns	     28676	80006204	024b3f33	mulhu	x30,x22,x4	 x22:0x00000001  x4:0x00000001 x30=0x00000000
     286805.000 ns	     28679	80006208	2165a7d3	fsgnjx.s	f15,f11,f22	 f11:0x3e9dc4e2 f22:0x7fc00000 f15=0x3e9dc4e2
     286825.000 ns	     28681	8000620c	adf22513	slti	x10,x4,-1313	  x4:0x00000001 x10=0x00000000
     286845.000 ns	     28683	80006210	a1079053	flt.s	x0,f15,f16	 f15:0x3e9dc4e2 f16:0x7fc00000
     286865.000 ns	     28685	80006214	01852b33	slt	x22,x10,x24	 x10:0xffffffff x24:0xa2f04000 x22=0x00000000
     286875.000 ns	     28686	80006218	01329d93	slli	x27,x5,0x13	  x5:0x00000000 x27=0x00000000
     286895.000 ns	     28688	8000621c	029287b3	mul	x15,x5,x9	  x5:0x00000000  x9:0x00000000 x15=0x00000000
     286925.000 ns	     28691	80006220	a05aabd3	feq.s	x23,f21,f5	 f21:0x3fae4339  f5:0x3fae4339 x23=0x00000001
     286945.000 ns	     28693	80006224	14738493	addi	x9,x7,327	  x7:0x184ab1a5  x9=0x184ab2ec
     286955.000 ns	     28694	80006228	5db84c93	xori	x25,x16,1499	 x16:0x9c2521d0 x25=0x9c25240b
     286965.000 ns	     28695	8000622c	01701c13	slli	x24,x0,0x17	  x0:0x00000000 x24=0x00000000
     286975.000 ns	     28696	80006230	0169dc93	srli	x25,x19,0x16	 x19:0x3fae4339 x25=0x000000fe
     287015.000 ns	     28700	80006234	01047953	fadd.s	f18,f8,f16	  f8:0x7fc00000 f16:0x7fc00000 f18=0x7fc00000
     287035.000 ns	     28702	80006238	016a5c13	srli	x24,x20,0x16	 x20:0x8b9f0b34 x24=0x0000022e
     287045.000 ns	     28703	8000623c	01d0b9b3	sltu	x19,x1,x29	  x1:0x0000015d x29:0x80041024 x19=0x00000001
     287055.000 ns	     28704	80006240	00a01c33	sll	x24,x0,x10	  x0:0x00000000 x10:0x00000000 x24=0x00000000
     287065.000 ns	     28705	80006244	014acb33	xor	x22,x21,x20	 x21:0x00000000 x20:0x8b9f0b34 x22=0x8b9f0b34
     287075.000 ns	     28706	80006248	938b6237	lui	x4,0x938b6	  x4=0x938b6000
     287095.000 ns	     28708	8000624c	02678db3	mul	x27,x15,x6	 x15:0x00000000  x6:0x00000002 x27=0x00000000
     287125.000 ns	     28711	80006250	03bc9033	mulh	x0,x25,x27	 x25:0x000000fe x27:0x00000000
     287145.000 ns	     28713	80006254	01b2e3b3	or	x7,x5,x27	  x5:0x00000000 x27:0x00000000  x7=0x00000000
     287165.000 ns	     28715	80006258	c0167953	fcvt.wu.s	x18,f12	 f12:0x3f073a70 x18=0x00000000
     287185.000 ns	     28717	8000625c	01443ab3	sltu	x21,x8,x20	  x8:0x184ab1a4 x20:0x8b9f0b34 x21=0x00000001
     287195.000 ns	     28718	80006260	cc996d93	ori	x27,x18,-823	 x18:0x00000000 x27=0xfffffcc9
     287205.000 ns	     28719	80006264	0011e533	or	x10,x3,x1	  x3:0x00000244  x1:0x0000015d x10=0x0000035d
     287215.000 ns	     28720	80006268	00000013	addi	x0,x0,0	  x0:0x00000000
     287235.000 ns	     28722	8000626c	e0071053	fclass.s	x0,f14	 f14:0x3fdb6cbc
     287255.000 ns	     28724	80006270	4086d833	sra	x16,x13,x8	 x13:0x00000000  x8:0x184ab1a4 x16=0x00000000
     287275.000 ns	     28726	80006274	c00db6d3	fcvt.w.s	x13,f27	 f27:0x00000000 x13=0x00000000
     287295.000 ns	     28728	80006278	004d1793	slli	x15,x26,0x4	 x26:0xf41981ec x15=0x41981ec0
     287315.000 ns	     28730	8000627c	02775d33	divu	x26,x14,x7	 x14:0x0f761082  x7:0x00000000 x26=0xffffffff
     287685.000 ns	     28767	80006280	026772b3	remu	x5,x14,x6	 x14:0x0f761082  x6:0x00000002  x5=0x00000000
     287725.000 ns	     28771	80006284	10d6b8d3	fmul.s	f17,f13,f13	 f13:0x00000000 f13:0x00000000 f17=0x00000000
     287775.000 ns	     28776	80006288	090c8253	fsub.s	f4,f25,f16	 f25:0xff800000 f16:0x7fc00000  f4=0x7fc00000
     287805.000 ns	     28779	8000628c	02006333	rem	x6,x0,x0	  x0:0x00000000  x0:0x00000000  x6=0x00000000
     287835.000 ns	     28782	80006290	037289b3	mul	x19,x5,x23	  x5:0x00000000 x23:0x00000001 x19=0x00000000
     287865.000 ns	     28785	80006294	a1672b53	feq.s	x22,f14,f22	 f14:0x3fdb6cbc f22:0x7fc00000 x22=0x00000000
     287885.000 ns	     28787	80006298	00000013	addi	x0,x0,0	  x0:0x00000000
     287905.000 ns	     28789	8000629c	03ae9ab3	mulh	x21,x29,x26	 x29:0x80041024 x26:0xffffffff x21=0x00000000
     287925.000 ns	     28791	800062a0	fc48c913	xori	x18,x17,-60	 x17:0x00000667 x18=0xfffff9a3
     287935.000 ns	     28792	800062a4	a8637813	andi	x16,x6,-1402	  x6:0x00000000 x16=0x00000000
     287945.000 ns	     28793	800062a8	00c7d533	srl	x10,x15,x12	 x15:0x41981ec0 x12:0x80040fe4 x10=0x041981ec
     287965.000 ns	     28795	800062ac	029296b3	mulh	x13,x5,x9	  x5:0x00000000  x9:0x184ab2ec x13=0x00000000
     287995.000 ns	     28798	800062b0	f00c04d3	fmv.w.x	f9,x24	 x24:0x00000000  f9=0x00000000
     288015.000 ns	     28800	800062b4	ccd4b713	sltiu	x14,x9,-819	  x9:0x184ab2ec x14=0x00000001
     288375.000 ns	     28836	800062b8	023277b3	remu	x15,x4,x3	  x4:0x938b6000  x3:0x00000244 x15=0x00000200
     288395.000 ns	     28838	800062bc	9abac897	auipc	x17,0x9abac	 x17=0x1abb22bc
     288415.000 ns	     28840	800062c0	03667db3	remu	x27,x12,x22	 x12:0x80040fe4 x22:0x00000000 x27=0x80040fe4
     288435.000 ns	     28842	800062c4	6603c497	auipc	x9,0x6603c	  x9=0xe60422c4
     288455.000 ns	     28844	800062c8	032eb733	mulhu	x14,x29,x18	 x29:0x80041024 x18:0xfffff9a3 x14=0x80040cf5
     288485.000 ns	     28847	800062cc	e00e83d3	fmv.x.w	x7,f29	 f29:0x4f7fffff  x7=0x4f7fffff
     288515.000 ns	     28850	800062d0	028c0433	mul	x8,x24,x8	 x24:0x00000000  x8:0x184ab1a4  x8=0x00000000
     288535.000 ns	     28852	800062d4	00719333	sll	x6,x3,x7	  x3:0x00000244  x7:0x4f7fffff  x6=0x00000000
     288545.000 ns	     28853	800062d8	008f4d33	xor	x26,x30,x8	 x30:0x00000000  x8:0x00000000 x26=0x00000000
     288555.000 ns	     28854	800062dc	000a1b93	slli	x23,x20,0x0	 x20:0x8b9f0b34 x23=0x8b9f0b34
     288575.000 ns	     28856	800062e0	21e403d3	fsgnj.s	f7,f8,f30	  f8:0x7fc00000 f30:0x00000000  f7=0x7fc00000
     288595.000 ns	     28858	800062e4	015eb7b3	sltu	x15,x29,x21	 x29:0x80041024 x21:0x00000000 x15=0x00000000
     288615.000 ns	     28860	800062e8	034a96b3	mulh	x13,x21,x20	 x21:0x00000000 x20:0x8b9f0b34 x13=0x00000000
     288645.000 ns	     28863	800062ec	21262bd3	fsgnjx.s	f23,f12,f18	 f12:0x3f073a70 f18:0x7fc00000 f23=0x3f073a70
     288665.000 ns	     28865	800062f0	aeada213	slti	x4,x27,-1302	 x27:0x80040fe4  x4=0x00000001
     288675.000 ns	     28866	800062f4	00fdd593	srli	x11,x27,0xf	 x27:0x80040fe4 x11=0x00010008
     288685.000 ns	     28867	800062f8	00d49db3	sll	x27,x9,x13	  x9:0xe60422c4 x13:0x00000000 x27=0xe60422c4
     288705.000 ns	     28869	800062fc	020dcdb3	div	x27,x27,x0	 x27:0x80040fe4  x0:0x00000000 x27=0xffffffff
     288735.000 ns	     28872	80006300	a1192f53	feq.s	x30,f18,f17	 f18:0x7fc00000 f17:0x00000000 x30=0x00000000
     288765.000 ns	     28875	80006304	a05207d3	fle.s	x15,f4,f5	  f4:0x7fc00000  f5:0x3fae4339 x15=0x00000000
     289135.000 ns	     28912	80006308	02bf48b3	div	x17,x30,x11	 x30:0x00000000 x11:0x00010008 x17=0x00000000
     289185.000 ns	     28917	8000630c	00017353	fadd.s	f6,f2,f0	  f2:0xffc00000  f0:0x00000000  f6=0x7fc00000
     289215.000 ns	     28920	80006310	02a59b33	mulh	x22,x11,x10	 x11:0x00010008 x10:0x041981ec x22=0x00000419
     289235.000 ns	     28922	80006314	41c085b3	sub	x11,x1,x28	  x1:0x0000015d x28:0xffffdad1 x11=0x0000268c
     289245.000 ns	     28923	80006318	40f304b3	sub	x9,x6,x15	  x6:0x00000000 x15:0x00000000  x9=0x00000000
     289265.000 ns	     28925	8000631c	02566c33	rem	x24,x12,x5	 x12:0x80040fe4  x5:0x00000000 x24=0x80040fe4
     289635.000 ns	     28962	80006320	02ecea33	rem	x20,x25,x14	 x25:0x000000fe x14:0x80040cf5 x20=0x000000fe
     289655.000 ns	     28964	80006324	00d35f33	srl	x30,x6,x13	  x6:0x00000000 x13:0x00000000 x30=0x00000000
     290015.000 ns	     29000	80006328	03405d33	divu	x26,x0,x20	  x0:0x00000000 x20:0x000000fe x26=0x00000000
     290045.000 ns	     29003	8000632c	e0048d53	fmv.x.w	x26,f9	  f9:0x00000000 x26=0x00000000
     290065.000 ns	     29005	80006330	746ca713	slti	x14,x25,1862	 x25:0x000000fe x14=0x00000001
     290085.000 ns	     29007	80006334	03bb1d33	mulh	x26,x22,x27	 x22:0x00000419 x27:0xffffffff x26=0xffffffff
     290105.000 ns	     29009	80006338	01d96533	or	x10,x18,x29	 x18:0xfffff9a3 x29:0x80041024 x10=0xfffff9a7
     290115.000 ns	     29010	8000633c	57ec3697	auipc	x13,0x57ec3	 x13=0xd7ec933c
     290475.000 ns	     29046	80006340	03c6f6b3	remu	x13,x13,x28	 x13:0x00000000 x28:0xffffdad1 x13=0xd7ec933c
     290505.000 ns	     29049	80006344	02d415b3	mulh	x11,x8,x13	  x8:0x00000000 x13:0x00000000 x11=0x00000000
     290525.000 ns	     29051	80006348	006830b3	sltu	x1,x16,x6	 x16:0x00000000  x6:0x00000000  x1=0x00000000
     290535.000 ns	     29052	8000634c	01c05b13	srli	x22,x0,0x1c	  x0:0x00000000 x22=0x00000000
     290555.000 ns	     29054	80006350	a0398fd3	fle.s	x31,f19,f3	 f19:0x7f800000  f3:0x7fc00000 x31=0x00000000
     290575.000 ns	     29056	80006354	ef749d37	lui	x26,0xef749	 x26=0xef749000
     290585.000 ns	     29057	80006358	00ba9413	slli	x8,x21,0xb	 x21:0x00000000  x8=0x00000000
     290605.000 ns	     29059	8000635c	a076aad3	feq.s	x21,f13,f7	 f13:0x00000000  f7:0x7fc00000 x21=0x00000000
     290625.000 ns	     29061	80006360	bc98bb17	auipc	x22,0xbc98b	 x22=0x3c991360
     290645.000 ns	     29063	80006364	f0030553	fmv.w.x	f10,x6	  x6:0x00000000 f10=0x00000000
     290665.000 ns	     29065	80006368	55b8bf93	sltiu	x31,x17,1371	 x17:0x00000000 x31=0x00000001
     290675.000 ns	     29066	8000636c	589f7317	auipc	x6,0x589f7	  x6=0xd89fd36c
     290695.000 ns	     29068	80006370	025f4bb3	div	x23,x30,x5	 x30:0x00000000  x5:0x00000000 x23=0xffffffff
     291065.000 ns	     29105	80006374	03d0e2b3	rem	x5,x1,x29	  x1:0x00000000 x29:0x80041024  x5=0x00000000
     291105.000 ns	     29109	80006378	1175f5d3	fmul.s	f11,f11,f23	 f11:0x3e9dc4e2 f23:0x3f073a70 f11=0x3e26adae
     291135.000 ns	     29112	8000637c	02440933	mul	x18,x8,x4	  x8:0x00000000  x4:0x00000001 x18=0x00000000
     291165.000 ns	     29115	80006380	c0068a53	fcvt.w.s	x20,f13	 f13:0x00000000 x20=0x00000000
     291195.000 ns	     29118	80006384	a0731753	flt.s	x14,f6,f7	  f6:0x7fc00000  f7:0x7fc00000 x14=0x00000000
     291215.000 ns	     29120	80006388	410fd9b3	sra	x19,x31,x16	 x31:0x00000001 x16:0x00000000 x19=0x00000001
     291225.000 ns	     29121	8000638c	7e0116b7	lui	x13,0x7e011	 x13=0x7e011000
     291235.000 ns	     29122	80006390	0069ccb3	xor	x25,x19,x6	 x19:0x00000000  x6:0xd89fd36c x25=0xd89fd36d
     291245.000 ns	     29123	80006394	01dcbf33	sltu	x30,x25,x29	 x25:0x000000fe x29:0x80041024 x30=0x00000000
     291285.000 ns	     29127	80006398	09392d53	fsub.s	f26,f18,f19	 f18:0x7fc00000 f19:0x7f800000 f26=0x7fc00000
     291305.000 ns	     29129	8000639c	01bd6733	or	x14,x26,x27	 x26:0xef749000 x27:0xffffffff x14=0xffffffff
     291325.000 ns	     29131	800063a0	c017fc53	fcvt.wu.s	x24,f15	 f15:0x3e9dc4e2 x24=0x00000000
     291355.000 ns	     29134	800063a4	03868fb3	mul	x31,x13,x24	 x13:0x7e011000 x24:0x80040fe4 x31=0x00000000
     291375.000 ns	     29136	800063a8	e4b3cf13	xori	x30,x7,-437	  x7:0x4f7fffff x30=0xb08001b4
     291385.000 ns	     29137	800063ac	000bfcb3	and	x25,x23,x0	 x23:0xffffffff  x0:0x00000000 x25=0x00000000
     291395.000 ns	     29138	800063b0	01e03fb3	sltu	x31,x0,x30	  x0:0x00000000 x30:0x00000000 x31=0x00000001
     291415.000 ns	     29140	800063b4	217f8cd3	fsgnj.s	f25,f31,f23	 f31:0x7fc00000 f23:0x3f073a70 f25=0x7fc00000
     291435.000 ns	     29142	800063b8	03423e13	sltiu	x28,x4,52	  x4:0x00000001 x28=0x00000001
     291455.000 ns	     29144	800063bc	c00aab53	fcvt.w.s	x22,f21	 f21:0x3fae4339 x22=0x00000001
     291485.000 ns	     29147	800063c0	a1612c53	feq.s	x24,f2,f22	  f2:0xffc00000 f22:0x7fc00000 x24=0x00000000
     291505.000 ns	     29149	800063c4	cf930c93	addi	x25,x6,-775	  x6:0xd89fd36c x25=0xd89fd065
     291525.000 ns	     29151	800063c8	28439153	fmax.s	f2,f7,f4	  f7:0x7fc00000  f4:0x7fc00000  f2=0x7fc00000
     291545.000 ns	     29153	800063cc	014f0933	add	x18,x30,x20	 x30:0xb08001b4 x20:0x00000000 x18=0xb08001b4
     291565.000 ns	     29155	800063d0	a1221f53	flt.s	x30,f4,f18	  f4:0x7fc00000 f18:0x7fc00000 x30=0x00000000
     291585.000 ns	     29157	800063d4	ac134593	xori	x11,x6,-1343	  x6:0xd89fd36c x11=0x276029ad
     291605.000 ns	     29159	800063d8	e0070753	fmv.x.w	x14,f14	 f14:0x3fdb6cbc x14=0x3fdb6cbc
     291655.000 ns	     29164	800063dc	09c982d3	fsub.s	f5,f19,f28	 f19:0x7f800000 f28:0x00000000  f5=0x7f800000
     291675.000 ns	     29166	800063e0	292b9197	auipc	x3,0x292b9	  x3=0xa92bf3e0
     291685.000 ns	     29167	800063e4	9ee79337	lui	x6,0x9ee79	  x6=0x9ee79000
     291695.000 ns	     29168	800063e8	012873b3	and	x7,x16,x18	 x16:0x00000000 x18:0xb08001b4  x7=0x00000000
     291725.000 ns	     29171	800063ec	5806ac53	fsqrt.s	f24,f13	 f13:0x00000000 f24=0x00000000
     291755.000 ns	     29174	800063f0	02348233	mul	x4,x9,x3	  x9:0x00000000  x3:0xa92bf3e0  x4=0x00000000
     291785.000 ns	     29177	800063f4	0322bc33	mulhu	x24,x5,x18	  x5:0x00000000 x18:0xb08001b4 x24=0x00000000
     291815.000 ns	     29180	800063f8	c00b7353	fcvt.w.s	x6,f22	 f22:0x7fc00000  x6=0x7fffffff
     291845.000 ns	     29183	800063fc	f0050f53	fmv.w.x	f30,x10	 x10:0xfffff9a7 f30=0xfffff9a7
     291875.000 ns	     29186	80006400	20cb87d3	fsgnj.s	f15,f23,f12	 f23:0x3f073a70 f12:0x3f073a70 f15=0x3f073a70
     291895.000 ns	     29188	80006404	4177d593	srai	x11,x15,0x17	 x15:0x00000000 x11=0x00000000
     291905.000 ns	     29189	80006408	a64c1d37	lui	x26,0xa64c1	 x26=0xa64c1000
     291915.000 ns	     29190	8000640c	09077c93	andi	x25,x14,144	 x14:0x3fdb6cbc x25=0x00000090
     292275.000 ns	     29226	80006410	03fad533	divu	x10,x21,x31	 x21:0x00000000 x31:0x00000001 x10=0x00000000
     292305.000 ns	     29229	80006414	e00299d3	fclass.s	x19,f5	  f5:0x7f800000 x19=0x00000080
     292325.000 ns	     29231	80006418	01f0df33	srl	x30,x1,x31	  x1:0x00000000 x31:0x00000001 x30=0x00000000
     292345.000 ns	     29233	8000641c	02708d33	mul	x26,x1,x7	  x1:0x00000000  x7:0x00000000 x26=0x00000000
     292365.000 ns	     29235	80006420	008188b3	add	x17,x3,x8	  x3:0xa92bf3e0  x8:0x00000000 x17=0xa92bf3e0
     292375.000 ns	     29236	80006424	dd87fa13	andi	x20,x15,-552	 x15:0x00000000 x20=0x00000000
     292415.000 ns	     29240	80006428	00eb87d3	fadd.s	f15,f23,f14	 f23:0x3f073a70 f14:0x3fdb6cbc f15=0x400f84fa
     292435.000 ns	     29242	8000642c	18b3f213	andi	x4,x7,395	  x7:0x00000000  x4=0x00000000
     292455.000 ns	     29244	80006430	21fe9c53	fsgnjn.s	f24,f29,f31	 f29:0x4f7fffff f31:0x7fc00000 f24=0xcf7fffff
     292475.000 ns	     29246	80006434	00000013	addi	x0,x0,0	  x0:0x00000000
     292485.000 ns	     29247	80006438	f48eb893	sltiu	x17,x29,-184	 x29:0x80041024 x17=0x00000001
     292505.000 ns	     29249	8000643c	28a58bd3	fmin.s	f23,f11,f10	 f11:0x3e26adae f10:0x00000000 f23=0x00000000
     292535.000 ns	     29252	80006440	d018f5d3	fcvt.s.wu	f11,x17	 x17:0xa92bf3e0 f11=0x3f800000
     292555.000 ns	     29254	80006444	00d5d993	srli	x19,x11,0xd	 x11:0x00000000 x19=0x00000000
     292575.000 ns	     29256	80006448	e00a08d3	fmv.x.w	x17,f20	 f20:0xcefff7e0 x17=0xcefff7e0
     292595.000 ns	     29258	8000644c	41160a33	sub	x20,x12,x17	 x12:0x80040fe4 x17:0x00000001 x20=0xb1041804
     292635.000 ns	     29262	80006450	0029f853	fadd.s	f16,f19,f2	 f19:0x7f800000  f2:0x7fc00000 f16=0x7fc00000
     292655.000 ns	     29264	80006454	019538b3	sltu	x17,x10,x25	 x10:0x00000000 x25:0x00000090 x17=0x00000001
     292665.000 ns	     29265	80006458	696fbb37	lui	x22,0x696fb	 x22=0x696fb000
     292685.000 ns	     29267	8000645c	a0850d53	fle.s	x26,f10,f8	 f10:0x00000000  f8:0x7fc00000 x26=0x00000000
     292715.000 ns	     29270	80006460	286e8cd3	fmin.s	f25,f29,f6	 f29:0x4f7fffff  f6:0x7fc00000 f25=0x4f7fffff
     292735.000 ns	     29272	80006464	b8b6e817	auipc	x16,0xb8b6e	 x16=0x38b74464
     292745.000 ns	     29273	80006468	00fec6b3	xor	x13,x29,x15	 x29:0x80041024 x15:0x00000000 x13=0x80041024
     293105.000 ns	     29309	8000646c	036cdcb3	divu	x25,x25,x22	 x25:0x00000090 x22:0x696fb000 x25=0x00000000
     293145.000 ns	     29313	80006470	10fb9f53	fmul.s	f30,f23,f15	 f23:0x00000000 f15:0x400f84fa f30=0x00000000
     293175.000 ns	     29316	80006474	21678dd3	fsgnj.s	f27,f15,f22	 f15:0x400f84fa f22:0x7fc00000 f27=0x400f84fa
     293195.000 ns	     29318	80006478	5ac39a17	auipc	x20,0x5ac39	 x20=0xdac3f478
     293205.000 ns	     29319	8000647c	00b502b3	add	x5,x10,x11	 x10:0x00000000 x11:0x00000000  x5=0x00000000
     293215.000 ns	     29320	80006480	41df0b33	sub	x22,x30,x29	 x30:0x00000000 x29:0x80041024 x22=0x7ffbefdc
     293225.000 ns	     29321	80006484	40f204b3	sub	x9,x4,x15	  x4:0x00000000 x15:0x00000000  x9=0x00000000
     293585.000 ns	     29357	80006488	0308fcb3	remu	x25,x17,x16	 x17:0x00000001 x16:0x38b74464 x25=0x00000001
     293605.000 ns	     29359	8000648c	00000013	addi	x0,x0,0	  x0:0x00000000
     293625.000 ns	     29361	80006490	c0127e53	fcvt.wu.s	x28,f4	  f4:0x7fc00000 x28=0xffffffff
     293655.000 ns	     29364	80006494	d0132c53	fcvt.s.wu	f24,x6	  x6:0x7fffffff f24=0x4f000000
     293675.000 ns	     29366	80006498	009c1d33	sll	x26,x24,x9	 x24:0x00000000  x9:0x00000000 x26=0x00000000
     293695.000 ns	     29368	8000649c	0269acb3	mulhsu	x25,x19,x6	 x19:0x00000000  x6:0x7fffffff x25=0x00000000
     293725.000 ns	     29371	800064a0	02ba87b3	mul	x15,x21,x11	 x21:0x00000000 x11:0x00000000 x15=0x00000000
     293745.000 ns	     29373	800064a4	a2613a93	sltiu	x21,x2,-1498	  x2:0xed14be56 x21=0x00000001
     293765.000 ns	     29375	800064a8	a1ae28d3	feq.s	x17,f28,f26	 f28:0x00000000 f26:0x7fc00000 x17=0x00000000
     293785.000 ns	     29377	800064ac	40210533	sub	x10,x2,x2	  x2:0xed14be56  x2:0xed14be56 x10=0x00000000
     293795.000 ns	     29378	800064b0	00459213	slli	x4,x11,0x4	 x11:0x00000000  x4=0x00000000
     293805.000 ns	     29379	800064b4	40155733	sra	x14,x10,x1	 x10:0x00000000  x1:0x00000000 x14=0x00000000
     293815.000 ns	     29380	800064b8	0091be33	sltu	x28,x3,x9	  x3:0xa92bf3e0  x9:0x00000000 x28=0x00000000
     293825.000 ns	     29381	800064bc	01fa3a33	sltu	x20,x20,x31	 x20:0xdac3f478 x31:0x00000001 x20=0x00000000
     293865.000 ns	     29385	800064c0	0947b1d3	fsub.s	f3,f15,f20	 f15:0x400f84fa f20:0xcefff7e0  f3=0x4efff7e1
     293885.000 ns	     29387	800064c4	a4588393	addi	x7,x17,-1467	 x17:0x00000000  x7=0xfffffa45
     293905.000 ns	     29389	800064c8	d003a8d3	fcvt.s.w	f17,x7	  x7:0x00000000 f17=0xc4b76000
     293925.000 ns	     29391	800064cc	90cb2d93	slti	x27,x22,-1780	 x22:0x7ffbefdc x27=0x00000000
     293935.000 ns	     29392	800064d0	572b7193	andi	x3,x22,1394	 x22:0x7ffbefdc  x3=0x00000550
     293955.000 ns	     29394	800064d4	210f97d3	fsgnjn.s	f15,f31,f16	 f31:0x7fc00000 f16:0x7fc00000 f15=0xffc00000
     293975.000 ns	     29396	800064d8	003466b3	or	x13,x8,x3	  x8:0x00000000  x3:0xa92bf3e0 x13=0x00000550
     293995.000 ns	     29398	800064dc	038a6d33	rem	x26,x20,x24	 x20:0x00000000 x24:0x00000000 x26=0x00000000
     294015.000 ns	     29400	800064e0	ba0e5b37	lui	x22,0xba0e5	 x22=0xba0e5000
     294025.000 ns	     29401	800064e4	84a10193	addi	x3,x2,-1974	  x2:0xed14be56  x3=0xed14b6a0
     294035.000 ns	     29402	800064e8	9114b813	sltiu	x16,x9,-1775	  x9:0x00000000 x16=0x00000001
     294055.000 ns	     29404	800064ec	037e1e33	mulh	x28,x28,x23	 x28:0x00000000 x23:0xffffffff x28=0x00000000
     294085.000 ns	     29407	800064f0	0371a7b3	mulhsu	x15,x3,x23	  x3:0xed14b6a0 x23:0xffffffff x15=0xed14b6a0
     294105.000 ns	     29409	800064f4	41b30bb3	sub	x23,x6,x27	  x6:0x7fffffff x27:0x00000000 x23=0x7fffffff
     294125.000 ns	     29411	800064f8	034ef733	remu	x14,x29,x20	 x29:0x80041024 x20:0x00000000 x14=0x80041024
     294145.000 ns	     29413	800064fc	fdc2b097	auipc	x1,0xfdc2b	  x1=0x7dc314fc
     294155.000 ns	     29414	80006500	46e6b193	sltiu	x3,x13,1134	 x13:0x00000550  x3=0x00000000
     294165.000 ns	     29415	80006504	00000013	addi	x0,x0,0	  x0:0x00000000
     294185.000 ns	     29417	80006508	c01da353	fcvt.wu.s	x6,f27	 f27:0x400f84fa  x6=0x00000003
     294215.000 ns	     29420	8000650c	02063f33	mulhu	x30,x12,x0	 x12:0x80040fe4  x0:0x00000000 x30=0x00000000
     294245.000 ns	     29423	80006510	201aacd3	fsgnjx.s	f25,f21,f1	 f21:0x3fae4339  f1:0x00000000 f25=0x3fae4339
     294615.000 ns	     29460	80006514	02f1c833	div	x16,x3,x15	  x3:0x00000000 x15:0xed14b6a0 x16=0x00000000
     294635.000 ns	     29462	80006518	fc273693	sltiu	x13,x14,-62	 x14:0x80041024 x13=0x00000001
     295805.000 ns	     29579	8000651c	580c7853	fsqrt.s	f16,f24	 f24:0x4f000000 f16=0x46b50482
     295835.000 ns	     29582	80006520	a01191d3	flt.s	x3,f3,f1	  f3:0x4efff7e1  f1:0x00000000  x3=0x00000000
     295855.000 ns	     29584	80006524	01ac15b3	sll	x11,x24,x26	 x24:0x00000000 x26:0x00000000 x11=0x00000000
     295865.000 ns	     29585	80006528	00000013	addi	x0,x0,0	  x0:0x00000000
     295875.000 ns	     29586	8000652c	41628c33	sub	x24,x5,x22	  x5:0x00000000 x22:0xba0e5000 x24=0x45f1b000
     295895.000 ns	     29588	80006530	0317d7b3	divu	x15,x15,x17	 x15:0xed14b6a0 x17:0x00000000 x15=0xffffffff
     295915.000 ns	     29590	80006534	00d4aa33	slt	x20,x9,x13	  x9:0x00000000 x13:0x00000001 x20=0x00000001
     297085.000 ns	     29707	80006538	58074bd3	fsqrt.s	f23,f14	 f14:0x3fdb6cbc f23=0x3fa79702
     297115.000 ns	     29710	8000653c	d014b9d3	fcvt.s.wu	f19,x9	  x9:0x00000000 f19=0x00000000
     297135.000 ns	     29712	80006540	002ea733	slt	x14,x29,x2	 x29:0x80041024  x2:0xed14be56 x14=0x00000001
     297145.000 ns	     29713	80006544	22700b93	addi	x23,x0,551	  x0:0x00000000 x23=0x00000227
     297165.000 ns	     29715	80006548	c0157953	fcvt.wu.s	x18,f10	 f10:0x00000000 x18=0x00000000
     297185.000 ns	     29717	8000654c	b8074813	xori	x16,x14,-1152	 x14:0x00000001 x16=0xfffffb81
     297195.000 ns	     29718	80006550	01c95cb3	srl	x25,x18,x28	 x18:0x00000000 x28:0x00000000 x25=0x00000000
     297205.000 ns	     29719	80006554	01709e13	slli	x28,x1,0x17	  x1:0x7dc314fc x28=0x7e000000
     297225.000 ns	     29721	80006558	c01ff253	fcvt.wu.s	x4,f31	 f31:0x7fc00000  x4=0xffffffff
     297245.000 ns	     29723	8000655c	1216ba93	sltiu	x21,x13,289	 x13:0x00000001 x21=0x00000001
     297255.000 ns	     29724	80006560	00000013	addi	x0,x0,0	  x0:0x00000000
     297275.000 ns	     29726	80006564	a0b42e53	feq.s	x28,f8,f11	  f8:0x7fc00000 f11:0x3f800000 x28=0x00000000
     297305.000 ns	     29729	80006568	029041b3	div	x3,x0,x9	  x0:0x00000000  x9:0x00000000  x3=0xffffffff
     297335.000 ns	     29732	8000656c	c0063453	fcvt.w.s	x8,f12	 f12:0x3f073a70  x8=0x00000001
     297355.000 ns	     29734	80006570	40b3dd13	srai	x26,x7,0xb	  x7:0xfffffa45 x26=0xffffffff
     298525.000 ns	     29851	80006574	58080053	fsqrt.s	f0,f16	 f16:0x46b50482  f0=0x431837af
     298545.000 ns	     29853	80006578	01d484b3	add	x9,x9,x29	  x9:0x00000000 x29:0x80041024  x9=0x80041024
     298575.000 ns	     29856	8000657c	199f79d3	fdiv.s	f19,f30,f25	 f30:0x00000000 f25:0x3fae4339 f19=0x00000000
     298595.000 ns	     29858	80006580	00caf5b3	and	x11,x21,x12	 x21:0x00000001 x12:0x80040fe4 x11=0x00000000
     298605.000 ns	     29859	80006584	412d5a13	srai	x20,x26,0x12	 x26:0xffffffff x20=0xffffffff
     298615.000 ns	     29860	80006588	01f44733	xor	x14,x8,x31	  x8:0x00000001 x31:0x00000001 x14=0x00000000
     298635.000 ns	     29862	8000658c	a04e9353	flt.s	x6,f29,f4	 f29:0x4f7fffff  f4:0x7fc00000  x6=0x00000000
     298665.000 ns	     29865	80006590	21fd05d3	fsgnj.s	f11,f26,f31	 f26:0x7fc00000 f31:0x7fc00000 f11=0x7fc00000
     298705.000 ns	     29869	80006594	18392bd3	fdiv.s	f23,f18,f3	 f18:0x7fc00000  f3:0x4efff7e1 f23=0x7fc00000
     298735.000 ns	     29872	80006598	d0143753	fcvt.s.wu	f14,x8	  x8:0x00000001 f14=0x3f800000
     298755.000 ns	     29874	8000659c	412bda33	sra	x20,x23,x18	 x23:0x00000227 x18:0x00000000 x20=0x00000227
     298785.000 ns	     29877	800065a0	10b440d3	fmul.s	f1,f8,f11	  f8:0x7fc00000 f11:0x7fc00000  f1=0x7fc00000
     298805.000 ns	     29879	800065a4	0ee40797	auipc	x15,0xee40	 x15=0x8ee465a4
     298825.000 ns	     29881	800065a8	d0128553	fcvt.s.wu	f10,x5	  x5:0x00000000 f10=0x00000000
     298855.000 ns	     29884	800065ac	28af1953	fmax.s	f18,f30,f10	 f30:0x00000000 f10:0x00000000 f18=0x00000000
     298875.000 ns	     29886	800065b0	00000013	addi	x0,x0,0	  x0:0x00000000
     298885.000 ns	     29887	800065b4	c0152813	slti	x16,x10,-1023	 x10:0x00000000 x16=0x00000000
     298895.000 ns	     29888	800065b8	b3d43d93	sltiu	x27,x8,-1219	  x8:0x00000001 x27=0x00000001
     298915.000 ns	     29890	800065bc	c00f3dd3	fcvt.w.s	x27,f30	 f30:0x00000000 x27=0x00000000
     298945.000 ns	     29893	800065c0	02e4b533	mulhu	x10,x9,x14	  x9:0x80041024 x14:0x00000000 x10=0x00000000
     298975.000 ns	     29896	800065c4	a0578cd3	fle.s	x25,f15,f5	 f15:0xffc00000  f5:0x7f800000 x25=0x00000000
     298995.000 ns	     29898	800065c8	01733fb3	sltu	x31,x6,x23	  x6:0x00000000 x23:0x00000227 x31=0x00000001
     299015.000 ns	     29900	800065cc	299b9a53	fmax.s	f20,f23,f25	 f23:0x7fc00000 f25:0x3fae4339 f20=0x3fae4339
     299045.000 ns	     29903	800065d0	0314c733	div	x14,x9,x17	  x9:0x80041024 x17:0x00000000 x14=0xffffffff
     299075.000 ns	     29906	800065d4	0303d4b3	divu	x9,x7,x16	  x7:0xfffffa45 x16:0x00000000  x9=0xffffffff
     299105.000 ns	     29909	800065d8	d0023c53	fcvt.s.w	f24,x4	  x4:0xffffffff f24=0xbf800000
     299125.000 ns	     29911	800065dc	00aa1a93	slli	x21,x20,0xa	 x20:0x00000227 x21=0x00089c00
     299135.000 ns	     29912	800065e0	4554fa13	andi	x20,x9,1109	  x9:0xffffffff x20=0x00000455
     299155.000 ns	     29914	800065e4	0266b0b3	mulhu	x1,x13,x6	 x13:0x00000001  x6:0x00000000  x1=0x00000000
     299185.000 ns	     29917	800065e8	c0194ad3	fcvt.wu.s	x21,f18	 f18:0x00000000 x21=0x00000000
     299205.000 ns	     29919	800065ec	cb9d7793	andi	x15,x26,-839	 x26:0xffffffff x15=0xfffffcb9
     300375.000 ns	     30036	800065f0	58077fd3	fsqrt.s	f31,f14	 f14:0x3f800000 f31=0x3f7fffae
     300405.000 ns	     30039	800065f4	a0732253	feq.s	x4,f6,f7	  f6:0x7fc00000  f7:0x7fc00000  x4=0x00000000
     300425.000 ns	     30041	800065f8	0e5e6693	ori	x13,x28,229	 x28:0x00000000 x13=0x000000e5
     300435.000 ns	     30042	800065fc	9c3ee393	ori	x7,x29,-1597	 x29:0x80041024  x7=0xfffff9e7
     300445.000 ns	     30043	80006600	01b2db93	srli	x23,x5,0x1b	  x5:0x00000000 x23=0x00000000
     300465.000 ns	     30045	80006604	d00c2ed3	fcvt.s.w	f29,x24	 x24:0x45f1b000 f29=0x4e8be360
     300485.000 ns	     30047	80006608	7083cd93	xori	x27,x7,1800	  x7:0xfffff9e7 x27=0xfffffeef
     300845.000 ns	     30083	8000660c	03a3c833	div	x16,x7,x26	  x7:0xfffff9e7 x26:0xffffffff x16=0x00000619
     300865.000 ns	     30085	80006610	9fc4ec13	ori	x24,x9,-1540	  x9:0xffffffff x24=0xffffffff
     300875.000 ns	     30086	80006614	5e904013	xori	x0,x0,1513	  x0:0x00000000
     301235.000 ns	     30122	80006618	03a3dfb3	divu	x31,x7,x26	  x7:0xfffff9e7 x26:0xffffffff x31=0x00000000
     301255.000 ns	     30124	8000661c	41715a93	srai	x21,x2,0x17	  x2:0xed14be56 x21=0xffffffda
     301295.000 ns	     30128	80006620	01b4cdd3	fadd.s	f27,f9,f27	  f9:0x00000000 f27:0x400f84fa f27=0x400f84fa
     302475.000 ns	     30246	80006624	580a7753	fsqrt.s	f14,f20	 f20:0x3fae4339 f14=0x3f9559a8
     302495.000 ns	     30248	80006628	01207bb3	and	x23,x0,x18	  x0:0x00000000 x18:0x00000000 x23=0x00000000
     302515.000 ns	     30250	8000662c	02bd56b3	divu	x13,x26,x11	 x26:0xffffffff x11:0x00000000 x13=0xffffffff
     302545.000 ns	     30253	80006630	2102a3d3	fsgnjx.s	f7,f5,f16	  f5:0x7f800000 f16:0x46b50482  f7=0x7f800000
     302565.000 ns	     30255	80006634	00451713	slli	x14,x10,0x4	 x10:0x00000000 x14=0x00000000
     302575.000 ns	     30256	80006638	40afd4b3	sra	x9,x31,x10	 x31:0x00000000 x10:0x00000000  x9=0x00000000
     302585.000 ns	     30257	8000663c	0107b2b3	sltu	x5,x15,x16	 x15:0xfffffcb9 x16:0x00000619  x5=0x00000000
     302605.000 ns	     30259	80006640	299c0953	fmin.s	f18,f24,f25	 f24:0xbf800000 f25:0x3fae4339 f18=0xbf800000
     302625.000 ns	     30261	80006644	01195b93	srli	x23,x18,0x11	 x18:0x00000000 x23=0x00000000
     302985.000 ns	     30297	80006648	034659b3	divu	x19,x12,x20	 x12:0x80040fe4 x20:0x00000455 x19=0x001d8d0e
     303005.000 ns	     30299	8000664c	01f0d6b3	srl	x13,x1,x31	  x1:0x00000000 x31:0x00000000 x13=0x00000000
     303025.000 ns	     30301	80006650	20e42253	fsgnjx.s	f4,f8,f14	  f8:0x7fc00000 f14:0x3f9559a8  f4=0x7fc00000
     303055.000 ns	     30304	80006654	28a99e53	fmax.s	f28,f19,f10	 f19:0x00000000 f10:0x00000000 f28=0x00000000
     303085.000 ns	     30307	80006658	f00d8bd3	fmv.w.x	f23,x27	 x27:0xfffffeef f23=0xfffffeef
     303115.000 ns	     30310	8000665c	214482d3	fsgnj.s	f5,f9,f20	  f9:0x00000000 f20:0x3fae4339  f5=0x00000000
     303135.000 ns	     30312	80006660	01fc3bb3	sltu	x23,x24,x31	 x24:0xffffffff x31:0x00000000 x23=0x00000000
     303145.000 ns	     30313	80006664	1ff20a97	auipc	x21,0x1ff20	 x21=0x9ff26664
     303155.000 ns	     30314	80006668	003e82b3	add	x5,x29,x3	 x29:0x80041024  x3:0xffffffff  x5=0x80041023
     303195.000 ns	     30318	8000666c	01969e53	fadd.s	f28,f13,f25	 f13:0x00000000 f25:0x3fae4339 f28=0x3fae4339
     303215.000 ns	     30320	80006670	00fb4333	xor	x6,x22,x15	 x22:0xba0e5000 x15:0xfffffcb9  x6=0x45f1acb9
     303235.000 ns	     30322	80006674	031cc933	div	x18,x25,x17	 x25:0x00000000 x17:0x00000000 x18=0xffffffff
     303275.000 ns	     30326	80006678	58097453	fsqrt.s	f8,f18	 f18:0xbf800000  f8=0x7fc00000
     303645.000 ns	     30363	8000667c	02cf4933	div	x18,x30,x12	 x30:0x00000000 x12:0x80040fe4 x18=0x00000000
     303665.000 ns	     30365	80006680	01ce8233	add	x4,x29,x28	 x29:0x80041024 x28:0x00000000  x4=0x80041024
     303685.000 ns	     30367	80006684	a09e8d53	fle.s	x26,f29,f9	 f29:0x4e8be360  f9:0x00000000 x26=0x00000000
     303735.000 ns	     30372	80006688	094a72d3	fsub.s	f5,f20,f20	 f20:0x3fae4339 f20:0x3fae4339  f5=0x80000000
     303765.000 ns	     30375	8000668c	e00a0cd3	fmv.x.w	x25,f20	 f20:0x3fae4339 x25=0x3fae4339
     303795.000 ns	     30378	80006690	d0087ad3	fcvt.s.w	f21,x16	 x16:0x00000619 f21=0x44c32000
     303825.000 ns	     30381	80006694	e00714d3	fclass.s	x9,f14	 f14:0x3f9559a8  x9=0x00000040
     303845.000 ns	     30383	80006698	011578b3	and	x17,x10,x17	 x10:0x00000000 x17:0x00000000 x17=0x00000000
     303865.000 ns	     30385	8000669c	a0aa0bd3	fle.s	x23,f20,f10	 f20:0x3fae4339 f10:0x00000000 x23=0x00000000
     303895.000 ns	     30388	800066a0	29c893d3	fmax.s	f7,f17,f28	 f17:0xc4b76000 f28:0x3fae4339  f7=0x3fae4339
     303925.000 ns	     30391	800066a4	a0ee0553	fle.s	x10,f28,f14	 f28:0x3fae4339 f14:0x3f9559a8 x10=0x00000000
     303955.000 ns	     30394	800066a8	a1309d53	flt.s	x26,f1,f19	  f1:0x7fc00000 f19:0x00000000 x26=0x00000000
     303975.000 ns	     30396	800066ac	f3080693	addi	x13,x16,-208	 x16:0x00000619 x13=0x00000549
     303995.000 ns	     30398	800066b0	e00f83d3	fmv.x.w	x7,f31	 f31:0x3f7fffae  x7=0x3f7fffae
     304025.000 ns	     30401	800066b4	e0029053	fclass.s	x0,f5	  f5:0x80000000
     304395.000 ns	     30438	800066b8	026ad233	divu	x4,x21,x6	 x21:0x9ff26664  x6:0x45f1acb9  x4=0x00000002
     304415.000 ns	     30440	800066bc	0014e1b3	or	x3,x9,x1	  x9:0x00000040  x1:0x00000000  x3=0x00000040
     304435.000 ns	     30442	800066c0	a0fe2cd3	feq.s	x25,f28,f15	 f28:0x3fae4339 f15:0xffc00000 x25=0x00000000
     304465.000 ns	     30445	800066c4	289a87d3	fmin.s	f15,f21,f9	 f21:0x44c32000  f9:0x00000000 f15=0x00000000
     304515.000 ns	     30450	800066c8	095447d3	fsub.s	f15,f8,f21	  f8:0x7fc00000 f21:0x44c32000 f15=0x7fc00000
     304545.000 ns	     30453	800066cc	02203c33	mulhu	x24,x0,x2	  x0:0x00000000  x2:0xed14be56 x24=0x00000000
     304575.000 ns	     30456	800066d0	039e8b33	mul	x22,x29,x25	 x29:0x80041024 x25:0x00000000 x22=0x00000000
     304595.000 ns	     30458	800066d4	ec94a913	slti	x18,x9,-311	  x9:0x00000040 x18=0x00000000
     304605.000 ns	     30459	800066d8	2b0b7693	andi	x13,x22,688	 x22:0x00000000 x13=0x00000000
     304615.000 ns	     30460	800066dc	010412b3	sll	x5,x8,x16	  x8:0x00000001 x16:0x00000619  x5=0x02000000
     304635.000 ns	     30462	800066e0	d01bf7d3	fcvt.s.wu	f15,x23	 x23:0x00000000 f15=0x00000000
     304665.000 ns	     30465	800066e4	03b20cb3	mul	x25,x4,x27	  x4:0x00000002 x27:0xfffffeef x25=0xfffffdde
     304685.000 ns	     30467	800066e8	00c35a93	srli	x21,x6,0xc	  x6:0x45f1acb9 x21=0x00045f1a
     304705.000 ns	     30469	800066ec	c01e03d3	fcvt.wu.s	x7,f28	 f28:0x3fae4339  x7=0x00000001
     304725.000 ns	     30471	800066f0	01ec6433	or	x8,x24,x30	 x24:0x00000000 x30:0x00000000  x8=0x00000000
     304735.000 ns	     30472	800066f4	007fcfb3	xor	x31,x31,x7	 x31:0x00000000  x7:0x00000001 x31=0x00000001
     304775.000 ns	     30476	800066f8	09eaf353	fsub.s	f6,f21,f30	 f21:0x44c32000 f30:0x00000000  f6=0x44c32000
     304795.000 ns	     30478	800066fc	21ee60b7	lui	x1,0x21ee6	  x1=0x21ee6000
     304805.000 ns	     30479	80006700	012a28b3	slt	x17,x20,x18	 x20:0x00000455 x18:0x00000000 x17=0x00000000
     304815.000 ns	     30480	80006704	00f300b3	add	x1,x6,x15	  x6:0x45f1acb9 x15:0xfffffcb9  x1=0x45f1a972
     304825.000 ns	     30481	80006708	b06bb417	auipc	x8,0xb06bb	  x8=0x306c1708
     304845.000 ns	     30483	8000670c	29769b53	fmax.s	f22,f13,f23	 f13:0x00000000 f23:0xfffffeef f22=0x00000000
     304865.000 ns	     30485	80006710	40ee8733	sub	x14,x29,x14	 x29:0x80041024 x14:0x00000000 x14=0x80041024
     304875.000 ns	     30486	80006714	ba6e6713	ori	x14,x28,-1114	 x28:0x00000000 x14=0xfffffba6
     304895.000 ns	     30488	80006718	20c508d3	fsgnj.s	f17,f10,f12	 f10:0x00000000 f12:0x3f073a70 f17=0x00000000
     304935.000 ns	     30492	8000671c	112f3453	fmul.s	f8,f30,f18	 f30:0x00000000 f18:0xbf800000  f8=0x80000000
     304965.000 ns	     30495	80006720	d00576d3	fcvt.s.w	f13,x10	 x10:0x00000000 f13=0x00000000
     304995.000 ns	     30498	80006724	03a2da33	divu	x20,x5,x26	  x5:0x02000000 x26:0x00000000 x20=0xffffffff
     305025.000 ns	     30501	80006728	a03906d3	fle.s	x13,f18,f3	 f18:0xbf800000  f3:0x4efff7e1 x13=0x00000001
     305055.000 ns	     30504	8000672c	c00cf553	fcvt.w.s	x10,f25	 f25:0x3fae4339 x10=0x00000001
     305075.000 ns	     30506	80006730	7009fd93	andi	x27,x19,1792	 x19:0x001d8d0e x27=0x00000500
     305115.000 ns	     30510	80006734	011dfa53	fadd.s	f20,f27,f17	 f27:0x400f84fa f17:0x00000000 f20=0x400f84fa
     305145.000 ns	     30513	80006738	c009c053	fcvt.w.s	x0,f19	 f19:0x00000000
     305175.000 ns	     30516	8000673c	2048a5d3	fsgnjx.s	f11,f17,f4	 f17:0x00000000  f4:0x7fc00000 f11=0x00000000
     305195.000 ns	     30518	80006740	3d420513	addi	x10,x4,980	  x4:0x00000002 x10=0x000003d6
     305215.000 ns	     30520	80006744	d013f753	fcvt.s.wu	f14,x7	  x7:0x00000001 f14=0x3f800000
     305245.000 ns	     30523	80006748	02d1a533	mulhsu	x10,x3,x13	  x3:0x00000040 x13:0x00000001 x10=0x00000000
     305615.000 ns	     30560	8000674c	035fecb3	rem	x25,x31,x21	 x31:0x00000001 x21:0x00045f1a x25=0x00000001
     305655.000 ns	     30564	80006750	10727953	fmul.s	f18,f4,f7	  f4:0x7fc00000  f7:0x3fae4339 f18=0x7fc00000
     305675.000 ns	     30566	80006754	00fec333	xor	x6,x29,x15	 x29:0x80041024 x15:0xfffffcb9  x6=0x7ffbec9d
     305705.000 ns	     30569	80006758	58017253	fsqrt.s	f4,f2	  f2:0x7fc00000  f4=0x7fc00000
     305735.000 ns	     30572	8000675c	03db26b3	mulhsu	x13,x22,x29	 x22:0x00000000 x29:0x80041024 x13=0x00000000
     305755.000 ns	     30574	80006760	9a318713	addi	x14,x3,-1629	  x3:0x00000040 x14=0xfffff9e3
     305765.000 ns	     30575	80006764	00000013	addi	x0,x0,0	  x0:0x00000000
     305785.000 ns	     30577	80006768	03e2d933	divu	x18,x5,x30	  x5:0x02000000 x30:0x00000000 x18=0xffffffff
     305805.000 ns	     30579	8000676c	fea59897	auipc	x17,0xfea59	 x17=0x7ea5f76c
     305825.000 ns	     30581	80006770	29dc83d3	fmin.s	f7,f25,f29	 f25:0x3fae4339 f29:0x4e8be360  f7=0x3fae4339
     305855.000 ns	     30584	80006774	297b92d3	fmax.s	f5,f23,f23	 f23:0xfffffeef f23:0xfffffeef  f5=0x7fc00000
     305875.000 ns	     30586	80006778	867e8e13	addi	x28,x29,-1945	 x29:0x80041024 x28=0x8004088b
     305895.000 ns	     30588	8000677c	d0071653	fcvt.s.w	f12,x14	 x14:0xfffff9e3 f12=0xc4c3a000
     305935.000 ns	     30592	80006780	19260853	fdiv.s	f16,f12,f18	 f12:0x3f073a70 f18:0x7fc00000 f16=0x7fc00000
     305955.000 ns	     30594	80006784	76904693	xori	x13,x0,1897	  x0:0x00000000 x13=0x00000769
     305965.000 ns	     30595	80006788	41b0d9b3	sra	x19,x1,x27	  x1:0x45f1a972 x27:0x00000500 x19=0x45f1a972
     305975.000 ns	     30596	8000678c	411706b3	sub	x13,x14,x17	 x14:0xfffff9e3 x17:0x7ea5f76c x13=0x815a0277
     305995.000 ns	     30598	80006790	c0114753	fcvt.wu.s	x14,f2	  f2:0x7fc00000 x14=0xffffffff
     306015.000 ns	     30600	80006794	408806b3	sub	x13,x16,x8	 x16:0x00000619  x8:0x306c1708 x13=0xcf93ef11
     306025.000 ns	     30601	80006798	40ee5cb3	sra	x25,x28,x14	 x28:0x8004088b x14:0xffffffff x25=0xffffffff
     306035.000 ns	     30602	8000679c	4143ddb3	sra	x27,x7,x20	  x7:0x00000001 x20:0xffffffff x27=0x00000000
     306045.000 ns	     30603	800067a0	014883b3	add	x7,x17,x20	 x17:0x7ea5f76c x20:0xffffffff  x7=0x7ea5f76b
     306055.000 ns	     30604	800067a4	bef4f513	andi	x10,x9,-1041	  x9:0x00000040 x10=0x00000040
     306065.000 ns	     30605	800067a8	00f53ab3	sltu	x21,x10,x15	 x10:0x00000000 x15:0xfffffcb9 x21=0x00000001
     306075.000 ns	     30606	800067ac	0157d093	srli	x1,x15,0x15	 x15:0xfffffcb9  x1=0x000007ff
     306435.000 ns	     30642	800067b0	027fe8b3	rem	x17,x31,x7	 x31:0x00000001  x7:0x7ea5f76b x17=0x00000001
     306465.000 ns	     30645	800067b4	20a80553	fsgnj.s	f10,f16,f10	 f16:0x7fc00000 f10:0x00000000 f10=0x7fc00000
     306485.000 ns	     30647	800067b8	5305a713	slti	x14,x11,1328	 x11:0x00000000 x14=0x00000001
     306515.000 ns	     30650	800067bc	11b0c9d3	fmul.s	f19,f1,f27	  f1:0x7fc00000 f27:0x400f84fa f19=0x7fc00000
     306545.000 ns	     30653	800067c0	a045a953	feq.s	x18,f11,f4	 f11:0x00000000  f4:0x7fc00000 x18=0x00000000
     306565.000 ns	     30655	800067c4	01cf7ab3	and	x21,x30,x28	 x30:0x00000000 x28:0x8004088b x21=0x00000000
     306575.000 ns	     30656	800067c8	01b6ed33	or	x26,x13,x27	 x13:0xcf93ef11 x27:0x00000000 x26=0xcf93ef11
     306585.000 ns	     30657	800067cc	00f81a13	slli	x20,x16,0xf	 x16:0x00000619 x20=0x030c8000
     306605.000 ns	     30659	800067d0	031a35b3	mulhu	x11,x20,x17	 x20:0xffffffff x17:0x00000001 x11=0x00000000
     306625.000 ns	     30661	800067d4	ff224893	xori	x17,x4,-14	  x4:0x00000002 x17=0xfffffff0
     306645.000 ns	     30663	800067d8	e00f9953	fclass.s	x18,f31	 f31:0x3f7fffae x18=0x00000040
     306665.000 ns	     30665	800067dc	00f6a533	slt	x10,x13,x15	 x13:0xcf93ef11 x15:0xfffffcb9 x10=0x00000001
     306675.000 ns	     30666	800067e0	00f7bc33	sltu	x24,x15,x15	 x15:0xfffffcb9 x15:0xfffffcb9 x24=0x00000000
     306695.000 ns	     30668	800067e4	02c60fb3	mul	x31,x12,x12	 x12:0x80040fe4 x12:0x80040fe4 x31=0x801c8310
     306725.000 ns	     30671	800067e8	29188053	fmin.s	f0,f17,f17	 f17:0x00000000 f17:0x00000000  f0=0x00000000
     306745.000 ns	     30673	800067ec	23dde013	ori	x0,x27,573	 x27:0x00000000
     306775.000 ns	     30676	800067f0	113947d3	fmul.s	f15,f18,f19	 f18:0x7fc00000 f19:0x7fc00000 f15=0x7fc00000
     306795.000 ns	     30678	800067f4	bae08593	addi	x11,x1,-1106	  x1:0x000007ff x11=0x000003ad
     306805.000 ns	     30679	800067f8	41c2ddb3	sra	x27,x5,x28	  x5:0x02000000 x28:0x8004088b x27=0x00004000
     306825.000 ns	     30681	800067fc	286293d3	fmax.s	f7,f5,f6	  f5:0x7fc00000  f6:0x44c32000  f7=0x44c32000
     306855.000 ns	     30684	80006800	d0063553	fcvt.s.w	f10,x12	 x12:0x80040fe4 f10=0xcefff7e1
     306885.000 ns	     30687	80006804	02703e33	mulhu	x28,x0,x7	  x0:0x00000000  x7:0x7ea5f76b x28=0x00000000
     306905.000 ns	     30689	80006808	40aa8db3	sub	x27,x21,x10	 x21:0x00000000 x10:0x00000001 x27=0xffffffff
     306925.000 ns	     30691	8000680c	289c1d53	fmax.s	f26,f24,f9	 f24:0xbf800000  f9:0x00000000 f26=0x00000000
     306945.000 ns	     30693	80006810	01fa20b3	slt	x1,x20,x31	 x20:0x030c8000 x31:0x801c8310  x1=0x00000000
     306965.000 ns	     30695	80006814	d0157253	fcvt.s.wu	f4,x10	 x10:0x00000001  f4=0x3f800000
     306985.000 ns	     30697	80006818	00c1c9b3	xor	x19,x3,x12	  x3:0x00000040 x12:0x80040fe4 x19=0x80040fa4
     307005.000 ns	     30699	8000681c	0312a5b3	mulhsu	x11,x5,x17	  x5:0x02000000 x17:0xfffffff0 x11=0x01ffffff
     308185.000 ns	     30817	80006820	58077553	fsqrt.s	f10,f14	 f14:0x3f800000 f10=0x3f7fffae
     308205.000 ns	     30819	80006824	eaef0a93	addi	x21,x30,-338	 x30:0x00000000 x21=0xfffffeae
     308215.000 ns	     30820	80006828	001d00b3	add	x1,x26,x1	 x26:0xcf93ef11  x1:0x00000000  x1=0xcf93ef11
     308225.000 ns	     30821	8000682c	41368db3	sub	x27,x13,x19	 x13:0xcf93ef11 x19:0x80040fa4 x27=0x4f8fdf6d
     308235.000 ns	     30822	80006830	58167513	andi	x10,x12,1409	 x12:0x80040fe4 x10=0x00000580
     308245.000 ns	     30823	80006834	dd060313	addi	x6,x12,-560	 x12:0x80040fe4  x6=0x80040db4
     308265.000 ns	     30825	80006838	20832a53	fsgnjx.s	f20,f6,f8	  f6:0x44c32000  f8:0x80000000 f20=0xc4c32000
     308285.000 ns	     30827	8000683c	01b41c93	slli	x25,x8,0x1b	  x8:0x306c1708 x25=0x40000000
     308305.000 ns	     30829	80006840	027ebcb3	mulhu	x25,x29,x7	 x29:0x80041024  x7:0x7ea5f76b x25=0x3f54fe49
     308335.000 ns	     30832	80006844	026ebfb3	mulhu	x31,x29,x6	 x29:0x80041024  x6:0x80040db4 x31=0x40040efc
     308365.000 ns	     30835	80006848	a00325d3	feq.s	x11,f6,f0	  f6:0x44c32000  f0:0x00000000 x11=0x00000000
     308395.000 ns	     30838	8000684c	d0179c53	fcvt.s.wu	f24,x15	 x15:0xfffffcb9 f24=0x4f7ffffc
     308425.000 ns	     30841	80006850	f0010c53	fmv.w.x	f24,x2	  x2:0xed14be56 f24=0xed14be56
     308445.000 ns	     30843	80006854	00b5f333	and	x6,x11,x11	 x11:0x00000000 x11:0x00000000  x6=0x00000000
     308465.000 ns	     30845	80006858	d0037d53	fcvt.s.w	f26,x6	  x6:0x80040db4 f26=0x00000000
     308485.000 ns	     30847	8000685c	40175b13	srai	x22,x14,0x1	 x14:0x00000001 x22=0x00000000
     308495.000 ns	     30848	80006860	416b5593	srai	x11,x22,0x16	 x22:0x00000000 x11=0x00000000
     308515.000 ns	     30850	80006864	298712d3	fmax.s	f5,f14,f24	 f14:0x3f800000 f24:0xed14be56  f5=0x3f800000
     308535.000 ns	     30852	80006868	017bcc33	xor	x24,x23,x23	 x23:0x00000000 x23:0x00000000 x24=0x00000000
     308555.000 ns	     30854	8000686c	21a50e53	fsgnj.s	f28,f10,f26	 f10:0x3f7fffae f26:0x00000000 f28=0x3f7fffae
     308575.000 ns	     30856	80006870	27605a97	auipc	x21,0x27605	 x21=0xa760b870
     308935.000 ns	     30892	80006874	03f67ab3	remu	x21,x12,x31	 x12:0x80040fe4 x31:0x40040efc x21=0x400000e8
     309305.000 ns	     30929	80006878	0355d333	divu	x6,x11,x21	 x11:0x00000000 x21:0xfffffeae  x6=0x00000000
     309355.000 ns	     30934	8000687c	01a2ab53	fadd.s	f22,f5,f26	  f5:0x3f800000 f26:0x00000000 f22=0x3f800000
     309375.000 ns	     30936	80006880	00077833	and	x16,x14,x0	 x14:0x00000001  x0:0x00000000 x16=0x00000000
     309385.000 ns	     30937	80006884	40835313	srai	x6,x6,0x8	  x6:0x00000000  x6=0x00000000
     309745.000 ns	     30973	80006888	03984db3	div	x27,x16,x25	 x16:0x00000619 x25:0x3f54fe49 x27=0x00000000
     310115.000 ns	     31010	8000688c	0334f4b3	remu	x9,x9,x19	  x9:0x00000040 x19:0x80040fa4  x9=0x00000040
     310485.000 ns	     31047	80006890	0239d6b3	divu	x13,x19,x3	 x19:0x80040fa4  x3:0x00000040 x13=0x0200103e
     310515.000 ns	     31050	80006894	03c19333	mulh	x6,x3,x28	  x3:0x00000040 x28:0x00000000  x6=0x00000000
     310555.000 ns	     31054	80006898	18f8bc53	fdiv.s	f24,f17,f15	 f17:0x00000000 f15:0x7fc00000 f24=0x7fc00000
     310585.000 ns	     31057	8000689c	21020653	fsgnj.s	f12,f4,f16	  f4:0x3f800000 f16:0x7fc00000 f12=0x3f800000
     310605.000 ns	     31059	800068a0	01db1e13	slli	x28,x22,0x1d	 x22:0x00000000 x28=0x00000000
     311775.000 ns	     31176	800068a4	580e7a53	fsqrt.s	f20,f28	 f28:0x3f7fffae f20=0x3f35042a
     311805.000 ns	     31179	800068a8	030a36b3	mulhu	x13,x20,x16	 x20:0x030c8000 x16:0x00000000 x13=0x00000000
     311835.000 ns	     31182	800068ac	0302db33	divu	x22,x5,x16	  x5:0x02000000 x16:0x00000000 x22=0xffffffff
     311865.000 ns	     31185	800068b0	034e16b3	mulh	x13,x28,x20	 x28:0x00000000 x20:0x030c8000 x13=0x00000000
     311885.000 ns	     31187	800068b4	0071d313	srli	x6,x3,0x7	  x3:0x00000040  x6=0x00000000
     311905.000 ns	     31189	800068b8	a1949ad3	flt.s	x21,f9,f25	  f9:0x00000000 f25:0x3fae4339 x21=0x00000001
     311935.000 ns	     31192	800068bc	21129d53	fsgnjn.s	f26,f5,f17	  f5:0x3f800000 f17:0x00000000 f26=0xbf800000
     311965.000 ns	     31195	800068c0	20caa4d3	fsgnjx.s	f9,f21,f12	 f21:0x44c32000 f12:0x3f800000  f9=0x44c32000
     311985.000 ns	     31197	800068c4	8a5eb513	sltiu	x10,x29,-1883	 x29:0x80041024 x10=0x00000001
     312005.000 ns	     31199	800068c8	03b383b3	mul	x7,x7,x27	  x7:0x7ea5f76b x27:0x00000000  x7=0x00000000
     312035.000 ns	     31202	800068cc	f0058f53	fmv.w.x	f30,x11	 x11:0x00000000 f30=0x00000000
     312055.000 ns	     31204	800068d0	8f681017	auipc	x0,0x8f681	
     312065.000 ns	     31205	800068d4	9b887813	andi	x16,x16,-1608	 x16:0x00000000 x16=0x00000000
     312085.000 ns	     31207	800068d8	0202df33	divu	x30,x5,x0	  x5:0x02000000  x0:0x00000000 x30=0xffffffff
     312115.000 ns	     31210	800068dc	a1521953	flt.s	x18,f4,f21	  f4:0x3f800000 f21:0x44c32000 x18=0x00000001
     312145.000 ns	     31213	800068e0	c006f4d3	fcvt.w.s	x9,f13	 f13:0x00000000  x9=0x00000000
     312175.000 ns	     31216	800068e4	021301b3	mul	x3,x6,x1	  x6:0x00000000  x1:0xcf93ef11  x3=0x00000000
     312195.000 ns	     31218	800068e8	018a6d33	or	x26,x20,x24	 x20:0x030c8000 x24:0x00000000 x26=0x030c8000
     312205.000 ns	     31219	800068ec	4134dab3	sra	x21,x9,x19	  x9:0x00000000 x19:0x80040fa4 x21=0x00000000
     312215.000 ns	     31220	800068f0	9bc1c993	xori	x19,x3,-1604	  x3:0x00000000 x19=0xfffff9bc
     312235.000 ns	     31222	800068f4	c0197953	fcvt.wu.s	x18,f18	 f18:0x7fc00000 x18=0xffffffff
     312255.000 ns	     31224	800068f8	00946533	or	x10,x8,x9	  x8:0x306c1708  x9:0x00000000 x10=0x306c1708
     312265.000 ns	     31225	800068fc	73968d13	addi	x26,x13,1849	 x13:0x00000000 x26=0x00000739
     312625.000 ns	     31261	80006900	02a57233	remu	x4,x10,x10	 x10:0x00000001 x10:0x00000001  x4=0x00000000
     312655.000 ns	     31264	80006904	e00e8f53	fmv.x.w	x30,f29	 f29:0x4e8be360 x30=0x4e8be360
     312685.000 ns	     31267	80006908	20082953	fsgnjx.s	f18,f16,f0	 f16:0x7fc00000  f0:0x00000000 f18=0x7fc00000
     312715.000 ns	     31270	8000690c	2188add3	fsgnjx.s	f27,f17,f24	 f17:0x00000000 f24:0x7fc00000 f27=0x00000000
     312735.000 ns	     31272	80006910	007ef3b3	and	x7,x29,x7	 x29:0x80041024  x7:0x00000000  x7=0x00000000
     312775.000 ns	     31276	80006914	00c7f4d3	fadd.s	f9,f15,f12	 f15:0x7fc00000 f12:0x3f800000  f9=0x7fc00000
     312795.000 ns	     31278	80006918	79f03093	sltiu	x1,x0,1951	  x0:0x00000000  x1=0x00000001
     312815.000 ns	     31280	8000691c	20bd9d53	fsgnjn.s	f26,f27,f11	 f27:0x00000000 f11:0x00000000 f26=0x80000000
     312845.000 ns	     31283	80006920	d006fb53	fcvt.s.w	f22,x13	 x13:0x00000000 f22=0x00000000
     312865.000 ns	     31285	80006924	20c8e693	ori	x13,x17,524	 x17:0xfffffff0 x13=0xfffffffc
     312875.000 ns	     31286	80006928	40bb51b3	sra	x3,x22,x11	 x22:0xffffffff x11:0x00000000  x3=0xffffffff
     312895.000 ns	     31288	8000692c	f00a0953	fmv.w.x	f18,x20	 x20:0x030c8000 f18=0x030c8000
     312915.000 ns	     31290	80006930	68a8e193	ori	x3,x17,1674	 x17:0xfffffff0  x3=0xfffffffa
     312925.000 ns	     31291	80006934	e1656993	ori	x19,x10,-490	 x10:0x306c1708 x19=0xffffff1e
     312935.000 ns	     31292	80006938	010e5813	srli	x16,x28,0x10	 x28:0x00000000 x16=0x00000000
     312945.000 ns	     31293	8000693c	a5168193	addi	x3,x13,-1455	 x13:0xfffffffc  x3=0xfffffa4d
     312955.000 ns	     31294	80006940	ddfa3093	sltiu	x1,x20,-545	 x20:0x030c8000  x1=0x00000001
     312965.000 ns	     31295	80006944	efb78713	addi	x14,x15,-261	 x15:0xfffffcb9 x14=0xfffffbb4
     312985.000 ns	     31297	80006948	03079db3	mulh	x27,x15,x16	 x15:0xfffffcb9 x16:0x00000000 x27=0x00000000
     313015.000 ns	     31300	8000694c	a19225d3	feq.s	x11,f4,f25	  f4:0x3f800000 f25:0x3fae4339 x11=0x00000000
     313045.000 ns	     31303	80006950	c00bbfd3	fcvt.w.s	x31,f23	 f23:0xfffffeef x31=0x7fffffff
     313065.000 ns	     31305	80006954	01265513	srli	x10,x12,0x12	 x12:0x80040fe4 x10=0x00002001
     313425.000 ns	     31341	80006958	02a257b3	divu	x15,x4,x10	  x4:0x00000000 x10:0x306c1708 x15=0x00000000
     313445.000 ns	     31343	8000695c	006a84b3	add	x9,x21,x6	 x21:0x00000000  x6:0x00000000  x9=0x00000000
     313465.000 ns	     31345	80006960	e00004d3	fmv.x.w	x9,f0	  f0:0x00000000  x9=0x00000000
     313495.000 ns	     31348	80006964	e0021fd3	fclass.s	x31,f4	  f4:0x3f800000 x31=0x00000040
     313525.000 ns	     31351	80006968	02a60cb3	mul	x25,x12,x10	 x12:0x80040fe4 x10:0x00002001 x25=0x02008fe4
     313545.000 ns	     31353	8000696c	01e3e9b3	or	x19,x7,x30	  x7:0x00000000 x30:0x4e8be360 x19=0x4e8be360
     313555.000 ns	     31354	80006970	40e00333	sub	x6,x0,x14	  x0:0x00000000 x14:0xfffffbb4  x6=0x0000044c
     313575.000 ns	     31356	80006974	03c77cb3	remu	x25,x14,x28	 x14:0xfffffbb4 x28:0x00000000 x25=0xfffffbb4
     313595.000 ns	     31358	80006978	404909b3	sub	x19,x18,x4	 x18:0xffffffff  x4:0x00000000 x19=0xffffffff
     313615.000 ns	     31360	8000697c	209b2553	fsgnjx.s	f10,f22,f9	 f22:0x00000000  f9:0x7fc00000 f10=0x00000000
     313645.000 ns	     31363	80006980	0284ba33	mulhu	x20,x9,x8	  x9:0x00000000  x8:0x306c1708 x20=0x00000000
     313675.000 ns	     31366	80006984	a1072a53	feq.s	x20,f14,f16	 f14:0x3f800000 f16:0x7fc00000 x20=0x00000000
     313695.000 ns	     31368	80006988	d7bb6a93	ori	x21,x22,-645	 x22:0xffffffff x21=0xffffffff
     313705.000 ns	     31369	8000698c	b3dc3713	sltiu	x14,x24,-1219	 x24:0x00000000 x14=0x00000001
     313715.000 ns	     31370	80006990	01b09793	slli	x15,x1,0x1b	  x1:0x00000001 x15=0x08000000
     313725.000 ns	     31371	80006994	012e2433	slt	x8,x28,x18	 x28:0x00000000 x18:0xffffffff  x8=0x00000000
     313745.000 ns	     31373	80006998	023b99b3	mulh	x19,x23,x3	 x23:0x00000000  x3:0xfffffa4d x19=0x00000000
     313795.000 ns	     31378	8000699c	088ff8d3	fsub.s	f17,f31,f8	 f31:0x3f7fffae  f8:0x80000000 f17=0x3f7fffae
     313815.000 ns	     31380	800069a0	b7216c13	ori	x24,x2,-1166	  x2:0xed14be56 x24=0xffffff76
     313825.000 ns	     31381	800069a4	015d06b3	add	x13,x26,x21	 x26:0x00000739 x21:0xffffffff x13=0x00000738
     313845.000 ns	     31383	800069a8	d00375d3	fcvt.s.w	f11,x6	  x6:0x0000044c f11=0x44898000
     313865.000 ns	     31385	800069ac	4a59ed93	ori	x27,x19,1189	 x19:0x00000000 x27=0x000004a5
     313875.000 ns	     31386	800069b0	40fd5cb3	sra	x25,x26,x15	 x26:0x00000739 x15:0x08000000 x25=0x00000739
     313895.000 ns	     31388	800069b4	f00c0ed3	fmv.w.x	f29,x24	 x24:0xffffff76 f29=0xffffff76
     313915.000 ns	     31390	800069b8	003b64b3	or	x9,x22,x3	 x22:0xffffffff  x3:0xfffffa4d  x9=0xffffffff
     313925.000 ns	     31391	800069bc	01f9f933	and	x18,x19,x31	 x19:0x00000000 x31:0x00000040 x18=0x00000000
     313935.000 ns	     31392	800069c0	01249333	sll	x6,x9,x18	  x9:0x00000000 x18:0xffffffff  x6=0xffffffff
     313945.000 ns	     31393	800069c4	017a5693	srli	x13,x20,0x17	 x20:0x00000000 x13=0x00000000
     313955.000 ns	     31394	800069c8	015a6933	or	x18,x20,x21	 x20:0x00000000 x21:0xffffffff x18=0xffffffff
     314285.000 ns	     31427	800069cc	19258ad3	fdiv.s	f21,f11,f18	 f11:0x44898000 f18:0x030c8000 f21=0x7f800000
     314315.000 ns	     31430	800069d0	03cc94b3	mulh	x9,x25,x28	 x25:0x00000739 x28:0x00000000  x9=0x00000000
     314335.000 ns	     31432	800069d4	414802b3	sub	x5,x16,x20	 x16:0x00000000 x20:0x00000000  x5=0x00000000
     314355.000 ns	     31434	800069d8	d00a3ed3	fcvt.s.w	f29,x20	 x20:0x00000000 f29=0x00000000
     314375.000 ns	     31436	800069dc	0047b433	sltu	x8,x15,x4	 x15:0x08000000  x4:0x00000000  x8=0x00000000
     314385.000 ns	     31437	800069e0	00644433	xor	x8,x8,x6	  x8:0x00000000  x6:0xffffffff  x8=0xffffffff
     314425.000 ns	     31441	800069e4	08f3f1d3	fsub.s	f3,f7,f15	  f7:0x44c32000 f15:0x7fc00000  f3=0x7fc00000
     314445.000 ns	     31443	800069e8	4a807b13	andi	x22,x0,1192	  x0:0x00000000 x22=0x00000000
     314455.000 ns	     31444	800069ec	002ca5b3	slt	x11,x25,x2	 x25:0x00000739  x2:0xed14be56 x11=0x00000000
     314465.000 ns	     31445	800069f0	3ce84513	xori	x10,x16,974	 x16:0x00000000 x10=0x000003ce
     314475.000 ns	     31446	800069f4	00913333	sltu	x6,x2,x9	  x2:0xed14be56  x9:0x00000000  x6=0x00000000
     314485.000 ns	     31447	800069f8	016848b3	xor	x17,x16,x22	 x16:0x00000000 x22:0x00000000 x17=0x00000000
     314505.000 ns	     31449	800069fc	20521ad3	fsgnjn.s	f21,f4,f5	  f4:0x3f800000  f5:0x3f800000 f21=0xbf800000
     314535.000 ns	     31452	80006a00	a07627d3	feq.s	x15,f12,f7	 f12:0x3f800000  f7:0x44c32000 x15=0x00000000
     314565.000 ns	     31455	80006a04	a0a9a353	feq.s	x6,f19,f10	 f19:0x7fc00000 f10:0x00000000  x6=0x00000000
     314585.000 ns	     31457	80006a08	0170e833	or	x16,x1,x23	  x1:0x00000001 x23:0x00000000 x16=0x00000001
     314605.000 ns	     31459	80006a0c	c0077b53	fcvt.w.s	x22,f14	 f14:0x3f800000 x22=0x00000001
     314625.000 ns	     31461	80006a10	cf276493	ori	x9,x14,-782	 x14:0x00000001  x9=0xfffffcf3
     314635.000 ns	     31462	80006a14	b5a3f593	andi	x11,x7,-1190	  x7:0x00000000 x11=0x00000000
     314645.000 ns	     31463	80006a18	40fa5c13	srai	x24,x20,0xf	 x20:0x00000000 x24=0x00000000
     314665.000 ns	     31465	80006a1c	c01a7253	fcvt.wu.s	x4,f20	 f20:0x3f35042a  x4=0x00000000
     314685.000 ns	     31467	80006a20	1da23e37	lui	x28,0x1da23	 x28=0x1da23000
     315045.000 ns	     31503	80006a24	021ad833	divu	x16,x21,x1	 x21:0xffffffff  x1:0x00000001 x16=0xffffffff
     315085.000 ns	     31507	80006a28	115672d3	fmul.s	f5,f12,f21	 f12:0x3f800000 f21:0xbf800000  f5=0xbf800000
     315115.000 ns	     31510	80006a2c	c01111d3	fcvt.wu.s	x3,f2	  f2:0x7fc00000  x3=0xffffffff
     315135.000 ns	     31512	80006a30	4b3bfb13	andi	x22,x23,1203	 x23:0x00000000 x22=0x00000000
     315145.000 ns	     31513	80006a34	00601913	slli	x18,x0,0x6	  x0:0x00000000 x18=0x00000000
     315165.000 ns	     31515	80006a38	a014a2d3	feq.s	x5,f9,f1	  f9:0x7fc00000  f1:0x7fc00000  x5=0x00000000
     315185.000 ns	     31517	80006a3c	00b377b3	and	x15,x6,x11	  x6:0x00000000 x11:0x00000000 x15=0x00000000
     315215.000 ns	     31520	80006a40	580f4bd3	fsqrt.s	f23,f30	 f30:0x00000000 f23=0x00000000
     315235.000 ns	     31522	80006a44	017670b3	and	x1,x12,x23	 x12:0x80040fe4 x23:0x00000000  x1=0x00000000
     315255.000 ns	     31524	80006a48	03e205b3	mul	x11,x4,x30	  x4:0x00000000 x30:0x4e8be360 x11=0x00000000
     315275.000 ns	     31526	80006a4c	00000013	addi	x0,x0,0	  x0:0x00000000
     315635.000 ns	     31562	80006a50	03536fb3	rem	x31,x6,x21	  x6:0x00000000 x21:0xffffffff x31=0x00000000
     315655.000 ns	     31564	80006a54	df39a497	auipc	x9,0xdf39a	  x9=0x5f3a0a54
     315675.000 ns	     31566	80006a58	02d5df33	divu	x30,x11,x13	 x11:0x00000000 x13:0x00000000 x30=0xffffffff
     315705.000 ns	     31569	80006a5c	032c0db3	mul	x27,x24,x18	 x24:0x00000000 x18:0x00000000 x27=0x00000000
     315735.000 ns	     31572	80006a60	c00efcd3	fcvt.w.s	x25,f29	 f29:0x00000000 x25=0x00000000
     316105.000 ns	     31609	80006a64	02a0eab3	rem	x21,x1,x10	  x1:0x00000000 x10:0x000003ce x21=0x00000000
     316155.000 ns	     31614	80006a68	009cf853	fadd.s	f16,f25,f9	 f25:0x3fae4339  f9:0x7fc00000 f16=0x7fc00000
     316185.000 ns	     31617	80006a6c	21431053	fsgnjn.s	f0,f6,f20	  f6:0x44c32000 f20:0x3f35042a  f0=0xc4c32000
     316215.000 ns	     31620	80006a70	03818433	mul	x8,x3,x24	  x3:0xffffffff x24:0x00000000  x8=0x00000000
     316265.000 ns	     31625	80006a74	00973e53	fadd.s	f28,f14,f9	 f14:0x3f800000  f9:0x7fc00000 f28=0x7fc00000
     316295.000 ns	     31628	80006a78	03766c33	rem	x24,x12,x23	 x12:0x80040fe4 x23:0x00000000 x24=0x80040fe4
     316325.000 ns	     31631	80006a7c	c01dfc53	fcvt.wu.s	x24,f27	 f27:0x00000000 x24=0x00000000
     316355.000 ns	     31634	80006a80	20c61353	fsgnjn.s	f6,f12,f12	 f12:0x3f800000 f12:0x3f800000  f6=0xbf800000
     316375.000 ns	     31636	80006a84	11bf41b7	lui	x3,0x11bf4	  x3=0x11bf4000
     316395.000 ns	     31638	80006a88	02853db3	mulhu	x27,x10,x8	 x10:0x000003ce  x8:0x00000000 x27=0x00000000
     316425.000 ns	     31641	80006a8c	a0341a53	flt.s	x20,f8,f3	  f8:0x80000000  f3:0x7fc00000 x20=0x00000000
     316445.000 ns	     31643	80006a90	bf164797	auipc	x15,0xbf164	 x15=0x3f16aa90
     316455.000 ns	     31644	80006a94	adf03e13	sltiu	x28,x0,-1313	  x0:0x00000000 x28=0x00000001
     316465.000 ns	     31645	80006a98	00bb4ab3	xor	x21,x22,x11	 x22:0x00000000 x11:0x00000000 x21=0x00000000
     316485.000 ns	     31647	80006a9c	c0081553	fcvt.w.s	x10,f16	 f16:0x7fc00000 x10=0x7fffffff
     316505.000 ns	     31649	80006aa0	00000013	addi	x0,x0,0	  x0:0x00000000
     316535.000 ns	     31652	80006aa4	193e7253	fdiv.s	f4,f28,f19	 f28:0x7fc00000 f19:0x7fc00000  f4=0x7fc00000
     316565.000 ns	     31655	80006aa8	286d94d3	fmax.s	f9,f27,f6	 f27:0x00000000  f6:0xbf800000  f9=0x00000000
     316615.000 ns	     31660	80006aac	017777d3	fadd.s	f15,f14,f23	 f14:0x3f800000 f23:0x00000000 f15=0x3f800000
     316635.000 ns	     31662	80006ab0	01079c93	slli	x25,x15,0x10	 x15:0x3f16aa90 x25=0xaa900000
     316655.000 ns	     31664	80006ab4	03cd8fb3	mul	x31,x27,x28	 x27:0x00000000 x28:0x00000001 x31=0x00000000
     316685.000 ns	     31667	80006ab8	0245ed33	rem	x26,x11,x4	 x11:0x00000000  x4:0x00000000 x26=0x00000000
     316715.000 ns	     31670	80006abc	a0958d53	fle.s	x26,f11,f9	 f11:0x44898000  f9:0x00000000 x26=0x00000000
     316745.000 ns	     31673	80006ac0	028da2b3	mulhsu	x5,x27,x8	 x27:0x00000000  x8:0x00000000  x5=0x00000000
     316765.000 ns	     31675	80006ac4	25507493	andi	x9,x0,597	  x0:0x00000000  x9=0x00000000
     316785.000 ns	     31677	80006ac8	a0fc9753	flt.s	x14,f25,f15	 f25:0x3fae4339 f15:0x3f800000 x14=0x00000000
     316805.000 ns	     31679	80006acc	00f61933	sll	x18,x12,x15	 x12:0x80040fe4 x15:0x3f16aa90 x18=0x0fe40000
     316815.000 ns	     31680	80006ad0	01608e33	add	x28,x1,x22	  x1:0x00000000 x22:0x00000000 x28=0x00000000
     316835.000 ns	     31682	80006ad4	298216d3	fmax.s	f13,f4,f24	  f4:0x7fc00000 f24:0x7fc00000 f13=0x7fc00000
     316865.000 ns	     31685	80006ad8	28311853	fmax.s	f16,f2,f3	  f2:0x7fc00000  f3:0x7fc00000 f16=0x7fc00000
     316895.000 ns	     31688	80006adc	c004f6d3	fcvt.w.s	x13,f9	  f9:0x00000000 x13=0x00000000
     316925.000 ns	     31691	80006ae0	c00af0d3	fcvt.w.s	x1,f21	 f21:0xbf800000  x1=0x00000001
     316955.000 ns	     31694	80006ae4	d0051053	fcvt.s.w	f0,x10	 x10:0x7fffffff  f0=0x4effffff
     316975.000 ns	     31696	80006ae8	00819333	sll	x6,x3,x8	  x3:0x11bf4000  x8:0x00000000  x6=0x11bf4000
     316995.000 ns	     31698	80006aec	02914ab3	div	x21,x2,x9	  x2:0xed14be56  x9:0x00000000 x21=0xffffffff
     317015.000 ns	     31700	80006af0	71de3c93	sltiu	x25,x28,1821	 x28:0x00000000 x25=0x00000001
     317025.000 ns	     31701	80006af4	260b8b93	addi	x23,x23,608	 x23:0x00000000 x23=0x00000260
     317045.000 ns	     31703	80006af8	f0098b53	fmv.w.x	f22,x19	 x19:0x00000000 f22=0x00000000
     317075.000 ns	     31706	80006afc	020c03b3	mul	x7,x24,x0	 x24:0x00000000  x0:0x00000000  x7=0x00000000
     317115.000 ns	     31710	80006b00	10e5c8d3	fmul.s	f17,f11,f14	 f11:0x44898000 f14:0x3f800000 f17=0x44898000
     317135.000 ns	     31712	80006b04	009566b3	or	x13,x10,x9	 x10:0x7fffffff  x9:0x00000000 x13=0x7fffffff
     317155.000 ns	     31714	80006b08	03bc0e33	mul	x28,x24,x27	 x24:0x00000000 x27:0x00000000 x28=0x00000000
     317185.000 ns	     31717	80006b0c	28350053	fmin.s	f0,f10,f3	 f10:0x00000000  f3:0x7fc00000  f0=0x00000000
     317215.000 ns	     31720	80006b10	02221db3	mulh	x27,x4,x2	  x4:0x00000000  x2:0xed14be56 x27=0x00000000
     317265.000 ns	     31725	80006b14	013af253	fadd.s	f4,f21,f19	 f21:0xbf800000 f19:0x7fc00000  f4=0x7fc00000
     317305.000 ns	     31729	80006b18	580dbf53	fsqrt.s	f30,f27	 f27:0x00000000 f30=0x00000000
     317325.000 ns	     31731	80006b1c	01afd593	srli	x11,x31,0x1a	 x31:0x00000000 x11=0x00000000
     317345.000 ns	     31733	80006b20	283816d3	fmax.s	f13,f16,f3	 f16:0x7fc00000  f3:0x7fc00000 f13=0x7fc00000
     317365.000 ns	     31735	80006b24	00575013	srli	x0,x14,0x5	 x14:0x00000000
     317385.000 ns	     31737	80006b28	03ca31b3	mulhu	x3,x20,x28	 x20:0x00000000 x28:0x00000000  x3=0x00000000
     317405.000 ns	     31739	80006b2c	0069c933	xor	x18,x19,x6	 x19:0x00000000  x6:0x11bf4000 x18=0x11bf4000
     317415.000 ns	     31740	80006b30	f3963813	sltiu	x16,x12,-199	 x12:0x80040fe4 x16=0x00000001
     317435.000 ns	     31742	80006b34	a06e1d53	flt.s	x26,f28,f6	 f28:0x7fc00000  f6:0xbf800000 x26=0x00000000
     317455.000 ns	     31744	80006b38	01541533	sll	x10,x8,x21	  x8:0x00000000 x21:0xffffffff x10=0x00000000
     317485.000 ns	     31747	80006b3c	1022fd53	fmul.s	f26,f5,f2	  f5:0xbf800000  f2:0x7fc00000 f26=0x7fc00000
     317505.000 ns	     31749	80006b40	007c5693	srli	x13,x24,0x7	 x24:0x00000000 x13=0x00000000
     317515.000 ns	     31750	80006b44	00802033	slt	x0,x0,x8	  x0:0x00000000  x8:0x00000000
     317535.000 ns	     31752	80006b48	a1af11d3	flt.s	x3,f30,f26	 f30:0x00000000 f26:0x7fc00000  x3=0x00000000
     317565.000 ns	     31755	80006b4c	a143a8d3	feq.s	x17,f7,f20	  f7:0x44c32000 f20:0x3f35042a x17=0x00000000
     317605.000 ns	     31759	80006b50	11b5fb53	fmul.s	f22,f11,f27	 f11:0x44898000 f27:0x00000000 f22=0x00000000
     317635.000 ns	     31762	80006b54	f00d89d3	fmv.w.x	f19,x27	 x27:0x00000000 f19=0x00000000
     317665.000 ns	     31765	80006b58	d01ff6d3	fcvt.s.wu	f13,x31	 x31:0x00000000 f13=0x00000000
     317695.000 ns	     31768	80006b5c	d0017553	fcvt.s.w	f10,x2	  x2:0xed14be56 f10=0xcd975a0d
     317735.000 ns	     31772	80006b60	11b9f8d3	fmul.s	f17,f19,f27	 f19:0x00000000 f27:0x00000000 f17=0x00000000
     317755.000 ns	     31774	80006b64	415385b3	sub	x11,x7,x21	  x7:0x00000000 x21:0xffffffff x11=0x00000001
     317775.000 ns	     31776	80006b68	f00f08d3	fmv.w.x	f17,x30	 x30:0xffffffff f17=0xffffffff
     317795.000 ns	     31778	80006b6c	2e25f037	lui	x0,0x2e25f	
     317815.000 ns	     31780	80006b70	29998753	fmin.s	f14,f19,f25	 f19:0x00000000 f25:0x3fae4339 f14=0x00000000
     317845.000 ns	     31783	80006b74	a17c03d3	fle.s	x7,f24,f23	 f24:0x7fc00000 f23:0x00000000  x7=0x00000000
     317865.000 ns	     31785	80006b78	01805f13	srli	x30,x0,0x18	  x0:0x00000000 x30=0x00000000
     317875.000 ns	     31786	80006b7c	40ed04b3	sub	x9,x26,x14	 x26:0x00000000 x14:0x00000000  x9=0x00000000
     317905.000 ns	     31789	80006b80	58027ad3	fsqrt.s	f21,f4	  f4:0x7fc00000 f21=0x7fc00000
     317925.000 ns	     31791	80006b84	00abb3b3	sltu	x7,x23,x10	 x23:0x00000260 x10:0x00000000  x7=0x00000000
     317935.000 ns	     31792	80006b88	01525fb3	srl	x31,x4,x21	  x4:0x00000000 x21:0xffffffff x31=0x00000000
     317955.000 ns	     31794	80006b8c	c00e7ad3	fcvt.w.s	x21,f28	 f28:0x7fc00000 x21=0x7fffffff
     318325.000 ns	     31831	80006b90	037261b3	rem	x3,x4,x23	  x4:0x00000000 x23:0x00000260  x3=0x00000000
     318345.000 ns	     31833	80006b94	01f25bb3	srl	x23,x4,x31	  x4:0x00000000 x31:0x00000000 x23=0x00000000
     318355.000 ns	     31834	80006b98	3fe5fc93	andi	x25,x11,1022	 x11:0x00000001 x25=0x00000000
     318365.000 ns	     31835	80006b9c	4082a993	slti	x19,x5,1032	  x5:0x00000000 x19=0x00000001
     318385.000 ns	     31837	80006ba0	a00b25d3	feq.s	x11,f22,f0	 f22:0x00000000  f0:0x00000000 x11=0x00000001
     318435.000 ns	     31842	80006ba4	092ff953	fsub.s	f18,f31,f18	 f31:0x3f7fffae f18:0x030c8000 f18=0x3f7fffae
     318455.000 ns	     31844	80006ba8	001ce5b3	or	x11,x25,x1	 x25:0x00000000  x1:0x00000001 x11=0x00000001
     318465.000 ns	     31845	80006bac	016c13b3	sll	x7,x24,x22	 x24:0x00000000 x22:0x00000000  x7=0x00000000
     318475.000 ns	     31846	80006bb0	d7870b13	addi	x22,x14,-648	 x14:0x00000000 x22=0xfffffd78
     318495.000 ns	     31848	80006bb4	027954b3	divu	x9,x18,x7	 x18:0x11bf4000  x7:0x00000000  x9=0xffffffff
     318865.000 ns	     31885	80006bb8	03336b33	rem	x22,x6,x19	  x6:0x11bf4000 x19:0x00000001 x22=0x00000000
     318895.000 ns	     31888	80006bbc	20cb8253	fsgnj.s	f4,f23,f12	 f23:0x00000000 f12:0x3f800000  f4=0x00000000
     318945.000 ns	     31893	80006bc0	01be72d3	fadd.s	f5,f28,f27	 f28:0x7fc00000 f27:0x00000000  f5=0x7fc00000
     318965.000 ns	     31895	80006bc4	4114d513	srai	x10,x9,0x11	  x9:0xffffffff x10=0xffffffff
     318985.000 ns	     31897	80006bc8	e0051053	fclass.s	x0,f10	 f10:0xcd975a0d
     319005.000 ns	     31899	80006bcc	41f987b3	sub	x15,x19,x31	 x19:0x00000001 x31:0x00000000 x15=0x00000001
     319025.000 ns	     31901	80006bd0	03fd0233	mul	x4,x26,x31	 x26:0x00000000 x31:0x00000000  x4=0x00000000
     319045.000 ns	     31903	80006bd4	009f1d93	slli	x27,x30,0x9	 x30:0x00000000 x27=0x00000000
     319065.000 ns	     31905	80006bd8	e0031253	fclass.s	x4,f6	  f6:0xbf800000  x4=0x00000002
     319095.000 ns	     31908	80006bdc	c0007c53	fcvt.w.s	x24,f0	  f0:0x00000000 x24=0x00000000
     319115.000 ns	     31910	80006be0	089de913	ori	x18,x27,137	 x27:0x00000000 x18=0x00000089
     319155.000 ns	     31914	80006be4	0916f5d3	fsub.s	f11,f13,f17	 f13:0x00000000 f17:0xffffffff f11=0x7fc00000
     319195.000 ns	     31918	80006be8	18197953	fdiv.s	f18,f18,f1	 f18:0x3f7fffae  f1:0x7fc00000 f18=0x7fc00000
     319215.000 ns	     31920	80006bec	c0d85797	auipc	x15,0xc0d85	 x15=0x40d8bbec
     319245.000 ns	     31923	80006bf0	18189ed3	fdiv.s	f29,f17,f1	 f17:0xffffffff  f1:0x7fc00000 f29=0x7fc00000
     319275.000 ns	     31926	80006bf4	035f9f33	mulh	x30,x31,x21	 x31:0x00000000 x21:0x7fffffff x30=0x00000000
     319295.000 ns	     31928	80006bf8	1b011c37	lui	x24,0x1b011	 x24=0x1b011000
     319315.000 ns	     31930	80006bfc	20fd8fd3	fsgnj.s	f31,f27,f15	 f27:0x00000000 f15:0x3f800000 f31=0x00000000
     319335.000 ns	     31932	80006c00	8247aa13	slti	x20,x15,-2012	 x15:0x40d8bbec x20=0x00000000
     320505.000 ns	     32049	80006c04	58039153	fsqrt.s	f2,f7	  f7:0x44c32000  f2=0x421e09b4
     320525.000 ns	     32051	80006c08	a2e10193	addi	x3,x2,-1490	  x2:0xed14be56  x3=0xed14b884
     320535.000 ns	     32052	80006c0c	434cf893	andi	x17,x25,1076	 x25:0x00000000 x17=0x00000000
     320545.000 ns	     32053	80006c10	001dedb3	or	x27,x27,x1	 x27:0x00000000  x1:0x00000001 x27=0x00000001
     320555.000 ns	     32054	80006c14	015edb33	srl	x22,x29,x21	 x29:0x80041024 x21:0x7fffffff x22=0x00000001
     320565.000 ns	     32055	80006c18	005e88b3	add	x17,x29,x5	 x29:0x80041024  x5:0x00000000 x17=0x80041024
     320585.000 ns	     32057	80006c1c	0274b9b3	mulhu	x19,x9,x7	  x9:0xffffffff  x7:0x00000000 x19=0x00000000
     320605.000 ns	     32059	80006c20	8f91e4b7	lui	x9,0x8f91e	  x9=0x8f91e000
     320625.000 ns	     32061	80006c24	d01732d3	fcvt.s.wu	f5,x14	 x14:0x00000000  f5=0x00000000
     320645.000 ns	     32063	80006c28	019174b3	and	x9,x2,x25	  x2:0xed14be56 x25:0x00000000  x9=0x00000000
     320655.000 ns	     32064	80006c2c	f0f67e13	andi	x28,x12,-241	 x12:0x80040fe4 x28=0x80040f04
     320685.000 ns	     32067	80006c30	193cf8d3	fdiv.s	f17,f25,f19	 f25:0x3fae4339 f19:0x00000000 f17=0x7f800000
     320715.000 ns	     32070	80006c34	d01df953	fcvt.s.wu	f18,x27	 x27:0x00000001 f18=0x3f800000
     320745.000 ns	     32073	80006c38	d017f1d3	fcvt.s.wu	f3,x15	 x15:0x40d8bbec  f3=0x4e81b177
     320775.000 ns	     32076	80006c3c	209ba8d3	fsgnjx.s	f17,f23,f9	 f23:0x00000000  f9:0x00000000 f17=0x00000000
     320795.000 ns	     32078	80006c40	f8343e13	sltiu	x28,x8,-125	  x8:0x00000000 x28=0x00000001
     320815.000 ns	     32080	80006c44	a01592d3	flt.s	x5,f11,f1	 f11:0x7fc00000  f1:0x7fc00000  x5=0x00000000
     320845.000 ns	     32083	80006c48	e0019953	fclass.s	x18,f3	  f3:0x4e81b177 x18=0x00000040
     320865.000 ns	     32085	80006c4c	015d5393	srli	x7,x26,0x15	 x26:0x00000000  x7=0x00000000
     320875.000 ns	     32086	80006c50	0076bf33	sltu	x30,x13,x7	 x13:0x00000000  x7:0x00000000 x30=0x00000000
     320905.000 ns	     32089	80006c54	183e78d3	fdiv.s	f17,f28,f3	 f28:0x7fc00000  f3:0x4e81b177 f17=0x7fc00000
     320935.000 ns	     32092	80006c58	a1b21cd3	flt.s	x25,f4,f27	  f4:0x00000000 f27:0x00000000 x25=0x00000000
     320965.000 ns	     32095	80006c5c	a02d82d3	fle.s	x5,f27,f2	 f27:0x00000000  f2:0x421e09b4  x5=0x00000001
     320985.000 ns	     32097	80006c60	d0b1b3b7	lui	x7,0xd0b1b	  x7=0xd0b1b000
     321015.000 ns	     32100	80006c64	580af853	fsqrt.s	f16,f21	 f21:0x7fc00000 f16=0x7fc00000
     321065.000 ns	     32105	80006c68	01711d53	fadd.s	f26,f2,f23	  f2:0x421e09b4 f23:0x00000000 f26=0x421e09b4
     321085.000 ns	     32107	80006c6c	adada513	slti	x10,x27,-1318	 x27:0x00000001 x10=0x00000000
     321095.000 ns	     32108	80006c70	40ce03b3	sub	x7,x28,x12	 x28:0x00000001 x12:0x80040fe4  x7=0x7ffbf01d
     321115.000 ns	     32110	80006c74	d0120453	fcvt.s.wu	f8,x4	  x4:0x00000002  f8=0x40000000
     321145.000 ns	     32113	80006c78	a0f327d3	feq.s	x15,f6,f15	  f6:0xbf800000 f15:0x3f800000 x15=0x00000000
     321175.000 ns	     32116	80006c7c	c013c3d3	fcvt.wu.s	x7,f7	  f7:0x44c32000  x7=0x00000619
     321195.000 ns	     32118	80006c80	410d5c33	sra	x24,x26,x16	 x26:0x00000000 x16:0x00000001 x24=0x00000000
     321225.000 ns	     32121	80006c84	115f7bd3	fmul.s	f23,f30,f21	 f30:0x00000000 f21:0x7fc00000 f23=0x7fc00000
     322155.000 ns	     32214	80006c88	580449d3	fsqrt.s	f19,f8	  f8:0x40000000 f19=0x3f350482
     322185.000 ns	     32217	80006c8c	f00686d3	fmv.w.x	f13,x13	 x13:0x00000000 f13=0x00000000
     322205.000 ns	     32219	80006c90	7aeacc37	lui	x24,0x7aeac	 x24=0x7aeac000
     322245.000 ns	     32223	80006c94	01fc4a53	fadd.s	f20,f24,f31	 f24:0x7fc00000 f31:0x00000000 f20=0x7fc00000
     322265.000 ns	     32225	80006c98	002b5733	srl	x14,x22,x2	 x22:0x00000001  x2:0xed14be56 x14=0x00000000
     322285.000 ns	     32227	80006c9c	a13821d3	feq.s	x3,f16,f19	 f16:0x7fc00000 f19:0x3f350482  x3=0x00000000
     322305.000 ns	     32229	80006ca0	41e5d7b3	sra	x15,x11,x30	 x11:0x00000001 x30:0x00000000 x15=0x00000001
     322315.000 ns	     32230	80006ca4	00000013	addi	x0,x0,0	  x0:0x00000000
     322325.000 ns	     32231	80006ca8	1872f313	andi	x6,x5,391	  x5:0x00000001  x6=0x00000001
     322345.000 ns	     32233	80006cac	0334ed33	rem	x26,x9,x19	  x9:0x00000000 x19:0x00000000 x26=0x00000000
     322365.000 ns	     32235	80006cb0	0061c1b3	xor	x3,x3,x6	  x3:0x00000000  x6:0x11bf4000  x3=0x00000001
     322375.000 ns	     32236	80006cb4	08878593	addi	x11,x15,136	 x15:0x00000001 x11=0x00000089
     322385.000 ns	     32237	80006cb8	00000013	addi	x0,x0,0	  x0:0x00000000
     322425.000 ns	     32241	80006cbc	01adf753	fadd.s	f14,f27,f26	 f27:0x00000000 f26:0x421e09b4 f14=0x421e09b4
     322795.000 ns	     32278	80006cc0	03525733	divu	x14,x4,x21	  x4:0x00000002 x21:0x7fffffff x14=0x00000000
     322825.000 ns	     32281	80006cc4	20180cd3	fsgnj.s	f25,f16,f1	 f16:0x7fc00000  f1:0x7fc00000 f25=0x7fc00000
     323195.000 ns	     32318	80006cc8	036ce033	rem	x0,x25,x22	 x25:0x00000000 x22:0x00000001
     323225.000 ns	     32321	80006ccc	02e522b3	mulhsu	x5,x10,x14	 x10:0x00000000 x14:0x00000000  x5=0x00000000
     323255.000 ns	     32324	80006cd0	02c2b733	mulhu	x14,x5,x12	  x5:0x00000001 x12:0x80040fe4 x14=0x00000000
     323285.000 ns	     32327	80006cd4	03eda1b3	mulhsu	x3,x27,x30	 x27:0x00000001 x30:0x00000000  x3=0x00000000
     323315.000 ns	     32330	80006cd8	02ffb7b3	mulhu	x15,x31,x15	 x31:0x00000000 x15:0x00000001 x15=0x00000000
     323335.000 ns	     32332	80006cdc	00000013	addi	x0,x0,0	  x0:0x00000000
     323355.000 ns	     32334	80006ce0	d00e7953	fcvt.s.w	f18,x28	 x28:0x00000001 f18=0x3f800000
     323375.000 ns	     32336	80006ce4	0157d813	srli	x16,x15,0x15	 x15:0x00000000 x16=0x00000000
     323395.000 ns	     32338	80006ce8	a0bcabd3	feq.s	x23,f25,f11	 f25:0x7fc00000 f11:0x7fc00000 x23=0x00000000
     323415.000 ns	     32340	80006cec	00f2a033	slt	x0,x5,x15	  x5:0x00000000 x15:0x00000000
     323425.000 ns	     32341	80006cf0	40e85f33	sra	x30,x16,x14	 x16:0x00000000 x14:0x00000000 x30=0x00000000
     323435.000 ns	     32342	80006cf4	404ed893	srai	x17,x29,0x4	 x29:0x80041024 x17=0xf8004102
     323445.000 ns	     32343	80006cf8	01fccb33	xor	x22,x25,x31	 x25:0x00000000 x31:0x00000000 x22=0x00000000
     323805.000 ns	     32379	80006cfc	03ca5733	divu	x14,x20,x28	 x20:0x00000000 x28:0x00000001 x14=0x00000000
     323835.000 ns	     32382	80006d00	0278b333	mulhu	x6,x17,x7	 x17:0xf8004102  x7:0x00000619  x6=0x000005e8
     323855.000 ns	     32384	80006d04	0021ecb3	or	x25,x3,x2	  x3:0x00000000  x2:0xed14be56 x25=0xed14be56
     324215.000 ns	     32420	80006d08	022bfdb3	remu	x27,x23,x2	 x23:0x00000000  x2:0xed14be56 x27=0x00000000
     324245.000 ns	     32423	80006d0c	209522d3	fsgnjx.s	f5,f10,f9	 f10:0xcd975a0d  f9:0x00000000  f5=0xcd975a0d
     324275.000 ns	     32426	80006d10	d01d7853	fcvt.s.wu	f16,x26	 x26:0x00000000 f16=0x00000000
     324305.000 ns	     32429	80006d14	c0047dd3	fcvt.w.s	x27,f8	  f8:0x40000000 x27=0x00000002
     324325.000 ns	     32431	80006d18	00c1d733	srl	x14,x3,x12	  x3:0x00000000 x12:0x80040fe4 x14=0x00000000
     324345.000 ns	     32433	80006d1c	030c44b3	div	x9,x24,x16	 x24:0x7aeac000 x16:0x00000000  x9=0xffffffff
     324365.000 ns	     32435	80006d20	73118a13	addi	x20,x3,1841	  x3:0x00000000 x20=0x00000731
     324375.000 ns	     32436	80006d24	00a7dc33	srl	x24,x15,x10	 x15:0x00000000 x10:0x00000000 x24=0x00000000
     324395.000 ns	     32438	80006d28	c0057953	fcvt.w.s	x18,f10	 f10:0xcd975a0d x18=0x12eb41a0
     324415.000 ns	     32440	80006d2c	400b57b3	sra	x15,x22,x0	 x22:0x00000000  x0:0x00000000 x15=0x00000000
     324425.000 ns	     32441	80006d30	40405d93	srai	x27,x0,0x4	  x0:0x00000000 x27=0x00000000
     324455.000 ns	     32444	80006d34	19c3a9d3	fdiv.s	f19,f7,f28	  f7:0x44c32000 f28:0x7fc00000 f19=0x7fc00000
     324475.000 ns	     32446	80006d38	a2b76993	ori	x19,x14,-1493	 x14:0x00000000 x19=0xfffffa2b
     324485.000 ns	     32447	80006d3c	2b162b93	slti	x23,x12,689	 x12:0x80040fe4 x23=0x00000001
     324505.000 ns	     32449	80006d40	0239dbb3	divu	x23,x19,x3	 x19:0x00000000  x3:0x00000000 x23=0xffffffff
     324525.000 ns	     32451	80006d44	014c1493	slli	x9,x24,0x14	 x24:0x00000000  x9=0x00000000
     324535.000 ns	     32452	80006d48	b5d5fd93	andi	x27,x11,-1187	 x11:0x00000089 x27=0x00000009
     324545.000 ns	     32453	80006d4c	01c12c33	slt	x24,x2,x28	  x2:0xed14be56 x28:0x00000001 x24=0x00000001
     324565.000 ns	     32455	80006d50	d006f053	fcvt.s.w	f0,x13	 x13:0x00000000  f0=0x00000000
     324595.000 ns	     32458	80006d54	0202c433	div	x8,x5,x0	  x5:0x00000000  x0:0x00000000  x8=0xffffffff
     324625.000 ns	     32461	80006d58	e0080853	fmv.x.w	x16,f16	 f16:0x00000000 x16=0x00000000
     324645.000 ns	     32463	80006d5c	01981cb3	sll	x25,x16,x25	 x16:0x00000000 x25:0xed14be56 x25=0x00000000
     324665.000 ns	     32465	80006d60	e0041453	fclass.s	x8,f8	  f8:0x40000000  x8=0x00000040
     324695.000 ns	     32468	80006d64	21b72ed3	fsgnjx.s	f29,f14,f27	 f14:0x421e09b4 f27:0x00000000 f29=0x421e09b4
     324725.000 ns	     32471	80006d68	0204fa33	remu	x20,x9,x0	  x9:0x00000000  x0:0x00000000 x20=0x00000000
     324755.000 ns	     32474	80006d6c	29148753	fmin.s	f14,f9,f17	  f9:0x00000000 f17:0x7fc00000 f14=0x00000000
     324775.000 ns	     32476	80006d70	0129f6b3	and	x13,x19,x18	 x19:0xfffffa2b x18:0x12eb41a0 x13=0x12eb4020
     324785.000 ns	     32477	80006d74	82e62593	slti	x11,x12,-2002	 x12:0x80040fe4 x11=0x00000001
     324795.000 ns	     32478	80006d78	00f128b3	slt	x17,x2,x15	  x2:0xed14be56 x15:0x00000000 x17=0x00000001
     324815.000 ns	     32480	80006d7c	c00dfe53	fcvt.w.s	x28,f27	 f27:0x00000000 x28=0x00000000
     325185.000 ns	     32517	80006d80	032e61b3	rem	x3,x28,x18	 x28:0x00000001 x18:0x12eb41a0  x3=0x00000000
     325205.000 ns	     32519	80006d84	8269ed13	ori	x26,x19,-2010	 x19:0xfffffa2b x26=0xfffffa2f
     325215.000 ns	     32520	80006d88	00d8d093	srli	x1,x17,0xd	 x17:0x00000001  x1=0x00000000
     325225.000 ns	     32521	80006d8c	650c1997	auipc	x19,0x650c1	 x19=0xe50c7d8c
     325265.000 ns	     32525	80006d90	01adbbd3	fadd.s	f23,f27,f26	 f27:0x00000000 f26:0x421e09b4 f23=0x421e09b4
     325285.000 ns	     32527	80006d94	60bf8993	addi	x19,x31,1547	 x31:0x00000000 x19=0x0000060b
     325295.000 ns	     32528	80006d98	417b05b3	sub	x11,x22,x23	 x22:0x00000000 x23:0xffffffff x11=0x00000001
     325305.000 ns	     32529	80006d9c	c8ed6a93	ori	x21,x26,-882	 x26:0xfffffa2f x21=0xfffffeaf
     325325.000 ns	     32531	80006da0	294406d3	fmin.s	f13,f8,f20	  f8:0x40000000 f20:0x7fc00000 f13=0x40000000
     325345.000 ns	     32533	80006da4	01dc4c33	xor	x24,x24,x29	 x24:0x00000001 x29:0x80041024 x24=0x80041025
     325365.000 ns	     32535	80006da8	03ffeab3	rem	x21,x31,x31	 x31:0x00000000 x31:0x00000000 x21=0x00000000
     325385.000 ns	     32537	80006dac	01a79993	slli	x19,x15,0x1a	 x15:0x00000000 x19=0x00000000
     325395.000 ns	     32538	80006db0	61fb3b97	auipc	x23,0x61fb3	 x23=0xe1fb9db0
     325405.000 ns	     32539	80006db4	00000013	addi	x0,x0,0	  x0:0x00000000
     325415.000 ns	     32540	80006db8	ed5617b7	lui	x15,0xed561	 x15=0xed561000
     325445.000 ns	     32543	80006dbc	11d04bd3	fmul.s	f23,f0,f29	  f0:0x00000000 f29:0x421e09b4 f23=0x00000000
     325475.000 ns	     32546	80006dc0	e00397d3	fclass.s	x15,f7	  f7:0x44c32000 x15=0x00000040
     325505.000 ns	     32549	80006dc4	029d6533	rem	x10,x26,x9	 x26:0xfffffa2f  x9:0x00000000 x10=0xfffffa2f
     325525.000 ns	     32551	80006dc8	003fd813	srli	x16,x31,0x3	 x31:0x00000000 x16=0x00000000
     325535.000 ns	     32552	80006dcc	00845693	srli	x13,x8,0x8	  x8:0x00000040 x13=0x00000000
     325555.000 ns	     32554	80006dd0	21981953	fsgnjn.s	f18,f16,f25	 f16:0x00000000 f25:0x7fc00000 f18=0x80000000
     325585.000 ns	     32557	80006dd4	28599653	fmax.s	f12,f19,f5	 f19:0x7fc00000  f5:0xcd975a0d f12=0xcd975a0d
     325615.000 ns	     32560	80006dd8	a1dc2cd3	feq.s	x25,f24,f29	 f24:0x7fc00000 f29:0x421e09b4 x25=0x00000000
     325665.000 ns	     32565	80006ddc	089b0c53	fsub.s	f24,f22,f9	 f22:0x00000000  f9:0x00000000 f24=0x80000000
     325695.000 ns	     32568	80006de0	e0050f53	fmv.x.w	x30,f10	 f10:0xcd975a0d x30=0xcd975a0d
     325715.000 ns	     32570	80006de4	01e61c33	sll	x24,x12,x30	 x12:0x80040fe4 x30:0x00000000 x24=0x81fc8000
     325735.000 ns	     32572	80006de8	f00681d3	fmv.w.x	f3,x13	 x13:0x00000000  f3=0x00000000
     325755.000 ns	     32574	80006dec	0a930a93	addi	x21,x6,169	  x6:0x000005e8 x21=0x00000691
     325765.000 ns	     32575	80006df0	2485cc37	lui	x24,0x2485c	 x24=0x2485c000
     325775.000 ns	     32576	80006df4	4105d493	srai	x9,x11,0x10	 x11:0x00000001  x9=0x00000000
     325785.000 ns	     32577	80006df8	ec27af13	slti	x30,x15,-318	 x15:0x00000040 x30=0x00000000
     325795.000 ns	     32578	80006dfc	01ad01b3	add	x3,x26,x26	 x26:0xfffffa2f x26:0xfffffa2f  x3=0xfffff45e
     325835.000 ns	     32582	80006e00	00f7f253	fadd.s	f4,f15,f15	 f15:0x3f800000 f15:0x3f800000  f4=0x40000000
     325865.000 ns	     32585	80006e04	20a192d3	fsgnjn.s	f5,f3,f10	  f3:0x00000000 f10:0xcd975a0d  f5=0x00000000
     325885.000 ns	     32587	80006e08	019494b3	sll	x9,x9,x25	  x9:0x00000000 x25:0x00000000  x9=0x00000000
     325895.000 ns	     32588	80006e0c	409850b3	sra	x1,x16,x9	 x16:0x00000000  x9:0x00000000  x1=0x00000000
     325905.000 ns	     32589	80006e10	00bca4b3	slt	x9,x25,x11	 x25:0x00000000 x11:0x00000001  x9=0x00000001
     327075.000 ns	     32706	80006e14	5807f553	fsqrt.s	f10,f15	 f15:0x3f800000 f10=0x3f7fffae
     327095.000 ns	     32708	80006e18	5499be17	auipc	x28,0x5499b	 x28=0xd49a1e18
     327105.000 ns	     32709	80006e1c	00ca0333	add	x6,x20,x12	 x20:0x00000000 x12:0x80040fe4  x6=0x80040fe4
     327125.000 ns	     32711	80006e20	212b8f53	fsgnj.s	f30,f23,f18	 f23:0x00000000 f18:0x80000000 f30=0x80000000
     327145.000 ns	     32713	80006e24	83674513	xori	x10,x14,-1994	 x14:0x00000000 x10=0xfffff836
     327165.000 ns	     32715	80006e28	c0197453	fcvt.wu.s	x8,f18	 f18:0x80000000  x8=0x00000000
     327535.000 ns	     32752	80006e2c	037f63b3	rem	x7,x30,x23	 x30:0x00000000 x23:0xe1fb9db0  x7=0x00000000
     327555.000 ns	     32754	80006e30	40c08033	sub	x0,x1,x12	  x1:0x00000000 x12:0x80040fe4
     327575.000 ns	     32756	80006e34	283e07d3	fmin.s	f15,f28,f3	 f28:0x7fc00000  f3:0x00000000 f15=0x00000000
     327605.000 ns	     32759	80006e38	033f6733	rem	x14,x30,x19	 x30:0x00000000 x19:0x00000000 x14=0x00000000
     327975.000 ns	     32796	80006e3c	03d07e33	remu	x28,x0,x29	  x0:0x00000000 x29:0x80041024 x28=0x00000000
     327995.000 ns	     32798	80006e40	402153b3	sra	x7,x2,x2	  x2:0xed14be56  x2:0xed14be56  x7=0xffffffb4
     328015.000 ns	     32800	80006e44	20e294d3	fsgnjn.s	f9,f5,f14	  f5:0x00000000 f14:0x00000000  f9=0x80000000
     328035.000 ns	     32802	80006e48	ff530b93	addi	x23,x6,-11	  x6:0x80040fe4 x23=0x80040fd9
     328045.000 ns	     32803	80006e4c	00451293	slli	x5,x10,0x4	 x10:0xfffff836  x5=0xffff8360
     328065.000 ns	     32805	80006e50	d00291d3	fcvt.s.w	f3,x5	  x5:0x00000000  f3=0xc6f94000
     328085.000 ns	     32807	80006e54	418f5713	srai	x14,x30,0x18	 x30:0x00000000 x14=0x00000000
     328105.000 ns	     32809	80006e58	03ed3e33	mulhu	x28,x26,x30	 x26:0xfffffa2f x30:0x00000000 x28=0x00000000
     328125.000 ns	     32811	80006e5c	41f65213	srai	x4,x12,0x1f	 x12:0x80040fe4  x4=0xffffffff
     328135.000 ns	     32812	80006e60	410c0a33	sub	x20,x24,x16	 x24:0x2485c000 x16:0x00000000 x20=0x2485c000
     328155.000 ns	     32814	80006e64	030fa233	mulhsu	x4,x31,x16	 x31:0x00000000 x16:0x00000000  x4=0x00000000
     328185.000 ns	     32817	80006e68	29a19f53	fmax.s	f30,f3,f26	  f3:0xc6f94000 f26:0x421e09b4 f30=0x421e09b4
     328205.000 ns	     32819	80006e6c	40d85933	sra	x18,x16,x13	 x16:0x00000000 x13:0x00000000 x18=0x00000000
     328215.000 ns	     32820	80006e70	6fc0e193	ori	x3,x1,1788	  x1:0x00000000  x3=0x000006fc
     328225.000 ns	     32821	80006e74	002e9bb3	sll	x23,x29,x2	 x29:0x80041024  x2:0xed14be56 x23=0x09000000
     329395.000 ns	     32938	80006e78	580120d3	fsqrt.s	f1,f2	  f2:0x421e09b4  f1=0x405f7f40
     329415.000 ns	     32940	80006e7c	019fca33	xor	x20,x31,x25	 x31:0x00000000 x25:0x00000000 x20=0x00000000
     329435.000 ns	     32942	80006e80	02a802b3	mul	x5,x16,x10	 x16:0x00000000 x10:0xfffff836  x5=0x00000000
     329455.000 ns	     32944	80006e84	00eecab3	xor	x21,x29,x14	 x29:0x80041024 x14:0x00000000 x21=0x80041024
     330625.000 ns	     33061	80006e88	58043553	fsqrt.s	f10,f8	  f8:0x40000000 f10=0x3f350482
     330645.000 ns	     33063	80006e8c	009d4fb3	xor	x31,x26,x9	 x26:0xfffffa2f  x9:0x00000001 x31=0xfffffa2e
     330665.000 ns	     33065	80006e90	a1d78253	fle.s	x4,f15,f29	 f15:0x00000000 f29:0x421e09b4  x4=0x00000001
     330695.000 ns	     33068	80006e94	284c8b53	fmin.s	f22,f25,f4	 f25:0x7fc00000  f4:0x40000000 f22=0x40000000
     330715.000 ns	     33070	80006e98	01e7b533	sltu	x10,x15,x30	 x15:0x00000040 x30:0x00000000 x10=0x00000000
     331075.000 ns	     33106	80006e9c	03aec533	div	x10,x29,x26	 x29:0x80041024 x26:0xfffffa2f x10=0x00160105
     331105.000 ns	     33109	80006ea0	03c9e3b3	rem	x7,x19,x28	 x19:0x00000000 x28:0x00000000  x7=0x00000000
     331125.000 ns	     33111	80006ea4	61e8bf13	sltiu	x30,x17,1566	 x17:0x00000001 x30=0x00000001
     331145.000 ns	     33113	80006ea8	2152a053	fsgnjx.s	f0,f5,f21	  f5:0x00000000 f21:0x7fc00000  f0=0x00000000
     331165.000 ns	     33115	80006eac	00e200b3	add	x1,x4,x14	  x4:0x00000001 x14:0x00000000  x1=0x00000001
     331185.000 ns	     33117	80006eb0	e00585d3	fmv.x.w	x11,f11	 f11:0x7fc00000 x11=0x7fc00000
     331215.000 ns	     33120	80006eb4	a0a42b53	feq.s	x22,f8,f10	  f8:0x40000000 f10:0x3f350482 x22=0x00000000
     331235.000 ns	     33122	80006eb8	cfc2b713	sltiu	x14,x5,-772	  x5:0x00000000 x14=0x00000001
     331245.000 ns	     33123	80006ebc	0033e933	or	x18,x7,x3	  x7:0x00000000  x3:0x000006fc x18=0x000006fc
     331255.000 ns	     33124	80006ec0	bd33a2b7	lui	x5,0xbd33a	  x5=0xbd33a000
     331275.000 ns	     33126	80006ec4	c007b2d3	fcvt.w.s	x5,f15	 f15:0x00000000  x5=0x00000000
     331295.000 ns	     33128	80006ec8	01a31cb3	sll	x25,x6,x26	  x6:0x80040fe4 x26:0xfffffa2f x25=0x07f20000
     331335.000 ns	     33132	80006ecc	080f7353	fsub.s	f6,f30,f0	 f30:0x421e09b4  f0:0x00000000  f6=0x421e09b4
     331355.000 ns	     33134	80006ed0	01154e33	xor	x28,x10,x17	 x10:0x00160105 x17:0x00000001 x28=0x00160104
     331375.000 ns	     33136	80006ed4	0276f6b3	remu	x13,x13,x7	 x13:0x00000000  x7:0x00000000 x13=0x00000000
     331395.000 ns	     33138	80006ed8	85fd4a37	lui	x20,0x85fd4	 x20=0x85fd4000
     331415.000 ns	     33140	80006edc	025b03b3	mul	x7,x22,x5	 x22:0x00000000  x5:0x00000000  x7=0x00000000
     331435.000 ns	     33142	80006ee0	be513f13	sltiu	x30,x2,-1051	  x2:0xed14be56 x30=0x00000001
     331455.000 ns	     33144	80006ee4	d005f653	fcvt.s.w	f12,x11	 x11:0x7fc00000 f12=0x4eff8000
     331485.000 ns	     33147	80006ee8	207e2b53	fsgnjx.s	f22,f28,f7	 f28:0x7fc00000  f7:0x44c32000 f22=0x7fc00000
     331505.000 ns	     33149	80006eec	019a6933	or	x18,x20,x25	 x20:0x85fd4000 x25:0x07f20000 x18=0x87ff4000
     331865.000 ns	     33185	80006ef0	02954bb3	div	x23,x10,x9	 x10:0x00160105  x9:0x00000001 x23=0x00160105
     331895.000 ns	     33188	80006ef4	e0080953	fmv.x.w	x18,f16	 f16:0x00000000 x18=0x00000000
     332265.000 ns	     33225	80006ef8	02e361b3	rem	x3,x6,x14	  x6:0x80040fe4 x14:0x00000001  x3=0x00000000
     332295.000 ns	     33228	80006efc	c0177f53	fcvt.wu.s	x30,f14	 f14:0x00000000 x30=0x00000000
     332315.000 ns	     33230	80006f00	010a30b3	sltu	x1,x20,x16	 x20:0x85fd4000 x16:0x00000000  x1=0x00000000
     332335.000 ns	     33232	80006f04	02713b33	mulhu	x22,x2,x7	  x2:0xed14be56  x7:0x00000000 x22=0x00000000
     332355.000 ns	     33234	80006f08	01b60b33	add	x22,x12,x27	 x12:0x80040fe4 x27:0x00000009 x22=0x80040fed
     332395.000 ns	     33238	80006f0c	0182a853	fadd.s	f16,f5,f24	  f5:0x00000000 f24:0x80000000 f16=0x80000000
     332425.000 ns	     33241	80006f10	a0511353	flt.s	x6,f2,f5	  f2:0x421e09b4  f5:0x00000000  x6=0x00000000
     332445.000 ns	     33243	80006f14	d2dfa213	slti	x4,x31,-723	 x31:0xfffffa2e  x4=0x00000001
     332465.000 ns	     33245	80006f18	c015f053	fcvt.wu.s	x0,f11	 f11:0x7fc00000
     332495.000 ns	     33248	80006f1c	c0097253	fcvt.w.s	x4,f18	 f18:0x80000000  x4=0x00000000
     332515.000 ns	     33250	80006f20	01130ab3	add	x21,x6,x17	  x6:0x00000000 x17:0x00000001 x21=0x00000001
     332555.000 ns	     33254	80006f24	0110a953	fadd.s	f18,f1,f17	  f1:0x405f7f40 f17:0x7fc00000 f18=0x7fc00000
     332585.000 ns	     33257	80006f28	03b800b3	mul	x1,x16,x27	 x16:0x00000000 x27:0x00000009  x1=0x00000000
     332615.000 ns	     33260	80006f2c	a1cb1dd3	flt.s	x27,f22,f28	 f22:0x7fc00000 f28:0x7fc00000 x27=0x00000000
     332645.000 ns	     33263	80006f30	036a8bb3	mul	x23,x21,x22	 x21:0x00000001 x22:0x80040fed x23=0x80040fed
     332675.000 ns	     33266	80006f34	21eb0153	fsgnj.s	f2,f22,f30	 f22:0x7fc00000 f30:0x421e09b4  f2=0x7fc00000
     332695.000 ns	     33268	80006f38	00fa43b3	xor	x7,x20,x15	 x20:0x85fd4000 x15:0x00000040  x7=0x85fd4040
     332705.000 ns	     33269	80006f3c	f16fb393	sltiu	x7,x31,-234	 x31:0xfffffa2e  x7=0x00000001
     332715.000 ns	     33270	80006f40	41d0dc93	srai	x25,x1,0x1d	  x1:0x00000000 x25=0x00000000
     332735.000 ns	     33272	80006f44	28ad88d3	fmin.s	f17,f27,f10	 f27:0x00000000 f10:0x3f350482 f17=0x00000000
     332755.000 ns	     33274	80006f48	01681813	slli	x16,x16,0x16	 x16:0x00000000 x16=0x00000000
     332765.000 ns	     33275	80006f4c	01c84033	xor	x0,x16,x28	 x16:0x00000000 x28:0x00160104
     332795.000 ns	     33278	80006f50	118efdd3	fmul.s	f27,f29,f24	 f29:0x421e09b4 f24:0x80000000 f27=0x80000000
     332825.000 ns	     33281	80006f54	030305b3	mul	x11,x6,x16	  x6:0x00000000 x16:0x00000000 x11=0x00000000
     332855.000 ns	     33284	80006f58	037fbe33	mulhu	x28,x31,x23	 x31:0xfffffa2e x23:0x80040fed x28=0x80040d03
     332895.000 ns	     33288	80006f5c	104b11d3	fmul.s	f3,f22,f4	 f22:0x7fc00000  f4:0x40000000  f3=0x7fc00000
     332925.000 ns	     33291	80006f60	0203aab3	mulhsu	x21,x7,x0	  x7:0x00000001  x0:0x00000000 x21=0x00000000
     332955.000 ns	     33294	80006f64	02bbeab3	rem	x21,x23,x11	 x23:0x80040fed x11:0x00000000 x21=0x80040fed
     332975.000 ns	     33296	80006f68	01395d93	srli	x27,x18,0x13	 x18:0x00000000 x27=0x00000000
     333005.000 ns	     33299	80006f6c	580df1d3	fsqrt.s	f3,f27	 f27:0x80000000  f3=0x80000000
     333055.000 ns	     33304	80006f70	08ad71d3	fsub.s	f3,f26,f10	 f26:0x421e09b4 f10:0x3f350482  f3=0x421b35a1
     333075.000 ns	     33306	80006f74	41220333	sub	x6,x4,x18	  x4:0x00000000 x18:0x00000000  x6=0x00000000
     333095.000 ns	     33308	80006f78	20540ad3	fsgnj.s	f21,f8,f5	  f8:0x40000000  f5:0x00000000 f21=0x40000000
     333135.000 ns	     33312	80006f7c	10a4f9d3	fmul.s	f19,f9,f10	  f9:0x80000000 f10:0x3f350482 f19=0x80000000
     333175.000 ns	     33316	80006f80	1057fc53	fmul.s	f24,f15,f5	 f15:0x00000000  f5:0x00000000 f24=0x00000000
     333195.000 ns	     33318	80006f84	00219933	sll	x18,x3,x2	  x3:0x00000000  x2:0xed14be56 x18=0x00000000
     333215.000 ns	     33320	80006f88	d01e79d3	fcvt.s.wu	f19,x28	 x28:0x80040d03 f19=0x4f00040d
     333245.000 ns	     33323	80006f8c	03b1bbb3	mulhu	x23,x3,x27	  x3:0x00000000 x27:0x00000000 x23=0x00000000
     333265.000 ns	     33325	80006f90	41d55493	srai	x9,x10,0x1d	 x10:0x00160105  x9=0x00000000
     333275.000 ns	     33326	80006f94	00000013	addi	x0,x0,0	  x0:0x00000000
     333295.000 ns	     33328	80006f98	28cb8cd3	fmin.s	f25,f23,f12	 f23:0x00000000 f12:0x4eff8000 f25=0x00000000
     333315.000 ns	     33330	80006f9c	5035c937	lui	x18,0x5035c	 x18=0x5035c000
     333335.000 ns	     33332	80006fa0	21f81353	fsgnjn.s	f6,f16,f31	 f16:0x80000000 f31:0x00000000  f6=0x80000000
     333365.000 ns	     33335	80006fa4	d0027b53	fcvt.s.w	f22,x4	  x4:0x00000000 f22=0x00000000
     333395.000 ns	     33338	80006fa8	c00424d3	fcvt.w.s	x9,f8	  f8:0x40000000  x9=0x00000002
     333765.000 ns	     33375	80006fac	029d4f33	div	x30,x26,x9	 x26:0xfffffa2f  x9:0x00000000 x30=0xfffffd18
     333795.000 ns	     33378	80006fb0	28fd98d3	fmax.s	f17,f27,f15	 f27:0x80000000 f15:0x00000000 f17=0x00000000
     333815.000 ns	     33380	80006fb4	41df5713	srai	x14,x30,0x1d	 x30:0xfffffd18 x14=0xffffffff
     333855.000 ns	     33384	80006fb8	08877453	fsub.s	f8,f14,f8	 f14:0x00000000  f8:0x40000000  f8=0xc0000000
     333885.000 ns	     33387	80006fbc	21f720d3	fsgnjx.s	f1,f14,f31	 f14:0x00000000 f31:0x00000000  f1=0x00000000
     333915.000 ns	     33390	80006fc0	f00a09d3	fmv.w.x	f19,x20	 x20:0x85fd4000 f19=0x85fd4000
     333965.000 ns	     33395	80006fc4	000daf53	fadd.s	f30,f27,f0	 f27:0x80000000  f0:0x00000000 f30=0x00000000
     333985.000 ns	     33397	80006fc8	40480433	sub	x8,x16,x4	 x16:0x00000000  x4:0x00000000  x8=0x00000000
     334005.000 ns	     33399	80006fcc	e0009453	fclass.s	x8,f1	  f1:0x00000000  x8=0x00000010
     334025.000 ns	     33401	80006fd0	00000013	addi	x0,x0,0	  x0:0x00000000
     334035.000 ns	     33402	80006fd4	0031f3b3	and	x7,x3,x3	  x3:0x00000000  x3:0x00000000  x7=0x00000000
     334045.000 ns	     33403	80006fd8	401ad233	sra	x4,x21,x1	 x21:0x80040fed  x1:0x00000000  x4=0x80040fed
     334065.000 ns	     33405	80006fdc	d0197cd3	fcvt.s.wu	f25,x18	 x18:0x5035c000 f25=0x4ea06b80
     334105.000 ns	     33409	80006fe0	580c7cd3	fsqrt.s	f25,f24	 f24:0x00000000 f25=0x00000000
     334135.000 ns	     33412	80006fe4	033af833	remu	x16,x21,x19	 x21:0x80040fed x19:0x00000000 x16=0x80040fed
     334505.000 ns	     33449	80006fe8	0325f433	remu	x8,x11,x18	 x11:0x00000000 x18:0x5035c000  x8=0x00000000
     334545.000 ns	     33453	80006fec	192071d3	fdiv.s	f3,f0,f18	  f0:0x00000000 f18:0x7fc00000  f3=0x7fc00000
     334565.000 ns	     33455	80006ff0	01989393	slli	x7,x17,0x19	 x17:0x00000001  x7=0x02000000
     334585.000 ns	     33457	80006ff4	02e88d33	mul	x26,x17,x14	 x17:0x00000001 x14:0xffffffff x26=0xffffffff
     334605.000 ns	     33459	80006ff8	2cd04a93	xori	x21,x0,717	  x0:0x00000000 x21=0x000002cd
     334625.000 ns	     33461	80006ffc	d00797d3	fcvt.s.w	f15,x15	 x15:0x00000040 f15=0x42800000
     334655.000 ns	     33464	80007000	21bf0ed3	fsgnj.s	f29,f30,f27	 f30:0x00000000 f27:0x80000000 f29=0x80000000
     334685.000 ns	     33467	80007004	f00b0953	fmv.w.x	f18,x22	 x22:0x80040fed f18=0x80040fed
     334715.000 ns	     33470	80007008	d002a553	fcvt.s.w	f10,x5	  x5:0x00000000 f10=0x00000000
     334745.000 ns	     33473	8000700c	f00f04d3	fmv.w.x	f9,x30	 x30:0xfffffd18  f9=0xfffffd18
     334765.000 ns	     33475	80007010	f0493437	lui	x8,0xf0493	  x8=0xf0493000
     334775.000 ns	     33476	80007014	004de533	or	x10,x27,x4	 x27:0x00000000  x4:0x80040fed x10=0x80040fed
     334795.000 ns	     33478	80007018	d00b02d3	fcvt.s.w	f5,x22	 x22:0x80040fed  f5=0xcefff7e0
     334825.000 ns	     33481	8000701c	20a01d53	fsgnjn.s	f26,f0,f10	  f0:0x00000000 f10:0x00000000 f26=0x80000000
     334855.000 ns	     33484	80007020	21620d53	fsgnj.s	f26,f4,f22	  f4:0x40000000 f22:0x00000000 f26=0x40000000
     335225.000 ns	     33521	80007024	02e94fb3	div	x31,x18,x14	 x18:0x5035c000 x14:0xffffffff x31=0xafca4000
     335265.000 ns	     33525	80007028	11968cd3	fmul.s	f25,f13,f25	 f13:0x40000000 f25:0x00000000 f25=0x00000000
     335315.000 ns	     33530	8000702c	01b2f0d3	fadd.s	f1,f5,f27	  f5:0xcefff7e0 f27:0x80000000  f1=0xcefff7e0
     335335.000 ns	     33532	80007030	0014bd33	sltu	x26,x9,x1	  x9:0x00000002  x1:0x00000000 x26=0x00000000
     335355.000 ns	     33534	80007034	d01a78d3	fcvt.s.wu	f17,x20	 x20:0x85fd4000 f17=0x4f05fd40
     335375.000 ns	     33536	80007038	0144a1b3	slt	x3,x9,x20	  x9:0x00000002 x20:0x85fd4000  x3=0x00000000
     335385.000 ns	     33537	8000703c	0124d413	srli	x8,x9,0x12	  x9:0x00000002  x8=0x00000000
     335395.000 ns	     33538	80007040	00b7ebb3	or	x23,x15,x11	 x15:0x00000040 x11:0x00000000 x23=0x00000040
     335755.000 ns	     33574	80007044	038c52b3	divu	x5,x24,x24	 x24:0x2485c000 x24:0x2485c000  x5=0x00000001
     335775.000 ns	     33576	80007048	403a5db3	sra	x27,x20,x3	 x20:0x85fd4000  x3:0x00000000 x27=0x85fd4000
     335785.000 ns	     33577	8000704c	0192b533	sltu	x10,x5,x25	  x5:0x00000001 x25:0x00000000 x10=0x00000000
     335805.000 ns	     33579	80007050	f00c0bd3	fmv.w.x	f23,x24	 x24:0x2485c000 f23=0x2485c000
     335835.000 ns	     33582	80007054	027e2f33	mulhsu	x30,x28,x7	 x28:0x80040d03  x7:0x02000000 x30=0xff00081a
     335855.000 ns	     33584	80007058	76e17317	auipc	x6,0x76e17	  x6=0xf6e1e058
     335865.000 ns	     33585	8000705c	01015233	srl	x4,x2,x16	  x2:0xed14be56 x16:0x80040fed  x4=0x000768a5
     335885.000 ns	     33587	80007060	d0117b53	fcvt.s.wu	f22,x2	  x2:0xed14be56 f22=0x4f6d14be
     335905.000 ns	     33589	80007064	7ab78193	addi	x3,x15,1963	 x15:0x00000040  x3=0x000007eb
     335915.000 ns	     33590	80007068	4e56c217	auipc	x4,0x4e56c	  x4=0xce573068
     335925.000 ns	     33591	8000706c	41bdd8b3	sra	x17,x27,x27	 x27:0x85fd4000 x27:0x85fd4000 x17=0x85fd4000
     335945.000 ns	     33593	80007070	293a1ed3	fmax.s	f29,f20,f19	 f20:0x7fc00000 f19:0x85fd4000 f29=0x85fd4000
     335975.000 ns	     33596	80007074	28e41053	fmax.s	f0,f8,f14	  f8:0xc0000000 f14:0x00000000  f0=0x00000000
     335995.000 ns	     33598	80007078	41078fb3	sub	x31,x15,x16	 x15:0x00000040 x16:0x80040fed x31=0x7ffbf053
     336015.000 ns	     33600	8000707c	c004f953	fcvt.w.s	x18,f9	  f9:0xfffffd18 x18=0x7fffffff
     336385.000 ns	     33637	80007080	02c04a33	div	x20,x0,x12	  x0:0x00000000 x12:0x80040fe4 x20=0x00000000
     336415.000 ns	     33640	80007084	218c9353	fsgnjn.s	f6,f25,f24	 f25:0x00000000 f24:0x00000000  f6=0x80000000
     336435.000 ns	     33642	80007088	015cdab3	srl	x21,x25,x21	 x25:0x00000000 x21:0x000002cd x21=0x00000000
     336455.000 ns	     33644	8000708c	d00f74d3	fcvt.s.w	f9,x30	 x30:0xff00081a  f9=0xcb7ff7e6
     336475.000 ns	     33646	80007090	016b34b3	sltu	x9,x22,x22	 x22:0x80040fed x22:0x80040fed  x9=0x00000000
     336485.000 ns	     33647	80007094	016bf0b3	and	x1,x23,x22	 x23:0x00000040 x22:0x80040fed  x1=0x00000040
     336505.000 ns	     33649	80007098	f00a0e53	fmv.w.x	f28,x20	 x20:0x00000000 f28=0x00000000
     336535.000 ns	     33652	8000709c	21750253	fsgnj.s	f4,f10,f23	 f10:0x00000000 f23:0x2485c000  f4=0x00000000
     336565.000 ns	     33655	800070a0	02afc333	div	x6,x31,x10	 x31:0x7ffbf053 x10:0x00000000  x6=0xffffffff
     336935.000 ns	     33692	800070a4	0218ddb3	divu	x27,x17,x1	 x17:0x85fd4000  x1:0x00000040 x27=0x0217f500
     336965.000 ns	     33695	800070a8	a066a853	feq.s	x16,f13,f6	 f13:0x40000000  f6:0x80000000 x16=0x00000000
     337005.000 ns	     33699	800070ac	58027d53	fsqrt.s	f26,f4	  f4:0x00000000 f26=0x00000000
     337035.000 ns	     33702	800070b0	e00d10d3	fclass.s	x1,f26	 f26:0x40000000  x1=0x00000010
     337065.000 ns	     33705	800070b4	28329bd3	fmax.s	f23,f5,f3	  f5:0xcefff7e0  f3:0x7fc00000 f23=0xcefff7e0
     337085.000 ns	     33707	800070b8	1d05ffb7	lui	x31,0x1d05f	 x31=0x1d05f000
     337105.000 ns	     33709	800070bc	a1c90253	fle.s	x4,f18,f28	 f18:0x80040fed f28:0x00000000  x4=0x00000001
     337125.000 ns	     33711	800070c0	00550d33	add	x26,x10,x5	 x10:0x00000000  x5:0x00000001 x26=0x00000001
     337145.000 ns	     33713	800070c4	21962b53	fsgnjx.s	f22,f12,f25	 f12:0x4eff8000 f25:0x00000000 f22=0x4eff8000
     337175.000 ns	     33716	800070c8	c0103253	fcvt.wu.s	x4,f0	  f0:0x00000000  x4=0x00000000
     337195.000 ns	     33718	800070cc	007b1233	sll	x4,x22,x7	 x22:0x80040fed  x7:0x02000000  x4=0x80040fed
     337555.000 ns	     33754	800070d0	02cc5833	divu	x16,x24,x12	 x24:0x2485c000 x12:0x80040fe4 x16=0x00000000
     337575.000 ns	     33756	800070d4	40dddd93	srai	x27,x27,0xd	 x27:0x0217f500 x27=0x000010bf
     337595.000 ns	     33758	800070d8	a17b84d3	fle.s	x9,f23,f23	 f23:0xcefff7e0 f23:0xcefff7e0  x9=0x00000001
     337625.000 ns	     33761	800070dc	28bb0053	fmin.s	f0,f22,f11	 f22:0x4eff8000 f11:0x7fc00000  f0=0x4eff8000
     337645.000 ns	     33763	800070e0	51517713	andi	x14,x2,1301	  x2:0xed14be56 x14=0x00000414
     337655.000 ns	     33764	800070e4	40cf03b3	sub	x7,x30,x12	 x30:0xff00081a x12:0x80040fe4  x7=0x7efbf836
     337675.000 ns	     33766	800070e8	02fa9c33	mulh	x24,x21,x15	 x21:0x00000000 x15:0x00000040 x24=0x00000000
     338045.000 ns	     33803	800070ec	02f24433	div	x8,x4,x15	  x4:0x80040fed x15:0x00000040  x8=0xfe001040
     338075.000 ns	     33806	800070f0	e00c1d53	fclass.s	x26,f24	 f24:0x00000000 x26=0x00000010
     338105.000 ns	     33809	800070f4	a1c18b53	fle.s	x22,f3,f28	  f3:0x7fc00000 f28:0x00000000 x22=0x00000000
     338135.000 ns	     33812	800070f8	03fb31b3	mulhu	x3,x22,x31	 x22:0x80040fed x31:0x1d05f000  x3=0x00000000
     338175.000 ns	     33816	800070fc	198673d3	fdiv.s	f7,f12,f24	 f12:0x4eff8000 f24:0x00000000  f7=0x7f800000
     338205.000 ns	     33819	80007100	0234f1b3	remu	x3,x9,x3	  x9:0x00000001  x3:0x00000000  x3=0x00000001
     338225.000 ns	     33821	80007104	010e0d33	add	x26,x28,x16	 x28:0x80040d03 x16:0x00000000 x26=0x80040d03
     338235.000 ns	     33822	80007108	01891493	slli	x9,x18,0x18	 x18:0x7fffffff  x9=0xff000000
     338245.000 ns	     33823	8000710c	9ce0b013	sltiu	x0,x1,-1586	  x1:0x00000010
     338605.000 ns	     33859	80007110	02e15833	divu	x16,x2,x14	  x2:0xed14be56 x14:0x00000414 x16=0x003a2283
     338625.000 ns	     33861	80007114	00ae75b3	and	x11,x28,x10	 x28:0x80040d03 x10:0x00000000 x11=0x00000000
     338635.000 ns	     33862	80007118	011b5733	srl	x14,x22,x17	 x22:0x00000000 x17:0x85fd4000 x14=0x00000000
     338645.000 ns	     33863	8000711c	ff553693	sltiu	x13,x10,-11	 x10:0x00000000 x13=0x00000001
     338665.000 ns	     33865	80007120	d01c4353	fcvt.s.wu	f6,x24	 x24:0x00000000  f6=0x00000000
     338695.000 ns	     33868	80007124	d002ca53	fcvt.s.w	f20,x5	  x5:0x00000001 f20=0x3f800000
     338725.000 ns	     33871	80007128	024c0d33	mul	x26,x24,x4	 x24:0x00000000  x4:0x80040fed x26=0x00000000
     338755.000 ns	     33874	8000712c	024594b3	mulh	x9,x11,x4	 x11:0x00000000  x4:0x80040fed  x9=0x00000000
     338785.000 ns	     33877	80007130	20a81a53	fsgnjn.s	f20,f16,f10	 f16:0x80000000 f10:0x00000000 f20=0x80000000
     338805.000 ns	     33879	80007134	a4321db7	lui	x27,0xa4321	 x27=0xa4321000
     338825.000 ns	     33881	80007138	d003ced3	fcvt.s.w	f29,x7	  x7:0x7efbf836 f29=0x4efdf7f0
     338855.000 ns	     33884	8000713c	28dc9fd3	fmax.s	f31,f25,f13	 f25:0x00000000 f13:0x40000000 f31=0x40000000
     338885.000 ns	     33887	80007140	02228533	mul	x10,x5,x2	  x5:0x00000001  x2:0xed14be56 x10=0xed14be56
     339225.000 ns	     33921	80007144	189b7b53	fdiv.s	f22,f22,f9	 f22:0x4eff8000  f9:0xcb7ff7e6 f22=0xc2ff8000
     339255.000 ns	     33924	80007148	029bc933	div	x18,x23,x9	 x23:0x00000040  x9:0x00000000 x18=0xffffffff
     339285.000 ns	     33927	8000714c	f00488d3	fmv.w.x	f17,x9	  x9:0x00000000 f17=0x00000000
     339305.000 ns	     33929	80007150	016f4f33	xor	x30,x30,x22	 x30:0xff00081a x22:0x00000000 x30=0xff00081a
     339325.000 ns	     33931	80007154	2031abd3	fsgnjx.s	f23,f3,f3	  f3:0x7fc00000  f3:0x7fc00000 f23=0x7fc00000
     339345.000 ns	     33933	80007158	018820b3	slt	x1,x16,x24	 x16:0x003a2283 x24:0x00000000  x1=0x00000000
     339365.000 ns	     33935	8000715c	f0008a53	fmv.w.x	f20,x1	  x1:0x00000010 f20=0x00000000
     339395.000 ns	     33938	80007160	28489053	fmax.s	f0,f17,f4	 f17:0x00000000  f4:0x00000000  f0=0x00000000
     339425.000 ns	     33941	80007164	29ac1753	fmax.s	f14,f24,f26	 f24:0x00000000 f26:0x00000000 f14=0x00000000
     339445.000 ns	     33943	80007168	402955b3	sra	x11,x18,x2	 x18:0xffffffff  x2:0xed14be56 x11=0xffffffff
     339455.000 ns	     33944	8000716c	00f41433	sll	x8,x8,x15	  x8:0xfe001040 x15:0x00000040  x8=0xfe001040
     339465.000 ns	     33945	80007170	01775c13	srli	x24,x14,0x17	 x14:0x00000000 x24=0x00000000
     339475.000 ns	     33946	80007174	bb1ac197	auipc	x3,0xbb1ac	  x3=0x3b1b3174
     339505.000 ns	     33949	80007178	11b94553	fmul.s	f10,f18,f27	 f18:0x80040fed f27:0x80000000 f10=0x00000000
     339545.000 ns	     33953	8000717c	11244153	fmul.s	f2,f8,f18	  f8:0xc0000000 f18:0x80040fed  f2=0x00081fdb
     339565.000 ns	     33955	80007180	00b9c333	xor	x6,x19,x11	 x19:0x00000000 x11:0xffffffff  x6=0xffffffff
     339585.000 ns	     33957	80007184	d019c753	fcvt.s.wu	f14,x19	 x19:0x00000000 f14=0x00000000
     339605.000 ns	     33959	80007188	00000013	addi	x0,x0,0	  x0:0x00000000
     339635.000 ns	     33962	8000718c	1928f853	fdiv.s	f16,f17,f18	 f17:0x00000000 f18:0x80040fed f16=0x80000000
     339655.000 ns	     33964	80007190	00000013	addi	x0,x0,0	  x0:0x00000000
     339675.000 ns	     33966	80007194	03628433	mul	x8,x5,x22	  x5:0x00000001 x22:0x00000000  x8=0x00000000
     339715.000 ns	     33970	80007198	183b44d3	fdiv.s	f9,f22,f3	 f22:0xc2ff8000  f3:0x7fc00000  f9=0x7fc00000
     339735.000 ns	     33972	8000719c	00ca62b3	or	x5,x20,x12	 x20:0x00000000 x12:0x80040fe4  x5=0x80040fe4
     339745.000 ns	     33973	800071a0	40e0d9b3	sra	x19,x1,x14	  x1:0x00000000 x14:0x00000000 x19=0x00000000
     339775.000 ns	     33976	800071a4	19ec7f53	fdiv.s	f30,f24,f30	 f24:0x00000000 f30:0x00000000 f30=0x7fc00000
     339795.000 ns	     33978	800071a8	000beb33	or	x22,x23,x0	 x23:0x00000040  x0:0x00000000 x22=0x00000040
     339805.000 ns	     33979	800071ac	4172d693	srai	x13,x5,0x17	  x5:0x80040fe4 x13=0xffffff00
     339825.000 ns	     33981	800071b0	039d30b3	mulhu	x1,x26,x25	 x26:0x00000000 x25:0x00000000  x1=0x00000000
     339855.000 ns	     33984	800071b4	02075cb3	divu	x25,x14,x0	 x14:0x00000000  x0:0x00000000 x25=0xffffffff
     339875.000 ns	     33986	800071b8	41ac0733	sub	x14,x24,x26	 x24:0x00000000 x26:0x00000000 x14=0x00000000
     339895.000 ns	     33988	800071bc	20972cd3	fsgnjx.s	f25,f14,f9	 f14:0x00000000  f9:0x7fc00000 f25=0x00000000
     339935.000 ns	     33992	800071c0	113b7d53	fmul.s	f26,f22,f19	 f22:0xc2ff8000 f19:0x85fd4000 f26=0x097cc160
     339955.000 ns	     33994	800071c4	7ab33193	sltiu	x3,x6,1963	  x6:0xffffffff  x3=0x00000000
     339965.000 ns	     33995	800071c8	76918f13	addi	x30,x3,1897	  x3:0x3b1b3174 x30=0x00000769
     339975.000 ns	     33996	800071cc	01876d33	or	x26,x14,x24	 x14:0x00000000 x24:0x00000000 x26=0x00000000
     339995.000 ns	     33998	800071d0	28fe90d3	fmax.s	f1,f29,f15	 f29:0x4efdf7f0 f15:0x42800000  f1=0x4efdf7f0
     340015.000 ns	     34000	800071d4	4ab74d93	xori	x27,x14,1195	 x14:0x00000000 x27=0x000004ab
     340375.000 ns	     34036	800071d8	027e6833	rem	x16,x28,x7	 x28:0x80040d03  x7:0x7efbf836 x16=0xff000539
     340395.000 ns	     34038	800071dc	549df1b7	lui	x3,0x549df	  x3=0x549df000
     340415.000 ns	     34040	800071e0	021ead33	mulhsu	x26,x29,x1	 x29:0x80041024  x1:0x00000000 x26=0x00000000
     340445.000 ns	     34043	800071e4	03a4a1b3	mulhsu	x3,x9,x26	  x9:0x00000000 x26:0x00000000  x3=0x00000000
     340465.000 ns	     34045	800071e8	011e5593	srli	x11,x28,0x11	 x28:0x80040d03 x11=0x00004002
     340475.000 ns	     34046	800071ec	009a61b3	or	x3,x20,x9	 x20:0x00000000  x9:0x00000000  x3=0x00000000
     340485.000 ns	     34047	800071f0	00d95b33	srl	x22,x18,x13	 x18:0xffffffff x13:0xffffff00 x22=0xffffffff
     340505.000 ns	     34049	800071f4	218f2553	fsgnjx.s	f10,f30,f24	 f30:0x7fc00000 f24:0x00000000 f10=0x7fc00000
     340535.000 ns	     34052	800071f8	a04f07d3	fle.s	x15,f30,f4	 f30:0x7fc00000  f4:0x00000000 x15=0x00000000
     340565.000 ns	     34055	800071fc	20f228d3	fsgnjx.s	f17,f4,f15	  f4:0x00000000 f15:0x42800000 f17=0x00000000
     340585.000 ns	     34057	80007200	00e24a33	xor	x20,x4,x14	  x4:0x80040fed x14:0x00000000 x20=0x80040fed
     340595.000 ns	     34058	80007204	01a60733	add	x14,x12,x26	 x12:0x80040fe4 x26:0x00000000 x14=0x80040fe4
     340605.000 ns	     34059	80007208	1576c297	auipc	x5,0x1576c	  x5=0x95773208
     341775.000 ns	     34176	8000720c	580ff453	fsqrt.s	f8,f31	 f31:0x40000000  f8=0x3f350482
     341805.000 ns	     34179	80007210	c0117ad3	fcvt.wu.s	x21,f2	  f2:0x00081fdb x21=0x00000000
     341835.000 ns	     34182	80007214	03cd1fb3	mulh	x31,x26,x28	 x26:0x00000000 x28:0x80040d03 x31=0x00000000
     341855.000 ns	     34184	80007218	01a728b3	slt	x17,x14,x26	 x14:0x80040fe4 x26:0x00000000 x17=0x00000001
     341875.000 ns	     34186	8000721c	a00c8fd3	fle.s	x31,f25,f0	 f25:0x00000000  f0:0x00000000 x31=0x00000001
     341905.000 ns	     34189	80007220	03520033	mul	x0,x4,x21	  x4:0x80040fed x21:0x00000000
     341925.000 ns	     34191	80007224	00000013	addi	x0,x0,0	  x0:0x00000000
     341945.000 ns	     34193	80007228	0234da33	divu	x20,x9,x3	  x9:0x00000000  x3:0x00000000 x20=0xffffffff
     341965.000 ns	     34195	8000722c	1fe3eb13	ori	x22,x7,510	  x7:0x7efbf836 x22=0x7efbf9fe
     341975.000 ns	     34196	80007230	7dd0f213	andi	x4,x1,2013	  x1:0x00000000  x4=0x00000000
     342335.000 ns	     34232	80007234	03eddc33	divu	x24,x27,x30	 x27:0x000004ab x30:0x00000769 x24=0x00000000
     342365.000 ns	     34235	80007238	20608ed3	fsgnj.s	f29,f1,f6	  f1:0x4efdf7f0  f6:0x00000000 f29=0x4efdf7f0
     342385.000 ns	     34237	8000723c	009392b3	sll	x5,x7,x9	  x7:0x7efbf836  x9:0x00000000  x5=0x7efbf836
     342405.000 ns	     34239	80007240	e0079053	fclass.s	x0,f15	 f15:0x42800000
     342435.000 ns	     34242	80007244	c0033753	fcvt.w.s	x14,f6	  f6:0x00000000 x14=0x00000000
     342455.000 ns	     34244	80007248	019ce3b3	or	x7,x25,x25	 x25:0xffffffff x25:0xffffffff  x7=0xffffffff
     342475.000 ns	     34246	8000724c	03feb833	mulhu	x16,x29,x31	 x29:0x80041024 x31:0x00000001 x16=0x00000000
     342495.000 ns	     34248	80007250	0054e433	or	x8,x9,x5	  x9:0x00000000  x5:0x7efbf836  x8=0x7efbf836
     342515.000 ns	     34250	80007254	03038933	mul	x18,x7,x16	  x7:0xffffffff x16:0x00000000 x18=0x00000000
     342535.000 ns	     34252	80007258	01cb9713	slli	x14,x23,0x1c	 x23:0x00000040 x14=0x00000000
     342555.000 ns	     34254	8000725c	e0018ad3	fmv.x.w	x21,f3	  f3:0x7fc00000 x21=0x7fc00000
     342925.000 ns	     34291	80007260	0341fbb3	remu	x23,x3,x20	  x3:0x00000000 x20:0xffffffff x23=0x00000000
     342945.000 ns	     34293	80007264	007a2e33	slt	x28,x20,x7	 x20:0xffffffff  x7:0xffffffff x28=0x00000000
     343305.000 ns	     34329	80007268	02da76b3	remu	x13,x20,x13	 x20:0xffffffff x13:0xffffff00 x13=0x000000ff
     343335.000 ns	     34332	8000726c	02f12bb3	mulhsu	x23,x2,x15	  x2:0xed14be56 x15:0x00000000 x23=0x00000000
     343365.000 ns	     34335	80007270	02649a33	mulh	x20,x9,x6	  x9:0x00000000  x6:0xffffffff x20=0x00000000
     343395.000 ns	     34338	80007274	02f0a2b3	mulhsu	x5,x1,x15	  x1:0x00000000 x15:0x00000000  x5=0x00000000
     343425.000 ns	     34341	80007278	f00988d3	fmv.w.x	f17,x19	 x19:0x00000000 f17=0x00000000
     343455.000 ns	     34344	8000727c	c01db3d3	fcvt.wu.s	x7,f27	 f27:0x80000000  x7=0x00000000
     343475.000 ns	     34346	80007280	01d947b3	xor	x15,x18,x29	 x18:0x00000000 x29:0x80041024 x15=0x80041024
     343485.000 ns	     34347	80007284	016789b3	add	x19,x15,x22	 x15:0x00000000 x22:0x7efbf9fe x19=0xff000a22
     343495.000 ns	     34348	80007288	00629c93	slli	x25,x5,0x6	  x5:0x00000000 x25=0x00000000
     343855.000 ns	     34384	8000728c	0363e733	rem	x14,x7,x22	  x7:0x00000000 x22:0x7efbf9fe x14=0x00000000
     343895.000 ns	     34388	80007290	198e84d3	fdiv.s	f9,f29,f24	 f29:0x4efdf7f0 f24:0x00000000  f9=0x7f800000
     343915.000 ns	     34390	80007294	011e5e33	srl	x28,x28,x17	 x28:0x00000000 x17:0x00000001 x28=0x00000000
     344245.000 ns	     34423	80007298	19dd7553	fdiv.s	f10,f26,f29	 f26:0x097cc160 f29:0x4efdf7f0 f10=0x79fcc160
     344265.000 ns	     34425	8000729c	bd870d93	addi	x27,x14,-1064	 x14:0x00000000 x27=0xfffffbd8
     344295.000 ns	     34428	800072a0	10ac9c53	fmul.s	f24,f25,f10	 f25:0x00000000 f10:0x79fcc160 f24=0x00000000
     344325.000 ns	     34431	800072a4	c00b0853	fcvt.w.s	x16,f22	 f22:0xc2ff8000 x16=0xffffff80
     344355.000 ns	     34434	800072a8	200225d3	fsgnjx.s	f11,f4,f0	  f4:0x00000000  f0:0x00000000 f11=0x00000000
     344385.000 ns	     34437	800072ac	031383b3	mul	x7,x7,x17	  x7:0x00000000 x17:0x00000001  x7=0x00000000
     344405.000 ns	     34439	800072b0	79a2a493	slti	x9,x5,1946	  x5:0x00000000  x9=0x00000001
     344415.000 ns	     34440	800072b4	00395d93	srli	x27,x18,0x3	 x18:0x00000000 x27=0x00000000
     344425.000 ns	     34441	800072b8	01d65933	srl	x18,x12,x29	 x12:0x80040fe4 x29:0x80041024 x18=0x080040fe
     344445.000 ns	     34443	800072bc	c01df453	fcvt.wu.s	x8,f27	 f27:0x80000000  x8=0x00000000
     344475.000 ns	     34446	800072c0	c00cf353	fcvt.w.s	x6,f25	 f25:0x00000000  x6=0x00000000
     344505.000 ns	     34449	800072c4	c01e4d53	fcvt.wu.s	x26,f28	 f28:0x00000000 x26=0x00000000
     344525.000 ns	     34451	800072c8	017c1233	sll	x4,x24,x23	 x24:0x00000000 x23:0x00000000  x4=0x00000000
     344545.000 ns	     34453	800072cc	29e08c53	fmin.s	f24,f1,f30	  f1:0x4efdf7f0 f30:0x7fc00000 f24=0x4efdf7f0
     344565.000 ns	     34455	800072d0	090ce237	lui	x4,0x90ce	  x4=0x090ce000
     344575.000 ns	     34456	800072d4	2e7ac013	xori	x0,x21,743	 x21:0x7fc00000
     344585.000 ns	     34457	800072d8	181b0037	lui	x0,0x181b0	
     344595.000 ns	     34458	800072dc	1f390313	addi	x6,x18,499	 x18:0x080040fe  x6=0x080042f1
     344615.000 ns	     34460	800072e0	d00bf2d3	fcvt.s.w	f5,x23	 x23:0x00000000  f5=0x00000000
     344655.000 ns	     34464	800072e4	19e67c53	fdiv.s	f24,f12,f30	 f12:0x4eff8000 f30:0x7fc00000 f24=0x7fc00000
     344675.000 ns	     34466	800072e8	412481b3	sub	x3,x9,x18	  x9:0x00000001 x18:0x080040fe  x3=0xf7ffbf03
     344705.000 ns	     34469	800072ec	190ef253	fdiv.s	f4,f29,f16	 f29:0x4efdf7f0 f16:0x80000000  f4=0xff800000
     344725.000 ns	     34471	800072f0	f450ce13	xori	x28,x1,-187	  x1:0x00000000 x28=0xffffff45
     344745.000 ns	     34473	800072f4	c0123e53	fcvt.wu.s	x28,f4	  f4:0xff800000 x28=0x00000000
     344765.000 ns	     34475	800072f8	17f47f13	andi	x30,x8,383	  x8:0x00000000 x30=0x00000000
     344775.000 ns	     34476	800072fc	01b6a1b3	slt	x3,x13,x27	 x13:0x000000ff x27:0x00000000  x3=0x00000000
     344785.000 ns	     34477	80007300	01849833	sll	x16,x9,x24	  x9:0x00000001 x24:0x00000000 x16=0x00000001
     344795.000 ns	     34478	80007304	008de8b3	or	x17,x27,x8	 x27:0x00000000  x8:0x00000000 x17=0x00000000
     344815.000 ns	     34480	80007308	03bc7f33	remu	x30,x24,x27	 x24:0x00000000 x27:0x00000000 x30=0x00000000
     344835.000 ns	     34482	8000730c	00103cb3	sltu	x25,x0,x1	  x0:0x00000000  x1:0x00000000 x25=0x00000000
     344855.000 ns	     34484	80007310	031594b3	mulh	x9,x11,x17	 x11:0x00004002 x17:0x00000000  x9=0x00000000
     344885.000 ns	     34487	80007314	28b287d3	fmin.s	f15,f5,f11	  f5:0x00000000 f11:0x00000000 f15=0x00000000
     344915.000 ns	     34490	80007318	a0b824d3	feq.s	x9,f16,f11	 f16:0x80000000 f11:0x00000000  x9=0x00000001
     344935.000 ns	     34492	8000731c	010c1013	slli	x0,x24,0x10	 x24:0x00000000
     344955.000 ns	     34494	80007320	02ec9433	mulh	x8,x25,x14	 x25:0x00000000 x14:0x00000000  x8=0x00000000
     344975.000 ns	     34496	80007324	00000013	addi	x0,x0,0	  x0:0x00000000
     344995.000 ns	     34498	80007328	f00300d3	fmv.w.x	f1,x6	  x6:0x080042f1  f1=0x080042f1
     346175.000 ns	     34616	8000732c	580ef353	fsqrt.s	f6,f29	 f29:0x4efdf7f0  f6=0x47344c7e
     346215.000 ns	     34620	80007330	5808c853	fsqrt.s	f16,f17	 f17:0x00000000 f16=0x00000000
     346235.000 ns	     34622	80007334	e9b10093	addi	x1,x2,-357	  x2:0xed14be56  x1=0xed14bcf1
     346255.000 ns	     34624	80007338	a1b227d3	feq.s	x15,f4,f27	  f4:0xff800000 f27:0x80000000 x15=0x00000000
     346275.000 ns	     34626	8000733c	e0ce1b17	auipc	x22,0xe0ce1	 x22=0x60ce833c
     346285.000 ns	     34627	80007340	014a95b3	sll	x11,x21,x20	 x21:0x7fc00000 x20:0x00000000 x11=0x7fc00000
     346305.000 ns	     34629	80007344	215906d3	fsgnj.s	f13,f18,f21	 f18:0x80040fed f21:0x40000000 f13=0x00040fed
     346335.000 ns	     34632	80007348	029e38b3	mulhu	x17,x28,x9	 x28:0x00000000  x9:0x00000001 x17=0x00000000
     346365.000 ns	     34635	8000734c	f00e80d3	fmv.w.x	f1,x29	 x29:0x80041024  f1=0x80041024
     346405.000 ns	     34639	80007350	5805ad53	fsqrt.s	f26,f11	 f11:0x00000000 f26=0x00000000
     346435.000 ns	     34642	80007354	a1039953	flt.s	x18,f7,f16	  f7:0x7f800000 f16:0x00000000 x18=0x00000000
     346455.000 ns	     34644	80007358	00270e33	add	x28,x14,x2	 x14:0x00000000  x2:0xed14be56 x28=0xed14be56
     346475.000 ns	     34646	8000735c	21d529d3	fsgnjx.s	f19,f10,f29	 f10:0x79fcc160 f29:0x4efdf7f0 f19=0x79fcc160
     346505.000 ns	     34649	80007360	e00d9953	fclass.s	x18,f27	 f27:0x80000000 x18=0x00000008
     347685.000 ns	     34767	80007364	58067053	fsqrt.s	f0,f12	 f12:0x4eff8000  f0=0x4734d769
     347705.000 ns	     34769	80007368	01913d33	sltu	x26,x2,x25	  x2:0xed14be56 x25:0x00000000 x26=0x00000000
     347725.000 ns	     34771	8000736c	f00f8553	fmv.w.x	f10,x31	 x31:0x00000001 f10=0x00000001
     347745.000 ns	     34773	80007370	e8407e13	andi	x28,x0,-380	  x0:0x00000000 x28=0x00000000
     347785.000 ns	     34777	80007374	0916a553	fsub.s	f10,f13,f17	 f13:0x00040fed f17:0x00000000 f10=0x00040fed
     347825.000 ns	     34781	80007378	19f49d53	fdiv.s	f26,f9,f31	  f9:0x7f800000 f31:0x40000000 f26=0x7f800000
     347855.000 ns	     34784	8000737c	02f5ce33	div	x28,x11,x15	 x11:0x7fc00000 x15:0x00000000 x28=0xffffffff
     347885.000 ns	     34787	80007380	f0078a53	fmv.w.x	f20,x15	 x15:0x00000000 f20=0x00000000
     347905.000 ns	     34789	80007384	0045d4b3	srl	x9,x11,x4	 x11:0x7fc00000  x4:0x090ce000  x9=0x7fc00000
     347925.000 ns	     34791	80007388	296684d3	fmin.s	f9,f13,f22	 f13:0x00040fed f22:0xc2ff8000  f9=0xc2ff8000
     347955.000 ns	     34794	8000738c	c01c7753	fcvt.wu.s	x14,f24	 f24:0x7fc00000 x14=0xffffffff
     347985.000 ns	     34797	80007390	f00d87d3	fmv.w.x	f15,x27	 x27:0x00000000 f15=0x00000000
     348015.000 ns	     34800	80007394	283584d3	fmin.s	f9,f11,f3	 f11:0x00000000  f3:0x7fc00000  f9=0x00000000
     348045.000 ns	     34803	80007398	29648a53	fmin.s	f20,f9,f22	  f9:0xc2ff8000 f22:0xc2ff8000 f20=0xc2ff8000
     348065.000 ns	     34805	8000739c	41a35333	sra	x6,x6,x26	  x6:0x080042f1 x26:0x00000000  x6=0x080042f1
     348075.000 ns	     34806	800073a0	00a53cb3	sltu	x25,x10,x10	 x10:0xed14be56 x10:0xed14be56 x25=0x00000000
     348085.000 ns	     34807	800073a4	46706b13	ori	x22,x0,1127	  x0:0x00000000 x22=0x00000467
     348105.000 ns	     34809	800073a8	030396b3	mulh	x13,x7,x16	  x7:0x00000000 x16:0x00000001 x13=0x00000000
     348135.000 ns	     34812	800073ac	02315b33	divu	x22,x2,x3	  x2:0xed14be56  x3:0x00000000 x22=0xffffffff
     348155.000 ns	     34814	800073b0	0142d313	srli	x6,x5,0x14	  x5:0x00000000  x6=0x00000000
     348165.000 ns	     34815	800073b4	4136de13	srai	x28,x13,0x13	 x13:0x00000000 x28=0x00000000
     348185.000 ns	     34817	800073b8	f0040853	fmv.w.x	f16,x8	  x8:0x00000000 f16=0x00000000
     348205.000 ns	     34819	800073bc	00000013	addi	x0,x0,0	  x0:0x00000000
     348215.000 ns	     34820	800073c0	015e1cb3	sll	x25,x28,x21	 x28:0x00000000 x21:0x7fc00000 x25=0x00000000
     348225.000 ns	     34821	800073c4	01936db3	or	x27,x6,x25	  x6:0x00000000 x25:0x00000000 x27=0x00000000
     348235.000 ns	     34822	800073c8	00552f33	slt	x30,x10,x5	 x10:0xed14be56  x5:0x00000000 x30=0x00000001
     348255.000 ns	     34824	800073cc	c01f0753	fcvt.wu.s	x14,f30	 f30:0x7fc00000 x14=0xffffffff
     348285.000 ns	     34827	800073d0	d0067e53	fcvt.s.w	f28,x12	 x12:0x80040fe4 f28=0xcefff7e0
     348305.000 ns	     34829	800073d4	015f1b33	sll	x22,x30,x21	 x30:0x00000001 x21:0x7fc00000 x22=0x00000001
     348315.000 ns	     34830	800073d8	40b7d033	sra	x0,x15,x11	 x15:0x00000000 x11:0x7fc00000
     348335.000 ns	     34832	800073dc	c0151fd3	fcvt.wu.s	x31,f10	 f10:0x00040fed x31=0x00000000
     348365.000 ns	     34835	800073e0	f0020c53	fmv.w.x	f24,x4	  x4:0x090ce000 f24=0x090ce000
     348395.000 ns	     34838	800073e4	03fe30b3	mulhu	x1,x28,x31	 x28:0x00000000 x31:0x00000000  x1=0x00000000
     348435.000 ns	     34842	800073e8	18d2f3d3	fdiv.s	f7,f5,f13	  f5:0x00000000 f13:0x00040fed  f7=0x00000000
     348485.000 ns	     34847	800073ec	011a3fd3	fadd.s	f31,f20,f17	 f20:0xc2ff8000 f17:0x00000000 f31=0xc2ff8000
     348505.000 ns	     34849	800073f0	407f5bb3	sra	x23,x30,x7	 x30:0x00000001  x7:0x00000000 x23=0x00000001
     348525.000 ns	     34851	800073f4	a03d1853	flt.s	x16,f26,f3	 f26:0x7f800000  f3:0x7fc00000 x16=0x00000000
     348555.000 ns	     34854	800073f8	e0041f53	fclass.s	x30,f8	  f8:0x3f350482 x30=0x00000040
     348575.000 ns	     34856	800073fc	a1934413	xori	x8,x6,-1511	  x6:0x00000000  x8=0xfffffa19
     348585.000 ns	     34857	80007400	00cb9f33	sll	x30,x23,x12	 x23:0x00000001 x12:0x80040fe4 x30=0x00000010
     348595.000 ns	     34858	80007404	b7485cb7	lui	x25,0xb7485	 x25=0xb7485000
     348615.000 ns	     34860	80007408	21a61f53	fsgnjn.s	f30,f12,f26	 f12:0x4eff8000 f26:0x7f800000 f30=0xceff8000
     348635.000 ns	     34862	8000740c	41d28733	sub	x14,x5,x29	  x5:0x00000000 x29:0x80041024 x14=0x7ffbefdc
     348645.000 ns	     34863	80007410	00a6d0b3	srl	x1,x13,x10	 x13:0x00000000 x10:0xed14be56  x1=0x00000000
     348665.000 ns	     34865	80007414	a134ad53	feq.s	x26,f9,f19	  f9:0x00000000 f19:0x79fcc160 x26=0x00000000
     348685.000 ns	     34867	80007418	17fe95b7	lui	x11,0x17fe9	 x11=0x17fe9000
     348695.000 ns	     34868	8000741c	01786e33	or	x28,x16,x23	 x16:0x00000000 x23:0x00000001 x28=0x00000001
     348705.000 ns	     34869	80007420	41c85a33	sra	x20,x16,x28	 x16:0x00000000 x28:0x00000000 x20=0x00000000
     349065.000 ns	     34905	80007424	03737ab3	remu	x21,x6,x23	  x6:0x00000000 x23:0x00000001 x21=0x00000000
     349085.000 ns	     34907	80007428	41e70933	sub	x18,x14,x30	 x14:0x7ffbefdc x30:0x00000010 x18=0x7ffbefcc
     349105.000 ns	     34909	8000742c	c0011753	fcvt.w.s	x14,f2	  f2:0x00081fdb x14=0x00000000
     349125.000 ns	     34911	80007430	7a73dd97	auipc	x27,0x7a73d	 x27=0xfa744430
     349135.000 ns	     34912	80007434	15294a93	xori	x21,x18,338	 x18:0x7ffbefcc x21=0x7ffbee9e
     349145.000 ns	     34913	80007438	00e72f33	slt	x30,x14,x14	 x14:0x00000000 x14:0x00000000 x30=0x00000000
     349155.000 ns	     34914	8000743c	40906397	auipc	x7,0x40906	  x7=0xc090d43c
     349175.000 ns	     34916	80007440	c018fad3	fcvt.wu.s	x21,f17	 f17:0x00000000 x21=0x00000000
     349195.000 ns	     34918	80007444	012c2733	slt	x14,x24,x18	 x24:0x00000000 x18:0x7ffbefcc x14=0x00000001
     349215.000 ns	     34920	80007448	d01974d3	fcvt.s.wu	f9,x18	 x18:0x7ffbefcc  f9=0x4efff7df
     349235.000 ns	     34922	8000744c	00000013	addi	x0,x0,0	  x0:0x00000000
     349255.000 ns	     34924	80007450	a1a4a2d3	feq.s	x5,f9,f26	  f9:0x4efff7df f26:0x7f800000  x5=0x00000000
     349625.000 ns	     34961	80007454	0289f0b3	remu	x1,x19,x8	 x19:0xff000a22  x8:0xfffffa19  x1=0xff000a22
     349645.000 ns	     34963	80007458	01449fb3	sll	x31,x9,x20	  x9:0x7fc00000 x20:0x00000000 x31=0x7fc00000
     349655.000 ns	     34964	8000745c	002230b3	sltu	x1,x4,x2	  x4:0x090ce000  x2:0xed14be56  x1=0x00000001
     349675.000 ns	     34966	80007460	c0167053	fcvt.wu.s	x0,f12	 f12:0x4eff8000
     349705.000 ns	     34969	80007464	c01c7853	fcvt.wu.s	x16,f24	 f24:0x090ce000 x16=0x00000000
     349725.000 ns	     34971	80007468	fab10393	addi	x7,x2,-85	  x2:0xed14be56  x7=0xed14be01
     349765.000 ns	     34975	8000746c	09098753	fsub.s	f14,f19,f16	 f19:0x79fcc160 f16:0x00000000 f14=0x79fcc160
     349795.000 ns	     34978	80007470	e00498d3	fclass.s	x17,f9	  f9:0x4efff7df x17=0x00000040
     349815.000 ns	     34980	80007474	01175193	srli	x3,x14,0x11	 x14:0x00000001  x3=0x00000000
     349835.000 ns	     34982	80007478	206826d3	fsgnjx.s	f13,f16,f6	 f16:0x00000000  f6:0x47344c7e f13=0x00000000
     349865.000 ns	     34985	8000747c	c00587d3	fcvt.w.s	x15,f11	 f11:0x00000000 x15=0x00000000
     349885.000 ns	     34987	80007480	f87f3a93	sltiu	x21,x30,-121	 x30:0x00000000 x21=0x00000001
     349895.000 ns	     34988	80007484	0032c2b3	xor	x5,x5,x3	  x5:0x00000000  x3:0x00000000  x5=0x00000000
     349915.000 ns	     34990	80007488	03da3cb3	mulhu	x25,x20,x29	 x20:0x00000000 x29:0x80041024 x25=0x00000000
     349935.000 ns	     34992	8000748c	00b57933	and	x18,x10,x11	 x10:0xed14be56 x11:0x17fe9000 x18=0x05149000
     349955.000 ns	     34994	80007490	201515d3	fsgnjn.s	f11,f10,f1	 f10:0x00040fed  f1:0x80041024 f11=0x00040fed
     349975.000 ns	     34996	80007494	00a4d833	srl	x16,x9,x10	  x9:0x7fc00000 x10:0xed14be56 x16=0x000001ff
     349985.000 ns	     34997	80007498	4076c697	auipc	x13,0x4076c	 x13=0xc0773498
     350005.000 ns	     34999	8000749c	c00aff53	fcvt.w.s	x30,f21	 f21:0x40000000 x30=0x00000002
     350035.000 ns	     35002	800074a0	039af033	remu	x0,x21,x25	 x21:0x00000001 x25:0x00000000
     350065.000 ns	     35005	800074a4	025f9f33	mulh	x30,x31,x5	 x31:0x7fc00000  x5:0x00000000 x30=0x00000000
     350085.000 ns	     35007	800074a8	2dce0d17	auipc	x26,0x2dce0	 x26=0xadce74a8
     350445.000 ns	     35043	800074ac	0376df33	divu	x30,x13,x23	 x13:0xc0773498 x23:0x00000001 x30=0xc0773498
     350495.000 ns	     35048	800074b0	00773e53	fadd.s	f28,f14,f7	 f14:0x79fcc160  f7:0x00000000 f28=0x79fcc160
     350525.000 ns	     35051	800074b4	d01771d3	fcvt.s.wu	f3,x14	 x14:0x00000001  f3=0x3f800000
     350555.000 ns	     35054	800074b8	209f2753	fsgnjx.s	f14,f30,f9	 f30:0xceff8000  f9:0x4efff7df f14=0xceff8000
     350575.000 ns	     35056	800074bc	40f65ab3	sra	x21,x12,x15	 x12:0x80040fe4 x15:0x00000000 x21=0x80040fe4
     350595.000 ns	     35058	800074c0	20778953	fsgnj.s	f18,f15,f7	 f15:0x00000000  f7:0x00000000 f18=0x00000000
     350615.000 ns	     35060	800074c4	34713a37	lui	x20,0x34713	 x20=0x34713000
     350635.000 ns	     35062	800074c8	20f21d53	fsgnjn.s	f26,f4,f15	  f4:0xff800000 f15:0x00000000 f26=0xff800000
     351005.000 ns	     35099	800074cc	0325f4b3	remu	x9,x11,x18	 x11:0x17fe9000 x18:0x05149000  x9=0x03ac5000
     351035.000 ns	     35102	800074d0	f00c85d3	fmv.w.x	f11,x25	 x25:0x00000000 f11=0x00000000
     351055.000 ns	     35104	800074d4	5d6b3a13	sltiu	x20,x22,1494	 x22:0x00000001 x20=0x00000001
     351065.000 ns	     35105	800074d8	40a98cb3	sub	x25,x19,x10	 x19:0xff000a22 x10:0xed14be56 x25=0x11eb4bcc
     351075.000 ns	     35106	800074dc	01d173b3	and	x7,x2,x29	  x2:0xed14be56 x29:0x80041024  x7=0x80041004
     351095.000 ns	     35108	800074e0	d01a7853	fcvt.s.wu	f16,x20	 x20:0x00000001 f16=0x3f800000
     351115.000 ns	     35110	800074e4	002b5b13	srli	x22,x22,0x2	 x22:0x00000001 x22=0x00000000
     351125.000 ns	     35111	800074e8	cccd3b13	sltiu	x22,x26,-820	 x26:0xadce74a8 x22=0x00000001
     351135.000 ns	     35112	800074ec	01481fb3	sll	x31,x16,x20	 x16:0x000001ff x20:0x00000001 x31=0x000003fe
     351155.000 ns	     35114	800074f0	03270db3	mul	x27,x14,x18	 x14:0x00000001 x18:0x05149000 x27=0x05149000
     351185.000 ns	     35117	800074f4	e00b86d3	fmv.x.w	x13,f23	 f23:0x7fc00000 x13=0x7fc00000
     351205.000 ns	     35119	800074f8	e9ed3b93	sltiu	x23,x26,-354	 x26:0xadce74a8 x23=0x00000001
     351225.000 ns	     35121	800074fc	034f89b3	mul	x19,x31,x20	 x31:0x000003fe x20:0x00000001 x19=0x000003fe
     351255.000 ns	     35124	80007500	c01f47d3	fcvt.wu.s	x15,f30	 f30:0xceff8000 x15=0x7fc00000
     351285.000 ns	     35127	80007504	a0e12f53	feq.s	x30,f2,f14	  f2:0x00081fdb f14:0xceff8000 x30=0x00000000
     351305.000 ns	     35129	80007508	0018d913	srli	x18,x17,0x1	 x17:0x00000040 x18=0x00000020
     351325.000 ns	     35131	8000750c	a1c104d3	fle.s	x9,f2,f28	  f2:0x00081fdb f28:0x79fcc160  x9=0x00000001
     351345.000 ns	     35133	80007510	d44d8593	addi	x11,x27,-700	 x27:0x05149000 x11=0x05148d44
     351355.000 ns	     35134	80007514	00926d33	or	x26,x4,x9	  x4:0x090ce000  x9:0x00000001 x26=0x090ce001
     351375.000 ns	     35136	80007518	a0d211d3	flt.s	x3,f4,f13	  f4:0xff800000 f13:0x00000000  x3=0x00000001
     352555.000 ns	     35254	8000751c	5801f853	fsqrt.s	f16,f3	  f3:0x3f800000 f16=0x3f7fffae
     352575.000 ns	     35256	80007520	52023993	sltiu	x19,x4,1312	  x4:0x090ce000 x19=0x00000000
     352595.000 ns	     35258	80007524	034f8933	mul	x18,x31,x20	 x31:0x000003fe x20:0x00000001 x18=0x000003fe
     352615.000 ns	     35260	80007528	4a9fa893	slti	x17,x31,1193	 x31:0x000003fe x17=0x00000001
     352635.000 ns	     35262	8000752c	03179e33	mulh	x28,x15,x17	 x15:0x7fc00000 x17:0x00000040 x28=0x00000000
     352665.000 ns	     35265	80007530	29fd15d3	fmax.s	f11,f26,f31	 f26:0xff800000 f31:0xc2ff8000 f11=0xc2ff8000
     352685.000 ns	     35267	80007534	01e90f33	add	x30,x18,x30	 x18:0x000003fe x30:0x00000000 x30=0x000003fe
     352705.000 ns	     35269	80007538	214827d3	fsgnjx.s	f15,f16,f20	 f16:0x3f7fffae f20:0xc2ff8000 f15=0xbf7fffae
     352735.000 ns	     35272	8000753c	e0088053	fmv.x.w	x0,f17	 f17:0x00000000
     352755.000 ns	     35274	80007540	01591233	sll	x4,x18,x21	 x18:0x000003fe x21:0x80040fe4  x4=0x00003fe0
     352775.000 ns	     35276	80007544	a042a1d3	feq.s	x3,f5,f4	  f5:0x00000000  f4:0xff800000  x3=0x00000000
     352805.000 ns	     35279	80007548	c01b8bd3	fcvt.wu.s	x23,f23	 f23:0x7fc00000 x23=0xffffffff
     352835.000 ns	     35282	8000754c	20301bd3	fsgnjn.s	f23,f0,f3	  f0:0x4734d769  f3:0x3f800000 f23=0xc734d769
     352855.000 ns	     35284	80007550	01355693	srli	x13,x10,0x13	 x10:0xed14be56 x13=0x00001da2
     352865.000 ns	     35285	80007554	01a6d1b3	srl	x3,x13,x26	 x13:0x7fc00000 x26:0x090ce001  x3=0x00000ed1
     352875.000 ns	     35286	80007558	01000533	add	x10,x0,x16	  x0:0x00000000 x16:0x000001ff x10=0x000001ff
     352885.000 ns	     35287	8000755c	41ff8d33	sub	x26,x31,x31	 x31:0x000003fe x31:0x000003fe x26=0x00000000
     352905.000 ns	     35289	80007560	d00dc0d3	fcvt.s.w	f1,x27	 x27:0x05149000  f1=0x4ca29200
     352935.000 ns	     35292	80007564	29f30bd3	fmin.s	f23,f6,f31	  f6:0x47344c7e f31:0xc2ff8000 f23=0xc2ff8000
     352965.000 ns	     35295	80007568	03d82b33	mulhsu	x22,x16,x29	 x16:0x000001ff x29:0x80041024 x22=0x000000ff
     353335.000 ns	     35332	8000756c	02f8d3b3	divu	x7,x17,x15	 x17:0x00000001 x15:0x7fc00000  x7=0x00000000
     353355.000 ns	     35334	80007570	2b8ce837	lui	x16,0x2b8ce	 x16=0x2b8ce000
     353375.000 ns	     35336	80007574	f00d0bd3	fmv.w.x	f23,x26	 x26:0x00000000 f23=0x00000000
     353395.000 ns	     35338	80007578	001b4233	xor	x4,x22,x1	 x22:0x000000ff  x1:0x00000001  x4=0x000000fe
     353405.000 ns	     35339	8000757c	e9cd4213	xori	x4,x26,-356	 x26:0x00000000  x4=0xfffffe9c
     353425.000 ns	     35341	80007580	a1c224d3	feq.s	x9,f4,f28	  f4:0xff800000 f28:0x79fcc160  x9=0x00000000
     353445.000 ns	     35343	80007584	008a7733	and	x14,x20,x8	 x20:0x00000001  x8:0xfffffa19 x14=0x00000001
     353465.000 ns	     35345	80007588	c0058353	fcvt.w.s	x6,f11	 f11:0xc2ff8000  x6=0xffffff80
     353485.000 ns	     35347	8000758c	23af7913	andi	x18,x30,570	 x30:0x000003fe x18=0x0000023a
     353495.000 ns	     35348	80007590	001c5f93	srli	x31,x24,0x1	 x24:0x00000000 x31=0x00000000
     353505.000 ns	     35349	80007594	c198ca13	xori	x20,x17,-999	 x17:0x00000001 x20=0xfffffc18
     353515.000 ns	     35350	80007598	002e0b33	add	x22,x28,x2	 x28:0x00000000  x2:0xed14be56 x22=0xed14be56
     353535.000 ns	     35352	8000759c	027907b3	mul	x15,x18,x7	 x18:0x0000023a  x7:0x00000000 x15=0x00000000
     353555.000 ns	     35354	800075a0	01fb81b3	add	x3,x23,x31	 x23:0xffffffff x31:0x00000000  x3=0xffffffff
     353575.000 ns	     35356	800075a4	c006fe53	fcvt.w.s	x28,f13	 f13:0x00000000 x28=0x00000000
     353605.000 ns	     35359	800075a8	e00a9bd3	fclass.s	x23,f21	 f21:0x40000000 x23=0x00000040
     353655.000 ns	     35364	800075ac	00d303d3	fadd.s	f7,f6,f13	  f6:0x47344c7e f13:0x00000000  f7=0x47344c7e
     353685.000 ns	     35367	800075b0	e0091053	fclass.s	x0,f18	 f18:0x00000000
     353715.000 ns	     35370	800075b4	d0007f53	fcvt.s.w	f30,x0	  x0:0x00000000 f30=0x00000000
     353735.000 ns	     35372	800075b8	4aacf093	andi	x1,x25,1194	 x25:0x11eb4bcc  x1=0x00000088
     353745.000 ns	     35373	800075bc	40bfdc13	srai	x24,x31,0xb	 x31:0x00000000 x24=0x00000000
     353755.000 ns	     35374	800075c0	005d8cb3	add	x25,x27,x5	 x27:0x05149000  x5:0x00000000 x25=0x05149000
     353775.000 ns	     35376	800075c4	2106a9d3	fsgnjx.s	f19,f13,f16	 f13:0x00000000 f16:0x3f7fffae f19=0x00000000
     353795.000 ns	     35378	800075c8	f39fd417	auipc	x8,0xf39fd	  x8=0x73a045c8
     353815.000 ns	     35380	800075cc	2104a7d3	fsgnjx.s	f15,f9,f16	  f9:0x4efff7df f16:0x3f7fffae f15=0x4efff7df
     353835.000 ns	     35382	800075d0	01c25433	srl	x8,x4,x28	  x4:0xfffffe9c x28:0x00000000  x8=0xfffffe9c
     353845.000 ns	     35383	800075d4	0be06037	lui	x0,0xbe06	
     353855.000 ns	     35384	800075d8	411b5893	srai	x17,x22,0x11	 x22:0xed14be56 x17=0xfffff68a
     353865.000 ns	     35385	800075dc	01083393	sltiu	x7,x16,16	 x16:0x2b8ce000  x7=0x00000000
     353875.000 ns	     35386	800075e0	01f538b3	sltu	x17,x10,x31	 x10:0x000001ff x31:0x00000000 x17=0x00000000
     354235.000 ns	     35422	800075e4	02a1c8b3	div	x17,x3,x10	  x3:0xffffffff x10:0x000001ff x17=0x00000000
     354255.000 ns	     35424	800075e8	01469f93	slli	x31,x13,0x14	 x13:0x00001da2 x31=0xda200000
     354275.000 ns	     35426	800075ec	212595d3	fsgnjn.s	f11,f11,f18	 f11:0xc2ff8000 f18:0x00000000 f11=0xc2ff8000
     355455.000 ns	     35544	800075f0	5801f6d3	fsqrt.s	f13,f3	  f3:0x3f800000 f13=0x3f7fffae
     355475.000 ns	     35546	800075f4	418dd033	sra	x0,x27,x24	 x27:0x05149000 x24:0x00000000
     355495.000 ns	     35548	800075f8	c013aa53	fcvt.wu.s	x20,f7	  f7:0x47344c7e x20=0x0000b44d
     355525.000 ns	     35551	800075fc	e00705d3	fmv.x.w	x11,f14	 f14:0xceff8000 x11=0xceff8000
     355555.000 ns	     35554	80007600	024c80b3	mul	x1,x25,x4	 x25:0x05149000  x4:0xfffffe9c  x1=0xef67c000
     355575.000 ns	     35556	80007604	01e172b3	and	x5,x2,x30	  x2:0xed14be56 x30:0x000003fe  x5=0x00000256
     355595.000 ns	     35558	80007608	295389d3	fmin.s	f19,f7,f21	  f7:0x47344c7e f21:0x40000000 f19=0x40000000
     355625.000 ns	     35561	8000760c	02e738b3	mulhu	x17,x14,x14	 x14:0x00000001 x14:0x00000001 x17=0x00000000
     355655.000 ns	     35564	80007610	d01f75d3	fcvt.s.wu	f11,x30	 x30:0x000003fe f11=0x447f8000
     355705.000 ns	     35569	80007614	09e69fd3	fsub.s	f31,f13,f30	 f13:0x3f7fffae f30:0x00000000 f31=0x3f7fffae
     355735.000 ns	     35572	80007618	d0190e53	fcvt.s.wu	f28,x18	 x18:0x0000023a f28=0x440e8000
     355755.000 ns	     35574	8000761c	01aad4b3	srl	x9,x21,x26	 x21:0x80040fe4 x26:0x00000000  x9=0x80040fe4
     355765.000 ns	     35575	80007620	006029b3	slt	x19,x0,x6	  x0:0x00000000  x6:0xffffff80 x19=0x00000000
     355775.000 ns	     35576	80007624	e90ba313	slti	x6,x23,-368	 x23:0x00000040  x6=0x00000000
     355785.000 ns	     35577	80007628	01035c33	srl	x24,x6,x16	  x6:0xffffff80 x16:0x2b8ce000 x24=0x00000000
     355795.000 ns	     35578	8000762c	00000013	addi	x0,x0,0	  x0:0x00000000
     356155.000 ns	     35614	80007630	0214f233	remu	x4,x9,x1	  x9:0x80040fe4  x1:0xef67c000  x4=0x80040fe4
     356525.000 ns	     35651	80007634	037ecfb3	div	x31,x29,x23	 x29:0x80041024 x23:0x00000040 x31=0xfe001041
     356555.000 ns	     35654	80007638	f0028a53	fmv.w.x	f20,x5	  x5:0x00000256 f20=0x00000256
     356585.000 ns	     35657	8000763c	03cd32b3	mulhu	x5,x26,x28	 x26:0x00000000 x28:0x00000000  x5=0x00000000
     356615.000 ns	     35660	80007640	216c2ad3	fsgnjx.s	f21,f24,f22	 f24:0x090ce000 f22:0xc2ff8000 f21=0x890ce000
     356645.000 ns	     35663	80007644	0226b2b3	mulhu	x5,x13,x2	 x13:0x00001da2  x2:0xed14be56  x5=0x00001b71
     356665.000 ns	     35665	80007648	007b02b3	add	x5,x22,x7	 x22:0xed14be56  x7:0x00000000  x5=0xed14be56
     357025.000 ns	     35701	8000764c	024c78b3	remu	x17,x24,x4	 x24:0x00000000  x4:0x80040fe4 x17=0x00000000
     357055.000 ns	     35704	80007650	211a1853	fsgnjn.s	f16,f20,f17	 f20:0x00000256 f17:0x00000000 f16=0x80000256
     357075.000 ns	     35706	80007654	41ddd033	sra	x0,x27,x29	 x27:0x05149000 x29:0x80041024
     357095.000 ns	     35708	80007658	a05b24d3	feq.s	x9,f22,f5	 f22:0xc2ff8000  f5:0x00000000  x9=0x00000000
     357115.000 ns	     35710	8000765c	41075b33	sra	x22,x14,x16	 x14:0x00000001 x16:0x2b8ce000 x22=0x00000001
     357145.000 ns	     35713	80007660	106ef253	fmul.s	f4,f29,f6	 f29:0x4efdf7f0  f6:0x47344c7e  f4=0x56b2de37
     357175.000 ns	     35716	80007664	022799b3	mulh	x19,x15,x2	 x15:0x00000000  x2:0xed14be56 x19=0x00000000
     357195.000 ns	     35718	80007668	004e41b3	xor	x3,x28,x4	 x28:0x00000000  x4:0x80040fe4  x3=0x80040fe4
     357215.000 ns	     35720	8000766c	29aa8153	fmin.s	f2,f21,f26	 f21:0x890ce000 f26:0xff800000  f2=0xff800000
     357245.000 ns	     35723	80007670	031ac2b3	div	x5,x21,x17	 x21:0x80040fe4 x17:0x00000000  x5=0xffffffff
     357265.000 ns	     35725	80007674	013a1493	slli	x9,x20,0x13	 x20:0x0000b44d  x9=0xa2680000
     357275.000 ns	     35726	80007678	0191d2b3	srl	x5,x3,x25	  x3:0x80040fe4 x25:0x05149000  x5=0x80040fe4
     357295.000 ns	     35728	8000767c	021627b3	mulhsu	x15,x12,x1	 x12:0x80040fe4  x1:0xef67c000 x15=0x884fec7b
     357325.000 ns	     35731	80007680	c0177953	fcvt.wu.s	x18,f14	 f14:0xceff8000 x18=0x7fc00000
     357345.000 ns	     35733	80007684	0130c533	xor	x10,x1,x19	  x1:0xef67c000 x19:0x00000000 x10=0xef67c000
     357365.000 ns	     35735	80007688	d001ced3	fcvt.s.w	f29,x3	  x3:0x80040fe4 f29=0xcefff7e0
     357385.000 ns	     35737	8000768c	006232b3	sltu	x5,x4,x6	  x4:0x80040fe4  x6:0x00000000  x5=0x00000000
     357395.000 ns	     35738	80007690	00c8c1b3	xor	x3,x17,x12	 x17:0x00000000 x12:0x80040fe4  x3=0x80040fe4
     357405.000 ns	     35739	80007694	f15ced97	auipc	x27,0xf15ce	 x27=0x715d5694
     357425.000 ns	     35741	80007698	20fe10d3	fsgnjn.s	f1,f28,f15	 f28:0x440e8000 f15:0x4efff7df  f1=0xc40e8000
     357455.000 ns	     35744	8000769c	02ce85b3	mul	x11,x29,x12	 x29:0x80041024 x12:0x80040fe4 x11=0x81207c10
     357475.000 ns	     35746	800076a0	be1afd93	andi	x27,x21,-1055	 x21:0x80040fe4 x27=0x80040be0
     357495.000 ns	     35748	800076a4	a18298d3	flt.s	x17,f5,f24	  f5:0x00000000 f24:0x090ce000 x17=0x00000001
     357515.000 ns	     35750	800076a8	bc02bc93	sltiu	x25,x5,-1088	  x5:0x00000000 x25=0x00000001
     357525.000 ns	     35751	800076ac	04d54f13	xori	x30,x10,77	 x10:0xef67c000 x30=0xef67c04d
     357545.000 ns	     35753	800076b0	039339b3	mulhu	x19,x6,x25	  x6:0x00000000 x25:0x05149000 x19=0x00000000
     357565.000 ns	     35755	800076b4	12537c13	andi	x24,x6,293	  x6:0x00000000 x24=0x00000000
     357585.000 ns	     35757	800076b8	c0127553	fcvt.wu.s	x10,f4	  f4:0x56b2de37 x10=0xffffffff
     357615.000 ns	     35760	800076bc	21fd9e53	fsgnjn.s	f28,f27,f31	 f27:0x80000000 f31:0x3f7fffae f28=0x80000000
     357635.000 ns	     35762	800076c0	31a60b93	addi	x23,x12,794	 x12:0x80040fe4 x23=0x800412fe
     357655.000 ns	     35764	800076c4	e0090253	fmv.x.w	x4,f18	 f18:0x00000000  x4=0x00000000
     357685.000 ns	     35767	800076c8	212f26d3	fsgnjx.s	f13,f30,f18	 f30:0x00000000 f18:0x00000000 f13=0x00000000
     357715.000 ns	     35770	800076cc	0362ac33	mulhsu	x24,x5,x22	  x5:0x00000000 x22:0x00000001 x24=0x00000000
     357735.000 ns	     35772	800076d0	51da4393	xori	x7,x20,1309	 x20:0x0000b44d  x7=0x0000b150
     357745.000 ns	     35773	800076d4	f46d6693	ori	x13,x26,-186	 x26:0x00000000 x13=0xffffff46
     357755.000 ns	     35774	800076d8	002fdab3	srl	x21,x31,x2	 x31:0xfe001041  x2:0xed14be56 x21=0x000003f8
     358115.000 ns	     35810	800076dc	0224d1b3	divu	x3,x9,x2	  x9:0xa2680000  x2:0xed14be56  x3=0x00000000
     358135.000 ns	     35812	800076e0	006b4c33	xor	x24,x22,x6	 x22:0x00000001  x6:0x00000000 x24=0x00000001
     358155.000 ns	     35814	800076e4	21400f53	fsgnj.s	f30,f0,f20	  f0:0x4734d769 f20:0x00000256 f30=0x4734d769
     358175.000 ns	     35816	800076e8	9f6f2313	slti	x6,x30,-1546	 x30:0xef67c04d  x6=0x00000001
     358185.000 ns	     35817	800076ec	6639f237	lui	x4,0x6639f	  x4=0x6639f000
     358195.000 ns	     35818	800076f0	2a8cf593	andi	x11,x25,680	 x25:0x00000001 x11=0x00000000
     358205.000 ns	     35819	800076f4	00c8f733	and	x14,x17,x12	 x17:0x00000001 x12:0x80040fe4 x14=0x00000000
     358215.000 ns	     35820	800076f8	40c55413	srai	x8,x10,0xc	 x10:0xffffffff  x8=0xffffffff
     358235.000 ns	     35822	800076fc	d01f0753	fcvt.s.wu	f14,x30	 x30:0xef67c04d f14=0x4f6f67c0
     358265.000 ns	     35825	80007700	d00702d3	fcvt.s.w	f5,x14	 x14:0x00000000  f5=0x00000000
     358295.000 ns	     35828	80007704	a11480d3	fle.s	x1,f9,f17	  f9:0x4efff7df f17:0x00000000  x1=0x00000000
     358325.000 ns	     35831	80007708	21e30053	fsgnj.s	f0,f6,f30	  f6:0x47344c7e f30:0x4734d769  f0=0x47344c7e
     358375.000 ns	     35836	8000770c	000bc9d3	fadd.s	f19,f23,f0	 f23:0x00000000  f0:0x4734d769 f19=0x47344c7e
     358405.000 ns	     35839	80007710	c008b053	fcvt.w.s	x0,f17	 f17:0x00000000
     358775.000 ns	     35876	80007714	02935333	divu	x6,x6,x9	  x6:0x00000001  x9:0xa2680000  x6=0x00000000
     358815.000 ns	     35880	80007718	10a210d3	fmul.s	f1,f4,f10	  f4:0x56b2de37 f10:0x00040fed  f1=0x1535a65e
     358845.000 ns	     35883	8000771c	280a0c53	fmin.s	f24,f20,f0	 f20:0x00000256  f0:0x47344c7e f24=0x00000256
     358865.000 ns	     35885	80007720	00000013	addi	x0,x0,0	  x0:0x00000000
     358885.000 ns	     35887	80007724	d002fa53	fcvt.s.w	f20,x5	  x5:0x00000000 f20=0x00000000
     358905.000 ns	     35889	80007728	0125cf33	xor	x30,x11,x18	 x11:0x00000000 x18:0x7fc00000 x30=0x7fc00000
     358925.000 ns	     35891	8000772c	03beb233	mulhu	x4,x29,x27	 x29:0x80041024 x27:0x80040be0  x4=0x40040e12
     358955.000 ns	     35894	80007730	e00d9f53	fclass.s	x30,f27	 f27:0x80000000 x30=0x00000008
     358985.000 ns	     35897	80007734	28aa86d3	fmin.s	f13,f21,f10	 f21:0x890ce000 f10:0x00040fed f13=0x890ce000
     359015.000 ns	     35900	80007738	214a9a53	fsgnjn.s	f20,f21,f20	 f21:0x890ce000 f20:0x00000000 f20=0x890ce000
     359035.000 ns	     35902	8000773c	23424293	xori	x5,x4,564	  x4:0x40040e12  x5=0x40040c26
     359075.000 ns	     35906	80007740	00867ed3	fadd.s	f29,f12,f8	 f12:0x4eff8000  f8:0x3f350482 f29=0x4eff8000
     359125.000 ns	     35911	80007744	09cff853	fsub.s	f16,f31,f28	 f31:0x3f7fffae f28:0x80000000 f16=0x3f7fffae
     359155.000 ns	     35914	80007748	020cc733	div	x14,x25,x0	 x25:0x00000001  x0:0x00000000 x14=0xffffffff
     359185.000 ns	     35917	8000774c	f00f8a53	fmv.w.x	f20,x31	 x31:0xfe001041 f20=0xfe001041
     359205.000 ns	     35919	80007750	0019d733	srl	x14,x19,x1	 x19:0x00000000  x1:0x00000000 x14=0x00000000
     359225.000 ns	     35921	80007754	02be14b3	mulh	x9,x28,x11	 x28:0x00000000 x11:0x00000000  x9=0x00000000
     359255.000 ns	     35924	80007758	210e81d3	fsgnj.s	f3,f29,f16	 f29:0x4eff8000 f16:0x3f7fffae  f3=0x4eff8000
     359275.000 ns	     35926	8000775c	cc59e293	ori	x5,x19,-827	 x19:0x00000000  x5=0xfffffcc5
     359295.000 ns	     35928	80007760	02d0b7b3	mulhu	x15,x1,x13	  x1:0x00000000 x13:0xffffff46 x15=0x00000000
     359325.000 ns	     35931	80007764	c018c5d3	fcvt.wu.s	x11,f17	 f17:0x00000000 x11=0x00000000
     359355.000 ns	     35934	80007768	e00d89d3	fmv.x.w	x19,f27	 f27:0x80000000 x19=0x80000000
     359385.000 ns	     35937	8000776c	d00e76d3	fcvt.s.w	f13,x28	 x28:0x00000000 f13=0x00000000
     359435.000 ns	     35942	80007770	01174a53	fadd.s	f20,f14,f17	 f14:0x4f6f67c0 f17:0x00000000 f20=0x4f6f67c0
     359465.000 ns	     35945	80007774	21bd1fd3	fsgnjn.s	f31,f26,f27	 f26:0xff800000 f27:0x80000000 f31=0x7f800000
     359485.000 ns	     35947	80007778	00d15d93	srli	x27,x2,0xd	  x2:0xed14be56 x27=0x000768a5
     359495.000 ns	     35948	8000777c	227a4293	xori	x5,x20,551	 x20:0x0000b44d  x5=0x0000b66a
     359515.000 ns	     35950	80007780	20de1653	fsgnjn.s	f12,f28,f13	 f28:0x80000000 f13:0x00000000 f12=0x80000000
     359535.000 ns	     35952	80007784	40fa84b3	sub	x9,x21,x15	 x21:0x000003f8 x15:0x00000000  x9=0x000003f8
     359555.000 ns	     35954	80007788	a1241a53	flt.s	x20,f8,f18	  f8:0x3f350482 f18:0x00000000 x20=0x00000000
     359585.000 ns	     35957	8000778c	f0060a53	fmv.w.x	f20,x12	 x12:0x80040fe4 f20=0x80040fe4
     359615.000 ns	     35960	80007790	e0058353	fmv.x.w	x6,f11	 f11:0x447f8000  x6=0x447f8000
     359645.000 ns	     35963	80007794	212d93d3	fsgnjn.s	f7,f27,f18	 f27:0x80000000 f18:0x00000000  f7=0x80000000
     359665.000 ns	     35965	80007798	ba96aa93	slti	x21,x13,-1111	 x13:0xffffff46 x21=0x00000000
     359705.000 ns	     35969	8000779c	010c7653	fadd.s	f12,f24,f16	 f24:0x00000256 f16:0x3f7fffae f12=0x3f7fffae
     359735.000 ns	     35972	800077a0	c01bfd53	fcvt.wu.s	x26,f23	 f23:0x00000000 x26=0x00000000
     359765.000 ns	     35975	800077a4	202686d3	fsgnj.s	f13,f13,f2	 f13:0x00000000  f2:0xff800000 f13=0x80000000
     359795.000 ns	     35978	800077a8	d013f8d3	fcvt.s.wu	f17,x7	  x7:0x0000b150 f17=0x47315000
     359825.000 ns	     35981	800077ac	c00e7f53	fcvt.w.s	x30,f28	 f28:0x80000000 x30=0x00000000
     359845.000 ns	     35983	800077b0	00af7c33	and	x24,x30,x10	 x30:0x00000008 x10:0xffffffff x24=0x00000000
     359865.000 ns	     35985	800077b4	d00e2753	fcvt.s.w	f14,x28	 x28:0x00000000 f14=0x00000000
     359885.000 ns	     35987	800077b8	5ddde913	ori	x18,x27,1501	 x27:0x000768a5 x18=0x00076dfd
     359905.000 ns	     35989	800077bc	037d9033	mulh	x0,x27,x23	 x27:0x000768a5 x23:0x800412fe
     359925.000 ns	     35991	800077c0	fd066f13	ori	x30,x12,-48	 x12:0x80040fe4 x30=0xfffffff4
     359945.000 ns	     35993	800077c4	29780553	fmin.s	f10,f16,f23	 f16:0x3f7fffae f23:0x00000000 f10=0x00000000
     359975.000 ns	     35996	800077c8	c00a77d3	fcvt.w.s	x15,f20	 f20:0x80040fe4 x15=0x00000000
     360005.000 ns	     35999	800077cc	c0148553	fcvt.wu.s	x10,f9	  f9:0x4efff7df x10=0x7ffbef80
     360035.000 ns	     36002	800077d0	02cd8e33	mul	x28,x27,x12	 x27:0x000768a5 x12:0x80040fe4 x28=0x984eddf4
     360065.000 ns	     36005	800077d4	d001f0d3	fcvt.s.w	f1,x3	  x3:0x00000000  f1=0x00000000
     360085.000 ns	     36007	800077d8	41e3d233	sra	x4,x7,x30	  x7:0x0000b150 x30:0xfffffff4  x4=0x00000000
     360445.000 ns	     36043	800077dc	027aed33	rem	x26,x21,x7	 x21:0x00000000  x7:0x0000b150 x26=0x00000000
     360465.000 ns	     36045	800077e0	3cede693	ori	x13,x27,974	 x27:0x000768a5 x13=0x00076bef
     360475.000 ns	     36046	800077e4	83d8cc93	xori	x25,x17,-1987	 x17:0x00000001 x25=0xfffff83c
     360485.000 ns	     36047	800077e8	01ced213	srli	x4,x29,0x1c	 x29:0x80041024  x4=0x00000008
     360495.000 ns	     36048	800077ec	00596c33	or	x24,x18,x5	 x18:0x00076dfd  x5:0x0000b66a x24=0x0007ffff
     360515.000 ns	     36050	800077f0	a17a1fd3	flt.s	x31,f20,f23	 f20:0x80040fe4 f23:0x00000000 x31=0x00000001
     360535.000 ns	     36052	800077f4	0078efb3	or	x31,x17,x7	 x17:0x00000001  x7:0x0000b150 x31=0x0000b151
     360545.000 ns	     36053	800077f8	6323eb13	ori	x22,x7,1586	  x7:0x0000b150 x22=0x0000b772
     360905.000 ns	     36089	800077fc	02d5dd33	divu	x26,x11,x13	 x11:0x00000000 x13:0x00076bef x26=0x00000000
     360925.000 ns	     36091	80007800	0119af33	slt	x30,x19,x17	 x19:0x80000000 x17:0x00000001 x30=0x00000001
     360945.000 ns	     36093	80007804	29961b53	fmax.s	f22,f12,f25	 f12:0x3f7fffae f25:0x00000000 f22=0x3f7fffae
     360965.000 ns	     36095	80007808	414604b3	sub	x9,x12,x20	 x12:0x80040fe4 x20:0x00000000  x9=0x80040fe4
     360985.000 ns	     36097	8000780c	20a49253	fsgnjn.s	f4,f9,f10	  f9:0x4efff7df f10:0x00000000  f4=0xcefff7df
     361005.000 ns	     36099	80007810	eb2e42b7	lui	x5,0xeb2e4	  x5=0xeb2e4000
     361025.000 ns	     36101	80007814	289212d3	fmax.s	f5,f4,f9	  f4:0xcefff7df  f9:0x4efff7df  f5=0x4efff7df
     361045.000 ns	     36103	80007818	a8f32417	auipc	x8,0xa8f32	  x8=0x28f39818
     361055.000 ns	     36104	8000781c	518efc93	andi	x25,x29,1304	 x29:0x80041024 x25=0x00000000
     361085.000 ns	     36107	80007820	580277d3	fsqrt.s	f15,f4	  f4:0xcefff7df f15=0x7fc00000
     361105.000 ns	     36109	80007824	42ec4797	auipc	x15,0x42ec4	 x15=0xc2ecb824
     361125.000 ns	     36111	80007828	d00b06d3	fcvt.s.w	f13,x22	 x22:0x0000b772 f13=0x47377200
     361155.000 ns	     36114	8000782c	026a30b3	mulhu	x1,x20,x6	 x20:0x00000000  x6:0x447f8000  x1=0x00000000
     361175.000 ns	     36116	80007830	00000013	addi	x0,x0,0	  x0:0x00000000
     361195.000 ns	     36118	80007834	21dd1ad3	fsgnjn.s	f21,f26,f29	 f26:0xff800000 f29:0x4eff8000 f21=0xff800000
     361235.000 ns	     36122	80007838	18cf8fd3	fdiv.s	f31,f31,f12	 f31:0x7f800000 f12:0x3f7fffae f31=0x7f800000
     361255.000 ns	     36124	8000783c	0127eab3	or	x21,x15,x18	 x15:0xc2ecb824 x18:0x00076dfd x21=0xc2effdfd
     361615.000 ns	     36160	80007840	030a60b3	rem	x1,x20,x16	 x20:0x00000000 x16:0x2b8ce000  x1=0x00000000
     361635.000 ns	     36162	80007844	414d50b3	sra	x1,x26,x20	 x26:0x00000000 x20:0x00000000  x1=0x00000000
     361645.000 ns	     36163	80007848	456b7d13	andi	x26,x22,1110	 x22:0x0000b772 x26=0x00000452
     361655.000 ns	     36164	8000784c	3a004913	xori	x18,x0,928	  x0:0x00000000 x18=0x000003a0
     361665.000 ns	     36165	80007850	01649593	slli	x11,x9,0x16	  x9:0x80040fe4 x11=0xf9000000
     361685.000 ns	     36167	80007854	0363b2b3	mulhu	x5,x7,x22	  x7:0x0000b150 x22:0x0000b772  x5=0x00000000
     361715.000 ns	     36170	80007858	d00586d3	fcvt.s.w	f13,x11	 x11:0x00000000 f13=0xcce00000
     361745.000 ns	     36173	8000785c	c00979d3	fcvt.w.s	x19,f18	 f18:0x00000000 x19=0x00000000
     361765.000 ns	     36175	80007860	01d41313	slli	x6,x8,0x1d	  x8:0x28f39818  x6=0x00000000
     361775.000 ns	     36176	80007864	4071d493	srai	x9,x3,0x7	  x3:0x00000000  x9=0x00000000
     361805.000 ns	     36179	80007868	115670d3	fmul.s	f1,f12,f21	 f12:0x3f7fffae f21:0xff800000  f1=0xff800000
     361835.000 ns	     36182	8000786c	28489fd3	fmax.s	f31,f17,f4	 f17:0x47315000  f4:0xcefff7df f31=0x47315000
     361885.000 ns	     36187	80007870	094a2e53	fsub.s	f28,f20,f20	 f20:0x80040fe4 f20:0x80040fe4 f28=0x00000000
     361905.000 ns	     36189	80007874	d9b6e813	ori	x16,x13,-613	 x13:0x00076bef x16=0xffffffff
     361915.000 ns	     36190	80007878	017e25b3	slt	x11,x28,x23	 x28:0x984eddf4 x23:0x800412fe x11=0x00000000
     361935.000 ns	     36192	8000787c	037c3a33	mulhu	x20,x24,x23	 x24:0x0007ffff x23:0x800412fe x20=0x00040020
     361965.000 ns	     36195	80007880	02053733	mulhu	x14,x10,x0	 x10:0x7ffbef80  x0:0x00000000 x14=0x00000000
     362335.000 ns	     36232	80007884	02a5d233	divu	x4,x11,x10	 x11:0x00000000 x10:0x7ffbef80  x4=0x00000000
     362355.000 ns	     36234	80007888	29d1e513	ori	x10,x3,669	  x3:0x00000000 x10=0x0000029d
     362375.000 ns	     36236	8000788c	a13a9ad3	flt.s	x21,f21,f19	 f21:0xff800000 f19:0x47344c7e x21=0x00000001
     362395.000 ns	     36238	80007890	33c2a193	slti	x3,x5,828	  x5:0x00000000  x3=0x00000001
     362405.000 ns	     36239	80007894	2811e213	ori	x4,x3,641	  x3:0x00000000  x4=0x00000281
     362415.000 ns	     36240	80007898	01b029b3	slt	x19,x0,x27	  x0:0x00000000 x27:0x000768a5 x19=0x00000001
     362435.000 ns	     36242	8000789c	28d58e53	fmin.s	f28,f11,f13	 f11:0x447f8000 f13:0xcce00000 f28=0xcce00000
     362465.000 ns	     36245	800078a0	20fd86d3	fsgnj.s	f13,f27,f15	 f27:0x80000000 f15:0x7fc00000 f13=0x00000000
     362495.000 ns	     36248	800078a4	a14a2e53	feq.s	x28,f20,f20	 f20:0x80040fe4 f20:0x80040fe4 x28=0x00000001
     362535.000 ns	     36252	800078a8	190dadd3	fdiv.s	f27,f27,f16	 f27:0x80000000 f16:0x3f7fffae f27=0x80000000
     362565.000 ns	     36255	800078ac	c01591d3	fcvt.wu.s	x3,f11	 f11:0x447f8000  x3=0x000003fe
     362585.000 ns	     36257	800078b0	9b0c2293	slti	x5,x24,-1616	 x24:0x0007ffff  x5=0x00000000
     362595.000 ns	     36258	800078b4	01cb2f33	slt	x30,x22,x28	 x22:0x0000b772 x28:0x00000001 x30=0x00000000
     362615.000 ns	     36260	800078b8	e00f1cd3	fclass.s	x25,f30	 f30:0x4734d769 x25=0x00000040
     362645.000 ns	     36263	800078bc	026c3db3	mulhu	x27,x24,x6	 x24:0x0007ffff  x6:0x00000000 x27=0x00000000
     362665.000 ns	     36265	800078c0	01040b33	add	x22,x8,x16	  x8:0x28f39818 x16:0xffffffff x22=0x28f39817
     362675.000 ns	     36266	800078c4	cece0b13	addi	x22,x28,-788	 x28:0x00000001 x22=0xfffffced
     362695.000 ns	     36268	800078c8	d0057d53	fcvt.s.w	f26,x10	 x10:0x0000029d f26=0x44274000
     362725.000 ns	     36271	800078cc	20949153	fsgnjn.s	f2,f9,f9	  f9:0x4efff7df  f9:0x4efff7df  f2=0xcefff7df
     362755.000 ns	     36274	800078d0	f0030bd3	fmv.w.x	f23,x6	  x6:0x00000000 f23=0x00000000
     362775.000 ns	     36276	800078d4	f82ba413	slti	x8,x23,-126	 x23:0x800412fe  x8=0x00000001
     362785.000 ns	     36277	800078d8	416a04b3	sub	x9,x20,x22	 x20:0x00040020 x22:0xfffffced  x9=0x00040333
     362805.000 ns	     36279	800078dc	02ab8cb3	mul	x25,x23,x10	 x23:0x800412fe x10:0x0000029d x25=0x8aa5a1c6
     362825.000 ns	     36281	800078e0	0100e9b3	or	x19,x1,x16	  x1:0x00000000 x16:0xffffffff x19=0xffffffff
     362845.000 ns	     36283	800078e4	d00f4953	fcvt.s.w	f18,x30	 x30:0x00000000 f18=0x00000000
     362865.000 ns	     36285	800078e8	89346693	ori	x13,x8,-1901	  x8:0x00000001 x13=0xfffff893
     362885.000 ns	     36287	800078ec	29409153	fmax.s	f2,f1,f20	  f1:0xff800000 f20:0x80040fe4  f2=0x80040fe4
     362915.000 ns	     36290	800078f0	025eb9b3	mulhu	x19,x29,x5	 x29:0x80041024  x5:0x00000000 x19=0x00000000
     362945.000 ns	     36293	800078f4	d0174753	fcvt.s.wu	f14,x14	 x14:0x00000000 f14=0x00000000
     362965.000 ns	     36295	800078f8	003eb3b3	sltu	x7,x29,x3	 x29:0x80041024  x3:0x000003fe  x7=0x00000000
     362975.000 ns	     36296	800078fc	00aefe33	and	x28,x29,x10	 x29:0x80041024 x10:0x0000029d x28=0x00000004
     362985.000 ns	     36297	80007900	40ca5b33	sra	x22,x20,x12	 x20:0x00040020 x12:0x80040fe4 x22=0x00004002
     363005.000 ns	     36299	80007904	02604033	div	x0,x0,x6	  x0:0x00000000  x6:0x00000000
     363025.000 ns	     36301	80007908	00dabd33	sltu	x26,x21,x13	 x21:0x00000001 x13:0xfffff893 x26=0x00000001
     363035.000 ns	     36302	8000790c	015c53b3	srl	x7,x24,x21	 x24:0x0007ffff x21:0x00000001  x7=0x0003ffff
     363055.000 ns	     36304	80007910	e0079953	fclass.s	x18,f15	 f15:0x7fc00000 x18=0x00000200
     363085.000 ns	     36307	80007914	d009f153	fcvt.s.w	f2,x19	 x19:0x00000000  f2=0x00000000
     363105.000 ns	     36309	80007918	41ca0b33	sub	x22,x20,x28	 x20:0x00040020 x28:0x00000004 x22=0x0004001c
     363115.000 ns	     36310	8000791c	014de933	or	x18,x27,x20	 x27:0x00000000 x20:0x00040020 x18=0x00040020
     363135.000 ns	     36312	80007920	290315d3	fmax.s	f11,f6,f16	  f6:0x47344c7e f16:0x3f7fffae f11=0x47344c7e
     363165.000 ns	     36315	80007924	a15322d3	feq.s	x5,f6,f21	  f6:0x47344c7e f21:0xff800000  x5=0x00000000
     363195.000 ns	     36318	80007928	20091653	fsgnjn.s	f12,f18,f0	 f18:0x00000000  f0:0x47344c7e f12=0x80000000
     363245.000 ns	     36323	8000792c	08d84f53	fsub.s	f30,f16,f13	 f16:0x3f7fffae f13:0x00000000 f30=0x3f7fffae
     363265.000 ns	     36325	80007930	01b92433	slt	x8,x18,x27	 x18:0x00040020 x27:0x00000000  x8=0x00000000
     363275.000 ns	     36326	80007934	f667a237	lui	x4,0xf667a	  x4=0xf667a000
     363295.000 ns	     36328	80007938	217587d3	fsgnj.s	f15,f11,f23	 f11:0x47344c7e f23:0x00000000 f15=0x47344c7e
     363325.000 ns	     36331	8000793c	a16e9953	flt.s	x18,f29,f22	 f29:0x4eff8000 f22:0x3f7fffae x18=0x00000000
     363355.000 ns	     36334	80007940	21399cd3	fsgnjn.s	f25,f19,f19	 f19:0x47344c7e f19:0x47344c7e f25=0xc7344c7e
     363375.000 ns	     36336	80007944	a7f66493	ori	x9,x12,-1409	 x12:0x80040fe4  x9=0xffffffff
     363385.000 ns	     36337	80007948	0870a413	slti	x8,x1,135	  x1:0x00000000  x8=0x00000001
     363405.000 ns	     36339	8000794c	21fb91d3	fsgnjn.s	f3,f23,f31	 f23:0x00000000 f31:0x47315000  f3=0x80000000
     363435.000 ns	     36342	80007950	20b8ac53	fsgnjx.s	f24,f17,f11	 f17:0x47315000 f11:0x47344c7e f24=0x47315000
     363465.000 ns	     36345	80007954	0214e033	rem	x0,x9,x1	  x9:0xffffffff  x1:0x00000000
     363485.000 ns	     36347	80007958	001647b3	xor	x15,x12,x1	 x12:0x80040fe4  x1:0x00000000 x15=0x80040fe4
     363505.000 ns	     36349	8000795c	d01fc4d3	fcvt.s.wu	f9,x31	 x31:0x0000b151  f9=0x47315100
     363535.000 ns	     36352	80007960	e0028e53	fmv.x.w	x28,f5	  f5:0x4efff7df x28=0x4efff7df
     363575.000 ns	     36356	80007964	19d0aa53	fdiv.s	f20,f1,f29	  f1:0xff800000 f29:0x4eff8000 f20=0xff800000
     363605.000 ns	     36359	80007968	03ce3833	mulhu	x16,x28,x28	 x28:0x4efff7df x28:0x4efff7df x16=0x1860fafb
     363625.000 ns	     36361	8000796c	a20bb293	sltiu	x5,x23,-1504	 x23:0x800412fe  x5=0x00000001
     363665.000 ns	     36365	80007970	099f9853	fsub.s	f16,f31,f25	 f31:0x47315000 f25:0xc7344c7e f16=0x47b2ce3f
     363685.000 ns	     36367	80007974	0187d393	srli	x7,x15,0x18	 x15:0x80040fe4  x7=0x00000080
     363695.000 ns	     36368	80007978	0aeace13	xori	x28,x21,174	 x21:0x00000001 x28=0x000000af
     363715.000 ns	     36370	8000797c	f0088853	fmv.w.x	f16,x17	 x17:0x00000001 f16=0x00000001
     363745.000 ns	     36373	80007980	02bbe333	rem	x6,x23,x11	 x23:0x800412fe x11:0x00000000  x6=0x800412fe
     363775.000 ns	     36376	80007984	a02b0bd3	fle.s	x23,f22,f2	 f22:0x3f7fffae  f2:0x00000000 x23=0x00000000
     363795.000 ns	     36378	80007988	01d09213	slli	x4,x1,0x1d	  x1:0x00000000  x4=0x00000000
     363815.000 ns	     36380	8000798c	02561033	mulh	x0,x12,x5	 x12:0x80040fe4  x5:0x00000001
     363845.000 ns	     36383	80007990	29850ed3	fmin.s	f29,f10,f24	 f10:0x00000000 f24:0x47315000 f29=0x00000000
     363875.000 ns	     36386	80007994	29470d53	fmin.s	f26,f14,f20	 f14:0x00000000 f20:0xff800000 f26=0xff800000
     365055.000 ns	     36504	80007998	5808a2d3	fsqrt.s	f5,f17	 f17:0x47315000  f5=0x42fac1ae
     365075.000 ns	     36506	8000799c	00635293	srli	x5,x6,0x6	  x6:0x800412fe  x5=0x0200104b
     365115.000 ns	     36510	800079a0	092bf953	fsub.s	f18,f23,f18	 f23:0x00000000 f18:0x00000000 f18=0x80000000
     365135.000 ns	     36512	800079a4	001127b3	slt	x15,x2,x1	  x2:0xed14be56  x1:0x00000000 x15=0x00000001
     365145.000 ns	     36513	800079a8	8e223713	sltiu	x14,x4,-1822	  x4:0x00000000 x14=0x00000001
     365155.000 ns	     36514	800079ac	62283993	sltiu	x19,x16,1570	 x16:0x1860fafb x19=0x00000000
     365165.000 ns	     36515	800079b0	10074f13	xori	x30,x14,256	 x14:0x00000000 x30=0x00000101
     365175.000 ns	     36516	800079b4	40b55533	sra	x10,x10,x11	 x10:0x0000029d x11:0x00000000 x10=0x0000029d
     365535.000 ns	     36552	800079b8	03627c33	remu	x24,x4,x22	  x4:0x00000000 x22:0x0004001c x24=0x00000000
     365565.000 ns	     36555	800079bc	02e8a433	mulhsu	x8,x17,x14	 x17:0x00000001 x14:0x00000001  x8=0x00000000
     365595.000 ns	     36558	800079c0	282209d3	fmin.s	f19,f4,f2	  f4:0xcefff7df  f2:0x00000000 f19=0xcefff7df
     365645.000 ns	     36563	800079c4	095e2d53	fsub.s	f26,f28,f21	 f28:0xcce00000 f21:0xff800000 f26=0x7f800000
     365665.000 ns	     36565	800079c8	ab2b8f93	addi	x31,x23,-1358	 x23:0x00000000 x31=0xfffffab2
     365695.000 ns	     36568	800079cc	11c3a1d3	fmul.s	f3,f7,f28	  f7:0x80000000 f28:0xcce00000  f3=0x00000000
     365715.000 ns	     36570	800079d0	0181e933	or	x18,x3,x24	  x3:0x000003fe x24:0x00000000 x18=0x000003fe
     365725.000 ns	     36571	800079d4	40cede33	sra	x28,x29,x12	 x29:0x80041024 x12:0x80040fe4 x28=0xf8004102
     365745.000 ns	     36573	800079d8	29ee9453	fmax.s	f8,f29,f30	 f29:0x00000000 f30:0x3f7fffae  f8=0x3f7fffae
     365785.000 ns	     36577	800079dc	184afed3	fdiv.s	f29,f21,f4	 f21:0xff800000  f4:0xcefff7df f29=0x7f800000
     365815.000 ns	     36580	800079e0	03b05cb3	divu	x25,x0,x27	  x0:0x00000000 x27:0x00000000 x25=0xffffffff
     365835.000 ns	     36582	800079e4	2d0ca293	slti	x5,x25,720	 x25:0x8aa5a1c6  x5=0x00000001
     365845.000 ns	     36583	800079e8	4d29af93	slti	x31,x19,1234	 x19:0x00000000 x31=0x00000001
     365855.000 ns	     36584	800079ec	00e533b3	sltu	x7,x10,x14	 x10:0x0000029d x14:0x00000001  x7=0x00000000
     365865.000 ns	     36585	800079f0	252dc297	auipc	x5,0x252dc	  x5=0xa52e39f0
     366225.000 ns	     36621	800079f4	035f45b3	div	x11,x30,x21	 x30:0x00000101 x21:0x00000001 x11=0x00000101
     366245.000 ns	     36623	800079f8	73f56a13	ori	x20,x10,1855	 x10:0x0000029d x20=0x000007bf
     366255.000 ns	     36624	800079fc	0046e933	or	x18,x13,x4	 x13:0xfffff893  x4:0x00000000 x18=0xfffff893
     366265.000 ns	     36625	80007a00	01145f13	srli	x30,x8,0x11	  x8:0x00000000 x30=0x00000000
     366285.000 ns	     36627	80007a04	28df9b53	fmax.s	f22,f31,f13	 f31:0x47315000 f13:0x00000000 f22=0x47315000
     366305.000 ns	     36629	80007a08	40cfd713	srai	x14,x31,0xc	 x31:0x00000001 x14=0x00000000
     366325.000 ns	     36631	80007a0c	a0c69dd3	flt.s	x27,f13,f12	 f13:0x00000000 f12:0x80000000 x27=0x00000000
     366345.000 ns	     36633	80007a10	69bbfc93	andi	x25,x23,1691	 x23:0x00000000 x25=0x00000000
     366355.000 ns	     36634	80007a14	d3925f17	auipc	x30,0xd3925	 x30=0x5392ca14
     366365.000 ns	     36635	80007a18	00d05c93	srli	x25,x0,0xd	  x0:0x00000000 x25=0x00000000
     366375.000 ns	     36636	80007a1c	419cd993	srai	x19,x25,0x19	 x25:0x00000000 x19=0x00000000
     366395.000 ns	     36638	80007a20	039dffb3	remu	x31,x27,x25	 x27:0x00000000 x25:0x00000000 x31=0x00000000
     366415.000 ns	     36640	80007a24	403dd8b3	sra	x17,x27,x3	 x27:0x00000000  x3:0x000003fe x17=0x00000000
     366425.000 ns	     36641	80007a28	0078e3b3	or	x7,x17,x7	 x17:0x00000001  x7:0x00000000  x7=0x00000000
     366445.000 ns	     36643	80007a2c	293b0653	fmin.s	f12,f22,f19	 f22:0x47315000 f19:0xcefff7df f12=0xcefff7df
     366465.000 ns	     36645	80007a30	00415d33	srl	x26,x2,x4	  x2:0xed14be56  x4:0x00000000 x26=0xed14be56
     366475.000 ns	     36646	80007a34	4120d513	srai	x10,x1,0x12	  x1:0x00000000 x10=0x00000000
     366495.000 ns	     36648	80007a38	a1e420d3	feq.s	x1,f8,f30	  f8:0x3f7fffae f30:0x3f7fffae  x1=0x00000001
     366525.000 ns	     36651	80007a3c	d01dfa53	fcvt.s.wu	f20,x27	 x27:0x00000000 f20=0x00000000
     366555.000 ns	     36654	80007a40	0337d2b3	divu	x5,x15,x19	 x15:0x00000001 x19:0x00000000  x5=0xffffffff
     366575.000 ns	     36656	80007a44	003f41b3	xor	x3,x30,x3	 x30:0x5392ca14  x3:0x000003fe  x3=0x5392c9ea
     366585.000 ns	     36657	80007a48	010822b3	slt	x5,x16,x16	 x16:0x1860fafb x16:0x1860fafb  x5=0x00000000
     366595.000 ns	     36658	80007a4c	60573393	sltiu	x7,x14,1541	 x14:0x00000000  x7=0x00000001
     366605.000 ns	     36659	80007a50	01db81b3	add	x3,x23,x29	 x23:0x00000000 x29:0x80041024  x3=0x80041024
     366635.000 ns	     36662	80007a54	185549d3	fdiv.s	f19,f10,f5	 f10:0x00000000  f5:0x42fac1ae f19=0x00000000
     366655.000 ns	     36664	80007a58	41c35193	srai	x3,x6,0x1c	  x6:0x800412fe  x3=0xfffffff8
     366675.000 ns	     36666	80007a5c	c007f8d3	fcvt.w.s	x17,f15	 f15:0x47344c7e x17=0x0000b44c
     366695.000 ns	     36668	80007a60	400a0ab3	sub	x21,x20,x0	 x20:0x000007bf  x0:0x00000000 x21=0x000007bf
     366705.000 ns	     36669	80007a64	6f400793	addi	x15,x0,1780	  x0:0x00000000 x15=0x000006f4
     366715.000 ns	     36670	80007a68	7ad79297	auipc	x5,0x7ad79	  x5=0xfad80a68
     367045.000 ns	     36703	80007a6c	19e378d3	fdiv.s	f17,f6,f30	  f6:0x47344c7e f30:0x3f7fffae f17=0x47b44c2b
     367075.000 ns	     36706	80007a70	02873ab3	mulhu	x21,x14,x8	 x14:0x00000000  x8:0x00000000 x21=0x00000000
     367115.000 ns	     36710	80007a74	18349fd3	fdiv.s	f31,f9,f3	  f9:0x47315100  f3:0x00000000 f31=0x7f800000
     367135.000 ns	     36712	80007a78	b95d2213	slti	x4,x26,-1131	 x26:0xed14be56  x4=0x00000001
     367155.000 ns	     36714	80007a7c	e00a91d3	fclass.s	x3,f21	 f21:0xff800000  x3=0x00000001
     367185.000 ns	     36717	80007a80	d01e7cd3	fcvt.s.wu	f25,x28	 x28:0xf8004102 f25=0x4f780041
     367205.000 ns	     36719	80007a84	01a1d0b3	srl	x1,x3,x26	  x3:0x00000001 x26:0xed14be56  x1=0x00000000
     367215.000 ns	     36720	80007a88	40ae8833	sub	x16,x29,x10	 x29:0x80041024 x10:0x00000000 x16=0x80041024
     367235.000 ns	     36722	80007a8c	21f22cd3	fsgnjx.s	f25,f4,f31	  f4:0xcefff7df f31:0x7f800000 f25=0xcefff7df
     367255.000 ns	     36724	80007a90	f28b6c93	ori	x25,x22,-216	 x22:0x0004001c x25=0xffffff3c
     367265.000 ns	     36725	80007a94	010ebb33	sltu	x22,x29,x16	 x29:0x80041024 x16:0x80041024 x22=0x00000000
     367285.000 ns	     36727	80007a98	a0f08ad3	fle.s	x21,f1,f15	  f1:0xff800000 f15:0x47344c7e x21=0x00000001
     367315.000 ns	     36730	80007a9c	e00d1353	fclass.s	x6,f26	 f26:0x7f800000  x6=0x00000080
     367345.000 ns	     36733	80007aa0	03fa2d33	mulhsu	x26,x20,x31	 x20:0x000007bf x31:0x00000000 x26=0x00000000
     367375.000 ns	     36736	80007aa4	a0781e53	flt.s	x28,f16,f7	 f16:0x00000001  f7:0x80000000 x28=0x00000000
     367395.000 ns	     36738	80007aa8	40dad313	srai	x6,x21,0xd	 x21:0x00000001  x6=0x00000000
     367405.000 ns	     36739	80007aac	223da313	slti	x6,x27,547	 x27:0x00000000  x6=0x00000001
     367415.000 ns	     36740	80007ab0	008130b3	sltu	x1,x2,x8	  x2:0xed14be56  x8:0x00000000  x1=0x00000000
     367425.000 ns	     36741	80007ab4	002fdf13	srli	x30,x31,0x2	 x31:0x00000000 x30=0x00000000
     367445.000 ns	     36743	80007ab8	02c62333	mulhsu	x6,x12,x12	 x12:0x80040fe4 x12:0x80040fe4  x6=0xc0000010
     367485.000 ns	     36747	80007abc	580a1d53	fsqrt.s	f26,f20	 f20:0x00000000 f26=0x00000000
     367515.000 ns	     36750	80007ac0	f0088353	fmv.w.x	f6,x17	 x17:0x0000b44c  f6=0x0000b44c
     367535.000 ns	     36752	80007ac4	014392b3	sll	x5,x7,x20	  x7:0x00000001 x20:0x000007bf  x5=0x80000000
     367545.000 ns	     36753	80007ac8	00569b93	slli	x23,x13,0x5	 x13:0xfffff893 x23=0xffff1260
     367575.000 ns	     36756	80007acc	10bb3ad3	fmul.s	f21,f22,f11	 f22:0x47315000 f11:0x47344c7e f21=0x4ef9c277
     367605.000 ns	     36759	80007ad0	e00b89d3	fmv.x.w	x19,f23	 f23:0x00000000 x19=0x00000000
     367625.000 ns	     36761	80007ad4	2162ef93	ori	x31,x5,534	  x5:0x80000000 x31=0x80000216
     367645.000 ns	     36763	80007ad8	d0111ad3	fcvt.s.wu	f21,x2	  x2:0xed14be56 f21=0x4f6d14be
     367665.000 ns	     36765	80007adc	60528093	addi	x1,x5,1541	  x5:0x80000000  x1=0x80000605
     367685.000 ns	     36767	80007ae0	c0181553	fcvt.wu.s	x10,f16	 f16:0x00000001 x10=0x00000000
     367715.000 ns	     36770	80007ae4	2135aa53	fsgnjx.s	f20,f11,f19	 f11:0x47344c7e f19:0x00000000 f20=0x47344c7e
     368625.000 ns	     36861	80007ae8	5805fd53	fsqrt.s	f26,f11	 f11:0x47344c7e f26=0x42fefae0
     368995.000 ns	     36898	80007aec	03534033	div	x0,x6,x21	  x6:0xc0000010 x21:0x00000001
     369015.000 ns	     36900	80007af0	00000013	addi	x0,x0,0	  x0:0x00000000
     369025.000 ns	     36901	80007af4	01baca33	xor	x20,x21,x27	 x21:0x00000001 x27:0x00000000 x20=0x00000001
     369045.000 ns	     36903	80007af8	a13508d3	fle.s	x17,f10,f19	 f10:0x00000000 f19:0x00000000 x17=0x00000001
     369065.000 ns	     36905	80007afc	01d68433	add	x8,x13,x29	 x13:0xfffff893 x29:0x80041024  x8=0x800408b7
     369075.000 ns	     36906	80007b00	401705b3	sub	x11,x14,x1	 x14:0x00000000  x1:0x80000605 x11=0x7ffff9fb
     369095.000 ns	     36908	80007b04	e00b9b53	fclass.s	x22,f23	 f23:0x00000000 x22=0x00000010
     369125.000 ns	     36911	80007b08	02dba533	mulhsu	x10,x23,x13	 x23:0xffff1260 x13:0xfffff893 x10=0xffff1260
     369155.000 ns	     36914	80007b0c	025c01b3	mul	x3,x24,x5	 x24:0x00000000  x5:0x80000000  x3=0x00000000
     369175.000 ns	     36916	80007b10	018d33b3	sltu	x7,x26,x24	 x26:0x00000000 x24:0x00000000  x7=0x00000000
     369185.000 ns	     36917	80007b14	019f16b3	sll	x13,x30,x25	 x30:0x00000000 x25:0xffffff3c x13=0x00000000
     369205.000 ns	     36919	80007b18	d0144cd3	fcvt.s.wu	f25,x8	  x8:0x800408b7 f25=0x4f000409
     369235.000 ns	     36922	80007b1c	d00cf153	fcvt.s.w	f2,x25	 x25:0xffffff3c  f2=0xc3440000
     369255.000 ns	     36924	80007b20	722e2693	slti	x13,x28,1826	 x28:0x00000000 x13=0x00000001
     369265.000 ns	     36925	80007b24	00fb9333	sll	x6,x23,x15	 x23:0xffff1260 x15:0x000006f4  x6=0x26000000
     369275.000 ns	     36926	80007b28	407686b3	sub	x13,x13,x7	 x13:0x00000000  x7:0x00000000 x13=0x00000001
     369285.000 ns	     36927	80007b2c	00eadb33	srl	x22,x21,x14	 x21:0x00000001 x14:0x00000000 x22=0x00000001
     369295.000 ns	     36928	80007b30	ec406213	ori	x4,x0,-316	  x0:0x00000000  x4=0xfffffec4
     369315.000 ns	     36930	80007b34	d0157b53	fcvt.s.wu	f22,x10	 x10:0xffff1260 f22=0x4f7fff12
     369345.000 ns	     36933	80007b38	20b72bd3	fsgnjx.s	f23,f14,f11	 f14:0x00000000 f11:0x47344c7e f23=0x00000000
     369365.000 ns	     36935	80007b3c	014307b3	add	x15,x6,x20	  x6:0x26000000 x20:0x00000001 x15=0x26000001
     369395.000 ns	     36938	80007b40	1148fc53	fmul.s	f24,f17,f20	 f17:0x47b44c2b f20:0x47344c7e f24=0x4f7df6dc
     369415.000 ns	     36940	80007b44	41bd5f13	srai	x30,x26,0x1b	 x26:0x00000000 x30=0x00000000
     369775.000 ns	     36976	80007b48	03fa75b3	remu	x11,x20,x31	 x20:0x00000001 x31:0x80000216 x11=0x00000001
     369795.000 ns	     36978	80007b4c	00874cb3	xor	x25,x14,x8	 x14:0x00000000  x8:0x800408b7 x25=0x800408b7
     369825.000 ns	     36981	80007b50	58067253	fsqrt.s	f4,f12	 f12:0xcefff7df  f4=0x7fc00000
     369845.000 ns	     36983	80007b54	00000013	addi	x0,x0,0	  x0:0x00000000
     369865.000 ns	     36985	80007b58	03375033	divu	x0,x14,x19	 x14:0x00000000 x19:0x00000000
     369905.000 ns	     36989	80007b5c	10a38653	fmul.s	f12,f7,f10	  f7:0x80000000 f10:0x00000000 f12=0x80000000
     369935.000 ns	     36992	80007b60	a1e492d3	flt.s	x5,f9,f30	  f9:0x47315100 f30:0x3f7fffae  x5=0x00000000
     369965.000 ns	     36995	80007b64	28be8853	fmin.s	f16,f29,f11	 f29:0x7f800000 f11:0x47344c7e f16=0x47344c7e
     370335.000 ns	     37032	80007b68	02615b33	divu	x22,x2,x6	  x2:0xed14be56  x6:0x26000000 x22=0x00000006
     370355.000 ns	     37034	80007b6c	01b38933	add	x18,x7,x27	  x7:0x00000000 x27:0x00000000 x18=0x00000000
     370365.000 ns	     37035	80007b70	009362b3	or	x5,x6,x9	  x6:0x26000000  x9:0xffffffff  x5=0xffffffff
     370385.000 ns	     37037	80007b74	023a5933	divu	x18,x20,x3	 x20:0x00000001  x3:0x00000000 x18=0xffffffff
     370415.000 ns	     37040	80007b78	f0038253	fmv.w.x	f4,x7	  x7:0x00000000  f4=0x00000000
     370445.000 ns	     37043	80007b7c	c0177bd3	fcvt.wu.s	x23,f14	 f14:0x00000000 x23=0x00000000
     370475.000 ns	     37046	80007b80	204d9a53	fsgnjn.s	f20,f27,f4	 f27:0x80000000  f4:0x00000000 f20=0x80000000
     370495.000 ns	     37048	80007b84	41288fb3	sub	x31,x17,x18	 x17:0x00000001 x18:0xffffffff x31=0x00000002
     370505.000 ns	     37049	80007b88	12bbf093	andi	x1,x23,299	 x23:0x00000000  x1=0x00000000
     370525.000 ns	     37051	80007b8c	021f2733	mulhsu	x14,x30,x1	 x30:0x00000000  x1:0x80000605 x14=0x00000000
     370545.000 ns	     37053	80007b90	2595ff93	andi	x31,x11,601	 x11:0x00000001 x31=0x00000001
     370565.000 ns	     37055	80007b94	21e28ed3	fsgnj.s	f29,f5,f30	  f5:0x42fac1ae f30:0x3f7fffae f29=0x42fac1ae
     370585.000 ns	     37057	80007b98	f50be693	ori	x13,x23,-176	 x23:0x00000000 x13=0xffffff50
     370605.000 ns	     37059	80007b9c	20009ed3	fsgnjn.s	f29,f1,f0	  f1:0xff800000  f0:0x47344c7e f29=0xff800000
     370975.000 ns	     37096	80007ba0	03127fb3	remu	x31,x4,x17	  x4:0xfffffec4 x17:0x00000001 x31=0x00000000
     371005.000 ns	     37099	80007ba4	28618753	fmin.s	f14,f3,f6	  f3:0x00000000  f6:0x0000b44c f14=0x00000000
     371035.000 ns	     37102	80007ba8	206986d3	fsgnj.s	f13,f19,f6	 f19:0x00000000  f6:0x0000b44c f13=0x00000000
     371065.000 ns	     37105	80007bac	29be8253	fmin.s	f4,f29,f27	 f29:0xff800000 f27:0x80000000  f4=0xff800000
     371085.000 ns	     37107	80007bb0	836d6813	ori	x16,x26,-1994	 x26:0x00000000 x16=0xfffff836
     371105.000 ns	     37109	80007bb4	028930b3	mulhu	x1,x18,x8	 x18:0xffffffff  x8:0x800408b7  x1=0x800408b6
     371125.000 ns	     37111	80007bb8	00cdd413	srli	x8,x27,0xc	 x27:0x00000000  x8=0x00000000
     371485.000 ns	     37147	80007bbc	034bfe33	remu	x28,x23,x20	 x23:0x00000000 x20:0x00000001 x28=0x00000000
     371505.000 ns	     37149	80007bc0	c7a23f97	auipc	x31,0xc7a23	 x31=0x47a2abc0
     371525.000 ns	     37151	80007bc4	291612d3	fmax.s	f5,f12,f17	 f12:0x80000000 f17:0x47b44c2b  f5=0x47b44c2b
     371545.000 ns	     37153	80007bc8	9081a893	slti	x17,x3,-1784	  x3:0x00000000 x17=0x00000000
     371565.000 ns	     37155	80007bcc	e0050fd3	fmv.x.w	x31,f10	 f10:0x00000000 x31=0x00000000
     371585.000 ns	     37157	80007bd0	85078913	addi	x18,x15,-1968	 x15:0x26000001 x18=0x25fff851
     371605.000 ns	     37159	80007bd4	c0037ad3	fcvt.w.s	x21,f6	  f6:0x0000b44c x21=0x00000000
     371975.000 ns	     37196	80007bd8	02beecb3	rem	x25,x29,x11	 x29:0x80041024 x11:0x00000001 x25=0x00000000
     372005.000 ns	     37199	80007bdc	d00c8c53	fcvt.s.w	f24,x25	 x25:0x800408b7 f24=0x00000000
     372035.000 ns	     37202	80007be0	a04a21d3	feq.s	x3,f20,f4	 f20:0x80000000  f4:0xff800000  x3=0x00000000
     372065.000 ns	     37205	80007be4	031fb933	mulhu	x18,x31,x17	 x31:0x00000000 x17:0x00000000 x18=0x00000000
     372095.000 ns	     37208	80007be8	d01df453	fcvt.s.wu	f8,x27	 x27:0x00000000  f8=0x00000000
     372125.000 ns	     37211	80007bec	03927fb3	remu	x31,x4,x25	  x4:0xfffffec4 x25:0x00000000 x31=0xfffffec4
     372155.000 ns	     37214	80007bf0	c01277d3	fcvt.wu.s	x15,f4	  f4:0xff800000 x15=0x00000000
     372185.000 ns	     37217	80007bf4	03ac9a33	mulh	x20,x25,x26	 x25:0x00000000 x26:0x00000000 x20=0x00000000
     372215.000 ns	     37220	80007bf8	037a45b3	div	x11,x20,x23	 x20:0x00000001 x23:0x00000000 x11=0xffffffff
     372245.000 ns	     37223	80007bfc	297b1dd3	fmax.s	f27,f22,f23	 f22:0x4f7fff12 f23:0x00000000 f27=0x4f7fff12
     372275.000 ns	     37226	80007c00	c0152f53	fcvt.wu.s	x30,f10	 f10:0x00000000 x30=0x00000000
     372305.000 ns	     37229	80007c04	e00692d3	fclass.s	x5,f13	 f13:0x00000000  x5=0x00000010
     372325.000 ns	     37231	80007c08	0f2d7893	andi	x17,x26,242	 x26:0x00000000 x17=0x00000000
     372335.000 ns	     37232	80007c0c	8699b213	sltiu	x4,x19,-1943	 x19:0x00000000  x4=0x00000001
     372355.000 ns	     37234	80007c10	03c175b3	remu	x11,x2,x28	  x2:0xed14be56 x28:0x00000000 x11=0xed14be56
     372385.000 ns	     37237	80007c14	d01dfbd3	fcvt.s.wu	f23,x27	 x27:0x00000000 f23=0x00000000
     372405.000 ns	     37239	80007c18	fc5abc93	sltiu	x25,x21,-59	 x21:0x00000000 x25=0x00000001
     372425.000 ns	     37241	80007c1c	f0058853	fmv.w.x	f16,x11	 x11:0xed14be56 f16=0xed14be56
     372455.000 ns	     37244	80007c20	026c3e33	mulhu	x28,x24,x6	 x24:0x00000000  x6:0x26000000 x28=0x00000000
     372475.000 ns	     37246	80007c24	019edb33	srl	x22,x29,x25	 x29:0x80041024 x25:0x00000001 x22=0x40020812
     372495.000 ns	     37248	80007c28	034b2e33	mulhsu	x28,x22,x20	 x22:0x00000006 x20:0x00000000 x28=0x00000000
     372515.000 ns	     37250	80007c2c	40765b33	sra	x22,x12,x7	 x12:0x80040fe4  x7:0x00000000 x22=0x80040fe4
     372535.000 ns	     37252	80007c30	02b7a533	mulhsu	x10,x15,x11	 x15:0x00000000 x11:0xed14be56 x10=0x00000000
     372555.000 ns	     37254	80007c34	00ee5193	srli	x3,x28,0xe	 x28:0x00000000  x3=0x00000000
     372565.000 ns	     37255	80007c38	5784ee13	ori	x28,x9,1400	  x9:0xffffffff x28=0xffffffff
     372575.000 ns	     37256	80007c3c	4150d293	srai	x5,x1,0x15	  x1:0x800408b6  x5=0xfffffc00
     372585.000 ns	     37257	80007c40	01636233	or	x4,x6,x22	  x6:0x26000000 x22:0x80040fe4  x4=0xa6040fe4
     372605.000 ns	     37259	80007c44	e00b18d3	fclass.s	x17,f22	 f22:0x4f7fff12 x17=0x00000040
     372975.000 ns	     37296	80007c48	03074a33	div	x20,x14,x16	 x14:0x00000000 x16:0xfffff836 x20=0x00000000
     373005.000 ns	     37299	80007c4c	e00716d3	fclass.s	x13,f14	 f14:0x00000000 x13=0x00000010
     373035.000 ns	     37302	80007c50	a0950b53	fle.s	x22,f10,f9	 f10:0x00000000  f9:0x47315100 x22=0x00000001
     373065.000 ns	     37305	80007c54	c01620d3	fcvt.wu.s	x1,f12	 f12:0x80000000  x1=0x00000000
     373435.000 ns	     37342	80007c58	03004bb3	div	x23,x0,x16	  x0:0x00000000 x16:0xfffff836 x23=0x00000000
     373465.000 ns	     37345	80007c5c	c01dbcd3	fcvt.wu.s	x25,f27	 f27:0x4f7fff12 x25=0xffff1200
     373485.000 ns	     37347	80007c60	490889b7	lui	x19,0x49088	 x19=0x49088000
     373505.000 ns	     37349	80007c64	d00f78d3	fcvt.s.w	f17,x30	 x30:0x00000000 f17=0x00000000
     373555.000 ns	     37354	80007c68	09e671d3	fsub.s	f3,f12,f30	 f12:0x80000000 f30:0x3f7fffae  f3=0xbf7fffae
     373585.000 ns	     37357	80007c6c	0352e5b3	rem	x11,x5,x21	  x5:0xfffffc00 x21:0x00000000 x11=0xfffffc00
     373605.000 ns	     37359	80007c70	00000013	addi	x0,x0,0	  x0:0x00000000
     373615.000 ns	     37360	80007c74	25cbf293	andi	x5,x23,604	 x23:0x00000000  x5=0x00000000
     373975.000 ns	     37396	80007c78	026f4db3	div	x27,x30,x6	 x30:0x00000000  x6:0x26000000 x27=0x00000000
     373995.000 ns	     37398	80007c7c	00820d33	add	x26,x4,x8	  x4:0xa6040fe4  x8:0x00000000 x26=0xa6040fe4
     374015.000 ns	     37400	80007c80	d00a7353	fcvt.s.w	f6,x20	 x20:0x00000000  f6=0x00000000
     374045.000 ns	     37403	80007c84	d00f7e53	fcvt.s.w	f28,x30	 x30:0x00000000 f28=0x00000000
     374075.000 ns	     37406	80007c88	0276a6b3	mulhsu	x13,x13,x7	 x13:0x00000010  x7:0x00000000 x13=0x00000000
     374105.000 ns	     37409	80007c8c	298b98d3	fmax.s	f17,f23,f24	 f23:0x00000000 f24:0x00000000 f17=0x00000000
     374155.000 ns	     37414	80007c90	087a42d3	fsub.s	f5,f20,f7	 f20:0x80000000  f7:0x80000000  f5=0x00000000
     374185.000 ns	     37417	80007c94	c00675d3	fcvt.w.s	x11,f12	 f12:0x80000000 x11=0x00000000
     374205.000 ns	     37419	80007c98	c1e97f93	andi	x31,x18,-994	 x18:0x00000000 x31=0x00000000
     374215.000 ns	     37420	80007c9c	00306833	or	x16,x0,x3	  x0:0x00000000  x3:0x00000000 x16=0x00000000
     374225.000 ns	     37421	80007ca0	40075c33	sra	x24,x14,x0	 x14:0x00000000  x0:0x00000000 x24=0x00000000
     374255.000 ns	     37424	80007ca4	58081253	fsqrt.s	f4,f16	 f16:0xed14be56  f4=0x7fc00000
     374285.000 ns	     37427	80007ca8	f00804d3	fmv.w.x	f9,x16	 x16:0x00000000  f9=0x00000000
     374315.000 ns	     37430	80007cac	d01477d3	fcvt.s.wu	f15,x8	  x8:0x00000000 f15=0x00000000
     374345.000 ns	     37433	80007cb0	03c509b3	mul	x19,x10,x28	 x10:0x00000000 x28:0xffffffff x19=0x00000000
     374365.000 ns	     37435	80007cb4	01ad3433	sltu	x8,x26,x26	 x26:0xa6040fe4 x26:0xa6040fe4  x8=0x00000000
     374385.000 ns	     37437	80007cb8	a14618d3	flt.s	x17,f12,f20	 f12:0x80000000 f20:0x80000000 x17=0x00000000
     374405.000 ns	     37439	80007cbc	41cdd293	srai	x5,x27,0x1c	 x27:0x00000000  x5=0x00000000
     374425.000 ns	     37441	80007cc0	218b1b53	fsgnjn.s	f22,f22,f24	 f22:0x4f7fff12 f24:0x00000000 f22=0xcf7fff12
     374455.000 ns	     37444	80007cc4	20510953	fsgnj.s	f18,f2,f5	  f2:0xc3440000  f5:0x00000000 f18=0x43440000
     374485.000 ns	     37447	80007cc8	e00099d3	fclass.s	x19,f1	  f1:0xff800000 x19=0x00000001
     374505.000 ns	     37449	80007ccc	40ff56b3	sra	x13,x30,x15	 x30:0x00000000 x15:0x00000000 x13=0x00000000
     374525.000 ns	     37451	80007cd0	d00da153	fcvt.s.w	f2,x27	 x27:0x00000000  f2=0x00000000
     374545.000 ns	     37453	80007cd4	00000013	addi	x0,x0,0	  x0:0x00000000
     374575.000 ns	     37456	80007cd8	5808c3d3	fsqrt.s	f7,f17	 f17:0x00000000  f7=0x00000000
     374605.000 ns	     37459	80007cdc	e00d0c53	fmv.x.w	x24,f26	 f26:0x42fefae0 x24=0x42fefae0
     374625.000 ns	     37461	80007ce0	014c5913	srli	x18,x24,0x14	 x24:0x00000000 x18=0x0000042f
     374635.000 ns	     37462	80007ce4	5a21c213	xori	x4,x3,1442	  x3:0x00000000  x4=0x000005a2
     374655.000 ns	     37464	80007ce8	c00a3853	fcvt.w.s	x16,f20	 f20:0x80000000 x16=0x00000000
     374705.000 ns	     37469	80007cec	08507a53	fsub.s	f20,f0,f5	  f0:0x47344c7e  f5:0x00000000 f20=0x47344c7e
     374725.000 ns	     37471	80007cf0	00692b33	slt	x22,x18,x6	 x18:0x0000042f  x6:0x26000000 x22=0x00000001
     374735.000 ns	     37472	80007cf4	a98d6093	ori	x1,x26,-1384	 x26:0xa6040fe4  x1=0xfffffffc
     374755.000 ns	     37474	80007cf8	0351e333	rem	x6,x3,x21	  x3:0x00000000 x21:0x00000000  x6=0x00000000
     374775.000 ns	     37476	80007cfc	41620fb3	sub	x31,x4,x22	  x4:0x000005a2 x22:0x00000001 x31=0x000005a1
     374785.000 ns	     37477	80007d00	85f84193	xori	x3,x16,-1953	 x16:0x00000000  x3=0xfffff85f
     374805.000 ns	     37479	80007d04	d01515d3	fcvt.s.wu	f11,x10	 x10:0x00000000 f11=0x00000000
     374825.000 ns	     37481	80007d08	00bf05b3	add	x11,x30,x11	 x30:0x00000000 x11:0x00000000 x11=0x00000000
     374835.000 ns	     37482	80007d0c	01502a33	slt	x20,x0,x21	  x0:0x00000000 x21:0x00000000 x20=0x00000000
     374845.000 ns	     37483	80007d10	01ea4433	xor	x8,x20,x30	 x20:0x00000000 x30:0x00000000  x8=0x00000000
     374855.000 ns	     37484	80007d14	00875233	srl	x4,x14,x8	 x14:0x00000000  x8:0x00000000  x4=0x00000000
     374875.000 ns	     37486	80007d18	20358ed3	fsgnj.s	f29,f11,f3	 f11:0x00000000  f3:0xbf7fffae f29=0x80000000
     374905.000 ns	     37489	80007d1c	28c89053	fmax.s	f0,f17,f12	 f17:0x00000000 f12:0x80000000  f0=0x00000000
     374935.000 ns	     37492	80007d20	a11912d3	flt.s	x5,f18,f17	 f18:0x43440000 f17:0x00000000  x5=0x00000000
     374965.000 ns	     37495	80007d24	026a50b3	divu	x1,x20,x6	 x20:0x00000000  x6:0x00000000  x1=0xffffffff
     374995.000 ns	     37498	80007d28	2169a5d3	fsgnjx.s	f11,f19,f22	 f19:0x00000000 f22:0xcf7fff12 f11=0x80000000
     375045.000 ns	     37503	80007d2c	007ff6d3	fadd.s	f13,f31,f7	 f31:0x7f800000  f7:0x00000000 f13=0x7f800000
     375075.000 ns	     37506	80007d30	a0d89fd3	flt.s	x31,f17,f13	 f17:0x00000000 f13:0x00000000 x31=0x00000001
     375095.000 ns	     37508	80007d34	e64f6d13	ori	x26,x30,-412	 x30:0x00000000 x26=0xfffffe64
     375115.000 ns	     37510	80007d38	02e727b3	mulhsu	x15,x14,x14	 x14:0x00000000 x14:0x00000000 x15=0x00000000
     375145.000 ns	     37513	80007d3c	038706b3	mul	x13,x14,x24	 x14:0x00000000 x24:0x42fefae0 x13=0x00000000
     375175.000 ns	     37516	80007d40	21c22c53	fsgnjx.s	f24,f4,f28	  f4:0x7fc00000 f28:0x00000000 f24=0x7fc00000
     375215.000 ns	     37520	80007d44	5805a053	fsqrt.s	f0,f11	 f11:0x80000000  f0=0x80000000
     375245.000 ns	     37523	80007d48	02bb6433	rem	x8,x22,x11	 x22:0x00000001 x11:0x00000000  x8=0x00000001
     375265.000 ns	     37525	80007d4c	3ab47a93	andi	x21,x8,939	  x8:0x00000000 x21=0x00000001
     375295.000 ns	     37528	80007d50	198c1c53	fdiv.s	f24,f24,f24	 f24:0x7fc00000 f24:0x7fc00000 f24=0x7fc00000
     375325.000 ns	     37531	80007d54	d019a3d3	fcvt.s.wu	f7,x19	 x19:0x00000001  f7=0x3f800000
     375345.000 ns	     37533	80007d58	01e85db3	srl	x27,x16,x30	 x16:0x00000000 x30:0x00000000 x27=0x00000000
     375365.000 ns	     37535	80007d5c	21db8d53	fsgnj.s	f26,f23,f29	 f23:0x00000000 f29:0x80000000 f26=0x80000000
     375395.000 ns	     37538	80007d60	21858053	fsgnj.s	f0,f11,f24	 f11:0x80000000 f24:0x7fc00000  f0=0x00000000
     375415.000 ns	     37540	80007d64	908a3193	sltiu	x3,x20,-1784	 x20:0x00000000  x3=0x00000001
     375435.000 ns	     37542	80007d68	d019f2d3	fcvt.s.wu	f5,x19	 x19:0x00000001  f5=0x3f800000
     375465.000 ns	     37545	80007d6c	21ee98d3	fsgnjn.s	f17,f29,f30	 f29:0x80000000 f30:0x3f7fffae f17=0x80000000
     375485.000 ns	     37547	80007d70	001f2233	slt	x4,x30,x1	 x30:0x00000000  x1:0xffffffff  x4=0x00000000
     375505.000 ns	     37549	80007d74	c00277d3	fcvt.w.s	x15,f4	  f4:0x7fc00000 x15=0x7fffffff
     375525.000 ns	     37551	80007d78	005bdc13	srli	x24,x23,0x5	 x23:0x00000000 x24=0x00000000
     375545.000 ns	     37553	80007d7c	02a1f833	remu	x16,x3,x10	  x3:0x00000001 x10:0x00000000 x16=0x00000001
     375565.000 ns	     37555	80007d80	01ca0bb3	add	x23,x20,x28	 x20:0x00000000 x28:0xffffffff x23=0xffffffff
     375605.000 ns	     37559	80007d84	00749853	fadd.s	f16,f9,f7	  f9:0x00000000  f7:0x3f800000 f16=0x3f800000
     375635.000 ns	     37562	80007d88	20d02fd3	fsgnjx.s	f31,f0,f13	  f0:0x00000000 f13:0x7f800000 f31=0x00000000
     375675.000 ns	     37566	80007d8c	1912fb53	fdiv.s	f22,f5,f17	  f5:0x3f800000 f17:0x80000000 f22=0xff800000
     375695.000 ns	     37568	80007d90	00e604b3	add	x9,x12,x14	 x12:0x80040fe4 x14:0x00000000  x9=0x80040fe4
     375705.000 ns	     37569	80007d94	002062b3	or	x5,x0,x2	  x0:0x00000000  x2:0xed14be56  x5=0xed14be56
     375725.000 ns	     37571	80007d98	a0ad2d53	feq.s	x26,f26,f10	 f26:0x80000000 f10:0x00000000 x26=0x00000001
     375755.000 ns	     37574	80007d9c	03196d33	rem	x26,x18,x17	 x18:0x0000042f x17:0x00000000 x26=0x0000042f
     376125.000 ns	     37611	80007da0	0281cfb3	div	x31,x3,x8	  x3:0x00000001  x8:0x00000001 x31=0x00000001
     376175.000 ns	     37616	80007da4	0920f7d3	fsub.s	f15,f1,f18	  f1:0xff800000 f18:0x43440000 f15=0xff800000
     376225.000 ns	     37621	80007da8	09ea3b53	fsub.s	f22,f20,f30	 f20:0x47344c7e f30:0x3f7fffae f22=0x47344b7f
     376245.000 ns	     37623	80007dac	549a2393	slti	x7,x20,1353	 x20:0x00000000  x7=0x00000001
     376255.000 ns	     37624	80007db0	01fcfcb3	and	x25,x25,x31	 x25:0xffff1200 x31:0x00000001 x25=0x00000000
     376275.000 ns	     37626	80007db4	c00e7953	fcvt.w.s	x18,f28	 f28:0x00000000 x18=0x00000000
     376295.000 ns	     37628	80007db8	29c16193	ori	x3,x2,668	  x2:0xed14be56  x3=0xed14bede
     376305.000 ns	     37629	80007dbc	0016ee33	or	x28,x13,x1	 x13:0x00000000  x1:0xffffffff x28=0xffffffff
     376315.000 ns	     37630	80007dc0	00383cb3	sltu	x25,x16,x3	 x16:0x00000001  x3:0x00000001 x25=0x00000001
     376675.000 ns	     37666	80007dc4	025fdfb3	divu	x31,x31,x5	 x31:0x00000001  x5:0xed14be56 x31=0x00000000
     376705.000 ns	     37669	80007dc8	28eb8cd3	fmin.s	f25,f23,f14	 f23:0x00000000 f14:0x00000000 f25=0x00000000
     376735.000 ns	     37672	80007dcc	0258a6b3	mulhsu	x13,x17,x5	 x17:0x00000000  x5:0xed14be56 x13=0x00000000
     376765.000 ns	     37675	80007dd0	f0030ad3	fmv.w.x	f21,x6	  x6:0x00000000 f21=0x00000000
     376785.000 ns	     37677	80007dd4	80eb3b93	sltiu	x23,x22,-2034	 x22:0x00000001 x23=0x00000001
     376805.000 ns	     37679	80007dd8	02025f33	divu	x30,x4,x0	  x4:0x00000000  x0:0x00000000 x30=0xffffffff
     376825.000 ns	     37681	80007ddc	017dddb3	srl	x27,x27,x23	 x27:0x00000000 x23:0xffffffff x27=0x00000000
     376845.000 ns	     37683	80007de0	032fea33	rem	x20,x31,x18	 x31:0x00000000 x18:0x00000000 x20=0x00000000
     376865.000 ns	     37685	80007de4	40b355b3	sra	x11,x6,x11	  x6:0x00000000 x11:0x00000000 x11=0x00000000
     376905.000 ns	     37689	80007de8	09a61bd3	fsub.s	f23,f12,f26	 f12:0x80000000 f26:0x80000000 f23=0x00000000
     376945.000 ns	     37693	80007dec	188f7ad3	fdiv.s	f21,f30,f8	 f30:0x3f7fffae  f8:0x00000000 f21=0x7f800000
     377315.000 ns	     37730	80007df0	0279f2b3	remu	x5,x19,x7	 x19:0x00000001  x7:0x00000001  x5=0x00000000
     377335.000 ns	     37732	80007df4	25757813	andi	x16,x10,599	 x10:0x00000000 x16=0x00000000
     377355.000 ns	     37734	80007df8	20f58953	fsgnj.s	f18,f11,f15	 f11:0x80000000 f15:0xff800000 f18=0x80000000
     377725.000 ns	     37771	80007dfc	039c5c33	divu	x24,x24,x25	 x24:0x00000000 x25:0x00000001 x24=0x00000000
     377755.000 ns	     37774	80007e00	03899833	mulh	x16,x19,x24	 x19:0x00000001 x24:0x00000000 x16=0x00000000
     377785.000 ns	     37777	80007e04	296c86d3	fmin.s	f13,f25,f22	 f25:0x00000000 f22:0x47344b7f f13=0x00000000
     377815.000 ns	     37780	80007e08	02cd2e33	mulhsu	x28,x26,x12	 x26:0x0000042f x12:0x80040fe4 x28=0x00000217
     377855.000 ns	     37784	80007e0c	19727a53	fdiv.s	f20,f4,f23	  f4:0x7fc00000 f23:0x00000000 f20=0x7fc00000
     377895.000 ns	     37788	80007e10	11677153	fmul.s	f2,f14,f22	 f14:0x00000000 f22:0x47344b7f  f2=0x00000000
     377925.000 ns	     37791	80007e14	29f51bd3	fmax.s	f23,f10,f31	 f10:0x00000000 f31:0x00000000 f23=0x00000000
     377955.000 ns	     37794	80007e18	f00c0653	fmv.w.x	f12,x24	 x24:0x00000000 f12=0x00000000
     378325.000 ns	     37831	80007e1c	03efe2b3	rem	x5,x31,x30	 x31:0x00000000 x30:0xffffffff  x5=0x00000000
     378355.000 ns	     37834	80007e20	d01676d3	fcvt.s.wu	f13,x12	 x12:0x80040fe4 f13=0x4f00040f
     378385.000 ns	     37837	80007e24	e00589d3	fmv.x.w	x19,f11	 f11:0x80000000 x19=0x80000000
     378755.000 ns	     37874	80007e28	02c7e0b3	rem	x1,x15,x12	 x15:0x7fffffff x12:0x80040fe4  x1=0x00040fe3
     378775.000 ns	     37876	80007e2c	ddab2313	slti	x6,x22,-550	 x22:0x00000001  x6=0x00000000
     378785.000 ns	     37877	80007e30	40325713	srai	x14,x4,0x3	  x4:0x00000000 x14=0x00000000
     379955.000 ns	     37994	80007e34	580f0753	fsqrt.s	f14,f30	 f30:0x3f7fffae f14=0x3f35042a
     379995.000 ns	     37998	80007e38	182e9dd3	fdiv.s	f27,f29,f2	 f29:0x80000000  f2:0x00000000 f27=0x7fc00000
     380015.000 ns	     38000	80007e3c	00d5d7b3	srl	x15,x11,x13	 x11:0x00000000 x13:0x00000000 x15=0x00000000
     380035.000 ns	     38002	80007e40	03af04b3	mul	x9,x30,x26	 x30:0xffffffff x26:0x0000042f  x9=0xfffffbd1
     380055.000 ns	     38004	80007e44	40345913	srai	x18,x8,0x3	  x8:0x00000001 x18=0x00000000
     380065.000 ns	     38005	80007e48	011d5293	srli	x5,x26,0x11	 x26:0x0000042f  x5=0x00000000
     380075.000 ns	     38006	80007e4c	35056e13	ori	x28,x10,848	 x10:0x00000000 x28=0x00000350
     380085.000 ns	     38007	80007e50	01980c33	add	x24,x16,x25	 x16:0x00000000 x25:0x00000001 x24=0x00000001
     380105.000 ns	     38009	80007e54	e0038ad3	fmv.x.w	x21,f7	  f7:0x3f800000 x21=0x3f800000
     380125.000 ns	     38011	80007e58	00d855b3	srl	x11,x16,x13	 x16:0x00000000 x13:0x00000000 x11=0x00000000
     380145.000 ns	     38013	80007e5c	a0869953	flt.s	x18,f13,f8	 f13:0x4f00040f  f8:0x00000000 x18=0x00000000
     380175.000 ns	     38016	80007e60	c015a0d3	fcvt.wu.s	x1,f11	 f11:0x80000000  x1=0x00000000
     380195.000 ns	     38018	80007e64	76c18713	addi	x14,x3,1900	  x3:0xed14bede x14=0xed14c64a
     380215.000 ns	     38020	80007e68	c00a7cd3	fcvt.w.s	x25,f20	 f20:0x7fc00000 x25=0x7fffffff
     380245.000 ns	     38023	80007e6c	f0048353	fmv.w.x	f6,x9	  x9:0xfffffbd1  f6=0xfffffbd1
     380285.000 ns	     38027	80007e70	580a7c53	fsqrt.s	f24,f20	 f20:0x7fc00000 f24=0x7fc00000
     380325.000 ns	     38031	80007e74	118276d3	fmul.s	f13,f4,f24	  f4:0x7fc00000 f24:0x7fc00000 f13=0x7fc00000
     380355.000 ns	     38034	80007e78	e0098b53	fmv.x.w	x22,f19	 f19:0x00000000 x22=0x00000000
     380375.000 ns	     38036	80007e7c	417f5bb3	sra	x23,x30,x23	 x30:0xffffffff x23:0x00000001 x23=0xffffffff
     380385.000 ns	     38037	80007e80	4fbeb5b7	lui	x11,0x4fbeb	 x11=0x4fbeb000
     380405.000 ns	     38039	80007e84	035601b3	mul	x3,x12,x21	 x12:0x80040fe4 x21:0x3f800000  x3=0x0e000000
     380435.000 ns	     38042	80007e88	21d89653	fsgnjn.s	f12,f17,f29	 f17:0x80000000 f29:0x80000000 f12=0x00000000
     380465.000 ns	     38045	80007e8c	029c3e33	mulhu	x28,x24,x9	 x24:0x00000001  x9:0xfffffbd1 x28=0x00000000
     380485.000 ns	     38047	80007e90	00000013	addi	x0,x0,0	  x0:0x00000000
     380505.000 ns	     38049	80007e94	02249233	mulh	x4,x9,x2	  x9:0xfffffbd1  x2:0xed14be56  x4=0x0000004f
     380525.000 ns	     38051	80007e98	12eba393	slti	x7,x23,302	 x23:0xffffffff  x7=0x00000001
     380535.000 ns	     38052	80007e9c	45a22d13	slti	x26,x4,1114	  x4:0x0000004f x26=0x00000001
     380545.000 ns	     38053	80007ea0	0dc67c93	andi	x25,x12,220	 x12:0x80040fe4 x25=0x000000c4
     380555.000 ns	     38054	80007ea4	0036ce33	xor	x28,x13,x3	 x13:0x00000000  x3:0x0e000000 x28=0x0e000000
     380585.000 ns	     38057	80007ea8	58067bd3	fsqrt.s	f23,f12	 f12:0x00000000 f23=0x00000000
     380605.000 ns	     38059	80007eac	00c95493	srli	x9,x18,0xc	 x18:0x00000000  x9=0x00000000
     380645.000 ns	     38063	80007eb0	08a51553	fsub.s	f10,f10,f10	 f10:0x00000000 f10:0x00000000 f10=0x80000000
     380675.000 ns	     38066	80007eb4	211cadd3	fsgnjx.s	f27,f25,f17	 f25:0x00000000 f17:0x80000000 f27=0x80000000
     380705.000 ns	     38069	80007eb8	d0127d53	fcvt.s.wu	f26,x4	  x4:0x0000004f f26=0x429e0000
     380725.000 ns	     38071	80007ebc	01579213	slli	x4,x15,0x15	 x15:0x00000000  x4=0x00000000
     380735.000 ns	     38072	80007ec0	01141c93	slli	x25,x8,0x11	  x8:0x00000001 x25=0x00020000
     380745.000 ns	     38073	80007ec4	7ac2f093	andi	x1,x5,1964	  x5:0x00000000  x1=0x00000000
     380755.000 ns	     38074	80007ec8	e3fa3793	sltiu	x15,x20,-449	 x20:0x00000000 x15=0x00000001
     380775.000 ns	     38076	80007ecc	03107733	remu	x14,x0,x17	  x0:0x00000000 x17:0x00000000 x14=0x00000000
     380805.000 ns	     38079	80007ed0	c01c77d3	fcvt.wu.s	x15,f24	 f24:0x7fc00000 x15=0xffffffff
     380835.000 ns	     38082	80007ed4	a1afa953	feq.s	x18,f31,f26	 f31:0x00000000 f26:0x429e0000 x18=0x00000000
     380865.000 ns	     38085	80007ed8	a1021ad3	flt.s	x21,f4,f16	  f4:0x7fc00000 f16:0x3f800000 x21=0x00000000
     380895.000 ns	     38088	80007edc	03554c33	div	x24,x10,x21	 x10:0x00000000 x21:0x3f800000 x24=0xffffffff
     380925.000 ns	     38091	80007ee0	e00111d3	fclass.s	x3,f2	  f2:0x00000000  x3=0x00000010
     380945.000 ns	     38093	80007ee4	00c792b3	sll	x5,x15,x12	 x15:0xffffffff x12:0x80040fe4  x5=0xfffffff0
     380965.000 ns	     38095	80007ee8	f00b8b53	fmv.w.x	f22,x23	 x23:0xffffffff f22=0xffffffff
     380985.000 ns	     38097	80007eec	bf4a2d13	slti	x26,x20,-1036	 x20:0x00000000 x26=0x00000000
     381005.000 ns	     38099	80007ef0	e0079253	fclass.s	x4,f15	 f15:0xff800000  x4=0x00000001
     381035.000 ns	     38102	80007ef4	21250c53	fsgnj.s	f24,f10,f18	 f10:0x80000000 f18:0x80000000 f24=0x80000000
     381065.000 ns	     38105	80007ef8	022d9f33	mulh	x30,x27,x2	 x27:0x00000000  x2:0xed14be56 x30=0x00000000
     381105.000 ns	     38109	80007efc	187204d3	fdiv.s	f9,f4,f7	  f4:0x7fc00000  f7:0x3f800000  f9=0x7fc00000
     381125.000 ns	     38111	80007f00	ce112b97	auipc	x23,0xce112	 x23=0x4e119f00
     381145.000 ns	     38113	80007f04	c009f253	fcvt.w.s	x4,f19	 f19:0x00000000  x4=0x00000000
     381165.000 ns	     38115	80007f08	b59ba1b7	lui	x3,0xb59ba	  x3=0xb59ba000
     381185.000 ns	     38117	80007f0c	f0040a53	fmv.w.x	f20,x8	  x8:0x00000001 f20=0x00000001
     381205.000 ns	     38119	80007f10	59767793	andi	x15,x12,1431	 x12:0x80040fe4 x15=0x00000584
     381235.000 ns	     38122	80007f14	580433d3	fsqrt.s	f7,f8	  f8:0x00000000  f7=0x00000000
     381265.000 ns	     38125	80007f18	e00c0353	fmv.x.w	x6,f24	 f24:0x80000000  x6=0x80000000
     381285.000 ns	     38127	80007f1c	010c70b3	and	x1,x24,x16	 x24:0xffffffff x16:0x00000000  x1=0x00000000
     381305.000 ns	     38129	80007f20	d01bf5d3	fcvt.s.wu	f11,x23	 x23:0x4e119f00 f11=0x4e9c233e
     381325.000 ns	     38131	80007f24	00c3ddb3	srl	x27,x7,x12	  x7:0x00000001 x12:0x80040fe4 x27=0x00000000
     381345.000 ns	     38133	80007f28	f0080dd3	fmv.w.x	f27,x16	 x16:0x00000000 f27=0x00000000
     381375.000 ns	     38136	80007f2c	296e9ed3	fmax.s	f29,f29,f22	 f29:0x80000000 f22:0xffffffff f29=0x80000000
     381405.000 ns	     38139	80007f30	e00b8853	fmv.x.w	x16,f23	 f23:0x00000000 x16=0x00000000
     381455.000 ns	     38144	80007f34	09c90853	fsub.s	f16,f18,f28	 f18:0x80000000 f28:0x00000000 f16=0x80000000
     381825.000 ns	     38181	80007f38	038b4fb3	div	x31,x22,x24	 x22:0x00000000 x24:0xffffffff x31=0x00000000
     381845.000 ns	     38183	80007f3c	0016ffb3	and	x31,x13,x1	 x13:0x00000000  x1:0x00000000 x31=0x00000000
     381875.000 ns	     38186	80007f40	193497d3	fdiv.s	f15,f9,f19	  f9:0x7fc00000 f19:0x00000000 f15=0x7fc00000
     381895.000 ns	     38188	80007f44	00ffd593	srli	x11,x31,0xf	 x31:0x00000000 x11=0x00000000
     381905.000 ns	     38189	80007f48	d3d51197	auipc	x3,0xd3d51	  x3=0x53d58f48
     381925.000 ns	     38191	80007f4c	20c02dd3	fsgnjx.s	f27,f0,f12	  f0:0x00000000 f12:0x00000000 f27=0x00000000
     381945.000 ns	     38193	80007f50	2a7cb4b7	lui	x9,0x2a7cb	  x9=0x2a7cb000
     381955.000 ns	     38194	80007f54	4127da13	srai	x20,x15,0x12	 x15:0x00000584 x20=0x00000000
     381975.000 ns	     38196	80007f58	d01a7753	fcvt.s.wu	f14,x20	 x20:0x00000000 f14=0x00000000
     381995.000 ns	     38198	80007f5c	28959037	lui	x0,0x28959	
     382005.000 ns	     38199	80007f60	78a0ce17	auipc	x28,0x78a0c	 x28=0xf8a13f60
     382015.000 ns	     38200	80007f64	406d0e33	sub	x28,x26,x6	 x26:0x00000000  x6:0x80000000 x28=0x80000000
     382035.000 ns	     38202	80007f68	c0114353	fcvt.wu.s	x6,f2	  f2:0x00000000  x6=0x00000000
     382055.000 ns	     38204	80007f6c	6e5ea193	slti	x3,x29,1765	 x29:0x80041024  x3=0x00000001
     382075.000 ns	     38206	80007f70	f00f86d3	fmv.w.x	f13,x31	 x31:0x00000000 f13=0x00000000
     382095.000 ns	     38208	80007f74	eab18893	addi	x17,x3,-341	  x3:0x53d58f48 x17=0xfffffeac
     382115.000 ns	     38210	80007f78	020375b3	remu	x11,x6,x0	  x6:0x00000000  x0:0x00000000 x11=0x00000000
     382135.000 ns	     38212	80007f7c	01836033	or	x0,x6,x24	  x6:0x00000000 x24:0xffffffff
     382145.000 ns	     38213	80007f80	40745013	srai	x0,x8,0x7	  x8:0x00000001
     382175.000 ns	     38216	80007f84	19977c53	fdiv.s	f24,f14,f25	 f14:0x00000000 f25:0x00000000 f24=0x7fc00000
     382205.000 ns	     38219	80007f88	02bcdfb3	divu	x31,x25,x11	 x25:0x00020000 x11:0x00000000 x31=0xffffffff
     382235.000 ns	     38222	80007f8c	a13a95d3	flt.s	x11,f21,f19	 f21:0x7f800000 f19:0x00000000 x11=0x00000000
     382255.000 ns	     38224	80007f90	006cd6b3	srl	x13,x25,x6	 x25:0x00020000  x6:0x00000000 x13=0x00020000
     382275.000 ns	     38226	80007f94	2149a653	fsgnjx.s	f12,f19,f20	 f19:0x00000000 f20:0x00000001 f12=0x00000000
     382305.000 ns	     38229	80007f98	036de833	rem	x16,x27,x22	 x27:0x00000000 x22:0x00000000 x16=0x00000000
     382325.000 ns	     38231	80007f9c	00c9da13	srli	x20,x19,0xc	 x19:0x80000000 x20=0x00080000
     382345.000 ns	     38233	80007fa0	c0188953	fcvt.wu.s	x18,f17	 f17:0x80000000 x18=0x00000000
     382365.000 ns	     38235	80007fa4	41e9d893	srai	x17,x19,0x1e	 x19:0x80000000 x17=0xfffffffe
     382375.000 ns	     38236	80007fa8	4079dc93	srai	x25,x19,0x7	 x19:0x80000000 x25=0xff000000
     382385.000 ns	     38237	80007fac	40be0733	sub	x14,x28,x11	 x28:0x80000000 x11:0x00000000 x14=0x80000000
     382405.000 ns	     38239	80007fb0	218312d3	fsgnjn.s	f5,f6,f24	  f6:0xfffffbd1 f24:0x7fc00000  f5=0xfffffbd1
     382455.000 ns	     38244	80007fb4	01b778d3	fadd.s	f17,f14,f27	 f14:0x00000000 f27:0x00000000 f17=0x00000000
     382475.000 ns	     38246	80007fb8	6f640c13	addi	x24,x8,1782	  x8:0x00000001 x24=0x000006f7
     382485.000 ns	     38247	80007fbc	00c783b3	add	x7,x15,x12	 x15:0x00000584 x12:0x80040fe4  x7=0x80041568
     382495.000 ns	     38248	80007fc0	01fdf3b3	and	x7,x27,x31	 x27:0x00000000 x31:0xffffffff  x7=0x00000000
     382855.000 ns	     38284	80007fc4	02586833	rem	x16,x16,x5	 x16:0x00000000  x5:0xfffffff0 x16=0x00000000
     382885.000 ns	     38287	80007fc8	e00916d3	fclass.s	x13,f18	 f18:0x80000000 x13=0x00000008
     382905.000 ns	     38289	80007fcc	011d7fb3	and	x31,x26,x17	 x26:0x00000000 x17:0xfffffffe x31=0x00000000
     382925.000 ns	     38291	80007fd0	02360033	mul	x0,x12,x3	 x12:0x80040fe4  x3:0x00000001
     382955.000 ns	     38294	80007fd4	a0c09353	flt.s	x6,f1,f12	  f1:0xff800000 f12:0x00000000  x6=0x00000001
     382985.000 ns	     38297	80007fd8	211723d3	fsgnjx.s	f7,f14,f17	 f14:0x00000000 f17:0x00000000  f7=0x00000000
     383015.000 ns	     38300	80007fdc	294903d3	fmin.s	f7,f18,f20	 f18:0x80000000 f20:0x00000001  f7=0x80000000
     383045.000 ns	     38303	80007fe0	c005bd53	fcvt.w.s	x26,f11	 f11:0x4e9c233e x26=0x4e119f00
     383075.000 ns	     38306	80007fe4	c01734d3	fcvt.wu.s	x9,f14	 f14:0x00000000  x9=0x00000000
     383115.000 ns	     38310	80007fe8	580b7dd3	fsqrt.s	f27,f22	 f22:0xffffffff f27=0x7fc00000
     383145.000 ns	     38313	80007fec	d00b77d3	fcvt.s.w	f15,x22	 x22:0x00000000 f15=0x00000000
     383165.000 ns	     38315	80007ff0	00111533	sll	x10,x2,x1	  x2:0xed14be56  x1:0x00000000 x10=0xed14be56
     383175.000 ns	     38316	80007ff4	00a93e33	sltu	x28,x18,x10	 x18:0x00000000 x10:0x00000000 x28=0x00000001
     383185.000 ns	     38317	80007ff8	01a5d513	srli	x10,x11,0x1a	 x11:0x00000000 x10=0x00000000
     383205.000 ns	     38319	80007ffc	02d717b3	mulh	x15,x14,x13	 x14:0x80000000 x13:0x00000008 x15=0xfffffffc
     383225.000 ns	     38321	80008000	055c3913	sltiu	x18,x24,85	 x24:0x000006f7 x18=0x00000000
     383245.000 ns	     38323	80008004	a08300d3	fle.s	x1,f6,f8	  f6:0xfffffbd1  f8:0x00000000  x1=0x00000000
     383275.000 ns	     38326	80008008	02bd3433	mulhu	x8,x26,x11	 x26:0x4e119f00 x11:0x00000000  x8=0x00000000
     383315.000 ns	     38330	8000800c	1921f053	fdiv.s	f0,f3,f18	  f3:0xbf7fffae f18:0x80000000  f0=0x7f800000
     383345.000 ns	     38333	80008010	03e5e933	rem	x18,x11,x30	 x11:0x00000000 x30:0x00000000 x18=0x00000000
     383375.000 ns	     38336	80008014	c00b24d3	fcvt.w.s	x9,f22	 f22:0xffffffff  x9=0x7fffffff
     383395.000 ns	     38338	80008018	01931ab3	sll	x21,x6,x25	  x6:0x00000001 x25:0xff000000 x21=0x00000001
     383405.000 ns	     38339	8000801c	0076a3b3	slt	x7,x13,x7	 x13:0x00000008  x7:0x00000000  x7=0x00000000
     383425.000 ns	     38341	80008020	2009ad53	fsgnjx.s	f26,f19,f0	 f19:0x00000000  f0:0x7f800000 f26=0x00000000
     383445.000 ns	     38343	80008024	15826413	ori	x8,x4,344	  x4:0x00000000  x8=0x00000158
     383455.000 ns	     38344	80008028	0547e197	auipc	x3,0x547e	  x3=0x85486028
     383475.000 ns	     38346	8000802c	a1d525d3	feq.s	x11,f10,f29	 f10:0x80000000 f29:0x80000000 x11=0x00000001
     383495.000 ns	     38348	80008030	de4d3b13	sltiu	x22,x26,-540	 x26:0x4e119f00 x22=0x00000001
     383515.000 ns	     38350	80008034	20fd9553	fsgnjn.s	f10,f27,f15	 f27:0x7fc00000 f15:0x00000000 f10=0xffc00000
     383555.000 ns	     38354	80008038	58070e53	fsqrt.s	f28,f14	 f14:0x00000000 f28=0x00000000
     383595.000 ns	     38358	8000803c	1949c253	fdiv.s	f4,f19,f20	 f19:0x00000000 f20:0x00000001  f4=0x00000000
     383645.000 ns	     38363	80008040	014cac53	fadd.s	f24,f25,f20	 f25:0x00000000 f20:0x00000001 f24=0x00000001
     383665.000 ns	     38365	80008044	00000013	addi	x0,x0,0	  x0:0x00000000
     383675.000 ns	     38366	80008048	01af32b3	sltu	x5,x30,x26	 x30:0x00000000 x26:0x4e119f00  x5=0x00000001
     383715.000 ns	     38370	8000804c	08e19b53	fsub.s	f22,f3,f14	  f3:0xbf7fffae f14:0x00000000 f22=0xbf7fffae
     383755.000 ns	     38374	80008050	18720753	fdiv.s	f14,f4,f7	  f4:0x00000000  f7:0x80000000 f14=0x7fc00000
     383785.000 ns	     38377	80008054	028d0333	mul	x6,x26,x8	 x26:0x4e119f00  x8:0x00000158  x6=0xe7ada800
     383815.000 ns	     38380	80008058	29dc0153	fmin.s	f2,f24,f29	 f24:0x00000001 f29:0x80000000  f2=0x80000000
     384185.000 ns	     38417	8000805c	035adc33	divu	x24,x21,x21	 x21:0x00000001 x21:0x00000001 x24=0x00000001
     384205.000 ns	     38419	80008060	8d9678b7	lui	x17,0x8d967	 x17=0x8d967000
     384215.000 ns	     38420	80008064	017b2bb3	slt	x23,x22,x23	 x22:0x00000001 x23:0x4e119f00 x23=0x00000001
     384225.000 ns	     38421	80008068	46cb4713	xori	x14,x22,1132	 x22:0x00000001 x14=0x0000046d
     384245.000 ns	     38423	8000806c	03770cb3	mul	x25,x14,x23	 x14:0x80000000 x23:0x4e119f00 x25=0x0000046d
     384295.000 ns	     38428	80008070	095ef053	fsub.s	f0,f29,f21	 f29:0x80000000 f21:0x7f800000  f0=0xff800000
     384325.000 ns	     38431	80008074	f00381d3	fmv.w.x	f3,x7	  x7:0x00000000  f3=0x00000000
     384345.000 ns	     38433	80008078	01c99413	slli	x8,x19,0x1c	 x19:0x80000000  x8=0x00000000
     384365.000 ns	     38435	8000807c	03c11ab3	mulh	x21,x2,x28	  x2:0xed14be56 x28:0x00000001 x21=0xffffffff
     384385.000 ns	     38437	80008080	5e8a3e13	sltiu	x28,x20,1512	 x20:0x00080000 x28=0x00000000
     384405.000 ns	     38439	80008084	e00586d3	fmv.x.w	x13,f11	 f11:0x4e9c233e x13=0x4e9c233e
     384435.000 ns	     38442	80008088	0288fe33	remu	x28,x17,x8	 x17:0x8d967000  x8:0x00000000 x28=0x8d967000
     384465.000 ns	     38445	8000808c	03b798b3	mulh	x17,x15,x27	 x15:0xfffffffc x27:0x00000000 x17=0x00000000
     384835.000 ns	     38482	80008090	03c6e0b3	rem	x1,x13,x28	 x13:0x4e9c233e x28:0x8d967000  x1=0x4e9c233e
     384855.000 ns	     38484	80008094	40445593	srai	x11,x8,0x4	  x8:0x00000000 x11=0x00000000
     384875.000 ns	     38486	80008098	d012bbd3	fcvt.s.wu	f23,x5	  x5:0x00000001 f23=0x3f800000
     384905.000 ns	     38489	8000809c	d000c4d3	fcvt.s.w	f9,x1	  x1:0x4e9c233e  f9=0x4e9d3846
     384925.000 ns	     38491	800080a0	50a72d13	slti	x26,x14,1290	 x14:0x0000046d x26=0x00000001
     384935.000 ns	     38492	800080a4	0168eb33	or	x22,x17,x22	 x17:0x00000000 x22:0x00000001 x22=0x00000001
     384955.000 ns	     38494	800080a8	20728053	fsgnj.s	f0,f5,f7	  f5:0xfffffbd1  f7:0x80000000  f0=0xfffffbd1
     384975.000 ns	     38496	800080ac	00a81733	sll	x14,x16,x10	 x16:0x00000000 x10:0x00000000 x14=0x00000000
     384985.000 ns	     38497	800080b0	5723a213	slti	x4,x7,1394	  x7:0x00000000  x4=0x00000001
     385005.000 ns	     38499	800080b4	a1670b53	fle.s	x22,f14,f22	 f14:0x7fc00000 f22:0xbf7fffae x22=0x00000000
     385025.000 ns	     38501	800080b8	e211b913	sltiu	x18,x3,-479	  x3:0x85486028 x18=0x00000001
     385045.000 ns	     38503	800080bc	281508d3	fmin.s	f17,f10,f1	 f10:0xffc00000  f1:0xff800000 f17=0xff800000
     385065.000 ns	     38505	800080c0	00ae3fb3	sltu	x31,x28,x10	 x28:0x8d967000 x10:0x00000000 x31=0x00000000
     385075.000 ns	     38506	800080c4	01b7b033	sltu	x0,x15,x27	 x15:0xfffffffc x27:0x00000000
     385085.000 ns	     38507	800080c8	01265433	srl	x8,x12,x18	 x12:0x80040fe4 x18:0x00000001  x8=0x400207f2
     385095.000 ns	     38508	800080cc	2ba4a293	slti	x5,x9,698	  x9:0x7fffffff  x5=0x00000000
     385115.000 ns	     38510	800080d0	a1792c53	feq.s	x24,f18,f23	 f18:0x80000000 f23:0x3f800000 x24=0x00000000
     385135.000 ns	     38512	800080d4	01585a33	srl	x20,x16,x21	 x16:0x00000000 x21:0xffffffff x20=0x00000000
     385145.000 ns	     38513	800080d8	00000013	addi	x0,x0,0	  x0:0x00000000
     385165.000 ns	     38515	800080dc	03b35333	divu	x6,x6,x27	  x6:0xe7ada800 x27:0x00000000  x6=0xffffffff
     385185.000 ns	     38517	800080e0	00f31093	slli	x1,x6,0xf	  x6:0xe7ada800  x1=0xffff8000
     385205.000 ns	     38519	800080e4	f0048253	fmv.w.x	f4,x9	  x9:0x7fffffff  f4=0x7fffffff
     385235.000 ns	     38522	800080e8	02dc9b33	mulh	x22,x25,x13	 x25:0x0000046d x13:0x4e9c233e x22=0x0000015b
     385265.000 ns	     38525	800080ec	a048a053	feq.s	x0,f17,f4	 f17:0xff800000  f4:0x7fffffff
     385285.000 ns	     38527	800080f0	00826f33	or	x30,x4,x8	  x4:0x00000001  x8:0x400207f2 x30=0x400207f3
     385295.000 ns	     38528	800080f4	41cadb33	sra	x22,x21,x28	 x21:0xffffffff x28:0x8d967000 x22=0xffffffff
     385335.000 ns	     38532	800080f8	09bf2253	fsub.s	f4,f30,f27	 f30:0x3f7fffae f27:0x7fc00000  f4=0x7fc00000
     385365.000 ns	     38535	800080fc	a1b4a9d3	feq.s	x19,f9,f27	  f9:0x4e9d3846 f27:0x7fc00000 x19=0x00000000
     385405.000 ns	     38539	80008100	11e21553	fmul.s	f10,f4,f30	  f4:0x7fc00000 f30:0x3f7fffae f10=0x7fc00000
     385435.000 ns	     38542	80008104	a0c3a853	feq.s	x16,f7,f12	  f7:0x80000000 f12:0x00000000 x16=0x00000001
     385455.000 ns	     38544	80008108	80bb7cb7	lui	x25,0x80bb7	 x25=0x80bb7000
     385475.000 ns	     38546	8000810c	02535d33	divu	x26,x6,x5	  x6:0xffffffff  x5:0x00000000 x26=0xffffffff
     385505.000 ns	     38549	80008110	a0f3a3d3	feq.s	x7,f7,f15	  f7:0x80000000 f15:0x00000000  x7=0x00000001
     385535.000 ns	     38552	80008114	e0078bd3	fmv.x.w	x23,f15	 f15:0x00000000 x23=0x00000000
     385565.000 ns	     38555	80008118	d0147053	fcvt.s.wu	f0,x8	  x8:0x400207f2  f0=0x4e80040f
     385585.000 ns	     38557	8000811c	40ba86b3	sub	x13,x21,x11	 x21:0xffffffff x11:0x00000000 x13=0xffffffff
     385595.000 ns	     38558	80008120	010d3cb3	sltu	x25,x26,x16	 x26:0xffffffff x16:0x00000001 x25=0x00000000
     385605.000 ns	     38559	80008124	01a035b3	sltu	x11,x0,x26	  x0:0x00000000 x26:0xffffffff x11=0x00000001
     385625.000 ns	     38561	80008128	038f1e33	mulh	x28,x30,x24	 x30:0x400207f3 x24:0x00000000 x28=0x00000000
     385675.000 ns	     38566	8000812c	01247fd3	fadd.s	f31,f8,f18	  f8:0x00000000 f18:0x80000000 f31=0x80000000
     385695.000 ns	     38568	80008130	001e6db3	or	x27,x28,x1	 x28:0x00000000  x1:0xffff8000 x27=0xffff8000
     385715.000 ns	     38570	80008134	0245bf33	mulhu	x30,x11,x4	 x11:0x00000001  x4:0x00000001 x30=0x00000000
     385745.000 ns	     38573	80008138	a16a2053	feq.s	x0,f20,f22	 f20:0x00000001 f22:0xbf7fffae
     385775.000 ns	     38576	8000813c	282c0ed3	fmin.s	f29,f24,f2	 f24:0x00000001  f2:0x80000000 f29=0x80000000
     385795.000 ns	     38578	80008140	0e8c3b93	sltiu	x23,x24,232	 x24:0x00000000 x23=0x00000001
     385805.000 ns	     38579	80008144	c0617193	andi	x3,x2,-1018	  x2:0xed14be56  x3=0xed14bc06
     385825.000 ns	     38581	80008148	039be833	rem	x16,x23,x25	 x23:0x00000000 x25:0x00000000 x16=0x00000001
     385845.000 ns	     38583	8000814c	048d8593	addi	x11,x27,72	 x27:0xffff8000 x11=0xffff8048
     385865.000 ns	     38585	80008150	a17404d3	fle.s	x9,f8,f23	  f8:0x00000000 f23:0x3f800000  x9=0x00000001
     385885.000 ns	     38587	80008154	008a1013	slli	x0,x20,0x8	 x20:0x00000000
     385925.000 ns	     38591	80008158	01e6f3d3	fadd.s	f7,f13,f30	 f13:0x00000000 f30:0x3f7fffae  f7=0x3f7fffae
     386295.000 ns	     38628	8000815c	02cdd233	divu	x4,x27,x12	 x27:0xffff8000 x12:0x80040fe4  x4=0x00000001
     386315.000 ns	     38630	80008160	600a4893	xori	x17,x20,1536	 x20:0x00000000 x17=0x00000600
     386335.000 ns	     38632	80008164	a05f0cd3	fle.s	x25,f30,f5	 f30:0x3f7fffae  f5:0xfffffbd1 x25=0x00000000
     386355.000 ns	     38634	80008168	417509b3	sub	x19,x10,x23	 x10:0x00000000 x23:0x00000001 x19=0xffffffff
     386375.000 ns	     38636	8000816c	022f1ab3	mulh	x21,x30,x2	 x30:0x00000000  x2:0xed14be56 x21=0x00000000
     386395.000 ns	     38638	80008170	00789d13	slli	x26,x17,0x7	 x17:0x00000600 x26=0x00030000
     386415.000 ns	     38640	80008174	e00583d3	fmv.x.w	x7,f11	 f11:0x4e9c233e  x7=0x4e9c233e
     386435.000 ns	     38642	80008178	00f81313	slli	x6,x16,0xf	 x16:0x00000001  x6=0x00008000
     386445.000 ns	     38643	8000817c	01e291b3	sll	x3,x5,x30	  x5:0x00000000 x30:0x00000000  x3=0x00000000
     386465.000 ns	     38645	80008180	21d7afd3	fsgnjx.s	f31,f15,f29	 f15:0x00000000 f29:0x80000000 f31=0x80000000
     386485.000 ns	     38647	80008184	01501833	sll	x16,x0,x21	  x0:0x00000000 x21:0x00000000 x16=0x00000000
     386525.000 ns	     38651	80008188	006ff753	fadd.s	f14,f31,f6	 f31:0x80000000  f6:0xfffffbd1 f14=0x7fc00000
     386545.000 ns	     38653	8000818c	0082f833	and	x16,x5,x8	  x5:0x00000000  x8:0x400207f2 x16=0x00000000
     386555.000 ns	     38654	80008190	6783a593	slti	x11,x7,1656	  x7:0x4e9c233e x11=0x00000000
     386565.000 ns	     38655	80008194	014363b3	or	x7,x6,x20	  x6:0x00008000 x20:0x00000000  x7=0x00008000
     386575.000 ns	     38656	80008198	0efea713	slti	x14,x29,239	 x29:0x80041024 x14=0x00000001
     386585.000 ns	     38657	8000819c	611d2e13	slti	x28,x26,1553	 x26:0x00030000 x28=0x00000000
     386615.000 ns	     38660	800081a0	5807b0d3	fsqrt.s	f1,f15	 f15:0x00000000  f1=0x00000000
     386635.000 ns	     38662	800081a4	c212ac13	slti	x24,x5,-991	  x5:0x00000000 x24=0x00000000
     386645.000 ns	     38663	800081a8	55adb1b7	lui	x3,0x55adb	  x3=0x55adb000
     386665.000 ns	     38665	800081ac	028b0cb3	mul	x25,x22,x8	 x22:0xffffffff  x8:0x400207f2 x25=0xbffdf80e
     386695.000 ns	     38668	800081b0	e0070e53	fmv.x.w	x28,f14	 f14:0x7fc00000 x28=0x7fc00000
     386715.000 ns	     38670	800081b4	00f2d5b3	srl	x11,x5,x15	  x5:0x00000000 x15:0xfffffffc x11=0x00000000
     386725.000 ns	     38671	800081b8	01771733	sll	x14,x14,x23	 x14:0x00000001 x23:0x00000001 x14=0x00000002
     386735.000 ns	     38672	800081bc	40af5493	srai	x9,x30,0xa	 x30:0x00000000  x9=0x00000000
     386755.000 ns	     38674	800081c0	a1408353	fle.s	x6,f1,f20	  f1:0x00000000 f20:0x00000001  x6=0x00000001
     386785.000 ns	     38677	800081c4	d00426d3	fcvt.s.w	f13,x8	  x8:0x400207f2 f13=0x4e800410
     387155.000 ns	     38714	800081c8	0246df33	divu	x30,x13,x4	 x13:0xffffffff  x4:0x00000001 x30=0xffffffff
     387185.000 ns	     38717	800081cc	023b04b3	mul	x9,x22,x3	 x22:0xffffffff  x3:0x55adb000  x9=0xaa525000
     387205.000 ns	     38719	800081d0	019671b3	and	x3,x12,x25	 x12:0x80040fe4 x25:0xbffdf80e  x3=0x80040804
     387215.000 ns	     38720	800081d4	01aa94b3	sll	x9,x21,x26	 x21:0x00000000 x26:0x00030000  x9=0x00000000
     387575.000 ns	     38756	800081d8	0379e1b3	rem	x3,x19,x23	 x19:0xffffffff x23:0x00000001  x3=0x00000000
     387605.000 ns	     38759	800081dc	c019fcd3	fcvt.wu.s	x25,f19	 f19:0x00000000 x25=0x00000000
     387635.000 ns	     38762	800081e0	c01cf453	fcvt.wu.s	x8,f25	 f25:0x00000000  x8=0x00000000
     387675.000 ns	     38766	800081e4	5807a353	fsqrt.s	f6,f15	 f15:0x00000000  f6=0x00000000
     387695.000 ns	     38768	800081e8	d890e393	ori	x7,x1,-631	  x1:0xffff8000  x7=0xfffffd89
     387715.000 ns	     38770	800081ec	027991b3	mulh	x3,x19,x7	 x19:0xffffffff  x7:0x00008000  x3=0x00000000
     387735.000 ns	     38772	800081f0	e84c5217	auipc	x4,0xe84c5	  x4=0x684cd1f0
     387755.000 ns	     38774	800081f4	e0018ad3	fmv.x.w	x21,f3	  f3:0x00000000 x21=0x00000000
     387795.000 ns	     38778	800081f8	193a7cd3	fdiv.s	f25,f20,f19	 f20:0x00000001 f19:0x00000000 f25=0x7f800000
     388165.000 ns	     38815	800081fc	02d9e3b3	rem	x7,x19,x13	 x19:0xffffffff x13:0xffffffff  x7=0x00000000
     388535.000 ns	     38852	80008200	0377cc33	div	x24,x15,x23	 x15:0xfffffffc x23:0x00000001 x24=0xfffffffc
     388575.000 ns	     38856	80008204	10d77153	fmul.s	f2,f14,f13	 f14:0x7fc00000 f13:0x4e800410  f2=0x7fc00000
     388595.000 ns	     38858	80008208	480dd3b7	lui	x7,0x480dd	  x7=0x480dd000
     388635.000 ns	     38862	8000820c	09c13bd3	fsub.s	f23,f2,f28	  f2:0x7fc00000 f28:0x00000000 f23=0x7fc00000
     389005.000 ns	     38899	80008210	022ae433	rem	x8,x21,x2	 x21:0x00000000  x2:0xed14be56  x8=0x00000000
     389035.000 ns	     38902	80008214	e00a14d3	fclass.s	x9,f20	 f20:0x00000001  x9=0x00000020
     389085.000 ns	     38907	80008218	01cbc9d3	fadd.s	f19,f23,f28	 f23:0x7fc00000 f28:0x00000000 f19=0x7fc00000
     389105.000 ns	     38909	8000821c	00ff1c93	slli	x25,x30,0xf	 x30:0xffffffff x25=0xffff8000
     389115.000 ns	     38910	80008220	418e0b33	sub	x22,x28,x24	 x28:0x7fc00000 x24:0xfffffffc x22=0x7fc00004
     389135.000 ns	     38912	80008224	e0011a53	fclass.s	x20,f2	  f2:0x7fc00000 x20=0x00000200
     389155.000 ns	     38914	80008228	00cfcbb3	xor	x23,x31,x12	 x31:0x00000000 x12:0x80040fe4 x23=0x80040fe4
     389175.000 ns	     38916	8000822c	02f23433	mulhu	x8,x4,x15	  x4:0x684cd1f0 x15:0xfffffffc  x8=0x684cd1ee
     389195.000 ns	     38918	80008230	00000013	addi	x0,x0,0	  x0:0x00000000
     389215.000 ns	     38920	80008234	20be0053	fsgnj.s	f0,f28,f11	 f28:0x00000000 f11:0x4e9c233e  f0=0x00000000
     389235.000 ns	     38922	80008238	55272193	slti	x3,x14,1362	 x14:0x00000002  x3=0x00000001
     389245.000 ns	     38923	8000823c	013d9533	sll	x10,x27,x19	 x27:0xffff8000 x19:0xffffffff x10=0x00000000
     389255.000 ns	     38924	80008240	00bc3db3	sltu	x27,x24,x11	 x24:0xfffffffc x11:0x00000000 x27=0x00000000
     389275.000 ns	     38926	80008244	c00579d3	fcvt.w.s	x19,f10	 f10:0x7fc00000 x19=0x7fffffff
     389295.000 ns	     38928	80008248	004a7b33	and	x22,x20,x4	 x20:0x00000200  x4:0x684cd1f0 x22=0x00000000
     389315.000 ns	     38930	8000824c	20399553	fsgnjn.s	f10,f19,f3	 f19:0x7fc00000  f3:0x00000000 f10=0xffc00000
     389335.000 ns	     38932	80008250	fb7b0993	addi	x19,x22,-73	 x22:0x7fc00004 x19=0xffffffb7
     389355.000 ns	     38934	80008254	034cb4b3	mulhu	x9,x25,x20	 x25:0xffff8000 x20:0x00000200  x9=0x000001ff
     389375.000 ns	     38936	80008258	05610493	addi	x9,x2,86	  x2:0xed14be56  x9=0xed14beac
     389415.000 ns	     38940	8000825c	0044fe53	fadd.s	f28,f9,f4	  f9:0x4e9d3846  f4:0x7fc00000 f28=0x7fc00000
     389435.000 ns	     38942	80008260	41fcd213	srai	x4,x25,0x1f	 x25:0xffff8000  x4=0xffffffff
     389795.000 ns	     38978	80008264	02e67c33	remu	x24,x12,x14	 x12:0x80040fe4 x14:0x00000002 x24=0x00000000
     389825.000 ns	     38981	80008268	2151ae53	fsgnjx.s	f28,f3,f21	  f3:0x00000000 f21:0x7f800000 f28=0x00000000
     389855.000 ns	     38984	8000826c	c01e7d53	fcvt.wu.s	x26,f28	 f28:0x7fc00000 x26=0x00000000
     389885.000 ns	     38987	80008270	f00a0253	fmv.w.x	f4,x20	 x20:0x00000200  f4=0x00000200
     389915.000 ns	     38990	80008274	036c2fb3	mulhsu	x31,x24,x22	 x24:0x00000000 x22:0x00000000 x31=0x00000000
     389945.000 ns	     38993	80008278	a0b68053	fle.s	x0,f13,f11	 f13:0x4e800410 f11:0x4e9c233e
     389965.000 ns	     38995	8000827c	da651037	lui	x0,0xda651	
     389975.000 ns	     38996	80008280	01b75d13	srli	x26,x14,0x1b	 x14:0x00000002 x26=0x00000000
     389985.000 ns	     38997	80008284	41fc80b3	sub	x1,x25,x31	 x25:0xffff8000 x31:0x00000000  x1=0xffff8000
     390005.000 ns	     38999	80008288	c00974d3	fcvt.w.s	x9,f18	 f18:0x80000000  x9=0x00000000
     390035.000 ns	     39002	8000828c	c00f2b53	fcvt.w.s	x22,f30	 f30:0x3f7fffae x22=0x00000000
     390065.000 ns	     39005	80008290	a0808dd3	fle.s	x27,f1,f8	  f1:0x00000000  f8:0x00000000 x27=0x00000001
     390085.000 ns	     39007	80008294	0ce76f13	ori	x30,x14,206	 x14:0x00000002 x30=0x000000ce
     390105.000 ns	     39009	80008298	a00a1253	flt.s	x4,f20,f0	 f20:0x00000001  f0:0x00000000  x4=0x00000000
     390145.000 ns	     39013	8000829c	10e3c453	fmul.s	f8,f7,f14	  f7:0x3f7fffae f14:0x7fc00000  f8=0x7fc00000
     390185.000 ns	     39017	800082a0	18057e53	fdiv.s	f28,f10,f0	 f10:0xffc00000  f0:0x00000000 f28=0x7fc00000
     390555.000 ns	     39054	800082a4	03d1c333	div	x6,x3,x29	  x3:0x00000001 x29:0x80041024  x6=0x00000000
     390575.000 ns	     39056	800082a8	3e18a813	slti	x16,x17,993	 x17:0x00000600 x16=0x00000000
     390595.000 ns	     39058	800082ac	c00af053	fcvt.w.s	x0,f21	 f21:0x7f800000
     390615.000 ns	     39060	800082b0	8dd7b313	sltiu	x6,x15,-1827	 x15:0xfffffffc  x6=0x00000000
     390635.000 ns	     39062	800082b4	a0e21f53	flt.s	x30,f4,f14	  f4:0x00000200 f14:0x7fc00000 x30=0x00000000
     391005.000 ns	     39099	800082b8	03b0edb3	rem	x27,x1,x27	  x1:0xffff8000 x27:0x00000001 x27=0x00000000
     391025.000 ns	     39101	800082bc	41958e33	sub	x28,x11,x25	 x11:0x00000000 x25:0xffff8000 x28=0x00008000
     391035.000 ns	     39102	800082c0	00d65533	srl	x10,x12,x13	 x12:0x80040fe4 x13:0xffffffff x10=0x00000001
     391045.000 ns	     39103	800082c4	01849533	sll	x10,x9,x24	  x9:0x00000000 x24:0x00000000 x10=0x00000000
     391055.000 ns	     39104	800082c8	e94caa13	slti	x20,x25,-364	 x25:0xffff8000 x20=0x00000001
     391065.000 ns	     39105	800082cc	006ad713	srli	x14,x21,0x6	 x21:0x00000000 x14=0x00000000
     391085.000 ns	     39107	800082d0	e00115d3	fclass.s	x11,f2	  f2:0x7fc00000 x11=0x00000200
     391105.000 ns	     39109	800082d4	001cf033	and	x0,x25,x1	 x25:0xffff8000  x1:0xffff8000
     391115.000 ns	     39110	800082d8	6a6faf13	slti	x30,x31,1702	 x31:0x00000000 x30=0x00000001
     391125.000 ns	     39111	800082dc	0b478813	addi	x16,x15,180	 x15:0xfffffffc x16=0x000000b0
     391145.000 ns	     39113	800082e0	0266bf33	mulhu	x30,x13,x6	 x13:0xffffffff  x6:0x00000000 x30=0x00000000
     391175.000 ns	     39116	800082e4	a0510953	fle.s	x18,f2,f5	  f2:0x7fc00000  f5:0xfffffbd1 x18=0x00000000
     391195.000 ns	     39118	800082e8	00d49233	sll	x4,x9,x13	  x9:0x00000000 x13:0xffffffff  x4=0x00000000
     391205.000 ns	     39119	800082ec	41525f93	srai	x31,x4,0x15	  x4:0x00000000 x31=0x00000000
     391215.000 ns	     39120	800082f0	01eaeb33	or	x22,x21,x30	 x21:0x00000000 x30:0x00000000 x22=0x00000000
     391235.000 ns	     39122	800082f4	d00ff0d3	fcvt.s.w	f1,x31	 x31:0x00000000  f1=0x00000000
     391265.000 ns	     39125	800082f8	d00609d3	fcvt.s.w	f19,x12	 x12:0x80040fe4 f19=0xcefff7e0
     391295.000 ns	     39128	800082fc	02b6a2b3	mulhsu	x5,x13,x11	 x13:0xffffffff x11:0x00000200  x5=0xffffffff
     391345.000 ns	     39133	80008300	00061d53	fadd.s	f26,f12,f0	 f12:0x00000000  f0:0x00000000 f26=0x00000000
     391375.000 ns	     39136	80008304	e00d9a53	fclass.s	x20,f27	 f27:0x7fc00000 x20=0x00000200
     391395.000 ns	     39138	80008308	00000013	addi	x0,x0,0	  x0:0x00000000
     391405.000 ns	     39139	8000830c	010be7b3	or	x15,x23,x16	 x23:0x80040fe4 x16:0x000000b0 x15=0x80040ff4
     391425.000 ns	     39141	80008310	c00d08d3	fcvt.w.s	x17,f26	 f26:0x00000000 x17=0x00000000
     391455.000 ns	     39144	80008314	d01cbad3	fcvt.s.wu	f21,x25	 x25:0xffff8000 f21=0x4f7fff80
     391495.000 ns	     39148	80008318	1948bb53	fdiv.s	f22,f17,f20	 f17:0xff800000 f20:0x00000001 f22=0xff800000
     391525.000 ns	     39151	8000831c	035c9c33	mulh	x24,x25,x21	 x25:0xffff8000 x21:0x00000000 x24=0x00000000
     391895.000 ns	     39188	80008320	02f5dfb3	divu	x31,x11,x15	 x11:0x00000200 x15:0x80040ff4 x31=0x00000000
     391925.000 ns	     39191	80008324	f00f05d3	fmv.w.x	f11,x30	 x30:0x00000000 f11=0x00000000
     391945.000 ns	     39193	80008328	21532c93	slti	x25,x6,533	  x6:0x00000000 x25=0x00000001
     392305.000 ns	     39229	8000832c	030efbb3	remu	x23,x29,x16	 x29:0x80041024 x16:0x000000b0 x23=0x00000064
     392325.000 ns	     39231	80008330	01909ab3	sll	x21,x1,x25	  x1:0xffff8000 x25:0xffff8000 x21=0xffff0000
     392335.000 ns	     39232	80008334	65c94593	xori	x11,x18,1628	 x18:0x00000000 x11=0x0000065c
     392355.000 ns	     39234	80008338	0264a6b3	mulhsu	x13,x9,x6	  x9:0x00000000  x6:0x00000000 x13=0x00000000
     392375.000 ns	     39236	8000833c	00625b33	srl	x22,x4,x6	  x4:0x00000000  x6:0x00000000 x22=0x00000000
     392395.000 ns	     39238	80008340	21aea153	fsgnjx.s	f2,f29,f26	 f29:0x80000000 f26:0x00000000  f2=0x80000000
     392415.000 ns	     39240	80008344	e361c393	xori	x7,x3,-458	  x3:0x00000001  x7=0xfffffe37
     392435.000 ns	     39242	80008348	a0efa2d3	feq.s	x5,f31,f14	 f31:0x80000000 f14:0x7fc00000  x5=0x00000000
     392465.000 ns	     39245	8000834c	c01f93d3	fcvt.wu.s	x7,f31	 f31:0x80000000  x7=0x00000000
     392485.000 ns	     39247	80008350	40340e33	sub	x28,x8,x3	  x8:0x684cd1ee  x3:0x00000001 x28=0x684cd1ed
     392505.000 ns	     39249	80008354	a1cfa353	feq.s	x6,f31,f28	 f31:0x80000000 f28:0x7fc00000  x6=0x00000000
     392525.000 ns	     39251	80008358	eec53913	sltiu	x18,x10,-276	 x10:0x00000000 x18=0x00000001
     392545.000 ns	     39253	8000835c	c018fdd3	fcvt.wu.s	x27,f17	 f17:0xff800000 x27=0x00000000
     392575.000 ns	     39256	80008360	291018d3	fmax.s	f17,f0,f17	  f0:0x00000000 f17:0xff800000 f17=0x00000000
     392595.000 ns	     39258	80008364	008e58b3	srl	x17,x28,x8	 x28:0x684cd1ed  x8:0x684cd1ee x17=0x0001a133
     392615.000 ns	     39260	80008368	02878333	mul	x6,x15,x8	 x15:0x80040ff4  x8:0x684cd1ee  x6=0x313d08d8
     392635.000 ns	     39262	8000836c	00000013	addi	x0,x0,0	  x0:0x00000000
     392645.000 ns	     39263	80008370	0176c1b3	xor	x3,x13,x23	 x13:0x00000000 x23:0x00000064  x3=0x00000064
     392655.000 ns	     39264	80008374	00cc3e33	sltu	x28,x24,x12	 x24:0x00000000 x12:0x80040fe4 x28=0x00000001
     392665.000 ns	     39265	80008378	40bad833	sra	x16,x21,x11	 x21:0xffff0000 x11:0x0000065c x16=0xffffffff
     392675.000 ns	     39266	8000837c	e96b8513	addi	x10,x23,-362	 x23:0x00000064 x10=0xfffffefa
     392715.000 ns	     39270	80008380	0009af53	fadd.s	f30,f19,f0	 f19:0xcefff7e0  f0:0x00000000 f30=0xcefff7e0
     392765.000 ns	     39275	80008384	01651853	fadd.s	f16,f10,f22	 f10:0xffc00000 f22:0xff800000 f16=0x7fc00000
     392795.000 ns	     39278	80008388	29100cd3	fmin.s	f25,f0,f17	  f0:0x00000000 f17:0x00000000 f25=0x00000000
     393975.000 ns	     39396	8000838c	5803cc53	fsqrt.s	f24,f7	  f7:0x3f7fffae f24=0x3f35042a
     394005.000 ns	     39399	80008390	21f12ed3	fsgnjx.s	f29,f2,f31	  f2:0x80000000 f31:0x80000000 f29=0x00000000
     394035.000 ns	     39402	80008394	02d7d8b3	divu	x17,x15,x13	 x15:0x80040ff4 x13:0x00000000 x17=0xffffffff
     394055.000 ns	     39404	80008398	518dcb13	xori	x22,x27,1304	 x27:0x00000000 x22=0x00000518
     394075.000 ns	     39406	8000839c	a03002d3	fle.s	x5,f0,f3	  f0:0x00000000  f3:0x00000000  x5=0x00000001
     394105.000 ns	     39409	800083a0	29ef90d3	fmax.s	f1,f31,f30	 f31:0x80000000 f30:0xcefff7e0  f1=0x80000000
     394135.000 ns	     39412	800083a4	a0c78d53	fle.s	x26,f15,f12	 f15:0x00000000 f12:0x00000000 x26=0x00000001
     394155.000 ns	     39414	800083a8	86edb1b7	lui	x3,0x86edb	  x3=0x86edb000
     394175.000 ns	     39416	800083ac	03200bb3	mul	x23,x0,x18	  x0:0x00000000 x18:0x00000001 x23=0x00000000
     394195.000 ns	     39418	800083b0	5d580493	addi	x9,x16,1493	 x16:0xffffffff  x9=0x000005d4
     394555.000 ns	     39454	800083b4	028b4a33	div	x20,x22,x8	 x22:0x00000518  x8:0x684cd1ee x20=0x00000000
     394585.000 ns	     39457	800083b8	0343ecb3	rem	x25,x7,x20	  x7:0x00000000 x20:0x00000200 x25=0x00000000
     394615.000 ns	     39460	800083bc	039decb3	rem	x25,x27,x25	 x27:0x00000000 x25:0x00000001 x25=0x00000000
     394635.000 ns	     39462	800083c0	cc252c93	slti	x25,x10,-830	 x10:0xfffffefa x25=0x00000000
     394995.000 ns	     39498	800083c4	0293ddb3	divu	x27,x7,x9	  x7:0x00000000  x9:0x000005d4 x27=0x00000000
     395015.000 ns	     39500	800083c8	011bd693	srli	x13,x23,0x11	 x23:0x00000000 x13=0x00000000
     395025.000 ns	     39501	800083cc	ed588d13	addi	x26,x17,-299	 x17:0xffffffff x26=0xfffffed4
     395035.000 ns	     39502	800083d0	009709b3	add	x19,x14,x9	 x14:0x00000000  x9:0x000005d4 x19=0x000005d4
     395045.000 ns	     39503	800083d4	00979533	sll	x10,x15,x9	 x15:0x80040ff4  x9:0x000005d4 x10=0xff400000
     395055.000 ns	     39504	800083d8	0105dd93	srli	x27,x11,0x10	 x11:0x0000065c x27=0x00000000
     395075.000 ns	     39506	800083dc	d018f953	fcvt.s.wu	f18,x17	 x17:0xffffffff f18=0x4f7fffff
     395105.000 ns	     39509	800083e0	03cbb5b3	mulhu	x11,x23,x28	 x23:0x00000000 x28:0x00000001 x11=0x00000000
     395135.000 ns	     39512	800083e4	20c9a453	fsgnjx.s	f8,f19,f12	 f19:0xcefff7e0 f12:0x00000000  f8=0xcefff7e0
     395155.000 ns	     39514	800083e8	33bf8d13	addi	x26,x31,827	 x31:0x00000000 x26=0x0000033b
     395165.000 ns	     39515	800083ec	00aede33	srl	x28,x29,x10	 x29:0x80041024 x10:0xff400000 x28=0x80041024
     395185.000 ns	     39517	800083f0	e0081a53	fclass.s	x20,f16	 f16:0x7fc00000 x20=0x00000200
     395215.000 ns	     39520	800083f4	d0097ad3	fcvt.s.w	f21,x18	 x18:0x00000001 f21=0x3f800000
     395245.000 ns	     39523	800083f8	20171653	fsgnjn.s	f12,f14,f1	 f14:0x7fc00000  f1:0x80000000 f12=0x7fc00000
     395265.000 ns	     39525	800083fc	41c402b3	sub	x5,x8,x28	  x8:0x684cd1ee x28:0x80041024  x5=0xe848c1ca
     395285.000 ns	     39527	80008400	e0061f53	fclass.s	x30,f12	 f12:0x7fc00000 x30=0x00000200
     395305.000 ns	     39529	80008404	007269b3	or	x19,x4,x7	  x4:0x00000000  x7:0x00000000 x19=0x00000000
     396475.000 ns	     39646	80008408	580941d3	fsqrt.s	f3,f18	 f18:0x4f7fffff  f3=0x47350461
     396495.000 ns	     39648	8000840c	00da00b3	add	x1,x20,x13	 x20:0x00000200 x13:0x00000000  x1=0x00000200
     396505.000 ns	     39649	80008410	40d405b3	sub	x11,x8,x13	  x8:0x684cd1ee x13:0x00000000 x11=0x684cd1ee
     396525.000 ns	     39651	80008414	a144a0d3	feq.s	x1,f9,f20	  f9:0x4e9d3846 f20:0x00000001  x1=0x00000000
     396565.000 ns	     39655	80008418	107879d3	fmul.s	f19,f16,f7	 f16:0x7fc00000  f7:0x3f7fffae f19=0x7fc00000
     396615.000 ns	     39660	8000841c	003544d3	fadd.s	f9,f10,f3	 f10:0xffc00000  f3:0x47350461  f9=0x7fc00000
     396645.000 ns	     39663	80008420	29628153	fmin.s	f2,f5,f22	  f5:0xfffffbd1 f22:0xff800000  f2=0xff800000
     396665.000 ns	     39665	80008424	010451b3	srl	x3,x8,x16	  x8:0x684cd1ee x16:0xffffffff  x3=0x00000000
     396675.000 ns	     39666	80008428	00518033	add	x0,x3,x5	  x3:0x86edb000  x5:0xe848c1ca
     396695.000 ns	     39668	8000842c	d00585d3	fcvt.s.w	f11,x11	 x11:0x684cd1ee f11=0x4ed099a3
     396725.000 ns	     39671	80008430	21460f53	fsgnj.s	f30,f12,f20	 f12:0x7fc00000 f20:0x00000001 f30=0x7fc00000
     396755.000 ns	     39674	80008434	a1da9bd3	flt.s	x23,f21,f29	 f21:0x3f800000 f29:0x00000000 x23=0x00000000
     396785.000 ns	     39677	80008438	f0098553	fmv.w.x	f10,x19	 x19:0x00000000 f10=0x00000000
     396805.000 ns	     39679	8000843c	4a790a13	addi	x20,x18,1191	 x18:0x00000001 x20=0x000004a8
     397975.000 ns	     39796	80008440	580aa953	fsqrt.s	f18,f21	 f21:0x3f800000 f18=0x3f7fffae
     398005.000 ns	     39799	80008444	a03d9f53	flt.s	x30,f27,f3	 f27:0x7fc00000  f3:0x47350461 x30=0x00000000
     398035.000 ns	     39802	80008448	02d3e0b3	rem	x1,x7,x13	  x7:0x00000000 x13:0x00000000  x1=0x00000000
     398065.000 ns	     39805	8000844c	03378433	mul	x8,x15,x19	 x15:0x80040ff4 x19:0x00000000  x8=0x00000000
     398085.000 ns	     39807	80008450	0114f833	and	x16,x9,x17	  x9:0x000005d4 x17:0xffffffff x16=0x000005d4
     398105.000 ns	     39809	80008454	039439b3	mulhu	x19,x8,x25	  x8:0x00000000 x25:0x00000000 x19=0x00000000
     398135.000 ns	     39812	80008458	02d1acb3	mulhsu	x25,x3,x13	  x3:0x00000000 x13:0x00000000 x25=0x00000000
     398505.000 ns	     39849	8000845c	02bef533	remu	x10,x29,x11	 x29:0x80041024 x11:0x684cd1ee x10=0x17b73e36
     398535.000 ns	     39852	80008460	f00881d3	fmv.w.x	f3,x17	 x17:0xffffffff  f3=0xffffffff
     398565.000 ns	     39855	80008464	03e080b3	mul	x1,x1,x30	  x1:0x00000000 x30:0x00000000  x1=0x00000000
     398585.000 ns	     39857	80008468	004b2833	slt	x16,x22,x4	 x22:0x00000518  x4:0x00000000 x16=0x00000000
     398605.000 ns	     39859	8000846c	025ca233	mulhsu	x4,x25,x5	 x25:0x00000000  x5:0xe848c1ca  x4=0x00000000
     398655.000 ns	     39864	80008470	09127953	fsub.s	f18,f4,f17	  f4:0x00000200 f17:0x00000000 f18=0x00000200
     398675.000 ns	     39866	80008474	5dd5a397	auipc	x7,0x5dd5a	  x7=0xddd62474
     398695.000 ns	     39868	80008478	c01bf253	fcvt.wu.s	x4,f23	 f23:0x7fc00000  x4=0xffffffff
     398715.000 ns	     39870	8000847c	00924ab3	xor	x21,x4,x9	  x4:0x00000000  x9:0x000005d4 x21=0xfffffa2b
     398735.000 ns	     39872	80008480	e0048253	fmv.x.w	x4,f9	  f9:0x7fc00000  x4=0x7fc00000
     398755.000 ns	     39874	80008484	018965b3	or	x11,x18,x24	 x18:0x00000001 x24:0x00000000 x11=0x00000001
     398785.000 ns	     39877	80008488	107c44d3	fmul.s	f9,f24,f7	 f24:0x3f35042a  f7:0x3f7fffae  f9=0x3f3503f0
     398815.000 ns	     39880	8000848c	03718fb3	mul	x31,x3,x23	  x3:0x00000000 x23:0x00000000 x31=0x00000000
     398855.000 ns	     39884	80008490	10aeff53	fmul.s	f30,f29,f10	 f29:0x00000000 f10:0x00000000 f30=0x00000000
     398875.000 ns	     39886	80008494	0199a8b3	slt	x17,x19,x25	 x19:0x00000000 x25:0x00000000 x17=0x00000000
     398885.000 ns	     39887	80008498	c9396c93	ori	x25,x18,-877	 x18:0x00000001 x25=0xfffffc93
     398905.000 ns	     39889	8000849c	29dd92d3	fmax.s	f5,f27,f29	 f27:0x7fc00000 f29:0x00000000  f5=0x00000000
     398925.000 ns	     39891	800084a0	cd79d8b7	lui	x17,0xcd79d	 x17=0xcd79d000
     398935.000 ns	     39892	800084a4	85cd1c97	auipc	x25,0x85cd1	 x25=0x05cd94a4
     398955.000 ns	     39894	800084a8	02691933	mulh	x18,x18,x6	 x18:0x00000001  x6:0x313d08d8 x18=0x00000000
     398985.000 ns	     39897	800084ac	0233cbb3	div	x23,x7,x3	  x7:0xddd62474  x3:0x00000000 x23=0xffffffff
     400165.000 ns	     40015	800084b0	580c2953	fsqrt.s	f18,f24	 f24:0x3f35042a f18=0x3efffeaa
     400185.000 ns	     40017	800084b4	00b39693	slli	x13,x7,0xb	  x7:0xddd62474 x13=0xb123a000
     400195.000 ns	     40018	800084b8	00661f93	slli	x31,x12,0x6	 x12:0x80040fe4 x31=0x0103f900
     401365.000 ns	     40135	800084bc	580aa4d3	fsqrt.s	f9,f21	 f21:0x3f800000  f9=0x3f7fffae
     401395.000 ns	     40138	800084c0	d0010d53	fcvt.s.w	f26,x2	  x2:0xed14be56 f26=0xcd975a0d
     401445.000 ns	     40143	800084c4	00dca753	fadd.s	f14,f25,f13	 f25:0x00000000 f13:0x4e800410 f14=0x4e800410
     401815.000 ns	     40180	800084c8	024141b3	div	x3,x2,x4	  x2:0xed14be56  x4:0x7fc00000  x3=0x00000000
     402185.000 ns	     40217	800084cc	02bcfdb3	remu	x27,x25,x11	 x25:0x05cd94a4 x11:0x00000001 x27=0x00000000
     402215.000 ns	     40220	800084d0	f0080753	fmv.w.x	f14,x16	 x16:0x00000000 f14=0x00000000
     402245.000 ns	     40223	800084d4	02fcbcb3	mulhu	x25,x25,x15	 x25:0x05cd94a4 x15:0x80040ff4 x25=0x02e6e1e4
     402275.000 ns	     40226	800084d8	023e6fb3	rem	x31,x28,x3	 x28:0x80041024  x3:0x00000000 x31=0x80041024
     402305.000 ns	     40229	800084dc	028d74b3	remu	x9,x26,x8	 x26:0x0000033b  x8:0x00000000  x9=0x0000033b
     402325.000 ns	     40231	800084e0	00000013	addi	x0,x0,0	  x0:0x00000000
     402335.000 ns	     40232	800084e4	0e4c2813	slti	x16,x24,228	 x24:0x00000000 x16=0x00000001
     402355.000 ns	     40234	800084e8	a0788453	fle.s	x8,f17,f7	 f17:0x00000000  f7:0x3f7fffae  x8=0x00000001
     402375.000 ns	     40236	800084ec	7602a813	slti	x16,x5,1888	  x5:0xe848c1ca x16=0x00000001
     402385.000 ns	     40237	800084f0	9ae86893	ori	x17,x16,-1618	 x16:0x00000001 x17=0xfffff9af
     402405.000 ns	     40239	800084f4	a0cc1353	flt.s	x6,f24,f12	 f24:0x3f35042a f12:0x7fc00000  x6=0x00000000
     402425.000 ns	     40241	800084f8	005e5013	srli	x0,x28,0x5	 x28:0x80041024
     402435.000 ns	     40242	800084fc	473d0313	addi	x6,x26,1139	 x26:0x0000033b  x6=0x000007ae
     402445.000 ns	     40243	80008500	cce36a93	ori	x21,x6,-818	  x6:0x00000000 x21=0xffffffee
     402455.000 ns	     40244	80008504	003a5db3	srl	x27,x20,x3	 x20:0x000004a8  x3:0x00000000 x27=0x000004a8
     402475.000 ns	     40246	80008508	20901a53	fsgnjn.s	f20,f0,f9	  f0:0x00000000  f9:0x3f7fffae f20=0x80000000
     402495.000 ns	     40248	8000850c	babe8d13	addi	x26,x29,-1109	 x29:0x80041024 x26=0x80040bcf
     402505.000 ns	     40249	80008510	52ef2c13	slti	x24,x30,1326	 x30:0x00000000 x24=0x00000001
     402525.000 ns	     40251	80008514	d01e45d3	fcvt.s.wu	f11,x28	 x28:0x80041024 f11=0x4f000410
     402565.000 ns	     40255	80008518	10f2ae53	fmul.s	f28,f5,f15	  f5:0x00000000 f15:0x00000000 f28=0x00000000
     402585.000 ns	     40257	8000851c	acb7ed93	ori	x27,x15,-1333	 x15:0x80040ff4 x27=0xffffffff
     402595.000 ns	     40258	80008520	01cc9c93	slli	x25,x25,0x1c	 x25:0x02e6e1e4 x25=0x40000000
     402605.000 ns	     40259	80008524	01364d33	xor	x26,x12,x19	 x12:0x80040fe4 x19:0x00000000 x26=0x80040fe4
     402625.000 ns	     40261	80008528	c01a2753	fcvt.wu.s	x14,f20	 f20:0x80000000 x14=0x00000000
     402655.000 ns	     40264	8000852c	a00788d3	fle.s	x17,f15,f0	 f15:0x00000000  f0:0x00000000 x17=0x00000001
     402675.000 ns	     40266	80008530	4135d813	srai	x16,x11,0x13	 x11:0x00000001 x16=0x00000000
     402685.000 ns	     40267	80008534	00f81033	sll	x0,x16,x15	 x16:0x00000001 x15:0x80040ff4
     402705.000 ns	     40269	80008538	029582b3	mul	x5,x11,x9	 x11:0x00000001  x9:0x0000033b  x5=0x0000033b
     402725.000 ns	     40271	8000853c	01f6ae33	slt	x28,x13,x31	 x13:0xb123a000 x31:0x80041024 x28=0x00000000
     402745.000 ns	     40273	80008540	c01cfe53	fcvt.wu.s	x28,f25	 f25:0x00000000 x28=0x00000000
     402775.000 ns	     40276	80008544	20ac29d3	fsgnjx.s	f19,f24,f10	 f24:0x3f35042a f10:0x00000000 f19=0x3f35042a
     402795.000 ns	     40278	80008548	4094df93	srai	x31,x9,0x9	  x9:0x0000033b x31=0x00000001
     402815.000 ns	     40280	8000854c	d0067ed3	fcvt.s.w	f29,x12	 x12:0x80040fe4 f29=0xcefff7e0
     402845.000 ns	     40283	80008550	d014cb53	fcvt.s.wu	f22,x9	  x9:0x0000033b f22=0x444ec000
     403215.000 ns	     40320	80008554	03546533	rem	x10,x8,x21	  x8:0x00000001 x21:0xffffffee x10=0x00000001
     403235.000 ns	     40322	80008558	15f6e917	auipc	x18,0x15f6e	 x18=0x95f76558
     403245.000 ns	     40323	8000855c	41ab5f13	srai	x30,x22,0x1a	 x22:0x00000518 x30=0x00000000
     403255.000 ns	     40324	80008560	84c6ca93	xori	x21,x13,-1972	 x13:0xb123a000 x21=0x4edc584c
     403295.000 ns	     40328	80008564	084afd53	fsub.s	f26,f21,f4	 f21:0x3f800000  f4:0x00000200 f26=0x3f800000
     403315.000 ns	     40330	80008568	009e9993	slli	x19,x29,0x9	 x29:0x80041024 x19=0x08204800
     403335.000 ns	     40332	8000856c	e0028253	fmv.x.w	x4,f5	  f5:0x00000000  x4=0x00000000
     403365.000 ns	     40335	80008570	e00f0b53	fmv.x.w	x22,f30	 f30:0x00000000 x22=0x00000000
     403385.000 ns	     40337	80008574	41dd5b93	srai	x23,x26,0x1d	 x26:0x80040fe4 x23=0xfffffffc
     403405.000 ns	     40339	80008578	a1118253	fle.s	x4,f3,f17	  f3:0xffffffff f17:0x00000000  x4=0x00000000
     403425.000 ns	     40341	8000857c	3fad4597	auipc	x11,0x3fad4	 x11=0xbfadc57c
     403435.000 ns	     40342	80008580	3f80e913	ori	x18,x1,1016	  x1:0x00000000 x18=0x000003f8
     403455.000 ns	     40344	80008584	a0221353	flt.s	x6,f4,f2	  f4:0x00000200  f2:0xff800000  x6=0x00000000
     403475.000 ns	     40346	80008588	01a2c433	xor	x8,x5,x26	  x5:0x0000033b x26:0x80040fe4  x8=0x80040cdf
     403495.000 ns	     40348	8000858c	21130bd3	fsgnj.s	f23,f6,f17	  f6:0x00000000 f17:0x00000000 f23=0x00000000
     403525.000 ns	     40351	80008590	c00b3353	fcvt.w.s	x6,f22	 f22:0x444ec000  x6=0x0000033b
     403575.000 ns	     40356	80008594	086efa53	fsub.s	f20,f29,f6	 f29:0xcefff7e0  f6:0x00000000 f20=0xcefff7e0
     403595.000 ns	     40358	80008598	a91d7213	andi	x4,x26,-1391	 x26:0x80040fe4  x4=0x80040a80
     403615.000 ns	     40360	8000859c	02b63333	mulhu	x6,x12,x11	 x12:0x80040fe4 x11:0xbfadc57c  x6=0x5fd9ed5a
     403655.000 ns	     40364	800085a0	10bf2653	fmul.s	f12,f30,f11	 f30:0x00000000 f11:0x4f000410 f12=0x00000000
     403675.000 ns	     40366	800085a4	409f5a13	srai	x20,x30,0x9	 x30:0x00000000 x20=0x00000000
     403695.000 ns	     40368	800085a8	035a2cb3	mulhsu	x25,x20,x21	 x20:0x000004a8 x21:0x4edc584c x25=0x00000000
     404065.000 ns	     40405	800085ac	02f7f8b3	remu	x17,x15,x15	 x15:0x80040ff4 x15:0x80040ff4 x17=0x00000000
     404095.000 ns	     40408	800085b0	20af83d3	fsgnj.s	f7,f31,f10	 f31:0x80000000 f10:0x00000000  f7=0x00000000
     404115.000 ns	     40410	800085b4	01721413	slli	x8,x4,0x17	  x4:0x80040a80  x8=0x40000000
     404125.000 ns	     40411	800085b8	2bfe6193	ori	x3,x28,703	 x28:0x00000000  x3=0x000002bf
     404135.000 ns	     40412	800085bc	eaa63d93	sltiu	x27,x12,-342	 x12:0x80040fe4 x27=0x00000001
     404145.000 ns	     40413	800085c0	00aa8fb3	add	x31,x21,x10	 x21:0x4edc584c x10:0x00000001 x31=0x4edc584d
     404165.000 ns	     40415	800085c4	e00b06d3	fmv.x.w	x13,f22	 f22:0x444ec000 x13=0x444ec000
     404185.000 ns	     40417	800085c8	e4026993	ori	x19,x4,-448	  x4:0x80040a80 x19=0xfffffec0
     404215.000 ns	     40420	800085cc	104a76d3	fmul.s	f13,f20,f4	 f20:0xcefff7e0  f4:0x00000200 f13=0x88fff7e1
     404245.000 ns	     40423	800085d0	21288ad3	fsgnj.s	f21,f17,f18	 f17:0x00000000 f18:0x3efffeaa f21=0x00000000
     404265.000 ns	     40425	800085d4	0018ccb3	xor	x25,x17,x1	 x17:0x00000000  x1:0x00000000 x25=0x00000000
     404285.000 ns	     40427	800085d8	c00c17d3	fcvt.w.s	x15,f24	 f24:0x3f35042a x15=0x00000000
     404305.000 ns	     40429	800085dc	ab26e393	ori	x7,x13,-1358	 x13:0x444ec000  x7=0xfffffab2
     404335.000 ns	     40432	800085e0	105b75d3	fmul.s	f11,f22,f5	 f22:0x444ec000  f5:0x00000000 f11=0x00000000
     404365.000 ns	     40435	800085e4	0318b1b3	mulhu	x3,x17,x17	 x17:0x00000000 x17:0x00000000  x3=0x00000000
     404735.000 ns	     40472	800085e8	03a0dc33	divu	x24,x1,x26	  x1:0x00000000 x26:0x80040fe4 x24=0x00000000
     404755.000 ns	     40474	800085ec	007a0433	add	x8,x20,x7	 x20:0x00000000  x7:0xfffffab2  x8=0xfffffab2
     404765.000 ns	     40475	800085f0	000ce033	or	x0,x25,x0	 x25:0x00000000  x0:0x00000000
     404775.000 ns	     40476	800085f4	00689d93	slli	x27,x17,0x6	 x17:0x00000000 x27=0x00000000
     404785.000 ns	     40477	800085f8	e78a19b7	lui	x19,0xe78a1	 x19=0xe78a1000
     404795.000 ns	     40478	800085fc	f6b54593	xori	x11,x10,-149	 x10:0x00000001 x11=0xffffff6a
     405155.000 ns	     40514	80008600	0325ec33	rem	x24,x11,x18	 x11:0xbfadc57c x18:0x000003f8 x24=0xffffff6a
     405185.000 ns	     40517	80008604	d0107b53	fcvt.s.wu	f22,x0	  x0:0x00000000 f22=0x00000000
     405215.000 ns	     40520	80008608	20cf2053	fsgnjx.s	f0,f30,f12	 f30:0x00000000 f12:0x00000000  f0=0x00000000
     405235.000 ns	     40522	8000860c	a48ccf93	xori	x31,x25,-1464	 x25:0x00000000 x31=0xfffffa48
     405255.000 ns	     40524	80008610	f00c0a53	fmv.w.x	f20,x24	 x24:0xffffff6a f20=0xffffff6a
     405275.000 ns	     40526	80008614	0093c733	xor	x14,x7,x9	  x7:0xfffffab2  x9:0x0000033b x14=0xfffff989
     405295.000 ns	     40528	80008618	e0061bd3	fclass.s	x23,f12	 f12:0x00000000 x23=0x00000010
     405335.000 ns	     40532	8000861c	580eb9d3	fsqrt.s	f19,f29	 f29:0xcefff7e0 f19=0x7fc00000
     405365.000 ns	     40535	80008620	e0060bd3	fmv.x.w	x23,f12	 f12:0x00000000 x23=0x00000000
     406475.000 ns	     40646	80008624	58091ad3	fsqrt.s	f21,f18	 f18:0x3efffeaa f21=0x3eb50433
     406505.000 ns	     40649	80008628	20da1e53	fsgnjn.s	f28,f20,f13	 f20:0xffffff6a f13:0x88fff7e1 f28=0x7fffff6a
     406525.000 ns	     40651	8000862c	df50e313	ori	x6,x1,-523	  x1:0x00000000  x6=0xfffffdf5
     406535.000 ns	     40652	80008630	01b98033	add	x0,x19,x27	 x19:0xe78a1000 x27:0x00000000
     406555.000 ns	     40654	80008634	a1bd11d3	flt.s	x3,f26,f27	 f26:0x3f800000 f27:0x7fc00000  x3=0x00000000
     406585.000 ns	     40657	80008638	c01589d3	fcvt.wu.s	x19,f11	 f11:0x00000000 x19=0x00000000
     406615.000 ns	     40660	8000863c	f0048d53	fmv.w.x	f26,x9	  x9:0x0000033b f26=0x0000033b
     406655.000 ns	     40664	80008640	5806fbd3	fsqrt.s	f23,f13	 f13:0x88fff7e1 f23=0x7fc00000
     406675.000 ns	     40666	80008644	01671013	slli	x0,x14,0x16	 x14:0xfffff989
     406695.000 ns	     40668	80008648	d01e3b53	fcvt.s.wu	f22,x28	 x28:0x00000000 f22=0x00000000
     406725.000 ns	     40671	8000864c	28671953	fmax.s	f18,f14,f6	 f14:0x00000000  f6:0x00000000 f18=0x00000000
     406745.000 ns	     40673	80008650	6f426f93	ori	x31,x4,1780	  x4:0x80040a80 x31=0x80040ef4
     406765.000 ns	     40675	80008654	03994f33	div	x30,x18,x25	 x18:0x000003f8 x25:0x00000000 x30=0xffffffff
     406785.000 ns	     40677	80008658	40a70233	sub	x4,x14,x10	 x14:0xfffff989 x10:0x00000001  x4=0xfffff988
     406795.000 ns	     40678	8000865c	41585f13	srai	x30,x16,0x15	 x16:0x00000000 x30=0x00000000
     406815.000 ns	     40680	80008660	c00029d3	fcvt.w.s	x19,f0	  f0:0x00000000 x19=0x00000000
     406835.000 ns	     40682	80008664	01457433	and	x8,x10,x20	 x10:0x00000001 x20:0x00000000  x8=0x00000000
     406845.000 ns	     40683	80008668	a2f22313	slti	x6,x4,-1489	  x4:0xfffff988  x6=0x00000001
     407205.000 ns	     40719	8000866c	02ba7d33	remu	x26,x20,x11	 x20:0x00000000 x11:0xffffff6a x26=0x00000000
     407575.000 ns	     40756	80008670	02ecd733	divu	x14,x25,x14	 x25:0x00000000 x14:0xfffff989 x14=0x00000000
     407945.000 ns	     40793	80008674	029372b3	remu	x5,x6,x9	  x6:0x00000001  x9:0x0000033b  x5=0x00000001
     408315.000 ns	     40830	80008678	024cc833	div	x16,x25,x4	 x25:0x00000000  x4:0xfffff988 x16=0x00000000
     408685.000 ns	     40867	8000867c	03f1cfb3	div	x31,x3,x31	  x3:0x00000000 x31:0x80040ef4 x31=0x00000000
     408705.000 ns	     40869	80008680	41060db3	sub	x27,x12,x16	 x12:0x80040fe4 x16:0x00000000 x27=0x80040fe4
     408725.000 ns	     40871	80008684	a14c85d3	fle.s	x11,f25,f20	 f25:0x00000000 f20:0xffffff6a x11=0x00000000
     408755.000 ns	     40874	80008688	034deb33	rem	x22,x27,x20	 x27:0x00000000 x20:0x00000000 x22=0x80040fe4
     408785.000 ns	     40877	8000868c	02e03d33	mulhu	x26,x0,x14	  x0:0x00000000 x14:0x00000000 x26=0x00000000
     408815.000 ns	     40880	80008690	e0098753	fmv.x.w	x14,f19	 f19:0x7fc00000 x14=0x7fc00000
     408835.000 ns	     40882	80008694	01251913	slli	x18,x10,0x12	 x10:0x00000001 x18=0x00040000
     408845.000 ns	     40883	80008698	20988f13	addi	x30,x17,521	 x17:0x00000000 x30=0x00000209
     408855.000 ns	     40884	8000869c	7d244393	xori	x7,x8,2002	  x8:0x00000000  x7=0x000007d2
     408875.000 ns	     40886	800086a0	28418153	fmin.s	f2,f3,f4	  f3:0xffffffff  f4:0x00000200  f2=0x00000200
     408895.000 ns	     40888	800086a4	400a8db3	sub	x27,x21,x0	 x21:0x4edc584c  x0:0x00000000 x27=0x4edc584c
     408915.000 ns	     40890	800086a8	d00c2d53	fcvt.s.w	f26,x24	 x24:0xffffff6a f26=0xc3160000
     408935.000 ns	     40892	800086ac	fdf12713	slti	x14,x2,-33	  x2:0xed14be56 x14=0x00000001
     408955.000 ns	     40894	800086b0	28928153	fmin.s	f2,f5,f9	  f5:0x00000000  f9:0x3f7fffae  f2=0x00000000
     408975.000 ns	     40896	800086b4	71f47b13	andi	x22,x8,1823	  x8:0x00000000 x22=0x00000000
     408995.000 ns	     40898	800086b8	c00dadd3	fcvt.w.s	x27,f27	 f27:0x7fc00000 x27=0x7fffffff
     409025.000 ns	     40901	800086bc	020a3233	mulhu	x4,x20,x0	 x20:0x00000000  x0:0x00000000  x4=0x00000000
     409395.000 ns	     40938	800086c0	0261e833	rem	x16,x3,x6	  x3:0x00000000  x6:0x00000001 x16=0x00000000
     409415.000 ns	     40940	800086c4	0053f433	and	x8,x7,x5	  x7:0x000007d2  x5:0x00000001  x8=0x00000000
     409435.000 ns	     40942	800086c8	033f1733	mulh	x14,x30,x19	 x30:0x00000209 x19:0x00000000 x14=0x00000000
     409465.000 ns	     40945	800086cc	d00cc5d3	fcvt.s.w	f11,x25	 x25:0x00000000 f11=0x00000000
     409485.000 ns	     40947	800086d0	01789893	slli	x17,x17,0x17	 x17:0x00000000 x17=0x00000000
     409495.000 ns	     40948	800086d4	0050a433	slt	x8,x1,x5	  x1:0x00000000  x5:0x00000001  x8=0x00000001
     409505.000 ns	     40949	800086d8	40ba5013	srai	x0,x20,0xb	 x20:0x00000000
     409515.000 ns	     40950	800086dc	00139013	slli	x0,x7,0x1	  x7:0x000007d2
     409525.000 ns	     40951	800086e0	3c257097	auipc	x1,0x3c257	  x1=0xbc25f6e0
     409545.000 ns	     40953	800086e4	e00910d3	fclass.s	x1,f18	 f18:0x00000000  x1=0x00000010
     409575.000 ns	     40956	800086e8	c00e7453	fcvt.w.s	x8,f28	 f28:0x7fffff6a  x8=0x7fffffff
     409945.000 ns	     40993	800086ec	025a79b3	remu	x19,x20,x5	 x20:0x00000000  x5:0x00000001 x19=0x00000000
     409965.000 ns	     40995	800086f0	009d7e33	and	x28,x26,x9	 x26:0x00000000  x9:0x0000033b x28=0x00000000
     409985.000 ns	     40997	800086f4	20819353	fsgnjn.s	f6,f3,f8	  f3:0xffffffff  f8:0xcefff7e0  f6=0x7fffffff
     410005.000 ns	     40999	800086f8	38a06a17	auipc	x20,0x38a06	 x20=0xb8a0e6f8
     410025.000 ns	     41001	800086fc	a1101a53	flt.s	x20,f0,f17	  f0:0x00000000 f17:0x00000000 x20=0x00000000
     410065.000 ns	     41005	80008700	18277353	fdiv.s	f6,f14,f2	 f14:0x00000000  f2:0x00000000  f6=0x7fc00000
     410095.000 ns	     41008	80008704	c0112953	fcvt.wu.s	x18,f2	  f2:0x00000000 x18=0x00000000
     410115.000 ns	     41010	80008708	00aeb0b3	sltu	x1,x29,x10	 x29:0x80041024 x10:0x00000001  x1=0x00000000
     410135.000 ns	     41012	8000870c	032eb1b3	mulhu	x3,x29,x18	 x29:0x80041024 x18:0x00000000  x3=0x00000000
     410155.000 ns	     41014	80008710	403b50b3	sra	x1,x22,x3	 x22:0x00000000  x3:0x00000000  x1=0x00000000
     410175.000 ns	     41016	80008714	2012a053	fsgnjx.s	f0,f5,f1	  f5:0x00000000  f1:0x80000000  f0=0x80000000
     410205.000 ns	     41019	80008718	f0038553	fmv.w.x	f10,x7	  x7:0x000007d2 f10=0x000007d2
     410235.000 ns	     41022	8000871c	a16bac53	feq.s	x24,f23,f22	 f23:0x7fc00000 f22:0x00000000 x24=0x00000000
     410265.000 ns	     41025	80008720	20c02353	fsgnjx.s	f6,f0,f12	  f0:0x80000000 f12:0x00000000  f6=0x80000000
     410295.000 ns	     41028	80008724	a07320d3	feq.s	x1,f6,f7	  f6:0x7fc00000  f7:0x00000000  x1=0x00000001
     410325.000 ns	     41031	80008728	d01408d3	fcvt.s.wu	f17,x8	  x8:0x7fffffff f17=0x4f000000
     411505.000 ns	     41149	8000872c	5808acd3	fsqrt.s	f25,f17	 f17:0x00000000 f25=0x46b50482
     411535.000 ns	     41152	80008730	02e37bb3	remu	x23,x6,x14	  x6:0x00000001 x14:0x00000000 x23=0x00000001
     411565.000 ns	     41155	80008734	034461b3	rem	x3,x8,x20	  x8:0x7fffffff x20:0x00000000  x3=0x7fffffff
     411595.000 ns	     41158	80008738	023f1a33	mulh	x20,x30,x3	 x30:0x00000209  x3:0x00000000 x20=0x00000104
     411615.000 ns	     41160	8000873c	30ccef93	ori	x31,x25,780	 x25:0x00000000 x31=0x0000030c
     411635.000 ns	     41162	80008740	03a21f33	mulh	x30,x4,x26	  x4:0x00000000 x26:0x00000000 x30=0x00000000
     411655.000 ns	     41164	80008744	00384a33	xor	x20,x16,x3	 x16:0x00000000  x3:0x7fffffff x20=0x7fffffff
     411675.000 ns	     41166	80008748	a070a6d3	feq.s	x13,f1,f7	  f1:0x80000000  f7:0x00000000 x13=0x00000001
     411725.000 ns	     41171	8000874c	01708dd3	fadd.s	f27,f1,f23	  f1:0x80000000 f23:0x7fc00000 f27=0x7fc00000
     411745.000 ns	     41173	80008750	01ff9ab3	sll	x21,x31,x31	 x31:0x0000030c x31:0x0000030c x21=0x0030c000
     412105.000 ns	     41209	80008754	02d95bb3	divu	x23,x18,x13	 x18:0x00000000 x13:0x00000001 x23=0x00000000
     412125.000 ns	     41211	80008758	41ac0933	sub	x18,x24,x26	 x24:0x00000000 x26:0x00000000 x18=0x00000000
     412145.000 ns	     41213	8000875c	216a0c53	fsgnj.s	f24,f20,f22	 f20:0xffffff6a f22:0x00000000 f24=0x7fffff6a
     412165.000 ns	     41215	80008760	fc31e093	ori	x1,x3,-61	  x3:0x7fffffff  x1=0xffffffff
     412525.000 ns	     41251	80008764	0256ffb3	remu	x31,x13,x5	 x13:0x00000001  x5:0x00000001 x31=0x00000000
     412575.000 ns	     41256	80008768	00622ed3	fadd.s	f29,f4,f6	  f4:0x00000200  f6:0x80000000 f29=0x00000200
     412595.000 ns	     41258	8000876c	00fcd093	srli	x1,x25,0xf	 x25:0x00000000  x1=0x00000000
     412615.000 ns	     41260	80008770	20190c53	fsgnj.s	f24,f18,f1	 f18:0x00000000  f1:0x80000000 f24=0x80000000
     412635.000 ns	     41262	80008774	00d73233	sltu	x4,x14,x13	 x14:0x00000000 x13:0x00000001  x4=0x00000001
     412665.000 ns	     41265	80008778	118d7853	fmul.s	f16,f26,f24	 f26:0xc3160000 f24:0x80000000 f16=0x00000000
     412695.000 ns	     41268	8000877c	03874733	div	x14,x14,x24	 x14:0x00000000 x24:0x00000000 x14=0xffffffff
     412725.000 ns	     41271	80008780	f0008953	fmv.w.x	f18,x1	  x1:0x00000000 f18=0x00000000
     412765.000 ns	     41275	80008784	580772d3	fsqrt.s	f5,f14	 f14:0x00000000  f5=0x00000000
     412795.000 ns	     41278	80008788	c000fd53	fcvt.w.s	x26,f1	  f1:0x80000000 x26=0x00000000
     412815.000 ns	     41280	8000878c	3899b593	sltiu	x11,x19,905	 x19:0x00000000 x11=0x00000001
     412835.000 ns	     41282	80008790	2063a4d3	fsgnjx.s	f9,f7,f6	  f7:0x00000000  f6:0x80000000  f9=0x80000000
     412865.000 ns	     41285	80008794	02da3433	mulhu	x8,x20,x13	 x20:0x7fffffff x13:0x00000001  x8=0x00000000
     412885.000 ns	     41287	80008798	011dd493	srli	x9,x27,0x11	 x27:0x7fffffff  x9=0x00003fff
     412915.000 ns	     41290	8000879c	181e8a53	fdiv.s	f20,f29,f1	 f29:0x00000200  f1:0x80000000 f20=0xff800000
     412935.000 ns	     41292	800087a0	0000a433	slt	x8,x1,x0	  x1:0x00000000  x0:0x00000000  x8=0x00000000
     412955.000 ns	     41294	800087a4	e00807d3	fmv.x.w	x15,f16	 f16:0x00000000 x15=0x00000000
     412975.000 ns	     41296	800087a8	01610833	add	x16,x2,x22	  x2:0xed14be56 x22:0x00000000 x16=0xed14be56
     412995.000 ns	     41298	800087ac	216faed3	fsgnjx.s	f29,f31,f22	 f31:0x80000000 f22:0x00000000 f29=0x80000000
     413025.000 ns	     41301	800087b0	288b0c53	fmin.s	f24,f22,f8	 f22:0x00000000  f8:0xcefff7e0 f24=0xcefff7e0
     413045.000 ns	     41303	800087b4	44787f13	andi	x30,x16,1095	 x16:0xed14be56 x30=0x00000446
     413065.000 ns	     41305	800087b8	0335ce33	div	x28,x11,x19	 x11:0x00000001 x19:0x00000000 x28=0xffffffff
     413085.000 ns	     41307	800087bc	40765833	sra	x16,x12,x7	 x12:0x80040fe4  x7:0x000007d2 x16=0xffffe001
     413125.000 ns	     41311	800087c0	080646d3	fsub.s	f13,f12,f0	 f12:0x00000000  f0:0x80000000 f13=0x00000000
     413145.000 ns	     41313	800087c4	0152f5b3	and	x11,x5,x21	  x5:0x00000001 x21:0x0030c000 x11=0x00000000
     413155.000 ns	     41314	800087c8	76ecaf93	slti	x31,x25,1902	 x25:0x00000000 x31=0x00000001
     413165.000 ns	     41315	800087cc	42304213	xori	x4,x0,1059	  x0:0x00000000  x4=0x00000423
     413175.000 ns	     41316	800087d0	00000013	addi	x0,x0,0	  x0:0x00000000
     413535.000 ns	     41352	800087d4	035774b3	remu	x9,x14,x21	 x14:0xffffffff x21:0x0030c000  x9=0x000fffff
     413565.000 ns	     41355	800087d8	023f2233	mulhsu	x4,x30,x3	 x30:0x00000446  x3:0x7fffffff  x4=0x00000222
     413585.000 ns	     41357	800087dc	417484b3	sub	x9,x9,x23	  x9:0x000fffff x23:0x00000000  x9=0x000fffff
     413595.000 ns	     41358	800087e0	b3c0bd13	sltiu	x26,x1,-1220	  x1:0x00000000 x26=0x00000001
     413615.000 ns	     41360	800087e4	c0057cd3	fcvt.w.s	x25,f10	 f10:0x000007d2 x25=0x00000000
     413665.000 ns	     41365	800087e8	01b13cd3	fadd.s	f25,f2,f27	  f2:0x00000000 f27:0x7fc00000 f25=0x7fc00000
     413685.000 ns	     41367	800087ec	ebfd3c93	sltiu	x25,x26,-321	 x26:0x00000001 x25=0x00000001
     413705.000 ns	     41369	800087f0	03dc9533	mulh	x10,x25,x29	 x25:0x00000000 x29:0x80041024 x10=0xffffffff
     413735.000 ns	     41372	800087f4	201ca653	fsgnjx.s	f12,f25,f1	 f25:0x7fc00000  f1:0x80000000 f12=0xffc00000
     413755.000 ns	     41374	800087f8	01311f33	sll	x30,x2,x19	  x2:0xed14be56 x19:0x00000000 x30=0xed14be56
     413775.000 ns	     41376	800087fc	29c18dd3	fmin.s	f27,f3,f28	  f3:0xffffffff f28:0x7fffff6a f27=0x7fc00000
     413815.000 ns	     41380	80008800	1886fe53	fdiv.s	f28,f13,f8	 f13:0x00000000  f8:0xcefff7e0 f28=0x80000000
     413845.000 ns	     41383	80008804	a002a753	feq.s	x14,f5,f0	  f5:0x00000000  f0:0x80000000 x14=0x00000001
     413865.000 ns	     41385	80008808	013e9913	slli	x18,x29,0x13	 x29:0x80041024 x18=0x81200000
     413885.000 ns	     41387	8000880c	20be20d3	fsgnjx.s	f1,f28,f11	 f28:0x80000000 f11:0x00000000  f1=0x80000000
     413905.000 ns	     41389	80008810	9d98cc13	xori	x24,x17,-1575	 x17:0x00000000 x24=0xfffff9d9
     413915.000 ns	     41390	80008814	ccfb6a93	ori	x21,x22,-817	 x22:0x00000000 x21=0xfffffccf
     413935.000 ns	     41392	80008818	d01018d3	fcvt.s.wu	f17,x0	  x0:0x00000000 f17=0x00000000
     414305.000 ns	     41429	8000881c	038ffd33	remu	x26,x31,x24	 x31:0x00000001 x24:0xfffff9d9 x26=0x00000001
     414335.000 ns	     41432	80008820	03fe8fb3	mul	x31,x29,x31	 x29:0x80041024 x31:0x00000001 x31=0x80041024
     414355.000 ns	     41434	80008824	78898c13	addi	x24,x19,1928	 x19:0x00000000 x24=0x00000788
     414365.000 ns	     41435	80008828	015febb3	or	x23,x31,x21	 x31:0x80041024 x21:0xfffffccf x23=0xfffffcef
     414725.000 ns	     41471	8000882c	029470b3	remu	x1,x8,x9	  x8:0x00000000  x9:0x000fffff  x1=0x00000000
     414745.000 ns	     41473	80008830	0188cfb3	xor	x31,x17,x24	 x17:0x00000000 x24:0x00000788 x31=0x00000788
     414775.000 ns	     41476	80008834	580a1e53	fsqrt.s	f28,f20	 f20:0xff800000 f28=0x7fc00000
     414805.000 ns	     41479	80008838	a0039953	flt.s	x18,f7,f0	  f7:0x00000000  f0:0x80000000 x18=0x00000000
     414825.000 ns	     41481	8000883c	407057b3	sra	x15,x0,x7	  x0:0x00000000  x7:0x000007d2 x15=0x00000000
     414835.000 ns	     41482	80008840	0117d533	srl	x10,x15,x17	 x15:0x00000000 x17:0x00000000 x10=0x00000000
     414865.000 ns	     41485	80008844	184cc5d3	fdiv.s	f11,f25,f4	 f25:0x7fc00000  f4:0x00000200 f11=0x7fc00000
     414885.000 ns	     41487	80008848	003b7c33	and	x24,x22,x3	 x22:0x00000000  x3:0x7fffffff x24=0x00000000
     414895.000 ns	     41488	8000884c	017496b3	sll	x13,x9,x23	  x9:0x000fffff x23:0xfffffcef x13=0xffff8000
     414905.000 ns	     41489	80008850	0187d933	srl	x18,x15,x24	 x15:0x00000000 x24:0x00000788 x18=0x00000000
     414915.000 ns	     41490	80008854	407b04b3	sub	x9,x22,x7	 x22:0x00000000  x7:0x000007d2  x9=0xfffff82e
     414935.000 ns	     41492	80008858	037dac33	mulhsu	x24,x27,x23	 x27:0x7fffffff x23:0xfffffcef x24=0x7ffffe76
     414965.000 ns	     41495	8000885c	d00af953	fcvt.s.w	f18,x21	 x21:0xfffffccf f18=0xc44c4000
     414985.000 ns	     41497	80008860	000b5cb3	srl	x25,x22,x0	 x22:0x00000000  x0:0x00000000 x25=0x00000000
     414995.000 ns	     41498	80008864	5607b893	sltiu	x17,x15,1376	 x15:0x00000000 x17=0x00000001
     415015.000 ns	     41500	80008868	028939b3	mulhu	x19,x18,x8	 x18:0x00000000  x8:0x00000000 x19=0x00000000
     415045.000 ns	     41503	8000886c	a11c25d3	feq.s	x11,f24,f17	 f24:0xcefff7e0 f17:0x00000000 x11=0x00000000
     415065.000 ns	     41505	80008870	0064d913	srli	x18,x9,0x6	  x9:0xfffff82e x18=0x03ffffe0
     415085.000 ns	     41507	80008874	f00c8a53	fmv.w.x	f20,x25	 x25:0x00000000 f20=0x00000000
     415105.000 ns	     41509	80008878	405edb13	srai	x22,x29,0x5	 x29:0x80041024 x22=0xfc002081
     415125.000 ns	     41511	8000887c	c019c753	fcvt.wu.s	x14,f19	 f19:0x7fc00000 x14=0xffffffff
     415155.000 ns	     41514	80008880	d016fad3	fcvt.s.wu	f21,x13	 x13:0xffff8000 f21=0x4f7fff80
     415175.000 ns	     41516	80008884	007f8fb3	add	x31,x31,x7	 x31:0x00000788  x7:0x000007d2 x31=0x00000f5a
     415195.000 ns	     41518	80008888	292d1453	fmax.s	f8,f26,f18	 f26:0xc3160000 f18:0xc44c4000  f8=0xc3160000
     415225.000 ns	     41521	8000888c	e00f9fd3	fclass.s	x31,f31	 f31:0x80000000 x31=0x00000008
     415255.000 ns	     41524	80008890	e00b19d3	fclass.s	x19,f22	 f22:0x00000000 x19=0x00000010
     415275.000 ns	     41526	80008894	00d8cc33	xor	x24,x17,x13	 x17:0x00000001 x13:0xffff8000 x24=0xffff8001
     415635.000 ns	     41562	80008898	02da6233	rem	x4,x20,x13	 x20:0x7fffffff x13:0xffff8000  x4=0x00007fff
     415655.000 ns	     41564	8000889c	01a257b3	srl	x15,x4,x26	  x4:0x00000222 x26:0x00000001 x15=0x00003fff
     415665.000 ns	     41565	800088a0	503af593	andi	x11,x21,1283	 x21:0xfffffccf x11=0x00000403
     415685.000 ns	     41567	800088a4	e0039753	fclass.s	x14,f7	  f7:0x00000000 x14=0x00000010
     415715.000 ns	     41570	800088a8	28d20cd3	fmin.s	f25,f4,f13	  f4:0x00000200 f13:0x00000000 f25=0x00000000
     415755.000 ns	     41574	800088ac	58090553	fsqrt.s	f10,f18	 f18:0xc44c4000 f10=0x7fc00000
     415775.000 ns	     41576	800088b0	415f02b3	sub	x5,x30,x21	 x30:0xed14be56 x21:0xfffffccf  x5=0xed14c187
     415795.000 ns	     41578	800088b4	e00e0dd3	fmv.x.w	x27,f28	 f28:0x7fc00000 x27=0x7fc00000
     415825.000 ns	     41581	800088b8	02e231b3	mulhu	x3,x4,x14	  x4:0x00007fff x14:0x00000010  x3=0x00000000
     415855.000 ns	     41584	800088bc	294a8053	fmin.s	f0,f21,f20	 f21:0x4f7fff80 f20:0x00000000  f0=0x00000000
     416225.000 ns	     41621	800088c0	038e45b3	div	x11,x28,x24	 x28:0xffffffff x24:0xffff8001 x11=0x00000000
     416245.000 ns	     41623	800088c4	00ae9413	slli	x8,x29,0xa	 x29:0x80041024  x8=0x10409000
     416265.000 ns	     41625	800088c8	c0007853	fcvt.w.s	x16,f0	  f0:0x00000000 x16=0x00000000
     416285.000 ns	     41627	800088cc	513c4c13	xori	x24,x24,1299	 x24:0xffff8001 x24=0xffff8512
     416305.000 ns	     41629	800088d0	20c22153	fsgnjx.s	f2,f4,f12	  f4:0x00000200 f12:0xffc00000  f2=0x80000200
     416335.000 ns	     41632	800088d4	216aa0d3	fsgnjx.s	f1,f21,f22	 f21:0x4f7fff80 f22:0x00000000  f1=0x4f7fff80
     416365.000 ns	     41635	800088d8	f0040853	fmv.w.x	f16,x8	  x8:0x10409000 f16=0x10409000
     416385.000 ns	     41637	800088dc	005c54b3	srl	x9,x24,x5	 x24:0xffff8512  x5:0xed14c187  x9=0x01ffff0a
     416395.000 ns	     41638	800088e0	0026a333	slt	x6,x13,x2	 x13:0xffff8000  x2:0xed14be56  x6=0x00000000
     416405.000 ns	     41639	800088e4	00a65c33	srl	x24,x12,x10	 x12:0x80040fe4 x10:0x00000000 x24=0x80040fe4
     416425.000 ns	     41641	800088e8	a0cd9253	flt.s	x4,f27,f12	 f27:0x7fc00000 f12:0xffc00000  x4=0x00000000
     416455.000 ns	     41644	800088ec	20cf9153	fsgnjn.s	f2,f31,f12	 f31:0x80000000 f12:0xffc00000  f2=0x00000000
     416475.000 ns	     41646	800088f0	0189c0b3	xor	x1,x19,x24	 x19:0x00000010 x24:0x80040fe4  x1=0x80040ff4
     416485.000 ns	     41647	800088f4	00000013	addi	x0,x0,0	  x0:0x00000000
     416505.000 ns	     41649	800088f8	20bd13d3	fsgnjn.s	f7,f26,f11	 f26:0xc3160000 f11:0x7fc00000  f7=0xc3160000
     416525.000 ns	     41651	800088fc	405f5f93	srai	x31,x30,0x5	 x30:0xed14be56 x31=0xff68a5f2
     416535.000 ns	     41652	80008900	f03e7393	andi	x7,x28,-253	 x28:0xffffffff  x7=0xffffff03
     416895.000 ns	     41688	80008904	035848b3	div	x17,x16,x21	 x16:0x00000000 x21:0xfffffccf x17=0x00000000
     416915.000 ns	     41690	80008908	1e45a413	slti	x8,x11,484	 x11:0x00000000  x8=0x00000001
     416955.000 ns	     41694	8000890c	00ea22d3	fadd.s	f5,f20,f14	 f20:0x00000000 f14:0x00000000  f5=0x00000000
     416975.000 ns	     41696	80008910	0085e5b3	or	x11,x11,x8	 x11:0x00000000  x8:0x10409000 x11=0x00000001
     416985.000 ns	     41697	80008914	413483b3	sub	x7,x9,x19	  x9:0x01ffff0a x19:0x00000010  x7=0x01fffefa
     417005.000 ns	     41699	80008918	d01482d3	fcvt.s.wu	f5,x9	  x9:0x01ffff0a  f5=0x4bffff85
     417035.000 ns	     41702	8000891c	032a8933	mul	x18,x21,x18	 x21:0xfffffccf x18:0x03ffffe0 x18=0x3c006620
     417055.000 ns	     41704	80008920	00979393	slli	x7,x15,0x9	 x15:0x00003fff  x7=0x007ffe00
     417065.000 ns	     41705	80008924	01d625b3	slt	x11,x12,x29	 x12:0x80040fe4 x29:0x80041024 x11=0x00000001
     417095.000 ns	     41708	80008928	1015fed3	fmul.s	f29,f11,f1	 f11:0x7fc00000  f1:0x4f7fff80 f29=0x7fc00000
     417145.000 ns	     41713	8000892c	01e0f1d3	fadd.s	f3,f1,f30	  f1:0x4f7fff80 f30:0x00000000  f3=0x4f7fff80
     417165.000 ns	     41715	80008930	01515a33	srl	x20,x2,x21	  x2:0xed14be56 x21:0xfffffccf x20=0x0001da29
     417185.000 ns	     41717	80008934	029da0b3	mulhsu	x1,x27,x9	 x27:0x7fc00000  x9:0x01ffff0a  x1=0x00ff7f85
     417205.000 ns	     41719	80008938	001b0533	add	x10,x22,x1	 x22:0xfc002081  x1:0x80040ff4 x10=0xfcffa006
     417225.000 ns	     41721	8000893c	031008b3	mul	x17,x0,x17	  x0:0x00000000 x17:0x00000000 x17=0x00000000
     417255.000 ns	     41724	80008940	2145a753	fsgnjx.s	f14,f11,f20	 f11:0x7fc00000 f20:0x00000000 f14=0x7fc00000
     417285.000 ns	     41727	80008944	02413833	mulhu	x16,x2,x4	  x2:0xed14be56  x4:0x00000000 x16=0x00000000
     417305.000 ns	     41729	80008948	737472b7	lui	x5,0x73747	  x5=0x73747000
     417315.000 ns	     41730	8000894c	f2516413	ori	x8,x2,-219	  x2:0xed14be56  x8=0xffffff77
     417335.000 ns	     41732	80008950	d0090453	fcvt.s.w	f8,x18	 x18:0x3c006620  f8=0x4e700198
     417355.000 ns	     41734	80008954	00ba8a33	add	x20,x21,x11	 x21:0xfffffccf x11:0x00000001 x20=0xfffffcd0
     417375.000 ns	     41736	80008958	e00896d3	fclass.s	x13,f17	 f17:0x00000000 x13=0x00000010
     417405.000 ns	     41739	8000895c	034a8833	mul	x16,x21,x20	 x21:0xfffffccf x20:0x0001da29 x16=0x000a2c30
     417775.000 ns	     41776	80008960	037ce7b3	rem	x15,x25,x23	 x25:0x00000000 x23:0xfffffcef x15=0x00000000
     417805.000 ns	     41779	80008964	021232b3	mulhu	x5,x4,x1	  x4:0x00000000  x1:0x00ff7f85  x5=0x00000000
     417825.000 ns	     41781	80008968	41205213	srai	x4,x0,0x12	  x0:0x00000000  x4=0x00000000
     417835.000 ns	     41782	8000896c	005bd313	srli	x6,x23,0x5	 x23:0xfffffcef  x6=0x07ffffe7
     417845.000 ns	     41783	80008970	00b21c93	slli	x25,x4,0xb	  x4:0x00000000 x25=0x00000000
     418205.000 ns	     41819	80008974	02967db3	remu	x27,x12,x9	 x12:0x80040fe4  x9:0x01ffff0a x27=0x00044d64
     418235.000 ns	     41822	80008978	21398353	fsgnj.s	f6,f19,f19	 f19:0x7fc00000 f19:0x7fc00000  f6=0x7fc00000
     418255.000 ns	     41824	8000897c	98a86393	ori	x7,x16,-1654	 x16:0x000a2c30  x7=0xfffffdba
     418275.000 ns	     41826	80008980	02eea433	mulhsu	x8,x29,x14	 x29:0x80041024 x14:0x00000010  x8=0xfffffff8
     418295.000 ns	     41828	80008984	3156ad93	slti	x27,x13,789	 x13:0x00000010 x27=0x00000001
     418305.000 ns	     41829	80008988	401cdf33	sra	x30,x25,x1	 x25:0x00000000  x1:0x00ff7f85 x30=0x00000000
     418325.000 ns	     41831	8000898c	a0c49fd3	flt.s	x31,f9,f12	  f9:0x80000000 f12:0xffc00000 x31=0x00000000
     418345.000 ns	     41833	80008990	6cc22d93	slti	x27,x4,1740	  x4:0x00000000 x27=0x00000001
     418365.000 ns	     41835	80008994	e0020753	fmv.x.w	x14,f4	  f4:0x00000200 x14=0x00000200
     418735.000 ns	     41872	80008998	038a56b3	divu	x13,x20,x24	 x20:0xfffffcd0 x24:0x80040fe4 x13=0x00000001
     418755.000 ns	     41874	8000899c	00000013	addi	x0,x0,0	  x0:0x00000000
     418765.000 ns	     41875	800089a0	402a85b3	sub	x11,x21,x2	 x21:0xfffffccf  x2:0xed14be56 x11=0x12eb3e79
     418775.000 ns	     41876	800089a4	01121913	slli	x18,x4,0x11	  x4:0x00000000 x18=0x00000000
     418785.000 ns	     41877	800089a8	00579cb3	sll	x25,x15,x5	 x15:0x00000000  x5:0x00000000 x25=0x00000000
     418795.000 ns	     41878	800089ac	bd2be413	ori	x8,x23,-1070	 x23:0xfffffcef  x8=0xffffffff
     418815.000 ns	     41880	800089b0	03ee7733	remu	x14,x28,x30	 x28:0xffffffff x30:0x00000000 x14=0xffffffff
     418845.000 ns	     41883	800089b4	a0fc9753	flt.s	x14,f25,f15	 f25:0x00000000 f15:0x00000000 x14=0x00000000
     419215.000 ns	     41920	800089b8	02a76b33	rem	x22,x14,x10	 x14:0xffffffff x10:0xfcffa006 x22=0x00000000
     419245.000 ns	     41923	800089bc	f00c0c53	fmv.w.x	f24,x24	 x24:0x80040fe4 f24=0x80040fe4
     419275.000 ns	     41926	800089c0	e0010253	fmv.x.w	x4,f2	  f2:0x00000000  x4=0x00000000
     419295.000 ns	     41928	800089c4	00000013	addi	x0,x0,0	  x0:0x00000000
     419305.000 ns	     41929	800089c8	012ca4b3	slt	x9,x25,x18	 x25:0x00000000 x18:0x00000000  x9=0x00000000
     419345.000 ns	     41933	800089cc	082e76d3	fsub.s	f13,f28,f2	 f28:0x7fc00000  f2:0x00000000 f13=0x7fc00000
     419365.000 ns	     41935	800089d0	39f5c397	auipc	x7,0x39f5c	  x7=0xb9f649d0
     419385.000 ns	     41937	800089d4	e00f8d53	fmv.x.w	x26,f31	 f31:0x80000000 x26=0x80000000
     419405.000 ns	     41939	800089d8	b7cf6493	ori	x9,x30,-1156	 x30:0x00000000  x9=0xfffffb7c
     419425.000 ns	     41941	800089dc	02110033	mul	x0,x2,x1	  x2:0xed14be56  x1:0x00ff7f85
     419455.000 ns	     41944	800089e0	e0038a53	fmv.x.w	x20,f7	  f7:0xc3160000 x20=0xc3160000
     419475.000 ns	     41946	800089e4	019b62b3	or	x5,x22,x25	 x22:0x00000000 x25:0x00000000  x5=0x00000000
     419485.000 ns	     41947	800089e8	4863fa37	lui	x20,0x4863f	 x20=0x4863f000
     419515.000 ns	     41950	800089ec	580cb953	fsqrt.s	f18,f25	 f25:0x00000000 f18=0x00000000
     419545.000 ns	     41953	800089f0	e00c1dd3	fclass.s	x27,f24	 f24:0x80040fe4 x27=0x00000004
     419575.000 ns	     41956	800089f4	0235e8b3	rem	x17,x11,x3	 x11:0x12eb3e79  x3:0x00000000 x17=0x12eb3e79
     419595.000 ns	     41958	800089f8	41ed51b3	sra	x3,x26,x30	 x26:0x80000000 x30:0x00000000  x3=0x80000000
     419615.000 ns	     41960	800089fc	f00f8553	fmv.w.x	f10,x31	 x31:0x00000000 f10=0x00000000
     419645.000 ns	     41963	80008a00	206d98d3	fsgnjn.s	f17,f27,f6	 f27:0x7fc00000  f6:0x7fc00000 f17=0xffc00000
     419675.000 ns	     41966	80008a04	d0122153	fcvt.s.wu	f2,x4	  x4:0x00000000  f2=0x00000000
     419705.000 ns	     41969	80008a08	c001a0d3	fcvt.w.s	x1,f3	  f3:0x4f7fff80  x1=0x7fffffff
     419725.000 ns	     41971	80008a0c	40f0b013	sltiu	x0,x1,1039	  x1:0x00ff7f85
     419745.000 ns	     41973	80008a10	a06e2cd3	feq.s	x25,f28,f6	 f28:0x7fc00000  f6:0x7fc00000 x25=0x00000000
     419775.000 ns	     41976	80008a14	288f0f53	fmin.s	f30,f30,f8	 f30:0x00000000  f8:0x4e700198 f30=0x00000000
     419795.000 ns	     41978	80008a18	00e22933	slt	x18,x4,x14	  x4:0x00000000 x14:0x00000000 x18=0x00000000
     419805.000 ns	     41979	80008a1c	41e95737	lui	x14,0x41e95	 x14=0x41e95000
     419825.000 ns	     41981	80008a20	a0631953	flt.s	x18,f6,f6	  f6:0x7fc00000  f6:0x7fc00000 x18=0x00000000
     419845.000 ns	     41983	80008a24	01bf9213	slli	x4,x31,0x1b	 x31:0x00000000  x4=0x00000000
     419865.000 ns	     41985	80008a28	038c2033	mulhsu	x0,x24,x24	 x24:0x80040fe4 x24:0x80040fe4
     419895.000 ns	     41988	80008a2c	032eefb3	rem	x31,x29,x18	 x29:0x80041024 x18:0x00000000 x31=0x80041024
     419935.000 ns	     41992	80008a30	189ef253	fdiv.s	f4,f29,f9	 f29:0x7fc00000  f9:0x80000000  f4=0x7fc00000
     419965.000 ns	     41995	80008a34	d013f453	fcvt.s.wu	f8,x7	  x7:0xb9f649d0  f8=0x4f39f649
     419995.000 ns	     41998	80008a38	f0090fd3	fmv.w.x	f31,x18	 x18:0x00000000 f31=0x00000000
     420015.000 ns	     42000	80008a3c	012e62b3	or	x5,x28,x18	 x28:0xffffffff x18:0x00000000  x5=0xffffffff
     420055.000 ns	     42004	80008a40	01fa97d3	fadd.s	f15,f21,f31	 f21:0x4f7fff80 f31:0x00000000 f15=0x4f7fff80
     420095.000 ns	     42008	80008a44	10d27f53	fmul.s	f30,f4,f13	  f4:0x7fc00000 f13:0x7fc00000 f30=0x7fc00000
     420115.000 ns	     42010	80008a48	01eb4e13	xori	x28,x22,30	 x22:0x00000000 x28=0x0000001e
     420125.000 ns	     42011	80008a4c	00a6b9b3	sltu	x19,x13,x10	 x13:0x00000001 x10:0xfcffa006 x19=0x00000001
     420135.000 ns	     42012	80008a50	70330213	addi	x4,x6,1795	  x6:0x07ffffe7  x4=0x080006ea
     420145.000 ns	     42013	80008a54	017d5c93	srli	x25,x26,0x17	 x26:0x80000000 x25=0x00000100
     420165.000 ns	     42015	80008a58	28ca8053	fmin.s	f0,f21,f12	 f21:0x4f7fff80 f12:0xffc00000  f0=0x4f7fff80
     420195.000 ns	     42018	80008a5c	20f7aad3	fsgnjx.s	f21,f15,f15	 f15:0x4f7fff80 f15:0x4f7fff80 f21=0x4f7fff80
     420225.000 ns	     42021	80008a60	d001f953	fcvt.s.w	f18,x3	  x3:0x80000000 f18=0xcf000000
     420245.000 ns	     42023	80008a64	47d73393	sltiu	x7,x14,1149	 x14:0x41e95000  x7=0x00000000
     420255.000 ns	     42024	80008a68	003039b3	sltu	x19,x0,x3	  x0:0x00000000  x3:0x80000000 x19=0x00000001
     420275.000 ns	     42026	80008a6c	02b42a33	mulhsu	x20,x8,x11	  x8:0xffffffff x11:0x12eb3e79 x20=0xffffffff
     420315.000 ns	     42030	80008a70	1072fb53	fmul.s	f22,f5,f7	  f5:0x4bffff85  f7:0xc3160000 f22=0xcf95ffb8
     420345.000 ns	     42033	80008a74	f00a06d3	fmv.w.x	f13,x20	 x20:0xffffffff f13=0xffffffff
     420365.000 ns	     42035	80008a78	40985713	srai	x14,x16,0x9	 x16:0x000a2c30 x14=0x00000516
     420385.000 ns	     42037	80008a7c	038da7b3	mulhsu	x15,x27,x24	 x27:0x00000004 x24:0x80040fe4 x15=0x00000002
     420405.000 ns	     42039	80008a80	40a8d3b3	sra	x7,x17,x10	 x17:0x12eb3e79 x10:0xfcffa006  x7=0x004bacf9
     420415.000 ns	     42040	80008a84	400dd693	srai	x13,x27,0x0	 x27:0x00000004 x13=0x00000004
     420435.000 ns	     42042	80008a88	d0094053	fcvt.s.w	f0,x18	 x18:0x00000000  f0=0x00000000
     420475.000 ns	     42046	80008a8c	5806fcd3	fsqrt.s	f25,f13	 f13:0xffffffff f25=0x7fc00000
     420845.000 ns	     42083	80008a90	023df4b3	remu	x9,x27,x3	 x27:0x00000004  x3:0x80000000  x9=0x00000004
     420865.000 ns	     42085	80008a94	00000013	addi	x0,x0,0	  x0:0x00000000
     420885.000 ns	     42087	80008a98	c00b7bd3	fcvt.w.s	x23,f22	 f22:0xcf95ffb8 x23=0x80000000
     420915.000 ns	     42090	80008a9c	d01972d3	fcvt.s.wu	f5,x18	 x18:0x00000000  f5=0x00000000
     421285.000 ns	     42127	80008aa0	034fc6b3	div	x13,x31,x20	 x31:0x80041024 x20:0xffffffff x13=0x7ffbefdc
     421315.000 ns	     42130	80008aa4	02841fb3	mulh	x31,x8,x8	  x8:0xffffffff  x8:0xffffffff x31=0x00000000
     421335.000 ns	     42132	80008aa8	954ae413	ori	x8,x21,-1708	 x21:0xfffffccf  x8=0xfffffddf
     421345.000 ns	     42133	80008aac	00758033	add	x0,x11,x7	 x11:0x12eb3e79  x7:0x004bacf9
     421355.000 ns	     42134	80008ab0	0164b9b3	sltu	x19,x9,x22	  x9:0x00000004 x22:0x00000000 x19=0x00000000
     421375.000 ns	     42136	80008ab4	a0251553	flt.s	x10,f10,f2	 f10:0x00000000  f2:0x00000000 x10=0x00000000
     421405.000 ns	     42139	80008ab8	20942e53	fsgnjx.s	f28,f8,f9	  f8:0x4f39f649  f9:0x80000000 f28=0xcf39f649
     421425.000 ns	     42141	80008abc	00000013	addi	x0,x0,0	  x0:0x00000000
     421445.000 ns	     42143	80008ac0	29df0353	fmin.s	f6,f30,f29	 f30:0x7fc00000 f29:0x7fc00000  f6=0x7fc00000
     421465.000 ns	     42145	80008ac4	00000013	addi	x0,x0,0	  x0:0x00000000
     421485.000 ns	     42147	80008ac8	d00bf453	fcvt.s.w	f8,x23	 x23:0x80000000  f8=0xcf000000
     421535.000 ns	     42152	80008acc	09a39053	fsub.s	f0,f7,f26	  f7:0xc3160000 f26:0xc3160000  f0=0x00000000
     421565.000 ns	     42155	80008ad0	a0348853	fle.s	x16,f9,f3	  f9:0x80000000  f3:0x4f7fff80 x16=0x00000001
     421585.000 ns	     42157	80008ad4	00000013	addi	x0,x0,0	  x0:0x00000000
     421605.000 ns	     42159	80008ad8	0398b2b3	mulhu	x5,x17,x25	 x17:0x12eb3e79 x25:0x00000100  x5=0x00000012
     421625.000 ns	     42161	80008adc	000ce933	or	x18,x25,x0	 x25:0x00000100  x0:0x00000000 x18=0x00000100
     421645.000 ns	     42163	80008ae0	d0067fd3	fcvt.s.w	f31,x12	 x12:0x80040fe4 f31=0xcefff7e0
     421685.000 ns	     42167	80008ae4	580276d3	fsqrt.s	f13,f4	  f4:0x7fc00000 f13=0x7fc00000
     421705.000 ns	     42169	80008ae8	00000013	addi	x0,x0,0	  x0:0x00000000
     421715.000 ns	     42170	80008aec	96e59597	auipc	x11,0x96e59	 x11=0x16e61aec
     421735.000 ns	     42172	80008af0	d004fb53	fcvt.s.w	f22,x9	  x9:0x00000004 f22=0x40800000
     421765.000 ns	     42175	80008af4	f0028cd3	fmv.w.x	f25,x5	  x5:0x00000012 f25=0x00000012
     421795.000 ns	     42178	80008af8	d0027cd3	fcvt.s.w	f25,x4	  x4:0x080006ea f25=0x4d00006e
     421825.000 ns	     42181	80008afc	c001fcd3	fcvt.w.s	x25,f3	  f3:0x4f7fff80 x25=0x7fffffff
     421845.000 ns	     42183	80008b00	aa69d517	auipc	x10,0xaa69d	 x10=0x2a6a5b00
     421865.000 ns	     42185	80008b04	a1c82f53	feq.s	x30,f16,f28	 f16:0x10409000 f28:0xcf39f649 x30=0x00000000
     421885.000 ns	     42187	80008b08	01bfbf33	sltu	x30,x31,x27	 x31:0x00000000 x27:0x00000004 x30=0x00000001
     421895.000 ns	     42188	80008b0c	00d45533	srl	x10,x8,x13	  x8:0xfffffddf x13:0x7ffbefdc x10=0x0000000f
     421925.000 ns	     42191	80008b10	102dfc53	fmul.s	f24,f27,f2	 f27:0x7fc00000  f2:0x00000000 f24=0x7fc00000
     421955.000 ns	     42194	80008b14	d0197f53	fcvt.s.wu	f30,x18	 x18:0x00000100 f30=0x43800000
     421985.000 ns	     42197	80008b18	d004add3	fcvt.s.w	f27,x9	  x9:0x00000004 f27=0x40800000
     422015.000 ns	     42200	80008b1c	03968733	mul	x14,x13,x25	 x13:0x7ffbefdc x25:0x7fffffff x14=0x80041024
     422035.000 ns	     42202	80008b20	00c39393	slli	x7,x7,0xc	  x7:0x004bacf9  x7=0xbacf9000
     422395.000 ns	     42238	80008b24	0370d1b3	divu	x3,x1,x23	  x1:0x7fffffff x23:0x80000000  x3=0x00000000
     422765.000 ns	     42275	80008b28	03d7fb33	remu	x22,x15,x29	 x15:0x00000002 x29:0x80041024 x22=0x00000002
     422795.000 ns	     42278	80008b2c	20310c53	fsgnj.s	f24,f2,f3	  f2:0x00000000  f3:0x4f7fff80 f24=0x00000000
     422825.000 ns	     42281	80008b30	e00a18d3	fclass.s	x17,f20	 f20:0x00000000 x17=0x00000010
     422845.000 ns	     42283	80008b34	c3652a13	slti	x20,x10,-970	 x10:0x0000000f x20=0x00000000
     422865.000 ns	     42285	80008b38	e0060553	fmv.x.w	x10,f12	 f12:0xffc00000 x10=0xffc00000
     422895.000 ns	     42288	80008b3c	022581b3	mul	x3,x11,x2	 x11:0x16e61aec  x2:0xed14be56  x3=0x0fb83348
     422915.000 ns	     42290	80008b40	67836393	ori	x7,x6,1656	  x6:0x07ffffe7  x7=0x07ffffff
     422935.000 ns	     42292	80008b44	21769953	fsgnjn.s	f18,f13,f23	 f13:0x7fc00000 f23:0x7fc00000 f18=0xffc00000
     422955.000 ns	     42294	80008b48	011322b3	slt	x5,x6,x17	  x6:0x07ffffe7 x17:0x00000010  x5=0x00000000
     422965.000 ns	     42295	80008b4c	01ff75b3	and	x11,x30,x31	 x30:0x00000001 x31:0x00000000 x11=0x00000000
     422985.000 ns	     42297	80008b50	200287d3	fsgnj.s	f15,f5,f0	  f5:0x00000000  f0:0x00000000 f15=0x00000000
     423015.000 ns	     42300	80008b54	c0113cd3	fcvt.wu.s	x25,f2	  f2:0x00000000 x25=0x00000000
     423045.000 ns	     42303	80008b58	21b02b53	fsgnjx.s	f22,f0,f27	  f0:0x00000000 f27:0x40800000 f22=0x00000000
     423075.000 ns	     42306	80008b5c	d016fa53	fcvt.s.wu	f20,x13	 x13:0x7ffbefdc f20=0x4efff7df
     423105.000 ns	     42309	80008b60	c00fb5d3	fcvt.w.s	x11,f31	 f31:0xcefff7e0 x11=0x80041000
     423125.000 ns	     42311	80008b64	001cd413	srli	x8,x25,0x1	 x25:0x00000000  x8=0x00000000
     423135.000 ns	     42312	80008b68	01feb533	sltu	x10,x29,x31	 x29:0x80041024 x31:0x00000000 x10=0x00000000
     423165.000 ns	     42315	80008b6c	105a7153	fmul.s	f2,f20,f5	 f20:0x4efff7df  f5:0x00000000  f2=0x00000000
     423215.000 ns	     42320	80008b70	0016cdd3	fadd.s	f27,f13,f1	 f13:0x7fc00000  f1:0x4f7fff80 f27=0x7fc00000
     423235.000 ns	     42322	80008b74	ce434313	xori	x6,x6,-796	  x6:0x07ffffe7  x6=0xf8000303
     423255.000 ns	     42324	80008b78	d006cc53	fcvt.s.w	f24,x13	 x13:0x7ffbefdc f24=0x4efff7e0
     423275.000 ns	     42326	80008b7c	00cf44b3	xor	x9,x30,x12	 x30:0x00000001 x12:0x80040fe4  x9=0x80040fe5
     423285.000 ns	     42327	80008b80	01b12a33	slt	x20,x2,x27	  x2:0xed14be56 x27:0x00000004 x20=0x00000001
     423305.000 ns	     42329	80008b84	21bb9ad3	fsgnjn.s	f21,f23,f27	 f23:0x7fc00000 f27:0x7fc00000 f21=0xffc00000
     423325.000 ns	     42331	80008b88	d76ae693	ori	x13,x21,-650	 x21:0xfffffccf x13=0xfffffdff
     423355.000 ns	     42334	80008b8c	102f8853	fmul.s	f16,f31,f2	 f31:0xcefff7e0  f2:0x00000000 f16=0x80000000
     423385.000 ns	     42337	80008b90	a18fa953	feq.s	x18,f31,f24	 f31:0xcefff7e0 f24:0x4efff7e0 x18=0x00000000
     423405.000 ns	     42339	80008b94	3c680a93	addi	x21,x16,966	 x16:0x00000001 x21=0x000003c7
     423415.000 ns	     42340	80008b98	406b56b3	sra	x13,x22,x6	 x22:0x00000002  x6:0xf8000303 x13=0x00000000
     423435.000 ns	     42342	80008b9c	28e48e53	fmin.s	f28,f9,f14	  f9:0x80000000 f14:0x7fc00000 f28=0x80000000
     423455.000 ns	     42344	80008ba0	019cf733	and	x14,x25,x25	 x25:0x00000000 x25:0x00000000 x14=0x00000000
     423465.000 ns	     42345	80008ba4	0189a4b3	slt	x9,x19,x24	 x19:0x00000000 x24:0x80040fe4  x9=0x00000000
     423495.000 ns	     42348	80008ba8	184aff53	fdiv.s	f30,f21,f4	 f21:0xffc00000  f4:0x7fc00000 f30=0x7fc00000
     423525.000 ns	     42351	80008bac	282d9cd3	fmax.s	f25,f27,f2	 f27:0x7fc00000  f2:0x00000000 f25=0x00000000
     423545.000 ns	     42353	80008bb0	00b8d4b3	srl	x9,x17,x11	 x17:0x00000010 x11:0x80041000  x9=0x00000010
     423565.000 ns	     42355	80008bb4	02e7ebb3	rem	x23,x15,x14	 x15:0x00000002 x14:0x00000000 x23=0x00000002
     423585.000 ns	     42357	80008bb8	fa447f13	andi	x30,x8,-92	  x8:0x00000000 x30=0x00000000
     423595.000 ns	     42358	80008bbc	00e192b3	sll	x5,x3,x14	  x3:0x0fb83348 x14:0x00000000  x5=0x0fb83348
     423615.000 ns	     42360	80008bc0	f0098c53	fmv.w.x	f24,x19	 x19:0x00000000 f24=0x00000000
     423635.000 ns	     42362	80008bc4	93e9b913	sltiu	x18,x19,-1730	 x19:0x00000000 x18=0x00000001
     423655.000 ns	     42364	80008bc8	20fe85d3	fsgnj.s	f11,f29,f15	 f29:0x7fc00000 f15:0x00000000 f11=0x7fc00000
     423675.000 ns	     42366	80008bcc	5aba5597	auipc	x11,0x5aba5	 x11=0xdabadbcc
     423685.000 ns	     42367	80008bd0	017e81b3	add	x3,x29,x23	 x29:0x80041024 x23:0x00000002  x3=0x80041026
     423705.000 ns	     42369	80008bd4	285c05d3	fmin.s	f11,f24,f5	 f24:0x00000000  f5:0x00000000 f11=0x00000000
     423725.000 ns	     42371	80008bd8	41235813	srai	x16,x6,0x12	  x6:0xf8000303 x16=0xfffffe00
     423745.000 ns	     42373	80008bdc	02c51733	mulh	x14,x10,x12	 x10:0x00000000 x12:0x80040fe4 x14=0x00000000
     423775.000 ns	     42376	80008be0	03248a33	mul	x20,x9,x18	  x9:0x00000010 x18:0x00000001 x20=0x00000010
     423795.000 ns	     42378	80008be4	dce3e293	ori	x5,x7,-562	  x7:0x07ffffff  x5=0xffffffff
     423805.000 ns	     42379	80008be8	00083d33	sltu	x26,x16,x0	 x16:0xfffffe00  x0:0x00000000 x26=0x00000000
     423825.000 ns	     42381	80008bec	a04f2053	feq.s	x0,f30,f4	 f30:0x7fc00000  f4:0x7fc00000
     423845.000 ns	     42383	80008bf0	0050d933	srl	x18,x1,x5	  x1:0x7fffffff  x5:0xffffffff x18=0x00000000
     423855.000 ns	     42384	80008bf4	3923a193	slti	x3,x7,914	  x7:0x07ffffff  x3=0x00000000
     424215.000 ns	     42420	80008bf8	024dd0b3	divu	x1,x27,x4	 x27:0x00000004  x4:0x080006ea  x1=0x00000000
     424245.000 ns	     42423	80008bfc	02a0b0b3	mulhu	x1,x1,x10	  x1:0x7fffffff x10:0x00000000  x1=0x00000000
     424295.000 ns	     42428	80008c00	0021c7d3	fadd.s	f15,f3,f2	  f3:0x4f7fff80  f2:0x00000000 f15=0x4f7fff80
     424325.000 ns	     42431	80008c04	02afed33	rem	x26,x31,x10	 x31:0x00000000 x10:0x00000000 x26=0x00000000
     424345.000 ns	     42433	80008c08	00d5b333	sltu	x6,x11,x13	 x11:0xdabadbcc x13:0x00000000  x6=0x00000000
     424355.000 ns	     42434	80008c0c	40a65b13	srai	x22,x12,0xa	 x12:0x80040fe4 x22=0xffe00103
     424365.000 ns	     42435	80008c10	016121b3	slt	x3,x2,x22	  x2:0xed14be56 x22:0x00000002  x3=0x00000001
     424385.000 ns	     42437	80008c14	d00278d3	fcvt.s.w	f17,x4	  x4:0x080006ea f17=0x4d00006e
     424415.000 ns	     42440	80008c18	f0048e53	fmv.w.x	f28,x9	  x9:0x00000010 f28=0x00000010
     424445.000 ns	     42443	80008c1c	299b1f53	fmax.s	f30,f22,f25	 f22:0x00000000 f25:0x00000000 f30=0x00000000
     424465.000 ns	     42445	80008c20	0062bbb3	sltu	x23,x5,x6	  x5:0xffffffff  x6:0x00000000 x23=0x00000000
     424475.000 ns	     42446	80008c24	011986b3	add	x13,x19,x17	 x19:0x00000000 x17:0x00000010 x13=0x00000010
     424485.000 ns	     42447	80008c28	5c538fb7	lui	x31,0x5c538	 x31=0x5c538000
     424495.000 ns	     42448	80008c2c	f7147213	andi	x4,x8,-143	  x8:0x00000000  x4=0x00000000
     424515.000 ns	     42450	80008c30	03729bb3	mulh	x23,x5,x23	  x5:0xffffffff x23:0x00000000 x23=0x00000000
     424535.000 ns	     42452	80008c34	f2950393	addi	x7,x10,-215	 x10:0x00000000  x7=0xffffff29
     424545.000 ns	     42453	80008c38	00ede433	or	x8,x27,x14	 x27:0x00000004 x14:0x00000000  x8=0x00000004
     424555.000 ns	     42454	80008c3c	018f1b33	sll	x22,x30,x24	 x30:0x00000000 x24:0x80040fe4 x22=0x00000000
     424565.000 ns	     42455	80008c40	004c7813	andi	x16,x24,4	 x24:0x80040fe4 x16=0x00000004
     424585.000 ns	     42457	80008c44	210da8d3	fsgnjx.s	f17,f27,f16	 f27:0x7fc00000 f16:0x80000000 f17=0xffc00000
     424605.000 ns	     42459	80008c48	0125b5b3	sltu	x11,x11,x18	 x11:0xdabadbcc x18:0x00000000 x11=0x00000000
     424635.000 ns	     42462	80008c4c	18e1f653	fdiv.s	f12,f3,f14	  f3:0x4f7fff80 f14:0x7fc00000 f12=0x7fc00000
     424665.000 ns	     42465	80008c50	a18019d3	flt.s	x19,f0,f24	  f0:0x00000000 f24:0x00000000 x19=0x00000000
     424695.000 ns	     42468	80008c54	c018b5d3	fcvt.wu.s	x11,f17	 f17:0xffc00000 x11=0xffffffff
     424715.000 ns	     42470	80008c58	016945b3	xor	x11,x18,x22	 x18:0x00000000 x22:0x00000000 x11=0x00000000
     424725.000 ns	     42471	80008c5c	017c0bb3	add	x23,x24,x23	 x24:0x80040fe4 x23:0x00000000 x23=0x80040fe4
     424745.000 ns	     42473	80008c60	29bf0753	fmin.s	f14,f30,f27	 f30:0x00000000 f27:0x7fc00000 f14=0x00000000
     424775.000 ns	     42476	80008c64	03172c33	mulhsu	x24,x14,x17	 x14:0x00000000 x17:0x00000010 x24=0x00000000
     424805.000 ns	     42479	80008c68	e0068853	fmv.x.w	x16,f13	 f13:0x7fc00000 x16=0x7fc00000
     424835.000 ns	     42482	80008c6c	28eb90d3	fmax.s	f1,f23,f14	 f23:0x7fc00000 f14:0x00000000  f1=0x00000000
     424865.000 ns	     42485	80008c70	211782d3	fsgnj.s	f5,f15,f17	 f15:0x4f7fff80 f17:0xffc00000  f5=0xcf7fff80
     424885.000 ns	     42487	80008c74	1d01b537	lui	x10,0x1d01b	 x10=0x1d01b000
     426055.000 ns	     42604	80008c78	5801f053	fsqrt.s	f0,f3	  f3:0x4f7fff80  f0=0x47350408
     426425.000 ns	     42641	80008c7c	02fe72b3	remu	x5,x28,x15	 x28:0x0000001e x15:0x00000002  x5=0x00000000
     426445.000 ns	     42643	80008c80	01525cb3	srl	x25,x4,x21	  x4:0x00000000 x21:0x000003c7 x25=0x00000000
     426465.000 ns	     42645	80008c84	d01bf353	fcvt.s.wu	f6,x23	 x23:0x80040fe4  f6=0x4f00040f
     426485.000 ns	     42647	80008c88	01015933	srl	x18,x2,x16	  x2:0xed14be56 x16:0x7fc00000 x18=0xed14be56
     426495.000 ns	     42648	80008c8c	01034ab3	xor	x21,x6,x16	  x6:0x00000000 x16:0x7fc00000 x21=0x7fc00000
     426515.000 ns	     42650	80008c90	a1b309d3	fle.s	x19,f6,f27	  f6:0x4f00040f f27:0x7fc00000 x19=0x00000000
     426545.000 ns	     42653	80008c94	a0f7a4d3	feq.s	x9,f15,f15	 f15:0x4f7fff80 f15:0x4f7fff80  x9=0x00000001
     426575.000 ns	     42656	80008c98	0245bab3	mulhu	x21,x11,x4	 x11:0x00000000  x4:0x00000000 x21=0x00000000
     426595.000 ns	     42658	80008c9c	ce78b313	sltiu	x6,x17,-793	 x17:0x00000010  x6=0x00000001
     426615.000 ns	     42660	80008ca0	21650e53	fsgnj.s	f28,f10,f22	 f10:0x00000000 f22:0x00000000 f28=0x00000000
     426635.000 ns	     42662	80008ca4	48b5dc37	lui	x24,0x48b5d	 x24=0x48b5d000
     426665.000 ns	     42665	80008ca8	580cf453	fsqrt.s	f8,f25	 f25:0x00000000  f8=0x00000000
     426705.000 ns	     42669	80008cac	11f69b53	fmul.s	f22,f13,f31	 f13:0x7fc00000 f31:0xcefff7e0 f22=0x7fc00000
     426735.000 ns	     42672	80008cb0	f00c88d3	fmv.w.x	f17,x25	 x25:0x00000000 f17=0x00000000
     426765.000 ns	     42675	80008cb4	029b06b3	mul	x13,x22,x9	 x22:0x00000000  x9:0x00000001 x13=0x00000000
     426805.000 ns	     42679	80008cb8	11959153	fmul.s	f2,f11,f25	 f11:0x00000000 f25:0x00000000  f2=0x00000000
     427175.000 ns	     42716	80008cbc	022b68b3	rem	x17,x22,x2	 x22:0x00000000  x2:0xed14be56 x17=0x00000000
     427195.000 ns	     42718	80008cc0	9f7cf093	andi	x1,x25,-1545	 x25:0x00000000  x1=0x00000000
     427215.000 ns	     42720	80008cc4	03472933	mulhsu	x18,x14,x20	 x14:0x00000000 x20:0x00000010 x18=0x00000000
     427245.000 ns	     42723	80008cc8	0386bdb3	mulhu	x27,x13,x24	 x13:0x00000000 x24:0x48b5d000 x27=0x00000000
     427265.000 ns	     42725	80008ccc	0117ddb3	srl	x27,x15,x17	 x15:0x00000002 x17:0x00000000 x27=0x00000002
     427275.000 ns	     42726	80008cd0	00ca1513	slli	x10,x20,0xc	 x20:0x00000010 x10=0x00010000
     427285.000 ns	     42727	80008cd4	00308fb3	add	x31,x1,x3	  x1:0x00000000  x3:0x00000001 x31=0x00000001
     427295.000 ns	     42728	80008cd8	00000013	addi	x0,x0,0	  x0:0x00000000
     427315.000 ns	     42730	80008cdc	e00f04d3	fmv.x.w	x9,f30	 f30:0x00000000  x9=0x00000000
     427345.000 ns	     42733	80008ce0	02519c33	mulh	x24,x3,x5	  x3:0x00000001  x5:0x00000000 x24=0x00000000
     427365.000 ns	     42735	80008ce4	ada8a913	slti	x18,x17,-1318	 x17:0x00000000 x18=0x00000000
     428535.000 ns	     42852	80008ce8	58007453	fsqrt.s	f8,f0	  f0:0x47350408  f8=0x42fffe78
     428565.000 ns	     42855	80008cec	02890b33	mul	x22,x18,x8	 x18:0x00000000  x8:0x00000004 x22=0x00000000
     428585.000 ns	     42857	80008cf0	017c3a33	sltu	x20,x24,x23	 x24:0x00000000 x23:0x80040fe4 x20=0x00000001
     428615.000 ns	     42860	80008cf4	10397653	fmul.s	f12,f18,f3	 f18:0xffc00000  f3:0x4f7fff80 f12=0x7fc00000
     428635.000 ns	     42862	80008cf8	09a93f93	sltiu	x31,x18,154	 x18:0x00000000 x31=0x00000001
     428645.000 ns	     42863	80008cfc	0126b4b3	sltu	x9,x13,x18	 x13:0x00000000 x18:0x00000000  x9=0x00000000
     428655.000 ns	     42864	80008d00	6225e913	ori	x18,x11,1570	 x11:0x00000000 x18=0x00000622
     428675.000 ns	     42866	80008d04	202a28d3	fsgnjx.s	f17,f20,f2	 f20:0x4efff7df  f2:0x00000000 f17=0x4efff7df
     428705.000 ns	     42869	80008d08	28580cd3	fmin.s	f25,f16,f5	 f16:0x80000000  f5:0xcf7fff80 f25=0xcf7fff80
     428735.000 ns	     42872	80008d0c	0399d0b3	divu	x1,x19,x25	 x19:0x00000000 x25:0x00000000  x1=0xffffffff
     428755.000 ns	     42874	80008d10	01936933	or	x18,x6,x25	  x6:0x00000001 x25:0x00000000 x18=0x00000001
     428775.000 ns	     42876	80008d14	a1f08253	fle.s	x4,f1,f31	  f1:0x00000000 f31:0xcefff7e0  x4=0x00000000
     428825.000 ns	     42881	80008d18	01af8853	fadd.s	f16,f31,f26	 f31:0xcefff7e0 f26:0xc3160000 f16=0xcefff7e1
     428855.000 ns	     42884	80008d1c	032986b3	mul	x13,x19,x18	 x19:0x00000000 x18:0x00000001 x13=0x00000000
     428875.000 ns	     42886	80008d20	3d40a493	slti	x9,x1,980	  x1:0xffffffff  x9=0x00000001
     428895.000 ns	     42888	80008d24	d01bfed3	fcvt.s.wu	f29,x23	 x23:0x80040fe4 f29=0x4f00040f
     428925.000 ns	     42891	80008d28	d019f453	fcvt.s.wu	f8,x19	 x19:0x00000000  f8=0x00000000
     428945.000 ns	     42893	80008d2c	01595a93	srli	x21,x18,0x15	 x18:0x00000001 x21=0x00000000
     428965.000 ns	     42895	80008d30	035fa333	mulhsu	x6,x31,x21	 x31:0x00000001 x21:0x00000000  x6=0x00000000
     428995.000 ns	     42898	80008d34	208e8ed3	fsgnj.s	f29,f29,f8	 f29:0x4f00040f  f8:0x00000000 f29=0x4f00040f
     429015.000 ns	     42900	80008d38	a0d07893	andi	x17,x0,-1523	  x0:0x00000000 x17=0x00000000
     429035.000 ns	     42902	80008d3c	03111233	mulh	x4,x2,x17	  x2:0xed14be56 x17:0x00000000  x4=0x00000000
     429065.000 ns	     42905	80008d40	d00c7f53	fcvt.s.w	f30,x24	 x24:0x00000000 f30=0x00000000
     429095.000 ns	     42908	80008d44	c018f6d3	fcvt.wu.s	x13,f17	 f17:0x4efff7df x13=0x7ffbef80
     429115.000 ns	     42910	80008d48	00a59893	slli	x17,x11,0xa	 x11:0x00000000 x17=0x00000000
     429135.000 ns	     42912	80008d4c	027c23b3	mulhsu	x7,x24,x7	 x24:0x00000000  x7:0xffffff29  x7=0x00000000
     429165.000 ns	     42915	80008d50	026791b3	mulh	x3,x15,x6	 x15:0x00000002  x6:0x00000000  x3=0x00000000
     429185.000 ns	     42917	80008d54	00f71093	slli	x1,x14,0xf	 x14:0x00000000  x1=0x00000000
     429195.000 ns	     42918	80008d58	413dde33	sra	x28,x27,x19	 x27:0x00000002 x19:0x00000000 x28=0x00000002
     429205.000 ns	     42919	80008d5c	ecbd0693	addi	x13,x26,-309	 x26:0x00000000 x13=0xfffffecb
     429215.000 ns	     42920	80008d60	00258db3	add	x27,x11,x2	 x11:0x00000000  x2:0xed14be56 x27=0xed14be56
     429225.000 ns	     42921	80008d64	0b832a93	slti	x21,x6,184	  x6:0x00000000 x21=0x00000001
     429245.000 ns	     42923	80008d68	036eb3b3	mulhu	x7,x29,x22	 x29:0x80041024 x22:0x00000000  x7=0x00000000
     429265.000 ns	     42925	80008d6c	012d07b3	add	x15,x26,x18	 x26:0x00000000 x18:0x00000001 x15=0x00000001
     429275.000 ns	     42926	80008d70	4e253493	sltiu	x9,x10,1250	 x10:0x00010000  x9=0x00000000
     430445.000 ns	     43043	80008d74	5801fe53	fsqrt.s	f28,f3	  f3:0x4f7fff80 f28=0x47350408
     430465.000 ns	     43045	80008d78	29266f93	ori	x31,x12,658	 x12:0x80040fe4 x31=0x80040ff6
     430485.000 ns	     43047	80008d7c	02108cb3	mul	x25,x1,x1	  x1:0x00000000  x1:0x00000000 x25=0x00000000
     430515.000 ns	     43050	80008d80	02a52f33	mulhsu	x30,x10,x10	 x10:0x00010000 x10:0x00010000 x30=0x00000001
     430535.000 ns	     43052	80008d84	00e79c13	slli	x24,x15,0xe	 x15:0x00000001 x24=0x00004000
     430545.000 ns	     43053	80008d88	00f2cd33	xor	x26,x5,x15	  x5:0x00000000 x15:0x00000001 x26=0x00000001
     430555.000 ns	     43054	80008d8c	41e808b3	sub	x17,x16,x30	 x16:0x7fc00000 x30:0x00000001 x17=0x7fbfffff
     430565.000 ns	     43055	80008d90	00d1ffb3	and	x31,x3,x13	  x3:0x00000000 x13:0xfffffecb x31=0x00000000
     430575.000 ns	     43056	80008d94	e7d08317	auipc	x6,0xe7d08	  x6=0x67d10d94
     430585.000 ns	     43057	80008d98	a95f3393	sltiu	x7,x30,-1387	 x30:0x00000001  x7=0x00000001
     430605.000 ns	     43059	80008d9c	02bf3db3	mulhu	x27,x30,x11	 x30:0x00000001 x11:0x00000000 x27=0x00000000
     430635.000 ns	     43062	80008da0	28ba1f53	fmax.s	f30,f20,f11	 f20:0x4efff7df f11:0x00000000 f30=0x4efff7df
     430655.000 ns	     43064	80008da4	1fd6eb93	ori	x23,x13,509	 x13:0xfffffecb x23=0xffffffff
     430675.000 ns	     43066	80008da8	298a98d3	fmax.s	f17,f21,f24	 f21:0xffc00000 f24:0x00000000 f17=0x00000000
     430715.000 ns	     43070	80008dac	191dff53	fdiv.s	f30,f27,f17	 f27:0x7fc00000 f17:0x4efff7df f30=0x7fc00000
     430735.000 ns	     43072	80008db0	010adf33	srl	x30,x21,x16	 x21:0x00000001 x16:0x7fc00000 x30=0x00000001
     430755.000 ns	     43074	80008db4	029bdab3	divu	x21,x23,x9	 x23:0xffffffff  x9:0x00000000 x21=0xffffffff
     430785.000 ns	     43077	80008db8	a1b22d53	feq.s	x26,f4,f27	  f4:0x7fc00000 f27:0x7fc00000 x26=0x00000000
     430815.000 ns	     43080	80008dbc	c01748d3	fcvt.wu.s	x17,f14	 f14:0x00000000 x17=0x00000000
     430835.000 ns	     43082	80008dc0	00000013	addi	x0,x0,0	  x0:0x00000000
     430845.000 ns	     43083	80008dc4	005cf9b3	and	x19,x25,x5	 x25:0x00000000  x5:0x00000000 x19=0x00000000
     430865.000 ns	     43085	80008dc8	d00824d3	fcvt.s.w	f9,x16	 x16:0x7fc00000  f9=0x4eff8000
     430885.000 ns	     43087	80008dcc	9d144f37	lui	x30,0x9d144	 x30=0x9d144000
     430905.000 ns	     43089	80008dd0	03b1c3b3	div	x7,x3,x27	  x3:0x00000000 x27:0x00000000  x7=0xffffffff
     430925.000 ns	     43091	80008dd4	7563b713	sltiu	x14,x7,1878	  x7:0x00000001 x14=0x00000000
     430935.000 ns	     43092	80008dd8	00529a33	sll	x20,x5,x5	  x5:0x00000000  x5:0x00000000 x20=0x00000000
     430945.000 ns	     43093	80008ddc	00000013	addi	x0,x0,0	  x0:0x00000000
     430955.000 ns	     43094	80008de0	b7481517	auipc	x10,0xb7481	 x10=0x37489de0
     430975.000 ns	     43096	80008de4	29c80453	fmin.s	f8,f16,f28	 f16:0xcefff7e1 f28:0x47350408  f8=0xcefff7e1
     431005.000 ns	     43099	80008de8	c006ad53	fcvt.w.s	x26,f13	 f13:0x7fc00000 x26=0x7fffffff
     431035.000 ns	     43102	80008dec	a1a52253	feq.s	x4,f10,f26	 f10:0x00000000 f26:0xc3160000  x4=0x00000000
     431065.000 ns	     43105	80008df0	21438153	fsgnj.s	f2,f7,f20	  f7:0xc3160000 f20:0x4efff7df  f2=0x43160000
     431095.000 ns	     43108	80008df4	02158db3	mul	x27,x11,x1	 x11:0x00000000  x1:0x00000000 x27=0x00000000
     431135.000 ns	     43112	80008df8	11078dd3	fmul.s	f27,f15,f16	 f15:0x4f7fff80 f16:0xcefff7e1 f27=0xdefff761
     431155.000 ns	     43114	80008dfc	0053f3b3	and	x7,x7,x5	  x7:0xffffffff  x5:0x00000000  x7=0x00000000
     431165.000 ns	     43115	80008e00	019a3233	sltu	x4,x20,x25	 x20:0x00000000 x25:0x00000000  x4=0x00000000
     431185.000 ns	     43117	80008e04	c00477d3	fcvt.w.s	x15,f8	  f8:0xcefff7e1 x15=0x7ffbf080
     431235.000 ns	     43122	80008e08	016779d3	fadd.s	f19,f14,f22	 f14:0x00000000 f22:0x7fc00000 f19=0x7fc00000
     431265.000 ns	     43125	80008e0c	21fc07d3	fsgnj.s	f15,f24,f31	 f24:0x00000000 f31:0xcefff7e0 f15=0x80000000
     431635.000 ns	     43162	80008e10	0260c733	div	x14,x1,x6	  x1:0x00000000  x6:0x67d10d94 x14=0x00000000
     431665.000 ns	     43165	80008e14	282519d3	fmax.s	f19,f10,f2	 f10:0x00000000  f2:0x43160000 f19=0x43160000
     431715.000 ns	     43170	80008e18	01447dd3	fadd.s	f27,f8,f20	  f8:0xcefff7e1 f20:0x4efff7df f27=0xc3800000
     431745.000 ns	     43173	80008e1c	c0149ad3	fcvt.wu.s	x21,f9	  f9:0x4eff8000 x21=0x7fc00000
     431785.000 ns	     43177	80008e20	182aaed3	fdiv.s	f29,f21,f2	 f21:0xffc00000  f2:0x43160000 f29=0x7fc00000
     431815.000 ns	     43180	80008e24	206004d3	fsgnj.s	f9,f0,f6	  f0:0x47350408  f6:0x4f00040f  f9=0x47350408
     431845.000 ns	     43183	80008e28	a0a596d3	flt.s	x13,f11,f10	 f11:0x00000000 f10:0x00000000 x13=0x00000000
     431865.000 ns	     43185	80008e2c	0126d833	srl	x16,x13,x18	 x13:0xfffffecb x18:0x00000001 x16=0x00000000
     431875.000 ns	     43186	80008e30	01048b33	add	x22,x9,x16	  x9:0x00000000 x16:0x7fc00000 x22=0x00000000
     431885.000 ns	     43187	80008e34	c99ddb37	lui	x22,0xc99dd	 x22=0xc99dd000
     431895.000 ns	     43188	80008e38	c5012597	auipc	x11,0xc5012	 x11=0x4501ae38
     431925.000 ns	     43191	80008e3c	18c926d3	fdiv.s	f13,f18,f12	 f18:0xffc00000 f12:0x7fc00000 f13=0x7fc00000
     431955.000 ns	     43194	80008e40	03e6acb3	mulhsu	x25,x13,x30	 x13:0x00000000 x30:0x9d144000 x25=0x00000000
     431985.000 ns	     43197	80008e44	f0048bd3	fmv.w.x	f23,x9	  x9:0x00000000 f23=0x00000000
     432015.000 ns	     43200	80008e48	020b2e33	mulhsu	x28,x22,x0	 x22:0xc99dd000  x0:0x00000000 x28=0x00000000
     432035.000 ns	     43202	80008e4c	00000013	addi	x0,x0,0	  x0:0x00000000
     432045.000 ns	     43203	80008e50	85ca7993	andi	x19,x20,-1956	 x20:0x00000000 x19=0x00000000
     432065.000 ns	     43205	80008e54	a19ea9d3	feq.s	x19,f29,f25	 f29:0x7fc00000 f25:0xcf7fff80 x19=0x00000000
     432085.000 ns	     43207	80008e58	001a39b3	sltu	x19,x20,x1	 x20:0x00000000  x1:0x00000000 x19=0x00000000
     432095.000 ns	     43208	80008e5c	011d3833	sltu	x16,x26,x17	 x26:0x7fffffff x17:0x00000000 x16=0x00000000
     432115.000 ns	     43210	80008e60	0291ec33	rem	x24,x3,x9	  x3:0x00000000  x9:0x00000000 x24=0x00000000
     432145.000 ns	     43213	80008e64	a12f2ad3	feq.s	x21,f30,f18	 f30:0x7fc00000 f18:0xffc00000 x21=0x00000000
     432165.000 ns	     43215	80008e68	01d6cbb3	xor	x23,x13,x29	 x13:0x00000000 x29:0x80041024 x23=0x80041024
     432185.000 ns	     43217	80008e6c	021ab8b3	mulhu	x17,x21,x1	 x21:0x00000000  x1:0x00000000 x17=0x00000000
     432215.000 ns	     43220	80008e70	e00a0753	fmv.x.w	x14,f20	 f20:0x4efff7df x14=0x4efff7df
     432235.000 ns	     43222	80008e74	00321c93	slli	x25,x4,0x3	  x4:0x00000000 x25=0x00000000
     432245.000 ns	     43223	80008e78	01d23033	sltu	x0,x4,x29	  x4:0x00000000 x29:0x80041024
     432265.000 ns	     43225	80008e7c	f0068dd3	fmv.w.x	f27,x13	 x13:0x00000000 f27=0x00000000
     432295.000 ns	     43228	80008e80	d01c0c53	fcvt.s.wu	f24,x24	 x24:0x00000000 f24=0x00000000
     432315.000 ns	     43230	80008e84	beb08a13	addi	x20,x1,-1045	  x1:0x00000000 x20=0xfffffbeb
     432325.000 ns	     43231	80008e88	01712c33	slt	x24,x2,x23	  x2:0xed14be56 x23:0x80041024 x24=0x00000000
     432345.000 ns	     43233	80008e8c	a1ed17d3	flt.s	x15,f26,f30	 f26:0xc3160000 f30:0x7fc00000 x15=0x00000000
     432365.000 ns	     43235	80008e90	546d7313	andi	x6,x26,1350	 x26:0x7fffffff  x6=0x00000546
     432375.000 ns	     43236	80008e94	0106ddb3	srl	x27,x13,x16	 x13:0x00000000 x16:0x00000000 x27=0x00000000
     432405.000 ns	     43239	80008e98	1155fe53	fmul.s	f28,f11,f21	 f11:0x00000000 f21:0xffc00000 f28=0x7fc00000
     432745.000 ns	     43273	80008e9c	1884ff53	fdiv.s	f30,f9,f8	  f9:0x47350408  f8:0xcefff7e1 f30=0xb7b50408
     432775.000 ns	     43276	80008ea0	20cf9b53	fsgnjn.s	f22,f31,f12	 f31:0xcefff7e0 f12:0x7fc00000 f22=0xcefff7e0
     432795.000 ns	     43278	80008ea4	00293033	sltu	x0,x18,x2	 x18:0x00000001  x2:0xed14be56
     432805.000 ns	     43279	80008ea8	4003d233	sra	x4,x7,x0	  x7:0x00000000  x0:0x00000000  x4=0x00000000
     432825.000 ns	     43281	80008eac	03577533	remu	x10,x14,x21	 x14:0x4efff7df x21:0x00000000 x10=0x4efff7df
     432845.000 ns	     43283	80008eb0	01f5ad13	slti	x26,x11,31	 x11:0x4501ae38 x26=0x00000000
     432865.000 ns	     43285	80008eb4	f00789d3	fmv.w.x	f19,x15	 x15:0x00000000 f19=0x00000000
     432895.000 ns	     43288	80008eb8	284c1d53	fmax.s	f26,f24,f4	 f24:0x00000000  f4:0x7fc00000 f26=0x00000000
     432925.000 ns	     43291	80008ebc	d0187053	fcvt.s.wu	f0,x16	 x16:0x00000000  f0=0x00000000
     432955.000 ns	     43294	80008ec0	03894b33	div	x22,x18,x24	 x18:0x00000001 x24:0x00000000 x22=0xffffffff
     432985.000 ns	     43297	80008ec4	21b4a1d3	fsgnjx.s	f3,f9,f27	  f9:0x47350408 f27:0x00000000  f3=0x47350408
     433015.000 ns	     43300	80008ec8	e00a9353	fclass.s	x6,f21	 f21:0xffc00000  x6=0x00000200
     433045.000 ns	     43303	80008ecc	03a43e33	mulhu	x28,x8,x26	  x8:0x00000004 x26:0x00000000 x28=0x00000000
     433385.000 ns	     43337	80008ed0	185f0ed3	fdiv.s	f29,f30,f5	 f30:0xb7b50408  f5:0xcf7fff80 f29=0x27b50408
     433725.000 ns	     43371	80008ed4	19917453	fdiv.s	f8,f2,f25	  f2:0x43160000 f25:0xcf7fff80  f8=0xb3160000
     433755.000 ns	     43374	80008ed8	029e82b3	mul	x5,x29,x9	 x29:0x80041024  x9:0x00000000  x5=0x00000000
     433775.000 ns	     43376	80008edc	d1c8b037	lui	x0,0xd1c8b	
     433785.000 ns	     43377	80008ee0	f32c3413	sltiu	x8,x24,-206	 x24:0x00000000  x8=0x00000001
     433795.000 ns	     43378	80008ee4	40968933	sub	x18,x13,x9	 x13:0x00000000  x9:0x00000000 x18=0x00000000
     433805.000 ns	     43379	80008ee8	ecf57a13	andi	x20,x10,-305	 x10:0x4efff7df x20=0x4efff6cf
     433815.000 ns	     43380	80008eec	01936333	or	x6,x6,x25	  x6:0x00000200 x25:0x00000000  x6=0x00000200
     433825.000 ns	     43381	80008ef0	01a5ba33	sltu	x20,x11,x26	 x11:0x4501ae38 x26:0x00000000 x20=0x00000000
     434155.000 ns	     43414	80008ef4	1902fb53	fdiv.s	f22,f5,f16	  f5:0xcf7fff80 f16:0xcefff7e1 f22=0x3fffff80
     434175.000 ns	     43416	80008ef8	44edc693	xori	x13,x27,1102	 x27:0x00000000 x13=0x0000044e
     434185.000 ns	     43417	80008efc	013da0b3	slt	x1,x27,x19	 x27:0x00000000 x19:0x00000000  x1=0x00000000
     434195.000 ns	     43418	80008f00	00664533	xor	x10,x12,x6	 x12:0x80040fe4  x6:0x00000200 x10=0x80040de4
     434205.000 ns	     43419	80008f04	a75a6793	ori	x15,x20,-1419	 x20:0x00000000 x15=0xfffffa75
     434225.000 ns	     43421	80008f08	206b2953	fsgnjx.s	f18,f22,f6	 f22:0x3fffff80  f6:0x4f00040f f18=0x3fffff80
     434245.000 ns	     43423	80008f0c	004365b3	or	x11,x6,x4	  x6:0x00000200  x4:0x00000000 x11=0x00000200
     434265.000 ns	     43425	80008f10	03d22d33	mulhsu	x26,x4,x29	  x4:0x00000000 x29:0x80041024 x26=0x00000000
     434295.000 ns	     43428	80008f14	e00a94d3	fclass.s	x9,f21	 f21:0xffc00000  x9=0x00000200
     434315.000 ns	     43430	80008f18	01811593	slli	x11,x2,0x18	  x2:0xed14be56 x11=0x56000000
     434335.000 ns	     43432	80008f1c	e00518d3	fclass.s	x17,f10	 f10:0x00000000 x17=0x00000010
     434355.000 ns	     43434	80008f20	d3df6d93	ori	x27,x30,-707	 x30:0x9d144000 x27=0xfffffd3d
     434365.000 ns	     43435	80008f24	00efe7b3	or	x15,x31,x14	 x31:0x00000000 x14:0x4efff7df x15=0x4efff7df
     434375.000 ns	     43436	80008f28	012fe5b3	or	x11,x31,x18	 x31:0x00000000 x18:0x00000000 x11=0x00000000
     434395.000 ns	     43438	80008f2c	033fafb3	mulhsu	x31,x31,x19	 x31:0x00000000 x19:0x00000000 x31=0x00000000
     434435.000 ns	     43442	80008f30	5800f453	fsqrt.s	f8,f1	  f1:0x00000000  f8=0x00000000
     434465.000 ns	     43445	80008f34	03050233	mul	x4,x10,x16	 x10:0x80040de4 x16:0x00000000  x4=0x00000000
     434495.000 ns	     43448	80008f38	a0d90e53	fle.s	x28,f18,f13	 f18:0x3fffff80 f13:0x7fc00000 x28=0x00000000
     434525.000 ns	     43451	80008f3c	21d881d3	fsgnj.s	f3,f17,f29	 f17:0x00000000 f29:0x27b50408  f3=0x00000000
     434545.000 ns	     43453	80008f40	a259a993	slti	x19,x19,-1499	 x19:0x00000000 x19=0x00000000
     434555.000 ns	     43454	80008f44	00666533	or	x10,x12,x6	 x12:0x80040fe4  x6:0x00000200 x10=0x80040fe4
     434575.000 ns	     43456	80008f48	f00d8d53	fmv.w.x	f26,x27	 x27:0xfffffd3d f26=0xfffffd3d
     434605.000 ns	     43459	80008f4c	03c61433	mulh	x8,x12,x28	 x12:0x80040fe4 x28:0x00000000  x8=0x00000000
     434635.000 ns	     43462	80008f50	d0140ed3	fcvt.s.wu	f29,x8	  x8:0x00000001 f29=0x00000000
     434665.000 ns	     43465	80008f54	03484f33	div	x30,x16,x20	 x16:0x00000000 x20:0x00000000 x30=0xffffffff
     434685.000 ns	     43467	80008f58	41af83b3	sub	x7,x31,x26	 x31:0x00000000 x26:0x00000000  x7=0x00000000
     434695.000 ns	     43468	80008f5c	86bd4813	xori	x16,x26,-1941	 x26:0x00000000 x16=0xfffff86b
     434705.000 ns	     43469	80008f60	0053ed33	or	x26,x7,x5	  x7:0x00000000  x5:0x00000000 x26=0x00000000
     434745.000 ns	     43473	80008f64	00ff22d3	fadd.s	f5,f30,f15	 f30:0xb7b50408 f15:0x80000000  f5=0xb7b50408
     434765.000 ns	     43475	80008f68	62baad93	slti	x27,x21,1579	 x21:0x00000000 x27=0x00000001
     434785.000 ns	     43477	80008f6c	03f9a933	mulhsu	x18,x19,x31	 x19:0x00000000 x31:0x00000000 x18=0x00000000
     434815.000 ns	     43480	80008f70	d004f7d3	fcvt.s.w	f15,x9	  x9:0x00000200 f15=0x44000000
     434845.000 ns	     43483	80008f74	e00508d3	fmv.x.w	x17,f10	 f10:0x00000000 x17=0x00000000
     434895.000 ns	     43488	80008f78	010c3753	fadd.s	f14,f24,f16	 f24:0x00000000 f16:0xcefff7e1 f14=0xcefff7e1
     434925.000 ns	     43491	80008f7c	21a515d3	fsgnjn.s	f11,f10,f26	 f10:0x00000000 f26:0xfffffd3d f11=0x00000000
     434955.000 ns	     43494	80008f80	03c17b33	remu	x22,x2,x28	  x2:0xed14be56 x28:0x00000000 x22=0xed14be56
     434985.000 ns	     43497	80008f84	03cc0433	mul	x8,x24,x28	 x24:0x00000000 x28:0x00000000  x8=0x00000000
     435015.000 ns	     43500	80008f88	c0177e53	fcvt.wu.s	x28,f14	 f14:0xcefff7e1 x28=0x7ffbf080
     435045.000 ns	     43503	80008f8c	03bbb4b3	mulhu	x9,x23,x27	 x23:0x80041024 x27:0x00000001  x9=0x00000000
     435075.000 ns	     43506	80008f90	0317bf33	mulhu	x30,x15,x17	 x15:0x4efff7df x17:0x00000000 x30=0x00000000
     435095.000 ns	     43508	80008f94	015f0333	add	x6,x30,x21	 x30:0xffffffff x21:0x00000000  x6=0x00000000
     435115.000 ns	     43510	80008f98	02a1bb33	mulhu	x22,x3,x10	  x3:0x00000000 x10:0x80040fe4 x22=0x00000000
     435135.000 ns	     43512	80008f9c	00849bb3	sll	x23,x9,x8	  x9:0x00000000  x8:0x00000000 x23=0x00000000
     435155.000 ns	     43514	80008fa0	030e25b3	mulhsu	x11,x28,x16	 x28:0x7ffbf080 x16:0xfffff86b x11=0x7ffbecb5
     436335.000 ns	     43632	80008fa4	580b7753	fsqrt.s	f14,f22	 f22:0x3fffff80 f14=0x3fb5047e
     436355.000 ns	     43634	80008fa8	9a5edd97	auipc	x27,0x9a5ed	 x27=0x1a5f5fa8
     436375.000 ns	     43636	80008fac	a1770e53	fle.s	x28,f14,f23	 f14:0x3fb5047e f23:0x00000000 x28=0x00000000
     436395.000 ns	     43638	80008fb0	2020b797	auipc	x15,0x2020b	 x15=0xa0213fb0
     436415.000 ns	     43640	80008fb4	292f86d3	fmin.s	f13,f31,f18	 f31:0xcefff7e0 f18:0x3fffff80 f13=0xcefff7e0
     436455.000 ns	     43644	80008fb8	18c4f953	fdiv.s	f18,f9,f12	  f9:0x47350408 f12:0x7fc00000 f18=0x7fc00000
     436485.000 ns	     43647	80008fbc	d0177253	fcvt.s.wu	f4,x14	 x14:0x4efff7df  f4=0x4e9dffef
     436505.000 ns	     43649	80008fc0	004dd513	srli	x10,x27,0x4	 x27:0x1a5f5fa8 x10=0x01a5f5fa
     436535.000 ns	     43652	80008fc4	18e8fc53	fdiv.s	f24,f17,f14	 f17:0x00000000 f14:0x3fb5047e f24=0x00000000
     436575.000 ns	     43656	80008fc8	181c0fd3	fdiv.s	f31,f24,f1	 f24:0x00000000  f1:0x00000000 f31=0x7fc00000
     436595.000 ns	     43658	80008fcc	005e5513	srli	x10,x28,0x5	 x28:0x00000000 x10=0x00000000
     436615.000 ns	     43660	80008fd0	e00498d3	fclass.s	x17,f9	  f9:0x47350408 x17=0x00000040
     436645.000 ns	     43663	80008fd4	20368053	fsgnj.s	f0,f13,f3	 f13:0xcefff7e0  f3:0x00000000  f0=0x4efff7e0
     436665.000 ns	     43665	80008fd8	41675233	sra	x4,x14,x22	 x14:0x4efff7df x22:0x00000000  x4=0x4efff7df
     436685.000 ns	     43667	80008fdc	02608833	mul	x16,x1,x6	  x1:0x00000000  x6:0x00000000 x16=0x00000000
     436715.000 ns	     43670	80008fe0	214c8353	fsgnj.s	f6,f25,f20	 f25:0xcf7fff80 f20:0x4efff7df  f6=0x4f7fff80
     436735.000 ns	     43672	80008fe4	40a181b3	sub	x3,x3,x10	  x3:0x00000000 x10:0x00000000  x3=0x00000000
     436745.000 ns	     43673	80008fe8	14bdc293	xori	x5,x27,331	 x27:0x1a5f5fa8  x5=0x1a5f5ee3
     436765.000 ns	     43675	80008fec	a064a5d3	feq.s	x11,f9,f6	  f9:0x47350408  f6:0x4f7fff80 x11=0x00000000
     436795.000 ns	     43678	80008ff0	03e33ab3	mulhu	x21,x6,x30	  x6:0x00000000 x30:0x00000000 x21=0x00000000
     436825.000 ns	     43681	80008ff4	a15803d3	fle.s	x7,f16,f21	 f16:0xcefff7e1 f21:0xffc00000  x7=0x00000000
     436845.000 ns	     43683	80008ff8	97512193	slti	x3,x2,-1675	  x2:0xed14be56  x3=0x00000001
     436885.000 ns	     43687	80008ffc	0822fed3	fsub.s	f29,f5,f2	  f5:0xb7b50408  f2:0x43160000 f29=0xc3160001
     436905.000 ns	     43689	80009000	2d040f13	addi	x30,x8,720	  x8:0x00000000 x30=0x000002d0
     436925.000 ns	     43691	80009004	d00f2453	fcvt.s.w	f8,x30	 x30:0x00000000  f8=0x44340000
     436945.000 ns	     43693	80009008	01866a33	or	x20,x12,x24	 x12:0x80040fe4 x24:0x00000000 x20=0x80040fe4
     436965.000 ns	     43695	8000900c	20dc82d3	fsgnj.s	f5,f25,f13	 f25:0xcf7fff80 f13:0xcefff7e0  f5=0xcf7fff80
     436995.000 ns	     43698	80009010	e0041553	fclass.s	x10,f8	  f8:0x44340000 x10=0x00000040
     437015.000 ns	     43700	80009014	00a598b3	sll	x17,x11,x10	 x11:0x00000000 x10:0x00000000 x17=0x00000000
     437035.000 ns	     43702	80009018	030bc1b3	div	x3,x23,x16	 x23:0x00000000 x16:0x00000000  x3=0xffffffff
     437075.000 ns	     43706	8000901c	10cf2453	fmul.s	f8,f30,f12	 f30:0xb7b50408 f12:0x7fc00000  f8=0x7fc00000
     437095.000 ns	     43708	80009020	dc4dfb13	andi	x22,x27,-572	 x27:0x1a5f5fa8 x22=0x1a5f5d80
     437135.000 ns	     43712	80009024	0136fdd3	fadd.s	f27,f13,f19	 f13:0xcefff7e0 f19:0x00000000 f27=0xcefff7e0
     437155.000 ns	     43714	80009028	4146d193	srai	x3,x13,0x14	 x13:0x0000044e  x3=0x00000000
     437175.000 ns	     43716	8000902c	03f2c333	div	x6,x5,x31	  x5:0x1a5f5ee3 x31:0x00000000  x6=0xffffffff
     437195.000 ns	     43718	80009030	00aad493	srli	x9,x21,0xa	 x21:0x00000000  x9=0x00000000
     437205.000 ns	     43719	80009034	01fbbb33	sltu	x22,x23,x31	 x23:0x00000000 x31:0x00000000 x22=0x00000000
     437225.000 ns	     43721	80009038	0391b2b3	mulhu	x5,x3,x25	  x3:0x00000000 x25:0x00000000  x5=0x00000000
     437255.000 ns	     43724	8000903c	034582b3	mul	x5,x11,x20	 x11:0x00000000 x20:0x80040fe4  x5=0x00000000
     437285.000 ns	     43727	80009040	035db2b3	mulhu	x5,x27,x21	 x27:0x1a5f5fa8 x21:0x00000000  x5=0x00000000
     437305.000 ns	     43729	80009044	41ae8d33	sub	x26,x29,x26	 x29:0x80041024 x26:0x00000000 x26=0x80041024
     437335.000 ns	     43732	80009048	11a1fb53	fmul.s	f22,f3,f26	  f3:0x00000000 f26:0xfffffd3d f22=0x7fc00000
     437365.000 ns	     43735	8000904c	03537b33	remu	x22,x6,x21	  x6:0xffffffff x21:0x00000000 x22=0xffffffff
     437395.000 ns	     43738	80009050	d01007d3	fcvt.s.wu	f15,x0	  x0:0x00000000 f15=0x00000000
     437425.000 ns	     43741	80009054	d00e20d3	fcvt.s.w	f1,x28	 x28:0x00000000  f1=0x00000000
     437445.000 ns	     43743	80009058	00321533	sll	x10,x4,x3	  x4:0x4efff7df  x3:0x00000000 x10=0x4efff7df
     437485.000 ns	     43747	8000905c	0061fc53	fadd.s	f24,f3,f6	  f3:0x00000000  f6:0x4f7fff80 f24=0x4f7fff80
     437515.000 ns	     43750	80009060	e00d09d3	fmv.x.w	x19,f26	 f26:0xfffffd3d x19=0xfffffd3d
     437545.000 ns	     43753	80009064	02806433	rem	x8,x0,x8	  x0:0x00000000  x8:0x00000000  x8=0x00000000
     437575.000 ns	     43756	80009068	a1921753	flt.s	x14,f4,f25	  f4:0x4e9dffef f25:0xcf7fff80 x14=0x00000000
     437945.000 ns	     43793	8000906c	02dcd033	divu	x0,x25,x13	 x25:0x00000000 x13:0x0000044e
     437975.000 ns	     43796	80009070	2012a4d3	fsgnjx.s	f9,f5,f1	  f5:0xcf7fff80  f1:0x00000000  f9=0xcf7fff80
     437995.000 ns	     43798	80009074	c64ca993	slti	x19,x25,-924	 x25:0x00000000 x19=0x00000000
     438015.000 ns	     43800	80009078	031b78b3	remu	x17,x22,x17	 x22:0xffffffff x17:0x00000000 x17=0xffffffff
     438045.000 ns	     43803	8000907c	a0a2ab53	feq.s	x22,f5,f10	  f5:0xcf7fff80 f10:0x00000000 x22=0x00000000
     438075.000 ns	     43806	80009080	a0629bd3	flt.s	x23,f5,f6	  f5:0xcf7fff80  f6:0x4f7fff80 x23=0x00000001
     438105.000 ns	     43809	80009084	210a0d53	fsgnj.s	f26,f20,f16	 f20:0x4efff7df f16:0xcefff7e1 f26=0xcefff7df
     438475.000 ns	     43846	80009088	022fc3b3	div	x7,x31,x2	 x31:0x00000000  x2:0xed14be56  x7=0x00000000
     438495.000 ns	     43848	8000908c	30a32193	slti	x3,x6,778	  x6:0xffffffff  x3=0x00000001
     438515.000 ns	     43850	80009090	d0107953	fcvt.s.wu	f18,x0	  x0:0x00000000 f18=0x00000000
     438535.000 ns	     43852	80009094	ce1a4c13	xori	x24,x20,-799	 x20:0x80040fe4 x24=0x7ffbf305
     438545.000 ns	     43853	80009098	11482793	slti	x15,x16,276	 x16:0x00000000 x15=0x00000001
     438565.000 ns	     43855	8000909c	20d129d3	fsgnjx.s	f19,f2,f13	  f2:0x43160000 f13:0xcefff7e0 f19=0xc3160000
     438585.000 ns	     43857	800090a0	00031593	slli	x11,x6,0x0	  x6:0xffffffff x11=0xffffffff
     438595.000 ns	     43858	800090a4	40528cb3	sub	x25,x5,x5	  x5:0x00000000  x5:0x00000000 x25=0x00000000
     438615.000 ns	     43860	800090a8	e0069f53	fclass.s	x30,f13	 f13:0xcefff7e0 x30=0x00000002
     438645.000 ns	     43863	800090ac	f00004d3	fmv.w.x	f9,x0	  x0:0x00000000  f9=0x00000000
     438665.000 ns	     43865	800090b0	01f3d2b3	srl	x5,x7,x31	  x7:0x00000000 x31:0x00000000  x5=0x00000000
     438705.000 ns	     43869	800090b4	014f0053	fadd.s	f0,f30,f20	 f30:0xb7b50408 f20:0x4efff7df  f0=0x4efff7df
     438725.000 ns	     43871	800090b8	41c7d8b3	sra	x17,x15,x28	 x15:0x00000001 x28:0x00000000 x17=0x00000001
     438735.000 ns	     43872	800090bc	41a85413	srai	x8,x16,0x1a	 x16:0x00000000  x8=0x00000000
     438755.000 ns	     43874	800090c0	02ebdf33	divu	x30,x23,x14	 x23:0x00000001 x14:0x00000000 x30=0xffffffff
     438795.000 ns	     43878	800090c4	11b112d3	fmul.s	f5,f2,f27	  f2:0x43160000 f27:0xcefff7e0  f5=0xd295fb3d
     439165.000 ns	     43915	800090c8	022746b3	div	x13,x14,x2	 x14:0x00000000  x2:0xed14be56 x13=0x00000000
     439185.000 ns	     43917	800090cc	41ee52b3	sra	x5,x28,x30	 x28:0x00000000 x30:0xffffffff  x5=0x00000000
     439195.000 ns	     43918	800090d0	41e85293	srai	x5,x16,0x1e	 x16:0x00000000  x5=0x00000000
     439205.000 ns	     43919	800090d4	03880993	addi	x19,x16,56	 x16:0x00000000 x19=0x00000038
     439215.000 ns	     43920	800090d8	10e7e913	ori	x18,x15,270	 x15:0x00000001 x18=0x0000010f
     439255.000 ns	     43924	800090dc	09a9fdd3	fsub.s	f27,f19,f26	 f19:0xc3160000 f26:0xcefff7df f27=0x4efff7dd
     439595.000 ns	     43958	800090e0	199f32d3	fdiv.s	f5,f30,f25	 f30:0xb7b50408 f25:0xcf7fff80  f5=0x27b50408
     439615.000 ns	     43960	800090e4	01615a93	srli	x21,x2,0x16	  x2:0xed14be56 x21=0x000003b4
     439635.000 ns	     43962	800090e8	e00d16d3	fclass.s	x13,f26	 f26:0xcefff7df x13=0x00000002
     439655.000 ns	     43964	800090ec	3b7b7b93	andi	x23,x22,951	 x22:0x00000000 x23=0x00000000
     439665.000 ns	     43965	800090f0	e99b2e13	slti	x28,x22,-359	 x22:0x00000000 x28=0x00000000
     439675.000 ns	     43966	800090f4	00fc8433	add	x8,x25,x15	 x25:0x00000000 x15:0x00000001  x8=0x00000001
     439685.000 ns	     43967	800090f8	a2e5b513	sltiu	x10,x11,-1490	 x11:0xffffffff x10=0x00000000
     439695.000 ns	     43968	800090fc	00bac8b3	xor	x17,x21,x11	 x21:0x000003b4 x11:0xffffffff x17=0xfffffc4b
     439705.000 ns	     43969	80009100	4063de13	srai	x28,x7,0x6	  x7:0x00000000 x28=0x00000000
     439745.000 ns	     43973	80009104	010fa353	fadd.s	f6,f31,f16	 f31:0x7fc00000 f16:0xcefff7e1  f6=0x7fc00000
     439765.000 ns	     43975	80009108	00000013	addi	x0,x0,0	  x0:0x00000000
     439775.000 ns	     43976	8000910c	fb2a3093	sltiu	x1,x20,-78	 x20:0x80040fe4  x1=0x00000001
     439795.000 ns	     43978	80009110	038cb2b3	mulhu	x5,x25,x24	 x25:0x00000000 x24:0x7ffbf305  x5=0x00000000
     439845.000 ns	     43983	80009114	098d73d3	fsub.s	f7,f26,f24	 f26:0xcefff7df f24:0x4f7fff80  f7=0xcfbffdb7
     439875.000 ns	     43986	80009118	c01377d3	fcvt.wu.s	x15,f6	  f6:0x7fc00000 x15=0xffffffff
     439925.000 ns	     43991	8000911c	0978fc53	fsub.s	f24,f17,f23	 f17:0x00000000 f23:0x00000000 f24=0x80000000
     439955.000 ns	     43994	80009120	29a58bd3	fmin.s	f23,f11,f26	 f11:0x00000000 f26:0xcefff7df f23=0xcefff7df
     439975.000 ns	     43996	80009124	e4b81a37	lui	x20,0xe4b81	 x20=0xe4b81000
     439985.000 ns	     43997	80009128	7f308b13	addi	x22,x1,2035	  x1:0x00000001 x22=0x000007f4
     440345.000 ns	     44033	8000912c	0360da33	divu	x20,x1,x22	  x1:0x00000001 x22:0x00000000 x20=0x00000000
     440365.000 ns	     44035	80009130	49d4b893	sltiu	x17,x9,1181	  x9:0x00000000 x17=0x00000001
     440375.000 ns	     44036	80009134	01bae333	or	x6,x21,x27	 x21:0x000003b4 x27:0x1a5f5fa8  x6=0x1a5f5fbc
     440415.000 ns	     44040	80009138	09c37f53	fsub.s	f30,f6,f28	  f6:0x7fc00000 f28:0x7fc00000 f30=0x7fc00000
     440445.000 ns	     44043	8000913c	030120b3	mulhsu	x1,x2,x16	  x2:0xed14be56 x16:0x00000000  x1=0x00000000
     440465.000 ns	     44045	80009140	2453cd93	xori	x27,x7,581	  x7:0x00000000 x27=0x00000245
     440485.000 ns	     44047	80009144	a08b2353	feq.s	x6,f22,f8	 f22:0x7fc00000  f8:0x7fc00000  x6=0x00000000
     440525.000 ns	     44051	80009148	104c2c53	fmul.s	f24,f24,f4	 f24:0x80000000  f4:0x4e9dffef f24=0x80000000
     440555.000 ns	     44054	8000914c	208428d3	fsgnjx.s	f17,f8,f8	  f8:0x7fc00000  f8:0x7fc00000 f17=0x7fc00000
     440575.000 ns	     44056	80009150	69929437	lui	x8,0x69929	  x8=0x69929000
     441745.000 ns	     44173	80009154	580286d3	fsqrt.s	f13,f5	  f5:0x27b50408 f13=0x3318377c
     441765.000 ns	     44175	80009158	46bccb93	xori	x23,x25,1131	 x25:0x00000000 x23=0x0000046b
     441785.000 ns	     44177	8000915c	021df7b3	remu	x15,x27,x1	 x27:0x00000245  x1:0x00000000 x15=0x00000245
     441805.000 ns	     44179	80009160	0136eab3	or	x21,x13,x19	 x13:0x00000002 x19:0x00000038 x21=0x0000003a
     441825.000 ns	     44181	80009164	03ffd933	divu	x18,x31,x31	 x31:0x00000000 x31:0x00000000 x18=0xffffffff
     441845.000 ns	     44183	80009168	1a6f3c37	lui	x24,0x1a6f3	 x24=0x1a6f3000
     441855.000 ns	     44184	8000916c	0188f533	and	x10,x17,x24	 x17:0x00000001 x24:0x7ffbf305 x10=0x00000000
     441865.000 ns	     44185	80009170	63bb4b93	xori	x23,x22,1595	 x22:0x000007f4 x23=0x000001cf
     441885.000 ns	     44187	80009174	211d0c53	fsgnj.s	f24,f26,f17	 f26:0xcefff7df f17:0x7fc00000 f24=0x4efff7df
     442255.000 ns	     44224	80009178	033fd2b3	divu	x5,x31,x19	 x31:0x00000000 x19:0x00000038  x5=0x00000000
     442285.000 ns	     44227	8000917c	e00e0ad3	fmv.x.w	x21,f28	 f28:0x7fc00000 x21=0x7fc00000
     442305.000 ns	     44229	80009180	b66e3093	sltiu	x1,x28,-1178	 x28:0x00000000  x1=0x00000001
     442315.000 ns	     44230	80009184	37678693	addi	x13,x15,886	 x15:0x00000245 x13=0x000005bb
     442325.000 ns	     44231	80009188	01c381b3	add	x3,x7,x28	  x7:0x00000000 x28:0x00000000  x3=0x00000000
     442335.000 ns	     44232	8000918c	8d044513	xori	x10,x8,-1840	  x8:0x69929000 x10=0x966d68d0
     442345.000 ns	     44233	80009190	e1308097	auipc	x1,0xe1308	  x1=0x61311190
     442365.000 ns	     44235	80009194	28ec0553	fmin.s	f10,f24,f14	 f24:0x4efff7df f14:0x3fb5047e f10=0x3fb5047e
     442385.000 ns	     44237	80009198	0ffef597	auipc	x11,0xffef	 x11=0x8fff8198
     442395.000 ns	     44238	8000919c	018067b3	or	x15,x0,x24	  x0:0x00000000 x24:0x1a6f3000 x15=0x1a6f3000
     442405.000 ns	     44239	800091a0	00549013	slli	x0,x9,0x5	  x9:0x00000000
     442415.000 ns	     44240	800091a4	65003313	sltiu	x6,x0,1616	  x0:0x00000000  x6=0x00000001
     442425.000 ns	     44241	800091a8	26b7a413	slti	x8,x15,619	 x15:0x1a6f3000  x8=0x00000000
     442435.000 ns	     44242	800091ac	192ec793	xori	x15,x29,402	 x29:0x80041024 x15=0x800411b6
     442475.000 ns	     44246	800091b0	01904753	fadd.s	f14,f0,f25	  f0:0x4efff7df f25:0xcf7fff80 f14=0xcf000391
     442495.000 ns	     44248	800091b4	01eab833	sltu	x16,x21,x30	 x21:0x7fc00000 x30:0xffffffff x16=0x00000001
     442515.000 ns	     44250	800091b8	21d995d3	fsgnjn.s	f11,f19,f29	 f19:0xc3160000 f29:0xc3160001 f11=0x43160000
     442535.000 ns	     44252	800091bc	008ab233	sltu	x4,x21,x8	 x21:0x7fc00000  x8:0x00000000  x4=0x00000000
     442555.000 ns	     44254	800091c0	28999fd3	fmax.s	f31,f19,f9	 f19:0xc3160000  f9:0x00000000 f31=0x00000000
     442585.000 ns	     44257	800091c4	29689b53	fmax.s	f22,f17,f22	 f17:0x7fc00000 f22:0x7fc00000 f22=0x7fc00000
     442955.000 ns	     44294	800091c8	0357fbb3	remu	x23,x15,x21	 x15:0x800411b6 x21:0x7fc00000 x23=0x004411b6
     443325.000 ns	     44331	800091cc	02cae833	rem	x16,x21,x12	 x21:0x7fc00000 x12:0x80040fe4 x16=0x7fc00000
     443355.000 ns	     44334	800091d0	20a20e53	fsgnj.s	f28,f4,f10	  f4:0x4e9dffef f10:0x3fb5047e f28=0x4e9dffef
     443375.000 ns	     44336	800091d4	00149513	slli	x10,x9,0x1	  x9:0x00000000 x10=0x00000000
     443395.000 ns	     44338	800091d8	f00e8253	fmv.w.x	f4,x29	 x29:0x80041024  f4=0x80041024
     443425.000 ns	     44341	800091dc	21ad8bd3	fsgnj.s	f23,f27,f26	 f27:0x4efff7dd f26:0xcefff7df f23=0xcefff7dd
     443445.000 ns	     44343	800091e0	01bddb13	srli	x22,x27,0x1b	 x27:0x00000245 x22=0x00000000
     444615.000 ns	     44460	800091e4	5806c553	fsqrt.s	f10,f13	 f13:0x3318377c f10=0x38d743ba
     444635.000 ns	     44462	800091e8	dd37d737	lui	x14,0xdd37d	 x14=0xdd37d000
     444655.000 ns	     44464	800091ec	02725a33	divu	x20,x4,x7	  x4:0x00000000  x7:0x00000000 x20=0xffffffff
     444685.000 ns	     44467	800091f0	023e1433	mulh	x8,x28,x3	 x28:0x00000000  x3:0x00000000  x8=0x00000000
     444715.000 ns	     44470	800091f4	29bd9c53	fmax.s	f24,f27,f27	 f27:0x4efff7dd f27:0x4efff7dd f24=0x4efff7dd
     444765.000 ns	     44475	800091f8	01caf7d3	fadd.s	f15,f21,f28	 f21:0xffc00000 f28:0x4e9dffef f15=0x7fc00000
     444795.000 ns	     44478	800091fc	a1e80a53	fle.s	x20,f16,f30	 f16:0xcefff7e1 f30:0x7fc00000 x20=0x00000000
     444825.000 ns	     44481	80009200	02618033	mul	x0,x3,x6	  x3:0x00000000  x6:0x00000001
     444845.000 ns	     44483	80009204	41e4da33	sra	x20,x9,x30	  x9:0x00000000 x30:0xffffffff x20=0x00000000
     444855.000 ns	     44484	80009208	c2fc3993	sltiu	x19,x24,-977	 x24:0x1a6f3000 x19=0x00000001
     444875.000 ns	     44486	8000920c	03f9d7b3	divu	x15,x19,x31	 x19:0x00000038 x31:0x00000000 x15=0xffffffff
     444905.000 ns	     44489	80009210	28fd8753	fmin.s	f14,f27,f15	 f27:0x4efff7dd f15:0x7fc00000 f14=0x4efff7dd
     444935.000 ns	     44492	80009214	d016cad3	fcvt.s.wu	f21,x13	 x13:0x000005bb f21=0x44b76000
     444955.000 ns	     44494	80009218	01d4c6b3	xor	x13,x9,x29	  x9:0x00000000 x29:0x80041024 x13=0x80041024
     444965.000 ns	     44495	8000921c	00277cb3	and	x25,x14,x2	 x14:0xdd37d000  x2:0xed14be56 x25=0xcd149000
     445005.000 ns	     44499	80009220	01cffad3	fadd.s	f21,f31,f28	 f31:0x00000000 f28:0x4e9dffef f21=0x4e9dffef
     445035.000 ns	     44502	80009224	c00b7853	fcvt.w.s	x16,f22	 f22:0x7fc00000 x16=0x7fffffff
     445065.000 ns	     44505	80009228	281a0053	fmin.s	f0,f20,f1	 f20:0x4efff7df  f1:0x00000000  f0=0x00000000
     445105.000 ns	     44509	8000922c	10958f53	fmul.s	f30,f11,f9	 f11:0x43160000  f9:0x00000000 f30=0x00000000
     445125.000 ns	     44511	80009230	4061d813	srai	x16,x3,0x6	  x3:0x00000000 x16=0x00000000
     445135.000 ns	     44512	80009234	00000013	addi	x0,x0,0	  x0:0x00000000
     445145.000 ns	     44513	80009238	9b75eb13	ori	x22,x11,-1609	 x11:0x8fff8198 x22=0xfffff9bf
     445185.000 ns	     44517	8000923c	010f7e53	fadd.s	f28,f30,f16	 f30:0x00000000 f16:0xcefff7e1 f28=0xcefff7e1
     445205.000 ns	     44519	80009240	00e5af33	slt	x30,x11,x14	 x11:0x8fff8198 x14:0xdd37d000 x30=0x00000001
     445225.000 ns	     44521	80009244	290e1553	fmax.s	f10,f28,f16	 f28:0xcefff7e1 f16:0xcefff7e1 f10=0xcefff7e1
     445245.000 ns	     44523	80009248	01db1493	slli	x9,x22,0x1d	 x22:0xfffff9bf  x9=0xe0000000
     445275.000 ns	     44526	8000924c	580e7753	fsqrt.s	f14,f28	 f28:0xcefff7e1 f14=0x7fc00000
     445295.000 ns	     44528	80009250	a0e0f193	andi	x3,x1,-1522	  x1:0x61311190  x3=0x61311000
     445305.000 ns	     44529	80009254	41bd5833	sra	x16,x26,x27	 x26:0x80041024 x27:0x00000245 x16=0xfc002081
     445325.000 ns	     44531	80009258	03d2b2b3	mulhu	x5,x5,x29	  x5:0x00000000 x29:0x80041024  x5=0x00000000
     445345.000 ns	     44533	8000925c	00fc09b3	add	x19,x24,x15	 x24:0x1a6f3000 x15:0xffffffff x19=0x1a6f2fff
     445675.000 ns	     44566	80009260	18dcf2d3	fdiv.s	f5,f25,f13	 f25:0xcf7fff80 f13:0x3318377c  f5=0xdbb4b459
     445705.000 ns	     44569	80009264	286607d3	fmin.s	f15,f12,f6	 f12:0x7fc00000  f6:0x7fc00000 f15=0x7fc00000
     446075.000 ns	     44606	80009268	0211e6b3	rem	x13,x3,x1	  x3:0x61311000  x1:0x61311190 x13=0x61311000
     446095.000 ns	     44608	8000926c	00f0f4b3	and	x9,x1,x15	  x1:0x61311190 x15:0xffffffff  x9=0x61311190
     446115.000 ns	     44610	80009270	d01aa0d3	fcvt.s.wu	f1,x21	 x21:0x7fc00000  f1=0x4eff8000
     446145.000 ns	     44613	80009274	283d06d3	fmin.s	f13,f26,f3	 f26:0xcefff7df  f3:0x00000000 f13=0xcefff7df
     446175.000 ns	     44616	80009278	03fbcf33	div	x30,x23,x31	 x23:0x004411b6 x31:0x00000000 x30=0xffffffff
     446195.000 ns	     44618	8000927c	c7e1abb7	lui	x23,0xc7e1a	 x23=0xc7e1a000
     446205.000 ns	     44619	80009280	eb428f93	addi	x31,x5,-332	  x5:0x00000000 x31=0xfffffeb4
     446215.000 ns	     44620	80009284	014a5693	srli	x13,x20,0x14	 x20:0x00000000 x13=0x00000000
     446225.000 ns	     44621	80009288	4103d693	srai	x13,x7,0x10	  x7:0x00000000 x13=0x00000000
     446235.000 ns	     44622	8000928c	418bd913	srai	x18,x23,0x18	 x23:0xc7e1a000 x18=0xffffffc7
     446245.000 ns	     44623	80009290	01f3ba33	sltu	x20,x7,x31	  x7:0x00000000 x31:0xfffffeb4 x20=0x00000001
     446255.000 ns	     44624	80009294	00c35093	srli	x1,x6,0xc	  x6:0x00000001  x1=0x00000000
     446275.000 ns	     44626	80009298	281e8253	fmin.s	f4,f29,f1	 f29:0xc3160001  f1:0x4eff8000  f4=0xc3160001
     446295.000 ns	     44628	8000929c	00793f33	sltu	x30,x18,x7	 x18:0xffffffc7  x7:0x00000000 x30=0x00000000
     446315.000 ns	     44630	800092a0	c01e9c53	fcvt.wu.s	x24,f29	 f29:0xc3160001 x24=0x00000096
     446335.000 ns	     44632	800092a4	01fd9fb3	sll	x31,x27,x31	 x27:0x00000245 x31:0xfffffeb4 x31=0x24500000
     446345.000 ns	     44633	800092a8	00543933	sltu	x18,x8,x5	  x8:0x00000000  x5:0x00000000 x18=0x00000000
     446355.000 ns	     44634	800092ac	8452c993	xori	x19,x5,-1979	  x5:0x00000000 x19=0xfffff845
     446375.000 ns	     44636	800092b0	a0fc86d3	fle.s	x13,f25,f15	 f25:0xcf7fff80 f15:0x7fc00000 x13=0x00000000
     446395.000 ns	     44638	800092b4	01fd1793	slli	x15,x26,0x1f	 x26:0x80041024 x15=0x00000000
     446405.000 ns	     44639	800092b8	01c41793	slli	x15,x8,0x1c	  x8:0x00000000 x15=0x00000000
     446435.000 ns	     44642	800092bc	1046cb53	fmul.s	f22,f13,f4	 f13:0xcefff7df  f4:0xc3160001 f22=0x5295fb3e
     446455.000 ns	     44644	800092c0	e0e14793	xori	x15,x2,-498	  x2:0xed14be56 x15=0x12eb4058
     446815.000 ns	     44680	800092c4	0362e1b3	rem	x3,x5,x22	  x5:0x00000000 x22:0xfffff9bf  x3=0x00000000
     446835.000 ns	     44682	800092c8	12f62ab7	lui	x21,0x12f62	 x21=0x12f62000
     446845.000 ns	     44683	800092cc	fae9c093	xori	x1,x19,-82	 x19:0xfffff845  x1=0x000007eb
     447205.000 ns	     44719	800092d0	02b857b3	divu	x15,x16,x11	 x16:0xfc002081 x11:0x8fff8198 x15=0x00000001
     447235.000 ns	     44722	800092d4	d011bad3	fcvt.s.wu	f21,x3	  x3:0x00000000 f21=0x00000000
     447605.000 ns	     44759	800092d8	0346c8b3	div	x17,x13,x20	 x13:0x00000000 x20:0x00000001 x17=0x00000000
     447975.000 ns	     44796	800092dc	022fc433	div	x8,x31,x2	 x31:0x24500000  x2:0xed14be56  x8=0xffffffff
     448005.000 ns	     44799	800092e0	20492953	fsgnjx.s	f18,f18,f4	 f18:0x00000000  f4:0xc3160001 f18=0x80000000
     448025.000 ns	     44801	800092e4	3a567537	lui	x10,0x3a567	 x10=0x3a567000
     448045.000 ns	     44803	800092e8	a05eaad3	feq.s	x21,f29,f5	 f29:0xc3160001  f5:0xdbb4b459 x21=0x00000000
     448075.000 ns	     44806	800092ec	20d193d3	fsgnjn.s	f7,f3,f13	  f3:0x00000000 f13:0xcefff7df  f7=0x00000000
     448095.000 ns	     44808	800092f0	40f1d413	srai	x8,x3,0xf	  x3:0x00000000  x8=0x00000000
     448115.000 ns	     44810	800092f4	e0089d53	fclass.s	x26,f17	 f17:0x7fc00000 x26=0x00000200
     448135.000 ns	     44812	800092f8	6a543513	sltiu	x10,x8,1701	  x8:0xffffffff x10=0x00000001
     448155.000 ns	     44814	800092fc	038f8b33	mul	x22,x31,x24	 x31:0x24500000 x24:0x00000096 x22=0x46e00000
     448175.000 ns	     44816	80009300	406455b3	sra	x11,x8,x6	  x8:0x00000000  x6:0x00000001 x11=0x00000000
     448535.000 ns	     44852	80009304	036151b3	divu	x3,x2,x22	  x2:0xed14be56 x22:0x46e00000  x3=0x00000003
     448565.000 ns	     44855	80009308	203380d3	fsgnj.s	f1,f7,f3	  f7:0x00000000  f3:0x00000000  f1=0x00000000
     448595.000 ns	     44858	8000930c	28f59953	fmax.s	f18,f11,f15	 f11:0x43160000 f15:0x7fc00000 f18=0x43160000
     448645.000 ns	     44863	80009310	083705d3	fsub.s	f11,f14,f3	 f14:0x7fc00000  f3:0x00000000 f11=0x7fc00000
     448665.000 ns	     44865	80009314	403681b3	sub	x3,x13,x3	 x13:0x00000000  x3:0x00000003  x3=0xfffffffd
     448685.000 ns	     44867	80009318	02761c33	mulh	x24,x12,x7	 x12:0x80040fe4  x7:0x00000000 x24=0x00000000
     448715.000 ns	     44870	8000931c	a11ca3d3	feq.s	x7,f25,f17	 f25:0xcf7fff80 f17:0x7fc00000  x7=0x00000000
     448745.000 ns	     44873	80009320	e0008853	fmv.x.w	x16,f1	  f1:0x00000000 x16=0x00000000
     448775.000 ns	     44876	80009324	0368a5b3	mulhsu	x11,x17,x22	 x17:0x00000000 x22:0x46e00000 x11=0x00000000
     448805.000 ns	     44879	80009328	20e2add3	fsgnjx.s	f27,f5,f14	  f5:0xdbb4b459 f14:0x7fc00000 f27=0xdbb4b459
     448855.000 ns	     44884	8000932c	092ff6d3	fsub.s	f13,f31,f18	 f31:0x00000000 f18:0x43160000 f13=0xc3160000
     448875.000 ns	     44886	80009330	24d7e813	ori	x16,x15,589	 x15:0x00000001 x16=0x0000024d
     448895.000 ns	     44888	80009334	c0027cd3	fcvt.w.s	x25,f4	  f4:0xc3160001 x25=0x00000096
     448925.000 ns	     44891	80009338	0380bdb3	mulhu	x27,x1,x24	  x1:0x000007eb x24:0x00000000 x27=0x00000000
     448955.000 ns	     44894	8000933c	025f4f33	div	x30,x30,x5	 x30:0x00000000  x5:0x00000000 x30=0xffffffff
     448985.000 ns	     44897	80009340	e00d8853	fmv.x.w	x16,f27	 f27:0xdbb4b459 x16=0xdbb4b459
     449005.000 ns	     44899	80009344	019054b3	srl	x9,x0,x25	  x0:0x00000000 x25:0x00000096  x9=0x00000000
     449015.000 ns	     44900	80009348	a7657917	auipc	x18,0xa7657	 x18=0x27660348
     449025.000 ns	     44901	8000934c	013b1e33	sll	x28,x22,x19	 x22:0x46e00000 x19:0xfffff845 x28=0xdc000000
     449035.000 ns	     44902	80009350	00000013	addi	x0,x0,0	  x0:0x00000000
     449055.000 ns	     44904	80009354	201ea9d3	fsgnjx.s	f19,f29,f1	 f29:0xc3160001  f1:0x00000000 f19=0xc3160001
     449075.000 ns	     44906	80009358	ac038793	addi	x15,x7,-1344	  x7:0x00000000 x15=0xfffffac0
     449095.000 ns	     44908	8000935c	02d80a33	mul	x20,x16,x13	 x16:0xdbb4b459 x13:0x00000000 x20=0x00000000
     449125.000 ns	     44911	80009360	212c01d3	fsgnj.s	f3,f24,f18	 f24:0x4efff7dd f18:0x43160000  f3=0x4efff7dd
     449145.000 ns	     44913	80009364	0029c6b3	xor	x13,x19,x2	 x19:0xfffff845  x2:0xed14be56 x13=0x12eb4613
     449185.000 ns	     44917	80009368	082d4553	fsub.s	f10,f26,f2	 f26:0xcefff7df  f2:0x43160000 f10=0xcefff7e0
     449215.000 ns	     44920	8000936c	f00d8753	fmv.w.x	f14,x27	 x27:0x00000000 f14=0x00000000
     449245.000 ns	     44923	80009370	036fb3b3	mulhu	x7,x31,x22	 x31:0x24500000 x22:0x46e00000  x7=0x0a0da600
     449265.000 ns	     44925	80009374	3b5e4493	xori	x9,x28,949	 x28:0xdc000000  x9=0xdc0003b5
     449275.000 ns	     44926	80009378	01160733	add	x14,x12,x17	 x12:0x80040fe4 x17:0x00000000 x14=0x80040fe4
     449285.000 ns	     44927	8000937c	62fa6b37	lui	x22,0x62fa6	 x22=0x62fa6000
     449295.000 ns	     44928	80009380	01313a33	sltu	x20,x2,x19	  x2:0xed14be56 x19:0xfffff845 x20=0x00000001
     449315.000 ns	     44930	80009384	a0b1a2d3	feq.s	x5,f3,f11	  f3:0x4efff7dd f11:0x7fc00000  x5=0x00000000
     449355.000 ns	     44934	80009388	18e5f6d3	fdiv.s	f13,f11,f14	 f11:0x7fc00000 f14:0x00000000 f13=0x7fc00000
     449375.000 ns	     44936	8000938c	01929593	slli	x11,x5,0x19	  x5:0x00000000 x11=0x00000000
     449395.000 ns	     44938	80009390	d004fb53	fcvt.s.w	f22,x9	  x9:0xdc0003b5 f22=0xce0ffff1
     449415.000 ns	     44940	80009394	00176cb3	or	x25,x14,x1	 x14:0x80040fe4  x1:0x000007eb x25=0x80040fef
     449455.000 ns	     44944	80009398	090ff5d3	fsub.s	f11,f31,f16	 f31:0x00000000 f16:0xcefff7e1 f11=0x4efff7e1
     449495.000 ns	     44948	8000939c	580e0f53	fsqrt.s	f30,f28	 f28:0xcefff7e1 f30=0x7fc00000
     449515.000 ns	     44950	800093a0	00f258b3	srl	x17,x4,x15	  x4:0x00000000 x15:0xfffffac0 x17=0x00000000
     449535.000 ns	     44952	800093a4	f0068ed3	fmv.w.x	f29,x13	 x13:0x12eb4613 f29=0x12eb4613
     449565.000 ns	     44955	800093a8	a1421a53	flt.s	x20,f4,f20	  f4:0xc3160001 f20:0x4efff7df x20=0x00000001
     449585.000 ns	     44957	800093ac	4119db93	srai	x23,x19,0x11	 x19:0xfffff845 x23=0xffffffff
     449595.000 ns	     44958	800093b0	7f3f0c93	addi	x25,x30,2035	 x30:0xffffffff x25=0x000007f2
     449605.000 ns	     44959	800093b4	409f85b3	sub	x11,x31,x9	 x31:0x24500000  x9:0xdc0003b5 x11=0x484ffc4b
     449625.000 ns	     44961	800093b8	21c02753	fsgnjx.s	f14,f0,f28	  f0:0x00000000 f28:0xcefff7e1 f14=0x80000000
     449655.000 ns	     44964	800093bc	a0482753	feq.s	x14,f16,f4	 f16:0xcefff7e1  f4:0xc3160001 x14=0x00000000
     449675.000 ns	     44966	800093c0	01fa1c13	slli	x24,x20,0x1f	 x20:0x00000001 x24=0x80000000
     449685.000 ns	     44967	800093c4	006ed593	srli	x11,x29,0x6	 x29:0x80041024 x11=0x02001040
     449695.000 ns	     44968	800093c8	002d5393	srli	x7,x26,0x2	 x26:0x00000200  x7=0x00000080
     449705.000 ns	     44969	800093cc	42680213	addi	x4,x16,1062	 x16:0xdbb4b459  x4=0xdbb4b87f
     449715.000 ns	     44970	800093d0	40f65f13	srai	x30,x12,0xf	 x12:0x80040fe4 x30=0xffff0008
     449725.000 ns	     44971	800093d4	56921a17	auipc	x20,0x56921	 x20=0xd692a3d4
     449735.000 ns	     44972	800093d8	668ba413	slti	x8,x23,1640	 x23:0xffffffff  x8=0x00000001
     449745.000 ns	     44973	800093dc	019231b3	sltu	x3,x4,x25	  x4:0xdbb4b87f x25:0x000007f2  x3=0x00000000
     450075.000 ns	     45006	800093e0	185a7453	fdiv.s	f8,f20,f5	 f20:0x4efff7df  f5:0xdbb4b459  f8=0xb27ff7e0
     450105.000 ns	     45009	800093e4	21cd2dd3	fsgnjx.s	f27,f26,f28	 f26:0xcefff7df f28:0xcefff7e1 f27=0x4efff7df
     450125.000 ns	     45011	800093e8	a806ea17	auipc	x20,0xa806e	 x20=0x280773e8
     450135.000 ns	     45012	800093ec	41c889b3	sub	x19,x17,x28	 x17:0x00000000 x28:0xdc000000 x19=0x24000000
     450145.000 ns	     45013	800093f0	00000013	addi	x0,x0,0	  x0:0x00000000
     450175.000 ns	     45016	800093f4	106cbc53	fmul.s	f24,f25,f6	 f25:0xcf7fff80  f6:0x7fc00000 f24=0x7fc00000
     450195.000 ns	     45018	800093f8	009324b3	slt	x9,x6,x9	  x6:0x00000001  x9:0xdc0003b5  x9=0x00000000
     450235.000 ns	     45022	800093fc	09befb53	fsub.s	f22,f29,f27	 f29:0x12eb4613 f27:0x4efff7df f22=0xcefff7df
     450265.000 ns	     45025	80009400	219e1c53	fsgnjn.s	f24,f28,f25	 f28:0xcefff7e1 f25:0xcf7fff80 f24=0x4efff7e1
     450285.000 ns	     45027	80009404	009bd7b3	srl	x15,x23,x9	 x23:0xffffffff  x9:0x00000000 x15=0xffffffff
     450295.000 ns	     45028	80009408	00f9afb3	slt	x31,x19,x15	 x19:0x24000000 x15:0xfffffac0 x31=0x00000000
     450305.000 ns	     45029	8000940c	019bdd13	srli	x26,x23,0x19	 x23:0xffffffff x26=0x0000007f
     450315.000 ns	     45030	80009410	52cab193	sltiu	x3,x21,1324	 x21:0x00000000  x3=0x00000001
     450335.000 ns	     45032	80009414	a0cb9053	flt.s	x0,f23,f12	 f23:0xcefff7dd f12:0x7fc00000
     450365.000 ns	     45035	80009418	c016f753	fcvt.wu.s	x14,f13	 f13:0x7fc00000 x14=0xffffffff
     450385.000 ns	     45037	8000941c	727e2193	slti	x3,x28,1831	 x28:0xdc000000  x3=0x00000001
     450395.000 ns	     45038	80009420	40ea8e33	sub	x28,x21,x14	 x21:0x00000000 x14:0xffffffff x28=0x00000001
     450405.000 ns	     45039	80009424	7a8e50b7	lui	x1,0x7a8e5	  x1=0x7a8e5000
     450425.000 ns	     45041	80009428	c001f4d3	fcvt.w.s	x9,f3	  f3:0x4efff7dd  x9=0x7ffbee80
     450445.000 ns	     45043	8000942c	00e1cb33	xor	x22,x3,x14	  x3:0x00000001 x14:0xffffffff x22=0xfffffffe
     450485.000 ns	     45047	80009430	0974a953	fsub.s	f18,f9,f23	  f9:0x00000000 f23:0xcefff7dd f18=0x4efff7dd
     450505.000 ns	     45049	80009434	0063e4b3	or	x9,x7,x6	  x7:0x00000080  x6:0x00000001  x9=0x00000081
     450525.000 ns	     45051	80009438	28c19653	fmax.s	f12,f3,f12	  f3:0x4efff7dd f12:0x7fc00000 f12=0x4efff7dd
     450545.000 ns	     45053	8000943c	41b8d093	srai	x1,x17,0x1b	 x17:0x00000000  x1=0x00000000
     450565.000 ns	     45055	80009440	d01e79d3	fcvt.s.wu	f19,x28	 x28:0x00000001 f19=0x3f800000
     450935.000 ns	     45092	80009444	030be033	rem	x0,x23,x16	 x23:0xffffffff x16:0xdbb4b459
     450965.000 ns	     45095	80009448	0278af33	mulhsu	x30,x17,x7	 x17:0x00000000  x7:0x00000080 x30=0x00000000
     450985.000 ns	     45097	8000944c	01979f13	slli	x30,x15,0x19	 x15:0xffffffff x30=0xfe000000
     451005.000 ns	     45099	80009450	03c704b3	mul	x9,x14,x28	 x14:0xffffffff x28:0x00000001  x9=0xffffffff
     451035.000 ns	     45102	80009454	c0009253	fcvt.w.s	x4,f1	  f1:0x00000000  x4=0x00000000
     451055.000 ns	     45104	80009458	0129da13	srli	x20,x19,0x12	 x19:0x24000000 x20=0x00000900
     451065.000 ns	     45105	8000945c	00e21f33	sll	x30,x4,x14	  x4:0x00000000 x14:0xffffffff x30=0x00000000
     451085.000 ns	     45107	80009460	e00b1dd3	fclass.s	x27,f22	 f22:0xcefff7df x27=0x00000002
     451115.000 ns	     45110	80009464	a14c2853	feq.s	x16,f24,f20	 f24:0x4efff7e1 f20:0x4efff7df x16=0x00000000
     451135.000 ns	     45112	80009468	015956b3	srl	x13,x18,x21	 x18:0x27660348 x21:0x00000000 x13=0x27660348
     451155.000 ns	     45114	8000946c	f0028b53	fmv.w.x	f22,x5	  x5:0x00000000 f22=0x00000000
     451185.000 ns	     45117	80009470	03191bb3	mulh	x23,x18,x17	 x18:0x27660348 x17:0x00000000 x23=0x00000000
     451555.000 ns	     45154	80009474	03abcc33	div	x24,x23,x26	 x23:0xffffffff x26:0x0000007f x24=0x00000000
     451595.000 ns	     45158	80009478	11f37953	fmul.s	f18,f6,f31	  f6:0x7fc00000 f31:0x00000000 f18=0x7fc00000
     451965.000 ns	     45195	8000947c	02d3d4b3	divu	x9,x7,x13	  x7:0x00000080 x13:0x27660348  x9=0x00000000
     452015.000 ns	     45200	80009480	093374d3	fsub.s	f9,f6,f19	  f6:0x7fc00000 f19:0x3f800000  f9=0x7fc00000
     452035.000 ns	     45202	80009484	ef3f2a13	slti	x20,x30,-269	 x30:0x00000000 x20=0x00000000
     452065.000 ns	     45205	80009488	58051bd3	fsqrt.s	f23,f10	 f10:0xcefff7e0 f23=0x7fc00000
     452085.000 ns	     45207	8000948c	6b896cb7	lui	x25,0x6b896	 x25=0x6b896000
     452105.000 ns	     45209	80009490	e00a84d3	fmv.x.w	x9,f21	 f21:0x00000000  x9=0x00000000
     452135.000 ns	     45212	80009494	026b2333	mulhsu	x6,x22,x6	 x22:0xfffffffe  x6:0x00000001  x6=0xffffffff
     452155.000 ns	     45214	80009498	e7f8ec13	ori	x24,x17,-385	 x17:0x00000000 x24=0xfffffe7f
     452165.000 ns	     45215	8000949c	f8796993	ori	x19,x18,-121	 x18:0x27660348 x19=0xffffffcf
     452195.000 ns	     45218	800094a0	11f8fc53	fmul.s	f24,f17,f31	 f17:0x7fc00000 f31:0x00000000 f24=0x7fc00000
     452215.000 ns	     45220	800094a4	acf3f493	andi	x9,x7,-1329	  x7:0x00000080  x9=0x00000080
     452225.000 ns	     45221	800094a8	000b6c33	or	x24,x22,x0	 x22:0xfffffffe  x0:0x00000000 x24=0xfffffffe
     452235.000 ns	     45222	800094ac	0065e7b3	or	x15,x11,x6	 x11:0x02001040  x6:0xffffffff x15=0xffffffff
     452245.000 ns	     45223	800094b0	00d79713	slli	x14,x15,0xd	 x15:0xffffffff x14=0xffffe000
     452255.000 ns	     45224	800094b4	00c473b3	and	x7,x8,x12	  x8:0x00000001 x12:0x80040fe4  x7=0x00000000
     452265.000 ns	     45225	800094b8	c9e87a93	andi	x21,x16,-866	 x16:0x00000000 x21=0x00000000
     452275.000 ns	     45226	800094bc	01619413	slli	x8,x3,0x16	  x3:0x00000001  x8=0x00400000
     452305.000 ns	     45229	800094c0	10cb74d3	fmul.s	f9,f22,f12	 f22:0x00000000 f12:0x4efff7dd  f9=0x00000000
     452325.000 ns	     45231	800094c4	00510cb3	add	x25,x2,x5	  x2:0xed14be56  x5:0x00000000 x25=0xed14be56
     452335.000 ns	     45232	800094c8	01cb9093	slli	x1,x23,0x1c	 x23:0x00000000  x1=0x00000000
     452355.000 ns	     45234	800094cc	c013f0d3	fcvt.wu.s	x1,f7	  f7:0x00000000  x1=0x00000000
     452375.000 ns	     45236	800094d0	bfa03c13	sltiu	x24,x0,-1030	  x0:0x00000000 x24=0x00000001
     452395.000 ns	     45238	800094d4	039a16b3	mulh	x13,x20,x25	 x20:0x00000000 x25:0xed14be56 x13=0x00000000
     452415.000 ns	     45240	800094d8	016af2b3	and	x5,x21,x22	 x21:0x00000000 x22:0xfffffffe  x5=0x00000000
     452425.000 ns	     45241	800094dc	00d35033	srl	x0,x6,x13	  x6:0xffffffff x13:0x00000000
     452435.000 ns	     45242	800094e0	00ea3cb3	sltu	x25,x20,x14	 x20:0x00000000 x14:0xffffe000 x25=0x00000001
     452445.000 ns	     45243	800094e4	00965913	srli	x18,x12,0x9	 x12:0x80040fe4 x18=0x00400207
     452465.000 ns	     45245	800094e8	e00d11d3	fclass.s	x3,f26	 f26:0xcefff7df  x3=0x00000002
     452805.000 ns	     45279	800094ec	1851fed3	fdiv.s	f29,f3,f5	  f3:0x4efff7dd  f5:0xdbb4b459 f29=0xb27ff7de
     452835.000 ns	     45282	800094f0	c0171c53	fcvt.wu.s	x24,f14	 f14:0x80000000 x24=0x00000000
     452855.000 ns	     45284	800094f4	5670ac13	slti	x24,x1,1383	  x1:0x00000000 x24=0x00000001
     452875.000 ns	     45286	800094f8	20238dd3	fsgnj.s	f27,f7,f2	  f7:0x00000000  f2:0x43160000 f27=0x00000000
     452905.000 ns	     45289	800094fc	f0000b53	fmv.w.x	f22,x0	  x0:0x00000000 f22=0x00000000
     452925.000 ns	     45291	80009500	0d853913	sltiu	x18,x10,216	 x10:0x00000001 x18=0x00000001
     452955.000 ns	     45294	80009504	19fe7b53	fdiv.s	f22,f28,f31	 f28:0xcefff7e1 f31:0x00000000 f22=0xff800000
     452985.000 ns	     45297	80009508	d01bf3d3	fcvt.s.wu	f7,x23	 x23:0x00000000  f7=0x00000000
     453015.000 ns	     45300	8000950c	29878e53	fmin.s	f28,f15,f24	 f15:0x7fc00000 f24:0x7fc00000 f28=0x7fc00000
     453045.000 ns	     45303	80009510	29e30653	fmin.s	f12,f6,f30	  f6:0x7fc00000 f30:0x7fc00000 f12=0x7fc00000
     453065.000 ns	     45305	80009514	40c6d533	sra	x10,x13,x12	 x13:0x00000000 x12:0x80040fe4 x10=0x00000000
     453085.000 ns	     45307	80009518	297a9d53	fmax.s	f26,f21,f23	 f21:0x00000000 f23:0x7fc00000 f26=0x00000000
     453105.000 ns	     45309	8000951c	40700033	sub	x0,x0,x7	  x0:0x00000000  x7:0x00000000
     453115.000 ns	     45310	80009520	2c556813	ori	x16,x10,709	 x10:0x00000000 x16=0x000002c5
     453125.000 ns	     45311	80009524	01b04033	xor	x0,x0,x27	  x0:0x00000000 x27:0x00000002
     453135.000 ns	     45312	80009528	344fcfb7	lui	x31,0x344fc	 x31=0x344fc000
     453145.000 ns	     45313	8000952c	dd79e693	ori	x13,x19,-553	 x19:0xffffffcf x13=0xffffffdf
     453155.000 ns	     45314	80009530	c9a08b13	addi	x22,x1,-870	  x1:0x00000000 x22=0xfffffc9a
     453175.000 ns	     45316	80009534	03332c33	mulhsu	x24,x6,x19	  x6:0xffffffff x19:0xffffffcf x24=0xffffffff
     453545.000 ns	     45353	80009538	036be433	rem	x8,x23,x22	 x23:0x00000000 x22:0xfffffffe  x8=0x00000000
     453575.000 ns	     45356	8000953c	c01e0f53	fcvt.wu.s	x30,f28	 f28:0x7fc00000 x30=0xffffffff
     453595.000 ns	     45358	80009540	40e9d433	sra	x8,x19,x14	 x19:0xffffffcf x14:0xffffe000  x8=0xffffffcf
     453605.000 ns	     45359	80009544	0195e333	or	x6,x11,x25	 x11:0x02001040 x25:0x00000001  x6=0x02001041
     453615.000 ns	     45360	80009548	01debab3	sltu	x21,x29,x29	 x29:0x80041024 x29:0x80041024 x21=0x00000000
     453975.000 ns	     45396	8000954c	02e1f1b3	remu	x3,x3,x14	  x3:0x00000002 x14:0xffffe000  x3=0x00000002
     454015.000 ns	     45400	80009550	196a4dd3	fdiv.s	f27,f20,f22	 f20:0x4efff7df f22:0xff800000 f27=0x80000000
     454035.000 ns	     45402	80009554	642358b7	lui	x17,0x64235	 x17=0x64235000
     454055.000 ns	     45404	80009558	0374c4b3	div	x9,x9,x23	  x9:0x00000080 x23:0x00000000  x9=0xffffffff
     454075.000 ns	     45406	8000955c	016e3a33	sltu	x20,x28,x22	 x28:0x00000001 x22:0xfffffc9a x20=0x00000001
     454095.000 ns	     45408	80009560	a0ed8053	fle.s	x0,f27,f14	 f27:0x80000000 f14:0x80000000
     454125.000 ns	     45411	80009564	026fb6b3	mulhu	x13,x31,x6	 x31:0x344fc000  x6:0x02001041 x13=0x0068a2d2
     454495.000 ns	     45448	80009568	02e7c733	div	x14,x15,x14	 x15:0xffffffff x14:0xffffe000 x14=0x00000000
     454515.000 ns	     45450	8000956c	01f3ffb3	and	x31,x7,x31	  x7:0x00000000 x31:0x344fc000 x31=0x00000000
     454525.000 ns	     45451	80009570	01e4f6b3	and	x13,x9,x30	  x9:0xffffffff x30:0xffffffff x13=0xffffffff
     454535.000 ns	     45452	80009574	89577293	andi	x5,x14,-1899	 x14:0x00000000  x5=0x00000000
     454545.000 ns	     45453	80009578	40cd88b3	sub	x17,x27,x12	 x27:0x00000002 x12:0x80040fe4 x17=0x7ffbf01e
     454555.000 ns	     45454	8000957c	417801b3	sub	x3,x16,x23	 x16:0x000002c5 x23:0x00000000  x3=0x000002c5
     454595.000 ns	     45458	80009580	094ccd53	fsub.s	f26,f25,f20	 f25:0xcf7fff80 f20:0x4efff7df f26=0xcfbffdb8
     454635.000 ns	     45462	80009584	18c6f8d3	fdiv.s	f17,f13,f12	 f13:0x7fc00000 f12:0x7fc00000 f17=0x7fc00000
     454655.000 ns	     45464	80009588	b183c693	xori	x13,x7,-1256	  x7:0x00000000 x13=0xfffffb18
     454675.000 ns	     45466	8000958c	a12e8753	fle.s	x14,f29,f18	 f29:0xb27ff7de f18:0x7fc00000 x14=0x00000000
     454695.000 ns	     45468	80009590	008250b3	srl	x1,x4,x8	  x4:0x00000000  x8:0xffffffcf  x1=0x00000000
     454715.000 ns	     45470	80009594	c0157ad3	fcvt.wu.s	x21,f10	 f10:0xcefff7e0 x21=0x7ffbf000
     454735.000 ns	     45472	80009598	00abe4b3	or	x9,x23,x10	 x23:0x00000000 x10:0x00000000  x9=0x00000000
     454745.000 ns	     45473	8000959c	45ce6a93	ori	x21,x28,1116	 x28:0x00000001 x21=0x0000045d
     454755.000 ns	     45474	800095a0	d9988793	addi	x15,x17,-615	 x17:0x7ffbf01e x15=0x7ffbedb7
     454775.000 ns	     45476	800095a4	a1792cd3	feq.s	x25,f18,f23	 f18:0x7fc00000 f23:0x7fc00000 x25=0x00000000
     454825.000 ns	     45481	800095a8	09640f53	fsub.s	f30,f8,f22	  f8:0xb27ff7e0 f22:0xff800000 f30=0x7f800000
     454855.000 ns	     45484	800095ac	d01842d3	fcvt.s.wu	f5,x16	 x16:0x000002c5  f5=0x44314000
     454875.000 ns	     45486	800095b0	bcc02ab7	lui	x21,0xbcc02	 x21=0xbcc02000
     454885.000 ns	     45487	800095b4	83cbb213	sltiu	x4,x23,-1988	 x23:0x00000000  x4=0x00000001
     454895.000 ns	     45488	800095b8	7a04f993	andi	x19,x9,1952	  x9:0x00000000 x19=0x00000000
     454915.000 ns	     45490	800095bc	28bc9153	fmax.s	f2,f25,f11	 f25:0xcf7fff80 f11:0x4efff7e1  f2=0x4efff7e1
     454935.000 ns	     45492	800095c0	6a3efa13	andi	x20,x29,1699	 x29:0x80041024 x20=0x00000020
     454955.000 ns	     45494	800095c4	21f1a4d3	fsgnjx.s	f9,f3,f31	  f3:0x4efff7dd f31:0x00000000  f9=0x4efff7dd
     454985.000 ns	     45497	800095c8	e00b06d3	fmv.x.w	x13,f22	 f22:0xff800000 x13=0xff800000
     455015.000 ns	     45500	800095cc	295e92d3	fmax.s	f5,f29,f21	 f29:0xb27ff7de f21:0x00000000  f5=0x00000000
     455035.000 ns	     45502	800095d0	a7473393	sltiu	x7,x14,-1420	 x14:0x00000000  x7=0x00000001
     455055.000 ns	     45504	800095d4	21059e53	fsgnjn.s	f28,f11,f16	 f11:0x4efff7e1 f16:0xcefff7e1 f28=0x4efff7e1
     455085.000 ns	     45507	800095d8	d0137e53	fcvt.s.wu	f28,x6	  x6:0x02001041 f28=0x4c000410
     455115.000 ns	     45510	800095dc	f00f0153	fmv.w.x	f2,x30	 x30:0xffffffff  f2=0xffffffff
     455135.000 ns	     45512	800095e0	606e6793	ori	x15,x28,1542	 x28:0x00000001 x15=0x00000607
     456305.000 ns	     45629	800095e4	580e7ed3	fsqrt.s	f29,f28	 f28:0x4c000410 f29=0x45350a40
     456325.000 ns	     45631	800095e8	413ddfb3	sra	x31,x27,x19	 x27:0x00000002 x19:0x00000000 x31=0x00000002
     456345.000 ns	     45633	800095ec	c01ff9d3	fcvt.wu.s	x19,f31	 f31:0x00000000 x19=0x00000000
     456375.000 ns	     45636	800095f0	a18e89d3	fle.s	x19,f29,f24	 f29:0x45350a40 f24:0x7fc00000 x19=0x00000000
     456395.000 ns	     45638	800095f4	01c49a13	slli	x20,x9,0x1c	  x9:0x00000000 x20=0x00000000
     456405.000 ns	     45639	800095f8	41ed8fb3	sub	x31,x27,x30	 x27:0x00000002 x30:0xffffffff x31=0x00000003
     456415.000 ns	     45640	800095fc	061ec193	xori	x3,x29,97	 x29:0x80041024  x3=0x80041045
     456425.000 ns	     45641	80009600	ffe1ab13	slti	x22,x3,-2	  x3:0x000002c5 x22=0x00000001
     456465.000 ns	     45645	80009604	00151253	fadd.s	f4,f10,f1	 f10:0xcefff7e0  f1:0x00000000  f4=0xcefff7e0
     456505.000 ns	     45649	80009608	18adfc53	fdiv.s	f24,f27,f10	 f27:0x80000000 f10:0xcefff7e0 f24=0x00000000
     456525.000 ns	     45651	8000960c	4f8f2393	slti	x7,x30,1272	 x30:0xffffffff  x7=0x00000001
     456555.000 ns	     45654	80009610	580cc5d3	fsqrt.s	f11,f25	 f25:0xcf7fff80 f11=0x7fc00000
     456595.000 ns	     45658	80009614	580ab153	fsqrt.s	f2,f21	 f21:0x00000000  f2=0x00000000
     456615.000 ns	     45660	80009618	7d7d6293	ori	x5,x26,2007	 x26:0x0000007f  x5=0x000007ff
     456655.000 ns	     45664	8000961c	014ea1d3	fadd.s	f3,f29,f20	 f29:0x45350a40 f20:0x4efff7df  f3=0x4efff7f5
     456675.000 ns	     45666	80009620	d3546a37	lui	x20,0xd3546	 x20=0xd3546000
     456695.000 ns	     45668	80009624	c0084bd3	fcvt.w.s	x23,f16	 f16:0xcefff7e1 x23=0x80040f80
     456725.000 ns	     45671	80009628	02861733	mulh	x14,x12,x8	 x12:0x80040fe4  x8:0xffffffcf x14=0x00000018
     456755.000 ns	     45674	8000962c	03bd8b33	mul	x22,x27,x27	 x27:0x00000002 x27:0x00000002 x22=0x00000004
     456775.000 ns	     45676	80009630	009437b3	sltu	x15,x8,x9	  x8:0xffffffcf  x9:0x00000000 x15=0x00000000
     456795.000 ns	     45678	80009634	c01ef3d3	fcvt.wu.s	x7,f29	 f29:0x45350a40  x7=0x00000b50
     456845.000 ns	     45683	80009638	007a4c53	fadd.s	f24,f20,f7	 f20:0x4efff7df  f7:0x00000000 f24=0x4efff7df
     456875.000 ns	     45686	8000963c	20961753	fsgnjn.s	f14,f12,f9	 f12:0x7fc00000  f9:0x4efff7dd f14=0xffc00000
     456915.000 ns	     45690	80009640	5805ffd3	fsqrt.s	f31,f11	 f11:0x7fc00000 f31=0x7fc00000
     456935.000 ns	     45692	80009644	df1fc213	xori	x4,x31,-527	 x31:0x00000003  x4=0xfffffdf2
     457295.000 ns	     45728	80009648	03b7d033	divu	x0,x15,x27	 x15:0x00000000 x27:0x00000002
     457315.000 ns	     45730	8000964c	aaa8fb13	andi	x22,x17,-1366	 x17:0x7ffbf01e x22=0x7ffbf00a
     457325.000 ns	     45731	80009650	003204b3	add	x9,x4,x3	  x4:0xfffffdf2  x3:0x80041045  x9=0x80040e37
     457335.000 ns	     45732	80009654	01607433	and	x8,x0,x22	  x0:0x00000000 x22:0x00000004  x8=0x00000000
     457345.000 ns	     45733	80009658	01235793	srli	x15,x6,0x12	  x6:0x02001041 x15=0x00000080
     457365.000 ns	     45735	8000965c	03cf3233	mulhu	x4,x30,x28	 x30:0xffffffff x28:0x00000001  x4=0x00000000
     457385.000 ns	     45737	80009660	a571e193	ori	x3,x3,-1449	  x3:0x80041045  x3=0xfffffa57
     457395.000 ns	     45738	80009664	09530e13	addi	x28,x6,149	  x6:0x02001041 x28=0x020010d6
     457405.000 ns	     45739	80009668	018c8b33	add	x22,x25,x24	 x25:0x00000000 x24:0xffffffff x22=0xffffffff
     457415.000 ns	     45740	8000966c	0118bb33	sltu	x22,x17,x17	 x17:0x7ffbf01e x17:0x7ffbf01e x22=0x00000000
     457435.000 ns	     45742	80009670	02e89a33	mulh	x20,x17,x14	 x17:0x7ffbf01e x14:0x00000018 x20=0x0000000b
     457465.000 ns	     45745	80009674	28090bd3	fmin.s	f23,f18,f0	 f18:0x7fc00000  f0:0x00000000 f23=0x00000000
     457495.000 ns	     45748	80009678	02a53a33	mulhu	x20,x10,x10	 x10:0x00000000 x10:0x00000000 x20=0x00000000
     457525.000 ns	     45751	8000967c	a00a8753	fle.s	x14,f21,f0	 f21:0x00000000  f0:0x00000000 x14=0x00000001
     457575.000 ns	     45756	80009680	00561cd3	fadd.s	f25,f12,f5	 f12:0x7fc00000  f5:0x00000000 f25=0x7fc00000
     457605.000 ns	     45759	80009684	d0087653	fcvt.s.w	f12,x16	 x16:0x000002c5 f12=0x44314000
     457635.000 ns	     45762	80009688	c0107753	fcvt.wu.s	x14,f0	  f0:0x00000000 x14=0x00000000
     457665.000 ns	     45765	8000968c	a0b00dd3	fle.s	x27,f0,f11	  f0:0x00000000 f11:0x7fc00000 x27=0x00000000
     457685.000 ns	     45767	80009690	94daba93	sltiu	x21,x21,-1715	 x21:0xbcc02000 x21=0x00000001
     457705.000 ns	     45769	80009694	c00792d3	fcvt.w.s	x5,f15	 f15:0x7fc00000  x5=0x7fffffff
     457725.000 ns	     45771	80009698	43374e13	xori	x28,x14,1075	 x14:0x00000000 x28=0x00000433
     457735.000 ns	     45772	8000969c	f8cee013	ori	x0,x29,-116	 x29:0x80041024
     457755.000 ns	     45774	800096a0	296616d3	fmax.s	f13,f12,f22	 f12:0x44314000 f22:0xff800000 f13=0x44314000
     457775.000 ns	     45776	800096a4	85d60a93	addi	x21,x12,-1955	 x12:0x80040fe4 x21=0x80040841
     457795.000 ns	     45778	800096a8	037520b3	mulhsu	x1,x10,x23	 x10:0x00000000 x23:0x80040f80  x1=0x00000000
     457825.000 ns	     45781	800096ac	026f9a33	mulh	x20,x31,x6	 x31:0x00000003  x6:0x02001041 x20=0x00000000
     457875.000 ns	     45786	800096b0	00b79053	fadd.s	f0,f15,f11	 f15:0x7fc00000 f11:0x7fc00000  f0=0x7fc00000
     457905.000 ns	     45789	800096b4	29450ad3	fmin.s	f21,f10,f20	 f10:0xcefff7e0 f20:0x4efff7df f21=0xcefff7e0
     457925.000 ns	     45791	800096b8	419ad6b3	sra	x13,x21,x25	 x21:0x80040841 x25:0x00000000 x13=0x80040841
     457935.000 ns	     45792	800096bc	00155933	srl	x18,x10,x1	 x10:0x00000000  x1:0x00000000 x18=0x00000000
     457945.000 ns	     45793	800096c0	412187b3	sub	x15,x3,x18	  x3:0xfffffa57 x18:0x00000001 x15=0xfffffa57
     457955.000 ns	     45794	800096c4	019bcf33	xor	x30,x23,x25	 x23:0x80040f80 x25:0x00000000 x30=0x80040f80
     457985.000 ns	     45797	800096c8	5808b053	fsqrt.s	f0,f17	 f17:0x7fc00000  f0=0x7fc00000
     458015.000 ns	     45800	800096cc	28301953	fmax.s	f18,f0,f3	  f0:0x7fc00000  f3:0x4efff7f5 f18=0x4efff7f5
     458065.000 ns	     45805	800096d0	08d58853	fsub.s	f16,f11,f13	 f11:0x7fc00000 f13:0x44314000 f16=0x7fc00000
     458095.000 ns	     45808	800096d4	0385b433	mulhu	x8,x11,x24	 x11:0x02001040 x24:0xffffffff  x8=0x0200103f
     458125.000 ns	     45811	800096d8	025c8c33	mul	x24,x25,x5	 x25:0x00000000  x5:0x7fffffff x24=0x00000000
     458495.000 ns	     45848	800096dc	03a3c0b3	div	x1,x7,x26	  x7:0x00000b50 x26:0x0000007f  x1=0x00000016
     458525.000 ns	     45851	800096e0	026113b3	mulh	x7,x2,x6	  x2:0xed14be56  x6:0x02001041  x7=0xffda2849
     458555.000 ns	     45854	800096e4	a03915d3	flt.s	x11,f18,f3	 f18:0x4efff7f5  f3:0x4efff7f5 x11=0x00000000
     458585.000 ns	     45857	800096e8	a15f8753	fle.s	x14,f31,f21	 f31:0x7fc00000 f21:0xcefff7e0 x14=0x00000000
     458615.000 ns	     45860	800096ec	c011a7d3	fcvt.wu.s	x15,f3	  f3:0x4efff7f5 x15=0x7ffbfa80
     458635.000 ns	     45862	800096f0	f6197f13	andi	x30,x18,-159	 x18:0x00000000 x30=0x00000000
     458655.000 ns	     45864	800096f4	a0222753	feq.s	x14,f4,f2	  f4:0xcefff7e0  f2:0x00000000 x14=0x00000000
     458685.000 ns	     45867	800096f8	e0080d53	fmv.x.w	x26,f16	 f16:0x7fc00000 x26=0x7fc00000
     458705.000 ns	     45869	800096fc	018c5493	srli	x9,x24,0x18	 x24:0x00000000  x9=0x00000000
     458715.000 ns	     45870	80009700	011274b3	and	x9,x4,x17	  x4:0x00000000 x17:0x7ffbf01e  x9=0x00000000
     458735.000 ns	     45872	80009704	a07f9fd3	flt.s	x31,f31,f7	 f31:0x7fc00000  f7:0x00000000 x31=0x00000000
     458775.000 ns	     45876	80009708	58079ed3	fsqrt.s	f29,f15	 f15:0x7fc00000 f29=0x7fc00000
     458805.000 ns	     45879	8000970c	a0fb9cd3	flt.s	x25,f23,f15	 f23:0x00000000 f15:0x7fc00000 x25=0x00000000
     458825.000 ns	     45881	80009710	7077c993	xori	x19,x15,1799	 x15:0x7ffbfa80 x19=0x7ffbfd87
     459185.000 ns	     45917	80009714	03aed233	divu	x4,x29,x26	 x29:0x80041024 x26:0x7fc00000  x4=0x00000001
     459205.000 ns	     45919	80009718	00a3fc33	and	x24,x7,x10	  x7:0xffda2849 x10:0x00000000 x24=0x00000000
     459215.000 ns	     45920	8000971c	15a3c093	xori	x1,x7,346	  x7:0xffda2849  x1=0xffda2913
     459235.000 ns	     45922	80009720	e0039e53	fclass.s	x28,f7	  f7:0x00000000 x28=0x00000010
     459255.000 ns	     45924	80009724	402cd093	srai	x1,x25,0x2	 x25:0x00000000  x1=0x00000000
     459265.000 ns	     45925	80009728	40ec84b3	sub	x9,x25,x14	 x25:0x00000000 x14:0x00000000  x9=0x00000000
     459285.000 ns	     45927	8000972c	e0030e53	fmv.x.w	x28,f6	  f6:0x7fc00000 x28=0x7fc00000
     459315.000 ns	     45930	80009730	024382b3	mul	x5,x7,x4	  x7:0xffda2849  x4:0x00000001  x5=0xffda2849
     459345.000 ns	     45933	80009734	02045bb3	divu	x23,x8,x0	  x8:0x0200103f  x0:0x00000000 x23=0xffffffff
     459395.000 ns	     45938	80009738	091efed3	fsub.s	f29,f29,f17	 f29:0x7fc00000 f17:0x7fc00000 f29=0x7fc00000
     459425.000 ns	     45941	8000973c	d01d7fd3	fcvt.s.wu	f31,x26	 x26:0x7fc00000 f31=0x4eff8000
     459445.000 ns	     45943	80009740	019ee233	or	x4,x29,x25	 x29:0x80041024 x25:0x00000000  x4=0x80041024
     459465.000 ns	     45945	80009744	e00a81d3	fmv.x.w	x3,f21	 f21:0xcefff7e0  x3=0xcefff7e0
     459495.000 ns	     45948	80009748	03fe34b3	mulhu	x9,x28,x31	 x28:0x7fc00000 x31:0x00000000  x9=0x00000000
     459525.000 ns	     45951	8000974c	28628753	fmin.s	f14,f5,f6	  f5:0x00000000  f6:0x7fc00000 f14=0x00000000
     459555.000 ns	     45954	80009750	03a53cb3	mulhu	x25,x10,x26	 x10:0x00000000 x26:0x7fc00000 x25=0x00000000
     459575.000 ns	     45956	80009754	017e63b3	or	x7,x28,x23	 x28:0x7fc00000 x23:0xffffffff  x7=0xffffffff
     459585.000 ns	     45957	80009758	bf3409b7	lui	x19,0xbf340	 x19=0xbf340000
     459625.000 ns	     45961	8000975c	09ab76d3	fsub.s	f13,f22,f26	 f22:0xff800000 f26:0xcfbffdb8 f13=0xff800000
     459655.000 ns	     45964	80009760	e0031a53	fclass.s	x20,f6	  f6:0x7fc00000 x20=0x00000200
     459675.000 ns	     45966	80009764	005ffa33	and	x20,x31,x5	 x31:0x00000000  x5:0xffda2849 x20=0x00000000
     459695.000 ns	     45968	80009768	03cb9333	mulh	x6,x23,x28	 x23:0xffffffff x28:0x7fc00000  x6=0xffffffff
     459725.000 ns	     45971	8000976c	e0020353	fmv.x.w	x6,f4	  f4:0xcefff7e0  x6=0xcefff7e0
     459755.000 ns	     45974	80009770	20b00853	fsgnj.s	f16,f0,f11	  f0:0x7fc00000 f11:0x7fc00000 f16=0x7fc00000
     459775.000 ns	     45976	80009774	b24b7b13	andi	x22,x22,-1244	 x22:0x00000000 x22=0x00000000
     459785.000 ns	     45977	80009778	91bc4d93	xori	x27,x24,-1765	 x24:0x00000000 x27=0xfffff91b
     459795.000 ns	     45978	8000977c	2e357293	andi	x5,x10,739	 x10:0x00000000  x5=0x00000000
     459805.000 ns	     45979	80009780	41ff5cb3	sra	x25,x30,x31	 x30:0x00000000 x31:0x00000000 x25=0x00000000
     460165.000 ns	     46015	80009784	024268b3	rem	x17,x4,x4	  x4:0x80041024  x4:0x80041024 x17=0x00000000
     460185.000 ns	     46017	80009788	4137d733	sra	x14,x15,x19	 x15:0x7ffbfa80 x19:0xbf340000 x14=0x7ffbfa80
     460205.000 ns	     46019	8000978c	291d0f53	fmin.s	f30,f26,f17	 f26:0xcfbffdb8 f17:0x7fc00000 f30=0xcfbffdb8
     460225.000 ns	     46021	80009790	4144d1b3	sra	x3,x9,x20	  x9:0x00000000 x20:0x00000000  x3=0x00000000
     460245.000 ns	     46023	80009794	0364b7b3	mulhu	x15,x9,x22	  x9:0x00000000 x22:0x00000000 x15=0x00000000
     460275.000 ns	     46026	80009798	20df0753	fsgnj.s	f14,f30,f13	 f30:0xcfbffdb8 f13:0xff800000 f14=0xcfbffdb8
     460305.000 ns	     46029	8000979c	f0038053	fmv.w.x	f0,x7	  x7:0xffffffff  f0=0xffffffff
     460325.000 ns	     46031	800097a0	d160ff13	andi	x30,x1,-746	  x1:0x00000000 x30=0x00000000
     460345.000 ns	     46033	800097a4	a0698053	fle.s	x0,f19,f6	 f19:0x3f800000  f6:0x7fc00000
     460365.000 ns	     46035	800097a8	00b31313	slli	x6,x6,0xb	  x6:0xcefff7e0  x6=0xffbf0000
     460385.000 ns	     46037	800097ac	20f60653	fsgnj.s	f12,f12,f15	 f12:0x44314000 f15:0x7fc00000 f12=0x44314000
     460405.000 ns	     46039	800097b0	b8c3cb13	xori	x22,x7,-1140	  x7:0xffffffff x22=0x00000473
     460415.000 ns	     46040	800097b4	8e34f393	andi	x7,x9,-1821	  x9:0x00000000  x7=0x00000000
     460425.000 ns	     46041	800097b8	bd987013	andi	x0,x16,-1063	 x16:0x000002c5
     460465.000 ns	     46045	800097bc	08302953	fsub.s	f18,f0,f3	  f0:0xffffffff  f3:0x4efff7f5 f18=0x7fc00000
     460485.000 ns	     46047	800097c0	879c3b93	sltiu	x23,x24,-1927	 x24:0x00000000 x23=0x00000001
     460505.000 ns	     46049	800097c4	0276f933	remu	x18,x13,x7	 x13:0x80040841  x7:0x00000000 x18=0x80040841
     460525.000 ns	     46051	800097c8	00b55c93	srli	x25,x10,0xb	 x10:0x00000000 x25=0x00000000
     460885.000 ns	     46087	800097cc	03be6a33	rem	x20,x28,x27	 x28:0x7fc00000 x27:0xfffff91b x20=0x000001a8
     460935.000 ns	     46092	800097d0	0086f1d3	fadd.s	f3,f13,f8	 f13:0xff800000  f8:0xb27ff7e0  f3=0xff800000
     460955.000 ns	     46094	800097d4	40e1d013	srai	x0,x3,0xe	  x3:0x00000000
     460975.000 ns	     46096	800097d8	e00b8d53	fmv.x.w	x26,f23	 f23:0x00000000 x26=0x00000000
     461005.000 ns	     46099	800097dc	02ba47b3	div	x15,x20,x11	 x20:0x000001a8 x11:0x00000000 x15=0xffffffff
     461035.000 ns	     46102	800097e0	a03da353	feq.s	x6,f27,f3	 f27:0x80000000  f3:0xff800000  x6=0x00000000
     461065.000 ns	     46105	800097e4	02696db3	rem	x27,x18,x6	 x18:0x80040841  x6:0xffbf0000 x27=0x80040841
     461085.000 ns	     46107	800097e8	5d6dff13	andi	x30,x27,1494	 x27:0xfffff91b x30=0x00000040
     461105.000 ns	     46109	800097ec	e00a1a53	fclass.s	x20,f20	 f20:0x4efff7df x20=0x00000040
     461135.000 ns	     46112	800097f0	c00979d3	fcvt.w.s	x19,f18	 f18:0x7fc00000 x19=0x7fffffff
     461185.000 ns	     46117	800097f4	0810f053	fsub.s	f0,f1,f1	  f1:0x00000000  f1:0x00000000  f0=0x80000000
     461215.000 ns	     46120	800097f8	d01d7d53	fcvt.s.wu	f26,x26	 x26:0x00000000 f26=0x00000000
     461255.000 ns	     46124	800097fc	580da8d3	fsqrt.s	f17,f27	 f27:0x80000000 f17=0x80000000
     461625.000 ns	     46161	80009800	036fc933	div	x18,x31,x22	 x31:0x00000000 x22:0x00000473 x18=0x00000000
     461655.000 ns	     46164	80009804	29951653	fmax.s	f12,f10,f25	 f10:0xcefff7e0 f25:0x7fc00000 f12=0xcefff7e0
     461685.000 ns	     46167	80009808	026a7e33	remu	x28,x20,x6	 x20:0x00000040  x6:0x00000000 x28=0x00000040
     461715.000 ns	     46170	8000980c	d00249d3	fcvt.s.w	f19,x4	  x4:0x80041024 f19=0xcefff7e0
     461735.000 ns	     46172	80009810	00af61b3	or	x3,x30,x10	 x30:0x00000040 x10:0x00000000  x3=0x00000040
     461745.000 ns	     46173	80009814	b2fe8f37	lui	x30,0xb2fe8	 x30=0xb2fe8000
     461765.000 ns	     46175	80009818	033707b3	mul	x15,x14,x19	 x14:0x7ffbfa80 x19:0x7fffffff x15=0x80040580
     461795.000 ns	     46178	8000981c	29d41853	fmax.s	f16,f8,f29	  f8:0xb27ff7e0 f29:0x7fc00000 f16=0xb27ff7e0
     461825.000 ns	     46181	80009820	21d69553	fsgnjn.s	f10,f13,f29	 f13:0xff800000 f29:0x7fc00000 f10=0xff800000
     461855.000 ns	     46184	80009824	21f812d3	fsgnjn.s	f5,f16,f31	 f16:0xb27ff7e0 f31:0x4eff8000  f5=0xb27ff7e0
     461875.000 ns	     46186	80009828	0100a733	slt	x14,x1,x16	  x1:0x00000000 x16:0x000002c5 x14=0x00000001
     461895.000 ns	     46188	8000982c	21bd9253	fsgnjn.s	f4,f27,f27	 f27:0x80000000 f27:0x80000000  f4=0x00000000
     461925.000 ns	     46191	80009830	e00d8753	fmv.x.w	x14,f27	 f27:0x80000000 x14=0x80000000
     461945.000 ns	     46193	80009834	00000013	addi	x0,x0,0	  x0:0x00000000
     461965.000 ns	     46195	80009838	20799cd3	fsgnjn.s	f25,f19,f7	 f19:0xcefff7e0  f7:0x00000000 f25=0xcefff7e0
     462305.000 ns	     46229	8000983c	18ea4953	fdiv.s	f18,f20,f14	 f20:0x4efff7df f14:0xcfbffdb8 f18=0xbe7ff7e0
     462325.000 ns	     46231	80009840	821b6193	ori	x3,x22,-2015	 x22:0x00000473  x3=0xfffffc73
     462345.000 ns	     46233	80009844	e0019d53	fclass.s	x26,f3	  f3:0xff800000 x26=0x00000001
     462375.000 ns	     46236	80009848	0279d233	divu	x4,x19,x7	 x19:0x7fffffff  x7:0x00000000  x4=0xffffffff
     462405.000 ns	     46239	8000984c	f00c05d3	fmv.w.x	f11,x24	 x24:0x00000000 f11=0x00000000
     462425.000 ns	     46241	80009850	0144ec33	or	x24,x9,x20	  x9:0x00000000 x20:0x00000040 x24=0x00000040
     462435.000 ns	     46242	80009854	69690793	addi	x15,x18,1686	 x18:0x00000000 x15=0x00000696
     462445.000 ns	     46243	80009858	0199e833	or	x16,x19,x25	 x19:0x7fffffff x25:0x00000000 x16=0x7fffffff
     462455.000 ns	     46244	8000985c	00ddfbb3	and	x23,x27,x13	 x27:0x80040841 x13:0x80040841 x23=0x80040841
     462465.000 ns	     46245	80009860	40aedbb3	sra	x23,x29,x10	 x29:0x80041024 x10:0x00000000 x23=0x80041024
     462475.000 ns	     46246	80009864	003bc1b3	xor	x3,x23,x3	 x23:0x00000001  x3:0xfffffc73  x3=0x7ffbec57
     462495.000 ns	     46248	80009868	e00e8bd3	fmv.x.w	x23,f29	 f29:0x7fc00000 x23=0x7fc00000
     462525.000 ns	     46251	8000986c	d00ff253	fcvt.s.w	f4,x31	 x31:0x00000000  f4=0x00000000
     462545.000 ns	     46253	80009870	41605433	sra	x8,x0,x22	  x0:0x00000000 x22:0x00000473  x8=0x00000000
     462565.000 ns	     46255	80009874	f00708d3	fmv.w.x	f17,x14	 x14:0x80000000 f17=0x80000000
     462595.000 ns	     46258	80009878	c016b3d3	fcvt.wu.s	x7,f13	 f13:0xff800000  x7=0x00000000
     462615.000 ns	     46260	8000987c	40d90bb3	sub	x23,x18,x13	 x18:0x00000000 x13:0x80040841 x23=0x7ffbf7bf
     462635.000 ns	     46262	80009880	027822b3	mulhsu	x5,x16,x7	 x16:0x7fffffff  x7:0x00000000  x5=0x00000000
     463005.000 ns	     46299	80009884	03624533	div	x10,x4,x22	  x4:0xffffffff x22:0x00000473 x10=0x00000000
     463025.000 ns	     46301	80009888	01bd33b3	sltu	x7,x26,x27	 x26:0x00000001 x27:0x80040841  x7=0x00000001
     463045.000 ns	     46303	8000988c	024725b3	mulhsu	x11,x14,x4	 x14:0x80000000  x4:0xffffffff x11=0x80000000
     463065.000 ns	     46305	80009890	fe930037	lui	x0,0xfe930	
     463085.000 ns	     46307	80009894	031de9b3	rem	x19,x27,x17	 x27:0x80040841 x17:0x00000000 x19=0x80040841
     463105.000 ns	     46309	80009898	406c8533	sub	x10,x25,x6	 x25:0x00000000  x6:0x00000000 x10=0x00000000
     463125.000 ns	     46311	8000989c	210008d3	fsgnj.s	f17,f0,f16	  f0:0x80000000 f16:0xb27ff7e0 f17=0x80000000
     463155.000 ns	     46314	800098a0	d0077153	fcvt.s.w	f2,x14	 x14:0x80000000  f2=0xcf000000
     463185.000 ns	     46317	800098a4	03b4adb3	mulhsu	x27,x9,x27	  x9:0x00000000 x27:0x80040841 x27=0x00000000
     463205.000 ns	     46319	800098a8	22263713	sltiu	x14,x12,546	 x12:0x80040fe4 x14=0x00000000
     463565.000 ns	     46355	800098ac	02def9b3	remu	x19,x29,x13	 x29:0x80041024 x13:0x80040841 x19=0x000007e3
     463585.000 ns	     46357	800098b0	011826b3	slt	x13,x16,x17	 x16:0x7fffffff x17:0x00000000 x13=0x00000000
     463595.000 ns	     46358	800098b4	00cd3833	sltu	x16,x26,x12	 x26:0x00000001 x12:0x80040fe4 x16=0x00000001
     463615.000 ns	     46360	800098b8	216b07d3	fsgnj.s	f15,f22,f22	 f22:0xff800000 f22:0xff800000 f15=0xff800000
     463635.000 ns	     46362	800098bc	013fd3b3	srl	x7,x31,x19	 x31:0x00000000 x19:0x000007e3  x7=0x00000000
     463665.000 ns	     46365	800098c0	58021753	fsqrt.s	f14,f4	  f4:0x00000000 f14=0x00000000
     463695.000 ns	     46368	800098c4	c01a74d3	fcvt.wu.s	x9,f20	 f20:0x4efff7df  x9=0x7ffbef80
     463715.000 ns	     46370	800098c8	41dfddb3	sra	x27,x31,x29	 x31:0x00000000 x29:0x80041024 x27=0x00000000
     463735.000 ns	     46372	800098cc	e0089dd3	fclass.s	x27,f17	 f17:0x80000000 x27=0x00000008
     463785.000 ns	     46377	800098d0	08fdf6d3	fsub.s	f13,f27,f15	 f27:0x80000000 f15:0xff800000 f13=0x7f800000
     463805.000 ns	     46379	800098d4	401bde33	sra	x28,x23,x1	 x23:0x7ffbf7bf  x1:0x00000000 x28=0x7ffbf7bf
     463815.000 ns	     46380	800098d8	0018fa33	and	x20,x17,x1	 x17:0x00000000  x1:0x00000000 x20=0x00000000
     463835.000 ns	     46382	800098dc	c013c9d3	fcvt.wu.s	x19,f7	  f7:0x00000000 x19=0x00000000
     463885.000 ns	     46387	800098e0	0865fad3	fsub.s	f21,f11,f6	 f11:0x00000000  f6:0x7fc00000 f21=0x7fc00000
     463915.000 ns	     46390	800098e4	e00590d3	fclass.s	x1,f11	 f11:0x00000000  x1=0x00000010
     463945.000 ns	     46393	800098e8	03f27b33	remu	x22,x4,x31	  x4:0xffffffff x31:0x00000000 x22=0xffffffff
     463965.000 ns	     46395	800098ec	7825e693	ori	x13,x11,1922	 x11:0x80000000 x13=0x80000782
     463975.000 ns	     46396	800098f0	001f6433	or	x8,x30,x1	 x30:0xb2fe8000  x1:0x00000010  x8=0xb2fe8010
     463985.000 ns	     46397	800098f4	0088be33	sltu	x28,x17,x8	 x17:0x00000000  x8:0x00000000 x28=0x00000001
     464005.000 ns	     46399	800098f8	032a6f33	rem	x30,x20,x18	 x20:0x00000000 x18:0x00000000 x30=0x00000000
     464045.000 ns	     46403	800098fc	19d83dd3	fdiv.s	f27,f16,f29	 f16:0xb27ff7e0 f29:0x7fc00000 f27=0x7fc00000
     464065.000 ns	     46405	80009900	0108c6b3	xor	x13,x17,x16	 x17:0x00000000 x16:0x00000001 x13=0x00000001
     464085.000 ns	     46407	80009904	29e29753	fmax.s	f14,f5,f30	  f5:0xb27ff7e0 f30:0xcfbffdb8 f14=0xb27ff7e0
     464115.000 ns	     46410	80009908	20fe0853	fsgnj.s	f16,f28,f15	 f28:0x4c000410 f15:0xff800000 f16=0xcc000410
     464165.000 ns	     46415	8000990c	087f0d53	fsub.s	f26,f30,f7	 f30:0xcfbffdb8  f7:0x00000000 f26=0xcfbffdb8
     464195.000 ns	     46418	80009910	e0088253	fmv.x.w	x4,f17	 f17:0x80000000  x4=0x80000000
     464215.000 ns	     46420	80009914	a0b93393	sltiu	x7,x18,-1525	 x18:0x00000000  x7=0x00000001
     464225.000 ns	     46421	80009918	40885b33	sra	x22,x16,x8	 x16:0x00000001  x8:0xb2fe8010 x22=0x00000000
     464235.000 ns	     46422	8000991c	01ae10b3	sll	x1,x28,x26	 x28:0x00000001 x26:0x00000001  x1=0x00000002
     464565.000 ns	     46455	80009920	182d3fd3	fdiv.s	f31,f26,f2	 f26:0xcfbffdb8  f2:0xcf000000 f31=0x3fbffdb8
     464595.000 ns	     46458	80009924	a04b0353	fle.s	x6,f22,f4	 f22:0xff800000  f4:0x00000000  x6=0x00000001
     464615.000 ns	     46460	80009928	00000013	addi	x0,x0,0	  x0:0x00000000
     464625.000 ns	     46461	8000992c	01bfc8b3	xor	x17,x31,x27	 x31:0x00000000 x27:0x00000008 x17=0x00000008
     464645.000 ns	     46463	80009930	c013fc53	fcvt.wu.s	x24,f7	  f7:0x00000000 x24=0x00000000
     464665.000 ns	     46465	80009934	00bddf13	srli	x30,x27,0xb	 x27:0x00000008 x30=0x00000000
     464675.000 ns	     46466	80009938	003cd333	srl	x6,x25,x3	 x25:0x00000000  x3:0x7ffbec57  x6=0x00000000
     464685.000 ns	     46467	8000993c	300ee493	ori	x9,x29,768	 x29:0x80041024  x9=0x80041324
     464705.000 ns	     46469	80009940	c014afd3	fcvt.wu.s	x31,f9	  f9:0x4efff7dd x31=0x7ffbee80
     464745.000 ns	     46473	80009944	58069fd3	fsqrt.s	f31,f13	 f13:0x7f800000 f31=0x7f800000
     464765.000 ns	     46475	80009948	dc440f13	addi	x30,x8,-572	  x8:0xb2fe8010 x30=0xb2fe7dd4
     464775.000 ns	     46476	8000994c	e80d0093	addi	x1,x26,-384	 x26:0x00000001  x1=0xfffffe81
     464795.000 ns	     46478	80009950	d0187053	fcvt.s.wu	f0,x16	 x16:0x00000001  f0=0x3f800000
     464815.000 ns	     46480	80009954	01e9b5b3	sltu	x11,x19,x30	 x19:0x00000000 x30:0xb2fe7dd4 x11=0x00000001
     464835.000 ns	     46482	80009958	216ba853	fsgnjx.s	f16,f23,f22	 f23:0x00000000 f22:0xff800000 f16=0x80000000
     464865.000 ns	     46485	8000995c	e0059553	fclass.s	x10,f11	 f11:0x00000000 x10=0x00000010
     464885.000 ns	     46487	80009960	004c65b3	or	x11,x24,x4	 x24:0x00000000  x4:0x80000000 x11=0x80000000
     465245.000 ns	     46523	80009964	02d2f533	remu	x10,x5,x13	  x5:0x00000000 x13:0x00000001 x10=0x00000000
     465285.000 ns	     46527	80009968	58047b53	fsqrt.s	f22,f8	  f8:0xb27ff7e0 f22=0x7fc00000
     465315.000 ns	     46530	8000996c	28ea98d3	fmax.s	f17,f21,f14	 f21:0x7fc00000 f14:0xb27ff7e0 f17=0xb27ff7e0
     465345.000 ns	     46533	80009970	a1c68053	fle.s	x0,f13,f28	 f13:0x7f800000 f28:0x4c000410
     465365.000 ns	     46535	80009974	9fb9ca93	xori	x21,x19,-1541	 x19:0x00000000 x21=0xfffff9fb
     465385.000 ns	     46537	80009978	e00490d3	fclass.s	x1,f9	  f9:0x4efff7dd  x1=0x00000040
     465415.000 ns	     46540	8000997c	e0071853	fclass.s	x16,f14	 f14:0xb27ff7e0 x16=0x00000002
     465445.000 ns	     46543	80009980	f00d01d3	fmv.w.x	f3,x26	 x26:0x00000001  f3=0x00000001
     465465.000 ns	     46545	80009984	01130c33	add	x24,x6,x17	  x6:0x00000000 x17:0x00000008 x24=0x00000008
     465475.000 ns	     46546	80009988	cf11c593	xori	x11,x3,-783	  x3:0x7ffbec57 x11=0x800410a6
     465835.000 ns	     46582	8000998c	03d47233	remu	x4,x8,x29	  x8:0xb2fe8010 x29:0x80041024  x4=0x32fa6fec
     465865.000 ns	     46585	80009990	0228b4b3	mulhu	x9,x17,x2	 x17:0x00000008  x2:0xed14be56  x9=0x00000007
     465895.000 ns	     46588	80009994	a1f19e53	flt.s	x28,f3,f31	  f3:0x00000001 f31:0x7f800000 x28=0x00000001
     465915.000 ns	     46590	80009998	010d5db3	srl	x27,x26,x16	 x26:0x00000001 x16:0x00000002 x27=0x00000000
     465925.000 ns	     46591	8000999c	406958b3	sra	x17,x18,x6	 x18:0x00000000  x6:0x00000000 x17=0x00000000
     465955.000 ns	     46594	800099a0	11aa7d53	fmul.s	f26,f20,f26	 f20:0x4efff7df f26:0xcfbffdb8 f26=0xdf3ff79f
     465975.000 ns	     46596	800099a4	ea062a13	slti	x20,x12,-352	 x12:0x80040fe4 x20=0x00000001
     465985.000 ns	     46597	800099a8	00c40d33	add	x26,x8,x12	  x8:0xb2fe8010 x12:0x80040fe4 x26=0x33028ff4
     466005.000 ns	     46599	800099ac	d00943d3	fcvt.s.w	f7,x18	 x18:0x00000000  f7=0x00000000
     466025.000 ns	     46601	800099b0	40d35713	srai	x14,x6,0xd	  x6:0x00000000 x14=0x00000000
     466385.000 ns	     46637	800099b4	037acb33	div	x22,x21,x23	 x21:0xfffff9fb x23:0x7ffbf7bf x22=0x00000000
     466435.000 ns	     46642	800099b8	0802ced3	fsub.s	f29,f5,f0	  f5:0xb27ff7e0  f0:0x3f800000 f29=0xbf800000
     466465.000 ns	     46645	800099bc	035cb5b3	mulhu	x11,x25,x21	 x25:0x00000000 x21:0xfffff9fb x11=0x00000000
     466485.000 ns	     46647	800099c0	9f797713	andi	x14,x18,-1545	 x18:0x00000000 x14=0x00000000
     466495.000 ns	     46648	800099c4	016961b3	or	x3,x18,x22	 x18:0x00000000 x22:0x00000000  x3=0x00000000
     466505.000 ns	     46649	800099c8	01d443b3	xor	x7,x8,x29	  x8:0xb2fe8010 x29:0x80041024  x7=0x32fa9034
     466525.000 ns	     46651	800099cc	295b9553	fmax.s	f10,f23,f21	 f23:0x00000000 f21:0x7fc00000 f10=0x00000000
     466545.000 ns	     46653	800099d0	019094b3	sll	x9,x1,x25	  x1:0x00000040 x25:0x00000000  x9=0x00000040
     466555.000 ns	     46654	800099d4	40d1de33	sra	x28,x3,x13	  x3:0x00000000 x13:0x00000001 x28=0x00000000
     466565.000 ns	     46655	800099d8	00000013	addi	x0,x0,0	  x0:0x00000000
     466575.000 ns	     46656	800099dc	00160bb3	add	x23,x12,x1	 x12:0x80040fe4  x1:0x00000040 x23=0x80041024
     466605.000 ns	     46659	800099e0	11a78bd3	fmul.s	f23,f15,f26	 f15:0xff800000 f26:0xdf3ff79f f23=0x7f800000
     466635.000 ns	     46662	800099e4	216715d3	fsgnjn.s	f11,f14,f22	 f14:0xb27ff7e0 f22:0x7fc00000 f11=0xb27ff7e0
     466655.000 ns	     46664	800099e8	00ac4e33	xor	x28,x24,x10	 x24:0x00000008 x10:0x00000000 x28=0x00000008
     466675.000 ns	     46666	800099ec	29500cd3	fmin.s	f25,f0,f21	  f0:0x3f800000 f21:0x7fc00000 f25=0x3f800000
     466705.000 ns	     46669	800099f0	02d80933	mul	x18,x16,x13	 x16:0x00000002 x13:0x00000001 x18=0x00000002
     466725.000 ns	     46671	800099f4	012bd8b3	srl	x17,x23,x18	 x23:0x80041024 x18:0x00000000 x17=0x20010409
     466735.000 ns	     46672	800099f8	00cdb6b3	sltu	x13,x27,x12	 x27:0x00000000 x12:0x80040fe4 x13=0x00000001
     466745.000 ns	     46673	800099fc	01159793	slli	x15,x11,0x11	 x11:0x00000000 x15=0x00000000
     466755.000 ns	     46674	80009a00	00c21293	slli	x5,x4,0xc	  x4:0x32fa6fec  x5=0xa6fec000
     466775.000 ns	     46676	80009a04	20a9abd3	fsgnjx.s	f23,f19,f10	 f19:0xcefff7e0 f10:0x00000000 f23=0xcefff7e0
     466805.000 ns	     46679	80009a08	e0041b53	fclass.s	x22,f8	  f8:0xb27ff7e0 x22=0x00000002
     466855.000 ns	     46684	80009a0c	0107fb53	fadd.s	f22,f15,f16	 f15:0xff800000 f16:0x80000000 f22=0xff800000
     466875.000 ns	     46686	80009a10	cc104193	xori	x3,x0,-831	  x0:0x00000000  x3=0xfffffcc1
     466905.000 ns	     46689	80009a14	113eb3d3	fmul.s	f7,f29,f19	 f29:0xbf800000 f19:0xcefff7e0  f7=0x4efff7e0
     466945.000 ns	     46693	80009a18	11b2bc53	fmul.s	f24,f5,f27	  f5:0xb27ff7e0 f27:0x7fc00000 f24=0x7fc00000
     466965.000 ns	     46695	80009a1c	417cdd13	srai	x26,x25,0x17	 x25:0x00000000 x26=0x00000000
     466975.000 ns	     46696	80009a20	006425b3	slt	x11,x8,x6	  x8:0xb2fe8010  x6:0x00000000 x11=0x00000001
     466995.000 ns	     46698	80009a24	03b3ed33	rem	x26,x7,x27	  x7:0x32fa9034 x27:0x00000000 x26=0x32fa9034
     467365.000 ns	     46735	80009a28	0318da33	divu	x20,x17,x17	 x17:0x20010409 x17:0x20010409 x20=0x00000001
     467405.000 ns	     46739	80009a2c	1188ab53	fmul.s	f22,f17,f24	 f17:0xb27ff7e0 f24:0x7fc00000 f22=0x7fc00000
     467435.000 ns	     46742	80009a30	21739853	fsgnjn.s	f16,f7,f23	  f7:0x4efff7e0 f23:0xcefff7e0 f16=0x4efff7e0
     467465.000 ns	     46745	80009a34	214a15d3	fsgnjn.s	f11,f20,f20	 f20:0x4efff7df f20:0x4efff7df f11=0xcefff7df
     467515.000 ns	     46750	80009a38	002e71d3	fadd.s	f3,f28,f2	 f28:0x4c000410  f2:0xcf000000  f3=0xcefbffde
     467545.000 ns	     46753	80009a3c	214aac53	fsgnjx.s	f24,f21,f20	 f21:0x7fc00000 f20:0x4efff7df f24=0x7fc00000
     467575.000 ns	     46756	80009a40	d01e1c53	fcvt.s.wu	f24,x28	 x28:0x00000008 f24=0x41000000
     467605.000 ns	     46759	80009a44	e00299d3	fclass.s	x19,f5	  f5:0xb27ff7e0 x19=0x00000002
     467645.000 ns	     46763	80009a48	198f91d3	fdiv.s	f3,f31,f24	 f31:0x7f800000 f24:0x41000000  f3=0x7f800000
     467665.000 ns	     46765	80009a4c	14f4cd17	auipc	x26,0x14f4c	 x26=0x94f55a4c
     467685.000 ns	     46767	80009a50	a09a8853	fle.s	x16,f21,f9	 f21:0x7fc00000  f9:0x4efff7dd x16=0x00000000
     468055.000 ns	     46804	80009a54	0342fe33	remu	x28,x5,x20	  x5:0xa6fec000 x20:0x00000001 x28=0x00000000
     468085.000 ns	     46807	80009a58	281004d3	fmin.s	f9,f0,f1	  f0:0x3f800000  f1:0x00000000  f9=0x00000000
     468105.000 ns	     46809	80009a5c	9c847d17	auipc	x26,0x9c847	 x26=0x1c850a5c
     468115.000 ns	     46810	80009a60	016c5433	srl	x8,x24,x22	 x24:0x00000008 x22:0x00000002  x8=0x00000002
     468125.000 ns	     46811	80009a64	fd332f93	slti	x31,x6,-45	  x6:0x00000000 x31=0x00000000
     468135.000 ns	     46812	80009a68	403657b3	sra	x15,x12,x3	 x12:0x80040fe4  x3:0xfffffcc1 x15=0xc00207f2
     468165.000 ns	     46815	80009a6c	580a8553	fsqrt.s	f10,f21	 f21:0x7fc00000 f10=0x7fc00000
     468185.000 ns	     46817	80009a70	01c69993	slli	x19,x13,0x1c	 x13:0x00000001 x19=0x10000000
     468205.000 ns	     46819	80009a74	d01c78d3	fcvt.s.wu	f17,x24	 x24:0x00000008 f17=0x41000000
     468225.000 ns	     46821	80009a78	ccc87493	andi	x9,x16,-820	 x16:0x00000000  x9=0x00000000
     468585.000 ns	     46857	80009a7c	03a6c5b3	div	x11,x13,x26	 x13:0x00000001 x26:0x1c850a5c x11=0x00000000
     468605.000 ns	     46859	80009a80	646e0293	addi	x5,x28,1606	 x28:0x00000000  x5=0x00000646
     468615.000 ns	     46860	80009a84	0012f933	and	x18,x5,x1	  x5:0xa6fec000  x1:0x00000040 x18=0x00000040
     468625.000 ns	     46861	80009a88	00000013	addi	x0,x0,0	  x0:0x00000000
     468635.000 ns	     46862	80009a8c	b17d9597	auipc	x11,0xb17d9	 x11=0x317e2a8c
     468645.000 ns	     46863	80009a90	409400b3	sub	x1,x8,x9	  x8:0x00000002  x9:0x00000000  x1=0x00000002
     468665.000 ns	     46865	80009a94	20c0aad3	fsgnjx.s	f21,f1,f12	  f1:0x00000000 f12:0xcefff7e0 f21=0x80000000
     468685.000 ns	     46867	80009a98	413a5013	srai	x0,x20,0x13	 x20:0x00000001
     468705.000 ns	     46869	80009a9c	20fdab53	fsgnjx.s	f22,f27,f15	 f27:0x7fc00000 f15:0xff800000 f22=0xffc00000
     468725.000 ns	     46871	80009aa0	41c751b3	sra	x3,x14,x28	 x14:0x00000000 x28:0x00000000  x3=0x00000000
     468745.000 ns	     46873	80009aa4	e00e9753	fclass.s	x14,f29	 f29:0xbf800000 x14=0x00000002
     468775.000 ns	     46876	80009aa8	215f03d3	fsgnj.s	f7,f30,f21	 f30:0xcfbffdb8 f21:0x80000000  f7=0xcfbffdb8
     468805.000 ns	     46879	80009aac	02941b33	mulh	x22,x8,x9	  x8:0x00000002  x9:0x00000000 x22=0x00000000
     468825.000 ns	     46881	80009ab0	414cd813	srai	x16,x25,0x14	 x25:0x00000000 x16=0x00000000
     468845.000 ns	     46883	80009ab4	214593d3	fsgnjn.s	f7,f11,f20	 f11:0xcefff7df f20:0x4efff7df  f7=0xcefff7df
     468865.000 ns	     46885	80009ab8	e032aa93	slti	x21,x5,-509	  x5:0x00000646 x21=0x00000000
     468875.000 ns	     46886	80009abc	353a3b37	lui	x22,0x353a3	 x22=0x353a3000
     469205.000 ns	     46919	80009ac0	192bf953	fdiv.s	f18,f23,f18	 f23:0xcefff7e0 f18:0xbe7ff7e0 f18=0x5020df51
     469235.000 ns	     46922	80009ac4	03dcb3b3	mulhu	x7,x25,x29	 x25:0x00000000 x29:0x80041024  x7=0x00000000
     469255.000 ns	     46924	80009ac8	054edfb7	lui	x31,0x54ed	 x31=0x054ed000
     469275.000 ns	     46926	80009acc	280a0a53	fmin.s	f20,f20,f0	 f20:0x4efff7df  f0:0x3f800000 f20=0x3f800000
     469295.000 ns	     46928	80009ad0	0093b533	sltu	x10,x7,x9	  x7:0x00000000  x9:0x00000000 x10=0x00000000
     469315.000 ns	     46930	80009ad4	21600353	fsgnj.s	f6,f0,f22	  f0:0x3f800000 f22:0xffc00000  f6=0xbf800000
     469335.000 ns	     46932	80009ad8	87ee2217	auipc	x4,0x87ee2	  x4=0x07eebad8
     469365.000 ns	     46935	80009adc	580d0fd3	fsqrt.s	f31,f26	 f26:0xdf3ff79f f31=0x7fc00000
     469395.000 ns	     46938	80009ae0	c01b34d3	fcvt.wu.s	x9,f22	 f22:0xffc00000  x9=0xffffffff
     470505.000 ns	     47049	80009ae4	58097e53	fsqrt.s	f28,f18	 f18:0x5020df51 f28=0x47638174
     470535.000 ns	     47052	80009ae8	e00a88d3	fmv.x.w	x17,f21	 f21:0x80000000 x17=0x80000000
     470565.000 ns	     47055	80009aec	290e13d3	fmax.s	f7,f28,f16	 f28:0x47638174 f16:0x4efff7e0  f7=0x4efff7e0
     470595.000 ns	     47058	80009af0	a0460bd3	fle.s	x23,f12,f4	 f12:0xcefff7e0  f4:0x00000000 x23=0x00000001
     470615.000 ns	     47060	80009af4	6c65cf13	xori	x30,x11,1734	 x11:0x317e2a8c x30=0x317e2c4a
     470635.000 ns	     47062	80009af8	21a90d53	fsgnj.s	f26,f18,f26	 f18:0x5020df51 f26:0xdf3ff79f f26=0xd020df51
     470665.000 ns	     47065	80009afc	c01e7553	fcvt.wu.s	x10,f28	 f28:0x47638174 x10=0x0000e381
     470705.000 ns	     47069	80009b00	1180f3d3	fmul.s	f7,f1,f24	  f1:0x00000000 f24:0x41000000  f7=0x00000000
     471075.000 ns	     47106	80009b04	0221d9b3	divu	x19,x3,x2	  x3:0x00000000  x2:0xed14be56 x19=0x00000000
     471105.000 ns	     47109	80009b08	02988c33	mul	x24,x17,x9	 x17:0x80000000  x9:0xffffffff x24=0x80000000
     471135.000 ns	     47112	80009b0c	d00a7fd3	fcvt.s.w	f31,x20	 x20:0x00000001 f31=0x3f800000
     471165.000 ns	     47115	80009b10	02798433	mul	x8,x19,x7	 x19:0x00000000  x7:0x00000000  x8=0x00000000
     471195.000 ns	     47118	80009b14	284b93d3	fmax.s	f7,f23,f4	 f23:0xcefff7e0  f4:0x00000000  f7=0x00000000
     471215.000 ns	     47120	80009b18	01570933	add	x18,x14,x21	 x14:0x00000002 x21:0x00000000 x18=0x00000002
     471235.000 ns	     47122	80009b1c	d01f1953	fcvt.s.wu	f18,x30	 x30:0x317e2c4a f18=0x4e45f8b1
     471265.000 ns	     47125	80009b20	214882d3	fsgnj.s	f5,f17,f20	 f17:0x41000000 f20:0x3f800000  f5=0x41000000
     471285.000 ns	     47127	80009b24	00000013	addi	x0,x0,0	  x0:0x00000000
     471305.000 ns	     47129	80009b28	a1e18dd3	fle.s	x27,f3,f30	  f3:0x7f800000 f30:0xcfbffdb8 x27=0x00000000
     471335.000 ns	     47132	80009b2c	28f98ad3	fmin.s	f21,f19,f15	 f19:0xcefff7e0 f15:0xff800000 f21=0xff800000
     471355.000 ns	     47134	80009b30	019ad813	srli	x16,x21,0x19	 x21:0x00000000 x16=0x00000000
     471365.000 ns	     47135	80009b34	4028df13	srai	x30,x17,0x2	 x17:0x80000000 x30=0xe0000000
     471385.000 ns	     47137	80009b38	a16002d3	fle.s	x5,f0,f22	  f0:0x3f800000 f22:0xffc00000  x5=0x00000000
     471415.000 ns	     47140	80009b3c	023b13b3	mulh	x7,x22,x3	 x22:0x353a3000  x3:0x00000000  x7=0x00000000
     471435.000 ns	     47142	80009b40	0072d893	srli	x17,x5,0x7	  x5:0x00000000 x17=0x00000000
     471445.000 ns	     47143	80009b44	ab005e37	lui	x28,0xab005	 x28=0xab005000
     471455.000 ns	     47144	80009b48	007b6cb3	or	x25,x22,x7	 x22:0x353a3000  x7:0x00000000 x25=0x353a3000
     471465.000 ns	     47145	80009b4c	c55bb937	lui	x18,0xc55bb	 x18=0xc55bb000
     471495.000 ns	     47148	80009b50	5806bed3	fsqrt.s	f29,f13	 f13:0x7f800000 f29=0x7f800000
     471525.000 ns	     47151	80009b54	f00000d3	fmv.w.x	f1,x0	  x0:0x00000000  f1=0x00000000
     471555.000 ns	     47154	80009b58	20f70353	fsgnj.s	f6,f14,f15	 f14:0xb27ff7e0 f15:0xff800000  f6=0xb27ff7e0
     471605.000 ns	     47159	80009b5c	01621553	fadd.s	f10,f4,f22	  f4:0x00000000 f22:0xffc00000 f10=0x7fc00000
     471635.000 ns	     47162	80009b60	21de17d3	fsgnjn.s	f15,f28,f29	 f28:0x47638174 f29:0x7f800000 f15=0xc7638174
     471665.000 ns	     47165	80009b64	28d205d3	fmin.s	f11,f4,f13	  f4:0x00000000 f13:0x7f800000 f11=0x00000000
     471695.000 ns	     47168	80009b68	20959f53	fsgnjn.s	f30,f11,f9	 f11:0xcefff7df  f9:0x00000000 f30=0x80000000
     471735.000 ns	     47172	80009b6c	1081fa53	fmul.s	f20,f3,f8	  f3:0x7f800000  f8:0xb27ff7e0 f20=0xff800000
     471765.000 ns	     47175	80009b70	a1c5a7d3	feq.s	x15,f11,f28	 f11:0x00000000 f28:0x47638174 x15=0x00000000
     471795.000 ns	     47178	80009b74	0209ebb3	rem	x23,x19,x0	 x19:0x00000000  x0:0x00000000 x23=0x00000000
     471815.000 ns	     47180	80009b78	41550433	sub	x8,x10,x21	 x10:0x0000e381 x21:0x00000000  x8=0x0000e381
     471825.000 ns	     47181	80009b7c	006f9d13	slli	x26,x31,0x6	 x31:0x054ed000 x26=0x53b40000
     471835.000 ns	     47182	80009b80	4a7aa0b7	lui	x1,0x4a7aa	  x1=0x4a7aa000
     471845.000 ns	     47183	80009b84	86968913	addi	x18,x13,-1943	 x13:0x00000001 x18=0xfffff86a
     471865.000 ns	     47185	80009b88	c012fe53	fcvt.wu.s	x28,f5	  f5:0x41000000 x28=0x00000008
     471885.000 ns	     47187	80009b8c	00e922b3	slt	x5,x18,x14	 x18:0xc55bb000 x14:0x00000002  x5=0x00000001
     471905.000 ns	     47189	80009b90	033870b3	remu	x1,x16,x19	 x16:0x00000000 x19:0x00000000  x1=0x00000000
     471935.000 ns	     47192	80009b94	f00001d3	fmv.w.x	f3,x0	  x0:0x00000000  f3=0x00000000
     471955.000 ns	     47194	80009b98	00225593	srli	x11,x4,0x2	  x4:0x07eebad8 x11=0x01fbaeb6
     472315.000 ns	     47230	80009b9c	02827db3	remu	x27,x4,x8	  x4:0x07eebad8  x8:0x0000e381 x27=0x0000146b
     473495.000 ns	     47348	80009ba0	5808b953	fsqrt.s	f18,f17	 f17:0x41000000 f18=0x3fb50482
     473515.000 ns	     47350	80009ba4	41eddb33	sra	x22,x27,x30	 x27:0x0000146b x30:0xe0000000 x22=0x0000146b
     473525.000 ns	     47351	80009ba8	00d11293	slli	x5,x2,0xd	  x2:0xed14be56  x5=0x97cac000
     473535.000 ns	     47352	80009bac	040b4513	xori	x10,x22,64	 x22:0x353a3000 x10=0x0000142b
     473555.000 ns	     47354	80009bb0	f00d8c53	fmv.w.x	f24,x27	 x27:0x0000146b f24=0x0000146b
     473575.000 ns	     47356	80009bb4	b5f7e913	ori	x18,x15,-1185	 x15:0x00000000 x18=0xfffffb5f
     473615.000 ns	     47360	80009bb8	01dd7f53	fadd.s	f30,f26,f29	 f26:0xd020df51 f29:0x7f800000 f30=0x7f800000
     473645.000 ns	     47363	80009bbc	d004b653	fcvt.s.w	f12,x9	  x9:0xffffffff f12=0xbf800000
     473675.000 ns	     47366	80009bc0	288102d3	fmin.s	f5,f2,f8	  f2:0xcf000000  f8:0xb27ff7e0  f5=0xcf000000
     473715.000 ns	     47370	80009bc4	580709d3	fsqrt.s	f19,f14	 f14:0xb27ff7e0 f19=0x7fc00000
     473745.000 ns	     47373	80009bc8	f0058853	fmv.w.x	f16,x11	 x11:0x01fbaeb6 f16=0x01fbaeb6
     473775.000 ns	     47376	80009bcc	036c1b33	mulh	x22,x24,x22	 x24:0x80000000 x22:0x0000146b x22=0xfffff5ca
     473795.000 ns	     47378	80009bd0	2b3c8837	lui	x16,0x2b3c8	 x16=0x2b3c8000
     473805.000 ns	     47379	80009bd4	4002d9b3	sra	x19,x5,x0	  x5:0x97cac000  x0:0x00000000 x19=0x97cac000
     473825.000 ns	     47381	80009bd8	e0018853	fmv.x.w	x16,f3	  f3:0x00000000 x16=0x00000000
     473855.000 ns	     47384	80009bdc	a1e51e53	flt.s	x28,f10,f30	 f10:0x7fc00000 f30:0x7f800000 x28=0x00000000
     473885.000 ns	     47387	80009be0	a0089553	flt.s	x10,f17,f0	 f17:0x41000000  f0:0x3f800000 x10=0x00000000
     473905.000 ns	     47389	80009be4	0001d893	srli	x17,x3,0x0	  x3:0x00000000 x17=0x00000000
     473925.000 ns	     47391	80009be8	e0038753	fmv.x.w	x14,f7	  f7:0x00000000 x14=0x00000000
     473945.000 ns	     47393	80009bec	2a421197	auipc	x3,0x2a421	  x3=0xaa42abec
     473955.000 ns	     47394	80009bf0	4021d033	sra	x0,x3,x2	  x3:0x00000000  x2:0xed14be56
     473965.000 ns	     47395	80009bf4	01175513	srli	x10,x14,0x11	 x14:0x00000000 x10=0x00000000
     474325.000 ns	     47431	80009bf8	0297c233	div	x4,x15,x9	 x15:0x00000000  x9:0xffffffff  x4=0x00000000
     474695.000 ns	     47468	80009bfc	022aefb3	rem	x31,x21,x2	 x21:0x00000000  x2:0xed14be56 x31=0x00000000
     474725.000 ns	     47471	80009c00	a0920253	fle.s	x4,f4,f9	  f4:0x00000000  f9:0x00000000  x4=0x00000001
     474745.000 ns	     47473	80009c04	003be033	or	x0,x23,x3	 x23:0x00000000  x3:0xaa42abec
     474765.000 ns	     47475	80009c08	c00a4553	fcvt.w.s	x10,f20	 f20:0xff800000 x10=0x80000000
     474795.000 ns	     47478	80009c0c	039a2333	mulhsu	x6,x20,x25	 x20:0x00000001 x25:0x353a3000  x6=0x00000000
     475165.000 ns	     47515	80009c10	0394ca33	div	x20,x9,x25	  x9:0xffffffff x25:0x353a3000 x20=0x00000000
     475185.000 ns	     47517	80009c14	385c3193	sltiu	x3,x24,901	 x24:0x80000000  x3=0x00000000
     475205.000 ns	     47519	80009c18	21699353	fsgnjn.s	f6,f19,f22	 f19:0x7fc00000 f22:0xffc00000  f6=0x7fc00000
     475235.000 ns	     47522	80009c1c	d005cb53	fcvt.s.w	f22,x11	 x11:0x01fbaeb6 f22=0x4bfdd75b
     475255.000 ns	     47524	80009c20	41efd993	srai	x19,x31,0x1e	 x31:0x00000000 x19=0x00000000
     475295.000 ns	     47528	80009c24	094cfed3	fsub.s	f29,f25,f20	 f25:0x3f800000 f20:0xff800000 f29=0x7f800000
     475325.000 ns	     47531	80009c28	210d2fd3	fsgnjx.s	f31,f26,f16	 f26:0xd020df51 f16:0x01fbaeb6 f31=0xd020df51
     475355.000 ns	     47534	80009c2c	e00d0453	fmv.x.w	x8,f26	 f26:0xd020df51  x8=0xd020df51
     475385.000 ns	     47537	80009c30	a0ca8a53	fle.s	x20,f21,f12	 f21:0xff800000 f12:0xbf800000 x20=0x00000001
     475405.000 ns	     47539	80009c34	82567293	andi	x5,x12,-2011	 x12:0x80040fe4  x5=0x80040824
     475415.000 ns	     47540	80009c38	00f67cb3	and	x25,x12,x15	 x12:0x80040fe4 x15:0x00000000 x25=0x00000000
     475425.000 ns	     47541	80009c3c	01735013	srli	x0,x6,0x17	  x6:0x00000000
     475445.000 ns	     47543	80009c40	0300c2b3	div	x5,x1,x16	  x1:0x00000000 x16:0x00000000  x5=0xffffffff
     475465.000 ns	     47545	80009c44	1d07a313	slti	x6,x15,464	 x15:0x00000000  x6=0x00000001
     475825.000 ns	     47581	80009c48	026b73b3	remu	x7,x22,x6	 x22:0xfffff5ca  x6:0x00000000  x7=0x00000000
     475875.000 ns	     47586	80009c4c	0939fad3	fsub.s	f21,f19,f19	 f19:0x7fc00000 f19:0x7fc00000 f21=0x7fc00000
     475905.000 ns	     47589	80009c50	20d8a4d3	fsgnjx.s	f9,f17,f13	 f17:0x41000000 f13:0x7f800000  f9=0x41000000
     475935.000 ns	     47592	80009c54	c0047ad3	fcvt.w.s	x21,f8	  f8:0xb27ff7e0 x21=0x00000000
     475965.000 ns	     47595	80009c58	e00b8953	fmv.x.w	x18,f23	 f23:0xcefff7e0 x18=0xcefff7e0
     475995.000 ns	     47598	80009c5c	d00628d3	fcvt.s.w	f17,x12	 x12:0x80040fe4 f17=0xcefff7e1
     476015.000 ns	     47600	80009c60	01ddc833	xor	x16,x27,x29	 x27:0x0000146b x29:0x80041024 x16=0x8004044f
     476025.000 ns	     47601	80009c64	016edf33	srl	x30,x29,x22	 x29:0x80041024 x22:0xfffff5ca x30=0x00200104
     476045.000 ns	     47603	80009c68	a00212d3	flt.s	x5,f4,f0	  f4:0x00000000  f0:0x3f800000  x5=0x00000001
     476075.000 ns	     47606	80009c6c	e00407d3	fmv.x.w	x15,f8	  f8:0xb27ff7e0 x15=0xb27ff7e0
     476125.000 ns	     47611	80009c70	01537f53	fadd.s	f30,f6,f21	  f6:0x7fc00000 f21:0x7fc00000 f30=0x7fc00000
     476155.000 ns	     47614	80009c74	a1aa2a53	feq.s	x20,f20,f26	 f20:0xff800000 f26:0xd020df51 x20=0x00000000
     476185.000 ns	     47617	80009c78	c00d70d3	fcvt.w.s	x1,f26	 f26:0xd020df51  x1=0x80000000
     476215.000 ns	     47620	80009c7c	02f79bb3	mulh	x23,x15,x15	 x15:0xb27ff7e0 x15:0xb27ff7e0 x23=0x177644eb
     476235.000 ns	     47622	80009c80	01004f33	xor	x30,x0,x16	  x0:0x00000000 x16:0x8004044f x30=0x8004044f
     476245.000 ns	     47623	80009c84	b0252493	slti	x9,x10,-1278	 x10:0x80000000  x9=0x00000001
     476255.000 ns	     47624	80009c88	aecad517	auipc	x10,0xaecad	 x10=0x2ecb6c88
     476265.000 ns	     47625	80009c8c	cf293213	sltiu	x4,x18,-782	 x18:0xcefff7e0  x4=0x00000001
     476285.000 ns	     47627	80009c90	037d0033	mul	x0,x26,x23	 x26:0x53b40000 x23:0x177644eb
     476315.000 ns	     47630	80009c94	a0f316d3	flt.s	x13,f6,f15	  f6:0x7fc00000 f15:0xc7638174 x13=0x00000000
     476335.000 ns	     47632	80009c98	00521c13	slli	x24,x4,0x5	  x4:0x00000001 x24=0x00000020
     476365.000 ns	     47635	80009c9c	58017f53	fsqrt.s	f30,f2	  f2:0xcf000000 f30=0x7fc00000
     476385.000 ns	     47637	80009ca0	00be04b3	add	x9,x28,x11	 x28:0x00000000 x11:0x01fbaeb6  x9=0x01fbaeb6
     476405.000 ns	     47639	80009ca4	292205d3	fmin.s	f11,f4,f18	  f4:0x00000000 f18:0x3fb50482 f11=0x00000000
     476425.000 ns	     47641	80009ca8	f9d0a997	auipc	x19,0xf9d0a	 x19=0x79d13ca8
     476435.000 ns	     47642	80009cac	01a29d93	slli	x27,x5,0x1a	  x5:0x00000001 x27=0x04000000
     476445.000 ns	     47643	80009cb0	00e87933	and	x18,x16,x14	 x16:0x8004044f x14:0x00000000 x18=0x00000000
     476455.000 ns	     47644	80009cb4	00ce5d13	srli	x26,x28,0xc	 x28:0x00000000 x26=0x00000000
     476485.000 ns	     47647	80009cb8	187bf8d3	fdiv.s	f17,f23,f7	 f23:0xcefff7e0  f7:0x00000000 f17=0xff800000
     476505.000 ns	     47649	80009cbc	00f9ae33	slt	x28,x19,x15	 x19:0x79d13ca8 x15:0xb27ff7e0 x28=0x00000000
     476525.000 ns	     47651	80009cc0	a11c2ad3	feq.s	x21,f24,f17	 f24:0x0000146b f17:0xff800000 x21=0x00000000
     476545.000 ns	     47653	80009cc4	ff844d13	xori	x26,x8,-8	  x8:0xd020df51 x26=0x2fdf20a9
     476575.000 ns	     47656	80009cc8	18750c53	fdiv.s	f24,f10,f7	 f10:0x7fc00000  f7:0x00000000 f24=0x7fc00000
     476595.000 ns	     47658	80009ccc	e8a70493	addi	x9,x14,-374	 x14:0x00000000  x9=0xfffffe8a
     476605.000 ns	     47659	80009cd0	82bee413	ori	x8,x29,-2005	 x29:0x80041024  x8=0xfffff82f
     476615.000 ns	     47660	80009cd4	a62e7f13	andi	x30,x28,-1438	 x28:0x00000000 x30=0x00000000
     476625.000 ns	     47661	80009cd8	00035193	srli	x3,x6,0x0	  x6:0x00000001  x3=0x00000001
     476645.000 ns	     47663	80009cdc	a0a88b53	fle.s	x22,f17,f10	 f17:0xff800000 f10:0x7fc00000 x22=0x00000000
     476665.000 ns	     47665	80009ce0	0085eab3	or	x21,x11,x8	 x11:0x01fbaeb6  x8:0xfffff82f x21=0xfffffebf
     476685.000 ns	     47667	80009ce4	28261253	fmax.s	f4,f12,f2	 f12:0xbf800000  f2:0xcf000000  f4=0xbf800000
     476725.000 ns	     47671	80009ce8	1042a753	fmul.s	f14,f5,f4	  f5:0xcf000000  f4:0x00000000 f14=0x4f000000
     476745.000 ns	     47673	80009cec	01ff44b3	xor	x9,x30,x31	 x30:0x00000000 x31:0x00000000  x9=0x00000000
     476755.000 ns	     47674	80009cf0	0f1ff3b7	lui	x7,0xf1ff	  x7=0x0f1ff000
     476765.000 ns	     47675	80009cf4	006512b3	sll	x5,x10,x6	 x10:0x2ecb6c88  x6:0x00000001  x5=0x5d96d910
     476775.000 ns	     47676	80009cf8	c98d0d93	addi	x27,x26,-872	 x26:0x2fdf20a9 x27=0x2fdf1d41
     476795.000 ns	     47678	80009cfc	c009a553	fcvt.w.s	x10,f19	 f19:0x7fc00000 x10=0x7fffffff
     476825.000 ns	     47681	80009d00	290c9853	fmax.s	f16,f25,f16	 f25:0x3f800000 f16:0x01fbaeb6 f16=0x3f800000
     476855.000 ns	     47684	80009d04	c01c1053	fcvt.wu.s	x0,f24	 f24:0x7fc00000
     477195.000 ns	     47718	80009d08	18812853	fdiv.s	f16,f2,f8	  f2:0xcf000000  f8:0xb27ff7e0 f16=0x5c34b4b6
     477225.000 ns	     47721	80009d0c	d010fbd3	fcvt.s.wu	f23,x1	  x1:0x80000000 f23=0x4f000000
     477255.000 ns	     47724	80009d10	e0051bd3	fclass.s	x23,f10	 f10:0x7fc00000 x23=0x00000200
     477275.000 ns	     47726	80009d14	00eb5c33	srl	x24,x22,x14	 x22:0x00000000 x14:0x00000000 x24=0x00000000
     477285.000 ns	     47727	80009d18	4231e9b7	lui	x19,0x4231e	 x19=0x4231e000
     477295.000 ns	     47728	80009d1c	7a4e4b37	lui	x22,0x7a4e4	 x22=0x7a4e4000
     477305.000 ns	     47729	80009d20	01ed60b3	or	x1,x26,x30	 x26:0x2fdf20a9 x30:0x00000000  x1=0x2fdf20a9
     477315.000 ns	     47730	80009d24	bc688393	addi	x7,x17,-1082	 x17:0x00000000  x7=0xfffffbc6
     477325.000 ns	     47731	80009d28	00e29013	slli	x0,x5,0xe	  x5:0x5d96d910
     477345.000 ns	     47733	80009d2c	02e5cbb3	div	x23,x11,x14	 x11:0x01fbaeb6 x14:0x00000000 x23=0xffffffff
     477365.000 ns	     47735	80009d30	401a57b3	sra	x15,x20,x1	 x20:0x00000000  x1:0x2fdf20a9 x15=0x00000000
     477375.000 ns	     47736	80009d34	00235e33	srl	x28,x6,x2	  x6:0x00000001  x2:0xed14be56 x28=0x00000000
     477385.000 ns	     47737	80009d38	0177d913	srli	x18,x15,0x17	 x15:0xb27ff7e0 x18=0x00000000
     477415.000 ns	     47740	80009d3c	580a7153	fsqrt.s	f2,f20	 f20:0xff800000  f2=0x7fc00000
     477445.000 ns	     47743	80009d40	c00fadd3	fcvt.w.s	x27,f31	 f31:0xd020df51 x27=0x80000000
     477465.000 ns	     47745	80009d44	407a5e33	sra	x28,x20,x7	 x20:0x00000000  x7:0xfffffbc6 x28=0x00000000
     477475.000 ns	     47746	80009d48	00ba0f33	add	x30,x20,x11	 x20:0x00000000 x11:0x01fbaeb6 x30=0x01fbaeb6
     477485.000 ns	     47747	80009d4c	73df2993	slti	x19,x30,1853	 x30:0x00000000 x19=0x00000000
     477495.000 ns	     47748	80009d50	01d61513	slli	x10,x12,0x1d	 x12:0x80040fe4 x10=0x80000000
     477505.000 ns	     47749	80009d54	00194fb3	xor	x31,x18,x1	 x18:0x00000000  x1:0x2fdf20a9 x31=0x2fdf20a9
     477515.000 ns	     47750	80009d58	bf70fd93	andi	x27,x1,-1033	  x1:0x2fdf20a9 x27=0x2fdf20a1
     477525.000 ns	     47751	80009d5c	f7304a13	xori	x20,x0,-141	  x0:0x00000000 x20=0xffffff73
     477545.000 ns	     47753	80009d60	a0ca22d3	feq.s	x5,f20,f12	 f20:0xff800000 f12:0xbf800000  x5=0x00000000
     477565.000 ns	     47755	80009d64	40d254b3	sra	x9,x4,x13	  x4:0x00000001 x13:0x00000000  x9=0x00000001
     477585.000 ns	     47757	80009d68	d00f3453	fcvt.s.w	f8,x30	 x30:0x01fbaeb6  f8=0x4bfdd75b
     477605.000 ns	     47759	80009d6c	00088ab3	add	x21,x17,x0	 x17:0x00000000  x0:0x00000000 x21=0x00000000
     477625.000 ns	     47761	80009d70	d0067653	fcvt.s.w	f12,x12	 x12:0x80040fe4 f12=0xcefff7e0
     477655.000 ns	     47764	80009d74	a106afd3	feq.s	x31,f13,f16	 f13:0x7f800000 f16:0x5c34b4b6 x31=0x00000000
     477685.000 ns	     47767	80009d78	03e237b3	mulhu	x15,x4,x30	  x4:0x00000001 x30:0x01fbaeb6 x15=0x00000000
     477715.000 ns	     47770	80009d7c	21bb2353	fsgnjx.s	f6,f22,f27	 f22:0x4bfdd75b f27:0x7fc00000  f6=0x4bfdd75b
     477745.000 ns	     47773	80009d80	c001b553	fcvt.w.s	x10,f3	  f3:0x00000000 x10=0x00000000
     477765.000 ns	     47775	80009d84	a8ece293	ori	x5,x25,-1394	 x25:0x00000000  x5=0xfffffa8e
     477785.000 ns	     47777	80009d88	20052253	fsgnjx.s	f4,f10,f0	 f10:0x7fc00000  f0:0x3f800000  f4=0x7fc00000
     477835.000 ns	     47782	80009d8c	019cfb53	fadd.s	f22,f25,f25	 f25:0x3f800000 f25:0x3f800000 f22=0x40000000
     477865.000 ns	     47785	80009d90	02f49bb3	mulh	x23,x9,x15	  x9:0x00000001 x15:0x00000000 x23=0x00000000
     477885.000 ns	     47787	80009d94	010d5a13	srli	x20,x26,0x10	 x26:0x2fdf20a9 x20=0x00002fdf
     477895.000 ns	     47788	80009d98	40df5993	srai	x19,x30,0xd	 x30:0x01fbaeb6 x19=0x00000fdd
     477915.000 ns	     47790	80009d9c	a16104d3	fle.s	x9,f2,f22	  f2:0x7fc00000 f22:0x40000000  x9=0x00000000
     477945.000 ns	     47793	80009da0	021690b3	mulh	x1,x13,x1	 x13:0x00000000  x1:0x2fdf20a9  x1=0x00000000
     477975.000 ns	     47796	80009da4	298d9b53	fmax.s	f22,f27,f24	 f27:0x7fc00000 f24:0x7fc00000 f22=0x7fc00000
     478005.000 ns	     47799	80009da8	28cd8c53	fmin.s	f24,f27,f12	 f27:0x7fc00000 f12:0xcefff7e0 f24=0xcefff7e0
     478025.000 ns	     47801	80009dac	d2875b37	lui	x22,0xd2875	 x22=0xd2875000
     478035.000 ns	     47802	80009db0	bf09e293	ori	x5,x19,-1040	 x19:0x00000fdd  x5=0xfffffffd
     478045.000 ns	     47803	80009db4	016bfab3	and	x21,x23,x22	 x23:0x00000000 x22:0x7a4e4000 x21=0x00000000
     478085.000 ns	     47807	80009db8	01fa0853	fadd.s	f16,f20,f31	 f20:0xff800000 f31:0xd020df51 f16=0xff800000
     478105.000 ns	     47809	80009dbc	91fc8e13	addi	x28,x25,-1761	 x25:0x00000000 x28=0xfffff91f
     478125.000 ns	     47811	80009dc0	d01cbfd3	fcvt.s.wu	f31,x25	 x25:0x00000000 f31=0x00000000
     478145.000 ns	     47813	80009dc4	005dd7b3	srl	x15,x27,x5	 x27:0x2fdf20a1  x5:0xfffffffd x15=0x00000001
     478165.000 ns	     47815	80009dc8	037e1d33	mulh	x26,x28,x23	 x28:0xfffff91f x23:0x00000000 x26=0x00000000
     478185.000 ns	     47817	80009dcc	667fd497	auipc	x9,0x667fd	  x9=0xe6806dcc
     478195.000 ns	     47818	80009dd0	bb3bc813	xori	x16,x23,-1101	 x23:0x00000000 x16=0xfffffbb3
     478215.000 ns	     47820	80009dd4	02e3bab3	mulhu	x21,x7,x14	  x7:0xfffffbc6 x14:0x00000000 x21=0x00000000
     478245.000 ns	     47823	80009dd8	a0d1a053	feq.s	x0,f3,f13	  f3:0x00000000 f13:0x7f800000
     478265.000 ns	     47825	80009ddc	1c0eec17	auipc	x24,0x1c0ee	 x24=0x9c0f7ddc
     478275.000 ns	     47826	80009de0	008b3833	sltu	x16,x22,x8	 x22:0xd2875000  x8:0xfffff82f x16=0x00000001
     478295.000 ns	     47828	80009de4	037d8933	mul	x18,x27,x23	 x27:0x2fdf20a1 x23:0x00000000 x18=0x00000000
     478325.000 ns	     47831	80009de8	28f99b53	fmax.s	f22,f19,f15	 f19:0x7fc00000 f15:0xc7638174 f22=0xc7638174
     478345.000 ns	     47833	80009dec	00709ab3	sll	x21,x1,x7	  x1:0x00000000  x7:0xfffffbc6 x21=0x00000000
     478355.000 ns	     47834	80009df0	00c06ab3	or	x21,x0,x12	  x0:0x00000000 x12:0x80040fe4 x21=0x80040fe4
     478395.000 ns	     47838	80009df4	092585d3	fsub.s	f11,f11,f18	 f11:0x00000000 f18:0x3fb50482 f11=0xbfb50482
     478435.000 ns	     47842	80009df8	58023d53	fsqrt.s	f26,f4	  f4:0x7fc00000 f26=0x7fc00000
     478455.000 ns	     47844	80009dfc	4117d733	sra	x14,x15,x17	 x15:0x00000001 x17:0x00000000 x14=0x00000001
     478465.000 ns	     47845	80009e00	0121eab3	or	x21,x3,x18	  x3:0x00000001 x18:0x00000000 x21=0x00000001
     478485.000 ns	     47847	80009e04	20e712d3	fsgnjn.s	f5,f14,f14	 f14:0x4f000000 f14:0x4f000000  f5=0xcf000000
     478515.000 ns	     47850	80009e08	a1412fd3	feq.s	x31,f2,f20	  f2:0x7fc00000 f20:0xff800000 x31=0x00000000
     478545.000 ns	     47853	80009e0c	a0932ad3	feq.s	x21,f6,f9	  f6:0x4bfdd75b  f9:0x41000000 x21=0x00000000
     478575.000 ns	     47856	80009e10	03fa2d33	mulhsu	x26,x20,x31	 x20:0x00002fdf x31:0x00000000 x26=0x00000000
     478595.000 ns	     47858	80009e14	014a3033	sltu	x0,x20,x20	 x20:0x00002fdf x20:0x00002fdf
     478615.000 ns	     47860	80009e18	c00b78d3	fcvt.w.s	x17,f22	 f22:0xc7638174 x17=0x0000e381
     478635.000 ns	     47862	80009e1c	fafa7913	andi	x18,x20,-81	 x20:0x00002fdf x18=0x00002f8f
     478655.000 ns	     47864	80009e20	03b031b3	mulhu	x3,x0,x27	  x0:0x00000000 x27:0x2fdf20a1  x3=0x00000000
     478675.000 ns	     47866	80009e24	c1098893	addi	x17,x19,-1008	 x19:0x00000fdd x17=0x00000bed
     478685.000 ns	     47867	80009e28	a669d397	auipc	x7,0xa669d	  x7=0x266a6e28
     478705.000 ns	     47869	80009e2c	a1792bd3	feq.s	x23,f18,f23	 f18:0x3fb50482 f23:0x4f000000 x23=0x00000000
     479075.000 ns	     47906	80009e30	030cc9b3	div	x19,x25,x16	 x25:0x00000000 x16:0x00000001 x19=0x00000000
     479095.000 ns	     47908	80009e34	418ff293	andi	x5,x31,1048	 x31:0x00000000  x5=0x00000000
     479455.000 ns	     47944	80009e38	02bad7b3	divu	x15,x21,x11	 x21:0x00000000 x11:0x01fbaeb6 x15=0x00000000
     479505.000 ns	     47949	80009e3c	002d7853	fadd.s	f16,f26,f2	 f26:0x7fc00000  f2:0x7fc00000 f16=0x7fc00000
     479525.000 ns	     47951	80009e40	00065bb3	srl	x23,x12,x0	 x12:0x80040fe4  x0:0x00000000 x23=0x80040fe4
     479535.000 ns	     47952	80009e44	7224a7b7	lui	x15,0x7224a	 x15=0x7224a000
     479545.000 ns	     47953	80009e48	012cf8b3	and	x17,x25,x18	 x25:0x00000000 x18:0x00002f8f x17=0x00000000
     479555.000 ns	     47954	80009e4c	01d3dc13	srli	x24,x7,0x1d	  x7:0x266a6e28 x24=0x00000001
     479565.000 ns	     47955	80009e50	01f738b3	sltu	x17,x14,x31	 x14:0x00000001 x31:0x00000000 x17=0x00000000
     479585.000 ns	     47957	80009e54	d0113ad3	fcvt.s.wu	f21,x2	  x2:0xed14be56 f21=0x4f6d14bf
     479615.000 ns	     47960	80009e58	29790153	fmin.s	f2,f18,f23	 f18:0x3fb50482 f23:0x4f000000  f2=0x3fb50482
     479645.000 ns	     47963	80009e5c	200a1553	fsgnjn.s	f10,f20,f0	 f20:0xff800000  f0:0x3f800000 f10=0xff800000
     479665.000 ns	     47965	80009e60	00df6033	or	x0,x30,x13	 x30:0x01fbaeb6 x13:0x00000000
     479695.000 ns	     47968	80009e64	11ba9dd3	fmul.s	f27,f21,f27	 f21:0x4f6d14bf f27:0x7fc00000 f27=0x7fc00000
     479715.000 ns	     47970	80009e68	009958b3	srl	x17,x18,x9	 x18:0x00002f8f  x9:0xe6806dcc x17=0x00000002
     479725.000 ns	     47971	80009e6c	41725313	srai	x6,x4,0x17	  x4:0x00000001  x6=0x00000000
     479735.000 ns	     47972	80009e70	00000013	addi	x0,x0,0	  x0:0x00000000
     479745.000 ns	     47973	80009e74	01c95393	srli	x7,x18,0x1c	 x18:0x00002f8f  x7=0x00000000
     479765.000 ns	     47975	80009e78	025210b3	mulh	x1,x4,x5	  x4:0x00000001  x5:0x00000000  x1=0x00000000
     479795.000 ns	     47978	80009e7c	d0147dd3	fcvt.s.wu	f27,x8	  x8:0xfffff82f f27=0x4f7ffff8
     479845.000 ns	     47983	80009e80	099e13d3	fsub.s	f7,f28,f25	 f28:0x47638174 f25:0x3f800000  f7=0x47638074
     479865.000 ns	     47985	80009e84	009ff333	and	x6,x31,x9	 x31:0x00000000  x9:0xe6806dcc  x6=0x00000000
     479885.000 ns	     47987	80009e88	213b1bd3	fsgnjn.s	f23,f22,f19	 f22:0xc7638174 f19:0x7fc00000 f23=0xc7638174
     479915.000 ns	     47990	80009e8c	280a88d3	fmin.s	f17,f21,f0	 f21:0x4f6d14bf  f0:0x3f800000 f17=0x3f800000
     479945.000 ns	     47993	80009e90	29d182d3	fmin.s	f5,f3,f29	  f3:0x00000000 f29:0x7f800000  f5=0x00000000
     479975.000 ns	     47996	80009e94	218984d3	fsgnj.s	f9,f19,f24	 f19:0x7fc00000 f24:0xcefff7e0  f9=0xffc00000
     479995.000 ns	     47998	80009e98	00000117	auipc	x2,0x0	  x2=0x80009e98
     480005.000 ns	     47999	80009e9c	00c10113	addi	x2,x2,12	  x2:0xed14be56  x2=0x80009ea4
     480015.000 ns	     48000	80009ea0	00010067	jalr	x0,x2,0	  x2:0xed14be56
     480065.000 ns	     48005	80009ea4	00100193	addi	x3,x0,1	  x0:0x00000000  x3=0x00000001
     480075.000 ns	     48006	80009ea8	00000073	ecall	
     480085.000 ns	     48007	80009eac	00036f17	auipc	x30,0x36	 x30=0x8003feac
     480095.000 ns	     48008	80009eb0	143f2a23	sw	x3,340(x30)	 x30:0x01fbaeb6  x3:0x00000001 PA:0xxxxxxxxx
     480115.000 ns	     48010	80009eb4	ff9ff06f	jal	x0,80009eb0	
     480165.000 ns	     48015	80009eac	00036f17	auipc	x30,0x36	 x30=0x8003feac
     480175.000 ns	     48016	80009eb0	143f2a23	sw	x3,340(x30)	 x30:0x8003feac  x3:0x00000001 PA:0xxxxxxxxx
     480195.000 ns	     48018	80009eb4	ff9ff06f	jal	x0,80009eb0	
     480245.000 ns	     48023	80009eac	00036f17	auipc	x30,0x36	 x30=0x8003feac
     480255.000 ns	     48024	80009eb0	143f2a23	sw	x3,340(x30)	 x30:0x8003feac  x3:0x00000001 PA:0xxxxxxxxx
     480275.000 ns	     48026	80009eb4	ff9ff06f	jal	x0,80009eb0	
     480325.000 ns	     48031	80009eac	00036f17	auipc	x30,0x36	 x30=0x8003feac
     480335.000 ns	     48032	80009eb0	143f2a23	sw	x3,340(x30)	 x30:0x8003feac  x3:0x00000001 PA:0xxxxxxxxx
     480355.000 ns	     48034	80009eb4	ff9ff06f	jal	x0,80009eb0	
     480405.000 ns	     48039	80009eac	00036f17	auipc	x30,0x36	 x30=0x8003feac
     480415.000 ns	     48040	80009eb0	143f2a23	sw	x3,340(x30)	 x30:0x8003feac  x3:0x00000001 PA:0xxxxxxxxx
     480435.000 ns	     48042	80009eb4	ff9ff06f	jal	x0,80009eb0	
     480485.000 ns	     48047	80009eac	00036f17	auipc	x30,0x36	 x30=0x8003feac
     480495.000 ns	     48048	80009eb0	143f2a23	sw	x3,340(x30)	 x30:0x8003feac  x3:0x00000001 PA:0xxxxxxxxx
     480515.000 ns	     48050	80009eb4	ff9ff06f	jal	x0,80009eb0	
     480565.000 ns	     48055	80009eac	00036f17	auipc	x30,0x36	 x30=0x8003feac
     480575.000 ns	     48056	80009eb0	143f2a23	sw	x3,340(x30)	 x30:0x8003feac  x3:0x00000001 PA:0xxxxxxxxx
     480595.000 ns	     48058	80009eb4	ff9ff06f	jal	x0,80009eb0	
     480645.000 ns	     48063	80009eac	00036f17	auipc	x30,0x36	 x30=0x8003feac
     480655.000 ns	     48064	80009eb0	143f2a23	sw	x3,340(x30)	 x30:0x8003feac  x3:0x00000001 PA:0xxxxxxxxx
     480675.000 ns	     48066	80009eb4	ff9ff06f	jal	x0,80009eb0	
     480725.000 ns	     48071	80009eac	00036f17	auipc	x30,0x36	 x30=0x8003feac
     480735.000 ns	     48072	80009eb0	143f2a23	sw	x3,340(x30)	 x30:0x8003feac  x3:0x00000001 PA:0xxxxxxxxx
     480755.000 ns	     48074	80009eb4	ff9ff06f	jal	x0,80009eb0	
     480805.000 ns	     48079	80009eac	00036f17	auipc	x30,0x36	 x30=0x8003feac
     480815.000 ns	     48080	80009eb0	143f2a23	sw	x3,340(x30)	 x30:0x8003feac  x3:0x00000001 PA:0xxxxxxxxx
     480835.000 ns	     48082	80009eb4	ff9ff06f	jal	x0,80009eb0	
     480885.000 ns	     48087	80009eac	00036f17	auipc	x30,0x36	 x30=0x8003feac
     480895.000 ns	     48088	80009eb0	143f2a23	sw	x3,340(x30)	 x30:0x8003feac  x3:0x00000001 PA:0xxxxxxxxx
     480915.000 ns	     48090	80009eb4	ff9ff06f	jal	x0,80009eb0	
     480965.000 ns	     48095	80009eac	00036f17	auipc	x30,0x36	 x30=0x8003feac
     480975.000 ns	     48096	80009eb0	143f2a23	sw	x3,340(x30)	 x30:0x8003feac  x3:0x00000001 PA:0xxxxxxxxx
     480995.000 ns	     48098	80009eb4	ff9ff06f	jal	x0,80009eb0	
     481045.000 ns	     48103	80009eac	00036f17	auipc	x30,0x36	 x30=0x8003feac
     481055.000 ns	     48104	80009eb0	143f2a23	sw	x3,340(x30)	 x30:0x8003feac  x3:0x00000001 PA:0xxxxxxxxx
     481075.000 ns	     48106	80009eb4	ff9ff06f	jal	x0,80009eb0	
     481125.000 ns	     48111	80009eac	00036f17	auipc	x30,0x36	 x30=0x8003feac
     481135.000 ns	     48112	80009eb0	143f2a23	sw	x3,340(x30)	 x30:0x8003feac  x3:0x00000001 PA:0xxxxxxxxx
     481155.000 ns	     48114	80009eb4	ff9ff06f	jal	x0,80009eb0	
     481205.000 ns	     48119	80009eac	00036f17	auipc	x30,0x36	 x30=0x8003feac
     481215.000 ns	     48120	80009eb0	143f2a23	sw	x3,340(x30)	 x30:0x8003feac  x3:0x00000001 PA:0xxxxxxxxx
     481235.000 ns	     48122	80009eb4	ff9ff06f	jal	x0,80009eb0	
     481285.000 ns	     48127	80009eac	00036f17	auipc	x30,0x36	 x30=0x8003feac
     481295.000 ns	     48128	80009eb0	143f2a23	sw	x3,340(x30)	 x30:0x8003feac  x3:0x00000001 PA:0xxxxxxxxx
     481315.000 ns	     48130	80009eb4	ff9ff06f	jal	x0,80009eb0	
     481365.000 ns	     48135	80009eac	00036f17	auipc	x30,0x36	 x30=0x8003feac
     481375.000 ns	     48136	80009eb0	143f2a23	sw	x3,340(x30)	 x30:0x8003feac  x3:0x00000001 PA:0xxxxxxxxx
     481395.000 ns	     48138	80009eb4	ff9ff06f	jal	x0,80009eb0	
     481445.000 ns	     48143	80009eac	00036f17	auipc	x30,0x36	 x30=0x8003feac
     481455.000 ns	     48144	80009eb0	143f2a23	sw	x3,340(x30)	 x30:0x8003feac  x3:0x00000001 PA:0xxxxxxxxx
     481475.000 ns	     48146	80009eb4	ff9ff06f	jal	x0,80009eb0	
     481525.000 ns	     48151	80009eac	00036f17	auipc	x30,0x36	 x30=0x8003feac
     481535.000 ns	     48152	80009eb0	143f2a23	sw	x3,340(x30)	 x30:0x8003feac  x3:0x00000001 PA:0xxxxxxxxx
     481555.000 ns	     48154	80009eb4	ff9ff06f	jal	x0,80009eb0	
     481605.000 ns	     48159	80009eac	00036f17	auipc	x30,0x36	 x30=0x8003feac
     481615.000 ns	     48160	80009eb0	143f2a23	sw	x3,340(x30)	 x30:0x8003feac  x3:0x00000001 PA:0xxxxxxxxx
     481635.000 ns	     48162	80009eb4	ff9ff06f	jal	x0,80009eb0	
     481685.000 ns	     48167	80009eac	00036f17	auipc	x30,0x36	 x30=0x8003feac
     481695.000 ns	     48168	80009eb0	143f2a23	sw	x3,340(x30)	 x30:0x8003feac  x3:0x00000001 PA:0xxxxxxxxx
     481715.000 ns	     48170	80009eb4	ff9ff06f	jal	x0,80009eb0	
     481765.000 ns	     48175	80009eac	00036f17	auipc	x30,0x36	 x30=0x8003feac
     481775.000 ns	     48176	80009eb0	143f2a23	sw	x3,340(x30)	 x30:0x8003feac  x3:0x00000001 PA:0xxxxxxxxx
     481795.000 ns	     48178	80009eb4	ff9ff06f	jal	x0,80009eb0	
     481845.000 ns	     48183	80009eac	00036f17	auipc	x30,0x36	 x30=0x8003feac
     481855.000 ns	     48184	80009eb0	143f2a23	sw	x3,340(x30)	 x30:0x8003feac  x3:0x00000001 PA:0xxxxxxxxx
     481875.000 ns	     48186	80009eb4	ff9ff06f	jal	x0,80009eb0	
     481925.000 ns	     48191	80009eac	00036f17	auipc	x30,0x36	 x30=0x8003feac
     481935.000 ns	     48192	80009eb0	143f2a23	sw	x3,340(x30)	 x30:0x8003feac  x3:0x00000001 PA:0xxxxxxxxx
     481955.000 ns	     48194	80009eb4	ff9ff06f	jal	x0,80009eb0	
     482005.000 ns	     48199	80009eac	00036f17	auipc	x30,0x36	 x30=0x8003feac
     482015.000 ns	     48200	80009eb0	143f2a23	sw	x3,340(x30)	 x30:0x8003feac  x3:0x00000001 PA:0xxxxxxxxx
     482035.000 ns	     48202	80009eb4	ff9ff06f	jal	x0,80009eb0	
     482085.000 ns	     48207	80009eac	00036f17	auipc	x30,0x36	 x30=0x8003feac
     482095.000 ns	     48208	80009eb0	143f2a23	sw	x3,340(x30)	 x30:0x8003feac  x3:0x00000001 PA:0xxxxxxxxx
     482115.000 ns	     48210	80009eb4	ff9ff06f	jal	x0,80009eb0	
     482165.000 ns	     48215	80009eac	00036f17	auipc	x30,0x36	 x30=0x8003feac
     482175.000 ns	     48216	80009eb0	143f2a23	sw	x3,340(x30)	 x30:0x8003feac  x3:0x00000001 PA:0xxxxxxxxx
     482195.000 ns	     48218	80009eb4	ff9ff06f	jal	x0,80009eb0	
     482245.000 ns	     48223	80009eac	00036f17	auipc	x30,0x36	 x30=0x8003feac
     482255.000 ns	     48224	80009eb0	143f2a23	sw	x3,340(x30)	 x30:0x8003feac  x3:0x00000001 PA:0xxxxxxxxx
     482275.000 ns	     48226	80009eb4	ff9ff06f	jal	x0,80009eb0	
     482325.000 ns	     48231	80009eac	00036f17	auipc	x30,0x36	 x30=0x8003feac
     482335.000 ns	     48232	80009eb0	143f2a23	sw	x3,340(x30)	 x30:0x8003feac  x3:0x00000001 PA:0xxxxxxxxx
     482355.000 ns	     48234	80009eb4	ff9ff06f	jal	x0,80009eb0	
     482405.000 ns	     48239	80009eac	00036f17	auipc	x30,0x36	 x30=0x8003feac
     482415.000 ns	     48240	80009eb0	143f2a23	sw	x3,340(x30)	 x30:0x8003feac  x3:0x00000001 PA:0xxxxxxxxx
     482435.000 ns	     48242	80009eb4	ff9ff06f	jal	x0,80009eb0	
     482485.000 ns	     48247	80009eac	00036f17	auipc	x30,0x36	 x30=0x8003feac
     482495.000 ns	     48248	80009eb0	143f2a23	sw	x3,340(x30)	 x30:0x8003feac  x3:0x00000001 PA:0xxxxxxxxx
     482515.000 ns	     48250	80009eb4	ff9ff06f	jal	x0,80009eb0	
     482565.000 ns	     48255	80009eac	00036f17	auipc	x30,0x36	 x30=0x8003feac
     482575.000 ns	     48256	80009eb0	143f2a23	sw	x3,340(x30)	 x30:0x8003feac  x3:0x00000001 PA:0xxxxxxxxx
     482595.000 ns	     48258	80009eb4	ff9ff06f	jal	x0,80009eb0	
     482645.000 ns	     48263	80009eac	00036f17	auipc	x30,0x36	 x30=0x8003feac
     482655.000 ns	     48264	80009eb0	143f2a23	sw	x3,340(x30)	 x30:0x8003feac  x3:0x00000001 PA:0xxxxxxxxx
     482675.000 ns	     48266	80009eb4	ff9ff06f	jal	x0,80009eb0	
     482725.000 ns	     48271	80009eac	00036f17	auipc	x30,0x36	 x30=0x8003feac
     482735.000 ns	     48272	80009eb0	143f2a23	sw	x3,340(x30)	 x30:0x8003feac  x3:0x00000001 PA:0xxxxxxxxx
     482755.000 ns	     48274	80009eb4	ff9ff06f	jal	x0,80009eb0	
     482805.000 ns	     48279	80009eac	00036f17	auipc	x30,0x36	 x30=0x8003feac
     482815.000 ns	     48280	80009eb0	143f2a23	sw	x3,340(x30)	 x30:0x8003feac  x3:0x00000001 PA:0xxxxxxxxx
     482835.000 ns	     48282	80009eb4	ff9ff06f	jal	x0,80009eb0	
     482885.000 ns	     48287	80009eac	00036f17	auipc	x30,0x36	 x30=0x8003feac
     482895.000 ns	     48288	80009eb0	143f2a23	sw	x3,340(x30)	 x30:0x8003feac  x3:0x00000001 PA:0xxxxxxxxx
     482915.000 ns	     48290	80009eb4	ff9ff06f	jal	x0,80009eb0	
     482965.000 ns	     48295	80009eac	00036f17	auipc	x30,0x36	 x30=0x8003feac
     482975.000 ns	     48296	80009eb0	143f2a23	sw	x3,340(x30)	 x30:0x8003feac  x3:0x00000001 PA:0xxxxxxxxx
     482995.000 ns	     48298	80009eb4	ff9ff06f	jal	x0,80009eb0	
     483045.000 ns	     48303	80009eac	00036f17	auipc	x30,0x36	 x30=0x8003feac
     483055.000 ns	     48304	80009eb0	143f2a23	sw	x3,340(x30)	 x30:0x8003feac  x3:0x00000001 PA:0xxxxxxxxx
     483075.000 ns	     48306	80009eb4	ff9ff06f	jal	x0,80009eb0	
     483125.000 ns	     48311	80009eac	00036f17	auipc	x30,0x36	 x30=0x8003feac
     483135.000 ns	     48312	80009eb0	143f2a23	sw	x3,340(x30)	 x30:0x8003feac  x3:0x00000001 PA:0xxxxxxxxx
     483155.000 ns	     48314	80009eb4	ff9ff06f	jal	x0,80009eb0	
     483205.000 ns	     48319	80009eac	00036f17	auipc	x30,0x36	 x30=0x8003feac
     483215.000 ns	     48320	80009eb0	143f2a23	sw	x3,340(x30)	 x30:0x8003feac  x3:0x00000001 PA:0xxxxxxxxx
     483235.000 ns	     48322	80009eb4	ff9ff06f	jal	x0,80009eb0	
     483285.000 ns	     48327	80009eac	00036f17	auipc	x30,0x36	 x30=0x8003feac
     483295.000 ns	     48328	80009eb0	143f2a23	sw	x3,340(x30)	 x30:0x8003feac  x3:0x00000001 PA:0xxxxxxxxx
     483315.000 ns	     48330	80009eb4	ff9ff06f	jal	x0,80009eb0	
     483365.000 ns	     48335	80009eac	00036f17	auipc	x30,0x36	 x30=0x8003feac
     483375.000 ns	     48336	80009eb0	143f2a23	sw	x3,340(x30)	 x30:0x8003feac  x3:0x00000001 PA:0xxxxxxxxx
     483395.000 ns	     48338	80009eb4	ff9ff06f	jal	x0,80009eb0	
     483445.000 ns	     48343	80009eac	00036f17	auipc	x30,0x36	 x30=0x8003feac
     483455.000 ns	     48344	80009eb0	143f2a23	sw	x3,340(x30)	 x30:0x8003feac  x3:0x00000001 PA:0xxxxxxxxx
     483475.000 ns	     48346	80009eb4	ff9ff06f	jal	x0,80009eb0	
     483525.000 ns	     48351	80009eac	00036f17	auipc	x30,0x36	 x30=0x8003feac
     483535.000 ns	     48352	80009eb0	143f2a23	sw	x3,340(x30)	 x30:0x8003feac  x3:0x00000001 PA:0xxxxxxxxx
     483555.000 ns	     48354	80009eb4	ff9ff06f	jal	x0,80009eb0	
     483605.000 ns	     48359	80009eac	00036f17	auipc	x30,0x36	 x30=0x8003feac
     483615.000 ns	     48360	80009eb0	143f2a23	sw	x3,340(x30)	 x30:0x8003feac  x3:0x00000001 PA:0xxxxxxxxx
     483635.000 ns	     48362	80009eb4	ff9ff06f	jal	x0,80009eb0	
     483685.000 ns	     48367	80009eac	00036f17	auipc	x30,0x36	 x30=0x8003feac
     483695.000 ns	     48368	80009eb0	143f2a23	sw	x3,340(x30)	 x30:0x8003feac  x3:0x00000001 PA:0xxxxxxxxx
     483715.000 ns	     48370	80009eb4	ff9ff06f	jal	x0,80009eb0	
     483765.000 ns	     48375	80009eac	00036f17	auipc	x30,0x36	 x30=0x8003feac
     483775.000 ns	     48376	80009eb0	143f2a23	sw	x3,340(x30)	 x30:0x8003feac  x3:0x00000001 PA:0xxxxxxxxx
     483795.000 ns	     48378	80009eb4	ff9ff06f	jal	x0,80009eb0	
     483845.000 ns	     48383	80009eac	00036f17	auipc	x30,0x36	 x30=0x8003feac
     483855.000 ns	     48384	80009eb0	143f2a23	sw	x3,340(x30)	 x30:0x8003feac  x3:0x00000001 PA:0xxxxxxxxx
     483875.000 ns	     48386	80009eb4	ff9ff06f	jal	x0,80009eb0	
     483925.000 ns	     48391	80009eac	00036f17	auipc	x30,0x36	 x30=0x8003feac
     483935.000 ns	     48392	80009eb0	143f2a23	sw	x3,340(x30)	 x30:0x8003feac  x3:0x00000001 PA:0xxxxxxxxx
     483955.000 ns	     48394	80009eb4	ff9ff06f	jal	x0,80009eb0	
     484005.000 ns	     48399	80009eac	00036f17	auipc	x30,0x36	 x30=0x8003feac
     484015.000 ns	     48400	80009eb0	143f2a23	sw	x3,340(x30)	 x30:0x8003feac  x3:0x00000001 PA:0xxxxxxxxx
     484035.000 ns	     48402	80009eb4	ff9ff06f	jal	x0,80009eb0	
     484085.000 ns	     48407	80009eac	00036f17	auipc	x30,0x36	 x30=0x8003feac
     484095.000 ns	     48408	80009eb0	143f2a23	sw	x3,340(x30)	 x30:0x8003feac  x3:0x00000001 PA:0xxxxxxxxx
     484115.000 ns	     48410	80009eb4	ff9ff06f	jal	x0,80009eb0	
     484165.000 ns	     48415	80009eac	00036f17	auipc	x30,0x36	 x30=0x8003feac
     484175.000 ns	     48416	80009eb0	143f2a23	sw	x3,340(x30)	 x30:0x8003feac  x3:0x00000001 PA:0xxxxxxxxx
     484195.000 ns	     48418	80009eb4	ff9ff06f	jal	x0,80009eb0	
     484245.000 ns	     48423	80009eac	00036f17	auipc	x30,0x36	 x30=0x8003feac
     484255.000 ns	     48424	80009eb0	143f2a23	sw	x3,340(x30)	 x30:0x8003feac  x3:0x00000001 PA:0xxxxxxxxx
     484275.000 ns	     48426	80009eb4	ff9ff06f	jal	x0,80009eb0	
     484325.000 ns	     48431	80009eac	00036f17	auipc	x30,0x36	 x30=0x8003feac
     484335.000 ns	     48432	80009eb0	143f2a23	sw	x3,340(x30)	 x30:0x8003feac  x3:0x00000001 PA:0xxxxxxxxx
     484355.000 ns	     48434	80009eb4	ff9ff06f	jal	x0,80009eb0	
     484405.000 ns	     48439	80009eac	00036f17	auipc	x30,0x36	 x30=0x8003feac
     484415.000 ns	     48440	80009eb0	143f2a23	sw	x3,340(x30)	 x30:0x8003feac  x3:0x00000001 PA:0xxxxxxxxx
     484435.000 ns	     48442	80009eb4	ff9ff06f	jal	x0,80009eb0	
     484485.000 ns	     48447	80009eac	00036f17	auipc	x30,0x36	 x30=0x8003feac
     484495.000 ns	     48448	80009eb0	143f2a23	sw	x3,340(x30)	 x30:0x8003feac  x3:0x00000001 PA:0xxxxxxxxx
     484515.000 ns	     48450	80009eb4	ff9ff06f	jal	x0,80009eb0	
     484565.000 ns	     48455	80009eac	00036f17	auipc	x30,0x36	 x30=0x8003feac
     484575.000 ns	     48456	80009eb0	143f2a23	sw	x3,340(x30)	 x30:0x8003feac  x3:0x00000001 PA:0xxxxxxxxx
     484595.000 ns	     48458	80009eb4	ff9ff06f	jal	x0,80009eb0	
     484645.000 ns	     48463	80009eac	00036f17	auipc	x30,0x36	 x30=0x8003feac
     484655.000 ns	     48464	80009eb0	143f2a23	sw	x3,340(x30)	 x30:0x8003feac  x3:0x00000001 PA:0xxxxxxxxx
     484675.000 ns	     48466	80009eb4	ff9ff06f	jal	x0,80009eb0	
     484725.000 ns	     48471	80009eac	00036f17	auipc	x30,0x36	 x30=0x8003feac
     484735.000 ns	     48472	80009eb0	143f2a23	sw	x3,340(x30)	 x30:0x8003feac  x3:0x00000001 PA:0xxxxxxxxx
     484755.000 ns	     48474	80009eb4	ff9ff06f	jal	x0,80009eb0	
     484805.000 ns	     48479	80009eac	00036f17	auipc	x30,0x36	 x30=0x8003feac
     484815.000 ns	     48480	80009eb0	143f2a23	sw	x3,340(x30)	 x30:0x8003feac  x3:0x00000001 PA:0xxxxxxxxx
     484835.000 ns	     48482	80009eb4	ff9ff06f	jal	x0,80009eb0	
     484885.000 ns	     48487	80009eac	00036f17	auipc	x30,0x36	 x30=0x8003feac
     484895.000 ns	     48488	80009eb0	143f2a23	sw	x3,340(x30)	 x30:0x8003feac  x3:0x00000001 PA:0xxxxxxxxx
     484915.000 ns	     48490	80009eb4	ff9ff06f	jal	x0,80009eb0	
     484965.000 ns	     48495	80009eac	00036f17	auipc	x30,0x36	 x30=0x8003feac
     484975.000 ns	     48496	80009eb0	143f2a23	sw	x3,340(x30)	 x30:0x8003feac  x3:0x00000001 PA:0xxxxxxxxx
     484995.000 ns	     48498	80009eb4	ff9ff06f	jal	x0,80009eb0	
     485045.000 ns	     48503	80009eac	00036f17	auipc	x30,0x36	 x30=0x8003feac
     485055.000 ns	     48504	80009eb0	143f2a23	sw	x3,340(x30)	 x30:0x8003feac  x3:0x00000001 PA:0xxxxxxxxx
     485075.000 ns	     48506	80009eb4	ff9ff06f	jal	x0,80009eb0	
     485125.000 ns	     48511	80009eac	00036f17	auipc	x30,0x36	 x30=0x8003feac
     485135.000 ns	     48512	80009eb0	143f2a23	sw	x3,340(x30)	 x30:0x8003feac  x3:0x00000001 PA:0xxxxxxxxx
     485155.000 ns	     48514	80009eb4	ff9ff06f	jal	x0,80009eb0	
     485205.000 ns	     48519	80009eac	00036f17	auipc	x30,0x36	 x30=0x8003feac
     485215.000 ns	     48520	80009eb0	143f2a23	sw	x3,340(x30)	 x30:0x8003feac  x3:0x00000001 PA:0xxxxxxxxx
     485235.000 ns	     48522	80009eb4	ff9ff06f	jal	x0,80009eb0	
     485285.000 ns	     48527	80009eac	00036f17	auipc	x30,0x36	 x30=0x8003feac
     485295.000 ns	     48528	80009eb0	143f2a23	sw	x3,340(x30)	 x30:0x8003feac  x3:0x00000001 PA:0xxxxxxxxx
     485315.000 ns	     48530	80009eb4	ff9ff06f	jal	x0,80009eb0	
     485365.000 ns	     48535	80009eac	00036f17	auipc	x30,0x36	 x30=0x8003feac
     485375.000 ns	     48536	80009eb0	143f2a23	sw	x3,340(x30)	 x30:0x8003feac  x3:0x00000001 PA:0xxxxxxxxx
     485395.000 ns	     48538	80009eb4	ff9ff06f	jal	x0,80009eb0	
     485445.000 ns	     48543	80009eac	00036f17	auipc	x30,0x36	 x30=0x8003feac
     485455.000 ns	     48544	80009eb0	143f2a23	sw	x3,340(x30)	 x30:0x8003feac  x3:0x00000001 PA:0xxxxxxxxx
     485475.000 ns	     48546	80009eb4	ff9ff06f	jal	x0,80009eb0	
     485525.000 ns	     48551	80009eac	00036f17	auipc	x30,0x36	 x30=0x8003feac
     485535.000 ns	     48552	80009eb0	143f2a23	sw	x3,340(x30)	 x30:0x8003feac  x3:0x00000001 PA:0xxxxxxxxx
     485555.000 ns	     48554	80009eb4	ff9ff06f	jal	x0,80009eb0	
     485605.000 ns	     48559	80009eac	00036f17	auipc	x30,0x36	 x30=0x8003feac
     485615.000 ns	     48560	80009eb0	143f2a23	sw	x3,340(x30)	 x30:0x8003feac  x3:0x00000001 PA:0xxxxxxxxx
     485635.000 ns	     48562	80009eb4	ff9ff06f	jal	x0,80009eb0	
     485685.000 ns	     48567	80009eac	00036f17	auipc	x30,0x36	 x30=0x8003feac
     485695.000 ns	     48568	80009eb0	143f2a23	sw	x3,340(x30)	 x30:0x8003feac  x3:0x00000001 PA:0xxxxxxxxx
     485715.000 ns	     48570	80009eb4	ff9ff06f	jal	x0,80009eb0	
     485765.000 ns	     48575	80009eac	00036f17	auipc	x30,0x36	 x30=0x8003feac
     485775.000 ns	     48576	80009eb0	143f2a23	sw	x3,340(x30)	 x30:0x8003feac  x3:0x00000001 PA:0xxxxxxxxx
     485795.000 ns	     48578	80009eb4	ff9ff06f	jal	x0,80009eb0	
     485845.000 ns	     48583	80009eac	00036f17	auipc	x30,0x36	 x30=0x8003feac
     485855.000 ns	     48584	80009eb0	143f2a23	sw	x3,340(x30)	 x30:0x8003feac  x3:0x00000001 PA:0xxxxxxxxx
     485875.000 ns	     48586	80009eb4	ff9ff06f	jal	x0,80009eb0	
     485925.000 ns	     48591	80009eac	00036f17	auipc	x30,0x36	 x30=0x8003feac
     485935.000 ns	     48592	80009eb0	143f2a23	sw	x3,340(x30)	 x30:0x8003feac  x3:0x00000001 PA:0xxxxxxxxx
     485955.000 ns	     48594	80009eb4	ff9ff06f	jal	x0,80009eb0	
     486005.000 ns	     48599	80009eac	00036f17	auipc	x30,0x36	 x30=0x8003feac
     486015.000 ns	     48600	80009eb0	143f2a23	sw	x3,340(x30)	 x30:0x8003feac  x3:0x00000001 PA:0xxxxxxxxx
     486035.000 ns	     48602	80009eb4	ff9ff06f	jal	x0,80009eb0	
     486085.000 ns	     48607	80009eac	00036f17	auipc	x30,0x36	 x30=0x8003feac
     486095.000 ns	     48608	80009eb0	143f2a23	sw	x3,340(x30)	 x30:0x8003feac  x3:0x00000001 PA:0xxxxxxxxx
     486115.000 ns	     48610	80009eb4	ff9ff06f	jal	x0,80009eb0	
     486165.000 ns	     48615	80009eac	00036f17	auipc	x30,0x36	 x30=0x8003feac
     486175.000 ns	     48616	80009eb0	143f2a23	sw	x3,340(x30)	 x30:0x8003feac  x3:0x00000001 PA:0xxxxxxxxx
     486195.000 ns	     48618	80009eb4	ff9ff06f	jal	x0,80009eb0	
     486245.000 ns	     48623	80009eac	00036f17	auipc	x30,0x36	 x30=0x8003feac
     486255.000 ns	     48624	80009eb0	143f2a23	sw	x3,340(x30)	 x30:0x8003feac  x3:0x00000001 PA:0xxxxxxxxx
     486275.000 ns	     48626	80009eb4	ff9ff06f	jal	x0,80009eb0	
     486325.000 ns	     48631	80009eac	00036f17	auipc	x30,0x36	 x30=0x8003feac
     486335.000 ns	     48632	80009eb0	143f2a23	sw	x3,340(x30)	 x30:0x8003feac  x3:0x00000001 PA:0xxxxxxxxx
     486355.000 ns	     48634	80009eb4	ff9ff06f	jal	x0,80009eb0	
     486405.000 ns	     48639	80009eac	00036f17	auipc	x30,0x36	 x30=0x8003feac
     486415.000 ns	     48640	80009eb0	143f2a23	sw	x3,340(x30)	 x30:0x8003feac  x3:0x00000001 PA:0xxxxxxxxx
     486435.000 ns	     48642	80009eb4	ff9ff06f	jal	x0,80009eb0	
     486485.000 ns	     48647	80009eac	00036f17	auipc	x30,0x36	 x30=0x8003feac
     486495.000 ns	     48648	80009eb0	143f2a23	sw	x3,340(x30)	 x30:0x8003feac  x3:0x00000001 PA:0xxxxxxxxx
     486515.000 ns	     48650	80009eb4	ff9ff06f	jal	x0,80009eb0	
     486565.000 ns	     48655	80009eac	00036f17	auipc	x30,0x36	 x30=0x8003feac
     486575.000 ns	     48656	80009eb0	143f2a23	sw	x3,340(x30)	 x30:0x8003feac  x3:0x00000001 PA:0xxxxxxxxx
     486595.000 ns	     48658	80009eb4	ff9ff06f	jal	x0,80009eb0	
     486645.000 ns	     48663	80009eac	00036f17	auipc	x30,0x36	 x30=0x8003feac
     486655.000 ns	     48664	80009eb0	143f2a23	sw	x3,340(x30)	 x30:0x8003feac  x3:0x00000001 PA:0xxxxxxxxx
     486675.000 ns	     48666	80009eb4	ff9ff06f	jal	x0,80009eb0	
     486725.000 ns	     48671	80009eac	00036f17	auipc	x30,0x36	 x30=0x8003feac
     486735.000 ns	     48672	80009eb0	143f2a23	sw	x3,340(x30)	 x30:0x8003feac  x3:0x00000001 PA:0xxxxxxxxx
     486755.000 ns	     48674	80009eb4	ff9ff06f	jal	x0,80009eb0	
     486805.000 ns	     48679	80009eac	00036f17	auipc	x30,0x36	 x30=0x8003feac
     486815.000 ns	     48680	80009eb0	143f2a23	sw	x3,340(x30)	 x30:0x8003feac  x3:0x00000001 PA:0xxxxxxxxx
     486835.000 ns	     48682	80009eb4	ff9ff06f	jal	x0,80009eb0	
     486885.000 ns	     48687	80009eac	00036f17	auipc	x30,0x36	 x30=0x8003feac
     486895.000 ns	     48688	80009eb0	143f2a23	sw	x3,340(x30)	 x30:0x8003feac  x3:0x00000001 PA:0xxxxxxxxx
     486915.000 ns	     48690	80009eb4	ff9ff06f	jal	x0,80009eb0	
     486965.000 ns	     48695	80009eac	00036f17	auipc	x30,0x36	 x30=0x8003feac
     486975.000 ns	     48696	80009eb0	143f2a23	sw	x3,340(x30)	 x30:0x8003feac  x3:0x00000001 PA:0xxxxxxxxx
     486995.000 ns	     48698	80009eb4	ff9ff06f	jal	x0,80009eb0	
     487045.000 ns	     48703	80009eac	00036f17	auipc	x30,0x36	 x30=0x8003feac
     487055.000 ns	     48704	80009eb0	143f2a23	sw	x3,340(x30)	 x30:0x8003feac  x3:0x00000001 PA:0xxxxxxxxx
     487075.000 ns	     48706	80009eb4	ff9ff06f	jal	x0,80009eb0	
     487125.000 ns	     48711	80009eac	00036f17	auipc	x30,0x36	 x30=0x8003feac
     487135.000 ns	     48712	80009eb0	143f2a23	sw	x3,340(x30)	 x30:0x8003feac  x3:0x00000001 PA:0xxxxxxxxx
     487155.000 ns	     48714	80009eb4	ff9ff06f	jal	x0,80009eb0	
     487205.000 ns	     48719	80009eac	00036f17	auipc	x30,0x36	 x30=0x8003feac
     487215.000 ns	     48720	80009eb0	143f2a23	sw	x3,340(x30)	 x30:0x8003feac  x3:0x00000001 PA:0xxxxxxxxx
     487235.000 ns	     48722	80009eb4	ff9ff06f	jal	x0,80009eb0	
     487285.000 ns	     48727	80009eac	00036f17	auipc	x30,0x36	 x30=0x8003feac
     487295.000 ns	     48728	80009eb0	143f2a23	sw	x3,340(x30)	 x30:0x8003feac  x3:0x00000001 PA:0xxxxxxxxx
     487315.000 ns	     48730	80009eb4	ff9ff06f	jal	x0,80009eb0	
     487365.000 ns	     48735	80009eac	00036f17	auipc	x30,0x36	 x30=0x8003feac
     487375.000 ns	     48736	80009eb0	143f2a23	sw	x3,340(x30)	 x30:0x8003feac  x3:0x00000001 PA:0xxxxxxxxx
     487395.000 ns	     48738	80009eb4	ff9ff06f	jal	x0,80009eb0	
     487445.000 ns	     48743	80009eac	00036f17	auipc	x30,0x36	 x30=0x8003feac
     487455.000 ns	     48744	80009eb0	143f2a23	sw	x3,340(x30)	 x30:0x8003feac  x3:0x00000001 PA:0xxxxxxxxx
     487475.000 ns	     48746	80009eb4	ff9ff06f	jal	x0,80009eb0	
     487525.000 ns	     48751	80009eac	00036f17	auipc	x30,0x36	 x30=0x8003feac
     487535.000 ns	     48752	80009eb0	143f2a23	sw	x3,340(x30)	 x30:0x8003feac  x3:0x00000001 PA:0xxxxxxxxx
     487555.000 ns	     48754	80009eb4	ff9ff06f	jal	x0,80009eb0	
     487605.000 ns	     48759	80009eac	00036f17	auipc	x30,0x36	 x30=0x8003feac
     487615.000 ns	     48760	80009eb0	143f2a23	sw	x3,340(x30)	 x30:0x8003feac  x3:0x00000001 PA:0xxxxxxxxx
     487635.000 ns	     48762	80009eb4	ff9ff06f	jal	x0,80009eb0	
     487685.000 ns	     48767	80009eac	00036f17	auipc	x30,0x36	 x30=0x8003feac
     487695.000 ns	     48768	80009eb0	143f2a23	sw	x3,340(x30)	 x30:0x8003feac  x3:0x00000001 PA:0xxxxxxxxx
     487715.000 ns	     48770	80009eb4	ff9ff06f	jal	x0,80009eb0	
     487765.000 ns	     48775	80009eac	00036f17	auipc	x30,0x36	 x30=0x8003feac
     487775.000 ns	     48776	80009eb0	143f2a23	sw	x3,340(x30)	 x30:0x8003feac  x3:0x00000001 PA:0xxxxxxxxx
     487795.000 ns	     48778	80009eb4	ff9ff06f	jal	x0,80009eb0	
     487845.000 ns	     48783	80009eac	00036f17	auipc	x30,0x36	 x30=0x8003feac
     487855.000 ns	     48784	80009eb0	143f2a23	sw	x3,340(x30)	 x30:0x8003feac  x3:0x00000001 PA:0xxxxxxxxx
     487875.000 ns	     48786	80009eb4	ff9ff06f	jal	x0,80009eb0	
     487925.000 ns	     48791	80009eac	00036f17	auipc	x30,0x36	 x30=0x8003feac
     487935.000 ns	     48792	80009eb0	143f2a23	sw	x3,340(x30)	 x30:0x8003feac  x3:0x00000001 PA:0xxxxxxxxx
     487955.000 ns	     48794	80009eb4	ff9ff06f	jal	x0,80009eb0	
     488005.000 ns	     48799	80009eac	00036f17	auipc	x30,0x36	 x30=0x8003feac
     488015.000 ns	     48800	80009eb0	143f2a23	sw	x3,340(x30)	 x30:0x8003feac  x3:0x00000001 PA:0xxxxxxxxx
     488035.000 ns	     48802	80009eb4	ff9ff06f	jal	x0,80009eb0	
     488085.000 ns	     48807	80009eac	00036f17	auipc	x30,0x36	 x30=0x8003feac
     488095.000 ns	     48808	80009eb0	143f2a23	sw	x3,340(x30)	 x30:0x8003feac  x3:0x00000001 PA:0xxxxxxxxx
     488115.000 ns	     48810	80009eb4	ff9ff06f	jal	x0,80009eb0	
     488165.000 ns	     48815	80009eac	00036f17	auipc	x30,0x36	 x30=0x8003feac
     488175.000 ns	     48816	80009eb0	143f2a23	sw	x3,340(x30)	 x30:0x8003feac  x3:0x00000001 PA:0xxxxxxxxx
     488195.000 ns	     48818	80009eb4	ff9ff06f	jal	x0,80009eb0	
     488245.000 ns	     48823	80009eac	00036f17	auipc	x30,0x36	 x30=0x8003feac
     488255.000 ns	     48824	80009eb0	143f2a23	sw	x3,340(x30)	 x30:0x8003feac  x3:0x00000001 PA:0xxxxxxxxx
     488275.000 ns	     48826	80009eb4	ff9ff06f	jal	x0,80009eb0	
     488325.000 ns	     48831	80009eac	00036f17	auipc	x30,0x36	 x30=0x8003feac
     488335.000 ns	     48832	80009eb0	143f2a23	sw	x3,340(x30)	 x30:0x8003feac  x3:0x00000001 PA:0xxxxxxxxx
     488355.000 ns	     48834	80009eb4	ff9ff06f	jal	x0,80009eb0	
     488405.000 ns	     48839	80009eac	00036f17	auipc	x30,0x36	 x30=0x8003feac
     488415.000 ns	     48840	80009eb0	143f2a23	sw	x3,340(x30)	 x30:0x8003feac  x3:0x00000001 PA:0xxxxxxxxx
     488435.000 ns	     48842	80009eb4	ff9ff06f	jal	x0,80009eb0	
     488485.000 ns	     48847	80009eac	00036f17	auipc	x30,0x36	 x30=0x8003feac
     488495.000 ns	     48848	80009eb0	143f2a23	sw	x3,340(x30)	 x30:0x8003feac  x3:0x00000001 PA:0xxxxxxxxx
     488515.000 ns	     48850	80009eb4	ff9ff06f	jal	x0,80009eb0	
     488565.000 ns	     48855	80009eac	00036f17	auipc	x30,0x36	 x30=0x8003feac
     488575.000 ns	     48856	80009eb0	143f2a23	sw	x3,340(x30)	 x30:0x8003feac  x3:0x00000001 PA:0xxxxxxxxx
     488595.000 ns	     48858	80009eb4	ff9ff06f	jal	x0,80009eb0	
     488645.000 ns	     48863	80009eac	00036f17	auipc	x30,0x36	 x30=0x8003feac
     488655.000 ns	     48864	80009eb0	143f2a23	sw	x3,340(x30)	 x30:0x8003feac  x3:0x00000001 PA:0xxxxxxxxx
     488675.000 ns	     48866	80009eb4	ff9ff06f	jal	x0,80009eb0	
     488725.000 ns	     48871	80009eac	00036f17	auipc	x30,0x36	 x30=0x8003feac
     488735.000 ns	     48872	80009eb0	143f2a23	sw	x3,340(x30)	 x30:0x8003feac  x3:0x00000001 PA:0xxxxxxxxx
     488755.000 ns	     48874	80009eb4	ff9ff06f	jal	x0,80009eb0	
     488805.000 ns	     48879	80009eac	00036f17	auipc	x30,0x36	 x30=0x8003feac
     488815.000 ns	     48880	80009eb0	143f2a23	sw	x3,340(x30)	 x30:0x8003feac  x3:0x00000001 PA:0xxxxxxxxx
     488835.000 ns	     48882	80009eb4	ff9ff06f	jal	x0,80009eb0	
     488885.000 ns	     48887	80009eac	00036f17	auipc	x30,0x36	 x30=0x8003feac
     488895.000 ns	     48888	80009eb0	143f2a23	sw	x3,340(x30)	 x30:0x8003feac  x3:0x00000001 PA:0xxxxxxxxx
     488915.000 ns	     48890	80009eb4	ff9ff06f	jal	x0,80009eb0	
     488965.000 ns	     48895	80009eac	00036f17	auipc	x30,0x36	 x30=0x8003feac
     488975.000 ns	     48896	80009eb0	143f2a23	sw	x3,340(x30)	 x30:0x8003feac  x3:0x00000001 PA:0xxxxxxxxx
     488995.000 ns	     48898	80009eb4	ff9ff06f	jal	x0,80009eb0	
     489045.000 ns	     48903	80009eac	00036f17	auipc	x30,0x36	 x30=0x8003feac
     489055.000 ns	     48904	80009eb0	143f2a23	sw	x3,340(x30)	 x30:0x8003feac  x3:0x00000001 PA:0xxxxxxxxx
     489075.000 ns	     48906	80009eb4	ff9ff06f	jal	x0,80009eb0	
     489125.000 ns	     48911	80009eac	00036f17	auipc	x30,0x36	 x30=0x8003feac
     489135.000 ns	     48912	80009eb0	143f2a23	sw	x3,340(x30)	 x30:0x8003feac  x3:0x00000001 PA:0xxxxxxxxx
     489155.000 ns	     48914	80009eb4	ff9ff06f	jal	x0,80009eb0	
     489205.000 ns	     48919	80009eac	00036f17	auipc	x30,0x36	 x30=0x8003feac
     489215.000 ns	     48920	80009eb0	143f2a23	sw	x3,340(x30)	 x30:0x8003feac  x3:0x00000001 PA:0xxxxxxxxx
     489235.000 ns	     48922	80009eb4	ff9ff06f	jal	x0,80009eb0	
     489285.000 ns	     48927	80009eac	00036f17	auipc	x30,0x36	 x30=0x8003feac
     489295.000 ns	     48928	80009eb0	143f2a23	sw	x3,340(x30)	 x30:0x8003feac  x3:0x00000001 PA:0xxxxxxxxx
     489315.000 ns	     48930	80009eb4	ff9ff06f	jal	x0,80009eb0	
     489365.000 ns	     48935	80009eac	00036f17	auipc	x30,0x36	 x30=0x8003feac
     489375.000 ns	     48936	80009eb0	143f2a23	sw	x3,340(x30)	 x30:0x8003feac  x3:0x00000001 PA:0xxxxxxxxx
     489395.000 ns	     48938	80009eb4	ff9ff06f	jal	x0,80009eb0	
     489445.000 ns	     48943	80009eac	00036f17	auipc	x30,0x36	 x30=0x8003feac
     489455.000 ns	     48944	80009eb0	143f2a23	sw	x3,340(x30)	 x30:0x8003feac  x3:0x00000001 PA:0xxxxxxxxx
     489475.000 ns	     48946	80009eb4	ff9ff06f	jal	x0,80009eb0	
     489525.000 ns	     48951	80009eac	00036f17	auipc	x30,0x36	 x30=0x8003feac
     489535.000 ns	     48952	80009eb0	143f2a23	sw	x3,340(x30)	 x30:0x8003feac  x3:0x00000001 PA:0xxxxxxxxx
     489555.000 ns	     48954	80009eb4	ff9ff06f	jal	x0,80009eb0	
     489605.000 ns	     48959	80009eac	00036f17	auipc	x30,0x36	 x30=0x8003feac
     489615.000 ns	     48960	80009eb0	143f2a23	sw	x3,340(x30)	 x30:0x8003feac  x3:0x00000001 PA:0xxxxxxxxx
     489635.000 ns	     48962	80009eb4	ff9ff06f	jal	x0,80009eb0	
     489685.000 ns	     48967	80009eac	00036f17	auipc	x30,0x36	 x30=0x8003feac
     489695.000 ns	     48968	80009eb0	143f2a23	sw	x3,340(x30)	 x30:0x8003feac  x3:0x00000001 PA:0xxxxxxxxx
     489715.000 ns	     48970	80009eb4	ff9ff06f	jal	x0,80009eb0	
     489765.000 ns	     48975	80009eac	00036f17	auipc	x30,0x36	 x30=0x8003feac
     489775.000 ns	     48976	80009eb0	143f2a23	sw	x3,340(x30)	 x30:0x8003feac  x3:0x00000001 PA:0xxxxxxxxx
     489795.000 ns	     48978	80009eb4	ff9ff06f	jal	x0,80009eb0	
     489845.000 ns	     48983	80009eac	00036f17	auipc	x30,0x36	 x30=0x8003feac
     489855.000 ns	     48984	80009eb0	143f2a23	sw	x3,340(x30)	 x30:0x8003feac  x3:0x00000001 PA:0xxxxxxxxx
     489875.000 ns	     48986	80009eb4	ff9ff06f	jal	x0,80009eb0	
     489925.000 ns	     48991	80009eac	00036f17	auipc	x30,0x36	 x30=0x8003feac
     489935.000 ns	     48992	80009eb0	143f2a23	sw	x3,340(x30)	 x30:0x8003feac  x3:0x00000001 PA:0xxxxxxxxx
     489955.000 ns	     48994	80009eb4	ff9ff06f	jal	x0,80009eb0	
     490005.000 ns	     48999	80009eac	00036f17	auipc	x30,0x36	 x30=0x8003feac
     490015.000 ns	     49000	80009eb0	143f2a23	sw	x3,340(x30)	 x30:0x8003feac  x3:0x00000001 PA:0xxxxxxxxx
     490035.000 ns	     49002	80009eb4	ff9ff06f	jal	x0,80009eb0	
     490085.000 ns	     49007	80009eac	00036f17	auipc	x30,0x36	 x30=0x8003feac
     490095.000 ns	     49008	80009eb0	143f2a23	sw	x3,340(x30)	 x30:0x8003feac  x3:0x00000001 PA:0xxxxxxxxx
     490115.000 ns	     49010	80009eb4	ff9ff06f	jal	x0,80009eb0	
     490165.000 ns	     49015	80009eac	00036f17	auipc	x30,0x36	 x30=0x8003feac
     490175.000 ns	     49016	80009eb0	143f2a23	sw	x3,340(x30)	 x30:0x8003feac  x3:0x00000001 PA:0xxxxxxxxx
     490195.000 ns	     49018	80009eb4	ff9ff06f	jal	x0,80009eb0	
     490245.000 ns	     49023	80009eac	00036f17	auipc	x30,0x36	 x30=0x8003feac
     490255.000 ns	     49024	80009eb0	143f2a23	sw	x3,340(x30)	 x30:0x8003feac  x3:0x00000001 PA:0xxxxxxxxx
     490275.000 ns	     49026	80009eb4	ff9ff06f	jal	x0,80009eb0	
     490325.000 ns	     49031	80009eac	00036f17	auipc	x30,0x36	 x30=0x8003feac
     490335.000 ns	     49032	80009eb0	143f2a23	sw	x3,340(x30)	 x30:0x8003feac  x3:0x00000001 PA:0xxxxxxxxx
     490355.000 ns	     49034	80009eb4	ff9ff06f	jal	x0,80009eb0	
     490405.000 ns	     49039	80009eac	00036f17	auipc	x30,0x36	 x30=0x8003feac
     490415.000 ns	     49040	80009eb0	143f2a23	sw	x3,340(x30)	 x30:0x8003feac  x3:0x00000001 PA:0xxxxxxxxx
     490435.000 ns	     49042	80009eb4	ff9ff06f	jal	x0,80009eb0	
     490485.000 ns	     49047	80009eac	00036f17	auipc	x30,0x36	 x30=0x8003feac
     490495.000 ns	     49048	80009eb0	143f2a23	sw	x3,340(x30)	 x30:0x8003feac  x3:0x00000001 PA:0xxxxxxxxx
     490515.000 ns	     49050	80009eb4	ff9ff06f	jal	x0,80009eb0	
     490565.000 ns	     49055	80009eac	00036f17	auipc	x30,0x36	 x30=0x8003feac
     490575.000 ns	     49056	80009eb0	143f2a23	sw	x3,340(x30)	 x30:0x8003feac  x3:0x00000001 PA:0xxxxxxxxx
     490595.000 ns	     49058	80009eb4	ff9ff06f	jal	x0,80009eb0	
     490645.000 ns	     49063	80009eac	00036f17	auipc	x30,0x36	 x30=0x8003feac
     490655.000 ns	     49064	80009eb0	143f2a23	sw	x3,340(x30)	 x30:0x8003feac  x3:0x00000001 PA:0xxxxxxxxx
     490675.000 ns	     49066	80009eb4	ff9ff06f	jal	x0,80009eb0	
     490725.000 ns	     49071	80009eac	00036f17	auipc	x30,0x36	 x30=0x8003feac
     490735.000 ns	     49072	80009eb0	143f2a23	sw	x3,340(x30)	 x30:0x8003feac  x3:0x00000001 PA:0xxxxxxxxx
     490755.000 ns	     49074	80009eb4	ff9ff06f	jal	x0,80009eb0	
     490805.000 ns	     49079	80009eac	00036f17	auipc	x30,0x36	 x30=0x8003feac
     490815.000 ns	     49080	80009eb0	143f2a23	sw	x3,340(x30)	 x30:0x8003feac  x3:0x00000001 PA:0xxxxxxxxx
     490835.000 ns	     49082	80009eb4	ff9ff06f	jal	x0,80009eb0	
     490885.000 ns	     49087	80009eac	00036f17	auipc	x30,0x36	 x30=0x8003feac
     490895.000 ns	     49088	80009eb0	143f2a23	sw	x3,340(x30)	 x30:0x8003feac  x3:0x00000001 PA:0xxxxxxxxx
     490915.000 ns	     49090	80009eb4	ff9ff06f	jal	x0,80009eb0	
     490965.000 ns	     49095	80009eac	00036f17	auipc	x30,0x36	 x30=0x8003feac
     490975.000 ns	     49096	80009eb0	143f2a23	sw	x3,340(x30)	 x30:0x8003feac  x3:0x00000001 PA:0xxxxxxxxx
     490995.000 ns	     49098	80009eb4	ff9ff06f	jal	x0,80009eb0	
     491045.000 ns	     49103	80009eac	00036f17	auipc	x30,0x36	 x30=0x8003feac
     491055.000 ns	     49104	80009eb0	143f2a23	sw	x3,340(x30)	 x30:0x8003feac  x3:0x00000001 PA:0xxxxxxxxx
     491075.000 ns	     49106	80009eb4	ff9ff06f	jal	x0,80009eb0	
     491125.000 ns	     49111	80009eac	00036f17	auipc	x30,0x36	 x30=0x8003feac
     491135.000 ns	     49112	80009eb0	143f2a23	sw	x3,340(x30)	 x30:0x8003feac  x3:0x00000001 PA:0xxxxxxxxx
     491155.000 ns	     49114	80009eb4	ff9ff06f	jal	x0,80009eb0	
     491205.000 ns	     49119	80009eac	00036f17	auipc	x30,0x36	 x30=0x8003feac
     491215.000 ns	     49120	80009eb0	143f2a23	sw	x3,340(x30)	 x30:0x8003feac  x3:0x00000001 PA:0xxxxxxxxx
     491235.000 ns	     49122	80009eb4	ff9ff06f	jal	x0,80009eb0	
     491285.000 ns	     49127	80009eac	00036f17	auipc	x30,0x36	 x30=0x8003feac
     491295.000 ns	     49128	80009eb0	143f2a23	sw	x3,340(x30)	 x30:0x8003feac  x3:0x00000001 PA:0xxxxxxxxx
     491315.000 ns	     49130	80009eb4	ff9ff06f	jal	x0,80009eb0	
     491365.000 ns	     49135	80009eac	00036f17	auipc	x30,0x36	 x30=0x8003feac
     491375.000 ns	     49136	80009eb0	143f2a23	sw	x3,340(x30)	 x30:0x8003feac  x3:0x00000001 PA:0xxxxxxxxx
     491395.000 ns	     49138	80009eb4	ff9ff06f	jal	x0,80009eb0	
     491445.000 ns	     49143	80009eac	00036f17	auipc	x30,0x36	 x30=0x8003feac
     491455.000 ns	     49144	80009eb0	143f2a23	sw	x3,340(x30)	 x30:0x8003feac  x3:0x00000001 PA:0xxxxxxxxx
     491475.000 ns	     49146	80009eb4	ff9ff06f	jal	x0,80009eb0	
     491525.000 ns	     49151	80009eac	00036f17	auipc	x30,0x36	 x30=0x8003feac
     491535.000 ns	     49152	80009eb0	143f2a23	sw	x3,340(x30)	 x30:0x8003feac  x3:0x00000001 PA:0xxxxxxxxx
     491555.000 ns	     49154	80009eb4	ff9ff06f	jal	x0,80009eb0	
     491605.000 ns	     49159	80009eac	00036f17	auipc	x30,0x36	 x30=0x8003feac
     491615.000 ns	     49160	80009eb0	143f2a23	sw	x3,340(x30)	 x30:0x8003feac  x3:0x00000001 PA:0xxxxxxxxx
     491635.000 ns	     49162	80009eb4	ff9ff06f	jal	x0,80009eb0	
     491685.000 ns	     49167	80009eac	00036f17	auipc	x30,0x36	 x30=0x8003feac
     491695.000 ns	     49168	80009eb0	143f2a23	sw	x3,340(x30)	 x30:0x8003feac  x3:0x00000001 PA:0xxxxxxxxx
     491715.000 ns	     49170	80009eb4	ff9ff06f	jal	x0,80009eb0	
     491765.000 ns	     49175	80009eac	00036f17	auipc	x30,0x36	 x30=0x8003feac
     491775.000 ns	     49176	80009eb0	143f2a23	sw	x3,340(x30)	 x30:0x8003feac  x3:0x00000001 PA:0xxxxxxxxx
     491795.000 ns	     49178	80009eb4	ff9ff06f	jal	x0,80009eb0	
     491845.000 ns	     49183	80009eac	00036f17	auipc	x30,0x36	 x30=0x8003feac
     491855.000 ns	     49184	80009eb0	143f2a23	sw	x3,340(x30)	 x30:0x8003feac  x3:0x00000001 PA:0xxxxxxxxx
     491875.000 ns	     49186	80009eb4	ff9ff06f	jal	x0,80009eb0	
     491925.000 ns	     49191	80009eac	00036f17	auipc	x30,0x36	 x30=0x8003feac
     491935.000 ns	     49192	80009eb0	143f2a23	sw	x3,340(x30)	 x30:0x8003feac  x3:0x00000001 PA:0xxxxxxxxx
     491955.000 ns	     49194	80009eb4	ff9ff06f	jal	x0,80009eb0	
     492005.000 ns	     49199	80009eac	00036f17	auipc	x30,0x36	 x30=0x8003feac
     492015.000 ns	     49200	80009eb0	143f2a23	sw	x3,340(x30)	 x30:0x8003feac  x3:0x00000001 PA:0xxxxxxxxx
     492035.000 ns	     49202	80009eb4	ff9ff06f	jal	x0,80009eb0	
     492085.000 ns	     49207	80009eac	00036f17	auipc	x30,0x36	 x30=0x8003feac
     492095.000 ns	     49208	80009eb0	143f2a23	sw	x3,340(x30)	 x30:0x8003feac  x3:0x00000001 PA:0xxxxxxxxx
     492115.000 ns	     49210	80009eb4	ff9ff06f	jal	x0,80009eb0	
     492165.000 ns	     49215	80009eac	00036f17	auipc	x30,0x36	 x30=0x8003feac
     492175.000 ns	     49216	80009eb0	143f2a23	sw	x3,340(x30)	 x30:0x8003feac  x3:0x00000001 PA:0xxxxxxxxx
     492195.000 ns	     49218	80009eb4	ff9ff06f	jal	x0,80009eb0	
     492245.000 ns	     49223	80009eac	00036f17	auipc	x30,0x36	 x30=0x8003feac
     492255.000 ns	     49224	80009eb0	143f2a23	sw	x3,340(x30)	 x30:0x8003feac  x3:0x00000001 PA:0xxxxxxxxx
     492275.000 ns	     49226	80009eb4	ff9ff06f	jal	x0,80009eb0	
     492325.000 ns	     49231	80009eac	00036f17	auipc	x30,0x36	 x30=0x8003feac
     492335.000 ns	     49232	80009eb0	143f2a23	sw	x3,340(x30)	 x30:0x8003feac  x3:0x00000001 PA:0xxxxxxxxx
     492355.000 ns	     49234	80009eb4	ff9ff06f	jal	x0,80009eb0	
     492405.000 ns	     49239	80009eac	00036f17	auipc	x30,0x36	 x30=0x8003feac
     492415.000 ns	     49240	80009eb0	143f2a23	sw	x3,340(x30)	 x30:0x8003feac  x3:0x00000001 PA:0xxxxxxxxx
     492435.000 ns	     49242	80009eb4	ff9ff06f	jal	x0,80009eb0	
     492485.000 ns	     49247	80009eac	00036f17	auipc	x30,0x36	 x30=0x8003feac
     492495.000 ns	     49248	80009eb0	143f2a23	sw	x3,340(x30)	 x30:0x8003feac  x3:0x00000001 PA:0xxxxxxxxx
     492515.000 ns	     49250	80009eb4	ff9ff06f	jal	x0,80009eb0	
     492565.000 ns	     49255	80009eac	00036f17	auipc	x30,0x36	 x30=0x8003feac
     492575.000 ns	     49256	80009eb0	143f2a23	sw	x3,340(x30)	 x30:0x8003feac  x3:0x00000001 PA:0xxxxxxxxx
     492595.000 ns	     49258	80009eb4	ff9ff06f	jal	x0,80009eb0	
     492645.000 ns	     49263	80009eac	00036f17	auipc	x30,0x36	 x30=0x8003feac
     492655.000 ns	     49264	80009eb0	143f2a23	sw	x3,340(x30)	 x30:0x8003feac  x3:0x00000001 PA:0xxxxxxxxx
     492675.000 ns	     49266	80009eb4	ff9ff06f	jal	x0,80009eb0	
     492725.000 ns	     49271	80009eac	00036f17	auipc	x30,0x36	 x30=0x8003feac
     492735.000 ns	     49272	80009eb0	143f2a23	sw	x3,340(x30)	 x30:0x8003feac  x3:0x00000001 PA:0xxxxxxxxx
     492755.000 ns	     49274	80009eb4	ff9ff06f	jal	x0,80009eb0	
     492805.000 ns	     49279	80009eac	00036f17	auipc	x30,0x36	 x30=0x8003feac
     492815.000 ns	     49280	80009eb0	143f2a23	sw	x3,340(x30)	 x30:0x8003feac  x3:0x00000001 PA:0xxxxxxxxx
     492835.000 ns	     49282	80009eb4	ff9ff06f	jal	x0,80009eb0	
     492885.000 ns	     49287	80009eac	00036f17	auipc	x30,0x36	 x30=0x8003feac
     492895.000 ns	     49288	80009eb0	143f2a23	sw	x3,340(x30)	 x30:0x8003feac  x3:0x00000001 PA:0xxxxxxxxx
     492915.000 ns	     49290	80009eb4	ff9ff06f	jal	x0,80009eb0	
     492965.000 ns	     49295	80009eac	00036f17	auipc	x30,0x36	 x30=0x8003feac
     492975.000 ns	     49296	80009eb0	143f2a23	sw	x3,340(x30)	 x30:0x8003feac  x3:0x00000001 PA:0xxxxxxxxx
     492995.000 ns	     49298	80009eb4	ff9ff06f	jal	x0,80009eb0	
     493045.000 ns	     49303	80009eac	00036f17	auipc	x30,0x36	 x30=0x8003feac
     493055.000 ns	     49304	80009eb0	143f2a23	sw	x3,340(x30)	 x30:0x8003feac  x3:0x00000001 PA:0xxxxxxxxx
     493075.000 ns	     49306	80009eb4	ff9ff06f	jal	x0,80009eb0	
     493125.000 ns	     49311	80009eac	00036f17	auipc	x30,0x36	 x30=0x8003feac
     493135.000 ns	     49312	80009eb0	143f2a23	sw	x3,340(x30)	 x30:0x8003feac  x3:0x00000001 PA:0xxxxxxxxx
     493155.000 ns	     49314	80009eb4	ff9ff06f	jal	x0,80009eb0	
     493205.000 ns	     49319	80009eac	00036f17	auipc	x30,0x36	 x30=0x8003feac
     493215.000 ns	     49320	80009eb0	143f2a23	sw	x3,340(x30)	 x30:0x8003feac  x3:0x00000001 PA:0xxxxxxxxx
     493235.000 ns	     49322	80009eb4	ff9ff06f	jal	x0,80009eb0	
     493285.000 ns	     49327	80009eac	00036f17	auipc	x30,0x36	 x30=0x8003feac
     493295.000 ns	     49328	80009eb0	143f2a23	sw	x3,340(x30)	 x30:0x8003feac  x3:0x00000001 PA:0xxxxxxxxx
     493315.000 ns	     49330	80009eb4	ff9ff06f	jal	x0,80009eb0	
     493365.000 ns	     49335	80009eac	00036f17	auipc	x30,0x36	 x30=0x8003feac
     493375.000 ns	     49336	80009eb0	143f2a23	sw	x3,340(x30)	 x30:0x8003feac  x3:0x00000001 PA:0xxxxxxxxx
     493395.000 ns	     49338	80009eb4	ff9ff06f	jal	x0,80009eb0	
     493445.000 ns	     49343	80009eac	00036f17	auipc	x30,0x36	 x30=0x8003feac
     493455.000 ns	     49344	80009eb0	143f2a23	sw	x3,340(x30)	 x30:0x8003feac  x3:0x00000001 PA:0xxxxxxxxx
     493475.000 ns	     49346	80009eb4	ff9ff06f	jal	x0,80009eb0	
     493525.000 ns	     49351	80009eac	00036f17	auipc	x30,0x36	 x30=0x8003feac
     493535.000 ns	     49352	80009eb0	143f2a23	sw	x3,340(x30)	 x30:0x8003feac  x3:0x00000001 PA:0xxxxxxxxx
     493555.000 ns	     49354	80009eb4	ff9ff06f	jal	x0,80009eb0	
     493605.000 ns	     49359	80009eac	00036f17	auipc	x30,0x36	 x30=0x8003feac
     493615.000 ns	     49360	80009eb0	143f2a23	sw	x3,340(x30)	 x30:0x8003feac  x3:0x00000001 PA:0xxxxxxxxx
     493635.000 ns	     49362	80009eb4	ff9ff06f	jal	x0,80009eb0	
     493685.000 ns	     49367	80009eac	00036f17	auipc	x30,0x36	 x30=0x8003feac
     493695.000 ns	     49368	80009eb0	143f2a23	sw	x3,340(x30)	 x30:0x8003feac  x3:0x00000001 PA:0xxxxxxxxx
     493715.000 ns	     49370	80009eb4	ff9ff06f	jal	x0,80009eb0	
     493765.000 ns	     49375	80009eac	00036f17	auipc	x30,0x36	 x30=0x8003feac
     493775.000 ns	     49376	80009eb0	143f2a23	sw	x3,340(x30)	 x30:0x8003feac  x3:0x00000001 PA:0xxxxxxxxx
     493795.000 ns	     49378	80009eb4	ff9ff06f	jal	x0,80009eb0	
     493845.000 ns	     49383	80009eac	00036f17	auipc	x30,0x36	 x30=0x8003feac
     493855.000 ns	     49384	80009eb0	143f2a23	sw	x3,340(x30)	 x30:0x8003feac  x3:0x00000001 PA:0xxxxxxxxx
     493875.000 ns	     49386	80009eb4	ff9ff06f	jal	x0,80009eb0	
     493925.000 ns	     49391	80009eac	00036f17	auipc	x30,0x36	 x30=0x8003feac
     493935.000 ns	     49392	80009eb0	143f2a23	sw	x3,340(x30)	 x30:0x8003feac  x3:0x00000001 PA:0xxxxxxxxx
     493955.000 ns	     49394	80009eb4	ff9ff06f	jal	x0,80009eb0	
     494005.000 ns	     49399	80009eac	00036f17	auipc	x30,0x36	 x30=0x8003feac
     494015.000 ns	     49400	80009eb0	143f2a23	sw	x3,340(x30)	 x30:0x8003feac  x3:0x00000001 PA:0xxxxxxxxx
     494035.000 ns	     49402	80009eb4	ff9ff06f	jal	x0,80009eb0	
     494085.000 ns	     49407	80009eac	00036f17	auipc	x30,0x36	 x30=0x8003feac
     494095.000 ns	     49408	80009eb0	143f2a23	sw	x3,340(x30)	 x30:0x8003feac  x3:0x00000001 PA:0xxxxxxxxx
     494115.000 ns	     49410	80009eb4	ff9ff06f	jal	x0,80009eb0	
     494165.000 ns	     49415	80009eac	00036f17	auipc	x30,0x36	 x30=0x8003feac
     494175.000 ns	     49416	80009eb0	143f2a23	sw	x3,340(x30)	 x30:0x8003feac  x3:0x00000001 PA:0xxxxxxxxx
     494195.000 ns	     49418	80009eb4	ff9ff06f	jal	x0,80009eb0	
     494245.000 ns	     49423	80009eac	00036f17	auipc	x30,0x36	 x30=0x8003feac
     494255.000 ns	     49424	80009eb0	143f2a23	sw	x3,340(x30)	 x30:0x8003feac  x3:0x00000001 PA:0xxxxxxxxx
     494275.000 ns	     49426	80009eb4	ff9ff06f	jal	x0,80009eb0	
     494325.000 ns	     49431	80009eac	00036f17	auipc	x30,0x36	 x30=0x8003feac
     494335.000 ns	     49432	80009eb0	143f2a23	sw	x3,340(x30)	 x30:0x8003feac  x3:0x00000001 PA:0xxxxxxxxx
     494355.000 ns	     49434	80009eb4	ff9ff06f	jal	x0,80009eb0	
     494405.000 ns	     49439	80009eac	00036f17	auipc	x30,0x36	 x30=0x8003feac
     494415.000 ns	     49440	80009eb0	143f2a23	sw	x3,340(x30)	 x30:0x8003feac  x3:0x00000001 PA:0xxxxxxxxx
     494435.000 ns	     49442	80009eb4	ff9ff06f	jal	x0,80009eb0	
     494485.000 ns	     49447	80009eac	00036f17	auipc	x30,0x36	 x30=0x8003feac
     494495.000 ns	     49448	80009eb0	143f2a23	sw	x3,340(x30)	 x30:0x8003feac  x3:0x00000001 PA:0xxxxxxxxx
     494515.000 ns	     49450	80009eb4	ff9ff06f	jal	x0,80009eb0	
     494565.000 ns	     49455	80009eac	00036f17	auipc	x30,0x36	 x30=0x8003feac
     494575.000 ns	     49456	80009eb0	143f2a23	sw	x3,340(x30)	 x30:0x8003feac  x3:0x00000001 PA:0xxxxxxxxx
     494595.000 ns	     49458	80009eb4	ff9ff06f	jal	x0,80009eb0	
     494645.000 ns	     49463	80009eac	00036f17	auipc	x30,0x36	 x30=0x8003feac
     494655.000 ns	     49464	80009eb0	143f2a23	sw	x3,340(x30)	 x30:0x8003feac  x3:0x00000001 PA:0xxxxxxxxx
     494675.000 ns	     49466	80009eb4	ff9ff06f	jal	x0,80009eb0	
     494725.000 ns	     49471	80009eac	00036f17	auipc	x30,0x36	 x30=0x8003feac
     494735.000 ns	     49472	80009eb0	143f2a23	sw	x3,340(x30)	 x30:0x8003feac  x3:0x00000001 PA:0xxxxxxxxx
     494755.000 ns	     49474	80009eb4	ff9ff06f	jal	x0,80009eb0	
     494805.000 ns	     49479	80009eac	00036f17	auipc	x30,0x36	 x30=0x8003feac
     494815.000 ns	     49480	80009eb0	143f2a23	sw	x3,340(x30)	 x30:0x8003feac  x3:0x00000001 PA:0xxxxxxxxx
     494835.000 ns	     49482	80009eb4	ff9ff06f	jal	x0,80009eb0	
     494885.000 ns	     49487	80009eac	00036f17	auipc	x30,0x36	 x30=0x8003feac
     494895.000 ns	     49488	80009eb0	143f2a23	sw	x3,340(x30)	 x30:0x8003feac  x3:0x00000001 PA:0xxxxxxxxx
     494915.000 ns	     49490	80009eb4	ff9ff06f	jal	x0,80009eb0	
     494965.000 ns	     49495	80009eac	00036f17	auipc	x30,0x36	 x30=0x8003feac
     494975.000 ns	     49496	80009eb0	143f2a23	sw	x3,340(x30)	 x30:0x8003feac  x3:0x00000001 PA:0xxxxxxxxx
     494995.000 ns	     49498	80009eb4	ff9ff06f	jal	x0,80009eb0	
     495045.000 ns	     49503	80009eac	00036f17	auipc	x30,0x36	 x30=0x8003feac
     495055.000 ns	     49504	80009eb0	143f2a23	sw	x3,340(x30)	 x30:0x8003feac  x3:0x00000001 PA:0xxxxxxxxx
     495075.000 ns	     49506	80009eb4	ff9ff06f	jal	x0,80009eb0	
     495125.000 ns	     49511	80009eac	00036f17	auipc	x30,0x36	 x30=0x8003feac
     495135.000 ns	     49512	80009eb0	143f2a23	sw	x3,340(x30)	 x30:0x8003feac  x3:0x00000001 PA:0xxxxxxxxx
     495155.000 ns	     49514	80009eb4	ff9ff06f	jal	x0,80009eb0	
     495205.000 ns	     49519	80009eac	00036f17	auipc	x30,0x36	 x30=0x8003feac
     495215.000 ns	     49520	80009eb0	143f2a23	sw	x3,340(x30)	 x30:0x8003feac  x3:0x00000001 PA:0xxxxxxxxx
     495235.000 ns	     49522	80009eb4	ff9ff06f	jal	x0,80009eb0	
     495285.000 ns	     49527	80009eac	00036f17	auipc	x30,0x36	 x30=0x8003feac
     495295.000 ns	     49528	80009eb0	143f2a23	sw	x3,340(x30)	 x30:0x8003feac  x3:0x00000001 PA:0xxxxxxxxx
     495315.000 ns	     49530	80009eb4	ff9ff06f	jal	x0,80009eb0	
     495365.000 ns	     49535	80009eac	00036f17	auipc	x30,0x36	 x30=0x8003feac
     495375.000 ns	     49536	80009eb0	143f2a23	sw	x3,340(x30)	 x30:0x8003feac  x3:0x00000001 PA:0xxxxxxxxx
     495395.000 ns	     49538	80009eb4	ff9ff06f	jal	x0,80009eb0	
     495445.000 ns	     49543	80009eac	00036f17	auipc	x30,0x36	 x30=0x8003feac
     495455.000 ns	     49544	80009eb0	143f2a23	sw	x3,340(x30)	 x30:0x8003feac  x3:0x00000001 PA:0xxxxxxxxx
     495475.000 ns	     49546	80009eb4	ff9ff06f	jal	x0,80009eb0	
     495525.000 ns	     49551	80009eac	00036f17	auipc	x30,0x36	 x30=0x8003feac
     495535.000 ns	     49552	80009eb0	143f2a23	sw	x3,340(x30)	 x30:0x8003feac  x3:0x00000001 PA:0xxxxxxxxx
     495555.000 ns	     49554	80009eb4	ff9ff06f	jal	x0,80009eb0	
     495605.000 ns	     49559	80009eac	00036f17	auipc	x30,0x36	 x30=0x8003feac
     495615.000 ns	     49560	80009eb0	143f2a23	sw	x3,340(x30)	 x30:0x8003feac  x3:0x00000001 PA:0xxxxxxxxx
     495635.000 ns	     49562	80009eb4	ff9ff06f	jal	x0,80009eb0	
     495685.000 ns	     49567	80009eac	00036f17	auipc	x30,0x36	 x30=0x8003feac
     495695.000 ns	     49568	80009eb0	143f2a23	sw	x3,340(x30)	 x30:0x8003feac  x3:0x00000001 PA:0xxxxxxxxx
     495715.000 ns	     49570	80009eb4	ff9ff06f	jal	x0,80009eb0	
     495765.000 ns	     49575	80009eac	00036f17	auipc	x30,0x36	 x30=0x8003feac
     495775.000 ns	     49576	80009eb0	143f2a23	sw	x3,340(x30)	 x30:0x8003feac  x3:0x00000001 PA:0xxxxxxxxx
     495795.000 ns	     49578	80009eb4	ff9ff06f	jal	x0,80009eb0	
     495845.000 ns	     49583	80009eac	00036f17	auipc	x30,0x36	 x30=0x8003feac
     495855.000 ns	     49584	80009eb0	143f2a23	sw	x3,340(x30)	 x30:0x8003feac  x3:0x00000001 PA:0xxxxxxxxx
     495875.000 ns	     49586	80009eb4	ff9ff06f	jal	x0,80009eb0	
     495925.000 ns	     49591	80009eac	00036f17	auipc	x30,0x36	 x30=0x8003feac
     495935.000 ns	     49592	80009eb0	143f2a23	sw	x3,340(x30)	 x30:0x8003feac  x3:0x00000001 PA:0xxxxxxxxx
     495955.000 ns	     49594	80009eb4	ff9ff06f	jal	x0,80009eb0	
     496005.000 ns	     49599	80009eac	00036f17	auipc	x30,0x36	 x30=0x8003feac
     496015.000 ns	     49600	80009eb0	143f2a23	sw	x3,340(x30)	 x30:0x8003feac  x3:0x00000001 PA:0xxxxxxxxx
     496035.000 ns	     49602	80009eb4	ff9ff06f	jal	x0,80009eb0	
     496085.000 ns	     49607	80009eac	00036f17	auipc	x30,0x36	 x30=0x8003feac
     496095.000 ns	     49608	80009eb0	143f2a23	sw	x3,340(x30)	 x30:0x8003feac  x3:0x00000001 PA:0xxxxxxxxx
     496115.000 ns	     49610	80009eb4	ff9ff06f	jal	x0,80009eb0	
     496165.000 ns	     49615	80009eac	00036f17	auipc	x30,0x36	 x30=0x8003feac
     496175.000 ns	     49616	80009eb0	143f2a23	sw	x3,340(x30)	 x30:0x8003feac  x3:0x00000001 PA:0xxxxxxxxx
     496195.000 ns	     49618	80009eb4	ff9ff06f	jal	x0,80009eb0	
     496245.000 ns	     49623	80009eac	00036f17	auipc	x30,0x36	 x30=0x8003feac
     496255.000 ns	     49624	80009eb0	143f2a23	sw	x3,340(x30)	 x30:0x8003feac  x3:0x00000001 PA:0xxxxxxxxx
     496275.000 ns	     49626	80009eb4	ff9ff06f	jal	x0,80009eb0	
     496325.000 ns	     49631	80009eac	00036f17	auipc	x30,0x36	 x30=0x8003feac
     496335.000 ns	     49632	80009eb0	143f2a23	sw	x3,340(x30)	 x30:0x8003feac  x3:0x00000001 PA:0xxxxxxxxx
     496355.000 ns	     49634	80009eb4	ff9ff06f	jal	x0,80009eb0	
     496405.000 ns	     49639	80009eac	00036f17	auipc	x30,0x36	 x30=0x8003feac
     496415.000 ns	     49640	80009eb0	143f2a23	sw	x3,340(x30)	 x30:0x8003feac  x3:0x00000001 PA:0xxxxxxxxx
     496435.000 ns	     49642	80009eb4	ff9ff06f	jal	x0,80009eb0	
     496485.000 ns	     49647	80009eac	00036f17	auipc	x30,0x36	 x30=0x8003feac
     496495.000 ns	     49648	80009eb0	143f2a23	sw	x3,340(x30)	 x30:0x8003feac  x3:0x00000001 PA:0xxxxxxxxx
     496515.000 ns	     49650	80009eb4	ff9ff06f	jal	x0,80009eb0	
     496565.000 ns	     49655	80009eac	00036f17	auipc	x30,0x36	 x30=0x8003feac
     496575.000 ns	     49656	80009eb0	143f2a23	sw	x3,340(x30)	 x30:0x8003feac  x3:0x00000001 PA:0xxxxxxxxx
     496595.000 ns	     49658	80009eb4	ff9ff06f	jal	x0,80009eb0	
     496645.000 ns	     49663	80009eac	00036f17	auipc	x30,0x36	 x30=0x8003feac
     496655.000 ns	     49664	80009eb0	143f2a23	sw	x3,340(x30)	 x30:0x8003feac  x3:0x00000001 PA:0xxxxxxxxx
     496675.000 ns	     49666	80009eb4	ff9ff06f	jal	x0,80009eb0	
     496725.000 ns	     49671	80009eac	00036f17	auipc	x30,0x36	 x30=0x8003feac
     496735.000 ns	     49672	80009eb0	143f2a23	sw	x3,340(x30)	 x30:0x8003feac  x3:0x00000001 PA:0xxxxxxxxx
     496755.000 ns	     49674	80009eb4	ff9ff06f	jal	x0,80009eb0	
     496805.000 ns	     49679	80009eac	00036f17	auipc	x30,0x36	 x30=0x8003feac
     496815.000 ns	     49680	80009eb0	143f2a23	sw	x3,340(x30)	 x30:0x8003feac  x3:0x00000001 PA:0xxxxxxxxx
     496835.000 ns	     49682	80009eb4	ff9ff06f	jal	x0,80009eb0	
     496885.000 ns	     49687	80009eac	00036f17	auipc	x30,0x36	 x30=0x8003feac
     496895.000 ns	     49688	80009eb0	143f2a23	sw	x3,340(x30)	 x30:0x8003feac  x3:0x00000001 PA:0xxxxxxxxx
     496915.000 ns	     49690	80009eb4	ff9ff06f	jal	x0,80009eb0	
     496965.000 ns	     49695	80009eac	00036f17	auipc	x30,0x36	 x30=0x8003feac
     496975.000 ns	     49696	80009eb0	143f2a23	sw	x3,340(x30)	 x30:0x8003feac  x3:0x00000001 PA:0xxxxxxxxx
     496995.000 ns	     49698	80009eb4	ff9ff06f	jal	x0,80009eb0	
     497045.000 ns	     49703	80009eac	00036f17	auipc	x30,0x36	 x30=0x8003feac
     497055.000 ns	     49704	80009eb0	143f2a23	sw	x3,340(x30)	 x30:0x8003feac  x3:0x00000001 PA:0xxxxxxxxx
     497075.000 ns	     49706	80009eb4	ff9ff06f	jal	x0,80009eb0	
     497125.000 ns	     49711	80009eac	00036f17	auipc	x30,0x36	 x30=0x8003feac
     497135.000 ns	     49712	80009eb0	143f2a23	sw	x3,340(x30)	 x30:0x8003feac  x3:0x00000001 PA:0xxxxxxxxx
     497155.000 ns	     49714	80009eb4	ff9ff06f	jal	x0,80009eb0	
     497205.000 ns	     49719	80009eac	00036f17	auipc	x30,0x36	 x30=0x8003feac
     497215.000 ns	     49720	80009eb0	143f2a23	sw	x3,340(x30)	 x30:0x8003feac  x3:0x00000001 PA:0xxxxxxxxx
     497235.000 ns	     49722	80009eb4	ff9ff06f	jal	x0,80009eb0	
     497285.000 ns	     49727	80009eac	00036f17	auipc	x30,0x36	 x30=0x8003feac
     497295.000 ns	     49728	80009eb0	143f2a23	sw	x3,340(x30)	 x30:0x8003feac  x3:0x00000001 PA:0xxxxxxxxx
     497315.000 ns	     49730	80009eb4	ff9ff06f	jal	x0,80009eb0	
     497365.000 ns	     49735	80009eac	00036f17	auipc	x30,0x36	 x30=0x8003feac
     497375.000 ns	     49736	80009eb0	143f2a23	sw	x3,340(x30)	 x30:0x8003feac  x3:0x00000001 PA:0xxxxxxxxx
     497395.000 ns	     49738	80009eb4	ff9ff06f	jal	x0,80009eb0	
     497445.000 ns	     49743	80009eac	00036f17	auipc	x30,0x36	 x30=0x8003feac
     497455.000 ns	     49744	80009eb0	143f2a23	sw	x3,340(x30)	 x30:0x8003feac  x3:0x00000001 PA:0xxxxxxxxx
     497475.000 ns	     49746	80009eb4	ff9ff06f	jal	x0,80009eb0	
     497525.000 ns	     49751	80009eac	00036f17	auipc	x30,0x36	 x30=0x8003feac
     497535.000 ns	     49752	80009eb0	143f2a23	sw	x3,340(x30)	 x30:0x8003feac  x3:0x00000001 PA:0xxxxxxxxx
     497555.000 ns	     49754	80009eb4	ff9ff06f	jal	x0,80009eb0	
     497605.000 ns	     49759	80009eac	00036f17	auipc	x30,0x36	 x30=0x8003feac
     497615.000 ns	     49760	80009eb0	143f2a23	sw	x3,340(x30)	 x30:0x8003feac  x3:0x00000001 PA:0xxxxxxxxx
     497635.000 ns	     49762	80009eb4	ff9ff06f	jal	x0,80009eb0	
     497685.000 ns	     49767	80009eac	00036f17	auipc	x30,0x36	 x30=0x8003feac
     497695.000 ns	     49768	80009eb0	143f2a23	sw	x3,340(x30)	 x30:0x8003feac  x3:0x00000001 PA:0xxxxxxxxx
     497715.000 ns	     49770	80009eb4	ff9ff06f	jal	x0,80009eb0	
     497765.000 ns	     49775	80009eac	00036f17	auipc	x30,0x36	 x30=0x8003feac
     497775.000 ns	     49776	80009eb0	143f2a23	sw	x3,340(x30)	 x30:0x8003feac  x3:0x00000001 PA:0xxxxxxxxx
     497795.000 ns	     49778	80009eb4	ff9ff06f	jal	x0,80009eb0	
     497845.000 ns	     49783	80009eac	00036f17	auipc	x30,0x36	 x30=0x8003feac
     497855.000 ns	     49784	80009eb0	143f2a23	sw	x3,340(x30)	 x30:0x8003feac  x3:0x00000001 PA:0xxxxxxxxx
     497875.000 ns	     49786	80009eb4	ff9ff06f	jal	x0,80009eb0	
     497925.000 ns	     49791	80009eac	00036f17	auipc	x30,0x36	 x30=0x8003feac
     497935.000 ns	     49792	80009eb0	143f2a23	sw	x3,340(x30)	 x30:0x8003feac  x3:0x00000001 PA:0xxxxxxxxx
     497955.000 ns	     49794	80009eb4	ff9ff06f	jal	x0,80009eb0	
     498005.000 ns	     49799	80009eac	00036f17	auipc	x30,0x36	 x30=0x8003feac
     498015.000 ns	     49800	80009eb0	143f2a23	sw	x3,340(x30)	 x30:0x8003feac  x3:0x00000001 PA:0xxxxxxxxx
     498035.000 ns	     49802	80009eb4	ff9ff06f	jal	x0,80009eb0	
     498085.000 ns	     49807	80009eac	00036f17	auipc	x30,0x36	 x30=0x8003feac
     498095.000 ns	     49808	80009eb0	143f2a23	sw	x3,340(x30)	 x30:0x8003feac  x3:0x00000001 PA:0xxxxxxxxx
     498115.000 ns	     49810	80009eb4	ff9ff06f	jal	x0,80009eb0	
     498165.000 ns	     49815	80009eac	00036f17	auipc	x30,0x36	 x30=0x8003feac
     498175.000 ns	     49816	80009eb0	143f2a23	sw	x3,340(x30)	 x30:0x8003feac  x3:0x00000001 PA:0xxxxxxxxx
     498195.000 ns	     49818	80009eb4	ff9ff06f	jal	x0,80009eb0	
     498245.000 ns	     49823	80009eac	00036f17	auipc	x30,0x36	 x30=0x8003feac
     498255.000 ns	     49824	80009eb0	143f2a23	sw	x3,340(x30)	 x30:0x8003feac  x3:0x00000001 PA:0xxxxxxxxx
     498275.000 ns	     49826	80009eb4	ff9ff06f	jal	x0,80009eb0	
     498325.000 ns	     49831	80009eac	00036f17	auipc	x30,0x36	 x30=0x8003feac
     498335.000 ns	     49832	80009eb0	143f2a23	sw	x3,340(x30)	 x30:0x8003feac  x3:0x00000001 PA:0xxxxxxxxx
     498355.000 ns	     49834	80009eb4	ff9ff06f	jal	x0,80009eb0	
     498405.000 ns	     49839	80009eac	00036f17	auipc	x30,0x36	 x30=0x8003feac
     498415.000 ns	     49840	80009eb0	143f2a23	sw	x3,340(x30)	 x30:0x8003feac  x3:0x00000001 PA:0xxxxxxxxx
     498435.000 ns	     49842	80009eb4	ff9ff06f	jal	x0,80009eb0	
     498485.000 ns	     49847	80009eac	00036f17	auipc	x30,0x36	 x30=0x8003feac
     498495.000 ns	     49848	80009eb0	143f2a23	sw	x3,340(x30)	 x30:0x8003feac  x3:0x00000001 PA:0xxxxxxxxx
     498515.000 ns	     49850	80009eb4	ff9ff06f	jal	x0,80009eb0	
     498565.000 ns	     49855	80009eac	00036f17	auipc	x30,0x36	 x30=0x8003feac
     498575.000 ns	     49856	80009eb0	143f2a23	sw	x3,340(x30)	 x30:0x8003feac  x3:0x00000001 PA:0xxxxxxxxx
     498595.000 ns	     49858	80009eb4	ff9ff06f	jal	x0,80009eb0	
     498645.000 ns	     49863	80009eac	00036f17	auipc	x30,0x36	 x30=0x8003feac
     498655.000 ns	     49864	80009eb0	143f2a23	sw	x3,340(x30)	 x30:0x8003feac  x3:0x00000001 PA:0xxxxxxxxx
     498675.000 ns	     49866	80009eb4	ff9ff06f	jal	x0,80009eb0	
     498725.000 ns	     49871	80009eac	00036f17	auipc	x30,0x36	 x30=0x8003feac
     498735.000 ns	     49872	80009eb0	143f2a23	sw	x3,340(x30)	 x30:0x8003feac  x3:0x00000001 PA:0xxxxxxxxx
     498755.000 ns	     49874	80009eb4	ff9ff06f	jal	x0,80009eb0	
     498805.000 ns	     49879	80009eac	00036f17	auipc	x30,0x36	 x30=0x8003feac
     498815.000 ns	     49880	80009eb0	143f2a23	sw	x3,340(x30)	 x30:0x8003feac  x3:0x00000001 PA:0xxxxxxxxx
     498835.000 ns	     49882	80009eb4	ff9ff06f	jal	x0,80009eb0	
     498885.000 ns	     49887	80009eac	00036f17	auipc	x30,0x36	 x30=0x8003feac
     498895.000 ns	     49888	80009eb0	143f2a23	sw	x3,340(x30)	 x30:0x8003feac  x3:0x00000001 PA:0xxxxxxxxx
     498915.000 ns	     49890	80009eb4	ff9ff06f	jal	x0,80009eb0	
     498965.000 ns	     49895	80009eac	00036f17	auipc	x30,0x36	 x30=0x8003feac
     498975.000 ns	     49896	80009eb0	143f2a23	sw	x3,340(x30)	 x30:0x8003feac  x3:0x00000001 PA:0xxxxxxxxx
     498995.000 ns	     49898	80009eb4	ff9ff06f	jal	x0,80009eb0	
     499045.000 ns	     49903	80009eac	00036f17	auipc	x30,0x36	 x30=0x8003feac
     499055.000 ns	     49904	80009eb0	143f2a23	sw	x3,340(x30)	 x30:0x8003feac  x3:0x00000001 PA:0xxxxxxxxx
     499075.000 ns	     49906	80009eb4	ff9ff06f	jal	x0,80009eb0	
     499125.000 ns	     49911	80009eac	00036f17	auipc	x30,0x36	 x30=0x8003feac
     499135.000 ns	     49912	80009eb0	143f2a23	sw	x3,340(x30)	 x30:0x8003feac  x3:0x00000001 PA:0xxxxxxxxx
     499155.000 ns	     49914	80009eb4	ff9ff06f	jal	x0,80009eb0	
     499205.000 ns	     49919	80009eac	00036f17	auipc	x30,0x36	 x30=0x8003feac
     499215.000 ns	     49920	80009eb0	143f2a23	sw	x3,340(x30)	 x30:0x8003feac  x3:0x00000001 PA:0xxxxxxxxx
     499235.000 ns	     49922	80009eb4	ff9ff06f	jal	x0,80009eb0	
     499285.000 ns	     49927	80009eac	00036f17	auipc	x30,0x36	 x30=0x8003feac
     499295.000 ns	     49928	80009eb0	143f2a23	sw	x3,340(x30)	 x30:0x8003feac  x3:0x00000001 PA:0xxxxxxxxx
     499315.000 ns	     49930	80009eb4	ff9ff06f	jal	x0,80009eb0	
     499365.000 ns	     49935	80009eac	00036f17	auipc	x30,0x36	 x30=0x8003feac
     499375.000 ns	     49936	80009eb0	143f2a23	sw	x3,340(x30)	 x30:0x8003feac  x3:0x00000001 PA:0xxxxxxxxx
     499395.000 ns	     49938	80009eb4	ff9ff06f	jal	x0,80009eb0	
     499445.000 ns	     49943	80009eac	00036f17	auipc	x30,0x36	 x30=0x8003feac
     499455.000 ns	     49944	80009eb0	143f2a23	sw	x3,340(x30)	 x30:0x8003feac  x3:0x00000001 PA:0xxxxxxxxx
     499475.000 ns	     49946	80009eb4	ff9ff06f	jal	x0,80009eb0	
     499525.000 ns	     49951	80009eac	00036f17	auipc	x30,0x36	 x30=0x8003feac
     499535.000 ns	     49952	80009eb0	143f2a23	sw	x3,340(x30)	 x30:0x8003feac  x3:0x00000001 PA:0xxxxxxxxx
     499555.000 ns	     49954	80009eb4	ff9ff06f	jal	x0,80009eb0	
     499605.000 ns	     49959	80009eac	00036f17	auipc	x30,0x36	 x30=0x8003feac
     499615.000 ns	     49960	80009eb0	143f2a23	sw	x3,340(x30)	 x30:0x8003feac  x3:0x00000001 PA:0xxxxxxxxx
     499635.000 ns	     49962	80009eb4	ff9ff06f	jal	x0,80009eb0	
     499685.000 ns	     49967	80009eac	00036f17	auipc	x30,0x36	 x30=0x8003feac
     499695.000 ns	     49968	80009eb0	143f2a23	sw	x3,340(x30)	 x30:0x8003feac  x3:0x00000001 PA:0xxxxxxxxx
     499715.000 ns	     49970	80009eb4	ff9ff06f	jal	x0,80009eb0	
     499765.000 ns	     49975	80009eac	00036f17	auipc	x30,0x36	 x30=0x8003feac
     499775.000 ns	     49976	80009eb0	143f2a23	sw	x3,340(x30)	 x30:0x8003feac  x3:0x00000001 PA:0xxxxxxxxx
     499795.000 ns	     49978	80009eb4	ff9ff06f	jal	x0,80009eb0	
     499845.000 ns	     49983	80009eac	00036f17	auipc	x30,0x36	 x30=0x8003feac
     499855.000 ns	     49984	80009eb0	143f2a23	sw	x3,340(x30)	 x30:0x8003feac  x3:0x00000001 PA:0xxxxxxxxx
     499875.000 ns	     49986	80009eb4	ff9ff06f	jal	x0,80009eb0	
     499925.000 ns	     49991	80009eac	00036f17	auipc	x30,0x36	 x30=0x8003feac
     499935.000 ns	     49992	80009eb0	143f2a23	sw	x3,340(x30)	 x30:0x8003feac  x3:0x00000001 PA:0xxxxxxxxx
     499955.000 ns	     49994	80009eb4	ff9ff06f	jal	x0,80009eb0	
