		Time			Cycle	PC		Insn	Decoded instruction	Register and memory contents
         65.000 ns	         5	80000000	f14022f3	csrrs	x5,mhartid,x0	  x0:0x00000000  x5=0xffffff14
         75.000 ns	         6	80000004	00000313	addi	x6,x0,0	  x0:0x00000000  x6=0x00000000
         85.000 ns	         7	80000008	00628263	beq	x5,x6,8000000c	  x5:0x00000000  x6:0x00000000
         95.000 ns	         8	8000000c	00000517	auipc	x10,0x0	 x10=0x8000000c
        105.000 ns	         9	80000010	00c50513	addi	x10,x10,12	 x10:0x00000000 x10=0x80000018
        115.000 ns	        10	80000014	00050067	jalr	x0,x10,0	 x10:0x00000000
        165.000 ns	        15	80000018	40001f37	lui	x30,0x40001	 x30=0x40001000
        175.000 ns	        16	8000001c	120f0f13	addi	x30,x30,288	 x30:0x00000000 x30=0x40001120
        185.000 ns	        17	80000020	301f1073	csrrw	x0,misa,x30	 x30:0x00000000
        195.000 ns	        18	80000024	00041497	auipc	x9,0x41	  x9=0x80041024
        205.000 ns	        19	80000028	00048493	addi	x9,x9,0	  x9:0x00000000  x9=0x80041024
        215.000 ns	        20	8000002c	0000bf17	auipc	x30,0xb	 x30=0x8000b02c
        225.000 ns	        21	80000030	8b4f0f13	addi	x30,x30,-1868	 x30:0x40001120 x30=0x8000a8e0
        235.000 ns	        22	80000034	001f6f13	ori	x30,x30,1	 x30:0x40001120 x30=0x8000a8e1
        245.000 ns	        23	80000038	305f1073	csrrw	x0,mtvec,x30	 x30:0x8000b02c
        255.000 ns	        24	8000003c	00000f17	auipc	x30,0x0	 x30=0x8000003c
        265.000 ns	        25	80000040	028f0f13	addi	x30,x30,40	 x30:0x8000a8e1 x30=0x80000064
        275.000 ns	        26	80000044	341f1073	csrrw	x0,mepc,x30	 x30:0x8000a8e1
        285.000 ns	        27	80000048	00000013	addi	x0,x0,0	  x0:0x00000000
        295.000 ns	        28	8000004c	00004f37	lui	x30,0x4	 x30=0x00004000
        305.000 ns	        29	80000050	800f0f13	addi	x30,x30,-2048	 x30:0x80000064 x30=0x00003800
        315.000 ns	        30	80000054	300f1073	csrrw	x0,mstatus,x30	 x30:0x80000064
        325.000 ns	        31	80000058	00000f13	addi	x30,x0,0	  x0:0x00000000 x30=0x00000000
        335.000 ns	        32	8000005c	304f1073	csrrw	x0,mie,x30	 x30:0x00003800
        345.000 ns	        33	80000060	30200073	mret	
        355.000 ns	        34	80000064	7f800f37	lui	x30,0x7f800	 x30=0x7f800000
        375.000 ns	        36	80000068	f00f0053	fmv.w.x	f0,x30	 x30:0x00000000  f0=0x7f800000
        395.000 ns	        38	8000006c	14292f37	lui	x30,0x14292	 x30=0x14292000
        405.000 ns	        39	80000070	5c5f0f13	addi	x30,x30,1477	 x30:0x7f800000 x30=0x142925c5
        425.000 ns	        41	80000074	f00f00d3	fmv.w.x	f1,x30	 x30:0x7f800000  f1=0x142925c5
        445.000 ns	        43	80000078	002f6f37	lui	x30,0x2f6	 x30=0x002f6000
        455.000 ns	        44	8000007c	b71f0f13	addi	x30,x30,-1167	 x30:0x142925c5 x30=0x002f5b71
        475.000 ns	        46	80000080	f00f0153	fmv.w.x	f2,x30	 x30:0x142925c5  f2=0x002f5b71
        495.000 ns	        48	80000084	0042df37	lui	x30,0x42d	 x30=0x0042d000
        505.000 ns	        49	80000088	d20f0f13	addi	x30,x30,-736	 x30:0x002f5b71 x30=0x0042cd20
        525.000 ns	        51	8000008c	f00f01d3	fmv.w.x	f3,x30	 x30:0x002f5b71  f3=0x0042cd20
        545.000 ns	        53	80000090	80548f37	lui	x30,0x80548	 x30=0x80548000
        555.000 ns	        54	80000094	601f0f13	addi	x30,x30,1537	 x30:0x0042cd20 x30=0x80548601
        575.000 ns	        56	80000098	f00f0253	fmv.w.x	f4,x30	 x30:0x0042cd20  f4=0x80548601
        595.000 ns	        58	8000009c	7fc00f37	lui	x30,0x7fc00	 x30=0x7fc00000
        615.000 ns	        60	800000a0	f00f02d3	fmv.w.x	f5,x30	 x30:0x80548601  f5=0x7fc00000
        635.000 ns	        62	800000a4	7fc00f37	lui	x30,0x7fc00	 x30=0x7fc00000
        655.000 ns	        64	800000a8	f00f0353	fmv.w.x	f6,x30	 x30:0x7fc00000  f6=0x7fc00000
        675.000 ns	        66	800000ac	7f800f37	lui	x30,0x7f800	 x30=0x7f800000
        695.000 ns	        68	800000b0	f00f03d3	fmv.w.x	f7,x30	 x30:0x7fc00000  f7=0x7f800000
        715.000 ns	        70	800000b4	7fc00f37	lui	x30,0x7fc00	 x30=0x7fc00000
        735.000 ns	        72	800000b8	f00f0453	fmv.w.x	f8,x30	 x30:0x7f800000  f8=0x7fc00000
        755.000 ns	        74	800000bc	7c8b1f37	lui	x30,0x7c8b1	 x30=0x7c8b1000
        765.000 ns	        75	800000c0	1a5f0f13	addi	x30,x30,421	 x30:0x7fc00000 x30=0x7c8b11a5
        785.000 ns	        77	800000c4	f00f04d3	fmv.w.x	f9,x30	 x30:0x7fc00000  f9=0x7c8b11a5
        805.000 ns	        79	800000c8	7f800f37	lui	x30,0x7f800	 x30=0x7f800000
        825.000 ns	        81	800000cc	f00f0553	fmv.w.x	f10,x30	 x30:0x7c8b11a5 f10=0x7f800000
        845.000 ns	        83	800000d0	ff800f37	lui	x30,0xff800	 x30=0xff800000
        855.000 ns	        84	800000d4	ffff0f13	addi	x30,x30,-1	 x30:0x7f800000 x30=0xff7fffff
        875.000 ns	        86	800000d8	f00f05d3	fmv.w.x	f11,x30	 x30:0x7f800000 f11=0xff7fffff
        895.000 ns	        88	800000dc	80000f37	lui	x30,0x80000	 x30=0x80000000
        915.000 ns	        90	800000e0	f00f0653	fmv.w.x	f12,x30	 x30:0xff7fffff f12=0x80000000
        935.000 ns	        92	800000e4	005b5f37	lui	x30,0x5b5	 x30=0x005b5000
        945.000 ns	        93	800000e8	9a0f0f13	addi	x30,x30,-1632	 x30:0x80000000 x30=0x005b49a0
        965.000 ns	        95	800000ec	f00f06d3	fmv.w.x	f13,x30	 x30:0x80000000 f13=0x005b49a0
        985.000 ns	        97	800000f0	00000f13	addi	x30,x0,0	  x0:0x00000000 x30=0x00000000
       1005.000 ns	        99	800000f4	f00f0753	fmv.w.x	f14,x30	 x30:0x005b49a0 f14=0x00000000
       1025.000 ns	       101	800000f8	8007ff37	lui	x30,0x8007f	 x30=0x8007f000
       1035.000 ns	       102	800000fc	2e5f0f13	addi	x30,x30,741	 x30:0x00000000 x30=0x8007f2e5
       1055.000 ns	       104	80000100	f00f07d3	fmv.w.x	f15,x30	 x30:0x00000000 f15=0x8007f2e5
       1075.000 ns	       106	80000104	d68daf37	lui	x30,0xd68da	 x30=0xd68da000
       1085.000 ns	       107	80000108	f70f0f13	addi	x30,x30,-144	 x30:0x8007f2e5 x30=0xd68d9f70
       1105.000 ns	       109	8000010c	f00f0853	fmv.w.x	f16,x30	 x30:0x8007f2e5 f16=0xd68d9f70
       1125.000 ns	       111	80000110	164a0f37	lui	x30,0x164a0	 x30=0x164a0000
       1135.000 ns	       112	80000114	567f0f13	addi	x30,x30,1383	 x30:0xd68d9f70 x30=0x164a0567
       1155.000 ns	       114	80000118	f00f08d3	fmv.w.x	f17,x30	 x30:0xd68d9f70 f17=0x164a0567
       1175.000 ns	       116	8000011c	00000f13	addi	x30,x0,0	  x0:0x00000000 x30=0x00000000
       1195.000 ns	       118	80000120	f00f0953	fmv.w.x	f18,x30	 x30:0x164a0567 f18=0x00000000
       1215.000 ns	       120	80000124	80000f37	lui	x30,0x80000	 x30=0x80000000
       1235.000 ns	       122	80000128	f00f09d3	fmv.w.x	f19,x30	 x30:0x00000000 f19=0x80000000
       1255.000 ns	       124	8000012c	80000f37	lui	x30,0x80000	 x30=0x80000000
       1275.000 ns	       126	80000130	f00f0a53	fmv.w.x	f20,x30	 x30:0x80000000 f20=0x80000000
       1295.000 ns	       128	80000134	1ff0ff37	lui	x30,0x1ff0f	 x30=0x1ff0f000
       1305.000 ns	       129	80000138	d6df0f13	addi	x30,x30,-659	 x30:0x80000000 x30=0x1ff0ed6d
       1325.000 ns	       131	8000013c	f00f0ad3	fmv.w.x	f21,x30	 x30:0x80000000 f21=0x1ff0ed6d
       1345.000 ns	       133	80000140	8916cf37	lui	x30,0x8916c	 x30=0x8916c000
       1355.000 ns	       134	80000144	fe3f0f13	addi	x30,x30,-29	 x30:0x1ff0ed6d x30=0x8916bfe3
       1375.000 ns	       136	80000148	f00f0b53	fmv.w.x	f22,x30	 x30:0x1ff0ed6d f22=0x8916bfe3
       1395.000 ns	       138	8000014c	00539f37	lui	x30,0x539	 x30=0x00539000
       1405.000 ns	       139	80000150	514f0f13	addi	x30,x30,1300	 x30:0x8916bfe3 x30=0x00539514
       1425.000 ns	       141	80000154	f00f0bd3	fmv.w.x	f23,x30	 x30:0x8916bfe3 f23=0x00539514
       1445.000 ns	       143	80000158	e1a12f37	lui	x30,0xe1a12	 x30=0xe1a12000
       1455.000 ns	       144	8000015c	75bf0f13	addi	x30,x30,1883	 x30:0x00539514 x30=0xe1a1275b
       1475.000 ns	       146	80000160	f00f0c53	fmv.w.x	f24,x30	 x30:0x00539514 f24=0xe1a1275b
       1495.000 ns	       148	80000164	7f800f37	lui	x30,0x7f800	 x30=0x7f800000
       1515.000 ns	       150	80000168	f00f0cd3	fmv.w.x	f25,x30	 x30:0xe1a1275b f25=0x7f800000
       1535.000 ns	       152	8000016c	ff800f37	lui	x30,0xff800	 x30=0xff800000
       1555.000 ns	       154	80000170	f00f0d53	fmv.w.x	f26,x30	 x30:0x7f800000 f26=0xff800000
       1575.000 ns	       156	80000174	c98dcf37	lui	x30,0xc98dc	 x30=0xc98dc000
       1585.000 ns	       157	80000178	414f0f13	addi	x30,x30,1044	 x30:0xff800000 x30=0xc98dc414
       1605.000 ns	       159	8000017c	f00f0dd3	fmv.w.x	f27,x30	 x30:0xff800000 f27=0xc98dc414
       1625.000 ns	       161	80000180	f3b8bf37	lui	x30,0xf3b8b	 x30=0xf3b8b000
       1635.000 ns	       162	80000184	cf8f0f13	addi	x30,x30,-776	 x30:0xc98dc414 x30=0xf3b8acf8
       1655.000 ns	       164	80000188	f00f0e53	fmv.w.x	f28,x30	 x30:0xc98dc414 f28=0xf3b8acf8
       1675.000 ns	       166	8000018c	ff800f37	lui	x30,0xff800	 x30=0xff800000
       1695.000 ns	       168	80000190	f00f0ed3	fmv.w.x	f29,x30	 x30:0xf3b8acf8 f29=0xff800000
       1715.000 ns	       170	80000194	7f800f37	lui	x30,0x7f800	 x30=0x7f800000
       1725.000 ns	       171	80000198	001f0f13	addi	x30,x30,1	 x30:0xff800000 x30=0x7f800001
       1745.000 ns	       173	8000019c	f00f0f53	fmv.w.x	f30,x30	 x30:0xff800000 f30=0x7f800001
       1765.000 ns	       175	800001a0	7fc00f37	lui	x30,0x7fc00	 x30=0x7fc00000
       1785.000 ns	       177	800001a4	f00f0fd3	fmv.w.x	f31,x30	 x30:0x7f800001 f31=0x7fc00000
       1805.000 ns	       179	800001a8	0021d073	csrrwi	x0,frm,3	
       1815.000 ns	       180	800001ac	f7ed8037	lui	x0,0xf7ed8	
       1825.000 ns	       181	800001b0	0c700013	addi	x0,x0,199	  x0:0x00000000
       1835.000 ns	       182	800001b4	00400093	addi	x1,x0,4	  x0:0x00000000  x1=0x00000004
       1845.000 ns	       183	800001b8	c628b137	lui	x2,0xc628b	  x2=0xc628b000
       1855.000 ns	       184	800001bc	2be10113	addi	x2,x2,702	  x2:0x00000000  x2=0xc628b2be
       1865.000 ns	       185	800001c0	800001b7	lui	x3,0x80000	  x3=0x80000000
       1875.000 ns	       186	800001c4	96522237	lui	x4,0x96522	  x4=0x96522000
       1885.000 ns	       187	800001c8	b3820213	addi	x4,x4,-1224	  x4:0x00000000  x4=0x96521b38
       1895.000 ns	       188	800001cc	800002b7	lui	x5,0x80000	  x5=0x80000000
       1905.000 ns	       189	800001d0	257c9337	lui	x6,0x257c9	  x6=0x257c9000
       1915.000 ns	       190	800001d4	b9230313	addi	x6,x6,-1134	  x6:0x00000000  x6=0x257c8b92
       1925.000 ns	       191	800001d8	253123b7	lui	x7,0x25312	  x7=0x25312000
       1935.000 ns	       192	800001dc	42438393	addi	x7,x7,1060	  x7:0x00000000  x7=0x25312424
       1945.000 ns	       193	800001e0	00f00413	addi	x8,x0,15	  x0:0x00000000  x8=0x0000000f
       1955.000 ns	       194	800001e4	c1e29537	lui	x10,0xc1e29	 x10=0xc1e29000
       1965.000 ns	       195	800001e8	6ff50513	addi	x10,x10,1791	 x10:0x80000018 x10=0xc1e296ff
       1975.000 ns	       196	800001ec	f14f35b7	lui	x11,0xf14f3	 x11=0xf14f3000
       1985.000 ns	       197	800001f0	48a58593	addi	x11,x11,1162	 x11:0x00000000 x11=0xf14f348a
       1995.000 ns	       198	800001f4	00000613	addi	x12,x0,0	  x0:0x00000000 x12=0x00000000
       2005.000 ns	       199	800001f8	f46146b7	lui	x13,0xf4614	 x13=0xf4614000
       2015.000 ns	       200	800001fc	fc368693	addi	x13,x13,-61	 x13:0x00000000 x13=0xf4613fc3
       2025.000 ns	       201	80000200	99e4f737	lui	x14,0x99e4f	 x14=0x99e4f000
       2035.000 ns	       202	80000204	19a70713	addi	x14,x14,410	 x14:0x00000000 x14=0x99e4f19a
       2045.000 ns	       203	80000208	fa6a27b7	lui	x15,0xfa6a2	 x15=0xfa6a2000
       2055.000 ns	       204	8000020c	fe078793	addi	x15,x15,-32	 x15:0x00000000 x15=0xfa6a1fe0
       2065.000 ns	       205	80000210	00700813	addi	x16,x0,7	  x0:0x00000000 x16=0x00000007
       2075.000 ns	       206	80000214	00900893	addi	x17,x0,9	  x0:0x00000000 x17=0x00000009
       2085.000 ns	       207	80000218	ab326937	lui	x18,0xab326	 x18=0xab326000
       2095.000 ns	       208	8000021c	bc690913	addi	x18,x18,-1082	 x18:0x00000000 x18=0xab325bc6
       2105.000 ns	       209	80000220	00e00993	addi	x19,x0,14	  x0:0x00000000 x19=0x0000000e
       2115.000 ns	       210	80000224	00000a13	addi	x20,x0,0	  x0:0x00000000 x20=0x00000000
       2125.000 ns	       211	80000228	00200a93	addi	x21,x0,2	  x0:0x00000000 x21=0x00000002
       2135.000 ns	       212	8000022c	00c00b13	addi	x22,x0,12	  x0:0x00000000 x22=0x0000000c
       2145.000 ns	       213	80000230	00000b93	addi	x23,x0,0	  x0:0x00000000 x23=0x00000000
       2155.000 ns	       214	80000234	00b00c13	addi	x24,x0,11	  x0:0x00000000 x24=0x0000000b
       2165.000 ns	       215	80000238	f867acb7	lui	x25,0xf867a	 x25=0xf867a000
       2175.000 ns	       216	8000023c	b20c8c93	addi	x25,x25,-1248	 x25:0x00000000 x25=0xf8679b20
       2185.000 ns	       217	80000240	aa1f6d37	lui	x26,0xaa1f6	 x26=0xaa1f6000
       2195.000 ns	       218	80000244	112d0d13	addi	x26,x26,274	 x26:0x00000000 x26=0xaa1f6112
       2205.000 ns	       219	80000248	00500d93	addi	x27,x0,5	  x0:0x00000000 x27=0x00000005
       2215.000 ns	       220	8000024c	9fa45e37	lui	x28,0x9fa45	 x28=0x9fa45000
       2225.000 ns	       221	80000250	4d3e0e13	addi	x28,x28,1235	 x28:0x00000000 x28=0x9fa454d3
       2235.000 ns	       222	80000254	00000e93	addi	x29,x0,0	  x0:0x00000000 x29=0x00000000
       2245.000 ns	       223	80000258	00000f13	addi	x30,x0,0	  x0:0x00000000 x30=0x00000000
       2255.000 ns	       224	8000025c	00041f97	auipc	x31,0x41	 x31=0x8004125c
       2265.000 ns	       225	80000260	d88f8f93	addi	x31,x31,-632	 x31:0x00000000 x31=0x80040fe4
       2285.000 ns	       227	80000264	c0054ed3	fcvt.w.s	x29,f10	 f10:0x7f800000 x29=0x7fffffff
       2335.000 ns	       232	80000268	00d0f253	fadd.s	f4,f1,f13	  f1:0x142925c5 f13:0x005b49a0  f4=0x142925c5
       2355.000 ns	       234	8000026c	1c3b3a97	auipc	x21,0x1c3b3	 x21=0x9c3b326c
       2715.000 ns	       270	80000270	026c7133	remu	x2,x24,x6	 x24:0x0000000b  x6:0x257c8b92  x2=0x0000000b
       2735.000 ns	       272	80000274	5348f193	andi	x3,x17,1332	 x17:0x00000009  x3=0x00000000
       2775.000 ns	       276	80000278	0990f153	fsub.s	f2,f1,f25	  f1:0x142925c5 f25:0x7f800000  f2=0xff800000
       2795.000 ns	       278	8000027c	facccc93	xori	x25,x25,-84	 x25:0xf8679b20 x25=0x0798648c
       2815.000 ns	       280	80000280	29948253	fmin.s	f4,f9,f25	  f9:0x7c8b11a5 f25:0x7f800000  f4=0x7c8b11a5
       2855.000 ns	       284	80000284	119fb053	fmul.s	f0,f31,f25	 f31:0x7fc00000 f25:0x7f800000  f0=0x7fc00000
       2885.000 ns	       287	80000288	d0017d53	fcvt.s.w	f26,x2	  x2:0x0000000b f26=0x41300000
       2905.000 ns	       289	8000028c	92e4a013	slti	x0,x9,-1746	  x9:0x80041024
       2915.000 ns	       290	80000290	a4b60213	addi	x4,x12,-1461	 x12:0x00000000  x4=0xfffffa4b
       2945.000 ns	       293	80000294	18ecfb53	fdiv.s	f22,f25,f14	 f25:0x7f800000 f14:0x00000000 f22=0x7f800000
       2975.000 ns	       296	80000298	03e71d33	mulh	x26,x14,x30	 x14:0x99e4f19a x30:0x00000000 x26=0x00000000
       3015.000 ns	       300	8000029c	1016f5d3	fmul.s	f11,f13,f1	 f13:0x005b49a0  f1:0x142925c5 f11=0x00000001
       4195.000 ns	       418	800002a0	580232d3	fsqrt.s	f5,f4	  f4:0x7c8b11a5  f5=0x5e056b40
       4215.000 ns	       420	800002a4	00000013	addi	x0,x0,0	  x0:0x00000000
       4235.000 ns	       422	800002a8	c00d79d3	fcvt.w.s	x19,f26	 f26:0x41300000 x19=0x0000000b
       4255.000 ns	       424	800002ac	00000013	addi	x0,x0,0	  x0:0x00000000
       4275.000 ns	       426	800002b0	a027a753	feq.s	x14,f15,f2	 f15:0x8007f2e5  f2:0xff800000 x14=0x00000000
       4305.000 ns	       429	800002b4	203faf53	fsgnjx.s	f30,f31,f3	 f31:0x7fc00000  f3:0x0042cd20 f30=0x7fc00000
       4325.000 ns	       431	800002b8	de0227b7	lui	x15,0xde022	 x15=0xde022000
       4335.000 ns	       432	800002bc	04dd0313	addi	x6,x26,77	 x26:0x00000000  x6=0x0000004d
       4345.000 ns	       433	800002c0	61843013	sltiu	x0,x8,1560	  x8:0x0000000f
       4355.000 ns	       434	800002c4	40895213	srai	x4,x18,0x8	 x18:0xab325bc6  x4=0xffab325b
       4365.000 ns	       435	800002c8	017a6833	or	x16,x20,x23	 x20:0x00000000 x23:0x00000000 x16=0x00000000
       4385.000 ns	       437	800002cc	29b18853	fmin.s	f16,f3,f27	  f3:0x0042cd20 f27:0xc98dc414 f16=0xc98dc414
       4415.000 ns	       440	800002d0	03ec0933	mul	x18,x24,x30	 x24:0x0000000b x30:0x00000000 x18=0x00000000
       4445.000 ns	       443	800002d4	a1188a53	fle.s	x20,f17,f17	 f17:0x164a0567 f17:0x164a0567 x20=0x00000001
       4475.000 ns	       446	800002d8	02afae33	mulhsu	x28,x31,x10	 x31:0x80040fe4 x10:0xc1e296ff x28=0x9f11c813
       4505.000 ns	       449	800002dc	022998b3	mulh	x17,x19,x2	 x19:0x0000000b  x2:0x0000000b x17=0x00000000
       4525.000 ns	       451	800002e0	00cd9a93	slli	x21,x27,0xc	 x27:0x00000005 x21=0x00005000
       4535.000 ns	       452	800002e4	2f738217	auipc	x4,0x2f738	  x4=0xaf7382e4
       4555.000 ns	       454	800002e8	c00b1c53	fcvt.w.s	x24,f22	 f22:0x7f800000 x24=0x7fffffff
       4605.000 ns	       459	800002ec	08ad2553	fsub.s	f10,f26,f10	 f26:0x41300000 f10:0x7f800000 f10=0xff800000
       4635.000 ns	       462	800002f0	a1452e53	feq.s	x28,f10,f20	 f10:0x7f800000 f20:0x80000000 x28=0x00000000
       4655.000 ns	       464	800002f4	41d25893	srai	x17,x4,0x1d	  x4:0xaf7382e4 x17=0xfffffffd
       4665.000 ns	       465	800002f8	002106b3	add	x13,x2,x2	  x2:0x0000000b  x2:0x0000000b x13=0x00000016
       4675.000 ns	       466	800002fc	01f0dd93	srli	x27,x1,0x1f	  x1:0x00000004 x27=0x00000000
       4685.000 ns	       467	80000300	01209833	sll	x16,x1,x18	  x1:0x00000004 x18:0x00000000 x16=0x00000004
       4725.000 ns	       471	80000304	005e1153	fadd.s	f2,f28,f5	 f28:0xf3b8acf8  f5:0x5e056b40  f2=0xf3b8acf7
       4745.000 ns	       473	80000308	000023b3	slt	x7,x0,x0	  x0:0x00000000  x0:0x00000000  x7=0x00000000
       4755.000 ns	       474	8000030c	58d7b337	lui	x6,0x58d7b	  x6=0x58d7b000
       5115.000 ns	       510	80000310	03def033	remu	x0,x29,x29	 x29:0x7fffffff x29:0x7fffffff
       5145.000 ns	       513	80000314	29ef8ad3	fmin.s	f21,f31,f30	 f31:0x7fc00000 f30:0x7fc00000 f21=0x7fc00000
       5175.000 ns	       516	80000318	e00088d3	fmv.x.w	x17,f1	  f1:0x142925c5 x17=0x142925c5
       5215.000 ns	       520	8000031c	1057f553	fmul.s	f10,f15,f5	 f15:0x8007f2e5  f5:0x5e056b40 f10=0x9d0490af
       5255.000 ns	       524	80000320	19ef4f53	fdiv.s	f30,f30,f30	 f30:0x7fc00000 f30:0x7fc00000 f30=0x7fc00000
       5285.000 ns	       527	80000324	d01cbb53	fcvt.s.wu	f22,x25	 x25:0x0798648c f22=0x4cf30c92
       5315.000 ns	       530	80000328	a03f8c53	fle.s	x24,f31,f3	 f31:0x7fc00000  f3:0x0042cd20 x24=0x00000000
       5345.000 ns	       533	8000032c	20688d53	fsgnj.s	f26,f17,f6	 f17:0x164a0567  f6:0x7fc00000 f26=0x164a0567
       5375.000 ns	       536	80000330	d0120353	fcvt.s.wu	f6,x4	  x4:0xaf7382e4  f6=0x4f2f7383
       5395.000 ns	       538	80000334	01edfcb3	and	x25,x27,x30	 x27:0x00000000 x30:0x00000000 x25=0x00000000
       5405.000 ns	       539	80000338	8fa3bb13	sltiu	x22,x7,-1798	  x7:0x00000000 x22=0x00000001
       5415.000 ns	       540	8000033c	01d7d733	srl	x14,x15,x29	 x15:0xde022000 x29:0x7fffffff x14=0x00000001
       5435.000 ns	       542	80000340	f00e89d3	fmv.w.x	f19,x29	 x29:0x7fffffff f19=0x7fffffff
       5455.000 ns	       544	80000344	013d4cb3	xor	x25,x26,x19	 x26:0x00000000 x19:0x0000000b x25=0x0000000b
       5465.000 ns	       545	80000348	00de8cb3	add	x25,x29,x13	 x29:0x7fffffff x13:0x00000016 x25=0x80000015
       5485.000 ns	       547	8000034c	c005c953	fcvt.w.s	x18,f11	 f11:0x00000001 x18=0x00000000
       5515.000 ns	       550	80000350	20de28d3	fsgnjx.s	f17,f28,f13	 f28:0xf3b8acf8 f13:0x005b49a0 f17=0xf3b8acf8
       5545.000 ns	       553	80000354	a1af83d3	fle.s	x7,f31,f26	 f31:0x7fc00000 f26:0x164a0567  x7=0x00000000
       5575.000 ns	       556	80000358	a16e9253	flt.s	x4,f29,f22	 f29:0xff800000 f22:0x4cf30c92  x4=0x00000001
       5595.000 ns	       558	8000035c	018b6633	or	x12,x22,x24	 x22:0x00000001 x24:0x00000000 x12=0x00000001
       5615.000 ns	       560	80000360	02a70c33	mul	x24,x14,x10	 x14:0x00000001 x10:0xc1e296ff x24=0xc1e296ff
       5635.000 ns	       562	80000364	003ed0b3	srl	x1,x29,x3	 x29:0x7fffffff  x3:0x00000000  x1=0x7fffffff
       5645.000 ns	       563	80000368	265a2993	slti	x19,x20,613	 x20:0x00000001 x19=0x00000001
       5655.000 ns	       564	8000036c	00a20733	add	x14,x4,x10	  x4:0x00000001 x10:0xc1e296ff x14=0xc1e29700
       5675.000 ns	       566	80000370	216e9f53	fsgnjn.s	f30,f29,f22	 f29:0xff800000 f22:0x4cf30c92 f30=0xff800000
       5695.000 ns	       568	80000374	41d9d993	srai	x19,x19,0x1d	 x19:0x00000001 x19=0x00000000
       5705.000 ns	       569	80000378	4925f017	auipc	x0,0x4925f	
       6065.000 ns	       605	8000037c	02c850b3	divu	x1,x16,x12	 x16:0x00000004 x12:0x00000001  x1=0x00000004
       6095.000 ns	       608	80000380	c00e3953	fcvt.w.s	x18,f28	 f28:0xf3b8acf8 x18=0x80000000
       6125.000 ns	       611	80000384	03688433	mul	x8,x17,x22	 x17:0x142925c5 x22:0x00000001  x8=0x142925c5
       7305.000 ns	       729	80000388	580d7953	fsqrt.s	f18,f26	 f26:0x164a0567 f18=0x2a8ed9b7
       7345.000 ns	       733	8000038c	1012f353	fmul.s	f6,f5,f1	  f5:0x5e056b40  f1:0x142925c5  f6=0x32b04ef8
       7375.000 ns	       736	80000390	d015f353	fcvt.s.wu	f6,x11	 x11:0xf14f348a  f6=0x4f714f34
       7395.000 ns	       738	80000394	003b80b3	add	x1,x23,x3	 x23:0x00000000  x3:0x00000000  x1=0x00000000
       7425.000 ns	       741	80000398	58052053	fsqrt.s	f0,f10	 f10:0x9d0490af  f0=0x7fc00000
       7445.000 ns	       743	8000039c	00829693	slli	x13,x5,0x8	  x5:0x80000000 x13=0x00000000
       7465.000 ns	       745	800003a0	f00001d3	fmv.w.x	f3,x0	  x0:0x00000000  f3=0x00000000
       7485.000 ns	       747	800003a4	41d78cb3	sub	x25,x15,x29	 x15:0xde022000 x29:0x7fffffff x25=0x5e022001
       7495.000 ns	       748	800003a8	e244ca13	xori	x20,x9,-476	  x9:0x80041024 x20=0x7ffbee00
       7505.000 ns	       749	800003ac	65b76317	auipc	x6,0x65b76	  x6=0xe5b763ac
       7525.000 ns	       751	800003b0	21c88cd3	fsgnj.s	f25,f17,f28	 f17:0xf3b8acf8 f28:0xf3b8acf8 f25=0xf3b8acf8
       7555.000 ns	       754	800003b4	20162753	fsgnjx.s	f14,f12,f1	 f12:0x80000000  f1:0x142925c5 f14=0x80000000
       7585.000 ns	       757	800003b8	21c5a4d3	fsgnjx.s	f9,f11,f28	 f11:0x00000001 f28:0xf3b8acf8  f9=0x80000001
       7605.000 ns	       759	800003bc	01e3d6b3	srl	x13,x7,x30	  x7:0x00000000 x30:0x00000000 x13=0x00000000
       7625.000 ns	       761	800003c0	02c310b3	mulh	x1,x6,x12	  x6:0xe5b763ac x12:0x00000001  x1=0xffffffff
       7655.000 ns	       764	800003c4	037fd3b3	divu	x7,x31,x23	 x31:0x80040fe4 x23:0x00000000  x7=0xffffffff
       7685.000 ns	       767	800003c8	29cc0ad3	fmin.s	f21,f24,f28	 f24:0xe1a1275b f28:0xf3b8acf8 f21=0xf3b8acf8
       7705.000 ns	       769	800003cc	0a158bb7	lui	x23,0xa158	 x23=0x0a158000
       7715.000 ns	       770	800003d0	20fd2313	slti	x6,x26,527	 x26:0x00000000  x6=0x00000001
       7735.000 ns	       772	800003d4	d0077053	fcvt.s.w	f0,x14	 x14:0xc1e29700  f0=0xce7875a4
       8105.000 ns	       809	800003d8	026a62b3	rem	x5,x20,x6	 x20:0x7ffbee00  x6:0xe5b763ac  x5=0x00000000
       8445.000 ns	       843	800003dc	196114d3	fdiv.s	f9,f2,f22	  f2:0xf3b8acf7 f22:0x4cf30c92  f9=0xe638acf8
       8475.000 ns	       846	800003e0	03538833	mul	x16,x7,x21	  x7:0xffffffff x21:0x00005000 x16=0xffffb000
       8505.000 ns	       849	800003e4	28ee01d3	fmin.s	f3,f28,f14	 f28:0xf3b8acf8 f14:0x80000000  f3=0xf3b8acf8
       8535.000 ns	       852	800003e8	c0148a53	fcvt.wu.s	x20,f9	  f9:0xe638acf8 x20=0x00000000
       8565.000 ns	       855	800003ec	29e51ad3	fmax.s	f21,f10,f30	 f10:0x9d0490af f30:0xff800000 f21=0x9d0490af
       8595.000 ns	       858	800003f0	0391a9b3	mulhsu	x19,x3,x25	  x3:0x00000000 x25:0x5e022001 x19=0x00000000
       8615.000 ns	       860	800003f4	6316bd93	sltiu	x27,x13,1585	 x13:0x00000000 x27=0x00000001
       8625.000 ns	       861	800003f8	e4810093	addi	x1,x2,-440	  x2:0x0000000b  x1=0xfffffe53
       8645.000 ns	       863	800003fc	211ca5d3	fsgnjx.s	f11,f25,f17	 f25:0xf3b8acf8 f17:0xf3b8acf8 f11=0x73b8acf8
       8665.000 ns	       865	80000400	9493b0b7	lui	x1,0x9493b	  x1=0x9493b000
       8675.000 ns	       866	80000404	ebdd87b7	lui	x15,0xebdd8	 x15=0xebdd8000
       9035.000 ns	       902	80000408	0244fd33	remu	x26,x9,x4	  x9:0x80041024  x4:0x00000001 x26=0x00000000
       9055.000 ns	       904	8000040c	29e42913	slti	x18,x8,670	  x8:0x142925c5 x18=0x00000000
       9075.000 ns	       906	80000410	213b9dd3	fsgnjn.s	f27,f23,f19	 f23:0x00539514 f19:0x7fffffff f27=0x80539514
       9105.000 ns	       909	80000414	0321b5b3	mulhu	x11,x3,x18	  x3:0x00000000 x18:0x80000000 x11=0x00000000
       9125.000 ns	       911	80000418	00000013	addi	x0,x0,0	  x0:0x00000000
       9135.000 ns	       912	8000041c	0c6c7d13	andi	x26,x24,198	 x24:0xc1e296ff x26=0x000000c6
       9155.000 ns	       914	80000420	2059abd3	fsgnjx.s	f23,f19,f5	 f19:0x7fffffff  f5:0x5e056b40 f23=0x7fffffff
       9175.000 ns	       916	80000424	00140cb3	add	x25,x8,x1	  x8:0x142925c5  x1:0x9493b000 x25=0xa8bcd5c5
       9195.000 ns	       918	80000428	a1238bd3	fle.s	x23,f7,f18	  f7:0x7f800000 f18:0x2a8ed9b7 x23=0x00000000
       9215.000 ns	       920	8000042c	019cd013	srli	x0,x25,0x19	 x25:0x5e022001
       9235.000 ns	       922	80000430	f00e01d3	fmv.w.x	f3,x28	 x28:0x00000000  f3=0x00000000
       9255.000 ns	       924	80000434	0034d293	srli	x5,x9,0x3	  x9:0x80041024  x5=0x10008204
       9265.000 ns	       925	80000438	01520633	add	x12,x4,x21	  x4:0x00000001 x21:0x00005000 x12=0x00005001
       9275.000 ns	       926	8000043c	01dfa6b3	slt	x13,x31,x29	 x31:0x80040fe4 x29:0x7fffffff x13=0x00000001
       9295.000 ns	       928	80000440	d0007853	fcvt.s.w	f16,x0	  x0:0x00000000 f16=0x00000000
       9325.000 ns	       931	80000444	a1b12853	feq.s	x16,f2,f27	  f2:0xf3b8acf7 f27:0x80539514 x16=0x00000000
       9355.000 ns	       934	80000448	21e81bd3	fsgnjn.s	f23,f16,f30	 f16:0x00000000 f30:0xff800000 f23=0x00000000
       9375.000 ns	       936	8000044c	011ccbb3	xor	x23,x25,x17	 x25:0xa8bcd5c5 x17:0x142925c5 x23=0xbc95f000
       9735.000 ns	       972	80000450	026cd033	divu	x0,x25,x6	 x25:0xa8bcd5c5  x6:0x00000001
       9755.000 ns	       974	80000454	00f70033	add	x0,x14,x15	 x14:0xc1e29700 x15:0xebdd8000
      10115.000 ns	      1010	80000458	02cbfa33	remu	x20,x23,x12	 x23:0xbc95f000 x12:0x00005001 x20=0x0000448f
      10145.000 ns	      1013	8000045c	02768433	mul	x8,x13,x7	 x13:0x00000001  x7:0xffffffff  x8=0xffffffff
      10165.000 ns	      1015	80000460	0036d393	srli	x7,x13,0x3	 x13:0x00000001  x7=0x00000000
      10175.000 ns	      1016	80000464	40a705b3	sub	x11,x14,x10	 x14:0xc1e29700 x10:0xc1e296ff x11=0x00000001
      10195.000 ns	      1018	80000468	f00d01d3	fmv.w.x	f3,x26	 x26:0x000000c6  f3=0x000000c6
      10225.000 ns	      1021	8000046c	e00c95d3	fclass.s	x11,f25	 f25:0xf3b8acf8 x11=0x00000002
      10265.000 ns	      1025	80000470	109778d3	fmul.s	f17,f14,f9	 f14:0x80000000  f9:0xe638acf8 f17=0x00000000
      10285.000 ns	      1027	80000474	01929f13	slli	x30,x5,0x19	  x5:0x10008204 x30=0x08000000
      10305.000 ns	      1029	80000478	28441d53	fmax.s	f26,f8,f4	  f8:0x7fc00000  f4:0x7c8b11a5 f26=0x7c8b11a5
      10675.000 ns	      1066	8000047c	026dcf33	div	x30,x27,x6	 x27:0x00000001  x6:0x00000001 x30=0x00000001
      10705.000 ns	      1069	80000480	20af08d3	fsgnj.s	f17,f30,f10	 f30:0xff800000 f10:0x9d0490af f17=0xff800000
      10725.000 ns	      1071	80000484	00000013	addi	x0,x0,0	  x0:0x00000000
      10745.000 ns	      1073	80000488	03f09cb3	mulh	x25,x1,x31	  x1:0x9493b000 x31:0x80040fe4 x25=0x35b473a3
      10775.000 ns	      1076	8000048c	d00f8f53	fcvt.s.w	f30,x31	 x31:0x80040fe4 f30=0xcefff7e0
      10825.000 ns	      1081	80000490	0021f653	fadd.s	f12,f3,f2	  f3:0x000000c6  f2:0xf3b8acf7 f12=0xf3b8acf7
      10845.000 ns	      1083	80000494	faab2213	slti	x4,x22,-86	 x22:0x00000001  x4=0x00000000
      10855.000 ns	      1084	80000498	db3a4593	xori	x11,x20,-589	 x20:0x0000448f x11=0xffffb93c
      10865.000 ns	      1085	8000049c	00e0d0b3	srl	x1,x1,x14	  x1:0x9493b000 x14:0xc1e29700  x1=0x9493b000
      10885.000 ns	      1087	800004a0	a18a9ed3	flt.s	x29,f21,f24	 f21:0x9d0490af f24:0xe1a1275b x29=0x00000000
      10905.000 ns	      1089	800004a4	00e18133	add	x2,x3,x14	  x3:0x00000000 x14:0xc1e29700  x2=0xc1e29700
      10915.000 ns	      1090	800004a8	8ddc4213	xori	x4,x24,-1827	 x24:0xc1e296ff  x4=0x3e1d6e22
      10925.000 ns	      1091	800004ac	00e5dbb3	srl	x23,x11,x14	 x11:0xffffb93c x14:0xc1e29700 x23=0xffffb93c
      10935.000 ns	      1092	800004b0	305c2213	slti	x4,x24,773	 x24:0xc1e296ff  x4=0x00000001
      10945.000 ns	      1093	800004b4	005ada33	srl	x20,x21,x5	 x21:0x00005000  x5:0x10008204 x20=0x00000500
      10965.000 ns	      1095	800004b8	020cc333	div	x6,x25,x0	 x25:0x35b473a3  x0:0x00000000  x6=0xffffffff
      10995.000 ns	      1098	800004bc	21792ad3	fsgnjx.s	f21,f18,f23	 f18:0x2a8ed9b7 f23:0x00000000 f21=0x2a8ed9b7
      11015.000 ns	      1100	800004c0	4005da93	srai	x21,x11,0x0	 x11:0xffffb93c x21=0xffffb93c
      11025.000 ns	      1101	800004c4	01d03ab3	sltu	x21,x0,x29	  x0:0x00000000 x29:0x00000000 x21=0x00000000
      11065.000 ns	      1105	800004c8	08cb87d3	fsub.s	f15,f23,f12	 f23:0x00000000 f12:0xf3b8acf7 f15=0x73b8acf7
      11095.000 ns	      1108	800004cc	d0007553	fcvt.s.w	f10,x0	  x0:0x00000000 f10=0x00000000
      11125.000 ns	      1111	800004d0	030a03b3	mul	x7,x20,x16	 x20:0x00000500 x16:0x00000000  x7=0x00000000
      11145.000 ns	      1113	800004d4	dfc92d97	auipc	x27,0xdfc92	 x27=0x5fc924d4
      11155.000 ns	      1114	800004d8	0061fbb3	and	x23,x3,x6	  x3:0x00000000  x6:0xffffffff x23=0x00000000
      11175.000 ns	      1116	800004dc	21841353	fsgnjn.s	f6,f8,f24	  f8:0x7fc00000 f24:0xe1a1275b  f6=0x7fc00000
      11205.000 ns	      1119	800004e0	027f46b3	div	x13,x30,x7	 x30:0x00000001  x7:0x00000000 x13=0xffffffff
      11235.000 ns	      1122	800004e4	c0187f53	fcvt.wu.s	x30,f16	 f16:0x00000000 x30=0x00000000
      11255.000 ns	      1124	800004e8	010469b3	or	x19,x8,x16	  x8:0xffffffff x16:0x00000000 x19=0xffffffff
      11275.000 ns	      1126	800004ec	a000a353	feq.s	x6,f1,f0	  f1:0x142925c5  f0:0xce7875a4  x6=0x00000000
      11305.000 ns	      1129	800004f0	a1e08853	fle.s	x16,f1,f30	  f1:0x142925c5 f30:0xcefff7e0 x16=0x00000000
      11355.000 ns	      1134	800004f4	0806a3d3	fsub.s	f7,f13,f0	 f13:0x005b49a0  f0:0xce7875a4  f7=0x4e7875a4
      11385.000 ns	      1137	800004f8	03548db3	mul	x27,x9,x21	  x9:0x80041024 x21:0x00000000 x27=0x00000000
      11415.000 ns	      1140	800004fc	21c2a6d3	fsgnjx.s	f13,f5,f28	  f5:0x5e056b40 f28:0xf3b8acf8 f13=0xde056b40
      11465.000 ns	      1145	80000500	082674d3	fsub.s	f9,f12,f2	 f12:0xf3b8acf7  f2:0xf3b8acf7  f9=0x00000000
      11485.000 ns	      1147	80000504	00000013	addi	x0,x0,0	  x0:0x00000000
      11495.000 ns	      1148	80000508	018e9113	slli	x2,x29,0x18	 x29:0x00000000  x2=0x00000000
      11505.000 ns	      1149	8000050c	29754a97	auipc	x21,0x29754	 x21=0xa975450c
      11515.000 ns	      1150	80000510	4e392393	slti	x7,x18,1251	 x18:0x00000000  x7=0x00000001
      11535.000 ns	      1152	80000514	034f0ab3	mul	x21,x30,x20	 x30:0x00000000 x20:0x00000500 x21=0x00000000
      11565.000 ns	      1155	80000518	02b49c33	mulh	x24,x9,x11	  x9:0x80041024 x11:0xffffb93c x24=0x00002360
      11595.000 ns	      1158	8000051c	d01acf53	fcvt.s.wu	f30,x21	 x21:0x00000000 f30=0x00000000
      11615.000 ns	      1160	80000520	41f55793	srai	x15,x10,0x1f	 x10:0xc1e296ff x15=0xffffffff
      11625.000 ns	      1161	80000524	00b716b3	sll	x13,x14,x11	 x14:0xc1e29700 x11:0xffffb93c x13=0x00000000
      11645.000 ns	      1163	80000528	29dd94d3	fmax.s	f9,f27,f29	 f27:0x80539514 f29:0xff800000  f9=0x80539514
      11675.000 ns	      1166	8000052c	e00d12d3	fclass.s	x5,f26	 f26:0x7c8b11a5  x5=0x00000040
      11705.000 ns	      1169	80000530	d01f2b53	fcvt.s.wu	f22,x30	 x30:0x00000000 f22=0x00000000
      11745.000 ns	      1173	80000534	19b57cd3	fdiv.s	f25,f10,f27	 f10:0x00000000 f27:0x80539514 f25=0x80000000
      11775.000 ns	      1176	80000538	a0371dd3	flt.s	x27,f14,f3	 f14:0x80000000  f3:0x000000c6 x27=0x00000001
      11815.000 ns	      1180	8000053c	580e0453	fsqrt.s	f8,f28	 f28:0xf3b8acf8  f8=0x7fc00000
      11835.000 ns	      1182	80000540	d9064e37	lui	x28,0xd9064	 x28=0xd9064000
      11855.000 ns	      1184	80000544	02ff3033	mulhu	x0,x30,x15	 x30:0x00000000 x15:0xffffffff
      11875.000 ns	      1186	80000548	d26d30b7	lui	x1,0xd26d3	  x1=0xd26d3000
      11885.000 ns	      1187	8000054c	0187d613	srli	x12,x15,0x18	 x15:0xffffffff x12=0x000000ff
      11895.000 ns	      1188	80000550	01a11213	slli	x4,x2,0x1a	  x2:0x00000000  x4=0x00000000
      11905.000 ns	      1189	80000554	41ff5833	sra	x16,x30,x31	 x30:0x00000000 x31:0x80040fe4 x16=0x00000000
      11925.000 ns	      1191	80000558	033d9a33	mulh	x20,x27,x19	 x27:0x00000001 x19:0xffffffff x20=0xffffffff
      11945.000 ns	      1193	8000055c	014f2233	slt	x4,x30,x20	 x30:0x00000000 x20:0x00000500  x4=0x00000000
      11965.000 ns	      1195	80000560	02d721b3	mulhsu	x3,x14,x13	 x14:0xc1e29700 x13:0x00000000  x3=0x00000000
      11985.000 ns	      1197	80000564	0a3eb093	sltiu	x1,x29,163	 x29:0x00000000  x1=0x00000001
      12005.000 ns	      1199	80000568	d0027ad3	fcvt.s.w	f21,x4	  x4:0x00000000 f21=0x00000000
      12375.000 ns	      1236	8000056c	03ac4b33	div	x22,x24,x26	 x24:0x00002360 x26:0x000000c6 x22=0x0000002d
      12405.000 ns	      1239	80000570	21159fd3	fsgnjn.s	f31,f11,f17	 f11:0x73b8acf8 f17:0xff800000 f31=0x73b8acf8
      12435.000 ns	      1242	80000574	2010a4d3	fsgnjx.s	f9,f1,f1	  f1:0x142925c5  f1:0x142925c5  f9=0x142925c5
      12455.000 ns	      1244	80000578	8bf82413	slti	x8,x16,-1857	 x16:0x00000000  x8=0x00000000
      12465.000 ns	      1245	8000057c	410e81b3	sub	x3,x29,x16	 x29:0x00000000 x16:0x00000000  x3=0x00000000
      12475.000 ns	      1246	80000580	c0020e13	addi	x28,x4,-1024	  x4:0x00000000 x28=0xfffffc00
      12495.000 ns	      1248	80000584	e0058a53	fmv.x.w	x20,f11	 f11:0x73b8acf8 x20=0x73b8acf8
      12525.000 ns	      1251	80000588	02a61033	mulh	x0,x12,x10	 x12:0x000000ff x10:0xc1e296ff
      12555.000 ns	      1254	8000058c	026db0b3	mulhu	x1,x27,x6	 x27:0x00000001  x6:0x00000000  x1=0x00000000
      12575.000 ns	      1256	80000590	f56937b7	lui	x15,0xf5693	 x15=0xf5693000
      12585.000 ns	      1257	80000594	00001233	sll	x4,x0,x0	  x0:0x00000000  x0:0x00000000  x4=0x00000000
      12615.000 ns	      1260	80000598	580e0053	fsqrt.s	f0,f28	 f28:0xf3b8acf8  f0=0x7fc00000
      12635.000 ns	      1262	8000059c	01464cb3	xor	x25,x12,x20	 x12:0x000000ff x20:0x73b8acf8 x25=0x73b8ac07
      12655.000 ns	      1264	800005a0	a1de11d3	flt.s	x3,f28,f29	 f28:0xf3b8acf8 f29:0xff800000  x3=0x00000000
      12705.000 ns	      1269	800005a4	00068a53	fadd.s	f20,f13,f0	 f13:0xde056b40  f0:0x7fc00000 f20=0x7fc00000
      12725.000 ns	      1271	800005a8	c9d2b113	sltiu	x2,x5,-867	  x5:0x00000040  x2=0x00000001
      13085.000 ns	      1307	800005ac	0316f5b3	remu	x11,x13,x17	 x13:0x00000000 x17:0x142925c5 x11=0x00000000
      13115.000 ns	      1310	800005b0	a1070d53	fle.s	x26,f14,f16	 f14:0x80000000 f16:0x00000000 x26=0x00000001
      13145.000 ns	      1313	800005b4	e0058e53	fmv.x.w	x28,f11	 f11:0x73b8acf8 x28=0x73b8acf8
      13165.000 ns	      1315	800005b8	41e25a93	srai	x21,x4,0x1e	  x4:0x00000000 x21=0x00000000
      13175.000 ns	      1316	800005bc	00e3d133	srl	x2,x7,x14	  x7:0x00000001 x14:0xc1e29700  x2=0x00000001
      13195.000 ns	      1318	800005c0	299c0953	fmin.s	f18,f24,f25	 f24:0xe1a1275b f25:0x80000000 f18=0xe1a1275b
      13235.000 ns	      1322	800005c4	580f0353	fsqrt.s	f6,f30	 f30:0x00000000  f6=0x00000000
      13255.000 ns	      1324	800005c8	00bbfeb3	and	x29,x23,x11	 x23:0x00000000 x11:0x00000000 x29=0x00000000
      13275.000 ns	      1326	800005cc	e00a1e53	fclass.s	x28,f20	 f20:0x7fc00000 x28=0x00000200
      13645.000 ns	      1363	800005d0	02e84db3	div	x27,x16,x14	 x16:0x00000000 x14:0xc1e29700 x27=0x00000000
      13695.000 ns	      1368	800005d4	08cb4f53	fsub.s	f30,f22,f12	 f22:0x00000000 f12:0xf3b8acf7 f30=0x73b8acf7
      13725.000 ns	      1371	800005d8	031200b3	mul	x1,x4,x17	  x4:0x00000000 x17:0x142925c5  x1=0x00000000
      13745.000 ns	      1373	800005dc	005b1e33	sll	x28,x22,x5	 x22:0x0000002d  x5:0x00000040 x28=0x0000002d
      13765.000 ns	      1375	800005e0	02887433	remu	x8,x16,x8	 x16:0x00000000  x8:0x00000000  x8=0x00000000
      13795.000 ns	      1378	800005e4	e00389d3	fmv.x.w	x19,f7	  f7:0x4e7875a4 x19=0x4e7875a4
      13825.000 ns	      1381	800005e8	02465bb3	divu	x23,x12,x4	 x12:0x000000ff  x4:0x00000000 x23=0xffffffff
      13845.000 ns	      1383	800005ec	00659693	slli	x13,x11,0x6	 x11:0x00000000 x13=0x00000000
      13865.000 ns	      1385	800005f0	02f5a7b3	mulhsu	x15,x11,x15	 x11:0x00000000 x15:0xf5693000 x15=0x00000000
      13895.000 ns	      1388	800005f4	21700653	fsgnj.s	f12,f0,f23	  f0:0x7fc00000 f23:0x00000000 f12=0x7fc00000
      13915.000 ns	      1390	800005f8	00f73833	sltu	x16,x14,x15	 x14:0xc1e29700 x15:0x00000000 x16=0x00000000
      14275.000 ns	      1426	800005fc	0397d333	divu	x6,x15,x25	 x15:0x00000000 x25:0x73b8ac07  x6=0x00000000
      14295.000 ns	      1428	80000600	2054c793	xori	x15,x9,517	  x9:0x80041024 x15=0x80041221
      14305.000 ns	      1429	80000604	7ea995b7	lui	x11,0x7ea99	 x11=0x7ea99000
      14315.000 ns	      1430	80000608	00657c33	and	x24,x10,x6	 x10:0xc1e296ff  x6:0x00000000 x24=0x00000000
      14335.000 ns	      1432	8000060c	c00e80d3	fcvt.w.s	x1,f29	 f29:0xff800000  x1=0x80000000
      14355.000 ns	      1434	80000610	01809213	slli	x4,x1,0x18	  x1:0x00000000  x4=0x00000000
      14385.000 ns	      1437	80000614	10abf3d3	fmul.s	f7,f23,f10	 f23:0x00000000 f10:0x00000000  f7=0x00000000
      14415.000 ns	      1440	80000618	20a198d3	fsgnjn.s	f17,f3,f10	  f3:0x000000c6 f10:0x00000000 f17=0x800000c6
      14445.000 ns	      1443	8000061c	037c0733	mul	x14,x24,x23	 x24:0x00000000 x23:0xffffffff x14=0x00000000
      14475.000 ns	      1446	80000620	e00f0ad3	fmv.x.w	x21,f30	 f30:0x73b8acf7 x21=0x73b8acf7
      14505.000 ns	      1449	80000624	03fb8a33	mul	x20,x23,x31	 x23:0xffffffff x31:0x80040fe4 x20=0x7ffbf01c
      14525.000 ns	      1451	80000628	00fe7cb3	and	x25,x28,x15	 x28:0x0000002d x15:0x80041221 x25=0x00000021
      14545.000 ns	      1453	8000062c	03282033	mulhsu	x0,x16,x18	 x16:0x00000000 x18:0x00000000
      14565.000 ns	      1455	80000630	24808313	addi	x6,x1,584	  x1:0x80000000  x6=0x80000248
      14585.000 ns	      1457	80000634	d00bfcd3	fcvt.s.w	f25,x23	 x23:0xffffffff f25=0xbf800000
      14955.000 ns	      1494	80000638	0263e0b3	rem	x1,x7,x6	  x7:0x00000001  x6:0x00000000  x1=0x00000001
      14975.000 ns	      1496	8000063c	01d7e8b3	or	x17,x15,x29	 x15:0x80041221 x29:0x00000000 x17=0x80041221
      15015.000 ns	      1500	80000640	016173d3	fadd.s	f7,f2,f22	  f2:0xf3b8acf7 f22:0x00000000  f7=0xf3b8acf7
      15045.000 ns	      1503	80000644	21400053	fsgnj.s	f0,f0,f20	  f0:0x7fc00000 f20:0x7fc00000  f0=0x7fc00000
      15075.000 ns	      1506	80000648	02e7aeb3	mulhsu	x29,x15,x14	 x15:0x80041221 x14:0x00000000 x29=0x00000000
      15105.000 ns	      1509	8000064c	29101fd3	fmax.s	f31,f0,f17	  f0:0x7fc00000 f17:0x800000c6 f31=0x800000c6
      15125.000 ns	      1511	80000650	cb879417	auipc	x8,0xcb879	  x8=0x4b879650
      15145.000 ns	      1513	80000654	f0008d53	fmv.w.x	f26,x1	  x1:0x00000001 f26=0x00000001
      15165.000 ns	      1515	80000658	016baab3	slt	x21,x23,x22	 x23:0xffffffff x22:0x0000002d x21=0x00000001
      15185.000 ns	      1517	8000065c	215bacd3	fsgnjx.s	f25,f23,f21	 f23:0x00000000 f21:0x00000000 f25=0x00000000
      15205.000 ns	      1519	80000660	96f72c93	slti	x25,x14,-1681	 x14:0x00000000 x25=0x00000000
      15215.000 ns	      1520	80000664	01f726b3	slt	x13,x14,x31	 x14:0x00000000 x31:0x80040fe4 x13=0x00000000
      15255.000 ns	      1524	80000668	006772d3	fadd.s	f5,f14,f6	 f14:0x80000000  f6:0x00000000  f5=0x00000000
      15285.000 ns	      1527	8000066c	a05702d3	fle.s	x5,f14,f5	 f14:0x80000000  f5:0x5e056b40  x5=0x00000001
      15315.000 ns	      1530	80000670	c014b353	fcvt.wu.s	x6,f9	  f9:0x142925c5  x6=0x00000000
      15345.000 ns	      1533	80000674	29f205d3	fmin.s	f11,f4,f31	  f4:0x7c8b11a5 f31:0x800000c6 f11=0x800000c6
      15375.000 ns	      1536	80000678	d01b0853	fcvt.s.wu	f16,x22	 x22:0x0000002d f16=0x42340000
      15405.000 ns	      1539	8000067c	a0f986d3	fle.s	x13,f19,f15	 f19:0x7fffffff f15:0x73b8acf7 x13=0x00000000
      15425.000 ns	      1541	80000680	e69fb793	sltiu	x15,x31,-407	 x31:0x80040fe4 x15=0x00000001
      15435.000 ns	      1542	80000684	01e9fc33	and	x24,x19,x30	 x19:0x4e7875a4 x30:0x00000000 x24=0x00000000
      15455.000 ns	      1544	80000688	c01678d3	fcvt.wu.s	x17,f12	 f12:0x7fc00000 x17=0xffffffff
      15475.000 ns	      1546	8000068c	01667c33	and	x24,x12,x22	 x12:0x000000ff x22:0x0000002d x24=0x0000002d
      15495.000 ns	      1548	80000690	03dab333	mulhu	x6,x21,x29	 x21:0x00000001 x29:0x00000000  x6=0x00000000
      15515.000 ns	      1550	80000694	010dacb3	slt	x25,x27,x16	 x27:0x00000000 x16:0x00000000 x25=0x00000000
      15535.000 ns	      1552	80000698	c006fed3	fcvt.w.s	x29,f13	 f13:0xde056b40 x29=0x80000000
      15905.000 ns	      1589	8000069c	02bad833	divu	x16,x21,x11	 x21:0x00000001 x11:0x7ea99000 x16=0x00000000
      15925.000 ns	      1591	800006a0	00971893	slli	x17,x14,0x9	 x14:0x00000000 x17=0x00000000
      15935.000 ns	      1592	800006a4	00805f13	srli	x30,x0,0x8	  x0:0x00000000 x30=0x00000000
      15955.000 ns	      1594	800006a8	e0019153	fclass.s	x2,f3	  f3:0x000000c6  x2=0x00000020
      15985.000 ns	      1597	800006ac	d00271d3	fcvt.s.w	f3,x4	  x4:0x00000000  f3=0x00000000
      16015.000 ns	      1600	800006b0	e0038253	fmv.x.w	x4,f7	  f7:0xf3b8acf7  x4=0xf3b8acf7
      16045.000 ns	      1603	800006b4	204e8153	fsgnj.s	f2,f29,f4	 f29:0xff800000  f4:0x7c8b11a5  f2=0x7f800000
      16095.000 ns	      1608	800006b8	09341e53	fsub.s	f28,f8,f19	  f8:0x7fc00000 f19:0x7fffffff f28=0x7fc00000
      16145.000 ns	      1613	800006bc	09d49553	fsub.s	f10,f9,f29	  f9:0x142925c5 f29:0xff800000 f10=0x7f800000
      16195.000 ns	      1618	800006c0	08ff27d3	fsub.s	f15,f30,f15	 f30:0x73b8acf7 f15:0x73b8acf7 f15=0x80000000
      16225.000 ns	      1621	800006c4	03e361b3	rem	x3,x6,x30	  x6:0x00000000 x30:0x00000000  x3=0x00000000
      16245.000 ns	      1623	800006c8	00000013	addi	x0,x0,0	  x0:0x00000000
      16255.000 ns	      1624	800006cc	48947293	andi	x5,x8,1161	  x8:0x4b879650  x5=0x00000400
      16295.000 ns	      1628	800006d0	08198153	fsub.s	f2,f19,f1	 f19:0x7fffffff  f1:0x142925c5  f2=0x7fc00000
      16325.000 ns	      1631	800006d4	032009b3	mul	x19,x0,x18	  x0:0x00000000 x18:0x00000000 x19=0x00000000
      16355.000 ns	      1634	800006d8	e0011dd3	fclass.s	x27,f2	  f2:0x7fc00000 x27=0x00000200
      16375.000 ns	      1636	800006dc	4172dab3	sra	x21,x5,x23	  x5:0x00000400 x23:0xffffffff x21=0x00000000
      16395.000 ns	      1638	800006e0	219916d3	fsgnjn.s	f13,f18,f25	 f18:0xe1a1275b f25:0x00000000 f13=0xe1a1275b
      16415.000 ns	      1640	800006e4	41080d33	sub	x26,x16,x16	 x16:0x00000000 x16:0x00000000 x26=0x00000000
      16435.000 ns	      1642	800006e8	c0133d53	fcvt.wu.s	x26,f6	  f6:0x00000000 x26=0x00000000
      16475.000 ns	      1646	800006ec	1138cc53	fmul.s	f24,f17,f19	 f17:0x800000c6 f19:0x7fffffff f24=0x7fc00000
      16505.000 ns	      1649	800006f0	a1d49753	flt.s	x14,f9,f29	  f9:0x142925c5 f29:0xff800000 x14=0x00000000
      16525.000 ns	      1651	800006f4	006dd613	srli	x12,x27,0x6	 x27:0x00000200 x12=0x00000008
      16885.000 ns	      1687	800006f8	03be5db3	divu	x27,x28,x27	 x28:0x0000002d x27:0x00000200 x27=0x00000000
      16905.000 ns	      1689	800006fc	00000013	addi	x0,x0,0	  x0:0x00000000
      16925.000 ns	      1691	80000700	a0781753	flt.s	x14,f16,f7	 f16:0x42340000  f7:0xf3b8acf7 x14=0x00000000
      16955.000 ns	      1694	80000704	e00c9f53	fclass.s	x30,f25	 f25:0x00000000 x30=0x00000010
      16985.000 ns	      1697	80000708	e00a8ad3	fmv.x.w	x21,f21	 f21:0x00000000 x21=0x00000000
      17025.000 ns	      1701	8000070c	1101fdd3	fmul.s	f27,f3,f16	  f3:0x00000000 f16:0x42340000 f27=0x00000000
      17055.000 ns	      1704	80000710	d016f553	fcvt.s.wu	f10,x13	 x13:0x00000000 f10=0x00000000
      17075.000 ns	      1706	80000714	005935b3	sltu	x11,x18,x5	 x18:0x00000000  x5:0x00000400 x11=0x00000001
      17085.000 ns	      1707	80000718	aa609cb7	lui	x25,0xaa609	 x25=0xaa609000
      17125.000 ns	      1711	8000071c	0960fb53	fsub.s	f22,f1,f22	  f1:0x142925c5 f22:0x00000000 f22=0x142925c5
      17155.000 ns	      1714	80000720	28de8653	fmin.s	f12,f29,f13	 f29:0xff800000 f13:0xe1a1275b f12=0xff800000
      17195.000 ns	      1718	80000724	1107c7d3	fmul.s	f15,f15,f16	 f15:0x80000000 f16:0x42340000 f15=0x80000000
      17215.000 ns	      1720	80000728	410a5833	sra	x16,x20,x16	 x20:0x7ffbf01c x16:0x00000000 x16=0x7ffbf01c
      17255.000 ns	      1724	8000072c	00fc3253	fadd.s	f4,f24,f15	 f24:0x7fc00000 f15:0x80000000  f4=0x7fc00000
      17285.000 ns	      1727	80000730	21262453	fsgnjx.s	f8,f12,f18	 f12:0xff800000 f18:0xe1a1275b  f8=0x7f800000
      17315.000 ns	      1730	80000734	023795b3	mulh	x11,x15,x3	 x15:0x00000001  x3:0x00000000 x11=0x00000000
      17345.000 ns	      1733	80000738	a0da80d3	fle.s	x1,f21,f13	 f21:0x00000000 f13:0xe1a1275b  x1=0x00000000
      17375.000 ns	      1736	8000073c	c019f7d3	fcvt.wu.s	x15,f19	 f19:0x7fffffff x15=0xffffffff
      17395.000 ns	      1738	80000740	f2852c13	slti	x24,x10,-216	 x10:0xc1e296ff x24=0x00000001
      17415.000 ns	      1740	80000744	02ea2eb3	mulhsu	x29,x20,x14	 x20:0x7ffbf01c x14:0x00000000 x29=0x00000000
      17435.000 ns	      1742	80000748	01f75a13	srli	x20,x14,0x1f	 x14:0x00000000 x20=0x00000000
      17455.000 ns	      1744	8000074c	21fc8cd3	fsgnj.s	f25,f25,f31	 f25:0x00000000 f31:0x800000c6 f25=0x80000000
      17475.000 ns	      1746	80000750	018650b3	srl	x1,x12,x24	 x12:0x00000008 x24:0x00000001  x1=0x00000004
      17485.000 ns	      1747	80000754	2a090893	addi	x17,x18,672	 x18:0x00000000 x17=0x000002a0
      17505.000 ns	      1749	80000758	216d8753	fsgnj.s	f14,f27,f22	 f27:0x00000000 f22:0x142925c5 f14=0x00000000
      17535.000 ns	      1752	8000075c	a1508653	fle.s	x12,f1,f21	  f1:0x142925c5 f21:0x00000000 x12=0x00000000
      17565.000 ns	      1755	80000760	035c6133	rem	x2,x24,x21	 x24:0x00000001 x21:0x00000000  x2=0x00000001
      17595.000 ns	      1758	80000764	c0058953	fcvt.w.s	x18,f11	 f11:0x800000c6 x18=0x00000000
      17615.000 ns	      1760	80000768	37e4c693	xori	x13,x9,894	  x9:0x80041024 x13=0x8004135a
      17635.000 ns	      1762	8000076c	297c1fd3	fmax.s	f31,f24,f23	 f24:0x7fc00000 f23:0x00000000 f31=0x00000000
      17675.000 ns	      1766	80000770	10b3ffd3	fmul.s	f31,f7,f11	  f7:0xf3b8acf7 f11:0x800000c6 f31=0x2d0ed5c8
      17705.000 ns	      1769	80000774	02d80833	mul	x16,x16,x13	 x16:0x7ffbf01c x13:0x8004135a x16=0x71d47dd8
      17755.000 ns	      1774	80000778	08ed2fd3	fsub.s	f31,f26,f14	 f26:0x00000001 f14:0x00000000 f31=0x00000001
      17785.000 ns	      1777	8000077c	a0bda7d3	feq.s	x15,f27,f11	 f27:0x00000000 f11:0x800000c6 x15=0x00000000
      17805.000 ns	      1779	80000780	01819c13	slli	x24,x3,0x18	  x3:0x00000000 x24=0x00000000
      17815.000 ns	      1780	80000784	ec5f0393	addi	x7,x30,-315	 x30:0x00000010  x7=0xfffffed5
      17825.000 ns	      1781	80000788	009de933	or	x18,x27,x9	 x27:0x00000000  x9:0x80041024 x18=0x80041024
      17845.000 ns	      1783	8000078c	d00f7653	fcvt.s.w	f12,x30	 x30:0x00000010 f12=0x41800000
      17885.000 ns	      1787	80000790	580cc6d3	fsqrt.s	f13,f25	 f25:0x80000000 f13=0x80000000
      17905.000 ns	      1789	80000794	72274993	xori	x19,x14,1826	 x14:0x00000000 x19=0x00000722
      17915.000 ns	      1790	80000798	537fc217	auipc	x4,0x537fc	  x4=0xd37fc798
      17925.000 ns	      1791	8000079c	38f44cb7	lui	x25,0x38f44	 x25=0x38f44000
      18285.000 ns	      1827	800007a0	025142b3	div	x5,x2,x5	  x2:0x00000001  x5:0x00000400  x5=0x00000000
      18315.000 ns	      1830	800007a4	20ca8dd3	fsgnj.s	f27,f21,f12	 f21:0x00000000 f12:0x41800000 f27=0x00000000
      18335.000 ns	      1832	800007a8	017562b3	or	x5,x10,x23	 x10:0xc1e296ff x23:0xffffffff  x5=0xffffffff
      18345.000 ns	      1833	800007ac	5d794593	xori	x11,x18,1495	 x18:0x80041024 x11=0x800415f3
      18365.000 ns	      1835	800007b0	c006bbd3	fcvt.w.s	x23,f13	 f13:0x80000000 x23=0x00000000
      18395.000 ns	      1838	800007b4	d00af053	fcvt.s.w	f0,x21	 x21:0x00000000  f0=0x00000000
      18415.000 ns	      1840	800007b8	dda4c193	xori	x3,x9,-550	  x9:0x80041024  x3=0x7ffbedfe
      18435.000 ns	      1842	800007bc	021718b3	mulh	x17,x14,x1	 x14:0x00000000  x1:0x00000004 x17=0x00000000
      18485.000 ns	      1847	800007c0	0854a953	fsub.s	f18,f9,f5	  f9:0x142925c5  f5:0x00000000 f18=0x142925c5
      18515.000 ns	      1850	800007c4	20839953	fsgnjn.s	f18,f7,f8	  f7:0xf3b8acf7  f8:0x7f800000 f18=0xf3b8acf7
      18535.000 ns	      1852	800007c8	6dd5c693	xori	x13,x11,1757	 x11:0x800415f3 x13=0x8004132e
      18555.000 ns	      1854	800007cc	c00a26d3	fcvt.w.s	x13,f20	 f20:0x7fc00000 x13=0x7fffffff
      18575.000 ns	      1856	800007d0	00000013	addi	x0,x0,0	  x0:0x00000000
      18585.000 ns	      1857	800007d4	60c47613	andi	x12,x8,1548	  x8:0x4b879650 x12=0x00000600
      18605.000 ns	      1859	800007d8	210e9f53	fsgnjn.s	f30,f29,f16	 f29:0xff800000 f16:0x42340000 f30=0xff800000
      18635.000 ns	      1862	800007dc	217807d3	fsgnj.s	f15,f16,f23	 f16:0x42340000 f23:0x00000000 f15=0x42340000
      18665.000 ns	      1865	800007e0	0235b9b3	mulhu	x19,x11,x3	 x11:0x800415f3  x3:0x7ffbedfe x19=0x400001e7
      18695.000 ns	      1868	800007e4	212f2fd3	fsgnjx.s	f31,f30,f18	 f30:0xff800000 f18:0xf3b8acf7 f31=0x7f800000
      18725.000 ns	      1871	800007e8	206a0bd3	fsgnj.s	f23,f20,f6	 f20:0x7fc00000  f6:0x00000000 f23=0x7fc00000
      18745.000 ns	      1873	800007ec	00000013	addi	x0,x0,0	  x0:0x00000000
      18755.000 ns	      1874	800007f0	bcf52a13	slti	x20,x10,-1073	 x10:0xc1e296ff x20=0x00000001
      18775.000 ns	      1876	800007f4	e00a9b53	fclass.s	x22,f21	 f21:0x00000000 x22=0x00000010
      18805.000 ns	      1879	800007f8	a14c2a53	feq.s	x20,f24,f20	 f24:0x7fc00000 f20:0x7fc00000 x20=0x00000000
      18825.000 ns	      1881	800007fc	00ce1693	slli	x13,x28,0xc	 x28:0x0000002d x13=0x0002d000
      18845.000 ns	      1883	80000800	023928b3	mulhsu	x17,x18,x3	 x18:0x80041024  x3:0x7ffbedfe x17=0xc0041102
      18875.000 ns	      1886	80000804	02d7ad33	mulhsu	x26,x15,x13	 x15:0x00000000 x13:0x7fffffff x26=0x00000000
      19245.000 ns	      1923	80000808	02b6f6b3	remu	x13,x13,x11	 x13:0x0002d000 x11:0x800415f3 x13=0x0002d000
      19295.000 ns	      1928	8000080c	08f496d3	fsub.s	f13,f9,f15	  f9:0x142925c5 f15:0x42340000 f13=0xc2340000
      19315.000 ns	      1930	80000810	01dd7833	and	x16,x26,x29	 x26:0x00000000 x29:0x00000000 x16=0x00000000
      19325.000 ns	      1931	80000814	fa9b6913	ori	x18,x22,-87	 x22:0x00000010 x18=0xffffffb9
      19345.000 ns	      1933	80000818	c003f5d3	fcvt.w.s	x11,f7	  f7:0xf3b8acf7 x11=0x80000000
      19375.000 ns	      1936	8000081c	a1fb0353	fle.s	x6,f22,f31	 f22:0x142925c5 f31:0x7f800000  x6=0x00000001
      19395.000 ns	      1938	80000820	010c9c93	slli	x25,x25,0x10	 x25:0x38f44000 x25=0x40000000
      19755.000 ns	      1974	80000824	022843b3	div	x7,x16,x2	 x16:0x00000000  x2:0x00000001  x7=0x00000000
      19775.000 ns	      1976	80000828	0a8cbf13	sltiu	x30,x25,168	 x25:0x38f44000 x30=0x00000000
      19785.000 ns	      1977	8000082c	01311833	sll	x16,x2,x19	  x2:0x00000001 x19:0x400001e7 x16=0x00000080
      19805.000 ns	      1979	80000830	288a0f53	fmin.s	f30,f20,f8	 f20:0x7fc00000  f8:0x7f800000 f30=0x7f800000
      19825.000 ns	      1981	80000834	00789db3	sll	x27,x17,x7	 x17:0xc0041102  x7:0x00000000 x27=0xc0041102
      19865.000 ns	      1985	80000838	08c11553	fsub.s	f10,f2,f12	  f2:0x7fc00000 f12:0x41800000 f10=0x7fc00000
      19895.000 ns	      1988	8000083c	a1dd89d3	fle.s	x19,f27,f29	 f27:0x00000000 f29:0xff800000 x19=0x00000000
      19935.000 ns	      1992	80000840	11bd70d3	fmul.s	f1,f26,f27	 f26:0x00000001 f27:0x00000000  f1=0x00000000
      19955.000 ns	      1994	80000844	8dda4a93	xori	x21,x20,-1827	 x20:0x00000000 x21=0xfffff8dd
      19965.000 ns	      1995	80000848	00000013	addi	x0,x0,0	  x0:0x00000000
      19975.000 ns	      1996	8000084c	00411293	slli	x5,x2,0x4	  x2:0x00000001  x5=0x00000010
      19985.000 ns	      1997	80000850	45998e93	addi	x29,x19,1113	 x19:0x00000000 x29=0x00000459
      20015.000 ns	      2000	80000854	1846b753	fdiv.s	f14,f13,f4	 f13:0xc2340000  f4:0x7fc00000 f14=0x7fc00000
      20035.000 ns	      2002	80000858	0063bbb3	sltu	x23,x7,x6	  x7:0x00000000  x6:0x00000001 x23=0x00000001
      20055.000 ns	      2004	8000085c	03bba9b3	mulhsu	x19,x23,x27	 x23:0x00000000 x27:0xc0041102 x19=0x00000000
      20075.000 ns	      2006	80000860	415f0cb3	sub	x25,x30,x21	 x30:0x00000000 x21:0xfffff8dd x25=0x00000723
      20085.000 ns	      2007	80000864	403ad133	sra	x2,x21,x3	 x21:0xfffff8dd  x3:0x7ffbedfe  x2=0xffffffff
      20445.000 ns	      2043	80000868	03c743b3	div	x7,x14,x28	 x14:0x00000000 x28:0x0000002d  x7=0x00000000
      20465.000 ns	      2045	8000086c	014015b3	sll	x11,x0,x20	  x0:0x00000000 x20:0x00000000 x11=0x00000000
      20475.000 ns	      2046	80000870	301c8893	addi	x17,x25,769	 x25:0x00000723 x17=0x00000a24
      20495.000 ns	      2048	80000874	a0b18c53	fle.s	x24,f3,f11	  f3:0x00000000 f11:0x800000c6 x24=0x00000000
      20515.000 ns	      2050	80000878	41a488b3	sub	x17,x9,x26	  x9:0x80041024 x26:0x00000000 x17=0x80041024
      20525.000 ns	      2051	8000087c	f54fce93	xori	x29,x31,-172	 x31:0x80040fe4 x29=0x7ffbf0b0
      20535.000 ns	      2052	80000880	41048b33	sub	x22,x9,x16	  x9:0x80041024 x16:0x00000080 x22=0x80040fa4
      20555.000 ns	      2054	80000884	20471453	fsgnjn.s	f8,f14,f4	 f14:0x7fc00000  f4:0x7fc00000  f8=0xffc00000
      20595.000 ns	      2058	80000888	10a40f53	fmul.s	f30,f8,f10	  f8:0x7f800000 f10:0x7fc00000 f30=0x7fc00000
      20625.000 ns	      2061	8000088c	a13611d3	flt.s	x3,f12,f19	 f12:0x41800000 f19:0x7fffffff  x3=0x00000000
      20655.000 ns	      2064	80000890	c0113e53	fcvt.wu.s	x28,f2	  f2:0x7fc00000 x28=0xffffffff
      20675.000 ns	      2066	80000894	408dd293	srai	x5,x27,0x8	 x27:0xc0041102  x5=0xffc00411
      20695.000 ns	      2068	80000898	020f40b3	div	x1,x30,x0	 x30:0x00000000  x0:0x00000000  x1=0xffffffff
      20725.000 ns	      2071	8000089c	033f68b3	rem	x17,x30,x19	 x30:0x00000000 x19:0x00000000 x17=0x00000000
      20755.000 ns	      2074	800008a0	f0028f53	fmv.w.x	f30,x5	  x5:0xffc00411 f30=0xffc00411
      20795.000 ns	      2078	800008a4	109b7453	fmul.s	f8,f22,f9	 f22:0x142925c5  f9:0x142925c5  f8=0x68df85c8
      20815.000 ns	      2080	800008a8	00893cb3	sltu	x25,x18,x8	 x18:0xffffffb9  x8:0x4b879650 x25=0x00000000
      20825.000 ns	      2081	800008ac	3ba0f393	andi	x7,x1,954	  x1:0xffffffff  x7=0x000003ba
      20845.000 ns	      2083	800008b0	2002a2d3	fsgnjx.s	f5,f5,f0	  f5:0x00000000  f0:0x00000000  f5=0x00000000
      20895.000 ns	      2088	800008b4	01a776d3	fadd.s	f13,f14,f26	 f14:0x7fc00000 f26:0x00000001 f13=0x7fc00000
      20925.000 ns	      2091	800008b8	c007bdd3	fcvt.w.s	x27,f15	 f15:0x42340000 x27=0x0000002d
      20955.000 ns	      2094	800008bc	295d8dd3	fmin.s	f27,f27,f21	 f27:0x00000000 f21:0x00000000 f27=0x00000000
      21005.000 ns	      2099	800008c0	09c4f653	fsub.s	f12,f9,f28	  f9:0x142925c5 f28:0x7fc00000 f12=0x7fc00000
      21025.000 ns	      2101	800008c4	01754f33	xor	x30,x10,x23	 x10:0xc1e296ff x23:0x00000001 x30=0xc1e296fe
      21035.000 ns	      2102	800008c8	00130033	add	x0,x6,x1	  x6:0x00000001  x1:0xffffffff
      21395.000 ns	      2138	800008cc	036846b3	div	x13,x16,x22	 x16:0x00000080 x22:0x80040fa4 x13=0x00000000
      21765.000 ns	      2175	800008d0	0353e933	rem	x18,x7,x21	  x7:0x000003ba x21:0xfffff8dd x18=0x000003ba
      21795.000 ns	      2178	800008d4	f00d03d3	fmv.w.x	f7,x26	 x26:0x00000000  f7=0x00000000
      21815.000 ns	      2180	800008d8	41db8933	sub	x18,x23,x29	 x23:0x00000001 x29:0x7ffbf0b0 x18=0x80040f51
      21825.000 ns	      2181	800008dc	016a60b3	or	x1,x20,x22	 x20:0x00000000 x22:0x80040fa4  x1=0x80040fa4
      21835.000 ns	      2182	800008e0	00a28333	add	x6,x5,x10	  x5:0xffc00411 x10:0xc1e296ff  x6=0xc1a29b10
      21845.000 ns	      2183	800008e4	00285c33	srl	x24,x16,x2	 x16:0x00000080  x2:0xffffffff x24=0x00000000
      21855.000 ns	      2184	800008e8	0035d093	srli	x1,x11,0x3	 x11:0x00000000  x1=0x00000000
      21875.000 ns	      2186	800008ec	036c8733	mul	x14,x25,x22	 x25:0x00000000 x22:0x80040fa4 x14=0x00000000
      21905.000 ns	      2189	800008f0	d00173d3	fcvt.s.w	f7,x2	  x2:0xffffffff  f7=0xbf800000
      21935.000 ns	      2192	800008f4	c011f153	fcvt.wu.s	x2,f3	  f3:0x00000000  x2=0x00000000
      21975.000 ns	      2196	800008f8	5809f9d3	fsqrt.s	f19,f19	 f19:0x7fffffff f19=0x7fc00000
      21995.000 ns	      2198	800008fc	01835093	srli	x1,x6,0x18	  x6:0xc1a29b10  x1=0x000000c1
      22005.000 ns	      2199	80000900	009c7db3	and	x27,x24,x9	 x24:0x00000000  x9:0x80041024 x27=0x00000000
      22025.000 ns	      2201	80000904	211c1f53	fsgnjn.s	f30,f24,f17	 f24:0x7fc00000 f17:0x800000c6 f30=0x7fc00000
      22045.000 ns	      2203	80000908	00db5613	srli	x12,x22,0xd	 x22:0x80040fa4 x12=0x00040020
      22065.000 ns	      2205	8000090c	033d0bb3	mul	x23,x26,x19	 x26:0x00000000 x19:0x00000000 x23=0x00000000
      22095.000 ns	      2208	80000910	21a08f53	fsgnj.s	f30,f1,f26	  f1:0x00000000 f26:0x00000001 f30=0x00000000
      22115.000 ns	      2210	80000914	00755ab3	srl	x21,x10,x7	 x10:0xc1e296ff  x7:0x000003ba x21=0x00000030
      22135.000 ns	      2212	80000918	03dba833	mulhsu	x16,x23,x29	 x23:0x00000000 x29:0x7ffbf0b0 x16=0x00000000
      22155.000 ns	      2214	8000091c	007e70b3	and	x1,x28,x7	 x28:0xffffffff  x7:0x000003ba  x1=0x000003ba
      22175.000 ns	      2216	80000920	219011d3	fsgnjn.s	f3,f0,f25	  f0:0x00000000 f25:0x80000000  f3=0x00000000
      22195.000 ns	      2218	80000924	41ab5233	sra	x4,x22,x26	 x22:0x80040fa4 x26:0x00000000  x4=0x80040fa4
      22205.000 ns	      2219	80000928	2557a813	slti	x16,x15,597	 x15:0x00000000 x16=0x00000001
      22215.000 ns	      2220	8000092c	003e5413	srli	x8,x28,0x3	 x28:0xffffffff  x8=0x1fffffff
      22235.000 ns	      2222	80000930	02f3b233	mulhu	x4,x7,x15	  x7:0x000003ba x15:0x00000000  x4=0x00000000
      22285.000 ns	      2227	80000934	09137ad3	fsub.s	f21,f6,f17	  f6:0x00000000 f17:0x800000c6 f21=0x000000c6
      22335.000 ns	      2232	80000938	084e2353	fsub.s	f6,f28,f4	 f28:0x7fc00000  f4:0x7fc00000  f6=0x7fc00000
      22355.000 ns	      2234	8000093c	01242d33	slt	x26,x8,x18	  x8:0x1fffffff x18:0x80040f51 x26=0x00000000
      22375.000 ns	      2236	80000940	c01b86d3	fcvt.wu.s	x13,f23	 f23:0x7fc00000 x13=0xffffffff
      22745.000 ns	      2273	80000944	03504133	div	x2,x0,x21	  x0:0x00000000 x21:0x00000030  x2=0x00000000
      22775.000 ns	      2276	80000948	f00e82d3	fmv.w.x	f5,x29	 x29:0x7ffbf0b0  f5=0x7ffbf0b0
      22805.000 ns	      2279	8000094c	28499ed3	fmax.s	f29,f19,f4	 f19:0x7fc00000  f4:0x7fc00000 f29=0x7fc00000
      22845.000 ns	      2283	80000950	58022353	fsqrt.s	f6,f4	  f4:0x7fc00000  f6=0x7fc00000
      22865.000 ns	      2285	80000954	0018f433	and	x8,x17,x1	 x17:0x00000000  x1:0x000003ba  x8=0x00000000
      22875.000 ns	      2286	80000958	5809f813	andi	x16,x19,1408	 x19:0x00000000 x16=0x00000000
      22895.000 ns	      2288	8000095c	20dea253	fsgnjx.s	f4,f29,f13	 f29:0x7fc00000 f13:0x7fc00000  f4=0x7fc00000
      22935.000 ns	      2292	80000960	58033853	fsqrt.s	f16,f6	  f6:0x7fc00000 f16=0x7fc00000
      22955.000 ns	      2294	80000964	0163a7b3	slt	x15,x7,x22	  x7:0x000003ba x22:0x80040fa4 x15=0x00000000
      22975.000 ns	      2296	80000968	033d86b3	mul	x13,x27,x19	 x27:0x00000000 x19:0x00000000 x13=0x00000000
      22995.000 ns	      2298	8000096c	a5d28e13	addi	x28,x5,-1443	  x5:0xffc00411 x28=0xffbffe6e
      23005.000 ns	      2299	80000970	00cfae33	slt	x28,x31,x12	 x31:0x80040fe4 x12:0x00040020 x28=0x00000001
      23025.000 ns	      2301	80000974	28929ad3	fmax.s	f21,f5,f9	  f5:0x7ffbf0b0  f9:0x142925c5 f21=0x142925c5
      23045.000 ns	      2303	80000978	00223433	sltu	x8,x4,x2	  x4:0x00000000  x2:0x00000000  x8=0x00000000
      23065.000 ns	      2305	8000097c	28ed00d3	fmin.s	f1,f26,f14	 f26:0x00000001 f14:0x7fc00000  f1=0x00000001
      23095.000 ns	      2308	80000980	e00191d3	fclass.s	x3,f3	  f3:0x00000000  x3=0x00000010
      23125.000 ns	      2311	80000984	f00d0bd3	fmv.w.x	f23,x26	 x26:0x00000000 f23=0x00000000
      23495.000 ns	      2348	80000988	0236db33	divu	x22,x13,x3	 x13:0x00000000  x3:0x00000010 x22=0x00000000
      23515.000 ns	      2350	8000098c	406e0133	sub	x2,x28,x6	 x28:0x00000001  x6:0xc1a29b10  x2=0x3e5d64f1
      23525.000 ns	      2351	80000990	00000013	addi	x0,x0,0	  x0:0x00000000
      23565.000 ns	      2355	80000994	005fafd3	fadd.s	f31,f31,f5	 f31:0x7f800000  f5:0x7ffbf0b0 f31=0x7fc00000
      23595.000 ns	      2358	80000998	f0000153	fmv.w.x	f2,x0	  x0:0x00000000  f2=0x00000000
      23615.000 ns	      2360	8000099c	00211113	slli	x2,x2,0x2	  x2:0x3e5d64f1  x2=0xf97593c4
      23625.000 ns	      2361	800009a0	d9e3c013	xori	x0,x7,-610	  x7:0x000003ba
      23645.000 ns	      2363	800009a4	033475b3	remu	x11,x8,x19	  x8:0x00000000 x19:0x00000000 x11=0x00000000
      23665.000 ns	      2365	800009a8	9365d117	auipc	x2,0x9365d	  x2=0x1365d9a8
      23685.000 ns	      2367	800009ac	d013fd53	fcvt.s.wu	f26,x7	  x7:0x000003ba f26=0x446e8000
      23715.000 ns	      2370	800009b0	c00176d3	fcvt.w.s	x13,f2	  f2:0x00000000 x13=0x00000000
      23735.000 ns	      2372	800009b4	0189b033	sltu	x0,x19,x24	 x19:0x00000000 x24:0x00000000
      23745.000 ns	      2373	800009b8	00a05c33	srl	x24,x0,x10	  x0:0x00000000 x10:0xc1e296ff x24=0x00000000
      23755.000 ns	      2374	800009bc	e40d4713	xori	x14,x26,-448	 x26:0x00000000 x14=0xfffffe40
      23785.000 ns	      2377	800009c0	109a8c53	fmul.s	f24,f21,f9	 f21:0x142925c5  f9:0x142925c5 f24=0x68df85c8
      23805.000 ns	      2379	800009c4	405600b3	sub	x1,x12,x5	 x12:0x00040020  x5:0xffc00411  x1=0x0043fc0f
      23815.000 ns	      2380	800009c8	000e2733	slt	x14,x28,x0	 x28:0x00000001  x0:0x00000000 x14=0x00000000
      23825.000 ns	      2381	800009cc	018b52b3	srl	x5,x22,x24	 x22:0x00000000 x24:0x00000000  x5=0x00000000
      23835.000 ns	      2382	800009d0	612d4617	auipc	x12,0x612d4	 x12=0xe12d49d0
      23845.000 ns	      2383	800009d4	00000013	addi	x0,x0,0	  x0:0x00000000
      23855.000 ns	      2384	800009d8	01de8933	add	x18,x29,x29	 x29:0x7ffbf0b0 x29:0x7ffbf0b0 x18=0xfff7e160
      23875.000 ns	      2386	800009dc	21bd9bd3	fsgnjn.s	f23,f27,f27	 f27:0x00000000 f27:0x00000000 f23=0x80000000
      23905.000 ns	      2389	800009e0	e00c82d3	fmv.x.w	x5,f25	 f25:0x80000000  x5=0x80000000
      23935.000 ns	      2392	800009e4	0204aeb3	mulhsu	x29,x9,x0	  x9:0x80041024  x0:0x00000000 x29=0x00000000
      24305.000 ns	      2429	800009e8	02c3e233	rem	x4,x7,x12	  x7:0x000003ba x12:0xe12d49d0  x4=0x000003ba
      24675.000 ns	      2466	800009ec	026ef433	remu	x8,x29,x6	 x29:0x00000000  x6:0xc1a29b10  x8=0x00000000
      24695.000 ns	      2468	800009f0	e98de213	ori	x4,x27,-360	 x27:0x00000000  x4=0xfffffe98
      24725.000 ns	      2471	800009f4	580b80d3	fsqrt.s	f1,f23	 f23:0x80000000  f1=0x80000000
      24755.000 ns	      2474	800009f8	28280bd3	fmin.s	f23,f16,f2	 f16:0x7fc00000  f2:0x00000000 f23=0x00000000
      24785.000 ns	      2477	800009fc	02312233	mulhsu	x4,x2,x3	  x2:0x1365d9a8  x3:0x00000010  x4=0x00000001
      24805.000 ns	      2479	80000a00	9e0c0417	auipc	x8,0x9e0c0	  x8=0x1e0c0a00
      24815.000 ns	      2480	80000a04	40ed5013	srai	x0,x26,0xe	 x26:0x00000000
      24825.000 ns	      2481	80000a08	b9ab6293	ori	x5,x22,-1126	 x22:0x00000000  x5=0xfffffb9a
      24845.000 ns	      2483	80000a0c	282192d3	fmax.s	f5,f3,f2	  f3:0x00000000  f2:0x00000000  f5=0x00000000
      24865.000 ns	      2485	80000a10	013df433	and	x8,x27,x19	 x27:0x00000000 x19:0x00000000  x8=0x00000000
      24885.000 ns	      2487	80000a14	030cb433	mulhu	x8,x25,x16	 x25:0x00000000 x16:0x00000000  x8=0x00000000
      24925.000 ns	      2491	80000a18	58092ed3	fsqrt.s	f29,f18	 f18:0xf3b8acf7 f29=0x7fc00000
      24945.000 ns	      2493	80000a1c	ab96ed93	ori	x27,x13,-1351	 x13:0x00000000 x27=0xfffffab9
      24965.000 ns	      2495	80000a20	c01e48d3	fcvt.wu.s	x17,f28	 f28:0x7fc00000 x17=0xffffffff
      25005.000 ns	      2499	80000a24	58037f53	fsqrt.s	f30,f6	  f6:0x7fc00000 f30=0x7fc00000
      25035.000 ns	      2502	80000a28	03a79133	mulh	x2,x15,x26	 x15:0x00000000 x26:0x00000000  x2=0x00000000
      25065.000 ns	      2505	80000a2c	e00913d3	fclass.s	x7,f18	 f18:0xf3b8acf7  x7=0x00000002
      25095.000 ns	      2508	80000a30	e0080153	fmv.x.w	x2,f16	 f16:0x7fc00000  x2=0x7fc00000
      25135.000 ns	      2512	80000a34	1844f253	fdiv.s	f4,f9,f4	  f9:0x142925c5  f4:0x7fc00000  f4=0x7fc00000
      25505.000 ns	      2549	80000a38	0321dcb3	divu	x25,x3,x18	  x3:0x00000010 x18:0xfff7e160 x25=0x00000000
      25535.000 ns	      2552	80000a3c	02b989b3	mul	x19,x19,x11	 x19:0x00000000 x11:0x00000000 x19=0x00000000
      25555.000 ns	      2554	80000a40	01002e33	slt	x28,x0,x16	  x0:0x00000000 x16:0x00000000 x28=0x00000000
      25585.000 ns	      2557	80000a44	580a26d3	fsqrt.s	f13,f20	 f20:0x7fc00000 f13=0x7fc00000
      25615.000 ns	      2560	80000a48	28d10c53	fmin.s	f24,f2,f13	  f2:0x00000000 f13:0x7fc00000 f24=0x00000000
      25665.000 ns	      2565	80000a4c	00d48353	fadd.s	f6,f9,f13	  f9:0x142925c5 f13:0x7fc00000  f6=0x7fc00000
      25695.000 ns	      2568	80000a50	a1250c53	fle.s	x24,f10,f18	 f10:0x7fc00000 f18:0xf3b8acf7 x24=0x00000000
      25725.000 ns	      2571	80000a54	02c685b3	mul	x11,x13,x12	 x13:0x00000000 x12:0xe12d49d0 x11=0x00000000
      25755.000 ns	      2574	80000a58	039a9b33	mulh	x22,x21,x25	 x21:0x00000030 x25:0x00000000 x22=0x00000000
      25775.000 ns	      2576	80000a5c	b14a7293	andi	x5,x20,-1260	 x20:0x00000000  x5=0x00000000
      25785.000 ns	      2577	80000a60	00875e33	srl	x28,x14,x8	 x14:0x00000000  x8:0x00000000 x28=0x00000000
      25805.000 ns	      2579	80000a64	d0197fd3	fcvt.s.wu	f31,x18	 x18:0xfff7e160 f31=0x4f7ff7e1
      25835.000 ns	      2582	80000a68	032fb733	mulhu	x14,x31,x18	 x31:0x80040fe4 x18:0xfff7e160 x14=0x80000073
      26205.000 ns	      2619	80000a6c	02775e33	divu	x28,x14,x7	 x14:0x00000000  x7:0x00000002 x28=0x40000039
      26225.000 ns	      2621	80000a70	010debb3	or	x23,x27,x16	 x27:0xfffffab9 x16:0x00000000 x23=0xfffffab9
      26555.000 ns	      2654	80000a74	18992dd3	fdiv.s	f27,f18,f9	 f18:0xf3b8acf7  f9:0x142925c5 f27=0xff800000
      26585.000 ns	      2657	80000a78	024d8b33	mul	x22,x27,x4	 x27:0xfffffab9  x4:0x00000001 x22=0xfffffab9
      26615.000 ns	      2660	80000a7c	03ddd133	divu	x2,x27,x29	 x27:0xfffffab9 x29:0x00000000  x2=0xffffffff
      26645.000 ns	      2663	80000a80	21fd2953	fsgnjx.s	f18,f26,f31	 f26:0x446e8000 f31:0x4f7ff7e1 f18=0x446e8000
      26665.000 ns	      2665	80000a84	58b28393	addi	x7,x5,1419	  x5:0x00000000  x7=0x0000058b
      26675.000 ns	      2666	80000a88	81bbe593	ori	x11,x23,-2021	 x23:0xfffffab9 x11=0xfffffabb
      26695.000 ns	      2668	80000a8c	f00f0f53	fmv.w.x	f30,x30	 x30:0xc1e296fe f30=0xc1e296fe
      26715.000 ns	      2670	80000a90	343f6413	ori	x8,x30,835	 x30:0xc1e296fe  x8=0xc1e297ff
      26735.000 ns	      2672	80000a94	024422b3	mulhsu	x5,x8,x4	  x8:0x00000000  x4:0x00000001  x5=0xffffffff
      26765.000 ns	      2675	80000a98	e0040c53	fmv.x.w	x24,f8	  f8:0x68df85c8 x24=0x68df85c8
      26795.000 ns	      2678	80000a9c	02408f33	mul	x30,x1,x4	  x1:0x0043fc0f  x4:0x00000001 x30=0x0043fc0f
      26825.000 ns	      2681	80000aa0	022bb1b3	mulhu	x3,x23,x2	 x23:0xfffffab9  x2:0xffffffff  x3=0xfffffab8
      26845.000 ns	      2683	80000aa4	01fee833	or	x16,x29,x31	 x29:0x00000000 x31:0x80040fe4 x16=0x80040fe4
      26855.000 ns	      2684	80000aa8	0021da93	srli	x21,x3,0x2	  x3:0xfffffab8 x21=0x3ffffeae
      26865.000 ns	      2685	80000aac	00071133	sll	x2,x14,x0	 x14:0x80000073  x0:0x00000000  x2=0x80000073
      26875.000 ns	      2686	80000ab0	7cee3717	auipc	x14,0x7cee3	 x14=0xfcee3ab0
      26895.000 ns	      2688	80000ab4	a0f389d3	fle.s	x19,f7,f15	  f7:0xbf800000 f15:0x42340000 x19=0x00000001
      26915.000 ns	      2690	80000ab8	33cb7597	auipc	x11,0x33cb7	 x11=0xb3cb7ab8
      26935.000 ns	      2692	80000abc	e00d95d3	fclass.s	x11,f27	 f27:0xff800000 x11=0x00000001
      26965.000 ns	      2695	80000ac0	d00bf5d3	fcvt.s.w	f11,x23	 x23:0xfffffab9 f11=0xc4a8e000
      27015.000 ns	      2700	80000ac4	08fb7b53	fsub.s	f22,f22,f15	 f22:0x142925c5 f15:0x42340000 f22=0xc2340000
      27045.000 ns	      2703	80000ac8	291a1753	fmax.s	f14,f20,f17	 f20:0x7fc00000 f17:0x800000c6 f14=0x800000c6
      27075.000 ns	      2706	80000acc	02519333	mulh	x6,x3,x5	  x3:0xfffffab8  x5:0xffffffff  x6=0x00000000
      27105.000 ns	      2709	80000ad0	20b3a453	fsgnjx.s	f8,f7,f11	  f7:0xbf800000 f11:0xc4a8e000  f8=0x3f800000
      27145.000 ns	      2713	80000ad4	1058fed3	fmul.s	f29,f17,f5	 f17:0x800000c6  f5:0x00000000 f29=0x80000000
      27165.000 ns	      2715	80000ad8	5924b713	sltiu	x14,x9,1426	  x9:0x80041024 x14=0x00000000
      27185.000 ns	      2717	80000adc	02909733	mulh	x14,x1,x9	  x1:0x0043fc0f  x9:0x80041024 x14=0xffde030c
      27215.000 ns	      2720	80000ae0	21989dd3	fsgnjn.s	f27,f17,f25	 f17:0x800000c6 f25:0x80000000 f27=0x000000c6
      27235.000 ns	      2722	80000ae4	0089aa33	slt	x20,x19,x8	 x19:0x00000001  x8:0xc1e297ff x20=0x00000000
      27245.000 ns	      2723	80000ae8	016ffa33	and	x20,x31,x22	 x31:0x80040fe4 x22:0xfffffab9 x20=0x80040aa0
      27255.000 ns	      2724	80000aec	7d722717	auipc	x14,0x7d722	 x14=0xfd722aec
      27265.000 ns	      2725	80000af0	7eb39a37	lui	x20,0x7eb39	 x20=0x7eb39000
      27285.000 ns	      2727	80000af4	02112933	mulhsu	x18,x2,x1	  x2:0x80000073  x1:0x0043fc0f x18=0xffde01f8
      27315.000 ns	      2730	80000af8	d004a653	fcvt.s.w	f12,x9	  x9:0x80041024 f12=0xcefff7e0
      27335.000 ns	      2732	80000afc	a72b7a13	andi	x20,x22,-1422	 x22:0xfffffab9 x20=0xfffffa30
      27345.000 ns	      2733	80000b00	b4647293	andi	x5,x8,-1210	  x8:0xc1e297ff  x5=0xc1e29346
      27365.000 ns	      2735	80000b04	f0058fd3	fmv.w.x	f31,x11	 x11:0x00000001 f31=0x00000001
      27395.000 ns	      2738	80000b08	d011fb53	fcvt.s.wu	f22,x3	  x3:0xfffffab8 f22=0x4f7ffffa
      27415.000 ns	      2740	80000b0c	01420233	add	x4,x4,x20	  x4:0x00000001 x20:0xfffffa30  x4=0xfffffa31
      27425.000 ns	      2741	80000b10	005cabb3	slt	x23,x25,x5	 x25:0x00000000  x5:0xc1e29346 x23=0x00000000
      27435.000 ns	      2742	80000b14	00d75933	srl	x18,x14,x13	 x14:0xfd722aec x13:0x00000000 x18=0xfd722aec
      27455.000 ns	      2744	80000b18	a10a1953	flt.s	x18,f20,f16	 f20:0x7fc00000 f16:0x7fc00000 x18=0x00000000
      27475.000 ns	      2746	80000b1c	41efde93	srai	x29,x31,0x1e	 x31:0x80040fe4 x29=0xfffffffe
      27515.000 ns	      2750	80000b20	094cf8d3	fsub.s	f17,f25,f20	 f25:0x80000000 f20:0x7fc00000 f17=0x7fc00000
      27535.000 ns	      2752	80000b24	e494ed93	ori	x27,x9,-439	  x9:0x80041024 x27=0xfffffe6d
      27555.000 ns	      2754	80000b28	d00a2253	fcvt.s.w	f4,x20	 x20:0xfffffa30  f4=0xc4ba0000
      27585.000 ns	      2757	80000b2c	024a29b3	mulhsu	x19,x20,x4	 x20:0xfffffa30  x4:0xfffffa31 x19=0xfffffa30
      27615.000 ns	      2760	80000b30	03ae7433	remu	x8,x28,x26	 x28:0x40000039 x26:0x00000000  x8=0x40000039
      27645.000 ns	      2763	80000b34	218394d3	fsgnjn.s	f9,f7,f24	  f7:0xbf800000 f24:0x00000000  f9=0xbf800000
      28015.000 ns	      2800	80000b38	02974933	div	x18,x14,x9	 x14:0xfd722aec  x9:0x80041024 x18=0x00000000
      28045.000 ns	      2803	80000b3c	20302353	fsgnjx.s	f6,f0,f3	  f0:0x00000000  f3:0x00000000  f6=0x00000000
      28065.000 ns	      2805	80000b40	376b2793	slti	x15,x22,886	 x22:0xfffffab9 x15=0x00000001
      28085.000 ns	      2807	80000b44	02f88a33	mul	x20,x17,x15	 x17:0xffffffff x15:0x00000000 x20=0xffffffff
      28105.000 ns	      2809	80000b48	01ff5e93	srli	x29,x30,0x1f	 x30:0x0043fc0f x29=0x00000000
      28125.000 ns	      2811	80000b4c	03765db3	divu	x27,x12,x23	 x12:0xe12d49d0 x23:0x00000000 x27=0xffffffff
      28155.000 ns	      2814	80000b50	02319e33	mulh	x28,x3,x3	  x3:0xfffffab8  x3:0xfffffab8 x28=0x00000000
      28495.000 ns	      2848	80000b54	18c4c4d3	fdiv.s	f9,f9,f12	  f9:0xbf800000 f12:0xcefff7e0  f9=0x30000000
      28535.000 ns	      2852	80000b58	1166f7d3	fmul.s	f15,f13,f22	 f13:0x7fc00000 f22:0x4f7ffffa f15=0x7fc00000
      28565.000 ns	      2855	80000b5c	03b53633	mulhu	x12,x10,x27	 x10:0xc1e296ff x27:0xffffffff x12=0xc1e296fe
      28585.000 ns	      2857	80000b60	015df0b3	and	x1,x27,x21	 x27:0xffffffff x21:0x3ffffeae  x1=0x3ffffeae
      28945.000 ns	      2893	80000b64	034c57b3	divu	x15,x24,x20	 x24:0x68df85c8 x20:0xffffffff x15=0x00000000
      28975.000 ns	      2896	80000b68	d00673d3	fcvt.s.w	f7,x12	 x12:0xc1e296fe  f7=0xce7875a4
      28995.000 ns	      2898	80000b6c	0057a433	slt	x8,x15,x5	 x15:0x00000000  x5:0xc1e29346  x8=0x00000000
      29005.000 ns	      2899	80000b70	00000013	addi	x0,x0,0	  x0:0x00000000
      29015.000 ns	      2900	80000b74	795cde37	lui	x28,0x795cd	 x28=0x795cd000
      29035.000 ns	      2902	80000b78	e00702d3	fmv.x.w	x5,f14	 f14:0x800000c6  x5=0x800000c6
      29055.000 ns	      2904	80000b7c	01500133	add	x2,x0,x21	  x0:0x00000000 x21:0x3ffffeae  x2=0x3ffffeae
      29075.000 ns	      2906	80000b80	d00cf3d3	fcvt.s.w	f7,x25	 x25:0x00000000  f7=0x00000000
      29095.000 ns	      2908	80000b84	b5f5ae13	slti	x28,x11,-1185	 x11:0x00000001 x28=0x00000000
      29135.000 ns	      2912	80000b88	095d9b53	fsub.s	f22,f27,f21	 f27:0x000000c6 f21:0x142925c5 f22=0x942925c5
      29155.000 ns	      2914	80000b8c	00b96db3	or	x27,x18,x11	 x18:0x00000000 x11:0x00000001 x27=0x00000001
      29175.000 ns	      2916	80000b90	0209bdb3	mulhu	x27,x19,x0	 x19:0xfffffa30  x0:0x00000000 x27=0x00000000
      29195.000 ns	      2918	80000b94	01b07833	and	x16,x0,x27	  x0:0x00000000 x27:0xffffffff x16=0x00000000
      29215.000 ns	      2920	80000b98	293281d3	fmin.s	f3,f5,f19	  f5:0x00000000 f19:0x7fc00000  f3=0x00000000
      29235.000 ns	      2922	80000b9c	01b7d933	srl	x18,x15,x27	 x15:0x00000000 x27:0x00000000 x18=0x00000000
      29245.000 ns	      2923	80000ba0	06356613	ori	x12,x10,99	 x10:0xc1e296ff x12=0xc1e296ff
      29255.000 ns	      2924	80000ba4	402ddb33	sra	x22,x27,x2	 x27:0x00000000  x2:0x3ffffeae x22=0x00000000
      29265.000 ns	      2925	80000ba8	499da993	slti	x19,x27,1177	 x27:0x00000000 x19=0x00000001
      29305.000 ns	      2929	80000bac	088f9ed3	fsub.s	f29,f31,f8	 f31:0x00000001  f8:0x3f800000 f29=0xbf800000
      29355.000 ns	      2934	80000bb0	015dff53	fadd.s	f30,f27,f21	 f27:0x000000c6 f21:0x142925c5 f30=0x142925c5
      29375.000 ns	      2936	80000bb4	4001d093	srai	x1,x3,0x0	  x3:0xfffffab8  x1=0xfffffab8
      29385.000 ns	      2937	80000bb8	00ec0ab3	add	x21,x24,x14	 x24:0x68df85c8 x14:0xfd722aec x21=0x6651b0b4
      29395.000 ns	      2938	80000bbc	c887cb93	xori	x23,x15,-888	 x15:0x00000000 x23=0xfffffc88
      29415.000 ns	      2940	80000bc0	28a99f53	fmax.s	f30,f19,f10	 f19:0x7fc00000 f10:0x7fc00000 f30=0x7fc00000
      29435.000 ns	      2942	80000bc4	1a42f913	andi	x18,x5,420	  x5:0x800000c6 x18=0x00000084
      29475.000 ns	      2946	80000bc8	085bcad3	fsub.s	f21,f23,f5	 f23:0x00000000  f5:0x00000000 f21=0x80000000
      29495.000 ns	      2948	80000bcc	0069d193	srli	x3,x19,0x6	 x19:0x00000001  x3=0x00000000
      29515.000 ns	      2950	80000bd0	d01b0a53	fcvt.s.wu	f20,x22	 x22:0x00000000 f20=0x00000000
      29535.000 ns	      2952	80000bd4	2aa88913	addi	x18,x17,682	 x17:0xffffffff x18=0x000002a9
      29545.000 ns	      2953	80000bd8	017ab0b3	sltu	x1,x21,x23	 x21:0x6651b0b4 x23:0xfffffc88  x1=0x00000001
      29585.000 ns	      2957	80000bdc	0092c553	fadd.s	f10,f5,f9	  f5:0x00000000  f9:0x30000000 f10=0x30000000
      29635.000 ns	      2962	80000be0	01b07153	fadd.s	f2,f0,f27	  f0:0x00000000 f27:0x000000c6  f2=0x000000c6
      29655.000 ns	      2964	80000be4	40f65c93	srai	x25,x12,0xf	 x12:0xc1e296ff x25=0xffff83c5
      29675.000 ns	      2966	80000be8	c00c7053	fcvt.w.s	x0,f24	 f24:0x00000000
      29695.000 ns	      2968	80000bec	c9d82693	slti	x13,x16,-867	 x16:0x00000000 x13=0x00000000
      29715.000 ns	      2970	80000bf0	03ca6f33	rem	x30,x20,x28	 x20:0xffffffff x28:0x00000000 x30=0xffffffff
      29735.000 ns	      2972	80000bf4	00a50a33	add	x20,x10,x10	 x10:0xc1e296ff x10:0xc1e296ff x20=0x83c52dfe
      29755.000 ns	      2974	80000bf8	280f9ad3	fmax.s	f21,f31,f0	 f31:0x00000001  f0:0x00000000 f21=0x00000001
      29785.000 ns	      2977	80000bfc	a0b791d3	flt.s	x3,f15,f11	 f15:0x7fc00000 f11:0xc4a8e000  x3=0x00000000
      29805.000 ns	      2979	80000c00	0ad01b97	auipc	x23,0xad01	 x23=0x8ad01c00
      29825.000 ns	      2981	80000c04	214582d3	fsgnj.s	f5,f11,f20	 f11:0xc4a8e000 f20:0x00000000  f5=0x44a8e000
      29855.000 ns	      2984	80000c08	28bb8cd3	fmin.s	f25,f23,f11	 f23:0x00000000 f11:0xc4a8e000 f25=0xc4a8e000
      29875.000 ns	      2986	80000c0c	003e4cb3	xor	x25,x28,x3	 x28:0x00000000  x3:0x00000000 x25=0x00000000
      29885.000 ns	      2987	80000c10	00042c33	slt	x24,x8,x0	  x8:0x00000000  x0:0x00000000 x24=0x00000000
      29895.000 ns	      2988	80000c14	01dfd413	srli	x8,x31,0x1d	 x31:0x80040fe4  x8=0x00000004
      29905.000 ns	      2989	80000c18	011ae933	or	x18,x21,x17	 x21:0x6651b0b4 x17:0xffffffff x18=0xffffffff
      30265.000 ns	      3025	80000c1c	02984bb3	div	x23,x16,x9	 x16:0x00000000  x9:0x80041024 x23=0x00000000
      30285.000 ns	      3027	80000c20	0190f0b3	and	x1,x1,x25	  x1:0x00000001 x25:0x00000000  x1=0x00000000
      30295.000 ns	      3028	80000c24	01b57433	and	x8,x10,x27	 x10:0xc1e296ff x27:0x00000000  x8=0x00000000
      30315.000 ns	      3030	80000c28	027fa333	mulhsu	x6,x31,x7	 x31:0x80040fe4  x7:0x0000058b  x6=0xfffffd3a
      30345.000 ns	      3033	80000c2c	f00c8153	fmv.w.x	f2,x25	 x25:0x00000000  f2=0x00000000
      30375.000 ns	      3036	80000c30	c002ced3	fcvt.w.s	x29,f5	  f5:0x44a8e000 x29=0x00000547
      30405.000 ns	      3039	80000c34	037ec933	div	x18,x29,x23	 x29:0x00000000 x23:0x00000000 x18=0xffffffff
      30425.000 ns	      3041	80000c38	4dde1bb7	lui	x23,0x4dde1	 x23=0x4dde1000
      30445.000 ns	      3043	80000c3c	e00d0bd3	fmv.x.w	x23,f26	 f26:0x446e8000 x23=0x446e8000
      30465.000 ns	      3045	80000c40	4117ddb3	sra	x27,x15,x17	 x15:0x00000000 x17:0xffffffff x27=0x00000000
      30475.000 ns	      3046	80000c44	089b33b7	lui	x7,0x89b3	  x7=0x089b3000
      30485.000 ns	      3047	80000c48	b145a3b7	lui	x7,0xb145a	  x7=0xb145a000
      30845.000 ns	      3083	80000c4c	02294233	div	x4,x18,x2	 x18:0xffffffff  x2:0x3ffffeae  x4=0x00000000
      30875.000 ns	      3086	80000c50	03bcf433	remu	x8,x25,x27	 x25:0x00000000 x27:0x00000000  x8=0x00000000
      30895.000 ns	      3088	80000c54	cfb31417	auipc	x8,0xcfb31	  x8=0x4fb31c54
      30935.000 ns	      3092	80000c58	018bf053	fadd.s	f0,f23,f24	 f23:0x00000000 f24:0x00000000  f0=0x00000000
      30955.000 ns	      3094	80000c5c	01ba1933	sll	x18,x20,x27	 x20:0x83c52dfe x27:0x00000000 x18=0x83c52dfe
      30965.000 ns	      3095	80000c60	e3d8eb93	ori	x23,x17,-451	 x17:0xffffffff x23=0xffffffff
      30985.000 ns	      3097	80000c64	e00b81d3	fmv.x.w	x3,f23	 f23:0x00000000  x3=0x00000000
      31005.000 ns	      3099	80000c68	01c996b3	sll	x13,x19,x28	 x19:0x00000001 x28:0x00000000 x13=0x00000001
      31365.000 ns	      3135	80000c6c	03ed5a33	divu	x20,x26,x30	 x26:0x00000000 x30:0xffffffff x20=0x00000000
      31385.000 ns	      3137	80000c70	00fe6f33	or	x30,x28,x15	 x28:0x00000000 x15:0x00000000 x30=0x00000000
      31395.000 ns	      3138	80000c74	7cb17917	auipc	x18,0x7cb17	 x18=0xfcb17c74
      31405.000 ns	      3139	80000c78	42d4f813	andi	x16,x9,1069	  x9:0x80041024 x16=0x00000024
      31415.000 ns	      3140	80000c7c	414052b3	sra	x5,x0,x20	  x0:0x00000000 x20:0x00000000  x5=0x00000000
      31775.000 ns	      3176	80000c80	02ae6633	rem	x12,x28,x10	 x28:0x00000000 x10:0xc1e296ff x12=0x00000000
      31795.000 ns	      3178	80000c84	40ec82b3	sub	x5,x25,x14	 x25:0x00000000 x14:0xfd722aec  x5=0x028dd514
      31805.000 ns	      3179	80000c88	016082b3	add	x5,x1,x22	  x1:0x00000000 x22:0x00000000  x5=0x00000000
      31815.000 ns	      3180	80000c8c	40618133	sub	x2,x3,x6	  x3:0x00000000  x6:0xfffffd3a  x2=0x000002c6
      31835.000 ns	      3182	80000c90	c0131753	fcvt.wu.s	x14,f6	  f6:0x00000000 x14=0x00000000
      31855.000 ns	      3184	80000c94	00000013	addi	x0,x0,0	  x0:0x00000000
      31875.000 ns	      3186	80000c98	d01396d3	fcvt.s.wu	f13,x7	  x7:0xb145a000 f13=0x4f3145a0
      31915.000 ns	      3190	80000c9c	1041f3d3	fmul.s	f7,f3,f4	  f3:0x00000000  f4:0xc4ba0000  f7=0x80000000
      31945.000 ns	      3193	80000ca0	a02118d3	flt.s	x17,f2,f2	  f2:0x00000000  f2:0x00000000 x17=0x00000000
      31975.000 ns	      3196	80000ca4	024ee8b3	rem	x17,x29,x4	 x29:0x00000547  x4:0x00000000 x17=0x00000547
      32005.000 ns	      3199	80000ca8	03f6b133	mulhu	x2,x13,x31	 x13:0x00000001 x31:0x80040fe4  x2=0x00000000
      32025.000 ns	      3201	80000cac	00000013	addi	x0,x0,0	  x0:0x00000000
      32055.000 ns	      3204	80000cb0	5805f253	fsqrt.s	f4,f11	 f11:0xc4a8e000  f4=0x7fc00000
      32085.000 ns	      3207	80000cb4	216f1a53	fsgnjn.s	f20,f30,f22	 f30:0x7fc00000 f22:0x942925c5 f20=0x7fc00000
      32115.000 ns	      3210	80000cb8	d0057753	fcvt.s.w	f14,x10	 x10:0xc1e296ff f14=0xce7875a4
      32145.000 ns	      3213	80000cbc	a14602d3	fle.s	x5,f12,f20	 f12:0xcefff7e0 f20:0x7fc00000  x5=0x00000000
      32165.000 ns	      3215	80000cc0	dc428713	addi	x14,x5,-572	  x5:0x00000000 x14=0xfffffdc4
      32175.000 ns	      3216	80000cc4	19a3a6b7	lui	x13,0x19a3a	 x13=0x19a3a000
      32195.000 ns	      3218	80000cc8	c015b353	fcvt.wu.s	x6,f11	 f11:0xc4a8e000  x6=0x00000547
      32215.000 ns	      3220	80000ccc	1c610d93	addi	x27,x2,454	  x2:0x00000000 x27=0x000001c6
      32225.000 ns	      3221	80000cd0	00df1c33	sll	x24,x30,x13	 x30:0x00000000 x13:0x19a3a000 x24=0x00000000
      32265.000 ns	      3225	80000cd4	093ff3d3	fsub.s	f7,f31,f19	 f31:0x00000001 f19:0x7fc00000  f7=0x7fc00000
      32635.000 ns	      3262	80000cd8	0318fd33	remu	x26,x17,x17	 x17:0x00000547 x17:0x00000547 x26=0x00000000
      32665.000 ns	      3265	80000cdc	a0baacd3	feq.s	x25,f21,f11	 f21:0x00000001 f11:0xc4a8e000 x25=0x00000000
      32695.000 ns	      3268	80000ce0	205114d3	fsgnjn.s	f9,f2,f5	  f2:0x00000000  f5:0x44a8e000  f9=0x80000000
      32715.000 ns	      3270	80000ce4	d002a093	slti	x1,x5,-768	  x5:0x00000000  x1=0x00000000
      32725.000 ns	      3271	80000ce8	c55ff597	auipc	x11,0xc55ff	 x11=0x455ffce8
      32745.000 ns	      3273	80000cec	d00696d3	fcvt.s.w	f13,x13	 x13:0x19a3a000 f13=0x4dcd1d00
      32775.000 ns	      3276	80000cf0	f00d0d53	fmv.w.x	f26,x26	 x26:0x00000000 f26=0x00000000
      32795.000 ns	      3278	80000cf4	01b678b3	and	x17,x12,x27	 x12:0x00000000 x27:0x000001c6 x17=0x00000000
      32805.000 ns	      3279	80000cf8	01583733	sltu	x14,x16,x21	 x16:0x00000024 x21:0x6651b0b4 x14=0x00000001
      32825.000 ns	      3281	80000cfc	21869653	fsgnjn.s	f12,f13,f24	 f13:0x4dcd1d00 f24:0x00000000 f12=0xcdcd1d00
      32875.000 ns	      3286	80000d00	08dabed3	fsub.s	f29,f21,f13	 f21:0x00000001 f13:0x4dcd1d00 f29=0xcdcd1d00
      32905.000 ns	      3289	80000d04	e0010b53	fmv.x.w	x22,f2	  f2:0x00000000 x22=0x00000000
      32925.000 ns	      3291	80000d08	4dd5b293	sltiu	x5,x11,1245	 x11:0x455ffce8  x5=0x00000000
      32945.000 ns	      3293	80000d0c	a1ae9bd3	flt.s	x23,f29,f26	 f29:0xcdcd1d00 f26:0x00000000 x23=0x00000001
      32975.000 ns	      3296	80000d10	03cffb33	remu	x22,x31,x28	 x31:0x80040fe4 x28:0x00000000 x22=0x80040fe4
      32995.000 ns	      3298	80000d14	01462733	slt	x14,x12,x20	 x12:0x00000000 x20:0x00000000 x14=0x00000000
      33005.000 ns	      3299	80000d18	4013d233	sra	x4,x7,x1	  x7:0xb145a000  x1:0x00000000  x4=0xb145a000
      33015.000 ns	      3300	80000d1c	00174733	xor	x14,x14,x1	 x14:0x00000001  x1:0x00000000 x14=0x00000000
      33025.000 ns	      3301	80000d20	01543633	sltu	x12,x8,x21	  x8:0x4fb31c54 x21:0x6651b0b4 x12=0x00000001
      33045.000 ns	      3303	80000d24	e0099c53	fclass.s	x24,f19	 f19:0x7fc00000 x24=0x00000200
      33075.000 ns	      3306	80000d28	21920bd3	fsgnj.s	f23,f4,f25	  f4:0x7fc00000 f25:0xc4a8e000 f23=0xffc00000
      33095.000 ns	      3308	80000d2c	bef02697	auipc	x13,0xbef02	 x13=0x3ef02d2c
      33135.000 ns	      3312	80000d30	099dfed3	fsub.s	f29,f27,f25	 f27:0x000000c6 f25:0xc4a8e000 f29=0x44a8e000
      33155.000 ns	      3314	80000d34	caa1e393	ori	x7,x3,-854	  x3:0x00000000  x7=0xfffffcaa
      33165.000 ns	      3315	80000d38	01d39433	sll	x8,x7,x29	  x7:0xb145a000 x29:0x00000547  x8=0xfffe5500
      33525.000 ns	      3351	80000d3c	0361d133	divu	x2,x3,x22	  x3:0x00000000 x22:0x80040fe4  x2=0x00000000
      33555.000 ns	      3354	80000d40	e00e1cd3	fclass.s	x25,f28	 f28:0x7fc00000 x25=0x00000200
      33575.000 ns	      3356	80000d44	27634993	xori	x19,x6,630	  x6:0x00000547 x19=0x00000731
      33595.000 ns	      3358	80000d48	28760fd3	fmin.s	f31,f12,f7	 f12:0xcdcd1d00  f7:0x7fc00000 f31=0xcdcd1d00
      33615.000 ns	      3360	80000d4c	d4a1fb13	andi	x22,x3,-694	  x3:0x00000000 x22=0x00000000
      33635.000 ns	      3362	80000d50	20fa0153	fsgnj.s	f2,f20,f15	 f20:0x7fc00000 f15:0x7fc00000  f2=0x7fc00000
      33655.000 ns	      3364	80000d54	01aabb33	sltu	x22,x21,x26	 x21:0x6651b0b4 x26:0x00000000 x22=0x00000000
      33665.000 ns	      3365	80000d58	356cf113	andi	x2,x25,854	 x25:0x00000200  x2=0x00000200
      33685.000 ns	      3367	80000d5c	291485d3	fmin.s	f11,f9,f17	  f9:0x80000000 f17:0x7fc00000 f11=0x80000000
      33715.000 ns	      3370	80000d60	20bd2dd3	fsgnjx.s	f27,f26,f11	 f26:0x00000000 f11:0xc4a8e000 f27=0x80000000
      33735.000 ns	      3372	80000d64	62877e93	andi	x29,x14,1576	 x14:0x00000000 x29=0x00000000
      33745.000 ns	      3373	80000d68	013cc3b3	xor	x7,x25,x19	 x25:0x00000200 x19:0x00000731  x7=0x00000531
      33765.000 ns	      3375	80000d6c	02f5c433	div	x8,x11,x15	 x11:0x455ffce8 x15:0x00000000  x8=0xffffffff
      33785.000 ns	      3377	80000d70	00782bb3	slt	x23,x16,x7	 x16:0x00000024  x7:0xfffffcaa x23=0x00000001
      34145.000 ns	      3413	80000d74	02a9f7b3	remu	x15,x19,x10	 x19:0x00000731 x10:0xc1e296ff x15=0x00000731
      34165.000 ns	      3415	80000d78	005ec8b3	xor	x17,x29,x5	 x29:0x00000000  x5:0x00000000 x17=0x00000000
      34525.000 ns	      3451	80000d7c	03fdd9b3	divu	x19,x27,x31	 x27:0x000001c6 x31:0x80040fe4 x19=0x00000000
      34545.000 ns	      3453	80000d80	00748833	add	x16,x9,x7	  x9:0x80041024  x7:0x00000531 x16=0x80041555
      34555.000 ns	      3454	80000d84	9d9b6993	ori	x19,x22,-1575	 x22:0x00000000 x19=0xfffff9d9
      34575.000 ns	      3456	80000d88	e0051653	fclass.s	x12,f10	 f10:0x30000000 x12=0x00000040
      34605.000 ns	      3459	80000d8c	e0048153	fmv.x.w	x2,f9	  f9:0x80000000  x2=0x80000000
      34635.000 ns	      3462	80000d90	29480bd3	fmin.s	f23,f16,f20	 f16:0x7fc00000 f20:0x7fc00000 f23=0x7fc00000
      34665.000 ns	      3465	80000d94	a0db10d3	flt.s	x1,f22,f13	 f22:0x942925c5 f13:0x4dcd1d00  x1=0x00000001
      34685.000 ns	      3467	80000d98	00335233	srl	x4,x6,x3	  x6:0x00000547  x3:0x00000000  x4=0x00000547
      34705.000 ns	      3469	80000d9c	f00d83d3	fmv.w.x	f7,x27	 x27:0x000001c6  f7=0x000001c6
      34735.000 ns	      3472	80000da0	0331aa33	mulhsu	x20,x3,x19	  x3:0x00000000 x19:0xfffff9d9 x20=0x00000000
      34765.000 ns	      3475	80000da4	022f0933	mul	x18,x30,x2	 x30:0x00000000  x2:0x80000000 x18=0x00000000
      35135.000 ns	      3512	80000da8	03524c33	div	x24,x4,x21	  x4:0x00000547 x21:0x6651b0b4 x24=0x00000000
      35165.000 ns	      3515	80000dac	c0197f53	fcvt.wu.s	x30,f18	 f18:0x446e8000 x30=0x000003ba
      35195.000 ns	      3518	80000db0	20260cd3	fsgnj.s	f25,f12,f2	 f12:0xcdcd1d00  f2:0x7fc00000 f25=0x4dcd1d00
      35225.000 ns	      3521	80000db4	d00d9cd3	fcvt.s.w	f25,x27	 x27:0x000001c6 f25=0x43e30000
      35245.000 ns	      3523	80000db8	62c3f913	andi	x18,x7,1580	  x7:0x00000531 x18=0x00000420
      35255.000 ns	      3524	80000dbc	00f28db3	add	x27,x5,x15	  x5:0x00000000 x15:0x00000731 x27=0x00000731
      35265.000 ns	      3525	80000dc0	4192db33	sra	x22,x5,x25	  x5:0x00000000 x25:0x00000200 x22=0x00000000
      35275.000 ns	      3526	80000dc4	0056e133	or	x2,x13,x5	 x13:0x3ef02d2c  x5:0x00000000  x2=0x3ef02d2c
      35285.000 ns	      3527	80000dc8	f92d8993	addi	x19,x27,-110	 x27:0x00000731 x19=0x000006c3
      35305.000 ns	      3529	80000dcc	20abac53	fsgnjx.s	f24,f23,f10	 f23:0x7fc00000 f10:0x30000000 f24=0x7fc00000
      35325.000 ns	      3531	80000dd0	4aa56d93	ori	x27,x10,1194	 x10:0xc1e296ff x27=0xc1e296ff
      35685.000 ns	      3567	80000dd4	027bc8b3	div	x17,x23,x7	 x23:0x00000001  x7:0x00000531 x17=0x00000000
      35705.000 ns	      3569	80000dd8	7769c213	xori	x4,x19,1910	 x19:0x000006c3  x4=0x000001b5
      35725.000 ns	      3571	80000ddc	21f019d3	fsgnjn.s	f19,f0,f31	  f0:0x00000000 f31:0xcdcd1d00 f19=0x00000000
      35745.000 ns	      3573	80000de0	32c9f613	andi	x12,x19,812	 x19:0x000006c3 x12=0x00000200
      35765.000 ns	      3575	80000de4	a16592d3	flt.s	x5,f11,f22	 f11:0x80000000 f22:0x942925c5  x5=0x00000000
      35785.000 ns	      3577	80000de8	00c905b3	add	x11,x18,x12	 x18:0x00000420 x12:0x00000040 x11=0x00000620
      35795.000 ns	      3578	80000dec	59617d93	andi	x27,x2,1430	  x2:0x3ef02d2c x27=0x00000504
      35805.000 ns	      3579	80000df0	32d24913	xori	x18,x4,813	  x4:0x000001b5 x18=0x00000298
      35825.000 ns	      3581	80000df4	c0119b53	fcvt.wu.s	x22,f3	  f3:0x00000000 x22=0x00000000
      35855.000 ns	      3584	80000df8	f00a0a53	fmv.w.x	f20,x20	 x20:0x00000000 f20=0x00000000
      35885.000 ns	      3587	80000dfc	02141b33	mulh	x22,x8,x1	  x8:0xffffffff  x1:0x00000001 x22=0xffffffff
      35905.000 ns	      3589	80000e00	5d938293	addi	x5,x7,1497	  x7:0x00000531  x5=0x00000b0a
      35915.000 ns	      3590	80000e04	407fd013	srai	x0,x31,0x7	 x31:0x80040fe4
      35935.000 ns	      3592	80000e08	032a1bb3	mulh	x23,x20,x18	 x20:0x00000000 x18:0x00000298 x23=0x00000000
      35955.000 ns	      3594	80000e0c	0105da13	srli	x20,x11,0x10	 x11:0x00000620 x20=0x00000000
      35975.000 ns	      3596	80000e10	03eb2db3	mulhsu	x27,x22,x30	 x22:0xffffffff x30:0x000003ba x27=0xffffffff
      36005.000 ns	      3599	80000e14	2134acd3	fsgnjx.s	f25,f9,f19	  f9:0x80000000 f19:0x00000000 f25=0x80000000
      36035.000 ns	      3602	80000e18	c009f853	fcvt.w.s	x16,f19	 f19:0x00000000 x16=0x00000000
      36055.000 ns	      3604	80000e1c	410c55b3	sra	x11,x24,x16	 x24:0x00000000 x16:0x80041555 x11=0x00000000
      36085.000 ns	      3607	80000e20	5807f6d3	fsqrt.s	f13,f15	 f15:0x7fc00000 f13=0x7fc00000
      36115.000 ns	      3610	80000e24	e0040dd3	fmv.x.w	x27,f8	  f8:0x3f800000 x27=0x3f800000
      36145.000 ns	      3613	80000e28	020500b3	mul	x1,x10,x0	 x10:0xc1e296ff  x0:0x00000000  x1=0x00000000
      36165.000 ns	      3615	80000e2c	003e06b3	add	x13,x28,x3	 x28:0x00000000  x3:0x00000000 x13=0x00000000
      36175.000 ns	      3616	80000e30	6fa6cd93	xori	x27,x13,1786	 x13:0x3ef02d2c x27=0x000006fa
      36185.000 ns	      3617	80000e34	00c4d613	srli	x12,x9,0xc	  x9:0x80041024 x12=0x00080041
      36195.000 ns	      3618	80000e38	4074df33	sra	x30,x9,x7	  x9:0x80041024  x7:0x00000531 x30=0xffffc002
      36215.000 ns	      3620	80000e3c	29929bd3	fmax.s	f23,f5,f25	  f5:0x44a8e000 f25:0x80000000 f23=0x44a8e000
      36255.000 ns	      3624	80000e40	189620d3	fdiv.s	f1,f12,f9	 f12:0xcdcd1d00  f9:0x80000000  f1=0x7f800000
      36275.000 ns	      3626	80000e44	418cdbb3	sra	x23,x25,x24	 x25:0x00000200 x24:0x00000000 x23=0x00000200
      36285.000 ns	      3627	80000e48	66aa0a93	addi	x21,x20,1642	 x20:0x00000000 x21=0x0000066a
      36305.000 ns	      3629	80000e4c	c00fa9d3	fcvt.w.s	x19,f31	 f31:0xcdcd1d00 x19=0xe65c6000
      36335.000 ns	      3632	80000e50	030a4333	div	x6,x20,x16	 x20:0x00000000 x16:0x00000000  x6=0xffffffff
      36355.000 ns	      3634	80000e54	2a8a8713	addi	x14,x21,680	 x21:0x0000066a x14=0x00000912
      36365.000 ns	      3635	80000e58	471129b7	lui	x19,0x47112	 x19=0x47112000
      36385.000 ns	      3637	80000e5c	e00b0c53	fmv.x.w	x24,f22	 f22:0x942925c5 x24=0x942925c5
      36415.000 ns	      3640	80000e60	03841eb3	mulh	x29,x8,x24	  x8:0xffffffff x24:0x00000000 x29=0x00000000
      36445.000 ns	      3643	80000e64	03070ab3	mul	x21,x14,x16	 x14:0x00000912 x16:0x00000000 x21=0x00000000
      36465.000 ns	      3645	80000e68	01bd5433	srl	x8,x26,x27	 x26:0x00000000 x27:0x000006fa  x8=0x00000000
      36485.000 ns	      3647	80000e6c	28a089d3	fmin.s	f19,f1,f10	  f1:0x7f800000 f10:0x30000000 f19=0x30000000
      36505.000 ns	      3649	80000e70	00a6a933	slt	x18,x13,x10	 x13:0x00000000 x10:0xc1e296ff x18=0x00000000
      36515.000 ns	      3650	80000e74	9da48013	addi	x0,x9,-1574	  x9:0x80041024
      36525.000 ns	      3651	80000e78	0f9e3d93	sltiu	x27,x28,249	 x28:0x00000000 x27=0x00000001
      36885.000 ns	      3687	80000e7c	027d49b3	div	x19,x26,x7	 x26:0x00000000  x7:0x00000531 x19=0x00000000
      36905.000 ns	      3689	80000e80	754dfe13	andi	x28,x27,1876	 x27:0x000006fa x28=0x00000000
      36915.000 ns	      3690	80000e84	00c70f33	add	x30,x14,x12	 x14:0x00000912 x12:0x00080041 x30=0x00080953
      36935.000 ns	      3692	80000e88	c01b73d3	fcvt.wu.s	x7,f22	 f22:0x942925c5  x7=0x00000000
      36965.000 ns	      3695	80000e8c	209a8d53	fsgnj.s	f26,f21,f9	 f21:0x00000001  f9:0x80000000 f26=0x80000001
      36985.000 ns	      3697	80000e90	4124d733	sra	x14,x9,x18	  x9:0x80041024 x18:0x00000000 x14=0x80041024
      36995.000 ns	      3698	80000e94	002fdc33	srl	x24,x31,x2	 x31:0x80040fe4  x2:0x3ef02d2c x24=0x00080040
      37005.000 ns	      3699	80000e98	01e09113	slli	x2,x1,0x1e	  x1:0x00000000  x2=0x00000000
      37025.000 ns	      3701	80000e9c	2070a3d3	fsgnjx.s	f7,f1,f7	  f1:0x7f800000  f7:0x000001c6  f7=0x7f800000
      37055.000 ns	      3704	80000ea0	20758553	fsgnj.s	f10,f11,f7	 f11:0x80000000  f7:0x000001c6 f10=0x00000000
      37085.000 ns	      3707	80000ea4	03ae23b3	mulhsu	x7,x28,x26	 x28:0x00000000 x26:0x00000000  x7=0x00000000
      37135.000 ns	      3712	80000ea8	08edb653	fsub.s	f12,f27,f14	 f27:0x80000000 f14:0xce7875a4 f12=0x4e7875a4
      37165.000 ns	      3715	80000eac	02389b33	mulh	x22,x17,x3	 x17:0x00000000  x3:0x00000000 x22=0x00000000
      37185.000 ns	      3717	80000eb0	01fdd833	srl	x16,x27,x31	 x27:0x00000001 x31:0x80040fe4 x16=0x00000000
      37205.000 ns	      3719	80000eb4	c01f2cd3	fcvt.wu.s	x25,f30	 f30:0x7fc00000 x25=0xffffffff
      37225.000 ns	      3721	80000eb8	40f0d913	srai	x18,x1,0xf	  x1:0x00000000 x18=0x00000000
      37235.000 ns	      3722	80000ebc	e305c9b7	lui	x19,0xe305c	 x19=0xe305c000
      37255.000 ns	      3724	80000ec0	0277fc33	remu	x24,x15,x7	 x15:0x00000731  x7:0x00000000 x24=0x00000731
      37275.000 ns	      3726	80000ec4	90caa393	slti	x7,x21,-1780	 x21:0x00000000  x7=0x00000000
      37295.000 ns	      3728	80000ec8	03e2af33	mulhsu	x30,x5,x30	  x5:0x00000b0a x30:0x00080953 x30=0x00000000
      37315.000 ns	      3730	80000ecc	41be5593	srai	x11,x28,0x1b	 x28:0x00000000 x11=0x00000000
      37325.000 ns	      3731	80000ed0	4030d033	sra	x0,x1,x3	  x1:0x00000000  x3:0x00000000
      37345.000 ns	      3733	80000ed4	e0030653	fmv.x.w	x12,f6	  f6:0x00000000 x12=0x00000000
      37375.000 ns	      3736	80000ed8	021cd733	divu	x14,x25,x1	 x25:0xffffffff  x1:0x00000000 x14=0xffffffff
      37405.000 ns	      3739	80000edc	f00d0d53	fmv.w.x	f26,x26	 x26:0x00000000 f26=0x00000000
      37435.000 ns	      3742	80000ee0	030cb8b3	mulhu	x17,x25,x16	 x25:0xffffffff x16:0x00000000 x17=0x00000000
      37805.000 ns	      3779	80000ee4	0249d433	divu	x8,x19,x4	 x19:0xe305c000  x4:0x000001b5  x8=0x0084fe18
      37825.000 ns	      3781	80000ee8	2ebe0637	lui	x12,0x2ebe0	 x12=0x2ebe0000
      38185.000 ns	      3817	80000eec	02cbfa33	remu	x20,x23,x12	 x23:0x00000200 x12:0x00000000 x20=0x00000200
      38205.000 ns	      3819	80000ef0	00d01eb3	sll	x29,x0,x13	  x0:0x00000000 x13:0x00000000 x29=0x00000000
      38225.000 ns	      3821	80000ef4	038c3333	mulhu	x6,x24,x24	 x24:0x00000731 x24:0x00000731  x6=0x00000000
      38255.000 ns	      3824	80000ef8	29590a53	fmin.s	f20,f18,f21	 f18:0x446e8000 f21:0x00000001 f20=0x00000001
      38295.000 ns	      3828	80000efc	197d3ad3	fdiv.s	f21,f26,f23	 f26:0x00000000 f23:0x44a8e000 f21=0x00000000
      38325.000 ns	      3831	80000f00	c00170d3	fcvt.w.s	x1,f2	  f2:0x7fc00000  x1=0x7fffffff
      38345.000 ns	      3833	80000f04	010e9f33	sll	x30,x29,x16	 x29:0x00000000 x16:0x00000000 x30=0x00000000
      38385.000 ns	      3837	80000f08	08dca353	fsub.s	f6,f25,f13	 f25:0x80000000 f13:0x7fc00000  f6=0x7fc00000
      38405.000 ns	      3839	80000f0c	008295b3	sll	x11,x5,x8	  x5:0x00000b0a  x8:0x0084fe18 x11=0x0a000000
      38765.000 ns	      3875	80000f10	03f07db3	remu	x27,x0,x31	  x0:0x00000000 x31:0x80040fe4 x27=0x00000000
      38785.000 ns	      3877	80000f14	01319113	slli	x2,x3,0x13	  x3:0x00000000  x2=0x00000000
      38795.000 ns	      3878	80000f18	0163a5b3	slt	x11,x7,x22	  x7:0x00000000 x22:0x00000000 x11=0x00000000
      38805.000 ns	      3879	80000f1c	40148a33	sub	x20,x9,x1	  x9:0x80041024  x1:0x7fffffff x20=0x00041025
      38825.000 ns	      3881	80000f20	a1318ad3	fle.s	x21,f3,f19	  f3:0x00000000 f19:0x30000000 x21=0x00000001
      38845.000 ns	      3883	80000f24	418a85b3	sub	x11,x21,x24	 x21:0x00000000 x24:0x00000731 x11=0xfffff8d0
      38865.000 ns	      3885	80000f28	d0054d53	fcvt.s.w	f26,x10	 x10:0xc1e296ff f26=0xce7875a4
      38895.000 ns	      3888	80000f2c	d0094f53	fcvt.s.w	f30,x18	 x18:0x00000000 f30=0x00000000
      38945.000 ns	      3893	80000f30	0819f9d3	fsub.s	f19,f19,f1	 f19:0x30000000  f1:0x7f800000 f19=0xff800000
      38965.000 ns	      3895	80000f34	01332633	slt	x12,x6,x19	  x6:0x00000000 x19:0xe305c000 x12=0x00000000
      38975.000 ns	      3896	80000f38	010f46b3	xor	x13,x30,x16	 x30:0x00000000 x16:0x00000000 x13=0x00000000
      38985.000 ns	      3897	80000f3c	7ab95917	auipc	x18,0x7ab95	 x18=0xfab95f3c
      38995.000 ns	      3898	80000f40	0042ac33	slt	x24,x5,x4	  x5:0x00000b0a  x4:0x000001b5 x24=0x00000000
      39005.000 ns	      3899	80000f44	f4bc4713	xori	x14,x24,-181	 x24:0x00000731 x14=0xffffff4b
      39025.000 ns	      3901	80000f48	039a07b3	mul	x15,x20,x25	 x20:0x00041025 x25:0xffffffff x15=0xfffbefdb
      39055.000 ns	      3904	80000f4c	0347a6b3	mulhsu	x13,x15,x20	 x15:0x00000731 x20:0x00041025 x13=0xffffffef
      39075.000 ns	      3906	80000f50	5e9a3d13	sltiu	x26,x20,1513	 x20:0x00041025 x26=0x00000000
      39095.000 ns	      3908	80000f54	f00d09d3	fmv.w.x	f19,x26	 x26:0x00000000 f19=0x00000000
      39125.000 ns	      3911	80000f58	02225833	divu	x16,x4,x2	  x4:0x000001b5  x2:0x00000000 x16=0xffffffff
      39145.000 ns	      3913	80000f5c	00aa6f33	or	x30,x20,x10	 x20:0x00041025 x10:0xc1e296ff x30=0xc1e696ff
      39155.000 ns	      3914	80000f60	41c0d913	srai	x18,x1,0x1c	  x1:0x7fffffff x18=0x00000007
      39185.000 ns	      3917	80000f64	580a9cd3	fsqrt.s	f25,f21	 f21:0x00000000 f25=0x00000000
      39555.000 ns	      3954	80000f68	0245d333	divu	x6,x11,x4	 x11:0xfffff8d0  x4:0x000001b5  x6=0x0095f7c8
      39595.000 ns	      3958	80000f6c	10f6ba53	fmul.s	f20,f13,f15	 f13:0x7fc00000 f15:0x7fc00000 f20=0x7fc00000
      39625.000 ns	      3961	80000f70	29fc0c53	fmin.s	f24,f24,f31	 f24:0x7fc00000 f31:0xcdcd1d00 f24=0xcdcd1d00
      39995.000 ns	      3998	80000f74	02f57f33	remu	x30,x10,x15	 x10:0xc1e296ff x15:0xfffbefdb x30=0xc1e296ff
      40015.000 ns	      4000	80000f78	9c6b6413	ori	x8,x22,-1594	 x22:0x00000000  x8=0xfffff9c6
      40035.000 ns	      4002	80000f7c	28ee9a53	fmax.s	f20,f29,f14	 f29:0x44a8e000 f14:0xce7875a4 f20=0x44a8e000
      40055.000 ns	      4004	80000f80	0108ba33	sltu	x20,x17,x16	 x17:0x00000000 x16:0xffffffff x20=0x00000001
      40075.000 ns	      4006	80000f84	a14789d3	fle.s	x19,f15,f20	 f15:0x7fc00000 f20:0x44a8e000 x19=0x00000000
      40095.000 ns	      4008	80000f88	538f8713	addi	x14,x31,1336	 x31:0x80040fe4 x14=0x8004151c
      40105.000 ns	      4009	80000f8c	41555033	sra	x0,x10,x21	 x10:0xc1e296ff x21:0x00000001
      40125.000 ns	      4011	80000f90	294717d3	fmax.s	f15,f14,f20	 f14:0xce7875a4 f20:0x44a8e000 f15=0x44a8e000
      40155.000 ns	      4014	80000f94	038bd233	divu	x4,x23,x24	 x23:0x00000200 x24:0x00000000  x4=0xffffffff
      40185.000 ns	      4017	80000f98	f0078753	fmv.w.x	f14,x15	 x15:0xfffbefdb f14=0xfffbefdb
      40555.000 ns	      4054	80000f9c	02a44db3	div	x27,x8,x10	  x8:0xfffff9c6 x10:0xc1e296ff x27=0x00000000
      40575.000 ns	      4056	80000fa0	00000013	addi	x0,x0,0	  x0:0x00000000
      40595.000 ns	      4058	80000fa4	e00c8cd3	fmv.x.w	x25,f25	 f25:0x00000000 x25=0x00000000
      40615.000 ns	      4060	80000fa8	56334393	xori	x7,x6,1379	  x6:0x0095f7c8  x7=0x0095f2ab
      40635.000 ns	      4062	80000fac	208501d3	fsgnj.s	f3,f10,f8	 f10:0x00000000  f8:0x3f800000  f3=0x00000000
      40655.000 ns	      4064	80000fb0	07200313	addi	x6,x0,114	  x0:0x00000000  x6=0x00000072
      40675.000 ns	      4066	80000fb4	03642ab3	mulhsu	x21,x8,x22	  x8:0xfffff9c6 x22:0x00000000 x21=0x00000000
      40695.000 ns	      4068	80000fb8	00441e33	sll	x28,x8,x4	  x8:0xfffff9c6  x4:0xffffffff x28=0x00000000
      40715.000 ns	      4070	80000fbc	a0ca1953	flt.s	x18,f20,f12	 f20:0x44a8e000 f12:0x4e7875a4 x18=0x00000001
      40745.000 ns	      4073	80000fc0	0228b1b3	mulhu	x3,x17,x2	 x17:0x00000000  x2:0x00000000  x3=0x00000000
      40775.000 ns	      4076	80000fc4	d01fb653	fcvt.s.wu	f12,x31	 x31:0x80040fe4 f12=0x4f000410
      40805.000 ns	      4079	80000fc8	d010c153	fcvt.s.wu	f2,x1	  x1:0x7fffffff  f2=0x4f000000
      40835.000 ns	      4082	80000fcc	0333e033	rem	x0,x7,x19	  x7:0x0095f2ab x19:0x00000000
      40855.000 ns	      4084	80000fd0	00de87b3	add	x15,x29,x13	 x29:0x00000000 x13:0xffffffef x15=0xffffffef
      40865.000 ns	      4085	80000fd4	000976b3	and	x13,x18,x0	 x18:0x00000001  x0:0x00000000 x13=0x00000000
      40875.000 ns	      4086	80000fd8	00000013	addi	x0,x0,0	  x0:0x00000000
      40885.000 ns	      4087	80000fdc	0134ca33	xor	x20,x9,x19	  x9:0x80041024 x19:0x00000000 x20=0x80041024
      40905.000 ns	      4089	80000fe0	038fdeb3	divu	x29,x31,x24	 x31:0x80040fe4 x24:0x00000000 x29=0xffffffff
      40925.000 ns	      4091	80000fe4	00da5693	srli	x13,x20,0xd	 x20:0x00000001 x13=0x00040020
      40935.000 ns	      4092	80000fe8	00000013	addi	x0,x0,0	  x0:0x00000000
      40945.000 ns	      4093	80000fec	09fb4c93	xori	x25,x22,159	 x22:0x00000000 x25=0x0000009f
      40955.000 ns	      4094	80000ff0	03b82293	slti	x5,x16,59	 x16:0xffffffff  x5=0x00000001
      40965.000 ns	      4095	80000ff4	40d7d113	srai	x2,x15,0xd	 x15:0xffffffef  x2=0xffffffff
      40975.000 ns	      4096	80000ff8	6eeb7a13	andi	x20,x22,1774	 x22:0x00000000 x20=0x00000000
      40985.000 ns	      4097	80000ffc	7b343693	sltiu	x13,x8,1971	  x8:0xfffff9c6 x13=0x00000000
      41005.000 ns	      4099	80001000	208793d3	fsgnjn.s	f7,f15,f8	 f15:0x44a8e000  f8:0x3f800000  f7=0xc4a8e000
      41025.000 ns	      4101	80001004	dae84693	xori	x13,x16,-594	 x16:0xffffffff x13=0x00000251
      41045.000 ns	      4103	80001008	a0f42b53	feq.s	x22,f8,f15	  f8:0x3f800000 f15:0x44a8e000 x22=0x00000000
      41085.000 ns	      4107	8000100c	11788ad3	fmul.s	f21,f17,f23	 f17:0x7fc00000 f23:0x44a8e000 f21=0x7fc00000
      41455.000 ns	      4144	80001010	02be5a33	divu	x20,x28,x11	 x28:0x00000000 x11:0xfffff8d0 x20=0x00000000
      41485.000 ns	      4147	80001014	f00380d3	fmv.w.x	f1,x7	  x7:0x0095f2ab  f1=0x0095f2ab
      41505.000 ns	      4149	80001018	45450b93	addi	x23,x10,1108	 x10:0xc1e296ff x23=0xc1e29b53
      41515.000 ns	      4150	8000101c	8f1ef817	auipc	x16,0x8f1ef	 x16=0x0f1f001c
      41535.000 ns	      4152	80001020	d01e3c53	fcvt.s.wu	f24,x28	 x28:0x00000000 f24=0x00000000
      41555.000 ns	      4154	80001024	00362ab3	slt	x21,x12,x3	 x12:0x00000000  x3:0x00000000 x21=0x00000000
      41565.000 ns	      4155	80001028	1eb02693	slti	x13,x0,491	  x0:0x00000000 x13=0x00000001
      41585.000 ns	      4157	8000102c	e00d8cd3	fmv.x.w	x25,f27	 f27:0x80000000 x25=0x80000000
      41605.000 ns	      4159	80001030	008f6933	or	x18,x30,x8	 x30:0xc1e296ff  x8:0xfffff9c6 x18=0xffffffff
      41625.000 ns	      4161	80001034	20771dd3	fsgnjn.s	f27,f14,f7	 f14:0xfffbefdb  f7:0xc4a8e000 f27=0x7ffbefdb
      41655.000 ns	      4164	80001038	02731bb3	mulh	x23,x6,x7	  x6:0x00000072  x7:0x0095f2ab x23=0x00000000
      42025.000 ns	      4201	8000103c	02a7ef33	rem	x30,x15,x10	 x15:0xffffffef x10:0xc1e296ff x30=0xffffffef
      42055.000 ns	      4204	80001040	d0034ad3	fcvt.s.w	f21,x6	  x6:0x00000072 f21=0x42e40000
      42075.000 ns	      4206	80001044	0077a8b3	slt	x17,x15,x7	 x15:0xffffffef  x7:0x0095f2ab x17=0x00000001
      42095.000 ns	      4208	80001048	f0038c53	fmv.w.x	f24,x7	  x7:0x0095f2ab f24=0x0095f2ab
      42115.000 ns	      4210	8000104c	009b2733	slt	x14,x22,x9	 x22:0x00000000  x9:0x80041024 x14=0x00000000
      42135.000 ns	      4212	80001050	205f1753	fsgnjn.s	f14,f30,f5	 f30:0x00000000  f5:0x44a8e000 f14=0x80000000
      42155.000 ns	      4214	80001054	01806e33	or	x28,x0,x24	  x0:0x00000000 x24:0x00000000 x28=0x00000000
      42165.000 ns	      4215	80001058	c92ee617	auipc	x12,0xc92ee	 x12=0x492ef058
      42185.000 ns	      4217	8000105c	c01b4e53	fcvt.wu.s	x28,f22	 f22:0x942925c5 x28=0x00000000
      42555.000 ns	      4254	80001060	03f9e1b3	rem	x3,x19,x31	 x19:0x00000000 x31:0x80040fe4  x3=0x00000000
      42585.000 ns	      4257	80001064	e0048e53	fmv.x.w	x28,f9	  f9:0x80000000 x28=0x80000000
      42605.000 ns	      4259	80001068	a0fecab7	lui	x21,0xa0fec	 x21=0xa0fec000
      42625.000 ns	      4261	8000106c	29cd07d3	fmin.s	f15,f26,f28	 f26:0xce7875a4 f28:0x7fc00000 f15=0xce7875a4
      42645.000 ns	      4263	80001070	14b24013	xori	x0,x4,331	  x4:0xffffffff
      42685.000 ns	      4267	80001074	01777cd3	fadd.s	f25,f14,f23	 f14:0x80000000 f23:0x44a8e000 f25=0x44a8e000
      42705.000 ns	      4269	80001078	00d2d6b3	srl	x13,x5,x13	  x5:0x00000001 x13:0x00000001 x13=0x00000000
      42725.000 ns	      4271	8000107c	28510753	fmin.s	f14,f2,f5	  f2:0x4f000000  f5:0x44a8e000 f14=0x44a8e000
      42755.000 ns	      4274	80001080	e0080b53	fmv.x.w	x22,f16	 f16:0x7fc00000 x22=0x7fc00000
      42785.000 ns	      4277	80001084	a0b31853	flt.s	x16,f6,f11	  f6:0x7fc00000 f11:0x80000000 x16=0x00000000
      42815.000 ns	      4280	80001088	a00badd3	feq.s	x27,f23,f0	 f23:0x44a8e000  f0:0x00000000 x27=0x00000000
      42845.000 ns	      4283	8000108c	21fe8d53	fsgnj.s	f26,f29,f31	 f29:0x44a8e000 f31:0xcdcd1d00 f26=0xc4a8e000
      42875.000 ns	      4286	80001090	21b09b53	fsgnjn.s	f22,f1,f27	  f1:0x0095f2ab f27:0x7ffbefdb f22=0x8095f2ab
      43245.000 ns	      4323	80001094	03c24633	div	x12,x4,x28	  x4:0xffffffff x28:0x80000000 x12=0x00000000
      43275.000 ns	      4326	80001098	03b8f433	remu	x8,x17,x27	 x17:0x00000001 x27:0x00000000  x8=0x00000001
      43295.000 ns	      4328	8000109c	00000013	addi	x0,x0,0	  x0:0x00000000
      43315.000 ns	      4330	800010a0	a11221d3	feq.s	x3,f4,f17	  f4:0x7fc00000 f17:0x7fc00000  x3=0x00000000
      43345.000 ns	      4333	800010a4	02cc62b3	rem	x5,x24,x12	 x24:0x00000000 x12:0x00000000  x5=0x00000000
      43365.000 ns	      4335	800010a8	40fa52b3	sra	x5,x20,x15	 x20:0x00000000 x15:0xffffffef  x5=0x00000000
      43375.000 ns	      4336	800010ac	401bd413	srai	x8,x23,0x1	 x23:0x00000000  x8=0x00000000
      43385.000 ns	      4337	800010b0	418f5833	sra	x16,x30,x24	 x30:0xffffffef x24:0x00000000 x16=0xffffffef
      43405.000 ns	      4339	800010b4	02928b33	mul	x22,x5,x9	  x5:0x00000000  x9:0x80041024 x22=0x00000000
      43455.000 ns	      4344	800010b8	01df01d3	fadd.s	f3,f30,f29	 f30:0x00000000 f29:0x44a8e000  f3=0x44a8e000
      43475.000 ns	      4346	800010bc	016045b3	xor	x11,x0,x22	  x0:0x00000000 x22:0x00000000 x11=0x00000000
      43485.000 ns	      4347	800010c0	7aa46e13	ori	x28,x8,1962	  x8:0x00000000 x28=0x000007aa
      43505.000 ns	      4349	800010c4	203b2ad3	fsgnjx.s	f21,f22,f3	 f22:0x8095f2ab  f3:0x44a8e000 f21=0x8095f2ab
      43535.000 ns	      4352	800010c8	e00580d3	fmv.x.w	x1,f11	 f11:0x80000000  x1=0x80000000
      43565.000 ns	      4355	800010cc	c01d79d3	fcvt.wu.s	x19,f26	 f26:0xc4a8e000 x19=0x00000547
      43605.000 ns	      4359	800010d0	11dd7e53	fmul.s	f28,f26,f29	 f26:0xc4a8e000 f29:0x44a8e000 f28=0xc9decd88
      43635.000 ns	      4362	800010d4	e00b8bd3	fmv.x.w	x23,f23	 f23:0x44a8e000 x23=0x44a8e000
      43655.000 ns	      4364	800010d8	48c76a13	ori	x20,x14,1164	 x14:0x00000000 x20=0x0000048c
      43665.000 ns	      4365	800010dc	017c4e33	xor	x28,x24,x23	 x24:0x00000000 x23:0x44a8e000 x28=0x44a8e000
      43685.000 ns	      4367	800010e0	d00e88d3	fcvt.s.w	f17,x29	 x29:0xffffffff f17=0xbf800000
      43705.000 ns	      4369	800010e4	01794333	xor	x6,x18,x23	 x18:0xffffffff x23:0x44a8e000  x6=0xbb571fff
      43715.000 ns	      4370	800010e8	41b9d033	sra	x0,x19,x27	 x19:0x00000547 x27:0x00000000
      43735.000 ns	      4372	800010ec	e00b0e53	fmv.x.w	x28,f22	 f22:0x8095f2ab x28=0x8095f2ab
      43755.000 ns	      4374	800010f0	31155c37	lui	x24,0x31155	 x24=0x31155000
      43765.000 ns	      4375	800010f4	002ad993	srli	x19,x21,0x2	 x21:0xa0fec000 x19=0x283fb000
      43795.000 ns	      4378	800010f8	580e7a53	fsqrt.s	f20,f28	 f28:0xc9decd88 f20=0x7fc00000
      43825.000 ns	      4381	800010fc	037a33b3	mulhu	x7,x20,x23	 x20:0x0000048c x23:0x44a8e000  x7=0x00000138
      43845.000 ns	      4383	80001100	013ff3b3	and	x7,x31,x19	 x31:0x80040fe4 x19:0x283fb000  x7=0x00040000
      43865.000 ns	      4385	80001104	028925b3	mulhsu	x11,x18,x8	 x18:0xffffffff  x8:0x00000000 x11=0x00000000
      43885.000 ns	      4387	80001108	f6d10413	addi	x8,x2,-147	  x2:0xffffffff  x8=0xffffff6c
      43905.000 ns	      4389	8000110c	288e1ad3	fmax.s	f21,f28,f8	 f28:0xc9decd88  f8:0x3f800000 f21=0x3f800000
      43925.000 ns	      4391	80001110	01100cb3	add	x25,x0,x17	  x0:0x00000000 x17:0x00000001 x25=0x00000001
      43945.000 ns	      4393	80001114	298c9dd3	fmax.s	f27,f25,f24	 f25:0x44a8e000 f24:0x0095f2ab f27=0x44a8e000
      43965.000 ns	      4395	80001118	c975c017	auipc	x0,0xc975c	
      43975.000 ns	      4396	8000111c	0090d333	srl	x6,x1,x9	  x1:0x80000000  x9:0x80041024  x6=0x08000000
      43995.000 ns	      4398	80001120	a0e61b53	flt.s	x22,f12,f14	 f12:0x4f000410 f14:0x44a8e000 x22=0x00000000
      44015.000 ns	      4400	80001124	00641193	slli	x3,x8,0x6	  x8:0xffffff6c  x3=0xffffdb00
      44345.000 ns	      4433	80001128	19d72e53	fdiv.s	f28,f14,f29	 f14:0x44a8e000 f29:0x44a8e000 f28=0x3f657b52
      44365.000 ns	      4435	8000112c	403a5893	srai	x17,x20,0x3	 x20:0x0000048c x17=0x00000091
      44375.000 ns	      4436	80001130	01147793	andi	x15,x8,17	  x8:0xffffff6c x15=0x00000000
      44395.000 ns	      4438	80001134	03b79733	mulh	x14,x15,x27	 x15:0xffffffef x27:0x00000000 x14=0x00000000
      44415.000 ns	      4440	80001138	73f6ff13	andi	x30,x13,1855	 x13:0x00000000 x30=0x00000000
      44435.000 ns	      4442	8000113c	02008ab3	mul	x21,x1,x0	  x1:0x80000000  x0:0x00000000 x21=0x00000000
      44455.000 ns	      4444	80001140	0102db33	srl	x22,x5,x16	  x5:0x00000000 x16:0xffffffef x22=0x00000000
      44495.000 ns	      4448	80001144	0963f553	fsub.s	f10,f7,f22	  f7:0xc4a8e000 f22:0x8095f2ab f10=0xc4a8e000
      44525.000 ns	      4451	80001148	c0087853	fcvt.w.s	x16,f16	 f16:0x7fc00000 x16=0x7fffffff
      44545.000 ns	      4453	8000114c	38fc7213	andi	x4,x24,911	 x24:0x31155000  x4=0x00000000
      44555.000 ns	      4454	80001150	0087ca33	xor	x20,x15,x8	 x15:0x00000000  x8:0xffffff6c x20=0xffffff6c
      44575.000 ns	      4456	80001154	02d550b3	divu	x1,x10,x13	 x10:0xc1e296ff x13:0x00000000  x1=0xffffffff
      44595.000 ns	      4458	80001158	001c5393	srli	x7,x24,0x1	 x24:0x31155000  x7=0x188aa800
      44615.000 ns	      4460	8000115c	c00e7ad3	fcvt.w.s	x21,f28	 f28:0x3f657b52 x21=0x00000000
      44635.000 ns	      4462	80001160	cd3d0017	auipc	x0,0xcd3d0	
      44675.000 ns	      4466	80001164	092c3ed3	fsub.s	f29,f24,f18	 f24:0x0095f2ab f18:0x446e8000 f29=0xc46e8000
      44695.000 ns	      4468	80001168	40385e33	sra	x28,x16,x3	 x16:0x7fffffff  x3:0xffffdb00 x28=0x7fffffff
      44715.000 ns	      4470	8000116c	e00011d3	fclass.s	x3,f0	  f0:0x00000000  x3=0x00000010
      44745.000 ns	      4473	80001170	c01f7153	fcvt.wu.s	x2,f30	 f30:0x00000000  x2=0x00000000
      44775.000 ns	      4476	80001174	f0090253	fmv.w.x	f4,x18	 x18:0xffffffff  f4=0xffffffff
      44805.000 ns	      4479	80001178	212aa5d3	fsgnjx.s	f11,f21,f18	 f21:0x3f800000 f18:0x446e8000 f11=0x3f800000
      44825.000 ns	      4481	8000117c	01f930b3	sltu	x1,x18,x31	 x18:0xffffffff x31:0x80040fe4  x1=0x00000000
      44835.000 ns	      4482	80001180	016faeb3	slt	x29,x31,x22	 x31:0x80040fe4 x22:0x00000000 x29=0x00000001
      44855.000 ns	      4484	80001184	d012fa53	fcvt.s.wu	f20,x5	  x5:0x00000000 f20=0x00000000
      44875.000 ns	      4486	80001188	01825e93	srli	x29,x4,0x18	  x4:0x00000000 x29=0x00000000
      44885.000 ns	      4487	8000118c	009f5b33	srl	x22,x30,x9	 x30:0x00000000  x9:0x80041024 x22=0x00000000
      44895.000 ns	      4488	80001190	0098bcb3	sltu	x25,x17,x9	 x17:0x00000091  x9:0x80041024 x25=0x00000001
      44905.000 ns	      4489	80001194	00455413	srli	x8,x10,0x4	 x10:0xc1e296ff  x8=0x0c1e296f
      44915.000 ns	      4490	80001198	015c3f33	sltu	x30,x24,x21	 x24:0x31155000 x21:0x00000000 x30=0x00000000
      44925.000 ns	      4491	8000119c	015d5913	srli	x18,x26,0x15	 x26:0x00000000 x18=0x00000000
      44935.000 ns	      4492	800011a0	01663db3	sltu	x27,x12,x22	 x12:0x00000000 x22:0x00000000 x27=0x00000000
      44945.000 ns	      4493	800011a4	f09c0793	addi	x15,x24,-247	 x24:0x31155000 x15=0x31154f09
      44965.000 ns	      4495	800011a8	d0187bd3	fcvt.s.wu	f23,x16	 x16:0x7fffffff f23=0x4effffff
      44985.000 ns	      4497	800011ac	015af8b3	and	x17,x21,x21	 x21:0x00000000 x21:0x00000000 x17=0x00000000
      45005.000 ns	      4499	800011b0	02008633	mul	x12,x1,x0	  x1:0x00000000  x0:0x00000000 x12=0x00000000
      45025.000 ns	      4501	800011b4	01f8acb3	slt	x25,x17,x31	 x17:0x00000091 x31:0x80040fe4 x25=0x00000000
      45035.000 ns	      4502	800011b8	014f3f33	sltu	x30,x30,x20	 x30:0x00000000 x20:0xffffff6c x30=0x00000001
      45045.000 ns	      4503	800011bc	f5107f13	andi	x30,x0,-175	  x0:0x00000000 x30=0x00000000
      45065.000 ns	      4505	800011c0	0256a633	mulhsu	x12,x13,x5	 x13:0x00000000  x5:0x00000000 x12=0x00000000
      45085.000 ns	      4507	800011c4	00000013	addi	x0,x0,0	  x0:0x00000000
      45105.000 ns	      4509	800011c8	c0157d53	fcvt.wu.s	x26,f10	 f10:0xc4a8e000 x26=0x00000547
      45125.000 ns	      4511	800011cc	2c642c17	auipc	x24,0x2c642	 x24=0xac6431cc
      45135.000 ns	      4512	800011d0	005955b3	srl	x11,x18,x5	 x18:0x00000000  x5:0x00000000 x11=0x00000000
      45155.000 ns	      4514	800011d4	a0ca2c53	feq.s	x24,f20,f12	 f20:0x00000000 f12:0x4f000410 x24=0x00000000
      45195.000 ns	      4518	800011d8	1854fe53	fdiv.s	f28,f9,f5	  f9:0x80000000  f5:0x44a8e000 f28=0x80000000
      45215.000 ns	      4520	800011dc	0063c7b3	xor	x15,x7,x6	  x7:0x188aa800  x6:0x08000000 x15=0x108aa800
      45235.000 ns	      4522	800011e0	28e71ad3	fmax.s	f21,f14,f14	 f14:0x44a8e000 f14:0x44a8e000 f21=0x44a8e000
      45255.000 ns	      4524	800011e4	01cb5033	srl	x0,x22,x28	 x22:0x00000000 x28:0x7fffffff
      45265.000 ns	      4525	800011e8	400206b3	sub	x13,x4,x0	  x4:0x00000000  x0:0x00000000 x13=0x00000000
      45285.000 ns	      4527	800011ec	29e21ed3	fmax.s	f29,f4,f30	  f4:0xffffffff f30:0x00000000 f29=0x00000000
      45315.000 ns	      4530	800011f0	a16aacd3	feq.s	x25,f21,f22	 f21:0x44a8e000 f22:0x8095f2ab x25=0x00000000
      45345.000 ns	      4533	800011f4	f00383d3	fmv.w.x	f7,x7	  x7:0x188aa800  f7=0x188aa800
      45715.000 ns	      4570	800011f8	02316e33	rem	x28,x2,x3	  x2:0x00000000  x3:0x00000010 x28=0x00000000
      45735.000 ns	      4572	800011fc	01869293	slli	x5,x13,0x18	 x13:0x00000000  x5=0x00000000
      45775.000 ns	      4576	80001200	094e3d53	fsub.s	f26,f28,f20	 f28:0x80000000 f20:0x00000000 f26=0x80000000
      45805.000 ns	      4579	80001204	20542b53	fsgnjx.s	f22,f8,f5	  f8:0x3f800000  f5:0x44a8e000 f22=0x3f800000
      45835.000 ns	      4582	80001208	20af9ad3	fsgnjn.s	f21,f31,f10	 f31:0xcdcd1d00 f10:0xc4a8e000 f21=0x4dcd1d00
      45865.000 ns	      4585	8000120c	e0048a53	fmv.x.w	x20,f9	  f9:0x80000000 x20=0x80000000
      45895.000 ns	      4588	80001210	d0027953	fcvt.s.w	f18,x4	  x4:0x00000000 f18=0x00000000
      46265.000 ns	      4625	80001214	037ce0b3	rem	x1,x25,x23	 x25:0x00000000 x23:0x44a8e000  x1=0x00000000
      46295.000 ns	      4628	80001218	d00ff953	fcvt.s.w	f18,x31	 x31:0x80040fe4 f18=0xcefff7e0
      46665.000 ns	      4665	8000121c	03a6f8b3	remu	x17,x13,x26	 x13:0x00000000 x26:0x00000547 x17=0x00000000
      46685.000 ns	      4667	80001220	b5d7e797	auipc	x15,0xb5d7e	 x15=0x35d7f220
      46705.000 ns	      4669	80001224	a0e71053	flt.s	x0,f14,f14	 f14:0x44a8e000 f14:0x44a8e000
      46725.000 ns	      4671	80001228	41c05413	srai	x8,x0,0x1c	  x0:0x00000000  x8=0x00000000
      46735.000 ns	      4672	8000122c	65223313	sltiu	x6,x4,1618	  x4:0x00000000  x6=0x00000001
      46745.000 ns	      4673	80001230	de723793	sltiu	x15,x4,-537	  x4:0x00000000 x15=0x00000001
      46755.000 ns	      4674	80001234	4079da33	sra	x20,x19,x7	 x19:0x283fb000  x7:0x188aa800 x20=0x283fb000
      46775.000 ns	      4676	80001238	025565b3	rem	x11,x10,x5	 x10:0xc1e296ff  x5:0x00000000 x11=0xc1e296ff
      46805.000 ns	      4679	8000123c	02c3a933	mulhsu	x18,x7,x12	  x7:0x188aa800 x12:0x00000000 x18=0x00000000
      46835.000 ns	      4682	80001240	f0040453	fmv.w.x	f8,x8	  x8:0x00000000  f8=0x00000000
      46865.000 ns	      4685	80001244	020c0bb3	mul	x23,x24,x0	 x24:0x00000000  x0:0x00000000 x23=0x00000000
      46885.000 ns	      4687	80001248	4443e113	ori	x2,x7,1092	  x7:0x188aa800  x2=0x188aac44
      47245.000 ns	      4723	8000124c	02bd7e33	remu	x28,x26,x11	 x26:0x00000547 x11:0xc1e296ff x28=0x00000547
      47265.000 ns	      4725	80001250	007665b3	or	x11,x12,x7	 x12:0x00000000  x7:0x188aa800 x11=0x188aa800
      47285.000 ns	      4727	80001254	20fc1953	fsgnjn.s	f18,f24,f15	 f24:0x0095f2ab f15:0xce7875a4 f18=0x0095f2ab
      47305.000 ns	      4729	80001258	41e68033	sub	x0,x13,x30	 x13:0x00000000 x30:0x00000000
      47315.000 ns	      4730	8000125c	41480b33	sub	x22,x16,x20	 x16:0x7fffffff x20:0x283fb000 x22=0x57c04fff
      47325.000 ns	      4731	80001260	4141db93	srai	x23,x3,0x14	  x3:0x00000010 x23=0x00000000
      47335.000 ns	      4732	80001264	8b184c13	xori	x24,x16,-1871	 x16:0x7fffffff x24=0x8000074e
      47355.000 ns	      4734	80001268	e00d0e53	fmv.x.w	x28,f26	 f26:0x80000000 x28=0x80000000
      47385.000 ns	      4737	8000126c	03db1cb3	mulh	x25,x22,x29	 x22:0x57c04fff x29:0x00000000 x25=0x00000000
      47415.000 ns	      4740	80001270	039ce433	rem	x8,x25,x25	 x25:0x00000000 x25:0x00000000  x8=0x00000000
      47435.000 ns	      4742	80001274	00000013	addi	x0,x0,0	  x0:0x00000000
      47455.000 ns	      4744	80001278	a0079f53	flt.s	x30,f15,f0	 f15:0xce7875a4  f0:0x00000000 x30=0x00000001
      47475.000 ns	      4746	8000127c	01fc1b13	slli	x22,x24,0x1f	 x24:0x8000074e x22=0x00000000
      47485.000 ns	      4747	80001280	44473817	auipc	x16,0x44473	 x16=0xc4474280
      47495.000 ns	      4748	80001284	01adf233	and	x4,x27,x26	 x27:0x00000000 x26:0x00000547  x4=0x00000000
      47505.000 ns	      4749	80001288	e470be93	sltiu	x29,x1,-441	  x1:0x00000000 x29=0x00000001
      47515.000 ns	      4750	8000128c	bcd3e213	ori	x4,x7,-1075	  x7:0x188aa800  x4=0xfffffbcd
      47535.000 ns	      4752	80001290	02d038b3	mulhu	x17,x0,x13	  x0:0x00000000 x13:0x00000000 x17=0x00000000
      47565.000 ns	      4755	80001294	e0018b53	fmv.x.w	x22,f3	  f3:0x44a8e000 x22=0x44a8e000
      47595.000 ns	      4758	80001298	a1cb9b53	flt.s	x22,f23,f28	 f23:0x4effffff f28:0x80000000 x22=0x00000000
      47625.000 ns	      4761	8000129c	036456b3	divu	x13,x8,x22	  x8:0x00000000 x22:0x44a8e000 x13=0xffffffff
      47645.000 ns	      4763	800012a0	01cf9433	sll	x8,x31,x28	 x31:0x80040fe4 x28:0x80000000  x8=0x80040fe4
      48005.000 ns	      4799	800012a4	03094733	div	x14,x18,x16	 x18:0x00000000 x16:0xc4474280 x14=0x00000000
      48025.000 ns	      4801	800012a8	1154fe17	auipc	x28,0x1154f	 x28=0x915502a8
      48045.000 ns	      4803	800012ac	02083b33	mulhu	x22,x16,x0	 x16:0xc4474280  x0:0x00000000 x22=0x00000000
      48095.000 ns	      4808	800012b0	08dff0d3	fsub.s	f1,f31,f13	 f31:0xcdcd1d00 f13:0x7fc00000  f1=0x7fc00000
      48125.000 ns	      4811	800012b4	031c8833	mul	x16,x25,x17	 x25:0x00000000 x17:0x00000000 x16=0x00000000
      48155.000 ns	      4814	800012b8	02e756b3	divu	x13,x14,x14	 x14:0x00000000 x14:0x00000000 x13=0xffffffff
      48185.000 ns	      4817	800012bc	a0ea0dd3	fle.s	x27,f20,f14	 f20:0x00000000 f14:0x44a8e000 x27=0x00000001
      48555.000 ns	      4854	800012c0	02bbc633	div	x12,x23,x11	 x23:0x00000000 x11:0x188aa800 x12=0x00000000
      48585.000 ns	      4857	800012c4	d0062dd3	fcvt.s.w	f27,x12	 x12:0x00000000 f27=0x00000000
      48615.000 ns	      4860	800012c8	0355b7b3	mulhu	x15,x11,x21	 x11:0x188aa800 x21:0x00000000 x15=0x00000000
      48645.000 ns	      4863	800012cc	030043b3	div	x7,x0,x16	  x0:0x00000000 x16:0x00000000  x7=0xffffffff
      48675.000 ns	      4866	800012d0	f0068c53	fmv.w.x	f24,x13	 x13:0xffffffff f24=0xffffffff
      49045.000 ns	      4903	800012d4	026dd733	divu	x14,x27,x6	 x27:0x00000001  x6:0x00000001 x14=0x00000001
      49065.000 ns	      4905	800012d8	df464993	xori	x19,x12,-524	 x12:0x00000000 x19=0xfffffdf4
      49095.000 ns	      4908	800012dc	5804c853	fsqrt.s	f16,f9	  f9:0x80000000 f16=0x80000000
      49115.000 ns	      4910	800012e0	db853613	sltiu	x12,x10,-584	 x10:0xc1e296ff x12=0x00000001
      49125.000 ns	      4911	800012e4	152d0a93	addi	x21,x26,338	 x26:0x00000547 x21=0x00000699
      49145.000 ns	      4913	800012e8	d0037ed3	fcvt.s.w	f29,x6	  x6:0x00000001 f29=0x3f800000
      49175.000 ns	      4916	800012ec	283618d3	fmax.s	f17,f12,f3	 f12:0x4f000410  f3:0x44a8e000 f17=0x4f000410
      49195.000 ns	      4918	800012f0	1366a613	slti	x12,x13,310	 x13:0xffffffff x12=0x00000001
      49205.000 ns	      4919	800012f4	419e03b3	sub	x7,x28,x25	 x28:0x915502a8 x25:0x00000000  x7=0x915502a8
      49225.000 ns	      4921	800012f8	20ea82d3	fsgnj.s	f5,f21,f14	 f21:0x4dcd1d00 f14:0x44a8e000  f5=0x4dcd1d00
      49255.000 ns	      4924	800012fc	a0a20c53	fle.s	x24,f4,f10	  f4:0xffffffff f10:0xc4a8e000 x24=0x00000000
      49275.000 ns	      4926	80001300	015e5eb3	srl	x29,x28,x21	 x28:0x915502a8 x21:0x00000699 x29=0x00000048
      49295.000 ns	      4928	80001304	20a30753	fsgnj.s	f14,f6,f10	  f6:0x7fc00000 f10:0xc4a8e000 f14=0xffc00000
      49315.000 ns	      4930	80001308	411751b3	sra	x3,x14,x17	 x14:0x00000001 x17:0x00000000  x3=0x00000001
      49335.000 ns	      4932	8000130c	0249bdb3	mulhu	x27,x19,x4	 x19:0xfffffdf4  x4:0xfffffbcd x27=0xfffff9c1
      49365.000 ns	      4935	80001310	d01bf2d3	fcvt.s.wu	f5,x23	 x23:0x00000000  f5=0x00000000
      49385.000 ns	      4937	80001314	000f43b3	xor	x7,x30,x0	 x30:0x00000001  x0:0x00000000  x7=0x00000001
      49395.000 ns	      4938	80001318	c980bf13	sltiu	x30,x1,-872	  x1:0x00000000 x30=0x00000001
      49435.000 ns	      4942	8000131c	01e57d53	fadd.s	f26,f10,f30	 f10:0xc4a8e000 f30:0x00000000 f26=0xc4a8e000
      49465.000 ns	      4945	80001320	20d82e53	fsgnjx.s	f28,f16,f13	 f16:0x80000000 f13:0x7fc00000 f28=0x80000000
      49495.000 ns	      4948	80001324	d00e8bd3	fcvt.s.w	f23,x29	 x29:0x00000048 f23=0x42900000
      49525.000 ns	      4951	80001328	0322f233	remu	x4,x5,x18	  x5:0x00000000 x18:0x00000000  x4=0x00000000
      49545.000 ns	      4953	8000132c	410c5993	srai	x19,x24,0x10	 x24:0x00000000 x19=0x00000000
      49555.000 ns	      4954	80001330	0158cc33	xor	x24,x17,x21	 x17:0x00000000 x21:0x00000699 x24=0x00000699
      49585.000 ns	      4957	80001334	1926f3d3	fdiv.s	f7,f13,f18	 f13:0x7fc00000 f18:0x0095f2ab  f7=0x7fc00000
      49955.000 ns	      4994	80001338	03acc733	div	x14,x25,x26	 x25:0x00000000 x26:0x00000547 x14=0x00000000
      50005.000 ns	      4999	8000133c	0809afd3	fsub.s	f31,f19,f0	 f19:0x00000000  f0:0x00000000 f31=0x80000000
      50035.000 ns	      5002	80001340	d01d9853	fcvt.s.wu	f16,x27	 x27:0xfffff9c1 f16=0x4f7ffff9
      50065.000 ns	      5005	80001344	02d88433	mul	x8,x17,x13	 x17:0x00000000 x13:0xffffffff  x8=0x00000000
      50085.000 ns	      5007	80001348	536b6213	ori	x4,x22,1334	 x22:0x00000000  x4=0x00000536
      50105.000 ns	      5009	8000134c	a04a23d3	feq.s	x7,f20,f4	 f20:0x00000000  f4:0xffffffff  x7=0x00000000
      50135.000 ns	      5012	80001350	03724f33	div	x30,x4,x23	  x4:0x00000000 x23:0x00000000 x30=0xffffffff
      50185.000 ns	      5017	80001354	09872453	fsub.s	f8,f14,f24	 f14:0xffc00000 f24:0xffffffff  f8=0x7fc00000
      50205.000 ns	      5019	80001358	01017233	and	x4,x2,x16	  x2:0x188aac44 x16:0x00000000  x4=0x00000000
      50225.000 ns	      5021	8000135c	e00f02d3	fmv.x.w	x5,f30	 f30:0x00000000  x5=0x00000000
      50245.000 ns	      5023	80001360	8a83f213	andi	x4,x7,-1880	  x7:0x00000000  x4=0x00000000
      50605.000 ns	      5059	80001364	023e7eb3	remu	x29,x28,x3	 x28:0x915502a8  x3:0x00000001 x29=0x00000000
      50625.000 ns	      5061	80001368	01c2b433	sltu	x8,x5,x28	  x5:0x00000000 x28:0x915502a8  x8=0x00000001
      50645.000 ns	      5063	8000136c	03c3bd33	mulhu	x26,x7,x28	  x7:0x00000000 x28:0x915502a8 x26=0x00000000
      50675.000 ns	      5066	80001370	f00801d3	fmv.w.x	f3,x16	 x16:0x00000000  f3=0x00000000
      50705.000 ns	      5069	80001374	a13a0653	fle.s	x12,f20,f19	 f20:0x00000000 f19:0x00000000 x12=0x00000001
      50725.000 ns	      5071	80001378	2b273b13	sltiu	x22,x14,690	 x14:0x00000000 x22=0x00000001
      50745.000 ns	      5073	8000137c	c01371d3	fcvt.wu.s	x3,f6	  f6:0x7fc00000  x3=0xffffffff
      50795.000 ns	      5078	80001380	09a825d3	fsub.s	f11,f16,f26	 f16:0x4f7ffff9 f26:0xc4a8e000 f11=0x4f7ffffe
      50815.000 ns	      5080	80001384	00a69c93	slli	x25,x13,0xa	 x13:0xffffffff x25=0xfffffc00
      50825.000 ns	      5081	80001388	41e30933	sub	x18,x6,x30	  x6:0x00000001 x30:0xffffffff x18=0x00000002
      50845.000 ns	      5083	8000138c	c016f2d3	fcvt.wu.s	x5,f13	 f13:0x7fc00000  x5=0xffffffff
      50865.000 ns	      5085	80001390	403a01b3	sub	x3,x20,x3	 x20:0x283fb000  x3:0xffffffff  x3=0x283fb001
      50875.000 ns	      5086	80001394	ead48293	addi	x5,x9,-339	  x9:0x80041024  x5=0x80040ed1
      50885.000 ns	      5087	80001398	6b89f913	andi	x18,x19,1720	 x19:0x00000000 x18=0x00000000
      50905.000 ns	      5089	8000139c	d00b47d3	fcvt.s.w	f15,x22	 x22:0x00000001 f15=0x3f800000
      50935.000 ns	      5092	800013a0	e00b8853	fmv.x.w	x16,f23	 f23:0x42900000 x16=0x42900000
      50955.000 ns	      5094	800013a4	70418137	lui	x2,0x70418	  x2=0x70418000
      50975.000 ns	      5096	800013a8	a09d2253	feq.s	x4,f26,f9	 f26:0xc4a8e000  f9:0x80000000  x4=0x00000000
      51005.000 ns	      5099	800013ac	02b68a33	mul	x20,x13,x11	 x13:0xffffffff x11:0x188aa800 x20=0xe7755800
      51035.000 ns	      5102	800013b0	e00b9ed3	fclass.s	x29,f23	 f23:0x42900000 x29=0x00000040
      51065.000 ns	      5105	800013b4	e00c0153	fmv.x.w	x2,f24	 f24:0xffffffff  x2=0xffffffff
      51095.000 ns	      5108	800013b8	d00aaad3	fcvt.s.w	f21,x21	 x21:0x00000699 f21=0x44d32000
      51125.000 ns	      5111	800013bc	a1d891d3	flt.s	x3,f17,f29	 f17:0x4f000410 f29:0x3f800000  x3=0x00000000
      51145.000 ns	      5113	800013c0	01047b33	and	x22,x8,x16	  x8:0x00000001 x16:0x42900000 x22=0x00000000
      51165.000 ns	      5115	800013c4	209d9ed3	fsgnjn.s	f29,f27,f9	 f27:0x00000000  f9:0x80000000 f29=0x00000000
      51185.000 ns	      5117	800013c8	40c05913	srai	x18,x0,0xc	  x0:0x00000000 x18=0x00000000
      51195.000 ns	      5118	800013cc	01fc72b3	and	x5,x24,x31	 x24:0x00000699 x31:0x80040fe4  x5=0x00000680
      51205.000 ns	      5119	800013d0	4116d433	sra	x8,x13,x17	 x13:0xffffffff x17:0x00000000  x8=0xffffffff
      51215.000 ns	      5120	800013d4	40cd5393	srai	x7,x26,0xc	 x26:0x00000000  x7=0x00000000
      51235.000 ns	      5122	800013d8	d01d9dd3	fcvt.s.wu	f27,x27	 x27:0xfffff9c1 f27=0x4f7ffff9
      51255.000 ns	      5124	800013dc	41da01b3	sub	x3,x20,x29	 x20:0xe7755800 x29:0x00000040  x3=0xe77557c0
      51275.000 ns	      5126	800013e0	a1e70953	fle.s	x18,f14,f30	 f14:0xffc00000 f30:0x00000000 x18=0x00000000
      52455.000 ns	      5244	800013e4	580b1bd3	fsqrt.s	f23,f22	 f22:0x3f800000 f23=0x3f7fffae
      52485.000 ns	      5247	800013e8	02bc85b3	mul	x11,x25,x11	 x25:0xfffffc00 x11:0x188aa800 x11=0xd5600000
      52515.000 ns	      5250	800013ec	20a92353	fsgnjx.s	f6,f18,f10	 f18:0x0095f2ab f10:0xc4a8e000  f6=0x8095f2ab
      52535.000 ns	      5252	800013f0	ba436693	ori	x13,x6,-1116	  x6:0x00000001 x13=0xfffffba5
      52545.000 ns	      5253	800013f4	51fa4b93	xori	x23,x20,1311	 x20:0xe7755800 x23=0xe7755d1f
      52565.000 ns	      5255	800013f8	c0021cd3	fcvt.w.s	x25,f4	  f4:0xffffffff x25=0x7fffffff
      52595.000 ns	      5258	800013fc	e0089453	fclass.s	x8,f17	 f17:0x4f000410  x8=0x00000040
      52615.000 ns	      5260	80001400	41f55c93	srai	x25,x10,0x1f	 x10:0xc1e296ff x25=0xffffffff
      52625.000 ns	      5261	80001404	ce0cfd37	lui	x26,0xce0cf	 x26=0xce0cf000
      52635.000 ns	      5262	80001408	faf90893	addi	x17,x18,-81	 x18:0x00000000 x17=0xffffffaf
      52645.000 ns	      5263	8000140c	1b6a3a13	sltiu	x20,x20,438	 x20:0xe7755800 x20=0x00000000
      52655.000 ns	      5264	80001410	cfaaab13	slti	x22,x21,-774	 x21:0x00000699 x22=0x00000000
      52675.000 ns	      5266	80001414	28ec0e53	fmin.s	f28,f24,f14	 f24:0xffffffff f14:0xffc00000 f28=0x7fc00000
      52705.000 ns	      5269	80001418	f00984d3	fmv.w.x	f9,x19	 x19:0x00000000  f9=0x00000000
      52725.000 ns	      5271	8000141c	00b251b3	srl	x3,x4,x11	  x4:0x00000000 x11:0xd5600000  x3=0x00000000
      52735.000 ns	      5272	80001420	22d0ba13	sltiu	x20,x1,557	  x1:0x00000000 x20=0x00000001
      52755.000 ns	      5274	80001424	29c093d3	fmax.s	f7,f1,f28	  f1:0x7fc00000 f28:0x7fc00000  f7=0x7fc00000
      52775.000 ns	      5276	80001428	00219a13	slli	x20,x3,0x2	  x3:0x00000000 x20=0x00000000
      52795.000 ns	      5278	8000142c	20519253	fsgnjn.s	f4,f3,f5	  f3:0x00000000  f5:0x00000000  f4=0x80000000
      52825.000 ns	      5281	80001430	d01ef3d3	fcvt.s.wu	f7,x29	 x29:0x00000040  f7=0x42800000
      52845.000 ns	      5283	80001434	0c211917	auipc	x18,0xc211	 x18=0x8c212434
      52855.000 ns	      5284	80001438	d2c58e93	addi	x29,x11,-724	 x11:0xd5600000 x29=0xd55ffd2c
      52875.000 ns	      5286	8000143c	02fe8a33	mul	x20,x29,x15	 x29:0x00000040 x15:0x00000000 x20=0x00000000
      52905.000 ns	      5289	80001440	211389d3	fsgnj.s	f19,f7,f17	  f7:0x42800000 f17:0x4f000410 f19=0x42800000
      53275.000 ns	      5326	80001444	03a36033	rem	x0,x6,x26	  x6:0x00000001 x26:0xce0cf000
      53305.000 ns	      5329	80001448	033bd2b3	divu	x5,x23,x19	 x23:0xe7755d1f x19:0x00000000  x5=0xffffffff
      53335.000 ns	      5332	8000144c	20fc9353	fsgnjn.s	f6,f25,f15	 f25:0x44a8e000 f15:0x3f800000  f6=0xc4a8e000
      53355.000 ns	      5334	80001450	01bdedb3	or	x27,x27,x27	 x27:0xfffff9c1 x27:0xfffff9c1 x27=0xfffff9c1
      53365.000 ns	      5335	80001454	35524c17	auipc	x24,0x35524	 x24=0xb5525454
      53725.000 ns	      5371	80001458	03cddc33	divu	x24,x27,x28	 x27:0xfffff9c1 x28:0x915502a8 x24=0x00000001
      53745.000 ns	      5373	8000145c	e8cae893	ori	x17,x21,-372	 x21:0x00000699 x17=0xfffffe9d
      53765.000 ns	      5375	80001460	02a998b3	mulh	x17,x19,x10	 x19:0x00000000 x10:0xc1e296ff x17=0x00000000
      53815.000 ns	      5380	80001464	09d0fbd3	fsub.s	f23,f1,f29	  f1:0x7fc00000 f29:0x00000000 f23=0x7fc00000
      53845.000 ns	      5383	80001468	e0020ad3	fmv.x.w	x21,f4	  f4:0x80000000 x21=0x80000000
      53875.000 ns	      5386	8000146c	e0081d53	fclass.s	x26,f16	 f16:0x4f7ffff9 x26=0x00000040
      53895.000 ns	      5388	80001470	801ced17	auipc	x26,0x801ce	 x26=0x001cf470
      53925.000 ns	      5391	80001474	580682d3	fsqrt.s	f5,f13	 f13:0x7fc00000  f5=0x7fc00000
      54295.000 ns	      5428	80001478	02c17eb3	remu	x29,x2,x12	  x2:0xffffffff x12:0x00000001 x29=0x00000000
      54325.000 ns	      5431	8000147c	e0008053	fmv.x.w	x0,f1	  f1:0x7fc00000
      54345.000 ns	      5433	80001480	83467793	andi	x15,x12,-1996	 x12:0x00000001 x15=0x00000000
      54355.000 ns	      5434	80001484	992d4913	xori	x18,x26,-1646	 x26:0x001cf470 x18=0xffe30de2
      54365.000 ns	      5435	80001488	002beeb3	or	x29,x23,x2	 x23:0xe7755d1f  x2:0xffffffff x29=0xffffffff
      54375.000 ns	      5436	8000148c	07280c13	addi	x24,x16,114	 x16:0x42900000 x24=0x42900072
      54395.000 ns	      5438	80001490	20a806d3	fsgnj.s	f13,f16,f10	 f16:0x4f7ffff9 f10:0xc4a8e000 f13=0xcf7ffff9
      54425.000 ns	      5441	80001494	f00202d3	fmv.w.x	f5,x4	  x4:0x00000000  f5=0x00000000
      54455.000 ns	      5444	80001498	21da9dd3	fsgnjn.s	f27,f21,f29	 f21:0x44d32000 f29:0x00000000 f27=0xc4d32000
      54485.000 ns	      5447	8000149c	d016f053	fcvt.s.wu	f0,x13	 x13:0xfffffba5  f0=0x4f7ffffb
      54525.000 ns	      5451	800014a0	580a7353	fsqrt.s	f6,f20	 f20:0x00000000  f6=0x00000000
      54545.000 ns	      5453	800014a4	01ea3c33	sltu	x24,x20,x30	 x20:0x00000000 x30:0xffffffff x24=0x00000001
      54555.000 ns	      5454	800014a8	01c99013	slli	x0,x19,0x1c	 x19:0x00000000
      54565.000 ns	      5455	800014ac	b2954a13	xori	x20,x10,-1239	 x10:0xc1e296ff x20=0x3e1d6dd6
      54585.000 ns	      5457	800014b0	0363c8b3	div	x17,x7,x22	  x7:0x00000000 x22:0x00000000 x17=0xffffffff
      54615.000 ns	      5460	800014b4	216320d3	fsgnjx.s	f1,f6,f22	  f6:0x00000000 f22:0x3f800000  f1=0x00000000
      54645.000 ns	      5463	800014b8	287c9153	fmax.s	f2,f25,f7	 f25:0x44a8e000  f7:0x42800000  f2=0x44a8e000
      54695.000 ns	      5468	800014bc	01473053	fadd.s	f0,f14,f20	 f14:0xffc00000 f20:0x00000000  f0=0x7fc00000
      54725.000 ns	      5471	800014c0	a031a2d3	feq.s	x5,f3,f3	  f3:0x00000000  f3:0x00000000  x5=0x00000001
      54755.000 ns	      5474	800014c4	d00d7553	fcvt.s.w	f10,x26	 x26:0x001cf470 f10=0x49e7a380
      54785.000 ns	      5477	800014c8	d009fdd3	fcvt.s.w	f27,x19	 x19:0x00000000 f27=0x00000000
      54825.000 ns	      5481	800014cc	10410a53	fmul.s	f20,f2,f4	  f2:0x44a8e000  f4:0x80000000 f20=0x80000000
      54855.000 ns	      5484	800014d0	d0077253	fcvt.s.w	f4,x14	 x14:0x00000000  f4=0x00000000
      54875.000 ns	      5486	800014d4	238aad93	slti	x27,x21,568	 x21:0x80000000 x27=0x00000001
      54895.000 ns	      5488	800014d8	28cd9553	fmax.s	f10,f27,f12	 f27:0x00000000 f12:0x4f000410 f10=0x4f000410
      54915.000 ns	      5490	800014dc	41015cb3	sra	x25,x2,x16	  x2:0xffffffff x16:0x42900000 x25=0xffffffff
      54925.000 ns	      5491	800014e0	55faae13	slti	x28,x21,1375	 x21:0x80000000 x28=0x00000001
      54945.000 ns	      5493	800014e4	d00199d3	fcvt.s.w	f19,x3	  x3:0x00000000 f19=0x00000000
      54965.000 ns	      5495	800014e8	40698cb3	sub	x25,x19,x6	 x19:0x00000000  x6:0x00000001 x25=0xffffffff
      54985.000 ns	      5497	800014ec	21621d53	fsgnjn.s	f26,f4,f22	  f4:0x00000000 f22:0x3f800000 f26=0x80000000
      55005.000 ns	      5499	800014f0	419705b3	sub	x11,x14,x25	 x14:0x00000000 x25:0xffffffff x11=0x00000001
      55015.000 ns	      5500	800014f4	0068d193	srli	x3,x17,0x6	 x17:0xffffffff  x3=0x03ffffff
      55025.000 ns	      5501	800014f8	3eb5b813	sltiu	x16,x11,1003	 x11:0xd5600000 x16=0x00000001
      55045.000 ns	      5503	800014fc	e0090d53	fmv.x.w	x26,f18	 f18:0x0095f2ab x26=0x0095f2ab
      55065.000 ns	      5505	80001500	2b70a813	slti	x16,x1,695	  x1:0x00000000 x16=0x00000001
      55075.000 ns	      5506	80001504	010ad713	srli	x14,x21,0x10	 x21:0x80000000 x14=0x00008000
      55085.000 ns	      5507	80001508	00000013	addi	x0,x0,0	  x0:0x00000000
      55095.000 ns	      5508	8000150c	8ad87893	andi	x17,x16,-1875	 x16:0x00000001 x17=0x00000001
      55115.000 ns	      5510	80001510	a00308d3	fle.s	x17,f6,f0	  f6:0x00000000  f0:0x7fc00000 x17=0x00000000
      55135.000 ns	      5512	80001514	00abf133	and	x2,x23,x10	 x23:0xe7755d1f x10:0xc1e296ff  x2=0xc160141f
      55495.000 ns	      5548	80001518	030b72b3	remu	x5,x22,x16	 x22:0x00000000 x16:0x00000001  x5=0x00000000
      55865.000 ns	      5585	8000151c	03caf133	remu	x2,x21,x28	 x21:0x80000000 x28:0x00000001  x2=0x00000000
      55885.000 ns	      5587	80001520	014a59b3	srl	x19,x20,x20	 x20:0x3e1d6dd6 x20:0x3e1d6dd6 x19=0x000000f8
      55915.000 ns	      5590	80001524	1090a253	fmul.s	f4,f1,f9	  f1:0x00000000  f9:0x00000000  f4=0x00000000
      55945.000 ns	      5593	80001528	21529bd3	fsgnjn.s	f23,f5,f21	  f5:0x00000000 f21:0x44d32000 f23=0x80000000
      56285.000 ns	      5627	8000152c	18c12bd3	fdiv.s	f23,f2,f12	  f2:0x44a8e000 f12:0x4f000410 f23=0x34a8e000
      56315.000 ns	      5630	80001530	038caa33	mulhsu	x20,x25,x24	 x25:0xffffffff x24:0x00000001 x20=0xffffffff
      56345.000 ns	      5633	80001534	d00372d3	fcvt.s.w	f5,x6	  x6:0x00000001  f5=0x3f800000
      56375.000 ns	      5636	80001538	e00717d3	fclass.s	x15,f14	 f14:0xffc00000 x15=0x00000200
      56405.000 ns	      5639	8000153c	03119bb3	mulh	x23,x3,x17	  x3:0x03ffffff x17:0x00000000 x23=0x00000000
      56425.000 ns	      5641	80001540	41348233	sub	x4,x9,x19	  x9:0x80041024 x19:0x000000f8  x4=0x80040f2c
      56445.000 ns	      5643	80001544	f0068f53	fmv.w.x	f30,x13	 x13:0xfffffba5 f30=0xfffffba5
      56485.000 ns	      5647	80001548	10e9fa53	fmul.s	f20,f19,f14	 f19:0x00000000 f14:0xffc00000 f20=0x7fc00000
      56505.000 ns	      5649	8000154c	005a5b13	srli	x22,x20,0x5	 x20:0xffffffff x22=0x07ffffff
      56515.000 ns	      5650	80001550	41d15413	srai	x8,x2,0x1d	  x2:0x00000000  x8=0x00000000
      56535.000 ns	      5652	80001554	03da3b33	mulhu	x22,x20,x29	 x20:0xffffffff x29:0xffffffff x22=0xfffffffe
      56555.000 ns	      5654	80001558	9cf297b7	lui	x15,0x9cf29	 x15=0x9cf29000
      56575.000 ns	      5656	8000155c	03e10b33	mul	x22,x2,x30	  x2:0x00000000 x30:0xffffffff x22=0x00000000
      56605.000 ns	      5659	80001560	d012bcd3	fcvt.s.wu	f25,x5	  x5:0x00000000 f25=0x00000000
      56635.000 ns	      5662	80001564	c0111853	fcvt.wu.s	x16,f2	  f2:0x44a8e000 x16=0x00000547
      56655.000 ns	      5664	80001568	40a55eb3	sra	x29,x10,x10	 x10:0xc1e296ff x10:0xc1e296ff x29=0xffffffff
      56675.000 ns	      5666	8000156c	02820eb3	mul	x29,x4,x8	  x4:0x80040f2c  x8:0x00000000 x29=0x00000000
      56725.000 ns	      5671	80001570	00e579d3	fadd.s	f19,f10,f14	 f10:0x4f000410 f14:0xffc00000 f19=0x7fc00000
      56755.000 ns	      5674	80001574	02a89433	mulh	x8,x17,x10	 x17:0x00000000 x10:0xc1e296ff  x8=0x00000000
      56785.000 ns	      5677	80001578	214804d3	fsgnj.s	f9,f16,f20	 f16:0x4f7ffff9 f20:0x7fc00000  f9=0x4f7ffff9
      56815.000 ns	      5680	8000157c	a0f32253	feq.s	x4,f6,f15	  f6:0x00000000 f15:0x3f800000  x4=0x00000000
      56835.000 ns	      5682	80001580	012dee33	or	x28,x27,x18	 x27:0x00000001 x18:0xffe30de2 x28=0xffe30de3
      56845.000 ns	      5683	80001584	008ce1b3	or	x3,x25,x8	 x25:0xffffffff  x8:0x00000000  x3=0xffffffff
      56855.000 ns	      5684	80001588	01fc7933	and	x18,x24,x31	 x24:0x00000001 x31:0x80040fe4 x18=0x00000000
      57215.000 ns	      5720	8000158c	03c65a33	divu	x20,x12,x28	 x12:0x00000001 x28:0xffe30de3 x20=0x00000000
      57245.000 ns	      5723	80001590	a0638e53	fle.s	x28,f7,f6	  f7:0x42800000  f6:0x00000000 x28=0x00000000
      57265.000 ns	      5725	80001594	40a55013	srai	x0,x10,0xa	 x10:0xc1e296ff
      57285.000 ns	      5727	80001598	c01f7b53	fcvt.wu.s	x22,f30	 f30:0xfffffba5 x22=0xffffffff
      57305.000 ns	      5729	8000159c	4122db93	srai	x23,x5,0x12	  x5:0x00000000 x23=0x00000000
      57325.000 ns	      5731	800015a0	29940253	fmin.s	f4,f8,f25	  f8:0x7fc00000 f25:0x00000000  f4=0x00000000
      57355.000 ns	      5734	800015a4	f00304d3	fmv.w.x	f9,x6	  x6:0x00000001  f9=0x00000001
      57375.000 ns	      5736	800015a8	01b186b3	add	x13,x3,x27	  x3:0xffffffff x27:0x00000001 x13=0x00000000
      57395.000 ns	      5738	800015ac	a0721053	flt.s	x0,f4,f7	  f4:0x00000000  f7:0x42800000
      57415.000 ns	      5740	800015b0	014a9213	slli	x4,x21,0x14	 x21:0x80000000  x4=0x00000000
      57435.000 ns	      5742	800015b4	034596b3	mulh	x13,x11,x20	 x11:0x00000001 x20:0x00000000 x13=0x00000000
      57465.000 ns	      5745	800015b8	29288b53	fmin.s	f22,f17,f18	 f17:0x4f000410 f18:0x0095f2ab f22=0x0095f2ab
      57485.000 ns	      5747	800015bc	4158d713	srai	x14,x17,0x15	 x17:0x00000000 x14=0x00000000
      57505.000 ns	      5749	800015c0	280d0053	fmin.s	f0,f26,f0	 f26:0x80000000  f0:0x7fc00000  f0=0x80000000
      57535.000 ns	      5752	800015c4	c0037dd3	fcvt.w.s	x27,f6	  f6:0x00000000 x27=0x00000000
      57555.000 ns	      5754	800015c8	00988833	add	x16,x17,x9	 x17:0x00000000  x9:0x80041024 x16=0x80041024
      57565.000 ns	      5755	800015cc	3faa2193	slti	x3,x20,1018	 x20:0x00000000  x3=0x00000001
      57575.000 ns	      5756	800015d0	0061e333	or	x6,x3,x6	  x3:0xffffffff  x6:0x00000001  x6=0x00000001
      57585.000 ns	      5757	800015d4	00364933	xor	x18,x12,x3	 x12:0x00000001  x3:0xffffffff x18=0x00000000
      58755.000 ns	      5874	800015d8	580bf5d3	fsqrt.s	f11,f23	 f23:0x34a8e000 f11=0x399305f6
      58805.000 ns	      5879	800015dc	01f724d3	fadd.s	f9,f14,f31	 f14:0xffc00000 f31:0x80000000  f9=0x7fc00000
      58825.000 ns	      5881	800015e0	e42aa593	slti	x11,x21,-446	 x21:0x80000000 x11=0x00000001
      58845.000 ns	      5883	800015e4	036a09b3	mul	x19,x20,x22	 x20:0x00000000 x22:0xffffffff x19=0x00000000
      58875.000 ns	      5886	800015e8	a1b1ae53	feq.s	x28,f3,f27	  f3:0x00000000 f27:0x00000000 x28=0x00000001
      58905.000 ns	      5889	800015ec	213204d3	fsgnj.s	f9,f4,f19	  f4:0x00000000 f19:0x7fc00000  f9=0x00000000
      58935.000 ns	      5892	800015f0	21021d53	fsgnjn.s	f26,f4,f16	  f4:0x00000000 f16:0x4f7ffff9 f26=0x80000000
      58965.000 ns	      5895	800015f4	c009ff53	fcvt.w.s	x30,f19	 f19:0x7fc00000 x30=0x7fffffff
      58995.000 ns	      5898	800015f8	215d15d3	fsgnjn.s	f11,f26,f21	 f26:0x80000000 f21:0x44d32000 f11=0x80000000
      59015.000 ns	      5900	800015fc	89dc7893	andi	x17,x24,-1891	 x24:0x00000001 x17=0x00000001
      59035.000 ns	      5902	80001600	28a285d3	fmin.s	f11,f5,f10	  f5:0x3f800000 f10:0x4f000410 f11=0x3f800000
      59065.000 ns	      5905	80001604	0206bc33	mulhu	x24,x13,x0	 x13:0x00000000  x0:0x00000000 x24=0x00000000
      59095.000 ns	      5908	80001608	28af9ad3	fmax.s	f21,f31,f10	 f31:0x80000000 f10:0x4f000410 f21=0x4f000410
      59125.000 ns	      5911	8000160c	a19082d3	fle.s	x5,f1,f25	  f1:0x00000000 f25:0x00000000  x5=0x00000001
      59165.000 ns	      5915	80001610	18377e53	fdiv.s	f28,f14,f3	 f14:0xffc00000  f3:0x00000000 f28=0x7fc00000
      59185.000 ns	      5917	80001614	01569293	slli	x5,x13,0x15	 x13:0x00000000  x5=0x00000000
      59205.000 ns	      5919	80001618	03c789b3	mul	x19,x15,x28	 x15:0x9cf29000 x28:0x00000001 x19=0x9cf29000
      59575.000 ns	      5956	8000161c	030a79b3	remu	x19,x20,x16	 x20:0x00000000 x16:0x80041024 x19=0x00000000
      59595.000 ns	      5958	80001620	f8225037	lui	x0,0xf8225	
      59615.000 ns	      5960	80001624	294e0053	fmin.s	f0,f28,f20	 f28:0x7fc00000 f20:0x7fc00000  f0=0x7fc00000
      59645.000 ns	      5963	80001628	a0d496d3	flt.s	x13,f9,f13	  f9:0x00000000 f13:0xcf7ffff9 x13=0x00000000
      59695.000 ns	      5968	8000162c	09dbffd3	fsub.s	f31,f23,f29	 f23:0x34a8e000 f29:0x00000000 f31=0x34a8e000
      60065.000 ns	      6005	80001630	02924833	div	x16,x4,x9	  x4:0x00000000  x9:0x80041024 x16=0x00000000
      60095.000 ns	      6008	80001634	21c81ed3	fsgnjn.s	f29,f16,f28	 f16:0x4f7ffff9 f28:0x7fc00000 f29=0xcf7ffff9
      60125.000 ns	      6011	80001638	038ced33	rem	x26,x25,x24	 x25:0xffffffff x24:0x00000000 x26=0xffffffff
      60155.000 ns	      6014	8000163c	28881a53	fmax.s	f20,f16,f8	 f16:0x4f7ffff9  f8:0x7fc00000 f20=0x4f7ffff9
      60175.000 ns	      6016	80001640	d8f97db7	lui	x27,0xd8f97	 x27=0xd8f97000
      60185.000 ns	      6017	80001644	0062c733	xor	x14,x5,x6	  x5:0x00000000  x6:0x00000001 x14=0x00000001
      60205.000 ns	      6019	80001648	e00e1b53	fclass.s	x22,f28	 f28:0x7fc00000 x22=0x00000200
      60255.000 ns	      6024	8000164c	08c24d53	fsub.s	f26,f4,f12	  f4:0x00000000 f12:0x4f000410 f26=0xcf000410
      60275.000 ns	      6026	80001650	3a87f113	andi	x2,x15,936	 x15:0x9cf29000  x2=0x00000000
      60295.000 ns	      6028	80001654	c012fbd3	fcvt.wu.s	x23,f5	  f5:0x3f800000 x23=0x00000001
      60335.000 ns	      6032	80001658	580c7053	fsqrt.s	f0,f24	 f24:0xffffffff  f0=0x7fc00000
      60355.000 ns	      6034	8000165c	00821d33	sll	x26,x4,x8	  x4:0x00000000  x8:0x00000000 x26=0x00000000
      60715.000 ns	      6070	80001660	02bed2b3	divu	x5,x29,x11	 x29:0x00000000 x11:0x00000001  x5=0x00000000
      60735.000 ns	      6072	80001664	ae6ae593	ori	x11,x21,-1306	 x21:0x80000000 x11=0xfffffae6
      60745.000 ns	      6073	80001668	01193833	sltu	x16,x18,x17	 x18:0x00000000 x17:0x00000001 x16=0x00000001
      60765.000 ns	      6075	8000166c	e0041e53	fclass.s	x28,f8	  f8:0x7fc00000 x28=0x00000200
      60785.000 ns	      6077	80001670	cad83b93	sltiu	x23,x16,-851	 x16:0x00000000 x23=0x00000001
      60795.000 ns	      6078	80001674	40fcdbb3	sra	x23,x25,x15	 x25:0xffffffff x15:0x9cf29000 x23=0xffffffff
      60835.000 ns	      6082	80001678	096cfdd3	fsub.s	f27,f25,f22	 f25:0x00000000 f22:0x0095f2ab f27=0x8095f2ab
      60865.000 ns	      6085	8000167c	a1e18f53	fle.s	x30,f3,f30	  f3:0x00000000 f30:0xfffffba5 x30=0x00000000
      60895.000 ns	      6088	80001680	e0049053	fclass.s	x0,f9	  f9:0x00000000
      60915.000 ns	      6090	80001684	00a06133	or	x2,x0,x10	  x0:0x00000000 x10:0xc1e296ff  x2=0xc1e296ff
      60935.000 ns	      6092	80001688	a18928d3	feq.s	x17,f18,f24	 f18:0x0095f2ab f24:0xffffffff x17=0x00000000
      61305.000 ns	      6129	8000168c	023153b3	divu	x7,x2,x3	  x2:0x00000000  x3:0x00000001  x7=0xc1e296ff
      61675.000 ns	      6166	80001690	02b443b3	div	x7,x8,x11	  x8:0x00000000 x11:0xfffffae6  x7=0x00000000
      61705.000 ns	      6169	80001694	e0069ad3	fclass.s	x21,f13	 f13:0xcf7ffff9 x21=0x00000002
      61735.000 ns	      6172	80001698	d01dfb53	fcvt.s.wu	f22,x27	 x27:0xd8f97000 f22=0x4f58f970
      61785.000 ns	      6177	8000169c	086af553	fsub.s	f10,f21,f6	 f21:0x4f000410  f6:0x00000000 f10=0x4f000410
      61815.000 ns	      6180	800016a0	c01afad3	fcvt.wu.s	x21,f21	 f21:0x4f000410 x21=0x80041000
      61845.000 ns	      6183	800016a4	c00a1dd3	fcvt.w.s	x27,f20	 f20:0x4f7ffff9 x27=0x7fffffff
      61865.000 ns	      6185	800016a8	a685e393	ori	x7,x11,-1432	 x11:0xfffffae6  x7=0xfffffaee
      61905.000 ns	      6189	800016ac	01d547d3	fadd.s	f15,f10,f29	 f10:0x4f000410 f29:0xcf7ffff9 f15=0xcefff7d2
      61925.000 ns	      6191	800016b0	feffe293	ori	x5,x31,-17	 x31:0x80040fe4  x5=0xffffffef
      61935.000 ns	      6192	800016b4	1a68ac93	slti	x25,x17,422	 x17:0x00000000 x25=0x00000001
      61955.000 ns	      6194	800016b8	295f0ad3	fmin.s	f21,f30,f21	 f30:0xfffffba5 f21:0x4f000410 f21=0x4f000410
      61975.000 ns	      6196	800016bc	40420bb3	sub	x23,x4,x4	  x4:0x00000000  x4:0x00000000 x23=0x00000000
      61985.000 ns	      6197	800016c0	006fb1b3	sltu	x3,x31,x6	 x31:0x80040fe4  x6:0x00000001  x3=0x00000000
      61995.000 ns	      6198	800016c4	d2324c93	xori	x25,x4,-733	  x4:0x00000000 x25=0xfffffd23
      62035.000 ns	      6202	800016c8	004e7cd3	fadd.s	f25,f28,f4	 f28:0x7fc00000  f4:0x00000000 f25=0x7fc00000
      62055.000 ns	      6204	800016cc	759dbc13	sltiu	x24,x27,1881	 x27:0x7fffffff x24=0x00000000
      62065.000 ns	      6205	800016d0	0127de13	srli	x28,x15,0x12	 x15:0x9cf29000 x28=0x0000273c
      62085.000 ns	      6207	800016d4	e0058853	fmv.x.w	x16,f11	 f11:0x3f800000 x16=0x3f800000
      62425.000 ns	      6241	800016d8	18aafb53	fdiv.s	f22,f21,f10	 f21:0x4f000410 f10:0x4f000410 f22=0x3f000410
      62455.000 ns	      6244	800016dc	2062afd3	fsgnjx.s	f31,f5,f6	  f5:0x3f800000  f6:0x00000000 f31=0x3f800000
      62485.000 ns	      6247	800016e0	034c3433	mulhu	x8,x24,x20	 x24:0x00000000 x20:0x00000000  x8=0x00000000
      62515.000 ns	      6250	800016e4	0281d933	divu	x18,x3,x8	  x3:0x00000000  x8:0x00000000 x18=0xffffffff
      62545.000 ns	      6253	800016e8	293f9553	fmax.s	f10,f31,f19	 f31:0x3f800000 f19:0x7fc00000 f10=0x3f800000
      62565.000 ns	      6255	800016ec	00825b93	srli	x23,x4,0x8	  x4:0x00000000 x23=0x00000000
      62585.000 ns	      6257	800016f0	c00278d3	fcvt.w.s	x17,f4	  f4:0x00000000 x17=0x00000000
      62615.000 ns	      6260	800016f4	e0050cd3	fmv.x.w	x25,f10	 f10:0x3f800000 x25=0x3f800000
      62635.000 ns	      6262	800016f8	01d442b3	xor	x5,x8,x29	  x8:0x00000000 x29:0x00000000  x5=0x00000000
      62645.000 ns	      6263	800016fc	af597c93	andi	x25,x18,-1291	 x18:0xffffffff x25=0xfffffaf5
      62685.000 ns	      6267	80001700	00af7953	fadd.s	f18,f30,f10	 f30:0xfffffba5 f10:0x3f800000 f18=0x7fc00000
      62725.000 ns	      6271	80001704	11f728d3	fmul.s	f17,f14,f31	 f14:0xffc00000 f31:0x3f800000 f17=0x7fc00000
      62745.000 ns	      6273	80001708	00b02033	slt	x0,x0,x11	  x0:0x00000000 x11:0xfffffae6
      62765.000 ns	      6275	8000170c	21be0253	fsgnj.s	f4,f28,f27	 f28:0x7fc00000 f27:0x8095f2ab  f4=0xffc00000
      62785.000 ns	      6277	80001710	019d9713	slli	x14,x27,0x19	 x27:0x7fffffff x14=0xfe000000
      62795.000 ns	      6278	80001714	0139cdb3	xor	x27,x19,x19	 x19:0x00000000 x19:0x00000000 x27=0x00000000
      62805.000 ns	      6279	80001718	4b1ad217	auipc	x4,0x4b1ad	  x4=0xcb1ae718
      62815.000 ns	      6280	8000171c	1132ab13	slti	x22,x5,275	  x5:0x00000000 x22=0x00000001
      62835.000 ns	      6282	80001720	282b1fd3	fmax.s	f31,f22,f2	 f22:0x3f000410  f2:0x44a8e000 f31=0x44a8e000
      62865.000 ns	      6285	80001724	a1e02953	feq.s	x18,f0,f30	  f0:0x7fc00000 f30:0xfffffba5 x18=0x00000000
      62885.000 ns	      6287	80001728	40795813	srai	x16,x18,0x7	 x18:0xffffffff x16=0x00000000
      62895.000 ns	      6288	8000172c	0081d993	srli	x19,x3,0x8	  x3:0x00000000 x19=0x00000000
      62915.000 ns	      6290	80001730	e00410d3	fclass.s	x1,f8	  f8:0x7fc00000  x1=0x00000200
      62935.000 ns	      6292	80001734	013d1033	sll	x0,x26,x19	 x26:0x00000000 x19:0x00000000
      62955.000 ns	      6294	80001738	209dafd3	fsgnjx.s	f31,f27,f9	 f27:0x8095f2ab  f9:0x00000000 f31=0x8095f2ab
      63325.000 ns	      6331	8000173c	026fef33	rem	x30,x31,x6	 x31:0x80040fe4  x6:0x00000001 x30=0x00000000
      63345.000 ns	      6333	80001740	9c03fb93	andi	x23,x7,-1600	  x7:0xfffffaee x23=0xfffff8c0
      63355.000 ns	      6334	80001744	2ecd4813	xori	x16,x26,748	 x26:0x00000000 x16=0x000002ec
      63375.000 ns	      6336	80001748	0252d5b3	divu	x11,x5,x5	  x5:0x00000000  x5:0x00000000 x11=0xffffffff
      63405.000 ns	      6339	8000174c	21022153	fsgnjx.s	f2,f4,f16	  f4:0xffc00000 f16:0x4f7ffff9  f2=0xffc00000
      63435.000 ns	      6342	80001750	c0177ed3	fcvt.wu.s	x29,f14	 f14:0xffc00000 x29=0xffffffff
      63805.000 ns	      6379	80001754	02c65033	divu	x0,x12,x12	 x12:0x00000001 x12:0x00000001
      63825.000 ns	      6381	80001758	52937013	andi	x0,x6,1321	  x6:0x00000001
      64185.000 ns	      6417	8000175c	03917db3	remu	x27,x2,x25	  x2:0xc1e296ff x25:0xfffffaf5 x27=0xc1e296ff
      64205.000 ns	      6419	80001760	019b8d33	add	x26,x23,x25	 x23:0xfffff8c0 x25:0xfffffaf5 x26=0xfffff3b5
      64225.000 ns	      6421	80001764	e0078b53	fmv.x.w	x22,f15	 f15:0xcefff7d2 x22=0xcefff7d2
      64255.000 ns	      6424	80001768	21061ed3	fsgnjn.s	f29,f12,f16	 f12:0x4f000410 f16:0x4f7ffff9 f29=0xcf000410
      64285.000 ns	      6427	8000176c	2006a353	fsgnjx.s	f6,f13,f0	 f13:0xcf7ffff9  f0:0x7fc00000  f6=0xcf7ffff9
      64315.000 ns	      6430	80001770	a0460653	fle.s	x12,f12,f4	 f12:0x4f000410  f4:0xffc00000 x12=0x00000000
      64365.000 ns	      6435	80001774	080d76d3	fsub.s	f13,f26,f0	 f26:0xcf000410  f0:0x7fc00000 f13=0x7fc00000
      64385.000 ns	      6437	80001778	fe878b13	addi	x22,x15,-24	 x15:0x9cf29000 x22=0x9cf28fe8
      64395.000 ns	      6438	8000177c	41c95893	srai	x17,x18,0x1c	 x18:0x00000000 x17=0x00000000
      64405.000 ns	      6439	80001780	008c42b3	xor	x5,x24,x8	 x24:0x00000000  x8:0x00000000  x5=0x00000000
      64435.000 ns	      6442	80001784	188674d3	fdiv.s	f9,f12,f8	 f12:0x4f000410  f8:0x7fc00000  f9=0x7fc00000
      64465.000 ns	      6445	80001788	036137b3	mulhu	x15,x2,x22	  x2:0xc1e296ff x22:0x9cf28fe8 x15=0x76ddc933
      64485.000 ns	      6447	8000178c	0039b033	sltu	x0,x19,x3	 x19:0x00000000  x3:0x00000000
      64505.000 ns	      6449	80001790	d007f353	fcvt.s.w	f6,x15	 x15:0x76ddc933  f6=0x4eedbb92
      64525.000 ns	      6451	80001794	011ea333	slt	x6,x29,x17	 x29:0xffffffff x17:0x00000000  x6=0x00000001
      64535.000 ns	      6452	80001798	db588113	addi	x2,x17,-587	 x17:0x00000000  x2=0xfffffdb5
      64555.000 ns	      6454	8000179c	20f61fd3	fsgnjn.s	f31,f12,f15	 f12:0x4f000410 f15:0xcefff7d2 f31=0x4f000410
      64585.000 ns	      6457	800017a0	f0010d53	fmv.w.x	f26,x2	  x2:0xc1e296ff f26=0xfffffdb5
      64605.000 ns	      6459	800017a4	ea1de613	ori	x12,x27,-351	 x27:0xc1e296ff x12=0xfffffeff
      64625.000 ns	      6461	800017a8	d01dc9d3	fcvt.s.wu	f19,x27	 x27:0xc1e296ff f19=0x4f41e297
      64645.000 ns	      6463	800017ac	013f8133	add	x2,x31,x19	 x31:0x80040fe4 x19:0x00000000  x2=0x80040fe4
      64665.000 ns	      6465	800017b0	21a894d3	fsgnjn.s	f9,f17,f26	 f17:0x7fc00000 f26:0xfffffdb5  f9=0x7fc00000
      64695.000 ns	      6468	800017b4	d01b74d3	fcvt.s.wu	f9,x22	 x22:0x9cf28fe8  f9=0x4f1cf28f
      64725.000 ns	      6471	800017b8	0333bcb3	mulhu	x25,x7,x19	  x7:0xfffffaee x19:0x00000000 x25=0x00000000
      64755.000 ns	      6474	800017bc	e0031b53	fclass.s	x22,f6	  f6:0x4eedbb92 x22=0x00000040
      64785.000 ns	      6477	800017c0	030e23b3	mulhsu	x7,x28,x16	 x28:0x0000273c x16:0x000002ec  x7=0x00000000
      64815.000 ns	      6480	800017c4	c00a9053	fcvt.w.s	x0,f21	 f21:0x4f000410
      64835.000 ns	      6482	800017c8	988fc813	xori	x16,x31,-1656	 x31:0x80040fe4 x16=0x7ffbf66c
      64855.000 ns	      6484	800017cc	28fa8b53	fmin.s	f22,f21,f15	 f21:0x4f000410 f15:0xcefff7d2 f22=0xcefff7d2
      64875.000 ns	      6486	800017d0	0261fd97	auipc	x27,0x261f	 x27=0x826207d0
      64895.000 ns	      6488	800017d4	02707bb3	remu	x23,x0,x7	  x0:0x00000000  x7:0x00000000 x23=0x00000000
      64925.000 ns	      6491	800017d8	03d7be33	mulhu	x28,x15,x29	 x15:0x76ddc933 x29:0xffffffff x28=0x76ddc932
      64945.000 ns	      6493	800017dc	c58a3293	sltiu	x5,x20,-936	 x20:0x00000000  x5=0x00000001
      64965.000 ns	      6495	800017e0	03d539b3	mulhu	x19,x10,x29	 x10:0xc1e296ff x29:0xffffffff x19=0xc1e296fe
      66145.000 ns	      6613	800017e4	580ff4d3	fsqrt.s	f9,f31	 f31:0x4f000410  f9=0x46b50a40
      66165.000 ns	      6615	800017e8	41e753b3	sra	x7,x14,x30	 x14:0xfe000000 x30:0x00000000  x7=0xfe000000
      66525.000 ns	      6651	800017ec	029bd5b3	divu	x11,x23,x9	 x23:0x00000000  x9:0x80041024 x11=0x00000000
      66545.000 ns	      6653	800017f0	40195e33	sra	x28,x18,x1	 x18:0x00000000  x1:0x00000200 x28=0x00000000
      66555.000 ns	      6654	800017f4	83cd7a97	auipc	x21,0x83cd7	 x21=0x03cd87f4
      66575.000 ns	      6656	800017f8	299986d3	fmin.s	f13,f19,f25	 f19:0x4f41e297 f25:0x7fc00000 f13=0x4f41e297
      66595.000 ns	      6658	800017fc	b85e7193	andi	x3,x28,-1147	 x28:0x00000000  x3=0x00000000
      66615.000 ns	      6660	80001800	28250553	fmin.s	f10,f10,f2	 f10:0x3f800000  f2:0xffc00000 f10=0x3f800000
      66655.000 ns	      6664	80001804	19cfa453	fdiv.s	f8,f31,f28	 f31:0x4f000410 f28:0x7fc00000  f8=0x7fc00000
      67025.000 ns	      6701	80001808	02664e33	div	x28,x12,x6	 x12:0xfffffeff  x6:0x00000001 x28=0xfffffeff
      67365.000 ns	      6735	8000180c	194513d3	fdiv.s	f7,f10,f20	 f10:0x3f800000 f20:0x4f7ffff9  f7=0x2f800000
      67395.000 ns	      6738	80001810	03c49f33	mulh	x30,x9,x28	  x9:0x80041024 x28:0xfffffeff x30=0x00000080
      67415.000 ns	      6740	80001814	aff7f113	andi	x2,x15,-1281	 x15:0x76ddc933  x2=0x76ddc833
      67775.000 ns	      6776	80001818	03555933	divu	x18,x10,x21	 x10:0xc1e296ff x21:0x03cd87f4 x18=0x00000032
      67805.000 ns	      6779	8000181c	03b91233	mulh	x4,x18,x27	 x18:0x00000000 x27:0x826207d0  x4=0xffffffe7
      67835.000 ns	      6782	80001820	a1cc82d3	fle.s	x5,f25,f28	 f25:0x7fc00000 f28:0x7fc00000  x5=0x00000000
      67855.000 ns	      6784	80001824	408f0e33	sub	x28,x30,x8	 x30:0x00000080  x8:0x00000000 x28=0x00000080
      67865.000 ns	      6785	80001828	2b38e593	ori	x11,x17,691	 x17:0x00000000 x11=0x000002b3
      67875.000 ns	      6786	8000182c	00c35393	srli	x7,x6,0xc	  x6:0x00000001  x7=0x00000000
      67905.000 ns	      6789	80001830	10ed3d53	fmul.s	f26,f26,f14	 f26:0xfffffdb5 f14:0xffc00000 f26=0x7fc00000
      67945.000 ns	      6793	80001834	104bf3d3	fmul.s	f7,f23,f4	 f23:0x34a8e000  f4:0xffc00000  f7=0x7fc00000
      67985.000 ns	      6797	80001838	11aa7653	fmul.s	f12,f20,f26	 f20:0x4f7ffff9 f26:0x7fc00000 f12=0x7fc00000
      68005.000 ns	      6799	8000183c	406bd6b3	sra	x13,x23,x6	 x23:0x00000000  x6:0x00000001 x13=0x00000000
      68015.000 ns	      6800	80001840	0185d393	srli	x7,x11,0x18	 x11:0x000002b3  x7=0x00000000
      68025.000 ns	      6801	80001844	4f4d4913	xori	x18,x26,1268	 x26:0xfffff3b5 x18=0xfffff741
      68035.000 ns	      6802	80001848	2b308793	addi	x15,x1,691	  x1:0x00000200 x15=0x000004b3
      68055.000 ns	      6804	8000184c	a0629c53	flt.s	x24,f5,f6	  f5:0x3f800000  f6:0x4eedbb92 x24=0x00000001
      68425.000 ns	      6841	80001850	036649b3	div	x19,x12,x22	 x12:0xfffffeff x22:0x00000040 x19=0xfffffffc
      68795.000 ns	      6878	80001854	02c4d833	divu	x16,x9,x12	  x9:0x80041024 x12:0xfffffeff x16=0x00000000
      68815.000 ns	      6880	80001858	00000013	addi	x0,x0,0	  x0:0x00000000
      68825.000 ns	      6881	8000185c	00cc5333	srl	x6,x24,x12	 x24:0x00000001 x12:0xfffffeff  x6=0x00000000
      68835.000 ns	      6882	80001860	4151dc33	sra	x24,x3,x21	  x3:0x00000000 x21:0x03cd87f4 x24=0x00000000
      69195.000 ns	      6918	80001864	02f5cd33	div	x26,x11,x15	 x11:0x000002b3 x15:0x000004b3 x26=0x00000000
      69215.000 ns	      6920	80001868	01da8833	add	x16,x21,x29	 x21:0x03cd87f4 x29:0xffffffff x16=0x03cd87f3
      69225.000 ns	      6921	8000186c	40a15293	srai	x5,x2,0xa	  x2:0x76ddc833  x5=0x001db772
      69245.000 ns	      6923	80001870	28808e53	fmin.s	f28,f1,f8	  f1:0x00000000  f8:0x7fc00000 f28=0x00000000
      69265.000 ns	      6925	80001874	007d3233	sltu	x4,x26,x7	 x26:0x00000000  x7:0x00000000  x4=0x00000000
      69285.000 ns	      6927	80001878	a1449e53	flt.s	x28,f9,f20	  f9:0x46b50a40 f20:0x4f7ffff9 x28=0x00000001
      69315.000 ns	      6930	8000187c	c01f79d3	fcvt.wu.s	x19,f30	 f30:0xfffffba5 x19=0xffffffff
      69335.000 ns	      6932	80001880	b9121c97	auipc	x25,0xb9121	 x25=0x39122880
      69355.000 ns	      6934	80001884	02bc1133	mulh	x2,x24,x11	 x24:0x00000000 x11:0x000002b3  x2=0x00000000
      69385.000 ns	      6937	80001888	a17baa53	feq.s	x20,f23,f23	 f23:0x34a8e000 f23:0x34a8e000 x20=0x00000001
      69405.000 ns	      6939	8000188c	8f1fef13	ori	x30,x31,-1807	 x31:0x80040fe4 x30=0xfffffff5
      70575.000 ns	      7056	80001890	580570d3	fsqrt.s	f1,f10	 f10:0x3f800000  f1=0x3f7fffae
      70605.000 ns	      7059	80001894	d0087a53	fcvt.s.w	f20,x16	 x16:0x03cd87f3 f20=0x4c7361fc
      70625.000 ns	      7061	80001898	a20fa293	slti	x5,x31,-1504	 x31:0x80040fe4  x5=0x00000001
      70635.000 ns	      7062	8000189c	013f4633	xor	x12,x30,x19	 x30:0xfffffff5 x19:0xffffffff x12=0x0000000a
      70655.000 ns	      7064	800018a0	c0168a53	fcvt.wu.s	x20,f13	 f13:0x4f41e297 x20=0xc1e29700
      70685.000 ns	      7067	800018a4	29811953	fmax.s	f18,f2,f24	  f2:0xffc00000 f24:0xffffffff f18=0x7fc00000
      70705.000 ns	      7069	800018a8	00000013	addi	x0,x0,0	  x0:0x00000000
      70725.000 ns	      7071	800018ac	a00a1253	flt.s	x4,f20,f0	 f20:0x4c7361fc  f0:0x7fc00000  x4=0x00000000
      70755.000 ns	      7074	800018b0	28da8d53	fmin.s	f26,f21,f13	 f21:0x4f000410 f13:0x4f41e297 f26=0x4f000410
      70785.000 ns	      7077	800018b4	030938b3	mulhu	x17,x18,x16	 x18:0xfffff741 x16:0x03cd87f3 x17=0x03cd87d1
      70815.000 ns	      7080	800018b8	02a08033	mul	x0,x1,x10	  x1:0x00000200 x10:0xc1e296ff
      70835.000 ns	      7082	800018bc	01697633	and	x12,x18,x22	 x18:0xfffff741 x22:0x00000040 x12=0x00000040
      70855.000 ns	      7084	800018c0	027f8933	mul	x18,x31,x7	 x31:0x80040fe4  x7:0x00000000 x18=0x00000000
      70875.000 ns	      7086	800018c4	0067f993	andi	x19,x15,6	 x15:0x000004b3 x19=0x00000002
      70895.000 ns	      7088	800018c8	02045733	divu	x14,x8,x0	  x8:0x00000000  x0:0x00000000 x14=0xffffffff
      70945.000 ns	      7093	800018cc	01f99053	fadd.s	f0,f19,f31	 f19:0x4f41e297 f31:0x4f000410  f0=0x4fa0f353
      70965.000 ns	      7095	800018d0	006577b3	and	x15,x10,x6	 x10:0xc1e296ff  x6:0x00000000 x15=0x00000000
      70975.000 ns	      7096	800018d4	00af9c13	slli	x24,x31,0xa	 x31:0x80040fe4 x24=0x103f9000
      70995.000 ns	      7098	800018d8	02307e33	remu	x28,x0,x3	  x0:0x00000000  x3:0x00000000 x28=0x00000000
      71015.000 ns	      7100	800018dc	014878b3	and	x17,x16,x20	 x16:0x03cd87f3 x20:0xc1e29700 x17=0x01c08700
      71035.000 ns	      7102	800018e0	d017fa53	fcvt.s.wu	f20,x15	 x15:0x00000000 f20=0x00000000
      71055.000 ns	      7104	800018e4	2ceb4993	xori	x19,x22,718	 x22:0x00000040 x19=0x0000028e
      71075.000 ns	      7106	800018e8	a0bd98d3	flt.s	x17,f27,f11	 f27:0x8095f2ab f11:0x3f800000 x17=0x00000001
      71105.000 ns	      7109	800018ec	0263d133	divu	x2,x7,x6	  x7:0x00000000  x6:0x00000000  x2=0xffffffff
      71125.000 ns	      7111	800018f0	0029d9b3	srl	x19,x19,x2	 x19:0x0000028e  x2:0x00000000 x19=0x00000000
      71135.000 ns	      7112	800018f4	ef75f193	andi	x3,x11,-265	 x11:0x000002b3  x3=0x000002b3
      71145.000 ns	      7113	800018f8	019d9cb3	sll	x25,x27,x25	 x27:0x826207d0 x25:0x39122880 x25=0x826207d0
      71185.000 ns	      7117	800018fc	0072bad3	fadd.s	f21,f5,f7	  f5:0x3f800000  f7:0x7fc00000 f21=0x7fc00000
      71205.000 ns	      7119	80001900	a6f2ea13	ori	x20,x5,-1425	  x5:0x00000001 x20=0xfffffa6f
      71215.000 ns	      7120	80001904	9855bd13	sltiu	x26,x11,-1659	 x11:0x000002b3 x26=0x00000001
      71235.000 ns	      7122	80001908	e0018d53	fmv.x.w	x26,f3	  f3:0x00000000 x26=0x00000000
      71265.000 ns	      7125	8000190c	c00b1f53	fcvt.w.s	x30,f22	 f22:0xcefff7d2 x30=0x80041700
      71295.000 ns	      7128	80001910	02308b33	mul	x22,x1,x3	  x1:0x00000200  x3:0x000002b3 x22=0x00056600
      71315.000 ns	      7130	80001914	49966c93	ori	x25,x12,1177	 x12:0x00000040 x25=0x000004d9
      71355.000 ns	      7134	80001918	00823c53	fadd.s	f24,f4,f8	  f4:0xffc00000  f8:0x7fc00000 f24=0x7fc00000
      71375.000 ns	      7136	8000191c	abc77813	andi	x16,x14,-1348	 x14:0xffffffff x16=0xfffffabc
      71385.000 ns	      7137	80001920	3964a693	slti	x13,x9,918	  x9:0x80041024 x13=0x00000001
      71405.000 ns	      7139	80001924	f00a01d3	fmv.w.x	f3,x20	 x20:0xfffffa6f  f3=0xfffffa6f
      71425.000 ns	      7141	80001928	41f50b33	sub	x22,x10,x31	 x10:0xc1e296ff x31:0x80040fe4 x22=0x41de871b
      71445.000 ns	      7143	8000192c	03ca6133	rem	x2,x20,x28	 x20:0xfffffa6f x28:0x00000000  x2=0xfffffa6f
      71475.000 ns	      7146	80001930	e00711d3	fclass.s	x3,f14	 f14:0xffc00000  x3=0x00000200
      71505.000 ns	      7149	80001934	c01b7d53	fcvt.wu.s	x26,f22	 f22:0xcefff7d2 x26=0x7ffbe900
      71535.000 ns	      7152	80001938	a05306d3	fle.s	x13,f6,f5	  f6:0x4eedbb92  f5:0x3f800000 x13=0x00000000
      71555.000 ns	      7154	8000193c	01e3beb3	sltu	x29,x7,x30	  x7:0x00000000 x30:0x80041700 x29=0x00000001
      71575.000 ns	      7156	80001940	c0154c53	fcvt.wu.s	x24,f10	 f10:0x3f800000 x24=0x00000001
      71595.000 ns	      7158	80001944	1856b2b7	lui	x5,0x1856b	  x5=0x1856b000
      71615.000 ns	      7160	80001948	e0038d53	fmv.x.w	x26,f7	  f7:0x7fc00000 x26=0x7fc00000
      71635.000 ns	      7162	8000194c	41908333	sub	x6,x1,x25	  x1:0x00000200 x25:0x000004d9  x6=0xfffffd27
      71645.000 ns	      7163	80001950	105a6613	ori	x12,x20,261	 x20:0xfffffa6f x12=0xfffffb6f
      71655.000 ns	      7164	80001954	01febab3	sltu	x21,x29,x31	 x29:0x00000001 x31:0x80040fe4 x21=0x00000001
      71665.000 ns	      7165	80001958	00000013	addi	x0,x0,0	  x0:0x00000000
      71685.000 ns	      7167	8000195c	037999b3	mulh	x19,x19,x23	 x19:0x00000000 x23:0x00000000 x19=0x00000000
      71715.000 ns	      7170	80001960	2052a8d3	fsgnjx.s	f17,f5,f5	  f5:0x3f800000  f5:0x3f800000 f17=0x3f800000
      71735.000 ns	      7172	80001964	6be7e093	ori	x1,x15,1726	 x15:0x00000000  x1=0x000006be
      71745.000 ns	      7173	80001968	a7176c13	ori	x24,x14,-1423	 x14:0xffffffff x24=0xffffffff
      71765.000 ns	      7175	8000196c	d0048e53	fcvt.s.w	f28,x9	  x9:0x80041024 f28=0xcefff7df
      71795.000 ns	      7178	80001970	032de133	rem	x2,x27,x18	 x27:0x826207d0 x18:0x00000000  x2=0x826207d0
      71825.000 ns	      7181	80001974	28f78853	fmin.s	f16,f15,f15	 f15:0xcefff7d2 f15:0xcefff7d2 f16=0xcefff7d2
      71855.000 ns	      7184	80001978	a101a9d3	feq.s	x19,f3,f16	  f3:0xfffffa6f f16:0x4f7ffff9 x19=0x00000000
      71885.000 ns	      7187	8000197c	03fe9b33	mulh	x22,x29,x31	 x29:0x00000001 x31:0x80040fe4 x22=0xffffffff
      71915.000 ns	      7190	80001980	f0090153	fmv.w.x	f2,x18	 x18:0x00000000  f2=0x00000000
      71955.000 ns	      7194	80001984	10fb7553	fmul.s	f10,f22,f15	 f22:0xcefff7d2 f15:0xcefff7d2 f10=0x5e7fefa4
      71975.000 ns	      7196	80001988	a7a33113	sltiu	x2,x6,-1414	  x6:0xfffffd27  x2=0x00000000
      71995.000 ns	      7198	8000198c	c01d1f53	fcvt.wu.s	x30,f26	 f26:0x4f000410 x30=0x80041000
      72025.000 ns	      7201	80001990	d00698d3	fcvt.s.w	f17,x13	 x13:0x00000000 f17=0x00000000
      72045.000 ns	      7203	80001994	40fbde33	sra	x28,x23,x15	 x23:0x00000000 x15:0x00000000 x28=0x00000000
      72055.000 ns	      7204	80001998	4035dab3	sra	x21,x11,x3	 x11:0x000002b3  x3:0x00000200 x21=0x000002b3
      72065.000 ns	      7205	8000199c	00f89333	sll	x6,x17,x15	 x17:0x00000001 x15:0x00000000  x6=0x00000001
      72075.000 ns	      7206	800019a0	7bdf4213	xori	x4,x30,1981	 x30:0x80041000  x4=0x800417bd
      72095.000 ns	      7208	800019a4	20db14d3	fsgnjn.s	f9,f22,f13	 f22:0xcefff7d2 f13:0x4f41e297  f9=0xcefff7d2
      72115.000 ns	      7210	800019a8	019cccb3	xor	x25,x25,x25	 x25:0x000004d9 x25:0x000004d9 x25=0x00000000
      72135.000 ns	      7212	800019ac	29e102d3	fmin.s	f5,f2,f30	  f2:0x00000000 f30:0xfffffba5  f5=0x00000000
      72155.000 ns	      7214	800019b0	ae5a0193	addi	x3,x20,-1307	 x20:0xfffffa6f  x3=0xfffff554
      72175.000 ns	      7216	800019b4	c01528d3	fcvt.wu.s	x17,f10	 f10:0x5e7fefa4 x17=0xffffffff
      72195.000 ns	      7218	800019b8	0cde7c13	andi	x24,x28,205	 x28:0x00000000 x24=0x00000000
      72215.000 ns	      7220	800019bc	a0b58953	fle.s	x18,f11,f11	 f11:0x3f800000 f11:0x3f800000 x18=0x00000001
      72235.000 ns	      7222	800019c0	9bbbea93	ori	x21,x23,-1605	 x23:0x00000000 x21=0xfffff9bb
      72245.000 ns	      7223	800019c4	004b32b3	sltu	x5,x22,x4	 x22:0xffffffff  x4:0x800417bd  x5=0x00000000
      72285.000 ns	      7227	800019c8	005ff553	fadd.s	f10,f31,f5	 f31:0x4f000410  f5:0x00000000 f10=0x4f000410
      72315.000 ns	      7230	800019cc	02fd01b3	mul	x3,x26,x15	 x26:0x7fc00000 x15:0x00000000  x3=0x00000000
      72345.000 ns	      7233	800019d0	d00f7f53	fcvt.s.w	f30,x30	 x30:0x80041000 f30=0xcefff7e0
      72365.000 ns	      7235	800019d4	c9f14393	xori	x7,x2,-865	  x2:0x00000000  x7=0xfffffc9f
      72375.000 ns	      7236	800019d8	41e3d093	srai	x1,x7,0x1e	  x7:0x00000000  x1=0xffffffff
      72395.000 ns	      7238	800019dc	29bc1bd3	fmax.s	f23,f24,f27	 f24:0x7fc00000 f27:0x8095f2ab f23=0x8095f2ab
      72425.000 ns	      7241	800019e0	023759b3	divu	x19,x14,x3	 x14:0xffffffff  x3:0x00000000 x19=0xffffffff
      72445.000 ns	      7243	800019e4	1bb87797	auipc	x15,0x1bb87	 x15=0x9bb889e4
      72465.000 ns	      7245	800019e8	e00b91d3	fclass.s	x3,f23	 f23:0x8095f2ab  x3=0x00000002
      72495.000 ns	      7248	800019ec	29ba8bd3	fmin.s	f23,f21,f27	 f21:0x7fc00000 f27:0x8095f2ab f23=0x8095f2ab
      72525.000 ns	      7251	800019f0	a0e10bd3	fle.s	x23,f2,f14	  f2:0x00000000 f14:0xffc00000 x23=0x00000000
      72545.000 ns	      7253	800019f4	31a10093	addi	x1,x2,794	  x2:0x00000000  x1=0x0000031a
      72565.000 ns	      7255	800019f8	d00215d3	fcvt.s.w	f11,x4	  x4:0x800417bd f11=0xcefff7d0
      72595.000 ns	      7258	800019fc	c01e96d3	fcvt.wu.s	x13,f29	 f29:0xcf000410 x13=0x80041000
      72935.000 ns	      7292	80001a00	190e78d3	fdiv.s	f17,f28,f16	 f28:0xcefff7df f16:0xcefff7d2 f17=0x3f7ff7e0
      72975.000 ns	      7296	80001a04	118bf453	fmul.s	f8,f23,f24	 f23:0x8095f2ab f24:0x7fc00000  f8=0x7fc00000
      73005.000 ns	      7299	80001a08	21d9af53	fsgnjx.s	f30,f19,f29	 f19:0x4f41e297 f29:0xcf000410 f30=0xcf41e297
      73055.000 ns	      7304	80001a0c	0043f2d3	fadd.s	f5,f7,f4	  f7:0x7fc00000  f4:0xffc00000  f5=0x7fc00000
      73085.000 ns	      7307	80001a10	216fa753	fsgnjx.s	f14,f31,f22	 f31:0x4f000410 f22:0xcefff7d2 f14=0xcf000410
      73115.000 ns	      7310	80001a14	d00742d3	fcvt.s.w	f5,x14	 x14:0xffffffff  f5=0xbf800000
      73145.000 ns	      7313	80001a18	0319b933	mulhu	x18,x19,x17	 x19:0xffffffff x17:0xffffffff x18=0xfffffffe
      73195.000 ns	      7318	80001a1c	01952dd3	fadd.s	f27,f10,f25	 f10:0x4f000410 f25:0x7fc00000 f27=0x7fc00000
      73245.000 ns	      7323	80001a20	013085d3	fadd.s	f11,f1,f19	  f1:0x3f7fffae f19:0x4f41e297 f11=0x4f41e297
      73275.000 ns	      7326	80001a24	0380c3b3	div	x7,x1,x24	  x1:0x0000031a x24:0x00000000  x7=0xffffffff
      73295.000 ns	      7328	80001a28	0c04f413	andi	x8,x9,192	  x9:0x80041024  x8=0x00000000
      73315.000 ns	      7330	80001a2c	a06117d3	flt.s	x15,f2,f6	  f2:0x00000000  f6:0x4eedbb92 x15=0x00000001
      73365.000 ns	      7335	80001a30	013c7453	fadd.s	f8,f24,f19	 f24:0x7fc00000 f19:0x4f41e297  f8=0x7fc00000
      73385.000 ns	      7337	80001a34	00a177b3	and	x15,x2,x10	  x2:0x00000000 x10:0xc1e296ff x15=0x00000000
      73395.000 ns	      7338	80001a38	02990d13	addi	x26,x18,41	 x18:0xfffffffe x26=0x00000027
      73405.000 ns	      7339	80001a3c	01fd3233	sltu	x4,x26,x31	 x26:0x7fc00000 x31:0x80040fe4  x4=0x00000001
      73425.000 ns	      7341	80001a40	a07d82d3	fle.s	x5,f27,f7	 f27:0x7fc00000  f7:0x7fc00000  x5=0x00000000
      73445.000 ns	      7343	80001a44	016f9a13	slli	x20,x31,0x16	 x31:0x80040fe4 x20=0xf9000000
      73805.000 ns	      7379	80001a48	023a50b3	divu	x1,x20,x3	 x20:0xfffffa6f  x3:0x00000002  x1=0x7c800000
      73825.000 ns	      7381	80001a4c	008a28b3	slt	x17,x20,x8	 x20:0xfffffa6f  x8:0x00000000 x17=0x00000001
      74185.000 ns	      7417	80001a50	026b6cb3	rem	x25,x22,x6	 x22:0xffffffff  x6:0x00000001 x25=0x00000000
      74205.000 ns	      7419	80001a54	00000013	addi	x0,x0,0	  x0:0x00000000
      74565.000 ns	      7455	80001a58	02bbf2b3	remu	x5,x23,x11	 x23:0x00000000 x11:0x000002b3  x5=0x00000000
      74935.000 ns	      7492	80001a5c	02976cb3	rem	x25,x14,x9	 x14:0xffffffff  x9:0x80041024 x25=0xffffffff
      74955.000 ns	      7494	80001a60	a57110b7	lui	x1,0xa5711	  x1=0xa5711000
      74975.000 ns	      7496	80001a64	d00b7853	fcvt.s.w	f16,x22	 x22:0xffffffff f16=0xbf800000
      75005.000 ns	      7499	80001a68	02f73733	mulhu	x14,x14,x15	 x14:0xffffffff x15:0x00000000 x14=0x00000000
      75035.000 ns	      7502	80001a6c	c01d2653	fcvt.wu.s	x12,f26	 f26:0x4f000410 x12=0x80041000
      75075.000 ns	      7506	80001a70	114c2ed3	fmul.s	f29,f24,f20	 f24:0x7fc00000 f20:0x00000000 f29=0x7fc00000
      75095.000 ns	      7508	80001a74	005a41b3	xor	x3,x20,x5	 x20:0xf9000000  x5:0x00000000  x3=0xf9000000
      75115.000 ns	      7510	80001a78	219d8cd3	fsgnj.s	f25,f27,f25	 f27:0x7fc00000 f25:0x7fc00000 f25=0x7fc00000
      75135.000 ns	      7512	80001a7c	01c85d93	srli	x27,x16,0x1c	 x16:0xfffffabc x27=0x0000000f
      75155.000 ns	      7514	80001a80	03a92a33	mulhsu	x20,x18,x26	 x18:0xfffffffe x26:0x00000027 x20=0xffffffff
      75185.000 ns	      7517	80001a84	a1a01bd3	flt.s	x23,f0,f26	  f0:0x4fa0f353 f26:0x4f000410 x23=0x00000000
      75215.000 ns	      7520	80001a88	21a32753	fsgnjx.s	f14,f6,f26	  f6:0x4eedbb92 f26:0x4f000410 f14=0x4eedbb92
      75235.000 ns	      7522	80001a8c	a531aa17	auipc	x20,0xa531a	 x20=0x2531ba8c
      75245.000 ns	      7523	80001a90	66c5bd93	sltiu	x27,x11,1644	 x11:0x000002b3 x27=0x00000001
      75255.000 ns	      7524	80001a94	dc052893	slti	x17,x10,-576	 x10:0xc1e296ff x17=0x00000001
      75275.000 ns	      7526	80001a98	e0091353	fclass.s	x6,f18	 f18:0x7fc00000  x6=0x00000200
      75645.000 ns	      7563	80001a9c	03364db3	div	x27,x12,x19	 x12:0x80041000 x19:0xffffffff x27=0x7ffbf000
      75675.000 ns	      7566	80001aa0	d01581d3	fcvt.s.wu	f3,x11	 x11:0x000002b3  f3=0x442cc000
      75695.000 ns	      7568	80001aa4	0103f033	and	x0,x7,x16	  x7:0xffffffff x16:0xfffffabc
      75715.000 ns	      7570	80001aa8	03178333	mul	x6,x15,x17	 x15:0x00000000 x17:0x00000001  x6=0x00000000
      75735.000 ns	      7572	80001aac	b1e34913	xori	x18,x6,-1250	  x6:0x00000200 x18=0xfffffb1e
      75755.000 ns	      7574	80001ab0	c01115d3	fcvt.wu.s	x11,f2	  f2:0x00000000 x11=0x00000000
      75775.000 ns	      7576	80001ab4	4e388693	addi	x13,x17,1251	 x17:0x00000001 x13=0x000004e4
      75795.000 ns	      7578	80001ab8	c00f25d3	fcvt.w.s	x11,f30	 f30:0xcf41e297 x11=0x80000000
      75815.000 ns	      7580	80001abc	0017cd33	xor	x26,x15,x1	 x15:0x00000000  x1:0xa5711000 x26=0xa5711000
      75825.000 ns	      7581	80001ac0	0174c8b3	xor	x17,x9,x23	  x9:0x80041024 x23:0x00000000 x17=0x80041024
      75845.000 ns	      7583	80001ac4	215b19d3	fsgnjn.s	f19,f22,f21	 f22:0xcefff7d2 f21:0x7fc00000 f19=0xcefff7d2
      75865.000 ns	      7585	80001ac8	00102c33	slt	x24,x0,x1	  x0:0x00000000  x1:0xa5711000 x24=0x00000000
      75875.000 ns	      7586	80001acc	e26eaf13	slti	x30,x29,-474	 x29:0x00000001 x30=0x00000000
      75885.000 ns	      7587	80001ad0	688aeb13	ori	x22,x21,1672	 x21:0xfffff9bb x22=0xffffffbb
      75895.000 ns	      7588	80001ad4	e0438193	addi	x3,x7,-508	  x7:0xffffffff  x3=0xfffffe03
      75905.000 ns	      7589	80001ad8	30c9ba93	sltiu	x21,x19,780	 x19:0xffffffff x21=0x00000000
      75915.000 ns	      7590	80001adc	017fd313	srli	x6,x31,0x17	 x31:0x80040fe4  x6=0x00000100
      75925.000 ns	      7591	80001ae0	3315a713	slti	x14,x11,817	 x11:0x80000000 x14=0x00000001
      75935.000 ns	      7592	80001ae4	5c89e913	ori	x18,x19,1480	 x19:0xffffffff x18=0xffffffff
      75945.000 ns	      7593	80001ae8	cc0cba93	sltiu	x21,x25,-832	 x25:0xffffffff x21=0x00000000
      75955.000 ns	      7594	80001aec	01801093	slli	x1,x0,0x18	  x0:0x00000000  x1=0x00000000
      75965.000 ns	      7595	80001af0	0101eeb3	or	x29,x3,x16	  x3:0xfffffe03 x16:0xfffffabc x29=0xfffffebf
      75985.000 ns	      7597	80001af4	a19daad3	feq.s	x21,f27,f25	 f27:0x7fc00000 f25:0x7fc00000 x21=0x00000000
      76015.000 ns	      7600	80001af8	c0144c53	fcvt.wu.s	x24,f8	  f8:0x7fc00000 x24=0xffffffff
      76035.000 ns	      7602	80001afc	01111633	sll	x12,x2,x17	  x2:0x00000000 x17:0x80041024 x12=0x00000000
      76055.000 ns	      7604	80001b00	a1782453	feq.s	x8,f16,f23	 f16:0xbf800000 f23:0x8095f2ab  x8=0x00000000
      76085.000 ns	      7607	80001b04	c01d7053	fcvt.wu.s	x0,f26	 f26:0x4f000410
      76125.000 ns	      7611	80001b08	105846d3	fmul.s	f13,f16,f5	 f16:0xbf800000  f5:0xbf800000 f13=0x3f800000
      76145.000 ns	      7613	80001b0c	41b28f33	sub	x30,x5,x27	  x5:0x00000000 x27:0x7ffbf000 x30=0x80041000
      76165.000 ns	      7615	80001b10	03518b33	mul	x22,x3,x21	  x3:0xfffffe03 x21:0x00000000 x22=0x00000000
      76195.000 ns	      7618	80001b14	e0060e53	fmv.x.w	x28,f12	 f12:0x7fc00000 x28=0x7fc00000
      76225.000 ns	      7621	80001b18	03862cb3	mulhsu	x25,x12,x24	 x12:0x00000000 x24:0xffffffff x25=0x00000000
      76245.000 ns	      7623	80001b1c	00481733	sll	x14,x16,x4	 x16:0xfffffabc  x4:0x00000001 x14=0xfffff578
      77415.000 ns	      7740	80001b20	5805abd3	fsqrt.s	f23,f11	 f11:0x4f41e297 f23=0x470918ea
      77435.000 ns	      7742	80001b24	207fb793	sltiu	x15,x31,519	 x31:0x80040fe4 x15=0x00000000
      77795.000 ns	      7778	80001b28	02baceb3	div	x29,x21,x11	 x21:0x00000000 x11:0x80000000 x29=0x00000000
      77815.000 ns	      7780	80001b2c	8e58c337	lui	x6,0x8e58c	  x6=0x8e58c000
      78175.000 ns	      7816	80001b30	03abf933	remu	x18,x23,x26	 x23:0x00000000 x26:0xa5711000 x18=0x00000000
      78205.000 ns	      7819	80001b34	a0a18ad3	fle.s	x21,f3,f10	  f3:0x442cc000 f10:0x4f000410 x21=0x00000001
      78225.000 ns	      7821	80001b38	e6e1c937	lui	x18,0xe6e1c	 x18=0xe6e1c000
      78235.000 ns	      7822	80001b3c	210be613	ori	x12,x23,528	 x23:0x00000000 x12=0x00000210
      78245.000 ns	      7823	80001b40	0145d2b3	srl	x5,x11,x20	 x11:0x80000000 x20:0x2531ba8c  x5=0x00080000
      78255.000 ns	      7824	80001b44	41d1d733	sra	x14,x3,x29	  x3:0xfffffe03 x29:0x00000000 x14=0xfffffe03
      78265.000 ns	      7825	80001b48	00000013	addi	x0,x0,0	  x0:0x00000000
      78295.000 ns	      7828	80001b4c	580b1553	fsqrt.s	f10,f22	 f22:0xcefff7d2 f10=0x7fc00000
      78325.000 ns	      7831	80001b50	c0094053	fcvt.w.s	x0,f18	 f18:0x7fc00000
      78355.000 ns	      7834	80001b54	a0ba9a53	flt.s	x20,f21,f11	 f21:0x7fc00000 f11:0x4f41e297 x20=0x00000000
      78725.000 ns	      7871	80001b58	02aae2b3	rem	x5,x21,x10	 x21:0x00000001 x10:0xc1e296ff  x5=0x00000001
      78745.000 ns	      7873	80001b5c	ac3ba037	lui	x0,0xac3ba	
      78785.000 ns	      7877	80001b60	09e7f1d3	fsub.s	f3,f15,f30	 f15:0xcefff7d2 f30:0xcf41e297  f3=0x4e83cd5c
      78815.000 ns	      7880	80001b64	02fc2b33	mulhsu	x22,x24,x15	 x24:0xffffffff x15:0x00000000 x22=0x00000000
      78845.000 ns	      7883	80001b68	e00a0053	fmv.x.w	x0,f20	 f20:0x00000000
      79215.000 ns	      7920	80001b6c	027bfe33	remu	x28,x23,x7	 x23:0x00000000  x7:0xffffffff x28=0x00000000
      79585.000 ns	      7957	80001b70	0300edb3	rem	x27,x1,x16	  x1:0x00000000 x16:0xfffffabc x27=0x00000000
      79615.000 ns	      7960	80001b74	21569c53	fsgnjn.s	f24,f13,f21	 f13:0x3f800000 f21:0x7fc00000 f24=0xbf800000
      79655.000 ns	      7964	80001b78	1824fcd3	fdiv.s	f25,f9,f2	  f9:0xcefff7d2  f2:0x00000000 f25=0xff800000
      79685.000 ns	      7967	80001b7c	f00e0bd3	fmv.w.x	f23,x28	 x28:0x00000000 f23=0x00000000
      79715.000 ns	      7970	80001b80	e0079053	fclass.s	x0,f15	 f15:0xcefff7d2
      79745.000 ns	      7973	80001b84	29861453	fmax.s	f8,f12,f24	 f12:0x7fc00000 f24:0xbf800000  f8=0xbf800000
      79795.000 ns	      7978	80001b88	094d0053	fsub.s	f0,f26,f20	 f26:0x4f000410 f20:0x00000000  f0=0x4f000410
      79825.000 ns	      7981	80001b8c	297e1bd3	fmax.s	f23,f28,f23	 f28:0xcefff7df f23:0x00000000 f23=0x00000000
      79865.000 ns	      7985	80001b90	112131d3	fmul.s	f3,f2,f18	  f2:0x00000000 f18:0x7fc00000  f3=0x7fc00000
      79895.000 ns	      7988	80001b94	03401a33	mulh	x20,x0,x20	  x0:0x00000000 x20:0x00000000 x20=0x00000000
      79945.000 ns	      7993	80001b98	0148fed3	fadd.s	f29,f17,f20	 f17:0x3f7ff7e0 f20:0x00000000 f29=0x3f7ff7e0
      79965.000 ns	      7995	80001b9c	01947433	and	x8,x8,x25	  x8:0x00000000 x25:0x00000000  x8=0x00000000
      79975.000 ns	      7996	80001ba0	0131d913	srli	x18,x3,0x13	  x3:0xfffffe03 x18=0x00001fff
      79995.000 ns	      7998	80001ba4	21f586d3	fsgnj.s	f13,f11,f31	 f11:0x4f41e297 f31:0x4f000410 f13=0x4f41e297
      80025.000 ns	      8001	80001ba8	29d38953	fmin.s	f18,f7,f29	  f7:0x7fc00000 f29:0x3f7ff7e0 f18=0x3f7ff7e0
      80045.000 ns	      8003	80001bac	31153893	sltiu	x17,x10,785	 x10:0xc1e296ff x17=0x00000000
      80075.000 ns	      8006	80001bb0	11d82d53	fmul.s	f26,f16,f29	 f16:0xbf800000 f29:0x3f7ff7e0 f26=0xbf7ff7e0
      80095.000 ns	      8008	80001bb4	405e8333	sub	x6,x29,x5	 x29:0x00000000  x5:0x00000001  x6=0xffffffff
      80105.000 ns	      8009	80001bb8	41f85193	srai	x3,x16,0x1f	 x16:0xfffffabc  x3=0xffffffff
      80125.000 ns	      8011	80001bbc	298f00d3	fmin.s	f1,f30,f24	 f30:0xcf41e297 f24:0xbf800000  f1=0xcf41e297
      80155.000 ns	      8014	80001bc0	e00d17d3	fclass.s	x15,f26	 f26:0xbf7ff7e0 x15=0x00000002
      80185.000 ns	      8017	80001bc4	a15e9253	flt.s	x4,f29,f21	 f29:0x3f7ff7e0 f21:0x7fc00000  x4=0x00000000
      80215.000 ns	      8020	80001bc8	a1c11253	flt.s	x4,f2,f28	  f2:0x00000000 f28:0xcefff7df  x4=0x00000000
      80245.000 ns	      8023	80001bcc	c014ac53	fcvt.wu.s	x24,f9	  f9:0xcefff7d2 x24=0x7ffbe900
      80615.000 ns	      8060	80001bd0	02545f33	divu	x30,x8,x5	  x8:0x00000000  x5:0x00000001 x30=0x00000000
      80645.000 ns	      8063	80001bd4	03833733	mulhu	x14,x6,x24	  x6:0xffffffff x24:0x7ffbe900 x14=0x7ffbe8ff
      80665.000 ns	      8065	80001bd8	64506a93	ori	x21,x0,1605	  x0:0x00000000 x21=0x00000645
      80675.000 ns	      8066	80001bdc	00000013	addi	x0,x0,0	  x0:0x00000000
      80685.000 ns	      8067	80001be0	48983313	sltiu	x6,x16,1161	 x16:0xfffffabc  x6=0x00000000
      80715.000 ns	      8070	80001be4	580843d3	fsqrt.s	f7,f16	 f16:0xbf800000  f7=0x7fc00000
      80745.000 ns	      8073	80001be8	a1542e53	feq.s	x28,f8,f21	  f8:0xbf800000 f21:0x7fc00000 x28=0x00000000
      80775.000 ns	      8076	80001bec	a1c19953	flt.s	x18,f3,f28	  f3:0x7fc00000 f28:0xcefff7df x18=0x00000000
      80805.000 ns	      8079	80001bf0	022f0133	mul	x2,x30,x2	 x30:0x00000000  x2:0x00000000  x2=0x00000000
      80825.000 ns	      8081	80001bf4	009a9f33	sll	x30,x21,x9	 x21:0x00000645  x9:0x80041024 x30=0x00006450
      80845.000 ns	      8083	80001bf8	a1fb1bd3	flt.s	x23,f22,f31	 f22:0xcefff7d2 f31:0x4f000410 x23=0x00000001
      80865.000 ns	      8085	80001bfc	5502d937	lui	x18,0x5502d	 x18=0x5502d000
      80885.000 ns	      8087	80001c00	28f79653	fmax.s	f12,f15,f15	 f15:0xcefff7d2 f15:0xcefff7d2 f12=0xcefff7d2
      80905.000 ns	      8089	80001c04	01165733	srl	x14,x12,x17	 x12:0x00000210 x17:0x00000000 x14=0x00000210
      81265.000 ns	      8125	80001c08	038ccbb3	div	x23,x25,x24	 x25:0x00000000 x24:0x7ffbe900 x23=0x00000000
      81295.000 ns	      8128	80001c0c	a1aa8253	fle.s	x4,f21,f26	 f21:0x7fc00000 f26:0xbf7ff7e0  x4=0x00000000
      81345.000 ns	      8133	80001c10	08018f53	fsub.s	f30,f3,f0	  f3:0x7fc00000  f0:0x4f000410 f30=0x7fc00000
      81375.000 ns	      8136	80001c14	e00218d3	fclass.s	x17,f4	  f4:0xffc00000 x17=0x00000200
      81405.000 ns	      8139	80001c18	d01892d3	fcvt.s.wu	f5,x17	 x17:0x00000000  f5=0x44000000
      81425.000 ns	      8141	80001c1c	41b45233	sra	x4,x8,x27	  x8:0x00000000 x27:0x00000000  x4=0x00000000
      81435.000 ns	      8142	80001c20	c21ad437	lui	x8,0xc21ad	  x8=0xc21ad000
      81455.000 ns	      8144	80001c24	d00d79d3	fcvt.s.w	f19,x26	 x26:0xa5711000 f19=0xceb51de0
      81475.000 ns	      8146	80001c28	0055c933	xor	x18,x11,x5	 x11:0x80000000  x5:0x00000001 x18=0x80000001
      81485.000 ns	      8147	80001c2c	1b6ca793	slti	x15,x25,438	 x25:0x00000000 x15=0x00000001
      81495.000 ns	      8148	80001c30	0000ed33	or	x26,x1,x0	  x1:0x00000000  x0:0x00000000 x26=0x00000000
      81505.000 ns	      8149	80001c34	41688eb3	sub	x29,x17,x22	 x17:0x00000200 x22:0x00000000 x29=0x00000200
      81515.000 ns	      8150	80001c38	00dbd993	srli	x19,x23,0xd	 x23:0x00000000 x19=0x00000000
      81525.000 ns	      8151	80001c3c	84e73437	lui	x8,0x84e73	  x8=0x84e73000
      81545.000 ns	      8153	80001c40	e0010ad3	fmv.x.w	x21,f2	  f2:0x00000000 x21=0x00000000
      81575.000 ns	      8156	80001c44	c00871d3	fcvt.w.s	x3,f16	 f16:0xbf800000  x3=0x00000001
      81605.000 ns	      8159	80001c48	021cc2b3	div	x5,x25,x1	 x25:0x00000000  x1:0x00000000  x5=0xffffffff
      81635.000 ns	      8162	80001c4c	e00118d3	fclass.s	x17,f2	  f2:0x00000000 x17=0x00000010
      81655.000 ns	      8164	80001c50	00c71233	sll	x4,x14,x12	 x14:0x00000210 x12:0x00000210  x4=0x02100000
      81675.000 ns	      8166	80001c54	03869e33	mulh	x28,x13,x24	 x13:0x000004e4 x24:0x7ffbe900 x28=0x00000271
      81705.000 ns	      8169	80001c58	f0060ed3	fmv.w.x	f29,x12	 x12:0x00000210 f29=0x00000210
      81725.000 ns	      8171	80001c5c	402f5a33	sra	x20,x30,x2	 x30:0x00006450  x2:0x00000000 x20=0x00006450
      81735.000 ns	      8172	80001c60	7ea58e93	addi	x29,x11,2026	 x11:0x80000000 x29=0x800007ea
      81745.000 ns	      8173	80001c64	c3f33e93	sltiu	x29,x6,-961	  x6:0x00000000 x29=0x00000001
      81755.000 ns	      8174	80001c68	00241613	slli	x12,x8,0x2	  x8:0x84e73000 x12=0x139cc000
      81775.000 ns	      8176	80001c6c	21ce0253	fsgnj.s	f4,f28,f28	 f28:0xcefff7df f28:0xcefff7df  f4=0xcefff7df
      81805.000 ns	      8179	80001c70	a10b9b53	flt.s	x22,f23,f16	 f23:0x00000000 f16:0xbf800000 x22=0x00000000
      81835.000 ns	      8182	80001c74	02551eb3	mulh	x29,x10,x5	 x10:0xc1e296ff  x5:0xffffffff x29=0x00000000
      81855.000 ns	      8184	80001c78	01c959b3	srl	x19,x18,x28	 x18:0x80000001 x28:0x00000271 x19=0x00004000
      81865.000 ns	      8185	80001c7c	008cd013	srli	x0,x25,0x8	 x25:0x00000000
      83035.000 ns	      8302	80001c80	5805b853	fsqrt.s	f16,f11	 f11:0x4f41e297 f16=0x470918ea
      83055.000 ns	      8304	80001c84	aef0f413	andi	x8,x1,-1297	  x1:0x00000000  x8=0x00000000
      83065.000 ns	      8305	80001c88	01f99a93	slli	x21,x19,0x1f	 x19:0x00004000 x21=0x00000000
      83075.000 ns	      8306	80001c8c	010ee633	or	x12,x29,x16	 x29:0x00000000 x16:0xfffffabc x12=0xfffffabc
      83105.000 ns	      8309	80001c90	180122d3	fdiv.s	f5,f2,f0	  f2:0x00000000  f0:0x4f000410  f5=0x00000000
      83135.000 ns	      8312	80001c94	21dd0fd3	fsgnj.s	f31,f26,f29	 f26:0xbf7ff7e0 f29:0x00000210 f31=0x3f7ff7e0
      83165.000 ns	      8315	80001c98	03639cb3	mulh	x25,x7,x22	  x7:0xffffffff x22:0x00000000 x25=0x00000000
      83195.000 ns	      8318	80001c9c	e00e9e53	fclass.s	x28,f29	 f29:0x00000210 x28=0x00000020
      83215.000 ns	      8320	80001ca0	013e9d13	slli	x26,x29,0x13	 x29:0x00000000 x26=0x00000000
      83235.000 ns	      8322	80001ca4	a0e51953	flt.s	x18,f10,f14	 f10:0x7fc00000 f14:0x4eedbb92 x18=0x00000000
      83275.000 ns	      8326	80001ca8	103af453	fmul.s	f8,f21,f3	 f21:0x7fc00000  f3:0x7fc00000  f8=0x7fc00000
      83295.000 ns	      8328	80001cac	40a75033	sra	x0,x14,x10	 x14:0x00000210 x10:0xc1e296ff
      83305.000 ns	      8329	80001cb0	b815a393	slti	x7,x11,-1151	 x11:0x80000000  x7=0x00000001
      83325.000 ns	      8331	80001cb4	a02a2353	feq.s	x6,f20,f2	 f20:0x00000000  f2:0x00000000  x6=0x00000001
      83355.000 ns	      8334	80001cb8	a0d699d3	flt.s	x19,f13,f13	 f13:0x4f41e297 f13:0x4f41e297 x19=0x00000000
      83385.000 ns	      8337	80001cbc	037a75b3	remu	x11,x20,x23	 x20:0x00006450 x23:0x00000000 x11=0x00006450
      83755.000 ns	      8374	80001cc0	03187c33	remu	x24,x16,x17	 x16:0xfffffabc x17:0x00000010 x24=0x0000000c
      83775.000 ns	      8376	80001cc4	01dc1333	sll	x6,x24,x29	 x24:0x7ffbe900 x29:0x00000000  x6=0x0000000c
      83795.000 ns	      8378	80001cc8	28fa1153	fmax.s	f2,f20,f15	 f20:0x00000000 f15:0xcefff7d2  f2=0x00000000
      83835.000 ns	      8382	80001ccc	58043153	fsqrt.s	f2,f8	  f8:0x7fc00000  f2=0x7fc00000
      84205.000 ns	      8419	80001cd0	02496cb3	rem	x25,x18,x4	 x18:0x00000000  x4:0x02100000 x25=0x00000000
      84235.000 ns	      8422	80001cd4	03c712b3	mulh	x5,x14,x28	 x14:0x00000210 x28:0x00000020  x5=0x00000000
      84255.000 ns	      8424	80001cd8	3122e613	ori	x12,x5,786	  x5:0xffffffff x12=0x00000312
      84265.000 ns	      8425	80001cdc	9855e913	ori	x18,x11,-1659	 x11:0x00006450 x18=0xfffffdd5
      84275.000 ns	      8426	80001ce0	483f09b7	lui	x19,0x483f0	 x19=0x483f0000
      84285.000 ns	      8427	80001ce4	bdacef13	ori	x30,x25,-1062	 x25:0x00000000 x30=0xfffffbda
      84305.000 ns	      8429	80001ce8	20f58d53	fsgnj.s	f26,f11,f15	 f11:0x4f41e297 f15:0xcefff7d2 f26=0xcf41e297
      84325.000 ns	      8431	80001cec	01751a93	slli	x21,x10,0x17	 x10:0xc1e296ff x21=0x7f800000
      84345.000 ns	      8433	80001cf0	020a1cb3	mulh	x25,x20,x0	 x20:0x00006450  x0:0x00000000 x25=0x00000000
      84375.000 ns	      8436	80001cf4	a1e88453	fle.s	x8,f17,f30	 f17:0x3f7ff7e0 f30:0x7fc00000  x8=0x00000000
      84395.000 ns	      8438	80001cf8	01c0dbb3	srl	x23,x1,x28	  x1:0x00000000 x28:0x00000020 x23=0x00000000
      84415.000 ns	      8440	80001cfc	c01c7e53	fcvt.wu.s	x28,f24	 f24:0xbf800000 x28=0x00000001
      84445.000 ns	      8443	80001d00	03797633	remu	x12,x18,x23	 x18:0xfffffdd5 x23:0x00000000 x12=0xfffffdd5
      84465.000 ns	      8445	80001d04	c7c6ed13	ori	x26,x13,-900	 x13:0x000004e4 x26=0xfffffcfc
      84485.000 ns	      8447	80001d08	28c41d53	fmax.s	f26,f8,f12	  f8:0x7fc00000 f12:0xcefff7d2 f26=0xcefff7d2
      84525.000 ns	      8451	80001d0c	10bda553	fmul.s	f10,f27,f11	 f27:0x7fc00000 f11:0x4f41e297 f10=0x7fc00000
      84895.000 ns	      8488	80001d10	033e7933	remu	x18,x28,x19	 x28:0x00000001 x19:0x483f0000 x18=0x00000001
      84915.000 ns	      8490	80001d14	016cfeb3	and	x29,x25,x22	 x25:0x00000000 x22:0x00000000 x29=0x00000000
      85275.000 ns	      8526	80001d18	02986ab3	rem	x21,x16,x9	 x16:0xfffffabc  x9:0x80041024 x21=0xfffffabc
      85295.000 ns	      8528	80001d1c	012c6233	or	x4,x24,x18	 x24:0x0000000c x18:0x00000001  x4=0x0000000d
      85305.000 ns	      8529	80001d20	40398433	sub	x8,x19,x3	 x19:0x483f0000  x3:0x00000001  x8=0x483effff
      85325.000 ns	      8531	80001d24	f00782d3	fmv.w.x	f5,x15	 x15:0x00000001  f5=0x00000001
      85695.000 ns	      8568	80001d28	030e6433	rem	x8,x28,x16	 x28:0x00000001 x16:0xfffffabc  x8=0x00000001
      85715.000 ns	      8570	80001d2c	7ba86893	ori	x17,x16,1978	 x16:0xfffffabc x17=0xffffffbe
      85725.000 ns	      8571	80001d30	6a9819b7	lui	x19,0x6a981	 x19=0x6a981000
      85745.000 ns	      8573	80001d34	a0980453	fle.s	x8,f16,f9	 f16:0x470918ea  f9:0xcefff7d2  x8=0x00000000
      86115.000 ns	      8610	80001d38	024d4d33	div	x26,x26,x4	 x26:0xfffffcfc  x4:0x0000000d x26=0xffffffc5
      86135.000 ns	      8612	80001d3c	42c73c93	sltiu	x25,x14,1068	 x14:0x00000210 x25=0x00000001
      86155.000 ns	      8614	80001d40	d004c5d3	fcvt.s.w	f11,x9	  x9:0x80041024 f11=0xcefff7e0
      86175.000 ns	      8616	80001d44	204dba93	sltiu	x21,x27,516	 x27:0x00000000 x21=0x00000001
      86185.000 ns	      8617	80001d48	41f90333	sub	x6,x18,x31	 x18:0x00000001 x31:0x80040fe4  x6=0x7ffbf01d
      86205.000 ns	      8619	80001d4c	d003cfd3	fcvt.s.w	f31,x7	  x7:0x00000001 f31=0x3f800000
      86235.000 ns	      8622	80001d50	d01d0753	fcvt.s.wu	f14,x26	 x26:0xffffffc5 f14=0x4f800000
      86265.000 ns	      8625	80001d54	022afbb3	remu	x23,x21,x2	 x21:0x00000001  x2:0x00000000 x23=0x00000001
      86305.000 ns	      8629	80001d58	107908d3	fmul.s	f17,f18,f7	 f18:0x3f7ff7e0  f7:0x7fc00000 f17=0x7fc00000
      86325.000 ns	      8631	80001d5c	01ee47b3	xor	x15,x28,x30	 x28:0x00000001 x30:0xfffffbda x15=0xfffffbdb
      86345.000 ns	      8633	80001d60	f00a85d3	fmv.w.x	f11,x21	 x21:0x00000001 f11=0x00000001
      86375.000 ns	      8636	80001d64	e00519d3	fclass.s	x19,f10	 f10:0x7fc00000 x19=0x00000200
      86395.000 ns	      8638	80001d68	00cf7bb3	and	x23,x30,x12	 x30:0xfffffbda x12:0xfffffdd5 x23=0xfffff9d0
      86405.000 ns	      8639	80001d6c	005e3cb3	sltu	x25,x28,x5	 x28:0x00000001  x5:0x00000000 x25=0x00000000
      86765.000 ns	      8675	80001d70	024e71b3	remu	x3,x28,x4	 x28:0x00000001  x4:0x0000000d  x3=0x00000001
      86795.000 ns	      8678	80001d74	e00f0ed3	fmv.x.w	x29,f30	 f30:0x7fc00000 x29=0x7fc00000
      86815.000 ns	      8680	80001d78	00cddf13	srli	x30,x27,0xc	 x27:0x00000000 x30=0x00000000
      86825.000 ns	      8681	80001d7c	5caff217	auipc	x4,0x5caff	  x4=0xdcb00d7c
      86845.000 ns	      8683	80001d80	201b1653	fsgnjn.s	f12,f22,f1	 f22:0xcefff7d2  f1:0xcf41e297 f12=0x4efff7d2
      86875.000 ns	      8686	80001d84	a1441053	flt.s	x0,f8,f20	  f8:0x7fc00000 f20:0x00000000
      86905.000 ns	      8689	80001d88	a18522d3	feq.s	x5,f10,f24	 f10:0x7fc00000 f24:0xbf800000  x5=0x00000000
      86925.000 ns	      8691	80001d8c	77f7c893	xori	x17,x15,1919	 x15:0xfffffbdb x17=0xfffffca4
      86965.000 ns	      8695	80001d90	0106a653	fadd.s	f12,f13,f16	 f13:0x4f41e297 f16:0x470918ea f12=0x4f41e320
      86985.000 ns	      8697	80001d94	00c71e33	sll	x28,x14,x12	 x14:0x00000210 x12:0xfffffdd5 x28=0x42000000
      87005.000 ns	      8699	80001d98	d0157653	fcvt.s.wu	f12,x10	 x10:0xc1e296ff f12=0x4f41e296
      87025.000 ns	      8701	80001d9c	0173dab3	srl	x21,x7,x23	  x7:0x00000001 x23:0xfffff9d0 x21=0x00000000
      87035.000 ns	      8702	80001da0	01e1b633	sltu	x12,x3,x30	  x3:0x00000001 x30:0x00000000 x12=0x00000000
      87055.000 ns	      8704	80001da4	039c3eb3	mulhu	x29,x24,x25	 x24:0x0000000c x25:0x00000000 x29=0x00000000
      87075.000 ns	      8706	80001da8	fa3c4eb7	lui	x29,0xfa3c4	 x29=0xfa3c4000
      87085.000 ns	      8707	80001dac	018c82b3	add	x5,x25,x24	 x25:0x00000000 x24:0x0000000c  x5=0x0000000c
      87095.000 ns	      8708	80001db0	016499b3	sll	x19,x9,x22	  x9:0x80041024 x22:0x00000000 x19=0x80041024
      87115.000 ns	      8710	80001db4	a00e1c53	flt.s	x24,f28,f0	 f28:0xcefff7df  f0:0x4f000410 x24=0x00000001
      87135.000 ns	      8712	80001db8	049bbb93	sltiu	x23,x23,73	 x23:0xfffff9d0 x23=0x00000000
      87165.000 ns	      8715	80001dbc	117b72d3	fmul.s	f5,f22,f23	 f22:0xcefff7d2 f23:0x00000000  f5=0x80000000
      87185.000 ns	      8717	80001dc0	013d5113	srli	x2,x26,0x13	 x26:0xffffffc5  x2=0x00001fff
      87195.000 ns	      8718	80001dc4	002b1593	slli	x11,x22,0x2	 x22:0x00000000 x11=0x00000000
      87225.000 ns	      8721	80001dc8	580afbd3	fsqrt.s	f23,f21	 f21:0x7fc00000 f23=0x7fc00000
      87275.000 ns	      8726	80001dcc	096c31d3	fsub.s	f3,f24,f22	 f24:0xbf800000 f22:0xcefff7d2  f3=0x4efff7d2
      87305.000 ns	      8729	80001dd0	a14f83d3	fle.s	x7,f31,f20	 f31:0x3f800000 f20:0x00000000  x7=0x00000000
      87325.000 ns	      8731	80001dd4	00e05713	srli	x14,x0,0xe	  x0:0x00000000 x14=0x00000000
      87335.000 ns	      8732	80001dd8	40aa5f13	srai	x30,x20,0xa	 x20:0x00006450 x30=0x00000019
      87345.000 ns	      8733	80001ddc	01b89113	slli	x2,x17,0x1b	 x17:0xfffffca4  x2=0x20000000
      87355.000 ns	      8734	80001de0	003bad33	slt	x26,x23,x3	 x23:0x00000000  x3:0x00000001 x26=0x00000001
      87365.000 ns	      8735	80001de4	5b6bbb93	sltiu	x23,x23,1462	 x23:0x00000000 x23=0x00000001
      87375.000 ns	      8736	80001de8	01b7deb3	srl	x29,x15,x27	 x15:0xfffffbdb x27:0x00000000 x29=0xfffffbdb
      87385.000 ns	      8737	80001dec	ed0b1837	lui	x16,0xed0b1	 x16=0xed0b1000
      87395.000 ns	      8738	80001df0	66c84893	xori	x17,x16,1644	 x16:0xfffffabc x17=0xed0b166c
      87405.000 ns	      8739	80001df4	caaeb793	sltiu	x15,x29,-854	 x29:0xfffffbdb x15=0x00000001
      87425.000 ns	      8741	80001df8	02b1df33	divu	x30,x3,x11	  x3:0x00000001 x11:0x00000000 x30=0xffffffff
      87465.000 ns	      8745	80001dfc	5802f4d3	fsqrt.s	f9,f5	  f5:0x80000000  f9=0x80000000
      87485.000 ns	      8747	80001e00	000c21b3	slt	x3,x24,x0	 x24:0x00000001  x0:0x00000000  x3=0x00000000
      87495.000 ns	      8748	80001e04	00bc5db3	srl	x27,x24,x11	 x24:0x00000001 x11:0x00000000 x27=0x00000001
      87515.000 ns	      8750	80001e08	02e51a33	mulh	x20,x10,x14	 x10:0xc1e296ff x14:0x00000000 x20=0x00000000
      87535.000 ns	      8752	80001e0c	59ff0c93	addi	x25,x30,1439	 x30:0xffffffff x25=0x0000059e
      87555.000 ns	      8754	80001e10	e00f9353	fclass.s	x6,f31	 f31:0x3f800000  x6=0x00000040
      87605.000 ns	      8759	80001e14	08ed9ed3	fsub.s	f29,f27,f14	 f27:0x7fc00000 f14:0x4f800000 f29=0x7fc00000
      87625.000 ns	      8761	80001e18	008807b3	add	x15,x16,x8	 x16:0xed0b1000  x8:0x00000000 x15=0xed0b1000
      87635.000 ns	      8762	80001e1c	0087a0b3	slt	x1,x15,x8	 x15:0x00000001  x8:0x00000000  x1=0x00000001
      87675.000 ns	      8766	80001e20	099db8d3	fsub.s	f17,f27,f25	 f27:0x7fc00000 f25:0xff800000 f17=0x7fc00000
      87695.000 ns	      8768	80001e24	000250b3	srl	x1,x4,x0	  x4:0xdcb00d7c  x0:0x00000000  x1=0xdcb00d7c
      87705.000 ns	      8769	80001e28	1e45ea93	ori	x21,x11,484	 x11:0x00000000 x21=0x000001e4
      87725.000 ns	      8771	80001e2c	f00b8753	fmv.w.x	f14,x23	 x23:0x00000001 f14=0x00000001
      87745.000 ns	      8773	80001e30	011afa13	andi	x20,x21,17	 x21:0x00000000 x20=0x00000000
      87755.000 ns	      8774	80001e34	00641133	sll	x2,x8,x6	  x8:0x00000000  x6:0x00000040  x2=0x00000000
      87775.000 ns	      8776	80001e38	036953b3	divu	x7,x18,x22	 x18:0x00000001 x22:0x00000000  x7=0xffffffff
      87805.000 ns	      8779	80001e3c	e00f0d53	fmv.x.w	x26,f30	 f30:0x7fc00000 x26=0x7fc00000
      87835.000 ns	      8782	80001e40	f0048e53	fmv.w.x	f28,x9	  x9:0x80041024 f28=0x80041024
      87865.000 ns	      8785	80001e44	28e188d3	fmin.s	f17,f3,f14	  f3:0x4efff7d2 f14:0x00000001 f17=0x00000001
      87905.000 ns	      8789	80001e48	18d388d3	fdiv.s	f17,f7,f13	  f7:0x7fc00000 f13:0x4f41e297 f17=0x7fc00000
      87935.000 ns	      8792	80001e4c	218084d3	fsgnj.s	f9,f1,f24	  f1:0xcf41e297 f24:0xbf800000  f9=0xcf41e297
      87965.000 ns	      8795	80001e50	02309733	mulh	x14,x1,x3	  x1:0xdcb00d7c  x3:0x00000000 x14=0x00000000
      88335.000 ns	      8832	80001e54	03e47db3	remu	x27,x8,x30	  x8:0x00000000 x30:0xffffffff x27=0x00000000
      88355.000 ns	      8834	80001e58	006f1293	slli	x5,x30,0x6	 x30:0xffffffff  x5=0xffffffc0
      88365.000 ns	      8835	80001e5c	e4754793	xori	x15,x10,-441	 x10:0xc1e296ff x15=0x3e1d68b8
      88385.000 ns	      8837	80001e60	a0d0a7d3	feq.s	x15,f1,f13	  f1:0xcf41e297 f13:0x4f41e297 x15=0x00000000
      88405.000 ns	      8839	80001e64	e6ad6c13	ori	x24,x26,-406	 x26:0x7fc00000 x24=0xfffffe6a
      88425.000 ns	      8841	80001e68	d0180f53	fcvt.s.wu	f30,x16	 x16:0xed0b1000 f30=0x4f6d0b10
      88455.000 ns	      8844	80001e6c	d01077d3	fcvt.s.wu	f15,x0	  x0:0x00000000 f15=0x00000000
      88485.000 ns	      8847	80001e70	d003f6d3	fcvt.s.w	f13,x7	  x7:0xffffffff f13=0xbf800000
      88505.000 ns	      8849	80001e74	000f9333	sll	x6,x31,x0	 x31:0x80040fe4  x0:0x00000000  x6=0x80040fe4
      88525.000 ns	      8851	80001e78	213d1dd3	fsgnjn.s	f27,f26,f19	 f26:0xcefff7d2 f19:0xceb51de0 f27=0x4efff7d2
      88555.000 ns	      8854	80001e7c	029c3d33	mulhu	x26,x24,x9	 x24:0xfffffe6a  x9:0x80041024 x26=0x80040f58
      88585.000 ns	      8857	80001e80	e0050d53	fmv.x.w	x26,f10	 f10:0x7fc00000 x26=0x7fc00000
      88615.000 ns	      8860	80001e84	02c102b3	mul	x5,x2,x12	  x2:0x00000000 x12:0x00000000  x5=0x00000000
      88635.000 ns	      8862	80001e88	00000013	addi	x0,x0,0	  x0:0x00000000
      88995.000 ns	      8898	80001e8c	0326f8b3	remu	x17,x13,x18	 x13:0x000004e4 x18:0x00000001 x17=0x00000000
      89015.000 ns	      8900	80001e90	0033b233	sltu	x4,x7,x3	  x7:0xffffffff  x3:0x00000000  x4=0x00000000
      89035.000 ns	      8902	80001e94	02cd4433	div	x8,x26,x12	 x26:0x7fc00000 x12:0x00000000  x8=0xffffffff
      89055.000 ns	      8904	80001e98	14b1af13	slti	x30,x3,331	  x3:0x00000000 x30=0x00000001
      89075.000 ns	      8906	80001e9c	c018f653	fcvt.wu.s	x12,f17	 f17:0x7fc00000 x12=0xffffffff
      89445.000 ns	      8943	80001ea0	03867f33	remu	x30,x12,x24	 x12:0x00000000 x24:0xfffffe6a x30=0x00000195
      89475.000 ns	      8946	80001ea4	f0070a53	fmv.w.x	f20,x14	 x14:0x00000000 f20=0x00000000
      89845.000 ns	      8983	80001ea8	032b7933	remu	x18,x22,x18	 x22:0x00000000 x18:0x00000001 x18=0x00000000
      89875.000 ns	      8986	80001eac	c0162dd3	fcvt.wu.s	x27,f12	 f12:0x4f41e296 x27=0xc1e29600
      89905.000 ns	      8989	80001eb0	02f50633	mul	x12,x10,x15	 x10:0xc1e296ff x15:0x00000000 x12=0x00000000
      89925.000 ns	      8991	80001eb4	017dd433	srl	x8,x27,x23	 x27:0xc1e29600 x23:0x00000001  x8=0x60f14b00
      89945.000 ns	      8993	80001eb8	a0ef81d3	fle.s	x3,f31,f14	 f31:0x3f800000 f14:0x00000001  x3=0x00000000
      89965.000 ns	      8995	80001ebc	01b606b3	add	x13,x12,x27	 x12:0x00000000 x27:0xc1e29600 x13=0xc1e29600
      90005.000 ns	      8999	80001ec0	01617a53	fadd.s	f20,f2,f22	  f2:0x7fc00000 f22:0xcefff7d2 f20=0x7fc00000
      90035.000 ns	      9002	80001ec4	20489653	fsgnjn.s	f12,f17,f4	 f17:0x7fc00000  f4:0xcefff7df f12=0x7fc00000
      90065.000 ns	      9005	80001ec8	f00b89d3	fmv.w.x	f19,x23	 x23:0x00000001 f19=0x00000001
      90085.000 ns	      9007	80001ecc	42e72c17	auipc	x24,0x42e72	 x24=0xc2e73ecc
      90105.000 ns	      9009	80001ed0	f00a0d53	fmv.w.x	f26,x20	 x20:0x00000000 f26=0x00000000
      90125.000 ns	      9011	80001ed4	84a0bd13	sltiu	x26,x1,-1974	  x1:0xdcb00d7c x26=0x00000001
      90135.000 ns	      9012	80001ed8	00000013	addi	x0,x0,0	  x0:0x00000000
      90165.000 ns	      9015	80001edc	1043f153	fmul.s	f2,f7,f4	  f7:0x7fc00000  f4:0xcefff7df  f2=0x7fc00000
      90185.000 ns	      9017	80001ee0	0173e133	or	x2,x7,x23	  x7:0xffffffff x23:0x00000001  x2=0xffffffff
      90205.000 ns	      9019	80001ee4	21501153	fsgnjn.s	f2,f0,f21	  f0:0x4f000410 f21:0x7fc00000  f2=0xcf000410
      90235.000 ns	      9022	80001ee8	28e60a53	fmin.s	f20,f12,f14	 f12:0x7fc00000 f14:0x00000001 f20=0x00000001
      90255.000 ns	      9024	80001eec	01b575b3	and	x11,x10,x27	 x10:0xc1e296ff x27:0xc1e29600 x11=0xc1e29600
      90265.000 ns	      9025	80001ef0	d505ea93	ori	x21,x11,-688	 x11:0x00000000 x21=0xffffff50
      90285.000 ns	      9027	80001ef4	a06821d3	feq.s	x3,f16,f6	 f16:0x470918ea  f6:0x4eedbb92  x3=0x00000000
      90335.000 ns	      9032	80001ef8	098146d3	fsub.s	f13,f2,f24	  f2:0xcf000410 f24:0xbf800000 f13=0xcf000410
      90365.000 ns	      9035	80001efc	20a71e53	fsgnjn.s	f28,f14,f10	 f14:0x00000001 f10:0x7fc00000 f28=0x80000001
      90395.000 ns	      9038	80001f00	212d8f53	fsgnj.s	f30,f27,f18	 f27:0x4efff7d2 f18:0x3f7ff7e0 f30=0x4efff7d2
      90435.000 ns	      9042	80001f04	5800f2d3	fsqrt.s	f5,f1	  f1:0xcf41e297  f5=0x7fc00000
      90455.000 ns	      9044	80001f08	133c0613	addi	x12,x24,307	 x24:0xc2e73ecc x12=0xc2e73fff
      90465.000 ns	      9045	80001f0c	00b08eb3	add	x29,x1,x11	  x1:0xdcb00d7c x11:0xc1e29600 x29=0x9e92a37c
      90485.000 ns	      9047	80001f10	f00200d3	fmv.w.x	f1,x4	  x4:0x00000000  f1=0x00000000
      90505.000 ns	      9049	80001f14	0185a9b3	slt	x19,x11,x24	 x11:0xc1e29600 x24:0xc2e73ecc x19=0x00000001
      90515.000 ns	      9050	80001f18	9b59c013	xori	x0,x19,-1611	 x19:0x80041024
      90535.000 ns	      9052	80001f1c	20d390d3	fsgnjn.s	f1,f7,f13	  f7:0x7fc00000 f13:0xcf000410  f1=0x7fc00000
      90905.000 ns	      9089	80001f20	02744e33	div	x28,x8,x7	  x8:0x60f14b00  x7:0xffffffff x28=0x9f0eb500
      90935.000 ns	      9092	80001f24	e00f9853	fclass.s	x16,f31	 f31:0x3f800000 x16=0x00000040
      90965.000 ns	      9095	80001f28	032f0433	mul	x8,x30,x18	 x30:0x00000195 x18:0x00000000  x8=0x00000000
      90985.000 ns	      9097	80001f2c	002d2f33	slt	x30,x26,x2	 x26:0x00000001  x2:0xffffffff x30=0x00000000
      90995.000 ns	      9098	80001f30	01e908b3	add	x17,x18,x30	 x18:0x00000000 x30:0x00000195 x17=0x00000000
      91015.000 ns	      9100	80001f34	c01afbd3	fcvt.wu.s	x23,f21	 f21:0x7fc00000 x23=0xffffffff
      91045.000 ns	      9103	80001f38	a0182a53	feq.s	x20,f16,f1	 f16:0x470918ea  f1:0x7fc00000 x20=0x00000000
      91065.000 ns	      9105	80001f3c	00d28733	add	x14,x5,x13	  x5:0x00000000 x13:0xc1e29600 x14=0xc1e29600
      91075.000 ns	      9106	80001f40	0027c5b3	xor	x11,x15,x2	 x15:0x00000000  x2:0xffffffff x11=0xffffffff
      91085.000 ns	      9107	80001f44	89d56a13	ori	x20,x10,-1891	 x10:0xc1e296ff x20=0xfffffeff
      91445.000 ns	      9143	80001f48	0371f8b3	remu	x17,x3,x23	  x3:0x00000000 x23:0xffffffff x17=0x00000000
      91475.000 ns	      9146	80001f4c	f0080353	fmv.w.x	f6,x16	 x16:0x00000040  f6=0x00000040
      91495.000 ns	      9148	80001f50	01c2b633	sltu	x12,x5,x28	  x5:0x00000000 x28:0x9f0eb500 x12=0x00000001
      91505.000 ns	      9149	80001f54	41d1dc93	srai	x25,x3,0x1d	  x3:0x00000000 x25=0x00000000
      91515.000 ns	      9150	80001f58	00000013	addi	x0,x0,0	  x0:0x00000000
      91535.000 ns	      9152	80001f5c	021089b3	mul	x19,x1,x1	  x1:0xdcb00d7c  x1:0xdcb00d7c x19=0xab35d410
      91565.000 ns	      9155	80001f60	a09a12d3	flt.s	x5,f20,f9	 f20:0x00000001  f9:0xcf41e297  x5=0x00000000
      91615.000 ns	      9160	80001f64	0088afd3	fadd.s	f31,f17,f8	 f17:0x7fc00000  f8:0x7fc00000 f31=0x7fc00000
      91645.000 ns	      9163	80001f68	e00a8f53	fmv.x.w	x30,f21	 f21:0x7fc00000 x30=0x7fc00000
      91675.000 ns	      9166	80001f6c	021086b3	mul	x13,x1,x1	  x1:0xdcb00d7c  x1:0xdcb00d7c x13=0xab35d410
      91695.000 ns	      9168	80001f70	00851f13	slli	x30,x10,0x8	 x10:0xc1e296ff x30=0xe296ff00
      91715.000 ns	      9170	80001f74	c01d7653	fcvt.wu.s	x12,f26	 f26:0x00000000 x12=0x00000000
      92055.000 ns	      9204	80001f78	19bdaf53	fdiv.s	f30,f27,f27	 f27:0x4efff7d2 f27:0x4efff7d2 f30=0x3f7ff7d2
      92095.000 ns	      9208	80001f7c	190bf853	fdiv.s	f16,f23,f16	 f23:0x7fc00000 f16:0x470918ea f16=0x7fc00000
      92125.000 ns	      9211	80001f80	03193c33	mulhu	x24,x18,x17	 x18:0x00000000 x17:0x00000000 x24=0x00000000
      92145.000 ns	      9213	80001f84	01c95893	srli	x17,x18,0x1c	 x18:0x00000000 x17=0x00000000
      92155.000 ns	      9214	80001f88	892b3293	sltiu	x5,x22,-1902	 x22:0x00000000  x5=0x00000001
      92175.000 ns	      9216	80001f8c	299f91d3	fmax.s	f3,f31,f25	 f31:0x7fc00000 f25:0xff800000  f3=0xff800000
      92205.000 ns	      9219	80001f90	e00385d3	fmv.x.w	x11,f7	  f7:0x7fc00000 x11=0x7fc00000
      92235.000 ns	      9222	80001f94	21281953	fsgnjn.s	f18,f16,f18	 f16:0x7fc00000 f18:0x3f7ff7e0 f18=0xffc00000
      92255.000 ns	      9224	80001f98	b7747293	andi	x5,x8,-1161	  x8:0x00000000  x5=0x00000000
      92275.000 ns	      9226	80001f9c	e0060f53	fmv.x.w	x30,f12	 f12:0x7fc00000 x30=0x7fc00000
      92295.000 ns	      9228	80001fa0	f6055837	lui	x16,0xf6055	 x16=0xf6055000
      92305.000 ns	      9229	80001fa4	8f52e913	ori	x18,x5,-1803	  x5:0x00000000 x18=0xfffff8f5
      92665.000 ns	      9265	80001fa8	03516033	rem	x0,x2,x21	  x2:0xffffffff x21:0xffffff50
      92685.000 ns	      9267	80001fac	00000013	addi	x0,x0,0	  x0:0x00000000
      92695.000 ns	      9268	80001fb0	368b7797	auipc	x15,0x368b7	 x15=0xb68b8fb0
      92715.000 ns	      9270	80001fb4	28e78453	fmin.s	f8,f15,f14	 f15:0x00000000 f14:0x00000001  f8=0x00000000
      92735.000 ns	      9272	80001fb8	1a4eec93	ori	x25,x29,420	 x29:0x9e92a37c x25=0x9e92a3fc
      92755.000 ns	      9274	80001fbc	d0008ad3	fcvt.s.w	f21,x1	  x1:0xdcb00d7c f21=0xce0d3fca
      92785.000 ns	      9277	80001fc0	02d42cb3	mulhsu	x25,x8,x13	  x8:0x00000000 x13:0xab35d410 x25=0x00000000
      92815.000 ns	      9280	80001fc4	a161a1d3	feq.s	x3,f3,f22	  f3:0xff800000 f22:0xcefff7d2  x3=0x00000000
      92835.000 ns	      9282	80001fc8	01d89a13	slli	x20,x17,0x1d	 x17:0x00000000 x20=0x00000000
      92855.000 ns	      9284	80001fcc	d01c97d3	fcvt.s.wu	f15,x25	 x25:0x00000000 f15=0x00000000
      93225.000 ns	      9321	80001fd0	02b1e833	rem	x16,x3,x11	  x3:0x00000000 x11:0x7fc00000 x16=0x00000000
      93255.000 ns	      9324	80001fd4	f00c09d3	fmv.w.x	f19,x24	 x24:0x00000000 f19=0x00000000
      93275.000 ns	      9326	80001fd8	01d31c33	sll	x24,x6,x29	  x6:0x80040fe4 x29:0x9e92a37c x24=0x40000000
      93285.000 ns	      9327	80001fdc	0065d013	srli	x0,x11,0x6	 x11:0x7fc00000
      93305.000 ns	      9329	80001fe0	f0060153	fmv.w.x	f2,x12	 x12:0x00000000  f2=0x00000000
      93325.000 ns	      9331	80001fe4	41878033	sub	x0,x15,x24	 x15:0xb68b8fb0 x24:0x40000000
      93335.000 ns	      9332	80001fe8	fd4a4413	xori	x8,x20,-44	 x20:0x00000000  x8=0xffffffd4
      93345.000 ns	      9333	80001fec	4084de93	srai	x29,x9,0x8	  x9:0x80041024 x29=0xff800410
      93355.000 ns	      9334	80001ff0	b4068993	addi	x19,x13,-1216	 x13:0xab35d410 x19=0xab35cf50
      93365.000 ns	      9335	80001ff4	0011b6b3	sltu	x13,x3,x1	  x3:0x00000000  x1:0xdcb00d7c x13=0x00000001
      93375.000 ns	      9336	80001ff8	0121cd33	xor	x26,x3,x18	  x3:0x00000000 x18:0xfffff8f5 x26=0xfffff8f5
      93735.000 ns	      9372	80001ffc	0389cb33	div	x22,x19,x24	 x19:0xab35cf50 x24:0x40000000 x22=0xffffffff
      93755.000 ns	      9374	80002000	db895597	auipc	x11,0xdb895	 x11=0x5b897000
      93775.000 ns	      9376	80002004	02739cb3	mulh	x25,x7,x7	  x7:0xffffffff  x7:0xffffffff x25=0x00000000
      93795.000 ns	      9378	80002008	008bfb33	and	x22,x23,x8	 x23:0xffffffff  x8:0xffffffd4 x22=0xffffffd4
      93805.000 ns	      9379	8000200c	00fcb033	sltu	x0,x25,x15	 x25:0x00000000 x15:0xb68b8fb0
      93825.000 ns	      9381	80002010	0348c2b3	div	x5,x17,x20	 x17:0x00000000 x20:0x00000000  x5=0xffffffff
      93855.000 ns	      9384	80002014	c0017f53	fcvt.w.s	x30,f2	  f2:0x00000000 x30=0x00000000
      93875.000 ns	      9386	80002018	011345b3	xor	x11,x6,x17	  x6:0x80040fe4 x17:0x00000000 x11=0x80040fe4
      94235.000 ns	      9422	8000201c	035e5eb3	divu	x29,x28,x21	 x28:0x9f0eb500 x21:0xffffff50 x29=0x00000000
      94265.000 ns	      9425	80002020	209a1b53	fsgnjn.s	f22,f20,f9	 f20:0x00000001  f9:0xcf41e297 f22=0x00000001
      94295.000 ns	      9428	80002024	f00d8cd3	fmv.w.x	f25,x27	 x27:0xc1e29600 f25=0xc1e29600
      94315.000 ns	      9430	80002028	01f98333	add	x6,x19,x31	 x19:0xab35cf50 x31:0x80040fe4  x6=0x2b39df34
      94325.000 ns	      9431	8000202c	54232813	slti	x16,x6,1346	  x6:0x80040fe4 x16=0x00000000
      94685.000 ns	      9467	80002030	029ee833	rem	x16,x29,x9	 x29:0x00000000  x9:0x80041024 x16=0x00000000
      95055.000 ns	      9504	80002034	021d4a33	div	x20,x26,x1	 x26:0xfffff8f5  x1:0xdcb00d7c x20=0x00000000
      95425.000 ns	      9541	80002038	036f6633	rem	x12,x30,x22	 x30:0x00000000 x22:0xffffffd4 x12=0x00000000
      95445.000 ns	      9543	8000203c	5f860293	addi	x5,x12,1528	 x12:0x00000000  x5=0x000005f8
      95465.000 ns	      9545	80002040	a01c0653	fle.s	x12,f24,f1	 f24:0xbf800000  f1:0x7fc00000 x12=0x00000000
      95495.000 ns	      9548	80002044	d01810d3	fcvt.s.wu	f1,x16	 x16:0x00000000  f1=0x00000000
      95865.000 ns	      9585	80002048	02754733	div	x14,x10,x7	 x10:0xc1e296ff  x7:0xffffffff x14=0x3e1d6901
      95885.000 ns	      9587	8000204c	011dad33	slt	x26,x27,x17	 x27:0xc1e29600 x17:0x00000000 x26=0x00000001
      95895.000 ns	      9588	80002050	41dbd393	srai	x7,x23,0x1d	 x23:0xffffffff  x7=0xffffffff
      95905.000 ns	      9589	80002054	9ea84413	xori	x8,x16,-1558	 x16:0x00000000  x8=0xfffff9ea
      95935.000 ns	      9592	80002058	5806f753	fsqrt.s	f14,f13	 f13:0xcf000410 f14=0x7fc00000
      95965.000 ns	      9595	8000205c	d0058ed3	fcvt.s.w	f29,x11	 x11:0x80040fe4 f29=0xcefff7e0
      95995.000 ns	      9598	80002060	03ce38b3	mulhu	x17,x28,x28	 x28:0x9f0eb500 x28:0x9f0eb500 x17=0x62d345ae
      96015.000 ns	      9600	80002064	0106fc33	and	x24,x13,x16	 x13:0x00000001 x16:0x00000000 x24=0x00000000
      96375.000 ns	      9636	80002068	02616db3	rem	x27,x2,x6	  x2:0xffffffff  x6:0x2b39df34 x27=0xffffffff
      96405.000 ns	      9639	8000206c	c0017353	fcvt.w.s	x6,f2	  f2:0x00000000  x6=0x00000000
      96435.000 ns	      9642	80002070	02090db3	mul	x27,x18,x0	 x18:0xfffff8f5  x0:0x00000000 x27=0x00000000
      96455.000 ns	      9644	80002074	01e4b2b3	sltu	x5,x9,x30	  x9:0x80041024 x30:0x00000000  x5=0x00000000
      96475.000 ns	      9646	80002078	29538953	fmin.s	f18,f7,f21	  f7:0x7fc00000 f21:0xce0d3fca f18=0xce0d3fca
      96525.000 ns	      9651	8000207c	011e0a53	fadd.s	f20,f28,f17	 f28:0x80000001 f17:0x7fc00000 f20=0x7fc00000
      96545.000 ns	      9653	80002080	033bc193	xori	x3,x23,51	 x23:0xffffffff  x3=0xffffffcc
      96555.000 ns	      9654	80002084	010761b3	or	x3,x14,x16	 x14:0x3e1d6901 x16:0x00000000  x3=0x3e1d6901
      96565.000 ns	      9655	80002088	0078dcb3	srl	x25,x17,x7	 x17:0x62d345ae  x7:0xffffffff x25=0x00000000
      96575.000 ns	      9656	8000208c	40e58233	sub	x4,x11,x14	 x11:0x80040fe4 x14:0x3e1d6901  x4=0x41e6a6e3
      96605.000 ns	      9659	80002090	19178453	fdiv.s	f8,f15,f17	 f15:0x00000000 f17:0x7fc00000  f8=0x7fc00000
      96625.000 ns	      9661	80002094	00d68c33	add	x24,x13,x13	 x13:0x00000001 x13:0x00000001 x24=0x00000002
      96645.000 ns	      9663	80002098	d001f0d3	fcvt.s.w	f1,x3	  x3:0x3e1d6901  f1=0x4e7875a4
      96665.000 ns	      9665	8000209c	3d6cc193	xori	x3,x25,982	 x25:0x00000000  x3=0x000003d6
      96705.000 ns	      9669	800020a0	0997f4d3	fsub.s	f9,f15,f25	 f15:0x00000000 f25:0xc1e29600  f9=0x41e29600
      96725.000 ns	      9671	800020a4	0daca313	slti	x6,x25,218	 x25:0x00000000  x6=0x00000001
      97085.000 ns	      9707	800020a8	02f3d333	divu	x6,x7,x15	  x7:0xffffffff x15:0xb68b8fb0  x6=0x00000001
      97115.000 ns	      9710	800020ac	022aacb3	mulhsu	x25,x21,x2	 x21:0xffffff50  x2:0xffffffff x25=0xffffff50
      97135.000 ns	      9712	800020b0	01eae933	or	x18,x21,x30	 x21:0xffffff50 x30:0x00000000 x18=0xffffff50
      97145.000 ns	      9713	800020b4	014e06b3	add	x13,x28,x20	 x28:0x9f0eb500 x20:0x00000000 x13=0x9f0eb500
      97155.000 ns	      9714	800020b8	6adda593	slti	x11,x27,1709	 x27:0x00000000 x11=0x00000001
      97175.000 ns	      9716	800020bc	03ce0c33	mul	x24,x28,x28	 x28:0x9f0eb500 x28:0x9f0eb500 x24=0x4bf90000
      97545.000 ns	      9753	800020c0	0310de33	divu	x28,x1,x17	  x1:0xdcb00d7c x17:0x62d345ae x28=0x00000002
      97575.000 ns	      9756	800020c4	a1bb1bd3	flt.s	x23,f22,f27	 f22:0x00000001 f27:0x4efff7d2 x23=0x00000001
      97605.000 ns	      9759	800020c8	f00300d3	fmv.w.x	f1,x6	  x6:0x00000001  f1=0x00000001
      97975.000 ns	      9796	800020cc	02adc833	div	x16,x27,x10	 x27:0x00000000 x10:0xc1e296ff x16=0x00000000
      98005.000 ns	      9799	800020d0	288613d3	fmax.s	f7,f12,f8	 f12:0x7fc00000  f8:0x7fc00000  f7=0x7fc00000
      98375.000 ns	      9836	800020d4	0245d1b3	divu	x3,x11,x4	 x11:0x00000001  x4:0x41e6a6e3  x3=0x00000000
      98415.000 ns	      9840	800020d8	11e1cbd3	fmul.s	f23,f3,f30	  f3:0xff800000 f30:0x3f7ff7d2 f23=0xff800000
      98455.000 ns	      9844	800020dc	1977b253	fdiv.s	f4,f15,f23	 f15:0x00000000 f23:0x7fc00000  f4=0x80000000
      98485.000 ns	      9847	800020e0	c01df2d3	fcvt.wu.s	x5,f27	 f27:0x4efff7d2  x5=0x7ffbe900
      98515.000 ns	      9850	800020e4	20db2a53	fsgnjx.s	f20,f22,f13	 f22:0x00000001 f13:0xcf000410 f20=0x80000001
      98885.000 ns	      9887	800020e8	02ab7f33	remu	x30,x22,x10	 x22:0xffffffd4 x10:0xc1e296ff x30=0x3e1d68d5
      98905.000 ns	      9889	800020ec	018bbf33	sltu	x30,x23,x24	 x23:0x00000001 x24:0x4bf90000 x30=0x00000001
      99235.000 ns	      9922	800020f0	18deaed3	fdiv.s	f29,f29,f13	 f29:0xcefff7e0 f13:0xcf000410 f29=0x3efff7e0
      99265.000 ns	      9925	800020f4	02033bb3	mulhu	x23,x6,x0	  x6:0x00000001  x0:0x00000000 x23=0x00000000
      99295.000 ns	      9928	800020f8	c012fed3	fcvt.wu.s	x29,f5	  f5:0x7fc00000 x29=0xffffffff
      99315.000 ns	      9930	800020fc	01b90133	add	x2,x18,x27	 x18:0xffffff50 x27:0x00000000  x2=0xffffff50
      99325.000 ns	      9931	80002100	7ff78293	addi	x5,x15,2047	 x15:0xb68b8fb0  x5=0xb68b97af
      99335.000 ns	      9932	80002104	00000013	addi	x0,x0,0	  x0:0x00000000
     100505.000 ns	     10049	80002108	5800f353	fsqrt.s	f6,f1	  f1:0x00000001  f6=0x1f350483
     100525.000 ns	     10051	8000210c	00000013	addi	x0,x0,0	  x0:0x00000000
     100535.000 ns	     10052	80002110	01b80bb3	add	x23,x16,x27	 x16:0x00000000 x27:0x00000000 x23=0x00000000
     100555.000 ns	     10054	80002114	286b8053	fmin.s	f0,f23,f6	 f23:0xff800000  f6:0x1f350483  f0=0xff800000
     100585.000 ns	     10057	80002118	034be733	rem	x14,x23,x20	 x23:0x00000000 x20:0x00000000 x14=0x00000000
     100605.000 ns	     10059	8000211c	00a34633	xor	x12,x6,x10	  x6:0x00000001 x10:0xc1e296ff x12=0xc1e296fe
     100965.000 ns	     10095	80002120	03f64933	div	x18,x12,x31	 x12:0x00000000 x31:0x80040fe4 x18=0x00000000
     100985.000 ns	     10097	80002124	00000013	addi	x0,x0,0	  x0:0x00000000
     101015.000 ns	     10100	80002128	11bc93d3	fmul.s	f7,f25,f27	 f25:0xc1e29600 f27:0x4efff7d2  f7=0xd1628ec2
     101035.000 ns	     10102	8000212c	005a2e33	slt	x28,x20,x5	 x20:0x00000000  x5:0xb68b97af x28=0x00000000
     101045.000 ns	     10103	80002130	6b7af813	andi	x16,x21,1719	 x21:0xffffff50 x16=0x00000610
     101055.000 ns	     10104	80002134	003bcf33	xor	x30,x23,x3	 x23:0x00000000  x3:0x00000000 x30=0x00000000
     101075.000 ns	     10106	80002138	f00a0853	fmv.w.x	f16,x20	 x20:0x00000000 f16=0x00000000
     101105.000 ns	     10109	8000213c	03f81b33	mulh	x22,x16,x31	 x16:0x00000610 x31:0x80040fe4 x22=0xfffffcf8
     101155.000 ns	     10114	80002140	08a327d3	fsub.s	f15,f6,f10	  f6:0x1f350483 f10:0x7fc00000 f15=0x7fc00000
     101195.000 ns	     10118	80002144	19c67fd3	fdiv.s	f31,f12,f28	 f12:0x7fc00000 f28:0x80000001 f31=0x7fc00000
     101225.000 ns	     10121	80002148	d01af453	fcvt.s.wu	f8,x21	 x21:0xffffff50  f8=0x4f7fffff
     101255.000 ns	     10124	8000214c	d0117ad3	fcvt.s.wu	f21,x2	  x2:0xffffff50 f21=0x4f7fffff
     101285.000 ns	     10127	80002150	f0028453	fmv.w.x	f8,x5	  x5:0xb68b97af  f8=0xb68b97af
     101305.000 ns	     10129	80002154	007c5213	srli	x4,x24,0x7	 x24:0x4bf90000  x4=0x0097f200
     101315.000 ns	     10130	80002158	0198dcb3	srl	x25,x17,x25	 x17:0x62d345ae x25:0xffffff50 x25=0x000062d3
     101345.000 ns	     10133	8000215c	58017953	fsqrt.s	f18,f2	  f2:0x00000000 f18=0x00000000
     101375.000 ns	     10136	80002160	28711e53	fmax.s	f28,f2,f7	  f2:0x00000000  f7:0xd1628ec2 f28=0x00000000
     101405.000 ns	     10139	80002164	e0058253	fmv.x.w	x4,f11	 f11:0x00000001  x4=0x00000001
     101455.000 ns	     10144	80002168	087ef0d3	fsub.s	f1,f29,f7	 f29:0x3efff7e0  f7:0xd1628ec2  f1=0x51628ec2
     101485.000 ns	     10147	8000216c	023afcb3	remu	x25,x21,x3	 x21:0xffffff50  x3:0x00000000 x25=0xffffff50
     101525.000 ns	     10151	80002170	19cd7353	fdiv.s	f6,f26,f28	 f26:0x00000000 f28:0x00000000  f6=0x7fc00000
     101555.000 ns	     10154	80002174	d00c3f53	fcvt.s.w	f30,x24	 x24:0x4bf90000 f30=0x4e97f200
     101585.000 ns	     10157	80002178	21578853	fsgnj.s	f16,f15,f21	 f15:0x7fc00000 f21:0x4f7fffff f16=0x7fc00000
     101605.000 ns	     10159	8000217c	8c6ca193	slti	x3,x25,-1850	 x25:0xffffff50  x3=0x00000000
     101615.000 ns	     10160	80002180	01f55393	srli	x7,x10,0x1f	 x10:0xc1e296ff  x7=0x00000001
     101625.000 ns	     10161	80002184	0179d593	srli	x11,x19,0x17	 x19:0xab35cf50 x11=0x00000156
     101645.000 ns	     10163	80002188	02ae17b3	mulh	x15,x28,x10	 x28:0x00000000 x10:0xc1e296ff x15=0x00000000
     101695.000 ns	     10168	8000218c	095c7153	fsub.s	f2,f24,f21	 f24:0xbf800000 f21:0x4f7fffff  f2=0xcf7fffff
     101715.000 ns	     10170	80002190	0118a033	slt	x0,x17,x17	 x17:0x62d345ae x17:0x62d345ae
     101725.000 ns	     10171	80002194	b7943913	sltiu	x18,x8,-1159	  x8:0xfffff9ea x18=0x00000001
     101745.000 ns	     10173	80002198	03af2ab3	mulhsu	x21,x30,x26	 x30:0x00000000 x26:0x00000001 x21=0x00000000
     101775.000 ns	     10176	8000219c	c00b3453	fcvt.w.s	x8,f22	 f22:0x00000001  x8=0x00000000
     101795.000 ns	     10178	800021a0	eb5cb613	sltiu	x12,x25,-331	 x25:0xffffff50 x12=0x00000000
     101805.000 ns	     10179	800021a4	66e7fd13	andi	x26,x15,1646	 x15:0x00000000 x26=0x00000000
     101825.000 ns	     10181	800021a8	21fc0853	fsgnj.s	f16,f24,f31	 f24:0xbf800000 f31:0x7fc00000 f16=0x3f800000
     101855.000 ns	     10184	800021ac	d0087ed3	fcvt.s.w	f29,x16	 x16:0x00000610 f29=0x44c20000
     102225.000 ns	     10221	800021b0	029857b3	divu	x15,x16,x9	 x16:0x00000610  x9:0x80041024 x15=0x00000000
     102255.000 ns	     10224	800021b4	20511dd3	fsgnjn.s	f27,f2,f5	  f2:0xcf7fffff  f5:0x7fc00000 f27=0xcf7fffff
     102285.000 ns	     10227	800021b8	02f68033	mul	x0,x13,x15	 x13:0x9f0eb500 x15:0x00000000
     102315.000 ns	     10230	800021bc	a06a0153	fle.s	x2,f20,f6	 f20:0x80000001  f6:0x7fc00000  x2=0x00000000
     102335.000 ns	     10232	800021c0	7e377d37	lui	x26,0x7e377	 x26=0x7e377000
     102365.000 ns	     10235	800021c4	5802f5d3	fsqrt.s	f11,f5	  f5:0x7fc00000 f11=0x7fc00000
     102385.000 ns	     10237	800021c8	01c15e33	srl	x28,x2,x28	  x2:0x00000000 x28:0x00000000 x28=0x00000000
     102395.000 ns	     10238	800021cc	01bd92b3	sll	x5,x27,x27	 x27:0x00000000 x27:0x00000000  x5=0x00000000
     102415.000 ns	     10240	800021d0	29b89d53	fmax.s	f26,f17,f27	 f17:0x7fc00000 f27:0xcf7fffff f26=0xcf7fffff
     102435.000 ns	     10242	800021d4	a2c14c17	auipc	x24,0xa2c14	 x24=0x22c161d4
     102795.000 ns	     10278	800021d8	0315c933	div	x18,x11,x17	 x11:0x00000156 x17:0x62d345ae x18=0x00000000
     102815.000 ns	     10280	800021dc	012eaa33	slt	x20,x29,x18	 x29:0xffffffff x18:0x00000001 x20=0x00000001
     102825.000 ns	     10281	800021e0	5647fd13	andi	x26,x15,1380	 x15:0x00000000 x26=0x00000000
     102835.000 ns	     10282	800021e4	01477db3	and	x27,x14,x20	 x14:0x00000000 x20:0x00000000 x27=0x00000000
     102855.000 ns	     10284	800021e8	217102d3	fsgnj.s	f5,f2,f23	  f2:0xcf7fffff f23:0xff800000  f5=0xcf7fffff
     102875.000 ns	     10286	800021ec	413f5133	sra	x2,x30,x19	 x30:0x00000000 x19:0xab35cf50  x2=0x00000000
     102905.000 ns	     10289	800021f0	5805bbd3	fsqrt.s	f23,f11	 f11:0x7fc00000 f23=0x7fc00000
     102935.000 ns	     10292	800021f4	e00e06d3	fmv.x.w	x13,f28	 f28:0x00000000 x13=0x00000000
     102965.000 ns	     10295	800021f8	e0060ad3	fmv.x.w	x21,f12	 f12:0x7fc00000 x21=0x7fc00000
     102985.000 ns	     10297	800021fc	a8a76993	ori	x19,x14,-1398	 x14:0x00000000 x19=0xfffffa8a
     103005.000 ns	     10299	80002200	037777b3	remu	x15,x14,x23	 x14:0x00000000 x23:0x00000000 x15=0x00000000
     103035.000 ns	     10302	80002204	2135a453	fsgnjx.s	f8,f11,f19	 f11:0x7fc00000 f19:0x00000000  f8=0x7fc00000
     103065.000 ns	     10305	80002208	026eb333	mulhu	x6,x29,x6	 x29:0xffffffff  x6:0x00000001  x6=0x00000000
     103085.000 ns	     10307	8000220c	f46e5937	lui	x18,0xf46e5	 x18=0xf46e5000
     103105.000 ns	     10309	80002210	28ac19d3	fmax.s	f19,f24,f10	 f24:0xbf800000 f10:0x7fc00000 f19=0xbf800000
     103135.000 ns	     10312	80002214	a1db81d3	fle.s	x3,f23,f29	 f23:0x7fc00000 f29:0x44c20000  x3=0x00000000
     103155.000 ns	     10314	80002218	40be0cb3	sub	x25,x28,x11	 x28:0x00000000 x11:0x00000156 x25=0xfffffeaa
     103165.000 ns	     10315	8000221c	416c5133	sra	x2,x24,x22	 x24:0x22c161d4 x22:0xfffffcf8  x2=0x00000022
     103185.000 ns	     10317	80002220	d00e70d3	fcvt.s.w	f1,x28	 x28:0x00000000  f1=0x00000000
     103205.000 ns	     10319	80002224	0a3ab293	sltiu	x5,x21,163	 x21:0x7fc00000  x5=0x00000000
     103215.000 ns	     10320	80002228	00209b13	slli	x22,x1,0x2	  x1:0xdcb00d7c x22=0x72c035f0
     103235.000 ns	     10322	8000222c	02c956b3	divu	x13,x18,x12	 x18:0xf46e5000 x12:0x00000000 x13=0xffffffff
     103255.000 ns	     10324	80002230	16cafd13	andi	x26,x21,364	 x21:0x7fc00000 x26=0x00000000
     103275.000 ns	     10326	80002234	2030a8d3	fsgnjx.s	f17,f1,f3	  f1:0x00000000  f3:0xff800000 f17=0x80000000
     103295.000 ns	     10328	80002238	70020713	addi	x14,x4,1792	  x4:0x00000001 x14=0x00000701
     103655.000 ns	     10364	8000223c	02bcf633	remu	x12,x25,x11	 x25:0xfffffeaa x11:0x00000156 x12=0x00000136
     103675.000 ns	     10366	80002240	01879a33	sll	x20,x15,x24	 x15:0x00000000 x24:0x22c161d4 x20=0x00000000
     103705.000 ns	     10369	80002244	19167f53	fdiv.s	f30,f12,f17	 f12:0x7fc00000 f17:0x80000000 f30=0x7fc00000
     103725.000 ns	     10371	80002248	0112c1b3	xor	x3,x5,x17	  x5:0x00000000 x17:0x62d345ae  x3=0x62d345ae
     103735.000 ns	     10372	8000224c	002f17b3	sll	x15,x30,x2	 x30:0x00000000  x2:0x00000022 x15=0x00000000
     103765.000 ns	     10375	80002250	1192a4d3	fmul.s	f9,f5,f25	  f5:0xcf7fffff f25:0xc1e29600  f9=0x51e295ff
     103795.000 ns	     10378	80002254	02288ab3	mul	x21,x17,x2	 x17:0x62d345ae  x2:0x00000022 x21=0x200f411c
     103825.000 ns	     10381	80002258	21b920d3	fsgnjx.s	f1,f18,f27	 f18:0x00000000 f27:0xcf7fffff  f1=0x80000000
     103845.000 ns	     10383	8000225c	41038633	sub	x12,x7,x16	  x7:0x00000001 x16:0x00000610 x12=0xfffff9f1
     104205.000 ns	     10419	80002260	03085333	divu	x6,x16,x16	 x16:0x00000610 x16:0x00000610  x6=0x00000001
     104245.000 ns	     10423	80002264	1103f3d3	fmul.s	f7,f7,f16	  f7:0xd1628ec2 f16:0x3f800000  f7=0xd1628ec2
     104285.000 ns	     10427	80002268	580e15d3	fsqrt.s	f11,f28	 f28:0x00000000 f11=0x00000000
     104315.000 ns	     10430	8000226c	0229b233	mulhu	x4,x19,x2	 x19:0xfffffa8a  x2:0x00000022  x4=0x00000021
     104335.000 ns	     10432	80002270	c6594c13	xori	x24,x18,-923	 x18:0xf46e5000 x24=0x0b91ac65
     104355.000 ns	     10434	80002274	03e9c733	div	x14,x19,x30	 x19:0xfffffa8a x30:0x00000000 x14=0xffffffff
     104385.000 ns	     10437	80002278	a0a42cd3	feq.s	x25,f8,f10	  f8:0x7fc00000 f10:0x7fc00000 x25=0x00000000
     104405.000 ns	     10439	8000227c	41d38333	sub	x6,x7,x29	  x7:0x00000001 x29:0xffffffff  x6=0x00000002
     104415.000 ns	     10440	80002280	61623093	sltiu	x1,x4,1558	  x4:0x00000021  x1=0x00000001
     104745.000 ns	     10473	80002284	1963bbd3	fdiv.s	f23,f7,f22	  f7:0xd1628ec2 f22:0x00000001 f23=0xff800000
     104775.000 ns	     10476	80002288	21ae8cd3	fsgnj.s	f25,f29,f26	 f29:0x44c20000 f26:0xcf7fffff f25=0xc4c20000
     104795.000 ns	     10478	8000228c	018ea9b3	slt	x19,x29,x24	 x29:0xffffffff x24:0x0b91ac65 x19=0x00000001
     104805.000 ns	     10479	80002290	a974c717	auipc	x14,0xa974c	 x14=0x2974e290
     104825.000 ns	     10481	80002294	d0038353	fcvt.s.w	f6,x7	  x7:0x00000001  f6=0x3f800000
     105165.000 ns	     10515	80002298	19087453	fdiv.s	f8,f16,f16	 f16:0x3f800000 f16:0x3f800000  f8=0x3f7fff38
     105185.000 ns	     10517	8000229c	2369fa93	andi	x21,x19,566	 x19:0x00000001 x21=0x00000000
     105205.000 ns	     10519	800022a0	03b1a333	mulhsu	x6,x3,x27	  x3:0x62d345ae x27:0x00000000  x6=0x00000000
     105225.000 ns	     10521	800022a4	c0f00793	addi	x15,x0,-1009	  x0:0x00000000 x15=0xfffffc0f
     105235.000 ns	     10522	800022a8	7088b093	sltiu	x1,x17,1800	 x17:0x62d345ae  x1=0x00000000
     105255.000 ns	     10524	800022ac	e0058753	fmv.x.w	x14,f11	 f11:0x00000000 x14=0x00000000
     105275.000 ns	     10526	800022b0	07e4b813	sltiu	x16,x9,126	  x9:0x80041024 x16=0x00000000
     105285.000 ns	     10527	800022b4	41c857b3	sra	x15,x16,x28	 x16:0x00000610 x28:0x00000000 x15=0x00000000
     105295.000 ns	     10528	800022b8	01d06d33	or	x26,x0,x29	  x0:0x00000000 x29:0xffffffff x26=0xffffffff
     105315.000 ns	     10530	800022bc	0262a2b3	mulhsu	x5,x5,x6	  x5:0x00000000  x6:0x00000000  x5=0x00000000
     105345.000 ns	     10533	800022c0	a10d9f53	flt.s	x30,f27,f16	 f27:0xcf7fffff f16:0x3f800000 x30=0x00000001
     105365.000 ns	     10535	800022c4	01b41393	slli	x7,x8,0x1b	  x8:0x00000000  x7=0x00000000
     105385.000 ns	     10537	800022c8	e0049d53	fclass.s	x26,f9	  f9:0x51e295ff x26=0x00000040
     105405.000 ns	     10539	800022cc	412a5ab3	sra	x21,x20,x18	 x20:0x00000000 x18:0xf46e5000 x21=0x00000000
     105425.000 ns	     10541	800022d0	02ae06b3	mul	x13,x28,x10	 x28:0x00000000 x10:0xc1e296ff x13=0x00000000
     105475.000 ns	     10546	800022d4	0070fad3	fadd.s	f21,f1,f7	  f1:0x80000000  f7:0xd1628ec2 f21=0xd1628ec2
     105495.000 ns	     10548	800022d8	00d483b3	add	x7,x9,x13	  x9:0x80041024 x13:0x00000000  x7=0x80041024
     105535.000 ns	     10552	800022dc	09bcb953	fsub.s	f18,f25,f27	 f25:0xc4c20000 f27:0xcf7fffff f18=0x4f7ffff9
     105565.000 ns	     10555	800022e0	209f0ed3	fsgnj.s	f29,f30,f9	 f30:0x7fc00000  f9:0x51e295ff f29=0x7fc00000
     105595.000 ns	     10558	800022e4	036182b3	mul	x5,x3,x22	  x3:0x62d345ae x22:0x72c035f0  x5=0x21fe5920
     105625.000 ns	     10561	800022e8	02a8be33	mulhu	x28,x17,x10	 x17:0x62d345ae x10:0xc1e296ff x28=0x4ad8c055
     105665.000 ns	     10565	800022ec	19c17e53	fdiv.s	f28,f2,f28	  f2:0xcf7fffff f28:0x00000000 f28=0xff800000
     105695.000 ns	     10568	800022f0	c0037ed3	fcvt.w.s	x29,f6	  f6:0x3f800000 x29=0x00000001
     105735.000 ns	     10572	800022f4	112aa853	fmul.s	f16,f21,f18	 f21:0xd1628ec2 f18:0x4f7ffff9 f16=0xe1628ebc
     105755.000 ns	     10574	800022f8	187c7f13	andi	x30,x24,391	 x24:0x0b91ac65 x30=0x00000005
     105775.000 ns	     10576	800022fc	a1bca953	feq.s	x18,f25,f27	 f25:0xc4c20000 f27:0xcf7fffff x18=0x00000000
     105805.000 ns	     10579	80002300	20bd9053	fsgnjn.s	f0,f27,f11	 f27:0xcf7fffff f11:0x00000000  f0=0xcf7fffff
     105835.000 ns	     10582	80002304	a16b1dd3	flt.s	x27,f22,f22	 f22:0x00000001 f22:0x00000001 x27=0x00000000
     105865.000 ns	     10585	80002308	02c60bb3	mul	x23,x12,x12	 x12:0xfffff9f1 x12:0xfffff9f1 x23=0x0024b4e1
     105895.000 ns	     10588	8000230c	e0028653	fmv.x.w	x12,f5	  f5:0xcf7fffff x12=0xcf7fffff
     105915.000 ns	     10590	80002310	01decbb3	xor	x23,x29,x29	 x29:0x00000001 x29:0x00000001 x23=0x00000000
     105935.000 ns	     10592	80002314	02877e33	remu	x28,x14,x8	 x14:0x00000000  x8:0x00000000 x28=0x00000000
     105955.000 ns	     10594	80002318	00bb98b3	sll	x17,x23,x11	 x23:0x0024b4e1 x11:0x00000156 x17=0x00000000
     105975.000 ns	     10596	8000231c	0304a1b3	mulhsu	x3,x9,x16	  x9:0x80041024 x16:0x00000000  x3=0x00000000
     106005.000 ns	     10599	80002320	031c17b3	mulh	x15,x24,x17	 x24:0x0b91ac65 x17:0x62d345ae x15=0x00000000
     106035.000 ns	     10602	80002324	a0cb2a53	feq.s	x20,f22,f12	 f22:0x00000001 f12:0x7fc00000 x20=0x00000000
     106075.000 ns	     10606	80002328	58027b53	fsqrt.s	f22,f4	  f4:0x80000000 f22=0x80000000
     106105.000 ns	     10609	8000232c	03ca98b3	mulh	x17,x21,x28	 x21:0x00000000 x28:0x00000000 x17=0x00000000
     106135.000 ns	     10612	80002330	03ab23b3	mulhsu	x7,x22,x26	 x22:0x72c035f0 x26:0x00000040  x7=0x0000001c
     106155.000 ns	     10614	80002334	01f51593	slli	x11,x10,0x1f	 x10:0xc1e296ff x11=0x80000000
     106175.000 ns	     10616	80002338	20cb0f53	fsgnj.s	f30,f22,f12	 f22:0x80000000 f12:0x7fc00000 f30=0x00000000
     106195.000 ns	     10618	8000233c	b6fc7e93	andi	x29,x24,-1169	 x24:0x0b91ac65 x29=0x0b91a865
     106205.000 ns	     10619	80002340	00f6cd33	xor	x26,x13,x15	 x13:0x00000000 x15:0x00000000 x26=0x00000000
     106225.000 ns	     10621	80002344	02d460b3	rem	x1,x8,x13	  x8:0x00000000 x13:0x00000000  x1=0x00000000
     106245.000 ns	     10623	80002348	ab72c693	xori	x13,x5,-1353	  x5:0x21fe5920 x13=0xde01a397
     106255.000 ns	     10624	8000234c	74094913	xori	x18,x18,1856	 x18:0x00000000 x18=0x00000740
     106615.000 ns	     10660	80002350	024152b3	divu	x5,x2,x4	  x2:0x00000022  x4:0x00000021  x5=0x00000001
     106645.000 ns	     10663	80002354	c00c0953	fcvt.w.s	x18,f24	 f24:0xbf800000 x18=0xffffffff
     106675.000 ns	     10666	80002358	026d3d33	mulhu	x26,x26,x6	 x26:0x00000000  x6:0x00000000 x26=0x00000000
     106695.000 ns	     10668	8000235c	0041b0b3	sltu	x1,x3,x4	  x3:0x00000000  x4:0x00000021  x1=0x00000001
     106705.000 ns	     10669	80002360	00228a33	add	x20,x5,x2	  x5:0x00000001  x2:0x00000022 x20=0x00000023
     106725.000 ns	     10671	80002364	e0069d53	fclass.s	x26,f13	 f13:0xcf000410 x26=0x00000002
     106755.000 ns	     10674	80002368	e00b18d3	fclass.s	x17,f22	 f22:0x80000000 x17=0x00000008
     106775.000 ns	     10676	8000236c	01dc7833	and	x16,x24,x29	 x24:0x0b91ac65 x29:0x0b91a865 x16=0x0b91a865
     107135.000 ns	     10712	80002370	02c54bb3	div	x23,x10,x12	 x10:0xc1e296ff x12:0xcf7fffff x23=0x00000001
     108315.000 ns	     10830	80002374	5804fc53	fsqrt.s	f24,f9	  f9:0x51e295ff f24=0x48aa4d7c
     108335.000 ns	     10832	80002378	6024bc93	sltiu	x25,x9,1538	  x9:0x80041024 x25=0x00000000
     108355.000 ns	     10834	8000237c	d00c9e53	fcvt.s.w	f28,x25	 x25:0x00000000 f28=0x00000000
     108385.000 ns	     10837	80002380	289f0c53	fmin.s	f24,f30,f9	 f30:0x00000000  f9:0x51e295ff f24=0x00000000
     108415.000 ns	     10840	80002384	21c62153	fsgnjx.s	f2,f12,f28	 f12:0x7fc00000 f28:0x00000000  f2=0x7fc00000
     108435.000 ns	     10842	80002388	d2935d97	auipc	x27,0xd2935	 x27=0x52937388
     108475.000 ns	     10846	8000238c	01c577d3	fadd.s	f15,f10,f28	 f10:0x7fc00000 f28:0x00000000 f15=0x7fc00000
     108505.000 ns	     10849	80002390	d0047f53	fcvt.s.w	f30,x8	  x8:0x00000000 f30=0x00000000
     108535.000 ns	     10852	80002394	d00c73d3	fcvt.s.w	f7,x24	 x24:0x0b91ac65  f7=0x4d391ac6
     108555.000 ns	     10854	80002398	1e16a093	slti	x1,x13,481	 x13:0xde01a397  x1=0x00000001
     108565.000 ns	     10855	8000239c	011590b3	sll	x1,x11,x17	 x11:0x80000000 x17:0x00000008  x1=0x00000000
     108585.000 ns	     10857	800023a0	f00b8453	fmv.w.x	f8,x23	 x23:0x00000001  f8=0x00000001
     108605.000 ns	     10859	800023a4	bc6d6a13	ori	x20,x26,-1082	 x26:0x00000002 x20=0xfffffbc6
     108625.000 ns	     10861	800023a8	02738db3	mul	x27,x7,x7	  x7:0x0000001c  x7:0x0000001c x27=0x00000310
     108645.000 ns	     10863	800023ac	013aa0b3	slt	x1,x21,x19	 x21:0x00000000 x19:0x00000001  x1=0x00000001
     109005.000 ns	     10899	800023b0	02c678b3	remu	x17,x12,x12	 x12:0xcf7fffff x12:0xcf7fffff x17=0x00000000
     109025.000 ns	     10901	800023b4	40a3d013	srai	x0,x7,0xa	  x7:0x0000001c
     109065.000 ns	     10905	800023b8	01c6a6d3	fadd.s	f13,f13,f28	 f13:0xcf000410 f28:0x00000000 f13=0xcf000410
     109085.000 ns	     10907	800023bc	00000013	addi	x0,x0,0	  x0:0x00000000
     109445.000 ns	     10943	800023c0	037b5a33	divu	x20,x22,x23	 x22:0x72c035f0 x23:0x00000001 x20=0x72c035f0
     109475.000 ns	     10946	800023c4	207588d3	fsgnj.s	f17,f11,f7	 f11:0x00000000  f7:0x4d391ac6 f17=0x00000000
     109505.000 ns	     10949	800023c8	d0151c53	fcvt.s.wu	f24,x10	 x10:0xc1e296ff f24=0x4f41e296
     109525.000 ns	     10951	800023cc	c6e3cd93	xori	x27,x7,-914	  x7:0x0000001c x27=0xfffffc72
     109535.000 ns	     10952	800023d0	01e1c9b3	xor	x19,x3,x30	  x3:0x00000000 x30:0x00000005 x19=0x00000005
     109545.000 ns	     10953	800023d4	0134fa33	and	x20,x9,x19	  x9:0x80041024 x19:0x00000001 x20=0x00000004
     109565.000 ns	     10955	800023d8	a1010253	fle.s	x4,f2,f16	  f2:0x7fc00000 f16:0xe1628ebc  x4=0x00000000
     109615.000 ns	     10960	800023dc	0175fa53	fadd.s	f20,f11,f23	 f11:0x00000000 f23:0xff800000 f20=0xff800000
     109985.000 ns	     10997	800023e0	03e8cc33	div	x24,x17,x30	 x17:0x00000000 x30:0x00000005 x24=0x00000000
     110015.000 ns	     11000	800023e4	f00c8dd3	fmv.w.x	f27,x25	 x25:0x00000000 f27=0x00000000
     110055.000 ns	     11004	800023e8	10180dd3	fmul.s	f27,f16,f1	 f16:0xe1628ebc  f1:0x80000000 f27=0x00000000
     110075.000 ns	     11006	800023ec	01658233	add	x4,x11,x22	 x11:0x80000000 x22:0x72c035f0  x4=0xf2c035f0
     110085.000 ns	     11007	800023f0	0178aeb3	slt	x29,x17,x23	 x17:0x00000000 x23:0x00000001 x29=0x00000001
     110105.000 ns	     11009	800023f4	0316f733	remu	x14,x13,x17	 x13:0xde01a397 x17:0x00000000 x14=0xde01a397
     110125.000 ns	     11011	800023f8	006bb033	sltu	x0,x23,x6	 x23:0x00000001  x6:0x00000000
     110145.000 ns	     11013	800023fc	29f60bd3	fmin.s	f23,f12,f31	 f12:0x7fc00000 f31:0x7fc00000 f23=0x7fc00000
     110175.000 ns	     11016	80002400	e00c1e53	fclass.s	x28,f24	 f24:0x4f41e296 x28=0x00000040
     110205.000 ns	     11019	80002404	e0080353	fmv.x.w	x6,f16	 f16:0xe1628ebc  x6=0xe1628ebc
     110235.000 ns	     11022	80002408	29040f53	fmin.s	f30,f8,f16	  f8:0x00000001 f16:0xe1628ebc f30=0xe1628ebc
     110255.000 ns	     11024	8000240c	00d30833	add	x16,x6,x13	  x6:0xe1628ebc x13:0xde01a397 x16=0xbf643253
     110265.000 ns	     11025	80002410	ab3e8993	addi	x19,x29,-1357	 x29:0x00000001 x19=0xfffffab4
     110275.000 ns	     11026	80002414	003f0233	add	x4,x30,x3	 x30:0x00000005  x3:0x00000000  x4=0x00000005
     110285.000 ns	     11027	80002418	303f2793	slti	x15,x30,771	 x30:0x00000005 x15=0x00000001
     110295.000 ns	     11028	8000241c	018f1a13	slli	x20,x30,0x18	 x30:0x00000005 x20=0x05000000
     110315.000 ns	     11030	80002420	039652b3	divu	x5,x12,x25	 x12:0xcf7fffff x25:0x00000000  x5=0xffffffff
     110355.000 ns	     11034	80002424	11a0f253	fmul.s	f4,f1,f26	  f1:0x80000000 f26:0xcf7fffff  f4=0x00000000
     110405.000 ns	     11039	80002428	08b34753	fsub.s	f14,f6,f11	  f6:0x3f800000 f11:0x00000000 f14=0x3f800000
     110425.000 ns	     11041	8000242c	760b4b93	xori	x23,x22,1888	 x22:0x72c035f0 x23=0x72c03290
     110435.000 ns	     11042	80002430	00c05713	srli	x14,x0,0xc	  x0:0x00000000 x14=0x00000000
     110445.000 ns	     11043	80002434	01ca5393	srli	x7,x20,0x1c	 x20:0x05000000  x7=0x00000000
     110465.000 ns	     11045	80002438	21609453	fsgnjn.s	f8,f1,f22	  f1:0x80000000 f22:0x80000000  f8=0x00000000
     110495.000 ns	     11048	8000243c	c018c9d3	fcvt.wu.s	x19,f17	 f17:0x00000000 x19=0x00000000
     110515.000 ns	     11050	80002440	40aedc93	srai	x25,x29,0xa	 x29:0x00000001 x25=0x00000000
     110535.000 ns	     11052	80002444	e0078a53	fmv.x.w	x20,f15	 f15:0x7fc00000 x20=0x7fc00000
     110555.000 ns	     11054	80002448	7b21e2b7	lui	x5,0x7b21e	  x5=0x7b21e000
     110565.000 ns	     11055	8000244c	01b46733	or	x14,x8,x27	  x8:0x00000000 x27:0xfffffc72 x14=0xfffffc72
     110575.000 ns	     11056	80002450	eaae7313	andi	x6,x28,-342	 x28:0x00000040  x6=0x00000000
     110585.000 ns	     11057	80002454	40ed5ab3	sra	x21,x26,x14	 x26:0x00000002 x14:0x00000000 x21=0x00000000
     110595.000 ns	     11058	80002458	002ac933	xor	x18,x21,x2	 x21:0x00000000  x2:0x00000022 x18=0x00000022
     110615.000 ns	     11060	8000245c	a022a2d3	feq.s	x5,f5,f2	  f5:0xcf7fffff  f2:0x7fc00000  x5=0x00000000
     110635.000 ns	     11062	80002460	b447e413	ori	x8,x15,-1212	 x15:0x00000001  x8=0xfffffb45
     110655.000 ns	     11064	80002464	035e6bb3	rem	x23,x28,x21	 x28:0x00000040 x21:0x00000000 x23=0x00000040
     110685.000 ns	     11067	80002468	c011a453	fcvt.wu.s	x8,f3	  f3:0xff800000  x8=0x00000000
     110705.000 ns	     11069	8000246c	9c877193	andi	x3,x14,-1592	 x14:0xfffffc72  x3=0xfffff840
     110725.000 ns	     11071	80002470	e00b1d53	fclass.s	x26,f22	 f22:0x80000000 x26=0x00000008
     110745.000 ns	     11073	80002474	005ccbb3	xor	x23,x25,x5	 x25:0x00000000  x5:0x00000000 x23=0x00000000
     110765.000 ns	     11075	80002478	d01b4bd3	fcvt.s.wu	f23,x22	 x22:0x72c035f0 f23=0x4ee5806c
     110795.000 ns	     11078	8000247c	d0098953	fcvt.s.w	f18,x19	 x19:0x00000000 f18=0x00000000
     110815.000 ns	     11080	80002480	00b19eb3	sll	x29,x3,x11	  x3:0xfffff840 x11:0x80000000 x29=0xfffff840
     110835.000 ns	     11082	80002484	21f30853	fsgnj.s	f16,f6,f31	  f6:0x3f800000 f31:0x7fc00000 f16=0x3f800000
     110855.000 ns	     11084	80002488	b38a8993	addi	x19,x21,-1224	 x21:0x00000000 x19=0xfffffb38
     110865.000 ns	     11085	8000248c	00c9ddb3	srl	x27,x19,x12	 x19:0x00000000 x12:0xcf7fffff x27=0x00000001
     110885.000 ns	     11087	80002490	21948953	fsgnj.s	f18,f9,f25	  f9:0x51e295ff f25:0xc4c20000 f18=0xd1e295ff
     110925.000 ns	     11091	80002494	11defe53	fmul.s	f28,f29,f29	 f29:0x7fc00000 f29:0x7fc00000 f28=0x7fc00000
     110945.000 ns	     11093	80002498	411786b3	sub	x13,x15,x17	 x15:0x00000001 x17:0x00000000 x13=0x00000001
     110965.000 ns	     11095	8000249c	21440653	fsgnj.s	f12,f8,f20	  f8:0x00000000 f20:0xff800000 f12=0x80000000
     110995.000 ns	     11098	800024a0	a1b1a0d3	feq.s	x1,f3,f27	  f3:0xff800000 f27:0x00000000  x1=0x00000000
     111015.000 ns	     11100	800024a4	3e8bea93	ori	x21,x23,1000	 x23:0x00000000 x21=0x000003e8
     111035.000 ns	     11102	800024a8	0257c8b3	div	x17,x15,x5	 x15:0x00000001  x5:0x00000000 x17=0xffffffff
     111065.000 ns	     11105	800024ac	f0030cd3	fmv.w.x	f25,x6	  x6:0x00000000 f25=0x00000000
     111085.000 ns	     11107	800024b0	af044e13	xori	x28,x8,-1296	  x8:0x00000000 x28=0xfffffaf0
     111105.000 ns	     11109	800024b4	28aa8fd3	fmin.s	f31,f21,f10	 f21:0xd1628ec2 f10:0x7fc00000 f31=0xd1628ec2
     111135.000 ns	     11112	800024b8	c01bf153	fcvt.wu.s	x2,f23	 f23:0x4ee5806c  x2=0x72c03600
     111185.000 ns	     11117	800024bc	019d7653	fadd.s	f12,f26,f25	 f26:0xcf7fffff f25:0x00000000 f12=0xcf7fffff
     111235.000 ns	     11122	800024c0	001b20d3	fadd.s	f1,f22,f1	 f22:0x80000000  f1:0x80000000  f1=0x80000000
     111605.000 ns	     11159	800024c4	02f361b3	rem	x3,x6,x15	  x6:0x00000000 x15:0x00000001  x3=0x00000000
     111625.000 ns	     11161	800024c8	d9cf7893	andi	x17,x30,-612	 x30:0x00000005 x17=0x00000004
     111985.000 ns	     11197	800024cc	035f42b3	div	x5,x30,x21	 x30:0x00000005 x21:0x000003e8  x5=0x00000000
     112015.000 ns	     11200	800024d0	02f61433	mulh	x8,x12,x15	 x12:0xcf7fffff x15:0x00000001  x8=0xffffffff
     112355.000 ns	     11234	800024d4	19f3f4d3	fdiv.s	f9,f7,f31	  f7:0x4d391ac6 f31:0xd1628ec2  f9=0xbb391ac6
     112375.000 ns	     11236	800024d8	41588b33	sub	x22,x17,x21	 x17:0x00000004 x21:0x000003e8 x22=0xfffffc1c
     112405.000 ns	     11239	800024dc	580ca953	fsqrt.s	f18,f25	 f25:0x00000000 f18=0x00000000
     112425.000 ns	     11241	800024e0	01299833	sll	x16,x19,x18	 x19:0xfffffb38 x18:0x00000022 x16=0xffffece0
     112445.000 ns	     11243	800024e4	c01d7b53	fcvt.wu.s	x22,f26	 f26:0xcf7fffff x22=0xffffff00
     112465.000 ns	     11245	800024e8	008b1d33	sll	x26,x22,x8	 x22:0xfffffc1c  x8:0xffffffff x26=0x00000000
     112485.000 ns	     11247	800024ec	c01c7cd3	fcvt.wu.s	x25,f24	 f24:0x4f41e296 x25=0xc1e29600
     112505.000 ns	     11249	800024f0	015188b3	add	x17,x3,x21	  x3:0x00000000 x21:0x000003e8 x17=0x000003e8
     112525.000 ns	     11251	800024f4	d01f8753	fcvt.s.wu	f14,x31	 x31:0x80040fe4 f14=0x4f000410
     112575.000 ns	     11256	800024f8	090bfc53	fsub.s	f24,f23,f16	 f23:0x4ee5806c f16:0x3f800000 f24=0x4ee5806b
     112605.000 ns	     11259	800024fc	21261953	fsgnjn.s	f18,f12,f18	 f12:0xcf7fffff f18:0x00000000 f18=0xcf7fffff
     112625.000 ns	     11261	80002500	009867b3	or	x15,x16,x9	 x16:0xffffece0  x9:0x80041024 x15=0xfffffce4
     112635.000 ns	     11262	80002504	407e8933	sub	x18,x29,x7	 x29:0xfffff840  x7:0x00000000 x18=0xfffff840
     112655.000 ns	     11264	80002508	039caab3	mulhsu	x21,x25,x25	 x25:0xc1e29600 x25:0xc1e29600 x21=0xd0f4d8b9
     112685.000 ns	     11267	8000250c	a13e8953	fle.s	x18,f29,f19	 f29:0x7fc00000 f19:0xbf800000 x18=0x00000000
     112715.000 ns	     11270	80002510	a18a8b53	fle.s	x22,f21,f24	 f21:0xd1628ec2 f24:0x4ee5806b x22=0x00000001
     112735.000 ns	     11272	80002514	40ba8ab3	sub	x21,x21,x11	 x21:0xd0f4d8b9 x11:0x80000000 x21=0x50f4d8b9
     112755.000 ns	     11274	80002518	0387a333	mulhsu	x6,x15,x24	 x15:0xfffffce4 x24:0x00000000  x6=0x00000000
     112785.000 ns	     11277	8000251c	020415b3	mulh	x11,x8,x0	  x8:0xffffffff  x0:0x00000000 x11=0x00000000
     112815.000 ns	     11280	80002520	f0058ed3	fmv.w.x	f29,x11	 x11:0x80000000 f29=0x00000000
     112835.000 ns	     11282	80002524	01358a33	add	x20,x11,x19	 x11:0x00000000 x19:0xfffffb38 x20=0xfffffb38
     112845.000 ns	     11283	80002528	00737833	and	x16,x6,x7	  x6:0x00000000  x7:0x00000000 x16=0x00000000
     112875.000 ns	     11286	8000252c	5804aad3	fsqrt.s	f21,f9	  f9:0xbb391ac6 f21=0x7fc00000
     112895.000 ns	     11288	80002530	0098d2b3	srl	x5,x17,x9	 x17:0x000003e8  x9:0x80041024  x5=0x0000003e
     112905.000 ns	     11289	80002534	18b8a193	slti	x3,x17,395	 x17:0x000003e8  x3=0x00000000
     112925.000 ns	     11291	80002538	29810fd3	fmin.s	f31,f2,f24	  f2:0x7fc00000 f24:0x4ee5806b f31=0x4ee5806b
     112955.000 ns	     11294	8000253c	a1be0dd3	fle.s	x27,f28,f27	 f28:0x7fc00000 f27:0x00000000 x27=0x00000000
     112985.000 ns	     11297	80002540	c003f753	fcvt.w.s	x14,f7	  f7:0x4d391ac6 x14=0x0b91ac60
     113005.000 ns	     11299	80002544	00fb55b3	srl	x11,x22,x15	 x22:0x00000001 x15:0xfffffce4 x11=0x00000000
     113015.000 ns	     11300	80002548	abfaf917	auipc	x18,0xabfaf	 x18=0x2bfb1548
     113025.000 ns	     11301	8000254c	001942b3	xor	x5,x18,x1	 x18:0x00000000  x1:0x00000000  x5=0x2bfb1548
     113035.000 ns	     11302	80002550	807a6593	ori	x11,x20,-2041	 x20:0xfffffb38 x11=0xfffffb3f
     113055.000 ns	     11304	80002554	03b9d333	divu	x6,x19,x27	 x19:0xfffffb38 x27:0x00000000  x6=0xffffffff
     113075.000 ns	     11306	80002558	4018d293	srai	x5,x17,0x1	 x17:0x000003e8  x5=0x000001f4
     113085.000 ns	     11307	8000255c	00d41633	sll	x12,x8,x13	  x8:0xffffffff x13:0x00000001 x12=0xfffffffe
     113105.000 ns	     11309	80002560	e0098b53	fmv.x.w	x22,f19	 f19:0xbf800000 x22=0xbf800000
     113135.000 ns	     11312	80002564	a0a1a753	feq.s	x14,f3,f10	  f3:0xff800000 f10:0x7fc00000 x14=0x00000000
     113155.000 ns	     11314	80002568	405fddb3	sra	x27,x31,x5	 x31:0x80040fe4  x5:0x000001f4 x27=0xfffff800
     113175.000 ns	     11316	8000256c	d0097353	fcvt.s.w	f6,x18	 x18:0x2bfb1548  f6=0x4e2fec55
     113215.000 ns	     11320	80002570	19c17e53	fdiv.s	f28,f2,f28	  f2:0x7fc00000 f28:0x7fc00000 f28=0x7fc00000
     113245.000 ns	     11323	80002574	208c29d3	fsgnjx.s	f19,f24,f8	 f24:0x4ee5806b  f8:0x00000000 f19=0x4ee5806b
     113275.000 ns	     11326	80002578	290f9dd3	fmax.s	f27,f31,f16	 f31:0x4ee5806b f16:0x3f800000 f27=0x4ee5806b
     113295.000 ns	     11328	8000257c	76d7bc13	sltiu	x24,x15,1901	 x15:0xfffffce4 x24=0x00000000
     113305.000 ns	     11329	80002580	86b38db7	lui	x27,0x86b38	 x27=0x86b38000
     113315.000 ns	     11330	80002584	ebbe6113	ori	x2,x28,-325	 x28:0xfffffaf0  x2=0xfffffefb
     113675.000 ns	     11366	80002588	022a5833	divu	x16,x20,x2	 x20:0xfffffb38  x2:0x72c03600 x16=0x00000000
     113695.000 ns	     11368	8000258c	41835433	sra	x8,x6,x24	  x6:0xffffffff x24:0x00000000  x8=0xffffffff
     113715.000 ns	     11370	80002590	a0028ed3	fle.s	x29,f5,f0	  f5:0xcf7fffff  f0:0xcf7fffff x29=0x00000001
     113735.000 ns	     11372	80002594	00000013	addi	x0,x0,0	  x0:0x00000000
     113755.000 ns	     11374	80002598	d0089a53	fcvt.s.w	f20,x17	 x17:0x000003e8 f20=0x447a0000
     113785.000 ns	     11377	8000259c	02610a33	mul	x20,x2,x6	  x2:0xfffffefb  x6:0xffffffff x20=0x00000105
     114155.000 ns	     11414	800025a0	036a5ab3	divu	x21,x20,x22	 x20:0xfffffb38 x22:0xbf800000 x21=0x00000000
     114525.000 ns	     11451	800025a4	02dd4f33	div	x30,x26,x13	 x26:0x00000000 x13:0x00000001 x30=0x00000000
     114545.000 ns	     11453	800025a8	406d51b3	sra	x3,x26,x6	 x26:0x00000000  x6:0xffffffff  x3=0x00000000
     114565.000 ns	     11455	800025ac	280489d3	fmin.s	f19,f9,f0	  f9:0xbb391ac6  f0:0xcf7fffff f19=0xcf7fffff
     114585.000 ns	     11457	800025b0	40ad8833	sub	x16,x27,x10	 x27:0x86b38000 x10:0xc1e296ff x16=0xc4d0e901
     114605.000 ns	     11459	800025b4	022032b3	mulhu	x5,x0,x2	  x0:0x00000000  x2:0xfffffefb  x5=0x00000000
     114625.000 ns	     11461	800025b8	006b1f33	sll	x30,x22,x6	 x22:0xbf800000  x6:0xffffffff x30=0x00000000
     114635.000 ns	     11462	800025bc	0005d413	srli	x8,x11,0x0	 x11:0xfffffb3f  x8=0xfffffb3f
     114645.000 ns	     11463	800025c0	12c2b697	auipc	x13,0x12c2b	 x13=0x92c2d5c0
     114655.000 ns	     11464	800025c4	00aa9433	sll	x8,x21,x10	 x21:0x00000000 x10:0xc1e296ff  x8=0x00000000
     114675.000 ns	     11466	800025c8	03f88933	mul	x18,x17,x31	 x17:0x000003e8 x31:0x80040fe4 x18=0x0fde12a0
     114725.000 ns	     11471	800025cc	01f81c53	fadd.s	f24,f16,f31	 f16:0x3f800000 f31:0x4ee5806b f24=0x4ee5806b
     114745.000 ns	     11473	800025d0	29716593	ori	x11,x2,663	  x2:0xfffffefb x11=0xfffffeff
     114785.000 ns	     11477	800025d4	08697d53	fsub.s	f26,f18,f6	 f18:0xcf7fffff  f6:0x4e2fec55 f26=0xcf95fd8a
     114815.000 ns	     11480	800025d8	03e96733	rem	x14,x18,x30	 x18:0x0fde12a0 x30:0x00000000 x14=0x0fde12a0
     114855.000 ns	     11484	800025dc	107130d3	fmul.s	f1,f2,f7	  f2:0x7fc00000  f7:0x4d391ac6  f1=0x7fc00000
     114875.000 ns	     11486	800025e0	409e0db3	sub	x27,x28,x9	 x28:0xfffffaf0  x9:0x80041024 x27=0x7ffbeacc
     114885.000 ns	     11487	800025e4	01e648b3	xor	x17,x12,x30	 x12:0xfffffffe x30:0x00000000 x17=0xfffffffe
     115245.000 ns	     11523	800025e8	026c4ab3	div	x21,x24,x6	 x24:0x00000000  x6:0xffffffff x21=0x00000000
     115265.000 ns	     11525	800025ec	4031d793	srai	x15,x3,0x3	  x3:0x00000000 x15=0x00000000
     115285.000 ns	     11527	800025f0	02c71db3	mulh	x27,x14,x12	 x14:0x0fde12a0 x12:0xfffffffe x27=0xffffffff
     115315.000 ns	     11530	800025f4	e00990d3	fclass.s	x1,f19	 f19:0xcf7fffff  x1=0x00000002
     115345.000 ns	     11533	800025f8	e00997d3	fclass.s	x15,f19	 f19:0xcf7fffff x15=0x00000002
     115375.000 ns	     11536	800025fc	f00c8953	fmv.w.x	f18,x25	 x25:0xc1e29600 f18=0xc1e29600
     115395.000 ns	     11538	80002600	378fae13	slti	x28,x31,888	 x31:0x80040fe4 x28=0x00000001
     115405.000 ns	     11539	80002604	81dacd13	xori	x26,x21,-2019	 x21:0x00000000 x26=0xfffff81d
     115435.000 ns	     11542	80002608	114bfb53	fmul.s	f22,f23,f20	 f23:0x4ee5806c f20:0x447a0000 f22=0x53e01f69
     115475.000 ns	     11546	8000260c	11558fd3	fmul.s	f31,f11,f21	 f11:0x00000000 f21:0x7fc00000 f31=0x7fc00000
     115505.000 ns	     11549	80002610	a07a00d3	fle.s	x1,f20,f7	 f20:0x447a0000  f7:0x4d391ac6  x1=0x00000001
     115535.000 ns	     11552	80002614	03e30a33	mul	x20,x6,x30	  x6:0xffffffff x30:0x00000000 x20=0x00000000
     115565.000 ns	     11555	80002618	030e9e33	mulh	x28,x29,x16	 x29:0x00000001 x16:0xc4d0e901 x28=0xffffffff
     115595.000 ns	     11558	8000261c	0279b6b3	mulhu	x13,x19,x7	 x19:0xfffffb38  x7:0x00000000 x13=0x00000000
     115625.000 ns	     11561	80002620	02c70cb3	mul	x25,x14,x12	 x14:0x0fde12a0 x12:0xfffffffe x25=0xe043dac0
     115665.000 ns	     11565	80002624	186185d3	fdiv.s	f11,f3,f6	  f3:0xff800000  f6:0x4e2fec55 f11=0xff800000
     115715.000 ns	     11570	80002628	01f77a53	fadd.s	f20,f14,f31	 f14:0x4f000410 f31:0x7fc00000 f20=0x7fc00000
     115735.000 ns	     11572	8000262c	4116d693	srai	x13,x13,0x11	 x13:0x00000000 x13=0x00000000
     116095.000 ns	     11608	80002630	031b57b3	divu	x15,x22,x17	 x22:0xbf800000 x17:0xfffffffe x15=0x00000000
     116125.000 ns	     11611	80002634	20eea2d3	fsgnjx.s	f5,f29,f14	 f29:0x00000000 f14:0x4f000410  f5=0x00000000
     116155.000 ns	     11614	80002638	a13d0053	fle.s	x0,f26,f19	 f26:0xcf95fd8a f19:0xcf7fffff
     116185.000 ns	     11617	8000263c	28b01e53	fmax.s	f28,f0,f11	  f0:0xcf7fffff f11:0xff800000 f28=0xcf7fffff
     116215.000 ns	     11620	80002640	200aa653	fsgnjx.s	f12,f21,f0	 f21:0x7fc00000  f0:0xcf7fffff f12=0xffc00000
     116235.000 ns	     11622	80002644	820f0393	addi	x7,x30,-2016	 x30:0x00000000  x7=0xfffff820
     116255.000 ns	     11624	80002648	0255feb3	remu	x29,x11,x5	 x11:0xfffffeff  x5:0x00000000 x29=0xfffffeff
     116285.000 ns	     11627	8000264c	02f49633	mulh	x12,x9,x15	  x9:0x80041024 x15:0x00000000 x12=0x00000000
     116655.000 ns	     11664	80002650	03fdde33	divu	x28,x27,x31	 x27:0xffffffff x31:0x80040fe4 x28=0x00000001
     116675.000 ns	     11666	80002654	0116d233	srl	x4,x13,x17	 x13:0x00000000 x17:0xfffffffe  x4=0x00000000
     116715.000 ns	     11670	80002658	084902d3	fsub.s	f5,f18,f4	 f18:0xc1e29600  f4:0x00000000  f5=0xc1e29600
     116735.000 ns	     11672	8000265c	006f2033	slt	x0,x30,x6	 x30:0x00000000  x6:0xffffffff
     116745.000 ns	     11673	80002660	40610f33	sub	x30,x2,x6	  x2:0xfffffefb  x6:0xffffffff x30=0xfffffefc
     117105.000 ns	     11709	80002664	03397033	remu	x0,x18,x19	 x18:0x0fde12a0 x19:0xfffffb38
     117475.000 ns	     11746	80002668	03fa5733	divu	x14,x20,x31	 x20:0x00000000 x31:0x80040fe4 x14=0x00000000
     117495.000 ns	     11748	8000266c	a98f4893	xori	x17,x30,-1384	 x30:0xfffffefc x17=0x00000464
     117515.000 ns	     11750	80002670	a078a953	feq.s	x18,f17,f7	 f17:0x00000000  f7:0x4d391ac6 x18=0x00000000
     117535.000 ns	     11752	80002674	403283b3	sub	x7,x5,x3	  x5:0x00000000  x3:0x00000000  x7=0x00000000
     117545.000 ns	     11753	80002678	003a86b3	add	x13,x21,x3	 x21:0x00000000  x3:0x00000000 x13=0x00000000
     117555.000 ns	     11754	8000267c	58dc4693	xori	x13,x24,1421	 x24:0x00000000 x13=0x0000058d
     117565.000 ns	     11755	80002680	01419a93	slli	x21,x3,0x14	  x3:0x00000000 x21=0x00000000
     117575.000 ns	     11756	80002684	3db40813	addi	x16,x8,987	  x8:0x00000000 x16=0x000003db
     117585.000 ns	     11757	80002688	41d55e33	sra	x28,x10,x29	 x10:0xc1e296ff x29:0xfffffeff x28=0xffffffff
     117595.000 ns	     11758	8000268c	01c5d833	srl	x16,x11,x28	 x11:0xfffffeff x28:0x00000001 x16=0x00000001
     117615.000 ns	     11760	80002690	03849a33	mulh	x20,x9,x24	  x9:0x80041024 x24:0x00000000 x20=0x00000000
     117635.000 ns	     11762	80002694	012553b3	srl	x7,x10,x18	 x10:0xc1e296ff x18:0x00000000  x7=0xc1e296ff
     117645.000 ns	     11763	80002698	05550393	addi	x7,x10,85	 x10:0xc1e296ff  x7=0xc1e29754
     117665.000 ns	     11765	8000269c	02710c33	mul	x24,x2,x7	  x2:0xfffffefb  x7:0x00000000 x24=0x53fbb75c
     117695.000 ns	     11768	800026a0	215f0ad3	fsgnj.s	f21,f30,f21	 f30:0xe1628ebc f21:0x7fc00000 f21=0x61628ebc
     118065.000 ns	     11805	800026a4	03c0c633	div	x12,x1,x28	  x1:0x00000001 x28:0xffffffff x12=0xffffffff
     118095.000 ns	     11808	800026a8	f00b0653	fmv.w.x	f12,x22	 x22:0xbf800000 f12=0xbf800000
     118115.000 ns	     11810	800026ac	00b450b3	srl	x1,x8,x11	  x8:0x00000000 x11:0xfffffeff  x1=0x00000000
     118135.000 ns	     11812	800026b0	c0047ed3	fcvt.w.s	x29,f8	  f8:0x00000000 x29=0x00000000
     118165.000 ns	     11815	800026b4	d0107253	fcvt.s.wu	f4,x0	  x0:0x00000000  f4=0x00000000
     118195.000 ns	     11818	800026b8	031f23b3	mulhsu	x7,x30,x17	 x30:0xfffffefc x17:0x00000464  x7=0xffffffff
     118215.000 ns	     11820	800026bc	00bc76b3	and	x13,x24,x11	 x24:0x53fbb75c x11:0xfffffeff x13=0x53fbb65c
     118235.000 ns	     11822	800026c0	f00580d3	fmv.w.x	f1,x11	 x11:0xfffffeff  f1=0xfffffeff
     118265.000 ns	     11825	800026c4	28420bd3	fmin.s	f23,f4,f4	  f4:0x00000000  f4:0x00000000 f23=0x00000000
     118285.000 ns	     11827	800026c8	e74ee293	ori	x5,x29,-396	 x29:0x00000000  x5=0xfffffe74
     118295.000 ns	     11828	800026cc	542d0113	addi	x2,x26,1346	 x26:0xfffff81d  x2=0xfffffd5f
     118305.000 ns	     11829	800026d0	fd635617	auipc	x12,0xfd635	 x12=0x7d6376d0
     118335.000 ns	     11832	800026d4	18151553	fdiv.s	f10,f10,f1	 f10:0x7fc00000  f1:0xfffffeff f10=0x7fc00000
     118355.000 ns	     11834	800026d8	00ab06b3	add	x13,x22,x10	 x22:0xbf800000 x10:0xc1e296ff x13=0x816296ff
     118375.000 ns	     11836	800026dc	29dc97d3	fmax.s	f15,f25,f29	 f25:0x00000000 f29:0x00000000 f15=0x00000000
     118405.000 ns	     11839	800026e0	f0088b53	fmv.w.x	f22,x17	 x17:0x00000464 f22=0x00000464
     118435.000 ns	     11842	800026e4	e0078d53	fmv.x.w	x26,f15	 f15:0x00000000 x26=0x00000000
     118465.000 ns	     11845	800026e8	033e8b33	mul	x22,x29,x19	 x29:0x00000000 x19:0xfffffb38 x22=0x00000000
     118495.000 ns	     11848	800026ec	d0087153	fcvt.s.w	f2,x16	 x16:0x00000001  f2=0x3f800000
     118515.000 ns	     11850	800026f0	001d1913	slli	x18,x26,0x1	 x26:0x00000000 x18=0x00000000
     118525.000 ns	     11851	800026f4	00595b93	srli	x23,x18,0x5	 x18:0x00000000 x23=0x00000000
     118535.000 ns	     11852	800026f8	014e9033	sll	x0,x29,x20	 x29:0x00000000 x20:0x00000000
     118545.000 ns	     11853	800026fc	01301313	slli	x6,x0,0x13	  x0:0x00000000  x6=0x00000000
     118565.000 ns	     11855	80002700	027f0033	mul	x0,x30,x7	 x30:0xfffffefc  x7:0xffffffff
     118585.000 ns	     11857	80002704	01c65d93	srli	x27,x12,0x1c	 x12:0x7d6376d0 x27=0x00000007
     118945.000 ns	     11893	80002708	022c4e33	div	x28,x24,x2	 x24:0x53fbb75c  x2:0xfffffd5f x28=0xffe00dce
     118975.000 ns	     11896	8000270c	e00218d3	fclass.s	x17,f4	  f4:0x00000000 x17=0x00000010
     118995.000 ns	     11898	80002710	00bb9d13	slli	x26,x23,0xb	 x23:0x00000000 x26=0x00000000
     119015.000 ns	     11900	80002714	0278aeb3	mulhsu	x29,x17,x7	 x17:0x00000010  x7:0xffffffff x29=0x0000000f
     119035.000 ns	     11902	80002718	0035eeb3	or	x29,x11,x3	 x11:0xfffffeff  x3:0x00000000 x29=0xfffffeff
     119045.000 ns	     11903	8000271c	d6474837	lui	x16,0xd6474	 x16=0xd6474000
     119055.000 ns	     11904	80002720	0043b033	sltu	x0,x7,x4	  x7:0xffffffff  x4:0x00000000
     119075.000 ns	     11906	80002724	d01a3853	fcvt.s.wu	f16,x20	 x20:0x00000000 f16=0x00000000
     119105.000 ns	     11909	80002728	a0289ed3	flt.s	x29,f17,f2	 f17:0x00000000  f2:0x3f800000 x29=0x00000001
     119125.000 ns	     11911	8000272c	01c343b3	xor	x7,x6,x28	  x6:0x00000000 x28:0xffe00dce  x7=0xffe00dce
     119135.000 ns	     11912	80002730	003082b3	add	x5,x1,x3	  x1:0x00000000  x3:0x00000000  x5=0x00000000
     119155.000 ns	     11914	80002734	027637b3	mulhu	x15,x12,x7	 x12:0x7d6376d0  x7:0xffffffff x15=0x7d53d124
     119175.000 ns	     11916	80002738	feb4c093	xori	x1,x9,-21	  x9:0x80041024  x1=0x7ffbefcf
     119195.000 ns	     11918	8000273c	a0272bd3	feq.s	x23,f14,f2	 f14:0x4f000410  f2:0x3f800000 x23=0x00000000
     119225.000 ns	     11921	80002740	020f0433	mul	x8,x30,x0	 x30:0xfffffefc  x0:0x00000000  x8=0x00000000
     119245.000 ns	     11923	80002744	41bc5993	srai	x19,x24,0x1b	 x24:0x53fbb75c x19=0x0000000a
     119255.000 ns	     11924	80002748	01672ab3	slt	x21,x14,x22	 x14:0x00000000 x22:0x00000000 x21=0x00000000
     119275.000 ns	     11926	8000274c	a11d9253	flt.s	x4,f27,f17	 f27:0x4ee5806b f17:0x00000000  x4=0x00000000
     119295.000 ns	     11928	80002750	41605a93	srai	x21,x0,0x16	  x0:0x00000000 x21=0x00000000
     119315.000 ns	     11930	80002754	03760c33	mul	x24,x12,x23	 x12:0x7d6376d0 x23:0x00000000 x24=0x00000000
     119345.000 ns	     11933	80002758	28da9253	fmax.s	f4,f21,f13	 f21:0x61628ebc f13:0xcf000410  f4=0x61628ebc
     119365.000 ns	     11935	8000275c	016b4ab3	xor	x21,x22,x22	 x22:0x00000000 x22:0x00000000 x21=0x00000000
     119375.000 ns	     11936	80002760	00951a33	sll	x20,x10,x9	 x10:0xc1e296ff  x9:0x80041024 x20=0x1e296ff0
     119395.000 ns	     11938	80002764	02e69733	mulh	x14,x13,x14	 x13:0x816296ff x14:0x00000000 x14=0x00000000
     119425.000 ns	     11941	80002768	28ee8bd3	fmin.s	f23,f29,f14	 f29:0x00000000 f14:0x4f000410 f23=0x00000000
     119795.000 ns	     11978	8000276c	029b7333	remu	x6,x22,x9	 x22:0x00000000  x9:0x80041024  x6=0x00000000
     119815.000 ns	     11980	80002770	405358b3	sra	x17,x6,x5	  x6:0x00000000  x5:0x00000000 x17=0x00000000
     119825.000 ns	     11981	80002774	ecffecb7	lui	x25,0xecffe	 x25=0xecffe000
     119865.000 ns	     11985	80002778	0107f2d3	fadd.s	f5,f15,f16	 f15:0x00000000 f16:0x00000000  f5=0x00000000
     119885.000 ns	     11987	8000277c	01370933	add	x18,x14,x19	 x14:0x00000000 x19:0x0000000a x18=0x0000000a
     119905.000 ns	     11989	80002780	a1598953	fle.s	x18,f19,f21	 f19:0xcf7fffff f21:0x61628ebc x18=0x00000001
     119925.000 ns	     11991	80002784	00255833	srl	x16,x10,x2	 x10:0xc1e296ff  x2:0xfffffd5f x16=0x00000001
     119935.000 ns	     11992	80002788	01f6e733	or	x14,x13,x31	 x13:0x816296ff x31:0x80040fe4 x14=0x81669fff
     119945.000 ns	     11993	8000278c	1cccb237	lui	x4,0x1cccb	  x4=0x1cccb000
     119955.000 ns	     11994	80002790	8a38ca93	xori	x21,x17,-1885	 x17:0x00000000 x21=0xfffff8a3
     120315.000 ns	     12030	80002794	02fbf733	remu	x14,x23,x15	 x23:0x00000000 x15:0x7d53d124 x14=0x00000000
     120335.000 ns	     12032	80002798	001ee9b3	or	x19,x29,x1	 x29:0x00000001  x1:0x7ffbefcf x19=0x7ffbefcf
     120355.000 ns	     12034	8000279c	a0c62cd3	feq.s	x25,f12,f12	 f12:0xbf800000 f12:0xbf800000 x25=0x00000001
     120375.000 ns	     12036	800027a0	30de8697	auipc	x13,0x30de8	 x13=0xb0dea7a0
     120395.000 ns	     12038	800027a4	027d3bb3	mulhu	x23,x26,x7	 x26:0x00000000  x7:0xffe00dce x23=0x00000000
     120435.000 ns	     12042	800027a8	191e8fd3	fdiv.s	f31,f29,f17	 f29:0x00000000 f17:0x00000000 f31=0x7fc00000
     120455.000 ns	     12044	800027ac	00afdc13	srli	x24,x31,0xa	 x31:0x80040fe4 x24=0x00200103
     120465.000 ns	     12045	800027b0	f18b7093	andi	x1,x22,-232	 x22:0x00000000  x1=0x00000000
     120825.000 ns	     12081	800027b4	030970b3	remu	x1,x18,x16	 x18:0x00000001 x16:0x00000001  x1=0x00000000
     120855.000 ns	     12084	800027b8	f0038a53	fmv.w.x	f20,x7	  x7:0xffe00dce f20=0xffe00dce
     120905.000 ns	     12089	800027bc	0175b6d3	fadd.s	f13,f11,f23	 f11:0xff800000 f23:0x00000000 f13=0xff800000
     120925.000 ns	     12091	800027c0	c4626e13	ori	x28,x4,-954	  x4:0x1cccb000 x28=0xfffffc46
     121285.000 ns	     12127	800027c4	02a3f133	remu	x2,x7,x10	  x7:0xffe00dce x10:0xc1e296ff  x2=0x3dfd76cf
     121325.000 ns	     12131	800027c8	10a77153	fmul.s	f2,f14,f10	 f14:0x4f000410 f10:0x7fc00000  f2=0x7fc00000
     121355.000 ns	     12134	800027cc	28240853	fmin.s	f16,f8,f2	  f8:0x00000000  f2:0x3f800000 f16=0x00000000
     121385.000 ns	     12137	800027d0	e00c15d3	fclass.s	x11,f24	 f24:0x4ee5806b x11=0x00000040
     121405.000 ns	     12139	800027d4	005b2433	slt	x8,x22,x5	 x22:0x00000000  x5:0x00000000  x8=0x00000000
     121425.000 ns	     12141	800027d8	a06d2653	feq.s	x12,f26,f6	 f26:0xcf95fd8a  f6:0x4e2fec55 x12=0x00000000
     122605.000 ns	     12259	800027dc	580b76d3	fsqrt.s	f13,f22	 f22:0x00000464 f13=0x1f350ab8
     122975.000 ns	     12296	800027e0	02ab7ab3	remu	x21,x22,x10	 x22:0x00000000 x10:0xc1e296ff x21=0x00000000
     123345.000 ns	     12333	800027e4	0391eab3	rem	x21,x3,x25	  x3:0x00000000 x25:0x00000001 x21=0x00000000
     123365.000 ns	     12335	800027e8	00000013	addi	x0,x0,0	  x0:0x00000000
     123405.000 ns	     12339	800027ec	0021f753	fadd.s	f14,f3,f2	  f3:0xff800000  f2:0x7fc00000 f14=0x7fc00000
     123435.000 ns	     12342	800027f0	03628db3	mul	x27,x5,x22	  x5:0x00000000 x22:0x00000000 x27=0x00000000
     123465.000 ns	     12345	800027f4	a109a953	feq.s	x18,f19,f16	 f19:0xcf7fffff f16:0x00000000 x18=0x00000000
     123495.000 ns	     12348	800027f8	03878b33	mul	x22,x15,x24	 x15:0x7d53d124 x24:0x00200103 x22=0xf04c976c
     123525.000 ns	     12351	800027fc	29af9053	fmax.s	f0,f31,f26	 f31:0x7fc00000 f26:0xcf95fd8a  f0=0xcf95fd8a
     123545.000 ns	     12353	80002800	7410fe37	lui	x28,0x7410f	 x28=0x7410f000
     123555.000 ns	     12354	80002804	ed760993	addi	x19,x12,-297	 x12:0x00000000 x19=0xfffffed7
     123575.000 ns	     12356	80002808	f00c0d53	fmv.w.x	f26,x24	 x24:0x00200103 f26=0x00200103
     123605.000 ns	     12359	8000280c	02805f33	divu	x30,x0,x8	  x0:0x00000000  x8:0x00000000 x30=0xffffffff
     123975.000 ns	     12396	80002810	03f5d733	divu	x14,x11,x31	 x11:0x00000040 x31:0x80040fe4 x14=0x00000000
     124015.000 ns	     12400	80002814	19e81653	fdiv.s	f12,f16,f30	 f16:0x00000000 f30:0xe1628ebc f12=0x80000000
     124045.000 ns	     12403	80002818	02c07933	remu	x18,x0,x12	  x0:0x00000000 x12:0x00000000 x18=0x00000000
     124075.000 ns	     12406	8000281c	e00d8e53	fmv.x.w	x28,f27	 f27:0x4ee5806b x28=0x4ee5806b
     124105.000 ns	     12409	80002820	d00cfa53	fcvt.s.w	f20,x25	 x25:0x00000001 f20=0x3f800000
     124135.000 ns	     12412	80002824	e00c0253	fmv.x.w	x4,f24	 f24:0x4ee5806b  x4=0x4ee5806b
     124505.000 ns	     12449	80002828	024cddb3	divu	x27,x25,x4	 x25:0x00000001  x4:0x1cccb000 x27=0x00000000
     124535.000 ns	     12452	8000282c	28029553	fmax.s	f10,f5,f0	  f5:0x00000000  f0:0xcf95fd8a f10=0x00000000
     124555.000 ns	     12454	80002830	000f02b3	add	x5,x30,x0	 x30:0xffffffff  x0:0x00000000  x5=0xffffffff
     124575.000 ns	     12456	80002834	29439953	fmax.s	f18,f7,f20	  f7:0x4d391ac6 f20:0x3f800000 f18=0x4d391ac6
     124915.000 ns	     12490	80002838	184b7553	fdiv.s	f10,f22,f4	 f22:0x00000464  f4:0x61628ebc f10=0x00000000
     124945.000 ns	     12493	8000283c	2116a153	fsgnjx.s	f2,f13,f17	 f13:0x1f350ab8 f17:0x00000000  f2=0x1f350ab8
     124965.000 ns	     12495	80002840	3c73cf13	xori	x30,x7,967	  x7:0xffe00dce x30=0xffe00e09
     124975.000 ns	     12496	80002844	00925993	srli	x19,x4,0x9	  x4:0x4ee5806b x19=0x002772c0
     124985.000 ns	     12497	80002848	dbe97593	andi	x11,x18,-578	 x18:0x00000000 x11=0x00000000
     124995.000 ns	     12498	8000284c	01e77033	and	x0,x14,x30	 x14:0x00000000 x30:0xffe00e09
     125005.000 ns	     12499	80002850	01c3e433	or	x8,x7,x28	  x7:0xffe00dce x28:0x4ee5806b  x8=0xffe58def
     125015.000 ns	     12500	80002854	4b1a3213	sltiu	x4,x20,1201	 x20:0x1e296ff0  x4=0x00000000
     125025.000 ns	     12501	80002858	00c1b133	sltu	x2,x3,x12	  x3:0x00000000 x12:0x00000000  x2=0x00000000
     125035.000 ns	     12502	8000285c	410ddab3	sra	x21,x27,x16	 x27:0x00000000 x16:0x00000001 x21=0x00000000
     125065.000 ns	     12505	80002860	18f276d3	fdiv.s	f13,f4,f15	  f4:0x61628ebc f15:0x00000000 f13=0x7f800000
     125105.000 ns	     12509	80002864	5800cdd3	fsqrt.s	f27,f1	  f1:0xfffffeff f27=0x7fc00000
     125125.000 ns	     12511	80002868	a1598d13	addi	x26,x19,-1515	 x19:0x002772c0 x26=0x00276cd5
     125145.000 ns	     12513	8000286c	21ec0ed3	fsgnj.s	f29,f24,f30	 f24:0x4ee5806b f30:0xe1628ebc f29=0xcee5806b
     125175.000 ns	     12516	80002870	03ce9133	mulh	x2,x29,x28	 x29:0x00000001 x28:0x4ee5806b  x2=0x00000000
     125205.000 ns	     12519	80002874	c01ac253	fcvt.wu.s	x4,f21	 f21:0x61628ebc  x4=0xffffffff
     125225.000 ns	     12521	80002878	0172ea33	or	x20,x5,x23	  x5:0xffffffff x23:0x00000000 x20=0xffffffff
     125245.000 ns	     12523	8000287c	029618b3	mulh	x17,x12,x9	 x12:0x00000000  x9:0x80041024 x17=0x00000000
     125265.000 ns	     12525	80002880	40ff0733	sub	x14,x30,x15	 x30:0xffe00e09 x15:0x7d53d124 x14=0x828c3ce5
     125625.000 ns	     12561	80002884	0339c633	div	x12,x19,x19	 x19:0x002772c0 x19:0x002772c0 x12=0x00000001
     125995.000 ns	     12598	80002888	0381cb33	div	x22,x3,x24	  x3:0x00000000 x24:0x00200103 x22=0x00000000
     126045.000 ns	     12603	8000288c	08c074d3	fsub.s	f9,f0,f12	  f0:0xcf95fd8a f12:0x80000000  f9=0xcf95fd8a
     126065.000 ns	     12605	80002890	0071b0b3	sltu	x1,x3,x7	  x3:0x00000000  x7:0xffe00dce  x1=0x00000001
     126075.000 ns	     12606	80002894	86260213	addi	x4,x12,-1950	 x12:0x00000001  x4=0xfffff863
     126085.000 ns	     12607	80002898	001777b3	and	x15,x14,x1	 x14:0x828c3ce5  x1:0x00000000 x15=0x00000001
     126095.000 ns	     12608	8000289c	52e10c93	addi	x25,x2,1326	  x2:0x00000000 x25=0x0000052e
     126115.000 ns	     12610	800028a0	290199d3	fmax.s	f19,f3,f16	  f3:0xff800000 f16:0x00000000 f19=0x00000000
     126145.000 ns	     12613	800028a4	036868b3	rem	x17,x16,x22	 x16:0x00000001 x22:0x00000000 x17=0x00000001
     126165.000 ns	     12615	800028a8	00c499b3	sll	x19,x9,x12	  x9:0x80041024 x12:0x00000001 x19=0x00082048
     126175.000 ns	     12616	800028ac	2a266b93	ori	x23,x12,674	 x12:0x00000001 x23=0x000002a3
     126535.000 ns	     12652	800028b0	024ae0b3	rem	x1,x21,x4	 x21:0x00000000  x4:0xfffff863  x1=0x00000000
     126555.000 ns	     12654	800028b4	40d95833	sra	x16,x18,x13	 x18:0x00000000 x13:0xb0dea7a0 x16=0x00000000
     126565.000 ns	     12655	800028b8	d69c3f37	lui	x30,0xd69c3	 x30=0xd69c3000
     126575.000 ns	     12656	800028bc	400d80b3	sub	x1,x27,x0	 x27:0x00000000  x0:0x00000000  x1=0x00000000
     126595.000 ns	     12658	800028c0	20872453	fsgnjx.s	f8,f14,f8	 f14:0x7fc00000  f8:0x00000000  f8=0x7fc00000
     126615.000 ns	     12660	800028c4	412bd633	sra	x12,x23,x18	 x23:0x000002a3 x18:0x00000000 x12=0x000002a3
     126635.000 ns	     12662	800028c8	d01f9253	fcvt.s.wu	f4,x31	 x31:0x80040fe4  f4=0x4f00040f
     126665.000 ns	     12665	800028cc	e0090b53	fmv.x.w	x22,f18	 f18:0x4d391ac6 x22=0x4d391ac6
     126695.000 ns	     12668	800028d0	a071acd3	feq.s	x25,f3,f7	  f3:0xff800000  f7:0x4d391ac6 x25=0x00000000
     126715.000 ns	     12670	800028d4	00f0b6b3	sltu	x13,x1,x15	  x1:0x00000000 x15:0x00000001 x13=0x00000001
     126735.000 ns	     12672	800028d8	211f0b53	fsgnj.s	f22,f30,f17	 f30:0xe1628ebc f17:0x00000000 f22=0x61628ebc
     126765.000 ns	     12675	800028dc	21f2acd3	fsgnjx.s	f25,f5,f31	  f5:0x00000000 f31:0x7fc00000 f25=0x00000000
     126785.000 ns	     12677	800028e0	00000013	addi	x0,x0,0	  x0:0x00000000
     126805.000 ns	     12679	800028e4	29208353	fmin.s	f6,f1,f18	  f1:0xfffffeff f18:0x4d391ac6  f6=0x4d391ac6
     126835.000 ns	     12682	800028e8	f0088253	fmv.w.x	f4,x17	 x17:0x00000001  f4=0x00000001
     126855.000 ns	     12684	800028ec	01e09e33	sll	x28,x1,x30	  x1:0x00000000 x30:0xd69c3000 x28=0x00000000
     126865.000 ns	     12685	800028f0	a98a7813	andi	x16,x20,-1384	 x20:0xffffffff x16=0xfffffa98
     126875.000 ns	     12686	800028f4	8b9de313	ori	x6,x27,-1863	 x27:0x00000000  x6=0xfffff8b9
     126885.000 ns	     12687	800028f8	00000013	addi	x0,x0,0	  x0:0x00000000
     126895.000 ns	     12688	800028fc	017c59b3	srl	x19,x24,x23	 x24:0x00200103 x23:0x000002a3 x19=0x00040020
     126915.000 ns	     12690	80002900	d003bbd3	fcvt.s.w	f23,x7	  x7:0xffe00dce f23=0xc9ff9190
     126935.000 ns	     12692	80002904	01ec10b3	sll	x1,x24,x30	 x24:0x00200103 x30:0xd69c3000  x1=0x00200103
     126945.000 ns	     12693	80002908	40d5d813	srai	x16,x11,0xd	 x11:0x00000000 x16=0x00000000
     126955.000 ns	     12694	8000290c	40915b33	sra	x22,x2,x9	  x2:0x00000000  x9:0x80041024 x22=0x00000000
     126965.000 ns	     12695	80002910	01d440b3	xor	x1,x8,x29	  x8:0xffe58def x29:0x00000001  x1=0xffe58dee
     126975.000 ns	     12696	80002914	011d1793	slli	x15,x26,0x11	 x26:0x00276cd5 x15=0xd9aa0000
     126995.000 ns	     12698	80002918	a05b96d3	flt.s	x13,f23,f5	 f23:0xc9ff9190  f5:0x00000000 x13=0x00000001
     127365.000 ns	     12735	8000291c	0318fd33	remu	x26,x17,x17	 x17:0x00000001 x17:0x00000001 x26=0x00000000
     127395.000 ns	     12738	80002920	d013c0d3	fcvt.s.wu	f1,x7	  x7:0xffe00dce  f1=0x4f7fe00e
     127415.000 ns	     12740	80002924	00000013	addi	x0,x0,0	  x0:0x00000000
     127425.000 ns	     12741	80002928	01e080b3	add	x1,x1,x30	  x1:0xffe58dee x30:0xd69c3000  x1=0xd681bdee
     127445.000 ns	     12743	8000292c	c01629d3	fcvt.wu.s	x19,f12	 f12:0x80000000 x19=0x00000000
     127485.000 ns	     12747	80002930	11c8f353	fmul.s	f6,f17,f28	 f17:0x00000000 f28:0xcf7fffff  f6=0x80000000
     127505.000 ns	     12749	80002934	00969293	slli	x5,x13,0x9	 x13:0x00000001  x5=0x00000200
     127515.000 ns	     12750	80002938	40dc0ab3	sub	x21,x24,x13	 x24:0x00200103 x13:0x00000001 x21=0x00200102
     127535.000 ns	     12752	8000293c	a0249753	flt.s	x14,f9,f2	  f9:0xcf95fd8a  f2:0x1f350ab8 x14=0x00000001
     127565.000 ns	     12755	80002940	e0041ad3	fclass.s	x21,f8	  f8:0x7fc00000 x21=0x00000200
     127585.000 ns	     12757	80002944	6d6a8b13	addi	x22,x21,1750	 x21:0x00200102 x22=0x000008d6
     127595.000 ns	     12758	80002948	4582b913	sltiu	x18,x5,1112	  x5:0x00000200 x18=0x00000001
     127615.000 ns	     12760	8000294c	02c3ac33	mulhsu	x24,x7,x12	  x7:0xffe00dce x12:0x000002a3 x24=0xffffffff
     127645.000 ns	     12763	80002950	211319d3	fsgnjn.s	f19,f6,f17	  f6:0x80000000 f17:0x00000000 f19=0x80000000
     127685.000 ns	     12767	80002954	580bfd53	fsqrt.s	f26,f23	 f23:0xc9ff9190 f26=0x7fc00000
     127705.000 ns	     12769	80002958	410f0bb3	sub	x23,x30,x16	 x30:0xd69c3000 x16:0x00000000 x23=0xd69c3000
     127715.000 ns	     12770	8000295c	c0ce8913	addi	x18,x29,-1012	 x29:0x00000001 x18=0xfffffc0d
     127725.000 ns	     12771	80002960	00132eb3	slt	x29,x6,x1	  x6:0xfffff8b9  x1:0xd681bdee x29=0x00000000
     127735.000 ns	     12772	80002964	01acf2b3	and	x5,x25,x26	 x25:0x00000000 x26:0x00000000  x5=0x00000000
     127745.000 ns	     12773	80002968	40250b33	sub	x22,x10,x2	 x10:0xc1e296ff  x2:0x00000000 x22=0xc1e296ff
     127755.000 ns	     12774	8000296c	00000013	addi	x0,x0,0	  x0:0x00000000
     127765.000 ns	     12775	80002970	005317b3	sll	x15,x6,x5	  x6:0xfffff8b9  x5:0x00000000 x15=0xfffff8b9
     127775.000 ns	     12776	80002974	b888e017	auipc	x0,0xb888e	
     127815.000 ns	     12780	80002978	09fd8ad3	fsub.s	f21,f27,f31	 f27:0x7fc00000 f31:0x7fc00000 f21=0x7fc00000
     127845.000 ns	     12783	8000297c	e00b11d3	fclass.s	x3,f22	 f22:0x61628ebc  x3=0x00000040
     127865.000 ns	     12785	80002980	01691933	sll	x18,x18,x22	 x18:0xfffffc0d x22:0xc1e296ff x18=0x80000000
     127885.000 ns	     12787	80002984	295597d3	fmax.s	f15,f11,f21	 f11:0xff800000 f21:0x7fc00000 f15=0xff800000
     127905.000 ns	     12789	80002988	01089c93	slli	x25,x17,0x10	 x17:0x00000001 x25=0x00010000
     127925.000 ns	     12791	8000298c	03f1bcb3	mulhu	x25,x3,x31	  x3:0x00000040 x31:0x80040fe4 x25=0x00000020
     127945.000 ns	     12793	80002990	79343c93	sltiu	x25,x8,1939	  x8:0xffe58def x25=0x00000000
     127965.000 ns	     12795	80002994	0236bcb3	mulhu	x25,x13,x3	 x13:0x00000001  x3:0x00000040 x25=0x00000000
     127985.000 ns	     12797	80002998	c3224793	xori	x15,x4,-974	  x4:0xfffff863 x15=0x00000451
     127995.000 ns	     12798	8000299c	01be1433	sll	x8,x28,x27	 x28:0x00000000 x27:0x00000000  x8=0x00000000
     128005.000 ns	     12799	800029a0	9a12d137	lui	x2,0x9a12d	  x2=0x9a12d000
     128025.000 ns	     12801	800029a4	03db8bb3	mul	x23,x23,x29	 x23:0xd69c3000 x29:0x00000000 x23=0x00000000
     128045.000 ns	     12803	800029a8	5a413e13	sltiu	x28,x2,1444	  x2:0x00000000 x28=0x00000000
     128055.000 ns	     12804	800029ac	013d9133	sll	x2,x27,x19	 x27:0x00000000 x19:0x00000000  x2=0x00000000
     128075.000 ns	     12806	800029b0	02b4dab3	divu	x21,x9,x11	  x9:0x80041024 x11:0x00000000 x21=0xffffffff
     128105.000 ns	     12809	800029b4	a029af53	feq.s	x30,f19,f2	 f19:0x80000000  f2:0x1f350ab8 x30=0x00000000
     128125.000 ns	     12811	800029b8	00000013	addi	x0,x0,0	  x0:0x00000000
     128135.000 ns	     12812	800029bc	42a80013	addi	x0,x16,1066	 x16:0x00000000
     128155.000 ns	     12814	800029c0	201f2c53	fsgnjx.s	f24,f30,f1	 f30:0xe1628ebc  f1:0x4f7fe00e f24=0xe1628ebc
     128185.000 ns	     12817	800029c4	c013f0d3	fcvt.wu.s	x1,f7	  f7:0x4d391ac6  x1=0x0b91ac60
     128205.000 ns	     12819	800029c8	e0bb7b13	andi	x22,x22,-501	 x22:0xc1e296ff x22=0xc1e2960b
     128215.000 ns	     12820	800029cc	c4798c13	addi	x24,x19,-953	 x19:0x00000000 x24=0xfffffc47
     128225.000 ns	     12821	800029d0	03ad7f17	auipc	x30,0x3ad7	 x30=0x83ad99d0
     128585.000 ns	     12857	800029d4	0386fdb3	remu	x27,x13,x24	 x13:0x00000001 x24:0xffffffff x27=0x00000001
     128615.000 ns	     12860	800029d8	03067133	remu	x2,x12,x16	 x12:0x000002a3 x16:0x00000000  x2=0x000002a3
     128645.000 ns	     12863	800029dc	021caf33	mulhsu	x30,x25,x1	 x25:0x00000000  x1:0x0b91ac60 x30=0x00000000
     128665.000 ns	     12865	800029e0	00a3d233	srl	x4,x7,x10	  x7:0xffe00dce x10:0xc1e296ff  x4=0x00000001
     128675.000 ns	     12866	800029e4	00b40cb3	add	x25,x8,x11	  x8:0x00000000 x11:0x00000000 x25=0x00000000
     128685.000 ns	     12867	800029e8	01245b13	srli	x22,x8,0x12	  x8:0x00000000 x22=0x00000000
     128695.000 ns	     12868	800029ec	40c7d8b3	sra	x17,x15,x12	 x15:0x00000451 x12:0x000002a3 x17=0x0000008a
     128705.000 ns	     12869	800029f0	b6610793	addi	x15,x2,-1178	  x2:0x000002a3 x15=0xfffffe09
     129065.000 ns	     12905	800029f4	02f3d7b3	divu	x15,x7,x15	  x7:0xffe00dce x15:0x00000451 x15=0x00000000
     129085.000 ns	     12907	800029f8	01ab32b3	sltu	x5,x22,x26	 x22:0x00000000 x26:0x00000000  x5=0x00000000
     129105.000 ns	     12909	800029fc	03560233	mul	x4,x12,x21	 x12:0x000002a3 x21:0xffffffff  x4=0xfffffd5d
     129125.000 ns	     12911	80002a00	000ae033	or	x0,x21,x0	 x21:0xffffffff  x0:0x00000000
     129135.000 ns	     12912	80002a04	0ff0ef13	ori	x30,x1,255	  x1:0x0b91ac60 x30=0x0b91acff
     129155.000 ns	     12914	80002a08	20522153	fsgnjx.s	f2,f4,f5	  f4:0x00000001  f5:0x00000000  f2=0x00000001
     129185.000 ns	     12917	80002a0c	e00a1b53	fclass.s	x22,f20	 f20:0x3f800000 x22=0x00000040
     129215.000 ns	     12920	80002a10	a119a053	feq.s	x0,f19,f17	 f19:0x80000000 f17:0x00000000
     129235.000 ns	     12922	80002a14	00e74733	xor	x14,x14,x14	 x14:0x00000001 x14:0x00000001 x14=0x00000000
     129245.000 ns	     12923	80002a18	4114de13	srai	x28,x9,0x11	  x9:0x80041024 x28=0xffffc002
     129265.000 ns	     12925	80002a1c	a0f110d3	flt.s	x1,f2,f15	  f2:0x00000001 f15:0xff800000  x1=0x00000000
     129285.000 ns	     12927	80002a20	00950833	add	x16,x10,x9	 x10:0xc1e296ff  x9:0x80041024 x16=0x41e6a723
     129305.000 ns	     12929	80002a24	28f410d3	fmax.s	f1,f8,f15	  f8:0x7fc00000 f15:0xff800000  f1=0xff800000
     129335.000 ns	     12932	80002a28	03ea08b3	mul	x17,x20,x30	 x20:0xffffffff x30:0x0b91acff x17=0xf46e5301
     129355.000 ns	     12934	80002a2c	0021bcb3	sltu	x25,x3,x2	  x3:0x00000040  x2:0x000002a3 x25=0x00000001
     129375.000 ns	     12936	80002a30	03021033	mulh	x0,x4,x16	  x4:0xfffffd5d x16:0x41e6a723
     129405.000 ns	     12939	80002a34	28ae1253	fmax.s	f4,f28,f10	 f28:0xcf7fffff f10:0x00000000  f4=0x00000000
     129425.000 ns	     12941	80002a38	704a4793	xori	x15,x20,1796	 x20:0xffffffff x15=0xfffff8fb
     129445.000 ns	     12943	80002a3c	038b33b3	mulhu	x7,x22,x24	 x22:0x00000040 x24:0xfffffc47  x7=0x0000003f
     129465.000 ns	     12945	80002a40	01e15a93	srli	x21,x2,0x1e	  x2:0x000002a3 x21=0x00000000
     129475.000 ns	     12946	80002a44	00371233	sll	x4,x14,x3	 x14:0x00000000  x3:0x00000040  x4=0x00000000
     129485.000 ns	     12947	80002a48	00c05613	srli	x12,x0,0xc	  x0:0x00000000 x12=0x00000000
     129505.000 ns	     12949	80002a4c	a0102a53	feq.s	x20,f0,f1	  f0:0xcf95fd8a  f1:0xff800000 x20=0x00000000
     129525.000 ns	     12951	80002a50	4011dd13	srai	x26,x3,0x1	  x3:0x00000040 x26=0x00000020
     129535.000 ns	     12952	80002a54	413ddb13	srai	x22,x27,0x13	 x27:0x00000001 x22=0x00000000
     129545.000 ns	     12953	80002a58	94687213	andi	x4,x16,-1722	 x16:0x41e6a723  x4=0x41e6a102
     129565.000 ns	     12955	80002a5c	a1a08453	fle.s	x8,f1,f26	  f1:0xff800000 f26:0x7fc00000  x8=0x00000000
     129585.000 ns	     12957	80002a60	00000013	addi	x0,x0,0	  x0:0x00000000
     129595.000 ns	     12958	80002a64	5d59e413	ori	x8,x19,1493	 x19:0x00000000  x8=0x000005d5
     129615.000 ns	     12960	80002a68	02051733	mulh	x14,x10,x0	 x10:0xc1e296ff  x0:0x00000000 x14=0x00000000
     129635.000 ns	     12962	80002a6c	ddd4c093	xori	x1,x9,-547	  x9:0x80041024  x1=0x7ffbedf9
     129645.000 ns	     12963	80002a70	01c3d193	srli	x3,x7,0x1c	  x7:0x0000003f  x3=0x00000000
     129665.000 ns	     12965	80002a74	28df05d3	fmin.s	f11,f30,f13	 f30:0xe1628ebc f13:0x7f800000 f11=0xe1628ebc
     129695.000 ns	     12968	80002a78	037cd8b3	divu	x17,x25,x23	 x25:0x00000001 x23:0x00000000 x17=0xffffffff
     129715.000 ns	     12970	80002a7c	740a7193	andi	x3,x20,1856	 x20:0x00000000  x3=0x00000000
     129735.000 ns	     12972	80002a80	f0010153	fmv.w.x	f2,x2	  x2:0x000002a3  f2=0x000002a3
     130075.000 ns	     13006	80002a84	18703dd3	fdiv.s	f27,f0,f7	  f0:0xcf95fd8a  f7:0x4d391ac6 f27=0xc195fd8a
     130095.000 ns	     13008	80002a88	00a34933	xor	x18,x6,x10	  x6:0xfffff8b9 x10:0xc1e296ff x18=0x3e1d6e46
     130105.000 ns	     13009	80002a8c	006d2b33	slt	x22,x26,x6	 x26:0x00000020  x6:0xfffff8b9 x22=0x00000000
     130125.000 ns	     13011	80002a90	a06faad3	feq.s	x21,f31,f6	 f31:0x7fc00000  f6:0x80000000 x21=0x00000000
     130155.000 ns	     13014	80002a94	c001f953	fcvt.w.s	x18,f3	  f3:0xff800000 x18=0x80000000
     130205.000 ns	     13019	80002a98	08213e53	fsub.s	f28,f2,f2	  f2:0x000002a3  f2:0x000002a3 f28=0x80000000
     130225.000 ns	     13021	80002a9c	25ed0c13	addi	x24,x26,606	 x26:0x00000020 x24=0x0000027e
     130235.000 ns	     13022	80002aa0	94a23617	auipc	x12,0x94a23	 x12=0x14a25aa0
     130255.000 ns	     13024	80002aa4	e00310d3	fclass.s	x1,f6	  f6:0x80000000  x1=0x00000008
     130295.000 ns	     13028	80002aa8	5800f6d3	fsqrt.s	f13,f1	  f1:0xff800000 f13=0x7fc00000
     130315.000 ns	     13030	80002aac	41555c93	srai	x25,x10,0x15	 x10:0xc1e296ff x25=0xfffffe0f
     130325.000 ns	     13031	80002ab0	402b8333	sub	x6,x23,x2	 x23:0x00000000  x2:0x000002a3  x6=0xfffffd5d
     130345.000 ns	     13033	80002ab4	f00d0853	fmv.w.x	f16,x26	 x26:0x00000020 f16=0x00000020
     130365.000 ns	     13035	80002ab8	00d31193	slli	x3,x6,0xd	  x6:0xfffff8b9  x3=0xffaba000
     130375.000 ns	     13036	80002abc	01d740b3	xor	x1,x14,x29	 x14:0x00000000 x29:0x00000000  x1=0x00000000
     130395.000 ns	     13038	80002ac0	a05a1253	flt.s	x4,f20,f5	 f20:0x3f800000  f5:0x00000000  x4=0x00000000
     130425.000 ns	     13041	80002ac4	03da5e33	divu	x28,x20,x29	 x20:0x00000000 x29:0x00000000 x28=0xffffffff
     130445.000 ns	     13043	80002ac8	01b40233	add	x4,x8,x27	  x8:0x000005d5 x27:0x00000001  x4=0x000005d6
     130465.000 ns	     13045	80002acc	28990d53	fmin.s	f26,f18,f9	 f18:0x4d391ac6  f9:0xcf95fd8a f26=0xcf95fd8a
     130505.000 ns	     13049	80002ad0	1810f2d3	fdiv.s	f5,f1,f1	  f1:0xff800000  f1:0xff800000  f5=0x7fc00000
     130525.000 ns	     13051	80002ad4	cb1641b7	lui	x3,0xcb164	  x3=0xcb164000
     130545.000 ns	     13053	80002ad8	e00f8cd3	fmv.x.w	x25,f31	 f31:0x7fc00000 x25=0x7fc00000
     130565.000 ns	     13055	80002adc	00a31293	slli	x5,x6,0xa	  x6:0xfffffd5d  x5=0xfff57400
     130585.000 ns	     13057	80002ae0	28b38253	fmin.s	f4,f7,f11	  f7:0x4d391ac6 f11:0xe1628ebc  f4=0xe1628ebc
     130615.000 ns	     13060	80002ae4	f00f0553	fmv.w.x	f10,x30	 x30:0x0b91acff f10=0x0b91acff
     130645.000 ns	     13063	80002ae8	c01e70d3	fcvt.wu.s	x1,f28	 f28:0x80000000  x1=0x00000000
     130675.000 ns	     13066	80002aec	0338a033	mulhsu	x0,x17,x19	 x17:0xffffffff x19:0x00000000
     130695.000 ns	     13068	80002af0	41885c93	srai	x25,x16,0x18	 x16:0x41e6a723 x25=0x00000041
     130715.000 ns	     13070	80002af4	f00a84d3	fmv.w.x	f9,x21	 x21:0x00000000  f9=0x00000000
     130735.000 ns	     13072	80002af8	0061deb3	srl	x29,x3,x6	  x3:0xcb164000  x6:0xfffffd5d x29=0x00000006
     130745.000 ns	     13073	80002afc	00c030b3	sltu	x1,x0,x12	  x0:0x00000000 x12:0x14a25aa0  x1=0x00000001
     130765.000 ns	     13075	80002b00	f00008d3	fmv.w.x	f17,x0	  x0:0x00000000 f17=0x00000000
     130785.000 ns	     13077	80002b04	00000013	addi	x0,x0,0	  x0:0x00000000
     130795.000 ns	     13078	80002b08	9c7ebd93	sltiu	x27,x29,-1593	 x29:0x00000006 x27=0x00000001
     130815.000 ns	     13080	80002b0c	c00098d3	fcvt.w.s	x17,f1	  f1:0xff800000 x17=0x80000000
     130835.000 ns	     13082	80002b10	350e4d17	auipc	x26,0x350e4	 x26=0xb50e6b10
     130855.000 ns	     13084	80002b14	20e48153	fsgnj.s	f2,f9,f14	  f9:0x00000000 f14:0x7fc00000  f2=0x00000000
     130875.000 ns	     13086	80002b18	40fedf33	sra	x30,x29,x15	 x29:0x00000006 x15:0xfffff8fb x30=0x00000000
     130895.000 ns	     13088	80002b1c	029f0db3	mul	x27,x30,x9	 x30:0x0b91acff  x9:0x80041024 x27=0x00000000
     130925.000 ns	     13091	80002b20	e00619d3	fclass.s	x19,f12	 f12:0x80000000 x19=0x00000008
     130945.000 ns	     13093	80002b24	4ed8e193	ori	x3,x17,1261	 x17:0x80000000  x3=0x800004ed
     130955.000 ns	     13094	80002b28	009a9b13	slli	x22,x21,0x9	 x21:0x00000000 x22=0x00000000
     130965.000 ns	     13095	80002b2c	01908f33	add	x30,x1,x25	  x1:0x00000001 x25:0x00000041 x30=0x00000042
     130975.000 ns	     13096	80002b30	24688613	addi	x12,x17,582	 x17:0x80000000 x12=0x80000246
     130995.000 ns	     13098	80002b34	02159cb3	mulh	x25,x11,x1	 x11:0x00000000  x1:0x00000001 x25=0x00000000
     131025.000 ns	     13101	80002b38	0241b9b3	mulhu	x19,x3,x4	  x3:0x800004ed  x4:0x000005d6 x19=0x000002eb
     131045.000 ns	     13103	80002b3c	00e08db3	add	x27,x1,x14	  x1:0x00000001 x14:0x00000000 x27=0x00000001
     131085.000 ns	     13107	80002b40	01263dd3	fadd.s	f27,f12,f18	 f12:0x80000000 f18:0x4d391ac6 f27=0x4d391ac6
     131105.000 ns	     13109	80002b44	3cc76413	ori	x8,x14,972	 x14:0x00000000  x8=0x000003cc
     131115.000 ns	     13110	80002b48	798c6013	ori	x0,x24,1944	 x24:0x0000027e
     131135.000 ns	     13112	80002b4c	020eb6b3	mulhu	x13,x29,x0	 x29:0x00000006  x0:0x00000000 x13=0x00000000
     131165.000 ns	     13115	80002b50	28120a53	fmin.s	f20,f4,f1	  f4:0xe1628ebc  f1:0xff800000 f20=0xff800000
     131195.000 ns	     13118	80002b54	297900d3	fmin.s	f1,f18,f23	 f18:0x4d391ac6 f23:0xc9ff9190  f1=0xc9ff9190
     131215.000 ns	     13120	80002b58	01c0aa33	slt	x20,x1,x28	  x1:0x00000001 x28:0xffffffff x20=0x00000000
     131235.000 ns	     13122	80002b5c	02b19bb3	mulh	x23,x3,x11	  x3:0x800004ed x11:0x00000000 x23=0x00000000
     131275.000 ns	     13126	80002b60	195e7a53	fdiv.s	f20,f28,f21	 f28:0x80000000 f21:0x7fc00000 f20=0x7fc00000
     131295.000 ns	     13128	80002b64	58f0b893	sltiu	x17,x1,1423	  x1:0x00000001 x17=0x00000001
     131325.000 ns	     13131	80002b68	580b9453	fsqrt.s	f8,f23	 f23:0xc9ff9190  f8=0x7fc00000
     131345.000 ns	     13133	80002b6c	00dffc33	and	x24,x31,x13	 x31:0x80040fe4 x13:0x00000000 x24=0x00000000
     131365.000 ns	     13135	80002b70	d01e3b53	fcvt.s.wu	f22,x28	 x28:0xffffffff f22=0x4f800000
     131405.000 ns	     13139	80002b74	1183c853	fmul.s	f16,f7,f24	  f7:0x4d391ac6 f24:0xe1628ebc f16=0xef23d0d8
     131425.000 ns	     13141	80002b78	0127f1b3	and	x3,x15,x18	 x15:0xfffff8fb x18:0x80000000  x3=0x80000000
     131445.000 ns	     13143	80002b7c	033eaab3	mulhsu	x21,x29,x19	 x29:0x00000006 x19:0x000002eb x21=0x00000000
     131475.000 ns	     13146	80002b80	290d9cd3	fmax.s	f25,f27,f16	 f27:0x4d391ac6 f16:0xef23d0d8 f25=0x4d391ac6
     131505.000 ns	     13149	80002b84	f00002d3	fmv.w.x	f5,x0	  x0:0x00000000  f5=0x00000000
     131525.000 ns	     13151	80002b88	00439c13	slli	x24,x7,0x4	  x7:0x0000003f x24=0x000003f0
     131545.000 ns	     13153	80002b8c	c00dbc53	fcvt.w.s	x24,f27	 f27:0x4d391ac6 x24=0x0b91ac60
     131575.000 ns	     13156	80002b90	03c52d33	mulhsu	x26,x10,x28	 x10:0xc1e296ff x28:0xffffffff x26=0xc1e296ff
     131595.000 ns	     13158	80002b94	fe663c93	sltiu	x25,x12,-26	 x12:0x80000246 x25=0x00000001
     131605.000 ns	     13159	80002b98	58f26e93	ori	x29,x4,1423	  x4:0x000005d6 x29=0x000005df
     131965.000 ns	     13195	80002b9c	024078b3	remu	x17,x0,x4	  x0:0x00000000  x4:0x000005d6 x17=0x00000000
     131985.000 ns	     13197	80002ba0	596d9e37	lui	x28,0x596d9	 x28=0x596d9000
     131995.000 ns	     13198	80002ba4	4167d693	srai	x13,x15,0x16	 x15:0xfffff8fb x13=0xffffffff
     132015.000 ns	     13200	80002ba8	d00d81d3	fcvt.s.w	f3,x27	 x27:0x00000001  f3=0x3f800000
     132035.000 ns	     13202	80002bac	c8e90313	addi	x6,x18,-882	 x18:0x80000000  x6=0x7ffffc8e
     132055.000 ns	     13204	80002bb0	28741f53	fmax.s	f30,f8,f7	  f8:0x7fc00000  f7:0x4d391ac6 f30=0x4d391ac6
     132085.000 ns	     13207	80002bb4	02d91bb3	mulh	x23,x18,x13	 x18:0x80000000 x13:0xffffffff x23=0x00000000
     132115.000 ns	     13210	80002bb8	0348cd33	div	x26,x17,x20	 x17:0x00000000 x20:0x00000000 x26=0xffffffff
     132135.000 ns	     13212	80002bbc	01fed813	srli	x16,x29,0x1f	 x29:0x000005df x16=0x00000000
     132145.000 ns	     13213	80002bc0	01f62f33	slt	x30,x12,x31	 x12:0x80000246 x31:0x80040fe4 x30=0x00000001
     132155.000 ns	     13214	80002bc4	00471693	slli	x13,x14,0x4	 x14:0x00000000 x13=0x00000000
     132185.000 ns	     13217	80002bc8	118f86d3	fmul.s	f13,f31,f24	 f31:0x7fc00000 f24:0xe1628ebc f13=0x7fc00000
     132205.000 ns	     13219	80002bcc	0152b1b3	sltu	x3,x5,x21	  x5:0xfff57400 x21:0x00000000  x3=0x00000000
     132565.000 ns	     13255	80002bd0	02804133	div	x2,x0,x8	  x0:0x00000000  x8:0x000003cc  x2=0x00000000
     132595.000 ns	     13258	80002bd4	03268e33	mul	x28,x13,x18	 x13:0x00000000 x18:0x80000000 x28=0x00000000
     132625.000 ns	     13261	80002bd8	20d9a253	fsgnjx.s	f4,f19,f13	 f19:0x80000000 f13:0x7fc00000  f4=0x80000000
     132645.000 ns	     13263	80002bdc	00000013	addi	x0,x0,0	  x0:0x00000000
     132665.000 ns	     13265	80002be0	20e02ad3	fsgnjx.s	f21,f0,f14	  f0:0xcf95fd8a f14:0x7fc00000 f21=0xcf95fd8a
     133035.000 ns	     13302	80002be4	03d37e33	remu	x28,x6,x29	  x6:0x7ffffc8e x29:0x000005df x28=0x0000036b
     133055.000 ns	     13304	80002be8	00e56c33	or	x24,x10,x14	 x10:0xc1e296ff x14:0x00000000 x24=0xc1e296ff
     133065.000 ns	     13305	80002bec	d6f92f13	slti	x30,x18,-657	 x18:0x80000000 x30=0x00000001
     133085.000 ns	     13307	80002bf0	0238d5b3	divu	x11,x17,x3	 x17:0x00000000  x3:0x00000000 x11=0xffffffff
     133105.000 ns	     13309	80002bf4	d4d17f13	andi	x30,x2,-691	  x2:0x00000000 x30=0x00000000
     133465.000 ns	     13345	80002bf8	03c65bb3	divu	x23,x12,x28	 x12:0x80000246 x28:0x0000036b x23=0x002572fb
     133485.000 ns	     13347	80002bfc	08384797	auipc	x15,0x8384	 x15=0x88386bfc
     133495.000 ns	     13348	80002c00	01329cb3	sll	x25,x5,x19	  x5:0xfff57400 x19:0x000002eb x25=0xaba00000
     133505.000 ns	     13349	80002c04	d601cd93	xori	x27,x3,-672	  x3:0x00000000 x27=0xfffffd60
     133515.000 ns	     13350	80002c08	017ed933	srl	x18,x29,x23	 x29:0x000005df x23:0x002572fb x18=0x00000000
     133525.000 ns	     13351	80002c0c	00000013	addi	x0,x0,0	  x0:0x00000000
     133535.000 ns	     13352	80002c10	41ecd9b3	sra	x19,x25,x30	 x25:0xaba00000 x30:0x00000000 x19=0xaba00000
     133545.000 ns	     13353	80002c14	41f80bb3	sub	x23,x16,x31	 x16:0x00000000 x31:0x80040fe4 x23=0x7ffbf01c
     133555.000 ns	     13354	80002c18	49053713	sltiu	x14,x10,1168	 x10:0xc1e296ff x14=0x00000000
     133575.000 ns	     13356	80002c1c	209d8bd3	fsgnj.s	f23,f27,f9	 f27:0x4d391ac6  f9:0x00000000 f23=0x4d391ac6
     133605.000 ns	     13359	80002c20	211d2cd3	fsgnjx.s	f25,f26,f17	 f26:0xcf95fd8a f17:0x00000000 f25=0xcf95fd8a
     133655.000 ns	     13364	80002c24	017f25d3	fadd.s	f11,f30,f23	 f30:0x4d391ac6 f23:0x4d391ac6 f11=0x4db91ac6
     133675.000 ns	     13366	80002c28	e8928c93	addi	x25,x5,-375	  x5:0xfff57400 x25=0xfff57289
     133685.000 ns	     13367	80002c2c	40065993	srai	x19,x12,0x0	 x12:0x80000246 x19=0x80000246
     133705.000 ns	     13369	80002c30	2159a8d3	fsgnjx.s	f17,f19,f21	 f19:0x80000000 f21:0xcf95fd8a f17=0x00000000
     133725.000 ns	     13371	80002c34	4408c813	xori	x16,x17,1088	 x17:0x00000000 x16=0x00000440
     133765.000 ns	     13375	80002c38	08d57953	fsub.s	f18,f10,f13	 f10:0x0b91acff f13:0x7fc00000 f18=0x7fc00000
     133785.000 ns	     13377	80002c3c	3eaccd97	auipc	x27,0x3eacc	 x27=0xbeacec3c
     133795.000 ns	     13378	80002c40	40c0d893	srai	x17,x1,0xc	  x1:0x00000001 x17=0x00000000
     133815.000 ns	     13380	80002c44	c0007753	fcvt.w.s	x14,f0	  f0:0xcf95fd8a x14=0x80000000
     133845.000 ns	     13383	80002c48	e0060cd3	fmv.x.w	x25,f12	 f12:0x80000000 x25=0x80000000
     133875.000 ns	     13386	80002c4c	200da753	fsgnjx.s	f14,f27,f0	 f27:0x4d391ac6  f0:0xcf95fd8a f14=0xcd391ac6
     133905.000 ns	     13389	80002c50	20760ed3	fsgnj.s	f29,f12,f7	 f12:0x80000000  f7:0x4d391ac6 f29=0x00000000
     133925.000 ns	     13391	80002c54	0015df13	srli	x30,x11,0x1	 x11:0xffffffff x30=0x7fffffff
     133955.000 ns	     13394	80002c58	109d2ed3	fmul.s	f29,f26,f9	 f26:0xcf95fd8a  f9:0x00000000 f29=0x80000000
     133985.000 ns	     13397	80002c5c	210923d3	fsgnjx.s	f7,f18,f16	 f18:0x7fc00000 f16:0xef23d0d8  f7=0xffc00000
     134015.000 ns	     13400	80002c60	c0147753	fcvt.wu.s	x14,f8	  f8:0x7fc00000 x14=0xffffffff
     134035.000 ns	     13402	80002c64	0085c5b3	xor	x11,x11,x8	 x11:0xffffffff  x8:0x000003cc x11=0xfffffc33
     134045.000 ns	     13403	80002c68	0192d193	srli	x3,x5,0x19	  x5:0xfff57400  x3=0x0000007f
     134065.000 ns	     13405	80002c6c	02e83bb3	mulhu	x23,x16,x14	 x16:0x00000440 x14:0xffffffff x23=0x0000043f
     134095.000 ns	     13408	80002c70	e0058653	fmv.x.w	x12,f11	 f11:0x4db91ac6 x12=0x4db91ac6
     134115.000 ns	     13410	80002c74	000b0f33	add	x30,x22,x0	 x22:0x00000000  x0:0x00000000 x30=0x00000000
     134135.000 ns	     13412	80002c78	a0482cd3	feq.s	x25,f16,f4	 f16:0xef23d0d8  f4:0x80000000 x25=0x00000000
     134185.000 ns	     13417	80002c7c	0876f0d3	fsub.s	f1,f13,f7	 f13:0x7fc00000  f7:0xffc00000  f1=0x7fc00000
     134205.000 ns	     13419	80002c80	00081793	slli	x15,x16,0x0	 x16:0x00000440 x15=0x00000440
     134225.000 ns	     13421	80002c84	c00973d3	fcvt.w.s	x7,f18	 f18:0x7fc00000  x7=0x7fffffff
     134265.000 ns	     13425	80002c88	11129b53	fmul.s	f22,f5,f17	  f5:0x00000000 f17:0x00000000 f22=0x00000000
     134295.000 ns	     13428	80002c8c	03fcb033	mulhu	x0,x25,x31	 x25:0x00000000 x31:0x80040fe4
     134665.000 ns	     13465	80002c90	02346ab3	rem	x21,x8,x3	  x8:0x000003cc  x3:0x0000007f x21=0x00000053
     134695.000 ns	     13468	80002c94	c00c77d3	fcvt.w.s	x15,f24	 f24:0xe1628ebc x15=0x80000000
     134725.000 ns	     13471	80002c98	02970d33	mul	x26,x14,x9	 x14:0xffffffff  x9:0x80041024 x26=0x7ffbefdc
     134755.000 ns	     13474	80002c9c	f00c8053	fmv.w.x	f0,x25	 x25:0x00000000  f0=0x00000000
     135935.000 ns	     13592	80002ca0	580b81d3	fsqrt.s	f3,f23	 f23:0x4d391ac6  f3=0x4602e36a
     135955.000 ns	     13594	80002ca4	00af9013	slli	x0,x31,0xa	 x31:0x80040fe4
     135965.000 ns	     13595	80002ca8	018ba2b3	slt	x5,x23,x24	 x23:0x0000043f x24:0xc1e296ff  x5=0x00000000
     135975.000 ns	     13596	80002cac	1d508097	auipc	x1,0x1d508	  x1=0x9d50acac
     135985.000 ns	     13597	80002cb0	015f5333	srl	x6,x30,x21	 x30:0x00000000 x21:0x00000053  x6=0x00000000
     135995.000 ns	     13598	80002cb4	e313ff17	auipc	x30,0xe313f	 x30=0x63141cb4
     136005.000 ns	     13599	80002cb8	00d0bd33	sltu	x26,x1,x13	  x1:0x9d50acac x13:0x00000000 x26=0x00000000
     136035.000 ns	     13602	80002cbc	11d9cb53	fmul.s	f22,f19,f29	 f19:0x80000000 f29:0x80000000 f22=0x00000000
     136065.000 ns	     13605	80002cc0	e0089853	fclass.s	x16,f17	 f17:0x00000000 x16=0x00000010
     136085.000 ns	     13607	80002cc4	1a082593	slti	x11,x16,416	 x16:0x00000440 x11=0x00000001
     136115.000 ns	     13610	80002cc8	189ef353	fdiv.s	f6,f29,f9	 f29:0x80000000  f9:0x00000000  f6=0x7fc00000
     136145.000 ns	     13613	80002ccc	036f0a33	mul	x20,x30,x22	 x30:0x63141cb4 x22:0x00000000 x20=0x00000000
     136185.000 ns	     13617	80002cd0	198b7953	fdiv.s	f18,f22,f24	 f22:0x00000000 f24:0xe1628ebc f18=0x80000000
     136205.000 ns	     13619	80002cd4	40c2dcb3	sra	x25,x5,x12	  x5:0x00000000 x12:0x4db91ac6 x25=0x00000000
     136225.000 ns	     13621	80002cd8	e00f05d3	fmv.x.w	x11,f30	 f30:0x4d391ac6 x11=0x4d391ac6
     136275.000 ns	     13626	80002cdc	08a77553	fsub.s	f10,f14,f10	 f14:0xcd391ac6 f10:0x0b91acff f10=0xcd391ac6
     136295.000 ns	     13628	80002ce0	32bdbd93	sltiu	x27,x27,811	 x27:0xbeacec3c x27=0x00000000
     136325.000 ns	     13631	80002ce4	103e08d3	fmul.s	f17,f28,f3	 f28:0x80000000  f3:0x4602e36a f17=0x80000000
     136345.000 ns	     13633	80002ce8	f69dbe13	sltiu	x28,x27,-151	 x27:0xbeacec3c x28=0x00000001
     136365.000 ns	     13635	80002cec	d001f153	fcvt.s.w	f2,x3	  x3:0x0000007f  f2=0x42fe0000
     136395.000 ns	     13638	80002cf0	c01e43d3	fcvt.wu.s	x7,f28	 f28:0x80000000  x7=0x00000000
     136425.000 ns	     13641	80002cf4	21cb1fd3	fsgnjn.s	f31,f22,f28	 f22:0x00000000 f28:0x80000000 f31=0x00000000
     136465.000 ns	     13645	80002cf8	58030ad3	fsqrt.s	f21,f6	  f6:0x7fc00000 f21=0x7fc00000
     136485.000 ns	     13647	80002cfc	0140c933	xor	x18,x1,x20	  x1:0x9d50acac x20:0x00000000 x18=0x9d50acac
     136505.000 ns	     13649	80002d00	a1671cd3	flt.s	x25,f14,f22	 f14:0xcd391ac6 f22:0x00000000 x25=0x00000001
     136875.000 ns	     13686	80002d04	02c9ecb3	rem	x25,x19,x12	 x19:0x80000246 x12:0x4db91ac6 x25=0xcdb91d0c
     136925.000 ns	     13691	80002d08	01a3c7d3	fadd.s	f15,f7,f26	  f7:0xffc00000 f26:0xcf95fd8a f15=0x7fc00000
     137295.000 ns	     13728	80002d0c	021d4633	div	x12,x26,x1	 x26:0x00000000  x1:0x9d50acac x12=0x00000000
     137325.000 ns	     13731	80002d10	d00ec553	fcvt.s.w	f10,x29	 x29:0x000005df f10=0x44bbe000
     137345.000 ns	     13733	80002d14	41dd89b3	sub	x19,x27,x29	 x27:0x00000000 x29:0x000005df x19=0xfffffa21
     137365.000 ns	     13735	80002d18	025dacb3	mulhsu	x25,x27,x5	 x27:0x00000000  x5:0x00000000 x25=0x00000000
     137395.000 ns	     13738	80002d1c	28dc9d53	fmax.s	f26,f25,f13	 f25:0xcf95fd8a f13:0x7fc00000 f26=0xcf95fd8a
     137445.000 ns	     13743	80002d20	011900d3	fadd.s	f1,f18,f17	 f18:0x80000000 f17:0x80000000  f1=0x80000000
     137465.000 ns	     13745	80002d24	e7788b13	addi	x22,x17,-393	 x17:0x00000000 x22=0xfffffe77
     137825.000 ns	     13781	80002d28	028ce3b3	rem	x7,x25,x8	 x25:0x00000000  x8:0x000003cc  x7=0x00000000
     137845.000 ns	     13783	80002d2c	f941b893	sltiu	x17,x3,-108	  x3:0x0000007f x17=0x00000001
     138205.000 ns	     13819	80002d30	0295d233	divu	x4,x11,x9	 x11:0x4d391ac6  x9:0x80041024  x4=0x00000000
     138235.000 ns	     13822	80002d34	e00e0a53	fmv.x.w	x20,f28	 f28:0x80000000 x20=0x80000000
     138575.000 ns	     13856	80002d38	18212c53	fdiv.s	f24,f2,f2	  f2:0x42fe0000  f2:0x42fe0000 f24=0x3fb3ecde
     138595.000 ns	     13858	80002d3c	c69a4913	xori	x18,x20,-919	 x20:0x80000000 x18=0x7ffffc69
     138615.000 ns	     13860	80002d40	02731eb3	mulh	x29,x6,x7	  x6:0x00000000  x7:0x00000000 x29=0x00000000
     138635.000 ns	     13862	80002d44	00244833	xor	x16,x8,x2	  x8:0x000003cc  x2:0x00000000 x16=0x000003cc
     138995.000 ns	     13898	80002d48	036fc7b3	div	x15,x31,x22	 x31:0x80040fe4 x22:0xfffffe77 x15=0x00535e69
     139015.000 ns	     13900	80002d4c	00125c13	srli	x24,x4,0x1	  x4:0x00000000 x24=0x00000000
     139025.000 ns	     13901	80002d50	002b5c13	srli	x24,x22,0x2	 x22:0xfffffe77 x24=0x3fffff9d
     139035.000 ns	     13902	80002d54	2aa78713	addi	x14,x15,682	 x15:0x00535e69 x14=0x00536113
     139055.000 ns	     13904	80002d58	d01ffad3	fcvt.s.wu	f21,x31	 x31:0x80040fe4 f21=0x4f00040f
     139085.000 ns	     13907	80002d5c	02d24d33	div	x26,x4,x13	  x4:0x00000000 x13:0x00000000 x26=0xffffffff
     139105.000 ns	     13909	80002d60	00000013	addi	x0,x0,0	  x0:0x00000000
     139465.000 ns	     13945	80002d64	023ce833	rem	x16,x25,x3	 x25:0x00000000  x3:0x0000007f x16=0x00000000
     139485.000 ns	     13947	80002d68	9f088417	auipc	x8,0x9f088	  x8=0x1f08ad68
     139495.000 ns	     13948	80002d6c	00bf9333	sll	x6,x31,x11	 x31:0x80040fe4 x11:0x4d391ac6  x6=0x0103f900
     139505.000 ns	     13949	80002d70	a760f9b7	lui	x19,0xa760f	 x19=0xa760f000
     139525.000 ns	     13951	80002d74	a032ad53	feq.s	x26,f5,f3	  f5:0x00000000  f3:0x4602e36a x26=0x00000000
     139555.000 ns	     13954	80002d78	e0078dd3	fmv.x.w	x27,f15	 f15:0x7fc00000 x27=0x7fc00000
     139595.000 ns	     13958	80002d7c	1856f4d3	fdiv.s	f9,f13,f5	 f13:0x7fc00000  f5:0x00000000  f9=0x7fc00000
     139965.000 ns	     13995	80002d80	023c6db3	rem	x27,x24,x3	 x24:0x3fffff9d  x3:0x0000007f x27=0x00000020
     140015.000 ns	     14000	80002d84	098dc753	fsub.s	f14,f27,f24	 f27:0x4d391ac6 f24:0x3fb3ecde f14=0x4d391ac6
     140035.000 ns	     14002	80002d88	01b937b3	sltu	x15,x18,x27	 x18:0x7ffffc69 x27:0x00000020 x15=0x00000000
     140055.000 ns	     14004	80002d8c	d00d02d3	fcvt.s.w	f5,x26	 x26:0x00000000  f5=0x00000000
     140075.000 ns	     14006	80002d90	00abf433	and	x8,x23,x10	 x23:0x0000043f x10:0xc1e296ff  x8=0x0000043f
     140115.000 ns	     14010	80002d94	00492e53	fadd.s	f28,f18,f4	 f18:0x80000000  f4:0x80000000 f28=0x80000000
     140135.000 ns	     14012	80002d98	40765893	srai	x17,x12,0x7	 x12:0x00000000 x17=0x00000000
     140145.000 ns	     14013	80002d9c	00f117b3	sll	x15,x2,x15	  x2:0x00000000 x15:0x00000000 x15=0x00000000
     140165.000 ns	     14015	80002da0	c009b0d3	fcvt.w.s	x1,f19	 f19:0x80000000  x1=0x00000000
     140205.000 ns	     14019	80002da4	10a5f053	fmul.s	f0,f11,f10	 f11:0x4db91ac6 f10:0x44bbe000  f0=0x5307d886
     140225.000 ns	     14021	80002da8	40975e33	sra	x28,x14,x9	 x14:0x00536113  x9:0x80041024 x28=0x00053611
     140235.000 ns	     14022	80002dac	13c52013	slti	x0,x10,316	 x10:0xc1e296ff
     140245.000 ns	     14023	80002db0	40e18633	sub	x12,x3,x14	  x3:0x0000007f x14:0x00536113 x12=0xffac9f6c
     140255.000 ns	     14024	80002db4	01977b13	andi	x22,x14,25	 x14:0x00536113 x22=0x00000011
     140275.000 ns	     14026	80002db8	c00f98d3	fcvt.w.s	x17,f31	 f31:0x00000000 x17=0x00000000
     140295.000 ns	     14028	80002dbc	01ab3bb3	sltu	x23,x22,x26	 x22:0xfffffe77 x26:0x00000000 x23=0x00000000
     140305.000 ns	     14029	80002dc0	40d88ab3	sub	x21,x17,x13	 x17:0x00000000 x13:0x00000000 x21=0x00000000
     140335.000 ns	     14032	80002dc4	186df4d3	fdiv.s	f9,f27,f6	 f27:0x4d391ac6  f6:0x7fc00000  f9=0x7fc00000
     140375.000 ns	     14036	80002dc8	18fbf3d3	fdiv.s	f7,f23,f15	 f23:0x4d391ac6 f15:0x7fc00000  f7=0x7fc00000
     140405.000 ns	     14039	80002dcc	d0187ad3	fcvt.s.wu	f21,x16	 x16:0x00000000 f21=0x00000000
     140435.000 ns	     14042	80002dd0	283c0c53	fmin.s	f24,f24,f3	 f24:0x3fb3ecde  f3:0x4602e36a f24=0x3fb3ecde
     140465.000 ns	     14045	80002dd4	e0090153	fmv.x.w	x2,f18	 f18:0x80000000  x2=0x80000000
     140495.000 ns	     14048	80002dd8	a14f2bd3	feq.s	x23,f30,f20	 f30:0x4d391ac6 f20:0x7fc00000 x23=0x00000000
     140525.000 ns	     14051	80002ddc	027890b3	mulh	x1,x17,x7	 x17:0x00000000  x7:0x00000000  x1=0x00000000
     140545.000 ns	     14053	80002de0	727ebe13	sltiu	x28,x29,1831	 x29:0x00000000 x28=0x00000001
     140565.000 ns	     14055	80002de4	c0167bd3	fcvt.wu.s	x23,f12	 f12:0x80000000 x23=0x00000000
     140595.000 ns	     14058	80002de8	29229153	fmax.s	f2,f5,f18	  f5:0x00000000 f18:0x80000000  f2=0x00000000
     140615.000 ns	     14060	80002dec	c9bc3c13	sltiu	x24,x24,-869	 x24:0x3fffff9d x24=0x00000001
     140635.000 ns	     14062	80002df0	21bdacd3	fsgnjx.s	f25,f27,f27	 f27:0x4d391ac6 f27:0x4d391ac6 f25=0x4d391ac6
     140665.000 ns	     14065	80002df4	a1fa9353	flt.s	x6,f21,f31	 f21:0x00000000 f31:0x00000000  x6=0x00000000
     140705.000 ns	     14069	80002df8	10e711d3	fmul.s	f3,f14,f14	 f14:0x4d391ac6 f14:0x4d391ac6  f3=0x5b05d7b4
     140725.000 ns	     14071	80002dfc	c925ae13	slti	x28,x11,-878	 x11:0x4d391ac6 x28=0x00000000
     140765.000 ns	     14075	80002e00	004af653	fadd.s	f12,f21,f4	 f21:0x00000000  f4:0x80000000 f12=0x80000000
     140795.000 ns	     14078	80002e04	029a9bb3	mulh	x23,x21,x9	 x21:0x00000000  x9:0x80041024 x23=0x00000000
     141165.000 ns	     14115	80002e08	03b74ab3	div	x21,x14,x27	 x14:0x00536113 x27:0x00000020 x21=0x00029b08
     141195.000 ns	     14118	80002e0c	d0014fd3	fcvt.s.w	f31,x2	  x2:0x80000000 f31=0xcf000000
     141225.000 ns	     14121	80002e10	d00a0753	fcvt.s.w	f14,x20	 x20:0x80000000 f14=0xcf000000
     141245.000 ns	     14123	80002e14	fc9d7f13	andi	x30,x26,-55	 x26:0x00000000 x30=0x00000000
     141255.000 ns	     14124	80002e18	00964633	xor	x12,x12,x9	 x12:0xffac9f6c  x9:0x80041024 x12=0x7fa88f48
     141265.000 ns	     14125	80002e1c	00000013	addi	x0,x0,0	  x0:0x00000000
     141285.000 ns	     14127	80002e20	d01b75d3	fcvt.s.wu	f11,x22	 x22:0x00000011 f11=0x41880000
     141315.000 ns	     14130	80002e24	029d0433	mul	x8,x26,x9	 x26:0x00000000  x9:0x80041024  x8=0x00000000
     141335.000 ns	     14132	80002e28	004bf9b3	and	x19,x23,x4	 x23:0x00000000  x4:0x00000000 x19=0x00000000
     141365.000 ns	     14135	80002e2c	1186a1d3	fmul.s	f3,f13,f24	 f13:0x7fc00000 f24:0x3fb3ecde  f3=0x7fc00000
     141385.000 ns	     14137	80002e30	00000013	addi	x0,x0,0	  x0:0x00000000
     141405.000 ns	     14139	80002e34	215e2d53	fsgnjx.s	f26,f28,f21	 f28:0x80000000 f21:0x00000000 f26=0x80000000
     141425.000 ns	     14141	80002e38	d0a2ab17	auipc	x22,0xd0a2a	 x22=0x50a2ce38
     141455.000 ns	     14144	80002e3c	11aef553	fmul.s	f10,f29,f26	 f29:0x80000000 f26:0x80000000 f10=0x00000000
     141495.000 ns	     14148	80002e40	580b2cd3	fsqrt.s	f25,f22	 f22:0x00000000 f25=0x00000000
     141525.000 ns	     14151	80002e44	d014f553	fcvt.s.wu	f10,x9	  x9:0x80041024 f10=0x4f000410
     141555.000 ns	     14154	80002e48	c0052a53	fcvt.w.s	x20,f10	 f10:0x00000000 x20=0x7fffffff
     141585.000 ns	     14157	80002e4c	21570ad3	fsgnj.s	f21,f14,f21	 f14:0xcf000000 f21:0x00000000 f21=0x4f000000
     141605.000 ns	     14159	80002e50	61c34b93	xori	x23,x6,1564	  x6:0x00000000 x23=0x0000061c
     141635.000 ns	     14162	80002e54	19997b53	fdiv.s	f22,f18,f25	 f18:0x80000000 f25:0x00000000 f22=0x7fc00000
     141685.000 ns	     14167	80002e58	0877f053	fsub.s	f0,f15,f7	 f15:0x7fc00000  f7:0x7fc00000  f0=0x7fc00000
     141735.000 ns	     14172	80002e5c	00cf8553	fadd.s	f10,f31,f12	 f31:0xcf000000 f12:0x80000000 f10=0xcf000000
     141765.000 ns	     14175	80002e60	21090753	fsgnj.s	f14,f18,f16	 f18:0x80000000 f16:0xef23d0d8 f14=0x80000000
     141815.000 ns	     14180	80002e64	0928f3d3	fsub.s	f7,f17,f18	 f17:0x80000000 f18:0x80000000  f7=0x00000000
     141845.000 ns	     14183	80002e68	02f5adb3	mulhsu	x27,x11,x15	 x11:0x4d391ac6 x15:0x00000000 x27=0x00000000
     141865.000 ns	     14185	80002e6c	00000013	addi	x0,x0,0	  x0:0x00000000
     141875.000 ns	     14186	80002e70	01f51b33	sll	x22,x10,x31	 x10:0xc1e296ff x31:0x80040fe4 x22=0x1e296ff0
     142235.000 ns	     14222	80002e74	0235fbb3	remu	x23,x11,x3	 x11:0x4d391ac6  x3:0x0000007f x23=0x0000004e
     142255.000 ns	     14224	80002e78	0058beb3	sltu	x29,x17,x5	 x17:0x00000000  x5:0x00000000 x29=0x00000000
     142265.000 ns	     14225	80002e7c	2a9a2c13	slti	x24,x20,681	 x20:0x7fffffff x24=0x00000000
     142275.000 ns	     14226	80002e80	0160d133	srl	x2,x1,x22	  x1:0x00000000 x22:0x1e296ff0  x2=0x00000000
     142285.000 ns	     14227	80002e84	f9393293	sltiu	x5,x18,-109	 x18:0x7ffffc69  x5=0x00000001
     142645.000 ns	     14263	80002e88	02eac233	div	x4,x21,x14	 x21:0x00029b08 x14:0x00536113  x4=0x00000000
     142665.000 ns	     14265	80002e8c	00000013	addi	x0,x0,0	  x0:0x00000000
     142675.000 ns	     14266	80002e90	41630a33	sub	x20,x6,x22	  x6:0x00000000 x22:0x1e296ff0 x20=0xe1d69010
     142695.000 ns	     14268	80002e94	d0098753	fcvt.s.w	f14,x19	 x19:0x00000000 f14=0x00000000
     142745.000 ns	     14273	80002e98	00ad72d3	fadd.s	f5,f26,f10	 f26:0x80000000 f10:0xcf000000  f5=0xcf000000
     142765.000 ns	     14275	80002e9c	347e3c17	auipc	x24,0x347e3	 x24=0xb47e5e9c
     142775.000 ns	     14276	80002ea0	0117a233	slt	x4,x15,x17	 x15:0x00000000 x17:0x00000000  x4=0x00000000
     142785.000 ns	     14277	80002ea4	001b9593	slli	x11,x23,0x1	 x23:0x0000004e x11=0x0000009c
     142795.000 ns	     14278	80002ea8	402d81b3	sub	x3,x27,x2	 x27:0x00000000  x2:0x00000000  x3=0x00000000
     142815.000 ns	     14280	80002eac	a15b02d3	fle.s	x5,f22,f21	 f22:0x7fc00000 f21:0x4f000000  x5=0x00000000
     142845.000 ns	     14283	80002eb0	20620ad3	fsgnj.s	f21,f4,f6	  f4:0x80000000  f6:0x7fc00000 f21=0x00000000
     142895.000 ns	     14288	80002eb4	0985b153	fsub.s	f2,f11,f24	 f11:0x41880000 f24:0x3fb3ecde  f2=0x41798265
     142925.000 ns	     14291	80002eb8	20160dd3	fsgnj.s	f27,f12,f1	 f12:0x80000000  f1:0x80000000 f27=0x80000000
     142965.000 ns	     14295	80002ebc	10d8ae53	fmul.s	f28,f17,f13	 f17:0x80000000 f13:0x7fc00000 f28=0x7fc00000
     142985.000 ns	     14297	80002ec0	00839933	sll	x18,x7,x8	  x7:0x00000000  x8:0x00000000 x18=0x00000000
     142995.000 ns	     14298	80002ec4	011b7833	and	x16,x22,x17	 x22:0x1e296ff0 x17:0x00000000 x16=0x00000000
     143005.000 ns	     14299	80002ec8	00b405b3	add	x11,x8,x11	  x8:0x00000000 x11:0x0000009c x11=0x0000009c
     143035.000 ns	     14302	80002ecc	106cf853	fmul.s	f16,f25,f6	 f25:0x00000000  f6:0x7fc00000 f16=0x7fc00000
     143065.000 ns	     14305	80002ed0	21faa953	fsgnjx.s	f18,f21,f31	 f21:0x00000000 f31:0xcf000000 f18=0x80000000
     143095.000 ns	     14308	80002ed4	c01ef853	fcvt.wu.s	x16,f29	 f29:0x80000000 x16=0x00000000
     143115.000 ns	     14310	80002ed8	9c2c6e93	ori	x29,x24,-1598	 x24:0xb47e5e9c x29=0xffffffde
     143145.000 ns	     14313	80002edc	180e7353	fdiv.s	f6,f28,f0	 f28:0x7fc00000  f0:0x7fc00000  f6=0x7fc00000
     143175.000 ns	     14316	80002ee0	03e4b6b3	mulhu	x13,x9,x30	  x9:0x80041024 x30:0x00000000 x13=0x00000000
     143205.000 ns	     14319	80002ee4	d00e17d3	fcvt.s.w	f15,x28	 x28:0x00000000 f15=0x00000000
     143225.000 ns	     14321	80002ee8	01171313	slli	x6,x14,0x11	 x14:0x00536113  x6=0xc2260000
     143235.000 ns	     14322	80002eec	c97f4593	xori	x11,x30,-873	 x30:0x00000000 x11=0xfffffc97
     143255.000 ns	     14324	80002ef0	29860b53	fmin.s	f22,f12,f24	 f12:0x80000000 f24:0x3fb3ecde f22=0x80000000
     143275.000 ns	     14326	80002ef4	00243db3	sltu	x27,x8,x2	  x8:0x00000000  x2:0x00000000 x27=0x00000000
     143285.000 ns	     14327	80002ef8	41485233	sra	x4,x16,x20	 x16:0x00000000 x20:0xe1d69010  x4=0x00000000
     143295.000 ns	     14328	80002efc	c8d71e17	auipc	x28,0xc8d71	 x28=0x48d73efc
     143315.000 ns	     14330	80002f00	0225b2b3	mulhu	x5,x11,x2	 x11:0xfffffc97  x2:0x00000000  x5=0x00000000
     143345.000 ns	     14333	80002f04	f00e8ad3	fmv.w.x	f21,x29	 x29:0xffffffde f21=0xffffffde
     143375.000 ns	     14336	80002f08	28c79d53	fmax.s	f26,f15,f12	 f15:0x00000000 f12:0x80000000 f26=0x00000000
     143405.000 ns	     14339	80002f0c	0226aeb3	mulhsu	x29,x13,x2	 x13:0x00000000  x2:0x00000000 x29=0x00000000
     143425.000 ns	     14341	80002f10	26dc8a13	addi	x20,x25,621	 x25:0x00000000 x20=0x0000026d
     143445.000 ns	     14343	80002f14	e0021953	fclass.s	x18,f4	  f4:0x80000000 x18=0x00000008
     143475.000 ns	     14346	80002f18	03974933	div	x18,x14,x25	 x14:0x00536113 x25:0x00000000 x18=0xffffffff
     143525.000 ns	     14351	80002f1c	0166fad3	fadd.s	f21,f13,f22	 f13:0x7fc00000 f22:0x80000000 f21=0x7fc00000
     143555.000 ns	     14354	80002f20	02227cb3	remu	x25,x4,x2	  x4:0x00000000  x2:0x00000000 x25=0x00000000
     143585.000 ns	     14357	80002f24	c0138ad3	fcvt.wu.s	x21,f7	  f7:0x00000000 x21=0x00000000
     143605.000 ns	     14359	80002f28	41f209b3	sub	x19,x4,x31	  x4:0x00000000 x31:0x80040fe4 x19=0x7ffbf01c
     143615.000 ns	     14360	80002f2c	97b92db7	lui	x27,0x97b92	 x27=0x97b92000
     143655.000 ns	     14364	80002f30	0175b0d3	fadd.s	f1,f11,f23	 f11:0x41880000 f23:0x4d391ac6  f1=0x4d391ac8
     143675.000 ns	     14366	80002f34	016c7eb3	and	x29,x24,x22	 x24:0xb47e5e9c x22:0x1e296ff0 x29=0x14284e90
     143695.000 ns	     14368	80002f38	e00297d3	fclass.s	x15,f5	  f5:0xcf000000 x15=0x00000002
     143725.000 ns	     14371	80002f3c	287a9753	fmax.s	f14,f21,f7	 f21:0x7fc00000  f7:0x00000000 f14=0x00000000
     144095.000 ns	     14408	80002f40	026857b3	divu	x15,x16,x6	 x16:0x00000000  x6:0xc2260000 x15=0x00000000
     144115.000 ns	     14410	80002f44	01ece2b3	or	x5,x25,x30	 x25:0x00000000 x30:0x00000000  x5=0x00000000
     144155.000 ns	     14414	80002f48	018b83d3	fadd.s	f7,f23,f24	 f23:0x4d391ac6 f24:0x3fb3ecde  f7=0x4d391ac6
     144175.000 ns	     14416	80002f4c	00471b93	slli	x23,x14,0x4	 x14:0x00536113 x23=0x05361130
     144185.000 ns	     14417	80002f50	002a48b3	xor	x17,x20,x2	 x20:0x0000026d  x2:0x00000000 x17=0x0000026d
     144195.000 ns	     14418	80002f54	00055c13	srli	x24,x10,0x0	 x10:0xc1e296ff x24=0xc1e296ff
     144215.000 ns	     14420	80002f58	03af8e33	mul	x28,x31,x26	 x31:0x80040fe4 x26:0x00000000 x28=0x00000000
     144235.000 ns	     14422	80002f5c	40770b33	sub	x22,x14,x7	 x14:0x00536113  x7:0x00000000 x22=0x00536113
     144255.000 ns	     14424	80002f60	c0117353	fcvt.wu.s	x6,f2	  f2:0x41798265  x6=0x0000000f
     144275.000 ns	     14426	80002f64	00000013	addi	x0,x0,0	  x0:0x00000000
     144295.000 ns	     14428	80002f68	d0174f53	fcvt.s.wu	f30,x14	 x14:0x00536113 f30=0x4aa6c226
     144325.000 ns	     14431	80002f6c	28159953	fmax.s	f18,f11,f1	 f11:0x41880000  f1:0x4d391ac8 f18=0x4d391ac8
     144345.000 ns	     14433	80002f70	b61bab13	slti	x22,x23,-1183	 x23:0x05361130 x22=0x00000000
     144705.000 ns	     14469	80002f74	0345d1b3	divu	x3,x11,x20	 x11:0xfffffc97 x20:0x0000026d  x3=0x00698872
     144725.000 ns	     14471	80002f78	40e1d093	srai	x1,x3,0xe	  x3:0x00000000  x1=0x000001a6
     144745.000 ns	     14473	80002f7c	d005b0d3	fcvt.s.w	f1,x11	 x11:0xfffffc97  f1=0xc45a4000
     144765.000 ns	     14475	80002f80	650de593	ori	x11,x27,1616	 x27:0x97b92000 x11=0x97b92650
     144785.000 ns	     14477	80002f84	e00c01d3	fmv.x.w	x3,f24	 f24:0x3fb3ecde  x3=0x3fb3ecde
     144805.000 ns	     14479	80002f88	001b00b3	add	x1,x22,x1	 x22:0x00000000  x1:0x000001a6  x1=0x000001a6
     144835.000 ns	     14482	80002f8c	580ecf53	fsqrt.s	f30,f29	 f29:0x80000000 f30=0x80000000
     144875.000 ns	     14486	80002f90	115e7853	fmul.s	f16,f28,f21	 f28:0x7fc00000 f21:0x7fc00000 f16=0x7fc00000
     144895.000 ns	     14488	80002f94	002c86b3	add	x13,x25,x2	 x25:0x00000000  x2:0x00000000 x13=0x00000000
     144915.000 ns	     14490	80002f98	f00483d3	fmv.w.x	f7,x9	  x9:0x80041024  f7=0x80041024
     144935.000 ns	     14492	80002f9c	0120f9b3	and	x19,x1,x18	  x1:0x000001a6 x18:0xffffffff x19=0x000001a6
     144955.000 ns	     14494	80002fa0	a05b8853	fle.s	x16,f23,f5	 f23:0x4d391ac6  f5:0xcf000000 x16=0x00000000
     144975.000 ns	     14496	80002fa4	410e5693	srai	x13,x28,0x10	 x28:0x00000000 x13=0x00000000
     144985.000 ns	     14497	80002fa8	6c3b2a93	slti	x21,x22,1731	 x22:0x00000000 x21=0x00000001
     145005.000 ns	     14499	80002fac	a1b799d3	flt.s	x19,f15,f27	 f15:0x00000000 f27:0x80000000 x19=0x00000000
     145025.000 ns	     14501	80002fb0	00652b33	slt	x22,x10,x6	 x10:0xc1e296ff  x6:0x0000000f x22=0x00000001
     145045.000 ns	     14503	80002fb4	21269053	fsgnjn.s	f0,f13,f18	 f13:0x7fc00000 f18:0x4d391ac8  f0=0xffc00000
     145075.000 ns	     14506	80002fb8	038ea833	mulhsu	x16,x29,x24	 x29:0x14284e90 x24:0xc1e296ff x16=0x0f443ab3
     145095.000 ns	     14508	80002fbc	401dd7b3	sra	x15,x27,x1	 x27:0x97b92000  x1:0x000001a6 x15=0xfe5ee480
     145105.000 ns	     14509	80002fc0	402a0d33	sub	x26,x20,x2	 x20:0x0000026d  x2:0x00000000 x26=0x0000026d
     145125.000 ns	     14511	80002fc4	03eb9d33	mulh	x26,x23,x30	 x23:0x05361130 x30:0x00000000 x26=0x00000000
     145145.000 ns	     14513	80002fc8	b7a90a37	lui	x20,0xb7a90	 x20=0xb7a90000
     145165.000 ns	     14515	80002fcc	03521cb3	mulh	x25,x4,x21	  x4:0x00000000 x21:0x00000001 x25=0x00000000
     145185.000 ns	     14517	80002fd0	7554fb13	andi	x22,x9,1877	  x9:0x80041024 x22=0x00000004
     145195.000 ns	     14518	80002fd4	8e303d93	sltiu	x27,x0,-1821	  x0:0x00000000 x27=0x00000001
     145215.000 ns	     14520	80002fd8	a167a853	feq.s	x16,f15,f22	 f15:0x00000000 f22:0x80000000 x16=0x00000001
     145245.000 ns	     14523	80002fdc	025ff9b3	remu	x19,x31,x5	 x31:0x80040fe4  x5:0x00000000 x19=0x80040fe4
     145265.000 ns	     14525	80002fe0	0044d933	srl	x18,x9,x4	  x9:0x80041024  x4:0x00000000 x18=0x80041024
     145625.000 ns	     14561	80002fe4	03f6f033	remu	x0,x13,x31	 x13:0x00000000 x31:0x80040fe4
     145655.000 ns	     14564	80002fe8	039431b3	mulhu	x3,x8,x25	  x8:0x00000000 x25:0x00000000  x3=0x00000000
     145675.000 ns	     14566	80002fec	011bdc93	srli	x25,x23,0x11	 x23:0x05361130 x25=0x0000029b
     145705.000 ns	     14569	80002ff0	111cf953	fmul.s	f18,f25,f17	 f25:0x00000000 f17:0x80000000 f18=0x80000000
     145725.000 ns	     14571	80002ff4	008e66b3	or	x13,x28,x8	 x28:0x00000000  x8:0x00000000 x13=0x00000000
     145745.000 ns	     14573	80002ff8	c01af2d3	fcvt.wu.s	x5,f21	 f21:0x7fc00000  x5=0xffffffff
     145775.000 ns	     14576	80002ffc	03a5e433	rem	x8,x11,x26	 x11:0x97b92650 x26:0x00000000  x8=0x97b92650
     145795.000 ns	     14578	80003000	019dd413	srli	x8,x27,0x19	 x27:0x00000001  x8=0x00000000
     145805.000 ns	     14579	80003004	5e212813	slti	x16,x2,1506	  x2:0x00000000 x16=0x00000001
     145815.000 ns	     14580	80003008	407b5133	sra	x2,x22,x7	 x22:0x00000004  x7:0x00000000  x2=0x00000004
     145835.000 ns	     14582	8000300c	21d58153	fsgnj.s	f2,f11,f29	 f11:0x41880000 f29:0x80000000  f2=0xc1880000
     145855.000 ns	     14584	80003010	4185dd33	sra	x26,x11,x24	 x11:0x97b92650 x24:0xc1e296ff x26=0xffffffff
     145865.000 ns	     14585	80003014	ec961997	auipc	x19,0xec961	 x19=0x6c964014
     145885.000 ns	     14587	80003018	d01a77d3	fcvt.s.wu	f15,x20	 x20:0xb7a90000 f15=0x4f37a900
     146255.000 ns	     14624	8000301c	02c36e33	rem	x28,x6,x12	  x6:0x0000000f x12:0x7fa88f48 x28=0x0000000f
     146275.000 ns	     14626	80003020	007377b3	and	x15,x6,x7	  x6:0x0000000f  x7:0x00000000 x15=0x00000000
     146285.000 ns	     14627	80003024	002b6a33	or	x20,x22,x2	 x22:0x00000004  x2:0x00000004 x20=0x00000004
     146305.000 ns	     14629	80003028	20e88ad3	fsgnj.s	f21,f17,f14	 f17:0x80000000 f14:0x00000000 f21=0x00000000
     146335.000 ns	     14632	8000302c	29c21453	fmax.s	f8,f4,f28	  f4:0x80000000 f28:0x7fc00000  f8=0x80000000
     146365.000 ns	     14635	80003030	283d8253	fmin.s	f4,f27,f3	 f27:0x80000000  f3:0x7fc00000  f4=0x80000000
     146385.000 ns	     14637	80003034	96074393	xori	x7,x14,-1696	 x14:0x00536113  x7=0xffac9873
     146405.000 ns	     14639	80003038	a0788a53	fle.s	x20,f17,f7	 f17:0x80000000  f7:0x80041024 x20=0x00000000
     146425.000 ns	     14641	8000303c	5a294d93	xori	x27,x18,1442	 x18:0x80041024 x27=0x80041586
     146445.000 ns	     14643	80003040	d01b1953	fcvt.s.wu	f18,x22	 x22:0x00000004 f18=0x40800000
     146475.000 ns	     14646	80003044	c017f8d3	fcvt.wu.s	x17,f15	 f15:0x4f37a900 x17=0xb7a90000
     146505.000 ns	     14649	80003048	29ca0dd3	fmin.s	f27,f20,f28	 f20:0x7fc00000 f28:0x7fc00000 f27=0x7fc00000
     146535.000 ns	     14652	8000304c	28d295d3	fmax.s	f11,f5,f13	  f5:0xcf000000 f13:0x7fc00000 f11=0xcf000000
     146565.000 ns	     14655	80003050	21b6a353	fsgnjx.s	f6,f13,f27	 f13:0x7fc00000 f27:0x7fc00000  f6=0x7fc00000
     146585.000 ns	     14657	80003054	8a294393	xori	x7,x18,-1886	 x18:0x80041024  x7=0x7ffbe886
     146605.000 ns	     14659	80003058	a0522ad3	feq.s	x21,f4,f5	  f4:0x80000000  f5:0xcf000000 x21=0x00000000
     146625.000 ns	     14661	8000305c	40287713	andi	x14,x16,1026	 x16:0x00000001 x14=0x00000000
     146645.000 ns	     14663	80003060	02f116b3	mulh	x13,x2,x15	  x2:0x00000004 x15:0x00000000 x13=0x00000000
     146665.000 ns	     14665	80003064	4c61f013	andi	x0,x3,1222	  x3:0x00000000
     146675.000 ns	     14666	80003068	0f092a13	slti	x20,x18,240	 x18:0x80041024 x20=0x00000001
     147035.000 ns	     14702	8000306c	038d4eb3	div	x29,x26,x24	 x26:0xffffffff x24:0xc1e296ff x29=0x00000000
     147055.000 ns	     14704	80003070	579db037	lui	x0,0x579db	
     147065.000 ns	     14705	80003074	00a5c433	xor	x8,x11,x10	 x11:0x97b92650 x10:0xc1e296ff  x8=0x565bb0af
     147075.000 ns	     14706	80003078	00571993	slli	x19,x14,0x5	 x14:0x00000000 x19=0x00000000
     147085.000 ns	     14707	8000307c	01521e13	slli	x28,x4,0x15	  x4:0x00000000 x28=0x00000000
     147105.000 ns	     14709	80003080	c0061ed3	fcvt.w.s	x29,f12	 f12:0x80000000 x29=0x00000000
     147125.000 ns	     14711	80003084	5ff7a993	slti	x19,x15,1535	 x15:0x00000000 x19=0x00000001
     147135.000 ns	     14712	80003088	019368b3	or	x17,x6,x25	  x6:0x0000000f x25:0x0000029b x17=0x0000029f
     147145.000 ns	     14713	8000308c	017feab3	or	x21,x31,x23	 x31:0x80040fe4 x23:0x05361130 x21=0x85361ff4
     147155.000 ns	     14714	80003090	014f9c93	slli	x25,x31,0x14	 x31:0x80040fe4 x25=0xfe400000
     147165.000 ns	     14715	80003094	46276193	ori	x3,x14,1122	 x14:0x00000000  x3=0x00000462
     147175.000 ns	     14716	80003098	fc5facb7	lui	x25,0xfc5fa	 x25=0xfc5fa000
     147195.000 ns	     14718	8000309c	f00b88d3	fmv.w.x	f17,x23	 x23:0x05361130 f17=0x05361130
     147225.000 ns	     14721	800030a0	02618d33	mul	x26,x3,x6	  x3:0x00000462  x6:0x0000000f x26=0x000041be
     147245.000 ns	     14723	800030a4	41e38ab3	sub	x21,x7,x30	  x7:0x7ffbe886 x30:0x00000000 x21=0x7ffbe886
     147285.000 ns	     14727	800030a8	082c8353	fsub.s	f6,f25,f2	 f25:0x00000000  f2:0xc1880000  f6=0x41880000
     147315.000 ns	     14730	800030ac	d0187cd3	fcvt.s.wu	f25,x16	 x16:0x00000001 f25=0x3f800000
     147335.000 ns	     14732	800030b0	00fbb7b3	sltu	x15,x23,x15	 x23:0x05361130 x15:0x00000000 x15=0x00000000
     147345.000 ns	     14733	800030b4	5df87713	andi	x14,x16,1503	 x16:0x00000001 x14=0x00000001
     147375.000 ns	     14736	800030b8	11aafb53	fmul.s	f22,f21,f26	 f21:0x00000000 f26:0x00000000 f22=0x00000000
     147405.000 ns	     14739	800030bc	02e1b2b3	mulhu	x5,x3,x14	  x3:0x00000462 x14:0x00000000  x5=0x00000000
     147425.000 ns	     14741	800030c0	7c127293	andi	x5,x4,1985	  x4:0x00000000  x5=0x00000000
     147785.000 ns	     14777	800030c4	021a60b3	rem	x1,x20,x1	 x20:0x00000001  x1:0x000001a6  x1=0x00000001
     147805.000 ns	     14779	800030c8	0ba52993	slti	x19,x10,186	 x10:0xc1e296ff x19=0x00000001
     147825.000 ns	     14781	800030cc	03ebb3b3	mulhu	x7,x23,x30	 x23:0x05361130 x30:0x00000000  x7=0x00000000
     147855.000 ns	     14784	800030d0	f0010553	fmv.w.x	f10,x2	  x2:0x00000004 f10=0x00000004
     147885.000 ns	     14787	800030d4	28d99bd3	fmax.s	f23,f19,f13	 f19:0x80000000 f13:0x7fc00000 f23=0x80000000
     147905.000 ns	     14789	800030d8	00a7e633	or	x12,x15,x10	 x15:0x00000000 x10:0xc1e296ff x12=0xc1e296ff
     147925.000 ns	     14791	800030dc	d014f653	fcvt.s.wu	f12,x9	  x9:0x80041024 f12=0x4f000410
     148295.000 ns	     14828	800030e0	02b6e233	rem	x4,x13,x11	 x13:0x00000000 x11:0x97b92650  x4=0x00000000
     148315.000 ns	     14830	800030e4	4135ddb3	sra	x27,x11,x19	 x11:0x97b92650 x19:0x00000001 x27=0xcbdc9328
     148355.000 ns	     14834	800030e8	0069f153	fadd.s	f2,f19,f6	 f19:0x80000000  f6:0x41880000  f2=0x41880000
     148375.000 ns	     14836	800030ec	01df4cb3	xor	x25,x30,x29	 x30:0x00000000 x29:0x00000000 x25=0x00000000
     148395.000 ns	     14838	800030f0	a14ba453	feq.s	x8,f23,f20	 f23:0x80000000 f20:0x7fc00000  x8=0x00000000
     148425.000 ns	     14841	800030f4	02bf2cb3	mulhsu	x25,x30,x11	 x30:0x00000000 x11:0x97b92650 x25=0x00000000
     148455.000 ns	     14844	800030f8	03b3a5b3	mulhsu	x11,x7,x27	  x7:0x00000000 x27:0xcbdc9328 x11=0x00000000
     148485.000 ns	     14847	800030fc	02f1a733	mulhsu	x14,x3,x15	  x3:0x00000462 x15:0x00000000 x14=0x00000000
     148505.000 ns	     14849	80003100	6ba76f13	ori	x30,x14,1722	 x14:0x00000001 x30=0x000006ba
     148525.000 ns	     14851	80003104	a02d15d3	flt.s	x11,f26,f2	 f26:0x00000000  f2:0x41880000 x11=0x00000001
     148555.000 ns	     14854	80003108	d015f3d3	fcvt.s.wu	f7,x11	 x11:0x00000000  f7=0x3f800000
     148585.000 ns	     14857	8000310c	20ae2e53	fsgnjx.s	f28,f28,f10	 f28:0x7fc00000 f10:0x00000004 f28=0x7fc00000
     148615.000 ns	     14860	80003110	036335b3	mulhu	x11,x6,x22	  x6:0x0000000f x22:0x00000004 x11=0x00000000
     148645.000 ns	     14863	80003114	a00f1253	flt.s	x4,f30,f0	 f30:0x80000000  f0:0xffc00000  x4=0x00000000
     149015.000 ns	     14900	80003118	036e5733	divu	x14,x28,x22	 x28:0x00000000 x22:0x00000004 x14=0x00000000
     149035.000 ns	     14902	8000311c	4177db33	sra	x22,x15,x23	 x15:0x00000000 x23:0x05361130 x22=0x00000000
     149045.000 ns	     14903	80003120	f9482393	slti	x7,x16,-108	 x16:0x00000001  x7=0x00000000
     149075.000 ns	     14906	80003124	1991fc53	fdiv.s	f24,f3,f25	  f3:0x7fc00000 f25:0x3f800000 f24=0x7fc00000
     149095.000 ns	     14908	80003128	41a558b3	sra	x17,x10,x26	 x10:0xc1e296ff x26:0x000041be x17=0xffffffff
     149105.000 ns	     14909	8000312c	00ce40b3	xor	x1,x28,x12	 x28:0x00000000 x12:0xc1e296ff  x1=0xc1e296ff
     149125.000 ns	     14911	80003130	02f81133	mulh	x2,x16,x15	 x16:0x00000001 x15:0x00000000  x2=0x00000000
     149155.000 ns	     14914	80003134	28d38cd3	fmin.s	f25,f7,f13	  f7:0x3f800000 f13:0x7fc00000 f25=0x3f800000
     149185.000 ns	     14917	80003138	02f0ccb3	div	x25,x1,x15	  x1:0xc1e296ff x15:0x00000000 x25=0xffffffff
     149215.000 ns	     14920	8000313c	28481b53	fmax.s	f22,f16,f4	 f16:0x7fc00000  f4:0x80000000 f22=0x80000000
     149585.000 ns	     14957	80003140	02107a33	remu	x20,x0,x1	  x0:0x00000000  x1:0xc1e296ff x20=0x00000000
     149605.000 ns	     14959	80003144	41078cb3	sub	x25,x15,x16	 x15:0x00000000 x16:0x00000001 x25=0xffffffff
     149615.000 ns	     14960	80003148	b8e14cb7	lui	x25,0xb8e14	 x25=0xb8e14000
     149625.000 ns	     14961	8000314c	013f5eb3	srl	x29,x30,x19	 x30:0x000006ba x19:0x00000001 x29=0x0000035d
     149645.000 ns	     14963	80003150	03cfedb3	rem	x27,x31,x28	 x31:0x80040fe4 x28:0x00000000 x27=0x80040fe4
     149675.000 ns	     14966	80003154	c01cf9d3	fcvt.wu.s	x19,f25	 f25:0x3f800000 x19=0x00000001
     150045.000 ns	     15003	80003158	031470b3	remu	x1,x8,x17	  x8:0x00000000 x17:0xffffffff  x1=0x00000000
     151225.000 ns	     15121	8000315c	58052853	fsqrt.s	f16,f10	 f10:0x00000004 f16=0x1f350489
     151255.000 ns	     15124	80003160	213a88d3	fsgnj.s	f17,f21,f19	 f21:0x00000000 f19:0x80000000 f17=0x80000000
     151285.000 ns	     15127	80003164	a0b997d3	flt.s	x15,f19,f11	 f19:0x80000000 f11:0xcf000000 x15=0x00000000
     151625.000 ns	     15161	80003168	18f3fd53	fdiv.s	f26,f7,f15	  f7:0x3f800000 f15:0x4f37a900 f26=0x2f800000
     151645.000 ns	     15163	8000316c	00c0dab3	srl	x21,x1,x12	  x1:0x00000000 x12:0xc1e296ff x21=0x00000000
     151655.000 ns	     15164	80003170	403d53b3	sra	x7,x26,x3	 x26:0x000041be  x3:0x00000462  x7=0x0000106f
     151665.000 ns	     15165	80003174	002ce333	or	x6,x25,x2	 x25:0xb8e14000  x2:0x00000000  x6=0xb8e14000
     151675.000 ns	     15166	80003178	00c72433	slt	x8,x14,x12	 x14:0x00000000 x12:0xc1e296ff  x8=0x00000000
     151695.000 ns	     15168	8000317c	023e9f33	mulh	x30,x29,x3	 x29:0x0000035d  x3:0x00000462 x30=0x00000000
     151725.000 ns	     15171	80003180	20adab53	fsgnjx.s	f22,f27,f10	 f27:0x7fc00000 f10:0x00000004 f22=0x7fc00000
     151755.000 ns	     15174	80003184	219aa9d3	fsgnjx.s	f19,f21,f25	 f21:0x00000000 f25:0x3f800000 f19=0x00000000
     151785.000 ns	     15177	80003188	03108233	mul	x4,x1,x17	  x1:0x00000000 x17:0xffffffff  x4=0x00000000
     151805.000 ns	     15179	8000318c	a2b4bb13	sltiu	x22,x9,-1493	  x9:0x80041024 x22=0x00000001
     151825.000 ns	     15181	80003190	e00a1e53	fclass.s	x28,f20	 f20:0x7fc00000 x28=0x00000200
     151855.000 ns	     15184	80003194	027e2f33	mulhsu	x30,x28,x7	 x28:0x00000000  x7:0x0000106f x30=0x00000000
     151885.000 ns	     15187	80003198	20a499d3	fsgnjn.s	f19,f9,f10	  f9:0x7fc00000 f10:0x00000004 f19=0xffc00000
     151905.000 ns	     15189	8000319c	4cb82e93	slti	x29,x16,1227	 x16:0x00000001 x29=0x00000001
     151925.000 ns	     15191	800031a0	c018f353	fcvt.wu.s	x6,f17	 f17:0x80000000  x6=0x00000000
     151945.000 ns	     15193	800031a4	9d004793	xori	x15,x0,-1584	  x0:0x00000000 x15=0xfffff9d0
     151955.000 ns	     15194	800031a8	0171d593	srli	x11,x3,0x17	  x3:0x00000462 x11=0x00000000
     151965.000 ns	     15195	800031ac	00ffe8b3	or	x17,x31,x15	 x31:0x80040fe4 x15:0x00000000 x17=0xfffffff4
     151985.000 ns	     15197	800031b0	21820753	fsgnj.s	f14,f4,f24	  f4:0x80000000 f24:0x7fc00000 f14=0x00000000
     152005.000 ns	     15199	800031b4	01b167b3	or	x15,x2,x27	  x2:0x00000000 x27:0x80040fe4 x15=0x80040fe4
     152015.000 ns	     15200	800031b8	400758b3	sra	x17,x14,x0	 x14:0x00000000  x0:0x00000000 x17=0x00000000
     152025.000 ns	     15201	800031bc	017e5033	srl	x0,x28,x23	 x28:0x00000200 x23:0x05361130
     152035.000 ns	     15202	800031c0	01085a93	srli	x21,x16,0x10	 x16:0x00000001 x21=0x00000000
     152395.000 ns	     15238	800031c4	02a740b3	div	x1,x14,x10	 x14:0x00000000 x10:0xc1e296ff  x1=0x00000000
     152765.000 ns	     15275	800031c8	03bd7333	remu	x6,x26,x27	 x26:0x000041be x27:0x80040fe4  x6=0x000041be
     152815.000 ns	     15280	800031cc	01a2b153	fadd.s	f2,f5,f26	  f5:0xcf000000 f26:0x2f800000  f2=0xcf000000
     152835.000 ns	     15282	800031d0	00b921b3	slt	x3,x18,x11	 x18:0x80041024 x11:0x00000000  x3=0x00000001
     152845.000 ns	     15283	800031d4	09cbc0b7	lui	x1,0x9cbc	  x1=0x09cbc000
     152855.000 ns	     15284	800031d8	002c9c93	slli	x25,x25,0x2	 x25:0xb8e14000 x25=0xe3850000
     152865.000 ns	     15285	800031dc	254b17b7	lui	x15,0x254b1	 x15=0x254b1000
     152875.000 ns	     15286	800031e0	0080eb33	or	x22,x1,x8	  x1:0x09cbc000  x8:0x00000000 x22=0x09cbc000
     153235.000 ns	     15322	800031e4	0388e7b3	rem	x15,x17,x24	 x17:0x00000000 x24:0xc1e296ff x15=0x00000000
     153605.000 ns	     15359	800031e8	0392f6b3	remu	x13,x5,x25	  x5:0x00000000 x25:0xe3850000 x13=0x00000000
     153625.000 ns	     15361	800031ec	4312cb97	auipc	x23,0x4312c	 x23=0xc312f1ec
     153635.000 ns	     15362	800031f0	00dc6c33	or	x24,x24,x13	 x24:0xc1e296ff x13:0x00000000 x24=0xc1e296ff
     153645.000 ns	     15363	800031f4	4d51abb7	lui	x23,0x4d51a	 x23=0x4d51a000
     153655.000 ns	     15364	800031f8	01f19a13	slli	x20,x3,0x1f	  x3:0x00000001 x20=0x80000000
     153665.000 ns	     15365	800031fc	00000013	addi	x0,x0,0	  x0:0x00000000
     153685.000 ns	     15367	80003200	a0c595d3	flt.s	x11,f11,f12	 f11:0xcf000000 f12:0x4f000410 x11=0x00000001
     153705.000 ns	     15369	80003204	009871b3	and	x3,x16,x9	 x16:0x00000001  x9:0x80041024  x3=0x00000000
     153725.000 ns	     15371	80003208	c0069bd3	fcvt.w.s	x23,f13	 f13:0x7fc00000 x23=0x7fffffff
     153755.000 ns	     15374	8000320c	c00608d3	fcvt.w.s	x17,f12	 f12:0x4f000410 x17=0x7fffffff
     153785.000 ns	     15377	80003210	e00c09d3	fmv.x.w	x19,f24	 f24:0x7fc00000 x19=0x7fc00000
     153805.000 ns	     15379	80003214	00000013	addi	x0,x0,0	  x0:0x00000000
     153845.000 ns	     15383	80003218	004e7fd3	fadd.s	f31,f28,f4	 f28:0x7fc00000  f4:0x80000000 f31=0x7fc00000
     153875.000 ns	     15386	8000321c	a15a05d3	fle.s	x11,f20,f21	 f20:0x7fc00000 f21:0x00000000 x11=0x00000000
     153895.000 ns	     15388	80003220	00711333	sll	x6,x2,x7	  x2:0x00000000  x7:0x0000106f  x6=0x00000000
     153935.000 ns	     15392	80003224	09a7ffd3	fsub.s	f31,f15,f26	 f15:0x4f37a900 f26:0x2f800000 f31=0x4f37a900
     153965.000 ns	     15395	80003228	f0090753	fmv.w.x	f14,x18	 x18:0x80041024 f14=0x80041024
     153985.000 ns	     15397	8000322c	00aa3bb3	sltu	x23,x20,x10	 x20:0x80000000 x10:0xc1e296ff x23=0x00000001
     154005.000 ns	     15399	80003230	d0000d53	fcvt.s.w	f26,x0	  x0:0x00000000 f26=0x00000000
     154025.000 ns	     15401	80003234	b99eb693	sltiu	x13,x29,-1127	 x29:0x00000001 x13=0x00000001
     154035.000 ns	     15402	80003238	00ca4f33	xor	x30,x20,x12	 x20:0x80000000 x12:0xc1e296ff x30=0x41e296ff
     154045.000 ns	     15403	8000323c	00175993	srli	x19,x14,0x1	 x14:0x00000000 x19=0x00000000
     154055.000 ns	     15404	80003240	403788b3	sub	x17,x15,x3	 x15:0x00000000  x3:0x00000000 x17=0x00000000
     154095.000 ns	     15408	80003244	08c3ba53	fsub.s	f20,f7,f12	  f7:0x3f800000 f12:0x4f000410 f20=0xcf00040f
     154135.000 ns	     15412	80003248	580aacd3	fsqrt.s	f25,f21	 f21:0x00000000 f25=0x00000000
     154155.000 ns	     15414	8000324c	019c8233	add	x4,x25,x25	 x25:0xe3850000 x25:0xe3850000  x4=0xc70a0000
     154165.000 ns	     15415	80003250	41d58393	addi	x7,x11,1053	 x11:0x00000000  x7=0x0000041d
     154185.000 ns	     15417	80003254	023047b3	div	x15,x0,x3	  x0:0x00000000  x3:0x00000000 x15=0xffffffff
     154235.000 ns	     15422	80003258	00cc20d3	fadd.s	f1,f24,f12	 f24:0x7fc00000 f12:0x4f000410  f1=0x7fc00000
     154265.000 ns	     15425	8000325c	e0020dd3	fmv.x.w	x27,f4	  f4:0x80000000 x27=0x80000000
     154295.000 ns	     15428	80003260	03908cb3	mul	x25,x1,x25	  x1:0x09cbc000 x25:0xe3850000 x25=0xc0000000
     154325.000 ns	     15431	80003264	21b612d3	fsgnjn.s	f5,f12,f27	 f12:0x4f000410 f27:0x7fc00000  f5=0xcf000410
     154345.000 ns	     15433	80003268	018127b3	slt	x15,x2,x24	  x2:0x00000000 x24:0xc1e296ff x15=0x00000000
     154355.000 ns	     15434	8000326c	8e70fd13	andi	x26,x1,-1817	  x1:0x09cbc000 x26=0x09cbc000
     154715.000 ns	     15470	80003270	03d171b3	remu	x3,x2,x29	  x2:0x00000000 x29:0x00000001  x3=0x00000000
     154735.000 ns	     15472	80003274	00f0d793	srli	x15,x1,0xf	  x1:0x09cbc000 x15=0x00001397
     154755.000 ns	     15474	80003278	21f9a753	fsgnjx.s	f14,f19,f31	 f19:0xffc00000 f31:0x4f37a900 f14=0xffc00000
     154785.000 ns	     15477	8000327c	c013f453	fcvt.wu.s	x8,f7	  f7:0x3f800000  x8=0x00000001
     154805.000 ns	     15479	80003280	92786113	ori	x2,x16,-1753	 x16:0x00000001  x2=0xfffff927
     154825.000 ns	     15481	80003284	29730e53	fmin.s	f28,f6,f23	  f6:0x41880000 f23:0x80000000 f28=0x80000000
     154845.000 ns	     15483	80003288	38486893	ori	x17,x16,900	 x16:0x00000001 x17=0x00000385
     154855.000 ns	     15484	8000328c	00870eb3	add	x29,x14,x8	 x14:0x00000000  x8:0x00000001 x29=0x00000001
     154895.000 ns	     15488	80003290	00b114d3	fadd.s	f9,f2,f11	  f2:0xcf000000 f11:0xcf000000  f9=0xcf800000
     154915.000 ns	     15490	80003294	ea9c7a93	andi	x21,x24,-343	 x24:0xc1e296ff x21=0xc1e296a9
     154925.000 ns	     15491	80003298	a5990793	addi	x15,x18,-1447	 x18:0x80041024 x15=0x80040a7d
     154945.000 ns	     15493	8000329c	286f9cd3	fmax.s	f25,f31,f6	 f31:0x4f37a900  f6:0x41880000 f25=0x4f37a900
     154985.000 ns	     15497	800032a0	5805f2d3	fsqrt.s	f5,f11	 f11:0xcf000000  f5=0x7fc00000
     155355.000 ns	     15534	800032a4	031b6bb3	rem	x23,x22,x17	 x22:0x09cbc000 x17:0x00000385 x23=0x00000062
     155385.000 ns	     15537	800032a8	02b4ea33	rem	x20,x9,x11	  x9:0x80041024 x11:0x00000000 x20=0x80041024
     155405.000 ns	     15539	800032ac	01ea85b3	add	x11,x21,x30	 x21:0xc1e296a9 x30:0x41e296ff x11=0x03c52da8
     155415.000 ns	     15540	800032b0	41d00ab3	sub	x21,x0,x29	  x0:0x00000000 x29:0x00000001 x21=0xffffffff
     155435.000 ns	     15542	800032b4	03230e33	mul	x28,x6,x18	  x6:0x00000000 x18:0x80041024 x28=0x00000000
     155465.000 ns	     15545	800032b8	0352a933	mulhsu	x18,x5,x21	  x5:0x00000000 x21:0xc1e296a9 x18=0x00000000
     155495.000 ns	     15548	800032bc	29710753	fmin.s	f14,f2,f23	  f2:0xcf000000 f23:0x80000000 f14=0xcf000000
     155865.000 ns	     15585	800032c0	036a4a33	div	x20,x20,x22	 x20:0x80041024 x22:0x09cbc000 x20=0xfffffff3
     155895.000 ns	     15588	800032c4	03a690b3	mulh	x1,x13,x26	 x13:0x00000001 x26:0x09cbc000  x1=0x00000000
     155915.000 ns	     15590	800032c8	f026eb13	ori	x22,x13,-254	 x13:0x00000001 x22=0xffffff03
     155925.000 ns	     15591	800032cc	01cffeb3	and	x29,x31,x28	 x31:0x80040fe4 x28:0x00000000 x29=0x00000000
     155935.000 ns	     15592	800032d0	b4acfd13	andi	x26,x25,-1206	 x25:0xc0000000 x26=0xc0000000
     155955.000 ns	     15594	800032d4	21841c53	fsgnjn.s	f24,f8,f24	  f8:0x80000000 f24:0x7fc00000 f24=0x80000000
     155975.000 ns	     15596	800032d8	00fa43b3	xor	x7,x20,x15	 x20:0xfffffff3 x15:0x80040a7d  x7=0x7ffbf58e
     155995.000 ns	     15598	800032dc	28590b53	fmin.s	f22,f18,f5	 f18:0x40800000  f5:0x7fc00000 f22=0x40800000
     156025.000 ns	     15601	800032e0	e00a08d3	fmv.x.w	x17,f20	 f20:0xcf00040f x17=0xcf00040f
     156045.000 ns	     15603	800032e4	6bfaaa13	slti	x20,x21,1727	 x21:0xffffffff x20=0x00000001
     156055.000 ns	     15604	800032e8	00264bb3	xor	x23,x12,x2	 x12:0xc1e296ff  x2:0xfffff927 x23=0x3e1d6fd8
     156075.000 ns	     15606	800032ec	a0dfa153	feq.s	x2,f31,f13	 f31:0x4f37a900 f13:0x7fc00000  x2=0x00000000
     156105.000 ns	     15609	800032f0	033afe33	remu	x28,x21,x19	 x21:0xffffffff x19:0x00000000 x28=0xffffffff
     156135.000 ns	     15612	800032f4	a0b61c53	flt.s	x24,f12,f11	 f12:0x4f000410 f11:0xcf000000 x24=0x00000000
     156155.000 ns	     15614	800032f8	00d05793	srli	x15,x0,0xd	  x0:0x00000000 x15=0x00000000
     156165.000 ns	     15615	800032fc	0182d2b3	srl	x5,x5,x24	  x5:0x00000000 x24:0x00000000  x5=0x00000000
     156175.000 ns	     15616	80003300	4128dc93	srai	x25,x17,0x12	 x17:0xcf00040f x25=0xfffff3c0
     156195.000 ns	     15618	80003304	c00facd3	fcvt.w.s	x25,f31	 f31:0x4f37a900 x25=0x7fffffff
     156215.000 ns	     15620	80003308	00b1e9b3	or	x19,x3,x11	  x3:0x00000000 x11:0x03c52da8 x19=0x03c52da8
     156245.000 ns	     15623	8000330c	193d0b53	fdiv.s	f22,f26,f19	 f26:0x00000000 f19:0xffc00000 f22=0x7fc00000
     156265.000 ns	     15625	80003310	002d51b3	srl	x3,x26,x2	 x26:0xc0000000  x2:0x00000000  x3=0xc0000000
     156285.000 ns	     15627	80003314	d01e75d3	fcvt.s.wu	f11,x28	 x28:0xffffffff f11=0x4f7fffff
     156325.000 ns	     15631	80003318	11e6fbd3	fmul.s	f23,f13,f30	 f13:0x7fc00000 f30:0x80000000 f23=0x7fc00000
     156355.000 ns	     15634	8000331c	d01697d3	fcvt.s.wu	f15,x13	 x13:0x00000001 f15=0x3f800000
     156375.000 ns	     15636	80003320	015c1793	slli	x15,x24,0x15	 x24:0x00000000 x15=0x00000000
     156385.000 ns	     15637	80003324	601a8913	addi	x18,x21,1537	 x21:0xffffffff x18=0x00000600
     156405.000 ns	     15639	80003328	e0088253	fmv.x.w	x4,f17	 f17:0x80000000  x4=0x80000000
     156445.000 ns	     15643	8000332c	1921fad3	fdiv.s	f21,f3,f18	  f3:0x7fc00000 f18:0x40800000 f21=0x7fc00000
     156465.000 ns	     15645	80003330	0004c2b3	xor	x5,x9,x0	  x9:0x80041024  x0:0x00000000  x5=0x80041024
     156475.000 ns	     15646	80003334	007c8db3	add	x27,x25,x7	 x25:0x7fffffff  x7:0x7ffbf58e x27=0xfffbf58d
     156485.000 ns	     15647	80003338	40d88933	sub	x18,x17,x13	 x17:0xcf00040f x13:0x00000001 x18=0xcf00040e
     156495.000 ns	     15648	8000333c	80697893	andi	x17,x18,-2042	 x18:0x00000600 x17=0xcf000006
     156515.000 ns	     15650	80003340	a0582053	feq.s	x0,f16,f5	 f16:0x1f350489  f5:0x7fc00000
     156545.000 ns	     15653	80003344	037526b3	mulhsu	x13,x10,x23	 x10:0xc1e296ff x23:0x3e1d6fd8 x13=0xf0edbc19
     156565.000 ns	     15655	80003348	014060b3	or	x1,x0,x20	  x0:0x00000000 x20:0x00000001  x1=0x00000001
     156585.000 ns	     15657	8000334c	e00e8a53	fmv.x.w	x20,f29	 f29:0x80000000 x20=0x80000000
     156955.000 ns	     15694	80003350	0248dab3	divu	x21,x17,x4	 x17:0xcf000006  x4:0x80000000 x21=0x00000001
     156975.000 ns	     15696	80003354	0185d833	srl	x16,x11,x24	 x11:0x03c52da8 x24:0x00000000 x16=0x03c52da8
     156995.000 ns	     15698	80003358	f00b82d3	fmv.w.x	f5,x23	 x23:0x3e1d6fd8  f5=0x3e1d6fd8
     157015.000 ns	     15700	8000335c	406a00b3	sub	x1,x20,x6	 x20:0x80000000  x6:0x00000000  x1=0x80000000
     157035.000 ns	     15702	80003360	c01eb6d3	fcvt.wu.s	x13,f29	 f29:0x80000000 x13=0x00000000
     157065.000 ns	     15705	80003364	204f16d3	fsgnjn.s	f13,f30,f4	 f30:0x80000000  f4:0x80000000 f13=0x00000000
     157115.000 ns	     15710	80003368	0157c353	fadd.s	f6,f15,f21	 f15:0x3f800000 f21:0x7fc00000  f6=0x7fc00000
     157135.000 ns	     15712	8000336c	00135293	srli	x5,x6,0x1	  x6:0x00000000  x5=0x00000000
     157165.000 ns	     15715	80003370	10ef8953	fmul.s	f18,f31,f14	 f31:0x4f37a900 f14:0xcf000000 f18=0xdeb7a900
     157185.000 ns	     15717	80003374	009802b3	add	x5,x16,x9	 x16:0x03c52da8  x9:0x80041024  x5=0x83c93dcc
     157205.000 ns	     15719	80003378	207a8b53	fsgnj.s	f22,f21,f7	 f21:0x7fc00000  f7:0x3f800000 f22=0x7fc00000
     157235.000 ns	     15722	8000337c	d0134153	fcvt.s.wu	f2,x6	  x6:0x00000000  f2=0x00000000
     157265.000 ns	     15725	80003380	a1d4abd3	feq.s	x23,f9,f29	  f9:0xcf800000 f29:0x80000000 x23=0x00000000
     157285.000 ns	     15727	80003384	40798933	sub	x18,x19,x7	 x19:0x03c52da8  x7:0x7ffbf58e x18=0x83c9381a
     157295.000 ns	     15728	80003388	bf262213	slti	x4,x12,-1038	 x12:0xc1e296ff  x4=0x00000001
     157315.000 ns	     15730	8000338c	a0cc9f53	flt.s	x30,f25,f12	 f25:0x4f37a900 f12:0x4f000410 x30=0x00000000
     157365.000 ns	     15735	80003390	084b2153	fsub.s	f2,f22,f4	 f22:0x7fc00000  f4:0x80000000  f2=0x7fc00000
     157385.000 ns	     15737	80003394	00383c33	sltu	x24,x16,x3	 x16:0x03c52da8  x3:0xc0000000 x24=0x00000001
     157405.000 ns	     15739	80003398	28951353	fmax.s	f6,f10,f9	 f10:0x00000004  f9:0xcf800000  f6=0x00000004
     157425.000 ns	     15741	8000339c	c2184693	xori	x13,x16,-991	 x16:0x03c52da8 x13=0xfc3ad189
     157785.000 ns	     15777	800033a0	02da5733	divu	x14,x20,x13	 x20:0x80000000 x13:0x00000000 x14=0x00000000
     158155.000 ns	     15814	800033a4	033deeb3	rem	x29,x27,x19	 x27:0xfffbf58d x19:0x03c52da8 x29=0xfffbf58d
     158525.000 ns	     15851	800033a8	0210d0b3	divu	x1,x1,x1	  x1:0x80000000  x1:0x80000000  x1=0x00000001
     158545.000 ns	     15853	800033ac	9232cc13	xori	x24,x5,-1757	  x5:0x83c93dcc x24=0x7c36c4ef
     158575.000 ns	     15856	800033b0	190b75d3	fdiv.s	f11,f22,f16	 f22:0x7fc00000 f16:0x1f350489 f11=0x7fc00000
     158595.000 ns	     15858	800033b4	01bc13b3	sll	x7,x24,x27	 x24:0x00000001 x27:0xfffbf58d  x7=0xd89de000
     158605.000 ns	     15859	800033b8	d9762b93	slti	x23,x12,-617	 x12:0xc1e296ff x23=0x00000001
     158625.000 ns	     15861	800033bc	d00b0bd3	fcvt.s.w	f23,x22	 x22:0xffffff03 f23=0xc37d0000
     158645.000 ns	     15863	800033c0	405403b3	sub	x7,x8,x5	  x8:0x00000001  x5:0x83c93dcc  x7=0x7c36c235
     158665.000 ns	     15865	800033c4	219ea753	fsgnjx.s	f14,f29,f25	 f29:0x80000000 f25:0x4f37a900 f14=0x80000000
     159035.000 ns	     15902	800033c8	0383c0b3	div	x1,x7,x24	  x7:0xd89de000 x24:0x7c36c4ef  x1=0x00000000
     159065.000 ns	     15905	800033cc	03c21733	mulh	x14,x4,x28	  x4:0x00000001 x28:0xffffffff x14=0xffffffff
     159095.000 ns	     15908	800033d0	e00d02d3	fmv.x.w	x5,f26	 f26:0x00000000  x5=0x00000000
     159115.000 ns	     15910	800033d4	105a0293	addi	x5,x20,261	 x20:0x80000000  x5=0x80000105
     159125.000 ns	     15911	800033d8	00db1a93	slli	x21,x22,0xd	 x22:0xffffff03 x21=0xffe06000
     159135.000 ns	     15912	800033dc	00f53033	sltu	x0,x10,x15	 x10:0xc1e296ff x15:0x00000000
     159145.000 ns	     15913	800033e0	00f5fab3	and	x21,x11,x15	 x11:0x03c52da8 x15:0x00000000 x21=0x00000000
     159165.000 ns	     15915	800033e4	a0aeacd3	feq.s	x25,f29,f10	 f29:0x80000000 f10:0x00000004 x25=0x00000000
     159185.000 ns	     15917	800033e8	00a3ddb3	srl	x27,x7,x10	  x7:0x7c36c235 x10:0xc1e296ff x27=0x00000000
     159205.000 ns	     15919	800033ec	29040453	fmin.s	f8,f8,f16	  f8:0x80000000 f16:0x1f350489  f8=0x80000000
     159235.000 ns	     15922	800033f0	02c03cb3	mulhu	x25,x0,x12	  x0:0x00000000 x12:0xc1e296ff x25=0x00000000
     159265.000 ns	     15925	800033f4	285b9953	fmax.s	f18,f23,f5	 f23:0xc37d0000  f5:0x3e1d6fd8 f18=0x3e1d6fd8
     159635.000 ns	     15962	800033f8	037243b3	div	x7,x4,x23	  x4:0x00000001 x23:0x00000001  x7=0x00000001
     159655.000 ns	     15964	800033fc	0149a333	slt	x6,x19,x20	 x19:0x03c52da8 x20:0x80000000  x6=0x00000000
     159665.000 ns	     15965	80003400	005608b3	add	x17,x12,x5	 x12:0xc1e296ff  x5:0x80000105 x17=0x41e29804
     159675.000 ns	     15966	80003404	004f5a13	srli	x20,x30,0x4	 x30:0x00000000 x20=0x00000000
     159685.000 ns	     15967	80003408	00d15433	srl	x8,x2,x13	  x2:0x00000000 x13:0xfc3ad189  x8=0x00000000
     159695.000 ns	     15968	8000340c	2383c193	xori	x3,x7,568	  x7:0x00000001  x3=0x00000239
     159705.000 ns	     15969	80003410	9789ad93	slti	x27,x19,-1672	 x19:0x03c52da8 x27=0x00000000
     159725.000 ns	     15971	80003414	c0070853	fcvt.w.s	x16,f14	 f14:0x80000000 x16=0x00000000
     159755.000 ns	     15974	80003418	026fd133	divu	x2,x31,x6	 x31:0x80040fe4  x6:0x00000000  x2=0xffffffff
     159785.000 ns	     15977	8000341c	e00c0053	fmv.x.w	x0,f24	 f24:0x80000000
     159805.000 ns	     15979	80003420	00eaa0b3	slt	x1,x21,x14	 x21:0x00000000 x14:0xffffffff  x1=0x00000000
     159825.000 ns	     15981	80003424	c017fd53	fcvt.wu.s	x26,f15	 f15:0x3f800000 x26=0x00000001
     159855.000 ns	     15984	80003428	a1928853	fle.s	x16,f5,f25	  f5:0x3e1d6fd8 f25:0x4f37a900 x16=0x00000001
     159885.000 ns	     15987	8000342c	c00b3ed3	fcvt.w.s	x29,f22	 f22:0x7fc00000 x29=0x7fffffff
     159915.000 ns	     15990	80003430	e00b97d3	fclass.s	x15,f23	 f23:0xc37d0000 x15=0x00000002
     159935.000 ns	     15992	80003434	013c96b3	sll	x13,x25,x19	 x25:0x00000000 x19:0x03c52da8 x13=0x00000000
     159955.000 ns	     15994	80003438	21110cd3	fsgnj.s	f25,f2,f17	  f2:0x7fc00000 f17:0x80000000 f25=0xffc00000
     159975.000 ns	     15996	8000343c	01389a13	slli	x20,x17,0x13	 x17:0x41e29804 x20=0xc0200000
     159995.000 ns	     15998	80003440	03de90b3	mulh	x1,x29,x29	 x29:0x7fffffff x29:0x7fffffff  x1=0x3fffffff
     160015.000 ns	     16000	80003444	4a7a8f37	lui	x30,0x4a7a8	 x30=0x4a7a8000
     160035.000 ns	     16002	80003448	027f81b3	mul	x3,x31,x7	 x31:0x80040fe4  x7:0x00000001  x3=0x80040fe4
     160075.000 ns	     16006	8000344c	18e873d3	fdiv.s	f7,f16,f14	 f16:0x1f350489 f14:0x80000000  f7=0xff800000
     160105.000 ns	     16009	80003450	d01efc53	fcvt.s.wu	f24,x29	 x29:0x7fffffff f24=0x4effffff
     160125.000 ns	     16011	80003454	90d38b13	addi	x22,x7,-1779	  x7:0x00000001 x22=0xfffff90e
     160145.000 ns	     16013	80003458	03289333	mulh	x6,x17,x18	 x17:0x41e29804 x18:0x83c9381a  x6=0xe008251f
     160485.000 ns	     16047	8000345c	197bf0d3	fdiv.s	f1,f23,f23	 f23:0xc37d0000 f23:0xc37d0000  f1=0x3fbb2d42
     160515.000 ns	     16050	80003460	d005a353	fcvt.s.w	f6,x11	 x11:0x03c52da8  f6=0x4c714b6a
     160545.000 ns	     16053	80003464	a1aa29d3	feq.s	x19,f20,f26	 f20:0xcf00040f f26:0x00000000 x19=0x00000000
     160565.000 ns	     16055	80003468	41050c13	addi	x24,x10,1040	 x10:0xc1e296ff x24=0xc1e29b0f
     160925.000 ns	     16091	8000346c	0227df33	divu	x30,x15,x2	 x15:0x00000002  x2:0xffffffff x30=0x00000000
     160955.000 ns	     16094	80003470	0207dd33	divu	x26,x15,x0	 x15:0x00000002  x0:0x00000000 x26=0xffffffff
     160975.000 ns	     16096	80003474	019a6db3	or	x27,x20,x25	 x20:0xc0200000 x25:0x00000000 x27=0xc0200000
     160995.000 ns	     16098	80003478	21261e53	fsgnjn.s	f28,f12,f18	 f12:0x4f000410 f18:0x3e1d6fd8 f28=0xcf000410
     161025.000 ns	     16101	8000347c	a1e90053	fle.s	x0,f18,f30	 f18:0x3e1d6fd8 f30:0x80000000
     161045.000 ns	     16103	80003480	41b3ec13	ori	x24,x7,1051	  x7:0x00000001 x24=0x0000041b
     161055.000 ns	     16104	80003484	bc51b413	sltiu	x8,x3,-1083	  x3:0x80040fe4  x8=0x00000001
     161095.000 ns	     16108	80003488	08cf9f53	fsub.s	f30,f31,f12	 f31:0x4f37a900 f12:0x4f000410 f30=0x4e5e93c0
     161115.000 ns	     16110	8000348c	013cd213	srli	x4,x25,0x13	 x25:0x00000000  x4=0x00000000
     161155.000 ns	     16114	80003490	0930b7d3	fsub.s	f15,f1,f19	  f1:0x3fbb2d42 f19:0xffc00000 f15=0x7fc00000
     161175.000 ns	     16116	80003494	01b4bbb3	sltu	x23,x9,x27	  x9:0x80041024 x27:0xc0200000 x23=0x00000001
     161195.000 ns	     16118	80003498	a0ae2653	feq.s	x12,f28,f10	 f28:0xcf000410 f10:0x00000004 x12=0x00000000
     161235.000 ns	     16122	8000349c	11db3053	fmul.s	f0,f22,f29	 f22:0x7fc00000 f29:0x80000000  f0=0x7fc00000
     161255.000 ns	     16124	800034a0	41b88a33	sub	x20,x17,x27	 x17:0x41e29804 x27:0xc0200000 x20=0x81c29804
     161285.000 ns	     16127	800034a4	103984d3	fmul.s	f9,f19,f3	 f19:0xffc00000  f3:0x7fc00000  f9=0x7fc00000
     161315.000 ns	     16130	800034a8	d00a4dd3	fcvt.s.w	f27,x20	 x20:0xc0200000 f27=0xcefc7ad0
     161335.000 ns	     16132	800034ac	f3a9a393	slti	x7,x19,-198	 x19:0x00000000  x7=0x00000000
     161355.000 ns	     16134	800034b0	21378153	fsgnj.s	f2,f15,f19	 f15:0x7fc00000 f19:0xffc00000  f2=0xffc00000
     161385.000 ns	     16137	800034b4	d002c053	fcvt.s.w	f0,x5	  x5:0x80000105  f0=0xcefffffe
     161405.000 ns	     16139	800034b8	00101013	slli	x0,x0,0x1	  x0:0x00000000
     161425.000 ns	     16141	800034bc	0305a833	mulhsu	x16,x11,x16	 x11:0x03c52da8 x16:0x00000001 x16=0x00000000
     161445.000 ns	     16143	800034c0	41d9dc93	srai	x25,x19,0x1d	 x19:0x00000000 x25=0x00000000
     161455.000 ns	     16144	800034c4	0024fa33	and	x20,x9,x2	  x9:0x80041024  x2:0xffffffff x20=0x80041024
     161465.000 ns	     16145	800034c8	00000013	addi	x0,x0,0	  x0:0x00000000
     161485.000 ns	     16147	800034cc	036a33b3	mulhu	x7,x20,x22	 x20:0x81c29804 x22:0xfffff90e  x7=0x80040caa
     161505.000 ns	     16149	800034d0	8ae94893	xori	x17,x18,-1874	 x18:0x83c9381a x17=0x7c36c0b4
     161525.000 ns	     16151	800034d4	024e51b3	divu	x3,x28,x4	 x28:0xffffffff  x4:0x00000000  x3=0xffffffff
     161545.000 ns	     16153	800034d8	00000013	addi	x0,x0,0	  x0:0x00000000
     161565.000 ns	     16155	800034dc	21838d53	fsgnj.s	f26,f7,f24	  f7:0xff800000 f24:0x4effffff f26=0x7f800000
     161585.000 ns	     16157	800034e0	012e68b3	or	x17,x28,x18	 x28:0xffffffff x18:0x83c9381a x17=0xffffffff
     161945.000 ns	     16193	800034e4	03d54eb3	div	x29,x10,x29	 x10:0xc1e296ff x29:0x7fffffff x29=0x00000000
     161975.000 ns	     16196	800034e8	21f12e53	fsgnjx.s	f28,f2,f31	  f2:0xffc00000 f31:0x4f37a900 f28=0xffc00000
     162005.000 ns	     16199	800034ec	a033a7d3	feq.s	x15,f7,f3	  f7:0xff800000  f3:0x7fc00000 x15=0x00000000
     162035.000 ns	     16202	800034f0	c01e7ed3	fcvt.wu.s	x29,f28	 f28:0xffc00000 x29=0xffffffff
     162055.000 ns	     16204	800034f4	e595e613	ori	x12,x11,-423	 x11:0x03c52da8 x12=0xfffffff9
     162065.000 ns	     16205	800034f8	57ceb613	sltiu	x12,x29,1404	 x29:0xffffffff x12=0x00000000
     162075.000 ns	     16206	800034fc	89f0f093	andi	x1,x1,-1889	  x1:0x3fffffff  x1=0x3ffff89f
     162095.000 ns	     16208	80003500	29280bd3	fmin.s	f23,f16,f18	 f16:0x1f350489 f18:0x3e1d6fd8 f23=0x1f350489
     163275.000 ns	     16326	80003504	580619d3	fsqrt.s	f19,f12	 f12:0x4f000410 f19=0x46b50a40
     163305.000 ns	     16329	80003508	e00d1753	fclass.s	x14,f26	 f26:0x7f800000 x14=0x00000080
     163325.000 ns	     16331	8000350c	00000013	addi	x0,x0,0	  x0:0x00000000
     163355.000 ns	     16334	80003510	18472dd3	fdiv.s	f27,f14,f4	 f14:0x80000000  f4:0x80000000 f27=0x7fc00000
     163375.000 ns	     16336	80003514	008b5113	srli	x2,x22,0x8	 x22:0xfffff90e  x2=0x00fffff9
     163395.000 ns	     16338	80003518	e00386d3	fmv.x.w	x13,f7	  f7:0xff800000 x13=0xff800000
     163425.000 ns	     16341	8000351c	021b3db3	mulhu	x27,x22,x1	 x22:0xfffff90e  x1:0x3ffff89f x27=0x3ffff6e2
     163445.000 ns	     16343	80003520	564c0113	addi	x2,x24,1380	 x24:0x0000041b  x2=0x0000097f
     163465.000 ns	     16345	80003524	a1b490d3	flt.s	x1,f9,f27	  f9:0x7fc00000 f27:0x7fc00000  x1=0x00000000
     163485.000 ns	     16347	80003528	00328633	add	x12,x5,x3	  x5:0x80000105  x3:0xffffffff x12=0x80000104
     163505.000 ns	     16349	8000352c	02e888b3	mul	x17,x17,x14	 x17:0xffffffff x14:0x00000080 x17=0xffffff80
     163525.000 ns	     16351	80003530	400a88b3	sub	x17,x21,x0	 x21:0x00000000  x0:0x00000000 x17=0x00000000
     163535.000 ns	     16352	80003534	017435b3	sltu	x11,x8,x23	  x8:0x00000001 x23:0x00000001 x11=0x00000000
     163555.000 ns	     16354	80003538	286e1dd3	fmax.s	f27,f28,f6	 f28:0xffc00000  f6:0x4c714b6a f27=0x4c714b6a
     163575.000 ns	     16356	8000353c	408ad7b3	sra	x15,x21,x8	 x21:0x00000000  x8:0x00000001 x15=0x00000000
     163585.000 ns	     16357	80003540	feb5bb93	sltiu	x23,x11,-21	 x11:0x00000000 x23=0x00000001
     163595.000 ns	     16358	80003544	0166ed33	or	x26,x13,x22	 x13:0xff800000 x22:0xfffff90e x26=0xfffff90e
     163605.000 ns	     16359	80003548	668a2617	auipc	x12,0x668a2	 x12=0xe68a5548
     163625.000 ns	     16361	8000354c	d00d1cd3	fcvt.s.w	f25,x26	 x26:0xffffffff f25=0xc4de4000
     163655.000 ns	     16364	80003550	d01b8ad3	fcvt.s.wu	f21,x23	 x23:0x00000001 f21=0x3f800000
     163675.000 ns	     16366	80003554	62facb13	xori	x22,x21,1583	 x21:0x00000000 x22=0x0000062f
     163695.000 ns	     16368	80003558	298d9f53	fmax.s	f30,f27,f24	 f27:0x4c714b6a f24:0x4effffff f30=0x4effffff
     163725.000 ns	     16371	8000355c	028898b3	mulh	x17,x17,x8	 x17:0x00000000  x8:0x00000001 x17=0x00000000
     163755.000 ns	     16374	80003560	e0039a53	fclass.s	x20,f7	  f7:0xff800000 x20=0x00000001
     163775.000 ns	     16376	80003564	d8a8a013	slti	x0,x17,-630	 x17:0x00000000
     163785.000 ns	     16377	80003568	00fdfc33	and	x24,x27,x15	 x27:0x3ffff6e2 x15:0x00000000 x24=0x00000000
     163805.000 ns	     16379	8000356c	e0030b53	fmv.x.w	x22,f6	  f6:0x4c714b6a x22=0x4c714b6a
     163825.000 ns	     16381	80003570	005d7db3	and	x27,x26,x5	 x26:0xfffff90e  x5:0x80000105 x27=0x80000104
     164185.000 ns	     16417	80003574	0369e933	rem	x18,x19,x22	 x19:0x00000000 x22:0x4c714b6a x18=0x00000000
     164205.000 ns	     16419	80003578	348df893	andi	x17,x27,840	 x27:0x3ffff6e2 x17=0x00000100
     164215.000 ns	     16420	8000357c	01fe4133	xor	x2,x28,x31	 x28:0xffffffff x31:0x80040fe4  x2=0x7ffbf01b
     164575.000 ns	     16456	80003580	022753b3	divu	x7,x14,x2	 x14:0x00000080  x2:0x0000097f  x7=0x00000000
     164605.000 ns	     16459	80003584	21c50ad3	fsgnj.s	f21,f10,f28	 f10:0x00000004 f28:0xffc00000 f21=0x80000004
     164635.000 ns	     16462	80003588	a1421f53	flt.s	x30,f4,f20	  f4:0x80000000 f20:0xcf00040f x30=0x00000000
     164655.000 ns	     16464	8000358c	004c9133	sll	x2,x25,x4	 x25:0x00000000  x4:0x00000000  x2=0x00000000
     164675.000 ns	     16466	80003590	e00385d3	fmv.x.w	x11,f7	  f7:0xff800000 x11=0xff800000
     164715.000 ns	     16470	80003594	11e179d3	fmul.s	f19,f2,f30	  f2:0xffc00000 f30:0x4effffff f19=0x7fc00000
     164735.000 ns	     16472	80003598	01821a33	sll	x20,x4,x24	  x4:0x00000000 x24:0x00000000 x20=0x00000000
     164745.000 ns	     16473	8000359c	00ec75b3	and	x11,x24,x14	 x24:0x00000000 x14:0x00000080 x11=0x00000000
     164765.000 ns	     16475	800035a0	c01d28d3	fcvt.wu.s	x17,f26	 f26:0x7f800000 x17=0xffffffff
     164815.000 ns	     16480	800035a4	003174d3	fadd.s	f9,f2,f3	  f2:0xffc00000  f3:0x7fc00000  f9=0x7fc00000
     164835.000 ns	     16482	800035a8	01393933	sltu	x18,x18,x19	 x18:0x00000000 x19:0x00000000 x18=0x00000000
     164845.000 ns	     16483	800035ac	40115eb3	sra	x29,x2,x1	  x2:0x00000000  x1:0x00000000 x29=0x00000000
     164855.000 ns	     16484	800035b0	018812b3	sll	x5,x16,x24	 x16:0x00000000 x24:0x00000000  x5=0x00000000
     164865.000 ns	     16485	800035b4	6796c613	xori	x12,x13,1657	 x13:0xff800000 x12=0xff800679
     164885.000 ns	     16487	800035b8	298908d3	fmin.s	f17,f18,f24	 f18:0x3e1d6fd8 f24:0x4effffff f17=0x3e1d6fd8
     164905.000 ns	     16489	800035bc	40dd5593	srai	x11,x26,0xd	 x26:0xfffff90e x11=0xffffffff
     164915.000 ns	     16490	800035c0	41e305b3	sub	x11,x6,x30	  x6:0xe008251f x30:0x00000000 x11=0xe008251f
     164925.000 ns	     16491	800035c4	413edf33	sra	x30,x29,x19	 x29:0x00000000 x19:0x00000000 x30=0x00000000
     164935.000 ns	     16492	800035c8	aa5f2a13	slti	x20,x30,-1371	 x30:0x00000000 x20=0x00000000
     164955.000 ns	     16494	800035cc	c01c76d3	fcvt.wu.s	x13,f24	 f24:0x4effffff x13=0x7fffff80
     164985.000 ns	     16497	800035d0	c005c253	fcvt.w.s	x4,f11	 f11:0x7fc00000  x4=0x7fffffff
     165015.000 ns	     16500	800035d4	d00c7953	fcvt.s.w	f18,x24	 x24:0x00000000 f18=0x00000000
     165035.000 ns	     16502	800035d8	00b493b3	sll	x7,x9,x11	  x9:0x80041024 x11:0xe008251f  x7=0x00000000
     165075.000 ns	     16506	800035dc	08b33dd3	fsub.s	f27,f6,f11	  f6:0x4c714b6a f11:0x7fc00000 f27=0x7fc00000
     165095.000 ns	     16508	800035e0	01fd5b93	srli	x23,x26,0x1f	 x26:0xfffff90e x23=0x00000001
     165115.000 ns	     16510	800035e4	29401b53	fmax.s	f22,f0,f20	  f0:0xcefffffe f20:0xcf00040f f22=0xcefffffe
     165155.000 ns	     16514	800035e8	580d9fd3	fsqrt.s	f31,f27	 f27:0x7fc00000 f31=0x7fc00000
     165185.000 ns	     16517	800035ec	f00a09d3	fmv.w.x	f19,x20	 x20:0x00000000 f19=0x00000000
     165205.000 ns	     16519	800035f0	4e207413	andi	x8,x0,1250	  x0:0x00000000  x8=0x00000000
     165225.000 ns	     16521	800035f4	c01d7d53	fcvt.wu.s	x26,f26	 f26:0x7f800000 x26=0xffffffff
     165245.000 ns	     16523	800035f8	4103da33	sra	x20,x7,x16	  x7:0x00000000 x16:0x00000000 x20=0x00000000
     165265.000 ns	     16525	800035fc	216b0b53	fsgnj.s	f22,f22,f22	 f22:0xcefffffe f22:0xcefffffe f22=0xcefffffe
     165285.000 ns	     16527	80003600	001bef33	or	x30,x23,x1	 x23:0x00000001  x1:0x00000000 x30=0x00000001
     165305.000 ns	     16529	80003604	e00d9753	fclass.s	x14,f27	 f27:0x7fc00000 x14=0x00000200
     165335.000 ns	     16532	80003608	021813b3	mulh	x7,x16,x1	 x16:0x00000000  x1:0x00000000  x7=0x00000000
     165365.000 ns	     16535	8000360c	c01f7853	fcvt.wu.s	x16,f30	 f30:0x4effffff x16=0x7fffff80
     165395.000 ns	     16538	80003610	02d29ab3	mulh	x21,x5,x13	  x5:0x00000000 x13:0x7fffff80 x21=0x00000000
     165425.000 ns	     16541	80003614	02d01cb3	mulh	x25,x0,x13	  x0:0x00000000 x13:0x7fffff80 x25=0x00000000
     165795.000 ns	     16578	80003618	03c0f5b3	remu	x11,x1,x28	  x1:0x00000000 x28:0xffffffff x11=0x00000000
     165825.000 ns	     16581	8000361c	e00d8a53	fmv.x.w	x20,f27	 f27:0x7fc00000 x20=0x7fc00000
     165865.000 ns	     16585	80003620	110c80d3	fmul.s	f1,f25,f16	 f25:0xc4de4000 f16:0x1f350489  f1=0xa49d2730
     165895.000 ns	     16588	80003624	c016cb53	fcvt.wu.s	x22,f13	 f13:0x00000000 x22=0x00000000
     165945.000 ns	     16593	80003628	01e41d53	fadd.s	f26,f8,f30	  f8:0x80000000 f30:0x4effffff f26=0x4effffff
     165965.000 ns	     16595	8000362c	41c00cb3	sub	x25,x0,x28	  x0:0x00000000 x28:0xffffffff x25=0x00000001
     165975.000 ns	     16596	80003630	e9264b93	xori	x23,x12,-366	 x12:0xff800679 x23=0x007ff8eb
     165995.000 ns	     16598	80003634	02ac2833	mulhsu	x16,x24,x10	 x24:0x00000000 x10:0xc1e296ff x16=0x00000000
     166365.000 ns	     16635	80003638	02d04f33	div	x30,x0,x13	  x0:0x00000000 x13:0x7fffff80 x30=0x00000000
     166385.000 ns	     16637	8000363c	63f30913	addi	x18,x6,1599	  x6:0xe008251f x18=0xe0082b5e
     166395.000 ns	     16638	80003640	0088aa33	slt	x20,x17,x8	 x17:0xffffffff  x8:0x00000000 x20=0x00000001
     166415.000 ns	     16640	80003644	20622453	fsgnjx.s	f8,f4,f6	  f4:0x80000000  f6:0x4c714b6a  f8=0x80000000
     166445.000 ns	     16643	80003648	200c1653	fsgnjn.s	f12,f24,f0	 f24:0x4effffff  f0:0xcefffffe f12=0x4effffff
     166465.000 ns	     16645	8000364c	013e7db3	and	x27,x28,x19	 x28:0xffffffff x19:0x00000000 x27=0x00000000
     166475.000 ns	     16646	80003650	cc86e8b7	lui	x17,0xcc86e	 x17=0xcc86e000
     166495.000 ns	     16648	80003654	a00c8653	fle.s	x12,f25,f0	 f25:0xc4de4000  f0:0xcefffffe x12=0x00000000
     166525.000 ns	     16651	80003658	0310bf33	mulhu	x30,x1,x17	  x1:0x00000000 x17:0xffffffff x30=0x00000000
     166545.000 ns	     16653	8000365c	01d23433	sltu	x8,x4,x29	  x4:0x7fffffff x29:0x00000000  x8=0x00000000
     166555.000 ns	     16654	80003660	017737b3	sltu	x15,x14,x23	 x14:0x00000200 x23:0x007ff8eb x15=0x00000001
     166915.000 ns	     16690	80003664	029065b3	rem	x11,x0,x9	  x0:0x00000000  x9:0x80041024 x11=0x00000000
     166935.000 ns	     16692	80003668	f468fa13	andi	x20,x17,-186	 x17:0xcc86e000 x20=0xcc86e000
     166955.000 ns	     16694	8000366c	280696d3	fmax.s	f13,f13,f0	 f13:0x00000000  f0:0xcefffffe f13=0x00000000
     166985.000 ns	     16697	80003670	021873b3	remu	x7,x16,x1	 x16:0x00000000  x1:0x00000000  x7=0x00000000
     167005.000 ns	     16699	80003674	00580bb3	add	x23,x16,x5	 x16:0x00000000  x5:0x00000000 x23=0x00000000
     167025.000 ns	     16701	80003678	200710d3	fsgnjn.s	f1,f14,f0	 f14:0x80000000  f0:0xcefffffe  f1=0x00000000
     168205.000 ns	     16819	8000367c	5808aed3	fsqrt.s	f29,f17	 f17:0x3e1d6fd8 f29=0x3e5ea5a6
     168235.000 ns	     16822	80003680	d01d4353	fcvt.s.wu	f6,x26	 x26:0xffffffff  f6=0x4f800000
     168265.000 ns	     16825	80003684	e00992d3	fclass.s	x5,f19	 f19:0x00000000  x5=0x00000010
     168295.000 ns	     16828	80003688	a0832ed3	feq.s	x29,f6,f8	  f6:0x4f800000  f8:0x80000000 x29=0x00000000
     168315.000 ns	     16830	8000368c	00eed413	srli	x8,x29,0xe	 x29:0x00000000  x8=0x00000000
     168325.000 ns	     16831	80003690	008c1f13	slli	x30,x24,0x8	 x24:0x00000000 x30=0x00000000
     168685.000 ns	     16867	80003694	03f8d233	divu	x4,x17,x31	 x17:0xcc86e000 x31:0x80040fe4  x4=0x00000001
     168705.000 ns	     16869	80003698	003c5c33	srl	x24,x24,x3	 x24:0x00000000  x3:0xffffffff x24=0x00000000
     168715.000 ns	     16870	8000369c	017683b3	add	x7,x13,x23	 x13:0x7fffff80 x23:0x00000000  x7=0x7fffff80
     169885.000 ns	     16987	800036a0	580677d3	fsqrt.s	f15,f12	 f12:0x4effffff f15=0x473504ab
     169915.000 ns	     16990	800036a4	a0402753	feq.s	x14,f0,f4	  f0:0xcefffffe  f4:0x80000000 x14=0x00000000
     169935.000 ns	     16992	800036a8	00000013	addi	x0,x0,0	  x0:0x00000000
     169955.000 ns	     16994	800036ac	20751d53	fsgnjn.s	f26,f10,f7	 f10:0x00000004  f7:0xff800000 f26=0x00000004
     169985.000 ns	     16997	800036b0	21e626d3	fsgnjx.s	f13,f12,f30	 f12:0x4effffff f30:0x4effffff f13=0x4effffff
     170015.000 ns	     17000	800036b4	02ab0eb3	mul	x29,x22,x10	 x22:0x00000000 x10:0xc1e296ff x29=0x00000000
     170035.000 ns	     17002	800036b8	744e4113	xori	x2,x28,1860	 x28:0xffffffff  x2=0xfffff8bb
     170045.000 ns	     17003	800036bc	d4238a93	addi	x21,x7,-702	  x7:0x7fffff80 x21=0x7ffffcc2
     170065.000 ns	     17005	800036c0	a00218d3	flt.s	x17,f4,f0	  f4:0x80000000  f0:0xcefffffe x17=0x00000000
     170095.000 ns	     17008	800036c4	037a7b33	remu	x22,x20,x23	 x20:0xcc86e000 x23:0x00000000 x22=0xcc86e000
     170115.000 ns	     17010	800036c8	194eb337	lui	x6,0x194eb	  x6=0x194eb000
     170125.000 ns	     17011	800036cc	00eaeeb3	or	x29,x21,x14	 x21:0x7ffffcc2 x14:0x00000000 x29=0x7ffffcc2
     170145.000 ns	     17013	800036d0	20a02653	fsgnjx.s	f12,f0,f10	  f0:0xcefffffe f10:0x00000004 f12=0xcefffffe
     170165.000 ns	     17015	800036d4	5470d117	auipc	x2,0x5470d	  x2=0xd47106d4
     170185.000 ns	     17017	800036d8	d0071053	fcvt.s.w	f0,x14	 x14:0x00000000  f0=0x00000000
     170205.000 ns	     17019	800036dc	41f95d33	sra	x26,x18,x31	 x18:0xe0082b5e x31:0x80040fe4 x26=0xfe0082b5
     170235.000 ns	     17022	800036e0	10067953	fmul.s	f18,f12,f0	 f12:0xcefffffe  f0:0x00000000 f18=0x80000000
     170255.000 ns	     17024	800036e4	00e2e733	or	x14,x5,x14	  x5:0x00000010 x14:0x00000000 x14=0x00000010
     170265.000 ns	     17025	800036e8	01e95213	srli	x4,x18,0x1e	 x18:0xe0082b5e  x4=0x00000003
     170275.000 ns	     17026	800036ec	00661ab3	sll	x21,x12,x6	 x12:0x00000000  x6:0x194eb000 x21=0x00000000
     170285.000 ns	     17027	800036f0	01cadf13	srli	x30,x21,0x1c	 x21:0x7ffffcc2 x30=0x00000000
     170295.000 ns	     17028	800036f4	fae1f293	andi	x5,x3,-82	  x3:0xffffffff  x5=0xffffffae
     170315.000 ns	     17030	800036f8	d011f1d3	fcvt.s.wu	f3,x3	  x3:0xffffffff  f3=0x4f7fffff
     170345.000 ns	     17033	800036fc	21089d53	fsgnjn.s	f26,f17,f16	 f17:0x3e1d6fd8 f16:0x1f350489 f26=0xbe1d6fd8
     170375.000 ns	     17036	80003700	03ea47b3	div	x15,x20,x30	 x20:0xcc86e000 x30:0x00000000 x15=0xffffffff
     170405.000 ns	     17039	80003704	d0167353	fcvt.s.wu	f6,x12	 x12:0x00000000  f6=0x00000000
     170775.000 ns	     17076	80003708	03fd5b33	divu	x22,x26,x31	 x26:0xfe0082b5 x31:0x80040fe4 x22=0x00000001
     170795.000 ns	     17078	8000370c	00cbb9b3	sltu	x19,x23,x12	 x23:0x00000000 x12:0x00000000 x19=0x00000000
     170805.000 ns	     17079	80003710	40f25733	sra	x14,x4,x15	  x4:0x00000003 x15:0xffffffff x14=0x00000000
     170835.000 ns	     17082	80003714	19342d53	fdiv.s	f26,f8,f19	  f8:0x80000000 f19:0x00000000 f26=0x7fc00000
     171205.000 ns	     17119	80003718	02f8cb33	div	x22,x17,x15	 x17:0x00000000 x15:0xffffffff x22=0x00000000
     171235.000 ns	     17122	8000371c	20950f53	fsgnj.s	f30,f10,f9	 f10:0x00000004  f9:0x7fc00000 f30=0x00000004
     171265.000 ns	     17125	80003720	03662b33	mulhsu	x22,x12,x22	 x12:0x00000000 x22:0x00000000 x22=0x00000000
     171295.000 ns	     17128	80003724	29480b53	fmin.s	f22,f16,f20	 f16:0x1f350489 f20:0xcf00040f f22=0xcf00040f
     171325.000 ns	     17131	80003728	a1830453	fle.s	x8,f6,f24	  f6:0x00000000 f24:0x4effffff  x8=0x00000001
     171355.000 ns	     17134	8000372c	d0017b53	fcvt.s.w	f22,x2	  x2:0xd47106d4 f22=0xce2e3be4
     171385.000 ns	     17137	80003730	202f8cd3	fsgnj.s	f25,f31,f2	 f31:0x7fc00000  f2:0xffc00000 f25=0xffc00000
     171405.000 ns	     17139	80003734	994f6313	ori	x6,x30,-1644	 x30:0x00000000  x6=0xfffff994
     171445.000 ns	     17143	80003738	09457b53	fsub.s	f22,f10,f20	 f10:0x00000004 f20:0xcf00040f f22=0x4f00040f
     171475.000 ns	     17146	8000373c	020242b3	div	x5,x4,x0	  x4:0x00000003  x0:0x00000000  x5=0xffffffff
     172655.000 ns	     17264	80003740	5808f6d3	fsqrt.s	f13,f17	 f17:0x3e1d6fd8 f13=0x3e5ea5a6
     172685.000 ns	     17267	80003744	02282e33	mulhsu	x28,x16,x2	 x16:0x00000000  x2:0xd47106d4 x28=0x00000000
     172705.000 ns	     17269	80003748	76cdf593	andi	x11,x27,1900	 x27:0x00000000 x11=0x00000000
     172725.000 ns	     17271	8000374c	e0079f53	fclass.s	x30,f15	 f15:0x473504ab x30=0x00000040
     172755.000 ns	     17274	80003750	20c4aa53	fsgnjx.s	f20,f9,f12	  f9:0x7fc00000 f12:0xcefffffe f20=0xffc00000
     172785.000 ns	     17277	80003754	02a10033	mul	x0,x2,x10	  x2:0xd47106d4 x10:0xc1e296ff
     172835.000 ns	     17282	80003758	09bd7a53	fsub.s	f20,f26,f27	 f26:0x7fc00000 f27:0x7fc00000 f20=0x7fc00000
     172865.000 ns	     17285	8000375c	027b3a33	mulhu	x20,x22,x7	 x22:0x00000000  x7:0x7fffff80 x20=0x00000000
     172895.000 ns	     17288	80003760	03a39cb3	mulh	x25,x7,x26	  x7:0x7fffff80 x26:0xfe0082b5 x25=0xff00415b
     172925.000 ns	     17291	80003764	e00c8cd3	fmv.x.w	x25,f25	 f25:0xffc00000 x25=0xffc00000
     172945.000 ns	     17293	80003768	012f1ab3	sll	x21,x30,x18	 x30:0x00000040 x18:0xe0082b5e x21=0x00000000
     172955.000 ns	     17294	8000376c	291a3613	sltiu	x12,x20,657	 x20:0x00000000 x12=0x00000001
     172995.000 ns	     17298	80003770	088b7553	fsub.s	f10,f22,f8	 f22:0x4f00040f  f8:0x80000000 f10=0x4f00040f
     173025.000 ns	     17301	80003774	215a09d3	fsgnj.s	f19,f20,f21	 f20:0x7fc00000 f21:0x80000004 f19=0xffc00000
     173055.000 ns	     17304	80003778	a0101253	flt.s	x4,f0,f1	  f0:0x00000000  f1:0x00000000  x4=0x00000000
     173075.000 ns	     17306	8000377c	40ee82b3	sub	x5,x29,x14	 x29:0x7ffffcc2 x14:0x00000000  x5=0x7ffffcc2
     173085.000 ns	     17307	80003780	db043613	sltiu	x12,x8,-592	  x8:0x00000001 x12=0x00000001
     173105.000 ns	     17309	80003784	20251ad3	fsgnjn.s	f21,f10,f2	 f10:0x4f00040f  f2:0xffc00000 f21=0x4f00040f
     173125.000 ns	     17311	80003788	00000013	addi	x0,x0,0	  x0:0x00000000
     173135.000 ns	     17312	8000378c	1771f913	andi	x18,x3,375	  x3:0xffffffff x18=0x00000177
     173175.000 ns	     17316	80003790	01defad3	fadd.s	f21,f29,f29	 f29:0x3e5ea5a6 f29:0x3e5ea5a6 f21=0x3edea5a6
     173195.000 ns	     17318	80003794	19cdc913	xori	x18,x27,412	 x27:0x00000000 x18=0x0000019c
     173215.000 ns	     17320	80003798	02990a33	mul	x20,x18,x9	 x18:0x00000177  x9:0x80041024 x20=0x0689f9f0
     173245.000 ns	     17323	8000379c	02e010b3	mulh	x1,x0,x14	  x0:0x00000000 x14:0x00000000  x1=0x00000000
     173265.000 ns	     17325	800037a0	4165de33	sra	x28,x11,x22	 x11:0x00000000 x22:0x00000000 x28=0x00000000
     173285.000 ns	     17327	800037a4	a19aa5d3	feq.s	x11,f21,f25	 f21:0x3edea5a6 f25:0xffc00000 x11=0x00000000
     173305.000 ns	     17329	800037a8	41c45933	sra	x18,x8,x28	  x8:0x00000001 x28:0x00000000 x18=0x00000001
     173315.000 ns	     17330	800037ac	00068d33	add	x26,x13,x0	 x13:0x7fffff80  x0:0x00000000 x26=0x7fffff80
     173325.000 ns	     17331	800037b0	41448733	sub	x14,x9,x20	  x9:0x80041024 x20:0x0689f9f0 x14=0x797a1634
     173335.000 ns	     17332	800037b4	017cdb33	srl	x22,x25,x23	 x25:0xffc00000 x23:0x00000000 x22=0xffc00000
     173355.000 ns	     17334	800037b8	c0148153	fcvt.wu.s	x2,f9	  f9:0x7fc00000  x2=0xffffffff
     173375.000 ns	     17336	800037bc	014ad1b3	srl	x3,x21,x20	 x21:0x00000000 x20:0x0689f9f0  x3=0x00000000
     173395.000 ns	     17338	800037c0	d015fbd3	fcvt.s.wu	f23,x11	 x11:0x00000000 f23=0x00000000
     173415.000 ns	     17340	800037c4	0131fbb3	and	x23,x3,x19	  x3:0xffffffff x19:0x00000000 x23=0x00000000
     173425.000 ns	     17341	800037c8	cb6efd13	andi	x26,x29,-842	 x29:0x7ffffcc2 x26=0x7ffffc82
     173435.000 ns	     17342	800037cc	c2bcc693	xori	x13,x25,-981	 x25:0xffc00000 x13=0x003ffc2b
     174605.000 ns	     17459	800037d0	580877d3	fsqrt.s	f15,f16	 f16:0x1f350489 f15=0x2effff2c
     174635.000 ns	     17462	800037d4	c0197053	fcvt.wu.s	x0,f18	 f18:0x80000000
     174655.000 ns	     17464	800037d8	85031397	auipc	x7,0x85031	  x7=0x050347d8
     174665.000 ns	     17465	800037dc	001dfa33	and	x20,x27,x1	 x27:0x00000000  x1:0x00000000 x20=0x00000000
     174685.000 ns	     17467	800037e0	a0158e53	fle.s	x28,f11,f1	 f11:0x7fc00000  f1:0x00000000 x28=0x00000000
     174705.000 ns	     17469	800037e4	011cd913	srli	x18,x25,0x11	 x25:0xffc00000 x18=0x00007fe0
     174725.000 ns	     17471	800037e8	d00db9d3	fcvt.s.w	f19,x27	 x27:0x00000000 f19=0x00000000
     174755.000 ns	     17474	800037ec	02af9b33	mulh	x22,x31,x10	 x31:0x80040fe4 x10:0xc1e296ff x22=0x1f0db82f
     174775.000 ns	     17476	800037f0	40fd8333	sub	x6,x27,x15	 x27:0x00000000 x15:0xffffffff  x6=0x00000001
     174785.000 ns	     17477	800037f4	01c3dc13	srli	x24,x7,0x1c	  x7:0x050347d8 x24=0x00000000
     174815.000 ns	     17480	800037f8	19ea7453	fdiv.s	f8,f20,f30	 f20:0x7fc00000 f30:0x00000004  f8=0x7fc00000
     174835.000 ns	     17482	800037fc	6dc8b413	sltiu	x8,x17,1756	 x17:0x00000000  x8=0x00000001
     174845.000 ns	     17483	80003800	4ab26293	ori	x5,x4,1195	  x4:0x00000000  x5=0x000004ab
     176015.000 ns	     17600	80003804	580b7ad3	fsqrt.s	f21,f22	 f22:0x4f00040f f21=0x46b50a40
     176035.000 ns	     17602	80003808	ccf97f13	andi	x30,x18,-817	 x18:0x00007fe0 x30=0x00007cc0
     176045.000 ns	     17603	8000380c	00e12633	slt	x12,x2,x14	  x2:0xffffffff x14:0x797a1634 x12=0x00000001
     176055.000 ns	     17604	80003810	f3196993	ori	x19,x18,-207	 x18:0x00007fe0 x19=0xfffffff1
     176065.000 ns	     17605	80003814	019e4433	xor	x8,x28,x25	 x28:0x00000000 x25:0xffc00000  x8=0xffc00000
     176075.000 ns	     17606	80003818	00000013	addi	x0,x0,0	  x0:0x00000000
     176095.000 ns	     17608	8000381c	e00f1953	fclass.s	x18,f30	 f30:0x00000004 x18=0x00000020
     176125.000 ns	     17611	80003820	d00a7153	fcvt.s.w	f2,x20	 x20:0x00000000  f2=0x00000000
     176155.000 ns	     17614	80003824	c0067cd3	fcvt.w.s	x25,f12	 f12:0xcefffffe x25=0x7fffff00
     176175.000 ns	     17616	80003828	00059813	slli	x16,x11,0x0	 x11:0x00000000 x16=0x00000000
     176185.000 ns	     17617	8000382c	002b6e33	or	x28,x22,x2	 x22:0x1f0db82f  x2:0xffffffff x28=0xffffffff
     176215.000 ns	     17620	80003830	58008b53	fsqrt.s	f22,f1	  f1:0x00000000 f22=0x00000000
     176585.000 ns	     17657	80003834	02de5933	divu	x18,x28,x13	 x28:0x00000000 x13:0x003ffc2b x18=0x00000400
     176605.000 ns	     17659	80003838	011ac393	xori	x7,x21,17	 x21:0x00000000  x7=0x00000011
     176625.000 ns	     17661	8000383c	292f0cd3	fmin.s	f25,f30,f18	 f30:0x00000004 f18:0x80000000 f25=0x80000000
     176645.000 ns	     17663	80003840	00616db3	or	x27,x2,x6	  x2:0xffffffff  x6:0x00000001 x27=0xffffffff
     176665.000 ns	     17665	80003844	03123c33	mulhu	x24,x4,x17	  x4:0x00000000 x17:0x00000000 x24=0x00000000
     176685.000 ns	     17667	80003848	ae13e793	ori	x15,x7,-1311	  x7:0x00000011 x15=0xfffffaf1
     176705.000 ns	     17669	8000384c	e0040c53	fmv.x.w	x24,f8	  f8:0x7fc00000 x24=0x7fc00000
     176725.000 ns	     17671	80003850	be93a913	slti	x18,x7,-1047	  x7:0x00000011 x18=0x00000000
     176745.000 ns	     17673	80003854	216f9753	fsgnjn.s	f14,f31,f22	 f31:0x7fc00000 f22:0x00000000 f14=0xffc00000
     176775.000 ns	     17676	80003858	a0c32ad3	feq.s	x21,f6,f12	  f6:0x00000000 f12:0xcefffffe x21=0x00000000
     176805.000 ns	     17679	8000385c	d012f8d3	fcvt.s.wu	f17,x5	  x5:0x000004ab f17=0x44956000
     176825.000 ns	     17681	80003860	c3f66597	auipc	x11,0xc3f66	 x11=0x43f69860
     176835.000 ns	     17682	80003864	ffd32b13	slti	x22,x6,-3	  x6:0x00000001 x22=0x00000000
     176845.000 ns	     17683	80003868	86b0f913	andi	x18,x1,-1941	  x1:0x00000000 x18=0x00000000
     176865.000 ns	     17685	8000386c	f00d03d3	fmv.w.x	f7,x26	 x26:0x7ffffc82  f7=0x7ffffc82
     176895.000 ns	     17688	80003870	217001d3	fsgnj.s	f3,f0,f23	  f0:0x00000000 f23:0x00000000  f3=0x00000000
     176925.000 ns	     17691	80003874	e00a1d53	fclass.s	x26,f20	 f20:0x7fc00000 x26=0x00000200
     176955.000 ns	     17694	80003878	023aee33	rem	x28,x21,x3	 x21:0x00000000  x3:0x00000000 x28=0x00000000
     176985.000 ns	     17697	8000387c	0295b0b3	mulhu	x1,x11,x9	 x11:0x43f69860  x9:0x80041024  x1=0x21fc6053
     177005.000 ns	     17699	80003880	002dd3b3	srl	x7,x27,x2	 x27:0xffffffff  x2:0xffffffff  x7=0x00000001
     177025.000 ns	     17701	80003884	020c0c33	mul	x24,x24,x0	 x24:0x7fc00000  x0:0x00000000 x24=0x00000000
     177395.000 ns	     17738	80003888	021e4133	div	x2,x28,x1	 x28:0x00000000  x1:0x21fc6053  x2=0x00000000
     177425.000 ns	     17741	8000388c	f00c0653	fmv.w.x	f12,x24	 x24:0x00000000 f12=0x00000000
     177445.000 ns	     17743	80003890	968af093	andi	x1,x21,-1688	 x21:0x00000000  x1=0x00000000
     177465.000 ns	     17745	80003894	e00406d3	fmv.x.w	x13,f8	  f8:0x7fc00000 x13=0x7fc00000
     177485.000 ns	     17747	80003898	01358633	add	x12,x11,x19	 x11:0x43f69860 x19:0xfffffff1 x12=0x43f69851
     177515.000 ns	     17750	8000389c	19ef9b53	fdiv.s	f22,f31,f30	 f31:0x7fc00000 f30:0x00000004 f22=0x7fc00000
     177535.000 ns	     17752	800038a0	01e98433	add	x8,x19,x30	 x19:0xfffffff1 x30:0x00007cc0  x8=0x00007cb1
     177555.000 ns	     17754	800038a4	20e09e53	fsgnjn.s	f28,f1,f14	  f1:0x00000000 f14:0xffc00000 f28=0x00000000
     177585.000 ns	     17757	800038a8	021c17b3	mulh	x15,x24,x1	 x24:0x00000000  x1:0x00000000 x15=0x00000000
     178765.000 ns	     17875	800038ac	5808ffd3	fsqrt.s	f31,f17	 f17:0x44956000 f31=0x420a4637
     178795.000 ns	     17878	800038b0	e0009453	fclass.s	x8,f1	  f1:0x00000000  x8=0x00000010
     178825.000 ns	     17881	800038b4	292c9053	fmax.s	f0,f25,f18	 f25:0x80000000 f18:0x80000000  f0=0x80000000
     178855.000 ns	     17884	800038b8	21a0aa53	fsgnjx.s	f20,f1,f26	  f1:0x00000000 f26:0x7fc00000 f20=0x00000000
     178885.000 ns	     17887	800038bc	d005f5d3	fcvt.s.w	f11,x11	 x11:0x43f69860 f11=0x4e87ed30
     178915.000 ns	     17890	800038c0	f00e85d3	fmv.w.x	f11,x29	 x29:0x7ffffcc2 f11=0x7ffffcc2
     178945.000 ns	     17893	800038c4	03148bb3	mul	x23,x9,x17	  x9:0x80041024 x17:0x00000000 x23=0x00000000
     178975.000 ns	     17896	800038c8	216a9253	fsgnjn.s	f4,f21,f22	 f21:0x46b50a40 f22:0x7fc00000  f4=0xc6b50a40
     178995.000 ns	     17898	800038cc	0b9f9ab7	lui	x21,0xb9f9	 x21=0x0b9f9000
     179015.000 ns	     17900	800038d0	a17492d3	flt.s	x5,f9,f23	  f9:0x7fc00000 f23:0x00000000  x5=0x00000000
     179035.000 ns	     17902	800038d4	019138b3	sltu	x17,x2,x25	  x2:0x00000000 x25:0x7fffff00 x17=0x00000001
     179055.000 ns	     17904	800038d8	02d63933	mulhu	x18,x12,x13	 x12:0x43f69851 x13:0x7fc00000 x18=0x21ea4e82
     179085.000 ns	     17907	800038dc	28f58453	fmin.s	f8,f11,f15	 f11:0x7ffffcc2 f15:0x2effff2c  f8=0x2effff2c
     179105.000 ns	     17909	800038e0	41460a33	sub	x20,x12,x20	 x12:0x43f69851 x20:0x00000000 x20=0x43f69851
     179115.000 ns	     17910	800038e4	00c83c33	sltu	x24,x16,x12	 x16:0x00000000 x12:0x43f69851 x24=0x00000001
     179125.000 ns	     17911	800038e8	01549393	slli	x7,x9,0x15	  x9:0x80041024  x7=0x04800000
     179145.000 ns	     17913	800038ec	a00f99d3	flt.s	x19,f31,f0	 f31:0x420a4637  f0:0x80000000 x19=0x00000000
     179165.000 ns	     17915	800038f0	c57c7c93	andi	x25,x24,-937	 x24:0x00000001 x25=0x00000001
     179205.000 ns	     17919	800038f4	003efed3	fadd.s	f29,f29,f3	 f29:0x3e5ea5a6  f3:0x00000000 f29=0x3e5ea5a6
     179575.000 ns	     17956	800038f8	035241b3	div	x3,x4,x21	  x4:0x00000000 x21:0x0b9f9000  x3=0x00000000
     179605.000 ns	     17959	800038fc	a02888d3	fle.s	x17,f17,f2	 f17:0x44956000  f2:0x00000000 x17=0x00000000
     179625.000 ns	     17961	80003900	4065d713	srai	x14,x11,0x6	 x11:0x43f69860 x14=0x010fda61
     179645.000 ns	     17963	80003904	c01875d3	fcvt.wu.s	x11,f16	 f16:0x1f350489 x11=0x00000000
     179675.000 ns	     17966	80003908	a1120853	fle.s	x16,f4,f17	  f4:0xc6b50a40 f17:0x44956000 x16=0x00000001
     179695.000 ns	     17968	8000390c	001a7d33	and	x26,x20,x1	 x20:0x43f69851  x1:0x00000000 x26=0x00000000
     179705.000 ns	     17969	80003910	c0ba4a93	xori	x21,x20,-1013	 x20:0x43f69851 x21=0xbc09645a
     179715.000 ns	     17970	80003914	5a1a99b7	lui	x19,0x5a1a9	 x19=0x5a1a9000
     179735.000 ns	     17972	80003918	c01d09d3	fcvt.wu.s	x19,f26	 f26:0x7fc00000 x19=0xffffffff
     179765.000 ns	     17975	8000391c	a0bb9853	flt.s	x16,f23,f11	 f23:0x00000000 f11:0x7ffffcc2 x16=0x00000000
     179785.000 ns	     17977	80003920	00000013	addi	x0,x0,0	  x0:0x00000000
     179815.000 ns	     17980	80003924	116acb53	fmul.s	f22,f21,f22	 f21:0x46b50a40 f22:0x7fc00000 f22=0x7fc00000
     179845.000 ns	     17983	80003928	025b51b3	divu	x3,x22,x5	 x22:0x00000000  x5:0x00000000  x3=0xffffffff
     179865.000 ns	     17985	8000392c	aa3eb897	auipc	x17,0xaa3eb	 x17=0x2a3ee92c
     179905.000 ns	     17989	80003930	005bf8d3	fadd.s	f17,f23,f5	 f23:0x00000000  f5:0x3e1d6fd8 f17=0x3e1d6fd8
     179945.000 ns	     17993	80003934	1919bc53	fdiv.s	f24,f19,f17	 f19:0x00000000 f17:0x44956000 f24=0x00000000
     179965.000 ns	     17995	80003938	015c4233	xor	x4,x24,x21	 x24:0x00000001 x21:0xbc09645a  x4=0xbc09645b
     180325.000 ns	     18031	8000393c	0398d033	divu	x0,x17,x25	 x17:0x2a3ee92c x25:0x00000001
     180355.000 ns	     18034	80003940	a06f9953	flt.s	x18,f31,f6	 f31:0x420a4637  f6:0x00000000 x18=0x00000000
     180385.000 ns	     18037	80003944	e00d97d3	fclass.s	x15,f27	 f27:0x7fc00000 x15=0x00000200
     180415.000 ns	     18040	80003948	29a78253	fmin.s	f4,f15,f26	 f15:0x2effff2c f26:0x7fc00000  f4=0x2effff2c
     180445.000 ns	     18043	8000394c	c0037a53	fcvt.w.s	x20,f6	  f6:0x00000000 x20=0x00000000
     180465.000 ns	     18045	80003950	88604913	xori	x18,x0,-1914	  x0:0x00000000 x18=0xfffff886
     180475.000 ns	     18046	80003954	00000013	addi	x0,x0,0	  x0:0x00000000
     180485.000 ns	     18047	80003958	75a0fd93	andi	x27,x1,1882	  x1:0x00000000 x27=0x00000000
     180495.000 ns	     18048	8000395c	23607093	andi	x1,x0,566	  x0:0x00000000  x1=0x00000000
     180855.000 ns	     18084	80003960	035f5b33	divu	x22,x30,x21	 x30:0x00007cc0 x21:0xbc09645a x22=0x00000000
     180875.000 ns	     18086	80003964	00000013	addi	x0,x0,0	  x0:0x00000000
     180895.000 ns	     18088	80003968	e00d1953	fclass.s	x18,f26	 f26:0x7fc00000 x18=0x00000200
     180915.000 ns	     18090	8000396c	018d0bb3	add	x23,x26,x24	 x26:0x00000000 x24:0x00000001 x23=0x00000001
     180935.000 ns	     18092	80003970	c0157a53	fcvt.wu.s	x20,f10	 f10:0x4f00040f x20=0x80040f00
     180955.000 ns	     18094	80003974	4045d733	sra	x14,x11,x4	 x11:0x00000000  x4:0xbc09645b x14=0x00000000
     180975.000 ns	     18096	80003978	a1979bd3	flt.s	x23,f15,f25	 f15:0x2effff2c f25:0x80000000 x23=0x00000000
     182155.000 ns	     18214	8000397c	58054253	fsqrt.s	f4,f10	 f10:0x4f00040f  f4=0x46b50a40
     182525.000 ns	     18251	80003980	031f69b3	rem	x19,x30,x17	 x30:0x00007cc0 x17:0x2a3ee92c x19=0x00007cc0
     182565.000 ns	     18255	80003984	5801a5d3	fsqrt.s	f11,f3	  f3:0x00000000 f11=0x00000000
     182595.000 ns	     18258	80003988	d01c83d3	fcvt.s.wu	f7,x25	 x25:0x00000001  f7=0x3f800000
     182625.000 ns	     18261	8000398c	029e13b3	mulh	x7,x28,x9	 x28:0x00000000  x9:0x80041024  x7=0x00000000
     182645.000 ns	     18263	80003990	00000013	addi	x0,x0,0	  x0:0x00000000
     182655.000 ns	     18264	80003994	006a0337	lui	x6,0x6a0	  x6=0x006a0000
     182665.000 ns	     18265	80003998	01515633	srl	x12,x2,x21	  x2:0x00000000 x21:0xbc09645a x12=0x00000000
     182675.000 ns	     18266	8000399c	01775113	srli	x2,x14,0x17	 x14:0x00000000  x2=0x00000000
     182685.000 ns	     18267	800039a0	016280b3	add	x1,x5,x22	  x5:0x00000000 x22:0x00000000  x1=0x00000000
     182695.000 ns	     18268	800039a4	009878b3	and	x17,x16,x9	 x16:0x00000000  x9:0x80041024 x17=0x00000000
     182725.000 ns	     18271	800039a8	5805c853	fsqrt.s	f16,f11	 f11:0x00000000 f16=0x00000000
     182755.000 ns	     18274	800039ac	a1a21753	flt.s	x14,f4,f26	  f4:0x46b50a40 f26:0x7fc00000 x14=0x00000000
     182775.000 ns	     18276	800039b0	0091b7b3	sltu	x15,x3,x9	  x3:0xffffffff  x9:0x80041024 x15=0x00000000
     182795.000 ns	     18278	800039b4	039b0a33	mul	x20,x22,x25	 x22:0x00000000 x25:0x00000001 x20=0x00000000
     182815.000 ns	     18280	800039b8	25cacb37	lui	x22,0x25cac	 x22=0x25cac000
     182825.000 ns	     18281	800039bc	412b8733	sub	x14,x23,x18	 x23:0x00000000 x18:0x00000200 x14=0xfffffe00
     182835.000 ns	     18282	800039c0	40b28433	sub	x8,x5,x11	  x5:0x00000000 x11:0x00000000  x8=0x00000000
     182845.000 ns	     18283	800039c4	7a4a3d13	sltiu	x26,x20,1956	 x20:0x00000000 x26=0x00000001
     182855.000 ns	     18284	800039c8	6d952417	auipc	x8,0x6d952	  x8=0xed9559c8
     182875.000 ns	     18286	800039cc	c011c5d3	fcvt.wu.s	x11,f3	  f3:0x00000000 x11=0x00000000
     182895.000 ns	     18288	800039d0	a32d4713	xori	x14,x26,-1486	 x26:0x00000001 x14=0xfffffa33
     182915.000 ns	     18290	800039d4	d00e72d3	fcvt.s.w	f5,x28	 x28:0x00000000  f5=0x00000000
     182935.000 ns	     18292	800039d8	01b035b3	sltu	x11,x0,x27	  x0:0x00000000 x27:0x00000000 x11=0x00000000
     182955.000 ns	     18294	800039dc	c01efb53	fcvt.wu.s	x22,f29	 f29:0x3e5ea5a6 x22=0x00000000
     183325.000 ns	     18331	800039e0	03286eb3	rem	x29,x16,x18	 x16:0x00000000 x18:0x00000200 x29=0x00000000
     183355.000 ns	     18334	800039e4	02f9b033	mulhu	x0,x19,x15	 x19:0x00007cc0 x15:0x00000000
     183385.000 ns	     18337	800039e8	291a06d3	fmin.s	f13,f20,f17	 f20:0x00000000 f17:0x3e1d6fd8 f13=0x00000000
     183415.000 ns	     18340	800039ec	03402433	mulhsu	x8,x0,x20	  x0:0x00000000 x20:0x00000000  x8=0x00000000
     183445.000 ns	     18343	800039f0	03b76033	rem	x0,x14,x27	 x14:0xfffffa33 x27:0x00000000
     183475.000 ns	     18346	800039f4	29939353	fmax.s	f6,f7,f25	  f7:0x3f800000 f25:0x80000000  f6=0x3f800000
     183495.000 ns	     18348	800039f8	00c69b33	sll	x22,x13,x12	 x13:0x7fc00000 x12:0x00000000 x22=0x7fc00000
     183515.000 ns	     18350	800039fc	e0030e53	fmv.x.w	x28,f6	  f6:0x3f800000 x28=0x3f800000
     183535.000 ns	     18352	80003a00	b45286b7	lui	x13,0xb4528	 x13=0xb4528000
     183545.000 ns	     18353	80003a04	40d18cb3	sub	x25,x3,x13	  x3:0xffffffff x13:0x7fc00000 x25=0x4bad7fff
     183905.000 ns	     18389	80003a08	026cfeb3	remu	x29,x25,x6	 x25:0x00000001  x6:0x006a0000 x29=0x00517fff
     183935.000 ns	     18392	80003a0c	0213deb3	divu	x29,x7,x1	  x7:0x00000000  x1:0x00000000 x29=0xffffffff
     183985.000 ns	     18397	80003a10	004c7153	fadd.s	f2,f24,f4	 f24:0x00000000  f4:0x46b50a40  f2=0x46b50a40
     185165.000 ns	     18515	80003a14	580aff53	fsqrt.s	f30,f21	 f21:0x46b50a40 f30=0x43183a19
     185195.000 ns	     18518	80003a18	207193d3	fsgnjn.s	f7,f3,f7	  f3:0x00000000  f7:0x3f800000  f7=0x80000000
     185215.000 ns	     18520	80003a1c	0077dbb3	srl	x23,x15,x7	 x15:0x00000000  x7:0x00000000 x23=0x00000000
     185235.000 ns	     18522	80003a20	a0fd8a53	fle.s	x20,f27,f15	 f27:0x7fc00000 f15:0x2effff2c x20=0x00000000
     185275.000 ns	     18526	80003a24	1856fcd3	fdiv.s	f25,f13,f5	 f13:0x00000000  f5:0x00000000 f25=0x7fc00000
     185315.000 ns	     18530	80003a28	11cbf353	fmul.s	f6,f23,f28	 f23:0x00000000 f28:0x00000000  f6=0x00000000
     185335.000 ns	     18532	80003a2c	01f315b3	sll	x11,x6,x31	  x6:0x006a0000 x31:0x80040fe4 x11=0x06a00000
     185355.000 ns	     18534	80003a30	297a93d3	fmax.s	f7,f21,f23	 f21:0x46b50a40 f23:0x00000000  f7=0x46b50a40
     185375.000 ns	     18536	80003a34	01bcc033	xor	x0,x25,x27	 x25:0x4bad7fff x27:0x00000000
     185385.000 ns	     18537	80003a38	f2487693	andi	x13,x16,-220	 x16:0x00000000 x13=0x00000000
     185395.000 ns	     18538	80003a3c	baf52093	slti	x1,x10,-1105	 x10:0xc1e296ff  x1=0x00000001
     185415.000 ns	     18540	80003a40	02c8c433	div	x8,x17,x12	 x17:0x00000000 x12:0x00000000  x8=0xffffffff
     185435.000 ns	     18542	80003a44	ed47f5b7	lui	x11,0xed47f	 x11=0xed47f000
     185455.000 ns	     18544	80003a48	a0c18453	fle.s	x8,f3,f12	  f3:0x00000000 f12:0x00000000  x8=0x00000001
     185475.000 ns	     18546	80003a4c	010c8633	add	x12,x25,x16	 x25:0x4bad7fff x16:0x00000000 x12=0x4bad7fff
     185495.000 ns	     18548	80003a50	a19288d3	fle.s	x17,f5,f25	  f5:0x00000000 f25:0x7fc00000 x17=0x00000000
     185525.000 ns	     18551	80003a54	e0078353	fmv.x.w	x6,f15	 f15:0x2effff2c  x6=0x2effff2c
     185545.000 ns	     18553	80003a58	01edd013	srli	x0,x27,0x1e	 x27:0x00000000
     185555.000 ns	     18554	80003a5c	41095c93	srai	x25,x18,0x10	 x18:0x00000200 x25=0x00000000
     185575.000 ns	     18556	80003a60	c00078d3	fcvt.w.s	x17,f0	  f0:0x80000000 x17=0x00000000
     185615.000 ns	     18560	80003a64	114a9053	fmul.s	f0,f21,f20	 f21:0x46b50a40 f20:0x00000000  f0=0x00000000
     185645.000 ns	     18563	80003a68	d00b7a53	fcvt.s.w	f20,x22	 x22:0x7fc00000 f20=0x4eff8000
     185665.000 ns	     18565	80003a6c	00c15693	srli	x13,x2,0xc	  x2:0x00000000 x13=0x00000000
     185685.000 ns	     18567	80003a70	e00c0dd3	fmv.x.w	x27,f24	 f24:0x00000000 x27=0x00000000
     185705.000 ns	     18569	80003a74	004ed813	srli	x16,x29,0x4	 x29:0xffffffff x16=0x0fffffff
     185725.000 ns	     18571	80003a78	c009f653	fcvt.w.s	x12,f19	 f19:0x00000000 x12=0x00000000
     185745.000 ns	     18573	80003a7c	0064f633	and	x12,x9,x6	  x9:0x80041024  x6:0x2effff2c x12=0x00041024
     185755.000 ns	     18574	80003a80	4f7ccc93	xori	x25,x25,1271	 x25:0x00000000 x25=0x000004f7
     185775.000 ns	     18576	80003a84	020e35b3	mulhu	x11,x28,x0	 x28:0x3f800000  x0:0x00000000 x11=0x00000000
     185805.000 ns	     18579	80003a88	21602bd3	fsgnjx.s	f23,f0,f22	  f0:0x00000000 f22:0x7fc00000 f23=0x00000000
     185825.000 ns	     18581	80003a8c	01391833	sll	x16,x18,x19	 x18:0x00000200 x19:0x00007cc0 x16=0x00000200
     186185.000 ns	     18617	80003a90	02e9c2b3	div	x5,x19,x14	 x19:0x00007cc0 x14:0xfffffa33  x5=0xffffffeb
     186235.000 ns	     18622	80003a94	00f3f9d3	fadd.s	f19,f7,f15	  f7:0x46b50a40 f15:0x2effff2c f19=0x46b50a40
     186255.000 ns	     18624	80003a98	7d74a193	slti	x3,x9,2007	  x9:0x80041024  x3=0x00000001
     186265.000 ns	     18625	80003a9c	223aab13	slti	x22,x21,547	 x21:0xbc09645a x22=0x00000001
     186275.000 ns	     18626	80003aa0	e9e68613	addi	x12,x13,-354	 x13:0x00000000 x12=0xfffffe9e
     186295.000 ns	     18628	80003aa4	02f687b3	mul	x15,x13,x15	 x13:0x00000000 x15:0x00000000 x15=0x00000000
     186315.000 ns	     18630	80003aa8	013cc233	xor	x4,x25,x19	 x25:0x000004f7 x19:0x00007cc0  x4=0x00007837
     186335.000 ns	     18632	80003aac	d016c0d3	fcvt.s.wu	f1,x13	 x13:0x00000000  f1=0x00000000
     186355.000 ns	     18634	80003ab0	00cb7933	and	x18,x22,x12	 x22:0x00000001 x12:0xfffffe9e x18=0x00000000
     186375.000 ns	     18636	80003ab4	d00b7453	fcvt.s.w	f8,x22	 x22:0x00000001  f8=0x3f800000
     186395.000 ns	     18638	80003ab8	2d5697b7	lui	x15,0x2d569	 x15=0x2d569000
     186415.000 ns	     18640	80003abc	0321f3b3	remu	x7,x3,x18	  x3:0x00000001 x18:0x00000000  x7=0x00000001
     186435.000 ns	     18642	80003ac0	00ce2bb3	slt	x23,x28,x12	 x28:0x3f800000 x12:0xfffffe9e x23=0x00000000
     186445.000 ns	     18643	80003ac4	00f9ce33	xor	x28,x19,x15	 x19:0x00007cc0 x15:0x2d569000 x28=0x2d56ecc0
     186475.000 ns	     18646	80003ac8	11247fd3	fmul.s	f31,f8,f18	  f8:0x3f800000 f18:0x80000000 f31=0x80000000
     186495.000 ns	     18648	80003acc	b8424913	xori	x18,x4,-1148	  x4:0x00007837 x18=0xffff83b3
     186505.000 ns	     18649	80003ad0	7170e417	auipc	x8,0x7170e	  x8=0xf1711ad0
     186515.000 ns	     18650	80003ad4	00000013	addi	x0,x0,0	  x0:0x00000000
     186525.000 ns	     18651	80003ad8	24d58d93	addi	x27,x11,589	 x11:0x00000000 x27=0x0000024d
     186535.000 ns	     18652	80003adc	41990233	sub	x4,x18,x25	 x18:0xffff83b3 x25:0x000004f7  x4=0xffff7ebc
     186545.000 ns	     18653	80003ae0	5c456e17	auipc	x28,0x5c456	 x28=0xdc459ae0
     186575.000 ns	     18656	80003ae4	58074453	fsqrt.s	f8,f14	 f14:0xffc00000  f8=0x7fc00000
     186605.000 ns	     18659	80003ae8	d01226d3	fcvt.s.wu	f13,x4	  x4:0xffff7ebc f13=0x4f7fff7f
     186975.000 ns	     18696	80003aec	03d6de33	divu	x28,x13,x29	 x13:0x00000000 x29:0xffffffff x28=0x00000000
     186995.000 ns	     18698	80003af0	d6a27e93	andi	x29,x4,-662	  x4:0xffff7ebc x29=0xffff7c28
     187015.000 ns	     18700	80003af4	e0048bd3	fmv.x.w	x23,f9	  f9:0x7fc00000 x23=0x7fc00000
     187045.000 ns	     18703	80003af8	038437b3	mulhu	x15,x8,x24	  x8:0xf1711ad0 x24:0x00000001 x15=0x00000000
     187075.000 ns	     18706	80003afc	02c095b3	mulh	x11,x1,x12	  x1:0x00000001 x12:0xfffffe9e x11=0xffffffff
     187095.000 ns	     18708	80003b00	a366f913	andi	x18,x13,-1482	 x13:0x00000000 x18=0x00000000
     187105.000 ns	     18709	80003b04	19c25cb7	lui	x25,0x19c25	 x25=0x19c25000
     187115.000 ns	     18710	80003b08	01285a33	srl	x20,x16,x18	 x16:0x00000200 x18:0xffff83b3 x20=0x00000200
     187135.000 ns	     18712	80003b0c	a1328dd3	fle.s	x27,f5,f19	  f5:0x00000000 f19:0x46b50a40 x27=0x00000001
     187165.000 ns	     18715	80003b10	03a03033	mulhu	x0,x0,x26	  x0:0x00000000 x26:0x00000001
     187185.000 ns	     18717	80003b14	0135abb3	slt	x23,x11,x19	 x11:0xffffffff x19:0x00007cc0 x23=0x00000001
     187205.000 ns	     18719	80003b18	e00b8f53	fmv.x.w	x30,f23	 f23:0x00000000 x30=0x00000000
     187225.000 ns	     18721	80003b1c	00099213	slli	x4,x19,0x0	 x19:0x00007cc0  x4=0x00007cc0
     187245.000 ns	     18723	80003b20	2142a5d3	fsgnjx.s	f11,f5,f20	  f5:0x00000000 f20:0x4eff8000 f11=0x00000000
     187275.000 ns	     18726	80003b24	a169a453	feq.s	x8,f19,f22	 f19:0x46b50a40 f22:0x7fc00000  x8=0x00000000
     187295.000 ns	     18728	80003b28	4b262013	slti	x0,x12,1202	 x12:0xfffffe9e
     187315.000 ns	     18730	80003b2c	d0198fd3	fcvt.s.wu	f31,x19	 x19:0x00007cc0 f31=0x46f98000
     187335.000 ns	     18732	80003b30	b59e3d97	auipc	x27,0xb59e3	 x27=0x359e6b30
     187355.000 ns	     18734	80003b34	21141353	fsgnjn.s	f6,f8,f17	  f8:0x7fc00000 f17:0x3e1d6fd8  f6=0xffc00000
     187385.000 ns	     18737	80003b38	02a21cb3	mulh	x25,x4,x10	  x4:0x00007cc0 x10:0xc1e296ff x25=0xffffe1bb
     187405.000 ns	     18739	80003b3c	00af9913	slli	x18,x31,0xa	 x31:0x80040fe4 x18=0x103f9000
     187425.000 ns	     18741	80003b40	20412a53	fsgnjx.s	f20,f2,f4	  f2:0x46b50a40  f4:0x46b50a40 f20=0x46b50a40
     187455.000 ns	     18744	80003b44	03d302b3	mul	x5,x6,x29	  x6:0x2effff2c x29:0xffff7c28  x5=0x586d2ee0
     187485.000 ns	     18747	80003b48	02c491b3	mulh	x3,x9,x12	  x9:0x80041024 x12:0xfffffe9e  x3=0x000000b0
     187505.000 ns	     18749	80003b4c	f0866b93	ori	x23,x12,-248	 x12:0xfffffe9e x23=0xffffff9e
     187515.000 ns	     18750	80003b50	01d71d93	slli	x27,x14,0x1d	 x14:0xfffffa33 x27=0x60000000
     187535.000 ns	     18752	80003b54	d01c9953	fcvt.s.wu	f18,x25	 x25:0xffffe1bb f18=0x4f7fffe1
     187555.000 ns	     18754	80003b58	ad5b4617	auipc	x12,0xad5b4	 x12=0x2d5b7b58
     187575.000 ns	     18756	80003b5c	f0040e53	fmv.w.x	f28,x8	  x8:0x00000000 f28=0x00000000
     187595.000 ns	     18758	80003b60	03f46813	ori	x16,x8,63	  x8:0x00000000 x16=0x0000003f
     187605.000 ns	     18759	80003b64	71752113	slti	x2,x10,1815	 x10:0xc1e296ff  x2=0x00000001
     187615.000 ns	     18760	80003b68	f4ff3e93	sltiu	x29,x30,-177	 x30:0x00000000 x29=0x00000001
     187635.000 ns	     18762	80003b6c	28a31753	fmax.s	f14,f6,f10	  f6:0xffc00000 f10:0x4f00040f f14=0x4f00040f
     187655.000 ns	     18764	80003b70	f3da83b7	lui	x7,0xf3da8	  x7=0xf3da8000
     187665.000 ns	     18765	80003b74	013c6833	or	x16,x24,x19	 x24:0x00000001 x19:0x00007cc0 x16=0x00007cc1
     187675.000 ns	     18766	80003b78	015aab33	slt	x22,x21,x21	 x21:0xbc09645a x21:0xbc09645a x22=0x00000000
     187685.000 ns	     18767	80003b7c	016db133	sltu	x2,x27,x22	 x27:0x60000000 x22:0x00000001  x2=0x00000000
     187695.000 ns	     18768	80003b80	00000013	addi	x0,x0,0	  x0:0x00000000
     187715.000 ns	     18770	80003b84	028fd6b3	divu	x13,x31,x8	 x31:0x80040fe4  x8:0x00000000 x13=0xffffffff
     187735.000 ns	     18772	80003b88	004b11b3	sll	x3,x22,x4	 x22:0x00000000  x4:0x00007cc0  x3=0x00000000
     187745.000 ns	     18773	80003b8c	017efd33	and	x26,x29,x23	 x29:0x00000001 x23:0xffffff9e x26=0x00000000
     187765.000 ns	     18775	80003b90	0231e233	rem	x4,x3,x3	  x3:0x000000b0  x3:0x000000b0  x4=0x00000000
     187795.000 ns	     18778	80003b94	02d9b733	mulhu	x14,x19,x13	 x19:0x00007cc0 x13:0xffffffff x14=0x00007cbf
     187815.000 ns	     18780	80003b98	00c45833	srl	x16,x8,x12	  x8:0x00000000 x12:0x2d5b7b58 x16=0x00000000
     188175.000 ns	     18816	80003b9c	02e5dc33	divu	x24,x11,x14	 x11:0xffffffff x14:0x00007cbf x24=0x00020d5a
     188205.000 ns	     18819	80003ba0	a07222d3	feq.s	x5,f4,f7	  f4:0x46b50a40  f7:0x46b50a40  x5=0x00000001
     188225.000 ns	     18821	80003ba4	001a2133	slt	x2,x20,x1	 x20:0x00000200  x1:0x00000001  x2=0x00000000
     188245.000 ns	     18823	80003ba8	02cd2833	mulhsu	x16,x26,x12	 x26:0x00000000 x12:0x2d5b7b58 x16=0x00000000
     188265.000 ns	     18825	80003bac	00000013	addi	x0,x0,0	  x0:0x00000000
     188275.000 ns	     18826	80003bb0	01b85133	srl	x2,x16,x27	 x16:0x00000000 x27:0x60000000  x2=0x00000000
     188635.000 ns	     18862	80003bb4	0395fb33	remu	x22,x11,x25	 x11:0xffffffff x25:0xffffe1bb x22=0x00001e44
     189005.000 ns	     18899	80003bb8	0269c5b3	div	x11,x19,x6	 x19:0x00007cc0  x6:0x2effff2c x11=0x00000000
     189035.000 ns	     18902	80003bbc	03ea76b3	remu	x13,x20,x30	 x20:0x00000200 x30:0x00000000 x13=0x00000200
     189065.000 ns	     18905	80003bc0	216c2f53	fsgnjx.s	f30,f24,f22	 f24:0x00000000 f22:0x7fc00000 f30=0x00000000
     189085.000 ns	     18907	80003bc4	f27ee137	lui	x2,0xf27ee	  x2=0xf27ee000
     190255.000 ns	     19024	80003bc8	5808fa53	fsqrt.s	f20,f17	 f17:0x3e1d6fd8 f20=0x3e5ea5a6
     190275.000 ns	     19026	80003bcc	408b08b3	sub	x17,x22,x8	 x22:0x00001e44  x8:0x00000000 x17=0x00001e44
     190285.000 ns	     19027	80003bd0	018b8ab3	add	x21,x23,x24	 x23:0xffffff9e x24:0x00020d5a x21=0x00020cf8
     190295.000 ns	     19028	80003bd4	00489893	slli	x17,x17,0x4	 x17:0x00000000 x17=0x0001e440
     190315.000 ns	     19030	80003bd8	a06c2c53	feq.s	x24,f24,f6	 f24:0x00000000  f6:0xffc00000 x24=0x00000000
     190335.000 ns	     19032	80003bdc	01d9a333	slt	x6,x19,x29	 x19:0x00007cc0 x29:0x00000001  x6=0x00000000
     190355.000 ns	     19034	80003be0	02af9db3	mulh	x27,x31,x10	 x31:0x80040fe4 x10:0xc1e296ff x27=0x1f0db82f
     190385.000 ns	     19037	80003be4	02422433	mulhsu	x8,x4,x4	  x4:0x00000000  x4:0x00000000  x8=0x00000000
     190415.000 ns	     19040	80003be8	e0061a53	fclass.s	x20,f12	 f12:0x00000000 x20=0x00000010
     190465.000 ns	     19045	80003bec	011a3553	fadd.s	f10,f20,f17	 f20:0x3e5ea5a6 f17:0x3e1d6fd8 f10=0x3ebe0abf
     190485.000 ns	     19047	80003bf0	014f9433	sll	x8,x31,x20	 x31:0x80040fe4 x20:0x00000010  x8=0x0fe40000
     190495.000 ns	     19048	80003bf4	00000013	addi	x0,x0,0	  x0:0x00000000
     190515.000 ns	     19050	80003bf8	a0ba18d3	flt.s	x17,f20,f11	 f20:0x3e5ea5a6 f11:0x00000000 x17=0x00000000
     190535.000 ns	     19052	80003bfc	6f71e297	auipc	x5,0x6f71e	  x5=0xef721bfc
     190555.000 ns	     19054	80003c00	c017f953	fcvt.wu.s	x18,f15	 f15:0x2effff2c x18=0x00000000
     190585.000 ns	     19057	80003c04	02e398b3	mulh	x17,x7,x14	  x7:0xf3da8000 x14:0x00007cbf x17=0xfffffa14
     190605.000 ns	     19059	80003c08	452e2e93	slti	x29,x28,1106	 x28:0x00000000 x29=0x00000001
     190615.000 ns	     19060	80003c0c	63dbae93	slti	x29,x23,1597	 x23:0xffffff9e x29=0x00000001
     190625.000 ns	     19061	80003c10	0020ecb3	or	x25,x1,x2	  x1:0x00000001  x2:0xf27ee000 x25=0xf27ee001
     190645.000 ns	     19063	80003c14	20d90053	fsgnj.s	f0,f18,f13	 f18:0x4f7fffe1 f13:0x4f7fff7f  f0=0x4f7fffe1
     190665.000 ns	     19065	80003c18	0113a1b3	slt	x3,x7,x17	  x7:0xf3da8000 x17:0xfffffa14  x3=0x00000001
     190685.000 ns	     19067	80003c1c	c006f653	fcvt.w.s	x12,f13	 f13:0x4f7fff7f x12=0x7fffffff
     190705.000 ns	     19069	80003c20	001a1393	slli	x7,x20,0x1	 x20:0x00000010  x7=0x00000020
     190715.000 ns	     19070	80003c24	00000013	addi	x0,x0,0	  x0:0x00000000
     191075.000 ns	     19106	80003c28	02ebd1b3	divu	x3,x23,x14	 x23:0xffffff9e x14:0x00007cbf  x3=0x00020d5a
     191125.000 ns	     19111	80003c2c	000b7ed3	fadd.s	f29,f22,f0	 f22:0x7fc00000  f0:0x4f7fffe1 f29=0x7fc00000
     191155.000 ns	     19114	80003c30	a10600d3	fle.s	x1,f12,f16	 f12:0x00000000 f16:0x00000000  x1=0x00000001
     191175.000 ns	     19116	80003c34	00000013	addi	x0,x0,0	  x0:0x00000000
     191185.000 ns	     19117	80003c38	41a35813	srai	x16,x6,0x1a	  x6:0x00000000 x16=0x00000000
     191545.000 ns	     19153	80003c3c	035a7bb3	remu	x23,x20,x21	 x20:0x00000010 x21:0x00020cf8 x23=0x00000010
     191565.000 ns	     19155	80003c40	01da7c33	and	x24,x20,x29	 x20:0x00000010 x29:0x00000001 x24=0x00000000
     191585.000 ns	     19157	80003c44	03eeaab3	mulhsu	x21,x29,x30	 x29:0x00000001 x30:0x00000000 x21=0x00000000
     191955.000 ns	     19194	80003c48	03d44f33	div	x30,x8,x29	  x8:0x0fe40000 x29:0x00000001 x30=0x0fe40000
     191975.000 ns	     19196	80003c4c	013f8c33	add	x24,x31,x19	 x31:0x80040fe4 x19:0x00007cc0 x24=0x80048ca4
     191995.000 ns	     19198	80003c50	a0920d53	fle.s	x26,f4,f9	  f4:0x46b50a40  f9:0x7fc00000 x26=0x00000000
     192365.000 ns	     19235	80003c54	0372cdb3	div	x27,x5,x23	  x5:0xef721bfc x23:0x00000010 x27=0xfef721c0
     192385.000 ns	     19237	80003c58	001c56b3	srl	x13,x24,x1	 x24:0x80048ca4  x1:0x00000001 x13=0x40024652
     192395.000 ns	     19238	80003c5c	00000013	addi	x0,x0,0	  x0:0x00000000
     192415.000 ns	     19240	80003c60	0259bab3	mulhu	x21,x19,x5	 x19:0x00007cc0  x5:0xef721bfc x21=0x000074ae
     192445.000 ns	     19243	80003c64	201997d3	fsgnjn.s	f15,f19,f1	 f19:0x46b50a40  f1:0x00000000 f15=0xc6b50a40
     192465.000 ns	     19245	80003c68	40cd0633	sub	x12,x26,x12	 x26:0x00000000 x12:0x7fffffff x12=0x80000001
     192475.000 ns	     19246	80003c6c	6f722693	slti	x13,x4,1783	  x4:0x00000000 x13=0x00000001
     192495.000 ns	     19248	80003c70	0281a6b3	mulhsu	x13,x3,x8	  x3:0x00020d5a  x8:0x0fe40000 x13=0x0000209c
     192865.000 ns	     19285	80003c74	021acb33	div	x22,x21,x1	 x21:0x000074ae  x1:0x00000001 x22=0x000074ae
     192915.000 ns	     19290	80003c78	00283b53	fadd.s	f22,f16,f2	 f16:0x00000000  f2:0x46b50a40 f22=0x46b50a40
     192935.000 ns	     19292	80003c7c	6c6acd13	xori	x26,x21,1734	 x21:0x000074ae x26=0x00007268
     192945.000 ns	     19293	80003c80	01194d33	xor	x26,x18,x17	 x18:0x00000000 x17:0xfffffa14 x26=0xfffffa14
     192955.000 ns	     19294	80003c84	01f97633	and	x12,x18,x31	 x18:0x00000000 x31:0x80040fe4 x12=0x00000000
     192975.000 ns	     19296	80003c88	d00746d3	fcvt.s.w	f13,x14	 x14:0x00007cbf f13=0x46f97e00
     193005.000 ns	     19299	80003c8c	20328153	fsgnj.s	f2,f5,f3	  f5:0x00000000  f3:0x00000000  f2=0x00000000
     193035.000 ns	     19302	80003c90	037d2b33	mulhsu	x22,x26,x23	 x26:0xfffffa14 x23:0x00000010 x22=0xffffffff
     193055.000 ns	     19304	80003c94	41e25933	sra	x18,x4,x30	  x4:0x00000000 x30:0x0fe40000 x18=0x00000000
     193065.000 ns	     19305	80003c98	11990e13	addi	x28,x18,281	 x18:0x00000000 x28=0x00000119
     193095.000 ns	     19308	80003c9c	192cf8d3	fdiv.s	f17,f25,f18	 f25:0x7fc00000 f18:0x4f7fffe1 f17=0x7fc00000
     193465.000 ns	     19345	80003ca0	03827ab3	remu	x21,x4,x24	  x4:0x00000000 x24:0x80048ca4 x21=0x00000000
     193485.000 ns	     19347	80003ca4	00c4d813	srli	x16,x9,0xc	  x9:0x80041024 x16=0x00080041
     193495.000 ns	     19348	80003ca8	408d5993	srai	x19,x26,0x8	 x26:0xfffffa14 x19=0xfffffffa
     193515.000 ns	     19350	80003cac	e00502d3	fmv.x.w	x5,f10	 f10:0x3ebe0abf  x5=0x3ebe0abf
     193545.000 ns	     19353	80003cb0	202499d3	fsgnjn.s	f19,f9,f2	  f9:0x7fc00000  f2:0x00000000 f19=0xffc00000
     193575.000 ns	     19356	80003cb4	c000ff53	fcvt.w.s	x30,f1	  f1:0x00000000 x30=0x00000000
     193605.000 ns	     19359	80003cb8	c00efed3	fcvt.w.s	x29,f29	 f29:0x7fc00000 x29=0x7fffffff
     193625.000 ns	     19361	80003cbc	01e4dd13	srli	x26,x9,0x1e	  x9:0x80041024 x26=0x00000002
     193655.000 ns	     19364	80003cc0	18adaed3	fdiv.s	f29,f27,f10	 f27:0x7fc00000 f10:0x3ebe0abf f29=0x7fc00000
     193675.000 ns	     19366	80003cc4	507e8193	addi	x3,x29,1287	 x29:0x7fffffff  x3=0x80000506
     193685.000 ns	     19367	80003cc8	40640eb3	sub	x29,x8,x6	  x8:0x0fe40000  x6:0x00000000 x29=0x0fe40000
     193705.000 ns	     19369	80003ccc	026bc8b3	div	x17,x23,x6	 x23:0x00000010  x6:0x00000000 x17=0xffffffff
     193725.000 ns	     19371	80003cd0	b64eceb7	lui	x29,0xb64ec	 x29=0xb64ec000
     193755.000 ns	     19374	80003cd4	181a02d3	fdiv.s	f5,f20,f1	 f20:0x3e5ea5a6  f1:0x00000000  f5=0x7f800000
     194125.000 ns	     19411	80003cd8	03734933	div	x18,x6,x23	  x6:0x00000000 x23:0x00000010 x18=0x00000000
     194155.000 ns	     19414	80003cdc	a1040453	fle.s	x8,f8,f16	  f8:0x7fc00000 f16:0x00000000  x8=0x00000000
     194175.000 ns	     19416	80003ce0	41520c33	sub	x24,x4,x21	  x4:0x00000000 x21:0x00000000 x24=0x00000000
     194195.000 ns	     19418	80003ce4	02b555b3	divu	x11,x10,x11	 x10:0xc1e296ff x11:0x00000000 x11=0xffffffff
     194225.000 ns	     19421	80003ce8	03388db3	mul	x27,x17,x19	 x17:0xffffffff x19:0xfffffffa x27=0x00000006
     194255.000 ns	     19424	80003cec	e00803d3	fmv.x.w	x7,f16	 f16:0x00000000  x7=0x00000000
     194285.000 ns	     19427	80003cf0	f00189d3	fmv.w.x	f19,x3	  x3:0x80000506 f19=0x80000506
     194335.000 ns	     19432	80003cf4	00ecf6d3	fadd.s	f13,f25,f14	 f25:0x7fc00000 f14:0x4f00040f f13=0x7fc00000
     194355.000 ns	     19434	80003cf8	00151233	sll	x4,x10,x1	 x10:0xc1e296ff  x1:0x00000001  x4=0x83c52dfe
     194385.000 ns	     19437	80003cfc	11c10dd3	fmul.s	f27,f2,f28	  f2:0x00000000 f28:0x00000000 f27=0x00000000
     194425.000 ns	     19441	80003d00	18227e53	fdiv.s	f28,f4,f2	  f4:0x46b50a40  f2:0x00000000 f28=0x7f800000
     194455.000 ns	     19444	80003d04	296c1653	fmax.s	f12,f24,f22	 f24:0x00000000 f22:0x46b50a40 f12=0x46b50a40
     194485.000 ns	     19447	80003d08	02a19433	mulh	x8,x3,x10	  x3:0x80000506 x10:0xc1e296ff  x8=0x1f0eb348
     194515.000 ns	     19450	80003d0c	29388453	fmin.s	f8,f17,f19	 f17:0x7fc00000 f19:0x80000506  f8=0x80000506
     194535.000 ns	     19452	80003d10	1e1aab93	slti	x23,x21,481	 x21:0x00000000 x23=0x00000001
     194545.000 ns	     19453	80003d14	0060f933	and	x18,x1,x6	  x1:0x00000001  x6:0x00000000 x18=0x00000000
     194555.000 ns	     19454	80003d18	0013ea33	or	x20,x7,x1	  x7:0x00000000  x1:0x00000001 x20=0x00000001
     194565.000 ns	     19455	80003d1c	001f9e93	slli	x29,x31,0x1	 x31:0x80040fe4 x29=0x00081fc8
     194575.000 ns	     19456	80003d20	d2e18a93	addi	x21,x3,-722	  x3:0x80000506 x21=0x80000234
     194595.000 ns	     19458	80003d24	d00987d3	fcvt.s.w	f15,x19	 x19:0xfffffffa f15=0xc0c00000
     194625.000 ns	     19461	80003d28	294195d3	fmax.s	f11,f3,f20	  f3:0x00000000 f20:0x3e5ea5a6 f11=0x3e5ea5a6
     194655.000 ns	     19464	80003d2c	a18f8dd3	fle.s	x27,f31,f24	 f31:0x46f98000 f24:0x00000000 x27=0x00000000
     194695.000 ns	     19468	80003d30	5804fbd3	fsqrt.s	f23,f9	  f9:0x7fc00000 f23=0x7fc00000
     194725.000 ns	     19471	80003d34	e00d9b53	fclass.s	x22,f27	 f27:0x00000000 x22=0x00000010
     194745.000 ns	     19473	80003d38	40c4db93	srai	x23,x9,0xc	  x9:0x80041024 x23=0xfff80041
     194775.000 ns	     19476	80003d3c	195870d3	fdiv.s	f1,f16,f21	 f16:0x00000000 f21:0x46b50a40  f1=0x00000000
     194805.000 ns	     19479	80003d40	036d1db3	mulh	x27,x26,x22	 x26:0x00000002 x22:0x00000010 x27=0x00000000
     194825.000 ns	     19481	80003d44	a05f4793	xori	x15,x30,-1531	 x30:0x00000000 x15=0xfffffa05
     194835.000 ns	     19482	80003d48	01769d33	sll	x26,x13,x23	 x13:0x0000209c x23:0xfff80041 x26=0x00004138
     194855.000 ns	     19484	80003d4c	20882b53	fsgnjx.s	f22,f16,f8	 f16:0x00000000  f8:0x80000506 f22=0x80000000
     194875.000 ns	     19486	80003d50	40af5593	srai	x11,x30,0xa	 x30:0x00000000 x11=0x00000000
     194895.000 ns	     19488	80003d54	c008bc53	fcvt.w.s	x24,f17	 f17:0x7fc00000 x24=0x7fffffff
     194925.000 ns	     19491	80003d58	a1a49ad3	flt.s	x21,f9,f26	  f9:0x7fc00000 f26:0x7fc00000 x21=0x00000000
     194955.000 ns	     19494	80003d5c	29d90953	fmin.s	f18,f18,f29	 f18:0x4f7fffe1 f29:0x7fc00000 f18=0x4f7fffe1
     194975.000 ns	     19496	80003d60	016c6cb3	or	x25,x24,x22	 x24:0x7fffffff x22:0x00000010 x25=0x7fffffff
     194995.000 ns	     19498	80003d64	c018cd53	fcvt.wu.s	x26,f17	 f17:0x7fc00000 x26=0xffffffff
     195015.000 ns	     19500	80003d68	452f2993	slti	x19,x30,1106	 x30:0x00000000 x19=0x00000001
     195025.000 ns	     19501	80003d6c	2e2d2b97	auipc	x23,0x2e2d2	 x23=0xae2d5d6c
     195035.000 ns	     19502	80003d70	9a562a97	auipc	x21,0x9a562	 x21=0x1a565d70
     195055.000 ns	     19504	80003d74	d01bbe53	fcvt.s.wu	f28,x23	 x23:0xfff80041 f28=0x4f2e2d5e
     195085.000 ns	     19507	80003d78	02863db3	mulhu	x27,x12,x8	 x12:0x00000000  x8:0x1f0eb348 x27=0x00000000
     195115.000 ns	     19510	80003d7c	c0018053	fcvt.w.s	x0,f3	  f3:0x00000000
     195135.000 ns	     19512	80003d80	1d087e93	andi	x29,x16,464	 x16:0x00080041 x29=0x00000040
     195155.000 ns	     19514	80003d84	20141e53	fsgnjn.s	f28,f8,f1	  f8:0x80000506  f1:0x00000000 f28=0x80000506
     195525.000 ns	     19551	80003d88	03a66c33	rem	x24,x12,x26	 x12:0x00000000 x26:0xffffffff x24=0x00000000
     195555.000 ns	     19554	80003d8c	02990cb3	mul	x25,x18,x9	 x18:0x00000000  x9:0x80041024 x25=0x00000000
     195575.000 ns	     19556	80003d90	01f98e33	add	x28,x19,x31	 x19:0x00000001 x31:0x80040fe4 x28=0x80040fe5
     195585.000 ns	     19557	80003d94	00000013	addi	x0,x0,0	  x0:0x00000000
     195605.000 ns	     19559	80003d98	d00cff53	fcvt.s.w	f30,x25	 x25:0x00000000 f30=0x00000000
     195635.000 ns	     19562	80003d9c	d003c653	fcvt.s.w	f12,x7	  x7:0x00000000 f12=0x00000000
     195675.000 ns	     19566	80003da0	5804c353	fsqrt.s	f6,f9	  f9:0x7fc00000  f6=0x7fc00000
     195695.000 ns	     19568	80003da4	00000013	addi	x0,x0,0	  x0:0x00000000
     195705.000 ns	     19569	80003da8	415651b3	sra	x3,x12,x21	 x12:0x00000000 x21:0x1a565d70  x3=0x00000000
     195725.000 ns	     19571	80003dac	281e8953	fmin.s	f18,f29,f1	 f29:0x7fc00000  f1:0x00000000 f18=0x00000000
     195755.000 ns	     19574	80003db0	214ea9d3	fsgnjx.s	f19,f29,f20	 f29:0x7fc00000 f20:0x3e5ea5a6 f19=0x7fc00000
     195775.000 ns	     19576	80003db4	0168cf33	xor	x30,x17,x22	 x17:0xffffffff x22:0x00000010 x30=0xffffffef
     195795.000 ns	     19578	80003db8	a1521053	flt.s	x0,f4,f21	  f4:0x46b50a40 f21:0x46b50a40
     195825.000 ns	     19581	80003dbc	e00b8253	fmv.x.w	x4,f23	 f23:0x7fc00000  x4=0x7fc00000
     195855.000 ns	     19584	80003dc0	209291d3	fsgnjn.s	f3,f5,f9	  f5:0x7f800000  f9:0x7fc00000  f3=0xff800000
     195875.000 ns	     19586	80003dc4	01686933	or	x18,x16,x22	 x16:0x00080041 x22:0x00000010 x18=0x00080051
     195885.000 ns	     19587	80003dc8	4b0aa693	slti	x13,x21,1200	 x21:0x1a565d70 x13=0x00000000
     195895.000 ns	     19588	80003dcc	26ffeeb7	lui	x29,0x26ffe	 x29=0x26ffe000
     195915.000 ns	     19590	80003dd0	a0858bd3	fle.s	x23,f11,f8	 f11:0x3e5ea5a6  f8:0x80000506 x23=0x00000000
     195935.000 ns	     19592	80003dd4	92e68993	addi	x19,x13,-1746	 x13:0x00000000 x19=0xfffff92e
     195945.000 ns	     19593	80003dd8	00000013	addi	x0,x0,0	  x0:0x00000000
     195975.000 ns	     19596	80003ddc	197676d3	fdiv.s	f13,f12,f23	 f12:0x00000000 f23:0x7fc00000 f13=0x7fc00000
     196005.000 ns	     19599	80003de0	f00e8553	fmv.w.x	f10,x29	 x29:0x26ffe000 f10=0x26ffe000
     196025.000 ns	     19601	80003de4	002d03b3	add	x7,x26,x2	 x26:0xffffffff  x2:0xf27ee000  x7=0xf27edfff
     196035.000 ns	     19602	80003de8	004b61b3	or	x3,x22,x4	 x22:0x00000010  x4:0x7fc00000  x3=0x7fc00010
     196055.000 ns	     19604	80003dec	d013f353	fcvt.s.wu	f6,x7	  x7:0x00000000  f6=0x4f727edf
     196075.000 ns	     19606	80003df0	5d61edb7	lui	x27,0x5d61e	 x27=0x5d61e000
     196085.000 ns	     19607	80003df4	01264eb3	xor	x29,x12,x18	 x12:0x00000000 x18:0x00080051 x29=0x00080051
     196095.000 ns	     19608	80003df8	00000013	addi	x0,x0,0	  x0:0x00000000
     196115.000 ns	     19610	80003dfc	03cc0733	mul	x14,x24,x28	 x24:0x00000000 x28:0x80040fe5 x14=0x00000000
     196145.000 ns	     19613	80003e00	a1e31753	flt.s	x14,f6,f30	  f6:0x4f727edf f30:0x00000000 x14=0x00000000
     196165.000 ns	     19615	80003e04	401302b3	sub	x5,x6,x1	  x6:0x00000000  x1:0x00000001  x5=0xffffffff
     196175.000 ns	     19616	80003e08	01fd03b3	add	x7,x26,x31	 x26:0xffffffff x31:0x80040fe4  x7=0x80040fe3
     196185.000 ns	     19617	80003e0c	e2507093	andi	x1,x0,-475	  x0:0x00000000  x1=0x00000000
     196205.000 ns	     19619	80003e10	e0060853	fmv.x.w	x16,f12	 f12:0x00000000 x16=0x00000000
     196225.000 ns	     19621	80003e14	00f99a93	slli	x21,x19,0xf	 x19:0xfffff92e x21=0xfc970000
     196265.000 ns	     19625	80003e18	08964f53	fsub.s	f30,f12,f9	 f12:0x00000000  f9:0x7fc00000 f30=0x7fc00000
     196285.000 ns	     19627	80003e1c	733c8b93	addi	x23,x25,1843	 x25:0x00000000 x23=0x00000733
     196305.000 ns	     19629	80003e20	28fc9953	fmax.s	f18,f25,f15	 f25:0x7fc00000 f15:0xc0c00000 f18=0xc0c00000
     196325.000 ns	     19631	80003e24	013a29b3	slt	x19,x20,x19	 x20:0x00000001 x19:0xfffff92e x19=0x00000000
     196345.000 ns	     19633	80003e28	21a58453	fsgnj.s	f8,f11,f26	 f11:0x3e5ea5a6 f26:0x7fc00000  f8=0x3e5ea5a6
     196365.000 ns	     19635	80003e2c	00d59133	sll	x2,x11,x13	 x11:0x00000000 x13:0x00000000  x2=0x00000000
     196385.000 ns	     19637	80003e30	e00703d3	fmv.x.w	x7,f14	 f14:0x4f00040f  x7=0x4f00040f
     197565.000 ns	     19755	80003e34	58040453	fsqrt.s	f8,f8	  f8:0x3e5ea5a6  f8=0x3e9d6f6c
     197585.000 ns	     19757	80003e38	01c3fe33	and	x28,x7,x28	  x7:0x4f00040f x28:0x80040fe5 x28=0x00000405
     197595.000 ns	     19758	80003e3c	a705c993	xori	x19,x11,-1424	 x11:0x00000000 x19=0xfffffa70
     197615.000 ns	     19760	80003e40	21f91b53	fsgnjn.s	f22,f18,f31	 f18:0xc0c00000 f31:0x46f98000 f22=0xc0c00000
     197635.000 ns	     19762	80003e44	01037db3	and	x27,x6,x16	  x6:0x00000000 x16:0x00000000 x27=0x00000000
     197645.000 ns	     19763	80003e48	81a88217	auipc	x4,0x81a88	  x4=0x01a8be48
     198005.000 ns	     19799	80003e4c	02494033	div	x0,x18,x4	 x18:0x00080051  x4:0x7fc00000
     198035.000 ns	     19802	80003e50	f0080253	fmv.w.x	f4,x16	 x16:0x00000000  f4=0x00000000
     198055.000 ns	     19804	80003e54	b4857113	andi	x2,x10,-1208	 x10:0xc1e296ff  x2=0xc1e29248
     198065.000 ns	     19805	80003e58	4188d993	srai	x19,x17,0x18	 x17:0xffffffff x19=0xffffffff
     198085.000 ns	     19807	80003e5c	29288b53	fmin.s	f22,f17,f18	 f17:0x7fc00000 f18:0xc0c00000 f22=0xc0c00000
     198135.000 ns	     19812	80003e60	08731953	fsub.s	f18,f6,f7	  f6:0x4f727edf  f7:0x46b50a40 f18=0x4f727e84
     198155.000 ns	     19814	80003e64	005c4933	xor	x18,x24,x5	 x24:0x00000000  x5:0xffffffff x18=0xffffffff
     198175.000 ns	     19816	80003e68	a1dc0053	fle.s	x0,f24,f29	 f24:0x00000000 f29:0x7fc00000
     198195.000 ns	     19818	80003e6c	3c42f713	andi	x14,x5,964	  x5:0xffffffff x14=0x000003c4
     198205.000 ns	     19819	80003e70	0132ba33	sltu	x20,x5,x19	  x5:0xffffffff x19:0xffffffff x20=0x00000000
     198225.000 ns	     19821	80003e74	a08803d3	fle.s	x7,f16,f8	 f16:0x00000000  f8:0x3e9d6f6c  x7=0x00000001
     198255.000 ns	     19824	80003e78	0392db33	divu	x22,x5,x25	  x5:0xffffffff x25:0x00000000 x22=0xffffffff
     198285.000 ns	     19827	80003e7c	d00e7753	fcvt.s.w	f14,x28	 x28:0x00000405 f14=0x4480a000
     198305.000 ns	     19829	80003e80	ea4da613	slti	x12,x27,-348	 x27:0x00000000 x12=0x00000000
     198325.000 ns	     19831	80003e84	29ad8dd3	fmin.s	f27,f27,f26	 f27:0x00000000 f26:0x7fc00000 f27=0x00000000
     198345.000 ns	     19833	80003e88	45a97a13	andi	x20,x18,1114	 x18:0xffffffff x20=0x0000045a
     198355.000 ns	     19834	80003e8c	75e7e393	ori	x7,x15,1886	 x15:0xfffffa05  x7=0xffffff5f
     198365.000 ns	     19835	80003e90	3658fa13	andi	x20,x17,869	 x17:0xffffffff x20=0x00000365
     198375.000 ns	     19836	80003e94	407f5833	sra	x16,x30,x7	 x30:0xffffffef  x7:0x00000001 x16=0xffffffff
     198395.000 ns	     19838	80003e98	a02e25d3	feq.s	x11,f28,f2	 f28:0x80000506  f2:0x00000000 x11=0x00000000
     198415.000 ns	     19840	80003e9c	00000013	addi	x0,x0,0	  x0:0x00000000
     198425.000 ns	     19841	80003ea0	41c2de13	srai	x28,x5,0x1c	  x5:0xffffffff x28=0xffffffff
     198435.000 ns	     19842	80003ea4	86223213	sltiu	x4,x4,-1950	  x4:0x01a8be48  x4=0x00000001
     198445.000 ns	     19843	80003ea8	2ca6a113	slti	x2,x13,714	 x13:0x00000000  x2=0x00000001
     198455.000 ns	     19844	80003eac	009d1e13	slli	x28,x26,0x9	 x26:0xffffffff x28=0xfffffe00
     198465.000 ns	     19845	80003eb0	00fdcab3	xor	x21,x27,x15	 x27:0x00000000 x15:0xfffffa05 x21=0xfffffa05
     198475.000 ns	     19846	80003eb4	41fd8433	sub	x8,x27,x31	 x27:0x00000000 x31:0x80040fe4  x8=0x7ffbf01c
     198485.000 ns	     19847	80003eb8	0170e0b3	or	x1,x1,x23	  x1:0x00000000 x23:0x00000733  x1=0x00000733
     198495.000 ns	     19848	80003ebc	01e501b3	add	x3,x10,x30	 x10:0xc1e296ff x30:0xffffffef  x3=0xc1e296ee
     198505.000 ns	     19849	80003ec0	40875933	sra	x18,x14,x8	 x14:0x000003c4  x8:0x7ffbf01c x18=0x00000000
     198515.000 ns	     19850	80003ec4	005a5093	srli	x1,x20,0x5	 x20:0x00000365  x1=0x0000001b
     198525.000 ns	     19851	80003ec8	55a57793	andi	x15,x10,1370	 x10:0xc1e296ff x15=0x0000045a
     198535.000 ns	     19852	80003ecc	6ea1f993	andi	x19,x3,1770	  x3:0xc1e296ee x19=0x000006ea
     198545.000 ns	     19853	80003ed0	6235bd93	sltiu	x27,x11,1571	 x11:0x00000000 x27=0x00000001
     198555.000 ns	     19854	80003ed4	01f7f233	and	x4,x15,x31	 x15:0x0000045a x31:0x80040fe4  x4=0x00000440
     198585.000 ns	     19857	80003ed8	117285d3	fmul.s	f11,f5,f23	  f5:0x7f800000 f23:0x7fc00000 f11=0x7fc00000
     198605.000 ns	     19859	80003edc	000173b3	and	x7,x2,x0	  x2:0x00000001  x0:0x00000000  x7=0x00000000
     198615.000 ns	     19860	80003ee0	00ce8a33	add	x20,x29,x12	 x29:0x00080051 x12:0x00000000 x20=0x00080051
     198635.000 ns	     19862	80003ee4	e0078a53	fmv.x.w	x20,f15	 f15:0xc0c00000 x20=0xc0c00000
     198665.000 ns	     19865	80003ee8	02a318b3	mulh	x17,x6,x10	  x6:0x00000000 x10:0xc1e296ff x17=0x00000000
     198695.000 ns	     19868	80003eec	d00e76d3	fcvt.s.w	f13,x28	 x28:0xfffffe00 f13=0xc4000000
     198725.000 ns	     19871	80003ef0	a1fa1a53	flt.s	x20,f20,f31	 f20:0x3e5ea5a6 f31:0x46f98000 x20=0x00000001
     198745.000 ns	     19873	80003ef4	01cbe5b3	or	x11,x23,x28	 x23:0x00000733 x28:0xfffffe00 x11=0xffffff33
     198765.000 ns	     19875	80003ef8	c0157ed3	fcvt.wu.s	x29,f10	 f10:0x26ffe000 x29=0x00000000
     198785.000 ns	     19877	80003efc	018385b3	add	x11,x7,x24	  x7:0x00000000 x24:0x00000000 x11=0x00000000
     198805.000 ns	     19879	80003f00	28d40c53	fmin.s	f24,f8,f13	  f8:0x3e9d6f6c f13:0xc4000000 f24=0xc4000000
     198835.000 ns	     19882	80003f04	027bc6b3	div	x13,x23,x7	 x23:0x00000733  x7:0x00000000 x13=0xffffffff
     198855.000 ns	     19884	80003f08	01d70633	add	x12,x14,x29	 x14:0x000003c4 x29:0x00000000 x12=0x000003c4
     198885.000 ns	     19887	80003f0c	1989a653	fdiv.s	f12,f19,f24	 f19:0x7fc00000 f24:0xc4000000 f12=0x7fc00000
     198915.000 ns	     19890	80003f10	038a28b3	mulhsu	x17,x20,x24	 x20:0x00000001 x24:0x00000000 x17=0x00000000
     198945.000 ns	     19893	80003f14	29621053	fmax.s	f0,f4,f22	  f4:0x00000000 f22:0xc0c00000  f0=0x00000000
     198975.000 ns	     19896	80003f18	03134e33	div	x28,x6,x17	  x6:0x00000000 x17:0x00000000 x28=0xffffffff
     199005.000 ns	     19899	80003f1c	292810d3	fmax.s	f1,f16,f18	 f16:0x00000000 f18:0x4f727e84  f1=0x4f727e84
     199025.000 ns	     19901	80003f20	01b2e133	or	x2,x5,x27	  x5:0xffffffff x27:0x00000001  x2=0xffffffff
     199045.000 ns	     19903	80003f24	e00c9953	fclass.s	x18,f25	 f25:0x7fc00000 x18=0x00000200
     199075.000 ns	     19906	80003f28	038a18b3	mulh	x17,x20,x24	 x20:0x00000001 x24:0x00000000 x17=0x00000000
     199095.000 ns	     19908	80003f2c	018c21b3	slt	x3,x24,x24	 x24:0x00000000 x24:0x00000000  x3=0x00000000
     199115.000 ns	     19910	80003f30	c00f88d3	fcvt.w.s	x17,f31	 f31:0x46f98000 x17=0x00007cc0
     199145.000 ns	     19913	80003f34	02521c33	mulh	x24,x4,x5	  x4:0x00000440  x5:0xffffffff x24=0xffffffff
     199165.000 ns	     19915	80003f38	41edd293	srai	x5,x27,0x1e	 x27:0x00000001  x5=0x00000000
     199175.000 ns	     19916	80003f3c	01858933	add	x18,x11,x24	 x11:0x00000000 x24:0xffffffff x18=0xffffffff
     199185.000 ns	     19917	80003f40	00f893b3	sll	x7,x17,x15	 x17:0x00007cc0 x15:0x0000045a  x7=0x00000000
     199205.000 ns	     19919	80003f44	0300ab33	mulhsu	x22,x1,x16	  x1:0x0000001b x16:0xffffffff x22=0x0000001a
     199575.000 ns	     19956	80003f48	033567b3	rem	x15,x10,x19	 x10:0xc1e296ff x19:0x000006ea x15=0xfffffd01
     199615.000 ns	     19960	80003f4c	192117d3	fdiv.s	f15,f2,f18	  f2:0x00000000 f18:0x4f727e84 f15=0x00000000
     199635.000 ns	     19962	80003f50	407c59b3	sra	x19,x24,x7	 x24:0xffffffff  x7:0x00000000 x19=0xffffffff
     199645.000 ns	     19963	80003f54	01a7aa33	slt	x20,x15,x26	 x15:0xfffffd01 x26:0xffffffff x20=0x00000001
     199675.000 ns	     19966	80003f58	18f3a353	fdiv.s	f6,f7,f15	  f7:0x46b50a40 f15:0x00000000  f6=0x7f800000
     199695.000 ns	     19968	80003f5c	00000013	addi	x0,x0,0	  x0:0x00000000
     199715.000 ns	     19970	80003f60	c0004ad3	fcvt.w.s	x21,f0	  f0:0x00000000 x21=0x00000000
     199745.000 ns	     19973	80003f64	036f8e33	mul	x28,x31,x22	 x31:0x80040fe4 x22:0x0000001a x28=0x00699d28
     199765.000 ns	     19975	80003f68	407f8433	sub	x8,x31,x7	 x31:0x80040fe4  x7:0x00000000  x8=0x80040fe4
     199775.000 ns	     19976	80003f6c	00000013	addi	x0,x0,0	  x0:0x00000000
     199785.000 ns	     19977	80003f70	002a17b3	sll	x15,x20,x2	 x20:0x00000001  x2:0xffffffff x15=0x80000000
     199815.000 ns	     19980	80003f74	190afc53	fdiv.s	f24,f21,f16	 f21:0x46b50a40 f16:0x00000000 f24=0x7f800000
     199845.000 ns	     19983	80003f78	a07e16d3	flt.s	x13,f28,f7	 f28:0x80000506  f7:0x46b50a40 x13=0x00000001
     199885.000 ns	     19987	80003f7c	10727a53	fmul.s	f20,f4,f7	  f4:0x00000000  f7:0x46b50a40 f20=0x00000000
     199915.000 ns	     19990	80003f80	a152ad53	feq.s	x26,f5,f21	  f5:0x7f800000 f21:0x46b50a40 x26=0x00000000
     199945.000 ns	     19993	80003f84	023d89b3	mul	x19,x27,x3	 x27:0x00000001  x3:0x00000000 x19=0x00000000
     199975.000 ns	     19996	80003f88	c001fa53	fcvt.w.s	x20,f3	  f3:0xff800000 x20=0x80000000
     200005.000 ns	     19999	80003f8c	03f5b6b3	mulhu	x13,x11,x31	 x11:0x00000000 x31:0x80040fe4 x13=0x00000000
     200035.000 ns	     20002	80003f90	a14e1f53	flt.s	x30,f28,f20	 f28:0x80000506 f20:0x00000000 x30=0x00000001
     200065.000 ns	     20005	80003f94	d002afd3	fcvt.s.w	f31,x5	  x5:0x00000000 f31=0x00000000
     200085.000 ns	     20007	80003f98	62653d93	sltiu	x27,x10,1574	 x10:0xc1e296ff x27=0x00000000
     200095.000 ns	     20008	80003f9c	e8910313	addi	x6,x2,-375	  x2:0xffffffff  x6=0xfffffe88
     200115.000 ns	     20010	80003fa0	037c15b3	mulh	x11,x24,x23	 x24:0xffffffff x23:0x00000733 x11=0xffffffff
     200145.000 ns	     20013	80003fa4	201913d3	fsgnjn.s	f7,f18,f1	 f18:0x4f727e84  f1:0x4f727e84  f7=0xcf727e84
     200175.000 ns	     20016	80003fa8	03c519b3	mulh	x19,x10,x28	 x10:0xc1e296ff x28:0x00699d28 x19=0xffe65fce
     200195.000 ns	     20018	80003fac	eb35fc93	andi	x25,x11,-333	 x11:0xffffffff x25=0xfffffeb3
     200205.000 ns	     20019	80003fb0	011338b3	sltu	x17,x6,x17	  x6:0xfffffe88 x17:0x00007cc0 x17=0x00000000
     200215.000 ns	     20020	80003fb4	25148813	addi	x16,x9,593	  x9:0x80041024 x16=0x80041275
     200255.000 ns	     20024	80003fb8	08a10ed3	fsub.s	f29,f2,f10	  f2:0x00000000 f10:0x26ffe000 f29=0xa6ffe000
     200275.000 ns	     20026	80003fbc	40c45093	srai	x1,x8,0xc	  x8:0x80040fe4  x1=0xfff80040
     200285.000 ns	     20027	80003fc0	01335613	srli	x12,x6,0x13	  x6:0xfffffe88 x12=0x00001fff
     200295.000 ns	     20028	80003fc4	b53d8793	addi	x15,x27,-1197	 x27:0x00000000 x15=0xfffffb53
     200325.000 ns	     20031	80003fc8	10be79d3	fmul.s	f19,f28,f11	 f28:0x80000506 f11:0x7fc00000 f19=0x7fc00000
     200345.000 ns	     20033	80003fcc	0104b033	sltu	x0,x9,x16	  x9:0x80041024 x16:0x80041275
     200355.000 ns	     20034	80003fd0	01970d33	add	x26,x14,x25	 x14:0x000003c4 x25:0xfffffeb3 x26=0x00000277
     200375.000 ns	     20036	80003fd4	023edf33	divu	x30,x29,x3	 x29:0x00000000  x3:0x00000000 x30=0xffffffff
     200415.000 ns	     20040	80003fd8	18e200d3	fdiv.s	f1,f4,f14	  f4:0x00000000 f14:0x4480a000  f1=0x00000000
     200435.000 ns	     20042	80003fdc	6c0f6213	ori	x4,x30,1728	 x30:0xffffffff  x4=0xffffffff
     200795.000 ns	     20078	80003fe0	0262fcb3	remu	x25,x5,x6	  x5:0x00000000  x6:0xfffffe88 x25=0x00000000
     200815.000 ns	     20080	80003fe4	0fd9fe13	andi	x28,x19,253	 x19:0xffe65fce x28=0x000000cc
     200855.000 ns	     20084	80003fe8	09a9a153	fsub.s	f2,f19,f26	 f19:0x7fc00000 f26:0x7fc00000  f2=0x7fc00000
     200885.000 ns	     20087	80003fec	218d9e53	fsgnjn.s	f28,f27,f24	 f27:0x00000000 f24:0x7f800000 f28=0x80000000
     201255.000 ns	     20124	80003ff0	03a6c5b3	div	x11,x13,x26	 x13:0x00000000 x26:0x00000277 x11=0x00000000
     201285.000 ns	     20127	80003ff4	29fa83d3	fmin.s	f7,f21,f31	 f21:0x46b50a40 f31:0x00000000  f7=0x00000000
     201305.000 ns	     20129	80003ff8	4021df13	srai	x30,x3,0x2	  x3:0x00000000 x30=0x00000000
     201315.000 ns	     20130	80003ffc	01af50b3	srl	x1,x30,x26	 x30:0xffffffff x26:0x00000277  x1=0x00000000
     201335.000 ns	     20132	80004000	02052633	mulhsu	x12,x10,x0	 x10:0xc1e296ff  x0:0x00000000 x12=0x00000000
     201365.000 ns	     20135	80004004	21fa1253	fsgnjn.s	f4,f20,f31	 f20:0x00000000 f31:0x00000000  f4=0x80000000
     201385.000 ns	     20137	80004008	acc2c993	xori	x19,x5,-1332	  x5:0x00000000 x19=0xfffffacc
     201395.000 ns	     20138	8000400c	016ced33	or	x26,x25,x22	 x25:0x00000000 x22:0x0000001a x26=0x0000001a
     201415.000 ns	     20140	80004010	c0140dd3	fcvt.wu.s	x27,f8	  f8:0x3e9d6f6c x27=0x00000000
     201445.000 ns	     20143	80004014	207ba9d3	fsgnjx.s	f19,f23,f7	 f23:0x7fc00000  f7:0x00000000 f19=0x7fc00000
     201465.000 ns	     20145	80004018	40960733	sub	x14,x12,x9	 x12:0x00000000  x9:0x80041024 x14=0x7ffbefdc
     201475.000 ns	     20146	8000401c	006843b3	xor	x7,x16,x6	 x16:0x80041275  x6:0xfffffe88  x7=0x7ffbecfd
     201505.000 ns	     20149	80004020	5802f7d3	fsqrt.s	f15,f5	  f5:0x7f800000 f15=0x7f800000
     201535.000 ns	     20152	80004024	0253fab3	remu	x21,x7,x5	  x7:0x00000000  x5:0x00000000 x21=0x7ffbecfd
     201565.000 ns	     20155	80004028	a05b1653	flt.s	x12,f22,f5	 f22:0xc0c00000  f5:0x7f800000 x12=0x00000001
     201585.000 ns	     20157	8000402c	414d55b3	sra	x11,x26,x20	 x26:0x0000001a x20:0x80000000 x11=0x0000001a
     201595.000 ns	     20158	80004030	d1cb4893	xori	x17,x22,-740	 x22:0x0000001a x17=0xfffffd06
     201615.000 ns	     20160	80004034	c01b2d53	fcvt.wu.s	x26,f22	 f22:0xc0c00000 x26=0x00000006
     201635.000 ns	     20162	80004038	41ead693	srai	x13,x21,0x1e	 x21:0x7ffbecfd x13=0x00000001
     201645.000 ns	     20163	8000403c	01ccd933	srl	x18,x25,x28	 x25:0x00000000 x28:0x000000cc x18=0x00000000
     201665.000 ns	     20165	80004040	c0077453	fcvt.w.s	x8,f14	 f14:0x4480a000  x8=0x00000405
     201695.000 ns	     20168	80004044	296f87d3	fmin.s	f15,f31,f22	 f31:0x00000000 f22:0xc0c00000 f15=0xc0c00000
     201715.000 ns	     20170	80004048	a10d2d13	slti	x26,x26,-1520	 x26:0x00000006 x26=0x00000000
     201735.000 ns	     20172	8000404c	d01e7653	fcvt.s.wu	f12,x28	 x28:0x000000cc f12=0x434c0000
     201755.000 ns	     20174	80004050	01390333	add	x6,x18,x19	 x18:0x00000000 x19:0xfffffacc  x6=0xfffffacc
     201765.000 ns	     20175	80004054	00d6d313	srli	x6,x13,0xd	 x13:0x00000001  x6=0x00000000
     202125.000 ns	     20211	80004058	03056733	rem	x14,x10,x16	 x10:0xc1e296ff x16:0x80041275 x14=0xc1e296ff
     202145.000 ns	     20213	8000405c	5020ae93	slti	x29,x1,1282	  x1:0x00000000 x29=0x00000001
     202155.000 ns	     20214	80004060	01ff1893	slli	x17,x30,0x1f	 x30:0x00000000 x17=0x00000000
     202175.000 ns	     20216	80004064	03121e33	mulh	x28,x4,x17	  x4:0xffffffff x17:0xfffffd06 x28=0x00000000
     202545.000 ns	     20253	80004068	02f2c9b3	div	x19,x5,x15	  x5:0x00000000 x15:0xfffffb53 x19=0x00000000
     202575.000 ns	     20256	8000406c	c014f9d3	fcvt.wu.s	x19,f9	  f9:0x7fc00000 x19=0xffffffff
     202945.000 ns	     20293	80004070	03f2f5b3	remu	x11,x5,x31	  x5:0x00000000 x31:0x80040fe4 x11=0x00000000
     202965.000 ns	     20295	80004074	0180f633	and	x12,x1,x24	  x1:0x00000000 x24:0xffffffff x12=0x00000000
     202985.000 ns	     20297	80004078	a1e78ed3	fle.s	x29,f15,f30	 f15:0xc0c00000 f30:0x7fc00000 x29=0x00000000
     203025.000 ns	     20301	8000407c	119bb353	fmul.s	f6,f23,f25	 f23:0x7fc00000 f25:0x7fc00000  f6=0x7fc00000
     203045.000 ns	     20303	80004080	fa137197	auipc	x3,0xfa137	  x3=0x7a13b080
     203055.000 ns	     20304	80004084	41b80ab3	sub	x21,x16,x27	 x16:0x80041275 x27:0x00000000 x21=0x80041275
     203075.000 ns	     20306	80004088	21000b53	fsgnj.s	f22,f0,f16	  f0:0x00000000 f16:0x00000000 f22=0x00000000
     203105.000 ns	     20309	8000408c	a09f9ad3	flt.s	x21,f31,f9	 f31:0x00000000  f9:0x7fc00000 x21=0x00000000
     203125.000 ns	     20311	80004090	01583cb3	sltu	x25,x16,x21	 x16:0x80041275 x21:0x80041275 x25=0x00000000
     203145.000 ns	     20313	80004094	02f70b33	mul	x22,x14,x15	 x14:0xc1e296ff x15:0xfffffb53 x22=0x6f83f9ad
     203175.000 ns	     20316	80004098	20139053	fsgnjn.s	f0,f7,f1	  f7:0x00000000  f1:0x00000000  f0=0x80000000
     203195.000 ns	     20318	8000409c	40b55013	srai	x0,x10,0xb	 x10:0xc1e296ff
     203225.000 ns	     20321	800040a0	197a3bd3	fdiv.s	f23,f20,f23	 f20:0x00000000 f23:0x7fc00000 f23=0x7fc00000
     203245.000 ns	     20323	800040a4	012d5893	srli	x17,x26,0x12	 x26:0x00000000 x17=0x00000000
     203605.000 ns	     20359	800040a8	03057e33	remu	x28,x10,x16	 x10:0xc1e296ff x16:0x80041275 x28=0x41de848a
     203635.000 ns	     20362	800040ac	0323b633	mulhu	x12,x7,x18	  x7:0x7ffbecfd x18:0x00000000 x12=0x00000000
     203675.000 ns	     20366	800040b0	117c3ad3	fmul.s	f21,f24,f23	 f24:0x7f800000 f23:0x7fc00000 f21=0x7fc00000
     203695.000 ns	     20368	800040b4	00fc82b3	add	x5,x25,x15	 x25:0x00000000 x15:0xfffffb53  x5=0xfffffb53
     203715.000 ns	     20370	800040b8	022cba33	mulhu	x20,x25,x2	 x25:0x00000000  x2:0xffffffff x20=0x00000000
     203735.000 ns	     20372	800040bc	00531d33	sll	x26,x6,x5	  x6:0x00000000  x5:0x00000000 x26=0x00000000
     203745.000 ns	     20373	800040c0	01f8f033	and	x0,x17,x31	 x17:0x00000000 x31:0x80040fe4
     203765.000 ns	     20375	800040c4	c00fc453	fcvt.w.s	x8,f31	 f31:0x00000000  x8=0x00000000
     203785.000 ns	     20377	800040c8	01b89433	sll	x8,x17,x27	 x17:0x00000000 x27:0x00000000  x8=0x00000000
     203805.000 ns	     20379	800040cc	d0134fd3	fcvt.s.wu	f31,x6	  x6:0x00000000 f31=0x00000000
     203825.000 ns	     20381	800040d0	01c97db3	and	x27,x18,x28	 x18:0x00000000 x28:0x41de848a x27=0x00000000
     203835.000 ns	     20382	800040d4	41e95f33	sra	x30,x18,x30	 x18:0x00000000 x30:0x00000000 x30=0x00000000
     203845.000 ns	     20383	800040d8	8722b093	sltiu	x1,x5,-1934	  x5:0xfffffb53  x1=0x00000000
     203865.000 ns	     20385	800040dc	203b1b53	fsgnjn.s	f22,f22,f3	 f22:0x00000000  f3:0xff800000 f22=0x00000000
     203885.000 ns	     20387	800040e0	00000013	addi	x0,x0,0	  x0:0x00000000
     203905.000 ns	     20389	800040e4	21130e53	fsgnj.s	f28,f6,f17	  f6:0x7fc00000 f17:0x7fc00000 f28=0x7fc00000
     203925.000 ns	     20391	800040e8	41000033	sub	x0,x0,x16	  x0:0x00000000 x16:0x80041275
     203935.000 ns	     20392	800040ec	00000013	addi	x0,x0,0	  x0:0x00000000
     203945.000 ns	     20393	800040f0	00a5a333	slt	x6,x11,x10	 x11:0x00000000 x10:0xc1e296ff  x6=0x00000000
     203955.000 ns	     20394	800040f4	417f0d33	sub	x26,x30,x23	 x30:0x00000000 x23:0x00000733 x26=0xfffff8cd
     203975.000 ns	     20396	800040f8	a1bfae53	feq.s	x28,f31,f27	 f31:0x00000000 f27:0x00000000 x28=0x00000001
     203995.000 ns	     20398	800040fc	00000013	addi	x0,x0,0	  x0:0x00000000
     204005.000 ns	     20399	80004100	01e03833	sltu	x16,x0,x30	  x0:0x00000000 x30:0x00000000 x16=0x00000000
     204015.000 ns	     20400	80004104	00a18c33	add	x24,x3,x10	  x3:0x7a13b080 x10:0xc1e296ff x24=0x3bf6477f
     204035.000 ns	     20402	80004108	0253a333	mulhsu	x6,x7,x5	  x7:0x7ffbecfd  x5:0xfffffb53  x6=0x7ffbeaa6
     204065.000 ns	     20405	8000410c	c00ff853	fcvt.w.s	x16,f31	 f31:0x00000000 x16=0x00000000
     204095.000 ns	     20408	80004110	02edb433	mulhu	x8,x27,x14	 x27:0x00000000 x14:0xc1e296ff  x8=0x00000000
     204115.000 ns	     20410	80004114	01276ab3	or	x21,x14,x18	 x14:0xc1e296ff x18:0x00000000 x21=0xc1e296ff
     204135.000 ns	     20412	80004118	e0010a53	fmv.x.w	x20,f2	  f2:0x7fc00000 x20=0x7fc00000
     204165.000 ns	     20415	8000411c	039bd9b3	divu	x19,x23,x25	 x23:0x00000733 x25:0x00000000 x19=0xffffffff
     204195.000 ns	     20418	80004120	d00f7653	fcvt.s.w	f12,x30	 x30:0x00000000 f12=0x00000000
     204215.000 ns	     20420	80004124	010e8933	add	x18,x29,x16	 x29:0x00000000 x16:0x00000000 x18=0x00000000
     204225.000 ns	     20421	80004128	404d86b3	sub	x13,x27,x4	 x27:0x00000000  x4:0xffffffff x13=0x00000001
     204235.000 ns	     20422	8000412c	4bb7cc93	xori	x25,x15,1211	 x15:0xfffffb53 x25=0xffffffe8
     204245.000 ns	     20423	80004130	00ecd833	srl	x16,x25,x14	 x25:0x00000000 x14:0xc1e296ff x16=0x00000001
     204255.000 ns	     20424	80004134	00c0a733	slt	x14,x1,x12	  x1:0x00000000 x12:0x00000000 x14=0x00000000
     204285.000 ns	     20427	80004138	115798d3	fmul.s	f17,f15,f21	 f15:0xc0c00000 f21:0x7fc00000 f17=0x7fc00000
     204305.000 ns	     20429	8000413c	007f2f33	slt	x30,x30,x7	 x30:0x00000000  x7:0x7ffbecfd x30=0x00000001
     204315.000 ns	     20430	80004140	01c2e733	or	x14,x5,x28	  x5:0xfffffb53 x28:0x00000001 x14=0xfffffb53
     204335.000 ns	     20432	80004144	a0eba153	feq.s	x2,f23,f14	 f23:0x7fc00000 f14:0x4480a000  x2=0x00000000
     204355.000 ns	     20434	80004148	00a81a33	sll	x20,x16,x10	 x16:0x00000001 x10:0xc1e296ff x20=0x80000000
     204365.000 ns	     20435	8000414c	0183ee33	or	x28,x7,x24	  x7:0x7ffbecfd x24:0x3bf6477f x28=0x7fffefff
     204375.000 ns	     20436	80004150	e02e3413	sltiu	x8,x28,-510	 x28:0x00000001  x8=0x00000001
     204385.000 ns	     20437	80004154	402d5413	srai	x8,x26,0x2	 x26:0xfffff8cd  x8=0xfffffe33
     204415.000 ns	     20440	80004158	1160a0d3	fmul.s	f1,f1,f22	  f1:0x00000000 f22:0x00000000  f1=0x00000000
     204435.000 ns	     20442	8000415c	016a66b3	or	x13,x20,x22	 x20:0x80000000 x22:0x6f83f9ad x13=0xef83f9ad
     204445.000 ns	     20443	80004160	00000013	addi	x0,x0,0	  x0:0x00000000
     204455.000 ns	     20444	80004164	01759a13	slli	x20,x11,0x17	 x11:0x00000000 x20=0x00000000
     204815.000 ns	     20480	80004168	035741b3	div	x3,x14,x21	 x14:0xfffffb53 x21:0xc1e296ff  x3=0x00000000
     204845.000 ns	     20483	8000416c	a1c61f53	flt.s	x30,f12,f28	 f12:0x00000000 f28:0x7fc00000 x30=0x00000000
     204865.000 ns	     20485	80004170	01bb1433	sll	x8,x22,x27	 x22:0x6f83f9ad x27:0x00000000  x8=0x6f83f9ad
     204875.000 ns	     20486	80004174	00145633	srl	x12,x8,x1	  x8:0xfffffe33  x1:0x00000000 x12=0x6f83f9ad
     204885.000 ns	     20487	80004178	6e8dc637	lui	x12,0x6e8dc	 x12=0x6e8dc000
     204895.000 ns	     20488	8000417c	40708e33	sub	x28,x1,x7	  x1:0x00000000  x7:0x7ffbecfd x28=0x80041303
     204915.000 ns	     20490	80004180	c00d7e53	fcvt.w.s	x28,f26	 f26:0x7fc00000 x28=0x7fffffff
     204945.000 ns	     20493	80004184	03175733	divu	x14,x14,x17	 x14:0xfffffb53 x17:0x00000000 x14=0xffffffff
     204965.000 ns	     20495	80004188	018698b3	sll	x17,x13,x24	 x13:0xef83f9ad x24:0x3bf6477f x17=0x80000000
     204985.000 ns	     20497	8000418c	21f19f53	fsgnjn.s	f30,f3,f31	  f3:0xff800000 f31:0x00000000 f30=0xff800000
     205005.000 ns	     20499	80004190	0195d593	srli	x11,x11,0x19	 x11:0x00000000 x11=0x00000000
     205025.000 ns	     20501	80004194	c001fc53	fcvt.w.s	x24,f3	  f3:0xff800000 x24=0x80000000
     205045.000 ns	     20503	80004198	00b08e33	add	x28,x1,x11	  x1:0x00000000 x11:0x00000000 x28=0x00000000
     205065.000 ns	     20505	8000419c	d00289d3	fcvt.s.w	f19,x5	  x5:0xfffffb53 f19=0xc495a000
     205085.000 ns	     20507	800041a0	014fdd93	srli	x27,x31,0x14	 x31:0x80040fe4 x27=0x00000800
     205105.000 ns	     20509	800041a4	a04d13d3	flt.s	x7,f26,f4	 f26:0x7fc00000  f4:0x80000000  x7=0x00000000
     205125.000 ns	     20511	800041a8	01beaa33	slt	x20,x29,x27	 x29:0x00000000 x27:0x00000000 x20=0x00000001
     205165.000 ns	     20515	800041ac	01368153	fadd.s	f2,f13,f19	 f13:0xc4000000 f19:0xc495a000  f2=0xc4d5a000
     205195.000 ns	     20518	800041b0	a0f385d3	fle.s	x11,f7,f15	  f7:0x00000000 f15:0xc0c00000 x11=0x00000000
     205225.000 ns	     20521	800041b4	d00084d3	fcvt.s.w	f9,x1	  x1:0x00000000  f9=0x00000000
     206405.000 ns	     20639	800041b8	58044c53	fsqrt.s	f24,f8	  f8:0x3e9d6f6c f24=0x3e8df4bc
     206425.000 ns	     20641	800041bc	3c548713	addi	x14,x9,965	  x9:0x80041024 x14=0x800413e9
     206445.000 ns	     20643	800041c0	d0033d53	fcvt.s.w	f26,x6	  x6:0x7ffbeaa6 f26=0x4efff7d6
     206465.000 ns	     20645	800041c4	44d1ae37	lui	x28,0x44d1a	 x28=0x44d1a000
     206475.000 ns	     20646	800041c8	01ebddb3	srl	x27,x23,x30	 x23:0x00000733 x30:0x00000000 x27=0x00000733
     206495.000 ns	     20648	800041cc	03ce21b3	mulhsu	x3,x28,x28	 x28:0x00000000 x28:0x00000000  x3=0x128008a6
     206515.000 ns	     20650	800041d0	014c9c13	slli	x24,x25,0x14	 x25:0xffffffe8 x24=0xfe800000
     206535.000 ns	     20652	800041d4	a11685d3	fle.s	x11,f13,f17	 f13:0xc4000000 f17:0x7fc00000 x11=0x00000000
     206555.000 ns	     20654	800041d8	01c7d6b3	srl	x13,x15,x28	 x15:0xfffffb53 x28:0x44d1a000 x13=0xfffffb53
     206565.000 ns	     20655	800041dc	d77ff237	lui	x4,0xd77ff	  x4=0xd77ff000
     206575.000 ns	     20656	800041e0	d93ea413	slti	x8,x29,-621	 x29:0x00000000  x8=0x00000000
     206595.000 ns	     20658	800041e4	02d3a833	mulhsu	x16,x7,x13	  x7:0x00000000 x13:0xfffffb53 x16=0x00000000
     206625.000 ns	     20661	800041e8	0344a6b3	mulhsu	x13,x9,x20	  x9:0x80041024 x20:0x00000001 x13=0xffffffff
     206655.000 ns	     20664	800041ec	201d90d3	fsgnjn.s	f1,f27,f1	 f27:0x00000000  f1:0x00000000  f1=0x80000000
     206685.000 ns	     20667	800041f0	d00775d3	fcvt.s.w	f11,x14	 x14:0x800413e9 f11=0xcefff7d8
     206705.000 ns	     20669	800041f4	00e2c633	xor	x12,x5,x14	  x5:0xfffffb53 x14:0x800413e9 x12=0x7ffbe8ba
     206725.000 ns	     20671	800041f8	c01479d3	fcvt.wu.s	x19,f8	  f8:0x3e9d6f6c x19=0x00000000
     206745.000 ns	     20673	800041fc	0135c5b3	xor	x11,x11,x19	 x11:0x00000000 x19:0xffffffff x11=0x00000000
     206755.000 ns	     20674	80004200	3a574a13	xori	x20,x14,933	 x14:0x800413e9 x20=0x8004104c
     206775.000 ns	     20676	80004204	0223e433	rem	x8,x7,x2	  x7:0x00000000  x2:0x00000000  x8=0x00000000
     206795.000 ns	     20678	80004208	00874333	xor	x6,x14,x8	 x14:0x800413e9  x8:0x00000000  x6=0x800413e9
     206805.000 ns	     20679	8000420c	002c4733	xor	x14,x24,x2	 x24:0xfe800000  x2:0x00000000 x14=0xfe800000
     206825.000 ns	     20681	80004210	029eb733	mulhu	x14,x29,x9	 x29:0x00000000  x9:0x80041024 x14=0x00000000
     206845.000 ns	     20683	80004214	41d708b3	sub	x17,x14,x29	 x14:0x800413e9 x29:0x00000000 x17=0x00000000
     206885.000 ns	     20687	80004218	08097153	fsub.s	f2,f18,f0	 f18:0x4f727e84  f0:0x80000000  f2=0x4f727e84
     206905.000 ns	     20689	8000421c	0045c2b3	xor	x5,x11,x4	 x11:0x00000000  x4:0xd77ff000  x5=0xd77ff000
     206915.000 ns	     20690	80004220	67ff26b7	lui	x13,0x67ff2	 x13=0x67ff2000
     206935.000 ns	     20692	80004224	a1571253	flt.s	x4,f14,f21	 f14:0x4480a000 f21:0x7fc00000  x4=0x00000000
     206965.000 ns	     20695	80004228	e00a0c53	fmv.x.w	x24,f20	 f20:0x00000000 x24=0x00000000
     206985.000 ns	     20697	8000422c	009448b3	xor	x17,x8,x9	  x8:0x00000000  x9:0x80041024 x17=0x80041024
     206995.000 ns	     20698	80004230	01d7a5b3	slt	x11,x15,x29	 x15:0xfffffb53 x29:0x00000000 x11=0x00000001
     207005.000 ns	     20699	80004234	41c7d1b3	sra	x3,x15,x28	 x15:0xfffffb53 x28:0x44d1a000  x3=0xfffffb53
     207025.000 ns	     20701	80004238	c0047cd3	fcvt.w.s	x25,f8	  f8:0x3e9d6f6c x25=0x00000000
     207055.000 ns	     20704	8000423c	20cb9e53	fsgnjn.s	f28,f23,f12	 f23:0x7fc00000 f12:0x00000000 f28=0xffc00000
     207425.000 ns	     20741	80004240	03417e33	remu	x28,x2,x20	  x2:0x00000000 x20:0x8004104c x28=0x00000000
     207465.000 ns	     20745	80004244	5808ff53	fsqrt.s	f30,f17	 f17:0x7fc00000 f30=0x7fc00000
     207505.000 ns	     20749	80004248	10947853	fmul.s	f16,f8,f9	  f8:0x3e9d6f6c  f9:0x00000000 f16=0x00000000
     207525.000 ns	     20751	8000424c	01347833	and	x16,x8,x19	  x8:0x00000000 x19:0x00000000 x16=0x00000000
     207535.000 ns	     20752	80004250	00729013	slli	x0,x5,0x7	  x5:0xd77ff000
     207545.000 ns	     20753	80004254	d790b597	auipc	x11,0xd790b	 x11=0x5790f254
     207555.000 ns	     20754	80004258	00839d93	slli	x27,x7,0x8	  x7:0x00000000 x27=0x00000000
     207565.000 ns	     20755	8000425c	40ca5413	srai	x8,x20,0xc	 x20:0x8004104c  x8=0xfff80041
     207585.000 ns	     20757	80004260	a1232253	feq.s	x4,f6,f18	  f6:0x7fc00000 f18:0x4f727e84  x4=0x00000000
     207615.000 ns	     20760	80004264	03452c33	mulhsu	x24,x10,x20	 x10:0xc1e296ff x20:0x8004104c x24=0xe0f04f15
     207665.000 ns	     20765	80004268	08122ad3	fsub.s	f21,f4,f1	  f4:0x80000000  f1:0x80000000 f21=0x00000000
     207685.000 ns	     20767	8000426c	01d5b433	sltu	x8,x11,x29	 x11:0x5790f254 x29:0x00000000  x8=0x00000000
     207705.000 ns	     20769	80004270	a08b2953	feq.s	x18,f22,f8	 f22:0x00000000  f8:0x3e9d6f6c x18=0x00000000
     207725.000 ns	     20771	80004274	45a26693	ori	x13,x4,1114	  x4:0x00000000 x13=0x0000045a
     207745.000 ns	     20773	80004278	21489953	fsgnjn.s	f18,f17,f20	 f17:0x7fc00000 f20:0x00000000 f18=0xffc00000
     207765.000 ns	     20775	8000427c	01ea4b33	xor	x22,x20,x30	 x20:0x8004104c x30:0x00000000 x22=0x8004104c
     207775.000 ns	     20776	80004280	012a1d93	slli	x27,x20,0x12	 x20:0x8004104c x27=0x41300000
     207795.000 ns	     20778	80004284	e0011b53	fclass.s	x22,f2	  f2:0x4f727e84 x22=0x00000040
     207825.000 ns	     20781	80004288	f00f8053	fmv.w.x	f0,x31	 x31:0x80040fe4  f0=0x80040fe4
     207845.000 ns	     20783	8000428c	a5efff13	andi	x30,x31,-1442	 x31:0x80040fe4 x30=0x80040a44
     207855.000 ns	     20784	80004290	01ca68b3	or	x17,x20,x28	 x20:0x8004104c x28:0x00000000 x17=0x8004104c
     207875.000 ns	     20786	80004294	20f90753	fsgnj.s	f14,f18,f15	 f18:0xffc00000 f15:0xc0c00000 f14=0xffc00000
     207925.000 ns	     20791	80004298	084670d3	fsub.s	f1,f12,f4	 f12:0x00000000  f4:0x80000000  f1=0x00000000
     207955.000 ns	     20794	8000429c	c0144cd3	fcvt.wu.s	x25,f8	  f8:0x3e9d6f6c x25=0x00000000
     207975.000 ns	     20796	800042a0	01647ab3	and	x21,x8,x22	  x8:0x00000000 x22:0x00000040 x21=0x00000000
     207995.000 ns	     20798	800042a4	e0081953	fclass.s	x18,f16	 f16:0x00000000 x18=0x00000010
     208035.000 ns	     20802	800042a8	19bf22d3	fdiv.s	f5,f30,f27	 f30:0x7fc00000 f27:0x00000000  f5=0x7fc00000
     208065.000 ns	     20805	800042ac	28a39253	fmax.s	f4,f7,f10	  f7:0x00000000 f10:0x26ffe000  f4=0x26ffe000
     208085.000 ns	     20807	800042b0	e3fdca93	xori	x21,x27,-449	 x27:0x41300000 x21=0xbecffe3f
     208095.000 ns	     20808	800042b4	00a74333	xor	x6,x14,x10	 x14:0x00000000 x10:0xc1e296ff  x6=0xc1e296ff
     208105.000 ns	     20809	800042b8	01ddd393	srli	x7,x27,0x1d	 x27:0x41300000  x7=0x00000002
     208125.000 ns	     20811	800042bc	d01e77d3	fcvt.s.wu	f15,x28	 x28:0x00000000 f15=0x00000000
     208155.000 ns	     20814	800042c0	030899b3	mulh	x19,x17,x16	 x17:0x8004104c x16:0x00000000 x19=0x00000000
     208185.000 ns	     20817	800042c4	a13c82d3	fle.s	x5,f25,f19	 f25:0x7fc00000 f19:0xc495a000  x5=0x00000000
     208215.000 ns	     20820	800042c8	02ed62b3	rem	x5,x26,x14	 x26:0xfffff8cd x14:0x00000000  x5=0xfffff8cd
     208585.000 ns	     20857	800042cc	02305eb3	divu	x29,x0,x3	  x0:0x00000000  x3:0xfffffb53 x29=0x00000000
     208615.000 ns	     20860	800042d0	c00072d3	fcvt.w.s	x5,f0	  f0:0x80040fe4  x5=0x00000000
     208645.000 ns	     20863	800042d4	20ac11d3	fsgnjn.s	f3,f24,f10	 f24:0x3e8df4bc f10:0x26ffe000  f3=0xbe8df4bc
     208665.000 ns	     20865	800042d8	006d1a93	slli	x21,x26,0x6	 x26:0xfffff8cd x21=0xfffe3340
     208675.000 ns	     20866	800042dc	002fdcb3	srl	x25,x31,x2	 x31:0x80040fe4  x2:0x00000000 x25=0x80040fe4
     208695.000 ns	     20868	800042e0	2147a1d3	fsgnjx.s	f3,f15,f20	 f15:0x00000000 f20:0x00000000  f3=0x00000000
     208725.000 ns	     20871	800042e4	e0079bd3	fclass.s	x23,f15	 f15:0x00000000 x23=0x00000010
     208755.000 ns	     20874	800042e8	d01afe53	fcvt.s.wu	f28,x21	 x21:0xfffe3340 f28=0x4f7ffe33
     208775.000 ns	     20876	800042ec	015e06b3	add	x13,x28,x21	 x28:0x00000000 x21:0xfffe3340 x13=0xfffe3340
     208785.000 ns	     20877	800042f0	00405db3	srl	x27,x0,x4	  x0:0x00000000  x4:0x00000000 x27=0x00000000
     208805.000 ns	     20879	800042f4	e00e9c53	fclass.s	x24,f29	 f29:0xa6ffe000 x24=0x00000002
     208825.000 ns	     20881	800042f8	003d5113	srli	x2,x26,0x3	 x26:0xfffff8cd  x2=0x1fffff19
     208835.000 ns	     20882	800042fc	00000013	addi	x0,x0,0	  x0:0x00000000
     208845.000 ns	     20883	80004300	00967c33	and	x24,x12,x9	 x12:0x7ffbe8ba  x9:0x80041024 x24=0x00000020
     208865.000 ns	     20885	80004304	e00e1653	fclass.s	x12,f28	 f28:0x4f7ffe33 x12=0x00000040
     208885.000 ns	     20887	80004308	0102c9b3	xor	x19,x5,x16	  x5:0x00000000 x16:0x00000000 x19=0x00000000
     208895.000 ns	     20888	8000430c	f7552113	slti	x2,x10,-139	 x10:0xc1e296ff  x2=0x00000001
     208915.000 ns	     20890	80004310	e0058a53	fmv.x.w	x20,f11	 f11:0xcefff7d8 x20=0xcefff7d8
     208935.000 ns	     20892	80004314	00000013	addi	x0,x0,0	  x0:0x00000000
     208955.000 ns	     20894	80004318	208e8cd3	fsgnj.s	f25,f29,f8	 f29:0xa6ffe000  f8:0x3e9d6f6c f25=0x26ffe000
     208985.000 ns	     20897	8000431c	a198af53	feq.s	x30,f17,f25	 f17:0x7fc00000 f25:0x7fc00000 x30=0x00000000
     209015.000 ns	     20900	80004320	032827b3	mulhsu	x15,x16,x18	 x16:0x00000000 x18:0x00000010 x15=0x00000000
     209045.000 ns	     20903	80004324	a0250053	fle.s	x0,f10,f2	 f10:0x26ffe000  f2:0x4f727e84
     209085.000 ns	     20907	80004328	11f00453	fmul.s	f8,f0,f31	  f0:0x80040fe4 f31:0x00000000  f8=0x80000000
     209105.000 ns	     20909	8000432c	40c9df33	sra	x30,x19,x12	 x19:0x00000000 x12:0x00000040 x30=0x00000000
     209115.000 ns	     20910	80004330	00000013	addi	x0,x0,0	  x0:0x00000000
     209135.000 ns	     20912	80004334	a0bbacd3	feq.s	x25,f23,f11	 f23:0x7fc00000 f11:0xcefff7d8 x25=0x00000000
     209505.000 ns	     20949	80004338	0321e333	rem	x6,x3,x18	  x3:0xfffffb53 x18:0x00000010  x6=0xfffffff3
     209535.000 ns	     20952	8000433c	21e10dd3	fsgnj.s	f27,f2,f30	  f2:0x4f727e84 f30:0x7fc00000 f27=0x4f727e84
     209555.000 ns	     20954	80004340	41b309b3	sub	x19,x6,x27	  x6:0xfffffff3 x27:0x00000000 x19=0xfffffff3
     209565.000 ns	     20955	80004344	001bc193	xori	x3,x23,1	 x23:0x00000010  x3=0x00000011
     209575.000 ns	     20956	80004348	41cf0b33	sub	x22,x30,x28	 x30:0x00000000 x28:0x00000000 x22=0x00000000
     209585.000 ns	     20957	8000434c	00000013	addi	x0,x0,0	  x0:0x00000000
     209605.000 ns	     20959	80004350	e00812d3	fclass.s	x5,f16	 f16:0x00000000  x5=0x00000010
     209625.000 ns	     20961	80004354	009ebb33	sltu	x22,x29,x9	 x29:0x00000000  x9:0x80041024 x22=0x00000001
     209645.000 ns	     20963	80004358	f0018453	fmv.w.x	f8,x3	  x3:0x00000011  f8=0x00000011
     209675.000 ns	     20966	8000435c	e0000d53	fmv.x.w	x26,f0	  f0:0x80040fe4 x26=0x80040fe4
     209705.000 ns	     20969	80004360	a0209053	flt.s	x0,f1,f2	  f1:0x00000000  f2:0x4f727e84
     209735.000 ns	     20972	80004364	e00c1dd3	fclass.s	x27,f24	 f24:0x3e8df4bc x27=0x00000040
     209765.000 ns	     20975	80004368	207b85d3	fsgnj.s	f11,f23,f7	 f23:0x7fc00000  f7:0x00000000 f11=0x7fc00000
     209785.000 ns	     20977	8000436c	00fa0033	add	x0,x20,x15	 x20:0xcefff7d8 x15:0x00000000
     209805.000 ns	     20979	80004370	d01797d3	fcvt.s.wu	f15,x15	 x15:0x00000000 f15=0x00000000
     209835.000 ns	     20982	80004374	d0197553	fcvt.s.wu	f10,x18	 x18:0x00000010 f10=0x41800000
     209875.000 ns	     20986	80004378	5802f253	fsqrt.s	f4,f5	  f5:0x7fc00000  f4=0x7fc00000
     209905.000 ns	     20989	8000437c	02085d33	divu	x26,x16,x0	 x16:0x00000000  x0:0x00000000 x26=0xffffffff
     209925.000 ns	     20991	80004380	6a5cec13	ori	x24,x25,1701	 x25:0x00000000 x24=0x000006a5
     209945.000 ns	     20993	80004384	284b1153	fmax.s	f2,f22,f4	 f22:0x00000000  f4:0x7fc00000  f2=0x00000000
     209965.000 ns	     20995	80004388	00ac1b13	slli	x22,x24,0xa	 x24:0x00000020 x22=0x001a9400
     209975.000 ns	     20996	8000438c	01de8233	add	x4,x29,x29	 x29:0x00000000 x29:0x00000000  x4=0x00000000
     209995.000 ns	     20998	80004390	03a19a33	mulh	x20,x3,x26	  x3:0x00000011 x26:0xffffffff x20=0xffffffff
     210015.000 ns	     21000	80004394	00585db3	srl	x27,x16,x5	 x16:0x00000000  x5:0x00000010 x27=0x00000000
     210375.000 ns	     21036	80004398	0293c833	div	x16,x7,x9	  x7:0x00000002  x9:0x80041024 x16=0x00000000
     210395.000 ns	     21038	8000439c	0058c033	xor	x0,x17,x5	 x17:0x8004104c  x5:0x00000010
     210415.000 ns	     21040	800043a0	21a4a5d3	fsgnjx.s	f11,f9,f26	  f9:0x00000000 f26:0x4efff7d6 f11=0x00000000
     210435.000 ns	     21042	800043a4	01a5f233	and	x4,x11,x26	 x11:0x5790f254 x26:0xffffffff  x4=0x5790f254
     210445.000 ns	     21043	800043a8	1c3c27b7	lui	x15,0x1c3c2	 x15=0x1c3c2000
     210465.000 ns	     21045	800043ac	036ebab3	mulhu	x21,x29,x22	 x29:0x00000000 x22:0x001a9400 x21=0x00000000
     210485.000 ns	     21047	800043b0	01f9d293	srli	x5,x19,0x1f	 x19:0xfffffff3  x5=0x00000001
     210505.000 ns	     21049	800043b4	036630b3	mulhu	x1,x12,x22	 x12:0x00000040 x22:0x001a9400  x1=0x00000000
     210535.000 ns	     21052	800043b8	037182b3	mul	x5,x3,x23	  x3:0x00000011 x23:0x00000010  x5=0x00000110
     210565.000 ns	     21055	800043bc	c00873d3	fcvt.w.s	x7,f16	 f16:0x00000000  x7=0x00000000
     210585.000 ns	     21057	800043c0	01f82b33	slt	x22,x16,x31	 x16:0x00000000 x31:0x80040fe4 x22=0x00000000
     210605.000 ns	     21059	800043c4	a1a18053	fle.s	x0,f3,f26	  f3:0x00000000 f26:0x4efff7d6
     210625.000 ns	     21061	800043c8	00a2d793	srli	x15,x5,0xa	  x5:0x00000110 x15=0x00000000
     210645.000 ns	     21063	800043cc	f0030cd3	fmv.w.x	f25,x6	  x6:0xfffffff3 f25=0xfffffff3
     210665.000 ns	     21065	800043d0	00a0f3b3	and	x7,x1,x10	  x1:0x00000000 x10:0xc1e296ff  x7=0x00000000
     210675.000 ns	     21066	800043d4	4b537113	andi	x2,x6,1205	  x6:0xfffffff3  x2=0x000004b1
     210685.000 ns	     21067	800043d8	014cf833	and	x16,x25,x20	 x25:0x00000000 x20:0xffffffff x16=0x00000000
     210705.000 ns	     21069	800043dc	0272ca33	div	x20,x5,x7	  x5:0x00000110  x7:0x00000000 x20=0xffffffff
     210725.000 ns	     21071	800043e0	00000013	addi	x0,x0,0	  x0:0x00000000
     210745.000 ns	     21073	800043e4	a0dc15d3	flt.s	x11,f24,f13	 f24:0x3e8df4bc f13:0xc4000000 x11=0x00000000
     210775.000 ns	     21076	800043e8	e0038853	fmv.x.w	x16,f7	  f7:0x00000000 x16=0x00000000
     210795.000 ns	     21078	800043ec	01d4bbb3	sltu	x23,x9,x29	  x9:0x80041024 x29:0x00000000 x23=0x00000000
     210835.000 ns	     21082	800043f0	00797dd3	fadd.s	f27,f18,f7	 f18:0xffc00000  f7:0x00000000 f27=0x7fc00000
     211205.000 ns	     21119	800043f4	02997433	remu	x8,x18,x9	 x18:0x00000010  x9:0x80041024  x8=0x00000010
     211235.000 ns	     21122	800043f8	036c8933	mul	x18,x25,x22	 x25:0x00000000 x22:0x00000000 x18=0x00000000
     211275.000 ns	     21126	800043fc	107192d3	fmul.s	f5,f3,f7	  f3:0x00000000  f7:0x00000000  f5=0x00000000
     211295.000 ns	     21128	80004400	7ac2c313	xori	x6,x5,1964	  x5:0x00000110  x6=0x000006bc
     211315.000 ns	     21130	80004404	032f77b3	remu	x15,x30,x18	 x30:0x00000000 x18:0x00000000 x15=0x00000000
     211345.000 ns	     21133	80004408	d00df253	fcvt.s.w	f4,x27	 x27:0x00000000  f4=0x00000000
     211365.000 ns	     21135	8000440c	015d3c33	sltu	x24,x26,x21	 x26:0xffffffff x21:0x00000000 x24=0x00000000
     211385.000 ns	     21137	80004410	207d2153	fsgnjx.s	f2,f26,f7	 f26:0x4efff7d6  f7:0x00000000  f2=0x4efff7d6
     211405.000 ns	     21139	80004414	a442bd13	sltiu	x26,x5,-1468	  x5:0x00000110 x26=0x00000001
     211425.000 ns	     21141	80004418	206490d3	fsgnjn.s	f1,f9,f6	  f9:0x00000000  f6:0x7fc00000  f1=0x80000000
     211445.000 ns	     21143	8000441c	41595c33	sra	x24,x18,x21	 x18:0x00000000 x21:0x00000000 x24=0x00000000
     211465.000 ns	     21145	80004420	21f69353	fsgnjn.s	f6,f13,f31	 f13:0xc4000000 f31:0x00000000  f6=0xc4000000
     211505.000 ns	     21149	80004424	10018b53	fmul.s	f22,f3,f0	  f3:0x00000000  f0:0x80040fe4 f22=0x80000000
     211525.000 ns	     21151	80004428	414789b3	sub	x19,x15,x20	 x15:0x00000000 x20:0xffffffff x19=0x00000001
     211535.000 ns	     21152	8000442c	01dc7cb3	and	x25,x24,x29	 x24:0x00000000 x29:0x00000000 x25=0x00000000
     211545.000 ns	     21153	80004430	146fe113	ori	x2,x31,326	 x31:0x80040fe4  x2=0x80040fe6
     211555.000 ns	     21154	80004434	002bc633	xor	x12,x23,x2	 x23:0x00000000  x2:0x000004b1 x12=0x80040fe6
     211575.000 ns	     21156	80004438	28d29153	fmax.s	f2,f5,f13	  f5:0x00000000 f13:0xc4000000  f2=0x00000000
     211595.000 ns	     21158	8000443c	01737cb3	and	x25,x6,x23	  x6:0x000006bc x23:0x00000000 x25=0x00000000
     211615.000 ns	     21160	80004440	c0172453	fcvt.wu.s	x8,f14	 f14:0xffc00000  x8=0xffffffff
     211635.000 ns	     21162	80004444	01c523b3	slt	x7,x10,x28	 x10:0xc1e296ff x28:0x00000000  x7=0x00000001
     211645.000 ns	     21163	80004448	bbb5f993	andi	x19,x11,-1093	 x11:0x00000000 x19=0x00000000
     211665.000 ns	     21165	8000444c	a18e1f53	flt.s	x30,f28,f24	 f28:0x4f7ffe33 f24:0x3e8df4bc x30=0x00000000
     211695.000 ns	     21168	80004450	20b528d3	fsgnjx.s	f17,f10,f11	 f10:0x41800000 f11:0x00000000 f17=0x41800000
     212065.000 ns	     21205	80004454	0341c9b3	div	x19,x3,x20	  x3:0x00000011 x20:0xffffffff x19=0xffffffef
     212095.000 ns	     21208	80004458	02661333	mulh	x6,x12,x6	 x12:0x80040fe6  x6:0x000006bc  x6=0xfffffca2
     212125.000 ns	     21211	8000445c	023ab1b3	mulhu	x3,x21,x3	 x21:0x00000000  x3:0x00000011  x3=0x00000000
     213305.000 ns	     21329	80004460	58041153	fsqrt.s	f2,f8	  f8:0x00000011  f2=0x1f35049a
     213345.000 ns	     21333	80004464	197022d3	fdiv.s	f5,f0,f23	  f0:0x80040fe4 f23:0x7fc00000  f5=0x7fc00000
     213365.000 ns	     21335	80004468	00000013	addi	x0,x0,0	  x0:0x00000000
     213385.000 ns	     21337	8000446c	c0137953	fcvt.wu.s	x18,f6	  f6:0xc4000000 x18=0x00000200
     213435.000 ns	     21342	80004470	00f17753	fadd.s	f14,f2,f15	  f2:0x1f35049a f15:0x00000000 f14=0x1f35049a
     213465.000 ns	     21345	80004474	a0da1353	flt.s	x6,f20,f13	 f20:0x00000000 f13:0xc4000000  x6=0x00000000
     213495.000 ns	     21348	80004478	d01c70d3	fcvt.s.wu	f1,x24	 x24:0x00000000  f1=0x00000000
     213515.000 ns	     21350	8000447c	019ee8b3	or	x17,x29,x25	 x29:0x00000000 x25:0x00000000 x17=0x00000000
     213525.000 ns	     21351	80004480	00867433	and	x8,x12,x8	 x12:0x80040fe6  x8:0xffffffff  x8=0x80040fe6
     213535.000 ns	     21352	80004484	40ddd0b3	sra	x1,x27,x13	 x27:0x00000000 x13:0xfffe3340  x1=0x00000000
     213565.000 ns	     21355	80004488	1841b653	fdiv.s	f12,f3,f4	  f3:0x00000000  f4:0x00000000 f12=0x7fc00000
     213595.000 ns	     21358	8000448c	e0089ad3	fclass.s	x21,f17	 f17:0x41800000 x21=0x00000040
     213625.000 ns	     21361	80004490	02e74433	div	x8,x14,x14	 x14:0x00000000 x14:0x00000000  x8=0xffffffff
     213645.000 ns	     21363	80004494	0038e133	or	x2,x17,x3	 x17:0x00000000  x3:0x00000000  x2=0x00000000
     213665.000 ns	     21365	80004498	a0391653	flt.s	x12,f18,f3	 f18:0xffc00000  f3:0x00000000 x12=0x00000000
     213685.000 ns	     21367	8000449c	4517b893	sltiu	x17,x15,1105	 x15:0x00000000 x17=0x00000001
     213725.000 ns	     21371	800044a0	08e60453	fsub.s	f8,f12,f14	 f12:0x7fc00000 f14:0x1f35049a  f8=0x7fc00000
     213745.000 ns	     21373	800044a4	ed143c13	sltiu	x24,x8,-303	  x8:0xffffffff x24=0x00000000
     214105.000 ns	     21409	800044a8	028d6d33	rem	x26,x26,x8	 x26:0x00000001  x8:0xffffffff x26=0x00000000
     214135.000 ns	     21412	800044ac	28231353	fmax.s	f6,f6,f2	  f6:0xc4000000  f2:0x1f35049a  f6=0x1f35049a
     214505.000 ns	     21449	800044b0	03f86eb3	rem	x29,x16,x31	 x16:0x00000000 x31:0x80040fe4 x29=0x00000000
     214535.000 ns	     21452	800044b4	c01da6d3	fcvt.wu.s	x13,f27	 f27:0x7fc00000 x13=0xffffffff
     214565.000 ns	     21455	800044b8	29d30cd3	fmin.s	f25,f6,f29	  f6:0x1f35049a f29:0xa6ffe000 f25=0xa6ffe000
     214585.000 ns	     21457	800044bc	abc7c813	xori	x16,x15,-1348	 x15:0x00000000 x16=0xfffffabc
     214605.000 ns	     21459	800044c0	02e2fcb3	remu	x25,x5,x14	  x5:0x00000110 x14:0x00000000 x25=0x00000110
     214635.000 ns	     21462	800044c4	c003cdd3	fcvt.w.s	x27,f7	  f7:0x00000000 x27=0x00000000
     214655.000 ns	     21464	800044c8	00eed893	srli	x17,x29,0xe	 x29:0x00000000 x17=0x00000000
     214695.000 ns	     21468	800044cc	09edf753	fsub.s	f14,f27,f30	 f27:0x7fc00000 f30:0x7fc00000 f14=0x7fc00000
     214715.000 ns	     21470	800044d0	00000013	addi	x0,x0,0	  x0:0x00000000
     214735.000 ns	     21472	800044d4	e0071153	fclass.s	x2,f14	 f14:0x7fc00000  x2=0x00000200
     214755.000 ns	     21474	800044d8	9df58e13	addi	x28,x11,-1569	 x11:0x00000000 x28=0xfffff9df
     214765.000 ns	     21475	800044dc	015fdf33	srl	x30,x31,x21	 x31:0x80040fe4 x21:0x00000040 x30=0x80040fe4
     214775.000 ns	     21476	800044e0	0146e9b3	or	x19,x13,x20	 x13:0xffffffff x20:0xffffffff x19=0xffffffff
     214795.000 ns	     21478	800044e4	a13720d3	feq.s	x1,f14,f19	 f14:0x7fc00000 f19:0xc495a000  x1=0x00000000
     214825.000 ns	     21481	800044e8	f0000d53	fmv.w.x	f26,x0	  x0:0x00000000 f26=0x00000000
     214855.000 ns	     21484	800044ec	034232b3	mulhu	x5,x4,x20	  x4:0x5790f254 x20:0xffffffff  x5=0x5790f253
     214885.000 ns	     21487	800044f0	03debb33	mulhu	x22,x29,x29	 x29:0x00000000 x29:0x00000000 x22=0x00000000
     214915.000 ns	     21490	800044f4	21970953	fsgnj.s	f18,f14,f25	 f14:0x7fc00000 f25:0xa6ffe000 f18=0xffc00000
     214935.000 ns	     21492	800044f8	758b6937	lui	x18,0x758b6	 x18=0x758b6000
     215295.000 ns	     21528	800044fc	032352b3	divu	x5,x6,x18	  x6:0x00000000 x18:0x00000200  x5=0x00000000
     215315.000 ns	     21530	80004500	0125e5b3	or	x11,x11,x18	 x11:0x00000000 x18:0x00000200 x11=0x758b6000
     215335.000 ns	     21532	80004504	e00d90d3	fclass.s	x1,f27	 f27:0x7fc00000  x1=0x00000200
     215365.000 ns	     21535	80004508	28541f53	fmax.s	f30,f8,f5	  f8:0x7fc00000  f5:0x7fc00000 f30=0x7fc00000
     215395.000 ns	     21538	8000450c	e0098953	fmv.x.w	x18,f19	 f19:0xc495a000 x18=0xc495a000
     215415.000 ns	     21540	80004510	d272b3b7	lui	x7,0xd272b	  x7=0xd272b000
     215435.000 ns	     21542	80004514	d0087253	fcvt.s.w	f4,x16	 x16:0xfffffabc  f4=0xc4a88000
     215455.000 ns	     21544	80004518	40e68933	sub	x18,x13,x14	 x13:0xffffffff x14:0x00000000 x18=0xffffffff
     215475.000 ns	     21546	8000451c	28e69953	fmax.s	f18,f13,f14	 f13:0xc4000000 f14:0x7fc00000 f18=0xc4000000
     215495.000 ns	     21548	80004520	401f08b3	sub	x17,x30,x1	 x30:0x80040fe4  x1:0x00000200 x17=0x80040de4
     215505.000 ns	     21549	80004524	cdb26593	ori	x11,x4,-805	  x4:0x5790f254 x11=0xfffffedf
     215535.000 ns	     21552	80004528	19d0ce53	fdiv.s	f28,f1,f29	  f1:0x00000000 f29:0xa6ffe000 f28=0x80000000
     215565.000 ns	     21555	8000452c	d00dfe53	fcvt.s.w	f28,x27	 x27:0x00000000 f28=0x00000000
     215595.000 ns	     21558	80004530	03645c33	divu	x24,x8,x22	  x8:0xffffffff x22:0x00000000 x24=0xffffffff
     215615.000 ns	     21560	80004534	406f02b3	sub	x5,x30,x6	 x30:0x80040fe4  x6:0x00000000  x5=0x80040fe4
     215625.000 ns	     21561	80004538	00bb33b3	sltu	x7,x22,x11	 x22:0x00000000 x11:0xfffffedf  x7=0x00000001
     215635.000 ns	     21562	8000453c	41338eb3	sub	x29,x7,x19	  x7:0xd272b000 x19:0xffffffff x29=0x00000002
     215645.000 ns	     21563	80004540	01d939b3	sltu	x19,x18,x29	 x18:0xffffffff x29:0x00000000 x19=0x00000000
     215665.000 ns	     21565	80004544	a09c9053	flt.s	x0,f25,f9	 f25:0xa6ffe000  f9:0x00000000
     215685.000 ns	     21567	80004548	a0123f13	sltiu	x30,x4,-1535	  x4:0x5790f254 x30=0x00000001
     215705.000 ns	     21569	8000454c	0208d833	divu	x16,x17,x0	 x17:0x80040de4  x0:0x00000000 x16=0xffffffff
     215735.000 ns	     21572	80004550	209b89d3	fsgnj.s	f19,f23,f9	 f23:0x7fc00000  f9:0x00000000 f19=0x7fc00000
     215765.000 ns	     21575	80004554	031a30b3	mulhu	x1,x20,x17	 x20:0xffffffff x17:0x80040de4  x1=0x80040de3
     215785.000 ns	     21577	80004558	38c86613	ori	x12,x16,908	 x16:0xffffffff x12=0xffffffff
     215795.000 ns	     21578	8000455c	00f3cab3	xor	x21,x7,x15	  x7:0x00000001 x15:0x00000000 x21=0x00000001
     215815.000 ns	     21580	80004560	036ac1b3	div	x3,x21,x22	 x21:0x00000040 x22:0x00000000  x3=0xffffffff
     216185.000 ns	     21617	80004564	03dae733	rem	x14,x21,x29	 x21:0x00000040 x29:0x00000002 x14=0x00000001
     216215.000 ns	     21620	80004568	a136a653	feq.s	x12,f13,f19	 f13:0xc4000000 f19:0x7fc00000 x12=0x00000000
     216235.000 ns	     21622	8000456c	4093d593	srai	x11,x7,0x9	  x7:0x00000001 x11=0x00000000
     216255.000 ns	     21624	80004570	a1e5aad3	feq.s	x21,f11,f30	 f11:0x00000000 f30:0x7fc00000 x21=0x00000000
     216285.000 ns	     21627	80004574	02668a33	mul	x20,x13,x6	 x13:0xffffffff  x6:0x00000000 x20=0x00000000
     216325.000 ns	     21631	80004578	11dcf353	fmul.s	f6,f25,f29	 f25:0xa6ffe000 f29:0xa6ffe000  f6=0x0e7fc004
     216695.000 ns	     21668	8000457c	0309c7b3	div	x15,x19,x16	 x19:0x00000000 x16:0xffffffff x15=0x00000000
     216715.000 ns	     21670	80004580	006fb633	sltu	x12,x31,x6	 x31:0x80040fe4  x6:0x00000000 x12=0x00000000
     216735.000 ns	     21672	80004584	02f853b3	divu	x7,x16,x15	 x16:0xffffffff x15:0x00000000  x7=0xffffffff
     216755.000 ns	     21674	80004588	01c6c3b3	xor	x7,x13,x28	 x13:0xffffffff x28:0xfffff9df  x7=0x00000620
     216765.000 ns	     21675	8000458c	01d725b3	slt	x11,x14,x29	 x14:0x00000001 x29:0x00000002 x11=0x00000001
     216805.000 ns	     21679	80004590	00e37ed3	fadd.s	f29,f6,f14	  f6:0x0e7fc004 f14:0x7fc00000 f29=0x7fc00000
     216835.000 ns	     21682	80004594	f0070053	fmv.w.x	f0,x14	 x14:0x00000001  f0=0x00000001
     216855.000 ns	     21684	80004598	01e71033	sll	x0,x14,x30	 x14:0x00000001 x30:0x00000001
     216875.000 ns	     21686	8000459c	a1e306d3	fle.s	x13,f6,f30	  f6:0x0e7fc004 f30:0x7fc00000 x13=0x00000000
     216915.000 ns	     21690	800045a0	118a7e53	fmul.s	f28,f20,f24	 f20:0x00000000 f24:0x3e8df4bc f28=0x00000000
     216935.000 ns	     21692	800045a4	a08ae393	ori	x7,x21,-1528	 x21:0x00000000  x7=0xfffffa08
     216955.000 ns	     21694	800045a8	03c836b3	mulhu	x13,x16,x28	 x16:0xffffffff x28:0xfffff9df x13=0xfffff9de
     216985.000 ns	     21697	800045ac	c013fad3	fcvt.wu.s	x21,f7	  f7:0x00000000 x21=0x00000000
     217025.000 ns	     21701	800045b0	189bb053	fdiv.s	f0,f23,f9	 f23:0x7fc00000  f9:0x00000000  f0=0x7fc00000
     217055.000 ns	     21704	800045b4	28b819d3	fmax.s	f19,f16,f11	 f16:0x00000000 f11:0x00000000 f19=0x00000000
     217085.000 ns	     21707	800045b8	e0059a53	fclass.s	x20,f11	 f11:0x00000000 x20=0x00000010
     217115.000 ns	     21710	800045bc	02f7d033	divu	x0,x15,x15	 x15:0x00000000 x15:0x00000000
     217135.000 ns	     21712	800045c0	7b462213	slti	x4,x12,1972	 x12:0x00000000  x4=0x00000001
     217145.000 ns	     21713	800045c4	41310333	sub	x6,x2,x19	  x2:0x00000200 x19:0x00000000  x6=0x00000200
     217155.000 ns	     21714	800045c8	7fbae9b7	lui	x19,0x7fbae	 x19=0x7fbae000
     217165.000 ns	     21715	800045cc	4189d593	srai	x11,x19,0x18	 x19:0x00000000 x11=0x0000007f
     217185.000 ns	     21717	800045d0	e00e9653	fclass.s	x12,f29	 f29:0x7fc00000 x12=0x00000200
     217205.000 ns	     21719	800045d4	00000013	addi	x0,x0,0	  x0:0x00000000
     217235.000 ns	     21722	800045d8	1867f7d3	fdiv.s	f15,f15,f6	 f15:0x00000000  f6:0x0e7fc004 f15=0x00000000
     217255.000 ns	     21724	800045dc	0089acb3	slt	x25,x19,x8	 x19:0x7fbae000  x8:0xffffffff x25=0x00000000
     217275.000 ns	     21726	800045e0	02530c33	mul	x24,x6,x5	  x6:0x00000200  x5:0x80040fe4 x24=0x081fc800
     217305.000 ns	     21729	800045e4	20f088d3	fsgnj.s	f17,f1,f15	  f1:0x00000000 f15:0x00000000 f17=0x00000000
     217345.000 ns	     21733	800045e8	193216d3	fdiv.s	f13,f4,f19	  f4:0xc4a88000 f19:0x00000000 f13=0xff800000
     217365.000 ns	     21735	800045ec	96f50693	addi	x13,x10,-1681	 x10:0xc1e296ff x13=0xc1e2906e
     217385.000 ns	     21737	800045f0	216e9ed3	fsgnjn.s	f29,f29,f22	 f29:0x7fc00000 f22:0x80000000 f29=0x7fc00000
     217415.000 ns	     21740	800045f4	03f9a133	mulhsu	x2,x19,x31	 x19:0x7fbae000 x31:0x80040fe4  x2=0x3fdf76d9
     217445.000 ns	     21743	800045f8	c01c12d3	fcvt.wu.s	x5,f24	 f24:0x3e8df4bc  x5=0x00000000
     217475.000 ns	     21746	800045fc	21b79fd3	fsgnjn.s	f31,f15,f27	 f15:0x00000000 f27:0x7fc00000 f31=0x80000000
     217515.000 ns	     21750	80004600	18b28953	fdiv.s	f18,f5,f11	  f5:0x7fc00000 f11:0x00000000 f18=0x7fc00000
     217885.000 ns	     21787	80004604	03806d33	rem	x26,x0,x24	  x0:0x00000000 x24:0x081fc800 x26=0x00000000
     217905.000 ns	     21789	80004608	419dd133	sra	x2,x27,x25	 x27:0x00000000 x25:0x00000000  x2=0x00000000
     217925.000 ns	     21791	8000460c	c01d7ed3	fcvt.wu.s	x29,f26	 f26:0x00000000 x29=0x00000000
     217945.000 ns	     21793	80004610	40d78133	sub	x2,x15,x13	 x15:0x00000000 x13:0xc1e2906e  x2=0x3e1d6f92
     217975.000 ns	     21796	80004614	1948f853	fdiv.s	f16,f17,f20	 f17:0x00000000 f20:0x00000000 f16=0x7fc00000
     217995.000 ns	     21798	80004618	3391d3b7	lui	x7,0x3391d	  x7=0x3391d000
     218005.000 ns	     21799	8000461c	00761093	slli	x1,x12,0x7	 x12:0x00000200  x1=0x00010000
     218015.000 ns	     21800	80004620	017a81b3	add	x3,x21,x23	 x21:0x00000000 x23:0x00000000  x3=0x00000000
     218025.000 ns	     21801	80004624	00c259b3	srl	x19,x4,x12	  x4:0x00000001 x12:0x00000200 x19=0x00000001
     218045.000 ns	     21803	80004628	a0ae9bd3	flt.s	x23,f29,f10	 f29:0x7fc00000 f10:0x41800000 x23=0x00000000
     218075.000 ns	     21806	8000462c	a0042f53	feq.s	x30,f8,f0	  f8:0x7fc00000  f0:0x7fc00000 x30=0x00000000
     218105.000 ns	     21809	80004630	03793eb3	mulhu	x29,x18,x23	 x18:0xffffffff x23:0x00000000 x29=0x00000000
     218135.000 ns	     21812	80004634	28cc1e53	fmax.s	f28,f24,f12	 f24:0x3e8df4bc f12:0x7fc00000 f28=0x3e8df4bc
     218165.000 ns	     21815	80004638	a0f88f53	fle.s	x30,f17,f15	 f17:0x00000000 f15:0x00000000 x30=0x00000001
     218185.000 ns	     21817	8000463c	44f72f13	slti	x30,x14,1103	 x14:0x00000001 x30=0x00000001
     218195.000 ns	     21818	80004640	00000013	addi	x0,x0,0	  x0:0x00000000
     218205.000 ns	     21819	80004644	00000013	addi	x0,x0,0	  x0:0x00000000
     218225.000 ns	     21821	80004648	c0021453	fcvt.w.s	x8,f4	  f4:0xc4a88000  x8=0xfffffabc
     218255.000 ns	     21824	8000464c	28618d53	fmin.s	f26,f3,f6	  f3:0x00000000  f6:0x0e7fc004 f26=0x00000000
     218285.000 ns	     21827	80004650	d0013253	fcvt.s.w	f4,x2	  x2:0x3e1d6f92  f4=0x4e7875bf
     218305.000 ns	     21829	80004654	a90eaa13	slti	x20,x29,-1392	 x29:0x00000000 x20=0x00000000
     218335.000 ns	     21832	80004658	11ab27d3	fmul.s	f15,f22,f26	 f22:0x80000000 f26:0x00000000 f15=0x80000000
     218365.000 ns	     21835	8000465c	a0340953	fle.s	x18,f8,f3	  f8:0x7fc00000  f3:0x00000000 x18=0x00000000
     218735.000 ns	     21872	80004660	02e8ccb3	div	x25,x17,x14	 x17:0x80040de4 x14:0x00000001 x25=0x80040de4
     218755.000 ns	     21874	80004664	01199b93	slli	x23,x19,0x11	 x19:0x00000001 x23=0x00020000
     218785.000 ns	     21877	80004668	105b23d3	fmul.s	f7,f22,f5	 f22:0x80000000  f5:0x7fc00000  f7=0x7fc00000
     218815.000 ns	     21880	8000466c	29140bd3	fmin.s	f23,f8,f17	  f8:0x7fc00000 f17:0x00000000 f23=0x00000000
     218835.000 ns	     21882	80004670	410f5f33	sra	x30,x30,x16	 x30:0x00000001 x16:0xffffffff x30=0x00000000
     218855.000 ns	     21884	80004674	218fad53	fsgnjx.s	f26,f31,f24	 f31:0x80000000 f24:0x3e8df4bc f26=0x80000000
     218885.000 ns	     21887	80004678	c00bff53	fcvt.w.s	x30,f23	 f23:0x00000000 x30=0x00000000
     218915.000 ns	     21890	8000467c	a0b79bd3	flt.s	x23,f15,f11	 f15:0x80000000 f11:0x00000000 x23=0x00000000
     218945.000 ns	     21893	80004680	200121d3	fsgnjx.s	f3,f2,f0	  f2:0x1f35049a  f0:0x7fc00000  f3=0x1f35049a
     218965.000 ns	     21895	80004684	e691a393	slti	x7,x3,-407	  x3:0x00000000  x7=0x00000000
     218975.000 ns	     21896	80004688	7b664c17	auipc	x24,0x7b664	 x24=0xfb668688
     219015.000 ns	     21900	8000468c	00cfb853	fadd.s	f16,f31,f12	 f31:0x80000000 f12:0x7fc00000 f16=0x7fc00000
     219035.000 ns	     21902	80004690	016d9b13	slli	x22,x27,0x16	 x27:0x00000000 x22=0x00000000
     219395.000 ns	     21938	80004694	021172b3	remu	x5,x2,x1	  x2:0x3e1d6f92  x1:0x00010000  x5=0x00006f92
     219425.000 ns	     21941	80004698	0324af33	mulhsu	x30,x9,x18	  x9:0x80041024 x18:0x00000000 x30=0x00000000
     219455.000 ns	     21944	8000469c	035f46b3	div	x13,x30,x21	 x30:0x00000000 x21:0x00000000 x13=0xffffffff
     219475.000 ns	     21946	800046a0	008d1a33	sll	x20,x26,x8	 x26:0x00000000  x8:0xfffffabc x20=0x00000000
     219485.000 ns	     21947	800046a4	00c71193	slli	x3,x14,0xc	 x14:0x00000001  x3=0x00001000
     219505.000 ns	     21949	800046a8	a1f31b53	flt.s	x22,f6,f31	  f6:0x0e7fc004 f31:0x80000000 x22=0x00000000
     219525.000 ns	     21951	800046ac	00a06933	or	x18,x0,x10	  x0:0x00000000 x10:0xc1e296ff x18=0xc1e296ff
     219535.000 ns	     21952	800046b0	00f7d8b3	srl	x17,x15,x15	 x15:0x00000000 x15:0x00000000 x17=0x00000000
     219555.000 ns	     21954	800046b4	021f3233	mulhu	x4,x30,x1	 x30:0x00000000  x1:0x00010000  x4=0x00000000
     219585.000 ns	     21957	800046b8	a1c386d3	fle.s	x13,f7,f28	  f7:0x7fc00000 f28:0x3e8df4bc x13=0x00000000
     219615.000 ns	     21960	800046bc	a1d7ae53	feq.s	x28,f15,f29	 f15:0x80000000 f29:0x7fc00000 x28=0x00000000
     219645.000 ns	     21963	800046c0	d0001853	fcvt.s.w	f16,x0	  x0:0x00000000 f16=0x00000000
     219665.000 ns	     21965	800046c4	016759b3	srl	x19,x14,x22	 x14:0x00000001 x22:0x00000000 x19=0x00000001
     219675.000 ns	     21966	800046c8	de906693	ori	x13,x0,-535	  x0:0x00000000 x13=0xfffffde9
     219695.000 ns	     21968	800046cc	a0caa9d3	feq.s	x19,f21,f12	 f21:0x00000000 f12:0x7fc00000 x19=0x00000000
     219715.000 ns	     21970	800046d0	402d5ab3	sra	x21,x26,x2	 x26:0x00000000  x2:0x3e1d6f92 x21=0x00000000
     219735.000 ns	     21972	800046d4	c01c0653	fcvt.wu.s	x12,f24	 f24:0x3e8df4bc x12=0x00000000
     219765.000 ns	     21975	800046d8	035f95b3	mulh	x11,x31,x21	 x31:0x80040fe4 x21:0x00000000 x11=0x00000000
     219795.000 ns	     21978	800046dc	c0182253	fcvt.wu.s	x4,f16	 f16:0x00000000  x4=0x00000000
     219825.000 ns	     21981	800046e0	21991a53	fsgnjn.s	f20,f18,f25	 f18:0x7fc00000 f25:0xa6ffe000 f20=0x7fc00000
     219845.000 ns	     21983	800046e4	0d2ca613	slti	x12,x25,210	 x25:0x80040de4 x12=0x00000001
     219865.000 ns	     21985	800046e8	d01ef553	fcvt.s.wu	f10,x29	 x29:0x00000000 f10=0x00000000
     219885.000 ns	     21987	800046ec	c6dc79b7	lui	x19,0xc6dc7	 x19=0xc6dc7000
     219895.000 ns	     21988	800046f0	0085a833	slt	x16,x11,x8	 x11:0x00000000  x8:0xfffffabc x16=0x00000000
     219905.000 ns	     21989	800046f4	ca6ef993	andi	x19,x29,-858	 x29:0x00000000 x19=0x00000000
     219915.000 ns	     21990	800046f8	01074a33	xor	x20,x14,x16	 x14:0x00000001 x16:0xffffffff x20=0x00000001
     219935.000 ns	     21992	800046fc	033b8ab3	mul	x21,x23,x19	 x23:0x00000000 x19:0xc6dc7000 x21=0x00000000
     219955.000 ns	     21994	80004700	d64832b7	lui	x5,0xd6483	  x5=0xd6483000
     219965.000 ns	     21995	80004704	00260a33	add	x20,x12,x2	 x12:0x00000001  x2:0x3e1d6f92 x20=0x3e1d6f93
     219975.000 ns	     21996	80004708	13394797	auipc	x15,0x13394	 x15=0x93398708
     219985.000 ns	     21997	8000470c	acf7b613	sltiu	x12,x15,-1329	 x15:0x00000000 x12=0x00000001
     220015.000 ns	     22000	80004710	1156f753	fmul.s	f14,f13,f21	 f13:0xff800000 f21:0x00000000 f14=0x7fc00000
     220035.000 ns	     22002	80004714	7ba9d5b7	lui	x11,0x7ba9d	 x11=0x7ba9d000
     220065.000 ns	     22005	80004718	185d8753	fdiv.s	f14,f27,f5	 f27:0x7fc00000  f5:0x7fc00000 f14=0x7fc00000
     220085.000 ns	     22007	8000471c	00ed02b3	add	x5,x26,x14	 x26:0x00000000 x14:0x00000001  x5=0x00000001
     220095.000 ns	     22008	80004720	0a79f293	andi	x5,x19,167	 x19:0x00000000  x5=0x00000000
     220115.000 ns	     22010	80004724	d00b2cd3	fcvt.s.w	f25,x22	 x22:0x00000000 f25=0x00000000
     220155.000 ns	     22014	80004728	580df653	fsqrt.s	f12,f27	 f27:0x7fc00000 f12=0x7fc00000
     220185.000 ns	     22017	8000472c	035f75b3	remu	x11,x30,x21	 x30:0x00000000 x21:0x00000000 x11=0x00000000
     220215.000 ns	     22020	80004730	d01e45d3	fcvt.s.wu	f11,x28	 x28:0x00000000 f11=0x00000000
     220245.000 ns	     22023	80004734	a1c10b53	fle.s	x22,f2,f28	  f2:0x1f35049a f28:0x3e8df4bc x22=0x00000001
     220265.000 ns	     22025	80004738	01c2d213	srli	x4,x5,0x1c	  x5:0x00000000  x4=0x00000000
     220285.000 ns	     22027	8000473c	21b21f53	fsgnjn.s	f30,f4,f27	  f4:0x4e7875bf f27:0x7fc00000 f30=0xce7875bf
     220305.000 ns	     22029	80004740	407cdb13	srai	x22,x25,0x7	 x25:0x80040de4 x22=0xff00081b
     220315.000 ns	     22030	80004744	97d1ad93	slti	x27,x3,-1667	  x3:0x00001000 x27=0x00000000
     220345.000 ns	     22033	80004748	5804b053	fsqrt.s	f0,f9	  f9:0x00000000  f0=0x00000000
     220365.000 ns	     22035	8000474c	41220f33	sub	x30,x4,x18	  x4:0x00000000 x18:0xc1e296ff x30=0x3e1d6901
     220405.000 ns	     22039	80004750	018d7bd3	fadd.s	f23,f26,f24	 f26:0x80000000 f24:0x3e8df4bc f23=0x3e8df4bc
     220425.000 ns	     22041	80004754	c1984393	xori	x7,x16,-999	 x16:0x00000000  x7=0xfffffc19
     220435.000 ns	     22042	80004758	1b1cfe13	andi	x28,x25,433	 x25:0x80040de4 x28=0x000001a0
     220445.000 ns	     22043	8000475c	00bd1c33	sll	x24,x26,x11	 x26:0x00000000 x11:0x00000000 x24=0x00000000
     220455.000 ns	     22044	80004760	15d13913	sltiu	x18,x2,349	  x2:0x3e1d6f92 x18=0x00000000
     220465.000 ns	     22045	80004764	81d74717	auipc	x14,0x81d74	 x14=0x01d78764
     220485.000 ns	     22047	80004768	f00504d3	fmv.w.x	f9,x10	 x10:0xc1e296ff  f9=0xc1e296ff
     220505.000 ns	     22049	8000476c	016a9b93	slli	x23,x21,0x16	 x21:0x00000000 x23=0x00000000
     220515.000 ns	     22050	80004770	00d8c433	xor	x8,x17,x13	 x17:0x00000000 x13:0xfffffde9  x8=0xfffffde9
     220535.000 ns	     22052	80004774	28ee88d3	fmin.s	f17,f29,f14	 f29:0x7fc00000 f14:0x7fc00000 f17=0x7fc00000
     220565.000 ns	     22055	80004778	c00f11d3	fcvt.w.s	x3,f30	 f30:0xce7875bf  x3=0xc1e29040
     220935.000 ns	     22092	8000477c	03f5d333	divu	x6,x11,x31	 x11:0x00000000 x31:0x80040fe4  x6=0x00000000
     220955.000 ns	     22094	80004780	01355db3	srl	x27,x10,x19	 x10:0xc1e296ff x19:0x00000000 x27=0xc1e296ff
     220965.000 ns	     22095	80004784	019b2833	slt	x16,x22,x25	 x22:0xff00081b x25:0x80040de4 x16=0x00000000
     220985.000 ns	     22097	80004788	21f7aa53	fsgnjx.s	f20,f15,f31	 f15:0x80000000 f31:0x80000000 f20=0x00000000
     221005.000 ns	     22099	8000478c	01feae33	slt	x28,x29,x31	 x29:0x00000000 x31:0x80040fe4 x28=0x00000000
     221015.000 ns	     22100	80004790	0045ba33	sltu	x20,x11,x4	 x11:0x00000000  x4:0x00000000 x20=0x00000000
     221025.000 ns	     22101	80004794	00f4dd13	srli	x26,x9,0xf	  x9:0x80041024 x26=0x00010008
     221035.000 ns	     22102	80004798	01340ab3	add	x21,x8,x19	  x8:0xfffffde9 x19:0x00000000 x21=0xfffffde9
     221055.000 ns	     22104	8000479c	a19d0e53	fle.s	x28,f26,f25	 f26:0x80000000 f25:0x00000000 x28=0x00000001
     221075.000 ns	     22106	800047a0	7636cc13	xori	x24,x13,1891	 x13:0xfffffde9 x24=0xfffffa8a
     221095.000 ns	     22108	800047a4	d00b7153	fcvt.s.w	f2,x22	 x22:0xff00081b  f2=0xcb7ff7e5
     221115.000 ns	     22110	800047a8	0081dd93	srli	x27,x3,0x8	  x3:0xc1e29040 x27=0x00c1e290
     221145.000 ns	     22113	800047ac	19a1f8d3	fdiv.s	f17,f3,f26	  f3:0x1f35049a f26:0x80000000 f17=0xff800000
     221175.000 ns	     22116	800047b0	e00319d3	fclass.s	x19,f6	  f6:0x0e7fc004 x19=0x00000040
     221195.000 ns	     22118	800047b4	0a28a697	auipc	x13,0xa28a	 x13=0x8a28e7b4
     221205.000 ns	     22119	800047b8	00000013	addi	x0,x0,0	  x0:0x00000000
     221235.000 ns	     22122	800047bc	18c07353	fdiv.s	f6,f0,f12	  f0:0x00000000 f12:0x7fc00000  f6=0x7fc00000
     221255.000 ns	     22124	800047c0	012bfcb3	and	x25,x23,x18	 x23:0x00000000 x18:0x00000000 x25=0x00000000
     221275.000 ns	     22126	800047c4	a1e991d3	flt.s	x3,f19,f30	 f19:0x00000000 f30:0xce7875bf  x3=0x00000000
     221305.000 ns	     22129	800047c8	e00100d3	fmv.x.w	x1,f2	  f2:0xcb7ff7e5  x1=0xcb7ff7e5
     221325.000 ns	     22131	800047cc	01d7a133	slt	x2,x15,x29	 x15:0x93398708 x29:0x00000000  x2=0x00000001
     221685.000 ns	     22167	800047d0	02e6edb3	rem	x27,x13,x14	 x13:0x8a28e7b4 x14:0x01d78764 x27=0xfe333950
     221705.000 ns	     22169	800047d4	b7ad8693	addi	x13,x27,-1158	 x27:0x00c1e290 x13=0xfe3334ca
     221715.000 ns	     22170	800047d8	9aa00417	auipc	x8,0x9aa00	  x8=0x1aa047d8
     221735.000 ns	     22172	800047dc	03097333	remu	x6,x18,x16	 x18:0x00000000 x16:0x00000000  x6=0x00000000
     221755.000 ns	     22174	800047e0	4e2d7337	lui	x6,0x4e2d7	  x6=0x4e2d7000
     221775.000 ns	     22176	800047e4	02fa9bb3	mulh	x23,x21,x15	 x21:0xfffffde9 x15:0x93398708 x23=0x000000e3
     221805.000 ns	     22179	800047e8	02e4a433	mulhsu	x8,x9,x14	  x9:0x80041024 x14:0x01d78764  x8=0xff1443c9
     221825.000 ns	     22181	800047ec	77f16d13	ori	x26,x2,1919	  x2:0x00000001 x26=0x0000077f
     221835.000 ns	     22182	800047f0	01e876b3	and	x13,x16,x30	 x16:0x00000000 x30:0x3e1d6901 x13=0x00000000
     221845.000 ns	     22183	800047f4	01055db3	srl	x27,x10,x16	 x10:0xc1e296ff x16:0x00000000 x27=0xc1e296ff
     221855.000 ns	     22184	800047f8	0077c133	xor	x2,x15,x7	 x15:0x93398708  x7:0xfffffc19  x2=0x6cc67b11
     221875.000 ns	     22186	800047fc	03e73eb3	mulhu	x29,x14,x30	 x14:0x01d78764 x30:0x3e1d6901 x29=0x007268f5
     221895.000 ns	     22188	80004800	f2148c93	addi	x25,x9,-223	  x9:0x80041024 x25=0x80040f45
     221905.000 ns	     22189	80004804	f9006313	ori	x6,x0,-112	  x0:0x00000000  x6=0xffffff90
     221915.000 ns	     22190	80004808	82fbe713	ori	x14,x23,-2001	 x23:0x000000e3 x14=0xfffff8ef
     221925.000 ns	     22191	8000480c	40b6d913	srai	x18,x13,0xb	 x13:0x00000000 x18=0x00000000
     221955.000 ns	     22194	80004810	194d3ad3	fdiv.s	f21,f26,f20	 f26:0x80000000 f20:0x00000000 f21=0x7fc00000
     221985.000 ns	     22197	80004814	02b8c7b3	div	x15,x17,x11	 x17:0x00000000 x11:0x00000000 x15=0xffffffff
     222015.000 ns	     22200	80004818	a15c1b53	flt.s	x22,f24,f21	 f24:0x3e8df4bc f21:0x7fc00000 x22=0x00000000
     222045.000 ns	     22203	8000481c	e0051a53	fclass.s	x20,f10	 f10:0x00000000 x20=0x00000010
     222065.000 ns	     22205	80004820	89e28637	lui	x12,0x89e28	 x12=0x89e28000
     222075.000 ns	     22206	80004824	01f8e433	or	x8,x17,x31	 x17:0x00000000 x31:0x80040fe4  x8=0x80040fe4
     222085.000 ns	     22207	80004828	69a8b717	auipc	x14,0x69a8b	 x14=0xe9a8f828
     222095.000 ns	     22208	8000482c	01f30133	add	x2,x6,x31	  x6:0xffffff90 x31:0x80040fe4  x2=0x80040f74
     222455.000 ns	     22244	80004830	03305f33	divu	x30,x0,x19	  x0:0x00000000 x19:0x00000040 x30=0x00000000
     222825.000 ns	     22281	80004834	0380f8b3	remu	x17,x1,x24	  x1:0xcb7ff7e5 x24:0xfffffa8a x17=0xcb7ff7e5
     222855.000 ns	     22284	80004838	e0091ed3	fclass.s	x29,f18	 f18:0x7fc00000 x29=0x00000200
     222875.000 ns	     22286	8000483c	004b9193	slli	x3,x23,0x4	 x23:0x000000e3  x3=0x00000e30
     222885.000 ns	     22287	80004840	01f8f633	and	x12,x17,x31	 x17:0xcb7ff7e5 x31:0x80040fe4 x12=0x800407e4
     222895.000 ns	     22288	80004844	405d0733	sub	x14,x26,x5	 x26:0x0000077f  x5:0x00000000 x14=0x0000077f
     222915.000 ns	     22290	80004848	29758e53	fmin.s	f28,f11,f23	 f11:0x00000000 f23:0x3e8df4bc f28=0x00000000
     222935.000 ns	     22292	8000484c	400f58b3	sra	x17,x30,x0	 x30:0x00000000  x0:0x00000000 x17=0x00000000
     222945.000 ns	     22293	80004850	01731033	sll	x0,x6,x23	  x6:0xffffff90 x23:0x000000e3
     222955.000 ns	     22294	80004854	6844ee13	ori	x28,x9,1668	  x9:0x80041024 x28=0x800416a4
     222975.000 ns	     22296	80004858	29f70a53	fmin.s	f20,f14,f31	 f14:0x7fc00000 f31:0x80000000 f20=0x80000000
     222995.000 ns	     22298	8000485c	01ca06b3	add	x13,x20,x28	 x20:0x00000010 x28:0x00000001 x13=0x800416b4
     223015.000 ns	     22300	80004860	e0048c53	fmv.x.w	x24,f9	  f9:0xc1e296ff x24=0xc1e296ff
     223045.000 ns	     22303	80004864	025a8e33	mul	x28,x21,x5	 x21:0xfffffde9  x5:0x00000000 x28=0x00000000
     223075.000 ns	     22306	80004868	f0020253	fmv.w.x	f4,x4	  x4:0x00000000  f4=0x00000000
     223095.000 ns	     22308	8000486c	00000013	addi	x0,x0,0	  x0:0x00000000
     223115.000 ns	     22310	80004870	216c92d3	fsgnjn.s	f5,f25,f22	 f25:0x00000000 f22:0x80000000  f5=0x00000000
     223165.000 ns	     22315	80004874	00487353	fadd.s	f6,f16,f4	 f16:0x00000000  f4:0x00000000  f6=0x00000000
     223215.000 ns	     22320	80004878	0008f053	fadd.s	f0,f17,f0	 f17:0xff800000  f0:0x00000000  f0=0xff800000
     223235.000 ns	     22322	8000487c	cc9b6093	ori	x1,x22,-823	 x22:0x00000000  x1=0xfffffcc9
     223275.000 ns	     22326	80004880	00137853	fadd.s	f16,f6,f1	  f6:0x00000000  f1:0x00000000 f16=0x00000000
     223305.000 ns	     22329	80004884	036563b3	rem	x7,x10,x22	 x10:0xc1e296ff x22:0x00000000  x7=0xc1e296ff
     223325.000 ns	     22331	80004888	54fea293	slti	x5,x29,1359	 x29:0x00000200  x5=0x00000001
     223345.000 ns	     22333	8000488c	a19a12d3	flt.s	x5,f20,f25	 f20:0x80000000 f25:0x00000000  x5=0x00000000
     223365.000 ns	     22335	80004890	cbf7c013	xori	x0,x15,-833	 x15:0xffffffff
     223375.000 ns	     22336	80004894	017e9613	slli	x12,x29,0x17	 x29:0x00000200 x12=0x00000000
     223395.000 ns	     22338	80004898	03641ab3	mulh	x21,x8,x22	  x8:0x80040fe4 x22:0x00000000 x21=0x00000000
     223415.000 ns	     22340	8000489c	74217713	andi	x14,x2,1858	  x2:0x80040f74 x14=0x00000740
     223425.000 ns	     22341	800048a0	41038033	sub	x0,x7,x16	  x7:0xc1e296ff x16:0x00000000
     223445.000 ns	     22343	800048a4	a154ab53	feq.s	x22,f9,f21	  f9:0xc1e296ff f21:0x7fc00000 x22=0x00000000
     223465.000 ns	     22345	800048a8	00f11633	sll	x12,x2,x15	  x2:0x80040f74 x15:0xffffffff x12=0x00000000
     223485.000 ns	     22347	800048ac	21e491d3	fsgnjn.s	f3,f9,f30	  f9:0xc1e296ff f30:0xce7875bf  f3=0x41e296ff
     223505.000 ns	     22349	800048b0	00210f33	add	x30,x2,x2	  x2:0x80040f74  x2:0x80040f74 x30=0x00081ee8
     223525.000 ns	     22351	800048b4	020b22b3	mulhsu	x5,x22,x0	 x22:0x00000000  x0:0x00000000  x5=0x00000000
     223555.000 ns	     22354	800048b8	a02faf53	feq.s	x30,f31,f2	 f31:0x80000000  f2:0xcb7ff7e5 x30=0x00000000
     223575.000 ns	     22356	800048bc	00000013	addi	x0,x0,0	  x0:0x00000000
     223595.000 ns	     22358	800048c0	e00f95d3	fclass.s	x11,f31	 f31:0x80000000 x11=0x00000008
     223625.000 ns	     22361	800048c4	21999fd3	fsgnjn.s	f31,f19,f25	 f19:0x00000000 f25:0x00000000 f31=0x80000000
     223665.000 ns	     22365	800048c8	10b4f9d3	fmul.s	f19,f9,f11	  f9:0xc1e296ff f11:0x00000000 f19=0x80000000
     224035.000 ns	     22402	800048cc	033cc633	div	x12,x25,x19	 x25:0x80040f45 x19:0x00000040 x12=0xfe00103e
     224065.000 ns	     22405	800048d0	02d09b33	mulh	x22,x1,x13	  x1:0xfffffcc9 x13:0x800416b4 x22=0x0000019b
     224085.000 ns	     22407	800048d4	01d550b3	srl	x1,x10,x29	 x10:0xc1e296ff x29:0x00000200  x1=0xc1e296ff
     224105.000 ns	     22409	800048d8	d001f0d3	fcvt.s.w	f1,x3	  x3:0x00000e30  f1=0x45630000
     224135.000 ns	     22412	800048dc	03a730b3	mulhu	x1,x14,x26	 x14:0x00000740 x26:0x0000077f  x1=0x00000000
     224165.000 ns	     22415	800048e0	c016f453	fcvt.wu.s	x8,f13	 f13:0xff800000  x8=0x00000000
     224195.000 ns	     22418	800048e4	c010fc53	fcvt.wu.s	x24,f1	  f1:0x45630000 x24=0x00000e30
     224565.000 ns	     22455	800048e8	03646133	rem	x2,x8,x22	  x8:0x00000000 x22:0x0000019b  x2=0x00000000
     224595.000 ns	     22458	800048ec	e00619d3	fclass.s	x19,f12	 f12:0x7fc00000 x19=0x00000200
     224625.000 ns	     22461	800048f0	f00b8653	fmv.w.x	f12,x23	 x23:0x000000e3 f12=0x000000e3
     224645.000 ns	     22463	800048f4	00b91a33	sll	x20,x18,x11	 x18:0x00000000 x11:0x00000008 x20=0x00000000
     224675.000 ns	     22466	800048f8	58000ed3	fsqrt.s	f29,f0	  f0:0xff800000 f29=0x7fc00000
     224695.000 ns	     22468	800048fc	01b3d933	srl	x18,x7,x27	  x7:0xc1e296ff x27:0xc1e296ff x18=0x00000001
     225055.000 ns	     22504	80004900	02f3df33	divu	x30,x7,x15	  x7:0xc1e296ff x15:0xffffffff x30=0x00000000
     225075.000 ns	     22506	80004904	0165aab3	slt	x21,x11,x22	 x11:0x00000008 x22:0x0000019b x21=0x00000001
     225095.000 ns	     22508	80004908	03b6b8b3	mulhu	x17,x13,x27	 x13:0x800416b4 x27:0xc1e296ff x17=0x60f4643b
     225115.000 ns	     22510	8000490c	41360eb3	sub	x29,x12,x19	 x12:0xfe00103e x19:0x00000200 x29=0xfe000e3e
     225125.000 ns	     22511	80004910	90ed7893	andi	x17,x26,-1778	 x26:0x0000077f x17=0x0000010e
     225165.000 ns	     22515	80004914	093fcb53	fsub.s	f22,f31,f19	 f31:0x80000000 f19:0x80000000 f22=0x00000000
     225215.000 ns	     22520	80004918	004417d3	fadd.s	f15,f8,f4	  f8:0x7fc00000  f4:0x00000000 f15=0x7fc00000
     225245.000 ns	     22523	8000491c	208e2dd3	fsgnjx.s	f27,f28,f8	 f28:0x00000000  f8:0x7fc00000 f27=0x00000000
     225265.000 ns	     22525	80004920	2575e413	ori	x8,x11,599	 x11:0x00000008  x8=0x0000025f
     225275.000 ns	     22526	80004924	006a9b13	slli	x22,x21,0x6	 x21:0x00000001 x22=0x00000040
     225295.000 ns	     22528	80004928	294506d3	fmin.s	f13,f10,f20	 f10:0x00000000 f20:0x80000000 f13=0x80000000
     225325.000 ns	     22531	8000492c	a06b05d3	fle.s	x11,f22,f6	 f22:0x00000000  f6:0x00000000 x11=0x00000001
     225345.000 ns	     22533	80004930	011dcd33	xor	x26,x27,x17	 x27:0xc1e296ff x17:0x0000010e x26=0xc1e297f1
     225365.000 ns	     22535	80004934	c01ba953	fcvt.wu.s	x18,f23	 f23:0x3e8df4bc x18=0x00000001
     225385.000 ns	     22537	80004938	7193f093	andi	x1,x7,1817	  x7:0xc1e296ff  x1=0x00000619
     225395.000 ns	     22538	8000493c	c30ac213	xori	x4,x21,-976	 x21:0x00000001  x4=0xfffffc31
     225405.000 ns	     22539	80004940	00000013	addi	x0,x0,0	  x0:0x00000000
     225425.000 ns	     22541	80004944	c008ae53	fcvt.w.s	x28,f17	 f17:0xff800000 x28=0x80000000
     225455.000 ns	     22544	80004948	293818d3	fmax.s	f17,f16,f19	 f16:0x00000000 f19:0x80000000 f17=0x00000000
     225475.000 ns	     22546	8000494c	01b37233	and	x4,x6,x27	  x6:0xffffff90 x27:0xc1e296ff  x4=0xc1e29690
     225485.000 ns	     22547	80004950	ff6a47b7	lui	x15,0xff6a4	 x15=0xff6a4000
     225505.000 ns	     22549	80004954	c01df053	fcvt.wu.s	x0,f27	 f27:0x00000000
     225545.000 ns	     22553	80004958	580af953	fsqrt.s	f18,f21	 f21:0x7fc00000 f18=0x7fc00000
     225565.000 ns	     22555	8000495c	40795813	srai	x16,x18,0x7	 x18:0x00000001 x16=0x00000000
     225585.000 ns	     22557	80004960	d01a2353	fcvt.s.wu	f6,x20	 x20:0x00000000  f6=0x00000000
     225605.000 ns	     22559	80004964	01a05913	srli	x18,x0,0x1a	  x0:0x00000000 x18=0x00000000
     225625.000 ns	     22561	80004968	02ef0a33	mul	x20,x30,x14	 x30:0x00000000 x14:0x00000740 x20=0x00000000
     225655.000 ns	     22564	8000496c	e0031c53	fclass.s	x24,f6	  f6:0x00000000 x24=0x00000010
     225685.000 ns	     22567	80004970	201c8dd3	fsgnj.s	f27,f25,f1	 f25:0x00000000  f1:0x45630000 f27=0x00000000
     225735.000 ns	     22572	80004974	08351a53	fsub.s	f20,f10,f3	 f10:0x00000000  f3:0x41e296ff f20=0xc1e296ff
     225755.000 ns	     22574	80004978	b184be93	sltiu	x29,x9,-1256	  x9:0x80041024 x29=0x00000001
     225795.000 ns	     22578	8000497c	084afbd3	fsub.s	f23,f21,f4	 f21:0x7fc00000  f4:0x00000000 f23=0x7fc00000
     225825.000 ns	     22581	80004980	21d019d3	fsgnjn.s	f19,f0,f29	  f0:0xff800000 f29:0x7fc00000 f19=0xff800000
     226195.000 ns	     22618	80004984	0310db33	divu	x22,x1,x17	  x1:0x00000619 x17:0x0000010e x22=0x00000005
     226225.000 ns	     22621	80004988	029530b3	mulhu	x1,x10,x9	 x10:0xc1e296ff  x9:0x80041024  x1=0x60f45f43
     226245.000 ns	     22623	8000498c	6e4b8a13	addi	x20,x23,1764	 x23:0x000000e3 x20=0x000007c7
     226255.000 ns	     22624	80004990	d51a8c13	addi	x24,x21,-687	 x21:0x00000001 x24=0xfffffd52
     226275.000 ns	     22626	80004994	a0250a53	fle.s	x20,f10,f2	 f10:0x00000000  f2:0xcb7ff7e5 x20=0x00000000
     226295.000 ns	     22628	80004998	735d6113	ori	x2,x26,1845	 x26:0xc1e297f1  x2=0xc1e297f5
     226305.000 ns	     22629	8000499c	014d5c33	srl	x24,x26,x20	 x26:0xc1e297f1 x20:0x00000000 x24=0xc1e297f1
     226325.000 ns	     22631	800049a0	28930153	fmin.s	f2,f6,f9	  f6:0x00000000  f9:0xc1e296ff  f2=0xc1e296ff
     226355.000 ns	     22634	800049a4	a05c85d3	fle.s	x11,f25,f5	 f25:0x00000000  f5:0x00000000 x11=0x00000001
     226375.000 ns	     22636	800049a8	0066bc33	sltu	x24,x13,x6	 x13:0x800416b4  x6:0xffffff90 x24=0x00000001
     226385.000 ns	     22637	800049ac	418b83b3	sub	x7,x23,x24	 x23:0x000000e3 x24:0xc1e297f1  x7=0x000000e2
     226395.000 ns	     22638	800049b0	014155b3	srl	x11,x2,x20	  x2:0xc1e297f5 x20:0x00000000 x11=0xc1e297f5
     226415.000 ns	     22640	800049b4	02fe0733	mul	x14,x28,x15	 x28:0x80000000 x15:0xff6a4000 x14=0x00000000
     226435.000 ns	     22642	800049b8	5d1e4093	xori	x1,x28,1489	 x28:0x80000000  x1=0x800005d1
     226445.000 ns	     22643	800049bc	a90d6a13	ori	x20,x26,-1392	 x26:0xc1e297f1 x20=0xfffffff1
     226455.000 ns	     22644	800049c0	c78ec793	xori	x15,x29,-904	 x29:0x00000001 x15=0xfffffc79
     226465.000 ns	     22645	800049c4	019f4a33	xor	x20,x30,x25	 x30:0x00000000 x25:0x80040f45 x20=0x80040f45
     226475.000 ns	     22646	800049c8	40fedcb3	sra	x25,x29,x15	 x29:0x00000001 x15:0xff6a4000 x25=0x00000000
     226485.000 ns	     22647	800049cc	00f1e933	or	x18,x3,x15	  x3:0x00000e30 x15:0xfffffc79 x18=0xfffffe79
     226495.000 ns	     22648	800049d0	00e39793	slli	x15,x7,0xe	  x7:0x000000e2 x15=0x00388000
     226525.000 ns	     22651	800049d4	19e9f6d3	fdiv.s	f13,f19,f30	 f19:0xff800000 f30:0xce7875bf f13=0x7f800000
     226545.000 ns	     22653	800049d8	c8c1ad93	slti	x27,x3,-884	  x3:0x00000e30 x27=0x00000000
     226565.000 ns	     22655	800049dc	c0047ed3	fcvt.w.s	x29,f8	  f8:0x7fc00000 x29=0x7fffffff
     226615.000 ns	     22660	800049e0	09158353	fsub.s	f6,f11,f17	 f11:0x00000000 f17:0x00000000  f6=0x80000000
     226635.000 ns	     22662	800049e4	00000013	addi	x0,x0,0	  x0:0x00000000
     226655.000 ns	     22664	800049e8	20112e53	fsgnjx.s	f28,f2,f1	  f2:0xc1e296ff  f1:0x45630000 f28=0xc1e296ff
     226675.000 ns	     22666	800049ec	41ec5b93	srai	x23,x24,0x1e	 x24:0x00000001 x23=0x00000000
     226715.000 ns	     22670	800049f0	095e7bd3	fsub.s	f23,f28,f21	 f28:0xc1e296ff f21:0x7fc00000 f23=0x7fc00000
     226735.000 ns	     22672	800049f4	00da9a33	sll	x20,x21,x13	 x21:0x00000001 x13:0x800416b4 x20=0x00100000
     226755.000 ns	     22674	800049f8	c0167d53	fcvt.wu.s	x26,f12	 f12:0x000000e3 x26=0x00000000
     227125.000 ns	     22711	800049fc	0298ceb3	div	x29,x17,x9	 x17:0x0000010e  x9:0x80041024 x29=0x00000000
     227145.000 ns	     22713	80004a00	00f6d993	srli	x19,x13,0xf	 x13:0x800416b4 x19=0x00010008
     227155.000 ns	     22714	80004a04	d2ce0a13	addi	x20,x28,-724	 x28:0x80000000 x20=0x7ffffd2c
     227165.000 ns	     22715	80004a08	4183d713	srai	x14,x7,0x18	  x7:0x000000e2 x14=0x00000000
     227175.000 ns	     22716	80004a0c	57800693	addi	x13,x0,1400	  x0:0x00000000 x13=0x00000578
     227195.000 ns	     22718	80004a10	c01d9353	fcvt.wu.s	x6,f27	 f27:0x00000000  x6=0x00000000
     227225.000 ns	     22721	80004a14	e00a95d3	fclass.s	x11,f21	 f21:0x7fc00000 x11=0x00000200
     227255.000 ns	     22724	80004a18	0232a3b3	mulhsu	x7,x5,x3	  x5:0x00000000  x3:0x00000e30  x7=0x00000000
     227285.000 ns	     22727	80004a1c	a0550a53	fle.s	x20,f10,f5	 f10:0x00000000  f5:0x00000000 x20=0x00000001
     227335.000 ns	     22732	80004a20	088e9353	fsub.s	f6,f29,f8	 f29:0x7fc00000  f8:0x7fc00000  f6=0x7fc00000
     227365.000 ns	     22735	80004a24	29f998d3	fmax.s	f17,f19,f31	 f19:0xff800000 f31:0x80000000 f17=0x80000000
     227385.000 ns	     22737	80004a28	b660f017	auipc	x0,0xb660f	
     227395.000 ns	     22738	80004a2c	40d85233	sra	x4,x16,x13	 x16:0x00000000 x13:0x00000578  x4=0x00000000
     227405.000 ns	     22739	80004a30	4168de13	srai	x28,x17,0x16	 x17:0x0000010e x28=0x00000000
     227435.000 ns	     22742	80004a34	187df3d3	fdiv.s	f7,f27,f7	 f27:0x00000000  f7:0x7fc00000  f7=0x7fc00000
     227465.000 ns	     22745	80004a38	03ffb833	mulhu	x16,x31,x31	 x31:0x80040fe4 x31:0x80040fe4 x16=0x40040ff4
     227495.000 ns	     22748	80004a3c	e00c9753	fclass.s	x14,f25	 f25:0x00000000 x14=0x00000010
     227525.000 ns	     22751	80004a40	a1ba81d3	fle.s	x3,f21,f27	 f21:0x7fc00000 f27:0x00000000  x3=0x00000000
     227895.000 ns	     22788	80004a44	02d26c33	rem	x24,x4,x13	  x4:0x00000000 x13:0x00000578 x24=0x00000000
     227925.000 ns	     22791	80004a48	20ce9153	fsgnjn.s	f2,f29,f12	 f29:0x7fc00000 f12:0x000000e3  f2=0xffc00000
     227955.000 ns	     22794	80004a4c	d0138553	fcvt.s.wu	f10,x7	  x7:0x00000000 f10=0x00000000
     227985.000 ns	     22797	80004a50	03941a33	mulh	x20,x8,x25	  x8:0x0000025f x25:0x00000000 x20=0x00000000
     228015.000 ns	     22800	80004a54	21cb9153	fsgnjn.s	f2,f23,f28	 f23:0x7fc00000 f28:0xc1e296ff  f2=0x7fc00000
     228045.000 ns	     22803	80004a58	d0137653	fcvt.s.wu	f12,x6	  x6:0x00000000 f12=0x00000000
     228065.000 ns	     22805	80004a5c	b103cc93	xori	x25,x7,-1264	  x7:0x00000000 x25=0xfffffb10
     228075.000 ns	     22806	80004a60	5e408b13	addi	x22,x1,1508	  x1:0x800005d1 x22=0x80000bb5
     228095.000 ns	     22808	80004a64	29270e53	fmin.s	f28,f14,f18	 f14:0x7fc00000 f18:0x7fc00000 f28=0x7fc00000
     228115.000 ns	     22810	80004a68	0d924813	xori	x16,x4,217	  x4:0x00000000 x16=0x000000d9
     228475.000 ns	     22846	80004a6c	03266033	rem	x0,x12,x18	 x12:0xfe00103e x18:0xfffffe79
     228495.000 ns	     22848	80004a70	01a825b3	slt	x11,x16,x26	 x16:0x40040ff4 x26:0x00000000 x11=0x00000000
     228515.000 ns	     22850	80004a74	c01f4bd3	fcvt.wu.s	x23,f30	 f30:0xce7875bf x23=0x3e1d6fc0
     228535.000 ns	     22852	80004a78	01b6dcb3	srl	x25,x13,x27	 x13:0x00000578 x27:0x00000000 x25=0x00000578
     228545.000 ns	     22853	80004a7c	0149d6b3	srl	x13,x19,x20	 x19:0x00010008 x20:0x00000000 x13=0x00010008
     228565.000 ns	     22855	80004a80	a0e988d3	fle.s	x17,f19,f14	 f19:0xff800000 f14:0x7fc00000 x17=0x00000000
     228595.000 ns	     22858	80004a84	208f14d3	fsgnjn.s	f9,f30,f8	 f30:0xce7875bf  f8:0x7fc00000  f9=0xce7875bf
     228625.000 ns	     22861	80004a88	a1661253	flt.s	x4,f12,f22	 f12:0x00000000 f22:0x00000000  x4=0x00000000
     228645.000 ns	     22863	80004a8c	00e903b3	add	x7,x18,x14	 x18:0xfffffe79 x14:0x00000010  x7=0xfffffe89
     228665.000 ns	     22865	80004a90	d015f7d3	fcvt.s.wu	f15,x11	 x11:0x00000000 f15=0x00000000
     228685.000 ns	     22867	80004a94	4187d433	sra	x8,x15,x24	 x15:0x00388000 x24:0x00000000  x8=0x00388000
     228705.000 ns	     22869	80004a98	02ffaeb3	mulhsu	x29,x31,x15	 x31:0x80040fe4 x15:0x00388000 x29=0xffe3c0e5
     228725.000 ns	     22871	80004a9c	40568db3	sub	x27,x13,x5	 x13:0x00010008  x5:0x00000000 x27=0x00010008
     228735.000 ns	     22872	80004aa0	005293b3	sll	x7,x5,x5	  x5:0x00000000  x5:0x00000000  x7=0x00000000
     228745.000 ns	     22873	80004aa4	00d56d33	or	x26,x10,x13	 x10:0xc1e296ff x13:0x00010008 x26=0xc1e396ff
     228785.000 ns	     22877	80004aa8	01cd9cd3	fadd.s	f25,f27,f28	 f27:0x00000000 f28:0x7fc00000 f25=0x7fc00000
     228815.000 ns	     22880	80004aac	02572d33	mulhsu	x26,x14,x5	 x14:0x00000010  x5:0x00000000 x26=0x00000000
     228865.000 ns	     22885	80004ab0	08fa8e53	fsub.s	f28,f21,f15	 f21:0x7fc00000 f15:0x00000000 f28=0x7fc00000
     228885.000 ns	     22887	80004ab4	01806033	or	x0,x0,x24	  x0:0x00000000 x24:0x00000000
     228895.000 ns	     22888	80004ab8	001cba33	sltu	x20,x25,x1	 x25:0x00000578  x1:0x800005d1 x20=0x00000001
     228905.000 ns	     22889	80004abc	40df06b3	sub	x13,x30,x13	 x30:0x00000000 x13:0x00010008 x13=0xfffefff8
     228925.000 ns	     22891	80004ac0	28a20053	fmin.s	f0,f4,f10	  f4:0x00000000 f10:0x00000000  f0=0x00000000
     228955.000 ns	     22894	80004ac4	29bb1b53	fmax.s	f22,f22,f27	 f22:0x00000000 f27:0x00000000 f22=0x00000000
     228985.000 ns	     22897	80004ac8	210f1653	fsgnjn.s	f12,f30,f16	 f30:0xce7875bf f16:0x00000000 f12=0xce7875bf
     229005.000 ns	     22899	80004acc	416e02b3	sub	x5,x28,x22	 x28:0x00000000 x22:0x80000bb5  x5=0x7ffff44b
     229045.000 ns	     22903	80004ad0	016f1ed3	fadd.s	f29,f30,f22	 f30:0xce7875bf f22:0x00000000 f29=0xce7875bf
     229065.000 ns	     22905	80004ad4	01a41833	sll	x16,x8,x26	  x8:0x00388000 x26:0x00000000 x16=0x00388000
     229085.000 ns	     22907	80004ad8	f00b0053	fmv.w.x	f0,x22	 x22:0x80000bb5  f0=0x80000bb5
     229105.000 ns	     22909	80004adc	404559b3	sra	x19,x10,x4	 x10:0xc1e296ff  x4:0x00000000 x19=0xc1e296ff
     229125.000 ns	     22911	80004ae0	e00d8ad3	fmv.x.w	x21,f27	 f27:0x00000000 x21=0x00000000
     229145.000 ns	     22913	80004ae4	01d78033	add	x0,x15,x29	 x15:0x00388000 x29:0xffe3c0e5
     229155.000 ns	     22914	80004ae8	00402933	slt	x18,x0,x4	  x0:0x00000000  x4:0x00000000 x18=0x00000000
     229185.000 ns	     22917	80004aec	10bc9453	fmul.s	f8,f25,f11	 f25:0x7fc00000 f11:0x00000000  f8=0x7fc00000
     229215.000 ns	     22920	80004af0	f00282d3	fmv.w.x	f5,x5	  x5:0x7ffff44b  f5=0x7ffff44b
     229245.000 ns	     22923	80004af4	e00608d3	fmv.x.w	x17,f12	 f12:0xce7875bf x17=0xce7875bf
     229275.000 ns	     22926	80004af8	d01f2853	fcvt.s.wu	f16,x30	 x30:0x00000000 f16=0x00000000
     229305.000 ns	     22929	80004afc	d01b3ad3	fcvt.s.wu	f21,x22	 x22:0x80000bb5 f21=0x4f00000c
     229335.000 ns	     22932	80004b00	a0948653	fle.s	x12,f9,f9	  f9:0xce7875bf  f9:0xce7875bf x12=0x00000001
     229355.000 ns	     22934	80004b04	94d80793	addi	x15,x16,-1715	 x16:0x00388000 x15=0x0038794d
     229715.000 ns	     22970	80004b08	036ccab3	div	x21,x25,x22	 x25:0x00000578 x22:0x80000bb5 x21=0x00000000
     229745.000 ns	     22973	80004b0c	02d43233	mulhu	x4,x8,x13	  x8:0x00388000 x13:0xfffefff8  x4=0x00387fc7
     229765.000 ns	     22975	80004b10	001caab3	slt	x21,x25,x1	 x25:0x00000578  x1:0x800005d1 x21=0x00000000
     230125.000 ns	     23011	80004b14	030868b3	rem	x17,x16,x16	 x16:0x00388000 x16:0x00388000 x17=0x00000000
     230145.000 ns	     23013	80004b18	641062b7	lui	x5,0x64106	  x5=0x64106000
     230165.000 ns	     23015	80004b1c	0393b9b3	mulhu	x19,x7,x25	  x7:0x00000000 x25:0x00000578 x19=0x00000000
     230185.000 ns	     23017	80004b20	39278d13	addi	x26,x15,914	 x15:0x0038794d x26=0x00387cdf
     230195.000 ns	     23018	80004b24	000b5093	srli	x1,x22,0x0	 x22:0x80000bb5  x1=0x80000bb5
     230205.000 ns	     23019	80004b28	018872b3	and	x5,x16,x24	 x16:0x00388000 x24:0x00000000  x5=0x00000000
     230225.000 ns	     23021	80004b2c	e0031e53	fclass.s	x28,f6	  f6:0x7fc00000 x28=0x00000200
     230255.000 ns	     23024	80004b30	02b715b3	mulh	x11,x14,x11	 x14:0x00000010 x11:0x00000000 x11=0x00000000
     230625.000 ns	     23061	80004b34	02d37eb3	remu	x29,x6,x13	  x6:0x00000000 x13:0xfffefff8 x29=0x00000000
     230645.000 ns	     23063	80004b38	00497eb3	and	x29,x18,x4	 x18:0x00000000  x4:0x00387fc7 x29=0x00000000
     230655.000 ns	     23064	80004b3c	e334a917	auipc	x18,0xe334a	 x18=0x6334eb3c
     230665.000 ns	     23065	80004b40	013a78b3	and	x17,x20,x19	 x20:0x00000001 x19:0x00000000 x17=0x00000000
     230685.000 ns	     23067	80004b44	21d52f53	fsgnjx.s	f30,f10,f29	 f10:0x00000000 f29:0xce7875bf f30=0x80000000
     230715.000 ns	     23070	80004b48	032ba433	mulhsu	x8,x23,x18	 x23:0x3e1d6fc0 x18:0x6334eb3c  x8=0x18123945
     230745.000 ns	     23073	80004b4c	d00ec6d3	fcvt.s.w	f13,x29	 x29:0x00000000 f13=0x00000000
     230765.000 ns	     23075	80004b50	303cfc13	andi	x24,x25,771	 x25:0x00000578 x24=0x00000100
     230785.000 ns	     23077	80004b54	283610d3	fmax.s	f1,f12,f3	 f12:0xce7875bf  f3:0x41e296ff  f1=0x41e296ff
     230805.000 ns	     23079	80004b58	00a3ff33	and	x30,x7,x10	  x7:0x00000000 x10:0xc1e296ff x30=0x00000000
     230815.000 ns	     23080	80004b5c	41ba5e33	sra	x28,x20,x27	 x20:0x00000001 x27:0x00010008 x28=0x00000000
     230825.000 ns	     23081	80004b60	017d6733	or	x14,x26,x23	 x26:0x00387cdf x23:0x3e1d6fc0 x14=0x3e3d7fdf
     230855.000 ns	     23084	80004b64	580a76d3	fsqrt.s	f13,f20	 f20:0xc1e296ff f13=0x7fc00000
     230875.000 ns	     23086	80004b68	009b06b3	add	x13,x22,x9	 x22:0x80000bb5  x9:0x80041024 x13=0x00041bd9
     230885.000 ns	     23087	80004b6c	d76eab93	slti	x23,x29,-650	 x29:0x00000000 x23=0x00000000
     230895.000 ns	     23088	80004b70	00fb0b33	add	x22,x22,x15	 x22:0x80000bb5 x15:0x0038794d x22=0x80388502
     230915.000 ns	     23090	80004b74	29f90dd3	fmin.s	f27,f18,f31	 f18:0x7fc00000 f31:0x80000000 f27=0x80000000
     230935.000 ns	     23092	80004b78	40435233	sra	x4,x6,x4	  x6:0x00000000  x4:0x00387fc7  x4=0x00000000
     230945.000 ns	     23093	80004b7c	002f20b3	slt	x1,x30,x2	 x30:0x00000000  x2:0xc1e297f5  x1=0x00000000
     230965.000 ns	     23095	80004b80	287c8a53	fmin.s	f20,f25,f7	 f25:0x7fc00000  f7:0x7fc00000 f20=0x7fc00000
     230995.000 ns	     23098	80004b84	295c0b53	fmin.s	f22,f24,f21	 f24:0x3e8df4bc f21:0x4f00000c f22=0x3e8df4bc
     231015.000 ns	     23100	80004b88	003ea933	slt	x18,x29,x3	 x29:0x00000000  x3:0x00000000 x18=0x00000000
     231035.000 ns	     23102	80004b8c	c0167653	fcvt.wu.s	x12,f12	 f12:0xce7875bf x12=0x3e1d6fc0
     231055.000 ns	     23104	80004b90	1d61c393	xori	x7,x3,470	  x3:0x00000000  x7=0x000001d6
     231065.000 ns	     23105	80004b94	01235633	srl	x12,x6,x18	  x6:0x00000000 x18:0x00000000 x12=0x00000000
     231075.000 ns	     23106	80004b98	40af0133	sub	x2,x30,x10	 x30:0x00000000 x10:0xc1e296ff  x2=0x3e1d6901
     231085.000 ns	     23107	80004b9c	5091e113	ori	x2,x3,1289	  x3:0x00000000  x2=0x00000509
     231105.000 ns	     23109	80004ba0	03717633	remu	x12,x2,x23	  x2:0xc1e297f5 x23:0x00000000 x12=0x00000509
     231135.000 ns	     23112	80004ba4	02332e33	mulhsu	x28,x6,x3	  x6:0x00000000  x3:0x00000000 x28=0x00000000
     231175.000 ns	     23116	80004ba8	109679d3	fmul.s	f19,f12,f9	 f12:0xce7875bf  f9:0xce7875bf f19=0x5d712458
     231205.000 ns	     23119	80004bac	a1a20f53	fle.s	x30,f4,f26	  f4:0x00000000 f26:0x80000000 x30=0x00000001
     231225.000 ns	     23121	80004bb0	00db0033	add	x0,x22,x13	 x22:0x80388502 x13:0x00041bd9
     231245.000 ns	     23123	80004bb4	a1c117d3	flt.s	x15,f2,f28	  f2:0x7fc00000 f28:0x7fc00000 x15=0x00000000
     231265.000 ns	     23125	80004bb8	264f35b7	lui	x11,0x264f3	 x11=0x264f3000
     231275.000 ns	     23126	80004bbc	01142bb3	slt	x23,x8,x17	  x8:0x18123945 x17:0x00000000 x23=0x00000000
     231295.000 ns	     23128	80004bc0	e00c1d53	fclass.s	x26,f24	 f24:0x3e8df4bc x26=0x00000040
     231315.000 ns	     23130	80004bc4	00ea61b3	or	x3,x20,x14	 x20:0x00000001 x14:0x3e3d7fdf  x3=0x3e3d7fdf
     231335.000 ns	     23132	80004bc8	c008ab53	fcvt.w.s	x22,f17	 f17:0x80000000 x22=0x00000000
     231705.000 ns	     23169	80004bcc	02854033	div	x0,x10,x8	 x10:0xc1e296ff  x8:0x18123945
     231725.000 ns	     23171	80004bd0	012b5e33	srl	x28,x22,x18	 x22:0x00000000 x18:0x00000000 x28=0x00000000
     231745.000 ns	     23173	80004bd4	a03f2b53	feq.s	x22,f30,f3	 f30:0x80000000  f3:0x41e296ff x22=0x00000000
     231765.000 ns	     23175	80004bd8	00a379b3	and	x19,x6,x10	  x6:0x00000000 x10:0xc1e296ff x19=0x00000000
     231775.000 ns	     23176	80004bdc	a6622713	slti	x14,x4,-1434	  x4:0x00000000 x14=0x00000000
     231805.000 ns	     23179	80004be0	18b00b53	fdiv.s	f22,f0,f11	  f0:0x80000bb5 f11:0x00000000 f22=0xff800000
     231825.000 ns	     23181	80004be4	002eee33	or	x28,x29,x2	 x29:0x00000000  x2:0x00000509 x28=0x00000509
     231835.000 ns	     23182	80004be8	007258b3	srl	x17,x4,x7	  x4:0x00000000  x7:0x000001d6 x17=0x00000000
     231845.000 ns	     23183	80004bec	39fcff13	andi	x30,x25,927	 x25:0x00000578 x30=0x00000118
     231875.000 ns	     23186	80004bf0	119570d3	fmul.s	f1,f10,f25	 f10:0x00000000 f25:0x7fc00000  f1=0x7fc00000
     231895.000 ns	     23188	80004bf4	008850b3	srl	x1,x16,x8	 x16:0x00388000  x8:0x18123945  x1=0x0001c400
     231915.000 ns	     23190	80004bf8	e0001a53	fclass.s	x20,f0	  f0:0x80000bb5 x20=0x00000004
     231935.000 ns	     23192	80004bfc	013412b3	sll	x5,x8,x19	  x8:0x18123945 x19:0x00000000  x5=0x18123945
     231955.000 ns	     23194	80004c00	d01b82d3	fcvt.s.wu	f5,x23	 x23:0x00000000  f5=0x00000000
     231985.000 ns	     23197	80004c04	21220cd3	fsgnj.s	f25,f4,f18	  f4:0x00000000 f18:0x7fc00000 f25=0x00000000
     232015.000 ns	     23200	80004c08	0262a8b3	mulhsu	x17,x5,x6	  x5:0x18123945  x6:0x00000000 x17=0x00000000
     232045.000 ns	     23203	80004c0c	02293333	mulhu	x6,x18,x2	 x18:0x00000000  x2:0x00000509  x6=0x00000000
     232065.000 ns	     23205	80004c10	41a98bb3	sub	x23,x19,x26	 x19:0x00000000 x26:0x00000040 x23=0xffffffc0
     232075.000 ns	     23206	80004c14	6a244e13	xori	x28,x8,1698	  x8:0x18123945 x28=0x18123fe7
     232095.000 ns	     23208	80004c18	20eb8ad3	fsgnj.s	f21,f23,f14	 f23:0x7fc00000 f14:0x7fc00000 f21=0x7fc00000
     232115.000 ns	     23210	80004c1c	01e2b113	sltiu	x2,x5,30	  x5:0x18123945  x2=0x00000000
     232125.000 ns	     23211	80004c20	01f5d693	srli	x13,x11,0x1f	 x11:0x264f3000 x13=0x00000000
     232145.000 ns	     23213	80004c24	0325e3b3	rem	x7,x11,x18	 x11:0x264f3000 x18:0x00000000  x7=0x264f3000
     232165.000 ns	     23215	80004c28	40c2d333	sra	x6,x5,x12	  x5:0x18123945 x12:0x00000509  x6=0x000c091c
     232185.000 ns	     23217	80004c2c	03e60bb3	mul	x23,x12,x30	 x12:0x00000509 x30:0x00000118 x23=0x000581d8
     232215.000 ns	     23220	80004c30	f0000a53	fmv.w.x	f20,x0	  x0:0x00000000 f20=0x00000000
     232255.000 ns	     23224	80004c34	18751153	fdiv.s	f2,f10,f7	 f10:0x00000000  f7:0x7fc00000  f2=0x7fc00000
     232275.000 ns	     23226	80004c38	c7553c17	auipc	x24,0xc7553	 x24=0x47557c38
     232295.000 ns	     23228	80004c3c	033ea7b3	mulhsu	x15,x29,x19	 x29:0x00000000 x19:0x00000000 x15=0x00000000
     232315.000 ns	     23230	80004c40	00c81813	slli	x16,x16,0xc	 x16:0x00388000 x16=0x88000000
     232335.000 ns	     23232	80004c44	a177ab53	feq.s	x22,f15,f23	 f15:0x00000000 f23:0x7fc00000 x22=0x00000000
     232355.000 ns	     23234	80004c48	c0ca81b7	lui	x3,0xc0ca8	  x3=0xc0ca8000
     232375.000 ns	     23236	80004c4c	036576b3	remu	x13,x10,x22	 x10:0xc1e296ff x22:0x00000000 x13=0xc1e296ff
     232395.000 ns	     23238	80004c50	13416093	ori	x1,x2,308	  x2:0x00000000  x1=0x00000134
     232405.000 ns	     23239	80004c54	004a90b3	sll	x1,x21,x4	 x21:0x00000000  x4:0x00000000  x1=0x00000000
     232415.000 ns	     23240	80004c58	01fd9113	slli	x2,x27,0x1f	 x27:0x00010008  x2=0x00000000
     232425.000 ns	     23241	80004c5c	01c217b3	sll	x15,x4,x28	  x4:0x00000000 x28:0x18123fe7 x15=0x00000000
     232435.000 ns	     23242	80004c60	4185d813	srai	x16,x11,0x18	 x11:0x264f3000 x16=0x00000026
     232455.000 ns	     23244	80004c64	020e5d33	divu	x26,x28,x0	 x28:0x18123fe7  x0:0x00000000 x26=0xffffffff
     232475.000 ns	     23246	80004c68	01bcef33	or	x30,x25,x27	 x25:0x00000578 x27:0x00010008 x30=0x00010578
     232485.000 ns	     23247	80004c6c	bce5f293	andi	x5,x11,-1074	 x11:0x264f3000  x5=0x264f3000
     232505.000 ns	     23249	80004c70	03141933	mulh	x18,x8,x17	  x8:0x18123945 x17:0x00000000 x18=0x00000000
     232535.000 ns	     23252	80004c74	03868033	mul	x0,x13,x24	 x13:0xc1e296ff x24:0x47557c38
     232565.000 ns	     23255	80004c78	035d1c33	mulh	x24,x26,x21	 x26:0xffffffff x21:0x00000000 x24=0x00000000
     232585.000 ns	     23257	80004c7c	32fd0413	addi	x8,x26,815	 x26:0xffffffff  x8=0x0000032e
     232605.000 ns	     23259	80004c80	a0d009d3	fle.s	x19,f0,f13	  f0:0x80000bb5 f13:0x7fc00000 x19=0x00000000
     232635.000 ns	     23262	80004c84	e00a82d3	fmv.x.w	x5,f21	 f21:0x7fc00000  x5=0x7fc00000
     232655.000 ns	     23264	80004c88	01d690b3	sll	x1,x13,x29	 x13:0xc1e296ff x29:0x00000000  x1=0xc1e296ff
     232665.000 ns	     23265	80004c8c	416b5833	sra	x16,x22,x22	 x22:0x00000000 x22:0x00000000 x16=0x00000000
     233025.000 ns	     23301	80004c90	03ebc833	div	x16,x23,x30	 x23:0x000581d8 x30:0x00010578 x16=0x00000005
     233045.000 ns	     23303	80004c94	0073df13	srli	x30,x7,0x7	  x7:0x264f3000 x30=0x004c9e60
     233065.000 ns	     23305	80004c98	a10386d3	fle.s	x13,f7,f16	  f7:0x7fc00000 f16:0x00000000 x13=0x00000000
     233085.000 ns	     23307	80004c9c	40e45bb3	sra	x23,x8,x14	  x8:0x0000032e x14:0x00000000 x23=0x0000032e
     233095.000 ns	     23308	80004ca0	0056d093	srli	x1,x13,0x5	 x13:0x00000000  x1=0x00000000
     233135.000 ns	     23312	80004ca4	0966f3d3	fsub.s	f7,f13,f22	 f13:0x7fc00000 f22:0xff800000  f7=0x7fc00000
     233165.000 ns	     23315	80004ca8	a1ce1ed3	flt.s	x29,f28,f28	 f28:0x7fc00000 f28:0x7fc00000 x29=0x00000000
     233205.000 ns	     23319	80004cac	5808fdd3	fsqrt.s	f27,f17	 f17:0x80000000 f27=0x80000000
     233235.000 ns	     23322	80004cb0	035b91b3	mulh	x3,x23,x21	 x23:0x0000032e x21:0x00000000  x3=0x00000000
     233265.000 ns	     23325	80004cb4	d01b7bd3	fcvt.s.wu	f23,x22	 x22:0x00000000 f23=0x00000000
     233285.000 ns	     23327	80004cb8	4be4a793	slti	x15,x9,1214	  x9:0x80041024 x15=0x00000001
     233325.000 ns	     23331	80004cbc	01b9be53	fadd.s	f28,f19,f27	 f19:0x5d712458 f27:0x80000000 f28=0x5d712458
     233345.000 ns	     23333	80004cc0	3eccf797	auipc	x15,0x3eccf	 x15=0xbecd3cc0
     233705.000 ns	     23369	80004cc4	03e37133	remu	x2,x6,x30	  x6:0x000c091c x30:0x004c9e60  x2=0x000c091c
     233725.000 ns	     23371	80004cc8	7023e737	lui	x14,0x7023e	 x14=0x7023e000
     233745.000 ns	     23373	80004ccc	d00efb53	fcvt.s.w	f22,x29	 x29:0x00000000 f22=0x00000000
     233765.000 ns	     23375	80004cd0	01af1113	slli	x2,x30,0x1a	 x30:0x004c9e60  x2=0x80000000
     233795.000 ns	     23378	80004cd4	1151f953	fmul.s	f18,f3,f21	  f3:0x41e296ff f21:0x7fc00000 f18=0x7fc00000
     233825.000 ns	     23381	80004cd8	2041a8d3	fsgnjx.s	f17,f3,f4	  f3:0x41e296ff  f4:0x00000000 f17=0x41e296ff
     233845.000 ns	     23383	80004cdc	00d56d33	or	x26,x10,x13	 x10:0xc1e296ff x13:0x00000000 x26=0xc1e296ff
     233865.000 ns	     23385	80004ce0	21960e53	fsgnj.s	f28,f12,f25	 f12:0xce7875bf f25:0x00000000 f28=0x4e7875bf
     233895.000 ns	     23388	80004ce4	d00d10d3	fcvt.s.w	f1,x26	 x26:0xffffffff  f1=0xce7875a4
     233915.000 ns	     23390	80004ce8	00000013	addi	x0,x0,0	  x0:0x00000000
     233925.000 ns	     23391	80004cec	46da7db7	lui	x27,0x46da7	 x27=0x46da7000
     233935.000 ns	     23392	80004cf0	40575c13	srai	x24,x14,0x5	 x14:0x7023e000 x24=0x03811f00
     233945.000 ns	     23393	80004cf4	8e9a2913	slti	x18,x20,-1815	 x20:0x00000004 x18=0x00000000
     233955.000 ns	     23394	80004cf8	7aa18b17	auipc	x22,0x7aa18	 x22=0xfaa1ccf8
     233975.000 ns	     23396	80004cfc	20ec1553	fsgnjn.s	f10,f24,f14	 f24:0x3e8df4bc f14:0x7fc00000 f10=0xbe8df4bc
     234005.000 ns	     23399	80004d00	02d2bcb3	mulhu	x25,x5,x13	  x5:0x7fc00000 x13:0x00000000 x25=0x00000000
     234025.000 ns	     23401	80004d04	41b15a93	srai	x21,x2,0x1b	  x2:0x80000000 x21=0xfffffff0
     234045.000 ns	     23403	80004d08	20f30cd3	fsgnj.s	f25,f6,f15	  f6:0x7fc00000 f15:0x00000000 f25=0x7fc00000
     234075.000 ns	     23406	80004d0c	03e520b3	mulhsu	x1,x10,x30	 x10:0xc1e296ff x30:0x004c9e60  x1=0xffed68d7
     234105.000 ns	     23409	80004d10	20392ed3	fsgnjx.s	f29,f18,f3	 f18:0x7fc00000  f3:0x41e296ff f29=0x7fc00000
     234125.000 ns	     23411	80004d14	00a08033	add	x0,x1,x10	  x1:0xffed68d7 x10:0xc1e296ff
     234145.000 ns	     23413	80004d18	03031bb3	mulh	x23,x6,x16	  x6:0x000c091c x16:0x00000005 x23=0x00000000
     234175.000 ns	     23416	80004d1c	a1691f53	flt.s	x30,f18,f22	 f18:0x7fc00000 f22:0x00000000 x30=0x00000000
     234195.000 ns	     23418	80004d20	581cb713	sltiu	x14,x25,1409	 x25:0x00000000 x14=0x00000001
     234205.000 ns	     23419	80004d24	e927ea93	ori	x21,x15,-366	 x15:0xbecd3cc0 x21=0xfffffed2
     234225.000 ns	     23421	80004d28	a18f1e53	flt.s	x28,f30,f24	 f30:0x80000000 f24:0x3e8df4bc x28=0x00000001
     234245.000 ns	     23423	80004d2c	a1b5e893	ori	x17,x11,-1509	 x11:0x264f3000 x17=0xfffffa1b
     234265.000 ns	     23425	80004d30	a0bb88d3	fle.s	x17,f23,f11	 f23:0x00000000 f11:0x00000000 x17=0x00000001
     234295.000 ns	     23428	80004d34	20ef8953	fsgnj.s	f18,f31,f14	 f31:0x80000000 f14:0x7fc00000 f18=0x00000000
     234315.000 ns	     23430	80004d38	00977d33	and	x26,x14,x9	 x14:0x00000001  x9:0x80041024 x26=0x00000000
     234355.000 ns	     23434	80004d3c	006b75d3	fadd.s	f11,f22,f6	 f22:0x00000000  f6:0x7fc00000 f11=0x7fc00000
     234375.000 ns	     23436	80004d40	009b3cb3	sltu	x25,x22,x9	 x22:0xfaa1ccf8  x9:0x80041024 x25=0x00000000
     234395.000 ns	     23438	80004d44	e0010ad3	fmv.x.w	x21,f2	  f2:0x7fc00000 x21=0x7fc00000
     234415.000 ns	     23440	80004d48	008d5433	srl	x8,x26,x8	 x26:0x00000000  x8:0x0000032e  x8=0x00000000
     234425.000 ns	     23441	80004d4c	0075c333	xor	x6,x11,x7	 x11:0x264f3000  x7:0x264f3000  x6=0x00000000
     234445.000 ns	     23443	80004d50	e0030b53	fmv.x.w	x22,f6	  f6:0x7fc00000 x22=0x7fc00000
     234475.000 ns	     23446	80004d54	21f88f53	fsgnj.s	f30,f17,f31	 f17:0x41e296ff f31:0x80000000 f30=0xc1e296ff
     234495.000 ns	     23448	80004d58	01725433	srl	x8,x4,x23	  x4:0x00000000 x23:0x00000000  x8=0x00000000
     234525.000 ns	     23451	80004d5c	107371d3	fmul.s	f3,f6,f7	  f6:0x7fc00000  f7:0x7fc00000  f3=0x7fc00000
     234555.000 ns	     23454	80004d60	a1b22753	feq.s	x14,f4,f27	  f4:0x00000000 f27:0x80000000 x14=0x00000001
     234585.000 ns	     23457	80004d64	025fa3b3	mulhsu	x7,x31,x5	 x31:0x80040fe4  x5:0x7fc00000  x7=0xc02206ee
     234605.000 ns	     23459	80004d68	0166d233	srl	x4,x13,x22	 x13:0x00000000 x22:0x7fc00000  x4=0x00000000
     234615.000 ns	     23460	80004d6c	00dc5c93	srli	x25,x24,0xd	 x24:0x03811f00 x25=0x00001c08
     234625.000 ns	     23461	80004d70	00b49093	slli	x1,x9,0xb	  x9:0x80041024  x1=0x20812000
     234645.000 ns	     23463	80004d74	c01140d3	fcvt.wu.s	x1,f2	  f2:0x7fc00000  x1=0xffffffff
     234665.000 ns	     23465	80004d78	003b1f13	slli	x30,x22,0x3	 x22:0x7fc00000 x30=0xfe000000
     234685.000 ns	     23467	80004d7c	28211853	fmax.s	f16,f2,f2	  f2:0x7fc00000  f2:0x7fc00000 f16=0x7fc00000
     234705.000 ns	     23469	80004d80	00781e93	slli	x29,x16,0x7	 x16:0x00000005 x29=0x00000280
     234725.000 ns	     23471	80004d84	03363133	mulhu	x2,x12,x19	 x12:0x00000509 x19:0x00000000  x2=0x00000000
     234745.000 ns	     23473	80004d88	41378ab3	sub	x21,x15,x19	 x15:0xbecd3cc0 x19:0x00000000 x21=0xbecd3cc0
     234765.000 ns	     23475	80004d8c	029c9f33	mulh	x30,x25,x9	 x25:0x00001c08  x9:0x80041024 x30=0xfffff1fc
     234795.000 ns	     23478	80004d90	f00403d3	fmv.w.x	f7,x8	  x8:0x00000000  f7=0x00000000
     234825.000 ns	     23481	80004d94	f0000753	fmv.w.x	f14,x0	  x0:0x00000000 f14=0x00000000
     234865.000 ns	     23485	80004d98	1927ff53	fdiv.s	f30,f15,f18	 f15:0x00000000 f18:0x00000000 f30=0x7fc00000
     234885.000 ns	     23487	80004d9c	50e269b7	lui	x19,0x50e26	 x19=0x50e26000
     234895.000 ns	     23488	80004da0	40da55b3	sra	x11,x20,x13	 x20:0x00000004 x13:0x00000000 x11=0x00000004
     235255.000 ns	     23524	80004da4	03c1ff33	remu	x30,x3,x28	  x3:0x00000000 x28:0x00000001 x30=0x00000000
     235275.000 ns	     23526	80004da8	0047e133	or	x2,x15,x4	 x15:0xbecd3cc0  x4:0x00000000  x2=0xbecd3cc0
     235295.000 ns	     23528	80004dac	20dd8ad3	fsgnj.s	f21,f27,f13	 f27:0x80000000 f13:0x7fc00000 f21=0x00000000
     235315.000 ns	     23530	80004db0	2890b593	sltiu	x11,x1,649	  x1:0xffffffff x11=0x00000000
     235325.000 ns	     23531	80004db4	00bccc33	xor	x24,x25,x11	 x25:0x00001c08 x11:0x00000004 x24=0x00001c08
     235345.000 ns	     23533	80004db8	d018fed3	fcvt.s.wu	f29,x17	 x17:0x00000001 f29=0x3f800000
     235365.000 ns	     23535	80004dbc	00e6a833	slt	x16,x13,x14	 x13:0x00000000 x14:0x00000001 x16=0x00000001
     235385.000 ns	     23537	80004dc0	21b38c53	fsgnj.s	f24,f7,f27	  f7:0x00000000 f27:0x80000000 f24=0x80000000
     235415.000 ns	     23540	80004dc4	d00278d3	fcvt.s.w	f17,x4	  x4:0x00000000 f17=0x00000000
     235435.000 ns	     23542	80004dc8	69f41a17	auipc	x20,0x69f41	 x20=0xe9f45dc8
     235455.000 ns	     23544	80004dcc	e0080253	fmv.x.w	x4,f16	 f16:0x7fc00000  x4=0x7fc00000
     235475.000 ns	     23546	80004dd0	01e950b3	srl	x1,x18,x30	 x18:0x00000000 x30:0x00000000  x1=0x00000000
     235495.000 ns	     23548	80004dd4	21b09253	fsgnjn.s	f4,f1,f27	  f1:0xce7875a4 f27:0x80000000  f4=0x4e7875a4
     235515.000 ns	     23550	80004dd8	00a08f33	add	x30,x1,x10	  x1:0xffffffff x10:0xc1e296ff x30=0xc1e296ff
     235535.000 ns	     23552	80004ddc	d019f953	fcvt.s.wu	f18,x19	 x19:0x50e26000 f18=0x4ea1c4c0
     235565.000 ns	     23555	80004de0	d00ac853	fcvt.s.w	f16,x21	 x21:0xbecd3cc0 f16=0xce826587
     235615.000 ns	     23560	80004de4	0941f8d3	fsub.s	f17,f3,f20	  f3:0x7fc00000 f20:0x00000000 f17=0x7fc00000
     235635.000 ns	     23562	80004de8	009c5bb3	srl	x23,x24,x9	 x24:0x00001c08  x9:0x80041024 x23=0x000001c0
     235645.000 ns	     23563	80004dec	86882b37	lui	x22,0x86882	 x22=0x86882000
     235655.000 ns	     23564	80004df0	0156a033	slt	x0,x13,x21	 x13:0x00000000 x21:0xbecd3cc0
     235695.000 ns	     23568	80004df4	09f43ed3	fsub.s	f29,f8,f31	  f8:0x7fc00000 f31:0x80000000 f29=0x7fc00000
     235715.000 ns	     23570	80004df8	00ddfbb3	and	x23,x27,x13	 x27:0x46da7000 x13:0x00000000 x23=0x00000000
     235735.000 ns	     23572	80004dfc	c01d0953	fcvt.wu.s	x18,f26	 f26:0x80000000 x18=0x00000000
     235785.000 ns	     23577	80004e00	00061153	fadd.s	f2,f12,f0	 f12:0xce7875bf  f0:0x80000bb5  f2=0xce7875bf
     235805.000 ns	     23579	80004e04	415ad3b3	sra	x7,x21,x21	 x21:0xbecd3cc0 x21:0xbecd3cc0  x7=0xbecd3cc0
     235815.000 ns	     23580	80004e08	46f76813	ori	x16,x14,1135	 x14:0x00000001 x16=0x0000046f
     235835.000 ns	     23582	80004e0c	28668dd3	fmin.s	f27,f13,f6	 f13:0x7fc00000  f6:0x7fc00000 f27=0x7fc00000
     236205.000 ns	     23619	80004e10	02f17ab3	remu	x21,x2,x15	  x2:0xbecd3cc0 x15:0xbecd3cc0 x21=0x00000000
     236225.000 ns	     23621	80004e14	4ba0f313	andi	x6,x1,1210	  x1:0x00000000  x6=0x00000000
     236245.000 ns	     23623	80004e18	a0c290d3	flt.s	x1,f5,f12	  f5:0x00000000 f12:0xce7875bf  x1=0x00000000
     236265.000 ns	     23625	80004e1c	9d5fb797	auipc	x15,0x9d5fb	 x15=0x1d5ffe1c
     236275.000 ns	     23626	80004e20	3891a793	slti	x15,x3,905	  x3:0x00000000 x15=0x00000001
     236285.000 ns	     23627	80004e24	d2e95937	lui	x18,0xd2e95	 x18=0xd2e95000
     236295.000 ns	     23628	80004e28	24b4c893	xori	x17,x9,587	  x9:0x80041024 x17=0x8004126f
     236305.000 ns	     23629	80004e2c	0032d093	srli	x1,x5,0x3	  x5:0x7fc00000  x1=0x0ff80000
     236315.000 ns	     23630	80004e30	00438433	add	x8,x7,x4	  x7:0xbecd3cc0  x4:0x7fc00000  x8=0x3e8d3cc0
     236325.000 ns	     23631	80004e34	005508b3	add	x17,x10,x5	 x10:0xc1e296ff  x5:0x7fc00000 x17=0x41a296ff
     236345.000 ns	     23633	80004e38	a06cae53	feq.s	x28,f25,f6	 f25:0x7fc00000  f6:0x7fc00000 x28=0x00000000
     236365.000 ns	     23635	80004e3c	57666e13	ori	x28,x12,1398	 x12:0x00000509 x28=0x0000057f
     236375.000 ns	     23636	80004e40	00de1133	sll	x2,x28,x13	 x28:0x00000000 x13:0x00000000  x2=0x0000057f
     236385.000 ns	     23637	80004e44	010413b3	sll	x7,x8,x16	  x8:0x3e8d3cc0 x16:0x0000046f  x7=0x9e600000
     236395.000 ns	     23638	80004e48	f060bc37	lui	x24,0xf060b	 x24=0xf060b000
     236415.000 ns	     23640	80004e4c	d00d2453	fcvt.s.w	f8,x26	 x26:0x00000000  f8=0x00000000
     236435.000 ns	     23642	80004e50	00c4d3b3	srl	x7,x9,x12	  x9:0x80041024 x12:0x00000509  x7=0x00400208
     236455.000 ns	     23644	80004e54	c01ef5d3	fcvt.wu.s	x11,f29	 f29:0x7fc00000 x11=0xffffffff
     236475.000 ns	     23646	80004e58	4122dc13	srai	x24,x5,0x12	  x5:0x7fc00000 x24=0x00001ff0
     236835.000 ns	     23682	80004e5c	03f94d33	div	x26,x18,x31	 x18:0xd2e95000 x31:0x80040fe4 x26=0x00000000
     236865.000 ns	     23685	80004e60	e00087d3	fmv.x.w	x15,f1	  f1:0xce7875a4 x15=0xce7875a4
     236885.000 ns	     23687	80004e64	00da1d33	sll	x26,x20,x13	 x20:0xe9f45dc8 x13:0x00000000 x26=0xe9f45dc8
     236905.000 ns	     23689	80004e68	c0132ed3	fcvt.wu.s	x29,f6	  f6:0x7fc00000 x29=0xffffffff
     236925.000 ns	     23691	80004e6c	00208d33	add	x26,x1,x2	  x1:0x0ff80000  x2:0x0000057f x26=0x0ff8057f
     236945.000 ns	     23693	80004e70	d0059c53	fcvt.s.w	f24,x11	 x11:0xffffffff f24=0xbf800000
     236965.000 ns	     23695	80004e74	01f89813	slli	x16,x17,0x1f	 x17:0x41a296ff x16=0x80000000
     236985.000 ns	     23697	80004e78	03eb07b3	mul	x15,x22,x30	 x22:0x86882000 x30:0xc1e296ff x15=0x0457e000
     237025.000 ns	     23701	80004e7c	580eac53	fsqrt.s	f24,f29	 f29:0x7fc00000 f24=0x7fc00000
     237055.000 ns	     23704	80004e80	03c8aab3	mulhsu	x21,x17,x28	 x17:0x41a296ff x28:0x0000057f x21=0x00000168
     237085.000 ns	     23707	80004e84	03342cb3	mulhsu	x25,x8,x19	  x8:0x3e8d3cc0 x19:0x50e26000 x25=0x13c37320
     237125.000 ns	     23711	80004e88	11d17f53	fmul.s	f30,f2,f29	  f2:0xce7875bf f29:0x7fc00000 f30=0x7fc00000
     237145.000 ns	     23713	80004e8c	dbb96113	ori	x2,x18,-581	 x18:0xd2e95000  x2=0xfffffdbb
     237165.000 ns	     23715	80004e90	e00111d3	fclass.s	x3,f2	  f2:0xce7875bf  x3=0x00000002
     237185.000 ns	     23717	80004e94	26c8fd93	andi	x27,x17,620	 x17:0x41a296ff x27=0x0000026c
     237195.000 ns	     23718	80004e98	6ec4f913	andi	x18,x9,1772	  x9:0x80041024 x18=0x00000024
     237215.000 ns	     23720	80004e9c	a1d02753	feq.s	x14,f0,f29	  f0:0x80000bb5 f29:0x7fc00000 x14=0x00000000
     237235.000 ns	     23722	80004ea0	01b378b3	and	x17,x6,x27	  x6:0x00000000 x27:0x0000026c x17=0x00000000
     237255.000 ns	     23724	80004ea4	e00d1253	fclass.s	x4,f26	 f26:0x80000000  x4=0x00000008
     237285.000 ns	     23727	80004ea8	29908953	fmin.s	f18,f1,f25	  f1:0xce7875a4 f25:0x7fc00000 f18=0xce7875a4
     237315.000 ns	     23730	80004eac	023eb433	mulhu	x8,x29,x3	 x29:0xffffffff  x3:0x00000002  x8=0x00000001
     237335.000 ns	     23732	80004eb0	00f1a7b3	slt	x15,x3,x15	  x3:0x00000002 x15:0x0457e000 x15=0x00000001
     237345.000 ns	     23733	80004eb4	015fe433	or	x8,x31,x21	 x31:0x80040fe4 x21:0x00000168  x8=0x80040fec
     237365.000 ns	     23735	80004eb8	a1bc8e53	fle.s	x28,f25,f27	 f25:0x7fc00000 f27:0x7fc00000 x28=0x00000000
     237735.000 ns	     23772	80004ebc	03215233	divu	x4,x2,x18	  x2:0xfffffdbb x18:0x00000024  x4=0x071c71b6
     237775.000 ns	     23776	80004ec0	5808fc53	fsqrt.s	f24,f17	 f17:0x7fc00000 f24=0x7fc00000
     237805.000 ns	     23779	80004ec4	02f880b3	mul	x1,x17,x15	 x17:0x00000000 x15:0x00000001  x1=0x00000000
     237835.000 ns	     23782	80004ec8	d016f053	fcvt.s.wu	f0,x13	 x13:0x00000000  f0=0x00000000
     237855.000 ns	     23784	80004ecc	014487b3	add	x15,x9,x20	  x9:0x80041024 x20:0xe9f45dc8 x15=0x69f86dec
     237875.000 ns	     23786	80004ed0	f0018c53	fmv.w.x	f24,x3	  x3:0x00000002 f24=0x00000002
     237905.000 ns	     23789	80004ed4	c00aa153	fcvt.w.s	x2,f21	 f21:0x00000000  x2=0x00000000
     237935.000 ns	     23792	80004ed8	e0099753	fclass.s	x14,f19	 f19:0x5d712458 x14=0x00000040
     237985.000 ns	     23797	80004edc	009f7b53	fadd.s	f22,f30,f9	 f30:0x7fc00000  f9:0xce7875bf f22=0x7fc00000
     238015.000 ns	     23800	80004ee0	02c198b3	mulh	x17,x3,x12	  x3:0x00000002 x12:0x00000509 x17=0x00000000
     238035.000 ns	     23802	80004ee4	00db9e33	sll	x28,x23,x13	 x23:0x00000000 x13:0x00000000 x28=0x00000000
     238055.000 ns	     23804	80004ee8	a17922d3	feq.s	x5,f18,f23	 f18:0xce7875a4 f23:0x00000000  x5=0x00000000
     238075.000 ns	     23806	80004eec	01296bb3	or	x23,x18,x18	 x18:0x00000024 x18:0x00000024 x23=0x00000024
     238095.000 ns	     23808	80004ef0	02c33eb3	mulhu	x29,x6,x12	  x6:0x00000000 x12:0x00000509 x29=0x00000000
     238115.000 ns	     23810	80004ef4	8df52897	auipc	x17,0x8df52	 x17=0x0df56ef4
     238125.000 ns	     23811	80004ef8	40e25733	sra	x14,x4,x14	  x4:0x071c71b6 x14:0x00000040 x14=0x071c71b6
     238135.000 ns	     23812	80004efc	49ffb893	sltiu	x17,x31,1183	 x31:0x80040fe4 x17=0x00000000
     238155.000 ns	     23814	80004f00	28971bd3	fmax.s	f23,f14,f9	 f14:0x00000000  f9:0xce7875bf f23=0x00000000
     238185.000 ns	     23817	80004f04	2056a753	fsgnjx.s	f14,f13,f5	 f13:0x7fc00000  f5:0x00000000 f14=0x7fc00000
     238205.000 ns	     23819	80004f08	ef696213	ori	x4,x18,-266	 x18:0x00000024  x4=0xfffffef6
     238215.000 ns	     23820	80004f0c	00000013	addi	x0,x0,0	  x0:0x00000000
     238235.000 ns	     23822	80004f10	a11012d3	flt.s	x5,f0,f17	  f0:0x00000000 f17:0x7fc00000  x5=0x00000000
     238255.000 ns	     23824	80004f14	01b59113	slli	x2,x11,0x1b	 x11:0xffffffff  x2=0xf8000000
     238265.000 ns	     23825	80004f18	6380fd13	andi	x26,x1,1592	  x1:0x00000000 x26=0x00000000
     238285.000 ns	     23827	80004f1c	c0017753	fcvt.w.s	x14,f2	  f2:0xce7875bf x14=0x3e1d6fc0
     238305.000 ns	     23829	80004f20	017b23b3	slt	x7,x22,x23	 x22:0x86882000 x23:0x00000024  x7=0x00000001
     238315.000 ns	     23830	80004f24	00533333	sltu	x6,x6,x5	  x6:0x00000000  x5:0x00000000  x6=0x00000000
     238675.000 ns	     23866	80004f28	02b74c33	div	x24,x14,x11	 x14:0x3e1d6fc0 x11:0xffffffff x24=0xc1e29040
     238705.000 ns	     23869	80004f2c	a1200853	fle.s	x16,f0,f18	  f0:0x00000000 f18:0xce7875a4 x16=0x00000000
     238735.000 ns	     23872	80004f30	c00eccd3	fcvt.w.s	x25,f29	 f29:0x7fc00000 x25=0x7fffffff
     238765.000 ns	     23875	80004f34	027b0233	mul	x4,x22,x7	 x22:0x86882000  x7:0x00000001  x4=0x86882000
     238795.000 ns	     23878	80004f38	03e809b3	mul	x19,x16,x30	 x16:0x00000000 x30:0xc1e296ff x19=0x00000000
     238815.000 ns	     23880	80004f3c	009e1ab3	sll	x21,x28,x9	 x28:0x00000000  x9:0x80041024 x21=0x00000000
     238825.000 ns	     23881	80004f40	01aada33	srl	x20,x21,x26	 x21:0x00000168 x26:0x00000000 x20=0x00000000
     238845.000 ns	     23883	80004f44	282618d3	fmax.s	f17,f12,f2	 f12:0xce7875bf  f2:0xce7875bf f17=0xce7875bf
     238865.000 ns	     23885	80004f48	3dc7bc93	sltiu	x25,x15,988	 x15:0x69f86dec x25=0x00000000
     238875.000 ns	     23886	80004f4c	012b08b3	add	x17,x22,x18	 x22:0x86882000 x18:0x00000024 x17=0x86882024
     238885.000 ns	     23887	80004f50	005039b3	sltu	x19,x0,x5	  x0:0x00000000  x5:0x00000000 x19=0x00000000
     238905.000 ns	     23889	80004f54	a01799d3	flt.s	x19,f15,f1	 f15:0x00000000  f1:0xce7875a4 x19=0x00000000
     238935.000 ns	     23892	80004f58	28d51c53	fmax.s	f24,f10,f13	 f10:0xbe8df4bc f13:0x7fc00000 f24=0xbe8df4bc
     240115.000 ns	     24010	80004f5c	58020e53	fsqrt.s	f28,f4	  f4:0x4e7875a4 f28=0x46afafc8
     240135.000 ns	     24012	80004f60	00000013	addi	x0,x0,0	  x0:0x00000000
     240155.000 ns	     24014	80004f64	283887d3	fmin.s	f15,f17,f3	 f17:0xce7875bf  f3:0x7fc00000 f15=0xce7875bf
     240175.000 ns	     24016	80004f68	bbca7697	auipc	x13,0xbbca7	 x13=0x3bcabf68
     240185.000 ns	     24017	80004f6c	bb8a3c37	lui	x24,0xbb8a3	 x24=0xbb8a3000
     240205.000 ns	     24019	80004f70	20f32b53	fsgnjx.s	f22,f6,f15	  f6:0x7fc00000 f15:0xce7875bf f22=0xffc00000
     240225.000 ns	     24021	80004f74	339ea013	slti	x0,x29,825	 x29:0x00000000
     240235.000 ns	     24022	80004f78	410d8ab3	sub	x21,x27,x16	 x27:0x0000026c x16:0x00000000 x21=0x0000026c
     240245.000 ns	     24023	80004f7c	00199c93	slli	x25,x19,0x1	 x19:0x00000000 x25=0x00000000
     240265.000 ns	     24025	80004f80	c008f153	fcvt.w.s	x2,f17	 f17:0xce7875bf  x2=0x3e1d6fc0
     240295.000 ns	     24028	80004f84	03469933	mulh	x18,x13,x20	 x13:0x3bcabf68 x20:0x00000000 x18=0x00000000
     240325.000 ns	     24031	80004f88	03d89db3	mulh	x27,x17,x29	 x17:0x86882024 x29:0x00000000 x27=0x00000000
     240355.000 ns	     24034	80004f8c	026c7a33	remu	x20,x24,x6	 x24:0xbb8a3000  x6:0x00000000 x20=0xbb8a3000
     240375.000 ns	     24036	80004f90	00a42e33	slt	x28,x8,x10	  x8:0x80040fec x10:0xc1e296ff x28=0x00000001
     240385.000 ns	     24037	80004f94	00045793	srli	x15,x8,0x0	  x8:0x80040fec x15=0x80040fec
     240395.000 ns	     24038	80004f98	0effad93	slti	x27,x31,239	 x31:0x80040fe4 x27=0x00000001
     240405.000 ns	     24039	80004f9c	416056b3	sra	x13,x0,x22	  x0:0x00000000 x22:0x86882000 x13=0x00000000
     240425.000 ns	     24041	80004fa0	a1131e53	flt.s	x28,f6,f17	  f6:0x7fc00000 f17:0xce7875bf x28=0x00000000
     240475.000 ns	     24046	80004fa4	008c8153	fadd.s	f2,f25,f8	 f25:0x7fc00000  f8:0x00000000  f2=0x7fc00000
     240495.000 ns	     24048	80004fa8	d55d1e97	auipc	x29,0xd55d1	 x29=0x555d5fa8
     240515.000 ns	     24050	80004fac	026a4233	div	x4,x20,x6	 x20:0xbb8a3000  x6:0x00000000  x4=0xffffffff
     240885.000 ns	     24087	80004fb0	03f44233	div	x4,x8,x31	  x8:0x80040fec x31:0x80040fe4  x4=0x00000000
     240925.000 ns	     24091	80004fb4	58001b53	fsqrt.s	f22,f0	  f0:0x00000000 f22=0x00000000
     240945.000 ns	     24093	80004fb8	410808b3	sub	x17,x16,x16	 x16:0x00000000 x16:0x00000000 x17=0x00000000
     240965.000 ns	     24095	80004fbc	d00c7fd3	fcvt.s.w	f31,x24	 x24:0xbb8a3000 f31=0xce88eba0
     240995.000 ns	     24098	80004fc0	a1888453	fle.s	x8,f17,f24	 f17:0xce7875bf f24:0xbe8df4bc  x8=0x00000001
     241025.000 ns	     24101	80004fc4	21a82653	fsgnjx.s	f12,f16,f26	 f16:0xce826587 f26:0x80000000 f12=0x4e826587
     241075.000 ns	     24106	80004fc8	08742a53	fsub.s	f20,f8,f7	  f8:0x00000000  f7:0x00000000 f20=0x80000000
     241095.000 ns	     24108	80004fcc	01211933	sll	x18,x2,x18	  x2:0x3e1d6fc0 x18:0x00000000 x18=0x3e1d6fc0
     241105.000 ns	     24109	80004fd0	d6f6cd93	xori	x27,x13,-657	 x13:0x00000000 x27=0xfffffd6f
     241115.000 ns	     24110	80004fd4	4125d593	srai	x11,x11,0x12	 x11:0xffffffff x11=0xffffffff
     241135.000 ns	     24112	80004fd8	d01b48d3	fcvt.s.wu	f17,x22	 x22:0x86882000 f17=0x4f068820
     241155.000 ns	     24114	80004fdc	4a08ba93	sltiu	x21,x17,1184	 x17:0x00000000 x21=0x00000001
     241175.000 ns	     24116	80004fe0	a08889d3	fle.s	x19,f17,f8	 f17:0x4f068820  f8:0x00000000 x19=0x00000000
     241205.000 ns	     24119	80004fe4	29e50753	fmin.s	f14,f10,f30	 f10:0xbe8df4bc f30:0x7fc00000 f14=0xbe8df4bc
     241225.000 ns	     24121	80004fe8	00000013	addi	x0,x0,0	  x0:0x00000000
     241245.000 ns	     24123	80004fec	a1039853	flt.s	x16,f7,f16	  f7:0x00000000 f16:0xce826587 x16=0x00000000
     241275.000 ns	     24126	80004ff0	f00c8bd3	fmv.w.x	f23,x25	 x25:0x00000000 f23=0x00000000
     241295.000 ns	     24128	80004ff4	4161d293	srai	x5,x3,0x16	  x3:0x00000002  x5=0x00000000
     241305.000 ns	     24129	80004ff8	e572ec13	ori	x24,x5,-425	  x5:0x00000000 x24=0xfffffe57
     241325.000 ns	     24131	80004ffc	e00d8053	fmv.x.w	x0,f27	 f27:0x7fc00000
     241355.000 ns	     24134	80005000	a10992d3	flt.s	x5,f19,f16	 f19:0x5d712458 f16:0xce826587  x5=0x00000000
     241375.000 ns	     24136	80005004	41c25bb3	sra	x23,x4,x28	  x4:0x00000000 x28:0x00000000 x23=0x00000000
     241385.000 ns	     24137	80005008	01411433	sll	x8,x2,x20	  x2:0x3e1d6fc0 x20:0xbb8a3000  x8=0x3e1d6fc0
     241405.000 ns	     24139	8000500c	a05e8053	fle.s	x0,f29,f5	 f29:0x7fc00000  f5:0x00000000
     241435.000 ns	     24142	80005010	284b94d3	fmax.s	f9,f23,f4	 f23:0x00000000  f4:0x4e7875a4  f9=0x4e7875a4
     241465.000 ns	     24145	80005014	28291453	fmax.s	f8,f18,f2	 f18:0xce7875a4  f2:0x7fc00000  f8=0xce7875a4
     241495.000 ns	     24148	80005018	e0020dd3	fmv.x.w	x27,f4	  f4:0x4e7875a4 x27=0x4e7875a4
     241515.000 ns	     24150	8000501c	00bad613	srli	x12,x21,0xb	 x21:0x00000001 x12=0x00000000
     241525.000 ns	     24151	80005020	0f0fb993	sltiu	x19,x31,240	 x31:0x80040fe4 x19=0x00000000
     241535.000 ns	     24152	80005024	4022d193	srai	x3,x5,0x2	  x5:0x00000000  x3=0x00000000
     241555.000 ns	     24154	80005028	20b4a553	fsgnjx.s	f10,f9,f11	  f9:0x4e7875a4 f11:0x7fc00000 f10=0x4e7875a4
     241585.000 ns	     24157	8000502c	21de9fd3	fsgnjn.s	f31,f29,f29	 f29:0x7fc00000 f29:0x7fc00000 f31=0xffc00000
     241615.000 ns	     24160	80005030	02f1b5b3	mulhu	x11,x3,x15	  x3:0x00000000 x15:0x80040fec x11=0x00000000
     241635.000 ns	     24162	80005034	006e9e93	slli	x29,x29,0x6	 x29:0x555d5fa8 x29=0x5757ea00
     241655.000 ns	     24164	80005038	297f98d3	fmax.s	f17,f31,f23	 f31:0xffc00000 f23:0x00000000 f17=0x00000000
     241675.000 ns	     24166	8000503c	00079f33	sll	x30,x15,x0	 x15:0x80040fec  x0:0x00000000 x30=0x80040fec
     241685.000 ns	     24167	80005040	01162cb3	slt	x25,x12,x17	 x12:0x00000000 x17:0x00000000 x25=0x00000000
     241695.000 ns	     24168	80005044	40d0d0b3	sra	x1,x1,x13	  x1:0x00000000 x13:0x00000000  x1=0x00000000
     241705.000 ns	     24169	80005048	7edb7a17	auipc	x20,0x7edb7	 x20=0xfedbc048
     241725.000 ns	     24171	8000504c	21af8bd3	fsgnj.s	f23,f31,f26	 f31:0xffc00000 f26:0x80000000 f23=0xffc00000
     241745.000 ns	     24173	80005050	00069033	sll	x0,x13,x0	 x13:0x00000000  x0:0x00000000
     241765.000 ns	     24175	80005054	288c8c53	fmin.s	f24,f25,f8	 f25:0x7fc00000  f8:0xce7875a4 f24=0xce7875a4
     241795.000 ns	     24178	80005058	a16919d3	flt.s	x19,f18,f22	 f18:0xce7875a4 f22:0x00000000 x19=0x00000001
     241825.000 ns	     24181	8000505c	a076aed3	feq.s	x29,f13,f7	 f13:0x7fc00000  f7:0x00000000 x29=0x00000000
     241855.000 ns	     24184	80005060	023436b3	mulhu	x13,x8,x3	  x8:0x3e1d6fc0  x3:0x00000000 x13=0x00000000
     241885.000 ns	     24187	80005064	03428ab3	mul	x21,x5,x20	  x5:0x00000000 x20:0xfedbc048 x21=0x00000000
     241915.000 ns	     24190	80005068	f00304d3	fmv.w.x	f9,x6	  x6:0x00000000  f9=0x00000000
     242285.000 ns	     24227	8000506c	02904833	div	x16,x0,x9	  x0:0x00000000  x9:0x80041024 x16=0x00000000
     242305.000 ns	     24229	80005070	a145a293	slti	x5,x11,-1516	 x11:0x00000000  x5=0x00000000
     242315.000 ns	     24230	80005074	405e0833	sub	x16,x28,x5	 x28:0x00000000  x5:0x00000000 x16=0x00000000
     242675.000 ns	     24266	80005078	03b4e833	rem	x16,x9,x27	  x9:0x80041024 x27:0x4e7875a4 x16=0xce7c85c8
     242715.000 ns	     24270	8000507c	1951fdd3	fdiv.s	f27,f3,f21	  f3:0x7fc00000 f21:0x00000000 f27=0x7fc00000
     242745.000 ns	     24273	80005080	039c7733	remu	x14,x24,x25	 x24:0xfffffe57 x25:0x00000000 x14=0xfffffe57
     242775.000 ns	     24276	80005084	d012ff53	fcvt.s.wu	f30,x5	  x5:0x00000000 f30=0x00000000
     242795.000 ns	     24278	80005088	01397e33	and	x28,x18,x19	 x18:0x3e1d6fc0 x19:0x00000001 x28=0x00000000
     242805.000 ns	     24279	8000508c	41818ab3	sub	x21,x3,x24	  x3:0x00000000 x24:0xfffffe57 x21=0x000001a9
     242815.000 ns	     24280	80005090	b8df2113	slti	x2,x30,-1139	 x30:0x80040fec  x2=0x00000001
     243175.000 ns	     24316	80005094	02966233	rem	x4,x12,x9	 x12:0x00000000  x9:0x80041024  x4=0x00000000
     243215.000 ns	     24320	80005098	1082ffd3	fmul.s	f31,f5,f8	  f5:0x00000000  f8:0xce7875a4 f31=0x80000000
     243235.000 ns	     24322	8000509c	41f5dab3	sra	x21,x11,x31	 x11:0x00000000 x31:0x80040fe4 x21=0x00000000
     243595.000 ns	     24358	800050a0	03825ab3	divu	x21,x4,x24	  x4:0x00000000 x24:0xfffffe57 x21=0x00000000
     243645.000 ns	     24363	800050a4	08f0b1d3	fsub.s	f3,f1,f15	  f1:0xce7875a4 f15:0xce7875bf  f3=0x44d80000
     243665.000 ns	     24365	800050a8	0134a1b3	slt	x3,x9,x19	  x9:0x80041024 x19:0x00000001  x3=0x00000001
     243695.000 ns	     24368	800050ac	11620353	fmul.s	f6,f4,f22	  f4:0x4e7875a4 f22:0x00000000  f6=0x00000000
     243715.000 ns	     24370	800050b0	4d25ee93	ori	x29,x11,1234	 x11:0x00000000 x29=0x000004d2
     243725.000 ns	     24371	800050b4	40ff5b33	sra	x22,x30,x15	 x30:0x80040fec x15:0x80040fec x22=0xfff80040
     243735.000 ns	     24372	800050b8	01698633	add	x12,x19,x22	 x19:0x00000001 x22:0x86882000 x12=0xfff80041
     243745.000 ns	     24373	800050bc	01ab4633	xor	x12,x22,x26	 x22:0x86882000 x26:0x00000000 x12=0xfff80040
     243755.000 ns	     24374	800050c0	417b5613	srai	x12,x22,0x17	 x22:0xfff80040 x12=0xffffffff
     243765.000 ns	     24375	800050c4	013050b3	srl	x1,x0,x19	  x0:0x00000000 x19:0x00000001  x1=0x00000000
     243785.000 ns	     24377	800050c8	a1478a53	fle.s	x20,f15,f20	 f15:0xce7875bf f20:0x80000000 x20=0x00000001
     243835.000 ns	     24382	800050cc	09ed4fd3	fsub.s	f31,f26,f30	 f26:0x80000000 f30:0x00000000 f31=0x80000000
     243865.000 ns	     24385	800050d0	020466b3	rem	x13,x8,x0	  x8:0x3e1d6fc0  x0:0x00000000 x13=0x3e1d6fc0
     243895.000 ns	     24388	800050d4	e00e96d3	fclass.s	x13,f29	 f29:0x7fc00000 x13=0x00000200
     243925.000 ns	     24391	800050d8	02b84cb3	div	x25,x16,x11	 x16:0xce7c85c8 x11:0x00000000 x25=0xffffffff
     244295.000 ns	     24428	800050dc	0381ef33	rem	x30,x3,x24	  x3:0x00000001 x24:0xfffffe57 x30=0x00000001
     244315.000 ns	     24430	800050e0	41ecddb3	sra	x27,x25,x30	 x25:0xffffffff x30:0x80040fec x27=0xffffffff
     244325.000 ns	     24431	800050e4	01158eb3	add	x29,x11,x17	 x11:0x00000000 x17:0x00000000 x29=0x00000000
     244345.000 ns	     24433	800050e8	d00c72d3	fcvt.s.w	f5,x24	 x24:0xfffffe57  f5=0xc3d48000
     244375.000 ns	     24436	800050ec	a112a0d3	feq.s	x1,f5,f17	  f5:0x00000000 f17:0x00000000  x1=0x00000000
     244425.000 ns	     24441	800050f0	095db5d3	fsub.s	f11,f27,f21	 f27:0x7fc00000 f21:0x00000000 f11=0x7fc00000
     244465.000 ns	     24445	800050f4	18eeae53	fdiv.s	f28,f29,f14	 f29:0x7fc00000 f14:0xbe8df4bc f28=0x7fc00000
     244505.000 ns	     24449	800050f8	580b3ed3	fsqrt.s	f29,f22	 f22:0x00000000 f29=0x00000000
     244535.000 ns	     24452	800050fc	034ea1b3	mulhsu	x3,x29,x20	 x29:0x00000000 x20:0x00000001  x3=0x00000000
     244555.000 ns	     24454	80005100	7f944d13	xori	x26,x8,2041	  x8:0x3e1d6fc0 x26=0x3e1d6839
     244915.000 ns	     24490	80005104	030f7d33	remu	x26,x30,x16	 x30:0x00000001 x16:0xce7c85c8 x26=0x00000001
     244945.000 ns	     24493	80005108	d01cf153	fcvt.s.wu	f2,x25	 x25:0xffffffff  f2=0x4f7fffff
     244965.000 ns	     24495	8000510c	00c21a13	slli	x20,x4,0xc	  x4:0x00000000 x20=0x00000000
     244975.000 ns	     24496	80005110	405c81b3	sub	x3,x25,x5	 x25:0xffffffff  x5:0x00000000  x3=0xffffffff
     245005.000 ns	     24499	80005114	58003453	fsqrt.s	f8,f0	  f0:0x00000000  f8=0x00000000
     245025.000 ns	     24501	80005118	009eaab3	slt	x21,x29,x9	 x29:0x00000000  x9:0x80041024 x21=0x00000000
     245045.000 ns	     24503	8000511c	20c8ae53	fsgnjx.s	f28,f17,f12	 f17:0x00000000 f12:0x4e826587 f28=0x00000000
     245065.000 ns	     24505	80005120	40ab0bb3	sub	x23,x22,x10	 x22:0xfff80040 x10:0xc1e296ff x23=0x3e156941
     245075.000 ns	     24506	80005124	0084d193	srli	x3,x9,0x8	  x9:0x80041024  x3=0x00800410
     245085.000 ns	     24507	80005128	81017593	andi	x11,x2,-2032	  x2:0x00000001 x11=0x00000000
     245105.000 ns	     24509	8000512c	a16b1653	flt.s	x12,f22,f22	 f22:0x00000000 f22:0x00000000 x12=0x00000000
     245135.000 ns	     24512	80005130	032a90b3	mulh	x1,x21,x18	 x21:0x00000000 x18:0x3e1d6fc0  x1=0x00000000
     245165.000 ns	     24515	80005134	02428eb3	mul	x29,x5,x4	  x5:0x00000000  x4:0x00000000 x29=0x00000000
     245195.000 ns	     24518	80005138	031db7b3	mulhu	x15,x27,x17	 x27:0xffffffff x17:0x00000000 x15=0x00000000
     245225.000 ns	     24521	8000513c	200faa53	fsgnjx.s	f20,f31,f0	 f31:0x80000000  f0:0x00000000 f20=0x80000000
     245255.000 ns	     24524	80005140	f00705d3	fmv.w.x	f11,x14	 x14:0xfffffe57 f11=0xfffffe57
     245625.000 ns	     24561	80005144	03334433	div	x8,x6,x19	  x6:0x00000000 x19:0x00000001  x8=0x00000000
     245655.000 ns	     24564	80005148	f00085d3	fmv.w.x	f11,x1	  x1:0x00000000 f11=0x00000000
     245695.000 ns	     24568	8000514c	10ab1453	fmul.s	f8,f22,f10	 f22:0x00000000 f10:0x4e7875a4  f8=0x00000000
     245715.000 ns	     24570	80005150	01fbc733	xor	x14,x23,x31	 x23:0x3e156941 x31:0x80040fe4 x14=0xbe1166a5
     246045.000 ns	     24603	80005154	183731d3	fdiv.s	f3,f14,f3	 f14:0xbe8df4bc  f3:0x44d80000  f3=0xb9872bfc
     246075.000 ns	     24606	80005158	d0138ed3	fcvt.s.wu	f29,x7	  x7:0x00000001 f29=0x3f800000
     246105.000 ns	     24609	8000515c	03504a33	div	x20,x0,x21	  x0:0x00000000 x21:0x00000000 x20=0xffffffff
     246125.000 ns	     24611	80005160	00000013	addi	x0,x0,0	  x0:0x00000000
     246135.000 ns	     24612	80005164	0099a133	slt	x2,x19,x9	 x19:0x00000001  x9:0x80041024  x2=0x00000000
     246145.000 ns	     24613	80005168	cfa03d13	sltiu	x26,x0,-774	  x0:0x00000000 x26=0x00000001
     246165.000 ns	     24615	8000516c	a0feadd3	feq.s	x27,f29,f15	 f29:0x3f800000 f15:0xce7875bf x27=0x00000000
     246195.000 ns	     24618	80005170	29518753	fmin.s	f14,f3,f21	  f3:0xb9872bfc f21:0x00000000 f14=0xb9872bfc
     246215.000 ns	     24620	80005174	5fb17d93	andi	x27,x2,1531	  x2:0x00000000 x27=0x00000000
     246225.000 ns	     24621	80005178	40dd81b3	sub	x3,x27,x13	 x27:0x00000000 x13:0x00000200  x3=0xfffffe00
     246265.000 ns	     24625	8000517c	08f99653	fsub.s	f12,f19,f15	 f19:0x5d712458 f15:0xce7875bf f12=0x5d712458
     246285.000 ns	     24627	80005180	07707213	andi	x4,x0,119	  x0:0x00000000  x4=0x00000000
     246295.000 ns	     24628	80005184	00b7d293	srli	x5,x15,0xb	 x15:0x00000000  x5=0x00000000
     246315.000 ns	     24630	80005188	d00f71d3	fcvt.s.w	f3,x30	 x30:0x00000001  f3=0x3f800000
     246355.000 ns	     24634	8000518c	5807b553	fsqrt.s	f10,f15	 f15:0xce7875bf f10=0x7fc00000
     246375.000 ns	     24636	80005190	473cb193	sltiu	x3,x25,1139	 x25:0xffffffff  x3=0x00000000
     246385.000 ns	     24637	80005194	01e11233	sll	x4,x2,x30	  x2:0x00000000 x30:0x00000001  x4=0x00000000
     246395.000 ns	     24638	80005198	016647b3	xor	x15,x12,x22	 x12:0x00000000 x22:0xfff80040 x15=0xfff80040
     246415.000 ns	     24640	8000519c	c00df953	fcvt.w.s	x18,f27	 f27:0x7fc00000 x18=0x7fffffff
     246445.000 ns	     24643	800051a0	a14e9753	flt.s	x14,f29,f20	 f29:0x3f800000 f20:0x80000000 x14=0x00000000
     246475.000 ns	     24646	800051a4	21982fd3	fsgnjx.s	f31,f16,f25	 f16:0xce826587 f25:0x7fc00000 f31=0xce826587
     246495.000 ns	     24648	800051a8	e1d63993	sltiu	x19,x12,-483	 x12:0x00000000 x19=0x00000001
     246515.000 ns	     24650	800051ac	d0109f53	fcvt.s.wu	f30,x1	  x1:0x00000000 f30=0x00000000
     246545.000 ns	     24653	800051b0	03732733	mulhsu	x14,x6,x23	  x6:0x00000000 x23:0x3e156941 x14=0x00000000
     246575.000 ns	     24656	800051b4	c015c853	fcvt.wu.s	x16,f11	 f11:0x00000000 x16=0x00000000
     246595.000 ns	     24658	800051b8	eef57793	andi	x15,x10,-273	 x10:0xc1e296ff x15=0xc1e296ef
     246605.000 ns	     24659	800051bc	cb467e93	andi	x29,x12,-844	 x12:0x00000000 x29=0x00000000
     246615.000 ns	     24660	800051c0	013513b3	sll	x7,x10,x19	 x10:0xc1e296ff x19:0x00000001  x7=0x83c52dfe
     246635.000 ns	     24662	800051c4	296998d3	fmax.s	f17,f19,f22	 f19:0x5d712458 f22:0x00000000 f17=0x5d712458
     246655.000 ns	     24664	800051c8	ed033093	sltiu	x1,x6,-304	  x6:0x00000000  x1=0x00000001
     246665.000 ns	     24665	800051cc	01791113	slli	x2,x18,0x17	 x18:0x7fffffff  x2=0xff800000
     246675.000 ns	     24666	800051d0	00c2d713	srli	x14,x5,0xc	  x5:0x00000000 x14=0x00000000
     246695.000 ns	     24668	800051d4	a1dba9d3	feq.s	x19,f23,f29	 f23:0xffc00000 f29:0x3f800000 x19=0x00000000
     246715.000 ns	     24670	800051d8	014cecb3	or	x25,x25,x20	 x25:0xffffffff x20:0xffffffff x25=0xffffffff
     246735.000 ns	     24672	800051dc	034b22b3	mulhsu	x5,x22,x20	 x22:0xfff80040 x20:0xffffffff  x5=0xfff80040
     246755.000 ns	     24674	800051e0	4f07c193	xori	x3,x15,1264	 x15:0xc1e296ef  x3=0xc1e2921f
     246765.000 ns	     24675	800051e4	a7895a37	lui	x20,0xa7895	 x20=0xa7895000
     246785.000 ns	     24677	800051e8	0332fb33	remu	x22,x5,x19	  x5:0xfff80040 x19:0x00000000 x22=0xfff80040
     246805.000 ns	     24679	800051ec	84dc8013	addi	x0,x25,-1971	 x25:0xffffffff
     246815.000 ns	     24680	800051f0	003efe33	and	x28,x29,x3	 x29:0x00000000  x3:0xc1e2921f x28=0x00000000
     246825.000 ns	     24681	800051f4	27692e93	slti	x29,x18,630	 x18:0x7fffffff x29=0x00000000
     246835.000 ns	     24682	800051f8	00945593	srli	x11,x8,0x9	  x8:0x00000000 x11=0x00000000
     246845.000 ns	     24683	800051fc	00bf8a33	add	x20,x31,x11	 x31:0x80040fe4 x11:0x00000000 x20=0x80040fe4
     247205.000 ns	     24719	80005200	0217fab3	remu	x21,x15,x1	 x15:0xc1e296ef  x1:0x00000001 x21=0x00000000
     247235.000 ns	     24722	80005204	e00f0453	fmv.x.w	x8,f30	 f30:0x00000000  x8=0x00000000
     247255.000 ns	     24724	80005208	64406813	ori	x16,x0,1604	  x0:0x00000000 x16=0x00000644
     247275.000 ns	     24726	8000520c	28138e53	fmin.s	f28,f7,f1	  f7:0x00000000  f1:0xce7875a4 f28=0xce7875a4
     247295.000 ns	     24728	80005210	00d79e93	slli	x29,x15,0xd	 x15:0xc1e296ef x29=0x52dde000
     247315.000 ns	     24730	80005214	d01ef1d3	fcvt.s.wu	f3,x29	 x29:0x00000000  f3=0x4ea5bbc0
     247345.000 ns	     24733	80005218	e00409d3	fmv.x.w	x19,f8	  f8:0x00000000 x19=0x00000000
     247365.000 ns	     24735	8000521c	0184acb3	slt	x25,x9,x24	  x9:0x80041024 x24:0xfffffe57 x25=0x00000001
     247375.000 ns	     24736	80005220	019828b3	slt	x17,x16,x25	 x16:0x00000644 x25:0xffffffff x17=0x00000000
     247395.000 ns	     24738	80005224	f00683d3	fmv.w.x	f7,x13	 x13:0x00000200  f7=0x00000200
     247415.000 ns	     24740	80005228	01eeec33	or	x24,x29,x30	 x29:0x52dde000 x30:0x00000001 x24=0x52dde001
     247435.000 ns	     24742	8000522c	e00d1d53	fclass.s	x26,f26	 f26:0x80000000 x26=0x00000008
     247805.000 ns	     24779	80005230	023cccb3	div	x25,x25,x3	 x25:0x00000001  x3:0xc1e2921f x25=0x00000000
     247825.000 ns	     24781	80005234	00e83c33	sltu	x24,x16,x14	 x16:0x00000644 x14:0x00000000 x24=0x00000000
     247845.000 ns	     24783	80005238	03fe2f33	mulhsu	x30,x28,x31	 x28:0x00000000 x31:0x80040fe4 x30=0x00000000
     247895.000 ns	     24788	8000523c	09113dd3	fsub.s	f27,f2,f17	  f2:0x4f7fffff f17:0x5d712458 f27=0xdd712457
     247925.000 ns	     24791	80005240	c01479d3	fcvt.wu.s	x19,f8	  f8:0x00000000 x19=0x00000000
     247955.000 ns	     24794	80005244	026d6d33	rem	x26,x26,x6	 x26:0x00000008  x6:0x00000000 x26=0x00000008
     247975.000 ns	     24796	80005248	0057dd33	srl	x26,x15,x5	 x15:0xc1e296ef  x5:0xfff80040 x26=0xc1e296ef
     247995.000 ns	     24798	8000524c	02f23933	mulhu	x18,x4,x15	  x4:0x00000000 x15:0xc1e296ef x18=0x00000000
     248025.000 ns	     24801	80005250	02bd15b3	mulh	x11,x26,x11	 x26:0x00000008 x11:0x00000000 x11=0x00000000
     248045.000 ns	     24803	80005254	00c006b3	add	x13,x0,x12	  x0:0x00000000 x12:0x00000000 x13=0x00000000
     248065.000 ns	     24805	80005258	21830f53	fsgnj.s	f30,f6,f24	  f6:0x00000000 f24:0xce7875a4 f30=0x80000000
     248095.000 ns	     24808	8000525c	03e57eb3	remu	x29,x10,x30	 x10:0xc1e296ff x30:0x00000000 x29=0xc1e296ff
     248125.000 ns	     24811	80005260	280487d3	fmin.s	f15,f9,f0	  f9:0x00000000  f0:0x00000000 f15=0x00000000
     248165.000 ns	     24815	80005264	19984553	fdiv.s	f10,f16,f25	 f16:0xce826587 f25:0x7fc00000 f10=0x7fc00000
     248185.000 ns	     24817	80005268	01fc3b33	sltu	x22,x24,x31	 x24:0x00000000 x31:0x80040fe4 x22=0x00000001
     248195.000 ns	     24818	8000526c	01d122b3	slt	x5,x2,x29	  x2:0xff800000 x29:0xc1e296ff  x5=0x00000000
     248215.000 ns	     24820	80005270	d00afad3	fcvt.s.w	f21,x21	 x21:0x00000000 f21=0x00000000
     248245.000 ns	     24823	80005274	a1da8353	fle.s	x6,f21,f29	 f21:0x00000000 f29:0x3f800000  x6=0x00000001
     248265.000 ns	     24825	80005278	905d6013	ori	x0,x26,-1787	 x26:0xc1e296ef
     248285.000 ns	     24827	8000527c	205d9ad3	fsgnjn.s	f21,f27,f5	 f27:0xdd712457  f5:0xc3d48000 f21=0x5d712457
     248305.000 ns	     24829	80005280	01120133	add	x2,x4,x17	  x4:0x00000000 x17:0x00000000  x2=0x00000000
     248335.000 ns	     24832	80005284	1162fad3	fmul.s	f21,f5,f22	  f5:0xc3d48000 f22:0x00000000 f21=0x80000000
     248365.000 ns	     24835	80005288	29bc9dd3	fmax.s	f27,f25,f27	 f25:0x7fc00000 f27:0xdd712457 f27=0xdd712457
     248395.000 ns	     24838	8000528c	0260a733	mulhsu	x14,x1,x6	  x1:0x00000001  x6:0x00000001 x14=0x00000000
     248425.000 ns	     24841	80005290	032281b3	mul	x3,x5,x18	  x5:0x00000000 x18:0x00000000  x3=0x00000000
     248455.000 ns	     24844	80005294	20cb16d3	fsgnjn.s	f13,f22,f12	 f22:0x00000000 f12:0x5d712458 f13=0x80000000
     248475.000 ns	     24846	80005298	00b17e33	and	x28,x2,x11	  x2:0x00000000 x11:0x00000000 x28=0x00000000
     248505.000 ns	     24849	8000529c	1958b453	fdiv.s	f8,f17,f21	 f17:0x5d712458 f21:0x80000000  f8=0xff800000
     248535.000 ns	     24852	800052a0	29b80953	fmin.s	f18,f16,f27	 f16:0xce826587 f27:0xdd712457 f18=0xdd712457
     248565.000 ns	     24855	800052a4	024396b3	mulh	x13,x7,x4	  x7:0x83c52dfe  x4:0x00000000 x13=0x00000000
     248585.000 ns	     24857	800052a8	5b0e6937	lui	x18,0x5b0e6	 x18=0x5b0e6000
     248595.000 ns	     24858	800052ac	99af41b7	lui	x3,0x99af4	  x3=0x99af4000
     248635.000 ns	     24862	800052b0	08db4553	fsub.s	f10,f22,f13	 f22:0x00000000 f13:0x80000000 f10=0x00000000
     248665.000 ns	     24865	800052b4	0384f7b3	remu	x15,x9,x24	  x9:0x80041024 x24:0x00000000 x15=0x80041024
     248685.000 ns	     24867	800052b8	00bf8433	add	x8,x31,x11	 x31:0x80040fe4 x11:0x00000000  x8=0x80040fe4
     248705.000 ns	     24869	800052bc	218c2353	fsgnjx.s	f6,f24,f24	 f24:0xce7875a4 f24:0xce7875a4  f6=0x4e7875a4
     248725.000 ns	     24871	800052c0	009c96b3	sll	x13,x25,x9	 x25:0x00000000  x9:0x80041024 x13=0x00000000
     248735.000 ns	     24872	800052c4	a008e597	auipc	x11,0xa008e	 x11=0x200932c4
     248765.000 ns	     24875	800052c8	185cb5d3	fdiv.s	f11,f25,f5	 f25:0x7fc00000  f5:0xc3d48000 f11=0x7fc00000
     248795.000 ns	     24878	800052cc	e00615d3	fclass.s	x11,f12	 f12:0x5d712458 x11=0x00000040
     248825.000 ns	     24881	800052d0	a1722dd3	feq.s	x27,f4,f23	  f4:0x4e7875a4 f23:0xffc00000 x27=0x00000000
     248845.000 ns	     24883	800052d4	413b5193	srai	x3,x22,0x13	 x22:0x00000001  x3=0x00000000
     248855.000 ns	     24884	800052d8	40c65733	sra	x14,x12,x12	 x12:0x00000000 x12:0x00000000 x14=0x00000000
     248865.000 ns	     24885	800052dc	1dcec993	xori	x19,x29,476	 x29:0xc1e296ff x19=0xc1e29723
     248905.000 ns	     24889	800052e0	08e1b0d3	fsub.s	f1,f3,f14	  f3:0x4ea5bbc0 f14:0xb9872bfc  f1=0x4ea5bbc1
     248955.000 ns	     24894	800052e4	018f10d3	fadd.s	f1,f30,f24	 f30:0x80000000 f24:0xce7875a4  f1=0xce7875a4
     248985.000 ns	     24897	800052e8	03864233	div	x4,x12,x24	 x12:0x00000000 x24:0x00000000  x4=0xffffffff
     249005.000 ns	     24899	800052ec	41938cb3	sub	x25,x7,x25	  x7:0x83c52dfe x25:0x00000000 x25=0x83c52dfe
     249015.000 ns	     24900	800052f0	e371fc93	andi	x25,x3,-457	  x3:0x00000000 x25=0x00000000
     249035.000 ns	     24902	800052f4	217e9d53	fsgnjn.s	f26,f29,f23	 f29:0x3f800000 f23:0xffc00000 f26=0x3f800000
     249085.000 ns	     24907	800052f8	00aa7d53	fadd.s	f26,f20,f10	 f20:0x80000000 f10:0x00000000 f26=0x00000000
     249455.000 ns	     24944	800052fc	027fd0b3	divu	x1,x31,x7	 x31:0x80040fe4  x7:0x83c52dfe  x1=0x00000000
     249475.000 ns	     24946	80005300	01a81c33	sll	x24,x16,x26	 x16:0x00000644 x26:0xc1e296ef x24=0x03220000
     249495.000 ns	     24948	80005304	026835b3	mulhu	x11,x16,x6	 x16:0x00000644  x6:0x00000001 x11=0x00000000
     249515.000 ns	     24950	80005308	01d6f9b3	and	x19,x13,x29	 x13:0x00000000 x29:0xc1e296ff x19=0x00000000
     249535.000 ns	     24952	8000530c	d013f0d3	fcvt.s.wu	f1,x7	  x7:0x83c52dfe  f1=0x4f03c52d
     249555.000 ns	     24954	80005310	4026ddb3	sra	x27,x13,x2	 x13:0x00000000  x2:0x00000000 x27=0x00000000
     249575.000 ns	     24956	80005314	d01cf2d3	fcvt.s.wu	f5,x25	 x25:0x00000000  f5=0x00000000
     249605.000 ns	     24959	80005318	a06a0653	fle.s	x12,f20,f6	 f20:0x80000000  f6:0x4e7875a4 x12=0x00000001
     249645.000 ns	     24963	8000531c	11ae7ad3	fmul.s	f21,f28,f26	 f28:0xce7875a4 f26:0x00000000 f21=0x80000000
     249665.000 ns	     24965	80005320	00a95413	srli	x8,x18,0xa	 x18:0x5b0e6000  x8=0x0016c398
     249685.000 ns	     24967	80005324	219d92d3	fsgnjn.s	f5,f27,f25	 f27:0xdd712457 f25:0x7fc00000  f5=0xdd712457
     249715.000 ns	     24970	80005328	a0c28d53	fle.s	x26,f5,f12	  f5:0x00000000 f12:0x5d712458 x26=0x00000001
     250085.000 ns	     25007	8000532c	03d8ec33	rem	x24,x17,x29	 x17:0x00000000 x29:0xc1e296ff x24=0x00000000
     250115.000 ns	     25010	80005330	038609b3	mul	x19,x12,x24	 x12:0x00000001 x24:0x03220000 x19=0x00000000
     250135.000 ns	     25012	80005334	41b0db33	sra	x22,x1,x27	  x1:0x00000000 x27:0x00000000 x22=0x00000000
     250155.000 ns	     25014	80005338	034681b3	mul	x3,x13,x20	 x13:0x00000000 x20:0x80040fe4  x3=0x00000000
     250185.000 ns	     25017	8000533c	f0040453	fmv.w.x	f8,x8	  x8:0x0016c398  f8=0x0016c398
     250205.000 ns	     25019	80005340	01f63333	sltu	x6,x12,x31	 x12:0x00000001 x31:0x80040fe4  x6=0x00000001
     250215.000 ns	     25020	80005344	00cfadb3	slt	x27,x31,x12	 x31:0x80040fe4 x12:0x00000001 x27=0x00000001
     250225.000 ns	     25021	80005348	0131a333	slt	x6,x3,x19	  x3:0x00000000 x19:0x00000000  x6=0x00000000
     250235.000 ns	     25022	8000534c	00abd393	srli	x7,x23,0xa	 x23:0x3e156941  x7=0x000f855a
     250245.000 ns	     25023	80005350	01fc8b33	add	x22,x25,x31	 x25:0x00000000 x31:0x80040fe4 x22=0x80040fe4
     250255.000 ns	     25024	80005354	00715cb3	srl	x25,x2,x7	  x2:0x00000000  x7:0x83c52dfe x25=0x00000000
     250265.000 ns	     25025	80005358	00f98433	add	x8,x19,x15	 x19:0x00000000 x15:0x80041024  x8=0x80041024
     250285.000 ns	     25027	8000535c	a06c81d3	fle.s	x3,f25,f6	 f25:0x7fc00000  f6:0x4e7875a4  x3=0x00000000
     250335.000 ns	     25032	80005360	08927bd3	fsub.s	f23,f4,f9	  f4:0x4e7875a4  f9:0x00000000 f23=0x4e7875a4
     250365.000 ns	     25035	80005364	a17a09d3	fle.s	x19,f20,f23	 f20:0x80000000 f23:0xffc00000 x19=0x00000001
     250395.000 ns	     25038	80005368	c0072153	fcvt.w.s	x2,f14	 f14:0xb9872bfc  x2=0xffffffff
     250415.000 ns	     25040	8000536c	7e36a397	auipc	x7,0x7e36a	  x7=0xfe36f36c
     250425.000 ns	     25041	80005370	ec5c3413	sltiu	x8,x24,-315	 x24:0x00000000  x8=0x00000001
     250445.000 ns	     25043	80005374	03aa17b3	mulh	x15,x20,x26	 x20:0x80040fe4 x26:0x00000001 x15=0xffffffff
     250475.000 ns	     25046	80005378	c00773d3	fcvt.w.s	x7,f14	 f14:0xb9872bfc  x7=0x00000000
     250495.000 ns	     25048	8000537c	00f02bb3	slt	x23,x0,x15	  x0:0x00000000 x15:0xffffffff x23=0x00000000
     250515.000 ns	     25050	80005380	a0cd8753	fle.s	x14,f27,f12	 f27:0xdd712457 f12:0x5d712458 x14=0x00000001
     251695.000 ns	     25168	80005384	580bf3d3	fsqrt.s	f7,f23	 f23:0x4e7875a4  f7=0x46afafc8
     251715.000 ns	     25170	80005388	bb3c9ab7	lui	x21,0xbb3c9	 x21=0xbb3c9000
     251735.000 ns	     25172	8000538c	c007fed3	fcvt.w.s	x29,f15	 f15:0x00000000 x29=0x00000000
     251755.000 ns	     25174	80005390	014b1233	sll	x4,x22,x20	 x22:0x80040fe4 x20:0x80040fe4  x4=0x0040fe40
     251775.000 ns	     25176	80005394	d0057f53	fcvt.s.w	f30,x10	 x10:0xc1e296ff f30=0xce7875a4
     251805.000 ns	     25179	80005398	a0ce2ed3	feq.s	x29,f28,f12	 f28:0xce7875a4 f12:0x5d712458 x29=0x00000000
     251835.000 ns	     25182	8000539c	20d80d53	fsgnj.s	f26,f16,f13	 f16:0xce826587 f13:0x80000000 f26=0xce826587
     251855.000 ns	     25184	800053a0	002d65b3	or	x11,x26,x2	 x26:0x00000001  x2:0xffffffff x11=0xffffffff
     251865.000 ns	     25185	800053a4	e3c14937	lui	x18,0xe3c14	 x18=0xe3c14000
     251885.000 ns	     25187	800053a8	f00b05d3	fmv.w.x	f11,x22	 x22:0x80040fe4 f11=0x80040fe4
     251915.000 ns	     25190	800053ac	29b09cd3	fmax.s	f25,f1,f27	  f1:0x4f03c52d f27:0xdd712457 f25=0x4f03c52d
     251935.000 ns	     25192	800053b0	fdcc4193	xori	x3,x24,-36	 x24:0x00000000  x3=0xffffffdc
     251945.000 ns	     25193	800053b4	4012d0b3	sra	x1,x5,x1	  x5:0x00000000  x1:0x00000000  x1=0x00000000
     251965.000 ns	     25195	800053b8	d01d7453	fcvt.s.wu	f8,x26	 x26:0x00000001  f8=0x3f800000
     251985.000 ns	     25197	800053bc	009dbcb3	sltu	x25,x27,x9	 x27:0x00000001  x9:0x80041024 x25=0x00000001
     252015.000 ns	     25200	800053c0	5807c0d3	fsqrt.s	f1,f15	 f15:0x00000000  f1=0x00000000
     252045.000 ns	     25203	800053c4	f0068053	fmv.w.x	f0,x13	 x13:0x00000000  f0=0x00000000
     252065.000 ns	     25205	800053c8	00000013	addi	x0,x0,0	  x0:0x00000000
     252085.000 ns	     25207	800053cc	031013b3	mulh	x7,x0,x17	  x0:0x00000000 x17:0x00000000  x7=0x00000000
     252105.000 ns	     25209	800053d0	eb903f13	sltiu	x30,x0,-327	  x0:0x00000000 x30=0x00000001
     252125.000 ns	     25211	800053d4	0206d1b3	divu	x3,x13,x0	 x13:0x00000000  x0:0x00000000  x3=0xffffffff
     252145.000 ns	     25213	800053d8	0f5ea193	slti	x3,x29,245	 x29:0x00000000  x3=0x00000001
     252505.000 ns	     25249	800053dc	0281e9b3	rem	x19,x3,x8	  x3:0xffffffff  x8:0x00000001 x19=0x00000000
     252555.000 ns	     25254	800053e0	01f80b53	fadd.s	f22,f16,f31	 f16:0xce826587 f31:0xce826587 f22=0xcf026587
     252595.000 ns	     25258	800053e4	11ee7a53	fmul.s	f20,f28,f30	 f28:0xce7875a4 f30:0xce7875a4 f20=0x5d712424
     252615.000 ns	     25260	800053e8	2d9a3b13	sltiu	x22,x20,729	 x20:0x80040fe4 x22=0x00000000
     252635.000 ns	     25262	800053ec	038a7c33	remu	x24,x20,x24	 x20:0x80040fe4 x24:0x00000000 x24=0x80040fe4
     252655.000 ns	     25264	800053f0	00610cb3	add	x25,x2,x6	  x2:0xffffffff  x6:0x00000000 x25=0xffffffff
     253015.000 ns	     25300	800053f4	02ef5eb3	divu	x29,x30,x14	 x30:0x00000001 x14:0x00000001 x29=0x00000001
     253045.000 ns	     25303	800053f8	d01f7dd3	fcvt.s.wu	f27,x30	 x30:0x00000001 f27=0x3f800000
     253075.000 ns	     25306	800053fc	e0069053	fclass.s	x0,f13	 f13:0x80000000
     253095.000 ns	     25308	80005400	40130a13	addi	x20,x6,1025	  x6:0x00000000 x20=0x00000401
     253115.000 ns	     25310	80005404	a06ba0d3	feq.s	x1,f23,f6	 f23:0x4e7875a4  f6:0x4e7875a4  x1=0x00000001
     253145.000 ns	     25313	80005408	e0041dd3	fclass.s	x27,f8	  f8:0x3f800000 x27=0x00000040
     253165.000 ns	     25315	8000540c	4089ddb3	sra	x27,x19,x8	 x19:0x00000000  x8:0x00000001 x27=0x00000000
     253175.000 ns	     25316	80005410	00688933	add	x18,x17,x6	 x17:0x00000000  x6:0x00000000 x18=0x00000000
     253185.000 ns	     25317	80005414	01dfb633	sltu	x12,x31,x29	 x31:0x80040fe4 x29:0x00000001 x12=0x00000000
     253195.000 ns	     25318	80005418	40a35613	srai	x12,x6,0xa	  x6:0x00000000 x12=0x00000000
     253205.000 ns	     25319	8000541c	40aa07b3	sub	x15,x20,x10	 x20:0x00000401 x10:0xc1e296ff x15=0x3e1d6d02
     253225.000 ns	     25321	80005420	033baab3	mulhsu	x21,x23,x19	 x23:0x00000000 x19:0x00000000 x21=0x00000000
     253245.000 ns	     25323	80005424	57897893	andi	x17,x18,1400	 x18:0x00000000 x17=0x00000000
     253265.000 ns	     25325	80005428	e00a1dd3	fclass.s	x27,f20	 f20:0x5d712424 x27=0x00000040
     253295.000 ns	     25328	8000542c	f00c0dd3	fmv.w.x	f27,x24	 x24:0x80040fe4 f27=0x80040fe4
     253315.000 ns	     25330	80005430	01c1dbb3	srl	x23,x3,x28	  x3:0x00000001 x28:0x00000000 x23=0x00000001
     253325.000 ns	     25331	80005434	01a4d013	srli	x0,x9,0x1a	  x9:0x80041024
     253345.000 ns	     25333	80005438	d01a4fd3	fcvt.s.wu	f31,x20	 x20:0x00000401 f31=0x44802000
     253375.000 ns	     25336	8000543c	21aea253	fsgnjx.s	f4,f29,f26	 f29:0x3f800000 f26:0xce826587  f4=0xbf800000
     253425.000 ns	     25341	80005440	086df7d3	fsub.s	f15,f27,f6	 f27:0x80040fe4  f6:0x4e7875a4 f15=0xce7875a4
     253455.000 ns	     25344	80005444	286c8dd3	fmin.s	f27,f25,f6	 f25:0x4f03c52d  f6:0x4e7875a4 f27=0x4e7875a4
     253475.000 ns	     25346	80005448	01a79213	slli	x4,x15,0x1a	 x15:0x3e1d6d02  x4=0x08000000
     253495.000 ns	     25348	8000544c	c01bfbd3	fcvt.wu.s	x23,f23	 f23:0x4e7875a4 x23=0x3e1d6900
     253525.000 ns	     25351	80005450	f0000b53	fmv.w.x	f22,x0	  x0:0x00000000 f22=0x00000000
     253555.000 ns	     25354	80005454	c0088353	fcvt.w.s	x6,f17	 f17:0x5d712458  x6=0x7fffffff
     253575.000 ns	     25356	80005458	011f8133	add	x2,x31,x17	 x31:0x80040fe4 x17:0x00000000  x2=0x80040fe4
     253595.000 ns	     25358	8000545c	c00ffed3	fcvt.w.s	x29,f31	 f31:0x44802000 x29=0x00000401
     253615.000 ns	     25360	80005460	01d99db3	sll	x27,x19,x29	 x19:0x00000000 x29:0x00000001 x27=0x00000000
     253625.000 ns	     25361	80005464	412e8db3	sub	x27,x29,x18	 x29:0x00000401 x18:0x00000000 x27=0x00000401
     253645.000 ns	     25363	80005468	a09687d3	fle.s	x15,f13,f9	 f13:0x80000000  f9:0x00000000 x15=0x00000001
     253665.000 ns	     25365	8000546c	01bea633	slt	x12,x29,x27	 x29:0x00000401 x27:0x00000000 x12=0x00000000
     253675.000 ns	     25366	80005470	012388b3	add	x17,x7,x18	  x7:0x00000000 x18:0x00000000 x17=0x00000000
     253685.000 ns	     25367	80005474	002b9933	sll	x18,x23,x2	 x23:0x3e1d6900  x2:0x80040fe4 x18=0xe1d69000
     254855.000 ns	     25484	80005478	580b8453	fsqrt.s	f8,f23	 f23:0x4e7875a4  f8=0x46afafc8
     254875.000 ns	     25486	8000547c	74190213	addi	x4,x18,1857	 x18:0x00000000  x4=0xe1d69741
     254895.000 ns	     25488	80005480	02158c33	mul	x24,x11,x1	 x11:0xffffffff  x1:0x00000001 x24=0xffffffff
     254935.000 ns	     25492	80005484	580e76d3	fsqrt.s	f13,f28	 f28:0xce7875a4 f13=0x7fc00000
     254955.000 ns	     25494	80005488	0ebf5897	auipc	x17,0xebf5	 x17=0x8ebfa488
     254975.000 ns	     25496	8000548c	e00701d3	fmv.x.w	x3,f14	 f14:0xb9872bfc  x3=0xb9872bfc
     255005.000 ns	     25499	80005490	290d0f53	fmin.s	f30,f26,f16	 f26:0xce826587 f16:0xce826587 f30=0xce826587
     255345.000 ns	     25533	80005494	18cdf0d3	fdiv.s	f1,f27,f12	 f27:0x4e7875a4 f12:0x5d712458  f1=0x307875a4
     255365.000 ns	     25535	80005498	40f55293	srai	x5,x10,0xf	 x10:0xc1e296ff  x5=0xffff83c5
     255385.000 ns	     25537	8000549c	029682b3	mul	x5,x13,x9	 x13:0x00000000  x9:0x80041024  x5=0x00000000
     255435.000 ns	     25542	800054a0	08647ed3	fsub.s	f29,f8,f6	  f8:0x46afafc8  f6:0x4e7875a4 f29=0xce787444
     255455.000 ns	     25544	800054a4	011f0c33	add	x24,x30,x17	 x30:0x00000001 x17:0x8ebfa488 x24=0x8ebfa489
     255465.000 ns	     25545	800054a8	008f4e33	xor	x28,x30,x8	 x30:0x00000001  x8:0x00000001 x28=0x00000000
     255485.000 ns	     25547	800054ac	02edaab3	mulhsu	x21,x27,x14	 x27:0x00000401 x14:0x00000001 x21=0x00000000
     255515.000 ns	     25550	800054b0	c00b96d3	fcvt.w.s	x13,f23	 f23:0x4e7875a4 x13=0x3e1d6900
     255535.000 ns	     25552	800054b4	5ca1c337	lui	x6,0x5ca1c	  x6=0x5ca1c000
     255545.000 ns	     25553	800054b8	006fba33	sltu	x20,x31,x6	 x31:0x80040fe4  x6:0x7fffffff x20=0x00000000
     255565.000 ns	     25555	800054bc	f00c01d3	fmv.w.x	f3,x24	 x24:0x8ebfa489  f3=0x8ebfa489
     255585.000 ns	     25557	800054c0	e33485b7	lui	x11,0xe3348	 x11=0xe3348000
     256755.000 ns	     25674	800054c4	580bf053	fsqrt.s	f0,f23	 f23:0x4e7875a4  f0=0x46afafc8
     257125.000 ns	     25711	800054c8	03e871b3	remu	x3,x16,x30	 x16:0x00000644 x30:0x00000001  x3=0x00000000
     257145.000 ns	     25713	800054cc	0ff70c13	addi	x24,x14,255	 x14:0x00000001 x24=0x00000100
     257155.000 ns	     25714	800054d0	a3b7ea93	ori	x21,x15,-1477	 x15:0x00000001 x21=0xfffffa3b
     257165.000 ns	     25715	800054d4	7c870d93	addi	x27,x14,1992	 x14:0x00000001 x27=0x000007c9
     257205.000 ns	     25719	800054d8	0081c0d3	fadd.s	f1,f3,f8	  f3:0x8ebfa489  f8:0x46afafc8  f1=0x46afafc8
     257225.000 ns	     25721	800054dc	a1fece17	auipc	x28,0xa1fec	 x28=0x21ff14dc
     257245.000 ns	     25723	800054e0	c017c2d3	fcvt.wu.s	x5,f15	 f15:0xce7875a4  x5=0x3e1d6900
     257275.000 ns	     25726	800054e4	20ce07d3	fsgnj.s	f15,f28,f12	 f28:0xce7875a4 f12:0x5d712458 f15=0x4e7875a4
     257295.000 ns	     25728	800054e8	01e782b3	add	x5,x15,x30	 x15:0x00000001 x30:0x00000001  x5=0x00000002
     257305.000 ns	     25729	800054ec	415c06b3	sub	x13,x24,x21	 x24:0x00000100 x21:0xfffffa3b x13=0x000006c5
     257345.000 ns	     25733	800054f0	00df2cd3	fadd.s	f25,f30,f13	 f30:0xce826587 f13:0x7fc00000 f25=0x7fc00000
     257375.000 ns	     25736	800054f4	02d13833	mulhu	x16,x2,x13	  x2:0x80040fe4 x13:0x3e1d6900 x16=0x00000362
     257745.000 ns	     25773	800054f8	03f6ea33	rem	x20,x13,x31	 x13:0x000006c5 x31:0x80040fe4 x20=0x000006c5
     257765.000 ns	     25775	800054fc	54a4b293	sltiu	x5,x9,1354	  x9:0x80041024  x5=0x00000000
     258125.000 ns	     25811	80005500	0345d1b3	divu	x3,x11,x20	 x11:0xe3348000 x20:0x000006c5  x3=0x00219019
     258145.000 ns	     25813	80005504	00934e33	xor	x28,x6,x9	  x6:0x5ca1c000  x9:0x80041024 x28=0xdca5d024
     258155.000 ns	     25814	80005508	1597b9b7	lui	x19,0x1597b	 x19=0x1597b000
     258175.000 ns	     25816	8000550c	28cf8cd3	fmin.s	f25,f31,f12	 f31:0x44802000 f12:0x5d712458 f25=0x44802000
     258195.000 ns	     25818	80005510	41bcddb3	sra	x27,x25,x27	 x25:0xffffffff x27:0x000007c9 x27=0xffffffff
     258205.000 ns	     25819	80005514	00000013	addi	x0,x0,0	  x0:0x00000000
     258225.000 ns	     25821	80005518	031e3e33	mulhu	x28,x28,x17	 x28:0xdca5d024 x17:0x8ebfa488 x28=0x7b0926f9
     258255.000 ns	     25824	8000551c	216615d3	fsgnjn.s	f11,f12,f22	 f12:0x5d712458 f22:0x00000000 f11=0xdd712458
     258295.000 ns	     25828	80005520	10f22453	fmul.s	f8,f4,f15	  f4:0xbf800000 f15:0x4e7875a4  f8=0xce7875a4
     258315.000 ns	     25830	80005524	002d5bb3	srl	x23,x26,x2	 x26:0x00000001  x2:0x80040fe4 x23=0x00000000
     258645.000 ns	     25863	80005528	18ccb1d3	fdiv.s	f3,f25,f12	 f25:0x44802000 f12:0x5d712458  f3=0x26802000
     258665.000 ns	     25865	8000552c	40ded193	srai	x3,x29,0xd	 x29:0x00000401  x3=0x00000000
     258675.000 ns	     25866	80005530	ac860693	addi	x13,x12,-1336	 x12:0x00000000 x13=0xfffffac8
     258685.000 ns	     25867	80005534	40cf8633	sub	x12,x31,x12	 x31:0x80040fe4 x12:0x00000000 x12=0x80040fe4
     258695.000 ns	     25868	80005538	011fd033	srl	x0,x31,x17	 x31:0x80040fe4 x17:0x8ebfa488
     258715.000 ns	     25870	8000553c	03743ab3	mulhu	x21,x8,x23	  x8:0x00000001 x23:0x00000000 x21=0x00000000
     259085.000 ns	     25907	80005540	03ed53b3	divu	x7,x26,x30	 x26:0x00000001 x30:0x00000001  x7=0x00000001
     259115.000 ns	     25910	80005544	c00a70d3	fcvt.w.s	x1,f20	 f20:0x5d712424  x1=0x7fffffff
     259135.000 ns	     25912	80005548	00aefbb3	and	x23,x29,x10	 x29:0x00000401 x10:0xc1e296ff x23=0x00000401
     259145.000 ns	     25913	8000554c	00000013	addi	x0,x0,0	  x0:0x00000000
     259155.000 ns	     25914	80005550	4083d6b3	sra	x13,x7,x8	  x7:0x00000001  x8:0x00000001 x13=0x00000000
     259165.000 ns	     25915	80005554	00911813	slli	x16,x2,0x9	  x2:0x80040fe4 x16=0x081fc800
     259185.000 ns	     25917	80005558	217621d3	fsgnjx.s	f3,f12,f23	 f12:0x5d712458 f23:0x4e7875a4  f3=0x5d712458
     259205.000 ns	     25919	8000555c	84b27993	andi	x19,x4,-1973	  x4:0xe1d69741 x19=0xe1d69041
     259215.000 ns	     25920	80005560	40a106b3	sub	x13,x2,x10	  x2:0x80040fe4 x10:0xc1e296ff x13=0xbe2178e5
     259225.000 ns	     25921	80005564	005daab3	slt	x21,x27,x5	 x27:0xffffffff  x5:0x00000000 x21=0x00000001
     259235.000 ns	     25922	80005568	8b4c1037	lui	x0,0x8b4c1	
     259245.000 ns	     25923	8000556c	0013d413	srli	x8,x7,0x1	  x7:0x00000001  x8=0x00000000
     259255.000 ns	     25924	80005570	df055297	auipc	x5,0xdf055	  x5=0x5f05a570
     259275.000 ns	     25926	80005574	028c4eb3	div	x29,x24,x8	 x24:0x00000100  x8:0x00000001 x29=0xffffffff
     259305.000 ns	     25929	80005578	c00df2d3	fcvt.w.s	x5,f27	 f27:0x4e7875a4  x5=0x3e1d6900
     259335.000 ns	     25932	8000557c	d000ac53	fcvt.s.w	f24,x1	  x1:0x7fffffff f24=0x4f000000
     259355.000 ns	     25934	80005580	00000013	addi	x0,x0,0	  x0:0x00000000
     259385.000 ns	     25937	80005584	11f531d3	fmul.s	f3,f10,f31	 f10:0x00000000 f31:0x44802000  f3=0x00000000
     259405.000 ns	     25939	80005588	a2e43a13	sltiu	x20,x8,-1490	  x8:0x00000000 x20=0x00000001
     259425.000 ns	     25941	8000558c	e00991d3	fclass.s	x3,f19	 f19:0x5d712458  x3=0x00000040
     259455.000 ns	     25944	80005590	020019b3	mulh	x19,x0,x0	  x0:0x00000000  x0:0x00000000 x19=0x00000000
     259485.000 ns	     25947	80005594	29718653	fmin.s	f12,f3,f23	  f3:0x00000000 f23:0x4e7875a4 f12=0x00000000
     259515.000 ns	     25950	80005598	e0011d53	fclass.s	x26,f2	  f2:0x4f7fffff x26=0x00000040
     259535.000 ns	     25952	8000559c	014f9413	slli	x8,x31,0x14	 x31:0x80040fe4  x8=0xfe400000
     259555.000 ns	     25954	800055a0	d004bd53	fcvt.s.w	f26,x9	  x9:0x80041024 f26=0xcefff7e0
     259575.000 ns	     25956	800055a4	370a8017	auipc	x0,0x370a8	
     259585.000 ns	     25957	800055a8	40ec00b3	sub	x1,x24,x14	 x24:0x00000100 x14:0x00000001  x1=0x000000ff
     259605.000 ns	     25959	800055ac	035306b3	mul	x13,x6,x21	  x6:0x5ca1c000 x21:0x00000001 x13=0x5ca1c000
     259945.000 ns	     25993	800055b0	1983f653	fdiv.s	f12,f7,f24	  f7:0x46afafc8 f24:0x4f000000 f12=0x36afafc8
     259975.000 ns	     25996	800055b4	20a90753	fsgnj.s	f14,f18,f10	 f18:0xdd712457 f10:0x00000000 f14=0x5d712457
     260005.000 ns	     25999	800055b8	a0159453	flt.s	x8,f11,f1	 f11:0xdd712458  f1:0x46afafc8  x8=0x00000001
     260035.000 ns	     26002	800055bc	a09881d3	fle.s	x3,f17,f9	 f17:0x5d712458  f9:0x00000000  x3=0x00000000
     260065.000 ns	     26005	800055c0	c01176d3	fcvt.wu.s	x13,f2	  f2:0x4f7fffff x13=0xffffff00
     260115.000 ns	     26010	800055c4	008279d3	fadd.s	f19,f4,f8	  f4:0xbf800000  f8:0xce7875a4 f19=0xce7875a4
     260135.000 ns	     26012	800055c8	4110d0b3	sra	x1,x1,x17	  x1:0x000000ff x17:0x8ebfa488  x1=0x00000000
     260145.000 ns	     26013	800055cc	002e4233	xor	x4,x28,x2	 x28:0x7b0926f9  x2:0x80040fe4  x4=0xfb0d291d
     260155.000 ns	     26014	800055d0	3af0c113	xori	x2,x1,943	  x1:0x000000ff  x2=0x000003af
     260175.000 ns	     26016	800055d4	c0018453	fcvt.w.s	x8,f3	  f3:0x00000000  x8=0x00000000
     260195.000 ns	     26018	800055d8	01795b93	srli	x23,x18,0x17	 x18:0xe1d69000 x23=0x000001c3
     260205.000 ns	     26019	800055dc	01798633	add	x12,x19,x23	 x19:0x00000000 x23:0x00000401 x12=0x000001c3
     260215.000 ns	     26020	800055e0	49c0f993	andi	x19,x1,1180	  x1:0x00000000 x19=0x00000000
     260235.000 ns	     26022	800055e4	d000f253	fcvt.s.w	f4,x1	  x1:0x00000000  f4=0x00000000
     260265.000 ns	     26025	800055e8	03f0b7b3	mulhu	x15,x1,x31	  x1:0x00000000 x31:0x80040fe4 x15=0x00000000
     260285.000 ns	     26027	800055ec	c5a94997	auipc	x19,0xc5a94	 x19=0x45a995ec
     260295.000 ns	     26028	800055f0	40040833	sub	x16,x8,x0	  x8:0x00000000  x0:0x00000000 x16=0x00000000
     260305.000 ns	     26029	800055f4	011946b3	xor	x13,x18,x17	 x18:0xe1d69000 x17:0x8ebfa488 x13=0x6f693488
     260325.000 ns	     26031	800055f8	c013f8d3	fcvt.wu.s	x17,f7	  f7:0x46afafc8 x17=0x000057d7
     260355.000 ns	     26034	800055fc	281118d3	fmax.s	f17,f2,f1	  f2:0x4f7fffff  f1:0x46afafc8 f17=0x4f7fffff
     260375.000 ns	     26036	80005600	4159d613	srai	x12,x19,0x15	 x19:0x45a995ec x12=0x0000022d
     260735.000 ns	     26072	80005604	0247c333	div	x6,x15,x4	 x15:0x00000000  x4:0xfb0d291d  x6=0x00000000
     260765.000 ns	     26075	80005608	02c185b3	mul	x11,x3,x12	  x3:0x00000000 x12:0x000001c3 x11=0x00000000
     260785.000 ns	     26077	8000560c	50022793	slti	x15,x4,1280	  x4:0xfb0d291d x15=0x00000001
     260795.000 ns	     26078	80005610	40db0933	sub	x18,x22,x13	 x22:0x00000000 x13:0x6f693488 x18=0x9096cb78
     261125.000 ns	     26111	80005614	19c94ed3	fdiv.s	f29,f18,f28	 f18:0xdd712457 f28:0xce7875a4 f29=0x4e712458
     261145.000 ns	     26113	80005618	014beab3	or	x21,x23,x20	 x23:0x000001c3 x20:0x00000001 x21=0x000001c3
     261155.000 ns	     26114	8000561c	00000013	addi	x0,x0,0	  x0:0x00000000
     261165.000 ns	     26115	80005620	00fa72b3	and	x5,x20,x15	 x20:0x00000001 x15:0x00000001  x5=0x00000001
     261175.000 ns	     26116	80005624	017169b3	or	x19,x2,x23	  x2:0x000003af x23:0x000001c3 x19=0x000003ef
     261185.000 ns	     26117	80005628	015eeeb3	or	x29,x29,x21	 x29:0xffffffff x21:0x000001c3 x29=0xffffffff
     261205.000 ns	     26119	8000562c	e0010a53	fmv.x.w	x20,f2	  f2:0x4f7fffff x20=0x4f7fffff
     261255.000 ns	     26124	80005630	010e0ed3	fadd.s	f29,f28,f16	 f28:0xce7875a4 f16:0xce826587 f29=0xcefea059
     261625.000 ns	     26161	80005634	02d576b3	remu	x13,x10,x13	 x10:0xc1e296ff x13:0x6f693488 x13=0x52796277
     261645.000 ns	     26163	80005638	8fecb193	sltiu	x3,x25,-1794	 x25:0xffffffff  x3=0x00000000
     261655.000 ns	     26164	8000563c	01b12eb3	slt	x29,x2,x27	  x2:0x000003af x27:0xffffffff x29=0x00000000
     261675.000 ns	     26166	80005640	28a61653	fmax.s	f12,f12,f10	 f12:0x36afafc8 f10:0x00000000 f12=0x36afafc8
     261705.000 ns	     26169	80005644	a1aba153	feq.s	x2,f23,f26	 f23:0x4e7875a4 f26:0xcefff7e0  x2=0x00000000
     261725.000 ns	     26171	80005648	40b5d013	srai	x0,x11,0xb	 x11:0x00000000
     261735.000 ns	     26172	8000564c	018da3b3	slt	x7,x27,x24	 x27:0xffffffff x24:0x00000100  x7=0x00000001
     261745.000 ns	     26173	80005650	41a85393	srai	x7,x16,0x1a	 x16:0x00000000  x7=0x00000000
     261755.000 ns	     26174	80005654	00bb5bb3	srl	x23,x22,x11	 x22:0x00000000 x11:0x00000000 x23=0x00000000
     261775.000 ns	     26176	80005658	a1f2a7d3	feq.s	x15,f5,f31	  f5:0xdd712457 f31:0x44802000 x15=0x00000000
     261795.000 ns	     26178	8000565c	01a21a33	sll	x20,x4,x26	  x4:0xfb0d291d x26:0x00000040 x20=0xfb0d291d
     262155.000 ns	     26214	80005660	02544bb3	div	x23,x8,x5	  x8:0x00000000  x5:0x00000001 x23=0x00000000
     262525.000 ns	     26251	80005664	03535833	divu	x16,x6,x21	  x6:0x00000000 x21:0x000001c3 x16=0x00000000
     262555.000 ns	     26254	80005668	21d829d3	fsgnjx.s	f19,f16,f29	 f16:0xce826587 f29:0xcefea059 f19=0x4e826587
     262605.000 ns	     26259	8000566c	00ac19d3	fadd.s	f19,f24,f10	 f24:0x4f000000 f10:0x00000000 f19=0x4f000000
     262625.000 ns	     26261	80005670	01371e13	slli	x28,x14,0x13	 x14:0x00000001 x28=0x00080000
     262645.000 ns	     26263	80005674	28fc9553	fmax.s	f10,f25,f15	 f25:0x44802000 f15:0x4e7875a4 f10=0x4e7875a4
     262665.000 ns	     26265	80005678	23eaf913	andi	x18,x21,574	 x21:0x000001c3 x18=0x00000002
     262685.000 ns	     26267	8000567c	a1ab15d3	flt.s	x11,f22,f26	 f22:0x00000000 f26:0xcefff7e0 x11=0x00000000
     262715.000 ns	     26270	80005680	03dbff33	remu	x30,x23,x29	 x23:0x00000000 x29:0x00000000 x30=0x00000000
     262755.000 ns	     26274	80005684	10d2a053	fmul.s	f0,f5,f13	  f5:0xdd712457 f13:0x7fc00000  f0=0x7fc00000
     262775.000 ns	     26276	80005688	00810833	add	x16,x2,x8	  x2:0x00000000  x8:0x00000000 x16=0x00000000
     262785.000 ns	     26277	8000568c	3df3a897	auipc	x17,0x3df3a	 x17=0xbdf3f68c
     262805.000 ns	     26279	80005690	e00216d3	fclass.s	x13,f4	  f4:0x00000000 x13=0x00000010
     262835.000 ns	     26282	80005694	e0001753	fclass.s	x14,f0	  f0:0x7fc00000 x14=0x00000200
     262865.000 ns	     26285	80005698	28ff86d3	fmin.s	f13,f31,f15	 f31:0x44802000 f15:0x4e7875a4 f13=0x44802000
     263235.000 ns	     26322	8000569c	03cd68b3	rem	x17,x26,x28	 x26:0x00000040 x28:0x00080000 x17=0x00000040
     263265.000 ns	     26325	800056a0	d00594d3	fcvt.s.w	f9,x11	 x11:0x00000000  f9=0x00000000
     263285.000 ns	     26327	800056a4	017fb7b3	sltu	x15,x31,x23	 x31:0x80040fe4 x23:0x00000000 x15=0x00000000
     263295.000 ns	     26328	800056a8	4019d9b3	sra	x19,x19,x1	 x19:0x000003ef  x1:0x00000000 x19=0x000003ef
     263315.000 ns	     26330	800056ac	027dc333	div	x6,x27,x7	 x27:0xffffffff  x7:0x00000000  x6=0xffffffff
     263345.000 ns	     26333	800056b0	e00011d3	fclass.s	x3,f0	  f0:0x7fc00000  x3=0x00000200
     263365.000 ns	     26335	800056b4	b8d5aeb7	lui	x29,0xb8d5a	 x29=0xb8d5a000
     263385.000 ns	     26337	800056b8	03cabbb3	mulhu	x23,x21,x28	 x21:0x000001c3 x28:0x00080000 x23=0x00000000
     263415.000 ns	     26340	800056bc	21cb1153	fsgnjn.s	f2,f22,f28	 f22:0x00000000 f28:0xce7875a4  f2=0x00000000
     263435.000 ns	     26342	800056c0	00262033	slt	x0,x12,x2	 x12:0x0000022d  x2:0x00000000
     263475.000 ns	     26346	800056c4	0896a7d3	fsub.s	f15,f13,f9	 f13:0x44802000  f9:0x00000000 f15=0x44802000
     263525.000 ns	     26351	800056c8	00d60e53	fadd.s	f28,f12,f13	 f12:0x36afafc8 f13:0x44802000 f28=0x44802000
     263895.000 ns	     26388	800056cc	02d4d7b3	divu	x15,x9,x13	  x9:0x80041024 x13:0x00000010 x15=0x08004102
     263915.000 ns	     26390	800056d0	00000013	addi	x0,x0,0	  x0:0x00000000
     263935.000 ns	     26392	800056d4	20b32453	fsgnjx.s	f8,f6,f11	  f6:0x4e7875a4 f11:0xdd712458  f8=0xce7875a4
     263955.000 ns	     26394	800056d8	016bde33	srl	x28,x23,x22	 x23:0x00000000 x22:0x00000000 x28=0x00000000
     263965.000 ns	     26395	800056dc	41df0b33	sub	x22,x30,x29	 x30:0x00000000 x29:0xb8d5a000 x22=0x472a6000
     263985.000 ns	     26397	800056e0	29400d53	fmin.s	f26,f0,f20	  f0:0x7fc00000 f20:0x5d712424 f26=0x5d712424
     264025.000 ns	     26401	800056e4	106c74d3	fmul.s	f9,f24,f6	 f24:0x4f000000  f6:0x4e7875a4  f9=0x5df875a4
     264045.000 ns	     26403	800056e8	0136c0b3	xor	x1,x13,x19	 x13:0x00000010 x19:0x000003ef  x1=0x000003ff
     264055.000 ns	     26404	800056ec	00229a93	slli	x21,x5,0x2	  x5:0x00000001 x21=0x00000004
     264065.000 ns	     26405	800056f0	c6f2b413	sltiu	x8,x5,-913	  x5:0x00000001  x8=0x00000001
     264075.000 ns	     26406	800056f4	e3c9bc93	sltiu	x25,x19,-452	 x19:0x000003ef x25=0x00000001
     264085.000 ns	     26407	800056f8	0001ab33	slt	x22,x3,x0	  x3:0x00000200  x0:0x00000000 x22=0x00000000
     264095.000 ns	     26408	800056fc	40f85d93	srai	x27,x16,0xf	 x16:0x00000000 x27=0x00000000
     264105.000 ns	     26409	80005700	00e66833	or	x16,x12,x14	 x12:0x0000022d x14:0x00000200 x16=0x0000022d
     264115.000 ns	     26410	80005704	005c2833	slt	x16,x24,x5	 x24:0x00000100  x5:0x00000001 x16=0x00000000
     264135.000 ns	     26412	80005708	d01d13d3	fcvt.s.wu	f7,x26	 x26:0x00000040  f7=0x42800000
     264155.000 ns	     26414	8000570c	00774333	xor	x6,x14,x7	 x14:0x00000200  x7:0x00000000  x6=0x00000200
     264175.000 ns	     26416	80005710	a1c996d3	flt.s	x13,f19,f28	 f19:0x4f000000 f28:0x44802000 x13=0x00000000
     264205.000 ns	     26419	80005714	d0187cd3	fcvt.s.wu	f25,x16	 x16:0x00000000 f25=0x00000000
     264225.000 ns	     26421	80005718	4c39c893	xori	x17,x19,1219	 x19:0x000003ef x17=0x0000072c
     264245.000 ns	     26423	8000571c	02011433	mulh	x8,x2,x0	  x2:0x00000000  x0:0x00000000  x8=0x00000000
     264265.000 ns	     26425	80005720	004072b3	and	x5,x0,x4	  x0:0x00000000  x4:0xfb0d291d  x5=0x00000000
     264275.000 ns	     26426	80005724	a6f4e717	auipc	x14,0xa6f4e	 x14=0x26f53724
     264295.000 ns	     26428	80005728	285100d3	fmin.s	f1,f2,f5	  f2:0x00000000  f5:0xdd712457  f1=0xdd712457
     264325.000 ns	     26431	8000572c	21c185d3	fsgnj.s	f11,f3,f28	  f3:0x00000000 f28:0x44802000 f11=0x00000000
     264355.000 ns	     26434	80005730	d01b3b53	fcvt.s.wu	f22,x22	 x22:0x00000000 f22=0x00000000
     264375.000 ns	     26436	80005734	00b3d093	srli	x1,x7,0xb	  x7:0x00000000  x1=0x00000000
     264385.000 ns	     26437	80005738	410b4b93	xori	x23,x22,1040	 x22:0x00000000 x23=0x00000410
     264395.000 ns	     26438	8000573c	bd91bbb7	lui	x23,0xbd91b	 x23=0xbd91b000
     264405.000 ns	     26439	80005740	016f45b3	xor	x11,x30,x22	 x30:0x00000000 x22:0x00000000 x11=0x00000000
     264445.000 ns	     26443	80005744	016e7053	fadd.s	f0,f28,f22	 f28:0x44802000 f22:0x00000000  f0=0x44802000
     264475.000 ns	     26446	80005748	e00105d3	fmv.x.w	x11,f2	  f2:0x00000000 x11=0x00000000
     264495.000 ns	     26448	8000574c	018358b3	srl	x17,x6,x24	  x6:0x00000200 x24:0x00000100 x17=0x00000200
     264515.000 ns	     26450	80005750	0339b233	mulhu	x4,x19,x19	 x19:0x000003ef x19:0x000003ef  x4=0x00000000
     264545.000 ns	     26453	80005754	0371ae33	mulhsu	x28,x3,x23	  x3:0x00000200 x23:0xbd91b000 x28=0x0000017b
     264595.000 ns	     26458	80005758	01effcd3	fadd.s	f25,f31,f30	 f31:0x44802000 f30:0xce826587 f25=0xce82657e
     264615.000 ns	     26460	8000575c	97714a93	xori	x21,x2,-1673	  x2:0x00000000 x21=0xfffff977
     264635.000 ns	     26462	80005760	a0300953	fle.s	x18,f0,f3	  f0:0x44802000  f3:0x00000000 x18=0x00000000
     264675.000 ns	     26466	80005764	11dcb8d3	fmul.s	f17,f25,f29	 f25:0xce82657e f29:0xcefea059 f17=0x5e01b260
     264725.000 ns	     26471	80005768	09bf7453	fsub.s	f8,f30,f27	 f30:0xce826587 f27:0x4e7875a4  f8=0xcefea059
     264755.000 ns	     26474	8000576c	c007f5d3	fcvt.w.s	x11,f15	 f15:0x44802000 x11=0x00000401
     264775.000 ns	     26476	80005770	00000013	addi	x0,x0,0	  x0:0x00000000
     264795.000 ns	     26478	80005774	e0060453	fmv.x.w	x8,f12	 f12:0x36afafc8  x8=0x36afafc8
     264825.000 ns	     26481	80005778	a0d20853	fle.s	x16,f4,f13	  f4:0x00000000 f13:0x44802000 x16=0x00000001
     264845.000 ns	     26483	8000577c	00000013	addi	x0,x0,0	  x0:0x00000000
     264855.000 ns	     26484	80005780	0174af33	slt	x30,x9,x23	  x9:0x80041024 x23:0xbd91b000 x30=0x00000001
     264865.000 ns	     26485	80005784	20d05617	auipc	x12,0x20d05	 x12=0xa0d0a784
     264885.000 ns	     26487	80005788	295519d3	fmax.s	f19,f10,f21	 f10:0x4e7875a4 f21:0x80000000 f19=0x4e7875a4
     264915.000 ns	     26490	8000578c	c01f47d3	fcvt.wu.s	x15,f30	 f30:0xce826587 x15=0x4132c380
     264945.000 ns	     26493	80005790	c0187653	fcvt.wu.s	x12,f16	 f16:0xce826587 x12=0x4132c380
     264995.000 ns	     26498	80005794	09a9f3d3	fsub.s	f7,f19,f26	 f19:0x4e7875a4 f26:0x5d712424  f7=0xdd712423
     265025.000 ns	     26501	80005798	e00b16d3	fclass.s	x13,f22	 f22:0x00000000 x13=0x00000010
     265045.000 ns	     26503	8000579c	40a980b3	sub	x1,x19,x10	 x19:0x000003ef x10:0xc1e296ff  x1=0x3e1d6cf0
     265055.000 ns	     26504	800057a0	018130b3	sltu	x1,x2,x24	  x2:0x00000000 x24:0x00000100  x1=0x00000001
     265065.000 ns	     26505	800057a4	41708c33	sub	x24,x1,x23	  x1:0x00000000 x23:0xbd91b000 x24=0x426e5001
     265085.000 ns	     26507	800057a8	28d60ed3	fmin.s	f29,f12,f13	 f12:0x36afafc8 f13:0x44802000 f29=0x36afafc8
     265115.000 ns	     26510	800057ac	a1a02cd3	feq.s	x25,f0,f26	  f0:0x44802000 f26:0x5d712424 x25=0x00000000
     265135.000 ns	     26512	800057b0	01ef40b3	xor	x1,x30,x30	 x30:0x00000001 x30:0x00000001  x1=0x00000000
     265155.000 ns	     26514	800057b4	f00d0dd3	fmv.w.x	f27,x26	 x26:0x00000040 f27=0x00000040
     265175.000 ns	     26516	800057b8	403e5c13	srai	x24,x28,0x3	 x28:0x0000017b x24=0x0000002f
     265195.000 ns	     26518	800057bc	020af033	remu	x0,x21,x0	 x21:0xfffff977  x0:0x00000000
     265225.000 ns	     26521	800057c0	e00193d3	fclass.s	x7,f3	  f3:0x00000000  x7=0x00000010
     265255.000 ns	     26524	800057c4	a06483d3	fle.s	x7,f9,f6	  f9:0x5df875a4  f6:0x4e7875a4  x7=0x00000000
     265625.000 ns	     26561	800057c8	0294ef33	rem	x30,x9,x9	  x9:0x80041024  x9:0x80041024 x30=0x00000000
     265645.000 ns	     26563	800057cc	40845333	sra	x6,x8,x8	  x8:0x36afafc8  x8:0x36afafc8  x6=0x0036afaf
     265655.000 ns	     26564	800057d0	010d3ab3	sltu	x21,x26,x16	 x26:0x00000040 x16:0x00000001 x21=0x00000000
     265675.000 ns	     26566	800057d4	2008af53	fsgnjx.s	f30,f17,f0	 f17:0x5e01b260  f0:0x44802000 f30=0x5e01b260
     266015.000 ns	     26600	800057d8	191873d3	fdiv.s	f7,f16,f17	 f16:0xce826587 f17:0x5e01b260  f7=0xaf826588
     266065.000 ns	     26605	800057dc	0913ffd3	fsub.s	f31,f7,f17	  f7:0xdd712423 f17:0x5e01b260 f31=0xde01b260
     266085.000 ns	     26607	800057e0	00133633	sltu	x12,x6,x1	  x6:0x0036afaf  x1:0x00000000 x12=0x00000000
     266105.000 ns	     26609	800057e4	d0142f53	fcvt.s.wu	f30,x8	  x8:0x36afafc8 f30=0x4e5abec0
     266125.000 ns	     26611	800057e8	db747197	auipc	x3,0xdb747	  x3=0x5b74c7e8
     266145.000 ns	     26613	800057ec	0249dc33	divu	x24,x19,x4	 x19:0x000003ef  x4:0x00000000 x24=0xffffffff
     266185.000 ns	     26617	800057f0	19518453	fdiv.s	f8,f3,f21	  f3:0x00000000 f21:0x80000000  f8=0x7fc00000
     266215.000 ns	     26620	800057f4	212a9d53	fsgnjn.s	f26,f21,f18	 f21:0x80000000 f18:0xdd712457 f26=0x00000000
     266235.000 ns	     26622	800057f8	40acdeb3	sra	x29,x25,x10	 x25:0x00000000 x10:0xc1e296ff x29=0x00000000
     266255.000 ns	     26624	800057fc	c005fb53	fcvt.w.s	x22,f11	 f11:0x00000000 x22=0x00000000
     266275.000 ns	     26626	80005800	8734f113	andi	x2,x9,-1933	  x9:0x80041024  x2=0x80041020
     266285.000 ns	     26627	80005804	001ba633	slt	x12,x23,x1	 x23:0xbd91b000  x1:0x00000000 x12=0x00000001
     266305.000 ns	     26629	80005808	02dc2ab3	mulhsu	x21,x24,x13	 x24:0xffffffff x13:0x00000010 x21=0xffffffff
     266325.000 ns	     26631	8000580c	017130b3	sltu	x1,x2,x23	  x2:0x80041020 x23:0xbd91b000  x1=0x00000001
     266345.000 ns	     26633	80005810	28319453	fmax.s	f8,f3,f3	  f3:0x00000000  f3:0x00000000  f8=0x00000000
     266365.000 ns	     26635	80005814	61f66b17	auipc	x22,0x61f66	 x22=0xe1f6b814
     266385.000 ns	     26637	80005818	28780ad3	fmin.s	f21,f16,f7	 f16:0xce826587  f7:0xaf826588 f21=0xce826587
     266435.000 ns	     26642	8000581c	09af15d3	fsub.s	f11,f30,f26	 f30:0x4e5abec0 f26:0x00000000 f11=0x4e5abec0
     266455.000 ns	     26644	80005820	00d28cb3	add	x25,x5,x13	  x5:0x00000000 x13:0x00000010 x25=0x00000010
     266475.000 ns	     26646	80005824	030e0433	mul	x8,x28,x16	 x28:0x0000017b x16:0x00000001  x8=0x0000017b
     266495.000 ns	     26648	80005828	41685113	srai	x2,x16,0x16	 x16:0x00000001  x2=0x00000000
     266515.000 ns	     26650	8000582c	a0320bd3	fle.s	x23,f4,f3	  f4:0x00000000  f3:0x00000000 x23=0x00000001
     266535.000 ns	     26652	80005830	32d98db7	lui	x27,0x32d98	 x27=0x32d98000
     266865.000 ns	     26685	80005834	1806fad3	fdiv.s	f21,f13,f0	 f13:0x44802000  f0:0x44802000 f21=0x3f494454
     266915.000 ns	     26690	80005838	01337a53	fadd.s	f20,f6,f19	  f6:0x4e7875a4 f19:0x4e7875a4 f20=0x4ef875a4
     266955.000 ns	     26694	8000583c	102c0853	fmul.s	f16,f24,f2	 f24:0x4f000000  f2:0x00000000 f16=0x00000000
     266975.000 ns	     26696	80005840	d5adeb13	ori	x22,x27,-678	 x27:0x32d98000 x22=0xfffffd5a
     266985.000 ns	     26697	80005844	01ecc1b3	xor	x3,x25,x30	 x25:0x00000010 x30:0x00000000  x3=0x00000010
     266995.000 ns	     26698	80005848	00000013	addi	x0,x0,0	  x0:0x00000000
     267015.000 ns	     26700	8000584c	c00c4bd3	fcvt.w.s	x23,f24	 f24:0x4f000000 x23=0x7fffffff
     267065.000 ns	     26705	80005850	09ed7ed3	fsub.s	f29,f26,f30	 f26:0x00000000 f30:0x4e5abec0 f29=0xce5abec0
     267085.000 ns	     26707	80005854	015837b3	sltu	x15,x16,x21	 x16:0x00000001 x21:0xffffffff x15=0x00000001
     267105.000 ns	     26709	80005858	03bd3b33	mulhu	x22,x26,x27	 x26:0x00000040 x27:0x32d98000 x22=0x0000000c
     267135.000 ns	     26712	8000585c	d011fed3	fcvt.s.wu	f29,x3	  x3:0x00000010 f29=0x41800000
     267505.000 ns	     26749	80005860	023c49b3	div	x19,x24,x3	 x24:0xffffffff  x3:0x00000010 x19=0x00000000
     267535.000 ns	     26752	80005864	e0030853	fmv.x.w	x16,f6	  f6:0x4e7875a4 x16=0x4e7875a4
     267565.000 ns	     26755	80005868	a0d803d3	fle.s	x7,f16,f13	 f16:0x00000000 f13:0x44802000  x7=0x00000001
     267595.000 ns	     26758	8000586c	d0127f53	fcvt.s.wu	f30,x4	  x4:0x00000000 f30=0x00000000
     267625.000 ns	     26761	80005870	03dc03b3	mul	x7,x24,x29	 x24:0xffffffff x29:0x00000000  x7=0x00000000
     267645.000 ns	     26763	80005874	a7f40393	addi	x7,x8,-1409	  x8:0x0000017b  x7=0xfffffbfa
     268005.000 ns	     26799	80005878	03a253b3	divu	x7,x4,x26	  x4:0x00000000 x26:0x00000040  x7=0x00000000
     268025.000 ns	     26801	8000587c	41ec5bb3	sra	x23,x24,x30	 x24:0xffffffff x30:0x00000000 x23=0xffffffff
     268035.000 ns	     26802	80005880	012b20b3	slt	x1,x22,x18	 x22:0x0000000c x18:0x00000000  x1=0x00000000
     268055.000 ns	     26804	80005884	020d36b3	mulhu	x13,x26,x0	 x26:0x00000040  x0:0x00000000 x13=0x00000000
     268085.000 ns	     26807	80005888	21859a53	fsgnjn.s	f20,f11,f24	 f11:0x4e5abec0 f24:0x4f000000 f20=0xce5abec0
     268115.000 ns	     26810	8000588c	d007f1d3	fcvt.s.w	f3,x15	 x15:0x00000001  f3=0x3f800000
     268135.000 ns	     26812	80005890	002ae833	or	x16,x21,x2	 x21:0xffffffff  x2:0x00000000 x16=0xffffffff
     268145.000 ns	     26813	80005894	0dcc6713	ori	x14,x24,220	 x24:0xffffffff x14=0xffffffff
     268165.000 ns	     26815	80005898	21b403d3	fsgnj.s	f7,f8,f27	  f8:0x00000000 f27:0x00000040  f7=0x00000000
     268195.000 ns	     26818	8000589c	e00d97d3	fclass.s	x15,f27	 f27:0x00000040 x15=0x00000020
     268215.000 ns	     26820	800058a0	41c45793	srai	x15,x8,0x1c	  x8:0x0000017b x15=0x00000000
     268235.000 ns	     26822	800058a4	e0069453	fclass.s	x8,f13	 f13:0x44802000  x8=0x00000040
     268255.000 ns	     26824	800058a8	70860413	addi	x8,x12,1800	 x12:0x00000001  x8=0x00000709
     268275.000 ns	     26826	800058ac	03b829b3	mulhsu	x19,x16,x27	 x16:0xffffffff x27:0x32d98000 x19=0xffffffff
     268305.000 ns	     26829	800058b0	e00b85d3	fmv.x.w	x11,f23	 f23:0x4e7875a4 x11=0x4e7875a4
     268325.000 ns	     26831	800058b4	097d8093	addi	x1,x27,151	 x27:0x32d98000  x1=0x32d98097
     268345.000 ns	     26833	800058b8	e0008053	fmv.x.w	x0,f1	  f1:0xdd712457
     268375.000 ns	     26836	800058bc	28239653	fmax.s	f12,f7,f2	  f7:0x00000000  f2:0x00000000 f12=0x00000000
     268415.000 ns	     26840	800058c0	1058f853	fmul.s	f16,f17,f5	 f17:0x5e01b260  f5:0xdd712457 f16=0xfbf456ac
     268445.000 ns	     26843	800058c4	02161c33	mulh	x24,x12,x1	 x12:0x00000001  x1:0x32d98097 x24=0x00000000
     268475.000 ns	     26846	800058c8	a1700253	fle.s	x4,f0,f23	  f0:0x44802000 f23:0x4e7875a4  x4=0x00000001
     268495.000 ns	     26848	800058cc	5d1d3393	sltiu	x7,x26,1489	 x26:0x00000040  x7=0x00000001
     268505.000 ns	     26849	800058d0	0099f3b3	and	x7,x19,x9	 x19:0xffffffff  x9:0x80041024  x7=0x80041024
     268865.000 ns	     26885	800058d4	036cd333	divu	x6,x25,x22	 x25:0x00000010 x22:0x0000000c  x6=0x00000001
     268885.000 ns	     26887	800058d8	a12e8613	addi	x12,x29,-1518	 x29:0x00000000 x12=0xfffffa12
     268895.000 ns	     26888	800058dc	00ad21b3	slt	x3,x26,x10	 x26:0x00000040 x10:0xc1e296ff  x3=0x00000000
     268915.000 ns	     26890	800058e0	f0080753	fmv.w.x	f14,x16	 x16:0xffffffff f14=0xffffffff
     268935.000 ns	     26892	800058e4	00b49693	slli	x13,x9,0xb	  x9:0x80041024 x13=0x20812000
     268955.000 ns	     26894	800058e8	f00f0853	fmv.w.x	f16,x30	 x30:0x00000000 f16=0x00000000
     268975.000 ns	     26896	800058ec	bd697793	andi	x15,x18,-1066	 x18:0x00000000 x15=0x00000000
     268985.000 ns	     26897	800058f0	017abdb3	sltu	x27,x21,x23	 x21:0xffffffff x23:0xffffffff x27=0x00000000
     269025.000 ns	     26901	800058f4	00207853	fadd.s	f16,f0,f2	  f0:0x44802000  f2:0x00000000 f16=0x44802000
     269055.000 ns	     26904	800058f8	a09c8b53	fle.s	x22,f25,f9	 f25:0xce82657e  f9:0x5df875a4 x22=0x00000001
     269075.000 ns	     26906	800058fc	15cda793	slti	x15,x27,348	 x27:0x00000000 x15=0x00000001
     269095.000 ns	     26908	80005900	219029d3	fsgnjx.s	f19,f0,f25	  f0:0x44802000 f25:0xce82657e f19=0xc4802000
     269125.000 ns	     26911	80005904	a1f7acd3	feq.s	x25,f15,f31	 f15:0x44802000 f31:0xde01b260 x25=0x00000000
     269495.000 ns	     26948	80005908	026546b3	div	x13,x10,x6	 x10:0xc1e296ff  x6:0x00000001 x13=0xc1e296ff
     269525.000 ns	     26951	8000590c	02118733	mul	x14,x3,x1	  x3:0x00000000  x1:0x32d98097 x14=0x00000000
     269555.000 ns	     26954	80005910	a0560ed3	fle.s	x29,f12,f5	 f12:0x00000000  f5:0xdd712457 x29=0x00000000
     269575.000 ns	     26956	80005914	009af633	and	x12,x21,x9	 x21:0xffffffff  x9:0x80041024 x12=0x80041024
     269595.000 ns	     26958	80005918	03f6a033	mulhsu	x0,x13,x31	 x13:0xc1e296ff x31:0x80040fe4
     269625.000 ns	     26961	8000591c	02e7fab3	remu	x21,x15,x14	 x15:0x00000001 x14:0x00000000 x21=0x00000001
     269655.000 ns	     26964	80005920	f0058fd3	fmv.w.x	f31,x11	 x11:0x4e7875a4 f31=0x4e7875a4
     269675.000 ns	     26966	80005924	418108b3	sub	x17,x2,x24	  x2:0x00000000 x24:0x00000000 x17=0x00000000
     269685.000 ns	     26967	80005928	00119f13	slli	x30,x3,0x1	  x3:0x00000000 x30=0x00000000
     269695.000 ns	     26968	8000592c	00000013	addi	x0,x0,0	  x0:0x00000000
     269705.000 ns	     26969	80005930	011b4bb3	xor	x23,x22,x17	 x22:0x00000001 x17:0x00000000 x23=0x00000001
     269725.000 ns	     26971	80005934	02f013b3	mulh	x7,x0,x15	  x0:0x00000000 x15:0x00000001  x7=0x00000000
     269745.000 ns	     26973	80005938	44976b93	ori	x23,x14,1097	 x14:0x00000000 x23=0x00000449
     269765.000 ns	     26975	8000593c	020d0bb3	mul	x23,x26,x0	 x26:0x00000040  x0:0x00000000 x23=0x00000000
     269795.000 ns	     26978	80005940	c00c7dd3	fcvt.w.s	x27,f24	 f24:0x4f000000 x27=0x7fffffff
     269815.000 ns	     26980	80005944	38bb2013	slti	x0,x22,907	 x22:0x00000001
     269835.000 ns	     26982	80005948	e0010b53	fmv.x.w	x22,f2	  f2:0x00000000 x22=0x00000000
     269855.000 ns	     26984	8000594c	0165dcb3	srl	x25,x11,x22	 x11:0x4e7875a4 x22:0x00000001 x25=0x4e7875a4
     269875.000 ns	     26986	80005950	c012f8d3	fcvt.wu.s	x17,f5	  f5:0xdd712457 x17=0x00000000
     269895.000 ns	     26988	80005954	c15c4413	xori	x8,x24,-1003	 x24:0x00000000  x8=0xfffffc15
     269915.000 ns	     26990	80005958	d00dc6d3	fcvt.s.w	f13,x27	 x27:0x7fffffff f13=0x4f000000
     269935.000 ns	     26992	8000595c	9c21a813	slti	x16,x3,-1598	  x3:0x00000000 x16=0x00000000
     269955.000 ns	     26994	80005960	a1ab19d3	flt.s	x19,f22,f26	 f22:0x00000000 f26:0x00000000 x19=0x00000000
     269975.000 ns	     26996	80005964	01167f33	and	x30,x12,x17	 x12:0x80041024 x17:0x00000000 x30=0x00000000
     269995.000 ns	     26998	80005968	0332c033	div	x0,x5,x19	  x5:0x00000000 x19:0x00000000
     270035.000 ns	     27002	8000596c	10d475d3	fmul.s	f11,f8,f13	  f8:0x00000000 f13:0x4f000000 f11=0x00000000
     270055.000 ns	     27004	80005970	01965f13	srli	x30,x12,0x19	 x12:0x80041024 x30=0x00000040
     270075.000 ns	     27006	80005974	a08b2753	feq.s	x14,f22,f8	 f22:0x00000000  f8:0x00000000 x14=0x00000001
     270115.000 ns	     27010	80005978	11e47b53	fmul.s	f22,f8,f30	  f8:0x00000000 f30:0x00000000 f22=0x00000000
     270135.000 ns	     27012	8000597c	6168d337	lui	x6,0x6168d	  x6=0x6168d000
     270155.000 ns	     27014	80005980	a02ba353	feq.s	x6,f23,f2	 f23:0x4e7875a4  f2:0x00000000  x6=0x00000000
     270175.000 ns	     27016	80005984	4c4a9137	lui	x2,0x4c4a9	  x2=0x4c4a9000
     270195.000 ns	     27018	80005988	29521f53	fmax.s	f30,f4,f21	  f4:0x00000000 f21:0x3f494454 f30=0x3f494454
     270225.000 ns	     27021	8000598c	a1752053	feq.s	x0,f10,f23	 f10:0x4e7875a4 f23:0x4e7875a4
     270255.000 ns	     27024	80005990	c0029053	fcvt.w.s	x0,f5	  f5:0xdd712457
     270275.000 ns	     27026	80005994	18b0f893	andi	x17,x1,395	  x1:0x32d98097 x17=0x00000083
     270285.000 ns	     27027	80005998	00925333	srl	x6,x4,x9	  x4:0x00000001  x9:0x80041024  x6=0x00000000
     270305.000 ns	     27029	8000599c	c0007053	fcvt.w.s	x0,f0	  f0:0x44802000
     270325.000 ns	     27031	800059a0	00000013	addi	x0,x0,0	  x0:0x00000000
     270335.000 ns	     27032	800059a4	00000013	addi	x0,x0,0	  x0:0x00000000
     270345.000 ns	     27033	800059a8	0ea04893	xori	x17,x0,234	  x0:0x00000000 x17=0x000000ea
     270355.000 ns	     27034	800059ac	40338233	sub	x4,x7,x3	  x7:0x00000000  x3:0x00000000  x4=0x00000000
     270375.000 ns	     27036	800059b0	d000fa53	fcvt.s.w	f20,x1	  x1:0x32d98097 f20=0x4e4b6602
     270395.000 ns	     27038	800059b4	0125fe33	and	x28,x11,x18	 x11:0x4e7875a4 x18:0x00000000 x28=0x00000000
     270415.000 ns	     27040	800059b8	a1c6a2d3	feq.s	x5,f13,f28	 f13:0x4f000000 f28:0x44802000  x5=0x00000000
     270435.000 ns	     27042	800059bc	8a05bc13	sltiu	x24,x11,-1888	 x11:0x4e7875a4 x24=0x00000001
     270445.000 ns	     27043	800059c0	ff5f5d17	auipc	x26,0xff5f5	 x26=0x7f5fa9c0
     270455.000 ns	     27044	800059c4	00a01333	sll	x6,x0,x10	  x0:0x00000000 x10:0xc1e296ff  x6=0x00000000
     270475.000 ns	     27046	800059c8	037ec0b3	div	x1,x29,x23	 x29:0x00000000 x23:0x00000000  x1=0xffffffff
     270515.000 ns	     27050	800059cc	18b079d3	fdiv.s	f19,f0,f11	  f0:0x44802000 f11:0x00000000 f19=0x7f800000
     270545.000 ns	     27053	800059d0	a1001253	flt.s	x4,f0,f16	  f0:0x44802000 f16:0x44802000  x4=0x00000000
     270575.000 ns	     27056	800059d4	c00c3b53	fcvt.w.s	x22,f24	 f24:0x4f000000 x22=0x7fffffff
     270605.000 ns	     27059	800059d8	032497b3	mulh	x15,x9,x18	  x9:0x80041024 x18:0x00000000 x15=0x00000000
     270635.000 ns	     27062	800059dc	29599dd3	fmax.s	f27,f19,f21	 f19:0x7f800000 f21:0x3f494454 f27=0x7f800000
     270665.000 ns	     27065	800059e0	0204d833	divu	x16,x9,x0	  x9:0x80041024  x0:0x00000000 x16=0xffffffff
     270685.000 ns	     27067	800059e4	01f3e033	or	x0,x7,x31	  x7:0x00000000 x31:0x80040fe4
     270695.000 ns	     27068	800059e8	9daf7b13	andi	x22,x30,-1574	 x30:0x00000040 x22=0x00000040
     270705.000 ns	     27069	800059ec	01459a13	slli	x20,x11,0x14	 x11:0x4e7875a4 x20=0x5a400000
     270715.000 ns	     27070	800059f0	5e07b617	auipc	x12,0x5e07b	 x12=0xde0809f0
     270725.000 ns	     27071	800059f4	40f300b3	sub	x1,x6,x15	  x6:0x00000000 x15:0x00000000  x1=0x00000000
     270765.000 ns	     27075	800059f8	0969f653	fsub.s	f12,f19,f22	 f19:0x7f800000 f22:0x00000000 f12=0x7f800000
     270785.000 ns	     27077	800059fc	67de6b13	ori	x22,x28,1661	 x28:0x00000000 x22=0x0000067d
     270795.000 ns	     27078	80005a00	404add93	srai	x27,x21,0x4	 x21:0x00000001 x27=0x00000000
     270815.000 ns	     27080	80005a04	2138a353	fsgnjx.s	f6,f17,f19	 f17:0x5e01b260 f19:0x7f800000  f6=0x5e01b260
     270835.000 ns	     27082	80005a08	006bdeb3	srl	x29,x23,x6	 x23:0x00000000  x6:0x00000000 x29=0x00000000
     270855.000 ns	     27084	80005a0c	02b68633	mul	x12,x13,x11	 x13:0xc1e296ff x11:0x4e7875a4 x12=0x3db3465c
     270885.000 ns	     27087	80005a10	20f814d3	fsgnjn.s	f9,f16,f15	 f16:0x44802000 f15:0x44802000  f9=0xc4802000
     270905.000 ns	     27089	80005a14	00cb90b3	sll	x1,x23,x12	 x23:0x00000000 x12:0x3db3465c  x1=0x00000000
     270935.000 ns	     27092	80005a18	18959b53	fdiv.s	f22,f11,f9	 f11:0x00000000  f9:0xc4802000 f22=0x80000000
     270965.000 ns	     27095	80005a1c	29df8e53	fmin.s	f28,f31,f29	 f31:0x4e7875a4 f29:0x41800000 f28=0x41800000
     270995.000 ns	     27098	80005a20	21082d53	fsgnjx.s	f26,f16,f16	 f16:0x44802000 f16:0x44802000 f26=0x44802000
     271015.000 ns	     27100	80005a24	41e553b3	sra	x7,x10,x30	 x10:0xc1e296ff x30:0x00000040  x7=0xc1e296ff
     271025.000 ns	     27101	80005a28	a340b093	sltiu	x1,x1,-1484	  x1:0x00000000  x1=0x00000001
     271035.000 ns	     27102	80005a2c	01df1413	slli	x8,x30,0x1d	 x30:0x00000040  x8=0x00000000
     271045.000 ns	     27103	80005a30	efc50a93	addi	x21,x10,-260	 x10:0xc1e296ff x21=0xc1e295fb
     271065.000 ns	     27105	80005a34	c017ff53	fcvt.wu.s	x30,f15	 f15:0x44802000 x30=0x00000401
     271095.000 ns	     27108	80005a38	20019bd3	fsgnjn.s	f23,f3,f0	  f3:0x3f800000  f0:0x44802000 f23=0xbf800000
     271125.000 ns	     27111	80005a3c	c007fa53	fcvt.w.s	x20,f15	 f15:0x44802000 x20=0x00000401
     271145.000 ns	     27113	80005a40	412b0db3	sub	x27,x22,x18	 x22:0x0000067d x18:0x00000000 x27=0x0000067d
     271165.000 ns	     27115	80005a44	a0bc09d3	fle.s	x19,f24,f11	 f24:0x4f000000 f11:0x00000000 x19=0x00000000
     271185.000 ns	     27117	80005a48	0082bc33	sltu	x24,x5,x8	  x5:0x00000000  x8:0x00000000 x24=0x00000000
     271195.000 ns	     27118	80005a4c	412782b3	sub	x5,x15,x18	 x15:0x00000000 x18:0x00000000  x5=0x00000000
     271205.000 ns	     27119	80005a50	00000013	addi	x0,x0,0	  x0:0x00000000
     271215.000 ns	     27120	80005a54	0178c8b3	xor	x17,x17,x23	 x17:0x000000ea x23:0x00000000 x17=0x000000ea
     271225.000 ns	     27121	80005a58	40a15f33	sra	x30,x2,x10	  x2:0x4c4a9000 x10:0xc1e296ff x30=0x00000000
     271235.000 ns	     27122	80005a5c	010ad813	srli	x16,x21,0x10	 x21:0xc1e295fb x16=0x0000c1e2
     271255.000 ns	     27124	80005a60	21e12d53	fsgnjx.s	f26,f2,f30	  f2:0x00000000 f30:0x3f494454 f26=0x00000000
     271275.000 ns	     27126	80005a64	01c27633	and	x12,x4,x28	  x4:0x00000000 x28:0x00000000 x12=0x00000000
     271295.000 ns	     27128	80005a68	025b9db3	mulh	x27,x23,x5	 x23:0x00000000  x5:0x00000000 x27=0x00000000
     271325.000 ns	     27131	80005a6c	20819f53	fsgnjn.s	f30,f3,f8	  f3:0x3f800000  f8:0x00000000 f30=0xbf800000
     271345.000 ns	     27133	80005a70	417a8833	sub	x16,x21,x23	 x21:0xc1e295fb x23:0x00000000 x16=0xc1e295fb
     271365.000 ns	     27135	80005a74	28df9ed3	fmax.s	f29,f31,f13	 f31:0x4e7875a4 f13:0x4f000000 f29=0x4f000000
     271395.000 ns	     27138	80005a78	02f366b3	rem	x13,x6,x15	  x6:0x00000000 x15:0x00000000 x13=0x00000000
     271415.000 ns	     27140	80005a7c	014ea8b3	slt	x17,x29,x20	 x29:0x00000000 x20:0x00000401 x17=0x00000001
     271435.000 ns	     27142	80005a80	03819eb3	mulh	x29,x3,x24	  x3:0x00000000 x24:0x00000000 x29=0x00000000
     271455.000 ns	     27144	80005a84	da503793	sltiu	x15,x0,-603	  x0:0x00000000 x15=0x00000001
     271465.000 ns	     27145	80005a88	9829af13	slti	x30,x19,-1662	 x19:0x00000000 x30=0x00000000
     271475.000 ns	     27146	80005a8c	00000013	addi	x0,x0,0	  x0:0x00000000
     271485.000 ns	     27147	80005a90	41bc0b33	sub	x22,x24,x27	 x24:0x00000000 x27:0x00000000 x22=0x00000000
     271495.000 ns	     27148	80005a94	f8bb8993	addi	x19,x23,-117	 x23:0x00000000 x19=0xffffff8b
     271515.000 ns	     27150	80005a98	02739eb3	mulh	x29,x7,x7	  x7:0xc1e296ff  x7:0xc1e296ff x29=0x0f12423d
     271545.000 ns	     27153	80005a9c	036c8bb3	mul	x23,x25,x22	 x25:0x4e7875a4 x22:0x00000000 x23=0x00000000
     271565.000 ns	     27155	80005aa0	0196fcb3	and	x25,x13,x25	 x13:0x00000000 x25:0x4e7875a4 x25=0x00000000
     271575.000 ns	     27156	80005aa4	01f731b3	sltu	x3,x14,x31	 x14:0x00000001 x31:0x80040fe4  x3=0x00000001
     271585.000 ns	     27157	80005aa8	00303433	sltu	x8,x0,x3	  x0:0x00000000  x3:0x00000000  x8=0x00000001
     271595.000 ns	     27158	80005aac	d72aa993	slti	x19,x21,-654	 x21:0xc1e295fb x19=0x00000001
     271605.000 ns	     27159	80005ab0	00b956b3	srl	x13,x18,x11	 x18:0x00000000 x11:0x4e7875a4 x13=0x00000000
     271615.000 ns	     27160	80005ab4	9220cb13	xori	x22,x1,-1758	  x1:0x00000001 x22=0xfffff923
     271635.000 ns	     27162	80005ab8	027e38b3	mulhu	x17,x28,x7	 x28:0x00000000  x7:0xc1e296ff x17=0x00000000
     272005.000 ns	     27199	80005abc	0296fcb3	remu	x25,x13,x9	 x13:0x00000000  x9:0x80041024 x25=0x00000000
     272035.000 ns	     27202	80005ac0	c008f3d3	fcvt.w.s	x7,f17	 f17:0x5e01b260  x7=0x7fffffff
     272065.000 ns	     27205	80005ac4	d0037053	fcvt.s.w	f0,x6	  x6:0x00000000  f0=0x00000000
     272095.000 ns	     27208	80005ac8	c015f953	fcvt.wu.s	x18,f11	 f11:0x00000000 x18=0x00000000
     272145.000 ns	     27213	80005acc	01d5f953	fadd.s	f18,f11,f29	 f11:0x00000000 f29:0x4f000000 f18=0x4f000000
     272165.000 ns	     27215	80005ad0	00275b93	srli	x23,x14,0x2	 x14:0x00000001 x23=0x00000000
     272185.000 ns	     27217	80005ad4	d019f553	fcvt.s.wu	f10,x19	 x19:0x00000001 f10=0x3f800000
     272555.000 ns	     27254	80005ad8	0332d8b3	divu	x17,x5,x19	  x5:0x00000000 x19:0x00000001 x17=0x00000000
     272575.000 ns	     27256	80005adc	67718a13	addi	x20,x3,1655	  x3:0x00000001 x20=0x00000678
     272595.000 ns	     27258	80005ae0	03830a33	mul	x20,x6,x24	  x6:0x00000000 x24:0x00000000 x20=0x00000000
     272635.000 ns	     27262	80005ae4	580074d3	fsqrt.s	f9,f0	  f0:0x00000000  f9=0x00000000
     272675.000 ns	     27266	80005ae8	11a5f153	fmul.s	f2,f11,f26	 f11:0x00000000 f26:0x00000000  f2=0x00000000
     272695.000 ns	     27268	80005aec	01f20d33	add	x26,x4,x31	  x4:0x00000000 x31:0x80040fe4 x26=0x80040fe4
     272715.000 ns	     27270	80005af0	c0152f53	fcvt.wu.s	x30,f10	 f10:0x3f800000 x30=0x00000001
     272735.000 ns	     27272	80005af4	b114c293	xori	x5,x9,-1263	  x9:0x80041024  x5=0x7ffbeb35
     272745.000 ns	     27273	80005af8	001dde93	srli	x29,x27,0x1	 x27:0x00000000 x29=0x00000000
     272765.000 ns	     27275	80005afc	d019f0d3	fcvt.s.wu	f1,x19	 x19:0x00000001  f1=0x3f800000
     272795.000 ns	     27278	80005b00	039b2733	mulhsu	x14,x22,x25	 x22:0xfffff923 x25:0x00000000 x14=0x00000000
     272825.000 ns	     27281	80005b04	02dadd33	divu	x26,x21,x13	 x21:0xc1e295fb x13:0x00000000 x26=0xffffffff
     272845.000 ns	     27283	80005b08	00000013	addi	x0,x0,0	  x0:0x00000000
     272865.000 ns	     27285	80005b0c	a13fa9d3	feq.s	x19,f31,f19	 f31:0x4e7875a4 f19:0x7f800000 x19=0x00000000
     272885.000 ns	     27287	80005b10	411dd6b3	sra	x13,x27,x17	 x27:0x00000000 x17:0x00000000 x13=0x00000000
     272905.000 ns	     27289	80005b14	e00c8f53	fmv.x.w	x30,f25	 f25:0xce82657e x30=0xce82657e
     272935.000 ns	     27292	80005b18	026c39b3	mulhu	x19,x24,x6	 x24:0x00000000  x6:0x00000000 x19=0x00000000
     272965.000 ns	     27295	80005b1c	c01dff53	fcvt.wu.s	x30,f27	 f27:0x7f800000 x30=0xffffffff
     272985.000 ns	     27297	80005b20	0010aeb3	slt	x29,x1,x1	  x1:0x00000001  x1:0x00000001 x29=0x00000000
     272995.000 ns	     27298	80005b24	dd670293	addi	x5,x14,-554	 x14:0x00000000  x5=0xfffffdd6
     273015.000 ns	     27300	80005b28	295e9fd3	fmax.s	f31,f29,f21	 f29:0x4f000000 f21:0x3f494454 f31=0x4f000000
     273035.000 ns	     27302	80005b2c	0cb54037	lui	x0,0xcb54	
     273065.000 ns	     27305	80005b30	191178d3	fdiv.s	f17,f2,f17	  f2:0x00000000 f17:0x5e01b260 f17=0x00000000
     273085.000 ns	     27307	80005b34	6baab793	sltiu	x15,x21,1722	 x21:0xc1e295fb x15=0x00000000
     273105.000 ns	     27309	80005b38	20a1a4d3	fsgnjx.s	f9,f3,f10	  f3:0x3f800000 f10:0x3f800000  f9=0x3f800000
     273135.000 ns	     27312	80005b3c	29f50d53	fmin.s	f26,f10,f31	 f10:0x3f800000 f31:0x4f000000 f26=0x3f800000
     273155.000 ns	     27314	80005b40	01056eb3	or	x29,x10,x16	 x10:0xc1e296ff x16:0xc1e295fb x29=0xc1e297ff
     273175.000 ns	     27316	80005b44	d019fd53	fcvt.s.wu	f26,x19	 x19:0x00000000 f26=0x00000000
     273205.000 ns	     27319	80005b48	033d0033	mul	x0,x26,x19	 x26:0xffffffff x19:0x00000000
     273235.000 ns	     27322	80005b4c	d006a8d3	fcvt.s.w	f17,x13	 x13:0x00000000 f17=0x00000000
     273265.000 ns	     27325	80005b50	e0051153	fclass.s	x2,f10	 f10:0x3f800000  x2=0x00000040
     274445.000 ns	     27443	80005b54	580a74d3	fsqrt.s	f9,f20	 f20:0x4e4b6602  f9=0x468fd30b
     274465.000 ns	     27445	80005b58	403ed813	srai	x16,x29,0x3	 x29:0xc1e297ff x16=0xf83c52ff
     274505.000 ns	     27449	80005b5c	099fbe53	fsub.s	f28,f31,f25	 f31:0x4f000000 f25:0xce82657e f28=0x4f4132bf
     274525.000 ns	     27451	80005b60	004b7933	and	x18,x22,x4	 x22:0xfffff923  x4:0x00000000 x18=0x00000000
     274545.000 ns	     27453	80005b64	20802dd3	fsgnjx.s	f27,f0,f8	  f0:0x00000000  f8:0x00000000 f27=0x00000000
     274565.000 ns	     27455	80005b68	00f9ac33	slt	x24,x19,x15	 x19:0x00000000 x15:0x00000000 x24=0x00000000
     274605.000 ns	     27459	80005b6c	00167dd3	fadd.s	f27,f12,f1	 f12:0x7f800000  f1:0x3f800000 f27=0x7f800000
     274635.000 ns	     27462	80005b70	03791f33	mulh	x30,x18,x23	 x18:0x00000000 x23:0x00000000 x30=0x00000000
     274655.000 ns	     27464	80005b74	009edf33	srl	x30,x29,x9	 x29:0xc1e297ff  x9:0x80041024 x30=0x0c1e297f
     274665.000 ns	     27465	80005b78	0084e733	or	x14,x9,x8	  x9:0x80041024  x8:0x00000001 x14=0x80041025
     274675.000 ns	     27466	80005b7c	00b6eab3	or	x21,x13,x11	 x13:0x00000000 x11:0x4e7875a4 x21=0x4e7875a4
     274695.000 ns	     27468	80005b80	033d21b3	mulhsu	x3,x26,x19	 x26:0xffffffff x19:0x00000000  x3=0x00000000
     274715.000 ns	     27470	80005b84	8dc53f13	sltiu	x30,x10,-1828	 x10:0xc1e296ff x30=0x00000001
     274755.000 ns	     27474	80005b88	01ab3653	fadd.s	f12,f22,f26	 f22:0x80000000 f26:0x00000000 f12=0x00000000
     274775.000 ns	     27476	80005b8c	98fcb697	auipc	x13,0x98fcb	 x13=0x18fd0b8c
     274785.000 ns	     27477	80005b90	01103e33	sltu	x28,x0,x17	  x0:0x00000000 x17:0x00000000 x28=0x00000000
     274805.000 ns	     27479	80005b94	a14caf53	feq.s	x30,f25,f20	 f25:0xce82657e f20:0x4e4b6602 x30=0x00000000
     274835.000 ns	     27482	80005b98	200493d3	fsgnjn.s	f7,f9,f0	  f9:0x468fd30b  f0:0x00000000  f7=0xc68fd30b
     274865.000 ns	     27485	80005b9c	c01ef453	fcvt.wu.s	x8,f29	 f29:0x4f000000  x8=0x80000000
     274895.000 ns	     27488	80005ba0	02f8fe33	remu	x28,x17,x15	 x17:0x00000000 x15:0x00000000 x28=0x00000000
     274915.000 ns	     27490	80005ba4	09306797	auipc	x15,0x9306	 x15=0x8930bba4
     274925.000 ns	     27491	80005ba8	004b9b93	slli	x23,x23,0x4	 x23:0x00000000 x23=0x00000000
     276095.000 ns	     27608	80005bac	5804f953	fsqrt.s	f18,f9	  f9:0x468fd30b f18=0x4307ae4d
     276145.000 ns	     27613	80005bb0	007f0853	fadd.s	f16,f30,f7	 f30:0xbf800000  f7:0xc68fd30b f16=0xc68fd50b
     276515.000 ns	     27650	80005bb4	0275fbb3	remu	x23,x11,x7	 x11:0x4e7875a4  x7:0x7fffffff x23=0x4e7875a4
     276535.000 ns	     27652	80005bb8	40d5dc13	srai	x24,x11,0xd	 x11:0x4e7875a4 x24=0x000273c3
     276545.000 ns	     27653	80005bbc	005d49b3	xor	x19,x26,x5	 x26:0xffffffff  x5:0xfffffdd6 x19=0x00000229
     276555.000 ns	     27654	80005bc0	4110dc13	srai	x24,x1,0x11	  x1:0x00000001 x24=0x00000000
     276915.000 ns	     27690	80005bc4	02ef7d33	remu	x26,x30,x14	 x30:0x00000000 x14:0x80041025 x26=0x00000000
     276935.000 ns	     27692	80005bc8	0bd3e093	ori	x1,x7,189	  x7:0x7fffffff  x1=0x7fffffff
     276955.000 ns	     27694	80005bcc	a13195d3	flt.s	x11,f3,f19	  f3:0x3f800000 f19:0x7f800000 x11=0x00000001
     276975.000 ns	     27696	80005bd0	39532e13	slti	x28,x6,917	  x6:0x00000000 x28=0x00000001
     276985.000 ns	     27697	80005bd4	e1c5c937	lui	x18,0xe1c5c	 x18=0xe1c5c000
     276995.000 ns	     27698	80005bd8	8fc03193	sltiu	x3,x0,-1796	  x0:0x00000000  x3=0x00000001
     277015.000 ns	     27700	80005bdc	039abdb3	mulhu	x27,x21,x25	 x21:0x4e7875a4 x25:0x00000000 x27=0x00000000
     277045.000 ns	     27703	80005be0	02579cb3	mulh	x25,x15,x5	 x15:0x8930bba4  x5:0xfffffdd6 x25=0x00000101
     277085.000 ns	     27707	80005be4	58007dd3	fsqrt.s	f27,f0	  f0:0x00000000 f27=0x00000000
     277115.000 ns	     27710	80005be8	211eabd3	fsgnjx.s	f23,f29,f17	 f29:0x4f000000 f17:0x00000000 f23=0x4f000000
     277135.000 ns	     27712	80005bec	00daf333	and	x6,x21,x13	 x21:0x4e7875a4 x13:0x18fd0b8c  x6=0x08780184
     278225.000 ns	     27821	80005bf0	580bf253	fsqrt.s	f4,f23	 f23:0x4f000000  f4=0x46b50482
     278245.000 ns	     27823	80005bf4	c1216213	ori	x4,x2,-1006	  x2:0x00000040  x4=0xfffffc52
     278265.000 ns	     27825	80005bf8	f0000f53	fmv.w.x	f30,x0	  x0:0x00000000 f30=0x00000000
     278285.000 ns	     27827	80005bfc	015ed1b3	srl	x3,x29,x21	 x29:0xc1e297ff x21:0x4e7875a4  x3=0x0c1e297f
     278295.000 ns	     27828	80005c00	91618793	addi	x15,x3,-1770	  x3:0x00000001 x15=0x0c1e2295
     278335.000 ns	     27832	80005c04	087ffcd3	fsub.s	f25,f31,f7	 f31:0x4f000000  f7:0xc68fd30b f25=0x4f000047
     278355.000 ns	     27834	80005c08	00931e13	slli	x28,x6,0x9	  x6:0x08780184 x28=0xf0030800
     278375.000 ns	     27836	80005c0c	a055af53	feq.s	x30,f11,f5	 f11:0x00000000  f5:0xdd712457 x30=0x00000000
     278405.000 ns	     27839	80005c10	28ee88d3	fmin.s	f17,f29,f14	 f29:0x4f000000 f14:0xffffffff f17=0x4f000000
     278425.000 ns	     27841	80005c14	00569033	sll	x0,x13,x5	 x13:0x18fd0b8c  x5:0xfffffdd6
     278445.000 ns	     27843	80005c18	c01470d3	fcvt.wu.s	x1,f8	  f8:0x00000000  x1=0x00000000
     278465.000 ns	     27845	80005c1c	4152d393	srai	x7,x5,0x15	  x5:0xfffffdd6  x7=0xffffffff
     278485.000 ns	     27847	80005c20	291c0c53	fmin.s	f24,f24,f17	 f24:0x4f000000 f17:0x4f000000 f24=0x4f000000
     278515.000 ns	     27850	80005c24	03631e33	mulh	x28,x6,x22	  x6:0x08780184 x22:0xfffff923 x28=0xffffffc5
     278535.000 ns	     27852	80005c28	01719b33	sll	x22,x3,x23	  x3:0x0c1e297f x23:0x4e7875a4 x22=0xc1e297f0
     278555.000 ns	     27854	80005c2c	a125a853	feq.s	x16,f11,f18	 f11:0x00000000 f18:0x4307ae4d x16=0x00000000
     278585.000 ns	     27857	80005c30	20fa12d3	fsgnjn.s	f5,f20,f15	 f20:0x4e4b6602 f15:0x44802000  f5=0xce4b6602
     278605.000 ns	     27859	80005c34	0073bbb3	sltu	x23,x7,x7	  x7:0xffffffff  x7:0xffffffff x23=0x00000000
     278615.000 ns	     27860	80005c38	0171a933	slt	x18,x3,x23	  x3:0x0c1e297f x23:0x4e7875a4 x18=0x00000000
     278625.000 ns	     27861	80005c3c	7f9a0393	addi	x7,x20,2041	 x20:0x00000000  x7=0x000007f9
     278645.000 ns	     27863	80005c40	0335aa33	mulhsu	x20,x11,x19	 x11:0x00000001 x19:0x00000229 x20=0x00000000
     278665.000 ns	     27865	80005c44	cd416413	ori	x8,x2,-812	  x2:0x00000040  x8=0xfffffcd4
     278675.000 ns	     27866	80005c48	00000013	addi	x0,x0,0	  x0:0x00000000
     278685.000 ns	     27867	80005c4c	00431d93	slli	x27,x6,0x4	  x6:0x08780184 x27=0x87801840
     278695.000 ns	     27868	80005c50	40bd8ab3	sub	x21,x27,x11	 x27:0x00000000 x11:0x00000001 x21=0x8780183f
     278705.000 ns	     27869	80005c54	7fda4f13	xori	x30,x20,2045	 x20:0x00000000 x30=0x000007fd
     279065.000 ns	     27905	80005c58	02f67733	remu	x14,x12,x15	 x12:0x00000000 x15:0x0c1e2295 x14=0x00000000
     279085.000 ns	     27907	80005c5c	fb58e997	auipc	x19,0xfb58e	 x19=0x7b593c5c
     279105.000 ns	     27909	80005c60	f0068753	fmv.w.x	f14,x13	 x13:0x18fd0b8c f14=0x18fd0b8c
     279135.000 ns	     27912	80005c64	e00011d3	fclass.s	x3,f0	  f0:0x00000000  x3=0x00000010
     279155.000 ns	     27914	80005c68	00000013	addi	x0,x0,0	  x0:0x00000000
     279165.000 ns	     27915	80005c6c	41c25993	srai	x19,x4,0x1c	  x4:0xfffffc52 x19=0xffffffff
     279185.000 ns	     27917	80005c70	03b73833	mulhu	x16,x14,x27	 x14:0x00000000 x27:0x87801840 x16=0x00000000
     279215.000 ns	     27920	80005c74	025a3f33	mulhu	x30,x20,x5	 x20:0x00000000  x5:0xfffffdd6 x30=0x00000000
     279245.000 ns	     27923	80005c78	03fbb7b3	mulhu	x15,x23,x31	 x23:0x00000000 x31:0x80040fe4 x15=0x00000000
     279265.000 ns	     27925	80005c7c	00221eb3	sll	x29,x4,x2	  x4:0xfffffc52  x2:0x00000040 x29=0xfffffc52
     279285.000 ns	     27927	80005c80	e0098a53	fmv.x.w	x20,f19	 f19:0x7f800000 x20=0x7f800000
     279305.000 ns	     27929	80005c84	e5f3fb93	andi	x23,x7,-417	  x7:0x000007f9 x23=0x00000659
     279345.000 ns	     27933	80005c88	087a08d3	fsub.s	f17,f20,f7	 f20:0x4e4b6602  f7:0xc68fd30b f17=0x4e4b6722
     279385.000 ns	     27937	80005c8c	10f7f553	fmul.s	f10,f15,f15	 f15:0x44802000 f15:0x44802000 f10=0x49804008
     279405.000 ns	     27939	80005c90	0086a833	slt	x16,x13,x8	 x13:0x18fd0b8c  x8:0xfffffcd4 x16=0x00000000
     279435.000 ns	     27942	80005c94	10a2fed3	fmul.s	f29,f5,f10	  f5:0xce4b6602 f10:0x49804008 f29=0xd84bcbc2
     279455.000 ns	     27944	80005c98	00e51593	slli	x11,x10,0xe	 x10:0xc1e296ff x11=0xa5bfc000
     279465.000 ns	     27945	80005c9c	00271733	sll	x14,x14,x2	 x14:0x00000000  x2:0x00000040 x14=0x00000000
     279475.000 ns	     27946	80005ca0	4117d9b3	sra	x19,x15,x17	 x15:0x00000000 x17:0x00000000 x19=0x00000000
     279485.000 ns	     27947	80005ca4	4f27ca97	auipc	x21,0x4f27c	 x21=0xcf281ca4
     279505.000 ns	     27949	80005ca8	20a29353	fsgnjn.s	f6,f5,f10	  f5:0xce4b6602 f10:0x49804008  f6=0xce4b6602
     279525.000 ns	     27951	80005cac	b2a8f193	andi	x3,x17,-1238	 x17:0x00000000  x3=0x00000000
     279535.000 ns	     27952	80005cb0	ae026d93	ori	x27,x4,-1312	  x4:0xfffffc52 x27=0xfffffef2
     279555.000 ns	     27954	80005cb4	c005f853	fcvt.w.s	x16,f11	 f11:0x00000000 x16=0x00000000
     279585.000 ns	     27957	80005cb8	e00502d3	fmv.x.w	x5,f10	 f10:0x49804008  x5=0x49804008
     279615.000 ns	     27960	80005cbc	e0018853	fmv.x.w	x16,f3	  f3:0x3f800000 x16=0x3f800000
     279645.000 ns	     27963	80005cc0	f00c0ed3	fmv.w.x	f29,x24	 x24:0x00000000 f29=0x00000000
     279675.000 ns	     27966	80005cc4	e0059453	fclass.s	x8,f11	 f11:0x00000000  x8=0x00000010
     279705.000 ns	     27969	80005cc8	d0001f53	fcvt.s.w	f30,x0	  x0:0x00000000 f30=0x00000000
     279735.000 ns	     27972	80005ccc	e0000ad3	fmv.x.w	x21,f0	  f0:0x00000000 x21=0x00000000
     279765.000 ns	     27975	80005cd0	e0081c53	fclass.s	x24,f16	 f16:0xc68fd50b x24=0x00000002
     279795.000 ns	     27978	80005cd4	d00d4e53	fcvt.s.w	f28,x26	 x26:0x00000000 f28=0x00000000
     279815.000 ns	     27980	80005cd8	0058f333	and	x6,x17,x5	 x17:0x00000000  x5:0x49804008  x6=0x00000000
     279825.000 ns	     27981	80005cdc	aac34213	xori	x4,x6,-1364	  x6:0x08780184  x4=0xfffffaac
     279835.000 ns	     27982	80005ce0	01948a33	add	x20,x9,x25	  x9:0x80041024 x25:0x00000101 x20=0x80041125
     279845.000 ns	     27983	80005ce4	57644a13	xori	x20,x8,1398	  x8:0x00000010 x20=0x00000566
     279865.000 ns	     27985	80005ce8	213627d3	fsgnjx.s	f15,f12,f19	 f12:0x00000000 f19:0x7f800000 f15=0x00000000
     279885.000 ns	     27987	80005cec	8cbead37	lui	x26,0x8cbea	 x26=0x8cbea000
     279905.000 ns	     27989	80005cf0	29f68953	fmin.s	f18,f13,f31	 f13:0x4f000000 f31:0x4f000000 f18=0x4f000000
     279935.000 ns	     27992	80005cf4	03f830b3	mulhu	x1,x16,x31	 x16:0x3f800000 x31:0x80040fe4  x1=0x1fc101f1
     279965.000 ns	     27995	80005cf8	f00e8d53	fmv.w.x	f26,x29	 x29:0xfffffc52 f26=0xfffffc52
     279985.000 ns	     27997	80005cfc	00cdf933	and	x18,x27,x12	 x27:0xfffffef2 x12:0x00000000 x18=0x00000000
     280315.000 ns	     28030	80005d00	1951a053	fdiv.s	f0,f3,f21	  f3:0x3f800000 f21:0x3f494454  f0=0x3fa2ce9a
     280335.000 ns	     28032	80005d04	d519bb93	sltiu	x23,x19,-687	 x19:0x00000000 x23=0x00000001
     280345.000 ns	     28033	80005d08	01b7dbb3	srl	x23,x15,x27	 x15:0x00000000 x27:0xfffffef2 x23=0x00000000
     280375.000 ns	     28036	80005d0c	113ef4d3	fmul.s	f9,f29,f19	 f29:0x00000000 f19:0x7f800000  f9=0x7fc00000
     280405.000 ns	     28039	80005d10	a077a3d3	feq.s	x7,f15,f7	 f15:0x00000000  f7:0xc68fd30b  x7=0x00000000
     280435.000 ns	     28042	80005d14	f00c0e53	fmv.w.x	f28,x24	 x24:0x00000002 f28=0x00000002
     280465.000 ns	     28045	80005d18	0374f1b3	remu	x3,x9,x23	  x9:0x80041024 x23:0x00000000  x3=0x80041024
     280485.000 ns	     28047	80005d1c	00ab3933	sltu	x18,x22,x10	 x22:0xc1e297f0 x10:0xc1e296ff x18=0x00000000
     280505.000 ns	     28049	80005d20	29d39fd3	fmax.s	f31,f7,f29	  f7:0xc68fd30b f29:0x00000000 f31=0x00000000
     280535.000 ns	     28052	80005d24	02ed4c33	div	x24,x26,x14	 x26:0x8cbea000 x14:0x00000000 x24=0xffffffff
     280565.000 ns	     28055	80005d28	d001f2d3	fcvt.s.w	f5,x3	  x3:0x80041024  f5=0xcefff7df
     280595.000 ns	     28058	80005d2c	e0019953	fclass.s	x18,f3	  f3:0x3f800000 x18=0x00000040
     280625.000 ns	     28061	80005d30	d01ac653	fcvt.s.wu	f12,x21	 x21:0x00000000 f12=0x00000000
     280675.000 ns	     28066	80005d34	00bd83d3	fadd.s	f7,f27,f11	 f27:0x00000000 f11:0x00000000  f7=0x00000000
     280705.000 ns	     28069	80005d38	0230b333	mulhu	x6,x1,x3	  x1:0x1fc101f1  x3:0x80041024  x6=0x0fe101fd
     280735.000 ns	     28072	80005d3c	03b79d33	mulh	x26,x15,x27	 x15:0x00000000 x27:0xfffffef2 x26=0x00000000
     280755.000 ns	     28074	80005d40	42aa6913	ori	x18,x20,1066	 x20:0x00000566 x18=0x0000056e
     280765.000 ns	     28075	80005d44	56e4f893	andi	x17,x9,1390	  x9:0x80041024 x17=0x00000024
     280775.000 ns	     28076	80005d48	ca6a4093	xori	x1,x20,-858	 x20:0x00000566  x1=0xfffff9c0
     280785.000 ns	     28077	80005d4c	409553b3	sra	x7,x10,x9	 x10:0xc1e296ff  x9:0x80041024  x7=0xfc1e296f
     280805.000 ns	     28079	80005d50	02230a33	mul	x20,x6,x2	  x6:0x0fe101fd  x2:0x00000040 x20=0xf8407f40
     280825.000 ns	     28081	80005d54	00545d93	srli	x27,x8,0x5	  x8:0x00000010 x27=0x00000000
     280845.000 ns	     28083	80005d58	e0061353	fclass.s	x6,f12	 f12:0x00000000  x6=0x00000010
     280875.000 ns	     28086	80005d5c	d0117d53	fcvt.s.wu	f26,x2	  x2:0x00000040 f26=0x42800000
     280895.000 ns	     28088	80005d60	00b83e33	sltu	x28,x16,x11	 x16:0x3f800000 x11:0xa5bfc000 x28=0x00000001
     280915.000 ns	     28090	80005d64	d00b0053	fcvt.s.w	f0,x22	 x22:0xc1e297f0  f0=0xce7875a0
     280945.000 ns	     28093	80005d68	0375c333	div	x6,x11,x23	 x11:0xa5bfc000 x23:0x00000000  x6=0xffffffff
     280965.000 ns	     28095	80005d6c	40eddb33	sra	x22,x27,x14	 x27:0x00000000 x14:0x00000000 x22=0x00000000
     280985.000 ns	     28097	80005d70	2013a6d3	fsgnjx.s	f13,f7,f1	  f7:0x00000000  f1:0x3f800000 f13=0x00000000
     281005.000 ns	     28099	80005d74	00690433	add	x8,x18,x6	 x18:0x0000056e  x6:0xffffffff  x8=0x0000056d
     281015.000 ns	     28100	80005d78	01661d93	slli	x27,x12,0x16	 x12:0x00000000 x27=0x00000000
     282185.000 ns	     28217	80005d7c	58018ed3	fsqrt.s	f29,f3	  f3:0x3f800000 f29=0x3f7fffae
     282205.000 ns	     28219	80005d80	01cf6633	or	x12,x30,x28	 x30:0x00000000 x28:0x00000001 x12=0x00000001
     282215.000 ns	     28220	80005d84	00f97933	and	x18,x18,x15	 x18:0x0000056e x15:0x00000000 x18=0x00000000
     282225.000 ns	     28221	80005d88	28e2e213	ori	x4,x5,654	  x5:0x49804008  x4=0x4980428e
     282245.000 ns	     28223	80005d8c	21a8a4d3	fsgnjx.s	f9,f17,f26	 f17:0x4e4b6722 f26:0x42800000  f9=0x4e4b6722
     282275.000 ns	     28226	80005d90	e00900d3	fmv.x.w	x1,f18	 f18:0x4f000000  x1=0x4f000000
     282305.000 ns	     28229	80005d94	c00ab753	fcvt.w.s	x14,f21	 f21:0x3f494454 x14=0x00000001
     282355.000 ns	     28234	80005d98	09c9f353	fsub.s	f6,f19,f28	 f19:0x7f800000 f28:0x00000002  f6=0x7f800000
     282375.000 ns	     28236	80005d9c	0149f033	and	x0,x19,x20	 x19:0x00000000 x20:0xf8407f40
     282385.000 ns	     28237	80005da0	8ff0e193	ori	x3,x1,-1793	  x1:0x4f000000  x3=0xfffff8ff
     282405.000 ns	     28239	80005da4	d0074153	fcvt.s.w	f2,x14	 x14:0x00000001  f2=0x3f800000
     282435.000 ns	     28242	80005da8	02480133	mul	x2,x16,x4	 x16:0x3f800000  x4:0x4980428e  x2=0x39000000
     282455.000 ns	     28244	80005dac	0072fcb3	and	x25,x5,x7	  x5:0x49804008  x7:0xfc1e296f x25=0x48000008
     282475.000 ns	     28246	80005db0	026a3433	mulhu	x8,x20,x6	 x20:0xf8407f40  x6:0xffffffff  x8=0xf8407f3f
     282505.000 ns	     28249	80005db4	c0077253	fcvt.w.s	x4,f14	 f14:0x18fd0b8c  x4=0x00000000
     282525.000 ns	     28251	80005db8	41e45f33	sra	x30,x8,x30	  x8:0xf8407f3f x30:0x00000000 x30=0xf8407f3f
     282555.000 ns	     28254	80005dbc	580ff5d3	fsqrt.s	f11,f31	 f31:0x00000000 f11=0x00000000
     282925.000 ns	     28291	80005dc0	0223d1b3	divu	x3,x7,x2	  x7:0xfc1e296f  x2:0x39000000  x3=0x00000004
     282945.000 ns	     28293	80005dc4	1dd57293	andi	x5,x10,477	 x10:0xc1e296ff  x5=0x000000dd
     282965.000 ns	     28295	80005dc8	03d58433	mul	x8,x11,x29	 x11:0xa5bfc000 x29:0xfffffc52  x8=0x186b8000
     282985.000 ns	     28297	80005dcc	003081b3	add	x3,x1,x3	  x1:0x4f000000  x3:0x00000004  x3=0x4f000004
     283005.000 ns	     28299	80005dd0	c0102853	fcvt.wu.s	x16,f0	  f0:0xce7875a0 x16=0x3e1d6800
     283025.000 ns	     28301	80005dd4	01fbd013	srli	x0,x23,0x1f	 x23:0x00000000
     283045.000 ns	     28303	80005dd8	d014c853	fcvt.s.wu	f16,x9	  x9:0x80041024 f16=0x4f000410
     283065.000 ns	     28305	80005ddc	01d1c5b3	xor	x11,x3,x29	  x3:0x4f000004 x29:0xfffffc52 x11=0xb0fffc56
     283075.000 ns	     28306	80005de0	4001d893	srai	x17,x3,0x0	  x3:0x4f000004 x17=0x4f000004
     283095.000 ns	     28308	80005de4	c018f753	fcvt.wu.s	x14,f17	 f17:0x4e4b6722 x14=0x32d9c880
     283115.000 ns	     28310	80005de8	00d44a33	xor	x20,x8,x13	  x8:0x186b8000 x13:0x18fd0b8c x20=0x00968b8c
     283135.000 ns	     28312	80005dec	e00b9ad3	fclass.s	x21,f23	 f23:0x4f000000 x21=0x00000040
     283165.000 ns	     28315	80005df0	20fca3d3	fsgnjx.s	f7,f25,f15	 f25:0x4f000047 f15:0x00000000  f7=0x4f000047
     283195.000 ns	     28318	80005df4	a07f23d3	feq.s	x7,f30,f7	 f30:0x00000000  f7:0x00000000  x7=0x00000000
     283225.000 ns	     28321	80005df8	a00a8853	fle.s	x16,f21,f0	 f21:0x3f494454  f0:0xce7875a0 x16=0x00000000
     283255.000 ns	     28324	80005dfc	c010f8d3	fcvt.wu.s	x17,f1	  f1:0x3f800000 x17=0x00000001
     283275.000 ns	     28326	80005e00	fcc98113	addi	x2,x19,-52	 x19:0x00000000  x2=0xffffffcc
     283295.000 ns	     28328	80005e04	a1cd02d3	fle.s	x5,f26,f28	 f26:0x42800000 f28:0x00000002  x5=0x00000000
     283325.000 ns	     28331	80005e08	d01276d3	fcvt.s.wu	f13,x4	  x4:0x00000000 f13=0x00000000
     283355.000 ns	     28334	80005e0c	02fa3e33	mulhu	x28,x20,x15	 x20:0x00968b8c x15:0x00000000 x28=0x00000000
     283375.000 ns	     28336	80005e10	401a02b3	sub	x5,x20,x1	 x20:0x00968b8c  x1:0x4f000000  x5=0xb1968b8c
     283395.000 ns	     28338	80005e14	290f1c53	fmax.s	f24,f30,f16	 f30:0x00000000 f16:0x4f000410 f24=0x4f000410
     283415.000 ns	     28340	80005e18	01d9ba33	sltu	x20,x19,x29	 x19:0x00000000 x29:0xfffffc52 x20=0x00000001
     283435.000 ns	     28342	80005e1c	21d08d53	fsgnj.s	f26,f1,f29	  f1:0x3f800000 f29:0x3f7fffae f26=0x3f800000
     283475.000 ns	     28346	80005e20	5802ab53	fsqrt.s	f22,f5	  f5:0xcefff7df f22=0x7fc00000
     283505.000 ns	     28349	80005e24	03fd82b3	mul	x5,x27,x31	 x27:0x00000000 x31:0x80040fe4  x5=0x00000000
     283525.000 ns	     28351	80005e28	ce9eb237	lui	x4,0xce9eb	  x4=0xce9eb000
     283545.000 ns	     28353	80005e2c	29eb1ed3	fmax.s	f29,f22,f30	 f22:0x7fc00000 f30:0x00000000 f29=0x00000000
     283575.000 ns	     28356	80005e30	a0a1acd3	feq.s	x25,f3,f10	  f3:0x3f800000 f10:0x49804008 x25=0x00000000
     283915.000 ns	     28390	80005e34	182778d3	fdiv.s	f17,f14,f2	 f14:0x18fd0b8c  f2:0x3f800000 f17=0x18fd0ac6
     283935.000 ns	     28392	80005e38	0179dab3	srl	x21,x19,x23	 x19:0x00000000 x23:0x00000000 x21=0x00000000
     283955.000 ns	     28394	80005e3c	e00c8753	fmv.x.w	x14,f25	 f25:0x4f000047 x14=0x4f000047
     283975.000 ns	     28396	80005e40	4119d933	sra	x18,x19,x17	 x19:0x00000000 x17:0x00000001 x18=0x00000000
     283995.000 ns	     28398	80005e44	a0070dd3	fle.s	x27,f14,f0	 f14:0x18fd0b8c  f0:0xce7875a0 x27=0x00000000
     284015.000 ns	     28400	80005e48	41475013	srai	x0,x14,0x14	 x14:0x4f000047
     284345.000 ns	     28433	80005e4c	197826d3	fdiv.s	f13,f16,f23	 f16:0x4f000410 f23:0x4f000000 f13=0x3f000410
     284365.000 ns	     28435	80005e50	0187f033	and	x0,x15,x24	 x15:0x00000000 x24:0xffffffff
     284375.000 ns	     28436	80005e54	01d44bb3	xor	x23,x8,x29	  x8:0x186b8000 x29:0xfffffc52 x23=0xe7947c52
     284395.000 ns	     28438	80005e58	e0089dd3	fclass.s	x27,f17	 f17:0x18fd0ac6 x27=0x00000040
     284415.000 ns	     28440	80005e5c	419e5413	srai	x8,x28,0x19	 x28:0x00000000  x8=0x00000000
     284425.000 ns	     28441	80005e60	5df37e13	andi	x28,x6,1503	  x6:0xffffffff x28=0x000005df
     284445.000 ns	     28443	80005e64	202f8c53	fsgnj.s	f24,f31,f2	 f31:0x00000000  f2:0x3f800000 f24=0x00000000
     285625.000 ns	     28561	80005e68	5804c053	fsqrt.s	f0,f9	  f9:0x4e4b6722  f0=0x468fd3d7
     285645.000 ns	     28563	80005e6c	012f31b3	sltu	x3,x30,x18	 x30:0xf8407f3f x18:0x00000000  x3=0x00000000
     285655.000 ns	     28564	80005e70	00c37e33	and	x28,x6,x12	  x6:0xffffffff x12:0x00000001 x28=0x00000001
     285675.000 ns	     28566	80005e74	0326a0b3	mulhsu	x1,x13,x18	 x13:0x18fd0b8c x18:0x00000000  x1=0x00000000
     285695.000 ns	     28568	80005e78	f14d6a13	ori	x20,x26,-236	 x26:0x00000000 x20=0xffffff14
     285705.000 ns	     28569	80005e7c	0045cdb3	xor	x27,x11,x4	 x11:0xb0fffc56  x4:0xce9eb000 x27=0x7e614c56
     285715.000 ns	     28570	80005e80	4007d813	srai	x16,x15,0x0	 x15:0x00000000 x16=0x00000000
     285725.000 ns	     28571	80005e84	19d7c393	xori	x7,x15,413	 x15:0x00000000  x7=0x0000019d
     285755.000 ns	     28574	80005e88	10de8f53	fmul.s	f30,f29,f13	 f29:0x00000000 f13:0x3f000410 f30=0x00000000
     285775.000 ns	     28576	80005e8c	001def33	or	x30,x27,x1	 x27:0x7e614c56  x1:0x00000000 x30=0x7e614c56
     285785.000 ns	     28577	80005e90	40d8df33	sra	x30,x17,x13	 x17:0x00000001 x13:0x18fd0b8c x30=0x00000000
     285825.000 ns	     28581	80005e94	01649753	fadd.s	f14,f9,f22	  f9:0x4e4b6722 f22:0x7fc00000 f14=0x7fc00000
     285845.000 ns	     28583	80005e98	017f4cb3	xor	x25,x30,x23	 x30:0x7e614c56 x23:0xe7947c52 x25=0xe7947c52
     285855.000 ns	     28584	80005e9c	030ae013	ori	x0,x21,48	 x21:0x00000000
     285875.000 ns	     28586	80005ea0	c000f7d3	fcvt.w.s	x15,f1	  f1:0x3f800000 x15=0x00000001
     285895.000 ns	     28588	80005ea4	a9d3b813	sltiu	x16,x7,-1379	  x7:0x0000019d x16=0x00000001
     286255.000 ns	     28624	80005ea8	02ad7db3	remu	x27,x26,x10	 x26:0x00000000 x10:0xc1e296ff x27=0x00000000
     286275.000 ns	     28626	80005eac	5ca40413	addi	x8,x8,1482	  x8:0x00000000  x8=0x000005ca
     286285.000 ns	     28627	80005eb0	40d0de93	srai	x29,x1,0xd	  x1:0x00000000 x29=0x00000000
     286305.000 ns	     28629	80005eb4	218a1bd3	fsgnjn.s	f23,f20,f24	 f20:0x4e4b6602 f24:0x00000000 f23=0xce4b6602
     286325.000 ns	     28631	80005eb8	017268b3	or	x17,x4,x23	  x4:0xce9eb000 x23:0xe7947c52 x17=0xef9efc52
     286345.000 ns	     28633	80005ebc	a0fbaa53	feq.s	x20,f23,f15	 f23:0xce4b6602 f15:0x00000000 x20=0x00000000
     286375.000 ns	     28636	80005ec0	03bc98b3	mulh	x17,x25,x27	 x25:0xe7947c52 x27:0x00000000 x17=0x00000000
     286395.000 ns	     28638	80005ec4	813a9097	auipc	x1,0x813a9	  x1=0x013aeec4
     286405.000 ns	     28639	80005ec8	00b88c33	add	x24,x17,x11	 x17:0x00000000 x11:0xb0fffc56 x24=0xb0fffc56
     286415.000 ns	     28640	80005ecc	000e4b33	xor	x22,x28,x0	 x28:0x00000001  x0:0x00000000 x22=0x00000001
     286425.000 ns	     28641	80005ed0	00b316b3	sll	x13,x6,x11	  x6:0xffffffff x11:0xb0fffc56 x13=0xffc00000
     286445.000 ns	     28643	80005ed4	a00b1f53	flt.s	x30,f22,f0	 f22:0x7fc00000  f0:0x468fd3d7 x30=0x00000000
     286465.000 ns	     28645	80005ed8	004f1693	slli	x13,x30,0x4	 x30:0x00000000 x13=0x00000000
     286485.000 ns	     28647	80005edc	282d0e53	fmin.s	f28,f26,f2	 f26:0x3f800000  f2:0x3f800000 f28=0x3f800000
     286515.000 ns	     28650	80005ee0	29c388d3	fmin.s	f17,f7,f28	  f7:0x4f000047 f28:0x00000002 f17=0x3f800000
     286545.000 ns	     28653	80005ee4	f0078953	fmv.w.x	f18,x15	 x15:0x00000001 f18=0x00000001
     286575.000 ns	     28656	80005ee8	03568733	mul	x14,x13,x21	 x13:0x00000000 x21:0x00000000 x14=0x00000000
     286615.000 ns	     28660	80005eec	5809fd53	fsqrt.s	f26,f19	 f19:0x7f800000 f26=0x7f800000
     286645.000 ns	     28663	80005ef0	28670b53	fmin.s	f22,f14,f6	 f14:0x7fc00000  f6:0x7f800000 f22=0x7f800000
     286675.000 ns	     28666	80005ef4	a11a0353	fle.s	x6,f20,f17	 f20:0x4e4b6602 f17:0x3f800000  x6=0x00000000
     286715.000 ns	     28670	80005ef8	18bb9753	fdiv.s	f14,f23,f11	 f23:0xce4b6602 f11:0x00000000 f14=0xff800000
     286735.000 ns	     28672	80005efc	0197b733	sltu	x14,x15,x25	 x15:0x00000001 x25:0xe7947c52 x14=0x00000001
     286755.000 ns	     28674	80005f00	c0057c53	fcvt.w.s	x24,f10	 f10:0x49804008 x24=0x00100801
     286775.000 ns	     28676	80005f04	9a923b93	sltiu	x23,x4,-1623	  x4:0xce9eb000 x23=0x00000001
     286795.000 ns	     28678	80005f08	03574033	div	x0,x14,x21	 x14:0x00000001 x21:0x00000000
     286825.000 ns	     28681	80005f0c	c01bfad3	fcvt.wu.s	x21,f23	 f23:0xce4b6602 x21=0x32d98080
     286845.000 ns	     28683	80005f10	c096e913	ori	x18,x13,-1015	 x13:0x00000000 x18=0xfffffc09
     286865.000 ns	     28685	80005f14	03d6cdb3	div	x27,x13,x29	 x13:0x00000000 x29:0x00000000 x27=0xffffffff
     287235.000 ns	     28722	80005f18	02b2f3b3	remu	x7,x5,x11	  x5:0x00000000 x11:0xb0fffc56  x7=0x00000000
     287255.000 ns	     28724	80005f1c	00a51233	sll	x4,x10,x10	 x10:0xc1e296ff x10:0xc1e296ff  x4=0x80000000
     287285.000 ns	     28727	80005f20	10ca76d3	fmul.s	f13,f20,f12	 f20:0x4e4b6602 f12:0x00000000 f13=0x00000000
     287315.000 ns	     28730	80005f24	03fb1f33	mulh	x30,x22,x31	 x22:0x00000001 x31:0x80040fe4 x30=0xffffffff
     287335.000 ns	     28732	80005f28	01b30b33	add	x22,x6,x27	  x6:0x00000000 x27:0xffffffff x22=0xffffffff
     287355.000 ns	     28734	80005f2c	d012f7d3	fcvt.s.wu	f15,x5	  x5:0x00000000 f15=0x00000000
     287375.000 ns	     28736	80005f30	899e8293	addi	x5,x29,-1895	 x29:0x00000000  x5=0xfffff899
     287415.000 ns	     28740	80005f34	0926aad3	fsub.s	f21,f13,f18	 f13:0x00000000 f18:0x00000001 f21=0x80000001
     287435.000 ns	     28742	80005f38	00e15393	srli	x7,x2,0xe	  x2:0xffffffcc  x7=0x0003ffff
     287455.000 ns	     28744	80005f3c	024a15b3	mulh	x11,x20,x4	 x20:0x00000000  x4:0x80000000 x11=0x00000000
     287825.000 ns	     28781	80005f40	0303dbb3	divu	x23,x7,x16	  x7:0x00000000 x16:0x00000001 x23=0x0003ffff
     287845.000 ns	     28783	80005f44	00000013	addi	x0,x0,0	  x0:0x00000000
     287885.000 ns	     28787	80005f48	09787cd3	fsub.s	f25,f16,f23	 f16:0x4f000410 f23:0xce4b6602 f25=0x4f32dd90
     287915.000 ns	     28790	80005f4c	c018f1d3	fcvt.wu.s	x3,f17	 f17:0x3f800000  x3=0x00000001
     287935.000 ns	     28792	80005f50	00dfd693	srli	x13,x31,0xd	 x31:0x80040fe4 x13=0x00040020
     287955.000 ns	     28794	80005f54	03a079b3	remu	x19,x0,x26	  x0:0x00000000 x26:0x00000000 x19=0x00000000
     287985.000 ns	     28797	80005f58	027e2633	mulhsu	x12,x28,x7	 x28:0x00000001  x7:0x0003ffff x12=0x00000000
     289165.000 ns	     28915	80005f5c	580e74d3	fsqrt.s	f9,f28	 f28:0x3f800000  f9=0x3f7fffae
     290345.000 ns	     29033	80005f60	5801c5d3	fsqrt.s	f11,f3	  f3:0x3f800000 f11=0x3f7fffae
     290365.000 ns	     29035	80005f64	97e97e13	andi	x28,x18,-1666	 x18:0xfffffc09 x28=0xfffff808
     290375.000 ns	     29036	80005f68	3f62ac93	slti	x25,x5,1014	  x5:0xfffff899 x25=0x00000001
     290385.000 ns	     29037	80005f6c	41745a13	srai	x20,x8,0x17	  x8:0x000005ca x20=0x00000000
     290395.000 ns	     29038	80005f70	c292f193	andi	x3,x5,-983	  x5:0xfffff899  x3=0xfffff809
     290405.000 ns	     29039	80005f74	41715913	srai	x18,x2,0x17	  x2:0xffffffcc x18=0xffffffff
     290415.000 ns	     29040	80005f78	0159e6b3	or	x13,x19,x21	 x19:0x00000000 x21:0x32d98080 x13=0x32d98080
     290425.000 ns	     29041	80005f7c	00cff8b3	and	x17,x31,x12	 x31:0x80040fe4 x12:0x00000000 x17=0x00000000
     290435.000 ns	     29042	80005f80	01b168b3	or	x17,x2,x27	  x2:0xffffffcc x27:0xffffffff x17=0xffffffff
     290455.000 ns	     29044	80005f84	20d3aa53	fsgnjx.s	f20,f7,f13	  f7:0x4f000047 f13:0x00000000 f20=0x4f000047
     290825.000 ns	     29081	80005f88	029cdeb3	divu	x29,x25,x9	 x25:0x00000001  x9:0x80041024 x29=0x00000000
     290845.000 ns	     29083	80005f8c	00000013	addi	x0,x0,0	  x0:0x00000000
     290855.000 ns	     29084	80005f90	12b67713	andi	x14,x12,299	 x12:0x00000000 x14=0x00000000
     290865.000 ns	     29085	80005f94	01cf8133	add	x2,x31,x28	 x31:0x80040fe4 x28:0xfffff808  x2=0x800407ec
     290885.000 ns	     29087	80005f98	214105d3	fsgnj.s	f11,f2,f20	  f2:0x3f800000 f20:0x4f000047 f11=0x3f800000
     290925.000 ns	     29091	80005f9c	19a6f4d3	fdiv.s	f9,f13,f26	 f13:0x00000000 f26:0x7f800000  f9=0x00000000
     290975.000 ns	     29096	80005fa0	00c2fc53	fadd.s	f24,f5,f12	  f5:0xcefff7df f12:0x00000000 f24=0xcefff7df
     291005.000 ns	     29099	80005fa4	f00181d3	fmv.w.x	f3,x3	  x3:0xfffff809  f3=0xfffff809
     291055.000 ns	     29104	80005fa8	00a74653	fadd.s	f12,f14,f10	 f14:0xff800000 f10:0x49804008 f12=0xff800000
     291085.000 ns	     29107	80005fac	c006c653	fcvt.w.s	x12,f13	 f13:0x00000000 x12=0x00000000
     291105.000 ns	     29109	80005fb0	0149bc33	sltu	x24,x19,x20	 x19:0x00000000 x20:0x00000000 x24=0x00000000
     291115.000 ns	     29110	80005fb4	2baef893	andi	x17,x29,698	 x29:0x00000000 x17=0x00000000
     291125.000 ns	     29111	80005fb8	39f93e93	sltiu	x29,x18,927	 x18:0xffffffff x29=0x00000000
     291135.000 ns	     29112	80005fbc	e377f893	andi	x17,x15,-457	 x15:0x00000001 x17=0x00000001
     291495.000 ns	     29148	80005fc0	0312ec33	rem	x24,x5,x17	  x5:0xfffff899 x17:0x00000000 x24=0x00000000
     291515.000 ns	     29150	80005fc4	f2deac93	slti	x25,x29,-211	 x29:0x00000000 x25=0x00000000
     291535.000 ns	     29152	80005fc8	21208a53	fsgnj.s	f20,f1,f18	  f1:0x3f800000 f18:0x00000001 f20=0x3f800000
     291575.000 ns	     29156	80005fcc	101ff9d3	fmul.s	f19,f31,f1	 f31:0x00000000  f1:0x3f800000 f19=0x00000000
     291605.000 ns	     29159	80005fd0	2196aa53	fsgnjx.s	f20,f13,f25	 f13:0x00000000 f25:0x4f32dd90 f20=0x00000000
     291625.000 ns	     29161	80005fd4	4fb7bd97	auipc	x27,0x4fb7b	 x27=0xcfb80fd4
     291635.000 ns	     29162	80005fd8	238ef593	andi	x11,x29,568	 x29:0x00000000 x11=0x00000000
     291645.000 ns	     29163	80005fdc	00125a33	srl	x20,x4,x1	  x4:0x80000000  x1:0x013aeec4 x20=0x08000000
     291685.000 ns	     29167	80005fe0	0023f053	fadd.s	f0,f7,f2	  f7:0x4f000047  f2:0x3f800000  f0=0x4f000047
     291705.000 ns	     29169	80005fe4	012c06b3	add	x13,x24,x18	 x24:0x00000000 x18:0xffffffff x13=0xffffffff
     291725.000 ns	     29171	80005fe8	a1ec9953	flt.s	x18,f25,f30	 f25:0x4f32dd90 f30:0x00000000 x18=0x00000000
     291745.000 ns	     29173	80005fec	4bfbbb13	sltiu	x22,x23,1215	 x23:0x0003ffff x22=0x00000000
     291755.000 ns	     29174	80005ff0	012fe633	or	x12,x31,x18	 x31:0x80040fe4 x18:0x00000000 x12=0x80040fe4
     291765.000 ns	     29175	80005ff4	01fbda13	srli	x20,x23,0x1f	 x23:0x0003ffff x20=0x00000000
     291785.000 ns	     29177	80005ff8	20230853	fsgnj.s	f16,f6,f2	  f6:0x7f800000  f2:0x3f800000 f16=0x7f800000
     291815.000 ns	     29180	80005ffc	a1880e53	fle.s	x28,f16,f24	 f16:0x4f000410 f24:0xcefff7df x28=0x00000000
     291845.000 ns	     29183	80006000	28580053	fmin.s	f0,f16,f5	 f16:0x7f800000  f5:0xcefff7df  f0=0xcefff7df
     291875.000 ns	     29186	80006004	f0090353	fmv.w.x	f6,x18	 x18:0x00000000  f6=0x00000000
     291905.000 ns	     29189	80006008	030e81b3	mul	x3,x29,x16	 x29:0x00000000 x16:0x00000001  x3=0x00000000
     291935.000 ns	     29192	8000600c	29b51bd3	fmax.s	f23,f10,f27	 f10:0x49804008 f27:0x00000000 f23=0x49804008
     291955.000 ns	     29194	80006010	099b6813	ori	x16,x22,153	 x22:0x00000000 x16=0x00000099
     291975.000 ns	     29196	80006014	a0c807d3	fle.s	x15,f16,f12	 f16:0x7f800000 f12:0xff800000 x15=0x00000000
     291995.000 ns	     29198	80006018	4b9a4213	xori	x4,x20,1209	 x20:0x00000000  x4=0x000004b9
     292015.000 ns	     29200	8000601c	d01abad3	fcvt.s.wu	f21,x21	 x21:0x32d98080 f21=0x4e4b6602
     292035.000 ns	     29202	80006020	00a2d413	srli	x8,x5,0xa	  x5:0xfffff899  x8=0x003ffffe
     292055.000 ns	     29204	80006024	284b1753	fmax.s	f14,f22,f4	 f22:0x7f800000  f4:0x46b50482 f14=0x7f800000
     292085.000 ns	     29207	80006028	e0009bd3	fclass.s	x23,f1	  f1:0x3f800000 x23=0x00000040
     292105.000 ns	     29209	8000602c	0ebba837	lui	x16,0xebba	 x16=0x0ebba000
     292125.000 ns	     29211	80006030	024b1033	mulh	x0,x22,x4	 x22:0x00000000  x4:0x000004b9
     292155.000 ns	     29214	80006034	e00209d3	fmv.x.w	x19,f4	  f4:0x46b50482 x19=0x46b50482
     292185.000 ns	     29217	80006038	219889d3	fsgnj.s	f19,f17,f25	 f17:0x3f800000 f25:0x4f32dd90 f19=0x3f800000
     292215.000 ns	     29220	8000603c	29601d53	fmax.s	f26,f0,f22	  f0:0xcefff7df f22:0x7f800000 f26=0x7f800000
     292235.000 ns	     29222	80006040	9a9d0e93	addi	x29,x26,-1623	 x26:0x00000000 x29=0xfffff9a9
     292255.000 ns	     29224	80006044	037225b3	mulhsu	x11,x4,x23	  x4:0x000004b9 x23:0x00000040 x11=0x00000000
     292275.000 ns	     29226	80006048	014fb0b3	sltu	x1,x31,x20	 x31:0x80040fe4 x20:0x00000000  x1=0x00000000
     292285.000 ns	     29227	8000604c	01b437b3	sltu	x15,x8,x27	  x8:0x003ffffe x27:0xcfb80fd4 x15=0x00000001
     292315.000 ns	     29230	80006050	18ca13d3	fdiv.s	f7,f20,f12	 f20:0x00000000 f12:0xff800000  f7=0x80000000
     292345.000 ns	     29233	80006054	e0001c53	fclass.s	x24,f0	  f0:0xcefff7df x24=0x00000002
     292365.000 ns	     29235	80006058	003a8d33	add	x26,x21,x3	 x21:0x32d98080  x3:0x00000000 x26=0x32d98080
     292395.000 ns	     29238	8000605c	19eb0ed3	fdiv.s	f29,f22,f30	 f22:0x7f800000 f30:0x00000000 f29=0x7f800000
     292425.000 ns	     29241	80006060	02f9ae33	mulhsu	x28,x19,x15	 x19:0x46b50482 x15:0x00000001 x28=0x00000000
     292445.000 ns	     29243	80006064	344eb293	sltiu	x5,x29,836	 x29:0xfffff9a9  x5=0x00000000
     292465.000 ns	     29245	80006068	c004fe53	fcvt.w.s	x28,f9	  f9:0x00000000 x28=0x00000000
     292485.000 ns	     29247	8000606c	c021d137	lui	x2,0xc021d	  x2=0xc021d000
     292495.000 ns	     29248	80006070	01ddf8b3	and	x17,x27,x29	 x27:0xcfb80fd4 x29:0xfffff9a9 x17=0xcfb80980
     292535.000 ns	     29252	80006074	09aef953	fsub.s	f18,f29,f26	 f29:0x7f800000 f26:0x7f800000 f18=0x80000000
     292555.000 ns	     29254	80006078	596f2a13	slti	x20,x30,1430	 x30:0xffffffff x20=0x00000001
     292915.000 ns	     29290	8000607c	0227d433	divu	x8,x15,x2	 x15:0x00000001  x2:0xc021d000  x8=0x00000000
     292935.000 ns	     29292	80006080	33b8a793	slti	x15,x17,827	 x17:0xcfb80980 x15=0x00000001
     292975.000 ns	     29296	80006084	00c2fed3	fadd.s	f29,f5,f12	  f5:0xcefff7df f12:0xff800000 f29=0xff800000
     292995.000 ns	     29298	80006088	4182db13	srai	x22,x5,0x18	  x5:0x00000000 x22=0x00000000
     293005.000 ns	     29299	8000608c	013f9113	slli	x2,x31,0x13	 x31:0x80040fe4  x2=0x7f200000
     293365.000 ns	     29335	80006090	03b06333	rem	x6,x0,x27	  x0:0x00000000 x27:0xcfb80fd4  x6=0x00000000
     293405.000 ns	     29339	80006094	11187b53	fmul.s	f22,f16,f17	 f16:0x7f800000 f17:0x3f800000 f22=0x7f800000
     293435.000 ns	     29342	80006098	29dd8d53	fmin.s	f26,f27,f29	 f27:0x00000000 f29:0xff800000 f26=0xff800000
     293465.000 ns	     29345	8000609c	f00882d3	fmv.w.x	f5,x17	 x17:0xcfb80980  f5=0xcfb80980
     293485.000 ns	     29347	800060a0	6067e293	ori	x5,x15,1542	 x15:0x00000001  x5=0x00000607
     293505.000 ns	     29349	800060a4	c0012153	fcvt.w.s	x2,f2	  f2:0x3f800000  x2=0x00000001
     293555.000 ns	     29354	800060a8	091e7b53	fsub.s	f22,f28,f17	 f28:0x3f800000 f17:0x3f800000 f22=0x80000000
     293585.000 ns	     29357	800060ac	a0e796d3	flt.s	x13,f15,f14	 f15:0x00000000 f14:0x7f800000 x13=0x00000001
     294765.000 ns	     29475	800060b0	58017953	fsqrt.s	f18,f2	  f2:0x3f800000 f18=0x3f7fffae
     294795.000 ns	     29478	800060b4	02f5aab3	mulhsu	x21,x11,x15	 x11:0x00000000 x15:0x00000001 x21=0x00000000
     294825.000 ns	     29481	800060b8	21001ed3	fsgnjn.s	f29,f0,f16	  f0:0xcefff7df f16:0x7f800000 f29=0xcefff7df
     294845.000 ns	     29483	800060bc	01b4a1b3	slt	x3,x9,x27	  x9:0x80041024 x27:0xcfb80fd4  x3=0x00000001
     294865.000 ns	     29485	800060c0	a0dc83d3	fle.s	x7,f25,f13	 f25:0x4f32dd90 f13:0x00000000  x7=0x00000000
     294885.000 ns	     29487	800060c4	01435e93	srli	x29,x6,0x14	  x6:0x00000000 x29=0x00000000
     294905.000 ns	     29489	800060c8	e00583d3	fmv.x.w	x7,f11	 f11:0x3f800000  x7=0x3f800000
     294925.000 ns	     29491	800060cc	014e3133	sltu	x2,x28,x20	 x28:0x00000000 x20:0x00000001  x2=0x00000001
     294945.000 ns	     29493	800060d0	02f99133	mulh	x2,x19,x15	 x19:0x46b50482 x15:0x00000001  x2=0x00000000
     294975.000 ns	     29496	800060d4	207d2ed3	fsgnjx.s	f29,f26,f7	 f26:0xff800000  f7:0x80000000 f29=0x7f800000
     294995.000 ns	     29498	800060d8	002fdc93	srli	x25,x31,0x2	 x31:0x80040fe4 x25=0x200103f9
     295005.000 ns	     29499	800060dc	4037d733	sra	x14,x15,x3	 x15:0x00000001  x3:0x00000001 x14=0x00000000
     295015.000 ns	     29500	800060e0	ef79ba13	sltiu	x20,x19,-265	 x19:0x46b50482 x20=0x00000001
     295035.000 ns	     29502	800060e4	29269253	fmax.s	f4,f13,f18	 f13:0x00000000 f18:0x3f7fffae  f4=0x3f7fffae
     295055.000 ns	     29504	800060e8	00966e97	auipc	x29,0x966	 x29=0x8096c0e8
     295065.000 ns	     29505	800060ec	39d18e93	addi	x29,x3,925	  x3:0x00000001 x29=0x0000039e
     295425.000 ns	     29541	800060f0	03b365b3	rem	x11,x6,x27	  x6:0x00000000 x27:0xcfb80fd4 x11=0x00000000
     295445.000 ns	     29543	800060f4	41b20733	sub	x14,x4,x27	  x4:0x000004b9 x27:0xcfb80fd4 x14=0x3047f4e5
     295455.000 ns	     29544	800060f8	5c49b293	sltiu	x5,x19,1476	 x19:0x46b50482  x5=0x00000000
     295475.000 ns	     29546	800060fc	f00b05d3	fmv.w.x	f11,x22	 x22:0x00000000 f11=0x00000000
     295495.000 ns	     29548	80006100	01408c33	add	x24,x1,x20	  x1:0x00000000 x20:0x00000001 x24=0x00000001
     295515.000 ns	     29550	80006104	e00d1e53	fclass.s	x28,f26	 f26:0xff800000 x28=0x00000001
     295545.000 ns	     29553	80006108	a08a88d3	fle.s	x17,f21,f8	 f21:0x4e4b6602  f8:0x00000000 x17=0x00000000
     295915.000 ns	     29590	8000610c	03c157b3	divu	x15,x2,x28	  x2:0x00000000 x28:0x00000001 x15=0x00000000
     295955.000 ns	     29594	80006110	580c11d3	fsqrt.s	f3,f24	 f24:0xcefff7df  f3=0x7fc00000
     295995.000 ns	     29598	80006114	10ca27d3	fmul.s	f15,f20,f12	 f20:0x00000000 f12:0xff800000 f15=0x7fc00000
     296045.000 ns	     29603	80006118	08e8f653	fsub.s	f12,f17,f14	 f17:0x3f800000 f14:0x7f800000 f12=0xff800000
     296065.000 ns	     29605	8000611c	01f483b3	add	x7,x9,x31	  x9:0x80041024 x31:0x80040fe4  x7=0x00082008
     296085.000 ns	     29607	80006120	c0053153	fcvt.w.s	x2,f10	 f10:0x49804008  x2=0x00100801
     296105.000 ns	     29609	80006124	01613433	sltu	x8,x2,x22	  x2:0x00000000 x22:0x00000000  x8=0x00000000
     296115.000 ns	     29610	80006128	000ba1b3	slt	x3,x23,x0	 x23:0x00000040  x0:0x00000000  x3=0x00000000
     296125.000 ns	     29611	8000612c	19380e93	addi	x29,x16,403	 x16:0x0ebba000 x29=0x0ebba193
     296135.000 ns	     29612	80006130	01bebe33	sltu	x28,x29,x27	 x29:0x0000039e x27:0xcfb80fd4 x28=0x00000001
     296155.000 ns	     29614	80006134	d00a7753	fcvt.s.w	f14,x20	 x20:0x00000001 f14=0x3f800000
     296525.000 ns	     29651	80006138	03856233	rem	x4,x10,x24	 x10:0xc1e296ff x24:0x00000001  x4=0x00000000
     296565.000 ns	     29655	8000613c	18dc7c53	fdiv.s	f24,f24,f13	 f24:0xcefff7df f13:0x00000000 f24=0xff800000
     296595.000 ns	     29658	80006140	21119d53	fsgnjn.s	f26,f3,f17	  f3:0x7fc00000 f17:0x3f800000 f26=0xffc00000
     296615.000 ns	     29660	80006144	37f24113	xori	x2,x4,895	  x4:0x00000000  x2=0x0000037f
     296625.000 ns	     29661	80006148	003cbbb3	sltu	x23,x25,x3	 x25:0x200103f9  x3:0x00000000 x23=0x00000000
     296645.000 ns	     29663	8000614c	03a92e33	mulhsu	x28,x18,x26	 x18:0x00000000 x26:0x32d98080 x28=0x00000000
     296665.000 ns	     29665	80006150	40f25693	srai	x13,x4,0xf	  x4:0x00000000 x13=0x00000000
     296675.000 ns	     29666	80006154	23bccb13	xori	x22,x25,571	 x25:0x200103f9 x22=0x200101c2
     296685.000 ns	     29667	80006158	7fda6213	ori	x4,x20,2045	 x20:0x00000001  x4=0x000007fd
     296705.000 ns	     29669	8000615c	c01ff953	fcvt.wu.s	x18,f31	 f31:0x00000000 x18=0x00000000
     296725.000 ns	     29671	80006160	40430433	sub	x8,x6,x4	  x6:0x00000000  x4:0x00000000  x8=0xfffff803
     296745.000 ns	     29673	80006164	0227a7b3	mulhsu	x15,x15,x2	 x15:0x00000000  x2:0x0000037f x15=0x00000000
     297115.000 ns	     29710	80006168	03f2c133	div	x2,x5,x31	  x5:0x00000000 x31:0x80040fe4  x2=0x00000000
     297145.000 ns	     29713	8000616c	218a0753	fsgnj.s	f14,f20,f24	 f20:0x00000000 f24:0xff800000 f14=0x80000000
     297515.000 ns	     29750	80006170	03315233	divu	x4,x2,x19	  x2:0x00000000 x19:0x46b50482  x4=0x00000000
     297545.000 ns	     29753	80006174	c00d1353	fcvt.w.s	x6,f26	 f26:0xffc00000  x6=0x7fffffff
     297575.000 ns	     29756	80006178	20b086d3	fsgnj.s	f13,f1,f11	  f1:0x3f800000 f11:0x00000000 f13=0x3f800000
     297595.000 ns	     29758	8000617c	4594be13	sltiu	x28,x9,1113	  x9:0x80041024 x28=0x00000000
     297615.000 ns	     29760	80006180	e00c9e53	fclass.s	x28,f25	 f25:0x4f32dd90 x28=0x00000040
     297635.000 ns	     29762	80006184	002573b3	and	x7,x10,x2	 x10:0xc1e296ff  x2:0x00000000  x7=0x00000000
     297675.000 ns	     29766	80006188	0891fbd3	fsub.s	f23,f3,f9	  f3:0x7fc00000  f9:0x00000000 f23=0x7fc00000
     297695.000 ns	     29768	8000618c	01a6d313	srli	x6,x13,0x1a	 x13:0x00000000  x6=0x00000000
     297705.000 ns	     29769	80006190	01c320b3	slt	x1,x6,x28	  x6:0x7fffffff x28:0x00000040  x1=0x00000001
     297715.000 ns	     29770	80006194	01506433	or	x8,x0,x21	  x0:0x00000000 x21:0x00000000  x8=0x00000000
     297735.000 ns	     29772	80006198	a0e71dd3	flt.s	x27,f14,f14	 f14:0x80000000 f14:0x80000000 x27=0x00000000
     297755.000 ns	     29774	8000619c	41935393	srai	x7,x6,0x19	  x6:0x00000000  x7=0x00000000
     297785.000 ns	     29777	800061a0	5803fe53	fsqrt.s	f28,f7	  f7:0x80000000 f28=0x80000000
     297805.000 ns	     29779	800061a4	01901db3	sll	x27,x0,x25	  x0:0x00000000 x25:0x200103f9 x27=0x00000000
     297825.000 ns	     29781	800061a8	a085a453	feq.s	x8,f11,f8	 f11:0x00000000  f8:0x00000000  x8=0x00000001
     297865.000 ns	     29785	800061ac	119c3d53	fmul.s	f26,f24,f25	 f24:0xff800000 f25:0x4f32dd90 f26=0xff800000
     297885.000 ns	     29787	800061b0	003547b3	xor	x15,x10,x3	 x10:0xc1e296ff  x3:0x00000000 x15=0xc1e296ff
     297895.000 ns	     29788	800061b4	00287633	and	x12,x16,x2	 x16:0x0ebba000  x2:0x00000000 x12=0x00000000
     297915.000 ns	     29790	800061b8	02625c33	divu	x24,x4,x6	  x4:0x00000000  x6:0x00000000 x24=0xffffffff
     297945.000 ns	     29793	800061bc	c0057ed3	fcvt.w.s	x29,f10	 f10:0x49804008 x29=0x00100801
     297965.000 ns	     29795	800061c0	00e01033	sll	x0,x0,x14	  x0:0x00000000 x14:0x3047f4e5
     297975.000 ns	     29796	800061c4	40f50733	sub	x14,x10,x15	 x10:0xc1e296ff x15:0xc1e296ff x14=0x00000000
     297995.000 ns	     29798	800061c8	c010fed3	fcvt.wu.s	x29,f1	  f1:0x3f800000 x29=0x00000001
     298015.000 ns	     29800	800061cc	f5424413	xori	x8,x4,-172	  x4:0x00000000  x8=0xffffff54
     298025.000 ns	     29801	800061d0	f17db613	sltiu	x12,x27,-233	 x27:0x00000000 x12=0x00000001
     298055.000 ns	     29804	800061d4	5801fc53	fsqrt.s	f24,f3	  f3:0x7fc00000 f24=0x7fc00000
     298085.000 ns	     29807	800061d8	f0040953	fmv.w.x	f18,x8	  x8:0xffffff54 f18=0xffffff54
     298115.000 ns	     29810	800061dc	0254f8b3	remu	x17,x9,x5	  x9:0x80041024  x5:0x00000000 x17=0x80041024
     298135.000 ns	     29812	800061e0	00b5e333	or	x6,x11,x11	 x11:0x00000000 x11:0x00000000  x6=0x00000000
     298165.000 ns	     29815	800061e4	580ff053	fsqrt.s	f0,f31	 f31:0x00000000  f0=0x00000000
     298195.000 ns	     29818	800061e8	a13f88d3	fle.s	x17,f31,f19	 f31:0x00000000 f19:0x3f800000 x17=0x00000001
     298215.000 ns	     29820	800061ec	41b081b3	sub	x3,x1,x27	  x1:0x00000001 x27:0x00000000  x3=0x00000001
     298225.000 ns	     29821	800061f0	00a3e233	or	x4,x7,x10	  x7:0x00000000 x10:0xc1e296ff  x4=0xc1e296ff
     298235.000 ns	     29822	800061f4	c4436c13	ori	x24,x6,-956	  x6:0x00000000 x24=0xfffffc44
     298255.000 ns	     29824	800061f8	a02e2653	feq.s	x12,f28,f2	 f28:0x80000000  f2:0x3f800000 x12=0x00000000
     298305.000 ns	     29829	800061fc	093bbd53	fsub.s	f26,f23,f19	 f23:0x7fc00000 f19:0x3f800000 f26=0x7fc00000
     298325.000 ns	     29831	80006200	0108dcb3	srl	x25,x17,x16	 x17:0x00000001 x16:0x0ebba000 x25=0x00000001
     298335.000 ns	     29832	80006204	01260f33	add	x30,x12,x18	 x12:0x00000000 x18:0x00000000 x30=0x00000000
     298345.000 ns	     29833	80006208	810736b7	lui	x13,0x81073	 x13=0x81073000
     298355.000 ns	     29834	8000620c	00859b33	sll	x22,x11,x8	 x11:0x00000000  x8:0xffffff54 x22=0x00000000
     298375.000 ns	     29836	80006210	022c9633	mulh	x12,x25,x2	 x25:0x00000001  x2:0x00000000 x12=0x00000000
     298405.000 ns	     29839	80006214	d00ffa53	fcvt.s.w	f20,x31	 x31:0x80040fe4 f20=0xcefff7e0
     298435.000 ns	     29842	80006218	a0230253	fle.s	x4,f6,f2	  f6:0x00000000  f2:0x3f800000  x4=0x00000001
     298455.000 ns	     29844	8000621c	d36e6d13	ori	x26,x28,-714	 x28:0x00000040 x26=0xfffffd76
     298815.000 ns	     29880	80006220	0234ed33	rem	x26,x9,x3	  x9:0x80041024  x3:0x00000001 x26=0x00000000
     298845.000 ns	     29883	80006224	e00099d3	fclass.s	x19,f1	  f1:0x3f800000 x19=0x00000040
     298865.000 ns	     29885	80006228	233db893	sltiu	x17,x27,563	 x27:0x00000000 x17=0x00000001
     298875.000 ns	     29886	8000622c	a602e097	auipc	x1,0xa602e	  x1=0x2603422c
     298915.000 ns	     29890	80006230	0017b253	fadd.s	f4,f15,f1	 f15:0x7fc00000  f1:0x3f800000  f4=0x7fc00000
     298935.000 ns	     29892	80006234	01a91b13	slli	x22,x18,0x1a	 x18:0x00000000 x22=0x00000000
     298945.000 ns	     29893	80006238	00b3a833	slt	x16,x7,x11	  x7:0x00000000 x11:0x00000000 x16=0x00000000
     298955.000 ns	     29894	8000623c	2a513113	sltiu	x2,x2,677	  x2:0x00000000  x2=0x00000001
     298965.000 ns	     29895	80006240	0079dc33	srl	x24,x19,x7	 x19:0x00000040  x7:0x00000000 x24=0x00000040
     298985.000 ns	     29897	80006244	0201ab33	mulhsu	x22,x3,x0	  x3:0x00000001  x0:0x00000000 x22=0x00000000
     299025.000 ns	     29901	80006248	11bfad53	fmul.s	f26,f31,f27	 f31:0x00000000 f27:0x00000000 f26=0x00000000
     299045.000 ns	     29903	8000624c	015823b3	slt	x7,x16,x21	 x16:0x00000000 x21:0x00000000  x7=0x00000000
     299065.000 ns	     29905	80006250	21ee9b53	fsgnjn.s	f22,f29,f30	 f29:0x7f800000 f30:0x00000000 f22=0xff800000
     299115.000 ns	     29910	80006254	01942453	fadd.s	f8,f8,f25	  f8:0x00000000 f25:0x4f32dd90  f8=0x4f32dd90
     299145.000 ns	     29913	80006258	e00593d3	fclass.s	x7,f11	 f11:0x00000000  x7=0x00000010
     299165.000 ns	     29915	8000625c	00a840b3	xor	x1,x16,x10	 x16:0x00000000 x10:0xc1e296ff  x1=0xc1e296ff
     299185.000 ns	     29917	80006260	02b5fe33	remu	x28,x11,x11	 x11:0x00000000 x11:0x00000000 x28=0x00000000
     299205.000 ns	     29919	80006264	41ef83b3	sub	x7,x31,x30	 x31:0x80040fe4 x30:0x00000000  x7=0x80040fe4
     299215.000 ns	     29920	80006268	9ccd3917	auipc	x18,0x9ccd3	 x18=0x1ccd9268
     299225.000 ns	     29921	8000626c	006f62b3	or	x5,x30,x6	 x30:0x00000000  x6:0x00000000  x5=0x00000000
     299255.000 ns	     29924	80006270	10ab4e53	fmul.s	f28,f22,f10	 f22:0xff800000 f10:0x49804008 f28=0xff800000
     299285.000 ns	     29927	80006274	a0e397d3	flt.s	x15,f7,f14	  f7:0x80000000 f14:0x80000000 x15=0x00000000
     299315.000 ns	     29930	80006278	037361b3	rem	x3,x6,x23	  x6:0x00000000 x23:0x00000000  x3=0x00000000
     299345.000 ns	     29933	8000627c	c002fbd3	fcvt.w.s	x23,f5	  f5:0xcfb80980 x23=0x80000000
     299365.000 ns	     29935	80006280	402ed613	srai	x12,x29,0x2	 x29:0x00000001 x12=0x00000000
     299385.000 ns	     29937	80006284	d01af153	fcvt.s.wu	f2,x21	 x21:0x00000000  f2=0x00000000
     299405.000 ns	     29939	80006288	00e71893	slli	x17,x14,0xe	 x14:0x00000000 x17=0x00000000
     299425.000 ns	     29941	8000628c	20f78f53	fsgnj.s	f30,f15,f15	 f15:0x7fc00000 f15:0x7fc00000 f30=0x7fc00000
     299455.000 ns	     29944	80006290	d0147d53	fcvt.s.wu	f26,x8	  x8:0xffffff54 f26=0x4f7fffff
     299485.000 ns	     29947	80006294	02ed58b3	divu	x17,x26,x14	 x26:0x00000000 x14:0x00000000 x17=0xffffffff
     299505.000 ns	     29949	80006298	00ee1eb3	sll	x29,x28,x14	 x28:0x00000000 x14:0x00000000 x29=0x00000000
     299515.000 ns	     29950	8000629c	418a5d13	srai	x26,x20,0x18	 x20:0x00000001 x26=0x00000000
     299535.000 ns	     29952	800062a0	02b9d7b3	divu	x15,x19,x11	 x19:0x00000040 x11:0x00000000 x15=0xffffffff
     299555.000 ns	     29954	800062a4	01dd5bb3	srl	x23,x26,x29	 x26:0x00000000 x29:0x00000000 x23=0x00000000
     299575.000 ns	     29956	800062a8	020ae8b3	rem	x17,x21,x0	 x21:0x00000000  x0:0x00000000 x17=0x00000000
     299595.000 ns	     29958	800062ac	00247633	and	x12,x8,x2	  x8:0xffffff54  x2:0x00000001 x12=0x00000000
     299605.000 ns	     29959	800062b0	016fb733	sltu	x14,x31,x22	 x31:0x80040fe4 x22:0x00000000 x14=0x00000000
     299625.000 ns	     29961	800062b4	03043b33	mulhu	x22,x8,x16	  x8:0xffffff54 x16:0x00000000 x22=0x00000000
     299645.000 ns	     29963	800062b8	0141b5b3	sltu	x11,x3,x20	  x3:0x00000000 x20:0x00000001 x11=0x00000001
     299665.000 ns	     29965	800062bc	f0008b53	fmv.w.x	f22,x1	  x1:0xc1e296ff f22=0xc1e296ff
     299695.000 ns	     29968	800062c0	28f50253	fmin.s	f4,f10,f15	 f10:0x49804008 f15:0x7fc00000  f4=0x49804008
     299715.000 ns	     29970	800062c4	2a257793	andi	x15,x10,674	 x10:0xc1e296ff x15=0x000002a2
     299735.000 ns	     29972	800062c8	f0028ad3	fmv.w.x	f21,x5	  x5:0x00000000 f21=0x00000000
     299765.000 ns	     29975	800062cc	a0da2ed3	feq.s	x29,f20,f13	 f20:0xcefff7e0 f13:0x3f800000 x29=0x00000000
     299785.000 ns	     29977	800062d0	00099bb3	sll	x23,x19,x0	 x19:0x00000040  x0:0x00000000 x23=0x00000040
     299805.000 ns	     29979	800062d4	e0090ed3	fmv.x.w	x29,f18	 f18:0xffffff54 x29=0xffffff54
     299835.000 ns	     29982	800062d8	02dab8b3	mulhu	x17,x21,x13	 x21:0x00000000 x13:0x81073000 x17=0x00000000
     299885.000 ns	     29987	800062dc	09e97e53	fsub.s	f28,f18,f30	 f18:0xffffff54 f30:0x7fc00000 f28=0x7fc00000
     299915.000 ns	     29990	800062e0	03df87b3	mul	x15,x31,x29	 x31:0x80040fe4 x29:0xffffff54 x15=0xfd4552d0
     300285.000 ns	     30027	800062e4	03d0c933	div	x18,x1,x29	  x1:0xc1e296ff x29:0xffffff54 x18=0x005c7337
     300305.000 ns	     30029	800062e8	00eb7233	and	x4,x22,x14	 x22:0x00000000 x14:0x00000000  x4=0x00000000
     300335.000 ns	     30032	800062ec	101c4d53	fmul.s	f26,f24,f1	 f24:0x7fc00000  f1:0x3f800000 f26=0x7fc00000
     300365.000 ns	     30035	800062f0	a0150753	fle.s	x14,f10,f1	 f10:0x49804008  f1:0x3f800000 x14=0x00000000
     300395.000 ns	     30038	800062f4	e00f8e53	fmv.x.w	x28,f31	 f31:0x00000000 x28=0x00000000
     300435.000 ns	     30042	800062f8	19c1a3d3	fdiv.s	f7,f3,f28	  f3:0x7fc00000 f28:0x7fc00000  f7=0x7fc00000
     300455.000 ns	     30044	800062fc	019f33b3	sltu	x7,x30,x25	 x30:0x00000000 x25:0x00000001  x7=0x00000001
     300475.000 ns	     30046	80006300	033f2833	mulhsu	x16,x30,x19	 x30:0x00000000 x19:0x00000040 x16=0x00000000
     300495.000 ns	     30048	80006304	da858b93	addi	x23,x11,-600	 x11:0x00000001 x23=0xfffffda9
     300525.000 ns	     30051	80006308	580d2553	fsqrt.s	f10,f26	 f26:0x7fc00000 f10=0x7fc00000
     300545.000 ns	     30053	8000630c	00070133	add	x2,x14,x0	 x14:0x00000000  x0:0x00000000  x2=0x00000000
     300565.000 ns	     30055	80006310	a19008d3	fle.s	x17,f0,f25	  f0:0x00000000 f25:0x4f32dd90 x17=0x00000001
     300595.000 ns	     30058	80006314	023b3a33	mulhu	x20,x22,x3	 x22:0x00000000  x3:0x00000000 x20=0x00000000
     300615.000 ns	     30060	80006318	0188e613	ori	x12,x17,24	 x17:0x00000001 x12=0x00000019
     300635.000 ns	     30062	8000631c	024dba33	mulhu	x20,x27,x4	 x27:0x00000000  x4:0x00000000 x20=0x00000000
     300665.000 ns	     30065	80006320	c00bfa53	fcvt.w.s	x20,f23	 f23:0x7fc00000 x20=0x7fffffff
     300685.000 ns	     30067	80006324	73d28213	addi	x4,x5,1853	  x5:0x00000000  x4=0x0000073d
     300695.000 ns	     30068	80006328	40f45d33	sra	x26,x8,x15	  x8:0xffffff54 x15:0xfd4552d0 x26=0xffffffff
     301055.000 ns	     30104	8000632c	02b25a33	divu	x20,x4,x11	  x4:0x00000000 x11:0x00000001 x20=0x0000073d
     301425.000 ns	     30141	80006330	02b97233	remu	x4,x18,x11	 x18:0x005c7337 x11:0x00000001  x4=0x00000000
     301455.000 ns	     30144	80006334	024ab6b3	mulhu	x13,x21,x4	 x21:0x00000000  x4:0x0000073d x13=0x00000000
     301475.000 ns	     30146	80006338	00000013	addi	x0,x0,0	  x0:0x00000000
     301495.000 ns	     30148	8000633c	03da8433	mul	x8,x21,x29	 x21:0x00000000 x29:0xffffff54  x8=0x00000000
     301525.000 ns	     30151	80006340	025ab0b3	mulhu	x1,x21,x5	 x21:0x00000000  x5:0x00000000  x1=0x00000000
     301555.000 ns	     30154	80006344	f0000ad3	fmv.w.x	f21,x0	  x0:0x00000000 f21=0x00000000
     301585.000 ns	     30157	80006348	f0098f53	fmv.w.x	f30,x19	 x19:0x00000040 f30=0x00000040
     301605.000 ns	     30159	8000634c	fc30b013	sltiu	x0,x1,-61	  x1:0x00000000
     301615.000 ns	     30160	80006350	20953613	sltiu	x12,x10,521	 x10:0xc1e296ff x12=0x00000000
     301635.000 ns	     30162	80006354	026ab133	mulhu	x2,x21,x6	 x21:0x00000000  x6:0x00000000  x2=0x00000000
     301655.000 ns	     30164	80006358	7b134ab7	lui	x21,0x7b134	 x21=0x7b134000
     301675.000 ns	     30166	8000635c	023f79b3	remu	x19,x30,x3	 x30:0x00000000  x3:0x00000000 x19=0x00000000
     301695.000 ns	     30168	80006360	db1aec13	ori	x24,x21,-591	 x21:0x00000000 x24=0xfffffdb1
     302055.000 ns	     30204	80006364	03845233	divu	x4,x8,x24	  x8:0x00000000 x24:0x00000040  x4=0x00000000
     302075.000 ns	     30206	80006368	00d71393	slli	x7,x14,0xd	 x14:0x00000000  x7=0x00000000
     302115.000 ns	     30210	8000636c	00e48ed3	fadd.s	f29,f9,f14	  f9:0x00000000 f14:0x80000000 f29=0x80000000
     302135.000 ns	     30212	80006370	412d5413	srai	x8,x26,0x12	 x26:0xffffffff  x8=0xffffffff
     302145.000 ns	     30213	80006374	014d9413	slli	x8,x27,0x14	 x27:0x00000000  x8=0x00000000
     302155.000 ns	     30214	80006378	00364e93	xori	x29,x12,3	 x12:0x00000000 x29=0x00000003
     302175.000 ns	     30216	8000637c	03160e33	mul	x28,x12,x17	 x12:0x00000000 x17:0x00000001 x28=0x00000000
     302195.000 ns	     30218	80006380	01b23db3	sltu	x27,x4,x27	  x4:0x00000000 x27:0x00000000 x27=0x00000000
     302215.000 ns	     30220	80006384	a1d123d3	feq.s	x7,f2,f29	  f2:0x00000000 f29:0x80000000  x7=0x00000001
     302235.000 ns	     30222	80006388	40420a33	sub	x20,x4,x4	  x4:0x00000000  x4:0x00000000 x20=0x00000000
     302255.000 ns	     30224	8000638c	038a3033	mulhu	x0,x20,x24	 x20:0x0000073d x24:0xfffffdb1
     302275.000 ns	     30226	80006390	01051433	sll	x8,x10,x16	 x10:0xc1e296ff x16:0x00000000  x8=0xc1e296ff
     302285.000 ns	     30227	80006394	01980333	add	x6,x16,x25	 x16:0x00000000 x25:0x00000001  x6=0x00000001
     302295.000 ns	     30228	80006398	00ca9993	slli	x19,x21,0xc	 x21:0x7b134000 x19=0x34000000
     302305.000 ns	     30229	8000639c	01cdd113	srli	x2,x27,0x1c	 x27:0x00000000  x2=0x00000000
     302325.000 ns	     30231	800063a0	21bf85d3	fsgnj.s	f11,f31,f27	 f31:0x00000000 f27:0x00000000 f11=0x00000000
     302345.000 ns	     30233	800063a4	f0692e93	slti	x29,x18,-250	 x18:0x005c7337 x29=0x00000000
     302355.000 ns	     30234	800063a8	01f64e33	xor	x28,x12,x31	 x12:0x00000000 x31:0x80040fe4 x28=0x80040fe4
     302385.000 ns	     30237	800063ac	18e27753	fdiv.s	f14,f4,f14	  f4:0x49804008 f14:0x80000000 f14=0xff800000
     302755.000 ns	     30274	800063b0	032362b3	rem	x5,x6,x18	  x6:0x00000001 x18:0x005c7337  x5=0x00000001
     302785.000 ns	     30277	800063b4	c01fcad3	fcvt.wu.s	x21,f31	 f31:0x00000000 x21=0x00000000
     302815.000 ns	     30280	800063b8	c014f0d3	fcvt.wu.s	x1,f9	  f9:0x00000000  x1=0x00000000
     302835.000 ns	     30282	800063bc	b66f7097	auipc	x1,0xb66f7	  x1=0x366fd3bc
     302845.000 ns	     30283	800063c0	00000013	addi	x0,x0,0	  x0:0x00000000
     302855.000 ns	     30284	800063c4	60597193	andi	x3,x18,1541	 x18:0x005c7337  x3=0x00000205
     302875.000 ns	     30286	800063c8	a08da2d3	feq.s	x5,f27,f8	 f27:0x00000000  f8:0x4f32dd90  x5=0x00000000
     302895.000 ns	     30288	800063cc	00898e33	add	x28,x19,x8	 x19:0x34000000  x8:0xc1e296ff x28=0xf5e296ff
     302905.000 ns	     30289	800063d0	01e73033	sltu	x0,x14,x30	 x14:0x00000000 x30:0x00000000
     302925.000 ns	     30291	800063d4	0214b5b3	mulhu	x11,x9,x1	  x9:0x80041024  x1:0x366fd3bc x11=0x1b38c70b
     302945.000 ns	     30293	800063d8	402f02b3	sub	x5,x30,x2	 x30:0x00000000  x2:0x00000000  x5=0x00000000
     302955.000 ns	     30294	800063dc	400e5cb3	sra	x25,x28,x0	 x28:0xf5e296ff  x0:0x00000000 x25=0xf5e296ff
     302965.000 ns	     30295	800063e0	01c15cb3	srl	x25,x2,x28	  x2:0x00000000 x28:0xf5e296ff x25=0x00000000
     302975.000 ns	     30296	800063e4	01aa5213	srli	x4,x20,0x1a	 x20:0x00000000  x4=0x00000000
     302995.000 ns	     30298	800063e8	037bb9b3	mulhu	x19,x23,x23	 x23:0xfffffda9 x23:0xfffffda9 x19=0xfffffb52
     303015.000 ns	     30300	800063ec	73053617	auipc	x12,0x73053	 x12=0xf30593ec
     303025.000 ns	     30301	800063f0	c28d2893	slti	x17,x26,-984	 x26:0xffffffff x17=0x00000000
     303035.000 ns	     30302	800063f4	00dbc5b3	xor	x11,x23,x13	 x23:0xfffffda9 x13:0x00000000 x11=0xfffffda9
     303045.000 ns	     30303	800063f8	012da433	slt	x8,x27,x18	 x27:0x00000000 x18:0x005c7337  x8=0x00000001
     303405.000 ns	     30339	800063fc	02865db3	divu	x27,x12,x8	 x12:0xf30593ec  x8:0xc1e296ff x27=0xf30593ec
     303425.000 ns	     30341	80006400	86f6c013	xori	x0,x13,-1937	 x13:0x00000000
     303445.000 ns	     30343	80006404	e00f9cd3	fclass.s	x25,f31	 f31:0x00000000 x25=0x00000010
     303475.000 ns	     30346	80006408	031f02b3	mul	x5,x30,x17	 x30:0x00000000 x17:0x00000000  x5=0x00000000
     303495.000 ns	     30348	8000640c	87ccfb17	auipc	x22,0x87ccf	 x22=0x07cd540c
     303505.000 ns	     30349	80006410	0b1a8093	addi	x1,x21,177	 x21:0x00000000  x1=0x000000b1
     303525.000 ns	     30351	80006414	e0019e53	fclass.s	x28,f3	  f3:0x7fc00000 x28=0x00000200
     303575.000 ns	     30356	80006418	003d76d3	fadd.s	f13,f26,f3	 f26:0x7fc00000  f3:0x7fc00000 f13=0x7fc00000
     303595.000 ns	     30358	8000641c	05e60593	addi	x11,x12,94	 x12:0xf30593ec x11=0xf305944a
     303615.000 ns	     30360	80006420	02bcacb3	mulhsu	x25,x25,x11	 x25:0x00000010 x11:0xfffffda9 x25=0x0000000f
     303645.000 ns	     30363	80006424	e0018453	fmv.x.w	x8,f3	  f3:0x7fc00000  x8=0x7fc00000
     303665.000 ns	     30365	80006428	95a88813	addi	x16,x17,-1702	 x17:0x00000000 x16=0xfffff95a
     303675.000 ns	     30366	8000642c	8dbae613	ori	x12,x21,-1829	 x21:0x00000000 x12=0xfffff8db
     304845.000 ns	     30483	80006430	58027053	fsqrt.s	f0,f4	  f4:0x49804008  f0=0x44801fd7
     304875.000 ns	     30486	80006434	f00005d3	fmv.w.x	f11,x0	  x0:0x00000000 f11=0x00000000
     304905.000 ns	     30489	80006438	f0050053	fmv.w.x	f0,x10	 x10:0xc1e296ff  f0=0xc1e296ff
     304935.000 ns	     30492	8000643c	a18487d3	fle.s	x15,f9,f24	  f9:0x00000000 f24:0x7fc00000 x15=0x00000000
     305305.000 ns	     30529	80006440	038370b3	remu	x1,x6,x24	  x6:0x00000001 x24:0xfffffdb1  x1=0x00000001
     305345.000 ns	     30533	80006444	5803f853	fsqrt.s	f16,f7	  f7:0x7fc00000 f16=0x7fc00000
     305375.000 ns	     30536	80006448	035df1b3	remu	x3,x27,x21	 x27:0xf30593ec x21:0x00000000  x3=0xf30593ec
     305745.000 ns	     30573	8000644c	0217dbb3	divu	x23,x15,x1	 x15:0x00000000  x1:0x00000001 x23=0x00000000
     305775.000 ns	     30576	80006450	288c9953	fmax.s	f18,f25,f8	 f25:0x4f32dd90  f8:0x4f32dd90 f18=0x4f32dd90
     305795.000 ns	     30578	80006454	424b4b17	auipc	x22,0x424b4	 x22=0xc24ba454
     305805.000 ns	     30579	80006458	41c58a33	sub	x20,x11,x28	 x11:0xf305944a x28:0x00000200 x20=0xf305924a
     305835.000 ns	     30582	8000645c	580d0553	fsqrt.s	f10,f26	 f26:0x7fc00000 f10=0x7fc00000
     305865.000 ns	     30585	80006460	28a113d3	fmax.s	f7,f2,f10	  f2:0x00000000 f10:0x7fc00000  f7=0x00000000
     305885.000 ns	     30587	80006464	bcd6d917	auipc	x18,0xbcd6d	 x18=0x3cd73464
     305895.000 ns	     30588	80006468	0085e5b3	or	x11,x11,x8	 x11:0xf305944a  x8:0x7fc00000 x11=0xffc5944a
     305905.000 ns	     30589	8000646c	018bbdb3	sltu	x27,x23,x24	 x23:0x00000000 x24:0xfffffdb1 x27=0x00000001
     305915.000 ns	     30590	80006470	01313733	sltu	x14,x2,x19	  x2:0x00000000 x19:0xfffffb52 x14=0x00000001
     306275.000 ns	     30626	80006474	02bae433	rem	x8,x21,x11	 x21:0x00000000 x11:0xffc5944a  x8=0x00000000
     306295.000 ns	     30628	80006478	6858a413	slti	x8,x17,1669	 x17:0x00000000  x8=0x00000001
     306305.000 ns	     30629	8000647c	00ca5f13	srli	x30,x20,0xc	 x20:0xf305924a x30=0x000f3059
     306325.000 ns	     30631	80006480	a0c412d3	flt.s	x5,f8,f12	  f8:0x4f32dd90 f12:0xff800000  x5=0x00000000
     306345.000 ns	     30633	80006484	003cf033	and	x0,x25,x3	 x25:0x0000000f  x3:0xf30593ec
     306355.000 ns	     30634	80006488	41538d33	sub	x26,x7,x21	  x7:0x00000001 x21:0x00000000 x26=0x00000001
     306395.000 ns	     30638	8000648c	018b05d3	fadd.s	f11,f22,f24	 f22:0xc1e296ff f24:0x7fc00000 f11=0x7fc00000
     306415.000 ns	     30640	80006490	fc93ef13	ori	x30,x7,-55	  x7:0x00000001 x30=0xffffffc9
     306445.000 ns	     30643	80006494	19d07453	fdiv.s	f8,f0,f29	  f0:0xc1e296ff f29:0x80000000  f8=0x7f800000
     306475.000 ns	     30646	80006498	20fb0b53	fsgnj.s	f22,f22,f15	 f22:0xc1e296ff f15:0x7fc00000 f22=0x41e296ff
     306495.000 ns	     30648	8000649c	01a79db3	sll	x27,x15,x26	 x15:0x00000000 x26:0x00000001 x27=0x00000000
     306505.000 ns	     30649	800064a0	01a8cab3	xor	x21,x17,x26	 x17:0x00000000 x26:0x00000001 x21=0x00000001
     306515.000 ns	     30650	800064a4	00630bb3	add	x23,x6,x6	  x6:0x00000001  x6:0x00000001 x23=0x00000002
     306545.000 ns	     30653	800064a8	107f1953	fmul.s	f18,f30,f7	 f30:0x00000040  f7:0x00000000 f18=0x00000000
     306575.000 ns	     30656	800064ac	e00097d3	fclass.s	x15,f1	  f1:0x3f800000 x15=0x00000040
     306605.000 ns	     30659	800064b0	205ba253	fsgnjx.s	f4,f23,f5	 f23:0x7fc00000  f5:0xcfb80980  f4=0xffc00000
     306645.000 ns	     30663	800064b4	19def1d3	fdiv.s	f3,f29,f29	 f29:0x80000000 f29:0x80000000  f3=0x7fc00000
     306665.000 ns	     30665	800064b8	0187d6b3	srl	x13,x15,x24	 x15:0x00000040 x24:0xfffffdb1 x13=0x00000000
     307025.000 ns	     30701	800064bc	023bd0b3	divu	x1,x23,x3	 x23:0x00000002  x3:0xf30593ec  x1=0x00000000
     307055.000 ns	     30704	800064c0	c0197e53	fcvt.wu.s	x28,f18	 f18:0x00000000 x28=0x00000000
     307095.000 ns	     30708	800064c4	580d12d3	fsqrt.s	f5,f26	 f26:0x7fc00000  f5=0x7fc00000
     307125.000 ns	     30711	800064c8	a12f1cd3	flt.s	x25,f30,f18	 f30:0x00000040 f18:0x00000000 x25=0x00000000
     307145.000 ns	     30713	800064cc	01009793	slli	x15,x1,0x10	  x1:0x00000000 x15=0x00000000
     307155.000 ns	     30714	800064d0	00663733	sltu	x14,x12,x6	 x12:0xfffff8db  x6:0x00000001 x14=0x00000000
     307165.000 ns	     30715	800064d4	000fa2b3	slt	x5,x31,x0	 x31:0x80040fe4  x0:0x00000000  x5=0x00000001
     307185.000 ns	     30717	800064d8	e00999d3	fclass.s	x19,f19	 f19:0x3f800000 x19=0x00000040
     307225.000 ns	     30721	800064dc	18f32ed3	fdiv.s	f29,f6,f15	  f6:0x00000000 f15:0x7fc00000 f29=0x7fc00000
     307245.000 ns	     30723	800064e0	01c38633	add	x12,x7,x28	  x7:0x00000001 x28:0x00000000 x12=0x00000001
     307255.000 ns	     30724	800064e4	018a1133	sll	x2,x20,x24	 x20:0xf305924a x24:0xfffffdb1  x2=0x24940000
     307265.000 ns	     30725	800064e8	7684b913	sltiu	x18,x9,1896	  x9:0x80041024 x18=0x00000000
     307275.000 ns	     30726	800064ec	b7d63393	sltiu	x7,x12,-1155	 x12:0x00000001  x7=0x00000001
     307295.000 ns	     30728	800064f0	d00772d3	fcvt.s.w	f5,x14	 x14:0x00000000  f5=0x00000000
     307315.000 ns	     30730	800064f4	00e2b0b3	sltu	x1,x5,x14	  x5:0x00000001 x14:0x00000000  x1=0x00000000
     307325.000 ns	     30731	800064f8	40f55bb3	sra	x23,x10,x15	 x10:0xc1e296ff x15:0x00000000 x23=0xc1e296ff
     307685.000 ns	     30767	800064fc	0285dab3	divu	x21,x11,x8	 x11:0xffc5944a  x8:0x00000001 x21=0xffc5944a
     307725.000 ns	     30771	80006500	115e76d3	fmul.s	f13,f28,f21	 f28:0x7fc00000 f21:0x00000000 f13=0x7fc00000
     307745.000 ns	     30773	80006504	00081093	slli	x1,x16,0x0	 x16:0xfffff95a  x1=0xfffff95a
     307765.000 ns	     30775	80006508	a0451753	flt.s	x14,f10,f4	 f10:0x7fc00000  f4:0xffc00000 x14=0x00000000
     307785.000 ns	     30777	8000650c	7b8ce193	ori	x3,x25,1976	 x25:0x00000000  x3=0x000007b8
     307805.000 ns	     30779	80006510	03ca5a33	divu	x20,x20,x28	 x20:0xf305924a x28:0x00000000 x20=0xffffffff
     307825.000 ns	     30781	80006514	00a9f633	and	x12,x19,x10	 x19:0x00000040 x10:0xc1e296ff x12=0x00000040
     307845.000 ns	     30783	80006518	c00c36d3	fcvt.w.s	x13,f24	 f24:0x7fc00000 x13=0x7fffffff
     307865.000 ns	     30785	8000651c	01d129b3	slt	x19,x2,x29	  x2:0x24940000 x29:0x00000000 x19=0x00000000
     308225.000 ns	     30821	80006520	0237f433	remu	x8,x15,x3	 x15:0x00000000  x3:0x000007b8  x8=0x00000000
     308245.000 ns	     30823	80006524	3ef13393	sltiu	x7,x2,1007	  x2:0x24940000  x7=0x00000000
     308255.000 ns	     30824	80006528	3b06c413	xori	x8,x13,944	 x13:0x7fffffff  x8=0x7ffffc4f
     308265.000 ns	     30825	8000652c	00000013	addi	x0,x0,0	  x0:0x00000000
     308275.000 ns	     30826	80006530	6872cd93	xori	x27,x5,1671	  x5:0x00000001 x27=0x00000686
     308285.000 ns	     30827	80006534	402902b3	sub	x5,x18,x2	 x18:0x00000000  x2:0x24940000  x5=0xdb6c0000
     308315.000 ns	     30830	80006538	580d39d3	fsqrt.s	f19,f26	 f26:0x7fc00000 f19=0x7fc00000
     308345.000 ns	     30833	8000653c	e0020753	fmv.x.w	x14,f4	  f4:0xffc00000 x14=0xffc00000
     308375.000 ns	     30836	80006540	a15e06d3	fle.s	x13,f28,f21	 f28:0x7fc00000 f21:0x00000000 x13=0x00000000
     308745.000 ns	     30873	80006544	03a7fbb3	remu	x23,x15,x26	 x15:0x00000000 x26:0x00000001 x23=0x00000000
     308775.000 ns	     30876	80006548	207791d3	fsgnjn.s	f3,f15,f7	 f15:0x7fc00000  f7:0x00000000  f3=0xffc00000
     308805.000 ns	     30879	8000654c	037757b3	divu	x15,x14,x23	 x14:0xffc00000 x23:0x00000000 x15=0xffffffff
     308845.000 ns	     30883	80006550	112bab53	fmul.s	f22,f23,f18	 f23:0x7fc00000 f18:0x00000000 f22=0x7fc00000
     308885.000 ns	     30887	80006554	19f7fcd3	fdiv.s	f25,f15,f31	 f15:0x7fc00000 f31:0x00000000 f25=0x7fc00000
     308935.000 ns	     30892	80006558	09127ad3	fsub.s	f21,f4,f17	  f4:0xffc00000 f17:0x3f800000 f21=0x7fc00000
     308975.000 ns	     30896	8000655c	19bb3853	fdiv.s	f16,f22,f27	 f22:0x7fc00000 f27:0x00000000 f16=0x7fc00000
     308995.000 ns	     30898	80006560	4117d833	sra	x16,x15,x17	 x15:0xffffffff x17:0x00000000 x16=0xffffffff
     309025.000 ns	     30901	80006564	5809fed3	fsqrt.s	f29,f19	 f19:0x7fc00000 f29=0x7fc00000
     309045.000 ns	     30903	80006568	40ddd733	sra	x14,x27,x13	 x27:0x00000686 x13:0x00000000 x14=0x00000686
     309055.000 ns	     30904	8000656c	41df86b3	sub	x13,x31,x29	 x31:0x80040fe4 x29:0x00000000 x13=0x80040fe4
     309065.000 ns	     30905	80006570	01f45e13	srli	x28,x8,0x1f	  x8:0x7ffffc4f x28=0x00000000
     309085.000 ns	     30907	80006574	21489bd3	fsgnjn.s	f23,f17,f20	 f17:0x3f800000 f20:0xcefff7e0 f23=0x3f800000
     309115.000 ns	     30910	80006578	03208a33	mul	x20,x1,x18	  x1:0xfffff95a x18:0x00000000 x20=0x00000000
     309145.000 ns	     30913	8000657c	21af06d3	fsgnj.s	f13,f30,f26	 f30:0x00000040 f26:0x7fc00000 f13=0x00000040
     309175.000 ns	     30916	80006580	d00f4353	fcvt.s.w	f6,x30	 x30:0xffffffc9  f6=0xc25c0000
     309205.000 ns	     30919	80006584	020d23b3	mulhsu	x7,x26,x0	 x26:0x00000001  x0:0x00000000  x7=0x00000000
     309235.000 ns	     30922	80006588	a18306d3	fle.s	x13,f6,f24	  f6:0xc25c0000 f24:0x7fc00000 x13=0x00000000
     309255.000 ns	     30924	8000658c	00c71593	slli	x11,x14,0xc	 x14:0x00000686 x11=0x00686000
     309265.000 ns	     30925	80006590	9afc8d93	addi	x27,x25,-1617	 x25:0x00000000 x27=0xfffff9af
     309285.000 ns	     30927	80006594	c00ab453	fcvt.w.s	x8,f21	 f21:0x7fc00000  x8=0x7fffffff
     309655.000 ns	     30964	80006598	028ed133	divu	x2,x29,x8	 x29:0x00000000  x8:0x7ffffc4f  x2=0x00000000
     309685.000 ns	     30967	8000659c	035f8833	mul	x16,x31,x21	 x31:0x80040fe4 x21:0xffc5944a x16=0xb0d067e8
     309735.000 ns	     30972	800065a0	01709f53	fadd.s	f30,f1,f23	  f1:0x3f800000 f23:0x3f800000 f30=0x40000000
     309765.000 ns	     30975	800065a4	0262bc33	mulhu	x24,x5,x6	  x5:0xdb6c0000  x6:0x00000001 x24=0x00000000
     309785.000 ns	     30977	800065a8	15603b93	sltiu	x23,x0,342	  x0:0x00000000 x23=0x00000001
     309795.000 ns	     30978	800065ac	442bb197	auipc	x3,0x442bb	  x3=0xc42c15ac
     309815.000 ns	     30980	800065b0	03283ab3	mulhu	x21,x16,x18	 x16:0xb0d067e8 x18:0x00000000 x21=0x00000000
     309835.000 ns	     30982	800065b4	00d1c6b3	xor	x13,x3,x13	  x3:0x000007b8 x13:0x00000000 x13=0xc42c15ac
     309845.000 ns	     30983	800065b8	01f24eb3	xor	x29,x4,x31	  x4:0x00000000 x31:0x80040fe4 x29=0x80040fe4
     309865.000 ns	     30985	800065bc	f00c8353	fmv.w.x	f6,x25	 x25:0x00000000  f6=0x00000000
     309885.000 ns	     30987	800065c0	00f3e2b3	or	x5,x7,x15	  x7:0x00000000 x15:0xffffffff  x5=0xffffffff
     309895.000 ns	     30988	800065c4	00d0f993	andi	x19,x1,13	  x1:0xfffff95a x19=0x00000008
     309915.000 ns	     30990	800065c8	03c60433	mul	x8,x12,x28	 x12:0x00000040 x28:0x00000000  x8=0x00000000
     309945.000 ns	     30993	800065cc	03484433	div	x8,x16,x20	 x16:0xb0d067e8 x20:0x00000000  x8=0xffffffff
     309985.000 ns	     30997	800065d0	5804bdd3	fsqrt.s	f27,f9	  f9:0x00000000 f27=0x00000000
     310005.000 ns	     30999	800065d4	00e9d013	srli	x0,x19,0xe	 x19:0x00000008
     310015.000 ns	     31000	800065d8	00229193	slli	x3,x5,0x2	  x5:0xffffffff  x3=0xfffffffc
     310035.000 ns	     31002	800065dc	f00e07d3	fmv.w.x	f15,x28	 x28:0x00000000 f15=0x00000000
     310065.000 ns	     31005	800065e0	e0030ed3	fmv.x.w	x29,f6	  f6:0x00000000 x29=0x00000000
     310095.000 ns	     31008	800065e4	d01976d3	fcvt.s.wu	f13,x18	 x18:0x00000000 f13=0x00000000
     310115.000 ns	     31010	800065e8	01b51db3	sll	x27,x10,x27	 x10:0xc1e296ff x27:0xfffff9af x27=0x4b7f8000
     310125.000 ns	     31011	800065ec	00e31733	sll	x14,x6,x14	  x6:0x00000001 x14:0x00000686 x14=0x00000040
     310135.000 ns	     31012	800065f0	006c5db3	srl	x27,x24,x6	 x24:0x00000000  x6:0x00000001 x27=0x00000000
     310155.000 ns	     31014	800065f4	02a616b3	mulh	x13,x12,x10	 x12:0x00000040 x10:0xc1e296ff x13=0xfffffff0
     310195.000 ns	     31018	800065f8	5806f353	fsqrt.s	f6,f13	 f13:0x00000000  f6=0x00000000
     310225.000 ns	     31021	800065fc	20e10f53	fsgnj.s	f30,f2,f14	  f2:0x00000000 f14:0xff800000 f30=0x80000000
     310245.000 ns	     31023	80006600	01bcaf33	slt	x30,x25,x27	 x25:0x00000000 x27:0x00000000 x30=0x00000000
     310605.000 ns	     31059	80006604	033ac333	div	x6,x21,x19	 x21:0x00000000 x19:0x00000008  x6=0x00000000
     310625.000 ns	     31061	80006608	005a2633	slt	x12,x20,x5	 x20:0x00000000  x5:0xffffffff x12=0x00000000
     310635.000 ns	     31062	8000660c	001331b3	sltu	x3,x6,x1	  x6:0x00000000  x1:0xfffff95a  x3=0x00000001
     310645.000 ns	     31063	80006610	00b84eb3	xor	x29,x16,x11	 x16:0xb0d067e8 x11:0x00686000 x29=0xb0b807e8
     310665.000 ns	     31065	80006614	034369b3	rem	x19,x6,x20	  x6:0x00000000 x20:0x00000000 x19=0x00000000
     311005.000 ns	     31099	80006618	1948c9d3	fdiv.s	f19,f17,f20	 f17:0x3f800000 f20:0xcefff7e0 f19=0xb0000000
     311035.000 ns	     31102	8000661c	291b9953	fmax.s	f18,f23,f17	 f23:0x3f800000 f17:0x3f800000 f18=0x3f800000
     311405.000 ns	     31139	80006620	03fa5833	divu	x16,x20,x31	 x20:0x00000000 x31:0x80040fe4 x16=0x00000000
     311425.000 ns	     31141	80006624	2bd73993	sltiu	x19,x14,701	 x14:0x00000040 x19=0x00000001
     311435.000 ns	     31142	80006628	00781e33	sll	x28,x16,x7	 x16:0x00000000  x7:0x00000000 x28=0x00000000
     311795.000 ns	     31178	8000662c	028775b3	remu	x11,x14,x8	 x14:0x00000040  x8:0xffffffff x11=0x00000040
     311825.000 ns	     31181	80006630	02a59bb3	mulh	x23,x11,x10	 x11:0x00686000 x10:0xc1e296ff x23=0xfffffff0
     311855.000 ns	     31184	80006634	e00786d3	fmv.x.w	x13,f15	 f15:0x00000000 x13=0x00000000
     311885.000 ns	     31187	80006638	d007fc53	fcvt.s.w	f24,x15	 x15:0xffffffff f24=0xbf800000
     311925.000 ns	     31191	8000663c	194df9d3	fdiv.s	f19,f27,f20	 f27:0x00000000 f20:0xcefff7e0 f19=0x80000000
     311965.000 ns	     31195	80006640	580ca053	fsqrt.s	f0,f25	 f25:0x7fc00000  f0=0x7fc00000
     311995.000 ns	     31198	80006644	21cf2dd3	fsgnjx.s	f27,f30,f28	 f30:0x80000000 f28:0x7fc00000 f27=0x80000000
     312015.000 ns	     31200	80006648	9565ff13	andi	x30,x11,-1706	 x11:0x00000040 x30=0x00000040
     312025.000 ns	     31201	8000664c	005c1093	slli	x1,x24,0x5	 x24:0x00000000  x1=0x00000000
     312035.000 ns	     31202	80006650	40a68cb3	sub	x25,x13,x10	 x13:0x00000000 x10:0xc1e296ff x25=0x3e1d6901
     312055.000 ns	     31204	80006654	031f19b3	mulh	x19,x30,x17	 x30:0x00000040 x17:0x00000000 x19=0x00000000
     312085.000 ns	     31207	80006658	a0fa2053	feq.s	x0,f20,f15	 f20:0xcefff7e0 f15:0x00000000
     312115.000 ns	     31210	8000665c	20872ad3	fsgnjx.s	f21,f14,f8	 f14:0xff800000  f8:0x7f800000 f21=0xff800000
     312135.000 ns	     31212	80006660	009c42b3	xor	x5,x24,x9	 x24:0x00000000  x9:0x80041024  x5=0x80041024
     312145.000 ns	     31213	80006664	00a8b433	sltu	x8,x17,x10	 x17:0x00000000 x10:0xc1e296ff  x8=0x00000001
     312165.000 ns	     31215	80006668	d009f5d3	fcvt.s.w	f11,x19	 x19:0x00000000 f11=0x00000000
     312195.000 ns	     31218	8000666c	02400bb3	mul	x23,x0,x4	  x0:0x00000000  x4:0x00000000 x23=0x00000000
     312245.000 ns	     31223	80006670	01f7a0d3	fadd.s	f1,f15,f31	 f15:0x00000000 f31:0x00000000  f1=0x00000000
     312275.000 ns	     31226	80006674	c0073453	fcvt.w.s	x8,f14	 f14:0xff800000  x8=0x80000000
     312295.000 ns	     31228	80006678	00b5e7b3	or	x15,x11,x11	 x11:0x00000040 x11:0x00000040 x15=0x00000040
     312305.000 ns	     31229	8000667c	40d1d9b3	sra	x19,x3,x13	  x3:0x00000001 x13:0x00000000 x19=0x00000001
     312315.000 ns	     31230	80006680	00d5a833	slt	x16,x11,x13	 x11:0x00000040 x13:0x00000000 x16=0x00000000
     312335.000 ns	     31232	80006684	291891d3	fmax.s	f3,f17,f17	 f17:0x3f800000 f17:0x3f800000  f3=0x3f800000
     312365.000 ns	     31235	80006688	d011ffd3	fcvt.s.wu	f31,x3	  x3:0x00000001 f31=0x3f800000
     312385.000 ns	     31237	8000668c	abee3293	sltiu	x5,x28,-1346	 x28:0x00000000  x5=0x00000001
     312395.000 ns	     31238	80006690	01451ab3	sll	x21,x10,x20	 x10:0xc1e296ff x20:0x00000000 x21=0xc1e296ff
     312405.000 ns	     31239	80006694	418bdb33	sra	x22,x23,x24	 x23:0x00000000 x24:0x00000000 x22=0x00000000
     312415.000 ns	     31240	80006698	015adb33	srl	x22,x21,x21	 x21:0x00000000 x21:0x00000000 x22=0x00000001
     312425.000 ns	     31241	8000669c	00e61833	sll	x16,x12,x14	 x12:0x00000000 x14:0x00000040 x16=0x00000000
     312455.000 ns	     31244	800066a0	187a9053	fdiv.s	f0,f21,f7	 f21:0xff800000  f7:0x00000000  f0=0xff800000
     312485.000 ns	     31247	800066a4	e0031dd3	fclass.s	x27,f6	  f6:0x00000000 x27=0x00000010
     312855.000 ns	     31284	800066a8	02fd65b3	rem	x11,x26,x15	 x26:0x00000001 x15:0x00000040 x11=0x00000001
     312885.000 ns	     31287	800066ac	28d79853	fmax.s	f16,f15,f13	 f15:0x00000000 f13:0x00000000 f16=0x00000000
     312915.000 ns	     31290	800066b0	2110a353	fsgnjx.s	f6,f1,f17	  f1:0x00000000 f17:0x3f800000  f6=0x00000000
     312945.000 ns	     31293	800066b4	f0070bd3	fmv.w.x	f23,x14	 x14:0x00000040 f23=0x00000040
     312965.000 ns	     31295	800066b8	97e78413	addi	x8,x15,-1666	 x15:0x00000040  x8=0xfffff9be
     312985.000 ns	     31297	800066bc	a1729853	flt.s	x16,f5,f23	  f5:0x00000000 f23:0x00000040 x16=0x00000001
     313355.000 ns	     31334	800066c0	02eafa33	remu	x20,x21,x14	 x21:0xc1e296ff x14:0x00000040 x20=0x0000003f
     313385.000 ns	     31337	800066c4	20492553	fsgnjx.s	f10,f18,f4	 f18:0x3f800000  f4:0xffc00000 f10=0xbf800000
     313405.000 ns	     31339	800066c8	1e458613	addi	x12,x11,484	 x11:0x00000001 x12=0x000001e5
     313425.000 ns	     31341	800066cc	28569153	fmax.s	f2,f13,f5	 f13:0x00000000  f5:0x00000000  f2=0x00000000
     313455.000 ns	     31344	800066d0	28d382d3	fmin.s	f5,f7,f13	  f7:0x00000000 f13:0x00000000  f5=0x00000000
     313475.000 ns	     31346	800066d4	01c4c933	xor	x18,x9,x28	  x9:0x80041024 x28:0x00000000 x18=0x80041024
     313495.000 ns	     31348	800066d8	c01f8d53	fcvt.wu.s	x26,f31	 f31:0x3f800000 x26=0x00000001
     313535.000 ns	     31352	800066dc	58077c53	fsqrt.s	f24,f14	 f14:0xff800000 f24=0x7fc00000
     313555.000 ns	     31354	800066e0	003d3db3	sltu	x27,x26,x3	 x26:0x00000001  x3:0x00000001 x27=0x00000000
     313565.000 ns	     31355	800066e4	00acc233	xor	x4,x25,x10	 x25:0x3e1d6901 x10:0xc1e296ff  x4=0xfffffffe
     313575.000 ns	     31356	800066e8	0009fd33	and	x26,x19,x0	 x19:0x00000001  x0:0x00000000 x26=0x00000000
     313585.000 ns	     31357	800066ec	00cc2ab3	slt	x21,x24,x12	 x24:0x00000000 x12:0x000001e5 x21=0x00000001
     313595.000 ns	     31358	800066f0	00847933	and	x18,x8,x8	  x8:0xfffff9be  x8:0xfffff9be x18=0xfffff9be
     313625.000 ns	     31361	800066f4	114d7b53	fmul.s	f22,f26,f20	 f26:0x7fc00000 f20:0xcefff7e0 f22=0x7fc00000
     313655.000 ns	     31364	800066f8	c01f7e53	fcvt.wu.s	x28,f30	 f30:0x80000000 x28=0x00000000
     313685.000 ns	     31367	800066fc	f00488d3	fmv.w.x	f17,x9	  x9:0x80041024 f17=0x80041024
     313715.000 ns	     31370	80006700	e00f08d3	fmv.x.w	x17,f30	 f30:0x80000000 x17=0x80000000
     313735.000 ns	     31372	80006704	00cccdb3	xor	x27,x25,x12	 x25:0x3e1d6901 x12:0x000001e5 x27=0x3e1d68e4
     313765.000 ns	     31375	80006708	5807f953	fsqrt.s	f18,f15	 f15:0x00000000 f18=0x00000000
     313785.000 ns	     31377	8000670c	00451893	slli	x17,x10,0x4	 x10:0xc1e296ff x17=0x1e296ff0
     314145.000 ns	     31413	80006710	03926033	rem	x0,x4,x25	  x4:0xfffffffe x25:0x3e1d6901
     314175.000 ns	     31416	80006714	d0167d53	fcvt.s.wu	f26,x12	 x12:0x000001e5 f26=0x43f28000
     314215.000 ns	     31420	80006718	1848f3d3	fdiv.s	f7,f17,f4	 f17:0x80041024  f4:0xffc00000  f7=0x7fc00000
     314235.000 ns	     31422	8000671c	00ad8d33	add	x26,x27,x10	 x27:0x3e1d68e4 x10:0xc1e296ff x26=0xffffffe3
     314245.000 ns	     31423	80006720	40908933	sub	x18,x1,x9	  x1:0x00000000  x9:0x80041024 x18=0x7ffbefdc
     314275.000 ns	     31426	80006724	114f0553	fmul.s	f10,f30,f20	 f30:0x80000000 f20:0xcefff7e0 f10=0x00000000
     314305.000 ns	     31429	80006728	e0031053	fclass.s	x0,f6	  f6:0x00000000
     314325.000 ns	     31431	8000672c	00000013	addi	x0,x0,0	  x0:0x00000000
     314345.000 ns	     31433	80006730	02cf3233	mulhu	x4,x30,x12	 x30:0x00000040 x12:0x000001e5  x4=0x00000000
     314375.000 ns	     31436	80006734	f0028e53	fmv.w.x	f28,x5	  x5:0x00000001 f28=0x00000001
     314405.000 ns	     31439	80006738	a0bbab53	feq.s	x22,f23,f11	 f23:0x00000040 f11:0x00000000 x22=0x00000000
     314435.000 ns	     31442	8000673c	2025a7d3	fsgnjx.s	f15,f11,f2	 f11:0x00000000  f2:0x00000000 f15=0x00000000
     314455.000 ns	     31444	80006740	003c3033	sltu	x0,x24,x3	 x24:0x00000000  x3:0x00000001
     314475.000 ns	     31446	80006744	202f86d3	fsgnj.s	f13,f31,f2	 f31:0x3f800000  f2:0x00000000 f13=0x3f800000
     314525.000 ns	     31451	80006748	01e4f853	fadd.s	f16,f9,f30	  f9:0x00000000 f30:0x80000000 f16=0x80000000
     314545.000 ns	     31453	8000674c	49de4e13	xori	x28,x28,1181	 x28:0x00000000 x28=0x0000049d
     314565.000 ns	     31455	80006750	a1d392d3	flt.s	x5,f7,f29	  f7:0x7fc00000 f29:0x7fc00000  x5=0x00000000
     314595.000 ns	     31458	80006754	f00806d3	fmv.w.x	f13,x16	 x16:0x00000001 f13=0x00000001
     314615.000 ns	     31460	80006758	00492933	slt	x18,x18,x4	 x18:0x7ffbefdc  x4:0x00000000 x18=0x00000000
     314625.000 ns	     31461	8000675c	bf1dbb13	sltiu	x22,x27,-1039	 x27:0x3e1d68e4 x22=0x00000001
     314645.000 ns	     31463	80006760	201d9053	fsgnjn.s	f0,f27,f1	 f27:0x80000000  f1:0x00000000  f0=0x80000000
     314665.000 ns	     31465	80006764	4184de93	srai	x29,x9,0x18	  x9:0x80041024 x29=0xffffff80
     314685.000 ns	     31467	80006768	022b95b3	mulh	x11,x23,x2	 x23:0x00000000  x2:0x00000000 x11=0x00000000
     315055.000 ns	     31504	8000676c	02836db3	rem	x27,x6,x8	  x6:0x00000000  x8:0xfffff9be x27=0x00000000
     315075.000 ns	     31506	80006770	0131e733	or	x14,x3,x19	  x3:0x00000001 x19:0x00000001 x14=0x00000001
     315095.000 ns	     31508	80006774	21b4ab53	fsgnjx.s	f22,f9,f27	  f9:0x00000000 f27:0x80000000 f22=0x80000000
     315125.000 ns	     31511	80006778	0218a5b3	mulhsu	x11,x17,x1	 x17:0x1e296ff0  x1:0x00000000 x11=0x00000000
     315155.000 ns	     31514	8000677c	0270c1b3	div	x3,x1,x7	  x1:0x00000000  x7:0x00000000  x3=0xffffffff
     315185.000 ns	     31517	80006780	03ba8433	mul	x8,x21,x27	 x21:0x00000001 x27:0x00000000  x8=0x00000000
     315215.000 ns	     31520	80006784	29d01853	fmax.s	f16,f0,f29	  f0:0x80000000 f29:0x7fc00000 f16=0x80000000
     315245.000 ns	     31523	80006788	0206e833	rem	x16,x13,x0	 x13:0x00000000  x0:0x00000000 x16=0x00000000
     315275.000 ns	     31526	8000678c	c0022ed3	fcvt.w.s	x29,f4	  f4:0xffc00000 x29=0x7fffffff
     315295.000 ns	     31528	80006790	eaf60f17	auipc	x30,0xeaf60	 x30=0x6af66790
     315305.000 ns	     31529	80006794	4026da13	srai	x20,x13,0x2	 x13:0x00000000 x20=0x00000000
     315315.000 ns	     31530	80006798	b267b413	sltiu	x8,x15,-1242	 x15:0x00000040  x8=0x00000001
     315325.000 ns	     31531	8000679c	6bd7a713	slti	x14,x15,1725	 x15:0x00000040 x14=0x00000001
     315345.000 ns	     31533	800067a0	02068e33	mul	x28,x13,x0	 x13:0x00000000  x0:0x00000000 x28=0x00000000
     315365.000 ns	     31535	800067a4	00000013	addi	x0,x0,0	  x0:0x00000000
     315385.000 ns	     31537	800067a8	e00b0f53	fmv.x.w	x30,f22	 f22:0x80000000 x30=0x80000000
     315415.000 ns	     31540	800067ac	a0862c53	feq.s	x24,f12,f8	 f12:0xff800000  f8:0x7f800000 x24=0x00000000
     315785.000 ns	     31577	800067b0	03e24333	div	x6,x4,x30	  x4:0x00000000 x30:0x80000000  x6=0x00000000
     315805.000 ns	     31579	800067b4	017929b3	slt	x19,x18,x23	 x18:0x00000000 x23:0x00000000 x19=0x00000000
     315825.000 ns	     31581	800067b8	206d91d3	fsgnjn.s	f3,f27,f6	 f27:0x80000000  f6:0x00000000  f3=0x80000000
     315865.000 ns	     31585	800067bc	10291b53	fmul.s	f22,f18,f2	 f18:0x00000000  f2:0x00000000 f22=0x00000000
     315895.000 ns	     31588	800067c0	0276bcb3	mulhu	x25,x13,x7	 x13:0x00000000  x7:0x00000000 x25=0x00000000
     315925.000 ns	     31591	800067c4	023aad33	mulhsu	x26,x21,x3	 x21:0x00000001  x3:0xffffffff x26=0x00000000
     315955.000 ns	     31594	800067c8	a1778d53	fle.s	x26,f15,f23	 f15:0x00000000 f23:0x00000040 x26=0x00000001
     315975.000 ns	     31596	800067cc	4d264f13	xori	x30,x12,1234	 x12:0x000001e5 x30=0x00000537
     315985.000 ns	     31597	800067d0	00e853b3	srl	x7,x16,x14	 x16:0x00000000 x14:0x00000001  x7=0x00000000
     316005.000 ns	     31599	800067d4	29bc0ad3	fmin.s	f21,f24,f27	 f24:0x7fc00000 f27:0x80000000 f21=0x80000000
     316035.000 ns	     31602	800067d8	f00d8dd3	fmv.w.x	f27,x27	 x27:0x00000000 f27=0x00000000
     316065.000 ns	     31605	800067dc	d00826d3	fcvt.s.w	f13,x16	 x16:0x00000000 f13=0x00000000
     316085.000 ns	     31607	800067e0	01422733	slt	x14,x4,x20	  x4:0x00000000 x20:0x00000000 x14=0x00000000
     316105.000 ns	     31609	800067e4	030ef0b3	remu	x1,x29,x16	 x29:0x7fffffff x16:0x00000000  x1=0x7fffffff
     316135.000 ns	     31612	800067e8	f00b83d3	fmv.w.x	f7,x23	 x23:0x00000000  f7=0x00000000
     316155.000 ns	     31614	800067ec	f7f04f13	xori	x30,x0,-129	  x0:0x00000000 x30=0xffffff7f
     316165.000 ns	     31615	800067f0	00ce9233	sll	x4,x29,x12	 x29:0x7fffffff x12:0x000001e5  x4=0xffffffe0
     316185.000 ns	     31617	800067f4	03688b33	mul	x22,x17,x22	 x17:0x1e296ff0 x22:0x00000001 x22=0x1e296ff0
     316205.000 ns	     31619	800067f8	a75aaa13	slti	x20,x21,-1419	 x21:0x00000001 x20=0x00000000
     316215.000 ns	     31620	800067fc	005770b3	and	x1,x14,x5	 x14:0x00000000  x5:0x00000000  x1=0x00000000
     316235.000 ns	     31622	80006800	028f96b3	mulh	x13,x31,x8	 x31:0x80040fe4  x8:0x00000001 x13=0xffffffff
     316255.000 ns	     31624	80006804	00000013	addi	x0,x0,0	  x0:0x00000000
     316285.000 ns	     31627	80006808	11d3bcd3	fmul.s	f25,f7,f29	  f7:0x00000000 f29:0x7fc00000 f25=0x7fc00000
     316325.000 ns	     31631	8000680c	1826f053	fdiv.s	f0,f13,f2	 f13:0x00000000  f2:0x00000000  f0=0x7fc00000
     316345.000 ns	     31633	80006810	00a85093	srli	x1,x16,0xa	 x16:0x00000000  x1=0x00000000
     316355.000 ns	     31634	80006814	01a2b633	sltu	x12,x5,x26	  x5:0x00000000 x26:0x00000001 x12=0x00000001
     316375.000 ns	     31636	80006818	295298d3	fmax.s	f17,f5,f21	  f5:0x00000000 f21:0x80000000 f17=0x00000000
     316405.000 ns	     31639	8000681c	a19900d3	fle.s	x1,f18,f25	 f18:0x00000000 f25:0x7fc00000  x1=0x00000000
     316425.000 ns	     31641	80006820	006881b3	add	x3,x17,x6	 x17:0x1e296ff0  x6:0x00000000  x3=0x1e296ff0
     316435.000 ns	     31642	80006824	00bc87b3	add	x15,x25,x11	 x25:0x00000000 x11:0x00000000 x15=0x00000000
     316795.000 ns	     31678	80006828	03fb6933	rem	x18,x22,x31	 x22:0x1e296ff0 x31:0x80040fe4 x18=0x1e296ff0
     316815.000 ns	     31680	8000682c	00c49c93	slli	x25,x9,0xc	  x9:0x80041024 x25=0x41024000
     316825.000 ns	     31681	80006830	00000013	addi	x0,x0,0	  x0:0x00000000
     316845.000 ns	     31683	80006834	284d9fd3	fmax.s	f31,f27,f4	 f27:0x00000000  f4:0xffc00000 f31=0x00000000
     316875.000 ns	     31686	80006838	03b553b3	divu	x7,x10,x27	 x10:0xc1e296ff x27:0x00000000  x7=0xffffffff
     316905.000 ns	     31689	8000683c	a0ff9253	flt.s	x4,f31,f15	 f31:0x00000000 f15:0x00000000  x4=0x00000000
     316925.000 ns	     31691	80006840	32c23917	auipc	x18,0x32c23	 x18=0xb2c29840
     316945.000 ns	     31693	80006844	d0134753	fcvt.s.wu	f14,x6	  x6:0x00000000 f14=0x00000000
     316975.000 ns	     31696	80006848	c011aa53	fcvt.wu.s	x20,f3	  f3:0x80000000 x20=0x00000000
     317005.000 ns	     31699	8000684c	f00a8ad3	fmv.w.x	f21,x21	 x21:0x00000001 f21=0x00000001
     317035.000 ns	     31702	80006850	02c7acb3	mulhsu	x25,x15,x12	 x15:0x00000000 x12:0x00000001 x25=0x00000000
     317065.000 ns	     31705	80006854	29a60e53	fmin.s	f28,f12,f26	 f12:0xff800000 f26:0x43f28000 f28=0xff800000
     317095.000 ns	     31708	80006858	e00e9dd3	fclass.s	x27,f29	 f29:0x7fc00000 x27=0x00000200
     317115.000 ns	     31710	8000685c	004bd8b3	srl	x17,x23,x4	 x23:0x00000000  x4:0x00000000 x17=0x00000000
     317135.000 ns	     31712	80006860	03c3a7b3	mulhsu	x15,x7,x28	  x7:0xffffffff x28:0x00000000 x15=0x00000000
     317155.000 ns	     31714	80006864	00594b33	xor	x22,x18,x5	 x18:0xb2c29840  x5:0x00000000 x22=0xb2c29840
     317165.000 ns	     31715	80006868	01983233	sltu	x4,x16,x25	 x16:0x00000000 x25:0x00000000  x4=0x00000000
     317175.000 ns	     31716	8000686c	1e7ae793	ori	x15,x21,487	 x21:0x00000001 x15=0x000001e7
     317195.000 ns	     31718	80006870	02463d33	mulhu	x26,x12,x4	 x12:0x00000001  x4:0x00000000 x26=0x00000000
     317225.000 ns	     31721	80006874	21e91353	fsgnjn.s	f6,f18,f30	 f18:0x00000000 f30:0x80000000  f6=0x00000000
     317245.000 ns	     31723	80006878	9f26edb7	lui	x27,0x9f26e	 x27=0x9f26e000
     317265.000 ns	     31725	8000687c	a19f2b53	feq.s	x22,f30,f25	 f30:0x80000000 f25:0x7fc00000 x22=0x00000000
     317295.000 ns	     31728	80006880	a0072ad3	feq.s	x21,f14,f0	 f14:0x00000000  f0:0x7fc00000 x21=0x00000000
     317315.000 ns	     31730	80006884	016ff933	and	x18,x31,x22	 x31:0x80040fe4 x22:0x00000000 x18=0x00000000
     317325.000 ns	     31731	80006888	006f1f13	slli	x30,x30,0x6	 x30:0xffffff7f x30=0xffffdfc0
     317335.000 ns	     31732	8000688c	ace7e993	ori	x19,x15,-1330	 x15:0x000001e7 x19=0xfffffbef
     317375.000 ns	     31736	80006890	09b0a853	fsub.s	f16,f1,f27	  f1:0x00000000 f27:0x00000000 f16=0x80000000
     317405.000 ns	     31739	80006894	d00548d3	fcvt.s.w	f17,x10	 x10:0xc1e296ff f17=0xce7875a4
     317435.000 ns	     31742	80006898	207f0453	fsgnj.s	f8,f30,f7	 f30:0x80000000  f7:0x00000000  f8=0x00000000
     317465.000 ns	     31745	8000689c	036258b3	divu	x17,x4,x22	  x4:0x00000000 x22:0x00000000 x17=0xffffffff
     317485.000 ns	     31747	800068a0	005d09b3	add	x19,x26,x5	 x26:0x00000000  x5:0x00000000 x19=0x00000000
     317495.000 ns	     31748	800068a4	0121a333	slt	x6,x3,x18	  x3:0x1e296ff0 x18:0x00000000  x6=0x00000000
     317515.000 ns	     31750	800068a8	28559d53	fmax.s	f26,f11,f5	 f11:0x00000000  f5:0x00000000 f26=0x00000000
     317545.000 ns	     31753	800068ac	e0059cd3	fclass.s	x25,f11	 f11:0x00000000 x25=0x00000010
     317585.000 ns	     31757	800068b0	5804fa53	fsqrt.s	f20,f9	  f9:0x00000000 f20=0x00000000
     317605.000 ns	     31759	800068b4	0109b933	sltu	x18,x19,x16	 x19:0x00000000 x16:0x00000000 x18=0x00000000
     317625.000 ns	     31761	800068b8	03be9b33	mulh	x22,x29,x27	 x29:0x7fffffff x27:0x9f26e000 x22=0xcf937000
     317645.000 ns	     31763	800068bc	40bf5d33	sra	x26,x30,x11	 x30:0xffffdfc0 x11:0x00000000 x26=0xffffdfc0
     317655.000 ns	     31764	800068c0	40c10633	sub	x12,x2,x12	  x2:0x00000000 x12:0x00000001 x12=0xffffffff
     317665.000 ns	     31765	800068c4	8ca12013	slti	x0,x2,-1846	  x2:0x00000000
     317685.000 ns	     31767	800068c8	026a3833	mulhu	x16,x20,x6	 x20:0x00000000  x6:0x00000000 x16=0x00000000
     317715.000 ns	     31770	800068cc	02a6b9b3	mulhu	x19,x13,x10	 x13:0xffffffff x10:0xc1e296ff x19=0xc1e296fe
     317755.000 ns	     31774	800068d0	1115fd53	fmul.s	f26,f11,f17	 f11:0x00000000 f17:0xce7875a4 f26=0x80000000
     317775.000 ns	     31776	800068d4	409c0033	sub	x0,x24,x9	 x24:0x00000000  x9:0x80041024
     317795.000 ns	     31778	800068d8	e0020753	fmv.x.w	x14,f4	  f4:0xffc00000 x14=0xffc00000
     318165.000 ns	     31815	800068dc	02f4e7b3	rem	x15,x9,x15	  x9:0x80041024 x15:0x000001e7 x15=0xfffffee6
     318185.000 ns	     31817	800068e0	e83d4d93	xori	x27,x26,-381	 x26:0xffffdfc0 x27=0x00002143
     318205.000 ns	     31819	800068e4	a0d30f53	fle.s	x30,f6,f13	  f6:0x00000000 f13:0x00000000 x30=0x00000001
     318225.000 ns	     31821	800068e8	8fc60d13	addi	x26,x12,-1796	 x12:0xffffffff x26=0xfffff8fb
     318235.000 ns	     31822	800068ec	407359b3	sra	x19,x6,x7	  x6:0x00000000  x7:0xffffffff x19=0x00000000
     318245.000 ns	     31823	800068f0	00cc17b3	sll	x15,x24,x12	 x24:0x00000000 x12:0xffffffff x15=0x00000000
     318605.000 ns	     31859	800068f4	03e1d6b3	divu	x13,x3,x30	  x3:0x1e296ff0 x30:0x00000001 x13=0x1e296ff0
     318635.000 ns	     31862	800068f8	020fbd33	mulhu	x26,x31,x0	 x31:0x80040fe4  x0:0x00000000 x26=0x00000000
     318665.000 ns	     31865	800068fc	c0142a53	fcvt.wu.s	x20,f8	  f8:0x00000000 x20=0x00000000
     318685.000 ns	     31867	80006900	01101c93	slli	x25,x0,0x11	  x0:0x00000000 x25=0x00000000
     318705.000 ns	     31869	80006904	c01c7253	fcvt.wu.s	x4,f24	 f24:0x7fc00000  x4=0xffffffff
     318725.000 ns	     31871	80006908	3e6eeb13	ori	x22,x29,998	 x29:0x7fffffff x22=0x7fffffff
     318765.000 ns	     31875	8000690c	00f2f8d3	fadd.s	f17,f5,f15	  f5:0x00000000 f15:0x00000000 f17=0x00000000
     318785.000 ns	     31877	80006910	01b1d213	srli	x4,x3,0x1b	  x3:0x1e296ff0  x4=0x00000003
     318795.000 ns	     31878	80006914	65984213	xori	x4,x16,1625	 x16:0x00000000  x4=0x00000659
     319155.000 ns	     31914	80006918	02a9deb3	divu	x29,x19,x10	 x19:0x00000000 x10:0xc1e296ff x29=0x00000000
     319195.000 ns	     31918	8000691c	11067ed3	fmul.s	f29,f12,f16	 f12:0xff800000 f16:0x80000000 f29=0x7fc00000
     319225.000 ns	     31921	80006920	d01d40d3	fcvt.s.wu	f1,x26	 x26:0x00000000  f1=0x00000000
     319255.000 ns	     31924	80006924	a04b06d3	fle.s	x13,f22,f4	 f22:0x00000000  f4:0xffc00000 x13=0x00000000
     319275.000 ns	     31926	80006928	b0423897	auipc	x17,0xb0423	 x17=0x30429928
     319295.000 ns	     31928	8000692c	c0107f53	fcvt.wu.s	x30,f0	  f0:0x7fc00000 x30=0xffffffff
     319315.000 ns	     31930	80006930	38c77f13	andi	x30,x14,908	 x14:0xffc00000 x30=0x00000000
     319325.000 ns	     31931	80006934	ae83a093	slti	x1,x7,-1304	  x7:0xffffffff  x1=0x00000000
     319335.000 ns	     31932	80006938	90d5fa93	andi	x21,x11,-1779	 x11:0x00000000 x21=0x00000000
     319355.000 ns	     31934	8000693c	024a23b3	mulhsu	x7,x20,x4	 x20:0x00000000  x4:0x00000659  x7=0x00000000
     319375.000 ns	     31936	80006940	0105a933	slt	x18,x11,x16	 x11:0x00000000 x16:0x00000000 x18=0x00000000
     319405.000 ns	     31939	80006944	18c51e53	fdiv.s	f28,f10,f12	 f10:0x00000000 f12:0xff800000 f28=0x80000000
     319425.000 ns	     31941	80006948	fab67e13	andi	x28,x12,-85	 x12:0xffffffff x28=0xffffffab
     319445.000 ns	     31943	8000694c	0254c1b3	div	x3,x9,x5	  x9:0x80041024  x5:0x00000000  x3=0xffffffff
     319475.000 ns	     31946	80006950	d00a1953	fcvt.s.w	f18,x20	 x20:0x00000000 f18=0x00000000
     319505.000 ns	     31949	80006954	20290c53	fsgnj.s	f24,f18,f2	 f18:0x00000000  f2:0x00000000 f24=0x00000000
     319535.000 ns	     31952	80006958	a1f12e53	feq.s	x28,f2,f31	  f2:0x00000000 f31:0x00000000 x28=0x00000001
     319905.000 ns	     31989	8000695c	0316d733	divu	x14,x13,x17	 x13:0x00000000 x17:0x30429928 x14=0x00000000
     319935.000 ns	     31992	80006960	e00f8b53	fmv.x.w	x22,f31	 f31:0x00000000 x22=0x00000000
     319965.000 ns	     31995	80006964	c01778d3	fcvt.wu.s	x17,f14	 f14:0x00000000 x17=0x00000000
     319995.000 ns	     31998	80006968	e0040cd3	fmv.x.w	x25,f8	  f8:0x00000000 x25=0x00000000
     320025.000 ns	     32001	8000696c	c00d78d3	fcvt.w.s	x17,f26	 f26:0x80000000 x17=0x00000000
     320055.000 ns	     32004	80006970	02302933	mulhsu	x18,x0,x3	  x0:0x00000000  x3:0xffffffff x18=0x00000000
     320085.000 ns	     32007	80006974	c015a853	fcvt.wu.s	x16,f11	 f11:0x00000000 x16=0x00000000
     320115.000 ns	     32010	80006978	21b01753	fsgnjn.s	f14,f0,f27	  f0:0x7fc00000 f27:0x00000000 f14=0xffc00000
     320135.000 ns	     32012	8000697c	c538da37	lui	x20,0xc538d	 x20=0xc538d000
     320175.000 ns	     32016	80006980	0047fe53	fadd.s	f28,f15,f4	 f15:0x00000000  f4:0xffc00000 f28=0x7fc00000
     320205.000 ns	     32019	80006984	032f2cb3	mulhsu	x25,x30,x18	 x30:0x00000000 x18:0x00000000 x25=0x00000000
     320235.000 ns	     32022	80006988	032682b3	mul	x5,x13,x18	 x13:0x00000000 x18:0x00000000  x5=0x00000000
     320255.000 ns	     32024	8000698c	007fa633	slt	x12,x31,x7	 x31:0x80040fe4  x7:0x00000000 x12=0x00000001
     320275.000 ns	     32026	80006990	032a0bb3	mul	x23,x20,x18	 x20:0xc538d000 x18:0x00000000 x23=0x00000000
     320295.000 ns	     32028	80006994	236b8bb7	lui	x23,0x236b8	 x23=0x236b8000
     320305.000 ns	     32029	80006998	00ad7433	and	x8,x26,x10	 x26:0x00000000 x10:0xc1e296ff  x8=0x00000000
     320325.000 ns	     32031	8000699c	20a90cd3	fsgnj.s	f25,f18,f10	 f18:0x00000000 f10:0x00000000 f25=0x00000000
     320355.000 ns	     32034	800069a0	03dcea33	rem	x20,x25,x29	 x25:0x00000000 x29:0x00000000 x20=0x00000000
     320385.000 ns	     32037	800069a4	d016b853	fcvt.s.wu	f16,x13	 x13:0x00000000 f16=0x00000000
     320405.000 ns	     32039	800069a8	752e4893	xori	x17,x28,1874	 x28:0x00000001 x17=0x00000753
     320415.000 ns	     32040	800069ac	018cc3b3	xor	x7,x25,x24	 x25:0x00000000 x24:0x00000000  x7=0x00000000
     320455.000 ns	     32044	800069b0	09db72d3	fsub.s	f5,f22,f29	 f22:0x00000000 f29:0x7fc00000  f5=0x7fc00000
     320485.000 ns	     32047	800069b4	c0178ed3	fcvt.wu.s	x29,f15	 f15:0x00000000 x29=0x00000000
     320515.000 ns	     32050	800069b8	03d01b33	mulh	x22,x0,x29	  x0:0x00000000 x29:0x00000000 x22=0x00000000
     320545.000 ns	     32053	800069bc	03eeb733	mulhu	x14,x29,x30	 x29:0x00000000 x30:0x00000000 x14=0x00000000
     320565.000 ns	     32055	800069c0	01a4d6b3	srl	x13,x9,x26	  x9:0x80041024 x26:0x00000000 x13=0x80041024
     320585.000 ns	     32057	800069c4	e0050ed3	fmv.x.w	x29,f10	 f10:0x00000000 x29=0x00000000
     320605.000 ns	     32059	800069c8	40eddf13	srai	x30,x27,0xe	 x27:0x00002143 x30=0x00000000
     320615.000 ns	     32060	800069cc	0076dbb3	srl	x23,x13,x7	 x13:0x80041024  x7:0x00000000 x23=0x80041024
     320635.000 ns	     32062	800069d0	d019c9d3	fcvt.s.wu	f19,x19	 x19:0x00000000 f19=0x00000000
     320675.000 ns	     32066	800069d4	102407d3	fmul.s	f15,f8,f2	  f8:0x00000000  f2:0x00000000 f15=0x00000000
     320695.000 ns	     32068	800069d8	e0c2c993	xori	x19,x5,-500	  x5:0x00000000 x19=0xfffffe0c
     320715.000 ns	     32070	800069dc	d0199253	fcvt.s.wu	f4,x19	 x19:0x00000000  f4=0x4f7ffffe
     320735.000 ns	     32072	800069e0	77ce8813	addi	x16,x29,1916	 x29:0x00000000 x16=0x0000077c
     320745.000 ns	     32073	800069e4	00a4f033	and	x0,x9,x10	  x9:0x80041024 x10:0xc1e296ff
     320765.000 ns	     32075	800069e8	028d5b33	divu	x22,x26,x8	 x26:0x00000000  x8:0x00000000 x22=0xffffffff
     320785.000 ns	     32077	800069ec	018a7e33	and	x28,x20,x24	 x20:0x00000000 x24:0x00000000 x28=0x00000000
     320815.000 ns	     32080	800069f0	19b67fd3	fdiv.s	f31,f12,f27	 f12:0xff800000 f27:0x00000000 f31=0xff800000
     320835.000 ns	     32082	800069f4	0181d293	srli	x5,x3,0x18	  x3:0xffffffff  x5=0x000000ff
     320855.000 ns	     32084	800069f8	21a793d3	fsgnjn.s	f7,f15,f26	 f15:0x00000000 f26:0x80000000  f7=0x00000000
     320885.000 ns	     32087	800069fc	c011f053	fcvt.wu.s	x0,f3	  f3:0x80000000
     321255.000 ns	     32124	80006a00	02deebb3	rem	x23,x29,x13	 x29:0x00000000 x13:0x80041024 x23=0x00000000
     321275.000 ns	     32126	80006a04	00e8ac33	slt	x24,x17,x14	 x17:0x00000753 x14:0x00000000 x24=0x00000000
     321285.000 ns	     32127	80006a08	009e00b3	add	x1,x28,x9	 x28:0x00000000  x9:0x80041024  x1=0x80041024
     321305.000 ns	     32129	80006a0c	c00d7a53	fcvt.w.s	x20,f26	 f26:0x80000000 x20=0x00000000
     321675.000 ns	     32166	80006a10	025af1b3	remu	x3,x21,x5	 x21:0x00000000  x5:0x000000ff  x3=0x00000000
     321695.000 ns	     32168	80006a14	01d45b33	srl	x22,x8,x29	  x8:0x00000000 x29:0x00000000 x22=0x00000000
     322055.000 ns	     32204	80006a18	03be52b3	divu	x5,x28,x27	 x28:0x00000000 x27:0x00002143  x5=0x00000000
     322075.000 ns	     32206	80006a1c	78606f13	ori	x30,x0,1926	  x0:0x00000000 x30=0x00000786
     322095.000 ns	     32208	80006a20	289c0253	fmin.s	f4,f24,f9	 f24:0x00000000  f9:0x00000000  f4=0x00000000
     322115.000 ns	     32210	80006a24	0090eb33	or	x22,x1,x9	  x1:0x80041024  x9:0x80041024 x22=0x80041024
     322125.000 ns	     32211	80006a28	017ab5b3	sltu	x11,x21,x23	 x21:0x00000000 x23:0x00000000 x11=0x00000000
     322135.000 ns	     32212	80006a2c	01bb25b3	slt	x11,x22,x27	 x22:0x00000000 x27:0x00002143 x11=0x00000001
     322145.000 ns	     32213	80006a30	01811f33	sll	x30,x2,x24	  x2:0x00000000 x24:0x00000000 x30=0x00000000
     322175.000 ns	     32216	80006a34	198b02d3	fdiv.s	f5,f22,f24	 f22:0x00000000 f24:0x00000000  f5=0x7fc00000
     322205.000 ns	     32219	80006a38	e0099953	fclass.s	x18,f19	 f19:0x00000000 x18=0x00000010
     322225.000 ns	     32221	80006a3c	01d6e0b3	or	x1,x13,x29	 x13:0x80041024 x29:0x00000000  x1=0x80041024
     322245.000 ns	     32223	80006a40	02bf2c33	mulhsu	x24,x30,x11	 x30:0x00000000 x11:0x00000001 x24=0x00000000
     322265.000 ns	     32225	80006a44	01c40a33	add	x20,x8,x28	  x8:0x00000000 x28:0x00000000 x20=0x00000000
     322285.000 ns	     32227	80006a48	02fda0b3	mulhsu	x1,x27,x15	 x27:0x00002143 x15:0x00000000  x1=0x00000000
     322305.000 ns	     32229	80006a4c	40468e33	sub	x28,x13,x4	 x13:0x80041024  x4:0x00000659 x28=0x800409cb
     322315.000 ns	     32230	80006a50	e3c86093	ori	x1,x16,-452	 x16:0x0000077c  x1=0xffffff7c
     322325.000 ns	     32231	80006a54	405e5333	sra	x6,x28,x5	 x28:0x00000000  x5:0x00000000  x6=0x800409cb
     322345.000 ns	     32233	80006a58	20800fd3	fsgnj.s	f31,f0,f8	  f0:0x7fc00000  f8:0x00000000 f31=0x7fc00000
     322365.000 ns	     32235	80006a5c	01a01813	slli	x16,x0,0x1a	  x0:0x00000000 x16=0x00000000
     322725.000 ns	     32271	80006a60	024f7e33	remu	x28,x30,x4	 x30:0x00000000  x4:0x00000659 x28=0x00000000
     322745.000 ns	     32273	80006a64	008cf3b3	and	x7,x25,x8	 x25:0x00000000  x8:0x00000000  x7=0x00000000
     322765.000 ns	     32275	80006a68	02a3a333	mulhsu	x6,x7,x10	  x7:0x00000000 x10:0xc1e296ff  x6=0x00000000
     322795.000 ns	     32278	80006a6c	a16a1753	flt.s	x14,f20,f22	 f20:0x00000000 f22:0x00000000 x14=0x00000000
     322825.000 ns	     32281	80006a70	027a31b3	mulhu	x3,x20,x7	 x20:0x00000000  x7:0x00000000  x3=0x00000000
     322845.000 ns	     32283	80006a74	77dfb093	sltiu	x1,x31,1917	 x31:0x80040fe4  x1=0x00000000
     322865.000 ns	     32285	80006a78	a1212a53	feq.s	x20,f2,f18	  f2:0x00000000 f18:0x00000000 x20=0x00000001
     322885.000 ns	     32287	80006a7c	884bdcb7	lui	x25,0x884bd	 x25=0x884bd000
     322905.000 ns	     32289	80006a80	037c8433	mul	x8,x25,x23	 x25:0x00000000 x23:0x00000000  x8=0x00000000
     322925.000 ns	     32291	80006a84	00000013	addi	x0,x0,0	  x0:0x00000000
     322945.000 ns	     32293	80006a88	027dbeb3	mulhu	x29,x27,x7	 x27:0x00002143  x7:0x00000000 x29=0x00000000
     322965.000 ns	     32295	80006a8c	29cca793	slti	x15,x25,668	 x25:0x884bd000 x15=0x00000001
     322985.000 ns	     32297	80006a90	210baed3	fsgnjx.s	f29,f23,f16	 f23:0x00000040 f16:0x00000000 f29=0x00000040
     323005.000 ns	     32299	80006a94	40d3d633	sra	x12,x7,x13	  x7:0x00000000 x13:0x80041024 x12=0x00000000
     323025.000 ns	     32301	80006a98	03d78e33	mul	x28,x15,x29	 x15:0x00000001 x29:0x00000000 x28=0x00000000
     323055.000 ns	     32304	80006a9c	02056133	rem	x2,x10,x0	 x10:0xc1e296ff  x0:0x00000000  x2=0xc1e296ff
     323075.000 ns	     32306	80006aa0	9cf46417	auipc	x8,0x9cf46	  x8=0x1cf4caa0
     323115.000 ns	     32310	80006aa4	019974d3	fadd.s	f9,f18,f25	 f18:0x00000000 f25:0x00000000  f9=0x00000000
     323135.000 ns	     32312	80006aa8	41a95c33	sra	x24,x18,x26	 x18:0x00000010 x26:0x00000000 x24=0x00000010
     323145.000 ns	     32313	80006aac	003b1e93	slli	x29,x22,0x3	 x22:0x80041024 x29=0x00208120
     323505.000 ns	     32349	80006ab0	031070b3	remu	x1,x0,x17	  x0:0x00000000 x17:0x00000753  x1=0x00000000
     323525.000 ns	     32351	80006ab4	85346393	ori	x7,x8,-1965	  x8:0x1cf4caa0  x7=0xfffffaf3
     323545.000 ns	     32353	80006ab8	e00889d3	fmv.x.w	x19,f17	 f17:0x00000000 x19=0x00000000
     323575.000 ns	     32356	80006abc	213a2c53	fsgnjx.s	f24,f20,f19	 f20:0x00000000 f19:0x00000000 f24=0x00000000
     323595.000 ns	     32358	80006ac0	805c3c13	sltiu	x24,x24,-2043	 x24:0x00000010 x24=0x00000001
     323615.000 ns	     32360	80006ac4	02bdbbb3	mulhu	x23,x27,x11	 x27:0x00002143 x11:0x00000001 x23=0x00000000
     323645.000 ns	     32363	80006ac8	e0081b53	fclass.s	x22,f16	 f16:0x00000000 x22=0x00000010
     323675.000 ns	     32366	80006acc	c018f953	fcvt.wu.s	x18,f17	 f17:0x00000000 x18=0x00000000
     323695.000 ns	     32368	80006ad0	016c63b3	or	x7,x24,x22	 x24:0x00000001 x22:0x00000010  x7=0x00000011
     323705.000 ns	     32369	80006ad4	00b671b3	and	x3,x12,x11	 x12:0x00000000 x11:0x00000001  x3=0x00000000
     323725.000 ns	     32371	80006ad8	29d79953	fmax.s	f18,f15,f29	 f15:0x00000000 f29:0x00000040 f18=0x00000040
     323745.000 ns	     32373	80006adc	92b26b97	auipc	x23,0x92b26	 x23=0x12b2cadc
     323765.000 ns	     32375	80006ae0	21528ad3	fsgnj.s	f21,f5,f21	  f5:0x7fc00000 f21:0x00000001 f21=0x7fc00000
     323795.000 ns	     32378	80006ae4	a06c8153	fle.s	x2,f25,f6	 f25:0x00000000  f6:0x00000000  x2=0x00000001
     323815.000 ns	     32380	80006ae8	40485b13	srai	x22,x16,0x4	 x16:0x00000000 x22=0x00000000
     323835.000 ns	     32382	80006aec	0231b033	mulhu	x0,x3,x3	  x3:0x00000000  x3:0x00000000
     323885.000 ns	     32387	80006af0	08bd9653	fsub.s	f12,f27,f11	 f27:0x00000000 f11:0x00000000 f12=0x80000000
     323915.000 ns	     32390	80006af4	d017f453	fcvt.s.wu	f8,x15	 x15:0x00000001  f8=0x3f800000
     323935.000 ns	     32392	80006af8	017b0633	add	x12,x22,x23	 x22:0x00000000 x23:0x12b2cadc x12=0x12b2cadc
     323945.000 ns	     32393	80006afc	01631113	slli	x2,x6,0x16	  x6:0x00000000  x2=0x00000000
     323975.000 ns	     32396	80006b00	18aaf4d3	fdiv.s	f9,f21,f10	 f21:0x7fc00000 f10:0x00000000  f9=0x7fc00000
     323995.000 ns	     32398	80006b04	012148b3	xor	x17,x2,x18	  x2:0x00000001 x18:0x00000000 x17=0x00000000
     324015.000 ns	     32400	80006b08	d016fed3	fcvt.s.wu	f29,x13	 x13:0x80041024 f29=0x4f000410
     324045.000 ns	     32403	80006b0c	a0a781d3	fle.s	x3,f15,f10	 f15:0x00000000 f10:0x00000000  x3=0x00000001
     324415.000 ns	     32440	80006b10	02d2e633	rem	x12,x5,x13	  x5:0x00000000 x13:0x80041024 x12=0x00000000
     324445.000 ns	     32443	80006b14	03afe033	rem	x0,x31,x26	 x31:0x80040fe4 x26:0x00000000
     324465.000 ns	     32445	80006b18	4159d233	sra	x4,x19,x21	 x19:0x00000000 x21:0x00000000  x4=0x00000000
     324485.000 ns	     32447	80006b1c	a17e0253	fle.s	x4,f28,f23	 f28:0x7fc00000 f23:0x00000040  x4=0x00000000
     324855.000 ns	     32484	80006b20	02d5ec33	rem	x24,x11,x13	 x11:0x00000001 x13:0x80041024 x24=0x00000001
     324885.000 ns	     32487	80006b24	d0189753	fcvt.s.wu	f14,x17	 x17:0x00000000 f14=0x00000000
     324935.000 ns	     32492	80006b28	00c27d53	fadd.s	f26,f4,f12	  f4:0x00000000 f12:0x80000000 f26=0x80000000
     324965.000 ns	     32495	80006b2c	c00c1853	fcvt.w.s	x16,f24	 f24:0x00000000 x16=0x00000000
     324985.000 ns	     32497	80006b30	0afaaa93	slti	x21,x21,175	 x21:0x00000000 x21=0x00000001
     324995.000 ns	     32498	80006b34	00000013	addi	x0,x0,0	  x0:0x00000000
     325005.000 ns	     32499	80006b38	0141a733	slt	x14,x3,x20	  x3:0x00000001 x20:0x00000001 x14=0x00000000
     325045.000 ns	     32503	80006b3c	01d373d3	fadd.s	f7,f6,f29	  f6:0x00000000 f29:0x4f000410  f7=0x4f000410
     325065.000 ns	     32505	80006b40	000f48b3	xor	x17,x30,x0	 x30:0x00000000  x0:0x00000000 x17=0x00000000
     325075.000 ns	     32506	80006b44	00b60bb3	add	x23,x12,x11	 x12:0x00000000 x11:0x00000001 x23=0x00000001
     325095.000 ns	     32508	80006b48	20e08fd3	fsgnj.s	f31,f1,f14	  f1:0x00000000 f14:0x00000000 f31=0x00000000
     325125.000 ns	     32511	80006b4c	03cd17b3	mulh	x15,x26,x28	 x26:0x00000000 x28:0x00000000 x15=0x00000000
     325155.000 ns	     32514	80006b50	02c7db33	divu	x22,x15,x12	 x15:0x00000001 x12:0x00000000 x22=0xffffffff
     325525.000 ns	     32551	80006b54	035d6033	rem	x0,x26,x21	 x26:0x00000000 x21:0x00000001
     325545.000 ns	     32553	80006b58	41df5133	sra	x2,x30,x29	 x30:0x00000000 x29:0x00208120  x2=0x00000000
     325555.000 ns	     32554	80006b5c	000aaab3	slt	x21,x21,x0	 x21:0x00000001  x0:0x00000000 x21=0x00000000
     325575.000 ns	     32556	80006b60	02474133	div	x2,x14,x4	 x14:0x00000000  x4:0x00000000  x2=0xffffffff
     325605.000 ns	     32559	80006b64	02be1ab3	mulh	x21,x28,x11	 x28:0x00000000 x11:0x00000001 x21=0x00000000
     325635.000 ns	     32562	80006b68	03de3bb3	mulhu	x23,x28,x29	 x28:0x00000000 x29:0x00208120 x23=0x00000000
     325665.000 ns	     32565	80006b6c	a0e50cd3	fle.s	x25,f10,f14	 f10:0x00000000 f14:0x00000000 x25=0x00000001
     325695.000 ns	     32568	80006b70	03aa56b3	divu	x13,x20,x26	 x20:0x00000001 x26:0x00000000 x13=0xffffffff
     325715.000 ns	     32570	80006b74	00c65013	srli	x0,x12,0xc	 x12:0x00000000
     325735.000 ns	     32572	80006b78	e00d0353	fmv.x.w	x6,f26	 f26:0x80000000  x6=0x80000000
     325765.000 ns	     32575	80006b7c	a0b013d3	flt.s	x7,f0,f11	  f0:0x7fc00000 f11:0x00000000  x7=0x00000000
     325815.000 ns	     32580	80006b80	0906c8d3	fsub.s	f17,f13,f16	 f13:0x00000000 f16:0x00000000 f17=0x80000000
     325835.000 ns	     32582	80006b84	f863bf13	sltiu	x30,x7,-122	  x7:0x00000000 x30=0x00000001
     325855.000 ns	     32584	80006b88	d0142853	fcvt.s.wu	f16,x8	  x8:0x1cf4caa0 f16=0x4de7a655
     325875.000 ns	     32586	80006b8c	016b9293	slli	x5,x23,0x16	 x23:0x00000000  x5=0x00000000
     325885.000 ns	     32587	80006b90	45817c93	andi	x25,x2,1112	  x2:0xffffffff x25=0x00000458
     326245.000 ns	     32623	80006b94	03e468b3	rem	x17,x8,x30	  x8:0x1cf4caa0 x30:0x00000001 x17=0x00000000
     326615.000 ns	     32660	80006b98	03f6feb3	remu	x29,x13,x31	 x13:0xffffffff x31:0x80040fe4 x29=0x7ffbf01b
     326645.000 ns	     32663	80006b9c	a18d9153	flt.s	x2,f27,f24	 f27:0x00000000 f24:0x00000000  x2=0x00000000
     326675.000 ns	     32666	80006ba0	c01308d3	fcvt.wu.s	x17,f6	  f6:0x00000000 x17=0x00000000
     326695.000 ns	     32668	80006ba4	00000013	addi	x0,x0,0	  x0:0x00000000
     326705.000 ns	     32669	80006ba8	00de5313	srli	x6,x28,0xd	 x28:0x00000000  x6=0x00000000
     326715.000 ns	     32670	80006bac	00df5893	srli	x17,x30,0xd	 x30:0x00000001 x17=0x00000000
     326735.000 ns	     32672	80006bb0	d0133553	fcvt.s.wu	f10,x6	  x6:0x80000000 f10=0x00000000
     326755.000 ns	     32674	80006bb4	a707cc93	xori	x25,x15,-1424	 x15:0x00000000 x25=0xfffffa70
     326775.000 ns	     32676	80006bb8	d0198553	fcvt.s.wu	f10,x19	 x19:0x00000000 f10=0x00000000
     326805.000 ns	     32679	80006bbc	28a00b53	fmin.s	f22,f0,f10	  f0:0x7fc00000 f10:0x00000000 f22=0x00000000
     326825.000 ns	     32681	80006bc0	00d769b3	or	x19,x14,x13	 x14:0x00000000 x13:0xffffffff x19=0xffffffff
     326835.000 ns	     32682	80006bc4	338c8a13	addi	x20,x25,824	 x25:0xfffffa70 x20=0xfffffda8
     326845.000 ns	     32683	80006bc8	419d89b3	sub	x19,x27,x25	 x27:0x00002143 x25:0xfffffa70 x19=0x000026d3
     326865.000 ns	     32685	80006bcc	a1e72a53	feq.s	x20,f14,f30	 f14:0x00000000 f30:0x80000000 x20=0x00000001
     326885.000 ns	     32687	80006bd0	00b15213	srli	x4,x2,0xb	  x2:0x00000000  x4=0x00000000
     326895.000 ns	     32688	80006bd4	411f5993	srai	x19,x30,0x11	 x30:0x00000001 x19=0x00000000
     326905.000 ns	     32689	80006bd8	002c4d33	xor	x26,x24,x2	 x24:0x00000001  x2:0x00000000 x26=0x00000001
     326935.000 ns	     32692	80006bdc	1099f7d3	fmul.s	f15,f19,f9	 f19:0x00000000  f9:0x7fc00000 f15=0x7fc00000
     326965.000 ns	     32695	80006be0	a08b1153	flt.s	x2,f22,f8	 f22:0x00000000  f8:0x3f800000  x2=0x00000001
     326985.000 ns	     32697	80006be4	0aa36193	ori	x3,x6,170	  x6:0x00000000  x3=0x000000aa
     327005.000 ns	     32699	80006be8	20af0953	fsgnj.s	f18,f30,f10	 f30:0x80000000 f10:0x00000000 f18=0x00000000
     327035.000 ns	     32702	80006bec	02157bb3	remu	x23,x10,x1	 x10:0xc1e296ff  x1:0x00000000 x23=0xc1e296ff
     327065.000 ns	     32705	80006bf0	d009a253	fcvt.s.w	f4,x19	 x19:0x00000000  f4=0x00000000
     327085.000 ns	     32707	80006bf4	509f75b7	lui	x11,0x509f7	 x11=0x509f7000
     327105.000 ns	     32709	80006bf8	d019f6d3	fcvt.s.wu	f13,x19	 x19:0x00000000 f13=0x00000000
     327135.000 ns	     32712	80006bfc	0254c433	div	x8,x9,x5	  x9:0x80041024  x5:0x00000000  x8=0xffffffff
     327155.000 ns	     32714	80006c00	9c698693	addi	x13,x19,-1594	 x19:0x00000000 x13=0xfffff9c6
     327175.000 ns	     32716	80006c04	03d40733	mul	x14,x8,x29	  x8:0xffffffff x29:0x7ffbf01b x14=0x80040fe5
     327195.000 ns	     32718	80006c08	40c8d793	srai	x15,x17,0xc	 x17:0x00000000 x15=0x00000000
     328365.000 ns	     32835	80006c0c	5803ced3	fsqrt.s	f29,f7	  f7:0x4f000410 f29=0x46b50a40
     328415.000 ns	     32840	80006c10	0997ffd3	fsub.s	f31,f15,f25	 f15:0x7fc00000 f25:0x00000000 f31=0x7fc00000
     328435.000 ns	     32842	80006c14	41ef5b33	sra	x22,x30,x30	 x30:0x00000001 x30:0x00000001 x22=0x00000000
     328445.000 ns	     32843	80006c18	58940f13	addi	x30,x8,1417	  x8:0xffffffff x30=0x00000588
     328455.000 ns	     32844	80006c1c	000d9e13	slli	x28,x27,0x0	 x27:0x00002143 x28=0x00002143
     328465.000 ns	     32845	80006c20	00ef6a33	or	x20,x30,x14	 x30:0x00000001 x14:0x80040fe5 x20=0x80040fed
     328485.000 ns	     32847	80006c24	a1b00653	fle.s	x12,f0,f27	  f0:0x7fc00000 f27:0x00000000 x12=0x00000000
     328525.000 ns	     32851	80006c28	112ca053	fmul.s	f0,f25,f18	 f25:0x00000000 f18:0x00000000  f0=0x00000000
     328545.000 ns	     32853	80006c2c	9e050213	addi	x4,x10,-1568	 x10:0xc1e296ff  x4=0xc1e290df
     328555.000 ns	     32854	80006c30	011b6eb3	or	x29,x22,x17	 x22:0x00000000 x17:0x00000000 x29=0x00000000
     328595.000 ns	     32858	80006c34	00f27d53	fadd.s	f26,f4,f15	  f4:0x00000000 f15:0x7fc00000 f26=0x7fc00000
     328615.000 ns	     32860	80006c38	00e5fdb3	and	x27,x11,x14	 x11:0x509f7000 x14:0x80040fe5 x27=0x00040000
     328625.000 ns	     32861	80006c3c	d5cfee13	ori	x28,x31,-676	 x31:0x80040fe4 x28=0xfffffffc
     328985.000 ns	     32897	80006c40	03f9d2b3	divu	x5,x19,x31	 x19:0x00000000 x31:0x80040fe4  x5=0x00000000
     329005.000 ns	     32899	80006c44	26817113	andi	x2,x2,616	  x2:0x00000001  x2=0x00000000
     329035.000 ns	     32902	80006c48	5808c953	fsqrt.s	f18,f17	 f17:0x80000000 f18=0x80000000
     329065.000 ns	     32905	80006c4c	0218ba33	mulhu	x20,x17,x1	 x17:0x00000000  x1:0x00000000 x20=0x00000000
     329095.000 ns	     32908	80006c50	29541ed3	fmax.s	f29,f8,f21	  f8:0x3f800000 f21:0x7fc00000 f29=0x3f800000
     329135.000 ns	     32912	80006c54	11e1f653	fmul.s	f12,f3,f30	  f3:0x80000000 f30:0x80000000 f12=0x00000000
     329155.000 ns	     32914	80006c58	00000013	addi	x0,x0,0	  x0:0x00000000
     329165.000 ns	     32915	80006c5c	b2fcc193	xori	x3,x25,-1233	 x25:0xfffffa70  x3=0x0000015f
     329185.000 ns	     32917	80006c60	0237bab3	mulhu	x21,x15,x3	 x15:0x00000000  x3:0x000000aa x21=0x00000000
     329215.000 ns	     32920	80006c64	289a1553	fmax.s	f10,f20,f9	 f20:0x00000000  f9:0x7fc00000 f10=0x00000000
     329245.000 ns	     32923	80006c68	a1c39a53	flt.s	x20,f7,f28	  f7:0x4f000410 f28:0x7fc00000 x20=0x00000000
     329275.000 ns	     32926	80006c6c	e0011053	fclass.s	x0,f2	  f2:0x00000000
     329295.000 ns	     32928	80006c70	00000013	addi	x0,x0,0	  x0:0x00000000
     329315.000 ns	     32930	80006c74	20b425d3	fsgnjx.s	f11,f8,f11	  f8:0x3f800000 f11:0x00000000 f11=0x3f800000
     329365.000 ns	     32935	80006c78	09502e53	fsub.s	f28,f0,f21	  f0:0x00000000 f21:0x7fc00000 f28=0x7fc00000
     329385.000 ns	     32937	80006c7c	016a9e33	sll	x28,x21,x22	 x21:0x00000000 x22:0x00000000 x28=0x00000000
     329405.000 ns	     32939	80006c80	28de98d3	fmax.s	f17,f29,f13	 f29:0x3f800000 f13:0x00000000 f17=0x3f800000
     329435.000 ns	     32942	80006c84	022d1db3	mulh	x27,x26,x2	 x26:0x00000001  x2:0x00000000 x27=0x00000000
     329455.000 ns	     32944	80006c88	40585213	srai	x4,x16,0x5	 x16:0x00000000  x4=0x00000000
     329465.000 ns	     32945	80006c8c	0042b133	sltu	x2,x5,x4	  x5:0x00000000  x4:0xc1e290df  x2=0x00000000
     329485.000 ns	     32947	80006c90	f0088553	fmv.w.x	f10,x17	 x17:0x00000000 f10=0x00000000
     329505.000 ns	     32949	80006c94	405501b3	sub	x3,x10,x5	 x10:0xc1e296ff  x5:0x00000000  x3=0xc1e296ff
     329525.000 ns	     32951	80006c98	e00e87d3	fmv.x.w	x15,f29	 f29:0x3f800000 x15=0x3f800000
     329555.000 ns	     32954	80006c9c	d017a153	fcvt.s.wu	f2,x15	 x15:0x00000000  f2=0x4e7e0000
     329575.000 ns	     32956	80006ca0	01a99cb3	sll	x25,x19,x26	 x19:0x00000000 x26:0x00000001 x25=0x00000000
     329585.000 ns	     32957	80006ca4	004fbbb3	sltu	x23,x31,x4	 x31:0x80040fe4  x4:0x00000000 x23=0x00000000
     329605.000 ns	     32959	80006ca8	c009f253	fcvt.w.s	x4,f19	 f19:0x00000000  x4=0x00000000
     329625.000 ns	     32961	80006cac	00bb2933	slt	x18,x22,x11	 x22:0x00000000 x11:0x509f7000 x18=0x00000001
     329645.000 ns	     32963	80006cb0	28cf1ed3	fmax.s	f29,f30,f12	 f30:0x80000000 f12:0x00000000 f29=0x00000000
     329675.000 ns	     32966	80006cb4	21ed9e53	fsgnjn.s	f28,f27,f30	 f27:0x00000000 f30:0x80000000 f28=0x00000000
     329695.000 ns	     32968	80006cb8	35358113	addi	x2,x11,851	 x11:0x509f7000  x2=0x509f7353
     329715.000 ns	     32970	80006cbc	02fc0033	mul	x0,x24,x15	 x24:0x00000001 x15:0x3f800000
     329735.000 ns	     32972	80006cc0	0048fc33	and	x24,x17,x4	 x17:0x00000000  x4:0x00000000 x24=0x00000000
     329755.000 ns	     32974	80006cc4	c013f7d3	fcvt.wu.s	x15,f7	  f7:0x4f000410 x15=0x80041000
     329785.000 ns	     32977	80006cc8	024e8f33	mul	x30,x29,x4	 x29:0x00000000  x4:0x00000000 x30=0x00000000
     329815.000 ns	     32980	80006ccc	02af85b3	mul	x11,x31,x10	 x31:0x80040fe4 x10:0xc1e296ff x11=0xd0a36c1c
     329845.000 ns	     32983	80006cd0	a0b02dd3	feq.s	x27,f0,f11	  f0:0x00000000 f11:0x3f800000 x27=0x00000000
     329865.000 ns	     32985	80006cd4	31e8a693	slti	x13,x17,798	 x17:0x00000000 x13=0x00000001
     329875.000 ns	     32986	80006cd8	4ea588b7	lui	x17,0x4ea58	 x17=0x4ea58000
     329895.000 ns	     32988	80006cdc	e00f03d3	fmv.x.w	x7,f30	 f30:0x80000000  x7=0x80000000
     329935.000 ns	     32992	80006ce0	104cf2d3	fmul.s	f5,f25,f4	 f25:0x00000000  f4:0x00000000  f5=0x00000000
     329965.000 ns	     32995	80006ce4	039a42b3	div	x5,x20,x25	 x20:0x00000000 x25:0x00000000  x5=0xffffffff
     329985.000 ns	     32997	80006ce8	7e932193	slti	x3,x6,2025	  x6:0x00000000  x3=0x00000001
     329995.000 ns	     32998	80006cec	3d6f2913	slti	x18,x30,982	 x30:0x00000000 x18=0x00000001
     330025.000 ns	     33001	80006cf0	106cf853	fmul.s	f16,f25,f6	 f25:0x00000000  f6:0x00000000 f16=0x00000000
     330055.000 ns	     33004	80006cf4	a10baed3	feq.s	x29,f23,f16	 f23:0x00000040 f16:0x4de7a655 x29=0x00000000
     330075.000 ns	     33006	80006cf8	012042b3	xor	x5,x0,x18	  x0:0x00000000 x18:0x00000001  x5=0x00000001
     330105.000 ns	     33009	80006cfc	11a5c653	fmul.s	f12,f11,f26	 f11:0x3f800000 f26:0x7fc00000 f12=0x7fc00000
     330135.000 ns	     33012	80006d00	02681833	mulh	x16,x16,x6	 x16:0x00000000  x6:0x00000000 x16=0x00000000
     330165.000 ns	     33015	80006d04	20632c53	fsgnjx.s	f24,f6,f6	  f6:0x00000000  f6:0x00000000 f24=0x00000000
     330195.000 ns	     33018	80006d08	21772753	fsgnjx.s	f14,f14,f23	 f14:0x00000000 f23:0x00000040 f14=0x00000000
     330215.000 ns	     33020	80006d0c	5a56aa97	auipc	x21,0x5a56a	 x21=0xda570d0c
     330225.000 ns	     33021	80006d10	5f8b9417	auipc	x8,0x5f8b9	  x8=0xdf8bfd10
     330245.000 ns	     33023	80006d14	e00e12d3	fclass.s	x5,f28	 f28:0x00000000  x5=0x00000010
     330275.000 ns	     33026	80006d18	21d18c53	fsgnj.s	f24,f3,f29	  f3:0x80000000 f29:0x00000000 f24=0x00000000
     330305.000 ns	     33029	80006d1c	d00efdd3	fcvt.s.w	f27,x29	 x29:0x00000000 f27=0x00000000
     330325.000 ns	     33031	80006d20	f2c0c593	xori	x11,x1,-212	  x1:0x00000000 x11=0xffffff2c
     330335.000 ns	     33032	80006d24	b0efa313	slti	x6,x31,-1266	 x31:0x80040fe4  x6=0x00000001
     330345.000 ns	     33033	80006d28	00653033	sltu	x0,x10,x6	 x10:0xc1e296ff  x6:0x00000000
     330385.000 ns	     33037	80006d2c	0198fd53	fadd.s	f26,f17,f25	 f17:0x3f800000 f25:0x00000000 f26=0x3f800000
     330435.000 ns	     33042	80006d30	0959fdd3	fsub.s	f27,f19,f21	 f19:0x00000000 f21:0x7fc00000 f27=0x7fc00000
     330465.000 ns	     33045	80006d34	20139d53	fsgnjn.s	f26,f7,f1	  f7:0x4f000410  f1:0x00000000 f26=0xcf000410
     330485.000 ns	     33047	80006d38	085c3813	sltiu	x16,x24,133	 x24:0x00000000 x16=0x00000001
     330505.000 ns	     33049	80006d3c	a12cabd3	feq.s	x23,f25,f18	 f25:0x00000000 f18:0x80000000 x23=0x00000001
     330525.000 ns	     33051	80006d40	01335893	srli	x17,x6,0x13	  x6:0x00000001 x17=0x00000000
     330545.000 ns	     33053	80006d44	29230bd3	fmin.s	f23,f6,f18	  f6:0x00000000 f18:0x80000000 f23=0x80000000
     330565.000 ns	     33055	80006d48	156d3b13	sltiu	x22,x26,342	 x26:0x00000001 x22=0x00000001
     330585.000 ns	     33057	80006d4c	c00e8953	fcvt.w.s	x18,f29	 f29:0x00000000 x18=0x00000000
     330615.000 ns	     33060	80006d50	c01a72d3	fcvt.wu.s	x5,f20	 f20:0x00000000  x5=0x00000000
     330635.000 ns	     33062	80006d54	003897b3	sll	x15,x17,x3	 x17:0x00000000  x3:0x00000001 x15=0x00000000
     330655.000 ns	     33064	80006d58	a19115d3	flt.s	x11,f2,f25	  f2:0x4e7e0000 f25:0x00000000 x11=0x00000000
     330675.000 ns	     33066	80006d5c	40e20c33	sub	x24,x4,x14	  x4:0x00000000 x14:0x80040fe5 x24=0x7ffbf01b
     330685.000 ns	     33067	80006d60	018368b3	or	x17,x6,x24	  x6:0x00000001 x24:0x00000000 x17=0x7ffbf01b
     330695.000 ns	     33068	80006d64	6bfbc013	xori	x0,x23,1727	 x23:0x00000001
     330715.000 ns	     33070	80006d68	031c36b3	mulhu	x13,x24,x17	 x24:0x7ffbf01b x17:0x00000000 x13=0x3ffbf02b
     330735.000 ns	     33072	80006d6c	524d3b13	sltiu	x22,x26,1316	 x26:0x00000001 x22=0x00000001
     330765.000 ns	     33075	80006d70	1117bbd3	fmul.s	f23,f15,f17	 f15:0x7fc00000 f17:0x3f800000 f23=0x7fc00000
     330785.000 ns	     33077	80006d74	00be8db3	add	x27,x29,x11	 x29:0x00000000 x11:0x00000000 x27=0x00000000
     330795.000 ns	     33078	80006d78	b6b6a213	slti	x4,x13,-1173	 x13:0x3ffbf02b  x4=0x00000000
     330825.000 ns	     33081	80006d7c	18a3fd53	fdiv.s	f26,f7,f10	  f7:0x4f000410 f10:0x00000000 f26=0x7f800000
     330845.000 ns	     33083	80006d80	019cabb3	slt	x23,x25,x25	 x25:0x00000000 x25:0x00000000 x23=0x00000000
     330865.000 ns	     33085	80006d84	f0010e53	fmv.w.x	f28,x2	  x2:0x509f7353 f28=0x509f7353
     330895.000 ns	     33088	80006d88	c0047953	fcvt.w.s	x18,f8	  f8:0x3f800000 x18=0x00000001
     330915.000 ns	     33090	80006d8c	00569d33	sll	x26,x13,x5	 x13:0x3ffbf02b  x5:0x00000000 x26=0x3ffbf02b
     330935.000 ns	     33092	80006d90	0260a433	mulhsu	x8,x1,x6	  x1:0x00000000  x6:0x00000001  x8=0x00000000
     330955.000 ns	     33094	80006d94	eb2e8293	addi	x5,x29,-334	 x29:0x00000000  x5=0xfffffeb2
     330965.000 ns	     33095	80006d98	017ee3b3	or	x7,x29,x23	 x29:0x00000000 x23:0x00000000  x7=0x00000000
     330985.000 ns	     33097	80006d9c	02747d33	remu	x26,x8,x7	  x8:0x00000000  x7:0x80000000 x26=0x00000000
     331015.000 ns	     33100	80006da0	295d1dd3	fmax.s	f27,f26,f21	 f26:0x7f800000 f21:0x7fc00000 f27=0x7f800000
     331045.000 ns	     33103	80006da4	e00b0dd3	fmv.x.w	x27,f22	 f22:0x00000000 x27=0x00000000
     331415.000 ns	     33140	80006da8	035feeb3	rem	x29,x31,x21	 x31:0x80040fe4 x21:0xda570d0c x29=0xf0fee8c0
     331435.000 ns	     33142	80006dac	011e7e33	and	x28,x28,x17	 x28:0x00000000 x17:0x7ffbf01b x28=0x00000000
     331455.000 ns	     33144	80006db0	f00d89d3	fmv.w.x	f19,x27	 x27:0x00000000 f19=0x00000000
     331485.000 ns	     33147	80006db4	02ed0b33	mul	x22,x26,x14	 x26:0x00000000 x14:0x80040fe5 x22=0x00000000
     331505.000 ns	     33149	80006db8	7bcf4993	xori	x19,x30,1980	 x30:0x00000000 x19=0x000007bc
     331525.000 ns	     33151	80006dbc	e00e0653	fmv.x.w	x12,f28	 f28:0x509f7353 x12=0x509f7353
     331555.000 ns	     33154	80006dc0	02bb5c33	divu	x24,x22,x11	 x22:0x00000000 x11:0x00000000 x24=0xffffffff
     331575.000 ns	     33156	80006dc4	d96d6e13	ori	x28,x26,-618	 x26:0x00000000 x28=0xfffffd96
     331595.000 ns	     33158	80006dc8	d009fb53	fcvt.s.w	f22,x19	 x19:0x000007bc f22=0x44f78000
     331965.000 ns	     33195	80006dcc	03d05bb3	divu	x23,x0,x29	  x0:0x00000000 x29:0xf0fee8c0 x23=0x00000000
     331995.000 ns	     33198	80006dd0	c01a0853	fcvt.wu.s	x16,f20	 f20:0x00000000 x16=0x00000000
     332015.000 ns	     33200	80006dd4	017f22b3	slt	x5,x30,x23	 x30:0x00000000 x23:0x00000000  x5=0x00000000
     332055.000 ns	     33204	80006dd8	00d6bbd3	fadd.s	f23,f13,f13	 f13:0x00000000 f13:0x00000000 f23=0x00000000
     332075.000 ns	     33206	80006ddc	00000013	addi	x0,x0,0	  x0:0x00000000
     332085.000 ns	     33207	80006de0	007ae3b3	or	x7,x21,x7	 x21:0xda570d0c  x7:0x00000000  x7=0xda570d0c
     332105.000 ns	     33209	80006de4	020a0633	mul	x12,x20,x0	 x20:0x00000000  x0:0x00000000 x12=0x00000000
     332135.000 ns	     33212	80006de8	e0001853	fclass.s	x16,f0	  f0:0x00000000 x16=0x00000010
     332165.000 ns	     33215	80006dec	022c9733	mulh	x14,x25,x2	 x25:0x00000000  x2:0x509f7353 x14=0x00000000
     332195.000 ns	     33218	80006df0	02469133	mulh	x2,x13,x4	 x13:0x3ffbf02b  x4:0x00000000  x2=0x00000000
     332215.000 ns	     33220	80006df4	3f986693	ori	x13,x16,1017	 x16:0x00000010 x13=0x000003f9
     332235.000 ns	     33222	80006df8	28238d53	fmin.s	f26,f7,f2	  f7:0x4f000410  f2:0x4e7e0000 f26=0x4e7e0000
     332255.000 ns	     33224	80006dfc	00175eb3	srl	x29,x14,x1	 x14:0x00000000  x1:0x00000000 x29=0x00000000
     332275.000 ns	     33226	80006e00	03e141b3	div	x3,x2,x30	  x2:0x00000000 x30:0x00000000  x3=0xffffffff
     332305.000 ns	     33229	80006e04	e00a9bd3	fclass.s	x23,f21	 f21:0x7fc00000 x23=0x00000200
     332325.000 ns	     33231	80006e08	019926b3	slt	x13,x18,x25	 x18:0x00000001 x25:0x00000000 x13=0x00000000
     332335.000 ns	     33232	80006e0c	f875fa13	andi	x20,x11,-121	 x11:0x00000000 x20=0x00000000
     332355.000 ns	     33234	80006e10	d003a253	fcvt.s.w	f4,x7	  x7:0xda570d0c  f4=0xce16a3cc
     332385.000 ns	     33237	80006e14	f0090953	fmv.w.x	f18,x18	 x18:0x00000001 f18=0x00000001
     332415.000 ns	     33240	80006e18	20ea0ad3	fsgnj.s	f21,f20,f14	 f20:0x00000000 f14:0x00000000 f21=0x00000000
     332445.000 ns	     33243	80006e1c	d01f2ad3	fcvt.s.wu	f21,x30	 x30:0x00000000 f21=0x00000000
     332465.000 ns	     33245	80006e20	01679c33	sll	x24,x15,x22	 x15:0x00000000 x22:0x00000000 x24=0x00000000
     332475.000 ns	     33246	80006e24	01349bb3	sll	x23,x9,x19	  x9:0x80041024 x19:0x000007bc x23=0x40000000
     332495.000 ns	     33248	80006e28	20fe27d3	fsgnjx.s	f15,f28,f15	 f28:0x509f7353 f15:0x7fc00000 f15=0x509f7353
     332515.000 ns	     33250	80006e2c	011ba433	slt	x8,x23,x17	 x23:0x00000200 x17:0x7ffbf01b  x8=0x00000001
     332525.000 ns	     33251	80006e30	40eb8333	sub	x6,x23,x14	 x23:0x40000000 x14:0x00000000  x6=0x40000000
     332535.000 ns	     33252	80006e34	d7802cb7	lui	x25,0xd7802	 x25=0xd7802000
     332555.000 ns	     33254	80006e38	037baf33	mulhsu	x30,x23,x23	 x23:0x40000000 x23:0x40000000 x30=0x10000000
     332895.000 ns	     33288	80006e3c	18723453	fdiv.s	f8,f4,f7	  f4:0xce16a3cc  f7:0x4f000410  f8=0xbe16a3cc
     332915.000 ns	     33290	80006e40	00a71033	sll	x0,x14,x10	 x14:0x00000000 x10:0xc1e296ff
     332935.000 ns	     33292	80006e44	29dd8dd3	fmin.s	f27,f27,f29	 f27:0x7f800000 f29:0x00000000 f27=0x00000000
     332965.000 ns	     33295	80006e48	290c83d3	fmin.s	f7,f25,f16	 f25:0x00000000 f16:0x00000000  f7=0x00000000
     332995.000 ns	     33298	80006e4c	e00192d3	fclass.s	x5,f3	  f3:0x80000000  x5=0x00000008
     333335.000 ns	     33332	80006e50	18b47f53	fdiv.s	f30,f8,f11	  f8:0xbe16a3cc f11:0x3f800000 f30=0xbe16a356
     333705.000 ns	     33369	80006e54	03facb33	div	x22,x21,x31	 x21:0xda570d0c x31:0x80040fe4 x22=0x00000000
     333735.000 ns	     33372	80006e58	034131b3	mulhu	x3,x2,x20	  x2:0x00000000 x20:0x00000000  x3=0x00000000
     333755.000 ns	     33374	80006e5c	0124d193	srli	x3,x9,0x12	  x9:0x80041024  x3=0x00002001
     333775.000 ns	     33376	80006e60	d001a053	fcvt.s.w	f0,x3	  x3:0x00000000  f0=0x46000400
     333805.000 ns	     33379	80006e64	d00e45d3	fcvt.s.w	f11,x28	 x28:0xfffffd96 f11=0xc41a8000
     333835.000 ns	     33382	80006e68	c01f8c53	fcvt.wu.s	x24,f31	 f31:0x7fc00000 x24=0xffffffff
     333885.000 ns	     33387	80006e6c	00f1ae53	fadd.s	f28,f3,f15	  f3:0x80000000 f15:0x509f7353 f28=0x509f7353
     333915.000 ns	     33390	80006e70	d0031253	fcvt.s.w	f4,x6	  x6:0x40000000  f4=0x4e800000
     333945.000 ns	     33393	80006e74	c01d7ed3	fcvt.wu.s	x29,f26	 f26:0x4e7e0000 x29=0x3f800000
     333965.000 ns	     33395	80006e78	755fe3b7	lui	x7,0x755fe	  x7=0x755fe000
     333985.000 ns	     33397	80006e7c	f00a8253	fmv.w.x	f4,x21	 x21:0xda570d0c  f4=0xda570d0c
     334025.000 ns	     33401	80006e80	19d97853	fdiv.s	f16,f18,f29	 f18:0x00000001 f29:0x00000000 f16=0x7f800000
     334045.000 ns	     33403	80006e84	db6e4413	xori	x8,x28,-586	 x28:0xfffffd96  x8=0x00000020
     334065.000 ns	     33405	80006e88	a02e1f53	flt.s	x30,f28,f2	 f28:0x509f7353  f2:0x4e7e0000 x30=0x00000000
     334085.000 ns	     33407	80006e8c	986dbc93	sltiu	x25,x27,-1658	 x27:0x00000000 x25=0x00000001
     334125.000 ns	     33411	80006e90	0113fcd3	fadd.s	f25,f7,f17	  f7:0x00000000 f17:0x3f800000 f25=0x3f800000
     334145.000 ns	     33413	80006e94	00d42833	slt	x16,x8,x13	  x8:0x00000020 x13:0x00000000 x16=0x00000000
     334165.000 ns	     33415	80006e98	c007bb53	fcvt.w.s	x22,f15	 f15:0x509f7353 x22=0x7fffffff
     334185.000 ns	     33417	80006e9c	00cf72b3	and	x5,x30,x12	 x30:0x00000000 x12:0x00000000  x5=0x00000000
     334545.000 ns	     33453	80006ea0	039a7db3	remu	x27,x20,x25	 x20:0x00000000 x25:0x00000001 x27=0x00000000
     334585.000 ns	     33457	80006ea4	114aff53	fmul.s	f30,f21,f20	 f21:0x00000000 f20:0x00000000 f30=0x00000000
     334605.000 ns	     33459	80006ea8	df0d8197	auipc	x3,0xdf0d8	  x3=0x5f0deea8
     334625.000 ns	     33461	80006eac	c0159d53	fcvt.wu.s	x26,f11	 f11:0xc41a8000 x26=0x0000026a
     334655.000 ns	     33464	80006eb0	021f42b3	div	x5,x30,x1	 x30:0x00000000  x1:0x00000000  x5=0xffffffff
     334675.000 ns	     33466	80006eb4	41210f33	sub	x30,x2,x18	  x2:0x00000000 x18:0x00000001 x30=0xffffffff
     334695.000 ns	     33468	80006eb8	c00ab5d3	fcvt.w.s	x11,f21	 f21:0x00000000 x11=0x00000000
     334715.000 ns	     33470	80006ebc	01076eb3	or	x29,x14,x16	 x14:0x00000000 x16:0x00000000 x29=0x00000000
     334735.000 ns	     33472	80006ec0	d007f853	fcvt.s.w	f16,x15	 x15:0x00000000 f16=0x00000000
     334765.000 ns	     33475	80006ec4	d0140953	fcvt.s.wu	f18,x8	  x8:0x00000020 f18=0x42000000
     334795.000 ns	     33478	80006ec8	03000033	mul	x0,x0,x16	  x0:0x00000000 x16:0x00000000
     334815.000 ns	     33480	80006ecc	00000013	addi	x0,x0,0	  x0:0x00000000
     334825.000 ns	     33481	80006ed0	00b2cf33	xor	x30,x5,x11	  x5:0xffffffff x11:0x00000000 x30=0xffffffff
     334835.000 ns	     33482	80006ed4	00d4e7b3	or	x15,x9,x13	  x9:0x80041024 x13:0x00000000 x15=0x80041024
     334845.000 ns	     33483	80006ed8	00a25833	srl	x16,x4,x10	  x4:0x00000000 x10:0xc1e296ff x16=0x00000000
     334865.000 ns	     33485	80006edc	2098a553	fsgnjx.s	f10,f17,f9	 f17:0x3f800000  f9:0x7fc00000 f10=0x3f800000
     334895.000 ns	     33488	80006ee0	a0369dd3	flt.s	x27,f13,f3	 f13:0x00000000  f3:0x80000000 x27=0x00000000
     334915.000 ns	     33490	80006ee4	01ae5033	srl	x0,x28,x26	 x28:0xfffffd96 x26:0x0000026a
     334935.000 ns	     33492	80006ee8	e0011053	fclass.s	x0,f2	  f2:0x4e7e0000
     334965.000 ns	     33495	80006eec	d01dab53	fcvt.s.wu	f22,x27	 x27:0x00000000 f22=0x00000000
     334985.000 ns	     33497	80006ef0	40efdd33	sra	x26,x31,x14	 x31:0x80040fe4 x14:0x00000000 x26=0x80040fe4
     334995.000 ns	     33498	80006ef4	010dedb3	or	x27,x27,x16	 x27:0x00000000 x16:0x00000000 x27=0x00000000
     335015.000 ns	     33500	80006ef8	c01d7353	fcvt.wu.s	x6,f26	 f26:0x4e7e0000  x6=0x3f800000
     335055.000 ns	     33504	80006efc	1139b7d3	fmul.s	f15,f19,f19	 f19:0x00000000 f19:0x00000000 f15=0x00000000
     335085.000 ns	     33507	80006f00	0343db33	divu	x22,x7,x20	  x7:0x755fe000 x20:0x00000000 x22=0xffffffff
     335105.000 ns	     33509	80006f04	bf028213	addi	x4,x5,-1040	  x5:0xffffffff  x4=0xfffffbef
     335135.000 ns	     33512	80006f08	19852053	fdiv.s	f0,f10,f24	 f10:0x3f800000 f24:0x00000000  f0=0x7f800000
     335165.000 ns	     33515	80006f0c	28950cd3	fmin.s	f25,f10,f9	 f10:0x3f800000  f9:0x7fc00000 f25=0x3f800000
     335185.000 ns	     33517	80006f10	01d2b433	sltu	x8,x5,x29	  x5:0xffffffff x29:0x00000000  x8=0x00000000
     335205.000 ns	     33519	80006f14	299883d3	fmin.s	f7,f17,f25	 f17:0x3f800000 f25:0x3f800000  f7=0x3f800000
     335225.000 ns	     33521	80006f18	2d15f293	andi	x5,x11,721	 x11:0x00000000  x5=0x00000000
     335245.000 ns	     33523	80006f1c	d0047e53	fcvt.s.w	f28,x8	  x8:0x00000000 f28=0x00000000
     335265.000 ns	     33525	80006f20	025e4017	auipc	x0,0x25e4	
     335275.000 ns	     33526	80006f24	b1a8a693	slti	x13,x17,-1254	 x17:0x7ffbf01b x13=0x00000000
     335285.000 ns	     33527	80006f28	0150cc33	xor	x24,x1,x21	  x1:0x00000000 x21:0xda570d0c x24=0xda570d0c
     335315.000 ns	     33530	80006f2c	189c0fd3	fdiv.s	f31,f24,f9	 f24:0x00000000  f9:0x7fc00000 f31=0x7fc00000
     335365.000 ns	     33535	80006f30	09f040d3	fsub.s	f1,f0,f31	  f0:0x7f800000 f31:0x7fc00000  f1=0x7fc00000
     335385.000 ns	     33537	80006f34	36ad3993	sltiu	x19,x26,874	 x26:0x80040fe4 x19=0x00000000
     335395.000 ns	     33538	80006f38	bdb7a393	slti	x7,x15,-1061	 x15:0x80041024  x7=0x00000001
     335435.000 ns	     33542	80006f3c	08337dd3	fsub.s	f27,f6,f3	  f6:0x00000000  f3:0x80000000 f27=0x00000000
     335455.000 ns	     33544	80006f40	fb5cc797	auipc	x15,0xfb5cc	 x15=0x7b5d2f40
     335475.000 ns	     33546	80006f44	284604d3	fmin.s	f9,f12,f4	 f12:0x7fc00000  f4:0xda570d0c  f9=0xda570d0c
     335495.000 ns	     33548	80006f48	00b470b3	and	x1,x8,x11	  x8:0x00000000 x11:0x00000000  x1=0x00000000
     335505.000 ns	     33549	80006f4c	58f89137	lui	x2,0x58f89	  x2=0x58f89000
     335525.000 ns	     33551	80006f50	21a525d3	fsgnjx.s	f11,f10,f26	 f10:0x3f800000 f26:0x4e7e0000 f11=0x3f800000
     335545.000 ns	     33553	80006f54	0055ff33	and	x30,x11,x5	 x11:0x00000000  x5:0x00000000 x30=0x00000000
     335565.000 ns	     33555	80006f58	28110453	fmin.s	f8,f2,f1	  f2:0x4e7e0000  f1:0x7fc00000  f8=0x4e7e0000
     335595.000 ns	     33558	80006f5c	e0018cd3	fmv.x.w	x25,f3	  f3:0x80000000 x25=0x80000000
     335645.000 ns	     33563	80006f60	00310cd3	fadd.s	f25,f2,f3	  f2:0x4e7e0000  f3:0x80000000 f25=0x4e7e0000
     335665.000 ns	     33565	80006f64	0cbf3393	sltiu	x7,x30,203	 x30:0x00000000  x7=0x00000001
     335675.000 ns	     33566	80006f68	d1696737	lui	x14,0xd1696	 x14=0xd1696000
     335695.000 ns	     33568	80006f6c	c015f5d3	fcvt.wu.s	x11,f11	 f11:0x3f800000 x11=0x00000001
     335715.000 ns	     33570	80006f70	4165d993	srai	x19,x11,0x16	 x11:0x00000000 x19=0x00000000
     335725.000 ns	     33571	80006f74	4092d5b3	sra	x11,x5,x9	  x5:0x00000000  x9:0x80041024 x11=0x00000000
     335745.000 ns	     33573	80006f78	293d1953	fmax.s	f18,f26,f19	 f26:0x4e7e0000 f19:0x00000000 f18=0x4e7e0000
     335765.000 ns	     33575	80006f7c	4040d313	srai	x6,x1,0x4	  x1:0x00000000  x6=0x00000000
     335775.000 ns	     33576	80006f80	859c4293	xori	x5,x24,-1959	 x24:0xda570d0c  x5=0x25a8f555
     335785.000 ns	     33577	80006f84	01c01e93	slli	x29,x0,0x1c	  x0:0x00000000 x29=0x00000000
     335805.000 ns	     33579	80006f88	29971e53	fmax.s	f28,f14,f25	 f14:0x00000000 f25:0x4e7e0000 f28=0x4e7e0000
     335835.000 ns	     33582	80006f8c	e0000cd3	fmv.x.w	x25,f0	  f0:0x7f800000 x25=0x7f800000
     335865.000 ns	     33585	80006f90	c0133453	fcvt.wu.s	x8,f6	  f6:0x00000000  x8=0x00000000
     335895.000 ns	     33588	80006f94	283d02d3	fmin.s	f5,f26,f3	 f26:0x4e7e0000  f3:0x80000000  f5=0x80000000
     335925.000 ns	     33591	80006f98	a01513d3	flt.s	x7,f10,f1	 f10:0x3f800000  f1:0x7fc00000  x7=0x00000000
     335945.000 ns	     33593	80006f9c	00fa9e13	slli	x28,x21,0xf	 x21:0xda570d0c x28=0x86860000
     335985.000 ns	     33597	80006fa0	01c11653	fadd.s	f12,f2,f28	  f2:0x4e7e0000 f28:0x4e7e0000 f12=0x4efe0000
     336005.000 ns	     33599	80006fa4	008cee33	or	x28,x25,x8	 x25:0x7f800000  x8:0x00000000 x28=0x7f800000
     336025.000 ns	     33601	80006fa8	02092233	mulhsu	x4,x18,x0	 x18:0x00000001  x0:0x00000000  x4=0x00000000
     336045.000 ns	     33603	80006fac	018e9a13	slli	x20,x29,0x18	 x29:0x00000000 x20=0x00000000
     336065.000 ns	     33605	80006fb0	f00b07d3	fmv.w.x	f15,x22	 x22:0xffffffff f15=0xffffffff
     336085.000 ns	     33607	80006fb4	00ac1993	slli	x19,x24,0xa	 x24:0xda570d0c x19=0x5c343000
     336095.000 ns	     33608	80006fb8	017b7d33	and	x26,x22,x23	 x22:0xffffffff x23:0x40000000 x26=0x40000000
     336105.000 ns	     33609	80006fbc	013eb1b3	sltu	x3,x29,x19	 x29:0x00000000 x19:0x00000000  x3=0x00000001
     336125.000 ns	     33611	80006fc0	d0102b53	fcvt.s.wu	f22,x0	  x0:0x00000000 f22=0x00000000
     336155.000 ns	     33614	80006fc4	d01ea253	fcvt.s.wu	f4,x29	 x29:0x00000000  f4=0x00000000
     336185.000 ns	     33617	80006fc8	c00df9d3	fcvt.w.s	x19,f27	 f27:0x00000000 x19=0x00000000
     336215.000 ns	     33620	80006fcc	d00cf7d3	fcvt.s.w	f15,x25	 x25:0x7f800000 f15=0x4eff0000
     336235.000 ns	     33622	80006fd0	002558b3	srl	x17,x10,x2	 x10:0xc1e296ff  x2:0x58f89000 x17=0xc1e296ff
     336245.000 ns	     33623	80006fd4	007b9633	sll	x12,x23,x7	 x23:0x40000000  x7:0x00000000 x12=0x40000000
     336265.000 ns	     33625	80006fd8	2104a553	fsgnjx.s	f10,f9,f16	  f9:0xda570d0c f16:0x00000000 f10=0xda570d0c
     336285.000 ns	     33627	80006fdc	4083d593	srai	x11,x7,0x8	  x7:0x00000000 x11=0x00000000
     336305.000 ns	     33629	80006fe0	200f1d53	fsgnjn.s	f26,f30,f0	 f30:0x00000000  f0:0x7f800000 f26=0x80000000
     336325.000 ns	     33631	80006fe4	9e1ab213	sltiu	x4,x21,-1567	 x21:0xda570d0c  x4=0x00000001
     336685.000 ns	     33667	80006fe8	0258c333	div	x6,x17,x5	 x17:0xc1e296ff  x5:0x25a8f555  x6=0xffffffff
     336715.000 ns	     33670	80006fec	e0091053	fclass.s	x0,f18	 f18:0x4e7e0000
     336745.000 ns	     33673	80006ff0	023d0ab3	mul	x21,x26,x3	 x26:0x40000000  x3:0x00000001 x21=0x40000000
     337115.000 ns	     33710	80006ff4	024461b3	rem	x3,x8,x4	  x8:0x00000000  x4:0x00000001  x3=0x00000000
     337145.000 ns	     33713	80006ff8	280c9ad3	fmax.s	f21,f25,f0	 f25:0x4e7e0000  f0:0x7f800000 f21=0x7f800000
     337165.000 ns	     33715	80006ffc	419f0713	addi	x14,x30,1049	 x30:0x00000000 x14=0x00000419
     337525.000 ns	     33751	80007000	0370cf33	div	x30,x1,x23	  x1:0x00000000 x23:0x40000000 x30=0x00000000
     337555.000 ns	     33754	80007004	03b6a433	mulhsu	x8,x13,x27	 x13:0x00000000 x27:0x00000000  x8=0x00000000
     337585.000 ns	     33757	80007008	d00e85d3	fcvt.s.w	f11,x29	 x29:0x00000000 f11=0x00000000
     337605.000 ns	     33759	8000700c	01f7de93	srli	x29,x15,0x1f	 x15:0x7b5d2f40 x29=0x00000000
     337625.000 ns	     33761	80007010	a1af08d3	fle.s	x17,f30,f26	 f30:0x00000000 f26:0x80000000 x17=0x00000001
     337655.000 ns	     33764	80007014	02ba45b3	div	x11,x20,x11	 x20:0x00000000 x11:0x00000000 x11=0xffffffff
     337685.000 ns	     33767	80007018	a031aad3	feq.s	x21,f3,f3	  f3:0x80000000  f3:0x80000000 x21=0x00000001
     337715.000 ns	     33770	8000701c	21db16d3	fsgnjn.s	f13,f22,f29	 f22:0x00000000 f29:0x00000000 f13=0x80000000
     338085.000 ns	     33807	80007020	0225d333	divu	x6,x11,x2	 x11:0xffffffff  x2:0x58f89000  x6=0x00000002
     338105.000 ns	     33809	80007024	1590b213	sltiu	x4,x1,345	  x1:0x00000000  x4=0x00000001
     338125.000 ns	     33811	80007028	a0919e53	flt.s	x28,f3,f9	  f3:0x80000000  f9:0xda570d0c x28=0x00000000
     338495.000 ns	     33848	8000702c	0365d0b3	divu	x1,x11,x22	 x11:0xffffffff x22:0xffffffff  x1=0x00000001
     338515.000 ns	     33850	80007030	006c5793	srli	x15,x24,0x6	 x24:0xda570d0c x15=0x03695c34
     338525.000 ns	     33851	80007034	fdd14113	xori	x2,x2,-35	  x2:0x58f89000  x2=0xa7076fdd
     338545.000 ns	     33853	80007038	d0157353	fcvt.s.wu	f6,x10	 x10:0xc1e296ff  f6=0x4f41e296
     338575.000 ns	     33856	8000703c	a0e40d53	fle.s	x26,f8,f14	  f8:0x4e7e0000 f14:0x00000000 x26=0x00000000
     338595.000 ns	     33858	80007040	000c7333	and	x6,x24,x0	 x24:0xda570d0c  x0:0x00000000  x6=0x00000000
     338605.000 ns	     33859	80007044	337ebd93	sltiu	x27,x29,823	 x29:0x00000000 x27=0x00000001
     338615.000 ns	     33860	80007048	14a80993	addi	x19,x16,330	 x16:0x00000000 x19=0x0000014a
     338635.000 ns	     33862	8000704c	d0190e53	fcvt.s.wu	f28,x18	 x18:0x00000001 f28=0x3f800000
     338655.000 ns	     33864	80007050	008bfbb3	and	x23,x23,x8	 x23:0x40000000  x8:0x00000000 x23=0x00000000
     338665.000 ns	     33865	80007054	403f5693	srai	x13,x30,0x3	 x30:0x00000000 x13=0x00000000
     338685.000 ns	     33867	80007058	a06f8653	fle.s	x12,f31,f6	 f31:0x7fc00000  f6:0x4f41e296 x12=0x00000000
     338705.000 ns	     33869	8000705c	32553713	sltiu	x14,x10,805	 x10:0xc1e296ff x14=0x00000000
     338715.000 ns	     33870	80007060	402d8833	sub	x16,x27,x2	 x27:0x00000001  x2:0xa7076fdd x16=0x58f89024
     338725.000 ns	     33871	80007064	0185de93	srli	x29,x11,0x18	 x11:0xffffffff x29=0x000000ff
     338745.000 ns	     33873	80007068	02752633	mulhsu	x12,x10,x7	 x10:0xc1e296ff  x7:0x00000000 x12=0x00000000
     339115.000 ns	     33910	8000706c	02917933	remu	x18,x2,x9	  x2:0xa7076fdd  x9:0x80041024 x18=0x27035fb9
     339135.000 ns	     33912	80007070	7ad02d13	slti	x26,x0,1965	  x0:0x00000000 x26=0x00000001
     339155.000 ns	     33914	80007074	21b62a53	fsgnjx.s	f20,f12,f27	 f12:0x4efe0000 f27:0x00000000 f20=0x4efe0000
     339185.000 ns	     33917	80007078	e0051ad3	fclass.s	x21,f10	 f10:0xda570d0c x21=0x00000002
     339205.000 ns	     33919	8000707c	00000013	addi	x0,x0,0	  x0:0x00000000
     339215.000 ns	     33920	80007080	01235f13	srli	x30,x6,0x12	  x6:0x00000000 x30=0x00000000
     339225.000 ns	     33921	80007084	b66d4393	xori	x7,x26,-1178	 x26:0x00000001  x7=0xfffffb67
     339245.000 ns	     33923	80007088	20a0a1d3	fsgnjx.s	f3,f1,f10	  f1:0x7fc00000 f10:0xda570d0c  f3=0xffc00000
     339275.000 ns	     33926	8000708c	299e88d3	fmin.s	f17,f29,f25	 f29:0x00000000 f25:0x4e7e0000 f17=0x00000000
     339295.000 ns	     33928	80007090	0029ab33	slt	x22,x19,x2	 x19:0x0000014a  x2:0xa7076fdd x22=0x00000000
     339325.000 ns	     33931	80007094	580ffc53	fsqrt.s	f24,f31	 f31:0x7fc00000 f24=0x7fc00000
     339355.000 ns	     33934	80007098	28e41ed3	fmax.s	f29,f8,f14	  f8:0x4e7e0000 f14:0x00000000 f29=0x4e7e0000
     339375.000 ns	     33936	8000709c	019a3b33	sltu	x22,x20,x25	 x20:0x00000000 x25:0x7f800000 x22=0x00000001
     339395.000 ns	     33938	800070a0	e00f99d3	fclass.s	x19,f31	 f31:0x7fc00000 x19=0x00000200
     339435.000 ns	     33942	800070a4	19741bd3	fdiv.s	f23,f8,f23	  f8:0x4e7e0000 f23:0x00000000 f23=0x7f800000
     339465.000 ns	     33945	800070a8	03efdd33	divu	x26,x31,x30	 x31:0x80040fe4 x30:0x00000000 x26=0xffffffff
     339485.000 ns	     33947	800070ac	7bfffc93	andi	x25,x31,1983	 x31:0x80040fe4 x25=0x000007a4
     339515.000 ns	     33950	800070b0	1190ff53	fmul.s	f30,f1,f25	  f1:0x7fc00000 f25:0x4e7e0000 f30=0x7fc00000
     339545.000 ns	     33953	800070b4	a11c9d53	flt.s	x26,f25,f17	 f25:0x4e7e0000 f17:0x00000000 x26=0x00000000
     339575.000 ns	     33956	800070b8	02e089b3	mul	x19,x1,x14	  x1:0x00000001 x14:0x00000000 x19=0x00000000
     339595.000 ns	     33958	800070bc	f685b593	sltiu	x11,x11,-152	 x11:0xffffffff x11=0x00000000
     339635.000 ns	     33962	800070c0	016741d3	fadd.s	f3,f14,f22	 f14:0x00000000 f22:0x00000000  f3=0x00000000
     339665.000 ns	     33965	800070c4	f0088b53	fmv.w.x	f22,x17	 x17:0x00000001 f22=0x00000001
     339685.000 ns	     33967	800070c8	3ea42e93	slti	x29,x8,1002	  x8:0x00000000 x29=0x00000001
     339705.000 ns	     33969	800070cc	a0ea1653	flt.s	x12,f20,f14	 f20:0x4efe0000 f14:0x00000000 x12=0x00000000
     339725.000 ns	     33971	800070d0	41a25a13	srai	x20,x4,0x1a	  x4:0x00000001 x20=0x00000000
     339745.000 ns	     33973	800070d4	a0861b53	flt.s	x22,f12,f8	 f12:0x4efe0000  f8:0x4e7e0000 x22=0x00000000
     339765.000 ns	     33975	800070d8	584fca93	xori	x21,x31,1412	 x31:0x80040fe4 x21=0x80040a60
     339785.000 ns	     33977	800070dc	f0070ad3	fmv.w.x	f21,x14	 x14:0x00000000 f21=0x00000000
     339835.000 ns	     33982	800070e0	00672253	fadd.s	f4,f14,f6	 f14:0x00000000  f6:0x4f41e296  f4=0x4f41e296
     339865.000 ns	     33985	800070e4	03e23033	mulhu	x0,x4,x30	  x4:0x00000001 x30:0x00000000
     339885.000 ns	     33987	800070e8	9d128313	addi	x6,x5,-1583	  x5:0x25a8f555  x6=0x25a8ef26
     339905.000 ns	     33989	800070ec	03ef45b3	div	x11,x30,x30	 x30:0x00000000 x30:0x00000000 x11=0xffffffff
     339935.000 ns	     33992	800070f0	20e88a53	fsgnj.s	f20,f17,f14	 f17:0x00000000 f14:0x00000000 f20=0x00000000
     339955.000 ns	     33994	800070f4	01282d33	slt	x26,x16,x18	 x16:0x58f89024 x18:0x27035fb9 x26=0x00000000
     339965.000 ns	     33995	800070f8	41318733	sub	x14,x3,x19	  x3:0x00000000 x19:0x00000000 x14=0x00000000
     339975.000 ns	     33996	800070fc	00000013	addi	x0,x0,0	  x0:0x00000000
     339995.000 ns	     33998	80007100	e00c9e53	fclass.s	x28,f25	 f25:0x4e7e0000 x28=0x00000040
     340025.000 ns	     34001	80007104	c00b7753	fcvt.w.s	x14,f22	 f22:0x00000001 x14=0x00000000
     340055.000 ns	     34004	80007108	e00810d3	fclass.s	x1,f16	 f16:0x00000000  x1=0x00000010
     340075.000 ns	     34006	8000710c	013232b3	sltu	x5,x4,x19	  x4:0x00000001 x19:0x00000000  x5=0x00000000
     340095.000 ns	     34008	80007110	d01176d3	fcvt.s.wu	f13,x2	  x2:0xa7076fdd f13=0x4f27076f
     340465.000 ns	     34045	80007114	03137db3	remu	x27,x6,x17	  x6:0x25a8ef26 x17:0x00000001 x27=0x00000000
     340505.000 ns	     34049	80007118	185d4dd3	fdiv.s	f27,f26,f5	 f26:0x80000000  f5:0x80000000 f27=0x7fc00000
     340525.000 ns	     34051	8000711c	4d69cc17	auipc	x24,0x4d69c	 x24=0xcd6a311c
     340545.000 ns	     34053	80007120	021320b3	mulhsu	x1,x6,x1	  x6:0x25a8ef26  x1:0x00000010  x1=0x00000002
     340575.000 ns	     34056	80007124	213e26d3	fsgnjx.s	f13,f28,f19	 f28:0x3f800000 f19:0x00000000 f13=0x3f800000
     340605.000 ns	     34059	80007128	c00678d3	fcvt.w.s	x17,f12	 f12:0x4efe0000 x17=0x7f000000
     340655.000 ns	     34064	8000712c	08103953	fsub.s	f18,f0,f1	  f0:0x7f800000  f1:0x7fc00000 f18=0x7fc00000
     340675.000 ns	     34066	80007130	010c1193	slli	x3,x24,0x10	 x24:0xcd6a311c  x3=0x311c0000
     340695.000 ns	     34068	80007134	03679433	mulh	x8,x15,x22	 x15:0x03695c34 x22:0x00000000  x8=0x00000000
     340735.000 ns	     34072	80007138	110eced3	fmul.s	f29,f29,f16	 f29:0x4e7e0000 f16:0x00000000 f29=0x00000000
     340755.000 ns	     34074	8000713c	012adc93	srli	x25,x21,0x12	 x21:0x80040a60 x25=0x00002001
     340775.000 ns	     34076	80007140	293d11d3	fmax.s	f3,f26,f19	 f26:0x80000000 f19:0x00000000  f3=0x00000000
     340795.000 ns	     34078	80007144	0032ae33	slt	x28,x5,x3	  x5:0x00000000  x3:0x311c0000 x28=0x00000001
     340815.000 ns	     34080	80007148	034b42b3	div	x5,x22,x20	 x22:0x00000000 x20:0x00000000  x5=0xffffffff
     340845.000 ns	     34083	8000714c	03588133	mul	x2,x17,x21	 x17:0x7f000000 x21:0x80040a60  x2=0xa0000000
     340865.000 ns	     34085	80007150	5e14cf13	xori	x30,x9,1505	  x9:0x80041024 x30=0x800415c5
     340885.000 ns	     34087	80007154	28661853	fmax.s	f16,f12,f6	 f12:0x4efe0000  f6:0x4f41e296 f16=0x4f41e296
     340905.000 ns	     34089	80007158	007417b3	sll	x15,x8,x7	  x8:0x00000000  x7:0xfffffb67 x15=0x00000000
     340915.000 ns	     34090	8000715c	01e89a93	slli	x21,x17,0x1e	 x17:0x7f000000 x21=0x00000000
     340925.000 ns	     34091	80007160	0122a5b3	slt	x11,x5,x18	  x5:0xffffffff x18:0x27035fb9 x11=0x00000001
     340935.000 ns	     34092	80007164	002a90b3	sll	x1,x21,x2	 x21:0x80040a60  x2:0xa0000000  x1=0x00000000
     340955.000 ns	     34094	80007168	0204bb33	mulhu	x22,x9,x0	  x9:0x80041024  x0:0x00000000 x22=0x00000000
     340985.000 ns	     34097	8000716c	c0171a53	fcvt.wu.s	x20,f14	 f14:0x00000000 x20=0x00000000
     341005.000 ns	     34099	80007170	5b1f7293	andi	x5,x30,1457	 x30:0x800415c5  x5=0x00000581
     341025.000 ns	     34101	80007174	21b7a2d3	fsgnjx.s	f5,f15,f27	 f15:0x4eff0000 f27:0x7fc00000  f5=0x4eff0000
     341055.000 ns	     34104	80007178	29c50ad3	fmin.s	f21,f10,f28	 f10:0xda570d0c f28:0x3f800000 f21=0xda570d0c
     341085.000 ns	     34107	8000717c	e00101d3	fmv.x.w	x3,f2	  f2:0x4e7e0000  x3=0x4e7e0000
     341105.000 ns	     34109	80007180	0047b833	sltu	x16,x15,x4	 x15:0x00000000  x4:0x00000001 x16=0x00000001
     341125.000 ns	     34111	80007184	28080753	fmin.s	f14,f16,f0	 f16:0x4f41e296  f0:0x7f800000 f14=0x4f41e296
     341155.000 ns	     34114	80007188	a1eb9653	flt.s	x12,f23,f30	 f23:0x7f800000 f30:0x7fc00000 x12=0x00000000
     341205.000 ns	     34119	8000718c	00d072d3	fadd.s	f5,f0,f13	  f0:0x7f800000 f13:0x3f800000  f5=0x7f800000
     341225.000 ns	     34121	80007190	01b00bb3	add	x23,x0,x27	  x0:0x00000000 x27:0x00000000 x23=0x00000000
     341245.000 ns	     34123	80007194	022b8db3	mul	x27,x23,x2	 x23:0x00000000  x2:0xa0000000 x27=0x00000000
     341295.000 ns	     34128	80007198	0953fd53	fsub.s	f26,f7,f21	  f7:0x3f800000 f21:0xda570d0c f26=0x5a570d0c
     341325.000 ns	     34131	8000719c	e0099a53	fclass.s	x20,f19	 f19:0x00000000 x20=0x00000010
     341345.000 ns	     34133	800071a0	00000013	addi	x0,x0,0	  x0:0x00000000
     341365.000 ns	     34135	800071a4	e00589d3	fmv.x.w	x19,f11	 f11:0x00000000 x19=0x00000000
     341385.000 ns	     34137	800071a8	093c3d13	sltiu	x26,x24,147	 x24:0xcd6a311c x26=0x00000000
     341425.000 ns	     34141	800071ac	086285d3	fsub.s	f11,f5,f6	  f5:0x7f800000  f6:0x4f41e296 f11=0x7f800000
     341445.000 ns	     34143	800071b0	005fb133	sltu	x2,x31,x5	 x31:0x80040fe4  x5:0x00000581  x2=0x00000000
     341775.000 ns	     34176	800071b4	19580453	fdiv.s	f8,f16,f21	 f16:0x4f41e296 f21:0xda570d0c  f8=0xb441e296
     341805.000 ns	     34179	800071b8	e00b95d3	fclass.s	x11,f23	 f23:0x7f800000 x11=0x00000080
     341825.000 ns	     34181	800071bc	018775b3	and	x11,x14,x24	 x14:0x00000000 x24:0xcd6a311c x11=0x00000000
     341845.000 ns	     34183	800071c0	d002fad3	fcvt.s.w	f21,x5	  x5:0x00000581 f21=0x44b02000
     343025.000 ns	     34301	800071c4	5803fad3	fsqrt.s	f21,f7	  f7:0x3f800000 f21=0x3f7fffae
     343045.000 ns	     34303	800071c8	00110033	add	x0,x2,x1	  x2:0x00000000  x1:0x00000000
     343055.000 ns	     34304	800071cc	00241013	slli	x0,x8,0x2	  x8:0x00000000
     343085.000 ns	     34307	800071d0	11737253	fmul.s	f4,f6,f23	  f6:0x4f41e296 f23:0x7f800000  f4=0x7f800000
     344265.000 ns	     34425	800071d4	58037f53	fsqrt.s	f30,f6	  f6:0x4f41e296 f30=0x470918eb
     344635.000 ns	     34462	800071d8	03097ab3	remu	x21,x18,x16	 x18:0x27035fb9 x16:0x00000001 x21=0x00000000
     344655.000 ns	     34464	800071dc	b93e6313	ori	x6,x28,-1133	 x28:0x00000001  x6=0xfffffb93
     344665.000 ns	     34465	800071e0	d089fb13	andi	x22,x19,-760	 x19:0x00000000 x22=0x00000000
     344675.000 ns	     34466	800071e4	00295f13	srli	x30,x18,0x2	 x18:0x27035fb9 x30=0x09c0d7ee
     344715.000 ns	     34470	800071e8	08d04a53	fsub.s	f20,f0,f13	  f0:0x7f800000 f13:0x3f800000 f20=0x7f800000
     344745.000 ns	     34473	800071ec	0367fd33	remu	x26,x15,x22	 x15:0x00000000 x22:0x00000000 x26=0x00000000
     344775.000 ns	     34476	800071f0	03d43e33	mulhu	x28,x8,x29	  x8:0x00000000 x29:0x00000001 x28=0x00000000
     344795.000 ns	     34478	800071f4	000f4c33	xor	x24,x30,x0	 x30:0x09c0d7ee  x0:0x00000000 x24=0x09c0d7ee
     344815.000 ns	     34480	800071f8	f00283d3	fmv.w.x	f7,x5	  x5:0x00000581  f7=0x00000581
     344835.000 ns	     34482	800071fc	6b8e0013	addi	x0,x28,1720	 x28:0x00000000
     344845.000 ns	     34483	80007200	00000013	addi	x0,x0,0	  x0:0x00000000
     344865.000 ns	     34485	80007204	0352eab3	rem	x21,x5,x21	  x5:0x00000581 x21:0x00000000 x21=0x00000581
     344885.000 ns	     34487	80007208	00ecc033	xor	x0,x25,x14	 x25:0x00002001 x14:0x00000000
     344895.000 ns	     34488	8000720c	009ed833	srl	x16,x29,x9	 x29:0x00000001  x9:0x80041024 x16=0x00000000
     344915.000 ns	     34490	80007210	f0080cd3	fmv.w.x	f25,x16	 x16:0x00000001 f25=0x00000000
     344945.000 ns	     34493	80007214	03e4a3b3	mulhsu	x7,x9,x30	  x9:0x80041024 x30:0x09c0d7ee  x7=0xfb1fbba9
     344965.000 ns	     34495	80007218	015b60b3	or	x1,x22,x21	 x22:0x00000000 x21:0x00000581  x1=0x00000581
     344985.000 ns	     34497	8000721c	c0111753	fcvt.wu.s	x14,f2	  f2:0x4e7e0000 x14=0x3f800000
     345035.000 ns	     34502	80007220	017f11d3	fadd.s	f3,f30,f23	 f30:0x470918eb f23:0x7f800000  f3=0x7f800000
     345075.000 ns	     34506	80007224	58002ad3	fsqrt.s	f21,f0	  f0:0x7f800000 f21=0x7f800000
     345105.000 ns	     34509	80007228	0384b3b3	mulhu	x7,x9,x24	  x9:0x80041024 x24:0x09c0d7ee  x7=0x04e09397
     345145.000 ns	     34513	8000722c	580474d3	fsqrt.s	f9,f8	  f8:0xb441e296  f9=0x7fc00000
     345165.000 ns	     34515	80007230	01801213	slli	x4,x0,0x18	  x0:0x00000000  x4=0x00000000
     345185.000 ns	     34517	80007234	28ef07d3	fmin.s	f15,f30,f14	 f30:0x470918eb f14:0x4f41e296 f15=0x470918eb
     345205.000 ns	     34519	80007238	34854813	xori	x16,x10,840	 x10:0xc1e296ff x16=0xc1e295b7
     345225.000 ns	     34521	8000723c	a0b015d3	flt.s	x11,f0,f11	  f0:0x7f800000 f11:0x7f800000 x11=0x00000000
     345255.000 ns	     34524	80007240	03f62933	mulhsu	x18,x12,x31	 x12:0x00000000 x31:0x80040fe4 x18=0x00000000
     345285.000 ns	     34527	80007244	f00f0fd3	fmv.w.x	f31,x30	 x30:0x09c0d7ee f31=0x09c0d7ee
     345315.000 ns	     34530	80007248	d008f953	fcvt.s.w	f18,x17	 x17:0x7f000000 f18=0x4efe0000
     345345.000 ns	     34533	8000724c	a1f1a5d3	feq.s	x11,f3,f31	  f3:0x7f800000 f31:0x09c0d7ee x11=0x00000000
     345365.000 ns	     34535	80007250	00b91193	slli	x3,x18,0xb	 x18:0x00000000  x3=0x00000000
     345375.000 ns	     34536	80007254	40d38633	sub	x12,x7,x13	  x7:0x04e09397 x13:0x00000000 x12=0x04e09397
     345395.000 ns	     34538	80007258	c0052e53	fcvt.w.s	x28,f10	 f10:0xda570d0c x28=0x80000000
     345425.000 ns	     34541	8000725c	e0039c53	fclass.s	x24,f7	  f7:0x00000581 x24=0x00000020
     345445.000 ns	     34543	80007260	223cf793	andi	x15,x25,547	 x25:0x00002001 x15=0x00000001
     345465.000 ns	     34545	80007264	d00af6d3	fcvt.s.w	f13,x21	 x21:0x00000581 f13=0x44b02000
     345485.000 ns	     34547	80007268	2598f617	auipc	x12,0x2598f	 x12=0xa5996268
     345495.000 ns	     34548	8000726c	01c985b3	add	x11,x19,x28	 x19:0x00000000 x28:0x80000000 x11=0x80000000
     345525.000 ns	     34551	80007270	10eff1d3	fmul.s	f3,f31,f14	 f31:0x09c0d7ee f14:0x4f41e296  f3=0x19920d7a
     345545.000 ns	     34553	80007274	01ebc2b3	xor	x5,x23,x30	 x23:0x00000000 x30:0x09c0d7ee  x5=0x09c0d7ee
     345565.000 ns	     34555	80007278	a0f99c53	flt.s	x24,f19,f15	 f19:0x00000000 f15:0x470918eb x24=0x00000001
     345595.000 ns	     34558	8000727c	f0048753	fmv.w.x	f14,x9	  x9:0x80041024 f14=0x80041024
     345625.000 ns	     34561	80007280	28091453	fmax.s	f8,f18,f0	 f18:0x4efe0000  f0:0x7f800000  f8=0x7f800000
     345645.000 ns	     34563	80007284	419c0733	sub	x14,x24,x25	 x24:0x00000001 x25:0x00002001 x14=0xffffe000
     345655.000 ns	     34564	80007288	a30b75b7	lui	x11,0xa30b7	 x11=0xa30b7000
     345695.000 ns	     34568	8000728c	0931f0d3	fsub.s	f1,f3,f19	  f3:0x19920d7a f19:0x00000000  f1=0x19920d7a
     345715.000 ns	     34570	80007290	cd3df317	auipc	x6,0xcd3df	  x6=0x4d3e6290
     346075.000 ns	     34606	80007294	02a17f33	remu	x30,x2,x10	  x2:0x00000000 x10:0xc1e296ff x30=0x00000000
     346445.000 ns	     34643	80007298	027552b3	divu	x5,x10,x7	 x10:0xc1e296ff  x7:0x04e09397  x5=0x00000027
     346465.000 ns	     34645	8000729c	01cf3033	sltu	x0,x30,x28	 x30:0x00000000 x28:0x80000000
     346825.000 ns	     34681	800072a0	025ddb33	divu	x22,x27,x5	 x27:0x00000000  x5:0x00000027 x22=0x00000000
     348005.000 ns	     34799	800072a4	580b78d3	fsqrt.s	f17,f22	 f22:0x00000001 f17=0x1f350483
     348025.000 ns	     34801	800072a8	01161693	slli	x13,x12,0x11	 x12:0xa5996268 x13=0xc4d00000
     348385.000 ns	     34837	800072ac	02655c33	divu	x24,x10,x6	 x10:0xc1e296ff  x6:0x4d3e6290 x24=0x00000002
     348755.000 ns	     34874	800072b0	02c0c8b3	div	x17,x1,x12	  x1:0x00000581 x12:0xa5996268 x17=0x00000000
     348775.000 ns	     34876	800072b4	2bee8b13	addi	x22,x29,702	 x29:0x00000001 x22=0x000002bf
     348795.000 ns	     34878	800072b8	f00c0053	fmv.w.x	f0,x24	 x24:0x00000002  f0=0x00000002
     348815.000 ns	     34880	800072bc	012480b3	add	x1,x9,x18	  x9:0x80041024 x18:0x00000000  x1=0x80041024
     348825.000 ns	     34881	800072c0	019cbeb3	sltu	x29,x25,x25	 x25:0x00002001 x25:0x00002001 x29=0x00000000
     348835.000 ns	     34882	800072c4	009ad233	srl	x4,x21,x9	 x21:0x00000581  x9:0x80041024  x4=0x00000058
     349195.000 ns	     34918	800072c8	02da6bb3	rem	x23,x20,x13	 x20:0x00000010 x13:0xc4d00000 x23=0x00000010
     349225.000 ns	     34921	800072cc	20372bd3	fsgnjx.s	f23,f14,f3	 f14:0x80041024  f3:0x19920d7a f23=0x80041024
     349245.000 ns	     34923	800072d0	1a3daa17	auipc	x20,0x1a3da	 x20=0x9a3e12d0
     349265.000 ns	     34925	800072d4	e0019ad3	fclass.s	x21,f3	  f3:0x19920d7a x21=0x00000040
     349295.000 ns	     34928	800072d8	a12088d3	fle.s	x17,f1,f18	  f1:0x19920d7a f18:0x4efe0000 x17=0x00000001
     349325.000 ns	     34931	800072dc	a113abd3	feq.s	x23,f7,f17	  f7:0x00000581 f17:0x1f350483 x23=0x00000000
     350505.000 ns	     35049	800072e0	580f0e53	fsqrt.s	f28,f30	 f30:0x470918eb f28=0x42c1e1f6
     350525.000 ns	     35051	800072e4	00d4b9b3	sltu	x19,x9,x13	  x9:0x80041024 x13:0xc4d00000 x19=0x00000001
     350535.000 ns	     35052	800072e8	74e83013	sltiu	x0,x16,1870	 x16:0xc1e295b7
     350555.000 ns	     35054	800072ec	29381a53	fmax.s	f20,f16,f19	 f16:0x4f41e296 f19:0x00000000 f20=0x4f41e296
     350585.000 ns	     35057	800072f0	0229d633	divu	x12,x19,x2	 x19:0x00000001  x2:0x00000000 x12=0xffffffff
     350955.000 ns	     35094	800072f4	030bf0b3	remu	x1,x23,x16	 x23:0x00000000 x16:0xc1e295b7  x1=0x00000000
     350985.000 ns	     35097	800072f8	28270153	fmin.s	f2,f14,f2	 f14:0x80041024  f2:0x4e7e0000  f2=0x80041024
     351015.000 ns	     35100	800072fc	02c3a9b3	mulhsu	x19,x7,x12	  x7:0x04e09397 x12:0xffffffff x19=0x04e09396
     351045.000 ns	     35103	80007300	a021af53	feq.s	x30,f3,f2	  f3:0x19920d7a  f2:0x80041024 x30=0x00000000
     351065.000 ns	     35105	80007304	005d07b3	add	x15,x26,x5	 x26:0x00000000  x5:0x00000027 x15=0x00000027
     351075.000 ns	     35106	80007308	00000013	addi	x0,x0,0	  x0:0x00000000
     351095.000 ns	     35108	8000730c	02c397b3	mulh	x15,x7,x12	  x7:0x04e09397 x12:0xffffffff x15=0xffffffff
     351115.000 ns	     35110	80007310	017186b3	add	x13,x3,x23	  x3:0x00000000 x23:0x00000000 x13=0x00000000
     351135.000 ns	     35112	80007314	f0030453	fmv.w.x	f8,x6	  x6:0x4d3e6290  f8=0x4d3e6290
     351165.000 ns	     35115	80007318	21a68953	fsgnj.s	f18,f13,f26	 f13:0x44b02000 f26:0x5a570d0c f18=0x44b02000
     351195.000 ns	     35118	8000731c	c00dc853	fcvt.w.s	x16,f27	 f27:0x7fc00000 x16=0x7fffffff
     351225.000 ns	     35121	80007320	29d49fd3	fmax.s	f31,f9,f29	  f9:0x7fc00000 f29:0x00000000 f31=0x00000000
     351255.000 ns	     35124	80007324	a12aac53	feq.s	x24,f21,f18	 f21:0x7f800000 f18:0x44b02000 x24=0x00000000
     351285.000 ns	     35127	80007328	203b01d3	fsgnj.s	f3,f22,f3	 f22:0x00000001  f3:0x19920d7a  f3=0x00000001
     351305.000 ns	     35129	8000732c	0080c5b3	xor	x11,x1,x8	  x1:0x00000000  x8:0x00000000 x11=0x00000000
     351325.000 ns	     35131	80007330	02ba0233	mul	x4,x20,x11	 x20:0x9a3e12d0 x11:0xa30b7000  x4=0x00000000
     351345.000 ns	     35133	80007334	01704db3	xor	x27,x0,x23	  x0:0x00000000 x23:0x00000000 x27=0x00000000
     351365.000 ns	     35135	80007338	28c58353	fmin.s	f6,f11,f12	 f11:0x7f800000 f12:0x4efe0000  f6=0x4efe0000
     351385.000 ns	     35137	8000733c	01819313	slli	x6,x3,0x18	  x3:0x00000000  x6=0x00000000
     351395.000 ns	     35138	80007340	00689bb3	sll	x23,x17,x6	 x17:0x00000001  x6:0x4d3e6290 x23=0x00000001
     351415.000 ns	     35140	80007344	022d3cb3	mulhu	x25,x26,x2	 x26:0x00000000  x2:0x00000000 x25=0x00000000
     351445.000 ns	     35143	80007348	e00d8153	fmv.x.w	x2,f27	 f27:0x7fc00000  x2=0x7fc00000
     351475.000 ns	     35146	8000734c	207f2553	fsgnjx.s	f10,f30,f7	 f30:0x470918eb  f7:0x00000581 f10=0x470918eb
     351495.000 ns	     35148	80007350	54b33913	sltiu	x18,x6,1355	  x6:0x00000000 x18=0x00000001
     351505.000 ns	     35149	80007354	011b5613	srli	x12,x22,0x11	 x22:0x000002bf x12=0x00000000
     351835.000 ns	     35182	80007358	18f7fa53	fdiv.s	f20,f15,f15	 f15:0x470918eb f15:0x470918eb f20=0x3f2dede0
     351855.000 ns	     35184	8000735c	019d02b3	add	x5,x26,x25	 x26:0x00000000 x25:0x00000000  x5=0x00000000
     351875.000 ns	     35186	80007360	28a79253	fmax.s	f4,f15,f10	 f15:0x470918eb f10:0x470918eb  f4=0x470918eb
     351905.000 ns	     35189	80007364	c00d7353	fcvt.w.s	x6,f26	 f26:0x5a570d0c  x6=0x7fffffff
     351935.000 ns	     35192	80007368	20948353	fsgnj.s	f6,f9,f9	  f9:0x7fc00000  f9:0x7fc00000  f6=0x7fc00000
     351965.000 ns	     35195	8000736c	e0038e53	fmv.x.w	x28,f7	  f7:0x00000581 x28=0x00000581
     351985.000 ns	     35197	80007370	707c0793	addi	x15,x24,1799	 x24:0x00000000 x15=0x00000707
     351995.000 ns	     35198	80007374	41a20133	sub	x2,x4,x26	  x4:0x00000000 x26:0x00000000  x2=0x00000000
     352005.000 ns	     35199	80007378	01f8d793	srli	x15,x17,0x1f	 x17:0x00000001 x15=0x00000000
     352025.000 ns	     35201	8000737c	e00c1e53	fclass.s	x28,f24	 f24:0x7fc00000 x28=0x00000200
     352055.000 ns	     35204	80007380	297090d3	fmax.s	f1,f1,f23	  f1:0x19920d7a f23:0x80041024  f1=0x19920d7a
     352075.000 ns	     35206	80007384	41ef3b13	sltiu	x22,x30,1054	 x30:0x00000000 x22=0x00000001
     352085.000 ns	     35207	80007388	41395c93	srai	x25,x18,0x13	 x18:0x00000001 x25=0x00000000
     352125.000 ns	     35211	8000738c	01ac7fd3	fadd.s	f31,f24,f26	 f24:0x7fc00000 f26:0x5a570d0c f31=0x7fc00000
     352155.000 ns	     35214	80007390	e00b9853	fclass.s	x16,f23	 f23:0x80041024 x16=0x00000004
     352175.000 ns	     35216	80007394	010c9333	sll	x6,x25,x16	 x25:0x00000000 x16:0x7fffffff  x6=0x00000000
     352195.000 ns	     35218	80007398	290412d3	fmax.s	f5,f8,f16	  f8:0x4d3e6290 f16:0x4f41e296  f5=0x4f41e296
     352225.000 ns	     35221	8000739c	c004fc53	fcvt.w.s	x24,f9	  f9:0x7fc00000 x24=0x7fffffff
     352245.000 ns	     35223	800073a0	79e0a993	slti	x19,x1,1950	  x1:0x00000000 x19=0x00000001
     352255.000 ns	     35224	800073a4	0077f2b3	and	x5,x15,x7	 x15:0x00000000  x7:0x04e09397  x5=0x00000000
     352265.000 ns	     35225	800073a8	b319d717	auipc	x14,0xb319d	 x14=0x331a43a8
     352285.000 ns	     35227	800073ac	a1f19ad3	flt.s	x21,f3,f31	  f3:0x00000001 f31:0x7fc00000 x21=0x00000000
     352305.000 ns	     35229	800073b0	001c9633	sll	x12,x25,x1	 x25:0x00000000  x1:0x00000000 x12=0x00000000
     352315.000 ns	     35230	800073b4	c8e3c993	xori	x19,x7,-882	  x7:0x04e09397 x19=0xfb1f6f19
     352325.000 ns	     35231	800073b8	01299313	slli	x6,x19,0x12	 x19:0x00000001  x6=0xbc640000
     352365.000 ns	     35235	800073bc	01a63353	fadd.s	f6,f12,f26	 f12:0x4efe0000 f26:0x5a570d0c  f6=0x5a570d0e
     352395.000 ns	     35238	800073c0	d01e4d53	fcvt.s.wu	f26,x28	 x28:0x00000200 f26=0x44000000
     352415.000 ns	     35240	800073c4	921c8613	addi	x12,x25,-1759	 x25:0x00000000 x12=0xfffff921
     352775.000 ns	     35276	800073c8	027aee33	rem	x28,x21,x7	 x21:0x00000000  x7:0x04e09397 x28=0x00000000
     352795.000 ns	     35278	800073cc	01ce7e33	and	x28,x28,x28	 x28:0x00000200 x28:0x00000200 x28=0x00000000
     352815.000 ns	     35280	800073d0	e00498d3	fclass.s	x17,f9	  f9:0x7fc00000 x17=0x00000200
     352845.000 ns	     35283	800073d4	209726d3	fsgnjx.s	f13,f14,f9	 f14:0x80041024  f9:0x7fc00000 f13=0x80041024
     354025.000 ns	     35401	800073d8	580a7b53	fsqrt.s	f22,f20	 f20:0x3f2dede0 f22=0x3ef5f8bc
     354045.000 ns	     35403	800073dc	44c3e913	ori	x18,x7,1100	  x7:0x04e09397 x18=0x04e097df
     354065.000 ns	     35405	800073e0	e00e9153	fclass.s	x2,f29	 f29:0x00000000  x2=0x00000010
     354105.000 ns	     35409	800073e4	111c80d3	fmul.s	f1,f25,f17	 f25:0x00000000 f17:0x1f350483  f1=0x00000000
     354125.000 ns	     35411	800073e8	1a117893	andi	x17,x2,417	  x2:0x00000010 x17=0x00000000
     354145.000 ns	     35413	800073ec	c01273d3	fcvt.wu.s	x7,f4	  f4:0x470918eb  x7=0x00008918
     354175.000 ns	     35416	800073f0	0377a433	mulhsu	x8,x15,x23	 x15:0x00000000 x23:0x00000001  x8=0x00000000
     354205.000 ns	     35419	800073f4	03a8b033	mulhu	x0,x17,x26	 x17:0x00000000 x26:0x00000000
     354225.000 ns	     35421	800073f8	00f2d593	srli	x11,x5,0xf	  x5:0x00000000 x11=0x00000000
     354245.000 ns	     35423	800073fc	a03aaa53	feq.s	x20,f21,f3	 f21:0x7f800000  f3:0x00000001 x20=0x00000000
     354275.000 ns	     35426	80007400	03792bb3	mulhsu	x23,x18,x23	 x18:0x04e097df x23:0x00000001 x23=0x00000000
     354295.000 ns	     35428	80007404	00f8d693	srli	x13,x17,0xf	 x17:0x00000000 x13=0x00000000
     354315.000 ns	     35430	80007408	c017f9d3	fcvt.wu.s	x19,f15	 f15:0x470918eb x19=0x00008918
     354335.000 ns	     35432	8000740c	01739b33	sll	x22,x7,x23	  x7:0x00008918 x23:0x00000000 x22=0x00008918
     354355.000 ns	     35434	80007410	2186a153	fsgnjx.s	f2,f13,f24	 f13:0x80041024 f24:0x7fc00000  f2=0x80041024
     354385.000 ns	     35437	80007414	208811d3	fsgnjn.s	f3,f16,f8	 f16:0x4f41e296  f8:0x4d3e6290  f3=0xcf41e296
     354435.000 ns	     35442	80007418	09d777d3	fsub.s	f15,f14,f29	 f14:0x80041024 f29:0x00000000 f15=0x80041024
     354475.000 ns	     35446	8000741c	11cc7553	fmul.s	f10,f24,f28	 f24:0x7fc00000 f28:0x42c1e1f6 f10=0x7fc00000
     354495.000 ns	     35448	80007420	00311313	slli	x6,x2,0x3	  x2:0x00000010  x6=0x00000080
     354515.000 ns	     35450	80007424	21181e53	fsgnjn.s	f28,f16,f17	 f16:0x4f41e296 f17:0x1f350483 f28=0xcf41e296
     354545.000 ns	     35453	80007428	c00b8853	fcvt.w.s	x16,f23	 f23:0x80041024 x16=0x00000000
     354565.000 ns	     35455	8000742c	01dd7433	and	x8,x26,x29	 x26:0x00000000 x29:0x00000000  x8=0x00000000
     354575.000 ns	     35456	80007430	159eaa13	slti	x20,x29,345	 x29:0x00000000 x20=0x00000001
     354595.000 ns	     35458	80007434	c00b1953	fcvt.w.s	x18,f22	 f22:0x3ef5f8bc x18=0x00000000
     354645.000 ns	     35463	80007438	083f78d3	fsub.s	f17,f30,f3	 f30:0x470918eb  f3:0xcf41e296 f17=0x4f41e31f
     354675.000 ns	     35466	8000743c	20271f53	fsgnjn.s	f30,f14,f2	 f14:0x80041024  f2:0x80041024 f30=0x00041024
     355015.000 ns	     35500	80007440	18fb7e53	fdiv.s	f28,f22,f15	 f22:0x3ef5f8bc f15:0x80041024 f28=0xfdada086
     355045.000 ns	     35503	80007444	e00a1cd3	fclass.s	x25,f20	 f20:0x3f2dede0 x25=0x00000040
     355065.000 ns	     35505	80007448	00000013	addi	x0,x0,0	  x0:0x00000000
     355075.000 ns	     35506	8000744c	01481eb3	sll	x29,x16,x20	 x16:0x00000000 x20:0x00000001 x29=0x00000000
     355095.000 ns	     35508	80007450	20bb2cd3	fsgnjx.s	f25,f22,f11	 f22:0x3ef5f8bc f11:0x7f800000 f25=0x3ef5f8bc
     355125.000 ns	     35511	80007454	21432dd3	fsgnjx.s	f27,f6,f20	  f6:0x5a570d0e f20:0x3f2dede0 f27=0x5a570d0e
     355145.000 ns	     35513	80007458	003b1133	sll	x2,x22,x3	 x22:0x00008918  x3:0x00000000  x2=0x00008918
     355165.000 ns	     35515	8000745c	03af48b3	div	x17,x30,x26	 x30:0x00000000 x26:0x00000000 x17=0xffffffff
     355195.000 ns	     35518	80007460	e00b8753	fmv.x.w	x14,f23	 f23:0x80041024 x14=0x80041024
     355245.000 ns	     35523	80007464	0913cf53	fsub.s	f30,f7,f17	  f7:0x00000581 f17:0x4f41e31f f30=0xcf41e31f
     355275.000 ns	     35526	80007468	c0150453	fcvt.wu.s	x8,f10	 f10:0x7fc00000  x8=0xffffffff
     355645.000 ns	     35563	8000746c	034dceb3	div	x29,x27,x20	 x27:0x00000000 x20:0x00000001 x29=0x00000000
     355675.000 ns	     35566	80007470	28f087d3	fmin.s	f15,f1,f15	  f1:0x00000000 f15:0x80041024 f15=0x80041024
     355705.000 ns	     35569	80007474	c015ac53	fcvt.wu.s	x24,f11	 f11:0x7f800000 x24=0xffffffff
     355745.000 ns	     35573	80007478	10f14653	fmul.s	f12,f2,f15	  f2:0x80041024 f15:0x80041024 f12=0x00000000
     355765.000 ns	     35575	8000747c	418f8d33	sub	x26,x31,x24	 x31:0x80040fe4 x24:0xffffffff x26=0x80040fe5
     355775.000 ns	     35576	80007480	01bf09b3	add	x19,x30,x27	 x30:0x00000000 x27:0x00000000 x19=0x00000000
     355785.000 ns	     35577	80007484	0145f433	and	x8,x11,x20	 x11:0x00000000 x20:0x00000001  x8=0x00000000
     355805.000 ns	     35579	80007488	02b05db3	divu	x27,x0,x11	  x0:0x00000000 x11:0x00000000 x27=0xffffffff
     355825.000 ns	     35581	8000748c	017cd313	srli	x6,x25,0x17	 x25:0x00000040  x6=0x00000000
     355835.000 ns	     35582	80007490	c20d6713	ori	x14,x26,-992	 x26:0x80040fe5 x14=0xffffffe5
     355875.000 ns	     35586	80007494	093994d3	fsub.s	f9,f19,f19	 f19:0x00000000 f19:0x00000000  f9=0x80000000
     355905.000 ns	     35589	80007498	a1979a53	flt.s	x20,f15,f25	 f15:0x80041024 f25:0x3ef5f8bc x20=0x00000001
     355935.000 ns	     35592	8000749c	a0031653	flt.s	x12,f6,f0	  f6:0x5a570d0e  f0:0x00000002 x12=0x00000000
     355955.000 ns	     35594	800074a0	00125833	srl	x16,x4,x1	  x4:0x00000000  x1:0x00000000 x16=0x00000000
     355975.000 ns	     35596	800074a4	296803d3	fmin.s	f7,f16,f22	 f16:0x4f41e296 f22:0x3ef5f8bc  f7=0x3ef5f8bc
     356005.000 ns	     35599	800074a8	03da4833	div	x16,x20,x29	 x20:0x00000001 x29:0x00000000 x16=0xffffffff
     356035.000 ns	     35602	800074ac	c00202d3	fcvt.w.s	x5,f4	  f4:0x470918eb  x5=0x00008919
     356065.000 ns	     35605	800074b0	a0ab0dd3	fle.s	x27,f22,f10	 f22:0x3ef5f8bc f10:0x7fc00000 x27=0x00000000
     356085.000 ns	     35607	800074b4	0079f7b3	and	x15,x19,x7	 x19:0x00000000  x7:0x00008918 x15=0x00000000
     356095.000 ns	     35608	800074b8	01631793	slli	x15,x6,0x16	  x6:0x00000000 x15=0x00000000
     356115.000 ns	     35610	800074bc	205a21d3	fsgnjx.s	f3,f20,f5	 f20:0x3f2dede0  f5:0x4f41e296  f3=0x3f2dede0
     356145.000 ns	     35613	800074c0	02512033	mulhsu	x0,x2,x5	  x2:0x00008918  x5:0x00008919
     356165.000 ns	     35615	800074c4	00181d93	slli	x27,x16,0x1	 x16:0xffffffff x27=0xfffffffe
     356185.000 ns	     35617	800074c8	d01b71d3	fcvt.s.wu	f3,x22	 x22:0x00008918  f3=0x47091800
     356205.000 ns	     35619	800074cc	00185713	srli	x14,x16,0x1	 x16:0xffffffff x14=0x7fffffff
     356245.000 ns	     35623	800074d0	09b836d3	fsub.s	f13,f16,f27	 f16:0x4f41e296 f27:0x5a570d0e f13=0xda570d0a
     356275.000 ns	     35626	800074d4	21e19bd3	fsgnjn.s	f23,f3,f30	  f3:0x47091800 f30:0xcf41e31f f23=0x47091800
     356305.000 ns	     35629	800074d8	28e08ed3	fmin.s	f29,f1,f14	  f1:0x00000000 f14:0x80041024 f29=0x80041024
     356325.000 ns	     35631	800074dc	00000013	addi	x0,x0,0	  x0:0x00000000
     356335.000 ns	     35632	800074e0	0175ac33	slt	x24,x11,x23	 x11:0x00000000 x23:0x00000000 x24=0x00000000
     356355.000 ns	     35634	800074e4	202d2653	fsgnjx.s	f12,f26,f2	 f26:0x44000000  f2:0x80041024 f12=0xc4000000
     356375.000 ns	     35636	800074e8	4118d633	sra	x12,x17,x17	 x17:0xffffffff x17:0xffffffff x12=0xffffffff
     356385.000 ns	     35637	800074ec	005852b3	srl	x5,x16,x5	 x16:0xffffffff  x5:0x00008919  x5=0x0000007f
     356405.000 ns	     35639	800074f0	0231c0b3	div	x1,x3,x3	  x3:0x00000000  x3:0x00000000  x1=0xffffffff
     356425.000 ns	     35641	800074f4	524ba193	slti	x3,x23,1316	 x23:0x00000000  x3=0x00000001
     356445.000 ns	     35643	800074f8	02fdab33	mulhsu	x22,x27,x15	 x27:0xfffffffe x15:0x00000000 x22=0x00000000
     356465.000 ns	     35645	800074fc	9cf42b13	slti	x22,x8,-1585	  x8:0x00000000 x22=0x00000000
     356485.000 ns	     35647	80007500	c0007053	fcvt.w.s	x0,f0	  f0:0x00000002
     356505.000 ns	     35649	80007504	01b50b33	add	x22,x10,x27	 x10:0xc1e296ff x27:0xfffffffe x22=0xc1e296fd
     356525.000 ns	     35651	80007508	c00392d3	fcvt.w.s	x5,f7	  f7:0x3ef5f8bc  x5=0x00000000
     356555.000 ns	     35654	8000750c	c01ffa53	fcvt.wu.s	x20,f31	 f31:0x7fc00000 x20=0xffffffff
     356585.000 ns	     35657	80007510	0278a2b3	mulhsu	x5,x17,x7	 x17:0xffffffff  x7:0x00008918  x5=0xffffffff
     356605.000 ns	     35659	80007514	495fb993	sltiu	x19,x31,1173	 x31:0x80040fe4 x19=0x00000000
     356625.000 ns	     35661	80007518	0200eb33	rem	x22,x1,x0	  x1:0xffffffff  x0:0x00000000 x22=0xffffffff
     356655.000 ns	     35664	8000751c	20ff26d3	fsgnjx.s	f13,f30,f15	 f30:0xcf41e31f f15:0x80041024 f13=0x4f41e31f
     356685.000 ns	     35667	80007520	032066b3	rem	x13,x0,x18	  x0:0x00000000 x18:0x00000000 x13=0x00000000
     356715.000 ns	     35670	80007524	c005bcd3	fcvt.w.s	x25,f11	 f11:0x7f800000 x25=0x7fffffff
     356745.000 ns	     35673	80007528	d00ab8d3	fcvt.s.w	f17,x21	 x21:0x00000000 f17=0x00000000
     356785.000 ns	     35677	8000752c	19144bd3	fdiv.s	f23,f8,f17	  f8:0x4d3e6290 f17:0x4f41e31f f23=0x7f800000
     356805.000 ns	     35679	80007530	9f7575b7	lui	x11,0x9f757	 x11=0x9f757000
     356815.000 ns	     35680	80007534	002b9593	slli	x11,x23,0x2	 x23:0x00000000 x11=0x00000000
     356825.000 ns	     35681	80007538	f2d58213	addi	x4,x11,-211	 x11:0x00000000  x4=0xffffff2d
     356845.000 ns	     35683	8000753c	e00f0dd3	fmv.x.w	x27,f30	 f30:0xcf41e31f x27=0xcf41e31f
     357215.000 ns	     35720	80007540	023dc833	div	x16,x27,x3	 x27:0xfffffffe  x3:0x00000001 x16=0xcf41e31f
     357235.000 ns	     35722	80007544	00d57333	and	x6,x10,x13	 x10:0xc1e296ff x13:0x00000000  x6=0x00000000
     357275.000 ns	     35726	80007548	09b0f053	fsub.s	f0,f1,f27	  f1:0x00000000 f27:0x5a570d0e  f0=0xda570d0e
     357295.000 ns	     35728	8000754c	fbffc813	xori	x16,x31,-65	 x31:0x80040fe4 x16=0x7ffbf05b
     357305.000 ns	     35729	80007550	00b01c13	slli	x24,x0,0xb	  x0:0x00000000 x24=0x00000000
     357315.000 ns	     35730	80007554	00523f33	sltu	x30,x4,x5	  x4:0xffffff2d  x5:0xffffffff x30=0x00000001
     357335.000 ns	     35732	80007558	c00efdd3	fcvt.w.s	x27,f29	 f29:0x80041024 x27=0x00000000
     357355.000 ns	     35734	8000755c	ab40c237	lui	x4,0xab40c	  x4=0xab40c000
     357375.000 ns	     35736	80007560	d0167f53	fcvt.s.wu	f30,x12	 x12:0xffffffff f30=0x4f7fffff
     357405.000 ns	     35739	80007564	20fcafd3	fsgnjx.s	f31,f25,f15	 f25:0x3ef5f8bc f15:0x80041024 f31=0xbef5f8bc
     357435.000 ns	     35742	80007568	f0028153	fmv.w.x	f2,x5	  x5:0xffffffff  f2=0xffffffff
     357465.000 ns	     35745	8000756c	d0028ed3	fcvt.s.w	f29,x5	  x5:0xffffffff f29=0xbf800000
     357495.000 ns	     35748	80007570	289987d3	fmin.s	f15,f19,f9	 f19:0x00000000  f9:0x80000000 f15=0x80000000
     357545.000 ns	     35753	80007574	08d2bad3	fsub.s	f21,f5,f13	  f5:0x4f41e296 f13:0x4f41e31f f21=0xc7090000
     357575.000 ns	     35756	80007578	21aa9653	fsgnjn.s	f12,f21,f26	 f21:0x7f800000 f26:0x44000000 f12=0xc7090000
     357605.000 ns	     35759	8000757c	283c1e53	fmax.s	f28,f24,f3	 f24:0x7fc00000  f3:0x47091800 f28=0x47091800
     357635.000 ns	     35762	80007580	21451fd3	fsgnjn.s	f31,f10,f20	 f10:0x7fc00000 f20:0x3f2dede0 f31=0xffc00000
     357665.000 ns	     35765	80007584	030d0133	mul	x2,x26,x16	 x26:0x80040fe5 x16:0x7ffbf05b  x2=0x80df5667
     358035.000 ns	     35802	80007588	03a44033	div	x0,x8,x26	  x8:0x00000000 x26:0x80040fe5
     358065.000 ns	     35805	8000758c	a05f0dd3	fle.s	x27,f30,f5	 f30:0x4f7fffff  f5:0x4f41e296 x27=0x00000000
     358085.000 ns	     35807	80007590	01155393	srli	x7,x10,0x11	 x10:0xc1e296ff  x7=0x000060f1
     358095.000 ns	     35808	80007594	a8c37913	andi	x18,x6,-1396	  x6:0x00000000 x18=0x00000000
     358115.000 ns	     35810	80007598	033ec333	div	x6,x29,x19	 x29:0x00000000 x19:0x00000000  x6=0xffffffff
     358145.000 ns	     35813	8000759c	c00db853	fcvt.w.s	x16,f27	 f27:0x5a570d0e x16=0x7fffffff
     358185.000 ns	     35817	800075a0	580c79d3	fsqrt.s	f19,f24	 f24:0x7fc00000 f19=0x7fc00000
     358205.000 ns	     35819	800075a4	832be193	ori	x3,x23,-1998	 x23:0x00000000  x3=0xfffff832
     358215.000 ns	     35820	800075a8	00000013	addi	x0,x0,0	  x0:0x00000000
     358225.000 ns	     35821	800075ac	252ea893	slti	x17,x29,594	 x29:0x00000000 x17=0x00000001
     358585.000 ns	     35857	800075b0	034d4f33	div	x30,x26,x20	 x26:0x80040fe5 x20:0xffffffff x30=0x7ffbf01b
     358615.000 ns	     35860	800075b4	f0030ad3	fmv.w.x	f21,x6	  x6:0xffffffff f21=0xffffffff
     358635.000 ns	     35862	800075b8	5758b013	sltiu	x0,x17,1397	 x17:0x00000001
     358655.000 ns	     35864	800075bc	20a58dd3	fsgnj.s	f27,f11,f10	 f11:0x7f800000 f10:0x7fc00000 f27=0x7f800000
     358685.000 ns	     35867	800075c0	a1ee10d3	flt.s	x1,f28,f30	 f28:0x47091800 f30:0x4f7fffff  x1=0x00000001
     358715.000 ns	     35870	800075c4	a18a09d3	fle.s	x19,f20,f24	 f20:0x3f2dede0 f24:0x7fc00000 x19=0x00000000
     358745.000 ns	     35873	800075c8	a0a98cd3	fle.s	x25,f19,f10	 f19:0x7fc00000 f10:0x7fc00000 x25=0x00000000
     359115.000 ns	     35910	800075cc	03a87933	remu	x18,x16,x26	 x16:0x7fffffff x26:0x80040fe5 x18=0x7fffffff
     359145.000 ns	     35913	800075d0	02f31133	mulh	x2,x6,x15	  x6:0xffffffff x15:0x00000000  x2=0x00000000
     359165.000 ns	     35915	800075d4	1c4d3e13	sltiu	x28,x26,452	 x26:0x80040fe5 x28=0x00000000
     359175.000 ns	     35916	800075d8	e7c46a17	auipc	x20,0xe7c46	 x20=0x67c4d5d8
     359195.000 ns	     35918	800075dc	c006b053	fcvt.w.s	x0,f13	 f13:0x4f41e31f
     359215.000 ns	     35920	800075e0	100c3d13	sltiu	x26,x24,256	 x24:0x00000000 x26=0x00000001
     359225.000 ns	     35921	800075e4	b7f12b13	slti	x22,x2,-1153	  x2:0x00000000 x22=0x00000000
     359235.000 ns	     35922	800075e8	40688033	sub	x0,x17,x6	 x17:0x00000001  x6:0xffffffff
     359255.000 ns	     35924	800075ec	d01d81d3	fcvt.s.wu	f3,x27	 x27:0x00000000  f3=0x00000000
     359285.000 ns	     35927	800075f0	c016a753	fcvt.wu.s	x14,f13	 f13:0x4f41e31f x14=0xc1e31f00
     359315.000 ns	     35930	800075f4	d01f47d3	fcvt.s.wu	f15,x30	 x30:0x7ffbf01b f15=0x4efff7e0
     359685.000 ns	     35967	800075f8	024fe1b3	rem	x3,x31,x4	 x31:0x80040fe4  x4:0xab40c000  x3=0xd4c34fe4
     359715.000 ns	     35970	800075fc	03c6a7b3	mulhsu	x15,x13,x28	 x13:0x00000000 x28:0x00000000 x15=0x00000000
     359745.000 ns	     35973	80007600	a1000753	fle.s	x14,f0,f16	  f0:0xda570d0e f16:0x4f41e296 x14=0x00000001
     359765.000 ns	     35975	80007604	00d8e233	or	x4,x17,x13	 x17:0x00000001 x13:0x00000000  x4=0x00000001
     359785.000 ns	     35977	80007608	a0d18953	fle.s	x18,f3,f13	  f3:0x00000000 f13:0x4f41e31f x18=0x00000001
     359815.000 ns	     35980	8000760c	a15b83d3	fle.s	x7,f23,f21	 f23:0x7f800000 f21:0xffffffff  x7=0x00000000
     359845.000 ns	     35983	80007610	f00806d3	fmv.w.x	f13,x16	 x16:0x7fffffff f13=0x7fffffff
     359865.000 ns	     35985	80007614	5ef8cc13	xori	x24,x17,1519	 x17:0x00000001 x24=0x000005ee
     359885.000 ns	     35987	80007618	a0901cd3	flt.s	x25,f0,f9	  f0:0xda570d0e  f9:0x80000000 x25=0x00000001
     359905.000 ns	     35989	8000761c	00f04a33	xor	x20,x0,x15	  x0:0x00000000 x15:0x00000000 x20=0x00000000
     359925.000 ns	     35991	80007620	218a21d3	fsgnjx.s	f3,f20,f24	 f20:0x3f2dede0 f24:0x7fc00000  f3=0x3f2dede0
     359965.000 ns	     35995	80007624	116cf153	fmul.s	f2,f25,f22	 f25:0x3ef5f8bc f22:0x3ef5f8bc  f2=0x3e6c560a
     359995.000 ns	     35998	80007628	209ba453	fsgnjx.s	f8,f23,f9	 f23:0x7f800000  f9:0x80000000  f8=0xff800000
     360025.000 ns	     36001	8000762c	029b3e33	mulhu	x28,x22,x9	 x22:0x00000000  x9:0x80041024 x28=0x00000000
     360055.000 ns	     36004	80007630	e00c1ad3	fclass.s	x21,f24	 f24:0x7fc00000 x21=0x00000200
     360085.000 ns	     36007	80007634	a03d2253	feq.s	x4,f26,f3	 f26:0x44000000  f3:0x3f2dede0  x4=0x00000000
     360105.000 ns	     36009	80007638	b7b8f793	andi	x15,x17,-1157	 x17:0x00000001 x15=0x00000001
     360115.000 ns	     36010	8000763c	41ac5933	sra	x18,x24,x26	 x24:0x000005ee x26:0x00000001 x18=0x000002f7
     360125.000 ns	     36011	80007640	2cb00393	addi	x7,x0,715	  x0:0x00000000  x7=0x000002cb
     360145.000 ns	     36013	80007644	e00e9453	fclass.s	x8,f29	 f29:0xbf800000  x8=0x00000002
     360165.000 ns	     36015	80007648	a6336297	auipc	x5,0xa6336	  x5=0x2633d648
     360185.000 ns	     36017	8000764c	03e82eb3	mulhsu	x29,x16,x30	 x16:0x7fffffff x30:0x7ffbf01b x29=0x3ffdf80d
     360555.000 ns	     36054	80007650	026c7633	remu	x12,x24,x6	 x24:0x000005ee  x6:0xffffffff x12=0x000005ee
     360595.000 ns	     36058	80007654	1883f753	fdiv.s	f14,f7,f8	  f7:0x3ef5f8bc  f8:0xff800000 f14=0x80000000
     360615.000 ns	     36060	80007658	a6140937	lui	x18,0xa6140	 x18=0xa6140000
     360945.000 ns	     36093	8000765c	19c3a5d3	fdiv.s	f11,f7,f28	  f7:0x3ef5f8bc f28:0x47091800 f11=0x371bff7e
     360975.000 ns	     36096	80007660	282a9fd3	fmax.s	f31,f21,f2	 f21:0xffffffff  f2:0x3e6c560a f31=0x3e6c560a
     361005.000 ns	     36099	80007664	c01818d3	fcvt.wu.s	x17,f16	 f16:0x4f41e296 x17=0xc1e29600
     361035.000 ns	     36102	80007668	02623833	mulhu	x16,x4,x6	  x4:0x00000000  x6:0xffffffff x16=0x00000000
     361075.000 ns	     36106	8000766c	1123f053	fmul.s	f0,f7,f18	  f7:0x3ef5f8bc f18:0x44b02000  f0=0x442939c0
     361105.000 ns	     36109	80007670	a0658153	fle.s	x2,f11,f6	 f11:0x371bff7e  f6:0x5a570d0e  x2=0x00000001
     361135.000 ns	     36112	80007674	e00c1b53	fclass.s	x22,f24	 f24:0x7fc00000 x22=0x00000200
     361165.000 ns	     36115	80007678	21db11d3	fsgnjn.s	f3,f22,f29	 f22:0x3ef5f8bc f29:0xbf800000  f3=0x3ef5f8bc
     361195.000 ns	     36118	8000767c	d0061553	fcvt.s.w	f10,x12	 x12:0x000005ee f10=0x44bdc000
     361215.000 ns	     36120	80007680	0179de93	srli	x29,x19,0x17	 x19:0x00000000 x29=0x00000000
     361225.000 ns	     36121	80007684	00000013	addi	x0,x0,0	  x0:0x00000000
     361265.000 ns	     36125	80007688	086cf553	fsub.s	f10,f25,f6	 f25:0x3ef5f8bc  f6:0x5a570d0e f10=0xda570d0e
     361285.000 ns	     36127	8000768c	8b656d93	ori	x27,x10,-1866	 x10:0xc1e296ff x27=0xfffffeff
     361325.000 ns	     36131	80007690	096a7bd3	fsub.s	f23,f20,f22	 f20:0x3f2dede0 f22:0x3ef5f8bc f23=0x3e4bc608
     361365.000 ns	     36135	80007694	5809f9d3	fsqrt.s	f19,f19	 f19:0x7fc00000 f19=0x7fc00000
     361385.000 ns	     36137	80007698	7883ac93	slti	x25,x7,1928	  x7:0x000002cb x25=0x00000001
     361405.000 ns	     36139	8000769c	03c6f8b3	remu	x17,x13,x28	 x13:0x00000000 x28:0x00000000 x17=0x00000000
     361435.000 ns	     36142	800076a0	a1cb1d53	flt.s	x26,f22,f28	 f22:0x3ef5f8bc f28:0x47091800 x26=0x00000001
     361455.000 ns	     36144	800076a4	001d16b3	sll	x13,x26,x1	 x26:0x00000001  x1:0x00000001 x13=0x00000002
     361465.000 ns	     36145	800076a8	0014d093	srli	x1,x9,0x1	  x9:0x80041024  x1=0x40020812
     361505.000 ns	     36149	800076ac	006f7853	fadd.s	f16,f30,f6	 f30:0x4f7fffff  f6:0x5a570d0e f16=0x5a570d11
     361525.000 ns	     36151	800076b0	40f3d933	sra	x18,x7,x15	  x7:0x000002cb x15:0x00000001 x18=0x00000165
     361545.000 ns	     36153	800076b4	29c98653	fmin.s	f12,f19,f28	 f19:0x7fc00000 f28:0x47091800 f12=0x47091800
     361565.000 ns	     36155	800076b8	01d9b0b3	sltu	x1,x19,x29	 x19:0x00000000 x29:0x00000000  x1=0x00000000
     361575.000 ns	     36156	800076bc	f0ccce93	xori	x29,x25,-244	 x25:0x00000001 x29=0xffffff0d
     361585.000 ns	     36157	800076c0	ff7fd737	lui	x14,0xff7fd	 x14=0xff7fd000
     361595.000 ns	     36158	800076c4	010bc333	xor	x6,x23,x16	 x23:0x00000000 x16:0x00000000  x6=0x00000000
     361605.000 ns	     36159	800076c8	00c11bb3	sll	x23,x2,x12	  x2:0x00000001 x12:0x000005ee x23=0x00004000
     361615.000 ns	     36160	800076cc	00000013	addi	x0,x0,0	  x0:0x00000000
     361625.000 ns	     36161	800076d0	c5d13293	sltiu	x5,x2,-931	  x2:0x00000001  x5=0x00000001
     361645.000 ns	     36163	800076d4	03a98333	mul	x6,x19,x26	 x19:0x00000000 x26:0x00000001  x6=0x00000000
     362015.000 ns	     36200	800076d8	02edebb3	rem	x23,x27,x14	 x27:0xfffffeff x14:0xff7fd000 x23=0xfffffeff
     362035.000 ns	     36202	800076dc	47feae13	slti	x28,x29,1151	 x29:0xffffff0d x28=0x00000001
     362045.000 ns	     36203	800076e0	410a5d33	sra	x26,x20,x16	 x20:0x00000000 x16:0x00000000 x26=0x00000000
     362055.000 ns	     36204	800076e4	00875d13	srli	x26,x14,0x8	 x14:0xff7fd000 x26=0x00ff7fd0
     362075.000 ns	     36206	800076e8	a0af1c53	flt.s	x24,f30,f10	 f30:0x4f7fffff f10:0xda570d0e x24=0x00000000
     362095.000 ns	     36208	800076ec	015a5cb3	srl	x25,x20,x21	 x20:0x00000000 x21:0x00000200 x25=0x00000000
     362115.000 ns	     36210	800076f0	038e69b3	rem	x19,x28,x24	 x28:0x00000001 x24:0x00000000 x19=0x00000001
     362135.000 ns	     36212	800076f4	99e9a0b7	lui	x1,0x99e9a	  x1=0x99e9a000
     362145.000 ns	     36213	800076f8	01eb1c13	slli	x24,x22,0x1e	 x22:0x00000200 x24=0x00000000
     362165.000 ns	     36215	800076fc	20499953	fsgnjn.s	f18,f19,f4	 f19:0x7fc00000  f4:0x470918eb f18=0xffc00000
     362185.000 ns	     36217	80007700	4cdd0c93	addi	x25,x26,1229	 x26:0x00ff7fd0 x25=0x00ff849d
     362195.000 ns	     36218	80007704	b573c293	xori	x5,x7,-1193	  x7:0x000002cb  x5=0xfffff99c
     362215.000 ns	     36220	80007708	02ac1233	mulh	x4,x24,x10	 x24:0x00000000 x10:0xc1e296ff  x4=0x00000000
     362245.000 ns	     36223	8000770c	03a2b233	mulhu	x4,x5,x26	  x5:0x00000001 x26:0x00ff7fd0  x4=0x00ff7fc9
     362265.000 ns	     36225	80007710	40b2d113	srai	x2,x5,0xb	  x5:0xfffff99c  x2=0xffffffff
     362285.000 ns	     36227	80007714	d0122fd3	fcvt.s.wu	f31,x4	  x4:0x00ff7fc9 f31=0x4b7f7fc9
     362305.000 ns	     36229	80007718	0197b9b3	sltu	x19,x15,x25	 x15:0x00000001 x25:0x00ff849d x19=0x00000001
     362315.000 ns	     36230	8000771c	00b78e33	add	x28,x15,x11	 x15:0x00000001 x11:0x00000000 x28=0x00000001
     362335.000 ns	     36232	80007720	28d98b53	fmin.s	f22,f19,f13	 f19:0x7fc00000 f13:0x7fffffff f22=0x7fc00000
     362365.000 ns	     36235	80007724	20029f53	fsgnjn.s	f30,f5,f0	  f5:0x4f41e296  f0:0x442939c0 f30=0xcf41e296
     362395.000 ns	     36238	80007728	a08108d3	fle.s	x17,f2,f8	  f2:0x3e6c560a  f8:0xff800000 x17=0x00000000
     362425.000 ns	     36241	8000772c	f00285d3	fmv.w.x	f11,x5	  x5:0xfffff99c f11=0xfffff99c
     362455.000 ns	     36244	80007730	20a49f53	fsgnjn.s	f30,f9,f10	  f9:0x80000000 f10:0xda570d0e f30=0x00000000
     362475.000 ns	     36246	80007734	130180b7	lui	x1,0x13018	  x1=0x13018000
     362485.000 ns	     36247	80007738	00000013	addi	x0,x0,0	  x0:0x00000000
     362495.000 ns	     36248	8000773c	0000d813	srli	x16,x1,0x0	  x1:0x99e9a000 x16=0x13018000
     362855.000 ns	     36284	80007740	03a3c433	div	x8,x7,x26	  x7:0x000002cb x26:0x00ff7fd0  x8=0x00000000
     362875.000 ns	     36286	80007744	00000013	addi	x0,x0,0	  x0:0x00000000
     362885.000 ns	     36287	80007748	007961b3	or	x3,x18,x7	 x18:0x00000165  x7:0x000002cb  x3=0x000003ef
     362905.000 ns	     36289	8000774c	02eb9f33	mulh	x30,x23,x14	 x23:0xfffffeff x14:0xff7fd000 x30=0x00000000
     362925.000 ns	     36291	80007750	00000013	addi	x0,x0,0	  x0:0x00000000
     362945.000 ns	     36293	80007754	a0b0ac53	feq.s	x24,f1,f11	  f1:0x00000000 f11:0xfffff99c x24=0x00000000
     362965.000 ns	     36295	80007758	400a5693	srai	x13,x20,0x0	 x20:0x00000000 x13=0x00000000
     362985.000 ns	     36297	8000775c	f0010d53	fmv.w.x	f26,x2	  x2:0xffffffff f26=0xffffffff
     363005.000 ns	     36299	80007760	1f876b93	ori	x23,x14,504	 x14:0xff7fd000 x23=0xff7fd1f8
     363025.000 ns	     36301	80007764	c00215d3	fcvt.w.s	x11,f4	  f4:0x470918eb x11=0x00008918
     363045.000 ns	     36303	80007768	41ac8133	sub	x2,x25,x26	 x25:0x00ff849d x26:0x00ff7fd0  x2=0x000004cd
     363065.000 ns	     36305	8000776c	d010fad3	fcvt.s.wu	f21,x1	  x1:0x13018000 f21=0x4d980c00
     363085.000 ns	     36307	80007770	01ad1b33	sll	x22,x26,x26	 x26:0x00ff7fd0 x26:0x00ff7fd0 x22=0x7fd00000
     363105.000 ns	     36309	80007774	a05b83d3	fle.s	x7,f23,f5	 f23:0x3e4bc608  f5:0x4f41e296  x7=0x00000001
     363125.000 ns	     36311	80007778	002e65b3	or	x11,x28,x2	 x28:0x00000001  x2:0x000004cd x11=0x000004cd
     363145.000 ns	     36313	8000777c	c0088153	fcvt.w.s	x2,f17	 f17:0x00000000  x2=0x00000000
     363175.000 ns	     36316	80007780	c00ccf53	fcvt.w.s	x30,f25	 f25:0x3ef5f8bc x30=0x00000000
     363195.000 ns	     36318	80007784	fb83e7b7	lui	x15,0xfb83e	 x15=0xfb83e000
     363205.000 ns	     36319	80007788	00f09393	slli	x7,x1,0xf	  x1:0x13018000  x7=0xc0000000
     363225.000 ns	     36321	8000778c	e00b1cd3	fclass.s	x25,f22	 f22:0x7fc00000 x25=0x00000200
     363265.000 ns	     36325	80007790	1926bdd3	fdiv.s	f27,f13,f18	 f13:0x7fffffff f18:0xffc00000 f27=0x7fc00000
     363285.000 ns	     36327	80007794	01f33833	sltu	x16,x6,x31	  x6:0x00000000 x31:0x80040fe4 x16=0x00000001
     363295.000 ns	     36328	80007798	018b5093	srli	x1,x22,0x18	 x22:0x7fd00000  x1=0x0000007f
     363315.000 ns	     36330	8000779c	a07d11d3	flt.s	x3,f26,f7	 f26:0xffffffff  f7:0x3ef5f8bc  x3=0x00000000
     363345.000 ns	     36333	800077a0	c00bf0d3	fcvt.w.s	x1,f23	 f23:0x3e4bc608  x1=0x00000000
     363375.000 ns	     36336	800077a4	e0000353	fmv.x.w	x6,f0	  f0:0x442939c0  x6=0x442939c0
     363745.000 ns	     36373	800077a8	035f7db3	remu	x27,x30,x21	 x30:0x00000000 x21:0x00000200 x27=0x00000000
     363765.000 ns	     36375	800077ac	00000013	addi	x0,x0,0	  x0:0x00000000
     363775.000 ns	     36376	800077b0	0142dc33	srl	x24,x5,x20	  x5:0xfffff99c x20:0x00000000 x24=0xfffff99c
     363785.000 ns	     36377	800077b4	c3cd6a13	ori	x20,x26,-964	 x26:0x00ff7fd0 x20=0xfffffffc
     363805.000 ns	     36379	800077b8	d017fa53	fcvt.s.wu	f20,x15	 x15:0xfb83e000 f20=0x4f7b83e0
     363825.000 ns	     36381	800077bc	927e0413	addi	x8,x28,-1753	 x28:0x00000001  x8=0xfffff928
     363845.000 ns	     36383	800077c0	f00004d3	fmv.w.x	f9,x0	  x0:0x00000000  f9=0x00000000
     363875.000 ns	     36386	800077c4	d01d95d3	fcvt.s.wu	f11,x27	 x27:0x00000000 f11=0x00000000
     363895.000 ns	     36388	800077c8	0040a2b3	slt	x5,x1,x4	  x1:0x00000000  x4:0x00ff7fc9  x5=0x00000001
     363905.000 ns	     36389	800077cc	00421813	slli	x16,x4,0x4	  x4:0x00ff7fc9 x16=0x0ff7fc90
     363915.000 ns	     36390	800077d0	4ce82d13	slti	x26,x16,1230	 x16:0x00000001 x26=0x00000000
     363935.000 ns	     36392	800077d4	f0078253	fmv.w.x	f4,x15	 x15:0xfb83e000  f4=0xfb83e000
     363965.000 ns	     36395	800077d8	022ea433	mulhsu	x8,x29,x2	 x29:0xffffff0d  x2:0x00000000  x8=0x00000000
     363985.000 ns	     36397	800077dc	013563b3	or	x7,x10,x19	 x10:0xc1e296ff x19:0x00000001  x7=0xc1e296ff
     364005.000 ns	     36399	800077e0	286f9ad3	fmax.s	f21,f31,f6	 f31:0x4b7f7fc9  f6:0x5a570d0e f21=0x5a570d0e
     364025.000 ns	     36401	800077e4	00000013	addi	x0,x0,0	  x0:0x00000000
     364035.000 ns	     36402	800077e8	01157eb3	and	x29,x10,x17	 x10:0xc1e296ff x17:0x00000000 x29=0x00000000
     364045.000 ns	     36403	800077ec	09b33613	sltiu	x12,x6,155	  x6:0x442939c0 x12=0x00000000
     364065.000 ns	     36405	800077f0	e00a1153	fclass.s	x2,f20	 f20:0x4f7b83e0  x2=0x00000040
     364095.000 ns	     36408	800077f4	03c09433	mulh	x8,x1,x28	  x1:0x00000000 x28:0x00000001  x8=0x00000000
     364125.000 ns	     36411	800077f8	20850e53	fsgnj.s	f28,f10,f8	 f10:0xda570d0e  f8:0xff800000 f28=0xda570d0e
     364145.000 ns	     36413	800077fc	41388833	sub	x16,x17,x19	 x17:0x00000000 x19:0x00000001 x16=0xffffffff
     364505.000 ns	     36449	80007800	030cfa33	remu	x20,x25,x16	 x25:0x00000200 x16:0x0ff7fc90 x20=0x00000200
     364535.000 ns	     36452	80007804	02c4de33	divu	x28,x9,x12	  x9:0x80041024 x12:0x00000000 x28=0xffffffff
     364555.000 ns	     36454	80007808	00000013	addi	x0,x0,0	  x0:0x00000000
     364575.000 ns	     36456	8000780c	a0e28053	fle.s	x0,f5,f14	  f5:0x4f41e296 f14:0x80000000
     364605.000 ns	     36459	80007810	21e199d3	fsgnjn.s	f19,f3,f30	  f3:0x3ef5f8bc f30:0x00000000 f19=0xbef5f8bc
     364625.000 ns	     36461	80007814	015c21b3	slt	x3,x24,x21	 x24:0xfffff99c x21:0x00000200  x3=0x00000001
     364635.000 ns	     36462	80007818	3abff917	auipc	x18,0x3abff	 x18=0xbac06818
     364655.000 ns	     36464	8000781c	021c3833	mulhu	x16,x24,x1	 x24:0xfffff99c  x1:0x00000000 x16=0x00000000
     364685.000 ns	     36467	80007820	d00a2153	fcvt.s.w	f2,x20	 x20:0x00000200  f2=0x44000000
     364715.000 ns	     36470	80007824	03027e33	remu	x28,x4,x16	  x4:0x00ff7fc9 x16:0x00000000 x28=0x00ff7fc9
     364745.000 ns	     36473	80007828	02c81833	mulh	x16,x16,x12	 x16:0x00000000 x12:0x00000000 x16=0x00000000
     364775.000 ns	     36476	8000782c	20469d53	fsgnjn.s	f26,f13,f4	 f13:0x7fffffff  f4:0xfb83e000 f26=0x7fffffff
     364795.000 ns	     36478	80007830	00567ab3	and	x21,x12,x5	 x12:0x00000000  x5:0x00000001 x21=0x00000000
     364835.000 ns	     36482	80007834	08eaf853	fsub.s	f16,f21,f14	 f21:0x5a570d0e f14:0x80000000 f16=0x5a570d0e
     364855.000 ns	     36484	80007838	000c3833	sltu	x16,x24,x0	 x24:0xfffff99c  x0:0x00000000 x16=0x00000000
     364885.000 ns	     36487	8000783c	10ed4bd3	fmul.s	f23,f26,f14	 f26:0x7fffffff f14:0x80000000 f23=0x7fc00000
     364915.000 ns	     36490	80007840	c01ef653	fcvt.wu.s	x12,f29	 f29:0xbf800000 x12=0x00000001
     364945.000 ns	     36493	80007844	d00dfa53	fcvt.s.w	f20,x27	 x27:0x00000000 f20=0x00000000
     364965.000 ns	     36495	80007848	f7d22b13	slti	x22,x4,-131	  x4:0x00ff7fc9 x22=0x00000000
     364975.000 ns	     36496	8000784c	19bbcd93	xori	x27,x23,411	 x23:0xff7fd1f8 x27=0xff7fd063
     365005.000 ns	     36499	80007850	194f7ed3	fdiv.s	f29,f30,f20	 f30:0x00000000 f20:0x00000000 f29=0x7fc00000
     365055.000 ns	     36504	80007854	08ac7f53	fsub.s	f30,f24,f10	 f24:0x7fc00000 f10:0xda570d0e f30=0x7fc00000
     365085.000 ns	     36507	80007858	217c28d3	fsgnjx.s	f17,f24,f23	 f24:0x7fc00000 f23:0x7fc00000 f17=0x7fc00000
     365115.000 ns	     36510	8000785c	a12d10d3	flt.s	x1,f26,f18	 f26:0x7fffffff f18:0xffc00000  x1=0x00000000
     365135.000 ns	     36512	80007860	fb30b593	sltiu	x11,x1,-77	  x1:0x00000000 x11=0x00000001
     365155.000 ns	     36514	80007864	e0089453	fclass.s	x8,f17	 f17:0x7fc00000  x8=0x00000200
     365185.000 ns	     36517	80007868	039c8a33	mul	x20,x25,x25	 x25:0x00000200 x25:0x00000200 x20=0x00040000
     365215.000 ns	     36520	8000786c	e00e92d3	fclass.s	x5,f29	 f29:0x7fc00000  x5=0x00000200
     365245.000 ns	     36523	80007870	203fa3d3	fsgnjx.s	f7,f31,f3	 f31:0x4b7f7fc9  f3:0x3ef5f8bc  f7=0x4b7f7fc9
     365265.000 ns	     36525	80007874	0126f833	and	x16,x13,x18	 x13:0x00000000 x18:0xbac06818 x16=0x00000000
     365295.000 ns	     36528	80007878	119afb53	fmul.s	f22,f21,f25	 f21:0x5a570d0e f25:0x3ef5f8bc f22=0x59cea071
     365325.000 ns	     36531	8000787c	021ce733	rem	x14,x25,x1	 x25:0x00000200  x1:0x00000000 x14=0x00000200
     365345.000 ns	     36533	80007880	df7457b7	lui	x15,0xdf745	 x15=0xdf745000
     365365.000 ns	     36535	80007884	c00b79d3	fcvt.w.s	x19,f22	 f22:0x59cea071 x19=0x7fffffff
     365395.000 ns	     36538	80007888	d00f1953	fcvt.s.w	f18,x30	 x30:0x00000000 f18=0x00000000
     365415.000 ns	     36540	8000788c	3792ee93	ori	x29,x5,889	  x5:0x00000200 x29=0x00000379
     365435.000 ns	     36542	80007890	e0040bd3	fmv.x.w	x23,f8	  f8:0xff800000 x23=0xff800000
     365465.000 ns	     36545	80007894	20ab18d3	fsgnjn.s	f17,f22,f10	 f22:0x59cea071 f10:0xda570d0e f17=0x59cea071
     365485.000 ns	     36547	80007898	01c3d933	srl	x18,x7,x28	  x7:0xc1e296ff x28:0x00ff7fc9 x18=0x0060f14b
     365505.000 ns	     36549	8000789c	d01e30d3	fcvt.s.wu	f1,x28	 x28:0x00ff7fc9  f1=0x4b7f7fc9
     365525.000 ns	     36551	800078a0	00029db3	sll	x27,x5,x0	  x5:0x00000200  x0:0x00000000 x27=0x00000200
     365535.000 ns	     36552	800078a4	00372ab3	slt	x21,x14,x3	 x14:0x00000200  x3:0x00000001 x21=0x00000000
     365545.000 ns	     36553	800078a8	6f02a293	slti	x5,x5,1776	  x5:0x00000200  x5=0x00000001
     365565.000 ns	     36555	800078ac	a1050953	fle.s	x18,f10,f16	 f10:0xda570d0e f16:0x5a570d0e x18=0x00000001
     365585.000 ns	     36557	800078b0	4047dc13	srai	x24,x15,0x4	 x15:0xdf745000 x24=0xfdf74500
     365605.000 ns	     36559	800078b4	20e590d3	fsgnjn.s	f1,f11,f14	 f11:0x00000000 f14:0x80000000  f1=0x00000000
     365635.000 ns	     36562	800078b8	a05618d3	flt.s	x17,f12,f5	 f12:0x47091800  f5:0x4f41e296 x17=0x00000001
     365665.000 ns	     36565	800078bc	29c30153	fmin.s	f2,f6,f28	  f6:0x5a570d0e f28:0xda570d0e  f2=0xda570d0e
     365685.000 ns	     36567	800078c0	01db50b3	srl	x1,x22,x29	 x22:0x00000000 x29:0x00000379  x1=0x00000000
     366045.000 ns	     36603	800078c4	0388c233	div	x4,x17,x24	 x17:0x00000001 x24:0xfdf74500  x4=0x00000000
     366415.000 ns	     36640	800078c8	02224db3	div	x27,x4,x2	  x4:0x00ff7fc9  x2:0x00000040 x27=0x00000000
     366445.000 ns	     36643	800078cc	20172dd3	fsgnjx.s	f27,f14,f1	 f14:0x80000000  f1:0x00000000 f27=0x80000000
     366495.000 ns	     36648	800078d0	088813d3	fsub.s	f7,f16,f8	 f16:0x5a570d0e  f8:0xff800000  f7=0x7f800000
     366515.000 ns	     36650	800078d4	25643813	sltiu	x16,x8,598	  x8:0x00000200 x16=0x00000001
     366875.000 ns	     36686	800078d8	0393c033	div	x0,x7,x25	  x7:0xc1e296ff x25:0x00000200
     366895.000 ns	     36688	800078dc	016ebe33	sltu	x28,x29,x22	 x29:0x00000379 x22:0x00000000 x28=0x00000000
     366905.000 ns	     36689	800078e0	0d033013	sltiu	x0,x6,208	  x6:0x442939c0
     366915.000 ns	     36690	800078e4	01001833	sll	x16,x0,x16	  x0:0x00000000 x16:0x00000001 x16=0x00000000
     366925.000 ns	     36691	800078e8	01ec5093	srli	x1,x24,0x1e	 x24:0xfdf74500  x1=0x00000003
     366945.000 ns	     36693	800078ec	c00a86d3	fcvt.w.s	x13,f21	 f21:0x5a570d0e x13=0x7fffffff
     367315.000 ns	     36730	800078f0	02bf4a33	div	x20,x30,x11	 x30:0x00000000 x11:0x00000001 x20=0x00000000
     367335.000 ns	     36732	800078f4	0181a8b3	slt	x17,x3,x24	  x3:0x00000001 x24:0xfdf74500 x17=0x00000000
     367345.000 ns	     36733	800078f8	0090fb33	and	x22,x1,x9	  x1:0x00000003  x9:0x80041024 x22=0x00000000
     367355.000 ns	     36734	800078fc	017e75b3	and	x11,x28,x23	 x28:0x00000000 x23:0xff800000 x11=0x00000000
     367365.000 ns	     36735	80007900	40405f13	srai	x30,x0,0x4	  x0:0x00000000 x30=0x00000000
     367385.000 ns	     36737	80007904	284e9553	fmax.s	f10,f29,f4	 f29:0x7fc00000  f4:0xfb83e000 f10=0xfb83e000
     367415.000 ns	     36740	80007908	d001c853	fcvt.s.w	f16,x3	  x3:0x00000001 f16=0x3f800000
     367785.000 ns	     36777	8000790c	03fbdd33	divu	x26,x23,x31	 x23:0xff800000 x31:0x80040fe4 x26=0x00000001
     367805.000 ns	     36779	80007910	00700433	add	x8,x0,x7	  x0:0x00000000  x7:0xc1e296ff  x8=0xc1e296ff
     367815.000 ns	     36780	80007914	01ce05b3	add	x11,x28,x28	 x28:0x00000000 x28:0x00000000 x11=0x00000000
     367825.000 ns	     36781	80007918	7f9bed93	ori	x27,x23,2041	 x23:0xff800000 x27=0xff8007f9
     368185.000 ns	     36817	8000791c	03914933	div	x18,x2,x25	  x2:0x00000040 x25:0x00000200 x18=0x00000000
     368205.000 ns	     36819	80007920	9c2a2f13	slti	x30,x20,-1598	 x20:0x00000000 x30=0x00000000
     368225.000 ns	     36821	80007924	d00c3ad3	fcvt.s.w	f21,x24	 x24:0xfdf74500 f21=0xcc022ec0
     368275.000 ns	     36826	80007928	003a9653	fadd.s	f12,f21,f3	 f21:0x5a570d0e  f3:0x3ef5f8bc f12=0xcc022ebf
     368295.000 ns	     36828	8000792c	004727b3	slt	x15,x14,x4	 x14:0x00000200  x4:0x00000000 x15=0x00000000
     368305.000 ns	     36829	80007930	76d82913	slti	x18,x16,1901	 x16:0x00000000 x18=0x00000001
     368315.000 ns	     36830	80007934	0132ae33	slt	x28,x5,x19	  x5:0x00000001 x19:0x7fffffff x28=0x00000001
     368325.000 ns	     36831	80007938	0049ccb3	xor	x25,x19,x4	 x19:0x7fffffff  x4:0x00000000 x25=0x7fffffff
     368335.000 ns	     36832	8000793c	3f74ad93	slti	x27,x9,1015	  x9:0x80041024 x27=0x00000001
     368345.000 ns	     36833	80007940	52177693	andi	x13,x14,1313	 x14:0x00000200 x13=0x00000000
     368385.000 ns	     36837	80007944	09fc3ed3	fsub.s	f29,f24,f31	 f24:0x7fc00000 f31:0x4b7f7fc9 f29=0x7fc00000
     368405.000 ns	     36839	80007948	25d58d93	addi	x27,x11,605	 x11:0x00000000 x27=0x0000025d
     368425.000 ns	     36841	8000794c	0340a8b3	mulhsu	x17,x1,x20	  x1:0x00000003 x20:0x00000000 x17=0x00000000
     368795.000 ns	     36878	80007950	0210ed33	rem	x26,x1,x1	  x1:0x00000003  x1:0x00000003 x26=0x00000000
     368815.000 ns	     36880	80007954	50dd7897	auipc	x17,0x50dd7	 x17=0xd0dde954
     368825.000 ns	     36881	80007958	009c5c93	srli	x25,x24,0x9	 x24:0xfdf74500 x25=0x007efba2
     368835.000 ns	     36882	8000795c	41bf56b3	sra	x13,x30,x27	 x30:0x00000000 x27:0x0000025d x13=0x00000000
     368855.000 ns	     36884	80007960	207e04d3	fsgnj.s	f9,f28,f7	 f28:0xda570d0e  f7:0x7f800000  f9=0x5a570d0e
     368875.000 ns	     36886	80007964	0181ecb3	or	x25,x3,x24	  x3:0x00000001 x24:0xfdf74500 x25=0xfdf74501
     368895.000 ns	     36888	80007968	03628ab3	mul	x21,x5,x22	  x5:0x00000001 x22:0x00000000 x21=0x00000000
     368915.000 ns	     36890	8000796c	e771f093	andi	x1,x3,-393	  x3:0x00000001  x1=0x00000001
     368925.000 ns	     36891	80007970	41cd5733	sra	x14,x26,x28	 x26:0x00000000 x28:0x00000001 x14=0x00000000
     368935.000 ns	     36892	80007974	009c9133	sll	x2,x25,x9	 x25:0xfdf74501  x9:0x80041024  x2=0xdf745010
     368945.000 ns	     36893	80007978	00439633	sll	x12,x7,x4	  x7:0xc1e296ff  x4:0x00000000 x12=0xc1e296ff
     368965.000 ns	     36895	8000797c	20451053	fsgnjn.s	f0,f10,f4	 f10:0xfb83e000  f4:0xfb83e000  f0=0x7b83e000
     368995.000 ns	     36898	80007980	02cc13b3	mulh	x7,x24,x12	 x24:0xfdf74500 x12:0x00000001  x7=0x007e591c
     369045.000 ns	     36903	80007984	0066fbd3	fadd.s	f23,f13,f6	 f13:0x7fffffff  f6:0x5a570d0e f23=0x7fc00000
     369075.000 ns	     36906	80007988	a0131d53	flt.s	x26,f6,f1	  f6:0x5a570d0e  f1:0x00000000 x26=0x00000000
     369095.000 ns	     36908	8000798c	013c1893	slli	x17,x24,0x13	 x24:0xfdf74500 x17=0x28000000
     369115.000 ns	     36910	80007990	a10a81d3	fle.s	x3,f21,f16	 f21:0xcc022ec0 f16:0x3f800000  x3=0x00000001
     369145.000 ns	     36913	80007994	f00c89d3	fmv.w.x	f19,x25	 x25:0xfdf74501 f19=0xfdf74501
     369165.000 ns	     36915	80007998	01a3d9b3	srl	x19,x7,x26	  x7:0x007e591c x26:0x00000000 x19=0x007e591c
     369185.000 ns	     36917	8000799c	21f09653	fsgnjn.s	f12,f1,f31	  f1:0x00000000 f31:0x4b7f7fc9 f12=0x80000000
     369215.000 ns	     36920	800079a0	e0001a53	fclass.s	x20,f0	  f0:0x7b83e000 x20=0x00000040
     369245.000 ns	     36923	800079a4	03ed1bb3	mulh	x23,x26,x30	 x26:0x00000000 x30:0x00000000 x23=0x00000000
     369265.000 ns	     36925	800079a8	4103d1b3	sra	x3,x7,x16	  x7:0x007e591c x16:0x00000000  x3=0x007e591c
     369275.000 ns	     36926	800079ac	00be3d33	sltu	x26,x28,x11	 x28:0x00000001 x11:0x00000000 x26=0x00000000
     369295.000 ns	     36928	800079b0	c0187953	fcvt.wu.s	x18,f16	 f16:0x3f800000 x18=0x00000001
     369335.000 ns	     36932	800079b4	18fd04d3	fdiv.s	f9,f26,f15	 f26:0x7fffffff f15:0x4efff7e0  f9=0x7fc00000
     369365.000 ns	     36935	800079b8	20fd9fd3	fsgnjn.s	f31,f27,f15	 f27:0x80000000 f15:0x4efff7e0 f31=0x80000000
     369385.000 ns	     36937	800079bc	f917f3b7	lui	x7,0xf917f	  x7=0xf917f000
     369405.000 ns	     36939	800079c0	a0c49c53	flt.s	x24,f9,f12	  f9:0x7fc00000 f12:0x80000000 x24=0x00000000
     369445.000 ns	     36943	800079c4	110b73d3	fmul.s	f7,f22,f16	 f22:0x59cea071 f16:0x3f800000  f7=0x59cea072
     369495.000 ns	     36948	800079c8	019eb953	fadd.s	f18,f29,f25	 f29:0x7fc00000 f25:0x3ef5f8bc f18=0x7fc00000
     369525.000 ns	     36951	800079cc	280519d3	fmax.s	f19,f10,f0	 f10:0xfb83e000  f0:0x7b83e000 f19=0x7b83e000
     369545.000 ns	     36953	800079d0	46834593	xori	x11,x6,1128	  x6:0x442939c0 x11=0x44293da8
     369565.000 ns	     36955	800079d4	d01ff853	fcvt.s.wu	f16,x31	 x31:0x80040fe4 f16=0x4f00040f
     369585.000 ns	     36957	800079d8	77fd3d13	sltiu	x26,x26,1919	 x26:0x00000000 x26=0x00000001
     369595.000 ns	     36958	800079dc	00d32e93	slti	x29,x6,13	  x6:0x442939c0 x29=0x00000000
     369625.000 ns	     36961	800079e0	10eff3d3	fmul.s	f7,f31,f14	 f31:0x80000000 f14:0x80000000  f7=0x00000000
     369645.000 ns	     36963	800079e4	40f85f33	sra	x30,x16,x15	 x16:0x00000000 x15:0x00000000 x30=0x00000000
     369665.000 ns	     36965	800079e8	0355a233	mulhsu	x4,x11,x21	 x11:0x44293da8 x21:0x00000000  x4=0x00000000
     369715.000 ns	     36970	800079ec	00e9f2d3	fadd.s	f5,f19,f14	 f19:0x7b83e000 f14:0x80000000  f5=0x7b83e000
     369735.000 ns	     36972	800079f0	0aabfe13	andi	x28,x23,170	 x23:0x00000000 x28=0x00000000
     369755.000 ns	     36974	800079f4	21de9d53	fsgnjn.s	f26,f29,f29	 f29:0x7fc00000 f29:0x7fc00000 f26=0xffc00000
     370125.000 ns	     37011	800079f8	026c7933	remu	x18,x24,x6	 x24:0x00000000  x6:0x442939c0 x18=0x00000000
     370165.000 ns	     37015	800079fc	19421ad3	fdiv.s	f21,f4,f20	  f4:0xfb83e000 f20:0x00000000 f21=0xff800000
     370195.000 ns	     37018	80007a00	f00584d3	fmv.w.x	f9,x11	 x11:0x44293da8  f9=0x44293da8
     370245.000 ns	     37023	80007a04	095eb553	fsub.s	f10,f29,f21	 f29:0x7fc00000 f21:0xff800000 f10=0x7fc00000
     370265.000 ns	     37025	80007a08	40fe5b33	sra	x22,x28,x15	 x28:0x00000000 x15:0x00000000 x22=0x00000000
     370295.000 ns	     37028	80007a0c	10a0af53	fmul.s	f30,f1,f10	  f1:0x00000000 f10:0x7fc00000 f30=0x7fc00000
     370315.000 ns	     37030	80007a10	19b1c693	xori	x13,x3,411	  x3:0x007e591c x13=0x007e5887
     370325.000 ns	     37031	80007a14	00c89bb3	sll	x23,x17,x12	 x17:0x28000000 x12:0xc1e296ff x23=0x00000000
     370335.000 ns	     37032	80007a18	460bcf17	auipc	x30,0x460bc	 x30=0xc60c3a18
     370355.000 ns	     37034	80007a1c	e0018e53	fmv.x.w	x28,f3	  f3:0x3ef5f8bc x28=0x3ef5f8bc
     370375.000 ns	     37036	80007a20	012ac133	xor	x2,x21,x18	 x21:0x00000000 x18:0x00000000  x2=0x00000000
     370395.000 ns	     37038	80007a24	a1e710d3	flt.s	x1,f14,f30	 f14:0x80000000 f30:0x7fc00000  x1=0x00000000
     370415.000 ns	     37040	80007a28	001e1333	sll	x6,x28,x1	 x28:0x3ef5f8bc  x1:0x00000001  x6=0x3ef5f8bc
     370455.000 ns	     37044	80007a2c	01a01dd3	fadd.s	f27,f0,f26	  f0:0x7b83e000 f26:0xffc00000 f27=0x7fc00000
     370475.000 ns	     37046	80007a30	e65e49b7	lui	x19,0xe65e4	 x19=0xe65e4000
     370495.000 ns	     37048	80007a34	e0050dd3	fmv.x.w	x27,f10	 f10:0x7fc00000 x27=0x7fc00000
     370525.000 ns	     37051	80007a38	28ee81d3	fmin.s	f3,f29,f14	 f29:0x7fc00000 f14:0x80000000  f3=0x80000000
     370545.000 ns	     37053	80007a3c	008ef7b3	and	x15,x29,x8	 x29:0x00000000  x8:0xc1e296ff x15=0x00000000
     370565.000 ns	     37055	80007a40	21e08fd3	fsgnj.s	f31,f1,f30	  f1:0x00000000 f30:0x7fc00000 f31=0x00000000
     370585.000 ns	     37057	80007a44	00d07db3	and	x27,x0,x13	  x0:0x00000000 x13:0x007e5887 x27=0x00000000
     370595.000 ns	     37058	80007a48	011df8b3	and	x17,x27,x17	 x27:0x7fc00000 x17:0x28000000 x17=0x00000000
     370605.000 ns	     37059	80007a4c	00047933	and	x18,x8,x0	  x8:0xc1e296ff  x0:0x00000000 x18=0x00000000
     370625.000 ns	     37061	80007a50	a0601ad3	flt.s	x21,f0,f6	  f0:0x7b83e000  f6:0x5a570d0e x21=0x00000000
     370995.000 ns	     37098	80007a54	0330cb33	div	x22,x1,x19	  x1:0x00000000 x19:0xe65e4000 x22=0x00000000
     371025.000 ns	     37101	80007a58	e00c1953	fclass.s	x18,f24	 f24:0x7fc00000 x18=0x00000200
     371055.000 ns	     37104	80007a5c	02f9a733	mulhsu	x14,x19,x15	 x19:0xe65e4000 x15:0x00000000 x14=0x00000000
     371075.000 ns	     37106	80007a60	c8e34393	xori	x7,x6,-882	  x6:0x3ef5f8bc  x7=0xc10a0432
     371085.000 ns	     37107	80007a64	418cd5b3	sra	x11,x25,x24	 x25:0xfdf74501 x24:0x00000000 x11=0xfdf74501
     371095.000 ns	     37108	80007a68	ba6c6393	ori	x7,x24,-1114	 x24:0x00000000  x7=0xfffffba6
     371115.000 ns	     37110	80007a6c	d00d1253	fcvt.s.w	f4,x26	 x26:0x00000001  f4=0x3f800000
     371145.000 ns	     37113	80007a70	206c8e53	fsgnj.s	f28,f25,f6	 f25:0x3ef5f8bc  f6:0x5a570d0e f28=0x3ef5f8bc
     371175.000 ns	     37116	80007a74	f00b87d3	fmv.w.x	f15,x23	 x23:0x00000000 f15=0x00000000
     371205.000 ns	     37119	80007a78	211c1ad3	fsgnjn.s	f21,f24,f17	 f24:0x7fc00000 f17:0x59cea071 f21=0xffc00000
     371225.000 ns	     37121	80007a7c	f5566c13	ori	x24,x12,-171	 x12:0xc1e296ff x24=0xffffffff
     371245.000 ns	     37123	80007a80	29b70553	fmin.s	f10,f14,f27	 f14:0x80000000 f27:0x7fc00000 f10=0x80000000
     371265.000 ns	     37125	80007a84	00adaab3	slt	x21,x27,x10	 x27:0x00000000 x10:0xc1e296ff x21=0x00000000
     371275.000 ns	     37126	80007a88	b961eb13	ori	x22,x3,-1130	  x3:0x007e591c x22=0xfffffb9e
     371285.000 ns	     37127	80007a8c	01767d33	and	x26,x12,x23	 x12:0xc1e296ff x23:0x00000000 x26=0x00000000
     371295.000 ns	     37128	80007a90	01f7d393	srli	x7,x15,0x1f	 x15:0x00000000  x7=0x00000000
     371315.000 ns	     37130	80007a94	e0030ed3	fmv.x.w	x29,f6	  f6:0x5a570d0e x29=0x5a570d0e
     371345.000 ns	     37133	80007a98	c00ef2d3	fcvt.w.s	x5,f29	 f29:0x7fc00000  x5=0x7fffffff
     371385.000 ns	     37137	80007a9c	188d3c53	fdiv.s	f24,f26,f8	 f26:0xffc00000  f8:0xff800000 f24=0x7fc00000
     371415.000 ns	     37140	80007aa0	a0d899d3	flt.s	x19,f17,f13	 f17:0x59cea071 f13:0x7fffffff x19=0x00000000
     371445.000 ns	     37143	80007aa4	d005f6d3	fcvt.s.w	f13,x11	 x11:0xfdf74501 f13=0xcc022ebf
     371465.000 ns	     37145	80007aa8	40220a33	sub	x20,x4,x2	  x4:0x00000000  x2:0x00000000 x20=0x00000000
     371485.000 ns	     37147	80007aac	027af0b3	remu	x1,x21,x7	 x21:0x00000000  x7:0x00000000  x1=0x00000000
     371515.000 ns	     37150	80007ab0	286f8f53	fmin.s	f30,f31,f6	 f31:0x00000000  f6:0x5a570d0e f30=0x00000000
     371545.000 ns	     37153	80007ab4	d007fed3	fcvt.s.w	f29,x15	 x15:0x00000000 f29=0x00000000
     371585.000 ns	     37157	80007ab8	183d1653	fdiv.s	f12,f26,f3	 f26:0xffc00000  f3:0x80000000 f12=0x7fc00000
     371605.000 ns	     37159	80007abc	f9aac7b7	lui	x15,0xf9aac	 x15=0xf9aac000
     371615.000 ns	     37160	80007ac0	22b56593	ori	x11,x10,555	 x10:0xc1e296ff x11=0xc1e296ff
     371625.000 ns	     37161	80007ac4	018d1793	slli	x15,x26,0x18	 x26:0x00000000 x15=0x00000000
     371665.000 ns	     37165	80007ac8	014f7dd3	fadd.s	f27,f30,f20	 f30:0x00000000 f20:0x00000000 f27=0x00000000
     371685.000 ns	     37167	80007acc	404c5813	srai	x16,x24,0x4	 x24:0xffffffff x16=0xffffffff
     371695.000 ns	     37168	80007ad0	00fe9e93	slli	x29,x29,0xf	 x29:0x5a570d0e x29=0x86870000
     371705.000 ns	     37169	80007ad4	6063b613	sltiu	x12,x7,1542	  x7:0x00000000 x12=0x00000001
     371745.000 ns	     37173	80007ad8	086d7e53	fsub.s	f28,f26,f6	 f26:0xffc00000  f6:0x5a570d0e f28=0x7fc00000
     371765.000 ns	     37175	80007adc	0100a333	slt	x6,x1,x16	  x1:0x00000000 x16:0xffffffff  x6=0x00000000
     371785.000 ns	     37177	80007ae0	a0bd1cd3	flt.s	x25,f26,f11	 f26:0xffc00000 f11:0x00000000 x25=0x00000000
     371815.000 ns	     37180	80007ae4	02d31433	mulh	x8,x6,x13	  x6:0x3ef5f8bc x13:0x007e5887  x8=0x00000000
     371845.000 ns	     37183	80007ae8	29150753	fmin.s	f14,f10,f17	 f10:0x80000000 f17:0x59cea071 f14=0x80000000
     371875.000 ns	     37186	80007aec	c0062cd3	fcvt.w.s	x25,f12	 f12:0x7fc00000 x25=0x7fffffff
     372245.000 ns	     37223	80007af0	029bde33	divu	x28,x23,x9	 x23:0x00000000  x9:0x80041024 x28=0x00000000
     372265.000 ns	     37225	80007af4	404f5193	srai	x3,x30,0x4	 x30:0xc60c3a18  x3=0xfc60c3a1
     372295.000 ns	     37228	80007af8	5805b853	fsqrt.s	f16,f11	 f11:0x00000000 f16=0x00000000
     372315.000 ns	     37230	80007afc	007e79b3	and	x19,x28,x7	 x28:0x00000000  x7:0x00000000 x19=0x00000000
     372345.000 ns	     37233	80007b00	106213d3	fmul.s	f7,f4,f6	  f4:0x3f800000  f6:0x5a570d0e  f7=0x5a570d0e
     372365.000 ns	     37235	80007b04	00c79d93	slli	x27,x15,0xc	 x15:0x00000000 x27=0x00000000
     372375.000 ns	     37236	80007b08	e52043b7	lui	x7,0xe5204	  x7=0xe5204000
     372415.000 ns	     37240	80007b0c	08d690d3	fsub.s	f1,f13,f13	 f13:0xcc022ebf f13:0xcc022ebf  f1=0x00000000
     372445.000 ns	     37243	80007b10	e0031b53	fclass.s	x22,f6	  f6:0x5a570d0e x22=0x00000040
     372465.000 ns	     37245	80007b14	02853413	sltiu	x8,x10,40	 x10:0xc1e296ff  x8=0x00000000
     372475.000 ns	     37246	80007b18	00000013	addi	x0,x0,0	  x0:0x00000000
     372485.000 ns	     37247	80007b1c	db827393	andi	x7,x4,-584	  x4:0x00000000  x7=0x00000000
     372505.000 ns	     37249	80007b20	d015ff53	fcvt.s.wu	f30,x11	 x11:0xc1e296ff f30=0x4f41e296
     372525.000 ns	     37251	80007b24	87533db7	lui	x27,0x87533	 x27=0x87533000
     372545.000 ns	     37253	80007b28	21181153	fsgnjn.s	f2,f16,f17	 f16:0x00000000 f17:0x59cea071  f2=0x80000000
     372565.000 ns	     37255	80007b2c	4101dd93	srai	x27,x3,0x10	  x3:0xfc60c3a1 x27=0xfffffc60
     372575.000 ns	     37256	80007b30	01f8e233	or	x4,x17,x31	 x17:0x00000000 x31:0x80040fe4  x4=0x80040fe4
     372595.000 ns	     37258	80007b34	f00f0953	fmv.w.x	f18,x30	 x30:0xc60c3a18 f18=0xc60c3a18
     372615.000 ns	     37260	80007b38	310e3d13	sltiu	x26,x28,784	 x28:0x00000000 x26=0x00000001
     372625.000 ns	     37261	80007b3c	41b85233	sra	x4,x16,x27	 x16:0xffffffff x27:0xfffffc60  x4=0xffffffff
     372635.000 ns	     37262	80007b40	927f2093	slti	x1,x30,-1753	 x30:0xc60c3a18  x1=0x00000001
     372655.000 ns	     37264	80007b44	f0050553	fmv.w.x	f10,x10	 x10:0xc1e296ff f10=0xc1e296ff
     373025.000 ns	     37301	80007b48	02d2d5b3	divu	x11,x5,x13	  x5:0x7fffffff x13:0x007e5887 x11=0x00000103
     373055.000 ns	     37304	80007b4c	f00100d3	fmv.w.x	f1,x2	  x2:0x00000000  f1=0x00000000
     373085.000 ns	     37307	80007b50	034ee733	rem	x14,x29,x20	 x29:0x86870000 x20:0x00000000 x14=0x86870000
     373115.000 ns	     37310	80007b54	c005fcd3	fcvt.w.s	x25,f11	 f11:0x00000000 x25=0x00000000
     373135.000 ns	     37312	80007b58	282e3f13	sltiu	x30,x28,642	 x28:0x00000000 x30=0x00000001
     373145.000 ns	     37313	80007b5c	58590693	addi	x13,x18,1413	 x18:0x00000200 x13=0x00000785
     373165.000 ns	     37315	80007b60	033919b3	mulh	x19,x18,x19	 x18:0x00000200 x19:0x00000000 x19=0x00000000
     373195.000 ns	     37318	80007b64	a1208353	fle.s	x6,f1,f18	  f1:0x00000000 f18:0xc60c3a18  x6=0x00000000
     373565.000 ns	     37355	80007b68	0235d2b3	divu	x5,x11,x3	 x11:0x00000103  x3:0xfc60c3a1  x5=0x00000000
     373595.000 ns	     37358	80007b6c	d0000b53	fcvt.s.w	f22,x0	  x0:0x00000000 f22=0x00000000
     373625.000 ns	     37361	80007b70	a0219cd3	flt.s	x25,f3,f2	  f3:0x80000000  f2:0x80000000 x25=0x00000000
     373655.000 ns	     37364	80007b74	c0127453	fcvt.wu.s	x8,f4	  f4:0x3f800000  x8=0x00000001
     373685.000 ns	     37367	80007b78	03ceaa33	mulhsu	x20,x29,x28	 x29:0x86870000 x28:0x00000000 x20=0x00000000
     373715.000 ns	     37370	80007b7c	03785eb3	divu	x29,x16,x23	 x16:0xffffffff x23:0x00000000 x29=0xffffffff
     373745.000 ns	     37373	80007b80	21db88d3	fsgnj.s	f17,f23,f29	 f23:0x7fc00000 f29:0x00000000 f17=0x7fc00000
     373785.000 ns	     37377	80007b84	5806fa53	fsqrt.s	f20,f13	 f13:0xcc022ebf f20=0x7fc00000
     374155.000 ns	     37414	80007b88	03a7fc33	remu	x24,x15,x26	 x15:0x00000000 x26:0x00000001 x24=0x00000000
     374185.000 ns	     37417	80007b8c	f00b88d3	fmv.w.x	f17,x23	 x23:0x00000000 f17=0x00000000
     374225.000 ns	     37421	80007b90	11ed8453	fmul.s	f8,f27,f30	 f27:0x00000000 f30:0x4f41e296  f8=0x00000000
     374245.000 ns	     37423	80007b94	283a8593	addi	x11,x21,643	 x21:0x00000000 x11=0x00000283
     374255.000 ns	     37424	80007b98	85dabd93	sltiu	x27,x21,-1955	 x21:0x00000000 x27=0x00000001
     374275.000 ns	     37426	80007b9c	d0002653	fcvt.s.w	f12,x0	  x0:0x00000000 f12=0x00000000
     374295.000 ns	     37428	80007ba0	00a85693	srli	x13,x16,0xa	 x16:0xffffffff x13=0x003fffff
     374305.000 ns	     37429	80007ba4	00ecd593	srli	x11,x25,0xe	 x25:0x00000000 x11=0x00000000
     374665.000 ns	     37465	80007ba8	029cc8b3	div	x17,x25,x9	 x25:0x00000000  x9:0x80041024 x17=0x00000000
     374715.000 ns	     37470	80007bac	006c7b53	fadd.s	f22,f24,f6	 f24:0x7fc00000  f6:0x5a570d0e f22=0x7fc00000
     374735.000 ns	     37472	80007bb0	e8b10597	auipc	x11,0xe8b10	 x11=0x68b17bb0
     374755.000 ns	     37474	80007bb4	28909ed3	fmax.s	f29,f1,f9	  f1:0x00000000  f9:0x44293da8 f29=0x44293da8
     374785.000 ns	     37477	80007bb8	a1980153	fle.s	x2,f16,f25	 f16:0x00000000 f25:0x3ef5f8bc  x2=0x00000001
     374805.000 ns	     37479	80007bbc	01606833	or	x16,x0,x22	  x0:0x00000000 x22:0x00000040 x16=0x00000040
     375165.000 ns	     37515	80007bc0	0241e8b3	rem	x17,x3,x4	  x3:0xfc60c3a1  x4:0xffffffff x17=0x00000000
     375195.000 ns	     37518	80007bc4	a13b8a53	fle.s	x20,f23,f19	 f23:0x7fc00000 f19:0x7b83e000 x20=0x00000000
     375215.000 ns	     37520	80007bc8	018c4ab3	xor	x21,x24,x24	 x24:0x00000000 x24:0x00000000 x21=0x00000000
     375235.000 ns	     37522	80007bcc	f00f8f53	fmv.w.x	f30,x31	 x31:0x80040fe4 f30=0x80040fe4
     375275.000 ns	     37526	80007bd0	19a279d3	fdiv.s	f19,f4,f26	  f4:0x3f800000 f26:0xffc00000 f19=0x7fc00000
     375295.000 ns	     37528	80007bd4	40c78bb3	sub	x23,x15,x12	 x15:0x00000000 x12:0x00000001 x23=0xffffffff
     375305.000 ns	     37529	80007bd8	e908b193	sltiu	x3,x17,-368	 x17:0x00000000  x3=0x00000001
     375325.000 ns	     37531	80007bdc	03829ab3	mulh	x21,x5,x24	  x5:0x00000000 x24:0x00000000 x21=0x00000000
     375355.000 ns	     37534	80007be0	e00086d3	fmv.x.w	x13,f1	  f1:0x00000000 x13=0x00000000
     375385.000 ns	     37537	80007be4	28908d53	fmin.s	f26,f1,f9	  f1:0x00000000  f9:0x44293da8 f26=0x00000000
     375405.000 ns	     37539	80007be8	01610ab3	add	x21,x2,x22	  x2:0x00000001 x22:0x00000040 x21=0x00000041
     375415.000 ns	     37540	80007bec	00000013	addi	x0,x0,0	  x0:0x00000000
     375425.000 ns	     37541	80007bf0	007a5413	srli	x8,x20,0x7	 x20:0x00000000  x8=0x00000000
     375445.000 ns	     37543	80007bf4	02856733	rem	x14,x10,x8	 x10:0xc1e296ff  x8:0x00000001 x14=0xc1e296ff
     375465.000 ns	     37545	80007bf8	75588c13	addi	x24,x17,1877	 x17:0x00000000 x24=0x00000755
     375475.000 ns	     37546	80007bfc	0f91f193	andi	x3,x3,249	  x3:0x00000001  x3=0x00000001
     375485.000 ns	     37547	80007c00	00c8db33	srl	x22,x17,x12	 x17:0x00000000 x12:0x00000001 x22=0x00000000
     375505.000 ns	     37549	80007c04	f0070253	fmv.w.x	f4,x14	 x14:0xc1e296ff  f4=0xc1e296ff
     375525.000 ns	     37551	80007c08	95fc3213	sltiu	x4,x24,-1697	 x24:0x00000755  x4=0x00000001
     375535.000 ns	     37552	80007c0c	00b131b3	sltu	x3,x2,x11	  x2:0x00000001 x11:0x68b17bb0  x3=0x00000001
     375545.000 ns	     37553	80007c10	01e71e13	slli	x28,x14,0x1e	 x14:0xc1e296ff x28=0xc0000000
     375575.000 ns	     37556	80007c14	1055a253	fmul.s	f4,f11,f5	 f11:0x00000000  f5:0x7b83e000  f4=0x00000000
     375625.000 ns	     37561	80007c18	0197bad3	fadd.s	f21,f15,f25	 f15:0x00000000 f25:0x3ef5f8bc f21=0x3ef5f8bc
     375655.000 ns	     37564	80007c1c	d01a7dd3	fcvt.s.wu	f27,x20	 x20:0x00000000 f27=0x00000000
     375675.000 ns	     37566	80007c20	c50fb813	sltiu	x16,x31,-944	 x31:0x80040fe4 x16=0x00000001
     375705.000 ns	     37569	80007c24	19d279d3	fdiv.s	f19,f4,f29	  f4:0x00000000 f29:0x44293da8 f19=0x00000000
     375735.000 ns	     37572	80007c28	20d929d3	fsgnjx.s	f19,f18,f13	 f18:0xc60c3a18 f13:0xcc022ebf f19=0x460c3a18
     375765.000 ns	     37575	80007c2c	d01a7653	fcvt.s.wu	f12,x20	 x20:0x00000000 f12=0x00000000
     375785.000 ns	     37577	80007c30	623c7b93	andi	x23,x24,1571	 x24:0x00000755 x23=0x00000601
     375805.000 ns	     37579	80007c34	29ab92d3	fmax.s	f5,f23,f26	 f23:0x7fc00000 f26:0x00000000  f5=0x00000000
     375835.000 ns	     37582	80007c38	02d856b3	divu	x13,x16,x13	 x16:0x00000001 x13:0x00000000 x13=0xffffffff
     375855.000 ns	     37584	80007c3c	4396c793	xori	x15,x13,1081	 x13:0x00000000 x15=0xfffffbc6
     375875.000 ns	     37586	80007c40	c01e7053	fcvt.wu.s	x0,f28	 f28:0x7fc00000
     375895.000 ns	     37588	80007c44	ae780913	addi	x18,x16,-1305	 x16:0x00000001 x18=0xfffffae8
     375905.000 ns	     37589	80007c48	8efe2937	lui	x18,0x8efe2	 x18=0x8efe2000
     375935.000 ns	     37592	80007c4c	111bb453	fmul.s	f8,f23,f17	 f23:0x7fc00000 f17:0x00000000  f8=0x7fc00000
     375955.000 ns	     37594	80007c50	00e18933	add	x18,x3,x14	  x3:0x00000001 x14:0xc1e296ff x18=0xc1e29700
     375995.000 ns	     37598	80007c54	0024f753	fadd.s	f14,f9,f2	  f9:0x44293da8  f2:0x80000000 f14=0x44293da8
     376035.000 ns	     37602	80007c58	11cca8d3	fmul.s	f17,f25,f28	 f25:0x3ef5f8bc f28:0x7fc00000 f17=0x7fc00000
     376065.000 ns	     37605	80007c5c	200514d3	fsgnjn.s	f9,f10,f0	 f10:0xc1e296ff  f0:0x7b83e000  f9=0xc1e296ff
     376095.000 ns	     37608	80007c60	20eaadd3	fsgnjx.s	f27,f21,f14	 f21:0x3ef5f8bc f14:0x44293da8 f27=0x3ef5f8bc
     376115.000 ns	     37610	80007c64	8688ac13	slti	x24,x17,-1944	 x17:0x00000000 x24=0x00000000
     376135.000 ns	     37612	80007c68	a19f9f53	flt.s	x30,f31,f25	 f31:0x00000000 f25:0x3ef5f8bc x30=0x00000001
     376165.000 ns	     37615	80007c6c	036995b3	mulh	x11,x19,x22	 x19:0x00000000 x22:0x00000000 x11=0x00000000
     376185.000 ns	     37617	80007c70	53abe113	ori	x2,x23,1338	 x23:0x00000601  x2=0x0000073b
     376195.000 ns	     37618	80007c74	b9250b13	addi	x22,x10,-1134	 x10:0xc1e296ff x22=0xc1e29291
     376205.000 ns	     37619	80007c78	00000013	addi	x0,x0,0	  x0:0x00000000
     376225.000 ns	     37621	80007c7c	20b30e53	fsgnj.s	f28,f6,f11	  f6:0x5a570d0e f11:0x00000000 f28=0x5a570d0e
     376245.000 ns	     37623	80007c80	4087d6b3	sra	x13,x15,x8	 x15:0xfffffbc6  x8:0x00000000 x13=0xfffffbc6
     376255.000 ns	     37624	80007c84	41940a33	sub	x20,x8,x25	  x8:0x00000000 x25:0x00000000 x20=0x00000000
     376275.000 ns	     37626	80007c88	e00b0bd3	fmv.x.w	x23,f22	 f22:0x7fc00000 x23=0x7fc00000
     376295.000 ns	     37628	80007c8c	00bb2133	slt	x2,x22,x11	 x22:0xc1e29291 x11:0x00000000  x2=0x00000001
     376305.000 ns	     37629	80007c90	e6a92897	auipc	x17,0xe6a92	 x17=0x66a99c90
     376325.000 ns	     37631	80007c94	c0133dd3	fcvt.wu.s	x27,f6	  f6:0x5a570d0e x27=0xffffffff
     376345.000 ns	     37633	80007c98	00b08a33	add	x20,x1,x11	  x1:0x00000001 x11:0x00000000 x20=0x00000001
     376355.000 ns	     37634	80007c9c	41298433	sub	x8,x19,x18	 x19:0x00000000 x18:0xc1e29700  x8=0x3e1d6900
     376365.000 ns	     37635	80007ca0	01a283b3	add	x7,x5,x26	  x5:0x00000000 x26:0x00000001  x7=0x00000001
     376375.000 ns	     37636	80007ca4	409ad3b3	sra	x7,x21,x9	 x21:0x00000041  x9:0x80041024  x7=0x00000004
     376385.000 ns	     37637	80007ca8	00dab9b3	sltu	x19,x21,x13	 x21:0x00000041 x13:0xfffffbc6 x19=0x00000001
     376405.000 ns	     37639	80007cac	d00472d3	fcvt.s.w	f5,x8	  x8:0x3e1d6900  f5=0x4e7875a4
     376425.000 ns	     37641	80007cb0	01d0e1b3	or	x3,x1,x29	  x1:0x00000001 x29:0xffffffff  x3=0xffffffff
     376445.000 ns	     37643	80007cb4	0210bbb3	mulhu	x23,x1,x1	  x1:0x00000001  x1:0x00000001 x23=0x00000000
     376475.000 ns	     37646	80007cb8	f00f0353	fmv.w.x	f6,x30	 x30:0x00000001  f6=0x00000001
     376495.000 ns	     37648	80007cbc	011a78b3	and	x17,x20,x17	 x20:0x00000001 x17:0x66a99c90 x17=0x00000000
     376505.000 ns	     37649	80007cc0	c8346d37	lui	x26,0xc8346	 x26=0xc8346000
     376535.000 ns	     37652	80007cc4	10397ad3	fmul.s	f21,f18,f3	 f18:0xc60c3a18  f3:0x80000000 f21=0x00000000
     376585.000 ns	     37657	80007cc8	091a94d3	fsub.s	f9,f21,f17	 f21:0x3ef5f8bc f17:0x7fc00000  f9=0x7fc00000
     376635.000 ns	     37662	80007ccc	08e597d3	fsub.s	f15,f11,f14	 f11:0x00000000 f14:0x44293da8 f15=0xc4293da8
     376665.000 ns	     37665	80007cd0	291e00d3	fmin.s	f1,f28,f17	 f28:0x5a570d0e f17:0x7fc00000  f1=0x5a570d0e
     376695.000 ns	     37668	80007cd4	02e8ae33	mulhsu	x28,x17,x14	 x17:0x00000000 x14:0xc1e296ff x28=0x00000000
     376715.000 ns	     37670	80007cd8	7f733193	sltiu	x3,x6,2039	  x6:0x00000000  x3=0x00000001
     376735.000 ns	     37672	80007cdc	a0740753	fle.s	x14,f8,f7	  f8:0x7fc00000  f7:0x5a570d0e x14=0x00000000
     376765.000 ns	     37675	80007ce0	210704d3	fsgnj.s	f9,f14,f16	 f14:0x44293da8 f16:0x00000000  f9=0x44293da8
     376795.000 ns	     37678	80007ce4	a0f30b53	fle.s	x22,f6,f15	  f6:0x00000001 f15:0xc4293da8 x22=0x00000000
     376825.000 ns	     37681	80007ce8	031a69b3	rem	x19,x20,x17	 x20:0x00000001 x17:0x00000000 x19=0x00000001
     376845.000 ns	     37683	80007cec	a274a593	slti	x11,x9,-1497	  x9:0x80041024 x11=0x00000001
     376865.000 ns	     37685	80007cf0	29a21d53	fmax.s	f26,f4,f26	  f4:0x00000000 f26:0x00000000 f26=0x00000000
     376885.000 ns	     37687	80007cf4	013cc233	xor	x4,x25,x19	 x25:0x00000000 x19:0x00000001  x4=0x00000001
     377245.000 ns	     37723	80007cf8	02bc5633	divu	x12,x24,x11	 x24:0x00000000 x11:0x00000001 x12=0x00000000
     378425.000 ns	     37841	80007cfc	580018d3	fsqrt.s	f17,f0	  f0:0x7b83e000 f17=0x5d81ec20
     378795.000 ns	     37878	80007d00	021748b3	div	x17,x14,x1	 x14:0x00000000  x1:0x00000001 x17=0x00000000
     378825.000 ns	     37881	80007d04	20f82f53	fsgnjx.s	f30,f16,f15	 f16:0x00000000 f15:0xc4293da8 f30=0x80000000
     378855.000 ns	     37884	80007d08	f00d09d3	fmv.w.x	f19,x26	 x26:0xc8346000 f19=0xc8346000
     378885.000 ns	     37887	80007d0c	a0882e53	feq.s	x28,f16,f8	 f16:0x00000000  f8:0x7fc00000 x28=0x00000000
     378905.000 ns	     37889	80007d10	01741f33	sll	x30,x8,x23	  x8:0x3e1d6900 x23:0x00000000 x30=0x3e1d6900
     378915.000 ns	     37890	80007d14	ccb88213	addi	x4,x17,-821	 x17:0x00000000  x4=0xfffffccb
     378935.000 ns	     37892	80007d18	2103a2d3	fsgnjx.s	f5,f7,f16	  f7:0x5a570d0e f16:0x00000000  f5=0x5a570d0e
     379305.000 ns	     37929	80007d1c	022d7eb3	remu	x29,x26,x2	 x26:0xc8346000  x2:0x00000001 x29=0x00000000
     379675.000 ns	     37966	80007d20	02385c33	divu	x24,x16,x3	 x16:0x00000001  x3:0x00000001 x24=0x00000001
     379695.000 ns	     37968	80007d24	41918233	sub	x4,x3,x25	  x3:0x00000001 x25:0x00000000  x4=0x00000001
     379715.000 ns	     37970	80007d28	20988dd3	fsgnj.s	f27,f17,f9	 f17:0x5d81ec20  f9:0x44293da8 f27=0x5d81ec20
     379765.000 ns	     37975	80007d2c	01517253	fadd.s	f4,f2,f21	  f2:0x80000000 f21:0x00000000  f4=0x00000000
     379785.000 ns	     37977	80007d30	0002b333	sltu	x6,x5,x0	  x5:0x00000000  x0:0x00000000  x6=0x00000000
     379815.000 ns	     37980	80007d34	580176d3	fsqrt.s	f13,f2	  f2:0x80000000 f13=0x80000000
     379835.000 ns	     37982	80007d38	414c0433	sub	x8,x24,x20	 x24:0x00000001 x20:0x00000001  x8=0x00000000
     379845.000 ns	     37983	80007d3c	0048d2b3	srl	x5,x17,x4	 x17:0x00000000  x4:0x00000001  x5=0x00000000
     379855.000 ns	     37984	80007d40	a99a0e17	auipc	x28,0xa99a0	 x28=0x299a7d40
     379865.000 ns	     37985	80007d44	01b67633	and	x12,x12,x27	 x12:0x00000000 x27:0xffffffff x12=0x00000000
     379895.000 ns	     37988	80007d48	117cf053	fmul.s	f0,f25,f23	 f25:0x3ef5f8bc f23:0x7fc00000  f0=0x7fc00000
     379915.000 ns	     37990	80007d4c	01927033	and	x0,x4,x25	  x4:0x00000001 x25:0x00000000
     379925.000 ns	     37991	80007d50	01f056b3	srl	x13,x0,x31	  x0:0x00000000 x31:0x80040fe4 x13=0x00000000
     379935.000 ns	     37992	80007d54	02060113	addi	x2,x12,32	 x12:0x00000000  x2=0x00000020
     379945.000 ns	     37993	80007d58	a8407413	andi	x8,x0,-1404	  x0:0x00000000  x8=0x00000000
     379965.000 ns	     37995	80007d5c	207529d3	fsgnjx.s	f19,f10,f7	 f10:0xc1e296ff  f7:0x5a570d0e f19=0xc1e296ff
     380335.000 ns	     38032	80007d60	02107db3	remu	x27,x0,x1	  x0:0x00000000  x1:0x00000001 x27=0x00000000
     380705.000 ns	     38069	80007d64	02787cb3	remu	x25,x16,x7	 x16:0x00000001  x7:0x00000004 x25=0x00000001
     380745.000 ns	     38073	80007d68	580185d3	fsqrt.s	f11,f3	  f3:0x80000000 f11=0x80000000
     380765.000 ns	     38075	80007d6c	011708b3	add	x17,x14,x17	 x14:0x00000000 x17:0x00000000 x17=0x00000000
     380785.000 ns	     38077	80007d70	02645433	divu	x8,x8,x6	  x8:0x00000000  x6:0x00000000  x8=0xffffffff
     380815.000 ns	     38080	80007d74	029f00b3	mul	x1,x30,x9	 x30:0x3e1d6900  x9:0x80041024  x1=0x36b2c400
     380845.000 ns	     38083	80007d78	037361b3	rem	x3,x6,x23	  x6:0x00000000 x23:0x00000000  x3=0x00000000
     380865.000 ns	     38085	80007d7c	8edb4f13	xori	x30,x22,-1811	 x22:0x00000000 x30=0xfffff8ed
     380885.000 ns	     38087	80007d80	f00f86d3	fmv.w.x	f13,x31	 x31:0x80040fe4 f13=0x80040fe4
     380915.000 ns	     38090	80007d84	e00e0853	fmv.x.w	x16,f28	 f28:0x5a570d0e x16=0x5a570d0e
     380935.000 ns	     38092	80007d88	00f73e33	sltu	x28,x14,x15	 x14:0x00000000 x15:0xfffffbc6 x28=0x00000001
     380955.000 ns	     38094	80007d8c	20932f53	fsgnjx.s	f30,f6,f9	  f6:0x00000001  f9:0x44293da8 f30=0x00000001
     381325.000 ns	     38131	80007d90	03ef52b3	divu	x5,x30,x30	 x30:0xfffff8ed x30:0xfffff8ed  x5=0x00000001
     381355.000 ns	     38134	80007d94	20fb9353	fsgnjn.s	f6,f23,f15	 f23:0x7fc00000 f15:0xc4293da8  f6=0x7fc00000
     381385.000 ns	     38137	80007d98	20bf95d3	fsgnjn.s	f11,f31,f11	 f31:0x00000000 f11:0x80000000 f11=0x00000000
     381415.000 ns	     38140	80007d9c	02c3deb3	divu	x29,x7,x12	  x7:0x00000004 x12:0x00000000 x29=0xffffffff
     381435.000 ns	     38142	80007da0	4072d693	srai	x13,x5,0x7	  x5:0x00000001 x13=0x00000000
     381455.000 ns	     38144	80007da4	a1bf29d3	feq.s	x19,f30,f27	 f30:0x00000001 f27:0x5d81ec20 x19=0x00000000
     381485.000 ns	     38147	80007da8	21818dd3	fsgnj.s	f27,f3,f24	  f3:0x80000000 f24:0x7fc00000 f27=0x00000000
     381855.000 ns	     38184	80007dac	034beb33	rem	x22,x23,x20	 x23:0x00000000 x20:0x00000001 x22=0x00000000
     381875.000 ns	     38186	80007db0	019c0bb3	add	x23,x24,x25	 x24:0x00000001 x25:0x00000001 x23=0x00000002
     381895.000 ns	     38188	80007db4	217f9453	fsgnjn.s	f8,f31,f23	 f31:0x00000000 f23:0x7fc00000  f8=0x80000000
     381915.000 ns	     38190	80007db8	3ea15917	auipc	x18,0x3ea15	 x18=0xbea1cdb8
     381945.000 ns	     38193	80007dbc	117f39d3	fmul.s	f19,f30,f23	 f30:0x00000001 f23:0x7fc00000 f19=0x7fc00000
     381965.000 ns	     38195	80007dc0	00000013	addi	x0,x0,0	  x0:0x00000000
     381985.000 ns	     38197	80007dc4	205e2ed3	fsgnjx.s	f29,f28,f5	 f28:0x5a570d0e  f5:0x5a570d0e f29=0x5a570d0e
     382015.000 ns	     38200	80007dc8	d01329d3	fcvt.s.wu	f19,x6	  x6:0x00000000 f19=0x00000000
     382035.000 ns	     38202	80007dcc	01bbc033	xor	x0,x23,x27	 x23:0x00000002 x27:0x00000000
     382045.000 ns	     38203	80007dd0	fe103117	auipc	x2,0xfe103	  x2=0x7e10add0
     382055.000 ns	     38204	80007dd4	01009313	slli	x6,x1,0x10	  x1:0x36b2c400  x6=0xc4000000
     382385.000 ns	     38237	80007dd8	1850a953	fdiv.s	f18,f1,f5	  f1:0x5a570d0e  f5:0x5a570d0e f18=0x3f570d0e
     382415.000 ns	     38240	80007ddc	a1df0dd3	fle.s	x27,f30,f29	 f30:0x00000001 f29:0x5a570d0e x27=0x00000001
     382785.000 ns	     38277	80007de0	02ffce33	div	x28,x31,x15	 x31:0x80040fe4 x15:0xfffffbc6 x28=0x001e47e9
     382805.000 ns	     38279	80007de4	01ca3bb3	sltu	x23,x20,x28	 x20:0x00000001 x28:0x00000001 x23=0x00000001
     382815.000 ns	     38280	80007de8	84f2d737	lui	x14,0x84f2d	 x14=0x84f2d000
     382835.000 ns	     38282	80007dec	a1358ed3	fle.s	x29,f11,f19	 f11:0x00000000 f19:0x00000000 x29=0x00000001
     382855.000 ns	     38284	80007df0	4007d713	srai	x14,x15,0x0	 x15:0xfffffbc6 x14=0xfffffbc6
     382865.000 ns	     38285	80007df4	01825a93	srli	x21,x4,0x18	  x4:0x00000001 x21=0x00000000
     382875.000 ns	     38286	80007df8	00ffa1b3	slt	x3,x31,x15	 x31:0x80040fe4 x15:0xfffffbc6  x3=0x00000001
     382885.000 ns	     38287	80007dfc	585c8113	addi	x2,x25,1413	 x25:0x00000001  x2=0x00000586
     382895.000 ns	     38288	80007e00	368a6db7	lui	x27,0x368a6	 x27=0x368a6000
     382905.000 ns	     38289	80007e04	7573ec37	lui	x24,0x7573e	 x24=0x7573e000
     382935.000 ns	     38292	80007e08	18b1c553	fdiv.s	f10,f3,f11	  f3:0x80000000 f11:0x00000000 f10=0x7fc00000
     382955.000 ns	     38294	80007e0c	0088d6b3	srl	x13,x17,x8	 x17:0x00000000  x8:0xffffffff x13=0x00000000
     383315.000 ns	     38330	80007e10	032278b3	remu	x17,x4,x18	  x4:0x00000001 x18:0xbea1cdb8 x17=0x00000001
     383345.000 ns	     38333	80007e14	20382053	fsgnjx.s	f0,f16,f3	 f16:0x00000000  f3:0x80000000  f0=0x80000000
     383365.000 ns	     38335	80007e18	003913b3	sll	x7,x18,x3	 x18:0xbea1cdb8  x3:0x00000001  x7=0x7d439b70
     383385.000 ns	     38337	80007e1c	a148ac53	feq.s	x24,f17,f20	 f17:0x5d81ec20 f20:0x7fc00000 x24=0x00000000
     383415.000 ns	     38340	80007e20	29338c53	fmin.s	f24,f7,f19	  f7:0x5a570d0e f19:0x00000000 f24=0x00000000
     383445.000 ns	     38343	80007e24	e0050e53	fmv.x.w	x28,f10	 f10:0x7fc00000 x28=0x7fc00000
     383475.000 ns	     38346	80007e28	c015aad3	fcvt.wu.s	x21,f11	 f11:0x00000000 x21=0x00000000
     383515.000 ns	     38350	80007e2c	5807f8d3	fsqrt.s	f17,f15	 f15:0xc4293da8 f17=0x7fc00000
     383545.000 ns	     38353	80007e30	28ce12d3	fmax.s	f5,f28,f12	 f28:0x5a570d0e f12:0x00000000  f5=0x5a570d0e
     383565.000 ns	     38355	80007e34	94689e97	auipc	x29,0x94689	 x29=0x14690e34
     383575.000 ns	     38356	80007e38	41dbd333	sra	x6,x23,x29	 x23:0x00000001 x29:0x00000001  x6=0x00000000
     383595.000 ns	     38358	80007e3c	a07b0e53	fle.s	x28,f22,f7	 f22:0x7fc00000  f7:0x5a570d0e x28=0x00000000
     383625.000 ns	     38361	80007e40	d00ffdd3	fcvt.s.w	f27,x31	 x31:0x80040fe4 f27=0xcefff7e0
     383645.000 ns	     38363	80007e44	bcf6e193	ori	x3,x13,-1073	 x13:0x00000000  x3=0xfffffbcf
     383665.000 ns	     38365	80007e48	02d22e33	mulhsu	x28,x4,x13	  x4:0x00000001 x13:0x00000000 x28=0x00000000
     383685.000 ns	     38367	80007e4c	40725933	sra	x18,x4,x7	  x4:0x00000001  x7:0x7d439b70 x18=0x00000000
     383705.000 ns	     38369	80007e50	c00ac053	fcvt.w.s	x0,f21	 f21:0x00000000
     383725.000 ns	     38371	80007e54	016df233	and	x4,x27,x22	 x27:0x368a6000 x22:0x00000000  x4=0x00000000
     383735.000 ns	     38372	80007e58	1514bc13	sltiu	x24,x9,337	  x9:0x80041024 x24=0x00000000
     383745.000 ns	     38373	80007e5c	e3e46b13	ori	x22,x8,-450	  x8:0xffffffff x22=0xffffffff
     383755.000 ns	     38374	80007e60	41818933	sub	x18,x3,x24	  x3:0xfffffbcf x24:0x00000000 x18=0xfffffbcf
     383775.000 ns	     38376	80007e64	c0159cd3	fcvt.wu.s	x25,f11	 f11:0x00000000 x25=0x00000000
     383805.000 ns	     38379	80007e68	e0051c53	fclass.s	x24,f10	 f10:0x7fc00000 x24=0x00000200
     383825.000 ns	     38381	80007e6c	0d980a93	addi	x21,x16,217	 x16:0x5a570d0e x21=0x5a570de7
     383835.000 ns	     38382	80007e70	6c68a693	slti	x13,x17,1734	 x17:0x00000001 x13=0x00000001
     383855.000 ns	     38384	80007e74	a02e2653	feq.s	x12,f28,f2	 f28:0x5a570d0e  f2:0x80000000 x12=0x00000000
     383875.000 ns	     38386	80007e78	00236ab3	or	x21,x6,x2	  x6:0x00000000  x2:0x00000586 x21=0x00000586
     383905.000 ns	     38389	80007e7c	580277d3	fsqrt.s	f15,f4	  f4:0x00000000 f15=0x00000000
     383925.000 ns	     38391	80007e80	00a6d633	srl	x12,x13,x10	 x13:0x00000001 x10:0xc1e296ff x12=0x00000000
     383935.000 ns	     38392	80007e84	018e7db3	and	x27,x28,x24	 x28:0x00000000 x24:0x00000200 x27=0x00000000
     383945.000 ns	     38393	80007e88	d31e3b97	auipc	x23,0xd31e3	 x23=0x531eae88
     383955.000 ns	     38394	80007e8c	00401b33	sll	x22,x0,x4	  x0:0x00000000  x4:0x00000000 x22=0x00000000
     383985.000 ns	     38397	80007e90	19a713d3	fdiv.s	f7,f14,f26	 f14:0x44293da8 f26:0x00000000  f7=0x7f800000
     385045.000 ns	     38503	80007e94	58077753	fsqrt.s	f14,f14	 f14:0x44293da8 f14=0x416f574c
     385415.000 ns	     38540	80007e98	0359d3b3	divu	x7,x19,x21	 x19:0x00000000 x21:0x00000586  x7=0x00000000
     385445.000 ns	     38543	80007e9c	f00c8153	fmv.w.x	f2,x25	 x25:0x00000000  f2=0x00000000
     385475.000 ns	     38546	80007ea0	29949ed3	fmax.s	f29,f9,f25	  f9:0x44293da8 f25:0x3ef5f8bc f29=0x44293da8
     385845.000 ns	     38583	80007ea4	03a965b3	rem	x11,x18,x26	 x18:0xfffffbcf x26:0xc8346000 x11=0xfffffbcf
     385865.000 ns	     38585	80007ea8	017f6a33	or	x20,x30,x23	 x30:0xfffff8ed x23:0x531eae88 x20=0xfffffeed
     386225.000 ns	     38621	80007eac	03abed33	rem	x26,x23,x26	 x23:0x531eae88 x26:0xc8346000 x26=0x1b530e88
     386245.000 ns	     38623	80007eb0	01c0bc33	sltu	x24,x1,x28	  x1:0x36b2c400 x28:0x00000000 x24=0x00000000
     386255.000 ns	     38624	80007eb4	00e85e33	srl	x28,x16,x14	 x16:0x5a570d0e x14:0xfffffbc6 x28=0x01695c34
     386265.000 ns	     38625	80007eb8	52affdb7	lui	x27,0x52aff	 x27=0x52aff000
     386285.000 ns	     38627	80007ebc	a14b22d3	feq.s	x5,f22,f20	 f22:0x7fc00000 f20:0x7fc00000  x5=0x00000000
     386315.000 ns	     38630	80007ec0	02c570b3	remu	x1,x10,x12	 x10:0xc1e296ff x12:0x00000000  x1=0xc1e296ff
     386345.000 ns	     38633	80007ec4	f00405d3	fmv.w.x	f11,x8	  x8:0xffffffff f11=0xffffffff
     386365.000 ns	     38635	80007ec8	cc3df013	andi	x0,x27,-829	 x27:0x52aff000
     386385.000 ns	     38637	80007ecc	03e28c33	mul	x24,x5,x30	  x5:0x00000000 x30:0xfffff8ed x24=0x00000000
     386415.000 ns	     38640	80007ed0	024220b3	mulhsu	x1,x4,x4	  x4:0x00000000  x4:0x00000000  x1=0x00000000
     386455.000 ns	     38644	80007ed4	1949f553	fdiv.s	f10,f19,f20	 f19:0x00000000 f20:0x7fc00000 f10=0x7fc00000
     386485.000 ns	     38647	80007ed8	c01870d3	fcvt.wu.s	x1,f16	 f16:0x00000000  x1=0x00000000
     386505.000 ns	     38649	80007edc	c3684613	xori	x12,x16,-970	 x16:0x5a570d0e x12=0xa5a8f138
     386525.000 ns	     38651	80007ee0	a07b9053	flt.s	x0,f23,f7	 f23:0x7fc00000  f7:0x7f800000
     386545.000 ns	     38653	80007ee4	01b018b3	sll	x17,x0,x27	  x0:0x00000000 x27:0x52aff000 x17=0x00000000
     386565.000 ns	     38655	80007ee8	a1b51053	flt.s	x0,f10,f27	 f10:0x7fc00000 f27:0xcefff7e0
     386595.000 ns	     38658	80007eec	02b7acb3	mulhsu	x25,x15,x11	 x15:0xfffffbc6 x11:0xfffffbcf x25=0xfffffbc6
     386645.000 ns	     38663	80007ef0	089f2153	fsub.s	f2,f30,f9	 f30:0x00000001  f9:0x44293da8  f2=0xc4293da8
     386665.000 ns	     38665	80007ef4	01dfdc93	srli	x25,x31,0x1d	 x31:0x80040fe4 x25=0x00000004
     386675.000 ns	     38666	80007ef8	00a3e0b3	or	x1,x7,x10	  x7:0x00000000 x10:0xc1e296ff  x1=0xc1e296ff
     386695.000 ns	     38668	80007efc	a1eb9a53	flt.s	x20,f23,f30	 f23:0x7fc00000 f30:0x00000001 x20=0x00000000
     387065.000 ns	     38705	80007f00	02b47433	remu	x8,x8,x11	  x8:0xffffffff x11:0xfffffbcf  x8=0x00000430
     387085.000 ns	     38707	80007f04	00318b33	add	x22,x3,x3	  x3:0xfffffbcf  x3:0xfffffbcf x22=0xfffff79e
     387105.000 ns	     38709	80007f08	c01fab53	fcvt.wu.s	x22,f31	 f31:0x00000000 x22=0x00000000
     387145.000 ns	     38713	80007f0c	10199b53	fmul.s	f22,f19,f1	 f19:0x00000000  f1:0x5a570d0e f22=0x00000000
     387165.000 ns	     38715	80007f10	00000013	addi	x0,x0,0	  x0:0x00000000
     387185.000 ns	     38717	80007f14	c015c853	fcvt.wu.s	x16,f11	 f11:0xffffffff x16=0xffffffff
     387215.000 ns	     38720	80007f18	21908753	fsgnj.s	f14,f1,f25	  f1:0x5a570d0e f25:0x3ef5f8bc f14=0x5a570d0e
     387235.000 ns	     38722	80007f1c	01611c93	slli	x25,x2,0x16	  x2:0x00000586 x25=0x61800000
     387255.000 ns	     38724	80007f20	21f91fd3	fsgnjn.s	f31,f18,f31	 f18:0x3f570d0e f31:0x00000000 f31=0xbf570d0e
     387275.000 ns	     38726	80007f24	000830b3	sltu	x1,x16,x0	 x16:0xffffffff  x0:0x00000000  x1=0x00000000
     387285.000 ns	     38727	80007f28	10707f13	andi	x30,x0,263	  x0:0x00000000 x30=0x00000000
     387295.000 ns	     38728	80007f2c	011bdb13	srli	x22,x23,0x11	 x23:0x531eae88 x22=0x0000298f
     387315.000 ns	     38730	80007f30	c0014253	fcvt.w.s	x4,f2	  f2:0xc4293da8  x4=0xfffffd5b
     387335.000 ns	     38732	80007f34	00f01a93	slli	x21,x0,0xf	  x0:0x00000000 x21=0x00000000
     387355.000 ns	     38734	80007f38	c00f0753	fcvt.w.s	x14,f30	 f30:0x00000001 x14=0x00000000
     387375.000 ns	     38736	80007f3c	01e3c933	xor	x18,x7,x30	  x7:0x00000000 x30:0x00000000 x18=0x00000000
     387395.000 ns	     38738	80007f40	a05e8253	fle.s	x4,f29,f5	 f29:0x44293da8  f5:0x5a570d0e  x4=0x00000001
     387425.000 ns	     38741	80007f44	c00aba53	fcvt.w.s	x20,f21	 f21:0x00000000 x20=0x00000000
     387455.000 ns	     38744	80007f48	03279b33	mulh	x22,x15,x18	 x15:0xfffffbc6 x18:0x00000000 x22=0x00000000
     387475.000 ns	     38746	80007f4c	3c4a4613	xori	x12,x20,964	 x20:0x00000000 x12=0x000003c4
     387505.000 ns	     38749	80007f50	180a4dd3	fdiv.s	f27,f20,f0	 f20:0x7fc00000  f0:0x80000000 f27=0x7fc00000
     387535.000 ns	     38752	80007f54	c004f153	fcvt.w.s	x2,f9	  f9:0x44293da8  x2=0x000002a4
     387565.000 ns	     38755	80007f58	21ac9dd3	fsgnjn.s	f27,f25,f26	 f25:0x3ef5f8bc f26:0x00000000 f27=0xbef5f8bc
     387585.000 ns	     38757	80007f5c	005f8e33	add	x28,x31,x5	 x31:0x80040fe4  x5:0x00000000 x28=0x80040fe4
     387595.000 ns	     38758	80007f60	0173a933	slt	x18,x7,x23	  x7:0x00000000 x23:0x531eae88 x18=0x00000001
     387615.000 ns	     38760	80007f64	d0140753	fcvt.s.wu	f14,x8	  x8:0x00000430 f14=0x44860000
     387645.000 ns	     38763	80007f68	a15fa353	feq.s	x6,f31,f21	 f31:0xbf570d0e f21:0x00000000  x6=0x00000000
     388015.000 ns	     38800	80007f6c	02bfcb33	div	x22,x31,x11	 x31:0x80040fe4 x11:0xfffffbcf x22=0x001e88ee
     388035.000 ns	     38802	80007f70	ae77f893	andi	x17,x15,-1305	 x15:0xfffffbc6 x17=0xfffffac6
     388045.000 ns	     38803	80007f74	006ad133	srl	x2,x21,x6	 x21:0x00000000  x6:0x00000000  x2=0x00000000
     388055.000 ns	     38804	80007f78	01537633	and	x12,x6,x21	  x6:0x00000000 x21:0x00000000 x12=0x00000000
     388065.000 ns	     38805	80007f7c	40f1db93	srai	x23,x3,0xf	  x3:0xfffffbcf x23=0xffffffff
     388085.000 ns	     38807	80007f80	c008bcd3	fcvt.w.s	x25,f17	 f17:0x7fc00000 x25=0x7fffffff
     388115.000 ns	     38810	80007f84	c01d7753	fcvt.wu.s	x14,f26	 f26:0x00000000 x14=0x00000000
     388145.000 ns	     38813	80007f88	20b49353	fsgnjn.s	f6,f9,f11	  f9:0x44293da8 f11:0xffffffff  f6=0x44293da8
     388175.000 ns	     38816	80007f8c	209a87d3	fsgnj.s	f15,f21,f9	 f21:0x00000000  f9:0x44293da8 f15=0x00000000
     388205.000 ns	     38819	80007f90	287712d3	fmax.s	f5,f14,f7	 f14:0x44860000  f7:0x7f800000  f5=0x7f800000
     388225.000 ns	     38821	80007f94	41ec81b3	sub	x3,x25,x30	 x25:0x7fffffff x30:0x00000000  x3=0x7fffffff
     388235.000 ns	     38822	80007f98	8c3dac13	slti	x24,x27,-1853	 x27:0x52aff000 x24=0x00000000
     388265.000 ns	     38825	80007f9c	10623653	fmul.s	f12,f4,f6	  f4:0x00000000  f6:0x44293da8 f12=0x00000000
     388285.000 ns	     38827	80007fa0	9c216c93	ori	x25,x2,-1598	  x2:0x00000000 x25=0xfffff9c2
     388295.000 ns	     38828	80007fa4	a6cc4993	xori	x19,x24,-1428	 x24:0x00000000 x19=0xfffffa6c
     388315.000 ns	     38830	80007fa8	f00f8c53	fmv.w.x	f24,x31	 x31:0x80040fe4 f24=0x80040fe4
     388345.000 ns	     38833	80007fac	218c2c53	fsgnjx.s	f24,f24,f24	 f24:0x00000000 f24:0x00000000 f24=0x00040fe4
     388365.000 ns	     38835	80007fb0	f04daf13	slti	x30,x27,-252	 x27:0x52aff000 x30=0x00000000
     388375.000 ns	     38836	80007fb4	000553b3	srl	x7,x10,x0	 x10:0xc1e296ff  x0:0x00000000  x7=0xc1e296ff
     388395.000 ns	     38838	80007fb8	d01cfa53	fcvt.s.wu	f20,x25	 x25:0xfffff9c2 f20=0x4f7ffff9
     388415.000 ns	     38840	80007fbc	0140db13	srli	x22,x1,0x14	  x1:0x00000000 x22=0x00000000
     389585.000 ns	     38957	80007fc0	5800f553	fsqrt.s	f10,f1	  f1:0x5a570d0e f10=0x4c981063
     389635.000 ns	     38962	80007fc4	01cfa3d3	fadd.s	f7,f31,f28	 f31:0xbf570d0e f28:0x5a570d0e  f7=0x5a570d0e
     389655.000 ns	     38964	80007fc8	0046d913	srli	x18,x13,0x4	 x13:0x00000001 x18=0x00000000
     389665.000 ns	     38965	80007fcc	55682837	lui	x16,0x55682	 x16=0x55682000
     389695.000 ns	     38968	80007fd0	1979f653	fdiv.s	f12,f19,f23	 f19:0x00000000 f23:0x7fc00000 f12=0x7fc00000
     389715.000 ns	     38970	80007fd4	01cb5013	srli	x0,x22,0x1c	 x22:0x00000000
     389725.000 ns	     38971	80007fd8	01f2d3b3	srl	x7,x5,x31	  x5:0x00000000 x31:0x80040fe4  x7=0x00000000
     390085.000 ns	     39007	80007fdc	030d7733	remu	x14,x26,x16	 x26:0x1b530e88 x16:0x55682000 x14=0x1b530e88
     390105.000 ns	     39009	80007fe0	a2064993	xori	x19,x12,-1504	 x12:0x00000000 x19=0xfffffa20
     390115.000 ns	     39010	80007fe4	10e6a813	slti	x16,x13,270	 x13:0x00000001 x16=0x00000001
     390135.000 ns	     39012	80007fe8	e0021453	fclass.s	x8,f4	  f4:0x00000000  x8=0x00000010
     390165.000 ns	     39015	80007fec	a0d41653	flt.s	x12,f8,f13	  f8:0x80000000 f13:0x80040fe4 x12=0x00000000
     390185.000 ns	     39017	80007ff0	006e4633	xor	x12,x28,x6	 x28:0x80040fe4  x6:0x00000000 x12=0x80040fe4
     390195.000 ns	     39018	80007ff4	bd243013	sltiu	x0,x8,-1070	  x8:0x00000010
     390215.000 ns	     39020	80007ff8	215123d3	fsgnjx.s	f7,f2,f21	  f2:0xc4293da8 f21:0x00000000  f7=0xc4293da8
     390245.000 ns	     39023	80007ffc	a16c1bd3	flt.s	x23,f24,f22	 f24:0x00040fe4 f22:0x00000000 x23=0x00000000
     390265.000 ns	     39025	80008000	00571eb3	sll	x29,x14,x5	 x14:0x1b530e88  x5:0x00000000 x29=0x1b530e88
     390285.000 ns	     39027	80008004	c01f9953	fcvt.wu.s	x18,f31	 f31:0xbf570d0e x18=0x00000000
     390315.000 ns	     39030	80008008	a0182ad3	feq.s	x21,f16,f1	 f16:0x00000000  f1:0x5a570d0e x21=0x00000000
     390685.000 ns	     39067	8000800c	023b5eb3	divu	x29,x22,x3	 x22:0x00000000  x3:0x7fffffff x29=0x00000000
     390705.000 ns	     39069	80008010	40012c93	slti	x25,x2,1024	  x2:0x00000000 x25=0x00000001
     390715.000 ns	     39070	80008014	165d4893	xori	x17,x26,357	 x26:0x1b530e88 x17=0x1b530fed
     390735.000 ns	     39072	80008018	c00ac253	fcvt.w.s	x4,f21	 f21:0x00000000  x4=0x00000000
     390765.000 ns	     39075	8000801c	f00404d3	fmv.w.x	f9,x8	  x8:0x00000010  f9=0x00000010
     390785.000 ns	     39077	80008020	49786d93	ori	x27,x16,1175	 x16:0x00000001 x27=0x00000497
     390805.000 ns	     39079	80008024	03ec58b3	divu	x17,x24,x30	 x24:0x00000000 x30:0x00000000 x17=0xffffffff
     390825.000 ns	     39081	80008028	404b5133	sra	x2,x22,x4	 x22:0x00000000  x4:0x00000000  x2=0x00000000
     390835.000 ns	     39082	8000802c	00000013	addi	x0,x0,0	  x0:0x00000000
     390845.000 ns	     39083	80008030	00a3f5b3	and	x11,x7,x10	  x7:0x00000000 x10:0xc1e296ff x11=0x00000000
     390855.000 ns	     39084	80008034	00b10ab3	add	x21,x2,x11	  x2:0x00000000 x11:0xfffffbcf x21=0x00000000
     390865.000 ns	     39085	80008038	f8637a93	andi	x21,x6,-122	  x6:0x00000000 x21=0x00000000
     390875.000 ns	     39086	8000803c	008549b3	xor	x19,x10,x8	 x10:0xc1e296ff  x8:0x00000010 x19=0xc1e296ef
     390895.000 ns	     39088	80008040	03dbeeb3	rem	x29,x23,x29	 x23:0x00000000 x29:0x00000000 x29=0x00000000
     390925.000 ns	     39091	80008044	03560633	mul	x12,x12,x21	 x12:0x80040fe4 x21:0x00000000 x12=0x00000000
     390945.000 ns	     39093	80008048	40b657b3	sra	x15,x12,x11	 x12:0x80040fe4 x11:0x00000000 x15=0x00000000
     390955.000 ns	     39094	8000804c	012069b3	or	x19,x0,x18	  x0:0x00000000 x18:0x00000000 x19=0x00000000
     390965.000 ns	     39095	80008050	41c65bb3	sra	x23,x12,x28	 x12:0x00000000 x28:0x80040fe4 x23=0x00000000
     391325.000 ns	     39131	80008054	0283fe33	remu	x28,x7,x8	  x7:0x00000000  x8:0x00000010 x28=0x00000000
     391345.000 ns	     39133	80008058	00740ab3	add	x21,x8,x7	  x8:0x00000010  x7:0x00000000 x21=0x00000010
     391365.000 ns	     39135	8000805c	03ccf733	remu	x14,x25,x28	 x25:0x00000001 x28:0x00000000 x14=0x00000001
     391385.000 ns	     39137	80008060	f95da117	auipc	x2,0xf95da	  x2=0x795e2060
     391405.000 ns	     39139	80008064	d01f41d3	fcvt.s.wu	f3,x30	 x30:0x00000000  f3=0x00000000
     391435.000 ns	     39142	80008068	e00281d3	fmv.x.w	x3,f5	  f5:0x7f800000  x3=0x7f800000
     391465.000 ns	     39145	8000806c	020fcb33	div	x22,x31,x0	 x31:0x80040fe4  x0:0x00000000 x22=0xffffffff
     391495.000 ns	     39148	80008070	03b31233	mulh	x4,x6,x27	  x6:0x00000000 x27:0x00000497  x4=0x00000000
     391515.000 ns	     39150	80008074	40fe07b3	sub	x15,x28,x15	 x28:0x00000000 x15:0x00000000 x15=0x00000000
     391535.000 ns	     39152	80008078	035085b3	mul	x11,x1,x21	  x1:0x00000000 x21:0x00000010 x11=0x00000000
     391565.000 ns	     39155	8000807c	a0648dd3	fle.s	x27,f9,f6	  f9:0x00000010  f6:0x44293da8 x27=0x00000001
     391595.000 ns	     39158	80008080	28af9c53	fmax.s	f24,f31,f10	 f31:0xbf570d0e f10:0x4c981063 f24=0x4c981063
     391615.000 ns	     39160	80008084	41c45093	srai	x1,x8,0x1c	  x8:0x00000010  x1=0x00000000
     391625.000 ns	     39161	80008088	004e5713	srli	x14,x28,0x4	 x28:0x00000000 x14=0x00000000
     391645.000 ns	     39163	8000808c	d00f7bd3	fcvt.s.w	f23,x30	 x30:0x00000000 f23=0x00000000
     391685.000 ns	     39167	80008090	10da2e53	fmul.s	f28,f20,f13	 f20:0x4f7ffff9 f13:0x80040fe4 f28=0x8e01fc7d
     391715.000 ns	     39170	80008094	c01b09d3	fcvt.wu.s	x19,f22	 f22:0x00000000 x19=0x00000000
     391735.000 ns	     39172	80008098	400b0033	sub	x0,x22,x0	 x22:0xffffffff  x0:0x00000000
     391745.000 ns	     39173	8000809c	d0248d93	addi	x27,x9,-766	  x9:0x80041024 x27=0x80040d26
     391755.000 ns	     39174	800080a0	70954913	xori	x18,x10,1801	 x10:0xc1e296ff x18=0xc1e291f6
     391775.000 ns	     39176	800080a4	e0089dd3	fclass.s	x27,f17	 f17:0x7fc00000 x27=0x00000200
     391805.000 ns	     39179	800080a8	02bcc3b3	div	x7,x25,x11	 x25:0x00000001 x11:0x00000000  x7=0xffffffff
     391835.000 ns	     39182	800080ac	c01dfbd3	fcvt.wu.s	x23,f27	 f27:0xbef5f8bc x23=0x00000000
     391885.000 ns	     39187	800080b0	008ff753	fadd.s	f14,f31,f8	 f31:0xbf570d0e  f8:0x80000000 f14=0xbf570d0e
     391915.000 ns	     39190	800080b4	e0000153	fmv.x.w	x2,f0	  f0:0x80000000  x2=0x80000000
     391935.000 ns	     39192	800080b8	6ec23093	sltiu	x1,x4,1772	  x4:0x00000000  x1=0x00000001
     391945.000 ns	     39193	800080bc	0171d713	srli	x14,x3,0x17	  x3:0x7f800000 x14=0x000000ff
     391965.000 ns	     39195	800080c0	d005fc53	fcvt.s.w	f24,x11	 x11:0x00000000 f24=0x00000000
     391985.000 ns	     39197	800080c4	407c5e13	srai	x28,x24,0x7	 x24:0x00000000 x28=0x00000000
     391995.000 ns	     39198	800080c8	00b65cb3	srl	x25,x12,x11	 x12:0x00000000 x11:0x00000000 x25=0x00000000
     392015.000 ns	     39200	800080cc	2118a353	fsgnjx.s	f6,f17,f17	 f17:0x7fc00000 f17:0x7fc00000  f6=0x7fc00000
     392035.000 ns	     39202	800080d0	001f8bb3	add	x23,x31,x1	 x31:0x80040fe4  x1:0x00000001 x23=0x80040fe5
     392045.000 ns	     39203	800080d4	00e01113	slli	x2,x0,0xe	  x0:0x00000000  x2=0x00000000
     392055.000 ns	     39204	800080d8	9425c017	auipc	x0,0x9425c	
     392065.000 ns	     39205	800080dc	00000013	addi	x0,x0,0	  x0:0x00000000
     392085.000 ns	     39207	800080e0	e00f83d3	fmv.x.w	x7,f31	 f31:0xbf570d0e  x7=0xbf570d0e
     392105.000 ns	     39209	800080e4	8a7f6793	ori	x15,x30,-1881	 x30:0x00000000 x15=0xfffff8a7
     392135.000 ns	     39212	800080e8	180572d3	fdiv.s	f5,f10,f0	 f10:0x4c981063  f0:0x80000000  f5=0xff800000
     392165.000 ns	     39215	800080ec	03529633	mulh	x12,x5,x21	  x5:0x00000000 x21:0x00000010 x12=0x00000000
     392195.000 ns	     39218	800080f0	d0190153	fcvt.s.wu	f2,x18	 x18:0xc1e291f6  f2=0x4f41e292
     392215.000 ns	     39220	800080f4	6ebb0213	addi	x4,x22,1771	 x22:0xffffffff  x4=0x000006ea
     392225.000 ns	     39221	800080f8	00c31a33	sll	x20,x6,x12	  x6:0x00000000 x12:0x00000000 x20=0x00000000
     392245.000 ns	     39223	800080fc	206727d3	fsgnjx.s	f15,f14,f6	 f14:0xbf570d0e  f6:0x7fc00000 f15=0xbf570d0e
     392265.000 ns	     39225	80008100	01d533b3	sltu	x7,x10,x29	 x10:0xc1e296ff x29:0x00000000  x7=0x00000000
     392275.000 ns	     39226	80008104	01988633	add	x12,x17,x25	 x17:0xffffffff x25:0x00000000 x12=0xffffffff
     392295.000 ns	     39228	80008108	0226b433	mulhu	x8,x13,x2	 x13:0x00000001  x2:0x00000000  x8=0x00000000
     392315.000 ns	     39230	8000810c	401dde93	srai	x29,x27,0x1	 x27:0x00000200 x29=0x00000100
     392325.000 ns	     39231	80008110	012a2f33	slt	x30,x20,x18	 x20:0x00000000 x18:0xc1e291f6 x30=0x00000000
     392335.000 ns	     39232	80008114	40f152b3	sra	x5,x2,x15	  x2:0x00000000 x15:0xfffff8a7  x5=0x00000000
     392345.000 ns	     39233	80008118	53db8113	addi	x2,x23,1341	 x23:0x80040fe5  x2=0x80041522
     392365.000 ns	     39235	8000811c	02931db3	mulh	x27,x6,x9	  x6:0x00000000  x9:0x80041024 x27=0x00000000
     392395.000 ns	     39238	80008120	03445b33	divu	x22,x8,x20	  x8:0x00000000 x20:0x00000000 x22=0xffffffff
     392415.000 ns	     39240	80008124	00f150b3	srl	x1,x2,x15	  x2:0x80041522 x15:0xfffff8a7  x1=0x0100082a
     392425.000 ns	     39241	80008128	83573a93	sltiu	x21,x14,-1995	 x14:0x000000ff x21=0x00000001
     392435.000 ns	     39242	8000812c	01f472b3	and	x5,x8,x31	  x8:0x00000000 x31:0x80040fe4  x5=0x00000000
     392455.000 ns	     39244	80008130	d00e9153	fcvt.s.w	f2,x29	 x29:0x00000100  f2=0x43800000
     392475.000 ns	     39246	80008134	013948b3	xor	x17,x18,x19	 x18:0xc1e291f6 x19:0x00000000 x17=0xc1e291f6
     392485.000 ns	     39247	80008138	bd555f17	auipc	x30,0xbd555	 x30=0x3d55d138
     392505.000 ns	     39249	8000813c	e00e92d3	fclass.s	x5,f29	 f29:0x44293da8  x5=0x00000040
     392525.000 ns	     39251	80008140	00fed793	srli	x15,x29,0xf	 x29:0x00000100 x15=0x00000000
     392545.000 ns	     39253	80008144	29eb12d3	fmax.s	f5,f22,f30	 f22:0x00000000 f30:0x00000001  f5=0x00000001
     392575.000 ns	     39256	80008148	a148aad3	feq.s	x21,f17,f20	 f17:0x7fc00000 f20:0x4f7ffff9 x21=0x00000000
     392605.000 ns	     39259	8000814c	c00c90d3	fcvt.w.s	x1,f25	 f25:0x3ef5f8bc  x1=0x00000000
     392635.000 ns	     39262	80008150	02212f33	mulhsu	x30,x2,x2	  x2:0x80041522  x2:0x80041522 x30=0xc0000010
     392675.000 ns	     39266	80008154	11a07d53	fmul.s	f26,f0,f26	  f0:0x80000000 f26:0x00000000 f26=0x80000000
     392705.000 ns	     39269	80008158	20ed8f53	fsgnj.s	f30,f27,f14	 f27:0xbef5f8bc f14:0xbf570d0e f30=0xbef5f8bc
     392735.000 ns	     39272	8000815c	f0048353	fmv.w.x	f6,x9	  x9:0x80041024  f6=0x80041024
     392775.000 ns	     39276	80008160	58027dd3	fsqrt.s	f27,f4	  f4:0x00000000 f27=0x00000000
     392795.000 ns	     39278	80008164	3c8fbe13	sltiu	x28,x31,968	 x31:0x80040fe4 x28=0x00000000
     392815.000 ns	     39280	80008168	a12528d3	feq.s	x17,f10,f18	 f10:0x4c981063 f18:0x3f570d0e x17=0x00000000
     392845.000 ns	     39283	8000816c	a0ff2e53	feq.s	x28,f30,f15	 f30:0xbef5f8bc f15:0xbf570d0e x28=0x00000000
     392865.000 ns	     39285	80008170	40b8d113	srai	x2,x17,0xb	 x17:0x00000000  x2=0x00000000
     392905.000 ns	     39289	80008174	08a49bd3	fsub.s	f23,f9,f10	  f9:0x00000010 f10:0x4c981063 f23=0xcc981063
     392925.000 ns	     39291	80008178	0076c833	xor	x16,x13,x7	 x13:0x00000001  x7:0x00000000 x16=0x00000001
     392945.000 ns	     39293	8000817c	e00203d3	fmv.x.w	x7,f4	  f4:0x00000000  x7=0x00000000
     392965.000 ns	     39295	80008180	006f5b93	srli	x23,x30,0x6	 x30:0xc0000010 x23=0x03000000
     392975.000 ns	     39296	80008184	412f0f33	sub	x30,x30,x18	 x30:0xc0000010 x18:0xc1e291f6 x30=0xfe1d6e1a
     392985.000 ns	     39297	80008188	0115d3b3	srl	x7,x11,x17	 x11:0x00000000 x17:0x00000000  x7=0x00000000
     393005.000 ns	     39299	8000818c	208b2853	fsgnjx.s	f16,f22,f8	 f22:0x00000000  f8:0x80000000 f16=0x80000000
     393375.000 ns	     39336	80008190	02aded33	rem	x26,x27,x10	 x27:0x00000000 x10:0xc1e296ff x26=0x00000000
     393405.000 ns	     39339	80008194	c00475d3	fcvt.w.s	x11,f8	  f8:0x80000000 x11=0x00000000
     393435.000 ns	     39342	80008198	e00c1f53	fclass.s	x30,f24	 f24:0x00000000 x30=0x00000010
     393805.000 ns	     39379	8000819c	02e6ff33	remu	x30,x13,x14	 x13:0x00000001 x14:0x000000ff x30=0x00000001
     393825.000 ns	     39381	800081a0	13448793	addi	x15,x9,308	  x9:0x80041024 x15=0x80041158
     393845.000 ns	     39383	800081a4	0385b9b3	mulhu	x19,x11,x24	 x11:0x00000000 x24:0x00000000 x19=0x00000000
     393865.000 ns	     39385	800081a8	2bd03917	auipc	x18,0x2bd03	 x18=0xabd0b1a8
     394225.000 ns	     39421	800081ac	024dd5b3	divu	x11,x27,x4	 x27:0x00000000  x4:0x000006ea x11=0x00000000
     394255.000 ns	     39424	800081b0	a17ca1d3	feq.s	x3,f25,f23	 f25:0x3ef5f8bc f23:0xcc981063  x3=0x00000000
     394285.000 ns	     39427	800081b4	a0802d53	feq.s	x26,f0,f8	  f0:0x80000000  f8:0x80000000 x26=0x00000001
     394315.000 ns	     39430	800081b8	21d20bd3	fsgnj.s	f23,f4,f29	  f4:0x00000000 f29:0x44293da8 f23=0x00000000
     394345.000 ns	     39433	800081bc	e00796d3	fclass.s	x13,f15	 f15:0xbf570d0e x13=0x00000002
     394365.000 ns	     39435	800081c0	0176e933	or	x18,x13,x23	 x13:0x00000001 x23:0x03000000 x18=0x03000002
     394385.000 ns	     39437	800081c4	293a8bd3	fmin.s	f23,f21,f19	 f21:0x00000000 f19:0x00000000 f23=0x00000000
     394415.000 ns	     39440	800081c8	a1a893d3	flt.s	x7,f17,f26	 f17:0x7fc00000 f26:0x80000000  x7=0x00000000
     394445.000 ns	     39443	800081cc	21228253	fsgnj.s	f4,f5,f18	  f5:0x00000001 f18:0x3f570d0e  f4=0x00000001
     394465.000 ns	     39445	800081d0	00000013	addi	x0,x0,0	  x0:0x00000000
     394485.000 ns	     39447	800081d4	024e1a33	mulh	x20,x28,x4	 x28:0x00000000  x4:0x000006ea x20=0x00000000
     394515.000 ns	     39450	800081d8	c01100d3	fcvt.wu.s	x1,f2	  f2:0x43800000  x1=0x00000100
     394545.000 ns	     39453	800081dc	035d0db3	mul	x27,x26,x21	 x26:0x00000001 x21:0x00000000 x27=0x00000000
     394565.000 ns	     39455	800081e0	5afc3d93	sltiu	x27,x24,1455	 x24:0x00000000 x27=0x00000001
     394585.000 ns	     39457	800081e4	034e8eb3	mul	x29,x29,x20	 x29:0x00000100 x20:0x00000000 x29=0x00000000
     394635.000 ns	     39462	800081e8	007b7fd3	fadd.s	f31,f22,f7	 f22:0x00000000  f7:0xc4293da8 f31=0xc4293da8
     394665.000 ns	     39465	800081ec	0206c1b3	div	x3,x13,x0	 x13:0x00000002  x0:0x00000000  x3=0xffffffff
     394705.000 ns	     39469	800081f0	11e17e53	fmul.s	f28,f2,f30	  f2:0x43800000 f30:0xbef5f8bc f28=0xc2f5f8bc
     394725.000 ns	     39471	800081f4	00337bb3	and	x23,x6,x3	  x6:0x00000000  x3:0xffffffff x23=0x00000000
     394735.000 ns	     39472	800081f8	4145d7b3	sra	x15,x11,x20	 x11:0x00000000 x20:0x00000000 x15=0x00000000
     394765.000 ns	     39475	800081fc	580f7dd3	fsqrt.s	f27,f30	 f30:0xbef5f8bc f27=0x7fc00000
     394785.000 ns	     39477	80008200	01bc1cb3	sll	x25,x24,x27	 x24:0x00000000 x27:0x00000001 x25=0x00000000
     394795.000 ns	     39478	80008204	6f210193	addi	x3,x2,1778	  x2:0x00000000  x3=0x000006f2
     394805.000 ns	     39479	80008208	015a25b3	slt	x11,x20,x21	 x20:0x00000000 x21:0x00000000 x11=0x00000000
     394835.000 ns	     39482	8000820c	5805f9d3	fsqrt.s	f19,f11	 f11:0xffffffff f19=0x7fc00000
     394855.000 ns	     39484	80008210	0035f6b3	and	x13,x11,x3	 x11:0x00000000  x3:0x000006f2 x13=0x00000000
     394875.000 ns	     39486	80008214	c01892d3	fcvt.wu.s	x5,f17	 f17:0x7fc00000  x5=0xffffffff
     395245.000 ns	     39523	80008218	0256fcb3	remu	x25,x13,x5	 x13:0x00000002  x5:0x00000040 x25=0x00000000
     395275.000 ns	     39526	8000821c	03895f33	divu	x30,x18,x24	 x18:0x03000002 x24:0x00000000 x30=0xffffffff
     395315.000 ns	     39530	80008220	11690753	fmul.s	f14,f18,f22	 f18:0x3f570d0e f22:0x00000000 f14=0x00000000
     395335.000 ns	     39532	80008224	e0f28993	addi	x19,x5,-497	  x5:0xffffffff x19=0xfffffe0e
     395345.000 ns	     39533	80008228	00665733	srl	x14,x12,x6	 x12:0xffffffff  x6:0x00000000 x14=0xffffffff
     395365.000 ns	     39535	8000822c	203291d3	fsgnjn.s	f3,f5,f3	  f5:0x00000001  f3:0x00000000  f3=0x80000001
     395385.000 ns	     39537	80008230	25827397	auipc	x7,0x25827	  x7=0xa582f230
     395405.000 ns	     39539	80008234	d00ff3d3	fcvt.s.w	f7,x31	 x31:0x80040fe4  f7=0xcefff7e0
     395435.000 ns	     39542	80008238	02f232b3	mulhu	x5,x4,x15	  x4:0x000006ea x15:0x00000000  x5=0x00000000
     395455.000 ns	     39544	8000823c	018fa5b3	slt	x11,x31,x24	 x31:0x80040fe4 x24:0x00000000 x11=0x00000001
     395465.000 ns	     39545	80008240	00695133	srl	x2,x18,x6	 x18:0x03000002  x6:0x00000000  x2=0x03000002
     395485.000 ns	     39547	80008244	c0012353	fcvt.w.s	x6,f2	  f2:0x43800000  x6=0x00000100
     395505.000 ns	     39549	80008248	41dd5933	sra	x18,x26,x29	 x26:0x00000001 x29:0x00000000 x18=0x00000001
     395525.000 ns	     39551	8000824c	202f1a53	fsgnjn.s	f20,f30,f2	 f30:0xbef5f8bc  f2:0x43800000 f20=0xbef5f8bc
     395565.000 ns	     39555	80008250	111d42d3	fmul.s	f5,f26,f17	 f26:0x80000000 f17:0x7fc00000  f5=0x7fc00000
     395595.000 ns	     39558	80008254	d01d7f53	fcvt.s.wu	f30,x26	 x26:0x00000001 f30=0x3f800000
     395615.000 ns	     39560	80008258	0155eb33	or	x22,x11,x21	 x11:0x00000001 x21:0x00000000 x22=0x00000001
     395625.000 ns	     39561	8000825c	26ff8313	addi	x6,x31,623	 x31:0x80040fe4  x6=0x80041253
     395635.000 ns	     39562	80008260	01a21cb3	sll	x25,x4,x26	  x4:0x000006ea x26:0x00000001 x25=0x00000dd4
     395655.000 ns	     39564	80008264	0205ce33	div	x28,x11,x0	 x11:0x00000001  x0:0x00000000 x28=0xffffffff
     395685.000 ns	     39567	80008268	03fb9133	mulh	x2,x23,x31	 x23:0x00000000 x31:0x80040fe4  x2=0x00000000
     395715.000 ns	     39570	8000826c	d01c30d3	fcvt.s.wu	f1,x24	 x24:0x00000000  f1=0x00000000
     395745.000 ns	     39573	80008270	e00006d3	fmv.x.w	x13,f0	  f0:0x80000000 x13=0x80000000
     395775.000 ns	     39576	80008274	03dca2b3	mulhsu	x5,x25,x29	 x25:0x00000dd4 x29:0x00000000  x5=0x00000000
     395795.000 ns	     39578	80008278	008d32b3	sltu	x5,x26,x8	 x26:0x00000001  x8:0x00000000  x5=0x00000000
     395815.000 ns	     39580	8000827c	e0028a53	fmv.x.w	x20,f5	  f5:0x7fc00000 x20=0x7fc00000
     395845.000 ns	     39583	80008280	a17e0453	fle.s	x8,f28,f23	 f28:0xc2f5f8bc f23:0x00000000  x8=0x00000001
     395865.000 ns	     39585	80008284	01fa18b3	sll	x17,x20,x31	 x20:0x7fc00000 x31:0x80040fe4 x17=0xfc000000
     395895.000 ns	     39588	80008288	580c70d3	fsqrt.s	f1,f24	 f24:0x00000000  f1=0x00000000
     396265.000 ns	     39625	8000828c	03aeebb3	rem	x23,x29,x26	 x29:0x00000000 x26:0x00000001 x23=0x00000000
     396285.000 ns	     39627	80008290	dc500637	lui	x12,0xdc500	 x12=0xdc500000
     396295.000 ns	     39628	80008294	01ec19b3	sll	x19,x24,x30	 x24:0x00000000 x30:0xffffffff x19=0x00000000
     396315.000 ns	     39630	80008298	03ed08b3	mul	x17,x26,x30	 x26:0x00000001 x30:0xffffffff x17=0xffffffff
     396345.000 ns	     39633	8000829c	d0118dd3	fcvt.s.wu	f27,x3	  x3:0x000006f2 f27=0x44de4000
     396375.000 ns	     39636	800082a0	f0088b53	fmv.w.x	f22,x17	 x17:0xffffffff f22=0xffffffff
     396395.000 ns	     39638	800082a4	01ffef33	or	x30,x31,x31	 x31:0x80040fe4 x31:0x80040fe4 x30=0x80040fe4
     396405.000 ns	     39639	800082a8	0153c0b3	xor	x1,x7,x21	  x7:0xa582f230 x21:0x00000000  x1=0xa582f230
     396415.000 ns	     39640	800082ac	00a7c9b3	xor	x19,x15,x10	 x15:0x00000000 x10:0xc1e296ff x19=0xc1e296ff
     396425.000 ns	     39641	800082b0	002d12b3	sll	x5,x26,x2	 x26:0x00000001  x2:0x00000000  x5=0x00000001
     396435.000 ns	     39642	800082b4	3eb2c013	xori	x0,x5,1003	  x5:0x00000000
     396445.000 ns	     39643	800082b8	00591933	sll	x18,x18,x5	 x18:0x00000001  x5:0x00000000 x18=0x00000002
     396455.000 ns	     39644	800082bc	c646a217	auipc	x4,0xc646a	  x4=0x464722bc
     396465.000 ns	     39645	800082c0	5e69be13	sltiu	x28,x19,1510	 x19:0xc1e296ff x28=0x00000000
     396475.000 ns	     39646	800082c4	e1cd0097	auipc	x1,0xe1cd0	  x1=0x61cd82c4
     396485.000 ns	     39647	800082c8	f2390b13	addi	x22,x18,-221	 x18:0x00000002 x22=0xffffff25
     396495.000 ns	     39648	800082cc	9122f013	andi	x0,x5,-1774	  x5:0x00000001
     396505.000 ns	     39649	800082d0	d44da413	slti	x8,x27,-700	 x27:0x00000001  x8=0x00000000
     396515.000 ns	     39650	800082d4	6cfd4317	auipc	x6,0x6cfd4	  x6=0xecfdc2d4
     396525.000 ns	     39651	800082d8	40fed133	sra	x2,x29,x15	 x29:0x00000000 x15:0x00000000  x2=0x00000000
     396535.000 ns	     39652	800082dc	00c075b3	and	x11,x0,x12	  x0:0x00000000 x12:0xdc500000 x11=0x00000000
     396555.000 ns	     39654	800082e0	20b50c53	fsgnj.s	f24,f10,f11	 f10:0x4c981063 f11:0xffffffff f24=0xcc981063
     396575.000 ns	     39656	800082e4	41c0dcb3	sra	x25,x1,x28	  x1:0x61cd82c4 x28:0x00000000 x25=0x61cd82c4
     396595.000 ns	     39658	800082e8	037cf733	remu	x14,x25,x23	 x25:0x00000dd4 x23:0x00000000 x14=0x61cd82c4
     396965.000 ns	     39695	800082ec	0342e3b3	rem	x7,x5,x20	  x5:0x00000001 x20:0x7fc00000  x7=0x00000001
     396985.000 ns	     39697	800082f0	01fb2033	slt	x0,x22,x31	 x22:0xffffff25 x31:0x80040fe4
     397005.000 ns	     39699	800082f4	f00005d3	fmv.w.x	f11,x0	  x0:0x00000000 f11=0x00000000
     397055.000 ns	     39704	800082f8	08567b53	fsub.s	f22,f12,f5	 f12:0x7fc00000  f5:0x7fc00000 f22=0x7fc00000
     397085.000 ns	     39707	800082fc	a0bf2653	feq.s	x12,f30,f11	 f30:0x3f800000 f11:0x00000000 x12=0x00000000
     397115.000 ns	     39710	80008300	28539fd3	fmax.s	f31,f7,f5	  f7:0xcefff7e0  f5:0x7fc00000 f31=0xcefff7e0
     397485.000 ns	     39747	80008304	02526733	rem	x14,x4,x5	  x4:0x464722bc  x5:0x00000001 x14=0x00000000
     397505.000 ns	     39749	80008308	ad8c4f13	xori	x30,x24,-1320	 x24:0x00000000 x30=0xfffffad8
     397515.000 ns	     39750	8000830c	006e0133	add	x2,x28,x6	 x28:0x00000000  x6:0xecfdc2d4  x2=0xecfdc2d4
     397535.000 ns	     39752	80008310	20730ad3	fsgnj.s	f21,f6,f7	  f6:0x80041024  f7:0xcefff7e0 f21=0x80041024
     397565.000 ns	     39755	80008314	d008ce53	fcvt.s.w	f28,x17	 x17:0xffffffff f28=0xbf800000
     397935.000 ns	     39792	80008318	026ac733	div	x14,x21,x6	 x21:0x00000000  x6:0xecfdc2d4 x14=0x00000000
     397965.000 ns	     39795	8000831c	21949fd3	fsgnjn.s	f31,f9,f25	  f9:0x00000010 f25:0x3ef5f8bc f31=0x80000010
     397995.000 ns	     39798	80008320	03b12e33	mulhsu	x28,x2,x27	  x2:0xecfdc2d4 x27:0x00000001 x28=0xffffffff
     398015.000 ns	     39800	80008324	00d51313	slli	x6,x10,0xd	 x10:0xc1e296ff  x6=0x52dfe000
     398025.000 ns	     39801	80008328	00b41793	slli	x15,x8,0xb	  x8:0x00000000 x15=0x00000000
     398035.000 ns	     39802	8000832c	016ee3b3	or	x7,x29,x22	 x29:0x00000000 x22:0xffffff25  x7=0xffffff25
     398045.000 ns	     39803	80008330	c4010b37	lui	x22,0xc4010	 x22=0xc4010000
     398055.000 ns	     39804	80008334	cde00313	addi	x6,x0,-802	  x0:0x00000000  x6=0xfffffcde
     398075.000 ns	     39806	80008338	02d7adb3	mulhsu	x27,x15,x13	 x15:0x00000000 x13:0x80000000 x27=0x00000000
     398105.000 ns	     39809	8000833c	a1d92153	feq.s	x2,f18,f29	 f18:0x3f570d0e f29:0x44293da8  x2=0x00000000
     398135.000 ns	     39812	80008340	c0114d53	fcvt.wu.s	x26,f2	  f2:0x43800000 x26=0x00000100
     398505.000 ns	     39849	80008344	0316f933	remu	x18,x13,x17	 x13:0x80000000 x17:0xffffffff x18=0x80000000
     398525.000 ns	     39851	80008348	40838633	sub	x12,x7,x8	  x7:0xffffff25  x8:0x00000000 x12=0xffffff25
     398535.000 ns	     39852	8000834c	01fa45b3	xor	x11,x20,x31	 x20:0x7fc00000 x31:0x80040fe4 x11=0xffc40fe4
     398555.000 ns	     39854	80008350	29ba96d3	fmax.s	f13,f21,f27	 f21:0x80041024 f27:0x44de4000 f13=0x44de4000
     398585.000 ns	     39857	80008354	032818b3	mulh	x17,x16,x18	 x16:0x00000001 x18:0x80000000 x17=0xffffffff
     398615.000 ns	     39860	80008358	21ad9253	fsgnjn.s	f4,f27,f26	 f27:0x44de4000 f26:0x80000000  f4=0x44de4000
     398645.000 ns	     39863	8000835c	e00b8753	fmv.x.w	x14,f23	 f23:0x00000000 x14=0x00000000
     398665.000 ns	     39865	80008360	000439b3	sltu	x19,x8,x0	  x8:0x00000000  x0:0x00000000 x19=0x00000000
     398695.000 ns	     39868	80008364	119a3853	fmul.s	f16,f20,f25	 f20:0xbef5f8bc f25:0x3ef5f8bc f16=0xbe6c5609
     398725.000 ns	     39871	80008368	20fd0cd3	fsgnj.s	f25,f26,f15	 f26:0x80000000 f15:0xbf570d0e f25=0x80000000
     398745.000 ns	     39873	8000836c	01e08433	add	x8,x1,x30	  x1:0x61cd82c4 x30:0xfffffad8  x8=0x61cd7d9c
     398755.000 ns	     39874	80008370	0009d593	srli	x11,x19,0x0	 x19:0x00000000 x11=0x00000000
     398775.000 ns	     39876	80008374	c0180253	fcvt.wu.s	x4,f16	 f16:0xbe6c5609  x4=0x00000000
     398825.000 ns	     39881	80008378	002d17d3	fadd.s	f15,f26,f2	 f26:0x80000000  f2:0x43800000 f15=0x43800000
     398865.000 ns	     39885	8000837c	19d67fd3	fdiv.s	f31,f12,f29	 f12:0x7fc00000 f29:0x44293da8 f31=0x7fc00000
     398885.000 ns	     39887	80008380	41c95e33	sra	x28,x18,x28	 x18:0x80000000 x28:0xffffffff x28=0xffffffff
     398895.000 ns	     39888	80008384	412e8633	sub	x12,x29,x18	 x29:0x00000000 x18:0x80000000 x12=0x80000000
     398905.000 ns	     39889	80008388	01c71013	slli	x0,x14,0x1c	 x14:0x00000000
     398915.000 ns	     39890	8000838c	011f02b3	add	x5,x30,x17	 x30:0xfffffad8 x17:0xffffffff  x5=0xfffffad7
     398925.000 ns	     39891	80008390	005dd893	srli	x17,x27,0x5	 x27:0x00000000 x17=0x00000000
     398935.000 ns	     39892	80008394	00edd393	srli	x7,x27,0xe	 x27:0x00000000  x7=0x00000000
     398945.000 ns	     39893	80008398	f78c3893	sltiu	x17,x24,-136	 x24:0x00000000 x17=0x00000001
     398965.000 ns	     39895	8000839c	29378653	fmin.s	f12,f15,f19	 f15:0x43800000 f19:0x7fc00000 f12=0x43800000
     398995.000 ns	     39898	800083a0	d0188dd3	fcvt.s.wu	f27,x17	 x17:0x00000000 f27=0x3f800000
     399015.000 ns	     39900	800083a4	00000013	addi	x0,x0,0	  x0:0x00000000
     399035.000 ns	     39902	800083a8	03797133	remu	x2,x18,x23	 x18:0x80000000 x23:0x00000000  x2=0x80000000
     399055.000 ns	     39904	800083ac	56f450b7	lui	x1,0x56f45	  x1=0x56f45000
     399095.000 ns	     39908	800083b0	08a57353	fsub.s	f6,f10,f10	 f10:0x4c981063 f10:0x4c981063  f6=0x80000000
     399115.000 ns	     39910	800083b4	00c3beb3	sltu	x29,x7,x12	  x7:0x00000000 x12:0x80000000 x29=0x00000001
     399125.000 ns	     39911	800083b8	01a1b2b3	sltu	x5,x3,x26	  x3:0x000006f2 x26:0x00000100  x5=0x00000000
     399135.000 ns	     39912	800083bc	411959b3	sra	x19,x18,x17	 x18:0x80000000 x17:0x00000001 x19=0xc0000000
     399155.000 ns	     39914	800083c0	a1f899d3	flt.s	x19,f17,f31	 f17:0x7fc00000 f31:0x7fc00000 x19=0x00000000
     399185.000 ns	     39917	800083c4	e00a8653	fmv.x.w	x12,f21	 f21:0x80041024 x12=0x80041024
     399215.000 ns	     39920	800083c8	a15ca1d3	feq.s	x3,f25,f21	 f25:0x80000000 f21:0x80041024  x3=0x00000000
     399265.000 ns	     39925	800083cc	005ef3d3	fadd.s	f7,f29,f5	 f29:0x44293da8  f5:0x7fc00000  f7=0x7fc00000
     399295.000 ns	     39928	800083d0	0353f6b3	remu	x13,x7,x21	  x7:0x00000000 x21:0x00000000 x13=0x00000000
     399315.000 ns	     39930	800083d4	00a81933	sll	x18,x16,x10	 x16:0x00000001 x10:0xc1e296ff x18=0x80000000
     399335.000 ns	     39932	800083d8	a0b61653	flt.s	x12,f12,f11	 f12:0x43800000 f11:0x00000000 x12=0x00000000
     399355.000 ns	     39934	800083dc	413f8b33	sub	x22,x31,x19	 x31:0x80040fe4 x19:0x00000000 x22=0x80040fe4
     399365.000 ns	     39935	800083e0	4370ba93	sltiu	x21,x1,1079	  x1:0x56f45000 x21=0x00000000
     399375.000 ns	     39936	800083e4	012b1e13	slli	x28,x22,0x12	 x22:0xc4010000 x28=0x3f900000
     399395.000 ns	     39938	800083e8	032ba6b3	mulhsu	x13,x23,x18	 x23:0x00000000 x18:0x80000000 x13=0x00000000
     399415.000 ns	     39940	800083ec	413ddbb3	sra	x23,x27,x19	 x27:0x00000000 x19:0x00000000 x23=0x00000000
     399775.000 ns	     39976	800083f0	03924733	div	x14,x4,x25	  x4:0x00000000 x25:0x61cd82c4 x14=0x00000000
     399795.000 ns	     39978	800083f4	aff3cb13	xori	x22,x7,-1281	  x7:0x00000000 x22=0xfffffaff
     399805.000 ns	     39979	800083f8	4138dbb3	sra	x23,x17,x19	 x17:0x00000001 x19:0x00000000 x23=0x00000001
     399825.000 ns	     39981	800083fc	29298053	fmin.s	f0,f19,f18	 f19:0x7fc00000 f18:0x3f570d0e  f0=0x3f570d0e
     399845.000 ns	     39983	80008400	bc4e7393	andi	x7,x28,-1084	 x28:0x3f900000  x7=0x3f900000
     399875.000 ns	     39986	80008404	10897c53	fmul.s	f24,f18,f8	 f18:0x3f570d0e  f8:0x80000000 f24=0x80000000
     400215.000 ns	     40020	80008408	18d07e53	fdiv.s	f28,f0,f13	  f0:0x3f570d0e f13:0x44de4000 f28=0x39fa0da2
     400255.000 ns	     40024	8000840c	5801ffd3	fsqrt.s	f31,f3	  f3:0x80000001 f31=0x7fc00000
     400285.000 ns	     40027	80008410	a1fcaa53	feq.s	x20,f25,f31	 f25:0x80000000 f31:0x7fc00000 x20=0x00000000
     401395.000 ns	     40138	80008414	580dfad3	fsqrt.s	f21,f27	 f27:0x3f800000 f21=0x3f7fffae
     401425.000 ns	     40141	80008418	0253d5b3	divu	x11,x7,x5	  x7:0x3f900000  x5:0x00000000 x11=0xffffffff
     401445.000 ns	     40143	8000841c	003c9733	sll	x14,x25,x3	 x25:0x61cd82c4  x3:0x00000000 x14=0x61cd82c4
     401465.000 ns	     40145	80008420	02372933	mulhsu	x18,x14,x3	 x14:0x00000000  x3:0x00000000 x18=0x00000000
     401495.000 ns	     40148	80008424	023f4233	div	x4,x30,x3	 x30:0xfffffad8  x3:0x00000000  x4=0xffffffff
     401525.000 ns	     40151	80008428	f00b0353	fmv.w.x	f6,x22	 x22:0xfffffaff  f6=0xfffffaff
     401555.000 ns	     40154	8000842c	d01873d3	fcvt.s.wu	f7,x16	 x16:0x00000001  f7=0x3f800000
     401585.000 ns	     40157	80008430	d00af8d3	fcvt.s.w	f17,x21	 x21:0x00000000 f17=0x00000000
     401615.000 ns	     40160	80008434	02d37833	remu	x16,x6,x13	  x6:0xfffffcde x13:0x00000000 x16=0xfffffcde
     402795.000 ns	     40278	80008438	580f73d3	fsqrt.s	f7,f30	 f30:0x3f800000  f7=0x3f7fffae
     402825.000 ns	     40281	8000843c	29099e53	fmax.s	f28,f19,f16	 f19:0x7fc00000 f16:0xbe6c5609 f28=0xbe6c5609
     402855.000 ns	     40284	80008440	d01579d3	fcvt.s.wu	f19,x10	 x10:0xc1e296ff f19=0x4f41e296
     402885.000 ns	     40287	80008444	03879cb3	mulh	x25,x15,x24	 x15:0x00000000 x24:0x00000000 x25=0x00000000
     402915.000 ns	     40290	80008448	20d107d3	fsgnj.s	f15,f2,f13	  f2:0x43800000 f13:0x44de4000 f15=0x43800000
     402935.000 ns	     40292	8000844c	017739b3	sltu	x19,x14,x23	 x14:0x61cd82c4 x23:0x00000001 x19=0x00000000
     402945.000 ns	     40293	80008450	22cfdc37	lui	x24,0x22cfd	 x24=0x22cfd000
     402955.000 ns	     40294	80008454	000ca733	slt	x14,x25,x0	 x25:0x00000000  x0:0x00000000 x14=0x00000000
     402985.000 ns	     40297	80008458	58031553	fsqrt.s	f10,f6	  f6:0xfffffaff f10=0x7fc00000
     403005.000 ns	     40299	8000845c	3d0dfe93	andi	x29,x27,976	 x27:0x00000000 x29=0x00000000
     403025.000 ns	     40301	80008460	c00e7253	fcvt.w.s	x4,f28	 f28:0xbe6c5609  x4=0x00000000
     403045.000 ns	     40303	80008464	012ed213	srli	x4,x29,0x12	 x29:0x00000001  x4=0x00000000
     403055.000 ns	     40304	80008468	005321b3	slt	x3,x6,x5	  x6:0xfffffcde  x5:0x00000000  x3=0x00000001
     403075.000 ns	     40306	8000846c	031a2933	mulhsu	x18,x20,x17	 x20:0x00000000 x17:0x00000001 x18=0x00000000
     403095.000 ns	     40308	80008470	00acb0b3	sltu	x1,x25,x10	 x25:0x00000000 x10:0xc1e296ff  x1=0x00000001
     403115.000 ns	     40310	80008474	c01d8a53	fcvt.wu.s	x20,f27	 f27:0x3f800000 x20=0x00000001
     403135.000 ns	     40312	80008478	412b88b3	sub	x17,x23,x18	 x23:0x00000001 x18:0x00000000 x17=0x00000001
     403495.000 ns	     40348	8000847c	029ac6b3	div	x13,x21,x9	 x21:0x00000000  x9:0x80041024 x13=0x00000000
     403525.000 ns	     40351	80008480	029e9bb3	mulh	x23,x29,x9	 x29:0x00000000  x9:0x80041024 x23=0x00000000
     403545.000 ns	     40353	80008484	59b96713	ori	x14,x18,1435	 x18:0x00000000 x14=0x0000059b
     403565.000 ns	     40355	80008488	d01773d3	fcvt.s.wu	f7,x14	 x14:0x00000000  f7=0x44b36000
     403595.000 ns	     40358	8000848c	034fac33	mulhsu	x24,x31,x20	 x31:0x80040fe4 x20:0x00000001 x24=0xffffffff
     403625.000 ns	     40361	80008490	d008ae53	fcvt.s.w	f28,x17	 x17:0x00000001 f28=0x3f800000
     403645.000 ns	     40363	80008494	012eb8b3	sltu	x17,x29,x18	 x29:0x00000000 x18:0x00000000 x17=0x00000000
     403655.000 ns	     40364	80008498	4a112313	slti	x6,x2,1185	  x2:0x80000000  x6=0x00000001
     403685.000 ns	     40367	8000849c	10777bd3	fmul.s	f23,f14,f7	 f14:0x00000000  f7:0x44b36000 f23=0x00000000
     403715.000 ns	     40370	800084a0	d0084953	fcvt.s.w	f18,x16	 x16:0xfffffcde f18=0xc4488000
     403735.000 ns	     40372	800084a4	b647e593	ori	x11,x15,-1180	 x15:0x00000000 x11=0xfffffb64
     404065.000 ns	     40405	800084a8	18397e53	fdiv.s	f28,f18,f3	 f18:0xc4488000  f3:0x80000001 f28=0x7f800000
     404105.000 ns	     40409	800084ac	105ffdd3	fmul.s	f27,f31,f5	 f31:0x7fc00000  f5:0x7fc00000 f27=0x7fc00000
     404135.000 ns	     40412	800084b0	d0097753	fcvt.s.w	f14,x18	 x18:0x00000000 f14=0x00000000
     404155.000 ns	     40414	800084b4	41098cb3	sub	x25,x19,x16	 x19:0x00000000 x16:0xfffffcde x25=0x00000322
     404185.000 ns	     40417	800084b8	11947953	fmul.s	f18,f8,f25	  f8:0x80000000 f25:0x80000000 f18=0x00000000
     404205.000 ns	     40419	800084bc	005ac433	xor	x8,x21,x5	 x21:0x00000000  x5:0x00000000  x8=0x00000000
     404235.000 ns	     40422	800084c0	18e5c553	fdiv.s	f10,f11,f14	 f11:0x00000000 f14:0x00000000 f10=0x7fc00000
     404255.000 ns	     40424	800084c4	2bad3437	lui	x8,0x2bad3	  x8=0x2bad3000
     404275.000 ns	     40426	800084c8	d0197253	fcvt.s.wu	f4,x18	 x18:0x00000000  f4=0x00000000
     404295.000 ns	     40428	800084cc	01f9e433	or	x8,x19,x31	 x19:0x00000000 x31:0x80040fe4  x8=0x80040fe4
     404305.000 ns	     40429	800084d0	bd33a313	slti	x6,x7,-1069	  x7:0x3f900000  x6=0x00000000
     404325.000 ns	     40431	800084d4	02f1f133	remu	x2,x3,x15	  x3:0x00000001 x15:0x00000000  x2=0x00000001
     404355.000 ns	     40434	800084d8	c00f8b53	fcvt.w.s	x22,f31	 f31:0x7fc00000 x22=0x7fffffff
     404385.000 ns	     40437	800084dc	a091a8d3	feq.s	x17,f3,f9	  f3:0x80000001  f9:0x00000010 x17=0x00000000
     404405.000 ns	     40439	800084e0	01844933	xor	x18,x8,x24	  x8:0x80040fe4 x24:0xffffffff x18=0x7ffbf01b
     404425.000 ns	     40441	800084e4	0204a8b3	mulhsu	x17,x9,x0	  x9:0x80041024  x0:0x00000000 x17=0x00000000
     404455.000 ns	     40444	800084e8	02c36eb3	rem	x29,x6,x12	  x6:0x00000000 x12:0x00000000 x29=0x00000000
     404475.000 ns	     40446	800084ec	01871f33	sll	x30,x14,x24	 x14:0x0000059b x24:0xffffffff x30=0x80000000
     404505.000 ns	     40449	800084f0	101f9353	fmul.s	f6,f31,f1	 f31:0x7fc00000  f1:0x00000000  f6=0x7fc00000
     404535.000 ns	     40452	800084f4	c01a7453	fcvt.wu.s	x8,f20	 f20:0xbef5f8bc  x8=0x00000000
     404555.000 ns	     40454	800084f8	00c82db3	slt	x27,x16,x12	 x16:0xfffffcde x12:0x00000000 x27=0x00000001
     404565.000 ns	     40455	800084fc	0074e333	or	x6,x9,x7	  x9:0x80041024  x7:0x3f900000  x6=0xbf941024
     404895.000 ns	     40488	80008500	183f11d3	fdiv.s	f3,f30,f3	 f30:0x3f800000  f3:0x80000001  f3=0xfe34b4b6
     404915.000 ns	     40490	80008504	01ba0933	add	x18,x20,x27	 x20:0x00000001 x27:0x00000001 x18=0x00000002
     404925.000 ns	     40491	80008508	99e126b7	lui	x13,0x99e12	 x13=0x99e12000
     404935.000 ns	     40492	8000850c	09384893	xori	x17,x16,147	 x16:0xfffffcde x17=0xfffffc4d
     404945.000 ns	     40493	80008510	41ed59b3	sra	x19,x26,x30	 x26:0x00000100 x30:0x80000000 x19=0x00000100
     404955.000 ns	     40494	80008514	019f2833	slt	x16,x30,x25	 x30:0x80000000 x25:0x00000322 x16=0x00000001
     404965.000 ns	     40495	80008518	4072da93	srai	x21,x5,0x7	  x5:0x00000000 x21=0x00000000
     404985.000 ns	     40497	8000851c	f00080d3	fmv.w.x	f1,x1	  x1:0x00000001  f1=0x00000001
     405015.000 ns	     40500	80008520	21e41bd3	fsgnjn.s	f23,f8,f30	  f8:0x80000000 f30:0x3f800000 f23=0x80000000
     405035.000 ns	     40502	80008524	41aa5eb3	sra	x29,x20,x26	 x20:0x00000001 x26:0x00000100 x29=0x00000001
     405395.000 ns	     40538	80008528	02d4f5b3	remu	x11,x9,x13	  x9:0x80041024 x13:0x99e12000 x11=0x80041024
     405425.000 ns	     40541	8000852c	282f0c53	fmin.s	f24,f30,f2	 f30:0x3f800000  f2:0x43800000 f24=0x3f800000
     405445.000 ns	     40543	80008530	00195413	srli	x8,x18,0x1	 x18:0x00000002  x8=0x00000001
     405805.000 ns	     40579	80008534	0387dc33	divu	x24,x15,x24	 x15:0x00000000 x24:0xffffffff x24=0x00000000
     406175.000 ns	     40616	80008538	03ec5733	divu	x14,x24,x30	 x24:0xffffffff x30:0x80000000 x14=0x00000000
     406195.000 ns	     40618	8000853c	00b89a13	slli	x20,x17,0xb	 x17:0xfffffc4d x20=0xffe26800
     406205.000 ns	     40619	80008540	ba0ff793	andi	x15,x31,-1120	 x31:0x80040fe4 x15=0x80040ba0
     406215.000 ns	     40620	80008544	00515933	srl	x18,x2,x5	  x2:0x00000001  x5:0x00000000 x18=0x00000001
     406235.000 ns	     40622	80008548	f0080353	fmv.w.x	f6,x16	 x16:0x00000001  f6=0x00000001
     406265.000 ns	     40625	8000854c	03a80eb3	mul	x29,x16,x26	 x16:0x00000001 x26:0x00000100 x29=0x00000100
     406285.000 ns	     40627	80008550	7394c793	xori	x15,x9,1849	  x9:0x80041024 x15=0x8004171d
     406295.000 ns	     40628	80008554	00fcb733	sltu	x14,x25,x15	 x25:0x00000322 x15:0x80040ba0 x14=0x00000001
     406655.000 ns	     40664	80008558	03165833	divu	x16,x12,x17	 x12:0x00000000 x17:0xfffffc4d x16=0x00000000
     406685.000 ns	     40667	8000855c	28f70553	fmin.s	f10,f14,f15	 f14:0x00000000 f15:0x43800000 f10=0x00000000
     406715.000 ns	     40670	80008560	024327b3	mulhsu	x15,x6,x4	  x6:0xbf941024  x4:0x00000000 x15=0x00000000
     406745.000 ns	     40673	80008564	a14a01d3	fle.s	x3,f20,f20	 f20:0xbef5f8bc f20:0xbef5f8bc  x3=0x00000001
     406765.000 ns	     40675	80008568	002d8db3	add	x27,x27,x2	 x27:0x00000001  x2:0x00000001 x27=0x00000002
     406775.000 ns	     40676	8000856c	01c03133	sltu	x2,x0,x28	  x0:0x00000000 x28:0x3f900000  x2=0x00000001
     406785.000 ns	     40677	80008570	40f2de33	sra	x28,x5,x15	  x5:0x00000000 x15:0x00000000 x28=0x00000000
     406805.000 ns	     40679	80008574	e00d81d3	fmv.x.w	x3,f27	 f27:0x7fc00000  x3=0x7fc00000
     406855.000 ns	     40684	80008578	01bb98d3	fadd.s	f17,f23,f27	 f23:0x80000000 f27:0x7fc00000 f17=0x7fc00000
     406875.000 ns	     40686	8000857c	8b784893	xori	x17,x16,-1865	 x16:0x00000000 x17=0xfffff8b7
     407205.000 ns	     40719	80008580	19e1f9d3	fdiv.s	f19,f3,f30	  f3:0xfe34b4b6 f30:0x3f800000 f19=0xfe34b429
     407245.000 ns	     40723	80008584	19b19bd3	fdiv.s	f23,f3,f27	  f3:0xfe34b4b6 f27:0x7fc00000 f23=0x7fc00000
     407275.000 ns	     40726	80008588	a0ff0253	fle.s	x4,f30,f15	 f30:0x3f800000 f15:0x43800000  x4=0x00000001
     407295.000 ns	     40728	8000858c	011ede93	srli	x29,x29,0x11	 x29:0x00000100 x29=0x00000000
     407305.000 ns	     40729	80008590	4aee7693	andi	x13,x28,1198	 x28:0x00000000 x13=0x00000000
     407315.000 ns	     40730	80008594	006121b3	slt	x3,x2,x6	  x2:0x00000001  x6:0xbf941024  x3=0x00000000
     407335.000 ns	     40732	80008598	c018f9d3	fcvt.wu.s	x19,f17	 f17:0x7fc00000 x19=0xffffffff
     407355.000 ns	     40734	8000859c	3993b813	sltiu	x16,x7,921	  x7:0x3f900000 x16=0x00000000
     407365.000 ns	     40735	800085a0	402e8433	sub	x8,x29,x2	 x29:0x00000000  x2:0x00000001  x8=0xffffffff
     407375.000 ns	     40736	800085a4	40e5dc33	sra	x24,x11,x14	 x11:0x80041024 x14:0x00000001 x24=0xc0020812
     407385.000 ns	     40737	800085a8	00471333	sll	x6,x14,x4	 x14:0x00000001  x4:0x00000001  x6=0x00000002
     407405.000 ns	     40739	800085ac	c01b98d3	fcvt.wu.s	x17,f23	 f23:0x7fc00000 x17=0xffffffff
     407435.000 ns	     40742	800085b0	0315b033	mulhu	x0,x11,x17	 x11:0x80041024 x17:0xfffff8b7
     407455.000 ns	     40744	800085b4	00b19333	sll	x6,x3,x11	  x3:0x00000000 x11:0x80041024  x6=0x00000000
     407465.000 ns	     40745	800085b8	008bf6b3	and	x13,x23,x8	 x23:0x00000000  x8:0xffffffff x13=0x00000000
     407475.000 ns	     40746	800085bc	41bd5033	sra	x0,x26,x27	 x26:0x00000100 x27:0x00000002
     407485.000 ns	     40747	800085c0	6b122013	slti	x0,x4,1713	  x4:0x00000001
     407495.000 ns	     40748	800085c4	414c0333	sub	x6,x24,x20	 x24:0xc0020812 x20:0xffe26800  x6=0xc01fa012
     407515.000 ns	     40750	800085c8	218d8e53	fsgnj.s	f28,f27,f24	 f27:0x7fc00000 f24:0x3f800000 f28=0x7fc00000
     407535.000 ns	     40752	800085cc	41c7d733	sra	x14,x15,x28	 x15:0x00000000 x28:0x00000000 x14=0x00000000
     407565.000 ns	     40755	800085d0	580e7853	fsqrt.s	f16,f28	 f28:0x7fc00000 f16=0x7fc00000
     407585.000 ns	     40757	800085d4	0165ebb3	or	x23,x11,x22	 x11:0x80041024 x22:0x7fffffff x23=0xffffffff
     407595.000 ns	     40758	800085d8	01b865b3	or	x11,x16,x27	 x16:0x00000000 x27:0x00000002 x11=0x00000002
     407605.000 ns	     40759	800085dc	00b7da33	srl	x20,x15,x11	 x15:0x00000000 x11:0x80041024 x20=0x00000000
     408705.000 ns	     40869	800085e0	5804a653	fsqrt.s	f12,f9	  f9:0x00000010 f12=0x1f35049a
     408725.000 ns	     40871	800085e4	0190c033	xor	x0,x1,x25	  x1:0x00000001 x25:0x00000322
     409085.000 ns	     40907	800085e8	03b04f33	div	x30,x0,x27	  x0:0x00000000 x27:0x00000002 x30=0x00000000
     409115.000 ns	     40910	800085ec	f0030553	fmv.w.x	f10,x6	  x6:0xc01fa012 f10=0xc01fa012
     409145.000 ns	     40913	800085f0	03ebff33	remu	x30,x23,x30	 x23:0xffffffff x30:0x00000000 x30=0xffffffff
     409175.000 ns	     40916	800085f4	29a20fd3	fmin.s	f31,f4,f26	  f4:0x00000000 f26:0x80000000 f31=0x80000000
     409225.000 ns	     40921	800085f8	00569053	fadd.s	f0,f13,f5	 f13:0x44de4000  f5:0x7fc00000  f0=0x7fc00000
     409245.000 ns	     40923	800085fc	00000013	addi	x0,x0,0	  x0:0x00000000
     409255.000 ns	     40924	80008600	00000013	addi	x0,x0,0	  x0:0x00000000
     409265.000 ns	     40925	80008604	01a01933	sll	x18,x0,x26	  x0:0x00000000 x26:0x00000100 x18=0x00000000
     409285.000 ns	     40927	80008608	d01a8253	fcvt.s.wu	f4,x21	 x21:0x00000000  f4=0x00000000
     409325.000 ns	     40931	8000860c	19fa7053	fdiv.s	f0,f20,f31	 f20:0xbef5f8bc f31:0x80000000  f0=0x7f800000
     409345.000 ns	     40933	80008610	00000013	addi	x0,x0,0	  x0:0x00000000
     409355.000 ns	     40934	80008614	032a7013	andi	x0,x20,50	 x20:0x00000000
     409365.000 ns	     40935	80008618	6bbc48b7	lui	x17,0x6bbc4	 x17=0x6bbc4000
     409395.000 ns	     40938	8000861c	5809f553	fsqrt.s	f10,f19	 f19:0xfe34b429 f10=0x7fc00000
     409425.000 ns	     40941	80008620	d013bdd3	fcvt.s.wu	f27,x7	  x7:0x3f900000 f27=0x4e7e4000
     409445.000 ns	     40943	80008624	93486a93	ori	x21,x16,-1740	 x16:0x00000000 x21=0xfffff934
     409465.000 ns	     40945	80008628	c00b7dd3	fcvt.w.s	x27,f22	 f22:0x7fc00000 x27=0x7fffffff
     409485.000 ns	     40947	8000862c	004bcd33	xor	x26,x23,x4	 x23:0xffffffff  x4:0x00000001 x26=0xfffffffe
     409505.000 ns	     40949	80008630	28a41f53	fmax.s	f30,f8,f10	  f8:0x80000000 f10:0x7fc00000 f30=0x80000000
     409535.000 ns	     40952	80008634	f0010153	fmv.w.x	f2,x2	  x2:0x00000001  f2=0x00000001
     409565.000 ns	     40955	80008638	28d699d3	fmax.s	f19,f13,f13	 f13:0x44de4000 f13:0x44de4000 f19=0x44de4000
     409595.000 ns	     40958	8000863c	03b22cb3	mulhsu	x25,x4,x27	  x4:0x00000001 x27:0x7fffffff x25=0x00000000
     409625.000 ns	     40961	80008640	03cc6ab3	rem	x21,x24,x28	 x24:0xc0020812 x28:0x00000000 x21=0xc0020812
     409645.000 ns	     40963	80008644	01854933	xor	x18,x10,x24	 x10:0xc1e296ff x24:0xc0020812 x18=0x01e09eed
     409655.000 ns	     40964	80008648	00f0d313	srli	x6,x1,0xf	  x1:0x00000001  x6=0x00000000
     409675.000 ns	     40966	8000864c	2071a6d3	fsgnjx.s	f13,f3,f7	  f3:0xfe34b4b6  f7:0x44b36000 f13=0xfe34b4b6
     409695.000 ns	     40968	80008650	010c30b3	sltu	x1,x24,x16	 x24:0xc0020812 x16:0x00000000  x1=0x00000000
     409705.000 ns	     40969	80008654	93b4ac13	slti	x24,x9,-1733	  x9:0x80041024 x24=0x00000001
     409725.000 ns	     40971	80008658	d00f7fd3	fcvt.s.w	f31,x30	 x30:0xffffffff f31=0xbf800000
     409745.000 ns	     40973	8000865c	b6f55eb7	lui	x29,0xb6f55	 x29=0xb6f55000
     409755.000 ns	     40974	80008660	01159013	slli	x0,x11,0x11	 x11:0x00000002
     409775.000 ns	     40976	80008664	28e706d3	fmin.s	f13,f14,f14	 f14:0x00000000 f14:0x00000000 f13=0x00000000
     409795.000 ns	     40978	80008668	33dff793	andi	x15,x31,829	 x31:0x80040fe4 x15=0x00000324
     409805.000 ns	     40979	8000866c	40b35b33	sra	x22,x6,x11	  x6:0x00000000 x11:0x00000002 x22=0x00000000
     409825.000 ns	     40981	80008670	0238d0b3	divu	x1,x17,x3	 x17:0x6bbc4000  x3:0x00000000  x1=0xffffffff
     409845.000 ns	     40983	80008674	a6852a13	slti	x20,x10,-1432	 x10:0xc1e296ff x20=0x00000001
     409865.000 ns	     40985	80008678	c01b7353	fcvt.wu.s	x6,f22	 f22:0x7fc00000  x6=0xffffffff
     409895.000 ns	     40988	8000867c	201815d3	fsgnjn.s	f11,f16,f1	 f16:0x7fc00000  f1:0x00000001 f11=0xffc00000
     410235.000 ns	     41022	80008680	182ef853	fdiv.s	f16,f29,f2	 f29:0x44293da8  f2:0x00000001 f16=0x7f800000
     410265.000 ns	     41025	80008684	e00189d3	fmv.x.w	x19,f3	  f3:0xfe34b4b6 x19=0xfe34b4b6
     410295.000 ns	     41028	80008688	a0880753	fle.s	x14,f16,f8	 f16:0x7f800000  f8:0x80000000 x14=0x00000000
     410325.000 ns	     41031	8000868c	29b58b53	fmin.s	f22,f11,f27	 f11:0xffc00000 f27:0x4e7e4000 f22=0x4e7e4000
     410355.000 ns	     41034	80008690	c01b7bd3	fcvt.wu.s	x23,f22	 f22:0x7fc00000 x23=0x3f900000
     410385.000 ns	     41037	80008694	f0078cd3	fmv.w.x	f25,x15	 x15:0x00000324 f25=0x00000324
     410755.000 ns	     41074	80008698	03d4da33	divu	x20,x9,x29	  x9:0x80041024 x29:0xb6f55000 x20=0x00000000
     410775.000 ns	     41076	8000869c	00d13333	sltu	x6,x2,x13	  x2:0x00000001 x13:0x00000000  x6=0x00000000
     410785.000 ns	     41077	800086a0	012c71b3	and	x3,x24,x18	 x24:0x00000001 x18:0x01e09eed  x3=0x00000001
     410815.000 ns	     41080	800086a4	1148ffd3	fmul.s	f31,f17,f20	 f17:0x7fc00000 f20:0xbef5f8bc f31=0x7fc00000
     410835.000 ns	     41082	800086a8	01bb56b3	srl	x13,x22,x27	 x22:0x00000000 x27:0x7fffffff x13=0x00000000
     410845.000 ns	     41083	800086ac	009bd793	srli	x15,x23,0x9	 x23:0x3f900000 x15=0x001fc800
     411205.000 ns	     41119	800086b0	03f74a33	div	x20,x14,x31	 x14:0x00000000 x31:0x80040fe4 x20=0x00000000
     411225.000 ns	     41121	800086b4	0127f5b3	and	x11,x15,x18	 x15:0x00000324 x18:0x01e09eed x11=0x00008800
     411235.000 ns	     41122	800086b8	015a29b3	slt	x19,x20,x21	 x20:0x00000000 x21:0xc0020812 x19=0x00000000
     411245.000 ns	     41123	800086bc	00d80033	add	x0,x16,x13	 x16:0x00000000 x13:0x00000000
     411255.000 ns	     41124	800086c0	01c95a93	srli	x21,x18,0x1c	 x18:0x01e09eed x21=0x00000000
     411615.000 ns	     41160	800086c4	031eedb3	rem	x27,x29,x17	 x29:0xb6f55000 x17:0x6bbc4000 x27=0xb6f55000
     411645.000 ns	     41163	800086c8	e00407d3	fmv.x.w	x15,f8	  f8:0x80000000 x15=0x80000000
     411675.000 ns	     41166	800086cc	02dfe333	rem	x6,x31,x13	 x31:0x80040fe4 x13:0x00000000  x6=0x80040fe4
     411695.000 ns	     41168	800086d0	00f75ab3	srl	x21,x14,x15	 x14:0x00000000 x15:0x80000000 x21=0x00000000
     411705.000 ns	     41169	800086d4	00ac33b3	sltu	x7,x24,x10	 x24:0x00000001 x10:0xc1e296ff  x7=0x00000001
     411725.000 ns	     41171	800086d8	e00299d3	fclass.s	x19,f5	  f5:0x7fc00000 x19=0x00000200
     411755.000 ns	     41174	800086dc	d01f9cd3	fcvt.s.wu	f25,x31	 x31:0x80040fe4 f25=0x4f00040f
     411795.000 ns	     41178	800086e0	10ed87d3	fmul.s	f15,f27,f14	 f27:0x4e7e4000 f14:0x00000000 f15=0x00000000
     411825.000 ns	     41181	800086e4	20849dd3	fsgnjn.s	f27,f9,f8	  f9:0x00000010  f8:0x80000000 f27=0x00000010
     411855.000 ns	     41184	800086e8	21f393d3	fsgnjn.s	f7,f7,f31	  f7:0x44b36000 f31:0x7fc00000  f7=0xc4b36000
     411905.000 ns	     41189	800086ec	018b99d3	fadd.s	f19,f23,f24	 f23:0x7fc00000 f24:0x3f800000 f19=0x7fc00000
     411935.000 ns	     41192	800086f0	21b41c53	fsgnjn.s	f24,f8,f27	  f8:0x80000000 f27:0x00000010 f24=0x80000000
     411965.000 ns	     41195	800086f4	02fc3233	mulhu	x4,x24,x15	 x24:0x00000001 x15:0x80000000  x4=0x00000000
     411985.000 ns	     41197	800086f8	5e4b0913	addi	x18,x22,1508	 x22:0x00000000 x18=0x000005e4
     411995.000 ns	     41198	800086fc	81bbfe93	andi	x29,x23,-2021	 x23:0x3f900000 x29=0x3f900000
     412015.000 ns	     41200	80008700	035d4833	div	x16,x26,x21	 x26:0xfffffffe x21:0x00000000 x16=0xffffffff
     412055.000 ns	     41204	80008704	5807f0d3	fsqrt.s	f1,f15	 f15:0x00000000  f1=0x00000000
     412085.000 ns	     41207	80008708	d0129453	fcvt.s.wu	f8,x5	  x5:0x00000000  f8=0x00000000
     412105.000 ns	     41209	8000870c	7eea2c93	slti	x25,x20,2030	 x20:0x00000000 x25=0x00000001
     412125.000 ns	     41211	80008710	e00f88d3	fmv.x.w	x17,f31	 f31:0x7fc00000 x17=0x7fc00000
     412175.000 ns	     41216	80008714	002226d3	fadd.s	f13,f4,f2	  f4:0x00000000  f2:0x00000001 f13=0x00000001
     412205.000 ns	     41219	80008718	c01432d3	fcvt.wu.s	x5,f8	  f8:0x00000000  x5=0x00000000
     412225.000 ns	     41221	8000871c	56889b17	auipc	x22,0x56889	 x22=0xd689171c
     412245.000 ns	     41223	80008720	a1641953	flt.s	x18,f8,f22	  f8:0x00000000 f22:0x4e7e4000 x18=0x00000001
     412285.000 ns	     41227	80008724	5807c5d3	fsqrt.s	f11,f15	 f15:0x00000000 f11=0x00000000
     412305.000 ns	     41229	80008728	409e55b3	sra	x11,x28,x9	 x28:0x00000000  x9:0x80041024 x11=0x00000000
     412325.000 ns	     41231	8000872c	02cadc33	divu	x24,x21,x12	 x21:0x00000000 x12:0x00000000 x24=0xffffffff
     412345.000 ns	     41233	80008730	4ffab693	sltiu	x13,x21,1279	 x21:0x00000000 x13=0x00000001
     412365.000 ns	     41235	80008734	03c44a33	div	x20,x8,x28	  x8:0xffffffff x28:0x00000000 x20=0xffffffff
     412395.000 ns	     41238	80008738	a0d002d3	fle.s	x5,f0,f13	  f0:0x7f800000 f13:0x00000001  x5=0x00000000
     412425.000 ns	     41241	8000873c	e0069853	fclass.s	x16,f13	 f13:0x00000001 x16=0x00000020
     412445.000 ns	     41243	80008740	19bcaf13	slti	x30,x25,411	 x25:0x00000001 x30=0x00000001
     412455.000 ns	     41244	80008744	01fd5e33	srl	x28,x26,x31	 x26:0xfffffffe x31:0x80040fe4 x28=0x0fffffff
     412475.000 ns	     41246	80008748	03733cb3	mulhu	x25,x6,x23	  x6:0x80040fe4 x23:0x3f900000 x25=0x1fc90232
     412505.000 ns	     41249	8000874c	03950a33	mul	x20,x10,x25	 x10:0xc1e296ff x25:0x00000001 x20=0x12a67bce
     412545.000 ns	     41253	80008750	118c4053	fmul.s	f0,f24,f24	 f24:0x80000000 f24:0x80000000  f0=0x00000000
     412565.000 ns	     41255	80008754	16653197	auipc	x3,0x16653	  x3=0x9665b754
     412585.000 ns	     41257	80008758	2004a5d3	fsgnjx.s	f11,f9,f0	  f9:0x00000010  f0:0x00000000 f11=0x00000010
     412605.000 ns	     41259	8000875c	813fab13	slti	x22,x31,-2029	 x31:0x80040fe4 x22=0x00000001
     412625.000 ns	     41261	80008760	e0061353	fclass.s	x6,f12	 f12:0x1f35049a  x6=0x00000040
     412645.000 ns	     41263	80008764	2a440a13	addi	x20,x8,676	  x8:0xffffffff x20=0x000002a3
     412665.000 ns	     41265	80008768	21ba20d3	fsgnjx.s	f1,f20,f27	 f20:0xbef5f8bc f27:0x00000010  f1=0xbef5f8bc
     412695.000 ns	     41268	8000876c	023eab33	mulhsu	x22,x29,x3	 x29:0x3f900000  x3:0x9665b754 x22=0x2557a154
     412725.000 ns	     41271	80008770	02649a33	mulh	x20,x9,x6	  x9:0x80041024  x6:0x00000040 x20=0xffffffe0
     412755.000 ns	     41274	80008774	202a2153	fsgnjx.s	f2,f20,f2	 f20:0xbef5f8bc  f2:0x00000001  f2=0xbef5f8bc
     412775.000 ns	     41276	80008778	05a4c693	xori	x13,x9,90	  x9:0x80041024 x13=0x8004107e
     412785.000 ns	     41277	8000877c	41915d93	srai	x27,x2,0x19	  x2:0x00000001 x27=0x00000000
     412805.000 ns	     41279	80008780	f00f8e53	fmv.w.x	f28,x31	 x31:0x80040fe4 f28=0x80040fe4
     412825.000 ns	     41281	80008784	00000013	addi	x0,x0,0	  x0:0x00000000
     412835.000 ns	     41282	80008788	006cb033	sltu	x0,x25,x6	 x25:0x1fc90232  x6:0x00000040
     412855.000 ns	     41284	8000878c	c00672d3	fcvt.w.s	x5,f12	 f12:0x1f35049a  x5=0x00000000
     412875.000 ns	     41286	80008790	708bbe97	auipc	x29,0x708bb	 x29=0xf08c3790
     412885.000 ns	     41287	80008794	45920193	addi	x3,x4,1113	  x4:0x00000000  x3=0x00000459
     412905.000 ns	     41289	80008798	03b282b3	mul	x5,x5,x27	  x5:0x00000000 x27:0x00000000  x5=0x00000000
     412925.000 ns	     41291	8000879c	00fcf9b3	and	x19,x25,x15	 x25:0x1fc90232 x15:0x80000000 x19=0x00000000
     413285.000 ns	     41327	800087a0	02fef1b3	remu	x3,x29,x15	 x29:0xf08c3790 x15:0x80000000  x3=0x708c3790
     413325.000 ns	     41331	800087a4	18083053	fdiv.s	f0,f16,f0	 f16:0x7f800000  f0:0x00000000  f0=0x7f800000
     413355.000 ns	     41334	800087a8	21430dd3	fsgnj.s	f27,f6,f20	  f6:0x00000001 f20:0xbef5f8bc f27=0x80000001
     413385.000 ns	     41337	800087ac	028f8d33	mul	x26,x31,x8	 x31:0x80040fe4  x8:0xffffffff x26=0x7ffbf01c
     413415.000 ns	     41340	800087b0	02c74833	div	x16,x14,x12	 x14:0x00000000 x12:0x00000000 x16=0xffffffff
     413445.000 ns	     41343	800087b4	21292f53	fsgnjx.s	f30,f18,f18	 f18:0x00000000 f18:0x00000000 f30=0x00000000
     413465.000 ns	     41345	800087b8	40cb5c13	srai	x24,x22,0xc	 x22:0x2557a154 x24=0x0002557a
     413475.000 ns	     41346	800087bc	01f1ec33	or	x24,x3,x31	  x3:0x708c3790 x31:0x80040fe4 x24=0xf08c3ff4
     413485.000 ns	     41347	800087c0	22893b93	sltiu	x23,x18,552	 x18:0x00000001 x23=0x00000001
     413495.000 ns	     41348	800087c4	db300313	addi	x6,x0,-589	  x0:0x00000000  x6=0xfffffdb3
     413525.000 ns	     41351	800087c8	19a882d3	fdiv.s	f5,f17,f26	 f17:0x7fc00000 f26:0x80000000  f5=0x7fc00000
     413895.000 ns	     41388	800087cc	0310f033	remu	x0,x1,x17	  x1:0xffffffff x17:0x7fc00000
     413925.000 ns	     41391	800087d0	e00d85d3	fmv.x.w	x11,f27	 f27:0x80000001 x11=0x80000001
     413945.000 ns	     41393	800087d4	005526b3	slt	x13,x10,x5	 x10:0xc1e296ff  x5:0x00000000 x13=0x00000001
     413955.000 ns	     41394	800087d8	0129cd33	xor	x26,x19,x18	 x19:0x00000000 x18:0x00000001 x26=0x00000001
     413965.000 ns	     41395	800087dc	0019b933	sltu	x18,x19,x1	 x19:0x00000000  x1:0xffffffff x18=0x00000001
     413975.000 ns	     41396	800087e0	400ad213	srai	x4,x21,0x0	 x21:0x00000000  x4=0x00000000
     413995.000 ns	     41398	800087e4	a0560ad3	fle.s	x21,f12,f5	 f12:0x1f35049a  f5:0x7fc00000 x21=0x00000000
     414025.000 ns	     41401	800087e8	f0008153	fmv.w.x	f2,x1	  x1:0xffffffff  f2=0xffffffff
     414045.000 ns	     41403	800087ec	e32ec113	xori	x2,x29,-462	 x29:0xf08c3790  x2=0x0f73c9a2
     414065.000 ns	     41405	800087f0	02e97bb3	remu	x23,x18,x14	 x18:0x00000001 x14:0x00000000 x23=0x00000001
     414115.000 ns	     41410	800087f4	082772d3	fsub.s	f5,f14,f2	 f14:0x00000000  f2:0xffffffff  f5=0x7fc00000
     414155.000 ns	     41414	800087f8	1922f453	fdiv.s	f8,f5,f18	  f5:0x7fc00000 f18:0x00000000  f8=0x7fc00000
     414195.000 ns	     41418	800087fc	197b9253	fdiv.s	f4,f23,f23	 f23:0x7fc00000 f23:0x7fc00000  f4=0x7fc00000
     414225.000 ns	     41421	80008800	c0097053	fcvt.w.s	x0,f18	 f18:0x00000000
     414255.000 ns	     41424	80008804	c00d1ed3	fcvt.w.s	x29,f26	 f26:0x80000000 x29=0x00000000
     414285.000 ns	     41427	80008808	21472153	fsgnjx.s	f2,f14,f20	 f14:0x00000000 f20:0xbef5f8bc  f2=0x80000000
     414335.000 ns	     41432	8000880c	09c67953	fsub.s	f18,f12,f28	 f12:0x1f35049a f28:0x80040fe4 f18=0x1f35049a
     414365.000 ns	     41435	80008810	02c80333	mul	x6,x16,x12	 x16:0xffffffff x12:0x00000000  x6=0x00000000
     414385.000 ns	     41437	80008814	01b0d0b3	srl	x1,x1,x27	  x1:0xffffffff x27:0x00000000  x1=0xffffffff
     414405.000 ns	     41439	80008818	035a6e33	rem	x28,x20,x21	 x20:0xffffffe0 x21:0x00000000 x28=0xffffffe0
     414445.000 ns	     41443	8000881c	10af0fd3	fmul.s	f31,f30,f10	 f30:0x00000000 f10:0x7fc00000 f31=0x7fc00000
     414465.000 ns	     41445	80008820	01121eb3	sll	x29,x4,x17	  x4:0x00000000 x17:0x7fc00000 x29=0x00000000
     414825.000 ns	     41481	80008824	03acd833	divu	x16,x25,x26	 x25:0x1fc90232 x26:0x00000001 x16=0x1fc90232
     414855.000 ns	     41484	80008828	e0011e53	fclass.s	x28,f2	  f2:0x80000000 x28=0x00000008
     414885.000 ns	     41487	8000882c	c01efa53	fcvt.wu.s	x20,f29	 f29:0x44293da8 x20=0x000002a4
     414915.000 ns	     41490	80008830	213c95d3	fsgnjn.s	f11,f25,f19	 f25:0x4f00040f f19:0x7fc00000 f11=0xcf00040f
     414935.000 ns	     41492	80008834	23062793	slti	x15,x12,560	 x12:0x00000000 x15=0x00000001
     415295.000 ns	     41528	80008838	037ce9b3	rem	x19,x25,x23	 x25:0x1fc90232 x23:0x00000001 x19=0x00000000
     415335.000 ns	     41532	8000883c	19a34dd3	fdiv.s	f27,f6,f26	  f6:0x00000001 f26:0x80000000 f27=0xff800000
     415365.000 ns	     41535	80008840	206c14d3	fsgnjn.s	f9,f24,f6	 f24:0x80000000  f6:0x00000001  f9=0x80000000
     415395.000 ns	     41538	80008844	020a19b3	mulh	x19,x20,x0	 x20:0x000002a4  x0:0x00000000 x19=0x00000000
     415425.000 ns	     41541	80008848	a01590d3	flt.s	x1,f11,f1	 f11:0xcf00040f  f1:0xbef5f8bc  x1=0x00000001
     415455.000 ns	     41544	8000884c	03ca3933	mulhu	x18,x20,x28	 x20:0x000002a4 x28:0x00000008 x18=0x00000000
     415485.000 ns	     41547	80008850	21071d53	fsgnjn.s	f26,f14,f16	 f14:0x00000000 f16:0x7f800000 f26=0x80000000
     415505.000 ns	     41549	80008854	006af733	and	x14,x21,x6	 x21:0x00000000  x6:0x00000000 x14=0x00000000
     415515.000 ns	     41550	80008858	0026f8b3	and	x17,x13,x2	 x13:0x00000001  x2:0x0f73c9a2 x17=0x00000000
     415525.000 ns	     41551	8000885c	94033b93	sltiu	x23,x6,-1728	  x6:0x00000000 x23=0x00000001
     415545.000 ns	     41553	80008860	29230ed3	fmin.s	f29,f6,f18	  f6:0x00000001 f18:0x1f35049a f29=0x00000001
     415565.000 ns	     41555	80008864	00000013	addi	x0,x0,0	  x0:0x00000000
     415575.000 ns	     41556	80008868	5345ba93	sltiu	x21,x11,1332	 x11:0x80000001 x21=0x00000000
     415595.000 ns	     41558	8000886c	024d6c33	rem	x24,x26,x4	 x26:0x00000001  x4:0x00000000 x24=0x00000001
     415645.000 ns	     41563	80008870	08987953	fsub.s	f18,f16,f9	 f16:0x7f800000  f9:0x80000000 f18=0x7f800000
     415675.000 ns	     41566	80008874	02a602b3	mul	x5,x12,x10	 x12:0x00000000 x10:0xc1e296ff  x5=0x00000000
     415695.000 ns	     41568	80008878	00df9193	slli	x3,x31,0xd	 x31:0x80040fe4  x3=0x81fc8000
     415715.000 ns	     41570	8000887c	f0068d53	fmv.w.x	f26,x13	 x13:0x00000001 f26=0x00000001
     415745.000 ns	     41573	80008880	035f53b3	divu	x7,x30,x21	 x30:0x00000001 x21:0x00000000  x7=0xffffffff
     415775.000 ns	     41576	80008884	c01dcbd3	fcvt.wu.s	x23,f27	 f27:0xff800000 x23=0x00000000
     415805.000 ns	     41579	80008888	a1180cd3	fle.s	x25,f16,f17	 f16:0x7f800000 f17:0x7fc00000 x25=0x00000000
     415835.000 ns	     41582	8000888c	f00b8c53	fmv.w.x	f24,x23	 x23:0x00000000 f24=0x00000000
     415855.000 ns	     41584	80008890	00257733	and	x14,x10,x2	 x10:0xc1e296ff  x2:0x0f73c9a2 x14=0x016280a2
     415875.000 ns	     41586	80008894	208f9a53	fsgnjn.s	f20,f31,f8	 f31:0x7fc00000  f8:0x7fc00000 f20=0xffc00000
     415895.000 ns	     41588	80008898	00a09313	slli	x6,x1,0xa	  x1:0x00000001  x6=0x00000400
     415905.000 ns	     41589	8000889c	01bd6733	or	x14,x26,x27	 x26:0x00000001 x27:0x00000000 x14=0x00000001
     415925.000 ns	     41591	800088a0	28ed8753	fmin.s	f14,f27,f14	 f27:0xff800000 f14:0x00000000 f14=0xff800000
     415945.000 ns	     41593	800088a4	a2980c93	addi	x25,x16,-1495	 x16:0x1fc90232 x25=0x1fc8fc5b
     415965.000 ns	     41595	800088a8	0398b6b3	mulhu	x13,x17,x25	 x17:0x00000000 x25:0x00000000 x13=0x00000000
     415995.000 ns	     41598	800088ac	a0812a53	feq.s	x20,f2,f8	  f2:0x80000000  f8:0x7fc00000 x20=0x00000000
     416015.000 ns	     41600	800088b0	41745093	srai	x1,x8,0x17	  x8:0xffffffff  x1=0xffffffff
     416035.000 ns	     41602	800088b4	20788153	fsgnj.s	f2,f17,f7	 f17:0x7fc00000  f7:0xc4b36000  f2=0xffc00000
     416405.000 ns	     41639	800088b8	02f0c333	div	x6,x1,x15	  x1:0x00000001 x15:0x00000001  x6=0xffffffff
     416425.000 ns	     41641	800088bc	00e71d33	sll	x26,x14,x14	 x14:0x00000001 x14:0x00000001 x26=0x00000002
     416445.000 ns	     41643	800088c0	20f3aed3	fsgnjx.s	f29,f7,f15	  f7:0xc4b36000 f15:0x00000000 f29=0xc4b36000
     416465.000 ns	     41645	800088c4	dead8437	lui	x8,0xdead8	  x8=0xdead8000
     416495.000 ns	     41648	800088c8	102102d3	fmul.s	f5,f2,f2	  f2:0xffc00000  f2:0xffc00000  f5=0x7fc00000
     416515.000 ns	     41650	800088cc	353b7c37	lui	x24,0x353b7	 x24=0x353b7000
     416525.000 ns	     41651	800088d0	01d11993	slli	x19,x2,0x1d	  x2:0x0f73c9a2 x19=0x40000000
     416535.000 ns	     41652	800088d4	40245993	srai	x19,x8,0x2	  x8:0xdead8000 x19=0xf7ab6000
     416555.000 ns	     41654	800088d8	f00103d3	fmv.w.x	f7,x2	  x2:0x0f73c9a2  f7=0x0f73c9a2
     416585.000 ns	     41657	800088dc	c01d73d3	fcvt.wu.s	x7,f26	 f26:0x00000001  x7=0x00000000
     416605.000 ns	     41659	800088e0	00bc5a93	srli	x21,x24,0xb	 x24:0x353b7000 x21=0x0006a76e
     416615.000 ns	     41660	800088e4	599aeab7	lui	x21,0x599ae	 x21=0x599ae000
     416635.000 ns	     41662	800088e8	203395d3	fsgnjn.s	f11,f7,f3	  f7:0x0f73c9a2  f3:0xfe34b4b6 f11=0x0f73c9a2
     417005.000 ns	     41699	800088ec	0368d9b3	divu	x19,x17,x22	 x17:0x00000000 x22:0x2557a154 x19=0x00000000
     417025.000 ns	     41701	800088f0	21debc13	sltiu	x24,x29,541	 x29:0x00000000 x24=0x00000001
     417035.000 ns	     41702	800088f4	01f19e93	slli	x29,x3,0x1f	  x3:0x81fc8000 x29=0x00000000
     417055.000 ns	     41704	800088f8	d015f4d3	fcvt.s.wu	f9,x11	 x11:0x80000001  f9=0x4f000000
     417085.000 ns	     41707	800088fc	03f911b3	mulh	x3,x18,x31	 x18:0x00000000 x31:0x80040fe4  x3=0x00000000
     417105.000 ns	     41709	80008900	45d83c93	sltiu	x25,x16,1117	 x16:0x1fc90232 x25=0x00000000
     417125.000 ns	     41711	80008904	21b5a953	fsgnjx.s	f18,f11,f27	 f11:0x0f73c9a2 f27:0xff800000 f18=0x8f73c9a2
     417145.000 ns	     41713	80008908	99742993	slti	x19,x8,-1641	  x8:0xdead8000 x19=0x00000001
     417165.000 ns	     41715	8000890c	e00f0e53	fmv.x.w	x28,f30	 f30:0x00000000 x28=0x00000000
     417185.000 ns	     41717	80008910	3b696e13	ori	x28,x18,950	 x18:0x00000000 x28=0x000003b6
     417205.000 ns	     41719	80008914	f0020dd3	fmv.w.x	f27,x4	  x4:0x00000000 f27=0x00000000
     417225.000 ns	     41721	80008918	00948eb3	add	x29,x9,x9	  x9:0x80041024  x9:0x80041024 x29=0x00082048
     417245.000 ns	     41723	8000891c	28e00853	fmin.s	f16,f0,f14	  f0:0x7f800000 f14:0xff800000 f16=0xff800000
     417285.000 ns	     41727	80008920	102facd3	fmul.s	f25,f31,f2	 f31:0x7fc00000  f2:0xffc00000 f25=0x7fc00000
     417655.000 ns	     41764	80008924	02fbe233	rem	x4,x23,x15	 x23:0x00000000 x15:0x00000001  x4=0x00000000
     417675.000 ns	     41766	80008928	01d05133	srl	x2,x0,x29	  x0:0x00000000 x29:0x00082048  x2=0x00000000
     418035.000 ns	     41802	8000892c	03827c33	remu	x24,x4,x24	  x4:0x00000000 x24:0x00000001 x24=0x00000000
     418055.000 ns	     41804	80008930	f0cf20b7	lui	x1,0xf0cf2	  x1=0xf0cf2000
     418075.000 ns	     41806	80008934	e0008d53	fmv.x.w	x26,f1	  f1:0xbef5f8bc x26=0xbef5f8bc
     418095.000 ns	     41808	80008938	00bee833	or	x16,x29,x11	 x29:0x00082048 x11:0x80000001 x16=0x80082049
     418115.000 ns	     41810	8000893c	03ad3cb3	mulhu	x25,x26,x26	 x26:0xbef5f8bc x26:0xbef5f8bc x25=0x8e72098d
     418135.000 ns	     41812	80008940	1ee7a993	slti	x19,x15,494	 x15:0x00000001 x19=0x00000001
     418145.000 ns	     41813	80008944	a38fc0b7	lui	x1,0xa38fc	  x1=0xa38fc000
     418165.000 ns	     41815	80008948	a1a701d3	fle.s	x3,f14,f26	 f14:0xff800000 f26:0x00000001  x3=0x00000001
     418195.000 ns	     41818	8000894c	20c6a4d3	fsgnjx.s	f9,f13,f12	 f13:0x00000001 f12:0x1f35049a  f9=0x00000001
     418235.000 ns	     41822	80008950	1938f0d3	fdiv.s	f1,f17,f19	 f17:0x7fc00000 f19:0x7fc00000  f1=0x7fc00000
     418265.000 ns	     41825	80008954	032da7b3	mulhsu	x15,x27,x18	 x27:0x00000000 x18:0x00000000 x15=0x00000000
     418285.000 ns	     41827	80008958	39024217	auipc	x4,0x39024	  x4=0xb902c958
     418305.000 ns	     41829	8000895c	28dd84d3	fmin.s	f9,f27,f13	 f27:0x00000000 f13:0x00000001  f9=0x00000000
     418335.000 ns	     41832	80008960	21ddaa53	fsgnjx.s	f20,f27,f29	 f27:0x00000000 f29:0xc4b36000 f20=0x80000000
     418365.000 ns	     41835	80008964	212785d3	fsgnj.s	f11,f15,f18	 f15:0x00000000 f18:0x8f73c9a2 f11=0x80000000
     418385.000 ns	     41837	80008968	66600693	addi	x13,x0,1638	  x0:0x00000000 x13=0x00000666
     418405.000 ns	     41839	8000896c	203881d3	fsgnj.s	f3,f17,f3	 f17:0x7fc00000  f3:0xfe34b4b6  f3=0xffc00000
     418425.000 ns	     41841	80008970	ff932b13	slti	x22,x6,-7	  x6:0xffffffff x22=0x00000000
     418445.000 ns	     41843	80008974	0278f633	remu	x12,x17,x7	 x17:0x00000000  x7:0x00000000 x12=0x00000000
     418475.000 ns	     41846	80008978	21f806d3	fsgnj.s	f13,f16,f31	 f16:0xff800000 f31:0x7fc00000 f13=0x7f800000
     418495.000 ns	     41848	8000897c	0135d9b3	srl	x19,x11,x19	 x11:0x80000001 x19:0x00000001 x19=0x40000000
     418515.000 ns	     41850	80008980	a1ad0dd3	fle.s	x27,f26,f26	 f26:0x00000001 f26:0x00000001 x27=0x00000001
     418885.000 ns	     41887	80008984	03ca5a33	divu	x20,x20,x28	 x20:0x00000000 x28:0x000003b6 x20=0x00000000
     418905.000 ns	     41889	80008988	014b67b3	or	x15,x22,x20	 x22:0x00000000 x20:0x00000000 x15=0x00000000
     419265.000 ns	     41925	8000898c	021fc6b3	div	x13,x31,x1	 x31:0x80040fe4  x1:0xa38fc000 x13=0x00000001
     419285.000 ns	     41927	80008990	00b028b3	slt	x17,x0,x11	  x0:0x00000000 x11:0x80000001 x17=0x00000000
     419305.000 ns	     41929	80008994	a1d28653	fle.s	x12,f5,f29	  f5:0x7fc00000 f29:0xc4b36000 x12=0x00000000
     419325.000 ns	     41931	80008998	407a5313	srai	x6,x20,0x7	 x20:0x00000000  x6=0x00000000
     420495.000 ns	     42048	8000899c	580304d3	fsqrt.s	f9,f6	  f6:0x00000001  f9=0x1f350483
     420515.000 ns	     42050	800089a0	00882e33	slt	x28,x16,x8	 x16:0x80082049  x8:0xdead8000 x28=0x00000001
     420525.000 ns	     42051	800089a4	006aeab3	or	x21,x21,x6	 x21:0x599ae000  x6:0x00000000 x21=0x599ae000
     420885.000 ns	     42087	800089a8	0356fcb3	remu	x25,x13,x21	 x13:0x00000001 x21:0x599ae000 x25=0x00000001
     420905.000 ns	     42089	800089ac	0044e8b3	or	x17,x9,x4	  x9:0x80041024  x4:0xb902c958 x17=0xb906d97c
     420925.000 ns	     42091	800089b0	a1069953	flt.s	x18,f13,f16	 f13:0x7f800000 f16:0xff800000 x18=0x00000000
     420945.000 ns	     42093	800089b4	01350633	add	x12,x10,x19	 x10:0xc1e296ff x19:0x40000000 x12=0x01e296ff
     420955.000 ns	     42094	800089b8	00000013	addi	x0,x0,0	  x0:0x00000000
     420985.000 ns	     42097	800089bc	5807f153	fsqrt.s	f2,f15	 f15:0x00000000  f2=0x00000000
     421015.000 ns	     42100	800089c0	a10b0653	fle.s	x12,f22,f16	 f22:0x4e7e4000 f16:0xff800000 x12=0x00000000
     421035.000 ns	     42102	800089c4	00000013	addi	x0,x0,0	  x0:0x00000000
     421055.000 ns	     42104	800089c8	e00d9153	fclass.s	x2,f27	 f27:0x00000000  x2=0x00000010
     421075.000 ns	     42106	800089cc	f65e3e93	sltiu	x29,x28,-155	 x28:0x00000001 x29=0x00000001
     421095.000 ns	     42108	800089d0	c0032853	fcvt.w.s	x16,f6	  f6:0x00000001 x16=0x00000000
     421115.000 ns	     42110	800089d4	01b16d33	or	x26,x2,x27	  x2:0x00000010 x27:0x00000001 x26=0x00000011
     421135.000 ns	     42112	800089d8	f00787d3	fmv.w.x	f15,x15	 x15:0x00000000 f15=0x00000000
     421155.000 ns	     42114	800089dc	00000013	addi	x0,x0,0	  x0:0x00000000
     421165.000 ns	     42115	800089e0	d8ea4093	xori	x1,x20,-626	 x20:0x00000000  x1=0xfffffd8e
     421185.000 ns	     42117	800089e4	201f9553	fsgnjn.s	f10,f31,f1	 f31:0x7fc00000  f1:0x7fc00000 f10=0xffc00000
     421205.000 ns	     42119	800089e8	00c6eeb3	or	x29,x13,x12	 x13:0x00000001 x12:0x00000000 x29=0x00000001
     421225.000 ns	     42121	800089ec	c01efd53	fcvt.wu.s	x26,f29	 f29:0xc4b36000 x26=0x0000059b
     421245.000 ns	     42123	800089f0	40500c33	sub	x24,x0,x5	  x0:0x00000000  x5:0x00000000 x24=0x00000000
     421265.000 ns	     42125	800089f4	d01cfd53	fcvt.s.wu	f26,x25	 x25:0x00000001 f26=0x3f800000
     421305.000 ns	     42129	800089f8	19f02053	fdiv.s	f0,f0,f31	  f0:0x7f800000 f31:0x7fc00000  f0=0x7fc00000
     421325.000 ns	     42131	800089fc	3393a093	slti	x1,x7,825	  x7:0x00000000  x1=0x00000001
     421345.000 ns	     42133	80008a00	034b4633	div	x12,x22,x20	 x22:0x00000000 x20:0x00000000 x12=0xffffffff
     421375.000 ns	     42136	80008a04	02f5ccb3	div	x25,x11,x15	 x11:0x80000001 x15:0x00000000 x25=0xffffffff
     421425.000 ns	     42141	80008a08	01b4c3d3	fadd.s	f7,f9,f27	  f9:0x1f350483 f27:0x00000000  f7=0x1f350483
     421445.000 ns	     42143	80008a0c	00f70eb3	add	x29,x14,x15	 x14:0x00000001 x15:0x00000000 x29=0x00000001
     421455.000 ns	     42144	80008a10	00f3e9b3	or	x19,x7,x15	  x7:0x00000000 x15:0x00000000 x19=0x00000000
     421465.000 ns	     42145	80008a14	0091d613	srli	x12,x3,0x9	  x3:0x00000001 x12=0x00000000
     421825.000 ns	     42181	80008a18	035073b3	remu	x7,x0,x21	  x0:0x00000000 x21:0x599ae000  x7=0x00000000
     421845.000 ns	     42183	80008a1c	fdaa7993	andi	x19,x20,-38	 x20:0x00000000 x19=0x00000000
     421865.000 ns	     42185	80008a20	a0ec8f53	fle.s	x30,f25,f14	 f25:0x7fc00000 f14:0xff800000 x30=0x00000000
     421895.000 ns	     42188	80008a24	028021b3	mulhsu	x3,x0,x8	  x0:0x00000000  x8:0xdead8000  x3=0x00000000
     421925.000 ns	     42191	80008a28	2018a753	fsgnjx.s	f14,f17,f1	 f17:0x7fc00000  f1:0x7fc00000 f14=0x7fc00000
     421945.000 ns	     42193	80008a2c	00ee1433	sll	x8,x28,x14	 x28:0x00000001 x14:0x00000001  x8=0x00000002
     421965.000 ns	     42195	80008a30	a06481d3	fle.s	x3,f9,f6	  f9:0x1f350483  f6:0x00000001  x3=0x00000000
     421995.000 ns	     42198	80008a34	20e405d3	fsgnj.s	f11,f8,f14	  f8:0x7fc00000 f14:0x7fc00000 f11=0x7fc00000
     422045.000 ns	     42203	80008a38	0071fed3	fadd.s	f29,f3,f7	  f3:0xffc00000  f7:0x1f350483 f29=0x7fc00000
     422075.000 ns	     42206	80008a3c	03384bb3	div	x23,x16,x19	 x16:0x00000000 x19:0x00000000 x23=0xffffffff
     422105.000 ns	     42209	80008a40	f0060e53	fmv.w.x	f28,x12	 x12:0x00000000 f28=0x00000000
     422145.000 ns	     42213	80008a44	580504d3	fsqrt.s	f9,f10	 f10:0xffc00000  f9=0x7fc00000
     422175.000 ns	     42216	80008a48	d015c653	fcvt.s.wu	f12,x11	 x11:0x80000001 f12=0x4f000000
     422205.000 ns	     42219	80008a4c	02fa2233	mulhsu	x4,x20,x15	 x20:0x00000000 x15:0x00000000  x4=0x00000000
     422235.000 ns	     42222	80008a50	d0060a53	fcvt.s.w	f20,x12	 x12:0x00000000 f20=0x00000000
     422265.000 ns	     42225	80008a54	c018fa53	fcvt.wu.s	x20,f17	 f17:0x7fc00000 x20=0xffffffff
     422295.000 ns	     42228	80008a58	c01cfa53	fcvt.wu.s	x20,f25	 f25:0x7fc00000 x20=0xffffffff
     423285.000 ns	     42327	80008a5c	580b7453	fsqrt.s	f8,f22	 f22:0x4e7e4000  f8=0x46b3c7b7
     423305.000 ns	     42329	80008a60	40fe5d13	srai	x26,x28,0xf	 x28:0x00000001 x26=0x00000000
     423315.000 ns	     42330	80008a64	00568d33	add	x26,x13,x5	 x13:0x00000001  x5:0x00000000 x26=0x00000001
     423345.000 ns	     42333	80008a68	19ba0653	fdiv.s	f12,f20,f27	 f20:0x00000000 f27:0x00000000 f12=0x7fc00000
     423365.000 ns	     42335	80008a6c	072b0993	addi	x19,x22,114	 x22:0x00000000 x19=0x00000072
     423375.000 ns	     42336	80008a70	8ee1a193	slti	x3,x3,-1810	  x3:0x00000000  x3=0x00000000
     423415.000 ns	     42340	80008a74	01547cd3	fadd.s	f25,f8,f21	  f8:0x46b3c7b7 f21:0x3f7fffae f25=0x46b3c9b6
     423445.000 ns	     42343	80008a78	217187d3	fsgnj.s	f15,f3,f23	  f3:0xffc00000 f23:0x7fc00000 f15=0x7fc00000
     423465.000 ns	     42345	80008a7c	006e9813	slli	x16,x29,0x6	 x29:0x00000001 x16=0x00000040
     423485.000 ns	     42347	80008a80	03e27f33	remu	x30,x4,x30	  x4:0x00000000 x30:0x00000000 x30=0x00000000
     423515.000 ns	     42350	80008a84	c0087053	fcvt.w.s	x0,f16	 f16:0xff800000
     423535.000 ns	     42352	80008a88	0050dd93	srli	x27,x1,0x5	  x1:0x00000001 x27=0x00000000
     423555.000 ns	     42354	80008a8c	f00c0753	fmv.w.x	f14,x24	 x24:0x00000000 f14=0x00000000
     423575.000 ns	     42356	80008a90	01284db3	xor	x27,x16,x18	 x16:0x00000040 x18:0x00000000 x27=0x00000040
     423585.000 ns	     42357	80008a94	00069093	slli	x1,x13,0x0	 x13:0x00000001  x1=0x00000001
     423625.000 ns	     42361	80008a98	09b10f53	fsub.s	f30,f2,f27	  f2:0x00000000 f27:0x00000000 f30=0x80000000
     423655.000 ns	     42364	80008a9c	d00c78d3	fcvt.s.w	f17,x24	 x24:0x00000000 f17=0x00000000
     423685.000 ns	     42367	80008aa0	e00c17d3	fclass.s	x15,f24	 f24:0x00000000 x15=0x00000010
     423715.000 ns	     42370	80008aa4	28e69153	fmax.s	f2,f13,f14	 f13:0x7f800000 f14:0x00000000  f2=0x7f800000
     423755.000 ns	     42374	80008aa8	191117d3	fdiv.s	f15,f2,f17	  f2:0x00000000 f17:0x00000000 f15=0x7f800000
     423775.000 ns	     42376	80008aac	47e85017	auipc	x0,0x47e85	
     423785.000 ns	     42377	80008ab0	43287993	andi	x19,x16,1074	 x16:0x00000040 x19=0x00000000
     423795.000 ns	     42378	80008ab4	41068bb3	sub	x23,x13,x16	 x13:0x00000001 x16:0x00000040 x23=0xffffffc1
     423825.000 ns	     42381	80008ab8	18c0fbd3	fdiv.s	f23,f1,f12	  f1:0x7fc00000 f12:0x7fc00000 f23=0x7fc00000
     423845.000 ns	     42383	80008abc	3ba53a13	sltiu	x20,x10,954	 x10:0xc1e296ff x20=0x00000000
     423865.000 ns	     42385	80008ac0	20020253	fsgnj.s	f4,f4,f0	  f4:0x7fc00000  f0:0x7fc00000  f4=0x7fc00000
     423885.000 ns	     42387	80008ac4	00000013	addi	x0,x0,0	  x0:0x00000000
     423895.000 ns	     42388	80008ac8	00e42833	slt	x16,x8,x14	  x8:0x00000002 x14:0x00000001 x16=0x00000000
     423915.000 ns	     42390	80008acc	030e21b3	mulhsu	x3,x28,x16	 x28:0x00000001 x16:0x00000040  x3=0x00000000
     423945.000 ns	     42393	80008ad0	02a33bb3	mulhu	x23,x6,x10	  x6:0x00000000 x10:0xc1e296ff x23=0x00000000
     423965.000 ns	     42395	80008ad4	40cc5133	sra	x2,x24,x12	 x24:0x00000000 x12:0x00000000  x2=0x00000000
     424005.000 ns	     42399	80008ad8	008b9b53	fadd.s	f22,f23,f8	 f23:0x7fc00000  f8:0x46b3c7b7 f22=0x7fc00000
     424025.000 ns	     42401	80008adc	67934a13	xori	x20,x6,1657	  x6:0x00000000 x20=0x00000679
     424045.000 ns	     42403	80008ae0	02489833	mulh	x16,x17,x4	 x17:0xb906d97c  x4:0x00000000 x16=0x00000000
     424075.000 ns	     42406	80008ae4	d014f453	fcvt.s.wu	f8,x9	  x9:0x80041024  f8=0x4f000410
     424105.000 ns	     42409	80008ae8	d00578d3	fcvt.s.w	f17,x10	 x10:0xc1e296ff f17=0xce7875a4
     424135.000 ns	     42412	80008aec	200f0cd3	fsgnj.s	f25,f30,f0	 f30:0x80000000  f0:0x7fc00000 f25=0x00000000
     424165.000 ns	     42415	80008af0	03f22cb3	mulhsu	x25,x4,x31	  x4:0x00000000 x31:0x80040fe4 x25=0x00000000
     424185.000 ns	     42417	80008af4	58522913	slti	x18,x4,1413	  x4:0x00000000 x18=0x00000001
     424195.000 ns	     42418	80008af8	3af4c213	xori	x4,x9,943	  x9:0x80041024  x4=0x8004138b
     424235.000 ns	     42422	80008afc	0186fed3	fadd.s	f29,f13,f24	 f13:0x7f800000 f24:0x00000000 f29=0x7f800000
     424265.000 ns	     42425	80008b00	e0068bd3	fmv.x.w	x23,f13	 f13:0x7f800000 x23=0x7f800000
     424315.000 ns	     42430	80008b04	006dfa53	fadd.s	f20,f27,f6	 f27:0x00000000  f6:0x00000001 f20=0x00000001
     424335.000 ns	     42432	80008b08	13090913	addi	x18,x18,304	 x18:0x00000001 x18=0x00000131
     424345.000 ns	     42433	80008b0c	00fca7b3	slt	x15,x25,x15	 x25:0x00000000 x15:0x00000010 x15=0x00000001
     424365.000 ns	     42435	80008b10	a0e10853	fle.s	x16,f2,f14	  f2:0x7f800000 f14:0x00000000 x16=0x00000000
     424385.000 ns	     42437	80008b14	00cedf13	srli	x30,x29,0xc	 x29:0x00000001 x30=0x00000000
     424405.000 ns	     42439	80008b18	0364b6b3	mulhu	x13,x9,x22	  x9:0x80041024 x22:0x00000000 x13=0x00000000
     424435.000 ns	     42442	80008b1c	e00e00d3	fmv.x.w	x1,f28	 f28:0x00000000  x1=0x00000000
     424475.000 ns	     42446	80008b20	113b0253	fmul.s	f4,f22,f19	 f22:0x7fc00000 f19:0x7fc00000  f4=0x7fc00000
     424505.000 ns	     42449	80008b24	021d26b3	mulhsu	x13,x26,x1	 x26:0x00000001  x1:0x00000000 x13=0x00000000
     424525.000 ns	     42451	80008b28	8d85fb97	auipc	x23,0x8d85f	 x23=0x0d867b28
     424535.000 ns	     42452	80008b2c	018921b3	slt	x3,x18,x24	 x18:0x00000131 x24:0x00000000  x3=0x00000000
     424565.000 ns	     42455	80008b30	1886f1d3	fdiv.s	f3,f13,f8	 f13:0x7f800000  f8:0x4f000410  f3=0x7f800000
     424595.000 ns	     42458	80008b34	d0147753	fcvt.s.wu	f14,x8	  x8:0x00000002 f14=0x40000000
     424615.000 ns	     42460	80008b38	a142c637	lui	x12,0xa142c	 x12=0xa142c000
     424625.000 ns	     42461	80008b3c	afbf6913	ori	x18,x30,-1285	 x30:0x00000000 x18=0xfffffafb
     424635.000 ns	     42462	80008b40	e6c88993	addi	x19,x17,-404	 x17:0xb906d97c x19=0xb906d7e8
     424645.000 ns	     42463	80008b44	004a5693	srli	x13,x20,0x4	 x20:0x00000679 x13=0x00000067
     424655.000 ns	     42464	80008b48	cba4d897	auipc	x17,0xcba4d	 x17=0x4ba55b48
     424675.000 ns	     42466	80008b4c	c00fc3d3	fcvt.w.s	x7,f31	 f31:0x7fc00000  x7=0x7fffffff
     424705.000 ns	     42469	80008b50	026eff33	remu	x30,x29,x6	 x29:0x00000001  x6:0x00000000 x30=0x00000001
     424735.000 ns	     42472	80008b54	c011b153	fcvt.wu.s	x2,f3	  f3:0x7f800000  x2=0xffffffff
     424755.000 ns	     42474	80008b58	6052f697	auipc	x13,0x6052f	 x13=0xe0537b58
     424775.000 ns	     42476	80008b5c	d0137dd3	fcvt.s.wu	f27,x6	  x6:0x00000000 f27=0x00000000
     424805.000 ns	     42479	80008b60	a1af9853	flt.s	x16,f31,f26	 f31:0x7fc00000 f26:0x3f800000 x16=0x00000000
     424825.000 ns	     42481	80008b64	40165d33	sra	x26,x12,x1	 x12:0xa142c000  x1:0x00000000 x26=0xa142c000
     424835.000 ns	     42482	80008b68	00961433	sll	x8,x12,x9	 x12:0xa142c000  x9:0x80041024  x8=0x142c0000
     425195.000 ns	     42518	80008b6c	027e7eb3	remu	x29,x28,x7	 x28:0x00000001  x7:0x7fffffff x29=0x00000001
     425215.000 ns	     42520	80008b70	41ec57b3	sra	x15,x24,x30	 x24:0x00000000 x30:0x00000001 x15=0x00000000
     425225.000 ns	     42521	80008b74	0045fc33	and	x24,x11,x4	 x11:0x80000001  x4:0x8004138b x24=0x80000001
     425255.000 ns	     42524	80008b78	11ab2553	fmul.s	f10,f22,f26	 f22:0x7fc00000 f26:0x3f800000 f10=0x7fc00000
     425305.000 ns	     42529	80008b7c	09aec6d3	fsub.s	f13,f29,f26	 f29:0x7f800000 f26:0x3f800000 f13=0x7f800000
     425325.000 ns	     42531	80008b80	01a982b3	add	x5,x19,x26	 x19:0xb906d7e8 x26:0xa142c000  x5=0x5a4997e8
     425335.000 ns	     42532	80008b84	01decd33	xor	x26,x29,x29	 x29:0x00000001 x29:0x00000001 x26=0x00000000
     425355.000 ns	     42534	80008b88	a0c19d53	flt.s	x26,f3,f12	  f3:0x7f800000 f12:0x7fc00000 x26=0x00000000
     425375.000 ns	     42536	80008b8c	00a2feb3	and	x29,x5,x10	  x5:0x5a4997e8 x10:0xc1e296ff x29=0x404096e8
     425395.000 ns	     42538	80008b90	e00f0a53	fmv.x.w	x20,f30	 f30:0x80000000 x20=0x80000000
     425415.000 ns	     42540	80008b94	4061dd13	srai	x26,x3,0x6	  x3:0x00000000 x26=0x00000000
     425455.000 ns	     42544	80008b98	00e91253	fadd.s	f4,f18,f14	 f18:0x8f73c9a2 f14:0x40000000  f4=0x40000000
     425825.000 ns	     42581	80008b9c	025b6133	rem	x2,x22,x5	 x22:0x00000000  x5:0x5a4997e8  x2=0x00000000
     425845.000 ns	     42583	80008ba0	0288ea93	ori	x21,x17,40	 x17:0x4ba55b48 x21=0x4ba55b68
     425855.000 ns	     42584	80008ba4	00873bb3	sltu	x23,x14,x8	 x14:0x00000001  x8:0x142c0000 x23=0x00000001
     425875.000 ns	     42586	80008ba8	022139b3	mulhu	x19,x2,x2	  x2:0x00000000  x2:0x00000000 x19=0x00000000
     425905.000 ns	     42589	80008bac	288f10d3	fmax.s	f1,f30,f8	 f30:0x80000000  f8:0x4f000410  f1=0x4f000410
     425935.000 ns	     42592	80008bb0	c01cf853	fcvt.wu.s	x16,f25	 f25:0x00000000 x16=0x00000000
     426305.000 ns	     42629	80008bb4	03eadf33	divu	x30,x21,x30	 x21:0x4ba55b68 x30:0x00000001 x30=0x4ba55b68
     426325.000 ns	     42631	80008bb8	17d78c93	addi	x25,x15,381	 x15:0x00000000 x25=0x0000017d
     426335.000 ns	     42632	80008bbc	01bc77b3	and	x15,x24,x27	 x24:0x80000001 x27:0x00000040 x15=0x00000000
     426345.000 ns	     42633	80008bc0	01ee59b3	srl	x19,x28,x30	 x28:0x00000001 x30:0x4ba55b68 x19=0x00000000
     426365.000 ns	     42635	80008bc4	295a18d3	fmax.s	f17,f20,f21	 f20:0x00000001 f21:0x3f7fffae f17=0x3f7fffae
     426415.000 ns	     42640	80008bc8	09a02153	fsub.s	f2,f0,f26	  f0:0x7fc00000 f26:0x3f800000  f2=0x7fc00000
     426435.000 ns	     42642	80008bcc	01f60933	add	x18,x12,x31	 x12:0xa142c000 x31:0x80040fe4 x18=0x2146cfe4
     426445.000 ns	     42643	80008bd0	010ff233	and	x4,x31,x16	 x31:0x80040fe4 x16:0x00000000  x4=0x00000000
     426465.000 ns	     42645	80008bd4	e00395d3	fclass.s	x11,f7	  f7:0x1f350483 x11=0x00000040
     426485.000 ns	     42647	80008bd8	018455b3	srl	x11,x8,x24	  x8:0x142c0000 x24:0x80000001 x11=0x0a160000
     426495.000 ns	     42648	80008bdc	d7135237	lui	x4,0xd7135	  x4=0xd7135000
     426505.000 ns	     42649	80008be0	40c7d5b3	sra	x11,x15,x12	 x15:0x00000000 x12:0xa142c000 x11=0x00000000
     426525.000 ns	     42651	80008be4	023398b3	mulh	x17,x7,x3	  x7:0x7fffffff  x3:0x00000000 x17=0x00000000
     426545.000 ns	     42653	80008be8	01d30f33	add	x30,x6,x29	  x6:0x00000000 x29:0x404096e8 x30=0x404096e8
     426555.000 ns	     42654	80008bec	0021c133	xor	x2,x3,x2	  x3:0x00000000  x2:0x00000000  x2=0x00000000
     426575.000 ns	     42656	80008bf0	d004f953	fcvt.s.w	f18,x9	  x9:0x80041024 f18=0xcefff7df
     426595.000 ns	     42658	80008bf4	01c9c0b3	xor	x1,x19,x28	 x19:0x00000000 x28:0x00000001  x1=0x00000001
     426615.000 ns	     42660	80008bf8	f00288d3	fmv.w.x	f17,x5	  x5:0x5a4997e8 f17=0x5a4997e8
     426645.000 ns	     42663	80008bfc	f0088dd3	fmv.w.x	f27,x17	 x17:0x00000000 f27=0x00000000
     426665.000 ns	     42665	80008c00	f40279b7	lui	x19,0xf4027	 x19=0xf4027000
     426685.000 ns	     42667	80008c04	0360ceb3	div	x29,x1,x22	  x1:0x00000001 x22:0x00000000 x29=0xffffffff
     426705.000 ns	     42669	80008c08	019c1593	slli	x11,x24,0x19	 x24:0x80000001 x11=0x02000000
     426725.000 ns	     42671	80008c0c	c0199d53	fcvt.wu.s	x26,f19	 f19:0x7fc00000 x26=0xffffffff
     426745.000 ns	     42673	80008c10	000d7033	and	x0,x26,x0	 x26:0x00000000  x0:0x00000000
     426775.000 ns	     42676	80008c14	11abf1d3	fmul.s	f3,f23,f26	 f23:0x7fc00000 f26:0x3f800000  f3=0x7fc00000
     427145.000 ns	     42713	80008c18	034c6333	rem	x6,x24,x20	 x24:0x80000001 x20:0x80000000  x6=0x80000001
     427165.000 ns	     42715	80008c1c	005148b3	xor	x17,x2,x5	  x2:0x00000000  x5:0x5a4997e8 x17=0x5a4997e8
     427175.000 ns	     42716	80008c20	00119933	sll	x18,x3,x1	  x3:0x00000000  x1:0x00000001 x18=0x00000000
     427185.000 ns	     42717	80008c24	145cfa93	andi	x21,x25,325	 x25:0x0000017d x21=0x00000145
     427205.000 ns	     42719	80008c28	c00f7b53	fcvt.w.s	x22,f30	 f30:0x80000000 x22=0x00000000
     427235.000 ns	     42722	80008c2c	0224a6b3	mulhsu	x13,x9,x2	  x9:0x80041024  x2:0x00000000 x13=0x00000000
     427255.000 ns	     42724	80008c30	01427733	and	x14,x4,x20	  x4:0xd7135000 x20:0x80000000 x14=0x80000000
     427285.000 ns	     42727	80008c34	115f7c53	fmul.s	f24,f30,f21	 f30:0x80000000 f21:0x3f7fffae f24=0x80000000
     427305.000 ns	     42729	80008c38	93c7dbb7	lui	x23,0x93c7d	 x23=0x93c7d000
     427325.000 ns	     42731	80008c3c	f00c0553	fmv.w.x	f10,x24	 x24:0x80000001 f10=0x80000001
     427345.000 ns	     42733	80008c40	0138e1b3	or	x3,x17,x19	 x17:0x5a4997e8 x19:0xf4027000  x3=0xfe4bf7e8
     427365.000 ns	     42735	80008c44	034e8033	mul	x0,x29,x20	 x29:0xffffffff x20:0x80000000
     427395.000 ns	     42738	80008c48	e0071b53	fclass.s	x22,f14	 f14:0x40000000 x22=0x00000040
     427425.000 ns	     42741	80008c4c	c00d23d3	fcvt.w.s	x7,f26	 f26:0x3f800000  x7=0x00000001
     427445.000 ns	     42743	80008c50	01101013	slli	x0,x0,0x11	  x0:0x00000000
     427455.000 ns	     42744	80008c54	015fceb3	xor	x29,x31,x21	 x31:0x80040fe4 x21:0x00000145 x29=0x80040ea1
     427475.000 ns	     42746	80008c58	a07ead53	feq.s	x26,f29,f7	 f29:0x7f800000  f7:0x1f350483 x26=0x00000000
     427505.000 ns	     42749	80008c5c	20fb1dd3	fsgnjn.s	f27,f22,f15	 f22:0x7fc00000 f15:0x7f800000 f27=0xffc00000
     427525.000 ns	     42751	80008c60	a2035e37	lui	x28,0xa2035	 x28=0xa2035000
     427535.000 ns	     42752	80008c64	407ad833	sra	x16,x21,x7	 x21:0x00000145  x7:0x00000001 x16=0x000000a2
     427545.000 ns	     42753	80008c68	014008b3	add	x17,x0,x20	  x0:0x00000000 x20:0x80000000 x17=0x80000000
     427565.000 ns	     42755	80008c6c	e0081cd3	fclass.s	x25,f16	 f16:0xff800000 x25=0x00000001
     427585.000 ns	     42757	80008c70	91fea817	auipc	x16,0x91fea	 x16=0x11ff2c70
     427595.000 ns	     42758	80008c74	00d19333	sll	x6,x3,x13	  x3:0xfe4bf7e8 x13:0x00000000  x6=0xfe4bf7e8
     427955.000 ns	     42794	80008c78	02bb6933	rem	x18,x22,x11	 x22:0x00000040 x11:0x02000000 x18=0x00000040
     427975.000 ns	     42796	80008c7c	8c91cf37	lui	x30,0x8c91c	 x30=0x8c91c000
     428005.000 ns	     42799	80008c80	19fd75d3	fdiv.s	f11,f26,f31	 f26:0x3f800000 f31:0x7fc00000 f11=0x7fc00000
     428375.000 ns	     42836	80008c84	02905133	divu	x2,x0,x9	  x0:0x00000000  x9:0x80041024  x2=0x00000000
     428395.000 ns	     42838	80008c88	01529333	sll	x6,x5,x21	  x5:0x5a4997e8 x21:0x00000145  x6=0x4932fd00
     428415.000 ns	     42840	80008c8c	c0100ad3	fcvt.wu.s	x21,f0	  f0:0x7fc00000 x21=0xffffffff
     428435.000 ns	     42842	80008c90	01e31eb3	sll	x29,x6,x30	  x6:0xfe4bf7e8 x30:0x8c91c000 x29=0x4932fd00
     428455.000 ns	     42844	80008c94	d0167a53	fcvt.s.wu	f20,x12	 x12:0xa142c000 f20=0x4f2142c0
     428485.000 ns	     42847	80008c98	e00d1e53	fclass.s	x28,f26	 f26:0x3f800000 x28=0x00000040
     428515.000 ns	     42850	80008c9c	a188a7d3	feq.s	x15,f17,f24	 f17:0x5a4997e8 f24:0x80000000 x15=0x00000000
     428545.000 ns	     42853	80008ca0	e0048653	fmv.x.w	x12,f9	  f9:0x7fc00000 x12=0x7fc00000
     428565.000 ns	     42855	80008ca4	007018b3	sll	x17,x0,x7	  x0:0x00000000  x7:0x00000001 x17=0x00000000
     428585.000 ns	     42857	80008ca8	c00cf5d3	fcvt.w.s	x11,f25	 f25:0x00000000 x11=0x00000000
     428605.000 ns	     42859	80008cac	009b5ab3	srl	x21,x22,x9	 x22:0x00000040  x9:0x80041024 x21=0x00000004
     428635.000 ns	     42862	80008cb0	1908b6d3	fdiv.s	f13,f17,f16	 f17:0x5a4997e8 f16:0xff800000 f13=0x80000000
     428665.000 ns	     42865	80008cb4	02d26e33	rem	x28,x4,x13	  x4:0xd7135000 x13:0x00000000 x28=0xd7135000
     428685.000 ns	     42867	80008cb8	01b587b3	add	x15,x11,x27	 x11:0x00000000 x27:0x00000040 x15=0x00000040
     428705.000 ns	     42869	80008cbc	c01df0d3	fcvt.wu.s	x1,f27	 f27:0xffc00000  x1=0xffffffff
     428745.000 ns	     42873	80008cc0	1144a653	fmul.s	f12,f9,f20	  f9:0x7fc00000 f20:0x4f2142c0 f12=0x7fc00000
     428775.000 ns	     42876	80008cc4	0368aab3	mulhsu	x21,x17,x22	 x17:0x00000000 x22:0x00000040 x21=0x00000000
     428795.000 ns	     42878	80008cc8	0083fc33	and	x24,x7,x8	  x7:0x00000001  x8:0x142c0000 x24=0x00000000
     428815.000 ns	     42880	80008ccc	037b9db3	mulh	x27,x23,x23	 x23:0x93c7d000 x23:0x93c7d000 x27=0x2dbf74d5
     428845.000 ns	     42883	80008cd0	d016f453	fcvt.s.wu	f8,x13	 x13:0x00000000  f8=0x00000000
     428865.000 ns	     42885	80008cd4	01bba833	slt	x16,x23,x27	 x23:0x93c7d000 x27:0x2dbf74d5 x16=0x00000001
     428875.000 ns	     42886	80008cd8	a379ae17	auipc	x28,0xa379a	 x28=0x237a2cd8
     428885.000 ns	     42887	80008cdc	0146e7b3	or	x15,x13,x20	 x13:0x00000000 x20:0x80000000 x15=0x80000000
     428905.000 ns	     42889	80008ce0	033c0ab3	mul	x21,x24,x19	 x24:0x00000000 x19:0xf4027000 x21=0x00000000
     428925.000 ns	     42891	80008ce4	39370f13	addi	x30,x14,915	 x14:0x80000000 x30=0x80000393
     428935.000 ns	     42892	80008ce8	000436b3	sltu	x13,x8,x0	  x8:0x142c0000  x0:0x00000000 x13=0x00000000
     428945.000 ns	     42893	80008cec	37ecf117	auipc	x2,0x37ecf	  x2=0xb7ed7cec
     428955.000 ns	     42894	80008cf0	011fb1b3	sltu	x3,x31,x17	 x31:0x80040fe4 x17:0x00000000  x3=0x00000000
     428965.000 ns	     42895	80008cf4	01070eb3	add	x29,x14,x16	 x14:0x80000000 x16:0x00000001 x29=0x80000001
     428985.000 ns	     42897	80008cf8	c0168253	fcvt.wu.s	x4,f13	 f13:0x80000000  x4=0x00000000
     429005.000 ns	     42899	80008cfc	0475aa13	slti	x20,x11,71	 x11:0x00000000 x20=0x00000001
     429025.000 ns	     42901	80008d00	02acb733	mulhu	x14,x25,x10	 x25:0x00000001 x10:0xc1e296ff x14=0x00000000
     429055.000 ns	     42904	80008d04	d007a7d3	fcvt.s.w	f15,x15	 x15:0x80000000 f15=0xcf000000
     429085.000 ns	     42907	80008d08	28cb96d3	fmax.s	f13,f23,f12	 f23:0x7fc00000 f12:0x7fc00000 f13=0x7fc00000
     429105.000 ns	     42909	80008d0c	01f5a433	slt	x8,x11,x31	 x11:0x00000000 x31:0x80040fe4  x8=0x00000000
     429115.000 ns	     42910	80008d10	8354ea97	auipc	x21,0x8354e	 x21=0x03556d10
     429135.000 ns	     42912	80008d14	031e4bb3	div	x23,x28,x17	 x28:0x237a2cd8 x17:0x00000000 x23=0xffffffff
     429505.000 ns	     42949	80008d18	0275c733	div	x14,x11,x7	 x11:0x00000000  x7:0x00000001 x14=0x00000000
     429525.000 ns	     42951	80008d1c	0168ce33	xor	x28,x17,x22	 x17:0x00000000 x22:0x00000040 x28=0x00000040
     429545.000 ns	     42953	80008d20	a0350d53	fle.s	x26,f10,f3	 f10:0x80000001  f3:0x7fc00000 x26=0x00000000
     429565.000 ns	     42955	80008d24	4602bc93	sltiu	x25,x5,1120	  x5:0x5a4997e8 x25=0x00000000
     429575.000 ns	     42956	80008d28	0048a033	slt	x0,x17,x4	 x17:0x00000000  x4:0x00000000
     429585.000 ns	     42957	80008d2c	b80bb013	sltiu	x0,x23,-1152	 x23:0xffffffff
     429605.000 ns	     42959	80008d30	c015fa53	fcvt.wu.s	x20,f11	 f11:0x7fc00000 x20=0xffffffff
     429625.000 ns	     42961	80008d34	00880d33	add	x26,x16,x8	 x16:0x00000001  x8:0x00000000 x26=0x00000001
     429645.000 ns	     42963	80008d38	20679353	fsgnjn.s	f6,f15,f6	 f15:0xcf000000  f6:0x00000001  f6=0xcf000000
     429665.000 ns	     42965	80008d3c	7b6ea993	slti	x19,x29,1974	 x29:0x80000001 x19=0x00000001
     429675.000 ns	     42966	80008d40	0069a033	slt	x0,x19,x6	 x19:0xf4027000  x6:0x4932fd00
     429685.000 ns	     42967	80008d44	fbc12893	slti	x17,x2,-68	  x2:0xb7ed7cec x17=0x00000001
     429695.000 ns	     42968	80008d48	eefffd17	auipc	x26,0xeefff	 x26=0x6f007d48
     429705.000 ns	     42969	80008d4c	fec63313	sltiu	x6,x12,-20	 x12:0x7fc00000  x6=0x00000001
     429715.000 ns	     42970	80008d50	be797613	andi	x12,x18,-1049	 x18:0x00000040 x12=0x00000040
     429735.000 ns	     42972	80008d54	a0bd23d3	feq.s	x7,f26,f11	 f26:0x3f800000 f11:0x7fc00000  x7=0x00000000
     429765.000 ns	     42975	80008d58	211b9dd3	fsgnjn.s	f27,f23,f17	 f23:0x7fc00000 f17:0x5a4997e8 f27=0xffc00000
     429785.000 ns	     42977	80008d5c	49faae37	lui	x28,0x49faa	 x28=0x49faa000
     429805.000 ns	     42979	80008d60	20c42653	fsgnjx.s	f12,f8,f12	  f8:0x00000000 f12:0x7fc00000 f12=0x00000000
     429835.000 ns	     42982	80008d64	21990b53	fsgnj.s	f22,f18,f25	 f18:0xcefff7df f25:0x00000000 f22=0x4efff7df
     429855.000 ns	     42984	80008d68	b020fe93	andi	x29,x1,-1278	  x1:0xffffffff x29=0xfffffb02
     429875.000 ns	     42986	80008d6c	02f3b6b3	mulhu	x13,x7,x15	  x7:0x00000000 x15:0x80000000 x13=0x00000000
     429895.000 ns	     42988	80008d70	00bdd233	srl	x4,x27,x11	 x27:0x2dbf74d5 x11:0x00000000  x4=0x2dbf74d5
     429915.000 ns	     42990	80008d74	c00617d3	fcvt.w.s	x15,f12	 f12:0x00000000 x15=0x00000000
     429945.000 ns	     42993	80008d78	21a50753	fsgnj.s	f14,f10,f26	 f10:0x80000001 f26:0x3f800000 f14=0x00000001
     429985.000 ns	     42997	80008d7c	189e42d3	fdiv.s	f5,f28,f9	 f28:0x00000000  f9:0x7fc00000  f5=0x7fc00000
     430005.000 ns	     42999	80008d80	3a0696b7	lui	x13,0x3a069	 x13=0x3a069000
     430015.000 ns	     43000	80008d84	40775893	srai	x17,x14,0x7	 x14:0x00000000 x17=0x00000000
     430035.000 ns	     43002	80008d88	e0031cd3	fclass.s	x25,f6	  f6:0xcf000000 x25=0x00000002
     430065.000 ns	     43005	80008d8c	21849253	fsgnjn.s	f4,f9,f24	  f9:0x7fc00000 f24:0x80000000  f4=0x7fc00000
     430095.000 ns	     43008	80008d90	202495d3	fsgnjn.s	f11,f9,f2	  f9:0x7fc00000  f2:0x7fc00000 f11=0xffc00000
     430115.000 ns	     43010	80008d94	41ac5233	sra	x4,x24,x26	 x24:0x00000000 x26:0x6f007d48  x4=0x00000000
     430135.000 ns	     43012	80008d98	e00d9253	fclass.s	x4,f27	 f27:0xffc00000  x4=0x00000200
     430155.000 ns	     43014	80008d9c	0045cb33	xor	x22,x11,x4	 x11:0x00000000  x4:0x2dbf74d5 x22=0x00000200
     430175.000 ns	     43016	80008da0	d0173e53	fcvt.s.wu	f28,x14	 x14:0x00000000 f28=0x00000000
     430195.000 ns	     43018	80008da4	00aa63b3	or	x7,x20,x10	 x20:0xffffffff x10:0xc1e296ff  x7=0xffffffff
     430205.000 ns	     43019	80008da8	00000013	addi	x0,x0,0	  x0:0x00000000
     430215.000 ns	     43020	80008dac	4e06e193	ori	x3,x13,1248	 x13:0x3a069000  x3=0x3a0694e0
     430225.000 ns	     43021	80008db0	24bf3013	sltiu	x0,x30,587	 x30:0x80000393
     430245.000 ns	     43023	80008db4	03c006b3	mul	x13,x0,x28	  x0:0x00000000 x28:0x49faa000 x13=0x00000000
     430615.000 ns	     43060	80008db8	02cfcd33	div	x26,x31,x12	 x31:0x80040fe4 x12:0x00000040 x26=0xfe001040
     430635.000 ns	     43062	80008dbc	01ae45b3	xor	x11,x28,x26	 x28:0x49faa000 x26:0x6f007d48 x11=0xb7fab040
     430645.000 ns	     43063	80008dc0	010de0b3	or	x1,x27,x16	 x27:0x2dbf74d5 x16:0x00000001  x1=0x2dbf74d5
     430655.000 ns	     43064	80008dc4	98552793	slti	x15,x10,-1659	 x10:0xc1e296ff x15=0x00000001
     430665.000 ns	     43065	80008dc8	003ecbb3	xor	x23,x29,x3	 x29:0xfffffb02  x3:0x3a0694e0 x23=0xc5f96fe2
     430675.000 ns	     43066	80008dcc	01c656b3	srl	x13,x12,x28	 x12:0x00000040 x28:0x49faa000 x13=0x00000040
     430695.000 ns	     43068	80008dd0	a1978653	fle.s	x12,f15,f25	 f15:0xcf000000 f25:0x00000000 x12=0x00000001
     430725.000 ns	     43071	80008dd4	21eb9f53	fsgnjn.s	f30,f23,f30	 f23:0x7fc00000 f30:0x80000000 f30=0x7fc00000
     430745.000 ns	     43073	80008dd8	00171a33	sll	x20,x14,x1	 x14:0x00000000  x1:0x2dbf74d5 x20=0x00000000
     430765.000 ns	     43075	80008ddc	e00b10d3	fclass.s	x1,f22	 f22:0x4efff7df  x1=0x00000040
     430795.000 ns	     43078	80008de0	21731853	fsgnjn.s	f16,f6,f23	  f6:0xcf000000 f23:0x7fc00000 f16=0xcf000000
     430815.000 ns	     43080	80008de4	c06ace93	xori	x29,x21,-1018	 x21:0x03556d10 x29=0xfcaa9116
     430835.000 ns	     43082	80008de8	c01d7d53	fcvt.wu.s	x26,f26	 f26:0x3f800000 x26=0x00000001
     430865.000 ns	     43085	80008dec	038e2cb3	mulhsu	x25,x28,x24	 x28:0x49faa000 x24:0x00000000 x25=0x00000000
     430885.000 ns	     43087	80008df0	0085c8b3	xor	x17,x11,x8	 x11:0xb7fab040  x8:0x00000000 x17=0xb7fab040
     430905.000 ns	     43089	80008df4	a02223d3	feq.s	x7,f4,f2	  f4:0x7fc00000  f2:0x7fc00000  x7=0x00000000
     430925.000 ns	     43091	80008df8	0155ccb3	xor	x25,x11,x21	 x11:0xb7fab040 x21:0x03556d10 x25=0xb4afdd50
     430935.000 ns	     43092	80008dfc	406ed833	sra	x16,x29,x6	 x29:0xfcaa9116  x6:0x00000001 x16=0xfe55488b
     430955.000 ns	     43094	80008e00	e00e8d53	fmv.x.w	x26,f29	 f29:0x7f800000 x26=0x7f800000
     430985.000 ns	     43097	80008e04	217f0cd3	fsgnj.s	f25,f30,f23	 f30:0x7fc00000 f23:0x7fc00000 f25=0x7fc00000
     431015.000 ns	     43100	80008e08	a1d22953	feq.s	x18,f4,f29	  f4:0x7fc00000 f29:0x7f800000 x18=0x00000000
     431035.000 ns	     43102	80008e0c	00dd5333	srl	x6,x26,x13	 x26:0x7f800000 x13:0x00000040  x6=0x7f800000
     431045.000 ns	     43103	80008e10	010b2db3	slt	x27,x22,x16	 x22:0x00000200 x16:0xfe55488b x27=0x00000000
     431085.000 ns	     43107	80008e14	010ff053	fadd.s	f0,f31,f16	 f31:0x7fc00000 f16:0xcf000000  f0=0x7fc00000
     431115.000 ns	     43110	80008e18	03f58833	mul	x16,x11,x31	 x11:0xb7fab040 x31:0x80040fe4 x16=0x4c98b900
     431145.000 ns	     43113	80008e1c	29fe1d53	fmax.s	f26,f28,f31	 f28:0x00000000 f31:0x7fc00000 f26=0x00000000
     431165.000 ns	     43115	80008e20	01a23633	sltu	x12,x4,x26	  x4:0x00000200 x26:0x7f800000 x12=0x00000001
     431195.000 ns	     43118	80008e24	580cfcd3	fsqrt.s	f25,f25	 f25:0x7fc00000 f25=0x7fc00000
     431225.000 ns	     43121	80008e28	280704d3	fmin.s	f9,f14,f0	 f14:0x00000001  f0:0x7fc00000  f9=0x00000001
     431245.000 ns	     43123	80008e2c	000546b3	xor	x13,x10,x0	 x10:0xc1e296ff  x0:0x00000000 x13=0xc1e296ff
     431265.000 ns	     43125	80008e30	206f8ed3	fsgnj.s	f29,f31,f6	 f31:0x7fc00000  f6:0xcf000000 f29=0xffc00000
     431295.000 ns	     43128	80008e34	216a1953	fsgnjn.s	f18,f20,f22	 f20:0x4f2142c0 f22:0x4efff7df f18=0xcf2142c0
     431325.000 ns	     43131	80008e38	0296bab3	mulhu	x21,x13,x9	 x13:0xc1e296ff  x9:0x80041024 x21=0x60f45f43
     431375.000 ns	     43136	80008e3c	0156f7d3	fadd.s	f15,f13,f21	 f13:0x7fc00000 f21:0x3f7fffae f15=0x7fc00000
     431395.000 ns	     43138	80008e40	36940013	addi	x0,x8,873	  x8:0x00000000
     431415.000 ns	     43140	80008e44	03571233	mulh	x4,x14,x21	 x14:0x00000000 x21:0x60f45f43  x4=0x00000000
     431445.000 ns	     43143	80008e48	02213433	mulhu	x8,x2,x2	  x2:0xb7ed7cec  x2:0xb7ed7cec  x8=0x842564e9
     431475.000 ns	     43146	80008e4c	c00895d3	fcvt.w.s	x11,f17	 f17:0x5a4997e8 x11=0x7fffffff
     431515.000 ns	     43150	80008e50	1049fa53	fmul.s	f20,f19,f4	 f19:0x7fc00000  f4:0x7fc00000 f20=0x7fc00000
     431535.000 ns	     43152	80008e54	0109d133	srl	x2,x19,x16	 x19:0x00000001 x16:0x4c98b900  x2=0x00000001
     431555.000 ns	     43154	80008e58	a0531bd3	flt.s	x23,f6,f5	  f6:0xcf000000  f5:0x7fc00000 x23=0x00000000
     431575.000 ns	     43156	80008e5c	015d9733	sll	x14,x27,x21	 x27:0x00000000 x21:0x60f45f43 x14=0x00000000
     431585.000 ns	     43157	80008e60	fe5a1137	lui	x2,0xfe5a1	  x2=0xfe5a1000
     431595.000 ns	     43158	80008e64	01ffde33	srl	x28,x31,x31	 x31:0x80040fe4 x31:0x80040fe4 x28=0x080040fe
     431605.000 ns	     43159	80008e68	91f3cf13	xori	x30,x7,-1761	  x7:0x00000000 x30=0xfffff91f
     431625.000 ns	     43161	80008e6c	a0970853	fle.s	x16,f14,f9	 f14:0x00000001  f9:0x00000001 x16=0x00000001
     431655.000 ns	     43164	80008e70	28bd98d3	fmax.s	f17,f27,f11	 f27:0xffc00000 f11:0xffc00000 f17=0x7fc00000
     431675.000 ns	     43166	80008e74	00000013	addi	x0,x0,0	  x0:0x00000000
     431705.000 ns	     43169	80008e78	58097dd3	fsqrt.s	f27,f18	 f18:0xcf2142c0 f27=0x7fc00000
     431725.000 ns	     43171	80008e7c	e3722613	slti	x12,x4,-457	  x4:0x00000000 x12=0x00000000
     431735.000 ns	     43172	80008e80	001d9413	slli	x8,x27,0x1	 x27:0x00000000  x8=0x00000000
     431745.000 ns	     43173	80008e84	00adbeb3	sltu	x29,x27,x10	 x27:0x00000000 x10:0xc1e296ff x29=0x00000001
     431765.000 ns	     43175	80008e88	025d8b33	mul	x22,x27,x5	 x27:0x00000000  x5:0x5a4997e8 x22=0x00000000
     431785.000 ns	     43177	80008e8c	4a7bbc13	sltiu	x24,x23,1191	 x23:0x00000000 x24=0x00000001
     431795.000 ns	     43178	80008e90	4180da33	sra	x20,x1,x24	  x1:0x00000040 x24:0x00000000 x20=0x00000020
     432845.000 ns	     43283	80008e94	5800c653	fsqrt.s	f12,f1	  f1:0x4f000410 f12=0x46b50a40
     432875.000 ns	     43286	80008e98	29cf0553	fmin.s	f10,f30,f28	 f30:0x7fc00000 f28:0x00000000 f10=0x00000000
     432905.000 ns	     43289	80008e9c	03247633	remu	x12,x8,x18	  x8:0x00000000 x18:0x00000000 x12=0x00000000
     432925.000 ns	     43291	80008ea0	001822b3	slt	x5,x16,x1	 x16:0x00000001  x1:0x00000040  x5=0x00000001
     432935.000 ns	     43292	80008ea4	0118d2b3	srl	x5,x17,x17	 x17:0xb7fab040 x17:0xb7fab040  x5=0xb7fab040
     432945.000 ns	     43293	80008ea8	40c958b3	sra	x17,x18,x12	 x18:0x00000000 x12:0x00000000 x17=0x00000000
     432955.000 ns	     43294	80008eac	411f86b3	sub	x13,x31,x17	 x31:0x80040fe4 x17:0xb7fab040 x13=0x80040fe4
     432965.000 ns	     43295	80008eb0	c444f7b7	lui	x15,0xc444f	 x15=0xc444f000
     432985.000 ns	     43297	80008eb4	e00212d3	fclass.s	x5,f4	  f4:0x7fc00000  x5=0x00000200
     433005.000 ns	     43299	80008eb8	007766b3	or	x13,x14,x7	 x14:0x00000000  x7:0x00000000 x13=0x00000000
     433015.000 ns	     43300	80008ebc	0161a5b3	slt	x11,x3,x22	  x3:0x3a0694e0 x22:0x00000000 x11=0x00000000
     433035.000 ns	     43302	80008ec0	a12813d3	flt.s	x7,f16,f18	 f16:0xcf000000 f18:0xcf2142c0  x7=0x00000000
     433055.000 ns	     43304	80008ec4	01515d13	srli	x26,x2,0x15	  x2:0xfe5a1000 x26=0x000007f2
     433075.000 ns	     43306	80008ec8	21a30ed3	fsgnj.s	f29,f6,f26	  f6:0xcf000000 f26:0x00000000 f29=0x4f000000
     433105.000 ns	     43309	80008ecc	29a614d3	fmax.s	f9,f12,f26	 f12:0x46b50a40 f26:0x00000000  f9=0x46b50a40
     433125.000 ns	     43311	80008ed0	204a8613	addi	x12,x21,516	 x21:0x60f45f43 x12=0x60f46147
     433135.000 ns	     43312	80008ed4	40425613	srai	x12,x4,0x4	  x4:0x00000000 x12=0x00000000
     433145.000 ns	     43313	80008ed8	9f2aab97	auipc	x23,0x9f2aa	 x23=0x1f2b2ed8
     433165.000 ns	     43315	80008edc	03d91cb3	mulh	x25,x18,x29	 x18:0x00000000 x29:0x00000001 x25=0x00000000
     433195.000 ns	     43318	80008ee0	20508a53	fsgnj.s	f20,f1,f5	  f1:0x4f000410  f5:0x7fc00000 f20=0x4f000410
     433215.000 ns	     43320	80008ee4	011e73b3	and	x7,x28,x17	 x28:0x080040fe x17:0x00000000  x7=0x00000000
     433235.000 ns	     43322	80008ee8	d01ef253	fcvt.s.wu	f4,x29	 x29:0x00000001  f4=0x3f800000
     433255.000 ns	     43324	80008eec	43b54293	xori	x5,x10,1083	 x10:0xc1e296ff  x5=0xc1e292c4
     433275.000 ns	     43326	80008ef0	a19e0cd3	fle.s	x25,f28,f25	 f28:0x00000000 f25:0x7fc00000 x25=0x00000000
     433615.000 ns	     43360	80008ef4	1960f353	fdiv.s	f6,f1,f22	  f1:0x4f000410 f22:0x4efff7df  f6=0x3f800410
     433645.000 ns	     43363	80008ef8	20f48953	fsgnj.s	f18,f9,f15	  f9:0x46b50a40 f15:0x7fc00000 f18=0x46b50a40
     433685.000 ns	     43367	80008efc	18ecf453	fdiv.s	f8,f25,f14	 f25:0x7fc00000 f14:0x00000001  f8=0x7fc00000
     433705.000 ns	     43369	80008f00	217c1d97	auipc	x27,0x217c1	 x27=0xa17c9f00
     433725.000 ns	     43371	80008f04	20c625d3	fsgnjx.s	f11,f12,f12	 f12:0x46b50a40 f12:0x46b50a40 f11=0x46b50a40
     433745.000 ns	     43373	80008f08	00000013	addi	x0,x0,0	  x0:0x00000000
     433765.000 ns	     43375	80008f0c	29b59153	fmax.s	f2,f11,f27	 f11:0x46b50a40 f27:0x7fc00000  f2=0x46b50a40
     433795.000 ns	     43378	80008f10	03cc17b3	mulh	x15,x24,x28	 x24:0x00000001 x28:0x080040fe x15=0x00000000
     433835.000 ns	     43382	80008f14	106c33d3	fmul.s	f7,f24,f6	 f24:0x80000000  f6:0x3f800410  f7=0x80000000
     433865.000 ns	     43385	80008f18	203718d3	fsgnjn.s	f17,f14,f3	 f14:0x00000001  f3:0x7fc00000 f17=0x80000001
     433895.000 ns	     43388	80008f1c	f0078953	fmv.w.x	f18,x15	 x15:0x00000000 f18=0x00000000
     433915.000 ns	     43390	80008f20	76192193	slti	x3,x18,1889	 x18:0x00000000  x3=0x00000001
     433935.000 ns	     43392	80008f24	03332b33	mulhsu	x22,x6,x19	  x6:0x7f800000 x19:0x00000001 x22=0x00000000
     433955.000 ns	     43394	80008f28	6d9ef013	andi	x0,x29,1753	 x29:0x00000001
     433965.000 ns	     43395	80008f2c	4c137e93	andi	x29,x6,1217	  x6:0x7f800000 x29=0x00000000
     433985.000 ns	     43397	80008f30	03bd2d33	mulhsu	x26,x26,x27	 x26:0x000007f2 x27:0xa17c9f00 x26=0x00000503
     434015.000 ns	     43400	80008f34	028f1b33	mulh	x22,x30,x8	 x30:0xfffff91f  x8:0x00000000 x22=0x00000000
     434045.000 ns	     43403	80008f38	d0129d53	fcvt.s.wu	f26,x5	  x5:0xc1e292c4 f26=0x4f41e292
     434415.000 ns	     43440	80008f3c	035ef433	remu	x8,x29,x21	 x29:0x00000000 x21:0x60f45f43  x8=0x00000000
     434445.000 ns	     43443	80008f40	02268033	mul	x0,x13,x2	 x13:0x00000000  x2:0xfe5a1000
     434475.000 ns	     43446	80008f44	c01879d3	fcvt.wu.s	x19,f16	 f16:0xcf000000 x19=0x80000000
     434515.000 ns	     43450	80008f48	580cfbd3	fsqrt.s	f23,f25	 f25:0x7fc00000 f23=0x7fc00000
     434545.000 ns	     43453	80008f4c	030c8733	mul	x14,x25,x16	 x25:0x00000000 x16:0x00000001 x14=0x00000000
     434575.000 ns	     43456	80008f50	024627b3	mulhsu	x15,x12,x4	 x12:0x00000000  x4:0x00000000 x15=0x00000000
     434605.000 ns	     43459	80008f54	298d9553	fmax.s	f10,f27,f24	 f27:0x7fc00000 f24:0x80000000 f10=0x80000000
     434635.000 ns	     43462	80008f58	a19a19d3	flt.s	x19,f20,f25	 f20:0x4f000410 f25:0x7fc00000 x19=0x00000000
     434665.000 ns	     43465	80008f5c	208da0d3	fsgnjx.s	f1,f27,f8	 f27:0x7fc00000  f8:0x7fc00000  f1=0x7fc00000
     434705.000 ns	     43469	80008f60	109dcf53	fmul.s	f30,f27,f9	 f27:0x7fc00000  f9:0x46b50a40 f30=0x7fc00000
     435075.000 ns	     43506	80008f64	037a7bb3	remu	x23,x20,x23	 x20:0x00000020 x23:0x1f2b2ed8 x23=0x00000020
     435105.000 ns	     43509	80008f68	f0000653	fmv.w.x	f12,x0	  x0:0x00000000 f12=0x00000000
     435135.000 ns	     43512	80008f6c	202e2653	fsgnjx.s	f12,f28,f2	 f28:0x00000000  f2:0x46b50a40 f12=0x00000000
     435165.000 ns	     43515	80008f70	21111a53	fsgnjn.s	f20,f2,f17	  f2:0x46b50a40 f17:0x80000001 f20=0x46b50a40
     435205.000 ns	     43519	80008f74	11df9d53	fmul.s	f26,f31,f29	 f31:0x7fc00000 f29:0x4f000000 f26=0x7fc00000
     435575.000 ns	     43556	80008f78	02297633	remu	x12,x18,x2	 x18:0x00000000  x2:0xfe5a1000 x12=0x00000000
     435595.000 ns	     43558	80008f7c	001548b3	xor	x17,x10,x1	 x10:0xc1e296ff  x1:0x00000040 x17=0xc1e296bf
     435955.000 ns	     43594	80008f80	035d5ab3	divu	x21,x26,x21	 x26:0x00000503 x21:0x60f45f43 x21=0x00000000
     435975.000 ns	     43596	80008f84	4e5c6693	ori	x13,x24,1253	 x24:0x00000001 x13=0x000004e5
     435985.000 ns	     43597	80008f88	08c43d37	lui	x26,0x8c43	 x26=0x08c43000
     436005.000 ns	     43599	80008f8c	034d9c33	mulh	x24,x27,x20	 x27:0xa17c9f00 x20:0x00000020 x24=0xfffffff4
     436035.000 ns	     43602	80008f90	d00b72d3	fcvt.s.w	f5,x22	 x22:0x00000000  f5=0x00000000
     436065.000 ns	     43605	80008f94	d00af153	fcvt.s.w	f2,x21	 x21:0x00000000  f2=0x00000000
     436085.000 ns	     43607	80008f98	018459b3	srl	x19,x8,x24	  x8:0x00000000 x24:0xfffffff4 x19=0x00000000
     436095.000 ns	     43608	80008f9c	00c01213	slli	x4,x0,0xc	  x0:0x00000000  x4=0x00000000
     436105.000 ns	     43609	80008fa0	0b544813	xori	x16,x8,181	  x8:0x00000000 x16=0x000000b5
     436125.000 ns	     43611	80008fa4	28bc19d3	fmax.s	f19,f24,f11	 f24:0x80000000 f11:0x46b50a40 f19=0x46b50a40
     436145.000 ns	     43613	80008fa8	01e8b633	sltu	x12,x17,x30	 x17:0xc1e296bf x30:0xfffff91f x12=0x00000001
     436185.000 ns	     43617	80008fac	000e74d3	fadd.s	f9,f28,f0	 f28:0x00000000  f0:0x7fc00000  f9=0x7fc00000
     436215.000 ns	     43620	80008fb0	a02fa153	feq.s	x2,f31,f2	 f31:0x7fc00000  f2:0x00000000  x2=0x00000000
     436245.000 ns	     43623	80008fb4	d002f0d3	fcvt.s.w	f1,x5	  x5:0xc1e292c4  f1=0xce7875b4
     436265.000 ns	     43625	80008fb8	0178e6b3	or	x13,x17,x23	 x17:0xc1e296bf x23:0x00000020 x13=0xc1e296bf
     436275.000 ns	     43626	80008fbc	40085833	sra	x16,x16,x0	 x16:0x000000b5  x0:0x00000000 x16=0x000000b5
     436285.000 ns	     43627	80008fc0	018efdb3	and	x27,x29,x24	 x29:0x00000000 x24:0xfffffff4 x27=0x00000000
     436295.000 ns	     43628	80008fc4	dbbc2313	slti	x6,x24,-581	 x24:0xfffffff4  x6=0x00000000
     436305.000 ns	     43629	80008fc8	df79bb93	sltiu	x23,x19,-521	 x19:0x00000000 x23=0x00000001
     436315.000 ns	     43630	80008fcc	41ef52b3	sra	x5,x30,x30	 x30:0xfffff91f x30:0xfffff91f  x5=0xffffffff
     436335.000 ns	     43632	80008fd0	f0060dd3	fmv.w.x	f27,x12	 x12:0x00000001 f27=0x00000001
     436385.000 ns	     43637	80008fd4	0939bbd3	fsub.s	f23,f19,f19	 f19:0x46b50a40 f19:0x46b50a40 f23=0x80000000
     436415.000 ns	     43640	80008fd8	29aa1453	fmax.s	f8,f20,f26	 f20:0x46b50a40 f26:0x7fc00000  f8=0x46b50a40
     436785.000 ns	     43677	80008fdc	02377933	remu	x18,x14,x3	 x14:0x00000000  x3:0x00000001 x18=0x00000000
     436825.000 ns	     43681	80008fe0	1832f753	fdiv.s	f14,f5,f3	  f5:0x00000000  f3:0x7fc00000 f14=0x7fc00000
     436855.000 ns	     43684	80008fe4	d015f2d3	fcvt.s.wu	f5,x11	 x11:0x00000000  f5=0x00000000
     436885.000 ns	     43687	80008fe8	a04ba153	feq.s	x2,f23,f4	 f23:0x80000000  f4:0x3f800000  x2=0x00000000
     436915.000 ns	     43690	80008fec	e0021bd3	fclass.s	x23,f4	  f4:0x3f800000 x23=0x00000040
     436945.000 ns	     43693	80008ff0	a1ba1a53	flt.s	x20,f20,f27	 f20:0x46b50a40 f27:0x00000001 x20=0x00000000
     437315.000 ns	     43730	80008ff4	02c1d7b3	divu	x15,x3,x12	  x3:0x00000001 x12:0x00000001 x15=0x00000001
     437345.000 ns	     43733	80008ff8	02ecaab3	mulhsu	x21,x25,x14	 x25:0x00000000 x14:0x00000000 x21=0x00000000
     437365.000 ns	     43735	80008ffc	013b5293	srli	x5,x22,0x13	 x22:0x00000000  x5=0x00000000
     437385.000 ns	     43737	80009000	a0e09dd3	flt.s	x27,f1,f14	  f1:0xce7875b4 f14:0x7fc00000 x27=0x00000000
     437415.000 ns	     43740	80009004	29ea9dd3	fmax.s	f27,f21,f30	 f21:0x3f7fffae f30:0x7fc00000 f27=0x3f7fffae
     437435.000 ns	     43742	80009008	002158b3	srl	x17,x2,x2	  x2:0x00000000  x2:0x00000000 x17=0x00000000
     437455.000 ns	     43744	8000900c	a0c41e53	flt.s	x28,f8,f12	  f8:0x46b50a40 f12:0x00000000 x28=0x00000000
     437485.000 ns	     43747	80009010	20f80553	fsgnj.s	f10,f16,f15	 f16:0xcf000000 f15:0x7fc00000 f10=0x4f000000
     437505.000 ns	     43749	80009014	abe80e93	addi	x29,x16,-1346	 x16:0x000000b5 x29=0xfffffb73
     437515.000 ns	     43750	80009018	96d48b93	addi	x23,x9,-1683	  x9:0x80041024 x23=0x80040991
     437525.000 ns	     43751	8000901c	d533f993	andi	x19,x7,-685	  x7:0x00000000 x19=0x00000000
     437535.000 ns	     43752	80009020	0f4df6b7	lui	x13,0xf4df	 x13=0x0f4df000
     437545.000 ns	     43753	80009024	014537b3	sltu	x15,x10,x20	 x10:0xc1e296ff x20:0x00000000 x15=0x00000000
     437565.000 ns	     43755	80009028	29ae8653	fmin.s	f12,f29,f26	 f29:0x4f000000 f26:0x7fc00000 f12=0x4f000000
     437595.000 ns	     43758	8000902c	03c4d1b3	divu	x3,x9,x28	  x9:0x80041024 x28:0x00000000  x3=0xffffffff
     437615.000 ns	     43760	80009030	296fba93	sltiu	x21,x31,662	 x31:0x80040fe4 x21=0x00000000
     437625.000 ns	     43761	80009034	00948033	add	x0,x9,x9	  x9:0x80041024  x9:0x80041024
     437645.000 ns	     43763	80009038	0262ceb3	div	x29,x5,x6	  x5:0x00000000  x6:0x00000000 x29=0xffffffff
     437665.000 ns	     43765	8000903c	a965fb93	andi	x23,x11,-1386	 x11:0x00000000 x23=0x00000000
     437695.000 ns	     43768	80009040	18de91d3	fdiv.s	f3,f29,f13	 f29:0x4f000000 f13:0x7fc00000  f3=0x7fc00000
     437715.000 ns	     43770	80009044	40495933	sra	x18,x18,x4	 x18:0x00000000  x4:0x00000000 x18=0x00000000
     437745.000 ns	     43773	80009048	1006f553	fmul.s	f10,f13,f0	 f13:0x7fc00000  f0:0x7fc00000 f10=0x7fc00000
     437765.000 ns	     43775	8000904c	40145013	srai	x0,x8,0x1	  x8:0x00000000
     437775.000 ns	     43776	80009050	402ed3b3	sra	x7,x29,x2	 x29:0xffffffff  x2:0x00000000  x7=0xffffffff
     437785.000 ns	     43777	80009054	0021c3b3	xor	x7,x3,x2	  x3:0xffffffff  x2:0x00000000  x7=0xffffffff
     437795.000 ns	     43778	80009058	40b35b93	srai	x23,x6,0xb	  x6:0x00000000 x23=0x00000000
     437805.000 ns	     43779	8000905c	9f70cbb7	lui	x23,0x9f70c	 x23=0x9f70c000
     437815.000 ns	     43780	80009060	00a2deb3	srl	x29,x5,x10	  x5:0x00000000 x10:0xc1e296ff x29=0x00000000
     437835.000 ns	     43782	80009064	a17a12d3	flt.s	x5,f20,f23	 f20:0x46b50a40 f23:0x80000000  x5=0x00000000
     437865.000 ns	     43785	80009068	d01bf6d3	fcvt.s.wu	f13,x23	 x23:0x9f70c000 f13=0x4f1f70c0
     437895.000 ns	     43788	8000906c	e00615d3	fclass.s	x11,f12	 f12:0x4f000000 x11=0x00000040
     437925.000 ns	     43791	80009070	e0010cd3	fmv.x.w	x25,f2	  f2:0x00000000 x25=0x00000000
     437945.000 ns	     43793	80009074	01ebc1b3	xor	x3,x23,x30	 x23:0x9f70c000 x30:0xfffff91f  x3=0x608f391f
     437955.000 ns	     43794	80009078	d5563613	sltiu	x12,x12,-683	 x12:0x00000001 x12=0x00000001
     437975.000 ns	     43796	8000907c	293b9653	fmax.s	f12,f23,f19	 f23:0x80000000 f19:0x46b50a40 f12=0x46b50a40
     438005.000 ns	     43799	80009080	03d49833	mulh	x16,x9,x29	  x9:0x80041024 x29:0x00000000 x16=0x00000000
     438025.000 ns	     43801	80009084	00d3f433	and	x8,x7,x13	  x7:0xffffffff x13:0x0f4df000  x8=0x0f4df000
     438045.000 ns	     43803	80009088	e00285d3	fmv.x.w	x11,f5	  f5:0x00000000 x11=0x00000000
     438065.000 ns	     43805	8000908c	0036b133	sltu	x2,x13,x3	 x13:0x0f4df000  x3:0x608f391f  x2=0x00000001
     438075.000 ns	     43806	80009090	28b14737	lui	x14,0x28b14	 x14=0x28b14000
     438095.000 ns	     43808	80009094	21c616d3	fsgnjn.s	f13,f12,f28	 f12:0x46b50a40 f28:0x00000000 f13=0xc6b50a40
     438115.000 ns	     43810	80009098	01969eb3	sll	x29,x13,x25	 x13:0x0f4df000 x25:0x00000000 x29=0x0f4df000
     438475.000 ns	     43846	8000909c	03fd75b3	remu	x11,x26,x31	 x26:0x08c43000 x31:0x80040fe4 x11=0x08c43000
     438495.000 ns	     43848	800090a0	9d266893	ori	x17,x12,-1582	 x12:0x00000001 x17=0xfffff9d3
     438515.000 ns	     43850	800090a4	a0d81d53	flt.s	x26,f16,f13	 f16:0xcf000000 f13:0xc6b50a40 x26=0x00000001
     438535.000 ns	     43852	800090a8	eda37913	andi	x18,x6,-294	  x6:0x00000000 x18=0x00000000
     438555.000 ns	     43854	800090ac	a054a0d3	feq.s	x1,f9,f5	  f9:0x7fc00000  f5:0x00000000  x1=0x00000000
     438925.000 ns	     43891	800090b0	037e6e33	rem	x28,x28,x23	 x28:0x00000000 x23:0x9f70c000 x28=0x00000000
     438945.000 ns	     43893	800090b4	1a85b893	sltiu	x17,x11,424	 x11:0x08c43000 x17=0x00000000
     438965.000 ns	     43895	800090b8	29ec1353	fmax.s	f6,f24,f30	 f24:0x80000000 f30:0x7fc00000  f6=0x80000000
     438995.000 ns	     43898	800090bc	a05b03d3	fle.s	x7,f22,f5	 f22:0x4efff7df  f5:0x00000000  x7=0x00000000
     439015.000 ns	     43900	800090c0	01c19213	slli	x4,x3,0x1c	  x3:0x608f391f  x4=0xf0000000
     439025.000 ns	     43901	800090c4	0054d8b3	srl	x17,x9,x5	  x9:0x80041024  x5:0x00000000 x17=0x80041024
     439035.000 ns	     43902	800090c8	0001e8b3	or	x17,x3,x0	  x3:0x608f391f  x0:0x00000000 x17=0x608f391f
     439055.000 ns	     43904	800090cc	21320453	fsgnj.s	f8,f4,f19	  f4:0x3f800000 f19:0x46b50a40  f8=0x3f800000
     439075.000 ns	     43906	800090d0	46387d13	andi	x26,x16,1123	 x16:0x00000000 x26=0x00000000
     439085.000 ns	     43907	800090d4	006b91b3	sll	x3,x23,x6	 x23:0x9f70c000  x6:0x00000000  x3=0x9f70c000
     439105.000 ns	     43909	800090d8	a12011d3	flt.s	x3,f0,f18	  f0:0x7fc00000 f18:0x00000000  x3=0x00000000
     439135.000 ns	     43912	800090dc	035d0733	mul	x14,x26,x21	 x26:0x00000000 x21:0x00000000 x14=0x00000000
     439155.000 ns	     43914	800090e0	00f6a133	slt	x2,x13,x15	 x13:0x0f4df000 x15:0x00000000  x2=0x00000000
     439165.000 ns	     43915	800090e4	0055c333	xor	x6,x11,x5	 x11:0x08c43000  x5:0x00000000  x6=0x08c43000
     439175.000 ns	     43916	800090e8	41e55813	srai	x16,x10,0x1e	 x10:0xc1e296ff x16=0xffffffff
     439185.000 ns	     43917	800090ec	d82bc113	xori	x2,x23,-638	 x23:0x9f70c000  x2=0x608f3d82
     439195.000 ns	     43918	800090f0	002eb2b3	sltu	x5,x29,x2	 x29:0x0f4df000  x2:0x00000000  x5=0x00000001
     439215.000 ns	     43920	800090f4	28b718d3	fmax.s	f17,f14,f11	 f14:0x7fc00000 f11:0x46b50a40 f17=0x46b50a40
     439255.000 ns	     43924	800090f8	580906d3	fsqrt.s	f13,f18	 f18:0x00000000 f13=0x00000000
     439275.000 ns	     43926	800090fc	9a493c93	sltiu	x25,x18,-1628	 x18:0x00000000 x25=0x00000001
     439295.000 ns	     43928	80009100	c00f9d53	fcvt.w.s	x26,f31	 f31:0x7fc00000 x26=0x7fffffff
     439325.000 ns	     43931	80009104	c01a96d3	fcvt.wu.s	x13,f21	 f21:0x3f7fffae x13=0x00000000
     439355.000 ns	     43934	80009108	20ae0bd3	fsgnj.s	f23,f28,f10	 f28:0x00000000 f10:0x7fc00000 f23=0x00000000
     439385.000 ns	     43937	8000910c	c0102653	fcvt.wu.s	x12,f0	  f0:0x7fc00000 x12=0xffffffff
     439415.000 ns	     43940	80009110	03c9ee33	rem	x28,x19,x28	 x19:0x00000000 x28:0x00000000 x28=0x00000000
     439435.000 ns	     43942	80009114	33128f13	addi	x30,x5,817	  x5:0x00000001 x30=0x00000332
     439455.000 ns	     43944	80009118	c004fe53	fcvt.w.s	x28,f9	  f9:0x7fc00000 x28=0x7fffffff
     439475.000 ns	     43946	8000911c	00000013	addi	x0,x0,0	  x0:0x00000000
     439505.000 ns	     43949	80009120	1878f0d3	fdiv.s	f1,f17,f7	 f17:0x46b50a40  f7:0x80000000  f1=0xff800000
     439525.000 ns	     43951	80009124	007813b3	sll	x7,x16,x7	 x16:0xffffffff  x7:0x00000000  x7=0xffffffff
     439535.000 ns	     43952	80009128	405f5d93	srai	x27,x30,0x5	 x30:0x00000332 x27=0x00000019
     439545.000 ns	     43953	8000912c	4002d013	srai	x0,x5,0x0	  x5:0x00000001
     439585.000 ns	     43957	80009130	001d7953	fadd.s	f18,f26,f1	 f26:0x7fc00000  f1:0xff800000 f18=0x7fc00000
     439605.000 ns	     43959	80009134	673f6d93	ori	x27,x30,1651	 x30:0x00000332 x27=0x00000773
     439615.000 ns	     43960	80009138	01d0cd33	xor	x26,x1,x29	  x1:0x00000000 x29:0x0f4df000 x26=0x0f4df000
     439625.000 ns	     43961	8000913c	8589e613	ori	x12,x19,-1960	 x19:0x00000000 x12=0xfffff858
     439635.000 ns	     43962	80009140	012e5633	srl	x12,x28,x18	 x28:0x7fffffff x18:0x00000000 x12=0x7fffffff
     439645.000 ns	     43963	80009144	4f46e637	lui	x12,0x4f46e	 x12=0x4f46e000
     439665.000 ns	     43965	80009148	e00f1dd3	fclass.s	x27,f30	 f30:0x7fc00000 x27=0x00000200
     439695.000 ns	     43968	8000914c	28420253	fmin.s	f4,f4,f4	  f4:0x3f800000  f4:0x3f800000  f4=0x3f800000
     439725.000 ns	     43971	80009150	290c0753	fmin.s	f14,f24,f16	 f24:0x80000000 f16:0xcf000000 f14=0xcf000000
     439745.000 ns	     43973	80009154	e6c24693	xori	x13,x4,-404	  x4:0xf0000000 x13=0x0ffffe6c
     439755.000 ns	     43974	80009158	01f96db3	or	x27,x18,x31	 x18:0x00000000 x31:0x80040fe4 x27=0x80040fe4
     439775.000 ns	     43976	8000915c	f00a04d3	fmv.w.x	f9,x20	 x20:0x00000000  f9=0x00000000
     439805.000 ns	     43979	80009160	d00f7353	fcvt.s.w	f6,x30	 x30:0x00000332  f6=0x444c8000
     439825.000 ns	     43981	80009164	0040cb33	xor	x22,x1,x4	  x1:0x00000000  x4:0xf0000000 x22=0xf0000000
     439835.000 ns	     43982	80009168	400cde93	srai	x29,x25,0x0	 x25:0x00000001 x29=0x00000001
     439845.000 ns	     43983	8000916c	748e7813	andi	x16,x28,1864	 x28:0x7fffffff x16=0x00000748
     439855.000 ns	     43984	80009170	9565fb17	auipc	x22,0x9565f	 x22=0x15668170
     439865.000 ns	     43985	80009174	00f139b3	sltu	x19,x2,x15	  x2:0x608f3d82 x15:0x00000000 x19=0x00000000
     439875.000 ns	     43986	80009178	01d41cb3	sll	x25,x8,x29	  x8:0x0f4df000 x29:0x00000001 x25=0x1e9be000
     440235.000 ns	     44022	8000917c	02224333	div	x6,x4,x2	  x4:0xf0000000  x2:0x608f3d82  x6=0x00000000
     440265.000 ns	     44025	80009180	28d38c53	fmin.s	f24,f7,f13	  f7:0x80000000 f13:0x00000000 f24=0x80000000
     440315.000 ns	     44030	80009184	098e7053	fsub.s	f0,f28,f24	 f28:0x00000000 f24:0x80000000  f0=0x00000000
     440345.000 ns	     44033	80009188	204c24d3	fsgnjx.s	f9,f24,f4	 f24:0x80000000  f4:0x3f800000  f9=0x80000000
     440365.000 ns	     44035	8000918c	38dd6113	ori	x2,x26,909	 x26:0x0f4df000  x2=0x0f4df38d
     440385.000 ns	     44037	80009190	0351b633	mulhu	x12,x3,x21	  x3:0x00000000 x21:0x00000000 x12=0x00000000
     440405.000 ns	     44039	80009194	eb320bb7	lui	x23,0xeb320	 x23=0xeb320000
     440425.000 ns	     44041	80009198	e0048053	fmv.x.w	x0,f9	  f9:0x80000000
     440445.000 ns	     44043	8000919c	01260eb3	add	x29,x12,x18	 x12:0x00000000 x18:0x00000000 x29=0x00000000
     440465.000 ns	     44045	800091a0	a0d29453	flt.s	x8,f5,f13	  f5:0x00000000 f13:0x00000000  x8=0x00000000
     440835.000 ns	     44082	800091a4	031f7433	remu	x8,x30,x17	 x30:0x00000332 x17:0x608f391f  x8=0x00000332
     440855.000 ns	     44084	800091a8	e1bef213	andi	x4,x29,-485	 x29:0x00000000  x4=0x00000000
     440875.000 ns	     44086	800091ac	20a6ab53	fsgnjx.s	f22,f13,f10	 f13:0x00000000 f10:0x7fc00000 f22=0x00000000
     440905.000 ns	     44089	800091b0	023e37b3	mulhu	x15,x28,x3	 x28:0x7fffffff  x3:0x00000000 x15=0x00000000
     440925.000 ns	     44091	800091b4	016f7333	and	x6,x30,x22	 x30:0x00000332 x22:0x15668170  x6=0x00000130
     440945.000 ns	     44093	800091b8	f0020153	fmv.w.x	f2,x4	  x4:0x00000000  f2=0x00000000
     440975.000 ns	     44096	800091bc	29d81ad3	fmax.s	f21,f16,f29	 f16:0xcf000000 f29:0x4f000000 f21=0x4f000000
     441005.000 ns	     44099	800091c0	21520853	fsgnj.s	f16,f4,f21	  f4:0x3f800000 f21:0x3f7fffae f16=0x3f800000
     441035.000 ns	     44102	800091c4	a09caed3	feq.s	x29,f25,f9	 f25:0x7fc00000  f9:0x80000000 x29=0x00000000
     441065.000 ns	     44105	800091c8	293a0e53	fmin.s	f28,f20,f19	 f20:0x46b50a40 f19:0x46b50a40 f28=0x46b50a40
     441085.000 ns	     44107	800091cc	f3773093	sltiu	x1,x14,-201	 x14:0x00000000  x1=0x00000001
     441095.000 ns	     44108	800091d0	41e3d033	sra	x0,x7,x30	  x7:0xffffffff x30:0x00000332
     441115.000 ns	     44110	800091d4	e0000753	fmv.x.w	x14,f0	  f0:0x00000000 x14=0x00000000
     441145.000 ns	     44113	800091d8	d008f8d3	fcvt.s.w	f17,x17	 x17:0x608f391f f17=0x4ec11e72
     441165.000 ns	     44115	800091dc	6f074693	xori	x13,x14,1776	 x14:0x00000000 x13=0x000006f0
     441185.000 ns	     44117	800091e0	038cb0b3	mulhu	x1,x25,x24	 x25:0x1e9be000 x24:0xfffffff4  x1=0x1e9bdffe
     441215.000 ns	     44120	800091e4	290e1653	fmax.s	f12,f28,f16	 f28:0x46b50a40 f16:0x3f800000 f12=0x46b50a40
     441585.000 ns	     44157	800091e8	0258d733	divu	x14,x17,x5	 x17:0x608f391f  x5:0x00000001 x14=0x608f391f
     441605.000 ns	     44159	800091ec	97b00913	addi	x18,x0,-1669	  x0:0x00000000 x18=0xfffff97b
     441615.000 ns	     44160	800091f0	01317033	and	x0,x2,x19	  x2:0x0f4df38d x19:0x00000000
     441635.000 ns	     44162	800091f4	035937b3	mulhu	x15,x18,x21	 x18:0x00000000 x21:0x00000000 x15=0x00000000
     441665.000 ns	     44165	800091f8	a0720bd3	fle.s	x23,f4,f7	  f4:0x3f800000  f7:0x80000000 x23=0x00000000
     441685.000 ns	     44167	800091fc	013ca233	slt	x4,x25,x19	 x25:0x1e9be000 x19:0x00000000  x4=0x00000000
     441705.000 ns	     44169	80009200	f00185d3	fmv.w.x	f11,x3	  x3:0x00000000 f11=0x00000000
     441755.000 ns	     44174	80009204	095ffbd3	fsub.s	f23,f31,f21	 f31:0x7fc00000 f21:0x4f000000 f23=0x7fc00000
     441775.000 ns	     44176	80009208	000d69b3	or	x19,x26,x0	 x26:0x0f4df000  x0:0x00000000 x19=0x0f4df000
     441785.000 ns	     44177	8000920c	412ed233	sra	x4,x29,x18	 x29:0x00000000 x18:0xfffff97b  x4=0x00000000
     441795.000 ns	     44178	80009210	00fd3db3	sltu	x27,x26,x15	 x26:0x0f4df000 x15:0x00000000 x27=0x00000000
     441815.000 ns	     44180	80009214	029691b3	mulh	x3,x13,x9	 x13:0x000006f0  x9:0x80041024  x3=0xfffffc88
     441835.000 ns	     44182	80009218	03492613	slti	x12,x18,52	 x18:0xfffff97b x12=0x00000001
     441855.000 ns	     44184	8000921c	02fb35b3	mulhu	x11,x22,x15	 x22:0x15668170 x15:0x00000000 x11=0x00000000
     441875.000 ns	     44186	80009220	8f434797	auipc	x15,0x8f434	 x15=0x0f43d220
     441895.000 ns	     44188	80009224	e0071253	fclass.s	x4,f14	 f14:0xcf000000  x4=0x00000002
     441925.000 ns	     44191	80009228	e00c1853	fclass.s	x16,f24	 f24:0x80000000 x16=0x00000008
     441945.000 ns	     44193	8000922c	00159433	sll	x8,x11,x1	 x11:0x00000000  x1:0x1e9bdffe  x8=0x00000000
     441955.000 ns	     44194	80009230	01d64033	xor	x0,x12,x29	 x12:0x00000001 x29:0x00000000
     441995.000 ns	     44198	80009234	08fe96d3	fsub.s	f13,f29,f15	 f29:0x4f000000 f15:0x7fc00000 f13=0x7fc00000
     442025.000 ns	     44201	80009238	03cc26b3	mulhsu	x13,x24,x28	 x24:0xfffffff4 x28:0x7fffffff x13=0xfffffffa
     442055.000 ns	     44204	8000923c	21938ed3	fsgnj.s	f29,f7,f25	  f7:0x80000000 f25:0x7fc00000 f29=0x00000000
     442075.000 ns	     44206	80009240	4096d093	srai	x1,x13,0x9	 x13:0xfffffffa  x1=0xffffffff
     442085.000 ns	     44207	80009244	0c7f4cb7	lui	x25,0xc7f4	 x25=0x0c7f4000
     442105.000 ns	     44209	80009248	d0198e53	fcvt.s.wu	f28,x19	 x19:0x0f4df000 f28=0x4d74df00
     442475.000 ns	     44246	8000924c	024de233	rem	x4,x27,x4	 x27:0x00000000  x4:0x00000002  x4=0x00000000
     442495.000 ns	     44248	80009250	6d673c93	sltiu	x25,x14,1750	 x14:0x608f391f x25=0x00000000
     442515.000 ns	     44250	80009254	28941453	fmax.s	f8,f8,f9	  f8:0x3f800000  f9:0x80000000  f8=0x3f800000
     442535.000 ns	     44252	80009258	410ed413	srai	x8,x29,0x10	 x29:0x00000000  x8=0x00000000
     442555.000 ns	     44254	8000925c	e0020853	fmv.x.w	x16,f4	  f4:0x3f800000 x16=0x3f800000
     442585.000 ns	     44257	80009260	023c8f33	mul	x30,x25,x3	 x25:0x00000000  x3:0xfffffc88 x30=0x00000000
     442605.000 ns	     44259	80009264	014aa5b3	slt	x11,x21,x20	 x21:0x00000000 x20:0x00000000 x11=0x00000000
     442625.000 ns	     44261	80009268	d00cc5d3	fcvt.s.w	f11,x25	 x25:0x00000000 f11=0x00000000
     442655.000 ns	     44264	8000926c	d00316d3	fcvt.s.w	f13,x6	  x6:0x00000130 f13=0x43980000
     442685.000 ns	     44267	80009270	033235b3	mulhu	x11,x4,x19	  x4:0x00000000 x19:0x0f4df000 x11=0x00000000
     442715.000 ns	     44270	80009274	c00c7c53	fcvt.w.s	x24,f24	 f24:0x80000000 x24=0x00000000
     442745.000 ns	     44273	80009278	20cf9953	fsgnjn.s	f18,f31,f12	 f31:0x7fc00000 f12:0x46b50a40 f18=0xffc00000
     442765.000 ns	     44275	8000927c	417a0eb3	sub	x29,x20,x23	 x20:0x00000000 x23:0x00000000 x29=0x00000000
     442805.000 ns	     44279	80009280	01d4ff53	fadd.s	f30,f9,f29	  f9:0x80000000 f29:0x00000000 f30=0x00000000
     443175.000 ns	     44316	80009284	03a05933	divu	x18,x0,x26	  x0:0x00000000 x26:0x0f4df000 x18=0x00000000
     443195.000 ns	     44318	80009288	007b9233	sll	x4,x23,x7	 x23:0x00000000  x7:0xffffffff  x4=0x00000000
     443215.000 ns	     44320	8000928c	d011f853	fcvt.s.wu	f16,x3	  x3:0xfffffc88 f16=0x4f7ffffc
     443245.000 ns	     44323	80009290	28018a53	fmin.s	f20,f3,f0	  f3:0x7fc00000  f0:0x00000000 f20=0x00000000
     443265.000 ns	     44325	80009294	d60e8b13	addi	x22,x29,-672	 x29:0x00000000 x22=0xfffffd60
     443285.000 ns	     44327	80009298	027593b3	mulh	x7,x11,x7	 x11:0x00000000  x7:0xffffffff  x7=0x00000000
     443315.000 ns	     44330	8000929c	d00230d3	fcvt.s.w	f1,x4	  x4:0x00000000  f1=0x00000000
     443335.000 ns	     44332	800092a0	01b3db33	srl	x22,x7,x27	  x7:0x00000000 x27:0x00000000 x22=0x00000000
     443375.000 ns	     44336	800092a4	00867dd3	fadd.s	f27,f12,f8	 f12:0x46b50a40  f8:0x3f800000 f27=0x46b50c40
     443395.000 ns	     44338	800092a8	00522033	slt	x0,x4,x5	  x4:0x00000000  x5:0x00000001
     443405.000 ns	     44339	800092ac	5dd63713	sltiu	x14,x12,1501	 x12:0x00000001 x14=0x00000001
     443435.000 ns	     44342	800092b0	58090f53	fsqrt.s	f30,f18	 f18:0xffc00000 f30=0x7fc00000
     443455.000 ns	     44344	800092b4	017eb3b3	sltu	x7,x29,x23	 x29:0x00000000 x23:0x00000000  x7=0x00000000
     443475.000 ns	     44346	800092b8	030ca433	mulhsu	x8,x25,x16	 x25:0x00000000 x16:0x3f800000  x8=0x00000000
     443515.000 ns	     44350	800092bc	19957f53	fdiv.s	f30,f10,f25	 f10:0x7fc00000 f25:0x7fc00000 f30=0x7fc00000
     443885.000 ns	     44387	800092c0	03025933	divu	x18,x4,x16	  x4:0x00000000 x16:0x3f800000 x18=0x00000000
     443915.000 ns	     44390	800092c4	0256a233	mulhsu	x4,x13,x5	 x13:0xfffffffa  x5:0x00000001  x4=0xffffffff
     443945.000 ns	     44393	800092c8	20328153	fsgnj.s	f2,f5,f3	  f5:0x00000000  f3:0x7fc00000  f2=0x00000000
     443975.000 ns	     44396	800092cc	033f1033	mulh	x0,x30,x19	 x30:0x00000000 x19:0x0f4df000
     443995.000 ns	     44398	800092d0	012bb2b3	sltu	x5,x23,x18	 x23:0x00000000 x18:0x00000000  x5=0x00000000
     444005.000 ns	     44399	800092d4	dc84af13	slti	x30,x9,-568	  x9:0x80041024 x30=0x00000001
     444015.000 ns	     44400	800092d8	012df2b3	and	x5,x27,x18	 x27:0x00000000 x18:0x00000000  x5=0x00000000
     444025.000 ns	     44401	800092dc	00eb69b3	or	x19,x22,x14	 x22:0x00000000 x14:0x00000001 x19=0x00000001
     444045.000 ns	     44403	800092e0	20672b53	fsgnjx.s	f22,f14,f6	 f14:0xcf000000  f6:0x444c8000 f22=0xcf000000
     444075.000 ns	     44406	800092e4	e00f98d3	fclass.s	x17,f31	 f31:0x7fc00000 x17=0x00000200
     444105.000 ns	     44409	800092e8	29920053	fmin.s	f0,f4,f25	  f4:0x3f800000 f25:0x7fc00000  f0=0x3f800000
     444135.000 ns	     44412	800092ec	e00d1453	fclass.s	x8,f26	 f26:0x7fc00000  x8=0x00000200
     444155.000 ns	     44414	800092f0	01759133	sll	x2,x11,x23	 x11:0x00000000 x23:0x00000000  x2=0x00000000
     444175.000 ns	     44416	800092f4	e00d0653	fmv.x.w	x12,f26	 f26:0x7fc00000 x12=0x7fc00000
     444205.000 ns	     44419	800092f8	a1d28453	fle.s	x8,f5,f29	  f5:0x00000000 f29:0x00000000  x8=0x00000001
     444235.000 ns	     44422	800092fc	f00c0953	fmv.w.x	f18,x24	 x24:0x00000000 f18=0x00000000
     444265.000 ns	     44425	80009300	02fc39b3	mulhu	x19,x24,x15	 x24:0x00000000 x15:0x0f43d220 x19=0x00000000
     444295.000 ns	     44428	80009304	03ac9d33	mulh	x26,x25,x26	 x25:0x00000000 x26:0x0f4df000 x26=0x00000000
     444325.000 ns	     44431	80009308	a1172753	feq.s	x14,f14,f17	 f14:0xcf000000 f17:0x4ec11e72 x14=0x00000000
     444355.000 ns	     44434	8000930c	02c3b3b3	mulhu	x7,x7,x12	  x7:0x00000000 x12:0x7fc00000  x7=0x00000000
     444375.000 ns	     44436	80009310	79de0193	addi	x3,x28,1949	 x28:0x7fffffff  x3=0x8000079c
     444385.000 ns	     44437	80009314	01e519b3	sll	x19,x10,x30	 x10:0xc1e296ff x30:0x00000001 x19=0x83c52dfe
     444395.000 ns	     44438	80009318	014ef933	and	x18,x29,x20	 x29:0x00000000 x20:0x00000000 x18=0x00000000
     444435.000 ns	     44442	8000931c	095a7ed3	fsub.s	f29,f20,f21	 f20:0x00000000 f21:0x4f000000 f29=0xcf000000
     444465.000 ns	     44445	80009320	215f0453	fsgnj.s	f8,f30,f21	 f30:0x7fc00000 f21:0x4f000000  f8=0x7fc00000
     444495.000 ns	     44448	80009324	03218eb3	mul	x29,x3,x18	  x3:0x8000079c x18:0x00000000 x29=0x00000000
     444515.000 ns	     44450	80009328	00408db3	add	x27,x1,x4	  x1:0xffffffff  x4:0xffffffff x27=0xfffffffe
     444535.000 ns	     44452	8000932c	e0079b53	fclass.s	x22,f15	 f15:0x7fc00000 x22=0x00000200
     444555.000 ns	     44454	80009330	01d55333	srl	x6,x10,x29	 x10:0xc1e296ff x29:0x00000000  x6=0xc1e296ff
     444575.000 ns	     44456	80009334	02bb29b3	mulhsu	x19,x22,x11	 x22:0x00000200 x11:0x00000000 x19=0x00000000
     444605.000 ns	     44459	80009338	c01d7c53	fcvt.wu.s	x24,f26	 f26:0x7fc00000 x24=0xffffffff
     444635.000 ns	     44462	8000933c	c00481d3	fcvt.w.s	x3,f9	  f9:0x80000000  x3=0x00000000
     444665.000 ns	     44465	80009340	21c617d3	fsgnjn.s	f15,f12,f28	 f12:0x46b50a40 f28:0x4d74df00 f15=0xc6b50a40
     445035.000 ns	     44502	80009344	0380d433	divu	x8,x1,x24	  x1:0xffffffff x24:0xffffffff  x8=0x00000001
     445065.000 ns	     44505	80009348	289f05d3	fmin.s	f11,f30,f9	 f30:0x7fc00000  f9:0x80000000 f11=0x80000000
     445085.000 ns	     44507	8000934c	0042a833	slt	x16,x5,x4	  x5:0x00000000  x4:0xffffffff x16=0x00000000
     445115.000 ns	     44510	80009350	10c07953	fmul.s	f18,f0,f12	  f0:0x3f800000 f12:0x46b50a40 f18=0x46b50a40
     445145.000 ns	     44513	80009354	03ce9d33	mulh	x26,x29,x28	 x29:0x00000000 x28:0x7fffffff x26=0x00000000
     445165.000 ns	     44515	80009358	295b8a93	addi	x21,x23,661	 x23:0x00000000 x21=0x00000295
     445185.000 ns	     44517	8000935c	285e1fd3	fmax.s	f31,f28,f5	 f28:0x4d74df00  f5:0x00000000 f31=0x4d74df00
     446365.000 ns	     44635	80009360	5806ad53	fsqrt.s	f26,f13	 f13:0x43980000 f26=0x418b7be6
     446385.000 ns	     44637	80009364	00ef2933	slt	x18,x30,x14	 x30:0x00000001 x14:0x00000000 x18=0x00000000
     446405.000 ns	     44639	80009368	d0091953	fcvt.s.w	f18,x18	 x18:0x00000000 f18=0x00000000
     446435.000 ns	     44642	8000936c	e0058cd3	fmv.x.w	x25,f11	 f11:0x80000000 x25=0x80000000
     446455.000 ns	     44644	80009370	3b59bb93	sltiu	x23,x19,949	 x19:0x00000000 x23=0x00000001
     446465.000 ns	     44645	80009374	401b5e13	srai	x28,x22,0x1	 x22:0x00000200 x28=0x00000100
     446475.000 ns	     44646	80009378	5a1bf697	auipc	x13,0x5a1bf	 x13=0xda1c8378
     446485.000 ns	     44647	8000937c	011d52b3	srl	x5,x26,x17	 x26:0x00000000 x17:0x00000200  x5=0x00000000
     446495.000 ns	     44648	80009380	00000013	addi	x0,x0,0	  x0:0x00000000
     446515.000 ns	     44650	80009384	0338d2b3	divu	x5,x17,x19	 x17:0x00000200 x19:0x00000000  x5=0xffffffff
     446545.000 ns	     44653	80009388	03304933	div	x18,x0,x19	  x0:0x00000000 x19:0x00000000 x18=0xffffffff
     446565.000 ns	     44655	8000938c	c6323097	auipc	x1,0xc6323	  x1=0x4632c38c
     446585.000 ns	     44657	80009390	a16f1753	flt.s	x14,f30,f22	 f30:0x7fc00000 f22:0xcf000000 x14=0x00000000
     446955.000 ns	     44694	80009394	0242fd33	remu	x26,x5,x4	  x5:0xffffffff  x4:0xffffffff x26=0x00000000
     446985.000 ns	     44697	80009398	03d039b3	mulhu	x19,x0,x29	  x0:0x00000000 x29:0x00000000 x19=0x00000000
     447005.000 ns	     44699	8000939c	ce9cbc93	sltiu	x25,x25,-791	 x25:0x80000000 x25=0x00000001
     447015.000 ns	     44700	800093a0	53e74713	xori	x14,x14,1342	 x14:0x00000000 x14=0x0000053e
     447035.000 ns	     44702	800093a4	02b656b3	divu	x13,x12,x11	 x12:0x7fc00000 x11:0x00000000 x13=0xffffffff
     447055.000 ns	     44704	800093a8	01945b33	srl	x22,x8,x25	  x8:0x00000001 x25:0x00000001 x22=0x00000000
     447065.000 ns	     44705	800093ac	01d9c5b3	xor	x11,x19,x29	 x19:0x00000000 x29:0x00000000 x11=0x00000000
     447075.000 ns	     44706	800093b0	0cfdbd13	sltiu	x26,x27,207	 x27:0xfffffffe x26=0x00000000
     447085.000 ns	     44707	800093b4	81507cb7	lui	x25,0x81507	 x25=0x81507000
     447105.000 ns	     44709	800093b8	e0068a53	fmv.x.w	x20,f13	 f13:0x43980000 x20=0x43980000
     447155.000 ns	     44714	800093bc	083737d3	fsub.s	f15,f14,f3	 f14:0xcf000000  f3:0x7fc00000 f15=0x7fc00000
     447175.000 ns	     44716	800093c0	002a9833	sll	x16,x21,x2	 x21:0x00000295  x2:0x00000000 x16=0x00000295
     447195.000 ns	     44718	800093c4	29539153	fmax.s	f2,f7,f21	  f7:0x80000000 f21:0x4f000000  f2=0x4f000000
     447235.000 ns	     44722	800093c8	5803fdd3	fsqrt.s	f27,f7	  f7:0x80000000 f27=0x80000000
     447605.000 ns	     44759	800093cc	02e450b3	divu	x1,x8,x14	  x8:0x00000001 x14:0x0000053e  x1=0x00000000
     447625.000 ns	     44761	800093d0	41f65c13	srai	x24,x12,0x1f	 x12:0x7fc00000 x24=0x00000000
     447645.000 ns	     44763	800093d4	a1f81dd3	flt.s	x27,f16,f31	 f16:0x4f7ffffc f31:0x4d74df00 x27=0x00000000
     447675.000 ns	     44766	800093d8	e0068853	fmv.x.w	x16,f13	 f13:0x43980000 x16=0x43980000
     447695.000 ns	     44768	800093dc	01cb5833	srl	x16,x22,x28	 x22:0x00000000 x28:0x00000100 x16=0x00000000
     447705.000 ns	     44769	800093e0	00be3133	sltu	x2,x28,x11	 x28:0x00000100 x11:0x00000000  x2=0x00000000
     447715.000 ns	     44770	800093e4	01b141b3	xor	x3,x2,x27	  x2:0x00000000 x27:0x00000000  x3=0x00000000
     447725.000 ns	     44771	800093e8	26474613	xori	x12,x14,612	 x14:0x0000053e x12=0x0000075a
     447735.000 ns	     44772	800093ec	e2267693	andi	x13,x12,-478	 x12:0x7fc00000 x13=0x00000602
     447755.000 ns	     44774	800093f0	f0078cd3	fmv.w.x	f25,x15	 x15:0x0f43d220 f25=0x0f43d220
     447785.000 ns	     44777	800093f4	28331f53	fmax.s	f30,f6,f3	  f6:0x444c8000  f3:0x7fc00000 f30=0x444c8000
     447805.000 ns	     44779	800093f8	01cf9713	slli	x14,x31,0x1c	 x31:0x80040fe4 x14=0x40000000
     447815.000 ns	     44780	800093fc	8ee7a213	slti	x4,x15,-1810	 x15:0x0f43d220  x4=0x00000000
     447825.000 ns	     44781	80009400	00e5b9b3	sltu	x19,x11,x14	 x11:0x00000000 x14:0x0000053e x19=0x00000001
     448185.000 ns	     44817	80009404	026d5f33	divu	x30,x26,x6	 x26:0x00000000  x6:0xc1e296ff x30=0x00000000
     448225.000 ns	     44821	80009408	5807cdd3	fsqrt.s	f27,f15	 f15:0x7fc00000 f27=0x7fc00000
     448255.000 ns	     44824	8000940c	c0039853	fcvt.w.s	x16,f7	  f7:0x80000000 x16=0x00000000
     448285.000 ns	     44827	80009410	e00a9ed3	fclass.s	x29,f21	 f21:0x4f000000 x29=0x00000040
     448315.000 ns	     44830	80009414	027599b3	mulh	x19,x11,x7	 x11:0x00000000  x7:0x00000000 x19=0x00000000
     448345.000 ns	     44833	80009418	e00a9d53	fclass.s	x26,f21	 f21:0x4f000000 x26=0x00000040
     448375.000 ns	     44836	8000941c	0216d6b3	divu	x13,x13,x1	 x13:0x00000602  x1:0x00000000 x13=0xffffffff
     448395.000 ns	     44838	80009420	00d90233	add	x4,x18,x13	 x18:0xffffffff x13:0x00000602  x4=0xfffffffe
     448755.000 ns	     44874	80009424	039e70b3	remu	x1,x28,x25	 x28:0x00000100 x25:0x81507000  x1=0x00000100
     448785.000 ns	     44877	80009428	20040153	fsgnj.s	f2,f8,f0	  f8:0x7fc00000  f0:0x3f800000  f2=0x7fc00000
     448815.000 ns	     44880	8000942c	02283433	mulhu	x8,x16,x2	 x16:0x00000000  x2:0x00000000  x8=0x00000000
     448835.000 ns	     44882	80009430	410dd193	srai	x3,x27,0x10	 x27:0x00000000  x3=0x00000000
     448855.000 ns	     44884	80009434	c0024ed3	fcvt.w.s	x29,f4	  f4:0x3f800000 x29=0x00000001
     448875.000 ns	     44886	80009438	013385b3	add	x11,x7,x19	  x7:0x00000000 x19:0x00000000 x11=0x00000000
     448915.000 ns	     44890	8000943c	00f99053	fadd.s	f0,f19,f15	 f19:0x46b50a40 f15:0x7fc00000  f0=0x7fc00000
     448945.000 ns	     44893	80009440	2164a4d3	fsgnjx.s	f9,f9,f22	  f9:0x80000000 f22:0xcf000000  f9=0x00000000
     448975.000 ns	     44896	80009444	a1171053	flt.s	x0,f14,f17	 f14:0xcf000000 f17:0x4ec11e72
     449015.000 ns	     44900	80009448	10d87853	fmul.s	f16,f16,f13	 f16:0x4f7ffffc f13:0x43980000 f16=0x5397fffe
     449065.000 ns	     44905	8000944c	000400d3	fadd.s	f1,f8,f0	  f8:0x7fc00000  f0:0x7fc00000  f1=0x7fc00000
     449085.000 ns	     44907	80009450	40489817	auipc	x16,0x40489	 x16=0xc0492450
     449095.000 ns	     44908	80009454	0122f2b3	and	x5,x5,x18	  x5:0xffffffff x18:0xffffffff  x5=0xffffffff
     449115.000 ns	     44910	80009458	e0048353	fmv.x.w	x6,f9	  f9:0x00000000  x6=0x00000000
     449145.000 ns	     44913	8000945c	03c5bf33	mulhu	x30,x11,x28	 x11:0x00000000 x28:0x00000100 x30=0x00000000
     449165.000 ns	     44915	80009460	005aca33	xor	x20,x21,x5	 x21:0x00000295  x5:0xffffffff x20=0xfffffd6a
     449185.000 ns	     44917	80009464	a00c83d3	fle.s	x7,f25,f0	 f25:0x0f43d220  f0:0x7fc00000  x7=0x00000000
     449205.000 ns	     44919	80009468	014f2c33	slt	x24,x30,x20	 x30:0x00000000 x20:0x43980000 x24=0x00000000
     449225.000 ns	     44921	8000946c	d00fb7d3	fcvt.s.w	f15,x31	 x31:0x80040fe4 f15=0xcefff7e1
     449245.000 ns	     44923	80009470	00dd2033	slt	x0,x26,x13	 x26:0x00000040 x13:0xffffffff
     449265.000 ns	     44925	80009474	d0010d53	fcvt.s.w	f26,x2	  x2:0x00000000 f26=0x00000000
     449285.000 ns	     44927	80009478	c81cd917	auipc	x18,0xc81cd	 x18=0x481d6478
     449645.000 ns	     44963	8000947c	031c6cb3	rem	x25,x24,x17	 x24:0x00000000 x17:0x00000200 x25=0x00000000
     449665.000 ns	     44965	80009480	32416993	ori	x19,x2,804	  x2:0x00000000 x19=0x00000324
     449685.000 ns	     44967	80009484	02442db3	mulhsu	x27,x8,x4	  x8:0x00000000  x4:0xfffffffe x27=0x00000000
     449705.000 ns	     44969	80009488	40278133	sub	x2,x15,x2	 x15:0x0f43d220  x2:0x00000000  x2=0x0f43d220
     449715.000 ns	     44970	8000948c	18694093	xori	x1,x18,390	 x18:0x481d6478  x1=0x481d65fe
     449725.000 ns	     44971	80009490	01985213	srli	x4,x16,0x19	 x16:0xc0492450  x4=0x00000060
     449745.000 ns	     44973	80009494	298e9a53	fmax.s	f20,f29,f24	 f29:0xcf000000 f24:0x80000000 f20=0x80000000
     449765.000 ns	     44975	80009498	00e95413	srli	x8,x18,0xe	 x18:0x481d6478  x8=0x00012075
     449785.000 ns	     44977	8000949c	a0e098d3	flt.s	x17,f1,f14	  f1:0x7fc00000 f14:0xcf000000 x17=0x00000000
     449805.000 ns	     44979	800094a0	400d5a13	srai	x20,x26,0x0	 x26:0x00000040 x20=0x00000040
     449815.000 ns	     44980	800094a4	c57f7293	andi	x5,x30,-937	 x30:0x00000000  x5=0x00000000
     449825.000 ns	     44981	800094a8	018b4933	xor	x18,x22,x24	 x22:0x00000000 x24:0x00000000 x18=0x00000000
     449835.000 ns	     44982	800094ac	40545033	sra	x0,x8,x5	  x8:0x00012075  x5:0xffffffff
     449855.000 ns	     44984	800094b0	027c47b3	div	x15,x24,x7	 x24:0x00000000  x7:0x00000000 x15=0xffffffff
     449895.000 ns	     44988	800094b4	580976d3	fsqrt.s	f13,f18	 f18:0x00000000 f13=0x00000000
     449915.000 ns	     44990	800094b8	01b6a8b3	slt	x17,x13,x27	 x13:0xffffffff x27:0x00000000 x17=0x00000001
     449935.000 ns	     44992	800094bc	c00cc9d3	fcvt.w.s	x19,f25	 f25:0x0f43d220 x19=0x00000000
     449965.000 ns	     44995	800094c0	29081853	fmax.s	f16,f16,f16	 f16:0x5397fffe f16:0x5397fffe f16=0x5397fffe
     449995.000 ns	     44998	800094c4	e0040953	fmv.x.w	x18,f8	  f8:0x7fc00000 x18=0x7fc00000
     450015.000 ns	     45000	800094c8	416105b3	sub	x11,x2,x22	  x2:0x0f43d220 x22:0x00000000 x11=0x0f43d220
     450055.000 ns	     45004	800094cc	00a7fc53	fadd.s	f24,f15,f10	 f15:0xcefff7e1 f10:0x7fc00000 f24=0x7fc00000
     450085.000 ns	     45007	800094d0	e00c1e53	fclass.s	x28,f24	 f24:0x80000000 x28=0x00000200
     450105.000 ns	     45009	800094d4	017b1613	slli	x12,x22,0x17	 x22:0x00000000 x12=0x00000000
     450125.000 ns	     45011	800094d8	e0099f53	fclass.s	x30,f19	 f19:0x46b50a40 x30=0x00000040
     450145.000 ns	     45013	800094dc	004875b3	and	x11,x16,x4	 x16:0xc0492450  x4:0x00000060 x11=0x00000040
     450505.000 ns	     45049	800094e0	03d6d5b3	divu	x11,x13,x29	 x13:0xffffffff x29:0x00000001 x11=0xffffffff
     450535.000 ns	     45052	800094e4	02da37b3	mulhu	x15,x20,x13	 x20:0x00000040 x13:0xffffffff x15=0x0000003f
     450565.000 ns	     45055	800094e8	03b165b3	rem	x11,x2,x27	  x2:0x0f43d220 x27:0x00000000 x11=0x0f43d220
     450585.000 ns	     45057	800094ec	01a885b3	add	x11,x17,x26	 x17:0x00000001 x26:0x00000040 x11=0x00000041
     450595.000 ns	     45058	800094f0	01785193	srli	x3,x16,0x17	 x16:0xc0492450  x3=0x00000180
     450955.000 ns	     45094	800094f4	029c4d33	div	x26,x24,x9	 x24:0x00000000  x9:0x80041024 x26=0x00000000
     450985.000 ns	     45097	800094f8	c01ef453	fcvt.wu.s	x8,f29	 f29:0xcf000000  x8=0x80000000
     451005.000 ns	     45099	800094fc	40b95b93	srai	x23,x18,0xb	 x18:0x7fc00000 x23=0x000ff800
     451025.000 ns	     45101	80009500	28509153	fmax.s	f2,f1,f5	  f1:0x7fc00000  f5:0x00000000  f2=0x00000000
     451395.000 ns	     45138	80009504	03f1c7b3	div	x15,x3,x31	  x3:0x00000180 x31:0x80040fe4 x15=0x00000000
     451425.000 ns	     45141	80009508	21292dd3	fsgnjx.s	f27,f18,f18	 f18:0x00000000 f18:0x00000000 f27=0x00000000
     451445.000 ns	     45143	8000950c	00a0f5b3	and	x11,x1,x10	  x1:0x481d65fe x10:0xc1e296ff x11=0x400004fe
     451455.000 ns	     45144	80009510	00000013	addi	x0,x0,0	  x0:0x00000000
     451495.000 ns	     45148	80009514	015af0d3	fadd.s	f1,f21,f21	 f21:0x4f000000 f21:0x4f000000  f1=0x4f800000
     451525.000 ns	     45151	80009518	d00972d3	fcvt.s.w	f5,x18	 x18:0x7fc00000  f5=0x4eff8000
     451565.000 ns	     45155	8000951c	10bcc3d3	fmul.s	f7,f25,f11	 f25:0x0f43d220 f11:0x80000000  f7=0x80000000
     451585.000 ns	     45157	80009520	012d5893	srli	x17,x26,0x12	 x26:0x00000000 x17=0x00000000
     451605.000 ns	     45159	80009524	0395f033	remu	x0,x11,x25	 x11:0x400004fe x25:0x00000000
     451635.000 ns	     45162	80009528	29b91453	fmax.s	f8,f18,f27	 f18:0x00000000 f27:0x00000000  f8=0x00000000
     451655.000 ns	     45164	8000952c	404f5813	srai	x16,x30,0x4	 x30:0x00000040 x16=0x00000004
     451675.000 ns	     45166	80009530	a0879153	flt.s	x2,f15,f8	 f15:0xcefff7e1  f8:0x00000000  x2=0x00000001
     451705.000 ns	     45169	80009534	e00b8ed3	fmv.x.w	x29,f23	 f23:0x7fc00000 x29=0x7fc00000
     451735.000 ns	     45172	80009538	d015cf53	fcvt.s.wu	f30,x11	 x11:0x400004fe f30=0x4e80000a
     451755.000 ns	     45174	8000953c	00000013	addi	x0,x0,0	  x0:0x00000000
     452115.000 ns	     45210	80009540	03c57733	remu	x14,x10,x28	 x10:0xc1e296ff x28:0x00000200 x14=0x000000ff
     452135.000 ns	     45212	80009544	01a91a33	sll	x20,x18,x26	 x18:0x7fc00000 x26:0x00000000 x20=0x7fc00000
     452145.000 ns	     45213	80009548	40898a33	sub	x20,x19,x8	 x19:0x00000000  x8:0x80000000 x20=0x80000000
     452165.000 ns	     45215	8000954c	21d1acd3	fsgnjx.s	f25,f3,f29	  f3:0x7fc00000 f29:0xcf000000 f25=0xffc00000
     452185.000 ns	     45217	80009550	40328233	sub	x4,x5,x3	  x5:0x00000000  x3:0x00000180  x4=0xfffffe80
     452195.000 ns	     45218	80009554	e8630393	addi	x7,x6,-378	  x6:0x00000000  x7=0xfffffe86
     452235.000 ns	     45222	80009558	016e8b53	fadd.s	f22,f29,f22	 f29:0xcf000000 f22:0xcf000000 f22=0xcf800000
     452255.000 ns	     45224	8000955c	29bf0037	lui	x0,0x29bf0	
     452275.000 ns	     45226	80009560	a08386d3	fle.s	x13,f7,f8	  f7:0x80000000  f8:0x00000000 x13=0x00000001
     452295.000 ns	     45228	80009564	18540e93	addi	x29,x8,389	  x8:0x80000000 x29=0x80000185
     452315.000 ns	     45230	80009568	29ba1053	fmax.s	f0,f20,f27	 f20:0x80000000 f27:0x00000000  f0=0x00000000
     452345.000 ns	     45233	8000956c	024a8e33	mul	x28,x21,x4	 x21:0x00000295  x4:0xfffffe80 x28=0xfffc2080
     452365.000 ns	     45235	80009570	7d849197	auipc	x3,0x7d849	  x3=0xfd852570
     452375.000 ns	     45236	80009574	a616c913	xori	x18,x13,-1439	 x13:0x00000001 x18=0xfffffa60
     452385.000 ns	     45237	80009578	cf788017	auipc	x0,0xcf788	
     452405.000 ns	     45239	8000957c	28931f53	fmax.s	f30,f6,f9	  f6:0x444c8000  f9:0x00000000 f30=0x444c8000
     452425.000 ns	     45241	80009580	9ee0f293	andi	x5,x1,-1554	  x1:0x481d65fe  x5=0x481d61ee
     452465.000 ns	     45245	80009584	009c7dd3	fadd.s	f27,f24,f9	 f24:0x7fc00000  f9:0x00000000 f27=0x7fc00000
     452515.000 ns	     45250	80009588	00b431d3	fadd.s	f3,f8,f11	  f8:0x00000000 f11:0x80000000  f3=0x80000000
     452545.000 ns	     45253	8000958c	20c8abd3	fsgnjx.s	f23,f17,f12	 f17:0x4ec11e72 f12:0x46b50a40 f23=0x4ec11e72
     452565.000 ns	     45255	80009590	010b9833	sll	x16,x23,x16	 x23:0x000ff800 x16:0x00000004 x16=0x00ff8000
     452585.000 ns	     45257	80009594	03c731b3	mulhu	x3,x14,x28	 x14:0x000000ff x28:0xfffc2080  x3=0x000000fe
     452615.000 ns	     45260	80009598	d00fa253	fcvt.s.w	f4,x31	 x31:0x80040fe4  f4=0xcefff7e1
     452635.000 ns	     45262	8000959c	e955a113	slti	x2,x11,-363	 x11:0x400004fe  x2=0x00000000
     452995.000 ns	     45298	800095a0	0238cab3	div	x21,x17,x3	 x17:0x00000000  x3:0x000000fe x21=0x00000000
     453035.000 ns	     45302	800095a4	58024f53	fsqrt.s	f30,f4	  f4:0xcefff7e1 f30=0x7fc00000
     453055.000 ns	     45304	800095a8	8f3c3193	sltiu	x3,x24,-1805	 x24:0x00000000  x3=0x00000001
     453075.000 ns	     45306	800095ac	02459433	mulh	x8,x11,x4	 x11:0x400004fe  x4:0xfffffe80  x8=0xffffff9f
     453095.000 ns	     45308	800095b0	68284393	xori	x7,x16,1666	 x16:0x00ff8000  x7=0x00ff8682
     453115.000 ns	     45310	800095b4	027abcb3	mulhu	x25,x21,x7	 x21:0x00000000  x7:0xfffffe86 x25=0x00000000
     453135.000 ns	     45312	800095b8	00000013	addi	x0,x0,0	  x0:0x00000000
     453155.000 ns	     45314	800095bc	c018fcd3	fcvt.wu.s	x25,f17	 f17:0x4ec11e72 x25=0x608f3900
     453175.000 ns	     45316	800095c0	00000013	addi	x0,x0,0	  x0:0x00000000
     453215.000 ns	     45320	800095c4	082a7ed3	fsub.s	f29,f20,f2	 f20:0x80000000  f2:0x00000000 f29=0x80000000
     453585.000 ns	     45357	800095c8	024ff3b3	remu	x7,x31,x4	 x31:0x80040fe4  x4:0xfffffe80  x7=0x80040fe4
     453605.000 ns	     45359	800095cc	00159eb3	sll	x29,x11,x1	 x11:0x400004fe  x1:0x481d65fe x29=0x80000000
     453615.000 ns	     45360	800095d0	6a2928b7	lui	x17,0x6a292	 x17=0x6a292000
     453635.000 ns	     45362	800095d4	02b60d33	mul	x26,x12,x11	 x12:0x00000000 x11:0x400004fe x26=0x00000000
     453655.000 ns	     45364	800095d8	47142b13	slti	x22,x8,1137	  x8:0xffffff9f x22=0x00000001
     454015.000 ns	     45400	800095dc	025f4733	div	x14,x30,x5	 x30:0x00000040  x5:0x481d61ee x14=0x00000000
     454035.000 ns	     45402	800095e0	41005033	sra	x0,x0,x16	  x0:0x00000000 x16:0x00ff8000
     454075.000 ns	     45406	800095e4	093acbd3	fsub.s	f23,f21,f19	 f21:0x4f000000 f19:0x46b50a40 f23=0x4effff4a
     454095.000 ns	     45408	800095e8	d68b4613	xori	x12,x22,-664	 x22:0x00000001 x12=0xfffffd69
     454135.000 ns	     45412	800095ec	082bfc53	fsub.s	f24,f23,f2	 f23:0x4effff4a  f2:0x00000000 f24=0x4effff4a
     454175.000 ns	     45416	800095f0	5806ffd3	fsqrt.s	f31,f13	 f13:0x00000000 f31=0x00000000
     454205.000 ns	     45419	800095f4	02f31233	mulh	x4,x6,x15	  x6:0x00000000 x15:0x00000000  x4=0x00000000
     454235.000 ns	     45422	800095f8	a1e40053	fle.s	x0,f8,f30	  f8:0x00000000 f30:0x7fc00000
     454265.000 ns	     45425	800095fc	a0e007d3	fle.s	x15,f0,f14	  f0:0x00000000 f14:0xcf000000 x15=0x00000000
     454285.000 ns	     45427	80009600	d87da913	slti	x18,x27,-633	 x27:0x00000000 x18=0x00000000
     455315.000 ns	     45530	80009604	580bff53	fsqrt.s	f30,f23	 f23:0x4effff4a f30=0x4735046b
     455345.000 ns	     45533	80009608	d00e7053	fcvt.s.w	f0,x28	 x28:0xfffc2080  f0=0xc877e000
     455375.000 ns	     45536	8000960c	034cb8b3	mulhu	x17,x25,x20	 x25:0x608f3900 x20:0x80000000 x17=0x30479c80
     455395.000 ns	     45538	80009610	0081ae33	slt	x28,x3,x8	  x3:0x00000001  x8:0xffffff9f x28=0x00000000
     455405.000 ns	     45539	80009614	00519833	sll	x16,x3,x5	  x3:0x00000001  x5:0x481d61ee x16=0x00004000
     455415.000 ns	     45540	80009618	dc84e813	ori	x16,x9,-568	  x9:0x80041024 x16=0xfffffdec
     455435.000 ns	     45542	8000961c	a0df8ad3	fle.s	x21,f31,f13	 f31:0x00000000 f13:0x00000000 x21=0x00000001
     455465.000 ns	     45545	80009620	291a9353	fmax.s	f6,f21,f17	 f21:0x4f000000 f17:0x4ec11e72  f6=0x4f000000
     455485.000 ns	     45547	80009624	00a21333	sll	x6,x4,x10	  x4:0x00000000 x10:0xc1e296ff  x6=0x00000000
     455505.000 ns	     45549	80009628	a0c58c53	fle.s	x24,f11,f12	 f11:0x80000000 f12:0x46b50a40 x24=0x00000001
     455875.000 ns	     45586	8000962c	0251f5b3	remu	x11,x3,x5	  x3:0x00000001  x5:0x481d61ee x11=0x00000001
     455895.000 ns	     45588	80009630	00b0ee33	or	x28,x1,x11	  x1:0x481d65fe x11:0x400004fe x28=0x481d65ff
     455905.000 ns	     45589	80009634	4571ed93	ori	x27,x3,1111	  x3:0x00000001 x27=0x00000457
     455925.000 ns	     45591	80009638	0284b3b3	mulhu	x7,x9,x8	  x9:0x80041024  x8:0xffffff9f  x7=0x80040ff3
     455945.000 ns	     45593	8000963c	00311a93	slli	x21,x2,0x3	  x2:0x00000000 x21=0x00000000
     455955.000 ns	     45594	80009640	007068b3	or	x17,x0,x7	  x0:0x00000000  x7:0x80040ff3 x17=0x80040ff3
     455975.000 ns	     45596	80009644	28b01dd3	fmax.s	f27,f0,f11	  f0:0xc877e000 f11:0x80000000 f27=0x80000000
     456025.000 ns	     45601	80009648	08a62753	fsub.s	f14,f12,f10	 f12:0x46b50a40 f10:0x7fc00000 f14=0x7fc00000
     456055.000 ns	     45604	8000964c	d0197453	fcvt.s.wu	f8,x18	 x18:0x00000000  f8=0x00000000
     456075.000 ns	     45606	80009650	8fb2b593	sltiu	x11,x5,-1797	  x5:0x481d61ee x11=0x00000001
     456115.000 ns	     45610	80009654	01921fd3	fadd.s	f31,f4,f25	  f4:0xcefff7e1 f25:0xffc00000 f31=0x7fc00000
     456145.000 ns	     45613	80009658	292287d3	fmin.s	f15,f5,f18	  f5:0x4eff8000 f18:0x00000000 f15=0x00000000
     456175.000 ns	     45616	8000965c	03fa3633	mulhu	x12,x20,x31	 x20:0x80000000 x31:0x80040fe4 x12=0x400207f2
     456205.000 ns	     45619	80009660	02fe40b3	div	x1,x28,x15	 x28:0x481d65ff x15:0x00000000  x1=0xffffffff
     456225.000 ns	     45621	80009664	00af5bb3	srl	x23,x30,x10	 x30:0x00000040 x10:0xc1e296ff x23=0x00000000
     456555.000 ns	     45654	80009668	198073d3	fdiv.s	f7,f0,f24	  f0:0xc877e000 f24:0x4effff4a  f7=0xb8f7e000
     456575.000 ns	     45656	8000966c	01399393	slli	x7,x19,0x13	 x19:0x00000000  x7=0x00000000
     456935.000 ns	     45692	80009670	03125bb3	divu	x23,x4,x17	  x4:0x00000000 x17:0x80040ff3 x23=0x00000000
     458115.000 ns	     45810	80009674	580af553	fsqrt.s	f10,f21	 f21:0x4f000000 f10=0x46b50482
     458145.000 ns	     45813	80009678	a18f82d3	fle.s	x5,f31,f24	 f31:0x7fc00000 f24:0x4effff4a  x5=0x00000000
     458175.000 ns	     45816	8000967c	210e90d3	fsgnjn.s	f1,f29,f16	 f29:0x80000000 f16:0x5397fffe  f1=0x80000000
     458205.000 ns	     45819	80009680	a0de2753	feq.s	x14,f28,f13	 f28:0x4d74df00 f13:0x00000000 x14=0x00000000
     458235.000 ns	     45822	80009684	03c180b3	mul	x1,x3,x28	  x3:0x00000001 x28:0x481d65ff  x1=0x481d65ff
     458255.000 ns	     45824	80009688	014f76b3	and	x13,x30,x20	 x30:0x00000040 x20:0x80000000 x13=0x00000000
     458265.000 ns	     45825	8000968c	fbc70917	auipc	x18,0xfbc70	 x18=0x7bc7968c
     458275.000 ns	     45826	80009690	00cf5033	srl	x0,x30,x12	 x30:0x00000040 x12:0x400207f2
     458295.000 ns	     45828	80009694	e00e82d3	fmv.x.w	x5,f29	 f29:0x80000000  x5=0x80000000
     458325.000 ns	     45831	80009698	d012f2d3	fcvt.s.wu	f5,x5	  x5:0x00000000  f5=0x4f000000
     458355.000 ns	     45834	8000969c	29a904d3	fmin.s	f9,f18,f26	 f18:0x00000000 f26:0x00000000  f9=0x00000000
     458385.000 ns	     45837	800096a0	c0197a53	fcvt.wu.s	x20,f18	 f18:0x00000000 x20=0x00000000
     458415.000 ns	     45840	800096a4	a0b99153	flt.s	x2,f19,f11	 f19:0x46b50a40 f11:0x80000000  x2=0x00000000
     458435.000 ns	     45842	800096a8	dd9a4b93	xori	x23,x20,-551	 x20:0x00000000 x23=0xfffffdd9
     458445.000 ns	     45843	800096ac	3b1c3593	sltiu	x11,x24,945	 x24:0x00000001 x11=0x00000001
     458455.000 ns	     45844	800096b0	f3c8c993	xori	x19,x17,-196	 x17:0x80040ff3 x19=0x7ffbf0cf
     458465.000 ns	     45845	800096b4	01d58433	add	x8,x11,x29	 x11:0x00000001 x29:0x80000000  x8=0x80000001
     458485.000 ns	     45847	800096b8	f0038953	fmv.w.x	f18,x7	  x7:0x00000000 f18=0x00000000
     458515.000 ns	     45850	800096bc	a0100a53	fle.s	x20,f0,f1	  f0:0xc877e000  f1:0x80000000 x20=0x00000001
     458535.000 ns	     45852	800096c0	415c5793	srai	x15,x24,0x15	 x24:0x00000001 x15=0x00000000
     458555.000 ns	     45854	800096c4	201893d3	fsgnjn.s	f7,f17,f1	 f17:0x4ec11e72  f1:0x80000000  f7=0x4ec11e72
     458585.000 ns	     45857	800096c8	03e388b3	mul	x17,x7,x30	  x7:0x00000000 x30:0x00000040 x17=0x00000000
     458605.000 ns	     45859	800096cc	26cf78b7	lui	x17,0x26cf7	 x17=0x26cf7000
     458625.000 ns	     45861	800096d0	c01a91d3	fcvt.wu.s	x3,f21	 f21:0x4f000000  x3=0x80000000
     458675.000 ns	     45866	800096d4	08eca553	fsub.s	f10,f25,f14	 f25:0xffc00000 f14:0x7fc00000 f10=0x7fc00000
     458705.000 ns	     45869	800096d8	033cb9b3	mulhu	x19,x25,x19	 x25:0x608f3900 x19:0x7ffbf0cf x19=0x30461488
     458735.000 ns	     45872	800096dc	d0148153	fcvt.s.wu	f2,x9	  x9:0x80041024  f2=0x4f000410
     458765.000 ns	     45875	800096e0	29b40dd3	fmin.s	f27,f8,f27	  f8:0x00000000 f27:0x80000000 f27=0x80000000
     458795.000 ns	     45878	800096e4	020f4833	div	x16,x30,x0	 x30:0x00000040  x0:0x00000000 x16=0xffffffff
     458815.000 ns	     45880	800096e8	01e6dbb3	srl	x23,x13,x30	 x13:0x00000000 x30:0x00000040 x23=0x00000000
     458835.000 ns	     45882	800096ec	214e1ad3	fsgnjn.s	f21,f28,f20	 f28:0x4d74df00 f20:0x80000000 f21=0x4d74df00
     458855.000 ns	     45884	800096f0	faa6c993	xori	x19,x13,-86	 x13:0x00000000 x19=0xffffffaa
     458865.000 ns	     45885	800096f4	00484cb3	xor	x25,x16,x4	 x16:0xffffffff  x4:0x00000000 x25=0xffffffff
     458885.000 ns	     45887	800096f8	0251bb33	mulhu	x22,x3,x5	  x3:0x80000000  x5:0x80000000 x22=0x40000000
     458925.000 ns	     45891	800096fc	182ff9d3	fdiv.s	f19,f31,f2	 f31:0x7fc00000  f2:0x4f000410 f19=0x7fc00000
     458945.000 ns	     45893	80009700	00000013	addi	x0,x0,0	  x0:0x00000000
     458955.000 ns	     45894	80009704	0839ee93	ori	x29,x19,131	 x19:0xffffffaa x29=0xffffffab
     458975.000 ns	     45896	80009708	28eb0f53	fmin.s	f30,f22,f14	 f22:0xcf800000 f14:0x7fc00000 f30=0xcf800000
     459345.000 ns	     45933	8000970c	03bb75b3	remu	x11,x22,x27	 x22:0x40000000 x27:0x00000457 x11=0x00000140
     459375.000 ns	     45936	80009710	c015fe53	fcvt.wu.s	x28,f11	 f11:0x80000000 x28=0x00000000
     459745.000 ns	     45973	80009714	02564bb3	div	x23,x12,x5	 x12:0x400207f2  x5:0x80000000 x23=0x00000000
     459775.000 ns	     45976	80009718	21f91d53	fsgnjn.s	f26,f18,f31	 f18:0x00000000 f31:0x7fc00000 f26=0x80000000
     459805.000 ns	     45979	8000971c	a10a0f53	fle.s	x30,f20,f16	 f20:0x80000000 f16:0x5397fffe x30=0x00000001
     459825.000 ns	     45981	80009720	00021a13	slli	x20,x4,0x0	  x4:0x00000000 x20=0x00000000
     459835.000 ns	     45982	80009724	00941f33	sll	x30,x8,x9	  x8:0x80000001  x9:0x80041024 x30=0x00000010
     459855.000 ns	     45984	80009728	21b80bd3	fsgnj.s	f23,f16,f27	 f16:0x5397fffe f27:0x80000000 f23=0xd397fffe
     459885.000 ns	     45987	8000972c	c0084353	fcvt.w.s	x6,f16	 f16:0x5397fffe  x6=0x7fffffff
     459905.000 ns	     45989	80009730	f44abe17	auipc	x28,0xf44ab	 x28=0x744b4730
     459925.000 ns	     45991	80009734	e00d0ad3	fmv.x.w	x21,f26	 f26:0x80000000 x21=0x80000000
     459945.000 ns	     45993	80009738	40c05693	srai	x13,x0,0xc	  x0:0x00000000 x13=0x00000000
     459965.000 ns	     45995	8000973c	a02c0ed3	fle.s	x29,f24,f2	 f24:0x4effff4a  f2:0x4f000410 x29=0x00000001
     460335.000 ns	     46032	80009740	03f66bb3	rem	x23,x12,x31	 x12:0x400207f2 x31:0x80040fe4 x23=0x400207f2
     460365.000 ns	     46035	80009744	03a5c733	div	x14,x11,x26	 x11:0x00000140 x26:0x00000000 x14=0xffffffff
     460385.000 ns	     46037	80009748	00394ab3	xor	x21,x18,x3	 x18:0x7bc7968c  x3:0x80000000 x21=0xfbc7968c
     460425.000 ns	     46041	8000974c	017f7953	fadd.s	f18,f30,f23	 f30:0xcf800000 f23:0xd397fffe f18=0xd3987ffe
     460455.000 ns	     46044	80009750	02285133	divu	x2,x16,x2	 x16:0xffffffff  x2:0x00000000  x2=0xffffffff
     460485.000 ns	     46047	80009754	20f02bd3	fsgnjx.s	f23,f0,f15	  f0:0xc877e000 f15:0x00000000 f23=0xc877e000
     460855.000 ns	     46084	80009758	02e9d933	divu	x18,x19,x14	 x19:0xffffffaa x14:0xffffffff x18=0x00000000
     460875.000 ns	     46086	8000975c	00f6de93	srli	x29,x13,0xf	 x13:0x00000000 x29=0x00000000
     460885.000 ns	     46087	80009760	41f3d6b3	sra	x13,x7,x31	  x7:0x00000000 x31:0x80040fe4 x13=0x00000000
     460895.000 ns	     46088	80009764	018aae33	slt	x28,x21,x24	 x21:0xfbc7968c x24:0x00000001 x28=0x00000001
     460905.000 ns	     46089	80009768	00ef57b3	srl	x15,x30,x14	 x30:0x00000010 x14:0xffffffff x15=0x00000000
     460915.000 ns	     46090	8000976c	f6a6e413	ori	x8,x13,-150	 x13:0x00000000  x8=0xffffff6a
     460935.000 ns	     46092	80009770	f0058ad3	fmv.w.x	f21,x11	 x11:0x00000140 f21=0x00000140
     460985.000 ns	     46097	80009774	005f7b53	fadd.s	f22,f30,f5	 f30:0xcf800000  f5:0x4f000000 f22=0xcf000000
     461355.000 ns	     46134	80009778	03eae9b3	rem	x19,x21,x30	 x21:0xfbc7968c x30:0x00000010 x19=0xfffffffc
     461375.000 ns	     46136	8000977c	01441193	slli	x3,x8,0x14	  x8:0xffffff6a  x3=0xf6a00000
     461385.000 ns	     46137	80009780	4094dd33	sra	x26,x9,x9	  x9:0x80041024  x9:0x80041024 x26=0xf8004102
     461415.000 ns	     46140	80009784	11d7c153	fmul.s	f2,f15,f29	 f15:0x00000000 f29:0x80000000  f2=0x80000000
     461435.000 ns	     46142	80009788	00559693	slli	x13,x11,0x5	 x11:0x00000140 x13=0x00002800
     461455.000 ns	     46144	8000978c	d00effd3	fcvt.s.w	f31,x29	 x29:0x00000000 f31=0x00000000
     461825.000 ns	     46181	80009790	02a5d233	divu	x4,x11,x10	 x11:0x00000140 x10:0xc1e296ff  x4=0x00000000
     461855.000 ns	     46184	80009794	f00a0ed3	fmv.w.x	f29,x20	 x20:0x00000000 f29=0x00000000
     461885.000 ns	     46187	80009798	039889b3	mul	x19,x17,x25	 x17:0x26cf7000 x25:0xffffffff x19=0xd9309000
     461905.000 ns	     46189	8000979c	f9052d13	slti	x26,x10,-112	 x10:0xc1e296ff x26=0x00000001
     461925.000 ns	     46191	800097a0	28e60f53	fmin.s	f30,f12,f14	 f12:0x46b50a40 f14:0x7fc00000 f30=0x46b50a40
     461945.000 ns	     46193	800097a4	5c923813	sltiu	x16,x4,1481	  x4:0x00000000 x16=0x00000001
     461955.000 ns	     46194	800097a8	00f40333	add	x6,x8,x15	  x8:0xffffff6a x15:0x00000000  x6=0xffffff6a
     461975.000 ns	     46196	800097ac	295a0b53	fmin.s	f22,f20,f21	 f20:0x80000000 f21:0x00000140 f22=0x80000000
     462345.000 ns	     46233	800097b0	02675b33	divu	x22,x14,x6	 x14:0xffffffff  x6:0x7fffffff x22=0x00000001
     462365.000 ns	     46235	800097b4	5f81ee13	ori	x28,x3,1528	  x3:0xf6a00000 x28=0xf6a005f8
     462375.000 ns	     46236	800097b8	411a8033	sub	x0,x21,x17	 x21:0xfbc7968c x17:0x26cf7000
     462385.000 ns	     46237	800097bc	406bd193	srai	x3,x23,0x6	 x23:0x400207f2  x3=0x0100081f
     462745.000 ns	     46273	800097c0	0224cdb3	div	x27,x9,x2	  x9:0x80041024  x2:0xffffffff x27=0x7ffbefdc
     462765.000 ns	     46275	800097c4	01437d33	and	x26,x6,x20	  x6:0xffffff6a x20:0x00000000 x26=0x00000000
     462775.000 ns	     46276	800097c8	0064a933	slt	x18,x9,x6	  x9:0x80041024  x6:0xffffff6a x18=0x00000001
     462795.000 ns	     46278	800097cc	a09989d3	fle.s	x19,f19,f9	 f19:0x7fc00000  f9:0x00000000 x19=0x00000000
     463165.000 ns	     46315	800097d0	03c5d1b3	divu	x3,x11,x28	 x11:0x00000140 x28:0xf6a005f8  x3=0x00000000
     463215.000 ns	     46320	800097d4	09c224d3	fsub.s	f9,f4,f28	  f4:0xcefff7e1 f28:0x4d74df00  f9=0xcf0f49e0
     463245.000 ns	     46323	800097d8	e0098053	fmv.x.w	x0,f19	 f19:0x7fc00000
     463265.000 ns	     46325	800097dc	e27fce93	xori	x29,x31,-473	 x31:0x80040fe4 x29=0x7ffbf1c3
     463285.000 ns	     46327	800097e0	c016f253	fcvt.wu.s	x4,f13	 f13:0x00000000  x4=0x00000000
     463655.000 ns	     46364	800097e4	02dac1b3	div	x3,x21,x13	 x21:0xfbc7968c x13:0x00002800  x3=0xffffe4fe
     463675.000 ns	     46366	800097e8	66db8593	addi	x11,x23,1645	 x23:0x400207f2 x11=0x40020e5f
     463695.000 ns	     46368	800097ec	282997d3	fmax.s	f15,f19,f2	 f19:0x7fc00000  f2:0x80000000 f15=0x80000000
     463725.000 ns	     46371	800097f0	a0980953	fle.s	x18,f16,f9	 f16:0x5397fffe  f9:0xcf0f49e0 x18=0x00000000
     463745.000 ns	     46373	800097f4	1d65a1b7	lui	x3,0x1d65a	  x3=0x1d65a000
     463755.000 ns	     46374	800097f8	004fd333	srl	x6,x31,x4	 x31:0x80040fe4  x4:0x00000000  x6=0x80040fe4
     463775.000 ns	     46376	800097fc	c015f3d3	fcvt.wu.s	x7,f11	 f11:0x80000000  x7=0x00000000
     463795.000 ns	     46378	80009800	0062c933	xor	x18,x5,x6	  x5:0x80000000  x6:0xffffff6a x18=0x00040fe4
     463805.000 ns	     46379	80009804	01ac2bb3	slt	x23,x24,x26	 x24:0x00000001 x26:0x00000000 x23=0x00000000
     463815.000 ns	     46380	80009808	01b76b33	or	x22,x14,x27	 x14:0xffffffff x27:0x7ffbefdc x22=0xffffffff
     463825.000 ns	     46381	8000980c	3d467213	andi	x4,x12,980	 x12:0x400207f2  x4=0x000003d0
     463845.000 ns	     46383	80009810	217baa53	fsgnjx.s	f20,f23,f23	 f23:0xc877e000 f23:0xc877e000 f20=0x4877e000
     463875.000 ns	     46386	80009814	295296d3	fmax.s	f13,f5,f21	  f5:0x4f000000 f21:0x00000140 f13=0x4f000000
     463895.000 ns	     46388	80009818	ba8a6a93	ori	x21,x20,-1112	 x20:0x00000000 x21=0xfffffba8
     463915.000 ns	     46390	8000981c	d003bb53	fcvt.s.w	f22,x7	  x7:0x00000000 f22=0x00000000
     463935.000 ns	     46392	80009820	b6916c13	ori	x24,x2,-1175	  x2:0xffffffff x24=0xffffffff
     463945.000 ns	     46393	80009824	013fc1b3	xor	x3,x31,x19	 x31:0x80040fe4 x19:0x00000000  x3=0x80040fe4
     463955.000 ns	     46394	80009828	4015dbb3	sra	x23,x11,x1	 x11:0x40020e5f  x1:0x481d65ff x23=0x00000000
     463965.000 ns	     46395	8000982c	01116a33	or	x20,x2,x17	  x2:0xffffffff x17:0x26cf7000 x20=0xffffffff
     463985.000 ns	     46397	80009830	e0060a53	fmv.x.w	x20,f12	 f12:0x46b50a40 x20=0x46b50a40
     464005.000 ns	     46399	80009834	37cbc793	xori	x15,x23,892	 x23:0x00000000 x15=0x0000037c
     464015.000 ns	     46400	80009838	0135ff33	and	x30,x11,x19	 x11:0x40020e5f x19:0x00000000 x30=0x00000000
     464025.000 ns	     46401	8000983c	8f6dc013	xori	x0,x27,-1802	 x27:0x7ffbefdc
     464035.000 ns	     46402	80009840	01ccc0b3	xor	x1,x25,x28	 x25:0xffffffff x28:0xf6a005f8  x1=0x095ffa07
     464065.000 ns	     46405	80009844	189cf653	fdiv.s	f12,f25,f9	 f25:0xffc00000  f9:0xcf0f49e0 f12=0x7fc00000
     464085.000 ns	     46407	80009848	00000013	addi	x0,x0,0	  x0:0x00000000
     464095.000 ns	     46408	8000984c	3af74f13	xori	x30,x14,943	 x14:0xffffffff x30=0xfffffc50
     464125.000 ns	     46411	80009850	19edfb53	fdiv.s	f22,f27,f30	 f27:0x80000000 f30:0x46b50a40 f22=0x80000000
     464145.000 ns	     46413	80009854	01ab1433	sll	x8,x22,x26	 x22:0xffffffff x26:0x00000000  x8=0xffffffff
     464155.000 ns	     46414	80009858	400c5cb3	sra	x25,x24,x0	 x24:0xffffffff  x0:0x00000000 x25=0xffffffff
     464175.000 ns	     46416	8000985c	a1452753	feq.s	x14,f10,f20	 f10:0x7fc00000 f20:0x4877e000 x14=0x00000000
     464195.000 ns	     46418	80009860	ea11b397	auipc	x7,0xea11b	  x7=0x6a124860
     464225.000 ns	     46421	80009864	19ff2ad3	fdiv.s	f21,f30,f31	 f30:0x46b50a40 f31:0x00000000 f21=0x7f800000
     464255.000 ns	     46424	80009868	e0048ad3	fmv.x.w	x21,f9	  f9:0xcf0f49e0 x21=0xcf0f49e0
     464275.000 ns	     46426	8000986c	00be8c33	add	x24,x29,x11	 x29:0x7ffbf1c3 x11:0x40020e5f x24=0xbffe0022
     464285.000 ns	     46427	80009870	017387b3	add	x15,x7,x23	  x7:0x6a124860 x23:0x00000000 x15=0x6a124860
     464315.000 ns	     46430	80009874	10a7fa53	fmul.s	f20,f15,f10	 f15:0x80000000 f10:0x7fc00000 f20=0x7fc00000
     464345.000 ns	     46433	80009878	208882d3	fsgnj.s	f5,f17,f8	 f17:0x4ec11e72  f8:0x00000000  f5=0x4ec11e72
     464375.000 ns	     46436	8000987c	d01485d3	fcvt.s.wu	f11,x9	  x9:0x80041024 f11=0x4f000410
     464395.000 ns	     46438	80009880	00b90e33	add	x28,x18,x11	 x18:0x00040fe4 x11:0x40020e5f x28=0x40061e43
     464405.000 ns	     46439	80009884	53848a93	addi	x21,x9,1336	  x9:0x80041024 x21=0x8004155c
     464415.000 ns	     46440	80009888	00c88c33	add	x24,x17,x12	 x17:0x26cf7000 x12:0x400207f2 x24=0x66d177f2
     464435.000 ns	     46442	8000988c	03648cb3	mul	x25,x9,x22	  x9:0x80041024 x22:0xffffffff x25=0x7ffbefdc
     464485.000 ns	     46447	80009890	0888f653	fsub.s	f12,f17,f8	 f17:0x4ec11e72  f8:0x00000000 f12=0x4ec11e72
     464515.000 ns	     46450	80009894	c0104e53	fcvt.wu.s	x28,f0	  f0:0xc877e000 x28=0x0003df80
     464535.000 ns	     46452	80009898	01698033	add	x0,x19,x22	 x19:0x00000000 x22:0xffffffff
     464545.000 ns	     46453	8000989c	0095fe33	and	x28,x11,x9	 x11:0x40020e5f  x9:0x80041024 x28=0x00000004
     464565.000 ns	     46455	800098a0	03843a33	mulhu	x20,x8,x24	  x8:0xffffffff x24:0x66d177f2 x20=0x66d177f1
     464585.000 ns	     46457	800098a4	40f55d33	sra	x26,x10,x15	 x10:0xc1e296ff x15:0x6a124860 x26=0xc1e296ff
     464595.000 ns	     46458	800098a8	002e61b3	or	x3,x28,x2	 x28:0x00000004  x2:0xffffffff  x3=0xffffffff
     464605.000 ns	     46459	800098ac	00288833	add	x16,x17,x2	 x17:0x26cf7000  x2:0xffffffff x16=0x26cf6fff
     464615.000 ns	     46460	800098b0	b7ebd097	auipc	x1,0xb7ebd	  x1=0x37ec68b0
     464625.000 ns	     46461	800098b4	0086da93	srli	x21,x13,0x8	 x13:0x00002800 x21=0x00000028
     464635.000 ns	     46462	800098b8	9528c693	xori	x13,x17,-1710	 x17:0x26cf7000 x13=0xd9308952
     464645.000 ns	     46463	800098bc	0093b733	sltu	x14,x7,x9	  x7:0x6a124860  x9:0x80041024 x14=0x00000001
     464685.000 ns	     46467	800098c0	08cd2053	fsub.s	f0,f26,f12	 f26:0x80000000 f12:0x4ec11e72  f0=0xcec11e72
     464705.000 ns	     46469	800098c4	00000013	addi	x0,x0,0	  x0:0x00000000
     464725.000 ns	     46471	800098c8	20901953	fsgnjn.s	f18,f0,f9	  f0:0xcec11e72  f9:0xcf0f49e0 f18=0x4ec11e72
     464745.000 ns	     46473	800098cc	418e5793	srai	x15,x28,0x18	 x28:0x00000004 x15=0x00000000
     464755.000 ns	     46474	800098d0	002cd313	srli	x6,x25,0x2	 x25:0x7ffbefdc  x6=0x1ffefbf7
     464775.000 ns	     46476	800098d4	d0151153	fcvt.s.wu	f2,x10	 x10:0xc1e296ff  f2=0x4f41e296
     464805.000 ns	     46479	800098d8	200583d3	fsgnj.s	f7,f11,f0	 f11:0x4f000410  f0:0xcec11e72  f7=0xcf000410
     465175.000 ns	     46516	800098dc	02d3e5b3	rem	x11,x7,x13	  x7:0x6a124860 x13:0xd9308952 x11=0x1c735b04
     465205.000 ns	     46519	800098e0	03f22f33	mulhsu	x30,x4,x31	  x4:0x000003d0 x31:0x80040fe4 x30=0x000001e8
     465225.000 ns	     46521	800098e4	00618833	add	x16,x3,x6	  x3:0xffffffff  x6:0x1ffefbf7 x16=0x1ffefbf6
     465245.000 ns	     46523	800098e8	a1e22d53	feq.s	x26,f4,f30	  f4:0xcefff7e1 f30:0x46b50a40 x26=0x00000000
     465265.000 ns	     46525	800098ec	40ae80b3	sub	x1,x29,x10	 x29:0x7ffbf1c3 x10:0xc1e296ff  x1=0xbe195ac4
     465595.000 ns	     46558	800098f0	19e884d3	fdiv.s	f9,f17,f30	 f17:0x4ec11e72 f30:0x46b50a40  f9=0x47566ac2
     465625.000 ns	     46561	800098f4	03933c33	mulhu	x24,x6,x25	  x6:0x1ffefbf7 x25:0x7ffbefdc x24=0x0ffefbfb
     465655.000 ns	     46564	800098f8	a1589053	flt.s	x0,f17,f21	 f17:0x4ec11e72 f21:0x7f800000
     465675.000 ns	     46566	800098fc	014b7e33	and	x28,x22,x20	 x22:0xffffffff x20:0x66d177f1 x28=0x66d177f1
     465695.000 ns	     46568	80009900	28398d53	fmin.s	f26,f19,f3	 f19:0x7fc00000  f3:0x80000000 f26=0x80000000
     465715.000 ns	     46570	80009904	de248113	addi	x2,x9,-542	  x9:0x80041024  x2=0x80040e06
     465735.000 ns	     46572	80009908	208e2e53	fsgnjx.s	f28,f28,f8	 f28:0x4d74df00  f8:0x00000000 f28=0x4d74df00
     465765.000 ns	     46575	8000990c	29ac8d53	fmin.s	f26,f25,f26	 f25:0xffc00000 f26:0x80000000 f26=0x80000000
     465785.000 ns	     46577	80009910	35e1c813	xori	x16,x3,862	  x3:0xffffffff x16=0xfffffca1
     465805.000 ns	     46579	80009914	032496b3	mulh	x13,x9,x18	  x9:0x80041024 x18:0x00040fe4 x13=0xfffdf81e
     465835.000 ns	     46582	80009918	a053a8d3	feq.s	x17,f7,f5	  f7:0xcf000410  f5:0x4ec11e72 x17=0x00000000
     465865.000 ns	     46585	8000991c	e00e9753	fclass.s	x14,f29	 f29:0x00000000 x14=0x00000010
     465895.000 ns	     46588	80009920	03dfab33	mulhsu	x22,x31,x29	 x31:0x80040fe4 x29:0x7ffbf1c3 x22=0xc0040f00
     465915.000 ns	     46590	80009924	00d795b3	sll	x11,x15,x13	 x15:0x00000000 x13:0xfffdf81e x11=0x00000000
     465935.000 ns	     46592	80009928	037b5b33	divu	x22,x22,x23	 x22:0xc0040f00 x23:0x00000000 x22=0xffffffff
     465955.000 ns	     46594	8000992c	5c62b237	lui	x4,0x5c62b	  x4=0x5c62b000
     465975.000 ns	     46596	80009930	a07d8ed3	fle.s	x29,f27,f7	 f27:0x80000000  f7:0xcf000410 x29=0x00000000
     465995.000 ns	     46598	80009934	bba4ea93	ori	x21,x9,-1094	  x9:0x80041024 x21=0xfffffbbe
     466355.000 ns	     46634	80009938	02e77733	remu	x14,x14,x14	 x14:0x00000010 x14:0x00000010 x14=0x00000000
     466385.000 ns	     46637	8000993c	0339a133	mulhsu	x2,x19,x19	 x19:0x00000000 x19:0x00000000  x2=0x00000000
     466405.000 ns	     46639	80009940	fa17fa13	andi	x20,x15,-95	 x15:0x00000000 x20=0x00000000
     466415.000 ns	     46640	80009944	000e48b3	xor	x17,x28,x0	 x28:0x66d177f1  x0:0x00000000 x17=0x66d177f1
     466425.000 ns	     46641	80009948	410e8b33	sub	x22,x29,x16	 x29:0x00000000 x16:0xfffffca1 x22=0x0000035f
     466435.000 ns	     46642	8000994c	00891633	sll	x12,x18,x8	 x18:0x00040fe4  x8:0xffffffff x12=0x00000000
     466445.000 ns	     46643	80009950	00000013	addi	x0,x0,0	  x0:0x00000000
     466465.000 ns	     46645	80009954	03d05833	divu	x16,x0,x29	  x0:0x00000000 x29:0x00000000 x16=0xffffffff
     466515.000 ns	     46650	80009958	012e93d3	fadd.s	f7,f29,f18	 f29:0x00000000 f18:0x4ec11e72  f7=0x4ec11e72
     467695.000 ns	     46768	8000995c	580f7153	fsqrt.s	f2,f30	 f30:0x46b50a40  f2=0x43183a19
     467725.000 ns	     46771	80009960	29561453	fmax.s	f8,f12,f21	 f12:0x4ec11e72 f21:0x7f800000  f8=0x7f800000
     467755.000 ns	     46774	80009964	206fa253	fsgnjx.s	f4,f31,f6	 f31:0x00000000  f6:0x4f000000  f4=0x00000000
     467785.000 ns	     46777	80009968	033076b3	remu	x13,x0,x19	  x0:0x00000000 x19:0x00000000 x13=0x00000000
     467815.000 ns	     46780	8000996c	21339ad3	fsgnjn.s	f21,f7,f19	  f7:0x4ec11e72 f19:0x7fc00000 f21=0xcec11e72
     467845.000 ns	     46783	80009970	d00c3653	fcvt.s.w	f12,x24	 x24:0x0ffefbfb f12=0x4d7fefc0
     467865.000 ns	     46785	80009974	00000013	addi	x0,x0,0	  x0:0x00000000
     467875.000 ns	     46786	80009978	00000013	addi	x0,x0,0	  x0:0x00000000
     467885.000 ns	     46787	8000997c	b4e06f13	ori	x30,x0,-1202	  x0:0x00000000 x30=0xfffffb4e
     467895.000 ns	     46788	80009980	29d1b993	sltiu	x19,x3,669	  x3:0xffffffff x19=0x00000000
     467915.000 ns	     46790	80009984	03dc3633	mulhu	x12,x24,x29	 x24:0x0ffefbfb x29:0x00000000 x12=0x00000000
     467945.000 ns	     46793	80009988	a0928153	fle.s	x2,f5,f9	  f5:0x4ec11e72  f9:0x47566ac2  x2=0x00000000
     467965.000 ns	     46795	8000998c	406b5893	srai	x17,x22,0x6	 x22:0x0000035f x17=0x0000000d
     467985.000 ns	     46797	80009990	02eab0b3	mulhu	x1,x21,x14	 x21:0xfffffbbe x14:0x00000000  x1=0x00000000
     468015.000 ns	     46800	80009994	02203a33	mulhu	x20,x0,x2	  x0:0x00000000  x2:0x00000000 x20=0x00000000
     468035.000 ns	     46802	80009998	014b69b3	or	x19,x22,x20	 x22:0x0000035f x20:0x00000000 x19=0x0000035f
     468055.000 ns	     46804	8000999c	a0d1a2d3	feq.s	x5,f3,f13	  f3:0x80000000 f13:0x4f000000  x5=0x00000000
     468095.000 ns	     46808	800099a0	1122a953	fmul.s	f18,f5,f18	  f5:0x4ec11e72 f18:0x4ec11e72 f18=0x5e11aeeb
     468115.000 ns	     46810	800099a4	00b7d713	srli	x14,x15,0xb	 x15:0x00000000 x14=0x00000000
     468125.000 ns	     46811	800099a8	00000013	addi	x0,x0,0	  x0:0x00000000
     468135.000 ns	     46812	800099ac	cea0e693	ori	x13,x1,-790	  x1:0x00000000 x13=0xfffffcea
     468155.000 ns	     46814	800099b0	a1511cd3	flt.s	x25,f2,f21	  f2:0x43183a19 f21:0xcec11e72 x25=0x00000000
     468175.000 ns	     46816	800099b4	017b9f13	slli	x30,x23,0x17	 x23:0x00000000 x30=0x00000000
     468205.000 ns	     46819	800099b8	1063f553	fmul.s	f10,f7,f6	  f7:0x4ec11e72  f6:0x4f000000 f10=0x5e411e72
     468225.000 ns	     46821	800099bc	66c62a97	auipc	x21,0x66c62	 x21=0xe6c6b9bc
     468235.000 ns	     46822	800099c0	eac62413	slti	x8,x12,-340	 x12:0x00000000  x8=0x00000000
     468255.000 ns	     46824	800099c4	d017a2d3	fcvt.s.wu	f5,x15	 x15:0x00000000  f5=0x00000000
     468295.000 ns	     46828	800099c8	19a333d3	fdiv.s	f7,f6,f26	  f6:0x4f000000 f26:0x80000000  f7=0xff800000
     468315.000 ns	     46830	800099cc	40105e93	srai	x29,x0,0x1	  x0:0x00000000 x29=0x00000000
     468325.000 ns	     46831	800099d0	40910733	sub	x14,x2,x9	  x2:0x00000000  x9:0x80041024 x14=0x7ffbefdc
     468345.000 ns	     46833	800099d4	03426c33	rem	x24,x4,x20	  x4:0x5c62b000 x20:0x00000000 x24=0x5c62b000
     468385.000 ns	     46837	800099d8	106af753	fmul.s	f14,f21,f6	 f21:0xcec11e72  f6:0x4f000000 f14=0xde411e72
     468415.000 ns	     46840	800099dc	205e1953	fsgnjn.s	f18,f28,f5	 f28:0x4d74df00  f5:0x00000000 f18=0xcd74df00
     468445.000 ns	     46843	800099e0	03ae0933	mul	x18,x28,x26	 x28:0x66d177f1 x26:0x00000000 x18=0x00000000
     468475.000 ns	     46846	800099e4	a09108d3	fle.s	x17,f2,f9	  f2:0x43183a19  f9:0x47566ac2 x17=0x00000001
     468495.000 ns	     46848	800099e8	00000013	addi	x0,x0,0	  x0:0x00000000
     468505.000 ns	     46849	800099ec	00000013	addi	x0,x0,0	  x0:0x00000000
     468525.000 ns	     46851	800099f0	c0041953	fcvt.w.s	x18,f8	  f8:0x7f800000 x18=0x7fffffff
     468575.000 ns	     46856	800099f4	003e1053	fadd.s	f0,f28,f3	 f28:0x4d74df00  f3:0x80000000  f0=0x4d74df00
     468605.000 ns	     46859	800099f8	a0211153	flt.s	x2,f2,f2	  f2:0x43183a19  f2:0x43183a19  x2=0x00000000
     468625.000 ns	     46861	800099fc	01c53c33	sltu	x24,x10,x28	 x10:0xc1e296ff x28:0x66d177f1 x24=0x00000000
     468645.000 ns	     46863	80009a00	e00109d3	fmv.x.w	x19,f2	  f2:0x43183a19 x19=0x43183a19
     468665.000 ns	     46865	80009a04	00495693	srli	x13,x18,0x4	 x18:0x7fffffff x13=0x07ffffff
     468685.000 ns	     46867	80009a08	d00bfe53	fcvt.s.w	f28,x23	 x23:0x00000000 f28=0x00000000
     468725.000 ns	     46871	80009a0c	11d512d3	fmul.s	f5,f10,f29	 f10:0x5e411e72 f29:0x00000000  f5=0x00000000
     468745.000 ns	     46873	80009a10	00560133	add	x2,x12,x5	 x12:0x00000000  x5:0x00000000  x2=0x00000000
     468755.000 ns	     46874	80009a14	fa14aa93	slti	x21,x9,-95	  x9:0x80041024 x21=0x00000001
     468785.000 ns	     46877	80009a18	580e3853	fsqrt.s	f16,f28	 f28:0x00000000 f16=0x00000000
     468825.000 ns	     46881	80009a1c	10717b53	fmul.s	f22,f2,f7	  f2:0x43183a19  f7:0xff800000 f22=0xff800000
     468865.000 ns	     46885	80009a20	58073053	fsqrt.s	f0,f14	 f14:0xde411e72  f0=0x7fc00000
     468895.000 ns	     46888	80009a24	a17d1853	flt.s	x16,f26,f23	 f26:0x80000000 f23:0xc877e000 x16=0x00000000
     468925.000 ns	     46891	80009a28	f00a8453	fmv.w.x	f8,x21	 x21:0x00000001  f8=0x00000001
     468945.000 ns	     46893	80009a2c	f7692d93	slti	x27,x18,-138	 x18:0x7fffffff x27=0x00000000
     468965.000 ns	     46895	80009a30	02c71433	mulh	x8,x14,x12	 x14:0x7ffbefdc x12:0x00000000  x8=0x00000000
     468985.000 ns	     46897	80009a34	016ac233	xor	x4,x21,x22	 x21:0x00000001 x22:0x0000035f  x4=0x0000035e
     469005.000 ns	     46899	80009a38	28d41bd3	fmax.s	f23,f8,f13	  f8:0x00000001 f13:0x4f000000 f23=0x4f000000
     469035.000 ns	     46902	80009a3c	28f008d3	fmin.s	f17,f0,f15	  f0:0x7fc00000 f15:0x80000000 f17=0x80000000
     469065.000 ns	     46905	80009a40	f00602d3	fmv.w.x	f5,x12	 x12:0x00000000  f5=0x00000000
     469085.000 ns	     46907	80009a44	005bdd93	srli	x27,x23,0x5	 x23:0x00000000 x27=0x00000000
     469105.000 ns	     46909	80009a48	20278653	fsgnj.s	f12,f15,f2	 f15:0x80000000  f2:0x43183a19 f12=0x00000000
     469125.000 ns	     46911	80009a4c	61ce4293	xori	x5,x28,1564	 x28:0x66d177f1  x5=0x66d171ed
     469145.000 ns	     46913	80009a50	c018bdd3	fcvt.wu.s	x27,f17	 f17:0x80000000 x27=0x00000000
     469165.000 ns	     46915	80009a54	1cec3393	sltiu	x7,x24,462	 x24:0x00000000  x7=0x00000001
     469175.000 ns	     46916	80009a58	0148cd33	xor	x26,x17,x20	 x17:0x00000001 x20:0x00000000 x26=0x00000001
     469185.000 ns	     46917	80009a5c	00e89733	sll	x14,x17,x14	 x17:0x00000001 x14:0x7ffbefdc x14=0x10000000
     469195.000 ns	     46918	80009a60	0109c7b3	xor	x15,x19,x16	 x19:0x43183a19 x16:0x00000000 x15=0x43183a19
     469215.000 ns	     46920	80009a64	02002ab3	mulhsu	x21,x0,x0	  x0:0x00000000  x0:0x00000000 x21=0x00000000
     469245.000 ns	     46923	80009a68	03e0cab3	div	x21,x1,x30	  x1:0x00000000 x30:0x00000000 x21=0xffffffff
     469285.000 ns	     46927	80009a6c	119fb3d3	fmul.s	f7,f31,f25	 f31:0x00000000 f25:0xffc00000  f7=0x7fc00000
     469315.000 ns	     46930	80009a70	02cdaeb3	mulhsu	x29,x27,x12	 x27:0x00000000 x12:0x00000000 x29=0x00000000
     469365.000 ns	     46935	80009a74	089eca53	fsub.s	f20,f29,f9	 f29:0x00000000  f9:0x47566ac2 f20=0xc7566ac2
     469385.000 ns	     46937	80009a78	407c8ab3	sub	x21,x25,x7	 x25:0x00000000  x7:0x00000001 x21=0xffffffff
     469405.000 ns	     46939	80009a7c	21f12ed3	fsgnjx.s	f29,f2,f31	  f2:0x43183a19 f31:0x00000000 f29=0x43183a19
     469435.000 ns	     46942	80009a80	02c6e8b3	rem	x17,x13,x12	 x13:0x07ffffff x12:0x00000000 x17=0x07ffffff
     469805.000 ns	     46979	80009a84	02904eb3	div	x29,x0,x9	  x0:0x00000000  x9:0x80041024 x29=0x00000000
     469835.000 ns	     46982	80009a88	d01c79d3	fcvt.s.wu	f19,x24	 x24:0x00000000 f19=0x00000000
     469855.000 ns	     46984	80009a8c	ef2f6913	ori	x18,x30,-270	 x30:0x00000000 x18=0xfffffef2
     469865.000 ns	     46985	80009a90	00500e33	add	x28,x0,x5	  x0:0x00000000  x5:0x66d171ed x28=0x66d171ed
     469885.000 ns	     46987	80009a94	d019fed3	fcvt.s.wu	f29,x19	 x19:0x43183a19 f29=0x4e863074
     469915.000 ns	     46990	80009a98	a039a1d3	feq.s	x3,f19,f3	 f19:0x00000000  f3:0x80000000  x3=0x00000001
     469945.000 ns	     46993	80009a9c	201f0d53	fsgnj.s	f26,f30,f1	 f30:0x46b50a40  f1:0x80000000 f26=0xc6b50a40
     469965.000 ns	     46995	80009aa0	002e66b3	or	x13,x28,x2	 x28:0x66d171ed  x2:0x00000000 x13=0x66d171ed
     469985.000 ns	     46997	80009aa4	a15c25d3	feq.s	x11,f24,f21	 f24:0x4effff4a f21:0xcec11e72 x11=0x00000000
     470025.000 ns	     47001	80009aa8	580d7153	fsqrt.s	f2,f26	 f26:0xc6b50a40  f2=0x7fc00000
     470045.000 ns	     47003	80009aac	00d08ab3	add	x21,x1,x13	  x1:0x00000000 x13:0x66d171ed x21=0x66d171ed
     470065.000 ns	     47005	80009ab0	c0193453	fcvt.wu.s	x8,f18	 f18:0xcd74df00  x8=0x0f4df000
     470085.000 ns	     47007	80009ab4	001df1b3	and	x3,x27,x1	 x27:0x00000000  x1:0x00000000  x3=0x00000000
     470105.000 ns	     47009	80009ab8	021fdab3	divu	x21,x31,x1	 x31:0x80040fe4  x1:0x00000000 x21=0xffffffff
     470125.000 ns	     47011	80009abc	018ade33	srl	x28,x21,x24	 x21:0x66d171ed x24:0x00000000 x28=0xffffffff
     470135.000 ns	     47012	80009ac0	f721a093	slti	x1,x3,-142	  x3:0x00000000  x1=0x00000000
     470155.000 ns	     47014	80009ac4	207c2a53	fsgnjx.s	f20,f24,f7	 f24:0x4effff4a  f7:0x7fc00000 f20=0x4effff4a
     470185.000 ns	     47017	80009ac8	e00210d3	fclass.s	x1,f4	  f4:0x00000000  x1=0x00000010
     470215.000 ns	     47020	80009acc	02e981b3	mul	x3,x19,x14	 x19:0x43183a19 x14:0x10000000  x3=0x90000000
     470235.000 ns	     47022	80009ad0	bd18c013	xori	x0,x17,-1071	 x17:0x07ffffff
     470245.000 ns	     47023	80009ad4	411456b3	sra	x13,x8,x17	  x8:0x0f4df000 x17:0x07ffffff x13=0x00000000
     470255.000 ns	     47024	80009ad8	bac7cab7	lui	x21,0xbac7c	 x21=0xbac7c000
     470285.000 ns	     47027	80009adc	19ae7253	fdiv.s	f4,f28,f26	 f28:0x00000000 f26:0xc6b50a40  f4=0x80000000
     470305.000 ns	     47029	80009ae0	400c5d13	srai	x26,x24,0x0	 x24:0x00000000 x26=0x00000000
     470315.000 ns	     47030	80009ae4	00a49e93	slli	x29,x9,0xa	  x9:0x80041024 x29=0x10409000
     470325.000 ns	     47031	80009ae8	f5064813	xori	x16,x12,-176	 x12:0x00000000 x16=0xffffff50
     470335.000 ns	     47032	80009aec	d3796d13	ori	x26,x18,-713	 x18:0xfffffef2 x26=0xfffffff7
     470365.000 ns	     47035	80009af0	5803f353	fsqrt.s	f6,f7	  f7:0x7fc00000  f6=0x7fc00000
     470395.000 ns	     47038	80009af4	e0068d53	fmv.x.w	x26,f13	 f13:0x4f000000 x26=0x4f000000
     470425.000 ns	     47041	80009af8	03f82133	mulhsu	x2,x16,x31	 x16:0xffffff50 x31:0x80040fe4  x2=0xffffffa7
     470445.000 ns	     47043	80009afc	5c6e6d13	ori	x26,x28,1478	 x28:0xffffffff x26=0xffffffff
     470465.000 ns	     47045	80009b00	a113a053	feq.s	x0,f7,f17	  f7:0x7fc00000 f17:0x80000000
     470495.000 ns	     47048	80009b04	039f9433	mulh	x8,x31,x25	 x31:0x80040fe4 x25:0x00000000  x8=0x00000000
     470525.000 ns	     47051	80009b08	a06025d3	feq.s	x11,f0,f6	  f0:0x7fc00000  f6:0x7fc00000 x11=0x00000000
     470545.000 ns	     47053	80009b0c	006a0d33	add	x26,x20,x6	 x20:0x00000000  x6:0x1ffefbf7 x26=0x1ffefbf7
     471505.000 ns	     47149	80009b10	580f2553	fsqrt.s	f10,f30	 f30:0x46b50a40 f10=0x43183a19
     471545.000 ns	     47153	80009b14	116173d3	fmul.s	f7,f2,f22	  f2:0x7fc00000 f22:0xff800000  f7=0x7fc00000
     471575.000 ns	     47156	80009b18	a169a753	feq.s	x14,f19,f22	 f19:0x00000000 f22:0xff800000 x14=0x00000000
     471595.000 ns	     47158	80009b1c	012aa433	slt	x8,x21,x18	 x21:0xbac7c000 x18:0xfffffef2  x8=0x00000001
     471605.000 ns	     47159	80009b20	1c1ffc13	andi	x24,x31,449	 x31:0x80040fe4 x24=0x000001c0
     471615.000 ns	     47160	80009b24	01e86eb3	or	x29,x16,x30	 x16:0xffffff50 x30:0x00000000 x29=0xffffff50
     471635.000 ns	     47162	80009b28	02c97233	remu	x4,x18,x12	 x18:0xfffffef2 x12:0x00000000  x4=0xfffffef2
     471655.000 ns	     47164	80009b2c	404edc13	srai	x24,x29,0x4	 x29:0x10409000 x24=0xfffffff5
     471665.000 ns	     47165	80009b30	3745b913	sltiu	x18,x11,884	 x11:0x00000000 x18=0x00000001
     471685.000 ns	     47167	80009b34	c0157ed3	fcvt.wu.s	x29,f10	 f10:0x43183a19 x29=0x00000098
     471715.000 ns	     47170	80009b38	d0117053	fcvt.s.wu	f0,x2	  x2:0xffffffa7  f0=0x4f7fffff
     471755.000 ns	     47174	80009b3c	102afed3	fmul.s	f29,f21,f2	 f21:0xcec11e72  f2:0x7fc00000 f29=0x7fc00000
     471775.000 ns	     47176	80009b40	40c588b3	sub	x17,x11,x12	 x11:0x00000000 x12:0x00000000 x17=0x00000000
     471795.000 ns	     47178	80009b44	f00684d3	fmv.w.x	f9,x13	 x13:0x00000000  f9=0x00000000
     471815.000 ns	     47180	80009b48	48584b13	xori	x22,x16,1157	 x16:0xffffff50 x22=0xfffffbd5
     471825.000 ns	     47181	80009b4c	0c509737	lui	x14,0xc509	 x14=0x0c509000
     471845.000 ns	     47183	80009b50	29de9253	fmax.s	f4,f29,f29	 f29:0x7fc00000 f29:0x7fc00000  f4=0x7fc00000
     471875.000 ns	     47186	80009b54	f0098dd3	fmv.w.x	f27,x19	 x19:0x43183a19 f27=0x43183a19
     471895.000 ns	     47188	80009b58	e239cf13	xori	x30,x19,-477	 x19:0x43183a19 x30=0xbce7c43a
     472255.000 ns	     47224	80009b5c	02a6e0b3	rem	x1,x13,x10	 x13:0x00000000 x10:0xc1e296ff  x1=0x00000000
     472285.000 ns	     47227	80009b60	03e59db3	mulh	x27,x11,x30	 x11:0x00000000 x30:0x00000000 x27=0x00000000
     472315.000 ns	     47230	80009b64	29f08c53	fmin.s	f24,f1,f31	  f1:0x80000000 f31:0x00000000 f24=0x80000000
     472335.000 ns	     47232	80009b68	0043acb3	slt	x25,x7,x4	  x7:0x00000001  x4:0xfffffef2 x25=0x00000000
     472345.000 ns	     47233	80009b6c	00c9deb3	srl	x29,x19,x12	 x19:0x43183a19 x12:0x00000000 x29=0x43183a19
     472355.000 ns	     47234	80009b70	012f6633	or	x12,x30,x18	 x30:0xbce7c43a x18:0x00000001 x12=0xbce7c43b
     472365.000 ns	     47235	80009b74	01e9f233	and	x4,x19,x30	 x19:0x43183a19 x30:0xbce7c43a  x4=0x00000018
     472385.000 ns	     47237	80009b78	a0261853	flt.s	x16,f12,f2	 f12:0x00000000  f2:0x7fc00000 x16=0x00000000
     472405.000 ns	     47239	80009b7c	019f1bb3	sll	x23,x30,x25	 x30:0xbce7c43a x25:0x00000000 x23=0xbce7c43a
     472425.000 ns	     47241	80009b80	28a983d3	fmin.s	f7,f19,f10	 f19:0x00000000 f10:0x43183a19  f7=0x00000000
     472455.000 ns	     47244	80009b84	02a20033	mul	x0,x4,x10	  x4:0x00000018 x10:0xc1e296ff
     472475.000 ns	     47246	80009b88	005fb3b3	sltu	x7,x31,x5	 x31:0x80040fe4  x5:0x66d171ed  x7=0x00000000
     472495.000 ns	     47248	80009b8c	28ee01d3	fmin.s	f3,f28,f14	 f28:0x00000000 f14:0xde411e72  f3=0xde411e72
     472545.000 ns	     47253	80009b90	01b6fd53	fadd.s	f26,f13,f27	 f13:0x4f000000 f27:0x43183a19 f26=0x4f000000
     472575.000 ns	     47256	80009b94	d0087553	fcvt.s.w	f10,x16	 x16:0x00000000 f10=0x00000000
     472605.000 ns	     47259	80009b98	e00f8ed3	fmv.x.w	x29,f31	 f31:0x00000000 x29=0x00000000
     472635.000 ns	     47262	80009b9c	d010f5d3	fcvt.s.wu	f11,x1	  x1:0x00000000 f11=0x00000000
     473005.000 ns	     47299	80009ba0	028bf7b3	remu	x15,x23,x8	 x23:0xbce7c43a  x8:0x00000001 x15=0x00000000
     473035.000 ns	     47302	80009ba4	d0191c53	fcvt.s.wu	f24,x18	 x18:0x00000001 f24=0x3f800000
     473055.000 ns	     47304	80009ba8	01dc09b3	add	x19,x24,x29	 x24:0xfffffff5 x29:0x00000000 x19=0xfffffff5
     473075.000 ns	     47306	80009bac	282d1353	fmax.s	f6,f26,f2	 f26:0x4f000000  f2:0x7fc00000  f6=0x4f000000
     473095.000 ns	     47308	80009bb0	011e2d33	slt	x26,x28,x17	 x28:0xffffffff x17:0x00000000 x26=0x00000001
     473115.000 ns	     47310	80009bb4	021f5a33	divu	x20,x30,x1	 x30:0xbce7c43a  x1:0x00000000 x20=0xffffffff
     473135.000 ns	     47312	80009bb8	1a668a93	addi	x21,x13,422	 x13:0x00000000 x21=0x000001a6
     473155.000 ns	     47314	80009bbc	02be0233	mul	x4,x28,x11	 x28:0xffffffff x11:0x00000000  x4=0x00000000
     473195.000 ns	     47318	80009bc0	1964a953	fdiv.s	f18,f9,f22	  f9:0x00000000 f22:0xff800000 f18=0x80000000
     473215.000 ns	     47320	80009bc4	014addb3	srl	x27,x21,x20	 x21:0x000001a6 x20:0xffffffff x27=0x00000000
     473255.000 ns	     47324	80009bc8	01844cd3	fadd.s	f25,f8,f24	  f8:0x00000001 f24:0x3f800000 f25=0x3f800000
     473285.000 ns	     47327	80009bcc	d01d3a53	fcvt.s.wu	f20,x26	 x26:0x00000001 f20=0x3f800000
     473315.000 ns	     47330	80009bd0	025923b3	mulhsu	x7,x18,x5	 x18:0x00000001  x5:0x66d171ed  x7=0x00000000
     473335.000 ns	     47332	80009bd4	9f307293	andi	x5,x0,-1549	  x0:0x00000000  x5=0x00000000
     473345.000 ns	     47333	80009bd8	36f8b693	sltiu	x13,x17,879	 x17:0x00000000 x13=0x00000001
     473355.000 ns	     47334	80009bdc	0128d8b3	srl	x17,x17,x18	 x17:0x00000000 x18:0x00000001 x17=0x00000000
     473375.000 ns	     47336	80009be0	03d7bf33	mulhu	x30,x15,x29	 x15:0x00000000 x29:0x00000000 x30=0x00000000
     473395.000 ns	     47338	80009be4	c4668413	addi	x8,x13,-954	 x13:0x00000001  x8=0xfffffc47
     473405.000 ns	     47339	80009be8	41975193	srai	x3,x14,0x19	 x14:0x0c509000  x3=0x00000006
     473415.000 ns	     47340	80009bec	f42d6f17	auipc	x30,0xf42d6	 x30=0x742dfbec
     473435.000 ns	     47342	80009bf0	d01accd3	fcvt.s.wu	f25,x21	 x21:0x000001a6 f25=0x43d30000
     473455.000 ns	     47344	80009bf4	40d00233	sub	x4,x0,x13	  x0:0x00000000 x13:0x00000001  x4=0xffffffff
     473465.000 ns	     47345	80009bf8	014c8bb3	add	x23,x25,x20	 x25:0x00000000 x20:0xffffffff x23=0xffffffff
     474635.000 ns	     47462	80009bfc	580d9853	fsqrt.s	f16,f27	 f27:0x43183a19 f16=0x40d7476c
     474655.000 ns	     47464	80009c00	00deb5b3	sltu	x11,x29,x13	 x29:0x00000000 x13:0x00000001 x11=0x00000001
     474665.000 ns	     47465	80009c04	138af293	andi	x5,x21,312	 x21:0x000001a6  x5=0x00000120
     474685.000 ns	     47467	80009c08	203100d3	fsgnj.s	f1,f2,f3	  f2:0x7fc00000  f3:0xde411e72  f1=0xffc00000
     474705.000 ns	     47469	80009c0c	c4b47013	andi	x0,x8,-949	  x8:0xfffffc47
     474715.000 ns	     47470	80009c10	00000013	addi	x0,x0,0	  x0:0x00000000
     474725.000 ns	     47471	80009c14	014a5733	srl	x14,x20,x20	 x20:0xffffffff x20:0xffffffff x14=0x00000001
     474745.000 ns	     47473	80009c18	a1311853	flt.s	x16,f2,f19	  f2:0x7fc00000 f19:0x00000000 x16=0x00000000
     474775.000 ns	     47476	80009c1c	03986b33	rem	x22,x16,x25	 x16:0x00000000 x25:0x00000000 x22=0x00000000
     474795.000 ns	     47478	80009c20	01606933	or	x18,x0,x22	  x0:0x00000000 x22:0xfffffbd5 x18=0x00000000
     474805.000 ns	     47479	80009c24	659cfe93	andi	x29,x25,1625	 x25:0x00000000 x29=0x00000000
     474815.000 ns	     47480	80009c28	01009893	slli	x17,x1,0x10	  x1:0x00000000 x17=0x00000000
     474825.000 ns	     47481	80009c2c	01936033	or	x0,x6,x25	  x6:0x1ffefbf7 x25:0x00000000
     474835.000 ns	     47482	80009c30	ba92c313	xori	x6,x5,-1111	  x5:0x00000120  x6=0xfffffa89
     474855.000 ns	     47484	80009c34	a0702a53	feq.s	x20,f0,f7	  f0:0x4f7fffff  f7:0x00000000 x20=0x00000000
     474905.000 ns	     47489	80009c38	00bc07d3	fadd.s	f15,f24,f11	 f24:0x3f800000 f11:0x00000000 f15=0x3f800000
     474925.000 ns	     47491	80009c3c	00000013	addi	x0,x0,0	  x0:0x00000000
     474955.000 ns	     47494	80009c40	192f21d3	fdiv.s	f3,f30,f18	 f30:0x46b50a40 f18:0x80000000  f3=0xff800000
     474975.000 ns	     47496	80009c44	41d05c13	srai	x24,x0,0x1d	  x0:0x00000000 x24=0x00000000
     474995.000 ns	     47498	80009c48	02b8a033	mulhsu	x0,x17,x11	 x17:0x00000000 x11:0x00000001
     475015.000 ns	     47500	80009c4c	40e60c33	sub	x24,x12,x14	 x12:0xbce7c43b x14:0x00000001 x24=0xbce7c43a
     475045.000 ns	     47503	80009c50	19d4a053	fdiv.s	f0,f9,f29	  f9:0x00000000 f29:0x7fc00000  f0=0x7fc00000
     475065.000 ns	     47505	80009c54	a40d8b93	addi	x23,x27,-1472	 x27:0x00000000 x23=0xfffffa40
     475085.000 ns	     47507	80009c58	03afadb3	mulhsu	x27,x31,x26	 x31:0x80040fe4 x26:0x00000001 x27=0xffffffff
     475105.000 ns	     47509	80009c5c	00331913	slli	x18,x6,0x3	  x6:0xfffffa89 x18=0xffffd448
     475125.000 ns	     47511	80009c60	0241b033	mulhu	x0,x3,x4	  x3:0x00000006  x4:0xffffffff
     475145.000 ns	     47513	80009c64	3e25ab37	lui	x22,0x3e25a	 x22=0x3e25a000
     475505.000 ns	     47549	80009c68	022b73b3	remu	x7,x22,x2	 x22:0x00000000  x2:0xffffffa7  x7=0x3e25a000
     475525.000 ns	     47551	80009c6c	1efa7f13	andi	x30,x20,495	 x20:0x00000000 x30=0x00000000
     475535.000 ns	     47552	80009c70	9fe6e737	lui	x14,0x9fe6e	 x14=0x9fe6e000
     475545.000 ns	     47553	80009c74	009776b3	and	x13,x14,x9	 x14:0x00000001  x9:0x80041024 x13=0x80040000
     475555.000 ns	     47554	80009c78	014cc7b3	xor	x15,x25,x20	 x25:0x00000000 x20:0x00000000 x15=0x00000000
     475565.000 ns	     47555	80009c7c	418b87b3	sub	x15,x23,x24	 x23:0xfffffa40 x24:0xbce7c43a x15=0x43183606
     475925.000 ns	     47591	80009c80	027745b3	div	x11,x14,x7	 x14:0x9fe6e000  x7:0x3e25a000 x11=0xffffffff
     475945.000 ns	     47593	80009c84	00000013	addi	x0,x0,0	  x0:0x00000000
     475955.000 ns	     47594	80009c88	00000013	addi	x0,x0,0	  x0:0x00000000
     475975.000 ns	     47596	80009c8c	c010f0d3	fcvt.wu.s	x1,f1	  f1:0xffc00000  x1=0xffffffff
     476005.000 ns	     47599	80009c90	c0097cd3	fcvt.w.s	x25,f18	 f18:0x80000000 x25=0x00000000
     476035.000 ns	     47602	80009c94	200615d3	fsgnjn.s	f11,f12,f0	 f12:0x00000000  f0:0x7fc00000 f11=0x80000000
     476065.000 ns	     47605	80009c98	c0003dd3	fcvt.w.s	x27,f0	  f0:0x7fc00000 x27=0x7fffffff
     476435.000 ns	     47642	80009c9c	0325eb33	rem	x22,x11,x18	 x11:0xffffffff x18:0xffffd448 x22=0xffffffff
     476465.000 ns	     47645	80009ca0	289388d3	fmin.s	f17,f7,f9	  f7:0x00000000  f9:0x00000000 f17=0x00000000
     476485.000 ns	     47647	80009ca4	00000013	addi	x0,x0,0	  x0:0x00000000
     476505.000 ns	     47649	80009ca8	d0084b53	fcvt.s.w	f22,x16	 x16:0x00000000 f22=0x00000000
     476525.000 ns	     47651	80009cac	002fda93	srli	x21,x31,0x2	 x31:0x80040fe4 x21=0x200103f9
     476545.000 ns	     47653	80009cb0	212b0a53	fsgnj.s	f20,f22,f18	 f22:0x00000000 f18:0x80000000 f20=0x80000000
     476565.000 ns	     47655	80009cb4	01e71c93	slli	x25,x14,0x1e	 x14:0x9fe6e000 x25=0x00000000
     476925.000 ns	     47691	80009cb8	03b6e233	rem	x4,x13,x27	 x13:0x80040000 x27:0x7fffffff  x4=0x80040000
     476955.000 ns	     47694	80009cbc	a1708cd3	fle.s	x25,f1,f23	  f1:0xffc00000 f23:0x4f000000 x25=0x00000000
     476985.000 ns	     47697	80009cc0	020ae1b3	rem	x3,x21,x0	 x21:0x200103f9  x0:0x00000000  x3=0x200103f9
     477005.000 ns	     47699	80009cc4	f118c793	xori	x15,x17,-239	 x17:0x00000000 x15=0xffffff11
     477025.000 ns	     47701	80009cc8	d0022bd3	fcvt.s.w	f23,x4	  x4:0x80040000 f23=0xcefff800
     477045.000 ns	     47703	80009ccc	01c75913	srli	x18,x14,0x1c	 x14:0x9fe6e000 x18=0x00000009
     477055.000 ns	     47704	80009cd0	018571b3	and	x3,x10,x24	 x10:0xc1e296ff x24:0xbce7c43a  x3=0x80e2843a
     477065.000 ns	     47705	80009cd4	dbc02113	slti	x2,x0,-580	  x0:0x00000000  x2=0x00000000
     477075.000 ns	     47706	80009cd8	41c5d413	srai	x8,x11,0x1c	 x11:0xffffffff  x8=0xffffffff
     477095.000 ns	     47708	80009cdc	a0c7a7d3	feq.s	x15,f15,f12	 f15:0x3f800000 f12:0x00000000 x15=0x00000000
     477115.000 ns	     47710	80009ce0	01675bb3	srl	x23,x14,x22	 x14:0x9fe6e000 x22:0xffffffff x23=0x00000001
     477125.000 ns	     47711	80009ce4	f0ce0993	addi	x19,x28,-244	 x28:0xffffffff x19=0xffffff0b
     477145.000 ns	     47713	80009ce8	02611833	mulh	x16,x2,x6	  x2:0x00000000  x6:0xfffffa89 x16=0x00000000
     477165.000 ns	     47715	80009cec	414cd293	srai	x5,x25,0x14	 x25:0x00000000  x5=0x00000000
     477185.000 ns	     47717	80009cf0	20fc17d3	fsgnjn.s	f15,f24,f15	 f24:0x3f800000 f15:0x3f800000 f15=0xbf800000
     477215.000 ns	     47720	80009cf4	d00c7553	fcvt.s.w	f10,x24	 x24:0xbce7c43a f10=0xce863077
     477235.000 ns	     47722	80009cf8	017a0633	add	x12,x20,x23	 x20:0x00000000 x23:0x00000001 x12=0x00000001
     477255.000 ns	     47724	80009cfc	e00f0153	fmv.x.w	x2,f30	 f30:0x46b50a40  x2=0x46b50a40
     477285.000 ns	     47727	80009d00	02322f33	mulhsu	x30,x4,x3	  x4:0x80040000  x3:0x80e2843a x30=0xbf90c16d
     477315.000 ns	     47730	80009d04	f00b8453	fmv.w.x	f8,x23	 x23:0x00000001  f8=0x00000001
     477335.000 ns	     47732	80009d08	fb620e93	addi	x29,x4,-74	  x4:0x80040000 x29=0x8003ffb6
     477345.000 ns	     47733	80009d0c	36017893	andi	x17,x2,864	  x2:0x46b50a40 x17=0x00000240
     477365.000 ns	     47735	80009d10	e00b18d3	fclass.s	x17,f22	 f22:0x00000000 x17=0x00000010
     477385.000 ns	     47737	80009d14	01cc5933	srl	x18,x24,x28	 x24:0xbce7c43a x28:0xffffffff x18=0x00000001
     477395.000 ns	     47738	80009d18	01fb77b3	and	x15,x22,x31	 x22:0xffffffff x31:0x80040fe4 x15=0x80040fe4
     477405.000 ns	     47739	80009d1c	4088dd13	srai	x26,x17,0x8	 x17:0x00000010 x26=0x00000000
     477415.000 ns	     47740	80009d20	00550f33	add	x30,x10,x5	 x10:0xc1e296ff  x5:0x00000000 x30=0xc1e296ff
     477435.000 ns	     47742	80009d24	e00f0d53	fmv.x.w	x26,f30	 f30:0x46b50a40 x26=0x46b50a40
     477475.000 ns	     47746	80009d28	108a7dd3	fmul.s	f27,f20,f8	 f20:0x80000000  f8:0x00000001 f27=0x80000000
     477515.000 ns	     47750	80009d2c	580a73d3	fsqrt.s	f7,f20	 f20:0x80000000  f7=0x80000000
     477535.000 ns	     47752	80009d30	00000013	addi	x0,x0,0	  x0:0x00000000
     477545.000 ns	     47753	80009d34	41a98733	sub	x14,x19,x26	 x19:0xffffff0b x26:0x46b50a40 x14=0xb94af4cb
     477555.000 ns	     47754	80009d38	d51ab397	auipc	x7,0xd51ab	  x7=0x551b4d38
     477575.000 ns	     47756	80009d3c	a07d8353	fle.s	x6,f27,f7	 f27:0x80000000  f7:0x80000000  x6=0x00000001
     477595.000 ns	     47758	80009d40	c95aa917	auipc	x18,0xc95aa	 x18=0x495b3d40
     477635.000 ns	     47762	80009d44	01d23853	fadd.s	f16,f4,f29	  f4:0x7fc00000 f29:0x7fc00000 f16=0x7fc00000
     477655.000 ns	     47764	80009d48	c2a70c93	addi	x25,x14,-982	 x14:0xb94af4cb x25=0xb94af0f5
     477675.000 ns	     47766	80009d4c	02de3a33	mulhu	x20,x28,x13	 x28:0xffffffff x13:0x80040000 x20=0x8003ffff
     477705.000 ns	     47769	80009d50	29c41353	fmax.s	f6,f8,f28	  f8:0x00000001 f28:0x00000000  f6=0x00000001
     477725.000 ns	     47771	80009d54	0078b033	sltu	x0,x17,x7	 x17:0x00000010  x7:0x551b4d38
     477745.000 ns	     47773	80009d58	029819b3	mulh	x19,x16,x9	 x16:0x00000000  x9:0x80041024 x19=0x00000000
     477785.000 ns	     47777	80009d5c	192a3253	fdiv.s	f4,f20,f18	 f20:0x80000000 f18:0x80000000  f4=0x7fc00000
     477805.000 ns	     47779	80009d60	011d46b3	xor	x13,x26,x17	 x26:0x46b50a40 x17:0x00000010 x13=0x46b50a50
     477815.000 ns	     47780	80009d64	01d1db33	srl	x22,x3,x29	  x3:0x80e2843a x29:0x8003ffb6 x22=0x00000203
     477825.000 ns	     47781	80009d68	41f75393	srai	x7,x14,0x1f	 x14:0xb94af4cb  x7=0xffffffff
     477845.000 ns	     47783	80009d6c	21230153	fsgnj.s	f2,f6,f18	  f6:0x00000001 f18:0x80000000  f2=0x80000001
     477875.000 ns	     47786	80009d70	027da1b3	mulhsu	x3,x27,x7	 x27:0x7fffffff  x7:0x551b4d38  x3=0x7ffffffe
     477905.000 ns	     47789	80009d74	28b393d3	fmax.s	f7,f7,f11	  f7:0x80000000 f11:0x80000000  f7=0x80000000
     477935.000 ns	     47792	80009d78	03293033	mulhu	x0,x18,x18	 x18:0x495b3d40 x18:0x495b3d40
     477965.000 ns	     47795	80009d7c	020526b3	mulhsu	x13,x10,x0	 x10:0xc1e296ff  x0:0x00000000 x13=0x00000000
     477985.000 ns	     47797	80009d80	4032d933	sra	x18,x5,x3	  x5:0x00000000  x3:0x7ffffffe x18=0x00000000
     478005.000 ns	     47799	80009d84	c01d7653	fcvt.wu.s	x12,f26	 f26:0x4f000000 x12=0x80000000
     478055.000 ns	     47804	80009d88	013a3153	fadd.s	f2,f20,f19	 f20:0x80000000 f19:0x00000000  f2=0x00000000
     478075.000 ns	     47806	80009d8c	00bfa333	slt	x6,x31,x11	 x31:0x80040fe4 x11:0xffffffff  x6=0x00000001
     478095.000 ns	     47808	80009d90	e00c9953	fclass.s	x18,f25	 f25:0x43d30000 x18=0x00000040
     478115.000 ns	     47810	80009d94	0078fc33	and	x24,x17,x7	 x17:0x00000010  x7:0xffffffff x24=0x00000010
     478135.000 ns	     47812	80009d98	0312acb3	mulhsu	x25,x5,x17	  x5:0x00000000 x17:0x00000010 x25=0x00000000
     478165.000 ns	     47815	80009d9c	280594d3	fmax.s	f9,f11,f0	 f11:0x80000000  f0:0x7fc00000  f9=0x80000000
     478195.000 ns	     47818	80009da0	036e99b3	mulh	x19,x29,x22	 x29:0x8003ffb6 x22:0x00000203 x19=0xfffffefe
     478235.000 ns	     47822	80009da4	58091d53	fsqrt.s	f26,f18	 f18:0x80000000 f26=0x80000000
     478265.000 ns	     47825	80009da8	c0137bd3	fcvt.wu.s	x23,f6	  f6:0x00000001 x23=0x00000000
     478285.000 ns	     47827	80009dac	004ad9b3	srl	x19,x21,x4	 x21:0x200103f9  x4:0x80040000 x19=0x200103f9
     478315.000 ns	     47830	80009db0	1846c3d3	fdiv.s	f7,f13,f4	 f13:0x4f000000  f4:0x7fc00000  f7=0x7fc00000
     478335.000 ns	     47832	80009db4	00ac6e33	or	x28,x24,x10	 x24:0x00000010 x10:0xc1e296ff x28=0xc1e296ff
     478345.000 ns	     47833	80009db8	018a9d93	slli	x27,x21,0x18	 x21:0x200103f9 x27=0xf9000000
     478385.000 ns	     47837	80009dbc	018e80d3	fadd.s	f1,f29,f24	 f29:0x7fc00000 f24:0x3f800000  f1=0x7fc00000
     478405.000 ns	     47839	80009dc0	00000013	addi	x0,x0,0	  x0:0x00000000
     478415.000 ns	     47840	80009dc4	006cfe33	and	x28,x25,x6	 x25:0x00000000  x6:0x00000001 x28=0x00000000
     478435.000 ns	     47842	80009dc8	f00686d3	fmv.w.x	f13,x13	 x13:0x00000000 f13=0x00000000
     478475.000 ns	     47846	80009dcc	1049ffd3	fmul.s	f31,f19,f4	 f19:0x00000000  f4:0x7fc00000 f31=0x7fc00000
     478505.000 ns	     47849	80009dd0	f00a8ed3	fmv.w.x	f29,x21	 x21:0x200103f9 f29=0x200103f9
     478525.000 ns	     47851	80009dd4	40a3d733	sra	x14,x7,x10	  x7:0xffffffff x10:0xc1e296ff x14=0xffffffff
     478545.000 ns	     47853	80009dd8	020f01b3	mul	x3,x30,x0	 x30:0xc1e296ff  x0:0x00000000  x3=0x00000000
     478575.000 ns	     47856	80009ddc	c01b7bd3	fcvt.wu.s	x23,f22	 f22:0x00000000 x23=0x00000000
     478605.000 ns	     47859	80009de0	0356ac33	mulhsu	x24,x13,x21	 x13:0x00000000 x21:0x200103f9 x24=0x00000000
     478625.000 ns	     47861	80009de4	fea13d97	auipc	x27,0xfea13	 x27=0x7ea1cde4
     478645.000 ns	     47863	80009de8	289f1bd3	fmax.s	f23,f30,f9	 f30:0x46b50a40  f9:0x80000000 f23=0x46b50a40
     478675.000 ns	     47866	80009dec	a1892153	feq.s	x2,f18,f24	 f18:0x80000000 f24:0x3f800000  x2=0x00000000
     478705.000 ns	     47869	80009df0	d00d7853	fcvt.s.w	f16,x26	 x26:0x46b50a40 f16=0x4e8d6a14
     478735.000 ns	     47872	80009df4	e0080ad3	fmv.x.w	x21,f16	 f16:0x7fc00000 x21=0x4e8d6a14
     478765.000 ns	     47875	80009df8	28e99dd3	fmax.s	f27,f19,f14	 f19:0x00000000 f14:0xde411e72 f27=0x00000000
     478785.000 ns	     47877	80009dfc	00c72633	slt	x12,x14,x12	 x14:0xffffffff x12:0x80000000 x12=0x00000000
     478805.000 ns	     47879	80009e00	f00f0e53	fmv.w.x	f28,x30	 x30:0xc1e296ff f28=0xc1e296ff
     478825.000 ns	     47881	80009e04	01345093	srli	x1,x8,0x13	  x8:0xffffffff  x1=0x00001fff
     478845.000 ns	     47883	80009e08	c00940d3	fcvt.w.s	x1,f18	 f18:0x80000000  x1=0x00000000
     478865.000 ns	     47885	80009e0c	982c6893	ori	x17,x24,-1662	 x24:0x00000000 x17=0xfffff982
     478885.000 ns	     47887	80009e10	02d71bb3	mulh	x23,x14,x13	 x14:0xffffffff x13:0x00000000 x23=0x00000000
     479255.000 ns	     47924	80009e14	02b7fd33	remu	x26,x15,x11	 x15:0x80040fe4 x11:0xffffffff x26=0x80040fe4
     479275.000 ns	     47926	80009e18	63367397	auipc	x7,0x63367	  x7=0xe3370e18
     479295.000 ns	     47928	80009e1c	02317cb3	remu	x25,x2,x3	  x2:0x00000000  x3:0x00000000 x25=0x00000000
     479325.000 ns	     47931	80009e20	d0008453	fcvt.s.w	f8,x1	  x1:0x00000000  f8=0x00000000
     479345.000 ns	     47933	80009e24	00000013	addi	x0,x0,0	  x0:0x00000000
     479365.000 ns	     47935	80009e28	f0038b53	fmv.w.x	f22,x7	  x7:0xe3370e18 f22=0xe3370e18
     479415.000 ns	     47940	80009e2c	0097c2d3	fadd.s	f5,f15,f9	 f15:0xbf800000  f9:0x80000000  f5=0xbf800000
     479445.000 ns	     47943	80009e30	202d0553	fsgnj.s	f10,f26,f2	 f26:0x80000000  f2:0x00000000 f10=0x00000000
     479475.000 ns	     47946	80009e34	20a508d3	fsgnj.s	f17,f10,f10	 f10:0xce863077 f10:0xce863077 f17=0x00000000
     479845.000 ns	     47983	80009e38	03135333	divu	x6,x6,x17	  x6:0x00000001 x17:0xfffff982  x6=0x00000000
     479875.000 ns	     47986	80009e3c	29080953	fmin.s	f18,f16,f16	 f16:0x4e8d6a14 f16:0x4e8d6a14 f18=0x4e8d6a14
     479895.000 ns	     47988	80009e40	0162d593	srli	x11,x5,0x16	  x5:0x00000000 x11=0x00000000
     479905.000 ns	     47989	80009e44	3b7af5b7	lui	x11,0x3b7af	 x11=0x3b7af000
     479915.000 ns	     47990	80009e48	780c0f13	addi	x30,x24,1920	 x24:0x00000000 x30=0x00000780
     479935.000 ns	     47992	80009e4c	28e10e53	fmin.s	f28,f2,f14	  f2:0x00000000 f14:0xde411e72 f28=0xde411e72
     479965.000 ns	     47995	80009e50	03afb433	mulhu	x8,x31,x26	 x31:0x80040fe4 x26:0x80040fe4  x8=0x40040ff4
     479995.000 ns	     47998	80009e54	d000f853	fcvt.s.w	f16,x1	  x1:0x00000000 f16=0x00000000
     480025.000 ns	     48001	80009e58	028f0833	mul	x16,x30,x8	 x30:0x00000780  x8:0x40040ff4 x16=0x1e77a600
     480055.000 ns	     48004	80009e5c	f00c8cd3	fmv.w.x	f25,x25	 x25:0x00000000 f25=0x00000000
     480075.000 ns	     48006	80009e60	6d3dad93	slti	x27,x27,1747	 x27:0x7ea1cde4 x27=0x00000000
     480085.000 ns	     48007	80009e64	05ec8693	addi	x13,x25,94	 x25:0x00000000 x13=0x0000005e
     480105.000 ns	     48009	80009e68	287d1bd3	fmax.s	f23,f26,f7	 f26:0x80000000  f7:0x7fc00000 f23=0x80000000
     480135.000 ns	     48012	80009e6c	29c88a53	fmin.s	f20,f17,f28	 f17:0x00000000 f28:0xde411e72 f20=0xde411e72
     480505.000 ns	     48049	80009e70	03a3edb3	rem	x27,x7,x26	  x7:0xe3370e18 x26:0x80040fe4 x27=0xe3370e18
     480535.000 ns	     48052	80009e74	21d31cd3	fsgnjn.s	f25,f6,f29	  f6:0x00000001 f29:0x200103f9 f25=0x80000001
     480555.000 ns	     48054	80009e78	0044a0b3	slt	x1,x9,x4	  x9:0x80041024  x4:0x80040000  x1=0x00000000
     480565.000 ns	     48055	80009e7c	00000013	addi	x0,x0,0	  x0:0x00000000
     480585.000 ns	     48057	80009e80	c00bf9d3	fcvt.w.s	x19,f23	 f23:0x80000000 x19=0x00000000
     480605.000 ns	     48059	80009e84	ac380d93	addi	x27,x16,-1341	 x16:0x1e77a600 x27=0x1e77a0c3
     480625.000 ns	     48061	80009e88	28e78ad3	fmin.s	f21,f15,f14	 f15:0xbf800000 f14:0xde411e72 f21=0xde411e72
     480645.000 ns	     48063	80009e8c	6622f993	andi	x19,x5,1634	  x5:0x00000000 x19=0x00000000
     480665.000 ns	     48065	80009e90	c00079d3	fcvt.w.s	x19,f0	  f0:0x7fc00000 x19=0x7fffffff
     480685.000 ns	     48067	80009e94	58d25037	lui	x0,0x58d25	
     480695.000 ns	     48068	80009e98	6b257a13	andi	x20,x10,1714	 x10:0xc1e296ff x20=0x000006b2
     480705.000 ns	     48069	80009e9c	000b29b3	slt	x19,x22,x0	 x22:0x00000203  x0:0x00000000 x19=0x00000000
     480715.000 ns	     48070	80009ea0	01dd81b3	add	x3,x27,x29	 x27:0x1e77a0c3 x29:0x8003ffb6  x3=0x9e7ba079
     480725.000 ns	     48071	80009ea4	00000517	auipc	x10,0x0	 x10=0x80009ea4
     480735.000 ns	     48072	80009ea8	00c50513	addi	x10,x10,12	 x10:0xc1e296ff x10=0x80009eb0
     480745.000 ns	     48073	80009eac	00050067	jalr	x0,x10,0	 x10:0xc1e296ff
     480795.000 ns	     48078	80009eb0	00100193	addi	x3,x0,1	  x0:0x00000000  x3=0x00000001
     480805.000 ns	     48079	80009eb4	00000073	ecall	
     480815.000 ns	     48080	80009eb8	00036f17	auipc	x30,0x36	 x30=0x8003feb8
     480825.000 ns	     48081	80009ebc	143f2423	sw	x3,328(x30)	 x30:0x00000780  x3:0x00000001 PA:0xxxxxxxxx
     480845.000 ns	     48083	80009ec0	ff9ff06f	jal	x0,80009ebc	
     480895.000 ns	     48088	80009eb8	00036f17	auipc	x30,0x36	 x30=0x8003feb8
     480905.000 ns	     48089	80009ebc	143f2423	sw	x3,328(x30)	 x30:0x8003feb8  x3:0x00000001 PA:0xxxxxxxxx
     480925.000 ns	     48091	80009ec0	ff9ff06f	jal	x0,80009ebc	
     480975.000 ns	     48096	80009eb8	00036f17	auipc	x30,0x36	 x30=0x8003feb8
     480985.000 ns	     48097	80009ebc	143f2423	sw	x3,328(x30)	 x30:0x8003feb8  x3:0x00000001 PA:0xxxxxxxxx
     481005.000 ns	     48099	80009ec0	ff9ff06f	jal	x0,80009ebc	
     481055.000 ns	     48104	80009eb8	00036f17	auipc	x30,0x36	 x30=0x8003feb8
     481065.000 ns	     48105	80009ebc	143f2423	sw	x3,328(x30)	 x30:0x8003feb8  x3:0x00000001 PA:0xxxxxxxxx
     481085.000 ns	     48107	80009ec0	ff9ff06f	jal	x0,80009ebc	
     481135.000 ns	     48112	80009eb8	00036f17	auipc	x30,0x36	 x30=0x8003feb8
     481145.000 ns	     48113	80009ebc	143f2423	sw	x3,328(x30)	 x30:0x8003feb8  x3:0x00000001 PA:0xxxxxxxxx
     481165.000 ns	     48115	80009ec0	ff9ff06f	jal	x0,80009ebc	
     481215.000 ns	     48120	80009eb8	00036f17	auipc	x30,0x36	 x30=0x8003feb8
     481225.000 ns	     48121	80009ebc	143f2423	sw	x3,328(x30)	 x30:0x8003feb8  x3:0x00000001 PA:0xxxxxxxxx
     481245.000 ns	     48123	80009ec0	ff9ff06f	jal	x0,80009ebc	
     481295.000 ns	     48128	80009eb8	00036f17	auipc	x30,0x36	 x30=0x8003feb8
     481305.000 ns	     48129	80009ebc	143f2423	sw	x3,328(x30)	 x30:0x8003feb8  x3:0x00000001 PA:0xxxxxxxxx
     481325.000 ns	     48131	80009ec0	ff9ff06f	jal	x0,80009ebc	
     481375.000 ns	     48136	80009eb8	00036f17	auipc	x30,0x36	 x30=0x8003feb8
     481385.000 ns	     48137	80009ebc	143f2423	sw	x3,328(x30)	 x30:0x8003feb8  x3:0x00000001 PA:0xxxxxxxxx
     481405.000 ns	     48139	80009ec0	ff9ff06f	jal	x0,80009ebc	
     481455.000 ns	     48144	80009eb8	00036f17	auipc	x30,0x36	 x30=0x8003feb8
     481465.000 ns	     48145	80009ebc	143f2423	sw	x3,328(x30)	 x30:0x8003feb8  x3:0x00000001 PA:0xxxxxxxxx
     481485.000 ns	     48147	80009ec0	ff9ff06f	jal	x0,80009ebc	
     481535.000 ns	     48152	80009eb8	00036f17	auipc	x30,0x36	 x30=0x8003feb8
     481545.000 ns	     48153	80009ebc	143f2423	sw	x3,328(x30)	 x30:0x8003feb8  x3:0x00000001 PA:0xxxxxxxxx
     481565.000 ns	     48155	80009ec0	ff9ff06f	jal	x0,80009ebc	
     481615.000 ns	     48160	80009eb8	00036f17	auipc	x30,0x36	 x30=0x8003feb8
     481625.000 ns	     48161	80009ebc	143f2423	sw	x3,328(x30)	 x30:0x8003feb8  x3:0x00000001 PA:0xxxxxxxxx
     481645.000 ns	     48163	80009ec0	ff9ff06f	jal	x0,80009ebc	
     481695.000 ns	     48168	80009eb8	00036f17	auipc	x30,0x36	 x30=0x8003feb8
     481705.000 ns	     48169	80009ebc	143f2423	sw	x3,328(x30)	 x30:0x8003feb8  x3:0x00000001 PA:0xxxxxxxxx
     481725.000 ns	     48171	80009ec0	ff9ff06f	jal	x0,80009ebc	
     481775.000 ns	     48176	80009eb8	00036f17	auipc	x30,0x36	 x30=0x8003feb8
     481785.000 ns	     48177	80009ebc	143f2423	sw	x3,328(x30)	 x30:0x8003feb8  x3:0x00000001 PA:0xxxxxxxxx
     481805.000 ns	     48179	80009ec0	ff9ff06f	jal	x0,80009ebc	
     481855.000 ns	     48184	80009eb8	00036f17	auipc	x30,0x36	 x30=0x8003feb8
     481865.000 ns	     48185	80009ebc	143f2423	sw	x3,328(x30)	 x30:0x8003feb8  x3:0x00000001 PA:0xxxxxxxxx
     481885.000 ns	     48187	80009ec0	ff9ff06f	jal	x0,80009ebc	
     481935.000 ns	     48192	80009eb8	00036f17	auipc	x30,0x36	 x30=0x8003feb8
     481945.000 ns	     48193	80009ebc	143f2423	sw	x3,328(x30)	 x30:0x8003feb8  x3:0x00000001 PA:0xxxxxxxxx
     481965.000 ns	     48195	80009ec0	ff9ff06f	jal	x0,80009ebc	
     482015.000 ns	     48200	80009eb8	00036f17	auipc	x30,0x36	 x30=0x8003feb8
     482025.000 ns	     48201	80009ebc	143f2423	sw	x3,328(x30)	 x30:0x8003feb8  x3:0x00000001 PA:0xxxxxxxxx
     482045.000 ns	     48203	80009ec0	ff9ff06f	jal	x0,80009ebc	
     482095.000 ns	     48208	80009eb8	00036f17	auipc	x30,0x36	 x30=0x8003feb8
     482105.000 ns	     48209	80009ebc	143f2423	sw	x3,328(x30)	 x30:0x8003feb8  x3:0x00000001 PA:0xxxxxxxxx
     482125.000 ns	     48211	80009ec0	ff9ff06f	jal	x0,80009ebc	
     482175.000 ns	     48216	80009eb8	00036f17	auipc	x30,0x36	 x30=0x8003feb8
     482185.000 ns	     48217	80009ebc	143f2423	sw	x3,328(x30)	 x30:0x8003feb8  x3:0x00000001 PA:0xxxxxxxxx
     482205.000 ns	     48219	80009ec0	ff9ff06f	jal	x0,80009ebc	
     482255.000 ns	     48224	80009eb8	00036f17	auipc	x30,0x36	 x30=0x8003feb8
     482265.000 ns	     48225	80009ebc	143f2423	sw	x3,328(x30)	 x30:0x8003feb8  x3:0x00000001 PA:0xxxxxxxxx
     482285.000 ns	     48227	80009ec0	ff9ff06f	jal	x0,80009ebc	
     482335.000 ns	     48232	80009eb8	00036f17	auipc	x30,0x36	 x30=0x8003feb8
     482345.000 ns	     48233	80009ebc	143f2423	sw	x3,328(x30)	 x30:0x8003feb8  x3:0x00000001 PA:0xxxxxxxxx
     482365.000 ns	     48235	80009ec0	ff9ff06f	jal	x0,80009ebc	
     482415.000 ns	     48240	80009eb8	00036f17	auipc	x30,0x36	 x30=0x8003feb8
     482425.000 ns	     48241	80009ebc	143f2423	sw	x3,328(x30)	 x30:0x8003feb8  x3:0x00000001 PA:0xxxxxxxxx
     482445.000 ns	     48243	80009ec0	ff9ff06f	jal	x0,80009ebc	
     482495.000 ns	     48248	80009eb8	00036f17	auipc	x30,0x36	 x30=0x8003feb8
     482505.000 ns	     48249	80009ebc	143f2423	sw	x3,328(x30)	 x30:0x8003feb8  x3:0x00000001 PA:0xxxxxxxxx
     482525.000 ns	     48251	80009ec0	ff9ff06f	jal	x0,80009ebc	
     482575.000 ns	     48256	80009eb8	00036f17	auipc	x30,0x36	 x30=0x8003feb8
     482585.000 ns	     48257	80009ebc	143f2423	sw	x3,328(x30)	 x30:0x8003feb8  x3:0x00000001 PA:0xxxxxxxxx
     482605.000 ns	     48259	80009ec0	ff9ff06f	jal	x0,80009ebc	
     482655.000 ns	     48264	80009eb8	00036f17	auipc	x30,0x36	 x30=0x8003feb8
     482665.000 ns	     48265	80009ebc	143f2423	sw	x3,328(x30)	 x30:0x8003feb8  x3:0x00000001 PA:0xxxxxxxxx
     482685.000 ns	     48267	80009ec0	ff9ff06f	jal	x0,80009ebc	
     482735.000 ns	     48272	80009eb8	00036f17	auipc	x30,0x36	 x30=0x8003feb8
     482745.000 ns	     48273	80009ebc	143f2423	sw	x3,328(x30)	 x30:0x8003feb8  x3:0x00000001 PA:0xxxxxxxxx
     482765.000 ns	     48275	80009ec0	ff9ff06f	jal	x0,80009ebc	
     482815.000 ns	     48280	80009eb8	00036f17	auipc	x30,0x36	 x30=0x8003feb8
     482825.000 ns	     48281	80009ebc	143f2423	sw	x3,328(x30)	 x30:0x8003feb8  x3:0x00000001 PA:0xxxxxxxxx
     482845.000 ns	     48283	80009ec0	ff9ff06f	jal	x0,80009ebc	
     482895.000 ns	     48288	80009eb8	00036f17	auipc	x30,0x36	 x30=0x8003feb8
     482905.000 ns	     48289	80009ebc	143f2423	sw	x3,328(x30)	 x30:0x8003feb8  x3:0x00000001 PA:0xxxxxxxxx
     482925.000 ns	     48291	80009ec0	ff9ff06f	jal	x0,80009ebc	
     482975.000 ns	     48296	80009eb8	00036f17	auipc	x30,0x36	 x30=0x8003feb8
     482985.000 ns	     48297	80009ebc	143f2423	sw	x3,328(x30)	 x30:0x8003feb8  x3:0x00000001 PA:0xxxxxxxxx
     483005.000 ns	     48299	80009ec0	ff9ff06f	jal	x0,80009ebc	
     483055.000 ns	     48304	80009eb8	00036f17	auipc	x30,0x36	 x30=0x8003feb8
     483065.000 ns	     48305	80009ebc	143f2423	sw	x3,328(x30)	 x30:0x8003feb8  x3:0x00000001 PA:0xxxxxxxxx
     483085.000 ns	     48307	80009ec0	ff9ff06f	jal	x0,80009ebc	
     483135.000 ns	     48312	80009eb8	00036f17	auipc	x30,0x36	 x30=0x8003feb8
     483145.000 ns	     48313	80009ebc	143f2423	sw	x3,328(x30)	 x30:0x8003feb8  x3:0x00000001 PA:0xxxxxxxxx
     483165.000 ns	     48315	80009ec0	ff9ff06f	jal	x0,80009ebc	
     483215.000 ns	     48320	80009eb8	00036f17	auipc	x30,0x36	 x30=0x8003feb8
     483225.000 ns	     48321	80009ebc	143f2423	sw	x3,328(x30)	 x30:0x8003feb8  x3:0x00000001 PA:0xxxxxxxxx
     483245.000 ns	     48323	80009ec0	ff9ff06f	jal	x0,80009ebc	
     483295.000 ns	     48328	80009eb8	00036f17	auipc	x30,0x36	 x30=0x8003feb8
     483305.000 ns	     48329	80009ebc	143f2423	sw	x3,328(x30)	 x30:0x8003feb8  x3:0x00000001 PA:0xxxxxxxxx
     483325.000 ns	     48331	80009ec0	ff9ff06f	jal	x0,80009ebc	
     483375.000 ns	     48336	80009eb8	00036f17	auipc	x30,0x36	 x30=0x8003feb8
     483385.000 ns	     48337	80009ebc	143f2423	sw	x3,328(x30)	 x30:0x8003feb8  x3:0x00000001 PA:0xxxxxxxxx
     483405.000 ns	     48339	80009ec0	ff9ff06f	jal	x0,80009ebc	
     483455.000 ns	     48344	80009eb8	00036f17	auipc	x30,0x36	 x30=0x8003feb8
     483465.000 ns	     48345	80009ebc	143f2423	sw	x3,328(x30)	 x30:0x8003feb8  x3:0x00000001 PA:0xxxxxxxxx
     483485.000 ns	     48347	80009ec0	ff9ff06f	jal	x0,80009ebc	
     483535.000 ns	     48352	80009eb8	00036f17	auipc	x30,0x36	 x30=0x8003feb8
     483545.000 ns	     48353	80009ebc	143f2423	sw	x3,328(x30)	 x30:0x8003feb8  x3:0x00000001 PA:0xxxxxxxxx
     483565.000 ns	     48355	80009ec0	ff9ff06f	jal	x0,80009ebc	
     483615.000 ns	     48360	80009eb8	00036f17	auipc	x30,0x36	 x30=0x8003feb8
     483625.000 ns	     48361	80009ebc	143f2423	sw	x3,328(x30)	 x30:0x8003feb8  x3:0x00000001 PA:0xxxxxxxxx
     483645.000 ns	     48363	80009ec0	ff9ff06f	jal	x0,80009ebc	
     483695.000 ns	     48368	80009eb8	00036f17	auipc	x30,0x36	 x30=0x8003feb8
     483705.000 ns	     48369	80009ebc	143f2423	sw	x3,328(x30)	 x30:0x8003feb8  x3:0x00000001 PA:0xxxxxxxxx
     483725.000 ns	     48371	80009ec0	ff9ff06f	jal	x0,80009ebc	
     483775.000 ns	     48376	80009eb8	00036f17	auipc	x30,0x36	 x30=0x8003feb8
     483785.000 ns	     48377	80009ebc	143f2423	sw	x3,328(x30)	 x30:0x8003feb8  x3:0x00000001 PA:0xxxxxxxxx
     483805.000 ns	     48379	80009ec0	ff9ff06f	jal	x0,80009ebc	
     483855.000 ns	     48384	80009eb8	00036f17	auipc	x30,0x36	 x30=0x8003feb8
     483865.000 ns	     48385	80009ebc	143f2423	sw	x3,328(x30)	 x30:0x8003feb8  x3:0x00000001 PA:0xxxxxxxxx
     483885.000 ns	     48387	80009ec0	ff9ff06f	jal	x0,80009ebc	
     483935.000 ns	     48392	80009eb8	00036f17	auipc	x30,0x36	 x30=0x8003feb8
     483945.000 ns	     48393	80009ebc	143f2423	sw	x3,328(x30)	 x30:0x8003feb8  x3:0x00000001 PA:0xxxxxxxxx
     483965.000 ns	     48395	80009ec0	ff9ff06f	jal	x0,80009ebc	
     484015.000 ns	     48400	80009eb8	00036f17	auipc	x30,0x36	 x30=0x8003feb8
     484025.000 ns	     48401	80009ebc	143f2423	sw	x3,328(x30)	 x30:0x8003feb8  x3:0x00000001 PA:0xxxxxxxxx
     484045.000 ns	     48403	80009ec0	ff9ff06f	jal	x0,80009ebc	
     484095.000 ns	     48408	80009eb8	00036f17	auipc	x30,0x36	 x30=0x8003feb8
     484105.000 ns	     48409	80009ebc	143f2423	sw	x3,328(x30)	 x30:0x8003feb8  x3:0x00000001 PA:0xxxxxxxxx
     484125.000 ns	     48411	80009ec0	ff9ff06f	jal	x0,80009ebc	
     484175.000 ns	     48416	80009eb8	00036f17	auipc	x30,0x36	 x30=0x8003feb8
     484185.000 ns	     48417	80009ebc	143f2423	sw	x3,328(x30)	 x30:0x8003feb8  x3:0x00000001 PA:0xxxxxxxxx
     484205.000 ns	     48419	80009ec0	ff9ff06f	jal	x0,80009ebc	
     484255.000 ns	     48424	80009eb8	00036f17	auipc	x30,0x36	 x30=0x8003feb8
     484265.000 ns	     48425	80009ebc	143f2423	sw	x3,328(x30)	 x30:0x8003feb8  x3:0x00000001 PA:0xxxxxxxxx
     484285.000 ns	     48427	80009ec0	ff9ff06f	jal	x0,80009ebc	
     484335.000 ns	     48432	80009eb8	00036f17	auipc	x30,0x36	 x30=0x8003feb8
     484345.000 ns	     48433	80009ebc	143f2423	sw	x3,328(x30)	 x30:0x8003feb8  x3:0x00000001 PA:0xxxxxxxxx
     484365.000 ns	     48435	80009ec0	ff9ff06f	jal	x0,80009ebc	
     484415.000 ns	     48440	80009eb8	00036f17	auipc	x30,0x36	 x30=0x8003feb8
     484425.000 ns	     48441	80009ebc	143f2423	sw	x3,328(x30)	 x30:0x8003feb8  x3:0x00000001 PA:0xxxxxxxxx
     484445.000 ns	     48443	80009ec0	ff9ff06f	jal	x0,80009ebc	
     484495.000 ns	     48448	80009eb8	00036f17	auipc	x30,0x36	 x30=0x8003feb8
     484505.000 ns	     48449	80009ebc	143f2423	sw	x3,328(x30)	 x30:0x8003feb8  x3:0x00000001 PA:0xxxxxxxxx
     484525.000 ns	     48451	80009ec0	ff9ff06f	jal	x0,80009ebc	
     484575.000 ns	     48456	80009eb8	00036f17	auipc	x30,0x36	 x30=0x8003feb8
     484585.000 ns	     48457	80009ebc	143f2423	sw	x3,328(x30)	 x30:0x8003feb8  x3:0x00000001 PA:0xxxxxxxxx
     484605.000 ns	     48459	80009ec0	ff9ff06f	jal	x0,80009ebc	
     484655.000 ns	     48464	80009eb8	00036f17	auipc	x30,0x36	 x30=0x8003feb8
     484665.000 ns	     48465	80009ebc	143f2423	sw	x3,328(x30)	 x30:0x8003feb8  x3:0x00000001 PA:0xxxxxxxxx
     484685.000 ns	     48467	80009ec0	ff9ff06f	jal	x0,80009ebc	
     484735.000 ns	     48472	80009eb8	00036f17	auipc	x30,0x36	 x30=0x8003feb8
     484745.000 ns	     48473	80009ebc	143f2423	sw	x3,328(x30)	 x30:0x8003feb8  x3:0x00000001 PA:0xxxxxxxxx
     484765.000 ns	     48475	80009ec0	ff9ff06f	jal	x0,80009ebc	
     484815.000 ns	     48480	80009eb8	00036f17	auipc	x30,0x36	 x30=0x8003feb8
     484825.000 ns	     48481	80009ebc	143f2423	sw	x3,328(x30)	 x30:0x8003feb8  x3:0x00000001 PA:0xxxxxxxxx
     484845.000 ns	     48483	80009ec0	ff9ff06f	jal	x0,80009ebc	
     484895.000 ns	     48488	80009eb8	00036f17	auipc	x30,0x36	 x30=0x8003feb8
     484905.000 ns	     48489	80009ebc	143f2423	sw	x3,328(x30)	 x30:0x8003feb8  x3:0x00000001 PA:0xxxxxxxxx
     484925.000 ns	     48491	80009ec0	ff9ff06f	jal	x0,80009ebc	
     484975.000 ns	     48496	80009eb8	00036f17	auipc	x30,0x36	 x30=0x8003feb8
     484985.000 ns	     48497	80009ebc	143f2423	sw	x3,328(x30)	 x30:0x8003feb8  x3:0x00000001 PA:0xxxxxxxxx
     485005.000 ns	     48499	80009ec0	ff9ff06f	jal	x0,80009ebc	
     485055.000 ns	     48504	80009eb8	00036f17	auipc	x30,0x36	 x30=0x8003feb8
     485065.000 ns	     48505	80009ebc	143f2423	sw	x3,328(x30)	 x30:0x8003feb8  x3:0x00000001 PA:0xxxxxxxxx
     485085.000 ns	     48507	80009ec0	ff9ff06f	jal	x0,80009ebc	
     485135.000 ns	     48512	80009eb8	00036f17	auipc	x30,0x36	 x30=0x8003feb8
     485145.000 ns	     48513	80009ebc	143f2423	sw	x3,328(x30)	 x30:0x8003feb8  x3:0x00000001 PA:0xxxxxxxxx
     485165.000 ns	     48515	80009ec0	ff9ff06f	jal	x0,80009ebc	
     485215.000 ns	     48520	80009eb8	00036f17	auipc	x30,0x36	 x30=0x8003feb8
     485225.000 ns	     48521	80009ebc	143f2423	sw	x3,328(x30)	 x30:0x8003feb8  x3:0x00000001 PA:0xxxxxxxxx
     485245.000 ns	     48523	80009ec0	ff9ff06f	jal	x0,80009ebc	
     485295.000 ns	     48528	80009eb8	00036f17	auipc	x30,0x36	 x30=0x8003feb8
     485305.000 ns	     48529	80009ebc	143f2423	sw	x3,328(x30)	 x30:0x8003feb8  x3:0x00000001 PA:0xxxxxxxxx
     485325.000 ns	     48531	80009ec0	ff9ff06f	jal	x0,80009ebc	
     485375.000 ns	     48536	80009eb8	00036f17	auipc	x30,0x36	 x30=0x8003feb8
     485385.000 ns	     48537	80009ebc	143f2423	sw	x3,328(x30)	 x30:0x8003feb8  x3:0x00000001 PA:0xxxxxxxxx
     485405.000 ns	     48539	80009ec0	ff9ff06f	jal	x0,80009ebc	
     485455.000 ns	     48544	80009eb8	00036f17	auipc	x30,0x36	 x30=0x8003feb8
     485465.000 ns	     48545	80009ebc	143f2423	sw	x3,328(x30)	 x30:0x8003feb8  x3:0x00000001 PA:0xxxxxxxxx
     485485.000 ns	     48547	80009ec0	ff9ff06f	jal	x0,80009ebc	
     485535.000 ns	     48552	80009eb8	00036f17	auipc	x30,0x36	 x30=0x8003feb8
     485545.000 ns	     48553	80009ebc	143f2423	sw	x3,328(x30)	 x30:0x8003feb8  x3:0x00000001 PA:0xxxxxxxxx
     485565.000 ns	     48555	80009ec0	ff9ff06f	jal	x0,80009ebc	
     485615.000 ns	     48560	80009eb8	00036f17	auipc	x30,0x36	 x30=0x8003feb8
     485625.000 ns	     48561	80009ebc	143f2423	sw	x3,328(x30)	 x30:0x8003feb8  x3:0x00000001 PA:0xxxxxxxxx
     485645.000 ns	     48563	80009ec0	ff9ff06f	jal	x0,80009ebc	
     485695.000 ns	     48568	80009eb8	00036f17	auipc	x30,0x36	 x30=0x8003feb8
     485705.000 ns	     48569	80009ebc	143f2423	sw	x3,328(x30)	 x30:0x8003feb8  x3:0x00000001 PA:0xxxxxxxxx
     485725.000 ns	     48571	80009ec0	ff9ff06f	jal	x0,80009ebc	
     485775.000 ns	     48576	80009eb8	00036f17	auipc	x30,0x36	 x30=0x8003feb8
     485785.000 ns	     48577	80009ebc	143f2423	sw	x3,328(x30)	 x30:0x8003feb8  x3:0x00000001 PA:0xxxxxxxxx
     485805.000 ns	     48579	80009ec0	ff9ff06f	jal	x0,80009ebc	
     485855.000 ns	     48584	80009eb8	00036f17	auipc	x30,0x36	 x30=0x8003feb8
     485865.000 ns	     48585	80009ebc	143f2423	sw	x3,328(x30)	 x30:0x8003feb8  x3:0x00000001 PA:0xxxxxxxxx
     485885.000 ns	     48587	80009ec0	ff9ff06f	jal	x0,80009ebc	
     485935.000 ns	     48592	80009eb8	00036f17	auipc	x30,0x36	 x30=0x8003feb8
     485945.000 ns	     48593	80009ebc	143f2423	sw	x3,328(x30)	 x30:0x8003feb8  x3:0x00000001 PA:0xxxxxxxxx
     485965.000 ns	     48595	80009ec0	ff9ff06f	jal	x0,80009ebc	
     486015.000 ns	     48600	80009eb8	00036f17	auipc	x30,0x36	 x30=0x8003feb8
     486025.000 ns	     48601	80009ebc	143f2423	sw	x3,328(x30)	 x30:0x8003feb8  x3:0x00000001 PA:0xxxxxxxxx
     486045.000 ns	     48603	80009ec0	ff9ff06f	jal	x0,80009ebc	
     486095.000 ns	     48608	80009eb8	00036f17	auipc	x30,0x36	 x30=0x8003feb8
     486105.000 ns	     48609	80009ebc	143f2423	sw	x3,328(x30)	 x30:0x8003feb8  x3:0x00000001 PA:0xxxxxxxxx
     486125.000 ns	     48611	80009ec0	ff9ff06f	jal	x0,80009ebc	
     486175.000 ns	     48616	80009eb8	00036f17	auipc	x30,0x36	 x30=0x8003feb8
     486185.000 ns	     48617	80009ebc	143f2423	sw	x3,328(x30)	 x30:0x8003feb8  x3:0x00000001 PA:0xxxxxxxxx
     486205.000 ns	     48619	80009ec0	ff9ff06f	jal	x0,80009ebc	
     486255.000 ns	     48624	80009eb8	00036f17	auipc	x30,0x36	 x30=0x8003feb8
     486265.000 ns	     48625	80009ebc	143f2423	sw	x3,328(x30)	 x30:0x8003feb8  x3:0x00000001 PA:0xxxxxxxxx
     486285.000 ns	     48627	80009ec0	ff9ff06f	jal	x0,80009ebc	
     486335.000 ns	     48632	80009eb8	00036f17	auipc	x30,0x36	 x30=0x8003feb8
     486345.000 ns	     48633	80009ebc	143f2423	sw	x3,328(x30)	 x30:0x8003feb8  x3:0x00000001 PA:0xxxxxxxxx
     486365.000 ns	     48635	80009ec0	ff9ff06f	jal	x0,80009ebc	
     486415.000 ns	     48640	80009eb8	00036f17	auipc	x30,0x36	 x30=0x8003feb8
     486425.000 ns	     48641	80009ebc	143f2423	sw	x3,328(x30)	 x30:0x8003feb8  x3:0x00000001 PA:0xxxxxxxxx
     486445.000 ns	     48643	80009ec0	ff9ff06f	jal	x0,80009ebc	
     486495.000 ns	     48648	80009eb8	00036f17	auipc	x30,0x36	 x30=0x8003feb8
     486505.000 ns	     48649	80009ebc	143f2423	sw	x3,328(x30)	 x30:0x8003feb8  x3:0x00000001 PA:0xxxxxxxxx
     486525.000 ns	     48651	80009ec0	ff9ff06f	jal	x0,80009ebc	
     486575.000 ns	     48656	80009eb8	00036f17	auipc	x30,0x36	 x30=0x8003feb8
     486585.000 ns	     48657	80009ebc	143f2423	sw	x3,328(x30)	 x30:0x8003feb8  x3:0x00000001 PA:0xxxxxxxxx
     486605.000 ns	     48659	80009ec0	ff9ff06f	jal	x0,80009ebc	
     486655.000 ns	     48664	80009eb8	00036f17	auipc	x30,0x36	 x30=0x8003feb8
     486665.000 ns	     48665	80009ebc	143f2423	sw	x3,328(x30)	 x30:0x8003feb8  x3:0x00000001 PA:0xxxxxxxxx
     486685.000 ns	     48667	80009ec0	ff9ff06f	jal	x0,80009ebc	
     486735.000 ns	     48672	80009eb8	00036f17	auipc	x30,0x36	 x30=0x8003feb8
     486745.000 ns	     48673	80009ebc	143f2423	sw	x3,328(x30)	 x30:0x8003feb8  x3:0x00000001 PA:0xxxxxxxxx
     486765.000 ns	     48675	80009ec0	ff9ff06f	jal	x0,80009ebc	
     486815.000 ns	     48680	80009eb8	00036f17	auipc	x30,0x36	 x30=0x8003feb8
     486825.000 ns	     48681	80009ebc	143f2423	sw	x3,328(x30)	 x30:0x8003feb8  x3:0x00000001 PA:0xxxxxxxxx
     486845.000 ns	     48683	80009ec0	ff9ff06f	jal	x0,80009ebc	
     486895.000 ns	     48688	80009eb8	00036f17	auipc	x30,0x36	 x30=0x8003feb8
     486905.000 ns	     48689	80009ebc	143f2423	sw	x3,328(x30)	 x30:0x8003feb8  x3:0x00000001 PA:0xxxxxxxxx
     486925.000 ns	     48691	80009ec0	ff9ff06f	jal	x0,80009ebc	
     486975.000 ns	     48696	80009eb8	00036f17	auipc	x30,0x36	 x30=0x8003feb8
     486985.000 ns	     48697	80009ebc	143f2423	sw	x3,328(x30)	 x30:0x8003feb8  x3:0x00000001 PA:0xxxxxxxxx
     487005.000 ns	     48699	80009ec0	ff9ff06f	jal	x0,80009ebc	
     487055.000 ns	     48704	80009eb8	00036f17	auipc	x30,0x36	 x30=0x8003feb8
     487065.000 ns	     48705	80009ebc	143f2423	sw	x3,328(x30)	 x30:0x8003feb8  x3:0x00000001 PA:0xxxxxxxxx
     487085.000 ns	     48707	80009ec0	ff9ff06f	jal	x0,80009ebc	
     487135.000 ns	     48712	80009eb8	00036f17	auipc	x30,0x36	 x30=0x8003feb8
     487145.000 ns	     48713	80009ebc	143f2423	sw	x3,328(x30)	 x30:0x8003feb8  x3:0x00000001 PA:0xxxxxxxxx
     487165.000 ns	     48715	80009ec0	ff9ff06f	jal	x0,80009ebc	
     487215.000 ns	     48720	80009eb8	00036f17	auipc	x30,0x36	 x30=0x8003feb8
     487225.000 ns	     48721	80009ebc	143f2423	sw	x3,328(x30)	 x30:0x8003feb8  x3:0x00000001 PA:0xxxxxxxxx
     487245.000 ns	     48723	80009ec0	ff9ff06f	jal	x0,80009ebc	
     487295.000 ns	     48728	80009eb8	00036f17	auipc	x30,0x36	 x30=0x8003feb8
     487305.000 ns	     48729	80009ebc	143f2423	sw	x3,328(x30)	 x30:0x8003feb8  x3:0x00000001 PA:0xxxxxxxxx
     487325.000 ns	     48731	80009ec0	ff9ff06f	jal	x0,80009ebc	
     487375.000 ns	     48736	80009eb8	00036f17	auipc	x30,0x36	 x30=0x8003feb8
     487385.000 ns	     48737	80009ebc	143f2423	sw	x3,328(x30)	 x30:0x8003feb8  x3:0x00000001 PA:0xxxxxxxxx
     487405.000 ns	     48739	80009ec0	ff9ff06f	jal	x0,80009ebc	
     487455.000 ns	     48744	80009eb8	00036f17	auipc	x30,0x36	 x30=0x8003feb8
     487465.000 ns	     48745	80009ebc	143f2423	sw	x3,328(x30)	 x30:0x8003feb8  x3:0x00000001 PA:0xxxxxxxxx
     487485.000 ns	     48747	80009ec0	ff9ff06f	jal	x0,80009ebc	
     487535.000 ns	     48752	80009eb8	00036f17	auipc	x30,0x36	 x30=0x8003feb8
     487545.000 ns	     48753	80009ebc	143f2423	sw	x3,328(x30)	 x30:0x8003feb8  x3:0x00000001 PA:0xxxxxxxxx
     487565.000 ns	     48755	80009ec0	ff9ff06f	jal	x0,80009ebc	
     487615.000 ns	     48760	80009eb8	00036f17	auipc	x30,0x36	 x30=0x8003feb8
     487625.000 ns	     48761	80009ebc	143f2423	sw	x3,328(x30)	 x30:0x8003feb8  x3:0x00000001 PA:0xxxxxxxxx
     487645.000 ns	     48763	80009ec0	ff9ff06f	jal	x0,80009ebc	
     487695.000 ns	     48768	80009eb8	00036f17	auipc	x30,0x36	 x30=0x8003feb8
     487705.000 ns	     48769	80009ebc	143f2423	sw	x3,328(x30)	 x30:0x8003feb8  x3:0x00000001 PA:0xxxxxxxxx
     487725.000 ns	     48771	80009ec0	ff9ff06f	jal	x0,80009ebc	
     487775.000 ns	     48776	80009eb8	00036f17	auipc	x30,0x36	 x30=0x8003feb8
     487785.000 ns	     48777	80009ebc	143f2423	sw	x3,328(x30)	 x30:0x8003feb8  x3:0x00000001 PA:0xxxxxxxxx
     487805.000 ns	     48779	80009ec0	ff9ff06f	jal	x0,80009ebc	
     487855.000 ns	     48784	80009eb8	00036f17	auipc	x30,0x36	 x30=0x8003feb8
     487865.000 ns	     48785	80009ebc	143f2423	sw	x3,328(x30)	 x30:0x8003feb8  x3:0x00000001 PA:0xxxxxxxxx
     487885.000 ns	     48787	80009ec0	ff9ff06f	jal	x0,80009ebc	
     487935.000 ns	     48792	80009eb8	00036f17	auipc	x30,0x36	 x30=0x8003feb8
     487945.000 ns	     48793	80009ebc	143f2423	sw	x3,328(x30)	 x30:0x8003feb8  x3:0x00000001 PA:0xxxxxxxxx
     487965.000 ns	     48795	80009ec0	ff9ff06f	jal	x0,80009ebc	
     488015.000 ns	     48800	80009eb8	00036f17	auipc	x30,0x36	 x30=0x8003feb8
     488025.000 ns	     48801	80009ebc	143f2423	sw	x3,328(x30)	 x30:0x8003feb8  x3:0x00000001 PA:0xxxxxxxxx
     488045.000 ns	     48803	80009ec0	ff9ff06f	jal	x0,80009ebc	
     488095.000 ns	     48808	80009eb8	00036f17	auipc	x30,0x36	 x30=0x8003feb8
     488105.000 ns	     48809	80009ebc	143f2423	sw	x3,328(x30)	 x30:0x8003feb8  x3:0x00000001 PA:0xxxxxxxxx
     488125.000 ns	     48811	80009ec0	ff9ff06f	jal	x0,80009ebc	
     488175.000 ns	     48816	80009eb8	00036f17	auipc	x30,0x36	 x30=0x8003feb8
     488185.000 ns	     48817	80009ebc	143f2423	sw	x3,328(x30)	 x30:0x8003feb8  x3:0x00000001 PA:0xxxxxxxxx
     488205.000 ns	     48819	80009ec0	ff9ff06f	jal	x0,80009ebc	
     488255.000 ns	     48824	80009eb8	00036f17	auipc	x30,0x36	 x30=0x8003feb8
     488265.000 ns	     48825	80009ebc	143f2423	sw	x3,328(x30)	 x30:0x8003feb8  x3:0x00000001 PA:0xxxxxxxxx
     488285.000 ns	     48827	80009ec0	ff9ff06f	jal	x0,80009ebc	
     488335.000 ns	     48832	80009eb8	00036f17	auipc	x30,0x36	 x30=0x8003feb8
     488345.000 ns	     48833	80009ebc	143f2423	sw	x3,328(x30)	 x30:0x8003feb8  x3:0x00000001 PA:0xxxxxxxxx
     488365.000 ns	     48835	80009ec0	ff9ff06f	jal	x0,80009ebc	
     488415.000 ns	     48840	80009eb8	00036f17	auipc	x30,0x36	 x30=0x8003feb8
     488425.000 ns	     48841	80009ebc	143f2423	sw	x3,328(x30)	 x30:0x8003feb8  x3:0x00000001 PA:0xxxxxxxxx
     488445.000 ns	     48843	80009ec0	ff9ff06f	jal	x0,80009ebc	
     488495.000 ns	     48848	80009eb8	00036f17	auipc	x30,0x36	 x30=0x8003feb8
     488505.000 ns	     48849	80009ebc	143f2423	sw	x3,328(x30)	 x30:0x8003feb8  x3:0x00000001 PA:0xxxxxxxxx
     488525.000 ns	     48851	80009ec0	ff9ff06f	jal	x0,80009ebc	
     488575.000 ns	     48856	80009eb8	00036f17	auipc	x30,0x36	 x30=0x8003feb8
     488585.000 ns	     48857	80009ebc	143f2423	sw	x3,328(x30)	 x30:0x8003feb8  x3:0x00000001 PA:0xxxxxxxxx
     488605.000 ns	     48859	80009ec0	ff9ff06f	jal	x0,80009ebc	
     488655.000 ns	     48864	80009eb8	00036f17	auipc	x30,0x36	 x30=0x8003feb8
     488665.000 ns	     48865	80009ebc	143f2423	sw	x3,328(x30)	 x30:0x8003feb8  x3:0x00000001 PA:0xxxxxxxxx
     488685.000 ns	     48867	80009ec0	ff9ff06f	jal	x0,80009ebc	
     488735.000 ns	     48872	80009eb8	00036f17	auipc	x30,0x36	 x30=0x8003feb8
     488745.000 ns	     48873	80009ebc	143f2423	sw	x3,328(x30)	 x30:0x8003feb8  x3:0x00000001 PA:0xxxxxxxxx
     488765.000 ns	     48875	80009ec0	ff9ff06f	jal	x0,80009ebc	
     488815.000 ns	     48880	80009eb8	00036f17	auipc	x30,0x36	 x30=0x8003feb8
     488825.000 ns	     48881	80009ebc	143f2423	sw	x3,328(x30)	 x30:0x8003feb8  x3:0x00000001 PA:0xxxxxxxxx
     488845.000 ns	     48883	80009ec0	ff9ff06f	jal	x0,80009ebc	
     488895.000 ns	     48888	80009eb8	00036f17	auipc	x30,0x36	 x30=0x8003feb8
     488905.000 ns	     48889	80009ebc	143f2423	sw	x3,328(x30)	 x30:0x8003feb8  x3:0x00000001 PA:0xxxxxxxxx
     488925.000 ns	     48891	80009ec0	ff9ff06f	jal	x0,80009ebc	
     488975.000 ns	     48896	80009eb8	00036f17	auipc	x30,0x36	 x30=0x8003feb8
     488985.000 ns	     48897	80009ebc	143f2423	sw	x3,328(x30)	 x30:0x8003feb8  x3:0x00000001 PA:0xxxxxxxxx
     489005.000 ns	     48899	80009ec0	ff9ff06f	jal	x0,80009ebc	
     489055.000 ns	     48904	80009eb8	00036f17	auipc	x30,0x36	 x30=0x8003feb8
     489065.000 ns	     48905	80009ebc	143f2423	sw	x3,328(x30)	 x30:0x8003feb8  x3:0x00000001 PA:0xxxxxxxxx
     489085.000 ns	     48907	80009ec0	ff9ff06f	jal	x0,80009ebc	
     489135.000 ns	     48912	80009eb8	00036f17	auipc	x30,0x36	 x30=0x8003feb8
     489145.000 ns	     48913	80009ebc	143f2423	sw	x3,328(x30)	 x30:0x8003feb8  x3:0x00000001 PA:0xxxxxxxxx
     489165.000 ns	     48915	80009ec0	ff9ff06f	jal	x0,80009ebc	
     489215.000 ns	     48920	80009eb8	00036f17	auipc	x30,0x36	 x30=0x8003feb8
     489225.000 ns	     48921	80009ebc	143f2423	sw	x3,328(x30)	 x30:0x8003feb8  x3:0x00000001 PA:0xxxxxxxxx
     489245.000 ns	     48923	80009ec0	ff9ff06f	jal	x0,80009ebc	
     489295.000 ns	     48928	80009eb8	00036f17	auipc	x30,0x36	 x30=0x8003feb8
     489305.000 ns	     48929	80009ebc	143f2423	sw	x3,328(x30)	 x30:0x8003feb8  x3:0x00000001 PA:0xxxxxxxxx
     489325.000 ns	     48931	80009ec0	ff9ff06f	jal	x0,80009ebc	
     489375.000 ns	     48936	80009eb8	00036f17	auipc	x30,0x36	 x30=0x8003feb8
     489385.000 ns	     48937	80009ebc	143f2423	sw	x3,328(x30)	 x30:0x8003feb8  x3:0x00000001 PA:0xxxxxxxxx
     489405.000 ns	     48939	80009ec0	ff9ff06f	jal	x0,80009ebc	
     489455.000 ns	     48944	80009eb8	00036f17	auipc	x30,0x36	 x30=0x8003feb8
     489465.000 ns	     48945	80009ebc	143f2423	sw	x3,328(x30)	 x30:0x8003feb8  x3:0x00000001 PA:0xxxxxxxxx
     489485.000 ns	     48947	80009ec0	ff9ff06f	jal	x0,80009ebc	
     489535.000 ns	     48952	80009eb8	00036f17	auipc	x30,0x36	 x30=0x8003feb8
     489545.000 ns	     48953	80009ebc	143f2423	sw	x3,328(x30)	 x30:0x8003feb8  x3:0x00000001 PA:0xxxxxxxxx
     489565.000 ns	     48955	80009ec0	ff9ff06f	jal	x0,80009ebc	
     489615.000 ns	     48960	80009eb8	00036f17	auipc	x30,0x36	 x30=0x8003feb8
     489625.000 ns	     48961	80009ebc	143f2423	sw	x3,328(x30)	 x30:0x8003feb8  x3:0x00000001 PA:0xxxxxxxxx
     489645.000 ns	     48963	80009ec0	ff9ff06f	jal	x0,80009ebc	
     489695.000 ns	     48968	80009eb8	00036f17	auipc	x30,0x36	 x30=0x8003feb8
     489705.000 ns	     48969	80009ebc	143f2423	sw	x3,328(x30)	 x30:0x8003feb8  x3:0x00000001 PA:0xxxxxxxxx
     489725.000 ns	     48971	80009ec0	ff9ff06f	jal	x0,80009ebc	
     489775.000 ns	     48976	80009eb8	00036f17	auipc	x30,0x36	 x30=0x8003feb8
     489785.000 ns	     48977	80009ebc	143f2423	sw	x3,328(x30)	 x30:0x8003feb8  x3:0x00000001 PA:0xxxxxxxxx
     489805.000 ns	     48979	80009ec0	ff9ff06f	jal	x0,80009ebc	
     489855.000 ns	     48984	80009eb8	00036f17	auipc	x30,0x36	 x30=0x8003feb8
     489865.000 ns	     48985	80009ebc	143f2423	sw	x3,328(x30)	 x30:0x8003feb8  x3:0x00000001 PA:0xxxxxxxxx
     489885.000 ns	     48987	80009ec0	ff9ff06f	jal	x0,80009ebc	
     489935.000 ns	     48992	80009eb8	00036f17	auipc	x30,0x36	 x30=0x8003feb8
     489945.000 ns	     48993	80009ebc	143f2423	sw	x3,328(x30)	 x30:0x8003feb8  x3:0x00000001 PA:0xxxxxxxxx
     489965.000 ns	     48995	80009ec0	ff9ff06f	jal	x0,80009ebc	
     490015.000 ns	     49000	80009eb8	00036f17	auipc	x30,0x36	 x30=0x8003feb8
     490025.000 ns	     49001	80009ebc	143f2423	sw	x3,328(x30)	 x30:0x8003feb8  x3:0x00000001 PA:0xxxxxxxxx
     490045.000 ns	     49003	80009ec0	ff9ff06f	jal	x0,80009ebc	
     490095.000 ns	     49008	80009eb8	00036f17	auipc	x30,0x36	 x30=0x8003feb8
     490105.000 ns	     49009	80009ebc	143f2423	sw	x3,328(x30)	 x30:0x8003feb8  x3:0x00000001 PA:0xxxxxxxxx
     490125.000 ns	     49011	80009ec0	ff9ff06f	jal	x0,80009ebc	
     490175.000 ns	     49016	80009eb8	00036f17	auipc	x30,0x36	 x30=0x8003feb8
     490185.000 ns	     49017	80009ebc	143f2423	sw	x3,328(x30)	 x30:0x8003feb8  x3:0x00000001 PA:0xxxxxxxxx
     490205.000 ns	     49019	80009ec0	ff9ff06f	jal	x0,80009ebc	
     490255.000 ns	     49024	80009eb8	00036f17	auipc	x30,0x36	 x30=0x8003feb8
     490265.000 ns	     49025	80009ebc	143f2423	sw	x3,328(x30)	 x30:0x8003feb8  x3:0x00000001 PA:0xxxxxxxxx
     490285.000 ns	     49027	80009ec0	ff9ff06f	jal	x0,80009ebc	
     490335.000 ns	     49032	80009eb8	00036f17	auipc	x30,0x36	 x30=0x8003feb8
     490345.000 ns	     49033	80009ebc	143f2423	sw	x3,328(x30)	 x30:0x8003feb8  x3:0x00000001 PA:0xxxxxxxxx
     490365.000 ns	     49035	80009ec0	ff9ff06f	jal	x0,80009ebc	
     490415.000 ns	     49040	80009eb8	00036f17	auipc	x30,0x36	 x30=0x8003feb8
     490425.000 ns	     49041	80009ebc	143f2423	sw	x3,328(x30)	 x30:0x8003feb8  x3:0x00000001 PA:0xxxxxxxxx
     490445.000 ns	     49043	80009ec0	ff9ff06f	jal	x0,80009ebc	
     490495.000 ns	     49048	80009eb8	00036f17	auipc	x30,0x36	 x30=0x8003feb8
     490505.000 ns	     49049	80009ebc	143f2423	sw	x3,328(x30)	 x30:0x8003feb8  x3:0x00000001 PA:0xxxxxxxxx
     490525.000 ns	     49051	80009ec0	ff9ff06f	jal	x0,80009ebc	
     490575.000 ns	     49056	80009eb8	00036f17	auipc	x30,0x36	 x30=0x8003feb8
     490585.000 ns	     49057	80009ebc	143f2423	sw	x3,328(x30)	 x30:0x8003feb8  x3:0x00000001 PA:0xxxxxxxxx
     490605.000 ns	     49059	80009ec0	ff9ff06f	jal	x0,80009ebc	
     490655.000 ns	     49064	80009eb8	00036f17	auipc	x30,0x36	 x30=0x8003feb8
     490665.000 ns	     49065	80009ebc	143f2423	sw	x3,328(x30)	 x30:0x8003feb8  x3:0x00000001 PA:0xxxxxxxxx
     490685.000 ns	     49067	80009ec0	ff9ff06f	jal	x0,80009ebc	
     490735.000 ns	     49072	80009eb8	00036f17	auipc	x30,0x36	 x30=0x8003feb8
     490745.000 ns	     49073	80009ebc	143f2423	sw	x3,328(x30)	 x30:0x8003feb8  x3:0x00000001 PA:0xxxxxxxxx
     490765.000 ns	     49075	80009ec0	ff9ff06f	jal	x0,80009ebc	
     490815.000 ns	     49080	80009eb8	00036f17	auipc	x30,0x36	 x30=0x8003feb8
     490825.000 ns	     49081	80009ebc	143f2423	sw	x3,328(x30)	 x30:0x8003feb8  x3:0x00000001 PA:0xxxxxxxxx
     490845.000 ns	     49083	80009ec0	ff9ff06f	jal	x0,80009ebc	
     490895.000 ns	     49088	80009eb8	00036f17	auipc	x30,0x36	 x30=0x8003feb8
     490905.000 ns	     49089	80009ebc	143f2423	sw	x3,328(x30)	 x30:0x8003feb8  x3:0x00000001 PA:0xxxxxxxxx
     490925.000 ns	     49091	80009ec0	ff9ff06f	jal	x0,80009ebc	
     490975.000 ns	     49096	80009eb8	00036f17	auipc	x30,0x36	 x30=0x8003feb8
     490985.000 ns	     49097	80009ebc	143f2423	sw	x3,328(x30)	 x30:0x8003feb8  x3:0x00000001 PA:0xxxxxxxxx
     491005.000 ns	     49099	80009ec0	ff9ff06f	jal	x0,80009ebc	
     491055.000 ns	     49104	80009eb8	00036f17	auipc	x30,0x36	 x30=0x8003feb8
     491065.000 ns	     49105	80009ebc	143f2423	sw	x3,328(x30)	 x30:0x8003feb8  x3:0x00000001 PA:0xxxxxxxxx
     491085.000 ns	     49107	80009ec0	ff9ff06f	jal	x0,80009ebc	
     491135.000 ns	     49112	80009eb8	00036f17	auipc	x30,0x36	 x30=0x8003feb8
     491145.000 ns	     49113	80009ebc	143f2423	sw	x3,328(x30)	 x30:0x8003feb8  x3:0x00000001 PA:0xxxxxxxxx
     491165.000 ns	     49115	80009ec0	ff9ff06f	jal	x0,80009ebc	
     491215.000 ns	     49120	80009eb8	00036f17	auipc	x30,0x36	 x30=0x8003feb8
     491225.000 ns	     49121	80009ebc	143f2423	sw	x3,328(x30)	 x30:0x8003feb8  x3:0x00000001 PA:0xxxxxxxxx
     491245.000 ns	     49123	80009ec0	ff9ff06f	jal	x0,80009ebc	
     491295.000 ns	     49128	80009eb8	00036f17	auipc	x30,0x36	 x30=0x8003feb8
     491305.000 ns	     49129	80009ebc	143f2423	sw	x3,328(x30)	 x30:0x8003feb8  x3:0x00000001 PA:0xxxxxxxxx
     491325.000 ns	     49131	80009ec0	ff9ff06f	jal	x0,80009ebc	
     491375.000 ns	     49136	80009eb8	00036f17	auipc	x30,0x36	 x30=0x8003feb8
     491385.000 ns	     49137	80009ebc	143f2423	sw	x3,328(x30)	 x30:0x8003feb8  x3:0x00000001 PA:0xxxxxxxxx
     491405.000 ns	     49139	80009ec0	ff9ff06f	jal	x0,80009ebc	
     491455.000 ns	     49144	80009eb8	00036f17	auipc	x30,0x36	 x30=0x8003feb8
     491465.000 ns	     49145	80009ebc	143f2423	sw	x3,328(x30)	 x30:0x8003feb8  x3:0x00000001 PA:0xxxxxxxxx
     491485.000 ns	     49147	80009ec0	ff9ff06f	jal	x0,80009ebc	
     491535.000 ns	     49152	80009eb8	00036f17	auipc	x30,0x36	 x30=0x8003feb8
     491545.000 ns	     49153	80009ebc	143f2423	sw	x3,328(x30)	 x30:0x8003feb8  x3:0x00000001 PA:0xxxxxxxxx
     491565.000 ns	     49155	80009ec0	ff9ff06f	jal	x0,80009ebc	
     491615.000 ns	     49160	80009eb8	00036f17	auipc	x30,0x36	 x30=0x8003feb8
     491625.000 ns	     49161	80009ebc	143f2423	sw	x3,328(x30)	 x30:0x8003feb8  x3:0x00000001 PA:0xxxxxxxxx
     491645.000 ns	     49163	80009ec0	ff9ff06f	jal	x0,80009ebc	
     491695.000 ns	     49168	80009eb8	00036f17	auipc	x30,0x36	 x30=0x8003feb8
     491705.000 ns	     49169	80009ebc	143f2423	sw	x3,328(x30)	 x30:0x8003feb8  x3:0x00000001 PA:0xxxxxxxxx
     491725.000 ns	     49171	80009ec0	ff9ff06f	jal	x0,80009ebc	
     491775.000 ns	     49176	80009eb8	00036f17	auipc	x30,0x36	 x30=0x8003feb8
     491785.000 ns	     49177	80009ebc	143f2423	sw	x3,328(x30)	 x30:0x8003feb8  x3:0x00000001 PA:0xxxxxxxxx
     491805.000 ns	     49179	80009ec0	ff9ff06f	jal	x0,80009ebc	
     491855.000 ns	     49184	80009eb8	00036f17	auipc	x30,0x36	 x30=0x8003feb8
     491865.000 ns	     49185	80009ebc	143f2423	sw	x3,328(x30)	 x30:0x8003feb8  x3:0x00000001 PA:0xxxxxxxxx
     491885.000 ns	     49187	80009ec0	ff9ff06f	jal	x0,80009ebc	
     491935.000 ns	     49192	80009eb8	00036f17	auipc	x30,0x36	 x30=0x8003feb8
     491945.000 ns	     49193	80009ebc	143f2423	sw	x3,328(x30)	 x30:0x8003feb8  x3:0x00000001 PA:0xxxxxxxxx
     491965.000 ns	     49195	80009ec0	ff9ff06f	jal	x0,80009ebc	
     492015.000 ns	     49200	80009eb8	00036f17	auipc	x30,0x36	 x30=0x8003feb8
     492025.000 ns	     49201	80009ebc	143f2423	sw	x3,328(x30)	 x30:0x8003feb8  x3:0x00000001 PA:0xxxxxxxxx
     492045.000 ns	     49203	80009ec0	ff9ff06f	jal	x0,80009ebc	
     492095.000 ns	     49208	80009eb8	00036f17	auipc	x30,0x36	 x30=0x8003feb8
     492105.000 ns	     49209	80009ebc	143f2423	sw	x3,328(x30)	 x30:0x8003feb8  x3:0x00000001 PA:0xxxxxxxxx
     492125.000 ns	     49211	80009ec0	ff9ff06f	jal	x0,80009ebc	
     492175.000 ns	     49216	80009eb8	00036f17	auipc	x30,0x36	 x30=0x8003feb8
     492185.000 ns	     49217	80009ebc	143f2423	sw	x3,328(x30)	 x30:0x8003feb8  x3:0x00000001 PA:0xxxxxxxxx
     492205.000 ns	     49219	80009ec0	ff9ff06f	jal	x0,80009ebc	
     492255.000 ns	     49224	80009eb8	00036f17	auipc	x30,0x36	 x30=0x8003feb8
     492265.000 ns	     49225	80009ebc	143f2423	sw	x3,328(x30)	 x30:0x8003feb8  x3:0x00000001 PA:0xxxxxxxxx
     492285.000 ns	     49227	80009ec0	ff9ff06f	jal	x0,80009ebc	
     492335.000 ns	     49232	80009eb8	00036f17	auipc	x30,0x36	 x30=0x8003feb8
     492345.000 ns	     49233	80009ebc	143f2423	sw	x3,328(x30)	 x30:0x8003feb8  x3:0x00000001 PA:0xxxxxxxxx
     492365.000 ns	     49235	80009ec0	ff9ff06f	jal	x0,80009ebc	
     492415.000 ns	     49240	80009eb8	00036f17	auipc	x30,0x36	 x30=0x8003feb8
     492425.000 ns	     49241	80009ebc	143f2423	sw	x3,328(x30)	 x30:0x8003feb8  x3:0x00000001 PA:0xxxxxxxxx
     492445.000 ns	     49243	80009ec0	ff9ff06f	jal	x0,80009ebc	
     492495.000 ns	     49248	80009eb8	00036f17	auipc	x30,0x36	 x30=0x8003feb8
     492505.000 ns	     49249	80009ebc	143f2423	sw	x3,328(x30)	 x30:0x8003feb8  x3:0x00000001 PA:0xxxxxxxxx
     492525.000 ns	     49251	80009ec0	ff9ff06f	jal	x0,80009ebc	
     492575.000 ns	     49256	80009eb8	00036f17	auipc	x30,0x36	 x30=0x8003feb8
     492585.000 ns	     49257	80009ebc	143f2423	sw	x3,328(x30)	 x30:0x8003feb8  x3:0x00000001 PA:0xxxxxxxxx
     492605.000 ns	     49259	80009ec0	ff9ff06f	jal	x0,80009ebc	
     492655.000 ns	     49264	80009eb8	00036f17	auipc	x30,0x36	 x30=0x8003feb8
     492665.000 ns	     49265	80009ebc	143f2423	sw	x3,328(x30)	 x30:0x8003feb8  x3:0x00000001 PA:0xxxxxxxxx
     492685.000 ns	     49267	80009ec0	ff9ff06f	jal	x0,80009ebc	
     492735.000 ns	     49272	80009eb8	00036f17	auipc	x30,0x36	 x30=0x8003feb8
     492745.000 ns	     49273	80009ebc	143f2423	sw	x3,328(x30)	 x30:0x8003feb8  x3:0x00000001 PA:0xxxxxxxxx
     492765.000 ns	     49275	80009ec0	ff9ff06f	jal	x0,80009ebc	
     492815.000 ns	     49280	80009eb8	00036f17	auipc	x30,0x36	 x30=0x8003feb8
     492825.000 ns	     49281	80009ebc	143f2423	sw	x3,328(x30)	 x30:0x8003feb8  x3:0x00000001 PA:0xxxxxxxxx
     492845.000 ns	     49283	80009ec0	ff9ff06f	jal	x0,80009ebc	
     492895.000 ns	     49288	80009eb8	00036f17	auipc	x30,0x36	 x30=0x8003feb8
     492905.000 ns	     49289	80009ebc	143f2423	sw	x3,328(x30)	 x30:0x8003feb8  x3:0x00000001 PA:0xxxxxxxxx
     492925.000 ns	     49291	80009ec0	ff9ff06f	jal	x0,80009ebc	
     492975.000 ns	     49296	80009eb8	00036f17	auipc	x30,0x36	 x30=0x8003feb8
     492985.000 ns	     49297	80009ebc	143f2423	sw	x3,328(x30)	 x30:0x8003feb8  x3:0x00000001 PA:0xxxxxxxxx
     493005.000 ns	     49299	80009ec0	ff9ff06f	jal	x0,80009ebc	
     493055.000 ns	     49304	80009eb8	00036f17	auipc	x30,0x36	 x30=0x8003feb8
     493065.000 ns	     49305	80009ebc	143f2423	sw	x3,328(x30)	 x30:0x8003feb8  x3:0x00000001 PA:0xxxxxxxxx
     493085.000 ns	     49307	80009ec0	ff9ff06f	jal	x0,80009ebc	
     493135.000 ns	     49312	80009eb8	00036f17	auipc	x30,0x36	 x30=0x8003feb8
     493145.000 ns	     49313	80009ebc	143f2423	sw	x3,328(x30)	 x30:0x8003feb8  x3:0x00000001 PA:0xxxxxxxxx
     493165.000 ns	     49315	80009ec0	ff9ff06f	jal	x0,80009ebc	
     493215.000 ns	     49320	80009eb8	00036f17	auipc	x30,0x36	 x30=0x8003feb8
     493225.000 ns	     49321	80009ebc	143f2423	sw	x3,328(x30)	 x30:0x8003feb8  x3:0x00000001 PA:0xxxxxxxxx
     493245.000 ns	     49323	80009ec0	ff9ff06f	jal	x0,80009ebc	
     493295.000 ns	     49328	80009eb8	00036f17	auipc	x30,0x36	 x30=0x8003feb8
     493305.000 ns	     49329	80009ebc	143f2423	sw	x3,328(x30)	 x30:0x8003feb8  x3:0x00000001 PA:0xxxxxxxxx
     493325.000 ns	     49331	80009ec0	ff9ff06f	jal	x0,80009ebc	
     493375.000 ns	     49336	80009eb8	00036f17	auipc	x30,0x36	 x30=0x8003feb8
     493385.000 ns	     49337	80009ebc	143f2423	sw	x3,328(x30)	 x30:0x8003feb8  x3:0x00000001 PA:0xxxxxxxxx
     493405.000 ns	     49339	80009ec0	ff9ff06f	jal	x0,80009ebc	
     493455.000 ns	     49344	80009eb8	00036f17	auipc	x30,0x36	 x30=0x8003feb8
     493465.000 ns	     49345	80009ebc	143f2423	sw	x3,328(x30)	 x30:0x8003feb8  x3:0x00000001 PA:0xxxxxxxxx
     493485.000 ns	     49347	80009ec0	ff9ff06f	jal	x0,80009ebc	
     493535.000 ns	     49352	80009eb8	00036f17	auipc	x30,0x36	 x30=0x8003feb8
     493545.000 ns	     49353	80009ebc	143f2423	sw	x3,328(x30)	 x30:0x8003feb8  x3:0x00000001 PA:0xxxxxxxxx
     493565.000 ns	     49355	80009ec0	ff9ff06f	jal	x0,80009ebc	
     493615.000 ns	     49360	80009eb8	00036f17	auipc	x30,0x36	 x30=0x8003feb8
     493625.000 ns	     49361	80009ebc	143f2423	sw	x3,328(x30)	 x30:0x8003feb8  x3:0x00000001 PA:0xxxxxxxxx
     493645.000 ns	     49363	80009ec0	ff9ff06f	jal	x0,80009ebc	
     493695.000 ns	     49368	80009eb8	00036f17	auipc	x30,0x36	 x30=0x8003feb8
     493705.000 ns	     49369	80009ebc	143f2423	sw	x3,328(x30)	 x30:0x8003feb8  x3:0x00000001 PA:0xxxxxxxxx
     493725.000 ns	     49371	80009ec0	ff9ff06f	jal	x0,80009ebc	
     493775.000 ns	     49376	80009eb8	00036f17	auipc	x30,0x36	 x30=0x8003feb8
     493785.000 ns	     49377	80009ebc	143f2423	sw	x3,328(x30)	 x30:0x8003feb8  x3:0x00000001 PA:0xxxxxxxxx
     493805.000 ns	     49379	80009ec0	ff9ff06f	jal	x0,80009ebc	
     493855.000 ns	     49384	80009eb8	00036f17	auipc	x30,0x36	 x30=0x8003feb8
     493865.000 ns	     49385	80009ebc	143f2423	sw	x3,328(x30)	 x30:0x8003feb8  x3:0x00000001 PA:0xxxxxxxxx
     493885.000 ns	     49387	80009ec0	ff9ff06f	jal	x0,80009ebc	
     493935.000 ns	     49392	80009eb8	00036f17	auipc	x30,0x36	 x30=0x8003feb8
     493945.000 ns	     49393	80009ebc	143f2423	sw	x3,328(x30)	 x30:0x8003feb8  x3:0x00000001 PA:0xxxxxxxxx
     493965.000 ns	     49395	80009ec0	ff9ff06f	jal	x0,80009ebc	
     494015.000 ns	     49400	80009eb8	00036f17	auipc	x30,0x36	 x30=0x8003feb8
     494025.000 ns	     49401	80009ebc	143f2423	sw	x3,328(x30)	 x30:0x8003feb8  x3:0x00000001 PA:0xxxxxxxxx
     494045.000 ns	     49403	80009ec0	ff9ff06f	jal	x0,80009ebc	
     494095.000 ns	     49408	80009eb8	00036f17	auipc	x30,0x36	 x30=0x8003feb8
     494105.000 ns	     49409	80009ebc	143f2423	sw	x3,328(x30)	 x30:0x8003feb8  x3:0x00000001 PA:0xxxxxxxxx
     494125.000 ns	     49411	80009ec0	ff9ff06f	jal	x0,80009ebc	
     494175.000 ns	     49416	80009eb8	00036f17	auipc	x30,0x36	 x30=0x8003feb8
     494185.000 ns	     49417	80009ebc	143f2423	sw	x3,328(x30)	 x30:0x8003feb8  x3:0x00000001 PA:0xxxxxxxxx
     494205.000 ns	     49419	80009ec0	ff9ff06f	jal	x0,80009ebc	
     494255.000 ns	     49424	80009eb8	00036f17	auipc	x30,0x36	 x30=0x8003feb8
     494265.000 ns	     49425	80009ebc	143f2423	sw	x3,328(x30)	 x30:0x8003feb8  x3:0x00000001 PA:0xxxxxxxxx
     494285.000 ns	     49427	80009ec0	ff9ff06f	jal	x0,80009ebc	
     494335.000 ns	     49432	80009eb8	00036f17	auipc	x30,0x36	 x30=0x8003feb8
     494345.000 ns	     49433	80009ebc	143f2423	sw	x3,328(x30)	 x30:0x8003feb8  x3:0x00000001 PA:0xxxxxxxxx
     494365.000 ns	     49435	80009ec0	ff9ff06f	jal	x0,80009ebc	
     494415.000 ns	     49440	80009eb8	00036f17	auipc	x30,0x36	 x30=0x8003feb8
     494425.000 ns	     49441	80009ebc	143f2423	sw	x3,328(x30)	 x30:0x8003feb8  x3:0x00000001 PA:0xxxxxxxxx
     494445.000 ns	     49443	80009ec0	ff9ff06f	jal	x0,80009ebc	
     494495.000 ns	     49448	80009eb8	00036f17	auipc	x30,0x36	 x30=0x8003feb8
     494505.000 ns	     49449	80009ebc	143f2423	sw	x3,328(x30)	 x30:0x8003feb8  x3:0x00000001 PA:0xxxxxxxxx
     494525.000 ns	     49451	80009ec0	ff9ff06f	jal	x0,80009ebc	
     494575.000 ns	     49456	80009eb8	00036f17	auipc	x30,0x36	 x30=0x8003feb8
     494585.000 ns	     49457	80009ebc	143f2423	sw	x3,328(x30)	 x30:0x8003feb8  x3:0x00000001 PA:0xxxxxxxxx
     494605.000 ns	     49459	80009ec0	ff9ff06f	jal	x0,80009ebc	
     494655.000 ns	     49464	80009eb8	00036f17	auipc	x30,0x36	 x30=0x8003feb8
     494665.000 ns	     49465	80009ebc	143f2423	sw	x3,328(x30)	 x30:0x8003feb8  x3:0x00000001 PA:0xxxxxxxxx
     494685.000 ns	     49467	80009ec0	ff9ff06f	jal	x0,80009ebc	
     494735.000 ns	     49472	80009eb8	00036f17	auipc	x30,0x36	 x30=0x8003feb8
     494745.000 ns	     49473	80009ebc	143f2423	sw	x3,328(x30)	 x30:0x8003feb8  x3:0x00000001 PA:0xxxxxxxxx
     494765.000 ns	     49475	80009ec0	ff9ff06f	jal	x0,80009ebc	
     494815.000 ns	     49480	80009eb8	00036f17	auipc	x30,0x36	 x30=0x8003feb8
     494825.000 ns	     49481	80009ebc	143f2423	sw	x3,328(x30)	 x30:0x8003feb8  x3:0x00000001 PA:0xxxxxxxxx
     494845.000 ns	     49483	80009ec0	ff9ff06f	jal	x0,80009ebc	
     494895.000 ns	     49488	80009eb8	00036f17	auipc	x30,0x36	 x30=0x8003feb8
     494905.000 ns	     49489	80009ebc	143f2423	sw	x3,328(x30)	 x30:0x8003feb8  x3:0x00000001 PA:0xxxxxxxxx
     494925.000 ns	     49491	80009ec0	ff9ff06f	jal	x0,80009ebc	
     494975.000 ns	     49496	80009eb8	00036f17	auipc	x30,0x36	 x30=0x8003feb8
     494985.000 ns	     49497	80009ebc	143f2423	sw	x3,328(x30)	 x30:0x8003feb8  x3:0x00000001 PA:0xxxxxxxxx
     495005.000 ns	     49499	80009ec0	ff9ff06f	jal	x0,80009ebc	
     495055.000 ns	     49504	80009eb8	00036f17	auipc	x30,0x36	 x30=0x8003feb8
     495065.000 ns	     49505	80009ebc	143f2423	sw	x3,328(x30)	 x30:0x8003feb8  x3:0x00000001 PA:0xxxxxxxxx
     495085.000 ns	     49507	80009ec0	ff9ff06f	jal	x0,80009ebc	
     495135.000 ns	     49512	80009eb8	00036f17	auipc	x30,0x36	 x30=0x8003feb8
     495145.000 ns	     49513	80009ebc	143f2423	sw	x3,328(x30)	 x30:0x8003feb8  x3:0x00000001 PA:0xxxxxxxxx
     495165.000 ns	     49515	80009ec0	ff9ff06f	jal	x0,80009ebc	
     495215.000 ns	     49520	80009eb8	00036f17	auipc	x30,0x36	 x30=0x8003feb8
     495225.000 ns	     49521	80009ebc	143f2423	sw	x3,328(x30)	 x30:0x8003feb8  x3:0x00000001 PA:0xxxxxxxxx
     495245.000 ns	     49523	80009ec0	ff9ff06f	jal	x0,80009ebc	
     495295.000 ns	     49528	80009eb8	00036f17	auipc	x30,0x36	 x30=0x8003feb8
     495305.000 ns	     49529	80009ebc	143f2423	sw	x3,328(x30)	 x30:0x8003feb8  x3:0x00000001 PA:0xxxxxxxxx
     495325.000 ns	     49531	80009ec0	ff9ff06f	jal	x0,80009ebc	
     495375.000 ns	     49536	80009eb8	00036f17	auipc	x30,0x36	 x30=0x8003feb8
     495385.000 ns	     49537	80009ebc	143f2423	sw	x3,328(x30)	 x30:0x8003feb8  x3:0x00000001 PA:0xxxxxxxxx
     495405.000 ns	     49539	80009ec0	ff9ff06f	jal	x0,80009ebc	
     495455.000 ns	     49544	80009eb8	00036f17	auipc	x30,0x36	 x30=0x8003feb8
     495465.000 ns	     49545	80009ebc	143f2423	sw	x3,328(x30)	 x30:0x8003feb8  x3:0x00000001 PA:0xxxxxxxxx
     495485.000 ns	     49547	80009ec0	ff9ff06f	jal	x0,80009ebc	
     495535.000 ns	     49552	80009eb8	00036f17	auipc	x30,0x36	 x30=0x8003feb8
     495545.000 ns	     49553	80009ebc	143f2423	sw	x3,328(x30)	 x30:0x8003feb8  x3:0x00000001 PA:0xxxxxxxxx
     495565.000 ns	     49555	80009ec0	ff9ff06f	jal	x0,80009ebc	
     495615.000 ns	     49560	80009eb8	00036f17	auipc	x30,0x36	 x30=0x8003feb8
     495625.000 ns	     49561	80009ebc	143f2423	sw	x3,328(x30)	 x30:0x8003feb8  x3:0x00000001 PA:0xxxxxxxxx
     495645.000 ns	     49563	80009ec0	ff9ff06f	jal	x0,80009ebc	
     495695.000 ns	     49568	80009eb8	00036f17	auipc	x30,0x36	 x30=0x8003feb8
     495705.000 ns	     49569	80009ebc	143f2423	sw	x3,328(x30)	 x30:0x8003feb8  x3:0x00000001 PA:0xxxxxxxxx
     495725.000 ns	     49571	80009ec0	ff9ff06f	jal	x0,80009ebc	
     495775.000 ns	     49576	80009eb8	00036f17	auipc	x30,0x36	 x30=0x8003feb8
     495785.000 ns	     49577	80009ebc	143f2423	sw	x3,328(x30)	 x30:0x8003feb8  x3:0x00000001 PA:0xxxxxxxxx
     495805.000 ns	     49579	80009ec0	ff9ff06f	jal	x0,80009ebc	
     495855.000 ns	     49584	80009eb8	00036f17	auipc	x30,0x36	 x30=0x8003feb8
     495865.000 ns	     49585	80009ebc	143f2423	sw	x3,328(x30)	 x30:0x8003feb8  x3:0x00000001 PA:0xxxxxxxxx
     495885.000 ns	     49587	80009ec0	ff9ff06f	jal	x0,80009ebc	
     495935.000 ns	     49592	80009eb8	00036f17	auipc	x30,0x36	 x30=0x8003feb8
     495945.000 ns	     49593	80009ebc	143f2423	sw	x3,328(x30)	 x30:0x8003feb8  x3:0x00000001 PA:0xxxxxxxxx
     495965.000 ns	     49595	80009ec0	ff9ff06f	jal	x0,80009ebc	
     496015.000 ns	     49600	80009eb8	00036f17	auipc	x30,0x36	 x30=0x8003feb8
     496025.000 ns	     49601	80009ebc	143f2423	sw	x3,328(x30)	 x30:0x8003feb8  x3:0x00000001 PA:0xxxxxxxxx
     496045.000 ns	     49603	80009ec0	ff9ff06f	jal	x0,80009ebc	
     496095.000 ns	     49608	80009eb8	00036f17	auipc	x30,0x36	 x30=0x8003feb8
     496105.000 ns	     49609	80009ebc	143f2423	sw	x3,328(x30)	 x30:0x8003feb8  x3:0x00000001 PA:0xxxxxxxxx
     496125.000 ns	     49611	80009ec0	ff9ff06f	jal	x0,80009ebc	
     496175.000 ns	     49616	80009eb8	00036f17	auipc	x30,0x36	 x30=0x8003feb8
     496185.000 ns	     49617	80009ebc	143f2423	sw	x3,328(x30)	 x30:0x8003feb8  x3:0x00000001 PA:0xxxxxxxxx
     496205.000 ns	     49619	80009ec0	ff9ff06f	jal	x0,80009ebc	
     496255.000 ns	     49624	80009eb8	00036f17	auipc	x30,0x36	 x30=0x8003feb8
     496265.000 ns	     49625	80009ebc	143f2423	sw	x3,328(x30)	 x30:0x8003feb8  x3:0x00000001 PA:0xxxxxxxxx
     496285.000 ns	     49627	80009ec0	ff9ff06f	jal	x0,80009ebc	
     496335.000 ns	     49632	80009eb8	00036f17	auipc	x30,0x36	 x30=0x8003feb8
     496345.000 ns	     49633	80009ebc	143f2423	sw	x3,328(x30)	 x30:0x8003feb8  x3:0x00000001 PA:0xxxxxxxxx
     496365.000 ns	     49635	80009ec0	ff9ff06f	jal	x0,80009ebc	
     496415.000 ns	     49640	80009eb8	00036f17	auipc	x30,0x36	 x30=0x8003feb8
     496425.000 ns	     49641	80009ebc	143f2423	sw	x3,328(x30)	 x30:0x8003feb8  x3:0x00000001 PA:0xxxxxxxxx
     496445.000 ns	     49643	80009ec0	ff9ff06f	jal	x0,80009ebc	
     496495.000 ns	     49648	80009eb8	00036f17	auipc	x30,0x36	 x30=0x8003feb8
     496505.000 ns	     49649	80009ebc	143f2423	sw	x3,328(x30)	 x30:0x8003feb8  x3:0x00000001 PA:0xxxxxxxxx
     496525.000 ns	     49651	80009ec0	ff9ff06f	jal	x0,80009ebc	
     496575.000 ns	     49656	80009eb8	00036f17	auipc	x30,0x36	 x30=0x8003feb8
     496585.000 ns	     49657	80009ebc	143f2423	sw	x3,328(x30)	 x30:0x8003feb8  x3:0x00000001 PA:0xxxxxxxxx
     496605.000 ns	     49659	80009ec0	ff9ff06f	jal	x0,80009ebc	
     496655.000 ns	     49664	80009eb8	00036f17	auipc	x30,0x36	 x30=0x8003feb8
     496665.000 ns	     49665	80009ebc	143f2423	sw	x3,328(x30)	 x30:0x8003feb8  x3:0x00000001 PA:0xxxxxxxxx
     496685.000 ns	     49667	80009ec0	ff9ff06f	jal	x0,80009ebc	
     496735.000 ns	     49672	80009eb8	00036f17	auipc	x30,0x36	 x30=0x8003feb8
     496745.000 ns	     49673	80009ebc	143f2423	sw	x3,328(x30)	 x30:0x8003feb8  x3:0x00000001 PA:0xxxxxxxxx
     496765.000 ns	     49675	80009ec0	ff9ff06f	jal	x0,80009ebc	
     496815.000 ns	     49680	80009eb8	00036f17	auipc	x30,0x36	 x30=0x8003feb8
     496825.000 ns	     49681	80009ebc	143f2423	sw	x3,328(x30)	 x30:0x8003feb8  x3:0x00000001 PA:0xxxxxxxxx
     496845.000 ns	     49683	80009ec0	ff9ff06f	jal	x0,80009ebc	
     496895.000 ns	     49688	80009eb8	00036f17	auipc	x30,0x36	 x30=0x8003feb8
     496905.000 ns	     49689	80009ebc	143f2423	sw	x3,328(x30)	 x30:0x8003feb8  x3:0x00000001 PA:0xxxxxxxxx
     496925.000 ns	     49691	80009ec0	ff9ff06f	jal	x0,80009ebc	
     496975.000 ns	     49696	80009eb8	00036f17	auipc	x30,0x36	 x30=0x8003feb8
     496985.000 ns	     49697	80009ebc	143f2423	sw	x3,328(x30)	 x30:0x8003feb8  x3:0x00000001 PA:0xxxxxxxxx
     497005.000 ns	     49699	80009ec0	ff9ff06f	jal	x0,80009ebc	
     497055.000 ns	     49704	80009eb8	00036f17	auipc	x30,0x36	 x30=0x8003feb8
     497065.000 ns	     49705	80009ebc	143f2423	sw	x3,328(x30)	 x30:0x8003feb8  x3:0x00000001 PA:0xxxxxxxxx
     497085.000 ns	     49707	80009ec0	ff9ff06f	jal	x0,80009ebc	
     497135.000 ns	     49712	80009eb8	00036f17	auipc	x30,0x36	 x30=0x8003feb8
     497145.000 ns	     49713	80009ebc	143f2423	sw	x3,328(x30)	 x30:0x8003feb8  x3:0x00000001 PA:0xxxxxxxxx
     497165.000 ns	     49715	80009ec0	ff9ff06f	jal	x0,80009ebc	
     497215.000 ns	     49720	80009eb8	00036f17	auipc	x30,0x36	 x30=0x8003feb8
     497225.000 ns	     49721	80009ebc	143f2423	sw	x3,328(x30)	 x30:0x8003feb8  x3:0x00000001 PA:0xxxxxxxxx
     497245.000 ns	     49723	80009ec0	ff9ff06f	jal	x0,80009ebc	
     497295.000 ns	     49728	80009eb8	00036f17	auipc	x30,0x36	 x30=0x8003feb8
     497305.000 ns	     49729	80009ebc	143f2423	sw	x3,328(x30)	 x30:0x8003feb8  x3:0x00000001 PA:0xxxxxxxxx
     497325.000 ns	     49731	80009ec0	ff9ff06f	jal	x0,80009ebc	
     497375.000 ns	     49736	80009eb8	00036f17	auipc	x30,0x36	 x30=0x8003feb8
     497385.000 ns	     49737	80009ebc	143f2423	sw	x3,328(x30)	 x30:0x8003feb8  x3:0x00000001 PA:0xxxxxxxxx
     497405.000 ns	     49739	80009ec0	ff9ff06f	jal	x0,80009ebc	
     497455.000 ns	     49744	80009eb8	00036f17	auipc	x30,0x36	 x30=0x8003feb8
     497465.000 ns	     49745	80009ebc	143f2423	sw	x3,328(x30)	 x30:0x8003feb8  x3:0x00000001 PA:0xxxxxxxxx
     497485.000 ns	     49747	80009ec0	ff9ff06f	jal	x0,80009ebc	
     497535.000 ns	     49752	80009eb8	00036f17	auipc	x30,0x36	 x30=0x8003feb8
     497545.000 ns	     49753	80009ebc	143f2423	sw	x3,328(x30)	 x30:0x8003feb8  x3:0x00000001 PA:0xxxxxxxxx
     497565.000 ns	     49755	80009ec0	ff9ff06f	jal	x0,80009ebc	
     497615.000 ns	     49760	80009eb8	00036f17	auipc	x30,0x36	 x30=0x8003feb8
     497625.000 ns	     49761	80009ebc	143f2423	sw	x3,328(x30)	 x30:0x8003feb8  x3:0x00000001 PA:0xxxxxxxxx
     497645.000 ns	     49763	80009ec0	ff9ff06f	jal	x0,80009ebc	
     497695.000 ns	     49768	80009eb8	00036f17	auipc	x30,0x36	 x30=0x8003feb8
     497705.000 ns	     49769	80009ebc	143f2423	sw	x3,328(x30)	 x30:0x8003feb8  x3:0x00000001 PA:0xxxxxxxxx
     497725.000 ns	     49771	80009ec0	ff9ff06f	jal	x0,80009ebc	
     497775.000 ns	     49776	80009eb8	00036f17	auipc	x30,0x36	 x30=0x8003feb8
     497785.000 ns	     49777	80009ebc	143f2423	sw	x3,328(x30)	 x30:0x8003feb8  x3:0x00000001 PA:0xxxxxxxxx
     497805.000 ns	     49779	80009ec0	ff9ff06f	jal	x0,80009ebc	
     497855.000 ns	     49784	80009eb8	00036f17	auipc	x30,0x36	 x30=0x8003feb8
     497865.000 ns	     49785	80009ebc	143f2423	sw	x3,328(x30)	 x30:0x8003feb8  x3:0x00000001 PA:0xxxxxxxxx
     497885.000 ns	     49787	80009ec0	ff9ff06f	jal	x0,80009ebc	
     497935.000 ns	     49792	80009eb8	00036f17	auipc	x30,0x36	 x30=0x8003feb8
     497945.000 ns	     49793	80009ebc	143f2423	sw	x3,328(x30)	 x30:0x8003feb8  x3:0x00000001 PA:0xxxxxxxxx
     497965.000 ns	     49795	80009ec0	ff9ff06f	jal	x0,80009ebc	
     498015.000 ns	     49800	80009eb8	00036f17	auipc	x30,0x36	 x30=0x8003feb8
     498025.000 ns	     49801	80009ebc	143f2423	sw	x3,328(x30)	 x30:0x8003feb8  x3:0x00000001 PA:0xxxxxxxxx
     498045.000 ns	     49803	80009ec0	ff9ff06f	jal	x0,80009ebc	
     498095.000 ns	     49808	80009eb8	00036f17	auipc	x30,0x36	 x30=0x8003feb8
     498105.000 ns	     49809	80009ebc	143f2423	sw	x3,328(x30)	 x30:0x8003feb8  x3:0x00000001 PA:0xxxxxxxxx
     498125.000 ns	     49811	80009ec0	ff9ff06f	jal	x0,80009ebc	
     498175.000 ns	     49816	80009eb8	00036f17	auipc	x30,0x36	 x30=0x8003feb8
     498185.000 ns	     49817	80009ebc	143f2423	sw	x3,328(x30)	 x30:0x8003feb8  x3:0x00000001 PA:0xxxxxxxxx
     498205.000 ns	     49819	80009ec0	ff9ff06f	jal	x0,80009ebc	
     498255.000 ns	     49824	80009eb8	00036f17	auipc	x30,0x36	 x30=0x8003feb8
     498265.000 ns	     49825	80009ebc	143f2423	sw	x3,328(x30)	 x30:0x8003feb8  x3:0x00000001 PA:0xxxxxxxxx
     498285.000 ns	     49827	80009ec0	ff9ff06f	jal	x0,80009ebc	
     498335.000 ns	     49832	80009eb8	00036f17	auipc	x30,0x36	 x30=0x8003feb8
     498345.000 ns	     49833	80009ebc	143f2423	sw	x3,328(x30)	 x30:0x8003feb8  x3:0x00000001 PA:0xxxxxxxxx
     498365.000 ns	     49835	80009ec0	ff9ff06f	jal	x0,80009ebc	
     498415.000 ns	     49840	80009eb8	00036f17	auipc	x30,0x36	 x30=0x8003feb8
     498425.000 ns	     49841	80009ebc	143f2423	sw	x3,328(x30)	 x30:0x8003feb8  x3:0x00000001 PA:0xxxxxxxxx
     498445.000 ns	     49843	80009ec0	ff9ff06f	jal	x0,80009ebc	
     498495.000 ns	     49848	80009eb8	00036f17	auipc	x30,0x36	 x30=0x8003feb8
     498505.000 ns	     49849	80009ebc	143f2423	sw	x3,328(x30)	 x30:0x8003feb8  x3:0x00000001 PA:0xxxxxxxxx
     498525.000 ns	     49851	80009ec0	ff9ff06f	jal	x0,80009ebc	
     498575.000 ns	     49856	80009eb8	00036f17	auipc	x30,0x36	 x30=0x8003feb8
     498585.000 ns	     49857	80009ebc	143f2423	sw	x3,328(x30)	 x30:0x8003feb8  x3:0x00000001 PA:0xxxxxxxxx
     498605.000 ns	     49859	80009ec0	ff9ff06f	jal	x0,80009ebc	
     498655.000 ns	     49864	80009eb8	00036f17	auipc	x30,0x36	 x30=0x8003feb8
     498665.000 ns	     49865	80009ebc	143f2423	sw	x3,328(x30)	 x30:0x8003feb8  x3:0x00000001 PA:0xxxxxxxxx
     498685.000 ns	     49867	80009ec0	ff9ff06f	jal	x0,80009ebc	
     498735.000 ns	     49872	80009eb8	00036f17	auipc	x30,0x36	 x30=0x8003feb8
     498745.000 ns	     49873	80009ebc	143f2423	sw	x3,328(x30)	 x30:0x8003feb8  x3:0x00000001 PA:0xxxxxxxxx
     498765.000 ns	     49875	80009ec0	ff9ff06f	jal	x0,80009ebc	
     498815.000 ns	     49880	80009eb8	00036f17	auipc	x30,0x36	 x30=0x8003feb8
     498825.000 ns	     49881	80009ebc	143f2423	sw	x3,328(x30)	 x30:0x8003feb8  x3:0x00000001 PA:0xxxxxxxxx
     498845.000 ns	     49883	80009ec0	ff9ff06f	jal	x0,80009ebc	
     498895.000 ns	     49888	80009eb8	00036f17	auipc	x30,0x36	 x30=0x8003feb8
     498905.000 ns	     49889	80009ebc	143f2423	sw	x3,328(x30)	 x30:0x8003feb8  x3:0x00000001 PA:0xxxxxxxxx
     498925.000 ns	     49891	80009ec0	ff9ff06f	jal	x0,80009ebc	
     498975.000 ns	     49896	80009eb8	00036f17	auipc	x30,0x36	 x30=0x8003feb8
     498985.000 ns	     49897	80009ebc	143f2423	sw	x3,328(x30)	 x30:0x8003feb8  x3:0x00000001 PA:0xxxxxxxxx
     499005.000 ns	     49899	80009ec0	ff9ff06f	jal	x0,80009ebc	
     499055.000 ns	     49904	80009eb8	00036f17	auipc	x30,0x36	 x30=0x8003feb8
     499065.000 ns	     49905	80009ebc	143f2423	sw	x3,328(x30)	 x30:0x8003feb8  x3:0x00000001 PA:0xxxxxxxxx
     499085.000 ns	     49907	80009ec0	ff9ff06f	jal	x0,80009ebc	
     499135.000 ns	     49912	80009eb8	00036f17	auipc	x30,0x36	 x30=0x8003feb8
     499145.000 ns	     49913	80009ebc	143f2423	sw	x3,328(x30)	 x30:0x8003feb8  x3:0x00000001 PA:0xxxxxxxxx
     499165.000 ns	     49915	80009ec0	ff9ff06f	jal	x0,80009ebc	
     499215.000 ns	     49920	80009eb8	00036f17	auipc	x30,0x36	 x30=0x8003feb8
     499225.000 ns	     49921	80009ebc	143f2423	sw	x3,328(x30)	 x30:0x8003feb8  x3:0x00000001 PA:0xxxxxxxxx
     499245.000 ns	     49923	80009ec0	ff9ff06f	jal	x0,80009ebc	
     499295.000 ns	     49928	80009eb8	00036f17	auipc	x30,0x36	 x30=0x8003feb8
     499305.000 ns	     49929	80009ebc	143f2423	sw	x3,328(x30)	 x30:0x8003feb8  x3:0x00000001 PA:0xxxxxxxxx
     499325.000 ns	     49931	80009ec0	ff9ff06f	jal	x0,80009ebc	
     499375.000 ns	     49936	80009eb8	00036f17	auipc	x30,0x36	 x30=0x8003feb8
     499385.000 ns	     49937	80009ebc	143f2423	sw	x3,328(x30)	 x30:0x8003feb8  x3:0x00000001 PA:0xxxxxxxxx
     499405.000 ns	     49939	80009ec0	ff9ff06f	jal	x0,80009ebc	
     499455.000 ns	     49944	80009eb8	00036f17	auipc	x30,0x36	 x30=0x8003feb8
     499465.000 ns	     49945	80009ebc	143f2423	sw	x3,328(x30)	 x30:0x8003feb8  x3:0x00000001 PA:0xxxxxxxxx
     499485.000 ns	     49947	80009ec0	ff9ff06f	jal	x0,80009ebc	
     499535.000 ns	     49952	80009eb8	00036f17	auipc	x30,0x36	 x30=0x8003feb8
     499545.000 ns	     49953	80009ebc	143f2423	sw	x3,328(x30)	 x30:0x8003feb8  x3:0x00000001 PA:0xxxxxxxxx
     499565.000 ns	     49955	80009ec0	ff9ff06f	jal	x0,80009ebc	
     499615.000 ns	     49960	80009eb8	00036f17	auipc	x30,0x36	 x30=0x8003feb8
     499625.000 ns	     49961	80009ebc	143f2423	sw	x3,328(x30)	 x30:0x8003feb8  x3:0x00000001 PA:0xxxxxxxxx
     499645.000 ns	     49963	80009ec0	ff9ff06f	jal	x0,80009ebc	
     499695.000 ns	     49968	80009eb8	00036f17	auipc	x30,0x36	 x30=0x8003feb8
     499705.000 ns	     49969	80009ebc	143f2423	sw	x3,328(x30)	 x30:0x8003feb8  x3:0x00000001 PA:0xxxxxxxxx
     499725.000 ns	     49971	80009ec0	ff9ff06f	jal	x0,80009ebc	
     499775.000 ns	     49976	80009eb8	00036f17	auipc	x30,0x36	 x30=0x8003feb8
     499785.000 ns	     49977	80009ebc	143f2423	sw	x3,328(x30)	 x30:0x8003feb8  x3:0x00000001 PA:0xxxxxxxxx
     499805.000 ns	     49979	80009ec0	ff9ff06f	jal	x0,80009ebc	
     499855.000 ns	     49984	80009eb8	00036f17	auipc	x30,0x36	 x30=0x8003feb8
     499865.000 ns	     49985	80009ebc	143f2423	sw	x3,328(x30)	 x30:0x8003feb8  x3:0x00000001 PA:0xxxxxxxxx
     499885.000 ns	     49987	80009ec0	ff9ff06f	jal	x0,80009ebc	
     499935.000 ns	     49992	80009eb8	00036f17	auipc	x30,0x36	 x30=0x8003feb8
     499945.000 ns	     49993	80009ebc	143f2423	sw	x3,328(x30)	 x30:0x8003feb8  x3:0x00000001 PA:0xxxxxxxxx
     499965.000 ns	     49995	80009ec0	ff9ff06f	jal	x0,80009ebc	
