		Time			Cycle	PC		Insn	Decoded instruction	Register and memory contents
         65.000 ns	         5	80000000	f14022f3	csrrs	x5,mhartid,x0	  x0:0x00000000  x5=0xffffff14
         75.000 ns	         6	80000004	00000313	addi	x6,x0,0	  x0:0x00000000  x6=0x00000000
         85.000 ns	         7	80000008	00628263	beq	x5,x6,8000000c	  x5:0x00000000  x6:0x00000000
         95.000 ns	         8	8000000c	00000997	auipc	x19,0x0	 x19=0x8000000c
        105.000 ns	         9	80000010	00c98993	addi	x19,x19,12	 x19:0x00000000 x19=0x80000018
        115.000 ns	        10	80000014	00098067	jalr	x0,x19,0	 x19:0x00000000
        165.000 ns	        15	80000018	40001337	lui	x6,0x40001	  x6=0x40001000
        175.000 ns	        16	8000001c	12030313	addi	x6,x6,288	  x6:0x00000000  x6=0x40001120
        185.000 ns	        17	80000020	30131073	csrrw	x0,misa,x6	  x6:0x00000000
        195.000 ns	        18	80000024	00041597	auipc	x11,0x41	 x11=0x80041024
        205.000 ns	        19	80000028	00058593	addi	x11,x11,0	 x11:0x00000000 x11=0x80041024
        215.000 ns	        20	8000002c	0000a317	auipc	x6,0xa	  x6=0x8000a02c
        225.000 ns	        21	80000030	ea030313	addi	x6,x6,-352	  x6:0x40001120  x6=0x80009ecc
        235.000 ns	        22	80000034	00036313	ori	x6,x6,0	  x6:0x40001120  x6=0x80009ecc
        245.000 ns	        23	80000038	30531073	csrrw	x0,mtvec,x6	  x6:0x8000a02c
        255.000 ns	        24	8000003c	00000317	auipc	x6,0x0	  x6=0x8000003c
        265.000 ns	        25	80000040	02830313	addi	x6,x6,40	  x6:0x80009ecc  x6=0x80000064
        275.000 ns	        26	80000044	34131073	csrrw	x0,mepc,x6	  x6:0x80009ecc
        285.000 ns	        27	80000048	00000013	addi	x0,x0,0	  x0:0x00000000
        295.000 ns	        28	8000004c	00004337	lui	x6,0x4	  x6=0x00004000
        305.000 ns	        29	80000050	80030313	addi	x6,x6,-2048	  x6:0x80000064  x6=0x00003800
        315.000 ns	        30	80000054	30031073	csrrw	x0,mstatus,x6	  x6:0x80000064
        325.000 ns	        31	80000058	00000313	addi	x6,x0,0	  x0:0x00000000  x6=0x00000000
        335.000 ns	        32	8000005c	30431073	csrrw	x0,mie,x6	  x6:0x00003800
        345.000 ns	        33	80000060	30200073	mret	
        355.000 ns	        34	80000064	ff800337	lui	x6,0xff800	  x6=0xff800000
        365.000 ns	        35	80000068	fff30313	addi	x6,x6,-1	  x6:0x00000000  x6=0xff7fffff
        385.000 ns	        37	8000006c	f0030053	fmv.w.x	f0,x6	  x6:0x00000000  f0=0xff7fffff
        405.000 ns	        39	80000070	ff800337	lui	x6,0xff800	  x6=0xff800000
        415.000 ns	        40	80000074	fff30313	addi	x6,x6,-1	  x6:0xff7fffff  x6=0xff7fffff
        435.000 ns	        42	80000078	f00300d3	fmv.w.x	f1,x6	  x6:0xff7fffff  f1=0xff7fffff
        455.000 ns	        44	8000007c	7f800337	lui	x6,0x7f800	  x6=0x7f800000
        465.000 ns	        45	80000080	00130313	addi	x6,x6,1	  x6:0xff7fffff  x6=0x7f800001
        485.000 ns	        47	80000084	f0030153	fmv.w.x	f2,x6	  x6:0xff7fffff  f2=0x7f800001
        505.000 ns	        49	80000088	ff800337	lui	x6,0xff800	  x6=0xff800000
        525.000 ns	        51	8000008c	f00301d3	fmv.w.x	f3,x6	  x6:0x7f800001  f3=0xff800000
        545.000 ns	        53	80000090	7fc00337	lui	x6,0x7fc00	  x6=0x7fc00000
        565.000 ns	        55	80000094	f0030253	fmv.w.x	f4,x6	  x6:0xff800000  f4=0x7fc00000
        585.000 ns	        57	80000098	ff800337	lui	x6,0xff800	  x6=0xff800000
        595.000 ns	        58	8000009c	fff30313	addi	x6,x6,-1	  x6:0x7fc00000  x6=0xff7fffff
        615.000 ns	        60	800000a0	f00302d3	fmv.w.x	f5,x6	  x6:0x7fc00000  f5=0xff7fffff
        635.000 ns	        62	800000a4	ff800337	lui	x6,0xff800	  x6=0xff800000
        645.000 ns	        63	800000a8	fff30313	addi	x6,x6,-1	  x6:0xff7fffff  x6=0xff7fffff
        665.000 ns	        65	800000ac	f0030353	fmv.w.x	f6,x6	  x6:0xff7fffff  f6=0xff7fffff
        685.000 ns	        67	800000b0	7f800337	lui	x6,0x7f800	  x6=0x7f800000
        695.000 ns	        68	800000b4	fff30313	addi	x6,x6,-1	  x6:0xff7fffff  x6=0x7f7fffff
        715.000 ns	        70	800000b8	f00303d3	fmv.w.x	f7,x6	  x6:0xff7fffff  f7=0x7f7fffff
        735.000 ns	        72	800000bc	7fc00337	lui	x6,0x7fc00	  x6=0x7fc00000
        755.000 ns	        74	800000c0	f0030453	fmv.w.x	f8,x6	  x6:0x7f7fffff  f8=0x7fc00000
        775.000 ns	        76	800000c4	ff800337	lui	x6,0xff800	  x6=0xff800000
        785.000 ns	        77	800000c8	fff30313	addi	x6,x6,-1	  x6:0x7fc00000  x6=0xff7fffff
        805.000 ns	        79	800000cc	f00304d3	fmv.w.x	f9,x6	  x6:0x7fc00000  f9=0xff7fffff
        825.000 ns	        81	800000d0	80000337	lui	x6,0x80000	  x6=0x80000000
        845.000 ns	        83	800000d4	f0030553	fmv.w.x	f10,x6	  x6:0xff7fffff f10=0x80000000
        865.000 ns	        85	800000d8	80000337	lui	x6,0x80000	  x6=0x80000000
        885.000 ns	        87	800000dc	f00305d3	fmv.w.x	f11,x6	  x6:0x80000000 f11=0x80000000
        905.000 ns	        89	800000e0	00000313	addi	x6,x0,0	  x0:0x00000000  x6=0x00000000
        925.000 ns	        91	800000e4	f0030653	fmv.w.x	f12,x6	  x6:0x80000000 f12=0x00000000
        945.000 ns	        93	800000e8	00000313	addi	x6,x0,0	  x0:0x00000000  x6=0x00000000
        965.000 ns	        95	800000ec	f00306d3	fmv.w.x	f13,x6	  x6:0x00000000 f13=0x00000000
        985.000 ns	        97	800000f0	80196337	lui	x6,0x80196	  x6=0x80196000
        995.000 ns	        98	800000f4	2a130313	addi	x6,x6,673	  x6:0x00000000  x6=0x801962a1
       1015.000 ns	       100	800000f8	f0030753	fmv.w.x	f14,x6	  x6:0x00000000 f14=0x801962a1
       1035.000 ns	       102	800000fc	81615337	lui	x6,0x81615	  x6=0x81615000
       1045.000 ns	       103	80000100	6d630313	addi	x6,x6,1750	  x6:0x801962a1  x6=0x816156d6
       1065.000 ns	       105	80000104	f00307d3	fmv.w.x	f15,x6	  x6:0x801962a1 f15=0x816156d6
       1085.000 ns	       107	80000108	ff800337	lui	x6,0xff800	  x6=0xff800000
       1095.000 ns	       108	8000010c	fff30313	addi	x6,x6,-1	  x6:0x816156d6  x6=0xff7fffff
       1115.000 ns	       110	80000110	f0030853	fmv.w.x	f16,x6	  x6:0x816156d6 f16=0xff7fffff
       1135.000 ns	       112	80000114	803a4337	lui	x6,0x803a4	  x6=0x803a4000
       1145.000 ns	       113	80000118	41d30313	addi	x6,x6,1053	  x6:0xff7fffff  x6=0x803a441d
       1165.000 ns	       115	8000011c	f00308d3	fmv.w.x	f17,x6	  x6:0xff7fffff f17=0x803a441d
       1185.000 ns	       117	80000120	ff800337	lui	x6,0xff800	  x6=0xff800000
       1205.000 ns	       119	80000124	f0030953	fmv.w.x	f18,x6	  x6:0x803a441d f18=0xff800000
       1225.000 ns	       121	80000128	ff800337	lui	x6,0xff800	  x6=0xff800000
       1235.000 ns	       122	8000012c	fff30313	addi	x6,x6,-1	  x6:0xff800000  x6=0xff7fffff
       1255.000 ns	       124	80000130	f00309d3	fmv.w.x	f19,x6	  x6:0xff800000 f19=0xff7fffff
       1275.000 ns	       126	80000134	7fc00337	lui	x6,0x7fc00	  x6=0x7fc00000
       1295.000 ns	       128	80000138	f0030a53	fmv.w.x	f20,x6	  x6:0xff7fffff f20=0x7fc00000
       1315.000 ns	       130	8000013c	7fc00337	lui	x6,0x7fc00	  x6=0x7fc00000
       1335.000 ns	       132	80000140	f0030ad3	fmv.w.x	f21,x6	  x6:0x7fc00000 f21=0x7fc00000
       1355.000 ns	       134	80000144	00321337	lui	x6,0x321	  x6=0x00321000
       1365.000 ns	       135	80000148	85630313	addi	x6,x6,-1962	  x6:0x7fc00000  x6=0x00320856
       1385.000 ns	       137	8000014c	f0030b53	fmv.w.x	f22,x6	  x6:0x7fc00000 f22=0x00320856
       1405.000 ns	       139	80000150	00096337	lui	x6,0x96	  x6=0x00096000
       1415.000 ns	       140	80000154	30530313	addi	x6,x6,773	  x6:0x00320856  x6=0x00096305
       1435.000 ns	       142	80000158	f0030bd3	fmv.w.x	f23,x6	  x6:0x00320856 f23=0x00096305
       1455.000 ns	       144	8000015c	ff800337	lui	x6,0xff800	  x6=0xff800000
       1475.000 ns	       146	80000160	f0030c53	fmv.w.x	f24,x6	  x6:0x00096305 f24=0xff800000
       1495.000 ns	       148	80000164	004d6337	lui	x6,0x4d6	  x6=0x004d6000
       1505.000 ns	       149	80000168	ddb30313	addi	x6,x6,-549	  x6:0xff800000  x6=0x004d5ddb
       1525.000 ns	       151	8000016c	f0030cd3	fmv.w.x	f25,x6	  x6:0xff800000 f25=0x004d5ddb
       1545.000 ns	       153	80000170	ff800337	lui	x6,0xff800	  x6=0xff800000
       1555.000 ns	       154	80000174	fff30313	addi	x6,x6,-1	  x6:0x004d5ddb  x6=0xff7fffff
       1575.000 ns	       156	80000178	f0030d53	fmv.w.x	f26,x6	  x6:0x004d5ddb f26=0xff7fffff
       1595.000 ns	       158	8000017c	7fc00337	lui	x6,0x7fc00	  x6=0x7fc00000
       1615.000 ns	       160	80000180	f0030dd3	fmv.w.x	f27,x6	  x6:0xff7fffff f27=0x7fc00000
       1635.000 ns	       162	80000184	7fc00337	lui	x6,0x7fc00	  x6=0x7fc00000
       1655.000 ns	       164	80000188	f0030e53	fmv.w.x	f28,x6	  x6:0x7fc00000 f28=0x7fc00000
       1675.000 ns	       166	8000018c	80243337	lui	x6,0x80243	  x6=0x80243000
       1685.000 ns	       167	80000190	23a30313	addi	x6,x6,570	  x6:0x7fc00000  x6=0x8024323a
       1705.000 ns	       169	80000194	f0030ed3	fmv.w.x	f29,x6	  x6:0x7fc00000 f29=0x8024323a
       1725.000 ns	       171	80000198	80000337	lui	x6,0x80000	  x6=0x80000000
       1745.000 ns	       173	8000019c	f0030f53	fmv.w.x	f30,x6	  x6:0x8024323a f30=0x80000000
       1765.000 ns	       175	800001a0	5a6cc337	lui	x6,0x5a6cc	  x6=0x5a6cc000
       1775.000 ns	       176	800001a4	b4530313	addi	x6,x6,-1211	  x6:0x80000000  x6=0x5a6cbb45
       1795.000 ns	       178	800001a8	f0030fd3	fmv.w.x	f31,x6	  x6:0x80000000 f31=0x5a6cbb45
       1815.000 ns	       180	800001ac	00205073	csrrwi	x0,frm,0	
       1825.000 ns	       181	800001b0	f1bc3037	lui	x0,0xf1bc3	
       1835.000 ns	       182	800001b4	a9b00013	addi	x0,x0,-1381	  x0:0x00000000
       1845.000 ns	       183	800001b8	00000093	addi	x1,x0,0	  x0:0x00000000  x1=0x00000000
       1855.000 ns	       184	800001bc	4425a137	lui	x2,0x4425a	  x2=0x4425a000
       1865.000 ns	       185	800001c0	0ab10113	addi	x2,x2,171	  x2:0x00000000  x2=0x4425a0ab
       1875.000 ns	       186	800001c4	800001b7	lui	x3,0x80000	  x3=0x80000000
       1885.000 ns	       187	800001c8	80000237	lui	x4,0x80000	  x4=0x80000000
       1895.000 ns	       188	800001cc	00c00293	addi	x5,x0,12	  x0:0x00000000  x5=0x0000000c
       1905.000 ns	       189	800001d0	f3f45337	lui	x6,0xf3f45	  x6=0xf3f45000
       1915.000 ns	       190	800001d4	e4d30313	addi	x6,x6,-435	  x6:0x5a6cbb45  x6=0xf3f44e4d
       1925.000 ns	       191	800001d8	00700393	addi	x7,x0,7	  x0:0x00000000  x7=0x00000007
       1935.000 ns	       192	800001dc	ffce3437	lui	x8,0xffce3	  x8=0xffce3000
       1945.000 ns	       193	800001e0	eca40413	addi	x8,x8,-310	  x8:0x00000000  x8=0xffce2eca
       1955.000 ns	       194	800001e4	800004b7	lui	x9,0x80000	  x9=0x80000000
       1965.000 ns	       195	800001e8	f3974537	lui	x10,0xf3974	 x10=0xf3974000
       1975.000 ns	       196	800001ec	0ae50513	addi	x10,x10,174	 x10:0x00000000 x10=0xf39740ae
       1985.000 ns	       197	800001f0	b6bd0637	lui	x12,0xb6bd0	 x12=0xb6bd0000
       1995.000 ns	       198	800001f4	46d60613	addi	x12,x12,1133	 x12:0x00000000 x12=0xb6bd046d
       2005.000 ns	       199	800001f8	f9f9d6b7	lui	x13,0xf9f9d	 x13=0xf9f9d000
       2015.000 ns	       200	800001fc	7fa68693	addi	x13,x13,2042	 x13:0x00000000 x13=0xf9f9d7fa
       2025.000 ns	       201	80000200	fb1f4737	lui	x14,0xfb1f4	 x14=0xfb1f4000
       2035.000 ns	       202	80000204	3d770713	addi	x14,x14,983	 x14:0x00000000 x14=0xfb1f43d7
       2045.000 ns	       203	80000208	800007b7	lui	x15,0x80000	 x15=0x80000000
       2055.000 ns	       204	8000020c	00000813	addi	x16,x0,0	  x0:0x00000000 x16=0x00000000
       2065.000 ns	       205	80000210	80000937	lui	x18,0x80000	 x18=0x80000000
       2075.000 ns	       206	80000214	1710d9b7	lui	x19,0x1710d	 x19=0x1710d000
       2085.000 ns	       207	80000218	71298993	addi	x19,x19,1810	 x19:0x80000018 x19=0x1710d712
       2095.000 ns	       208	8000021c	f16eea37	lui	x20,0xf16ee	 x20=0xf16ee000
       2105.000 ns	       209	80000220	97aa0a13	addi	x20,x20,-1670	 x20:0x00000000 x20=0xf16ed97a
       2115.000 ns	       210	80000224	00000a93	addi	x21,x0,0	  x0:0x00000000 x21=0x00000000
       2125.000 ns	       211	80000228	43169b37	lui	x22,0x43169	 x22=0x43169000
       2135.000 ns	       212	8000022c	45fb0b13	addi	x22,x22,1119	 x22:0x00000000 x22=0x4316945f
       2145.000 ns	       213	80000230	fb6fbbb7	lui	x23,0xfb6fb	 x23=0xfb6fb000
       2155.000 ns	       214	80000234	c53b8b93	addi	x23,x23,-941	 x23:0x00000000 x23=0xfb6fac53
       2165.000 ns	       215	80000238	00500c13	addi	x24,x0,5	  x0:0x00000000 x24=0x00000005
       2175.000 ns	       216	8000023c	00000c93	addi	x25,x0,0	  x0:0x00000000 x25=0x00000000
       2185.000 ns	       217	80000240	80000d37	lui	x26,0x80000	 x26=0x80000000
       2195.000 ns	       218	80000244	00000d93	addi	x27,x0,0	  x0:0x00000000 x27=0x00000000
       2205.000 ns	       219	80000248	f9e02e37	lui	x28,0xf9e02	 x28=0xf9e02000
       2215.000 ns	       220	8000024c	766e0e13	addi	x28,x28,1894	 x28:0x00000000 x28=0xf9e02766
       2225.000 ns	       221	80000250	67f33eb7	lui	x29,0x67f33	 x29=0x67f33000
       2235.000 ns	       222	80000254	9b1e8e93	addi	x29,x29,-1615	 x29:0x00000000 x29=0x67f329b1
       2245.000 ns	       223	80000258	80000f37	lui	x30,0x80000	 x30=0x80000000
       2255.000 ns	       224	8000025c	80000fb7	lui	x31,0x80000	 x31=0x80000000
       2265.000 ns	       225	80000260	00041897	auipc	x17,0x41	 x17=0x80041260
       2275.000 ns	       226	80000264	d8488893	addi	x17,x17,-636	 x17:0x00000000 x17=0x80040fe4
       2285.000 ns	       227	80000268	010c2633	slt	x12,x24,x16	 x24:0x00000005 x16:0x00000000 x12=0x00000000
       2305.000 ns	       229	8000026c	21628e53	fsgnj.s	f28,f5,f22	  f5:0xff7fffff f22:0x00320856 f28=0x7f7fffff
       2335.000 ns	       232	80000270	03db0333	mul	x6,x22,x29	 x22:0x4316945f x29:0x67f329b1  x6=0x0f8cccaf
       2375.000 ns	       236	80000274	58097d53	fsqrt.s	f26,f18	 f18:0xff800000 f26=0x7fc00000
       2395.000 ns	       238	80000278	41fa5813	srai	x16,x20,0x1f	 x20:0xf16ed97a x16=0xffffffff
       2755.000 ns	       274	8000027c	029f4033	div	x0,x30,x9	 x30:0x80000000  x9:0x80000000
       3125.000 ns	       311	80000280	03c0fd33	remu	x26,x1,x28	  x1:0x00000000 x28:0xf9e02766 x26=0x00000000
       3145.000 ns	       313	80000284	00da1733	sll	x14,x20,x13	 x20:0xf16ed97a x13:0xf9f9d7fa x14=0xe8000000
       3165.000 ns	       315	80000288	0351ac33	mulhsu	x24,x3,x21	  x3:0x80000000 x21:0x00000000 x24=0x00000000
       3195.000 ns	       318	8000028c	a1e30ad3	fle.s	x21,f6,f30	  f6:0xff7fffff f30:0x80000000 x21=0x00000001
       3215.000 ns	       320	80000290	01e436b3	sltu	x13,x8,x30	  x8:0xffce2eca x30:0x80000000 x13=0x00000000
       3235.000 ns	       322	80000294	286c8353	fmin.s	f6,f25,f6	 f25:0x004d5ddb  f6:0xff7fffff  f6=0xff7fffff
       3265.000 ns	       325	80000298	e0081353	fclass.s	x6,f16	 f16:0xff7fffff  x6=0x00000002
       3285.000 ns	       327	8000029c	01a38a33	add	x20,x7,x26	  x7:0x00000007 x26:0x00000000 x20=0x00000007
       3305.000 ns	       329	800002a0	e0090a53	fmv.x.w	x20,f18	 f18:0xff800000 x20=0xff800000
       3355.000 ns	       334	800002a4	093f2853	fsub.s	f16,f30,f19	 f30:0x80000000 f19:0xff7fffff f16=0x7f7fffff
       3375.000 ns	       336	800002a8	0079e133	or	x2,x19,x7	 x19:0x1710d712  x7:0x00000007  x2=0x1710d717
       3405.000 ns	       339	800002ac	188079d3	fdiv.s	f19,f0,f8	  f0:0xff7fffff  f8:0x7fc00000 f19=0x7fc00000
       3425.000 ns	       341	800002b0	41e8de13	srai	x28,x17,0x1e	 x17:0x80040fe4 x28=0xfffffffe
       3435.000 ns	       342	800002b4	89323a93	sltiu	x21,x4,-1901	  x4:0x80000000 x21=0x00000001
       3475.000 ns	       346	800002b8	0826f853	fsub.s	f16,f13,f2	 f13:0x00000000  f2:0x7f800001 f16=0x7fc00000
       3845.000 ns	       383	800002bc	0246df33	divu	x30,x13,x4	 x13:0x00000000  x4:0x80000000 x30=0x00000000
       3865.000 ns	       385	800002c0	a5043693	sltiu	x13,x8,-1456	  x8:0xffce2eca x13=0x00000001
       3875.000 ns	       386	800002c4	0008efb3	or	x31,x17,x0	 x17:0x80040fe4  x0:0x00000000 x31=0x80040fe4
       3885.000 ns	       387	800002c8	5004fa13	andi	x20,x9,1280	  x9:0x80000000 x20=0x00000000
       3895.000 ns	       388	800002cc	01d95133	srl	x2,x18,x29	 x18:0x80000000 x29:0x67f329b1  x2=0x00004000
       3915.000 ns	       390	800002d0	d0167fd3	fcvt.s.wu	f31,x12	 x12:0x00000000 f31=0x00000000
       3945.000 ns	       393	800002d4	034b3933	mulhu	x18,x22,x20	 x22:0x4316945f x20:0x00000000 x18=0x00000000
       3995.000 ns	       398	800002d8	08e816d3	fsub.s	f13,f16,f14	 f16:0x7fc00000 f14:0x801962a1 f13=0x7fc00000
       4025.000 ns	       401	800002dc	03aa0133	mul	x2,x20,x26	 x20:0x00000000 x26:0x00000000  x2=0x00000000
       4055.000 ns	       404	800002e0	a1351053	flt.s	x0,f10,f19	 f10:0x80000000 f19:0x7fc00000
       4085.000 ns	       407	800002e4	e0088853	fmv.x.w	x16,f17	 f17:0x803a441d x16=0x803a441d
       4115.000 ns	       410	800002e8	03e980b3	mul	x1,x19,x30	 x19:0x1710d712 x30:0x00000000  x1=0x00000000
       4145.000 ns	       413	800002ec	c00c7053	fcvt.w.s	x0,f24	 f24:0xff800000
       4515.000 ns	       450	800002f0	029e7633	remu	x12,x28,x9	 x28:0xfffffffe  x9:0x80000000 x12=0x7ffffffe
       4535.000 ns	       452	800002f4	000b5813	srli	x16,x22,0x0	 x22:0x4316945f x16=0x4316945f
       4545.000 ns	       453	800002f8	40bf5833	sra	x16,x30,x11	 x30:0x00000000 x11:0x80041024 x16=0x00000000
       4905.000 ns	       489	800002fc	0270f2b3	remu	x5,x1,x7	  x1:0x00000000  x7:0x00000007  x5=0x00000000
       4935.000 ns	       492	80000300	03483733	mulhu	x14,x16,x20	 x16:0x4316945f x20:0x00000000 x14=0x00000000
       4965.000 ns	       495	80000304	28e08b53	fmin.s	f22,f1,f14	  f1:0xff7fffff f14:0x801962a1 f22=0xff7fffff
       4985.000 ns	       497	80000308	404a5413	srai	x8,x20,0x4	 x20:0x00000000  x8=0x00000000
       4995.000 ns	       498	8000030c	4ec1fd13	andi	x26,x3,1260	  x3:0x80000000 x26=0x00000000
       5005.000 ns	       499	80000310	00246fb3	or	x31,x8,x2	  x8:0xffce2eca  x2:0x00000000 x31=0x00000000
       5015.000 ns	       500	80000314	2fb7cd93	xori	x27,x15,763	 x15:0x80000000 x27=0x800002fb
       5035.000 ns	       502	80000318	a1a4a0d3	feq.s	x1,f9,f26	  f9:0xff7fffff f26:0x7fc00000  x1=0x00000000
       5055.000 ns	       504	8000031c	0b69c793	xori	x15,x19,182	 x19:0x1710d712 x15=0x1710d7a4
       5075.000 ns	       506	80000320	29999f53	fmax.s	f30,f19,f25	 f19:0x7fc00000 f25:0x004d5ddb f30=0x004d5ddb
       5115.000 ns	       510	80000324	10e816d3	fmul.s	f13,f16,f14	 f16:0x7fc00000 f14:0x801962a1 f13=0x7fc00000
       5135.000 ns	       512	80000328	745c6413	ori	x8,x24,1861	 x24:0x00000000  x8=0x00000745
       5165.000 ns	       515	8000032c	11521053	fmul.s	f0,f4,f21	  f4:0x7fc00000 f21:0x7fc00000  f0=0x7fc00000
       5195.000 ns	       518	80000330	0295ad33	mulhsu	x26,x11,x9	 x11:0x80041024  x9:0x80000000 x26=0xc0020812
       5215.000 ns	       520	80000334	3fb00e93	addi	x29,x0,1019	  x0:0x00000000 x29=0x000003fb
       5225.000 ns	       521	80000338	94018513	addi	x10,x3,-1728	  x3:0x80000000 x10=0x7ffff940
       5235.000 ns	       522	8000033c	564853b7	lui	x7,0x56485	  x7=0x56485000
       5245.000 ns	       523	80000340	01d64db3	xor	x27,x12,x29	 x12:0x7ffffffe x29:0x000003fb x27=0x7ffffc05
       5265.000 ns	       525	80000344	03f913b3	mulh	x7,x18,x31	 x18:0x00000000 x31:0x00000000  x7=0x00000000
       5285.000 ns	       527	80000348	41cb5033	sra	x0,x22,x28	 x22:0x4316945f x28:0xfffffffe
       5295.000 ns	       528	8000034c	01db2533	slt	x10,x22,x29	 x22:0x4316945f x29:0x000003fb x10=0x00000000
       5315.000 ns	       530	80000350	e0069f53	fclass.s	x30,f13	 f13:0x7fc00000 x30=0x00000200
       5345.000 ns	       533	80000354	2069a6d3	fsgnjx.s	f13,f19,f6	 f19:0x7fc00000  f6:0xff7fffff f13=0xffc00000
       5365.000 ns	       535	80000358	00a5b033	sltu	x0,x11,x10	 x11:0x80041024 x10:0x00000000
       5385.000 ns	       537	8000035c	03830e33	mul	x28,x6,x24	  x6:0x00000002 x24:0x00000000 x28=0x00000000
       5415.000 ns	       540	80000360	e0010d53	fmv.x.w	x26,f2	  f2:0x7f800001 x26=0x7f800001
       5445.000 ns	       543	80000364	e0051b53	fclass.s	x22,f10	 f10:0x80000000 x22=0x00000008
       5465.000 ns	       545	80000368	00000013	addi	x0,x0,0	  x0:0x00000000
       5475.000 ns	       546	8000036c	77264c97	auipc	x25,0x77264	 x25=0xf726436c
       5495.000 ns	       548	80000370	03db2433	mulhsu	x8,x22,x29	 x22:0x00000008 x29:0x000003fb  x8=0x00000000
       5515.000 ns	       550	80000374	785972b7	lui	x5,0x78597	  x5=0x78597000
       5525.000 ns	       551	80000378	01be7e33	and	x28,x28,x27	 x28:0x00000000 x27:0x7ffffc05 x28=0x00000000
       5535.000 ns	       552	8000037c	f7e1f613	andi	x12,x3,-130	  x3:0x80000000 x12=0x80000000
       5545.000 ns	       553	80000380	00ddaa33	slt	x20,x27,x13	 x27:0x7ffffc05 x13:0x00000001 x20=0x00000000
       5555.000 ns	       554	80000384	00be6f33	or	x30,x28,x11	 x28:0x00000000 x11:0x80041024 x30=0x80041024
       5575.000 ns	       556	80000388	02638c33	mul	x24,x7,x6	  x7:0x00000000  x6:0x00000002 x24=0x00000000
       5595.000 ns	       558	8000038c	00a12d33	slt	x26,x2,x10	  x2:0x00000000 x10:0x00000000 x26=0x00000000
       5615.000 ns	       560	80000390	20a1a7d3	fsgnjx.s	f15,f3,f10	  f3:0xff800000 f10:0x80000000 f15=0x7f800000
       5645.000 ns	       563	80000394	e00b9c53	fclass.s	x24,f23	 f23:0x00096305 x24=0x00000020
       5675.000 ns	       566	80000398	03b61b33	mulh	x22,x12,x27	 x12:0x80000000 x27:0x7ffffc05 x22=0xc00001fd
       5695.000 ns	       568	8000039c	00000013	addi	x0,x0,0	  x0:0x00000000
       5705.000 ns	       569	800003a0	7830a213	slti	x4,x1,1923	  x1:0x00000000  x4=0x00000001
       5725.000 ns	       571	800003a4	02142a33	mulhsu	x20,x8,x1	  x8:0x00000000  x1:0x00000000 x20=0x00000000
       5745.000 ns	       573	800003a8	89870713	addi	x14,x14,-1896	 x14:0x00000000 x14=0xfffff898
       5765.000 ns	       575	800003ac	d0009a53	fcvt.s.w	f20,x1	  x1:0x00000000 f20=0x00000000
       5785.000 ns	       577	800003b0	c595fb13	andi	x22,x11,-935	 x11:0x80041024 x22=0x80041000
       5805.000 ns	       579	800003b4	03068cb3	mul	x25,x13,x16	 x13:0x00000001 x16:0x00000000 x25=0x00000000
       5835.000 ns	       582	800003b8	d0072053	fcvt.s.w	f0,x14	 x14:0xfffff898  f0=0xc4ed0000
       5875.000 ns	       586	800003bc	118371d3	fmul.s	f3,f6,f24	  f6:0xff7fffff f24:0xff800000  f3=0x7f800000
       5895.000 ns	       588	800003c0	65d2ea93	ori	x21,x5,1629	  x5:0x78597000 x21=0x7859765d
       5905.000 ns	       589	800003c4	01275193	srli	x3,x14,0x12	 x14:0xfffff898  x3=0x00003fff
       5915.000 ns	       590	800003c8	4118da33	sra	x20,x17,x17	 x17:0x80040fe4 x17:0x80040fe4 x20=0xf80040fe
       5925.000 ns	       591	800003cc	01ce5913	srli	x18,x28,0x1c	 x28:0x00000000 x18=0x00000000
       6285.000 ns	       627	800003d0	02374233	div	x4,x14,x3	 x14:0xfffff898  x3:0x00003fff  x4=0x00000000
       6305.000 ns	       629	800003d4	36954d93	xori	x27,x10,873	 x10:0x00000000 x27=0x00000369
       6315.000 ns	       630	800003d8	009a5f33	srl	x30,x20,x9	 x20:0xf80040fe  x9:0x80000000 x30=0xf80040fe
       6325.000 ns	       631	800003dc	4002de93	srai	x29,x5,0x0	  x5:0x78597000 x29=0x78597000
       6345.000 ns	       633	800003e0	d0092e53	fcvt.s.w	f28,x18	 x18:0x00000000 f28=0x00000000
       6375.000 ns	       636	800003e4	03693eb3	mulhu	x29,x18,x22	 x18:0x00000000 x22:0x80041000 x29=0x00000000
       6405.000 ns	       639	800003e8	213e24d3	fsgnjx.s	f9,f28,f19	 f28:0x00000000 f19:0x7fc00000  f9=0x00000000
       6425.000 ns	       641	800003ec	5fb20e93	addi	x29,x4,1531	  x4:0x00000000 x29=0x000005fb
       6435.000 ns	       642	800003f0	a58be937	lui	x18,0xa58be	 x18=0xa58be000
       6445.000 ns	       643	800003f4	017454b3	srl	x9,x8,x23	  x8:0x00000000 x23:0xfb6fac53  x9=0x00000000
       6465.000 ns	       645	800003f8	e00b07d3	fmv.x.w	x15,f22	 f22:0xff7fffff x15=0xff7fffff
       6495.000 ns	       648	800003fc	a1580853	fle.s	x16,f16,f21	 f16:0x7fc00000 f21:0x7fc00000 x16=0x00000000
       6515.000 ns	       650	80000400	01dbdc93	srli	x25,x23,0x1d	 x23:0xfb6fac53 x25=0x00000007
       6875.000 ns	       686	80000404	037b7833	remu	x16,x22,x23	 x22:0x80041000 x23:0xfb6fac53 x16=0x80041000
       6905.000 ns	       689	80000408	f00c8c53	fmv.w.x	f24,x25	 x25:0x00000000 f24=0x00000007
       6925.000 ns	       691	8000040c	40c3d0b3	sra	x1,x7,x12	  x7:0x00000000 x12:0x80000000  x1=0x00000000
       6935.000 ns	       692	80000410	01f1f833	and	x16,x3,x31	  x3:0x00003fff x31:0x00000000 x16=0x00000000
       6965.000 ns	       695	80000414	10aea9d3	fmul.s	f19,f29,f10	 f29:0x8024323a f10:0x80000000 f19=0x00000000
       6995.000 ns	       698	80000418	28070653	fmin.s	f12,f14,f0	 f14:0x801962a1  f0:0xc4ed0000 f12=0xc4ed0000
       7035.000 ns	       702	8000041c	11cbf0d3	fmul.s	f1,f23,f28	 f23:0x00096305 f28:0x00000000  f1=0x00000000
       7055.000 ns	       704	80000420	4c6f4e13	xori	x28,x30,1222	 x30:0xf80040fe x28=0xf8004438
       7075.000 ns	       706	80000424	e00a8f53	fmv.x.w	x30,f21	 f21:0x7fc00000 x30=0x7fc00000
       7105.000 ns	       709	80000428	028cb1b3	mulhu	x3,x25,x8	 x25:0x00000007  x8:0x00000000  x3=0x00000000
       7125.000 ns	       711	8000042c	a2030793	addi	x15,x6,-1504	  x6:0x00000002 x15=0xfffffa22
       7135.000 ns	       712	80000430	01d022b3	slt	x5,x0,x29	  x0:0x00000000 x29:0x000005fb  x5=0x00000001
       7165.000 ns	       715	80000434	58027f53	fsqrt.s	f30,f4	  f4:0x7fc00000 f30=0x7fc00000
       7195.000 ns	       718	80000438	d00dcb53	fcvt.s.w	f22,x27	 x27:0x00000369 f22=0x445a4000
       7215.000 ns	       720	8000043c	0137e4b3	or	x9,x15,x19	 x15:0xfffffa22 x19:0x1710d712  x9=0xffffff32
       7225.000 ns	       721	80000440	9abd6797	auipc	x15,0x9abd6	 x15=0x1abd6440
       7265.000 ns	       725	80000444	0812b053	fsub.s	f0,f5,f1	  f5:0xff7fffff  f1:0x00000000  f0=0xff7fffff
       7285.000 ns	       727	80000448	01af1e13	slli	x28,x30,0x1a	 x30:0x7fc00000 x28=0x00000000
       7295.000 ns	       728	8000044c	41265693	srai	x13,x12,0x12	 x12:0x80000000 x13=0xffffe000
       7305.000 ns	       729	80000450	de475837	lui	x16,0xde475	 x16=0xde475000
       7315.000 ns	       730	80000454	00fcceb3	xor	x29,x25,x15	 x25:0x00000007 x15:0x1abd6440 x29=0x1abd6447
       7325.000 ns	       731	80000458	41db5fb3	sra	x31,x22,x29	 x22:0x80041000 x29:0x000005fb x31=0xff000820
       7345.000 ns	       733	8000045c	027ce533	rem	x10,x25,x7	 x25:0x00000007  x7:0x00000000 x10=0x00000007
       7365.000 ns	       735	80000460	0045d513	srli	x10,x11,0x4	 x11:0x80041024 x10=0x08004102
       7375.000 ns	       736	80000464	01be8b33	add	x22,x29,x27	 x29:0x1abd6447 x27:0x00000369 x22=0x1abd67b0
       7385.000 ns	       737	80000468	4028d493	srai	x9,x17,0x2	 x17:0x80040fe4  x9=0xe00103f9
       7405.000 ns	       739	8000046c	a008a253	feq.s	x4,f17,f0	 f17:0x803a441d  f0:0xff7fffff  x4=0x00000000
       7425.000 ns	       741	80000470	000484b3	add	x9,x9,x0	  x9:0xffffff32  x0:0x00000000  x9=0xe00103f9
       7445.000 ns	       743	80000474	03368833	mul	x16,x13,x19	 x13:0xffffe000 x19:0x1710d712 x16=0xe51dc000
       7465.000 ns	       745	80000478	ce0f7113	andi	x2,x30,-800	 x30:0x7fc00000  x2=0x7fc00000
       7485.000 ns	       747	8000047c	d0057853	fcvt.s.w	f16,x10	 x10:0x08004102 f16=0x4d000410
       7515.000 ns	       750	80000480	216a19d3	fsgnjn.s	f19,f20,f22	 f20:0x00000000 f22:0x445a4000 f19=0x80000000
       7885.000 ns	       787	80000484	03056b33	rem	x22,x10,x16	 x10:0x08004102 x16:0xe51dc000 x22=0x08004102
       7935.000 ns	       792	80000488	000e02d3	fadd.s	f5,f28,f0	 f28:0x00000000  f0:0xff7fffff  f5=0xff7fffff
       7965.000 ns	       795	8000048c	d017fb53	fcvt.s.wu	f22,x15	 x15:0x1abd6440 f22=0x4dd5eb22
       7995.000 ns	       798	80000490	e00011d3	fclass.s	x3,f0	  f0:0xff7fffff  x3=0x00000002
       8025.000 ns	       801	80000494	218f8753	fsgnj.s	f14,f31,f24	 f31:0x00000000 f24:0x00000007 f14=0x00000000
       8075.000 ns	       806	80000498	002dbf53	fadd.s	f30,f27,f2	 f27:0x7fc00000  f2:0x7f800001 f30=0x7fc00000
       8095.000 ns	       808	8000049c	012c6333	or	x6,x24,x18	 x24:0x00000020 x18:0xa58be000  x6=0xa58be020
       8115.000 ns	       810	800004a0	02221db3	mulh	x27,x4,x2	  x4:0x00000000  x2:0x7fc00000 x27=0x00000000
       8145.000 ns	       813	800004a4	d017c953	fcvt.s.wu	f18,x15	 x15:0x1abd6440 f18=0x4dd5eb22
       8175.000 ns	       816	800004a8	e0068a53	fmv.x.w	x20,f13	 f13:0xffc00000 x20=0xffc00000
       8225.000 ns	       821	800004ac	093c40d3	fsub.s	f1,f24,f19	 f24:0x00000007 f19:0x80000000  f1=0x00000007
       8245.000 ns	       823	800004b0	01db2db3	slt	x27,x22,x29	 x22:0x08004102 x29:0x1abd6447 x27=0x00000001
       8605.000 ns	       859	800004b4	03754033	div	x0,x10,x23	 x10:0x08004102 x23:0xfb6fac53
       8625.000 ns	       861	800004b8	016b5b13	srli	x22,x22,0x16	 x22:0x08004102 x22=0x00000020
       8645.000 ns	       863	800004bc	a13e0853	fle.s	x16,f28,f19	 f28:0x00000000 f19:0x80000000 x16=0x00000001
       8665.000 ns	       865	800004c0	9d496e93	ori	x29,x18,-1580	 x18:0xa58be000 x29=0xfffff9d4
       8675.000 ns	       866	800004c4	6e17c137	lui	x2,0x6e17c	  x2=0x6e17c000
       8685.000 ns	       867	800004c8	00544d33	xor	x26,x8,x5	  x8:0x00000000  x5:0x00000001 x26=0x00000001
       8705.000 ns	       869	800004cc	02439d33	mulh	x26,x7,x4	  x7:0x00000000  x4:0x00000000 x26=0x00000000
       8725.000 ns	       871	800004d0	415bd513	srai	x10,x23,0x15	 x23:0xfb6fac53 x10=0xffffffdb
       8735.000 ns	       872	800004d4	0110ed33	or	x26,x1,x17	  x1:0x00000000 x17:0x80040fe4 x26=0x80040fe4
       8765.000 ns	       875	800004d8	580f0053	fsqrt.s	f0,f30	 f30:0x7fc00000  f0=0x7fc00000
       8795.000 ns	       878	800004dc	a1e1a353	feq.s	x6,f3,f30	  f3:0x7f800000 f30:0x7fc00000  x6=0x00000000
       8815.000 ns	       880	800004e0	bba44f13	xori	x30,x8,-1094	  x8:0x00000000 x30=0xfffffbba
       8835.000 ns	       882	800004e4	20f90953	fsgnj.s	f18,f18,f15	 f18:0x4dd5eb22 f15:0x7f800000 f18=0x4dd5eb22
       8865.000 ns	       885	800004e8	f0030653	fmv.w.x	f12,x6	  x6:0x00000000 f12=0x00000000
       8885.000 ns	       887	800004ec	6b527193	andi	x3,x4,1717	  x4:0x00000000  x3=0x00000000
       8905.000 ns	       889	800004f0	c0117553	fcvt.wu.s	x10,f2	  f2:0x7f800001 x10=0xffffffff
       8935.000 ns	       892	800004f4	a0ef9fd3	flt.s	x31,f31,f14	 f31:0x00000000 f14:0x00000000 x31=0x00000000
       8965.000 ns	       895	800004f8	e00c9ed3	fclass.s	x29,f25	 f25:0x004d5ddb x29=0x00000020
       8985.000 ns	       897	800004fc	409580b3	sub	x1,x11,x9	 x11:0x80041024  x9:0xe00103f9  x1=0xa0030c2b
       9005.000 ns	       899	80000500	028573b3	remu	x7,x10,x8	 x10:0xffffffff  x8:0x00000000  x7=0xffffffff
       9035.000 ns	       902	80000504	02697533	remu	x10,x18,x6	 x18:0xa58be000  x6:0x00000000 x10=0xa58be000
       9055.000 ns	       904	80000508	41f38d33	sub	x26,x7,x31	  x7:0xffffffff x31:0x00000000 x26=0xffffffff
       9065.000 ns	       905	8000050c	005007b3	add	x15,x0,x5	  x0:0x00000000  x5:0x00000001 x15=0x00000001
       9075.000 ns	       906	80000510	d4fa6fb7	lui	x31,0xd4fa6	 x31=0xd4fa6000
       9085.000 ns	       907	80000514	002103b3	add	x7,x2,x2	  x2:0x6e17c000  x2:0x6e17c000  x7=0xdc2f8000
       9105.000 ns	       909	80000518	d014f6d3	fcvt.s.wu	f13,x9	  x9:0xe00103f9 f13=0x4f600103
       9145.000 ns	       913	8000051c	58007453	fsqrt.s	f8,f0	  f0:0x7fc00000  f8=0x7fc00000
       9165.000 ns	       915	80000520	018a67b3	or	x15,x20,x24	 x20:0xffc00000 x24:0x00000020 x15=0xffc00020
       9525.000 ns	       951	80000524	025dfb33	remu	x22,x27,x5	 x27:0x00000001  x5:0x00000001 x22=0x00000000
       9545.000 ns	       953	80000528	012d1f33	sll	x30,x26,x18	 x26:0xffffffff x18:0xa58be000 x30=0xffffffff
       9565.000 ns	       955	8000052c	29310453	fmin.s	f8,f2,f19	  f2:0x7f800001 f19:0x80000000  f8=0x80000000
       9585.000 ns	       957	80000530	01a51233	sll	x4,x10,x26	 x10:0xa58be000 x26:0xffffffff  x4=0x00000000
       9945.000 ns	       993	80000534	03df43b3	div	x7,x30,x29	 x30:0xffffffff x29:0x00000020  x7=0x00000000
       9965.000 ns	       995	80000538	5f8fbe13	sltiu	x28,x31,1528	 x31:0xd4fa6000 x28=0x00000000
       9985.000 ns	       997	8000053c	a17c14d3	flt.s	x9,f24,f23	 f24:0x00000007 f23:0x00096305  x9=0x00000001
      10005.000 ns	       999	80000540	41048133	sub	x2,x9,x16	  x9:0xe00103f9 x16:0x00000001  x2=0x00000000
      10015.000 ns	      1000	80000544	015f5513	srli	x10,x30,0x15	 x30:0xffffffff x10=0x000007ff
      10025.000 ns	      1001	80000548	01f76133	or	x2,x14,x31	 x14:0xfffff898 x31:0xd4fa6000  x2=0xfffff898
      10045.000 ns	      1003	8000054c	02089f33	mulh	x30,x17,x0	 x17:0x80040fe4  x0:0x00000000 x30=0x00000000
      10075.000 ns	      1006	80000550	20910753	fsgnj.s	f14,f2,f9	  f2:0x7f800001  f9:0x00000000 f14=0x7f800001
      10105.000 ns	      1009	80000554	a03f2dd3	feq.s	x27,f30,f3	 f30:0x7fc00000  f3:0x7f800000 x27=0x00000000
      10125.000 ns	      1011	80000558	01e89433	sll	x8,x17,x30	 x17:0x80040fe4 x30:0x00000000  x8=0x80040fe4
      10135.000 ns	      1012	8000055c	01624433	xor	x8,x4,x22	  x4:0x00000000 x22:0x00000000  x8=0x00000000
      10145.000 ns	      1013	80000560	4128d413	srai	x8,x17,0x12	 x17:0x80040fe4  x8=0xffffe001
      10155.000 ns	      1014	80000564	01371233	sll	x4,x14,x19	 x14:0xfffff898 x19:0x1710d712  x4=0xe2600000
      10175.000 ns	      1016	80000568	e00f13d3	fclass.s	x7,f30	 f30:0x7fc00000  x7=0x00000200
      10205.000 ns	      1019	8000056c	02014233	div	x4,x2,x0	  x2:0xfffff898  x0:0x00000000  x4=0xffffffff
      10235.000 ns	      1022	80000570	c010f753	fcvt.wu.s	x14,f1	  f1:0x00000007 x14=0x00000000
      10255.000 ns	      1024	80000574	00dc8633	add	x12,x25,x13	 x25:0x00000007 x13:0xffffe000 x12=0xffffe007
      10275.000 ns	      1026	80000578	a1571bd3	flt.s	x23,f14,f21	 f14:0x7f800001 f21:0x7fc00000 x23=0x00000000
      10295.000 ns	      1028	8000057c	04f7ce13	xori	x28,x15,79	 x15:0xffc00020 x28=0xffc0006f
      10315.000 ns	      1030	80000580	e0039bd3	fclass.s	x23,f7	  f7:0x7f7fffff x23=0x00000040
      10345.000 ns	      1033	80000584	039db1b3	mulhu	x3,x27,x25	 x27:0x00000000 x25:0x00000007  x3=0x00000000
      10385.000 ns	      1037	80000588	19ca7353	fdiv.s	f6,f20,f28	 f20:0x00000000 f28:0x00000000  f6=0x7fc00000
      10415.000 ns	      1040	8000058c	d008f553	fcvt.s.w	f10,x17	 x17:0x80040fe4 f10=0xcefff7e0
      10435.000 ns	      1042	80000590	818b3737	lui	x14,0x818b3	 x14=0x818b3000
      10445.000 ns	      1043	80000594	01d5ac33	slt	x24,x11,x29	 x11:0x80041024 x29:0x00000020 x24=0x00000001
      10805.000 ns	      1079	80000598	0242fc33	remu	x24,x5,x4	  x5:0x00000001  x4:0xffffffff x24=0x00000001
      10835.000 ns	      1082	8000059c	21da03d3	fsgnj.s	f7,f20,f29	 f20:0x00000000 f29:0x8024323a  f7=0x80000000
      10865.000 ns	      1085	800005a0	a0d49f53	flt.s	x30,f9,f13	  f9:0x00000000 f13:0x4f600103 x30=0x00000001
      10895.000 ns	      1088	800005a4	039bad33	mulhsu	x26,x23,x25	 x23:0x00000040 x25:0x00000007 x26=0x00000000
      10925.000 ns	      1091	800005a8	c0073dd3	fcvt.w.s	x27,f14	 f14:0x7f800001 x27=0x7fffffff
      10955.000 ns	      1094	800005ac	c006a153	fcvt.w.s	x2,f13	 f13:0x4f600103  x2=0x7fffffff
      10975.000 ns	      1096	800005b0	00000013	addi	x0,x0,0	  x0:0x00000000
      10995.000 ns	      1098	800005b4	c0187053	fcvt.wu.s	x0,f16	 f16:0x4d000410
      11035.000 ns	      1102	800005b8	108ff8d3	fmul.s	f17,f31,f8	 f31:0x00000000  f8:0x80000000 f17=0x80000000
      11085.000 ns	      1107	800005bc	004df253	fadd.s	f4,f27,f4	 f27:0x7fc00000  f4:0x7fc00000  f4=0x7fc00000
      11105.000 ns	      1109	800005c0	01a0d413	srli	x8,x1,0x1a	  x1:0xa0030c2b  x8=0x00000028
      11125.000 ns	      1111	800005c4	214cae53	fsgnjx.s	f28,f25,f20	 f25:0x004d5ddb f20:0x00000000 f28=0x004d5ddb
      11145.000 ns	      1113	800005c8	01901bb3	sll	x23,x0,x25	  x0:0x00000000 x25:0x00000007 x23=0x00000000
      11165.000 ns	      1115	800005cc	29791dd3	fmax.s	f27,f18,f23	 f18:0x4dd5eb22 f23:0x00096305 f27=0x4dd5eb22
      11185.000 ns	      1117	800005d0	00671413	slli	x8,x14,0x6	 x14:0x818b3000  x8=0x62cc0000
      11195.000 ns	      1118	800005d4	01dac833	xor	x16,x21,x29	 x21:0x7859765d x29:0x00000020 x16=0x7859767d
      11205.000 ns	      1119	800005d8	00000013	addi	x0,x0,0	  x0:0x00000000
      11215.000 ns	      1120	800005dc	00f83433	sltu	x8,x16,x15	 x16:0x00000001 x15:0xffc00020  x8=0x00000001
      11225.000 ns	      1121	800005e0	40e70e33	sub	x28,x14,x14	 x14:0x818b3000 x14:0x818b3000 x28=0x00000000
      11245.000 ns	      1123	800005e4	207a0253	fsgnj.s	f4,f20,f7	 f20:0x00000000  f7:0x80000000  f4=0x80000000
      11275.000 ns	      1126	800005e8	21271fd3	fsgnjn.s	f31,f14,f18	 f14:0x7f800001 f18:0x4dd5eb22 f31=0xff800001
      11305.000 ns	      1129	800005ec	02e637b3	mulhu	x15,x12,x14	 x12:0xffffe007 x14:0x818b3000 x15=0x818b1fd2
      11325.000 ns	      1131	800005f0	00dd3a33	sltu	x20,x26,x13	 x26:0x00000000 x13:0xffffe000 x20=0x00000001
      11345.000 ns	      1133	800005f4	21020253	fsgnj.s	f4,f4,f16	  f4:0x80000000 f16:0x4d000410  f4=0x00000000
      11715.000 ns	      1170	800005f8	03b1c033	div	x0,x3,x27	  x3:0x00000000 x27:0x7fffffff
      11735.000 ns	      1172	800005fc	009d9e33	sll	x28,x27,x9	 x27:0x7fffffff  x9:0x00000001 x28=0xfffffffe
      11755.000 ns	      1174	80000600	02173cb3	mulhu	x25,x14,x1	 x14:0x818b3000  x1:0xa0030c2b x25=0x50f888c9
      11785.000 ns	      1177	80000604	210f04d3	fsgnj.s	f9,f30,f16	 f30:0x7fc00000 f16:0x4d000410  f9=0x7fc00000
      11835.000 ns	      1182	80000608	00ea9653	fadd.s	f12,f21,f14	 f21:0x7fc00000 f14:0x7f800001 f12=0x7fc00000
      11855.000 ns	      1184	8000060c	2d733b93	sltiu	x23,x6,727	  x6:0x00000000 x23=0x00000001
      11875.000 ns	      1186	80000610	a0b91dd3	flt.s	x27,f18,f11	 f18:0x4dd5eb22 f11:0x80000000 x27=0x00000000
      11905.000 ns	      1189	80000614	d001f7d3	fcvt.s.w	f15,x3	  x3:0x00000000 f15=0x00000000
      11925.000 ns	      1191	80000618	0005db93	srli	x23,x11,0x0	 x11:0x80041024 x23=0x80041024
      11945.000 ns	      1193	8000061c	214fa253	fsgnjx.s	f4,f31,f20	 f31:0xff800001 f20:0x00000000  f4=0xff800001
      11975.000 ns	      1196	80000620	02f68333	mul	x6,x13,x15	 x13:0xffffe000 x15:0x818b1fd2  x6=0x9c05c000
      12345.000 ns	      1233	80000624	028a77b3	remu	x15,x20,x8	 x20:0x00000001  x8:0x00000001 x15=0x00000000
      12375.000 ns	      1236	80000628	027583b3	mul	x7,x11,x7	 x11:0x80041024  x7:0x00000200  x7=0x08204800
      12405.000 ns	      1239	8000062c	20d60ed3	fsgnj.s	f29,f12,f13	 f12:0x7fc00000 f13:0x4f600103 f29=0x7fc00000
      12425.000 ns	      1241	80000630	75846293	ori	x5,x8,1880	  x8:0x00000001  x5=0x00000759
      12435.000 ns	      1242	80000634	00f1feb3	and	x29,x3,x15	  x3:0x00000000 x15:0x00000000 x29=0x00000000
      12445.000 ns	      1243	80000638	0020d733	srl	x14,x1,x2	  x1:0xa0030c2b  x2:0x7fffffff x14=0x00000001
      12455.000 ns	      1244	8000063c	2b340313	addi	x6,x8,691	  x8:0x00000001  x6=0x000002b4
      12465.000 ns	      1245	80000640	01cd5193	srli	x3,x26,0x1c	 x26:0x00000000  x3=0x00000000
      12505.000 ns	      1249	80000644	095cfa53	fsub.s	f20,f25,f21	 f25:0x004d5ddb f21:0x7fc00000 f20=0x7fc00000
      12525.000 ns	      1251	80000648	40fe0d33	sub	x26,x28,x15	 x28:0xfffffffe x15:0x00000000 x26=0xfffffffe
      12545.000 ns	      1253	8000064c	c0078ad3	fcvt.w.s	x21,f15	 f15:0x00000000 x21=0x00000000
      12565.000 ns	      1255	80000650	ffc74713	xori	x14,x14,-4	 x14:0x00000001 x14=0xfffffffd
      12575.000 ns	      1256	80000654	40805813	srai	x16,x0,0x8	  x0:0x00000000 x16=0x00000000
      12585.000 ns	      1257	80000658	01d92e33	slt	x28,x18,x29	 x18:0xa58be000 x29:0x00000000 x28=0x00000001
      12595.000 ns	      1258	8000065c	410501b3	sub	x3,x10,x16	 x10:0x000007ff x16:0x7859767d  x3=0x000007ff
      12605.000 ns	      1259	80000660	16c08717	auipc	x14,0x16c08	 x14=0x96c08660
      12625.000 ns	      1261	80000664	20cc8953	fsgnj.s	f18,f25,f12	 f25:0x004d5ddb f12:0x7fc00000 f18=0x004d5ddb
      12655.000 ns	      1264	80000668	e0070cd3	fmv.x.w	x25,f14	 f14:0x7f800001 x25=0x7f800001
      12685.000 ns	      1267	8000066c	28fa8653	fmin.s	f12,f21,f15	 f21:0x7fc00000 f15:0x00000000 f12=0x00000000
      12705.000 ns	      1269	80000670	fb670693	addi	x13,x14,-74	 x14:0x96c08660 x13=0x96c08616
      12725.000 ns	      1271	80000674	035dcb33	div	x22,x27,x21	 x27:0x00000000 x21:0x00000000 x22=0xffffffff
      12745.000 ns	      1273	80000678	00715633	srl	x12,x2,x7	  x2:0x7fffffff  x7:0x08204800 x12=0x7fffffff
      12765.000 ns	      1275	8000067c	f00404d3	fmv.w.x	f9,x8	  x8:0x00000001  f9=0x00000001
      12795.000 ns	      1278	80000680	0228aeb3	mulhsu	x29,x17,x2	 x17:0x80040fe4  x2:0x7fffffff x29=0xc00207f2
      12815.000 ns	      1280	80000684	75daac37	lui	x24,0x75daa	 x24=0x75daa000
      12835.000 ns	      1282	80000688	c014c353	fcvt.wu.s	x6,f9	  f9:0x00000001  x6=0x00000000
      12855.000 ns	      1284	8000068c	65a87093	andi	x1,x16,1626	 x16:0x00000000  x1=0x00000000
      12865.000 ns	      1285	80000690	9170b913	sltiu	x18,x1,-1769	  x1:0xa0030c2b x18=0x00000001
      12885.000 ns	      1287	80000694	025526b3	mulhsu	x13,x10,x5	 x10:0x000007ff  x5:0x00000759 x13=0x00000000
      14065.000 ns	      1405	80000698	580848d3	fsqrt.s	f17,f16	 f16:0x4d000410 f17=0x45b50a40
      14095.000 ns	      1408	8000069c	20382b53	fsgnjx.s	f22,f16,f3	 f16:0x4d000410  f3:0x7f800000 f22=0x4d000410
      14115.000 ns	      1410	800006a0	23380d93	addi	x27,x16,563	 x16:0x00000000 x27=0x00000233
      14125.000 ns	      1411	800006a4	de73e317	auipc	x6,0xde73e	  x6=0x5e73e6a4
      14135.000 ns	      1412	800006a8	00089fb3	sll	x31,x17,x0	 x17:0x80040fe4  x0:0x00000000 x31=0x80040fe4
      14155.000 ns	      1414	800006ac	a0ee1d53	flt.s	x26,f28,f14	 f28:0x004d5ddb f14:0x7f800001 x26=0x00000000
      14205.000 ns	      1419	800006b0	00bd7b53	fadd.s	f22,f26,f11	 f26:0x7fc00000 f11:0x80000000 f22=0x7fc00000
      14235.000 ns	      1422	800006b4	021cf833	remu	x16,x25,x1	 x25:0x7f800001  x1:0x00000000 x16=0x7f800001
      14265.000 ns	      1425	800006b8	29431553	fmax.s	f10,f6,f20	  f6:0x7fc00000 f20:0x7fc00000 f10=0x7fc00000
      14285.000 ns	      1427	800006bc	bd1a6293	ori	x5,x20,-1071	 x20:0x00000001  x5=0xfffffbd1
      14305.000 ns	      1429	800006c0	209a2953	fsgnjx.s	f18,f20,f9	 f20:0x7fc00000  f9:0x00000001 f18=0x7fc00000
      14325.000 ns	      1431	800006c4	416e5b33	sra	x22,x28,x22	 x28:0x00000001 x22:0xffffffff x22=0x00000000
      14335.000 ns	      1432	800006c8	e989ae13	slti	x28,x19,-360	 x19:0x1710d712 x28=0x00000000
      14345.000 ns	      1433	800006cc	2df46193	ori	x3,x8,735	  x8:0x00000001  x3=0x000002df
      14355.000 ns	      1434	800006d0	0193d113	srli	x2,x7,0x19	  x7:0x08204800  x2=0x00000004
      14365.000 ns	      1435	800006d4	1fc7a713	slti	x14,x15,508	 x15:0x00000000 x14=0x00000001
      14375.000 ns	      1436	800006d8	01727633	and	x12,x4,x23	  x4:0xffffffff x23:0x80041024 x12=0x80041024
      14415.000 ns	      1440	800006dc	01787353	fadd.s	f6,f16,f23	 f16:0x4d000410 f23:0x00096305  f6=0x4d000410
      14455.000 ns	      1444	800006e0	5802a653	fsqrt.s	f12,f5	  f5:0xff7fffff f12=0x7fc00000
      14825.000 ns	      1481	800006e4	02b1f4b3	remu	x9,x3,x11	  x3:0x000002df x11:0x80041024  x9=0x000002df
      14855.000 ns	      1484	800006e8	e00284d3	fmv.x.w	x9,f5	  f5:0xff7fffff  x9=0xff7fffff
      14885.000 ns	      1487	800006ec	02f2b7b3	mulhu	x15,x5,x15	  x5:0xfffffbd1 x15:0x00000000 x15=0x00000000
      14915.000 ns	      1490	800006f0	e0080953	fmv.x.w	x18,f16	 f16:0x4d000410 x18=0x4d000410
      15285.000 ns	      1527	800006f4	03237ab3	remu	x21,x6,x18	  x6:0x5e73e6a4 x18:0x00000001 x21=0x1173e294
      15305.000 ns	      1529	800006f8	01be44b3	xor	x9,x28,x27	 x28:0x00000000 x27:0x00000233  x9=0x00000233
      15315.000 ns	      1530	800006fc	2a8cbb37	lui	x22,0x2a8cb	 x22=0x2a8cb000
      15675.000 ns	      1566	80000700	02655733	divu	x14,x10,x6	 x10:0x000007ff  x6:0x5e73e6a4 x14=0x00000000
      15695.000 ns	      1568	80000704	01110393	addi	x7,x2,17	  x2:0x00000004  x7=0x00000015
      15705.000 ns	      1569	80000708	409c0533	sub	x10,x24,x9	 x24:0x75daa000  x9:0x00000233 x10=0x75da9dcd
      16065.000 ns	      1605	8000070c	032f6333	rem	x6,x30,x18	 x30:0x00000001 x18:0x4d000410  x6=0x00000001
      16095.000 ns	      1608	80000710	c01df053	fcvt.wu.s	x0,f27	 f27:0x4dd5eb22
      16125.000 ns	      1611	80000714	286e0c53	fmin.s	f24,f28,f6	 f28:0x004d5ddb  f6:0x4d000410 f24=0x004d5ddb
      16155.000 ns	      1614	80000718	a0c92e53	feq.s	x28,f18,f12	 f18:0x7fc00000 f12:0x7fc00000 x28=0x00000000
      16175.000 ns	      1616	8000071c	4b07ff13	andi	x30,x15,1200	 x15:0x00000000 x30=0x00000000
      16195.000 ns	      1618	80000720	02056533	rem	x10,x10,x0	 x10:0x75da9dcd  x0:0x00000000 x10=0x75da9dcd
      16215.000 ns	      1620	80000724	18d1d737	lui	x14,0x18d1d	 x14=0x18d1d000
      16575.000 ns	      1656	80000728	023b60b3	rem	x1,x22,x3	 x22:0x2a8cb000  x3:0x000002df  x1=0x0000012a
      16595.000 ns	      1658	8000072c	01e15133	srl	x2,x2,x30	  x2:0x00000004 x30:0x00000000  x2=0x00000004
      16955.000 ns	      1694	80000730	023bd633	divu	x12,x23,x3	 x23:0x80041024  x3:0x000002df x12=0x002c967c
      16985.000 ns	      1697	80000734	03633bb3	mulhu	x23,x6,x22	  x6:0x00000001 x22:0x2a8cb000 x23=0x00000000
      17015.000 ns	      1700	80000738	020826b3	mulhsu	x13,x16,x0	 x16:0x7f800001  x0:0x00000000 x13=0x00000000
      17045.000 ns	      1703	8000073c	c0008d53	fcvt.w.s	x26,f1	  f1:0x00000007 x26=0x00000000
      17075.000 ns	      1706	80000740	03a11533	mulh	x10,x2,x26	  x2:0x00000004 x26:0x00000000 x10=0x00000000
      17095.000 ns	      1708	80000744	0021fcb3	and	x25,x3,x2	  x3:0x000002df  x2:0x00000004 x25=0x00000004
      17115.000 ns	      1710	80000748	a0a326d3	feq.s	x13,f6,f10	  f6:0x4d000410 f10:0x7fc00000 x13=0x00000000
      17145.000 ns	      1713	8000074c	20451a53	fsgnjn.s	f20,f10,f4	 f10:0x7fc00000  f4:0xff800001 f20=0x7fc00000
      17175.000 ns	      1716	80000750	28608dd3	fmin.s	f27,f1,f6	  f1:0x00000007  f6:0x4d000410 f27=0x00000007
      17195.000 ns	      1718	80000754	74e00f13	addi	x30,x0,1870	  x0:0x00000000 x30=0x0000074e
      17215.000 ns	      1720	80000758	20290e53	fsgnj.s	f28,f18,f2	 f18:0x7fc00000  f2:0x7f800001 f28=0x7fc00000
      17255.000 ns	      1724	8000075c	10ae2853	fmul.s	f16,f28,f10	 f28:0x004d5ddb f10:0x7fc00000 f16=0x7fc00000
      17285.000 ns	      1727	80000760	d00dfbd3	fcvt.s.w	f23,x27	 x27:0x00000233 f23=0x440cc000
      17655.000 ns	      1764	80000764	0274c7b3	div	x15,x9,x7	  x9:0x00000233  x7:0x00000015 x15=0x0000001a
      17675.000 ns	      1766	80000768	00d78013	addi	x0,x15,13	 x15:0x00000000
      17685.000 ns	      1767	8000076c	ed3b3e13	sltiu	x28,x22,-301	 x22:0x2a8cb000 x28=0x00000001
      17725.000 ns	      1771	80000770	0970f5d3	fsub.s	f11,f1,f23	  f1:0x00000007 f23:0x440cc000 f11=0xc40cc000
      17755.000 ns	      1774	80000774	20eb2953	fsgnjx.s	f18,f22,f14	 f22:0x7fc00000 f14:0x7f800001 f18=0x7fc00000
      17775.000 ns	      1776	80000778	012aa533	slt	x10,x21,x18	 x21:0x1173e294 x18:0x4d000410 x10=0x00000001
      17795.000 ns	      1778	8000077c	03378d33	mul	x26,x15,x19	 x15:0x0000001a x19:0x1710d712 x26=0x57b5d7d4
      18975.000 ns	      1896	80000780	5806f6d3	fsqrt.s	f13,f13	 f13:0x4f600103 f13=0x471e650b
      19005.000 ns	      1899	80000784	02067fb3	remu	x31,x12,x0	 x12:0x002c967c  x0:0x00000000 x31=0x002c967c
      19035.000 ns	      1902	80000788	d0171dd3	fcvt.s.wu	f27,x14	 x14:0x18d1d000 f27=0x4dc68e80
      19065.000 ns	      1905	8000078c	e00e8153	fmv.x.w	x2,f29	 f29:0x7fc00000  x2=0x7fc00000
      19085.000 ns	      1907	80000790	01675fb3	srl	x31,x14,x22	 x14:0x18d1d000 x22:0x2a8cb000 x31=0x18d1d000
      19105.000 ns	      1909	80000794	a0e2a6d3	feq.s	x13,f5,f14	  f5:0xff7fffff f14:0x7f800001 x13=0x00000000
      19125.000 ns	      1911	80000798	86222213	slti	x4,x4,-1950	  x4:0xffffffff  x4=0x00000000
      19135.000 ns	      1912	8000079c	40108133	sub	x2,x1,x1	  x1:0x0000012a  x1:0x0000012a  x2=0x00000000
      19155.000 ns	      1914	800007a0	03a310b3	mulh	x1,x6,x26	  x6:0x00000001 x26:0x57b5d7d4  x1=0x00000000
      19185.000 ns	      1917	800007a4	0227ceb3	div	x29,x15,x2	 x15:0x0000001a  x2:0x7fc00000 x29=0xffffffff
      19215.000 ns	      1920	800007a8	c013ff53	fcvt.wu.s	x30,f7	  f7:0x80000000 x30=0x00000000
      19235.000 ns	      1922	800007ac	efd9f813	andi	x16,x19,-259	 x19:0x1710d712 x16=0x1710d610
      19255.000 ns	      1924	800007b0	20089653	fsgnjn.s	f12,f17,f0	 f17:0x45b50a40  f0:0x7fc00000 f12=0xc5b50a40
      19275.000 ns	      1926	800007b4	003a0733	add	x14,x20,x3	 x20:0x00000001  x3:0x000002df x14=0x000002e0
      19635.000 ns	      1962	800007b8	02c350b3	divu	x1,x6,x12	  x6:0x00000001 x12:0x002c967c  x1=0x00000000
      20005.000 ns	      1999	800007bc	0263c0b3	div	x1,x7,x6	  x7:0x00000015  x6:0x00000001  x1=0x00000015
      20375.000 ns	      2036	800007c0	033bcbb3	div	x23,x23,x19	 x23:0x00000000 x19:0x1710d712 x23=0x00000000
      20405.000 ns	      2039	800007c4	c01842d3	fcvt.wu.s	x5,f16	 f16:0x7fc00000  x5=0xffffffff
      20425.000 ns	      2041	800007c8	01ad2f33	slt	x30,x26,x26	 x26:0x57b5d7d4 x26:0x57b5d7d4 x30=0x00000000
      20435.000 ns	      2042	800007cc	40960bb3	sub	x23,x12,x9	 x12:0x002c967c  x9:0x00000233 x23=0x002c9449
      20445.000 ns	      2043	800007d0	40ce8533	sub	x10,x29,x12	 x29:0xffffffff x12:0x002c967c x10=0xffd36983
      20475.000 ns	      2046	800007d4	187e87d3	fdiv.s	f15,f29,f7	 f29:0x7fc00000  f7:0x80000000 f15=0x7fc00000
      20495.000 ns	      2048	800007d8	f93cc813	xori	x16,x25,-109	 x25:0x00000004 x16=0xffffff97
      20525.000 ns	      2051	800007dc	580af053	fsqrt.s	f0,f21	 f21:0x7fc00000  f0=0x7fc00000
      20895.000 ns	      2088	800007e0	0264d2b3	divu	x5,x9,x6	  x9:0x00000233  x6:0x00000001  x5=0x00000233
      20915.000 ns	      2090	800007e4	012cd433	srl	x8,x25,x18	 x25:0x00000004 x18:0x4d000410  x8=0x00000000
      20935.000 ns	      2092	800007e8	a0d5a953	feq.s	x18,f11,f13	 f11:0xc40cc000 f13:0x471e650b x18=0x00000000
      20955.000 ns	      2094	800007ec	8d59d637	lui	x12,0x8d59d	 x12=0x8d59d000
      20965.000 ns	      2095	800007f0	4329f713	andi	x14,x19,1074	 x19:0x1710d712 x14=0x00000412
      20985.000 ns	      2097	800007f4	21439c53	fsgnjn.s	f24,f7,f20	  f7:0x80000000 f20:0x7fc00000 f24=0x80000000
      21005.000 ns	      2099	800007f8	00b5d733	srl	x14,x11,x11	 x11:0x80041024 x11:0x80041024 x14=0x08004102
      21015.000 ns	      2100	800007fc	01d15633	srl	x12,x2,x29	  x2:0x00000000 x29:0xffffffff x12=0x00000000
      21025.000 ns	      2101	80000800	41a55c33	sra	x24,x10,x26	 x10:0xffd36983 x26:0x57b5d7d4 x24=0xfffffffd
      21035.000 ns	      2102	80000804	01446e33	or	x28,x8,x20	  x8:0x00000000 x20:0x00000001 x28=0x00000001
      21045.000 ns	      2103	80000808	01a50eb3	add	x29,x10,x26	 x10:0xffd36983 x26:0x57b5d7d4 x29=0x57894157
      21065.000 ns	      2105	8000080c	d0141e53	fcvt.s.wu	f28,x8	  x8:0x00000000 f28=0x00000000
      21085.000 ns	      2107	80000810	00000013	addi	x0,x0,0	  x0:0x00000000
      21445.000 ns	      2143	80000814	0398e233	rem	x4,x17,x25	 x17:0x80040fe4 x25:0x00000004  x4=0x00000000
      21475.000 ns	      2146	80000818	029886b3	mul	x13,x17,x9	 x17:0x80040fe4  x9:0x00000233 x13=0x88eef26c
      21495.000 ns	      2148	8000081c	00ea9eb3	sll	x29,x21,x14	 x21:0x1173e294 x14:0x08004102 x29=0x45cf8a50
      21505.000 ns	      2149	80000820	d43d7713	andi	x14,x26,-701	 x26:0x57b5d7d4 x14=0x57b5d540
      21515.000 ns	      2150	80000824	e4ee7437	lui	x8,0xe4ee7	  x8=0xe4ee7000
      21875.000 ns	      2186	80000828	03b4c6b3	div	x13,x9,x27	  x9:0x00000233 x27:0x00000233 x13=0x00000001
      21915.000 ns	      2190	8000082c	19da7e53	fdiv.s	f28,f20,f29	 f20:0x7fc00000 f29:0x7fc00000 f28=0x7fc00000
      21945.000 ns	      2193	80000830	c014f0d3	fcvt.wu.s	x1,f9	  f9:0x00000001  x1=0x00000000
      21965.000 ns	      2195	80000834	01483433	sltu	x8,x16,x20	 x16:0xffffff97 x20:0x00000001  x8=0x00000000
      21975.000 ns	      2196	80000838	2c9d6e13	ori	x28,x26,713	 x26:0x57b5d7d4 x28=0x57b5d7dd
      21995.000 ns	      2198	8000083c	a03cafd3	feq.s	x31,f25,f3	 f25:0x004d5ddb  f3:0x7f800000 x31=0x00000000
      22015.000 ns	      2200	80000840	01cf9bb3	sll	x23,x31,x28	 x31:0x18d1d000 x28:0x00000001 x23=0x00000000
      22035.000 ns	      2202	80000844	21988ed3	fsgnj.s	f29,f17,f25	 f17:0x45b50a40 f25:0x004d5ddb f29=0x45b50a40
      22065.000 ns	      2205	80000848	21b78a53	fsgnj.s	f20,f15,f27	 f15:0x7fc00000 f27:0x4dc68e80 f20=0x7fc00000
      22095.000 ns	      2208	8000084c	d01044d3	fcvt.s.wu	f9,x0	  x0:0x00000000  f9=0x00000000
      22465.000 ns	      2245	80000850	03a0c833	div	x16,x1,x26	  x1:0x00000000 x26:0x57b5d7d4 x16=0x00000000
      22485.000 ns	      2247	80000854	f07f0d93	addi	x27,x30,-249	 x30:0x00000000 x27=0xffffff07
      22495.000 ns	      2248	80000858	adb52113	slti	x2,x10,-1317	 x10:0xffd36983  x2=0x00000001
      22505.000 ns	      2249	8000085c	00000013	addi	x0,x0,0	  x0:0x00000000
      22525.000 ns	      2251	80000860	206f89d3	fsgnj.s	f19,f31,f6	 f31:0xff800001  f6:0x4d000410 f19=0x7f800001
      22545.000 ns	      2253	80000864	00b3da13	srli	x20,x7,0xb	  x7:0x00000015 x20=0x00000000
      22555.000 ns	      2254	80000868	4e09b513	sltiu	x10,x19,1248	 x19:0x1710d712 x10=0x00000000
      22575.000 ns	      2256	8000086c	a1142ed3	feq.s	x29,f8,f17	  f8:0x80000000 f17:0x45b50a40 x29=0x00000000
      22605.000 ns	      2259	80000870	f00e0a53	fmv.w.x	f20,x28	 x28:0x57b5d7dd f20=0x57b5d7dd
      22625.000 ns	      2261	80000874	00283c33	sltu	x24,x16,x2	 x16:0x00000000  x2:0x00000001 x24=0x00000001
      22645.000 ns	      2263	80000878	03a21e33	mulh	x28,x4,x26	  x4:0x00000000 x26:0x57b5d7d4 x28=0x00000000
      22665.000 ns	      2265	8000087c	a9b17b97	auipc	x23,0xa9b17	 x23=0x29b1787c
      22675.000 ns	      2266	80000880	cd9cca37	lui	x20,0xcd9cc	 x20=0xcd9cc000
      22695.000 ns	      2268	80000884	e00e8d53	fmv.x.w	x26,f29	 f29:0x45b50a40 x26=0x45b50a40
      22715.000 ns	      2270	80000888	de120093	addi	x1,x4,-543	  x4:0x00000000  x1=0xfffffde1
      22725.000 ns	      2271	8000088c	001ad3b3	srl	x7,x21,x1	 x21:0x1173e294  x1:0x00000000  x7=0x08b9f14a
      22745.000 ns	      2273	80000890	030771b3	remu	x3,x14,x16	 x14:0x57b5d540 x16:0x00000000  x3=0x57b5d540
      22775.000 ns	      2276	80000894	02cd5c33	divu	x24,x26,x12	 x26:0x45b50a40 x12:0x00000000 x24=0xffffffff
      22795.000 ns	      2278	80000898	db6aaa13	slti	x20,x21,-586	 x21:0x1173e294 x20=0x00000000
      22815.000 ns	      2280	8000089c	032edbb3	divu	x23,x29,x18	 x29:0x00000000 x18:0x00000000 x23=0xffffffff
      22835.000 ns	      2282	800008a0	001b1033	sll	x0,x22,x1	 x22:0x2a8cb000  x1:0xfffffde1
      22845.000 ns	      2283	800008a4	00908933	add	x18,x1,x9	  x1:0xfffffde1  x9:0x00000233 x18=0x00000014
      22865.000 ns	      2285	800008a8	035621b3	mulhsu	x3,x12,x21	 x12:0x00000000 x21:0x1173e294  x3=0x00000000
      22885.000 ns	      2287	800008ac	01555113	srli	x2,x10,0x15	 x10:0x00000000  x2=0x00000000
      22895.000 ns	      2288	800008b0	002cd513	srli	x10,x25,0x2	 x25:0x00000004 x10=0x00000001
      22905.000 ns	      2289	800008b4	01835c13	srli	x24,x6,0x18	  x6:0x00000001 x24=0x00000000
      22915.000 ns	      2290	800008b8	00000013	addi	x0,x0,0	  x0:0x00000000
      22925.000 ns	      2291	800008bc	5ac6e213	ori	x4,x13,1452	 x13:0x00000001  x4=0x000005ad
      22935.000 ns	      2292	800008c0	4724ae93	slti	x29,x9,1138	  x9:0x00000233 x29=0x00000001
      22945.000 ns	      2293	800008c4	3e72fa13	andi	x20,x5,999	  x5:0x00000233 x20=0x00000223
      22955.000 ns	      2294	800008c8	00b43833	sltu	x16,x8,x11	  x8:0x00000000 x11:0x80041024 x16=0x00000001
      23315.000 ns	      2330	800008cc	03625033	divu	x0,x4,x22	  x4:0x000005ad x22:0x2a8cb000
      23335.000 ns	      2332	800008d0	00000013	addi	x0,x0,0	  x0:0x00000000
      23345.000 ns	      2333	800008d4	00eb6e33	or	x28,x22,x14	 x22:0x2a8cb000 x14:0x57b5d540 x28=0x7fbdf540
      23355.000 ns	      2334	800008d8	ad0f6493	ori	x9,x30,-1328	 x30:0x00000000  x9=0xfffffad0
      23385.000 ns	      2337	800008dc	110a8f53	fmul.s	f30,f21,f16	 f21:0x7fc00000 f16:0x7fc00000 f30=0x7fc00000
      23405.000 ns	      2339	800008e0	01a8f4b3	and	x9,x17,x26	 x17:0x80040fe4 x26:0x45b50a40  x9=0x00040a40
      23435.000 ns	      2342	800008e4	192173d3	fdiv.s	f7,f2,f18	  f2:0x7f800001 f18:0x7fc00000  f7=0x7fc00000
      23455.000 ns	      2344	800008e8	0183ae33	slt	x28,x7,x24	  x7:0x08b9f14a x24:0x00000000 x28=0x00000000
      23465.000 ns	      2345	800008ec	00a7db33	srl	x22,x15,x10	 x15:0x0000001a x10:0x00000001 x22=0x0000000d
      23485.000 ns	      2347	800008f0	28e795d3	fmax.s	f11,f15,f14	 f15:0x7fc00000 f14:0x7f800001 f11=0x7fc00000
      23515.000 ns	      2350	800008f4	c01cfb53	fcvt.wu.s	x22,f25	 f25:0x004d5ddb x22=0x00000000
      23545.000 ns	      2353	800008f8	e00f9fd3	fclass.s	x31,f31	 f31:0xff800001 x31=0x00000100
      23565.000 ns	      2355	800008fc	008acdb3	xor	x27,x21,x8	 x21:0x1173e294  x8:0x00000000 x27=0x1173e294
      23585.000 ns	      2357	80000900	21179153	fsgnjn.s	f2,f15,f17	 f15:0x7fc00000 f17:0x45b50a40  f2=0xffc00000
      23955.000 ns	      2394	80000904	0214dfb3	divu	x31,x9,x1	  x9:0x00040a40  x1:0xfffffde1 x31=0x00000000
      23975.000 ns	      2396	80000908	41145693	srai	x13,x8,0x11	  x8:0x00000000 x13=0x00000000
      23995.000 ns	      2398	8000090c	f0030853	fmv.w.x	f16,x6	  x6:0x00000001 f16=0x00000001
      24025.000 ns	      2401	80000910	28080953	fmin.s	f18,f16,f0	 f16:0x7fc00000  f0:0x7fc00000 f18=0x00000001
      24045.000 ns	      2403	80000914	b2ff2f93	slti	x31,x30,-1233	 x30:0x00000000 x31=0x00000000
      24065.000 ns	      2405	80000918	02b21d33	mulh	x26,x4,x11	  x4:0x000005ad x11:0x80041024 x26=0xfffffd29
      24095.000 ns	      2408	8000091c	c00c7fd3	fcvt.w.s	x31,f24	 f24:0x80000000 x31=0x00000000
      24125.000 ns	      2411	80000920	03fa7f33	remu	x30,x20,x31	 x20:0x00000223 x31:0x00000000 x30=0x00000223
      24155.000 ns	      2414	80000924	c01913d3	fcvt.wu.s	x7,f18	 f18:0x00000001  x7=0x00000000
      24175.000 ns	      2416	80000928	00510533	add	x10,x2,x5	  x2:0x00000000  x5:0x00000233 x10=0x00000233
      24185.000 ns	      2417	8000092c	017b41b3	xor	x3,x22,x23	 x22:0x00000000 x23:0xffffffff  x3=0xffffffff
      24195.000 ns	      2418	80000930	d8c6e513	ori	x10,x13,-628	 x13:0x00000000 x10=0xfffffd8c
      24205.000 ns	      2419	80000934	017ddeb3	srl	x29,x27,x23	 x27:0x1173e294 x23:0xffffffff x29=0x00000000
      24225.000 ns	      2421	80000938	02b51033	mulh	x0,x10,x11	 x10:0x00000233 x11:0x80041024
      24245.000 ns	      2423	8000093c	01073333	sltu	x6,x14,x16	 x14:0x57b5d540 x16:0x00000001  x6=0x00000000
      24265.000 ns	      2425	80000940	215f1253	fsgnjn.s	f4,f30,f21	 f30:0x7fc00000 f21:0x7fc00000  f4=0xffc00000
      24285.000 ns	      2427	80000944	01dd31b3	sltu	x3,x26,x29	 x26:0xfffffd29 x29:0x00000000  x3=0x00000000
      24295.000 ns	      2428	80000948	00c0ab33	slt	x22,x1,x12	  x1:0xfffffde1 x12:0x00000000 x22=0x00000001
      24305.000 ns	      2429	8000094c	000eab33	slt	x22,x29,x0	 x29:0x00000000  x0:0x00000000 x22=0x00000000
      24325.000 ns	      2431	80000950	a0738553	fle.s	x10,f7,f7	  f7:0x7fc00000  f7:0x7fc00000 x10=0x00000000
      24345.000 ns	      2433	80000954	d6522793	slti	x15,x4,-667	  x4:0x000005ad x15=0x00000000
      24355.000 ns	      2434	80000958	314daf13	slti	x30,x27,788	 x27:0x1173e294 x30=0x00000000
      24365.000 ns	      2435	8000095c	418351b3	sra	x3,x6,x24	  x6:0x00000000 x24:0x00000000  x3=0x00000000
      24385.000 ns	      2437	80000960	02b217b3	mulh	x15,x4,x11	  x4:0x000005ad x11:0x80041024 x15=0xfffffd29
      24415.000 ns	      2440	80000964	c0147053	fcvt.wu.s	x0,f8	  f8:0x80000000
      24445.000 ns	      2443	80000968	f00c0353	fmv.w.x	f6,x24	 x24:0x00000000  f6=0x00000000
      24485.000 ns	      2447	8000096c	19f270d3	fdiv.s	f1,f4,f31	  f4:0xffc00000 f31:0xff800001  f1=0x7fc00000
      24515.000 ns	      2450	80000970	f0038cd3	fmv.w.x	f25,x7	  x7:0x00000000 f25=0x00000000
      24545.000 ns	      2453	80000974	a0baac53	feq.s	x24,f21,f11	 f21:0x7fc00000 f11:0x7fc00000 x24=0x00000000
      24585.000 ns	      2457	80000978	11a3fbd3	fmul.s	f23,f7,f26	  f7:0x7fc00000 f26:0x7fc00000 f23=0x7fc00000
      24605.000 ns	      2459	8000097c	a71feb93	ori	x23,x31,-1423	 x31:0x00000000 x23=0xfffffa71
      24615.000 ns	      2460	80000980	e6d08b93	addi	x23,x1,-403	  x1:0xfffffde1 x23=0xfffffc4e
      24975.000 ns	      2496	80000984	02b2d4b3	divu	x9,x5,x11	  x5:0x00000233 x11:0x80041024  x9=0x00000000
      25005.000 ns	      2499	80000988	21c08053	fsgnj.s	f0,f1,f28	  f1:0x7fc00000 f28:0x7fc00000  f0=0x7fc00000
      25055.000 ns	      2504	8000098c	087bf053	fsub.s	f0,f23,f7	 f23:0x7fc00000  f7:0x7fc00000  f0=0x7fc00000
      25085.000 ns	      2507	80000990	a1518f53	fle.s	x30,f3,f21	  f3:0x7f800000 f21:0x7fc00000 x30=0x00000000
      25105.000 ns	      2509	80000994	004ac233	xor	x4,x21,x4	 x21:0x1173e294  x4:0x000005ad  x4=0x1173e739
      25465.000 ns	      2545	80000998	02174fb3	div	x31,x14,x1	 x14:0x57b5d540  x1:0xfffffde1 x31=0xffd6a608
      25495.000 ns	      2548	8000099c	f00e0653	fmv.w.x	f12,x28	 x28:0x00000000 f12=0x00000000
      25515.000 ns	      2550	800009a0	00fad233	srl	x4,x21,x15	 x21:0x1173e294 x15:0xfffffd29  x4=0x0008b9f1
      25535.000 ns	      2552	800009a4	d0031b53	fcvt.s.w	f22,x6	  x6:0x00000000 f22=0x00000000
      25555.000 ns	      2554	800009a8	002d22b3	slt	x5,x26,x2	 x26:0xfffffd29  x2:0x00000000  x5=0x00000001
      25575.000 ns	      2556	800009ac	a02d03d3	fle.s	x7,f26,f2	 f26:0x7fc00000  f2:0xffc00000  x7=0x00000000
      25605.000 ns	      2559	800009b0	285f93d3	fmax.s	f7,f31,f5	 f31:0xff800001  f5:0xff7fffff  f7=0xff7fffff
      25625.000 ns	      2561	800009b4	013ebbb3	sltu	x23,x29,x19	 x29:0x00000000 x19:0x1710d712 x23=0x00000001
      25635.000 ns	      2562	800009b8	00d89633	sll	x12,x17,x13	 x17:0x80040fe4 x13:0x00000000 x12=0x80040fe4
      25655.000 ns	      2564	800009bc	28d20753	fmin.s	f14,f4,f13	  f4:0xffc00000 f13:0x471e650b f14=0x471e650b
      25675.000 ns	      2566	800009c0	8637be13	sltiu	x28,x15,-1949	 x15:0xfffffd29 x28=0x00000000
      25685.000 ns	      2567	800009c4	006fc933	xor	x18,x31,x6	 x31:0xffd6a608  x6:0x00000000 x18=0xffd6a608
      25725.000 ns	      2571	800009c8	0842f9d3	fsub.s	f19,f5,f4	  f5:0xff7fffff  f4:0xffc00000 f19=0x7fc00000
      25745.000 ns	      2573	800009cc	986cfc37	lui	x24,0x986cf	 x24=0x986cf000
      25765.000 ns	      2575	800009d0	210e9b53	fsgnjn.s	f22,f29,f16	 f29:0x45b50a40 f16:0x00000001 f22=0xc5b50a40
      25785.000 ns	      2577	800009d4	5e5e0d93	addi	x27,x28,1509	 x28:0x00000000 x27=0x000005e5
      25795.000 ns	      2578	800009d8	009f4333	xor	x6,x30,x9	 x30:0x00000000  x9:0x00000000  x6=0x00000000
      25815.000 ns	      2580	800009dc	a1521953	flt.s	x18,f4,f21	  f4:0xffc00000 f21:0x7fc00000 x18=0x00000000
      26185.000 ns	      2617	800009e0	02416c33	rem	x24,x2,x4	  x2:0x00000000  x4:0x0008b9f1 x24=0x00000000
      26215.000 ns	      2620	800009e4	c0117ed3	fcvt.wu.s	x29,f2	  f2:0xffc00000 x29=0xffffffff
      26245.000 ns	      2623	800009e8	20941953	fsgnjn.s	f18,f8,f9	  f8:0x80000000  f9:0x00000000 f18=0x80000000
      26275.000 ns	      2626	800009ec	20f39953	fsgnjn.s	f18,f7,f15	  f7:0xff7fffff f15:0x7fc00000 f18=0xff7fffff
      26295.000 ns	      2628	800009f0	00ae5c93	srli	x25,x28,0xa	 x28:0x00000000 x25=0x00000000
      26305.000 ns	      2629	800009f4	00084db3	xor	x27,x16,x0	 x16:0x00000001  x0:0x00000000 x27=0x00000001
      26335.000 ns	      2632	800009f8	183df5d3	fdiv.s	f11,f27,f3	 f27:0x4dc68e80  f3:0x7f800000 f11=0x00000000
      26355.000 ns	      2634	800009fc	00614d33	xor	x26,x2,x6	  x2:0x00000000  x6:0x00000000 x26=0x00000000
      26375.000 ns	      2636	80000a00	f00c0d53	fmv.w.x	f26,x24	 x24:0x00000000 f26=0x00000000
      26395.000 ns	      2638	80000a04	69b0b793	sltiu	x15,x1,1691	  x1:0xfffffde1 x15=0x00000000
      26415.000 ns	      2640	80000a08	c0047253	fcvt.w.s	x4,f8	  f8:0x80000000  x4=0x00000000
      26445.000 ns	      2643	80000a0c	208c8ed3	fsgnj.s	f29,f25,f8	 f25:0x00000000  f8:0x80000000 f29=0x80000000
      26475.000 ns	      2646	80000a10	0223c733	div	x14,x7,x2	  x7:0x00000000  x2:0x00000000 x14=0xffffffff
      26495.000 ns	      2648	80000a14	c2e60a13	addi	x20,x12,-978	 x12:0x80040fe4 x20=0x80040c12
      26515.000 ns	      2650	80000a18	d0067ad3	fcvt.s.w	f21,x12	 x12:0x80040fe4 f21=0xcefff7e0
      26535.000 ns	      2652	80000a1c	0133ff33	and	x30,x7,x19	  x7:0x00000000 x19:0x1710d712 x30=0x00000000
      26895.000 ns	      2688	80000a20	0311dfb3	divu	x31,x3,x17	  x3:0x00000000 x17:0x80040fe4 x31=0x00000000
      26925.000 ns	      2691	80000a24	03ca31b3	mulhu	x3,x20,x28	 x20:0x80040c12 x28:0x00000000  x3=0x00000000
      26955.000 ns	      2694	80000a28	a0788cd3	fle.s	x25,f17,f7	 f17:0x45b50a40  f7:0xff7fffff x25=0x00000000
      26985.000 ns	      2697	80000a2c	a0ff8353	fle.s	x6,f31,f15	 f31:0xff800001 f15:0x7fc00000  x6=0x00000000
      27015.000 ns	      2700	80000a30	c00f4dd3	fcvt.w.s	x27,f30	 f30:0x7fc00000 x27=0x7fffffff
      28195.000 ns	      2818	80000a34	58069553	fsqrt.s	f10,f13	 f13:0x471e650b f10=0x42e0006e
      28225.000 ns	      2821	80000a38	028513b3	mulh	x7,x10,x8	 x10:0x00000000  x8:0x00000000  x7=0x00000000
      28245.000 ns	      2823	80000a3c	009eccb3	xor	x25,x29,x9	 x29:0xffffffff  x9:0x00000000 x25=0xffffffff
      28255.000 ns	      2824	80000a40	01828e33	add	x28,x5,x24	  x5:0x00000001 x24:0x00000000 x28=0x00000001
      28265.000 ns	      2825	80000a44	01d8ff33	and	x30,x17,x29	 x17:0x80040fe4 x29:0xffffffff x30=0x80040fe4
      28275.000 ns	      2826	80000a48	00000013	addi	x0,x0,0	  x0:0x00000000
      28295.000 ns	      2828	80000a4c	037f8833	mul	x16,x31,x23	 x31:0x00000000 x23:0x00000001 x16=0x00000000
      28325.000 ns	      2831	80000a50	d00d44d3	fcvt.s.w	f9,x26	 x26:0x00000000  f9=0x00000000
      28345.000 ns	      2833	80000a54	6ac86793	ori	x15,x16,1708	 x16:0x00000000 x15=0x000006ac
      28355.000 ns	      2834	80000a58	1475a093	slti	x1,x11,327	 x11:0x80041024  x1=0x00000001
      28395.000 ns	      2838	80000a5c	000b7cd3	fadd.s	f25,f22,f0	 f22:0xc5b50a40  f0:0x7fc00000 f25=0x7fc00000
      28415.000 ns	      2840	80000a60	d945ff13	andi	x30,x11,-620	 x11:0x80041024 x30=0x80041004
      28435.000 ns	      2842	80000a64	29de12d3	fmax.s	f5,f28,f29	 f28:0x7fc00000 f29:0x80000000  f5=0x80000000
      28465.000 ns	      2845	80000a68	a0e81653	flt.s	x12,f16,f14	 f16:0x00000001 f14:0x471e650b x12=0x00000001
      28495.000 ns	      2848	80000a6c	a073a053	feq.s	x0,f7,f7	  f7:0xff7fffff  f7:0xff7fffff
      28525.000 ns	      2851	80000a70	e0078053	fmv.x.w	x0,f15	 f15:0x7fc00000
      28555.000 ns	      2854	80000a74	e0040c53	fmv.x.w	x24,f8	  f8:0x80000000 x24=0x80000000
      28575.000 ns	      2856	80000a78	0087a0b3	slt	x1,x15,x8	 x15:0x000006ac  x8:0x00000000  x1=0x00000000
      28585.000 ns	      2857	80000a7c	402e0433	sub	x8,x28,x2	 x28:0x00000001  x2:0x00000000  x8=0x00000001
      28595.000 ns	      2858	80000a80	008b7a33	and	x20,x22,x8	 x22:0x00000000  x8:0x00000000 x20=0x00000000
      28615.000 ns	      2860	80000a84	20708f53	fsgnj.s	f30,f1,f7	  f1:0x7fc00000  f7:0xff7fffff f30=0xffc00000
      28645.000 ns	      2863	80000a88	d00870d3	fcvt.s.w	f1,x16	 x16:0x00000000  f1=0x00000000
      29015.000 ns	      2900	80000a8c	03324733	div	x14,x4,x19	  x4:0x00000000 x19:0x1710d712 x14=0x00000000
      29045.000 ns	      2903	80000a90	a1db0fd3	fle.s	x31,f22,f29	 f22:0xc5b50a40 f29:0x80000000 x31=0x00000001
      29075.000 ns	      2906	80000a94	03fba933	mulhsu	x18,x23,x31	 x23:0x00000001 x31:0x00000000 x18=0x00000000
      29095.000 ns	      2908	80000a98	2bbb2413	slti	x8,x22,699	 x22:0x00000000  x8=0x00000001
      29455.000 ns	      2944	80000a9c	03bc44b3	div	x9,x24,x27	 x24:0x80000000 x27:0x7fffffff  x9=0xffffffff
      29485.000 ns	      2947	80000aa0	e00d9453	fclass.s	x8,f27	 f27:0x4dc68e80  x8=0x00000040
      29515.000 ns	      2950	80000aa4	c00f96d3	fcvt.w.s	x13,f31	 f31:0xff800001 x13=0x7fffffff
      29545.000 ns	      2953	80000aa8	023e7833	remu	x16,x28,x3	 x28:0x00000001  x3:0x00000000 x16=0x00000001
      29575.000 ns	      2956	80000aac	e00082d3	fmv.x.w	x5,f1	  f1:0x00000000  x5=0x00000000
      29615.000 ns	      2960	80000ab0	580d14d3	fsqrt.s	f9,f26	 f26:0x00000000  f9=0x00000000
      29645.000 ns	      2963	80000ab4	d013a153	fcvt.s.wu	f2,x7	  x7:0x00000000  f2=0x00000000
      29675.000 ns	      2966	80000ab8	d01b37d3	fcvt.s.wu	f15,x22	 x22:0x00000000 f15=0x00000000
      29695.000 ns	      2968	80000abc	da598c13	addi	x24,x19,-603	 x19:0x1710d712 x24=0x1710d4b7
      29715.000 ns	      2970	80000ac0	a10a97d3	flt.s	x15,f21,f16	 f21:0xcefff7e0 f16:0x00000001 x15=0x00000001
      29735.000 ns	      2972	80000ac4	00ba04b3	add	x9,x20,x11	 x20:0x00000000 x11:0x80041024  x9=0x80041024
      29765.000 ns	      2975	80000ac8	1189f4d3	fmul.s	f9,f19,f24	 f19:0x7fc00000 f24:0x80000000  f9=0x7fc00000
      29785.000 ns	      2977	80000acc	017ce733	or	x14,x25,x23	 x25:0xffffffff x23:0x00000001 x14=0xffffffff
      29805.000 ns	      2979	80000ad0	a10d81d3	fle.s	x3,f27,f16	 f27:0x4dc68e80 f16:0x00000001  x3=0x00000000
      29835.000 ns	      2982	80000ad4	21250ad3	fsgnj.s	f21,f10,f18	 f10:0x42e0006e f18:0xff7fffff f21=0xc2e0006e
      29865.000 ns	      2985	80000ad8	e00c9ed3	fclass.s	x29,f25	 f25:0x7fc00000 x29=0x00000200
      30235.000 ns	      3022	80000adc	03f4ea33	rem	x20,x9,x31	  x9:0x80041024 x31:0x00000001 x20=0x00000000
      30255.000 ns	      3024	80000ae0	00489033	sll	x0,x17,x4	 x17:0x80040fe4  x4:0x00000000
      30275.000 ns	      3026	80000ae4	0392b1b3	mulhu	x3,x5,x25	  x5:0x00000000 x25:0xffffffff  x3=0x00000000
      30305.000 ns	      3029	80000ae8	0366edb3	rem	x27,x13,x22	 x13:0x7fffffff x22:0x00000000 x27=0x7fffffff
      30325.000 ns	      3031	80000aec	6bef0c97	auipc	x25,0x6bef0	 x25=0xebef0aec
      30345.000 ns	      3033	80000af0	03fe87b3	mul	x15,x29,x31	 x29:0x00000200 x31:0x00000001 x15=0x00000200
      30375.000 ns	      3036	80000af4	02dcac33	mulhsu	x24,x25,x13	 x25:0xffffffff x13:0x7fffffff x24=0xf5f78576
      30395.000 ns	      3038	80000af8	4d01c293	xori	x5,x3,1232	  x3:0x00000000  x5=0x000004d0
      30435.000 ns	      3042	80000afc	09afb9d3	fsub.s	f19,f31,f26	 f31:0xff800001 f26:0x00000000 f19=0x7fc00000
      30805.000 ns	      3079	80000b00	03f7f3b3	remu	x7,x15,x31	 x15:0x00000200 x31:0x00000001  x7=0x00000000
      31175.000 ns	      3116	80000b04	0297dfb3	divu	x31,x15,x9	 x15:0x00000200  x9:0x80041024 x31=0x00000000
      31205.000 ns	      3119	80000b08	03388e33	mul	x28,x17,x19	 x17:0x80040fe4 x19:0x1710d712 x28=0xe3e19a08
      31225.000 ns	      3121	80000b0c	0063abb3	slt	x23,x7,x6	  x7:0x00000000  x6:0x00000000 x23=0x00000000
      31245.000 ns	      3123	80000b10	020c6333	rem	x6,x24,x0	 x24:0xf5f78576  x0:0x00000000  x6=0xf5f78576
      31275.000 ns	      3126	80000b14	200a00d3	fsgnj.s	f1,f20,f0	 f20:0x57b5d7dd  f0:0x7fc00000  f1=0x57b5d7dd
      31305.000 ns	      3129	80000b18	e00c0e53	fmv.x.w	x28,f24	 f24:0x80000000 x28=0x80000000
      31335.000 ns	      3132	80000b1c	d01d74d3	fcvt.s.wu	f9,x26	 x26:0x00000000  f9=0x00000000
      31355.000 ns	      3134	80000b20	3764ad93	slti	x27,x9,886	  x9:0x80041024 x27=0x00000001
      31395.000 ns	      3138	80000b24	0080ff53	fadd.s	f30,f1,f8	  f1:0x57b5d7dd  f8:0x80000000 f30=0x57b5d7dd
      31415.000 ns	      3140	80000b28	3845c013	xori	x0,x11,900	 x11:0x80041024
      31425.000 ns	      3141	80000b2c	009b8433	add	x8,x23,x9	 x23:0x00000000  x9:0x80041024  x8=0x80041024
      31435.000 ns	      3142	80000b30	0195da93	srli	x21,x11,0x19	 x11:0x80041024 x21=0x00000040
      31455.000 ns	      3144	80000b34	c00e4153	fcvt.w.s	x2,f28	 f28:0x7fc00000  x2=0x7fffffff
      31475.000 ns	      3146	80000b38	88bdc513	xori	x10,x27,-1909	 x27:0x00000001 x10=0xfffff88a
      31485.000 ns	      3147	80000b3c	00b052b3	srl	x5,x0,x11	  x0:0x00000000 x11:0x80041024  x5=0x00000000
      31505.000 ns	      3149	80000b40	e00e93d3	fclass.s	x7,f29	 f29:0x80000000  x7=0x00000008
      31535.000 ns	      3152	80000b44	204c2a53	fsgnjx.s	f20,f24,f4	 f24:0x80000000  f4:0xffc00000 f20=0x00000000
      31565.000 ns	      3155	80000b48	023b8633	mul	x12,x23,x3	 x23:0x00000000  x3:0x00000000 x12=0x00000000
      31595.000 ns	      3158	80000b4c	e0011a53	fclass.s	x20,f2	  f2:0x00000000 x20=0x00000010
      31625.000 ns	      3161	80000b50	e0009ed3	fclass.s	x29,f1	  f1:0x57b5d7dd x29=0x00000040
      31665.000 ns	      3165	80000b54	58007d53	fsqrt.s	f26,f0	  f0:0x7fc00000 f26=0x7fc00000
      31695.000 ns	      3168	80000b58	02f183b3	mul	x7,x3,x15	  x3:0x00000000 x15:0x00000200  x7=0x00000000
      31715.000 ns	      3170	80000b5c	01109713	slli	x14,x1,0x11	  x1:0x00000000 x14=0x00000000
      31725.000 ns	      3171	80000b60	e637f913	andi	x18,x15,-413	 x15:0x00000200 x18=0x00000200
      31765.000 ns	      3175	80000b64	017a7653	fadd.s	f12,f20,f23	 f20:0x00000000 f23:0x7fc00000 f12=0x7fc00000
      31785.000 ns	      3177	80000b68	01e61133	sll	x2,x12,x30	 x12:0x00000000 x30:0x80041004  x2=0x00000000
      31795.000 ns	      3178	80000b6c	257ca913	slti	x18,x25,599	 x25:0xebef0aec x18=0x00000001
      31805.000 ns	      3179	80000b70	01c8adb3	slt	x27,x17,x28	 x17:0x80040fe4 x28:0x80000000 x27=0x00000000
      31815.000 ns	      3180	80000b74	01cbfa33	and	x20,x23,x28	 x23:0x00000000 x28:0x80000000 x20=0x00000000
      31835.000 ns	      3182	80000b78	a01603d3	fle.s	x7,f12,f1	 f12:0x7fc00000  f1:0x57b5d7dd  x7=0x00000000
      31885.000 ns	      3187	80000b7c	09bb7153	fsub.s	f2,f22,f27	 f22:0xc5b50a40 f27:0x4dc68e80  f2=0xcdc68f35
      31915.000 ns	      3190	80000b80	e00e9fd3	fclass.s	x31,f29	 f29:0x80000000 x31=0x00000008
      31945.000 ns	      3193	80000b84	c01773d3	fcvt.wu.s	x7,f14	 f14:0x471e650b  x7=0x00009e65
      31965.000 ns	      3195	80000b88	00c9aab3	slt	x21,x19,x12	 x19:0x1710d712 x12:0x00000000 x21=0x00000000
      31985.000 ns	      3197	80000b8c	20b81cd3	fsgnjn.s	f25,f16,f11	 f16:0x00000001 f11:0x00000000 f25=0x80000001
      32035.000 ns	      3202	80000b90	088077d3	fsub.s	f15,f0,f8	  f0:0x7fc00000  f8:0x80000000 f15=0x7fc00000
      32065.000 ns	      3205	80000b94	025b6633	rem	x12,x22,x5	 x22:0x00000000  x5:0x00000000 x12=0x00000000
      32095.000 ns	      3208	80000b98	02cc91b3	mulh	x3,x25,x12	 x25:0xebef0aec x12:0x00000000  x3=0x00000000
      32115.000 ns	      3210	80000b9c	85154c93	xori	x25,x10,-1967	 x10:0xfffff88a x25=0x000000db
      32135.000 ns	      3212	80000ba0	21930953	fsgnj.s	f18,f6,f25	  f6:0x00000000 f25:0x80000001 f18=0x80000000
      32155.000 ns	      3214	80000ba4	41915ab3	sra	x21,x2,x25	  x2:0x00000000 x25:0xebef0aec x21=0x00000000
      32165.000 ns	      3215	80000ba8	00808e33	add	x28,x1,x8	  x1:0x00000000  x8:0x80041024 x28=0x80041024
      32175.000 ns	      3216	80000bac	414d5013	srai	x0,x26,0x14	 x26:0x00000000
      32185.000 ns	      3217	80000bb0	01a1dd13	srli	x26,x3,0x1a	  x3:0x00000000 x26=0x00000000
      32545.000 ns	      3253	80000bb4	0394d633	divu	x12,x9,x25	  x9:0x80041024 x25:0x000000db x12=0x0095a4e5
      32575.000 ns	      3256	80000bb8	a1bd2253	feq.s	x4,f26,f27	 f26:0x7fc00000 f27:0x4dc68e80  x4=0x00000000
      32945.000 ns	      3293	80000bbc	03d2df33	divu	x30,x5,x29	  x5:0x00000000 x29:0x00000040 x30=0x00000000
      32975.000 ns	      3296	80000bc0	03329333	mulh	x6,x5,x19	  x5:0x00000000 x19:0x1710d712  x6=0x00000000
      33005.000 ns	      3299	80000bc4	c012fdd3	fcvt.wu.s	x27,f5	  f5:0x80000000 x27=0x00000000
      33025.000 ns	      3301	80000bc8	12954293	xori	x5,x10,297	 x10:0xfffff88a  x5=0xfffff9a3
      33045.000 ns	      3303	80000bcc	02bb21b3	mulhsu	x3,x22,x11	 x22:0x00000000 x11:0x80041024  x3=0x00000000
      33065.000 ns	      3305	80000bd0	00000013	addi	x0,x0,0	  x0:0x00000000
      33075.000 ns	      3306	80000bd4	002dd1b3	srl	x3,x27,x2	 x27:0x00000000  x2:0x00000000  x3=0x00000000
      33095.000 ns	      3308	80000bd8	29a184d3	fmin.s	f9,f3,f26	  f3:0x7f800000 f26:0x7fc00000  f9=0x7f800000
      33115.000 ns	      3310	80000bdc	658ccc93	xori	x25,x25,1624	 x25:0x000000db x25=0x00000683
      33125.000 ns	      3311	80000be0	c589e493	ori	x9,x19,-936	 x19:0x1710d712  x9=0xffffff5a
      33135.000 ns	      3312	80000be4	003afcb3	and	x25,x21,x3	 x21:0x00000000  x3:0x00000000 x25=0x00000000
      33495.000 ns	      3348	80000be8	02caf133	remu	x2,x21,x12	 x21:0x00000000 x12:0x0095a4e5  x2=0x00000000
      33865.000 ns	      3385	80000bec	02dc6433	rem	x8,x24,x13	 x24:0xf5f78576 x13:0x7fffffff  x8=0xf5f78576
      33895.000 ns	      3388	80000bf0	02e0d833	divu	x16,x1,x14	  x1:0x00000000 x14:0x00000000 x16=0xffffffff
      33915.000 ns	      3390	80000bf4	010afab3	and	x21,x21,x16	 x21:0x00000000 x16:0x00000001 x21=0x00000000
      33925.000 ns	      3391	80000bf8	c591a297	auipc	x5,0xc591a	  x5=0x4591abf8
      33945.000 ns	      3393	80000bfc	02e514b3	mulh	x9,x10,x14	 x10:0xfffff88a x14:0x00000000  x9=0x00000000
      33965.000 ns	      3395	80000c00	00d4d813	srli	x16,x9,0xd	  x9:0xffffff5a x16=0x00000000
      33975.000 ns	      3396	80000c04	405c5813	srai	x16,x24,0x5	 x24:0xf5f78576 x16=0xffafbc2b
      33985.000 ns	      3397	80000c08	4045dd93	srai	x27,x11,0x4	 x11:0x80041024 x27=0xf8004102
      34005.000 ns	      3399	80000c0c	c0007653	fcvt.w.s	x12,f0	  f0:0x7fc00000 x12=0x7fffffff
      34025.000 ns	      3401	80000c10	d68fcc93	xori	x25,x31,-664	 x31:0x00000008 x25=0xfffffd60
      34045.000 ns	      3403	80000c14	a1b3a2d3	feq.s	x5,f7,f27	  f7:0xff7fffff f27:0x4dc68e80  x5=0x00000000
      34075.000 ns	      3406	80000c18	d00ff153	fcvt.s.w	f2,x31	 x31:0x00000008  f2=0x41000000
      34095.000 ns	      3408	80000c1c	fca4e113	ori	x2,x9,-54	  x9:0x00000000  x2=0xffffffca
      34115.000 ns	      3410	80000c20	a05911d3	flt.s	x3,f18,f5	 f18:0x80000000  f5:0x80000000  x3=0x00000000
      34145.000 ns	      3413	80000c24	28710dd3	fmin.s	f27,f2,f7	  f2:0x41000000  f7:0xff7fffff f27=0xff7fffff
      34175.000 ns	      3416	80000c28	e0070853	fmv.x.w	x16,f14	 f14:0x471e650b x16=0x471e650b
      34225.000 ns	      3421	80000c2c	01647f53	fadd.s	f30,f8,f22	  f8:0x80000000 f22:0xc5b50a40 f30=0xc5b50a40
      34255.000 ns	      3424	80000c30	c01a4453	fcvt.wu.s	x8,f20	 f20:0x00000000  x8=0x00000000
      34285.000 ns	      3427	80000c34	d0048f53	fcvt.s.w	f30,x9	  x9:0x00000000 f30=0x00000000
      34315.000 ns	      3430	80000c38	283498d3	fmax.s	f17,f9,f3	  f9:0x7f800000  f3:0x7f800000 f17=0x7f800000
      34345.000 ns	      3433	80000c3c	030aa033	mulhsu	x0,x21,x16	 x21:0x00000000 x16:0x471e650b
      34375.000 ns	      3436	80000c40	21cc1253	fsgnjn.s	f4,f24,f28	 f24:0x80000000 f28:0x7fc00000  f4=0x80000000
      34395.000 ns	      3438	80000c44	4046d533	sra	x10,x13,x4	 x13:0x7fffffff  x4:0x00000000 x10=0x7fffffff
      34415.000 ns	      3440	80000c48	e0001bd3	fclass.s	x23,f0	  f0:0x7fc00000 x23=0x00000200
      34785.000 ns	      3477	80000c4c	0276f1b3	remu	x3,x13,x7	 x13:0x7fffffff  x7:0x00009e65  x3=0x0000219f
      34805.000 ns	      3479	80000c50	40905a93	srai	x21,x0,0x9	  x0:0x00000000 x21=0x00000000
      34815.000 ns	      3480	80000c54	01643e33	sltu	x28,x8,x22	  x8:0x00000000 x22:0x00000000 x28=0x00000000
      34825.000 ns	      3481	80000c58	013e61b3	or	x3,x28,x19	 x28:0x80041024 x19:0x1710d712  x3=0x1710d712
      34835.000 ns	      3482	80000c5c	00ae1ab3	sll	x21,x28,x10	 x28:0x80041024 x10:0x7fffffff x21=0x00000000
      34845.000 ns	      3483	80000c60	b4264b93	xori	x23,x12,-1214	 x12:0x7fffffff x23=0x800004bd
      34855.000 ns	      3484	80000c64	0172cbb3	xor	x23,x5,x23	  x5:0x00000000 x23:0x00000200 x23=0x800004bd
      34865.000 ns	      3485	80000c68	410cdab3	sra	x21,x25,x16	 x25:0xfffffd60 x16:0x471e650b x21=0xffffffff
      34885.000 ns	      3487	80000c6c	a03f23d3	feq.s	x7,f30,f3	 f30:0x00000000  f3:0x7f800000  x7=0x00000000
      34915.000 ns	      3490	80000c70	29a48f53	fmin.s	f30,f9,f26	  f9:0x7f800000 f26:0x7fc00000 f30=0x7f800000
      34945.000 ns	      3493	80000c74	03cb1733	mulh	x14,x22,x28	 x22:0x00000000 x28:0x00000000 x14=0x00000000
      34965.000 ns	      3495	80000c78	14a464b7	lui	x9,0x14a46	  x9=0x14a46000
      34975.000 ns	      3496	80000c7c	00d95033	srl	x0,x18,x13	 x18:0x00000001 x13:0x7fffffff
      34985.000 ns	      3497	80000c80	c936ad13	slti	x26,x13,-877	 x13:0x7fffffff x26=0x00000000
      34995.000 ns	      3498	80000c84	01981333	sll	x6,x16,x25	 x16:0x471e650b x25:0xfffffd60  x6=0x471e650b
      35005.000 ns	      3499	80000c88	003c9393	slli	x7,x25,0x3	 x25:0xfffffd60  x7=0xffffeb00
      35015.000 ns	      3500	80000c8c	0159c533	xor	x10,x19,x21	 x19:0x1710d712 x21:0xffffffff x10=0xe8ef28ed
      35035.000 ns	      3502	80000c90	a1960e53	fle.s	x28,f12,f25	 f12:0x7fc00000 f25:0x80000001 x28=0x00000000
      35065.000 ns	      3505	80000c94	e0039bd3	fclass.s	x23,f7	  f7:0xff7fffff x23=0x00000002
      35095.000 ns	      3508	80000c98	283280d3	fmin.s	f1,f5,f3	  f5:0x80000000  f3:0x7f800000  f1=0x80000000
      36275.000 ns	      3626	80000c9c	58087453	fsqrt.s	f8,f16	 f16:0x00000001  f8=0x1f350483
      36295.000 ns	      3628	80000ca0	69377413	andi	x8,x14,1683	 x14:0x00000000  x8=0x00000000
      36305.000 ns	      3629	80000ca4	00895ab3	srl	x21,x18,x8	 x18:0x00000001  x8:0x00000000 x21=0x00000001
      36325.000 ns	      3631	80000ca8	a0d51753	flt.s	x14,f10,f13	 f10:0x42e0006e f13:0x471e650b x14=0x00000001
      36345.000 ns	      3633	80000cac	01296d33	or	x26,x18,x18	 x18:0x00000001 x18:0x00000001 x26=0x00000001
      36355.000 ns	      3634	80000cb0	01e4de93	srli	x29,x9,0x1e	  x9:0x14a46000 x29=0x00000000
      36395.000 ns	      3638	80000cb4	01097c53	fadd.s	f24,f18,f16	 f18:0x80000000 f16:0x00000001 f24=0x00000001
      36425.000 ns	      3641	80000cb8	c0009953	fcvt.w.s	x18,f1	  f1:0x80000000 x18=0x00000000
      36445.000 ns	      3643	80000cbc	00139333	sll	x6,x7,x1	  x7:0xffffeb00  x1:0x00000000  x6=0xffffeb00
      36455.000 ns	      3644	80000cc0	910d8bb7	lui	x23,0x910d8	 x23=0x910d8000
      36475.000 ns	      3646	80000cc4	21832353	fsgnjx.s	f6,f6,f24	  f6:0x00000000 f24:0x00000001  f6=0x00000000
      36495.000 ns	      3648	80000cc8	40085433	sra	x8,x16,x0	 x16:0x471e650b  x0:0x00000000  x8=0x471e650b
      36505.000 ns	      3649	80000ccc	00761393	slli	x7,x12,0x7	 x12:0x7fffffff  x7=0xffffff80
      36515.000 ns	      3650	80000cd0	015070b3	and	x1,x0,x21	  x0:0x00000000 x21:0x00000001  x1=0x00000000
      36535.000 ns	      3652	80000cd4	c00df853	fcvt.w.s	x16,f27	 f27:0xff7fffff x16=0x80000000
      36555.000 ns	      3654	80000cd8	011c5cb3	srl	x25,x24,x17	 x24:0xf5f78576 x17:0x80040fe4 x25=0x0f5f7857
      36575.000 ns	      3656	80000cdc	02052233	mulhsu	x4,x10,x0	 x10:0xe8ef28ed  x0:0x00000000  x4=0x00000000
      36595.000 ns	      3658	80000ce0	40c402b3	sub	x5,x8,x12	  x8:0x471e650b x12:0x7fffffff  x5=0xc71e650c
      36615.000 ns	      3660	80000ce4	03f720b3	mulhsu	x1,x14,x31	 x14:0x00000001 x31:0x00000008  x1=0x00000000
      36645.000 ns	      3663	80000ce8	201ea553	fsgnjx.s	f10,f29,f1	 f29:0x80000000  f1:0x80000000 f10=0x00000000
      36685.000 ns	      3667	80000cec	5801ffd3	fsqrt.s	f31,f3	  f3:0x7f800000 f31=0x7f800000
      36705.000 ns	      3669	80000cf0	00000013	addi	x0,x0,0	  x0:0x00000000
      36715.000 ns	      3670	80000cf4	007ab933	sltu	x18,x21,x7	 x21:0x00000001  x7:0xffffff80 x18=0x00000001
      36735.000 ns	      3672	80000cf8	21c112d3	fsgnjn.s	f5,f2,f28	  f2:0x41000000 f28:0x7fc00000  f5=0xc1000000
      36765.000 ns	      3675	80000cfc	0209c2b3	div	x5,x19,x0	 x19:0x1710d712  x0:0x00000000  x5=0xffffffff
      36795.000 ns	      3678	80000d00	03300333	mul	x6,x0,x19	  x0:0x00000000 x19:0x1710d712  x6=0x00000000
      36825.000 ns	      3681	80000d04	c00316d3	fcvt.w.s	x13,f6	  f6:0x00000000 x13=0x00000000
      36855.000 ns	      3684	80000d08	e00a96d3	fclass.s	x13,f21	 f21:0xc2e0006e x13=0x00000002
      36885.000 ns	      3687	80000d0c	28c01a53	fmax.s	f20,f0,f12	  f0:0x7fc00000 f12:0x7fc00000 f20=0x7fc00000
      36905.000 ns	      3689	80000d10	408e02b3	sub	x5,x28,x8	 x28:0x00000000  x8:0x471e650b  x5=0xb8e19af5
      36915.000 ns	      3690	80000d14	0533e937	lui	x18,0x533e	 x18=0x0533e000
      36925.000 ns	      3691	80000d18	00000013	addi	x0,x0,0	  x0:0x00000000
      36945.000 ns	      3693	80000d1c	03c592b3	mulh	x5,x11,x28	 x11:0x80041024 x28:0x00000000  x5=0x00000000
      36975.000 ns	      3696	80000d20	d00ec853	fcvt.s.w	f16,x29	 x29:0x00000000 f16=0x00000000
      37005.000 ns	      3699	80000d24	20299f53	fsgnjn.s	f30,f19,f2	 f19:0x7fc00000  f2:0x41000000 f30=0xffc00000
      37025.000 ns	      3701	80000d28	f0b3a3b7	lui	x7,0xf0b3a	  x7=0xf0b3a000
      37035.000 ns	      3702	80000d2c	009ac7b3	xor	x15,x21,x9	 x21:0x00000001  x9:0x14a46000 x15=0x14a46001
      37055.000 ns	      3704	80000d30	030e12b3	mulh	x5,x28,x16	 x28:0x00000000 x16:0x80000000  x5=0x00000000
      37075.000 ns	      3706	80000d34	00471e33	sll	x28,x14,x4	 x14:0x00000001  x4:0x00000000 x28=0x00000001
      37085.000 ns	      3707	80000d38	019efab3	and	x21,x29,x25	 x29:0x00000000 x25:0x0f5f7857 x21=0x00000000
      37095.000 ns	      3708	80000d3c	3cd03697	auipc	x13,0x3cd03	 x13=0xbcd03d3c
      37115.000 ns	      3710	80000d40	28518153	fmin.s	f2,f3,f5	  f3:0x7f800000  f5:0xc1000000  f2=0xc1000000
      37145.000 ns	      3713	80000d44	a1cc0b53	fle.s	x22,f24,f28	 f24:0x00000001 f28:0x7fc00000 x22=0x00000000
      37195.000 ns	      3718	80000d48	009d7ad3	fadd.s	f21,f26,f9	 f26:0x7fc00000  f9:0x7f800000 f21=0x7fc00000
      37225.000 ns	      3721	80000d4c	0341afb3	mulhsu	x31,x3,x20	  x3:0x1710d712 x20:0x00000000 x31=0x00000000
      37245.000 ns	      3723	80000d50	77c72013	slti	x0,x14,1916	 x14:0x00000001
      37255.000 ns	      3724	80000d54	010616b3	sll	x13,x12,x16	 x12:0x7fffffff x16:0x80000000 x13=0x7fffffff
      37265.000 ns	      3725	80000d58	0aebd0b7	lui	x1,0xaebd	  x1=0x0aebd000
      37285.000 ns	      3727	80000d5c	f0010ed3	fmv.w.x	f29,x2	  x2:0xffffffca f29=0xffffffca
      37315.000 ns	      3730	80000d60	035fdbb3	divu	x23,x31,x21	 x31:0x00000000 x21:0x00000000 x23=0xffffffff
      37345.000 ns	      3733	80000d64	a09090d3	flt.s	x1,f1,f9	  f1:0x80000000  f9:0x7f800000  x1=0x00000001
      37375.000 ns	      3736	80000d68	a12381d3	fle.s	x3,f7,f18	  f7:0xff7fffff f18:0x80000000  x3=0x00000001
      37395.000 ns	      3738	80000d6c	01b21033	sll	x0,x4,x27	  x4:0x00000000 x27:0xf8004102
      37415.000 ns	      3740	80000d70	c0069353	fcvt.w.s	x6,f13	 f13:0x471e650b  x6=0x00009e65
      37445.000 ns	      3743	80000d74	21a70dd3	fsgnj.s	f27,f14,f26	 f14:0x471e650b f26:0x7fc00000 f27=0x471e650b
      37475.000 ns	      3746	80000d78	d00df4d3	fcvt.s.w	f9,x27	 x27:0xf8004102  f9=0xccfff7df
      37495.000 ns	      3748	80000d7c	0173d613	srli	x12,x7,0x17	  x7:0xf0b3a000 x12=0x000001e1
      37505.000 ns	      3749	80000d80	013766b3	or	x13,x14,x19	 x14:0x00000001 x19:0x1710d712 x13=0x1710d713
      37525.000 ns	      3751	80000d84	2146a953	fsgnjx.s	f18,f13,f20	 f13:0x471e650b f20:0x7fc00000 f18=0x471e650b
      37545.000 ns	      3753	80000d88	01cc5293	srli	x5,x24,0x1c	 x24:0xf5f78576  x5=0x0000000f
      37565.000 ns	      3755	80000d8c	f00b8c53	fmv.w.x	f24,x23	 x23:0xffffffff f24=0xffffffff
      37615.000 ns	      3760	80000d90	089b0a53	fsub.s	f20,f22,f9	 f22:0xc5b50a40  f9:0xccfff7df f20=0x4cfff50b
      37655.000 ns	      3764	80000d94	19d375d3	fdiv.s	f11,f6,f29	  f6:0x00000000 f29:0xffffffca f11=0x7fc00000
      37685.000 ns	      3767	80000d98	c01971d3	fcvt.wu.s	x3,f18	 f18:0x471e650b  x3=0x00009e65
      37735.000 ns	      3772	80000d9c	09b37253	fsub.s	f4,f6,f27	  f6:0x00000000 f27:0x471e650b  f4=0xc71e650b
      37765.000 ns	      3775	80000da0	02372db3	mulhsu	x27,x14,x3	 x14:0x00000001  x3:0x00009e65 x27=0x00000000
      37785.000 ns	      3777	80000da4	2aae6713	ori	x14,x28,682	 x28:0x00000001 x14=0x000002ab
      37795.000 ns	      3778	80000da8	00000013	addi	x0,x0,0	  x0:0x00000000
      37805.000 ns	      3779	80000dac	011dcc33	xor	x24,x27,x17	 x27:0x00000000 x17:0x80040fe4 x24=0x80040fe4
      37815.000 ns	      3780	80000db0	0093b2b3	sltu	x5,x7,x9	  x7:0xf0b3a000  x9:0x14a46000  x5=0x00000000
      37825.000 ns	      3781	80000db4	00000013	addi	x0,x0,0	  x0:0x00000000
      37845.000 ns	      3783	80000db8	03fcc2b3	div	x5,x25,x31	 x25:0x0f5f7857 x31:0x00000000  x5=0xffffffff
      37865.000 ns	      3785	80000dbc	01f5ccb3	xor	x25,x11,x31	 x11:0x80041024 x31:0x00000000 x25=0x80041024
      37885.000 ns	      3787	80000dc0	21789053	fsgnjn.s	f0,f17,f23	 f17:0x7f800000 f23:0x7fc00000  f0=0xff800000
      37915.000 ns	      3790	80000dc4	c00cfe53	fcvt.w.s	x28,f25	 f25:0x80000001 x28=0x00000000
      37965.000 ns	      3795	80000dc8	000e3453	fadd.s	f8,f28,f0	 f28:0x7fc00000  f0:0xff800000  f8=0x7fc00000
      38015.000 ns	      3800	80000dcc	013a7f53	fadd.s	f30,f20,f19	 f20:0x4cfff50b f19:0x7fc00000 f30=0x7fc00000
      38035.000 ns	      3802	80000dd0	dd694413	xori	x8,x18,-554	 x18:0x0533e000  x8=0xfacc1dd6
      38045.000 ns	      3803	80000dd4	6a8cad13	slti	x26,x25,1704	 x25:0x80041024 x26=0x00000001
      38065.000 ns	      3805	80000dd8	d00cfe53	fcvt.s.w	f28,x25	 x25:0x80041024 f28=0xcefff7df
      38095.000 ns	      3808	80000ddc	f00600d3	fmv.w.x	f1,x12	 x12:0x000001e1  f1=0x000001e1
      38115.000 ns	      3810	80000de0	0049e833	or	x16,x19,x4	 x19:0x1710d712  x4:0x00000000 x16=0x1710d712
      38125.000 ns	      3811	80000de4	40195b33	sra	x22,x18,x1	 x18:0x0533e000  x1:0x00000001 x22=0x0299f000
      38135.000 ns	      3812	80000de8	00c651b3	srl	x3,x12,x12	 x12:0x000001e1 x12:0x000001e1  x3=0x000000f0
      38155.000 ns	      3814	80000dec	c00b7553	fcvt.w.s	x10,f22	 f22:0xc5b50a40 x10=0x000016a1
      38185.000 ns	      3817	80000df0	c0114f53	fcvt.wu.s	x30,f2	  f2:0xc1000000 x30=0x00000008
      38205.000 ns	      3819	80000df4	00fbd513	srli	x10,x23,0xf	 x23:0xffffffff x10=0x0001ffff
      38225.000 ns	      3821	80000df8	29e896d3	fmax.s	f13,f17,f30	 f17:0x7f800000 f30:0x7fc00000 f13=0x7f800000
      38255.000 ns	      3824	80000dfc	c00ab453	fcvt.w.s	x8,f21	 f21:0x7fc00000  x8=0x7fffffff
      38275.000 ns	      3826	80000e00	01f2e7b3	or	x15,x5,x31	  x5:0xffffffff x31:0x00000000 x15=0xffffffff
      38295.000 ns	      3828	80000e04	03f5f133	remu	x2,x11,x31	 x11:0x80041024 x31:0x00000000  x2=0x80041024
      38315.000 ns	      3830	80000e08	b06b0113	addi	x2,x22,-1274	 x22:0x0299f000  x2=0x0299eb06
      38325.000 ns	      3831	80000e0c	a4ef8b13	addi	x22,x31,-1458	 x31:0x00000000 x22=0xfffffa4e
      38345.000 ns	      3833	80000e10	f00a82d3	fmv.w.x	f5,x21	 x21:0x00000000  f5=0x00000000
      38385.000 ns	      3837	80000e14	58018553	fsqrt.s	f10,f3	  f3:0x7f800000 f10=0x7f800000
      38405.000 ns	      3839	80000e18	40c05213	srai	x4,x0,0xc	  x0:0x00000000  x4=0x00000000
      38415.000 ns	      3840	80000e1c	00fc1ab3	sll	x21,x24,x15	 x24:0x80040fe4 x15:0xffffffff x21=0x00000000
      38425.000 ns	      3841	80000e20	fca44793	xori	x15,x8,-54	  x8:0x7fffffff x15=0x80000035
      38435.000 ns	      3842	80000e24	01c2a1b3	slt	x3,x5,x28	  x5:0xffffffff x28:0x00000000  x3=0x00000001
      38445.000 ns	      3843	80000e28	4c184c93	xori	x25,x16,1217	 x16:0x1710d712 x25=0x1710d3d3
      38455.000 ns	      3844	80000e2c	e0d42c13	slti	x24,x8,-499	  x8:0x7fffffff x24=0x00000000
      38465.000 ns	      3845	80000e30	0081c233	xor	x4,x3,x8	  x3:0x00000001  x8:0x7fffffff  x4=0x7ffffffe
      38475.000 ns	      3846	80000e34	b77c2e17	auipc	x28,0xb77c2	 x28=0x377c2e34
      38495.000 ns	      3848	80000e38	293996d3	fmax.s	f13,f19,f19	 f19:0x7fc00000 f19:0x7fc00000 f13=0x7fc00000
      38515.000 ns	      3850	80000e3c	0003b6b3	sltu	x13,x7,x0	  x7:0xf0b3a000  x0:0x00000000 x13=0x00000000
      38525.000 ns	      3851	80000e40	00b30db3	add	x27,x6,x11	  x6:0x00009e65 x11:0x80041024 x27=0x8004ae89
      38535.000 ns	      3852	80000e44	c3f34f13	xori	x30,x6,-961	  x6:0x00009e65 x30=0xffff625a
      38545.000 ns	      3853	80000e48	523b0693	addi	x13,x22,1315	 x22:0xfffffa4e x13=0xffffff71
      38565.000 ns	      3855	80000e4c	f0050ad3	fmv.w.x	f21,x10	 x10:0x0001ffff f21=0x0001ffff
      38585.000 ns	      3857	80000e50	01ccdc93	srli	x25,x25,0x1c	 x25:0x1710d3d3 x25=0x00000001
      38605.000 ns	      3859	80000e54	a0e79353	flt.s	x6,f15,f14	 f15:0x7fc00000 f14:0x471e650b  x6=0x00000000
      38625.000 ns	      3861	80000e58	009207b3	add	x15,x4,x9	  x4:0x7ffffffe  x9:0x14a46000 x15=0x94a45ffe
      38645.000 ns	      3863	80000e5c	f0068a53	fmv.w.x	f20,x13	 x13:0xffffff71 f20=0xffffff71
      38665.000 ns	      3865	80000e60	425aa393	slti	x7,x21,1061	 x21:0x00000000  x7=0x00000001
      38675.000 ns	      3866	80000e64	01795113	srli	x2,x18,0x17	 x18:0x0533e000  x2=0x0000000a
      38695.000 ns	      3868	80000e68	e00a84d3	fmv.x.w	x9,f21	 f21:0x0001ffff  x9=0x0001ffff
      38725.000 ns	      3871	80000e6c	d0197ed3	fcvt.s.wu	f29,x18	 x18:0x0533e000 f29=0x4ca67c00
      38745.000 ns	      3873	80000e70	013a26b3	slt	x13,x20,x19	 x20:0x00000000 x19:0x1710d712 x13=0x00000001
      38765.000 ns	      3875	80000e74	e0018853	fmv.x.w	x16,f3	  f3:0x7f800000 x16=0x7f800000
      38785.000 ns	      3877	80000e78	92096a93	ori	x21,x18,-1760	 x18:0x0533e000 x21=0xfffff920
      38805.000 ns	      3879	80000e7c	d0197453	fcvt.s.wu	f8,x18	 x18:0x0533e000  f8=0x4ca67c00
      38825.000 ns	      3881	80000e80	019dbcb3	sltu	x25,x27,x25	 x27:0x8004ae89 x25:0x00000001 x25=0x00000000
      38845.000 ns	      3883	80000e84	282d8453	fmin.s	f8,f27,f2	 f27:0x471e650b  f2:0xc1000000  f8=0xc1000000
      38865.000 ns	      3885	80000e88	dc1e6093	ori	x1,x28,-575	 x28:0x377c2e34  x1=0xfffffff5
      38875.000 ns	      3886	80000e8c	00962e33	slt	x28,x12,x9	 x12:0x000001e1  x9:0x0001ffff x28=0x00000001
      38895.000 ns	      3888	80000e90	034002b3	mul	x5,x0,x20	  x0:0x00000000 x20:0x00000000  x5=0x00000000
      38925.000 ns	      3891	80000e94	a1f7a853	feq.s	x16,f15,f31	 f15:0x7fc00000 f31:0x7f800000 x16=0x00000000
      38955.000 ns	      3894	80000e98	e00e1353	fclass.s	x6,f28	 f28:0xcefff7df  x6=0x00000002
      39005.000 ns	      3899	80000e9c	08e6ff53	fsub.s	f30,f13,f14	 f13:0x7fc00000 f14:0x471e650b f30=0x7fc00000
      39025.000 ns	      3901	80000ea0	0f0af013	andi	x0,x21,240	 x21:0xfffff920
      39035.000 ns	      3902	80000ea4	00f374b3	and	x9,x6,x15	  x6:0x00000002 x15:0x94a45ffe  x9=0x00000002
      39055.000 ns	      3904	80000ea8	212a8e53	fsgnj.s	f28,f21,f18	 f21:0x0001ffff f18:0x471e650b f28=0x0001ffff
      39095.000 ns	      3908	80000eac	5803f453	fsqrt.s	f8,f7	  f7:0xff7fffff  f8=0x7fc00000
      39125.000 ns	      3911	80000eb0	03213033	mulhu	x0,x2,x18	  x2:0x0000000a x18:0x0533e000
      39145.000 ns	      3913	80000eb4	e5b5cb93	xori	x23,x11,-421	 x11:0x80041024 x23=0x7ffbee7f
      39165.000 ns	      3915	80000eb8	e00f01d3	fmv.x.w	x3,f30	 f30:0x7fc00000  x3=0x7fc00000
      39195.000 ns	      3918	80000ebc	d01ef053	fcvt.s.wu	f0,x29	 x29:0x00000000  f0=0x00000000
      39235.000 ns	      3922	80000ec0	19ebfd53	fdiv.s	f26,f23,f30	 f23:0x7fc00000 f30:0x7fc00000 f26=0x7fc00000
      39255.000 ns	      3924	80000ec4	00ade3b3	or	x7,x27,x10	 x27:0x8004ae89 x10:0x0001ffff  x7=0x8005ffff
      40235.000 ns	      4022	80000ec8	580af553	fsqrt.s	f10,f21	 f21:0x0001ffff f10=0x1f37d88e
      40265.000 ns	      4025	80000ecc	c010f0d3	fcvt.wu.s	x1,f1	  f1:0x000001e1  x1=0x00000000
      40295.000 ns	      4028	80000ed0	206c0ad3	fsgnj.s	f21,f24,f6	 f24:0xffffffff  f6:0x00000000 f21=0x7fffffff
      40325.000 ns	      4031	80000ed4	a1691653	flt.s	x12,f18,f22	 f18:0x471e650b f22:0xc5b50a40 x12=0x00000000
      40355.000 ns	      4034	80000ed8	029e1f33	mulh	x30,x28,x9	 x28:0x00000001  x9:0x00000002 x30=0x00000000
      40375.000 ns	      4036	80000edc	007cd913	srli	x18,x25,0x7	 x25:0x00000000 x18=0x00000000
      40395.000 ns	      4038	80000ee0	020bdeb3	divu	x29,x23,x0	 x23:0x7ffbee7f  x0:0x00000000 x29=0xffffffff
      40415.000 ns	      4040	80000ee4	015d62b3	or	x5,x26,x21	 x26:0x00000001 x21:0xfffff920  x5=0xfffff921
      40425.000 ns	      4041	80000ee8	01a41113	slli	x2,x8,0x1a	  x8:0x7fffffff  x2=0xfc000000
      40435.000 ns	      4042	80000eec	003ccc33	xor	x24,x25,x3	 x25:0x00000000  x3:0x7fc00000 x24=0x7fc00000
      40455.000 ns	      4044	80000ef0	02659ab3	mulh	x21,x11,x6	 x11:0x80041024  x6:0x00000002 x21=0xffffffff
      40505.000 ns	      4049	80000ef4	00b4f8d3	fadd.s	f17,f9,f11	  f9:0xccfff7df f11:0x7fc00000 f17=0x7fc00000
      40875.000 ns	      4086	80000ef8	03c143b3	div	x7,x2,x28	  x2:0xfc000000 x28:0x00000001  x7=0xfc000000
      40905.000 ns	      4089	80000efc	c00e1653	fcvt.w.s	x12,f28	 f28:0x0001ffff x12=0x00000000
      40925.000 ns	      4091	80000f00	017cbcb3	sltu	x25,x25,x23	 x25:0x00000000 x23:0x7ffbee7f x25=0x00000001
      40945.000 ns	      4093	80000f04	02700fb3	mul	x31,x0,x7	  x0:0x00000000  x7:0xfc000000 x31=0x00000000
      41315.000 ns	      4130	80000f08	02fe56b3	divu	x13,x28,x15	 x28:0x00000001 x15:0x94a45ffe x13=0x00000000
      41365.000 ns	      4135	80000f0c	09fcf553	fsub.s	f10,f25,f31	 f25:0x80000001 f31:0x7f800000 f10=0xff800000
      41395.000 ns	      4138	80000f10	e0001553	fclass.s	x10,f0	  f0:0x00000000 x10=0x00000010
      41415.000 ns	      4140	80000f14	ecaecd93	xori	x27,x29,-310	 x29:0xffffffff x27=0x00000135
      41775.000 ns	      4176	80000f18	036acfb3	div	x31,x21,x22	 x21:0xffffffff x22:0xfffffa4e x31=0x00000000
      41805.000 ns	      4179	80000f1c	c011f353	fcvt.wu.s	x6,f3	  f3:0x7f800000  x6=0xffffffff
      42145.000 ns	      4213	80000f20	19d3f453	fdiv.s	f8,f7,f29	  f7:0xff7fffff f29:0x4ca67c00  f8=0xf2000000
      42195.000 ns	      4218	80000f24	016b84d3	fadd.s	f9,f23,f22	 f23:0x7fc00000 f22:0xc5b50a40  f9=0x7fc00000
      42215.000 ns	      4220	80000f28	001c5813	srli	x16,x24,0x1	 x24:0x7fc00000 x16=0x3fe00000
      42235.000 ns	      4222	80000f2c	c01f92d3	fcvt.wu.s	x5,f31	 f31:0x7f800000  x5=0xffffffff
      42255.000 ns	      4224	80000f30	0085ad33	slt	x26,x11,x8	 x11:0x80041024  x8:0x7fffffff x26=0x00000001
      42275.000 ns	      4226	80000f34	297e0253	fmin.s	f4,f28,f23	 f28:0x0001ffff f23:0x7fc00000  f4=0x0001ffff
      42645.000 ns	      4263	80000f38	03c44033	div	x0,x8,x28	  x8:0x7fffffff x28:0x00000001
      42695.000 ns	      4268	80000f3c	00a92953	fadd.s	f18,f18,f10	 f18:0x471e650b f10:0xff800000 f18=0xff800000
      42745.000 ns	      4273	80000f40	01c2fc53	fadd.s	f24,f5,f28	  f5:0x00000000 f28:0x0001ffff f24=0x0001ffff
      42765.000 ns	      4275	80000f44	41185493	srai	x9,x16,0x11	 x16:0x3fe00000  x9=0x00001ff0
      42775.000 ns	      4276	80000f48	00297cb3	and	x25,x18,x2	 x18:0x00000000  x2:0xfc000000 x25=0x00000000
      42795.000 ns	      4278	80000f4c	28b40253	fmin.s	f4,f8,f11	  f8:0xf2000000 f11:0x7fc00000  f4=0xf2000000
      42815.000 ns	      4280	80000f50	00427a33	and	x20,x4,x4	  x4:0x7ffffffe  x4:0x7ffffffe x20=0x7ffffffe
      42825.000 ns	      4281	80000f54	becb6337	lui	x6,0xbecb6	  x6=0xbecb6000
      42835.000 ns	      4282	80000f58	0563f197	auipc	x3,0x563f	  x3=0x8563ff58
      42855.000 ns	      4284	80000f5c	a08627d3	feq.s	x15,f12,f8	 f12:0x7fc00000  f8:0xf2000000 x15=0x00000000
      42875.000 ns	      4286	80000f60	00b683b3	add	x7,x13,x11	 x13:0x00000000 x11:0x80041024  x7=0x80041024
      42895.000 ns	      4288	80000f64	02d4a2b3	mulhsu	x5,x9,x13	  x9:0x00001ff0 x13:0x00000000  x5=0x00000000
      42925.000 ns	      4291	80000f68	21442cd3	fsgnjx.s	f25,f8,f20	  f8:0xf2000000 f20:0xffffff71 f25=0x72000000
      42945.000 ns	      4293	80000f6c	01d7ef33	or	x30,x15,x29	 x15:0x00000000 x29:0xffffffff x30=0xffffffff
      42975.000 ns	      4296	80000f70	5807f753	fsqrt.s	f14,f15	 f15:0x7fc00000 f14=0x7fc00000
      42995.000 ns	      4298	80000f74	0015e533	or	x10,x11,x1	 x11:0x80041024  x1:0x00000000 x10=0x80041024
      43015.000 ns	      4300	80000f78	21259fd3	fsgnjn.s	f31,f11,f18	 f11:0x7fc00000 f18:0xff800000 f31=0x7fc00000
      43035.000 ns	      4302	80000f7c	00e11733	sll	x14,x2,x14	  x2:0xfc000000 x14:0x000002ab x14=0x00000000
      43055.000 ns	      4304	80000f80	28a312d3	fmax.s	f5,f6,f10	  f6:0x00000000 f10:0xff800000  f5=0x00000000
      43085.000 ns	      4307	80000f84	c0100bd3	fcvt.wu.s	x23,f0	  f0:0x00000000 x23=0x00000000
      43115.000 ns	      4310	80000f88	f0050b53	fmv.w.x	f22,x10	 x10:0x80041024 f22=0x80041024
      43135.000 ns	      4312	80000f8c	00204db3	xor	x27,x0,x2	  x0:0x00000000  x2:0xfc000000 x27=0xfc000000
      43155.000 ns	      4314	80000f90	e00a8f53	fmv.x.w	x30,f21	 f21:0x7fffffff x30=0x7fffffff
      43175.000 ns	      4316	80000f94	013cd6b3	srl	x13,x25,x19	 x25:0x00000000 x19:0x1710d712 x13=0x00000000
      43185.000 ns	      4317	80000f98	abc7fa13	andi	x20,x15,-1348	 x15:0x00000000 x20=0x00000000
      43545.000 ns	      4353	80000f9c	036edeb3	divu	x29,x29,x22	 x29:0xffffffff x22:0xfffffa4e x29=0x00000001
      43565.000 ns	      4355	80000fa0	01813fb3	sltu	x31,x2,x24	  x2:0xfc000000 x24:0x7fc00000 x31=0x00000000
      43585.000 ns	      4357	80000fa4	f00b8e53	fmv.w.x	f28,x23	 x23:0x00000000 f28=0x00000000
      43615.000 ns	      4360	80000fa8	216118d3	fsgnjn.s	f17,f2,f22	  f2:0xc1000000 f22:0x80041024 f17=0x41000000
      43645.000 ns	      4363	80000fac	a19b8953	fle.s	x18,f23,f25	 f23:0x7fc00000 f25:0x72000000 x18=0x00000000
      43675.000 ns	      4366	80000fb0	e0068fd3	fmv.x.w	x31,f13	 f13:0x7fc00000 x31=0x7fc00000
      43695.000 ns	      4368	80000fb4	00000013	addi	x0,x0,0	  x0:0x00000000
      43705.000 ns	      4369	80000fb8	41470d33	sub	x26,x14,x20	 x14:0x00000000 x20:0x00000000 x26=0x00000000
      43725.000 ns	      4371	80000fbc	032bc833	div	x16,x23,x18	 x23:0x00000000 x18:0x00000000 x16=0xffffffff
      43745.000 ns	      4373	80000fc0	cb3fe793	ori	x15,x31,-845	 x31:0x7fc00000 x15=0xfffffcb3
      43775.000 ns	      4376	80000fc4	5807af53	fsqrt.s	f30,f15	 f15:0x7fc00000 f30=0x7fc00000
      43795.000 ns	      4378	80000fc8	42b68013	addi	x0,x13,1067	 x13:0x00000000
      43825.000 ns	      4381	80000fcc	1942f7d3	fdiv.s	f15,f5,f20	  f5:0x00000000 f20:0xffffff71 f15=0x7fc00000
      43855.000 ns	      4384	80000fd0	d01dfed3	fcvt.s.wu	f29,x27	 x27:0xfc000000 f29=0x4f7c0000
      43885.000 ns	      4387	80000fd4	21bd1b53	fsgnjn.s	f22,f26,f27	 f26:0x7fc00000 f27:0x471e650b f22=0xffc00000
      43915.000 ns	      4390	80000fd8	21691553	fsgnjn.s	f10,f18,f22	 f18:0xff800000 f22:0x80041024 f10=0x7f800000
      43945.000 ns	      4393	80000fdc	204c8753	fsgnj.s	f14,f25,f4	 f25:0x72000000  f4:0xf2000000 f14=0xf2000000
      43995.000 ns	      4398	80000fe0	01f6fcd3	fadd.s	f25,f13,f31	 f13:0x7fc00000 f31:0x7fc00000 f25=0x7fc00000
      44015.000 ns	      4400	80000fe4	00b1c933	xor	x18,x3,x11	  x3:0x8563ff58 x11:0x80041024 x18=0x0567ef7c
      44035.000 ns	      4402	80000fe8	e0028b53	fmv.x.w	x22,f5	  f5:0x00000000 x22=0x00000000
      44405.000 ns	      4439	80000fec	029542b3	div	x5,x10,x9	 x10:0x80041024  x9:0x00001ff0  x5=0xfffbfe20
      44435.000 ns	      4442	80000ff0	c01f7353	fcvt.wu.s	x6,f30	 f30:0x7fc00000  x6=0xffffffff
      44465.000 ns	      4445	80000ff4	2074a153	fsgnjx.s	f2,f9,f7	  f9:0x7fc00000  f7:0xff7fffff  f2=0xffc00000
      44485.000 ns	      4447	80000ff8	7ec88e93	addi	x29,x17,2028	 x17:0x80040fe4 x29=0x800417d0
      44505.000 ns	      4449	80000ffc	03975fb3	divu	x31,x14,x25	 x14:0x00000000 x25:0x00000000 x31=0xffffffff
      44525.000 ns	      4451	80001000	00d94233	xor	x4,x18,x13	 x18:0x0567ef7c x13:0x00000000  x4=0x0567ef7c
      44535.000 ns	      4452	80001004	01459613	slli	x12,x11,0x14	 x11:0x80041024 x12=0x02400000
      44545.000 ns	      4453	80001008	4c030213	addi	x4,x6,1216	  x6:0xffffffff  x4=0x000004bf
      44565.000 ns	      4455	8000100c	e00b9953	fclass.s	x18,f23	 f23:0x7fc00000 x18=0x00000200
      44595.000 ns	      4458	80001010	a13e8ad3	fle.s	x21,f29,f19	 f29:0x4f7c0000 f19:0x7fc00000 x21=0x00000000
      44635.000 ns	      4462	80001014	5809f5d3	fsqrt.s	f11,f19	 f19:0x7fc00000 f11=0x7fc00000
      44665.000 ns	      4465	80001018	292980d3	fmin.s	f1,f19,f18	 f19:0x7fc00000 f18:0xff800000  f1=0xff800000
      44685.000 ns	      4467	8000101c	01030333	add	x6,x6,x16	  x6:0xffffffff x16:0xffffffff  x6=0xfffffffe
      44705.000 ns	      4469	80001020	02fe9eb3	mulh	x29,x29,x15	 x29:0x800417d0 x15:0xfffffcb3 x29=0x000001a6
      44735.000 ns	      4472	80001024	214383d3	fsgnj.s	f7,f7,f20	  f7:0xff7fffff f20:0xffffff71  f7=0xff7fffff
      44755.000 ns	      4474	80001028	2c39ef37	lui	x30,0x2c39e	 x30=0x2c39e000
      44765.000 ns	      4475	8000102c	4a83ce13	xori	x28,x7,1192	  x7:0x80041024 x28=0x8004148c
      44785.000 ns	      4477	80001030	d016f0d3	fcvt.s.wu	f1,x13	 x13:0x00000000  f1=0x00000000
      44815.000 ns	      4480	80001034	c01d7453	fcvt.wu.s	x8,f26	 f26:0x7fc00000  x8=0xffffffff
      44845.000 ns	      4483	80001038	299f89d3	fmin.s	f19,f31,f25	 f31:0x7fc00000 f25:0x7fc00000 f19=0x7fc00000
      44875.000 ns	      4486	8000103c	20f997d3	fsgnjn.s	f15,f19,f15	 f19:0x7fc00000 f15:0x7fc00000 f15=0xffc00000
      44895.000 ns	      4488	80001040	677a16b7	lui	x13,0x677a1	 x13=0x677a1000
      44905.000 ns	      4489	80001044	01883c33	sltu	x24,x16,x24	 x16:0xffffffff x24:0x7fc00000 x24=0x00000000
      44925.000 ns	      4491	80001048	e00a9953	fclass.s	x18,f21	 f21:0x7fffffff x18=0x00000200
      44945.000 ns	      4493	8000104c	01a31fb3	sll	x31,x6,x26	  x6:0xfffffffe x26:0x00000000 x31=0xfffffffe
      44965.000 ns	      4495	80001050	02e501b3	mul	x3,x10,x14	 x10:0x80041024 x14:0x00000000  x3=0x00000000
      44985.000 ns	      4497	80001054	00741213	slli	x4,x8,0x7	  x8:0xffffffff  x4=0xffffff80
      44995.000 ns	      4498	80001058	346c6c93	ori	x25,x24,838	 x24:0x00000000 x25=0x00000346
      45005.000 ns	      4499	8000105c	00000013	addi	x0,x0,0	  x0:0x00000000
      45015.000 ns	      4500	80001060	8d15ef13	ori	x30,x11,-1839	 x11:0x80041024 x30=0xfffff8f5
      45035.000 ns	      4502	80001064	21da10d3	fsgnjn.s	f1,f20,f29	 f20:0xffffff71 f29:0x4f7c0000  f1=0xffffff71
      45055.000 ns	      4504	80001068	a6763393	sltiu	x7,x12,-1433	 x12:0x02400000  x7=0x00000001
      45065.000 ns	      4505	8000106c	00b85b93	srli	x23,x16,0xb	 x16:0xffffffff x23=0x001fffff
      45075.000 ns	      4506	80001070	01d9ff33	and	x30,x19,x29	 x19:0x1710d712 x29:0x000001a6 x30=0x00000102
      45085.000 ns	      4507	80001074	41645293	srai	x5,x8,0x16	  x8:0xffffffff  x5=0xffffffff
      45115.000 ns	      4510	80001078	18bb77d3	fdiv.s	f15,f22,f11	 f22:0xffc00000 f11:0x7fc00000 f15=0x7fc00000
      45135.000 ns	      4512	8000107c	41d00a33	sub	x20,x0,x29	  x0:0x00000000 x29:0x000001a6 x20=0xfffffe5a
      45175.000 ns	      4516	80001080	013aa7d3	fadd.s	f15,f21,f19	 f21:0x7fffffff f19:0x7fc00000 f15=0x7fc00000
      45195.000 ns	      4518	80001084	0151c933	xor	x18,x3,x21	  x3:0x00000000 x21:0x00000000 x18=0x00000000
      45205.000 ns	      4519	80001088	b587a813	slti	x16,x15,-1192	 x15:0xfffffcb3 x16=0x00000000
      45235.000 ns	      4522	8000108c	18f82ed3	fdiv.s	f29,f16,f15	 f16:0x00000000 f15:0x7fc00000 f29=0x7fc00000
      45285.000 ns	      4527	80001090	01fa72d3	fadd.s	f5,f20,f31	 f20:0xffffff71 f31:0x7fc00000  f5=0x7fc00000
      45335.000 ns	      4532	80001094	086a7ad3	fsub.s	f21,f20,f6	 f20:0xffffff71  f6:0x00000000 f21=0x7fc00000
      45365.000 ns	      4535	80001098	f0020cd3	fmv.w.x	f25,x4	  x4:0xffffff80 f25=0xffffff80
      45385.000 ns	      4537	8000109c	00fd2eb3	slt	x29,x26,x15	 x26:0x00000000 x15:0xfffffcb3 x29=0x00000000
      45405.000 ns	      4539	800010a0	a16d86d3	fle.s	x13,f27,f22	 f27:0x471e650b f22:0xffc00000 x13=0x00000000
      45435.000 ns	      4542	800010a4	28ce05d3	fmin.s	f11,f28,f12	 f28:0x00000000 f12:0x7fc00000 f11=0x00000000
      45455.000 ns	      4544	800010a8	01590fb3	add	x31,x18,x21	 x18:0x00000000 x21:0x00000000 x31=0x00000000
      45465.000 ns	      4545	800010ac	011fdeb3	srl	x29,x31,x17	 x31:0xfffffffe x17:0x80040fe4 x29=0x00000000
      45485.000 ns	      4547	800010b0	21019453	fsgnjn.s	f8,f3,f16	  f3:0x7f800000 f16:0x00000000  f8=0xff800000
      45515.000 ns	      4550	800010b4	21eba153	fsgnjx.s	f2,f23,f30	 f23:0x7fc00000 f30:0x7fc00000  f2=0x7fc00000
      45885.000 ns	      4587	800010b8	02be5e33	divu	x28,x28,x11	 x28:0x8004148c x11:0x80041024 x28=0x00000001
      45915.000 ns	      4590	800010bc	21bd0253	fsgnj.s	f4,f26,f27	 f26:0x7fc00000 f27:0x471e650b  f4=0x7fc00000
      45945.000 ns	      4593	800010c0	02d2f7b3	remu	x15,x5,x13	  x5:0xffffffff x13:0x00000000 x15=0xffffffff
      45975.000 ns	      4596	800010c4	a01b1e53	flt.s	x28,f22,f1	 f22:0xffc00000  f1:0xffffff71 x28=0x00000000
      45995.000 ns	      4598	800010c8	1b42ba93	sltiu	x21,x5,436	  x5:0xffffffff x21=0x00000000
      46005.000 ns	      4599	800010cc	68f42413	slti	x8,x8,1679	  x8:0xffffffff  x8=0x00000001
      46025.000 ns	      4601	800010d0	f0090e53	fmv.w.x	f28,x18	 x18:0x00000000 f28=0x00000000
      46045.000 ns	      4603	800010d4	00527933	and	x18,x4,x5	  x4:0xffffff80  x5:0xffffffff x18=0xffffff80
      46405.000 ns	      4639	800010d8	028fcb33	div	x22,x31,x8	 x31:0x00000000  x8:0x00000001 x22=0x00000000
      46435.000 ns	      4642	800010dc	c00af653	fcvt.w.s	x12,f21	 f21:0x7fc00000 x12=0x7fffffff
      46465.000 ns	      4645	800010e0	03622833	mulhsu	x16,x4,x22	  x4:0xffffff80 x22:0x00000000 x16=0x00000000
      46505.000 ns	      4649	800010e4	19659bd3	fdiv.s	f23,f11,f22	 f11:0x00000000 f22:0xffc00000 f23=0x7fc00000
      46525.000 ns	      4651	800010e8	412ed293	srai	x5,x29,0x12	 x29:0x00000000  x5=0x00000000
      46555.000 ns	      4654	800010ec	11f38fd3	fmul.s	f31,f7,f31	  f7:0xff7fffff f31:0x7fc00000 f31=0x7fc00000
      46925.000 ns	      4691	800010f0	033676b3	remu	x13,x12,x19	 x12:0x7fffffff x19:0x1710d712 x13=0x0cabcca5
      47295.000 ns	      4728	800010f4	02a5db33	divu	x22,x11,x10	 x11:0x80041024 x10:0x80041024 x22=0x00000001
      47315.000 ns	      4730	800010f8	4bd22313	slti	x6,x4,1213	  x4:0xffffff80  x6=0x00000001
      47335.000 ns	      4732	800010fc	28140653	fmin.s	f12,f8,f1	  f8:0xff800000  f1:0xffffff71 f12=0xff800000
      47365.000 ns	      4735	80001100	a004a453	feq.s	x8,f9,f0	  f9:0x7fc00000  f0:0x00000000  x8=0x00000000
      47385.000 ns	      4737	80001104	01c53233	sltu	x4,x10,x28	 x10:0x80041024 x28:0x00000000  x4=0x00000000
      47405.000 ns	      4739	80001108	031682b3	mul	x5,x13,x17	 x13:0x0cabcca5 x17:0x80040fe4  x5=0x0c93edf4
      47455.000 ns	      4744	8000110c	08387053	fsub.s	f0,f16,f3	 f16:0x00000000  f3:0x7f800000  f0=0xff800000
      47485.000 ns	      4747	80001110	02262f33	mulhsu	x30,x12,x2	 x12:0x7fffffff  x2:0xfc000000 x30=0x7dffffff
      47505.000 ns	      4749	80001114	00d4c933	xor	x18,x9,x13	  x9:0x00001ff0 x13:0x0cabcca5 x18=0x0cabd355
      47515.000 ns	      4750	80001118	00894333	xor	x6,x18,x8	 x18:0xffffff80  x8:0x00000000  x6=0x0cabd355
      47535.000 ns	      4752	8000111c	21799bd3	fsgnjn.s	f23,f19,f23	 f19:0x7fc00000 f23:0x7fc00000 f23=0xffc00000
      47555.000 ns	      4754	80001120	01596a33	or	x20,x18,x21	 x18:0x0cabd355 x21:0x00000000 x20=0x0cabd355
      47575.000 ns	      4756	80001124	02079133	mulh	x2,x15,x0	 x15:0xffffffff  x0:0x00000000  x2=0x00000000
      47605.000 ns	      4759	80001128	f00886d3	fmv.w.x	f13,x17	 x17:0x80040fe4 f13=0x80040fe4
      47635.000 ns	      4762	8000112c	a1830853	fle.s	x16,f6,f24	  f6:0x00000000 f24:0x0001ffff x16=0x00000001
      47665.000 ns	      4765	80001130	e00497d3	fclass.s	x15,f9	  f9:0x7fc00000 x15=0x00000200
      47705.000 ns	      4769	80001134	19312ad3	fdiv.s	f21,f2,f19	  f2:0x7fc00000 f19:0x7fc00000 f21=0x7fc00000
      47725.000 ns	      4771	80001138	435bb013	sltiu	x0,x23,1077	 x23:0x001fffff
      47745.000 ns	      4773	8000113c	d01849d3	fcvt.s.wu	f19,x16	 x16:0x00000001 f19=0x3f800000
      47775.000 ns	      4776	80001140	21682fd3	fsgnjx.s	f31,f16,f22	 f16:0x00000000 f22:0xffc00000 f31=0x80000000
      47795.000 ns	      4778	80001144	012370b3	and	x1,x6,x18	  x6:0x0cabd355 x18:0x0cabd355  x1=0x0cabd355
      47815.000 ns	      4780	80001148	a0bb0653	fle.s	x12,f22,f11	 f22:0xffc00000 f11:0x00000000 x12=0x00000000
      47835.000 ns	      4782	8000114c	41745e33	sra	x28,x8,x23	  x8:0x00000000 x23:0x001fffff x28=0x00000000
      47845.000 ns	      4783	80001150	01a32633	slt	x12,x6,x26	  x6:0x0cabd355 x26:0x00000000 x12=0x00000000
      47865.000 ns	      4785	80001154	a1f80453	fle.s	x8,f16,f31	 f16:0x00000000 f31:0x80000000  x8=0x00000001
      47885.000 ns	      4787	80001158	013cd413	srli	x8,x25,0x13	 x25:0x00000346  x8=0x00000000
      47895.000 ns	      4788	8000115c	016f83b3	add	x7,x31,x22	 x31:0x00000000 x22:0x00000001  x7=0x00000001
      47915.000 ns	      4790	80001160	21d12e53	fsgnjx.s	f28,f2,f29	  f2:0x7fc00000 f29:0x7fc00000 f28=0x7fc00000
      47935.000 ns	      4792	80001164	00ea2f33	slt	x30,x20,x14	 x20:0x0cabd355 x14:0x00000000 x30=0x00000000
      47955.000 ns	      4794	80001168	c0077753	fcvt.w.s	x14,f14	 f14:0xf2000000 x14=0x80000000
      47975.000 ns	      4796	8000116c	00000013	addi	x0,x0,0	  x0:0x00000000
      47995.000 ns	      4798	80001170	022f44b3	div	x9,x30,x2	 x30:0x00000000  x2:0x00000000  x9=0xffffffff
      48015.000 ns	      4800	80001174	eea877b7	lui	x15,0xeea87	 x15=0xeea87000
      48035.000 ns	      4802	80001178	c011f453	fcvt.wu.s	x8,f3	  f3:0x7f800000  x8=0xffffffff
      48065.000 ns	      4805	8000117c	211f17d3	fsgnjn.s	f15,f30,f17	 f30:0x7fc00000 f17:0x41000000 f15=0xffc00000
      48095.000 ns	      4808	80001180	03439433	mulh	x8,x7,x20	  x7:0x00000001 x20:0x0cabd355  x8=0x00000000
      48125.000 ns	      4811	80001184	a1f6ad53	feq.s	x26,f13,f31	 f13:0x80040fe4 f31:0x80000000 x26=0x00000000
      48145.000 ns	      4813	80001188	0181da93	srli	x21,x3,0x18	  x3:0x00000000 x21=0x00000000
      48155.000 ns	      4814	8000118c	639be413	ori	x8,x23,1593	 x23:0x001fffff  x8=0x001fffff
      48175.000 ns	      4816	80001190	e00b9c53	fclass.s	x24,f23	 f23:0xffc00000 x24=0x00000200
      48205.000 ns	      4819	80001194	02e20ab3	mul	x21,x4,x14	  x4:0x00000000 x14:0x80000000 x21=0x00000000
      48235.000 ns	      4822	80001198	d00e71d3	fcvt.s.w	f3,x28	 x28:0x00000000  f3=0x00000000
      48255.000 ns	      4824	8000119c	0d8f2613	slti	x12,x30,216	 x30:0x00000000 x12=0x00000001
      48275.000 ns	      4826	800011a0	02244233	div	x4,x8,x2	  x8:0x001fffff  x2:0x00000000  x4=0xffffffff
      48315.000 ns	      4830	800011a4	580275d3	fsqrt.s	f11,f4	  f4:0x7fc00000 f11=0x7fc00000
      48345.000 ns	      4833	800011a8	215b98d3	fsgnjn.s	f17,f23,f21	 f23:0xffc00000 f21:0x7fc00000 f17=0xffc00000
      48715.000 ns	      4870	800011ac	02f5d433	divu	x8,x11,x15	 x11:0x80041024 x15:0xeea87000  x8=0x00000000
      48735.000 ns	      4872	800011b0	01220bb3	add	x23,x4,x18	  x4:0xffffffff x18:0x0cabd355 x23=0x0cabd354
      48745.000 ns	      4873	800011b4	019b44b3	xor	x9,x22,x25	 x22:0x00000001 x25:0x00000346  x9=0x00000347
      48755.000 ns	      4874	800011b8	00055613	srli	x12,x10,0x0	 x10:0x80041024 x12=0x80041024
      48775.000 ns	      4876	800011bc	28bd9b53	fmax.s	f22,f27,f11	 f27:0x471e650b f11:0x7fc00000 f22=0x471e650b
      48805.000 ns	      4879	800011c0	020b4fb3	div	x31,x22,x0	 x22:0x00000001  x0:0x00000000 x31=0xffffffff
      48835.000 ns	      4882	800011c4	e00b1953	fclass.s	x18,f22	 f22:0x471e650b x18=0x00000040
      48855.000 ns	      4884	800011c8	87557213	andi	x4,x10,-1931	 x10:0x80041024  x4=0x80041024
      48875.000 ns	      4886	800011cc	204a2a53	fsgnjx.s	f20,f20,f4	 f20:0xffffff71  f4:0x7fc00000 f20=0xffffff71
      48895.000 ns	      4888	800011d0	00000013	addi	x0,x0,0	  x0:0x00000000
      48905.000 ns	      4889	800011d4	0148b0b3	sltu	x1,x17,x20	 x17:0x80040fe4 x20:0x0cabd355  x1=0x00000000
      48915.000 ns	      4890	800011d8	e13c3113	sltiu	x2,x24,-493	 x24:0x00000200  x2=0x00000001
      48935.000 ns	      4892	800011dc	0337b033	mulhu	x0,x15,x19	 x15:0xeea87000 x19:0x1710d712
      48965.000 ns	      4895	800011e0	d0017553	fcvt.s.w	f10,x2	  x2:0x00000000 f10=0x3f800000
      48985.000 ns	      4897	800011e4	3b12cf93	xori	x31,x5,945	  x5:0x0c93edf4 x31=0x0c93ee45
      49005.000 ns	      4899	800011e8	e00f0853	fmv.x.w	x16,f30	 f30:0x7fc00000 x16=0x7fc00000
      49035.000 ns	      4902	800011ec	a0c90253	fle.s	x4,f18,f12	 f18:0xff800000 f12:0xff800000  x4=0x00000001
      49055.000 ns	      4904	800011f0	011e9f93	slli	x31,x29,0x11	 x29:0x00000000 x31=0x00000000
      49065.000 ns	      4905	800011f4	aff8feb7	lui	x29,0xaff8f	 x29=0xaff8f000
      49085.000 ns	      4907	800011f8	20608cd3	fsgnj.s	f25,f1,f6	  f1:0xffffff71  f6:0x00000000 f25=0x7fffff71
      49115.000 ns	      4910	800011fc	d00c2ed3	fcvt.s.w	f29,x24	 x24:0x00000200 f29=0x44000000
      49165.000 ns	      4915	80001200	01eff8d3	fadd.s	f17,f31,f30	 f31:0x80000000 f30:0x7fc00000 f17=0x7fc00000
      49185.000 ns	      4917	80001204	003d5233	srl	x4,x26,x3	 x26:0x00000000  x3:0x00000000  x4=0x00000000
      49195.000 ns	      4918	80001208	42217d13	andi	x26,x2,1058	  x2:0x00000001 x26=0x00000000
      49205.000 ns	      4919	8000120c	005ec833	xor	x16,x29,x5	 x29:0xaff8f000  x5:0x0c93edf4 x16=0xa36b1df4
      49215.000 ns	      4920	80001210	5f747c93	andi	x25,x8,1527	  x8:0x00000000 x25=0x00000000
      49235.000 ns	      4922	80001214	a0219753	flt.s	x14,f3,f2	  f3:0x00000000  f2:0x7fc00000 x14=0x00000000
      49255.000 ns	      4924	80001218	5c1f3a93	sltiu	x21,x30,1473	 x30:0x00000000 x21=0x00000001
      49265.000 ns	      4925	8000121c	cf13b237	lui	x4,0xcf13b	  x4=0xcf13b000
      49285.000 ns	      4927	80001220	219c2753	fsgnjx.s	f14,f24,f25	 f24:0x0001ffff f25:0x7fffff71 f14=0x0001ffff
      49315.000 ns	      4930	80001224	20870653	fsgnj.s	f12,f14,f8	 f14:0xf2000000  f8:0xff800000 f12=0x8001ffff
      49335.000 ns	      4932	80001228	37ce4093	xori	x1,x28,892	 x28:0x00000000  x1=0x0000037c
      49345.000 ns	      4933	8000122c	00ae70b3	and	x1,x28,x10	 x28:0x00000000 x10:0x80041024  x1=0x00000000
      49365.000 ns	      4935	80001230	c01b9153	fcvt.wu.s	x2,f23	 f23:0xffc00000  x2=0xffffffff
      49385.000 ns	      4937	80001234	afa4b613	sltiu	x12,x9,-1286	  x9:0x00000347 x12=0x00000001
      49405.000 ns	      4939	80001238	024ca7b3	mulhsu	x15,x25,x4	 x25:0x00000000  x4:0xcf13b000 x15=0x00000000
      49425.000 ns	      4941	8000123c	0007c2b3	xor	x5,x15,x0	 x15:0xeea87000  x0:0x00000000  x5=0x00000000
      49445.000 ns	      4943	80001240	a07e8153	fle.s	x2,f29,f7	 f29:0x44000000  f7:0xff7fffff  x2=0x00000000
      49465.000 ns	      4945	80001244	016a8bb3	add	x23,x21,x22	 x21:0x00000001 x22:0x00000001 x23=0x00000002
      49485.000 ns	      4947	80001248	e00d8cd3	fmv.x.w	x25,f27	 f27:0x471e650b x25=0x471e650b
      49515.000 ns	      4950	8000124c	03959433	mulh	x8,x11,x25	 x11:0x80041024 x25:0x00000000  x8=0xdc71ee6f
      49885.000 ns	      4987	80001250	03d7fc33	remu	x24,x15,x29	 x15:0x00000000 x29:0xaff8f000 x24=0x00000000
      49935.000 ns	      4992	80001254	08dacfd3	fsub.s	f31,f21,f13	 f21:0x7fc00000 f13:0x80040fe4 f31=0x7fc00000
      49955.000 ns	      4994	80001258	00000013	addi	x0,x0,0	  x0:0x00000000
      49975.000 ns	      4996	8000125c	28e79ad3	fmax.s	f21,f15,f14	 f15:0xffc00000 f14:0x0001ffff f21=0x0001ffff
      50005.000 ns	      4999	80001260	02551e33	mulh	x28,x10,x5	 x10:0x80041024  x5:0x00000000 x28=0x00000000
      50035.000 ns	      5002	80001264	e0048653	fmv.x.w	x12,f9	  f9:0x7fc00000 x12=0x7fc00000
      50065.000 ns	      5005	80001268	02f19fb3	mulh	x31,x3,x15	  x3:0x00000000 x15:0x00000000 x31=0x00000000
      50085.000 ns	      5007	8000126c	2d490f37	lui	x30,0x2d490	 x30=0x2d490000
      50115.000 ns	      5010	80001270	580978d3	fsqrt.s	f17,f18	 f18:0xff800000 f17=0x7fc00000
      50145.000 ns	      5013	80001274	284314d3	fmax.s	f9,f6,f4	  f6:0x00000000  f4:0x7fc00000  f9=0x00000000
      50165.000 ns	      5015	80001278	f8802493	slti	x9,x0,-120	  x0:0x00000000  x9=0x00000000
      50185.000 ns	      5017	8000127c	f0048253	fmv.w.x	f4,x9	  x9:0x00000347  f4=0x00000000
      50205.000 ns	      5019	80001280	012a5093	srli	x1,x20,0x12	 x20:0x0cabd355  x1=0x0000032a
      50225.000 ns	      5021	80001284	c0150953	fcvt.wu.s	x18,f10	 f10:0x3f800000 x18=0x00000001
      50255.000 ns	      5024	80001288	298c9ed3	fmax.s	f29,f25,f24	 f25:0x7fffff71 f24:0x0001ffff f29=0x0001ffff
      50285.000 ns	      5027	8000128c	20408f53	fsgnj.s	f30,f1,f4	  f1:0xffffff71  f4:0x00000000 f30=0x7fffff71
      50305.000 ns	      5029	80001290	df9f0413	addi	x8,x30,-519	 x30:0x2d490000  x8=0x2d48fdf9
      50325.000 ns	      5031	80001294	03acdab3	divu	x21,x25,x26	 x25:0x471e650b x26:0x00000000 x21=0xffffffff
      50345.000 ns	      5033	80001298	00000013	addi	x0,x0,0	  x0:0x00000000
      50355.000 ns	      5034	8000129c	00241b13	slli	x22,x8,0x2	  x8:0x2d48fdf9 x22=0xb523f7e4
      50365.000 ns	      5035	800012a0	40aadc33	sra	x24,x21,x10	 x21:0xffffffff x10:0x80041024 x24=0xffffffff
      50395.000 ns	      5038	800012a4	1116bc53	fmul.s	f24,f13,f17	 f13:0x80040fe4 f17:0x7fc00000 f24=0x7fc00000
      50415.000 ns	      5040	800012a8	702d6693	ori	x13,x26,1794	 x26:0x00000000 x13=0x00000702
      50425.000 ns	      5041	800012ac	0186c333	xor	x6,x13,x24	 x13:0x0cabcca5 x24:0xffffffff  x6=0xfffff8fd
      50435.000 ns	      5042	800012b0	0118e433	or	x8,x17,x17	 x17:0x80040fe4 x17:0x80040fe4  x8=0x80040fe4
      50445.000 ns	      5043	800012b4	aee7c813	xori	x16,x15,-1298	 x15:0x00000000 x16=0xfffffaee
      50465.000 ns	      5045	800012b8	a1650e53	fle.s	x28,f10,f22	 f10:0x3f800000 f22:0x471e650b x28=0x00000001
      50485.000 ns	      5047	800012bc	01a5df33	srl	x30,x11,x26	 x11:0x80041024 x26:0x00000000 x30=0x80041024
      50495.000 ns	      5048	800012c0	c50c3193	sltiu	x3,x24,-944	 x24:0xffffffff  x3=0x00000000
      50505.000 ns	      5049	800012c4	01c4adb3	slt	x27,x9,x28	  x9:0x00000000 x28:0x00000001 x27=0x00000001
      50525.000 ns	      5051	800012c8	28c909d3	fmin.s	f19,f18,f12	 f18:0xff800000 f12:0x8001ffff f19=0xff800000
      50555.000 ns	      5054	800012cc	d00af2d3	fcvt.s.w	f5,x21	 x21:0xffffffff  f5=0xbf800000
      50575.000 ns	      5056	800012d0	000c44b3	xor	x9,x24,x0	 x24:0xffffffff  x0:0x00000000  x9=0xffffffff
      50595.000 ns	      5058	800012d4	291a80d3	fmin.s	f1,f21,f17	 f21:0x0001ffff f17:0x7fc00000  f1=0x0001ffff
      50625.000 ns	      5061	800012d8	e00f0fd3	fmv.x.w	x31,f30	 f30:0x7fffff71 x31=0x7fffff71
      50645.000 ns	      5063	800012dc	005040b3	xor	x1,x0,x5	  x0:0x00000000  x5:0x00000000  x1=0x00000000
      50665.000 ns	      5065	800012e0	a15c9e53	flt.s	x28,f25,f21	 f25:0x7fffff71 f21:0x0001ffff x28=0x00000000
      50695.000 ns	      5068	800012e4	29b904d3	fmin.s	f9,f18,f27	 f18:0xff800000 f27:0x471e650b  f9=0xff800000
      50725.000 ns	      5071	800012e8	026b21b3	mulhsu	x3,x22,x6	 x22:0xb523f7e4  x6:0xfffff8fd  x3=0xb523f9f0
      50745.000 ns	      5073	800012ec	c25d6e13	ori	x28,x26,-987	 x26:0x00000000 x28=0xfffffc25
      50755.000 ns	      5074	800012f0	0037d1b3	srl	x3,x15,x3	 x15:0x00000000  x3:0xb523f9f0  x3=0x00000000
      50765.000 ns	      5075	800012f4	51047413	andi	x8,x8,1296	  x8:0x80040fe4  x8=0x00000500
      50795.000 ns	      5078	800012f8	19ce7b53	fdiv.s	f22,f28,f28	 f28:0x7fc00000 f28:0x7fc00000 f22=0x7fc00000
      50825.000 ns	      5081	800012fc	d00a95d3	fcvt.s.w	f11,x21	 x21:0xffffffff f11=0xbf800000
      50875.000 ns	      5086	80001300	01ee7c53	fadd.s	f24,f28,f30	 f28:0x7fc00000 f30:0x7fffff71 f24=0x7fc00000
      50905.000 ns	      5089	80001304	e00107d3	fmv.x.w	x15,f2	  f2:0x7fc00000 x15=0x7fc00000
      51275.000 ns	      5126	80001308	027444b3	div	x9,x8,x7	  x8:0x00000500  x7:0x00000001  x9=0x00000500
      51305.000 ns	      5129	8000130c	28b11cd3	fmax.s	f25,f2,f11	  f2:0x7fc00000 f11:0xbf800000 f25=0xbf800000
      51335.000 ns	      5132	80001310	217daed3	fsgnjx.s	f29,f27,f23	 f27:0x471e650b f23:0xffc00000 f29=0xc71e650b
      51355.000 ns	      5134	80001314	011f62b3	or	x5,x30,x17	 x30:0x80041024 x17:0x80040fe4  x5=0x80041fe4
      51715.000 ns	      5170	80001318	025fd133	divu	x2,x31,x5	 x31:0x7fffff71  x5:0x00000000  x2=0x00000000
      51735.000 ns	      5172	8000131c	0161dbb3	srl	x23,x3,x22	  x3:0x00000000 x22:0xb523f7e4 x23=0x00000000
      51755.000 ns	      5174	80001320	022feb33	rem	x22,x31,x2	 x31:0x7fffff71  x2:0x00000000 x22=0x7fffff71
      51785.000 ns	      5177	80001324	02e4d533	divu	x10,x9,x14	  x9:0x00000500 x14:0x00000000 x10=0xffffffff
      51815.000 ns	      5180	80001328	e00600d3	fmv.x.w	x1,f12	 f12:0x8001ffff  x1=0x8001ffff
      51835.000 ns	      5182	8000132c	019a2b33	slt	x22,x20,x25	 x20:0x0cabd355 x25:0x471e650b x22=0x00000001
      52195.000 ns	      5218	80001330	0304e833	rem	x16,x9,x16	  x9:0x00000500 x16:0xfffffaee x16=0x00000500
      52215.000 ns	      5220	80001334	40115713	srai	x14,x2,0x1	  x2:0x00000000 x14=0x00000000
      52245.000 ns	      5223	80001338	58067e53	fsqrt.s	f28,f12	 f12:0x8001ffff f28=0x7fc00000
      52285.000 ns	      5227	8000133c	182f75d3	fdiv.s	f11,f30,f2	 f30:0x7fffff71  f2:0x7fc00000 f11=0x7fc00000
      52315.000 ns	      5230	80001340	29260a53	fmin.s	f20,f12,f18	 f12:0x8001ffff f18:0xff800000 f20=0xff800000
      52345.000 ns	      5233	80001344	022d26b3	mulhsu	x13,x26,x2	 x26:0x00000000  x2:0x00000000 x13=0x00000000
      52375.000 ns	      5236	80001348	02f6bf33	mulhu	x30,x13,x15	 x13:0x00000702 x15:0x7fc00000 x30=0x00000000
      52425.000 ns	      5241	8000134c	01d6b653	fadd.s	f12,f13,f29	 f13:0x80040fe4 f29:0xc71e650b f12=0xc71e650b
      52445.000 ns	      5243	80001350	00695f93	srli	x31,x18,0x6	 x18:0x00000001 x31=0x00000000
      52455.000 ns	      5244	80001354	9903b093	sltiu	x1,x7,-1648	  x7:0x00000001  x1=0x00000001
      52475.000 ns	      5246	80001358	c00f0d53	fcvt.w.s	x26,f30	 f30:0x7fffff71 x26=0x7fffffff
      52505.000 ns	      5249	8000135c	29c30ed3	fmin.s	f29,f6,f28	  f6:0x00000000 f28:0x7fc00000 f29=0x00000000
      52525.000 ns	      5251	80001360	0022ebb3	or	x23,x5,x2	  x5:0x80041fe4  x2:0x00000000 x23=0x80041fe4
      52535.000 ns	      5252	80001364	01d14133	xor	x2,x2,x29	  x2:0x00000000 x29:0xaff8f000  x2=0xaff8f000
      52555.000 ns	      5254	80001368	29238bd3	fmin.s	f23,f7,f18	  f7:0xff7fffff f18:0xff800000 f23=0xff800000
      52585.000 ns	      5257	8000136c	c0069e53	fcvt.w.s	x28,f13	 f13:0x80040fe4 x28=0x00000000
      52605.000 ns	      5259	80001370	01503e33	sltu	x28,x0,x21	  x0:0x00000000 x21:0xffffffff x28=0x00000001
      52625.000 ns	      5261	80001374	20e12053	fsgnjx.s	f0,f2,f14	  f2:0x7fc00000 f14:0x0001ffff  f0=0x7fc00000
      52645.000 ns	      5263	80001378	40690a33	sub	x20,x18,x6	 x18:0x00000001  x6:0xfffff8fd x20=0x00000704
      52655.000 ns	      5264	8000137c	017191b3	sll	x3,x3,x23	  x3:0x00000000 x23:0x80041fe4  x3=0x00000000
      52675.000 ns	      5266	80001380	a1c38053	fle.s	x0,f7,f28	  f7:0xff7fffff f28:0x7fc00000
      52705.000 ns	      5269	80001384	2184abd3	fsgnjx.s	f23,f9,f24	  f9:0xff800000 f24:0x7fc00000 f23=0xff800000
      52725.000 ns	      5271	80001388	3eb54f13	xori	x30,x10,1003	 x10:0xffffffff x30=0xfffffc14
      52735.000 ns	      5272	8000138c	6d21ffb7	lui	x31,0x6d21f	 x31=0x6d21f000
      52745.000 ns	      5273	80001390	f3f483b7	lui	x7,0xf3f48	  x7=0xf3f48000
      52765.000 ns	      5275	80001394	218810d3	fsgnjn.s	f1,f16,f24	 f16:0x00000000 f24:0x7fc00000  f1=0x80000000
      52795.000 ns	      5278	80001398	c00c4bd3	fcvt.w.s	x23,f24	 f24:0x7fc00000 x23=0x7fffffff
      52835.000 ns	      5282	8000139c	191df153	fdiv.s	f2,f27,f17	 f27:0x471e650b f17:0x7fc00000  f2=0x7fc00000
      52855.000 ns	      5284	800013a0	11f55e17	auipc	x28,0x11f55	 x28=0x91f563a0
      52865.000 ns	      5285	800013a4	4119d1b3	sra	x3,x19,x17	 x19:0x1710d712 x17:0x80040fe4  x3=0x01710d71
      52885.000 ns	      5287	800013a8	a1ac1e53	flt.s	x28,f24,f26	 f24:0x7fc00000 f26:0x7fc00000 x28=0x00000000
      52905.000 ns	      5289	800013ac	de367cb7	lui	x25,0xde367	 x25=0xde367000
      52925.000 ns	      5291	800013b0	021181b3	mul	x3,x3,x1	  x3:0x01710d71  x1:0x00000001  x3=0x01710d71
      52955.000 ns	      5294	800013b4	e0069cd3	fclass.s	x25,f13	 f13:0x80040fe4 x25=0x00000004
      53325.000 ns	      5331	800013b8	02bbc7b3	div	x15,x23,x11	 x23:0x7fffffff x11:0x80041024 x15=0xffffffff
      53365.000 ns	      5335	800013bc	193a7153	fdiv.s	f2,f20,f19	 f20:0xff800000 f19:0xff800000  f2=0x7fc00000
      53385.000 ns	      5337	800013c0	9a258313	addi	x6,x11,-1630	 x11:0x80041024  x6=0x800409c6
      53415.000 ns	      5340	800013c4	18dc4f53	fdiv.s	f30,f24,f13	 f24:0x7fc00000 f13:0x80040fe4 f30=0x7fc00000
      53445.000 ns	      5343	800013c8	d01826d3	fcvt.s.wu	f13,x16	 x16:0x00000500 f13=0x44a00000
      53465.000 ns	      5345	800013cc	65973713	sltiu	x14,x14,1625	 x14:0x00000000 x14=0x00000001
      53825.000 ns	      5381	800013d0	0272fdb3	remu	x27,x5,x7	  x5:0x80041fe4  x7:0xf3f48000 x27=0x80041fe4
      54195.000 ns	      5418	800013d4	035467b3	rem	x15,x8,x21	  x8:0x00000500 x21:0xffffffff x15=0x00000000
      54215.000 ns	      5420	800013d8	009fb333	sltu	x6,x31,x9	 x31:0x6d21f000  x9:0x00000500  x6=0x00000000
      54245.000 ns	      5423	800013dc	19b7fdd3	fdiv.s	f27,f15,f27	 f15:0xffc00000 f27:0x471e650b f27=0x7fc00000
      54265.000 ns	      5425	800013e0	41a280b3	sub	x1,x5,x26	  x5:0x80041fe4 x26:0x7fffffff  x1=0x00041fe5
      54285.000 ns	      5427	800013e4	02d69cb3	mulh	x25,x13,x13	 x13:0x00000000 x13:0x00000000 x25=0x00000000
      54315.000 ns	      5430	800013e8	e00801d3	fmv.x.w	x3,f16	 f16:0x00000000  x3=0x00000000
      54365.000 ns	      5435	800013ec	0915fcd3	fsub.s	f25,f11,f17	 f11:0x7fc00000 f17:0x7fc00000 f25=0x7fc00000
      54405.000 ns	      5439	800013f0	19952853	fdiv.s	f16,f10,f25	 f10:0x3f800000 f25:0xbf800000 f16=0x7fc00000
      54775.000 ns	      5476	800013f4	03d57f33	remu	x30,x10,x29	 x10:0xffffffff x29:0xaff8f000 x30=0x50070fff
      54805.000 ns	      5479	800013f8	208d2a53	fsgnjx.s	f20,f26,f8	 f26:0x7fc00000  f8:0xff800000 f20=0xffc00000
      54835.000 ns	      5482	800013fc	02b59333	mulh	x6,x11,x11	 x11:0x80041024 x11:0x80041024  x6=0x3ffbefec
      54855.000 ns	      5484	80001400	22e08293	addi	x5,x1,558	  x1:0x00041fe5  x5=0x00042213
      54895.000 ns	      5488	80001404	01e2f6d3	fadd.s	f13,f5,f30	  f5:0xbf800000 f30:0x7fc00000 f13=0x7fc00000
      54925.000 ns	      5491	80001408	a02601d3	fle.s	x3,f12,f2	 f12:0xc71e650b  f2:0x7fc00000  x3=0x00000000
      54955.000 ns	      5494	8000140c	29378bd3	fmin.s	f23,f15,f19	 f15:0xffc00000 f19:0xff800000 f23=0xff800000
      54975.000 ns	      5496	80001410	41ea0233	sub	x4,x20,x30	 x20:0x00000704 x30:0x50070fff  x4=0xaff8f705
      54985.000 ns	      5497	80001414	62ebae93	slti	x29,x23,1582	 x23:0x7fffffff x29=0x00000000
      55005.000 ns	      5499	80001418	c0141553	fcvt.wu.s	x10,f8	  f8:0xff800000 x10=0x00000000
      55025.000 ns	      5501	8000141c	000d6533	or	x10,x26,x0	 x26:0x7fffffff  x0:0x00000000 x10=0x7fffffff
      55035.000 ns	      5502	80001420	00d4ed33	or	x26,x9,x13	  x9:0x00000500 x13:0x00000000 x26=0x00000500
      55045.000 ns	      5503	80001424	0022f6b3	and	x13,x5,x2	  x5:0x00042213  x2:0xaff8f000 x13=0x00002000
      55055.000 ns	      5504	80001428	6bc6f197	auipc	x3,0x6bc6f	  x3=0xebc70428
      55065.000 ns	      5505	8000142c	17082e13	slti	x28,x16,368	 x16:0x00000500 x28=0x00000000
      55075.000 ns	      5506	80001430	01176cb3	or	x25,x14,x17	 x14:0x00000001 x17:0x80040fe4 x25=0x80040fe5
      55095.000 ns	      5508	80001434	21149dd3	fsgnjn.s	f27,f9,f17	  f9:0xff800000 f17:0x7fc00000 f27=0xff800000
      55125.000 ns	      5511	80001438	e00582d3	fmv.x.w	x5,f11	 f11:0x7fc00000  x5=0x7fc00000
      55175.000 ns	      5516	8000143c	09f4cbd3	fsub.s	f23,f9,f31	  f9:0xff800000 f31:0x7fc00000 f23=0x7fc00000
      55205.000 ns	      5519	80001440	d0057f53	fcvt.s.w	f30,x10	 x10:0x7fffffff f30=0x4effffff
      55235.000 ns	      5522	80001444	c00b7a53	fcvt.w.s	x20,f22	 f22:0x7fc00000 x20=0x7fffffff
      55265.000 ns	      5525	80001448	d004a3d3	fcvt.s.w	f7,x9	  x9:0x00000500  f7=0x44a00000
      55295.000 ns	      5528	8000144c	e00a1ed3	fclass.s	x29,f20	 f20:0xffc00000 x29=0x00000200
      55665.000 ns	      5565	80001450	027d5c33	divu	x24,x26,x7	 x26:0x00000500  x7:0xf3f48000 x24=0x00000000
      55695.000 ns	      5568	80001454	039407b3	mul	x15,x8,x25	  x8:0x00000500 x25:0x80040fe5 x15=0x144f7900
      55715.000 ns	      5570	80001458	41e5d633	sra	x12,x11,x30	 x11:0x80041024 x30:0x50070fff x12=0xffffffff
      55735.000 ns	      5572	8000145c	28991ad3	fmax.s	f21,f18,f9	 f18:0xff800000  f9:0xff800000 f21=0xff800000
      55765.000 ns	      5575	80001460	e0040cd3	fmv.x.w	x25,f8	  f8:0xff800000 x25=0xff800000
      55805.000 ns	      5579	80001464	104e7a53	fmul.s	f20,f28,f4	 f28:0x7fc00000  f4:0x00000000 f20=0x7fc00000
      55835.000 ns	      5582	80001468	02b8b033	mulhu	x0,x17,x11	 x17:0x80040fe4 x11:0x80041024
      55865.000 ns	      5585	8000146c	c01bf653	fcvt.wu.s	x12,f23	 f23:0x7fc00000 x12=0xffffffff
      56235.000 ns	      5622	80001470	0321c533	div	x10,x3,x18	  x3:0xebc70428 x18:0x00000001 x10=0xebc70428
      56255.000 ns	      5624	80001474	a6187c13	andi	x24,x16,-1439	 x16:0x00000500 x24=0x00000000
      56275.000 ns	      5626	80001478	03eda3b3	mulhsu	x7,x27,x30	 x27:0x80041fe4 x30:0x50070fff  x7=0xd7fdc214
      56315.000 ns	      5630	8000147c	58007f53	fsqrt.s	f30,f0	  f0:0x7fc00000 f30=0x7fc00000
      56335.000 ns	      5632	80001480	1adc3d93	sltiu	x27,x24,429	 x24:0x00000000 x27=0x00000001
      56345.000 ns	      5633	80001484	00559033	sll	x0,x11,x5	 x11:0x80041024  x5:0x7fc00000
      56705.000 ns	      5669	80001488	036651b3	divu	x3,x12,x22	 x12:0xffffffff x22:0x00000001  x3=0xffffffff
      56725.000 ns	      5671	8000148c	00000013	addi	x0,x0,0	  x0:0x00000000
      56745.000 ns	      5673	80001490	c0109fd3	fcvt.wu.s	x31,f1	  f1:0x80000000 x31=0x00000000
      56775.000 ns	      5676	80001494	030d9c33	mulh	x24,x27,x16	 x27:0x00000001 x16:0x00000500 x24=0x00000000
      57145.000 ns	      5713	80001498	02397d33	remu	x26,x18,x3	 x18:0x00000001  x3:0xffffffff x26=0x00000001
      57175.000 ns	      5716	8000149c	0351a1b3	mulhsu	x3,x3,x21	  x3:0xffffffff x21:0xffffffff  x3=0xffffffff
      57205.000 ns	      5719	800014a0	f00b8753	fmv.w.x	f14,x23	 x23:0x7fffffff f14=0x7fffffff
      57225.000 ns	      5721	800014a4	27c58e13	addi	x28,x11,636	 x11:0x80041024 x28=0x800412a0
      57235.000 ns	      5722	800014a8	9a982613	slti	x12,x16,-1623	 x16:0x00000500 x12=0x00000000
      57265.000 ns	      5725	800014ac	19a0fd53	fdiv.s	f26,f1,f26	  f1:0x80000000 f26:0x7fc00000 f26=0x7fc00000
      57295.000 ns	      5728	800014b0	28888453	fmin.s	f8,f17,f8	 f17:0x7fc00000  f8:0xff800000  f8=0xff800000
      57315.000 ns	      5730	800014b4	51544e93	xori	x29,x8,1301	  x8:0x00000500 x29=0x00000015
      57325.000 ns	      5731	800014b8	414881b3	sub	x3,x17,x20	 x17:0x80040fe4 x20:0x7fffffff  x3=0x00040fe5
      57335.000 ns	      5732	800014bc	408adc93	srai	x25,x21,0x8	 x21:0xffffffff x25=0xffffffff
      57355.000 ns	      5734	800014c0	a1d32853	feq.s	x16,f6,f29	  f6:0x00000000 f29:0x00000000 x16=0x00000001
      57385.000 ns	      5737	800014c4	d00a7ad3	fcvt.s.w	f21,x20	 x20:0x7fffffff f21=0x4effffff
      57755.000 ns	      5774	800014c8	0219ffb3	remu	x31,x19,x1	 x19:0x1710d712  x1:0x00041fe5 x31=0x00028dff
      57785.000 ns	      5777	800014cc	a1c69b53	flt.s	x22,f13,f28	 f13:0x7fc00000 f28:0x7fc00000 x22=0x00000000
      57805.000 ns	      5779	800014d0	00000013	addi	x0,x0,0	  x0:0x00000000
      57815.000 ns	      5780	800014d4	01024733	xor	x14,x4,x16	  x4:0xaff8f705 x16:0x00000001 x14=0xaff8f704
      57825.000 ns	      5781	800014d8	1a5cbf13	sltiu	x30,x25,421	 x25:0xffffffff x30=0x00000000
      57835.000 ns	      5782	800014dc	01640a33	add	x20,x8,x22	  x8:0x00000500 x22:0x00000000 x20=0x00000500
      57855.000 ns	      5784	800014e0	02fb1333	mulh	x6,x22,x15	 x22:0x00000000 x15:0x144f7900  x6=0x00000000
      57885.000 ns	      5787	800014e4	02f9adb3	mulhsu	x27,x19,x15	 x19:0x1710d712 x15:0x144f7900 x27=0x01d479e6
      57905.000 ns	      5789	800014e8	f8ed0613	addi	x12,x26,-114	 x26:0x00000001 x12=0xffffff8f
      57915.000 ns	      5790	800014ec	01f310b3	sll	x1,x6,x31	  x6:0x00000000 x31:0x00028dff  x1=0x00000000
      57925.000 ns	      5791	800014f0	8a4a7293	andi	x5,x20,-1884	 x20:0x00000500  x5=0x00000000
      57935.000 ns	      5792	800014f4	a2972c13	slti	x24,x14,-1495	 x14:0xaff8f704 x24=0x00000001
      57965.000 ns	      5795	800014f8	1868f1d3	fdiv.s	f3,f17,f6	 f17:0x7fc00000  f6:0x00000000  f3=0x7fc00000
      57995.000 ns	      5798	800014fc	d00c9553	fcvt.s.w	f10,x25	 x25:0xffffffff f10=0xbf800000
      58025.000 ns	      5801	80001500	c01d44d3	fcvt.wu.s	x9,f26	 f26:0x7fc00000  x9=0xffffffff
      58075.000 ns	      5806	80001504	00e78f53	fadd.s	f30,f15,f14	 f15:0xffc00000 f14:0x7fffffff f30=0x7fc00000
      58105.000 ns	      5809	80001508	a0d180d3	fle.s	x1,f3,f13	  f3:0x7fc00000 f13:0x7fc00000  x1=0x00000000
      58135.000 ns	      5812	8000150c	021d5033	divu	x0,x26,x1	 x26:0x00000001  x1:0x00000000
      58165.000 ns	      5815	80001510	033801b3	mul	x3,x16,x19	 x16:0x00000001 x19:0x1710d712  x3=0x1710d712
      58195.000 ns	      5818	80001514	e0071053	fclass.s	x0,f14	 f14:0x7fffffff
      58215.000 ns	      5820	80001518	01f00ab3	add	x21,x0,x31	  x0:0x00000000 x31:0x00028dff x21=0x00028dff
      58225.000 ns	      5821	8000151c	4010df13	srai	x30,x1,0x1	  x1:0x00000000 x30=0x00000000
      58245.000 ns	      5823	80001520	02823233	mulhu	x4,x4,x8	  x4:0xaff8f705  x8:0x00000500  x4=0x0000036f
      58615.000 ns	      5860	80001524	0306d7b3	divu	x15,x13,x16	 x13:0x00002000 x16:0x00000001 x15=0x00002000
      58645.000 ns	      5863	80001528	036297b3	mulh	x15,x5,x22	  x5:0x00000000 x22:0x00000000 x15=0x00000000
      58665.000 ns	      5865	8000152c	965b4c93	xori	x25,x22,-1691	 x22:0x00000000 x25=0xfffff965
      58695.000 ns	      5868	80001530	183249d3	fdiv.s	f19,f4,f3	  f4:0x00000000  f3:0x7fc00000 f19=0x7fc00000
      58715.000 ns	      5870	80001534	00249b93	slli	x23,x9,0x2	  x9:0xffffffff x23=0xfffffffc
      58735.000 ns	      5872	80001538	21de0553	fsgnj.s	f10,f28,f29	 f28:0x7fc00000 f29:0x00000000 f10=0x7fc00000
      58765.000 ns	      5875	8000153c	02a91033	mulh	x0,x18,x10	 x18:0x00000001 x10:0xebc70428
      58785.000 ns	      5877	80001540	017c5813	srli	x16,x24,0x17	 x24:0x00000001 x16=0x00000000
      58805.000 ns	      5879	80001544	c0081f53	fcvt.w.s	x30,f16	 f16:0x7fc00000 x30=0x7fffffff
      58825.000 ns	      5881	80001548	00b81913	slli	x18,x16,0xb	 x16:0x00000001 x18=0x00000000
      58835.000 ns	      5882	8000154c	01c0df13	srli	x30,x1,0x1c	  x1:0x00000000 x30=0x00000000
      58855.000 ns	      5884	80001550	0288a233	mulhsu	x4,x17,x8	 x17:0x80040fe4  x8:0x00000500  x4=0xfffffd80
      58875.000 ns	      5886	80001554	009e9493	slli	x9,x29,0x9	 x29:0x00000015  x9=0x00002a00
      58895.000 ns	      5888	80001558	c00cfbd3	fcvt.w.s	x23,f25	 f25:0x7fc00000 x23=0x7fffffff
      58925.000 ns	      5891	8000155c	d0099253	fcvt.s.w	f4,x19	 x19:0x1710d712  f4=0x4db886b8
      58945.000 ns	      5893	80001560	1a2a3f13	sltiu	x30,x20,418	 x20:0x00000500 x30=0x00000000
      59305.000 ns	      5929	80001564	03914d33	div	x26,x2,x25	  x2:0xaff8f000 x25:0xfffff965 x26=0x000c1d87
      59325.000 ns	      5931	80001568	01536a93	ori	x21,x6,21	  x6:0x00000000 x21=0x00000015
      59345.000 ns	      5933	8000156c	21d602d3	fsgnj.s	f5,f12,f29	 f12:0xc71e650b f29:0x00000000  f5=0x471e650b
      59365.000 ns	      5935	80001570	0005b833	sltu	x16,x11,x0	 x11:0x80041024  x0:0x00000000 x16=0x00000000
      59385.000 ns	      5937	80001574	024e9e33	mulh	x28,x29,x4	 x29:0x00000015  x4:0xfffffd80 x28=0xffffffff
      59425.000 ns	      5941	80001578	10baffd3	fmul.s	f31,f21,f11	 f21:0x4effffff f11:0x7fc00000 f31=0x7fc00000
      59795.000 ns	      5978	8000157c	03f2f633	remu	x12,x5,x31	  x5:0x00000000 x31:0x00028dff x12=0x00000000
      59835.000 ns	      5982	80001580	5804a8d3	fsqrt.s	f17,f9	  f9:0xff800000 f17=0x7fc00000
      59865.000 ns	      5985	80001584	02e394b3	mulh	x9,x7,x14	  x7:0xd7fdc214 x14:0xaff8f704  x9=0x0c81ccd0
      59885.000 ns	      5987	80001588	00e937b3	sltu	x15,x18,x14	 x18:0x00000000 x14:0xaff8f704 x15=0x00000001
      59905.000 ns	      5989	8000158c	e0018353	fmv.x.w	x6,f3	  f3:0x7fc00000  x6=0x7fc00000
      59935.000 ns	      5992	80001590	c00281d3	fcvt.w.s	x3,f5	  f5:0x471e650b  x3=0x00009e65
      59965.000 ns	      5995	80001594	c0037f53	fcvt.w.s	x30,f6	  f6:0x00000000 x30=0x00000000
      59985.000 ns	      5997	80001598	01108d33	add	x26,x1,x17	  x1:0x00000000 x17:0x80040fe4 x26=0x80040fe4
      59995.000 ns	      5998	8000159c	00502eb3	slt	x29,x0,x5	  x0:0x00000000  x5:0x00000000 x29=0x00000000
      60005.000 ns	      5999	800015a0	019ad3b3	srl	x7,x21,x25	 x21:0x00000015 x25:0xfffff965  x7=0x00000000
      60015.000 ns	      6000	800015a4	850afd93	andi	x27,x21,-1968	 x21:0x00000015 x27=0x00000010
      60035.000 ns	      6002	800015a8	034636b3	mulhu	x13,x12,x20	 x12:0x00000000 x20:0x00000500 x13=0x00000000
      60055.000 ns	      6004	800015ac	c9467117	auipc	x2,0xc9467	  x2=0x494685ac
      60085.000 ns	      6007	800015b0	58067553	fsqrt.s	f10,f12	 f12:0xc71e650b f10=0x7fc00000
      60105.000 ns	      6009	800015b4	000832b3	sltu	x5,x16,x0	 x16:0x00000000  x0:0x00000000  x5=0x00000000
      60465.000 ns	      6045	800015b8	02e06933	rem	x18,x0,x14	  x0:0x00000000 x14:0xaff8f704 x18=0x00000000
      60495.000 ns	      6048	800015bc	d0060bd3	fcvt.s.w	f23,x12	 x12:0x00000000 f23=0x00000000
      60515.000 ns	      6050	800015c0	0119fcb3	and	x25,x19,x17	 x19:0x1710d712 x17:0x80040fe4 x25=0x00000700
      60525.000 ns	      6051	800015c4	00365f13	srli	x30,x12,0x3	 x12:0x00000000 x30=0x00000000
      60885.000 ns	      6087	800015c8	03f1e433	rem	x8,x3,x31	  x3:0x00009e65 x31:0x00028dff  x8=0x00009e65
      60915.000 ns	      6090	800015cc	025aec33	rem	x24,x21,x5	 x21:0x00000015  x5:0x00000000 x24=0x00000015
      60935.000 ns	      6092	800015d0	00d0b733	sltu	x14,x1,x13	  x1:0x00000000 x13:0x00000000 x14=0x00000000
      60945.000 ns	      6093	800015d4	00c25e93	srli	x29,x4,0xc	  x4:0xfffffd80 x29=0x000fffff
      60955.000 ns	      6094	800015d8	c3293693	sltiu	x13,x18,-974	 x18:0x00000000 x13=0x00000001
      60965.000 ns	      6095	800015dc	013d96b3	sll	x13,x27,x19	 x27:0x00000010 x19:0x1710d712 x13=0x00400000
      60975.000 ns	      6096	800015e0	49ccb493	sltiu	x9,x25,1180	 x25:0x00000700  x9=0x00000000
      60985.000 ns	      6097	800015e4	f626a793	slti	x15,x13,-158	 x13:0x00000001 x15=0x00000000
      60995.000 ns	      6098	800015e8	403d5cb3	sra	x25,x26,x3	 x26:0x80040fe4  x3:0x00009e65 x25=0xfc00207f
      61015.000 ns	      6100	800015ec	e00384d3	fmv.x.w	x9,f7	  f7:0x44a00000  x9=0x44a00000
      61045.000 ns	      6103	800015f0	02c5b933	mulhu	x18,x11,x12	 x11:0x80041024 x12:0x00000000 x18=0x00000000
      61095.000 ns	      6108	800015f4	094977d3	fsub.s	f15,f18,f20	 f18:0xff800000 f20:0x7fc00000 f15=0x7fc00000
      61115.000 ns	      6110	800015f8	01f51e93	slli	x29,x10,0x1f	 x10:0xebc70428 x29=0x00000000
      61125.000 ns	      6111	800015fc	a1e46c13	ori	x24,x8,-1506	  x8:0x00009e65 x24=0xfffffe7f
      61135.000 ns	      6112	80001600	003e3eb3	sltu	x29,x28,x3	 x28:0xffffffff  x3:0x00009e65 x29=0x00000000
      61155.000 ns	      6114	80001604	21ba9a53	fsgnjn.s	f20,f21,f27	 f21:0x4effffff f27:0xff800000 f20=0x4effffff
      61175.000 ns	      6116	80001608	548032b7	lui	x5,0x54803	  x5=0x54803000
      61195.000 ns	      6118	8000160c	29251653	fmax.s	f12,f10,f18	 f10:0x7fc00000 f18:0xff800000 f12=0xff800000
      61215.000 ns	      6120	80001610	01e25433	srl	x8,x4,x30	  x4:0xfffffd80 x30:0x00000000  x8=0xfffffd80
      61225.000 ns	      6121	80001614	d8bacc93	xori	x25,x21,-629	 x21:0x00000015 x25=0xfffffd9e
      61245.000 ns	      6123	80001618	28d30f53	fmin.s	f30,f6,f13	  f6:0x00000000 f13:0x7fc00000 f30=0x00000000
      61265.000 ns	      6125	8000161c	00cebe33	sltu	x28,x29,x12	 x29:0x00000000 x12:0x00000000 x28=0x00000000
      61285.000 ns	      6127	80001620	033c2b33	mulhsu	x22,x24,x19	 x24:0xfffffe7f x19:0x1710d712 x22=0xffffffdd
      61305.000 ns	      6129	80001624	00000013	addi	x0,x0,0	  x0:0x00000000
      61315.000 ns	      6130	80001628	00000013	addi	x0,x0,0	  x0:0x00000000
      61325.000 ns	      6131	8000162c	6f6d7093	andi	x1,x26,1782	 x26:0x80040fe4  x1=0x000006e4
      61335.000 ns	      6132	80001630	7b367e13	andi	x28,x12,1971	 x12:0x00000000 x28=0x00000000
      61695.000 ns	      6168	80001634	03477633	remu	x12,x14,x20	 x14:0x00000000 x20:0x00000500 x12=0x00000000
      61725.000 ns	      6171	80001638	d00e98d3	fcvt.s.w	f17,x29	 x29:0x00000000 f17=0x00000000
      61745.000 ns	      6173	8000163c	00000013	addi	x0,x0,0	  x0:0x00000000
      62105.000 ns	      6209	80001640	02a377b3	remu	x15,x6,x10	  x6:0x7fc00000 x10:0xebc70428 x15=0x7fc00000
      62145.000 ns	      6213	80001644	1950ad53	fdiv.s	f26,f1,f21	  f1:0x80000000 f21:0x4effffff f26=0x80000000
      62165.000 ns	      6215	80001648	001b0cb3	add	x25,x22,x1	 x22:0xffffffdd  x1:0x000006e4 x25=0x000006c1
      62175.000 ns	      6216	8000164c	a3d16793	ori	x15,x2,-1475	  x2:0x494685ac x15=0xffffffbd
      62215.000 ns	      6220	80001650	01e99d53	fadd.s	f26,f19,f30	 f19:0x7fc00000 f30:0x00000000 f26=0x7fc00000
      62245.000 ns	      6223	80001654	02ab0833	mul	x16,x22,x10	 x22:0xffffffdd x10:0xebc70428 x16=0xc3ca6e88
      62265.000 ns	      6225	80001658	4195dd33	sra	x26,x11,x25	 x11:0x80041024 x25:0x000006c1 x26=0xc0020812
      62285.000 ns	      6227	8000165c	21d48753	fsgnj.s	f14,f9,f29	  f9:0xff800000 f29:0x00000000 f14=0x7f800000
      62305.000 ns	      6229	80001660	47b06613	ori	x12,x0,1147	  x0:0x00000000 x12=0x0000047b
      62315.000 ns	      6230	80001664	9a24bf13	sltiu	x30,x9,-1630	  x9:0x44a00000 x30=0x00000001
      62325.000 ns	      6231	80001668	010dbd33	sltu	x26,x27,x16	 x27:0x00000010 x16:0xc3ca6e88 x26=0x00000001
      62355.000 ns	      6234	8000166c	5800bf53	fsqrt.s	f30,f1	  f1:0x80000000 f30=0x80000000
      62375.000 ns	      6236	80001670	00dc9e93	slli	x29,x25,0xd	 x25:0x000006c1 x29=0x00d82000
      62395.000 ns	      6238	80001674	03cc3bb3	mulhu	x23,x24,x28	 x24:0xfffffe7f x28:0x00000000 x23=0x00000000
      62765.000 ns	      6275	80001678	03514fb3	div	x31,x2,x21	  x2:0x494685ac x21:0x00000015 x31=0x037d4351
      62795.000 ns	      6278	8000167c	20cb1c53	fsgnjn.s	f24,f22,f12	 f22:0x7fc00000 f12:0xff800000 f24=0x7fc00000
      62825.000 ns	      6281	80001680	0316bfb3	mulhu	x31,x13,x17	 x13:0x00400000 x17:0x80040fe4 x31=0x00200103
      62875.000 ns	      6286	80001684	00dc7a53	fadd.s	f20,f24,f13	 f24:0x7fc00000 f13:0x7fc00000 f20=0x7fc00000
      62895.000 ns	      6288	80001688	01c78eb3	add	x29,x15,x28	 x15:0xffffffbd x28:0x00000000 x29=0xffffffbd
      62905.000 ns	      6289	8000168c	a1bdaf13	slti	x30,x27,-1509	 x27:0x00000010 x30=0x00000000
      62915.000 ns	      6290	80001690	00a2d613	srli	x12,x5,0xa	  x5:0x54803000 x12=0x0015200c
      62935.000 ns	      6292	80001694	d01f77d3	fcvt.s.wu	f15,x30	 x30:0x00000001 f15=0x00000000
      62955.000 ns	      6294	80001698	27fcb013	sltiu	x0,x25,639	 x25:0x000006c1
      62985.000 ns	      6297	8000169c	186cbfd3	fdiv.s	f31,f25,f6	 f25:0x7fc00000  f6:0x00000000 f31=0x7fc00000
      63005.000 ns	      6299	800016a0	01735013	srli	x0,x6,0x17	  x6:0x7fc00000
      63015.000 ns	      6300	800016a4	4112dcb3	sra	x25,x5,x17	  x5:0x54803000 x17:0x80040fe4 x25=0x05480300
      63055.000 ns	      6304	800016a8	0848fd53	fsub.s	f26,f17,f4	 f17:0x00000000  f4:0x4db886b8 f26=0xcdb886b8
      63085.000 ns	      6307	800016ac	d00535d3	fcvt.s.w	f11,x10	 x10:0xebc70428 f11=0xcda1c7df
      63105.000 ns	      6309	800016b0	41f0d613	srai	x12,x1,0x1f	  x1:0x000006e4 x12=0x00000000
      63115.000 ns	      6310	800016b4	00a7da93	srli	x21,x15,0xa	 x15:0xffffffbd x21=0x003fffff
      63125.000 ns	      6311	800016b8	00496333	or	x6,x18,x4	 x18:0x00000000  x4:0xfffffd80  x6=0xfffffd80
      63145.000 ns	      6313	800016bc	02971233	mulh	x4,x14,x9	 x14:0x00000000  x9:0x44a00000  x4=0x00000000
      63165.000 ns	      6315	800016c0	404d8eb3	sub	x29,x27,x4	 x27:0x00000010  x4:0xfffffd80 x29=0x00000010
      63175.000 ns	      6316	800016c4	41a6db33	sra	x22,x13,x26	 x13:0x00400000 x26:0x00000001 x22=0x00200000
      63205.000 ns	      6319	800016c8	188ef953	fdiv.s	f18,f29,f8	 f29:0x00000000  f8:0xff800000 f18=0x80000000
      63235.000 ns	      6322	800016cc	020e8233	mul	x4,x29,x0	 x29:0x00000010  x0:0x00000000  x4=0x00000000
      63265.000 ns	      6325	800016d0	d01df553	fcvt.s.wu	f10,x27	 x27:0x00000010 f10=0x41800000
      63295.000 ns	      6328	800016d4	02532e33	mulhsu	x28,x6,x5	  x6:0xfffffd80  x5:0x54803000 x28=0xffffff2c
      63325.000 ns	      6331	800016d8	a1c491d3	flt.s	x3,f9,f28	  f9:0xff800000 f28:0x7fc00000  x3=0x00000000
      63345.000 ns	      6333	800016dc	5d89ab93	slti	x23,x19,1496	 x19:0x1710d712 x23=0x00000000
      63365.000 ns	      6335	800016e0	a11306d3	fle.s	x13,f6,f17	  f6:0x00000000 f17:0x00000000 x13=0x00000001
      63395.000 ns	      6338	800016e4	021480b3	mul	x1,x9,x1	  x9:0x44a00000  x1:0x000006e4  x1=0xde800000
      63415.000 ns	      6340	800016e8	40c55913	srai	x18,x10,0xc	 x10:0xebc70428 x18=0xfffebc70
      63425.000 ns	      6341	800016ec	00000013	addi	x0,x0,0	  x0:0x00000000
      63785.000 ns	      6377	800016f0	039a6f33	rem	x30,x20,x25	 x20:0x00000500 x25:0x05480300 x30=0x00000500
      63805.000 ns	      6379	800016f4	00f91193	slli	x3,x18,0xf	 x18:0xfffebc70  x3=0x5e380000
      63815.000 ns	      6380	800016f8	000ac6b3	xor	x13,x21,x0	 x21:0x003fffff  x0:0x00000000 x13=0x003fffff
      63835.000 ns	      6382	800016fc	c0160b53	fcvt.wu.s	x22,f12	 f12:0xff800000 x22=0x00000000
      63865.000 ns	      6385	80001700	202004d3	fsgnj.s	f9,f0,f2	  f0:0x7fc00000  f2:0x7fc00000  f9=0x7fc00000
      63885.000 ns	      6387	80001704	40bb00b3	sub	x1,x22,x11	 x22:0x00000000 x11:0x80041024  x1=0x7ffbefdc
      63895.000 ns	      6388	80001708	00e29d13	slli	x26,x5,0xe	  x5:0x54803000 x26=0x0c000000
      63905.000 ns	      6389	8000170c	a9f7b017	auipc	x0,0xa9f7b	
      63925.000 ns	      6391	80001710	0242de33	divu	x28,x5,x4	  x5:0x54803000  x4:0x00000000 x28=0xffffffff
      63955.000 ns	      6394	80001714	c0153353	fcvt.wu.s	x6,f10	 f10:0x41800000  x6=0x00000010
      63985.000 ns	      6397	80001718	f00a05d3	fmv.w.x	f11,x20	 x20:0x00000500 f11=0x00000500
      64355.000 ns	      6434	8000171c	0386c833	div	x16,x13,x24	 x13:0x003fffff x24:0xfffffe7f x16=0xffffd572
      64385.000 ns	      6437	80001720	03764fb3	div	x31,x12,x23	 x12:0x00000000 x23:0x00000000 x31=0xffffffff
      64755.000 ns	      6474	80001724	03da6db3	rem	x27,x20,x29	 x20:0x00000500 x29:0x00000010 x27=0x00000000
      64795.000 ns	      6478	80001728	1827fe53	fdiv.s	f28,f15,f2	 f15:0x00000000  f2:0x7fc00000 f28=0x7fc00000
      64815.000 ns	      6480	8000172c	005fdb13	srli	x22,x31,0x5	 x31:0xffffffff x22=0x07ffffff
      64835.000 ns	      6482	80001730	211f89d3	fsgnj.s	f19,f31,f17	 f31:0x7fc00000 f17:0x00000000 f19=0x7fc00000
      64855.000 ns	      6484	80001734	4128d313	srai	x6,x17,0x12	 x17:0x80040fe4  x6=0xffffe001
      64895.000 ns	      6488	80001738	0109fa53	fadd.s	f20,f19,f16	 f19:0x7fc00000 f16:0x7fc00000 f20=0x7fc00000
      64915.000 ns	      6490	8000173c	00e85b13	srli	x22,x16,0xe	 x16:0xffffd572 x22=0x0003ffff
      64935.000 ns	      6492	80001740	28cf88d3	fmin.s	f17,f31,f12	 f31:0x7fc00000 f12:0xff800000 f17=0xff800000
      64955.000 ns	      6494	80001744	7a6a4293	xori	x5,x20,1958	 x20:0x00000500  x5=0x000002a6
      64995.000 ns	      6498	80001748	08f50153	fsub.s	f2,f10,f15	 f10:0x41800000 f15:0x00000000  f2=0x41800000
      65015.000 ns	      6500	8000174c	fd946db7	lui	x27,0xfd946	 x27=0xfd946000
      65025.000 ns	      6501	80001750	00385eb3	srl	x29,x16,x3	 x16:0xffffd572  x3:0x5e380000 x29=0xffffd572
      65035.000 ns	      6502	80001754	418380b3	sub	x1,x7,x24	  x7:0x00000000 x24:0xfffffe7f  x1=0x00000181
      65045.000 ns	      6503	80001758	01dae7b3	or	x15,x21,x29	 x21:0x003fffff x29:0x00000010 x15=0xffffffff
      65055.000 ns	      6504	8000175c	61fbba13	sltiu	x20,x23,1567	 x23:0x00000000 x20=0x00000001
      65065.000 ns	      6505	80001760	00faffb3	and	x31,x21,x15	 x21:0x003fffff x15:0xffffffbd x31=0x003fffff
      65085.000 ns	      6507	80001764	c01a1ad3	fcvt.wu.s	x21,f20	 f20:0x7fc00000 x21=0xffffffff
      65115.000 ns	      6510	80001768	02044bb3	div	x23,x8,x0	  x8:0xfffffd80  x0:0x00000000 x23=0xffffffff
      65145.000 ns	      6513	8000176c	218f8f53	fsgnj.s	f30,f31,f24	 f31:0x7fc00000 f24:0x7fc00000 f30=0x7fc00000
      65175.000 ns	      6516	80001770	e0040fd3	fmv.x.w	x31,f8	  f8:0xff800000 x31=0xff800000
      65205.000 ns	      6519	80001774	a12aaad3	feq.s	x21,f21,f18	 f21:0x4effffff f18:0x80000000 x21=0x00000000
      65255.000 ns	      6524	80001778	084b0b53	fsub.s	f22,f22,f4	 f22:0x7fc00000  f4:0x4db886b8 f22=0x7fc00000
      65275.000 ns	      6526	8000177c	4b41c093	xori	x1,x3,1204	  x3:0x5e380000  x1=0x5e3804b4
      65295.000 ns	      6528	80001780	022dbfb3	mulhu	x31,x27,x2	 x27:0xfd946000  x2:0x494685ac x31=0x48952a5a
      65325.000 ns	      6531	80001784	c01d9a53	fcvt.wu.s	x20,f27	 f27:0xff800000 x20=0x00000000
      65375.000 ns	      6536	80001788	081dfad3	fsub.s	f21,f27,f1	 f27:0xff800000  f1:0x80000000 f21=0xff800000
      65405.000 ns	      6539	8000178c	f0058bd3	fmv.w.x	f23,x11	 x11:0x80041024 f23=0x80041024
      65425.000 ns	      6541	80001790	00aecdb3	xor	x27,x29,x10	 x29:0xffffd572 x10:0xebc70428 x27=0x1438d15a
      65435.000 ns	      6542	80001794	0044e433	or	x8,x9,x4	  x9:0x44a00000  x4:0x00000000  x8=0x44a00000
      65445.000 ns	      6543	80001798	41e00b33	sub	x22,x0,x30	  x0:0x00000000 x30:0x00000500 x22=0xfffffb00
      65455.000 ns	      6544	8000179c	017b9eb3	sll	x29,x23,x23	 x23:0xffffffff x23:0xffffffff x29=0x80000000
      65815.000 ns	      6580	800017a0	029473b3	remu	x7,x8,x9	  x8:0x44a00000  x9:0x44a00000  x7=0x00000000
      65835.000 ns	      6582	800017a4	00000013	addi	x0,x0,0	  x0:0x00000000
      65845.000 ns	      6583	800017a8	00abfd33	and	x26,x23,x10	 x23:0xffffffff x10:0xebc70428 x26=0xebc70428
      65855.000 ns	      6584	800017ac	402d5533	sra	x10,x26,x2	 x26:0x0c000000  x2:0x494685ac x10=0xfffebc70
      65865.000 ns	      6585	800017b0	41d95db3	sra	x27,x18,x29	 x18:0xfffebc70 x29:0x80000000 x27=0xfffebc70
      65875.000 ns	      6586	800017b4	b6bab213	sltiu	x4,x21,-1173	 x21:0x00000000  x4=0x00000001
      66235.000 ns	      6622	800017b8	0337e7b3	rem	x15,x15,x19	 x15:0xffffffff x19:0x1710d712 x15=0xffffffff
      66255.000 ns	      6624	800017bc	d62e2f13	slti	x30,x28,-670	 x28:0xffffffff x30=0x00000000
      66275.000 ns	      6626	800017c0	d00879d3	fcvt.s.w	f19,x16	 x16:0xffffd572 f19=0xc62a3800
      66325.000 ns	      6631	800017c4	08ab2353	fsub.s	f6,f22,f10	 f22:0x7fc00000 f10:0x41800000  f6=0x7fc00000
      66375.000 ns	      6636	800017c8	08207253	fsub.s	f4,f0,f2	  f0:0x7fc00000  f2:0x41800000  f4=0x7fc00000
      66395.000 ns	      6638	800017cc	00afb233	sltu	x4,x31,x10	 x31:0x48952a5a x10:0xfffebc70  x4=0x00000001
      66425.000 ns	      6641	800017d0	11ccf8d3	fmul.s	f17,f25,f28	 f25:0x7fc00000 f28:0x7fc00000 f17=0x7fc00000
      66445.000 ns	      6643	800017d4	0195de33	srl	x28,x11,x25	 x11:0x80041024 x25:0x05480300 x28=0x80041024
      66465.000 ns	      6645	800017d8	d003f953	fcvt.s.w	f18,x7	  x7:0x00000000 f18=0x00000000
      66485.000 ns	      6647	800017dc	410e5513	srai	x10,x28,0x10	 x28:0xffffffff x10=0xffff8004
      66495.000 ns	      6648	800017e0	01a112b3	sll	x5,x2,x26	  x2:0x494685ac x26:0xebc70428  x5=0x4685ac00
      66505.000 ns	      6649	800017e4	41335213	srai	x4,x6,0x13	  x6:0xffffe001  x4=0xffffffff
      66525.000 ns	      6651	800017e8	02860233	mul	x4,x12,x8	 x12:0x00000000  x8:0x44a00000  x4=0x00000000
      66895.000 ns	      6688	800017ec	030850b3	divu	x1,x16,x16	 x16:0xffffd572 x16:0xffffd572  x1=0x00000001
      66925.000 ns	      6691	800017f0	c00d3653	fcvt.w.s	x12,f26	 f26:0xcdb886b8 x12=0xe8ef2900
      66975.000 ns	      6696	800017f4	082d4ed3	fsub.s	f29,f26,f2	 f26:0xcdb886b8  f2:0x41800000 f29=0xcdb886b9
      67005.000 ns	      6699	800017f8	f00e0653	fmv.w.x	f12,x28	 x28:0x80041024 f12=0x80041024
      67025.000 ns	      6701	800017fc	00405f93	srli	x31,x0,0x4	  x0:0x00000000 x31=0x00000000
      67035.000 ns	      6702	80001800	406a5e93	srai	x29,x20,0x6	 x20:0x00000000 x29=0x00000000
      67045.000 ns	      6703	80001804	0164d093	srli	x1,x9,0x16	  x9:0x44a00000  x1=0x00000112
      67065.000 ns	      6705	80001808	296e92d3	fmax.s	f5,f29,f22	 f29:0xcdb886b9 f22:0x7fc00000  f5=0xcdb886b9
      67105.000 ns	      6709	8000180c	11d13453	fmul.s	f8,f2,f29	  f2:0x41800000 f29:0xcdb886b9  f8=0xcfb886b9
      67125.000 ns	      6711	80001810	01289733	sll	x14,x17,x18	 x17:0x80040fe4 x18:0xfffebc70 x14=0x0fe40000
      67155.000 ns	      6714	80001814	186ac253	fdiv.s	f4,f21,f6	 f21:0xff800000  f6:0x7fc00000  f4=0x7fc00000
      67175.000 ns	      6716	80001818	003b9213	slli	x4,x23,0x3	 x23:0xffffffff  x4=0xfffffff8
      67535.000 ns	      6752	8000181c	03bfe0b3	rem	x1,x31,x27	 x31:0x00000000 x27:0xfffebc70  x1=0x00000000
      67565.000 ns	      6755	80001820	29b301d3	fmin.s	f3,f6,f27	  f6:0x7fc00000 f27:0xff800000  f3=0xff800000
      67595.000 ns	      6758	80001824	217d99d3	fsgnjn.s	f19,f27,f23	 f27:0xff800000 f23:0x80041024 f19=0x7f800000
      67615.000 ns	      6760	80001828	019adfb3	srl	x31,x21,x25	 x21:0x00000000 x25:0x05480300 x31=0x00000000
      67635.000 ns	      6762	8000182c	200289d3	fsgnj.s	f19,f5,f0	  f5:0xcdb886b9  f0:0x7fc00000 f19=0x4db886b9
      67665.000 ns	      6765	80001830	a0d102d3	fle.s	x5,f2,f13	  f2:0x41800000 f13:0x7fc00000  x5=0x00000000
      67695.000 ns	      6768	80001834	a1ffac53	feq.s	x24,f31,f31	 f31:0x7fc00000 f31:0x7fc00000 x24=0x00000000
      67725.000 ns	      6771	80001838	d00a7bd3	fcvt.s.w	f23,x20	 x20:0x00000000 f23=0x00000000
      67755.000 ns	      6774	8000183c	20371553	fsgnjn.s	f10,f14,f3	 f14:0x7f800000  f3:0xff800000 f10=0x7f800000
      67785.000 ns	      6777	80001840	d014f553	fcvt.s.wu	f10,x9	  x9:0x44a00000 f10=0x4e894000
      67805.000 ns	      6779	80001844	01b857b3	srl	x15,x16,x27	 x16:0xffffd572 x27:0xfffebc70 x15=0x0000ffff
      67825.000 ns	      6781	80001848	03f24fb3	div	x31,x4,x31	  x4:0xfffffff8 x31:0x00000000 x31=0xffffffff
      67855.000 ns	      6784	8000184c	c012b553	fcvt.wu.s	x10,f5	  f5:0xcdb886b9 x10=0x1710d720
      67885.000 ns	      6787	80001850	d01c2d53	fcvt.s.wu	f26,x24	 x24:0x00000000 f26=0x00000000
      67915.000 ns	      6790	80001854	f0068853	fmv.w.x	f16,x13	 x13:0x003fffff f16=0x003fffff
      67935.000 ns	      6792	80001858	e1c7f013	andi	x0,x15,-484	 x15:0x0000ffff
      67945.000 ns	      6793	8000185c	b2940737	lui	x14,0xb2940	 x14=0xb2940000
      67975.000 ns	      6796	80001860	11ff9fd3	fmul.s	f31,f31,f31	 f31:0x7fc00000 f31:0x7fc00000 f31=0x7fc00000
      68005.000 ns	      6799	80001864	d01097d3	fcvt.s.wu	f15,x1	  x1:0x00000000 f15=0x00000000
      68025.000 ns	      6801	80001868	0e637113	andi	x2,x6,230	  x6:0xffffe001  x2=0x00000000
      68035.000 ns	      6802	8000186c	dfc6aa93	slti	x21,x13,-516	 x13:0x003fffff x21=0x00000000
      68395.000 ns	      6838	80001870	02f6c333	div	x6,x13,x15	 x13:0x003fffff x15:0x0000ffff  x6=0x00000040
      68425.000 ns	      6841	80001874	f0020353	fmv.w.x	f6,x4	  x4:0xfffffff8  f6=0xfffffff8
      68455.000 ns	      6844	80001878	21d89653	fsgnjn.s	f12,f17,f29	 f17:0x7fc00000 f29:0xcdb886b9 f12=0x7fc00000
      68475.000 ns	      6846	8000187c	01a89693	slli	x13,x17,0x1a	 x17:0x80040fe4 x13=0x90000000
      68485.000 ns	      6847	80001880	017d4433	xor	x8,x26,x23	 x26:0xebc70428 x23:0xffffffff  x8=0x1438fbd7
      68495.000 ns	      6848	80001884	0142e033	or	x0,x5,x20	  x5:0x00000000 x20:0x00000000
      68515.000 ns	      6850	80001888	a0730ad3	fle.s	x21,f6,f7	  f6:0xfffffff8  f7:0x44a00000 x21=0x00000000
      68535.000 ns	      6852	8000188c	0054f133	and	x2,x9,x5	  x9:0x44a00000  x5:0x00000000  x2=0x00000000
      68555.000 ns	      6854	80001890	d01af553	fcvt.s.wu	f10,x21	 x21:0x00000000 f10=0x00000000
      68585.000 ns	      6857	80001894	c00c9453	fcvt.w.s	x8,f25	 f25:0x7fc00000  x8=0x7fffffff
      68605.000 ns	      6859	80001898	00c73eb3	sltu	x29,x14,x12	 x14:0xb2940000 x12:0xe8ef2900 x29=0x00000001
      68615.000 ns	      6860	8000189c	018bce33	xor	x28,x23,x24	 x23:0xffffffff x24:0x00000000 x28=0xffffffff
      68975.000 ns	      6896	800018a0	039b6ab3	rem	x21,x22,x25	 x22:0xfffffb00 x25:0x05480300 x21=0xfffffb00
      69005.000 ns	      6899	800018a4	a1c19a53	flt.s	x20,f3,f28	  f3:0xff800000 f28:0x7fc00000 x20=0x00000000
      69025.000 ns	      6901	800018a8	419e8033	sub	x0,x29,x25	 x29:0x00000001 x25:0x05480300
      69045.000 ns	      6903	800018ac	c014a253	fcvt.wu.s	x4,f9	  f9:0x7fc00000  x4=0xffffffff
      69415.000 ns	      6940	800018b0	02895eb3	divu	x29,x18,x8	 x18:0xfffebc70  x8:0x7fffffff x29=0x00000001
      69445.000 ns	      6943	800018b4	c0003dd3	fcvt.w.s	x27,f0	  f0:0x7fc00000 x27=0x7fffffff
      69485.000 ns	      6947	800018b8	18c9f953	fdiv.s	f18,f19,f12	 f19:0x4db886b9 f12:0x7fc00000 f18=0x7fc00000
      69505.000 ns	      6949	800018bc	00944133	xor	x2,x8,x9	  x8:0x7fffffff  x9:0x44a00000  x2=0x3b5fffff
      69515.000 ns	      6950	800018c0	98234c13	xori	x24,x6,-1662	  x6:0x00000040 x24=0xfffff9c2
      69525.000 ns	      6951	800018c4	01231793	slli	x15,x6,0x12	  x6:0x00000040 x15=0x01000000
      69565.000 ns	      6955	800018c8	005895d3	fadd.s	f11,f17,f5	 f17:0x7fc00000  f5:0xcdb886b9 f11=0x7fc00000
      69585.000 ns	      6957	800018cc	01543033	sltu	x0,x8,x21	  x8:0x7fffffff x21:0xfffffb00
      69595.000 ns	      6958	800018d0	01b23333	sltu	x6,x4,x27	  x4:0xffffffff x27:0x7fffffff  x6=0x00000000
      69605.000 ns	      6959	800018d4	00000013	addi	x0,x0,0	  x0:0x00000000
      69625.000 ns	      6961	800018d8	c0177f53	fcvt.wu.s	x30,f14	 f14:0x7f800000 x30=0xffffffff
      69665.000 ns	      6965	800018dc	58077c53	fsqrt.s	f24,f14	 f14:0x7f800000 f24=0x7f800000
      69685.000 ns	      6967	800018e0	e04ab413	sltiu	x8,x21,-508	 x21:0xfffffb00  x8=0x00000001
      69695.000 ns	      6968	800018e4	412bd093	srai	x1,x23,0x12	 x23:0xffffffff  x1=0xffffffff
      69715.000 ns	      6970	800018e8	03c3a6b3	mulhsu	x13,x7,x28	  x7:0x00000000 x28:0xffffffff x13=0x00000000
      69735.000 ns	      6972	800018ec	58a67393	andi	x7,x12,1418	 x12:0xe8ef2900  x7=0x00000100
      70095.000 ns	      7008	800018f0	0354c333	div	x6,x9,x21	  x9:0x44a00000 x21:0xfffffb00  x6=0xfff24667
      70115.000 ns	      7010	800018f4	e3ef2713	slti	x14,x30,-450	 x30:0xffffffff x14=0x00000000
      70125.000 ns	      7011	800018f8	eb032d13	slti	x26,x6,-336	  x6:0xfff24667 x26=0x00000001
      70135.000 ns	      7012	800018fc	76fa3837	lui	x16,0x76fa3	 x16=0x76fa3000
      70155.000 ns	      7014	80001900	02438fb3	mul	x31,x7,x4	  x7:0x00000100  x4:0xffffffff x31=0xffffff00
      70525.000 ns	      7051	80001904	026e4833	div	x16,x28,x6	 x28:0xffffffff  x6:0xfff24667 x16=0x00000000
      70555.000 ns	      7054	80001908	e00c1bd3	fclass.s	x23,f24	 f24:0x7f800000 x23=0x00000080
      70575.000 ns	      7056	8000190c	99918693	addi	x13,x3,-1639	  x3:0x5e380000 x13=0x5e37f999
      70595.000 ns	      7058	80001910	e00e8e53	fmv.x.w	x28,f29	 f29:0xcdb886b9 x28=0xcdb886b9
      70615.000 ns	      7060	80001914	91b4f813	andi	x16,x9,-1765	  x9:0x44a00000 x16=0x44a00000
      70625.000 ns	      7061	80001918	50b82d93	slti	x27,x16,1291	 x16:0x00000000 x27=0x00000000
      70645.000 ns	      7063	8000191c	f0078053	fmv.w.x	f0,x15	 x15:0x01000000  f0=0x01000000
      70665.000 ns	      7065	80001920	41715f13	srai	x30,x2,0x17	  x2:0x3b5fffff x30=0x00000076
      70685.000 ns	      7067	80001924	20662353	fsgnjx.s	f6,f12,f6	 f12:0x7fc00000  f6:0xfffffff8  f6=0xffc00000
      70705.000 ns	      7069	80001928	7a05fd13	andi	x26,x11,1952	 x11:0x80041024 x26=0x00000020
      70725.000 ns	      7071	8000192c	02067db3	remu	x27,x12,x0	 x12:0xe8ef2900  x0:0x00000000 x27=0xe8ef2900
      70755.000 ns	      7074	80001930	0201c533	div	x10,x3,x0	  x3:0x5e380000  x0:0x00000000 x10=0xffffffff
      70785.000 ns	      7077	80001934	20f40753	fsgnj.s	f14,f8,f15	  f8:0xcfb886b9 f15:0x00000000 f14=0x4fb886b9
      70815.000 ns	      7080	80001938	0208df33	divu	x30,x17,x0	 x17:0x80040fe4  x0:0x00000000 x30=0xffffffff
      70835.000 ns	      7082	8000193c	014c46b3	xor	x13,x24,x20	 x24:0xfffff9c2 x20:0x00000000 x13=0xfffff9c2
      70855.000 ns	      7084	80001940	03718533	mul	x10,x3,x23	  x3:0x5e380000 x23:0x00000080 x10=0x1c000000
      70875.000 ns	      7086	80001944	7db76a93	ori	x21,x14,2011	 x14:0x00000000 x21=0x000007db
      70895.000 ns	      7088	80001948	21df20d3	fsgnjx.s	f1,f30,f29	 f30:0x7fc00000 f29:0xcdb886b9  f1=0xffc00000
      70915.000 ns	      7090	8000194c	01162533	slt	x10,x12,x17	 x12:0xe8ef2900 x17:0x80040fe4 x10=0x00000000
      70935.000 ns	      7092	80001950	e00904d3	fmv.x.w	x9,f18	 f18:0x7fc00000  x9=0x7fc00000
      70955.000 ns	      7094	80001954	01789d93	slli	x27,x17,0x17	 x17:0x80040fe4 x27=0xf2000000
      70975.000 ns	      7096	80001958	d0174e53	fcvt.s.wu	f28,x14	 x14:0x00000000 f28=0x00000000
      70995.000 ns	      7098	8000195c	007e2833	slt	x16,x28,x7	 x28:0xcdb886b9  x7:0x00000100 x16=0x00000001
      71015.000 ns	      7100	80001960	023b9b33	mulh	x22,x23,x3	 x23:0x00000080  x3:0x5e380000 x22=0x0000002f
      71045.000 ns	      7103	80001964	d01d7053	fcvt.s.wu	f0,x26	 x26:0x00000020  f0=0x42000000
      71065.000 ns	      7105	80001968	00e2e233	or	x4,x5,x14	  x5:0x00000000 x14:0x00000000  x4=0x00000000
      71085.000 ns	      7107	8000196c	283706d3	fmin.s	f13,f14,f3	 f14:0x4fb886b9  f3:0xff800000 f13=0xff800000
      71115.000 ns	      7110	80001970	a0c2abd3	feq.s	x23,f5,f12	  f5:0xcdb886b9 f12:0x7fc00000 x23=0x00000000
      71135.000 ns	      7112	80001974	40178cb3	sub	x25,x15,x1	 x15:0x01000000  x1:0xffffffff x25=0x01000001
      71145.000 ns	      7113	80001978	01cfcdb3	xor	x27,x31,x28	 x31:0xffffff00 x28:0xcdb886b9 x27=0x324779b9
      71505.000 ns	      7149	8000197c	029ddb33	divu	x22,x27,x9	 x27:0xf2000000  x9:0x7fc00000 x22=0x00000000
      71535.000 ns	      7152	80001980	29428cd3	fmin.s	f25,f5,f20	  f5:0xcdb886b9 f20:0x7fc00000 f25=0xcdb886b9
      71565.000 ns	      7155	80001984	a1408d53	fle.s	x26,f1,f20	  f1:0xffc00000 f20:0x7fc00000 x26=0x00000000
      71605.000 ns	      7159	80001988	10dba553	fmul.s	f10,f23,f13	 f23:0x00000000 f13:0xff800000 f10=0x7fc00000
      71625.000 ns	      7161	8000198c	01ca5613	srli	x12,x20,0x1c	 x20:0x00000000 x12=0x00000000
      71635.000 ns	      7162	80001990	01e857b3	srl	x15,x16,x30	 x16:0x00000001 x30:0xffffffff x15=0x00000000
      71655.000 ns	      7164	80001994	c0182853	fcvt.wu.s	x16,f16	 f16:0x003fffff x16=0x00000000
      71695.000 ns	      7168	80001998	18d40853	fdiv.s	f16,f8,f13	  f8:0xcfb886b9 f13:0xff800000 f16=0x00000000
      71725.000 ns	      7171	8000199c	e0018453	fmv.x.w	x8,f3	  f3:0xff800000  x8=0xff800000
      71755.000 ns	      7174	800019a0	c01df853	fcvt.wu.s	x16,f27	 f27:0xff800000 x16=0x00000000
      71785.000 ns	      7177	800019a4	039193b3	mulh	x7,x3,x25	  x3:0x5e380000 x25:0x01000001  x7=0x005e3800
      71815.000 ns	      7180	800019a8	f00c8653	fmv.w.x	f12,x25	 x25:0x01000001 f12=0x01000001
      71835.000 ns	      7182	800019ac	00ec3e33	sltu	x28,x24,x14	 x24:0xfffff9c2 x14:0x00000000 x28=0x00000000
      71845.000 ns	      7183	800019b0	001b14b3	sll	x9,x22,x1	 x22:0x00000000  x1:0xffffffff  x9=0x00000000
      71855.000 ns	      7184	800019b4	3b66e613	ori	x12,x13,950	 x13:0xfffff9c2 x12=0xfffffbf6
      71875.000 ns	      7186	800019b8	287b1953	fmax.s	f18,f22,f7	 f22:0x7fc00000  f7:0x44a00000 f18=0x44a00000
      71905.000 ns	      7189	800019bc	03e89e33	mulh	x28,x17,x30	 x17:0x80040fe4 x30:0xffffffff x28=0x00000000
      71935.000 ns	      7192	800019c0	2095a5d3	fsgnjx.s	f11,f11,f9	 f11:0x7fc00000  f9:0x7fc00000 f11=0x7fc00000
      71965.000 ns	      7195	800019c4	d01afad3	fcvt.s.wu	f21,x21	 x21:0x000007db f21=0x44fb6000
      71985.000 ns	      7197	800019c8	01e85b93	srli	x23,x16,0x1e	 x16:0x00000000 x23=0x00000000
      71995.000 ns	      7198	800019cc	6dfb8c13	addi	x24,x23,1759	 x23:0x00000000 x24=0x000006df
      72035.000 ns	      7202	800019d0	00ca7853	fadd.s	f16,f20,f12	 f20:0x7fc00000 f12:0x01000001 f16=0x7fc00000
      72065.000 ns	      7205	800019d4	029ed333	divu	x6,x29,x9	 x29:0x00000001  x9:0x00000000  x6=0xffffffff
      72105.000 ns	      7209	800019d8	111ef253	fmul.s	f4,f29,f17	 f29:0xcdb886b9 f17:0x7fc00000  f4=0x7fc00000
      72155.000 ns	      7214	800019dc	00dffc53	fadd.s	f24,f31,f13	 f31:0x7fc00000 f13:0xff800000 f24=0x7fc00000
      72185.000 ns	      7217	800019e0	280296d3	fmax.s	f13,f5,f0	  f5:0xcdb886b9  f0:0x42000000 f13=0x42000000
      72555.000 ns	      7254	800019e4	02b9feb3	remu	x29,x19,x11	 x19:0x1710d712 x11:0x80041024 x29=0x1710d712
      72925.000 ns	      7291	800019e8	021d5633	divu	x12,x26,x1	 x26:0x00000000  x1:0xffffffff x12=0x00000000
      72955.000 ns	      7294	800019ec	d01c17d3	fcvt.s.wu	f15,x24	 x24:0x000006df f15=0x44dbe000
      72995.000 ns	      7298	800019f0	117071d3	fmul.s	f3,f0,f23	  f0:0x42000000 f23:0x00000000  f3=0x00000000
      73025.000 ns	      7301	800019f4	a0daa253	feq.s	x4,f21,f13	 f21:0x44fb6000 f13:0x42000000  x4=0x00000000
      73075.000 ns	      7306	800019f8	0961cad3	fsub.s	f21,f3,f22	  f3:0x00000000 f22:0x7fc00000 f21=0x7fc00000
      73095.000 ns	      7308	800019fc	8d10ba93	sltiu	x21,x1,-1839	  x1:0xffffffff x21=0x00000000
      73115.000 ns	      7310	80001a00	21402b53	fsgnjx.s	f22,f0,f20	  f0:0x42000000 f20:0x7fc00000 f22=0x42000000
      73155.000 ns	      7314	80001a04	19e1f7d3	fdiv.s	f15,f3,f30	  f3:0x00000000 f30:0x7fc00000 f15=0x7fc00000
      73185.000 ns	      7317	80001a08	c01d7cd3	fcvt.wu.s	x25,f26	 f26:0x00000000 x25=0x00000000
      73555.000 ns	      7354	80001a0c	02894a33	div	x20,x18,x8	 x18:0xfffebc70  x8:0xff800000 x20=0x00000000
      73585.000 ns	      7357	80001a10	219c0b53	fsgnj.s	f22,f24,f25	 f24:0x7fc00000 f25:0xcdb886b9 f22=0xffc00000
      73615.000 ns	      7360	80001a14	a123a6d3	feq.s	x13,f7,f18	  f7:0x44a00000 f18:0x44a00000 x13=0x00000001
      73655.000 ns	      7364	80001a18	58087253	fsqrt.s	f4,f16	 f16:0x7fc00000  f4=0x7fc00000
      73705.000 ns	      7369	80001a1c	00fcfa53	fadd.s	f20,f25,f15	 f25:0xcdb886b9 f15:0x7fc00000 f20=0x7fc00000
      74075.000 ns	      7406	80001a20	03eb5e33	divu	x28,x22,x30	 x22:0x00000000 x30:0xffffffff x28=0x00000000
      74105.000 ns	      7409	80001a24	02ed6fb3	rem	x31,x26,x14	 x26:0x00000000 x14:0x00000000 x31=0x00000000
      74475.000 ns	      7446	80001a28	0322f333	remu	x6,x5,x18	  x5:0x00000000 x18:0xfffebc70  x6=0x00000000
      74495.000 ns	      7448	80001a2c	662dc193	xori	x3,x27,1634	 x27:0x324779b9  x3=0x32477fdb
      74505.000 ns	      7449	80001a30	00939f93	slli	x31,x7,0x9	  x7:0x005e3800 x31=0xbc700000
      74525.000 ns	      7451	80001a34	f00b8853	fmv.w.x	f16,x23	 x23:0x00000000 f16=0x00000000
      74555.000 ns	      7454	80001a38	a0b21cd3	flt.s	x25,f4,f11	  f4:0x7fc00000 f11:0x7fc00000 x25=0x00000000
      74595.000 ns	      7458	80001a3c	1978cb53	fdiv.s	f22,f17,f23	 f17:0x7fc00000 f23:0x00000000 f22=0x7fc00000
      74615.000 ns	      7460	80001a40	41868233	sub	x4,x13,x24	 x13:0x00000001 x24:0x000006df  x4=0xfffff922
      74635.000 ns	      7462	80001a44	205d0553	fsgnj.s	f10,f26,f5	 f26:0x00000000  f5:0xcdb886b9 f10=0x80000000
      74655.000 ns	      7464	80001a48	e99ccd93	xori	x27,x25,-359	 x25:0x00000000 x27=0xfffffe99
      74675.000 ns	      7466	80001a4c	02461633	mulh	x12,x12,x4	 x12:0x00000000  x4:0xfffff922 x12=0x00000000
      74695.000 ns	      7468	80001a50	01bbd4b3	srl	x9,x23,x27	 x23:0x00000000 x27:0x324779b9  x9=0x00000000
      74715.000 ns	      7470	80001a54	a1b2a753	feq.s	x14,f5,f27	  f5:0xcdb886b9 f27:0xff800000 x14=0x00000000
      74735.000 ns	      7472	80001a58	77214917	auipc	x18,0x77214	 x18=0xf7215a58
      74755.000 ns	      7474	80001a5c	28890fd3	fmin.s	f31,f18,f8	 f18:0x44a00000  f8:0xcfb886b9 f31=0xcfb886b9
      74785.000 ns	      7477	80001a60	29b40553	fmin.s	f10,f8,f27	  f8:0xcfb886b9 f27:0xff800000 f10=0xff800000
      74805.000 ns	      7479	80001a64	5b93ee93	ori	x29,x7,1465	  x7:0x005e3800 x29=0x005e3db9
      74815.000 ns	      7480	80001a68	001c7413	andi	x8,x24,1	 x24:0x000006df  x8=0x00000001
      74845.000 ns	      7483	80001a6c	580eaed3	fsqrt.s	f29,f29	 f29:0xcdb886b9 f29=0x7fc00000
      74865.000 ns	      7485	80001a70	01cc56b3	srl	x13,x24,x28	 x24:0x000006df x28:0x00000000 x13=0x000006df
      74885.000 ns	      7487	80001a74	a1bb0fd3	fle.s	x31,f22,f27	 f22:0x7fc00000 f27:0xff800000 x31=0x00000000
      74905.000 ns	      7489	80001a78	453cf013	andi	x0,x25,1107	 x25:0x00000000
      74915.000 ns	      7490	80001a7c	0009c633	xor	x12,x19,x0	 x19:0x1710d712  x0:0x00000000 x12=0x1710d712
      74935.000 ns	      7492	80001a80	0257e333	rem	x6,x15,x5	 x15:0x00000000  x5:0x00000000  x6=0x00000000
      74965.000 ns	      7495	80001a84	d01c7ed3	fcvt.s.wu	f29,x24	 x24:0x000006df f29=0x44dbe000
      74985.000 ns	      7497	80001a88	00361d93	slli	x27,x12,0x3	 x12:0x1710d712 x27=0xb886b890
      75005.000 ns	      7499	80001a8c	a1cb97d3	flt.s	x15,f23,f28	 f23:0x00000000 f28:0x00000000 x15=0x00000000
      75025.000 ns	      7501	80001a90	00a23833	sltu	x16,x4,x10	  x4:0xfffff922 x10:0x00000000 x16=0x00000000
      75045.000 ns	      7503	80001a94	f0020fd3	fmv.w.x	f31,x4	  x4:0xfffff922 f31=0xfffff922
      75065.000 ns	      7505	80001a98	412f0c33	sub	x24,x30,x18	 x30:0xffffffff x18:0xf7215a58 x24=0x08dea5a7
      75085.000 ns	      7507	80001a9c	02c69533	mulh	x10,x13,x12	 x13:0x000006df x12:0x1710d712 x10=0x0000009e
      75105.000 ns	      7509	80001aa0	41140ab3	sub	x21,x8,x17	  x8:0x00000001 x17:0x80040fe4 x21=0x7ffbf01d
      75125.000 ns	      7511	80001aa4	03018733	mul	x14,x3,x16	  x3:0x32477fdb x16:0x00000000 x14=0x00000000
      75145.000 ns	      7513	80001aa8	40c6dbb3	sra	x23,x13,x12	 x13:0x000006df x12:0x1710d712 x23=0x00000000
      75505.000 ns	      7549	80001aac	027fd4b3	divu	x9,x31,x7	 x31:0x00000000  x7:0x005e3800  x9=0x00000000
      75525.000 ns	      7551	80001ab0	5faa32b7	lui	x5,0x5faa3	  x5=0x5faa3000
      75535.000 ns	      7552	80001ab4	d4a22113	slti	x2,x4,-694	  x4:0xfffff922  x2=0x00000001
      75555.000 ns	      7554	80001ab8	02d59d33	mulh	x26,x11,x13	 x11:0x80041024 x13:0x000006df x26=0xfffffc90
      75575.000 ns	      7556	80001abc	00bb7b33	and	x22,x22,x11	 x22:0x00000000 x11:0x80041024 x22=0x00000000
      75585.000 ns	      7557	80001ac0	00000013	addi	x0,x0,0	  x0:0x00000000
      75595.000 ns	      7558	80001ac4	40348733	sub	x14,x9,x3	  x9:0x00000000  x3:0x32477fdb x14=0xcdb88025
      75955.000 ns	      7594	80001ac8	02a4cf33	div	x30,x9,x10	  x9:0x00000000 x10:0x0000009e x30=0x00000000
      75975.000 ns	      7596	80001acc	01e25d93	srli	x27,x4,0x1e	  x4:0xfffff922 x27=0x00000003
      75995.000 ns	      7598	80001ad0	a0188c53	fle.s	x24,f17,f1	 f17:0x7fc00000  f1:0xffc00000 x24=0x00000000
      76025.000 ns	      7601	80001ad4	f0018553	fmv.w.x	f10,x3	  x3:0x32477fdb f10=0x32477fdb
      76045.000 ns	      7603	80001ad8	0018b633	sltu	x12,x17,x1	 x17:0x80040fe4  x1:0xffffffff x12=0x00000001
      76085.000 ns	      7607	80001adc	081180d3	fsub.s	f1,f3,f1	  f3:0x00000000  f1:0xffc00000  f1=0x7fc00000
      76115.000 ns	      7610	80001ae0	20ba8053	fsgnj.s	f0,f21,f11	 f21:0x7fc00000 f11:0x7fc00000  f0=0x7fc00000
      76145.000 ns	      7613	80001ae4	034f3fb3	mulhu	x31,x30,x20	 x30:0x00000000 x20:0x00000000 x31=0x00000000
      76165.000 ns	      7615	80001ae8	01bb1a33	sll	x20,x22,x27	 x22:0x00000000 x27:0x00000003 x20=0x00000000
      76175.000 ns	      7616	80001aec	404fd2b3	sra	x5,x31,x4	 x31:0x00000000  x4:0xfffff922  x5=0x00000000
      76185.000 ns	      7617	80001af0	9dd33513	sltiu	x10,x6,-1571	  x6:0x00000000 x10=0x00000001
      76205.000 ns	      7619	80001af4	e0031fd3	fclass.s	x31,f6	  f6:0xffc00000 x31=0x00000200
      76575.000 ns	      7656	80001af8	0226f4b3	remu	x9,x13,x2	 x13:0x000006df  x2:0x00000001  x9=0x00000000
      76605.000 ns	      7659	80001afc	a02107d3	fle.s	x15,f2,f2	  f2:0x41800000  f2:0x41800000 x15=0x00000001
      76625.000 ns	      7661	80001b00	40f25693	srai	x13,x4,0xf	  x4:0xfffff922 x13=0xffffffff
      76645.000 ns	      7663	80001b04	a015a853	feq.s	x16,f11,f1	 f11:0x7fc00000  f1:0x7fc00000 x16=0x00000000
      76675.000 ns	      7666	80001b08	0342b433	mulhu	x8,x5,x20	  x5:0x00000000 x20:0x00000000  x8=0x00000000
      76695.000 ns	      7668	80001b0c	00c49233	sll	x4,x9,x12	  x9:0x00000000 x12:0x00000001  x4=0x00000000
      76715.000 ns	      7670	80001b10	02c697b3	mulh	x15,x13,x12	 x13:0xffffffff x12:0x00000001 x15=0xffffffff
      76735.000 ns	      7672	80001b14	9b45e793	ori	x15,x11,-1612	 x11:0x80041024 x15=0xfffff9b4
      77065.000 ns	      7705	80001b18	185974d3	fdiv.s	f9,f18,f5	 f18:0x44a00000  f5:0xcdb886b9  f9=0xb6200000
      77085.000 ns	      7707	80001b1c	40e45d13	srai	x26,x8,0xe	  x8:0x00000000 x26=0x00000000
      77115.000 ns	      7710	80001b20	10bf7853	fmul.s	f16,f30,f11	 f30:0x7fc00000 f11:0x7fc00000 f16=0x7fc00000
      77145.000 ns	      7713	80001b24	0261d933	divu	x18,x3,x6	  x3:0x32477fdb  x6:0x00000000 x18=0xffffffff
      77185.000 ns	      7717	80001b28	180fc6d3	fdiv.s	f13,f31,f0	 f31:0xfffff922  f0:0x7fc00000 f13=0x7fc00000
      77215.000 ns	      7720	80001b2c	282412d3	fmax.s	f5,f8,f2	  f8:0xcfb886b9  f2:0x41800000  f5=0x41800000
      77235.000 ns	      7722	80001b30	419884b3	sub	x9,x17,x25	 x17:0x80040fe4 x25:0x00000000  x9=0x80040fe4
      77245.000 ns	      7723	80001b34	01240db3	add	x27,x8,x18	  x8:0x00000000 x18:0xffffffff x27=0xffffffff
      77275.000 ns	      7726	80001b38	185f46d3	fdiv.s	f13,f30,f5	 f30:0x7fc00000  f5:0x41800000 f13=0x7fc00000
      77295.000 ns	      7728	80001b3c	01eda733	slt	x14,x27,x30	 x27:0x00000003 x30:0x00000000 x14=0x00000001
      77315.000 ns	      7730	80001b40	a1842753	feq.s	x14,f8,f24	  f8:0xcfb886b9 f24:0x7fc00000 x14=0x00000000
      77335.000 ns	      7732	80001b44	403d5e93	srai	x29,x26,0x3	 x26:0x00000000 x29=0x00000000
      77345.000 ns	      7733	80001b48	00347a33	and	x20,x8,x3	  x8:0x00000000  x3:0x32477fdb x20=0x00000000
      77355.000 ns	      7734	80001b4c	009a2d33	slt	x26,x20,x9	 x20:0x00000000  x9:0x80040fe4 x26=0x00000000
      77365.000 ns	      7735	80001b50	0031a4b3	slt	x9,x3,x3	  x3:0x32477fdb  x3:0x32477fdb  x9=0x00000000
      77385.000 ns	      7737	80001b54	e0018953	fmv.x.w	x18,f3	  f3:0x00000000 x18=0x00000000
      77405.000 ns	      7739	80001b58	006db2b3	sltu	x5,x27,x6	 x27:0xffffffff  x6:0x00000000  x5=0x00000000
      77415.000 ns	      7740	80001b5c	01229233	sll	x4,x5,x18	  x5:0x00000000 x18:0x00000000  x4=0x00000000
      77425.000 ns	      7741	80001b60	c54c7b37	lui	x22,0xc54c7	 x22=0xc54c7000
      77435.000 ns	      7742	80001b64	400053b3	sra	x7,x0,x0	  x0:0x00000000  x0:0x00000000  x7=0x00000000
      77445.000 ns	      7743	80001b68	01a51f33	sll	x30,x10,x26	 x10:0x00000001 x26:0x00000000 x30=0x00000001
      77455.000 ns	      7744	80001b6c	7bbb3393	sltiu	x7,x22,1979	 x22:0xc54c7000  x7=0x00000000
      77465.000 ns	      7745	80001b70	414b5413	srai	x8,x22,0x14	 x22:0xc54c7000  x8=0xfffffc54
      77475.000 ns	      7746	80001b74	01f04f33	xor	x30,x0,x31	  x0:0x00000000 x31:0x00000200 x30=0x00000200
      77505.000 ns	      7749	80001b78	193b7653	fdiv.s	f12,f22,f19	 f22:0x7fc00000 f19:0x4db886b9 f12=0x7fc00000
      77525.000 ns	      7751	80001b7c	00000013	addi	x0,x0,0	  x0:0x00000000
      77535.000 ns	      7752	80001b80	41ced393	srai	x7,x29,0x1c	 x29:0x00000000  x7=0x00000000
      77555.000 ns	      7754	80001b84	c000fa53	fcvt.w.s	x20,f1	  f1:0x7fc00000 x20=0x7fffffff
      77605.000 ns	      7759	80001b88	090973d3	fsub.s	f7,f18,f16	 f18:0x44a00000 f16:0x7fc00000  f7=0x7fc00000
      77625.000 ns	      7761	80001b8c	74532793	slti	x15,x6,1861	  x6:0x00000000 x15=0x00000001
      77635.000 ns	      7762	80001b90	41895a93	srai	x21,x18,0x18	 x18:0x00000000 x21=0x00000000
      77675.000 ns	      7766	80001b94	09930e53	fsub.s	f28,f6,f25	  f6:0xffc00000 f25:0xcdb886b9 f28=0x7fc00000
      77695.000 ns	      7768	80001b98	41ff5733	sra	x14,x30,x31	 x30:0x00000200 x31:0x00000200 x14=0x00000200
      77715.000 ns	      7770	80001b9c	29218d53	fmin.s	f26,f3,f18	  f3:0x00000000 f18:0x44a00000 f26=0x00000000
      77735.000 ns	      7772	80001ba0	7f242e93	slti	x29,x8,2034	  x8:0xfffffc54 x29=0x00000001
      77745.000 ns	      7773	80001ba4	00000013	addi	x0,x0,0	  x0:0x00000000
      77765.000 ns	      7775	80001ba8	03b89633	mulh	x12,x17,x27	 x17:0x80040fe4 x27:0xffffffff x12=0x00000000
      77785.000 ns	      7777	80001bac	009a0db3	add	x27,x20,x9	 x20:0x7fffffff  x9:0x00000000 x27=0x7fffffff
      77805.000 ns	      7779	80001bb0	e00a97d3	fclass.s	x15,f21	 f21:0x7fc00000 x15=0x00000200
      77825.000 ns	      7781	80001bb4	11688f13	addi	x30,x17,278	 x17:0x80040fe4 x30=0x800410fa
      77835.000 ns	      7782	80001bb8	00000013	addi	x0,x0,0	  x0:0x00000000
      78195.000 ns	      7818	80001bbc	02bcf0b3	remu	x1,x25,x11	 x25:0x00000000 x11:0x80041024  x1=0x00000000
      78225.000 ns	      7821	80001bc0	d00df4d3	fcvt.s.w	f9,x27	 x27:0x7fffffff  f9=0x4effffff
      78255.000 ns	      7824	80001bc4	0360b433	mulhu	x8,x1,x22	  x1:0x00000000 x22:0xc54c7000  x8=0x00000000
      78275.000 ns	      7826	80001bc8	4099d093	srai	x1,x19,0x9	 x19:0x1710d712  x1=0x000b886b
      78295.000 ns	      7828	80001bcc	02ff82b3	mul	x5,x31,x15	 x31:0x00000200 x15:0x00000200  x5=0x00040000
      78335.000 ns	      7832	80001bd0	197c22d3	fdiv.s	f5,f24,f23	 f24:0x7fc00000 f23:0x00000000  f5=0x7fc00000
      78365.000 ns	      7835	80001bd4	028b5333	divu	x6,x22,x8	 x22:0xc54c7000  x8:0x00000000  x6=0xffffffff
      78385.000 ns	      7837	80001bd8	00bbbab3	sltu	x21,x23,x11	 x23:0x00000000 x11:0x80041024 x21=0x00000001
      78405.000 ns	      7839	80001bdc	02c59933	mulh	x18,x11,x12	 x11:0x80041024 x12:0x00000000 x18=0x00000000
      78455.000 ns	      7844	80001be0	000ffc53	fadd.s	f24,f31,f0	 f31:0xfffff922  f0:0x7fc00000 f24=0x7fc00000
      78495.000 ns	      7848	80001be4	11177a53	fmul.s	f20,f14,f17	 f14:0x4fb886b9 f17:0x7fc00000 f20=0x7fc00000
      78525.000 ns	      7851	80001be8	038a7cb3	remu	x25,x20,x24	 x20:0x7fffffff x24:0x00000000 x25=0x7fffffff
      78575.000 ns	      7856	80001bec	085c74d3	fsub.s	f9,f24,f5	 f24:0x7fc00000  f5:0x7fc00000  f9=0x7fc00000
      78945.000 ns	      7893	80001bf0	03db71b3	remu	x3,x22,x29	 x22:0xc54c7000 x29:0x00000001  x3=0x00000000
      79315.000 ns	      7930	80001bf4	02a154b3	divu	x9,x2,x10	  x2:0x00000001 x10:0x00000001  x9=0x00000001
      79335.000 ns	      7932	80001bf8	010bdb93	srli	x23,x23,0x10	 x23:0x00000000 x23=0x00000000
      79345.000 ns	      7933	80001bfc	00269a93	slli	x21,x13,0x2	 x13:0xffffffff x21=0xfffffffc
      79365.000 ns	      7935	80001c00	0376c6b3	div	x13,x13,x23	 x13:0xffffffff x23:0x00000000 x13=0xffffffff
      79385.000 ns	      7937	80001c04	c5f6a713	slti	x14,x13,-929	 x13:0xffffffff x14=0x00000000
      79395.000 ns	      7938	80001c08	627c8913	addi	x18,x25,1575	 x25:0x7fffffff x18=0x80000626
      79415.000 ns	      7940	80001c0c	d011f553	fcvt.s.wu	f10,x3	  x3:0x00000000 f10=0x00000000
      79435.000 ns	      7942	80001c10	280f1c37	lui	x24,0x280f1	 x24=0x280f1000
      79455.000 ns	      7944	80001c14	29cd87d3	fmin.s	f15,f27,f28	 f27:0xff800000 f28:0x7fc00000 f15=0xff800000
      79475.000 ns	      7946	80001c18	01a9ceb3	xor	x29,x19,x26	 x19:0x1710d712 x26:0x00000000 x29=0x1710d712
      79485.000 ns	      7947	80001c1c	dcab8c13	addi	x24,x23,-566	 x23:0x00000000 x24=0xfffffdca
      79495.000 ns	      7948	80001c20	005b5c33	srl	x24,x22,x5	 x22:0xc54c7000  x5:0x00040000 x24=0xc54c7000
      79505.000 ns	      7949	80001c24	00b0cbb3	xor	x23,x1,x11	  x1:0x000b886b x11:0x80041024 x23=0x800f984f
      79515.000 ns	      7950	80001c28	adc92397	auipc	x7,0xadc92	  x7=0x2dc93c28
      79525.000 ns	      7951	80001c2c	0017fdb3	and	x27,x15,x1	 x15:0x00000200  x1:0x000b886b x27=0x00000000
      79535.000 ns	      7952	80001c30	017d1c93	slli	x25,x26,0x17	 x26:0x00000000 x25=0x00000000
      79555.000 ns	      7954	80001c34	292102d3	fmin.s	f5,f2,f18	  f2:0x41800000 f18:0x44a00000  f5=0x41800000
      79575.000 ns	      7956	80001c38	b8a1f813	andi	x16,x3,-1142	  x3:0x00000000 x16=0x00000000
      79585.000 ns	      7957	80001c3c	3e88c713	xori	x14,x17,1000	 x17:0x80040fe4 x14=0x80040c0c
      79595.000 ns	      7958	80001c40	40405433	sra	x8,x0,x4	  x0:0x00000000  x4:0x00000000  x8=0x00000000
      79615.000 ns	      7960	80001c44	e0010553	fmv.x.w	x10,f2	  f2:0x41800000 x10=0x41800000
      79985.000 ns	      7997	80001c48	03895533	divu	x10,x18,x24	 x18:0x80000626 x24:0xc54c7000 x10=0x00000000
      80015.000 ns	      8000	80001c4c	a0b687d3	fle.s	x15,f13,f11	 f13:0x7fc00000 f11:0x7fc00000 x15=0x00000000
      80065.000 ns	      8005	80001c50	09feb4d3	fsub.s	f9,f29,f31	 f29:0x44dbe000 f31:0xfffff922  f9=0x7fc00000
      80115.000 ns	      8010	80001c54	09347353	fsub.s	f6,f8,f19	  f8:0xcfb886b9 f19:0x4db886b9  f6=0xcfc40f24
      80135.000 ns	      8012	80001c58	01c82333	slt	x6,x16,x28	 x16:0x00000000 x28:0x00000000  x6=0x00000000
      80165.000 ns	      8015	80001c5c	196d76d3	fdiv.s	f13,f26,f22	 f26:0x00000000 f22:0x7fc00000 f13=0x7fc00000
      80195.000 ns	      8018	80001c60	20489cd3	fsgnjn.s	f25,f17,f4	 f17:0x7fc00000  f4:0x7fc00000 f25=0xffc00000
      80225.000 ns	      8021	80001c64	e00e11d3	fclass.s	x3,f28	 f28:0x7fc00000  x3=0x00000200
      80245.000 ns	      8023	80001c68	41735ab3	sra	x21,x6,x23	  x6:0x00000000 x23:0x800f984f x21=0x00000000
      80265.000 ns	      8025	80001c6c	c00d7d53	fcvt.w.s	x26,f26	 f26:0x00000000 x26=0x00000000
      80295.000 ns	      8028	80001c70	023d32b3	mulhu	x5,x26,x3	 x26:0x00000000  x3:0x00000200  x5=0x00000000
      80315.000 ns	      8030	80001c74	00079693	slli	x13,x15,0x0	 x15:0x00000000 x13=0x00000000
      80325.000 ns	      8031	80001c78	01534a33	xor	x20,x6,x21	  x6:0x00000000 x21:0x00000000 x20=0x00000000
      80345.000 ns	      8033	80001c7c	0240dab3	divu	x21,x1,x4	  x1:0x000b886b  x4:0x00000000 x21=0xffffffff
      80375.000 ns	      8036	80001c80	21e7aed3	fsgnjx.s	f29,f15,f30	 f15:0xff800000 f30:0x7fc00000 f29=0xff800000
      80395.000 ns	      8038	80001c84	71de7a93	andi	x21,x28,1821	 x28:0x00000000 x21=0x00000000
      80415.000 ns	      8040	80001c88	20940953	fsgnj.s	f18,f8,f9	  f8:0xcfb886b9  f9:0x7fc00000 f18=0x4fb886b9
      80445.000 ns	      8043	80001c8c	e00a03d3	fmv.x.w	x7,f20	 f20:0x7fc00000  x7=0x7fc00000
      80465.000 ns	      8045	80001c90	018eda33	srl	x20,x29,x24	 x29:0x1710d712 x24:0xc54c7000 x20=0x1710d712
      80485.000 ns	      8047	80001c94	a0560bd3	fle.s	x23,f12,f5	 f12:0x7fc00000  f5:0x41800000 x23=0x00000000
      80505.000 ns	      8049	80001c98	01164d33	xor	x26,x12,x17	 x12:0x00000000 x17:0x80040fe4 x26=0x80040fe4
      80525.000 ns	      8051	80001c9c	02a42633	mulhsu	x12,x8,x10	  x8:0x00000000 x10:0x00000000 x12=0x00000000
      80555.000 ns	      8054	80001ca0	03851233	mulh	x4,x10,x24	 x10:0x00000000 x24:0xc54c7000  x4=0x00000000
      80575.000 ns	      8056	80001ca4	0166de33	srl	x28,x13,x22	 x13:0x00000000 x22:0xc54c7000 x28=0x00000000
      80595.000 ns	      8058	80001ca8	0384a0b3	mulhsu	x1,x9,x24	  x9:0x00000001 x24:0xc54c7000  x1=0x00000000
      80635.000 ns	      8062	80001cac	18502753	fdiv.s	f14,f0,f5	  f0:0x7fc00000  f5:0x41800000 f14=0x7fc00000
      81815.000 ns	      8180	80001cb0	58097553	fsqrt.s	f10,f18	 f18:0x4fb886b9 f10=0x4799af8a
      81835.000 ns	      8182	80001cb4	00511e13	slli	x28,x2,0x5	  x2:0x00000001 x28=0x00000020
      81855.000 ns	      8184	80001cb8	e0019ed3	fclass.s	x29,f3	  f3:0x00000000 x29=0x00000010
      81895.000 ns	      8188	80001cbc	580a8f53	fsqrt.s	f30,f21	 f21:0x7fc00000 f30=0x7fc00000
      81915.000 ns	      8190	80001cc0	9c368a17	auipc	x20,0x9c368	 x20=0x1c369cc0
      81935.000 ns	      8192	80001cc4	0373d633	divu	x12,x7,x23	  x7:0x7fc00000 x23:0x00000000 x12=0xffffffff
      81955.000 ns	      8194	80001cc8	01eeb233	sltu	x4,x29,x30	 x29:0x00000010 x30:0x800410fa  x4=0x00000001
      81965.000 ns	      8195	80001ccc	bec44613	xori	x12,x8,-1044	  x8:0x00000000 x12=0xfffffbec
      81985.000 ns	      8197	80001cd0	29c21cd3	fmax.s	f25,f4,f28	  f4:0x7fc00000 f28:0x7fc00000 f25=0x7fc00000
      82005.000 ns	      8199	80001cd4	00edb433	sltu	x8,x27,x14	 x27:0x00000000 x14:0x80040c0c  x8=0x00000001
      82015.000 ns	      8200	80001cd8	01342ab3	slt	x21,x8,x19	  x8:0x00000000 x19:0x1710d712 x21=0x00000001
      82025.000 ns	      8201	80001cdc	0005d113	srli	x2,x11,0x0	 x11:0x80041024  x2=0x80041024
      82035.000 ns	      8202	80001ce0	007ac033	xor	x0,x21,x7	 x21:0x00000000  x7:0x7fc00000
      82045.000 ns	      8203	80001ce4	014022b3	slt	x5,x0,x20	  x0:0x00000000 x20:0x1c369cc0  x5=0x00000001
      82075.000 ns	      8206	80001ce8	580ba5d3	fsqrt.s	f11,f23	 f23:0x00000000 f11=0x00000000
      82095.000 ns	      8208	80001cec	00581033	sll	x0,x16,x5	 x16:0x00000000  x5:0x00000000
      82105.000 ns	      8209	80001cf0	44505d37	lui	x26,0x44505	 x26=0x44505000
      82125.000 ns	      8211	80001cf4	e0011e53	fclass.s	x28,f2	  f2:0x41800000 x28=0x00000040
      82155.000 ns	      8214	80001cf8	c0077ad3	fcvt.w.s	x21,f14	 f14:0x7fc00000 x21=0x7fffffff
      82175.000 ns	      8216	80001cfc	003a9413	slli	x8,x21,0x3	 x21:0x00000001  x8=0xfffffff8
      82195.000 ns	      8218	80001d00	0218a533	mulhsu	x10,x17,x1	 x17:0x80040fe4  x1:0x00000000 x10=0x00000000
      82215.000 ns	      8220	80001d04	accbf693	andi	x13,x23,-1332	 x23:0x00000000 x13=0x00000000
      82235.000 ns	      8222	80001d08	02afedb3	rem	x27,x31,x10	 x31:0x00000200 x10:0x00000000 x27=0x00000200
      82255.000 ns	      8224	80001d0c	1ba05d37	lui	x26,0x1ba05	 x26=0x1ba05000
      82285.000 ns	      8227	80001d10	580093d3	fsqrt.s	f7,f1	  f1:0x7fc00000  f7=0x7fc00000
      82315.000 ns	      8230	80001d14	295712d3	fmax.s	f5,f14,f21	 f14:0x7fc00000 f21:0x7fc00000  f5=0x7fc00000
      82345.000 ns	      8233	80001d18	026943b3	div	x7,x18,x6	 x18:0x80000626  x6:0x00000000  x7=0xffffffff
      82375.000 ns	      8236	80001d1c	a1479fd3	flt.s	x31,f15,f20	 f15:0xff800000 f20:0x7fc00000 x31=0x00000000
      82395.000 ns	      8238	80001d20	6c1a6817	auipc	x16,0x6c1a6	 x16=0xec1a7d20
      82415.000 ns	      8240	80001d24	f00a0753	fmv.w.x	f14,x20	 x20:0x1c369cc0 f14=0x1c369cc0
      82435.000 ns	      8242	80001d28	2f708737	lui	x14,0x2f708	 x14=0x2f708000
      82445.000 ns	      8243	80001d2c	74b72513	slti	x10,x14,1867	 x14:0x80040c0c x10=0x00000000
      82455.000 ns	      8244	80001d30	bbca6493	ori	x9,x20,-1092	 x20:0x1c369cc0  x9=0xfffffffc
      82495.000 ns	      8248	80001d34	09c383d3	fsub.s	f7,f7,f28	  f7:0x7fc00000 f28:0x7fc00000  f7=0x7fc00000
      82545.000 ns	      8253	80001d38	01f591d3	fadd.s	f3,f11,f31	 f11:0x00000000 f31:0xfffff922  f3=0x7fc00000
      82575.000 ns	      8256	80001d3c	21a68ed3	fsgnj.s	f29,f13,f26	 f13:0x7fc00000 f26:0x00000000 f29=0x7fc00000
      82945.000 ns	      8293	80001d40	034fd033	divu	x0,x31,x20	 x31:0x00000000 x20:0x1c369cc0
      82965.000 ns	      8295	80001d44	256fb113	sltiu	x2,x31,598	 x31:0x00000000  x2=0x00000001
      82975.000 ns	      8296	80001d48	63457617	auipc	x12,0x63457	 x12=0xe3458d48
      82995.000 ns	      8298	80001d4c	e00a9a53	fclass.s	x20,f21	 f21:0x7fc00000 x20=0x00000200
      83015.000 ns	      8300	80001d50	01fc7833	and	x16,x24,x31	 x24:0xc54c7000 x31:0x00000000 x16=0x00000000
      83055.000 ns	      8304	80001d54	001927d3	fadd.s	f15,f18,f1	 f18:0x4fb886b9  f1:0x7fc00000 f15=0x7fc00000
      83085.000 ns	      8307	80001d58	c01996d3	fcvt.wu.s	x13,f19	 f19:0x4db886b9 x13=0x1710d720
      83105.000 ns	      8309	80001d5c	00000013	addi	x0,x0,0	  x0:0x00000000
      83145.000 ns	      8313	80001d60	0889f4d3	fsub.s	f9,f19,f8	 f19:0x4db886b9  f8:0xcfb886b9  f9=0x4fc40f24
      83165.000 ns	      8315	80001d64	407bd013	srai	x0,x23,0x7	 x23:0x00000000
      83175.000 ns	      8316	80001d68	dc8c7813	andi	x16,x24,-568	 x24:0xc54c7000 x16=0xc54c7000
      83195.000 ns	      8318	80001d6c	e0079c53	fclass.s	x24,f15	 f15:0x7fc00000 x24=0x00000200
      83225.000 ns	      8321	80001d70	c00a3253	fcvt.w.s	x4,f20	 f20:0x7fc00000  x4=0x7fffffff
      83255.000 ns	      8324	80001d74	0266a633	mulhsu	x12,x13,x6	 x13:0x1710d720  x6:0x00000000 x12=0x00000000
      83285.000 ns	      8327	80001d78	219196d3	fsgnjn.s	f13,f3,f25	  f3:0x7fc00000 f25:0x7fc00000 f13=0xffc00000
      83305.000 ns	      8329	80001d7c	206c3f13	sltiu	x30,x24,518	 x24:0x00000200 x30=0x00000001
      83315.000 ns	      8330	80001d80	407c0333	sub	x6,x24,x7	 x24:0x00000200  x7:0xffffffff  x6=0x00000201
      83335.000 ns	      8332	80001d84	c00ef653	fcvt.w.s	x12,f29	 f29:0x7fc00000 x12=0x7fffffff
      83355.000 ns	      8334	80001d88	00b9ae33	slt	x28,x19,x11	 x19:0x1710d712 x11:0x80041024 x28=0x00000000
      83375.000 ns	      8336	80001d8c	02116033	rem	x0,x2,x1	  x2:0x00000001  x1:0x00000000
      83395.000 ns	      8338	80001d90	401a0f33	sub	x30,x20,x1	 x20:0x00000200  x1:0x00000000 x30=0x00000200
      83415.000 ns	      8340	80001d94	292a87d3	fmin.s	f15,f21,f18	 f21:0x7fc00000 f18:0x4fb886b9 f15=0x4fb886b9
      83445.000 ns	      8343	80001d98	a01e81d3	fle.s	x3,f29,f1	 f29:0x7fc00000  f1:0x7fc00000  x3=0x00000000
      83475.000 ns	      8346	80001d9c	28d715d3	fmax.s	f11,f14,f13	 f14:0x1c369cc0 f13:0xffc00000 f11=0x1c369cc0
      83505.000 ns	      8349	80001da0	e0091253	fclass.s	x4,f18	 f18:0x4fb886b9  x4=0x00000040
      83545.000 ns	      8353	80001da4	5808f0d3	fsqrt.s	f1,f17	 f17:0x7fc00000  f1=0x7fc00000
      83565.000 ns	      8355	80001da8	883bf413	andi	x8,x23,-1917	 x23:0x00000000  x8=0x00000000
      83575.000 ns	      8356	80001dac	6b190a13	addi	x20,x18,1713	 x18:0x80000626 x20=0x80000cd7
      83585.000 ns	      8357	80001db0	a778ed13	ori	x26,x17,-1417	 x17:0x80040fe4 x26=0xfffffff7
      83625.000 ns	      8361	80001db4	080272d3	fsub.s	f5,f4,f0	  f4:0x7fc00000  f0:0x7fc00000  f5=0x7fc00000
      83655.000 ns	      8364	80001db8	030c8033	mul	x0,x25,x16	 x25:0x00000000 x16:0xc54c7000
      83685.000 ns	      8367	80001dbc	d00d7c53	fcvt.s.w	f24,x26	 x26:0xfffffff7 f24=0xc1100000
      83705.000 ns	      8369	80001dc0	01ab90b3	sll	x1,x23,x26	 x23:0x00000000 x26:0xfffffff7  x1=0x00000000
      83725.000 ns	      8371	80001dc4	a06e9dd3	flt.s	x27,f29,f6	 f29:0x7fc00000  f6:0xcfc40f24 x27=0x00000000
      84095.000 ns	      8408	80001dc8	02dd4733	div	x14,x26,x13	 x26:0xfffffff7 x13:0x1710d720 x14=0x00000000
      84125.000 ns	      8411	80001dcc	0237f0b3	remu	x1,x15,x3	 x15:0x00000000  x3:0x00000000  x1=0x00000000
      84155.000 ns	      8414	80001dd0	286c80d3	fmin.s	f1,f25,f6	 f25:0x7fc00000  f6:0xcfc40f24  f1=0xcfc40f24
      84205.000 ns	      8419	80001dd4	0110f953	fadd.s	f18,f1,f17	  f1:0x7fc00000 f17:0x7fc00000 f18=0x7fc00000
      84225.000 ns	      8421	80001dd8	0339f293	andi	x5,x19,51	 x19:0x1710d712  x5=0x00000012
      84585.000 ns	      8457	80001ddc	03ad74b3	remu	x9,x26,x26	 x26:0xfffffff7 x26:0xfffffff7  x9=0x00000000
      84605.000 ns	      8459	80001de0	418ed1b3	sra	x3,x29,x24	 x29:0x00000010 x24:0x00000200  x3=0x00000010
      84625.000 ns	      8461	80001de4	0226a6b3	mulhsu	x13,x13,x2	 x13:0x1710d720  x2:0x00000001 x13=0x00000000
      84645.000 ns	      8463	80001de8	02013c13	sltiu	x24,x2,32	  x2:0x00000001 x24=0x00000001
      84675.000 ns	      8466	80001dec	1151cf53	fmul.s	f30,f3,f21	  f3:0x7fc00000 f21:0x7fc00000 f30=0x7fc00000
      84695.000 ns	      8468	80001df0	005eadb3	slt	x27,x29,x5	 x29:0x00000010  x5:0x00000012 x27=0x00000001
      84705.000 ns	      8469	80001df4	89f02693	slti	x13,x0,-1889	  x0:0x00000000 x13=0x00000000
      84715.000 ns	      8470	80001df8	01e4f233	and	x4,x9,x30	  x9:0x00000000 x30:0x00000200  x4=0x00000000
      84735.000 ns	      8472	80001dfc	d0007553	fcvt.s.w	f10,x0	  x0:0x00000000 f10=0x00000000
      84775.000 ns	      8476	80001e00	10cd03d3	fmul.s	f7,f26,f12	 f26:0x00000000 f12:0x7fc00000  f7=0x7fc00000
      84825.000 ns	      8481	80001e04	011e7353	fadd.s	f6,f28,f17	 f28:0x7fc00000 f17:0x7fc00000  f6=0x7fc00000
      84845.000 ns	      8483	80001e08	00753fb3	sltu	x31,x10,x7	 x10:0x00000000  x7:0xffffffff x31=0x00000001
      84855.000 ns	      8484	80001e0c	4ddcd397	auipc	x7,0x4ddcd	  x7=0xcddcee0c
      84875.000 ns	      8486	80001e10	02923f33	mulhu	x30,x4,x9	  x4:0x00000000  x9:0x00000000 x30=0x00000000
      84905.000 ns	      8489	80001e14	211c1453	fsgnjn.s	f8,f24,f17	 f24:0xc1100000 f17:0x7fc00000  f8=0xc1100000
      84945.000 ns	      8493	80001e18	5802f4d3	fsqrt.s	f9,f5	  f5:0x7fc00000  f9=0x7fc00000
      84975.000 ns	      8496	80001e1c	021e6e33	rem	x28,x28,x1	 x28:0x00000000  x1:0x00000000 x28=0x00000000
      84995.000 ns	      8498	80001e20	01d47d33	and	x26,x8,x29	  x8:0x00000000 x29:0x00000010 x26=0x00000000
      85005.000 ns	      8499	80001e24	00583cb3	sltu	x25,x16,x5	 x16:0xc54c7000  x5:0x00000012 x25=0x00000000
      85025.000 ns	      8501	80001e28	03d7adb3	mulhsu	x27,x15,x29	 x15:0x00000000 x29:0x00000010 x27=0x00000000
      85045.000 ns	      8503	80001e2c	00704833	xor	x16,x0,x7	  x0:0x00000000  x7:0xcddcee0c x16=0xcddcee0c
      85065.000 ns	      8505	80001e30	02099cb3	mulh	x25,x19,x0	 x19:0x1710d712  x0:0x00000000 x25=0x00000000
      85085.000 ns	      8507	80001e34	41218133	sub	x2,x3,x18	  x3:0x00000010 x18:0x80000626  x2=0x7ffff9ea
      85095.000 ns	      8508	80001e38	40b28533	sub	x10,x5,x11	  x5:0x00000012 x11:0x80041024 x10=0x7ffbefee
      85105.000 ns	      8509	80001e3c	876b8b93	addi	x23,x23,-1930	 x23:0x00000000 x23=0xfffff876
      85115.000 ns	      8510	80001e40	01e99fb3	sll	x31,x19,x30	 x19:0x1710d712 x30:0x00000000 x31=0x1710d712
      85135.000 ns	      8512	80001e44	a1e69453	flt.s	x8,f13,f30	 f13:0xffc00000 f30:0x7fc00000  x8=0x00000000
      85155.000 ns	      8514	80001e48	017b6fb3	or	x31,x22,x23	 x22:0xc54c7000 x23:0xfffff876 x31=0xfffff876
      85175.000 ns	      8516	80001e4c	28009fd3	fmax.s	f31,f1,f0	  f1:0xcfc40f24  f0:0x7fc00000 f31=0xcfc40f24
      85205.000 ns	      8519	80001e50	2195a9d3	fsgnjx.s	f19,f11,f25	 f11:0x1c369cc0 f25:0x7fc00000 f19=0x1c369cc0
      85225.000 ns	      8521	80001e54	406d8533	sub	x10,x27,x6	 x27:0x00000000  x6:0x00000201 x10=0xfffffdff
      85235.000 ns	      8522	80001e58	9e4c3f17	auipc	x30,0x9e4c3	 x30=0x1e4c4e58
      85255.000 ns	      8524	80001e5c	296594d3	fmax.s	f9,f11,f22	 f11:0x1c369cc0 f22:0x7fc00000  f9=0x1c369cc0
      85285.000 ns	      8527	80001e60	20d70053	fsgnj.s	f0,f14,f13	 f14:0x1c369cc0 f13:0xffc00000  f0=0x9c369cc0
      85305.000 ns	      8529	80001e64	00000013	addi	x0,x0,0	  x0:0x00000000
      85315.000 ns	      8530	80001e68	0176adb3	slt	x27,x13,x23	 x13:0x00000000 x23:0xfffff876 x27=0x00000000
      85335.000 ns	      8532	80001e6c	a0ec91d3	flt.s	x3,f25,f14	 f25:0x7fc00000 f14:0x1c369cc0  x3=0x00000000
      85355.000 ns	      8534	80001e70	54d7ab13	slti	x22,x15,1357	 x15:0x00000000 x22=0x00000001
      85715.000 ns	      8570	80001e74	030ed433	divu	x8,x29,x16	 x29:0x00000010 x16:0xcddcee0c  x8=0x00000000
      85745.000 ns	      8573	80001e78	0335a1b3	mulhsu	x3,x11,x19	 x11:0x80041024 x19:0x1710d712  x3=0xf477f22e
      85775.000 ns	      8576	80001e7c	e00a87d3	fmv.x.w	x15,f21	 f21:0x7fc00000 x15=0x7fc00000
      85805.000 ns	      8579	80001e80	03e2a6b3	mulhsu	x13,x5,x30	  x5:0x00000012 x30:0x1e4c4e58 x13=0x00000002
      85835.000 ns	      8582	80001e84	2092a7d3	fsgnjx.s	f15,f5,f9	  f5:0x7fc00000  f9:0x1c369cc0 f15=0x7fc00000
      85875.000 ns	      8586	80001e88	18f403d3	fdiv.s	f7,f8,f15	  f8:0xc1100000 f15:0x4fb886b9  f7=0x7fc00000
      85895.000 ns	      8588	80001e8c	40185613	srai	x12,x16,0x1	 x16:0xcddcee0c x12=0xe6ee7706
      85915.000 ns	      8590	80001e90	0281fe33	remu	x28,x3,x8	  x3:0xf477f22e  x8:0x00000000 x28=0xf477f22e
      85935.000 ns	      8592	80001e94	0101efb3	or	x31,x3,x16	  x3:0xf477f22e x16:0xcddcee0c x31=0xfdfffe2e
      85955.000 ns	      8594	80001e98	20518f53	fsgnj.s	f30,f3,f5	  f3:0x7fc00000  f5:0x7fc00000 f30=0x7fc00000
      86325.000 ns	      8631	80001e9c	023ad933	divu	x18,x21,x3	 x21:0x7fffffff  x3:0xf477f22e x18=0x00000000
      86355.000 ns	      8634	80001ea0	039d9bb3	mulh	x23,x27,x25	 x27:0x00000000 x25:0x00000000 x23=0x00000000
      86375.000 ns	      8636	80001ea4	58e71837	lui	x16,0x58e71	 x16=0x58e71000
      86735.000 ns	      8672	80001ea8	03d2efb3	rem	x31,x5,x29	  x5:0x00000012 x29:0x00000010 x31=0x00000002
      86765.000 ns	      8675	80001eac	031603b3	mul	x7,x12,x17	 x12:0xe6ee7706 x17:0x80040fe4  x7=0x81735b58
      86785.000 ns	      8677	80001eb0	40155e33	sra	x28,x10,x1	 x10:0xfffffdff  x1:0x00000000 x28=0xfffffdff
      86795.000 ns	      8678	80001eb4	c781ed13	ori	x26,x3,-904	  x3:0xf477f22e x26=0xfffffe7e
      86805.000 ns	      8679	80001eb8	276b3c93	sltiu	x25,x22,630	 x22:0x00000001 x25=0x00000001
      86815.000 ns	      8680	80001ebc	a4bb3f93	sltiu	x31,x22,-1461	 x22:0x00000001 x31=0x00000001
      86825.000 ns	      8681	80001ec0	1921c193	xori	x3,x3,402	  x3:0xf477f22e  x3=0xf477f3bc
      86845.000 ns	      8683	80001ec4	0336ae33	mulhsu	x28,x13,x19	 x13:0x00000002 x19:0x1710d712 x28=0x00000000
      86875.000 ns	      8686	80001ec8	c0117453	fcvt.wu.s	x8,f2	  f2:0x41800000  x8=0x00000010
      86895.000 ns	      8688	80001ecc	00f17fb3	and	x31,x2,x15	  x2:0x7ffff9ea x15:0x7fc00000 x31=0x7fc00000
      86935.000 ns	      8692	80001ed0	08aa8553	fsub.s	f10,f21,f10	 f21:0x7fc00000 f10:0x00000000 f10=0x7fc00000
      86965.000 ns	      8695	80001ed4	21f79d53	fsgnjn.s	f26,f15,f31	 f15:0x7fc00000 f31:0xcfc40f24 f26=0x7fc00000
      86995.000 ns	      8698	80001ed8	a099afd3	feq.s	x31,f19,f9	 f19:0x1c369cc0  f9:0x1c369cc0 x31=0x00000001
      87015.000 ns	      8700	80001edc	415081b3	sub	x3,x1,x21	  x1:0x00000000 x21:0x7fffffff  x3=0x80000001
      87375.000 ns	      8736	80001ee0	02bc4e33	div	x28,x24,x11	 x24:0x00000001 x11:0x80041024 x28=0x00000000
      87395.000 ns	      8738	80001ee4	e27c7093	andi	x1,x24,-473	 x24:0x00000001  x1=0x00000001
      87405.000 ns	      8739	80001ee8	019a41b3	xor	x3,x20,x25	 x20:0x80000cd7 x25:0x00000001  x3=0x80000cd6
      87415.000 ns	      8740	80001eec	fda9e313	ori	x6,x19,-38	 x19:0x1710d712  x6=0xffffffda
      87425.000 ns	      8741	80001ef0	d1e10a93	addi	x21,x2,-738	  x2:0x7ffff9ea x21=0x7ffff708
      87445.000 ns	      8743	80001ef4	02f397b3	mulh	x15,x7,x15	  x7:0x81735b58 x15:0x7fc00000 x15=0xc0d950d5
      87475.000 ns	      8746	80001ef8	e0020d53	fmv.x.w	x26,f4	  f4:0x7fc00000 x26=0x7fc00000
      87495.000 ns	      8748	80001efc	00000013	addi	x0,x0,0	  x0:0x00000000
      87505.000 ns	      8749	80001f00	d6494037	lui	x0,0xd6494	
      87525.000 ns	      8751	80001f04	d01923d3	fcvt.s.wu	f7,x18	 x18:0x00000000  f7=0x00000000
      87555.000 ns	      8754	80001f08	e0070fd3	fmv.x.w	x31,f14	 f14:0x1c369cc0 x31=0x1c369cc0
      87595.000 ns	      8758	80001f0c	180a7ed3	fdiv.s	f29,f20,f0	 f20:0x7fc00000  f0:0x9c369cc0 f29=0x7fc00000
      87615.000 ns	      8760	80001f10	00000013	addi	x0,x0,0	  x0:0x00000000
      87625.000 ns	      8761	80001f14	20a67c13	andi	x24,x12,522	 x12:0xe6ee7706 x24=0x00000202
      87645.000 ns	      8763	80001f18	a1eda1d3	feq.s	x3,f27,f30	 f27:0xff800000 f30:0x7fc00000  x3=0x00000000
      87665.000 ns	      8765	80001f1c	fe144913	xori	x18,x8,-31	  x8:0x00000010 x18=0xfffffff1
      87685.000 ns	      8767	80001f20	0297d4b3	divu	x9,x15,x9	 x15:0xc0d950d5  x9:0x00000000  x9=0xffffffff
      87705.000 ns	      8769	80001f24	7eb43a13	sltiu	x20,x8,2027	  x8:0x00000010 x20=0x00000001
      87725.000 ns	      8771	80001f28	c01b8553	fcvt.wu.s	x10,f23	 f23:0x00000000 x10=0x00000000
      87745.000 ns	      8773	80001f2c	00000013	addi	x0,x0,0	  x0:0x00000000
      87755.000 ns	      8774	80001f30	00000013	addi	x0,x0,0	  x0:0x00000000
      87775.000 ns	      8776	80001f34	210294d3	fsgnjn.s	f9,f5,f16	  f5:0x7fc00000 f16:0x7fc00000  f9=0xffc00000
      87805.000 ns	      8779	80001f38	f00484d3	fmv.w.x	f9,x9	  x9:0xffffffff  f9=0xffffffff
      87835.000 ns	      8782	80001f3c	0374db33	divu	x22,x9,x23	  x9:0xffffffff x23:0x00000000 x22=0xffffffff
      87855.000 ns	      8784	80001f40	40798d33	sub	x26,x19,x7	 x19:0x1710d712  x7:0x81735b58 x26=0x959d7bba
      88215.000 ns	      8820	80001f44	03d0cbb3	div	x23,x1,x29	  x1:0x00000001 x29:0x00000010 x23=0x00000000
      88245.000 ns	      8823	80001f48	a041a0d3	feq.s	x1,f3,f4	  f3:0x7fc00000  f4:0x7fc00000  x1=0x00000000
      88275.000 ns	      8826	80001f4c	f00704d3	fmv.w.x	f9,x14	 x14:0x00000000  f9=0x00000000
      88305.000 ns	      8829	80001f50	29258b53	fmin.s	f22,f11,f18	 f11:0x1c369cc0 f18:0x7fc00000 f22=0x1c369cc0
      88325.000 ns	      8831	80001f54	fa536e13	ori	x28,x6,-91	  x6:0xffffffda x28=0xffffffff
      88335.000 ns	      8832	80001f58	412a50b3	sra	x1,x20,x18	 x20:0x00000001 x18:0xfffffff1  x1=0x00000000
      88345.000 ns	      8833	80001f5c	0082db13	srli	x22,x5,0x8	  x5:0x00000012 x22=0x00000000
      88355.000 ns	      8834	80001f60	00b1b0b3	sltu	x1,x3,x11	  x3:0x00000000 x11:0x80041024  x1=0x00000001
      88365.000 ns	      8835	80001f64	11470c13	addi	x24,x14,276	 x14:0x00000000 x24=0x00000114
      88375.000 ns	      8836	80001f68	40965c93	srai	x25,x12,0x9	 x12:0xe6ee7706 x25=0xfff3773b
      88385.000 ns	      8837	80001f6c	0119f633	and	x12,x19,x17	 x19:0x1710d712 x17:0x80040fe4 x12=0x00000700
      88395.000 ns	      8838	80001f70	002984b3	add	x9,x19,x2	 x19:0x1710d712  x2:0x7ffff9ea  x9=0x9710d0fc
      88415.000 ns	      8840	80001f74	21d68d53	fsgnj.s	f26,f13,f29	 f13:0xffc00000 f29:0x7fc00000 f26=0x7fc00000
      88435.000 ns	      8842	80001f78	00734033	xor	x0,x6,x7	  x6:0xffffffda  x7:0x81735b58
      88475.000 ns	      8846	80001f7c	002cf353	fadd.s	f6,f25,f2	 f25:0x7fc00000  f2:0x41800000  f6=0x7fc00000
      88495.000 ns	      8848	80001f80	41c1d0b3	sra	x1,x3,x28	  x3:0x00000000 x28:0xffffffff  x1=0x00000000
      88505.000 ns	      8849	80001f84	41eade13	srai	x28,x21,0x1e	 x21:0x7ffff708 x28=0x00000001
      88515.000 ns	      8850	80001f88	9c5b3c93	sltiu	x25,x22,-1595	 x22:0x00000000 x25=0x00000001
      88525.000 ns	      8851	80001f8c	418d8d33	sub	x26,x27,x24	 x27:0x00000000 x24:0x00000114 x26=0xfffffeec
      88535.000 ns	      8852	80001f90	83bc7d13	andi	x26,x24,-1989	 x24:0x00000114 x26=0x00000010
      88555.000 ns	      8854	80001f94	c01ef753	fcvt.wu.s	x14,f29	 f29:0x7fc00000 x14=0xffffffff
      88575.000 ns	      8856	80001f98	00000013	addi	x0,x0,0	  x0:0x00000000
      88585.000 ns	      8857	80001f9c	00000013	addi	x0,x0,0	  x0:0x00000000
      88605.000 ns	      8859	80001fa0	03e3abb3	mulhsu	x23,x7,x30	  x7:0x81735b58 x30:0x1e4c4e58 x23=0xf105cc39
      88625.000 ns	      8861	80001fa4	258c4393	xori	x7,x24,600	 x24:0x00000114  x7=0x0000034c
      88645.000 ns	      8863	80001fa8	a1bd1253	flt.s	x4,f26,f27	 f26:0x7fc00000 f27:0xff800000  x4=0x00000000
      88675.000 ns	      8866	80001fac	e0071053	fclass.s	x0,f14	 f14:0x1c369cc0
      88715.000 ns	      8870	80001fb0	580a1853	fsqrt.s	f16,f20	 f20:0x7fc00000 f16=0x7fc00000
      88735.000 ns	      8872	80001fb4	008ec2b3	xor	x5,x29,x8	 x29:0x00000010  x8:0x00000010  x5=0x00000000
      88745.000 ns	      8873	80001fb8	01a15f13	srli	x30,x2,0x1a	  x2:0x7ffff9ea x30=0x0000001f
      88755.000 ns	      8874	80001fbc	0073ccb3	xor	x25,x7,x7	  x7:0x0000034c  x7:0x0000034c x25=0x00000000
      88775.000 ns	      8876	80001fc0	28da08d3	fmin.s	f17,f20,f13	 f20:0x7fc00000 f13:0xffc00000 f17=0x7fc00000
      88805.000 ns	      8879	80001fc4	210409d3	fsgnj.s	f19,f8,f16	  f8:0xc1100000 f16:0x7fc00000 f19=0x41100000
      88835.000 ns	      8882	80001fc8	0367f633	remu	x12,x15,x22	 x15:0xc0d950d5 x22:0x00000000 x12=0xc0d950d5
      88855.000 ns	      8884	80001fcc	168f4693	xori	x13,x30,360	 x30:0x0000001f x13=0x00000177
      88865.000 ns	      8885	80001fd0	f4512613	slti	x12,x2,-187	  x2:0x7ffff9ea x12=0x00000000
      88885.000 ns	      8887	80001fd4	c0077b53	fcvt.w.s	x22,f14	 f14:0x1c369cc0 x22=0x00000000
      89225.000 ns	      8921	80001fd8	18bc76d3	fdiv.s	f13,f24,f11	 f24:0xc1100000 f11:0x1c369cc0 f13=0xe44b4b4c
      89255.000 ns	      8924	80001fdc	210e2753	fsgnjx.s	f14,f28,f16	 f28:0x7fc00000 f16:0x7fc00000 f14=0x7fc00000
      89285.000 ns	      8927	80001fe0	e0071c53	fclass.s	x24,f14	 f14:0x1c369cc0 x24=0x00000200
      89315.000 ns	      8930	80001fe4	03a4be33	mulhu	x28,x9,x26	  x9:0x9710d0fc x26:0x00000010 x28=0x00000009
      89345.000 ns	      8933	80001fe8	28c108d3	fmin.s	f17,f2,f12	  f2:0x41800000 f12:0x7fc00000 f17=0x41800000
      89375.000 ns	      8936	80001fec	28fe0953	fmin.s	f18,f28,f15	 f28:0x7fc00000 f15:0x7fc00000 f18=0x7fc00000
      89405.000 ns	      8939	80001ff0	c01530d3	fcvt.wu.s	x1,f10	 f10:0x7fc00000  x1=0xffffffff
      89425.000 ns	      8941	80001ff4	00250d33	add	x26,x10,x2	 x10:0x00000000  x2:0x7ffff9ea x26=0x7ffff9ea
      89445.000 ns	      8943	80001ff8	2043aad3	fsgnjx.s	f21,f7,f4	  f7:0x00000000  f4:0x7fc00000 f21=0x00000000
      89485.000 ns	      8947	80001ffc	58093153	fsqrt.s	f2,f18	 f18:0x7fc00000  f2=0x7fc00000
      89505.000 ns	      8949	80002000	009274b3	and	x9,x4,x9	  x4:0x00000000  x9:0x9710d0fc  x9=0x00000000
      89515.000 ns	      8950	80002004	9190c817	auipc	x16,0x9190c	 x16=0x1190e004
      89535.000 ns	      8952	80002008	d014b353	fcvt.s.wu	f6,x9	  x9:0x9710d0fc  f6=0x00000000
      89565.000 ns	      8955	8000200c	02829cb3	mulh	x25,x5,x8	  x5:0x00000000  x8:0x00000010 x25=0x00000000
      89585.000 ns	      8957	80002010	243e8f13	addi	x30,x29,579	 x29:0x00000010 x30=0x00000253
      89605.000 ns	      8959	80002014	20070353	fsgnj.s	f6,f14,f0	 f14:0x7fc00000  f0:0x9c369cc0  f6=0xffc00000
      89635.000 ns	      8962	80002018	f00c0b53	fmv.w.x	f22,x24	 x24:0x00000200 f22=0x00000200
      89665.000 ns	      8965	8000201c	21d190d3	fsgnjn.s	f1,f3,f29	  f3:0x7fc00000 f29:0x7fc00000  f1=0xffc00000
      89695.000 ns	      8968	80002020	037033b3	mulhu	x7,x0,x23	  x0:0x00000000 x23:0xf105cc39  x7=0x00000000
      89725.000 ns	      8971	80002024	a09801d3	fle.s	x3,f16,f9	 f16:0x7fc00000  f9:0x00000000  x3=0x00000000
      89755.000 ns	      8974	80002028	024a3cb3	mulhu	x25,x20,x4	 x20:0x00000001  x4:0x00000000 x25=0x00000000
      89785.000 ns	      8977	8000202c	c015f0d3	fcvt.wu.s	x1,f11	 f11:0x1c369cc0  x1=0x00000000
      89805.000 ns	      8979	80002030	0174edb3	or	x27,x9,x23	  x9:0x00000000 x23:0xf105cc39 x27=0xf105cc39
      89825.000 ns	      8981	80002034	e0031ad3	fclass.s	x21,f6	  f6:0xffc00000 x21=0x00000200
      89855.000 ns	      8984	80002038	03411cb3	mulh	x25,x2,x20	  x2:0x7ffff9ea x20:0x00000001 x25=0x00000000
      89875.000 ns	      8986	8000203c	8eafa3b7	lui	x7,0x8eafa	  x7=0x8eafa000
      89895.000 ns	      8988	80002040	a0929ad3	flt.s	x21,f5,f9	  f5:0x7fc00000  f9:0x00000000 x21=0x00000000
      89915.000 ns	      8990	80002044	01d35513	srli	x10,x6,0x1d	  x6:0xffffffda x10=0x00000007
      89935.000 ns	      8992	80002048	03b1b3b3	mulhu	x7,x3,x27	  x3:0x00000000 x27:0xf105cc39  x7=0x00000000
      89955.000 ns	      8994	8000204c	0075d933	srl	x18,x11,x7	 x11:0x80041024  x7:0x8eafa000 x18=0x80041024
      89975.000 ns	      8996	80002050	c00182d3	fcvt.w.s	x5,f3	  f3:0x7fc00000  x5=0x7fffffff
      90005.000 ns	      8999	80002054	d0119ed3	fcvt.s.wu	f29,x3	  x3:0x00000000 f29=0x00000000
      90025.000 ns	      9001	80002058	5ca62013	slti	x0,x12,1482	 x12:0x00000000
      90035.000 ns	      9002	8000205c	0174aab3	slt	x21,x9,x23	  x9:0x00000000 x23:0xf105cc39 x21=0x00000000
      90055.000 ns	      9004	80002060	21ffad53	fsgnjx.s	f26,f31,f31	 f31:0xcfc40f24 f31:0xcfc40f24 f26=0x4fc40f24
      90425.000 ns	      9041	80002064	025ff333	remu	x6,x31,x5	 x31:0x1c369cc0  x5:0x7fffffff  x6=0x1c369cc0
      90445.000 ns	      9043	80002068	175d7d13	andi	x26,x26,373	 x26:0x7ffff9ea x26=0x00000160
      90465.000 ns	      9045	8000206c	29f685d3	fmin.s	f11,f13,f31	 f13:0xe44b4b4c f31:0xcfc40f24 f11=0xe44b4b4c
      90485.000 ns	      9047	80002070	01f904b3	add	x9,x18,x31	 x18:0x80041024 x31:0x1c369cc0  x9=0x9c3aace4
      90505.000 ns	      9049	80002074	0236adb3	mulhsu	x27,x13,x3	 x13:0x00000177  x3:0x00000000 x27=0x00000000
      90525.000 ns	      9051	80002078	b6967113	andi	x2,x12,-1175	 x12:0x00000000  x2=0x00000000
      90545.000 ns	      9053	8000207c	a1c08c53	fle.s	x24,f1,f28	  f1:0xffc00000 f28:0x7fc00000 x24=0x00000000
      90585.000 ns	      9057	80002080	18963cd3	fdiv.s	f25,f12,f9	 f12:0x7fc00000  f9:0x00000000 f25=0x7fc00000
      90605.000 ns	      9059	80002084	01c6ac33	slt	x24,x13,x28	 x13:0x00000177 x28:0x00000009 x24=0x00000000
      90625.000 ns	      9061	80002088	c003c253	fcvt.w.s	x4,f7	  f7:0x00000000  x4=0x00000000
      90655.000 ns	      9064	8000208c	02368db3	mul	x27,x13,x3	 x13:0x00000177  x3:0x00000000 x27=0x00000000
      90675.000 ns	      9066	80002090	01d82933	slt	x18,x16,x29	 x16:0x1190e004 x29:0x00000010 x18=0x00000000
      90695.000 ns	      9068	80002094	024efa33	remu	x20,x29,x4	 x29:0x00000010  x4:0x00000000 x20=0x00000010
      90715.000 ns	      9070	80002098	400b8733	sub	x14,x23,x0	 x23:0xf105cc39  x0:0x00000000 x14=0xf105cc39
      90735.000 ns	      9072	8000209c	f00307d3	fmv.w.x	f15,x6	  x6:0x1c369cc0 f15=0x1c369cc0
      90755.000 ns	      9074	800020a0	41a287b3	sub	x15,x5,x26	  x5:0x7fffffff x26:0x00000160 x15=0x7ffffe9f
      90775.000 ns	      9076	800020a4	a1d7acd3	feq.s	x25,f15,f29	 f15:0x1c369cc0 f29:0x00000000 x25=0x00000000
      90795.000 ns	      9078	800020a8	006254b3	srl	x9,x4,x6	  x4:0x00000000  x6:0x1c369cc0  x9=0x00000000
      90815.000 ns	      9080	800020ac	282510d3	fmax.s	f1,f10,f2	 f10:0x7fc00000  f2:0x7fc00000  f1=0x7fc00000
      90835.000 ns	      9082	800020b0	009e8533	add	x10,x29,x9	 x29:0x00000010  x9:0x9c3aace4 x10=0x00000010
      90855.000 ns	      9084	800020b4	a04383d3	fle.s	x7,f7,f4	  f7:0x00000000  f4:0x7fc00000  x7=0x00000000
      90875.000 ns	      9086	800020b8	86abb293	sltiu	x5,x23,-1942	 x23:0xf105cc39  x5=0x00000001
      90895.000 ns	      9088	800020bc	03c332b3	mulhu	x5,x6,x28	  x6:0x1c369cc0 x28:0x00000009  x5=0x00000000
      90915.000 ns	      9090	800020c0	00a891b3	sll	x3,x17,x10	 x17:0x80040fe4 x10:0x00000010  x3=0x0fe40000
      90925.000 ns	      9091	800020c4	64a82713	slti	x14,x16,1610	 x16:0x1190e004 x14=0x00000000
      90945.000 ns	      9093	800020c8	030c80b3	mul	x1,x25,x16	 x25:0x00000000 x16:0x1190e004  x1=0x00000000
      90975.000 ns	      9096	800020cc	d0199ed3	fcvt.s.wu	f29,x19	 x19:0x1710d712 f29=0x4db886b8
      91005.000 ns	      9099	800020d0	d00a3853	fcvt.s.w	f16,x20	 x20:0x00000010 f16=0x41800000
      91025.000 ns	      9101	800020d4	00370433	add	x8,x14,x3	 x14:0x00000000  x3:0x0fe40000  x8=0x0fe40000
      91055.000 ns	      9104	800020d8	194178d3	fdiv.s	f17,f2,f20	  f2:0x7fc00000 f20:0x7fc00000 f17=0x7fc00000
      91085.000 ns	      9107	800020dc	e00184d3	fmv.x.w	x9,f3	  f3:0x7fc00000  x9=0x7fc00000
      91115.000 ns	      9110	800020e0	200286d3	fsgnj.s	f13,f5,f0	  f5:0x7fc00000  f0:0x9c369cc0 f13=0xffc00000
      91135.000 ns	      9112	800020e4	61c7eb93	ori	x23,x15,1564	 x15:0x7ffffe9f x23=0x7ffffe9f
      91495.000 ns	      9148	800020e8	02d0cb33	div	x22,x1,x13	  x1:0x00000000 x13:0x00000177 x22=0x00000000
      91515.000 ns	      9150	800020ec	be1c4e97	auipc	x29,0xbe1c4	 x29=0x3e1c60ec
      91535.000 ns	      9152	800020f0	28ed8953	fmin.s	f18,f27,f14	 f27:0xff800000 f14:0x7fc00000 f18=0xff800000
      91565.000 ns	      9155	800020f4	030382b3	mul	x5,x7,x16	  x7:0x00000000 x16:0x1190e004  x5=0x00000000
      91935.000 ns	      9192	800020f8	029ac733	div	x14,x21,x9	 x21:0x00000000  x9:0x7fc00000 x14=0x00000000
      91955.000 ns	      9194	800020fc	a54de613	ori	x12,x27,-1452	 x27:0x00000000 x12=0xfffffa54
      91965.000 ns	      9195	80002100	a8caff97	auipc	x31,0xa8caf	 x31=0x28cb1100
      91985.000 ns	      9197	80002104	e0008b53	fmv.x.w	x22,f1	  f1:0x7fc00000 x22=0x7fc00000
      92015.000 ns	      9200	80002108	025a54b3	divu	x9,x20,x5	 x20:0x00000010  x5:0x00000000  x9=0xffffffff
      92035.000 ns	      9202	8000210c	00c27e93	andi	x29,x4,12	  x4:0x00000000 x29=0x00000000
      92055.000 ns	      9204	80002110	a04e8353	fle.s	x6,f29,f4	 f29:0x4db886b8  f4:0x7fc00000  x6=0x00000000
      92075.000 ns	      9206	80002114	0188ba33	sltu	x20,x17,x24	 x17:0x80040fe4 x24:0x00000000 x20=0x00000000
      92085.000 ns	      9207	80002118	8d2a8313	addi	x6,x21,-1838	 x21:0x00000000  x6=0xfffff8d2
      92105.000 ns	      9209	8000211c	21be18d3	fsgnjn.s	f17,f28,f27	 f28:0x7fc00000 f27:0xff800000 f17=0x7fc00000
      92125.000 ns	      9211	80002120	01cadc33	srl	x24,x21,x28	 x21:0x00000000 x28:0x00000009 x24=0x00000000
      92135.000 ns	      9212	80002124	41290333	sub	x6,x18,x18	 x18:0x00000000 x18:0x00000000  x6=0x00000000
      92145.000 ns	      9213	80002128	bb677493	andi	x9,x14,-1098	 x14:0x00000000  x9=0x00000000
      92505.000 ns	      9249	8000212c	0339eb33	rem	x22,x19,x19	 x19:0x1710d712 x19:0x1710d712 x22=0x00000000
      92525.000 ns	      9251	80002130	01e1cab3	xor	x21,x3,x30	  x3:0x0fe40000 x30:0x00000253 x21=0x0fe40253
      92855.000 ns	      9284	80002134	19f7f8d3	fdiv.s	f17,f15,f31	 f15:0x1c369cc0 f31:0xcfc40f24 f17=0x8bb69cc0
      92875.000 ns	      9286	80002138	019e52b3	srl	x5,x28,x25	 x28:0x00000009 x25:0x00000000  x5=0x00000009
      93235.000 ns	      9322	8000213c	02f2dfb3	divu	x31,x5,x15	  x5:0x00000000 x15:0x7ffffe9f x31=0x00000000
      93265.000 ns	      9325	80002140	28b91b53	fmax.s	f22,f18,f11	 f18:0xff800000 f11:0xe44b4b4c f22=0xe44b4b4c
      93295.000 ns	      9328	80002144	02e68b33	mul	x22,x13,x14	 x13:0x00000177 x14:0x00000000 x22=0x00000000
      93325.000 ns	      9331	80002148	d01e2653	fcvt.s.wu	f12,x28	 x28:0x00000009 f12=0x41100000
      93355.000 ns	      9334	8000214c	0374a133	mulhsu	x2,x9,x23	  x9:0x00000000 x23:0x7ffffe9f  x2=0x00000000
      93375.000 ns	      9336	80002150	01dd1293	slli	x5,x26,0x1d	 x26:0x00000160  x5=0x00000000
      93735.000 ns	      9372	80002154	02ad6833	rem	x16,x26,x10	 x26:0x00000160 x10:0x00000010 x16=0x00000000
      93755.000 ns	      9374	80002158	45288693	addi	x13,x17,1106	 x17:0x80040fe4 x13=0x80041436
      93765.000 ns	      9375	8000215c	01113fb3	sltu	x31,x2,x17	  x2:0x00000000 x17:0x80040fe4 x31=0x00000001
      93775.000 ns	      9376	80002160	4154d793	srai	x15,x9,0x15	  x9:0x00000000 x15=0x00000000
      93785.000 ns	      9377	80002164	012d41b3	xor	x3,x26,x18	 x26:0x00000160 x18:0x00000000  x3=0x00000160
      93795.000 ns	      9378	80002168	e105a493	slti	x9,x11,-496	 x11:0x80041024  x9=0x00000001
      93805.000 ns	      9379	8000216c	005d6813	ori	x16,x26,5	 x26:0x00000160 x16=0x00000165
      93825.000 ns	      9381	80002170	e00210d3	fclass.s	x1,f4	  f4:0x7fc00000  x1=0x00000200
      93855.000 ns	      9384	80002174	e00b1cd3	fclass.s	x25,f22	 f22:0xe44b4b4c x25=0x00000002
      93875.000 ns	      9386	80002178	40d9d413	srai	x8,x19,0xd	 x19:0x1710d712  x8=0x0000b886
      93885.000 ns	      9387	8000217c	005b1313	slli	x6,x22,0x5	 x22:0x00000000  x6=0x00000000
      93905.000 ns	      9389	80002180	c01f21d3	fcvt.wu.s	x3,f30	 f30:0x7fc00000  x3=0xffffffff
      93925.000 ns	      9391	80002184	01a0f633	and	x12,x1,x26	  x1:0x00000200 x26:0x00000160 x12=0x00000000
      93935.000 ns	      9392	80002188	01eb6d33	or	x26,x22,x30	 x22:0x00000000 x30:0x00000253 x26=0x00000253
      93945.000 ns	      9393	8000218c	62bc8913	addi	x18,x25,1579	 x25:0x00000002 x18=0x0000062d
      93965.000 ns	      9395	80002190	02ee4633	div	x12,x28,x14	 x28:0x00000009 x14:0x00000000 x12=0xffffffff
      93985.000 ns	      9397	80002194	01c23c33	sltu	x24,x4,x28	  x4:0x00000000 x28:0x00000009 x24=0x00000001
      94345.000 ns	      9433	80002198	0230efb3	rem	x31,x1,x3	  x1:0x00000200  x3:0xffffffff x31=0x00000000
      94375.000 ns	      9436	8000219c	c01f7053	fcvt.wu.s	x0,f30	 f30:0x7fc00000
      94405.000 ns	      9439	800021a0	02d68b33	mul	x22,x13,x13	 x13:0x80041436 x13:0x80041436 x22=0xa3487b64
      94425.000 ns	      9441	800021a4	07c9e213	ori	x4,x19,124	 x19:0x1710d712  x4=0x1710d77e
      94435.000 ns	      9442	800021a8	10bf4313	xori	x6,x30,267	 x30:0x00000253  x6=0x00000358
      94455.000 ns	      9444	800021ac	f0080053	fmv.w.x	f0,x16	 x16:0x00000165  f0=0x00000165
      94475.000 ns	      9446	800021b0	01c39b33	sll	x22,x7,x28	  x7:0x00000000 x28:0x00000009 x22=0x00000000
      94485.000 ns	      9447	800021b4	01a15db3	srl	x27,x2,x26	  x2:0x00000000 x26:0x00000253 x27=0x00000000
      94505.000 ns	      9449	800021b8	2019a853	fsgnjx.s	f16,f19,f1	 f19:0x41100000  f1:0x7fc00000 f16=0x41100000
      94535.000 ns	      9452	800021bc	02949eb3	mulh	x29,x9,x9	  x9:0x00000001  x9:0x00000001 x29=0x00000000
      94565.000 ns	      9455	800021c0	d01c0cd3	fcvt.s.wu	f25,x24	 x24:0x00000001 f25=0x3f800000
      94605.000 ns	      9459	800021c4	186df653	fdiv.s	f12,f27,f6	 f27:0xff800000  f6:0xffc00000 f12=0x7fc00000
      94625.000 ns	      9461	800021c8	00000013	addi	x0,x0,0	  x0:0x00000000
      94635.000 ns	      9462	800021cc	8a485a97	auipc	x21,0x8a485	 x21=0x0a4871cc
      94645.000 ns	      9463	800021d0	070cbe93	sltiu	x29,x25,112	 x25:0x00000002 x29=0x00000001
      94655.000 ns	      9464	800021d4	01038f33	add	x30,x7,x16	  x7:0x00000000 x16:0x00000165 x30=0x00000165
      94665.000 ns	      9465	800021d8	0018ac33	slt	x24,x17,x1	 x17:0x80040fe4  x1:0x00000200 x24=0x00000001
      94705.000 ns	      9469	800021dc	001b73d3	fadd.s	f7,f22,f1	 f22:0xe44b4b4c  f1:0x7fc00000  f7=0x7fc00000
      94735.000 ns	      9472	800021e0	e0081853	fclass.s	x16,f16	 f16:0x41100000 x16=0x00000040
      94765.000 ns	      9475	800021e4	d00f4653	fcvt.s.w	f12,x30	 x30:0x00000165 f12=0x43b28000
      95135.000 ns	      9512	800021e8	023b5533	divu	x10,x22,x3	 x22:0x00000000  x3:0xffffffff x10=0x00000000
      95155.000 ns	      9514	800021ec	400add13	srai	x26,x21,0x0	 x21:0x0a4871cc x26=0x0a4871cc
      95165.000 ns	      9515	800021f0	01444933	xor	x18,x8,x20	  x8:0x0000b886 x20:0x00000000 x18=0x0000b886
      95185.000 ns	      9517	800021f4	297d94d3	fmax.s	f9,f27,f23	 f27:0xff800000 f23:0x00000000  f9=0x00000000
      95205.000 ns	      9519	800021f8	009a6133	or	x2,x20,x9	 x20:0x00000000  x9:0x00000001  x2=0x00000001
      95215.000 ns	      9520	800021fc	016734b3	sltu	x9,x14,x22	 x14:0x00000000 x22:0x00000000  x9=0x00000000
      95235.000 ns	      9522	80002200	03423db3	mulhu	x27,x4,x20	  x4:0x1710d77e x20:0x00000000 x27=0x00000000
      95255.000 ns	      9524	80002204	002b2533	slt	x10,x22,x2	 x22:0x00000000  x2:0x00000001 x10=0x00000001
      95275.000 ns	      9526	80002208	21e9a7d3	fsgnjx.s	f15,f19,f30	 f19:0x41100000 f30:0x7fc00000 f15=0x41100000
      95325.000 ns	      9531	8000220c	09cbf053	fsub.s	f0,f23,f28	 f23:0x00000000 f28:0x7fc00000  f0=0x7fc00000
      95355.000 ns	      9534	80002210	d00c7853	fcvt.s.w	f16,x24	 x24:0x00000001 f16=0x3f800000
      95385.000 ns	      9537	80002214	c0110b53	fcvt.wu.s	x22,f2	  f2:0x7fc00000 x22=0xffffffff
      95405.000 ns	      9539	80002218	01485e13	srli	x28,x16,0x14	 x16:0x00000040 x28=0x00000000
      95425.000 ns	      9541	8000221c	a127a753	feq.s	x14,f15,f18	 f15:0x41100000 f18:0xff800000 x14=0x00000000
      95445.000 ns	      9543	80002220	8abd8213	addi	x4,x27,-1877	 x27:0x00000000  x4=0xfffff8ab
      95465.000 ns	      9545	80002224	21719ed3	fsgnjn.s	f29,f3,f23	  f3:0x7fc00000 f23:0x00000000 f29=0xffc00000
      95495.000 ns	      9548	80002228	034ad333	divu	x6,x21,x20	 x21:0x0a4871cc x20:0x00000000  x6=0xffffffff
      95515.000 ns	      9550	8000222c	00d51d33	sll	x26,x10,x13	 x10:0x00000001 x13:0x80041436 x26=0x00400000
      95535.000 ns	      9552	80002230	03c68233	mul	x4,x13,x28	 x13:0x80041436 x28:0x00000000  x4=0x00000000
      95555.000 ns	      9554	80002234	ad120f93	addi	x31,x4,-1327	  x4:0xfffff8ab x31=0xfffffad1
      95575.000 ns	      9556	80002238	d0063553	fcvt.s.w	f10,x12	 x12:0xffffffff f10=0xbf800000
      95595.000 ns	      9558	8000223c	01ed5413	srli	x8,x26,0x1e	 x26:0x00400000  x8=0x00000000
      95605.000 ns	      9559	80002240	00e0d693	srli	x13,x1,0xe	  x1:0x00000200 x13=0x00000000
      95965.000 ns	      9595	80002244	02b94333	div	x6,x18,x11	 x18:0x0000b886 x11:0x80041024  x6=0x00000000
      96335.000 ns	      9632	80002248	0332c1b3	div	x3,x5,x19	  x5:0x00000000 x19:0x1710d712  x3=0x00000000
      96365.000 ns	      9635	8000224c	21442453	fsgnjx.s	f8,f8,f20	  f8:0xc1100000 f20:0x7fc00000  f8=0xc1100000
      96385.000 ns	      9637	80002250	00fbc833	xor	x16,x23,x15	 x23:0x7ffffe9f x15:0x00000000 x16=0x7ffffe9f
      96395.000 ns	      9638	80002254	40235133	sra	x2,x6,x2	  x6:0x00000000  x2:0x00000001  x2=0x00000000
      96415.000 ns	      9640	80002258	c00c0d53	fcvt.w.s	x26,f24	 f24:0xc1100000 x26=0xfffffff7
      96435.000 ns	      9642	8000225c	01011e93	slli	x29,x2,0x10	  x2:0x00000001 x29=0x00000000
      96795.000 ns	      9678	80002260	03147633	remu	x12,x8,x17	  x8:0x00000000 x17:0x80040fe4 x12=0x00000000
      96815.000 ns	      9680	80002264	0133c0b3	xor	x1,x7,x19	  x7:0x00000000 x19:0x1710d712  x1=0x1710d712
      96845.000 ns	      9683	80002268	580efbd3	fsqrt.s	f23,f29	 f29:0xffc00000 f23=0x7fc00000
      96875.000 ns	      9686	8000226c	a0c2a853	feq.s	x16,f5,f12	  f5:0x7fc00000 f12:0x43b28000 x16=0x00000000
      96905.000 ns	      9689	80002270	035c0bb3	mul	x23,x24,x21	 x24:0x00000001 x21:0x0a4871cc x23=0x0a4871cc
      96925.000 ns	      9691	80002274	01f65e13	srli	x28,x12,0x1f	 x12:0x00000000 x28=0x00000000
      96965.000 ns	      9695	80002278	01bbaed3	fadd.s	f29,f23,f27	 f23:0x7fc00000 f27:0xff800000 f29=0x7fc00000
      97015.000 ns	      9700	8000227c	087524d3	fsub.s	f9,f10,f7	 f10:0xbf800000  f7:0x7fc00000  f9=0x7fc00000
      97035.000 ns	      9702	80002280	40145b93	srai	x23,x8,0x1	  x8:0x00000000 x23=0x00000000
      97075.000 ns	      9706	80002284	01b5f453	fadd.s	f8,f11,f27	 f11:0xe44b4b4c f27:0xff800000  f8=0xff800000
      97105.000 ns	      9709	80002288	03764933	div	x18,x12,x23	 x12:0x00000000 x23:0x0a4871cc x18=0xffffffff
      97125.000 ns	      9711	8000228c	00ef5433	srl	x8,x30,x14	 x30:0x00000165 x14:0x00000000  x8=0x00000165
      97135.000 ns	      9712	80002290	92adfe93	andi	x29,x27,-1750	 x27:0x00000000 x29=0x00000000
      97145.000 ns	      9713	80002294	70aeef93	ori	x31,x29,1802	 x29:0x00000000 x31=0x0000070a
      97165.000 ns	      9715	80002298	f0028c53	fmv.w.x	f24,x5	  x5:0x00000000 f24=0x00000000
      97195.000 ns	      9718	8000229c	d015f053	fcvt.s.wu	f0,x11	 x11:0x80041024  f0=0x4f000410
      97225.000 ns	      9721	800022a0	29af9753	fmax.s	f14,f31,f26	 f31:0xcfc40f24 f26:0x4fc40f24 f14=0x4fc40f24
      97255.000 ns	      9724	800022a4	207728d3	fsgnjx.s	f17,f14,f7	 f14:0x7fc00000  f7:0x7fc00000 f17=0x4fc40f24
      97275.000 ns	      9726	800022a8	597bed93	ori	x27,x23,1431	 x23:0x00000000 x27=0x00000597
      97285.000 ns	      9727	800022ac	c0bcfc13	andi	x24,x25,-1013	 x25:0x00000002 x24=0x00000002
      97305.000 ns	      9729	800022b0	a1c104d3	fle.s	x9,f2,f28	  f2:0x7fc00000 f28:0x7fc00000  x9=0x00000000
      97335.000 ns	      9732	800022b4	297e9353	fmax.s	f6,f29,f23	 f29:0x7fc00000 f23:0x7fc00000  f6=0x7fc00000
      97365.000 ns	      9735	800022b8	28881bd3	fmax.s	f23,f16,f8	 f16:0x3f800000  f8:0xff800000 f23=0x3f800000
      97395.000 ns	      9738	800022bc	026891b3	mulh	x3,x17,x6	 x17:0x80040fe4  x6:0x00000000  x3=0x00000000
      97415.000 ns	      9740	800022c0	007f2233	slt	x4,x30,x7	 x30:0x00000165  x7:0x00000000  x4=0x00000000
      97425.000 ns	      9741	800022c4	00000013	addi	x0,x0,0	  x0:0x00000000
      97445.000 ns	      9743	800022c8	c01f17d3	fcvt.wu.s	x15,f30	 f30:0x7fc00000 x15=0xffffffff
      97815.000 ns	      9780	800022cc	02fd6d33	rem	x26,x26,x15	 x26:0xfffffff7 x15:0x00000000 x26=0x00000000
      97845.000 ns	      9783	800022d0	e00b8bd3	fmv.x.w	x23,f23	 f23:0x3f800000 x23=0x3f800000
      97865.000 ns	      9785	800022d4	01fd6733	or	x14,x26,x31	 x26:0x00000000 x31:0x0000070a x14=0x0000070a
      97885.000 ns	      9787	800022d8	a02da6d3	feq.s	x13,f27,f2	 f27:0xff800000  f2:0x7fc00000 x13=0x00000000
      97915.000 ns	      9790	800022dc	031596b3	mulh	x13,x11,x17	 x11:0x80041024 x17:0x80040fe4 x13=0x3ffbf00c
      97935.000 ns	      9792	800022e0	22d9ff97	auipc	x31,0x22d9f	 x31=0xa2da12e0
      97955.000 ns	      9794	800022e4	d007fbd3	fcvt.s.w	f23,x15	 x15:0xffffffff f23=0xbf800000
      97975.000 ns	      9796	800022e8	093391b7	lui	x3,0x9339	  x3=0x09339000
      97985.000 ns	      9797	800022ec	c3b0e013	ori	x0,x1,-965	  x1:0x1710d712
      98005.000 ns	      9799	800022f0	201321d3	fsgnjx.s	f3,f6,f1	  f6:0x7fc00000  f1:0x7fc00000  f3=0x7fc00000
      98035.000 ns	      9802	800022f4	02e42333	mulhsu	x6,x8,x14	  x8:0x00000165 x14:0x0000070a  x6=0x00000000
      98065.000 ns	      9805	800022f8	f0090253	fmv.w.x	f4,x18	 x18:0xffffffff  f4=0xffffffff
      98095.000 ns	      9808	800022fc	025ccbb3	div	x23,x25,x5	 x25:0x00000002  x5:0x00000000 x23=0xffffffff
      98115.000 ns	      9810	80002300	00000013	addi	x0,x0,0	  x0:0x00000000
      98125.000 ns	      9811	80002304	bb0c8513	addi	x10,x25,-1104	 x25:0x00000002 x10=0xfffffbb2
      98135.000 ns	      9812	80002308	c004e213	ori	x4,x9,-1024	  x9:0x00000000  x4=0xfffffc00
      98155.000 ns	      9814	8000230c	e00c87d3	fmv.x.w	x15,f25	 f25:0x3f800000 x15=0x3f800000
      98195.000 ns	      9818	80002310	11e973d3	fmul.s	f7,f18,f30	 f18:0xff800000 f30:0x7fc00000  f7=0x7fc00000
      98215.000 ns	      9820	80002314	01e0f933	and	x18,x1,x30	  x1:0x1710d712 x30:0x00000165 x18=0x00000100
      98235.000 ns	      9822	80002318	294d8c53	fmin.s	f24,f27,f20	 f27:0xff800000 f20:0x7fc00000 f24=0xff800000
      98255.000 ns	      9824	8000231c	01fe3eb3	sltu	x29,x28,x31	 x28:0x00000000 x31:0xa2da12e0 x29=0x00000001
      98285.000 ns	      9827	80002320	580599d3	fsqrt.s	f19,f11	 f11:0xe44b4b4c f19=0x7fc00000
      98305.000 ns	      9829	80002324	00ee5eb3	srl	x29,x28,x14	 x28:0x00000000 x14:0x0000070a x29=0x00000000
      98345.000 ns	      9833	80002328	01763f53	fadd.s	f30,f12,f23	 f12:0x43b28000 f23:0xbf800000 f30=0x43b20000
      98375.000 ns	      9836	8000232c	e00b9053	fclass.s	x0,f23	 f23:0xbf800000
      98405.000 ns	      9839	80002330	204f81d3	fsgnj.s	f3,f31,f4	 f31:0xcfc40f24  f4:0xffffffff  f3=0xcfc40f24
      98745.000 ns	      9873	80002334	1975fb53	fdiv.s	f22,f11,f23	 f11:0xe44b4b4c f23:0xbf800000 f22=0x63d23c52
      98765.000 ns	      9875	80002338	40abd913	srai	x18,x23,0xa	 x23:0xffffffff x18=0xffffffff
      98795.000 ns	      9878	8000233c	18737653	fdiv.s	f12,f6,f7	  f6:0x7fc00000  f7:0x7fc00000 f12=0x7fc00000
      98825.000 ns	      9881	80002340	e0060053	fmv.x.w	x0,f12	 f12:0x43b28000
      98855.000 ns	      9884	80002344	031137b3	mulhu	x15,x2,x17	  x2:0x00000000 x17:0x80040fe4 x15=0x00000000
      98885.000 ns	      9887	80002348	02f3fab3	remu	x21,x7,x15	  x7:0x00000000 x15:0x3f800000 x21=0x00000000
      98905.000 ns	      9889	8000234c	01cf5013	srli	x0,x30,0x1c	 x30:0x00000165
      98945.000 ns	      9893	80002350	00e28a53	fadd.s	f20,f5,f14	  f5:0x7fc00000 f14:0x4fc40f24 f20=0x7fc00000
      98965.000 ns	      9895	80002354	54610193	addi	x3,x2,1350	  x2:0x00000000  x3=0x00000546
      98985.000 ns	      9897	80002358	28cd9cd3	fmax.s	f25,f27,f12	 f27:0xff800000 f12:0x7fc00000 f25=0xff800000
      99015.000 ns	      9900	8000235c	c00ef953	fcvt.w.s	x18,f29	 f29:0x7fc00000 x18=0x7fffffff
      99045.000 ns	      9903	80002360	d00b7c53	fcvt.s.w	f24,x22	 x22:0xffffffff f24=0xbf800000
      99075.000 ns	      9906	80002364	c00f71d3	fcvt.w.s	x3,f30	 f30:0x43b20000  x3=0x00000164
      99095.000 ns	      9908	80002368	8e7ca313	slti	x6,x25,-1817	 x25:0x00000002  x6=0x00000000
      99115.000 ns	      9910	8000236c	a1d804d3	fle.s	x9,f16,f29	 f16:0x3f800000 f29:0x7fc00000  x9=0x00000000
      99145.000 ns	      9913	80002370	c016f153	fcvt.wu.s	x2,f13	 f13:0xffc00000  x2=0xffffffff
      99175.000 ns	      9916	80002374	c00a37d3	fcvt.w.s	x15,f20	 f20:0x7fc00000 x15=0x7fffffff
      99205.000 ns	      9919	80002378	02e39333	mulh	x6,x7,x14	  x7:0x00000000 x14:0x0000070a  x6=0x00000000
      99225.000 ns	      9921	8000237c	0f8d8093	addi	x1,x27,248	 x27:0x00000597  x1=0x0000068f
      99235.000 ns	      9922	80002380	00470b33	add	x22,x14,x4	 x14:0x0000070a  x4:0xfffffc00 x22=0x0000030a
      99245.000 ns	      9923	80002384	00000013	addi	x0,x0,0	  x0:0x00000000
      99605.000 ns	      9959	80002388	037964b3	rem	x9,x18,x23	 x18:0x7fffffff x23:0xffffffff  x9=0x00000000
      99625.000 ns	      9961	8000238c	01c2e337	lui	x6,0x1c2e	  x6=0x01c2e000
      99645.000 ns	      9963	80002390	213e0fd3	fsgnj.s	f31,f28,f19	 f28:0x7fc00000 f19:0x7fc00000 f31=0x7fc00000
      99665.000 ns	      9965	80002394	a6950913	addi	x18,x10,-1431	 x10:0xfffffbb2 x18=0xfffff61b
      99685.000 ns	      9967	80002398	025eee33	rem	x28,x29,x5	 x29:0x00000000  x5:0x00000000 x28=0x00000000
      99705.000 ns	      9969	8000239c	f61aa513	slti	x10,x21,-159	 x21:0x00000000 x10=0x00000000
      99715.000 ns	      9970	800023a0	01189a13	slli	x20,x17,0x11	 x17:0x80040fe4 x20=0x1fc80000
      99735.000 ns	      9972	800023a4	031eaf33	mulhsu	x30,x29,x17	 x29:0x00000000 x17:0x80040fe4 x30=0x00000000
      99755.000 ns	      9974	800023a8	00283333	sltu	x6,x16,x2	 x16:0x00000000  x2:0xffffffff  x6=0x00000001
      99775.000 ns	      9976	800023ac	20bf1353	fsgnjn.s	f6,f30,f11	 f30:0x43b20000 f11:0xe44b4b4c  f6=0x43b20000
      99795.000 ns	      9978	800023b0	01b02197	auipc	x3,0x1b02	  x3=0x81b043b0
      99815.000 ns	      9980	800023b4	2096af53	fsgnjx.s	f30,f13,f9	 f13:0xffc00000  f9:0x7fc00000 f30=0xffc00000
      99845.000 ns	      9983	800023b8	f00486d3	fmv.w.x	f13,x9	  x9:0x00000000 f13=0x00000000
      99875.000 ns	      9986	800023bc	a1b22ad3	feq.s	x21,f4,f27	  f4:0xffffffff f27:0xff800000 x21=0x00000000
      99905.000 ns	      9989	800023c0	e0060ed3	fmv.x.w	x29,f12	 f12:0x7fc00000 x29=0x7fc00000
      99925.000 ns	      9991	800023c4	f05f0e93	addi	x29,x30,-251	 x30:0x00000000 x29=0xffffff05
      99945.000 ns	      9993	800023c8	21861253	fsgnjn.s	f4,f12,f24	 f12:0x7fc00000 f24:0xbf800000  f4=0x7fc00000
      99995.000 ns	      9998	800023cc	00fc0953	fadd.s	f18,f24,f15	 f24:0xbf800000 f15:0x41100000 f18=0x41000000
     100015.000 ns	     10000	800023d0	41168533	sub	x10,x13,x17	 x13:0x3ffbf00c x17:0x80040fe4 x10=0xbff7e028
     100025.000 ns	     10001	800023d4	018203b3	add	x7,x4,x24	  x4:0xfffffc00 x24:0x00000002  x7=0xfffffc02
     100035.000 ns	     10002	800023d8	c232cb93	xori	x23,x5,-989	  x5:0x00000000 x23=0xfffffc23
     100045.000 ns	     10003	800023dc	01cb8eb3	add	x29,x23,x28	 x23:0xffffffff x28:0x00000000 x29=0xfffffc23
     100065.000 ns	     10005	800023e0	21b907d3	fsgnj.s	f15,f18,f27	 f18:0x41000000 f27:0xff800000 f15=0xc1000000
     100095.000 ns	     10008	800023e4	d017b8d3	fcvt.s.wu	f17,x15	 x15:0x7fffffff f17=0x4f000000
     100115.000 ns	     10010	800023e8	00f11cb3	sll	x25,x2,x15	  x2:0xffffffff x15:0x7fffffff x25=0x80000000
     100475.000 ns	     10046	800023ec	02f24c33	div	x24,x4,x15	  x4:0xfffffc00 x15:0x7fffffff x24=0x00000000
     100495.000 ns	     10048	800023f0	00573833	sltu	x16,x14,x5	 x14:0x0000070a  x5:0x00000000 x16=0x00000000
     100535.000 ns	     10052	800023f4	09a97753	fsub.s	f14,f18,f26	 f18:0x41000000 f26:0x4fc40f24 f14=0xcfc40f23
     100555.000 ns	     10054	800023f8	00f05b33	srl	x22,x0,x15	  x0:0x00000000 x15:0x7fffffff x22=0x00000000
     100575.000 ns	     10056	800023fc	0300c333	div	x6,x1,x16	  x1:0x0000068f x16:0x00000000  x6=0xffffffff
     100605.000 ns	     10059	80002400	c00f7f53	fcvt.w.s	x30,f30	 f30:0xffc00000 x30=0x7fffffff
     100975.000 ns	     10096	80002404	0248f033	remu	x0,x17,x4	 x17:0x80040fe4  x4:0xfffffc00
     100995.000 ns	     10098	80002408	40505313	srai	x6,x0,0x5	  x0:0x00000000  x6=0x00000000
     101035.000 ns	     10102	8000240c	014973d3	fadd.s	f7,f18,f20	 f18:0x41000000 f20:0x7fc00000  f7=0x7fc00000
     101065.000 ns	     10105	80002410	209522d3	fsgnjx.s	f5,f10,f9	 f10:0xbf800000  f9:0x7fc00000  f5=0xbf800000
     101085.000 ns	     10107	80002414	00000013	addi	x0,x0,0	  x0:0x00000000
     101105.000 ns	     10109	80002418	e00396d3	fclass.s	x13,f7	  f7:0x7fc00000 x13=0x00000200
     101135.000 ns	     10112	8000241c	e0000cd3	fmv.x.w	x25,f0	  f0:0x4f000410 x25=0x4f000410
     101165.000 ns	     10115	80002420	219a2d53	fsgnjx.s	f26,f20,f25	 f20:0x7fc00000 f25:0xff800000 f26=0xffc00000
     101215.000 ns	     10120	80002424	01d58dd3	fadd.s	f27,f11,f29	 f11:0xe44b4b4c f29:0x7fc00000 f27=0x7fc00000
     101235.000 ns	     10122	80002428	01a2c633	xor	x12,x5,x26	  x5:0x00000000 x26:0x00000000 x12=0x00000000
     101245.000 ns	     10123	8000242c	000d6eb3	or	x29,x26,x0	 x26:0x00000000  x0:0x00000000 x29=0x00000000
     101265.000 ns	     10125	80002430	03350133	mul	x2,x10,x19	 x10:0xbff7e028 x19:0x1710d712  x2=0x472f5ad0
     101295.000 ns	     10128	80002434	03df1233	mulh	x4,x30,x29	 x30:0x7fffffff x29:0xfffffc23  x4=0x00000000
     101325.000 ns	     10131	80002438	03aef033	remu	x0,x29,x26	 x29:0x00000000 x26:0x00000000
     101345.000 ns	     10133	8000243c	40b75d13	srai	x26,x14,0xb	 x14:0x0000070a x26=0x00000000
     101355.000 ns	     10134	80002440	6d957493	andi	x9,x10,1753	 x10:0xbff7e028  x9=0x00000008
     101365.000 ns	     10135	80002444	00000013	addi	x0,x0,0	  x0:0x00000000
     101405.000 ns	     10139	80002448	09b60b53	fsub.s	f22,f12,f27	 f12:0x7fc00000 f27:0x7fc00000 f22=0x7fc00000
     101425.000 ns	     10141	8000244c	00c8db93	srli	x23,x17,0xc	 x17:0x80040fe4 x23=0x00080040
     101455.000 ns	     10144	80002450	19f525d3	fdiv.s	f11,f10,f31	 f10:0xbf800000 f31:0x7fc00000 f11=0x7fc00000
     101485.000 ns	     10147	80002454	e00e9b53	fclass.s	x22,f29	 f29:0x7fc00000 x22=0x00000200
     101505.000 ns	     10149	80002458	01e1a633	slt	x12,x3,x30	  x3:0x81b043b0 x30:0x7fffffff x12=0x00000001
     101525.000 ns	     10151	8000245c	d00b7a53	fcvt.s.w	f20,x22	 x22:0x00000200 f20=0x44000000
     101545.000 ns	     10153	80002460	01b7d433	srl	x8,x15,x27	 x15:0x7fffffff x27:0x00000597  x8=0x000000ff
     101905.000 ns	     10189	80002464	02fcdc33	divu	x24,x25,x15	 x25:0x4f000410 x15:0x7fffffff x24=0x00000000
     101935.000 ns	     10192	80002468	f00188d3	fmv.w.x	f17,x3	  x3:0x81b043b0 f17=0x81b043b0
     101955.000 ns	     10194	8000246c	fe23e493	ori	x9,x7,-30	  x7:0xfffffc02  x9=0xffffffe2
     101975.000 ns	     10196	80002470	a04a9053	flt.s	x0,f21,f4	 f21:0x00000000  f4:0x7fc00000
     101995.000 ns	     10198	80002474	01d5f2b3	and	x5,x11,x29	 x11:0x80041024 x29:0x00000000  x5=0x00000000
     102005.000 ns	     10199	80002478	000e40b3	xor	x1,x28,x0	 x28:0x00000000  x0:0x00000000  x1=0x00000000
     102015.000 ns	     10200	8000247c	00f45a33	srl	x20,x8,x15	  x8:0x000000ff x15:0x7fffffff x20=0x00000000
     102035.000 ns	     10202	80002480	c0019953	fcvt.w.s	x18,f3	  f3:0xcfc40f24 x18=0x80000000
     102085.000 ns	     10207	80002484	08e492d3	fsub.s	f5,f9,f14	  f9:0x7fc00000 f14:0xcfc40f23  f5=0x7fc00000
     102115.000 ns	     10210	80002488	a1a99e53	flt.s	x28,f19,f26	 f19:0x7fc00000 f26:0xffc00000 x28=0x00000000
     102145.000 ns	     10213	8000248c	02afba33	mulhu	x20,x31,x10	 x31:0xa2da12e0 x10:0xbff7e028 x20=0x7a1e6315
     102175.000 ns	     10216	80002490	e0029e53	fclass.s	x28,f5	  f5:0x7fc00000 x28=0x00000200
     102205.000 ns	     10219	80002494	a06b2f53	feq.s	x30,f22,f6	 f22:0x7fc00000  f6:0x43b20000 x30=0x00000000
     102225.000 ns	     10221	80002498	0144e3b3	or	x7,x9,x20	  x9:0xffffffe2 x20:0x7a1e6315  x7=0xfffffff7
     102235.000 ns	     10222	8000249c	b3b49b37	lui	x22,0xb3b49	 x22=0xb3b49000
     102245.000 ns	     10223	800024a0	00be42b3	xor	x5,x28,x11	 x28:0x00000200 x11:0x80041024  x5=0x80041224
     102255.000 ns	     10224	800024a4	01d2ab33	slt	x22,x5,x29	  x5:0x00000000 x29:0x00000000 x22=0x00000001
     102275.000 ns	     10226	800024a8	e0039253	fclass.s	x4,f7	  f7:0x7fc00000  x4=0x00000200
     102295.000 ns	     10228	800024ac	0149bf33	sltu	x30,x19,x20	 x19:0x1710d712 x20:0x7a1e6315 x30=0x00000001
     102305.000 ns	     10229	800024b0	01a31793	slli	x15,x6,0x1a	  x6:0x00000000 x15=0x00000000
     102315.000 ns	     10230	800024b4	3287b293	sltiu	x5,x15,808	 x15:0x7fffffff  x5=0x00000001
     102325.000 ns	     10231	800024b8	d767b393	sltiu	x7,x15,-650	 x15:0x7fffffff  x7=0x00000001
     102345.000 ns	     10233	800024bc	e00407d3	fmv.x.w	x15,f8	  f8:0xff800000 x15=0xff800000
     102375.000 ns	     10236	800024c0	a1a42bd3	feq.s	x23,f8,f26	  f8:0xff800000 f26:0xffc00000 x23=0x00000000
     102405.000 ns	     10239	800024c4	0297b733	mulhu	x14,x15,x9	 x15:0xff800000  x9:0xffffffe2 x14=0xff7fffe2
     102445.000 ns	     10243	800024c8	10a8f053	fmul.s	f0,f17,f10	 f17:0x81b043b0 f10:0xbf800000  f0=0x01b043b0
     102475.000 ns	     10246	800024cc	e0081053	fclass.s	x0,f16	 f16:0x3f800000
     102505.000 ns	     10249	800024d0	e0000a53	fmv.x.w	x20,f0	  f0:0x01b043b0 x20=0x01b043b0
     102525.000 ns	     10251	800024d4	006ed613	srli	x12,x29,0x6	 x29:0x00000000 x12=0x00000000
     102545.000 ns	     10253	800024d8	215d0ed3	fsgnj.s	f29,f26,f21	 f26:0xffc00000 f21:0x00000000 f29=0x7fc00000
     102585.000 ns	     10257	800024dc	11847053	fmul.s	f0,f8,f24	  f8:0xff800000 f24:0xbf800000  f0=0x7f800000
     102605.000 ns	     10259	800024e0	18784f17	auipc	x30,0x18784	 x30=0x987864e0
     102625.000 ns	     10261	800024e4	c012bfd3	fcvt.wu.s	x31,f5	  f5:0x7fc00000 x31=0xffffffff
     102645.000 ns	     10263	800024e8	00f49b33	sll	x22,x9,x15	  x9:0xffffffe2 x15:0xff800000 x22=0xffffffe2
     102665.000 ns	     10265	800024ec	21b09dd3	fsgnjn.s	f27,f1,f27	  f1:0x7fc00000 f27:0x7fc00000 f27=0xffc00000
     103035.000 ns	     10302	800024f0	02fa67b3	rem	x15,x20,x15	 x20:0x01b043b0 x15:0xff800000 x15=0x003043b0
     103055.000 ns	     10304	800024f4	01f0ec33	or	x24,x1,x31	  x1:0x00000000 x31:0xffffffff x24=0xffffffff
     103075.000 ns	     10306	800024f8	a13e8cd3	fle.s	x25,f29,f19	 f29:0x7fc00000 f19:0x7fc00000 x25=0x00000000
     103105.000 ns	     10309	800024fc	a1220dd3	fle.s	x27,f4,f18	  f4:0x7fc00000 f18:0x41000000 x27=0x00000000
     103135.000 ns	     10312	80002500	03740fb3	mul	x31,x8,x23	  x8:0x000000ff x23:0x00000000 x31=0x00000000
     103165.000 ns	     10315	80002504	c0177153	fcvt.wu.s	x2,f14	 f14:0xcfc40f23  x2=0x00000000
     103185.000 ns	     10317	80002508	3a690113	addi	x2,x18,934	 x18:0x80000000  x2=0x800003a6
     103205.000 ns	     10319	8000250c	0392aa33	mulhsu	x20,x5,x25	  x5:0x00000001 x25:0x00000000 x20=0x00000000
     103225.000 ns	     10321	80002510	60576213	ori	x4,x14,1541	 x14:0xff7fffe2  x4=0xff7fffe7
     103245.000 ns	     10323	80002514	03c404b3	mul	x9,x8,x28	  x8:0x000000ff x28:0x00000200  x9=0x0001fe00
     103275.000 ns	     10326	80002518	e00a0ed3	fmv.x.w	x29,f20	 f20:0x44000000 x29=0x44000000
     103305.000 ns	     10329	8000251c	c0019bd3	fcvt.w.s	x23,f3	  f3:0xcfc40f24 x23=0x80000000
     103335.000 ns	     10332	80002520	03019d33	mulh	x26,x3,x16	  x3:0x81b043b0 x16:0x00000000 x26=0x00000000
     103375.000 ns	     10336	80002524	1178c953	fmul.s	f18,f17,f23	 f17:0x81b043b0 f23:0xbf800000 f18=0x01b043b0
     103395.000 ns	     10338	80002528	41ad8033	sub	x0,x27,x26	 x27:0x00000000 x26:0x00000000
     103415.000 ns	     10340	8000252c	a1bd1cd3	flt.s	x25,f26,f27	 f26:0xffc00000 f27:0xffc00000 x25=0x00000000
     103445.000 ns	     10343	80002530	c009ffd3	fcvt.w.s	x31,f19	 f19:0x7fc00000 x31=0x7fffffff
     103475.000 ns	     10346	80002534	e00386d3	fmv.x.w	x13,f7	  f7:0x7fc00000 x13=0x7fc00000
     103495.000 ns	     10348	80002538	00000013	addi	x0,x0,0	  x0:0x00000000
     103505.000 ns	     10349	8000253c	41548d33	sub	x26,x9,x21	  x9:0x0001fe00 x21:0x00000000 x26=0x0001fe00
     103525.000 ns	     10351	80002540	0213b733	mulhu	x14,x7,x1	  x7:0x00000001  x1:0x00000000 x14=0x00000000
     103565.000 ns	     10355	80002544	10737dd3	fmul.s	f27,f6,f7	  f6:0x43b20000  f7:0x7fc00000 f27=0x7fc00000
     103595.000 ns	     10358	80002548	0261a133	mulhsu	x2,x3,x6	  x3:0x81b043b0  x6:0x00000000  x2=0x00000000
     103615.000 ns	     10360	8000254c	01b28cb3	add	x25,x5,x27	  x5:0x00000001 x27:0x00000000 x25=0x00000001
     103625.000 ns	     10361	80002550	00000013	addi	x0,x0,0	  x0:0x00000000
     103635.000 ns	     10362	80002554	00ae7533	and	x10,x28,x10	 x28:0x00000200 x10:0xbff7e028 x10=0x00000000
     103665.000 ns	     10365	80002558	11d57ad3	fmul.s	f21,f10,f29	 f10:0xbf800000 f29:0x7fc00000 f21=0x7fc00000
     103685.000 ns	     10367	8000255c	0092ce33	xor	x28,x5,x9	  x5:0x00000001  x9:0x0001fe00 x28=0x0001fe01
     103725.000 ns	     10371	80002560	09d283d3	fsub.s	f7,f5,f29	  f5:0x7fc00000 f29:0x7fc00000  f7=0x7fc00000
     103745.000 ns	     10373	80002564	00835e93	srli	x29,x6,0x8	  x6:0x00000000 x29=0x00000000
     103755.000 ns	     10374	80002568	404f8433	sub	x8,x31,x4	 x31:0x7fffffff  x4:0xff7fffe7  x8=0x80800018
     103765.000 ns	     10375	8000256c	00453cb3	sltu	x25,x10,x4	 x10:0x00000000  x4:0xff7fffe7 x25=0x00000001
     103775.000 ns	     10376	80002570	002b3333	sltu	x6,x22,x2	 x22:0xffffffe2  x2:0x00000000  x6=0x00000000
     103785.000 ns	     10377	80002574	825d7793	andi	x15,x26,-2011	 x26:0x0001fe00 x15=0x0001f800
     103805.000 ns	     10379	80002578	02439b33	mulh	x22,x7,x4	  x7:0x00000001  x4:0xff7fffe7 x22=0xffffffff
     103825.000 ns	     10381	8000257c	f12d20b7	lui	x1,0xf12d2	  x1=0xf12d2000
     103845.000 ns	     10383	80002580	035f4b33	div	x22,x30,x21	 x30:0x987864e0 x21:0x00000000 x22=0xffffffff
     103875.000 ns	     10386	80002584	20361c53	fsgnjn.s	f24,f12,f3	 f12:0x7fc00000  f3:0xcfc40f24 f24=0x7fc00000
     103895.000 ns	     10388	80002588	018a7333	and	x6,x20,x24	 x20:0x00000000 x24:0xffffffff  x6=0x00000000
     103915.000 ns	     10390	8000258c	2166a1d3	fsgnjx.s	f3,f13,f22	 f13:0x00000000 f22:0x7fc00000  f3=0x00000000
     103935.000 ns	     10392	80002590	d6bb0293	addi	x5,x22,-661	 x22:0xffffffff  x5=0xfffffd6a
     103955.000 ns	     10394	80002594	02b4b233	mulhu	x4,x9,x11	  x9:0x0001fe00 x11:0x80041024  x4=0x0000ff08
     103975.000 ns	     10396	80002598	af75ac93	slti	x25,x11,-1289	 x11:0x80041024 x25=0x00000001
     103985.000 ns	     10397	8000259c	bb3c2f13	slti	x30,x24,-1101	 x24:0xffffffff x30=0x00000000
     103995.000 ns	     10398	800025a0	8c466613	ori	x12,x12,-1852	 x12:0x00000000 x12=0xfffff8c4
     104025.000 ns	     10401	800025a4	10e14c53	fmul.s	f24,f2,f14	  f2:0x7fc00000 f14:0xcfc40f23 f24=0x7fc00000
     104055.000 ns	     10404	800025a8	c00e71d3	fcvt.w.s	x3,f28	 f28:0x7fc00000  x3=0x7fffffff
     104085.000 ns	     10407	800025ac	c012fd53	fcvt.wu.s	x26,f5	  f5:0x7fc00000 x26=0xffffffff
     104105.000 ns	     10409	800025b0	0008a1b3	slt	x3,x17,x0	 x17:0x80040fe4  x0:0x00000000  x3=0x00000001
     104115.000 ns	     10410	800025b4	009cd413	srli	x8,x25,0x9	 x25:0x00000001  x8=0x00000000
     104475.000 ns	     10446	800025b8	02196933	rem	x18,x18,x1	 x18:0x80000000  x1:0xf12d2000 x18=0xf6970000
     104495.000 ns	     10448	800025bc	014a9c33	sll	x24,x21,x20	 x21:0x00000000 x20:0x00000000 x24=0x00000000
     104505.000 ns	     10449	800025c0	012a07b3	add	x15,x20,x18	 x20:0x00000000 x18:0xf6970000 x15=0xf6970000
     104525.000 ns	     10451	800025c4	e00f86d3	fmv.x.w	x13,f31	 f31:0x7fc00000 x13=0x7fc00000
     104545.000 ns	     10453	800025c8	6fbb2b13	slti	x22,x22,1787	 x22:0xffffffff x22=0x00000001
     104555.000 ns	     10454	800025cc	016cf133	and	x2,x25,x22	 x25:0x00000001 x22:0xffffffff  x2=0x00000001
     104885.000 ns	     10487	800025d0	18693253	fdiv.s	f4,f18,f6	 f18:0x01b043b0  f6:0x43b20000  f4=0x7daaf674
     104915.000 ns	     10490	800025d4	c01872d3	fcvt.wu.s	x5,f16	 f16:0x3f800000  x5=0x00000001
     104935.000 ns	     10492	800025d8	e6f36b93	ori	x23,x6,-401	  x6:0x00000000 x23=0xfffffe6f
     105295.000 ns	     10528	800025dc	0239e533	rem	x10,x19,x3	 x19:0x1710d712  x3:0x00000001 x10=0x00000000
     105325.000 ns	     10531	800025e0	c002ca53	fcvt.w.s	x20,f5	  f5:0x7fc00000 x20=0x7fffffff
     105345.000 ns	     10533	800025e4	0da6cc37	lui	x24,0xda6c	 x24=0x0da6c000
     105365.000 ns	     10535	800025e8	c0147dd3	fcvt.wu.s	x27,f8	  f8:0xff800000 x27=0x00000000
     105385.000 ns	     10537	800025ec	401181b3	sub	x3,x3,x1	  x3:0x00000001  x1:0xf12d2000  x3=0x0ed2e001
     105395.000 ns	     10538	800025f0	48f9b1b7	lui	x3,0x48f9b	  x3=0x48f9b000
     105415.000 ns	     10540	800025f4	c01e22d3	fcvt.wu.s	x5,f28	 f28:0x7fc00000  x5=0xffffffff
     105445.000 ns	     10543	800025f8	a0809dd3	flt.s	x27,f1,f8	  f1:0x7fc00000  f8:0xff800000 x27=0x00000000
     105475.000 ns	     10546	800025fc	a0ee0ed3	fle.s	x29,f28,f14	 f28:0x7fc00000 f14:0xcfc40f23 x29=0x00000000
     105505.000 ns	     10549	80002600	a1901453	flt.s	x8,f0,f25	  f0:0x7f800000 f25:0xff800000  x8=0x00000000
     105535.000 ns	     10552	80002604	d008c7d3	fcvt.s.w	f15,x17	 x17:0x80040fe4 f15=0xcefff7e0
     105555.000 ns	     10554	80002608	af2c8e13	addi	x28,x25,-1294	 x25:0x00000001 x28=0xfffffaf3
     105575.000 ns	     10556	8000260c	02c980b3	mul	x1,x19,x12	 x19:0x1710d712 x12:0xfffff8c4  x1=0x222c19c8
     105605.000 ns	     10559	80002610	204c1b53	fsgnjn.s	f22,f24,f4	 f24:0x7fc00000  f4:0x7daaf674 f22=0xffc00000
     105655.000 ns	     10564	80002614	090691d3	fsub.s	f3,f13,f16	 f13:0x00000000 f16:0x3f800000  f3=0xbf800000
     105675.000 ns	     10566	80002618	00142bb3	slt	x23,x8,x1	  x8:0x00000000  x1:0x222c19c8 x23=0x00000001
     105695.000 ns	     10568	8000261c	21c61053	fsgnjn.s	f0,f12,f28	 f12:0x7fc00000 f28:0x7fc00000  f0=0xffc00000
     105735.000 ns	     10572	80002620	1822bdd3	fdiv.s	f27,f5,f2	  f5:0x7fc00000  f2:0x7fc00000 f27=0x7fc00000
     105765.000 ns	     10575	80002624	e0051ed3	fclass.s	x29,f10	 f10:0xbf800000 x29=0x00000002
     105785.000 ns	     10577	80002628	00d3c033	xor	x0,x7,x13	  x7:0x00000001 x13:0x7fc00000
     105805.000 ns	     10579	8000262c	f00381d3	fmv.w.x	f3,x7	  x7:0x00000001  f3=0x00000001
     105825.000 ns	     10581	80002630	29836e93	ori	x29,x6,664	  x6:0x00000000 x29=0x00000298
     105835.000 ns	     10582	80002634	010f7c33	and	x24,x30,x16	 x30:0x00000000 x16:0x00000000 x24=0x00000000
     105855.000 ns	     10584	80002638	03bb60b3	rem	x1,x22,x27	 x22:0x00000001 x27:0x00000000  x1=0x00000001
     106225.000 ns	     10621	8000263c	02d9ca33	div	x20,x19,x13	 x19:0x1710d712 x13:0x7fc00000 x20=0x00000000
     106265.000 ns	     10625	80002640	116183d3	fmul.s	f7,f3,f22	  f3:0x00000001 f22:0xffc00000  f7=0x7fc00000
     106295.000 ns	     10628	80002644	03d026b3	mulhsu	x13,x0,x29	  x0:0x00000000 x29:0x00000298 x13=0x00000000
     106315.000 ns	     10630	80002648	d887ab93	slti	x23,x15,-632	 x15:0xf6970000 x23=0x00000001
     106345.000 ns	     10633	8000264c	58074bd3	fsqrt.s	f23,f14	 f14:0xcfc40f23 f23=0x7fc00000
     106385.000 ns	     10637	80002650	580af053	fsqrt.s	f0,f21	 f21:0x7fc00000  f0=0x7fc00000
     106415.000 ns	     10640	80002654	030d6333	rem	x6,x26,x16	 x26:0xffffffff x16:0x00000000  x6=0xffffffff
     106445.000 ns	     10643	80002658	d0192153	fcvt.s.wu	f2,x18	 x18:0xf6970000  f2=0x4f769700
     106465.000 ns	     10645	8000265c	013daeb3	slt	x29,x27,x19	 x27:0x00000000 x19:0x1710d712 x29=0x00000001
     106475.000 ns	     10646	80002660	01fc5613	srli	x12,x24,0x1f	 x24:0x00000000 x12=0x00000000
     106485.000 ns	     10647	80002664	f0e1ddb7	lui	x27,0xf0e1d	 x27=0xf0e1d000
     106495.000 ns	     10648	80002668	415e54b3	sra	x9,x28,x21	 x28:0xfffffaf3 x21:0x00000000  x9=0xfffffaf3
     106515.000 ns	     10650	8000266c	20f72a53	fsgnjx.s	f20,f14,f15	 f14:0xcfc40f23 f15:0xcefff7e0 f20=0x4fc40f23
     106545.000 ns	     10653	80002670	0280f133	remu	x2,x1,x8	  x1:0x00000001  x8:0x00000000  x2=0x00000001
     106565.000 ns	     10655	80002674	41fcdab3	sra	x21,x25,x31	 x25:0x00000001 x31:0x7fffffff x21=0x00000000
     106585.000 ns	     10657	80002678	03564633	div	x12,x12,x21	 x12:0x00000000 x21:0x00000000 x12=0xffffffff
     106615.000 ns	     10660	8000267c	20d686d3	fsgnj.s	f13,f13,f13	 f13:0x00000000 f13:0x00000000 f13=0x00000000
     106635.000 ns	     10662	80002680	4c032513	slti	x10,x6,1216	  x6:0xffffffff x10=0x00000001
     106655.000 ns	     10664	80002684	e0071853	fclass.s	x16,f14	 f14:0xcfc40f23 x16=0x00000002
     106675.000 ns	     10666	80002688	404d5bb3	sra	x23,x26,x4	 x26:0xffffffff  x4:0x0000ff08 x23=0xffffffff
     106685.000 ns	     10667	8000268c	419bdcb3	sra	x25,x23,x25	 x23:0x00000001 x25:0x00000001 x25=0xffffffff
     106705.000 ns	     10669	80002690	213a96d3	fsgnjn.s	f13,f21,f19	 f21:0x7fc00000 f19:0x7fc00000 f13=0xffc00000
     106745.000 ns	     10673	80002694	580f9b53	fsqrt.s	f22,f31	 f31:0x7fc00000 f22=0x7fc00000
     106765.000 ns	     10675	80002698	fb79ee13	ori	x28,x19,-73	 x19:0x1710d712 x28=0xffffffb7
     106785.000 ns	     10677	8000269c	210003d3	fsgnj.s	f7,f0,f16	  f0:0x7fc00000 f16:0x3f800000  f7=0x7fc00000
     106815.000 ns	     10680	800026a0	d0157e53	fcvt.s.wu	f28,x10	 x10:0x00000001 f28=0x3f800000
     106845.000 ns	     10683	800026a4	a0610953	fle.s	x18,f2,f6	  f2:0x4f769700  f6:0x43b20000 x18=0x00000000
     106865.000 ns	     10685	800026a8	aa486413	ori	x8,x16,-1372	 x16:0x00000002  x8=0xfffffaa6
     106875.000 ns	     10686	800026ac	0054ad33	slt	x26,x9,x5	  x9:0xfffffaf3  x5:0xffffffff x26=0x00000001
     106895.000 ns	     10688	800026b0	20d78453	fsgnj.s	f8,f15,f13	 f15:0xcefff7e0 f13:0xffc00000  f8=0xcefff7e0
     106925.000 ns	     10691	800026b4	03ac8733	mul	x14,x25,x26	 x25:0xffffffff x26:0xffffffff x14=0xffffffff
     106945.000 ns	     10693	800026b8	633c8393	addi	x7,x25,1587	 x25:0xffffffff  x7=0x00000632
     106955.000 ns	     10694	800026bc	006d5e33	srl	x28,x26,x6	 x26:0x00000001  x6:0xffffffff x28=0x00000000
     106965.000 ns	     10695	800026c0	f65ef793	andi	x15,x29,-155	 x29:0x00000001 x15=0x00000001
     106975.000 ns	     10696	800026c4	017e0e33	add	x28,x28,x23	 x28:0xffffffb7 x23:0xffffffff x28=0xffffffff
     106985.000 ns	     10697	800026c8	00000013	addi	x0,x0,0	  x0:0x00000000
     107015.000 ns	     10700	800026cc	190aff53	fdiv.s	f30,f21,f16	 f21:0x7fc00000 f16:0x3f800000 f30=0x7fc00000
     107045.000 ns	     10703	800026d0	28e68e53	fmin.s	f28,f13,f14	 f13:0xffc00000 f14:0xcfc40f23 f28=0xcfc40f23
     107075.000 ns	     10706	800026d4	c003ff53	fcvt.w.s	x30,f7	  f7:0x7fc00000 x30=0x7fffffff
     107095.000 ns	     10708	800026d8	4b581417	auipc	x8,0x4b581	  x8=0xcb5836d8
     107105.000 ns	     10709	800026dc	404f8833	sub	x16,x31,x4	 x31:0x7fffffff  x4:0x0000ff08 x16=0x7fff00f7
     107125.000 ns	     10711	800026e0	29e68353	fmin.s	f6,f13,f30	 f13:0xffc00000 f30:0x7fc00000  f6=0x7fc00000
     107145.000 ns	     10713	800026e4	403c5033	sra	x0,x24,x3	 x24:0x00000000  x3:0x48f9b000
     107155.000 ns	     10714	800026e8	4100df13	srai	x30,x1,0x10	  x1:0x00000001 x30=0x00000000
     107175.000 ns	     10716	800026ec	a12f9dd3	flt.s	x27,f31,f18	 f31:0x7fc00000 f18:0x01b043b0 x27=0x00000000
     107205.000 ns	     10719	800026f0	20d10853	fsgnj.s	f16,f2,f13	  f2:0x4f769700 f13:0xffc00000 f16=0xcf769700
     107235.000 ns	     10722	800026f4	d017fe53	fcvt.s.wu	f28,x15	 x15:0x00000001 f28=0x3f800000
     107265.000 ns	     10725	800026f8	286c06d3	fmin.s	f13,f24,f6	 f24:0x7fc00000  f6:0x7fc00000 f13=0x7fc00000
     107295.000 ns	     10728	800026fc	a186a553	feq.s	x10,f13,f24	 f13:0xffc00000 f24:0x7fc00000 x10=0x00000000
     107325.000 ns	     10731	80002700	e00b14d3	fclass.s	x9,f22	 f22:0x7fc00000  x9=0x00000200
     107345.000 ns	     10733	80002704	0177d733	srl	x14,x15,x23	 x15:0x00000001 x23:0xffffffff x14=0x00000000
     107355.000 ns	     10734	80002708	0078f3b3	and	x7,x17,x7	 x17:0x80040fe4  x7:0x00000632  x7=0x00000620
     107365.000 ns	     10735	8000270c	e2b87213	andi	x4,x16,-469	 x16:0x7fff00f7  x4=0x7fff0023
     107375.000 ns	     10736	80002710	99ecf693	andi	x13,x25,-1634	 x25:0xffffffff x13=0xfffff99e
     107395.000 ns	     10738	80002714	e00b9ad3	fclass.s	x21,f23	 f23:0x7fc00000 x21=0x00000200
     107445.000 ns	     10743	80002718	0936b1d3	fsub.s	f3,f13,f19	 f13:0x7fc00000 f19:0x7fc00000  f3=0x7fc00000
     107475.000 ns	     10746	8000271c	c00b7e53	fcvt.w.s	x28,f22	 f22:0x7fc00000 x28=0x7fffffff
     107495.000 ns	     10748	80002720	4175da93	srai	x21,x11,0x17	 x11:0x80041024 x21=0xffffff00
     107515.000 ns	     10750	80002724	28a78153	fmin.s	f2,f15,f10	 f15:0xcefff7e0 f10:0xbf800000  f2=0xcefff7e0
     107535.000 ns	     10752	80002728	14c3b813	sltiu	x16,x7,332	  x7:0x00000620 x16=0x00000000
     107895.000 ns	     10788	8000272c	031af933	remu	x18,x21,x17	 x21:0xffffff00 x17:0x80040fe4 x18=0x7ffbef1c
     107935.000 ns	     10792	80002730	11917fd3	fmul.s	f31,f2,f25	  f2:0xcefff7e0 f25:0xff800000 f31=0x7f800000
     107965.000 ns	     10795	80002734	e0031653	fclass.s	x12,f6	  f6:0x7fc00000 x12=0x00000200
     107985.000 ns	     10797	80002738	419bdf13	srai	x30,x23,0x19	 x23:0xffffffff x30=0xffffffff
     107995.000 ns	     10798	8000273c	3bf48c37	lui	x24,0x3bf48	 x24=0x3bf48000
     108005.000 ns	     10799	80002740	016512b3	sll	x5,x10,x22	 x10:0x00000000 x22:0x00000001  x5=0x00000000
     108015.000 ns	     10800	80002744	01150933	add	x18,x10,x17	 x10:0x00000000 x17:0x80040fe4 x18=0x80040fe4
     108045.000 ns	     10803	80002748	580f74d3	fsqrt.s	f9,f30	 f30:0x7fc00000  f9=0x7fc00000
     108065.000 ns	     10805	8000274c	00edfd33	and	x26,x27,x14	 x27:0x00000000 x14:0x00000000 x26=0x00000000
     108085.000 ns	     10807	80002750	03ea1433	mulh	x8,x20,x30	 x20:0x00000000 x30:0xffffffff  x8=0x00000000
     108115.000 ns	     10810	80002754	215cacd3	fsgnjx.s	f25,f25,f21	 f25:0xff800000 f21:0x7fc00000 f25=0xff800000
     108145.000 ns	     10813	80002758	210a2553	fsgnjx.s	f10,f20,f16	 f20:0x4fc40f23 f16:0xcf769700 f10=0xcfc40f23
     108165.000 ns	     10815	8000275c	409adf33	sra	x30,x21,x9	 x21:0xffffff00  x9:0x00000200 x30=0xffffff00
     108175.000 ns	     10816	80002760	1041fb13	andi	x22,x3,260	  x3:0x48f9b000 x22=0x00000000
     108215.000 ns	     10820	80002764	000a7c53	fadd.s	f24,f20,f0	 f20:0x4fc40f23  f0:0x7fc00000 f24=0x7fc00000
     108245.000 ns	     10823	80002768	209690d3	fsgnjn.s	f1,f13,f9	 f13:0x7fc00000  f9:0x7fc00000  f1=0xffc00000
     108615.000 ns	     10860	8000276c	03fd52b3	divu	x5,x26,x31	 x26:0x00000000 x31:0x7fffffff  x5=0x00000000
     108635.000 ns	     10862	80002770	00379913	slli	x18,x15,0x3	 x15:0x00000001 x18=0x00000008
     108655.000 ns	     10864	80002774	020e9133	mulh	x2,x29,x0	 x29:0x00000001  x0:0x00000000  x2=0x00000000
     108675.000 ns	     10866	80002778	006146b3	xor	x13,x2,x6	  x2:0x00000001  x6:0xffffffff x13=0xffffffff
     108695.000 ns	     10868	8000277c	a0531953	flt.s	x18,f6,f5	  f6:0x7fc00000  f5:0x7fc00000 x18=0x00000000
     109065.000 ns	     10905	80002780	03815cb3	divu	x25,x2,x24	  x2:0x00000000 x24:0x3bf48000 x25=0x00000000
     109085.000 ns	     10907	80002784	08478713	addi	x14,x15,132	 x15:0x00000001 x14=0x00000085
     109095.000 ns	     10908	80002788	9c770193	addi	x3,x14,-1593	 x14:0x00000000  x3=0xfffffa4c
     109105.000 ns	     10909	8000278c	00a3d513	srli	x10,x7,0xa	  x7:0x00000620 x10=0x00000001
     109125.000 ns	     10911	80002790	21d202d3	fsgnj.s	f5,f4,f29	  f4:0x7daaf674 f29:0x7fc00000  f5=0x7daaf674
     109165.000 ns	     10915	80002794	580aa7d3	fsqrt.s	f15,f21	 f21:0x7fc00000 f15=0x7fc00000
     109185.000 ns	     10917	80002798	41618433	sub	x8,x3,x22	  x3:0xfffffa4c x22:0x00000000  x8=0xfffffa4c
     109195.000 ns	     10918	8000279c	00000013	addi	x0,x0,0	  x0:0x00000000
     109215.000 ns	     10920	800027a0	02a783b3	mul	x7,x15,x10	 x15:0x00000001 x10:0x00000001  x7=0x00000001
     109235.000 ns	     10922	800027a4	0063d693	srli	x13,x7,0x6	  x7:0x00000620 x13=0x00000000
     109245.000 ns	     10923	800027a8	4020dab3	sra	x21,x1,x2	  x1:0x00000001  x2:0x00000000 x21=0x00000001
     109255.000 ns	     10924	800027ac	00000013	addi	x0,x0,0	  x0:0x00000000
     109275.000 ns	     10926	800027b0	a0248a53	fle.s	x20,f9,f2	  f9:0x7fc00000  f2:0xcefff7e0 x20=0x00000000
     109305.000 ns	     10929	800027b4	a096a053	feq.s	x0,f13,f9	 f13:0x7fc00000  f9:0x7fc00000
     109335.000 ns	     10932	800027b8	03d10e33	mul	x28,x2,x29	  x2:0x00000000 x29:0x00000001 x28=0x00000000
     109365.000 ns	     10935	800027bc	c0187f53	fcvt.wu.s	x30,f16	 f16:0xcf769700 x30=0xf6970000
     109385.000 ns	     10937	800027c0	fba3b693	sltiu	x13,x7,-70	  x7:0x00000001 x13=0x00000001
     109395.000 ns	     10938	800027c4	013fbbb3	sltu	x23,x31,x19	 x31:0x7fffffff x19:0x1710d712 x23=0x00000000
     109405.000 ns	     10939	800027c8	00a58833	add	x16,x11,x10	 x11:0x80041024 x10:0x00000001 x16=0x80041025
     109445.000 ns	     10943	800027cc	0125f253	fadd.s	f4,f11,f18	 f11:0x7fc00000 f18:0x01b043b0  f4=0x7fc00000
     109465.000 ns	     10945	800027d0	00000013	addi	x0,x0,0	  x0:0x00000000
     109475.000 ns	     10946	800027d4	00d29533	sll	x10,x5,x13	  x5:0x00000000 x13:0x00000001 x10=0x00000000
     109485.000 ns	     10947	800027d8	53252b13	slti	x22,x10,1330	 x10:0x00000001 x22=0x00000001
     109515.000 ns	     10950	800027dc	11a6b053	fmul.s	f0,f13,f26	 f13:0x7fc00000 f26:0xffc00000  f0=0x7fc00000
     109535.000 ns	     10952	800027e0	017f5213	srli	x4,x30,0x17	 x30:0xf6970000  x4=0x000001ed
     109895.000 ns	     10988	800027e4	0314cfb3	div	x31,x9,x17	  x9:0x00000200 x17:0x80040fe4 x31=0x00000000
     109915.000 ns	     10990	800027e8	c8166793	ori	x15,x12,-895	 x12:0x00000200 x15=0xfffffe81
     109925.000 ns	     10991	800027ec	01dc5bb3	srl	x23,x24,x29	 x24:0x3bf48000 x29:0x00000001 x23=0x1dfa4000
     109935.000 ns	     10992	800027f0	00f31c33	sll	x24,x6,x15	  x6:0xffffffff x15:0x00000001 x24=0xfffffffe
     109945.000 ns	     10993	800027f4	459ce213	ori	x4,x25,1113	 x25:0x00000000  x4=0x00000459
     109955.000 ns	     10994	800027f8	4041dbb3	sra	x23,x3,x4	  x3:0xfffffa4c  x4:0x000001ed x23=0xffffffff
     109965.000 ns	     10995	800027fc	406251b3	sra	x3,x4,x6	  x4:0x000001ed  x6:0xffffffff  x3=0x00000000
     109975.000 ns	     10996	80002800	40a0dbb3	sra	x23,x1,x10	  x1:0x00000001 x10:0x00000000 x23=0x00000001
     109985.000 ns	     10997	80002804	400b0db3	sub	x27,x22,x0	 x22:0x00000001  x0:0x00000000 x27=0x00000001
     109995.000 ns	     10998	80002808	fbd76793	ori	x15,x14,-67	 x14:0x00000085 x15=0xffffffbd
     110005.000 ns	     10999	8000280c	013a7eb3	and	x29,x20,x19	 x20:0x00000000 x19:0x1710d712 x29=0x00000000
     110025.000 ns	     11001	80002810	02284bb3	div	x23,x16,x2	 x16:0x80041025  x2:0x00000000 x23=0xffffffff
     110055.000 ns	     11004	80002814	212327d3	fsgnjx.s	f15,f6,f18	  f6:0x7fc00000 f18:0x01b043b0 f15=0x7fc00000
     110085.000 ns	     11007	80002818	d002cdd3	fcvt.s.w	f27,x5	  x5:0x00000000 f27=0x00000000
     110115.000 ns	     11010	8000281c	20748953	fsgnj.s	f18,f9,f7	  f9:0x7fc00000  f7:0x7fc00000 f18=0x7fc00000
     110145.000 ns	     11013	80002820	21e6ad53	fsgnjx.s	f26,f13,f30	 f13:0x7fc00000 f30:0x7fc00000 f26=0x7fc00000
     110175.000 ns	     11016	80002824	201a2553	fsgnjx.s	f10,f20,f1	 f20:0x4fc40f23  f1:0xffc00000 f10=0xcfc40f23
     110195.000 ns	     11018	80002828	409484b3	sub	x9,x9,x9	  x9:0x00000200  x9:0x00000200  x9=0x00000000
     110225.000 ns	     11021	8000282c	58070253	fsqrt.s	f4,f14	 f14:0xcfc40f23  f4=0x7fc00000
     110255.000 ns	     11024	80002830	29350053	fmin.s	f0,f10,f19	 f10:0xcfc40f23 f19:0x7fc00000  f0=0xcfc40f23
     110275.000 ns	     11026	80002834	000ac133	xor	x2,x21,x0	 x21:0x00000001  x0:0x00000000  x2=0x00000001
     110295.000 ns	     11028	80002838	d01afd53	fcvt.s.wu	f26,x21	 x21:0x00000001 f26=0x3f800000
     110665.000 ns	     11065	8000283c	02736733	rem	x14,x6,x7	  x6:0xffffffff  x7:0x00000001 x14=0x00000000
     110685.000 ns	     11067	80002840	bcece117	auipc	x2,0xbcece	  x2=0x3ced0840
     110695.000 ns	     11068	80002844	01edc833	xor	x16,x27,x30	 x27:0x00000001 x30:0xf6970000 x16=0xf6970001
     110705.000 ns	     11069	80002848	018370b3	and	x1,x6,x24	  x6:0xffffffff x24:0xfffffffe  x1=0xfffffffe
     111065.000 ns	     11105	8000284c	0272cf33	div	x30,x5,x7	  x5:0x00000000  x7:0x00000001 x30=0x00000000
     111085.000 ns	     11107	80002850	00d87333	and	x6,x16,x13	 x16:0xf6970001 x13:0x00000001  x6=0x00000001
     111095.000 ns	     11108	80002854	017ea333	slt	x6,x29,x23	 x29:0x00000000 x23:0xffffffff  x6=0x00000000
     111115.000 ns	     11110	80002858	f0018353	fmv.w.x	f6,x3	  x3:0x00000000  f6=0x00000000
     111135.000 ns	     11112	8000285c	07981317	auipc	x6,0x7981	  x6=0x8798385c
     111145.000 ns	     11113	80002860	005e9293	slli	x5,x29,0x5	 x29:0x00000000  x5=0x00000000
     111165.000 ns	     11115	80002864	d01fcc53	fcvt.s.wu	f24,x31	 x31:0x00000000 f24=0x00000000
     111195.000 ns	     11118	80002868	03d04cb3	div	x25,x0,x29	  x0:0x00000000 x29:0x00000000 x25=0xffffffff
     111245.000 ns	     11123	8000286c	007cf753	fadd.s	f14,f25,f7	 f25:0xff800000  f7:0x7fc00000 f14=0x7fc00000
     111285.000 ns	     11127	80002870	580713d3	fsqrt.s	f7,f14	 f14:0xcfc40f23  f7=0x7fc00000
     111315.000 ns	     11130	80002874	f00d0953	fmv.w.x	f18,x26	 x26:0x00000000 f18=0x00000000
     111335.000 ns	     11132	80002878	dbde0b13	addi	x22,x28,-579	 x28:0x00000000 x22=0xfffffdbd
     111365.000 ns	     11135	8000287c	58013853	fsqrt.s	f16,f2	  f2:0xcefff7e0 f16=0x7fc00000
     111385.000 ns	     11137	80002880	00f65c33	srl	x24,x12,x15	 x12:0x00000200 x15:0xffffffbd x24=0x00000000
     111395.000 ns	     11138	80002884	662ee193	ori	x3,x29,1634	 x29:0x00000000  x3=0x00000662
     111435.000 ns	     11142	80002888	09d57553	fsub.s	f10,f10,f29	 f10:0xcfc40f23 f29:0x7fc00000 f10=0x7fc00000
     111455.000 ns	     11144	8000288c	01535113	srli	x2,x6,0x15	  x6:0x8798385c  x2=0x0000043c
     111475.000 ns	     11146	80002890	029fa533	mulhsu	x10,x31,x9	 x31:0x00000000  x9:0x00000000 x10=0x00000000
     111495.000 ns	     11148	80002894	a372e513	ori	x10,x5,-1481	  x5:0x00000000 x10=0xfffffa37
     111515.000 ns	     11150	80002898	c0157853	fcvt.wu.s	x16,f10	 f10:0x7fc00000 x16=0xffffffff
     111535.000 ns	     11152	8000289c	00ab6833	or	x16,x22,x10	 x22:0xfffffdbd x10:0x00000000 x16=0xffffffbf
     111545.000 ns	     11153	800028a0	01f37933	and	x18,x6,x31	  x6:0x8798385c x31:0x00000000 x18=0x00000000
     111555.000 ns	     11154	800028a4	5c17e217	auipc	x4,0x5c17e	  x4=0xdc1808a4
     111575.000 ns	     11156	800028a8	034dafb3	mulhsu	x31,x27,x20	 x27:0x00000001 x20:0x00000000 x31=0x00000000
     111595.000 ns	     11158	800028ac	01be4b33	xor	x22,x28,x27	 x28:0x00000000 x27:0x00000001 x22=0x00000001
     111635.000 ns	     11162	800028b0	004a2fd3	fadd.s	f31,f20,f4	 f20:0x4fc40f23  f4:0x7fc00000 f31=0x7fc00000
     111665.000 ns	     11165	800028b4	20192a53	fsgnjx.s	f20,f18,f1	 f18:0x00000000  f1:0xffc00000 f20=0x80000000
     112035.000 ns	     11202	800028b8	030e5e33	divu	x28,x28,x16	 x28:0x00000000 x16:0xffffffbf x28=0x00000000
     112055.000 ns	     11204	800028bc	01d39e33	sll	x28,x7,x29	  x7:0x00000001 x29:0x00000000 x28=0x00000001
     112075.000 ns	     11206	800028c0	c001fc53	fcvt.w.s	x24,f3	  f3:0x7fc00000 x24=0x7fffffff
     112095.000 ns	     11208	800028c4	4078d013	srai	x0,x17,0x7	 x17:0x80040fe4
     112115.000 ns	     11210	800028c8	21541fd3	fsgnjn.s	f31,f8,f21	  f8:0xcefff7e0 f21:0x7fc00000 f31=0xcefff7e0
     112135.000 ns	     11212	800028cc	00539cb3	sll	x25,x7,x5	  x7:0x00000001  x5:0x00000000 x25=0x00000001
     112155.000 ns	     11214	800028d0	a05087d3	fle.s	x15,f1,f5	  f1:0xffc00000  f5:0x7daaf674 x15=0x00000000
     112205.000 ns	     11219	800028d4	00ecf253	fadd.s	f4,f25,f14	 f25:0xff800000 f14:0x7fc00000  f4=0x7fc00000
     112225.000 ns	     11221	800028d8	a7d88693	addi	x13,x17,-1411	 x17:0x80040fe4 x13=0x80040a61
     112265.000 ns	     11225	800028dc	00b37ad3	fadd.s	f21,f6,f11	  f6:0x00000000 f11:0x7fc00000 f21=0x7fc00000
     112295.000 ns	     11228	800028e0	03e81ab3	mulh	x21,x16,x30	 x16:0xffffffbf x30:0x00000000 x21=0x00000000
     112325.000 ns	     11231	800028e4	02840133	mul	x2,x8,x8	  x8:0xfffffa4c  x8:0xfffffa4c  x2=0x00208690
     112345.000 ns	     11233	800028e8	41465a93	srai	x21,x12,0x14	 x12:0x00000200 x21=0x00000000
     112355.000 ns	     11234	800028ec	01340133	add	x2,x8,x19	  x8:0xfffffa4c x19:0x1710d712  x2=0x1710d15e
     112365.000 ns	     11235	800028f0	47a0a497	auipc	x9,0x47a0a	  x9=0xc7a0c8f0
     112395.000 ns	     11238	800028f4	11b171d3	fmul.s	f3,f2,f27	  f2:0xcefff7e0 f27:0x00000000  f3=0x80000000
     112415.000 ns	     11240	800028f8	6c062793	slti	x15,x12,1728	 x12:0x00000200 x15=0x00000001
     112425.000 ns	     11241	800028fc	00c31213	slli	x4,x6,0xc	  x6:0x8798385c  x4=0x8385c000
     112435.000 ns	     11242	80002900	40430b33	sub	x22,x6,x4	  x6:0x8798385c  x4:0xdc1808a4 x22=0x0412785c
     112445.000 ns	     11243	80002904	00435533	srl	x10,x6,x4	  x6:0x8798385c  x4:0xdc1808a4 x10=0x8798385c
     112465.000 ns	     11245	80002908	292317d3	fmax.s	f15,f6,f18	  f6:0x00000000 f18:0x00000000 f15=0x00000000
     112485.000 ns	     11247	8000290c	01b3acb3	slt	x25,x7,x27	  x7:0x00000001 x27:0x00000001 x25=0x00000000
     112495.000 ns	     11248	80002910	016c5833	srl	x16,x24,x22	 x24:0x7fffffff x22:0x0412785c x16=0x00000007
     112505.000 ns	     11249	80002914	54d7f113	andi	x2,x15,1357	 x15:0x00000001  x2=0x00000001
     112525.000 ns	     11251	80002918	031722b3	mulhsu	x5,x14,x17	 x14:0x00000000 x17:0x80040fe4  x5=0x00000000
     112575.000 ns	     11256	8000291c	002dffd3	fadd.s	f31,f27,f2	 f27:0x00000000  f2:0xcefff7e0 f31=0xcefff7e0
     112605.000 ns	     11259	80002920	c0147653	fcvt.wu.s	x12,f8	  f8:0xcefff7e0 x12=0x7ffbf000
     112625.000 ns	     11261	80002924	d027b393	sltiu	x7,x15,-766	 x15:0x00000001  x7=0x00000001
     112985.000 ns	     11297	80002928	038660b3	rem	x1,x12,x24	 x12:0x7ffbf000 x24:0x7fffffff  x1=0x7ffbf000
     113015.000 ns	     11300	8000292c	020e1633	mulh	x12,x28,x0	 x28:0x00000001  x0:0x00000000 x12=0x00000000
     113045.000 ns	     11303	80002930	299f1cd3	fmax.s	f25,f30,f25	 f30:0x7fc00000 f25:0xff800000 f25=0xff800000
     113065.000 ns	     11305	80002934	40c3d193	srai	x3,x7,0xc	  x7:0x00000001  x3=0x00000000
     113085.000 ns	     11307	80002938	025d6433	rem	x8,x26,x5	 x26:0x00000000  x5:0x00000000  x8=0x00000000
     113115.000 ns	     11310	8000293c	a0889153	flt.s	x2,f17,f8	 f17:0x81b043b0  f8:0xcefff7e0  x2=0x00000000
     113165.000 ns	     11315	80002940	01ae74d3	fadd.s	f9,f28,f26	 f28:0x3f800000 f26:0x3f800000  f9=0x40000000
     113185.000 ns	     11317	80002944	00d0e7b3	or	x15,x1,x13	  x1:0x7ffbf000 x13:0x80040a61 x15=0xfffffa61
     113205.000 ns	     11319	80002948	283406d3	fmin.s	f13,f8,f3	  f8:0xcefff7e0  f3:0x80000000 f13=0xcefff7e0
     113255.000 ns	     11324	8000294c	08b322d3	fsub.s	f5,f6,f11	  f6:0x00000000 f11:0x7fc00000  f5=0x7fc00000
     113275.000 ns	     11326	80002950	0b7f8793	addi	x15,x31,183	 x31:0x00000000 x15=0x000000b7
     113295.000 ns	     11328	80002954	a1d70cd3	fle.s	x25,f14,f29	 f14:0x7fc00000 f29:0x7fc00000 x25=0x00000000
     113315.000 ns	     11330	80002958	758e2413	slti	x8,x28,1880	 x28:0x00000001  x8=0x00000001
     113325.000 ns	     11331	8000295c	e616a513	slti	x10,x13,-415	 x13:0x80040a61 x10=0x00000001
     113335.000 ns	     11332	80002960	74ac3db7	lui	x27,0x74ac3	 x27=0x74ac3000
     113355.000 ns	     11334	80002964	0389a4b3	mulhsu	x9,x19,x24	 x19:0x1710d712 x24:0x7fffffff  x9=0x0b886b88
     113725.000 ns	     11371	80002968	02d95633	divu	x12,x18,x13	 x18:0x00000000 x13:0x80040a61 x12=0x00000000
     113745.000 ns	     11373	8000296c	d36db793	sltiu	x15,x27,-714	 x27:0x74ac3000 x15=0x00000001
     113755.000 ns	     11374	80002970	a5d3b713	sltiu	x14,x7,-1443	  x7:0x00000001 x14=0x00000001
     114115.000 ns	     11410	80002974	0269f7b3	remu	x15,x19,x6	 x19:0x1710d712  x6:0x8798385c x15=0x1710d712
     114135.000 ns	     11412	80002978	0040d233	srl	x4,x1,x4	  x1:0x7ffbf000  x4:0x8385c000  x4=0x7ffbf000
     114145.000 ns	     11413	8000297c	7fa73537	lui	x10,0x7fa73	 x10=0x7fa73000
     114165.000 ns	     11415	80002980	21b81a53	fsgnjn.s	f20,f16,f27	 f16:0x7fc00000 f27:0x00000000 f20=0xffc00000
     114195.000 ns	     11418	80002984	a19f8453	fle.s	x8,f31,f25	 f31:0xcefff7e0 f25:0xff800000  x8=0x00000000
     114215.000 ns	     11420	80002988	00697133	and	x2,x18,x6	 x18:0x00000000  x6:0x8798385c  x2=0x00000000
     114235.000 ns	     11422	8000298c	0284fa33	remu	x20,x9,x8	  x9:0x0b886b88  x8:0x00000000 x20=0x0b886b88
     114255.000 ns	     11424	80002990	00745533	srl	x10,x8,x7	  x8:0x00000000  x7:0x00000001 x10=0x00000000
     114265.000 ns	     11425	80002994	00a29b93	slli	x23,x5,0xa	  x5:0x00000000 x23=0x00000000
     114275.000 ns	     11426	80002998	418a0e33	sub	x28,x20,x24	 x20:0x0b886b88 x24:0x7fffffff x28=0x8b886b89
     114295.000 ns	     11428	8000299c	f00e04d3	fmv.w.x	f9,x28	 x28:0x00000001  f9=0x8b886b89
     114325.000 ns	     11431	800029a0	e00687d3	fmv.x.w	x15,f13	 f13:0xcefff7e0 x15=0xcefff7e0
     114345.000 ns	     11433	800029a4	00000013	addi	x0,x0,0	  x0:0x00000000
     114365.000 ns	     11435	800029a8	f0080f53	fmv.w.x	f30,x16	 x16:0x00000007 f30=0x00000007
     114395.000 ns	     11438	800029ac	20fa1b53	fsgnjn.s	f22,f20,f15	 f20:0xffc00000 f15:0x00000000 f22=0xffc00000
     114415.000 ns	     11440	800029b0	006e5933	srl	x18,x28,x6	 x28:0x8b886b89  x6:0x8798385c x18=0x00000008
     114425.000 ns	     11441	800029b4	00b9a3b3	slt	x7,x19,x11	 x19:0x1710d712 x11:0x80041024  x7=0x00000000
     114435.000 ns	     11442	800029b8	011d7933	and	x18,x26,x17	 x26:0x00000000 x17:0x80040fe4 x18=0x00000000
     114455.000 ns	     11444	800029bc	020301b3	mul	x3,x6,x0	  x6:0x8798385c  x0:0x00000000  x3=0x00000000
     114485.000 ns	     11447	800029c0	a0d021d3	feq.s	x3,f0,f13	  f0:0xcfc40f23 f13:0xcefff7e0  x3=0x00000000
     114505.000 ns	     11449	800029c4	01eb7533	and	x10,x22,x30	 x22:0x0412785c x30:0x00000000 x10=0x00000000
     114515.000 ns	     11450	800029c8	c8c73f93	sltiu	x31,x14,-884	 x14:0x00000001 x31=0x00000001
     114525.000 ns	     11451	800029cc	85c1de17	auipc	x28,0x85c1d	 x28=0x05c1f9cc
     114545.000 ns	     11453	800029d0	a0fb1253	flt.s	x4,f22,f15	 f22:0xffc00000 f15:0x00000000  x4=0x00000000
     114565.000 ns	     11455	800029d4	0186e533	or	x10,x13,x24	 x13:0x80040a61 x24:0x7fffffff x10=0xffffffff
     114585.000 ns	     11457	800029d8	c0142953	fcvt.wu.s	x18,f8	  f8:0xcefff7e0 x18=0x7ffbf000
     114615.000 ns	     11460	800029dc	29eb1cd3	fmax.s	f25,f22,f30	 f22:0xffc00000 f30:0x00000007 f25=0x00000007
     114645.000 ns	     11463	800029e0	e00d8e53	fmv.x.w	x28,f27	 f27:0x00000000 x28=0x00000000
     114665.000 ns	     11465	800029e4	60978917	auipc	x18,0x60978	 x18=0xe097a9e4
     114675.000 ns	     11466	800029e8	0110fc33	and	x24,x1,x17	  x1:0x7ffbf000 x17:0x80040fe4 x24=0x00000000
     114685.000 ns	     11467	800029ec	01326533	or	x10,x4,x19	  x4:0x00000000 x19:0x1710d712 x10=0x1710d712
     115045.000 ns	     11503	800029f0	029cf633	remu	x12,x25,x9	 x25:0x00000000  x9:0x0b886b88 x12=0x00000000
     115065.000 ns	     11505	800029f4	41ad82b3	sub	x5,x27,x26	 x27:0x74ac3000 x26:0x00000000  x5=0x74ac3000
     115085.000 ns	     11507	800029f8	c012c6d3	fcvt.wu.s	x13,f5	  f5:0x7fc00000 x13=0xffffffff
     115115.000 ns	     11510	800029fc	a0efa4d3	feq.s	x9,f31,f14	 f31:0xcefff7e0 f14:0x7fc00000  x9=0x00000000
     115135.000 ns	     11512	80002a00	0116a4b3	slt	x9,x13,x17	 x13:0xffffffff x17:0x80040fe4  x9=0x00000000
     115145.000 ns	     11513	80002a04	7a54f0b7	lui	x1,0x7a54f	  x1=0x7a54f000
     115165.000 ns	     11515	80002a08	215728d3	fsgnjx.s	f17,f14,f21	 f14:0x7fc00000 f21:0x7fc00000 f17=0x7fc00000
     115195.000 ns	     11518	80002a0c	212d24d3	fsgnjx.s	f9,f26,f18	 f26:0x3f800000 f18:0x00000000  f9=0x3f800000
     115215.000 ns	     11520	80002a10	426db013	sltiu	x0,x27,1062	 x27:0x74ac3000
     115235.000 ns	     11522	80002a14	293f1453	fmax.s	f8,f30,f19	 f30:0x00000007 f19:0x7fc00000  f8=0x00000007
     115285.000 ns	     11527	80002a18	0011fe53	fadd.s	f28,f3,f1	  f3:0x80000000  f1:0xffc00000 f28=0x7fc00000
     115655.000 ns	     11564	80002a1c	02dd5733	divu	x14,x26,x13	 x26:0x00000000 x13:0xffffffff x14=0x00000000
     115675.000 ns	     11566	80002a20	96419fb7	lui	x31,0x96419	 x31=0x96419000
     115695.000 ns	     11568	80002a24	0397afb3	mulhsu	x31,x15,x25	 x15:0xcefff7e0 x25:0x00000000 x31=0x00000000
     115715.000 ns	     11570	80002a28	01125a93	srli	x21,x4,0x11	  x4:0x00000000 x21=0x00000000
     115725.000 ns	     11571	80002a2c	0028a333	slt	x6,x17,x2	 x17:0x80040fe4  x2:0x00000000  x6=0x00000001
     115745.000 ns	     11573	80002a30	e00c13d3	fclass.s	x7,f24	 f24:0x00000000  x7=0x00000010
     115775.000 ns	     11576	80002a34	a0d61453	flt.s	x8,f12,f13	 f12:0x7fc00000 f13:0xcefff7e0  x8=0x00000000
     115805.000 ns	     11579	80002a38	028a14b3	mulh	x9,x20,x8	 x20:0x0b886b88  x8:0x00000000  x9=0x00000000
     115835.000 ns	     11582	80002a3c	28c48653	fmin.s	f12,f9,f12	  f9:0x3f800000 f12:0x7fc00000 f12=0x3f800000
     115865.000 ns	     11585	80002a40	20b81e53	fsgnjn.s	f28,f16,f11	 f16:0x7fc00000 f11:0x7fc00000 f28=0xffc00000
     115895.000 ns	     11588	80002a44	a09391d3	flt.s	x3,f7,f9	  f7:0x7fc00000  f9:0x3f800000  x3=0x00000000
     115915.000 ns	     11590	80002a48	0042d233	srl	x4,x5,x4	  x5:0x74ac3000  x4:0x00000000  x4=0x74ac3000
     115935.000 ns	     11592	80002a4c	c013b6d3	fcvt.wu.s	x13,f7	  f7:0x7fc00000 x13=0xffffffff
     115965.000 ns	     11595	80002a50	022f53b3	divu	x7,x30,x2	 x30:0x00000000  x2:0x00000000  x7=0xffffffff
     115995.000 ns	     11598	80002a54	299b01d3	fmin.s	f3,f22,f25	 f22:0xffc00000 f25:0x00000007  f3=0x00000007
     116015.000 ns	     11600	80002a58	00da4433	xor	x8,x20,x13	 x20:0x0b886b88 x13:0xffffffff  x8=0xf4779477
     116025.000 ns	     11601	80002a5c	01c4fcb3	and	x25,x9,x28	  x9:0x00000000 x28:0x00000000 x25=0x00000000
     116045.000 ns	     11603	80002a60	21ba02d3	fsgnj.s	f5,f20,f27	 f20:0xffc00000 f27:0x00000000  f5=0x7fc00000
     116065.000 ns	     11605	80002a64	d159a913	slti	x18,x19,-747	 x19:0x1710d712 x18=0x00000000
     116075.000 ns	     11606	80002a68	41820133	sub	x2,x4,x24	  x4:0x74ac3000 x24:0x00000000  x2=0x74ac3000
     116085.000 ns	     11607	80002a6c	00ce1c93	slli	x25,x28,0xc	 x28:0x00000000 x25=0x00000000
     116105.000 ns	     11609	80002a70	a1599953	flt.s	x18,f19,f21	 f19:0x7fc00000 f21:0x7fc00000 x18=0x00000000
     116135.000 ns	     11612	80002a74	d001cad3	fcvt.s.w	f21,x3	  x3:0x00000000 f21=0x00000000
     116165.000 ns	     11615	80002a78	022b1333	mulh	x6,x22,x2	 x22:0x0412785c  x2:0x74ac3000  x6=0x01db1bb6
     116195.000 ns	     11618	80002a7c	a056a353	feq.s	x6,f13,f5	 f13:0xcefff7e0  f5:0x7fc00000  x6=0x00000000
     116565.000 ns	     11655	80002a80	03667a33	remu	x20,x12,x22	 x12:0x00000000 x22:0x0412785c x20=0x00000000
     116615.000 ns	     11660	80002a84	00037ed3	fadd.s	f29,f6,f0	  f6:0x00000000  f0:0xcfc40f23 f29=0xcfc40f23
     116985.000 ns	     11697	80002a88	02125bb3	divu	x23,x4,x1	  x4:0x74ac3000  x1:0x7a54f000 x23=0x00000000
     117005.000 ns	     11699	80002a8c	011afbb3	and	x23,x21,x17	 x21:0x00000000 x17:0x80040fe4 x23=0x00000000
     117015.000 ns	     11700	80002a90	019c9193	slli	x3,x25,0x19	 x25:0x00000000  x3=0x00000000
     117035.000 ns	     11702	80002a94	20060353	fsgnj.s	f6,f12,f0	 f12:0x3f800000  f0:0xcfc40f23  f6=0xbf800000
     117055.000 ns	     11704	80002a98	408c8b33	sub	x22,x25,x8	 x25:0x00000000  x8:0xf4779477 x22=0x0b886b89
     117415.000 ns	     11740	80002a9c	02736633	rem	x12,x6,x7	  x6:0x00000000  x7:0xffffffff x12=0x00000000
     117435.000 ns	     11742	80002aa0	016a27b3	slt	x15,x20,x22	 x20:0x00000000 x22:0x0412785c x15=0x00000001
     117445.000 ns	     11743	80002aa4	137390b7	lui	x1,0x13739	  x1=0x13739000
     117455.000 ns	     11744	80002aa8	00c61133	sll	x2,x12,x12	 x12:0x00000000 x12:0x00000000  x2=0x00000000
     117475.000 ns	     11746	80002aac	03c34eb3	div	x29,x6,x28	  x6:0x00000000 x28:0x00000000 x29=0xffffffff
     117495.000 ns	     11748	80002ab0	1e9da213	slti	x4,x27,489	 x27:0x74ac3000  x4=0x00000000
     117505.000 ns	     11749	80002ab4	01bb0e33	add	x28,x22,x27	 x22:0x0b886b89 x27:0x74ac3000 x28=0x80349b89
     117865.000 ns	     11785	80002ab8	02daccb3	div	x25,x21,x13	 x21:0x00000000 x13:0xffffffff x25=0x00000000
     117885.000 ns	     11787	80002abc	00ef1713	slli	x14,x30,0xe	 x30:0x00000000 x14=0x00000000
     117895.000 ns	     11788	80002ac0	62260c13	addi	x24,x12,1570	 x12:0x00000000 x24=0x00000622
     117925.000 ns	     11791	80002ac4	5808b6d3	fsqrt.s	f13,f17	 f17:0x7fc00000 f13=0x7fc00000
     117955.000 ns	     11794	80002ac8	02c77cb3	remu	x25,x14,x12	 x14:0x00000000 x12:0x00000000 x25=0x00000000
     117985.000 ns	     11797	80002acc	c0012353	fcvt.w.s	x6,f2	  f2:0xcefff7e0  x6=0x80041000
     118005.000 ns	     11799	80002ad0	00db47b3	xor	x15,x22,x13	 x22:0x0b886b89 x13:0xffffffff x15=0xf4779476
     118015.000 ns	     11800	80002ad4	5c214e13	xori	x28,x2,1474	  x2:0x00000000 x28=0x000005c2
     118035.000 ns	     11802	80002ad8	0329b1b3	mulhu	x3,x19,x18	 x19:0x1710d712 x18:0x00000000  x3=0x00000000
     118055.000 ns	     11804	80002adc	0036bab3	sltu	x21,x13,x3	 x13:0xffffffff  x3:0x00000000 x21=0x00000000
     118085.000 ns	     11807	80002ae0	11731c53	fmul.s	f24,f6,f23	  f6:0xbf800000 f23:0x7fc00000 f24=0x7fc00000
     118105.000 ns	     11809	80002ae4	008746b3	xor	x13,x14,x8	 x14:0x00000000  x8:0xf4779477 x13=0xf4779477
     118125.000 ns	     11811	80002ae8	20622b53	fsgnjx.s	f22,f4,f6	  f4:0x7fc00000  f6:0xbf800000 f22=0xffc00000
     118145.000 ns	     11813	80002aec	014b5533	srl	x10,x22,x20	 x22:0x0b886b89 x20:0x00000000 x10=0x0b886b89
     118165.000 ns	     11815	80002af0	a1110e53	fle.s	x28,f2,f17	  f2:0xcefff7e0 f17:0x7fc00000 x28=0x00000000
     118185.000 ns	     11817	80002af4	0141e0b3	or	x1,x3,x20	  x3:0x00000000 x20:0x00000000  x1=0x00000000
     118195.000 ns	     11818	80002af8	003ef2b3	and	x5,x29,x3	 x29:0xffffffff  x3:0x00000000  x5=0x00000000
     118205.000 ns	     11819	80002afc	fcc58737	lui	x14,0xfcc58	 x14=0xfcc58000
     118215.000 ns	     11820	80002b00	015b1313	slli	x6,x22,0x15	 x22:0x0b886b89  x6=0x71200000
     118225.000 ns	     11821	80002b04	00ec3c33	sltu	x24,x24,x14	 x24:0x00000622 x14:0x00000000 x24=0x00000001
     119395.000 ns	     11938	80002b08	5804bc53	fsqrt.s	f24,f9	  f9:0x3f800000 f24=0x3f7fffae
     119415.000 ns	     11940	80002b0c	881ff093	andi	x1,x31,-1919	 x31:0x00000000  x1=0x00000000
     119435.000 ns	     11942	80002b10	299510d3	fmax.s	f1,f10,f25	 f10:0x7fc00000 f25:0x00000007  f1=0x00000007
     119455.000 ns	     11944	80002b14	002b0533	add	x10,x22,x2	 x22:0x0b886b89  x2:0x00000000 x10=0x0b886b89
     119475.000 ns	     11946	80002b18	a0f29dd3	flt.s	x27,f5,f15	  f5:0x7fc00000 f15:0x00000000 x27=0x00000000
     119515.000 ns	     11950	80002b1c	100d2453	fmul.s	f8,f26,f0	 f26:0x3f800000  f0:0xcfc40f23  f8=0xcfc40f24
     119545.000 ns	     11953	80002b20	28719f53	fmax.s	f30,f3,f7	  f3:0x00000007  f7:0x7fc00000 f30=0x00000007
     119565.000 ns	     11955	80002b24	a4037913	andi	x18,x6,-1472	  x6:0x71200000 x18=0x71200000
     119585.000 ns	     11957	80002b28	20458f53	fsgnj.s	f30,f11,f4	 f11:0x7fc00000  f4:0x7fc00000 f30=0x7fc00000
     119605.000 ns	     11959	80002b2c	845b2513	slti	x10,x22,-1979	 x22:0x0b886b89 x10=0x00000000
     119615.000 ns	     11960	80002b30	40f2dc33	sra	x24,x5,x15	  x5:0x00000000 x15:0xf4779476 x24=0x00000000
     119635.000 ns	     11962	80002b34	022033b3	mulhu	x7,x0,x2	  x0:0x00000000  x2:0x00000000  x7=0x00000000
     119655.000 ns	     11964	80002b38	01a172b3	and	x5,x2,x26	  x2:0x00000000 x26:0x00000000  x5=0x00000000
     119665.000 ns	     11965	80002b3c	01c77a33	and	x20,x14,x28	 x14:0xfcc58000 x28:0x00000000 x20=0x00000000
     119675.000 ns	     11966	80002b40	01888813	addi	x16,x17,24	 x17:0x80040fe4 x16=0x80040ffc
     119705.000 ns	     11969	80002b44	58017bd3	fsqrt.s	f23,f2	  f2:0xcefff7e0 f23=0x7fc00000
     119725.000 ns	     11971	80002b48	107c6a13	ori	x20,x24,263	 x24:0x00000000 x20=0x00000107
     119745.000 ns	     11973	80002b4c	f0020453	fmv.w.x	f8,x4	  x4:0x00000000  f8=0x00000000
     119775.000 ns	     11976	80002b50	03cd0133	mul	x2,x26,x28	 x26:0x00000000 x28:0x00000000  x2=0x00000000
     119805.000 ns	     11979	80002b54	038880b3	mul	x1,x17,x24	 x17:0x80040fe4 x24:0x00000000  x1=0x00000000
     119835.000 ns	     11982	80002b58	a09b17d3	flt.s	x15,f22,f9	 f22:0xffc00000  f9:0x3f800000 x15=0x00000000
     119885.000 ns	     11987	80002b5c	00ec39d3	fadd.s	f19,f24,f14	 f24:0x3f7fffae f14:0x7fc00000 f19=0x7fc00000
     119905.000 ns	     11989	80002b60	01875cb3	srl	x25,x14,x24	 x14:0xfcc58000 x24:0x00000000 x25=0xfcc58000
     119925.000 ns	     11991	80002b64	02598eb3	mul	x29,x19,x5	 x19:0x1710d712  x5:0x00000000 x29=0x00000000
     119945.000 ns	     11993	80002b68	0108d6b3	srl	x13,x17,x16	 x17:0x80040fe4 x16:0x80040ffc x13=0x00000008
     119955.000 ns	     11994	80002b6c	01ee8a33	add	x20,x29,x30	 x29:0x00000000 x30:0x00000000 x20=0x00000000
     119975.000 ns	     11996	80002b70	c00494d3	fcvt.w.s	x9,f9	  f9:0x3f800000  x9=0x00000001
     119995.000 ns	     11998	80002b74	414a0933	sub	x18,x20,x20	 x20:0x00000107 x20:0x00000107 x18=0x00000000
     120035.000 ns	     12002	80002b78	093474d3	fsub.s	f9,f8,f19	  f8:0x00000000 f19:0x7fc00000  f9=0x7fc00000
     120055.000 ns	     12004	80002b7c	246de313	ori	x6,x27,582	 x27:0x00000000  x6=0x00000246
     120085.000 ns	     12007	80002b80	10ef97d3	fmul.s	f15,f31,f14	 f31:0xcefff7e0 f14:0x7fc00000 f15=0x7fc00000
     120105.000 ns	     12009	80002b84	a02fed13	ori	x26,x31,-1534	 x31:0x00000000 x26=0xfffffa02
     120115.000 ns	     12010	80002b88	404901b3	sub	x3,x18,x4	 x18:0x00000000  x4:0x00000000  x3=0x00000000
     120135.000 ns	     12012	80002b8c	219e9ad3	fsgnjn.s	f21,f29,f25	 f29:0xcfc40f23 f25:0x00000007 f21=0xcfc40f23
     120155.000 ns	     12014	80002b90	40b35093	srai	x1,x6,0xb	  x6:0x00000246  x1=0x00000000
     120175.000 ns	     12016	80002b94	216a8c53	fsgnj.s	f24,f21,f22	 f21:0xcfc40f23 f22:0xffc00000 f24=0xcfc40f23
     120205.000 ns	     12019	80002b98	034007b3	mul	x15,x0,x20	  x0:0x00000000 x20:0x00000000 x15=0x00000000
     120225.000 ns	     12021	80002b9c	09c36017	auipc	x0,0x9c36	
     120245.000 ns	     12023	80002ba0	29ad0dd3	fmin.s	f27,f26,f26	 f26:0x3f800000 f26:0x3f800000 f27=0x3f800000
     120275.000 ns	     12026	80002ba4	29e01953	fmax.s	f18,f0,f30	  f0:0xcfc40f23 f30:0x7fc00000 f18=0xcfc40f23
     120295.000 ns	     12028	80002ba8	40758db3	sub	x27,x11,x7	 x11:0x80041024  x7:0x00000000 x27=0x80041024
     120305.000 ns	     12029	80002bac	00979533	sll	x10,x15,x9	 x15:0x00000000  x9:0x00000001 x10=0x00000000
     120315.000 ns	     12030	80002bb0	002766b3	or	x13,x14,x2	 x14:0xfcc58000  x2:0x00000000 x13=0xfcc58000
     121485.000 ns	     12147	80002bb4	58019653	fsqrt.s	f12,f3	  f3:0x00000007 f12=0x1f35048c
     121515.000 ns	     12150	80002bb8	03861db3	mulh	x27,x12,x24	 x12:0x00000000 x24:0x00000000 x27=0x00000000
     121535.000 ns	     12152	80002bbc	2744fe93	andi	x29,x9,628	  x9:0x00000001 x29=0x00000000
     121555.000 ns	     12154	80002bc0	023ebb33	mulhu	x22,x29,x3	 x29:0x00000000  x3:0x00000000 x22=0x00000000
     121575.000 ns	     12156	80002bc4	01b03e33	sltu	x28,x0,x27	  x0:0x00000000 x27:0x00000000 x28=0x00000000
     121595.000 ns	     12158	80002bc8	d004f353	fcvt.s.w	f6,x9	  x9:0x00000001  f6=0x3f800000
     121625.000 ns	     12161	80002bcc	032754b3	divu	x9,x14,x18	 x14:0xfcc58000 x18:0x00000000  x9=0xffffffff
     121665.000 ns	     12165	80002bd0	1884f5d3	fdiv.s	f11,f9,f8	  f9:0x7fc00000  f8:0x00000000 f11=0x7fc00000
     121695.000 ns	     12168	80002bd4	023fb033	mulhu	x0,x31,x3	 x31:0x00000000  x3:0x00000000
     121725.000 ns	     12171	80002bd8	03b41eb3	mulh	x29,x8,x27	  x8:0xf4779477 x27:0x00000000 x29=0x00000000
     122905.000 ns	     12289	80002bdc	5801ac53	fsqrt.s	f24,f3	  f3:0x00000007 f24=0x1f35048c
     122935.000 ns	     12292	80002be0	a0b52cd3	feq.s	x25,f10,f11	 f10:0x7fc00000 f11:0x7fc00000 x25=0x00000000
     122965.000 ns	     12295	80002be4	033d97b3	mulh	x15,x27,x19	 x27:0x00000000 x19:0x1710d712 x15=0x00000000
     122985.000 ns	     12297	80002be8	00467033	and	x0,x12,x4	 x12:0x00000000  x4:0x00000000
     122995.000 ns	     12298	80002bec	8eee0b13	addi	x22,x28,-1810	 x28:0x00000000 x22=0xfffff8ee
     123005.000 ns	     12299	80002bf0	00cb97b3	sll	x15,x23,x12	 x23:0x00000000 x12:0x00000000 x15=0x00000000
     123025.000 ns	     12301	80002bf4	e00b0ed3	fmv.x.w	x29,f22	 f22:0xffc00000 x29=0xffc00000
     123055.000 ns	     12304	80002bf8	d01cbe53	fcvt.s.wu	f28,x25	 x25:0x00000000 f28=0x00000000
     123085.000 ns	     12307	80002bfc	03b34833	div	x16,x6,x27	  x6:0x00000246 x27:0x00000000 x16=0xffffffff
     123115.000 ns	     12310	80002c00	20742a53	fsgnjx.s	f20,f8,f7	  f8:0x00000000  f7:0x7fc00000 f20=0x00000000
     123145.000 ns	     12313	80002c04	e00f81d3	fmv.x.w	x3,f31	 f31:0xcefff7e0  x3=0xcefff7e0
     123165.000 ns	     12315	80002c08	f4a1c393	xori	x7,x3,-182	  x3:0x00000000  x7=0x310008aa
     123185.000 ns	     12317	80002c0c	a1c98653	fle.s	x12,f19,f28	 f19:0x7fc00000 f28:0x00000000 x12=0x00000000
     123235.000 ns	     12322	80002c10	00aa3f53	fadd.s	f30,f20,f10	 f20:0x00000000 f10:0x7fc00000 f30=0x7fc00000
     123265.000 ns	     12325	80002c14	032216b3	mulh	x13,x4,x18	  x4:0x00000000 x18:0x00000000 x13=0x00000000
     123295.000 ns	     12328	80002c18	033e8633	mul	x12,x29,x19	 x29:0xffc00000 x19:0x1710d712 x12=0x3b800000
     123325.000 ns	     12331	80002c1c	03b08333	mul	x6,x1,x27	  x1:0x00000000 x27:0x00000000  x6=0x00000000
     123365.000 ns	     12335	80002c20	185477d3	fdiv.s	f15,f8,f5	  f8:0x00000000  f5:0x7fc00000 f15=0x7fc00000
     123385.000 ns	     12337	80002c24	41cede33	sra	x28,x29,x28	 x29:0xffc00000 x28:0x00000000 x28=0xffc00000
     123405.000 ns	     12339	80002c28	21e01fd3	fsgnjn.s	f31,f0,f30	  f0:0xcfc40f23 f30:0x7fc00000 f31=0xcfc40f23
     123425.000 ns	     12341	80002c2c	01b5e433	or	x8,x11,x27	 x11:0x80041024 x27:0x00000000  x8=0x80041024
     123435.000 ns	     12342	80002c30	46d48197	auipc	x3,0x46d48	  x3=0xc6d4ac30
     123445.000 ns	     12343	80002c34	40be5393	srai	x7,x28,0xb	 x28:0xffc00000  x7=0xfffff800
     123465.000 ns	     12345	80002c38	03f04833	div	x16,x0,x31	  x0:0x00000000 x31:0x00000000 x16=0xffffffff
     123835.000 ns	     12382	80002c3c	02e65033	divu	x0,x12,x14	 x12:0x3b800000 x14:0xfcc58000
     123855.000 ns	     12384	80002c40	41445fb3	sra	x31,x8,x20	  x8:0x80041024 x20:0x00000000 x31=0x80041024
     123875.000 ns	     12386	80002c44	297f8e53	fmin.s	f28,f31,f23	 f31:0xcfc40f23 f23:0x7fc00000 f28=0xcfc40f23
     123905.000 ns	     12389	80002c48	f0088f53	fmv.w.x	f30,x17	 x17:0x80040fe4 f30=0x80040fe4
     123925.000 ns	     12391	80002c4c	00b7d833	srl	x16,x15,x11	 x15:0x00000000 x11:0x80041024 x16=0x00000000
     123945.000 ns	     12393	80002c50	d00249d3	fcvt.s.w	f19,x4	  x4:0x00000000 f19=0x00000000
     123975.000 ns	     12396	80002c54	024b8b33	mul	x22,x23,x4	 x23:0x00000000  x4:0x00000000 x22=0x00000000
     124005.000 ns	     12399	80002c58	d0148853	fcvt.s.wu	f16,x9	  x9:0xffffffff f16=0x4f800000
     124025.000 ns	     12401	80002c5c	00006cb3	or	x25,x0,x0	  x0:0x00000000  x0:0x00000000 x25=0x00000000
     124035.000 ns	     12402	80002c60	46d9b813	sltiu	x16,x19,1133	 x19:0x1710d712 x16=0x00000000
     124045.000 ns	     12403	80002c64	01f29533	sll	x10,x5,x31	  x5:0x00000000 x31:0x80041024 x10=0x00000000
     124055.000 ns	     12404	80002c68	4757b913	sltiu	x18,x15,1141	 x15:0x00000000 x18=0x00000001
     124075.000 ns	     12406	80002c6c	03bb8c33	mul	x24,x23,x27	 x23:0x00000000 x27:0x00000000 x24=0x00000000
     124105.000 ns	     12409	80002c70	037e6bb3	rem	x23,x28,x23	 x28:0xffc00000 x23:0x00000000 x23=0xffc00000
     124135.000 ns	     12412	80002c74	e0059153	fclass.s	x2,f11	 f11:0x7fc00000  x2=0x00000200
     124185.000 ns	     12417	80002c78	00f97053	fadd.s	f0,f18,f15	 f18:0xcfc40f23 f15:0x7fc00000  f0=0x7fc00000
     124205.000 ns	     12419	80002c7c	4083d113	srai	x2,x7,0x8	  x7:0xfffff800  x2=0xfffffff8
     124225.000 ns	     12421	80002c80	203d16d3	fsgnjn.s	f13,f26,f3	 f26:0x3f800000  f3:0x00000007 f13=0xbf800000
     124245.000 ns	     12423	80002c84	0093fcb3	and	x25,x7,x9	  x7:0xfffff800  x9:0xffffffff x25=0xfffff800
     124265.000 ns	     12425	80002c88	02e8b6b3	mulhu	x13,x17,x14	 x17:0x80040fe4 x14:0xfcc58000 x13=0x7e66c2c6
     124285.000 ns	     12427	80002c8c	012c8e33	add	x28,x25,x18	 x25:0x00000000 x18:0x00000001 x28=0xfffff801
     124305.000 ns	     12429	80002c90	e0078c53	fmv.x.w	x24,f15	 f15:0x7fc00000 x24=0x7fc00000
     124335.000 ns	     12432	80002c94	29f792d3	fmax.s	f5,f15,f31	 f15:0x7fc00000 f31:0xcfc40f23  f5=0xcfc40f23
     124355.000 ns	     12434	80002c98	a3437613	andi	x12,x6,-1484	  x6:0x00000000 x12=0x00000000
     124375.000 ns	     12436	80002c9c	0345dab3	divu	x21,x11,x20	 x11:0x80041024 x20:0x00000000 x21=0xffffffff
     124395.000 ns	     12438	80002ca0	562ee313	ori	x6,x29,1378	 x29:0xffc00000  x6=0xffc00562
     124405.000 ns	     12439	80002ca4	00b9fab3	and	x21,x19,x11	 x19:0x1710d712 x11:0x80041024 x21=0x00001000
     124765.000 ns	     12475	80002ca8	028f4133	div	x2,x30,x8	 x30:0x00000000  x8:0x80041024  x2=0x00000000
     124785.000 ns	     12477	80002cac	39d70813	addi	x16,x14,925	 x14:0xfcc58000 x16=0xfcc5839d
     124805.000 ns	     12479	80002cb0	036fcb33	div	x22,x31,x22	 x31:0x80041024 x22:0x00000000 x22=0xffffffff
     124855.000 ns	     12484	80002cb4	0066add3	fadd.s	f27,f13,f6	 f13:0xbf800000  f6:0x3f800000 f27=0x00000000
     124875.000 ns	     12486	80002cb8	7663e113	ori	x2,x7,1894	  x7:0xfffff800  x2=0xffffff66
     124895.000 ns	     12488	80002cbc	a09711d3	flt.s	x3,f14,f9	 f14:0x7fc00000  f9:0x7fc00000  x3=0x00000000
     124935.000 ns	     12492	80002cc0	1046ced3	fmul.s	f29,f13,f4	 f13:0xbf800000  f4:0x7fc00000 f29=0x7fc00000
     124955.000 ns	     12494	80002cc4	924c7a93	andi	x21,x24,-1756	 x24:0x7fc00000 x21=0x7fc00000
     124965.000 ns	     12495	80002cc8	00000013	addi	x0,x0,0	  x0:0x00000000
     124975.000 ns	     12496	80002ccc	019120b3	slt	x1,x2,x25	  x2:0xffffff66 x25:0xfffff800  x1=0x00000000
     124985.000 ns	     12497	80002cd0	0089b433	sltu	x8,x19,x8	 x19:0x1710d712  x8:0x80041024  x8=0x00000001
     125005.000 ns	     12499	80002cd4	f0010453	fmv.w.x	f8,x2	  x2:0xffffff66  f8=0xffffff66
     125025.000 ns	     12501	80002cd8	01819133	sll	x2,x3,x24	  x3:0x00000000 x24:0x7fc00000  x2=0x00000000
     125035.000 ns	     12502	80002cdc	00000013	addi	x0,x0,0	  x0:0x00000000
     125055.000 ns	     12504	80002ce0	d00281d3	fcvt.s.w	f3,x5	  x5:0x00000000  f3=0x00000000
     125085.000 ns	     12507	80002ce4	d00743d3	fcvt.s.w	f7,x14	 x14:0xfcc58000  f7=0xcc4ea000
     125105.000 ns	     12509	80002ce8	3c5d8913	addi	x18,x27,965	 x27:0x00000000 x18=0x000003c5
     125125.000 ns	     12511	80002cec	21f00e53	fsgnj.s	f28,f0,f31	  f0:0x7fc00000 f31:0xcfc40f23 f28=0xffc00000
     125145.000 ns	     12513	80002cf0	4009d413	srai	x8,x19,0x0	 x19:0x1710d712  x8=0x1710d712
     125155.000 ns	     12514	80002cf4	59ee6493	ori	x9,x28,1438	 x28:0xfffff801  x9=0xfffffd9f
     125175.000 ns	     12516	80002cf8	29dc9453	fmax.s	f8,f25,f29	 f25:0x00000007 f29:0x7fc00000  f8=0x00000007
     125205.000 ns	     12519	80002cfc	c0101fd3	fcvt.wu.s	x31,f0	  f0:0x7fc00000 x31=0xffffffff
     125235.000 ns	     12522	80002d00	e0099253	fclass.s	x4,f19	 f19:0x00000000  x4=0x00000010
     125285.000 ns	     12527	80002d04	08c6fe53	fsub.s	f28,f13,f12	 f13:0xbf800000 f12:0x1f35048c f28=0xbf800000
     125335.000 ns	     12532	80002d08	01e07953	fadd.s	f18,f0,f30	  f0:0x7fc00000 f30:0x80040fe4 f18=0x7fc00000
     125355.000 ns	     12534	80002d0c	5bea9497	auipc	x9,0x5bea9	  x9=0xdbeabd0c
     125395.000 ns	     12538	80002d10	08d9f3d3	fsub.s	f7,f19,f13	 f19:0x00000000 f13:0xbf800000  f7=0x3f800000
     125425.000 ns	     12541	80002d14	038cb533	mulhu	x10,x25,x24	 x25:0xfffff800 x24:0x7fc00000 x10=0x7fbffc02
     125455.000 ns	     12544	80002d18	21588153	fsgnj.s	f2,f17,f21	 f17:0x7fc00000 f21:0xcfc40f23  f2=0xffc00000
     125485.000 ns	     12547	80002d1c	292d97d3	fmax.s	f15,f27,f18	 f27:0x00000000 f18:0x7fc00000 f15=0x00000000
     125515.000 ns	     12550	80002d20	20d7a7d3	fsgnjx.s	f15,f15,f13	 f15:0x7fc00000 f13:0xbf800000 f15=0x80000000
     125545.000 ns	     12553	80002d24	02f4cdb3	div	x27,x9,x15	  x9:0xdbeabd0c x15:0x00000000 x27=0xffffffff
     125565.000 ns	     12555	80002d28	017d1b33	sll	x22,x26,x23	 x26:0xfffffa02 x23:0xffc00000 x22=0xfffffa02
     125575.000 ns	     12556	80002d2c	2788c693	xori	x13,x17,632	 x17:0x80040fe4 x13=0x80040d9c
     125905.000 ns	     12589	80002d30	199aa553	fdiv.s	f10,f21,f25	 f21:0xcfc40f23 f25:0x00000007 f10=0xff800000
     125925.000 ns	     12591	80002d34	00000013	addi	x0,x0,0	  x0:0x00000000
     125955.000 ns	     12594	80002d38	114d7ad3	fmul.s	f21,f26,f20	 f26:0x3f800000 f20:0x00000000 f21=0x00000000
     125985.000 ns	     12597	80002d3c	c006f553	fcvt.w.s	x10,f13	 f13:0xbf800000 x10=0x00000001
     126005.000 ns	     12599	80002d40	00000013	addi	x0,x0,0	  x0:0x00000000
     126365.000 ns	     12635	80002d44	03f55533	divu	x10,x10,x31	 x10:0x00000001 x31:0xffffffff x10=0x00000000
     126385.000 ns	     12637	80002d48	007451b3	srl	x3,x8,x7	  x8:0x1710d712  x7:0xfffff800  x3=0x1710d712
     126405.000 ns	     12639	80002d4c	03e1ae33	mulhsu	x28,x3,x30	  x3:0x00000000 x30:0x00000000 x28=0x00000000
     126435.000 ns	     12642	80002d50	20d592d3	fsgnjn.s	f5,f11,f13	 f11:0x7fc00000 f13:0xbf800000  f5=0x7fc00000
     126465.000 ns	     12645	80002d54	d01621d3	fcvt.s.wu	f3,x12	 x12:0x00000000  f3=0x00000000
     126495.000 ns	     12648	80002d58	f00d88d3	fmv.w.x	f17,x27	 x27:0xffffffff f17=0xffffffff
     126525.000 ns	     12651	80002d5c	20ba8bd3	fsgnj.s	f23,f21,f11	 f21:0x00000000 f11:0x7fc00000 f23=0x00000000
     126575.000 ns	     12656	80002d60	08e0f4d3	fsub.s	f9,f1,f14	  f1:0x00000007 f14:0x7fc00000  f9=0x7fc00000
     126605.000 ns	     12659	80002d64	c0157153	fcvt.wu.s	x2,f10	 f10:0xff800000  x2=0x00000000
     126635.000 ns	     12662	80002d68	03cc3b33	mulhu	x22,x24,x28	 x24:0x7fc00000 x28:0x00000000 x22=0x00000000
     126675.000 ns	     12666	80002d6c	11e1fb53	fmul.s	f22,f3,f30	  f3:0x00000000 f30:0x80040fe4 f22=0x80000000
     126695.000 ns	     12668	80002d70	005ac2b3	xor	x5,x21,x5	 x21:0x7fc00000  x5:0x00000000  x5=0x7fc00000
     126715.000 ns	     12670	80002d74	c00f92d3	fcvt.w.s	x5,f31	 f31:0xcfc40f23  x5=0x80000000
     126735.000 ns	     12672	80002d78	f7ef0913	addi	x18,x30,-130	 x30:0x00000000 x18=0xffffff7e
     126745.000 ns	     12673	80002d7c	96288f13	addi	x30,x17,-1694	 x17:0x80040fe4 x30=0x80040946
     126765.000 ns	     12675	80002d80	024f01b3	mul	x3,x30,x4	 x30:0x00000000  x4:0x00000010  x3=0x00409460
     126795.000 ns	     12678	80002d84	20f4a053	fsgnjx.s	f0,f9,f15	  f9:0x7fc00000 f15:0x80000000  f0=0xffc00000
     126825.000 ns	     12681	80002d88	020bbf33	mulhu	x30,x23,x0	 x23:0xffc00000  x0:0x00000000 x30=0x00000000
     126855.000 ns	     12684	80002d8c	a1e80753	fle.s	x14,f16,f30	 f16:0x4f800000 f30:0x80040fe4 x14=0x00000000
     126885.000 ns	     12687	80002d90	d00b72d3	fcvt.s.w	f5,x22	 x22:0x00000000  f5=0x00000000
     126905.000 ns	     12689	80002d94	007d0533	add	x10,x26,x7	 x26:0xfffffa02  x7:0xfffff800 x10=0xfffff202
     126915.000 ns	     12690	80002d98	d3147213	andi	x4,x8,-719	  x8:0x1710d712  x4=0x1710d510
     126925.000 ns	     12691	80002d9c	00fc1713	slli	x14,x24,0xf	 x24:0x7fc00000 x14=0x00000000
     126935.000 ns	     12692	80002da0	002eeb33	or	x22,x29,x2	 x29:0xffc00000  x2:0x00000000 x22=0xffc00000
     126945.000 ns	     12693	80002da4	6b167a13	andi	x20,x12,1713	 x12:0x00000000 x20=0x00000000
     126955.000 ns	     12694	80002da8	014af733	and	x14,x21,x20	 x21:0x7fc00000 x20:0x00000000 x14=0x00000000
     126975.000 ns	     12696	80002dac	d01c72d3	fcvt.s.wu	f5,x24	 x24:0x7fc00000  f5=0x4eff8000
     127025.000 ns	     12701	80002db0	00747fd3	fadd.s	f31,f8,f7	  f8:0x00000007  f7:0x3f800000 f31=0x3f800000
     127045.000 ns	     12703	80002db4	22fc8213	addi	x4,x25,559	 x25:0xfffff800  x4=0xfffffa2f
     127055.000 ns	     12704	80002db8	32b8ea37	lui	x20,0x32b8e	 x20=0x32b8e000
     127095.000 ns	     12708	80002dbc	00442653	fadd.s	f12,f8,f4	  f8:0x00000007  f4:0x7fc00000 f12=0x7fc00000
     127135.000 ns	     12712	80002dc0	10bfae53	fmul.s	f28,f31,f11	 f31:0x3f800000 f11:0x7fc00000 f28=0x7fc00000
     127155.000 ns	     12714	80002dc4	026fea93	ori	x21,x31,38	 x31:0xffffffff x21=0xffffffff
     127185.000 ns	     12717	80002dc8	182934d3	fdiv.s	f9,f18,f2	 f18:0x7fc00000  f2:0xffc00000  f9=0x7fc00000
     127205.000 ns	     12719	80002dcc	00b63c33	sltu	x24,x12,x11	 x12:0x00000000 x11:0x80041024 x24=0x00000001
     127215.000 ns	     12720	80002dd0	01c70233	add	x4,x14,x28	 x14:0x00000000 x28:0x00000000  x4=0x00000000
     127245.000 ns	     12723	80002dd4	184d7553	fdiv.s	f10,f26,f4	 f26:0x3f800000  f4:0x7fc00000 f10=0x7fc00000
     127275.000 ns	     12726	80002dd8	03720233	mul	x4,x4,x23	  x4:0xfffffa2f x23:0xffc00000  x4=0x00000000
     127305.000 ns	     12729	80002ddc	29ca10d3	fmax.s	f1,f20,f28	 f20:0x00000000 f28:0x7fc00000  f1=0x00000000
     127325.000 ns	     12731	80002de0	00e166b3	or	x13,x2,x14	  x2:0x00000000 x14:0x00000000 x13=0x00000000
     127345.000 ns	     12733	80002de4	a194a2d3	feq.s	x5,f9,f25	  f9:0x7fc00000 f25:0x00000007  x5=0x00000000
     127365.000 ns	     12735	80002de8	d07e2713	slti	x14,x28,-761	 x28:0x00000000 x14=0x00000000
     127375.000 ns	     12736	80002dec	80419c17	auipc	x24,0x80419	 x24=0x0041bdec
     127395.000 ns	     12738	80002df0	035711b3	mulh	x3,x14,x21	 x14:0x00000000 x21:0xffffffff  x3=0x00000000
     127415.000 ns	     12740	80002df4	c8d93a13	sltiu	x20,x18,-883	 x18:0xffffff7e x20=0x00000000
     127435.000 ns	     12742	80002df8	20b70453	fsgnj.s	f8,f14,f11	 f14:0x7fc00000 f11:0x7fc00000  f8=0x7fc00000
     127465.000 ns	     12745	80002dfc	a1f11ad3	flt.s	x21,f2,f31	  f2:0xffc00000 f31:0x3f800000 x21=0x00000000
     127485.000 ns	     12747	80002e00	00479933	sll	x18,x15,x4	 x15:0x00000000  x4:0x00000000 x18=0x00000000
     127525.000 ns	     12751	80002e04	09e97353	fsub.s	f6,f18,f30	 f18:0x7fc00000 f30:0x80040fe4  f6=0x7fc00000
     127545.000 ns	     12753	80002e08	01be54b3	srl	x9,x28,x27	 x28:0x00000000 x27:0xffffffff  x9=0x00000000
     127555.000 ns	     12754	80002e0c	ead77f13	andi	x30,x14,-339	 x14:0x00000000 x30=0x00000000
     127575.000 ns	     12756	80002e10	d007cc53	fcvt.s.w	f24,x15	 x15:0x00000000 f24=0x00000000
     127595.000 ns	     12758	80002e14	41d05493	srai	x9,x0,0x1d	  x0:0x00000000  x9=0x00000000
     127605.000 ns	     12759	80002e18	01512633	slt	x12,x2,x21	  x2:0x00000000 x21:0x00000000 x12=0x00000000
     127625.000 ns	     12761	80002e1c	e00d8a53	fmv.x.w	x20,f27	 f27:0x00000000 x20=0x00000000
     127645.000 ns	     12763	80002e20	40035733	sra	x14,x6,x0	  x6:0xffc00562  x0:0x00000000 x14=0xffc00562
     127665.000 ns	     12765	80002e24	032c9db3	mulh	x27,x25,x18	 x25:0xfffff800 x18:0x00000000 x27=0x00000000
     127695.000 ns	     12768	80002e28	a0170dd3	fle.s	x27,f14,f1	 f14:0x7fc00000  f1:0x00000000 x27=0x00000000
     127725.000 ns	     12771	80002e2c	c003b1d3	fcvt.w.s	x3,f7	  f7:0x3f800000  x3=0x00000001
     128065.000 ns	     12805	80002e30	19068353	fdiv.s	f6,f13,f16	 f13:0xbf800000 f16:0x4f800000  f6=0xaf000000
     128095.000 ns	     12808	80002e34	d00f9953	fcvt.s.w	f18,x31	 x31:0xffffffff f18=0xbf800000
     128125.000 ns	     12811	80002e38	e00f1f53	fclass.s	x30,f30	 f30:0x80040fe4 x30=0x00000004
     128165.000 ns	     12815	80002e3c	1838bfd3	fdiv.s	f31,f17,f3	 f17:0xffffffff  f3:0x00000000 f31=0x7fc00000
     128195.000 ns	     12818	80002e40	02ffa7b3	mulhsu	x15,x31,x15	 x31:0xffffffff x15:0x00000000 x15=0x00000000
     128225.000 ns	     12821	80002e44	0338a733	mulhsu	x14,x17,x19	 x17:0x80040fe4 x19:0x1710d712 x14=0xf477f228
     128245.000 ns	     12823	80002e48	00c810b3	sll	x1,x16,x12	 x16:0xfcc5839d x12:0x00000000  x1=0xfcc5839d
     128605.000 ns	     12859	80002e4c	031571b3	remu	x3,x10,x17	 x10:0xfffff202 x17:0x80040fe4  x3=0x7ffbe21e
     128625.000 ns	     12861	80002e50	8e725bb7	lui	x23,0x8e725	 x23=0x8e725000
     128665.000 ns	     12865	80002e54	0869fbd3	fsub.s	f23,f19,f6	 f19:0x00000000  f6:0xaf000000 f23=0x2f000000
     128685.000 ns	     12867	80002e58	a695c313	xori	x6,x11,-1431	 x11:0x80041024  x6=0x7ffbea4d
     129045.000 ns	     12903	80002e5c	0283f0b3	remu	x1,x7,x8	  x7:0xfffff800  x8:0x1710d712  x1=0x0246ba3a
     129065.000 ns	     12905	80002e60	00fcd633	srl	x12,x25,x15	 x25:0xfffff800 x15:0x00000000 x12=0xfffff800
     129075.000 ns	     12906	80002e64	00000013	addi	x0,x0,0	  x0:0x00000000
     129095.000 ns	     12908	80002e68	e00b8cd3	fmv.x.w	x25,f23	 f23:0x2f000000 x25=0x2f000000
     129115.000 ns	     12910	80002e6c	a20b9617	auipc	x12,0xa20b9	 x12=0x220bbe6c
     129155.000 ns	     12914	80002e70	00af2bd3	fadd.s	f23,f30,f10	 f30:0x80040fe4 f10:0x7fc00000 f23=0x7fc00000
     129185.000 ns	     12917	80002e74	c00373d3	fcvt.w.s	x7,f6	  f6:0xaf000000  x7=0x00000000
     129235.000 ns	     12922	80002e78	08affe53	fsub.s	f28,f31,f10	 f31:0x7fc00000 f10:0x7fc00000 f28=0x7fc00000
     129605.000 ns	     12959	80002e7c	026d74b3	remu	x9,x26,x6	 x26:0xfffffa02  x6:0x7ffbea4d  x9=0x00082568
     129625.000 ns	     12961	80002e80	01406f33	or	x30,x0,x20	  x0:0x00000000 x20:0x00000000 x30=0x00000000
     129635.000 ns	     12962	80002e84	0048ee33	or	x28,x17,x4	 x17:0x80040fe4  x4:0x00000000 x28=0x80040fe4
     129645.000 ns	     12963	80002e88	b2d74393	xori	x7,x14,-1235	 x14:0xf477f228  x7=0x0b880905
     129655.000 ns	     12964	80002e8c	00df2333	slt	x6,x30,x13	 x30:0x00000000 x13:0x00000000  x6=0x00000000
     129675.000 ns	     12966	80002e90	20ae8c53	fsgnj.s	f24,f29,f10	 f29:0x7fc00000 f10:0x7fc00000 f24=0x7fc00000
     129695.000 ns	     12968	80002e94	439f2e13	slti	x28,x30,1081	 x30:0x00000000 x28=0x00000001
     129715.000 ns	     12970	80002e98	20a2a653	fsgnjx.s	f12,f5,f10	  f5:0x4eff8000 f10:0x7fc00000 f12=0x4eff8000
     129735.000 ns	     12972	80002e9c	00e99d13	slli	x26,x19,0xe	 x19:0x1710d712 x26=0x35c48000
     129755.000 ns	     12974	80002ea0	03b8feb3	remu	x29,x17,x27	 x17:0x80040fe4 x27:0x00000000 x29=0x80040fe4
     129785.000 ns	     12977	80002ea4	e0019b53	fclass.s	x22,f3	  f3:0x00000000 x22=0x00000010
     129815.000 ns	     12980	80002ea8	d011fa53	fcvt.s.wu	f20,x3	  x3:0x7ffbe21e f20=0x4efff7c4
     129845.000 ns	     12983	80002eac	a1981ad3	flt.s	x21,f16,f25	 f16:0x4f800000 f25:0x00000007 x21=0x00000000
     129865.000 ns	     12985	80002eb0	0175b033	sltu	x0,x11,x23	 x11:0x80041024 x23:0x8e725000
     129895.000 ns	     12988	80002eb4	112d7dd3	fmul.s	f27,f26,f18	 f26:0x3f800000 f18:0xbf800000 f27=0xbf800000
     129925.000 ns	     12991	80002eb8	03b7fd33	remu	x26,x15,x27	 x15:0x00000000 x27:0x00000000 x26=0x00000000
     129955.000 ns	     12994	80002ebc	29140f53	fmin.s	f30,f8,f17	  f8:0x7fc00000 f17:0xffffffff f30=0x7fc00000
     129975.000 ns	     12996	80002ec0	40fb57b3	sra	x15,x22,x15	 x22:0x00000010 x15:0x00000000 x15=0x00000010
     129995.000 ns	     12998	80002ec4	210c1e53	fsgnjn.s	f28,f24,f16	 f24:0x7fc00000 f16:0x4f800000 f28=0xffc00000
     130025.000 ns	     13001	80002ec8	035c8333	mul	x6,x25,x21	 x25:0x2f000000 x21:0x00000000  x6=0x00000000
     130055.000 ns	     13004	80002ecc	e00300d3	fmv.x.w	x1,f6	  f6:0xaf000000  x1=0xaf000000
     130075.000 ns	     13006	80002ed0	72ae6093	ori	x1,x28,1834	 x28:0x00000001  x1=0x0000072b
     130115.000 ns	     13010	80002ed4	01099bd3	fadd.s	f23,f19,f16	 f19:0x00000000 f16:0x4f800000 f23=0x4f800000
     130145.000 ns	     13013	80002ed8	e00d9bd3	fclass.s	x23,f27	 f27:0xbf800000 x23=0x00000002
     130165.000 ns	     13015	80002edc	01c7af33	slt	x30,x15,x28	 x15:0x00000010 x28:0x00000001 x30=0x00000000
     130175.000 ns	     13016	80002ee0	0196efb3	or	x31,x13,x25	 x13:0x00000000 x25:0x2f000000 x31=0x2f000000
     130215.000 ns	     13020	80002ee4	019846d3	fadd.s	f13,f16,f25	 f16:0x4f800000 f25:0x00000007 f13=0x4f800000
     130235.000 ns	     13022	80002ee8	d2f52b93	slti	x23,x10,-721	 x10:0xfffff202 x23=0x00000001
     130245.000 ns	     13023	80002eec	67db4413	xori	x8,x22,1661	 x22:0x00000010  x8=0x0000066d
     130255.000 ns	     13024	80002ef0	ef1a3913	sltiu	x18,x20,-271	 x20:0x00000000 x18=0x00000001
     130265.000 ns	     13025	80002ef4	612bc713	xori	x14,x23,1554	 x23:0x00000001 x14=0x00000613
     130275.000 ns	     13026	80002ef8	1ff5aa93	slti	x21,x11,511	 x11:0x80041024 x21=0x00000001
     130295.000 ns	     13028	80002efc	29cf95d3	fmax.s	f11,f31,f28	 f31:0x7fc00000 f28:0xffc00000 f11=0x7fc00000
     130325.000 ns	     13031	80002f00	207ea353	fsgnjx.s	f6,f29,f7	 f29:0x7fc00000  f7:0x3f800000  f6=0x7fc00000
     130355.000 ns	     13034	80002f04	a0a81f53	flt.s	x30,f16,f10	 f16:0x4f800000 f10:0x7fc00000 x30=0x00000000
     130385.000 ns	     13037	80002f08	d01d4653	fcvt.s.wu	f12,x26	 x26:0x00000000 f12=0x00000000
     130415.000 ns	     13040	80002f0c	02ea31b3	mulhu	x3,x20,x14	 x20:0x00000000 x14:0x00000613  x3=0x00000000
     130455.000 ns	     13044	80002f10	58007953	fsqrt.s	f18,f0	  f0:0xffc00000 f18=0x7fc00000
     130475.000 ns	     13046	80002f14	653fce13	xori	x28,x31,1619	 x31:0x2f000000 x28=0x2f000653
     130485.000 ns	     13047	80002f18	17704793	xori	x15,x0,375	  x0:0x00000000 x15=0x00000177
     130505.000 ns	     13049	80002f1c	20679653	fsgnjn.s	f12,f15,f6	 f15:0x80000000  f6:0x7fc00000 f12=0x80000000
     130535.000 ns	     13052	80002f20	0353a033	mulhsu	x0,x7,x21	  x7:0x0b880905 x21:0x00000001
     130555.000 ns	     13054	80002f24	014c2e33	slt	x28,x24,x20	 x24:0x0041bdec x20:0x00000000 x28=0x00000000
     130575.000 ns	     13056	80002f28	a09992d3	flt.s	x5,f19,f9	 f19:0x00000000  f9:0x7fc00000  x5=0x00000000
     130945.000 ns	     13093	80002f2c	0356f6b3	remu	x13,x13,x21	 x13:0x00000000 x21:0x00000001 x13=0x00000000
     130975.000 ns	     13096	80002f30	f0000153	fmv.w.x	f2,x0	  x0:0x00000000  f2=0x00000000
     130995.000 ns	     13098	80002f34	3662b197	auipc	x3,0x3662b	  x3=0xb662df34
     131005.000 ns	     13099	80002f38	a86d4f93	xori	x31,x26,-1402	 x26:0x00000000 x31=0xfffffa86
     131025.000 ns	     13101	80002f3c	e0029a53	fclass.s	x20,f5	  f5:0x4eff8000 x20=0x00000040
     131045.000 ns	     13103	80002f40	a9fa9837	lui	x16,0xa9fa9	 x16=0xa9fa9000
     131065.000 ns	     13105	80002f44	a0038cd3	fle.s	x25,f7,f0	  f7:0x3f800000  f0:0xffc00000 x25=0x00000000
     131095.000 ns	     13108	80002f48	0363b833	mulhu	x16,x7,x22	  x7:0x0b880905 x22:0x00000010 x16=0x00000000
     131125.000 ns	     13111	80002f4c	a141ae53	feq.s	x28,f3,f20	  f3:0x00000000 f20:0x4efff7c4 x28=0x00000000
     131155.000 ns	     13114	80002f50	e00417d3	fclass.s	x15,f8	  f8:0x7fc00000 x15=0x00000200
     131175.000 ns	     13116	80002f54	01fa5db3	srl	x27,x20,x31	 x20:0x00000040 x31:0xfffffa86 x27=0x00000001
     131195.000 ns	     13118	80002f58	e00d1d53	fclass.s	x26,f26	 f26:0x3f800000 x26=0x00000040
     131215.000 ns	     13120	80002f5c	40a9deb3	sra	x29,x19,x10	 x19:0x1710d712 x10:0xfffff202 x29=0x05c435c4
     131235.000 ns	     13122	80002f60	e0070c53	fmv.x.w	x24,f14	 f14:0x7fc00000 x24=0x7fc00000
     131255.000 ns	     13124	80002f64	a7fa9d97	auipc	x27,0xa7fa9	 x27=0x27fabf64
     131265.000 ns	     13125	80002f68	c89bf293	andi	x5,x23,-887	 x23:0x00000001  x5=0x00000001
     131275.000 ns	     13126	80002f6c	5335ae13	slti	x28,x11,1331	 x11:0x80041024 x28=0x00000001
     131295.000 ns	     13128	80002f70	291b98d3	fmax.s	f17,f23,f17	 f23:0x4f800000 f17:0xffffffff f17=0x4f800000
     131315.000 ns	     13130	80002f74	e291be37	lui	x28,0xe291b	 x28=0xe291b000
     131325.000 ns	     13131	80002f78	fde50b13	addi	x22,x10,-34	 x10:0xfffff202 x22=0xfffff1e0
     131335.000 ns	     13132	80002f7c	01ca7033	and	x0,x20,x28	 x20:0x00000040 x28:0x00000001
     131355.000 ns	     13134	80002f80	d0144653	fcvt.s.wu	f12,x8	  x8:0x0000066d f12=0x44cda000
     131375.000 ns	     13136	80002f84	eda9af93	slti	x31,x19,-294	 x19:0x1710d712 x31=0x00000000
     131385.000 ns	     13137	80002f88	01a170b3	and	x1,x2,x26	  x2:0x00000000 x26:0x00000040  x1=0x00000000
     131425.000 ns	     13141	80002f8c	01007853	fadd.s	f16,f0,f16	  f0:0xffc00000 f16:0x4f800000 f16=0x7fc00000
     131445.000 ns	     13143	80002f90	00000013	addi	x0,x0,0	  x0:0x00000000
     131475.000 ns	     13146	80002f94	19cf1ed3	fdiv.s	f29,f30,f28	 f30:0x7fc00000 f28:0xffc00000 f29=0x7fc00000
     131505.000 ns	     13149	80002f98	d0023ed3	fcvt.s.w	f29,x4	  x4:0x00000000 f29=0x00000000
     131535.000 ns	     13152	80002f9c	028482b3	mul	x5,x9,x8	  x9:0x00082568  x8:0x0000066d  x5=0x34585d48
     131555.000 ns	     13154	80002fa0	01a29793	slli	x15,x5,0x1a	  x5:0x00000001 x15=0x20000000
     131565.000 ns	     13155	80002fa4	01b2e633	or	x12,x5,x27	  x5:0x34585d48 x27:0x27fabf64 x12=0x37faff6c
     131585.000 ns	     13157	80002fa8	02ca3133	mulhu	x2,x20,x12	 x20:0x00000040 x12:0x220bbe6c  x2=0x0000000d
     131605.000 ns	     13159	80002fac	405d5913	srai	x18,x26,0x5	 x26:0x00000040 x18=0x00000002
     131645.000 ns	     13163	80002fb0	08e77e53	fsub.s	f28,f14,f14	 f14:0x7fc00000 f14:0x7fc00000 f28=0x7fc00000
     131685.000 ns	     13167	80002fb4	11087953	fmul.s	f18,f16,f16	 f16:0x7fc00000 f16:0x7fc00000 f18=0x7fc00000
     132055.000 ns	     13204	80002fb8	03b9fbb3	remu	x23,x19,x27	 x19:0x1710d712 x27:0x27fabf64 x23=0x1710d712
     132075.000 ns	     13206	80002fbc	015de033	or	x0,x27,x21	 x27:0x27fabf64 x21:0x00000001
     132085.000 ns	     13207	80002fc0	00e22bb3	slt	x23,x4,x14	  x4:0x00000000 x14:0x00000613 x23=0x00000001
     132105.000 ns	     13209	80002fc4	e0048b53	fmv.x.w	x22,f9	  f9:0x7fc00000 x22=0x7fc00000
     132135.000 ns	     13212	80002fc8	21ca9953	fsgnjn.s	f18,f21,f28	 f21:0x00000000 f28:0x7fc00000 f18=0x80000000
     132165.000 ns	     13215	80002fcc	c0059a53	fcvt.w.s	x20,f11	 f11:0x7fc00000 x20=0x7fffffff
     132185.000 ns	     13217	80002fd0	a4dc7513	andi	x10,x24,-1459	 x24:0x7fc00000 x10=0x7fc00000
     132195.000 ns	     13218	80002fd4	95a7ceb7	lui	x29,0x95a7c	 x29=0x95a7c000
     132205.000 ns	     13219	80002fd8	8f9ac413	xori	x8,x21,-1799	 x21:0x00000001  x8=0xfffff8f8
     132565.000 ns	     13255	80002fdc	025a4133	div	x2,x20,x5	 x20:0x7fffffff  x5:0x34585d48  x2=0x00000002
     132585.000 ns	     13257	80002fe0	01feb733	sltu	x14,x29,x31	 x29:0x95a7c000 x31:0x00000000 x14=0x00000000
     132605.000 ns	     13259	80002fe4	e00c1ed3	fclass.s	x29,f24	 f24:0x7fc00000 x29=0x00000200
     132635.000 ns	     13262	80002fe8	21182253	fsgnjx.s	f4,f16,f17	 f16:0x7fc00000 f17:0x4f800000  f4=0x7fc00000
     132685.000 ns	     13267	80002fec	0800b153	fsub.s	f2,f1,f0	  f1:0x00000000  f0:0xffc00000  f2=0x7fc00000
     132735.000 ns	     13272	80002ff0	0981fa53	fsub.s	f20,f3,f24	  f3:0x00000000 f24:0x7fc00000 f20=0x7fc00000
     132755.000 ns	     13274	80002ff4	009bccb3	xor	x25,x23,x9	 x23:0x00000001  x9:0x00082568 x25=0x00082569
     132765.000 ns	     13275	80002ff8	07b80293	addi	x5,x16,123	 x16:0x00000000  x5=0x0000007b
     132775.000 ns	     13276	80002ffc	3d717e17	auipc	x28,0x3d717	 x28=0xbd719ffc
     132785.000 ns	     13277	80003000	8e592793	slti	x15,x18,-1819	 x18:0x00000002 x15=0x00000000
     132795.000 ns	     13278	80003004	0ad7b413	sltiu	x8,x15,173	 x15:0x20000000  x8=0x00000001
     132825.000 ns	     13281	80003008	193a7a53	fdiv.s	f20,f20,f19	 f20:0x7fc00000 f19:0x00000000 f20=0x7fc00000
     132845.000 ns	     13283	8000300c	65782e93	slti	x29,x16,1623	 x16:0x00000000 x29=0x00000001
     132865.000 ns	     13285	80003010	28c30dd3	fmin.s	f27,f6,f12	  f6:0x7fc00000 f12:0x44cda000 f27=0x44cda000
     132885.000 ns	     13287	80003014	40e78bb3	sub	x23,x15,x14	 x15:0x00000000 x14:0x00000000 x23=0x00000000
     132905.000 ns	     13289	80003018	039413b3	mulh	x7,x8,x25	  x8:0x00000001 x25:0x00082569  x7=0x00000000
     132925.000 ns	     13291	8000301c	41f68b33	sub	x22,x13,x31	 x13:0x00000000 x31:0x00000000 x22=0x00000000
     132935.000 ns	     13292	80003020	919c2d13	slti	x26,x24,-1767	 x24:0x7fc00000 x26=0x00000000
     132945.000 ns	     13293	80003024	e3e70413	addi	x8,x14,-450	 x14:0x00000000  x8=0xfffffe3e
     132955.000 ns	     13294	80003028	6c03fe13	andi	x28,x7,1728	  x7:0x00000000 x28=0x00000000
     132975.000 ns	     13296	8000302c	295992d3	fmax.s	f5,f19,f21	 f19:0x00000000 f21:0x00000000  f5=0x00000000
     133005.000 ns	     13299	80003030	02e3a833	mulhsu	x16,x7,x14	  x7:0x00000000 x14:0x00000000 x16=0x00000000
     133035.000 ns	     13302	80003034	02627533	remu	x10,x4,x6	  x4:0x00000000  x6:0x00000000 x10=0x00000000
     133065.000 ns	     13305	80003038	a10704d3	fle.s	x9,f14,f16	 f14:0x7fc00000 f16:0x7fc00000  x9=0x00000000
     133085.000 ns	     13307	8000303c	41435cb3	sra	x25,x6,x20	  x6:0x00000000 x20:0x7fffffff x25=0x00000000
     133105.000 ns	     13309	80003040	a1b49553	flt.s	x10,f9,f27	  f9:0x7fc00000 f27:0x44cda000 x10=0x00000000
     133145.000 ns	     13313	80003044	196a7253	fdiv.s	f4,f20,f22	 f20:0x7fc00000 f22:0x80000000  f4=0x7fc00000
     133175.000 ns	     13316	80003048	f0068053	fmv.w.x	f0,x13	 x13:0x00000000  f0=0x00000000
     133195.000 ns	     13318	8000304c	00536eb3	or	x29,x6,x5	  x6:0x00000000  x5:0x0000007b x29=0x0000007b
     133215.000 ns	     13320	80003050	c00b7c53	fcvt.w.s	x24,f22	 f22:0x80000000 x24=0x00000000
     133245.000 ns	     13323	80003054	21b61d53	fsgnjn.s	f26,f12,f27	 f12:0x44cda000 f27:0x44cda000 f26=0xc4cda000
     133275.000 ns	     13326	80003058	20e895d3	fsgnjn.s	f11,f17,f14	 f17:0x4f800000 f14:0x7fc00000 f11=0xcf800000
     133305.000 ns	     13329	8000305c	28ed8653	fmin.s	f12,f27,f14	 f27:0x44cda000 f14:0x7fc00000 f12=0x44cda000
     133335.000 ns	     13332	80003060	20dc07d3	fsgnj.s	f15,f24,f13	 f24:0x7fc00000 f13:0x4f800000 f15=0x7fc00000
     133365.000 ns	     13335	80003064	a1fb2053	feq.s	x0,f22,f31	 f22:0x80000000 f31:0x7fc00000
     133385.000 ns	     13337	80003068	00405313	srli	x6,x0,0x4	  x0:0x00000000  x6=0x00000000
     133425.000 ns	     13341	8000306c	08827653	fsub.s	f12,f4,f8	  f4:0x7fc00000  f8:0x7fc00000 f12=0x7fc00000
     133795.000 ns	     13378	80003070	0254f4b3	remu	x9,x9,x5	  x9:0x00000000  x5:0x0000007b  x9=0x00000000
     133825.000 ns	     13381	80003074	a1620bd3	fle.s	x23,f4,f22	  f4:0x7fc00000 f22:0x80000000 x23=0x00000000
     133855.000 ns	     13384	80003078	02975ab3	divu	x21,x14,x9	 x14:0x00000000  x9:0x00000000 x21=0xffffffff
     133875.000 ns	     13386	8000307c	2f31cb93	xori	x23,x3,755	  x3:0xb662df34 x23=0xb662ddc7
     134235.000 ns	     13422	80003080	037754b3	divu	x9,x14,x23	 x14:0x00000000 x23:0x00000000  x9=0x00000000
     134265.000 ns	     13425	80003084	29d51bd3	fmax.s	f23,f10,f29	 f10:0x7fc00000 f29:0x00000000 f23=0x00000000
     134295.000 ns	     13428	80003088	21560d53	fsgnj.s	f26,f12,f21	 f12:0x7fc00000 f21:0x00000000 f26=0x7fc00000
     134315.000 ns	     13430	8000308c	001291b3	sll	x3,x5,x1	  x5:0x0000007b  x1:0x00000000  x3=0x0000007b
     134335.000 ns	     13432	80003090	d01cc4d3	fcvt.s.wu	f9,x25	 x25:0x00000000  f9=0x00000000
     134365.000 ns	     13435	80003094	21b69b53	fsgnjn.s	f22,f13,f27	 f13:0x4f800000 f27:0x44cda000 f22=0xcf800000
     134395.000 ns	     13438	80003098	a0be2653	feq.s	x12,f28,f11	 f28:0x7fc00000 f11:0xcf800000 x12=0x00000000
     134415.000 ns	     13440	8000309c	015d0e33	add	x28,x26,x21	 x26:0x00000000 x21:0xffffffff x28=0xffffffff
     134435.000 ns	     13442	800030a0	0389f2b3	remu	x5,x19,x24	 x19:0x1710d712 x24:0x00000000  x5=0x1710d712
     134455.000 ns	     13444	800030a4	59faef93	ori	x31,x21,1439	 x21:0xffffffff x31=0xffffffff
     134495.000 ns	     13448	800030a8	08674ad3	fsub.s	f21,f14,f6	 f14:0x7fc00000  f6:0x7fc00000 f21=0x7fc00000
     134525.000 ns	     13451	800030ac	03bb8333	mul	x6,x23,x27	 x23:0xb662ddc7 x27:0x27fabf64  x6=0xe76c1abc
     134545.000 ns	     13453	800030b0	1abca293	slti	x5,x25,427	 x25:0x00000000  x5=0x00000001
     134565.000 ns	     13455	800030b4	03b130b3	mulhu	x1,x2,x27	  x2:0x00000002 x27:0x27fabf64  x1=0x00000000
     134605.000 ns	     13459	800030b8	5805ff53	fsqrt.s	f30,f11	 f11:0xcf800000 f30=0x7fc00000
     134625.000 ns	     13461	800030bc	9aa57493	andi	x9,x10,-1622	 x10:0x00000000  x9=0x00000000
     134645.000 ns	     13463	800030c0	c01a1e53	fcvt.wu.s	x28,f20	 f20:0x7fc00000 x28=0xffffffff
     134695.000 ns	     13468	800030c4	090a0dd3	fsub.s	f27,f20,f16	 f20:0x7fc00000 f16:0x7fc00000 f27=0x7fc00000
     134725.000 ns	     13471	800030c8	a1fa8753	fle.s	x14,f21,f31	 f21:0x7fc00000 f31:0x7fc00000 x14=0x00000000
     134745.000 ns	     13473	800030cc	01247fb3	and	x31,x8,x18	  x8:0xfffffe3e x18:0x00000002 x31=0x00000002
     134765.000 ns	     13475	800030d0	02a65b33	divu	x22,x12,x10	 x12:0x00000000 x10:0x00000000 x22=0xffffffff
     134795.000 ns	     13478	800030d4	e0000e53	fmv.x.w	x28,f0	  f0:0x00000000 x28=0x00000000
     135165.000 ns	     13515	800030d8	035740b3	div	x1,x14,x21	 x14:0x00000000 x21:0xffffffff  x1=0x00000000
     135535.000 ns	     13552	800030dc	033ff333	remu	x6,x31,x19	 x31:0x00000002 x19:0x1710d712  x6=0x00000002
     135565.000 ns	     13555	800030e0	c0147253	fcvt.wu.s	x4,f8	  f8:0x7fc00000  x4=0xffffffff
     135595.000 ns	     13558	800030e4	21d2ae53	fsgnjx.s	f28,f5,f29	  f5:0x00000000 f29:0x00000000 f28=0x00000000
     135635.000 ns	     13562	800030e8	110fa653	fmul.s	f12,f31,f16	 f31:0x7fc00000 f16:0x7fc00000 f12=0x7fc00000
     136005.000 ns	     13599	800030ec	037a5133	divu	x2,x20,x23	 x20:0x7fffffff x23:0xb662ddc7  x2=0x00000000
     136025.000 ns	     13601	800030f0	41cc8bb3	sub	x23,x25,x28	 x25:0x00000000 x28:0x00000000 x23=0x00000000
     136055.000 ns	     13604	800030f4	11cfbfd3	fmul.s	f31,f31,f28	 f31:0x7fc00000 f28:0x00000000 f31=0x7fc00000
     136075.000 ns	     13606	800030f8	017b1f93	slli	x31,x22,0x17	 x22:0xffffffff x31=0xff800000
     136095.000 ns	     13608	800030fc	a14212d3	flt.s	x5,f4,f20	  f4:0x7fc00000 f20:0x7fc00000  x5=0x00000000
     136115.000 ns	     13610	80003100	011531b3	sltu	x3,x10,x17	 x10:0x00000000 x17:0x80040fe4  x3=0x00000001
     136135.000 ns	     13612	80003104	a0eba453	feq.s	x8,f23,f14	 f23:0x00000000 f14:0x7fc00000  x8=0x00000000
     136175.000 ns	     13616	80003108	1818f053	fdiv.s	f0,f17,f1	 f17:0x4f800000  f1:0x00000000  f0=0x7f800000
     136195.000 ns	     13618	8000310c	00000013	addi	x0,x0,0	  x0:0x00000000
     136235.000 ns	     13622	80003110	081c4a53	fsub.s	f20,f24,f1	 f24:0x7fc00000  f1:0x00000000 f20=0x7fc00000
     136265.000 ns	     13625	80003114	03eff1b3	remu	x3,x31,x30	 x31:0xff800000 x30:0x00000000  x3=0xff800000
     136285.000 ns	     13627	80003118	014e3633	sltu	x12,x28,x20	 x28:0x00000000 x20:0x7fffffff x12=0x00000001
     136305.000 ns	     13629	8000311c	e0068453	fmv.x.w	x8,f13	 f13:0x4f800000  x8=0x4f800000
     136335.000 ns	     13632	80003120	e00b0453	fmv.x.w	x8,f22	 f22:0xcf800000  x8=0xcf800000
     136355.000 ns	     13634	80003124	4198d233	sra	x4,x17,x25	 x17:0x80040fe4 x25:0x00000000  x4=0x80040fe4
     136365.000 ns	     13635	80003128	412c5b33	sra	x22,x24,x18	 x24:0x00000000 x18:0x00000002 x22=0x00000000
     136395.000 ns	     13638	8000312c	193a1dd3	fdiv.s	f27,f20,f19	 f20:0x7fc00000 f19:0x00000000 f27=0x7fc00000
     136425.000 ns	     13641	80003130	20881953	fsgnjn.s	f18,f16,f8	 f16:0x7fc00000  f8:0x7fc00000 f18=0xffc00000
     136445.000 ns	     13643	80003134	0173b933	sltu	x18,x7,x23	  x7:0x00000000 x23:0x00000000 x18=0x00000000
     136485.000 ns	     13647	80003138	09447153	fsub.s	f2,f8,f20	  f8:0x7fc00000 f20:0x7fc00000  f2=0x7fc00000
     136515.000 ns	     13650	8000313c	a1eba253	feq.s	x4,f23,f30	 f23:0x00000000 f30:0x7fc00000  x4=0x00000000
     136535.000 ns	     13652	80003140	16e03813	sltiu	x16,x0,366	  x0:0x00000000 x16=0x00000001
     136545.000 ns	     13653	80003144	c35fff13	andi	x30,x31,-971	 x31:0xff800000 x30=0xff800000
     136555.000 ns	     13654	80003148	780fa813	slti	x16,x31,1920	 x31:0xff800000 x16=0x00000001
     136585.000 ns	     13657	8000314c	1156f7d3	fmul.s	f15,f13,f21	 f13:0x4f800000 f21:0x7fc00000 f15=0x7fc00000
     136605.000 ns	     13659	80003150	00000013	addi	x0,x0,0	  x0:0x00000000
     136635.000 ns	     13662	80003154	18a873d3	fdiv.s	f7,f16,f10	 f16:0x7fc00000 f10:0x7fc00000  f7=0x7fc00000
     136655.000 ns	     13664	80003158	00f85f93	srli	x31,x16,0xf	 x16:0x00000001 x31=0x00000000
     136675.000 ns	     13666	8000315c	a05c0cd3	fle.s	x25,f24,f5	 f24:0x7fc00000  f5:0x00000000 x25=0x00000000
     136695.000 ns	     13668	80003160	015c62b3	or	x5,x24,x21	 x24:0x00000000 x21:0xffffffff  x5=0xffffffff
     136715.000 ns	     13670	80003164	a1c48ad3	fle.s	x21,f9,f28	  f9:0x00000000 f28:0x00000000 x21=0x00000001
     136735.000 ns	     13672	80003168	017f1cb3	sll	x25,x30,x23	 x30:0xff800000 x23:0x00000000 x25=0xff800000
     136755.000 ns	     13674	8000316c	d01bf053	fcvt.s.wu	f0,x23	 x23:0x00000000  f0=0x00000000
     136785.000 ns	     13677	80003170	027e1433	mulh	x8,x28,x7	 x28:0x00000000  x7:0x00000000  x8=0x00000000
     136805.000 ns	     13679	80003174	41d75193	srai	x3,x14,0x1d	 x14:0x00000000  x3=0x00000000
     136825.000 ns	     13681	80003178	d00647d3	fcvt.s.w	f15,x12	 x12:0x00000001 f15=0x3f800000
     136855.000 ns	     13684	8000317c	28d693d3	fmax.s	f7,f13,f13	 f13:0x4f800000 f13:0x4f800000  f7=0x4f800000
     136885.000 ns	     13687	80003180	03815033	divu	x0,x2,x24	  x2:0x00000000 x24:0x00000000
     136905.000 ns	     13689	80003184	01909b13	slli	x22,x1,0x19	  x1:0x00000000 x22=0x00000000
     136935.000 ns	     13692	80003188	58087c53	fsqrt.s	f24,f16	 f16:0x7fc00000 f24=0x7fc00000
     137305.000 ns	     13729	8000318c	0263d333	divu	x6,x7,x6	  x7:0x00000000  x6:0x00000002  x6=0x00000000
     137325.000 ns	     13731	80003190	00518533	add	x10,x3,x5	  x3:0x00000000  x5:0xffffffff x10=0xffffffff
     137345.000 ns	     13733	80003194	033bb833	mulhu	x16,x23,x19	 x23:0x00000000 x19:0x1710d712 x16=0x00000000
     137375.000 ns	     13736	80003198	d00979d3	fcvt.s.w	f19,x18	 x18:0x00000000 f19=0x00000000
     137745.000 ns	     13773	8000319c	03447533	remu	x10,x8,x20	  x8:0x00000000 x20:0x7fffffff x10=0x00000000
     137785.000 ns	     13777	800031a0	58030953	fsqrt.s	f18,f6	  f6:0x7fc00000 f18=0x7fc00000
     137815.000 ns	     13780	800031a4	0264c2b3	div	x5,x9,x6	  x9:0x00000000  x6:0x00000000  x5=0xffffffff
     137835.000 ns	     13782	800031a8	23cefb13	andi	x22,x29,572	 x29:0x0000007b x22=0x00000038
     137855.000 ns	     13784	800031ac	03e00733	mul	x14,x0,x30	  x0:0x00000000 x30:0xff800000 x14=0x00000000
     137905.000 ns	     13789	800031b0	08a37d53	fsub.s	f26,f6,f10	  f6:0x7fc00000 f10:0x7fc00000 f26=0x7fc00000
     137925.000 ns	     13791	800031b4	00927f33	and	x30,x4,x9	  x4:0x00000000  x9:0x00000000 x30=0x00000000
     137945.000 ns	     13793	800031b8	299782d3	fmin.s	f5,f15,f25	 f15:0x3f800000 f25:0x00000007  f5=0x00000007
     137975.000 ns	     13796	800031bc	21fe8cd3	fsgnj.s	f25,f29,f31	 f29:0x00000000 f31:0x7fc00000 f25=0x00000000
     137995.000 ns	     13798	800031c0	3aee3513	sltiu	x10,x28,942	 x28:0x00000000 x10=0x00000001
     138005.000 ns	     13799	800031c4	00f06333	or	x6,x0,x15	  x0:0x00000000 x15:0x00000000  x6=0x00000000
     138025.000 ns	     13801	800031c8	f0040f53	fmv.w.x	f30,x8	  x8:0x00000000 f30=0x00000000
     138055.000 ns	     13804	800031cc	032093b3	mulh	x7,x1,x18	  x1:0x00000000 x18:0x00000000  x7=0x00000000
     138085.000 ns	     13807	800031d0	29480d53	fmin.s	f26,f16,f20	 f16:0x7fc00000 f20:0x7fc00000 f26=0x7fc00000
     138105.000 ns	     13809	800031d4	013e26b3	slt	x13,x28,x19	 x28:0x00000000 x19:0x1710d712 x13=0x00000001
     138115.000 ns	     13810	800031d8	41ac0533	sub	x10,x24,x26	 x24:0x00000000 x26:0x00000000 x10=0x00000000
     138125.000 ns	     13811	800031dc	41685fb3	sra	x31,x16,x22	 x16:0x00000000 x22:0x00000038 x31=0x00000000
     138135.000 ns	     13812	800031e0	60e17693	andi	x13,x2,1550	  x2:0x00000000 x13=0x00000000
     138155.000 ns	     13814	800031e4	d00d1e53	fcvt.s.w	f28,x26	 x26:0x00000000 f28=0x00000000
     138185.000 ns	     13817	800031e8	d010afd3	fcvt.s.wu	f31,x1	  x1:0x00000000 f31=0x00000000
     138215.000 ns	     13820	800031ec	03c204b3	mul	x9,x4,x28	  x4:0x00000000 x28:0x00000000  x9=0x00000000
     138235.000 ns	     13822	800031f0	d1f82f93	slti	x31,x16,-737	 x16:0x00000000 x31=0x00000000
     138245.000 ns	     13823	800031f4	00494033	xor	x0,x18,x4	 x18:0x00000000  x4:0x00000000
     138265.000 ns	     13825	800031f8	a0e49b53	flt.s	x22,f9,f14	  f9:0x00000000 f14:0x7fc00000 x22=0x00000000
     138295.000 ns	     13828	800031fc	c00776d3	fcvt.w.s	x13,f14	 f14:0x7fc00000 x13=0x7fffffff
     138325.000 ns	     13831	80003200	a1da8c53	fle.s	x24,f21,f29	 f21:0x7fc00000 f29:0x00000000 x24=0x00000000
     138345.000 ns	     13833	80003204	0082b933	sltu	x18,x5,x8	  x5:0xffffffff  x8:0x00000000 x18=0x00000000
     138355.000 ns	     13834	80003208	014817b3	sll	x15,x16,x20	 x16:0x00000000 x20:0x7fffffff x15=0x00000000
     138375.000 ns	     13836	8000320c	d00cc953	fcvt.s.w	f18,x25	 x25:0xff800000 f18=0xcb000000
     138415.000 ns	     13840	80003210	103baf53	fmul.s	f30,f23,f3	 f23:0x00000000  f3:0x00000000 f30=0x00000000
     138445.000 ns	     13843	80003214	0378efb3	rem	x31,x17,x23	 x17:0x80040fe4 x23:0x00000000 x31=0x80040fe4
     138485.000 ns	     13847	80003218	198e9e53	fdiv.s	f28,f29,f24	 f29:0x00000000 f24:0x7fc00000 f28=0x7fc00000
     138505.000 ns	     13849	8000321c	00ad70b3	and	x1,x26,x10	 x26:0x00000000 x10:0x00000000  x1=0x00000000
     138515.000 ns	     13850	80003220	ec37f513	andi	x10,x15,-317	 x15:0x00000000 x10=0x00000000
     138525.000 ns	     13851	80003224	00951e13	slli	x28,x10,0x9	 x10:0x00000000 x28=0x00000000
     138545.000 ns	     13853	80003228	03453d33	mulhu	x26,x10,x20	 x10:0x00000000 x20:0x7fffffff x26=0x00000000
     138915.000 ns	     13890	8000322c	031be833	rem	x16,x23,x17	 x23:0x00000000 x17:0x80040fe4 x16=0x00000000
     138945.000 ns	     13893	80003230	e00b9dd3	fclass.s	x27,f23	 f23:0x00000000 x27=0x00000010
     140125.000 ns	     14011	80003234	5808fed3	fsqrt.s	f29,f17	 f17:0x4f800000 f29=0x477fffae
     140145.000 ns	     14013	80003238	41d30eb3	sub	x29,x6,x29	  x6:0x00000000 x29:0x0000007b x29=0xffffff85
     140165.000 ns	     14015	8000323c	a0ba8bd3	fle.s	x23,f21,f11	 f21:0x7fc00000 f11:0xcf800000 x23=0x00000000
     140185.000 ns	     14017	80003240	00c43133	sltu	x2,x8,x12	  x8:0x00000000 x12:0x00000001  x2=0x00000001
     140195.000 ns	     14018	80003244	b9ca8413	addi	x8,x21,-1124	 x21:0x00000001  x8=0xfffffb9d
     140205.000 ns	     14019	80003248	40c85e93	srai	x29,x16,0xc	 x16:0x00000000 x29=0x00000000
     140215.000 ns	     14020	8000324c	7656c713	xori	x14,x13,1893	 x13:0x7fffffff x14=0x7ffff89a
     140235.000 ns	     14022	80003250	f00084d3	fmv.w.x	f9,x1	  x1:0x00000000  f9=0x00000000
     140265.000 ns	     14025	80003254	c00ef3d3	fcvt.w.s	x7,f29	 f29:0x477fffae  x7=0x0000ffff
     140305.000 ns	     14029	80003258	1116fa53	fmul.s	f20,f13,f17	 f13:0x4f800000 f17:0x4f800000 f20=0x5f800000
     140345.000 ns	     14033	8000325c	19064b53	fdiv.s	f22,f12,f16	 f12:0x7fc00000 f16:0x7fc00000 f22=0x7fc00000
     140395.000 ns	     14038	80003260	09f67553	fsub.s	f10,f12,f31	 f12:0x7fc00000 f31:0x00000000 f10=0x7fc00000
     140415.000 ns	     14040	80003264	009c31b3	sltu	x3,x24,x9	 x24:0x00000000  x9:0x00000000  x3=0x00000000
     140425.000 ns	     14041	80003268	01a84633	xor	x12,x16,x26	 x16:0x00000000 x26:0x00000000 x12=0x00000000
     140445.000 ns	     14043	8000326c	0217b833	mulhu	x16,x15,x1	 x15:0x00000000  x1:0x00000000 x16=0x00000000
     140465.000 ns	     14045	80003270	b6730913	addi	x18,x6,-1177	  x6:0x00000000 x18=0xfffffb67
     140475.000 ns	     14046	80003274	a42c2793	slti	x15,x24,-1470	 x24:0x00000000 x15=0x00000000
     140485.000 ns	     14047	80003278	401bd213	srai	x4,x23,0x1	 x23:0x00000000  x4=0x00000000
     140845.000 ns	     14083	8000327c	035fe833	rem	x16,x31,x21	 x31:0x80040fe4 x21:0x00000001 x16=0x00000000
     140895.000 ns	     14088	80003280	0993f153	fsub.s	f2,f7,f25	  f7:0x4f800000 f25:0x00000000  f2=0x4f800000
     140915.000 ns	     14090	80003284	00513233	sltu	x4,x2,x5	  x2:0x00000001  x5:0xffffffff  x4=0x00000001
     140935.000 ns	     14092	80003288	02d62db3	mulhsu	x27,x12,x13	 x12:0x00000000 x13:0x7fffffff x27=0x00000000
     140955.000 ns	     14094	8000328c	012e0833	add	x16,x28,x18	 x28:0x00000000 x18:0xfffffb67 x16=0xfffffb67
     140965.000 ns	     14095	80003290	0187b433	sltu	x8,x15,x24	 x15:0x00000000 x24:0x00000000  x8=0x00000000
     140985.000 ns	     14097	80003294	038394b3	mulh	x9,x7,x24	  x7:0x0000ffff x24:0x00000000  x9=0x00000000
     141015.000 ns	     14100	80003298	03331b33	mulh	x22,x6,x19	  x6:0x00000000 x19:0x1710d712 x22=0x00000000
     141035.000 ns	     14102	8000329c	5df72f93	slti	x31,x14,1503	 x14:0x7ffff89a x31=0x00000000
     141395.000 ns	     14138	800032a0	03444333	div	x6,x8,x20	  x8:0x00000000 x20:0x7fffffff  x6=0x00000000
     141435.000 ns	     14142	800032a4	5809ced3	fsqrt.s	f29,f19	 f19:0x00000000 f29=0x00000000
     141455.000 ns	     14144	800032a8	a41d4193	xori	x3,x26,-1471	 x26:0x00000000  x3=0xfffffa41
     141465.000 ns	     14145	800032ac	00000013	addi	x0,x0,0	  x0:0x00000000
     141475.000 ns	     14146	800032b0	4058d693	srai	x13,x17,0x5	 x17:0x80040fe4 x13=0xfc00207f
     141485.000 ns	     14147	800032b4	0054ba33	sltu	x20,x9,x5	  x9:0x00000000  x5:0xffffffff x20=0x00000001
     141495.000 ns	     14148	800032b8	4156d793	srai	x15,x13,0x15	 x13:0x7fffffff x15=0xffffffe0
     141535.000 ns	     14152	800032bc	09177953	fsub.s	f18,f14,f17	 f14:0x7fc00000 f17:0x4f800000 f18=0x7fc00000
     141575.000 ns	     14156	800032c0	58067ed3	fsqrt.s	f29,f12	 f12:0x7fc00000 f29=0x7fc00000
     141605.000 ns	     14159	800032c4	d0077453	fcvt.s.w	f8,x14	 x14:0x7ffff89a  f8=0x4efffff1
     141635.000 ns	     14162	800032c8	c0083353	fcvt.w.s	x6,f16	 f16:0x7fc00000  x6=0x7fffffff
     141655.000 ns	     14164	800032cc	8e3af313	andi	x6,x21,-1821	 x21:0x00000001  x6=0x00000001
     141665.000 ns	     14165	800032d0	40275313	srai	x6,x14,0x2	 x14:0x7ffff89a  x6=0x1ffffe26
     141685.000 ns	     14167	800032d4	d00df953	fcvt.s.w	f18,x27	 x27:0x00000000 f18=0x00000000
     141735.000 ns	     14172	800032d8	00b04d53	fadd.s	f26,f0,f11	  f0:0x00000000 f11:0xcf800000 f26=0xcf800000
     141765.000 ns	     14175	800032dc	025802b3	mul	x5,x16,x5	 x16:0xfffffb67  x5:0xffffffff  x5=0x00000499
     141785.000 ns	     14177	800032e0	01961033	sll	x0,x12,x25	 x12:0x00000000 x25:0xff800000
     141805.000 ns	     14179	800032e4	02ae5733	divu	x14,x28,x10	 x28:0x00000000 x10:0x00000000 x14=0xffffffff
     141825.000 ns	     14181	800032e8	70eae013	ori	x0,x21,1806	 x21:0x00000001
     141845.000 ns	     14183	800032ec	209a05d3	fsgnj.s	f11,f20,f9	 f20:0x5f800000  f9:0x00000000 f11=0x5f800000
     141865.000 ns	     14185	800032f0	01273f33	sltu	x30,x14,x18	 x14:0xffffffff x18:0xfffffb67 x30=0x00000000
     141885.000 ns	     14187	800032f4	02b40533	mul	x10,x8,x11	  x8:0x00000000 x11:0x80041024 x10=0x00000000
     141905.000 ns	     14189	800032f8	4ea0e097	auipc	x1,0x4ea0e	  x1=0xcea112f8
     141915.000 ns	     14190	800032fc	41f101b3	sub	x3,x2,x31	  x2:0x00000001 x31:0x00000000  x3=0x00000001
     141925.000 ns	     14191	80003300	41b35233	sra	x4,x6,x27	  x6:0x1ffffe26 x27:0x00000000  x4=0x1ffffe26
     141945.000 ns	     14193	80003304	e00407d3	fmv.x.w	x15,f8	  f8:0x4efffff1 x15=0x4efffff1
     141975.000 ns	     14196	80003308	28130dd3	fmin.s	f27,f6,f1	  f6:0x7fc00000  f1:0x00000000 f27=0x00000000
     142015.000 ns	     14200	8000330c	10842fd3	fmul.s	f31,f8,f8	  f8:0x4efffff1  f8:0x4efffff1 f31=0x5e7fffe2
     142045.000 ns	     14203	80003310	c01b0a53	fcvt.wu.s	x20,f22	 f22:0x7fc00000 x20=0xffffffff
     142065.000 ns	     14205	80003314	00000013	addi	x0,x0,0	  x0:0x00000000
     142095.000 ns	     14208	80003318	198124d3	fdiv.s	f9,f2,f24	  f2:0x4f800000 f24:0x7fc00000  f9=0x7fc00000
     142125.000 ns	     14211	8000331c	c01f83d3	fcvt.wu.s	x7,f31	 f31:0x5e7fffe2  x7=0xffffffff
     142155.000 ns	     14214	80003320	e00b80d3	fmv.x.w	x1,f23	 f23:0x00000000  x1=0x00000000
     142175.000 ns	     14216	80003324	5e53c493	xori	x9,x7,1509	  x7:0xffffffff  x9=0xfffffa1a
     142185.000 ns	     14217	80003328	4b48c393	xori	x7,x17,1204	 x17:0x80040fe4  x7=0x80040b50
     142195.000 ns	     14218	8000332c	00000013	addi	x0,x0,0	  x0:0x00000000
     142225.000 ns	     14221	80003330	10587bd3	fmul.s	f23,f16,f5	 f16:0x7fc00000  f5:0x00000007 f23=0x7fc00000
     142245.000 ns	     14223	80003334	01108eb3	add	x29,x1,x17	  x1:0x00000000 x17:0x80040fe4 x29=0x80040fe4
     142255.000 ns	     14224	80003338	00ea3d33	sltu	x26,x20,x14	 x20:0xffffffff x14:0xffffffff x26=0x00000000
     142265.000 ns	     14225	8000333c	00d61b13	slli	x22,x12,0xd	 x12:0x00000000 x22=0x00000000
     142285.000 ns	     14227	80003340	d0077553	fcvt.s.w	f10,x14	 x14:0xffffffff f10=0xbf800000
     142305.000 ns	     14229	80003344	00146433	or	x8,x8,x1	  x8:0x00000000  x1:0x00000000  x8=0x00000000
     142345.000 ns	     14233	80003348	0944f753	fsub.s	f14,f9,f20	  f9:0x7fc00000 f20:0x5f800000 f14=0x7fc00000
     142375.000 ns	     14236	8000334c	d0012453	fcvt.s.w	f8,x2	  x2:0x00000001  f8=0x3f800000
     142395.000 ns	     14238	80003350	00b15233	srl	x4,x2,x11	  x2:0x00000001 x11:0x80041024  x4=0x00000000
     142405.000 ns	     14239	80003354	bd4c0a13	addi	x20,x24,-1068	 x24:0x00000000 x20=0xfffffbd4
     142415.000 ns	     14240	80003358	002f1113	slli	x2,x30,0x2	 x30:0x00000000  x2=0x00000000
     142425.000 ns	     14241	8000335c	00012db3	slt	x27,x2,x0	  x2:0x00000001  x0:0x00000000 x27=0x00000000
     142435.000 ns	     14242	80003360	497fe613	ori	x12,x31,1175	 x31:0x00000000 x12=0x00000497
     142455.000 ns	     14244	80003364	d00df353	fcvt.s.w	f6,x27	 x27:0x00000000  f6=0x00000000
     142475.000 ns	     14246	80003368	01475f93	srli	x31,x14,0x14	 x14:0xffffffff x31=0x00000fff
     142485.000 ns	     14247	8000336c	00953033	sltu	x0,x10,x9	 x10:0x00000000  x9:0xfffffa1a
     142505.000 ns	     14249	80003370	20a6a053	fsgnjx.s	f0,f13,f10	 f13:0x4f800000 f10:0xbf800000  f0=0xcf800000
     142525.000 ns	     14251	80003374	00ef6033	or	x0,x30,x14	 x30:0x00000000 x14:0xffffffff
     142885.000 ns	     14287	80003378	03356f33	rem	x30,x10,x19	 x10:0x00000000 x19:0x1710d712 x30=0x00000000
     142905.000 ns	     14289	8000337c	413adcb3	sra	x25,x21,x19	 x21:0x00000001 x19:0x1710d712 x25=0x00000000
     142925.000 ns	     14291	80003380	c01ab553	fcvt.wu.s	x10,f21	 f21:0x7fc00000 x10=0xffffffff
     142955.000 ns	     14294	80003384	029983b3	mul	x7,x19,x9	 x19:0x1710d712  x9:0xfffffa1a  x7=0xf2ab6bd4
     142975.000 ns	     14296	80003388	01cad193	srli	x3,x21,0x1c	 x21:0x00000001  x3=0x00000000
     142995.000 ns	     14298	8000338c	a121af53	feq.s	x30,f3,f18	  f3:0x00000000 f18:0x00000000 x30=0x00000001
     143025.000 ns	     14301	80003390	02650fb3	mul	x31,x10,x6	 x10:0xffffffff  x6:0x1ffffe26 x31=0xe00001da
     143045.000 ns	     14303	80003394	01c3afb3	slt	x31,x7,x28	  x7:0xf2ab6bd4 x28:0x00000000 x31=0x00000001
     143055.000 ns	     14304	80003398	01e04eb3	xor	x29,x0,x30	  x0:0x00000000 x30:0x00000001 x29=0x00000001
     143065.000 ns	     14305	8000339c	9c682113	slti	x2,x16,-1594	 x16:0xfffffb67  x2=0x00000000
     143085.000 ns	     14307	800033a0	0207cc33	div	x24,x15,x0	 x15:0x4efffff1  x0:0x00000000 x24=0xffffffff
     143105.000 ns	     14309	800033a4	ad732217	auipc	x4,0xad732	  x4=0x2d7353a4
     143465.000 ns	     14345	800033a8	0318c233	div	x4,x17,x17	 x17:0x80040fe4 x17:0x80040fe4  x4=0x00000001
     143505.000 ns	     14349	800033ac	193dffd3	fdiv.s	f31,f27,f19	 f27:0x00000000 f19:0x00000000 f31=0x7fc00000
     143525.000 ns	     14351	800033b0	00000013	addi	x0,x0,0	  x0:0x00000000
     143535.000 ns	     14352	800033b4	00e31233	sll	x4,x6,x14	  x6:0x1ffffe26 x14:0xffffffff  x4=0x00000000
     143575.000 ns	     14356	800033b8	0060b2d3	fadd.s	f5,f1,f6	  f1:0x00000000  f6:0x00000000  f5=0x00000000
     143595.000 ns	     14358	800033bc	4621fe93	andi	x29,x3,1122	  x3:0x00000000 x29=0x00000000
     143615.000 ns	     14360	800033c0	03a96c33	rem	x24,x18,x26	 x18:0xfffffb67 x26:0x00000000 x24=0xfffffb67
     143665.000 ns	     14365	800033c4	089d9fd3	fsub.s	f31,f27,f9	 f27:0x00000000  f9:0x7fc00000 f31=0x7fc00000
     143695.000 ns	     14368	800033c8	d0097853	fcvt.s.w	f16,x18	 x18:0xfffffb67 f16=0xc4932000
     143735.000 ns	     14372	800033cc	1931f8d3	fdiv.s	f17,f3,f19	  f3:0x00000000 f19:0x00000000 f17=0x7fc00000
     143755.000 ns	     14374	800033d0	6a361a37	lui	x20,0x6a361	 x20=0x6a361000
     143775.000 ns	     14376	800033d4	c01a74d3	fcvt.wu.s	x9,f20	 f20:0x5f800000  x9=0x00000000
     143795.000 ns	     14378	800033d8	40080eb3	sub	x29,x16,x0	 x16:0xfffffb67  x0:0x00000000 x29=0xfffffb67
     143815.000 ns	     14380	800033dc	c00ff753	fcvt.w.s	x14,f31	 f31:0x7fc00000 x14=0x7fffffff
     143835.000 ns	     14382	800033e0	00dde833	or	x16,x27,x13	 x27:0x00000000 x13:0xfc00207f x16=0xfc00207f
     143855.000 ns	     14384	800033e4	d017f753	fcvt.s.wu	f14,x15	 x15:0x4efffff1 f14=0x4e9dffff
     143885.000 ns	     14387	800033e8	0205b433	mulhu	x8,x11,x0	 x11:0x80041024  x0:0x00000000  x8=0x00000000
     143915.000 ns	     14390	800033ec	21cc8b53	fsgnj.s	f22,f25,f28	 f25:0x00000000 f28:0x7fc00000 f22=0x00000000
     143945.000 ns	     14393	800033f0	21971653	fsgnjn.s	f12,f14,f25	 f14:0x4e9dffff f25:0x00000000 f12=0xce9dffff
     143975.000 ns	     14396	800033f4	c00bcb53	fcvt.w.s	x22,f23	 f23:0x7fc00000 x22=0x7fffffff
     143995.000 ns	     14398	800033f8	0132d193	srli	x3,x5,0x13	  x5:0x00000499  x3=0x00000000
     144015.000 ns	     14400	800033fc	a133a053	feq.s	x0,f7,f19	  f7:0x4f800000 f19:0x00000000
     144045.000 ns	     14403	80003400	2136a153	fsgnjx.s	f2,f13,f19	 f13:0x4f800000 f19:0x00000000  f2=0x4f800000
     144075.000 ns	     14406	80003404	e0009653	fclass.s	x12,f1	  f1:0x00000000 x12=0x00000010
     144095.000 ns	     14408	80003408	0170fdb3	and	x27,x1,x23	  x1:0x00000000 x23:0x00000000 x27=0x00000000
     144105.000 ns	     14409	8000340c	00000013	addi	x0,x0,0	  x0:0x00000000
     144125.000 ns	     14411	80003410	02e227b3	mulhsu	x15,x4,x14	  x4:0x00000000 x14:0x7fffffff x15=0x00000000
     144145.000 ns	     14413	80003414	00000013	addi	x0,x0,0	  x0:0x00000000
     144165.000 ns	     14415	80003418	219924d3	fsgnjx.s	f9,f18,f25	 f18:0x00000000 f25:0x00000000  f9=0x00000000
     144195.000 ns	     14418	8000341c	03c5b533	mulhu	x10,x11,x28	 x11:0x80041024 x28:0x00000000 x10=0x00000000
     144215.000 ns	     14420	80003420	74b2bbb7	lui	x23,0x74b2b	 x23=0x74b2b000
     144225.000 ns	     14421	80003424	73178cb7	lui	x25,0x73178	 x25=0x73178000
     144245.000 ns	     14423	80003428	e00b0353	fmv.x.w	x6,f22	 f22:0x00000000  x6=0x00000000
     144265.000 ns	     14425	8000342c	116a9417	auipc	x8,0x116a9	  x8=0x916ac42c
     144285.000 ns	     14427	80003430	d01185d3	fcvt.s.wu	f11,x3	  x3:0x00000000 f11=0x00000000
     144315.000 ns	     14430	80003434	29850353	fmin.s	f6,f10,f24	 f10:0xbf800000 f24:0x7fc00000  f6=0xbf800000
     144335.000 ns	     14432	80003438	01ced0b3	srl	x1,x29,x28	 x29:0xfffffb67 x28:0x00000000  x1=0xfffffb67
     144375.000 ns	     14436	8000343c	09baf353	fsub.s	f6,f21,f27	 f21:0x7fc00000 f27:0x00000000  f6=0x7fc00000
     144395.000 ns	     14438	80003440	00791633	sll	x12,x18,x7	 x18:0xfffffb67  x7:0xf2ab6bd4 x12=0xb6700000
     144415.000 ns	     14440	80003444	2073ac53	fsgnjx.s	f24,f7,f7	  f7:0x4f800000  f7:0x4f800000 f24=0x4f800000
     144785.000 ns	     14477	80003448	03675133	divu	x2,x14,x22	 x14:0x7fffffff x22:0x7fffffff  x2=0x00000001
     144805.000 ns	     14479	8000344c	1f8ee393	ori	x7,x29,504	 x29:0xfffffb67  x7=0xfffffbff
     144825.000 ns	     14481	80003450	e0098d53	fmv.x.w	x26,f19	 f19:0x00000000 x26=0x00000000
     144845.000 ns	     14483	80003454	00dcae33	slt	x28,x25,x13	 x25:0x73178000 x13:0xfc00207f x28=0x00000000
     144865.000 ns	     14485	80003458	d004b8d3	fcvt.s.w	f17,x9	  x9:0x00000000 f17=0x00000000
     144895.000 ns	     14488	8000345c	21f8aa53	fsgnjx.s	f20,f17,f31	 f17:0x7fc00000 f31:0x7fc00000 f20=0x00000000
     144915.000 ns	     14490	80003460	00efd113	srli	x2,x31,0xe	 x31:0x00000001  x2=0x00000000
     144935.000 ns	     14492	80003464	21e51dd3	fsgnjn.s	f27,f10,f30	 f10:0xbf800000 f30:0x00000000 f27=0xbf800000
     144965.000 ns	     14495	80003468	286e9d53	fmax.s	f26,f29,f6	 f29:0x7fc00000  f6:0x7fc00000 f26=0x7fc00000
     144995.000 ns	     14498	8000346c	03758333	mul	x6,x11,x23	 x11:0x80041024 x23:0x74b2b000  x6=0x5420c000
     145025.000 ns	     14501	80003470	a0ad2353	feq.s	x6,f26,f10	 f26:0x7fc00000 f10:0xbf800000  x6=0x00000000
     145395.000 ns	     14538	80003474	02b4ce33	div	x28,x9,x11	  x9:0x00000000 x11:0x80041024 x28=0x00000000
     145415.000 ns	     14540	80003478	00b3bf33	sltu	x30,x7,x11	  x7:0xfffffbff x11:0x80041024 x30=0x00000000
     145425.000 ns	     14541	8000347c	952a0f93	addi	x31,x20,-1710	 x20:0x6a361000 x31=0x6a360952
     145435.000 ns	     14542	80003480	31c0b613	sltiu	x12,x1,796	  x1:0xfffffb67 x12=0x00000000
     145475.000 ns	     14546	80003484	08650553	fsub.s	f10,f10,f6	 f10:0xbf800000  f6:0x7fc00000 f10=0x7fc00000
     145495.000 ns	     14548	80003488	add13213	sltiu	x4,x2,-1315	  x2:0x00000000  x4=0x00000001
     145515.000 ns	     14550	8000348c	028d2133	mulhsu	x2,x26,x8	 x26:0x00000000  x8:0x916ac42c  x2=0x00000000
     145565.000 ns	     14555	80003490	0137f553	fadd.s	f10,f15,f19	 f15:0x3f800000 f19:0x00000000 f10=0x3f800000
     145585.000 ns	     14557	80003494	00162fb3	slt	x31,x12,x1	 x12:0x00000000  x1:0xfffffb67 x31=0x00000000
     145605.000 ns	     14559	80003498	d0092353	fcvt.s.w	f6,x18	 x18:0xfffffb67  f6=0xc4932000
     145635.000 ns	     14562	8000349c	02b5b233	mulhu	x4,x11,x11	 x11:0x80041024 x11:0x80041024  x4=0x40041034
     145655.000 ns	     14564	800034a0	00a6f833	and	x16,x13,x10	 x13:0xfc00207f x10:0x00000000 x16=0x00000000
     145665.000 ns	     14565	800034a4	c6362c13	slti	x24,x12,-925	 x12:0x00000000 x24=0x00000000
     145695.000 ns	     14568	800034a8	19338653	fdiv.s	f12,f7,f19	  f7:0x4f800000 f19:0x00000000 f12=0x7f800000
     145725.000 ns	     14571	800034ac	e0030753	fmv.x.w	x14,f6	  f6:0xc4932000 x14=0xc4932000
     145745.000 ns	     14573	800034b0	00ac4bb3	xor	x23,x24,x10	 x24:0x00000000 x10:0x00000000 x23=0x00000000
     145755.000 ns	     14574	800034b4	8d4ee193	ori	x3,x29,-1836	 x29:0xfffffb67  x3=0xfffffbf7
     146115.000 ns	     14610	800034b8	03d44e33	div	x28,x8,x29	  x8:0x916ac42c x29:0xfffffb67 x28=0x00180d51
     146145.000 ns	     14613	800034bc	2056a353	fsgnjx.s	f6,f13,f5	 f13:0x4f800000  f5:0x00000000  f6=0x4f800000
     146165.000 ns	     14615	800034c0	b5600493	addi	x9,x0,-1194	  x0:0x00000000  x9=0xfffffb56
     146185.000 ns	     14617	800034c4	200b05d3	fsgnj.s	f11,f22,f0	 f22:0x00000000  f0:0xcf800000 f11=0x80000000
     146215.000 ns	     14620	800034c8	e0031f53	fclass.s	x30,f6	  f6:0x4f800000 x30=0x00000040
     146235.000 ns	     14622	800034cc	49e8cb93	xori	x23,x17,1182	 x17:0x80040fe4 x23=0x80040b7a
     146255.000 ns	     14624	800034d0	f0038953	fmv.w.x	f18,x7	  x7:0xfffffbff f18=0xfffffbff
     146275.000 ns	     14626	800034d4	004ab6b3	sltu	x13,x21,x4	 x21:0x00000001  x4:0x40041034 x13=0x00000001
     146295.000 ns	     14628	800034d8	f0040653	fmv.w.x	f12,x8	  x8:0x916ac42c f12=0x916ac42c
     146325.000 ns	     14631	800034dc	02c7e833	rem	x16,x15,x12	 x15:0x00000000 x12:0x00000000 x16=0x00000000
     146345.000 ns	     14633	800034e0	00125e13	srli	x28,x4,0x1	  x4:0x40041034 x28=0x2002081a
     146355.000 ns	     14634	800034e4	32d27813	andi	x16,x4,813	  x4:0x40041034 x16=0x00000024
     146365.000 ns	     14635	800034e8	e887f797	auipc	x15,0xe887f	 x15=0x688824e8
     146725.000 ns	     14671	800034ec	0370f133	remu	x2,x1,x23	  x1:0xfffffb67 x23:0x80040b7a  x2=0x7ffbefed
     146745.000 ns	     14673	800034f0	87bbe737	lui	x14,0x87bbe	 x14=0x87bbe000
     146765.000 ns	     14675	800034f4	c00a0a53	fcvt.w.s	x20,f20	 f20:0x00000000 x20=0x00000000
     146795.000 ns	     14678	800034f8	d014cdd3	fcvt.s.wu	f27,x9	  x9:0xfffffb56 f27=0x4f7ffffb
     146825.000 ns	     14681	800034fc	a1f217d3	flt.s	x15,f4,f31	  f4:0x7fc00000 f31:0x7fc00000 x15=0x00000000
     146845.000 ns	     14683	80003500	19286613	ori	x12,x16,402	 x16:0x00000024 x12=0x000001b6
     146885.000 ns	     14687	80003504	012f7ad3	fadd.s	f21,f30,f18	 f30:0x00000000 f18:0xfffffbff f21=0x7fc00000
     146915.000 ns	     14690	80003508	a1cd1853	flt.s	x16,f26,f28	 f26:0x7fc00000 f28:0x7fc00000 x16=0x00000000
     146935.000 ns	     14692	8000350c	40905313	srai	x6,x0,0x9	  x0:0x00000000  x6=0x00000000
     146945.000 ns	     14693	80003510	41dd8833	sub	x16,x27,x29	 x27:0x00000000 x29:0xfffffb67 x16=0x00000499
     146965.000 ns	     14695	80003514	f0068453	fmv.w.x	f8,x13	 x13:0x00000001  f8=0x00000001
     147335.000 ns	     14732	80003518	022a64b3	rem	x9,x20,x2	 x20:0x00000000  x2:0x7ffbefed  x9=0x00000000
     147355.000 ns	     14734	8000351c	40a780b3	sub	x1,x15,x10	 x15:0x00000000 x10:0x00000000  x1=0x00000000
     147375.000 ns	     14736	80003520	03a54133	div	x2,x10,x26	 x10:0x00000000 x26:0x00000000  x2=0xffffffff
     147405.000 ns	     14739	80003524	c0157ed3	fcvt.wu.s	x29,f10	 f10:0x3f800000 x29=0x00000001
     147425.000 ns	     14741	80003528	ba736b13	ori	x22,x6,-1113	  x6:0x00000000 x22=0xfffffba7
     147445.000 ns	     14743	8000352c	20471453	fsgnjn.s	f8,f14,f4	 f14:0x4e9dffff  f4:0x7fc00000  f8=0xce9dffff
     147475.000 ns	     14746	80003530	28081d53	fmax.s	f26,f16,f0	 f16:0xc4932000  f0:0xcf800000 f26=0xc4932000
     147505.000 ns	     14749	80003534	218e8f53	fsgnj.s	f30,f29,f24	 f29:0x7fc00000 f24:0x4f800000 f30=0x7fc00000
     147535.000 ns	     14752	80003538	c01bfa53	fcvt.wu.s	x20,f23	 f23:0x7fc00000 x20=0xffffffff
     147565.000 ns	     14755	8000353c	c017f2d3	fcvt.wu.s	x5,f15	 f15:0x3f800000  x5=0x00000001
     147595.000 ns	     14758	80003540	a06d2453	feq.s	x8,f26,f6	 f26:0xc4932000  f6:0x4f800000  x8=0x00000000
     147625.000 ns	     14761	80003544	d00d09d3	fcvt.s.w	f19,x26	 x26:0x00000000 f19=0x00000000
     147675.000 ns	     14766	80003548	008a4fd3	fadd.s	f31,f20,f8	 f20:0x00000000  f8:0xce9dffff f31=0xce9dffff
     147695.000 ns	     14768	8000354c	7a34c417	auipc	x8,0x7a34c	  x8=0xfa34f54c
     147705.000 ns	     14769	80003550	c768b493	sltiu	x9,x17,-906	 x17:0x80040fe4  x9=0x00000001
     147725.000 ns	     14771	80003554	c00a71d3	fcvt.w.s	x3,f20	 f20:0x00000000  x3=0x00000000
     147745.000 ns	     14773	80003558	01e2bab3	sltu	x21,x5,x30	  x5:0x00000001 x30:0x00000040 x21=0x00000001
     147765.000 ns	     14775	8000355c	a1dea553	feq.s	x10,f29,f29	 f29:0x7fc00000 f29:0x7fc00000 x10=0x00000000
     147785.000 ns	     14777	80003560	003caa33	slt	x20,x25,x3	 x25:0x73178000  x3:0x00000000 x20=0x00000000
     147795.000 ns	     14778	80003564	01979b93	slli	x23,x15,0x19	 x15:0x00000000 x23=0x00000000
     147805.000 ns	     14779	80003568	00000013	addi	x0,x0,0	  x0:0x00000000
     147825.000 ns	     14781	8000356c	a1882153	feq.s	x2,f16,f24	 f16:0xc4932000 f24:0x4f800000  x2=0x00000000
     147845.000 ns	     14783	80003570	0153da93	srli	x21,x7,0x15	  x7:0xfffffbff x21=0x000007ff
     147855.000 ns	     14784	80003574	0044d093	srli	x1,x9,0x4	  x9:0x00000001  x1=0x00000000
     147865.000 ns	     14785	80003578	008bde93	srli	x29,x23,0x8	 x23:0x00000000 x29=0x00000000
     147885.000 ns	     14787	8000357c	026f6eb3	rem	x29,x30,x6	 x30:0x00000040  x6:0x00000000 x29=0x00000040
     147905.000 ns	     14789	80003580	00e65a13	srli	x20,x12,0xe	 x12:0x000001b6 x20=0x00000000
     147925.000 ns	     14791	80003584	28a28cd3	fmin.s	f25,f5,f10	  f5:0x00000000 f10:0x3f800000 f25=0x00000000
     148295.000 ns	     14828	80003588	029a7333	remu	x6,x20,x9	 x20:0x00000000  x9:0x00000001  x6=0x00000000
     148315.000 ns	     14830	8000358c	5c71ea37	lui	x20,0x5c71e	 x20=0x5c71e000
     148335.000 ns	     14832	80003590	28fd07d3	fmin.s	f15,f26,f15	 f26:0xc4932000 f15:0x3f800000 f15=0xc4932000
     148365.000 ns	     14835	80003594	02da2eb3	mulhsu	x29,x20,x13	 x20:0x00000000 x13:0x00000001 x29=0x00000000
     148395.000 ns	     14838	80003598	205c0b53	fsgnj.s	f22,f24,f5	 f24:0x4f800000  f5:0x00000000 f22=0x4f800000
     148415.000 ns	     14840	8000359c	405d83b3	sub	x7,x27,x5	 x27:0x00000000  x5:0x00000001  x7=0xffffffff
     148435.000 ns	     14842	800035a0	e0019653	fclass.s	x12,f3	  f3:0x00000000 x12=0x00000010
     148455.000 ns	     14844	800035a4	bbf2fc93	andi	x25,x5,-1089	  x5:0x00000001 x25=0x00000001
     148475.000 ns	     14846	800035a8	e0099353	fclass.s	x6,f19	 f19:0x00000000  x6=0x00000010
     148505.000 ns	     14849	800035ac	e00e90d3	fclass.s	x1,f29	 f29:0x7fc00000  x1=0x00000200
     148525.000 ns	     14851	800035b0	0686c2b7	lui	x5,0x686c	  x5=0x0686c000
     148545.000 ns	     14853	800035b4	a1c41ed3	flt.s	x29,f8,f28	  f8:0xce9dffff f28:0x7fc00000 x29=0x00000000
     148565.000 ns	     14855	800035b8	41d1d713	srai	x14,x3,0x1d	  x3:0x00000000 x14=0x00000000
     148605.000 ns	     14859	800035bc	08c074d3	fsub.s	f9,f0,f12	  f0:0xcf800000 f12:0x916ac42c  f9=0xcf800000
     148625.000 ns	     14861	800035c0	6b09fc17	auipc	x24,0x6b09f	 x24=0xeb0a25c0
     148635.000 ns	     14862	800035c4	0b6d0b37	lui	x22,0xb6d0	 x22=0x0b6d0000
     148645.000 ns	     14863	800035c8	00000013	addi	x0,x0,0	  x0:0x00000000
     148665.000 ns	     14865	800035cc	28c885d3	fmin.s	f11,f17,f12	 f17:0x00000000 f12:0x916ac42c f11=0x916ac42c
     148685.000 ns	     14867	800035d0	de586d13	ori	x26,x16,-539	 x16:0x00000499 x26=0xfffffdfd
     148705.000 ns	     14869	800035d4	e00d9153	fclass.s	x2,f27	 f27:0x4f7ffffb  x2=0x00000040
     148725.000 ns	     14871	800035d8	418ad913	srai	x18,x21,0x18	 x21:0x000007ff x18=0x00000000
     148755.000 ns	     14874	800035dc	1962f853	fdiv.s	f16,f5,f22	  f5:0x00000000 f22:0x4f800000 f16=0x00000000
     148775.000 ns	     14876	800035e0	01d70c33	add	x24,x14,x29	 x14:0x00000000 x29:0x00000000 x24=0x00000000
     148795.000 ns	     14878	800035e4	29850e53	fmin.s	f28,f10,f24	 f10:0x3f800000 f24:0x4f800000 f28=0x3f800000
     148815.000 ns	     14880	800035e8	e1ff6793	ori	x15,x30,-481	 x30:0x00000040 x15=0xfffffe5f
     148835.000 ns	     14882	800035ec	03fe91b3	mulh	x3,x29,x31	 x29:0x00000000 x31:0x00000000  x3=0x00000000
     148865.000 ns	     14885	800035f0	a0d986d3	fle.s	x13,f19,f13	 f19:0x00000000 f13:0x4f800000 x13=0x00000001
     148885.000 ns	     14887	800035f4	011ada13	srli	x20,x21,0x11	 x21:0x000007ff x20=0x00000000
     148915.000 ns	     14890	800035f8	18f93153	fdiv.s	f2,f18,f15	 f18:0xfffffbff f15:0xc4932000  f2=0x7fc00000
     148935.000 ns	     14892	800035fc	01e25293	srli	x5,x4,0x1e	  x4:0x40041034  x5=0x00000001
     148945.000 ns	     14893	80003600	40a65d13	srai	x26,x12,0xa	 x12:0x00000010 x26=0x00000000
     149305.000 ns	     14929	80003604	03364733	div	x14,x12,x19	 x12:0x00000010 x19:0x1710d712 x14=0x00000000
     149335.000 ns	     14932	80003608	d01778d3	fcvt.s.wu	f17,x14	 x14:0x00000000 f17=0x00000000
     149375.000 ns	     14936	8000360c	18fbfd53	fdiv.s	f26,f23,f15	 f23:0x7fc00000 f15:0xc4932000 f26=0x7fc00000
     149405.000 ns	     14939	80003610	a0771053	flt.s	x0,f14,f7	 f14:0x4e9dffff  f7:0x4f800000
     149435.000 ns	     14942	80003614	a1d4ae53	feq.s	x28,f9,f29	  f9:0xcf800000 f29:0x7fc00000 x28=0x00000000
     149475.000 ns	     14946	80003618	18cf3bd3	fdiv.s	f23,f30,f12	 f30:0x7fc00000 f12:0x916ac42c f23=0x7fc00000
     149815.000 ns	     14980	8000361c	18f6f7d3	fdiv.s	f15,f13,f15	 f13:0x4f800000 f15:0xc4932000 f15=0xca05c968
     149845.000 ns	     14983	80003620	035231b3	mulhu	x3,x4,x21	  x4:0x40041034 x21:0x000007ff  x3=0x000001ff
     149865.000 ns	     14985	80003624	0809c093	xori	x1,x19,128	 x19:0x1710d712  x1=0x1710d792
     149885.000 ns	     14987	80003628	29ea0c53	fmin.s	f24,f20,f30	 f20:0x00000000 f30:0x7fc00000 f24=0x00000000
     149915.000 ns	     14990	8000362c	e00196d3	fclass.s	x13,f3	  f3:0x00000000 x13=0x00000010
     149945.000 ns	     14993	80003630	a1cd2bd3	feq.s	x23,f26,f28	 f26:0x7fc00000 f28:0x3f800000 x23=0x00000000
     150315.000 ns	     15030	80003634	0301fcb3	remu	x25,x3,x16	  x3:0x000001ff x16:0x00000499 x25=0x000001ff
     150345.000 ns	     15033	80003638	03f336b3	mulhu	x13,x6,x31	  x6:0x00000010 x31:0x00000000 x13=0x00000000
     150375.000 ns	     15036	8000363c	21d31f53	fsgnjn.s	f30,f6,f29	  f6:0x4f800000 f29:0x7fc00000 f30=0xcf800000
     150715.000 ns	     15070	80003640	18b477d3	fdiv.s	f15,f8,f11	  f8:0xce9dffff f11:0x916ac42c f15=0x7cdf0f10
     150745.000 ns	     15073	80003644	c00040d3	fcvt.w.s	x1,f0	  f0:0xcf800000  x1=0x80000000
     150775.000 ns	     15076	80003648	e0071053	fclass.s	x0,f14	 f14:0x4e9dffff
     150805.000 ns	     15079	8000364c	c019f753	fcvt.wu.s	x14,f19	 f19:0x00000000 x14=0x00000000
     150825.000 ns	     15081	80003650	b326fa13	andi	x20,x13,-1230	 x13:0x00000000 x20=0x00000000
     150855.000 ns	     15084	80003654	19b9f4d3	fdiv.s	f9,f19,f27	 f19:0x00000000 f27:0x4f7ffffb  f9=0x00000000
     150875.000 ns	     15086	80003658	6c0d2f37	lui	x30,0x6c0d2	 x30=0x6c0d2000
     150885.000 ns	     15087	8000365c	01f550b3	srl	x1,x10,x31	 x10:0x00000000 x31:0x00000000  x1=0x00000000
     150905.000 ns	     15089	80003660	21350653	fsgnj.s	f12,f10,f19	 f10:0x3f800000 f19:0x00000000 f12=0x3f800000
     150925.000 ns	     15091	80003664	0096d013	srli	x0,x13,0x9	 x13:0x00000000
     150945.000 ns	     15093	80003668	e0041c53	fclass.s	x24,f8	  f8:0xce9dffff x24=0x00000002
     150965.000 ns	     15095	8000366c	c3193313	sltiu	x6,x18,-975	 x18:0x00000000  x6=0x00000001
     150975.000 ns	     15096	80003670	00c601b3	add	x3,x12,x12	 x12:0x00000010 x12:0x00000010  x3=0x00000020
     150995.000 ns	     15098	80003674	21ceaed3	fsgnjx.s	f29,f29,f28	 f29:0x7fc00000 f28:0x3f800000 f29=0x7fc00000
     151025.000 ns	     15101	80003678	d00397d3	fcvt.s.w	f15,x7	  x7:0xffffffff f15=0xbf800000
     151055.000 ns	     15104	8000367c	03530333	mul	x6,x6,x21	  x6:0x00000001 x21:0x000007ff  x6=0x000007ff
     151075.000 ns	     15106	80003680	75056c13	ori	x24,x10,1872	 x10:0x00000000 x24=0x00000750
     151095.000 ns	     15108	80003684	c013fcd3	fcvt.wu.s	x25,f7	  f7:0x4f800000 x25=0x00000000
     151135.000 ns	     15112	80003688	190f0a53	fdiv.s	f20,f30,f16	 f30:0xcf800000 f16:0x00000000 f20=0xff800000
     151165.000 ns	     15115	8000368c	21ee18d3	fsgnjn.s	f17,f28,f30	 f28:0x3f800000 f30:0xcf800000 f17=0x3f800000
     151195.000 ns	     15118	80003690	f0088653	fmv.w.x	f12,x17	 x17:0x80040fe4 f12=0x80040fe4
     151225.000 ns	     15121	80003694	02f122b3	mulhsu	x5,x2,x15	  x2:0x00000040 x15:0xfffffe5f  x5=0x0000003f
     151245.000 ns	     15123	80003698	01a87bb3	and	x23,x16,x26	 x16:0x00000499 x26:0x00000000 x23=0x00000000
     151255.000 ns	     15124	8000369c	eb60bb37	lui	x22,0xeb60b	 x22=0xeb60b000
     151265.000 ns	     15125	800036a0	01a91d13	slli	x26,x18,0x1a	 x18:0x00000000 x26=0x00000000
     151285.000 ns	     15127	800036a4	28c40f53	fmin.s	f30,f8,f12	  f8:0xce9dffff f12:0x80040fe4 f30=0xce9dffff
     151305.000 ns	     15129	800036a8	3d7c2093	slti	x1,x24,983	 x24:0x00000750  x1=0x00000000
     151325.000 ns	     15131	800036ac	03533033	mulhu	x0,x6,x21	  x6:0x000007ff x21:0x000007ff
     151355.000 ns	     15134	800036b0	d0067bd3	fcvt.s.w	f23,x12	 x12:0x00000010 f23=0x41800000
     151385.000 ns	     15137	800036b4	28c99253	fmax.s	f4,f19,f12	 f19:0x00000000 f12:0x80040fe4  f4=0x00000000
     151405.000 ns	     15139	800036b8	40fb8b33	sub	x22,x23,x15	 x23:0x00000000 x15:0xfffffe5f x22=0x000001a1
     151415.000 ns	     15140	800036bc	014040b3	xor	x1,x0,x20	  x0:0x00000000 x20:0x00000000  x1=0x00000000
     151435.000 ns	     15142	800036c0	02179a33	mulh	x20,x15,x1	 x15:0xfffffe5f  x1:0x00000000 x20=0x00000000
     151455.000 ns	     15144	800036c4	40e90ab3	sub	x21,x18,x14	 x18:0x00000000 x14:0x00000000 x21=0x00000000
     151465.000 ns	     15145	800036c8	a74ca613	slti	x12,x25,-1420	 x25:0x00000000 x12=0x00000000
     151485.000 ns	     15147	800036cc	a08f2153	feq.s	x2,f30,f8	 f30:0xce9dffff  f8:0xce9dffff  x2=0x00000001
     151505.000 ns	     15149	800036d0	8f5c2c13	slti	x24,x24,-1803	 x24:0x00000750 x24=0x00000000
     151515.000 ns	     15150	800036d4	12aecd13	xori	x26,x29,298	 x29:0x00000000 x26=0x0000012a
     151535.000 ns	     15152	800036d8	a0b69dd3	flt.s	x27,f13,f11	 f13:0x4f800000 f11:0x916ac42c x27=0x00000000
     151585.000 ns	     15157	800036dc	085543d3	fsub.s	f7,f10,f5	 f10:0x3f800000  f5:0x00000000  f7=0x3f800000
     151615.000 ns	     15160	800036e0	a0cf2053	feq.s	x0,f30,f12	 f30:0xce9dffff f12:0x80040fe4
     151635.000 ns	     15162	800036e4	103b2493	slti	x9,x22,259	 x22:0x000001a1  x9=0x00000000
     151665.000 ns	     15165	800036e8	5809ce53	fsqrt.s	f28,f19	 f19:0x00000000 f28=0x00000000
     151685.000 ns	     15167	800036ec	018413b3	sll	x7,x8,x24	  x8:0xfa34f54c x24:0x00000000  x7=0xfa34f54c
     151705.000 ns	     15169	800036f0	02c8b533	mulhu	x10,x17,x12	 x17:0x80040fe4 x12:0x00000000 x10=0x00000000
     151725.000 ns	     15171	800036f4	014b1393	slli	x7,x22,0x14	 x22:0x000001a1  x7=0x1a100000
     152085.000 ns	     15207	800036f8	023c5133	divu	x2,x24,x3	 x24:0x00000000  x3:0x00000020  x2=0x00000000
     152105.000 ns	     15209	800036fc	0107c733	xor	x14,x15,x16	 x15:0xfffffe5f x16:0x00000499 x14=0xfffffac6
     152115.000 ns	     15210	80003700	a59c7413	andi	x8,x24,-1447	 x24:0x00000000  x8=0x00000000
     152125.000 ns	     15211	80003704	011646b3	xor	x13,x12,x17	 x12:0x00000000 x17:0x80040fe4 x13=0x80040fe4
     152165.000 ns	     15215	80003708	019b3153	fadd.s	f2,f22,f25	 f22:0x4f800000 f25:0x00000000  f2=0x4f800000
     152195.000 ns	     15218	8000370c	025212b3	mulh	x5,x4,x5	  x4:0x40041034  x5:0x0000003f  x5=0x0000000f
     152215.000 ns	     15220	80003710	5b24cd17	auipc	x26,0x5b24c	 x26=0xdb24f710
     152225.000 ns	     15221	80003714	2a548f93	addi	x31,x9,677	  x9:0x00000000 x31=0x000002a5
     152235.000 ns	     15222	80003718	4168df13	srai	x30,x17,0x16	 x17:0x80040fe4 x30=0xfffffe00
     152595.000 ns	     15258	8000371c	033bf133	remu	x2,x23,x19	 x23:0x00000000 x19:0x1710d712  x2=0x00000000
     152615.000 ns	     15260	80003720	003b9413	slli	x8,x23,0x3	 x23:0x00000000  x8=0x00000000
     152625.000 ns	     15261	80003724	07a66b93	ori	x23,x12,122	 x12:0x00000000 x23=0x0000007a
     152635.000 ns	     15262	80003728	4162d013	srai	x0,x5,0x16	  x5:0x0000000f
     152645.000 ns	     15263	8000372c	7c984693	xori	x13,x16,1993	 x16:0x00000499 x13=0x00000350
     152665.000 ns	     15265	80003730	29571ed3	fmax.s	f29,f14,f21	 f14:0x4e9dffff f21:0x7fc00000 f29=0x4e9dffff
     152685.000 ns	     15267	80003734	01682933	slt	x18,x16,x22	 x16:0x00000499 x22:0x000001a1 x18=0x00000000
     152695.000 ns	     15268	80003738	00276eb3	or	x29,x14,x2	 x14:0xfffffac6  x2:0x00000000 x29=0xfffffac6
     152725.000 ns	     15271	8000373c	5809aa53	fsqrt.s	f20,f19	 f19:0x00000000 f20=0x00000000
     152755.000 ns	     15274	80003740	0356f4b3	remu	x9,x13,x21	 x13:0x00000350 x21:0x00000000  x9=0x00000350
     152785.000 ns	     15277	80003744	d00c7e53	fcvt.s.w	f28,x24	 x24:0x00000000 f28=0x00000000
     152815.000 ns	     15280	80003748	f0090f53	fmv.w.x	f30,x18	 x18:0x00000000 f30=0x00000000
     152845.000 ns	     15283	8000374c	294d16d3	fmax.s	f13,f26,f20	 f26:0x7fc00000 f20:0x00000000 f13=0x00000000
     152865.000 ns	     15285	80003750	01e79433	sll	x8,x15,x30	 x15:0xfffffe5f x30:0xfffffe00  x8=0xfffffe5f
     152885.000 ns	     15287	80003754	29fa96d3	fmax.s	f13,f21,f31	 f21:0x7fc00000 f31:0xce9dffff f13=0xce9dffff
     152915.000 ns	     15290	80003758	e00e91d3	fclass.s	x3,f29	 f29:0x4e9dffff  x3=0x00000040
     152935.000 ns	     15292	8000375c	00817ab3	and	x21,x2,x8	  x2:0x00000000  x8:0xfffffe5f x21=0x00000000
     152945.000 ns	     15293	80003760	001eb7b3	sltu	x15,x29,x1	 x29:0xfffffac6  x1:0x00000000 x15=0x00000000
     152965.000 ns	     15295	80003764	207483d3	fsgnj.s	f7,f9,f7	  f9:0x00000000  f7:0x3f800000  f7=0x00000000
     153005.000 ns	     15299	80003768	195efb53	fdiv.s	f22,f29,f21	 f29:0x4e9dffff f21:0x7fc00000 f22=0x7fc00000
     153035.000 ns	     15302	8000376c	03abbbb3	mulhu	x23,x23,x26	 x23:0x0000007a x26:0xdb24f710 x23=0x00000068
     153065.000 ns	     15305	80003770	02a69eb3	mulh	x29,x13,x10	 x13:0x00000350 x10:0x00000000 x29=0x00000000
     153085.000 ns	     15307	80003774	01ddedb3	or	x27,x27,x29	 x27:0x00000000 x29:0xfffffac6 x27=0x00000000
     153105.000 ns	     15309	80003778	a1a21dd3	flt.s	x27,f4,f26	  f4:0x00000000 f26:0x7fc00000 x27=0x00000000
     153125.000 ns	     15311	8000377c	0ce56413	ori	x8,x10,206	 x10:0x00000000  x8=0x000000ce
     153145.000 ns	     15313	80003780	a03e9153	flt.s	x2,f29,f3	 f29:0x4e9dffff  f3:0x00000000  x2=0x00000000
     153165.000 ns	     15315	80003784	00e34233	xor	x4,x6,x14	  x6:0x000007ff x14:0xfffffac6  x4=0xfffffd39
     153175.000 ns	     15316	80003788	00c24533	xor	x10,x4,x12	  x4:0x40041034 x12:0x00000000 x10=0xfffffd39
     153185.000 ns	     15317	8000378c	afa45837	lui	x16,0xafa45	 x16=0xafa45000
     153195.000 ns	     15318	80003790	00f07533	and	x10,x0,x15	  x0:0x00000000 x15:0x00000000 x10=0x00000000
     153225.000 ns	     15321	80003794	1171fc53	fmul.s	f24,f3,f23	  f3:0x00000000 f23:0x41800000 f24=0x00000000
     153265.000 ns	     15325	80003798	18762bd3	fdiv.s	f23,f12,f7	 f12:0x80040fe4  f7:0x00000000 f23=0xff800000
     153285.000 ns	     15327	8000379c	000e67b3	or	x15,x28,x0	 x28:0x00000000  x0:0x00000000 x15=0x00000000
     153305.000 ns	     15329	800037a0	f00d0dd3	fmv.w.x	f27,x26	 x26:0xdb24f710 f27=0xdb24f710
     153325.000 ns	     15331	800037a4	404707b3	sub	x15,x14,x4	 x14:0xfffffac6  x4:0xfffffd39 x15=0xfffffd8d
     153345.000 ns	     15333	800037a8	0350e533	rem	x10,x1,x21	  x1:0x00000000 x21:0x00000000 x10=0x00000000
     153375.000 ns	     15336	800037ac	a0ef2853	feq.s	x16,f30,f14	 f30:0x00000000 f14:0x4e9dffff x16=0x00000000
     153405.000 ns	     15339	800037b0	29320b53	fmin.s	f22,f4,f19	  f4:0x00000000 f19:0x00000000 f22=0x00000000
     153425.000 ns	     15341	800037b4	00000013	addi	x0,x0,0	  x0:0x00000000
     154595.000 ns	     15458	800037b8	580329d3	fsqrt.s	f19,f6	  f6:0x4f800000 f19=0x477fffae
     154615.000 ns	     15460	800037bc	00000013	addi	x0,x0,0	  x0:0x00000000
     154625.000 ns	     15461	800037c0	104f2913	slti	x18,x30,260	 x30:0xfffffe00 x18=0x00000001
     154665.000 ns	     15465	800037c4	082ef153	fsub.s	f2,f29,f2	 f29:0x4e9dffff  f2:0x4f800000  f2=0xcf310000
     154695.000 ns	     15468	800037c8	e0030cd3	fmv.x.w	x25,f6	  f6:0x4f800000 x25=0x4f800000
     154725.000 ns	     15471	800037cc	20d59f53	fsgnjn.s	f30,f11,f13	 f11:0x916ac42c f13:0xce9dffff f30=0x116ac42c
     154755.000 ns	     15474	800037d0	03c99133	mulh	x2,x19,x28	 x19:0x1710d712 x28:0x00000000  x2=0x00000000
     154775.000 ns	     15476	800037d4	79d66913	ori	x18,x12,1949	 x12:0x00000000 x18=0x0000079d
     154785.000 ns	     15477	800037d8	007cad33	slt	x26,x25,x7	 x25:0x4f800000  x7:0x1a100000 x26=0x00000000
     154825.000 ns	     15481	800037dc	09a57e53	fsub.s	f28,f10,f26	 f10:0x3f800000 f26:0x7fc00000 f28=0x7fc00000
     154865.000 ns	     15485	800037e0	5807f6d3	fsqrt.s	f13,f15	 f15:0xbf800000 f13=0x7fc00000
     154895.000 ns	     15488	800037e4	d007ae53	fcvt.s.w	f28,x15	 x15:0xfffffd8d f28=0xc41cc000
     155265.000 ns	     15525	800037e8	025eddb3	divu	x27,x29,x5	 x29:0x00000000  x5:0x0000000f x27=0x00000000
     155285.000 ns	     15527	800037ec	009af233	and	x4,x21,x9	 x21:0x00000000  x9:0x00000350  x4=0x00000000
     155295.000 ns	     15528	800037f0	012e10b7	lui	x1,0x12e1	  x1=0x012e1000
     155335.000 ns	     15532	800037f4	016a9153	fadd.s	f2,f21,f22	 f21:0x7fc00000 f22:0x00000000  f2=0x7fc00000
     155365.000 ns	     15535	800037f8	28c480d3	fmin.s	f1,f9,f12	  f9:0x00000000 f12:0x80040fe4  f1=0x80040fe4
     155405.000 ns	     15539	800037fc	187f0fd3	fdiv.s	f31,f30,f7	 f30:0x116ac42c  f7:0x00000000 f31=0x7f800000
     155425.000 ns	     15541	80003800	016de233	or	x4,x27,x22	 x27:0x00000000 x22:0x000001a1  x4=0x000001a1
     155445.000 ns	     15543	80003804	214e8ed3	fsgnj.s	f29,f29,f20	 f29:0x4e9dffff f20:0x00000000 f29=0x4e9dffff
     155475.000 ns	     15546	80003808	282103d3	fmin.s	f7,f2,f2	  f2:0x7fc00000  f2:0x7fc00000  f7=0x7fc00000
     155505.000 ns	     15549	8000380c	d0043dd3	fcvt.s.w	f27,x8	  x8:0x000000ce f27=0x434e0000
     155525.000 ns	     15551	80003810	965fa717	auipc	x14,0x965fa	 x14=0x165fd810
     155535.000 ns	     15552	80003814	00000013	addi	x0,x0,0	  x0:0x00000000
     155545.000 ns	     15553	80003818	00000013	addi	x0,x0,0	  x0:0x00000000
     155555.000 ns	     15554	8000381c	415f5013	srai	x0,x30,0x15	 x30:0xfffffe00
     155565.000 ns	     15555	80003820	0173f333	and	x6,x7,x23	  x7:0x1a100000 x23:0x00000068  x6=0x00000000
     155595.000 ns	     15558	80003824	580a7b53	fsqrt.s	f22,f20	 f20:0x00000000 f22=0x00000000
     155625.000 ns	     15561	80003828	e0010053	fmv.x.w	x0,f2	  f2:0x7fc00000
     155645.000 ns	     15563	8000382c	00781e33	sll	x28,x16,x7	 x16:0x00000000  x7:0x1a100000 x28=0x00000000
     155655.000 ns	     15564	80003830	0199d933	srl	x18,x19,x25	 x19:0x1710d712 x25:0x4f800000 x18=0x1710d712
     155665.000 ns	     15565	80003834	00000013	addi	x0,x0,0	  x0:0x00000000
     155685.000 ns	     15567	80003838	d0140fd3	fcvt.s.wu	f31,x8	  x8:0x000000ce f31=0x434e0000
     155715.000 ns	     15570	8000383c	035cfab3	remu	x21,x25,x21	 x25:0x4f800000 x21:0x00000000 x21=0x4f800000
     155735.000 ns	     15572	80003840	00000013	addi	x0,x0,0	  x0:0x00000000
     155775.000 ns	     15576	80003844	08fffad3	fsub.s	f21,f31,f15	 f31:0x434e0000 f15:0xbf800000 f21=0x434f0000
     155795.000 ns	     15578	80003848	01182d33	slt	x26,x16,x17	 x16:0x00000000 x17:0x80040fe4 x26=0x00000000
     155805.000 ns	     15579	8000384c	00f2cdb3	xor	x27,x5,x15	  x5:0x0000000f x15:0xfffffd8d x27=0xfffffd82
     155825.000 ns	     15581	80003850	032291b3	mulh	x3,x5,x18	  x5:0x0000000f x18:0x1710d712  x3=0x00000001
     155855.000 ns	     15584	80003854	21652b53	fsgnjx.s	f22,f10,f22	 f10:0x3f800000 f22:0x00000000 f22=0x3f800000
     155875.000 ns	     15586	80003858	40245413	srai	x8,x8,0x2	  x8:0x000000ce  x8=0x00000033
     155885.000 ns	     15587	8000385c	ca076413	ori	x8,x14,-864	 x14:0x165fd810  x8=0xfffffcb0
     155895.000 ns	     15588	80003860	00595f33	srl	x30,x18,x5	 x18:0x1710d712  x5:0x0000000f x30=0x00002e21
     156255.000 ns	     15624	80003864	0372dc33	divu	x24,x5,x23	  x5:0x0000000f x23:0x00000068 x24=0x00000000
     156285.000 ns	     15627	80003868	c0087dd3	fcvt.w.s	x27,f16	 f16:0x00000000 x27=0x00000000
     156315.000 ns	     15630	8000386c	c003f653	fcvt.w.s	x12,f7	  f7:0x7fc00000 x12=0x7fffffff
     156345.000 ns	     15633	80003870	d0029053	fcvt.s.w	f0,x5	  x5:0x0000000f  f0=0x41700000
     156375.000 ns	     15636	80003874	293a8f53	fmin.s	f30,f21,f19	 f21:0x434f0000 f19:0x477fffae f30=0x434f0000
     156395.000 ns	     15638	80003878	43fb4bb7	lui	x23,0x43fb4	 x23=0x43fb4000
     156405.000 ns	     15639	8000387c	000ddf93	srli	x31,x27,0x0	 x27:0x00000000 x31=0x00000000
     156425.000 ns	     15641	80003880	20572d53	fsgnjx.s	f26,f14,f5	 f14:0x4e9dffff  f5:0x00000000 f26=0x4e9dffff
     156445.000 ns	     15643	80003884	00325913	srli	x18,x4,0x3	  x4:0x000001a1 x18=0x00000034
     156465.000 ns	     15645	80003888	21b62953	fsgnjx.s	f18,f12,f27	 f12:0x80040fe4 f27:0x434e0000 f18=0x80040fe4
     156495.000 ns	     15648	8000388c	03558eb3	mul	x29,x11,x21	 x11:0x80041024 x21:0x4f800000 x29=0x2e000000
     156515.000 ns	     15650	80003890	5dd70b97	auipc	x23,0x5dd70	 x23=0xddd73890
     156535.000 ns	     15652	80003894	c01d73d3	fcvt.wu.s	x7,f26	 f26:0x4e9dffff  x7=0x4effff80
     156555.000 ns	     15654	80003898	012820b3	slt	x1,x16,x18	 x16:0x00000000 x18:0x00000034  x1=0x00000001
     156565.000 ns	     15655	8000389c	36994013	xori	x0,x18,873	 x18:0x00000034
     156585.000 ns	     15657	800038a0	c01e1053	fcvt.wu.s	x0,f28	 f28:0xc41cc000
     156605.000 ns	     15659	800038a4	00ca23b3	slt	x7,x20,x12	 x20:0x00000000 x12:0x7fffffff  x7=0x00000001
     156625.000 ns	     15661	800038a8	d01836d3	fcvt.s.wu	f13,x16	 x16:0x00000000 f13=0x00000000
     156645.000 ns	     15663	800038ac	009907b3	add	x15,x18,x9	 x18:0x00000034  x9:0x00000350 x15=0x00000384
     156655.000 ns	     15664	800038b0	00000013	addi	x0,x0,0	  x0:0x00000000
     156665.000 ns	     15665	800038b4	000f9313	slli	x6,x31,0x0	 x31:0x00000000  x6=0x00000000
     156705.000 ns	     15669	800038b8	0138b3d3	fadd.s	f7,f17,f19	 f17:0x3f800000 f19:0x477fffae  f7=0x47800057
     157075.000 ns	     15706	800038bc	02155033	divu	x0,x10,x1	 x10:0x00000000  x1:0x00000001
     157095.000 ns	     15708	800038c0	00696133	or	x2,x18,x6	 x18:0x00000034  x6:0x00000000  x2=0x00000034
     157105.000 ns	     15709	800038c4	6d40b813	sltiu	x16,x1,1748	  x1:0x00000001 x16=0x00000001
     157145.000 ns	     15713	800038c8	084cf6d3	fsub.s	f13,f25,f4	 f25:0x00000000  f4:0x00000000 f13=0x80000000
     157165.000 ns	     15715	800038cc	4046d733	sra	x14,x13,x4	 x13:0x00000350  x4:0x000001a1 x14=0x000001a8
     157185.000 ns	     15717	800038d0	03ffdfb3	divu	x31,x31,x31	 x31:0x00000000 x31:0x00000000 x31=0xffffffff
     157205.000 ns	     15719	800038d4	f1857313	andi	x6,x10,-232	 x10:0x00000000  x6=0x00000000
     157215.000 ns	     15720	800038d8	01a54fb3	xor	x31,x10,x26	 x10:0x00000000 x26:0x00000000 x31=0x00000000
     157225.000 ns	     15721	800038dc	405904b3	sub	x9,x18,x5	 x18:0x00000034  x5:0x0000000f  x9=0x00000025
     157235.000 ns	     15722	800038e0	015902b3	add	x5,x18,x21	 x18:0x00000034 x21:0x4f800000  x5=0x4f800034
     157565.000 ns	     15755	800038e4	18832e53	fdiv.s	f28,f6,f8	  f6:0x4f800000  f8:0xce9dffff f28=0xc0000000
     157585.000 ns	     15757	800038e8	01401813	slli	x16,x0,0x14	  x0:0x00000000 x16=0x00000000
     157595.000 ns	     15758	800038ec	413cdf33	sra	x30,x25,x19	 x25:0x4f800000 x19:0x1710d712 x30=0x000013e0
     157605.000 ns	     15759	800038f0	012e7533	and	x10,x28,x18	 x28:0x00000000 x18:0x00000034 x10=0x00000000
     157615.000 ns	     15760	800038f4	6f7bc917	auipc	x18,0x6f7bc	 x18=0xef7bf8f4
     157945.000 ns	     15793	800038f8	18fdf9d3	fdiv.s	f19,f27,f15	 f27:0x434e0000 f15:0xbf800000 f19=0xc2d508ae
     157965.000 ns	     15795	800038fc	9747a2b7	lui	x5,0x9747a	  x5=0x9747a000
     157985.000 ns	     15797	80003900	d0122053	fcvt.s.wu	f0,x4	  x4:0x000001a1  f0=0x43d08000
     158015.000 ns	     15800	80003904	c0179f53	fcvt.wu.s	x30,f15	 f15:0xbf800000 x30=0x00000001
     158035.000 ns	     15802	80003908	01595f93	srli	x31,x18,0x15	 x18:0xef7bf8f4 x31=0x0000077b
     158045.000 ns	     15803	8000390c	0176d393	srli	x7,x13,0x17	 x13:0x00000350  x7=0x00000000
     158065.000 ns	     15805	80003910	02db8fb3	mul	x31,x23,x13	 x23:0xddd73890 x13:0x00000350 x31=0xd8eb5d00
     158085.000 ns	     15807	80003914	01fb82b3	add	x5,x23,x31	 x23:0xddd73890 x31:0x0000077b  x5=0xb6c29590
     158095.000 ns	     15808	80003918	40520a33	sub	x20,x4,x5	  x4:0x000001a1  x5:0x9747a000 x20=0x493d6c11
     158105.000 ns	     15809	8000391c	0105d4b3	srl	x9,x11,x16	 x11:0x80041024 x16:0x00000000  x9=0x80041024
     158115.000 ns	     15810	80003920	0058d193	srli	x3,x17,0x5	 x17:0x80040fe4  x3=0x0400207f
     158125.000 ns	     15811	80003924	00000013	addi	x0,x0,0	  x0:0x00000000
     158485.000 ns	     15847	80003928	02324d33	div	x26,x4,x3	  x4:0x000001a1  x3:0x00000001 x26=0x00000000
     158505.000 ns	     15849	8000392c	2b466613	ori	x12,x12,692	 x12:0x7fffffff x12=0x7fffffff
     158865.000 ns	     15885	80003930	039fc033	div	x0,x31,x25	 x31:0xd8eb5d00 x25:0x4f800000
     158885.000 ns	     15887	80003934	00000013	addi	x0,x0,0	  x0:0x00000000
     158895.000 ns	     15888	80003938	df843037	lui	x0,0xdf843	
     158935.000 ns	     15892	8000393c	08497cd3	fsub.s	f25,f18,f4	 f18:0x80040fe4  f4:0x00000000 f25=0x80040fe4
     158965.000 ns	     15895	80003940	21fe0353	fsgnj.s	f6,f28,f31	 f28:0xc0000000 f31:0x434e0000  f6=0x40000000
     159335.000 ns	     15932	80003944	02fccab3	div	x21,x25,x15	 x25:0x4f800000 x15:0x00000384 x21=0x00169d03
     159365.000 ns	     15935	80003948	d012f253	fcvt.s.wu	f4,x5	  x5:0xb6c29590  f4=0x4f36c295
     159735.000 ns	     15972	8000394c	03126a33	rem	x20,x4,x17	  x4:0x000001a1 x17:0x80040fe4 x20=0x000001a1
     160105.000 ns	     16009	80003950	023ae933	rem	x18,x21,x3	 x21:0x00169d03  x3:0x0400207f x18=0x00169d03
     160125.000 ns	     16011	80003954	41065793	srai	x15,x12,0x10	 x12:0x7fffffff x15=0x00007fff
     160485.000 ns	     16047	80003958	0256e533	rem	x10,x13,x5	 x13:0x00000350  x5:0xb6c29590 x10=0x00000350
     160505.000 ns	     16049	8000395c	00d05b33	srl	x22,x0,x13	  x0:0x00000000 x13:0x00000350 x22=0x00000000
     160525.000 ns	     16051	80003960	02090133	mul	x2,x18,x0	 x18:0x00169d03  x0:0x00000000  x2=0x00000000
     160545.000 ns	     16053	80003964	92fdb493	sltiu	x9,x27,-1745	 x27:0x00000000  x9=0x00000001
     160905.000 ns	     16089	80003968	03d1ccb3	div	x25,x3,x29	  x3:0x0400207f x29:0x2e000000 x25=0x00000000
     160935.000 ns	     16092	8000396c	e00f0153	fmv.x.w	x2,f30	 f30:0x434f0000  x2=0x434f0000
     160955.000 ns	     16094	80003970	15830913	addi	x18,x6,344	  x6:0x00000000 x18=0x00000158
     160975.000 ns	     16096	80003974	a0460bd3	fle.s	x23,f12,f4	 f12:0x80040fe4  f4:0x4f36c295 x23=0x00000001
     161025.000 ns	     16101	80003978	08157c53	fsub.s	f24,f10,f1	 f10:0x3f800000  f1:0x80040fe4 f24=0x3f800000
     161055.000 ns	     16104	8000397c	03073633	mulhu	x12,x14,x16	 x14:0x000001a8 x16:0x00000000 x12=0x00000000
     161085.000 ns	     16107	80003980	f00304d3	fmv.w.x	f9,x6	  x6:0x00000000  f9=0x00000000
     161105.000 ns	     16109	80003984	66f3b013	sltiu	x0,x7,1647	  x7:0x00000000
     161115.000 ns	     16110	80003988	00fc7a33	and	x20,x24,x15	 x24:0x00000000 x15:0x00007fff x20=0x00000000
     161125.000 ns	     16111	8000398c	00baa3b3	slt	x7,x21,x11	 x21:0x00169d03 x11:0x80041024  x7=0x00000000
     161135.000 ns	     16112	80003990	00e86633	or	x12,x16,x14	 x16:0x00000000 x14:0x000001a8 x12=0x000001a8
     161495.000 ns	     16148	80003994	02f5dbb3	divu	x23,x11,x15	 x11:0x80041024 x15:0x00007fff x23=0x0001000a
     161515.000 ns	     16150	80003998	004a2f33	slt	x30,x20,x4	 x20:0x00000000  x4:0x000001a1 x30=0x00000001
     161535.000 ns	     16152	8000399c	03ac1133	mulh	x2,x24,x26	 x24:0x00000000 x26:0x00000000  x2=0x00000000
     161565.000 ns	     16155	800039a0	299190d3	fmax.s	f1,f3,f25	  f3:0x00000000 f25:0x80040fe4  f1=0x00000000
     161585.000 ns	     16157	800039a4	70676837	lui	x16,0x70676	 x16=0x70676000
     161595.000 ns	     16158	800039a8	406bd913	srai	x18,x23,0x6	 x23:0x0001000a x18=0x00000400
     161605.000 ns	     16159	800039ac	009500b3	add	x1,x10,x9	 x10:0x00000350  x9:0x00000001  x1=0x00000351
     161965.000 ns	     16195	800039b0	02c8cd33	div	x26,x17,x12	 x17:0x80040fe4 x12:0x000001a8 x26=0xffb2ba00
     161985.000 ns	     16197	800039b4	01a79393	slli	x7,x15,0x1a	 x15:0x00007fff  x7=0xfc000000
     161995.000 ns	     16198	800039b8	fef1d3b7	lui	x7,0xfef1d	  x7=0xfef1d000
     162005.000 ns	     16199	800039bc	01afd313	srli	x6,x31,0x1a	 x31:0xd8eb5d00  x6=0x00000036
     162015.000 ns	     16200	800039c0	00000013	addi	x0,x0,0	  x0:0x00000000
     162025.000 ns	     16201	800039c4	0138db13	srli	x22,x17,0x13	 x17:0x80040fe4 x22=0x00001000
     162385.000 ns	     16237	800039c8	02f4edb3	rem	x27,x9,x15	  x9:0x00000001 x15:0x00007fff x27=0x00000001
     162405.000 ns	     16239	800039cc	bb467c97	auipc	x25,0xbb467	 x25=0x3b46a9cc
     162435.000 ns	     16242	800039d0	1974bb53	fdiv.s	f22,f9,f23	  f9:0x00000000 f23:0xff800000 f22=0x80000000
     162455.000 ns	     16244	800039d4	006832b3	sltu	x5,x16,x6	 x16:0x70676000  x6:0x00000036  x5=0x00000000
     162475.000 ns	     16246	800039d8	c01d7b53	fcvt.wu.s	x22,f26	 f26:0x4e9dffff x22=0x4effff80
     162495.000 ns	     16248	800039dc	40add933	sra	x18,x27,x10	 x27:0x00000001 x10:0x00000350 x18=0x00000000
     162855.000 ns	     16284	800039e0	03fde2b3	rem	x5,x27,x31	 x27:0x00000001 x31:0xd8eb5d00  x5=0x00000001
     162885.000 ns	     16287	800039e4	c015fb53	fcvt.wu.s	x22,f11	 f11:0x916ac42c x22=0x00000000
     162915.000 ns	     16290	800039e8	a0592ad3	feq.s	x21,f18,f5	 f18:0x80040fe4  f5:0x00000000 x21=0x00000000
     162935.000 ns	     16292	800039ec	40555f93	srai	x31,x10,0x5	 x10:0x00000350 x31=0x0000001a
     164105.000 ns	     16409	800039f0	5803ffd3	fsqrt.s	f31,f7	  f7:0x47800057 f31=0x43800003
     164125.000 ns	     16411	800039f4	11acba93	sltiu	x21,x25,282	 x25:0x3b46a9cc x21=0x00000000
     164165.000 ns	     16415	800039f8	00887153	fadd.s	f2,f16,f8	 f16:0x00000000  f8:0xce9dffff  f2=0xce9dffff
     164195.000 ns	     16418	800039fc	a15fabd3	feq.s	x23,f31,f21	 f31:0x43800003 f21:0x434f0000 x23=0x00000000
     164225.000 ns	     16421	80003a00	c007fbd3	fcvt.w.s	x23,f15	 f15:0xbf800000 x23=0x00000001
     164255.000 ns	     16424	80003a04	d00ec1d3	fcvt.s.w	f3,x29	 x29:0x2e000000  f3=0x4e380000
     164285.000 ns	     16427	80003a08	024e24b3	mulhsu	x9,x28,x4	 x28:0x00000000  x4:0x000001a1  x9=0x00000000
     164335.000 ns	     16432	80003a0c	006df1d3	fadd.s	f3,f27,f6	 f27:0x434e0000  f6:0x40000000  f3=0x43500000
     164365.000 ns	     16435	80003a10	a0ffa553	feq.s	x10,f31,f15	 f31:0x43800003 f15:0xbf800000 x10=0x00000000
     164395.000 ns	     16438	80003a14	21758453	fsgnj.s	f8,f11,f23	 f11:0x916ac42c f23:0xff800000  f8=0x916ac42c
     164445.000 ns	     16443	80003a18	09113fd3	fsub.s	f31,f2,f17	  f2:0xce9dffff f17:0x3f800000 f31=0xce9dffff
     164485.000 ns	     16447	80003a1c	10100fd3	fmul.s	f31,f0,f1	  f0:0x43d08000  f1:0x00000000 f31=0x00000000
     164515.000 ns	     16450	80003a20	d01c4553	fcvt.s.wu	f10,x24	 x24:0x00000000 f10=0x00000000
     164555.000 ns	     16454	80003a24	580877d3	fsqrt.s	f15,f16	 f16:0x00000000 f15=0x00000000
     164925.000 ns	     16491	80003a28	031f6d33	rem	x26,x30,x17	 x30:0x00000001 x17:0x80040fe4 x26=0x00000001
     166105.000 ns	     16609	80003a2c	58003f53	fsqrt.s	f30,f0	  f0:0x43d08000 f30=0x41a35d57
     166125.000 ns	     16611	80003a30	004e1913	slli	x18,x28,0x4	 x28:0x00000000 x18=0x00000000
     166135.000 ns	     16612	80003a34	ab2b6d37	lui	x26,0xab2b6	 x26=0xab2b6000
     166145.000 ns	     16613	80003a38	410d5d93	srai	x27,x26,0x10	 x26:0x00000001 x27=0xffffab2b
     166155.000 ns	     16614	80003a3c	416bc693	xori	x13,x23,1046	 x23:0x00000001 x13=0x00000417
     166165.000 ns	     16615	80003a40	00057ab3	and	x21,x10,x0	 x10:0x00000000  x0:0x00000000 x21=0x00000000
     166185.000 ns	     16617	80003a44	d00af0d3	fcvt.s.w	f1,x21	 x21:0x00000000  f1=0x00000000
     166235.000 ns	     16622	80003a48	09a5fad3	fsub.s	f21,f11,f26	 f11:0x916ac42c f26:0x4e9dffff f21=0xce9dffff
     166255.000 ns	     16624	80003a4c	00699e33	sll	x28,x19,x6	 x19:0x1710d712  x6:0x00000036 x28=0xc4800000
     166275.000 ns	     16626	80003a50	a11c2753	feq.s	x14,f24,f17	 f24:0x3f800000 f17:0x3f800000 x14=0x00000001
     166305.000 ns	     16629	80003a54	d007c553	fcvt.s.w	f10,x15	 x15:0x00007fff f10=0x46fffe00
     166325.000 ns	     16631	80003a58	003857b3	srl	x15,x16,x3	 x16:0x70676000  x3:0x0400207f x15=0x00000000
     166345.000 ns	     16633	80003a5c	21808253	fsgnj.s	f4,f1,f24	  f1:0x00000000 f24:0x3f800000  f4=0x00000000
     166375.000 ns	     16636	80003a60	a15a22d3	feq.s	x5,f20,f21	 f20:0x00000000 f21:0xce9dffff  x5=0x00000000
     166405.000 ns	     16639	80003a64	20748d53	fsgnj.s	f26,f9,f7	  f9:0x00000000  f7:0x47800057 f26=0x00000000
     166435.000 ns	     16642	80003a68	e00382d3	fmv.x.w	x5,f7	  f7:0x47800057  x5=0x47800057
     166455.000 ns	     16644	80003a6c	01461813	slli	x16,x12,0x14	 x12:0x000001a8 x16=0x1a800000
     166475.000 ns	     16646	80003a70	e0011853	fclass.s	x16,f2	  f2:0xce9dffff x16=0x00000002
     166495.000 ns	     16648	80003a74	26b44e13	xori	x28,x8,619	  x8:0xfffffcb0 x28=0xfffffedb
     166505.000 ns	     16649	80003a78	00c26733	or	x14,x4,x12	  x4:0x000001a1 x12:0x000001a8 x14=0x000001a9
     166535.000 ns	     16652	80003a7c	10937153	fmul.s	f2,f6,f9	  f6:0x40000000  f9:0x00000000  f2=0x00000000
     166905.000 ns	     16689	80003a80	037f5933	divu	x18,x30,x23	 x30:0x00000001 x23:0x00000001 x18=0x00000001
     166925.000 ns	     16691	80003a84	11a76513	ori	x10,x14,282	 x14:0x000001a9 x10=0x000001bb
     166935.000 ns	     16692	80003a88	00000013	addi	x0,x0,0	  x0:0x00000000
     166955.000 ns	     16694	80003a8c	02fbff33	remu	x30,x23,x15	 x23:0x00000001 x15:0x00000000 x30=0x00000001
     166985.000 ns	     16697	80003a90	035406b3	mul	x13,x8,x21	  x8:0xfffffcb0 x21:0x00000000 x13=0x00000000
     167015.000 ns	     16700	80003a94	20f4ab53	fsgnjx.s	f22,f9,f15	  f9:0x00000000 f15:0x00000000 f22=0x00000000
     167035.000 ns	     16702	80003a98	435c9297	auipc	x5,0x435c9	  x5=0xc35cca98
     167045.000 ns	     16703	80003a9c	00ba9e33	sll	x28,x21,x11	 x21:0x00000000 x11:0x80041024 x28=0x00000000
     167075.000 ns	     16706	80003aa0	19dd01d3	fdiv.s	f3,f26,f29	 f26:0x00000000 f29:0x4e9dffff  f3=0x00000000
     167095.000 ns	     16708	80003aa4	bb042e93	slti	x29,x8,-1104	  x8:0xfffffcb0 x29=0x00000000
     167115.000 ns	     16710	80003aa8	a081aa53	feq.s	x20,f3,f8	  f3:0x00000000  f8:0x916ac42c x20=0x00000000
     167145.000 ns	     16713	80003aac	29558ad3	fmin.s	f21,f11,f21	 f11:0x916ac42c f21:0xce9dffff f21=0xce9dffff
     167165.000 ns	     16715	80003ab0	0030dbb3	srl	x23,x1,x3	  x1:0x00000351  x3:0x0400207f x23=0x00000000
     167205.000 ns	     16719	80003ab4	011e9c53	fadd.s	f24,f29,f17	 f29:0x4e9dffff f17:0x3f800000 f24=0x4e9dffff
     167225.000 ns	     16721	80003ab8	01730d33	add	x26,x6,x23	  x6:0x00000036 x23:0x00000001 x26=0x00000036
     167235.000 ns	     16722	80003abc	41435d33	sra	x26,x6,x20	  x6:0x00000036 x20:0x00000000 x26=0x00000036
     167255.000 ns	     16724	80003ac0	20ca9f53	fsgnjn.s	f30,f21,f12	 f21:0xce9dffff f12:0x80040fe4 f30=0x4e9dffff
     167625.000 ns	     16761	80003ac4	0236f133	remu	x2,x13,x3	 x13:0x00000000  x3:0x0400207f  x2=0x00000000
     167655.000 ns	     16764	80003ac8	29980653	fmin.s	f12,f16,f25	 f16:0x00000000 f25:0x80040fe4 f12=0x80040fe4
     167685.000 ns	     16767	80003acc	28d10d53	fmin.s	f26,f2,f13	  f2:0x00000000 f13:0x80000000 f26=0x80000000
     167715.000 ns	     16770	80003ad0	030a84b3	mul	x9,x21,x16	 x21:0x00000000 x16:0x00000002  x9=0x00000000
     167735.000 ns	     16772	80003ad4	010f0c33	add	x24,x30,x16	 x30:0x00000001 x16:0x00000002 x24=0x00000003
     167755.000 ns	     16774	80003ad8	a04ea053	feq.s	x0,f29,f4	 f29:0x4e9dffff  f4:0x00000000
     167775.000 ns	     16776	80003adc	0d4d3293	sltiu	x5,x26,212	 x26:0x00000036  x5=0x00000001
     167795.000 ns	     16778	80003ae0	d01571d3	fcvt.s.wu	f3,x10	 x10:0x000001bb  f3=0x43dd8000
     167815.000 ns	     16780	80003ae4	40fb5ab3	sra	x21,x22,x15	 x22:0x00000000 x15:0x00000000 x21=0x00000000
     167835.000 ns	     16782	80003ae8	20a00ad3	fsgnj.s	f21,f0,f10	  f0:0x43d08000 f10:0x46fffe00 f21=0x43d08000
     167865.000 ns	     16785	80003aec	03ae2133	mulhsu	x2,x28,x26	 x28:0x00000000 x26:0x00000036  x2=0x00000000
     167885.000 ns	     16787	80003af0	39c3ec93	ori	x25,x7,924	  x7:0xfef1d000 x25=0xfef1d39c
     167925.000 ns	     16791	80003af4	016c10d3	fadd.s	f1,f24,f22	 f24:0x4e9dffff f22:0x00000000  f1=0x4e9dffff
     167945.000 ns	     16793	80003af8	01cb6733	or	x14,x22,x28	 x22:0x00000000 x28:0x00000000 x14=0x00000000
     167955.000 ns	     16794	80003afc	00142133	slt	x2,x8,x1	  x8:0xfffffcb0  x1:0x00000351  x2=0x00000001
     167975.000 ns	     16796	80003b00	021cbbb3	mulhu	x23,x25,x1	 x25:0xfef1d39c  x1:0x00000351 x23=0x0000034d
     167995.000 ns	     16798	80003b04	53c13c13	sltiu	x24,x2,1340	  x2:0x00000000 x24=0x00000001
     168005.000 ns	     16799	80003b08	7b11ec13	ori	x24,x3,1969	  x3:0x0400207f x24=0x040027ff
     168015.000 ns	     16800	80003b0c	84d8e017	auipc	x0,0x84d8e	
     168035.000 ns	     16802	80003b10	a0862653	feq.s	x12,f12,f8	 f12:0x80040fe4  f8:0x916ac42c x12=0x00000000
     168055.000 ns	     16804	80003b14	87962e13	slti	x28,x12,-1927	 x12:0x000001a8 x28=0x00000000
     168065.000 ns	     16805	80003b18	01b58eb3	add	x29,x11,x27	 x11:0x80041024 x27:0xffffab2b x29=0x8003bb4f
     168085.000 ns	     16807	80003b1c	21060953	fsgnj.s	f18,f12,f16	 f12:0x80040fe4 f16:0x00000000 f18=0x00040fe4
     168125.000 ns	     16811	80003b20	102382d3	fmul.s	f5,f7,f2	  f7:0x47800057  f2:0x00000000  f5=0x00000000
     168155.000 ns	     16814	80003b24	c00b4ad3	fcvt.w.s	x21,f22	 f22:0x00000000 x21=0x00000000
     168175.000 ns	     16816	80003b28	00000013	addi	x0,x0,0	  x0:0x00000000
     168185.000 ns	     16817	80003b2c	00245833	srl	x16,x8,x2	  x8:0xfffffcb0  x2:0x00000001 x16=0x7ffffe58
     168205.000 ns	     16819	80003b30	039c0433	mul	x8,x24,x25	 x24:0x040027ff x25:0xfef1d39c  x8=0x3a1e8c64
     168235.000 ns	     16822	80003b34	029e54b3	divu	x9,x28,x9	 x28:0x00000000  x9:0x00000000  x9=0xffffffff
     168265.000 ns	     16825	80003b38	02e87033	remu	x0,x16,x14	 x16:0x7ffffe58 x14:0x00000000
     168285.000 ns	     16827	80003b3c	00000013	addi	x0,x0,0	  x0:0x00000000
     168295.000 ns	     16828	80003b40	01d46eb3	or	x29,x8,x29	  x8:0x3a1e8c64 x29:0x8003bb4f x29=0xba1fbf6f
     168305.000 ns	     16829	80003b44	0176fa33	and	x20,x13,x23	 x13:0x00000000 x23:0x0000034d x20=0x00000000
     168315.000 ns	     16830	80003b48	00561bb3	sll	x23,x12,x5	 x12:0x00000000  x5:0x00000001 x23=0x00000000
     168325.000 ns	     16831	80003b4c	40e58333	sub	x6,x11,x14	 x11:0x80041024 x14:0x00000000  x6=0x80041024
     168355.000 ns	     16834	80003b50	11500fd3	fmul.s	f31,f0,f21	  f0:0x43d08000 f21:0x43d08000 f31=0x4829d040
     168375.000 ns	     16836	80003b54	2d22c393	xori	x7,x5,722	  x5:0x00000001  x7=0x000002d3
     168385.000 ns	     16837	80003b58	8fe73493	sltiu	x9,x14,-1794	 x14:0x00000000  x9=0x00000001
     168395.000 ns	     16838	80003b5c	f9b27313	andi	x6,x4,-101	  x4:0x000001a1  x6=0x00000181
     168415.000 ns	     16840	80003b60	020af733	remu	x14,x21,x0	 x21:0x00000000  x0:0x00000000 x14=0x00000000
     168785.000 ns	     16877	80003b64	02a2cdb3	div	x27,x5,x10	  x5:0x00000001 x10:0x000001bb x27=0x00000000
     168805.000 ns	     16879	80003b68	01839e33	sll	x28,x7,x24	  x7:0x000002d3 x24:0x040027ff x28=0x80000000
     168845.000 ns	     16883	80003b6c	08d273d3	fsub.s	f7,f4,f13	  f4:0x00000000 f13:0x80000000  f7=0x00000000
     168865.000 ns	     16885	80003b70	012e3d33	sltu	x26,x28,x18	 x28:0x00000000 x18:0x00000001 x26=0x00000000
     168875.000 ns	     16886	80003b74	008babb3	slt	x23,x23,x8	 x23:0x00000000  x8:0x3a1e8c64 x23=0x00000001
     168885.000 ns	     16887	80003b78	01a7e3b3	or	x7,x15,x26	 x15:0x00000000 x26:0x00000036  x7=0x00000000
     168895.000 ns	     16888	80003b7c	00000013	addi	x0,x0,0	  x0:0x00000000
     168905.000 ns	     16889	80003b80	0010e833	or	x16,x1,x1	  x1:0x00000351  x1:0x00000351 x16=0x00000351
     168915.000 ns	     16890	80003b84	000bc1b3	xor	x3,x23,x0	 x23:0x00000001  x0:0x00000000  x3=0x00000001
     168925.000 ns	     16891	80003b88	d2547213	andi	x4,x8,-731	  x8:0x3a1e8c64  x4=0x3a1e8c24
     168965.000 ns	     16895	80003b8c	083a03d3	fsub.s	f7,f20,f3	 f20:0x00000000  f3:0x43dd8000  f7=0xc3dd8000
     168985.000 ns	     16897	80003b90	2ba6c193	xori	x3,x13,698	 x13:0x00000000  x3=0x000002ba
     168995.000 ns	     16898	80003b94	0172d333	srl	x6,x5,x23	  x5:0x00000001 x23:0x00000001  x6=0x00000000
     169005.000 ns	     16899	80003b98	006f2ab3	slt	x21,x30,x6	 x30:0x00000001  x6:0x00000181 x21=0x00000000
     169025.000 ns	     16901	80003b9c	02796f33	rem	x30,x18,x7	 x18:0x00000001  x7:0x00000000 x30=0x00000001
     169045.000 ns	     16903	80003ba0	dc903313	sltiu	x6,x0,-567	  x0:0x00000000  x6=0x00000001
     169065.000 ns	     16905	80003ba4	298e97d3	fmax.s	f15,f29,f24	 f29:0x4e9dffff f24:0x4e9dffff f15=0x4e9dffff
     169085.000 ns	     16907	80003ba8	fe72fb93	andi	x23,x5,-25	  x5:0x00000001 x23=0x00000001
     169105.000 ns	     16909	80003bac	281a8453	fmin.s	f8,f21,f1	 f21:0x43d08000  f1:0x4e9dffff  f8=0x43d08000
     169135.000 ns	     16912	80003bb0	a189ad53	feq.s	x26,f19,f24	 f19:0xc2d508ae f24:0x4e9dffff x26=0x00000000
     169165.000 ns	     16915	80003bb4	21c08253	fsgnj.s	f4,f1,f28	  f1:0x4e9dffff f28:0xc0000000  f4=0xce9dffff
     169185.000 ns	     16917	80003bb8	01fc50b3	srl	x1,x24,x31	 x24:0x040027ff x31:0x0000001a  x1=0x00000001
     169195.000 ns	     16918	80003bbc	007f5693	srli	x13,x30,0x7	 x30:0x00000001 x13=0x00000000
     169205.000 ns	     16919	80003bc0	016fa433	slt	x8,x31,x22	 x31:0x0000001a x22:0x00000000  x8=0x00000000
     169225.000 ns	     16921	80003bc4	29629cd3	fmax.s	f25,f5,f22	  f5:0x00000000 f22:0x00000000 f25=0x00000000
     169255.000 ns	     16924	80003bc8	2006af53	fsgnjx.s	f30,f13,f0	 f13:0x80000000  f0:0x43d08000 f30=0x80000000
     169625.000 ns	     16961	80003bcc	032febb3	rem	x23,x31,x18	 x31:0x0000001a x18:0x00000001 x23=0x00000000
     169645.000 ns	     16963	80003bd0	01a50233	add	x4,x10,x26	 x10:0x000001bb x26:0x00000000  x4=0x000001bb
     169665.000 ns	     16965	80003bd4	a0168ed3	fle.s	x29,f13,f1	 f13:0x80000000  f1:0x4e9dffff x29=0x00000001
     169695.000 ns	     16968	80003bd8	e00a1953	fclass.s	x18,f20	 f20:0x00000000 x18=0x00000010
     169725.000 ns	     16971	80003bdc	29a480d3	fmin.s	f1,f9,f26	  f9:0x00000000 f26:0x80000000  f1=0x80000000
     169755.000 ns	     16974	80003be0	e0069cd3	fclass.s	x25,f13	 f13:0x80000000 x25=0x00000008
     169785.000 ns	     16977	80003be4	03460e33	mul	x28,x12,x20	 x12:0x00000000 x20:0x00000000 x28=0x00000000
     169835.000 ns	     16982	80003be8	09c599d3	fsub.s	f19,f11,f28	 f11:0x916ac42c f28:0xc0000000 f19=0x40000000
     169855.000 ns	     16984	80003bec	41295f33	sra	x30,x18,x18	 x18:0x00000010 x18:0x00000010 x30=0x00000000
     169865.000 ns	     16985	80003bf0	40305033	sra	x0,x0,x3	  x0:0x00000000  x3:0x000002ba
     169885.000 ns	     16987	80003bf4	f00b0b53	fmv.w.x	f22,x22	 x22:0x00000000 f22=0x00000000
     170225.000 ns	     17021	80003bf8	18c97ed3	fdiv.s	f29,f18,f12	 f18:0x00040fe4 f12:0x80040fe4 f29=0xbcb78297
     170245.000 ns	     17023	80003bfc	0018e433	or	x8,x17,x1	 x17:0x80040fe4  x1:0x00000001  x8=0x80040fe5
     170255.000 ns	     17024	80003c00	01f0ec33	or	x24,x1,x31	  x1:0x00000001 x31:0x0000001a x24=0x0000001b
     170265.000 ns	     17025	80003c04	83bda693	slti	x13,x27,-1989	 x27:0x00000000 x13=0x00000000
     170625.000 ns	     17061	80003c08	0225ff33	remu	x30,x11,x2	 x11:0x80041024  x2:0x00000001 x30=0x00000000
     170665.000 ns	     17065	80003c0c	11648b53	fmul.s	f22,f9,f22	  f9:0x00000000 f22:0x00000000 f22=0x00000000
     170695.000 ns	     17068	80003c10	d009b153	fcvt.s.w	f2,x19	 x19:0x1710d712  f2=0x4db886b9
     170715.000 ns	     17070	80003c14	007552b3	srl	x5,x10,x7	 x10:0x000001bb  x7:0x00000000  x5=0x000001bb
     170725.000 ns	     17071	80003c18	1fcd8613	addi	x12,x27,508	 x27:0x00000000 x12=0x000001fc
     170745.000 ns	     17073	80003c1c	285c9753	fmax.s	f14,f25,f5	 f25:0x00000000  f5:0x00000000 f14=0x00000000
     170775.000 ns	     17076	80003c20	a19c02d3	fle.s	x5,f24,f25	 f24:0x4e9dffff f25:0x00000000  x5=0x00000000
     170795.000 ns	     17078	80003c24	e6e64d93	xori	x27,x12,-402	 x12:0x000001fc x27=0xffffff92
     170805.000 ns	     17079	80003c28	01f1f633	and	x12,x3,x31	  x3:0x000002ba x31:0x0000001a x12=0x0000001a
     170815.000 ns	     17080	80003c2c	fe43b217	auipc	x4,0xfe43b	  x4=0x7e43ec2c
     170825.000 ns	     17081	80003c30	41a85c13	srai	x24,x16,0x1a	 x16:0x00000351 x24=0x00000000
     170845.000 ns	     17083	80003c34	024b31b3	mulhu	x3,x22,x4	 x22:0x00000000  x4:0x000001bb  x3=0x00000000
     170865.000 ns	     17085	80003c38	93203617	auipc	x12,0x93203	 x12=0x13206c38
     170885.000 ns	     17087	80003c3c	201999d3	fsgnjn.s	f19,f19,f1	 f19:0x40000000  f1:0x80000000 f19=0x40000000
     170905.000 ns	     17089	80003c40	7f25a313	slti	x6,x11,2034	 x11:0x80041024  x6=0x00000001
     170915.000 ns	     17090	80003c44	98904393	xori	x7,x0,-1655	  x0:0x00000000  x7=0xfffff989
     170925.000 ns	     17091	80003c48	00c827b3	slt	x15,x16,x12	 x16:0x00000351 x12:0x13206c38 x15=0x00000001
     170935.000 ns	     17092	80003c4c	01204233	xor	x4,x0,x18	  x0:0x00000000 x18:0x00000010  x4=0x00000010
     170945.000 ns	     17093	80003c50	00144133	xor	x2,x8,x1	  x8:0x80040fe5  x1:0x00000001  x2=0x80040fe4
     170985.000 ns	     17097	80003c54	094a9853	fsub.s	f16,f21,f20	 f21:0x43d08000 f20:0x00000000 f16=0x43d08000
     171005.000 ns	     17099	80003c58	00155fb3	srl	x31,x10,x1	 x10:0x000001bb  x1:0x00000001 x31=0x000000dd
     171025.000 ns	     17101	80003c5c	02593733	mulhu	x14,x18,x5	 x18:0x00000010  x5:0x00000000 x14=0x00000000
     171055.000 ns	     17104	80003c60	03c137b3	mulhu	x15,x2,x28	  x2:0x80040fe4 x28:0x00000000 x15=0x00000000
     171085.000 ns	     17107	80003c64	c0192d53	fcvt.wu.s	x26,f18	 f18:0x00040fe4 x26=0x00000000
     171105.000 ns	     17109	80003c68	d9e2ae93	slti	x29,x5,-610	  x5:0x00000000 x29=0x00000000
     171115.000 ns	     17110	80003c6c	00a3ffb3	and	x31,x7,x10	  x7:0xfffff989 x10:0x000001bb x31=0x00000189
     171135.000 ns	     17112	80003c70	02c91333	mulh	x6,x18,x12	 x18:0x00000010 x12:0x13206c38  x6=0x00000001
     171165.000 ns	     17115	80003c74	c01efcd3	fcvt.wu.s	x25,f29	 f29:0xbcb78297 x25=0x00000000
     171195.000 ns	     17118	80003c78	0208ffb3	remu	x31,x17,x0	 x17:0x80040fe4  x0:0x00000000 x31=0x80040fe4
     171225.000 ns	     17121	80003c7c	f0050953	fmv.w.x	f18,x10	 x10:0x000001bb f18=0x000001bb
     171245.000 ns	     17123	80003c80	01185793	srli	x15,x16,0x11	 x16:0x00000351 x15=0x00000000
     171265.000 ns	     17125	80003c84	20031553	fsgnjn.s	f10,f6,f0	  f6:0x40000000  f0:0x43d08000 f10=0xc0000000
     171285.000 ns	     17127	80003c88	4e71ea93	ori	x21,x3,1255	  x3:0x00000000 x21=0x000004e7
     171295.000 ns	     17128	80003c8c	01486b33	or	x22,x16,x20	 x16:0x00000351 x20:0x00000000 x22=0x00000351
     171305.000 ns	     17129	80003c90	01876733	or	x14,x14,x24	 x14:0x00000000 x24:0x00000000 x14=0x00000000
     171325.000 ns	     17131	80003c94	284d0bd3	fmin.s	f23,f26,f4	 f26:0x80000000  f4:0xce9dffff f23=0xce9dffff
     171355.000 ns	     17134	80003c98	20ee2e53	fsgnjx.s	f28,f28,f14	 f28:0xc0000000 f14:0x00000000 f28=0xc0000000
     171385.000 ns	     17137	80003c9c	033d3fb3	mulhu	x31,x26,x19	 x26:0x00000000 x19:0x1710d712 x31=0x00000000
     171405.000 ns	     17139	80003ca0	01fa7cb3	and	x25,x20,x31	 x20:0x00000000 x31:0x80040fe4 x25=0x00000000
     171415.000 ns	     17140	80003ca4	e2f5f3b7	lui	x7,0xe2f5f	  x7=0xe2f5f000
     171435.000 ns	     17142	80003ca8	c0122b53	fcvt.wu.s	x22,f4	  f4:0xce9dffff x22=0x4effff80
     171465.000 ns	     17145	80003cac	29c11053	fmax.s	f0,f2,f28	  f2:0x4db886b9 f28:0xc0000000  f0=0x4db886b9
     171485.000 ns	     17147	80003cb0	00074433	xor	x8,x14,x0	 x14:0x00000000  x0:0x00000000  x8=0x00000000
     171815.000 ns	     17180	80003cb4	19baad53	fdiv.s	f26,f21,f27	 f21:0x43d08000 f27:0x434e0000 f26=0x400adb5d
     171845.000 ns	     17183	80003cb8	03a29233	mulh	x4,x5,x26	  x5:0x00000000 x26:0x00000000  x4=0x00000000
     171865.000 ns	     17185	80003cbc	00000013	addi	x0,x0,0	  x0:0x00000000
     171875.000 ns	     17186	80003cc0	4006d713	srai	x14,x13,0x0	 x13:0x00000000 x14=0x00000000
     171895.000 ns	     17188	80003cc4	03a53633	mulhu	x12,x10,x26	 x10:0x000001bb x26:0x00000000 x12=0x00000000
     171915.000 ns	     17190	80003cc8	011b8c33	add	x24,x23,x17	 x23:0x00000000 x17:0x80040fe4 x24=0x80040fe4
     171935.000 ns	     17192	80003ccc	28340853	fmin.s	f16,f8,f3	  f8:0x43d08000  f3:0x43dd8000 f16=0x43d08000
     171965.000 ns	     17195	80003cd0	e0080cd3	fmv.x.w	x25,f16	 f16:0x43d08000 x25=0x43d08000
     171985.000 ns	     17197	80003cd4	0115da33	srl	x20,x11,x17	 x11:0x80041024 x17:0x80040fe4 x20=0x08004102
     171995.000 ns	     17198	80003cd8	f1d52513	slti	x10,x10,-227	 x10:0x000001bb x10=0x00000000
     172015.000 ns	     17200	80003cdc	e0009253	fclass.s	x4,f1	  f1:0x80000000  x4=0x00000008
     172045.000 ns	     17203	80003ce0	284a09d3	fmin.s	f19,f20,f4	 f20:0x00000000  f4:0xce9dffff f19=0xce9dffff
     172065.000 ns	     17205	80003ce4	b52e8793	addi	x15,x29,-1198	 x29:0x00000000 x15=0xfffffb52
     172075.000 ns	     17206	80003ce8	00000013	addi	x0,x0,0	  x0:0x00000000
     172435.000 ns	     17242	80003cec	03b7dcb3	divu	x25,x15,x27	 x15:0x00000000 x27:0xffffff92 x25=0x00000000
     172805.000 ns	     17279	80003cf0	02b1dd33	divu	x26,x3,x11	  x3:0x00000000 x11:0x80041024 x26=0x00000000
     172835.000 ns	     17282	80003cf4	c0147153	fcvt.wu.s	x2,f8	  f8:0x43d08000  x2=0x000001a1
     172865.000 ns	     17285	80003cf8	21c10f53	fsgnj.s	f30,f2,f28	  f2:0x4db886b9 f28:0xc0000000 f30=0xcdb886b9
     172915.000 ns	     17290	80003cfc	097da853	fsub.s	f16,f27,f23	 f27:0x434e0000 f23:0xce9dffff f16=0x4e9e0000
     172945.000 ns	     17293	80003d00	039f2e33	mulhsu	x28,x30,x25	 x30:0x00000000 x25:0x00000000 x28=0x00000000
     172965.000 ns	     17295	80003d04	4073d3b3	sra	x7,x7,x7	  x7:0xe2f5f000  x7:0xe2f5f000  x7=0xe2f5f000
     172975.000 ns	     17296	80003d08	01485433	srl	x8,x16,x20	 x16:0x00000351 x20:0x08004102  x8=0x000000d4
     172985.000 ns	     17297	80003d0c	417edf13	srai	x30,x29,0x17	 x29:0x00000000 x30=0x00000000
     173025.000 ns	     17301	80003d10	017e7cd3	fadd.s	f25,f28,f23	 f28:0xc0000000 f23:0xce9dffff f25=0xce9dffff
     173045.000 ns	     17303	80003d14	005e4813	xori	x16,x28,5	 x28:0x00000000 x16=0x00000005
     173065.000 ns	     17305	80003d18	d0099753	fcvt.s.w	f14,x19	 x19:0x1710d712 f14=0x4db886b8
     173435.000 ns	     17342	80003d1c	02724db3	div	x27,x4,x7	  x4:0x00000008  x7:0xe2f5f000 x27=0x00000000
     173455.000 ns	     17344	80003d20	00048933	add	x18,x9,x0	  x9:0x00000001  x0:0x00000000 x18=0x00000001
     173475.000 ns	     17346	80003d24	c0187a53	fcvt.wu.s	x20,f16	 f16:0x4e9e0000 x20=0x4f000000
     173505.000 ns	     17349	80003d28	0383a033	mulhsu	x0,x7,x24	  x7:0xe2f5f000 x24:0x80040fe4
     173535.000 ns	     17352	80003d2c	a0fb20d3	feq.s	x1,f22,f15	 f22:0x00000000 f15:0x4e9dffff  x1=0x00000000
     173565.000 ns	     17355	80003d30	299a8d53	fmin.s	f26,f21,f25	 f21:0x43d08000 f25:0xce9dffff f26=0xce9dffff
     173585.000 ns	     17357	80003d34	01e4df33	srl	x30,x9,x30	  x9:0x00000001 x30:0x00000000 x30=0x00000001
     173605.000 ns	     17359	80003d38	a1ae8553	fle.s	x10,f29,f26	 f29:0xbcb78297 f26:0xce9dffff x10=0x00000000
     173635.000 ns	     17362	80003d3c	d01079d3	fcvt.s.wu	f19,x0	  x0:0x00000000 f19=0x00000000
     173665.000 ns	     17365	80003d40	02df8b33	mul	x22,x31,x13	 x31:0x00000000 x13:0x00000000 x22=0x00000000
     173685.000 ns	     17367	80003d44	41cd83b3	sub	x7,x27,x28	 x27:0x00000000 x28:0x00000000  x7=0x00000000
     173695.000 ns	     17368	80003d48	01dfc833	xor	x16,x31,x29	 x31:0x00000000 x29:0x00000000 x16=0x00000000
     173705.000 ns	     17369	80003d4c	01a666b3	or	x13,x12,x26	 x12:0x00000000 x26:0x00000000 x13=0x00000000
     173715.000 ns	     17370	80003d50	01d7b3b3	sltu	x7,x15,x29	 x15:0xfffffb52 x29:0x00000000  x7=0x00000000
     173755.000 ns	     17374	80003d54	00d19cd3	fadd.s	f25,f3,f13	  f3:0x43dd8000 f13:0x80000000 f25=0x43dd8000
     173775.000 ns	     17376	80003d58	863eff93	andi	x31,x29,-1949	 x29:0x00000000 x31=0x00000000
     173795.000 ns	     17378	80003d5c	e00204d3	fmv.x.w	x9,f4	  f4:0xce9dffff  x9=0xce9dffff
     173825.000 ns	     17381	80003d60	21ff0653	fsgnj.s	f12,f30,f31	 f30:0xcdb886b9 f31:0x4829d040 f12=0x4db886b9
     174195.000 ns	     17418	80003d64	022d4b33	div	x22,x26,x2	 x26:0x00000000  x2:0x000001a1 x22=0x00000000
     174215.000 ns	     17420	80003d68	f571c713	xori	x14,x3,-169	  x3:0x00000000 x14=0xffffff57
     174235.000 ns	     17422	80003d6c	a14ca0d3	feq.s	x1,f25,f20	 f25:0x43dd8000 f20:0x00000000  x1=0x00000000
     174255.000 ns	     17424	80003d70	00402a33	slt	x20,x0,x4	  x0:0x00000000  x4:0x00000008 x20=0x00000001
     174585.000 ns	     17457	80003d74	184dfd53	fdiv.s	f26,f27,f4	 f27:0x434e0000  f4:0xce9dffff f26=0xb3ce0000
     174605.000 ns	     17459	80003d78	8e9e3e93	sltiu	x29,x28,-1815	 x28:0x00000000 x29=0x00000001
     174625.000 ns	     17461	80003d7c	a01091d3	flt.s	x3,f1,f1	  f1:0x80000000  f1:0x80000000  x3=0x00000000
     174645.000 ns	     17463	80003d80	00b4edb3	or	x27,x9,x11	  x9:0xce9dffff x11:0x80041024 x27=0xce9dffff
     174665.000 ns	     17465	80003d84	a03917d3	flt.s	x15,f18,f3	 f18:0x000001bb  f3:0x43dd8000 x15=0x00000001
     175035.000 ns	     17502	80003d88	02bff033	remu	x0,x31,x11	 x31:0x00000000 x11:0x80041024
     175055.000 ns	     17504	80003d8c	01c32cb3	slt	x25,x6,x28	  x6:0x00000001 x28:0x00000000 x25=0x00000000
     175075.000 ns	     17506	80003d90	2129a1d3	fsgnjx.s	f3,f19,f18	 f19:0x00000000 f18:0x000001bb  f3=0x00000000
     175105.000 ns	     17509	80003d94	d01e4cd3	fcvt.s.wu	f25,x28	 x28:0x00000000 f25=0x00000000
     175125.000 ns	     17511	80003d98	c17b0e93	addi	x29,x22,-1001	 x22:0x00000000 x29=0xfffffc17
     175135.000 ns	     17512	80003d9c	8c6ac437	lui	x8,0x8c6ac	  x8=0x8c6ac000
     175165.000 ns	     17515	80003da0	11999453	fmul.s	f8,f19,f25	 f19:0x00000000 f25:0x00000000  f8=0x00000000
     175195.000 ns	     17518	80003da4	03382733	mulhsu	x14,x16,x19	 x16:0x00000000 x19:0x1710d712 x14=0x00000000
     175225.000 ns	     17521	80003da8	02e5ca33	div	x20,x11,x14	 x11:0x80041024 x14:0xffffff57 x20=0xffffffff
     175255.000 ns	     17524	80003dac	20620653	fsgnj.s	f12,f4,f6	  f4:0xce9dffff  f6:0x40000000 f12=0x4e9dffff
     175275.000 ns	     17526	80003db0	9d7ca613	slti	x12,x25,-1577	 x25:0x00000000 x12=0x00000000
     175295.000 ns	     17528	80003db4	03d10a33	mul	x20,x2,x29	  x2:0x000001a1 x29:0xfffffc17 x20=0xfff9a177
     175315.000 ns	     17530	80003db8	6730e193	ori	x3,x1,1651	  x1:0x00000000  x3=0x00000673
     175675.000 ns	     17566	80003dbc	033a57b3	divu	x15,x20,x19	 x20:0xfff9a177 x19:0x1710d712 x15=0x0000000b
     175695.000 ns	     17568	80003dc0	dde7e793	ori	x15,x15,-546	 x15:0x00000001 x15=0xfffffddf
     175705.000 ns	     17569	80003dc4	01998533	add	x10,x19,x25	 x19:0x1710d712 x25:0x00000000 x10=0x1710d712
     175745.000 ns	     17573	80003dc8	011ef6d3	fadd.s	f13,f29,f17	 f29:0xbcb78297 f17:0x3f800000 f13=0x3f7a43ea
     175775.000 ns	     17576	80003dcc	02c49ab3	mulh	x21,x9,x12	  x9:0xce9dffff x12:0x00000000 x21=0x00000000
     175795.000 ns	     17578	80003dd0	0102d193	srli	x3,x5,0x10	  x5:0x00000000  x3=0x00000000
     175805.000 ns	     17579	80003dd4	4fa53797	auipc	x15,0x4fa53	 x15=0xcfa56dd4
     175825.000 ns	     17581	80003dd8	03818fb3	mul	x31,x3,x24	  x3:0x00000673 x24:0x80040fe4 x31=0x00000000
     176165.000 ns	     17615	80003ddc	184619d3	fdiv.s	f19,f12,f4	 f12:0x4e9dffff  f4:0xce9dffff f19=0xbf1e0000
     176185.000 ns	     17617	80003de0	01e14233	xor	x4,x2,x30	  x2:0x000001a1 x30:0x00000001  x4=0x000001a0
     176205.000 ns	     17619	80003de4	29af06d3	fmin.s	f13,f30,f26	 f30:0xcdb886b9 f26:0xb3ce0000 f13=0xcdb886b9
     176235.000 ns	     17622	80003de8	218e0353	fsgnj.s	f6,f28,f24	 f28:0xc0000000 f24:0x4e9dffff  f6=0x40000000
     176255.000 ns	     17624	80003dec	4074d0b3	sra	x1,x9,x7	  x9:0xce9dffff  x7:0x00000000  x1=0xce9dffff
     176275.000 ns	     17626	80003df0	e00e86d3	fmv.x.w	x13,f29	 f29:0xbcb78297 x13=0xbcb78297
     176315.000 ns	     17630	80003df4	10432253	fmul.s	f4,f6,f4	  f6:0x40000000  f4:0xce9dffff  f4=0xcf1e0000
     176345.000 ns	     17633	80003df8	039dd133	divu	x2,x27,x25	 x27:0xce9dffff x25:0x00000000  x2=0xffffffff
     176715.000 ns	     17670	80003dfc	02474db3	div	x27,x14,x4	 x14:0x00000000  x4:0x000001a0 x27=0x00000000
     176735.000 ns	     17672	80003e00	01c5a233	slt	x4,x11,x28	 x11:0x80041024 x28:0x00000000  x4=0x00000001
     176755.000 ns	     17674	80003e04	a0581353	flt.s	x6,f16,f5	 f16:0x4e9e0000  f5:0x00000000  x6=0x00000000
     176785.000 ns	     17677	80003e08	02f306b3	mul	x13,x6,x15	  x6:0x00000001 x15:0xcfa56dd4 x13=0x00000000
     176805.000 ns	     17679	80003e0c	010f9533	sll	x10,x31,x16	 x31:0x00000000 x16:0x00000000 x10=0x00000000
     176825.000 ns	     17681	80003e10	a0b5aad3	feq.s	x21,f11,f11	 f11:0x916ac42c f11:0x916ac42c x21=0x00000001
     176865.000 ns	     17685	80003e14	10a4f553	fmul.s	f10,f9,f10	  f9:0x00000000 f10:0xc0000000 f10=0x80000000
     176895.000 ns	     17688	80003e18	02251db3	mulh	x27,x10,x2	 x10:0x00000000  x2:0xffffffff x27=0x00000000
     176925.000 ns	     17691	80003e1c	02cd4333	div	x6,x26,x12	 x26:0x00000000 x12:0x00000000  x6=0xffffffff
     176945.000 ns	     17693	80003e20	00c98933	add	x18,x19,x12	 x19:0x1710d712 x12:0x00000000 x18=0x1710d712
     178115.000 ns	     17810	80003e24	580ffad3	fsqrt.s	f21,f31	 f31:0x4829d040 f21=0x4370269e
     178135.000 ns	     17812	80003e28	011bad33	slt	x26,x23,x17	 x23:0x00000000 x17:0x80040fe4 x26=0x00000000
     178145.000 ns	     17813	80003e2c	6c3cfe93	andi	x29,x25,1731	 x25:0x00000000 x29=0x00000000
     178165.000 ns	     17815	80003e30	03a30933	mul	x18,x6,x26	  x6:0xffffffff x26:0x00000000 x18=0x00000000
     178185.000 ns	     17817	80003e34	8cc1fa93	andi	x21,x3,-1844	  x3:0x00000000 x21=0x00000000
     178195.000 ns	     17818	80003e38	934ee213	ori	x4,x29,-1740	 x29:0x00000000  x4=0xfffff934
     178205.000 ns	     17819	80003e3c	170f4f93	xori	x31,x30,368	 x30:0x00000001 x31=0x00000171
     178215.000 ns	     17820	80003e40	0074d313	srli	x6,x9,0x7	  x9:0xce9dffff  x6=0x019d3bff
     178235.000 ns	     17822	80003e44	28981553	fmax.s	f10,f16,f9	 f16:0x4e9e0000  f9:0x00000000 f10=0x4e9e0000
     178255.000 ns	     17824	80003e48	4131d6b3	sra	x13,x3,x19	  x3:0x00000000 x19:0x1710d712 x13=0x00000000
     178265.000 ns	     17825	80003e4c	000a9f33	sll	x30,x21,x0	 x21:0x00000000  x0:0x00000000 x30=0x00000000
     178275.000 ns	     17826	80003e50	b5a84697	auipc	x13,0xb5a84	 x13=0x35a87e50
     178285.000 ns	     17827	80003e54	014ef6b3	and	x13,x29,x20	 x29:0x00000000 x20:0xfff9a177 x13=0x00000000
     178295.000 ns	     17828	80003e58	40c0d133	sra	x2,x1,x12	  x1:0xce9dffff x12:0x00000000  x2=0xce9dffff
     178315.000 ns	     17830	80003e5c	a10407d3	fle.s	x15,f8,f16	  f8:0x00000000 f16:0x4e9e0000 x15=0x00000001
     178345.000 ns	     17833	80003e60	c0107153	fcvt.wu.s	x2,f0	  f0:0x4db886b9  x2=0x1710d720
     178385.000 ns	     17837	80003e64	1143f7d3	fmul.s	f15,f7,f20	  f7:0xc3dd8000 f20:0x00000000 f15=0x80000000
     178415.000 ns	     17840	80003e68	03de2233	mulhsu	x4,x28,x29	 x28:0x00000000 x29:0x00000000  x4=0x00000000
     178755.000 ns	     17874	80003e6c	19edffd3	fdiv.s	f31,f27,f30	 f27:0x434e0000 f30:0xcdb886b9 f31=0xb4ce0000
     178785.000 ns	     17877	80003e70	a1678e53	fle.s	x28,f15,f22	 f15:0x80000000 f22:0x00000000 x28=0x00000001
     178815.000 ns	     17880	80003e74	a0630153	fle.s	x2,f6,f6	  f6:0x40000000  f6:0x40000000  x2=0x00000001
     178835.000 ns	     17882	80003e78	ecc88537	lui	x10,0xecc88	 x10=0xecc88000
     178845.000 ns	     17883	80003e7c	00110f33	add	x30,x2,x1	  x2:0x00000001  x1:0xce9dffff x30=0xce9e0000
     178865.000 ns	     17885	80003e80	28350b53	fmin.s	f22,f10,f3	 f10:0x4e9e0000  f3:0x00000000 f22=0x00000000
     178885.000 ns	     17887	80003e84	00294d33	xor	x26,x18,x2	 x18:0x00000000  x2:0x00000001 x26=0x00000001
     178895.000 ns	     17888	80003e88	01a07c33	and	x24,x0,x26	  x0:0x00000000 x26:0x00000000 x24=0x00000000
     178905.000 ns	     17889	80003e8c	40505393	srai	x7,x0,0x5	  x0:0x00000000  x7=0x00000000
     178925.000 ns	     17891	80003e90	29259dd3	fmax.s	f27,f11,f18	 f11:0x916ac42c f18:0x000001bb f27=0x000001bb
     178955.000 ns	     17894	80003e94	d01a20d3	fcvt.s.wu	f1,x20	 x20:0xfff9a177  f1=0x4f7ff9a2
     178985.000 ns	     17897	80003e98	a0b786d3	fle.s	x13,f15,f11	 f15:0x80000000 f11:0x916ac42c x13=0x00000000
     179015.000 ns	     17900	80003e9c	03ec0c33	mul	x24,x24,x30	 x24:0x00000000 x30:0xce9e0000 x24=0x00000000
     179035.000 ns	     17902	80003ea0	00a8bdb3	sltu	x27,x17,x10	 x17:0x80040fe4 x10:0xecc88000 x27=0x00000001
     179045.000 ns	     17903	80003ea4	2f82a693	slti	x13,x5,760	  x5:0x00000000 x13=0x00000001
     179405.000 ns	     17939	80003ea8	03a74833	div	x16,x14,x26	 x14:0x00000000 x26:0x00000001 x16=0x00000000
     179435.000 ns	     17942	80003eac	022313b3	mulh	x7,x6,x2	  x6:0x019d3bff  x2:0x00000001  x7=0x00000000
     179465.000 ns	     17945	80003eb0	e00d16d3	fclass.s	x13,f26	 f26:0xb3ce0000 x13=0x00000002
     179485.000 ns	     17947	80003eb4	c2fa3793	sltiu	x15,x20,-977	 x20:0xfff9a177 x15=0x00000001
     179495.000 ns	     17948	80003eb8	00c96fb3	or	x31,x18,x12	 x18:0x00000000 x12:0x00000000 x31=0x00000000
     179515.000 ns	     17950	80003ebc	a1efa0d3	feq.s	x1,f31,f30	 f31:0xb4ce0000 f30:0xcdb886b9  x1=0x00000000
     179545.000 ns	     17953	80003ec0	030f2033	mulhsu	x0,x30,x16	 x30:0xce9e0000 x16:0x00000000
     179575.000 ns	     17956	80003ec4	021f77b3	remu	x15,x30,x1	 x30:0xce9e0000  x1:0x00000000 x15=0xce9e0000
     179595.000 ns	     17958	80003ec8	018d1c13	slli	x24,x26,0x18	 x26:0x00000001 x24=0x01000000
     179615.000 ns	     17960	80003ecc	e00b90d3	fclass.s	x1,f23	 f23:0xce9dffff  x1=0x00000002
     179645.000 ns	     17963	80003ed0	a1a48353	fle.s	x6,f9,f26	  f9:0x00000000 f26:0xb3ce0000  x6=0x00000000
     179675.000 ns	     17966	80003ed4	d01373d3	fcvt.s.wu	f7,x6	  x6:0x019d3bff  f7=0x00000000
     179695.000 ns	     17968	80003ed8	01ad4e33	xor	x28,x26,x26	 x26:0x00000001 x26:0x00000001 x28=0x00000000
     180055.000 ns	     18004	80003edc	0349dc33	divu	x24,x19,x20	 x19:0x1710d712 x20:0xfff9a177 x24=0x00000000
     180085.000 ns	     18007	80003ee0	d0137753	fcvt.s.wu	f14,x6	  x6:0x00000000 f14=0x00000000
     180105.000 ns	     18009	80003ee4	42a1fd37	lui	x26,0x42a1f	 x26=0x42a1f000
     180115.000 ns	     18010	80003ee8	01a67bb3	and	x23,x12,x26	 x12:0x00000000 x26:0x00000001 x23=0x00000000
     180125.000 ns	     18011	80003eec	dd87fdb7	lui	x27,0xdd87f	 x27=0xdd87f000
     180155.000 ns	     18014	80003ef0	11f47f53	fmul.s	f30,f8,f31	  f8:0x00000000 f31:0xb4ce0000 f30=0x80000000
     180185.000 ns	     18017	80003ef4	c019c053	fcvt.wu.s	x0,f19	 f19:0xbf1e0000
     180205.000 ns	     18019	80003ef8	5864b793	sltiu	x15,x9,1414	  x9:0xce9dffff x15=0x00000000
     180235.000 ns	     18022	80003efc	11158e53	fmul.s	f28,f11,f17	 f11:0x916ac42c f17:0x3f800000 f28=0x916ac42c
     180265.000 ns	     18025	80003f00	21f9a1d3	fsgnjx.s	f3,f19,f31	 f19:0xbf1e0000 f31:0xb4ce0000  f3=0x3f1e0000
     180635.000 ns	     18062	80003f04	022b76b3	remu	x13,x22,x2	 x22:0x00000000  x2:0x00000001 x13=0x00000000
     180655.000 ns	     18064	80003f08	4c1dec93	ori	x25,x27,1217	 x27:0xdd87f000 x25=0xdd87f4c1
     180675.000 ns	     18066	80003f0c	d0159f53	fcvt.s.wu	f30,x11	 x11:0x80041024 f30=0x4f000410
     180695.000 ns	     18068	80003f10	01d10733	add	x14,x2,x29	  x2:0x00000001 x29:0x00000000 x14=0x00000001
     180715.000 ns	     18070	80003f14	e0031853	fclass.s	x16,f6	  f6:0x40000000 x16=0x00000040
     180735.000 ns	     18072	80003f18	00251933	sll	x18,x10,x2	 x10:0xecc88000  x2:0x00000001 x18=0xd9910000
     180755.000 ns	     18074	80003f1c	20880753	fsgnj.s	f14,f16,f8	 f16:0x4e9e0000  f8:0x00000000 f14=0x4e9e0000
     180775.000 ns	     18076	80003f20	00f19b13	slli	x22,x3,0xf	  x3:0x00000000 x22=0x00000000
     180795.000 ns	     18078	80003f24	d00478d3	fcvt.s.w	f17,x8	  x8:0x8c6ac000 f17=0xcee72a80
     180825.000 ns	     18081	80003f28	290d9a53	fmax.s	f20,f27,f16	 f27:0x000001bb f16:0x4e9e0000 f20=0x4e9e0000
     180845.000 ns	     18083	80003f2c	14f36a93	ori	x21,x6,335	  x6:0x00000000 x21=0x0000014f
     180865.000 ns	     18085	80003f30	f00284d3	fmv.w.x	f9,x5	  x5:0x00000000  f9=0x00000000
     182045.000 ns	     18203	80003f34	58087453	fsqrt.s	f8,f16	 f16:0x4e9e0000  f8=0x470e35dc
     182075.000 ns	     18206	80003f38	f0040dd3	fmv.w.x	f27,x8	  x8:0x8c6ac000 f27=0x8c6ac000
     182095.000 ns	     18208	80003f3c	22fefb13	andi	x22,x29,559	 x29:0x00000000 x22=0x00000000
     182115.000 ns	     18210	80003f40	e0031d53	fclass.s	x26,f6	  f6:0x40000000 x26=0x00000040
     182135.000 ns	     18212	80003f44	01374833	xor	x16,x14,x19	 x14:0x00000001 x19:0x1710d712 x16=0x1710d713
     182155.000 ns	     18214	80003f48	e00c8bd3	fmv.x.w	x23,f25	 f25:0x00000000 x23=0x00000000
     182175.000 ns	     18216	80003f4c	fefa8393	addi	x7,x21,-17	 x21:0x0000014f  x7=0x0000013e
     182195.000 ns	     18218	80003f50	f0038053	fmv.w.x	f0,x7	  x7:0x00000000  f0=0x0000013e
     182225.000 ns	     18221	80003f54	e00116d3	fclass.s	x13,f2	  f2:0x4db886b9 x13=0x00000040
     182245.000 ns	     18223	80003f58	01e29fb3	sll	x31,x5,x30	  x5:0x00000000 x30:0xce9e0000 x31=0x00000000
     182265.000 ns	     18225	80003f5c	29261c53	fmax.s	f24,f12,f18	 f12:0x4e9dffff f18:0x000001bb f24=0x4e9dffff
     182635.000 ns	     18262	80003f60	02266d33	rem	x26,x12,x2	 x12:0x00000000  x2:0x00000001 x26=0x00000000
     182655.000 ns	     18264	80003f64	4086dc93	srai	x25,x13,0x8	 x13:0x00000040 x25=0x00000000
     182665.000 ns	     18265	80003f68	010932b3	sltu	x5,x18,x16	 x18:0xd9910000 x16:0x1710d713  x5=0x00000000
     182685.000 ns	     18267	80003f6c	a0b2a453	feq.s	x8,f5,f11	  f5:0x00000000 f11:0x916ac42c  x8=0x00000000
     182705.000 ns	     18269	80003f70	4639b613	sltiu	x12,x19,1123	 x19:0x1710d712 x12=0x00000000
     182725.000 ns	     18271	80003f74	c0193bd3	fcvt.wu.s	x23,f18	 f18:0x000001bb x23=0x00000000
     182745.000 ns	     18273	80003f78	005b03b3	add	x7,x22,x5	 x22:0x00000000  x5:0x00000000  x7=0x00000000
     182755.000 ns	     18274	80003f7c	00000013	addi	x0,x0,0	  x0:0x00000000
     182795.000 ns	     18278	80003f80	0085fd53	fadd.s	f26,f11,f8	 f11:0x916ac42c  f8:0x470e35dc f26=0x470e35dc
     182815.000 ns	     18280	80003f84	009a1793	slli	x15,x20,0x9	 x20:0xfff9a177 x15=0xf342ee00
     182825.000 ns	     18281	80003f88	016797b3	sll	x15,x15,x22	 x15:0x00000000 x22:0x00000000 x15=0xf342ee00
     182845.000 ns	     18283	80003f8c	03c4dbb3	divu	x23,x9,x28	  x9:0xce9dffff x28:0x00000000 x23=0xffffffff
     182875.000 ns	     18286	80003f90	02c141b3	div	x3,x2,x12	  x2:0x00000001 x12:0x00000000  x3=0xffffffff
     182895.000 ns	     18288	80003f94	00ef5733	srl	x14,x30,x14	 x30:0xce9e0000 x14:0x00000001 x14=0x674f0000
     182915.000 ns	     18290	80003f98	03b7a233	mulhsu	x4,x15,x27	 x15:0xf342ee00 x27:0xdd87f000  x4=0xf4fa03d0
     182935.000 ns	     18292	80003f9c	0148e833	or	x16,x17,x20	 x17:0x80040fe4 x20:0xfff9a177 x16=0xfffdaff7
     182955.000 ns	     18294	80003fa0	d015f1d3	fcvt.s.wu	f3,x11	 x11:0x80041024  f3=0x4f000410
     182975.000 ns	     18296	80003fa4	488d0f93	addi	x31,x26,1160	 x26:0x00000000 x31=0x00000488
     183305.000 ns	     18329	80003fa8	193d7c53	fdiv.s	f24,f26,f19	 f26:0x470e35dc f19:0xbf1e0000 f24=0xc7800c4b
     183325.000 ns	     18331	80003fac	000d11b3	sll	x3,x26,x0	 x26:0x00000000  x0:0x00000000  x3=0x00000000
     183345.000 ns	     18333	80003fb0	03cc54b3	divu	x9,x24,x28	 x24:0x00000000 x28:0x00000000  x9=0xffffffff
     183375.000 ns	     18336	80003fb4	f00301d3	fmv.w.x	f3,x6	  x6:0x00000000  f3=0x00000000
     183395.000 ns	     18338	80003fb8	434e3313	sltiu	x6,x28,1076	 x28:0x00000000  x6=0x00000001
     183405.000 ns	     18339	80003fbc	325a6d13	ori	x26,x20,805	 x20:0xfff9a177 x26=0xfff9a377
     183435.000 ns	     18342	80003fc0	104af553	fmul.s	f10,f21,f4	 f21:0x4370269e  f4:0xcf1e0000 f10=0xd31437d6
     183455.000 ns	     18344	80003fc4	01f59633	sll	x12,x11,x31	 x11:0x80041024 x31:0x00000488 x12=0x04102400
     183465.000 ns	     18345	80003fc8	00000013	addi	x0,x0,0	  x0:0x00000000
     183495.000 ns	     18348	80003fcc	11277253	fmul.s	f4,f14,f18	 f14:0x4e9e0000 f18:0x000001bb  f4=0x0888b500
     183865.000 ns	     18385	80003fd0	031de133	rem	x2,x27,x17	 x27:0xdd87f000 x17:0x80040fe4  x2=0xdd87f000
     183885.000 ns	     18387	80003fd4	e183e917	auipc	x18,0xe183e	 x18=0x61841fd4
     183905.000 ns	     18389	80003fd8	280d88d3	fmin.s	f17,f27,f0	 f27:0x8c6ac000  f0:0x0000013e f17=0x8c6ac000
     183925.000 ns	     18391	80003fdc	00f15393	srli	x7,x2,0xf	  x2:0xdd87f000  x7=0x0001bb0f
     183935.000 ns	     18392	80003fe0	41610133	sub	x2,x2,x22	  x2:0xdd87f000 x22:0x00000000  x2=0xdd87f000
     183955.000 ns	     18394	80003fe4	f00c8bd3	fmv.w.x	f23,x25	 x25:0x00000000 f23=0x00000000
     183975.000 ns	     18396	80003fe8	41be8ab3	sub	x21,x29,x27	 x29:0x00000000 x27:0xdd87f000 x21=0x22781000
     183985.000 ns	     18397	80003fec	9f29ecb7	lui	x25,0x9f29e	 x25=0x9f29e000
     184005.000 ns	     18399	80003ff0	297b1253	fmax.s	f4,f22,f23	 f22:0x00000000 f23:0x00000000  f4=0x00000000
     184025.000 ns	     18401	80003ff4	77ccaf93	slti	x31,x25,1916	 x25:0x00000000 x31=0x00000001
     184045.000 ns	     18403	80003ff8	f0050a53	fmv.w.x	f20,x10	 x10:0xecc88000 f20=0xecc88000
     184075.000 ns	     18406	80003ffc	c0050053	fcvt.w.s	x0,f10	 f10:0xd31437d6
     184095.000 ns	     18408	80004000	011f51b3	srl	x3,x30,x17	 x30:0xce9e0000 x17:0x80040fe4  x3=0x0ce9e000
     184105.000 ns	     18409	80004004	da437f93	andi	x31,x6,-604	  x6:0x00000001 x31=0x00000000
     184115.000 ns	     18410	80004008	00fe5e33	srl	x28,x28,x15	 x28:0x00000000 x15:0xf342ee00 x28=0x00000000
     184135.000 ns	     18412	8000400c	a0529a53	flt.s	x20,f5,f5	  f5:0x00000000  f5:0x00000000 x20=0x00000000
     184165.000 ns	     18415	80004010	c00b7053	fcvt.w.s	x0,f22	 f22:0x00000000
     184185.000 ns	     18417	80004014	015a07b3	add	x15,x20,x21	 x20:0x00000000 x21:0x22781000 x15=0x22781000
     184545.000 ns	     18453	80004018	02395e33	divu	x28,x18,x3	 x18:0x61841fd4  x3:0x0ce9e000 x28=0x00000007
     184565.000 ns	     18455	8000401c	00181013	slli	x0,x16,0x1	 x16:0xfffdaff7
     184895.000 ns	     18488	80004020	18b0f753	fdiv.s	f14,f1,f11	  f1:0x4f7ff9a2 f11:0x916ac42c f14=0xfdb4b037
     184925.000 ns	     18491	80004024	2099add3	fsgnjx.s	f27,f19,f9	 f19:0xbf1e0000  f9:0x00000000 f27=0xbf1e0000
     184955.000 ns	     18494	80004028	031f2d33	mulhsu	x26,x30,x17	 x30:0xce9e0000 x17:0x80040fe4 x26=0xe74e3767
     184985.000 ns	     18497	8000402c	03908bb3	mul	x23,x1,x25	  x1:0x00000002 x25:0x9f29e000 x23=0x3e53c000
     185015.000 ns	     18500	80004030	e0081653	fclass.s	x12,f16	 f16:0x4e9e0000 x12=0x00000040
     185045.000 ns	     18503	80004034	289298d3	fmax.s	f17,f5,f9	  f5:0x00000000  f9:0x00000000 f17=0x00000000
     185065.000 ns	     18505	80004038	017f82b3	add	x5,x31,x23	 x31:0x00000000 x23:0x3e53c000  x5=0x3e53c000
     185085.000 ns	     18507	8000403c	219087d3	fsgnj.s	f15,f1,f25	  f1:0x4f7ff9a2 f25:0x00000000 f15=0x4f7ff9a2
     185105.000 ns	     18509	80004040	00521813	slli	x16,x4,0x5	  x4:0xf4fa03d0 x16=0x9f407a00
     185125.000 ns	     18511	80004044	d00d7153	fcvt.s.w	f2,x26	 x26:0xe74e3767  f2=0xcdc58e44
     185155.000 ns	     18514	80004048	d01e9253	fcvt.s.wu	f4,x29	 x29:0x00000000  f4=0x00000000
     185185.000 ns	     18517	8000404c	0289fa33	remu	x20,x19,x8	 x19:0x1710d712  x8:0x00000000 x20=0x1710d712
     185205.000 ns	     18519	80004050	00000013	addi	x0,x0,0	  x0:0x00000000
     185215.000 ns	     18520	80004054	00529d13	slli	x26,x5,0x5	  x5:0x3e53c000 x26=0xca780000
     185225.000 ns	     18521	80004058	00bfb1b3	sltu	x3,x31,x11	 x31:0x00000000 x11:0x80041024  x3=0x00000001
     185245.000 ns	     18523	8000405c	a19e9a53	flt.s	x20,f29,f25	 f29:0xbcb78297 f25:0x00000000 x20=0x00000001
     185265.000 ns	     18525	80004060	85582793	slti	x15,x16,-1963	 x16:0x9f407a00 x15=0x00000001
     185275.000 ns	     18526	80004064	a65ba393	slti	x7,x23,-1435	 x23:0x3e53c000  x7=0x00000000
     185285.000 ns	     18527	80004068	00000013	addi	x0,x0,0	  x0:0x00000000
     185295.000 ns	     18528	8000406c	00047ab3	and	x21,x8,x0	  x8:0x00000000  x0:0x00000000 x21=0x00000000
     185315.000 ns	     18530	80004070	286a0453	fmin.s	f8,f20,f6	 f20:0xecc88000  f6:0x40000000  f8=0xecc88000
     185335.000 ns	     18532	80004074	e3d83493	sltiu	x9,x16,-451	 x16:0x9f407a00  x9=0x00000001
     185345.000 ns	     18533	80004078	019fd833	srl	x16,x31,x25	 x31:0x00000000 x25:0x9f29e000 x16=0x00000000
     185705.000 ns	     18569	8000407c	026cd333	divu	x6,x25,x6	 x25:0x9f29e000  x6:0x00000001  x6=0x9f29e000
     185725.000 ns	     18571	80004080	00d7b933	sltu	x18,x15,x13	 x15:0x00000001 x13:0x00000040 x18=0x00000001
     185735.000 ns	     18572	80004084	000c47b3	xor	x15,x24,x0	 x24:0x00000000  x0:0x00000000 x15=0x00000000
     185765.000 ns	     18575	80004088	11bfbdd3	fmul.s	f27,f31,f27	 f31:0xb4ce0000 f27:0xbf1e0000 f27=0x347e4800
     185785.000 ns	     18577	8000408c	96007313	andi	x6,x0,-1696	  x0:0x00000000  x6=0x00000000
     185795.000 ns	     18578	80004090	00383e33	sltu	x28,x16,x3	 x16:0x00000000  x3:0x00000001 x28=0x00000001
     185805.000 ns	     18579	80004094	009b54b3	srl	x9,x22,x9	 x22:0x00000000  x9:0x00000001  x9=0x00000000
     185825.000 ns	     18581	80004098	f0088253	fmv.w.x	f4,x17	 x17:0x80040fe4  f4=0x80040fe4
     185875.000 ns	     18586	8000409c	08500553	fsub.s	f10,f0,f5	  f0:0x0000013e  f5:0x00000000 f10=0x0000013e
     185905.000 ns	     18589	800040a0	216da1d3	fsgnjx.s	f3,f27,f22	 f27:0x347e4800 f22:0x00000000  f3=0x347e4800
     185925.000 ns	     18591	800040a4	21ca7313	andi	x6,x20,540	 x20:0x00000001  x6=0x00000000
     185935.000 ns	     18592	800040a8	11cb6137	lui	x2,0x11cb6	  x2=0x11cb6000
     185955.000 ns	     18594	800040ac	024f16b3	mulh	x13,x30,x4	 x30:0xce9e0000  x4:0xf4fa03d0 x13=0x02205d8f
     186325.000 ns	     18631	800040b0	03cdcbb3	div	x23,x27,x28	 x27:0xdd87f000 x28:0x00000001 x23=0xdd87f000
     186345.000 ns	     18633	800040b4	40698b33	sub	x22,x19,x6	 x19:0x1710d712  x6:0x00000000 x22=0x1710d712
     186355.000 ns	     18634	800040b8	00983233	sltu	x4,x16,x9	 x16:0x00000000  x9:0x00000000  x4=0x00000000
     186365.000 ns	     18635	800040bc	9d393693	sltiu	x13,x18,-1581	 x18:0x00000001 x13=0x00000001
     186375.000 ns	     18636	800040c0	4043d533	sra	x10,x7,x4	  x7:0x00000000  x4:0xf4fa03d0 x10=0x00000000
     186395.000 ns	     18638	800040c4	d01c2ad3	fcvt.s.wu	f21,x24	 x24:0x00000000 f21=0x00000000
     186415.000 ns	     18640	800040c8	00811ab3	sll	x21,x2,x8	  x2:0x11cb6000  x8:0x00000000 x21=0x11cb6000
     186435.000 ns	     18642	800040cc	c011a053	fcvt.wu.s	x0,f3	  f3:0x347e4800
     186455.000 ns	     18644	800040d0	00baa833	slt	x16,x21,x11	 x21:0x00000000 x11:0x80041024 x16=0x00000000
     186815.000 ns	     18680	800040d4	0342eb33	rem	x22,x5,x20	  x5:0x3e53c000 x20:0x00000001 x22=0x00000000
     186845.000 ns	     18683	800040d8	038d3933	mulhu	x18,x26,x24	 x26:0xca780000 x24:0x00000000 x18=0x00000000
     186865.000 ns	     18685	800040dc	416d0433	sub	x8,x26,x22	 x26:0xca780000 x22:0x00000000  x8=0xca780000
     186875.000 ns	     18686	800040e0	01a57933	and	x18,x10,x26	 x10:0x00000000 x26:0xca780000 x18=0x00000000
     186885.000 ns	     18687	800040e4	4125d413	srai	x8,x11,0x12	 x11:0x80041024  x8=0xffffe001
     186895.000 ns	     18688	800040e8	964ffb17	auipc	x22,0x964ff	 x22=0x165030e8
     186905.000 ns	     18689	800040ec	00000013	addi	x0,x0,0	  x0:0x00000000
     186925.000 ns	     18691	800040f0	c00a36d3	fcvt.w.s	x13,f20	 f20:0xecc88000 x13=0x80000000
     187295.000 ns	     18728	800040f4	025dd7b3	divu	x15,x27,x5	 x27:0xdd87f000  x5:0x3e53c000 x15=0x00000003
     187325.000 ns	     18731	800040f8	29051a53	fmax.s	f20,f10,f16	 f10:0x0000013e f16:0x4e9e0000 f20=0x4e9e0000
     187345.000 ns	     18733	800040fc	778d6a13	ori	x20,x26,1912	 x26:0xca780000 x20=0xca780778
     187365.000 ns	     18735	80004100	d01db453	fcvt.s.wu	f8,x27	 x27:0xdd87f000  f8=0x4f5d87f0
     187395.000 ns	     18738	80004104	21f19ed3	fsgnjn.s	f29,f3,f31	  f3:0x347e4800 f31:0xb4ce0000 f29=0x347e4800
     187425.000 ns	     18741	80004108	21189dd3	fsgnjn.s	f27,f17,f17	 f17:0x00000000 f17:0x00000000 f27=0x80000000
     187445.000 ns	     18743	8000410c	0106e433	or	x8,x13,x16	 x13:0x80000000 x16:0x00000000  x8=0x80000000
     188615.000 ns	     18860	80004110	580efc53	fsqrt.s	f24,f29	 f29:0x347e4800 f24=0x39b3cd61
     188655.000 ns	     18864	80004114	114317d3	fmul.s	f15,f6,f20	  f6:0x40000000 f20:0x4e9e0000 f15=0x4f1e0000
     188685.000 ns	     18867	80004118	030deeb3	rem	x29,x27,x16	 x27:0xdd87f000 x16:0x00000000 x29=0xdd87f000
     189055.000 ns	     18904	8000411c	03cb42b3	div	x5,x22,x28	 x22:0x165030e8 x28:0x00000001  x5=0x165030e8
     189085.000 ns	     18907	80004120	036d0ab3	mul	x21,x26,x22	 x26:0xca780000 x22:0x165030e8 x21=0xfcc00000
     189425.000 ns	     18941	80004124	181f74d3	fdiv.s	f9,f30,f1	 f30:0x4f000410  f1:0x4f7ff9a2  f9=0x3f000410
     189445.000 ns	     18943	80004128	b2edfc37	lui	x24,0xb2edf	 x24=0xb2edf000
     189465.000 ns	     18945	8000412c	215e08d3	fsgnj.s	f17,f28,f21	 f28:0x916ac42c f21:0x00000000 f17=0x116ac42c
     189485.000 ns	     18947	80004130	23f6fa93	andi	x21,x13,575	 x13:0x80000000 x21=0x00000000
     189495.000 ns	     18948	80004134	01729933	sll	x18,x5,x23	  x5:0x165030e8 x23:0xdd87f000 x18=0x165030e8
     189515.000 ns	     18950	80004138	a1010fd3	fle.s	x31,f2,f16	  f2:0xcdc58e44 f16:0x4e9e0000 x31=0x00000001
     189545.000 ns	     18953	8000413c	d01088d3	fcvt.s.wu	f17,x1	  x1:0x00000002 f17=0x40000000
     189565.000 ns	     18955	80004140	00765393	srli	x7,x12,0x7	 x12:0x00000040  x7=0x00000000
     189595.000 ns	     18958	80004144	5805c9d3	fsqrt.s	f19,f11	 f11:0x916ac42c f19=0x7fc00000
     189645.000 ns	     18963	80004148	093b7c53	fsub.s	f24,f22,f19	 f22:0x00000000 f19:0xbf1e0000 f24=0x7fc00000
     189665.000 ns	     18965	8000414c	4154d1b3	sra	x3,x9,x21	  x9:0x00000000 x21:0x00000000  x3=0x00000000
     189675.000 ns	     18966	80004150	e7183e93	sltiu	x29,x16,-399	 x16:0x00000000 x29=0x00000001
     189715.000 ns	     18970	80004154	01a028d3	fadd.s	f17,f0,f26	  f0:0x0000013e f26:0x470e35dc f17=0x470e35dc
     189745.000 ns	     18973	80004158	02a77d33	remu	x26,x14,x10	 x14:0x674f0000 x10:0x00000000 x26=0x674f0000
     189765.000 ns	     18975	8000415c	00544333	xor	x6,x8,x5	  x8:0x80000000  x5:0x165030e8  x6=0x965030e8
     189775.000 ns	     18976	80004160	013242b3	xor	x5,x4,x19	  x4:0x00000000 x19:0x1710d712  x5=0x1710d712
     189805.000 ns	     18979	80004164	100d2cd3	fmul.s	f25,f26,f0	 f26:0x470e35dc  f0:0x0000013e f25=0x0030a6e7
     189835.000 ns	     18982	80004168	211c85d3	fsgnj.s	f11,f25,f17	 f25:0x00000000 f17:0x470e35dc f11=0x0030a6e7
     190205.000 ns	     19019	8000416c	021dfab3	remu	x21,x27,x1	 x27:0xdd87f000  x1:0x00000002 x21=0x00000000
     190225.000 ns	     19021	80004170	4f90dd97	auipc	x27,0x4f90d	 x27=0xcf911170
     190245.000 ns	     19023	80004174	033324b3	mulhsu	x9,x6,x19	  x6:0x965030e8 x19:0x1710d712  x9=0xf67a409d
     190265.000 ns	     19025	80004178	00317f33	and	x30,x2,x3	  x2:0x11cb6000  x3:0x00000000 x30=0x00000000
     190285.000 ns	     19027	8000417c	e00a0953	fmv.x.w	x18,f20	 f20:0x4e9e0000 x18=0x4e9e0000
     190305.000 ns	     19029	80004180	0174a633	slt	x12,x9,x23	  x9:0xf67a409d x23:0xdd87f000 x12=0x00000000
     190325.000 ns	     19031	80004184	2071abd3	fsgnjx.s	f23,f3,f7	  f3:0x347e4800  f7:0x00000000 f23=0x347e4800
     190365.000 ns	     19035	80004188	107d1c53	fmul.s	f24,f26,f7	 f26:0x470e35dc  f7:0x00000000 f24=0x00000000
     190395.000 ns	     19038	8000418c	02f42733	mulhsu	x14,x8,x15	  x8:0x80000000 x15:0x00000003 x14=0xfffffffe
     190765.000 ns	     19075	80004190	03164e33	div	x28,x12,x17	 x12:0x00000000 x17:0x80040fe4 x28=0x00000000
     190795.000 ns	     19078	80004194	e0041453	fclass.s	x8,f8	  f8:0x4f5d87f0  x8=0x00000040
     191165.000 ns	     19115	80004198	03db4db3	div	x27,x22,x29	 x22:0x165030e8 x29:0x00000001 x27=0x165030e8
     191195.000 ns	     19118	8000419c	f0060c53	fmv.w.x	f24,x12	 x12:0x00000000 f24=0x00000000
     191215.000 ns	     19120	800041a0	0043e433	or	x8,x7,x4	  x7:0x00000000  x4:0x00000000  x8=0x00000000
     191235.000 ns	     19122	800041a4	29980e53	fmin.s	f28,f16,f25	 f16:0x4e9e0000 f25:0x0030a6e7 f28=0x0030a6e7
     191575.000 ns	     19156	800041a8	182d7653	fdiv.s	f12,f26,f2	 f26:0x470e35dc  f2:0xcdc58e44 f12=0xb88e35dc
     191595.000 ns	     19158	800041ac	e355ad93	slti	x27,x11,-459	 x11:0x80041024 x27=0x00000001
     191615.000 ns	     19160	800041b0	a1de82d3	fle.s	x5,f29,f29	 f29:0x347e4800 f29:0x347e4800  x5=0x00000001
     191645.000 ns	     19163	800041b4	02f330b3	mulhu	x1,x6,x15	  x6:0x965030e8 x15:0x00000003  x1=0x00000001
     191675.000 ns	     19166	800041b8	20b00c53	fsgnj.s	f24,f0,f11	  f0:0x0000013e f11:0x0030a6e7 f24=0x0000013e
     191705.000 ns	     19169	800041bc	a13c9dd3	flt.s	x27,f25,f19	 f25:0x0030a6e7 f19:0x7fc00000 x27=0x00000000
     191725.000 ns	     19171	800041c0	005c30b7	lui	x1,0x5c3	  x1=0x005c3000
     191735.000 ns	     19172	800041c4	d83a8137	lui	x2,0xd83a8	  x2=0xd83a8000
     191745.000 ns	     19173	800041c8	008b43b3	xor	x7,x22,x8	 x22:0x165030e8  x8:0x00000000  x7=0x165030e8
     191765.000 ns	     19175	800041cc	022aaf33	mulhsu	x30,x21,x2	 x21:0x00000000  x2:0x11cb6000 x30=0x00000000
     191785.000 ns	     19177	800041d0	011e5233	srl	x4,x28,x17	 x28:0x00000000 x17:0x80040fe4  x4=0x00000000
     191795.000 ns	     19178	800041d4	c903ba13	sltiu	x20,x7,-880	  x7:0x165030e8 x20=0x00000001
     191805.000 ns	     19179	800041d8	8b1fc317	auipc	x6,0x8b1fc	  x6=0x0b2001d8
     191815.000 ns	     19180	800041dc	004d4eb3	xor	x29,x26,x4	 x26:0x674f0000  x4:0x00000000 x29=0x674f0000
     191835.000 ns	     19182	800041e0	03fb36b3	mulhu	x13,x22,x31	 x22:0x165030e8 x31:0x00000001 x13=0x00000000
     191865.000 ns	     19185	800041e4	a0911cd3	flt.s	x25,f2,f9	  f2:0xcdc58e44  f9:0x3f000410 x25=0x00000001
     191915.000 ns	     19190	800041e8	013a8953	fadd.s	f18,f21,f19	 f21:0x00000000 f19:0x7fc00000 f18=0x7fc00000
     191945.000 ns	     19193	800041ec	207d0753	fsgnj.s	f14,f26,f7	 f26:0x470e35dc  f7:0x00000000 f14=0x470e35dc
     191965.000 ns	     19195	800041f0	4089d533	sra	x10,x19,x8	 x19:0x1710d712  x8:0x00000000 x10=0x1710d712
     191995.000 ns	     19198	800041f4	1889cdd3	fdiv.s	f27,f19,f8	 f19:0x7fc00000  f8:0x4f5d87f0 f27=0x7fc00000
     192015.000 ns	     19200	800041f8	00499713	slli	x14,x19,0x4	 x19:0x1710d712 x14=0x710d7120
     192035.000 ns	     19202	800041fc	298f81d3	fmin.s	f3,f31,f24	 f31:0xb4ce0000 f24:0x0000013e  f3=0xb4ce0000
     192075.000 ns	     19206	80004200	106729d3	fmul.s	f19,f14,f6	 f14:0x470e35dc  f6:0x40000000 f19=0x478e35dc
     192105.000 ns	     19209	80004204	02608333	mul	x6,x1,x6	  x1:0x005c3000  x6:0x0b2001d8  x6=0xa9f88000
     192135.000 ns	     19212	80004208	a0d80153	fle.s	x2,f16,f13	 f16:0x4e9e0000 f13:0xcdb886b9  x2=0x00000000
     192165.000 ns	     19215	8000420c	03cc1833	mulh	x16,x24,x28	 x24:0xb2edf000 x28:0x00000000 x16=0x00000000
     192185.000 ns	     19217	80004210	01044433	xor	x8,x8,x16	  x8:0x00000000 x16:0x00000000  x8=0x00000000
     192195.000 ns	     19218	80004214	010b52b3	srl	x5,x22,x16	 x22:0x165030e8 x16:0x00000000  x5=0x165030e8
     192215.000 ns	     19220	80004218	d0064853	fcvt.s.w	f16,x12	 x12:0x00000000 f16=0x00000000
     192235.000 ns	     19222	8000421c	5e59cb13	xori	x22,x19,1509	 x19:0x1710d712 x22=0x1710d2f7
     192245.000 ns	     19223	80004220	c082a113	slti	x2,x5,-1016	  x5:0x165030e8  x2=0x00000000
     192265.000 ns	     19225	80004224	286d9ed3	fmax.s	f29,f27,f6	 f27:0x7fc00000  f6:0x40000000 f29=0x40000000
     192295.000 ns	     19228	80004228	29fd19d3	fmax.s	f19,f26,f31	 f26:0x470e35dc f31:0xb4ce0000 f19=0x470e35dc
     192315.000 ns	     19230	8000422c	4185dc13	srai	x24,x11,0x18	 x11:0x80041024 x24=0xffffff80
     193485.000 ns	     19347	80004230	58059953	fsqrt.s	f18,f11	 f11:0x0030a6e7 f18=0x1f79d28a
     193505.000 ns	     19349	80004234	a3ce3793	sltiu	x15,x28,-1476	 x28:0x00000000 x15=0x00000001
     193515.000 ns	     19350	80004238	01fe3a33	sltu	x20,x28,x31	 x28:0x00000000 x31:0x00000001 x20=0x00000001
     193535.000 ns	     19352	8000423c	03581f33	mulh	x30,x16,x21	 x16:0x00000000 x21:0x00000000 x30=0x00000000
     193565.000 ns	     19355	80004240	211825d3	fsgnjx.s	f11,f16,f17	 f16:0x00000000 f17:0x470e35dc f11=0x00000000
     193595.000 ns	     19358	80004244	03862c33	mulhsu	x24,x12,x24	 x12:0x00000000 x24:0xffffff80 x24=0x00000000
     193615.000 ns	     19360	80004248	011c9b93	slli	x23,x25,0x11	 x25:0x00000001 x23=0x00020000
     193635.000 ns	     19362	8000424c	c0137353	fcvt.wu.s	x6,f6	  f6:0x40000000  x6=0x00000002
     193665.000 ns	     19365	80004250	285f1653	fmax.s	f12,f30,f5	 f30:0x4f000410  f5:0x00000000 f12=0x4f000410
     193695.000 ns	     19368	80004254	03c6e2b3	rem	x5,x13,x28	 x13:0x00000000 x28:0x00000000  x5=0x00000000
     193715.000 ns	     19370	80004258	01152333	slt	x6,x10,x17	 x10:0x1710d712 x17:0x80040fe4  x6=0x00000000
     194075.000 ns	     19406	8000425c	03f95cb3	divu	x25,x18,x31	 x18:0x4e9e0000 x31:0x00000001 x25=0x4e9e0000
     194105.000 ns	     19409	80004260	20820bd3	fsgnj.s	f23,f4,f8	  f4:0x80040fe4  f8:0x4f5d87f0 f23=0x00040fe4
     194145.000 ns	     19413	80004264	11e4f2d3	fmul.s	f5,f9,f30	  f9:0x3f000410 f30:0x4f000410  f5=0x4e800820
     194175.000 ns	     19416	80004268	a1082f53	feq.s	x30,f16,f16	 f16:0x00000000 f16:0x00000000 x30=0x00000001
     194205.000 ns	     19419	8000426c	c019f253	fcvt.wu.s	x4,f19	 f19:0x470e35dc  x4=0x00008e35
     194225.000 ns	     19421	80004270	008df4b3	and	x9,x27,x8	 x27:0x00000000  x8:0x00000000  x9=0x00000000
     194255.000 ns	     19424	80004274	11607453	fmul.s	f8,f0,f22	  f0:0x0000013e f22:0x00000000  f8=0x00000000
     194295.000 ns	     19428	80004278	11727cd3	fmul.s	f25,f4,f23	  f4:0x80040fe4 f23:0x00040fe4 f25=0x80000000
     194325.000 ns	     19431	8000427c	a1c78cd3	fle.s	x25,f15,f28	 f15:0x4f1e0000 f28:0x0030a6e7 x25=0x00000000
     194345.000 ns	     19433	80004280	00e25d13	srli	x26,x4,0xe	  x4:0x00008e35 x26=0x00000002
     194365.000 ns	     19435	80004284	a08606d3	fle.s	x13,f12,f8	 f12:0x4f000410  f8:0x00000000 x13=0x00000000
     194395.000 ns	     19438	80004288	a11812d3	flt.s	x5,f16,f17	 f16:0x00000000 f17:0x470e35dc  x5=0x00000001
     194765.000 ns	     19475	8000428c	024a5733	divu	x14,x20,x4	 x20:0x00000001  x4:0x00008e35 x14=0x00000000
     195135.000 ns	     19512	80004290	03a07433	remu	x8,x0,x26	  x0:0x00000000 x26:0x00000002  x8=0x00000000
     195155.000 ns	     19514	80004294	5b694913	xori	x18,x18,1462	 x18:0x4e9e0000 x18=0x4e9e05b6
     195165.000 ns	     19515	80004298	e27e3513	sltiu	x10,x28,-473	 x28:0x00000000 x10=0x00000001
     195175.000 ns	     19516	8000429c	dabb7db7	lui	x27,0xdabb7	 x27=0xdabb7000
     195195.000 ns	     19518	800042a0	a1e9a353	feq.s	x6,f19,f30	 f19:0x470e35dc f30:0x4f000410  x6=0x00000000
     195225.000 ns	     19521	800042a4	f0078753	fmv.w.x	f14,x15	 x15:0x00000001 f14=0x00000001
     195255.000 ns	     19524	800042a8	d012b2d3	fcvt.s.wu	f5,x5	  x5:0x00000001  f5=0x3f800000
     195275.000 ns	     19526	800042ac	3fa78e93	addi	x29,x15,1018	 x15:0x00000001 x29=0x000003fb
     195295.000 ns	     19528	800042b0	d00c7053	fcvt.s.w	f0,x24	 x24:0x00000000  f0=0x00000000
     195325.000 ns	     19531	800042b4	20618dd3	fsgnj.s	f27,f3,f6	  f3:0xb4ce0000  f6:0x40000000 f27=0x34ce0000
     195355.000 ns	     19534	800042b8	021b1133	mulh	x2,x22,x1	 x22:0x1710d2f7  x1:0x005c3000  x2=0x00084e5e
     195375.000 ns	     19536	800042bc	ef8c0d13	addi	x26,x24,-264	 x24:0x00000000 x26=0xfffffef8
     195385.000 ns	     19537	800042c0	00acabb3	slt	x23,x25,x10	 x25:0x00000000 x10:0x00000001 x23=0x00000001
     195395.000 ns	     19538	800042c4	0007d733	srl	x14,x15,x0	 x15:0x00000001  x0:0x00000000 x14=0x00000001
     195405.000 ns	     19539	800042c8	a8bdfa13	andi	x20,x27,-1397	 x27:0xdabb7000 x20=0xdabb7000
     195425.000 ns	     19541	800042cc	e00f06d3	fmv.x.w	x13,f30	 f30:0x4f000410 x13=0x4f000410
     195455.000 ns	     19544	800042d0	298e85d3	fmin.s	f11,f29,f24	 f29:0x40000000 f24:0x0000013e f11=0x0000013e
     195475.000 ns	     19546	800042d4	97122693	slti	x13,x4,-1679	  x4:0x00008e35 x13=0x00000000
     195495.000 ns	     19548	800042d8	c00aba53	fcvt.w.s	x20,f21	 f21:0x00000000 x20=0x00000000
     195515.000 ns	     19550	800042dc	008c5213	srli	x4,x24,0x8	 x24:0x00000000  x4=0x00000000
     195545.000 ns	     19553	800042e0	1057fc53	fmul.s	f24,f15,f5	 f15:0x4f1e0000  f5:0x3f800000 f24=0x4f1e0000
     195575.000 ns	     19556	800042e4	a1ea9bd3	flt.s	x23,f21,f30	 f21:0x00000000 f30:0x4f000410 x23=0x00000001
     195605.000 ns	     19559	800042e8	02073f33	mulhu	x30,x14,x0	 x14:0x00000001  x0:0x00000000 x30=0x00000000
     195635.000 ns	     19562	800042ec	f0088ed3	fmv.w.x	f29,x17	 x17:0x80040fe4 f29=0x80040fe4
     195665.000 ns	     19565	800042f0	e00281d3	fmv.x.w	x3,f5	  f5:0x3f800000  x3=0x3f800000
     195695.000 ns	     19568	800042f4	20ea1e53	fsgnjn.s	f28,f20,f14	 f20:0x4e9e0000 f14:0x00000001 f28=0xce9e0000
     195715.000 ns	     19570	800042f8	406cd933	sra	x18,x25,x6	 x25:0x00000000  x6:0x00000000 x18=0x00000000
     195735.000 ns	     19572	800042fc	20c40353	fsgnj.s	f6,f8,f12	  f8:0x00000000 f12:0x4f000410  f6=0x00000000
     195755.000 ns	     19574	80004300	01f1c0b3	xor	x1,x3,x31	  x3:0x3f800000 x31:0x00000001  x1=0x3f800001
     196085.000 ns	     19607	80004304	18f57cd3	fdiv.s	f25,f10,f15	 f10:0x0000013e f15:0x4f1e0000 f25=0x00000000
     196115.000 ns	     19610	80004308	c00472d3	fcvt.w.s	x5,f8	  f8:0x00000000  x5=0x00000000
     196145.000 ns	     19613	8000430c	02773933	mulhu	x18,x14,x7	 x14:0x00000001  x7:0x165030e8 x18=0x00000000
     196175.000 ns	     19616	80004310	297a0dd3	fmin.s	f27,f20,f23	 f20:0x4e9e0000 f23:0x00040fe4 f27=0x00040fe4
     196205.000 ns	     19619	80004314	031a0633	mul	x12,x20,x17	 x20:0x00000000 x17:0x80040fe4 x12=0x00000000
     196225.000 ns	     19621	80004318	ea36a793	slti	x15,x13,-349	 x13:0x00000000 x15=0x00000000
     196245.000 ns	     19623	8000431c	a09daf53	feq.s	x30,f27,f9	 f27:0x00040fe4  f9:0x3f000410 x30=0x00000000
     196265.000 ns	     19625	80004320	f64eb693	sltiu	x13,x29,-156	 x29:0x000003fb x13=0x00000001
     196295.000 ns	     19628	80004324	11c70a53	fmul.s	f20,f14,f28	 f14:0x00000001 f28:0xce9e0000 f20=0x841e0001
     196315.000 ns	     19630	80004328	00e98b33	add	x22,x19,x14	 x19:0x1710d712 x14:0x00000001 x22=0x1710d713
     196335.000 ns	     19632	8000432c	a19aabd3	feq.s	x23,f21,f25	 f21:0x00000000 f25:0x00000000 x23=0x00000001
     196355.000 ns	     19634	80004330	003b8433	add	x8,x23,x3	 x23:0x00000001  x3:0x3f800000  x8=0x3f800001
     196365.000 ns	     19635	80004334	40a3dfb3	sra	x31,x7,x10	  x7:0x165030e8 x10:0x00000001 x31=0x0b281874
     196375.000 ns	     19636	80004338	00000013	addi	x0,x0,0	  x0:0x00000000
     196395.000 ns	     19638	8000433c	035d0733	mul	x14,x26,x21	 x26:0xfffffef8 x21:0x00000000 x14=0x00000000
     196415.000 ns	     19640	80004340	0135a333	slt	x6,x11,x19	 x11:0x80041024 x19:0x1710d712  x6=0x00000001
     196435.000 ns	     19642	80004344	02a4a033	mulhsu	x0,x9,x10	  x9:0x00000000 x10:0x00000001
     196465.000 ns	     19645	80004348	216287d3	fsgnj.s	f15,f5,f22	  f5:0x3f800000 f22:0x00000000 f15=0x3f800000
     196495.000 ns	     19648	8000434c	c0183cd3	fcvt.wu.s	x25,f16	 f16:0x00000000 x25=0x00000000
     196525.000 ns	     19651	80004350	03319033	mulh	x0,x3,x19	  x3:0x3f800000 x19:0x1710d712
     196555.000 ns	     19654	80004354	293102d3	fmin.s	f5,f2,f19	  f2:0xcdc58e44 f19:0x470e35dc  f5=0xcdc58e44
     196575.000 ns	     19656	80004358	018710b3	sll	x1,x14,x24	 x14:0x00000000 x24:0x00000000  x1=0x00000000
     196585.000 ns	     19657	8000435c	c25f3793	sltiu	x15,x30,-987	 x30:0x00000000 x15=0x00000001
     196625.000 ns	     19661	80004360	0123f953	fadd.s	f18,f7,f18	  f7:0x00000000 f18:0x1f79d28a f18=0x1f79d28a
     196655.000 ns	     19664	80004364	a1c890d3	flt.s	x1,f17,f28	 f17:0x470e35dc f28:0xce9e0000  x1=0x00000000
     196675.000 ns	     19666	80004368	10ac7113	andi	x2,x24,266	 x24:0x00000000  x2=0x00000000
     196685.000 ns	     19667	8000436c	02460917	auipc	x18,0x2460	 x18=0x8246436c
     196705.000 ns	     19669	80004370	200983d3	fsgnj.s	f7,f19,f0	 f19:0x470e35dc  f0:0x00000000  f7=0x470e35dc
     196725.000 ns	     19671	80004374	c0c64413	xori	x8,x12,-1012	 x12:0x00000000  x8=0xfffffc0c
     196735.000 ns	     19672	80004378	17bbf297	auipc	x5,0x17bbf	  x5=0x97bc3378
     196755.000 ns	     19674	8000437c	d019c6d3	fcvt.s.wu	f13,x19	 x19:0x1710d712 f13=0x4db886b9
     196785.000 ns	     19677	80004380	201e1853	fsgnjn.s	f16,f28,f1	 f28:0xce9e0000  f1:0x4f7ff9a2 f16=0xce9e0000
     196805.000 ns	     19679	80004384	0105b233	sltu	x4,x11,x16	 x11:0x80041024 x16:0x00000000  x4=0x00000000
     196815.000 ns	     19680	80004388	4907bf93	sltiu	x31,x15,1168	 x15:0x00000001 x31=0x00000001
     196835.000 ns	     19682	8000438c	2076add3	fsgnjx.s	f27,f13,f7	 f13:0x4db886b9  f7:0x470e35dc f27=0x4db886b9
     196885.000 ns	     19687	80004390	084a4dd3	fsub.s	f27,f20,f4	 f20:0x841e0001  f4:0x80040fe4 f27=0x841dfbf1
     196905.000 ns	     19689	80004394	00d5c0b3	xor	x1,x11,x13	 x11:0x80041024 x13:0x00000001  x1=0x80041025
     196945.000 ns	     19693	80004398	01cdf453	fadd.s	f8,f27,f28	 f27:0x841dfbf1 f28:0xce9e0000  f8=0xce9e0000
     196965.000 ns	     19695	8000439c	9262cf13	xori	x30,x5,-1754	  x5:0x97bc3378 x30=0x6843ca5e
     196985.000 ns	     19697	800043a0	02140bb3	mul	x23,x8,x1	  x8:0xfffffc0c  x1:0x80041025 x23=0xeff02dbc
     197005.000 ns	     19699	800043a4	e63bd437	lui	x8,0xe63bd	  x8=0xe63bd000
     197015.000 ns	     19700	800043a8	009b7f33	and	x30,x22,x9	 x22:0x1710d713  x9:0x00000000 x30=0x00000000
     197375.000 ns	     19736	800043ac	0258eb33	rem	x22,x17,x5	 x17:0x80040fe4  x5:0x97bc3378 x22=0xe847dc6c
     197395.000 ns	     19738	800043b0	0f09b693	sltiu	x13,x19,240	 x19:0x1710d712 x13=0x00000000
     197415.000 ns	     19740	800043b4	e00f87d3	fmv.x.w	x15,f31	 f31:0xb4ce0000 x15=0xb4ce0000
     197445.000 ns	     19743	800043b8	e0090fd3	fmv.x.w	x31,f18	 f18:0x1f79d28a x31=0x1f79d28a
     197475.000 ns	     19746	800043bc	d01d7b53	fcvt.s.wu	f22,x26	 x26:0xfffffef8 f22=0x4f7ffffe
     197505.000 ns	     19749	800043c0	28f887d3	fmin.s	f15,f17,f15	 f17:0x470e35dc f15:0x3f800000 f15=0x3f800000
     197525.000 ns	     19751	800043c4	e1c68813	addi	x16,x13,-484	 x13:0x00000000 x16=0xfffffe1c
     197535.000 ns	     19752	800043c8	00334bb3	xor	x23,x6,x3	  x6:0x00000001  x3:0x3f800000 x23=0x3f800001
     197895.000 ns	     19788	800043cc	03b4f733	remu	x14,x9,x27	  x9:0x00000000 x27:0xdabb7000 x14=0x00000000
     197915.000 ns	     19790	800043d0	015356b3	srl	x13,x6,x21	  x6:0x00000001 x21:0x00000000 x13=0x00000001
     197925.000 ns	     19791	800043d4	92be6613	ori	x12,x28,-1749	 x28:0x00000000 x12=0xfffff92b
     197945.000 ns	     19793	800043d8	02b91a33	mulh	x20,x18,x11	 x18:0x8246436c x11:0x80041024 x20=0x3edadf75
     197975.000 ns	     19796	800043dc	02612233	mulhsu	x4,x2,x6	  x2:0x00000000  x6:0x00000001  x4=0x00000000
     198015.000 ns	     19800	800043e0	10ad8ed3	fmul.s	f29,f27,f10	 f27:0x841dfbf1 f10:0x0000013e f29=0x80000000
     198045.000 ns	     19803	800043e4	a0ec81d3	fle.s	x3,f25,f14	 f25:0x00000000 f14:0x00000001  x3=0x00000001
     198065.000 ns	     19805	800043e8	406a5e13	srai	x28,x20,0x6	 x20:0x3edadf75 x28=0x00fb6b7d
     198425.000 ns	     19841	800043ec	03a0ed33	rem	x26,x1,x26	  x1:0x80041025 x26:0xfffffef8 x26=0xffffffdd
     198445.000 ns	     19843	800043f0	00000013	addi	x0,x0,0	  x0:0x00000000
     198455.000 ns	     19844	800043f4	05e6b7b7	lui	x15,0x5e6b	 x15=0x05e6b000
     198475.000 ns	     19846	800043f8	a1658ed3	fle.s	x29,f11,f22	 f11:0x0000013e f22:0x4f7ffffe x29=0x00000001
     198515.000 ns	     19850	800043fc	117ccdd3	fmul.s	f27,f25,f23	 f25:0x00000000 f23:0x00040fe4 f27=0x00000000
     198535.000 ns	     19852	80004400	96c8ba93	sltiu	x21,x17,-1684	 x17:0x80040fe4 x21=0x00000001
     198555.000 ns	     19854	80004404	03108bb3	mul	x23,x1,x17	  x1:0x80041025 x17:0x80040fe4 x23=0x01248bf4
     198585.000 ns	     19857	80004408	d00a7453	fcvt.s.w	f8,x20	 x20:0x3edadf75  f8=0x4e7b6b7d
     198605.000 ns	     19859	8000440c	368f7a93	andi	x21,x30,872	 x30:0x00000000 x21=0x00000000
     198615.000 ns	     19860	80004410	85832613	slti	x12,x6,-1960	  x6:0x00000001 x12=0x00000000
     198625.000 ns	     19861	80004414	8728b293	sltiu	x5,x17,-1934	 x17:0x80040fe4  x5=0x00000001
     198645.000 ns	     19863	80004418	d007ba53	fcvt.s.w	f20,x15	 x15:0x05e6b000 f20=0x4cbcd600
     198665.000 ns	     19865	8000441c	01d16733	or	x14,x2,x29	  x2:0x00000000 x29:0x00000001 x14=0x00000001
     198685.000 ns	     19867	80004420	0381ce33	div	x28,x3,x24	  x3:0x00000001 x24:0x00000000 x28=0xffffffff
     198715.000 ns	     19870	80004424	c00cb4d3	fcvt.w.s	x9,f25	 f25:0x00000000  x9=0x00000000
     198735.000 ns	     19872	80004428	b53aca13	xori	x20,x21,-1197	 x21:0x00000000 x20=0xfffffb53
     199095.000 ns	     19908	8000442c	03f9d433	divu	x8,x19,x31	 x19:0x1710d712 x31:0x1f79d28a  x8=0x00000000
     199125.000 ns	     19911	80004430	2039a753	fsgnjx.s	f14,f19,f3	 f19:0x470e35dc  f3:0xb4ce0000 f14=0xc70e35dc
     199155.000 ns	     19914	80004434	c01c2753	fcvt.wu.s	x14,f24	 f24:0x4f1e0000 x14=0x9e000000
     199175.000 ns	     19916	80004438	b3830f13	addi	x30,x6,-1224	  x6:0x00000001 x30=0xfffffb39
     199195.000 ns	     19918	8000443c	f00f89d3	fmv.w.x	f19,x31	 x31:0x1f79d28a f19=0x1f79d28a
     199215.000 ns	     19920	80004440	404b5a93	srai	x21,x22,0x4	 x22:0xe847dc6c x21=0xfe847dc6
     199235.000 ns	     19922	80004444	28428653	fmin.s	f12,f5,f4	  f5:0xcdc58e44  f4:0x80040fe4 f12=0xcdc58e44
     199265.000 ns	     19925	80004448	03133f33	mulhu	x30,x6,x17	  x6:0x00000001 x17:0x80040fe4 x30=0x00000000
     199285.000 ns	     19927	8000444c	40455533	sra	x10,x10,x4	 x10:0x00000001  x4:0x00000000 x10=0x00000001
     199305.000 ns	     19929	80004450	e0049d53	fclass.s	x26,f9	  f9:0x3f000410 x26=0x00000040
     199325.000 ns	     19931	80004454	40440b33	sub	x22,x8,x4	  x8:0x00000000  x4:0x00000000 x22=0x00000000
     199335.000 ns	     19932	80004458	b119da97	auipc	x21,0xb119d	 x21=0x311a1458
     199355.000 ns	     19934	8000445c	29e594d3	fmax.s	f9,f11,f30	 f11:0x0000013e f30:0x4f000410  f9=0x4f000410
     199385.000 ns	     19937	80004460	e00416d3	fclass.s	x13,f8	  f8:0x4e7b6b7d x13=0x00000040
     199405.000 ns	     19939	80004464	546cc093	xori	x1,x25,1350	 x25:0x00000000  x1=0x00000546
     199415.000 ns	     19940	80004468	f65cc413	xori	x8,x25,-155	 x25:0x00000000  x8=0xffffff65
     199435.000 ns	     19942	8000446c	d00778d3	fcvt.s.w	f17,x14	 x14:0x9e000000 f17=0xcec40000
     199465.000 ns	     19945	80004470	a05b2fd3	feq.s	x31,f22,f5	 f22:0x4f7ffffe  f5:0xcdc58e44 x31=0x00000000
     199485.000 ns	     19947	80004474	4098dc93	srai	x25,x17,0x9	 x17:0x80040fe4 x25=0xffc00207
     199495.000 ns	     19948	80004478	015ce333	or	x6,x25,x21	 x25:0x00000000 x21:0x311a1458  x6=0xffda165f
     199505.000 ns	     19949	8000447c	01995f93	srli	x31,x18,0x19	 x18:0x8246436c x31=0x00000041
     199525.000 ns	     19951	80004480	03e1ab33	mulhsu	x22,x3,x30	  x3:0x00000001 x30:0x00000000 x22=0x00000000
     199545.000 ns	     19953	80004484	004c6e33	or	x28,x24,x4	 x24:0x00000000  x4:0x00000000 x28=0x00000000
     199555.000 ns	     19954	80004488	57c4fa93	andi	x21,x9,1404	  x9:0x00000000 x21=0x00000000
     199575.000 ns	     19956	8000448c	295708d3	fmin.s	f17,f14,f21	 f14:0xc70e35dc f21:0x00000000 f17=0xc70e35dc
     199605.000 ns	     19959	80004490	c00c9353	fcvt.w.s	x6,f25	 f25:0x00000000  x6=0x00000000
     199625.000 ns	     19961	80004494	2bad6c17	auipc	x24,0x2bad6	 x24=0xabada494
     199665.000 ns	     19965	80004498	01032a53	fadd.s	f20,f6,f16	  f6:0x00000000 f16:0xce9e0000 f20=0xce9e0000
     199685.000 ns	     19967	8000449c	00f1fb33	and	x22,x3,x15	  x3:0x00000001 x15:0x05e6b000 x22=0x00000000
     199705.000 ns	     19969	800044a0	a0f31fd3	flt.s	x31,f6,f15	  f6:0x00000000 f15:0x3f800000 x31=0x00000001
     199735.000 ns	     19972	800044a4	210989d3	fsgnj.s	f19,f19,f16	 f19:0x1f79d28a f16:0xce9e0000 f19=0x9f79d28a
     199755.000 ns	     19974	800044a8	819c3293	sltiu	x5,x24,-2023	 x24:0xabada494  x5=0x00000001
     200115.000 ns	     20010	800044ac	025e4ab3	div	x21,x28,x5	 x28:0x00000000  x5:0x00000001 x21=0x00000000
     200135.000 ns	     20012	800044b0	85cb9e37	lui	x28,0x85cb9	 x28=0x85cb9000
     200145.000 ns	     20013	800044b4	01b2ec33	or	x24,x5,x27	  x5:0x00000001 x27:0xdabb7000 x24=0xdabb7001
     200165.000 ns	     20015	800044b8	03fe3cb3	mulhu	x25,x28,x31	 x28:0x00000000 x31:0x00000001 x25=0x00000000
     200185.000 ns	     20017	800044bc	00722033	slt	x0,x4,x7	  x4:0x00000000  x7:0x165030e8
     200205.000 ns	     20019	800044c0	e00c1e53	fclass.s	x28,f24	 f24:0x4f1e0000 x28=0x00000040
     200235.000 ns	     20022	800044c4	a00a26d3	feq.s	x13,f20,f0	 f20:0xce9e0000  f0:0x00000000 x13=0x00000000
     200255.000 ns	     20024	800044c8	00a21793	slli	x15,x4,0xa	  x4:0x00000000 x15=0x00000000
     200265.000 ns	     20025	800044cc	ff35cb13	xori	x22,x11,-13	 x11:0x80041024 x22=0x7ffbefd7
     200285.000 ns	     20027	800044d0	c01dfad3	fcvt.wu.s	x21,f27	 f27:0x00000000 x21=0x00000000
     200655.000 ns	     20064	800044d4	0368cab3	div	x21,x17,x22	 x17:0x80040fe4 x22:0x00000000 x21=0xffffffff
     200675.000 ns	     20066	800044d8	003171b3	and	x3,x2,x3	  x2:0x00000000  x3:0x00000001  x3=0x00000000
     200685.000 ns	     20067	800044dc	05fc9a37	lui	x20,0x5fc9	 x20=0x05fc9000
     200695.000 ns	     20068	800044e0	00d91ab3	sll	x21,x18,x13	 x18:0x8246436c x13:0x00000000 x21=0x8246436c
     200705.000 ns	     20069	800044e4	00e7d513	srli	x10,x15,0xe	 x15:0x00000000 x10=0x00000000
     200715.000 ns	     20070	800044e8	00609e93	slli	x29,x1,0x6	  x1:0x00000546 x29=0x00015180
     200725.000 ns	     20071	800044ec	408ddb33	sra	x22,x27,x8	 x27:0xdabb7000  x8:0xffffff65 x22=0xfed5db80
     200745.000 ns	     20073	800044f0	02653cb3	mulhu	x25,x10,x6	 x10:0x00000000  x6:0x00000000 x25=0x00000000
     200765.000 ns	     20075	800044f4	405cdc33	sra	x24,x25,x5	 x25:0x00000000  x5:0x00000001 x24=0x00000000
     200775.000 ns	     20076	800044f8	00c80433	add	x8,x16,x12	 x16:0xfffffe1c x12:0x00000000  x8=0xfffffe1c
     200785.000 ns	     20077	800044fc	00add193	srli	x3,x27,0xa	 x27:0xdabb7000  x3=0x0036aedc
     200805.000 ns	     20079	80004500	02c3c233	div	x4,x7,x12	  x7:0x165030e8 x12:0x00000000  x4=0xffffffff
     200835.000 ns	     20082	80004504	029f9ab3	mulh	x21,x31,x9	 x31:0x00000001  x9:0x00000000 x21=0x00000000
     200855.000 ns	     20084	80004508	701acf13	xori	x30,x21,1793	 x21:0x8246436c x30=0x00000701
     200865.000 ns	     20085	8000450c	00071ab3	sll	x21,x14,x0	 x14:0x9e000000  x0:0x00000000 x21=0x9e000000
     200885.000 ns	     20087	80004510	d00c0f53	fcvt.s.w	f30,x24	 x24:0x00000000 f30=0x00000000
     200905.000 ns	     20089	80004514	0cba2913	slti	x18,x20,203	 x20:0x05fc9000 x18=0x00000000
     200935.000 ns	     20092	80004518	5801f5d3	fsqrt.s	f11,f3	  f3:0xb4ce0000 f11=0x7fc00000
     200965.000 ns	     20095	8000451c	02c20033	mul	x0,x4,x12	  x4:0xffffffff x12:0x00000000
     200985.000 ns	     20097	80004520	01fe7a33	and	x20,x28,x31	 x28:0x00000040 x31:0x00000001 x20=0x00000000
     201345.000 ns	     20133	80004524	0333f2b3	remu	x5,x7,x19	  x7:0x165030e8 x19:0x1710d712  x5=0x165030e8
     201365.000 ns	     20135	80004528	001087b3	add	x15,x1,x1	  x1:0x00000546  x1:0x00000546 x15=0x00000a8c
     201375.000 ns	     20136	8000452c	eac70493	addi	x9,x14,-340	 x14:0x9e000000  x9=0x9dfffeac
     201385.000 ns	     20137	80004530	0182c6b3	xor	x13,x5,x24	  x5:0x165030e8 x24:0x00000000 x13=0x165030e8
     201395.000 ns	     20138	80004534	00683cb3	sltu	x25,x16,x6	 x16:0xfffffe1c  x6:0x00000000 x25=0x00000000
     201755.000 ns	     20174	80004538	030cce33	div	x28,x25,x16	 x25:0x00000000 x16:0xfffffe1c x28=0x00000000
     201775.000 ns	     20176	8000453c	01c13cb3	sltu	x25,x2,x28	  x2:0x00000000 x28:0x00000040 x25=0x00000000
     201785.000 ns	     20177	80004540	8d1ff397	auipc	x7,0x8d1ff	  x7=0x0d203540
     201795.000 ns	     20178	80004544	2a2b0217	auipc	x4,0x2a2b0	  x4=0xaa2b4544
     201805.000 ns	     20179	80004548	ba24bb93	sltiu	x23,x9,-1118	  x9:0x9dfffeac x23=0x00000001
     201815.000 ns	     20180	8000454c	fa784697	auipc	x13,0xfa784	 x13=0x7a78854c
     201825.000 ns	     20181	80004550	01f4dab3	srl	x21,x9,x31	  x9:0x9dfffeac x31:0x00000001 x21=0x4effff56
     201845.000 ns	     20183	80004554	20980e53	fsgnj.s	f28,f16,f9	 f16:0xce9e0000  f9:0x4f000410 f28=0x4e9e0000
     201875.000 ns	     20186	80004558	21df2ed3	fsgnjx.s	f29,f30,f29	 f30:0x00000000 f29:0x80000000 f29=0x80000000
     201895.000 ns	     20188	8000455c	ced2ad13	slti	x26,x5,-787	  x5:0x165030e8 x26=0x00000000
     201905.000 ns	     20189	80004560	645dc537	lui	x10,0x645dc	 x10=0x645dc000
     201925.000 ns	     20191	80004564	f00103d3	fmv.w.x	f7,x2	  x2:0x00000000  f7=0x00000000
     201945.000 ns	     20193	80004568	01159c33	sll	x24,x11,x17	 x11:0x80041024 x17:0x80040fe4 x24=0x00410240
     201965.000 ns	     20195	8000456c	e0019753	fclass.s	x14,f3	  f3:0xb4ce0000 x14=0x00000002
     201985.000 ns	     20197	80004570	eadc8d13	addi	x26,x25,-339	 x25:0x00000000 x26=0xfffffead
     202015.000 ns	     20200	80004574	10b9f753	fmul.s	f14,f19,f11	 f19:0x9f79d28a f11:0x7fc00000 f14=0x7fc00000
     202045.000 ns	     20203	80004578	a116acd3	feq.s	x25,f13,f17	 f13:0x4db886b9 f17:0xc70e35dc x25=0x00000000
     202415.000 ns	     20240	8000457c	03a2e933	rem	x18,x5,x26	  x5:0x165030e8 x26:0xfffffead x18=0x000000b5
     202435.000 ns	     20242	80004580	15d6f013	andi	x0,x13,349	 x13:0x7a78854c
     202455.000 ns	     20244	80004584	207b1e53	fsgnjn.s	f28,f22,f7	 f22:0x4f7ffffe  f7:0x00000000 f28=0xcf7ffffe
     202475.000 ns	     20246	80004588	f5157513	andi	x10,x10,-175	 x10:0x645dc000 x10=0x645dc000
     202485.000 ns	     20247	8000458c	00ff4033	xor	x0,x30,x15	 x30:0x00000701 x15:0x00000a8c
     202505.000 ns	     20249	80004590	02b79833	mulh	x16,x15,x11	 x15:0x00000a8c x11:0x80041024 x16=0xfffffaba
     202535.000 ns	     20252	80004594	d00cfe53	fcvt.s.w	f28,x25	 x25:0x00000000 f28=0x00000000
     202555.000 ns	     20254	80004598	f56ee113	ori	x2,x29,-170	 x29:0x00015180  x2=0xffffffd6
     202575.000 ns	     20256	8000459c	28720b53	fmin.s	f22,f4,f7	  f4:0x80040fe4  f7:0x00000000 f22=0x80040fe4
     202595.000 ns	     20258	800045a0	3034c313	xori	x6,x9,771	  x9:0x9dfffeac  x6=0x9dfffdaf
     202955.000 ns	     20294	800045a4	02217fb3	remu	x31,x2,x2	  x2:0xffffffd6  x2:0xffffffd6 x31=0x00000000
     202985.000 ns	     20297	800045a8	f0050453	fmv.w.x	f8,x10	 x10:0x645dc000  f8=0x645dc000
     203025.000 ns	     20301	800045ac	11d8afd3	fmul.s	f31,f17,f29	 f17:0xc70e35dc f29:0x80000000 f31=0x00000000
     203045.000 ns	     20303	800045b0	00beb233	sltu	x4,x29,x11	 x29:0x00015180 x11:0x80041024  x4=0x00000001
     203065.000 ns	     20305	800045b4	a1962a53	feq.s	x20,f12,f25	 f12:0xcdc58e44 f25:0x00000000 x20=0x00000000
     203095.000 ns	     20308	800045b8	282609d3	fmin.s	f19,f12,f2	 f12:0xcdc58e44  f2:0xcdc58e44 f19=0xcdc58e44
     203115.000 ns	     20310	800045bc	002f7a33	and	x20,x30,x2	 x30:0x00000701  x2:0xffffffd6 x20=0x00000700
     203475.000 ns	     20346	800045c0	0246db33	divu	x22,x13,x4	 x13:0x7a78854c  x4:0x00000001 x22=0x7a78854c
     203515.000 ns	     20350	800045c4	10592ed3	fmul.s	f29,f18,f5	 f18:0x1f79d28a  f5:0xcdc58e44 f29=0xadc0c9da
     203545.000 ns	     20353	800045c8	c0001753	fcvt.w.s	x14,f0	  f0:0x00000000 x14=0x00000000
     203565.000 ns	     20355	800045cc	00b8df93	srli	x31,x17,0xb	 x17:0x80040fe4 x31=0x00100081
     203585.000 ns	     20357	800045d0	c00c23d3	fcvt.w.s	x7,f24	 f24:0x4f1e0000  x7=0x7fffffff
     203605.000 ns	     20359	800045d4	45643113	sltiu	x2,x8,1110	  x8:0xfffffe1c  x2=0x00000000
     203965.000 ns	     20395	800045d8	03ab50b3	divu	x1,x22,x26	 x22:0x7a78854c x26:0xfffffead  x1=0x00000000
     203985.000 ns	     20397	800045dc	78860a13	addi	x20,x12,1928	 x12:0x00000000 x20=0x00000788
     203995.000 ns	     20398	800045e0	01d78733	add	x14,x15,x29	 x15:0x00000a8c x29:0x00015180 x14=0x00015c0c
     204005.000 ns	     20399	800045e4	417f8833	sub	x16,x31,x23	 x31:0x00100081 x23:0x00000001 x16=0x00100080
     204015.000 ns	     20400	800045e8	41ab5f33	sra	x30,x22,x26	 x22:0x7a78854c x26:0xfffffead x30=0x0003d3c4
     204035.000 ns	     20402	800045ec	024f1033	mulh	x0,x30,x4	 x30:0x00000701  x4:0x00000001
     204055.000 ns	     20404	800045f0	01750033	add	x0,x10,x23	 x10:0x645dc000 x23:0x00000001
     204075.000 ns	     20406	800045f4	d01e7bd3	fcvt.s.wu	f23,x28	 x28:0x00000000 f23=0x00000000
     204105.000 ns	     20409	800045f8	03ba9033	mulh	x0,x21,x27	 x21:0x4effff56 x27:0xdabb7000
     204135.000 ns	     20412	800045fc	a174a0d3	feq.s	x1,f9,f23	  f9:0x4f000410 f23:0x00000000  x1=0x00000000
     204155.000 ns	     20414	80004600	41d38bb3	sub	x23,x7,x29	  x7:0x7fffffff x29:0x00015180 x23=0x7ffeae7f
     204165.000 ns	     20415	80004604	3db10b93	addi	x23,x2,987	  x2:0x00000000 x23=0x000003db
     204185.000 ns	     20417	80004608	d00e7bd3	fcvt.s.w	f23,x28	 x28:0x00000000 f23=0x00000000
     204205.000 ns	     20419	8000460c	812d2097	auipc	x1,0x812d2	  x1=0x012d660c
     204215.000 ns	     20420	80004610	99923e13	sltiu	x28,x4,-1639	  x4:0x00000001 x28=0x00000001
     204245.000 ns	     20423	80004614	190a9c53	fdiv.s	f24,f21,f16	 f21:0x00000000 f16:0xce9e0000 f24=0x80000000
     204295.000 ns	     20428	80004618	012cfe53	fadd.s	f28,f25,f18	 f25:0x00000000 f18:0x1f79d28a f28=0x1f79d28a
     204315.000 ns	     20430	8000461c	00f670b3	and	x1,x12,x15	 x12:0x00000000 x15:0x00000a8c  x1=0x00000000
     204325.000 ns	     20431	80004620	4119dbb3	sra	x23,x19,x17	 x19:0x1710d712 x17:0x80040fe4 x23=0x01710d71
     204345.000 ns	     20433	80004624	e00e91d3	fclass.s	x3,f29	 f29:0xadc0c9da  x3=0x00000002
     204375.000 ns	     20436	80004628	208e21d3	fsgnjx.s	f3,f28,f8	 f28:0x1f79d28a  f8:0x645dc000  f3=0x1f79d28a
     204745.000 ns	     20473	8000462c	03196db3	rem	x27,x18,x17	 x18:0x000000b5 x17:0x80040fe4 x27=0x000000b5
     204775.000 ns	     20476	80004630	e00b0853	fmv.x.w	x16,f22	 f22:0x80040fe4 x16=0x80040fe4
     204805.000 ns	     20479	80004634	a1f00253	fle.s	x4,f0,f31	  f0:0x00000000 f31:0x00000000  x4=0x00000001
     204825.000 ns	     20481	80004638	01017db3	and	x27,x2,x16	  x2:0x00000000 x16:0x80040fe4 x27=0x00000000
     204865.000 ns	     20485	8000463c	0025f153	fadd.s	f2,f11,f2	 f11:0x7fc00000  f2:0xcdc58e44  f2=0x7fc00000
     204895.000 ns	     20488	80004640	a1f12f53	feq.s	x30,f2,f31	  f2:0xcdc58e44 f31:0x00000000 x30=0x00000000
     204925.000 ns	     20491	80004644	a1530353	fle.s	x6,f6,f21	  f6:0x00000000 f21:0x00000000  x6=0x00000001
     204945.000 ns	     20493	80004648	00ca4fb3	xor	x31,x20,x12	 x20:0x00000788 x12:0x00000000 x31=0x00000788
     204965.000 ns	     20495	8000464c	28df1553	fmax.s	f10,f30,f13	 f30:0x00000000 f13:0x4db886b9 f10=0x4db886b9
     204985.000 ns	     20497	80004650	df808e13	addi	x28,x1,-520	  x1:0x00000000 x28=0xfffffdf8
     205005.000 ns	     20499	80004654	29f61653	fmax.s	f12,f12,f31	 f12:0xcdc58e44 f31:0x00000000 f12=0x00000000
     205035.000 ns	     20502	80004658	037bafb3	mulhsu	x31,x23,x23	 x23:0x01710d71 x23:0x01710d71 x31=0x00021407
     205065.000 ns	     20505	8000465c	d0167e53	fcvt.s.wu	f28,x12	 x12:0x00000000 f28=0x00000000
     205105.000 ns	     20509	80004660	5805f253	fsqrt.s	f4,f11	 f11:0x7fc00000  f4=0x7fc00000
     206245.000 ns	     20623	80004664	58090953	fsqrt.s	f18,f18	 f18:0x1f79d28a f18=0x2f30a674
     206265.000 ns	     20625	80004668	0186cf33	xor	x30,x13,x24	 x13:0x7a78854c x24:0x00410240 x30=0x7a39870c
     206305.000 ns	     20629	8000466c	009f34d3	fadd.s	f9,f30,f9	 f30:0x00000000  f9:0x4f000410  f9=0x4f000410
     206675.000 ns	     20666	80004670	02727bb3	remu	x23,x4,x7	  x4:0x00000001  x7:0x7fffffff x23=0x00000001
     206695.000 ns	     20668	80004674	00531313	slli	x6,x6,0x5	  x6:0x00000001  x6=0x00000020
     207055.000 ns	     20704	80004678	03f9fe33	remu	x28,x19,x31	 x19:0x1710d712 x31:0x00021407 x28=0x00009563
     207095.000 ns	     20708	8000467c	10a4f1d3	fmul.s	f3,f9,f10	  f9:0x4f000410 f10:0x4db886b9  f3=0x5d388c94
     207145.000 ns	     20713	80004680	08571a53	fsub.s	f20,f14,f5	 f14:0x7fc00000  f5:0xcdc58e44 f20=0x7fc00000
     207195.000 ns	     20718	80004684	087c7e53	fsub.s	f28,f24,f7	 f24:0x80000000  f7:0x00000000 f28=0x80000000
     207225.000 ns	     20721	80004688	d007fed3	fcvt.s.w	f29,x15	 x15:0x00000a8c f29=0x4528c000
     207245.000 ns	     20723	8000468c	533c3113	sltiu	x2,x24,1331	 x24:0x00410240  x2=0x00000000
     207255.000 ns	     20724	80004690	aabaa817	auipc	x16,0xaabaa	 x16=0x2abae690
     207265.000 ns	     20725	80004694	c6caf113	andi	x2,x21,-916	 x21:0x4effff56  x2=0x4efffc44
     207285.000 ns	     20727	80004698	201e8e53	fsgnj.s	f28,f29,f1	 f29:0x4528c000  f1:0x4f7ff9a2 f28=0x4528c000
     207315.000 ns	     20730	8000469c	a0990653	fle.s	x12,f18,f9	 f18:0x2f30a674  f9:0x4f000410 x12=0x00000001
     207335.000 ns	     20732	800046a0	00000013	addi	x0,x0,0	  x0:0x00000000
     207695.000 ns	     20768	800046a4	0241fcb3	remu	x25,x3,x4	  x3:0x00000002  x4:0x00000001 x25=0x00000000
     207725.000 ns	     20771	800046a8	02bc0b33	mul	x22,x24,x11	 x24:0x00410240 x11:0x80041024 x22=0x22485100
     208095.000 ns	     20808	800046ac	02d864b3	rem	x9,x16,x13	 x16:0x2abae690 x13:0x7a78854c  x9=0x2abae690
     208115.000 ns	     20810	800046b0	00000013	addi	x0,x0,0	  x0:0x00000000
     208125.000 ns	     20811	800046b4	00c27533	and	x10,x4,x12	  x4:0x00000001 x12:0x00000001 x10=0x00000001
     208145.000 ns	     20813	800046b8	280b1053	fmax.s	f0,f22,f0	 f22:0x80040fe4  f0:0x00000000  f0=0x00000000
     208175.000 ns	     20816	800046bc	020cc2b3	div	x5,x25,x0	 x25:0x00000000  x0:0x00000000  x5=0xffffffff
     208205.000 ns	     20819	800046c0	f0000dd3	fmv.w.x	f27,x0	  x0:0x00000000 f27=0x00000000
     208225.000 ns	     20821	800046c4	f79e4793	xori	x15,x28,-135	 x28:0x00009563 x15=0xffff6a1a
     208245.000 ns	     20823	800046c8	292d1553	fmax.s	f10,f26,f18	 f26:0x470e35dc f18:0x2f30a674 f10=0x470e35dc
     208265.000 ns	     20825	800046cc	8e1db913	sltiu	x18,x27,-1823	 x27:0x00000000 x18=0x00000001
     208275.000 ns	     20826	800046d0	011e6933	or	x18,x28,x17	 x28:0x00009563 x17:0x80040fe4 x18=0x80049fe7
     208295.000 ns	     20828	800046d4	038690b3	mulh	x1,x13,x24	 x13:0x7a78854c x24:0x00410240  x1=0x001f19ad
     208325.000 ns	     20831	800046d8	c01cf3d3	fcvt.wu.s	x7,f25	 f25:0x00000000  x7=0x00000000
     208345.000 ns	     20833	800046dc	00b7efb3	or	x31,x15,x11	 x15:0xffff6a1a x11:0x80041024 x31=0xffff7a3e
     208365.000 ns	     20835	800046e0	0249a2b3	mulhsu	x5,x19,x4	 x19:0x1710d712  x4:0x00000001  x5=0x00000000
     208385.000 ns	     20837	800046e4	402ed193	srai	x3,x29,0x2	 x29:0x00015180  x3=0x00005460
     208405.000 ns	     20839	800046e8	02373033	mulhu	x0,x14,x3	 x14:0x00015c0c  x3:0x00000002
     208445.000 ns	     20843	800046ec	5809f3d3	fsqrt.s	f7,f19	 f19:0xcdc58e44  f7=0x7fc00000
     208815.000 ns	     20880	800046f0	03d37933	remu	x18,x6,x29	  x6:0x00000020 x29:0x00015180 x18=0x00000020
     208835.000 ns	     20882	800046f4	bcbbc017	auipc	x0,0xbcbbc	
     208845.000 ns	     20883	800046f8	0a3d0d93	addi	x27,x26,163	 x26:0xfffffead x27=0xffffff50
     208865.000 ns	     20885	800046fc	f00d8b53	fmv.w.x	f22,x27	 x27:0x00000000 f22=0xffffff50
     208895.000 ns	     20888	80004700	20532fd3	fsgnjx.s	f31,f6,f5	  f6:0x00000000  f5:0xcdc58e44 f31=0x80000000
     208915.000 ns	     20890	80004704	00fcb433	sltu	x8,x25,x15	 x25:0x00000000 x15:0xffff6a1a  x8=0x00000001
     208925.000 ns	     20891	80004708	01d19c33	sll	x24,x3,x29	  x3:0x00005460 x29:0x00015180 x24=0x00005460
     208965.000 ns	     20895	8000470c	095f8753	fsub.s	f14,f31,f21	 f31:0x80000000 f21:0x00000000 f14=0x80000000
     208985.000 ns	     20897	80004710	01129533	sll	x10,x5,x17	  x5:0x00000000 x17:0x80040fe4 x10=0x00000000
     209005.000 ns	     20899	80004714	c00110d3	fcvt.w.s	x1,f2	  f2:0x7fc00000  x1=0x7fffffff
     209055.000 ns	     20904	80004718	0188bfd3	fadd.s	f31,f17,f24	 f17:0xc70e35dc f24:0x80000000 f31=0xc70e35dc
     209095.000 ns	     20908	8000471c	11c9f3d3	fmul.s	f7,f19,f28	 f19:0xcdc58e44 f28:0x4528c000  f7=0xd3823987
     209115.000 ns	     20910	80004720	4d32fa13	andi	x20,x5,1235	  x5:0x00000000 x20=0x00000000
     209125.000 ns	     20911	80004724	01e0a2b3	slt	x5,x1,x30	  x1:0x7fffffff x30:0x7a39870c  x5=0x00000000
     209155.000 ns	     20914	80004728	10d07353	fmul.s	f6,f0,f13	  f0:0x00000000 f13:0x4db886b9  f6=0x00000000
     209175.000 ns	     20916	8000472c	407a8ab3	sub	x21,x21,x7	 x21:0x4effff56  x7:0x00000000 x21=0x4effff56
     209195.000 ns	     20918	80004730	a1f00753	fle.s	x14,f0,f31	  f0:0x00000000 f31:0xc70e35dc x14=0x00000000
     209215.000 ns	     20920	80004734	003c7033	and	x0,x24,x3	 x24:0x00005460  x3:0x00005460
     209225.000 ns	     20921	80004738	4e31eb13	ori	x22,x3,1251	  x3:0x00005460 x22=0x000054e3
     209245.000 ns	     20923	8000473c	e0031ad3	fclass.s	x21,f6	  f6:0x00000000 x21=0x00000010
     209265.000 ns	     20925	80004740	c2c5b293	sltiu	x5,x11,-980	 x11:0x80041024  x5=0x00000001
     209275.000 ns	     20926	80004744	01255813	srli	x16,x10,0x12	 x10:0x00000000 x16=0x00000000
     209285.000 ns	     20927	80004748	415e00b3	sub	x1,x28,x21	 x28:0x00009563 x21:0x00000010  x1=0x00009553
     209295.000 ns	     20928	8000474c	014e6f33	or	x30,x28,x20	 x28:0x00009563 x20:0x00000000 x30=0x00009563
     209325.000 ns	     20931	80004750	10d072d3	fmul.s	f5,f0,f13	  f0:0x00000000 f13:0x4db886b9  f5=0x00000000
     209355.000 ns	     20934	80004754	a00c8853	fle.s	x16,f25,f0	 f25:0x00000000  f0:0x00000000 x16=0x00000001
     209385.000 ns	     20937	80004758	28039c53	fmax.s	f24,f7,f0	  f7:0xd3823987  f0:0x00000000 f24=0x00000000
     209405.000 ns	     20939	8000475c	d0bd3d93	sltiu	x27,x26,-757	 x26:0xfffffead x27=0x00000000
     209425.000 ns	     20941	80004760	c01933d3	fcvt.wu.s	x7,f18	 f18:0x2f30a674  x7=0x00000000
     209445.000 ns	     20943	80004764	d4328093	addi	x1,x5,-701	  x5:0x00000001  x1=0xfffffd44
     209465.000 ns	     20945	80004768	03bb87b3	mul	x15,x23,x27	 x23:0x00000001 x27:0x00000000 x15=0x00000000
     209495.000 ns	     20948	8000476c	290c8253	fmin.s	f4,f25,f16	 f25:0x00000000 f16:0xce9e0000  f4=0xce9e0000
     209515.000 ns	     20950	80004770	f0b42613	slti	x12,x8,-245	  x8:0x00000001 x12=0x00000000
     209525.000 ns	     20951	80004774	df269037	lui	x0,0xdf269	
     209545.000 ns	     20953	80004778	03c93bb3	mulhu	x23,x18,x28	 x18:0x00000020 x28:0x00009563 x23=0x00000000
     209565.000 ns	     20955	8000477c	052a6497	auipc	x9,0x52a6	  x9=0x852aa77c
     209575.000 ns	     20956	80004780	4661ad13	slti	x26,x3,1126	  x3:0x00005460 x26=0x00000000
     209595.000 ns	     20958	80004784	21f029d3	fsgnjx.s	f19,f0,f31	  f0:0x00000000 f31:0xc70e35dc f19=0x80000000
     209645.000 ns	     20963	80004788	08937d53	fsub.s	f26,f6,f9	  f6:0x00000000  f9:0x4f000410 f26=0xcf000410
     209675.000 ns	     20966	8000478c	a1420653	fle.s	x12,f4,f20	  f4:0xce9e0000 f20:0x7fc00000 x12=0x00000000
     209705.000 ns	     20969	80004790	d00df853	fcvt.s.w	f16,x27	 x27:0x00000000 f16=0x00000000
     209725.000 ns	     20971	80004794	01817433	and	x8,x2,x24	  x2:0x4efffc44 x24:0x00005460  x8=0x00005440
     209735.000 ns	     20972	80004798	0122c7b3	xor	x15,x5,x18	  x5:0x00000001 x18:0x00000020 x15=0x00000021
     209755.000 ns	     20974	8000479c	0246bcb3	mulhu	x25,x13,x4	 x13:0x7a78854c  x4:0x00000001 x25=0x00000000
     209785.000 ns	     20977	800047a0	03a3adb3	mulhsu	x27,x7,x26	  x7:0x00000000 x26:0x00000000 x27=0x00000000
     209805.000 ns	     20979	800047a4	ee31a313	slti	x6,x3,-285	  x3:0x00005460  x6=0x00000000
     209815.000 ns	     20980	800047a8	3462b513	sltiu	x10,x5,838	  x5:0x00000001 x10=0x00000001
     209835.000 ns	     20982	800047ac	291d15d3	fmax.s	f11,f26,f17	 f26:0xcf000410 f17:0xc70e35dc f11=0xc70e35dc
     210175.000 ns	     21016	800047b0	18840153	fdiv.s	f2,f8,f8	  f8:0x645dc000  f8:0x645dc000  f2=0x3f5dc000
     210205.000 ns	     21019	800047b4	f00704d3	fmv.w.x	f9,x14	 x14:0x00000000  f9=0x00000000
     210225.000 ns	     21021	800047b8	00144e33	xor	x28,x8,x1	  x8:0x00005440  x1:0xfffffd44 x28=0xffffa904
     210245.000 ns	     21023	800047bc	d006a953	fcvt.s.w	f18,x13	 x13:0x7a78854c f18=0x4ef4f10b
     210275.000 ns	     21026	800047c0	02433c33	mulhu	x24,x6,x4	  x6:0x00000000  x4:0x00000001 x24=0x00000000
     210305.000 ns	     21029	800047c4	29dc0853	fmin.s	f16,f24,f29	 f24:0x00000000 f29:0x4528c000 f16=0x00000000
     210325.000 ns	     21031	800047c8	1cfd4113	xori	x2,x26,463	 x26:0x00000000  x2=0x000001cf
     210345.000 ns	     21033	800047cc	c01ebe53	fcvt.wu.s	x28,f29	 f29:0x4528c000 x28=0x00000a8c
     210365.000 ns	     21035	800047d0	00852533	slt	x10,x10,x8	 x10:0x00000001  x8:0x00005440 x10=0x00000001
     210395.000 ns	     21038	800047d4	11654d53	fmul.s	f26,f10,f22	 f10:0x470e35dc f22:0xffffff50 f26=0x7fc00000
     210425.000 ns	     21041	800047d8	c00da053	fcvt.w.s	x0,f27	 f27:0x00000000
     210445.000 ns	     21043	800047dc	0f66b913	sltiu	x18,x13,246	 x13:0x7a78854c x18=0x00000000
     210805.000 ns	     21079	800047e0	035b4033	div	x0,x22,x21	 x22:0x000054e3 x21:0x00000010
     210835.000 ns	     21082	800047e4	02d08eb3	mul	x29,x1,x13	  x1:0xfffffd44 x13:0x7a78854c x29=0x1e738430
     210855.000 ns	     21084	800047e8	40add6b3	sra	x13,x27,x10	 x27:0x00000000 x10:0x00000001 x13=0x00000000
     210865.000 ns	     21085	800047ec	21a96713	ori	x14,x18,538	 x18:0x00000000 x14=0x0000021a
     210885.000 ns	     21087	800047f0	03168433	mul	x8,x13,x17	 x13:0x7a78854c x17:0x80040fe4  x8=0x00000000
     210905.000 ns	     21089	800047f4	326f3a93	sltiu	x21,x30,806	 x30:0x00009563 x21=0x00000000
     210925.000 ns	     21091	800047f8	20d2ad53	fsgnjx.s	f26,f5,f13	  f5:0x00000000 f13:0x4db886b9 f26=0x00000000
     210955.000 ns	     21094	800047fc	c019f3d3	fcvt.wu.s	x7,f19	 f19:0x80000000  x7=0x00000000
     210975.000 ns	     21096	80004800	01add7b3	srl	x15,x27,x26	 x27:0x00000000 x26:0x00000000 x15=0x00000000
     210995.000 ns	     21098	80004804	e00612d3	fclass.s	x5,f12	 f12:0x00000000  x5=0x00000010
     211015.000 ns	     21100	80004808	01ef9f13	slli	x30,x31,0x1e	 x31:0xffff7a3e x30=0x80000000
     211035.000 ns	     21102	8000480c	29538953	fmin.s	f18,f7,f21	  f7:0xd3823987 f21:0x00000000 f18=0xd3823987
     211055.000 ns	     21104	80004810	002850b3	srl	x1,x16,x2	 x16:0x00000001  x2:0x000001cf  x1=0x00000000
     211415.000 ns	     21140	80004814	036dcb33	div	x22,x27,x22	 x27:0x00000000 x22:0x000054e3 x22=0x00000000
     211445.000 ns	     21143	80004818	03302b33	mulhsu	x22,x0,x19	  x0:0x00000000 x19:0x1710d712 x22=0x00000000
     211475.000 ns	     21146	8000481c	28e89dd3	fmax.s	f27,f17,f14	 f17:0xc70e35dc f14:0x80000000 f27=0x80000000
     211505.000 ns	     21149	80004820	20d4afd3	fsgnjx.s	f31,f9,f13	  f9:0x00000000 f13:0x4db886b9 f31=0x00000000
     211525.000 ns	     21151	80004824	01dd0433	add	x8,x26,x29	 x26:0x00000000 x29:0x1e738430  x8=0x1e738430
     211545.000 ns	     21153	80004828	c0102c53	fcvt.wu.s	x24,f0	  f0:0x00000000 x24=0x00000000
     211565.000 ns	     21155	8000482c	de8aed13	ori	x26,x21,-536	 x21:0x00000000 x26=0xfffffde8
     211585.000 ns	     21157	80004830	03891eb3	mulh	x29,x18,x24	 x18:0x00000000 x24:0x00000000 x29=0x00000000
     211605.000 ns	     21159	80004834	00000013	addi	x0,x0,0	  x0:0x00000000
     211625.000 ns	     21161	80004838	29fe15d3	fmax.s	f11,f28,f31	 f28:0x4528c000 f31:0x00000000 f11=0x4528c000
     211675.000 ns	     21166	8000483c	09c67553	fsub.s	f10,f12,f28	 f12:0x00000000 f28:0x4528c000 f10=0xc528c000
     211705.000 ns	     21169	80004840	21770353	fsgnj.s	f6,f14,f23	 f14:0x80000000 f23:0x00000000  f6=0x00000000
     211725.000 ns	     21171	80004844	6071f113	andi	x2,x3,1543	  x3:0x00005460  x2=0x00000400
     211735.000 ns	     21172	80004848	94f0e117	auipc	x2,0x94f0e	  x2=0x14f12848
     211755.000 ns	     21174	8000484c	e00e1ad3	fclass.s	x21,f28	 f28:0x4528c000 x21=0x00000040
     211775.000 ns	     21176	80004850	002bc533	xor	x10,x23,x2	 x23:0x00000000  x2:0x00000400 x10=0x14f12848
     212135.000 ns	     21212	80004854	02a0cf33	div	x30,x1,x10	  x1:0x00000000 x10:0x00000001 x30=0x00000000
     212155.000 ns	     21214	80004858	01bb2533	slt	x10,x22,x27	 x22:0x00000000 x27:0x00000000 x10=0x00000000
     212175.000 ns	     21216	8000485c	033db033	mulhu	x0,x27,x19	 x27:0x00000000 x19:0x1710d712
     212205.000 ns	     21219	80004860	03dae0b3	rem	x1,x21,x29	 x21:0x00000040 x29:0x00000000  x1=0x00000040
     212225.000 ns	     21221	80004864	0045d333	srl	x6,x11,x4	 x11:0x80041024  x4:0x00000001  x6=0x40020812
     212245.000 ns	     21223	80004868	a1030dd3	fle.s	x27,f6,f16	  f6:0x00000000 f16:0x00000000 x27=0x00000001
     212275.000 ns	     21226	8000486c	03861db3	mulh	x27,x12,x24	 x12:0x00000000 x24:0x00000000 x27=0x00000000
     212315.000 ns	     21230	80004870	19baf7d3	fdiv.s	f15,f21,f27	 f21:0x00000000 f27:0x80000000 f15=0x7fc00000
     212345.000 ns	     21233	80004874	201a28d3	fsgnjx.s	f17,f20,f1	 f20:0x7fc00000  f1:0x4f7ff9a2 f17=0x7fc00000
     212375.000 ns	     21236	80004878	e0061953	fclass.s	x18,f12	 f12:0x00000000 x18=0x00000010
     212745.000 ns	     21273	8000487c	028ac333	div	x6,x21,x8	 x21:0x00000040  x8:0x1e738430  x6=0x00000000
     212765.000 ns	     21275	80004880	9e5e3293	sltiu	x5,x28,-1563	 x28:0x00000a8c  x5=0x00000001
     212785.000 ns	     21277	80004884	03b1ffb3	remu	x31,x3,x27	  x3:0x00005460 x27:0x00000000 x31=0x00005460
     212815.000 ns	     21280	80004888	d012fbd3	fcvt.s.wu	f23,x5	  x5:0x00000010 f23=0x3f800000
     212835.000 ns	     21282	8000488c	00000013	addi	x0,x0,0	  x0:0x00000000
     212855.000 ns	     21284	80004890	a1e691d3	flt.s	x3,f13,f30	 f13:0x4db886b9 f30:0x00000000  x3=0x00000000
     212885.000 ns	     21287	80004894	c01df353	fcvt.wu.s	x6,f27	 f27:0x80000000  x6=0x00000000
     212905.000 ns	     21289	80004898	01cae033	or	x0,x21,x28	 x21:0x00000040 x28:0x00000a8c
     212935.000 ns	     21292	8000489c	192d27d3	fdiv.s	f15,f26,f18	 f26:0x00000000 f18:0xd3823987 f15=0x80000000
     212955.000 ns	     21294	800048a0	dd368793	addi	x15,x13,-557	 x13:0x00000000 x15=0xfffffdd3
     213315.000 ns	     21330	800048a4	02fe4133	div	x2,x28,x15	 x28:0x00000a8c x15:0x00000000  x2=0xfffffffc
     213335.000 ns	     21332	800048a8	f69b4693	xori	x13,x22,-151	 x22:0x00000000 x13=0xffffff69
     213345.000 ns	     21333	800048ac	011bd033	srl	x0,x23,x17	 x23:0x00000000 x17:0x80040fe4
     213385.000 ns	     21337	800048b0	00c61653	fadd.s	f12,f12,f12	 f12:0x00000000 f12:0x00000000 f12=0x00000000
     213755.000 ns	     21374	800048b4	030244b3	div	x9,x4,x16	  x4:0x00000001 x16:0x00000001  x9=0x00000001
     213785.000 ns	     21377	800048b8	c00f0353	fcvt.w.s	x6,f30	 f30:0x00000000  x6=0x00000000
     213815.000 ns	     21380	800048bc	29558f53	fmin.s	f30,f11,f21	 f11:0x4528c000 f21:0x00000000 f30=0x00000000
     213845.000 ns	     21383	800048c0	a05ca4d3	feq.s	x9,f25,f5	 f25:0x00000000  f5:0x00000000  x9=0x00000001
     213875.000 ns	     21386	800048c4	e0028ed3	fmv.x.w	x29,f5	  f5:0x00000000 x29=0x00000000
     214245.000 ns	     21423	800048c8	024a6733	rem	x14,x20,x4	 x20:0x00000000  x4:0x00000001 x14=0x00000000
     214275.000 ns	     21426	800048cc	038bb733	mulhu	x14,x23,x24	 x23:0x00000000 x24:0x00000000 x14=0x00000000
     214295.000 ns	     21428	800048d0	8edf4713	xori	x14,x30,-1811	 x30:0x00000000 x14=0xfffff8ed
     214305.000 ns	     21429	800048d4	41f604b3	sub	x9,x12,x31	 x12:0x00000000 x31:0x00005460  x9=0xffffaba0
     214315.000 ns	     21430	800048d8	8581cb93	xori	x23,x3,-1960	  x3:0x00000000 x23=0xfffff858
     214675.000 ns	     21466	800048dc	037dc533	div	x10,x27,x23	 x27:0x00000000 x23:0x00000000 x10=0x00000000
     214705.000 ns	     21469	800048e0	c0000f53	fcvt.w.s	x30,f0	  f0:0x00000000 x30=0x00000000
     214725.000 ns	     21471	800048e4	419ddd93	srai	x27,x27,0x19	 x27:0x00000000 x27=0x00000000
     214735.000 ns	     21472	800048e8	41f5d513	srai	x10,x11,0x1f	 x11:0x80041024 x10=0xffffffff
     214755.000 ns	     21474	800048ec	02719033	mulh	x0,x3,x7	  x3:0x00000000  x7:0x00000000
     215125.000 ns	     21511	800048f0	03f3c233	div	x4,x7,x31	  x7:0x00000000 x31:0x00005460  x4=0x00000000
     215145.000 ns	     21513	800048f4	3415a113	slti	x2,x11,833	 x11:0x80041024  x2=0x00000001
     215175.000 ns	     21516	800048f8	185878d3	fdiv.s	f17,f16,f5	 f16:0x00000000  f5:0x00000000 f17=0x7fc00000
     215195.000 ns	     21518	800048fc	f88a31b7	lui	x3,0xf88a3	  x3=0xf88a3000
     215215.000 ns	     21520	80004900	030a0533	mul	x10,x20,x16	 x20:0x00000000 x16:0x00000001 x10=0x00000000
     215235.000 ns	     21522	80004904	00bff133	and	x2,x31,x11	 x31:0x00005460 x11:0x80041024  x2=0x00001020
     215245.000 ns	     21523	80004908	40edda93	srai	x21,x27,0xe	 x27:0x00000000 x21=0x00000000
     215255.000 ns	     21524	8000490c	01ad2fb3	slt	x31,x26,x26	 x26:0xfffffde8 x26:0xfffffde8 x31=0x00000000
     215275.000 ns	     21526	80004910	c01406d3	fcvt.wu.s	x13,f8	  f8:0x645dc000 x13=0xffffffff
     215295.000 ns	     21528	80004914	c298ab93	slti	x23,x17,-983	 x17:0x80040fe4 x23=0x00000001
     215305.000 ns	     21529	80004918	a136db97	auipc	x23,0xa136d	 x23=0x21371918
     215315.000 ns	     21530	8000491c	01632e33	slt	x28,x6,x22	  x6:0x00000000 x22:0x00000000 x28=0x00000000
     215335.000 ns	     21532	80004920	02ba3733	mulhu	x14,x20,x11	 x20:0x00000000 x11:0x80041024 x14=0x00000000
     215355.000 ns	     21534	80004924	01a30fb3	add	x31,x6,x26	  x6:0x00000000 x26:0xfffffde8 x31=0xfffffde8
     215375.000 ns	     21536	80004928	206d24d3	fsgnjx.s	f9,f26,f6	 f26:0x00000000  f6:0x00000000  f9=0x00000000
     215395.000 ns	     21538	8000492c	01715eb3	srl	x29,x2,x23	  x2:0x00001020 x23:0x21371918 x29=0x00000000
     215415.000 ns	     21540	80004930	a168a053	feq.s	x0,f17,f22	 f17:0x7fc00000 f22:0xffffff50
     215435.000 ns	     21542	80004934	00d13fb3	sltu	x31,x2,x13	  x2:0x00001020 x13:0xffffffff x31=0x00000001
     215445.000 ns	     21543	80004938	00000013	addi	x0,x0,0	  x0:0x00000000
     215465.000 ns	     21545	8000493c	20072053	fsgnjx.s	f0,f14,f0	 f14:0x80000000  f0:0x00000000  f0=0x80000000
     215485.000 ns	     21547	80004940	ab73c637	lui	x12,0xab73c	 x12=0xab73c000
     215495.000 ns	     21548	80004944	51a9b493	sltiu	x9,x19,1306	 x19:0x1710d712  x9=0x00000000
     215515.000 ns	     21550	80004948	20320bd3	fsgnj.s	f23,f4,f3	  f4:0xce9e0000  f3:0x5d388c94 f23=0x4e9e0000
     215565.000 ns	     21555	8000494c	0891af53	fsub.s	f30,f3,f9	  f3:0x5d388c94  f9:0x00000000 f30=0x5d388c94
     215935.000 ns	     21592	80004950	03aefdb3	remu	x27,x29,x26	 x29:0x00000000 x26:0xfffffde8 x27=0x00000000
     215955.000 ns	     21594	80004954	011916b3	sll	x13,x18,x17	 x18:0x00000010 x17:0x80040fe4 x13=0x00000100
     215975.000 ns	     21596	80004958	a0869d53	flt.s	x26,f13,f8	 f13:0x4db886b9  f8:0x645dc000 x26=0x00000001
     215995.000 ns	     21598	8000495c	00031433	sll	x8,x6,x0	  x6:0x00000000  x0:0x00000000  x8=0x00000000
     216015.000 ns	     21600	80004960	f00a8553	fmv.w.x	f10,x21	 x21:0x00000000 f10=0x00000000
     216045.000 ns	     21603	80004964	a13b2d53	feq.s	x26,f22,f19	 f22:0xffffff50 f19:0x80000000 x26=0x00000000
     216065.000 ns	     21605	80004968	586e2313	slti	x6,x28,1414	 x28:0x00000000  x6=0x00000001
     216105.000 ns	     21609	8000496c	00c0f2d3	fadd.s	f5,f1,f12	  f1:0x4f7ff9a2 f12:0x00000000  f5=0x4f7ff9a2
     216145.000 ns	     21613	80004970	1063f1d3	fmul.s	f3,f7,f6	  f7:0xd3823987  f6:0x00000000  f3=0x80000000
     216165.000 ns	     21615	80004974	32b14013	xori	x0,x2,811	  x2:0x00001020
     216185.000 ns	     21617	80004978	a15402d3	fle.s	x5,f8,f21	  f8:0x645dc000 f21:0x00000000  x5=0x00000000
     216215.000 ns	     21620	8000497c	28fa87d3	fmin.s	f15,f21,f15	 f21:0x00000000 f15:0x80000000 f15=0x80000000
     216585.000 ns	     21657	80004980	0269ee33	rem	x28,x19,x6	 x19:0x1710d712  x6:0x00000001 x28=0x00000000
     216625.000 ns	     21661	80004984	1177f0d3	fmul.s	f1,f15,f23	 f15:0x80000000 f23:0x4e9e0000  f1=0x80000000
     216645.000 ns	     21663	80004988	00e34933	xor	x18,x6,x14	  x6:0x00000001 x14:0x00000000 x18=0x00000001
     216655.000 ns	     21664	8000498c	010f3d33	sltu	x26,x30,x16	 x30:0x00000000 x16:0x00000001 x26=0x00000001
     216675.000 ns	     21666	80004990	a10aafd3	feq.s	x31,f21,f16	 f21:0x00000000 f16:0x00000000 x31=0x00000001
     216695.000 ns	     21668	80004994	3e0646b7	lui	x13,0x3e064	 x13=0x3e064000
     216705.000 ns	     21669	80004998	242d8f13	addi	x30,x27,578	 x27:0x00000000 x30=0x00000242
     216715.000 ns	     21670	8000499c	01ce0fb3	add	x31,x28,x28	 x28:0x00000000 x28:0x00000000 x31=0x00000000
     216735.000 ns	     21672	800049a0	c01b9ed3	fcvt.wu.s	x29,f23	 f23:0x4e9e0000 x29=0x4f000000
     216765.000 ns	     21675	800049a4	02d4a4b3	mulhsu	x9,x9,x13	  x9:0x00000000 x13:0x3e064000  x9=0x00000000
     216785.000 ns	     21677	800049a8	741ec393	xori	x7,x29,1857	 x29:0x4f000000  x7=0x4f000741
     216805.000 ns	     21679	800049ac	28991053	fmax.s	f0,f18,f9	 f18:0xd3823987  f9:0x00000000  f0=0x00000000
     216825.000 ns	     21681	800049b0	ceab7493	andi	x9,x22,-790	 x22:0x00000000  x9=0x00000000
     216845.000 ns	     21683	800049b4	c01434d3	fcvt.wu.s	x9,f8	  f8:0x645dc000  x9=0xffffffff
     216865.000 ns	     21685	800049b8	01c0f533	and	x10,x1,x28	  x1:0x00000040 x28:0x00000000 x10=0x00000000
     217225.000 ns	     21721	800049bc	02357933	remu	x18,x10,x3	 x10:0x00000000  x3:0xf88a3000 x18=0x00000000
     217245.000 ns	     21723	800049c0	01804233	xor	x4,x0,x24	  x0:0x00000000 x24:0x00000000  x4=0x00000000
     217255.000 ns	     21724	800049c4	75682b13	slti	x22,x16,1878	 x16:0x00000001 x22=0x00000001
     217275.000 ns	     21726	800049c8	02c69833	mulh	x16,x13,x12	 x13:0x3e064000 x12:0xab73c000 x16=0xeb83f813
     217305.000 ns	     21729	800049cc	21102453	fsgnjx.s	f8,f0,f17	  f0:0x00000000 f17:0x7fc00000  f8=0x00000000
     217325.000 ns	     21731	800049d0	e9906113	ori	x2,x0,-359	  x0:0x00000000  x2=0xfffffe99
     217345.000 ns	     21733	800049d4	280b1f53	fmax.s	f30,f22,f0	 f22:0xffffff50  f0:0x00000000 f30=0x00000000
     217375.000 ns	     21736	800049d8	a14aaa53	feq.s	x20,f21,f20	 f21:0x00000000 f20:0x7fc00000 x20=0x00000000
     217395.000 ns	     21738	800049dc	412a5a93	srai	x21,x20,0x12	 x20:0x00000000 x21=0x00000000
     217405.000 ns	     21739	800049e0	9bb5a6b7	lui	x13,0x9bb5a	 x13=0x9bb5a000
     217425.000 ns	     21741	800049e4	03e98733	mul	x14,x19,x30	 x19:0x1710d712 x30:0x00000242 x14=0x140596a4
     217455.000 ns	     21744	800049e8	a0900cd3	fle.s	x25,f0,f9	  f0:0x00000000  f9:0x00000000 x25=0x00000001
     217485.000 ns	     21747	800049ec	e00686d3	fmv.x.w	x13,f13	 f13:0x4db886b9 x13=0x4db886b9
     217505.000 ns	     21749	800049f0	e320c313	xori	x6,x1,-462	  x1:0x00000040  x6=0xfffffe72
     217525.000 ns	     21751	800049f4	03003733	mulhu	x14,x0,x16	  x0:0x00000000 x16:0xeb83f813 x14=0x00000000
     217555.000 ns	     21754	800049f8	02e551b3	divu	x3,x10,x14	 x10:0x00000000 x14:0x140596a4  x3=0xffffffff
     217585.000 ns	     21757	800049fc	a0010f53	fle.s	x30,f2,f0	  f2:0x3f5dc000  f0:0x00000000 x30=0x00000000
     217605.000 ns	     21759	80004a00	009feb33	or	x22,x31,x9	 x31:0x00000000  x9:0xffffffff x22=0xffffffff
     217625.000 ns	     21761	80004a04	a01f20d3	feq.s	x1,f30,f1	 f30:0x00000000  f1:0x80000000  x1=0x00000001
     217645.000 ns	     21763	80004a08	40b45fb3	sra	x31,x8,x11	  x8:0x00000000 x11:0x80041024 x31=0x00000000
     217665.000 ns	     21765	80004a0c	29709353	fmax.s	f6,f1,f23	  f1:0x80000000 f23:0x4e9e0000  f6=0x4e9e0000
     217685.000 ns	     21767	80004a10	afdcfb93	andi	x23,x25,-1283	 x25:0x00000001 x23=0x00000001
     217695.000 ns	     21768	80004a14	01755433	srl	x8,x10,x23	 x10:0x00000000 x23:0x21371918  x8=0x00000000
     217705.000 ns	     21769	80004a18	4ef92f37	lui	x30,0x4ef92	 x30=0x4ef92000
     217715.000 ns	     21770	80004a1c	0142dc13	srli	x24,x5,0x14	  x5:0x00000000 x24=0x00000000
     217735.000 ns	     21772	80004a20	d00e1553	fcvt.s.w	f10,x28	 x28:0x00000000 f10=0x00000000
     217755.000 ns	     21774	80004a24	24db4b13	xori	x22,x22,589	 x22:0xffffffff x22=0xfffffdb2
     217765.000 ns	     21775	80004a28	41285233	sra	x4,x16,x18	 x16:0xeb83f813 x18:0x00000000  x4=0xeb83f813
     217785.000 ns	     21777	80004a2c	f00287d3	fmv.w.x	f15,x5	  x5:0x00000000 f15=0x00000000
     217805.000 ns	     21779	80004a30	c11c0793	addi	x15,x24,-1007	 x24:0x00000000 x15=0xfffffc11
     217815.000 ns	     21780	80004a34	8aa41797	auipc	x15,0x8aa41	 x15=0x0aa45a34
     217835.000 ns	     21782	80004a38	c00b7353	fcvt.w.s	x6,f22	 f22:0xffffff50  x6=0x7fffffff
     218205.000 ns	     21819	80004a3c	0229fd33	remu	x26,x19,x2	 x19:0x1710d712  x2:0xfffffe99 x26=0x1710d712
     218245.000 ns	     21823	80004a40	10d571d3	fmul.s	f3,f10,f13	 f10:0x00000000 f13:0x4db886b9  f3=0x00000000
     218275.000 ns	     21826	80004a44	038d3eb3	mulhu	x29,x26,x24	 x26:0x1710d712 x24:0x00000000 x29=0x00000000
     218305.000 ns	     21829	80004a48	29a38d53	fmin.s	f26,f7,f26	  f7:0xd3823987 f26:0x00000000 f26=0xd3823987
     218335.000 ns	     21832	80004a4c	21a310d3	fsgnjn.s	f1,f6,f26	  f6:0x4e9e0000 f26:0x00000000  f1=0x4e9e0000
     218705.000 ns	     21869	80004a50	03ef5b33	divu	x22,x30,x30	 x30:0x4ef92000 x30:0x4ef92000 x22=0x00000001
     218755.000 ns	     21874	80004a54	0973f4d3	fsub.s	f9,f7,f23	  f7:0xd3823987 f23:0x4e9e0000  f9=0xd3826107
     218785.000 ns	     21877	80004a58	e00a0bd3	fmv.x.w	x23,f20	 f20:0x7fc00000 x23=0x7fc00000
     218805.000 ns	     21879	80004a5c	01c4a4b3	slt	x9,x9,x28	  x9:0xffffffff x28:0x00000000  x9=0x00000001
     218825.000 ns	     21881	80004a60	206386d3	fsgnj.s	f13,f7,f6	  f7:0xd3823987  f6:0x4e9e0000 f13=0x53823987
     218845.000 ns	     21883	80004a64	011052b3	srl	x5,x0,x17	  x0:0x00000000 x17:0x80040fe4  x5=0x00000000
     218865.000 ns	     21885	80004a68	02da1a33	mulh	x20,x20,x13	 x20:0x00000000 x13:0x4db886b9 x20=0x00000000
     218885.000 ns	     21887	80004a6c	008722b3	slt	x5,x14,x8	 x14:0x00000000  x8:0x00000000  x5=0x00000000
     218905.000 ns	     21889	80004a70	034ecdb3	div	x27,x29,x20	 x29:0x00000000 x20:0x00000000 x27=0xffffffff
     218925.000 ns	     21891	80004a74	00000013	addi	x0,x0,0	  x0:0x00000000
     218955.000 ns	     21894	80004a78	1033fed3	fmul.s	f29,f7,f3	  f7:0xd3823987  f3:0x00000000 f29=0x80000000
     218975.000 ns	     21896	80004a7c	00000013	addi	x0,x0,0	  x0:0x00000000
     219335.000 ns	     21932	80004a80	023c5b33	divu	x22,x24,x3	 x24:0x00000000  x3:0xffffffff x22=0x00000000
     219365.000 ns	     21935	80004a84	d01079d3	fcvt.s.wu	f19,x0	  x0:0x00000000 f19=0x00000000
     219395.000 ns	     21938	80004a88	e00e91d3	fclass.s	x3,f29	 f29:0x80000000  x3=0x00000008
     219765.000 ns	     21975	80004a8c	02c4c133	div	x2,x9,x12	  x9:0x00000001 x12:0xab73c000  x2=0x00000000
     219785.000 ns	     21977	80004a90	005946b3	xor	x13,x18,x5	 x18:0x00000000  x5:0x00000000 x13=0x00000000
     219795.000 ns	     21978	80004a94	5afae793	ori	x15,x21,1455	 x21:0x00000000 x15=0x000005af
     219805.000 ns	     21979	80004a98	405cd813	srai	x16,x25,0x5	 x25:0x00000001 x16=0x00000000
     219815.000 ns	     21980	80004a9c	c3847317	auipc	x6,0xc3847	  x6=0x4384ba9c
     219835.000 ns	     21982	80004aa0	e00f0253	fmv.x.w	x4,f30	 f30:0x00000000  x4=0x00000000
     219855.000 ns	     21984	80004aa4	a888b293	sltiu	x5,x17,-1400	 x17:0x80040fe4  x5=0x00000001
     219865.000 ns	     21985	80004aa8	9f87b393	sltiu	x7,x15,-1544	 x15:0x000005af  x7=0x00000001
     219875.000 ns	     21986	80004aac	e232aa13	slti	x20,x5,-477	  x5:0x00000000 x20=0x00000000
     219895.000 ns	     21988	80004ab0	d01f7353	fcvt.s.wu	f6,x30	 x30:0x4ef92000  f6=0x4e9df240
     219925.000 ns	     21991	80004ab4	c00d7ad3	fcvt.w.s	x21,f26	 f26:0xd3823987 x21=0x80000000
     219945.000 ns	     21993	80004ab8	004a1533	sll	x10,x20,x4	 x20:0x00000000  x4:0x00000000 x10=0x00000000
     219955.000 ns	     21994	80004abc	2d69e4b7	lui	x9,0x2d69e	  x9=0x2d69e000
     219975.000 ns	     21996	80004ac0	031d97b3	mulh	x15,x27,x17	 x27:0xffffffff x17:0x80040fe4 x15=0x00000000
     219995.000 ns	     21998	80004ac4	01e8ef33	or	x30,x17,x30	 x17:0x80040fe4 x30:0x4ef92000 x30=0xcefd2fe4
     220015.000 ns	     22000	80004ac8	0384cfb3	div	x31,x9,x24	  x9:0x2d69e000 x24:0x00000000 x31=0xffffffff
     220045.000 ns	     22003	80004acc	28800753	fmin.s	f14,f0,f8	  f0:0x00000000  f8:0x00000000 f14=0x00000000
     220075.000 ns	     22006	80004ad0	02fa6c33	rem	x24,x20,x15	 x20:0x00000000 x15:0x00000000 x24=0x00000000
     220125.000 ns	     22011	80004ad4	00ef75d3	fadd.s	f11,f30,f14	 f30:0x00000000 f14:0x00000000 f11=0x00000000
     220145.000 ns	     22013	80004ad8	01463d33	sltu	x26,x12,x20	 x12:0xab73c000 x20:0x00000000 x26=0x00000000
     220155.000 ns	     22014	80004adc	410c0e33	sub	x28,x24,x16	 x24:0x00000000 x16:0x00000000 x28=0x00000000
     220165.000 ns	     22015	80004ae0	015dc833	xor	x16,x27,x21	 x27:0xffffffff x21:0x80000000 x16=0x7fffffff
     220185.000 ns	     22017	80004ae4	207422d3	fsgnjx.s	f5,f8,f7	  f8:0x00000000  f7:0xd3823987  f5=0x80000000
     220215.000 ns	     22020	80004ae8	d001f8d3	fcvt.s.w	f17,x3	  x3:0x00000008 f17=0x41000000
     220245.000 ns	     22023	80004aec	d01ef253	fcvt.s.wu	f4,x29	 x29:0x00000000  f4=0x00000000
     220275.000 ns	     22026	80004af0	29df87d3	fmin.s	f15,f31,f29	 f31:0x00000000 f29:0x80000000 f15=0x80000000
     220295.000 ns	     22028	80004af4	c16aff93	andi	x31,x21,-1002	 x21:0x80000000 x31=0x80000000
     220625.000 ns	     22061	80004af8	19c3a0d3	fdiv.s	f1,f7,f28	  f7:0xd3823987 f28:0x4528c000  f1=0xcdb06fd2
     220645.000 ns	     22063	80004afc	01b2f6b3	and	x13,x5,x27	  x5:0x00000001 x27:0xffffffff x13=0x00000001
     220655.000 ns	     22064	80004b00	00204233	xor	x4,x0,x2	  x0:0x00000000  x2:0x00000000  x4=0x00000000
     220675.000 ns	     22066	80004b04	c00f0353	fcvt.w.s	x6,f30	 f30:0x00000000  x6=0x00000000
     220695.000 ns	     22068	80004b08	017acb33	xor	x22,x21,x23	 x21:0x80000000 x23:0x7fc00000 x22=0xffc00000
     220715.000 ns	     22070	80004b0c	02372333	mulhsu	x6,x14,x3	 x14:0x00000000  x3:0x00000008  x6=0x00000000
     220735.000 ns	     22072	80004b10	00000013	addi	x0,x0,0	  x0:0x00000000
     220745.000 ns	     22073	80004b14	41525c93	srai	x25,x4,0x15	  x4:0x00000000 x25=0x00000000
     220765.000 ns	     22075	80004b18	29c69dd3	fmax.s	f27,f13,f28	 f13:0x53823987 f28:0x4528c000 f27=0x53823987
     221135.000 ns	     22112	80004b1c	02bffa33	remu	x20,x31,x11	 x31:0x80000000 x11:0x80041024 x20=0x80000000
     221185.000 ns	     22117	80004b20	09c6bcd3	fsub.s	f25,f13,f28	 f13:0x53823987 f28:0x4528c000 f25=0x53823987
     221215.000 ns	     22120	80004b24	a15dab53	feq.s	x22,f27,f21	 f27:0x53823987 f21:0x00000000 x22=0x00000000
     221585.000 ns	     22157	80004b28	03ebd3b3	divu	x7,x23,x30	 x23:0x7fc00000 x30:0xcefd2fe4  x7=0x00000000
     221605.000 ns	     22159	80004b2c	45dd4413	xori	x8,x26,1117	 x26:0x00000000  x8=0x0000045d
     221615.000 ns	     22160	80004b30	0054afb3	slt	x31,x9,x5	  x9:0x2d69e000  x5:0x00000001 x31=0x00000000
     221635.000 ns	     22162	80004b34	03491ab3	mulh	x21,x18,x20	 x18:0x00000000 x20:0x80000000 x21=0x00000000
     221655.000 ns	     22164	80004b38	010bb0b3	sltu	x1,x23,x16	 x23:0x7fc00000 x16:0x7fffffff  x1=0x00000001
     221665.000 ns	     22165	80004b3c	00000013	addi	x0,x0,0	  x0:0x00000000
     221685.000 ns	     22167	80004b40	a08192d3	flt.s	x5,f3,f8	  f3:0x00000000  f8:0x00000000  x5=0x00000000
     221715.000 ns	     22170	80004b44	f00000d3	fmv.w.x	f1,x0	  x0:0x00000000  f1=0x00000000
     221745.000 ns	     22173	80004b48	d0172053	fcvt.s.wu	f0,x14	 x14:0x00000000  f0=0x00000000
     221775.000 ns	     22176	80004b4c	20c58453	fsgnj.s	f8,f11,f12	 f11:0x00000000 f12:0x00000000  f8=0x00000000
     221795.000 ns	     22178	80004b50	00da1733	sll	x14,x20,x13	 x20:0x80000000 x13:0x00000001 x14=0x00000000
     221815.000 ns	     22180	80004b54	02c80933	mul	x18,x16,x12	 x16:0x7fffffff x12:0xab73c000 x18=0x548c4000
     221845.000 ns	     22183	80004b58	2093ad53	fsgnjx.s	f26,f7,f9	  f7:0xd3823987  f9:0xd3826107 f26=0x53823987
     221865.000 ns	     22185	80004b5c	01ee5693	srli	x13,x28,0x1e	 x28:0x00000000 x13=0x00000000
     221885.000 ns	     22187	80004b60	03971cb3	mulh	x25,x14,x25	 x14:0x00000000 x25:0x00000000 x25=0x00000000
     221915.000 ns	     22190	80004b64	e0090ad3	fmv.x.w	x21,f18	 f18:0xd3823987 x21=0xd3823987
     221945.000 ns	     22193	80004b68	034c0ab3	mul	x21,x24,x20	 x24:0x00000000 x20:0x80000000 x21=0x00000000
     221965.000 ns	     22195	80004b6c	009bfdb3	and	x27,x23,x9	 x23:0x7fc00000  x9:0x2d69e000 x27=0x2d400000
     221975.000 ns	     22196	80004b70	00229c93	slli	x25,x5,0x2	  x5:0x00000000 x25=0x00000000
     221985.000 ns	     22197	80004b74	01303d33	sltu	x26,x0,x19	  x0:0x00000000 x19:0x1710d712 x26=0x00000001
     221995.000 ns	     22198	80004b78	d3acfc93	andi	x25,x25,-710	 x25:0x00000000 x25=0x00000000
     222015.000 ns	     22200	80004b7c	20c518d3	fsgnjn.s	f17,f10,f12	 f10:0x00000000 f12:0x00000000 f17=0x80000000
     222045.000 ns	     22203	80004b80	21b8af53	fsgnjx.s	f30,f17,f27	 f17:0x41000000 f27:0x53823987 f30=0x80000000
     222075.000 ns	     22206	80004b84	a19704d3	fle.s	x9,f14,f25	 f14:0x00000000 f25:0x53823987  x9=0x00000001
     222095.000 ns	     22208	80004b88	00fb9013	slli	x0,x23,0xf	 x23:0x7fc00000
     222115.000 ns	     22210	80004b8c	024994b3	mulh	x9,x19,x4	 x19:0x1710d712  x4:0x00000000  x9=0x00000000
     222145.000 ns	     22213	80004b90	025c9633	mulh	x12,x25,x5	 x25:0x00000000  x5:0x00000000 x12=0x00000000
     222175.000 ns	     22216	80004b94	a0ce8dd3	fle.s	x27,f29,f12	 f29:0x80000000 f12:0x00000000 x27=0x00000001
     222195.000 ns	     22218	80004b98	23163d93	sltiu	x27,x12,561	 x12:0x00000000 x27=0x00000001
     222215.000 ns	     22220	80004b9c	e00f13d3	fclass.s	x7,f30	 f30:0x80000000  x7=0x00000008
     222265.000 ns	     22225	80004ba0	00d2bd53	fadd.s	f26,f5,f13	  f5:0x80000000 f13:0x53823987 f26=0x53823987
     222305.000 ns	     22229	80004ba4	107e7dd3	fmul.s	f27,f28,f7	 f28:0x4528c000  f7:0xd3823987 f27=0xd92baed8
     222325.000 ns	     22231	80004ba8	c48b0c93	addi	x25,x22,-952	 x22:0x00000000 x25=0xfffffc48
     222335.000 ns	     22232	80004bac	8f9f6413	ori	x8,x30,-1799	 x30:0xcefd2fe4  x8=0xfffffffd
     222355.000 ns	     22234	80004bb0	d00cf253	fcvt.s.w	f4,x25	 x25:0x00000000  f4=0xc46e0000
     222375.000 ns	     22236	80004bb4	01268533	add	x10,x13,x18	 x13:0x00000000 x18:0x548c4000 x10=0x548c4000
     223545.000 ns	     22353	80004bb8	580bfdd3	fsqrt.s	f27,f23	 f23:0x4e9e0000 f27=0x470e35dc
     223585.000 ns	     22357	80004bbc	1012ffd3	fmul.s	f31,f5,f1	  f5:0x80000000  f1:0x00000000 f31=0x80000000
     223605.000 ns	     22359	80004bc0	00b11c33	sll	x24,x2,x11	  x2:0x00000000 x11:0x80041024 x24=0x00000000
     223625.000 ns	     22361	80004bc4	28490a53	fmin.s	f20,f18,f4	 f18:0xd3823987  f4:0xc46e0000 f20=0xd3823987
     223645.000 ns	     22363	80004bc8	026c5817	auipc	x16,0x26c5	 x16=0x826c9bc8
     223655.000 ns	     22364	80004bcc	47037b13	andi	x22,x6,1136	  x6:0x00000000 x22=0x00000000
     223675.000 ns	     22366	80004bd0	2098a5d3	fsgnjx.s	f11,f17,f9	 f17:0x80000000  f9:0xd3826107 f11=0x00000000
     223695.000 ns	     22368	80004bd4	f6e94493	xori	x9,x18,-146	 x18:0x548c4000  x9=0xab73bf6e
     223705.000 ns	     22369	80004bd8	01538cb3	add	x25,x7,x21	  x7:0x00000008 x21:0x00000000 x25=0x00000008
     224065.000 ns	     22405	80004bdc	03115bb3	divu	x23,x2,x17	  x2:0x00000000 x17:0x80040fe4 x23=0x00000000
     224085.000 ns	     22407	80004be0	01ec1c33	sll	x24,x24,x30	 x24:0x00000000 x30:0xcefd2fe4 x24=0x00000000
     224105.000 ns	     22409	80004be4	c0140f53	fcvt.wu.s	x30,f8	  f8:0x00000000 x30=0x00000000
     224135.000 ns	     22412	80004be8	a08a0b53	fle.s	x22,f20,f8	 f20:0xd3823987  f8:0x00000000 x22=0x00000001
     224165.000 ns	     22415	80004bec	02c32033	mulhsu	x0,x6,x12	  x6:0x00000000 x12:0x00000000
     224195.000 ns	     22418	80004bf0	a1fb8053	fle.s	x0,f23,f31	 f23:0x4e9e0000 f31:0x80000000
     224565.000 ns	     22455	80004bf4	02b6e0b3	rem	x1,x13,x11	 x13:0x00000000 x11:0x80041024  x1=0x00000000
     224585.000 ns	     22457	80004bf8	01a5bbb3	sltu	x23,x11,x26	 x11:0x80041024 x26:0x00000001 x23=0x00000000
     224595.000 ns	     22458	80004bfc	00000013	addi	x0,x0,0	  x0:0x00000000
     224615.000 ns	     22460	80004c00	02cc6d33	rem	x26,x24,x12	 x24:0x00000000 x12:0x00000000 x26=0x00000000
     224635.000 ns	     22462	80004c04	00529b33	sll	x22,x5,x5	  x5:0x00000000  x5:0x00000000 x22=0x00000000
     224645.000 ns	     22463	80004c08	011414b3	sll	x9,x8,x17	  x8:0xfffffffd x17:0x80040fe4  x9=0xffffffd0
     224655.000 ns	     22464	80004c0c	41d90533	sub	x10,x18,x29	 x18:0x548c4000 x29:0x00000000 x10=0x548c4000
     224665.000 ns	     22465	80004c10	5aa33393	sltiu	x7,x6,1450	  x6:0x00000000  x7=0x00000001
     224685.000 ns	     22467	80004c14	02dd5bb3	divu	x23,x26,x13	 x26:0x00000000 x13:0x00000000 x23=0xffffffff
     224705.000 ns	     22469	80004c18	016acc33	xor	x24,x21,x22	 x21:0x00000000 x22:0x00000000 x24=0x00000000
     224725.000 ns	     22471	80004c1c	a064a853	feq.s	x16,f9,f6	  f9:0xd3826107  f6:0x4e9df240 x16=0x00000000
     224755.000 ns	     22474	80004c20	a03a97d3	flt.s	x15,f21,f3	 f21:0x00000000  f3:0x00000000 x15=0x00000000
     224785.000 ns	     22477	80004c24	02d533b3	mulhu	x7,x10,x13	 x10:0x548c4000 x13:0x00000000  x7=0x00000000
     224835.000 ns	     22482	80004c28	008a7f53	fadd.s	f30,f20,f8	 f20:0xd3823987  f8:0x00000000 f30=0xd3823987
     224855.000 ns	     22484	80004c2c	01ff4033	xor	x0,x30,x31	 x30:0x00000000 x31:0x00000000
     224865.000 ns	     22485	80004c30	001e6cb3	or	x25,x28,x1	 x28:0x00000000  x1:0x00000000 x25=0x00000000
     224885.000 ns	     22487	80004c34	02fad3b3	divu	x7,x21,x15	 x21:0x00000000 x15:0x00000000  x7=0xffffffff
     224905.000 ns	     22489	80004c38	a2b2af13	slti	x30,x5,-1493	  x5:0x00000000 x30=0x00000000
     224925.000 ns	     22491	80004c3c	a06d0a53	fle.s	x20,f26,f6	 f26:0x53823987  f6:0x4e9df240 x20=0x00000000
     224945.000 ns	     22493	80004c40	40d5d213	srai	x4,x11,0xd	 x11:0x80041024  x4=0xfffc0020
     224965.000 ns	     22495	80004c44	a0318253	fle.s	x4,f3,f3	  f3:0x00000000  f3:0x00000000  x4=0x00000001
     224995.000 ns	     22498	80004c48	21b380d3	fsgnj.s	f1,f7,f27	  f7:0xd3823987 f27:0x470e35dc  f1=0x53823987
     225025.000 ns	     22501	80004c4c	28a80fd3	fmin.s	f31,f16,f10	 f16:0x00000000 f10:0x00000000 f31=0x00000000
     225055.000 ns	     22504	80004c50	a1bc1553	flt.s	x10,f24,f27	 f24:0x00000000 f27:0x470e35dc x10=0x00000001
     225085.000 ns	     22507	80004c54	039d0933	mul	x18,x26,x25	 x26:0x00000000 x25:0x00000000 x18=0x00000000
     225115.000 ns	     22510	80004c58	29ac0853	fmin.s	f16,f24,f26	 f24:0x00000000 f26:0x53823987 f16=0x00000000
     225145.000 ns	     22513	80004c5c	d01cf6d3	fcvt.s.wu	f13,x25	 x25:0x00000000 f13=0x00000000
     225165.000 ns	     22515	80004c60	00e63833	sltu	x16,x12,x14	 x12:0x00000000 x14:0x00000000 x16=0x00000000
     225185.000 ns	     22517	80004c64	a17f1753	flt.s	x14,f30,f23	 f30:0xd3823987 f23:0x4e9e0000 x14=0x00000001
     225205.000 ns	     22519	80004c68	0889b817	auipc	x16,0x889b	 x16=0x8889fc68
     225225.000 ns	     22521	80004c6c	022301b3	mul	x3,x6,x2	  x6:0x00000000  x2:0x00000000  x3=0x00000000
     225245.000 ns	     22523	80004c70	57b15917	auipc	x18,0x57b15	 x18=0xd7b19c70
     225265.000 ns	     22525	80004c74	29040353	fmin.s	f6,f8,f16	  f8:0x00000000 f16:0x00000000  f6=0x00000000
     225295.000 ns	     22528	80004c78	a0b9aa53	feq.s	x20,f19,f11	 f19:0x00000000 f11:0x00000000 x20=0x00000001
     225345.000 ns	     22533	80004c7c	080bf853	fsub.s	f16,f23,f0	 f23:0x4e9e0000  f0:0x00000000 f16=0x4e9e0000
     225365.000 ns	     22535	80004c80	de5ed437	lui	x8,0xde5ed	  x8=0xde5ed000
     225385.000 ns	     22537	80004c84	a1390c53	fle.s	x24,f18,f19	 f18:0xd3823987 f19:0x00000000 x24=0x00000001
     225755.000 ns	     22574	80004c88	02bad133	divu	x2,x21,x11	 x21:0x00000000 x11:0x80041024  x2=0x00000000
     225805.000 ns	     22579	80004c8c	00564153	fadd.s	f2,f12,f5	 f12:0x00000000  f5:0x80000000  f2=0x80000000
     225835.000 ns	     22582	80004c90	29f98353	fmin.s	f6,f19,f31	 f19:0x00000000 f31:0x00000000  f6=0x00000000
     225855.000 ns	     22584	80004c94	007f9e33	sll	x28,x31,x7	 x31:0x00000000  x7:0xffffffff x28=0x00000000
     225865.000 ns	     22585	80004c98	000a1db3	sll	x27,x20,x0	 x20:0x00000001  x0:0x00000000 x27=0x00000001
     225875.000 ns	     22586	80004c9c	45bd8293	addi	x5,x27,1115	 x27:0x00000001  x5=0x0000045c
     225885.000 ns	     22587	80004ca0	40db5033	sra	x0,x22,x13	 x22:0x00000000 x13:0x00000000
     225895.000 ns	     22588	80004ca4	41d7da33	sra	x20,x15,x29	 x15:0x00000000 x29:0x00000000 x20=0x00000000
     225915.000 ns	     22590	80004ca8	d011f6d3	fcvt.s.wu	f13,x3	  x3:0x00000000 f13=0x00000000
     225955.000 ns	     22594	80004cac	1172ad53	fmul.s	f26,f5,f23	  f5:0x80000000 f23:0x4e9e0000 f26=0x80000000
     225985.000 ns	     22597	80004cb0	03c0fa33	remu	x20,x1,x28	  x1:0x00000000 x28:0x00000000 x20=0x00000000
     226005.000 ns	     22599	80004cb4	01642d33	slt	x26,x8,x22	  x8:0xde5ed000 x22:0x00000000 x26=0x00000001
     226045.000 ns	     22603	80004cb8	09453c53	fsub.s	f24,f10,f20	 f10:0x00000000 f20:0xd3823987 f24=0x53823987
     226085.000 ns	     22607	80004cbc	18ecfa53	fdiv.s	f20,f25,f14	 f25:0x53823987 f14:0x00000000 f20=0x7f800000
     226115.000 ns	     22610	80004cc0	c01f2bd3	fcvt.wu.s	x23,f30	 f30:0xd3823987 x23=0x00000000
     226145.000 ns	     22613	80004cc4	03349033	mulh	x0,x9,x19	  x9:0xffffffd0 x19:0x1710d712
     226175.000 ns	     22616	80004cc8	a1e981d3	fle.s	x3,f19,f30	 f19:0x00000000 f30:0xd3823987  x3=0x00000000
     226215.000 ns	     22620	80004ccc	19f5f6d3	fdiv.s	f13,f11,f31	 f11:0x00000000 f31:0x00000000 f13=0x7fc00000
     226245.000 ns	     22623	80004cd0	29131cd3	fmax.s	f25,f6,f17	  f6:0x00000000 f17:0x80000000 f25=0x00000000
     226275.000 ns	     22626	80004cd4	d00376d3	fcvt.s.w	f13,x6	  x6:0x00000000 f13=0x00000000
     226295.000 ns	     22628	80004cd8	0977c213	xori	x4,x15,151	 x15:0x00000000  x4=0x00000097
     226305.000 ns	     22629	80004cdc	41e5df13	srai	x30,x11,0x1e	 x11:0x80041024 x30=0xfffffffe
     226315.000 ns	     22630	80004ce0	28e5c693	xori	x13,x11,654	 x11:0x80041024 x13=0x800412aa
     226675.000 ns	     22666	80004ce4	033cd333	divu	x6,x25,x19	 x25:0x00000000 x19:0x1710d712  x6=0x00000000
     226705.000 ns	     22669	80004ce8	20352cd3	fsgnjx.s	f25,f10,f3	 f10:0x00000000  f3:0x00000000 f25=0x00000000
     226735.000 ns	     22672	80004cec	03b8adb3	mulhsu	x27,x17,x27	 x17:0x80040fe4 x27:0x00000001 x27=0xffffffff
     226765.000 ns	     22675	80004cf0	e00d1d53	fclass.s	x26,f26	 f26:0x80000000 x26=0x00000008
     226805.000 ns	     22679	80004cf4	19a609d3	fdiv.s	f19,f12,f26	 f12:0x00000000 f26:0x80000000 f19=0x7fc00000
     226835.000 ns	     22682	80004cf8	e0011ed3	fclass.s	x29,f2	  f2:0x80000000 x29=0x00000008
     226855.000 ns	     22684	80004cfc	00000013	addi	x0,x0,0	  x0:0x00000000
     226865.000 ns	     22685	80004d00	019002b3	add	x5,x0,x25	  x0:0x00000000 x25:0x00000000  x5=0x00000000
     226905.000 ns	     22689	80004d04	081e77d3	fsub.s	f15,f28,f1	 f28:0x4528c000  f1:0x53823987 f15=0xd3823986
     226935.000 ns	     22692	80004d08	033e1eb3	mulh	x29,x28,x19	 x28:0x00000000 x19:0x1710d712 x29=0x00000000
     226955.000 ns	     22694	80004d0c	013192b3	sll	x5,x3,x19	  x3:0x00000000 x19:0x1710d712  x5=0x00000000
     226965.000 ns	     22695	80004d10	01cd4433	xor	x8,x26,x28	 x26:0x00000008 x28:0x00000000  x8=0x00000008
     226985.000 ns	     22697	80004d14	206d9353	fsgnjn.s	f6,f27,f6	 f27:0x470e35dc  f6:0x00000000  f6=0xc70e35dc
     227005.000 ns	     22699	80004d18	40fa03b3	sub	x7,x20,x15	 x20:0x00000000 x15:0x00000000  x7=0x00000000
     227015.000 ns	     22700	80004d1c	b892c193	xori	x3,x5,-1143	  x5:0x00000000  x3=0xfffffb89
     227035.000 ns	     22702	80004d20	d0119b53	fcvt.s.wu	f22,x3	  x3:0x00000000 f22=0x4f7ffffb
     227055.000 ns	     22704	80004d24	401ad333	sra	x6,x21,x1	 x21:0x00000000  x1:0x00000000  x6=0x00000000
     227075.000 ns	     22706	80004d28	20932853	fsgnjx.s	f16,f6,f9	  f6:0xc70e35dc  f9:0xd3826107 f16=0x470e35dc
     227105.000 ns	     22709	80004d2c	21991ed3	fsgnjn.s	f29,f18,f25	 f18:0xd3823987 f25:0x00000000 f29=0xd3823987
     227125.000 ns	     22711	80004d30	001a6a33	or	x20,x20,x1	 x20:0x00000000  x1:0x00000000 x20=0x00000000
     227135.000 ns	     22712	80004d34	00207833	and	x16,x0,x2	  x0:0x00000000  x2:0x00000000 x16=0x00000000
     227495.000 ns	     22748	80004d38	02b1ceb3	div	x29,x3,x11	  x3:0xfffffb89 x11:0x80041024 x29=0x00000000
     227515.000 ns	     22750	80004d3c	40b05d93	srai	x27,x0,0xb	  x0:0x00000000 x27=0x00000000
     227525.000 ns	     22751	80004d40	007a9eb3	sll	x29,x21,x7	 x21:0x00000000  x7:0x00000000 x29=0x00000000
     227545.000 ns	     22753	80004d44	02f00eb3	mul	x29,x0,x15	  x0:0x00000000 x15:0x00000000 x29=0x00000000
     227595.000 ns	     22758	80004d48	0888f853	fsub.s	f16,f17,f8	 f17:0x80000000  f8:0x00000000 f16=0x80000000
     227615.000 ns	     22760	80004d4c	0119a133	slt	x2,x19,x17	 x19:0x1710d712 x17:0x80040fe4  x2=0x00000000
     227635.000 ns	     22762	80004d50	c00baf53	fcvt.w.s	x30,f23	 f23:0x4e9e0000 x30=0x4f000000
     227655.000 ns	     22764	80004d54	f1f22e93	slti	x29,x4,-225	  x4:0x00000097 x29=0x00000000
     227675.000 ns	     22766	80004d58	c01a7dd3	fcvt.wu.s	x27,f20	 f20:0x7f800000 x27=0xffffffff
     227705.000 ns	     22769	80004d5c	21022a53	fsgnjx.s	f20,f4,f16	  f4:0xc46e0000 f16:0x80000000 f20=0x446e0000
     227735.000 ns	     22772	80004d60	a0358953	fle.s	x18,f11,f3	 f11:0x00000000  f3:0x00000000 x18=0x00000001
     227765.000 ns	     22775	80004d64	28889b53	fmax.s	f22,f17,f8	 f17:0x80000000  f8:0x00000000 f22=0x00000000
     227785.000 ns	     22777	80004d68	c1c1a413	slti	x8,x3,-996	  x3:0xfffffb89  x8=0x00000001
     227805.000 ns	     22779	80004d6c	205b2b53	fsgnjx.s	f22,f22,f5	 f22:0x00000000  f5:0x80000000 f22=0x80000000
     227835.000 ns	     22782	80004d70	c007f053	fcvt.w.s	x0,f15	 f15:0xd3823986
     227855.000 ns	     22784	80004d74	0191e0b3	or	x1,x3,x25	  x3:0xfffffb89 x25:0x00000000  x1=0xfffffb89
     227875.000 ns	     22786	80004d78	02d994b3	mulh	x9,x19,x13	 x19:0x1710d712 x13:0x800412aa  x9=0xf477f268
     227895.000 ns	     22788	80004d7c	8d1d8937	lui	x18,0x8d1d8	 x18=0x8d1d8000
     227905.000 ns	     22789	80004d80	51800e13	addi	x28,x0,1304	  x0:0x00000000 x28=0x00000518
     227925.000 ns	     22791	80004d84	03321d33	mulh	x26,x4,x19	  x4:0x00000097 x19:0x1710d712 x26=0x0000000d
     227945.000 ns	     22793	80004d88	900f3293	sltiu	x5,x30,-1792	 x30:0x4f000000  x5=0x00000001
     227955.000 ns	     22794	80004d8c	00d363b3	or	x7,x6,x13	  x6:0x00000000 x13:0x800412aa  x7=0x800412aa
     227975.000 ns	     22796	80004d90	d013fb53	fcvt.s.wu	f22,x7	  x7:0x00000000 f22=0x4f000412
     227995.000 ns	     22798	80004d94	45510393	addi	x7,x2,1109	  x2:0x00000000  x7=0x00000455
     228015.000 ns	     22800	80004d98	c01f9c53	fcvt.wu.s	x24,f31	 f31:0x00000000 x24=0x00000000
     228035.000 ns	     22802	80004d9c	00240933	add	x18,x8,x2	  x8:0x00000001  x2:0x00000000 x18=0x00000001
     228055.000 ns	     22804	80004da0	2076a8d3	fsgnjx.s	f17,f13,f7	 f13:0x00000000  f7:0xd3823987 f17=0x80000000
     228075.000 ns	     22806	80004da4	4654f493	andi	x9,x9,1125	  x9:0xf477f268  x9=0x00000060
     228095.000 ns	     22808	80004da8	02fc6133	rem	x2,x24,x15	 x24:0x00000000 x15:0x00000000  x2=0x00000000
     228135.000 ns	     22812	80004dac	5808f2d3	fsqrt.s	f5,f17	 f17:0x80000000  f5=0x80000000
     228165.000 ns	     22815	80004db0	210c29d3	fsgnjx.s	f19,f24,f16	 f24:0x53823987 f16:0x80000000 f19=0xd3823987
     228185.000 ns	     22817	80004db4	d0e1ca13	xori	x20,x3,-754	  x3:0xfffffb89 x20=0x00000687
     228195.000 ns	     22818	80004db8	002f9093	slli	x1,x31,0x2	 x31:0x00000000  x1=0x00000000
     228225.000 ns	     22821	80004dbc	580ef4d3	fsqrt.s	f9,f29	 f29:0xd3823987  f9=0x7fc00000
     228245.000 ns	     22823	80004dc0	056b8917	auipc	x18,0x56b8	 x18=0x856bcdc0
     228255.000 ns	     22824	80004dc4	00000013	addi	x0,x0,0	  x0:0x00000000
     228615.000 ns	     22860	80004dc8	0316f4b3	remu	x9,x13,x17	 x13:0x800412aa x17:0x80040fe4  x9=0x000002c6
     228645.000 ns	     22863	80004dcc	02c18133	mul	x2,x3,x12	  x3:0xfffffb89 x12:0x00000000  x2=0x00000000
     228675.000 ns	     22866	80004dd0	d01d8053	fcvt.s.wu	f0,x27	 x27:0xffffffff  f0=0x4f800000
     228695.000 ns	     22868	80004dd4	8380c513	xori	x10,x1,-1992	  x1:0x00000000 x10=0xfffff838
     228725.000 ns	     22871	80004dd8	580d15d3	fsqrt.s	f11,f26	 f26:0x80000000 f11=0x80000000
     228775.000 ns	     22876	80004ddc	00527053	fadd.s	f0,f4,f5	  f4:0xc46e0000  f5:0x80000000  f0=0xc46e0000
     228805.000 ns	     22879	80004de0	f00f84d3	fmv.w.x	f9,x31	 x31:0x00000000  f9=0x00000000
     228825.000 ns	     22881	80004de4	008d4333	xor	x6,x26,x8	 x26:0x0000000d  x8:0x00000001  x6=0x0000000c
     228845.000 ns	     22883	80004de8	037b1e33	mulh	x28,x22,x23	 x22:0x00000000 x23:0x00000000 x28=0x00000000
     228865.000 ns	     22885	80004dec	00f19c13	slli	x24,x3,0xf	  x3:0xfffffb89 x24=0xfdc48000
     228885.000 ns	     22887	80004df0	20511453	fsgnjn.s	f8,f2,f5	  f2:0x80000000  f5:0x80000000  f8=0x00000000
     229865.000 ns	     22985	80004df4	580b4c53	fsqrt.s	f24,f22	 f22:0x4f000412 f24=0x46b50a44
     229885.000 ns	     22987	80004df8	002c06b3	add	x13,x24,x2	 x24:0xfdc48000  x2:0x00000000 x13=0xfdc48000
     229905.000 ns	     22989	80004dfc	032f2533	mulhsu	x10,x30,x18	 x30:0x4f000000 x18:0x856bcdc0 x10=0x292c447e
     229925.000 ns	     22991	80004e00	626966b7	lui	x13,0x62696	 x13=0x62696000
     229945.000 ns	     22993	80004e04	e0090fd3	fmv.x.w	x31,f18	 f18:0xd3823987 x31=0xd3823987
     229965.000 ns	     22995	80004e08	018fac33	slt	x24,x31,x24	 x31:0x00000000 x24:0xfdc48000 x24=0x00000001
     229985.000 ns	     22997	80004e0c	281c0453	fmin.s	f8,f24,f1	 f24:0x46b50a44  f1:0x53823987  f8=0x46b50a44
     230005.000 ns	     22999	80004e10	01959cb3	sll	x25,x11,x25	 x11:0x80041024 x25:0x00000000 x25=0x80041024
     230025.000 ns	     23001	80004e14	287a1353	fmax.s	f6,f20,f7	 f20:0x446e0000  f7:0xd3823987  f6=0x446e0000
     230045.000 ns	     23003	80004e18	01c5e733	or	x14,x11,x28	 x11:0x80041024 x28:0x00000000 x14=0x80041024
     230055.000 ns	     23004	80004e1c	01e50233	add	x4,x10,x30	 x10:0x292c447e x30:0x4f000000  x4=0x782c447e
     230075.000 ns	     23006	80004e20	a07a2553	feq.s	x10,f20,f7	 f20:0x446e0000  f7:0xd3823987 x10=0x00000000
     230105.000 ns	     23009	80004e24	024927b3	mulhsu	x15,x18,x4	 x18:0x856bcdc0  x4:0x00000097 x15=0xc675562d
     230125.000 ns	     23011	80004e28	41ab8833	sub	x16,x23,x26	 x23:0x00000000 x26:0x0000000d x16=0xfffffff3
     230135.000 ns	     23012	80004e2c	b77a4317	auipc	x6,0xb77a4	  x6=0x377a8e2c
     230175.000 ns	     23016	80004e30	088b7f53	fsub.s	f30,f22,f8	 f22:0x4f000412  f8:0x46b50a44 f30=0x4f0003b7
     230205.000 ns	     23019	80004e34	0364abb3	mulhsu	x23,x9,x22	  x9:0x000002c6 x22:0x00000000 x23=0x00000000
     230235.000 ns	     23022	80004e38	02fcabb3	mulhsu	x23,x25,x15	 x25:0x80041024 x15:0xc675562d x23=0x9cc87b42
     230255.000 ns	     23024	80004e3c	01055633	srl	x12,x10,x16	 x10:0x00000000 x16:0xfffffff3 x12=0x00000000
     230265.000 ns	     23025	80004e40	00a88633	add	x12,x17,x10	 x17:0x80040fe4 x10:0x00000000 x12=0x80040fe4
     230285.000 ns	     23027	80004e44	f00005d3	fmv.w.x	f11,x0	  x0:0x00000000 f11=0x00000000
     230305.000 ns	     23029	80004e48	a1f3b913	sltiu	x18,x7,-1505	  x7:0x00000455 x18=0x00000001
     230325.000 ns	     23031	80004e4c	283e8bd3	fmin.s	f23,f29,f3	 f29:0xd3823987  f3:0x00000000 f23=0xd3823987
     230355.000 ns	     23034	80004e50	d00e4a53	fcvt.s.w	f20,x28	 x28:0x00000000 f20=0x00000000
     230385.000 ns	     23037	80004e54	e00114d3	fclass.s	x9,f2	  f2:0x80000000  x9=0x00000008
     230405.000 ns	     23039	80004e58	c320c493	xori	x9,x1,-974	  x1:0x00000000  x9=0xfffffc32
     230425.000 ns	     23041	80004e5c	21330bd3	fsgnj.s	f23,f6,f19	  f6:0x446e0000 f19:0xd3823987 f23=0xc46e0000
     230795.000 ns	     23078	80004e60	031254b3	divu	x9,x4,x17	  x4:0x782c447e x17:0x80040fe4  x9=0x00000000
     230835.000 ns	     23082	80004e64	19497153	fdiv.s	f2,f18,f20	 f18:0xd3823987 f20:0x00000000  f2=0xff800000
     230865.000 ns	     23085	80004e68	031a9d33	mulh	x26,x21,x17	 x21:0x00000000 x17:0x80040fe4 x26=0x00000000
     230895.000 ns	     23088	80004e6c	21b60a53	fsgnj.s	f20,f12,f27	 f12:0x00000000 f27:0x470e35dc f20=0x00000000
     230925.000 ns	     23091	80004e70	02a27ab3	remu	x21,x4,x10	  x4:0x782c447e x10:0x00000000 x21=0x782c447e
     230955.000 ns	     23094	80004e74	20d60cd3	fsgnj.s	f25,f12,f13	 f12:0x00000000 f13:0x00000000 f25=0x00000000
     231325.000 ns	     23131	80004e78	030141b3	div	x3,x2,x16	  x2:0x00000000 x16:0xfffffff3  x3=0x00000000
     231355.000 ns	     23134	80004e7c	c0007953	fcvt.w.s	x18,f0	  f0:0xc46e0000 x18=0x000003b8
     231385.000 ns	     23137	80004e80	29a586d3	fmin.s	f13,f11,f26	 f11:0x00000000 f26:0x80000000 f13=0x80000000
     231405.000 ns	     23139	80004e84	01f03633	sltu	x12,x0,x31	  x0:0x00000000 x31:0xd3823987 x12=0x00000001
     231425.000 ns	     23141	80004e88	20140f53	fsgnj.s	f30,f8,f1	  f8:0x46b50a44  f1:0x53823987 f30=0x46b50a44
     231445.000 ns	     23143	80004e8c	43138793	addi	x15,x7,1073	  x7:0x00000455 x15=0x00000886
     231455.000 ns	     23144	80004e90	01b35a93	srli	x21,x6,0x1b	  x6:0x377a8e2c x21=0x00000006
     231475.000 ns	     23146	80004e94	a0661053	flt.s	x0,f12,f6	 f12:0x00000000  f6:0x446e0000
     231495.000 ns	     23148	80004e98	b5b4e393	ori	x7,x9,-1189	  x9:0x00000000  x7=0xfffffb5b
     231515.000 ns	     23150	80004e9c	215097d3	fsgnjn.s	f15,f1,f21	  f1:0x53823987 f21:0x00000000 f15=0xd3823987
     231545.000 ns	     23153	80004ea0	e0061bd3	fclass.s	x23,f12	 f12:0x00000000 x23=0x00000010
     231565.000 ns	     23155	80004ea4	415a5e93	srai	x29,x20,0x15	 x20:0x00000687 x29=0x00000000
     231585.000 ns	     23157	80004ea8	d005bed3	fcvt.s.w	f29,x11	 x11:0x80041024 f29=0xcefff7e0
     231615.000 ns	     23160	80004eac	c0147853	fcvt.wu.s	x16,f8	  f8:0x46b50a44 x16=0x00005a85
     231635.000 ns	     23162	80004eb0	4188dc33	sra	x24,x17,x24	 x17:0x80040fe4 x24:0x00000001 x24=0xc00207f2
     231655.000 ns	     23164	80004eb4	03b0afb3	mulhsu	x31,x1,x27	  x1:0x00000000 x27:0xffffffff x31=0x00000000
     231675.000 ns	     23166	80004eb8	40118d33	sub	x26,x3,x1	  x3:0x00000000  x1:0x00000000 x26=0x00000000
     231685.000 ns	     23167	80004ebc	01205693	srli	x13,x0,0x12	  x0:0x00000000 x13=0x00000000
     231695.000 ns	     23168	80004ec0	6ef42793	slti	x15,x8,1775	  x8:0x00000001 x15=0x00000001
     231705.000 ns	     23169	80004ec4	01b743b3	xor	x7,x14,x27	 x14:0x80041024 x27:0xffffffff  x7=0x7ffbefdb
     231735.000 ns	     23172	80004ec8	101831d3	fmul.s	f3,f16,f1	 f16:0x80000000  f1:0x53823987  f3=0x80000000
     231755.000 ns	     23174	80004ecc	01d31d93	slli	x27,x6,0x1d	  x6:0x377a8e2c x27=0x80000000
     231775.000 ns	     23176	80004ed0	d01aaa53	fcvt.s.wu	f20,x21	 x21:0x00000006 f20=0x40c00000
     231805.000 ns	     23179	80004ed4	a06a91d3	flt.s	x3,f21,f6	 f21:0x00000000  f6:0x446e0000  x3=0x00000001
     231835.000 ns	     23182	80004ed8	e0009553	fclass.s	x10,f1	  f1:0x53823987 x10=0x00000040
     231875.000 ns	     23186	80004edc	10877953	fmul.s	f18,f14,f8	 f14:0x00000000  f8:0x46b50a44 f18=0x00000000
     231905.000 ns	     23189	80004ee0	285294d3	fmax.s	f9,f5,f5	  f5:0x80000000  f5:0x80000000  f9=0x80000000
     231955.000 ns	     23194	80004ee4	014df753	fadd.s	f14,f27,f20	 f27:0x470e35dc f20:0x40c00000 f14=0x470e3bdc
     231985.000 ns	     23197	80004ee8	021d2cb3	mulhsu	x25,x26,x1	 x26:0x00000000  x1:0x00000000 x25=0x00000000
     232015.000 ns	     23200	80004eec	035e0a33	mul	x20,x28,x21	 x28:0x00000000 x21:0x00000006 x20=0x00000000
     232035.000 ns	     23202	80004ef0	00da4eb3	xor	x29,x20,x13	 x20:0x00000687 x13:0x00000000 x29=0x00000000
     232055.000 ns	     23204	80004ef4	a1fc91d3	flt.s	x3,f25,f31	 f25:0x00000000 f31:0x00000000  x3=0x00000000
     232075.000 ns	     23206	80004ef8	00d244b3	xor	x9,x4,x13	  x4:0x782c447e x13:0x00000000  x9=0x782c447e
     232105.000 ns	     23209	80004efc	11bcf253	fmul.s	f4,f25,f27	 f25:0x00000000 f27:0x470e35dc  f4=0x00000000
     232135.000 ns	     23212	80004f00	030592b3	mulh	x5,x11,x16	 x11:0x80041024 x16:0x00005a85  x5=0xffffd2be
     232165.000 ns	     23215	80004f04	29c289d3	fmin.s	f19,f5,f28	  f5:0x80000000 f28:0x4528c000 f19=0x80000000
     232195.000 ns	     23218	80004f08	02ef9eb3	mulh	x29,x31,x14	 x31:0x00000000 x14:0x80041024 x29=0x00000000
     232215.000 ns	     23220	80004f0c	00000013	addi	x0,x0,0	  x0:0x00000000
     232235.000 ns	     23222	80004f10	292099d3	fmax.s	f19,f1,f18	  f1:0x53823987 f18:0x00000000 f19=0x53823987
     232255.000 ns	     23224	80004f14	01147633	and	x12,x8,x17	  x8:0x00000001 x17:0x80040fe4 x12=0x00000000
     232265.000 ns	     23225	80004f18	0f5d7093	andi	x1,x26,245	 x26:0x00000000  x1=0x00000000
     232275.000 ns	     23226	80004f1c	8cadf113	andi	x2,x27,-1846	 x27:0x80000000  x2=0x80000000
     232635.000 ns	     23262	80004f20	0387cfb3	div	x31,x15,x24	 x15:0x00000001 x24:0xc00207f2 x31=0x00000000
     232655.000 ns	     23264	80004f24	00000013	addi	x0,x0,0	  x0:0x00000000
     232685.000 ns	     23267	80004f28	113c26d3	fmul.s	f13,f24,f19	 f24:0x46b50a44 f19:0x53823987 f13=0x5ab82fca
     232715.000 ns	     23270	80004f2c	038e8933	mul	x18,x29,x24	 x29:0x00000000 x24:0xc00207f2 x18=0x00000000
     232735.000 ns	     23272	80004f30	010dadb3	slt	x27,x27,x16	 x27:0x80000000 x16:0x00005a85 x27=0x00000001
     232755.000 ns	     23274	80004f34	a18321d3	feq.s	x3,f6,f24	  f6:0x446e0000 f24:0x46b50a44  x3=0x00000000
     232785.000 ns	     23277	80004f38	d01b7bd3	fcvt.s.wu	f23,x22	 x22:0x00000000 f23=0x00000000
     232815.000 ns	     23280	80004f3c	29f296d3	fmax.s	f13,f5,f31	  f5:0x80000000 f31:0x00000000 f13=0x00000000
     232835.000 ns	     23282	80004f40	01a120b3	slt	x1,x2,x26	  x2:0x80000000 x26:0x00000000  x1=0x00000001
     232845.000 ns	     23283	80004f44	42c48cb7	lui	x25,0x42c48	 x25=0x42c48000
     232885.000 ns	     23287	80004f48	003d3753	fadd.s	f14,f26,f3	 f26:0x80000000  f3:0x80000000 f14=0x80000000
     232915.000 ns	     23290	80004f4c	289616d3	fmax.s	f13,f12,f9	 f12:0x00000000  f9:0x80000000 f13=0x00000000
     232935.000 ns	     23292	80004f50	b176f913	andi	x18,x13,-1257	 x13:0x00000000 x18=0x00000000
     232955.000 ns	     23294	80004f54	d01aff53	fcvt.s.wu	f30,x21	 x21:0x00000006 f30=0x40c00000
     232995.000 ns	     23298	80004f58	111d0853	fmul.s	f16,f26,f17	 f26:0x80000000 f17:0x80000000 f16=0x00000000
     233025.000 ns	     23301	80004f5c	c0073253	fcvt.w.s	x4,f14	 f14:0x80000000  x4=0x00000000
     233045.000 ns	     23303	80004f60	4182d7b3	sra	x15,x5,x24	  x5:0xffffd2be x24:0xc00207f2 x15=0xffffffff
     233065.000 ns	     23305	80004f64	d000f853	fcvt.s.w	f16,x1	  x1:0x00000001 f16=0x3f800000
     233435.000 ns	     23342	80004f68	037f6ab3	rem	x21,x30,x23	 x30:0x4f000000 x23:0x00000010 x21=0x00000000
     233455.000 ns	     23344	80004f6c	809c0e93	addi	x29,x24,-2039	 x24:0xc00207f2 x29=0xc001fffb
     233475.000 ns	     23346	80004f70	c01b4953	fcvt.wu.s	x18,f22	 f22:0x4f000412 x18=0x80041200
     233505.000 ns	     23349	80004f74	29e416d3	fmax.s	f13,f8,f30	  f8:0x46b50a44 f30:0x40c00000 f13=0x46b50a44
     233535.000 ns	     23352	80004f78	a0c58453	fle.s	x8,f11,f12	 f11:0x00000000 f12:0x00000000  x8=0x00000001
     233565.000 ns	     23355	80004f7c	e0041553	fclass.s	x10,f8	  f8:0x46b50a44 x10=0x00000040
     233595.000 ns	     23358	80004f80	a1cd12d3	flt.s	x5,f26,f28	 f26:0x80000000 f28:0x4528c000  x5=0x00000001
     233965.000 ns	     23395	80004f84	0274e0b3	rem	x1,x9,x7	  x9:0x782c447e  x7:0x7ffbefdb  x1=0x782c447e
     234335.000 ns	     23432	80004f88	02e2f833	remu	x16,x5,x14	  x5:0x00000001 x14:0x80041024 x16=0x00000001
     234355.000 ns	     23434	80004f8c	01115093	srli	x1,x2,0x11	  x2:0x80000000  x1=0x00004000
     234375.000 ns	     23436	80004f90	a0331f53	flt.s	x30,f6,f3	  f6:0x446e0000  f3:0x80000000 x30=0x00000000
     234395.000 ns	     23438	80004f94	00000013	addi	x0,x0,0	  x0:0x00000000
     234405.000 ns	     23439	80004f98	005e8c33	add	x24,x29,x5	 x29:0xc001fffb  x5:0x00000001 x24=0xc001fffc
     234425.000 ns	     23441	80004f9c	2196a953	fsgnjx.s	f18,f13,f25	 f13:0x46b50a44 f25:0x00000000 f18=0x46b50a44
     234455.000 ns	     23444	80004fa0	29b205d3	fmin.s	f11,f4,f27	  f4:0x00000000 f27:0x470e35dc f11=0x00000000
     234505.000 ns	     23449	80004fa4	0879b0d3	fsub.s	f1,f19,f7	 f19:0x53823987  f7:0xd3823987  f1=0x54023987
     234525.000 ns	     23451	80004fa8	ba7b3b97	auipc	x23,0xba7b3	 x23=0x3a7b7fa8
     234545.000 ns	     23453	80004fac	f0018953	fmv.w.x	f18,x3	  x3:0x00000000 f18=0x00000000
     234585.000 ns	     23457	80004fb0	1997fed3	fdiv.s	f29,f15,f25	 f15:0xd3823987 f25:0x00000000 f29=0xff800000
     234605.000 ns	     23459	80004fb4	018d50b3	srl	x1,x26,x24	 x26:0x00000000 x24:0xc001fffc  x1=0x00000000
     234965.000 ns	     23495	80004fb8	02bbc133	div	x2,x23,x11	 x23:0x3a7b7fa8 x11:0x80041024  x2=0x00000000
     234985.000 ns	     23497	80004fbc	007aecb3	or	x25,x21,x7	 x21:0x00000000  x7:0x7ffbefdb x25=0x7ffbefdb
     235005.000 ns	     23499	80004fc0	0212e2b3	rem	x5,x5,x1	  x5:0x00000001  x1:0x00000000  x5=0x00000001
     235035.000 ns	     23502	80004fc4	e00d9a53	fclass.s	x20,f27	 f27:0x470e35dc x20=0x00000040
     235065.000 ns	     23505	80004fc8	d0053d53	fcvt.s.w	f26,x10	 x10:0x00000040 f26=0x42800000
     235085.000 ns	     23507	80004fcc	01899413	slli	x8,x19,0x18	 x19:0x1710d712  x8=0x12000000
     235105.000 ns	     23509	80004fd0	214d9753	fsgnjn.s	f14,f27,f20	 f27:0x470e35dc f20:0x40c00000 f14=0xc70e35dc
     235145.000 ns	     23513	80004fd4	107cfa53	fmul.s	f20,f25,f7	 f25:0x00000000  f7:0xd3823987 f20=0x80000000
     235165.000 ns	     23515	80004fd8	40640fb3	sub	x31,x8,x6	  x8:0x12000000  x6:0x377a8e2c x31=0xda8571d4
     235525.000 ns	     23551	80004fdc	02927333	remu	x6,x4,x9	  x4:0x00000000  x9:0x782c447e  x6=0x00000000
     235545.000 ns	     23553	80004fe0	01399793	slli	x15,x19,0x13	 x19:0x1710d712 x15=0xb8900000
     235565.000 ns	     23555	80004fe4	e00f06d3	fmv.x.w	x13,f30	 f30:0x40c00000 x13=0x40c00000
     235595.000 ns	     23558	80004fe8	035cec33	rem	x24,x25,x21	 x25:0x7ffbefdb x21:0x00000000 x24=0x7ffbefdb
     235615.000 ns	     23560	80004fec	40275d13	srai	x26,x14,0x2	 x14:0x80041024 x26=0xe0010409
     235625.000 ns	     23561	80004ff0	41320833	sub	x16,x4,x19	  x4:0x00000000 x19:0x1710d712 x16=0xe8ef28ee
     235645.000 ns	     23563	80004ff4	03a03833	mulhu	x16,x0,x26	  x0:0x00000000 x26:0x00000000 x16=0x00000000
     235665.000 ns	     23565	80004ff8	0b27cd13	xori	x26,x15,178	 x15:0xb8900000 x26=0xb89000b2
     235675.000 ns	     23566	80004ffc	db77ac13	slti	x24,x15,-585	 x15:0xb8900000 x24=0x00000001
     235705.000 ns	     23569	80005000	11ae7dd3	fmul.s	f27,f28,f26	 f28:0x4528c000 f26:0x42800000 f27=0x4828c000
     235725.000 ns	     23571	80005004	f62d3d93	sltiu	x27,x26,-158	 x26:0xb89000b2 x27=0x00000001
     235735.000 ns	     23572	80005008	40bbe093	ori	x1,x23,1035	 x23:0x3a7b7fa8  x1=0x3a7b7fab
     235755.000 ns	     23574	8000500c	c00872d3	fcvt.w.s	x5,f16	 f16:0x3f800000  x5=0x00000001
     235785.000 ns	     23577	80005010	e00b00d3	fmv.x.w	x1,f22	 f22:0x4f000412  x1=0x4f000412
     235815.000 ns	     23580	80005014	024ca433	mulhsu	x8,x25,x4	 x25:0x7ffbefdb  x4:0x00000000  x8=0x00000000
     235845.000 ns	     23583	80005018	035ff733	remu	x14,x31,x21	 x31:0xda8571d4 x21:0x00000000 x14=0xda8571d4
     235865.000 ns	     23585	8000501c	f4e60517	auipc	x10,0xf4e60	 x10=0x74e6501c
     235875.000 ns	     23586	80005020	0100dcb3	srl	x25,x1,x16	  x1:0x4f000412 x16:0x00000000 x25=0x4f000412
     235895.000 ns	     23588	80005024	e0020053	fmv.x.w	x0,f4	  f4:0x00000000
     235925.000 ns	     23591	80005028	020f00b3	mul	x1,x30,x0	 x30:0x00000000  x0:0x00000000  x1=0x00000000
     235955.000 ns	     23594	8000502c	29170553	fmin.s	f10,f14,f17	 f14:0xc70e35dc f17:0x80000000 f10=0xc70e35dc
     236325.000 ns	     23631	80005030	02e87c33	remu	x24,x16,x14	 x16:0x00000000 x14:0xda8571d4 x24=0x00000000
     236345.000 ns	     23633	80005034	01d49a93	slli	x21,x9,0x1d	  x9:0x782c447e x21=0xc0000000
     236355.000 ns	     23634	80005038	6452b213	sltiu	x4,x5,1605	  x5:0x00000001  x4=0x00000001
     236365.000 ns	     23635	8000503c	41505613	srai	x12,x0,0x15	  x0:0x00000000 x12=0x00000000
     236385.000 ns	     23637	80005040	283401d3	fmin.s	f3,f8,f3	  f8:0x46b50a44  f3:0x80000000  f3=0x80000000
     236415.000 ns	     23640	80005044	e0098b53	fmv.x.w	x22,f19	 f19:0x53823987 x22=0x53823987
     236435.000 ns	     23642	80005048	78c780b7	lui	x1,0x78c78	  x1=0x78c78000
     236465.000 ns	     23645	8000504c	5808f553	fsqrt.s	f10,f17	 f17:0x80000000 f10=0x80000000
     236485.000 ns	     23647	80005050	00871033	sll	x0,x14,x8	 x14:0xda8571d4  x8:0x00000000
     236495.000 ns	     23648	80005054	00090fb3	add	x31,x18,x0	 x18:0x80041200  x0:0x00000000 x31=0x80041200
     236535.000 ns	     23652	80005058	08ebbbd3	fsub.s	f23,f23,f14	 f23:0x00000000 f14:0xc70e35dc f23=0x470e35dc
     236555.000 ns	     23654	8000505c	00c89493	slli	x9,x17,0xc	 x17:0x80040fe4  x9=0x40fe4000
     236565.000 ns	     23655	80005060	01649d13	slli	x26,x9,0x16	  x9:0x782c447e x26=0x00000000
     236585.000 ns	     23657	80005064	21168253	fsgnj.s	f4,f13,f17	 f13:0x46b50a44 f17:0x80000000  f4=0xc6b50a44
     236615.000 ns	     23660	80005068	031e8d33	mul	x26,x29,x17	 x29:0xc001fffb x17:0x80040fe4 x26=0x9fb3b08c
     236645.000 ns	     23663	8000506c	e00e87d3	fmv.x.w	x15,f29	 f29:0xff800000 x15=0xff800000
     236665.000 ns	     23665	80005070	00b99213	slli	x4,x19,0xb	 x19:0x1710d712  x4=0x86b89000
     236675.000 ns	     23666	80005074	00000013	addi	x0,x0,0	  x0:0x00000000
     236695.000 ns	     23668	80005078	d0057653	fcvt.s.w	f12,x10	 x10:0x74e6501c f12=0x4ee9cca0
     236725.000 ns	     23671	8000507c	020ebf33	mulhu	x30,x29,x0	 x29:0xc001fffb  x0:0x00000000 x30=0x00000000
     236775.000 ns	     23676	80005080	0867fd53	fsub.s	f26,f15,f6	 f15:0xd3823987  f6:0x446e0000 f26=0xd3823987
     236795.000 ns	     23678	80005084	12fe3793	sltiu	x15,x28,303	 x28:0x00000000 x15=0x00000001
     236805.000 ns	     23679	80005088	01b7b233	sltu	x4,x15,x27	 x15:0xff800000 x27:0x00000001  x4=0x00000000
     236825.000 ns	     23681	8000508c	0246dcb3	divu	x25,x13,x4	 x13:0x40c00000  x4:0x86b89000 x25=0xffffffff
     236845.000 ns	     23683	80005090	00900233	add	x4,x0,x9	  x0:0x00000000  x9:0x40fe4000  x4=0x40fe4000
     236855.000 ns	     23684	80005094	00ee1e33	sll	x28,x28,x14	 x28:0x00000000 x14:0xda8571d4 x28=0x00000000
     236875.000 ns	     23686	80005098	e0051b53	fclass.s	x22,f10	 f10:0x80000000 x22=0x00000008
     236895.000 ns	     23688	8000509c	88798693	addi	x13,x19,-1913	 x19:0x1710d712 x13=0x1710cf99
     236905.000 ns	     23689	800050a0	00702033	slt	x0,x0,x7	  x0:0x00000000  x7:0x7ffbefdb
     236915.000 ns	     23690	800050a4	00258ab3	add	x21,x11,x2	 x11:0x80041024  x2:0x00000000 x21=0x80041024
     236925.000 ns	     23691	800050a8	eff80613	addi	x12,x16,-257	 x16:0x00000000 x12=0xfffffeff
     236945.000 ns	     23693	800050ac	02a10e33	mul	x28,x2,x10	  x2:0x00000000 x10:0x74e6501c x28=0x00000000
     236965.000 ns	     23695	800050b0	013b9433	sll	x8,x23,x19	 x23:0x3a7b7fa8 x19:0x1710d712  x8=0xfea00000
     236995.000 ns	     23698	800050b4	1056fc53	fmul.s	f24,f13,f5	 f13:0x46b50a44  f5:0x80000000 f24=0x80000000
     237025.000 ns	     23701	800050b8	a1f3a3d3	feq.s	x7,f7,f31	  f7:0xd3823987 f31:0x00000000  x7=0x00000000
     237045.000 ns	     23703	800050bc	4190dd33	sra	x26,x1,x25	  x1:0x78c78000 x25:0xffffffff x26=0x00000000
     237065.000 ns	     23705	800050c0	a1590d53	fle.s	x26,f18,f21	 f18:0x00000000 f21:0x00000000 x26=0x00000001
     237115.000 ns	     23710	800050c4	091df6d3	fsub.s	f13,f27,f17	 f27:0x4828c000 f17:0x80000000 f13=0x4828c000
     237135.000 ns	     23712	800050c8	01464cb3	xor	x25,x12,x20	 x12:0xfffffeff x20:0x00000040 x25=0xfffffebf
     237155.000 ns	     23714	800050cc	20622cd3	fsgnjx.s	f25,f4,f6	  f4:0xc6b50a44  f6:0x446e0000 f25=0xc6b50a44
     237175.000 ns	     23716	800050d0	ba5e8e13	addi	x28,x29,-1115	 x29:0xc001fffb x28=0xc001fba0
     237185.000 ns	     23717	800050d4	ebffee93	ori	x29,x31,-321	 x31:0x80041200 x29=0xfffffebf
     237205.000 ns	     23719	800050d8	02796833	rem	x16,x18,x7	 x18:0x80041200  x7:0x00000000 x16=0x80041200
     237235.000 ns	     23722	800050dc	a0289553	flt.s	x10,f17,f2	 f17:0x80000000  f2:0xff800000 x10=0x00000000
     237265.000 ns	     23725	800050e0	e00b0c53	fmv.x.w	x24,f22	 f22:0x4f000412 x24=0x4f000412
     237285.000 ns	     23727	800050e4	00bedcb3	srl	x25,x29,x11	 x29:0xfffffebf x11:0x80041024 x25=0x0fffffeb
     237295.000 ns	     23728	800050e8	0065f3b3	and	x7,x11,x6	 x11:0x80041024  x6:0x00000000  x7=0x00000000
     237315.000 ns	     23730	800050ec	21789453	fsgnjn.s	f8,f17,f23	 f17:0x80000000 f23:0x470e35dc  f8=0x80000000
     237335.000 ns	     23732	800050f0	0081dcb3	srl	x25,x3,x8	  x3:0x00000000  x8:0xfea00000 x25=0x00000000
     237345.000 ns	     23733	800050f4	009f83b3	add	x7,x31,x9	 x31:0x80041200  x9:0x40fe4000  x7=0xc1025200
     237355.000 ns	     23734	800050f8	00e02333	slt	x6,x0,x14	  x0:0x00000000 x14:0xda8571d4  x6=0x00000000
     237365.000 ns	     23735	800050fc	01813db3	sltu	x27,x2,x24	  x2:0x00000000 x24:0x4f000412 x27=0x00000001
     237375.000 ns	     23736	80005100	016fcbb3	xor	x23,x31,x22	 x31:0x80041200 x22:0x00000008 x23=0x80041208
     237385.000 ns	     23737	80005104	f339fb97	auipc	x23,0xf339f	 x23=0x733a4104
     237405.000 ns	     23739	80005108	033f90b3	mulh	x1,x31,x19	 x31:0x80041200 x19:0x1710d712  x1=0xf477f259
     237425.000 ns	     23741	8000510c	011d1833	sll	x16,x26,x17	 x26:0x00000001 x17:0x80040fe4 x16=0x00000010
     237435.000 ns	     23742	80005110	01898bb3	add	x23,x19,x24	 x19:0x1710d712 x24:0x4f000412 x23=0x6610db24
     237475.000 ns	     23746	80005114	08b59053	fsub.s	f0,f11,f11	 f11:0x00000000 f11:0x00000000  f0=0x80000000
     237505.000 ns	     23749	80005118	21d01a53	fsgnjn.s	f20,f0,f29	  f0:0xc46e0000 f29:0xff800000 f20=0x00000000
     237535.000 ns	     23752	8000511c	e00a9cd3	fclass.s	x25,f21	 f21:0x00000000 x25=0x00000010
     237565.000 ns	     23755	80005120	21ad9453	fsgnjn.s	f8,f27,f26	 f27:0x4828c000 f26:0xd3823987  f8=0x4828c000
     237585.000 ns	     23757	80005124	835a3d17	auipc	x26,0x835a3	 x26=0x035a8124
     237605.000 ns	     23759	80005128	204eabd3	fsgnjx.s	f23,f29,f4	 f29:0xff800000  f4:0xc6b50a44 f23=0x7f800000
     237625.000 ns	     23761	8000512c	01f551b3	srl	x3,x10,x31	 x10:0x00000000 x31:0x80041200  x3=0x00000000
     237645.000 ns	     23763	80005130	29459c53	fmax.s	f24,f11,f20	 f11:0x00000000 f20:0x00000000 f24=0x00000000
     237665.000 ns	     23765	80005134	0026f2b3	and	x5,x13,x2	 x13:0x1710cf99  x2:0x00000000  x5=0x00000000
     237685.000 ns	     23767	80005138	03e03a33	mulhu	x20,x0,x30	  x0:0x00000000 x30:0x00000000 x20=0x00000000
     237705.000 ns	     23769	8000513c	40f103b3	sub	x7,x2,x15	  x2:0x00000000 x15:0x00000001  x7=0xffffffff
     237715.000 ns	     23770	80005140	01171793	slli	x15,x14,0x11	 x14:0xda8571d4 x15=0xe3a80000
     237735.000 ns	     23772	80005144	f00a8f53	fmv.w.x	f30,x21	 x21:0x80041024 f30=0x80041024
     237755.000 ns	     23774	80005148	018a6eb3	or	x29,x20,x24	 x20:0x00000000 x24:0x4f000412 x29=0x4f000412
     237765.000 ns	     23775	8000514c	09f1c413	xori	x8,x3,159	  x3:0x00000000  x8=0x0000009f
     237775.000 ns	     23776	80005150	41dc0a33	sub	x20,x24,x29	 x24:0x4f000412 x29:0xfffffebf x20=0x00000000
     237785.000 ns	     23777	80005154	3bc4e093	ori	x1,x9,956	  x9:0x40fe4000  x1=0x40fe43bc
     237805.000 ns	     23779	80005158	0282b933	mulhu	x18,x5,x8	  x5:0x00000000  x8:0x0000009f x18=0x00000000
     237845.000 ns	     23783	8000515c	580b9253	fsqrt.s	f4,f23	 f23:0x7f800000  f4=0x7f800000
     237875.000 ns	     23786	80005160	03ea66b3	rem	x13,x20,x30	 x20:0x00000000 x30:0x00000000 x13=0x00000000
     237895.000 ns	     23788	80005164	4048db93	srai	x23,x17,0x4	 x17:0x80040fe4 x23=0xf80040fe
     237905.000 ns	     23789	80005168	40d6da93	srai	x21,x13,0xd	 x13:0x00000000 x21=0x00000000
     237925.000 ns	     23791	8000516c	d01c3fd3	fcvt.s.wu	f31,x24	 x24:0x4f000412 f31=0x4e9e0009
     238295.000 ns	     23828	80005170	036fe333	rem	x6,x31,x22	 x31:0x80041200 x22:0x00000008  x6=0x00000000
     238325.000 ns	     23831	80005174	e0030a53	fmv.x.w	x20,f6	  f6:0x446e0000 x20=0x446e0000
     238375.000 ns	     23836	80005178	0067ba53	fadd.s	f20,f15,f6	 f15:0xd3823987  f6:0x446e0000 f20=0xd3823986
     238405.000 ns	     23839	8000517c	035bacb3	mulhsu	x25,x23,x21	 x23:0xf80040fe x21:0x00000000 x25=0x00000000
     238435.000 ns	     23842	80005180	e00b1453	fclass.s	x8,f22	 f22:0x4f000412  x8=0x00000040
     238465.000 ns	     23845	80005184	21ea0ad3	fsgnj.s	f21,f20,f30	 f20:0xd3823986 f30:0x80041024 f21=0xd3823986
     238485.000 ns	     23847	80005188	40fb0fb3	sub	x31,x22,x15	 x22:0x00000008 x15:0xe3a80000 x31=0x1c580008
     239655.000 ns	     23964	8000518c	58081ad3	fsqrt.s	f21,f16	 f16:0x3f800000 f21=0x3f7fffae
     239685.000 ns	     23967	80005190	28c20553	fmin.s	f10,f4,f12	  f4:0x7f800000 f12:0x4ee9cca0 f10=0x4ee9cca0
     239705.000 ns	     23969	80005194	018e4633	xor	x12,x28,x24	 x28:0xc001fba0 x24:0x4f000412 x12=0x8f01ffb2
     240035.000 ns	     24002	80005198	19f0f9d3	fdiv.s	f19,f1,f31	  f1:0x54023987 f31:0x4e9e0009 f19=0x44823988
     240065.000 ns	     24005	8000519c	c01b7f53	fcvt.wu.s	x30,f22	 f22:0x4f000412 x30=0x80041200
     240085.000 ns	     24007	800051a0	5c390a93	addi	x21,x18,1475	 x18:0x00000000 x21=0x000005c3
     240445.000 ns	     24043	800051a4	0247deb3	divu	x29,x15,x4	 x15:0xe3a80000  x4:0x40fe4000 x29=0x00000003
     240815.000 ns	     24080	800051a8	028decb3	rem	x25,x27,x8	 x27:0x00000001  x8:0x00000040 x25=0x00000001
     240845.000 ns	     24083	800051ac	20898c53	fsgnj.s	f24,f19,f8	 f19:0x44823988  f8:0x4828c000 f24=0x44823988
     240875.000 ns	     24086	800051b0	212c2ed3	fsgnjx.s	f29,f24,f18	 f24:0x00000000 f18:0x00000000 f29=0x44823988
     241245.000 ns	     24123	800051b4	03895cb3	divu	x25,x18,x24	 x18:0x00000000 x24:0x4f000412 x25=0x00000000
     241265.000 ns	     24125	800051b8	c81cf817	auipc	x16,0xc81cf	 x16=0x481d41b8
     241275.000 ns	     24126	800051bc	017414b3	sll	x9,x8,x23	  x8:0x00000040 x23:0xf80040fe  x9=0x00000000
     241285.000 ns	     24127	800051c0	8b3e6613	ori	x12,x28,-1869	 x28:0xc001fba0 x12=0xfffffbb3
     241305.000 ns	     24129	800051c4	02ad7eb3	remu	x29,x26,x10	 x26:0x035a8124 x10:0x00000000 x29=0x035a8124
     241325.000 ns	     24131	800051c8	408c8733	sub	x14,x25,x8	 x25:0x00000000  x8:0x00000040 x14=0xffffffc0
     241335.000 ns	     24132	800051cc	aa1ce513	ori	x10,x25,-1375	 x25:0x00000000 x10=0xfffffaa1
     241375.000 ns	     24136	800051d0	091d45d3	fsub.s	f11,f26,f17	 f26:0xd3823987 f17:0x80000000 f11=0xd3823987
     241395.000 ns	     24138	800051d4	40ddd813	srai	x16,x27,0xd	 x27:0x00000001 x16=0x00000000
     241415.000 ns	     24140	800051d8	20819153	fsgnjn.s	f2,f3,f8	  f3:0x80000000  f8:0x4828c000  f2=0x80000000
     241435.000 ns	     24142	800051dc	d667c113	xori	x2,x15,-666	 x15:0xe3a80000  x2=0x1c57fd66
     241455.000 ns	     24144	800051e0	201886d3	fsgnj.s	f13,f17,f1	 f17:0x80000000  f1:0x54023987 f13=0x00000000
     241485.000 ns	     24147	800051e4	02ca3433	mulhu	x8,x20,x12	 x20:0x446e0000 x12:0xfffffbb3  x8=0x446dfed9
     241525.000 ns	     24151	800051e8	19207953	fdiv.s	f18,f0,f18	  f0:0x80000000 f18:0x00000000 f18=0x7fc00000
     241555.000 ns	     24154	800051ec	20762753	fsgnjx.s	f14,f12,f7	 f12:0x4ee9cca0  f7:0xd3823987 f14=0xcee9cca0
     241575.000 ns	     24156	800051f0	00ba1f33	sll	x30,x20,x11	 x20:0x446e0000 x11:0x80041024 x30=0x46e00000
     241585.000 ns	     24157	800051f4	89ca8837	lui	x16,0x89ca8	 x16=0x89ca8000
     241595.000 ns	     24158	800051f8	01879c33	sll	x24,x15,x24	 x15:0xe3a80000 x24:0x4f000412 x24=0x00000000
     241605.000 ns	     24159	800051fc	6af98f93	addi	x31,x19,1711	 x19:0x1710d712 x31=0x1710ddc1
     241625.000 ns	     24161	80005200	02cea833	mulhsu	x16,x29,x12	 x29:0x035a8124 x12:0xfffffbb3 x16=0x035a8115
     241655.000 ns	     24164	80005204	02626d33	rem	x26,x4,x6	  x4:0x40fe4000  x6:0x00000000 x26=0x40fe4000
     241675.000 ns	     24166	80005208	00f59193	slli	x3,x11,0xf	 x11:0x80041024  x3=0x08120000
     241695.000 ns	     24168	8000520c	0320d2b3	divu	x5,x1,x18	  x1:0x40fe43bc x18:0x00000000  x5=0xffffffff
     242065.000 ns	     24205	80005210	02ff7e33	remu	x28,x30,x15	 x30:0x46e00000 x15:0xe3a80000 x28=0x46e00000
     242095.000 ns	     24208	80005214	29c11753	fmax.s	f14,f2,f28	  f2:0x80000000 f28:0x4528c000 f14=0x4528c000
     242115.000 ns	     24210	80005218	40515a93	srai	x21,x2,0x5	  x2:0x1c57fd66 x21=0x00e2bfeb
     242135.000 ns	     24212	8000521c	c00ef753	fcvt.w.s	x14,f29	 f29:0x44823988 x14=0x00000411
     242155.000 ns	     24214	80005220	000d2533	slt	x10,x26,x0	 x26:0x40fe4000  x0:0x00000000 x10=0x00000000
     242165.000 ns	     24215	80005224	f940a413	slti	x8,x1,-108	  x1:0x40fe43bc  x8=0x00000000
     242185.000 ns	     24217	80005228	d0011ed3	fcvt.s.w	f29,x2	  x2:0x1c57fd66 f29=0x4de2bfeb
     242205.000 ns	     24219	8000522c	46208213	addi	x4,x1,1122	  x1:0x40fe43bc  x4=0x40fe481e
     242215.000 ns	     24220	80005230	9ca2c813	xori	x16,x5,-1590	  x5:0xffffffff x16=0x00000635
     242235.000 ns	     24222	80005234	a0708ad3	fle.s	x21,f1,f7	  f1:0x54023987  f7:0xd3823987 x21=0x00000000
     242255.000 ns	     24224	80005238	0092be33	sltu	x28,x5,x9	  x5:0xffffffff  x9:0x00000000 x28=0x00000000
     242615.000 ns	     24260	8000523c	025aeeb3	rem	x29,x21,x5	 x21:0x00000000  x5:0xffffffff x29=0x00000000
     242635.000 ns	     24262	80005240	b5112f93	slti	x31,x2,-1199	  x2:0x1c57fd66 x31=0x00000000
     242655.000 ns	     24264	80005244	c00270d3	fcvt.w.s	x1,f4	  f4:0x7f800000  x1=0x7fffffff
     242685.000 ns	     24267	80005248	c0064753	fcvt.w.s	x14,f12	 f12:0x4ee9cca0 x14=0x74e65000
     242735.000 ns	     24272	8000524c	098bfed3	fsub.s	f29,f23,f24	 f23:0x7f800000 f24:0x44823988 f29=0x7f800000
     242755.000 ns	     24274	80005250	5a00e213	ori	x4,x1,1440	  x1:0x7fffffff  x4=0x7fffffff
     242775.000 ns	     24276	80005254	d0087353	fcvt.s.w	f6,x16	 x16:0x00000635  f6=0x44c6a000
     242795.000 ns	     24278	80005258	3c4b3193	sltiu	x3,x22,964	 x22:0x00000008  x3=0x00000001
     242835.000 ns	     24282	8000525c	00227453	fadd.s	f8,f4,f2	  f4:0x7f800000  f2:0x80000000  f8=0x7f800000
     242865.000 ns	     24285	80005260	02d68db3	mul	x27,x13,x13	 x13:0x00000000 x13:0x00000000 x27=0x00000000
     242885.000 ns	     24287	80005264	00000013	addi	x0,x0,0	  x0:0x00000000
     242895.000 ns	     24288	80005268	01a65e33	srl	x28,x12,x26	 x12:0xfffffbb3 x26:0x40fe4000 x28=0xfffffbb3
     244065.000 ns	     24405	8000526c	58057953	fsqrt.s	f18,f10	 f10:0x4ee9cca0 f18=0x472cfe01
     244085.000 ns	     24407	80005270	01381a13	slli	x20,x16,0x13	 x16:0x00000635 x20=0x31a80000
     244105.000 ns	     24409	80005274	03b113b3	mulh	x7,x2,x27	  x2:0x1c57fd66 x27:0x00000000  x7=0x00000000
     244125.000 ns	     24411	80005278	00bbbb33	sltu	x22,x23,x11	 x23:0xf80040fe x11:0x80041024 x22=0x00000000
     244135.000 ns	     24412	8000527c	013b9793	slli	x15,x23,0x13	 x23:0xf80040fe x15=0x07f00000
     244155.000 ns	     24414	80005280	21702e53	fsgnjx.s	f28,f0,f23	  f0:0x80000000 f23:0x7f800000 f28=0x80000000
     244205.000 ns	     24419	80005284	0835f6d3	fsub.s	f13,f11,f3	 f11:0xd3823987  f3:0x80000000 f13=0xd3823987
     244235.000 ns	     24422	80005288	020e8e33	mul	x28,x29,x0	 x29:0x00000000  x0:0x00000000 x28=0x00000000
     244255.000 ns	     24424	8000528c	01de5b93	srli	x23,x28,0x1d	 x28:0xfffffbb3 x23=0x00000000
     244265.000 ns	     24425	80005290	ae66ec93	ori	x25,x13,-1306	 x13:0x00000000 x25=0xfffffae6
     244285.000 ns	     24427	80005294	f00785d3	fmv.w.x	f11,x15	 x15:0x07f00000 f11=0x07f00000
     244305.000 ns	     24429	80005298	76c8d6b7	lui	x13,0x76c8d	 x13=0x76c8d000
     244325.000 ns	     24431	8000529c	2108a0d3	fsgnjx.s	f1,f17,f16	 f17:0x80000000 f16:0x3f800000  f1=0x80000000
     244355.000 ns	     24434	800052a0	027cdab3	divu	x21,x25,x7	 x25:0xfffffae6  x7:0x00000000 x21=0xffffffff
     244375.000 ns	     24436	800052a4	01d02f33	slt	x30,x0,x29	  x0:0x00000000 x29:0x00000000 x30=0x00000000
     244385.000 ns	     24437	800052a8	8f407f13	andi	x30,x0,-1804	  x0:0x00000000 x30=0x00000000
     244405.000 ns	     24439	800052ac	20e9a653	fsgnjx.s	f12,f19,f14	 f19:0x44823988 f14:0x4528c000 f12=0x44823988
     244425.000 ns	     24441	800052b0	5a5c0813	addi	x16,x24,1445	 x24:0x00000000 x16=0x000005a5
     244445.000 ns	     24443	800052b4	e00314d3	fclass.s	x9,f6	  f6:0x44c6a000  x9=0x00000040
     244475.000 ns	     24446	800052b8	21868d53	fsgnj.s	f26,f13,f24	 f13:0xd3823987 f24:0x44823988 f26=0x53823987
     244515.000 ns	     24450	800052bc	19aef4d3	fdiv.s	f9,f29,f26	 f29:0x7f800000 f26:0xd3823987  f9=0x7f800000
     244535.000 ns	     24452	800052c0	013d8db3	add	x27,x27,x19	 x27:0x00000000 x19:0x1710d712 x27=0x1710d712
     244555.000 ns	     24454	800052c4	d018bed3	fcvt.s.wu	f29,x17	 x17:0x80040fe4 f29=0x4f000410
     244575.000 ns	     24456	800052c8	41ef8e33	sub	x28,x31,x30	 x31:0x00000000 x30:0x00000000 x28=0x00000000
     244595.000 ns	     24458	800052cc	f0000653	fmv.w.x	f12,x0	  x0:0x00000000 f12=0x00000000
     244615.000 ns	     24460	800052d0	0021b133	sltu	x2,x3,x2	  x3:0x00000001  x2:0x1c57fd66  x2=0x00000001
     244625.000 ns	     24461	800052d4	f84c4793	xori	x15,x24,-124	 x24:0x00000000 x15=0xffffff84
     244645.000 ns	     24463	800052d8	c0040b53	fcvt.w.s	x22,f8	  f8:0x7f800000 x22=0x7fffffff
     244665.000 ns	     24465	800052dc	3f63e513	ori	x10,x7,1014	  x7:0x00000000 x10=0x000003f6
     244685.000 ns	     24467	800052e0	d00ef953	fcvt.s.w	f18,x29	 x29:0x00000000 f18=0x00000000
     244715.000 ns	     24470	800052e4	c00bf653	fcvt.w.s	x12,f23	 f23:0x7f800000 x12=0x7fffffff
     244745.000 ns	     24473	800052e8	03fbdfb3	divu	x31,x23,x31	 x23:0x00000000 x31:0x00000000 x31=0xffffffff
     244775.000 ns	     24476	800052ec	d0014753	fcvt.s.w	f14,x2	  x2:0x00000001 f14=0x3f800000
     244795.000 ns	     24478	800052f0	003902b3	add	x5,x18,x3	 x18:0x00000000  x3:0x00000001  x5=0x00000001
     245155.000 ns	     24514	800052f4	021a5933	divu	x18,x20,x1	 x20:0x31a80000  x1:0x7fffffff x18=0x00000000
     245185.000 ns	     24517	800052f8	290b9653	fmax.s	f12,f23,f16	 f23:0x7f800000 f16:0x3f800000 f12=0x7f800000
     245215.000 ns	     24520	800052fc	03ae1433	mulh	x8,x28,x26	 x28:0x00000000 x26:0x40fe4000  x8=0x00000000
     245235.000 ns	     24522	80005300	00836133	or	x2,x6,x8	  x6:0x00000000  x8:0x00000000  x2=0x00000000
     245275.000 ns	     24526	80005304	08e47a53	fsub.s	f20,f8,f14	  f8:0x7f800000 f14:0x3f800000 f20=0x7f800000
     245305.000 ns	     24529	80005308	e00b1853	fclass.s	x16,f22	 f22:0x4f000412 x16=0x00000040
     245335.000 ns	     24532	8000530c	a08d2ad3	feq.s	x21,f26,f8	 f26:0x53823987  f8:0x7f800000 x21=0x00000000
     245365.000 ns	     24535	80005310	022171b3	remu	x3,x2,x2	  x2:0x00000000  x2:0x00000000  x3=0x00000000
     245395.000 ns	     24538	80005314	0379c2b3	div	x5,x19,x23	 x19:0x1710d712 x23:0x00000000  x5=0xffffffff
     246575.000 ns	     24656	80005318	580af7d3	fsqrt.s	f15,f21	 f21:0x3f7fffae f15=0x3f35042a
     246595.000 ns	     24658	8000531c	41d1d2b3	sra	x5,x3,x29	  x3:0x00000000 x29:0x00000000  x5=0x00000000
     246615.000 ns	     24660	80005320	21b61153	fsgnjn.s	f2,f12,f27	 f12:0x7f800000 f27:0x4828c000  f2=0xff800000
     246655.000 ns	     24664	80005324	11112ed3	fmul.s	f29,f2,f17	  f2:0x80000000 f17:0x80000000 f29=0x7fc00000
     246685.000 ns	     24667	80005328	d002f7d3	fcvt.s.w	f15,x5	  x5:0x00000000 f15=0x00000000
     246735.000 ns	     24672	8000532c	094f7153	fsub.s	f2,f30,f20	 f30:0x80041024 f20:0x7f800000  f2=0xff800000
     246755.000 ns	     24674	80005330	0090f4b3	and	x9,x1,x9	  x1:0x7fffffff  x9:0x00000040  x9=0x00000040
     246775.000 ns	     24676	80005334	027dd1b3	divu	x3,x27,x7	 x27:0x1710d712  x7:0x00000000  x3=0xffffffff
     246795.000 ns	     24678	80005338	64ffaeb7	lui	x29,0x64ffa	 x29=0x64ffa000
     247155.000 ns	     24714	8000533c	02e572b3	remu	x5,x10,x14	 x10:0x000003f6 x14:0x74e65000  x5=0x000003f6
     247175.000 ns	     24716	80005340	963cc613	xori	x12,x25,-1693	 x25:0xfffffae6 x12=0x00000385
     247195.000 ns	     24718	80005344	a1bb2653	feq.s	x12,f22,f27	 f22:0x4f000412 f27:0x4828c000 x12=0x00000000
     247565.000 ns	     24755	80005348	024452b3	divu	x5,x8,x4	  x8:0x00000000  x4:0x7fffffff  x5=0x00000000
     247595.000 ns	     24758	8000534c	21fb0a53	fsgnj.s	f20,f22,f31	 f22:0x4f000412 f31:0x4e9e0009 f20=0x4f000412
     247615.000 ns	     24760	80005350	01665ab3	srl	x21,x12,x22	 x12:0x00000000 x22:0x7fffffff x21=0x00000000
     247625.000 ns	     24761	80005354	01b0e933	or	x18,x1,x27	  x1:0x7fffffff x27:0x1710d712 x18=0x7fffffff
     247645.000 ns	     24763	80005358	c01b2153	fcvt.wu.s	x2,f22	 f22:0x4f000412  x2=0x80041200
     247675.000 ns	     24766	8000535c	027197b3	mulh	x15,x3,x7	  x3:0xffffffff  x7:0x00000000 x15=0x00000000
     247705.000 ns	     24769	80005360	c00dfed3	fcvt.w.s	x29,f27	 f27:0x4828c000 x29=0x0002a300
     247725.000 ns	     24771	80005364	01245cb3	srl	x25,x8,x18	  x8:0x00000000 x18:0x7fffffff x25=0x00000000
     247745.000 ns	     24773	80005368	e0051753	fclass.s	x14,f10	 f10:0x4ee9cca0 x14=0x00000040
     247785.000 ns	     24777	8000536c	11c3fed3	fmul.s	f29,f7,f28	  f7:0xd3823987 f28:0x80000000 f29=0x00000000
     247805.000 ns	     24779	80005370	01546733	or	x14,x8,x21	  x8:0x00000000 x21:0x00000000 x14=0x00000000
     247825.000 ns	     24781	80005374	a0b60253	fle.s	x4,f12,f11	 f12:0x7f800000 f11:0x07f00000  x4=0x00000000
     247845.000 ns	     24783	80005378	000cafb3	slt	x31,x25,x0	 x25:0x00000000  x0:0x00000000 x31=0x00000000
     247865.000 ns	     24785	8000537c	02ed3033	mulhu	x0,x26,x14	 x26:0x40fe4000 x14:0x00000000
     247885.000 ns	     24787	80005380	00de5a93	srli	x21,x28,0xd	 x28:0x00000000 x21=0x00000000
     247925.000 ns	     24791	80005384	082a4253	fsub.s	f4,f20,f2	 f20:0x4f000412  f2:0xff800000  f4=0x7f800000
     247945.000 ns	     24793	80005388	000b6333	or	x6,x22,x0	 x22:0x7fffffff  x0:0x00000000  x6=0x7fffffff
     247955.000 ns	     24794	8000538c	01fb7733	and	x14,x22,x31	 x22:0x7fffffff x31:0x00000000 x14=0x00000000
     247965.000 ns	     24795	80005390	013dfeb3	and	x29,x27,x19	 x27:0x1710d712 x19:0x1710d712 x29=0x1710d712
     247975.000 ns	     24796	80005394	8b97ef93	ori	x31,x15,-1863	 x15:0x00000000 x31=0xfffff8b9
     247995.000 ns	     24798	80005398	0399ab33	mulhsu	x22,x19,x25	 x19:0x1710d712 x25:0x00000000 x22=0x00000000
     248045.000 ns	     24803	8000539c	0083abd3	fadd.s	f23,f7,f8	  f7:0xd3823987  f8:0x7f800000 f23=0x7f800000
     248075.000 ns	     24806	800053a0	a0241953	flt.s	x18,f8,f2	  f8:0x7f800000  f2:0xff800000 x18=0x00000000
     248095.000 ns	     24808	800053a4	0c826b13	ori	x22,x4,200	  x4:0x00000000 x22=0x000000c8
     248105.000 ns	     24809	800053a8	011ed913	srli	x18,x29,0x11	 x29:0x1710d712 x18=0x00000b88
     248125.000 ns	     24811	800053ac	29ea9553	fmax.s	f10,f21,f30	 f21:0x3f7fffae f30:0x80041024 f10=0x3f7fffae
     248155.000 ns	     24814	800053b0	d00cff53	fcvt.s.w	f30,x25	 x25:0x00000000 f30=0x00000000
     248175.000 ns	     24816	800053b4	013b9eb3	sll	x29,x23,x19	 x23:0x00000000 x19:0x1710d712 x29=0x00000000
     248185.000 ns	     24817	800053b8	0030aab3	slt	x21,x1,x3	  x1:0x7fffffff  x3:0xffffffff x21=0x00000000
     248195.000 ns	     24818	800053bc	004e8e33	add	x28,x29,x4	 x29:0x1710d712  x4:0x00000000 x28=0x00000000
     248215.000 ns	     24820	800053c0	d000a7d3	fcvt.s.w	f15,x1	  x1:0x7fffffff f15=0x4f000000
     248255.000 ns	     24824	800053c4	106922d3	fmul.s	f5,f18,f6	 f18:0x00000000  f6:0x44c6a000  f5=0x00000000
     248285.000 ns	     24827	800053c8	29ac16d3	fmax.s	f13,f24,f26	 f24:0x44823988 f26:0x53823987 f13=0x53823987
     248315.000 ns	     24830	800053cc	a0579ed3	flt.s	x29,f15,f5	 f15:0x4f000000  f5:0x00000000 x29=0x00000000
     248345.000 ns	     24833	800053d0	03902f33	mulhsu	x30,x0,x25	  x0:0x00000000 x25:0x00000000 x30=0x00000000
     248365.000 ns	     24835	800053d4	00000013	addi	x0,x0,0	  x0:0x00000000
     248385.000 ns	     24837	800053d8	c00ef653	fcvt.w.s	x12,f29	 f29:0x00000000 x12=0x00000000
     248435.000 ns	     24842	800053dc	083bbfd3	fsub.s	f31,f23,f3	 f23:0x7f800000  f3:0x80000000 f31=0x7f800000
     248465.000 ns	     24845	800053e0	213810d3	fsgnjn.s	f1,f16,f19	 f16:0x3f800000 f19:0x44823988  f1=0xbf800000
     248485.000 ns	     24847	800053e4	e8eeee13	ori	x28,x29,-370	 x29:0x00000000 x28=0xfffffe8e
     248495.000 ns	     24848	800053e8	0010da33	srl	x20,x1,x1	  x1:0x7fffffff  x1:0x7fffffff x20=0x00000000
     248505.000 ns	     24849	800053ec	413f8633	sub	x12,x31,x19	 x31:0xfffff8b9 x19:0x1710d712 x12=0xe8ef21a7
     248525.000 ns	     24851	800053f0	c01f0dd3	fcvt.wu.s	x27,f30	 f30:0x00000000 x27=0x00000000
     248555.000 ns	     24854	800053f4	297b9ed3	fmax.s	f29,f23,f23	 f23:0x7f800000 f23:0x7f800000 f29=0x7f800000
     248575.000 ns	     24856	800053f8	434f2d93	slti	x27,x30,1076	 x30:0x00000000 x27=0x00000001
     248595.000 ns	     24858	800053fc	037e5133	divu	x2,x28,x23	 x28:0xfffffe8e x23:0x00000000  x2=0xffffffff
     248625.000 ns	     24861	80005400	c0130cd3	fcvt.wu.s	x25,f6	  f6:0x44c6a000 x25=0x00000635
     248645.000 ns	     24863	80005404	d41faa13	slti	x20,x31,-703	 x31:0xfffff8b9 x20=0x00000001
     248655.000 ns	     24864	80005408	00f597b3	sll	x15,x11,x15	 x11:0x80041024 x15:0x00000000 x15=0x80041024
     248665.000 ns	     24865	8000540c	00f18ab3	add	x21,x3,x15	  x3:0xffffffff x15:0x00000000 x21=0x80041023
     248675.000 ns	     24866	80005410	0952be13	sltiu	x28,x5,149	  x5:0x00000000 x28=0x00000001
     248695.000 ns	     24868	80005414	294511d3	fmax.s	f3,f10,f20	 f10:0x3f7fffae f20:0x4f000412  f3=0x4f000412
     248725.000 ns	     24871	80005418	c00b3bd3	fcvt.w.s	x23,f22	 f22:0x4f000412 x23=0x7fffffff
     248755.000 ns	     24874	8000541c	c01076d3	fcvt.wu.s	x13,f0	  f0:0x80000000 x13=0x00000000
     248795.000 ns	     24878	80005420	180c44d3	fdiv.s	f9,f24,f0	 f24:0x44823988  f0:0x80000000  f9=0xff800000
     248825.000 ns	     24881	80005424	03718433	mul	x8,x3,x23	  x3:0xffffffff x23:0x7fffffff  x8=0x80000001
     249195.000 ns	     24918	80005428	02ae4833	div	x16,x28,x10	 x28:0x00000001 x10:0x000003f6 x16=0x00000000
     249215.000 ns	     24920	8000542c	01b05f13	srli	x30,x0,0x1b	  x0:0x00000000 x30=0x00000000
     249225.000 ns	     24921	80005430	402ed713	srai	x14,x29,0x2	 x29:0x00000000 x14=0x00000000
     249235.000 ns	     24922	80005434	01209b13	slli	x22,x1,0x12	  x1:0x7fffffff x22=0xfffc0000
     249255.000 ns	     24924	80005438	291912d3	fmax.s	f5,f18,f17	 f18:0x00000000 f17:0x80000000  f5=0x00000000
     249275.000 ns	     24926	8000543c	01cfb3b3	sltu	x7,x31,x28	 x31:0xfffff8b9 x28:0x00000001  x7=0x00000000
     249295.000 ns	     24928	80005440	e00e9e53	fclass.s	x28,f29	 f29:0x7f800000 x28=0x00000080
     249315.000 ns	     24930	80005444	067ca913	slti	x18,x25,103	 x25:0x00000635 x18=0x00000000
     249325.000 ns	     24931	80005448	01575713	srli	x14,x14,0x15	 x14:0x00000000 x14=0x00000000
     249345.000 ns	     24933	8000544c	d019b4d3	fcvt.s.wu	f9,x19	 x19:0x1710d712  f9=0x4db886b9
     249365.000 ns	     24935	80005450	463bc113	xori	x2,x23,1123	 x23:0x7fffffff  x2=0x7ffffb9c
     249375.000 ns	     24936	80005454	010f2533	slt	x10,x30,x16	 x30:0x00000000 x16:0x00000000 x10=0x00000000
     249385.000 ns	     24937	80005458	010bdd13	srli	x26,x23,0x10	 x23:0x7fffffff x26=0x00007fff
     249405.000 ns	     24939	8000545c	a0fcadd3	feq.s	x27,f25,f15	 f25:0xc6b50a44 f15:0x4f000000 x27=0x00000000
     249425.000 ns	     24941	80005460	f168b913	sltiu	x18,x17,-234	 x17:0x80040fe4 x18=0x00000001
     249445.000 ns	     24943	80005464	29f68d53	fmin.s	f26,f13,f31	 f13:0x53823987 f31:0x7f800000 f26=0x53823987
     249485.000 ns	     24947	80005468	18360ad3	fdiv.s	f21,f12,f3	 f12:0x7f800000  f3:0x4f000412 f21=0x7f800000
     249535.000 ns	     24952	8000546c	00be7753	fadd.s	f14,f28,f11	 f28:0x80000000 f11:0x07f00000 f14=0x07f00000
     249565.000 ns	     24955	80005470	29510253	fmin.s	f4,f2,f21	  f2:0xff800000 f21:0x7f800000  f4=0xff800000
     249595.000 ns	     24958	80005474	e00010d3	fclass.s	x1,f0	  f0:0x80000000  x1=0x00000008
     249615.000 ns	     24960	80005478	0196feb3	and	x29,x13,x25	 x13:0x00000000 x25:0x00000635 x29=0x00000000
     249635.000 ns	     24962	8000547c	214492d3	fsgnjn.s	f5,f9,f20	  f9:0x4db886b9 f20:0x4f000412  f5=0xcdb886b9
     249665.000 ns	     24965	80005480	29e303d3	fmin.s	f7,f6,f30	  f6:0x44c6a000 f30:0x00000000  f7=0x00000000
     249685.000 ns	     24967	80005484	41b10fb3	sub	x31,x2,x27	  x2:0x7ffffb9c x27:0x00000000 x31=0x7ffffb9c
     249695.000 ns	     24968	80005488	40c3db13	srai	x22,x7,0xc	  x7:0x00000000 x22=0x00000000
     249725.000 ns	     24971	8000548c	118703d3	fmul.s	f7,f14,f24	 f14:0x07f00000 f24:0x44823988  f7=0x0cf42be0
     249755.000 ns	     24974	80005490	03aa2433	mulhsu	x8,x20,x26	 x20:0x00000001 x26:0x00007fff  x8=0x00000000
     249785.000 ns	     24977	80005494	e00c8bd3	fmv.x.w	x23,f25	 f25:0xc6b50a44 x23=0xc6b50a44
     249805.000 ns	     24979	80005498	00595ab3	srl	x21,x18,x5	 x18:0x00000001  x5:0x00000000 x21=0x00000001
     249815.000 ns	     24980	8000549c	400c5533	sra	x10,x24,x0	 x24:0x00000000  x0:0x00000000 x10=0x00000000
     250985.000 ns	     25097	800054a0	580c7253	fsqrt.s	f4,f24	 f24:0x44823988  f4=0x42011b5f
     251015.000 ns	     25100	800054a4	03c83633	mulhu	x12,x16,x28	 x16:0x00000000 x28:0x00000080 x12=0x00000000
     251045.000 ns	     25103	800054a8	c0178053	fcvt.wu.s	x0,f15	 f15:0x4f000000
     251065.000 ns	     25105	800054ac	2af5e693	ori	x13,x11,687	 x11:0x80041024 x13=0x800412af
     251075.000 ns	     25106	800054b0	1ac2f093	andi	x1,x5,428	  x5:0x00000000  x1=0x00000000
     251095.000 ns	     25108	800054b4	c01bc853	fcvt.wu.s	x16,f23	 f23:0x7f800000 x16=0xffffffff
     251115.000 ns	     25110	800054b8	41115a13	srai	x20,x2,0x11	  x2:0x7ffffb9c x20=0x00003fff
     251125.000 ns	     25111	800054bc	3c864713	xori	x14,x12,968	 x12:0x00000000 x14=0x000003c8
     251135.000 ns	     25112	800054c0	015d9013	slli	x0,x27,0x15	 x27:0x00000000
     251145.000 ns	     25113	800054c4	e9d9c193	xori	x3,x19,-355	 x19:0x1710d712  x3=0xe8ef298f
     251165.000 ns	     25115	800054c8	299d8453	fmin.s	f8,f27,f25	 f27:0x4828c000 f25:0xc6b50a44  f8=0xc6b50a44
     251195.000 ns	     25118	800054cc	288a18d3	fmax.s	f17,f20,f8	 f20:0x4f000412  f8:0x7f800000 f17=0x4f000412
     251215.000 ns	     25120	800054d0	09657c93	andi	x25,x10,150	 x10:0x00000000 x25=0x00000000
     251225.000 ns	     25121	800054d4	41c787b3	sub	x15,x15,x28	 x15:0x80041024 x28:0x00000080 x15=0x80040fa4
     251235.000 ns	     25122	800054d8	00000013	addi	x0,x0,0	  x0:0x00000000
     251255.000 ns	     25124	800054dc	212299d3	fsgnjn.s	f19,f5,f18	  f5:0xcdb886b9 f18:0x00000000 f19=0xcdb886b9
     251275.000 ns	     25126	800054e0	64bbef13	ori	x30,x23,1611	 x23:0xc6b50a44 x30=0xc6b50e4f
     251295.000 ns	     25128	800054e4	027f6bb3	rem	x23,x30,x7	 x30:0x00000000  x7:0x00000000 x23=0xc6b50e4f
     251325.000 ns	     25131	800054e8	28d899d3	fmax.s	f19,f17,f13	 f17:0x4f000412 f13:0x53823987 f19=0x53823987
     251345.000 ns	     25133	800054ec	66e1d3b7	lui	x7,0x66e1d	  x7=0x66e1d000
     251385.000 ns	     25137	800054f0	082e7d53	fsub.s	f26,f28,f2	 f28:0x80000000  f2:0xff800000 f26=0x7f800000
     251415.000 ns	     25140	800054f4	e0078dd3	fmv.x.w	x27,f15	 f15:0x4f000000 x27=0x4f000000
     251465.000 ns	     25145	800054f8	08c2b0d3	fsub.s	f1,f5,f12	  f5:0xcdb886b9 f12:0x7f800000  f1=0xff800000
     251485.000 ns	     25147	800054fc	01129693	slli	x13,x5,0x11	  x5:0x00000000 x13=0x00000000
     251505.000 ns	     25149	80005500	201d8953	fsgnj.s	f18,f27,f1	 f27:0x4828c000  f1:0xff800000 f18=0xc828c000
     251535.000 ns	     25152	80005504	02ed17b3	mulh	x15,x26,x14	 x26:0x00007fff x14:0x000003c8 x15=0x00000000
     251565.000 ns	     25155	80005508	031aa433	mulhsu	x8,x21,x17	 x21:0x00000001 x17:0x80040fe4  x8=0x00000000
     251585.000 ns	     25157	8000550c	6172e713	ori	x14,x5,1559	  x5:0x00000000 x14=0x00000617
     251595.000 ns	     25158	80005510	d163fd97	auipc	x27,0xd163f	 x27=0x51644510
     251615.000 ns	     25160	80005514	a0d91b53	flt.s	x22,f18,f13	 f18:0xc828c000 f13:0x53823987 x22=0x00000001
     251645.000 ns	     25163	80005518	c009bcd3	fcvt.w.s	x25,f19	 f19:0x53823987 x25=0x7fffffff
     251675.000 ns	     25166	8000551c	d01e7a53	fcvt.s.wu	f20,x28	 x28:0x00000080 f20=0x43000000
     252045.000 ns	     25203	80005520	0277c133	div	x2,x15,x7	 x15:0x00000000  x7:0x66e1d000  x2=0x00000000
     252065.000 ns	     25205	80005524	40a8d313	srai	x6,x17,0xa	 x17:0x80040fe4  x6=0xffe00103
     252075.000 ns	     25206	80005528	90be0a93	addi	x21,x28,-1781	 x28:0x00000080 x21=0xfffff98b
     252095.000 ns	     25208	8000552c	a1100ad3	fle.s	x21,f0,f17	  f0:0x80000000 f17:0x4f000412 x21=0x00000001
     252125.000 ns	     25211	80005530	e00512d3	fclass.s	x5,f10	 f10:0x3f7fffae  x5=0x00000040
     252495.000 ns	     25248	80005534	035adeb3	divu	x29,x21,x21	 x21:0x00000001 x21:0x00000001 x29=0x00000001
     252515.000 ns	     25250	80005538	41858833	sub	x16,x11,x24	 x11:0x80041024 x24:0x00000000 x16=0x80041024
     252525.000 ns	     25251	8000553c	00f8e2b3	or	x5,x17,x15	 x17:0x80040fe4 x15:0x00000000  x5=0x80040fe4
     252535.000 ns	     25252	80005540	1c228713	addi	x14,x5,450	  x5:0x00000040 x14=0x800411a6
     252555.000 ns	     25254	80005544	d00d08d3	fcvt.s.w	f17,x26	 x26:0x00007fff f17=0x46fffe00
     252925.000 ns	     25291	80005548	026876b3	remu	x13,x16,x6	 x16:0x80041024  x6:0xffe00103 x13=0x80041024
     252945.000 ns	     25293	8000554c	f1d3f493	andi	x9,x7,-227	  x7:0x66e1d000  x9=0x66e1d000
     253305.000 ns	     25329	80005550	02d0eb33	rem	x22,x1,x13	  x1:0x00000000 x13:0x80041024 x22=0x00000000
     253675.000 ns	     25366	80005554	026dd2b3	divu	x5,x27,x6	 x27:0x51644510  x6:0xffe00103  x5=0x00000000
     253695.000 ns	     25368	80005558	404157b3	sra	x15,x2,x4	  x2:0x00000000  x4:0x00000000 x15=0x00000000
     253705.000 ns	     25369	8000555c	40e7d513	srai	x10,x15,0xe	 x15:0x00000000 x10=0x00000000
     253745.000 ns	     25373	80005560	00e27ad3	fadd.s	f21,f4,f14	  f4:0x42011b5f f14:0x07f00000 f21=0x42011b5f
     253765.000 ns	     25375	80005564	01a5a633	slt	x12,x11,x26	 x11:0x80041024 x26:0x00007fff x12=0x00000001
     253805.000 ns	     25379	80005568	011b06d3	fadd.s	f13,f22,f17	 f22:0x4f000412 f17:0x46fffe00 f13=0x4f000492
     253825.000 ns	     25381	8000556c	400dda33	sra	x20,x27,x0	 x27:0x51644510  x0:0x00000000 x20=0x51644510
     253845.000 ns	     25383	80005570	e0059e53	fclass.s	x28,f11	 f11:0x07f00000 x28=0x00000040
     253865.000 ns	     25385	80005574	05b860b7	lui	x1,0x5b86	  x1=0x05b86000
     253875.000 ns	     25386	80005578	40ac5d13	srai	x26,x24,0xa	 x24:0x00000000 x26=0x00000000
     253915.000 ns	     25390	8000557c	08ccb2d3	fsub.s	f5,f25,f12	 f25:0xc6b50a44 f12:0x7f800000  f5=0xff800000
     253935.000 ns	     25392	80005580	eb447f13	andi	x30,x8,-332	  x8:0x00000000 x30=0x00000000
     253945.000 ns	     25393	80005584	00547bb3	and	x23,x8,x5	  x8:0x00000000  x5:0x00000000 x23=0x00000000
     253955.000 ns	     25394	80005588	fde74813	xori	x16,x14,-34	 x14:0x800411a6 x16=0x7ffbee78
     253995.000 ns	     25398	8000558c	09a270d3	fsub.s	f1,f4,f26	  f4:0x42011b5f f26:0x7f800000  f1=0xff800000
     254025.000 ns	     25401	80005590	a19c9353	flt.s	x6,f25,f25	 f25:0xc6b50a44 f25:0xc6b50a44  x6=0x00000000
     254045.000 ns	     25403	80005594	01dc5b93	srli	x23,x24,0x1d	 x24:0x00000000 x23=0x00000000
     254405.000 ns	     25439	80005598	02b3d233	divu	x4,x7,x11	  x7:0x66e1d000 x11:0x80041024  x4=0x00000000
     254435.000 ns	     25442	8000559c	c01a72d3	fcvt.wu.s	x5,f20	 f20:0x43000000  x5=0x00000080
     254475.000 ns	     25446	800055a0	580f7353	fsqrt.s	f6,f30	 f30:0x00000000  f6=0x00000000
     254495.000 ns	     25448	800055a4	01b93133	sltu	x2,x18,x27	 x18:0x00000001 x27:0x51644510  x2=0x00000001
     254855.000 ns	     25484	800055a8	0326e933	rem	x18,x13,x18	 x13:0x80041024 x18:0x00000001 x18=0x00000000
     254885.000 ns	     25487	800055ac	d0093ad3	fcvt.s.w	f21,x18	 x18:0x00000001 f21=0x00000000
     254915.000 ns	     25490	800055b0	c0048c53	fcvt.w.s	x24,f9	  f9:0x4db886b9 x24=0x1710d720
     254945.000 ns	     25493	800055b4	c01b86d3	fcvt.wu.s	x13,f23	 f23:0x7f800000 x13=0xffffffff
     254965.000 ns	     25495	800055b8	ae366f93	ori	x31,x12,-1309	 x12:0x00000001 x31=0xfffffae3
     255325.000 ns	     25531	800055bc	03ddc333	div	x6,x27,x29	 x27:0x51644510 x29:0x00000001  x6=0x51644510
     255665.000 ns	     25565	800055c0	191b7cd3	fdiv.s	f25,f22,f17	 f22:0x4f000412 f17:0x46fffe00 f25=0x47c8d1ca
     255685.000 ns	     25567	800055c4	008e1cb3	sll	x25,x28,x8	 x28:0x00000040  x8:0x00000000 x25=0x00000040
     256045.000 ns	     25603	800055c8	02d34333	div	x6,x6,x13	  x6:0x51644510 x13:0xffffffff  x6=0xae9bbaf0
     256065.000 ns	     25605	800055cc	00f441b3	xor	x3,x8,x15	  x8:0x00000000 x15:0x00000000  x3=0x00000000
     256085.000 ns	     25607	800055d0	02223db3	mulhu	x27,x4,x2	  x4:0x00000000  x2:0x00000001 x27=0x00000000
     256115.000 ns	     25610	800055d4	03b44e33	div	x28,x8,x27	  x8:0x00000000 x27:0x51644510 x28=0xffffffff
     256135.000 ns	     25612	800055d8	86348693	addi	x13,x9,-1949	  x9:0x66e1d000 x13=0x66e1c863
     256155.000 ns	     25614	800055dc	030dafb3	mulhsu	x31,x27,x16	 x27:0x00000000 x16:0x7ffbee78 x31=0x00000000
     256185.000 ns	     25617	800055e0	e0000d53	fmv.x.w	x26,f0	  f0:0x80000000 x26=0x80000000
     256215.000 ns	     25620	800055e4	29d992d3	fmax.s	f5,f19,f29	 f19:0x53823987 f29:0x7f800000  f5=0x7f800000
     256255.000 ns	     25624	800055e8	10cf9853	fmul.s	f16,f31,f12	 f31:0x7f800000 f12:0x7f800000 f16=0x7f800000
     256285.000 ns	     25627	800055ec	027d2c33	mulhsu	x24,x26,x7	 x26:0x80000000  x7:0x66e1d000 x24=0xcc8f1800
     256315.000 ns	     25630	800055f0	024420b3	mulhsu	x1,x8,x4	  x8:0x00000000  x4:0x00000000  x1=0x00000000
     256335.000 ns	     25632	800055f4	01182733	slt	x14,x16,x17	 x16:0x7ffbee78 x17:0x80040fe4 x14=0x00000000
     256355.000 ns	     25634	800055f8	02b32cb3	mulhsu	x25,x6,x11	  x6:0xae9bbaf0 x11:0x80041024 x25=0xd74c92c5
     256395.000 ns	     25638	800055fc	11f9f353	fmul.s	f6,f19,f31	 f19:0x53823987 f31:0x7f800000  f6=0x7f800000
     256425.000 ns	     25641	80005600	e0000bd3	fmv.x.w	x23,f0	  f0:0x80000000 x23=0x80000000
     256445.000 ns	     25643	80005604	008a1093	slli	x1,x20,0x8	 x20:0x51644510  x1=0x64451000
     256465.000 ns	     25645	80005608	03f930b3	mulhu	x1,x18,x31	 x18:0x00000000 x31:0x00000000  x1=0x00000000
     256495.000 ns	     25648	8000560c	28fb89d3	fmin.s	f19,f23,f15	 f23:0x7f800000 f15:0x4f000000 f19=0x4f000000
     256525.000 ns	     25651	80005610	d01cb853	fcvt.s.wu	f16,x25	 x25:0xd74c92c5 f16=0x4f574c93
     256895.000 ns	     25688	80005614	02b76133	rem	x2,x14,x11	 x14:0x00000000 x11:0x80041024  x2=0x00000000
     256925.000 ns	     25691	80005618	a15413d3	flt.s	x7,f8,f21	  f8:0xc6b50a44 f21:0x00000000  x7=0x00000001
     258105.000 ns	     25809	8000561c	580680d3	fsqrt.s	f1,f13	 f13:0x4f000492  f1=0x46b50afa
     258125.000 ns	     25811	80005620	00000013	addi	x0,x0,0	  x0:0x00000000
     258135.000 ns	     25812	80005624	01f8d813	srli	x16,x17,0x1f	 x17:0x80040fe4 x16=0x00000001
     258155.000 ns	     25814	80005628	03ea10b3	mulh	x1,x20,x30	 x20:0x51644510 x30:0x00000000  x1=0x00000000
     258205.000 ns	     25819	8000562c	08a1c253	fsub.s	f4,f3,f10	  f3:0x4f000412 f10:0x3f7fffae  f4=0x4f000412
     258225.000 ns	     25821	80005630	00e3efb3	or	x31,x7,x14	  x7:0x00000001 x14:0x00000000 x31=0x00000001
     258245.000 ns	     25823	80005634	21b7acd3	fsgnjx.s	f25,f15,f27	 f15:0x4f000000 f27:0x4828c000 f25=0x4f000000
     258275.000 ns	     25826	80005638	e0048053	fmv.x.w	x0,f9	  f9:0x4db886b9
     258305.000 ns	     25829	8000563c	f0048fd3	fmv.w.x	f31,x9	  x9:0x66e1d000 f31=0x66e1d000
     258335.000 ns	     25832	80005640	a1712ed3	feq.s	x29,f2,f23	  f2:0xff800000 f23:0x7f800000 x29=0x00000000
     258365.000 ns	     25835	80005644	a1e00bd3	fle.s	x23,f0,f30	  f0:0x80000000 f30:0x00000000 x23=0x00000001
     258385.000 ns	     25837	80005648	40530633	sub	x12,x6,x5	  x6:0xae9bbaf0  x5:0x00000080 x12=0xae9bba70
     258395.000 ns	     25838	8000564c	00e45113	srli	x2,x8,0xe	  x8:0x00000000  x2=0x00000000
     258415.000 ns	     25840	80005650	a10506d3	fle.s	x13,f10,f16	 f10:0x3f7fffae f16:0x4f574c93 x13=0x00000001
     258465.000 ns	     25845	80005654	084af9d3	fsub.s	f19,f21,f4	 f21:0x00000000  f4:0x4f000412 f19=0xcf000412
     258495.000 ns	     25848	80005658	e0030bd3	fmv.x.w	x23,f6	  f6:0x7f800000 x23=0x7f800000
     258525.000 ns	     25851	8000565c	024d13b3	mulh	x7,x26,x4	 x26:0x80000000  x4:0x00000000  x7=0x00000000
     258545.000 ns	     25853	80005660	01879e93	slli	x29,x15,0x18	 x15:0x00000000 x29=0x00000000
     258565.000 ns	     25855	80005664	02794733	div	x14,x18,x7	 x18:0x00000000  x7:0x00000000 x14=0xffffffff
     258595.000 ns	     25858	80005668	020d84b3	mul	x9,x27,x0	 x27:0x00000000  x0:0x00000000  x9=0x00000000
     258935.000 ns	     25892	8000566c	18a5f253	fdiv.s	f4,f11,f10	 f11:0x07f00000 f10:0x3f7fffae  f4=0x086fff91
     258955.000 ns	     25894	80005670	41b80533	sub	x10,x16,x27	 x16:0x00000001 x27:0x00000000 x10=0x00000001
     258965.000 ns	     25895	80005674	002d04b3	add	x9,x26,x2	 x26:0x80000000  x2:0x00000000  x9=0x80000000
     258995.000 ns	     25898	80005678	5809f3d3	fsqrt.s	f7,f19	 f19:0xcf000412  f7=0x7fc00000
     259015.000 ns	     25900	8000567c	3dc27497	auipc	x9,0x3dc27	  x9=0xbdc2c67c
     259025.000 ns	     25901	80005680	00197c33	and	x24,x18,x1	 x18:0x00000000  x1:0x00000000 x24=0x00000000
     259045.000 ns	     25903	80005684	c01a76d3	fcvt.wu.s	x13,f20	 f20:0x43000000 x13=0x00000080
     259075.000 ns	     25906	80005688	03c32cb3	mulhsu	x25,x6,x28	  x6:0xae9bbaf0 x28:0xffffffff x25=0xae9bbaf0
     259095.000 ns	     25908	8000568c	41eb5213	srai	x4,x22,0x1e	 x22:0x00000000  x4=0x00000000
     259105.000 ns	     25909	80005690	0054e633	or	x12,x9,x5	  x9:0xbdc2c67c  x5:0x00000080 x12=0xbdc2c6fc
     259115.000 ns	     25910	80005694	df647c93	andi	x25,x8,-522	  x8:0x00000000 x25=0x00000000
     259145.000 ns	     25913	80005698	58000053	fsqrt.s	f0,f0	  f0:0x80000000  f0=0x80000000
     259165.000 ns	     25915	8000569c	00419733	sll	x14,x3,x4	  x3:0x00000000  x4:0x00000000 x14=0x00000000
     259175.000 ns	     25916	800056a0	00b25d93	srli	x27,x4,0xb	  x4:0x00000000 x27=0x00000000
     259185.000 ns	     25917	800056a4	b8f4a493	slti	x9,x9,-1137	  x9:0xbdc2c67c  x9=0x00000001
     259205.000 ns	     25919	800056a8	0234b733	mulhu	x14,x9,x3	  x9:0xbdc2c67c  x3:0x00000000 x14=0x00000000
     259575.000 ns	     25956	800056ac	0356f1b3	remu	x3,x13,x21	 x13:0x00000080 x21:0x00000001  x3=0x00000000
     259595.000 ns	     25958	800056b0	5c3e7693	andi	x13,x28,1475	 x28:0xffffffff x13=0x000005c3
     259605.000 ns	     25959	800056b4	b4778693	addi	x13,x15,-1209	 x15:0x00000000 x13=0xfffffb47
     259625.000 ns	     25961	800056b8	e0008cd3	fmv.x.w	x25,f1	  f1:0x46b50afa x25=0x46b50afa
     259655.000 ns	     25964	800056bc	a1172a53	feq.s	x20,f14,f17	 f14:0x07f00000 f17:0x46fffe00 x20=0x00000000
     259675.000 ns	     25966	800056c0	29d9e693	ori	x13,x19,669	 x19:0x1710d712 x13=0x1710d79f
     259705.000 ns	     25969	800056c4	115c9453	fmul.s	f8,f25,f21	 f25:0x4f000000 f21:0x00000000  f8=0x00000000
     259725.000 ns	     25971	800056c8	003ea733	slt	x14,x29,x3	 x29:0x00000000  x3:0x00000000 x14=0x00000000
     259765.000 ns	     25975	800056cc	00f0a353	fadd.s	f6,f1,f15	  f1:0x46b50afa f15:0x4f000000  f6=0x4f00005a
     259785.000 ns	     25977	800056d0	01c7ccb3	xor	x25,x15,x28	 x15:0x00000000 x28:0xffffffff x25=0xffffffff
     259805.000 ns	     25979	800056d4	29159753	fmax.s	f14,f11,f17	 f11:0x07f00000 f17:0x46fffe00 f14=0x46fffe00
     259825.000 ns	     25981	800056d8	6d635cb7	lui	x25,0x6d635	 x25=0x6d635000
     259845.000 ns	     25983	800056dc	210cacd3	fsgnjx.s	f25,f25,f16	 f25:0x4f000000 f16:0x4f574c93 f25=0x4f000000
     259865.000 ns	     25985	800056e0	cd446c13	ori	x24,x8,-812	  x8:0x00000000 x24=0xfffffcd4
     259875.000 ns	     25986	800056e4	00413c33	sltu	x24,x2,x4	  x2:0x00000000  x4:0x00000000 x24=0x00000000
     259885.000 ns	     25987	800056e8	8704a913	slti	x18,x9,-1936	  x9:0x00000001 x18=0x00000000
     259905.000 ns	     25989	800056ec	023054b3	divu	x9,x0,x3	  x0:0x00000000  x3:0x00000000  x9=0xffffffff
     259935.000 ns	     25992	800056f0	e00b8bd3	fmv.x.w	x23,f23	 f23:0x7f800000 x23=0x7f800000
     259955.000 ns	     25994	800056f4	0024af33	slt	x30,x9,x2	  x9:0xffffffff  x2:0x00000000 x30=0x00000001
     259975.000 ns	     25996	800056f8	f00d0353	fmv.w.x	f6,x26	 x26:0x80000000  f6=0x80000000
     259995.000 ns	     25998	800056fc	8ffd1f17	auipc	x30,0x8ffd1	 x30=0x0ffd66fc
     260015.000 ns	     26000	80005700	0270a933	mulhsu	x18,x1,x7	  x1:0x00000000  x7:0x00000000 x18=0x00000000
     260035.000 ns	     26002	80005704	00a9be33	sltu	x28,x19,x10	 x19:0x1710d712 x10:0x00000001 x28=0x00000000
     260055.000 ns	     26004	80005708	a1c60753	fle.s	x14,f12,f28	 f12:0x7f800000 f28:0x80000000 x14=0x00000000
     260075.000 ns	     26006	8000570c	46dd1d37	lui	x26,0x46dd1	 x26=0x46dd1000
     260085.000 ns	     26007	80005710	a5c28413	addi	x8,x5,-1444	  x5:0x00000080  x8=0xfffffadc
     260105.000 ns	     26009	80005714	02e4b633	mulhu	x12,x9,x14	  x9:0xffffffff x14:0x00000000 x12=0x00000000
     260125.000 ns	     26011	80005718	40045033	sra	x0,x8,x0	  x8:0x00000000  x0:0x00000000
     260145.000 ns	     26013	8000571c	d0030853	fcvt.s.w	f16,x6	  x6:0xae9bbaf0 f16=0xcea2c88a
     260515.000 ns	     26050	80005720	035a6933	rem	x18,x20,x21	 x20:0x00000000 x21:0x00000001 x18=0x00000000
     260535.000 ns	     26052	80005724	011301b3	add	x3,x6,x17	  x6:0xae9bbaf0 x17:0x80040fe4  x3=0x2e9fcad4
     260545.000 ns	     26053	80005728	19f83913	sltiu	x18,x16,415	 x16:0x00000001 x18=0x00000001
     260555.000 ns	     26054	8000572c	00f4ec33	or	x24,x9,x15	  x9:0xffffffff x15:0x00000000 x24=0xffffffff
     260575.000 ns	     26056	80005730	a1010053	fle.s	x0,f2,f16	  f2:0xff800000 f16:0xcea2c88a
     260615.000 ns	     26060	80005734	11377ad3	fmul.s	f21,f14,f19	 f14:0x46fffe00 f19:0xcf000412 f21=0xd6800312
     260635.000 ns	     26062	80005738	00144533	xor	x10,x8,x1	  x8:0xfffffadc  x1:0x00000000 x10=0xfffffadc
     260655.000 ns	     26064	8000573c	c019f553	fcvt.wu.s	x10,f19	 f19:0xcf000412 x10=0x80041200
     260675.000 ns	     26066	80005740	017e6433	or	x8,x28,x23	 x28:0x00000000 x23:0x7f800000  x8=0x7f800000
     260695.000 ns	     26068	80005744	02a79733	mulh	x14,x15,x10	 x15:0x00000000 x10:0x80041200 x14=0x00000000
     260715.000 ns	     26070	80005748	11853d93	sltiu	x27,x10,280	 x10:0x80041200 x27=0x00000000
     260735.000 ns	     26072	8000574c	0361a3b3	mulhsu	x7,x3,x22	  x3:0x2e9fcad4 x22:0x00000000  x7=0x00000000
     260755.000 ns	     26074	80005750	f83a8693	addi	x13,x21,-125	 x21:0x00000001 x13=0xffffff84
     260765.000 ns	     26075	80005754	63b42213	slti	x4,x8,1595	  x8:0x7f800000  x4=0x00000000
     260775.000 ns	     26076	80005758	be7ebc17	auipc	x24,0xbe7eb	 x24=0x3e7f0758
     260795.000 ns	     26078	8000575c	022d2f33	mulhsu	x30,x26,x2	 x26:0x46dd1000  x2:0x00000000 x30=0x00000000
     260815.000 ns	     26080	80005760	003ba933	slt	x18,x23,x3	 x23:0x7f800000  x3:0x2e9fcad4 x18=0x00000000
     260825.000 ns	     26081	80005764	0142bfb3	sltu	x31,x5,x20	  x5:0x00000080 x20:0x00000000 x31=0x00000000
     260835.000 ns	     26082	80005768	068b7793	andi	x15,x22,104	 x22:0x00000000 x15=0x00000000
     260855.000 ns	     26084	8000576c	02f1c4b3	div	x9,x3,x15	  x3:0x2e9fcad4 x15:0x00000000  x9=0xffffffff
     260885.000 ns	     26087	80005770	29dc1ed3	fmax.s	f29,f24,f29	 f24:0x44823988 f29:0x7f800000 f29=0x7f800000
     260905.000 ns	     26089	80005774	49f93c13	sltiu	x24,x18,1183	 x18:0x00000000 x24=0x00000001
     260915.000 ns	     26090	80005778	56f52d37	lui	x26,0x56f52	 x26=0x56f52000
     260935.000 ns	     26092	8000577c	d010c253	fcvt.s.wu	f4,x1	  x1:0x00000000  f4=0x00000000
     260955.000 ns	     26094	80005780	0199d113	srli	x2,x19,0x19	 x19:0x1710d712  x2=0x0000000b
     260975.000 ns	     26096	80005784	282e80d3	fmin.s	f1,f29,f2	 f29:0x7f800000  f2:0xff800000  f1=0xff800000
     261005.000 ns	     26099	80005788	03c8afb3	mulhsu	x31,x17,x28	 x17:0x80040fe4 x28:0x00000000 x31=0x00000000
     261045.000 ns	     26103	8000578c	119624d3	fmul.s	f9,f12,f25	 f12:0x7f800000 f25:0x4f000000  f9=0x7f800000
     261075.000 ns	     26106	80005790	02f2c133	div	x2,x5,x15	  x5:0x00000080 x15:0x00000000  x2=0xffffffff
     261105.000 ns	     26109	80005794	20092a53	fsgnjx.s	f20,f18,f0	 f18:0xc828c000  f0:0x80000000 f20=0x4828c000
     261135.000 ns	     26112	80005798	c0174153	fcvt.wu.s	x2,f14	 f14:0x46fffe00  x2=0x00007fff
     261165.000 ns	     26115	8000579c	a19da6d3	feq.s	x13,f27,f25	 f27:0x4828c000 f25:0x4f000000 x13=0x00000000
     261185.000 ns	     26117	800057a0	00000013	addi	x0,x0,0	  x0:0x00000000
     261195.000 ns	     26118	800057a4	da1cbe93	sltiu	x29,x25,-607	 x25:0x6d635000 x29=0x00000001
     261215.000 ns	     26120	800057a8	a0b31bd3	flt.s	x23,f6,f11	  f6:0x80000000 f11:0x07f00000 x23=0x00000001
     261235.000 ns	     26122	800057ac	40985193	srai	x3,x16,0x9	 x16:0x00000001  x3=0x00000000
     261265.000 ns	     26125	800057b0	18ff7253	fdiv.s	f4,f30,f15	 f30:0x00000000 f15:0x4f000000  f4=0x00000000
     261285.000 ns	     26127	800057b4	d0562c13	slti	x24,x12,-763	 x12:0x00000000 x24=0x00000000
     261305.000 ns	     26129	800057b8	c00d2753	fcvt.w.s	x14,f26	 f26:0x7f800000 x14=0x7fffffff
     261325.000 ns	     26131	800057bc	01c9ec33	or	x24,x19,x28	 x19:0x1710d712 x28:0x00000000 x24=0x1710d712
     261655.000 ns	     26164	800057c0	199df853	fdiv.s	f16,f27,f25	 f27:0x4828c000 f25:0x4f000000 f16=0x3828c000
     261675.000 ns	     26166	800057c4	00f4b4b3	sltu	x9,x9,x15	  x9:0xffffffff x15:0x00000000  x9=0x00000000
     261715.000 ns	     26170	800057c8	0932f2d3	fsub.s	f5,f5,f19	  f5:0x7f800000 f19:0xcf000412  f5=0x7f800000
     261735.000 ns	     26172	800057cc	c1377a13	andi	x20,x14,-1005	 x14:0x7fffffff x20=0x7ffffc13
     261745.000 ns	     26173	800057d0	01ce4933	xor	x18,x28,x28	 x28:0x00000000 x28:0x00000000 x18=0x00000000
     261755.000 ns	     26174	800057d4	00f540b3	xor	x1,x10,x15	 x10:0x80041200 x15:0x00000000  x1=0x80041200
     261785.000 ns	     26177	800057d8	580afcd3	fsqrt.s	f25,f21	 f21:0xd6800312 f25=0x7fc00000
     261815.000 ns	     26180	800057dc	03bac133	div	x2,x21,x27	 x21:0x00000001 x27:0x00000000  x2=0xffffffff
     261865.000 ns	     26185	800057e0	09f3fd53	fsub.s	f26,f7,f31	  f7:0x7fc00000 f31:0x66e1d000 f26=0x7fc00000
     261895.000 ns	     26188	800057e4	0329a333	mulhsu	x6,x19,x18	 x19:0x1710d712 x18:0x00000000  x6=0x00000000
     261925.000 ns	     26191	800057e8	29f286d3	fmin.s	f13,f5,f31	  f5:0x7f800000 f31:0x66e1d000 f13=0x66e1d000
     261945.000 ns	     26193	800057ec	01750733	add	x14,x10,x23	 x10:0x80041200 x23:0x00000001 x14=0x80041201
     261955.000 ns	     26194	800057f0	cd677313	andi	x6,x14,-810	 x14:0x7fffffff  x6=0x80041000
     262315.000 ns	     26230	800057f4	02a95c33	divu	x24,x18,x10	 x18:0x00000000 x10:0x80041200 x24=0x00000000
     262345.000 ns	     26233	800057f8	d018f3d3	fcvt.s.wu	f7,x17	 x17:0x80040fe4  f7=0x4f00040f
     262375.000 ns	     26236	800057fc	d001c053	fcvt.s.w	f0,x3	  x3:0x00000000  f0=0x00000000
     262405.000 ns	     26239	80005800	28d80953	fmin.s	f18,f16,f13	 f16:0x3828c000 f13:0x66e1d000 f18=0x3828c000
     262435.000 ns	     26242	80005804	d0082353	fcvt.s.w	f6,x16	 x16:0x00000001  f6=0x3f800000
     262805.000 ns	     26279	80005808	03aadf33	divu	x30,x21,x26	 x21:0x00000001 x26:0x56f52000 x30=0x00000000
     262835.000 ns	     26282	8000580c	02787d33	remu	x26,x16,x7	 x16:0x00000001  x7:0x00000000 x26=0x00000001
     262865.000 ns	     26285	80005810	d00ff853	fcvt.s.w	f16,x31	 x31:0x00000000 f16=0x00000000
     262885.000 ns	     26287	80005814	402b57b3	sra	x15,x22,x2	 x22:0x00000000  x2:0xffffffff x15=0x00000000
     262905.000 ns	     26289	80005818	c01c9bd3	fcvt.wu.s	x23,f25	 f25:0x7fc00000 x23=0xffffffff
     262925.000 ns	     26291	8000581c	4024d113	srai	x2,x9,0x2	  x9:0x00000000  x2=0x00000000
     262935.000 ns	     26292	80005820	0127b4b3	sltu	x9,x15,x18	 x15:0x00000000 x18:0x00000000  x9=0x00000000
     262945.000 ns	     26293	80005824	01bb5a93	srli	x21,x22,0x1b	 x22:0x00000000 x21=0x00000000
     262975.000 ns	     26296	80005828	580e7ad3	fsqrt.s	f21,f28	 f28:0x80000000 f21=0x80000000
     262995.000 ns	     26298	8000582c	012a2fb3	slt	x31,x20,x18	 x20:0x7ffffc13 x18:0x00000000 x31=0x00000000
     263015.000 ns	     26300	80005830	e0029e53	fclass.s	x28,f5	  f5:0x7f800000 x28=0x00000080
     263055.000 ns	     26304	80005834	19ff72d3	fdiv.s	f5,f30,f31	 f30:0x00000000 f31:0x66e1d000  f5=0x00000000
     263075.000 ns	     26306	80005838	99a6cd17	auipc	x26,0x99a6c	 x26=0x19a71838
     263105.000 ns	     26309	8000583c	1956fcd3	fdiv.s	f25,f13,f21	 f13:0x66e1d000 f21:0x80000000 f25=0xff800000
     263135.000 ns	     26312	80005840	d00a4fd3	fcvt.s.w	f31,x20	 x20:0x7ffffc13 f31=0x4efffff8
     263165.000 ns	     26315	80005844	e00e82d3	fmv.x.w	x5,f29	 f29:0x7f800000  x5=0x7f800000
     263185.000 ns	     26317	80005848	e1f5ae13	slti	x28,x11,-481	 x11:0x80041024 x28=0x00000001
     263195.000 ns	     26318	8000584c	017fd4b3	srl	x9,x31,x23	 x31:0x00000000 x23:0xffffffff  x9=0x00000000
     263205.000 ns	     26319	80005850	00ed1193	slli	x3,x26,0xe	 x26:0x19a71838  x3=0xc60e0000
     263225.000 ns	     26321	80005854	02244233	div	x4,x8,x2	  x8:0x7f800000  x2:0x00000000  x4=0xffffffff
     263255.000 ns	     26324	80005858	a12b0a53	fle.s	x20,f22,f18	 f22:0x4f000412 f18:0x3828c000 x20=0x00000000
     263275.000 ns	     26326	8000585c	60f0ad93	slti	x27,x1,1551	  x1:0x80041200 x27=0x00000001
     263295.000 ns	     26328	80005860	28800853	fmin.s	f16,f0,f8	  f0:0x00000000  f8:0x00000000 f16=0x00000000
     263315.000 ns	     26330	80005864	019f5d13	srli	x26,x30,0x19	 x30:0x00000000 x26=0x00000000
     263325.000 ns	     26331	80005868	00ad9b13	slli	x22,x27,0xa	 x27:0x00000001 x22=0x00000400
     263345.000 ns	     26333	8000586c	037d3133	mulhu	x2,x26,x23	 x26:0x19a71838 x23:0xffffffff  x2=0x00000000
     263375.000 ns	     26336	80005870	a0c39353	flt.s	x6,f7,f12	  f7:0x4f00040f f12:0x7f800000  x6=0x00000001
     263395.000 ns	     26338	80005874	0160bf33	sltu	x30,x1,x22	  x1:0x80041200 x22:0x00000400 x30=0x00000000
     263405.000 ns	     26339	80005878	01542b33	slt	x22,x8,x21	  x8:0x7f800000 x21:0x00000000 x22=0x00000000
     263425.000 ns	     26341	8000587c	28b50cd3	fmin.s	f25,f10,f11	 f10:0x3f7fffae f11:0x07f00000 f25=0x07f00000
     263445.000 ns	     26343	80005880	400ed433	sra	x8,x29,x0	 x29:0x00000001  x0:0x00000000  x8=0x00000001
     263805.000 ns	     26379	80005884	03d45433	divu	x8,x8,x29	  x8:0x7f800000 x29:0x00000001  x8=0x00000001
     263835.000 ns	     26382	80005888	c006b1d3	fcvt.w.s	x3,f13	 f13:0x66e1d000  x3=0x7fffffff
     263855.000 ns	     26384	8000588c	00fb4eb3	xor	x29,x22,x15	 x22:0x00000000 x15:0x00000000 x29=0x00000000
     263865.000 ns	     26385	80005890	0091ed33	or	x26,x3,x9	  x3:0x7fffffff  x9:0x00000000 x26=0x7fffffff
     263875.000 ns	     26386	80005894	01b9f433	and	x8,x19,x27	 x19:0x1710d712 x27:0x00000001  x8=0x00000000
     264235.000 ns	     26422	80005898	03ae62b3	rem	x5,x28,x26	 x28:0x00000001 x26:0x00000000  x5=0x00000001
     264285.000 ns	     26427	8000589c	01634653	fadd.s	f12,f6,f22	  f6:0x3f800000 f22:0x4f000412 f12=0x4f000412
     264315.000 ns	     26430	800058a0	e00d01d3	fmv.x.w	x3,f26	 f26:0x7fc00000  x3=0x7fc00000
     264345.000 ns	     26433	800058a4	d01e7653	fcvt.s.wu	f12,x28	 x28:0x00000001 f12=0x3f800000
     264375.000 ns	     26436	800058a8	02819133	mulh	x2,x3,x8	  x3:0x7fc00000  x8:0x00000000  x2=0x00000000
     264395.000 ns	     26438	800058ac	703fe513	ori	x10,x31,1795	 x31:0x00000000 x10=0x00000703
     264415.000 ns	     26440	800058b0	d0087b53	fcvt.s.w	f22,x16	 x16:0x00000001 f22=0x3f800000
     264445.000 ns	     26443	800058b4	a17f01d3	fle.s	x3,f30,f23	 f30:0x00000000 f23:0x7f800000  x3=0x00000001
     264465.000 ns	     26445	800058b8	40f15913	srai	x18,x2,0xf	  x2:0x00000000 x18=0x00000000
     264485.000 ns	     26447	800058bc	21efabd3	fsgnjx.s	f23,f31,f30	 f31:0x4efffff8 f30:0x00000000 f23=0x4efffff8
     264515.000 ns	     26450	800058c0	290a10d3	fmax.s	f1,f20,f16	 f20:0x4828c000 f16:0x00000000  f1=0x4828c000
     264565.000 ns	     26455	800058c4	088d40d3	fsub.s	f1,f26,f8	 f26:0x7fc00000  f8:0x00000000  f1=0x7fc00000
     264585.000 ns	     26457	800058c8	41b78433	sub	x8,x15,x27	 x15:0x00000000 x27:0x00000001  x8=0xffffffff
     264595.000 ns	     26458	800058cc	002aaf33	slt	x30,x21,x2	 x21:0x00000000  x2:0x00000000 x30=0x00000000
     264615.000 ns	     26460	800058d0	21e32053	fsgnjx.s	f0,f6,f30	  f6:0x3f800000 f30:0x00000000  f0=0x3f800000
     264645.000 ns	     26463	800058d4	28799653	fmax.s	f12,f19,f7	 f19:0xcf000412  f7:0x4f00040f f12=0x4f00040f
     264675.000 ns	     26466	800058d8	0204adb3	mulhsu	x27,x9,x0	  x9:0x00000000  x0:0x00000000 x27=0x00000000
     264695.000 ns	     26468	800058dc	0197a7b3	slt	x15,x15,x25	 x15:0x00000000 x25:0x6d635000 x15=0x00000001
     264705.000 ns	     26469	800058e0	56a4b617	auipc	x12,0x56a4b	 x12=0xd6a508e0
     264725.000 ns	     26471	800058e4	20219e53	fsgnjn.s	f28,f3,f2	  f3:0x4f000412  f2:0xff800000 f28=0x4f000412
     264745.000 ns	     26473	800058e8	00c56233	or	x4,x10,x12	 x10:0x00000703 x12:0x00000000  x4=0xd6a50fe3
     264775.000 ns	     26476	800058ec	1149f453	fmul.s	f8,f19,f20	 f19:0xcf000412 f20:0x4828c000  f8=0xd7a8c55e
     264805.000 ns	     26479	800058f0	02fb36b3	mulhu	x13,x22,x15	 x22:0x00000000 x15:0x00000001 x13=0x00000000
     264835.000 ns	     26482	800058f4	c00e7153	fcvt.w.s	x2,f28	 f28:0x4f000412  x2=0x7fffffff
     264855.000 ns	     26484	800058f8	419ada93	srai	x21,x21,0x19	 x21:0x00000000 x21=0x00000000
     264875.000 ns	     26486	800058fc	e0028453	fmv.x.w	x8,f5	  f5:0x00000000  x8=0x00000000
     264905.000 ns	     26489	80005900	a1de0253	fle.s	x4,f28,f29	 f28:0x4f000412 f29:0x7f800000  x4=0x00000001
     264925.000 ns	     26491	80005904	01ab5bb3	srl	x23,x22,x26	 x22:0x00000000 x26:0x7fffffff x23=0x00000000
     264935.000 ns	     26492	80005908	015ae433	or	x8,x21,x21	 x21:0x00000000 x21:0x00000000  x8=0x00000000
     264945.000 ns	     26493	8000590c	7482e093	ori	x1,x5,1864	  x5:0x00000001  x1=0x00000749
     264975.000 ns	     26496	80005910	580d7953	fsqrt.s	f18,f26	 f26:0x7fc00000 f18=0x7fc00000
     265005.000 ns	     26499	80005914	c00f8ad3	fcvt.w.s	x21,f31	 f31:0x4efffff8 x21=0x7ffffc00
     265035.000 ns	     26502	80005918	0346c433	div	x8,x13,x20	 x13:0x00000000 x20:0x00000000  x8=0xffffffff
     265055.000 ns	     26504	8000591c	01a7e933	or	x18,x15,x26	 x15:0x00000001 x26:0x7fffffff x18=0x7fffffff
     265065.000 ns	     26505	80005920	01c30d13	addi	x26,x6,28	  x6:0x00000001 x26=0x0000001d
     265105.000 ns	     26509	80005924	08d827d3	fsub.s	f15,f16,f13	 f16:0x00000000 f13:0x66e1d000 f15=0xe6e1d000
     265125.000 ns	     26511	80005928	20b071b7	lui	x3,0x20b07	  x3=0x20b07000
     265135.000 ns	     26512	8000592c	2324b813	sltiu	x16,x9,562	  x9:0x00000000 x16=0x00000001
     265155.000 ns	     26514	80005930	03a826b3	mulhsu	x13,x16,x26	 x16:0x00000001 x26:0x0000001d x13=0x00000000
     265175.000 ns	     26516	80005934	0006cf33	xor	x30,x13,x0	 x13:0x00000000  x0:0x00000000 x30=0x00000000
     265185.000 ns	     26517	80005938	00ab9f13	slli	x30,x23,0xa	 x23:0x00000000 x30=0x00000000
     265195.000 ns	     26518	8000593c	00000013	addi	x0,x0,0	  x0:0x00000000
     265215.000 ns	     26520	80005940	d0003cd3	fcvt.s.w	f25,x0	  x0:0x00000000 f25=0x00000000
     265245.000 ns	     26523	80005944	d017ff53	fcvt.s.wu	f30,x15	 x15:0x00000001 f30=0x3f800000
     265275.000 ns	     26526	80005948	a1ec01d3	fle.s	x3,f24,f30	 f24:0x44823988 f30:0x00000000  x3=0x00000000
     265295.000 ns	     26528	8000594c	5c268d13	addi	x26,x13,1474	 x13:0x00000000 x26=0x000005c2
     265305.000 ns	     26529	80005950	25342093	slti	x1,x8,595	  x8:0xffffffff  x1=0x00000001
     265315.000 ns	     26530	80005954	e12fc193	xori	x3,x31,-494	 x31:0x00000000  x3=0xfffffe12
     265325.000 ns	     26531	80005958	00000013	addi	x0,x0,0	  x0:0x00000000
     265345.000 ns	     26533	8000595c	0346db33	divu	x22,x13,x20	 x13:0x00000000 x20:0x00000000 x22=0xffffffff
     265365.000 ns	     26535	80005960	d03c7d13	andi	x26,x24,-765	 x24:0x00000000 x26=0x00000000
     265375.000 ns	     26536	80005964	251d8393	addi	x7,x27,593	 x27:0x00000000  x7=0x00000251
     265395.000 ns	     26538	80005968	02842733	mulhsu	x14,x8,x8	  x8:0xffffffff  x8:0xffffffff x14=0xffffffff
     265425.000 ns	     26541	8000596c	c00674d3	fcvt.w.s	x9,f12	 f12:0x4f00040f  x9=0x7fffffff
     265455.000 ns	     26544	80005970	20eea353	fsgnjx.s	f6,f29,f14	 f29:0x7f800000 f14:0x46fffe00  f6=0x7f800000
     265485.000 ns	     26547	80005974	03dc6ab3	rem	x21,x24,x29	 x24:0x00000000 x29:0x00000000 x21=0x00000000
     265505.000 ns	     26549	80005978	ee31b3b7	lui	x7,0xee31b	  x7=0xee31b000
     265525.000 ns	     26551	8000597c	f0008453	fmv.w.x	f8,x1	  x1:0x00000001  f8=0x00000001
     265545.000 ns	     26553	80005980	4b8ce797	auipc	x15,0x4b8ce	 x15=0xcb8d3980
     265565.000 ns	     26555	80005984	20c4a2d3	fsgnjx.s	f5,f9,f12	  f9:0x7f800000 f12:0x4f00040f  f5=0x7f800000
     265595.000 ns	     26558	80005988	a1b70fd3	fle.s	x31,f14,f27	 f14:0x46fffe00 f27:0x4828c000 x31=0x00000001
     265625.000 ns	     26561	8000598c	21742d53	fsgnjx.s	f26,f8,f23	  f8:0x00000001 f23:0x4efffff8 f26=0x00000001
     265655.000 ns	     26564	80005990	02419eb3	mulh	x29,x3,x4	  x3:0xfffffe12  x4:0x00000001 x29=0xffffffff
     265675.000 ns	     26566	80005994	00000013	addi	x0,x0,0	  x0:0x00000000
     265695.000 ns	     26568	80005998	a0742ad3	feq.s	x21,f8,f7	  f8:0x00000001  f7:0x4f00040f x21=0x00000000
     265715.000 ns	     26570	8000599c	01dd4733	xor	x14,x26,x29	 x26:0x00000000 x29:0xffffffff x14=0xffffffff
     265725.000 ns	     26571	800059a0	004e5933	srl	x18,x28,x4	 x28:0x00000001  x4:0x00000001 x18=0x00000000
     265745.000 ns	     26573	800059a4	036ea233	mulhsu	x4,x29,x22	 x29:0xffffffff x22:0xffffffff  x4=0xffffffff
     265765.000 ns	     26575	800059a8	00000013	addi	x0,x0,0	  x0:0x00000000
     265775.000 ns	     26576	800059ac	451f0e37	lui	x28,0x451f0	 x28=0x451f0000
     265795.000 ns	     26578	800059b0	28469153	fmax.s	f2,f13,f4	 f13:0x66e1d000  f4:0x00000000  f2=0x66e1d000
     265825.000 ns	     26581	800059b4	0341a233	mulhsu	x4,x3,x20	  x3:0xfffffe12 x20:0x00000000  x4=0x00000000
     265845.000 ns	     26583	800059b8	00db0eb3	add	x29,x22,x13	 x22:0xffffffff x13:0x00000000 x29=0xffffffff
     265865.000 ns	     26585	800059bc	29c60cd3	fmin.s	f25,f12,f28	 f12:0x4f00040f f28:0x4f000412 f25=0x4f00040f
     265885.000 ns	     26587	800059c0	01fb9a33	sll	x20,x23,x31	 x23:0x00000000 x31:0x00000001 x20=0x00000000
     265895.000 ns	     26588	800059c4	00799c13	slli	x24,x19,0x7	 x19:0x1710d712 x24=0x886b8900
     265935.000 ns	     26592	800059c8	0073b253	fadd.s	f4,f7,f7	  f7:0x4f00040f  f7:0x4f00040f  f4=0x4f80040f
     265955.000 ns	     26594	800059cc	417c5093	srai	x1,x24,0x17	 x24:0x00000000  x1=0xffffff10
     265965.000 ns	     26595	800059d0	41a38933	sub	x18,x7,x26	  x7:0xee31b000 x26:0x00000000 x18=0xee31b000
     265975.000 ns	     26596	800059d4	00f8b133	sltu	x2,x17,x15	 x17:0x80040fe4 x15:0xcb8d3980  x2=0x00000001
     266015.000 ns	     26600	800059d8	097bf953	fsub.s	f18,f23,f23	 f23:0x4efffff8 f23:0x4efffff8 f18=0x80000000
     266035.000 ns	     26602	800059dc	97058813	addi	x16,x11,-1680	 x11:0x80041024 x16=0x80040994
     266045.000 ns	     26603	800059e0	012186b3	add	x13,x3,x18	  x3:0xfffffe12 x18:0xee31b000 x13=0xee31ae12
     266065.000 ns	     26605	800059e4	d005f9d3	fcvt.s.w	f19,x11	 x11:0x80041024 f19=0xcefff7df
     266095.000 ns	     26608	800059e8	02c0bab3	mulhu	x21,x1,x12	  x1:0xffffff10 x12:0xd6a508e0 x21=0xd6a50816
     266115.000 ns	     26610	800059ec	01063a33	sltu	x20,x12,x16	 x12:0xd6a508e0 x16:0x80040994 x20=0x00000000
     266125.000 ns	     26611	800059f0	016a6e33	or	x28,x20,x22	 x20:0x00000000 x22:0xffffffff x28=0xffffffff
     266145.000 ns	     26613	800059f4	e00611d3	fclass.s	x3,f12	 f12:0x4f00040f  x3=0x00000040
     266165.000 ns	     26615	800059f8	01aa1013	slli	x0,x20,0x1a	 x20:0x00000000
     266185.000 ns	     26617	800059fc	031abab3	mulhu	x21,x21,x17	 x21:0xd6a50816 x17:0x80040fe4 x21=0x6b55ebf1
     266555.000 ns	     26654	80005a00	03c5e4b3	rem	x9,x11,x28	 x11:0x80041024 x28:0xffffffff  x9=0x00000000
     266585.000 ns	     26657	80005a04	e00506d3	fmv.x.w	x13,f10	 f10:0x3f7fffae x13=0x3f7fffae
     266605.000 ns	     26659	80005a08	01dda033	slt	x0,x27,x29	 x27:0x00000000 x29:0xffffffff
     266625.000 ns	     26661	80005a0c	f0018c53	fmv.w.x	f24,x3	  x3:0x00000040 f24=0x00000040
     266655.000 ns	     26664	80005a10	a0668653	fle.s	x12,f13,f6	 f13:0x66e1d000  f6:0x7f800000 x12=0x00000001
     266675.000 ns	     26666	80005a14	01e9e733	or	x14,x19,x30	 x19:0x1710d712 x30:0x00000000 x14=0x1710d712
     266695.000 ns	     26668	80005a18	c0117453	fcvt.wu.s	x8,f2	  f2:0x66e1d000  x8=0xffffffff
     266725.000 ns	     26671	80005a1c	c007fed3	fcvt.w.s	x29,f15	 f15:0xe6e1d000 x29=0x80000000
     266755.000 ns	     26674	80005a20	29e991d3	fmax.s	f3,f19,f30	 f19:0xcefff7df f30:0x3f800000  f3=0x3f800000
     266805.000 ns	     26679	80005a24	00f7aed3	fadd.s	f29,f15,f15	 f15:0xe6e1d000 f15:0xe6e1d000 f29=0xe761d000
     266825.000 ns	     26681	80005a28	01609f13	slli	x30,x1,0x16	  x1:0xffffff10 x30=0xc4000000
     266835.000 ns	     26682	80005a2c	2137cb93	xori	x23,x15,531	 x15:0xcb8d3980 x23=0xcb8d3b93
     266855.000 ns	     26684	80005a30	2070ad53	fsgnjx.s	f26,f1,f7	  f1:0x7fc00000  f7:0x4f00040f f26=0x7fc00000
     267225.000 ns	     26721	80005a34	027b5333	divu	x6,x22,x7	 x22:0xffffffff  x7:0xee31b000  x6=0x00000001
     267245.000 ns	     26723	80005a38	09cbf417	auipc	x8,0x9cbf	  x8=0x89cc4a38
     267265.000 ns	     26725	80005a3c	020083b3	mul	x7,x1,x0	  x1:0xffffff10  x0:0x00000000  x7=0x00000000
     267285.000 ns	     26727	80005a40	00000013	addi	x0,x0,0	  x0:0x00000000
     267295.000 ns	     26728	80005a44	009f64b3	or	x9,x30,x9	 x30:0xc4000000  x9:0x00000000  x9=0xc4000000
     267315.000 ns	     26730	80005a48	034fd533	divu	x10,x31,x20	 x31:0x00000001 x20:0x00000000 x10=0xffffffff
     267345.000 ns	     26733	80005a4c	e00d00d3	fmv.x.w	x1,f26	 f26:0x7fc00000  x1=0x7fc00000
     267365.000 ns	     26735	80005a50	40b18eb3	sub	x29,x3,x11	  x3:0x00000040 x11:0x80041024 x29=0x7ffbf01c
     267375.000 ns	     26736	80005a54	34d9ee93	ori	x29,x19,845	 x19:0x1710d712 x29=0x1710d75f
     267395.000 ns	     26738	80005a58	d011a653	fcvt.s.wu	f12,x3	  x3:0x00000040 f12=0x42800000
     268575.000 ns	     26856	80005a5c	58067c53	fsqrt.s	f24,f12	 f12:0x4f00040f f24=0x40ffffae
     268595.000 ns	     26858	80005a60	009e6733	or	x14,x28,x9	 x28:0xffffffff  x9:0xc4000000 x14=0xffffffff
     268605.000 ns	     26859	80005a64	00000013	addi	x0,x0,0	  x0:0x00000000
     268625.000 ns	     26861	80005a68	03c631b3	mulhu	x3,x12,x28	 x12:0x00000001 x28:0xffffffff  x3=0x00000000
     268995.000 ns	     26898	80005a6c	028b67b3	rem	x15,x22,x8	 x22:0xffffffff  x8:0x89cc4a38 x15=0xffffffff
     269015.000 ns	     26900	80005a70	96e8ca13	xori	x20,x17,-1682	 x17:0x80040fe4 x20=0x7ffbf68a
     269025.000 ns	     26901	80005a74	00000013	addi	x0,x0,0	  x0:0x00000000
     269045.000 ns	     26903	80005a78	c01bf453	fcvt.wu.s	x8,f23	 f23:0x4efffff8  x8=0x7ffffc00
     269095.000 ns	     26908	80005a7c	087174d3	fsub.s	f9,f2,f7	  f2:0x66e1d000  f7:0x4f00040f  f9=0x66e1cfff
     269115.000 ns	     26910	80005a80	00bdf3b3	and	x7,x27,x11	 x27:0x00000000 x11:0x80041024  x7=0x00000000
     269145.000 ns	     26913	80005a84	18117453	fdiv.s	f8,f2,f1	  f2:0x66e1d000  f1:0x7fc00000  f8=0x7fc00000
     269175.000 ns	     26916	80005a88	a02b2d53	feq.s	x26,f22,f2	 f22:0x3f800000  f2:0x66e1d000 x26=0x00000000
     269205.000 ns	     26919	80005a8c	02cc9f33	mulh	x30,x25,x12	 x25:0x6d635000 x12:0x00000001 x30=0x00000000
     269225.000 ns	     26921	80005a90	003e3f33	sltu	x30,x28,x3	 x28:0xffffffff  x3:0x00000000 x30=0x00000000
     269235.000 ns	     26922	80005a94	43113b93	sltiu	x23,x2,1073	  x2:0x00000001 x23=0x00000001
     269255.000 ns	     26924	80005a98	03e61cb3	mulh	x25,x12,x30	 x12:0x00000001 x30:0x00000000 x25=0x00000000
     269285.000 ns	     26927	80005a9c	d017cbd3	fcvt.s.wu	f23,x15	 x15:0xffffffff f23=0x4f800000
     269305.000 ns	     26929	80005aa0	8129e313	ori	x6,x19,-2030	 x19:0x1710d712  x6=0xffffff12
     269325.000 ns	     26931	80005aa4	a1f8aed3	feq.s	x29,f17,f31	 f17:0x46fffe00 f31:0x4efffff8 x29=0x00000000
     269355.000 ns	     26934	80005aa8	212a8053	fsgnj.s	f0,f21,f18	 f21:0x80000000 f18:0x80000000  f0=0x80000000
     269385.000 ns	     26937	80005aac	e0031bd3	fclass.s	x23,f6	  f6:0x7f800000 x23=0x00000080
     269435.000 ns	     26942	80005ab0	0919bc53	fsub.s	f24,f19,f17	 f19:0xcefff7df f17:0x46fffe00 f24=0xcefff8de
     269475.000 ns	     26946	80005ab4	111e80d3	fmul.s	f1,f29,f17	 f29:0xe761d000 f17:0x46fffe00  f1=0xeee1ce3c
     269495.000 ns	     26948	80005ab8	00f551b3	srl	x3,x10,x15	 x10:0xffffffff x15:0xffffffff  x3=0x00000001
     269505.000 ns	     26949	80005abc	6611e913	ori	x18,x3,1633	  x3:0x00000000 x18=0x00000661
     269525.000 ns	     26951	80005ac0	203582d3	fsgnj.s	f5,f11,f3	 f11:0x07f00000  f3:0x3f800000  f5=0x07f00000
     269545.000 ns	     26953	80005ac4	4164d933	sra	x18,x9,x22	  x9:0xc4000000 x22:0xffffffff x18=0xffffffff
     269875.000 ns	     26986	80005ac8	19123953	fdiv.s	f18,f4,f17	  f4:0x4f80040f f17:0x46fffe00 f18=0x4848d1c4
     269895.000 ns	     26988	80005acc	00475393	srli	x7,x14,0x4	 x14:0xffffffff  x7=0x0fffffff
     269915.000 ns	     26990	80005ad0	031ebab3	mulhu	x21,x29,x17	 x29:0x00000000 x17:0x80040fe4 x21=0x00000000
     270285.000 ns	     27027	80005ad4	02766eb3	rem	x29,x12,x7	 x12:0x00000001  x7:0x00000000 x29=0x00000001
     270305.000 ns	     27029	80005ad8	005be133	or	x2,x23,x5	 x23:0x00000080  x5:0x00000001  x2=0x00000081
     270315.000 ns	     27030	80005adc	01a9b433	sltu	x8,x19,x26	 x19:0x1710d712 x26:0x00000000  x8=0x00000000
     270335.000 ns	     27032	80005ae0	2123a653	fsgnjx.s	f12,f7,f18	  f7:0x4f00040f f18:0x4848d1c4 f12=0x4f00040f
     270385.000 ns	     27037	80005ae4	006572d3	fadd.s	f5,f10,f6	 f10:0x3f7fffae  f6:0x7f800000  f5=0x7f800000
     270405.000 ns	     27039	80005ae8	0077b7b3	sltu	x15,x15,x7	 x15:0xffffffff  x7:0x0fffffff x15=0x00000000
     270425.000 ns	     27041	80005aec	03dca233	mulhsu	x4,x25,x29	 x25:0x00000000 x29:0x00000001  x4=0x00000000
     270445.000 ns	     27043	80005af0	44f42313	slti	x6,x8,1103	  x8:0x00000000  x6=0x00000001
     270455.000 ns	     27044	80005af4	009bde93	srli	x29,x23,0x9	 x23:0x00000080 x29=0x00000000
     270475.000 ns	     27046	80005af8	03bfdcb3	divu	x25,x31,x27	 x31:0x00000001 x27:0x00000000 x25=0xffffffff
     270495.000 ns	     27048	80005afc	9385e013	ori	x0,x11,-1736	 x11:0x80041024
     270505.000 ns	     27049	80005b00	86cc6613	ori	x12,x24,-1940	 x24:0x886b8900 x12=0xfffff96c
     270525.000 ns	     27051	80005b04	e00c86d3	fmv.x.w	x13,f25	 f25:0x4f00040f x13=0x4f00040f
     270555.000 ns	     27054	80005b08	297813d3	fmax.s	f7,f16,f23	 f16:0x00000000 f23:0x4f800000  f7=0x4f800000
     270585.000 ns	     27057	80005b0c	a09b1353	flt.s	x6,f22,f9	 f22:0x3f800000  f9:0x66e1cfff  x6=0x00000001
     270625.000 ns	     27061	80005b10	101f72d3	fmul.s	f5,f30,f1	 f30:0x3f800000  f1:0xeee1ce3c  f5=0xeee1ce3c
     270655.000 ns	     27064	80005b14	a10a8ed3	fle.s	x29,f21,f16	 f21:0x80000000 f16:0x00000000 x29=0x00000001
     270995.000 ns	     27098	80005b18	18a67253	fdiv.s	f4,f12,f10	 f12:0x4f00040f f10:0x3f7fffae  f4=0x4f8003d4
     271025.000 ns	     27101	80005b1c	a0ff0ed3	fle.s	x29,f30,f15	 f30:0x3f800000 f15:0xe6e1d000 x29=0x00000000
     271055.000 ns	     27104	80005b20	206a0453	fsgnj.s	f8,f20,f6	 f20:0x4828c000  f6:0x7f800000  f8=0x4828c000
     271075.000 ns	     27106	80005b24	9922b437	lui	x8,0x9922b	  x8=0x9922b000
     271095.000 ns	     27108	80005b28	e0099653	fclass.s	x12,f19	 f19:0xcefff7df x12=0x00000002
     271115.000 ns	     27110	80005b2c	01f2da13	srli	x20,x5,0x1f	  x5:0x00000001 x20=0x00000000
     271135.000 ns	     27112	80005b30	02f68b33	mul	x22,x13,x15	 x13:0x4f00040f x15:0x00000000 x22=0x00000000
     271185.000 ns	     27117	80005b34	0893fd53	fsub.s	f26,f7,f9	  f7:0x4f800000  f9:0x66e1cfff f26=0xe6e1cffe
     271205.000 ns	     27119	80005b38	00004c33	xor	x24,x0,x0	  x0:0x00000000  x0:0x00000000 x24=0x00000000
     271245.000 ns	     27123	80005b3c	01e379d3	fadd.s	f19,f6,f30	  f6:0x7f800000 f30:0x3f800000 f19=0x7f800000
     271265.000 ns	     27125	80005b40	00d923b3	slt	x7,x18,x13	 x18:0xffffffff x13:0x4f00040f  x7=0x00000001
     271285.000 ns	     27127	80005b44	c0038853	fcvt.w.s	x16,f7	  f7:0x4f800000 x16=0x7fffffff
     271315.000 ns	     27130	80005b48	d006f8d3	fcvt.s.w	f17,x13	 x13:0x4f00040f f17=0x4e9e0008
     271345.000 ns	     27133	80005b4c	c00ef253	fcvt.w.s	x4,f29	 f29:0xe761d000  x4=0x80000000
     271375.000 ns	     27136	80005b50	296a11d3	fmax.s	f3,f20,f22	 f20:0x4828c000 f22:0x3f800000  f3=0x4828c000
     271395.000 ns	     27138	80005b54	01e93bb3	sltu	x23,x18,x30	 x18:0xffffffff x30:0x00000000 x23=0x00000000
     271415.000 ns	     27140	80005b58	031ca2b3	mulhsu	x5,x25,x17	 x25:0xffffffff x17:0x80040fe4  x5=0xffffffff
     271785.000 ns	     27177	80005b5c	03396cb3	rem	x25,x18,x19	 x18:0xffffffff x19:0x1710d712 x25=0xffffffff
     271815.000 ns	     27180	80005b60	e0011253	fclass.s	x4,f2	  f2:0x66e1d000  x4=0x00000040
     271835.000 ns	     27182	80005b64	2d62a113	slti	x2,x5,726	  x5:0xffffffff  x2=0x00000001
     271845.000 ns	     27183	80005b68	00000013	addi	x0,x0,0	  x0:0x00000000
     271855.000 ns	     27184	80005b6c	00000013	addi	x0,x0,0	  x0:0x00000000
     271865.000 ns	     27185	80005b70	01341333	sll	x6,x8,x19	  x8:0x9922b000 x19:0x1710d712  x6=0xc0000000
     271885.000 ns	     27187	80005b74	02f55633	divu	x12,x10,x15	 x10:0xffffffff x15:0x00000000 x12=0xffffffff
     271925.000 ns	     27191	80005b78	1861f9d3	fdiv.s	f19,f3,f6	  f3:0x4828c000  f6:0x7f800000 f19=0x00000000
     271955.000 ns	     27194	80005b7c	20421d53	fsgnjn.s	f26,f4,f4	  f4:0x4f8003d4  f4:0x4f8003d4 f26=0xcf8003d4
     271975.000 ns	     27196	80005b80	0049df13	srli	x30,x19,0x4	 x19:0x1710d712 x30=0x01710d71
     271995.000 ns	     27198	80005b84	a1040d53	fle.s	x26,f8,f16	  f8:0x4828c000 f16:0x00000000 x26=0x00000000
     272015.000 ns	     27200	80005b88	012e9d13	slli	x26,x29,0x12	 x29:0x00000000 x26=0x00000000
     272035.000 ns	     27202	80005b8c	a0102753	feq.s	x14,f0,f1	  f0:0x80000000  f1:0xeee1ce3c x14=0x00000000
     272405.000 ns	     27239	80005b90	02565eb3	divu	x29,x12,x5	 x12:0xffffffff  x5:0xffffffff x29=0x00000001
     272775.000 ns	     27276	80005b94	02a6f833	remu	x16,x13,x10	 x13:0x4f00040f x10:0xffffffff x16=0x4f00040f
     272795.000 ns	     27278	80005b98	01e9e233	or	x4,x19,x30	 x19:0x1710d712 x30:0x01710d71  x4=0x1771df73
     272815.000 ns	     27280	80005b9c	f00d82d3	fmv.w.x	f5,x27	 x27:0x00000000  f5=0x00000000
     272835.000 ns	     27282	80005ba0	061c3393	sltiu	x7,x24,97	 x24:0x00000000  x7=0x00000001
     272845.000 ns	     27283	80005ba4	0182d933	srl	x18,x5,x24	  x5:0xffffffff x24:0x00000000 x18=0xffffffff
     274015.000 ns	     27400	80005ba8	58097bd3	fsqrt.s	f23,f18	 f18:0x4848d1c4 f23=0x438e002e
     274385.000 ns	     27437	80005bac	02525333	divu	x6,x4,x5	  x4:0x1771df73  x5:0xffffffff  x6=0x00000000
     274405.000 ns	     27439	80005bb0	400c8833	sub	x16,x25,x0	 x25:0xffffffff  x0:0x00000000 x16=0xffffffff
     274415.000 ns	     27440	80005bb4	00e28033	add	x0,x5,x14	  x5:0xffffffff x14:0x00000000
     274425.000 ns	     27441	80005bb8	41448d33	sub	x26,x9,x20	  x9:0xc4000000 x20:0x00000000 x26=0xc4000000
     274445.000 ns	     27443	80005bbc	217583d3	fsgnj.s	f7,f11,f23	 f11:0x07f00000 f23:0x438e002e  f7=0x07f00000
     274485.000 ns	     27447	80005bc0	580d3453	fsqrt.s	f8,f26	 f26:0xcf8003d4  f8=0x7fc00000
     274505.000 ns	     27449	80005bc4	b6904813	xori	x16,x0,-1175	  x0:0x00000000 x16=0xfffffb69
     274525.000 ns	     27451	80005bc8	e0079d53	fclass.s	x26,f15	 f15:0xe6e1d000 x26=0x00000002
     274565.000 ns	     27455	80005bcc	10767a53	fmul.s	f20,f12,f7	 f12:0x4f00040f  f7:0x07f00000 f20=0x1770079c
     274935.000 ns	     27492	80005bd0	03137033	remu	x0,x6,x17	  x6:0x00000000 x17:0x80040fe4
     274965.000 ns	     27495	80005bd4	f00b81d3	fmv.w.x	f3,x23	 x23:0x00000000  f3=0x00000000
     274985.000 ns	     27497	80005bd8	6fc2c313	xori	x6,x5,1788	  x5:0xffffffff  x6=0xfffff903
     274995.000 ns	     27498	80005bdc	e4d68f93	addi	x31,x13,-435	 x13:0x4f00040f x31=0x4f00025c
     275015.000 ns	     27500	80005be0	a0208353	fle.s	x6,f1,f2	  f1:0xeee1ce3c  f2:0x66e1d000  x6=0x00000001
     275045.000 ns	     27503	80005be4	a1619253	flt.s	x4,f3,f22	  f3:0x00000000 f22:0x3f800000  x4=0x00000001
     275075.000 ns	     27506	80005be8	f00e0e53	fmv.w.x	f28,x28	 x28:0xffffffff f28=0xffffffff
     275095.000 ns	     27508	80005bec	41db5fb3	sra	x31,x22,x29	 x22:0x00000000 x29:0x00000001 x31=0x00000000
     275115.000 ns	     27510	80005bf0	a1542153	feq.s	x2,f8,f21	  f8:0x7fc00000 f21:0x80000000  x2=0x00000000
     275145.000 ns	     27513	80005bf4	28658ad3	fmin.s	f21,f11,f6	 f11:0x07f00000  f6:0x7f800000 f21=0x07f00000
     275175.000 ns	     27516	80005bf8	21f1a3d3	fsgnjx.s	f7,f3,f31	  f3:0x00000000 f31:0x4efffff8  f7=0x00000000
     275195.000 ns	     27518	80005bfc	00000013	addi	x0,x0,0	  x0:0x00000000
     275225.000 ns	     27521	80005c00	58018b53	fsqrt.s	f22,f3	  f3:0x00000000 f22=0x00000000
     275255.000 ns	     27524	80005c04	a0c18c53	fle.s	x24,f3,f12	  f3:0x00000000 f12:0x4f00040f x24=0x00000001
     275285.000 ns	     27527	80005c08	e0071453	fclass.s	x8,f14	 f14:0x46fffe00  x8=0x00000040
     275305.000 ns	     27529	80005c0c	00000013	addi	x0,x0,0	  x0:0x00000000
     275315.000 ns	     27530	80005c10	00000013	addi	x0,x0,0	  x0:0x00000000
     275335.000 ns	     27532	80005c14	29641353	fmax.s	f6,f8,f22	  f8:0x7fc00000 f22:0x00000000  f6=0x00000000
     275365.000 ns	     27535	80005c18	216d16d3	fsgnjn.s	f13,f26,f22	 f26:0xcf8003d4 f22:0x00000000 f13=0xcf8003d4
     275385.000 ns	     27537	80005c1c	9b758113	addi	x2,x11,-1609	 x11:0x80041024  x2=0x800409db
     275395.000 ns	     27538	80005c20	000c6d33	or	x26,x24,x0	 x24:0x00000001  x0:0x00000000 x26=0x00000001
     275405.000 ns	     27539	80005c24	00000013	addi	x0,x0,0	  x0:0x00000000
     275415.000 ns	     27540	80005c28	00b6e433	or	x8,x13,x11	 x13:0x4f00040f x11:0x80041024  x8=0xcf04142f
     275435.000 ns	     27542	80005c2c	20ff8a53	fsgnj.s	f20,f31,f15	 f31:0x4efffff8 f15:0xe6e1d000 f20=0xcefffff8
     275455.000 ns	     27544	80005c30	4a023093	sltiu	x1,x4,1184	  x4:0x00000001  x1=0x00000001
     275465.000 ns	     27545	80005c34	73cbed93	ori	x27,x23,1852	 x23:0x00000000 x27=0x0000073c
     275475.000 ns	     27546	80005c38	00000013	addi	x0,x0,0	  x0:0x00000000
     275495.000 ns	     27548	80005c3c	21200fd3	fsgnj.s	f31,f0,f18	  f0:0x80000000 f18:0x4848d1c4 f31=0x00000000
     275865.000 ns	     27585	80005c40	02d96133	rem	x2,x18,x13	 x18:0xffffffff x13:0x4f00040f  x2=0xffffffff
     275885.000 ns	     27587	80005c44	1d134e13	xori	x28,x6,465	  x6:0x00000001 x28=0x000001d0
     275925.000 ns	     27591	80005c48	00abbdd3	fadd.s	f27,f23,f10	 f23:0x438e002e f10:0x3f7fffae f27=0x438e802e
     275945.000 ns	     27593	80005c4c	402b5733	sra	x14,x22,x2	 x22:0x00000000  x2:0xffffffff x14=0x00000000
     275965.000 ns	     27595	80005c50	02e043b3	div	x7,x0,x14	  x0:0x00000000 x14:0x00000000  x7=0xffffffff
     275995.000 ns	     27598	80005c54	c00aad53	fcvt.w.s	x26,f21	 f21:0x07f00000 x26=0x00000000
     276025.000 ns	     27601	80005c58	21c21853	fsgnjn.s	f16,f4,f28	  f4:0x4f8003d4 f28:0xffffffff f16=0x4f8003d4
     276055.000 ns	     27604	80005c5c	286e0453	fmin.s	f8,f28,f6	 f28:0xffffffff  f6:0x00000000  f8=0x00000000
     276075.000 ns	     27606	80005c60	41628db3	sub	x27,x5,x22	  x5:0xffffffff x22:0x00000000 x27=0xffffffff
     276085.000 ns	     27607	80005c64	01414033	xor	x0,x2,x20	  x2:0xffffffff x20:0x00000000
     276095.000 ns	     27608	80005c68	7cb0cf13	xori	x30,x1,1995	  x1:0x00000001 x30=0x000007ca
     276105.000 ns	     27609	80005c6c	00b47933	and	x18,x8,x11	  x8:0xcf04142f x11:0x80041024 x18=0x80041024
     276115.000 ns	     27610	80005c70	41e7d913	srai	x18,x15,0x1e	 x15:0x00000000 x18=0x00000000
     276135.000 ns	     27612	80005c74	02ecbcb3	mulhu	x25,x25,x14	 x25:0xffffffff x14:0x00000000 x25=0x00000000
     276165.000 ns	     27615	80005c78	a0088553	fle.s	x10,f17,f0	 f17:0x4e9e0008  f0:0x80000000 x10=0x00000000
     276195.000 ns	     27618	80005c7c	a1e29c53	flt.s	x24,f5,f30	  f5:0x00000000 f30:0x3f800000 x24=0x00000001
     276215.000 ns	     27620	80005c80	193b3293	sltiu	x5,x22,403	 x22:0x00000000  x5=0x00000001
     276235.000 ns	     27622	80005c84	a13da053	feq.s	x0,f27,f19	 f27:0x438e802e f19:0x00000000
     276265.000 ns	     27625	80005c88	20c50853	fsgnj.s	f16,f10,f12	 f10:0x3f7fffae f12:0x4f00040f f16=0x3f7fffae
     276285.000 ns	     27627	80005c8c	0034d293	srli	x5,x9,0x3	  x9:0xc4000000  x5=0x18800000
     276295.000 ns	     27628	80005c90	01036b33	or	x22,x6,x16	  x6:0x00000001 x16:0xfffffb69 x22=0xfffffb69
     276315.000 ns	     27630	80005c94	02692a33	mulhsu	x20,x18,x6	 x18:0x00000000  x6:0x00000001 x20=0x00000000
     276335.000 ns	     27632	80005c98	41c25b93	srai	x23,x4,0x1c	  x4:0x00000001 x23=0x00000000
     276695.000 ns	     27668	80005c9c	0338f0b3	remu	x1,x17,x19	 x17:0x80040fe4 x19:0x1710d712  x1=0x0cafdc8a
     276715.000 ns	     27670	80005ca0	00901a93	slli	x21,x0,0x9	  x0:0x00000000 x21=0x00000000
     276725.000 ns	     27671	80005ca4	40db0733	sub	x14,x22,x13	 x22:0xfffffb69 x13:0x4f00040f x14=0xb0fff75a
     276745.000 ns	     27673	80005ca8	29010753	fmin.s	f14,f2,f16	  f2:0x66e1d000 f16:0x3f7fffae f14=0x3f7fffae
     276775.000 ns	     27676	80005cac	21c409d3	fsgnj.s	f19,f8,f28	  f8:0x00000000 f28:0xffffffff f19=0x80000000
     276805.000 ns	     27679	80005cb0	027e0133	mul	x2,x28,x7	 x28:0x000001d0  x7:0xffffffff  x2=0xfffffe30
     276825.000 ns	     27681	80005cb4	00cfea33	or	x20,x31,x12	 x31:0x00000000 x12:0xffffffff x20=0xffffffff
     276845.000 ns	     27683	80005cb8	02c584b3	mul	x9,x11,x12	 x11:0x80041024 x12:0xffffffff  x9=0x7ffbefdc
     276875.000 ns	     27686	80005cbc	0323c633	div	x12,x7,x18	  x7:0xffffffff x18:0x00000000 x12=0xffffffff
     276895.000 ns	     27688	80005cc0	00000013	addi	x0,x0,0	  x0:0x00000000
     276905.000 ns	     27689	80005cc4	f907ad13	slti	x26,x15,-112	 x15:0x00000000 x26=0x00000000
     276925.000 ns	     27691	80005cc8	d01886d3	fcvt.s.wu	f13,x17	 x17:0x80040fe4 f13=0x4f000410
     276945.000 ns	     27693	80005ccc	d471ad13	slti	x26,x3,-697	  x3:0x00000001 x26=0x00000000
     276955.000 ns	     27694	80005cd0	017e9f33	sll	x30,x29,x23	 x29:0x00000001 x23:0x00000000 x30=0x00000001
     276975.000 ns	     27696	80005cd4	284587d3	fmin.s	f15,f11,f4	 f11:0x07f00000  f4:0x4f8003d4 f15=0x07f00000
     277345.000 ns	     27733	80005cd8	02e0c3b3	div	x7,x1,x14	  x1:0x0cafdc8a x14:0xb0fff75a  x7=0x00000000
     277375.000 ns	     27736	80005cdc	28e11653	fmax.s	f12,f2,f14	  f2:0x66e1d000 f14:0x3f7fffae f12=0x66e1d000
     277395.000 ns	     27738	80005ce0	0094aab3	slt	x21,x9,x9	  x9:0x7ffbefdc  x9:0x7ffbefdc x21=0x00000000
     277405.000 ns	     27739	80005ce4	e9cb6813	ori	x16,x22,-356	 x22:0xfffffb69 x16=0xfffffffd
     277415.000 ns	     27740	80005ce8	00ea53b3	srl	x7,x20,x14	 x20:0xffffffff x14:0xb0fff75a  x7=0x0000003f
     277435.000 ns	     27742	80005cec	20390953	fsgnj.s	f18,f18,f3	 f18:0x4848d1c4  f3:0x00000000 f18=0x4848d1c4
     277465.000 ns	     27745	80005cf0	02471433	mulh	x8,x14,x4	 x14:0xb0fff75a  x4:0x00000001  x8=0xffffffff
     277805.000 ns	     27779	80005cf4	18b97753	fdiv.s	f14,f18,f11	 f18:0x4848d1c4 f11:0x07f00000 f14=0x7f800000
     277835.000 ns	     27782	80005cf8	0219b033	mulhu	x0,x19,x1	 x19:0x1710d712  x1:0x0cafdc8a
     277855.000 ns	     27784	80005cfc	a907b213	sltiu	x4,x15,-1392	 x15:0x00000000  x4=0x00000001
     277875.000 ns	     27786	80005d00	f0018cd3	fmv.w.x	f25,x3	  x3:0x00000001 f25=0x00000001
     277895.000 ns	     27788	80005d04	00d4e033	or	x0,x9,x13	  x9:0x7ffbefdc x13:0x4f00040f
     278255.000 ns	     27824	80005d08	02b1de33	divu	x28,x3,x11	  x3:0x00000001 x11:0x80041024 x28=0x00000000
     278275.000 ns	     27826	80005d0c	01a1ee33	or	x28,x3,x26	  x3:0x00000001 x26:0x00000000 x28=0x00000001
     278285.000 ns	     27827	80005d10	004c6ab3	or	x21,x24,x4	 x24:0x00000001  x4:0x00000001 x21=0x00000001
     278295.000 ns	     27828	80005d14	ff121c17	auipc	x24,0xff121	 x24=0x7f126d14
     278305.000 ns	     27829	80005d18	411fd513	srai	x10,x31,0x11	 x31:0x00000000 x10=0x00000000
     278315.000 ns	     27830	80005d1c	006d1033	sll	x0,x26,x6	 x26:0x00000000  x6:0x00000001
     278335.000 ns	     27832	80005d20	a18f9f53	flt.s	x30,f31,f24	 f31:0x00000000 f24:0xcefff8de x30=0x00000000
     278355.000 ns	     27834	80005d24	26df3093	sltiu	x1,x30,621	 x30:0x00000001  x1=0x00000001
     278365.000 ns	     27835	80005d28	07f63d93	sltiu	x27,x12,127	 x12:0xffffffff x27=0x00000000
     278385.000 ns	     27837	80005d2c	03b98033	mul	x0,x19,x27	 x19:0x1710d712 x27:0xffffffff
     278415.000 ns	     27840	80005d30	f0040dd3	fmv.w.x	f27,x8	  x8:0xffffffff f27=0xffffffff
     278465.000 ns	     27845	80005d34	010fc5d3	fadd.s	f11,f31,f16	 f31:0x00000000 f16:0x3f7fffae f11=0x3f7fffae
     278485.000 ns	     27847	80005d38	80df3cb7	lui	x25,0x80df3	 x25=0x80df3000
     278505.000 ns	     27849	80005d3c	a1ba0953	fle.s	x18,f20,f27	 f20:0xcefffff8 f27:0xffffffff x18=0x00000000
     278535.000 ns	     27852	80005d40	c0182353	fcvt.wu.s	x6,f16	 f16:0x3f7fffae  x6=0x00000001
     278555.000 ns	     27854	80005d44	411e5813	srai	x16,x28,0x11	 x28:0x00000001 x16=0x00000000
     278565.000 ns	     27855	80005d48	60177213	andi	x4,x14,1537	 x14:0xb0fff75a  x4=0x00000600
     278605.000 ns	     27859	80005d4c	00fb2c53	fadd.s	f24,f22,f15	 f22:0x00000000 f15:0x07f00000 f24=0x07f00000
     278625.000 ns	     27861	80005d50	ba7de397	auipc	x7,0xba7de	  x7=0x3a7e3d50
     278635.000 ns	     27862	80005d54	01dd5533	srl	x10,x26,x29	 x26:0x00000000 x29:0x00000001 x10=0x00000000
     278645.000 ns	     27863	80005d58	215a8293	addi	x5,x21,533	 x21:0x00000001  x5=0x00000216
     278685.000 ns	     27867	80005d5c	08ae9dd3	fsub.s	f27,f29,f10	 f29:0xe761d000 f10:0x3f7fffae f27=0xe761d000
     278725.000 ns	     27871	80005d60	19c6f553	fdiv.s	f10,f13,f28	 f13:0x4f000410 f28:0xffffffff f10=0x7fc00000
     278755.000 ns	     27874	80005d64	02eb8033	mul	x0,x23,x14	 x23:0x00000000 x14:0xb0fff75a
     278785.000 ns	     27877	80005d68	a1722c53	feq.s	x24,f4,f23	  f4:0x4f8003d4 f23:0x438e002e x24=0x00000000
     279125.000 ns	     27911	80005d6c	19bd1053	fdiv.s	f0,f26,f27	 f26:0xcf8003d4 f27:0xe761d000  f0=0x278003d4
     279145.000 ns	     27913	80005d70	2c9f2193	slti	x3,x30,713	 x30:0x00000000  x3=0x00000001
     279175.000 ns	     27916	80005d74	18741753	fdiv.s	f14,f8,f7	  f8:0x00000000  f7:0x00000000 f14=0x7fc00000
     279195.000 ns	     27918	80005d78	00d55713	srli	x14,x10,0xd	 x10:0x00000000 x14=0x00000000
     279215.000 ns	     27920	80005d7c	a0892ed3	feq.s	x29,f18,f8	 f18:0x4848d1c4  f8:0x00000000 x29=0x00000000
     279235.000 ns	     27922	80005d80	3f3aed93	ori	x27,x21,1011	 x21:0x00000001 x27=0x000003f3
     279275.000 ns	     27926	80005d84	018675d3	fadd.s	f11,f12,f24	 f12:0x66e1d000 f24:0x07f00000 f11=0x66e1d000
     279305.000 ns	     27929	80005d88	02828633	mul	x12,x5,x8	  x5:0x00000216  x8:0xffffffff x12=0xfffffdea
     279325.000 ns	     27931	80005d8c	0461fd97	auipc	x27,0x461f	 x27=0x84624d8c
     279335.000 ns	     27932	80005d90	40ad5113	srai	x2,x26,0xa	 x26:0x00000000  x2=0x00000000
     279355.000 ns	     27934	80005d94	02fec733	div	x14,x29,x15	 x29:0x00000000 x15:0x00000000 x14=0xffffffff
     279385.000 ns	     27937	80005d98	c01f41d3	fcvt.wu.s	x3,f30	 f30:0x3f800000  x3=0x00000001
     279415.000 ns	     27940	80005d9c	d0074653	fcvt.s.w	f12,x14	 x14:0xffffffff f12=0xbf800000
     279435.000 ns	     27942	80005da0	016abfb3	sltu	x31,x21,x22	 x21:0x00000001 x22:0xfffffb69 x31=0x00000001
     279455.000 ns	     27944	80005da4	02211833	mulh	x16,x2,x2	  x2:0x00000000  x2:0x00000000 x16=0x00000000
     279475.000 ns	     27946	80005da8	0128bdb3	sltu	x27,x17,x18	 x17:0x80040fe4 x18:0x00000000 x27=0x00000000
     279485.000 ns	     27947	80005dac	404d0c33	sub	x24,x26,x4	 x26:0x00000000  x4:0x00000600 x24=0xfffffa00
     279515.000 ns	     27950	80005db0	580572d3	fsqrt.s	f5,f10	 f10:0x7fc00000  f5=0x7fc00000
     279885.000 ns	     27987	80005db4	0313cbb3	div	x23,x7,x17	  x7:0x3a7e3d50 x17:0x80040fe4 x23=0x00000000
     279915.000 ns	     27990	80005db8	c0187653	fcvt.wu.s	x12,f16	 f16:0x3f7fffae x12=0x00000000
     279935.000 ns	     27992	80005dbc	40818f33	sub	x30,x3,x8	  x3:0x00000001  x8:0xffffffff x30=0x00000002
     279955.000 ns	     27994	80005dc0	c0027b53	fcvt.w.s	x22,f4	  f4:0x4f8003d4 x22=0x7fffffff
     279985.000 ns	     27997	80005dc4	c01d0a53	fcvt.wu.s	x20,f26	 f26:0xcf8003d4 x20=0x00000000
     280015.000 ns	     28000	80005dc8	d01a7b53	fcvt.s.wu	f22,x20	 x20:0xffffffff f22=0x00000000
     280045.000 ns	     28003	80005dcc	038b8b33	mul	x22,x23,x24	 x23:0x00000000 x24:0xfffffa00 x22=0x00000000
     280065.000 ns	     28005	80005dd0	e7738493	addi	x9,x7,-393	  x7:0x3a7e3d50  x9=0x3a7e3bc7
     280085.000 ns	     28007	80005dd4	d01af453	fcvt.s.wu	f8,x21	 x21:0x00000001  f8=0x3f800000
     280105.000 ns	     28009	80005dd8	698f4513	xori	x10,x30,1688	 x30:0x00000002 x10=0x0000069a
     280125.000 ns	     28011	80005ddc	02b834b3	mulhu	x9,x16,x11	 x16:0x00000000 x11:0x80041024  x9=0x00000000
     280145.000 ns	     28013	80005de0	4144d413	srai	x8,x9,0x14	  x9:0x3a7e3bc7  x8=0x00000000
     280155.000 ns	     28014	80005de4	014e81b3	add	x3,x29,x20	 x29:0x00000000 x20:0x00000000  x3=0x00000000
     280165.000 ns	     28015	80005de8	01dbd6b3	srl	x13,x23,x29	 x23:0x00000000 x29:0x00000000 x13=0x00000000
     280175.000 ns	     28016	80005dec	01e31113	slli	x2,x6,0x1e	  x6:0x00000001  x2=0x40000000
     280185.000 ns	     28017	80005df0	db1da013	slti	x0,x27,-591	 x27:0x00000000
     280205.000 ns	     28019	80005df4	02d7f933	remu	x18,x15,x13	 x15:0x00000000 x13:0x00000000 x18=0x00000000
     280225.000 ns	     28021	80005df8	3036c793	xori	x15,x13,771	 x13:0x00000000 x15=0x00000303
     280245.000 ns	     28023	80005dfc	d01bbfd3	fcvt.s.wu	f31,x23	 x23:0x00000000 f31=0x00000000
     280275.000 ns	     28026	80005e00	28cc03d3	fmin.s	f7,f24,f12	 f24:0x07f00000 f12:0xbf800000  f7=0xbf800000
     280305.000 ns	     28029	80005e04	298699d3	fmax.s	f19,f13,f24	 f13:0x4f000410 f24:0x07f00000 f19=0x4f000410
     280325.000 ns	     28031	80005e08	0077f233	and	x4,x15,x7	 x15:0x00000303  x7:0x3a7e3d50  x4=0x00000100
     280335.000 ns	     28032	80005e0c	2dba2813	slti	x16,x20,731	 x20:0x00000000 x16=0x00000001
     280345.000 ns	     28033	80005e10	01079f33	sll	x30,x15,x16	 x15:0x00000303 x16:0x00000000 x30=0x00000606
     280355.000 ns	     28034	80005e14	4193d133	sra	x2,x7,x25	  x7:0x3a7e3d50 x25:0x80df3000  x2=0x3a7e3d50
     280365.000 ns	     28035	80005e18	4124db33	sra	x22,x9,x18	  x9:0x00000000 x18:0x00000000 x22=0x00000000
     280385.000 ns	     28037	80005e1c	21b428d3	fsgnjx.s	f17,f8,f27	  f8:0x3f800000 f27:0xe761d000 f17=0xbf800000
     280405.000 ns	     28039	80005e20	00829e13	slli	x28,x5,0x8	  x5:0x00000216 x28=0x00021600
     280425.000 ns	     28041	80005e24	d0187bd3	fcvt.s.wu	f23,x16	 x16:0x00000001 f23=0x3f800000
     280455.000 ns	     28044	80005e28	c018c0d3	fcvt.wu.s	x1,f17	 f17:0xbf800000  x1=0x00000001
     280475.000 ns	     28046	80005e2c	0021e6b3	or	x13,x3,x2	  x3:0x00000000  x2:0x3a7e3d50 x13=0x3a7e3d50
     280495.000 ns	     28048	80005e30	292690d3	fmax.s	f1,f13,f18	 f13:0x4f000410 f18:0x4848d1c4  f1=0x4f000410
     280515.000 ns	     28050	80005e34	41a880b3	sub	x1,x17,x26	 x17:0x80040fe4 x26:0x00000000  x1=0x80040fe4
     280525.000 ns	     28051	80005e38	da790493	addi	x9,x18,-601	 x18:0x00000000  x9=0xfffffda7
     280535.000 ns	     28052	80005e3c	9201cf13	xori	x30,x3,-1760	  x3:0x00000000 x30=0xfffff920
     280895.000 ns	     28088	80005e40	03f6dab3	divu	x21,x13,x31	 x13:0x3a7e3d50 x31:0x00000001 x21=0x3a7e3d50
     280925.000 ns	     28091	80005e44	206d8f53	fsgnj.s	f30,f27,f6	 f27:0xe761d000  f6:0x00000000 f30=0x6761d000
     280945.000 ns	     28093	80005e48	001d5f33	srl	x30,x26,x1	 x26:0x00000000  x1:0x80040fe4 x30=0x00000000
     280955.000 ns	     28094	80005e4c	00339213	slli	x4,x7,0x3	  x7:0x3a7e3d50  x4=0xd3f1ea80
     280965.000 ns	     28095	80005e50	41dcd313	srai	x6,x25,0x1d	 x25:0x80df3000  x6=0xfffffffc
     280985.000 ns	     28097	80005e54	03b70633	mul	x12,x14,x27	 x14:0xffffffff x27:0x00000000 x12=0x00000000
     281025.000 ns	     28101	80005e58	192ffc53	fdiv.s	f24,f31,f18	 f31:0x00000000 f18:0x4848d1c4 f24=0x00000000
     281055.000 ns	     28104	80005e5c	f00b81d3	fmv.w.x	f3,x23	 x23:0x00000000  f3=0x00000000
     281085.000 ns	     28107	80005e60	0365eb33	rem	x22,x11,x22	 x11:0x80041024 x22:0x00000000 x22=0x80041024
     281115.000 ns	     28110	80005e64	02883933	mulhu	x18,x16,x8	 x16:0x00000001  x8:0x00000000 x18=0x00000000
     281135.000 ns	     28112	80005e68	4c9fbb93	sltiu	x23,x31,1225	 x31:0x00000001 x23=0x00000001
     281155.000 ns	     28114	80005e6c	20b72e53	fsgnjx.s	f28,f14,f11	 f14:0x7fc00000 f11:0x66e1d000 f28=0x7fc00000
     281175.000 ns	     28116	80005e70	01fb9db3	sll	x27,x23,x31	 x23:0x00000000 x31:0x00000001 x27=0x00000002
     281195.000 ns	     28118	80005e74	a1ee93d3	flt.s	x7,f29,f30	 f29:0xe761d000 f30:0x6761d000  x7=0x00000001
     281565.000 ns	     28155	80005e78	02e5eb33	rem	x22,x11,x14	 x11:0x80041024 x14:0xffffffff x22=0x00000000
     281595.000 ns	     28158	80005e7c	e0028553	fmv.x.w	x10,f5	  f5:0x7fc00000 x10=0x7fc00000
     281625.000 ns	     28161	80005e80	e00693d3	fclass.s	x7,f13	 f13:0x4f000410  x7=0x00000040
     281655.000 ns	     28164	80005e84	039187b3	mul	x15,x3,x25	  x3:0x00000000 x25:0x80df3000 x15=0x00000000
     281685.000 ns	     28167	80005e88	c01db1d3	fcvt.wu.s	x3,f27	 f27:0xe761d000  x3=0x00000000
     281715.000 ns	     28170	80005e8c	29a58ad3	fmin.s	f21,f11,f26	 f11:0x66e1d000 f26:0xcf8003d4 f21=0xcf8003d4
     281745.000 ns	     28173	80005e90	28788e53	fmin.s	f28,f17,f7	 f17:0xbf800000  f7:0xbf800000 f28=0xbf800000
     281765.000 ns	     28175	80005e94	01249a13	slli	x20,x9,0x12	  x9:0xfffffda7 x20=0xf69c0000
     281785.000 ns	     28177	80005e98	02783a33	mulhu	x20,x16,x7	 x16:0x00000001  x7:0x00000040 x20=0x00000000
     281805.000 ns	     28179	80005e9c	01fb1493	slli	x9,x22,0x1f	 x22:0x00000000  x9=0x00000000
     281825.000 ns	     28181	80005ea0	c005c453	fcvt.w.s	x8,f11	 f11:0x66e1d000  x8=0x7fffffff
     282165.000 ns	     28215	80005ea4	18967853	fdiv.s	f16,f12,f9	 f12:0xbf800000  f9:0x66e1cfff f16=0x98000000
     282215.000 ns	     28220	80005ea8	01f8f653	fadd.s	f12,f17,f31	 f17:0xbf800000 f31:0x00000000 f12=0xbf800000
     282245.000 ns	     28223	80005eac	284a90d3	fmax.s	f1,f21,f4	 f21:0xcf8003d4  f4:0x4f8003d4  f1=0x4f8003d4
     282295.000 ns	     28228	80005eb0	089cf1d3	fsub.s	f3,f25,f9	 f25:0x00000001  f9:0x66e1cfff  f3=0xe6e1cfff
     282315.000 ns	     28230	80005eb4	9f385fb7	lui	x31,0x9f385	 x31=0x9f385000
     282325.000 ns	     28231	80005eb8	01b5de13	srli	x28,x11,0x1b	 x11:0x80041024 x28=0x00000010
     282345.000 ns	     28233	80005ebc	207fa653	fsgnjx.s	f12,f31,f7	 f31:0x00000000  f7:0xbf800000 f12=0x80000000
     282375.000 ns	     28236	80005ec0	295c1353	fmax.s	f6,f24,f21	 f24:0x00000000 f21:0xcf8003d4  f6=0x00000000
     282405.000 ns	     28239	80005ec4	f00c0a53	fmv.w.x	f20,x24	 x24:0xfffffa00 f20=0xfffffa00
     282435.000 ns	     28242	80005ec8	299d8d53	fmin.s	f26,f27,f25	 f27:0xe761d000 f25:0x00000001 f26=0xe761d000
     282465.000 ns	     28245	80005ecc	203884d3	fsgnj.s	f9,f17,f3	 f17:0xbf800000  f3:0xe6e1cfff  f9=0xbf800000
     282485.000 ns	     28247	80005ed0	0067d813	srli	x16,x15,0x6	 x15:0x00000000 x16=0x00000000
     282495.000 ns	     28248	80005ed4	46f3e217	auipc	x4,0x46f3e	  x4=0xc6f43ed4
     282515.000 ns	     28250	80005ed8	02e03033	mulhu	x0,x0,x14	  x0:0x00000000 x14:0xffffffff
     283695.000 ns	     28368	80005edc	580681d3	fsqrt.s	f3,f13	 f13:0x4f000410  f3=0x46b50a40
     283725.000 ns	     28371	80005ee0	d002f953	fcvt.s.w	f18,x5	  x5:0x00000216 f18=0x44058000
     283755.000 ns	     28374	80005ee4	a0e100d3	fle.s	x1,f2,f14	  f2:0x66e1d000 f14:0x7fc00000  x1=0x00000000
     283775.000 ns	     28376	80005ee8	00000013	addi	x0,x0,0	  x0:0x00000000
     283795.000 ns	     28378	80005eec	d0177253	fcvt.s.wu	f4,x14	 x14:0xffffffff  f4=0x4f7fffff
     283825.000 ns	     28381	80005ef0	d00e77d3	fcvt.s.w	f15,x28	 x28:0x00000010 f15=0x41800000
     283845.000 ns	     28383	80005ef4	f910a693	slti	x13,x1,-111	  x1:0x00000000 x13=0x00000000
     283865.000 ns	     28385	80005ef8	a01aa953	feq.s	x18,f21,f1	 f21:0xcf8003d4  f1:0x4f8003d4 x18=0x00000000
     283895.000 ns	     28388	80005efc	202c2ad3	fsgnjx.s	f21,f24,f2	 f24:0x00000000  f2:0x66e1d000 f21=0x00000000
     284265.000 ns	     28425	80005f00	03f35ab3	divu	x21,x6,x31	  x6:0xfffffffc x31:0x9f385000 x21=0x00000001
     284285.000 ns	     28427	80005f04	01089f93	slli	x31,x17,0x10	 x17:0x80040fe4 x31=0x0fe40000
     284295.000 ns	     28428	80005f08	41cd8233	sub	x4,x27,x28	 x27:0x00000002 x28:0x00000010  x4=0xfffffff2
     284305.000 ns	     28429	80005f0c	419bd393	srai	x7,x23,0x19	 x23:0x00000001  x7=0x00000000
     284315.000 ns	     28430	80005f10	00da2c33	slt	x24,x20,x13	 x20:0x00000000 x13:0x00000000 x24=0x00000000
     284325.000 ns	     28431	80005f14	dfe14193	xori	x3,x2,-514	  x2:0x3a7e3d50  x3=0xc581c0ae
     284335.000 ns	     28432	80005f18	01b0e033	or	x0,x1,x27	  x1:0x00000000 x27:0x00000002
     284375.000 ns	     28436	80005f1c	09057cd3	fsub.s	f25,f10,f16	 f10:0x7fc00000 f16:0x98000000 f25=0x7fc00000
     284405.000 ns	     28439	80005f20	a03c8553	fle.s	x10,f25,f3	 f25:0x00000001  f3:0x46b50a40 x10=0x00000000
     284435.000 ns	     28442	80005f24	291a0ad3	fmin.s	f21,f20,f17	 f20:0xfffffa00 f17:0xbf800000 f21=0xbf800000
     284455.000 ns	     28444	80005f28	c50ee193	ori	x3,x29,-944	 x29:0x00000000  x3=0xfffffc50
     284485.000 ns	     28447	80005f2c	10f631d3	fmul.s	f3,f12,f15	 f12:0x80000000 f15:0x41800000  f3=0x80000000
     284525.000 ns	     28451	80005f30	580c9953	fsqrt.s	f18,f25	 f25:0x7fc00000 f18=0x7fc00000
     284545.000 ns	     28453	80005f34	0049ad33	slt	x26,x19,x4	 x19:0x1710d712  x4:0xfffffff2 x26=0x00000000
     284575.000 ns	     28456	80005f38	5804b253	fsqrt.s	f4,f9	  f9:0xbf800000  f4=0x7fc00000
     284605.000 ns	     28459	80005f3c	03233c33	mulhu	x24,x6,x18	  x6:0xfffffffc x18:0x00000000 x24=0x00000000
     284645.000 ns	     28463	80005f40	11643cd3	fmul.s	f25,f8,f22	  f8:0x3f800000 f22:0x00000000 f25=0x00000000
     284665.000 ns	     28465	80005f44	54e5e493	ori	x9,x11,1358	 x11:0x80041024  x9=0x8004156e
     285025.000 ns	     28501	80005f48	0293f6b3	remu	x13,x7,x9	  x7:0x00000000  x9:0x00000000 x13=0x00000000
     285055.000 ns	     28504	80005f4c	e00091d3	fclass.s	x3,f1	  f1:0x4f8003d4  x3=0x00000040
     285085.000 ns	     28507	80005f50	031b2033	mulhsu	x0,x22,x17	 x22:0x00000000 x17:0x80040fe4
     285105.000 ns	     28509	80005f54	005a2e33	slt	x28,x20,x5	 x20:0x00000000  x5:0x00000216 x28=0x00000001
     285125.000 ns	     28511	80005f58	f00c88d3	fmv.w.x	f17,x25	 x25:0x80df3000 f17=0x80df3000
     285155.000 ns	     28514	80005f5c	023f34b3	mulhu	x9,x30,x3	 x30:0x00000000  x3:0x00000040  x9=0x00000000
     285185.000 ns	     28517	80005f60	02f61b33	mulh	x22,x12,x15	 x12:0x00000000 x15:0x00000000 x22=0x00000000
     285215.000 ns	     28520	80005f64	203b1d53	fsgnjn.s	f26,f22,f3	 f22:0x00000000  f3:0x80000000 f26=0x00000000
     285235.000 ns	     28522	80005f68	52fa5217	auipc	x4,0x52fa5	  x4=0xd2faaf68
     285255.000 ns	     28524	80005f6c	28359a53	fmax.s	f20,f11,f3	 f11:0x66e1d000  f3:0x80000000 f20=0x66e1d000
     285275.000 ns	     28526	80005f70	076c0097	auipc	x1,0x76c0	  x1=0x876c5f70
     285285.000 ns	     28527	80005f74	0045e3b3	or	x7,x11,x4	 x11:0x80041024  x4:0xd2faaf68  x7=0xd2febf6c
     285295.000 ns	     28528	80005f78	db2c0093	addi	x1,x24,-590	 x24:0x00000000  x1=0xfffffdb2
     285655.000 ns	     28564	80005f7c	0395f533	remu	x10,x11,x25	 x11:0x80041024 x25:0x80df3000 x10=0x80041024
     285705.000 ns	     28569	80005f80	00a80753	fadd.s	f14,f16,f10	 f16:0x98000000 f10:0x7fc00000 f14=0x7fc00000
     285735.000 ns	     28572	80005f84	f0050bd3	fmv.w.x	f23,x10	 x10:0x80041024 f23=0x80041024
     285755.000 ns	     28574	80005f88	01faafb3	slt	x31,x21,x31	 x21:0x00000001 x31:0x0fe40000 x31=0x00000001
     285765.000 ns	     28575	80005f8c	0b0a3813	sltiu	x16,x20,176	 x20:0x00000000 x16=0x00000001
     285775.000 ns	     28576	80005f90	01785013	srli	x0,x16,0x17	 x16:0x00000000
     285785.000 ns	     28577	80005f94	01ea5333	srl	x6,x20,x30	 x20:0x00000000 x30:0x00000000  x6=0x00000000
     285815.000 ns	     28580	80005f98	10d0cfd3	fmul.s	f31,f1,f13	  f1:0x4f8003d4 f13:0x4f000410 f31=0x5f0007e4
     285845.000 ns	     28583	80005f9c	21899ed3	fsgnjn.s	f29,f19,f24	 f19:0x4f000410 f24:0x00000000 f29=0xcf000410
     285865.000 ns	     28585	80005fa0	016c8c33	add	x24,x25,x22	 x25:0x80df3000 x22:0x00000000 x24=0x80df3000
     285885.000 ns	     28587	80005fa4	020ae2b3	rem	x5,x21,x0	 x21:0x00000001  x0:0x00000000  x5=0x00000001
     285915.000 ns	     28590	80005fa8	e0041a53	fclass.s	x20,f8	  f8:0x3f800000 x20=0x00000040
     285935.000 ns	     28592	80005fac	010be033	or	x0,x23,x16	 x23:0x00000001 x16:0x00000001
     285955.000 ns	     28594	80005fb0	f00f0b53	fmv.w.x	f22,x30	 x30:0x00000000 f22=0x00000000
     285985.000 ns	     28597	80005fb4	c00e7453	fcvt.w.s	x8,f28	 f28:0xbf800000  x8=0x00000001
     286015.000 ns	     28600	80005fb8	0354b533	mulhu	x10,x9,x21	  x9:0x00000000 x21:0x00000001 x10=0x00000000
     286045.000 ns	     28603	80005fbc	030f2bb3	mulhsu	x23,x30,x16	 x30:0x00000000 x16:0x00000001 x23=0x00000000
     286065.000 ns	     28605	80005fc0	20467297	auipc	x5,0x20467	  x5=0xa046cfc0
     286095.000 ns	     28608	80005fc4	58071e53	fsqrt.s	f28,f14	 f14:0x7fc00000 f28=0x7fc00000
     286125.000 ns	     28611	80005fc8	e00316d3	fclass.s	x13,f6	  f6:0x00000000 x13=0x00000010
     286155.000 ns	     28614	80005fcc	024122b3	mulhsu	x5,x2,x4	  x2:0x3a7e3d50  x4:0xd2faaf68  x5=0x3034d5a7
     286175.000 ns	     28616	80005fd0	0144d113	srli	x2,x9,0x14	  x9:0x00000000  x2=0x00000000
     286185.000 ns	     28617	80005fd4	0101cfb3	xor	x31,x3,x16	  x3:0x00000040 x16:0x00000001 x31=0x00000041
     286195.000 ns	     28618	80005fd8	011dfbb3	and	x23,x27,x17	 x27:0x00000002 x17:0x80040fe4 x23=0x00000000
     286205.000 ns	     28619	80005fdc	01cf9d33	sll	x26,x31,x28	 x31:0x00000001 x28:0x00000001 x26=0x00000082
     286215.000 ns	     28620	80005fe0	41615193	srai	x3,x2,0x16	  x2:0x00000000  x3=0x00000000
     286235.000 ns	     28622	80005fe4	21af2cd3	fsgnjx.s	f25,f30,f26	 f30:0x6761d000 f26:0x00000000 f25=0x6761d000
     286265.000 ns	     28625	80005fe8	28c80cd3	fmin.s	f25,f16,f12	 f16:0x98000000 f12:0x80000000 f25=0x98000000
     286305.000 ns	     28629	80005fec	1079c7d3	fmul.s	f15,f19,f7	 f19:0x4f000410  f7:0xbf800000 f15=0xcf000410
     286325.000 ns	     28631	80005ff0	3d71b193	sltiu	x3,x3,983	  x3:0x00000000  x3=0x00000001
     286335.000 ns	     28632	80005ff4	41e4d1b3	sra	x3,x9,x30	  x9:0x00000000 x30:0x00000000  x3=0x00000000
     286355.000 ns	     28634	80005ff8	02289db3	mulh	x27,x17,x2	 x17:0x80040fe4  x2:0x00000000 x27=0x00000000
     286385.000 ns	     28637	80005ffc	e00207d3	fmv.x.w	x15,f4	  f4:0x7fc00000 x15=0x7fc00000
     286435.000 ns	     28642	80006000	085476d3	fsub.s	f13,f8,f5	  f8:0x3f800000  f5:0x7fc00000 f13=0x7fc00000
     286455.000 ns	     28644	80006004	37c43293	sltiu	x5,x8,892	  x8:0x00000001  x5=0x00000001
     286465.000 ns	     28645	80006008	016a66b3	or	x13,x20,x22	 x20:0x00000040 x22:0x00000000 x13=0x00000040
     286475.000 ns	     28646	8000600c	40740233	sub	x4,x8,x7	  x8:0x00000001  x7:0xd2febf6c  x4=0x2d014095
     286495.000 ns	     28648	80006010	29a48953	fmin.s	f18,f9,f26	  f9:0xbf800000 f26:0x00000000 f18=0xbf800000
     286515.000 ns	     28650	80006014	00a08bb3	add	x23,x1,x10	  x1:0xfffffdb2 x10:0x00000000 x23=0xfffffdb2
     286535.000 ns	     28652	80006018	e00c9553	fclass.s	x10,f25	 f25:0x98000000 x10=0x00000002
     286565.000 ns	     28655	8000601c	a0b2a253	feq.s	x4,f5,f11	  f5:0x7fc00000 f11:0x66e1d000  x4=0x00000000
     286585.000 ns	     28657	80006020	fdff4613	xori	x12,x30,-33	 x30:0x00000000 x12=0xffffffdf
     286605.000 ns	     28659	80006024	203a2bd3	fsgnjx.s	f23,f20,f3	 f20:0x66e1d000  f3:0x80000000 f23=0xe6e1d000
     286625.000 ns	     28661	80006028	4c3a7b93	andi	x23,x20,1219	 x20:0x00000040 x23=0x00000040
     286665.000 ns	     28665	8000602c	015ef053	fadd.s	f0,f29,f21	 f29:0xcf000410 f21:0xbf800000  f0=0xcf000410
     286695.000 ns	     28668	80006030	e00d87d3	fmv.x.w	x15,f27	 f27:0xe761d000 x15=0xe761d000
     286725.000 ns	     28671	80006034	d00d7853	fcvt.s.w	f16,x26	 x26:0x00000082 f16=0x43020000
     286755.000 ns	     28674	80006038	29a90953	fmin.s	f18,f18,f26	 f18:0xbf800000 f26:0x00000000 f18=0xbf800000
     286785.000 ns	     28677	8000603c	f0028753	fmv.w.x	f14,x5	  x5:0x00000001 f14=0x00000001
     286805.000 ns	     28679	80006040	003f8233	add	x4,x31,x3	 x31:0x00000041  x3:0x00000000  x4=0x00000041
     286835.000 ns	     28682	80006044	116b28d3	fmul.s	f17,f22,f22	 f22:0x00000000 f22:0x00000000 f17=0x00000000
     286855.000 ns	     28684	80006048	46a14293	xori	x5,x2,1130	  x2:0x00000000  x5=0x0000046a
     286865.000 ns	     28685	8000604c	872dc113	xori	x2,x27,-1934	 x27:0x00000000  x2=0xfffff872
     286875.000 ns	     28686	80006050	dded2d17	auipc	x26,0xdded2	 x26=0x5ded8050
     286895.000 ns	     28688	80006054	0367dab3	divu	x21,x15,x22	 x15:0xe761d000 x22:0x00000000 x21=0xffffffff
     286915.000 ns	     28690	80006058	9e5ca393	slti	x7,x25,-1563	 x25:0x80df3000  x7=0x00000001
     286925.000 ns	     28691	8000605c	da719b17	auipc	x22,0xda719	 x22=0x5a71f05c
     286965.000 ns	     28695	80006060	085975d3	fsub.s	f11,f18,f5	 f18:0xbf800000  f5:0x7fc00000 f11=0x7fc00000
     286995.000 ns	     28698	80006064	298b9d53	fmax.s	f26,f23,f24	 f23:0xe6e1d000 f24:0x00000000 f26=0x00000000
     287035.000 ns	     28702	80006068	19a6f8d3	fdiv.s	f17,f13,f26	 f13:0x7fc00000 f26:0x00000000 f17=0x7fc00000
     287065.000 ns	     28705	8000606c	20d187d3	fsgnj.s	f15,f3,f13	  f3:0x80000000 f13:0x7fc00000 f15=0x00000000
     287095.000 ns	     28708	80006070	d0054053	fcvt.s.w	f0,x10	 x10:0x00000002  f0=0x40000000
     287115.000 ns	     28710	80006074	7f9ea793	slti	x15,x29,2041	 x29:0x00000000 x15=0x00000001
     287125.000 ns	     28711	80006078	017f5d33	srl	x26,x30,x23	 x30:0x00000000 x23:0x00000040 x26=0x00000000
     287145.000 ns	     28713	8000607c	a0bd2f53	feq.s	x30,f26,f11	 f26:0x00000000 f11:0x7fc00000 x30=0x00000000
     287185.000 ns	     28717	80006080	11427953	fmul.s	f18,f4,f20	  f4:0x7fc00000 f20:0x66e1d000 f18=0x7fc00000
     287205.000 ns	     28719	80006084	002c1133	sll	x2,x24,x2	 x24:0x80df3000  x2:0xfffff872  x2=0xc0000000
     287225.000 ns	     28721	80006088	02103ab3	mulhu	x21,x0,x1	  x0:0x00000000  x1:0xfffffdb2 x21=0x00000000
     287255.000 ns	     28724	8000608c	f0030953	fmv.w.x	f18,x6	  x6:0x00000000 f18=0x00000000
     287285.000 ns	     28727	80006090	e00593d3	fclass.s	x7,f11	 f11:0x7fc00000  x7=0x00000200
     287655.000 ns	     28764	80006094	03ff7733	remu	x14,x30,x31	 x30:0x00000000 x31:0x00000041 x14=0x00000000
     287675.000 ns	     28766	80006098	000f3633	sltu	x12,x30,x0	 x30:0x00000000  x0:0x00000000 x12=0x00000000
     287685.000 ns	     28767	8000609c	0072b1b3	sltu	x3,x5,x7	  x5:0x0000046a  x7:0x00000200  x3=0x00000000
     288045.000 ns	     28803	800060a0	02fd6eb3	rem	x29,x26,x15	 x26:0x00000000 x15:0x00000001 x29=0x00000000
     288075.000 ns	     28806	800060a4	e00e11d3	fclass.s	x3,f28	 f28:0x7fc00000  x3=0x00000200
     288105.000 ns	     28809	800060a8	21eca453	fsgnjx.s	f8,f25,f30	 f25:0x98000000 f30:0x6761d000  f8=0x98000000
     288135.000 ns	     28812	800060ac	031b1833	mulh	x16,x22,x17	 x22:0x5a71f05c x17:0x80040fe4 x16=0xd2c87736
     288165.000 ns	     28815	800060b0	02ca3db3	mulhu	x27,x20,x12	 x20:0x00000040 x12:0x00000000 x27=0x00000000
     288215.000 ns	     28820	800060b4	094f0bd3	fsub.s	f23,f30,f20	 f30:0x6761d000 f20:0x66e1d000 f23=0x66e1d000
     288245.000 ns	     28823	800060b8	d01bcbd3	fcvt.s.wu	f23,x23	 x23:0x00000040 f23=0x42800000
     288275.000 ns	     28826	800060bc	21e41dd3	fsgnjn.s	f27,f8,f30	  f8:0x98000000 f30:0x6761d000 f27=0x98000000
     288645.000 ns	     28863	800060c0	0399ebb3	rem	x23,x19,x25	 x19:0x1710d712 x25:0x80df3000 x23=0x1710d712
     288675.000 ns	     28866	800060c4	022a8db3	mul	x27,x21,x2	 x21:0x00000000  x2:0xc0000000 x27=0x00000000
     288705.000 ns	     28869	800060c8	d00b82d3	fcvt.s.w	f5,x23	 x23:0x1710d712  f5=0x4db886b8
     288755.000 ns	     28874	800060cc	09d69553	fsub.s	f10,f13,f29	 f13:0x7fc00000 f29:0xcf000410 f10=0x7fc00000
     288785.000 ns	     28877	800060d0	2052a8d3	fsgnjx.s	f17,f5,f5	  f5:0x4db886b8  f5:0x4db886b8 f17=0x4db886b8
     288835.000 ns	     28882	800060d4	00f0f5d3	fadd.s	f11,f1,f15	  f1:0x4f8003d4 f15:0x00000000 f11=0x4f8003d4
     288855.000 ns	     28884	800060d8	c905c313	xori	x6,x11,-880	 x11:0x80041024  x6=0x7ffbecb4
     289215.000 ns	     28920	800060dc	033ac4b3	div	x9,x21,x19	 x21:0x00000000 x19:0x1710d712  x9=0x00000000
     289235.000 ns	     28922	800060e0	01725c93	srli	x25,x4,0x17	  x4:0x00000041 x25=0x00000000
     289245.000 ns	     28923	800060e4	00e6a3b3	slt	x7,x13,x14	 x13:0x00000040 x14:0x00000000  x7=0x00000000
     289265.000 ns	     28925	800060e8	d0094853	fcvt.s.w	f16,x18	 x18:0x00000000 f16=0x00000000
     289295.000 ns	     28928	800060ec	02eb9c33	mulh	x24,x23,x14	 x23:0x1710d712 x14:0x00000000 x24=0x00000000
     289325.000 ns	     28931	800060f0	d016bc53	fcvt.s.wu	f24,x13	 x13:0x00000040 f24=0x42800000
     289345.000 ns	     28933	800060f4	f915b113	sltiu	x2,x11,-111	 x11:0x80041024  x2=0x00000001
     289355.000 ns	     28934	800060f8	0a926c93	ori	x25,x4,169	  x4:0x00000041 x25=0x000000e9
     289365.000 ns	     28935	800060fc	013f77b3	and	x15,x30,x19	 x30:0x00000000 x19:0x1710d712 x15=0x00000000
     289375.000 ns	     28936	80006100	8c5be393	ori	x7,x23,-1851	 x23:0x1710d712  x7=0xffffffd7
     289385.000 ns	     28937	80006104	00000013	addi	x0,x0,0	  x0:0x00000000
     289425.000 ns	     28941	80006108	00b1f6d3	fadd.s	f13,f3,f11	  f3:0x80000000 f11:0x4f8003d4 f13=0x4f8003d4
     289455.000 ns	     28944	8000610c	02027cb3	remu	x25,x4,x0	  x4:0x00000041  x0:0x00000000 x25=0x00000041
     289505.000 ns	     28949	80006110	09b37053	fsub.s	f0,f6,f27	  f6:0x00000000 f27:0x98000000  f0=0x18000000
     289545.000 ns	     28953	80006114	5803b9d3	fsqrt.s	f19,f7	  f7:0xbf800000 f19=0x7fc00000
     289595.000 ns	     28958	80006118	08d6cfd3	fsub.s	f31,f13,f13	 f13:0x4f8003d4 f13:0x4f8003d4 f31=0x80000000
     289645.000 ns	     28963	8000611c	09ee3353	fsub.s	f6,f28,f30	 f28:0x7fc00000 f30:0x6761d000  f6=0x7fc00000
     289675.000 ns	     28966	80006120	217286d3	fsgnj.s	f13,f5,f23	  f5:0x4db886b8 f23:0x42800000 f13=0x4db886b8
     289695.000 ns	     28968	80006124	01ee9b13	slli	x22,x29,0x1e	 x29:0x00000000 x22=0x00000000
     290055.000 ns	     29004	80006128	0218c633	div	x12,x17,x1	 x17:0x80040fe4  x1:0xfffffdb2 x12=0x00378837
     290075.000 ns	     29006	8000612c	fc4ea693	slti	x13,x29,-60	 x29:0x00000000 x13=0x00000000
     290085.000 ns	     29007	80006130	01747333	and	x6,x8,x23	  x8:0x00000001 x23:0x1710d712  x6=0x00000000
     290095.000 ns	     29008	80006134	0011f933	and	x18,x3,x1	  x3:0x00000200  x1:0xfffffdb2 x18=0x00000000
     290115.000 ns	     29010	80006138	d01d9a53	fcvt.s.wu	f20,x27	 x27:0x00000000 f20=0x00000000
     290135.000 ns	     29012	8000613c	40ae0133	sub	x2,x28,x10	 x28:0x00000001 x10:0x00000002  x2=0xffffffff
     290155.000 ns	     29014	80006140	210b05d3	fsgnj.s	f11,f22,f16	 f22:0x00000000 f16:0x00000000 f11=0x00000000
     290175.000 ns	     29016	80006144	001c6333	or	x6,x24,x1	 x24:0x00000000  x1:0xfffffdb2  x6=0xfffffdb2
     290195.000 ns	     29018	80006148	a09a9353	flt.s	x6,f21,f9	 f21:0xbf800000  f9:0xbf800000  x6=0x00000000
     290245.000 ns	     29023	8000614c	0128bfd3	fadd.s	f31,f17,f18	 f17:0x4db886b8 f18:0x00000000 f31=0x4db886b8
     290615.000 ns	     29060	80006150	0215d033	divu	x0,x11,x1	 x11:0x80041024  x1:0xfffffdb2
     290645.000 ns	     29063	80006154	a1aeadd3	feq.s	x27,f29,f26	 f29:0xcf000410 f26:0x00000000 x27=0x00000000
     290675.000 ns	     29066	80006158	02f4e033	rem	x0,x9,x15	  x9:0x00000000 x15:0x00000000
     290695.000 ns	     29068	8000615c	759c0cb7	lui	x25,0x759c0	 x25=0x759c0000
     290715.000 ns	     29070	80006160	0205fd33	remu	x26,x11,x0	 x11:0x80041024  x0:0x00000000 x26=0x80041024
     290735.000 ns	     29072	80006164	01521113	slli	x2,x4,0x15	  x4:0x00000041  x2=0x08200000
     290755.000 ns	     29074	80006168	c00970d3	fcvt.w.s	x1,f18	 f18:0x00000000  x1=0x00000000
     290775.000 ns	     29076	8000616c	01c300b3	add	x1,x6,x28	  x6:0x00000000 x28:0x00000001  x1=0x00000001
     290795.000 ns	     29078	80006170	c0037353	fcvt.w.s	x6,f6	  f6:0x7fc00000  x6=0x7fffffff
     290825.000 ns	     29081	80006174	c0019953	fcvt.w.s	x18,f3	  f3:0x80000000 x18=0x00000000
     290845.000 ns	     29083	80006178	01c08933	add	x18,x1,x28	  x1:0x00000001 x28:0x00000001 x18=0x00000002
     290865.000 ns	     29085	8000617c	28e90153	fmin.s	f2,f18,f14	 f18:0x00000000 f14:0x00000001  f2=0x00000000
     290895.000 ns	     29088	80006180	c01b9b53	fcvt.wu.s	x22,f23	 f23:0x42800000 x22=0x00000040
     291265.000 ns	     29125	80006184	028b6cb3	rem	x25,x22,x8	 x22:0x00000000  x8:0x00000001 x25=0x00000000
     291295.000 ns	     29128	80006188	20601fd3	fsgnjn.s	f31,f0,f6	  f0:0x18000000  f6:0x7fc00000 f31=0x98000000
     291315.000 ns	     29130	8000618c	00000013	addi	x0,x0,0	  x0:0x00000000
     291335.000 ns	     29132	80006190	c0174ad3	fcvt.wu.s	x21,f14	 f14:0x00000001 x21=0x00000000
     291355.000 ns	     29134	80006194	44ed6493	ori	x9,x26,1102	 x26:0x80041024  x9=0x8004146e
     291375.000 ns	     29136	80006198	02bd81b3	mul	x3,x27,x11	 x27:0x00000000 x11:0x80041024  x3=0x00000000
     291395.000 ns	     29138	8000619c	5113ac13	slti	x24,x7,1297	  x7:0xffffffd7 x24=0x00000001
     291415.000 ns	     29140	800061a0	02508f33	mul	x30,x1,x5	  x1:0x00000001  x5:0x0000046a x30=0x0000046a
     291435.000 ns	     29142	800061a4	6625a013	slti	x0,x11,1634	 x11:0x80041024
     291455.000 ns	     29144	800061a8	02a2b633	mulhu	x12,x5,x10	  x5:0x0000046a x10:0x00000002 x12=0x00000000
     291485.000 ns	     29147	800061ac	03cb8eb3	mul	x29,x23,x28	 x23:0x1710d712 x28:0x00000001 x29=0x1710d712
     291505.000 ns	     29149	800061b0	406b8bb3	sub	x23,x23,x6	 x23:0x1710d712  x6:0x7fffffff x23=0x9710d713
     291515.000 ns	     29150	800061b4	a5d87b13	andi	x22,x16,-1443	 x16:0xd2c87736 x22=0xd2c87214
     291535.000 ns	     29152	800061b8	d008f0d3	fcvt.s.w	f1,x17	 x17:0x80040fe4  f1=0xcefff7e0
     291555.000 ns	     29154	800061bc	afc38717	auipc	x14,0xafc38	 x14=0x2fc3e1bc
     291575.000 ns	     29156	800061c0	037092b3	mulh	x5,x1,x23	  x1:0x00000001 x23:0x9710d713  x5=0xffffffff
     291595.000 ns	     29158	800061c4	00c5edb3	or	x27,x11,x12	 x11:0x80041024 x12:0x00000000 x27=0x80041024
     291615.000 ns	     29160	800061c8	21859253	fsgnjn.s	f4,f11,f24	 f11:0x00000000 f24:0x42800000  f4=0x80000000
     291635.000 ns	     29162	800061cc	00c00133	add	x2,x0,x12	  x0:0x00000000 x12:0x00000000  x2=0x00000000
     291655.000 ns	     29164	800061d0	a0f08553	fle.s	x10,f1,f15	  f1:0xcefff7e0 f15:0x00000000 x10=0x00000001
     291685.000 ns	     29167	800061d4	020b7033	remu	x0,x22,x0	 x22:0xd2c87214  x0:0x00000000
     291715.000 ns	     29170	800061d8	a0ccaed3	feq.s	x29,f25,f12	 f25:0x98000000 f12:0x80000000 x29=0x00000000
     291735.000 ns	     29172	800061dc	56426613	ori	x12,x4,1380	  x4:0x00000041 x12=0x00000565
     291745.000 ns	     29173	800061e0	75944213	xori	x4,x8,1881	  x8:0x00000001  x4=0x00000758
     291755.000 ns	     29174	800061e4	004450b3	srl	x1,x8,x4	  x8:0x00000001  x4:0x00000041  x1=0x00000000
     291765.000 ns	     29175	800061e8	c5768513	addi	x10,x13,-937	 x13:0x00000000 x10=0xfffffc57
     291785.000 ns	     29177	800061ec	20e59dd3	fsgnjn.s	f27,f11,f14	 f11:0x00000000 f14:0x00000001 f27=0x80000000
     291815.000 ns	     29180	800061f0	021e7533	remu	x10,x28,x1	 x28:0x00000001  x1:0x00000000 x10=0x00000001
     291835.000 ns	     29182	800061f4	01bb51b3	srl	x3,x22,x27	 x22:0xd2c87214 x27:0x80041024  x3=0x0d2c8721
     291845.000 ns	     29183	800061f8	9e57b113	sltiu	x2,x15,-1563	 x15:0x00000000  x2=0x00000001
     291865.000 ns	     29185	800061fc	e0009853	fclass.s	x16,f1	  f1:0xcefff7e0 x16=0x00000002
     291895.000 ns	     29188	80006200	c007fed3	fcvt.w.s	x29,f15	 f15:0x00000000 x29=0x00000000
     291925.000 ns	     29191	80006204	03d6c3b3	div	x7,x13,x29	 x13:0x00000000 x29:0x00000000  x7=0xffffffff
     291945.000 ns	     29193	80006208	e1263113	sltiu	x2,x12,-494	 x12:0x00000565  x2=0x00000001
     292305.000 ns	     29229	8000620c	036751b3	divu	x3,x14,x22	 x14:0x2fc3e1bc x22:0xd2c87214  x3=0x00000000
     292325.000 ns	     29231	80006210	d3ff7a13	andi	x20,x30,-705	 x30:0x0000046a x20=0x0000042a
     292345.000 ns	     29233	80006214	d01771d3	fcvt.s.wu	f3,x14	 x14:0x2fc3e1bc  f3=0x4e3f0f86
     292375.000 ns	     29236	80006218	c00cabd3	fcvt.w.s	x23,f25	 f25:0x98000000 x23=0x00000000
     292405.000 ns	     29239	8000621c	287607d3	fmin.s	f15,f12,f7	 f12:0x80000000  f7:0xbf800000 f15=0xbf800000
     292425.000 ns	     29241	80006220	41e28d33	sub	x26,x5,x30	  x5:0xffffffff x30:0x0000046a x26=0xfffffb95
     292445.000 ns	     29243	80006224	a0d29053	flt.s	x0,f5,f13	  f5:0x4db886b8 f13:0x4db886b8
     292785.000 ns	     29277	80006228	185041d3	fdiv.s	f3,f0,f5	  f0:0x18000000  f5:0x4db886b8  f3=0x09800000
     292825.000 ns	     29281	8000622c	1023f953	fmul.s	f18,f7,f2	  f7:0xbf800000  f2:0x00000000 f18=0x80000000
     292855.000 ns	     29284	80006230	d004f153	fcvt.s.w	f2,x9	  x9:0x8004146e  f2=0xcefff7d7
     292875.000 ns	     29286	80006234	01e59ab3	sll	x21,x11,x30	 x11:0x80041024 x30:0x0000046a x21=0x10409000
     292895.000 ns	     29288	80006238	21668b53	fsgnj.s	f22,f13,f22	 f13:0x4db886b8 f22:0x00000000 f22=0x4db886b8
     292925.000 ns	     29291	8000623c	e00700d3	fmv.x.w	x1,f14	 f14:0x00000001  x1=0x00000001
     293295.000 ns	     29328	80006240	0332d1b3	divu	x3,x5,x19	  x5:0xffffffff x19:0x1710d712  x3=0x0000000b
     293315.000 ns	     29330	80006244	cfe2f517	auipc	x10,0xcfe2f	 x10=0x4fe35244
     293335.000 ns	     29332	80006248	028e2bb3	mulhsu	x23,x28,x8	 x28:0x00000001  x8:0x00000001 x23=0x00000000
     293355.000 ns	     29334	8000624c	00bfc1b3	xor	x3,x31,x11	 x31:0x00000041 x11:0x80041024  x3=0x80041065
     293365.000 ns	     29335	80006250	d9fb3e37	lui	x28,0xd9fb3	 x28=0xd9fb3000
     293375.000 ns	     29336	80006254	01e88033	add	x0,x17,x30	 x17:0x80040fe4 x30:0x0000046a
     293395.000 ns	     29338	80006258	027f13b3	mulh	x7,x30,x7	 x30:0x0000046a  x7:0xffffffff  x7=0xffffffff
     293445.000 ns	     29343	8000625c	086c2fd3	fsub.s	f31,f24,f6	 f24:0x42800000  f6:0x7fc00000 f31=0x7fc00000
     293475.000 ns	     29346	80006260	02288633	mul	x12,x17,x2	 x17:0x80040fe4  x2:0x00000001 x12=0x80040fe4
     293495.000 ns	     29348	80006264	41645c33	sra	x24,x8,x22	  x8:0x00000001 x22:0xd2c87214 x24=0x00000000
     293515.000 ns	     29350	80006268	a10a9ad3	flt.s	x21,f21,f16	 f21:0xbf800000 f16:0x00000000 x21=0x00000001
     293545.000 ns	     29353	8000626c	d005f253	fcvt.s.w	f4,x11	 x11:0x80041024  f4=0xcefff7df
     293575.000 ns	     29356	80006270	a03a23d3	feq.s	x7,f20,f3	 f20:0x00000000  f3:0x09800000  x7=0x00000000
     293595.000 ns	     29358	80006274	24f54d17	auipc	x26,0x24f54	 x26=0xa4f5a274
     293605.000 ns	     29359	80006278	00759713	slli	x14,x11,0x7	 x11:0x80041024 x14=0x02081200
     293625.000 ns	     29361	8000627c	026eafb3	mulhsu	x31,x29,x6	 x29:0x00000000  x6:0x7fffffff x31=0x00000000
     293655.000 ns	     29364	80006280	025a2033	mulhsu	x0,x20,x5	 x20:0x0000042a  x5:0xffffffff
     293705.000 ns	     29369	80006284	093296d3	fsub.s	f13,f5,f19	  f5:0x4db886b8 f19:0x7fc00000 f13=0x7fc00000
     293725.000 ns	     29371	80006288	00000013	addi	x0,x0,0	  x0:0x00000000
     293735.000 ns	     29372	8000628c	283a0413	addi	x8,x20,643	 x20:0x0000042a  x8=0x000006ad
     293745.000 ns	     29373	80006290	005f83b3	add	x7,x31,x5	 x31:0x00000000  x5:0xffffffff  x7=0xffffffff
     293785.000 ns	     29377	80006294	09d287d3	fsub.s	f15,f5,f29	  f5:0x4db886b8 f29:0xcf000410 f15=0x4f1714e7
     293805.000 ns	     29379	80006298	406ed693	srai	x13,x29,0x6	 x29:0x00000000 x13=0x00000000
     293835.000 ns	     29382	8000629c	58087953	fsqrt.s	f18,f16	 f16:0x00000000 f18=0x00000000
     293865.000 ns	     29385	800062a0	d00e38d3	fcvt.s.w	f17,x28	 x28:0xd9fb3000 f17=0xce181340
     293895.000 ns	     29388	800062a4	a16f2653	feq.s	x12,f30,f22	 f30:0x6761d000 f22:0x4db886b8 x12=0x00000000
     293925.000 ns	     29391	800062a8	200a23d3	fsgnjx.s	f7,f20,f0	 f20:0x00000000  f0:0x18000000  f7=0x00000000
     293945.000 ns	     29393	800062ac	010d5613	srli	x12,x26,0x10	 x26:0xa4f5a274 x12=0x0000a4f5
     293965.000 ns	     29395	800062b0	a0a114d3	flt.s	x9,f2,f10	  f2:0xcefff7d7 f10:0x7fc00000  x9=0x00000000
     293985.000 ns	     29397	800062b4	ea912113	slti	x2,x2,-343	  x2:0x00000001  x2=0x00000000
     294345.000 ns	     29433	800062b8	02cf5d33	divu	x26,x30,x12	 x30:0x0000046a x12:0x0000a4f5 x26=0x00000000
     294365.000 ns	     29435	800062bc	b4a66413	ori	x8,x12,-1206	 x12:0x0000a4f5  x8=0xffffffff
     294375.000 ns	     29436	800062c0	00348d33	add	x26,x9,x3	  x9:0x00000000  x3:0x80041065 x26=0x80041065
     294395.000 ns	     29438	800062c4	0313af33	mulhsu	x30,x7,x17	  x7:0xffffffff x17:0x80040fe4 x30=0xffffffff
     294435.000 ns	     29442	800062c8	580af153	fsqrt.s	f2,f21	 f21:0xbf800000  f2=0x7fc00000
     294455.000 ns	     29444	800062cc	5a792793	slti	x15,x18,1447	 x18:0x00000002 x15=0x00000001
     294815.000 ns	     29480	800062d0	033fe2b3	rem	x5,x31,x19	 x31:0x00000000 x19:0x1710d712  x5=0x00000000
     294855.000 ns	     29484	800062d4	10a34ad3	fmul.s	f21,f6,f10	  f6:0x7fc00000 f10:0x7fc00000 f21=0x7fc00000
     294885.000 ns	     29487	800062d8	0238bc33	mulhu	x24,x17,x3	 x17:0x80040fe4  x3:0x80041065 x24=0x40041035
     294905.000 ns	     29489	800062dc	0070c7b3	xor	x15,x1,x7	  x1:0x00000001  x7:0xffffffff x15=0xfffffffe
     294915.000 ns	     29490	800062e0	9e572793	slti	x15,x14,-1563	 x14:0x02081200 x15=0x00000000
     294935.000 ns	     29492	800062e4	d00f71d3	fcvt.s.w	f3,x30	 x30:0xffffffff  f3=0xbf800000
     294965.000 ns	     29495	800062e8	a0b19853	flt.s	x16,f3,f11	  f3:0x09800000 f11:0x00000000 x16=0x00000001
     294995.000 ns	     29498	800062ec	0297f3b3	remu	x7,x15,x9	 x15:0x00000000  x9:0x00000000  x7=0x00000000
     295035.000 ns	     29502	800062f0	19267bd3	fdiv.s	f23,f12,f18	 f12:0x80000000 f18:0x00000000 f23=0x7fc00000
     295065.000 ns	     29505	800062f4	e0000cd3	fmv.x.w	x25,f0	  f0:0x18000000 x25=0x18000000
     295435.000 ns	     29542	800062f8	035f5733	divu	x14,x30,x21	 x30:0xffffffff x21:0x00000001 x14=0xffffffff
     295465.000 ns	     29545	800062fc	035ab6b3	mulhu	x13,x21,x21	 x21:0x00000001 x21:0x00000001 x13=0x00000000
     295495.000 ns	     29548	80006300	d0177053	fcvt.s.wu	f0,x14	 x14:0xffffffff  f0=0x4f7fffff
     295525.000 ns	     29551	80006304	020df233	remu	x4,x27,x0	 x27:0x80041024  x0:0x00000000  x4=0x80041024
     295555.000 ns	     29554	80006308	036f9b33	mulh	x22,x31,x22	 x31:0x00000000 x22:0xd2c87214 x22=0x00000000
     295605.000 ns	     29559	8000630c	09a132d3	fsub.s	f5,f2,f26	  f2:0x7fc00000 f26:0x00000000  f5=0x7fc00000
     295635.000 ns	     29562	80006310	a0f61ed3	flt.s	x29,f12,f15	 f12:0x80000000 f15:0x4f1714e7 x29=0x00000001
     295665.000 ns	     29565	80006314	f00502d3	fmv.w.x	f5,x10	 x10:0x4fe35244  f5=0x4fe35244
     295685.000 ns	     29567	80006318	68c03393	sltiu	x7,x0,1676	  x0:0x00000000  x7=0x00000001
     295705.000 ns	     29569	8000631c	e00517d3	fclass.s	x15,f10	 f10:0x7fc00000 x15=0x00000200
     296075.000 ns	     29606	80006320	02f16233	rem	x4,x2,x15	  x2:0x00000000 x15:0x00000000  x4=0x00000000
     296095.000 ns	     29608	80006324	00fe9933	sll	x18,x29,x15	 x29:0x00000001 x15:0x00000200 x18=0x00000001
     296115.000 ns	     29610	80006328	28a30b53	fmin.s	f22,f6,f10	  f6:0x7fc00000 f10:0x7fc00000 f22=0x7fc00000
     296135.000 ns	     29612	8000632c	01577ab3	and	x21,x14,x21	 x14:0xffffffff x21:0x00000001 x21=0x00000001
     296145.000 ns	     29613	80006330	01e9e4b3	or	x9,x19,x30	 x19:0x1710d712 x30:0xffffffff  x9=0xffffffff
     296165.000 ns	     29615	80006334	a1c71ed3	flt.s	x29,f14,f28	 f14:0x00000001 f28:0x7fc00000 x29=0x00000000
     296185.000 ns	     29617	80006338	9ce4f917	auipc	x18,0x9ce4f	 x18=0x1ce55338
     296545.000 ns	     29653	8000633c	0270c0b3	div	x1,x1,x7	  x1:0x00000001  x7:0x00000001  x1=0x00000001
     296565.000 ns	     29655	80006340	406edc33	sra	x24,x29,x6	 x29:0x00000000  x6:0x7fffffff x24=0x00000000
     296575.000 ns	     29656	80006344	49d44b37	lui	x22,0x49d44	 x22=0x49d44000
     296585.000 ns	     29657	80006348	ae0a6193	ori	x3,x20,-1312	 x20:0x0000042a  x3=0xfffffeea
     296595.000 ns	     29658	8000634c	01a8fe33	and	x28,x17,x26	 x17:0x80040fe4 x26:0x80041065 x28=0x80040064
     296605.000 ns	     29659	80006350	01899233	sll	x4,x19,x24	 x19:0x1710d712 x24:0x00000000  x4=0x1710d712
     296615.000 ns	     29660	80006354	01951cb3	sll	x25,x10,x25	 x10:0x4fe35244 x25:0x18000000 x25=0x4fe35244
     296625.000 ns	     29661	80006358	6f6ccf13	xori	x30,x25,1782	 x25:0x18000000 x30=0x4fe354b2
     296635.000 ns	     29662	8000635c	40775e93	srai	x29,x14,0x7	 x14:0xffffffff x29=0xffffffff
     296995.000 ns	     29698	80006360	03954333	div	x6,x10,x25	 x10:0x4fe35244 x25:0x4fe35244  x6=0x00000001
     297025.000 ns	     29701	80006364	a1ca11d3	flt.s	x3,f20,f28	 f20:0x00000000 f28:0x7fc00000  x3=0x00000000
     297395.000 ns	     29738	80006368	026fdb33	divu	x22,x31,x6	 x31:0x00000000  x6:0x00000001 x22=0x00000000
     297765.000 ns	     29775	8000636c	0300f033	remu	x0,x1,x16	  x1:0x00000001 x16:0x00000001
     297795.000 ns	     29778	80006370	c01cfe53	fcvt.wu.s	x28,f25	 f25:0x98000000 x28=0x00000000
     297825.000 ns	     29781	80006374	e0070253	fmv.x.w	x4,f14	 f14:0x00000001  x4=0x00000001
     297865.000 ns	     29785	80006378	102178d3	fmul.s	f17,f2,f2	  f2:0x7fc00000  f2:0x7fc00000 f17=0x7fc00000
     297895.000 ns	     29788	8000637c	03874db3	div	x27,x14,x24	 x14:0xffffffff x24:0x00000000 x27=0xffffffff
     298265.000 ns	     29825	80006380	0341fc33	remu	x24,x3,x20	  x3:0x00000000 x20:0x0000042a x24=0x00000000
     298295.000 ns	     29828	80006384	02d330b3	mulhu	x1,x6,x13	  x6:0x00000001 x13:0x00000000  x1=0x00000000
     298335.000 ns	     29832	80006388	196efad3	fdiv.s	f21,f29,f22	 f29:0xcf000410 f22:0x7fc00000 f21=0x7fc00000
     298355.000 ns	     29834	8000638c	010871b3	and	x3,x16,x16	 x16:0x00000001 x16:0x00000001  x3=0x00000001
     298365.000 ns	     29835	80006390	0045c333	xor	x6,x11,x4	 x11:0x80041024  x4:0x00000001  x6=0x80041025
     298375.000 ns	     29836	80006394	9ba9f013	andi	x0,x19,-1606	 x19:0x1710d712
     298385.000 ns	     29837	80006398	00c53a33	sltu	x20,x10,x12	 x10:0x4fe35244 x12:0x0000a4f5 x20=0x00000000
     298395.000 ns	     29838	8000639c	016d06b3	add	x13,x26,x22	 x26:0x80041065 x22:0x00000000 x13=0x80041065
     298405.000 ns	     29839	800063a0	00997ab3	and	x21,x18,x9	 x18:0x1ce55338  x9:0xffffffff x21=0x1ce55338
     298425.000 ns	     29841	800063a4	d0002853	fcvt.s.w	f16,x0	  x0:0x00000000 f16=0x00000000
     298455.000 ns	     29844	800063a8	a01200d3	fle.s	x1,f4,f1	  f4:0xcefff7df  f1:0xcefff7e0  x1=0x00000000
     298485.000 ns	     29847	800063ac	e0060853	fmv.x.w	x16,f12	 f12:0x80000000 x16=0x80000000
     298505.000 ns	     29849	800063b0	5e80ac97	auipc	x25,0x5e80a	 x25=0xde8103b0
     298525.000 ns	     29851	800063b4	0259f7b3	remu	x15,x19,x5	 x19:0x1710d712  x5:0x00000000 x15=0x1710d712
     298555.000 ns	     29854	800063b8	211b8ad3	fsgnj.s	f21,f23,f17	 f23:0x7fc00000 f17:0x7fc00000 f21=0x7fc00000
     298605.000 ns	     29859	800063bc	0184c1d3	fadd.s	f3,f9,f24	  f9:0xbf800000 f24:0x42800000  f3=0x427c0000
     298635.000 ns	     29862	800063c0	292a85d3	fmin.s	f11,f21,f18	 f21:0x7fc00000 f18:0x00000000 f11=0x00000000
     298655.000 ns	     29864	800063c4	08422c93	slti	x25,x4,132	  x4:0x00000001 x25=0x00000001
     298665.000 ns	     29865	800063c8	89fbfd13	andi	x26,x23,-1889	 x23:0x00000000 x26=0x00000000
     298675.000 ns	     29866	800063cc	01fd8e33	add	x28,x27,x31	 x27:0xffffffff x31:0x00000000 x28=0xffffffff
     298695.000 ns	     29868	800063d0	29da91d3	fmax.s	f3,f21,f29	 f21:0x7fc00000 f29:0xcf000410  f3=0xcf000410
     299065.000 ns	     29905	800063d4	0395fc33	remu	x24,x11,x25	 x11:0x80041024 x25:0x00000001 x24=0x00000000
     299085.000 ns	     29907	800063d8	4034d2b3	sra	x5,x9,x3	  x9:0xffffffff  x3:0x00000001  x5=0xffffffff
     299105.000 ns	     29909	800063dc	020043b3	div	x7,x0,x0	  x0:0x00000000  x0:0x00000000  x7=0xffffffff
     299155.000 ns	     29914	800063e0	086cf0d3	fsub.s	f1,f25,f6	 f25:0x98000000  f6:0x7fc00000  f1=0x7fc00000
     299185.000 ns	     29917	800063e4	a0dc21d3	feq.s	x3,f24,f13	 f24:0x42800000 f13:0x7fc00000  x3=0x00000000
     299215.000 ns	     29920	800063e8	293102d3	fmin.s	f5,f2,f19	  f2:0x7fc00000 f19:0x7fc00000  f5=0x7fc00000
     299255.000 ns	     29924	800063ec	580a2053	fsqrt.s	f0,f20	 f20:0x00000000  f0=0x00000000
     299625.000 ns	     29961	800063f0	03d2dd33	divu	x26,x5,x29	  x5:0xffffffff x29:0xffffffff x26=0x00000001
     299645.000 ns	     29963	800063f4	01611f13	slli	x30,x2,0x16	  x2:0x00000000 x30=0x00000000
     299665.000 ns	     29965	800063f8	29d79cd3	fmax.s	f25,f15,f29	 f15:0x4f1714e7 f29:0xcf000410 f25=0x4f1714e7
     300035.000 ns	     30002	800063fc	02dc7d33	remu	x26,x24,x13	 x24:0x00000000 x13:0x80041065 x26=0x00000000
     300065.000 ns	     30005	80006400	02ad0033	mul	x0,x26,x10	 x26:0x00000001 x10:0x4fe35244
     300095.000 ns	     30008	80006404	215d9e53	fsgnjn.s	f28,f27,f21	 f27:0x80000000 f21:0x7fc00000 f28=0x80000000
     300135.000 ns	     30012	80006408	5804f553	fsqrt.s	f10,f9	  f9:0xbf800000 f10=0x7fc00000
     300155.000 ns	     30014	8000640c	1c4b8f13	addi	x30,x23,452	 x23:0x00000000 x30=0x000001c4
     300165.000 ns	     30015	80006410	011552b3	srl	x5,x10,x17	 x10:0x4fe35244 x17:0x80040fe4  x5=0x04fe3524
     300185.000 ns	     30017	80006414	d00ff253	fcvt.s.w	f4,x31	 x31:0x00000000  f4=0x00000000
     300205.000 ns	     30019	80006418	40bdda93	srai	x21,x27,0xb	 x27:0xffffffff x21=0xffffffff
     300225.000 ns	     30021	8000641c	03529733	mulh	x14,x5,x21	  x5:0x04fe3524 x21:0x1ce55338 x14=0xffffffff
     300255.000 ns	     30024	80006420	037a0cb3	mul	x25,x20,x23	 x20:0x00000000 x23:0x00000000 x25=0x00000000
     300305.000 ns	     30029	80006424	01927a53	fadd.s	f20,f4,f25	  f4:0x00000000 f25:0x4f1714e7 f20=0x4f1714e7
     300675.000 ns	     30066	80006428	028176b3	remu	x13,x2,x8	  x2:0x00000000  x8:0xffffffff x13=0x00000000
     300705.000 ns	     30069	8000642c	0361d833	divu	x16,x3,x22	  x3:0x00000000 x22:0x00000000 x16=0xffffffff
     300725.000 ns	     30071	80006430	00f09713	slli	x14,x1,0xf	  x1:0x00000000 x14=0x00000000
     300745.000 ns	     30073	80006434	a0e696d3	flt.s	x13,f13,f14	 f13:0x7fc00000 f14:0x00000001 x13=0x00000000
     301115.000 ns	     30110	80006438	02fc43b3	div	x7,x24,x15	 x24:0x00000000 x15:0x1710d712  x7=0x00000000
     301485.000 ns	     30147	8000643c	0316f1b3	remu	x3,x13,x17	 x13:0x00000000 x17:0x80040fe4  x3=0x00000000
     301515.000 ns	     30150	80006440	a12b1e53	flt.s	x28,f22,f18	 f22:0x7fc00000 f18:0x00000000 x28=0x00000000
     301535.000 ns	     30152	80006444	277bfa13	andi	x20,x23,631	 x23:0x00000000 x20=0x00000000
     301545.000 ns	     30153	80006448	4164deb3	sra	x29,x9,x22	  x9:0xffffffff x22:0x00000000 x29=0xffffffff
     301555.000 ns	     30154	8000644c	01cc5133	srl	x2,x24,x28	 x24:0x00000000 x28:0x00000000  x2=0x00000000
     301565.000 ns	     30155	80006450	40c88633	sub	x12,x17,x12	 x17:0x80040fe4 x12:0x0000a4f5 x12=0x80036aef
     301585.000 ns	     30157	80006454	c0007cd3	fcvt.w.s	x25,f0	  f0:0x00000000 x25=0x00000000
     301605.000 ns	     30159	80006458	ae437493	andi	x9,x6,-1308	  x6:0x80041025  x9=0x80041024
     301615.000 ns	     30160	8000645c	00a5c933	xor	x18,x11,x10	 x11:0x80041024 x10:0x4fe35244 x18=0xcfe74260
     301625.000 ns	     30161	80006460	40f55413	srai	x8,x10,0xf	 x10:0x4fe35244  x8=0x00009fc6
     301635.000 ns	     30162	80006464	007e4fb3	xor	x31,x28,x7	 x28:0x00000000  x7:0x00000000 x31=0x00000000
     301645.000 ns	     30163	80006468	4acdaa13	slti	x20,x27,1196	 x27:0xffffffff x20=0x00000001
     301665.000 ns	     30165	8000646c	29181ed3	fmax.s	f29,f16,f17	 f16:0x00000000 f17:0x7fc00000 f29=0x00000000
     301715.000 ns	     30170	80006470	08ec33d3	fsub.s	f7,f24,f14	 f24:0x42800000 f14:0x00000001  f7=0x42800000
     301745.000 ns	     30173	80006474	036bb3b3	mulhu	x7,x23,x22	 x23:0x00000000 x22:0x00000000  x7=0x00000000
     301765.000 ns	     30175	80006478	01365cb3	srl	x25,x12,x19	 x12:0x80036aef x19:0x1710d712 x25=0x00002000
     301775.000 ns	     30176	8000647c	012d1733	sll	x14,x26,x18	 x26:0x00000000 x18:0xcfe74260 x14=0x00000000
     301785.000 ns	     30177	80006480	22946193	ori	x3,x8,553	  x8:0x00009fc6  x3=0x00009fef
     301805.000 ns	     30179	80006484	039e11b3	mulh	x3,x28,x25	 x28:0x00000000 x25:0x00002000  x3=0x00000000
     301825.000 ns	     30181	80006488	fffaea13	ori	x20,x21,-1	 x21:0xffffffff x20=0xffffffff
     301835.000 ns	     30182	8000648c	00000013	addi	x0,x0,0	  x0:0x00000000
     301855.000 ns	     30184	80006490	e00f1053	fclass.s	x0,f30	 f30:0x6761d000
     301895.000 ns	     30188	80006494	11737ad3	fmul.s	f21,f6,f23	  f6:0x7fc00000 f23:0x7fc00000 f21=0x7fc00000
     301915.000 ns	     30190	80006498	8206c313	xori	x6,x13,-2016	 x13:0x00000000  x6=0xfffff820
     301925.000 ns	     30191	8000649c	c6e73bb7	lui	x23,0xc6e73	 x23=0xc6e73000
     301935.000 ns	     30192	800064a0	e1d4fe97	auipc	x29,0xe1d4f	 x29=0x61d554a0
     301955.000 ns	     30194	800064a4	20e608d3	fsgnj.s	f17,f12,f14	 f12:0x80000000 f14:0x00000001 f17=0x00000000
     301995.000 ns	     30198	800064a8	195d7e53	fdiv.s	f28,f26,f21	 f26:0x00000000 f21:0x7fc00000 f28=0x7fc00000
     302015.000 ns	     30200	800064ac	00319793	slli	x15,x3,0x3	  x3:0x00000000 x15=0x00000000
     302025.000 ns	     30201	800064b0	b2d1f393	andi	x7,x3,-1235	  x3:0x00000000  x7=0x00000000
     302055.000 ns	     30204	800064b4	580d7b53	fsqrt.s	f22,f26	 f26:0x00000000 f22=0x00000000
     302075.000 ns	     30206	800064b8	4028d713	srai	x14,x17,0x2	 x17:0x80040fe4 x14=0xe00103f9
     302095.000 ns	     30208	800064bc	a06a03d3	fle.s	x7,f20,f6	 f20:0x4f1714e7  f6:0x7fc00000  x7=0x00000000
     302115.000 ns	     30210	800064c0	00417ab3	and	x21,x2,x4	  x2:0x00000000  x4:0x00000001 x21=0x00000000
     302135.000 ns	     30212	800064c4	0393aab3	mulhsu	x21,x7,x25	  x7:0x00000000 x25:0x00002000 x21=0x00000000
     302165.000 ns	     30215	800064c8	28a48bd3	fmin.s	f23,f9,f10	  f9:0xbf800000 f10:0x7fc00000 f23=0xbf800000
     302195.000 ns	     30218	800064cc	20b319d3	fsgnjn.s	f19,f6,f11	  f6:0x7fc00000 f11:0x00000000 f19=0xffc00000
     302215.000 ns	     30220	800064d0	01de9f93	slli	x31,x29,0x1d	 x29:0x61d554a0 x31=0x00000000
     302235.000 ns	     30222	800064d4	c00e1553	fcvt.w.s	x10,f28	 f28:0x7fc00000 x10=0x7fffffff
     302265.000 ns	     30225	800064d8	c000a453	fcvt.w.s	x8,f1	  f1:0x7fc00000  x8=0x7fffffff
     302285.000 ns	     30227	800064dc	01ed77b3	and	x15,x26,x30	 x26:0x00000000 x30:0x000001c4 x15=0x00000000
     302305.000 ns	     30229	800064e0	21610553	fsgnj.s	f10,f2,f22	  f2:0x7fc00000 f22:0x00000000 f10=0x7fc00000
     302325.000 ns	     30231	800064e4	d66bbe93	sltiu	x29,x23,-666	 x23:0xc6e73000 x29=0x00000001
     302345.000 ns	     30233	800064e8	e00c9bd3	fclass.s	x23,f25	 f25:0x4f1714e7 x23=0x00000040
     302365.000 ns	     30235	800064ec	0010d3b3	srl	x7,x1,x1	  x1:0x00000000  x1:0x00000000  x7=0x00000000
     302375.000 ns	     30236	800064f0	408ad713	srai	x14,x21,0x8	 x21:0x00000000 x14=0x00000000
     302395.000 ns	     30238	800064f4	c00b2fd3	fcvt.w.s	x31,f22	 f22:0x00000000 x31=0x00000000
     302425.000 ns	     30241	800064f8	d0167253	fcvt.s.wu	f4,x12	 x12:0x80036aef  f4=0x4f00036a
     302455.000 ns	     30244	800064fc	02702fb3	mulhsu	x31,x0,x7	  x0:0x00000000  x7:0x00000000 x31=0x00000000
     303635.000 ns	     30362	80006500	580a0653	fsqrt.s	f12,f20	 f20:0x4f1714e7 f12=0x46d5a8c6
     303665.000 ns	     30365	80006504	c00cbb53	fcvt.w.s	x22,f25	 f25:0x4f1714e7 x22=0x7fffffff
     303685.000 ns	     30367	80006508	7f0b7f13	andi	x30,x22,2032	 x22:0x00000000 x30=0x000007f0
     303695.000 ns	     30368	8000650c	e48f2813	slti	x16,x30,-440	 x30:0x000001c4 x16=0x00000000
     303705.000 ns	     30369	80006510	001f1c93	slli	x25,x30,0x1	 x30:0x000001c4 x25=0x00000fe0
     303725.000 ns	     30371	80006514	f0008453	fmv.w.x	f8,x1	  x1:0x00000000  f8=0x00000000
     303745.000 ns	     30373	80006518	41c58ab3	sub	x21,x11,x28	 x11:0x80041024 x28:0x00000000 x21=0x80041024
     303765.000 ns	     30375	8000651c	03f16cb3	rem	x25,x2,x31	  x2:0x00000000 x31:0x00000000 x25=0x00000000
     303785.000 ns	     30377	80006520	0163afb3	slt	x31,x7,x22	  x7:0x00000000 x22:0x7fffffff x31=0x00000001
     304145.000 ns	     30413	80006524	034fefb3	rem	x31,x31,x20	 x31:0x00000000 x20:0xffffffff x31=0x00000000
     304175.000 ns	     30416	80006528	2199a6d3	fsgnjx.s	f13,f19,f25	 f19:0xffc00000 f25:0x4f1714e7 f13=0xffc00000
     304205.000 ns	     30419	8000652c	d003ca53	fcvt.s.w	f20,x7	  x7:0x00000000 f20=0x00000000
     304235.000 ns	     30422	80006530	29768e53	fmin.s	f28,f13,f23	 f13:0xffc00000 f23:0xbf800000 f28=0xbf800000
     304255.000 ns	     30424	80006534	5bb9a913	slti	x18,x19,1467	 x19:0x1710d712 x18=0x00000000
     304275.000 ns	     30426	80006538	022a4833	div	x16,x20,x2	 x20:0xffffffff  x2:0x00000000 x16=0xffffffff
     304305.000 ns	     30429	8000653c	c00774d3	fcvt.w.s	x9,f14	 f14:0x00000001  x9=0x00000000
     304325.000 ns	     30431	80006540	0045b6b3	sltu	x13,x11,x4	 x11:0x80041024  x4:0x00000001 x13=0x00000000
     304335.000 ns	     30432	80006544	28470d13	addi	x26,x14,644	 x14:0x00000000 x26=0x00000284
     304355.000 ns	     30434	80006548	a16317d3	flt.s	x15,f6,f22	  f6:0x7fc00000 f22:0x00000000 x15=0x00000000
     304375.000 ns	     30436	8000654c	41a75493	srai	x9,x14,0x1a	 x14:0x00000000  x9=0x00000000
     304395.000 ns	     30438	80006550	e0058dd3	fmv.x.w	x27,f11	 f11:0x00000000 x27=0x00000000
     304425.000 ns	     30441	80006554	e0029f53	fclass.s	x30,f5	  f5:0x7fc00000 x30=0x00000200
     304455.000 ns	     30444	80006558	208a2653	fsgnjx.s	f12,f20,f8	 f20:0x00000000  f8:0x00000000 f12=0x00000000
     304475.000 ns	     30446	8000655c	b9c12b37	lui	x22,0xb9c12	 x22=0xb9c12000
     304495.000 ns	     30448	80006560	023c7a33	remu	x20,x24,x3	 x24:0x00000000  x3:0x00000000 x20=0x00000000
     304865.000 ns	     30485	80006564	03664db3	div	x27,x12,x22	 x12:0x80036aef x22:0x7fffffff x27=0x00000001
     304895.000 ns	     30488	80006568	280c8353	fmin.s	f6,f25,f0	 f25:0x4f1714e7  f0:0x00000000  f6=0x00000000
     304915.000 ns	     30490	8000656c	93c18813	addi	x16,x3,-1732	  x3:0x00000000 x16=0xfffff93c
     304935.000 ns	     30492	80006570	a1671bd3	flt.s	x23,f14,f22	 f14:0x00000001 f22:0x00000000 x23=0x00000000
     304965.000 ns	     30495	80006574	a1950153	fle.s	x2,f10,f25	 f10:0x7fc00000 f25:0x4f1714e7  x2=0x00000000
     304985.000 ns	     30497	80006578	2607e013	ori	x0,x15,608	 x15:0x00000000
     305345.000 ns	     30533	8000657c	03b8f833	remu	x16,x17,x27	 x17:0x80040fe4 x27:0x00000001 x16=0x00000000
     305375.000 ns	     30536	80006580	020bd233	divu	x4,x23,x0	 x23:0x00000000  x0:0x00000000  x4=0xffffffff
     305395.000 ns	     30538	80006584	01a85b13	srli	x22,x16,0x1a	 x16:0x00000000 x22=0x00000000
     305405.000 ns	     30539	80006588	2b8de3b7	lui	x7,0x2b8de	  x7=0x2b8de000
     305425.000 ns	     30541	8000658c	a1d7abd3	feq.s	x23,f15,f29	 f15:0x4f1714e7 f29:0x00000000 x23=0x00000000
     305445.000 ns	     30543	80006590	00aaa233	slt	x4,x21,x10	 x21:0x80041024 x10:0x7fffffff  x4=0x00000001
     305465.000 ns	     30545	80006594	28009ad3	fmax.s	f21,f1,f0	  f1:0x7fc00000  f0:0x00000000 f21=0x00000000
     305495.000 ns	     30548	80006598	20552153	fsgnjx.s	f2,f10,f5	 f10:0x7fc00000  f5:0x7fc00000  f2=0x7fc00000
     305525.000 ns	     30551	8000659c	03ffd433	divu	x8,x31,x31	 x31:0x00000000 x31:0x00000000  x8=0xffffffff
     305555.000 ns	     30554	800065a0	e00293d3	fclass.s	x7,f5	  f5:0x7fc00000  x7=0x00000200
     305585.000 ns	     30557	800065a4	d018f853	fcvt.s.wu	f16,x17	 x17:0x80040fe4 f16=0x4f00040f
     305605.000 ns	     30559	800065a8	00000013	addi	x0,x0,0	  x0:0x00000000
     305625.000 ns	     30561	800065ac	027121b3	mulhsu	x3,x2,x7	  x2:0x00000000  x7:0x00000200  x3=0x00000000
     305655.000 ns	     30564	800065b0	c0050a53	fcvt.w.s	x20,f10	 f10:0x7fc00000 x20=0x7fffffff
     306025.000 ns	     30601	800065b4	03b5c933	div	x18,x11,x27	 x11:0x80041024 x27:0x00000001 x18=0x80041024
     306395.000 ns	     30638	800065b8	03bd6ab3	rem	x21,x26,x27	 x26:0x00000284 x27:0x00000001 x21=0x00000000
     306415.000 ns	     30640	800065bc	6d917b97	auipc	x23,0x6d917	 x23=0xed91d5bc
     306425.000 ns	     30641	800065c0	0138d693	srli	x13,x17,0x13	 x17:0x80040fe4 x13=0x00001000
     306435.000 ns	     30642	800065c4	79064b17	auipc	x22,0x79064	 x22=0xf906a5c4
     306455.000 ns	     30644	800065c8	a1f997d3	flt.s	x15,f19,f31	 f19:0xffc00000 f31:0x7fc00000 x15=0x00000000
     306485.000 ns	     30647	800065cc	d00733d3	fcvt.s.w	f7,x14	 x14:0x00000000  f7=0x00000000
     306515.000 ns	     30650	800065d0	f00980d3	fmv.w.x	f1,x19	 x19:0x1710d712  f1=0x1710d712
     306555.000 ns	     30654	800065d4	1813f153	fdiv.s	f2,f7,f1	  f7:0x00000000  f1:0x7fc00000  f2=0x00000000
     306575.000 ns	     30656	800065d8	00187a33	and	x20,x16,x1	 x16:0x00000000  x1:0x00000000 x20=0x00000000
     306935.000 ns	     30692	800065dc	031accb3	div	x25,x21,x17	 x21:0x00000000 x17:0x80040fe4 x25=0x00000000
     306965.000 ns	     30695	800065e0	21b7a6d3	fsgnjx.s	f13,f15,f27	 f15:0x4f1714e7 f27:0x80000000 f13=0xcf1714e7
     306985.000 ns	     30697	800065e4	41b30a33	sub	x20,x6,x27	  x6:0xfffff820 x27:0x00000001 x20=0xfffff81f
     307005.000 ns	     30699	800065e8	a0bd8653	fle.s	x12,f27,f11	 f27:0x80000000 f11:0x00000000 x12=0x00000001
     307035.000 ns	     30702	800065ec	022c0bb3	mul	x23,x24,x2	 x24:0x00000000  x2:0x00000000 x23=0x00000000
     307065.000 ns	     30705	800065f0	0374ceb3	div	x29,x9,x23	  x9:0x00000000 x23:0xed91d5bc x29=0xffffffff
     307095.000 ns	     30708	800065f4	029203b3	mul	x7,x4,x9	  x4:0x00000001  x9:0x00000000  x7=0x00000000
     307125.000 ns	     30711	800065f8	03d69db3	mulh	x27,x13,x29	 x13:0x00001000 x29:0xffffffff x27=0xffffffff
     307155.000 ns	     30714	800065fc	a1b51753	flt.s	x14,f10,f27	 f10:0x7fc00000 f27:0x80000000 x14=0x00000000
     307175.000 ns	     30716	80006600	78672793	slti	x15,x14,1926	 x14:0x00000000 x15=0x00000001
     307205.000 ns	     30719	80006604	18627c53	fdiv.s	f24,f4,f6	  f4:0x4f00036a  f6:0x00000000 f24=0x7f800000
     307235.000 ns	     30722	80006608	03320fb3	mul	x31,x4,x19	  x4:0x00000001 x19:0x1710d712 x31=0x1710d712
     307265.000 ns	     30725	8000660c	037bfd33	remu	x26,x23,x23	 x23:0x00000000 x23:0x00000000 x26=0x00000000
     307305.000 ns	     30729	80006610	187bfdd3	fdiv.s	f27,f23,f7	 f23:0xbf800000  f7:0x00000000 f27=0xff800000
     307335.000 ns	     30732	80006614	a1dc21d3	feq.s	x3,f24,f29	 f24:0x7f800000 f29:0x00000000  x3=0x00000000
     307705.000 ns	     30769	80006618	034ec7b3	div	x15,x29,x20	 x29:0xffffffff x20:0xfffff81f x15=0x00000000
     307735.000 ns	     30772	8000661c	033f2db3	mulhsu	x27,x30,x19	 x30:0x00000200 x19:0x1710d712 x27=0x0000002e
     307755.000 ns	     30774	80006620	93d30b13	addi	x22,x6,-1731	  x6:0xfffff820 x22=0xfffff15d
     307765.000 ns	     30775	80006624	b2110513	addi	x10,x2,-1247	  x2:0x00000000 x10=0xfffffb21
     307785.000 ns	     30777	80006628	a0999953	flt.s	x18,f19,f9	 f19:0xffc00000  f9:0xbf800000 x18=0x00000000
     307825.000 ns	     30781	8000662c	1982f3d3	fdiv.s	f7,f5,f24	  f5:0x7fc00000 f24:0x7f800000  f7=0x7fc00000
     309005.000 ns	     30899	80006630	58027653	fsqrt.s	f12,f4	  f4:0x4f00036a f12=0x46b50958
     309025.000 ns	     30901	80006634	f16e2793	slti	x15,x28,-234	 x28:0x00000000 x15=0x00000000
     309065.000 ns	     30905	80006638	08044fd3	fsub.s	f31,f8,f0	  f8:0x00000000  f0:0x00000000 f31=0x80000000
     309095.000 ns	     30908	8000663c	a0830cd3	fle.s	x25,f6,f8	  f6:0x00000000  f8:0x00000000 x25=0x00000001
     309125.000 ns	     30911	80006640	020aaab3	mulhsu	x21,x21,x0	 x21:0x00000000  x0:0x00000000 x21=0x00000000
     309155.000 ns	     30914	80006644	29dc1153	fmax.s	f2,f24,f29	 f24:0x7f800000 f29:0x00000000  f2=0x7f800000
     309175.000 ns	     30916	80006648	afdf1e97	auipc	x29,0xafdf1	 x29=0x2fdf7648
     309195.000 ns	     30918	8000664c	036f92b3	mulh	x5,x31,x22	 x31:0x1710d712 x22:0xfffff15d  x5=0xfffffeae
     309215.000 ns	     30920	80006650	0013abb3	slt	x23,x7,x1	  x7:0x00000000  x1:0x00000000 x23=0x00000000
     309225.000 ns	     30921	80006654	01877fb3	and	x31,x14,x24	 x14:0x00000000 x24:0x00000000 x31=0x00000000
     309245.000 ns	     30923	80006658	024eb333	mulhu	x6,x29,x4	 x29:0x2fdf7648  x4:0x00000001  x6=0x00000000
     309265.000 ns	     30925	8000665c	eef82693	slti	x13,x16,-273	 x16:0x00000000 x13=0x00000000
     309305.000 ns	     30929	80006660	094c7e53	fsub.s	f28,f24,f20	 f24:0x7f800000 f20:0x00000000 f28=0x7f800000
     309345.000 ns	     30933	80006664	197473d3	fdiv.s	f7,f8,f23	  f8:0x00000000 f23:0xbf800000  f7=0x80000000
     309365.000 ns	     30935	80006668	40b3d2b3	sra	x5,x7,x11	  x7:0x00000000 x11:0x80041024  x5=0x00000000
     309375.000 ns	     30936	8000666c	0074df93	srli	x31,x9,0x7	  x9:0x00000000 x31=0x00000000
     309395.000 ns	     30938	80006670	03aca533	mulhsu	x10,x25,x26	 x25:0x00000001 x26:0x00000000 x10=0x00000000
     309425.000 ns	     30941	80006674	a03a01d3	fle.s	x3,f20,f3	 f20:0x00000000  f3:0xcf000410  x3=0x00000000
     309455.000 ns	     30944	80006678	027c3633	mulhu	x12,x24,x7	 x24:0x00000000  x7:0x00000000 x12=0x00000000
     309485.000 ns	     30947	8000667c	02ae3933	mulhu	x18,x28,x10	 x28:0x00000000 x10:0x00000000 x18=0x00000000
     309515.000 ns	     30950	80006680	a16fadd3	feq.s	x27,f31,f22	 f31:0x80000000 f22:0x00000000 x27=0x00000001
     309545.000 ns	     30953	80006684	026b66b3	rem	x13,x22,x6	 x22:0xfffff15d  x6:0x00000000 x13=0xfffff15d
     309565.000 ns	     30955	80006688	c1303293	sltiu	x5,x0,-1005	  x0:0x00000000  x5=0x00000001
     309925.000 ns	     30991	8000668c	03df4233	div	x4,x30,x29	 x30:0x00000200 x29:0x2fdf7648  x4=0x00000000
     309955.000 ns	     30994	80006690	21c612d3	fsgnjn.s	f5,f12,f28	 f12:0x46b50958 f28:0x7f800000  f5=0xc6b50958
     309975.000 ns	     30996	80006694	ea782113	slti	x2,x16,-345	 x16:0x00000000  x2=0x00000000
     309995.000 ns	     30998	80006698	d0132053	fcvt.s.wu	f0,x6	  x6:0x00000000  f0=0x00000000
     310365.000 ns	     31035	8000669c	031876b3	remu	x13,x16,x17	 x16:0x00000000 x17:0x80040fe4 x13=0x00000000
     310395.000 ns	     31038	800066a0	d0118453	fcvt.s.wu	f8,x3	  x3:0x00000000  f8=0x00000000
     310425.000 ns	     31041	800066a4	02a0acb3	mulhsu	x25,x1,x10	  x1:0x00000000 x10:0x00000000 x25=0x00000000
     310455.000 ns	     31044	800066a8	f0050dd3	fmv.w.x	f27,x10	 x10:0x00000000 f27=0x00000000
     310475.000 ns	     31046	800066ac	351f7313	andi	x6,x30,849	 x30:0x00000200  x6=0x00000200
     310485.000 ns	     31047	800066b0	01cd2cb3	slt	x25,x26,x28	 x26:0x00000000 x28:0x00000000 x25=0x00000000
     310495.000 ns	     31048	800066b4	cf19bd17	auipc	x26,0xcf19b	 x26=0x4f1a16b4
     310515.000 ns	     31050	800066b8	a14521d3	feq.s	x3,f10,f20	 f10:0x7fc00000 f20:0x00000000  x3=0x00000000
     310545.000 ns	     31053	800066bc	d00cae53	fcvt.s.w	f28,x25	 x25:0x00000000 f28=0x00000000
     310575.000 ns	     31056	800066c0	e00997d3	fclass.s	x15,f19	 f19:0xffc00000 x15=0x00000200
     310605.000 ns	     31059	800066c4	023610b3	mulh	x1,x12,x3	 x12:0x00000000  x3:0x00000000  x1=0x00000000
     310635.000 ns	     31062	800066c8	03fb5633	divu	x12,x22,x31	 x22:0xfffff15d x31:0x00000000 x12=0xffffffff
     310655.000 ns	     31064	800066cc	1d432e93	slti	x29,x6,468	  x6:0x00000200 x29=0x00000000
     310665.000 ns	     31065	800066d0	58966a13	ori	x20,x12,1417	 x12:0xffffffff x20=0xffffffff
     310675.000 ns	     31066	800066d4	24d0c213	xori	x4,x1,589	  x1:0x00000000  x4=0x0000024d
     310685.000 ns	     31067	800066d8	0069dd13	srli	x26,x19,0x6	 x19:0x1710d712 x26=0x005c435c
     310715.000 ns	     31070	800066dc	11a43153	fmul.s	f2,f8,f26	  f8:0x00000000 f26:0x00000000  f2=0x00000000
     310745.000 ns	     31073	800066e0	28e212d3	fmax.s	f5,f4,f14	  f4:0x4f00036a f14:0x00000001  f5=0x4f00036a
     310765.000 ns	     31075	800066e4	005fd1b3	srl	x3,x31,x5	 x31:0x00000000  x5:0x00000001  x3=0x00000000
     310775.000 ns	     31076	800066e8	411bdcb3	sra	x25,x23,x17	 x23:0x00000000 x17:0x80040fe4 x25=0x00000000
     310785.000 ns	     31077	800066ec	00ea5613	srli	x12,x20,0xe	 x20:0xffffffff x12=0x0003ffff
     310795.000 ns	     31078	800066f0	cb3f0f17	auipc	x30,0xcb3f0	 x30=0x4b3f66f0
     310805.000 ns	     31079	800066f4	003a2933	slt	x18,x20,x3	 x20:0xffffffff  x3:0x00000000 x18=0x00000001
     310815.000 ns	     31080	800066f8	bdf3aeb7	lui	x29,0xbdf3a	 x29=0xbdf3a000
     310835.000 ns	     31082	800066fc	f00884d3	fmv.w.x	f9,x17	 x17:0x80040fe4  f9=0x80040fe4
     310855.000 ns	     31084	80006700	41fe8833	sub	x16,x29,x31	 x29:0x00000000 x31:0x00000000 x16=0xbdf3a000
     310875.000 ns	     31086	80006704	c000b2d3	fcvt.w.s	x5,f1	  f1:0x1710d712  x5=0x00000000
     310895.000 ns	     31088	80006708	0fc1a617	auipc	x12,0xfc1a	 x12=0x8fc20708
     310915.000 ns	     31090	8000670c	02bd11b3	mulh	x3,x26,x11	 x26:0x005c435c x11:0x80041024  x3=0xffd1dfc8
     310945.000 ns	     31093	80006710	032c93b3	mulh	x7,x25,x18	 x25:0x00000000 x18:0x00000001  x7=0x00000000
     310965.000 ns	     31095	80006714	00421113	slli	x2,x4,0x4	  x4:0x0000024d  x2=0x000024d0
     311005.000 ns	     31099	80006718	0138f553	fadd.s	f10,f17,f19	 f17:0x00000000 f19:0xffc00000 f10=0x7fc00000
     311035.000 ns	     31102	8000671c	c0001c53	fcvt.w.s	x24,f0	  f0:0x00000000 x24=0x00000000
     311075.000 ns	     31106	80006720	5805f4d3	fsqrt.s	f9,f11	 f11:0x00000000  f9=0x00000000
     311445.000 ns	     31143	80006724	0225eb33	rem	x22,x11,x2	 x11:0x80041024  x2:0x000024d0 x22=0xffffe834
     311475.000 ns	     31146	80006728	0212ca33	div	x20,x5,x1	  x5:0x00000000  x1:0x00000000 x20=0xffffffff
     311495.000 ns	     31148	8000672c	0010c6b3	xor	x13,x1,x1	  x1:0x00000000  x1:0x00000000 x13=0x00000000
     311505.000 ns	     31149	80006730	00000013	addi	x0,x0,0	  x0:0x00000000
     311515.000 ns	     31150	80006734	01df9b33	sll	x22,x31,x29	 x31:0x00000000 x29:0xbdf3a000 x22=0x00000000
     311525.000 ns	     31151	80006738	002b5733	srl	x14,x22,x2	 x22:0xffffe834  x2:0x000024d0 x14=0x00000000
     311545.000 ns	     31153	8000673c	a12b8453	fle.s	x8,f23,f18	 f23:0xbf800000 f18:0x00000000  x8=0x00000001
     311595.000 ns	     31158	80006740	099315d3	fsub.s	f11,f6,f25	  f6:0x00000000 f25:0x4f1714e7 f11=0xcf1714e7
     311965.000 ns	     31195	80006744	0314dab3	divu	x21,x9,x17	  x9:0x00000000 x17:0x80040fe4 x21=0x00000000
     311985.000 ns	     31197	80006748	00215cb3	srl	x25,x2,x2	  x2:0x000024d0  x2:0x000024d0 x25=0x00000000
     312345.000 ns	     31233	8000674c	03a657b3	divu	x15,x12,x26	 x12:0x8fc20708 x26:0x005c435c x15=0x0000018e
     312375.000 ns	     31236	80006750	034e8db3	mul	x27,x29,x20	 x29:0xbdf3a000 x20:0xffffffff x27=0x420c6000
     312405.000 ns	     31239	80006754	02e496b3	mulh	x13,x9,x14	  x9:0x00000000 x14:0x00000000 x13=0x00000000
     312435.000 ns	     31242	80006758	28708a53	fmin.s	f20,f1,f7	  f1:0x1710d712  f7:0x80000000 f20=0x80000000
     312455.000 ns	     31244	8000675c	414d81b3	sub	x3,x27,x20	 x27:0x420c6000 x20:0xffffffff  x3=0x420c6001
     312815.000 ns	     31280	80006760	0339c4b3	div	x9,x19,x19	 x19:0x1710d712 x19:0x1710d712  x9=0x00000001
     313185.000 ns	     31317	80006764	03be6ab3	rem	x21,x28,x27	 x28:0x00000000 x27:0x420c6000 x21=0x00000000
     313205.000 ns	     31319	80006768	00ed4eb3	xor	x29,x26,x14	 x26:0x005c435c x14:0x00000000 x29=0x005c435c
     313225.000 ns	     31321	8000676c	03c6d333	divu	x6,x13,x28	 x13:0x00000000 x28:0x00000000  x6=0xffffffff
     313245.000 ns	     31323	80006770	416e8fb3	sub	x31,x29,x22	 x29:0xbdf3a000 x22:0x00000000 x31=0x005c435c
     313265.000 ns	     31325	80006774	21982cd3	fsgnjx.s	f25,f16,f25	 f16:0x4f00040f f25:0x4f1714e7 f25=0x4f00040f
     313285.000 ns	     31327	80006778	00000013	addi	x0,x0,0	  x0:0x00000000
     313295.000 ns	     31328	8000677c	99702113	slti	x2,x0,-1641	  x0:0x00000000  x2=0x00000000
     313305.000 ns	     31329	80006780	40145c13	srai	x24,x8,0x1	  x8:0x00000001 x24=0x00000000
     313315.000 ns	     31330	80006784	0034b6b3	sltu	x13,x9,x3	  x9:0x00000001  x3:0x420c6001 x13=0x00000001
     313335.000 ns	     31332	80006788	03250533	mul	x10,x10,x18	 x10:0x00000000 x18:0x00000001 x10=0x00000000
     313355.000 ns	     31334	8000678c	41435493	srai	x9,x6,0x14	  x6:0xffffffff  x9=0xffffffff
     313375.000 ns	     31336	80006790	f0030a53	fmv.w.x	f20,x6	  x6:0xffffffff f20=0xffffffff
     313405.000 ns	     31339	80006794	200d2553	fsgnjx.s	f10,f26,f0	 f26:0x00000000  f0:0x00000000 f10=0x00000000
     313745.000 ns	     31373	80006798	185cf753	fdiv.s	f14,f25,f5	 f25:0x4f00040f  f5:0x4f00036a f14=0x3f000410
     313775.000 ns	     31376	8000679c	d0187a53	fcvt.s.wu	f20,x16	 x16:0xbdf3a000 f20=0x4f3df3a0
     313795.000 ns	     31378	800067a0	00a0c7b3	xor	x15,x1,x10	  x1:0x00000000 x10:0x00000000 x15=0x00000000
     313815.000 ns	     31380	800067a4	020ce0b3	rem	x1,x25,x0	 x25:0x00000000  x0:0x00000000  x1=0x00000000
     313835.000 ns	     31382	800067a8	017f2b33	slt	x22,x30,x23	 x30:0x4b3f66f0 x23:0x00000000 x22=0x00000000
     313845.000 ns	     31383	800067ac	012f2bb3	slt	x23,x30,x18	 x30:0x4b3f66f0 x18:0x00000001 x23=0x00000000
     313865.000 ns	     31385	800067b0	20e51cd3	fsgnjn.s	f25,f10,f14	 f10:0x00000000 f14:0x3f000410 f25=0x80000000
     313905.000 ns	     31389	800067b4	580b7a53	fsqrt.s	f20,f22	 f22:0x00000000 f20=0x00000000
     313925.000 ns	     31391	800067b8	0172adb3	slt	x27,x5,x23	  x5:0x00000000 x23:0x00000000 x27=0x00000000
     313935.000 ns	     31392	800067bc	6b665917	auipc	x18,0x6b665	 x18=0xeb66b7bc
     313975.000 ns	     31396	800067c0	018f8553	fadd.s	f10,f31,f24	 f31:0x80000000 f24:0x7f800000 f10=0x7f800000
     314025.000 ns	     31401	800067c4	009ff1d3	fadd.s	f3,f31,f9	 f31:0x80000000  f9:0x00000000  f3=0x00000000
     314045.000 ns	     31403	800067c8	4f08e813	ori	x16,x17,1264	 x17:0x80040fe4 x16=0x80040ff4
     314055.000 ns	     31404	800067cc	012536b3	sltu	x13,x10,x18	 x10:0x00000000 x18:0xeb66b7bc x13=0x00000001
     314085.000 ns	     31407	800067d0	100d99d3	fmul.s	f19,f27,f0	 f27:0x00000000  f0:0x00000000 f19=0x00000000
     314455.000 ns	     31444	800067d4	026d51b3	divu	x3,x26,x6	 x26:0x005c435c  x6:0xffffffff  x3=0x00000000
     314475.000 ns	     31446	800067d8	95326413	ori	x8,x4,-1709	  x4:0x0000024d  x8=0xfffffb5f
     314495.000 ns	     31448	800067dc	03b78f33	mul	x30,x15,x27	 x15:0x00000000 x27:0x00000000 x30=0x00000000
     314525.000 ns	     31451	800067e0	f0048ad3	fmv.w.x	f21,x9	  x9:0xffffffff f21=0xffffffff
     314545.000 ns	     31453	800067e4	00cb1833	sll	x16,x22,x12	 x22:0x00000000 x12:0x8fc20708 x16=0x00000000
     314565.000 ns	     31455	800067e8	032ca433	mulhsu	x8,x25,x18	 x25:0x00000000 x18:0xeb66b7bc  x8=0x00000000
     314595.000 ns	     31458	800067ec	a0839ed3	flt.s	x29,f7,f8	  f7:0x80000000  f8:0x00000000 x29=0x00000000
     314615.000 ns	     31460	800067f0	01a09d93	slli	x27,x1,0x1a	  x1:0x00000000 x27=0x00000000
     314635.000 ns	     31462	800067f4	03b32f33	mulhsu	x30,x6,x27	  x6:0xffffffff x27:0x00000000 x30=0x00000000
     314665.000 ns	     31465	800067f8	d014f0d3	fcvt.s.wu	f1,x9	  x9:0xffffffff  f1=0x4f7fffff
     314695.000 ns	     31468	800067fc	02fb73b3	remu	x7,x22,x15	 x22:0x00000000 x15:0x00000000  x7=0x00000000
     314725.000 ns	     31471	80006800	022e86b3	mul	x13,x29,x2	 x29:0x00000000  x2:0x00000000 x13=0x00000000
     314775.000 ns	     31476	80006804	00fef953	fadd.s	f18,f29,f15	 f29:0x00000000 f15:0x4f1714e7 f18=0x4f1714e7
     314805.000 ns	     31479	80006808	02e64733	div	x14,x12,x14	 x12:0x8fc20708 x14:0x00000000 x14=0xffffffff
     314835.000 ns	     31482	8000680c	03797eb3	remu	x29,x18,x23	 x18:0xeb66b7bc x23:0x00000000 x29=0xeb66b7bc
     314865.000 ns	     31485	80006810	d01af953	fcvt.s.wu	f18,x21	 x21:0x00000000 f18=0x00000000
     314885.000 ns	     31487	80006814	013fbbb3	sltu	x23,x31,x19	 x31:0x005c435c x19:0x1710d712 x23=0x00000001
     314905.000 ns	     31489	80006818	027ee133	rem	x2,x29,x7	 x29:0xeb66b7bc  x7:0x00000000  x2=0xeb66b7bc
     314935.000 ns	     31492	8000681c	e00090d3	fclass.s	x1,f1	  f1:0x4f7fffff  x1=0x00000040
     316115.000 ns	     31610	80006820	58081053	fsqrt.s	f0,f16	 f16:0x4f00040f  f0=0x46b50a40
     316155.000 ns	     31614	80006824	18a106d3	fdiv.s	f13,f2,f10	  f2:0x00000000 f10:0x7f800000 f13=0x00000000
     316185.000 ns	     31617	80006828	d017fad3	fcvt.s.wu	f21,x15	 x15:0x00000000 f21=0x00000000
     316205.000 ns	     31619	8000682c	72247e13	andi	x28,x8,1826	  x8:0x00000000 x28=0x00000000
     316215.000 ns	     31620	80006830	4007da33	sra	x20,x15,x0	 x15:0x00000000  x0:0x00000000 x20=0x00000000
     316235.000 ns	     31622	80006834	f0030953	fmv.w.x	f18,x6	  x6:0xffffffff f18=0xffffffff
     316265.000 ns	     31625	80006838	e0021ad3	fclass.s	x21,f4	  f4:0x4f00036a x21=0x00000040
     316295.000 ns	     31628	8000683c	037fbe33	mulhu	x28,x31,x23	 x31:0x005c435c x23:0x00000001 x28=0x00000000
     316325.000 ns	     31631	80006840	0284dbb3	divu	x23,x9,x8	  x9:0xffffffff  x8:0x00000000 x23=0xffffffff
     316355.000 ns	     31634	80006844	0394dd33	divu	x26,x9,x25	  x9:0xffffffff x25:0x00000000 x26=0xffffffff
     316385.000 ns	     31637	80006848	f0058153	fmv.w.x	f2,x11	 x11:0x80041024  f2=0x80041024
     316415.000 ns	     31640	8000684c	025fcf33	div	x30,x31,x5	 x31:0x005c435c  x5:0x00000000 x30=0xffffffff
     316785.000 ns	     31677	80006850	03d8ecb3	rem	x25,x17,x29	 x17:0x80040fe4 x29:0xeb66b7bc x25=0xfb9bc17c
     316805.000 ns	     31679	80006854	75f8be13	sltiu	x28,x17,1887	 x17:0x80040fe4 x28=0x00000000
     316845.000 ns	     31683	80006858	09897e53	fsub.s	f28,f18,f24	 f18:0xffffffff f24:0x7f800000 f28=0x7fc00000
     316875.000 ns	     31686	8000685c	03f62433	mulhsu	x8,x12,x31	 x12:0x8fc20708 x31:0x005c435c  x8=0xffd78c31
     316905.000 ns	     31689	80006860	217c8453	fsgnj.s	f8,f25,f23	 f25:0x80000000 f23:0xbf800000  f8=0x80000000
     316925.000 ns	     31691	80006864	ad4d2113	slti	x2,x26,-1324	 x26:0xffffffff  x2=0x00000000
     316935.000 ns	     31692	80006868	d13ab413	sltiu	x8,x21,-749	 x21:0x00000040  x8=0x00000001
     316965.000 ns	     31695	8000686c	580b7753	fsqrt.s	f14,f22	 f22:0x00000000 f14=0x00000000
     316995.000 ns	     31698	80006870	025b5533	divu	x10,x22,x5	 x22:0x00000000  x5:0x00000000 x10=0xffffffff
     317025.000 ns	     31701	80006874	d01271d3	fcvt.s.wu	f3,x4	  x4:0x0000024d  f3=0x44134000
     317045.000 ns	     31703	80006878	62cf3293	sltiu	x5,x30,1580	 x30:0xffffffff  x5=0x00000000
     317055.000 ns	     31704	8000687c	4165db93	srai	x23,x11,0x16	 x11:0x80041024 x23=0xfffffe00
     317075.000 ns	     31706	80006880	203497d3	fsgnjn.s	f15,f9,f3	  f9:0x00000000  f3:0x44134000 f15=0x80000000
     317095.000 ns	     31708	80006884	00ec5db3	srl	x27,x24,x14	 x24:0x00000000 x14:0xffffffff x27=0x00000000
     317105.000 ns	     31709	80006888	41e85293	srai	x5,x16,0x1e	 x16:0x00000000  x5=0x00000000
     317125.000 ns	     31711	8000688c	c01a3053	fcvt.wu.s	x0,f20	 f20:0x00000000
     317165.000 ns	     31715	80006890	1804fb53	fdiv.s	f22,f9,f0	  f9:0x00000000  f0:0x46b50a40 f22=0x00000000
     317195.000 ns	     31718	80006894	d01af953	fcvt.s.wu	f18,x21	 x21:0x00000040 f18=0x42800000
     317215.000 ns	     31720	80006898	015a0b33	add	x22,x20,x21	 x20:0x00000000 x21:0x00000040 x22=0x00000040
     317235.000 ns	     31722	8000689c	c0168653	fcvt.wu.s	x12,f13	 f13:0x00000000 x12=0x00000000
     317255.000 ns	     31724	800068a0	01312633	slt	x12,x2,x19	  x2:0x00000000 x19:0x1710d712 x12=0x00000001
     317265.000 ns	     31725	800068a4	45bbaa13	slti	x20,x23,1115	 x23:0xfffffe00 x20=0x00000001
     317285.000 ns	     31727	800068a8	f00d0ed3	fmv.w.x	f29,x26	 x26:0xffffffff f29=0xffffffff
     317315.000 ns	     31730	800068ac	e00c9dd3	fclass.s	x27,f25	 f25:0x80000000 x27=0x00000008
     317345.000 ns	     31733	800068b0	027e5f33	divu	x30,x28,x7	 x28:0x00000000  x7:0x00000000 x30=0xffffffff
     317375.000 ns	     31736	800068b4	29a48c53	fmin.s	f24,f9,f26	  f9:0x00000000 f26:0x00000000 f24=0x00000000
     317405.000 ns	     31739	800068b8	d01cb853	fcvt.s.wu	f16,x25	 x25:0xfb9bc17c f16=0x4f7b9bc2
     317435.000 ns	     31742	800068bc	2161a953	fsgnjx.s	f18,f3,f22	  f3:0x44134000 f22:0x00000000 f18=0x44134000
     317485.000 ns	     31747	800068c0	01dcfe53	fadd.s	f28,f25,f29	 f25:0x80000000 f29:0xffffffff f28=0x7fc00000
     317515.000 ns	     31750	800068c4	29ba8053	fmin.s	f0,f21,f27	 f21:0x00000000 f27:0x00000000  f0=0x00000000
     317545.000 ns	     31753	800068c8	e00e0553	fmv.x.w	x10,f28	 f28:0x7fc00000 x10=0x7fc00000
     317565.000 ns	     31755	800068cc	37f43a13	sltiu	x20,x8,895	  x8:0x00000001 x20=0x00000001
     317575.000 ns	     31756	800068d0	40e5d1b3	sra	x3,x11,x14	 x11:0x80041024 x14:0xffffffff  x3=0xffffffff
     317595.000 ns	     31758	800068d4	210183d3	fsgnj.s	f7,f3,f16	  f3:0x44134000 f16:0x4f7b9bc2  f7=0x44134000
     317615.000 ns	     31760	800068d8	9e1f4b93	xori	x23,x30,-1567	 x30:0xffffffff x23=0x0000061e
     317625.000 ns	     31761	800068dc	658b0c17	auipc	x24,0x658b0	 x24=0xe58b68dc
     317645.000 ns	     31763	800068e0	a17502d3	fle.s	x5,f10,f23	 f10:0x7f800000 f23:0xbf800000  x5=0x00000000
     317675.000 ns	     31766	800068e4	e00d9753	fclass.s	x14,f27	 f27:0x00000000 x14=0x00000010
     317695.000 ns	     31768	800068e8	0096a2b3	slt	x5,x13,x9	 x13:0x00000000  x9:0xffffffff  x5=0x00000000
     317705.000 ns	     31769	800068ec	d4471ab7	lui	x21,0xd4471	 x21=0xd4471000
     317715.000 ns	     31770	800068f0	00e39033	sll	x0,x7,x14	  x7:0x00000000 x14:0x00000010
     317725.000 ns	     31771	800068f4	01a93633	sltu	x12,x18,x26	 x18:0xeb66b7bc x26:0xffffffff x12=0x00000001
     317755.000 ns	     31774	800068f8	183722d3	fdiv.s	f5,f14,f3	 f14:0x00000000  f3:0x44134000  f5=0x00000000
     317775.000 ns	     31776	800068fc	01e94cb3	xor	x25,x18,x30	 x18:0xeb66b7bc x30:0xffffffff x25=0x14994843
     318135.000 ns	     31812	80006900	02664833	div	x16,x12,x6	 x12:0x00000001  x6:0xffffffff x16=0xffffffff
     318155.000 ns	     31814	80006904	5b1c01b7	lui	x3,0x5b1c0	  x3=0x5b1c0000
     318165.000 ns	     31815	80006908	6db5ad13	slti	x26,x11,1755	 x11:0x80041024 x26=0x00000001
     318195.000 ns	     31818	8000690c	19f18c53	fdiv.s	f24,f3,f31	  f3:0x44134000 f31:0x80000000 f24=0xff800000
     318215.000 ns	     31820	80006910	2b156793	ori	x15,x10,689	 x10:0x7fc00000 x15=0x7fc002b1
     318235.000 ns	     31822	80006914	217c9e53	fsgnjn.s	f28,f25,f23	 f25:0x80000000 f23:0xbf800000 f28=0x00000000
     318285.000 ns	     31827	80006918	0924b7d3	fsub.s	f15,f9,f18	  f9:0x00000000 f18:0x44134000 f15=0xc4134000
     318315.000 ns	     31830	8000691c	d013f9d3	fcvt.s.wu	f19,x7	  x7:0x00000000 f19=0x00000000
     318335.000 ns	     31832	80006920	7c11fc13	andi	x24,x3,1985	  x3:0x5b1c0000 x24=0x00000000
     318355.000 ns	     31834	80006924	211c1053	fsgnjn.s	f0,f24,f17	 f24:0xff800000 f17:0x00000000  f0=0xff800000
     318375.000 ns	     31836	80006928	694ca517	auipc	x10,0x694ca	 x10=0xe94d0928
     318395.000 ns	     31838	8000692c	e0079853	fclass.s	x16,f15	 f15:0xc4134000 x16=0x00000002
     318415.000 ns	     31840	80006930	5601ac13	slti	x24,x3,1376	  x3:0x5b1c0000 x24=0x00000000
     318435.000 ns	     31842	80006934	d00347d3	fcvt.s.w	f15,x6	  x6:0xffffffff f15=0xbf800000
     318465.000 ns	     31845	80006938	c010f6d3	fcvt.wu.s	x13,f1	  f1:0x4f7fffff x13=0xffffff00
     318495.000 ns	     31848	8000693c	e00c0053	fmv.x.w	x0,f24	 f24:0xff800000
     318515.000 ns	     31850	80006940	00000013	addi	x0,x0,0	  x0:0x00000000
     318525.000 ns	     31851	80006944	00ddc3b3	xor	x7,x27,x13	 x27:0x00000008 x13:0xffffff00  x7=0xffffff08
     318545.000 ns	     31853	80006948	e00396d3	fclass.s	x13,f7	  f7:0x44134000 x13=0x00000040
     318915.000 ns	     31890	8000694c	03d9ec33	rem	x24,x19,x29	 x19:0x1710d712 x29:0xeb66b7bc x24=0x02778ece
     318955.000 ns	     31894	80006950	1879f753	fdiv.s	f14,f19,f7	 f19:0x00000000  f7:0x44134000 f14=0x00000000
     318995.000 ns	     31898	80006954	5802fcd3	fsqrt.s	f25,f5	  f5:0x00000000 f25=0x00000000
     319015.000 ns	     31900	80006958	00d6d433	srl	x8,x13,x13	 x13:0x00000040 x13:0x00000040  x8=0x00000040
     319045.000 ns	     31903	8000695c	5809a9d3	fsqrt.s	f19,f19	 f19:0x00000000 f19=0x00000000
     319415.000 ns	     31940	80006960	03fbc7b3	div	x15,x23,x31	 x23:0x0000061e x31:0x005c435c x15=0x00000000
     319435.000 ns	     31942	80006964	00000013	addi	x0,x0,0	  x0:0x00000000
     319465.000 ns	     31945	80006968	11defb53	fmul.s	f22,f29,f29	 f29:0xffffffff f29:0xffffffff f22=0x7fc00000
     319495.000 ns	     31948	8000696c	d01149d3	fcvt.s.wu	f19,x2	  x2:0x00000000 f19=0x00000000
     319865.000 ns	     31985	80006970	03b6fc33	remu	x24,x13,x27	 x13:0x00000040 x27:0x00000008 x24=0x00000000
     320205.000 ns	     32019	80006974	19e27953	fdiv.s	f18,f4,f30	  f4:0x4f00036a f30:0x6761d000 f18=0x2700036a
     320235.000 ns	     32022	80006978	03e38133	mul	x2,x7,x30	  x7:0xffffff08 x30:0xffffffff  x2=0x000000f8
     320605.000 ns	     32059	8000697c	03dc44b3	div	x9,x24,x29	 x24:0x00000000 x29:0xeb66b7bc  x9=0x00000000
     320635.000 ns	     32062	80006980	c01a9353	fcvt.wu.s	x6,f21	 f21:0x00000000  x6=0x00000000
     320665.000 ns	     32065	80006984	0357a533	mulhsu	x10,x15,x21	 x15:0x00000000 x21:0xd4471000 x10=0x00000000
     320685.000 ns	     32067	80006988	017e9293	slli	x5,x29,0x17	 x29:0xeb66b7bc  x5=0xde000000
     320705.000 ns	     32069	8000698c	a1671ad3	flt.s	x21,f14,f22	 f14:0x00000000 f22:0x7fc00000 x21=0x00000000
     320725.000 ns	     32071	80006990	013d5d93	srli	x27,x26,0x13	 x26:0x00000001 x27=0x00000000
     320735.000 ns	     32072	80006994	d8c30d13	addi	x26,x6,-628	  x6:0x00000000 x26=0xfffffd8c
     320765.000 ns	     32075	80006998	580e7ed3	fsqrt.s	f29,f28	 f28:0x00000000 f29=0x00000000
     321135.000 ns	     32112	8000699c	023e7633	remu	x12,x28,x3	 x28:0x00000000  x3:0x5b1c0000 x12=0x00000000
     321165.000 ns	     32115	800069a0	0380da33	divu	x20,x1,x24	  x1:0x00000040 x24:0x00000000 x20=0xffffffff
     321185.000 ns	     32117	800069a4	878f2093	slti	x1,x30,-1928	 x30:0xffffffff  x1=0x00000000
     321195.000 ns	     32118	800069a8	0168f7b3	and	x15,x17,x22	 x17:0x80040fe4 x22:0x00000040 x15=0x00000040
     321225.000 ns	     32121	800069ac	10e176d3	fmul.s	f13,f2,f14	  f2:0x80041024 f14:0x00000000 f13=0x80000000
     321245.000 ns	     32123	800069b0	0149fab3	and	x21,x19,x20	 x19:0x1710d712 x20:0xffffffff x21=0x1710d712
     321265.000 ns	     32125	800069b4	293e8a53	fmin.s	f20,f29,f19	 f29:0x00000000 f19:0x00000000 f20=0x00000000
     321285.000 ns	     32127	800069b8	0040f033	and	x0,x1,x4	  x1:0x00000000  x4:0x0000024d
     321305.000 ns	     32129	800069bc	201e90d3	fsgnjn.s	f1,f29,f1	 f29:0x00000000  f1:0x4f7fffff  f1=0x80000000
     321325.000 ns	     32131	800069c0	008dc433	xor	x8,x27,x8	 x27:0x00000000  x8:0x00000040  x8=0x00000040
     321355.000 ns	     32134	800069c4	11937a53	fmul.s	f20,f6,f25	  f6:0x00000000 f25:0x00000000 f20=0x00000000
     321385.000 ns	     32137	800069c8	a1e28ad3	fle.s	x21,f5,f30	  f5:0x00000000 f30:0x6761d000 x21=0x00000001
     321415.000 ns	     32140	800069cc	02502ab3	mulhsu	x21,x0,x5	  x0:0x00000000  x5:0xde000000 x21=0x00000000
     321445.000 ns	     32143	800069d0	e00d0253	fmv.x.w	x4,f26	 f26:0x00000000  x4=0x00000000
     321485.000 ns	     32147	800069d4	119932d3	fmul.s	f5,f18,f25	 f18:0x2700036a f25:0x00000000  f5=0x00000000
     321505.000 ns	     32149	800069d8	ae5a4c93	xori	x25,x20,-1307	 x20:0xffffffff x25=0x0000051a
     321525.000 ns	     32151	800069dc	21ed9053	fsgnjn.s	f0,f27,f30	 f27:0x00000000 f30:0x6761d000  f0=0x80000000
     322705.000 ns	     32269	800069e0	580181d3	fsqrt.s	f3,f3	  f3:0x44134000  f3=0x41503d8e
     322725.000 ns	     32271	800069e4	006a8b33	add	x22,x21,x6	 x21:0x00000000  x6:0x00000000 x22=0x00000000
     322745.000 ns	     32273	800069e8	e0039753	fclass.s	x14,f7	  f7:0x44134000 x14=0x00000040
     322765.000 ns	     32275	800069ec	525a8413	addi	x8,x21,1317	 x21:0x00000000  x8=0x00000525
     322785.000 ns	     32277	800069f0	03b83a33	mulhu	x20,x16,x27	 x16:0x00000002 x27:0x00000000 x20=0x00000000
     322805.000 ns	     32279	800069f4	07c02293	slti	x5,x0,124	  x0:0x00000000  x5=0x00000001
     322815.000 ns	     32280	800069f8	016551b3	srl	x3,x10,x22	 x10:0x00000000 x22:0x00000000  x3=0x00000000
     322825.000 ns	     32281	800069fc	41bad833	sra	x16,x21,x27	 x21:0x00000000 x27:0x00000000 x16=0x00000000
     322835.000 ns	     32282	80006a00	c7a56d93	ori	x27,x10,-902	 x10:0x00000000 x27=0xfffffc7a
     322845.000 ns	     32283	80006a04	a0fd8d13	addi	x26,x27,-1521	 x27:0x00000000 x26=0xfffff689
     322875.000 ns	     32286	80006a08	5802b1d3	fsqrt.s	f3,f5	  f5:0x00000000  f3=0x00000000
     322905.000 ns	     32289	80006a0c	f00802d3	fmv.w.x	f5,x16	 x16:0x00000000  f5=0x00000000
     322925.000 ns	     32291	80006a10	01919f93	slli	x31,x3,0x19	  x3:0x00000000 x31=0x00000000
     322935.000 ns	     32292	80006a14	a32b3b37	lui	x22,0xa32b3	 x22=0xa32b3000
     322955.000 ns	     32294	80006a18	e0060a53	fmv.x.w	x20,f12	 f12:0x46b50958 x20=0x46b50958
     322975.000 ns	     32296	80006a1c	315003b7	lui	x7,0x31500	  x7=0x31500000
     323335.000 ns	     32332	80006a20	033f6b33	rem	x22,x30,x19	 x30:0xffffffff x19:0x1710d712 x22=0xffffffff
     323355.000 ns	     32334	80006a24	00403fb3	sltu	x31,x0,x4	  x0:0x00000000  x4:0x00000000 x31=0x00000000
     323365.000 ns	     32335	80006a28	41b98bb3	sub	x23,x19,x27	 x19:0x1710d712 x27:0xfffffc7a x23=0x1710da98
     323375.000 ns	     32336	80006a2c	00c2dc93	srli	x25,x5,0xc	  x5:0x00000001 x25=0x00000000
     323385.000 ns	     32337	80006a30	40a05833	sra	x16,x0,x10	  x0:0x00000000 x10:0x00000000 x16=0x00000000
     323395.000 ns	     32338	80006a34	70e33d13	sltiu	x26,x6,1806	  x6:0x00000000 x26=0x00000001
     323405.000 ns	     32339	80006a38	00179d33	sll	x26,x15,x1	 x15:0x00000040  x1:0x00000000 x26=0x00000040
     323425.000 ns	     32341	80006a3c	a1390e53	fle.s	x28,f18,f19	 f18:0x2700036a f19:0x00000000 x28=0x00000000
     323455.000 ns	     32344	80006a40	204117d3	fsgnjn.s	f15,f2,f4	  f2:0x80041024  f4:0x4f00036a f15=0x80041024
     323505.000 ns	     32349	80006a44	016083d3	fadd.s	f7,f1,f22	  f1:0x80000000 f22:0x7fc00000  f7=0x7fc00000
     323525.000 ns	     32351	80006a48	00000013	addi	x0,x0,0	  x0:0x00000000
     323535.000 ns	     32352	80006a4c	3fcda513	slti	x10,x27,1020	 x27:0xfffffc7a x10=0x00000001
     323565.000 ns	     32355	80006a50	18fafdd3	fdiv.s	f27,f21,f15	 f21:0x00000000 f15:0x80041024 f27=0x80000000
     323595.000 ns	     32358	80006a54	c00246d3	fcvt.w.s	x13,f4	  f4:0x4f00036a x13=0x7fffffff
     323635.000 ns	     32362	80006a58	10b813d3	fmul.s	f7,f16,f11	 f16:0x4f7b9bc2 f11:0xcf1714e7  f7=0xdf147d6a
     323655.000 ns	     32364	80006a5c	00000013	addi	x0,x0,0	  x0:0x00000000
     323675.000 ns	     32366	80006a60	03378db3	mul	x27,x15,x19	 x15:0x00000040 x19:0x1710d712 x27=0xc435c480
     323695.000 ns	     32368	80006a64	f74c6c93	ori	x25,x24,-140	 x24:0x00000000 x25=0xffffff74
     323705.000 ns	     32369	80006a68	40995493	srai	x9,x18,0x9	 x18:0xeb66b7bc  x9=0xfff5b35b
     323715.000 ns	     32370	80006a6c	edcff117	auipc	x2,0xedcff	  x2=0x6dd05a6c
     323735.000 ns	     32372	80006a70	030e3433	mulhu	x8,x28,x16	 x28:0x00000000 x16:0x00000000  x8=0x00000000
     323775.000 ns	     32376	80006a74	113b8853	fmul.s	f16,f23,f19	 f23:0xbf800000 f19:0x00000000 f16=0x80000000
     323805.000 ns	     32379	80006a78	023afb33	remu	x22,x21,x3	 x21:0x00000000  x3:0x00000000 x22=0x00000000
     324175.000 ns	     32416	80006a7c	03b04cb3	div	x25,x0,x27	  x0:0x00000000 x27:0xc435c480 x25=0x00000000
     324195.000 ns	     32418	80006a80	008e1eb3	sll	x29,x28,x8	 x28:0x00000000  x8:0x00000000 x29=0x00000000
     324235.000 ns	     32422	80006a84	01be1d53	fadd.s	f26,f28,f27	 f28:0x00000000 f27:0x80000000 f26=0x80000000
     324285.000 ns	     32427	80006a88	08f7fc53	fsub.s	f24,f15,f15	 f15:0x80041024 f15:0x80041024 f24=0x00000000
     324305.000 ns	     32429	80006a8c	008aa633	slt	x12,x21,x8	 x21:0x00000000  x8:0x00000000 x12=0x00000000
     324315.000 ns	     32430	80006a90	0138e433	or	x8,x17,x19	 x17:0x80040fe4 x19:0x1710d712  x8=0x9714dff6
     324325.000 ns	     32431	80006a94	011cd313	srli	x6,x25,0x11	 x25:0x00000000  x6=0x00000000
     324355.000 ns	     32434	80006a98	5806fad3	fsqrt.s	f21,f13	 f13:0x80000000 f21=0x80000000
     324375.000 ns	     32436	80006a9c	009a17b3	sll	x15,x20,x9	 x20:0x46b50958  x9:0xfff5b35b x15=0xc0000000
     324415.000 ns	     32440	80006aa0	00457753	fadd.s	f14,f10,f4	 f10:0x7f800000  f4:0x4f00036a f14=0x7f800000
     324445.000 ns	     32443	80006aa4	a0fb92d3	flt.s	x5,f23,f15	 f23:0xbf800000 f15:0x80041024  x5=0x00000001
     324475.000 ns	     32446	80006aa8	20278cd3	fsgnj.s	f25,f15,f2	 f15:0x80041024  f2:0x80041024 f25=0x80041024
     324495.000 ns	     32448	80006aac	006c2733	slt	x14,x24,x6	 x24:0x00000000  x6:0x00000000 x14=0x00000000
     324515.000 ns	     32450	80006ab0	e0081ed3	fclass.s	x29,f16	 f16:0x80000000 x29=0x00000008
     324535.000 ns	     32452	80006ab4	00214bb3	xor	x23,x2,x2	  x2:0x6dd05a6c  x2:0x6dd05a6c x23=0x00000000
     324545.000 ns	     32453	80006ab8	00000013	addi	x0,x0,0	  x0:0x00000000
     324555.000 ns	     32454	80006abc	41cadb93	srai	x23,x21,0x1c	 x21:0x00000000 x23=0x00000000
     324595.000 ns	     32458	80006ac0	01042353	fadd.s	f6,f8,f16	  f8:0x80000000 f16:0x80000000  f6=0x80000000
     324615.000 ns	     32460	80006ac4	007f16b3	sll	x13,x30,x7	 x30:0xffffffff  x7:0x31500000 x13=0xffffffff
     324645.000 ns	     32463	80006ac8	58032853	fsqrt.s	f16,f6	  f6:0x80000000 f16=0x80000000
     324675.000 ns	     32466	80006acc	d00b7dd3	fcvt.s.w	f27,x22	 x22:0x00000000 f27=0x00000000
     324695.000 ns	     32468	80006ad0	c6ff8e17	auipc	x28,0xc6ff8	 x28=0x46ffead0
     324715.000 ns	     32470	80006ad4	d013ffd3	fcvt.s.wu	f31,x7	  x7:0x31500000 f31=0x4e454000
     324745.000 ns	     32473	80006ad8	034c2633	mulhsu	x12,x24,x20	 x24:0x00000000 x20:0x46b50958 x12=0x00000000
     324775.000 ns	     32476	80006adc	f00c0953	fmv.w.x	f18,x24	 x24:0x00000000 f18=0x00000000
     324795.000 ns	     32478	80006ae0	008dafb3	slt	x31,x27,x8	 x27:0xc435c480  x8:0x9714dff6 x31=0x00000000
     324815.000 ns	     32480	80006ae4	d01b2853	fcvt.s.wu	f16,x22	 x22:0x00000000 f16=0x00000000
     324835.000 ns	     32482	80006ae8	41650eb3	sub	x29,x10,x22	 x10:0x00000001 x22:0x00000000 x29=0x00000001
     324855.000 ns	     32484	80006aec	21e0a953	fsgnjx.s	f18,f1,f30	  f1:0x80000000 f30:0x6761d000 f18=0x80000000
     324885.000 ns	     32487	80006af0	03c31033	mulh	x0,x6,x28	  x6:0x00000000 x28:0x46ffead0
     324905.000 ns	     32489	80006af4	005abbb3	sltu	x23,x21,x5	 x21:0x00000000  x5:0x00000001 x23=0x00000001
     324915.000 ns	     32490	80006af8	01601233	sll	x4,x0,x22	  x0:0x00000000 x22:0x00000000  x4=0x00000000
     324935.000 ns	     32492	80006afc	0377a533	mulhsu	x10,x15,x23	 x15:0xc0000000 x23:0x00000000 x10=0xffffffff
     324965.000 ns	     32495	80006b00	e00c8853	fmv.x.w	x16,f25	 f25:0x80041024 x16=0x80041024
     324985.000 ns	     32497	80006b04	01ecd733	srl	x14,x25,x30	 x25:0x00000000 x30:0xffffffff x14=0x00000000
     324995.000 ns	     32498	80006b08	00776a13	ori	x20,x14,7	 x14:0x00000000 x20=0x00000007
     325005.000 ns	     32499	80006b0c	1c9fe813	ori	x16,x31,457	 x31:0x00000000 x16=0x000001c9
     325025.000 ns	     32501	80006b10	0281b733	mulhu	x14,x3,x8	  x3:0x00000000  x8:0x9714dff6 x14=0x00000000
     325055.000 ns	     32504	80006b14	287c1553	fmax.s	f10,f24,f7	 f24:0x00000000  f7:0xdf147d6a f10=0x00000000
     325085.000 ns	     32507	80006b18	291e0c53	fmin.s	f24,f28,f17	 f28:0x00000000 f17:0x00000000 f24=0x00000000
     325115.000 ns	     32510	80006b1c	a045a653	feq.s	x12,f11,f4	 f11:0xcf1714e7  f4:0x4f00036a x12=0x00000000
     325145.000 ns	     32513	80006b20	c01ebc53	fcvt.wu.s	x24,f29	 f29:0x00000000 x24=0x00000000
     325165.000 ns	     32515	80006b24	a5f3a313	slti	x6,x7,-1441	  x7:0x31500000  x6=0x00000000
     325185.000 ns	     32517	80006b28	d01071d3	fcvt.s.wu	f3,x0	  x0:0x00000000  f3=0x00000000
     325205.000 ns	     32519	80006b2c	d9193613	sltiu	x12,x18,-623	 x18:0xeb66b7bc x12=0x00000001
     325225.000 ns	     32521	80006b30	a0c511d3	flt.s	x3,f10,f12	 f10:0x00000000 f12:0x46b50958  x3=0x00000001
     325255.000 ns	     32524	80006b34	28e908d3	fmin.s	f17,f18,f14	 f18:0x80000000 f14:0x7f800000 f17=0x80000000
     325275.000 ns	     32526	80006b38	002dde93	srli	x29,x27,0x2	 x27:0xc435c480 x29=0x310d7120
     325285.000 ns	     32527	80006b3c	001cfeb3	and	x29,x25,x1	 x25:0x00000000  x1:0x00000000 x29=0x00000000
     325305.000 ns	     32529	80006b40	d00473d3	fcvt.s.w	f7,x8	  x8:0x9714dff6  f7=0xced1d640
     325335.000 ns	     32532	80006b44	030f01b3	mul	x3,x30,x16	 x30:0xffffffff x16:0x000001c9  x3=0xfffffe37
     325365.000 ns	     32535	80006b48	02fe0a33	mul	x20,x28,x15	 x28:0x46ffead0 x15:0xc0000000 x20=0x00000000
     325395.000 ns	     32538	80006b4c	c0047053	fcvt.w.s	x0,f8	  f8:0x80000000
     325445.000 ns	     32543	80006b50	098181d3	fsub.s	f3,f3,f24	  f3:0x00000000 f24:0x00000000  f3=0x80000000
     325475.000 ns	     32546	80006b54	e00d0553	fmv.x.w	x10,f26	 f26:0x80000000 x10=0x80000000
     325845.000 ns	     32583	80006b58	02f47d33	remu	x26,x8,x15	  x8:0x9714dff6 x15:0xc0000000 x26=0x9714dff6
     325875.000 ns	     32586	80006b5c	03617cb3	remu	x25,x2,x22	  x2:0x6dd05a6c x22:0x00000000 x25=0x6dd05a6c
     325905.000 ns	     32589	80006b60	c01f3e53	fcvt.wu.s	x28,f30	 f30:0x6761d000 x28=0xffffffff
     325935.000 ns	     32592	80006b64	d001f3d3	fcvt.s.w	f7,x3	  x3:0xfffffe37  f7=0xc3e48000
     325965.000 ns	     32595	80006b68	c0177153	fcvt.wu.s	x2,f14	 f14:0x7f800000  x2=0xffffffff
     325985.000 ns	     32597	80006b6c	c4338713	addi	x14,x7,-957	  x7:0x31500000 x14=0x314ffc43
     326015.000 ns	     32600	80006b70	11ba96d3	fmul.s	f13,f21,f27	 f21:0x80000000 f27:0x00000000 f13=0x80000000
     326045.000 ns	     32603	80006b74	e0019353	fclass.s	x6,f3	  f3:0x80000000  x6=0x00000008
     326075.000 ns	     32606	80006b78	a04680d3	fle.s	x1,f13,f4	 f13:0x80000000  f4:0x4f00036a  x1=0x00000001
     326105.000 ns	     32609	80006b7c	02698833	mul	x16,x19,x6	 x19:0x1710d712  x6:0x00000008 x16=0xb886b890
     326145.000 ns	     32613	80006b80	580a3753	fsqrt.s	f14,f20	 f20:0x00000000 f14=0x00000000
     326165.000 ns	     32615	80006b84	00c81633	sll	x12,x16,x12	 x16:0xb886b890 x12:0x00000001 x12=0x710d7120
     326185.000 ns	     32617	80006b88	a0249153	flt.s	x2,f9,f2	  f9:0x00000000  f2:0x80041024  x2=0x00000000
     326205.000 ns	     32619	80006b8c	0be2cf13	xori	x30,x5,190	  x5:0x00000001 x30=0x000000bf
     326235.000 ns	     32622	80006b90	10bd37d3	fmul.s	f15,f26,f11	 f26:0x80000000 f11:0xcf1714e7 f15=0x00000000
     326255.000 ns	     32624	80006b94	5bba1417	auipc	x8,0x5bba1	  x8=0xdbba7b94
     326275.000 ns	     32626	80006b98	a0b41e53	flt.s	x28,f8,f11	  f8:0x80000000 f11:0xcf1714e7 x28=0x00000000
     326295.000 ns	     32628	80006b9c	0167c733	xor	x14,x15,x22	 x15:0xc0000000 x22:0x00000000 x14=0xc0000000
     326305.000 ns	     32629	80006ba0	08ff2337	lui	x6,0x8ff2	  x6=0x08ff2000
     326325.000 ns	     32631	80006ba4	03263233	mulhu	x4,x12,x18	 x12:0x710d7120 x18:0xeb66b7bc  x4=0x67f4b357
     326345.000 ns	     32633	80006ba8	00000013	addi	x0,x0,0	  x0:0x00000000
     326365.000 ns	     32635	80006bac	c016fad3	fcvt.wu.s	x21,f13	 f13:0x80000000 x21=0x00000000
     326405.000 ns	     32639	80006bb0	580e7353	fsqrt.s	f6,f28	 f28:0x00000000  f6=0x00000000
     326435.000 ns	     32642	80006bb4	023f1433	mulh	x8,x30,x3	 x30:0x000000bf  x3:0xfffffe37  x8=0xffffffff
     326465.000 ns	     32645	80006bb8	2077ad53	fsgnjx.s	f26,f15,f7	 f15:0x00000000  f7:0xc3e48000 f26=0x80000000
     326485.000 ns	     32647	80006bbc	00000013	addi	x0,x0,0	  x0:0x00000000
     326505.000 ns	     32649	80006bc0	02130733	mul	x14,x6,x1	  x6:0x08ff2000  x1:0x00000001 x14=0x08ff2000
     326535.000 ns	     32652	80006bc4	c00f14d3	fcvt.w.s	x9,f30	 f30:0x6761d000  x9=0x7fffffff
     326905.000 ns	     32689	80006bc8	03a450b3	divu	x1,x8,x26	  x8:0xffffffff x26:0x9714dff6  x1=0x00000001
     326935.000 ns	     32692	80006bcc	2130a053	fsgnjx.s	f0,f1,f19	  f1:0x80000000 f19:0x00000000  f0=0x80000000
     327305.000 ns	     32729	80006bd0	02a8f133	remu	x2,x17,x10	 x17:0x80040fe4 x10:0x80000000  x2=0x00040fe4
     327325.000 ns	     32731	80006bd4	01abd713	srli	x14,x23,0x1a	 x23:0x00000001 x14=0x00000000
     327335.000 ns	     32732	80006bd8	a1056713	ori	x14,x10,-1520	 x10:0x80000000 x14=0xfffffa10
     327345.000 ns	     32733	80006bdc	0182fbb3	and	x23,x5,x24	  x5:0x00000001 x24:0x00000000 x23=0x00000000
     327355.000 ns	     32734	80006be0	00173233	sltu	x4,x14,x1	 x14:0x00000000  x1:0x00000001  x4=0x00000000
     327375.000 ns	     32736	80006be4	284887d3	fmin.s	f15,f17,f4	 f17:0x80000000  f4:0x4f00036a f15=0x80000000
     327745.000 ns	     32773	80006be8	0269c7b3	div	x15,x19,x6	 x19:0x1710d712  x6:0x08ff2000 x15=0x00000002
     327765.000 ns	     32775	80006bec	015316b3	sll	x13,x6,x21	  x6:0x08ff2000 x21:0x00000000 x13=0x08ff2000
     327785.000 ns	     32777	80006bf0	c0174553	fcvt.wu.s	x10,f14	 f14:0x00000000 x10=0x00000000
     327805.000 ns	     32779	80006bf4	00000013	addi	x0,x0,0	  x0:0x00000000
     327815.000 ns	     32780	80006bf8	01ddd813	srli	x16,x27,0x1d	 x27:0xc435c480 x16=0x00000006
     327825.000 ns	     32781	80006bfc	413c5db3	sra	x27,x24,x19	 x24:0x00000000 x19:0x1710d712 x27=0x00000000
     327845.000 ns	     32783	80006c00	219928d3	fsgnjx.s	f17,f18,f25	 f18:0x80000000 f25:0x80041024 f17=0x00000000
     327875.000 ns	     32786	80006c04	03cde733	rem	x14,x27,x28	 x27:0xc435c480 x28:0x00000000 x14=0x00000000
     327905.000 ns	     32789	80006c08	d0018653	fcvt.s.w	f12,x3	  x3:0xfffffe37 f12=0xc3e48000
     327925.000 ns	     32791	80006c0c	01b05033	srl	x0,x0,x27	  x0:0x00000000 x27:0x00000000
     327935.000 ns	     32792	80006c10	01a05713	srli	x14,x0,0x1a	  x0:0x00000000 x14=0x00000000
     327955.000 ns	     32794	80006c14	02457433	remu	x8,x10,x4	 x10:0x00000000  x4:0x00000000  x8=0x00000000
     327975.000 ns	     32796	80006c18	17a351b7	lui	x3,0x17a35	  x3=0x17a35000
     327995.000 ns	     32798	80006c1c	e00b1a53	fclass.s	x20,f22	 f22:0x7fc00000 x20=0x00000200
     328015.000 ns	     32800	80006c20	54f17a93	andi	x21,x2,1359	  x2:0x00040fe4 x21=0x00000544
     328025.000 ns	     32801	80006c24	00000013	addi	x0,x0,0	  x0:0x00000000
     328045.000 ns	     32803	80006c28	03ce3fb3	mulhu	x31,x28,x28	 x28:0x00000000 x28:0x00000000 x31=0x00000000
     328415.000 ns	     32840	80006c2c	02d9de33	divu	x28,x19,x13	 x19:0x1710d712 x13:0x08ff2000 x28=0x00000002
     328435.000 ns	     32842	80006c30	00000013	addi	x0,x0,0	  x0:0x00000000
     328445.000 ns	     32843	80006c34	01bbf133	and	x2,x23,x27	 x23:0x00000000 x27:0x00000000  x2=0x00000000
     328475.000 ns	     32846	80006c38	1982f5d3	fdiv.s	f11,f5,f24	  f5:0x00000000 f24:0x00000000 f11=0x7fc00000
     328505.000 ns	     32849	80006c3c	20a59cd3	fsgnjn.s	f25,f11,f10	 f11:0xcf1714e7 f10:0x00000000 f25=0xffc00000
     328535.000 ns	     32852	80006c40	c0077753	fcvt.w.s	x14,f14	 f14:0x00000000 x14=0x00000000
     328565.000 ns	     32855	80006c44	02f20a33	mul	x20,x4,x15	  x4:0x00000000 x15:0x00000002 x20=0x00000000
     328595.000 ns	     32858	80006c48	02dcafb3	mulhsu	x31,x25,x13	 x25:0x6dd05a6c x13:0x08ff2000 x31=0x03dbf317
     328615.000 ns	     32860	80006c4c	d3b15697	auipc	x13,0xd3b15	 x13=0x53b1bc4c
     328625.000 ns	     32861	80006c50	0162edb3	or	x27,x5,x22	  x5:0x00000001 x22:0x00000000 x27=0x00000001
     328635.000 ns	     32862	80006c54	00ac2833	slt	x16,x24,x10	 x24:0x00000000 x10:0x00000000 x16=0x00000000
     328655.000 ns	     32864	80006c58	a0231953	flt.s	x18,f6,f2	  f6:0x00000000  f2:0x80041024 x18=0x00000000
     328685.000 ns	     32867	80006c5c	21110753	fsgnj.s	f14,f2,f17	  f2:0x80041024 f17:0x00000000 f14=0x00041024
     328715.000 ns	     32870	80006c60	a0c50d53	fle.s	x26,f10,f12	 f10:0x00000000 f12:0xc3e48000 x26=0x00000000
     328735.000 ns	     32872	80006c64	0038b0b3	sltu	x1,x17,x3	 x17:0x80040fe4  x3:0x17a35000  x1=0x00000000
     328755.000 ns	     32874	80006c68	a0cfaed3	feq.s	x29,f31,f12	 f31:0x4e454000 f12:0xc3e48000 x29=0x00000000
     328785.000 ns	     32877	80006c6c	20651a53	fsgnjn.s	f20,f10,f6	 f10:0x00000000  f6:0x00000000 f20=0x80000000
     328815.000 ns	     32880	80006c70	d01fa653	fcvt.s.wu	f12,x31	 x31:0x03dbf317 f12=0x4c76fcc6
     328845.000 ns	     32883	80006c74	283a1f53	fmax.s	f30,f20,f3	 f20:0x80000000  f3:0x80000000 f30=0x80000000
     328875.000 ns	     32886	80006c78	a1710053	fle.s	x0,f2,f23	  f2:0x80041024 f23:0xbf800000
     328895.000 ns	     32888	80006c7c	00d11313	slli	x6,x2,0xd	  x2:0x00000000  x6=0x00000000
     328915.000 ns	     32890	80006c80	026f2733	mulhsu	x14,x30,x6	 x30:0x000000bf  x6:0x08ff2000 x14=0x00000000
     328945.000 ns	     32893	80006c84	03383333	mulhu	x6,x16,x19	 x16:0x00000000 x19:0x1710d712  x6=0x00000000
     328975.000 ns	     32896	80006c88	02178e33	mul	x28,x15,x1	 x15:0x00000002  x1:0x00000000 x28=0x00000000
     329005.000 ns	     32899	80006c8c	f0040d53	fmv.w.x	f26,x8	  x8:0x00000000 f26=0x00000000
     329025.000 ns	     32901	80006c90	47b4ae93	slti	x29,x9,1147	  x9:0x7fffffff x29=0x00000000
     329035.000 ns	     32902	80006c94	41e9dd93	srai	x27,x19,0x1e	 x19:0x1710d712 x27=0x00000000
     329055.000 ns	     32904	80006c98	21ee0fd3	fsgnj.s	f31,f28,f30	 f28:0x00000000 f30:0x80000000 f31=0x80000000
     329085.000 ns	     32907	80006c9c	20c30bd3	fsgnj.s	f23,f6,f12	  f6:0x00000000 f12:0x4c76fcc6 f23=0x00000000
     329105.000 ns	     32909	80006ca0	01cf0133	add	x2,x30,x28	 x30:0x000000bf x28:0x00000000  x2=0x000000bf
     329125.000 ns	     32911	80006ca4	02c3bab3	mulhu	x21,x7,x12	  x7:0x31500000 x12:0x710d7120 x21=0x15c6e6da
     329155.000 ns	     32914	80006ca8	03cf0933	mul	x18,x30,x28	 x30:0x000000bf x28:0x00000000 x18=0x00000000
     329525.000 ns	     32951	80006cac	02deeb33	rem	x22,x29,x13	 x29:0x00000000 x13:0x53b1bc4c x22=0x00000000
     329555.000 ns	     32954	80006cb0	20f42253	fsgnjx.s	f4,f8,f15	  f8:0x80000000 f15:0x80000000  f4=0x00000000
     329595.000 ns	     32958	80006cb4	11d29553	fmul.s	f10,f5,f29	  f5:0x00000000 f29:0x00000000 f10=0x00000000
     329615.000 ns	     32960	80006cb8	cf5c7613	andi	x12,x24,-779	 x24:0x00000000 x12=0x00000000
     329625.000 ns	     32961	80006cbc	bc58fa97	auipc	x21,0xbc58f	 x21=0x3c595cbc
     329645.000 ns	     32963	80006cc0	0266c433	div	x8,x13,x6	 x13:0x53b1bc4c  x6:0x00000000  x8=0xffffffff
     329675.000 ns	     32966	80006cc4	f0008d53	fmv.w.x	f26,x1	  x1:0x00000000 f26=0x00000000
     329705.000 ns	     32969	80006cc8	d01d1653	fcvt.s.wu	f12,x26	 x26:0x00000000 f12=0x00000000
     329735.000 ns	     32972	80006ccc	c0147553	fcvt.wu.s	x10,f8	  f8:0x80000000 x10=0x00000000
     329755.000 ns	     32974	80006cd0	61df6b13	ori	x22,x30,1565	 x30:0x000000bf x22=0x000006bf
     329775.000 ns	     32976	80006cd4	038c7eb3	remu	x29,x24,x24	 x24:0x00000000 x24:0x00000000 x29=0x00000000
     329795.000 ns	     32978	80006cd8	41e40ab3	sub	x21,x8,x30	  x8:0xffffffff x30:0x000000bf x21=0xffffff40
     329815.000 ns	     32980	80006cdc	0308e133	rem	x2,x17,x16	 x17:0x80040fe4 x16:0x00000000  x2=0x80040fe4
     329865.000 ns	     32985	80006ce0	08e870d3	fsub.s	f1,f16,f14	 f16:0x00000000 f14:0x00041024  f1=0x80041024
     329885.000 ns	     32987	80006ce4	336243b7	lui	x7,0x33624	  x7=0x33624000
     329915.000 ns	     32990	80006ce8	182f7253	fdiv.s	f4,f30,f2	 f30:0x80000000  f2:0x80041024  f4=0x00000000
     329945.000 ns	     32993	80006cec	0234b133	mulhu	x2,x9,x3	  x9:0x7fffffff  x3:0x17a35000  x2=0x0bd1a7ff
     329965.000 ns	     32995	80006cf0	7220e613	ori	x12,x1,1826	  x1:0x00000000 x12=0x00000722
     329985.000 ns	     32997	80006cf4	20309353	fsgnjn.s	f6,f1,f3	  f1:0x80041024  f3:0x80000000  f6=0x00041024
     330005.000 ns	     32999	80006cf8	011460b3	or	x1,x8,x17	  x8:0xffffffff x17:0x80040fe4  x1=0xffffffff
     330015.000 ns	     33000	80006cfc	40a55813	srai	x16,x10,0xa	 x10:0x00000000 x16=0x00000000
     330025.000 ns	     33001	80006d00	40b85c13	srai	x24,x16,0xb	 x16:0x00000000 x24=0x00000000
     330035.000 ns	     33002	80006d04	2b904a93	xori	x21,x0,697	  x0:0x00000000 x21=0x000002b9
     330055.000 ns	     33004	80006d08	0378ca33	div	x20,x17,x23	 x17:0x80040fe4 x23:0x00000000 x20=0xffffffff
     330085.000 ns	     33007	80006d0c	033936b3	mulhu	x13,x18,x19	 x18:0x00000000 x19:0x1710d712 x13=0x00000000
     330455.000 ns	     33044	80006d10	03e7fb33	remu	x22,x15,x30	 x15:0x00000002 x30:0x000000bf x22=0x00000002
     330485.000 ns	     33047	80006d14	e0018c53	fmv.x.w	x24,f3	  f3:0x80000000 x24=0x80000000
     330505.000 ns	     33049	80006d18	2ec90113	addi	x2,x18,748	 x18:0x00000000  x2=0x000002ec
     330515.000 ns	     33050	80006d1c	008cac33	slt	x24,x25,x8	 x25:0x6dd05a6c  x8:0xffffffff x24=0x00000000
     330535.000 ns	     33052	80006d20	027a90b3	mulh	x1,x21,x7	 x21:0x000002b9  x7:0x33624000  x1=0x0000008b
     330565.000 ns	     33055	80006d24	d018a6d3	fcvt.s.wu	f13,x17	 x17:0x80040fe4 f13=0x4f000410
     330595.000 ns	     33058	80006d28	a12b1953	flt.s	x18,f22,f18	 f22:0x7fc00000 f18:0x80000000 x18=0x00000000
     330615.000 ns	     33060	80006d2c	40df0333	sub	x6,x30,x13	 x30:0x000000bf x13:0x00000000  x6=0x000000bf
     330625.000 ns	     33061	80006d30	46287913	andi	x18,x16,1122	 x16:0x00000000 x18=0x00000000
     330635.000 ns	     33062	80006d34	00000013	addi	x0,x0,0	  x0:0x00000000
     330645.000 ns	     33063	80006d38	fe94bc97	auipc	x25,0xfe94b	 x25=0x7e951d38
     331005.000 ns	     33099	80006d3c	02117533	remu	x10,x2,x1	  x2:0x000002ec  x1:0x0000008b x10=0x00000035
     331025.000 ns	     33101	80006d40	40a4d4b3	sra	x9,x9,x10	  x9:0x7fffffff x10:0x00000000  x9=0x000003ff
     331035.000 ns	     33102	80006d44	00000013	addi	x0,x0,0	  x0:0x00000000
     331065.000 ns	     33105	80006d48	18553e53	fdiv.s	f28,f10,f5	 f10:0x00000000  f5:0x00000000 f28=0x7fc00000
     331115.000 ns	     33110	80006d4c	00adc4d3	fadd.s	f9,f27,f10	 f27:0x00000000 f10:0x00000000  f9=0x00000000
     331155.000 ns	     33114	80006d50	1960b453	fdiv.s	f8,f1,f22	  f1:0x80041024 f22:0x7fc00000  f8=0x7fc00000
     331185.000 ns	     33117	80006d54	d0059bd3	fcvt.s.w	f23,x11	 x11:0x80041024 f23=0xcefff7df
     331215.000 ns	     33120	80006d58	02e7f333	remu	x6,x15,x14	 x15:0x00000002 x14:0x00000000  x6=0x00000002
     331245.000 ns	     33123	80006d5c	02acae33	mulhsu	x28,x25,x10	 x25:0x7e951d38 x10:0x00000035 x28=0x0000001a
     331265.000 ns	     33125	80006d60	010d8c33	add	x24,x27,x16	 x27:0x00000000 x16:0x00000000 x24=0x00000000
     331275.000 ns	     33126	80006d64	00665f13	srli	x30,x12,0x6	 x12:0x00000722 x30=0x0000001c
     331295.000 ns	     33128	80006d68	f00c0fd3	fmv.w.x	f31,x24	 x24:0x00000000 f31=0x00000000
     331325.000 ns	     33131	80006d6c	d016f4d3	fcvt.s.wu	f9,x13	 x13:0x00000000  f9=0x00000000
     331355.000 ns	     33134	80006d70	c0011253	fcvt.w.s	x4,f2	  f2:0x80041024  x4=0x00000000
     331405.000 ns	     33139	80006d74	088d7dd3	fsub.s	f27,f26,f8	 f26:0x00000000  f8:0x7fc00000 f27=0x7fc00000
     331435.000 ns	     33142	80006d78	c001b0d3	fcvt.w.s	x1,f3	  f3:0x80000000  x1=0x00000000
     331455.000 ns	     33144	80006d7c	cf114cb7	lui	x25,0xcf114	 x25=0xcf114000
     331475.000 ns	     33146	80006d80	21b68cd3	fsgnj.s	f25,f13,f27	 f13:0x4f000410 f27:0x7fc00000 f25=0x4f000410
     331845.000 ns	     33183	80006d84	0266f233	remu	x4,x13,x6	 x13:0x00000000  x6:0x00000002  x4=0x00000000
     332215.000 ns	     33220	80006d88	03cb57b3	divu	x15,x22,x28	 x22:0x00000002 x28:0x0000001a x15=0x00000000
     332255.000 ns	     33224	80006d8c	10bd20d3	fmul.s	f1,f26,f11	 f26:0x00000000 f11:0x7fc00000  f1=0x7fc00000
     332275.000 ns	     33226	80006d90	e730d397	auipc	x7,0xe730d	  x7=0x67313d90
     332285.000 ns	     33227	80006d94	01429093	slli	x1,x5,0x14	  x5:0x00000001  x1=0x00100000
     332315.000 ns	     33230	80006d98	10ecfa53	fmul.s	f20,f25,f14	 f25:0x4f000410 f14:0x00041024 f20=0x0d8208a1
     332345.000 ns	     33233	80006d9c	21d80353	fsgnj.s	f6,f16,f29	 f16:0x00000000 f29:0x00000000  f6=0x00000000
     332365.000 ns	     33235	80006da0	007011b3	sll	x3,x0,x7	  x0:0x00000000  x7:0x67313d90  x3=0x00000000
     332385.000 ns	     33237	80006da4	027cac33	mulhsu	x24,x25,x7	 x25:0xcf114000  x7:0x67313d90 x24=0xec468748
     332415.000 ns	     33240	80006da8	212b9853	fsgnjn.s	f16,f23,f18	 f23:0xcefff7df f18:0x80000000 f16=0x4efff7df
     332455.000 ns	     33244	80006dac	190eb3d3	fdiv.s	f7,f29,f16	 f29:0x00000000 f16:0x00000000  f7=0x00000000
     332485.000 ns	     33247	80006db0	c0077953	fcvt.w.s	x18,f14	 f14:0x00041024 x18=0x00000000
     332515.000 ns	     33250	80006db4	a03e2e53	feq.s	x28,f28,f3	 f28:0x7fc00000  f3:0x80000000 x28=0x00000000
     332535.000 ns	     33252	80006db8	409a5cb3	sra	x25,x20,x9	 x20:0xffffffff  x9:0x000003ff x25=0xffffffff
     332545.000 ns	     33253	80006dbc	9b717f13	andi	x30,x2,-1609	  x2:0x000002ec x30=0x000000a4
     332565.000 ns	     33255	80006dc0	f0048753	fmv.w.x	f14,x9	  x9:0x000003ff f14=0x000003ff
     332585.000 ns	     33257	80006dc4	f9e06113	ori	x2,x0,-98	  x0:0x00000000  x2=0xffffff9e
     332595.000 ns	     33258	80006dc8	00698833	add	x16,x19,x6	 x19:0x1710d712  x6:0x00000002 x16=0x1710d714
     332605.000 ns	     33259	80006dcc	002bf2b3	and	x5,x23,x2	 x23:0x00000000  x2:0x000002ec  x5=0x00000000
     332615.000 ns	     33260	80006dd0	413f0e33	sub	x28,x30,x19	 x30:0x000000a4 x19:0x1710d712 x28=0xe8ef2992
     332635.000 ns	     33262	80006dd4	204a2b53	fsgnjx.s	f22,f20,f4	 f20:0x0d8208a1  f4:0x00000000 f22=0x0d8208a1
     332685.000 ns	     33267	80006dd8	084415d3	fsub.s	f11,f8,f4	  f8:0x7fc00000  f4:0x00000000 f11=0x7fc00000
     332705.000 ns	     33269	80006ddc	0057cd33	xor	x26,x15,x5	 x15:0x00000000  x5:0x00000000 x26=0x00000000
     332715.000 ns	     33270	80006de0	00f3df93	srli	x31,x7,0xf	  x7:0x67313d90 x31=0x0000ce62
     332735.000 ns	     33272	80006de4	c017fa53	fcvt.wu.s	x20,f15	 f15:0x80000000 x20=0x00000000
     332755.000 ns	     33274	80006de8	407e0433	sub	x8,x28,x7	 x28:0xe8ef2992  x7:0x67313d90  x8=0x81bdec02
     332765.000 ns	     33275	80006dec	084e2617	auipc	x12,0x84e2	 x12=0x884e8dec
     332805.000 ns	     33279	80006df0	00d614d3	fadd.s	f9,f12,f13	 f12:0x00000000 f13:0x4f000410  f9=0x4f000410
     332825.000 ns	     33281	80006df4	cab72e17	auipc	x28,0xcab72	 x28=0x4ab78df4
     332845.000 ns	     33283	80006df8	d019fe53	fcvt.s.wu	f28,x19	 x19:0x1710d712 f28=0x4db886b8
     332865.000 ns	     33285	80006dfc	014c2033	slt	x0,x24,x20	 x24:0xec468748 x20:0x00000000
     332885.000 ns	     33287	80006e00	d00f8953	fcvt.s.w	f18,x31	 x31:0x0000ce62 f18=0x474e6200
     332905.000 ns	     33289	80006e04	1e47f393	andi	x7,x15,484	 x15:0x00000000  x7=0x00000000
     332915.000 ns	     33290	80006e08	003317b3	sll	x15,x6,x3	  x6:0x00000002  x3:0x00000000 x15=0x00000002
     332925.000 ns	     33291	80006e0c	0047b4b3	sltu	x9,x15,x4	 x15:0x00000000  x4:0x00000000  x9=0x00000000
     332935.000 ns	     33292	80006e10	d5c17e93	andi	x29,x2,-676	  x2:0xffffff9e x29=0xfffffd1c
     332945.000 ns	     33293	80006e14	015dc933	xor	x18,x27,x21	 x27:0x00000000 x21:0x000002b9 x18=0x000002b9
     333305.000 ns	     33329	80006e18	022aeb33	rem	x22,x21,x2	 x21:0x000002b9  x2:0xffffff9e x22=0x0000000b
     334485.000 ns	     33447	80006e1c	5804f3d3	fsqrt.s	f7,f9	  f9:0x4f000410  f7=0x46b50a40
     334505.000 ns	     33449	80006e20	01a117b3	sll	x15,x2,x26	  x2:0xffffff9e x26:0x00000000 x15=0xffffff9e
     334525.000 ns	     33451	80006e24	29f281d3	fmin.s	f3,f5,f31	  f5:0x00000000 f31:0x00000000  f3=0x00000000
     334545.000 ns	     33453	80006e28	40c8d913	srai	x18,x17,0xc	 x17:0x80040fe4 x18=0xfff80040
     334575.000 ns	     33456	80006e2c	580ef2d3	fsqrt.s	f5,f29	 f29:0x00000000  f5=0x00000000
     334605.000 ns	     33459	80006e30	29d91a53	fmax.s	f20,f18,f29	 f18:0x474e6200 f29:0x00000000 f20=0x474e6200
     334625.000 ns	     33461	80006e34	002283b3	add	x7,x5,x2	  x5:0x00000000  x2:0xffffff9e  x7=0xffffff9e
     334665.000 ns	     33465	80006e38	084d12d3	fsub.s	f5,f26,f4	 f26:0x00000000  f4:0x00000000  f5=0x80000000
     334695.000 ns	     33468	80006e3c	a1b796d3	flt.s	x13,f15,f27	 f15:0x80000000 f27:0x7fc00000 x13=0x00000000
     334715.000 ns	     33470	80006e40	00826433	or	x8,x4,x8	  x4:0x00000000  x8:0x81bdec02  x8=0x81bdec02
     334725.000 ns	     33471	80006e44	53f4b013	sltiu	x0,x9,1343	  x9:0x00000000
     334745.000 ns	     33473	80006e48	29d20dd3	fmin.s	f27,f4,f29	  f4:0x00000000 f29:0x00000000 f27=0x00000000
     334765.000 ns	     33475	80006e4c	19730a93	addi	x21,x6,407	  x6:0x00000002 x21=0x00000199
     334775.000 ns	     33476	80006e50	00958133	add	x2,x11,x9	 x11:0x80041024  x9:0x00000000  x2=0x80041024
     334785.000 ns	     33477	80006e54	ef52ec13	ori	x24,x5,-267	  x5:0x00000000 x24=0xfffffef5
     334795.000 ns	     33478	80006e58	6dd44213	xori	x4,x8,1757	  x8:0x81bdec02  x4=0x81bdeadf
     334815.000 ns	     33480	80006e5c	e0009153	fclass.s	x2,f1	  f1:0x7fc00000  x2=0x00000200
     334845.000 ns	     33483	80006e60	02272633	mulhsu	x12,x14,x2	 x14:0x00000000  x2:0x80041024 x12=0x00000000
     334865.000 ns	     33485	80006e64	f6caa393	slti	x7,x21,-148	 x21:0x00000199  x7=0x00000000
     334875.000 ns	     33486	80006e68	00c86c33	or	x24,x16,x12	 x16:0x1710d714 x12:0x00000000 x24=0x1710d714
     334895.000 ns	     33488	80006e6c	202b8fd3	fsgnj.s	f31,f23,f2	 f23:0xcefff7df  f2:0x80041024 f31=0xcefff7df
     334915.000 ns	     33490	80006e70	41de56b3	sra	x13,x28,x29	 x28:0x4ab78df4 x29:0xfffffd1c x13=0x00000004
     334925.000 ns	     33491	80006e74	01519f33	sll	x30,x3,x21	  x3:0x00000000 x21:0x00000199 x30=0x00000000
     334945.000 ns	     33493	80006e78	21109fd3	fsgnjn.s	f31,f1,f17	  f1:0x7fc00000 f17:0x00000000 f31=0xffc00000
     334965.000 ns	     33495	80006e7c	0e0b8f13	addi	x30,x23,224	 x23:0x00000000 x30=0x000000e0
     334995.000 ns	     33498	80006e80	1936f8d3	fdiv.s	f17,f13,f19	 f13:0x4f000410 f19:0x00000000 f17=0x7f800000
     335015.000 ns	     33500	80006e84	40385813	srai	x16,x16,0x3	 x16:0x1710d714 x16=0x02e21ae2
     335035.000 ns	     33502	80006e88	e00b0ed3	fmv.x.w	x29,f22	 f22:0x0d8208a1 x29=0x0d8208a1
     335055.000 ns	     33504	80006e8c	fc6bb337	lui	x6,0xfc6bb	  x6=0xfc6bb000
     335065.000 ns	     33505	80006e90	00461393	slli	x7,x12,0x4	 x12:0x00000000  x7=0x00000000
     335075.000 ns	     33506	80006e94	01c2d633	srl	x12,x5,x28	  x5:0x00000000 x28:0x4ab78df4 x12=0x00000000
     335085.000 ns	     33507	80006e98	40e556b3	sra	x13,x10,x14	 x10:0x00000035 x14:0x00000000 x13=0x00000035
     335105.000 ns	     33509	80006e9c	20fe08d3	fsgnj.s	f17,f28,f15	 f28:0x4db886b8 f15:0x80000000 f17=0xcdb886b8
     335125.000 ns	     33511	80006ea0	00000013	addi	x0,x0,0	  x0:0x00000000
     335145.000 ns	     33513	80006ea4	e0049453	fclass.s	x8,f9	  f9:0x4f000410  x8=0x00000040
     335165.000 ns	     33515	80006ea8	2d82e797	auipc	x15,0x2d82e	 x15=0xad834ea8
     335195.000 ns	     33518	80006eac	197c3353	fdiv.s	f6,f24,f23	 f24:0x00000000 f23:0xcefff7df  f6=0x80000000
     335565.000 ns	     33555	80006eb0	03f1e533	rem	x10,x3,x31	  x3:0x00000000 x31:0x0000ce62 x10=0x00000000
     335595.000 ns	     33558	80006eb4	a03301d3	fle.s	x3,f6,f3	  f6:0x80000000  f3:0x00000000  x3=0x00000001
     335625.000 ns	     33561	80006eb8	c01d7c53	fcvt.wu.s	x24,f26	 f26:0x00000000 x24=0x00000000
     335655.000 ns	     33564	80006ebc	291514d3	fmax.s	f9,f10,f17	 f10:0x00000000 f17:0xcdb886b8  f9=0x00000000
     335675.000 ns	     33566	80006ec0	947aef93	ori	x31,x21,-1721	 x21:0x00000199 x31=0xfffff9df
     335695.000 ns	     33568	80006ec4	a064a3d3	feq.s	x7,f9,f6	  f9:0x00000000  f6:0x80000000  x7=0x00000001
     335735.000 ns	     33572	80006ec8	580ef453	fsqrt.s	f8,f29	 f29:0x00000000  f8=0x00000000
     335755.000 ns	     33574	80006ecc	1caa9497	auipc	x9,0x1caa9	  x9=0x9caafecc
     335775.000 ns	     33576	80006ed0	e00f03d3	fmv.x.w	x7,f30	 f30:0x80000000  x7=0x80000000
     335805.000 ns	     33579	80006ed4	298318d3	fmax.s	f17,f6,f24	  f6:0x80000000 f24:0x00000000 f17=0x00000000
     335835.000 ns	     33582	80006ed8	208aa5d3	fsgnjx.s	f11,f21,f8	 f21:0x80000000  f8:0x00000000 f11=0x80000000
     335865.000 ns	     33585	80006edc	d00e1253	fcvt.s.w	f4,x28	 x28:0x4ab78df4  f4=0x4e956f1b
     335885.000 ns	     33587	80006ee0	e7983693	sltiu	x13,x16,-391	 x16:0x02e21ae2 x13=0x00000001
     335915.000 ns	     33590	80006ee4	1109f8d3	fmul.s	f17,f19,f16	 f19:0x00000000 f16:0x4efff7df f17=0x00000000
     335945.000 ns	     33593	80006ee8	d01f3ed3	fcvt.s.wu	f29,x30	 x30:0x000000e0 f29=0x43600000
     335975.000 ns	     33596	80006eec	02a024b3	mulhsu	x9,x0,x10	  x0:0x00000000 x10:0x00000000  x9=0x00000000
     335995.000 ns	     33598	80006ef0	f6177f37	lui	x30,0xf6177	 x30=0xf6177000
     336005.000 ns	     33599	80006ef4	00b187b3	add	x15,x3,x11	  x3:0x00000001 x11:0x80041024 x15=0x80041025
     336365.000 ns	     33635	80006ef8	039f5633	divu	x12,x30,x25	 x30:0x000000e0 x25:0xffffffff x12=0x00000000
     336385.000 ns	     33637	80006efc	bd283c93	sltiu	x25,x16,-1070	 x16:0x02e21ae2 x25=0x00000001
     336405.000 ns	     33639	80006f00	20530e53	fsgnj.s	f28,f6,f5	  f6:0x80000000  f5:0x80000000 f28=0x80000000
     336435.000 ns	     33642	80006f04	28110153	fmin.s	f2,f2,f1	  f2:0x80041024  f1:0x7fc00000  f2=0x80041024
     336465.000 ns	     33645	80006f08	a1b72e53	feq.s	x28,f14,f27	 f14:0x000003ff f27:0x00000000 x28=0x00000000
     336485.000 ns	     33647	80006f0c	b5f5bd93	sltiu	x27,x11,-1185	 x11:0x80041024 x27=0x00000001
     336505.000 ns	     33649	80006f10	e00a0ed3	fmv.x.w	x29,f20	 f20:0x474e6200 x29=0x474e6200
     336535.000 ns	     33652	80006f14	28e41753	fmax.s	f14,f8,f14	  f8:0x00000000 f14:0x000003ff f14=0x000003ff
     336555.000 ns	     33654	80006f18	46d60693	addi	x13,x12,1133	 x12:0x00000000 x13=0x0000046d
     336575.000 ns	     33656	80006f1c	039a1433	mulh	x8,x20,x25	 x20:0x00000000 x25:0x00000001  x8=0x00000000
     336595.000 ns	     33658	80006f20	00000013	addi	x0,x0,0	  x0:0x00000000
     336925.000 ns	     33691	80006f24	187b1153	fdiv.s	f2,f22,f7	 f22:0x0d8208a1  f7:0x46b50a40  f2=0x06105fdc
     336955.000 ns	     33694	80006f28	21e51ad3	fsgnjn.s	f21,f10,f30	 f10:0x00000000 f30:0x80000000 f21=0x00000000
     336985.000 ns	     33697	80006f2c	e0070153	fmv.x.w	x2,f14	 f14:0x000003ff  x2=0x000003ff
     337005.000 ns	     33699	80006f30	012d0133	add	x2,x26,x18	 x26:0x00000000 x18:0xfff80040  x2=0xfff80040
     337015.000 ns	     33700	80006f34	414f0533	sub	x10,x30,x20	 x30:0xf6177000 x20:0x00000000 x10=0xf6177000
     337025.000 ns	     33701	80006f38	00c452b3	srl	x5,x8,x12	  x8:0x00000000 x12:0x00000000  x5=0x00000000
     337035.000 ns	     33702	80006f3c	01e8e433	or	x8,x17,x30	 x17:0x80040fe4 x30:0xf6177000  x8=0xf6177fe4
     337045.000 ns	     33703	80006f40	01b241b3	xor	x3,x4,x27	  x4:0x81bdeadf x27:0x00000001  x3=0x81bdeade
     337055.000 ns	     33704	80006f44	01704133	xor	x2,x0,x23	  x0:0x00000000 x23:0x00000000  x2=0x00000000
     337095.000 ns	     33708	80006f48	019806d3	fadd.s	f13,f16,f25	 f16:0x4efff7df f25:0x4f000410 f13=0x4f800000
     337125.000 ns	     33711	80006f4c	e00b1e53	fclass.s	x28,f22	 f22:0x0d8208a1 x28=0x00000040
     337155.000 ns	     33714	80006f50	d0018b53	fcvt.s.w	f22,x3	  x3:0x81bdeade f22=0xcefc842a
     337185.000 ns	     33717	80006f54	a10aa3d3	feq.s	x7,f21,f16	 f21:0x00000000 f16:0x4efff7df  x7=0x00000000
     337205.000 ns	     33719	80006f58	002b64b3	or	x9,x22,x2	 x22:0x0000000b  x2:0x00000000  x9=0x0000000b
     337225.000 ns	     33721	80006f5c	e0070c53	fmv.x.w	x24,f14	 f14:0x000003ff x24=0x000003ff
     337255.000 ns	     33724	80006f60	03a31a33	mulh	x20,x6,x26	  x6:0xfc6bb000 x26:0x00000000 x20=0x00000000
     337295.000 ns	     33728	80006f64	189dc8d3	fdiv.s	f17,f27,f9	 f27:0x00000000  f9:0x00000000 f17=0x7fc00000
     337345.000 ns	     33733	80006f68	017923d3	fadd.s	f7,f18,f23	 f18:0x474e6200 f23:0xcefff7df  f7=0xcefff643
     337375.000 ns	     33736	80006f6c	e0010153	fmv.x.w	x2,f2	  f2:0x06105fdc  x2=0x06105fdc
     337405.000 ns	     33739	80006f70	d00a2f53	fcvt.s.w	f30,x20	 x20:0x00000000 f30=0x00000000
     337425.000 ns	     33741	80006f74	dbfc4217	auipc	x4,0xdbfc4	  x4=0x5bfcaf74
     337435.000 ns	     33742	80006f78	01f15d33	srl	x26,x2,x31	  x2:0x06105fdc x31:0xfffff9df x26=0x00000000
     337455.000 ns	     33744	80006f7c	c0147ad3	fcvt.wu.s	x21,f8	  f8:0x00000000 x21=0x00000000
     337485.000 ns	     33747	80006f80	c0100953	fcvt.wu.s	x18,f0	  f0:0x80000000 x18=0x00000000
     337505.000 ns	     33749	80006f84	eedd3a93	sltiu	x21,x26,-275	 x26:0x00000000 x21=0x00000001
     337525.000 ns	     33751	80006f88	033230b3	mulhu	x1,x4,x19	  x4:0x5bfcaf74 x19:0x1710d712  x1=0x0849c0d6
     337545.000 ns	     33753	80006f8c	892f8a93	addi	x21,x31,-1902	 x31:0xfffff9df x21=0xfffff271
     337555.000 ns	     33754	80006f90	419b5db3	sra	x27,x22,x25	 x22:0x0000000b x25:0x00000001 x27=0x00000005
     337565.000 ns	     33755	80006f94	b71aa293	slti	x5,x21,-1167	 x21:0x00000001  x5=0x00000001
     337585.000 ns	     33757	80006f98	02e5c633	div	x12,x11,x14	 x11:0x80041024 x14:0x00000000 x12=0xffffffff
     337615.000 ns	     33760	80006f9c	c01dafd3	fcvt.wu.s	x31,f27	 f27:0x00000000 x31=0x00000000
     337645.000 ns	     33763	80006fa0	02ad9a33	mulh	x20,x27,x10	 x27:0x00000005 x10:0xf6177000 x20=0xffffffff
     337675.000 ns	     33766	80006fa4	0370e833	rem	x16,x1,x23	  x1:0x0849c0d6 x23:0x00000000 x16=0x0849c0d6
     337705.000 ns	     33769	80006fa8	21d00f53	fsgnj.s	f30,f0,f29	  f0:0x80000000 f29:0x43600000 f30=0x00000000
     337735.000 ns	     33772	80006fac	286f10d3	fmax.s	f1,f30,f6	 f30:0x00000000  f6:0x80000000  f1=0x00000000
     337765.000 ns	     33775	80006fb0	02edfd33	remu	x26,x27,x14	 x27:0x00000005 x14:0x00000000 x26=0x00000005
     337785.000 ns	     33777	80006fb4	018e3233	sltu	x4,x28,x24	 x28:0x00000040 x24:0x000003ff  x4=0x00000001
     337815.000 ns	     33780	80006fb8	18d2f9d3	fdiv.s	f19,f5,f13	  f5:0x80000000 f13:0x4f800000 f19=0x80000000
     337835.000 ns	     33782	80006fbc	00ee6bb3	or	x23,x28,x14	 x28:0x00000040 x14:0x00000000 x23=0x00000040
     337855.000 ns	     33784	80006fc0	a1569053	flt.s	x0,f13,f21	 f13:0x4f800000 f21:0x00000000
     337885.000 ns	     33787	80006fc4	03f62233	mulhsu	x4,x12,x31	 x12:0xffffffff x31:0x00000000  x4=0x00000000
     337905.000 ns	     33789	80006fc8	01cedeb3	srl	x29,x29,x28	 x29:0x474e6200 x28:0x00000040 x29=0x474e6200
     337925.000 ns	     33791	80006fcc	f0080f53	fmv.w.x	f30,x16	 x16:0x0849c0d6 f30=0x0849c0d6
     337945.000 ns	     33793	80006fd0	407a4e93	xori	x29,x20,1031	 x20:0xffffffff x29=0xfffffbf8
     337965.000 ns	     33795	80006fd4	298e9a53	fmax.s	f20,f29,f24	 f29:0x43600000 f24:0x00000000 f20=0x43600000
     338335.000 ns	     33832	80006fd8	03025133	divu	x2,x4,x16	  x4:0x00000000 x16:0x0849c0d6  x2=0x00000000
     338365.000 ns	     33835	80006fdc	f0088253	fmv.w.x	f4,x17	 x17:0x80040fe4  f4=0x80040fe4
     338395.000 ns	     33838	80006fe0	02279f33	mulh	x30,x15,x2	 x15:0x80041025  x2:0x00000000 x30=0x00000000
     338425.000 ns	     33841	80006fe4	e0089ad3	fclass.s	x21,f17	 f17:0x7fc00000 x21=0x00000200
     338475.000 ns	     33846	80006fe8	0940bb53	fsub.s	f22,f1,f20	  f1:0x00000000 f20:0x43600000 f22=0xc3600000
     338505.000 ns	     33849	80006fec	03bcacb3	mulhsu	x25,x25,x27	 x25:0x00000001 x27:0x00000005 x25=0x00000000
     338525.000 ns	     33851	80006ff0	00000013	addi	x0,x0,0	  x0:0x00000000
     338535.000 ns	     33852	80006ff4	00349133	sll	x2,x9,x3	  x9:0x0000000b  x3:0x81bdeade  x2=0xc0000000
     338555.000 ns	     33854	80006ff8	039f6e33	rem	x28,x30,x25	 x30:0x00000000 x25:0x00000000 x28=0x00000000
     338585.000 ns	     33857	80006ffc	d01d1253	fcvt.s.wu	f4,x26	 x26:0x00000005  f4=0x40a00000
     338635.000 ns	     33862	80007000	08374fd3	fsub.s	f31,f14,f3	 f14:0x000003ff  f3:0x00000000 f31=0x000003ff
     338655.000 ns	     33864	80007004	412a8eb3	sub	x29,x21,x18	 x21:0x00000200 x18:0x00000000 x29=0x00000200
     338675.000 ns	     33866	80007008	d0082d53	fcvt.s.w	f26,x16	 x16:0x0849c0d6 f26=0x4d049c0e
     338695.000 ns	     33868	8000700c	00dbcd33	xor	x26,x23,x13	 x23:0x00000040 x13:0x0000046d x26=0x0000042d
     338705.000 ns	     33869	80007010	eead4293	xori	x5,x26,-278	 x26:0x00000005  x5=0xfffffac7
     338745.000 ns	     33873	80007014	010419d3	fadd.s	f19,f8,f16	  f8:0x00000000 f16:0x4efff7df f19=0x4efff7df
     338795.000 ns	     33878	80007018	00d8fed3	fadd.s	f29,f17,f13	 f17:0x7fc00000 f13:0x4f800000 f29=0x7fc00000
     338825.000 ns	     33881	8000701c	c01cfe53	fcvt.wu.s	x28,f25	 f25:0x4f000410 x28=0x80041000
     338845.000 ns	     33883	80007020	002fdb13	srli	x22,x31,0x2	 x31:0x00000000 x22=0x00000000
     338875.000 ns	     33886	80007024	1922f7d3	fdiv.s	f15,f5,f18	  f5:0x80000000 f18:0x474e6200 f15=0x80000000
     338905.000 ns	     33889	80007028	e0061fd3	fclass.s	x31,f12	 f12:0x00000000 x31=0x00000010
     338935.000 ns	     33892	8000702c	218f8d53	fsgnj.s	f26,f31,f24	 f31:0x000003ff f24:0x00000000 f26=0x000003ff
     338975.000 ns	     33896	80007030	19127c53	fdiv.s	f24,f4,f17	  f4:0x40a00000 f17:0x7fc00000 f24=0x7fc00000
     338995.000 ns	     33898	80007034	00f59013	slli	x0,x11,0xf	 x11:0x80041024
     339005.000 ns	     33899	80007038	ba4e7313	andi	x6,x28,-1116	 x28:0x80041000  x6=0x80041000
     339025.000 ns	     33901	8000703c	21888fd3	fsgnj.s	f31,f17,f24	 f17:0x7fc00000 f24:0x7fc00000 f31=0x7fc00000
     339055.000 ns	     33904	80007040	c0090953	fcvt.w.s	x18,f18	 f18:0x474e6200 x18=0x0000ce62
     339075.000 ns	     33906	80007044	01c62c33	slt	x24,x12,x28	 x12:0xffffffff x28:0x80041000 x24=0x00000000
     339095.000 ns	     33908	80007048	f00b08d3	fmv.w.x	f17,x22	 x22:0x00000000 f17=0x00000000
     339115.000 ns	     33910	8000704c	01938133	add	x2,x7,x25	  x7:0x00000000 x25:0x00000000  x2=0x00000000
     340285.000 ns	     34027	80007050	580d4553	fsqrt.s	f10,f26	 f26:0x000003ff f10=0x1f350a28
     340315.000 ns	     34030	80007054	f0068353	fmv.w.x	f6,x13	 x13:0x0000046d  f6=0x0000046d
     340365.000 ns	     34035	80007058	00d00b53	fadd.s	f22,f0,f13	  f0:0x80000000 f13:0x4f800000 f22=0x4f800000
     340385.000 ns	     34037	8000705c	00e21093	slli	x1,x4,0xe	  x4:0x00000000  x1=0x00000000
     340395.000 ns	     34038	80007060	41f15133	sra	x2,x2,x31	  x2:0x00000000 x31:0x00000010  x2=0x00000000
     341565.000 ns	     34155	80007064	58097bd3	fsqrt.s	f23,f18	 f18:0x474e6200 f23=0x4311ef45
     341595.000 ns	     34158	80007068	037284b3	mul	x9,x5,x23	  x5:0xfffffac7 x23:0x00000040  x9=0xfffeb1c0
     341625.000 ns	     34161	8000706c	d01bfdd3	fcvt.s.wu	f27,x23	 x23:0x00000040 f27=0x42800000
     341645.000 ns	     34163	80007070	40dbde93	srai	x29,x23,0xd	 x23:0x00000040 x29=0x00000000
     341655.000 ns	     34164	80007074	7b2fa293	slti	x5,x31,1970	 x31:0x00000010  x5=0x00000001
     341665.000 ns	     34165	80007078	c6539d37	lui	x26,0xc6539	 x26=0xc6539000
     341675.000 ns	     34166	8000707c	01c24cb3	xor	x25,x4,x28	  x4:0x00000000 x28:0x80041000 x25=0x80041000
     341695.000 ns	     34168	80007080	c0177c53	fcvt.wu.s	x24,f14	 f14:0x000003ff x24=0x00000000
     341725.000 ns	     34171	80007084	e00013d3	fclass.s	x7,f0	  f0:0x80000000  x7=0x00000008
     341755.000 ns	     34174	80007088	c0007253	fcvt.w.s	x4,f0	  f0:0x80000000  x4=0x00000000
     341805.000 ns	     34179	8000708c	0095f0d3	fadd.s	f1,f11,f9	 f11:0x80000000  f9:0x00000000  f1=0x00000000
     341835.000 ns	     34182	80007090	c0194d53	fcvt.wu.s	x26,f18	 f18:0x474e6200 x26=0x0000ce62
     341855.000 ns	     34184	80007094	7e653917	auipc	x18,0x7e653	 x18=0xfe65a094
     341865.000 ns	     34185	80007098	1c674113	xori	x2,x14,454	 x14:0x00000000  x2=0x000001c6
     341875.000 ns	     34186	8000709c	f043ca93	xori	x21,x7,-252	  x7:0x00000008 x21=0xffffff0c
     341895.000 ns	     34188	800070a0	d01ac9d3	fcvt.s.wu	f19,x21	 x21:0x00000200 f19=0x4f7fffff
     341935.000 ns	     34192	800070a4	18b32753	fdiv.s	f14,f6,f11	  f6:0x0000046d f11:0x80000000 f14=0xff800000
     341965.000 ns	     34195	800070a8	a1e99453	flt.s	x8,f19,f30	 f19:0x4f7fffff f30:0x0849c0d6  x8=0x00000000
     341995.000 ns	     34198	800070ac	02e7bdb3	mulhu	x27,x15,x14	 x15:0x80041025 x14:0x00000000 x27=0x00000000
     342365.000 ns	     34235	800070b0	0328ffb3	remu	x31,x17,x18	 x17:0x80040fe4 x18:0xfe65a094 x31=0x80040fe4
     342385.000 ns	     34237	800070b4	00000013	addi	x0,x0,0	  x0:0x00000000
     342405.000 ns	     34239	800070b8	036321b3	mulhsu	x3,x6,x22	  x6:0x80041000 x22:0x00000000  x3=0x00000000
     342435.000 ns	     34242	800070bc	e00c8753	fmv.x.w	x14,f25	 f25:0x4f000410 x14=0x4f000410
     342465.000 ns	     34245	800070c0	02024cb3	div	x25,x4,x0	  x4:0x00000000  x0:0x00000000 x25=0xffffffff
     342495.000 ns	     34248	800070c4	0306bfb3	mulhu	x31,x13,x16	 x13:0x0000046d x16:0x0849c0d6 x31=0x00000024
     342865.000 ns	     34285	800070c8	02d9d633	divu	x12,x19,x13	 x19:0x1710d712 x13:0x0000046d x12=0x00053631
     342885.000 ns	     34287	800070cc	a02ec293	xori	x5,x29,-1534	 x29:0x00000000  x5=0xfffffa02
     342895.000 ns	     34288	800070d0	34157f13	andi	x30,x10,833	 x10:0xf6177000 x30=0x00000000
     342935.000 ns	     34292	800070d4	084714d3	fsub.s	f9,f14,f4	 f14:0xff800000  f4:0x40a00000  f9=0xff800000
     342955.000 ns	     34294	800070d8	003cd033	srl	x0,x25,x3	 x25:0xffffffff  x3:0x00000000
     342995.000 ns	     34298	800070dc	00eaa1d3	fadd.s	f3,f21,f14	 f21:0x00000000 f14:0xff800000  f3=0xff800000
     343015.000 ns	     34300	800070e0	01e95793	srli	x15,x18,0x1e	 x18:0xfe65a094 x15=0x00000003
     343025.000 ns	     34301	800070e4	011f1393	slli	x7,x30,0x11	 x30:0x00000000  x7=0x00000000
     343385.000 ns	     34337	800070e8	03c06bb3	rem	x23,x0,x28	  x0:0x00000000 x28:0x80041000 x23=0x00000000
     343415.000 ns	     34340	800070ec	038531b3	mulhu	x3,x10,x24	 x10:0xf6177000 x24:0x00000000  x3=0x00000000
     343445.000 ns	     34343	800070f0	21f527d3	fsgnjx.s	f15,f10,f31	 f10:0x1f350a28 f31:0x7fc00000 f15=0x1f350a28
     343815.000 ns	     34380	800070f4	02a07633	remu	x12,x0,x10	  x0:0x00000000 x10:0xf6177000 x12=0x00000000
     343835.000 ns	     34382	800070f8	57d08e13	addi	x28,x1,1405	  x1:0x00000000 x28=0x0000057d
     343855.000 ns	     34384	800070fc	020666b3	rem	x13,x12,x0	 x12:0x00000000  x0:0x00000000 x13=0x00000000
     343885.000 ns	     34387	80007100	d0087753	fcvt.s.w	f14,x16	 x16:0x0849c0d6 f14=0x4d049c0d
     343915.000 ns	     34390	80007104	03ca8eb3	mul	x29,x21,x28	 x21:0xffffff0c x28:0x0000057d x29=0xfffac4dc
     343955.000 ns	     34394	80007108	18e072d3	fdiv.s	f5,f0,f14	  f0:0x80000000 f14:0x4d049c0d  f5=0x80000000
     343975.000 ns	     34396	8000710c	2cf5f113	andi	x2,x11,719	 x11:0x80041024  x2=0x00000004
     343985.000 ns	     34397	80007110	40615e93	srai	x29,x2,0x6	  x2:0x000001c6 x29=0x00000000
     344005.000 ns	     34399	80007114	021fbf33	mulhu	x30,x31,x1	 x31:0x00000024  x1:0x00000000 x30=0x00000000
     344025.000 ns	     34401	80007118	001ce933	or	x18,x25,x1	 x25:0xffffffff  x1:0x00000000 x18=0xffffffff
     344055.000 ns	     34404	8000711c	580e8cd3	fsqrt.s	f25,f29	 f29:0x7fc00000 f25=0x7fc00000
     344085.000 ns	     34407	80007120	f0030dd3	fmv.w.x	f27,x6	  x6:0x80041000 f27=0x80041000
     344115.000 ns	     34410	80007124	a199ac53	feq.s	x24,f19,f25	 f19:0x4f7fffff f25:0x7fc00000 x24=0x00000000
     344135.000 ns	     34412	80007128	003cd093	srli	x1,x25,0x3	 x25:0xffffffff  x1=0x1fffffff
     344155.000 ns	     34414	8000712c	21da86d3	fsgnj.s	f13,f21,f29	 f21:0x00000000 f29:0x7fc00000 f13=0x00000000
     344185.000 ns	     34417	80007130	c0037453	fcvt.w.s	x8,f6	  f6:0x0000046d  x8=0x00000000
     344205.000 ns	     34419	80007134	4136d413	srai	x8,x13,0x13	 x13:0x00000000  x8=0x00000000
     344225.000 ns	     34421	80007138	d0161f53	fcvt.s.wu	f30,x12	 x12:0x00000000 f30=0x00000000
     344265.000 ns	     34425	8000713c	1193fd53	fmul.s	f26,f7,f25	  f7:0xcefff643 f25:0x7fc00000 f26=0x7fc00000
     344295.000 ns	     34428	80007140	288b1253	fmax.s	f4,f22,f8	 f22:0x4f800000  f8:0x00000000  f4=0x4f800000
     344325.000 ns	     34431	80007144	29619cd3	fmax.s	f25,f3,f22	  f3:0xff800000 f22:0x4f800000 f25=0x4f800000
     344355.000 ns	     34434	80007148	a11c1bd3	flt.s	x23,f24,f17	 f24:0x7fc00000 f17:0x00000000 x23=0x00000000
     344385.000 ns	     34437	8000714c	d0054353	fcvt.s.w	f6,x10	 x10:0xf6177000  f6=0xcd1e8900
     344405.000 ns	     34439	80007150	414d80b3	sub	x1,x27,x20	 x27:0x00000000 x20:0xffffffff  x1=0x00000001
     344425.000 ns	     34441	80007154	f0010c53	fmv.w.x	f24,x2	  x2:0x00000004 f24=0x00000004
     344445.000 ns	     34443	80007158	41e5dd93	srai	x27,x11,0x1e	 x11:0x80041024 x27=0xfffffffe
     344465.000 ns	     34445	8000715c	e00a1bd3	fclass.s	x23,f20	 f20:0x43600000 x23=0x00000040
     344495.000 ns	     34448	80007160	a1ae12d3	flt.s	x5,f28,f26	 f28:0x80000000 f26:0x7fc00000  x5=0x00000000
     344535.000 ns	     34452	80007164	10982bd3	fmul.s	f23,f16,f9	 f16:0x4efff7df  f9:0xff800000 f23=0xff800000
     344555.000 ns	     34454	80007168	cd2d7213	andi	x4,x26,-814	 x26:0x0000ce62  x4=0x0000cc42
     344575.000 ns	     34456	8000716c	034a20b3	mulhsu	x1,x20,x20	 x20:0xffffffff x20:0xffffffff  x1=0xffffffff
     344595.000 ns	     34458	80007170	40840eb3	sub	x29,x8,x8	  x8:0x00000000  x8:0x00000000 x29=0x00000000
     344605.000 ns	     34459	80007174	894f84b7	lui	x9,0x894f8	  x9=0x894f8000
     344615.000 ns	     34460	80007178	003ede33	srl	x28,x29,x3	 x29:0x00000000  x3:0x00000000 x28=0x00000000
     344655.000 ns	     34464	8000717c	084a71d3	fsub.s	f3,f20,f4	 f20:0x43600000  f4:0x4f800000  f3=0xcf7ffffe
     344685.000 ns	     34467	80007180	a0e910d3	flt.s	x1,f18,f14	 f18:0x474e6200 f14:0x4d049c0d  x1=0x00000001
     344705.000 ns	     34469	80007184	4ad7c013	xori	x0,x15,1197	 x15:0x00000003
     344725.000 ns	     34471	80007188	e0058ed3	fmv.x.w	x29,f11	 f11:0x80000000 x29=0x80000000
     344755.000 ns	     34474	8000718c	03362333	mulhsu	x6,x12,x19	 x12:0x00000000 x19:0x1710d712  x6=0x00000000
     344785.000 ns	     34477	80007190	28dc9753	fmax.s	f14,f25,f13	 f25:0x4f800000 f13:0x00000000 f14=0x4f800000
     344815.000 ns	     34480	80007194	03866233	rem	x4,x12,x24	 x12:0x00000000 x24:0x00000000  x4=0x00000000
     344845.000 ns	     34483	80007198	d00df7d3	fcvt.s.w	f15,x27	 x27:0xfffffffe f15=0xc0000000
     344865.000 ns	     34485	8000719c	00b6ca33	xor	x20,x13,x11	 x13:0x00000000 x11:0x80041024 x20=0x80041024
     345225.000 ns	     34521	800071a0	03744d33	div	x26,x8,x23	  x8:0x00000000 x23:0x00000040 x26=0x00000000
     345255.000 ns	     34524	800071a4	a0270fd3	fle.s	x31,f14,f2	 f14:0x4f800000  f2:0x06105fdc x31=0x00000000
     345275.000 ns	     34526	800071a8	017d7433	and	x8,x26,x23	 x26:0x00000000 x23:0x00000040  x8=0x00000000
     345295.000 ns	     34528	800071ac	c011ff53	fcvt.wu.s	x30,f3	  f3:0xcf7ffffe x30=0xfffffe00
     345315.000 ns	     34530	800071b0	0199b0b3	sltu	x1,x19,x25	 x19:0x1710d712 x25:0xffffffff  x1=0x00000001
     345335.000 ns	     34532	800071b4	a0d21153	flt.s	x2,f4,f13	  f4:0x4f800000 f13:0x00000000  x2=0x00000000
     345365.000 ns	     34535	800071b8	a13107d3	fle.s	x15,f2,f19	  f2:0x06105fdc f19:0x4f7fffff x15=0x00000001
     345395.000 ns	     34538	800071bc	20d589d3	fsgnj.s	f19,f11,f13	 f11:0x80000000 f13:0x00000000 f19=0x00000000
     345425.000 ns	     34541	800071c0	a0d31ad3	flt.s	x21,f6,f13	  f6:0xcd1e8900 f13:0x00000000 x21=0x00000001
     345465.000 ns	     34545	800071c4	580bfbd3	fsqrt.s	f23,f23	 f23:0xff800000 f23=0x7fc00000
     345495.000 ns	     34548	800071c8	29410a53	fmin.s	f20,f2,f20	  f2:0x06105fdc f20:0x43600000 f20=0x06105fdc
     345525.000 ns	     34551	800071cc	20c9af53	fsgnjx.s	f30,f19,f12	 f19:0x00000000 f12:0x00000000 f30=0x00000000
     345555.000 ns	     34554	800071d0	a14b0dd3	fle.s	x27,f22,f20	 f22:0x4f800000 f20:0x06105fdc x27=0x00000000
     345585.000 ns	     34557	800071d4	027b1633	mulh	x12,x22,x7	 x22:0x00000000  x7:0x00000000 x12=0x00000000
     345615.000 ns	     34560	800071d8	d00c78d3	fcvt.s.w	f17,x24	 x24:0x00000000 f17=0x00000000
     345645.000 ns	     34563	800071dc	d0117b53	fcvt.s.wu	f22,x2	  x2:0x00000000 f22=0x00000000
     345675.000 ns	     34566	800071e0	c01ef553	fcvt.wu.s	x10,f29	 f29:0x7fc00000 x10=0xffffffff
     345725.000 ns	     34571	800071e4	01a27753	fadd.s	f14,f4,f26	  f4:0x4f800000 f26:0x7fc00000 f14=0x7fc00000
     345755.000 ns	     34574	800071e8	29c088d3	fmin.s	f17,f1,f28	  f1:0x00000000 f28:0x80000000 f17=0x80000000
     345775.000 ns	     34576	800071ec	00000013	addi	x0,x0,0	  x0:0x00000000
     345785.000 ns	     34577	800071f0	5b2a3e97	auipc	x29,0x5b2a3	 x29=0xdb2aa1f0
     345795.000 ns	     34578	800071f4	fd0a7d93	andi	x27,x20,-48	 x20:0x80041024 x27=0x80041000
     345805.000 ns	     34579	800071f8	e7703f93	sltiu	x31,x0,-393	  x0:0x00000000 x31=0x00000001
     346165.000 ns	     34615	800071fc	034b7cb3	remu	x25,x22,x20	 x22:0x00000000 x20:0x80041024 x25=0x00000000
     346195.000 ns	     34618	80007200	20c11cd3	fsgnjn.s	f25,f2,f12	  f2:0x06105fdc f12:0x00000000 f25=0x86105fdc
     346225.000 ns	     34621	80007204	d00e2453	fcvt.s.w	f8,x28	 x28:0x00000000  f8=0x00000000
     346255.000 ns	     34624	80007208	c01cb753	fcvt.wu.s	x14,f25	 f25:0x86105fdc x14=0x00000000
     346275.000 ns	     34626	8000720c	00000013	addi	x0,x0,0	  x0:0x00000000
     346295.000 ns	     34628	80007210	e0068553	fmv.x.w	x10,f13	 f13:0x00000000 x10=0x00000000
     346315.000 ns	     34630	80007214	01171793	slli	x15,x14,0x11	 x14:0x00000000 x15=0x00000000
     346335.000 ns	     34632	80007218	a1d00dd3	fle.s	x27,f0,f29	  f0:0x80000000 f29:0x7fc00000 x27=0x00000000
     346355.000 ns	     34634	8000721c	001e9c93	slli	x25,x29,0x1	 x29:0xdb2aa1f0 x25=0xb65543e0
     346375.000 ns	     34636	80007220	203d85d3	fsgnj.s	f11,f27,f3	 f27:0x80041000  f3:0xcf7ffffe f11=0x80041000
     346395.000 ns	     34638	80007224	d7150197	auipc	x3,0xd7150	  x3=0x57157224
     346405.000 ns	     34639	80007228	002cd913	srli	x18,x25,0x2	 x25:0xb65543e0 x18=0x2d9550f8
     346415.000 ns	     34640	8000722c	00639813	slli	x16,x7,0x6	  x7:0x00000000 x16=0x00000000
     346425.000 ns	     34641	80007230	c0ebcc13	xori	x24,x23,-1010	 x23:0x00000040 x24=0xfffffc4e
     346455.000 ns	     34644	80007234	580ffb53	fsqrt.s	f22,f31	 f31:0x7fc00000 f22=0x7fc00000
     346475.000 ns	     34646	80007238	52d8f3b7	lui	x7,0x52d8f	  x7=0x52d8f000
     347595.000 ns	     34758	8000723c	580513d3	fsqrt.s	f7,f10	 f10:0x1f350a28  f7=0x2f00038e
     347615.000 ns	     34760	80007240	00000013	addi	x0,x0,0	  x0:0x00000000
     347635.000 ns	     34762	80007244	20d315d3	fsgnjn.s	f11,f6,f13	  f6:0xcd1e8900 f13:0x00000000 f11=0xcd1e8900
     347665.000 ns	     34765	80007248	02e46133	rem	x2,x8,x14	  x8:0x00000000 x14:0x00000000  x2=0x00000000
     347695.000 ns	     34768	8000724c	20bb81d3	fsgnj.s	f3,f23,f11	 f23:0x7fc00000 f11:0xcd1e8900  f3=0xffc00000
     347715.000 ns	     34770	80007250	00141633	sll	x12,x8,x1	  x8:0x00000000  x1:0x00000001 x12=0x00000000
     347725.000 ns	     34771	80007254	00000013	addi	x0,x0,0	  x0:0x00000000
     347735.000 ns	     34772	80007258	2e958693	addi	x13,x11,745	 x11:0x80041024 x13=0x8004130d
     347745.000 ns	     34773	8000725c	01d78133	add	x2,x15,x29	 x15:0x00000000 x29:0xdb2aa1f0  x2=0xdb2aa1f0
     347775.000 ns	     34776	80007260	10c573d3	fmul.s	f7,f10,f12	 f10:0x1f350a28 f12:0x00000000  f7=0x00000000
     347805.000 ns	     34779	80007264	030dfeb3	remu	x29,x27,x16	 x27:0x00000000 x16:0x00000000 x29=0x00000000
     347825.000 ns	     34781	80007268	0e663f13	sltiu	x30,x12,230	 x12:0x00000000 x30=0x00000001
     347835.000 ns	     34782	8000726c	ef0c5417	auipc	x8,0xef0c5	  x8=0x6f0cc26c
     347855.000 ns	     34784	80007270	0304ceb3	div	x29,x9,x16	  x9:0x894f8000 x16:0x00000000 x29=0xffffffff
     347875.000 ns	     34786	80007274	011a8e33	add	x28,x21,x17	 x21:0x00000001 x17:0x80040fe4 x28=0x80040fe5
     347885.000 ns	     34787	80007278	00dfe733	or	x14,x31,x13	 x31:0x00000001 x13:0x8004130d x14=0x8004130d
     347905.000 ns	     34789	8000727c	20dd14d3	fsgnjn.s	f9,f26,f13	 f26:0x7fc00000 f13:0x00000000  f9=0xffc00000
     347935.000 ns	     34792	80007280	28520fd3	fmin.s	f31,f4,f5	  f4:0x4f800000  f5:0x80000000 f31=0x80000000
     347955.000 ns	     34794	80007284	01229d33	sll	x26,x5,x18	  x5:0x00000000 x18:0x2d9550f8 x26=0x00000000
     347965.000 ns	     34795	80007288	413cd233	sra	x4,x25,x19	 x25:0xb65543e0 x19:0x1710d712  x4=0xffffed95
     347975.000 ns	     34796	8000728c	93466293	ori	x5,x12,-1740	 x12:0x00000000  x5=0xfffff934
     347995.000 ns	     34798	80007290	d009a9d3	fcvt.s.w	f19,x19	 x19:0x1710d712 f19=0x4db886b9
     348015.000 ns	     34800	80007294	01bf1093	slli	x1,x30,0x1b	 x30:0x00000001  x1=0x08000000
     348045.000 ns	     34803	80007298	19067253	fdiv.s	f4,f12,f16	 f12:0x00000000 f16:0x4efff7df  f4=0x00000000
     348065.000 ns	     34805	8000729c	41605d93	srai	x27,x0,0x16	  x0:0x00000000 x27=0x00000000
     348075.000 ns	     34806	800072a0	0149abb3	slt	x23,x19,x20	 x19:0x1710d712 x20:0x80041024 x23=0x00000000
     348085.000 ns	     34807	800072a4	aa750113	addi	x2,x10,-1369	 x10:0x00000000  x2=0xfffffaa7
     348115.000 ns	     34810	800072a8	114b4353	fmul.s	f6,f22,f20	 f22:0x7fc00000 f20:0x06105fdc  f6=0x7fc00000
     348145.000 ns	     34813	800072ac	21450153	fsgnj.s	f2,f10,f20	 f10:0x1f350a28 f20:0x06105fdc  f2=0x1f350a28
     348165.000 ns	     34815	800072b0	417fd493	srai	x9,x31,0x17	 x31:0x00000001  x9=0x00000000
     348185.000 ns	     34817	800072b4	c00b72d3	fcvt.w.s	x5,f22	 f22:0x7fc00000  x5=0x7fffffff
     348205.000 ns	     34819	800072b8	5436c113	xori	x2,x13,1347	 x13:0x8004130d  x2=0x8004164e
     348215.000 ns	     34820	800072bc	fc110713	addi	x14,x2,-63	  x2:0xfffffaa7 x14=0x8004160f
     348225.000 ns	     34821	800072c0	41ead233	sra	x4,x21,x30	 x21:0x00000001 x30:0x00000001  x4=0x00000000
     348235.000 ns	     34822	800072c4	002d74b3	and	x9,x26,x2	 x26:0x00000000  x2:0x8004164e  x9=0x00000000
     348245.000 ns	     34823	800072c8	00b95193	srli	x3,x18,0xb	 x18:0x2d9550f8  x3=0x0005b2aa
     348255.000 ns	     34824	800072cc	41c704b3	sub	x9,x14,x28	 x14:0x8004160f x28:0x80040fe5  x9=0x0000062a
     348265.000 ns	     34825	800072d0	0042c133	xor	x2,x5,x4	  x5:0x7fffffff  x4:0x00000000  x2=0x7fffffff
     348285.000 ns	     34827	800072d4	c0132bd3	fcvt.wu.s	x23,f6	  f6:0x7fc00000 x23=0xffffffff
     348305.000 ns	     34829	800072d8	011dba33	sltu	x20,x27,x17	 x27:0x00000000 x17:0x80040fe4 x20=0x00000001
     348315.000 ns	     34830	800072dc	c326a613	slti	x12,x13,-974	 x13:0x8004130d x12=0x00000001
     348355.000 ns	     34834	800072e0	08e0f953	fsub.s	f18,f1,f14	  f1:0x00000000 f14:0x7fc00000 f18=0x7fc00000
     348395.000 ns	     34838	800072e4	58030153	fsqrt.s	f2,f6	  f6:0x7fc00000  f2=0x7fc00000
     348425.000 ns	     34841	800072e8	02f74cb3	div	x25,x14,x15	 x14:0x8004160f x15:0x00000000 x25=0xffffffff
     348465.000 ns	     34845	800072ec	5801fcd3	fsqrt.s	f25,f3	  f3:0xffc00000 f25=0x7fc00000
     348495.000 ns	     34848	800072f0	02c136b3	mulhu	x13,x2,x12	  x2:0x7fffffff x12:0x00000001 x13=0x00000000
     348545.000 ns	     34853	800072f4	01d64d53	fadd.s	f26,f12,f29	 f12:0x00000000 f29:0x7fc00000 f26=0x7fc00000
     348565.000 ns	     34855	800072f8	40018433	sub	x8,x3,x0	  x3:0x0005b2aa  x0:0x00000000  x8=0x0005b2aa
     348595.000 ns	     34858	800072fc	1929fdd3	fdiv.s	f27,f19,f18	 f19:0x4db886b9 f18:0x7fc00000 f27=0x7fc00000
     348625.000 ns	     34861	80007300	282219d3	fmax.s	f19,f4,f2	  f4:0x00000000  f2:0x7fc00000 f19=0x00000000
     348645.000 ns	     34863	80007304	c1fbe493	ori	x9,x23,-993	 x23:0xffffffff  x9=0xffffffff
     348655.000 ns	     34864	80007308	b7297f13	andi	x30,x18,-1166	 x18:0x2d9550f8 x30=0x2d955070
     348665.000 ns	     34865	8000730c	f57b0213	addi	x4,x22,-169	 x22:0x00000000  x4=0xffffff57
     348685.000 ns	     34867	80007310	28e495d3	fmax.s	f11,f9,f14	  f9:0xffc00000 f14:0x7fc00000 f11=0x7fc00000
     348735.000 ns	     34872	80007314	08d62953	fsub.s	f18,f12,f13	 f12:0x00000000 f13:0x00000000 f18=0x80000000
     348755.000 ns	     34874	80007318	00f19e93	slli	x29,x3,0xf	  x3:0x0005b2aa x29=0xd9550000
     348765.000 ns	     34875	8000731c	01153b33	sltu	x22,x10,x17	 x10:0x00000000 x17:0x80040fe4 x22=0x00000001
     348775.000 ns	     34876	80007320	40b56c93	ori	x25,x10,1035	 x10:0x00000000 x25=0x0000040b
     348795.000 ns	     34878	80007324	29690d53	fmin.s	f26,f18,f22	 f18:0x80000000 f22:0x7fc00000 f26=0x80000000
     348845.000 ns	     34883	80007328	09a6fd53	fsub.s	f26,f13,f26	 f13:0x00000000 f26:0x7fc00000 f26=0x00000000
     348875.000 ns	     34886	8000732c	02668c33	mul	x24,x13,x6	 x13:0x00000000  x6:0x00000000 x24=0x00000000
     348895.000 ns	     34888	80007330	4f450297	auipc	x5,0x4f450	  x5=0xcf457330
     348905.000 ns	     34889	80007334	01109c93	slli	x25,x1,0x11	  x1:0x08000000 x25=0x00000000
     348935.000 ns	     34892	80007338	58001053	fsqrt.s	f0,f0	  f0:0x80000000  f0=0x80000000
     348965.000 ns	     34895	8000733c	03f89133	mulh	x2,x17,x31	 x17:0x80040fe4 x31:0x00000001  x2=0xffffffff
     348985.000 ns	     34897	80007340	f16b4217	auipc	x4,0xf16b4	  x4=0x716bb340
     348995.000 ns	     34898	80007344	c800f213	andi	x4,x1,-896	  x1:0x08000000  x4=0x08000000
     349355.000 ns	     34934	80007348	03edc833	div	x16,x27,x30	 x27:0x00000000 x30:0x2d955070 x16=0x00000000
     349385.000 ns	     34937	8000734c	03093c33	mulhu	x24,x18,x16	 x18:0x2d9550f8 x16:0x00000000 x24=0x00000000
     349405.000 ns	     34939	80007350	01bacf33	xor	x30,x21,x27	 x21:0x00000001 x27:0x00000000 x30=0x00000001
     349415.000 ns	     34940	80007354	40435bb3	sra	x23,x6,x4	  x6:0x00000000  x4:0x08000000 x23=0x00000000
     349435.000 ns	     34942	80007358	c00f3553	fcvt.w.s	x10,f30	 f30:0x00000000 x10=0x00000000
     349465.000 ns	     34945	8000735c	c01efdd3	fcvt.wu.s	x27,f29	 f29:0x7fc00000 x27=0xffffffff
     349485.000 ns	     34947	80007360	004ed633	srl	x12,x29,x4	 x29:0xd9550000  x4:0x08000000 x12=0xd9550000
     349515.000 ns	     34950	80007364	11cecad3	fmul.s	f21,f29,f28	 f29:0x7fc00000 f28:0x80000000 f21=0x7fc00000
     349535.000 ns	     34952	80007368	592c5e17	auipc	x28,0x592c5	 x28=0xd92cc368
     349555.000 ns	     34954	8000736c	204e17d3	fsgnjn.s	f15,f28,f4	 f28:0x80000000  f4:0x00000000 f15=0x80000000
     349925.000 ns	     34991	80007370	03efc333	div	x6,x31,x30	 x31:0x00000001 x30:0x00000001  x6=0x00000001
     349975.000 ns	     34996	80007374	0811be53	fsub.s	f28,f3,f1	  f3:0xffc00000  f1:0x00000000 f28=0x7fc00000
     350025.000 ns	     35001	80007378	01a28cd3	fadd.s	f25,f5,f26	  f5:0x80000000 f26:0x00000000 f25=0x00000000
     350045.000 ns	     35003	8000737c	00ffabb3	slt	x23,x31,x15	 x31:0x00000001 x15:0x00000000 x23=0x00000000
     350085.000 ns	     35007	80007380	0976bad3	fsub.s	f21,f13,f23	 f13:0x00000000 f23:0x7fc00000 f21=0x7fc00000
     350105.000 ns	     35009	80007384	40b2d033	sra	x0,x5,x11	  x5:0xcf457330 x11:0x80041024
     350125.000 ns	     35011	80007388	295514d3	fmax.s	f9,f10,f21	 f10:0x1f350a28 f21:0x7fc00000  f9=0x1f350a28
     350145.000 ns	     35013	8000738c	81462313	slti	x6,x12,-2028	 x12:0xd9550000  x6=0x00000001
     350165.000 ns	     35015	80007390	f0018f53	fmv.w.x	f30,x3	  x3:0x0005b2aa f30=0x0005b2aa
     350195.000 ns	     35018	80007394	034e0e33	mul	x28,x28,x20	 x28:0xd92cc368 x20:0x00000001 x28=0xd92cc368
     350225.000 ns	     35021	80007398	21aa8b53	fsgnj.s	f22,f21,f26	 f21:0x7fc00000 f26:0x00000000 f22=0x7fc00000
     350595.000 ns	     35058	8000739c	028ce033	rem	x0,x25,x8	 x25:0x00000000  x8:0x0005b2aa
     350615.000 ns	     35060	800073a0	00000013	addi	x0,x0,0	  x0:0x00000000
     350635.000 ns	     35062	800073a4	d00a73d3	fcvt.s.w	f7,x20	 x20:0x00000001  f7=0x3f800000
     350675.000 ns	     35066	800073a8	18a296d3	fdiv.s	f13,f5,f10	  f5:0x80000000 f10:0x1f350a28 f13=0x80000000
     350695.000 ns	     35068	800073ac	22738bb7	lui	x23,0x22738	 x23=0x22738000
     350715.000 ns	     35070	800073b0	033a0833	mul	x16,x20,x19	 x20:0x00000001 x19:0x1710d712 x16=0x1710d712
     350745.000 ns	     35073	800073b4	f0068653	fmv.w.x	f12,x13	 x13:0x00000000 f12=0x00000000
     350795.000 ns	     35078	800073b8	01cbffd3	fadd.s	f31,f23,f28	 f23:0x7fc00000 f28:0x7fc00000 f31=0x7fc00000
     350815.000 ns	     35080	800073bc	1da8b793	sltiu	x15,x17,474	 x17:0x80040fe4 x15=0x00000000
     350835.000 ns	     35082	800073c0	28b481d3	fmin.s	f3,f9,f11	  f9:0x1f350a28 f11:0x7fc00000  f3=0x1f350a28
     350855.000 ns	     35084	800073c4	00af8433	add	x8,x31,x10	 x31:0x00000001 x10:0x00000000  x8=0x00000001
     350875.000 ns	     35086	800073c8	034aa733	mulhsu	x14,x21,x20	 x21:0x00000001 x20:0x00000001 x14=0x00000000
     350915.000 ns	     35090	800073cc	195c7cd3	fdiv.s	f25,f24,f21	 f24:0x00000004 f21:0x7fc00000 f25=0x7fc00000
     350935.000 ns	     35092	800073d0	00c76933	or	x18,x14,x12	 x14:0x00000000 x12:0xd9550000 x18=0xd9550000
     351295.000 ns	     35128	800073d4	031c73b3	remu	x7,x24,x17	 x24:0x00000000 x17:0x80040fe4  x7=0x00000000
     351325.000 ns	     35131	800073d8	c00d74d3	fcvt.w.s	x9,f26	 f26:0x00000000  x9=0x00000000
     351375.000 ns	     35136	800073dc	09e5c5d3	fsub.s	f11,f11,f30	 f11:0x7fc00000 f30:0x0005b2aa f11=0x7fc00000
     351395.000 ns	     35138	800073e0	2880a117	auipc	x2,0x2880a	  x2=0xa88113e0
     351415.000 ns	     35140	800073e4	03e88333	mul	x6,x17,x30	 x17:0x80040fe4 x30:0x00000001  x6=0x80040fe4
     351445.000 ns	     35143	800073e8	20b98953	fsgnj.s	f18,f19,f11	 f19:0x00000000 f11:0x7fc00000 f18=0x00000000
     351475.000 ns	     35146	800073ec	c01220d3	fcvt.wu.s	x1,f4	  f4:0x00000000  x1=0x00000000
     351505.000 ns	     35149	800073f0	a1f71bd3	flt.s	x23,f14,f31	 f14:0x7fc00000 f31:0x7fc00000 x23=0x00000000
     351535.000 ns	     35152	800073f4	d00c70d3	fcvt.s.w	f1,x24	 x24:0x00000000  f1=0x00000000
     351555.000 ns	     35154	800073f8	3feb2513	slti	x10,x22,1022	 x22:0x00000001 x10=0x00000001
     351575.000 ns	     35156	800073fc	d0121253	fcvt.s.wu	f4,x4	  x4:0x08000000  f4=0x4d000000
     351605.000 ns	     35159	80007400	c0052453	fcvt.w.s	x8,f10	 f10:0x1f350a28  x8=0x00000000
     351625.000 ns	     35161	80007404	6c57c317	auipc	x6,0x6c57c	  x6=0xec583404
     351645.000 ns	     35163	80007408	c01e7153	fcvt.wu.s	x2,f28	 f28:0x7fc00000  x2=0xffffffff
     351675.000 ns	     35166	8000740c	0292ab33	mulhsu	x22,x5,x9	  x5:0xcf457330  x9:0x00000000 x22=0x00000000
     351715.000 ns	     35170	80007410	10477653	fmul.s	f12,f14,f4	 f14:0x7fc00000  f4:0x4d000000 f12=0x7fc00000
     351745.000 ns	     35173	80007414	c00ff953	fcvt.w.s	x18,f31	 f31:0x7fc00000 x18=0x7fffffff
     351765.000 ns	     35175	80007418	772d9397	auipc	x7,0x772d9	  x7=0xf72e0418
     351775.000 ns	     35176	8000741c	00fe6c33	or	x24,x28,x15	 x28:0xd92cc368 x15:0x00000000 x24=0xd92cc368
     351795.000 ns	     35178	80007420	02d4fcb3	remu	x25,x9,x13	  x9:0x00000000 x13:0x00000000 x25=0x00000000
     351825.000 ns	     35181	80007424	c01532d3	fcvt.wu.s	x5,f10	 f10:0x1f350a28  x5=0x00000000
     351845.000 ns	     35183	80007428	d317bb93	sltiu	x23,x15,-719	 x15:0x00000000 x23=0x00000001
     351855.000 ns	     35184	8000742c	00d37533	and	x10,x6,x13	  x6:0xec583404 x13:0x00000000 x10=0x00000000
     351865.000 ns	     35185	80007430	01093533	sltu	x10,x18,x16	 x18:0x7fffffff x16:0x1710d712 x10=0x00000000
     351885.000 ns	     35187	80007434	29e49dd3	fmax.s	f27,f9,f30	  f9:0x1f350a28 f30:0x0005b2aa f27=0x1f350a28
     351915.000 ns	     35190	80007438	d0027e53	fcvt.s.w	f28,x4	  x4:0x08000000 f28=0x4d000000
     351935.000 ns	     35192	8000743c	95fe0193	addi	x3,x28,-1697	 x28:0xd92cc368  x3=0xd92cbcc7
     351955.000 ns	     35194	80007440	02527fb3	remu	x31,x4,x5	  x4:0x08000000  x5:0x00000000 x31=0x08000000
     351985.000 ns	     35197	80007444	e00404d3	fmv.x.w	x9,f8	  f8:0x00000000  x9=0x00000000
     352005.000 ns	     35199	80007448	00a00b33	add	x22,x0,x10	  x0:0x00000000 x10:0x00000000 x22=0x00000000
     352025.000 ns	     35201	8000744c	d0032b53	fcvt.s.w	f22,x6	  x6:0xec583404 f22=0xcd9d3e60
     352045.000 ns	     35203	80007450	41058eb3	sub	x29,x11,x16	 x11:0x80041024 x16:0x1710d712 x29=0x68f33912
     352065.000 ns	     35205	80007454	d00ffcd3	fcvt.s.w	f25,x31	 x31:0x08000000 f25=0x4d000000
     352095.000 ns	     35208	80007458	e0020dd3	fmv.x.w	x27,f4	  f4:0x4d000000 x27=0x4d000000
     352115.000 ns	     35210	8000745c	00000013	addi	x0,x0,0	  x0:0x00000000
     352135.000 ns	     35212	80007460	a1eb2053	feq.s	x0,f22,f30	 f22:0xcd9d3e60 f30:0x0005b2aa
     352505.000 ns	     35249	80007464	03596033	rem	x0,x18,x21	 x18:0x7fffffff x21:0x00000001
     352535.000 ns	     35252	80007468	285f89d3	fmin.s	f19,f31,f5	 f31:0x7fc00000  f5:0x80000000 f19=0x80000000
     352555.000 ns	     35254	8000746c	01199a13	slli	x20,x19,0x11	 x19:0x1710d712 x20=0xae240000
     352565.000 ns	     35255	80007470	0028e633	or	x12,x17,x2	 x17:0x80040fe4  x2:0xffffffff x12=0xffffffff
     352595.000 ns	     35258	80007474	58099fd3	fsqrt.s	f31,f19	 f19:0x80000000 f31=0x80000000
     352625.000 ns	     35261	80007478	a0b31fd3	flt.s	x31,f6,f11	  f6:0x7fc00000 f11:0x7fc00000 x31=0x00000000
     352655.000 ns	     35264	8000747c	21bb00d3	fsgnj.s	f1,f22,f27	 f22:0xcd9d3e60 f27:0x1f350a28  f1=0x4d9d3e60
     352685.000 ns	     35267	80007480	02ccbd33	mulhu	x26,x25,x12	 x25:0x00000000 x12:0xffffffff x26=0x00000000
     352705.000 ns	     35269	80007484	8ffe3313	sltiu	x6,x28,-1793	 x28:0xd92cc368  x6=0x00000001
     352725.000 ns	     35271	80007488	d0007353	fcvt.s.w	f6,x0	  x0:0x00000000  f6=0x00000000
     353095.000 ns	     35308	8000748c	02ce47b3	div	x15,x28,x12	 x28:0xd92cc368 x12:0xffffffff x15=0x26d33c98
     353145.000 ns	     35313	80007490	005d0b53	fadd.s	f22,f26,f5	 f26:0x00000000  f5:0x80000000 f22=0x80000000
     353175.000 ns	     35316	80007494	a123ab53	feq.s	x22,f7,f18	  f7:0x3f800000 f18:0x00000000 x22=0x00000000
     353205.000 ns	     35319	80007498	20751fd3	fsgnjn.s	f31,f10,f7	 f10:0x1f350a28  f7:0x3f800000 f31=0x9f350a28
     353225.000 ns	     35321	8000749c	41a58db3	sub	x27,x11,x26	 x11:0x80041024 x26:0x00000000 x27=0x80041024
     353265.000 ns	     35325	800074a0	082e7a53	fsub.s	f20,f28,f2	 f28:0x4d000000  f2:0x7fc00000 f20=0x7fc00000
     353295.000 ns	     35328	800074a4	a1478653	fle.s	x12,f15,f20	 f15:0x80000000 f20:0x06105fdc x12=0x00000000
     353325.000 ns	     35331	800074a8	a0092453	feq.s	x8,f18,f0	 f18:0x00000000  f0:0x80000000  x8=0x00000001
     353345.000 ns	     35333	800074ac	787d7e93	andi	x29,x26,1927	 x26:0x00000000 x29=0x00000000
     353365.000 ns	     35335	800074b0	212a06d3	fsgnj.s	f13,f20,f18	 f20:0x7fc00000 f18:0x00000000 f13=0x7fc00000
     353385.000 ns	     35337	800074b4	cd310c17	auipc	x24,0xcd310	 x24=0x4d3174b4
     353405.000 ns	     35339	800074b8	f0018153	fmv.w.x	f2,x3	  x3:0xd92cbcc7  f2=0xd92cbcc7
     353425.000 ns	     35341	800074bc	00000013	addi	x0,x0,0	  x0:0x00000000
     353445.000 ns	     35343	800074c0	d00a7b53	fcvt.s.w	f22,x20	 x20:0xae240000 f22=0xcea3b800
     353465.000 ns	     35345	800074c4	3dd9e313	ori	x6,x19,989	 x19:0x1710d712  x6=0x1710d7df
     353475.000 ns	     35346	800074c8	4134db93	srai	x23,x9,0x13	  x9:0x00000000 x23=0x00000000
     353485.000 ns	     35347	800074cc	e3698793	addi	x15,x19,-458	 x19:0x1710d712 x15=0x1710d548
     353505.000 ns	     35349	800074d0	02d55bb3	divu	x23,x10,x13	 x10:0x00000000 x13:0x00000000 x23=0xffffffff
     353535.000 ns	     35352	800074d4	03cb3133	mulhu	x2,x22,x28	 x22:0x00000000 x28:0xd92cc368  x2=0x00000000
     353555.000 ns	     35354	800074d8	41b9d033	sra	x0,x19,x27	 x19:0x1710d712 x27:0x80041024
     353565.000 ns	     35355	800074dc	f9dcec13	ori	x24,x25,-99	 x25:0x00000000 x24=0xffffff9d
     353925.000 ns	     35391	800074e0	034f47b3	div	x15,x30,x20	 x30:0x00000001 x20:0xae240000 x15=0x00000000
     354265.000 ns	     35425	800074e4	1990fcd3	fdiv.s	f25,f1,f25	  f1:0x4d9d3e60 f25:0x4d000000 f25=0x3f9d3e60
     354295.000 ns	     35428	800074e8	d0187ad3	fcvt.s.wu	f21,x16	 x16:0x1710d712 f21=0x4db886b8
     354315.000 ns	     35430	800074ec	014bfe33	and	x28,x23,x20	 x23:0xffffffff x20:0xae240000 x28=0xae240000
     354335.000 ns	     35432	800074f0	e00b1ed3	fclass.s	x29,f22	 f22:0xcea3b800 x29=0x00000002
     354355.000 ns	     35434	800074f4	002c1c13	slli	x24,x24,0x2	 x24:0xffffff9d x24=0xfffffe74
     354365.000 ns	     35435	800074f8	4006d7b3	sra	x15,x13,x0	 x13:0x00000000  x0:0x00000000 x15=0x00000000
     354375.000 ns	     35436	800074fc	5c371eb7	lui	x29,0x5c371	 x29=0x5c371000
     354385.000 ns	     35437	80007500	00d05533	srl	x10,x0,x13	  x0:0x00000000 x13:0x00000000 x10=0x00000000
     354405.000 ns	     35439	80007504	d018f053	fcvt.s.wu	f0,x17	 x17:0x80040fe4  f0=0x4f00040f
     354775.000 ns	     35476	80007508	03ba7d33	remu	x26,x20,x27	 x20:0xae240000 x27:0x80041024 x26=0x2e1fefdc
     354795.000 ns	     35478	8000750c	0002ec33	or	x24,x5,x0	  x5:0x00000000  x0:0x00000000 x24=0x00000000
     354805.000 ns	     35479	80007510	b371f493	andi	x9,x3,-1225	  x3:0xd92cbcc7  x9=0xd92cb807
     354825.000 ns	     35481	80007514	217e2153	fsgnjx.s	f2,f28,f23	 f28:0x4d000000 f23:0x7fc00000  f2=0x4d000000
     355195.000 ns	     35518	80007518	023b4f33	div	x30,x22,x3	 x22:0x00000000  x3:0xd92cbcc7 x30=0x00000000
     355235.000 ns	     35522	8000751c	18d0bf53	fdiv.s	f30,f1,f13	  f1:0x4d9d3e60 f13:0x7fc00000 f30=0x7fc00000
     355265.000 ns	     35525	80007520	28798c53	fmin.s	f24,f19,f7	 f19:0x80000000  f7:0x3f800000 f24=0x80000000
     355295.000 ns	     35528	80007524	207808d3	fsgnj.s	f17,f16,f7	 f16:0x4efff7df  f7:0x3f800000 f17=0x4efff7df
     355325.000 ns	     35531	80007528	a0c12b53	feq.s	x22,f2,f12	  f2:0x4d000000 f12:0x7fc00000 x22=0x00000000
     355355.000 ns	     35534	8000752c	e0000253	fmv.x.w	x4,f0	  f0:0x4f00040f  x4=0x4f00040f
     355375.000 ns	     35536	80007530	00205ab3	srl	x21,x0,x2	  x0:0x00000000  x2:0x00000000 x21=0x00000000
     355395.000 ns	     35538	80007534	02c7abb3	mulhsu	x23,x15,x12	 x15:0x00000000 x12:0x00000000 x23=0x00000000
     355415.000 ns	     35540	80007538	406d0233	sub	x4,x26,x6	 x26:0x2e1fefdc  x6:0x1710d7df  x4=0x170f17fd
     355425.000 ns	     35541	8000753c	0164dd93	srli	x27,x9,0x16	  x9:0xd92cb807 x27=0x00000364
     355785.000 ns	     35577	80007540	024f4533	div	x10,x30,x4	 x30:0x00000000  x4:0x4f00040f x10=0x00000000
     355805.000 ns	     35579	80007544	40e10633	sub	x12,x2,x14	  x2:0x00000000 x14:0x00000000 x12=0x00000000
     355825.000 ns	     35581	80007548	f00d02d3	fmv.w.x	f5,x26	 x26:0x2e1fefdc  f5=0x2e1fefdc
     355845.000 ns	     35583	8000754c	00000013	addi	x0,x0,0	  x0:0x00000000
     355865.000 ns	     35585	80007550	0370e6b3	rem	x13,x1,x23	  x1:0x00000000 x23:0x00000000 x13=0x00000000
     355885.000 ns	     35587	80007554	5d216613	ori	x12,x2,1490	  x2:0x00000000 x12=0x000005d2
     355925.000 ns	     35591	80007558	0802f5d3	fsub.s	f11,f5,f0	  f5:0x2e1fefdc  f0:0x4f00040f f11=0xcf00040f
     355945.000 ns	     35593	8000755c	017a26b3	slt	x13,x20,x23	 x20:0xae240000 x23:0x00000000 x13=0x00000001
     355955.000 ns	     35594	80007560	127b3013	sltiu	x0,x22,295	 x22:0x00000000
     355975.000 ns	     35596	80007564	f00403d3	fmv.w.x	f7,x8	  x8:0x00000001  f7=0x00000001
     355995.000 ns	     35598	80007568	01fb4233	xor	x4,x22,x31	 x22:0x00000000 x31:0x00000000  x4=0x00000000
     356015.000 ns	     35600	8000756c	21680253	fsgnj.s	f4,f16,f22	 f16:0x4efff7df f22:0xcea3b800  f4=0xcefff7df
     356045.000 ns	     35603	80007570	20108f53	fsgnj.s	f30,f1,f1	  f1:0x4d9d3e60  f1:0x4d9d3e60 f30=0x4d9d3e60
     356065.000 ns	     35605	80007574	40a75033	sra	x0,x14,x10	 x14:0x00000000 x10:0x00000000
     356075.000 ns	     35606	80007578	00ce5613	srli	x12,x28,0xc	 x28:0xae240000 x12=0x000ae240
     356105.000 ns	     35609	8000757c	10b678d3	fmul.s	f17,f12,f11	 f12:0x7fc00000 f11:0xcf00040f f17=0x7fc00000
     356135.000 ns	     35612	80007580	c00c9d53	fcvt.w.s	x26,f25	 f25:0x3f9d3e60 x26=0x00000001
     356155.000 ns	     35614	80007584	6c35a413	slti	x8,x11,1731	 x11:0x80041024  x8=0x00000001
     356165.000 ns	     35615	80007588	01ea9a33	sll	x20,x21,x30	 x21:0x00000000 x30:0x00000000 x20=0x00000000
     356175.000 ns	     35616	8000758c	017d5233	srl	x4,x26,x23	 x26:0x00000001 x23:0x00000000  x4=0x00000001
     356185.000 ns	     35617	80007590	df70a213	slti	x4,x1,-521	  x1:0x00000000  x4=0x00000000
     356205.000 ns	     35619	80007594	e0090cd3	fmv.x.w	x25,f18	 f18:0x00000000 x25=0x00000000
     356235.000 ns	     35622	80007598	03823233	mulhu	x4,x4,x24	  x4:0x00000001 x24:0x00000000  x4=0x00000000
     356265.000 ns	     35625	8000759c	a07d2fd3	feq.s	x31,f26,f7	 f26:0x00000000  f7:0x00000001 x31=0x00000000
     356305.000 ns	     35629	800075a0	10fa7fd3	fmul.s	f31,f20,f15	 f20:0x7fc00000 f15:0x80000000 f31=0x7fc00000
     356325.000 ns	     35631	800075a4	00642233	slt	x4,x8,x6	  x8:0x00000001  x6:0x1710d7df  x4=0x00000001
     356365.000 ns	     35635	800075a8	087b9bd3	fsub.s	f23,f23,f7	 f23:0x7fc00000  f7:0x00000001 f23=0x7fc00000
     356395.000 ns	     35638	800075ac	039a7fb3	remu	x31,x20,x25	 x20:0x00000000 x25:0x00000000 x31=0x00000000
     356435.000 ns	     35642	800075b0	111ab653	fmul.s	f12,f21,f17	 f21:0x4db886b8 f17:0x7fc00000 f12=0x7fc00000
     356465.000 ns	     35645	800075b4	c0088b53	fcvt.w.s	x22,f17	 f17:0x7fc00000 x22=0x7fffffff
     356495.000 ns	     35648	800075b8	a0c60653	fle.s	x12,f12,f12	 f12:0x7fc00000 f12:0x7fc00000 x12=0x00000000
     356525.000 ns	     35651	800075bc	02788133	mul	x2,x17,x7	 x17:0x80040fe4  x7:0xf72e0418  x2=0xe7990d60
     356555.000 ns	     35654	800075c0	0203b6b3	mulhu	x13,x7,x0	  x7:0xf72e0418  x0:0x00000000 x13=0x00000000
     356575.000 ns	     35656	800075c4	00466eb3	or	x29,x12,x4	 x12:0x00000000  x4:0x00000001 x29=0x00000001
     356595.000 ns	     35658	800075c8	a19f9153	flt.s	x2,f31,f25	 f31:0x7fc00000 f25:0x3f9d3e60  x2=0x00000000
     356615.000 ns	     35660	800075cc	00000013	addi	x0,x0,0	  x0:0x00000000
     356635.000 ns	     35662	800075d0	02f98b33	mul	x22,x19,x15	 x19:0x1710d712 x15:0x00000000 x22=0x00000000
     356655.000 ns	     35664	800075d4	c2028713	addi	x14,x5,-992	  x5:0x00000000 x14=0xfffffc20
     357825.000 ns	     35781	800075d8	580526d3	fsqrt.s	f13,f10	 f10:0x1f350a28 f13=0x2f00038e
     357845.000 ns	     35783	800075dc	005e8833	add	x16,x29,x5	 x29:0x00000001  x5:0x00000000 x16=0x00000001
     357855.000 ns	     35784	800075e0	015ab3b3	sltu	x7,x21,x21	 x21:0x00000000 x21:0x00000000  x7=0x00000000
     357875.000 ns	     35786	800075e4	035bb433	mulhu	x8,x23,x21	 x23:0x00000000 x21:0x00000000  x8=0x00000000
     357905.000 ns	     35789	800075e8	e00d8653	fmv.x.w	x12,f27	 f27:0x1f350a28 x12=0x1f350a28
     357935.000 ns	     35792	800075ec	02abdbb3	divu	x23,x23,x10	 x23:0x00000000 x10:0x00000000 x23=0xffffffff
     357955.000 ns	     35794	800075f0	dff04b13	xori	x22,x0,-513	  x0:0x00000000 x22=0xfffffdff
     357985.000 ns	     35797	800075f4	11a0aed3	fmul.s	f29,f1,f26	  f1:0x4d9d3e60 f26:0x00000000 f29=0x00000000
     358005.000 ns	     35799	800075f8	4078d6b3	sra	x13,x17,x7	 x17:0x80040fe4  x7:0x00000000 x13=0x80040fe4
     358015.000 ns	     35800	800075fc	00f6d0b3	srl	x1,x13,x15	 x13:0x00000000 x15:0x00000000  x1=0x80040fe4
     358035.000 ns	     35802	80007600	02832bb3	mulhsu	x23,x6,x8	  x6:0x1710d7df  x8:0x00000000 x23=0x00000000
     358055.000 ns	     35804	80007604	00012933	slt	x18,x2,x0	  x2:0x00000000  x0:0x00000000 x18=0x00000000
     358065.000 ns	     35805	80007608	01d79633	sll	x12,x15,x29	 x15:0x00000000 x29:0x00000001 x12=0x00000000
     358085.000 ns	     35807	8000760c	d0147053	fcvt.s.wu	f0,x8	  x8:0x00000000  f0=0x00000000
     358135.000 ns	     35812	80007610	082bf4d3	fsub.s	f9,f23,f2	 f23:0x7fc00000  f2:0x4d000000  f9=0x7fc00000
     358155.000 ns	     35814	80007614	001b8333	add	x6,x23,x1	 x23:0x00000000  x1:0x80040fe4  x6=0x80040fe4
     358175.000 ns	     35816	80007618	e0031e53	fclass.s	x28,f6	  f6:0x00000000 x28=0x00000010
     358195.000 ns	     35818	8000761c	ed88a193	slti	x3,x17,-296	 x17:0x80040fe4  x3=0x00000001
     358215.000 ns	     35820	80007620	038ef933	remu	x18,x29,x24	 x29:0x00000001 x24:0x00000000 x18=0x00000001
     358245.000 ns	     35823	80007624	02abc533	div	x10,x23,x10	 x23:0x00000000 x10:0x00000000 x10=0xffffffff
     358265.000 ns	     35825	80007628	00000013	addi	x0,x0,0	  x0:0x00000000
     358295.000 ns	     35828	8000762c	115f3753	fmul.s	f14,f30,f21	 f30:0x4d9d3e60 f21:0x4db886b8 f14=0x5be2af2a
     358315.000 ns	     35830	80007630	01611713	slli	x14,x2,0x16	  x2:0x00000000 x14=0x00000000
     358335.000 ns	     35832	80007634	02b9a7b3	mulhsu	x15,x19,x11	 x19:0x1710d712 x11:0x80041024 x15=0x0b88c940
     358365.000 ns	     35835	80007638	f00e8653	fmv.w.x	f12,x29	 x29:0x00000001 f12=0x00000001
     358385.000 ns	     35837	8000763c	0045fdb3	and	x27,x11,x4	 x11:0x80041024  x4:0x00000001 x27=0x00000000
     358405.000 ns	     35839	80007640	02ebdd33	divu	x26,x23,x14	 x23:0x00000000 x14:0x00000000 x26=0xffffffff
     358425.000 ns	     35841	80007644	41f382b3	sub	x5,x7,x31	  x7:0x00000000 x31:0x00000000  x5=0x00000000
     358445.000 ns	     35843	80007648	f0050853	fmv.w.x	f16,x10	 x10:0xffffffff f16=0xffffffff
     358465.000 ns	     35845	8000764c	00000013	addi	x0,x0,0	  x0:0x00000000
     358475.000 ns	     35846	80007650	8c4a7693	andi	x13,x20,-1852	 x20:0x00000000 x13=0x00000000
     358485.000 ns	     35847	80007654	9dde8d93	addi	x27,x29,-1571	 x29:0x00000001 x27=0xfffff9de
     358505.000 ns	     35849	80007658	a0250553	fle.s	x10,f10,f2	 f10:0x1f350a28  f2:0x4d000000 x10=0x00000001
     358535.000 ns	     35852	8000765c	a0cd12d3	flt.s	x5,f26,f12	 f26:0x00000000 f12:0x00000001  x5=0x00000001
     358565.000 ns	     35855	80007660	021933b3	mulhu	x7,x18,x1	 x18:0x00000001  x1:0x80040fe4  x7=0x00000000
     358585.000 ns	     35857	80007664	9da5f613	andi	x12,x11,-1574	 x11:0x80041024 x12=0x80041000
     358605.000 ns	     35859	80007668	03f730b3	mulhu	x1,x14,x31	 x14:0x00000000 x31:0x00000000  x1=0x00000000
     358625.000 ns	     35861	8000766c	605f6f13	ori	x30,x30,1541	 x30:0x00000000 x30=0x00000605
     358635.000 ns	     35862	80007670	01eece33	xor	x28,x29,x30	 x29:0x00000001 x30:0x00000000 x28=0x00000604
     358655.000 ns	     35864	80007674	027342b3	div	x5,x6,x7	  x6:0x80040fe4  x7:0x00000000  x5=0xffffffff
     358675.000 ns	     35866	80007678	9a998a17	auipc	x20,0x9a998	 x20=0x1a99f678
     358705.000 ns	     35869	8000767c	112d75d3	fmul.s	f11,f26,f18	 f26:0x00000000 f18:0x00000000 f11=0x00000000
     358725.000 ns	     35871	80007680	0137bfb3	sltu	x31,x15,x19	 x15:0x0b88c940 x19:0x1710d712 x31=0x00000001
     358745.000 ns	     35873	80007684	a0310ed3	fle.s	x29,f2,f3	  f2:0x4d000000  f3:0x1f350a28 x29=0x00000000
     358775.000 ns	     35876	80007688	282c9753	fmax.s	f14,f25,f2	 f25:0x3f9d3e60  f2:0x4d000000 f14=0x4d000000
     358795.000 ns	     35878	8000768c	01462ab3	slt	x21,x12,x20	 x12:0x80041000 x20:0x1a99f678 x21=0x00000001
     358815.000 ns	     35880	80007690	281e8a53	fmin.s	f20,f29,f1	 f29:0x00000000  f1:0x4d9d3e60 f20=0x00000000
     359995.000 ns	     35998	80007694	5803aad3	fsqrt.s	f21,f7	  f7:0x00000001 f21=0x1f350483
     360025.000 ns	     36001	80007698	297197d3	fmax.s	f15,f3,f23	  f3:0x1f350a28 f23:0x7fc00000 f15=0x1f350a28
     360055.000 ns	     36004	8000769c	e00e9dd3	fclass.s	x27,f29	 f29:0x00000000 x27=0x00000010
     360075.000 ns	     36006	800076a0	a11e6c93	ori	x25,x28,-1519	 x28:0x00000604 x25=0xfffffe15
     360095.000 ns	     36008	800076a4	a0158053	fle.s	x0,f11,f1	 f11:0x00000000  f1:0x4d9d3e60
     360115.000 ns	     36010	800076a8	64724b13	xori	x22,x4,1607	  x4:0x00000001 x22=0x00000646
     360125.000 ns	     36011	800076ac	6b046913	ori	x18,x8,1712	  x8:0x00000000 x18=0x000006b0
     360145.000 ns	     36013	800076b0	0388efb3	rem	x31,x17,x24	 x17:0x80040fe4 x24:0x00000000 x31=0x80040fe4
     360165.000 ns	     36015	800076b4	00fd67b3	or	x15,x26,x15	 x26:0xffffffff x15:0x0b88c940 x15=0xffffffff
     361335.000 ns	     36132	800076b8	58077953	fsqrt.s	f18,f14	 f14:0x4d000000 f18=0x45b50482
     361355.000 ns	     36134	800076bc	81cc1b37	lui	x22,0x81cc1	 x22=0x81cc1000
     361375.000 ns	     36136	800076c0	022750b3	divu	x1,x14,x2	 x14:0x00000000  x2:0x00000000  x1=0xffffffff
     361395.000 ns	     36138	800076c4	0161b6b3	sltu	x13,x3,x22	  x3:0x00000001 x22:0x00000646 x13=0x00000001
     361405.000 ns	     36139	800076c8	016efcb3	and	x25,x29,x22	 x29:0x00000000 x22:0x81cc1000 x25=0x00000000
     361425.000 ns	     36141	800076cc	a1908053	fle.s	x0,f1,f25	  f1:0x4d9d3e60 f25:0x3f9d3e60
     361445.000 ns	     36143	800076d0	f13a7d93	andi	x27,x20,-237	 x20:0x1a99f678 x27=0x1a99f610
     361455.000 ns	     36144	800076d4	05907393	andi	x7,x0,89	  x0:0x00000000  x7=0x00000000
     361465.000 ns	     36145	800076d8	413a02b3	sub	x5,x20,x19	 x20:0x1a99f678 x19:0x1710d712  x5=0x03891f66
     361475.000 ns	     36146	800076dc	0111e133	or	x2,x3,x17	  x3:0x00000001 x17:0x80040fe4  x2=0x80040fe5
     361495.000 ns	     36148	800076e0	a16a0f53	fle.s	x30,f20,f22	 f20:0x00000000 f22:0xcea3b800 x30=0x00000000
     361525.000 ns	     36151	800076e4	03c684b3	mul	x9,x13,x28	 x13:0x00000001 x28:0x00000604  x9=0x00000604
     361545.000 ns	     36153	800076e8	00000013	addi	x0,x0,0	  x0:0x00000000
     361565.000 ns	     36155	800076ec	28511ad3	fmax.s	f21,f2,f5	  f2:0x4d000000  f5:0x2e1fefdc f21=0x4d000000
     361585.000 ns	     36157	800076f0	696d2613	slti	x12,x26,1686	 x26:0xffffffff x12=0x00000001
     361605.000 ns	     36159	800076f4	29300ad3	fmin.s	f21,f0,f19	  f0:0x00000000 f19:0x80000000 f21=0x80000000
     361635.000 ns	     36162	800076f8	a1ed0cd3	fle.s	x25,f26,f30	 f26:0x00000000 f30:0x4d9d3e60 x25=0x00000001
     361655.000 ns	     36164	800076fc	41665513	srai	x10,x12,0x16	 x12:0x00000001 x10=0x00000000
     361665.000 ns	     36165	80007700	00000013	addi	x0,x0,0	  x0:0x00000000
     361685.000 ns	     36167	80007704	c01b07d3	fcvt.wu.s	x15,f22	 f22:0xcea3b800 x15=0x51dc0000
     361725.000 ns	     36171	80007708	580b1353	fsqrt.s	f6,f22	 f22:0xcea3b800  f6=0x7fc00000
     361745.000 ns	     36173	8000770c	aa5af013	andi	x0,x21,-1371	 x21:0x00000001
     361765.000 ns	     36175	80007710	20e18ed3	fsgnj.s	f29,f3,f14	  f3:0x1f350a28 f14:0x4d000000 f29=0x1f350a28
     361815.000 ns	     36180	80007714	01394c53	fadd.s	f24,f18,f19	 f18:0x45b50482 f19:0x80000000 f24=0x45b50482
     361845.000 ns	     36183	80007718	29be1fd3	fmax.s	f31,f28,f27	 f28:0x4d000000 f27:0x1f350a28 f31=0x4d000000
     361875.000 ns	     36186	8000771c	21f7a5d3	fsgnjx.s	f11,f15,f31	 f15:0x1f350a28 f31:0x7fc00000 f11=0x1f350a28
     361905.000 ns	     36189	80007720	d0068953	fcvt.s.w	f18,x13	 x13:0x00000001 f18=0x3f800000
     361925.000 ns	     36191	80007724	000f1fb3	sll	x31,x30,x0	 x30:0x00000000  x0:0x00000000 x31=0x00000000
     361965.000 ns	     36195	80007728	087c1fd3	fsub.s	f31,f24,f7	 f24:0x45b50482  f7:0x00000001 f31=0x45b50482
     361985.000 ns	     36197	8000772c	00399f93	slli	x31,x19,0x3	 x19:0x1710d712 x31=0xb886b890
     361995.000 ns	     36198	80007730	28a88613	addi	x12,x17,650	 x17:0x80040fe4 x12=0x8004126e
     362035.000 ns	     36202	80007734	0859ff53	fsub.s	f30,f19,f5	 f19:0x80000000  f5:0x2e1fefdc f30=0xae1fefdc
     362055.000 ns	     36204	80007738	40b75a33	sra	x20,x14,x11	 x14:0x00000000 x11:0x80041024 x20=0x00000000
     362065.000 ns	     36205	8000773c	f56a1e37	lui	x28,0xf56a1	 x28=0xf56a1000
     362075.000 ns	     36206	80007740	009874b3	and	x9,x16,x9	 x16:0x00000001  x9:0x00000604  x9=0x00000000
     362085.000 ns	     36207	80007744	00e71713	slli	x14,x14,0xe	 x14:0x00000000 x14=0x00000000
     362105.000 ns	     36209	80007748	d0094ed3	fcvt.s.w	f29,x18	 x18:0x000006b0 f29=0x44d60000
     362125.000 ns	     36211	8000774c	028b7b93	andi	x23,x22,40	 x22:0x81cc1000 x23=0x00000000
     362135.000 ns	     36212	80007750	4168de33	sra	x28,x17,x22	 x17:0x80040fe4 x22:0x81cc1000 x28=0x80040fe4
     362145.000 ns	     36213	80007754	00000013	addi	x0,x0,0	  x0:0x00000000
     362155.000 ns	     36214	80007758	f5aa7213	andi	x4,x20,-166	 x20:0x00000000  x4=0x00000000
     362175.000 ns	     36216	8000775c	a1fd0dd3	fle.s	x27,f26,f31	 f26:0x00000000 f31:0x45b50482 x27=0x00000001
     362205.000 ns	     36219	80007760	f0030e53	fmv.w.x	f28,x6	  x6:0x80040fe4 f28=0x80040fe4
     362235.000 ns	     36222	80007764	e00f1953	fclass.s	x18,f30	 f30:0xae1fefdc x18=0x00000002
     362255.000 ns	     36224	80007768	411d8ab3	sub	x21,x27,x17	 x27:0x00000001 x17:0x80040fe4 x21=0x7ffbf01d
     362615.000 ns	     36260	8000776c	03264d33	div	x26,x12,x18	 x12:0x8004126e x18:0x00000002 x26=0xc0020937
     362645.000 ns	     36263	80007770	a1389f53	flt.s	x30,f17,f19	 f17:0x7fc00000 f19:0x80000000 x30=0x00000000
     362665.000 ns	     36265	80007774	41c65f13	srai	x30,x12,0x1c	 x12:0x8004126e x30=0xfffffff8
     362675.000 ns	     36266	80007778	cfc7bf37	lui	x30,0xcfc7b	 x30=0xcfc7b000
     362695.000 ns	     36268	8000777c	026c93b3	mulh	x7,x25,x6	 x25:0x00000001  x6:0x80040fe4  x7=0xffffffff
     362715.000 ns	     36270	80007780	01bbc733	xor	x14,x23,x27	 x23:0x00000000 x27:0x00000001 x14=0x00000001
     362725.000 ns	     36271	80007784	40e70eb3	sub	x29,x14,x14	 x14:0x00000000 x14:0x00000000 x29=0x00000000
     362735.000 ns	     36272	80007788	00051693	slli	x13,x10,0x0	 x10:0x00000000 x13=0x00000000
     363095.000 ns	     36308	8000778c	03afebb3	rem	x23,x31,x26	 x31:0xb886b890 x26:0xc0020937 x23=0xf884af59
     363125.000 ns	     36311	80007790	020ced33	rem	x26,x25,x0	 x25:0x00000001  x0:0x00000000 x26=0x00000001
     363155.000 ns	     36314	80007794	a0d791d3	flt.s	x3,f15,f13	 f15:0x1f350a28 f13:0x2f00038e  x3=0x00000001
     363175.000 ns	     36316	80007798	41be5bb3	sra	x23,x28,x27	 x28:0x80040fe4 x27:0x00000001 x23=0xc00207f2
     363185.000 ns	     36317	8000779c	714c2a37	lui	x20,0x714c2	 x20=0x714c2000
     363195.000 ns	     36318	800077a0	01f4b433	sltu	x8,x9,x31	  x9:0x00000000 x31:0xb886b890  x8=0x00000001
     363205.000 ns	     36319	800077a4	1d40f2b7	lui	x5,0x1d40f	  x5=0x1d40f000
     363215.000 ns	     36320	800077a8	01d47f33	and	x30,x8,x29	  x8:0x00000000 x29:0x00000000 x30=0x00000000
     363235.000 ns	     36322	800077ac	c00cfd53	fcvt.w.s	x26,f25	 f25:0x3f9d3e60 x26=0x00000001
     363255.000 ns	     36324	800077b0	a620c013	xori	x0,x1,-1438	  x1:0xffffffff
     363295.000 ns	     36328	800077b4	094e09d3	fsub.s	f19,f28,f20	 f28:0x80040fe4 f20:0x00000000 f19=0x80040fe4
     363325.000 ns	     36331	800077b8	a19f2153	feq.s	x2,f30,f25	 f30:0xae1fefdc f25:0x3f9d3e60  x2=0x00000000
     363695.000 ns	     36368	800077bc	034cfb33	remu	x22,x25,x20	 x25:0x00000001 x20:0x714c2000 x22=0x00000001
     363725.000 ns	     36371	800077c0	0388ef33	rem	x30,x17,x24	 x17:0x80040fe4 x24:0x00000000 x30=0x80040fe4
     363745.000 ns	     36373	800077c4	40725f13	srai	x30,x4,0x7	  x4:0x00000000 x30=0x00000000
     363765.000 ns	     36375	800077c8	a01d2bd3	feq.s	x23,f26,f1	 f26:0x00000000  f1:0x4d9d3e60 x23=0x00000000
     363785.000 ns	     36377	800077cc	4bb0fe97	auipc	x29,0x4bb0f	 x29=0xcbb167cc
     363805.000 ns	     36379	800077d0	e00c9253	fclass.s	x4,f25	 f25:0x3f9d3e60  x4=0x00000040
     364175.000 ns	     36416	800077d4	0357efb3	rem	x31,x15,x21	 x15:0x51dc0000 x21:0x7ffbf01d x31=0x51dc0000
     364205.000 ns	     36419	800077d8	03b997b3	mulh	x15,x19,x27	 x19:0x1710d712 x27:0x00000001 x15=0x00000000
     364225.000 ns	     36421	800077dc	00000013	addi	x0,x0,0	  x0:0x00000000
     364245.000 ns	     36423	800077e0	29db9653	fmax.s	f12,f23,f29	 f23:0x7fc00000 f29:0x44d60000 f12=0x44d60000
     364275.000 ns	     36426	800077e4	29751c53	fmax.s	f24,f10,f23	 f10:0x1f350a28 f23:0x7fc00000 f24=0x1f350a28
     364295.000 ns	     36428	800077e8	77158393	addi	x7,x11,1905	 x11:0x80041024  x7=0x80041795
     364315.000 ns	     36430	800077ec	c01281d3	fcvt.wu.s	x3,f5	  f5:0x2e1fefdc  x3=0x00000000
     364345.000 ns	     36433	800077f0	e0090353	fmv.x.w	x6,f18	 f18:0x3f800000  x6=0x3f800000
     364365.000 ns	     36435	800077f4	a903cc13	xori	x24,x7,-1392	  x7:0x80041795 x24=0x7ffbed05
     364405.000 ns	     36439	800077f8	083c9e53	fsub.s	f28,f25,f3	 f25:0x3f9d3e60  f3:0x1f350a28 f28=0x3f9d3e60
     364425.000 ns	     36441	800077fc	41600eb3	sub	x29,x0,x22	  x0:0x00000000 x22:0x00000001 x29=0xffffffff
     364435.000 ns	     36442	80007800	000883b3	add	x7,x17,x0	 x17:0x80040fe4  x0:0x00000000  x7=0x80040fe4
     364455.000 ns	     36444	80007804	f00189d3	fmv.w.x	f19,x3	  x3:0x00000000 f19=0x00000000
     364475.000 ns	     36446	80007808	01f47bb3	and	x23,x8,x31	  x8:0x00000001 x31:0x51dc0000 x23=0x00000000
     364485.000 ns	     36447	8000780c	402dd193	srai	x3,x27,0x2	 x27:0x00000001  x3=0x00000000
     364495.000 ns	     36448	80007810	00000013	addi	x0,x0,0	  x0:0x00000000
     364515.000 ns	     36450	80007814	a19a2ed3	feq.s	x29,f20,f25	 f20:0x00000000 f25:0x3f9d3e60 x29=0x00000000
     364535.000 ns	     36452	80007818	77bdef13	ori	x30,x27,1915	 x27:0x00000001 x30=0x0000077b
     364545.000 ns	     36453	8000781c	00208f33	add	x30,x1,x2	  x1:0xffffffff  x2:0x00000000 x30=0xffffffff
     364565.000 ns	     36455	80007820	0294e3b3	rem	x7,x9,x9	  x9:0x00000000  x9:0x00000000  x7=0x00000000
     364615.000 ns	     36460	80007824	08a30553	fsub.s	f10,f6,f10	  f6:0x7fc00000 f10:0x1f350a28 f10=0x7fc00000
     364635.000 ns	     36462	80007828	05ff4613	xori	x12,x30,95	 x30:0xffffffff x12=0xffffffa0
     364645.000 ns	     36463	8000782c	00c634b3	sltu	x9,x12,x12	 x12:0x8004126e x12:0x8004126e  x9=0x00000000
     364675.000 ns	     36466	80007830	19d9f2d3	fdiv.s	f5,f19,f29	 f19:0x00000000 f29:0x44d60000  f5=0x00000000
     364705.000 ns	     36469	80007834	d003f6d3	fcvt.s.w	f13,x7	  x7:0x00000000 f13=0x00000000
     364725.000 ns	     36471	80007838	00f68ab3	add	x21,x13,x15	 x13:0x00000000 x15:0x00000000 x21=0x00000000
     364735.000 ns	     36472	8000783c	01bb9513	slli	x10,x23,0x1b	 x23:0x00000000 x10=0x00000000
     364775.000 ns	     36476	80007840	082ab253	fsub.s	f4,f21,f2	 f21:0x80000000  f2:0x4d000000  f4=0xcd000000
     364805.000 ns	     36479	80007844	a00da953	feq.s	x18,f27,f0	 f27:0x1f350a28  f0:0x00000000 x18=0x00000000
     364835.000 ns	     36482	80007848	c01effd3	fcvt.wu.s	x31,f29	 f29:0x44d60000 x31=0x000006b0
     364865.000 ns	     36485	8000784c	a16680d3	fle.s	x1,f13,f22	 f13:0x00000000 f22:0xcea3b800  x1=0x00000000
     364885.000 ns	     36487	80007850	9441ae93	slti	x29,x3,-1724	  x3:0x00000000 x29=0x00000000
     365245.000 ns	     36523	80007854	03105f33	divu	x30,x0,x17	  x0:0x00000000 x17:0x80040fe4 x30=0x00000000
     365275.000 ns	     36526	80007858	0210e133	rem	x2,x1,x1	  x1:0x00000000  x1:0x00000000  x2=0x00000000
     365305.000 ns	     36529	8000785c	a0942753	feq.s	x14,f8,f9	  f8:0x00000000  f9:0x7fc00000 x14=0x00000000
     365335.000 ns	     36532	80007860	280a9253	fmax.s	f4,f21,f0	 f21:0x80000000  f0:0x00000000  f4=0x00000000
     365355.000 ns	     36534	80007864	007110b3	sll	x1,x2,x7	  x2:0x00000000  x7:0x00000000  x1=0x00000000
     365365.000 ns	     36535	80007868	017a7333	and	x6,x20,x23	 x20:0x714c2000 x23:0x00000000  x6=0x00000000
     365375.000 ns	     36536	8000786c	004b1bb3	sll	x23,x22,x4	 x22:0x00000001  x4:0x00000040 x23=0x00000001
     365385.000 ns	     36537	80007870	020e0093	addi	x1,x28,32	 x28:0x80040fe4  x1=0x80041004
     365395.000 ns	     36538	80007874	00000013	addi	x0,x0,0	  x0:0x00000000
     365405.000 ns	     36539	80007878	a1373c93	sltiu	x25,x14,-1517	 x14:0x00000000 x25=0x00000001
     365425.000 ns	     36541	8000787c	2092a7d3	fsgnjx.s	f15,f5,f9	  f5:0x00000000  f9:0x7fc00000 f15=0x00000000
     365445.000 ns	     36543	80007880	8e4f3713	sltiu	x14,x30,-1820	 x30:0x00000000 x14=0x00000001
     365455.000 ns	     36544	80007884	4de80613	addi	x12,x16,1246	 x16:0x00000001 x12=0x000004df
     365465.000 ns	     36545	80007888	01959fb3	sll	x31,x11,x25	 x11:0x80041024 x25:0x00000001 x31=0x00082048
     365475.000 ns	     36546	8000788c	405a5113	srai	x2,x20,0x5	 x20:0x714c2000  x2=0x038a6100
     365495.000 ns	     36548	80007890	d000f753	fcvt.s.w	f14,x1	  x1:0x80041004 f14=0xcefff7df
     365525.000 ns	     36551	80007894	e0001d53	fclass.s	x26,f0	  f0:0x00000000 x26=0x00000010
     365545.000 ns	     36553	80007898	0031c433	xor	x8,x3,x3	  x3:0x00000000  x3:0x00000000  x8=0x00000000
     365555.000 ns	     36554	8000789c	1240a693	slti	x13,x1,292	  x1:0x80041004 x13=0x00000001
     366725.000 ns	     36671	800078a0	58017bd3	fsqrt.s	f23,f2	  f2:0x4d000000 f23=0x45b50482
     366745.000 ns	     36673	800078a4	f440c493	xori	x9,x1,-188	  x1:0x80041004  x9=0x7ffbef40
     366755.000 ns	     36674	800078a8	015b9913	slli	x18,x23,0x15	 x23:0x00000001 x18=0x00200000
     366775.000 ns	     36676	800078ac	29a08bd3	fmin.s	f23,f1,f26	  f1:0x4d9d3e60 f26:0x00000000 f23=0x00000000
     367145.000 ns	     36713	800078b0	033ae533	rem	x10,x21,x19	 x21:0x00000000 x19:0x1710d712 x10=0x00000000
     367175.000 ns	     36716	800078b4	03f09db3	mulh	x27,x1,x31	  x1:0x80041004 x31:0x00082048 x27=0xfffbeffd
     367195.000 ns	     36718	800078b8	008fd2b3	srl	x5,x31,x8	 x31:0x00082048  x8:0x00000000  x5=0x00082048
     367205.000 ns	     36719	800078bc	003d17b3	sll	x15,x26,x3	 x26:0x00000010  x3:0x00000000 x15=0x00000010
     367215.000 ns	     36720	800078c0	f6ae6213	ori	x4,x28,-150	 x28:0x80040fe4  x4=0xffffffee
     367235.000 ns	     36722	800078c4	28ad0f53	fmin.s	f30,f26,f10	 f26:0x00000000 f10:0x7fc00000 f30=0x00000000
     367275.000 ns	     36726	800078c8	10e6fed3	fmul.s	f29,f13,f14	 f13:0x00000000 f14:0xcefff7df f29=0x80000000
     367305.000 ns	     36729	800078cc	02719333	mulh	x6,x3,x7	  x3:0x00000000  x7:0x00000000  x6=0x00000000
     367325.000 ns	     36731	800078d0	cdc10413	addi	x8,x2,-804	  x2:0x038a6100  x8=0x038a5ddc
     367345.000 ns	     36733	800078d4	f00c0d53	fmv.w.x	f26,x24	 x24:0x7ffbed05 f26=0x7ffbed05
     367375.000 ns	     36736	800078d8	e0088e53	fmv.x.w	x28,f17	 f17:0x7fc00000 x28=0x7fc00000
     367395.000 ns	     36738	800078dc	00000013	addi	x0,x0,0	  x0:0x00000000
     367755.000 ns	     36774	800078e0	039060b3	rem	x1,x0,x25	  x0:0x00000000 x25:0x00000001  x1=0x00000000
     367775.000 ns	     36776	800078e4	0021bf33	sltu	x30,x3,x2	  x3:0x00000000  x2:0x038a6100 x30=0x00000001
     367785.000 ns	     36777	800078e8	b54d7313	andi	x6,x26,-1196	 x26:0x00000010  x6=0x00000010
     367795.000 ns	     36778	800078ec	b0b06513	ori	x10,x0,-1269	  x0:0x00000000 x10=0xfffffb0b
     367805.000 ns	     36779	800078f0	41eed933	sra	x18,x29,x30	 x29:0x00000000 x30:0x00000001 x18=0x00000000
     367835.000 ns	     36782	800078f4	10a27e53	fmul.s	f28,f4,f10	  f4:0x00000000 f10:0x7fc00000 f28=0x7fc00000
     367855.000 ns	     36784	800078f8	0055a333	slt	x6,x11,x5	 x11:0x80041024  x5:0x00082048  x6=0x00000001
     367865.000 ns	     36785	800078fc	8b38deb7	lui	x29,0x8b38d	 x29=0x8b38d000
     367875.000 ns	     36786	80007900	8a41b313	sltiu	x6,x3,-1884	  x3:0x00000000  x6=0x00000001
     367885.000 ns	     36787	80007904	06e66f13	ori	x30,x12,110	 x12:0x000004df x30=0x000004ff
     367895.000 ns	     36788	80007908	017f56b3	srl	x13,x30,x23	 x30:0x00000001 x23:0x00000001 x13=0x0000027f
     367905.000 ns	     36789	8000790c	84098b93	addi	x23,x19,-1984	 x19:0x1710d712 x23=0x1710cf52
     367915.000 ns	     36790	80007910	00000013	addi	x0,x0,0	  x0:0x00000000
     367935.000 ns	     36792	80007914	c00df053	fcvt.w.s	x0,f27	 f27:0x1f350a28
     367955.000 ns	     36794	80007918	01accab3	xor	x21,x25,x26	 x25:0x00000001 x26:0x00000010 x21=0x00000011
     367975.000 ns	     36796	8000791c	a1219cd3	flt.s	x25,f3,f18	  f3:0x1f350a28 f18:0x3f800000 x25=0x00000001
     368005.000 ns	     36799	80007920	a0201653	flt.s	x12,f0,f2	  f0:0x00000000  f2:0x4d000000 x12=0x00000001
     368025.000 ns	     36801	80007924	013ee333	or	x6,x29,x19	 x29:0x8b38d000 x19:0x1710d712  x6=0x9f38d712
     368385.000 ns	     36837	80007928	03e7f0b3	remu	x1,x15,x30	 x15:0x00000010 x30:0x000004ff  x1=0x00000010
     368405.000 ns	     36839	8000792c	00cbfdb3	and	x27,x23,x12	 x23:0x1710cf52 x12:0x00000001 x27=0x00000000
     368415.000 ns	     36840	80007930	779b0713	addi	x14,x22,1913	 x22:0x00000001 x14=0x0000077a
     368435.000 ns	     36842	80007934	0240bab3	mulhu	x21,x1,x4	  x1:0x00000010  x4:0xffffffee x21=0x0000000f
     368455.000 ns	     36844	80007938	6a5b2f13	slti	x30,x22,1701	 x22:0x00000001 x30=0x00000001
     368465.000 ns	     36845	8000793c	c85d6237	lui	x4,0xc85d6	  x4=0xc85d6000
     368475.000 ns	     36846	80007940	001bd7b3	srl	x15,x23,x1	 x23:0x1710cf52  x1:0x00000010 x15=0x00001710
     368495.000 ns	     36848	80007944	c01e7253	fcvt.wu.s	x4,f28	 f28:0x7fc00000  x4=0xffffffff
     368515.000 ns	     36850	80007948	67d17d13	andi	x26,x2,1661	  x2:0x038a6100 x26=0x00000000
     368525.000 ns	     36851	8000794c	0139bc33	sltu	x24,x19,x19	 x19:0x1710d712 x19:0x1710d712 x24=0x00000000
     368545.000 ns	     36853	80007950	c006bb53	fcvt.w.s	x22,f13	 f13:0x00000000 x22=0x00000000
     368575.000 ns	     36856	80007954	a0821053	flt.s	x0,f4,f8	  f4:0x00000000  f8:0x00000000
     368595.000 ns	     36858	80007958	2b89b0b7	lui	x1,0x2b89b	  x1=0x2b89b000
     368625.000 ns	     36861	8000795c	1106fed3	fmul.s	f29,f13,f16	 f13:0x00000000 f16:0xffffffff f29=0x7fc00000
     368645.000 ns	     36863	80007960	00169f13	slli	x30,x13,0x1	 x13:0x0000027f x30=0x000004fe
     368655.000 ns	     36864	80007964	00f72e33	slt	x28,x14,x15	 x14:0x0000077a x15:0x00001710 x28=0x00000001
     368665.000 ns	     36865	80007968	00a11eb3	sll	x29,x2,x10	  x2:0x038a6100 x10:0xfffffb0b x29=0x53080000
     368675.000 ns	     36866	8000796c	0195bf33	sltu	x30,x11,x25	 x11:0x80041024 x25:0x00000001 x30=0x00000000
     368695.000 ns	     36868	80007970	e00a9753	fclass.s	x14,f21	 f21:0x80000000 x14=0x00000008
     368725.000 ns	     36871	80007974	a0471dd3	flt.s	x27,f14,f4	 f14:0xcefff7df  f4:0x00000000 x27=0x00000001
     368755.000 ns	     36874	80007978	d004f853	fcvt.s.w	f16,x9	  x9:0x7ffbef40 f16=0x4efff7de
     368785.000 ns	     36877	8000797c	210784d3	fsgnj.s	f9,f15,f16	 f15:0x00000000 f16:0xffffffff  f9=0x00000000
     368815.000 ns	     36880	80007980	a14a1f53	flt.s	x30,f20,f20	 f20:0x00000000 f20:0x00000000 x30=0x00000000
     368845.000 ns	     36883	80007984	a01484d3	fle.s	x9,f9,f1	  f9:0x00000000  f1:0x4d9d3e60  x9=0x00000001
     368865.000 ns	     36885	80007988	00bcd513	srli	x10,x25,0xb	 x25:0x00000001 x10=0x00000000
     368885.000 ns	     36887	8000798c	c0147f53	fcvt.wu.s	x30,f8	  f8:0x00000000 x30=0x00000000
     368915.000 ns	     36890	80007990	e0098153	fmv.x.w	x2,f19	 f19:0x00000000  x2=0x00000000
     368945.000 ns	     36893	80007994	29c919d3	fmax.s	f19,f18,f28	 f18:0x3f800000 f28:0x7fc00000 f19=0x3f800000
     368975.000 ns	     36896	80007998	f00606d3	fmv.w.x	f13,x12	 x12:0x00000001 f13=0x00000001
     369345.000 ns	     36933	8000799c	0352c7b3	div	x15,x5,x21	  x5:0x00082048 x21:0x0000000f x15=0x00008aaf
     369395.000 ns	     36938	800079a0	015b7653	fadd.s	f12,f22,f21	 f22:0xcea3b800 f21:0x80000000 f12=0xcea3b800
     369425.000 ns	     36941	800079a4	032254b3	divu	x9,x4,x18	  x4:0xffffffff x18:0x00000000  x9=0xffffffff
     369455.000 ns	     36944	800079a8	2092a553	fsgnjx.s	f10,f5,f9	  f5:0x00000000  f9:0x00000000 f10=0x00000000
     369475.000 ns	     36946	800079ac	00a97033	and	x0,x18,x10	 x18:0x00000000 x10:0x00000000
     369495.000 ns	     36948	800079b0	a0359b53	flt.s	x22,f11,f3	 f11:0x1f350a28  f3:0x1f350a28 x22=0x00000000
     369525.000 ns	     36951	800079b4	21682cd3	fsgnjx.s	f25,f16,f22	 f16:0x4efff7de f22:0xcea3b800 f25=0xcefff7de
     369545.000 ns	     36953	800079b8	00eb8c33	add	x24,x23,x14	 x23:0x1710cf52 x14:0x00000008 x24=0x1710cf5a
     369565.000 ns	     36955	800079bc	f00285d3	fmv.w.x	f11,x5	  x5:0x00082048 f11=0x00082048
     369595.000 ns	     36958	800079c0	210d9653	fsgnjn.s	f12,f27,f16	 f27:0x1f350a28 f16:0x4efff7de f12=0x9f350a28
     369615.000 ns	     36960	800079c4	0193ca33	xor	x20,x7,x25	  x7:0x00000000 x25:0x00000001 x20=0x00000001
     369625.000 ns	     36961	800079c8	006482b3	add	x5,x9,x6	  x9:0xffffffff  x6:0x9f38d712  x5=0x9f38d711
     369645.000 ns	     36963	800079cc	c012f253	fcvt.wu.s	x4,f5	  f5:0x00000000  x4=0x00000000
     369665.000 ns	     36965	800079d0	01ff40b3	xor	x1,x30,x31	 x30:0x00000000 x31:0x00082048  x1=0x00082048
     369685.000 ns	     36967	800079d4	034682b3	mul	x5,x13,x20	 x13:0x0000027f x20:0x00000001  x5=0x0000027f
     369705.000 ns	     36969	800079d8	01178633	add	x12,x15,x17	 x15:0x00008aaf x17:0x80040fe4 x12=0x80049a93
     369715.000 ns	     36970	800079dc	df825137	lui	x2,0xdf825	  x2=0xdf825000
     369735.000 ns	     36972	800079e0	a1ecacd3	feq.s	x25,f25,f30	 f25:0xcefff7de f30:0x00000000 x25=0x00000000
     369765.000 ns	     36975	800079e4	28c49f53	fmax.s	f30,f9,f12	  f9:0x00000000 f12:0x9f350a28 f30=0x00000000
     369795.000 ns	     36978	800079e8	e00490d3	fclass.s	x1,f9	  f9:0x00000000  x1=0x00000010
     369835.000 ns	     36982	800079ec	187332d3	fdiv.s	f5,f6,f7	  f6:0x7fc00000  f7:0x00000001  f5=0x7fc00000
     369865.000 ns	     36985	800079f0	209680d3	fsgnj.s	f1,f13,f9	 f13:0x00000001  f9:0x00000000  f1=0x00000001
     369885.000 ns	     36987	800079f4	00a67fb3	and	x31,x12,x10	 x12:0x80049a93 x10:0x00000000 x31=0x00000000
     369905.000 ns	     36989	800079f8	c0007e53	fcvt.w.s	x28,f0	  f0:0x00000000 x28=0x00000000
     369925.000 ns	     36991	800079fc	d041de37	lui	x28,0xd041d	 x28=0xd041d000
     369965.000 ns	     36995	80007a00	003df3d3	fadd.s	f7,f27,f3	 f27:0x1f350a28  f3:0x1f350a28  f7=0x1fb50a28
     369995.000 ns	     36998	80007a04	f00684d3	fmv.w.x	f9,x13	 x13:0x0000027f  f9=0x0000027f
     370025.000 ns	     37001	80007a08	2060a1d3	fsgnjx.s	f3,f1,f6	  f1:0x00000001  f6:0x7fc00000  f3=0x00000001
     370045.000 ns	     37003	80007a0c	01de8333	add	x6,x29,x29	 x29:0x53080000 x29:0x53080000  x6=0xa6100000
     370055.000 ns	     37004	80007a10	0195d693	srli	x13,x11,0x19	 x11:0x80041024 x13=0x00000040
     370065.000 ns	     37005	80007a14	64c7b113	sltiu	x2,x15,1612	 x15:0x00008aaf  x2=0x00000000
     370075.000 ns	     37006	80007a18	40585533	sra	x10,x16,x5	 x16:0x00000001  x5:0x0000027f x10=0x00000000
     370435.000 ns	     37042	80007a1c	02587e33	remu	x28,x16,x5	 x16:0x00000001  x5:0x0000027f x28=0x00000001
     370465.000 ns	     37045	80007a20	c00bc453	fcvt.w.s	x8,f23	 f23:0x00000000  x8=0x00000000
     370485.000 ns	     37047	80007a24	f2872093	slti	x1,x14,-216	 x14:0x00000008  x1=0x00000000
     371655.000 ns	     37164	80007a28	580100d3	fsqrt.s	f1,f2	  f2:0x4d000000  f1=0x45b50482
     371685.000 ns	     37167	80007a2c	036e9333	mulh	x6,x29,x22	 x29:0x53080000 x22:0x00000000  x6=0x00000000
     371715.000 ns	     37170	80007a30	2062a9d3	fsgnjx.s	f19,f5,f6	  f5:0x7fc00000  f6:0x7fc00000 f19=0x7fc00000
     371735.000 ns	     37172	80007a34	0143df33	srl	x30,x7,x20	  x7:0x00000000 x20:0x00000001 x30=0x00000000
     371755.000 ns	     37174	80007a38	03933e33	mulhu	x28,x6,x25	  x6:0x00000000 x25:0x00000000 x28=0x00000000
     371775.000 ns	     37176	80007a3c	deffa397	auipc	x7,0xdeffa	  x7=0x5f001a3c
     371785.000 ns	     37177	80007a40	39318a13	addi	x20,x3,915	  x3:0x00000000 x20=0x00000393
     371795.000 ns	     37178	80007a44	00561d33	sll	x26,x12,x5	 x12:0x80049a93  x5:0x0000027f x26=0x80000000
     371835.000 ns	     37182	80007a48	01217553	fadd.s	f10,f2,f18	  f2:0x4d000000 f18:0x3f800000 f10=0x4d000000
     371855.000 ns	     37184	80007a4c	d9660a93	addi	x21,x12,-618	 x12:0x80049a93 x21=0x80049829
     371865.000 ns	     37185	80007a50	088db2b7	lui	x5,0x88db	  x5=0x088db000
     371875.000 ns	     37186	80007a54	01b7ce33	xor	x28,x15,x27	 x15:0x00008aaf x27:0x00000001 x28=0x00008aae
     371905.000 ns	     37189	80007a58	11227ad3	fmul.s	f21,f4,f18	  f4:0x00000000 f18:0x3f800000 f21=0x00000000
     371925.000 ns	     37191	80007a5c	40dcd013	srai	x0,x25,0xd	 x25:0x00000000
     371935.000 ns	     37192	80007a60	0025ea33	or	x20,x11,x2	 x11:0x80041024  x2:0x00000000 x20=0x80041024
     371945.000 ns	     37193	80007a64	2c764297	auipc	x5,0x2c764	  x5=0xac76ba64
     371955.000 ns	     37194	80007a68	ce036c93	ori	x25,x6,-800	  x6:0x00000000 x25=0xfffffce0
     371965.000 ns	     37195	80007a6c	00711a13	slli	x20,x2,0x7	  x2:0x00000000 x20=0x00000000
     371975.000 ns	     37196	80007a70	01c50ab3	add	x21,x10,x28	 x10:0x00000000 x28:0x00008aae x21=0x00008aae
     371985.000 ns	     37197	80007a74	8a53b497	auipc	x9,0x8a53b	  x9=0x0a542a74
     371995.000 ns	     37198	80007a78	01e95ab3	srl	x21,x18,x30	 x18:0x00000000 x30:0x00000000 x21=0x00000000
     372005.000 ns	     37199	80007a7c	e1579e97	auipc	x29,0xe1579	 x29=0x61580a7c
     372015.000 ns	     37200	80007a80	e1dcec13	ori	x24,x25,-483	 x25:0xfffffce0 x24=0xfffffefd
     372035.000 ns	     37202	80007a84	218d1fd3	fsgnjn.s	f31,f26,f24	 f26:0x7ffbed05 f24:0x1f350a28 f31=0xfffbed05
     372065.000 ns	     37205	80007a88	02519b33	mulh	x22,x3,x5	  x3:0x00000000  x5:0xac76ba64 x22=0x00000000
     372095.000 ns	     37208	80007a8c	d004f153	fcvt.s.w	f2,x9	  x9:0x0a542a74  f2=0x4d2542a7
     372115.000 ns	     37210	80007a90	0f28cb93	xori	x23,x17,242	 x17:0x80040fe4 x23=0x80040f16
     372135.000 ns	     37212	80007a94	207b29d3	fsgnjx.s	f19,f22,f7	 f22:0xcea3b800  f7:0x1fb50a28 f19=0xcea3b800
     372155.000 ns	     37214	80007a98	01088733	add	x14,x17,x16	 x17:0x80040fe4 x16:0x00000001 x14=0x80040fe5
     372175.000 ns	     37216	80007a9c	d005f453	fcvt.s.w	f8,x11	 x11:0x80041024  f8=0xcefff7df
     372195.000 ns	     37218	80007aa0	00376f33	or	x30,x14,x3	 x14:0x00000008  x3:0x00000000 x30=0x80040fe5
     372215.000 ns	     37220	80007aa4	a08584d3	fle.s	x9,f11,f8	 f11:0x00082048  f8:0xcefff7df  x9=0x00000000
     372245.000 ns	     37223	80007aa8	28019c53	fmax.s	f24,f3,f0	  f3:0x00000001  f0:0x00000000 f24=0x00000001
     372265.000 ns	     37225	80007aac	01251233	sll	x4,x10,x18	 x10:0x00000000 x18:0x00000000  x4=0x00000000
     372285.000 ns	     37227	80007ab0	02a79fb3	mulh	x31,x15,x10	 x15:0x00008aaf x10:0x00000000 x31=0x00000000
     372315.000 ns	     37230	80007ab4	034aeb33	rem	x22,x21,x20	 x21:0x00000000 x20:0x00000000 x22=0x00000000
     372345.000 ns	     37233	80007ab8	c007f753	fcvt.w.s	x14,f15	 f15:0x00000000 x14=0x00000000
     372365.000 ns	     37235	80007abc	419cd293	srai	x5,x25,0x19	 x25:0xfffffce0  x5=0xffffffff
     372385.000 ns	     37237	80007ac0	02e96eb3	rem	x29,x18,x14	 x18:0x00000000 x14:0x00000000 x29=0x00000000
     372415.000 ns	     37240	80007ac4	29f60ad3	fmin.s	f21,f12,f31	 f12:0x9f350a28 f31:0xfffbed05 f21=0x9f350a28
     372435.000 ns	     37242	80007ac8	01d41513	slli	x10,x8,0x1d	  x8:0x00000000 x10=0x00000000
     372455.000 ns	     37244	80007acc	d01208d3	fcvt.s.wu	f17,x4	  x4:0x00000000 f17=0x00000000
     372495.000 ns	     37248	80007ad0	194f1b53	fdiv.s	f22,f30,f20	 f30:0x00000000 f20:0x00000000 f22=0x7fc00000
     372515.000 ns	     37250	80007ad4	419f5133	sra	x2,x30,x25	 x30:0x80040fe5 x25:0xfffffce0  x2=0x80040fe5
     372525.000 ns	     37251	80007ad8	1cb0e017	auipc	x0,0x1cb0e	
     372885.000 ns	     37287	80007adc	03c36033	rem	x0,x6,x28	  x6:0x00000000 x28:0x00008aae
     372915.000 ns	     37290	80007ae0	c01e7e53	fcvt.wu.s	x28,f28	 f28:0x7fc00000 x28=0xffffffff
     372935.000 ns	     37292	80007ae4	a8752213	slti	x4,x10,-1401	 x10:0x00000000  x4=0x00000000
     372955.000 ns	     37294	80007ae8	03ff8fb3	mul	x31,x31,x31	 x31:0x00000000 x31:0x00000000 x31=0x00000000
     372975.000 ns	     37296	80007aec	003d9ab3	sll	x21,x27,x3	 x27:0x00000001  x3:0x00000000 x21=0x00000001
     372995.000 ns	     37298	80007af0	288512d3	fmax.s	f5,f10,f8	 f10:0x4d000000  f8:0xcefff7df  f5=0x4d000000
     373015.000 ns	     37300	80007af4	01bc7b33	and	x22,x24,x27	 x24:0xfffffefd x27:0x00000001 x22=0x00000001
     373035.000 ns	     37302	80007af8	216c80d3	fsgnj.s	f1,f25,f22	 f25:0xcefff7de f22:0x7fc00000  f1=0x4efff7de
     373055.000 ns	     37304	80007afc	c7068e13	addi	x28,x13,-912	 x13:0x00000040 x28=0xfffffcb0
     373075.000 ns	     37306	80007b00	21d619d3	fsgnjn.s	f19,f12,f29	 f12:0x9f350a28 f29:0x7fc00000 f19=0x9f350a28
     373095.000 ns	     37308	80007b04	2448eab7	lui	x21,0x2448e	 x21=0x2448e000
     373115.000 ns	     37310	80007b08	f0018953	fmv.w.x	f18,x3	  x3:0x00000000 f18=0x00000000
     373145.000 ns	     37313	80007b0c	a032a6d3	feq.s	x13,f5,f3	  f5:0x4d000000  f3:0x00000001 x13=0x00000000
     373165.000 ns	     37315	80007b10	219a3913	sltiu	x18,x20,537	 x20:0x00000000 x18=0x00000001
     373175.000 ns	     37316	80007b14	4c247793	andi	x15,x8,1218	  x8:0x00000000 x15=0x00000000
     373195.000 ns	     37318	80007b18	a02f8fd3	fle.s	x31,f31,f2	 f31:0xfffbed05  f2:0x4d2542a7 x31=0x00000000
     373215.000 ns	     37320	80007b1c	838b4717	auipc	x14,0x838b4	 x14=0x038bbb1c
     373245.000 ns	     37323	80007b20	19ceff53	fdiv.s	f30,f29,f28	 f29:0x7fc00000 f28:0x7fc00000 f30=0x7fc00000
     373285.000 ns	     37327	80007b24	19bfffd3	fdiv.s	f31,f31,f27	 f31:0xfffbed05 f27:0x1f350a28 f31=0x7fc00000
     373305.000 ns	     37329	80007b28	40048c33	sub	x24,x9,x0	  x9:0x00000000  x0:0x00000000 x24=0x00000000
     373315.000 ns	     37330	80007b2c	65859b37	lui	x22,0x65859	 x22=0x65859000
     373335.000 ns	     37332	80007b30	02f79933	mulh	x18,x15,x15	 x15:0x00000000 x15:0x00000000 x18=0x00000000
     373365.000 ns	     37335	80007b34	28c88d53	fmin.s	f26,f17,f12	 f17:0x00000000 f12:0x9f350a28 f26=0x9f350a28
     373385.000 ns	     37337	80007b38	01d61e33	sll	x28,x12,x29	 x12:0x80049a93 x29:0x00000000 x28=0x80049a93
     373395.000 ns	     37338	80007b3c	00adde33	srl	x28,x27,x10	 x27:0x00000001 x10:0x00000000 x28=0x00000001
     373415.000 ns	     37340	80007b40	21579b53	fsgnjn.s	f22,f15,f21	 f15:0x00000000 f21:0x9f350a28 f22=0x00000000
     373445.000 ns	     37343	80007b44	20558653	fsgnj.s	f12,f11,f5	 f11:0x00082048  f5:0x4d000000 f12=0x00082048
     373475.000 ns	     37346	80007b48	29d810d3	fmax.s	f1,f16,f29	 f16:0x4efff7de f29:0x7fc00000  f1=0x4efff7de
     373515.000 ns	     37350	80007b4c	580bf853	fsqrt.s	f16,f23	 f23:0x00000000 f16=0x00000000
     373535.000 ns	     37352	80007b50	005d1693	slli	x13,x26,0x5	 x26:0x80000000 x13=0x00000000
     373865.000 ns	     37385	80007b54	1995f3d3	fdiv.s	f7,f11,f25	 f11:0x00082048 f25:0xcefff7de  f7=0x80000000
     373905.000 ns	     37389	80007b58	1961fdd3	fdiv.s	f27,f3,f22	  f3:0x00000001 f22:0x00000000 f27=0x7f800000
     373955.000 ns	     37394	80007b5c	093f72d3	fsub.s	f5,f30,f19	 f30:0x7fc00000 f19:0x9f350a28  f5=0x7fc00000
     373975.000 ns	     37396	80007b60	40e98f33	sub	x30,x19,x14	 x19:0x1710d712 x14:0x038bbb1c x30=0x13851bf6
     373995.000 ns	     37398	80007b64	d012b653	fcvt.s.wu	f12,x5	  x5:0xffffffff f12=0x4f800000
     374015.000 ns	     37400	80007b68	019b90b3	sll	x1,x23,x25	 x23:0x80040f16 x25:0xfffffce0  x1=0x80040f16
     374035.000 ns	     37402	80007b6c	a1630c53	fle.s	x24,f6,f22	  f6:0x7fc00000 f22:0x00000000 x24=0x00000000
     374065.000 ns	     37405	80007b70	0296fbb3	remu	x23,x13,x9	 x13:0x00000000  x9:0x00000000 x23=0x00000000
     374095.000 ns	     37408	80007b74	291f9453	fmax.s	f8,f31,f17	 f31:0x7fc00000 f17:0x00000000  f8=0x00000000
     374115.000 ns	     37410	80007b78	0163cfb3	xor	x31,x7,x22	  x7:0x5f001a3c x22:0x65859000 x31=0x3a858a3c
     374475.000 ns	     37446	80007b7c	03127d33	remu	x26,x4,x17	  x4:0x00000000 x17:0x80040fe4 x26=0x00000000
     374495.000 ns	     37448	80007b80	0031b6b3	sltu	x13,x3,x3	  x3:0x00000000  x3:0x00000000 x13=0x00000000
     374515.000 ns	     37450	80007b84	21389153	fsgnjn.s	f2,f17,f19	 f17:0x00000000 f19:0x9f350a28  f2=0x00000000
     374535.000 ns	     37452	80007b88	3ead8d93	addi	x27,x27,1002	 x27:0x00000001 x27=0x000003eb
     374555.000 ns	     37454	80007b8c	03d78f33	mul	x30,x15,x29	 x15:0x00000000 x29:0x00000000 x30=0x00000000
     374575.000 ns	     37456	80007b90	012476b3	and	x13,x8,x18	  x8:0x00000000 x18:0x00000000 x13=0x00000000
     374595.000 ns	     37458	80007b94	e0041953	fclass.s	x18,f8	  f8:0x00000000 x18=0x00000010
     374615.000 ns	     37460	80007b98	01043233	sltu	x4,x8,x16	  x8:0x00000000 x16:0x00000001  x4=0x00000001
     374625.000 ns	     37461	80007b9c	01b70733	add	x14,x14,x27	 x14:0x038bbb1c x27:0x000003eb x14=0x038bbf07
     374645.000 ns	     37463	80007ba0	03f7a3b3	mulhsu	x7,x15,x31	 x15:0x00000000 x31:0x3a858a3c  x7=0x00000000
     374665.000 ns	     37465	80007ba4	6f24e613	ori	x12,x9,1778	  x9:0x00000000 x12=0x000006f2
     374675.000 ns	     37466	80007ba8	4177dfb3	sra	x31,x15,x23	 x15:0x00000000 x23:0x00000000 x31=0x00000000
     374695.000 ns	     37468	80007bac	03952c33	mulhsu	x24,x10,x25	 x10:0x00000000 x25:0xfffffce0 x24=0x00000000
     374715.000 ns	     37470	80007bb0	00db4e33	xor	x28,x22,x13	 x22:0x65859000 x13:0x00000000 x28=0x65859000
     374725.000 ns	     37471	80007bb4	00c772b3	and	x5,x14,x12	 x14:0x038bbf07 x12:0x000006f2  x5=0x00000602
     374735.000 ns	     37472	80007bb8	f0fea213	slti	x4,x29,-241	 x29:0x00000000  x4=0x00000000
     374745.000 ns	     37473	80007bbc	00000013	addi	x0,x0,0	  x0:0x00000000
     374755.000 ns	     37474	80007bc0	0085fcb3	and	x25,x11,x8	 x11:0x80041024  x8:0x00000000 x25=0x00000000
     374765.000 ns	     37475	80007bc4	00000013	addi	x0,x0,0	  x0:0x00000000
     374775.000 ns	     37476	80007bc8	4df5ba13	sltiu	x20,x11,1247	 x11:0x80041024 x20=0x00000000
     374785.000 ns	     37477	80007bcc	68aeb913	sltiu	x18,x29,1674	 x29:0x00000000 x18=0x00000001
     374795.000 ns	     37478	80007bd0	f9784013	xori	x0,x16,-105	 x16:0x00000001
     374805.000 ns	     37479	80007bd4	00535cb3	srl	x25,x6,x5	  x6:0x00000000  x5:0x00000602 x25=0x00000000
     374825.000 ns	     37481	80007bd8	293d9c53	fmax.s	f24,f27,f19	 f27:0x7f800000 f19:0x9f350a28 f24=0x7f800000
     374855.000 ns	     37484	80007bdc	a0ab2f53	feq.s	x30,f22,f10	 f22:0x00000000 f10:0x4d000000 x30=0x00000000
     374875.000 ns	     37486	80007be0	8ba46393	ori	x7,x8,-1862	  x8:0x00000000  x7=0xfffff8ba
     374885.000 ns	     37487	80007be4	c5487a93	andi	x21,x16,-940	 x16:0x00000001 x21=0x00000000
     374895.000 ns	     37488	80007be8	6bf1ca93	xori	x21,x3,1727	  x3:0x00000000 x21=0x000006bf
     374905.000 ns	     37489	80007bec	159af413	andi	x8,x21,345	 x21:0x2448e000  x8=0x00000019
     374915.000 ns	     37490	80007bf0	00000013	addi	x0,x0,0	  x0:0x00000000
     374935.000 ns	     37492	80007bf4	c005f353	fcvt.w.s	x6,f11	 f11:0x00082048  x6=0x00000000
     374955.000 ns	     37494	80007bf8	01c64233	xor	x4,x12,x28	 x12:0x000006f2 x28:0x65859000  x4=0x658596f2
     374975.000 ns	     37496	80007bfc	298c9c53	fmax.s	f24,f25,f24	 f25:0xcefff7de f24:0x7f800000 f24=0x7f800000
     375005.000 ns	     37499	80007c00	d007c053	fcvt.s.w	f0,x15	 x15:0x00000000  f0=0x00000000
     375025.000 ns	     37501	80007c04	67cf3813	sltiu	x16,x30,1660	 x30:0x00000000 x16=0x00000001
     375045.000 ns	     37503	80007c08	a0e51e53	flt.s	x28,f10,f14	 f10:0x4d000000 f14:0xcefff7df x28=0x00000000
     375065.000 ns	     37505	80007c0c	003d1a93	slli	x21,x26,0x3	 x26:0x00000000 x21=0x00000000
     375085.000 ns	     37507	80007c10	d0114553	fcvt.s.wu	f10,x2	  x2:0x80040fe5 f10=0x4f000410
     375105.000 ns	     37509	80007c14	01ca4b33	xor	x22,x20,x28	 x20:0x00000000 x28:0x00000000 x22=0x00000000
     375125.000 ns	     37511	80007c18	0276bb33	mulhu	x22,x13,x7	 x13:0x00000000  x7:0xfffff8ba x22=0x00000000
     375155.000 ns	     37514	80007c1c	03b19cb3	mulh	x25,x3,x27	  x3:0x00000000 x27:0x000003eb x25=0x00000000
     375185.000 ns	     37517	80007c20	03415533	divu	x10,x2,x20	  x2:0x80040fe5 x20:0x00000000 x10=0xffffffff
     375555.000 ns	     37554	80007c24	0254fe33	remu	x28,x9,x5	  x9:0x00000000  x5:0x00000602 x28=0x00000000
     375585.000 ns	     37557	80007c28	e00602d3	fmv.x.w	x5,f12	 f12:0x4f800000  x5=0x4f800000
     375605.000 ns	     37559	80007c2c	40ad81b3	sub	x3,x27,x10	 x27:0x000003eb x10:0xffffffff  x3=0x000003ec
     375615.000 ns	     37560	80007c30	00000013	addi	x0,x0,0	  x0:0x00000000
     375635.000 ns	     37562	80007c34	e00a01d3	fmv.x.w	x3,f20	 f20:0x00000000  x3=0x00000000
     375655.000 ns	     37564	80007c38	6ea25217	auipc	x4,0x6ea25	  x4=0xeea2cc38
     375675.000 ns	     37566	80007c3c	296f1353	fmax.s	f6,f30,f22	 f30:0x7fc00000 f22:0x00000000  f6=0x00000000
     375695.000 ns	     37568	80007c40	df54ad93	slti	x27,x9,-523	  x9:0x00000000 x27=0x00000000
     375705.000 ns	     37569	80007c44	0116ab33	slt	x22,x13,x17	 x13:0x00000000 x17:0x80040fe4 x22=0x00000000
     375725.000 ns	     37571	80007c48	e00d8353	fmv.x.w	x6,f27	 f27:0x7f800000  x6=0x7f800000
     375745.000 ns	     37573	80007c4c	a6262793	slti	x15,x12,-1438	 x12:0x000006f2 x15=0x00000000
     375785.000 ns	     37577	80007c50	014f7453	fadd.s	f8,f30,f20	 f30:0x7fc00000 f20:0x00000000  f8=0x7fc00000
     375805.000 ns	     37579	80007c54	00de13b3	sll	x7,x28,x13	 x28:0x00000000 x13:0x00000000  x7=0x00000000
     375825.000 ns	     37581	80007c58	03fcdab3	divu	x21,x25,x31	 x25:0x00000000 x31:0x00000000 x21=0xffffffff
     375845.000 ns	     37583	80007c5c	00145213	srli	x4,x8,0x1	  x8:0x00000019  x4=0x0000000c
     375885.000 ns	     37587	80007c60	09367d53	fsub.s	f26,f12,f19	 f12:0x4f800000 f19:0x9f350a28 f26=0x4f800000
     375915.000 ns	     37590	80007c64	d012fa53	fcvt.s.wu	f20,x5	  x5:0x4f800000 f20=0x4e9f0000
     375965.000 ns	     37595	80007c68	09f6c853	fsub.s	f16,f13,f31	 f13:0x00000001 f31:0x7fc00000 f16=0x7fc00000
     375985.000 ns	     37597	80007c6c	0166db93	srli	x23,x13,0x16	 x13:0x00000000 x23=0x00000000
     375995.000 ns	     37598	80007c70	29e3fc13	andi	x24,x7,670	  x7:0x00000000 x24=0x00000000
     376005.000 ns	     37599	80007c74	015e8533	add	x10,x29,x21	 x29:0x00000000 x21:0xffffffff x10=0xffffffff
     376035.000 ns	     37602	80007c78	5802bad3	fsqrt.s	f21,f5	  f5:0x7fc00000 f21=0x7fc00000
     376065.000 ns	     37605	80007c7c	e00816d3	fclass.s	x13,f16	 f16:0x7fc00000 x13=0x00000200
     376095.000 ns	     37608	80007c80	e00e1853	fclass.s	x16,f28	 f28:0x7fc00000 x16=0x00000200
     376125.000 ns	     37611	80007c84	0238feb3	remu	x29,x17,x3	 x17:0x80040fe4  x3:0x00000000 x29=0x80040fe4
     376145.000 ns	     37613	80007c88	4ec40737	lui	x14,0x4ec40	 x14=0x4ec40000
     376155.000 ns	     37614	80007c8c	00000013	addi	x0,x0,0	  x0:0x00000000
     376165.000 ns	     37615	80007c90	241e6b93	ori	x23,x28,577	 x28:0x00000000 x23=0x00000241
     376175.000 ns	     37616	80007c94	00000013	addi	x0,x0,0	  x0:0x00000000
     376185.000 ns	     37617	80007c98	01b97b33	and	x22,x18,x27	 x18:0x00000001 x27:0x00000000 x22=0x00000000
     376205.000 ns	     37619	80007c9c	a0068253	fle.s	x4,f13,f0	 f13:0x00000001  f0:0x00000000  x4=0x00000000
     376225.000 ns	     37621	80007ca0	00214633	xor	x12,x2,x2	  x2:0x80040fe5  x2:0x80040fe5 x12=0x00000000
     376235.000 ns	     37622	80007ca4	4c0f0937	lui	x18,0x4c0f0	 x18=0x4c0f0000
     376595.000 ns	     37658	80007ca8	037550b3	divu	x1,x10,x23	 x10:0xffffffff x23:0x00000241  x1=0x007194a1
     376615.000 ns	     37660	80007cac	00104333	xor	x6,x0,x1	  x0:0x00000000  x1:0x80040f16  x6=0x007194a1
     376635.000 ns	     37662	80007cb0	03923833	mulhu	x16,x4,x25	  x4:0x00000000 x25:0x00000000 x16=0x00000000
     376655.000 ns	     37664	80007cb4	50b8ef17	auipc	x30,0x50b8e	 x30=0xd0b95cb4
     376665.000 ns	     37665	80007cb8	40825793	srai	x15,x4,0x8	  x4:0x00000000 x15=0x00000000
     376675.000 ns	     37666	80007cbc	5b034b93	xori	x23,x6,1456	  x6:0x007194a1 x23=0x00719111
     376695.000 ns	     37668	80007cc0	e0020cd3	fmv.x.w	x25,f4	  f4:0x00000000 x25=0x00000000
     376725.000 ns	     37671	80007cc4	280f85d3	fmin.s	f11,f31,f0	 f31:0x7fc00000  f0:0x00000000 f11=0x00000000
     376745.000 ns	     37673	80007cc8	00195613	srli	x12,x18,0x1	 x18:0x4c0f0000 x12=0x26078000
     376765.000 ns	     37675	80007ccc	a0ed2d53	feq.s	x26,f26,f14	 f26:0x4f800000 f14:0xcefff7df x26=0x00000000
     377135.000 ns	     37712	80007cd0	033cfab3	remu	x21,x25,x19	 x25:0x00000000 x19:0x1710d712 x21=0x00000000
     377165.000 ns	     37715	80007cd4	03d6b833	mulhu	x16,x13,x29	 x13:0x00000200 x29:0x80040fe4 x16=0x00000100
     377185.000 ns	     37717	80007cd8	00265a33	srl	x20,x12,x2	 x12:0x26078000  x2:0x80040fe5 x20=0x01303c00
     377195.000 ns	     37718	80007cdc	791fc193	xori	x3,x31,1937	 x31:0x00000000  x3=0x00000791
     377555.000 ns	     37754	80007ce0	023ce333	rem	x6,x25,x3	 x25:0x00000000  x3:0x00000000  x6=0x00000000
     377585.000 ns	     37757	80007ce4	28410253	fmin.s	f4,f2,f4	  f2:0x00000000  f4:0x00000000  f4=0x00000000
     377625.000 ns	     37761	80007ce8	10518253	fmul.s	f4,f3,f5	  f3:0x00000001  f5:0x7fc00000  f4=0x7fc00000
     377645.000 ns	     37763	80007cec	22743193	sltiu	x3,x8,551	  x8:0x00000019  x3=0x00000001
     377655.000 ns	     37764	80007cf0	56dd8a13	addi	x20,x27,1389	 x27:0x00000000 x20=0x0000056d
     377665.000 ns	     37765	80007cf4	04953113	sltiu	x2,x10,73	 x10:0xffffffff  x2=0x00000000
     377675.000 ns	     37766	80007cf8	017c2e33	slt	x28,x24,x23	 x24:0x00000000 x23:0x00719111 x28=0x00000001
     377705.000 ns	     37769	80007cfc	198afe53	fdiv.s	f28,f21,f24	 f21:0x7fc00000 f24:0x7f800000 f28=0x7fc00000
     378075.000 ns	     37806	80007d00	021574b3	remu	x9,x10,x1	 x10:0xffffffff  x1:0x007194a1  x9=0x0000011e
     378105.000 ns	     37809	80007d04	202021d3	fsgnjx.s	f3,f0,f2	  f0:0x00000000  f2:0x00000000  f3=0x00000000
     378125.000 ns	     37811	80007d08	014a9e33	sll	x28,x21,x20	 x21:0x00000000 x20:0x0000056d x28=0x00000000
     378145.000 ns	     37813	80007d0c	02e11133	mulh	x2,x2,x14	  x2:0x00000000 x14:0x4ec40000  x2=0x00000000
     378175.000 ns	     37816	80007d10	208b06d3	fsgnj.s	f13,f22,f8	 f22:0x00000000  f8:0x7fc00000 f13=0x00000000
     378195.000 ns	     37818	80007d14	8d8fe397	auipc	x7,0x8d8fe	  x7=0x0d905d14
     378205.000 ns	     37819	80007d18	00e4d813	srli	x16,x9,0xe	  x9:0x0000011e x16=0x00000000
     378215.000 ns	     37820	80007d1c	1bd0ae17	auipc	x28,0x1bd0a	 x28=0x9bd11d1c
     378235.000 ns	     37822	80007d20	20ec87d3	fsgnj.s	f15,f25,f14	 f25:0xcefff7de f14:0xcefff7df f15=0xcefff7de
     378255.000 ns	     37824	80007d24	0355ee13	ori	x28,x11,53	 x11:0x80041024 x28=0x80041035
     378265.000 ns	     37825	80007d28	01d07fb3	and	x31,x0,x29	  x0:0x00000000 x29:0x80040fe4 x31=0x00000000
     378285.000 ns	     37827	80007d2c	d01239d3	fcvt.s.wu	f19,x4	  x4:0x00000000 f19=0x00000000
     378305.000 ns	     37829	80007d30	69da3d13	sltiu	x26,x20,1693	 x20:0x0000056d x26=0x00000001
     378325.000 ns	     37831	80007d34	c002b0d3	fcvt.w.s	x1,f5	  f5:0x7fc00000  x1=0x7fffffff
     378345.000 ns	     37833	80007d38	9d37ed13	ori	x26,x15,-1581	 x15:0x00000000 x26=0xfffff9d3
     378355.000 ns	     37834	80007d3c	0038fb33	and	x22,x17,x3	 x17:0x80040fe4  x3:0x00000001 x22=0x00000000
     378385.000 ns	     37837	80007d40	580fa453	fsqrt.s	f8,f31	 f31:0x7fc00000  f8=0x7fc00000
     378415.000 ns	     37840	80007d44	f0028853	fmv.w.x	f16,x5	  x5:0x4f800000 f16=0x4f800000
     378435.000 ns	     37842	80007d48	002bfb33	and	x22,x23,x2	 x23:0x00719111  x2:0x00000000 x22=0x00000000
     378455.000 ns	     37844	80007d4c	022390b3	mulh	x1,x7,x2	  x7:0x0d905d14  x2:0x00000000  x1=0x00000000
     378475.000 ns	     37846	80007d50	62357413	andi	x8,x10,1571	 x10:0xffffffff  x8=0x00000623
     378495.000 ns	     37848	80007d54	c0109553	fcvt.wu.s	x10,f1	  f1:0x4efff7de x10=0x7ffbef00
     378525.000 ns	     37851	80007d58	02b78bb3	mul	x23,x15,x11	 x15:0x00000000 x11:0x80041024 x23=0x00000000
     378545.000 ns	     37853	80007d5c	00000013	addi	x0,x0,0	  x0:0x00000000
     378565.000 ns	     37855	80007d60	a0e1add3	feq.s	x27,f3,f14	  f3:0x00000000 f14:0xcefff7df x27=0x00000000
     378585.000 ns	     37857	80007d64	677fe3b7	lui	x7,0x677fe	  x7=0x677fe000
     378595.000 ns	     37858	80007d68	41e702b3	sub	x5,x14,x30	 x14:0x4ec40000 x30:0xd0b95cb4  x5=0x7e0aa34c
     378605.000 ns	     37859	80007d6c	5d258437	lui	x8,0x5d258	  x8=0x5d258000
     378625.000 ns	     37861	80007d70	21169753	fsgnjn.s	f14,f13,f17	 f13:0x00000000 f17:0x00000000 f14=0x80000000
     378655.000 ns	     37864	80007d74	c00f7cd3	fcvt.w.s	x25,f30	 f30:0x7fc00000 x25=0x7fffffff
     379025.000 ns	     37901	80007d78	02bd7233	remu	x4,x26,x11	 x26:0xfffff9d3 x11:0x80041024  x4=0x7ffbe9af
     379045.000 ns	     37903	80007d7c	972da313	slti	x6,x27,-1678	 x27:0x00000000  x6=0x00000000
     379065.000 ns	     37905	80007d80	2080aa53	fsgnjx.s	f20,f1,f8	  f1:0x4efff7de  f8:0x7fc00000 f20=0x4efff7de
     379085.000 ns	     37907	80007d84	0028cab3	xor	x21,x17,x2	 x17:0x80040fe4  x2:0x00000000 x21=0x80040fe4
     379105.000 ns	     37909	80007d88	02148d33	mul	x26,x9,x1	  x9:0x0000011e  x1:0x00000000 x26=0x00000000
     379145.000 ns	     37913	80007d8c	1914a153	fdiv.s	f2,f9,f17	  f9:0x0000027f f17:0x00000000  f2=0x7f800000
     379165.000 ns	     37915	80007d90	e8867393	andi	x7,x12,-376	 x12:0x26078000  x7=0x26078000
     379205.000 ns	     37919	80007d94	0078b4d3	fadd.s	f9,f17,f7	 f17:0x00000000  f7:0x80000000  f9=0x80000000
     379235.000 ns	     37922	80007d98	c01d8853	fcvt.wu.s	x16,f27	 f27:0x7f800000 x16=0xffffffff
     379255.000 ns	     37924	80007d9c	a736c293	xori	x5,x13,-1421	 x13:0x00000200  x5=0xfffff873
     379265.000 ns	     37925	80007da0	014bd213	srli	x4,x23,0x14	 x23:0x00000000  x4=0x00000000
     379285.000 ns	     37927	80007da4	02b0ab33	mulhsu	x22,x1,x11	  x1:0x00000000 x11:0x80041024 x22=0x00000000
     379335.000 ns	     37932	80007da8	009081d3	fadd.s	f3,f1,f9	  f1:0x4efff7de  f9:0x80000000  f3=0x4efff7de
     379355.000 ns	     37934	80007dac	00000013	addi	x0,x0,0	  x0:0x00000000
     379375.000 ns	     37936	80007db0	c0033153	fcvt.w.s	x2,f6	  f6:0x00000000  x2=0x00000000
     379405.000 ns	     37939	80007db4	f00b87d3	fmv.w.x	f15,x23	 x23:0x00000000 f15=0x00000000
     379435.000 ns	     37942	80007db8	d00b8ed3	fcvt.s.w	f29,x23	 x23:0x00000000 f29=0x00000000
     379455.000 ns	     37944	80007dbc	00000013	addi	x0,x0,0	  x0:0x00000000
     379815.000 ns	     37980	80007dc0	027de333	rem	x6,x27,x7	 x27:0x00000000  x7:0x26078000  x6=0x00000000
     379865.000 ns	     37985	80007dc4	09d1f9d3	fsub.s	f19,f3,f29	  f3:0x4efff7de f29:0x00000000 f19=0x4efff7de
     379895.000 ns	     37988	80007dc8	213eafd3	fsgnjx.s	f31,f29,f19	 f29:0x00000000 f19:0x00000000 f31=0x00000000
     379915.000 ns	     37990	80007dcc	00000013	addi	x0,x0,0	  x0:0x00000000
     379925.000 ns	     37991	80007dd0	008a7f33	and	x30,x20,x8	 x20:0x0000056d  x8:0x5d258000 x30=0x00000000
     379935.000 ns	     37992	80007dd4	006a7eb3	and	x29,x20,x6	 x20:0x0000056d  x6:0x00000000 x29=0x00000000
     379955.000 ns	     37994	80007dd8	c00fa253	fcvt.w.s	x4,f31	 f31:0x00000000  x4=0x00000000
     380005.000 ns	     37999	80007ddc	08a1b553	fsub.s	f10,f3,f10	  f3:0x4efff7de f10:0x4f000410 f10=0xc9021000
     380055.000 ns	     38004	80007de0	00e8c153	fadd.s	f2,f17,f14	 f17:0x00000000 f14:0x80000000  f2=0x80000000
     380085.000 ns	     38007	80007de4	03b3f833	remu	x16,x7,x27	  x7:0x26078000 x27:0x00000000 x16=0x26078000
     380105.000 ns	     38009	80007de8	01fef933	and	x18,x29,x31	 x29:0x00000000 x31:0x00000000 x18=0x00000000
     380115.000 ns	     38010	80007dec	01d77cb3	and	x25,x14,x29	 x14:0x4ec40000 x29:0x00000000 x25=0x00000000
     380145.000 ns	     38013	80007df0	580dfb53	fsqrt.s	f22,f27	 f27:0x7f800000 f22=0x7f800000
     380175.000 ns	     38016	80007df4	0230aa33	mulhsu	x20,x1,x3	  x1:0x00000000  x3:0x00000001 x20=0x00000000
     380205.000 ns	     38019	80007df8	a0d0af53	feq.s	x30,f1,f13	  f1:0x4efff7de f13:0x00000000 x30=0x00000000
     380225.000 ns	     38021	80007dfc	88a40113	addi	x2,x8,-1910	  x8:0x5d258000  x2=0x5d25788a
     380255.000 ns	     38024	80007e00	580eff53	fsqrt.s	f30,f29	 f29:0x00000000 f30=0x00000000
     380625.000 ns	     38061	80007e04	0314d333	divu	x6,x9,x17	  x9:0x0000011e x17:0x80040fe4  x6=0x00000000
     380645.000 ns	     38063	80007e08	cd013f13	sltiu	x30,x2,-816	  x2:0x5d25788a x30=0x00000001
     380665.000 ns	     38065	80007e0c	d0073ed3	fcvt.s.w	f29,x14	 x14:0x4ec40000 f29=0x4e9d8800
     380695.000 ns	     38068	80007e10	298c19d3	fmax.s	f19,f24,f24	 f24:0x7f800000 f24:0x7f800000 f19=0x7f800000
     380725.000 ns	     38071	80007e14	f0070653	fmv.w.x	f12,x14	 x14:0x4ec40000 f12=0x4ec40000
     380755.000 ns	     38074	80007e18	e00e9fd3	fclass.s	x31,f29	 f29:0x4e9d8800 x31=0x00000040
     380785.000 ns	     38077	80007e1c	031eb3b3	mulhu	x7,x29,x17	 x29:0x00000000 x17:0x80040fe4  x7=0x00000000
     380805.000 ns	     38079	80007e20	019e20b3	slt	x1,x28,x25	 x28:0x80041035 x25:0x00000000  x1=0x00000001
     381135.000 ns	     38112	80007e24	19983f53	fdiv.s	f30,f16,f25	 f16:0x4f800000 f25:0xcefff7de f30=0xc0000000
     381165.000 ns	     38115	80007e28	21050753	fsgnj.s	f14,f10,f16	 f10:0xc9021000 f16:0x4f800000 f14=0x49021000
     381185.000 ns	     38117	80007e2c	00a5feb3	and	x29,x11,x10	 x11:0x80041024 x10:0x7ffbef00 x29=0x00000000
     381225.000 ns	     38121	80007e30	0134bc53	fadd.s	f24,f9,f19	  f9:0x80000000 f19:0x7f800000 f24=0x7f800000
     381245.000 ns	     38123	80007e34	5400fa13	andi	x20,x1,1344	  x1:0x00000001 x20=0x00000000
     381255.000 ns	     38124	80007e38	00126d33	or	x26,x4,x1	  x4:0x00000000  x1:0x00000001 x26=0x00000001
     381275.000 ns	     38126	80007e3c	a19c1453	flt.s	x8,f24,f25	 f24:0x7f800000 f25:0xcefff7de  x8=0x00000000
     381305.000 ns	     38129	80007e40	29a89bd3	fmax.s	f23,f17,f26	 f17:0x00000000 f26:0x4f800000 f23=0x4f800000
     381345.000 ns	     38133	80007e44	58017353	fsqrt.s	f6,f2	  f2:0x80000000  f6=0x80000000
     381385.000 ns	     38137	80007e48	101df453	fmul.s	f8,f27,f1	 f27:0x7f800000  f1:0x4efff7de  f8=0x7f800000
     381405.000 ns	     38139	80007e4c	58e07313	andi	x6,x0,1422	  x0:0x00000000  x6=0x00000000
     381435.000 ns	     38142	80007e50	10f20553	fmul.s	f10,f4,f15	  f4:0x7fc00000 f15:0x00000000 f10=0x7fc00000
     381465.000 ns	     38145	80007e54	c01870d3	fcvt.wu.s	x1,f16	 f16:0x4f800000  x1=0x00000000
     381485.000 ns	     38147	80007e58	011f9093	slli	x1,x31,0x11	 x31:0x00000040  x1=0x00800000
     381505.000 ns	     38149	80007e5c	c00d9dd3	fcvt.w.s	x27,f27	 f27:0x7f800000 x27=0x7fffffff
     381535.000 ns	     38152	80007e60	281d9153	fmax.s	f2,f27,f1	 f27:0x7f800000  f1:0x4efff7de  f2=0x7f800000
     381555.000 ns	     38154	80007e64	8fbe0c93	addi	x25,x28,-1797	 x28:0x80041035 x25=0x80040930
     381565.000 ns	     38155	80007e68	40fddd93	srai	x27,x27,0xf	 x27:0x7fffffff x27=0x0000ffff
     381585.000 ns	     38157	80007e6c	03982833	mulhsu	x16,x16,x25	 x16:0x26078000 x25:0x00000000 x16=0x1304597b
     381605.000 ns	     38159	80007e70	ed9f4f93	xori	x31,x30,-295	 x30:0x00000001 x31=0xfffffed8
     381625.000 ns	     38161	80007e74	a09b1f53	flt.s	x30,f22,f9	 f22:0x7f800000  f9:0x80000000 x30=0x00000000
     381645.000 ns	     38163	80007e78	411c5f33	sra	x30,x24,x17	 x24:0x00000000 x17:0x80040fe4 x30=0x00000000
     381655.000 ns	     38164	80007e7c	00040c33	add	x24,x8,x0	  x8:0x00000000  x0:0x00000000 x24=0x00000000
     381665.000 ns	     38165	80007e80	40c35733	sra	x14,x6,x12	  x6:0x00000000 x12:0x26078000 x14=0x00000000
     381675.000 ns	     38166	80007e84	4189d933	sra	x18,x19,x24	 x19:0x1710d712 x24:0x00000000 x18=0x1710d712
     381685.000 ns	     38167	80007e88	00b9d313	srli	x6,x19,0xb	 x19:0x1710d712  x6=0x0002e21a
     381705.000 ns	     38169	80007e8c	027d4033	div	x0,x26,x7	 x26:0x00000001  x7:0x00000000
     381725.000 ns	     38171	80007e90	0155c417	auipc	x8,0x155c	  x8=0x81563e90
     381735.000 ns	     38172	80007e94	01c66333	or	x6,x12,x28	 x12:0x26078000 x28:0x80041035  x6=0xa6079035
     381765.000 ns	     38175	80007e98	18d8f8d3	fdiv.s	f17,f17,f13	 f17:0x00000000 f13:0x00000000 f17=0x7fc00000
     381785.000 ns	     38177	80007e9c	015041b3	xor	x3,x0,x21	  x0:0x00000000 x21:0x80040fe4  x3=0x80040fe4
     381805.000 ns	     38179	80007ea0	281617d3	fmax.s	f15,f12,f1	 f12:0x4ec40000  f1:0x4efff7de f15=0x4efff7de
     381835.000 ns	     38182	80007ea4	a1d694d3	flt.s	x9,f13,f29	 f13:0x00000000 f29:0x4e9d8800  x9=0x00000001
     381865.000 ns	     38185	80007ea8	28270453	fmin.s	f8,f14,f2	 f14:0x49021000  f2:0x7f800000  f8=0x49021000
     381885.000 ns	     38187	80007eac	bf656093	ori	x1,x10,-1034	 x10:0x7ffbef00  x1=0xfffffff6
     381905.000 ns	     38189	80007eb0	29618353	fmin.s	f6,f3,f22	  f3:0x4efff7de f22:0x7f800000  f6=0x4efff7de
     381935.000 ns	     38192	80007eb4	a1d00a53	fle.s	x20,f0,f29	  f0:0x00000000 f29:0x4e9d8800 x20=0x00000001
     381975.000 ns	     38196	80007eb8	11237453	fmul.s	f8,f6,f18	  f6:0x4efff7de f18:0x00000000  f8=0x00000000
     381995.000 ns	     38198	80007ebc	01fbeeb3	or	x29,x23,x31	 x23:0x00000000 x31:0xfffffed8 x29=0xfffffed8
     382015.000 ns	     38200	80007ec0	e00c17d3	fclass.s	x15,f24	 f24:0x7f800000 x15=0x00000080
     382045.000 ns	     38203	80007ec4	030c22b3	mulhsu	x5,x24,x16	 x24:0x00000000 x16:0x1304597b  x5=0x00000000
     382075.000 ns	     38206	80007ec8	e0050253	fmv.x.w	x4,f10	 f10:0x7fc00000  x4=0x7fc00000
     382115.000 ns	     38210	80007ecc	19bb43d3	fdiv.s	f7,f22,f27	 f22:0x7f800000 f27:0x7f800000  f7=0x7fc00000
     382145.000 ns	     38213	80007ed0	03431eb3	mulh	x29,x6,x20	  x6:0xa6079035 x20:0x00000001 x29=0xffffffff
     382165.000 ns	     38215	80007ed4	4026b693	sltiu	x13,x13,1026	 x13:0x00000200 x13=0x00000001
     382185.000 ns	     38217	80007ed8	e0048d53	fmv.x.w	x26,f9	  f9:0x80000000 x26=0x80000000
     382215.000 ns	     38220	80007edc	29021353	fmax.s	f6,f4,f16	  f4:0x7fc00000 f16:0x4f800000  f6=0x4f800000
     382245.000 ns	     38223	80007ee0	02a334b3	mulhu	x9,x6,x10	  x6:0xa6079035 x10:0x7ffbef00  x9=0x530124f5
     382275.000 ns	     38226	80007ee4	215a02d3	fsgnj.s	f5,f20,f21	 f20:0x4efff7de f21:0x7fc00000  f5=0x4efff7de
     382295.000 ns	     38228	80007ee8	75a12093	slti	x1,x2,1882	  x2:0x5d25788a  x1=0x00000000
     382325.000 ns	     38231	80007eec	58093153	fsqrt.s	f2,f18	 f18:0x00000000  f2=0x00000000
     382355.000 ns	     38234	80007ef0	a002a753	feq.s	x14,f5,f0	  f5:0x4efff7de  f0:0x00000000 x14=0x00000000
     382375.000 ns	     38236	80007ef4	78de6c93	ori	x25,x28,1933	 x28:0x80041035 x25=0x800417bd
     382395.000 ns	     38238	80007ef8	03398cb3	mul	x25,x19,x19	 x19:0x1710d712 x19:0x1710d712 x25=0xd2ef3d44
     382415.000 ns	     38240	80007efc	011cad33	slt	x26,x25,x17	 x25:0x80040930 x17:0x80040fe4 x26=0x00000000
     382425.000 ns	     38241	80007f00	64fd8697	auipc	x13,0x64fd8	 x13=0xe4fdff00
     382435.000 ns	     38242	80007f04	41470d33	sub	x26,x14,x20	 x14:0x00000000 x20:0x00000001 x26=0xffffffff
     382475.000 ns	     38246	80007f08	01037ad3	fadd.s	f21,f6,f16	  f6:0x4f800000 f16:0x4f800000 f21=0x50000000
     382505.000 ns	     38249	80007f0c	021e8eb3	mul	x29,x29,x1	 x29:0xffffffff  x1:0x00000000 x29=0x00000000
     382535.000 ns	     38252	80007f10	03e5f033	remu	x0,x11,x30	 x11:0x80041024 x30:0x00000000
     382565.000 ns	     38255	80007f14	0222a233	mulhsu	x4,x5,x2	  x5:0x00000000  x2:0x5d25788a  x4=0x00000000
     382595.000 ns	     38258	80007f18	e00f1b53	fclass.s	x22,f30	 f30:0xc0000000 x22=0x00000002
     382625.000 ns	     38261	80007f1c	03e20733	mul	x14,x4,x30	  x4:0x00000000 x30:0x00000000 x14=0x00000000
     382675.000 ns	     38266	80007f20	09f50dd3	fsub.s	f27,f10,f31	 f10:0x7fc00000 f31:0x00000000 f27=0x7fc00000
     382705.000 ns	     38269	80007f24	a0302353	feq.s	x6,f0,f3	  f0:0x00000000  f3:0x4efff7de  x6=0x00000000
     382735.000 ns	     38272	80007f28	a018af53	feq.s	x30,f17,f1	 f17:0x7fc00000  f1:0x4efff7de x30=0x00000000
     382755.000 ns	     38274	80007f2c	92673813	sltiu	x16,x14,-1754	 x14:0x00000000 x16=0x00000001
     382775.000 ns	     38276	80007f30	c00371d3	fcvt.w.s	x3,f6	  f6:0x4f800000  x3=0x7fffffff
     383145.000 ns	     38313	80007f34	03fd5633	divu	x12,x26,x31	 x26:0xffffffff x31:0xfffffed8 x12=0x00000001
     383165.000 ns	     38315	80007f38	41b50db3	sub	x27,x10,x27	 x10:0x7ffbef00 x27:0x0000ffff x27=0x7ffaef01
     383175.000 ns	     38316	80007f3c	21399e97	auipc	x29,0x21399	 x29=0xa13a0f3c
     383185.000 ns	     38317	80007f40	808d2b93	slti	x23,x26,-2040	 x26:0xffffffff x23=0x00000000
     383205.000 ns	     38319	80007f44	a0fe0253	fle.s	x4,f28,f15	 f28:0x7fc00000 f15:0x4efff7de  x4=0x00000000
     383235.000 ns	     38322	80007f48	03b31a33	mulh	x20,x6,x27	  x6:0x00000000 x27:0x7ffaef01 x20=0x00000000
     383255.000 ns	     38324	80007f4c	b4202e13	slti	x28,x0,-1214	  x0:0x00000000 x28=0x00000000
     383265.000 ns	     38325	80007f50	0182a333	slt	x6,x5,x24	  x5:0x00000000 x24:0x00000000  x6=0x00000000
     383275.000 ns	     38326	80007f54	001b7033	and	x0,x22,x1	 x22:0x00000002  x1:0x00000000
     383295.000 ns	     38328	80007f58	c003ffd3	fcvt.w.s	x31,f7	  f7:0x7fc00000 x31=0x7fffffff
     383315.000 ns	     38330	80007f5c	01eb5c33	srl	x24,x22,x30	 x22:0x00000002 x30:0x00000000 x24=0x00000002
     383335.000 ns	     38332	80007f60	29141ad3	fmax.s	f21,f8,f17	  f8:0x00000000 f17:0x7fc00000 f21=0x00000000
     383375.000 ns	     38336	80007f64	10c6fed3	fmul.s	f29,f13,f12	 f13:0x00000000 f12:0x4ec40000 f29=0x00000000
     383405.000 ns	     38339	80007f68	c0072253	fcvt.w.s	x4,f14	 f14:0x49021000  x4=0x00082100
     383425.000 ns	     38341	80007f6c	00000013	addi	x0,x0,0	  x0:0x00000000
     383445.000 ns	     38343	80007f70	a1b39753	flt.s	x14,f7,f27	  f7:0x7fc00000 f27:0x7fc00000 x14=0x00000000
     383465.000 ns	     38345	80007f74	016313b3	sll	x7,x6,x22	  x6:0x00000000 x22:0x00000002  x7=0x00000000
     383475.000 ns	     38346	80007f78	00b16233	or	x4,x2,x11	  x2:0x5d25788a x11:0x80041024  x4=0xdd2578ae
     383485.000 ns	     38347	80007f7c	0027da93	srli	x21,x15,0x2	 x15:0x00000080 x21=0x00000020
     383505.000 ns	     38349	80007f80	a0ae8dd3	fle.s	x27,f29,f10	 f29:0x00000000 f10:0x7fc00000 x27=0x00000000
     383525.000 ns	     38351	80007f84	00b00bb3	add	x23,x0,x11	  x0:0x00000000 x11:0x80041024 x23=0x80041024
     383535.000 ns	     38352	80007f88	00757433	and	x8,x10,x7	 x10:0x7ffbef00  x7:0x00000000  x8=0x00000000
     383555.000 ns	     38354	80007f8c	a1b127d3	feq.s	x15,f2,f27	  f2:0x00000000 f27:0x7fc00000 x15=0x00000000
     383575.000 ns	     38356	80007f90	660b2193	slti	x3,x22,1632	 x22:0x00000002  x3=0x00000001
     383595.000 ns	     38358	80007f94	21f281d3	fsgnj.s	f3,f5,f31	  f5:0x4efff7de f31:0x00000000  f3=0x4efff7de
     383625.000 ns	     38361	80007f98	027a5033	divu	x0,x20,x7	 x20:0x00000000  x7:0x00000000
     383995.000 ns	     38398	80007f9c	033fcdb3	div	x27,x31,x19	 x31:0x7fffffff x19:0x1710d712 x27=0x00000005
     384025.000 ns	     38401	80007fa0	03bd8633	mul	x12,x27,x27	 x27:0x00000000 x27:0x00000000 x12=0x00000019
     384045.000 ns	     38403	80007fa4	40765db3	sra	x27,x12,x7	 x12:0x00000001  x7:0x00000000 x27=0x00000019
     384065.000 ns	     38405	80007fa8	2049a853	fsgnjx.s	f16,f19,f4	 f19:0x7f800000  f4:0x7fc00000 f16=0x7f800000
     384095.000 ns	     38408	80007fac	e0028753	fmv.x.w	x14,f5	  f5:0x4efff7de x14=0x4efff7de
     384465.000 ns	     38445	80007fb0	02d45833	divu	x16,x8,x13	  x8:0x00000000 x13:0xe4fdff00 x16=0x00000000
     384495.000 ns	     38448	80007fb4	a0711ed3	flt.s	x29,f2,f7	  f2:0x00000000  f7:0x7fc00000 x29=0x00000000
     384515.000 ns	     38450	80007fb8	418ad833	sra	x16,x21,x24	 x21:0x00000020 x24:0x00000002 x16=0x00000008
     384535.000 ns	     38452	80007fbc	e00903d3	fmv.x.w	x7,f18	 f18:0x00000000  x7=0x00000000
     384585.000 ns	     38457	80007fc0	08eb4ad3	fsub.s	f21,f22,f14	 f22:0x7f800000 f14:0x49021000 f21=0x7f800000
     384615.000 ns	     38460	80007fc4	d006f553	fcvt.s.w	f10,x13	 x13:0xe4fdff00 f10=0xcdd81008
     384645.000 ns	     38463	80007fc8	29661a53	fmax.s	f20,f12,f22	 f12:0x4ec40000 f22:0x7f800000 f20=0x7f800000
     384675.000 ns	     38466	80007fcc	28950553	fmin.s	f10,f10,f9	 f10:0xcdd81008  f9:0x80000000 f10=0xcdd81008
     384705.000 ns	     38469	80007fd0	a11017d3	flt.s	x15,f0,f17	  f0:0x00000000 f17:0x7fc00000 x15=0x00000000
     384735.000 ns	     38472	80007fd4	e00100d3	fmv.x.w	x1,f2	  f2:0x00000000  x1=0x00000000
     384765.000 ns	     38475	80007fd8	280511d3	fmax.s	f3,f10,f0	 f10:0xcdd81008  f0:0x00000000  f3=0x00000000
     385135.000 ns	     38512	80007fdc	030ed833	divu	x16,x29,x16	 x29:0x00000000 x16:0x00000008 x16=0x00000000
     385155.000 ns	     38514	80007fe0	f0a24793	xori	x15,x4,-246	  x4:0xdd2578ae x15=0x22da87a4
     385175.000 ns	     38516	80007fe4	21792bd3	fsgnjx.s	f23,f18,f23	 f18:0x00000000 f23:0x4f800000 f23=0x00000000
     385195.000 ns	     38518	80007fe8	6ec5c293	xori	x5,x11,1772	 x11:0x80041024  x5=0x800416c8
     385215.000 ns	     38520	80007fec	f0040cd3	fmv.w.x	f25,x8	  x8:0x00000000 f25=0x00000000
     385245.000 ns	     38523	80007ff0	295c1153	fmax.s	f2,f24,f21	 f24:0x7f800000 f21:0x7f800000  f2=0x7f800000
     385265.000 ns	     38525	80007ff4	011c87b3	add	x15,x25,x17	 x25:0xd2ef3d44 x17:0x80040fe4 x15=0x52f34d28
     385275.000 ns	     38526	80007ff8	0106e733	or	x14,x13,x16	 x13:0xe4fdff00 x16:0x00000000 x14=0xe4fdff00
     385295.000 ns	     38528	80007ffc	a0852153	feq.s	x2,f10,f8	 f10:0xcdd81008  f8:0x00000000  x2=0x00000000
     385315.000 ns	     38530	80008000	61634193	xori	x3,x6,1558	  x6:0x00000000  x3=0x00000616
     385335.000 ns	     38532	80008004	e00e1053	fclass.s	x0,f28	 f28:0x7fc00000
     385365.000 ns	     38535	80008008	e00d00d3	fmv.x.w	x1,f26	 f26:0x4f800000  x1=0x4f800000
     385405.000 ns	     38539	8000800c	580026d3	fsqrt.s	f13,f0	  f0:0x00000000 f13=0x00000000
     385435.000 ns	     38542	80008010	f0018ed3	fmv.w.x	f29,x3	  x3:0x00000616 f29=0x00000616
     385455.000 ns	     38544	80008014	01126fb3	or	x31,x4,x17	  x4:0xdd2578ae x17:0x80040fe4 x31=0xdd257fee
     385465.000 ns	     38545	80008018	407ada93	srai	x21,x21,0x7	 x21:0x00000020 x21=0x00000000
     385825.000 ns	     38581	8000801c	02d8fd33	remu	x26,x17,x13	 x17:0x80040fe4 x13:0xe4fdff00 x26=0x80040fe4
     385845.000 ns	     38583	80008020	0048b533	sltu	x10,x17,x4	 x17:0x80040fe4  x4:0xdd2578ae x10=0x00000001
     385865.000 ns	     38585	80008024	c01e4b53	fcvt.wu.s	x22,f28	 f28:0x7fc00000 x22=0xffffffff
     385895.000 ns	     38588	80008028	28bd82d3	fmin.s	f5,f27,f11	 f27:0x7fc00000 f11:0x00000000  f5=0x00000000
     385925.000 ns	     38591	8000802c	a005a3d3	feq.s	x7,f11,f0	 f11:0x00000000  f0:0x00000000  x7=0x00000001
     385955.000 ns	     38594	80008030	03b3bc33	mulhu	x24,x7,x27	  x7:0x00000000 x27:0x00000019 x24=0x00000000
     386005.000 ns	     38599	80008034	012d8153	fadd.s	f2,f27,f18	 f27:0x7fc00000 f18:0x00000000  f2=0x7fc00000
     386025.000 ns	     38601	80008038	00b89bb3	sll	x23,x17,x11	 x17:0x80040fe4 x11:0x80041024 x23=0x0040fe40
     386045.000 ns	     38603	8000803c	a13c26d3	feq.s	x13,f24,f19	 f24:0x7f800000 f19:0x7f800000 x13=0x00000001
     386065.000 ns	     38605	80008040	00369013	slli	x0,x13,0x3	 x13:0xe4fdff00
     386085.000 ns	     38607	80008044	02821a33	mulh	x20,x4,x8	  x4:0xdd2578ae  x8:0x00000000 x20=0x00000000
     386115.000 ns	     38610	80008048	f00f8c53	fmv.w.x	f24,x31	 x31:0xdd257fee f24=0xdd257fee
     386135.000 ns	     38612	8000804c	40bd5013	srai	x0,x26,0xb	 x26:0x80040fe4
     386145.000 ns	     38613	80008050	df8f6e93	ori	x29,x30,-520	 x30:0x00000000 x29=0xfffffdf8
     386155.000 ns	     38614	80008054	e8f82137	lui	x2,0xe8f82	  x2=0xe8f82000
     386175.000 ns	     38616	80008058	a0c39f53	flt.s	x30,f7,f12	  f7:0x7fc00000 f12:0x4ec40000 x30=0x00000000
     386195.000 ns	     38618	8000805c	00000013	addi	x0,x0,0	  x0:0x00000000
     386215.000 ns	     38620	80008060	21671ad3	fsgnjn.s	f21,f14,f22	 f14:0x49021000 f22:0x7f800000 f21=0xc9021000
     386245.000 ns	     38623	80008064	d013f253	fcvt.s.wu	f4,x7	  x7:0x00000001  f4=0x3f800000
     386265.000 ns	     38625	80008068	0066b6b3	sltu	x13,x13,x6	 x13:0x00000001  x6:0x00000000 x13=0x00000000
     386275.000 ns	     38626	8000806c	019b6633	or	x12,x22,x25	 x22:0xffffffff x25:0xd2ef3d44 x12=0xffffffff
     386285.000 ns	     38627	80008070	00a61eb3	sll	x29,x12,x10	 x12:0x00000019 x10:0x00000001 x29=0xfffffffe
     386645.000 ns	     38663	80008074	03aa5a33	divu	x20,x20,x26	 x20:0x00000000 x26:0x80040fe4 x20=0x00000000
     386665.000 ns	     38665	80008078	a6c3e413	ori	x8,x7,-1428	  x7:0x00000001  x8=0xfffffa6d
     386685.000 ns	     38667	8000807c	a19d13d3	flt.s	x7,f26,f25	 f26:0x4f800000 f25:0x00000000  x7=0x00000000
     386705.000 ns	     38669	80008080	0167bc33	sltu	x24,x15,x22	 x15:0x52f34d28 x22:0xffffffff x24=0x00000001
     386715.000 ns	     38670	80008084	00b1d133	srl	x2,x3,x11	  x3:0x00000616 x11:0x80041024  x2=0x00000061
     386735.000 ns	     38672	80008088	a07f27d3	feq.s	x15,f30,f7	 f30:0xc0000000  f7:0x7fc00000 x15=0x00000000
     386765.000 ns	     38675	8000808c	e00f9bd3	fclass.s	x23,f31	 f31:0x00000000 x23=0x00000010
     386795.000 ns	     38678	80008090	a1e92bd3	feq.s	x23,f18,f30	 f18:0x00000000 f30:0xc0000000 x23=0x00000000
     386815.000 ns	     38680	80008094	00885b13	srli	x22,x16,0x8	 x16:0x00000000 x22=0x00000000
     386825.000 ns	     38681	80008098	495b9a37	lui	x20,0x495b9	 x20=0x495b9000
     386835.000 ns	     38682	8000809c	00161133	sll	x2,x12,x1	 x12:0xffffffff  x1:0x4f800000  x2=0xffffffff
     386845.000 ns	     38683	800080a0	01e31013	slli	x0,x6,0x1e	  x6:0x00000000
     386885.000 ns	     38687	800080a4	003001d3	fadd.s	f3,f0,f3	  f0:0x00000000  f3:0x00000000  f3=0x00000000
     386905.000 ns	     38689	800080a8	01e82133	slt	x2,x16,x30	 x16:0x00000000 x30:0x00000000  x2=0x00000000
     386925.000 ns	     38691	800080ac	02637333	remu	x6,x6,x6	  x6:0x00000000  x6:0x00000000  x6=0x00000000
     386955.000 ns	     38694	800080b0	21831cd3	fsgnjn.s	f25,f6,f24	  f6:0x4f800000 f24:0xdd257fee f25=0x4f800000
     386995.000 ns	     38698	800080b4	116f3b53	fmul.s	f22,f30,f22	 f30:0xc0000000 f22:0x7f800000 f22=0xff800000
     387045.000 ns	     38703	800080b8	0074f5d3	fadd.s	f11,f9,f7	  f9:0x80000000  f7:0x7fc00000 f11=0x7fc00000
     387415.000 ns	     38740	800080bc	03fce133	rem	x2,x25,x31	 x25:0xd2ef3d44 x31:0xdd257fee  x2=0xf5c9bd56
     387435.000 ns	     38742	800080c0	012196b3	sll	x13,x3,x18	  x3:0x00000616 x18:0x1710d712 x13=0x18580000
     387445.000 ns	     38743	800080c4	aae47a13	andi	x20,x8,-1362	  x8:0xfffffa6d x20=0xfffffa2c
     387465.000 ns	     38745	800080c8	03c316b3	mulh	x13,x6,x28	  x6:0x00000000 x28:0x00000000 x13=0x00000000
     387485.000 ns	     38747	800080cc	06077e93	andi	x29,x14,96	 x14:0xe4fdff00 x29=0x00000000
     387495.000 ns	     38748	800080d0	00ee6bb3	or	x23,x28,x14	 x28:0x00000000 x14:0xe4fdff00 x23=0xe4fdff00
     387855.000 ns	     38784	800080d4	02c9f4b3	remu	x9,x19,x12	 x19:0x1710d712 x12:0xffffffff  x9=0x1710d712
     387875.000 ns	     38786	800080d8	40315fb3	sra	x31,x2,x3	  x2:0xf5c9bd56  x3:0x00000616 x31=0xffffffd7
     387895.000 ns	     38788	800080dc	a0a21153	flt.s	x2,f4,f10	  f4:0x3f800000 f10:0xcdd81008  x2=0x00000000
     387925.000 ns	     38791	800080e0	a0c5aad3	feq.s	x21,f11,f12	 f11:0x7fc00000 f12:0x4ec40000 x21=0x00000000
     387945.000 ns	     38793	800080e4	409c87b3	sub	x15,x25,x9	 x25:0xd2ef3d44  x9:0x1710d712 x15=0xbbde6632
     387965.000 ns	     38795	800080e8	29179ed3	fmax.s	f29,f15,f17	 f15:0x4efff7de f17:0x7fc00000 f29=0x4efff7de
     387995.000 ns	     38798	800080ec	a057acd3	feq.s	x25,f15,f5	 f15:0x4efff7de  f5:0x00000000 x25=0x00000000
     388025.000 ns	     38801	800080f0	a087aad3	feq.s	x21,f15,f8	 f15:0x4efff7de  f8:0x00000000 x21=0x00000000
     388055.000 ns	     38804	800080f4	c0111ed3	fcvt.wu.s	x29,f2	  f2:0x7fc00000 x29=0xffffffff
     388095.000 ns	     38808	800080f8	5803cfd3	fsqrt.s	f31,f7	  f7:0x7fc00000 f31=0x7fc00000
     388125.000 ns	     38811	800080fc	c0032753	fcvt.w.s	x14,f6	  f6:0x4f800000 x14=0x7fffffff
     388495.000 ns	     38848	80008100	03dc7ab3	remu	x21,x24,x29	 x24:0x00000001 x29:0xffffffff x21=0x00000001
     388545.000 ns	     38853	80008104	08e53fd3	fsub.s	f31,f10,f14	 f10:0xcdd81008 f14:0x49021000 f31=0xcdd85110
     388565.000 ns	     38855	80008108	2387ea93	ori	x21,x15,568	 x15:0xbbde6632 x21=0xbbde663a
     388585.000 ns	     38857	8000810c	213fa6d3	fsgnjx.s	f13,f31,f19	 f31:0xcdd85110 f19:0x7f800000 f13=0xcdd85110
     388605.000 ns	     38859	80008110	0092cfb3	xor	x31,x5,x9	  x5:0x800416c8  x9:0x1710d712 x31=0x9714c1da
     388625.000 ns	     38861	80008114	f0090cd3	fmv.w.x	f25,x18	 x18:0x1710d712 f25=0x1710d712
     388645.000 ns	     38863	80008118	00000013	addi	x0,x0,0	  x0:0x00000000
     388655.000 ns	     38864	8000811c	859d3d13	sltiu	x26,x26,-1959	 x26:0x80040fe4 x26=0x00000001
     388675.000 ns	     38866	80008120	d0137453	fcvt.s.wu	f8,x6	  x6:0x00000000  f8=0x00000000
     388695.000 ns	     38868	80008124	e6241417	auipc	x8,0xe6241	  x8=0x66249124
     388705.000 ns	     38869	80008128	5b6d0e13	addi	x28,x26,1462	 x26:0x00000001 x28=0x000005b7
     388715.000 ns	     38870	8000812c	f9e66fb7	lui	x31,0xf9e66	 x31=0xf9e66000
     388735.000 ns	     38872	80008130	03bc3a33	mulhu	x20,x24,x27	 x24:0x00000001 x27:0x00000019 x20=0x00000000
     389105.000 ns	     38909	80008134	02a65333	divu	x6,x12,x10	 x12:0xffffffff x10:0x00000001  x6=0xffffffff
     389135.000 ns	     38912	80008138	d003f653	fcvt.s.w	f12,x7	  x7:0x00000000 f12=0x00000000
     389155.000 ns	     38914	8000813c	ed148013	addi	x0,x9,-303	  x9:0x1710d712
     389165.000 ns	     38915	80008140	00937eb3	and	x29,x6,x9	  x6:0xffffffff  x9:0x1710d712 x29=0x1710d712
     389175.000 ns	     38916	80008144	01796833	or	x16,x18,x23	 x18:0x1710d712 x23:0xe4fdff00 x16=0xf7fdff12
     389195.000 ns	     38918	80008148	03769233	mulh	x4,x13,x23	 x13:0x00000000 x23:0xe4fdff00  x4=0x00000000
     389215.000 ns	     38920	8000814c	00034233	xor	x4,x6,x0	  x6:0xffffffff  x0:0x00000000  x4=0xffffffff
     389225.000 ns	     38921	80008150	002a33b3	sltu	x7,x20,x2	 x20:0x00000000  x2:0x00000000  x7=0x00000000
     389585.000 ns	     38957	80008154	02a74db3	div	x27,x14,x10	 x14:0x7fffffff x10:0x00000001 x27=0x7fffffff
     389625.000 ns	     38961	80008158	10038bd3	fmul.s	f23,f7,f0	  f7:0x7fc00000  f0:0x00000000 f23=0x7fc00000
     389655.000 ns	     38964	8000815c	023b33b3	mulhu	x7,x22,x3	 x22:0x00000000  x3:0x00000616  x7=0x00000000
     389685.000 ns	     38967	80008160	a0440553	fle.s	x10,f8,f4	  f8:0x00000000  f4:0x3f800000 x10=0x00000001
     389735.000 ns	     38972	80008164	09e39fd3	fsub.s	f31,f7,f30	  f7:0x7fc00000 f30:0xc0000000 f31=0x7fc00000
     389755.000 ns	     38974	80008168	40815a13	srai	x20,x2,0x8	  x2:0x00000000 x20=0x00000000
     389775.000 ns	     38976	8000816c	29fd1453	fmax.s	f8,f26,f31	 f26:0x4f800000 f31:0x7fc00000  f8=0x4f800000
     389805.000 ns	     38979	80008170	e00e9953	fclass.s	x18,f29	 f29:0x4efff7de x18=0x00000040
     390175.000 ns	     39016	80008174	03d976b3	remu	x13,x18,x29	 x18:0x1710d712 x29:0x1710d712 x13=0x00000040
     391355.000 ns	     39134	80008178	5807ffd3	fsqrt.s	f31,f15	 f15:0x4efff7de f31=0x473501cb
     391385.000 ns	     39137	8000817c	02a10fb3	mul	x31,x2,x10	  x2:0x00000000 x10:0x00000001 x31=0x00000000
     391415.000 ns	     39140	80008180	02ed33b3	mulhu	x7,x26,x14	 x26:0x00000001 x14:0x7fffffff  x7=0x00000000
     391435.000 ns	     39142	80008184	01394733	xor	x14,x18,x19	 x18:0x00000040 x19:0x1710d712 x14=0x1710d752
     391455.000 ns	     39144	80008188	20a22bd3	fsgnjx.s	f23,f4,f10	  f4:0x3f800000 f10:0xcdd81008 f23=0xbf800000
     391485.000 ns	     39147	8000818c	2193a6d3	fsgnjx.s	f13,f7,f25	  f7:0x7fc00000 f25:0x1710d712 f13=0x7fc00000
     391515.000 ns	     39150	80008190	e00697d3	fclass.s	x15,f13	 f13:0xcdd85110 x15=0x00000200
     391545.000 ns	     39153	80008194	2090a253	fsgnjx.s	f4,f1,f9	  f1:0x4efff7de  f9:0x80000000  f4=0xcefff7de
     391565.000 ns	     39155	80008198	403a5833	sra	x16,x20,x3	 x20:0x00000000  x3:0x00000616 x16=0x00000000
     391575.000 ns	     39156	8000819c	0017cb33	xor	x22,x15,x1	 x15:0x00000200  x1:0x4f800000 x22=0x4f800200
     391585.000 ns	     39157	800081a0	008a4b33	xor	x22,x20,x8	 x20:0x00000000  x8:0x66249124 x22=0x66249124
     391605.000 ns	     39159	800081a4	c0081853	fcvt.w.s	x16,f16	 f16:0x7f800000 x16=0x7fffffff
     391625.000 ns	     39161	800081a8	41fc0fb3	sub	x31,x24,x31	 x24:0x00000001 x31:0x00000000 x31=0x00000001
     391665.000 ns	     39165	800081ac	004c22d3	fadd.s	f5,f24,f4	 f24:0xdd257fee  f4:0xcefff7de  f5=0xdd257fef
     391695.000 ns	     39168	800081b0	2167a7d3	fsgnjx.s	f15,f15,f22	 f15:0x4efff7de f22:0xff800000 f15=0xcefff7de
     391715.000 ns	     39170	800081b4	0071aa33	slt	x20,x3,x7	  x3:0x00000616  x7:0x00000000 x20=0x00000000
     391725.000 ns	     39171	800081b8	69fa4113	xori	x2,x20,1695	 x20:0x00000000  x2=0x0000069f
     391735.000 ns	     39172	800081bc	7ab2fe13	andi	x28,x5,1963	  x5:0x800416c8 x28=0x00000688
     391755.000 ns	     39174	800081c0	03fd00b3	mul	x1,x26,x31	 x26:0x00000001 x31:0x00000001  x1=0x00000001
     392125.000 ns	     39211	800081c4	037d4db3	div	x27,x26,x23	 x26:0x00000001 x23:0xe4fdff00 x27=0x00000000
     392145.000 ns	     39213	800081c8	8cf82493	slti	x9,x16,-1841	 x16:0x7fffffff  x9=0x00000000
     392165.000 ns	     39215	800081cc	28198ed3	fmin.s	f29,f19,f1	 f19:0x7f800000  f1:0x4efff7de f29=0x4efff7de
     392185.000 ns	     39217	800081d0	019a9eb3	sll	x29,x21,x25	 x21:0xbbde663a x25:0x00000000 x29=0xbbde663a
     392195.000 ns	     39218	800081d4	01589293	slli	x5,x17,0x15	 x17:0x80040fe4  x5=0xfc800000
     392205.000 ns	     39219	800081d8	00000013	addi	x0,x0,0	  x0:0x00000000
     392225.000 ns	     39221	800081dc	e00a9dd3	fclass.s	x27,f21	 f21:0xc9021000 x27=0x00000002
     392255.000 ns	     39224	800081e0	c01f1553	fcvt.wu.s	x10,f30	 f30:0xc0000000 x10=0x00000002
     392285.000 ns	     39227	800081e4	21132353	fsgnjx.s	f6,f6,f17	  f6:0x4f800000 f17:0x7fc00000  f6=0x4f800000
     392305.000 ns	     39229	800081e8	006bb1b3	sltu	x3,x23,x6	 x23:0xe4fdff00  x6:0xffffffff  x3=0x00000001
     392335.000 ns	     39232	800081ec	1027f753	fmul.s	f14,f15,f2	 f15:0xcefff7de  f2:0x7fc00000 f14=0x7fc00000
     392705.000 ns	     39269	800081f0	03ad4fb3	div	x31,x26,x26	 x26:0x00000001 x26:0x00000001 x31=0x00000001
     392735.000 ns	     39272	800081f4	d00346d3	fcvt.s.w	f13,x6	  x6:0xffffffff f13=0xbf800000
     392765.000 ns	     39275	800081f8	281e01d3	fmin.s	f3,f28,f1	 f28:0x7fc00000  f1:0x4efff7de  f3=0x4efff7de
     392795.000 ns	     39278	800081fc	033ea433	mulhsu	x8,x29,x19	 x29:0xbbde663a x19:0x1710d712  x8=0xf9dc7fd8
     392815.000 ns	     39280	80008200	40960733	sub	x14,x12,x9	 x12:0xffffffff  x9:0x00000000 x14=0xffffffff
     392835.000 ns	     39282	80008204	20ba9053	fsgnjn.s	f0,f21,f11	 f21:0xc9021000 f11:0x7fc00000  f0=0xc9021000
     392855.000 ns	     39284	80008208	41cadd93	srai	x27,x21,0x1c	 x21:0xbbde663a x27=0xfffffffb
     392885.000 ns	     39287	8000820c	112d7453	fmul.s	f8,f26,f18	 f26:0x4f800000 f18:0x00000000  f8=0x00000000
     392915.000 ns	     39290	80008210	f0098e53	fmv.w.x	f28,x19	 x19:0x1710d712 f28=0x1710d712
     392935.000 ns	     39292	80008214	43b3f813	andi	x16,x7,1083	  x7:0x00000000 x16=0x00000000
     392945.000 ns	     39293	80008218	001086b3	add	x13,x1,x1	  x1:0x00000001  x1:0x00000001 x13=0x00000002
     392955.000 ns	     39294	8000821c	003a66b3	or	x13,x20,x3	 x20:0x00000000  x3:0x00000001 x13=0x00000001
     393315.000 ns	     39330	80008220	02f7fa33	remu	x20,x15,x15	 x15:0x00000200 x15:0x00000200 x20=0x00000000
     393345.000 ns	     39333	80008224	d01c7d53	fcvt.s.wu	f26,x24	 x24:0x00000001 f26=0x3f800000
     393375.000 ns	     39336	80008228	a01d9cd3	flt.s	x25,f27,f1	 f27:0x7fc00000  f1:0x4efff7de x25=0x00000000
     393395.000 ns	     39338	8000822c	01320833	add	x16,x4,x19	  x4:0xffffffff x19:0x1710d712 x16=0x1710d711
     393415.000 ns	     39340	80008230	03e6d133	divu	x2,x13,x30	 x13:0x00000001 x30:0x00000000  x2=0xffffffff
     393435.000 ns	     39342	80008234	2dd11b37	lui	x22,0x2dd11	 x22=0x2dd11000
     393455.000 ns	     39344	80008238	a1c9aed3	feq.s	x29,f19,f28	 f19:0x7f800000 f28:0x1710d712 x29=0x00000000
     393475.000 ns	     39346	8000823c	008bba33	sltu	x20,x23,x8	 x23:0xe4fdff00  x8:0xf9dc7fd8 x20=0x00000001
     393835.000 ns	     39382	80008240	02dd7f33	remu	x30,x26,x13	 x26:0x00000001 x13:0x00000001 x30=0x00000000
     393865.000 ns	     39385	80008244	03150b33	mul	x22,x10,x17	 x10:0x00000002 x17:0x80040fe4 x22=0x00081fc8
     393895.000 ns	     39388	80008248	e0001ed3	fclass.s	x29,f0	  f0:0xc9021000 x29=0x00000002
     393925.000 ns	     39391	8000824c	e0059153	fclass.s	x2,f11	 f11:0x7fc00000  x2=0x00000200
     393955.000 ns	     39394	80008250	a1919953	flt.s	x18,f3,f25	  f3:0x4efff7de f25:0x1710d712 x18=0x00000000
     393985.000 ns	     39397	80008254	e00a91d3	fclass.s	x3,f21	 f21:0xc9021000  x3=0x00000002
     394005.000 ns	     39399	80008258	5433b393	sltiu	x7,x7,1347	  x7:0x00000000  x7=0x00000001
     394015.000 ns	     39400	8000825c	002bf733	and	x14,x23,x2	 x23:0xe4fdff00  x2:0x00000200 x14=0x00000200
     394055.000 ns	     39404	80008260	018cafd3	fadd.s	f31,f25,f24	 f25:0x1710d712 f24:0xdd257fee f31=0xdd257fee
     394085.000 ns	     39407	80008264	a1cda153	feq.s	x2,f27,f28	 f27:0x7fc00000 f28:0x1710d712  x2=0x00000000
     394115.000 ns	     39410	80008268	03cdacb3	mulhsu	x25,x27,x28	 x27:0xfffffffb x28:0x00000688 x25=0xffffffff
     394135.000 ns	     39412	8000826c	00845e13	srli	x28,x8,0x8	  x8:0xf9dc7fd8 x28=0x00f9dc7f
     394145.000 ns	     39413	80008270	01c0ea33	or	x20,x1,x28	  x1:0x00000001 x28:0x00000688 x20=0x00f9dc7f
     394165.000 ns	     39415	80008274	d00bc4d3	fcvt.s.w	f9,x23	 x23:0xe4fdff00  f9=0xcdd81008
     394185.000 ns	     39417	80008278	01118333	add	x6,x3,x17	  x3:0x00000002 x17:0x80040fe4  x6=0x80040fe6
     394215.000 ns	     39420	8000827c	58052bd3	fsqrt.s	f23,f10	 f10:0xcdd81008 f23=0x7fc00000
     394245.000 ns	     39423	80008280	a0b00b53	fle.s	x22,f0,f11	  f0:0xc9021000 f11:0x7fc00000 x22=0x00000000
     394285.000 ns	     39427	80008284	5807fcd3	fsqrt.s	f25,f15	 f15:0xcefff7de f25=0x7fc00000
     394315.000 ns	     39430	80008288	d0182e53	fcvt.s.wu	f28,x16	 x16:0x1710d711 f28=0x4db886b9
     394335.000 ns	     39432	8000828c	4060dc93	srai	x25,x1,0x6	  x1:0x00000001 x25=0x00000000
     394355.000 ns	     39434	80008290	e00584d3	fmv.x.w	x9,f11	 f11:0x7fc00000  x9=0x7fc00000
     394385.000 ns	     39437	80008294	2046a953	fsgnjx.s	f18,f13,f4	 f13:0xbf800000  f4:0xcefff7de f18=0x3f800000
     394405.000 ns	     39439	80008298	a75eb793	sltiu	x15,x29,-1419	 x29:0x00000002 x15=0x00000001
     394425.000 ns	     39441	8000829c	29088953	fmin.s	f18,f17,f16	 f17:0x7fc00000 f16:0x7f800000 f18=0x7f800000
     394455.000 ns	     39444	800082a0	21692453	fsgnjx.s	f8,f18,f22	 f18:0x3f800000 f22:0xff800000  f8=0xff800000
     394475.000 ns	     39446	800082a4	418301b3	sub	x3,x6,x24	  x6:0x80040fe6 x24:0x00000001  x3=0x80040fe5
     394485.000 ns	     39447	800082a8	a8622e93	slti	x29,x4,-1402	  x4:0xffffffff x29=0x00000000
     394505.000 ns	     39449	800082ac	e0078ed3	fmv.x.w	x29,f15	 f15:0xcefff7de x29=0xcefff7de
     394525.000 ns	     39451	800082b0	000b9813	slli	x16,x23,0x0	 x23:0xe4fdff00 x16=0xe4fdff00
     394535.000 ns	     39452	800082b4	00578633	add	x12,x15,x5	 x15:0x00000001  x5:0xfc800000 x12=0xfc800001
     394545.000 ns	     39453	800082b8	00000013	addi	x0,x0,0	  x0:0x00000000
     394555.000 ns	     39454	800082bc	01c3bb33	sltu	x22,x7,x28	  x7:0x00000001 x28:0x00f9dc7f x22=0x00000001
     394565.000 ns	     39455	800082c0	40f15a13	srai	x20,x2,0xf	  x2:0x00000000 x20=0x00000000
     394575.000 ns	     39456	800082c4	c0972a13	slti	x20,x14,-1015	 x14:0x00000200 x20=0x00000000
     394585.000 ns	     39457	800082c8	004096b3	sll	x13,x1,x4	  x1:0x00000001  x4:0xffffffff x13=0x80000000
     394595.000 ns	     39458	800082cc	00000013	addi	x0,x0,0	  x0:0x00000000
     394955.000 ns	     39494	800082d0	03f5f4b3	remu	x9,x11,x31	 x11:0x80041024 x31:0x00000001  x9=0x00000000
     394985.000 ns	     39497	800082d4	c01e1553	fcvt.wu.s	x10,f28	 f28:0x4db886b9 x10=0x1710d720
     395005.000 ns	     39499	800082d8	bdd2e313	ori	x6,x5,-1059	  x5:0xfc800000  x6=0xfffffbdd
     395045.000 ns	     39503	800082dc	08463453	fsub.s	f8,f12,f4	 f12:0x00000000  f4:0xcefff7de  f8=0x4efff7de
     395065.000 ns	     39505	800082e0	00d27db3	and	x27,x4,x13	  x4:0xffffffff x13:0x80000000 x27=0x80000000
     395105.000 ns	     39509	800082e4	01d7a9d3	fadd.s	f19,f15,f29	 f15:0xcefff7de f29:0x4efff7de f19=0x00000000
     395475.000 ns	     39546	800082e8	02456833	rem	x16,x10,x4	 x10:0x1710d720  x4:0xffffffff x16=0x00000000
     395495.000 ns	     39548	800082ec	0dae4db7	lui	x27,0xdae4	 x27=0x0dae4000
     395505.000 ns	     39549	800082f0	e35de713	ori	x14,x27,-459	 x27:0x80000000 x14=0xfffffe35
     395525.000 ns	     39551	800082f4	e00e1a53	fclass.s	x20,f28	 f28:0x4db886b9 x20=0x00000040
     395555.000 ns	     39554	800082f8	c00d02d3	fcvt.w.s	x5,f26	 f26:0x3f800000  x5=0x00000001
     395575.000 ns	     39556	800082fc	c55deb13	ori	x22,x27,-939	 x27:0x0dae4000 x22=0xfffffc55
     395585.000 ns	     39557	80008300	0076ea33	or	x20,x13,x7	 x13:0x80000000  x7:0x00000001 x20=0x80000001
     395595.000 ns	     39558	80008304	002ef6b3	and	x13,x29,x2	 x29:0xcefff7de  x2:0x00000000 x13=0x00000000
     395605.000 ns	     39559	80008308	011993b3	sll	x7,x19,x17	 x19:0x1710d712 x17:0x80040fe4  x7=0x710d7120
     395615.000 ns	     39560	8000830c	39b2be13	sltiu	x28,x5,923	  x5:0x00000001 x28=0x00000001
     395625.000 ns	     39561	80008310	81018d13	addi	x26,x3,-2032	  x3:0x80040fe5 x26=0x800407f5
     395655.000 ns	     39564	80008314	580a3c53	fsqrt.s	f24,f20	 f20:0x7f800000 f24=0x7f800000
     395685.000 ns	     39567	80008318	d01172d3	fcvt.s.wu	f5,x2	  x2:0x00000000  f5=0x00000000
     395715.000 ns	     39570	8000831c	e00c97d3	fclass.s	x15,f25	 f25:0x7fc00000 x15=0x00000200
     395735.000 ns	     39572	80008320	10962b13	slti	x22,x12,265	 x12:0xfc800001 x22=0x00000001
     395745.000 ns	     39573	80008324	dfccca93	xori	x21,x25,-516	 x25:0x00000000 x21=0xfffffdfc
     395755.000 ns	     39574	80008328	10f7f113	andi	x2,x15,271	 x15:0x00000200  x2=0x00000000
     395775.000 ns	     39576	8000832c	f0058ed3	fmv.w.x	f29,x11	 x11:0x80041024 f29=0x80041024
     395805.000 ns	     39579	80008330	20920f53	fsgnj.s	f30,f4,f9	  f4:0xcefff7de  f9:0xcdd81008 f30=0xcefff7de
     395845.000 ns	     39583	80008334	183c9a53	fdiv.s	f20,f25,f3	 f25:0x7fc00000  f3:0x4efff7de f20=0x7fc00000
     395875.000 ns	     39586	80008338	a1788153	fle.s	x2,f17,f23	 f17:0x7fc00000 f23:0x7fc00000  x2=0x00000000
     395895.000 ns	     39588	8000833c	405851b3	sra	x3,x16,x5	 x16:0x00000000  x5:0x00000001  x3=0x00000000
     395925.000 ns	     39591	80008340	109cf8d3	fmul.s	f17,f25,f9	 f25:0x7fc00000  f9:0xcdd81008 f17=0x7fc00000
     395945.000 ns	     39593	80008344	0123d7b3	srl	x15,x7,x18	  x7:0x710d7120 x18:0x00000000 x15=0x710d7120
     395965.000 ns	     39595	80008348	c00c7753	fcvt.w.s	x14,f24	 f24:0x7f800000 x14=0x7fffffff
     395995.000 ns	     39598	8000834c	f0040553	fmv.w.x	f10,x8	  x8:0xf9dc7fd8 f10=0xf9dc7fd8
     396015.000 ns	     39600	80008350	01445eb3	srl	x29,x8,x20	  x8:0xf9dc7fd8 x20:0x80000001 x29=0x7cee3fec
     396025.000 ns	     39601	80008354	77cbb6b7	lui	x13,0x77cbb	 x13=0x77cbb000
     396035.000 ns	     39602	80008358	00fe5a33	srl	x20,x28,x15	 x28:0x00000001 x15:0x710d7120 x20=0x00000001
     396065.000 ns	     39605	8000835c	580f1653	fsqrt.s	f12,f30	 f30:0xcefff7de f12=0x7fc00000
     396105.000 ns	     39609	80008360	580137d3	fsqrt.s	f15,f2	  f2:0x7fc00000 f15=0x7fc00000
     396155.000 ns	     39614	80008364	004d0c53	fadd.s	f24,f26,f4	 f26:0x3f800000  f4:0xcefff7de f24=0xcefff7de
     396205.000 ns	     39619	80008368	09013153	fsub.s	f2,f2,f16	  f2:0x7fc00000 f16:0x7f800000  f2=0x7fc00000
     396245.000 ns	     39623	8000836c	117b8953	fmul.s	f18,f23,f23	 f23:0x7fc00000 f23:0x7fc00000 f18=0x7fc00000
     396285.000 ns	     39627	80008370	11597e53	fmul.s	f28,f18,f21	 f18:0x7f800000 f21:0xc9021000 f28=0x7fc00000
     396305.000 ns	     39629	80008374	96443c93	sltiu	x25,x8,-1692	  x8:0xf9dc7fd8 x25=0x00000001
     396665.000 ns	     39665	80008378	0245e733	rem	x14,x11,x4	 x11:0x80041024  x4:0xffffffff x14=0x00000000
     396685.000 ns	     39667	8000837c	40dd83b3	sub	x7,x27,x13	 x27:0x0dae4000 x13:0x77cbb000  x7=0x95e29000
     396695.000 ns	     39668	80008380	3ed64337	lui	x6,0x3ed64	  x6=0x3ed64000
     396705.000 ns	     39669	80008384	01265233	srl	x4,x12,x18	 x12:0xfc800001 x18:0x00000000  x4=0xfc800001
     396715.000 ns	     39670	80008388	9a784293	xori	x5,x16,-1625	 x16:0x00000000  x5=0xfffff9a7
     396745.000 ns	     39673	8000838c	18e51653	fdiv.s	f12,f10,f14	 f10:0xf9dc7fd8 f14:0x7fc00000 f12=0x7fc00000
     396775.000 ns	     39676	80008390	a0490c53	fle.s	x24,f18,f4	 f18:0x7fc00000  f4:0xcefff7de x24=0x00000000
     396805.000 ns	     39679	80008394	03285f33	divu	x30,x16,x18	 x16:0x00000000 x18:0x00000000 x30=0xffffffff
     396835.000 ns	     39682	80008398	a0c481d3	fle.s	x3,f9,f12	  f9:0xcdd81008 f12:0x7fc00000  x3=0x00000000
     396855.000 ns	     39684	8000839c	8bbe3113	sltiu	x2,x28,-1861	 x28:0x00000001  x2=0x00000001
     397215.000 ns	     39720	800083a0	03c1f133	remu	x2,x3,x28	  x3:0x00000000 x28:0x00000001  x2=0x00000000
     397585.000 ns	     39757	800083a4	028357b3	divu	x15,x6,x8	  x6:0x3ed64000  x8:0xf9dc7fd8 x15=0x00000000
     397625.000 ns	     39761	800083a8	58054b53	fsqrt.s	f22,f10	 f10:0xf9dc7fd8 f22=0x7fc00000
     397655.000 ns	     39764	800083ac	e00b8153	fmv.x.w	x2,f23	 f23:0x7fc00000  x2=0x7fc00000
     397675.000 ns	     39766	800083b0	32968b93	addi	x23,x13,809	 x13:0x77cbb000 x23=0x77cbb329
     397715.000 ns	     39770	800083b4	082e13d3	fsub.s	f7,f28,f2	 f28:0x7fc00000  f2:0x7fc00000  f7=0x7fc00000
     397745.000 ns	     39773	800083b8	a1ad0b53	fle.s	x22,f26,f26	 f26:0x3f800000 f26:0x3f800000 x22=0x00000001
     397775.000 ns	     39776	800083bc	030f6ab3	rem	x21,x30,x16	 x30:0xffffffff x16:0x00000000 x21=0xffffffff
     397805.000 ns	     39779	800083c0	e0041653	fclass.s	x12,f8	  f8:0x4efff7de x12=0x00000040
     398765.000 ns	     39875	800083c4	580447d3	fsqrt.s	f15,f8	  f8:0x4efff7de f15=0x473501cb
     398815.000 ns	     39880	800083c8	089688d3	fsub.s	f17,f13,f9	 f13:0xbf800000  f9:0xcdd81008 f17=0x4dd81008
     398845.000 ns	     39883	800083cc	c017fad3	fcvt.wu.s	x21,f15	 f15:0x473501cb x21=0x0000b501
     398865.000 ns	     39885	800083d0	22482193	slti	x3,x16,548	 x16:0x00000000  x3=0x00000001
     398885.000 ns	     39887	800083d4	d01d33d3	fcvt.s.wu	f7,x26	 x26:0x800407f5  f7=0x4f000408
     398905.000 ns	     39889	800083d8	404b5313	srai	x6,x22,0x4	 x22:0x00000001  x6=0x00000000
     398915.000 ns	     39890	800083dc	01461d93	slli	x27,x12,0x14	 x12:0x00000040 x27=0x04000000
     398925.000 ns	     39891	800083e0	004e5693	srli	x13,x28,0x4	 x28:0x00000001 x13=0x00000000
     398955.000 ns	     39894	800083e4	19b016d3	fdiv.s	f13,f0,f27	  f0:0xc9021000 f27:0x7fc00000 f13=0x7fc00000
     399325.000 ns	     39931	800083e8	02b9dcb3	divu	x25,x19,x11	 x19:0x1710d712 x11:0x80041024 x25=0x00000000
     399365.000 ns	     39935	800083ec	580638d3	fsqrt.s	f17,f12	 f12:0x7fc00000 f17=0x7fc00000
     399385.000 ns	     39937	800083f0	0003ae33	slt	x28,x7,x0	  x7:0x95e29000  x0:0x00000000 x28=0x00000001
     399405.000 ns	     39939	800083f4	d0017a53	fcvt.s.w	f20,x2	  x2:0x7fc00000 f20=0x4eff8000
     399455.000 ns	     39944	800083f8	080d2753	fsub.s	f14,f26,f0	 f26:0x3f800000  f0:0xc9021000 f14=0x49021010
     399795.000 ns	     39978	800083fc	19d44353	fdiv.s	f6,f8,f29	  f8:0x4efff7de f29:0x80041024  f6=0xff800000
     399815.000 ns	     39980	80008400	00ef9b93	slli	x23,x31,0xe	 x31:0x00000001 x23=0x00004000
     399835.000 ns	     39982	80008404	a0b00fd3	fle.s	x31,f0,f11	  f0:0xc9021000 f11:0x7fc00000 x31=0x00000000
     399855.000 ns	     39984	80008408	710b3793	sltiu	x15,x22,1808	 x22:0x00000001 x15=0x00000001
     399865.000 ns	     39985	8000840c	fe65b193	sltiu	x3,x11,-26	 x11:0x80041024  x3=0x00000001
     399875.000 ns	     39986	80008410	1f093393	sltiu	x7,x18,496	 x18:0x00000000  x7=0x00000001
     399895.000 ns	     39988	80008414	c016aed3	fcvt.wu.s	x29,f13	 f13:0x7fc00000 x29=0xffffffff
     400265.000 ns	     40025	80008418	03ac5733	divu	x14,x24,x26	 x24:0x00000000 x26:0x800407f5 x14=0x00000000
     400295.000 ns	     40028	8000841c	a15f87d3	fle.s	x15,f31,f21	 f31:0xdd257fee f21:0xc9021000 x15=0x00000001
     400315.000 ns	     40030	80008420	01845e13	srli	x28,x8,0x18	  x8:0xf9dc7fd8 x28=0x000000f9
     400325.000 ns	     40031	80008424	015dd3b3	srl	x7,x27,x21	 x27:0x04000000 x21:0x0000b501  x7=0x02000000
     400335.000 ns	     40032	80008428	f177cd13	xori	x26,x15,-233	 x15:0x00000001 x26=0xffffff16
     400355.000 ns	     40034	8000842c	200127d3	fsgnjx.s	f15,f2,f0	  f2:0x7fc00000  f0:0xc9021000 f15=0xffc00000
     400375.000 ns	     40036	80008430	2b28c713	xori	x14,x17,690	 x17:0x80040fe4 x14=0x80040d56
     400395.000 ns	     40038	80008434	03051cb3	mulh	x25,x10,x16	 x10:0x1710d720 x16:0x00000000 x25=0x00000000
     400415.000 ns	     40040	80008438	006a2233	slt	x4,x20,x6	 x20:0x00000001  x6:0x00000000  x4=0x00000000
     400775.000 ns	     40076	8000843c	0344d733	divu	x14,x9,x20	  x9:0x00000000 x20:0x00000001 x14=0x00000000
     400795.000 ns	     40078	80008440	cdc02f93	slti	x31,x0,-804	  x0:0x00000000 x31=0x00000000
     400815.000 ns	     40080	80008444	03e217b3	mulh	x15,x4,x30	  x4:0x00000000 x30:0xffffffff x15=0x00000000
     401185.000 ns	     40117	80008448	021b5833	divu	x16,x22,x1	 x22:0x00000001  x1:0x00000001 x16=0x00000001
     401205.000 ns	     40119	8000844c	00257eb3	and	x29,x10,x2	 x10:0x1710d720  x2:0x7fc00000 x29=0x17000000
     401565.000 ns	     40155	80008450	02285033	divu	x0,x16,x2	 x16:0x00000001  x2:0x7fc00000
     401605.000 ns	     40159	80008454	1038aed3	fmul.s	f29,f17,f3	 f17:0x7fc00000  f3:0x4efff7de f29=0x7fc00000
     401625.000 ns	     40161	80008458	00504333	xor	x6,x0,x5	  x0:0x00000000  x5:0xfffff9a7  x6=0xfffff9a7
     401635.000 ns	     40162	8000845c	002cd733	srl	x14,x25,x2	 x25:0x00000000  x2:0x7fc00000 x14=0x00000000
     401665.000 ns	     40165	80008460	580b8353	fsqrt.s	f6,f23	 f23:0x7fc00000  f6=0x7fc00000
     401695.000 ns	     40168	80008464	c018a4d3	fcvt.wu.s	x9,f17	 f17:0x7fc00000  x9=0xffffffff
     401735.000 ns	     40172	80008468	11cafed3	fmul.s	f29,f21,f28	 f21:0xc9021000 f28:0x7fc00000 f29=0x7fc00000
     401785.000 ns	     40177	8000846c	09fd7353	fsub.s	f6,f26,f31	 f26:0x3f800000 f31:0xdd257fee  f6=0x5d257fee
     401825.000 ns	     40181	80008470	19979453	fdiv.s	f8,f15,f25	 f15:0xffc00000 f25:0x7fc00000  f8=0x7fc00000
     401845.000 ns	     40183	80008474	0186d1b3	srl	x3,x13,x24	 x13:0x00000000 x24:0x00000000  x3=0x00000000
     401885.000 ns	     40187	80008478	01fbf1d3	fadd.s	f3,f23,f31	 f23:0x7fc00000 f31:0xdd257fee  f3=0x7fc00000
     401905.000 ns	     40189	8000847c	00000013	addi	x0,x0,0	  x0:0x00000000
     401915.000 ns	     40190	80008480	96619e17	auipc	x28,0x96619	 x28=0x16621480
     401935.000 ns	     40192	80008484	02ff8533	mul	x10,x31,x15	 x31:0x00000000 x15:0x00000000 x10=0x00000000
     401955.000 ns	     40194	80008488	01ef2833	slt	x16,x30,x30	 x30:0xffffffff x30:0xffffffff x16=0x00000000
     401965.000 ns	     40195	8000848c	0055d413	srli	x8,x11,0x5	 x11:0x80041024  x8=0x04002081
     401985.000 ns	     40197	80008490	c00efc53	fcvt.w.s	x24,f29	 f29:0x7fc00000 x24=0x7fffffff
     402015.000 ns	     40200	80008494	031fba33	mulhu	x20,x31,x17	 x31:0x00000000 x17:0x80040fe4 x20=0x00000000
     402035.000 ns	     40202	80008498	008adf13	srli	x30,x21,0x8	 x21:0x0000b501 x30=0x000000b5
     402045.000 ns	     40203	8000849c	0035bfb3	sltu	x31,x11,x3	 x11:0x80041024  x3:0x00000000 x31=0x00000000
     402055.000 ns	     40204	800084a0	419dddb3	sra	x27,x27,x25	 x27:0x04000000 x25:0x00000000 x27=0x04000000
     402075.000 ns	     40206	800084a4	21d30ed3	fsgnj.s	f29,f6,f29	  f6:0x5d257fee f29:0x7fc00000 f29=0x5d257fee
     402105.000 ns	     40209	800084a8	03c1bd33	mulhu	x26,x3,x28	  x3:0x00000000 x28:0x16621480 x26=0x00000000
     402135.000 ns	     40212	800084ac	d014f1d3	fcvt.s.wu	f3,x9	  x9:0xffffffff  f3=0x4f7fffff
     402155.000 ns	     40214	800084b0	95c52a93	slti	x21,x10,-1700	 x10:0x00000000 x21=0x00000000
     402165.000 ns	     40215	800084b4	478ffc13	andi	x24,x31,1144	 x31:0x00000000 x24=0x00000000
     402495.000 ns	     40248	800084b8	184ab7d3	fdiv.s	f15,f21,f4	 f21:0xc9021000  f4:0xcefff7de f15=0x39821000
     402515.000 ns	     40250	800084bc	9397b113	sltiu	x2,x15,-1735	 x15:0x00000000  x2=0x00000001
     402525.000 ns	     40251	800084c0	00f5e133	or	x2,x11,x15	 x11:0x80041024 x15:0x00000000  x2=0x80041024
     402545.000 ns	     40253	800084c4	c002bd53	fcvt.w.s	x26,f5	  f5:0x00000000 x26=0x00000000
     402575.000 ns	     40256	800084c8	03b5a833	mulhsu	x16,x11,x27	 x11:0x80041024 x27:0x04000000 x16=0xfe001040
     402595.000 ns	     40258	800084cc	f4a59e17	auipc	x28,0xf4a59	 x28=0x74a614cc
     402605.000 ns	     40259	800084d0	41e70333	sub	x6,x14,x30	 x14:0x00000000 x30:0x000000b5  x6=0xffffff4b
     402615.000 ns	     40260	800084d4	f5424113	xori	x2,x4,-172	  x4:0x00000000  x2=0xffffff54
     402625.000 ns	     40261	800084d8	0105f2b3	and	x5,x11,x16	 x11:0x80041024 x16:0xfe001040  x5=0x80001000
     402635.000 ns	     40262	800084dc	00000013	addi	x0,x0,0	  x0:0x00000000
     402665.000 ns	     40265	800084e0	11833c53	fmul.s	f24,f6,f24	  f6:0x5d257fee f24:0xcefff7de f24=0xeca57aac
     402685.000 ns	     40267	800084e4	8e2c4713	xori	x14,x24,-1822	 x24:0x00000000 x14=0xfffff8e2
     402695.000 ns	     40268	800084e8	91da7c97	auipc	x25,0x91da7	 x25=0x11daf4e8
     402715.000 ns	     40270	800084ec	034ed833	divu	x16,x29,x20	 x29:0x17000000 x20:0x00000000 x16=0xffffffff
     402745.000 ns	     40273	800084f0	e00d1ed3	fclass.s	x29,f26	 f26:0x3f800000 x29=0x00000040
     402765.000 ns	     40275	800084f4	00000013	addi	x0,x0,0	  x0:0x00000000
     402795.000 ns	     40278	800084f8	18b87f53	fdiv.s	f30,f16,f11	 f16:0x7f800000 f11:0x7fc00000 f30=0x7fc00000
     402825.000 ns	     40281	800084fc	02a2db33	divu	x22,x5,x10	  x5:0x80001000 x10:0x00000000 x22=0xffffffff
     403195.000 ns	     40318	80008500	0363f533	remu	x10,x7,x22	  x7:0x02000000 x22:0x00000001 x10=0x02000000
     403215.000 ns	     40320	80008504	01da9b13	slli	x22,x21,0x1d	 x21:0x00000000 x22=0x00000000
     403225.000 ns	     40321	80008508	01012b33	slt	x22,x2,x16	  x2:0xffffff54 x16:0xffffffff x22=0x00000001
     403235.000 ns	     40322	8000850c	014b46b3	xor	x13,x22,x20	 x22:0xffffffff x20:0x00000000 x13=0x00000001
     403255.000 ns	     40324	80008510	d0017dd3	fcvt.s.w	f27,x2	  x2:0xffffff54 f27=0xc32c0000
     403305.000 ns	     40329	80008514	014f1253	fadd.s	f4,f30,f20	 f30:0x7fc00000 f20:0x4eff8000  f4=0x7fc00000
     404485.000 ns	     40447	80008518	580a7453	fsqrt.s	f8,f20	 f20:0x4eff8000  f8=0x4734d769
     404505.000 ns	     40449	8000851c	00000013	addi	x0,x0,0	  x0:0x00000000
     404515.000 ns	     40450	80008520	0108df93	srli	x31,x17,0x10	 x17:0x80040fe4 x31=0x00008004
     404535.000 ns	     40452	80008524	d0147453	fcvt.s.wu	f8,x8	  x8:0x04002081  f8=0x4c800410
     404565.000 ns	     40455	80008528	a18d20d3	feq.s	x1,f26,f24	 f26:0x3f800000 f24:0xeca57aac  x1=0x00000000
     404585.000 ns	     40457	8000852c	26d22913	slti	x18,x4,621	  x4:0x00000000 x18=0x00000001
     404595.000 ns	     40458	80008530	01be4bb3	xor	x23,x28,x27	 x28:0x74a614cc x27:0x04000000 x23=0x70a614cc
     404615.000 ns	     40460	80008534	a06f2753	feq.s	x14,f30,f6	 f30:0x7fc00000  f6:0x5d257fee x14=0x00000000
     404635.000 ns	     40462	80008538	65f0ae93	slti	x29,x1,1631	  x1:0x00000000 x29=0x00000001
     404655.000 ns	     40464	8000853c	29939053	fmax.s	f0,f7,f25	  f7:0x4f000408 f25:0x7fc00000  f0=0x4f000408
     404685.000 ns	     40467	80008540	f0000cd3	fmv.w.x	f25,x0	  x0:0x00000000 f25=0x00000000
     404715.000 ns	     40470	80008544	e00b1b53	fclass.s	x22,f22	 f22:0x7fc00000 x22=0x00000200
     404745.000 ns	     40473	80008548	e0088b53	fmv.x.w	x22,f17	 f17:0x7fc00000 x22=0x7fc00000
     404765.000 ns	     40475	8000854c	41a35233	sra	x4,x6,x26	  x6:0xffffff4b x26:0x00000000  x4=0xffffff4b
     404775.000 ns	     40476	80008550	5d360037	lui	x0,0x5d360	
     404785.000 ns	     40477	80008554	01a66fb3	or	x31,x12,x26	 x12:0x00000040 x26:0x00000000 x31=0x00000040
     404825.000 ns	     40481	80008558	01d9f3d3	fadd.s	f7,f19,f29	 f19:0x00000000 f29:0x5d257fee  f7=0x5d257fee
     404875.000 ns	     40486	8000855c	08b2f7d3	fsub.s	f15,f5,f11	  f5:0x00000000 f11:0x7fc00000 f15=0x7fc00000
     404905.000 ns	     40489	80008560	21c900d3	fsgnj.s	f1,f18,f28	 f18:0x7fc00000 f28:0x7fc00000  f1=0x7fc00000
     404925.000 ns	     40491	80008564	0026adb3	slt	x27,x13,x2	 x13:0x00000001  x2:0xffffff54 x27=0x00000000
     404935.000 ns	     40492	80008568	623d7c13	andi	x24,x26,1571	 x26:0x00000000 x24=0x00000000
     404945.000 ns	     40493	8000856c	002fffb3	and	x31,x31,x2	 x31:0x00000040  x2:0xffffff54 x31=0x00000040
     404955.000 ns	     40494	80008570	4190dd33	sra	x26,x1,x25	  x1:0x00000000 x25:0x11daf4e8 x26=0x00000000
     405315.000 ns	     40530	80008574	0309e333	rem	x6,x19,x16	 x19:0x1710d712 x16:0xffffffff  x6=0x00000000
     405345.000 ns	     40533	80008578	20318ad3	fsgnj.s	f21,f3,f3	  f3:0x4f7fffff  f3:0x4f7fffff f21=0x4f7fffff
     405395.000 ns	     40538	8000857c	013f1553	fadd.s	f10,f30,f19	 f30:0x7fc00000 f19:0x00000000 f10=0x7fc00000
     405425.000 ns	     40541	80008580	02ca3933	mulhu	x18,x20,x12	 x20:0x00000000 x12:0x00000040 x18=0x00000000
     405455.000 ns	     40544	80008584	02b68733	mul	x14,x13,x11	 x13:0x00000001 x11:0x80041024 x14=0x80041024
     405495.000 ns	     40548	80008588	1845b4d3	fdiv.s	f9,f11,f4	 f11:0x7fc00000  f4:0x7fc00000  f9=0x7fc00000
     405525.000 ns	     40551	8000858c	a0b91953	flt.s	x18,f18,f11	 f18:0x7fc00000 f11:0x7fc00000 x18=0x00000000
     405555.000 ns	     40554	80008590	2167af53	fsgnjx.s	f30,f15,f22	 f15:0x7fc00000 f22:0x7fc00000 f30=0x7fc00000
     405605.000 ns	     40559	80008594	0065a3d3	fadd.s	f7,f11,f6	 f11:0x7fc00000  f6:0x5d257fee  f7=0x7fc00000
     405635.000 ns	     40562	80008598	d00b73d3	fcvt.s.w	f7,x22	 x22:0x7fc00000  f7=0x4eff8000
     405655.000 ns	     40564	8000859c	004bce33	xor	x28,x23,x4	 x23:0x70a614cc  x4:0xffffff4b x28=0x8f59eb87
     405675.000 ns	     40566	800085a0	c005fdd3	fcvt.w.s	x27,f11	 f11:0x7fc00000 x27=0x7fffffff
     406045.000 ns	     40603	800085a4	03b752b3	divu	x5,x14,x27	 x14:0x80041024 x27:0x00000000  x5=0x00000001
     406095.000 ns	     40608	800085a8	00a2ffd3	fadd.s	f31,f5,f10	  f5:0x00000000 f10:0x7fc00000 f31=0x7fc00000
     406125.000 ns	     40611	800085ac	20468fd3	fsgnj.s	f31,f13,f4	 f13:0x7fc00000  f4:0x7fc00000 f31=0x7fc00000
     406155.000 ns	     40614	800085b0	03eaa433	mulhsu	x8,x21,x30	 x21:0x00000000 x30:0x000000b5  x8=0x00000000
     406185.000 ns	     40617	800085b4	02327ab3	remu	x21,x4,x3	  x4:0xffffff4b  x3:0x00000000 x21=0xffffff4b
     406215.000 ns	     40620	800085b8	21d780d3	fsgnj.s	f1,f15,f29	 f15:0x7fc00000 f29:0x5d257fee  f1=0x7fc00000
     406235.000 ns	     40622	800085bc	40040733	sub	x14,x8,x0	  x8:0x00000000  x0:0x00000000 x14=0x00000000
     406245.000 ns	     40623	800085c0	01935513	srli	x10,x6,0x19	  x6:0x00000000 x10=0x00000000
     406255.000 ns	     40624	800085c4	00f4d393	srli	x7,x9,0xf	  x9:0xffffffff  x7=0x0001ffff
     406275.000 ns	     40626	800085c8	f0050fd3	fmv.w.x	f31,x10	 x10:0x02000000 f31=0x00000000
     406295.000 ns	     40628	800085cc	01fdb293	sltiu	x5,x27,31	 x27:0x7fffffff  x5=0x00000000
     406655.000 ns	     40664	800085d0	036e4bb3	div	x23,x28,x22	 x28:0x8f59eb87 x22:0x7fc00000 x23=0x00000000
     406675.000 ns	     40666	800085d4	19eab693	sltiu	x13,x21,414	 x21:0xffffff4b x13=0x00000000
     406685.000 ns	     40667	800085d8	6b4811b7	lui	x3,0x6b481	  x3=0x6b481000
     406705.000 ns	     40669	800085dc	d01e7853	fcvt.s.wu	f16,x28	 x28:0x8f59eb87 f16=0x4f0f59eb
     406725.000 ns	     40671	800085e0	784b3713	sltiu	x14,x22,1924	 x22:0x7fc00000 x14=0x00000000
     406735.000 ns	     40672	800085e4	0c58ec13	ori	x24,x17,197	 x17:0x80040fe4 x24=0x80040fe5
     406755.000 ns	     40674	800085e8	a0f69053	flt.s	x0,f13,f15	 f13:0x7fc00000 f15:0x7fc00000
     406775.000 ns	     40676	800085ec	61aab213	sltiu	x4,x21,1562	 x21:0xffffff4b  x4=0x00000000
     406795.000 ns	     40678	800085f0	e00c0ed3	fmv.x.w	x29,f24	 f24:0xeca57aac x29=0xeca57aac
     406825.000 ns	     40681	800085f4	a05d11d3	flt.s	x3,f26,f5	 f26:0x3f800000  f5:0x00000000  x3=0x00000000
     406855.000 ns	     40684	800085f8	03042233	mulhsu	x4,x8,x16	  x8:0x00000000 x16:0xffffffff  x4=0x00000000
     406905.000 ns	     40689	800085fc	00af7fd3	fadd.s	f31,f30,f10	 f30:0x7fc00000 f10:0x7fc00000 f31=0x7fc00000
     406925.000 ns	     40691	80008600	406d8bb3	sub	x23,x27,x6	 x27:0x7fffffff  x6:0x00000000 x23=0x7fffffff
     406965.000 ns	     40695	80008604	002eaf53	fadd.s	f30,f29,f2	 f29:0x5d257fee  f2:0x7fc00000 f30=0x7fc00000
     406995.000 ns	     40698	80008608	0215f2b3	remu	x5,x11,x1	 x11:0x80041024  x1:0x00000000  x5=0x80041024
     407025.000 ns	     40701	8000860c	29b296d3	fmax.s	f13,f5,f27	  f5:0x00000000 f27:0xc32c0000 f13=0x00000000
     407055.000 ns	     40704	80008610	28451cd3	fmax.s	f25,f10,f4	 f10:0x7fc00000  f4:0x7fc00000 f25=0x7fc00000
     407085.000 ns	     40707	80008614	a0dc8a53	fle.s	x20,f25,f13	 f25:0x00000000 f13:0x00000000 x20=0x00000000
     407115.000 ns	     40710	80008618	28061453	fmax.s	f8,f12,f0	 f12:0x7fc00000  f0:0x4f000408  f8=0x4f000408
     407145.000 ns	     40713	8000861c	e0028fd3	fmv.x.w	x31,f5	  f5:0x00000000 x31=0x00000000
     407175.000 ns	     40716	80008620	c01c33d3	fcvt.wu.s	x7,f24	 f24:0xeca57aac  x7=0x00000000
     407195.000 ns	     40718	80008624	0005b6b3	sltu	x13,x11,x0	 x11:0x80041024  x0:0x00000000 x13=0x00000000
     407205.000 ns	     40719	80008628	00351a13	slli	x20,x10,0x3	 x10:0x00000000 x20=0x00000000
     407215.000 ns	     40720	8000862c	4fb57a13	andi	x20,x10,1275	 x10:0x00000000 x20=0x00000000
     407225.000 ns	     40721	80008630	00000013	addi	x0,x0,0	  x0:0x00000000
     407235.000 ns	     40722	80008634	5ebcf817	auipc	x16,0x5ebcf	 x16=0xdebd7634
     407245.000 ns	     40723	80008638	51312a93	slti	x21,x2,1299	  x2:0xffffff54 x21=0x00000001
     407255.000 ns	     40724	8000863c	415d5913	srai	x18,x26,0x15	 x26:0x00000000 x18=0x00000000
     407275.000 ns	     40726	80008640	02a034b3	mulhu	x9,x0,x10	  x0:0x00000000 x10:0x00000000  x9=0x00000000
     407645.000 ns	     40763	80008644	02bd5733	divu	x14,x26,x11	 x26:0x00000000 x11:0x80041024 x14=0x00000000
     407675.000 ns	     40766	80008648	0231b733	mulhu	x14,x3,x3	  x3:0x00000000  x3:0x00000000 x14=0x00000000
     407695.000 ns	     40768	8000864c	c4b7c713	xori	x14,x15,-949	 x15:0x00000000 x14=0xfffffc4b
     407725.000 ns	     40771	80008650	5807ced3	fsqrt.s	f29,f15	 f15:0x7fc00000 f29=0x7fc00000
     407755.000 ns	     40774	80008654	282c04d3	fmin.s	f9,f24,f2	 f24:0xeca57aac  f2:0x7fc00000  f9=0xeca57aac
     407775.000 ns	     40776	80008658	01730233	add	x4,x6,x23	  x6:0x00000000 x23:0x7fffffff  x4=0x7fffffff
     407785.000 ns	     40777	8000865c	00af0c33	add	x24,x30,x10	 x30:0x000000b5 x10:0x00000000 x24=0x000000b5
     407795.000 ns	     40778	80008660	0155ce33	xor	x28,x11,x21	 x11:0x80041024 x21:0x00000001 x28=0x80041025
     407805.000 ns	     40779	80008664	00eefe33	and	x28,x29,x14	 x29:0xeca57aac x14:0xfffffc4b x28=0xeca57808
     407815.000 ns	     40780	80008668	cff606b7	lui	x13,0xcff60	 x13=0xcff60000
     407835.000 ns	     40782	8000866c	e0081653	fclass.s	x12,f16	 f16:0x4f0f59eb x12=0x00000040
     407855.000 ns	     40784	80008670	e6c3fa93	andi	x21,x7,-404	  x7:0x00000000 x21=0x00000000
     407875.000 ns	     40786	80008674	030c8133	mul	x2,x25,x16	 x25:0x11daf4e8 x16:0xdebd7634  x2=0x8ca4af20
     407905.000 ns	     40789	80008678	d00a2153	fcvt.s.w	f2,x20	 x20:0x00000000  f2=0x00000000
     407935.000 ns	     40792	8000867c	a06204d3	fle.s	x9,f4,f6	  f4:0x7fc00000  f6:0x5d257fee  x9=0x00000000
     407965.000 ns	     40795	80008680	d01c7353	fcvt.s.wu	f6,x24	 x24:0x000000b5  f6=0x43350000
     408015.000 ns	     40800	80008684	084cfad3	fsub.s	f21,f25,f4	 f25:0x7fc00000  f4:0x7fc00000 f21=0x7fc00000
     408045.000 ns	     40803	80008688	a04f1753	flt.s	x14,f30,f4	 f30:0x7fc00000  f4:0x7fc00000 x14=0x00000000
     408065.000 ns	     40805	8000868c	01a57bb3	and	x23,x10,x26	 x10:0x00000000 x26:0x00000000 x23=0x00000000
     408075.000 ns	     40806	80008690	d36ecc13	xori	x24,x29,-714	 x29:0xeca57aac x24=0x135a879a
     408085.000 ns	     40807	80008694	addbfb13	andi	x22,x23,-1315	 x23:0x7fffffff x22=0x00000000
     408095.000 ns	     40808	80008698	55fa2097	auipc	x1,0x55fa2	  x1=0xd5faa698
     408105.000 ns	     40809	8000869c	01195b13	srli	x22,x18,0x11	 x18:0x00000000 x22=0x00000000
     408125.000 ns	     40811	800086a0	21cb2953	fsgnjx.s	f18,f22,f28	 f22:0x7fc00000 f28:0x7fc00000 f18=0x7fc00000
     408145.000 ns	     40813	800086a4	00f20433	add	x8,x4,x15	  x4:0x7fffffff x15:0x00000000  x8=0x7fffffff
     408165.000 ns	     40815	800086a8	02cd9433	mulh	x8,x27,x12	 x27:0x7fffffff x12:0x00000040  x8=0x0000001f
     408185.000 ns	     40817	800086ac	01404f33	xor	x30,x0,x20	  x0:0x00000000 x20:0x00000000 x30=0x00000000
     408205.000 ns	     40819	800086b0	c0160b53	fcvt.wu.s	x22,f12	 f12:0x7fc00000 x22=0xffffffff
     408225.000 ns	     40821	800086b4	cc83a413	slti	x8,x7,-824	  x7:0x00000000  x8=0x00000000
     408235.000 ns	     40822	800086b8	805ba913	slti	x18,x23,-2043	 x23:0x00000000 x18=0x00000000
     408245.000 ns	     40823	800086bc	00c47a33	and	x20,x8,x12	  x8:0x0000001f x12:0x00000040 x20=0x00000000
     408265.000 ns	     40825	800086c0	03639ab3	mulh	x21,x7,x22	  x7:0x00000000 x22:0xffffffff x21=0x00000000
     408285.000 ns	     40827	800086c4	41978f33	sub	x30,x15,x25	 x15:0x00000000 x25:0x11daf4e8 x30=0xee250b18
     408305.000 ns	     40829	800086c8	03d90833	mul	x16,x18,x29	 x18:0x00000000 x29:0xeca57aac x16=0x00000000
     408325.000 ns	     40831	800086cc	41eada13	srai	x20,x21,0x1e	 x21:0x00000000 x20=0x00000000
     408335.000 ns	     40832	800086d0	014b5b93	srli	x23,x22,0x14	 x22:0xffffffff x23=0x00000fff
     408345.000 ns	     40833	800086d4	017040b3	xor	x1,x0,x23	  x0:0x00000000 x23:0x00000000  x1=0x00000fff
     408355.000 ns	     40834	800086d8	7512bb97	auipc	x23,0x7512b	 x23=0xf51336d8
     408365.000 ns	     40835	800086dc	00000013	addi	x0,x0,0	  x0:0x00000000
     408375.000 ns	     40836	800086e0	41f38eb3	sub	x29,x7,x31	  x7:0x00000000 x31:0x00000000 x29=0x00000000
     408385.000 ns	     40837	800086e4	006532b3	sltu	x5,x10,x6	 x10:0x00000000  x6:0x00000000  x5=0x00000000
     408395.000 ns	     40838	800086e8	ea08ee93	ori	x29,x17,-352	 x17:0x80040fe4 x29=0xffffffe4
     408415.000 ns	     40840	800086ec	03a29cb3	mulh	x25,x5,x26	  x5:0x80041024 x26:0x00000000 x25=0x00000000
     408445.000 ns	     40843	800086f0	c01e9f53	fcvt.wu.s	x30,f29	 f29:0x7fc00000 x30=0xffffffff
     408465.000 ns	     40845	800086f4	8146ff17	auipc	x30,0x8146f	 x30=0x014776f4
     408485.000 ns	     40847	800086f8	02340db3	mul	x27,x8,x3	  x8:0x00000000  x3:0x00000000 x27=0x00000000
     408515.000 ns	     40850	800086fc	02334833	div	x16,x6,x3	  x6:0x00000000  x3:0x00000000 x16=0xffffffff
     408535.000 ns	     40852	80008700	00e10eb3	add	x29,x2,x14	  x2:0x8ca4af20 x14:0x00000000 x29=0x8ca4af20
     408545.000 ns	     40853	80008704	16b04213	xori	x4,x0,363	  x0:0x00000000  x4=0x0000016b
     408585.000 ns	     40857	80008708	08c10f53	fsub.s	f30,f2,f12	  f2:0x00000000 f12:0x7fc00000 f30=0x7fc00000
     408955.000 ns	     40894	8000870c	024753b3	divu	x7,x14,x4	 x14:0x00000000  x4:0x7fffffff  x7=0x00000000
     408985.000 ns	     40897	80008710	c00b21d3	fcvt.w.s	x3,f22	 f22:0x7fc00000  x3=0x7fffffff
     409005.000 ns	     40899	80008714	00000013	addi	x0,x0,0	  x0:0x00000000
     409025.000 ns	     40901	80008718	a1038fd3	fle.s	x31,f7,f16	  f7:0x4eff8000 f16:0x4f0f59eb x31=0x00000001
     409045.000 ns	     40903	8000871c	12e8c517	auipc	x10,0x12e8c	 x10=0x92e9471c
     409055.000 ns	     40904	80008720	038dd7b7	lui	x15,0x38dd	 x15=0x038dd000
     409065.000 ns	     40905	80008724	41485933	sra	x18,x16,x20	 x16:0xffffffff x20:0x00000000 x18=0xffffffff
     409075.000 ns	     40906	80008728	409c5533	sra	x10,x24,x9	 x24:0x135a879a  x9:0x00000000 x10=0x135a879a
     409085.000 ns	     40907	8000872c	00000013	addi	x0,x0,0	  x0:0x00000000
     409095.000 ns	     40908	80008730	0026aeb3	slt	x29,x13,x2	 x13:0xcff60000  x2:0x8ca4af20 x29=0x00000000
     409125.000 ns	     40911	80008734	19d27ed3	fdiv.s	f29,f4,f29	  f4:0x7fc00000 f29:0x7fc00000 f29=0x7fc00000
     409155.000 ns	     40914	80008738	28a51a53	fmax.s	f20,f10,f10	 f10:0x7fc00000 f10:0x7fc00000 f20=0x7fc00000
     409195.000 ns	     40918	8000873c	1844a5d3	fdiv.s	f11,f9,f4	  f9:0xeca57aac  f4:0x7fc00000 f11=0x7fc00000
     409215.000 ns	     40920	80008740	0c33e493	ori	x9,x7,195	  x7:0x00000000  x9=0x000000c3
     409235.000 ns	     40922	80008744	c00b41d3	fcvt.w.s	x3,f22	 f22:0x7fc00000  x3=0x7fffffff
     409265.000 ns	     40925	80008748	d00009d3	fcvt.s.w	f19,x0	  x0:0x00000000 f19=0x00000000
     409285.000 ns	     40927	8000874c	00000013	addi	x0,x0,0	  x0:0x00000000
     409295.000 ns	     40928	80008750	00a8c733	xor	x14,x17,x10	 x17:0x80040fe4 x10:0x135a879a x14=0x935e887e
     409315.000 ns	     40930	80008754	03935233	divu	x4,x6,x25	  x6:0x00000000 x25:0x00000000  x4=0xffffffff
     409345.000 ns	     40933	80008758	f0058f53	fmv.w.x	f30,x11	 x11:0x80041024 f30=0x80041024
     409365.000 ns	     40935	8000875c	41455e93	srai	x29,x10,0x14	 x10:0x135a879a x29=0x00000135
     409725.000 ns	     40971	80008760	03f1c0b3	div	x1,x3,x31	  x3:0x7fffffff x31:0x00000001  x1=0x7fffffff
     409755.000 ns	     40974	80008764	20ae0bd3	fsgnj.s	f23,f28,f10	 f28:0x7fc00000 f10:0x7fc00000 f23=0x7fc00000
     409775.000 ns	     40976	80008768	5aa08e13	addi	x28,x1,1450	  x1:0x7fffffff x28=0x800005a9
     410135.000 ns	     41012	8000876c	0339e3b3	rem	x7,x19,x19	 x19:0x1710d712 x19:0x1710d712  x7=0x00000000
     410165.000 ns	     41015	80008770	039d1333	mulh	x6,x26,x25	 x26:0x00000000 x25:0x00000000  x6=0x00000000
     410195.000 ns	     41018	80008774	02640033	mul	x0,x8,x6	  x8:0x00000000  x6:0x00000000
     410215.000 ns	     41020	80008778	70810f93	addi	x31,x2,1800	  x2:0x8ca4af20 x31=0x8ca4b628
     410235.000 ns	     41022	8000877c	e0030653	fmv.x.w	x12,f6	  f6:0x43350000 x12=0x43350000
     410265.000 ns	     41025	80008780	20d82953	fsgnjx.s	f18,f16,f13	 f16:0x4f0f59eb f13:0x00000000 f18=0x4f0f59eb
     410295.000 ns	     41028	80008784	d0133153	fcvt.s.wu	f2,x6	  x6:0x00000000  f2=0x00000000
     410315.000 ns	     41030	80008788	011d8bb3	add	x23,x27,x17	 x27:0x00000000 x17:0x80040fe4 x23=0x80040fe4
     410335.000 ns	     41032	8000878c	02ee04b3	mul	x9,x28,x14	 x28:0x800005a9 x14:0x935e887e  x9=0x2212912e
     410365.000 ns	     41035	80008790	207e9ed3	fsgnjn.s	f29,f29,f7	 f29:0x7fc00000  f7:0x4eff8000 f29=0xffc00000
     410385.000 ns	     41037	80008794	10558a17	auipc	x20,0x10558	 x20=0x90560794
     410405.000 ns	     41039	80008798	217880d3	fsgnj.s	f1,f17,f23	 f17:0x7fc00000 f23:0x7fc00000  f1=0x7fc00000
     410425.000 ns	     41041	8000879c	0087f933	and	x18,x15,x8	 x15:0x038dd000  x8:0x00000000 x18=0x00000000
     410445.000 ns	     41043	800087a0	211108d3	fsgnj.s	f17,f2,f17	  f2:0x00000000 f17:0x7fc00000 f17=0x00000000
     410495.000 ns	     41048	800087a4	015daad3	fadd.s	f21,f27,f21	 f27:0xc32c0000 f21:0x7fc00000 f21=0x7fc00000
     410515.000 ns	     41050	800087a8	0106f0b3	and	x1,x13,x16	 x13:0xcff60000 x16:0xffffffff  x1=0xcff60000
     410555.000 ns	     41054	800087ac	01d848d3	fadd.s	f17,f16,f29	 f16:0x4f0f59eb f29:0xffc00000 f17=0x7fc00000
     410575.000 ns	     41056	800087b0	1e31ceb7	lui	x29,0x1e31c	 x29=0x1e31c000
     410595.000 ns	     41058	800087b4	a1cc9753	flt.s	x14,f25,f28	 f25:0x7fc00000 f28:0x7fc00000 x14=0x00000000
     410625.000 ns	     41061	800087b8	a11ca453	feq.s	x8,f25,f17	 f25:0x7fc00000 f17:0x7fc00000  x8=0x00000000
     410655.000 ns	     41064	800087bc	c00cfdd3	fcvt.w.s	x27,f25	 f25:0x7fc00000 x27=0x7fffffff
     411025.000 ns	     41101	800087c0	029aea33	rem	x20,x21,x9	 x21:0x00000000  x9:0x2212912e x20=0x00000000
     411045.000 ns	     41103	800087c4	000a1eb3	sll	x29,x20,x0	 x20:0x90560794  x0:0x00000000 x29=0x00000000
     411065.000 ns	     41105	800087c8	20a714d3	fsgnjn.s	f9,f14,f10	 f14:0x49021010 f10:0x7fc00000  f9=0xc9021010
     411095.000 ns	     41108	800087cc	200c0453	fsgnj.s	f8,f24,f0	 f24:0xeca57aac  f0:0x4f000408  f8=0x6ca57aac
     411125.000 ns	     41111	800087d0	0292bf33	mulhu	x30,x5,x9	  x5:0x00000000  x9:0x2212912e x30=0x00000000
     411495.000 ns	     41148	800087d4	0227f1b3	remu	x3,x15,x2	 x15:0x038dd000  x2:0x8ca4af20  x3=0x038dd000
     411535.000 ns	     41152	800087d8	109b78d3	fmul.s	f17,f22,f9	 f22:0x7fc00000  f9:0xc9021010 f17=0x7fc00000
     411565.000 ns	     41155	800087dc	e0030fd3	fmv.x.w	x31,f6	  f6:0x43350000 x31=0x43350000
     411585.000 ns	     41157	800087e0	de7a3613	sltiu	x12,x20,-537	 x20:0x00000000 x12=0x00000001
     411595.000 ns	     41158	800087e4	c3184093	xori	x1,x16,-975	 x16:0xffffffff  x1=0x000003ce
     412765.000 ns	     41275	800087e8	58087ad3	fsqrt.s	f21,f16	 f16:0x4f0f59eb f21=0x46caba14
     412795.000 ns	     41278	800087ec	d00efd53	fcvt.s.w	f26,x29	 x29:0x00000000 f26=0x00000000
     412845.000 ns	     41283	800087f0	083da353	fsub.s	f6,f27,f3	 f27:0xc32c0000  f3:0x4f7fffff  f6=0xcf800000
     412885.000 ns	     41287	800087f4	185a3853	fdiv.s	f16,f20,f5	 f20:0x7fc00000  f5:0x00000000 f16=0x7fc00000
     412915.000 ns	     41290	800087f8	03ac3db3	mulhu	x27,x24,x26	 x24:0x135a879a x26:0x00000000 x27=0x00000000
     412935.000 ns	     41292	800087fc	50e18613	addi	x12,x3,1294	  x3:0x038dd000 x12=0x038dd50e
     412955.000 ns	     41294	80008800	e00a0dd3	fmv.x.w	x27,f20	 f20:0x7fc00000 x27=0x7fc00000
     412985.000 ns	     41297	80008804	d0054653	fcvt.s.w	f12,x10	 x10:0x135a879a f12=0x4d9ad43d
     413025.000 ns	     41301	80008808	10e3f753	fmul.s	f14,f7,f14	  f7:0x4eff8000 f14:0x49021010 f14=0x5881cf08
     413045.000 ns	     41303	8000880c	4155d393	srai	x7,x11,0x15	 x11:0x80041024  x7=0xfffffc00
     413075.000 ns	     41306	80008810	580980d3	fsqrt.s	f1,f19	 f19:0x00000000  f1=0x00000000
     413445.000 ns	     41343	80008814	02a46ab3	rem	x21,x8,x10	  x8:0x00000000 x10:0x135a879a x21=0x00000000
     413475.000 ns	     41346	80008818	a02aa3d3	feq.s	x7,f21,f2	 f21:0x46caba14  f2:0x00000000  x7=0x00000000
     413495.000 ns	     41348	8000881c	3df37a37	lui	x20,0x3df37	 x20=0x3df37000
     413515.000 ns	     41350	80008820	a0c11953	flt.s	x18,f2,f12	  f2:0x00000000 f12:0x4d9ad43d x18=0x00000001
     413545.000 ns	     41353	80008824	29bc0b53	fmin.s	f22,f24,f27	 f24:0xeca57aac f27:0xc32c0000 f22=0xeca57aac
     413575.000 ns	     41356	80008828	035c0db3	mul	x27,x24,x21	 x24:0x135a879a x21:0x00000000 x27=0x00000000
     413945.000 ns	     41393	8000882c	02bcff33	remu	x30,x25,x11	 x25:0x00000000 x11:0x80041024 x30=0x00000000
     413965.000 ns	     41395	80008830	002262b3	or	x5,x4,x2	  x4:0xffffffff  x2:0x8ca4af20  x5=0xffffffff
     413985.000 ns	     41397	80008834	d014c9d3	fcvt.s.wu	f19,x9	  x9:0x2212912e f19=0x4e084a45
     414005.000 ns	     41399	80008838	0178f333	and	x6,x17,x23	 x17:0x80040fe4 x23:0x80040fe4  x6=0x80040fe4
     414015.000 ns	     41400	8000883c	01d2d233	srl	x4,x5,x29	  x5:0xffffffff x29:0x00000000  x4=0xffffffff
     414035.000 ns	     41402	80008840	a1a02453	feq.s	x8,f0,f26	  f0:0x4f000408 f26:0x00000000  x8=0x00000000
     414405.000 ns	     41439	80008844	0343d7b3	divu	x15,x7,x20	  x7:0x00000000 x20:0x3df37000 x15=0x00000000
     414445.000 ns	     41443	80008848	580a7953	fsqrt.s	f18,f20	 f20:0x7fc00000 f18=0x7fc00000
     414475.000 ns	     41446	8000884c	03bee7b3	rem	x15,x29,x27	 x29:0x00000000 x27:0x00000000 x15=0x00000000
     414495.000 ns	     41448	80008850	00925133	srl	x2,x4,x9	  x4:0xffffffff  x9:0x2212912e  x2=0x0003ffff
     414505.000 ns	     41449	80008854	1deff213	andi	x4,x31,478	 x31:0x43350000  x4=0x00000000
     414515.000 ns	     41450	80008858	c7ee5a97	auipc	x21,0xc7ee5	 x21=0x47eed858
     414525.000 ns	     41451	8000885c	01e51533	sll	x10,x10,x30	 x10:0x135a879a x30:0x00000000 x10=0x135a879a
     414535.000 ns	     41452	80008860	00dbc833	xor	x16,x23,x13	 x23:0x80040fe4 x13:0xcff60000 x16=0x4ff20fe4
     414575.000 ns	     41456	80008864	09447853	fsub.s	f16,f8,f20	  f8:0x6ca57aac f20:0x7fc00000 f16=0x7fc00000
     414595.000 ns	     41458	80008868	0125db93	srli	x23,x11,0x12	 x11:0x80041024 x23=0x00002001
     414605.000 ns	     41459	8000886c	4000de93	srai	x29,x1,0x0	  x1:0x000003ce x29=0x000003ce
     414625.000 ns	     41461	80008870	20ae1853	fsgnjn.s	f16,f28,f10	 f28:0x7fc00000 f10:0x7fc00000 f16=0xffc00000
     414655.000 ns	     41464	80008874	c000f553	fcvt.w.s	x10,f1	  f1:0x00000000 x10=0x00000000
     414695.000 ns	     41468	80008878	114b1753	fmul.s	f14,f22,f20	 f22:0xeca57aac f20:0x7fc00000 f14=0x7fc00000
     414745.000 ns	     41473	8000887c	08dbf2d3	fsub.s	f5,f23,f13	 f23:0x7fc00000 f13:0x00000000  f5=0x7fc00000
     414795.000 ns	     41478	80008880	00ba39d3	fadd.s	f19,f20,f11	 f20:0x7fc00000 f11:0x7fc00000 f19=0x7fc00000
     414825.000 ns	     41481	80008884	d01c7d53	fcvt.s.wu	f26,x24	 x24:0x135a879a f26=0x4d9ad43c
     414855.000 ns	     41484	80008888	29611ad3	fmax.s	f21,f2,f22	  f2:0x00000000 f22:0xeca57aac f21=0x00000000
     414875.000 ns	     41486	8000888c	646c6d93	ori	x27,x24,1606	 x24:0x135a879a x27=0x135a87de
     414885.000 ns	     41487	80008890	00cf6733	or	x14,x30,x12	 x30:0x00000000 x12:0x038dd50e x14=0x038dd50e
     414905.000 ns	     41489	80008894	e00310d3	fclass.s	x1,f6	  f6:0xcf800000  x1=0x00000002
     414935.000 ns	     41492	80008898	a08b0153	fle.s	x2,f22,f8	 f22:0xeca57aac  f8:0x6ca57aac  x2=0x00000001
     414955.000 ns	     41494	8000889c	a2516f13	ori	x30,x2,-1499	  x2:0x0003ffff x30=0xfffffa25
     414995.000 ns	     41498	800088a0	0067f9d3	fadd.s	f19,f15,f6	 f15:0x7fc00000  f6:0xcf800000 f19=0x7fc00000
     415015.000 ns	     41500	800088a4	01f6c433	xor	x8,x13,x31	 x13:0xcff60000 x31:0x43350000  x8=0x8cc30000
     415045.000 ns	     41503	800088a8	1982c453	fdiv.s	f8,f5,f24	  f5:0x7fc00000 f24:0xeca57aac  f8=0x7fc00000
     415065.000 ns	     41505	800088ac	006b2d33	slt	x26,x22,x6	 x22:0xffffffff  x6:0x80040fe4 x26=0x00000000
     415085.000 ns	     41507	800088b0	290812d3	fmax.s	f5,f16,f16	 f16:0xffc00000 f16:0xffc00000  f5=0x7fc00000
     415455.000 ns	     41544	800088b4	03266533	rem	x10,x12,x18	 x12:0x038dd50e x18:0x00000001 x10=0x00000000
     415485.000 ns	     41547	800088b8	29a30a53	fmin.s	f20,f6,f26	  f6:0xcf800000 f26:0x4d9ad43c f20=0xcf800000
     415505.000 ns	     41549	800088bc	40425013	srai	x0,x4,0x4	  x4:0x00000000
     415515.000 ns	     41550	800088c0	0052a0b3	slt	x1,x5,x5	  x5:0xffffffff  x5:0xffffffff  x1=0x00000000
     415535.000 ns	     41552	800088c4	a1eba1d3	feq.s	x3,f23,f30	 f23:0x7fc00000 f30:0x80041024  x3=0x00000000
     415555.000 ns	     41554	800088c8	00301e13	slli	x28,x0,0x3	  x0:0x00000000 x28=0x00000000
     415915.000 ns	     41590	800088cc	02614733	div	x14,x2,x6	  x2:0x00000001  x6:0x80040fe4 x14=0x00000000
     415935.000 ns	     41592	800088d0	f53cc613	xori	x12,x25,-173	 x25:0x00000000 x12=0xffffff53
     415955.000 ns	     41594	800088d4	20e2a7d3	fsgnjx.s	f15,f5,f14	  f5:0x7fc00000 f14:0x7fc00000 f15=0x7fc00000
     415985.000 ns	     41597	800088d8	282f0c53	fmin.s	f24,f30,f2	 f30:0x80041024  f2:0x00000000 f24=0x80041024
     416005.000 ns	     41599	800088dc	0059bd33	sltu	x26,x19,x5	 x19:0x1710d712  x5:0xffffffff x26=0x00000001
     416025.000 ns	     41601	800088e0	c00c26d3	fcvt.w.s	x13,f24	 f24:0x80041024 x13=0x00000000
     417205.000 ns	     41719	800088e4	5803fc53	fsqrt.s	f24,f7	  f7:0x4eff8000 f24=0x4734d769
     417225.000 ns	     41721	800088e8	00013233	sltu	x4,x2,x0	  x2:0x00000001  x0:0x00000000  x4=0x00000000
     417245.000 ns	     41723	800088ec	a1fea453	feq.s	x8,f29,f31	 f29:0xffc00000 f31:0x7fc00000  x8=0x00000000
     417275.000 ns	     41726	800088f0	21d407d3	fsgnj.s	f15,f8,f29	  f8:0x7fc00000 f29:0xffc00000 f15=0xffc00000
     417645.000 ns	     41763	800088f4	038ee533	rem	x10,x29,x24	 x29:0x000003ce x24:0x135a879a x10=0x000003ce
     417675.000 ns	     41766	800088f8	c0007453	fcvt.w.s	x8,f0	  f0:0x4f000408  x8=0x7fffffff
     417705.000 ns	     41769	800088fc	a1230b53	fle.s	x22,f6,f18	  f6:0xcf800000 f18:0x7fc00000 x22=0x00000000
     417725.000 ns	     41771	80008900	01db1b13	slli	x22,x22,0x1d	 x22:0xffffffff x22=0x00000000
     417735.000 ns	     41772	80008904	405a0833	sub	x16,x20,x5	 x20:0x3df37000  x5:0xffffffff x16=0x3df37001
     417755.000 ns	     41774	80008908	a0ec8ad3	fle.s	x21,f25,f14	 f25:0x7fc00000 f14:0x7fc00000 x21=0x00000000
     417785.000 ns	     41777	8000890c	03eda233	mulhsu	x4,x27,x30	 x27:0x135a87de x30:0xfffffa25  x4=0x135a876c
     417805.000 ns	     41779	80008910	6f2db537	lui	x10,0x6f2db	 x10=0x6f2db000
     417815.000 ns	     41780	80008914	00000013	addi	x0,x0,0	  x0:0x00000000
     417825.000 ns	     41781	80008918	21d8cd13	xori	x26,x17,541	 x17:0x80040fe4 x26=0x80040df9
     417845.000 ns	     41783	8000891c	039f37b3	mulhu	x15,x30,x25	 x30:0xfffffa25 x25:0x00000000 x15=0x00000000
     417865.000 ns	     41785	80008920	00cb7a33	and	x20,x22,x12	 x22:0x00000000 x12:0xffffff53 x20=0x00000000
     417875.000 ns	     41786	80008924	008c5133	srl	x2,x24,x8	 x24:0x135a879a  x8:0x7fffffff  x2=0x00000000
     417885.000 ns	     41787	80008928	0188bab3	sltu	x21,x17,x24	 x17:0x80040fe4 x24:0x135a879a x21=0x00000000
     417895.000 ns	     41788	8000892c	40165313	srai	x6,x12,0x1	 x12:0xffffff53  x6=0xffffffa9
     417915.000 ns	     41790	80008930	291a8d53	fmin.s	f26,f21,f17	 f21:0x00000000 f17:0x7fc00000 f26=0x00000000
     417945.000 ns	     41793	80008934	a1f2a6d3	feq.s	x13,f5,f31	  f5:0x7fc00000 f31:0x7fc00000 x13=0x00000000
     417975.000 ns	     41796	80008938	288e0cd3	fmin.s	f25,f28,f8	 f28:0x7fc00000  f8:0x7fc00000 f25=0x7fc00000
     418005.000 ns	     41799	8000893c	f0020e53	fmv.w.x	f28,x4	  x4:0x135a876c f28=0x135a876c
     418025.000 ns	     41801	80008940	009b5a93	srli	x21,x22,0x9	 x22:0x00000000 x21=0x00000000
     418045.000 ns	     41803	80008944	29d90253	fmin.s	f4,f18,f29	 f18:0x7fc00000 f29:0xffc00000  f4=0x7fc00000
     418415.000 ns	     41840	80008948	0269edb3	rem	x27,x19,x6	 x19:0x1710d712  x6:0xffffffa9 x27=0x00000023
     418445.000 ns	     41843	8000894c	c01b73d3	fcvt.wu.s	x7,f22	 f22:0xeca57aac  x7=0x00000000
     418475.000 ns	     41846	80008950	03c22d33	mulhsu	x26,x4,x28	  x4:0x135a876c x28:0x00000000 x26=0x00000000
     418495.000 ns	     41848	80008954	00abe533	or	x10,x23,x10	 x23:0x00002001 x10:0x6f2db000 x10=0x6f2db001
     418515.000 ns	     41850	80008958	027211b3	mulh	x3,x4,x7	  x4:0x135a876c  x7:0x00000000  x3=0x00000000
     418545.000 ns	     41853	8000895c	d01a7153	fcvt.s.wu	f2,x20	 x20:0x00000000  f2=0x00000000
     418595.000 ns	     41858	80008960	00164dd3	fadd.s	f27,f12,f1	 f12:0x4d9ad43d  f1:0x00000000 f27=0x4d9ad43d
     418645.000 ns	     41863	80008964	08157bd3	fsub.s	f23,f10,f1	 f10:0x7fc00000  f1:0x00000000 f23=0x7fc00000
     418665.000 ns	     41865	80008968	00984c33	xor	x24,x16,x9	 x16:0x3df37001  x9:0x2212912e x24=0x1fe1e12f
     418675.000 ns	     41866	8000896c	00863533	sltu	x10,x12,x8	 x12:0xffffff53  x8:0x7fffffff x10=0x00000000
     418695.000 ns	     41868	80008970	e00784d3	fmv.x.w	x9,f15	 f15:0xffc00000  x9=0xffc00000
     418725.000 ns	     41871	80008974	d019a653	fcvt.s.wu	f12,x19	 x19:0x1710d712 f12=0x4db886b9
     418745.000 ns	     41873	80008978	3a973193	sltiu	x3,x14,937	 x14:0x00000000  x3=0x00000001
     418755.000 ns	     41874	8000897c	03039517	auipc	x10,0x3039	 x10=0x8304197c
     418765.000 ns	     41875	80008980	00729833	sll	x16,x5,x7	  x5:0xffffffff  x7:0x00000000 x16=0xffffffff
     418775.000 ns	     41876	80008984	d2b2c513	xori	x10,x5,-725	  x5:0xffffffff x10=0x000002d4
     418795.000 ns	     41878	80008988	a1672953	feq.s	x18,f14,f22	 f14:0x7fc00000 f22:0xeca57aac x18=0x00000000
     418815.000 ns	     41880	8000898c	8a8d7793	andi	x15,x26,-1880	 x26:0x00000000 x15=0x00000000
     419175.000 ns	     41916	80008990	02826d33	rem	x26,x4,x8	  x4:0x135a876c  x8:0x7fffffff x26=0x135a876c
     419205.000 ns	     41919	80008994	21810553	fsgnj.s	f10,f2,f24	  f2:0x00000000 f24:0x4734d769 f10=0x00000000
     419235.000 ns	     41922	80008998	026492b3	mulh	x5,x9,x6	  x9:0xffc00000  x6:0xffffffa9  x5=0x00000000
     419255.000 ns	     41924	8000899c	58449fb7	lui	x31,0x58449	 x31=0x58449000
     419265.000 ns	     41925	800089a0	00000013	addi	x0,x0,0	  x0:0x00000000
     419305.000 ns	     41929	800089a4	08adf5d3	fsub.s	f11,f27,f10	 f27:0x4d9ad43d f10:0x00000000 f11=0x4d9ad43d
     419325.000 ns	     41931	800089a8	eddb4b93	xori	x23,x22,-291	 x22:0x00000000 x23=0xfffffedd
     419335.000 ns	     41932	800089ac	012d0db3	add	x27,x26,x18	 x26:0x135a876c x18:0x00000000 x27=0x135a876c
     419355.000 ns	     41934	800089b0	02ab8433	mul	x8,x23,x10	 x23:0x00002001 x10:0x000002d4  x8=0xfffcc904
     419375.000 ns	     41936	800089b4	0071c133	xor	x2,x3,x7	  x3:0x00000001  x7:0x00000000  x2=0x00000001
     419385.000 ns	     41937	800089b8	402fd7b3	sra	x15,x31,x2	 x31:0x58449000  x2:0x00000000 x15=0x2c224800
     419395.000 ns	     41938	800089bc	00000013	addi	x0,x0,0	  x0:0x00000000
     419415.000 ns	     41940	800089c0	032261b3	rem	x3,x4,x18	  x4:0x135a876c x18:0x00000000  x3=0x135a876c
     419435.000 ns	     41942	800089c4	00cf1413	slli	x8,x30,0xc	 x30:0xfffffa25  x8=0xffa25000
     419455.000 ns	     41944	800089c8	f0068453	fmv.w.x	f8,x13	 x13:0x00000000  f8=0x00000000
     419485.000 ns	     41947	800089cc	03dd1ab3	mulh	x21,x26,x29	 x26:0x135a876c x29:0x000003ce x21=0x00000049
     419515.000 ns	     41950	800089d0	a03d0a53	fle.s	x20,f26,f3	 f26:0x00000000  f3:0x4f7fffff x20=0x00000001
     419535.000 ns	     41952	800089d4	01edfd33	and	x26,x27,x30	 x27:0x135a876c x30:0xfffffa25 x26=0x135a8224
     419555.000 ns	     41954	800089d8	02fb1933	mulh	x18,x22,x15	 x22:0x00000000 x15:0x2c224800 x18=0x00000000
     419575.000 ns	     41956	800089dc	40a2dd93	srai	x27,x5,0xa	  x5:0x00000000 x27=0x00000000
     419585.000 ns	     41957	800089e0	015bbdb3	sltu	x27,x23,x21	 x23:0xfffffedd x21:0x00000049 x27=0x00000000
     419595.000 ns	     41958	800089e4	af192693	slti	x13,x18,-1295	 x18:0x00000000 x13=0x00000000
     419955.000 ns	     41994	800089e8	02a6ef33	rem	x30,x13,x10	 x13:0x00000000 x10:0x000002d4 x30=0x00000000
     419975.000 ns	     41996	800089ec	00000013	addi	x0,x0,0	  x0:0x00000000
     419985.000 ns	     41997	800089f0	010d3333	sltu	x6,x26,x16	 x26:0x135a8224 x16:0xffffffff  x6=0x00000001
     420005.000 ns	     41999	800089f4	29cd8653	fmin.s	f12,f27,f28	 f27:0x4d9ad43d f28:0x135a876c f12=0x135a876c
     420025.000 ns	     42001	800089f8	00083eb3	sltu	x29,x16,x0	 x16:0xffffffff  x0:0x00000000 x29=0x00000000
     420035.000 ns	     42002	800089fc	41cd5b93	srai	x23,x26,0x1c	 x26:0x135a8224 x23=0x00000001
     420075.000 ns	     42006	80008a00	09e72f53	fsub.s	f30,f14,f30	 f14:0x7fc00000 f30:0x80041024 f30=0x7fc00000
     420095.000 ns	     42008	80008a04	01744fb3	xor	x31,x8,x23	  x8:0xffa25000 x23:0xfffffedd x31=0xffa25001
     420115.000 ns	     42010	80008a08	03c44eb3	div	x29,x8,x28	  x8:0xffa25000 x28:0x00000000 x29=0xffffffff
     420145.000 ns	     42013	80008a0c	c0127453	fcvt.wu.s	x8,f4	  f4:0x7fc00000  x8=0xffffffff
     420175.000 ns	     42016	80008a10	d01aa153	fcvt.s.wu	f2,x21	 x21:0x00000049  f2=0x42920000
     420195.000 ns	     42018	80008a14	97288093	addi	x1,x17,-1678	 x17:0x80040fe4  x1=0x80040956
     420215.000 ns	     42020	80008a18	02aa91b3	mulh	x3,x21,x10	 x21:0x00000049 x10:0x000002d4  x3=0x00000000
     420245.000 ns	     42023	80008a1c	f00c0cd3	fmv.w.x	f25,x24	 x24:0x1fe1e12f f25=0x1fe1e12f
     420275.000 ns	     42026	80008a20	0365aab3	mulhsu	x21,x11,x22	 x11:0x80041024 x22:0x00000000 x21=0x00000000
     420305.000 ns	     42029	80008a24	d01d7653	fcvt.s.wu	f12,x26	 x26:0x135a8224 f12=0x4d9ad411
     420325.000 ns	     42031	80008a28	6c60b513	sltiu	x10,x1,1734	  x1:0x80040956 x10=0x00000000
     420335.000 ns	     42032	80008a2c	00000013	addi	x0,x0,0	  x0:0x00000000
     420355.000 ns	     42034	80008a30	02a14a33	div	x20,x2,x10	  x2:0x00000001 x10:0x000002d4 x20=0xffffffff
     420725.000 ns	     42071	80008a34	0267c533	div	x10,x15,x6	 x15:0x2c224800  x6:0x00000001 x10=0x2c224800
     420765.000 ns	     42075	80008a38	58051553	fsqrt.s	f10,f10	 f10:0x00000000 f10=0x00000000
     420795.000 ns	     42078	80008a3c	038506b3	mul	x13,x10,x24	 x10:0x2c224800 x24:0x1fe1e12f x13=0x83933800
     420815.000 ns	     42080	80008a40	00f3c433	xor	x8,x7,x15	  x7:0x00000000 x15:0x2c224800  x8=0x2c224800
     420825.000 ns	     42081	80008a44	005cd233	srl	x4,x25,x5	 x25:0x00000000  x5:0x00000000  x4=0x00000000
     420845.000 ns	     42083	80008a48	28751053	fmax.s	f0,f10,f7	 f10:0x00000000  f7:0x4eff8000  f0=0x4eff8000
     420875.000 ns	     42086	80008a4c	021894b3	mulh	x9,x17,x1	 x17:0x80040fe4  x1:0x80040956  x9=0x3ffbf373
     420905.000 ns	     42089	80008a50	a130ab53	feq.s	x22,f1,f19	  f1:0x00000000 f19:0x7fc00000 x22=0x00000000
     420925.000 ns	     42091	80008a54	01066033	or	x0,x12,x16	 x12:0xffffff53 x16:0xffffffff
     420935.000 ns	     42092	80008a58	013c9eb3	sll	x29,x25,x19	 x25:0x00000000 x19:0x1710d712 x29=0x00000000
     420945.000 ns	     42093	80008a5c	c37cb513	sltiu	x10,x25,-969	 x25:0x00000000 x10=0x00000001
     420965.000 ns	     42095	80008a60	d01e7553	fcvt.s.wu	f10,x28	 x28:0x00000000 f10=0x00000000
     420995.000 ns	     42098	80008a64	e0081f53	fclass.s	x30,f16	 f16:0xffc00000 x30=0x00000200
     421015.000 ns	     42100	80008a68	38083a13	sltiu	x20,x16,896	 x16:0xffffffff x20=0x00000000
     421025.000 ns	     42101	80008a6c	00000013	addi	x0,x0,0	  x0:0x00000000
     421045.000 ns	     42103	80008a70	d0077053	fcvt.s.w	f0,x14	 x14:0x00000000  f0=0x00000000
     421065.000 ns	     42105	80008a74	01332e33	slt	x28,x6,x19	  x6:0x00000001 x19:0x1710d712 x28=0x00000001
     421075.000 ns	     42106	80008a78	401fd793	srai	x15,x31,0x1	 x31:0xffa25001 x15=0xffd12800
     421435.000 ns	     42142	80008a7c	029ad033	divu	x0,x21,x9	 x21:0x00000000  x9:0x3ffbf373
     421455.000 ns	     42144	80008a80	359d7513	andi	x10,x26,857	 x26:0x135a8224 x10=0x00000200
     421465.000 ns	     42145	80008a84	00000013	addi	x0,x0,0	  x0:0x00000000
     421485.000 ns	     42147	80008a88	03059b33	mulh	x22,x11,x16	 x11:0x80041024 x16:0xffffffff x22=0x00000000
     421515.000 ns	     42150	80008a8c	a18f97d3	flt.s	x15,f31,f24	 f31:0x7fc00000 f24:0x4734d769 x15=0x00000000
     421535.000 ns	     42152	80008a90	9d404d93	xori	x27,x0,-1580	  x0:0x00000000 x27=0xfffff9d4
     421545.000 ns	     42153	80008a94	40c5ddb3	sra	x27,x11,x12	 x11:0x80041024 x12:0xffffff53 x27=0xfffff000
     421555.000 ns	     42154	80008a98	00000013	addi	x0,x0,0	  x0:0x00000000
     421575.000 ns	     42156	80008a9c	c0092853	fcvt.w.s	x16,f18	 f18:0x7fc00000 x16=0x7fffffff
     421595.000 ns	     42158	80008aa0	453e3493	sltiu	x9,x28,1107	 x28:0x00000001  x9=0x00000001
     421615.000 ns	     42160	80008aa4	28740d53	fmin.s	f26,f8,f7	  f8:0x00000000  f7:0x4eff8000 f26=0x00000000
     421635.000 ns	     42162	80008aa8	fc16b937	lui	x18,0xfc16b	 x18=0xfc16b000
     421645.000 ns	     42163	80008aac	a6998617	auipc	x12,0xa6998	 x12=0x269a0aac
     421655.000 ns	     42164	80008ab0	01495313	srli	x6,x18,0x14	 x18:0x00000000  x6=0x00000fc1
     421665.000 ns	     42165	80008ab4	011c8d33	add	x26,x25,x17	 x25:0x00000000 x17:0x80040fe4 x26=0x80040fe4
     421675.000 ns	     42166	80008ab8	620df693	andi	x13,x27,1568	 x27:0xfffff000 x13=0x00000000
     421685.000 ns	     42167	80008abc	41dfd2b3	sra	x5,x31,x29	 x31:0xffa25001 x29:0x00000000  x5=0xffa25001
     421705.000 ns	     42169	80008ac0	20332553	fsgnjx.s	f10,f6,f3	  f6:0xcf800000  f3:0x4f7fffff f10=0xcf800000
     421725.000 ns	     42171	80008ac4	f7338913	addi	x18,x7,-141	  x7:0x00000000 x18=0xffffff73
     421735.000 ns	     42172	80008ac8	00000013	addi	x0,x0,0	  x0:0x00000000
     421755.000 ns	     42174	80008acc	20a210d3	fsgnjn.s	f1,f4,f10	  f4:0x7fc00000 f10:0xcf800000  f1=0x7fc00000
     421775.000 ns	     42176	80008ad0	014160b3	or	x1,x2,x20	  x2:0x00000001 x20:0x00000000  x1=0x00000001
     421795.000 ns	     42178	80008ad4	02cc2533	mulhsu	x10,x24,x12	 x24:0x1fe1e12f x12:0x269a0aac x10=0x04ceb6a2
     421825.000 ns	     42181	80008ad8	a0e592d3	flt.s	x5,f11,f14	 f11:0x4d9ad43d f14:0x7fc00000  x5=0x00000000
     421855.000 ns	     42184	80008adc	0237f633	remu	x12,x15,x3	 x15:0x00000000  x3:0x00000000 x12=0x00000000
     421885.000 ns	     42187	80008ae0	02b53433	mulhu	x8,x10,x11	 x10:0x04ceb6a2 x11:0x80041024  x8=0x02676ed9
     421905.000 ns	     42189	80008ae4	003d5813	srli	x16,x26,0x3	 x26:0x80040fe4 x16=0x100081fc
     421925.000 ns	     42191	80008ae8	212f1453	fsgnjn.s	f8,f30,f18	 f30:0x7fc00000 f18:0x7fc00000  f8=0xffc00000
     422295.000 ns	     42228	80008aec	028efc33	remu	x24,x29,x8	 x29:0x00000000  x8:0x02676ed9 x24=0x00000000
     422325.000 ns	     42231	80008af0	03de83b3	mul	x7,x29,x29	 x29:0x00000000 x29:0x00000000  x7=0x00000000
     422345.000 ns	     42233	80008af4	00784db3	xor	x27,x16,x7	 x16:0x100081fc  x7:0x00000000 x27=0x100081fc
     422355.000 ns	     42234	80008af8	01461333	sll	x6,x12,x20	 x12:0x00000000 x20:0x00000000  x6=0x00000000
     422365.000 ns	     42235	80008afc	000a9eb3	sll	x29,x21,x0	 x21:0x00000000  x0:0x00000000 x29=0x00000000
     422375.000 ns	     42236	80008b00	40ec56b3	sra	x13,x24,x14	 x24:0x00000000 x14:0x00000000 x13=0x00000000
     422385.000 ns	     42237	80008b04	01e55d93	srli	x27,x10,0x1e	 x10:0x04ceb6a2 x27=0x00000000
     422405.000 ns	     42239	80008b08	a1ea9553	flt.s	x10,f21,f30	 f21:0x00000000 f30:0x7fc00000 x10=0x00000000
     422435.000 ns	     42242	80008b0c	21ef22d3	fsgnjx.s	f5,f30,f30	 f30:0x7fc00000 f30:0x7fc00000  f5=0x7fc00000
     422455.000 ns	     42244	80008b10	00351cb3	sll	x25,x10,x3	 x10:0x00000000  x3:0x00000000 x25=0x00000000
     422475.000 ns	     42246	80008b14	a14c84d3	fle.s	x9,f25,f20	 f25:0x1fe1e12f f20:0xcf800000  x9=0x00000000
     422495.000 ns	     42248	80008b18	00a00133	add	x2,x0,x10	  x0:0x00000000 x10:0x00000000  x2=0x00000000
     423665.000 ns	     42365	80008b1c	58019553	fsqrt.s	f10,f3	  f3:0x4f7fffff f10=0x47350461
     423685.000 ns	     42367	80008b20	00000013	addi	x0,x0,0	  x0:0x00000000
     423695.000 ns	     42368	80008b24	01b3c833	xor	x16,x7,x27	  x7:0x00000000 x27:0x00000000 x16=0x00000000
     423715.000 ns	     42370	80008b28	02011233	mulh	x4,x2,x0	  x2:0x00000000  x0:0x00000000  x4=0x00000000
     423745.000 ns	     42373	80008b2c	a0a18c53	fle.s	x24,f3,f10	  f3:0x4f7fffff f10:0x47350461 x24=0x00000000
     423775.000 ns	     42376	80008b30	024ffeb3	remu	x29,x31,x4	 x31:0xffa25001  x4:0x00000000 x29=0xffa25001
     423805.000 ns	     42379	80008b34	a04380d3	fle.s	x1,f7,f4	  f7:0x4eff8000  f4:0x7fc00000  x1=0x00000000
     423825.000 ns	     42381	80008b38	de990393	addi	x7,x18,-535	 x18:0xffffff73  x7=0xfffffd5c
     423845.000 ns	     42383	80008b3c	205e2ed3	fsgnjx.s	f29,f28,f5	 f28:0x135a876c  f5:0x7fc00000 f29=0x135a876c
     423865.000 ns	     42385	80008b40	01e89c33	sll	x24,x17,x30	 x17:0x80040fe4 x30:0x00000200 x24=0x80040fe4
     423875.000 ns	     42386	80008b44	010afe33	and	x28,x21,x16	 x21:0x00000000 x16:0x00000000 x28=0x00000000
     423905.000 ns	     42389	80008b48	106337d3	fmul.s	f15,f6,f6	  f6:0xcf800000  f6:0xcf800000 f15=0x5f800000
     423945.000 ns	     42393	80008b4c	117e9ad3	fmul.s	f21,f29,f23	 f29:0x135a876c f23:0x7fc00000 f21=0x7fc00000
     423965.000 ns	     42395	80008b50	01ba82b3	add	x5,x21,x27	 x21:0x00000000 x27:0x00000000  x5=0x00000000
     423985.000 ns	     42397	80008b54	d01dfa53	fcvt.s.wu	f20,x27	 x27:0x00000000 f20=0x00000000
     424005.000 ns	     42399	80008b58	002d3433	sltu	x8,x26,x2	 x26:0x80040fe4  x2:0x00000000  x8=0x00000000
     424015.000 ns	     42400	80008b5c	33a63093	sltiu	x1,x12,826	 x12:0x00000000  x1=0x00000001
     424025.000 ns	     42401	80008b60	e9c62b13	slti	x22,x12,-356	 x12:0x00000000 x22=0x00000000
     424035.000 ns	     42402	80008b64	019adb13	srli	x22,x21,0x19	 x21:0x00000000 x22=0x00000000
     424045.000 ns	     42403	80008b68	01954933	xor	x18,x10,x25	 x10:0x00000000 x25:0x00000000 x18=0x00000000
     424065.000 ns	     42405	80008b6c	29990c53	fmin.s	f24,f18,f25	 f18:0x7fc00000 f25:0x1fe1e12f f24=0x1fe1e12f
     424085.000 ns	     42407	80008b70	013a8333	add	x6,x21,x19	 x21:0x00000000 x19:0x1710d712  x6=0x1710d712
     424105.000 ns	     42409	80008b74	c00cf953	fcvt.w.s	x18,f25	 f25:0x1fe1e12f x18=0x00000000
     424125.000 ns	     42411	80008b78	0134a033	slt	x0,x9,x19	  x9:0x00000000 x19:0x1710d712
     424135.000 ns	     42412	80008b7c	cdc3ff13	andi	x30,x7,-804	  x7:0xfffffd5c x30=0xfffffc5c
     424155.000 ns	     42414	80008b80	02d54433	div	x8,x10,x13	 x10:0x00000000 x13:0x00000000  x8=0xffffffff
     424175.000 ns	     42416	80008b84	fbb21917	auipc	x18,0xfbb21	 x18=0x7bb29b84
     424185.000 ns	     42417	80008b88	40eedeb3	sra	x29,x29,x14	 x29:0xffa25001 x14:0x00000000 x29=0xffa25001
     424195.000 ns	     42418	80008b8c	001c5bb3	srl	x23,x24,x1	 x24:0x80040fe4  x1:0x00000001 x23=0x400207f2
     424215.000 ns	     42420	80008b90	d0058053	fcvt.s.w	f0,x11	 x11:0x80041024  f0=0xcefff7df
     424235.000 ns	     42422	80008b94	0060d713	srli	x14,x1,0x6	  x1:0x00000001 x14=0x00000000
     424255.000 ns	     42424	80008b98	209c8053	fsgnj.s	f0,f25,f9	 f25:0x1fe1e12f  f9:0xc9021010  f0=0x9fe1e12f
     424285.000 ns	     42427	80008b9c	21cd27d3	fsgnjx.s	f15,f26,f28	 f26:0x00000000 f28:0x135a876c f15=0x00000000
     424315.000 ns	     42430	80008ba0	21b129d3	fsgnjx.s	f19,f2,f27	  f2:0x42920000 f27:0x4d9ad43d f19=0x42920000
     424335.000 ns	     42432	80008ba4	007f3f33	sltu	x30,x30,x7	 x30:0xfffffc5c  x7:0xfffffd5c x30=0x00000001
     424345.000 ns	     42433	80008ba8	0136cf33	xor	x30,x13,x19	 x13:0x00000000 x19:0x1710d712 x30=0x1710d712
     424355.000 ns	     42434	80008bac	00aceeb3	or	x29,x25,x10	 x25:0x00000000 x10:0x00000000 x29=0x00000000
     424385.000 ns	     42437	80008bb0	10a5f853	fmul.s	f16,f11,f10	 f11:0x4d9ad43d f10:0x47350461 f16=0x555af56a
     424405.000 ns	     42439	80008bb4	97b2e713	ori	x14,x5,-1669	  x5:0x00000000 x14=0xfffff97b
     424425.000 ns	     42441	80008bb8	21851753	fsgnjn.s	f14,f10,f24	 f10:0x47350461 f24:0x1fe1e12f f14=0xc7350461
     424445.000 ns	     42443	80008bbc	008deab3	or	x21,x27,x8	 x27:0x00000000  x8:0xffffffff x21=0xffffffff
     424455.000 ns	     42444	80008bc0	018a1033	sll	x0,x20,x24	 x20:0x00000000 x24:0x80040fe4
     424465.000 ns	     42445	80008bc4	41695eb3	sra	x29,x18,x22	 x18:0x7bb29b84 x22:0x00000000 x29=0x7bb29b84
     424485.000 ns	     42447	80008bc8	025d0b33	mul	x22,x26,x5	 x26:0x80040fe4  x5:0x00000000 x22=0x00000000
     424515.000 ns	     42450	80008bcc	28a881d3	fmin.s	f3,f17,f10	 f17:0x7fc00000 f10:0x47350461  f3=0x47350461
     424535.000 ns	     42452	80008bd0	007cde33	srl	x28,x25,x7	 x25:0x00000000  x7:0xfffffd5c x28=0x00000000
     424545.000 ns	     42453	80008bd4	006faab3	slt	x21,x31,x6	 x31:0xffa25001  x6:0x1710d712 x21=0x00000001
     424565.000 ns	     42455	80008bd8	29561f53	fmax.s	f30,f12,f21	 f12:0x4d9ad411 f21:0x7fc00000 f30=0x4d9ad411
     424585.000 ns	     42457	80008bdc	562c6537	lui	x10,0x562c6	 x10=0x562c6000
     424945.000 ns	     42493	80008be0	02716633	rem	x12,x2,x7	  x2:0x00000000  x7:0xfffffd5c x12=0x00000000
     424975.000 ns	     42496	80008be4	29ee85d3	fmin.s	f11,f29,f30	 f29:0x135a876c f30:0x4d9ad411 f11=0x135a876c
     424995.000 ns	     42498	80008be8	00a06cb3	or	x25,x0,x10	  x0:0x00000000 x10:0x562c6000 x25=0x562c6000
     425015.000 ns	     42500	80008bec	e00d9053	fclass.s	x0,f27	 f27:0x4d9ad43d
     425385.000 ns	     42537	80008bf0	03994633	div	x12,x18,x25	 x18:0x7bb29b84 x25:0x00000000 x12=0x00000001
     425405.000 ns	     42539	80008bf4	6a4afb97	auipc	x23,0x6a4af	 x23=0xea4b7bf4
     425425.000 ns	     42541	80008bf8	d01180d3	fcvt.s.wu	f1,x3	  x3:0x00000000  f1=0x00000000
     425795.000 ns	     42578	80008bfc	021be533	rem	x10,x23,x1	 x23:0x400207f2  x1:0x00000001 x10=0x00000000
     425825.000 ns	     42581	80008c00	216526d3	fsgnjx.s	f13,f10,f22	 f10:0x47350461 f22:0xeca57aac f13=0xc7350461
     425855.000 ns	     42584	80008c04	e0040bd3	fmv.x.w	x23,f8	  f8:0xffc00000 x23=0xffc00000
     425885.000 ns	     42587	80008c08	03ba0833	mul	x16,x20,x27	 x20:0x00000000 x27:0x00000000 x16=0x00000000
     425905.000 ns	     42589	80008c0c	01563c33	sltu	x24,x12,x21	 x12:0x00000001 x21:0x00000001 x24=0x00000000
     425915.000 ns	     42590	80008c10	0d698a13	addi	x20,x19,214	 x19:0x1710d712 x20=0x1710d7e8
     425935.000 ns	     42592	80008c14	03be7fb3	remu	x31,x28,x27	 x28:0x00000000 x27:0x00000000 x31=0x00000000
     425965.000 ns	     42595	80008c18	d0124153	fcvt.s.wu	f2,x4	  x4:0x00000000  f2=0x00000000
     426335.000 ns	     42632	80008c1c	0390d633	divu	x12,x1,x25	  x1:0x00000001 x25:0x562c6000 x12=0x00000000
     426705.000 ns	     42669	80008c20	03335533	divu	x10,x6,x19	  x6:0x1710d712 x19:0x1710d712 x10=0x00000001
     426735.000 ns	     42672	80008c24	02321cb3	mulh	x25,x4,x3	  x4:0x00000000  x3:0x00000000 x25=0x00000000
     426755.000 ns	     42674	80008c28	0089db13	srli	x22,x19,0x8	 x19:0x1710d712 x22=0x001710d7
     427115.000 ns	     42710	80008c2c	02b5e0b3	rem	x1,x11,x11	 x11:0x80041024 x11:0x80041024  x1=0x00000000
     427145.000 ns	     42713	80008c30	0341a533	mulhsu	x10,x3,x20	  x3:0x00000000 x20:0x1710d7e8 x10=0x00000000
     427175.000 ns	     42716	80008c34	e00c9353	fclass.s	x6,f25	 f25:0x1fe1e12f  x6=0x00000040
     427205.000 ns	     42719	80008c38	28820753	fmin.s	f14,f4,f8	  f4:0x7fc00000  f8:0xffc00000 f14=0x7fc00000
     427235.000 ns	     42722	80008c3c	e00f07d3	fmv.x.w	x15,f30	 f30:0x4d9ad411 x15=0x4d9ad411
     427255.000 ns	     42724	80008c40	74b4e693	ori	x13,x9,1867	  x9:0x00000000 x13=0x0000074b
     427275.000 ns	     42726	80008c44	0307a533	mulhsu	x10,x15,x16	 x15:0x4d9ad411 x16:0x00000000 x10=0x00000000
     427295.000 ns	     42728	80008c48	005abf33	sltu	x30,x21,x5	 x21:0x00000001  x5:0x00000000 x30=0x00000000
     427315.000 ns	     42730	80008c4c	02949bb3	mulh	x23,x9,x9	  x9:0x00000000  x9:0x00000000 x23=0x00000000
     427335.000 ns	     42732	80008c50	00a324b3	slt	x9,x6,x10	  x6:0x00000040 x10:0x00000000  x9=0x00000000
     428505.000 ns	     42849	80008c54	580c7353	fsqrt.s	f6,f24	 f24:0x1fe1e12f  f6=0x2f2a097a
     428535.000 ns	     42852	80008c58	e00d1753	fclass.s	x14,f26	 f26:0x00000000 x14=0x00000010
     428565.000 ns	     42855	80008c5c	20a3a6d3	fsgnjx.s	f13,f7,f10	  f7:0x4eff8000 f10:0x47350461 f13=0x4eff8000
     428595.000 ns	     42858	80008c60	e00e1a53	fclass.s	x20,f28	 f28:0x135a876c x20=0x00000040
     428615.000 ns	     42860	80008c64	0051a533	slt	x10,x3,x5	  x3:0x00000000  x5:0x00000000 x10=0x00000000
     428625.000 ns	     42861	80008c68	f0e9c393	xori	x7,x19,-242	 x19:0x1710d712  x7=0xe8ef281c
     428635.000 ns	     42862	80008c6c	008e8433	add	x8,x29,x8	 x29:0x7bb29b84  x8:0xffffffff  x8=0x7bb29b83
     428645.000 ns	     42863	80008c70	002a0ab3	add	x21,x20,x2	 x20:0x00000040  x2:0x00000000 x21=0x00000040
     428665.000 ns	     42865	80008c74	f00983d3	fmv.w.x	f7,x19	 x19:0x1710d712  f7=0x1710d712
     428695.000 ns	     42868	80008c78	a1d70253	fle.s	x4,f14,f29	 f14:0x7fc00000 f29:0x135a876c  x4=0x00000000
     428725.000 ns	     42871	80008c7c	a19c1853	flt.s	x16,f24,f25	 f24:0x1fe1e12f f25:0x1fe1e12f x16=0x00000000
     428755.000 ns	     42874	80008c80	a147a953	feq.s	x18,f15,f20	 f15:0x00000000 f20:0x00000000 x18=0x00000001
     428775.000 ns	     42876	80008c84	64766193	ori	x3,x12,1607	 x12:0x00000000  x3=0x00000647
     428795.000 ns	     42878	80008c88	28a49353	fmax.s	f6,f9,f10	  f9:0xc9021010 f10:0x47350461  f6=0x47350461
     428825.000 ns	     42881	80008c8c	c00e4253	fcvt.w.s	x4,f28	 f28:0x135a876c  x4=0x00000000
     428845.000 ns	     42883	80008c90	7c537193	andi	x3,x6,1989	  x6:0x00000040  x3=0x00000040
     428875.000 ns	     42886	80008c94	10f4c4d3	fmul.s	f9,f9,f15	  f9:0xc9021010 f15:0x00000000  f9=0x80000000
     428895.000 ns	     42888	80008c98	000e71b3	and	x3,x28,x0	 x28:0x00000000  x0:0x00000000  x3=0x00000000
     428925.000 ns	     42891	80008c9c	580105d3	fsqrt.s	f11,f2	  f2:0x00000000 f11=0x00000000
     428955.000 ns	     42894	80008ca0	a0299f53	flt.s	x30,f19,f2	 f19:0x42920000  f2:0x00000000 x30=0x00000000
     428975.000 ns	     42896	80008ca4	3bddb793	sltiu	x15,x27,957	 x27:0x00000000 x15=0x00000001
     428995.000 ns	     42898	80008ca8	289a8d53	fmin.s	f26,f21,f9	 f21:0x7fc00000  f9:0x80000000 f26=0x80000000
     429015.000 ns	     42900	80008cac	0057dcb3	srl	x25,x15,x5	 x15:0x4d9ad411  x5:0x00000000 x25=0x00000001
     429025.000 ns	     42901	80008cb0	01f4dc13	srli	x24,x9,0x1f	  x9:0x00000000 x24=0x00000000
     429035.000 ns	     42902	80008cb4	01fd4db3	xor	x27,x26,x31	 x26:0x80040fe4 x31:0x00000000 x27=0x80040fe4
     429395.000 ns	     42938	80008cb8	03624bb3	div	x23,x4,x22	  x4:0x00000000 x22:0x001710d7 x23=0x00000000
     429425.000 ns	     42941	80008cbc	c01ff853	fcvt.wu.s	x16,f31	 f31:0x7fc00000 x16=0xffffffff
     429445.000 ns	     42943	80008cc0	00000013	addi	x0,x0,0	  x0:0x00000000
     429465.000 ns	     42945	80008cc4	e0041ed3	fclass.s	x29,f8	  f8:0xffc00000 x29=0x00000200
     429495.000 ns	     42948	80008cc8	29011553	fmax.s	f10,f2,f16	  f2:0x00000000 f16:0x555af56a f10=0x555af56a
     429515.000 ns	     42950	80008ccc	0100da33	srl	x20,x1,x16	  x1:0x00000000 x16:0xffffffff x20=0x00000000
     429555.000 ns	     42954	80008cd0	085676d3	fsub.s	f13,f12,f5	 f12:0x4d9ad411  f5:0x7fc00000 f13=0x7fc00000
     429585.000 ns	     42957	80008cd4	02c22933	mulhsu	x18,x4,x12	  x4:0x00000000 x12:0x00000000 x18=0x00000000
     429605.000 ns	     42959	80008cd8	00001bb3	sll	x23,x0,x0	  x0:0x00000000  x0:0x00000000 x23=0x00000000
     430775.000 ns	     43076	80008cdc	580504d3	fsqrt.s	f9,f10	 f10:0x555af56a  f9=0x4a1ad3c0
     430795.000 ns	     43078	80008ce0	5fa0fa93	andi	x21,x1,1530	  x1:0x00000000 x21=0x00000000
     430815.000 ns	     43080	80008ce4	211f1c53	fsgnjn.s	f24,f30,f17	 f30:0x4d9ad411 f17:0x7fc00000 f24=0xcd9ad411
     430835.000 ns	     43082	80008ce8	404c5a93	srai	x21,x24,0x4	 x24:0x00000000 x21=0x00000000
     430845.000 ns	     43083	80008cec	00564b33	xor	x22,x12,x5	 x12:0x00000000  x5:0x00000000 x22=0x00000000
     430855.000 ns	     43084	80008cf0	015babb3	slt	x23,x23,x21	 x23:0x00000000 x21:0x00000000 x23=0x00000000
     430875.000 ns	     43086	80008cf4	20b62153	fsgnjx.s	f2,f12,f11	 f12:0x4d9ad411 f11:0x00000000  f2=0x4d9ad411
     430905.000 ns	     43089	80008cf8	c01904d3	fcvt.wu.s	x9,f18	 f18:0x7fc00000  x9=0xffffffff
     430935.000 ns	     43092	80008cfc	03ad31b3	mulhu	x3,x26,x26	 x26:0x80040fe4 x26:0x80040fe4  x3=0x40040ff4
     430965.000 ns	     43095	80008d00	29ff0e53	fmin.s	f28,f30,f31	 f30:0x4d9ad411 f31:0x7fc00000 f28=0x4d9ad411
     430995.000 ns	     43098	80008d04	c00e22d3	fcvt.w.s	x5,f28	 f28:0x135a876c  x5=0x135a8220
     431025.000 ns	     43101	80008d08	027b3533	mulhu	x10,x22,x7	 x22:0x00000000  x7:0xe8ef281c x10=0x00000000
     431075.000 ns	     43106	80008d0c	012e73d3	fadd.s	f7,f28,f18	 f28:0x4d9ad411 f18:0x7fc00000  f7=0x7fc00000
     431095.000 ns	     43108	80008d10	00b19693	slli	x13,x3,0xb	  x3:0x40040ff4 x13=0x207fa000
     431105.000 ns	     43109	80008d14	00635eb3	srl	x29,x6,x6	  x6:0x00000040  x6:0x00000040 x29=0x00000040
     431115.000 ns	     43110	80008d18	00f6de93	srli	x29,x13,0xf	 x13:0x0000074b x29=0x000040ff
     431125.000 ns	     43111	80008d1c	77394293	xori	x5,x18,1907	 x18:0x00000000  x5=0x00000773
     431145.000 ns	     43113	80008d20	03843433	mulhu	x8,x8,x24	  x8:0x7bb29b83 x24:0x00000000  x8=0x00000000
     431175.000 ns	     43116	80008d24	280a9ad3	fmax.s	f21,f21,f0	 f21:0x7fc00000  f0:0x9fe1e12f f21=0x9fe1e12f
     431195.000 ns	     43118	80008d28	01261ab3	sll	x21,x12,x18	 x12:0x00000000 x18:0x00000000 x21=0x00000000
     431205.000 ns	     43119	80008d2c	30948913	addi	x18,x9,777	  x9:0xffffffff x18=0x00000308
     431225.000 ns	     43121	80008d30	c0197753	fcvt.wu.s	x14,f18	 f18:0x7fc00000 x14=0xffffffff
     431245.000 ns	     43123	80008d34	403a5c93	srai	x25,x20,0x3	 x20:0x00000000 x25=0x00000000
     431265.000 ns	     43125	80008d38	c0047953	fcvt.w.s	x18,f8	  f8:0xffc00000 x18=0x7fffffff
     431315.000 ns	     43130	80008d3c	01bef753	fadd.s	f14,f29,f27	 f29:0x135a876c f27:0x4d9ad43d f14=0x4d9ad43d
     431335.000 ns	     43132	80008d40	392c2413	slti	x8,x24,914	 x24:0x00000000  x8=0x00000001
     431345.000 ns	     43133	80008d44	18ec3c93	sltiu	x25,x24,398	 x24:0x00000000 x25=0x00000001
     431365.000 ns	     43135	80008d48	2100ad53	fsgnjx.s	f26,f1,f16	  f1:0x00000000 f16:0x555af56a f26=0x00000000
     431395.000 ns	     43138	80008d4c	e0070653	fmv.x.w	x12,f14	 f14:0x4d9ad43d x12=0x4d9ad43d
     431415.000 ns	     43140	80008d50	41e08fb3	sub	x31,x1,x30	  x1:0x00000000 x30:0x00000000 x31=0x00000000
     431425.000 ns	     43141	80008d54	002e8933	add	x18,x29,x2	 x29:0x000040ff  x2:0x00000000 x18=0x000040ff
     431435.000 ns	     43142	80008d58	98642513	slti	x10,x8,-1658	  x8:0x00000001 x10=0x00000000
     431445.000 ns	     43143	80008d5c	e7eb4e93	xori	x29,x22,-386	 x22:0x00000000 x29=0xfffffe7e
     431465.000 ns	     43145	80008d60	c010f753	fcvt.wu.s	x14,f1	  f1:0x00000000 x14=0x00000000
     431495.000 ns	     43148	80008d64	026d1c33	mulh	x24,x26,x6	 x26:0x80040fe4  x6:0x00000040 x24=0xffffffe0
     431515.000 ns	     43150	80008d68	40b7df33	sra	x30,x15,x11	 x15:0x00000001 x11:0x80041024 x30=0x00000000
     431525.000 ns	     43151	80008d6c	401adf93	srai	x31,x21,0x1	 x21:0x00000000 x31=0x00000000
     431535.000 ns	     43152	80008d70	0090ffb3	and	x31,x1,x9	  x1:0x00000000  x9:0xffffffff x31=0x00000000
     431555.000 ns	     43154	80008d74	c0197e53	fcvt.wu.s	x28,f18	 f18:0x7fc00000 x28=0xffffffff
     431585.000 ns	     43157	80008d78	03020533	mul	x10,x4,x16	  x4:0x00000000 x16:0xffffffff x10=0x00000000
     431615.000 ns	     43160	80008d7c	d0007853	fcvt.s.w	f16,x0	  x0:0x00000000 f16=0x00000000
     431655.000 ns	     43164	80008d80	118828d3	fmul.s	f17,f16,f24	 f16:0x555af56a f24:0xcd9ad411 f17=0x80000000
     431675.000 ns	     43166	80008d84	01db8c33	add	x24,x23,x29	 x23:0x00000000 x29:0xfffffe7e x24=0xfffffe7e
     431715.000 ns	     43170	80008d88	08168dd3	fsub.s	f27,f13,f1	 f13:0x7fc00000  f1:0x00000000 f27=0x7fc00000
     431735.000 ns	     43172	80008d8c	ce05a813	slti	x16,x11,-800	 x11:0x80041024 x16=0x00000001
     431755.000 ns	     43174	80008d90	e0038353	fmv.x.w	x6,f7	  f7:0x7fc00000  x6=0x7fc00000
     431775.000 ns	     43176	80008d94	018f8ab3	add	x21,x31,x24	 x31:0x00000000 x24:0xfffffe7e x21=0xfffffe7e
     431785.000 ns	     43177	80008d98	000f4933	xor	x18,x30,x0	 x30:0x00000000  x0:0x00000000 x18=0x00000000
     432145.000 ns	     43213	80008d9c	0318e433	rem	x8,x17,x17	 x17:0x80040fe4 x17:0x80040fe4  x8=0x00000000
     432175.000 ns	     43216	80008da0	e0048953	fmv.x.w	x18,f9	  f9:0x4a1ad3c0 x18=0x4a1ad3c0
     432195.000 ns	     43218	80008da4	40e352b3	sra	x5,x6,x14	  x6:0x7fc00000 x14:0x00000000  x5=0x7fc00000
     432215.000 ns	     43220	80008da8	d00b9953	fcvt.s.w	f18,x23	 x23:0x00000000 f18=0x00000000
     432245.000 ns	     43223	80008dac	d002fcd3	fcvt.s.w	f25,x5	  x5:0x00000773 f25=0x4eff8000
     432275.000 ns	     43226	80008db0	d009f2d3	fcvt.s.w	f5,x19	 x19:0x1710d712  f5=0x4db886b8
     432295.000 ns	     43228	80008db4	4188d3b3	sra	x7,x17,x24	 x17:0x80040fe4 x24:0xfffffe7e  x7=0xfffffffe
     432315.000 ns	     43230	80008db8	03c72b33	mulhsu	x22,x14,x28	 x14:0x00000000 x28:0xffffffff x22=0x00000000
     432335.000 ns	     43232	80008dbc	01825313	srli	x6,x4,0x18	  x4:0x00000000  x6=0x00000000
     432345.000 ns	     43233	80008dc0	449d0b13	addi	x22,x26,1097	 x26:0x80040fe4 x22=0x8004142d
     432365.000 ns	     43235	80008dc4	02c93933	mulhu	x18,x18,x12	 x18:0x4a1ad3c0 x12:0x4d9ad43d x18=0x1676e344
     432395.000 ns	     43238	80008dc8	d01392d3	fcvt.s.wu	f5,x7	  x7:0xfffffffe  f5=0x4f7fffff
     432415.000 ns	     43240	80008dcc	41fade33	sra	x28,x21,x31	 x21:0xfffffe7e x31:0x00000000 x28=0xfffffe7e
     432435.000 ns	     43242	80008dd0	a0409753	flt.s	x14,f1,f4	  f1:0x00000000  f4:0x7fc00000 x14=0x00000000
     432485.000 ns	     43247	80008dd4	0801f8d3	fsub.s	f17,f3,f0	  f3:0x47350461  f0:0x9fe1e12f f17=0x47350461
     432515.000 ns	     43250	80008dd8	e0000253	fmv.x.w	x4,f0	  f0:0x9fe1e12f  x4=0x9fe1e12f
     432545.000 ns	     43253	80008ddc	0266a3b3	mulhsu	x7,x13,x6	 x13:0x207fa000  x6:0x00000000  x7=0x00000000
     432565.000 ns	     43255	80008de0	e9b96113	ori	x2,x18,-357	 x18:0x1676e344  x2=0xffffffdf
     432925.000 ns	     43291	80008de4	02d6fd33	remu	x26,x13,x13	 x13:0x207fa000 x13:0x207fa000 x26=0x00000000
     432955.000 ns	     43294	80008de8	f0080353	fmv.w.x	f6,x16	 x16:0x00000001  f6=0x00000001
     432985.000 ns	     43297	80008dec	d00d71d3	fcvt.s.w	f3,x26	 x26:0x00000000  f3=0x00000000
     433035.000 ns	     43302	80008df0	091373d3	fsub.s	f7,f6,f17	  f6:0x00000001 f17:0x47350461  f7=0xc7350461
     433065.000 ns	     43305	80008df4	02d792b3	mulh	x5,x15,x13	 x15:0x00000001 x13:0x207fa000  x5=0x00000000
     434245.000 ns	     43423	80008df8	58067153	fsqrt.s	f2,f12	 f12:0x4d9ad411  f2=0x468cc699
     434265.000 ns	     43425	80008dfc	4e48a113	slti	x2,x17,1252	 x17:0x80040fe4  x2=0x00000001
     434285.000 ns	     43427	80008e00	a02a9fd3	flt.s	x31,f21,f2	 f21:0x9fe1e12f  f2:0x468cc699 x31=0x00000001
     434315.000 ns	     43430	80008e04	a09d1f53	flt.s	x30,f26,f9	 f26:0x00000000  f9:0x4a1ad3c0 x30=0x00000001
     434345.000 ns	     43433	80008e08	0284e1b3	rem	x3,x9,x8	  x9:0xffffffff  x8:0x00000000  x3=0xffffffff
     434365.000 ns	     43435	80008e0c	012e1313	slli	x6,x28,0x12	 x28:0xfffffe7e  x6=0xf9f80000
     434385.000 ns	     43437	80008e10	21ee1a53	fsgnjn.s	f20,f28,f30	 f28:0x4d9ad411 f30:0x4d9ad411 f20=0xcd9ad411
     434405.000 ns	     43439	80008e14	53904d13	xori	x26,x0,1337	  x0:0x00000000 x26=0x00000539
     434415.000 ns	     43440	80008e18	403ed633	sra	x12,x29,x3	 x29:0xfffffe7e  x3:0xffffffff x12=0xffffffff
     434425.000 ns	     43441	80008e1c	0174fbb3	and	x23,x9,x23	  x9:0xffffffff x23:0x00000000 x23=0x00000000
     434435.000 ns	     43442	80008e20	40f1d833	sra	x16,x3,x15	  x3:0xffffffff x15:0x00000001 x16=0xffffffff
     434445.000 ns	     43443	80008e24	01661613	slli	x12,x12,0x16	 x12:0xffffffff x12=0xffc00000
     434455.000 ns	     43444	80008e28	002504b3	add	x9,x10,x2	 x10:0x00000000  x2:0x00000001  x9=0x00000001
     434465.000 ns	     43445	80008e2c	00000013	addi	x0,x0,0	  x0:0x00000000
     434825.000 ns	     43481	80008e30	03dcee33	rem	x28,x25,x29	 x25:0x00000001 x29:0xfffffe7e x28=0x00000001
     434845.000 ns	     43483	80008e34	011d97b3	sll	x15,x27,x17	 x27:0x80040fe4 x17:0x80040fe4 x15=0x0040fe40
     434875.000 ns	     43486	80008e38	11c5fe53	fmul.s	f28,f11,f28	 f11:0x00000000 f28:0x4d9ad411 f28=0x00000000
     436055.000 ns	     43604	80008e3c	580cf553	fsqrt.s	f10,f25	 f25:0x4eff8000 f10=0x4734d769
     436085.000 ns	     43607	80008e40	20e01fd3	fsgnjn.s	f31,f0,f14	  f0:0x9fe1e12f f14:0x4d9ad43d f31=0x9fe1e12f
     436105.000 ns	     43609	80008e44	010714b3	sll	x9,x14,x16	 x14:0x00000000 x16:0xffffffff  x9=0x00000000
     436145.000 ns	     43613	80008e48	08141cd3	fsub.s	f25,f8,f1	  f8:0xffc00000  f1:0x00000000 f25=0x7fc00000
     436165.000 ns	     43615	80008e4c	01d9a233	slt	x4,x19,x29	 x19:0x1710d712 x29:0xfffffe7e  x4=0x00000000
     436175.000 ns	     43616	80008e50	01b86733	or	x14,x16,x27	 x16:0xffffffff x27:0x80040fe4 x14=0xffffffff
     436195.000 ns	     43618	80008e54	c0068853	fcvt.w.s	x16,f13	 f13:0x7fc00000 x16=0x7fffffff
     436215.000 ns	     43620	80008e58	00bda833	slt	x16,x27,x11	 x27:0x80040fe4 x11:0x80041024 x16=0x00000001
     436225.000 ns	     43621	80008e5c	f6edd837	lui	x16,0xf6edd	 x16=0xf6edd000
     436235.000 ns	     43622	80008e60	f5ad9037	lui	x0,0xf5ad9	
     436255.000 ns	     43624	80008e64	d00cfb53	fcvt.s.w	f22,x25	 x25:0x00000001 f22=0x3f800000
     436275.000 ns	     43626	80008e68	006390b3	sll	x1,x7,x6	  x7:0x00000000  x6:0xf9f80000  x1=0x00000000
     436295.000 ns	     43628	80008e6c	a1111353	flt.s	x6,f2,f17	  f2:0x468cc699 f17:0x47350461  x6=0x00000001
     436315.000 ns	     43630	80008e70	913d8093	addi	x1,x27,-1773	 x27:0x80040fe4  x1=0x800408f7
     436335.000 ns	     43632	80008e74	03248533	mul	x10,x9,x18	  x9:0x00000000 x18:0x1676e344 x10=0x00000000
     436355.000 ns	     43634	80008e78	417b5013	srai	x0,x22,0x17	 x22:0x8004142d
     436375.000 ns	     43636	80008e7c	d01071d3	fcvt.s.wu	f3,x0	  x0:0x00000000  f3=0x00000000
     436395.000 ns	     43638	80008e80	d73ce197	auipc	x3,0xd73ce	  x3=0x573d6e80
     436755.000 ns	     43674	80008e84	036862b3	rem	x5,x16,x22	 x16:0xf6edd000 x22:0x8004142d  x5=0xf6edd000
     436785.000 ns	     43677	80008e88	a1751053	flt.s	x0,f10,f23	 f10:0x4734d769 f23:0x7fc00000
     436815.000 ns	     43680	80008e8c	20a82453	fsgnjx.s	f8,f16,f10	 f16:0x00000000 f10:0x4734d769  f8=0x00000000
     436845.000 ns	     43683	80008e90	0209c533	div	x10,x19,x0	 x19:0x1710d712  x0:0x00000000 x10=0xffffffff
     436875.000 ns	     43686	80008e94	c01e74d3	fcvt.wu.s	x9,f28	 f28:0x00000000  x9=0x00000000
     436895.000 ns	     43688	80008e98	59f2a613	slti	x12,x5,1439	  x5:0xf6edd000 x12=0x00000001
     436905.000 ns	     43689	80008e9c	4049d813	srai	x16,x19,0x4	 x19:0x1710d712 x16=0x01710d71
     436925.000 ns	     43691	80008ea0	0209c433	div	x8,x19,x0	 x19:0x1710d712  x0:0x00000000  x8=0xffffffff
     436955.000 ns	     43694	80008ea4	03b814b3	mulh	x9,x16,x27	 x16:0xf6edd000 x27:0x80040fe4  x9=0xff477f22
     436985.000 ns	     43697	80008ea8	29dd1853	fmax.s	f16,f26,f29	 f26:0x00000000 f29:0x135a876c f16=0x135a876c
     437005.000 ns	     43699	80008eac	0fe2c197	auipc	x3,0xfe2c	  x3=0x8fe34eac
     437025.000 ns	     43701	80008eb0	024a0333	mul	x6,x20,x4	 x20:0x00000000  x4:0x00000000  x6=0x00000000
     437055.000 ns	     43704	80008eb4	21b9a253	fsgnjx.s	f4,f19,f27	 f19:0x42920000 f27:0x7fc00000  f4=0x42920000
     437085.000 ns	     43707	80008eb8	282c1dd3	fmax.s	f27,f24,f2	 f24:0xcd9ad411  f2:0x468cc699 f27=0x468cc699
     437105.000 ns	     43709	80008ebc	01d98db3	add	x27,x19,x29	 x19:0x1710d712 x29:0xfffffe7e x27=0x1710d590
     437125.000 ns	     43711	80008ec0	29b10953	fmin.s	f18,f2,f27	  f2:0x468cc699 f27:0x468cc699 f18=0x468cc699
     437155.000 ns	     43714	80008ec4	a1672353	feq.s	x6,f14,f22	 f14:0x4d9ad43d f22:0x3f800000  x6=0x00000000
     437175.000 ns	     43716	80008ec8	633a0697	auipc	x13,0x633a0	 x13=0xe33a8ec8
     437195.000 ns	     43718	80008ecc	0200da33	divu	x20,x1,x0	  x1:0x800408f7  x0:0x00000000 x20=0xffffffff
     437225.000 ns	     43721	80008ed0	d01213d3	fcvt.s.wu	f7,x4	  x4:0x00000000  f7=0x00000000
     437245.000 ns	     43723	80008ed4	40f95c33	sra	x24,x18,x15	 x18:0x1676e344 x15:0x0040fe40 x24=0x1676e344
     437275.000 ns	     43726	80008ed8	1821f553	fdiv.s	f10,f3,f2	  f3:0x00000000  f2:0x468cc699 f10=0x00000000
     437305.000 ns	     43729	80008edc	214c8653	fsgnj.s	f12,f25,f20	 f25:0x7fc00000 f20:0xcd9ad411 f12=0xffc00000
     437335.000 ns	     43732	80008ee0	02a29b33	mulh	x22,x5,x10	  x5:0xf6edd000 x10:0xffffffff x22=0x00000000
     437355.000 ns	     43734	80008ee4	00000013	addi	x0,x0,0	  x0:0x00000000
     437375.000 ns	     43736	80008ee8	d01175d3	fcvt.s.wu	f11,x2	  x2:0x00000001 f11=0x3f800000
     437405.000 ns	     43739	80008eec	29c11b53	fmax.s	f22,f2,f28	  f2:0x468cc699 f28:0x00000000 f22=0x468cc699
     437425.000 ns	     43741	80008ef0	260be293	ori	x5,x23,608	 x23:0x00000000  x5=0x00000260
     437445.000 ns	     43743	80008ef4	02d08633	mul	x12,x1,x13	  x1:0x800408f7 x13:0xe33a8ec8 x12=0x4d1602f8
     437465.000 ns	     43745	80008ef8	31d18793	addi	x15,x3,797	  x3:0x8fe34eac x15=0x8fe351c9
     437485.000 ns	     43747	80008efc	288f95d3	fmax.s	f11,f31,f8	 f31:0x9fe1e12f  f8:0x00000000 f11=0x00000000
     437505.000 ns	     43749	80008f00	4181d033	sra	x0,x3,x24	  x3:0x8fe34eac x24:0x1676e344
     437515.000 ns	     43750	80008f04	010bfdb3	and	x27,x23,x16	 x23:0x00000000 x16:0x01710d71 x27=0x00000000
     437535.000 ns	     43752	80008f08	c002a653	fcvt.w.s	x12,f5	  f5:0x4f7fffff x12=0x7fffffff
     437905.000 ns	     43789	80008f0c	028ae533	rem	x10,x21,x8	 x21:0xfffffe7e  x8:0xffffffff x10=0x00000000
     437935.000 ns	     43792	80008f10	02d32433	mulhsu	x8,x6,x13	  x6:0x00000000 x13:0xe33a8ec8  x8=0x00000000
     438305.000 ns	     43829	80008f14	0323d2b3	divu	x5,x7,x18	  x7:0x00000000 x18:0x1676e344  x5=0x00000000
     438325.000 ns	     43831	80008f18	54a5e697	auipc	x13,0x54a5e	 x13=0xd4a66f18
     438335.000 ns	     43832	80008f1c	f44df293	andi	x5,x27,-188	 x27:0x00000000  x5=0x00000000
     438355.000 ns	     43834	80008f20	02379fb3	mulh	x31,x15,x3	 x15:0x8fe351c9  x3:0x8fe34eac x31=0x31191d03
     438385.000 ns	     43837	80008f24	e00f8053	fmv.x.w	x0,f31	 f31:0x9fe1e12f
     438415.000 ns	     43840	80008f28	02619e33	mulh	x28,x3,x6	  x3:0x8fe34eac  x6:0x00000000 x28=0x00000000
     438445.000 ns	     43843	80008f2c	d0067bd3	fcvt.s.w	f23,x12	 x12:0x7fffffff f23=0x4effffff
     438485.000 ns	     43847	80008f30	10b875d3	fmul.s	f11,f16,f11	 f16:0x135a876c f11:0x00000000 f11=0x00000000
     438515.000 ns	     43850	80008f34	03cfdd33	divu	x26,x31,x28	 x31:0x31191d03 x28:0x00000000 x26=0xffffffff
     438535.000 ns	     43852	80008f38	b0b1e813	ori	x16,x3,-1269	  x3:0x8fe34eac x16=0xffffffaf
     439705.000 ns	     43969	80008f3c	58017453	fsqrt.s	f8,f2	  f2:0x468cc699  f8=0x43063c34
     439735.000 ns	     43972	80008f40	c0167c53	fcvt.wu.s	x24,f12	 f12:0xffc00000 x24=0xffffffff
     439765.000 ns	     43975	80008f44	a1fa0b53	fle.s	x22,f20,f31	 f20:0xcd9ad411 f31:0x9fe1e12f x22=0x00000001
     439795.000 ns	     43978	80008f48	e0019753	fclass.s	x14,f3	  f3:0x00000000 x14=0x00000010
     439815.000 ns	     43980	80008f4c	4148d2b3	sra	x5,x17,x20	 x17:0x80040fe4 x20:0xffffffff  x5=0xffffffff
     439825.000 ns	     43981	80008f50	006ada93	srli	x21,x21,0x6	 x21:0xfffffe7e x21=0x03fffff9
     440185.000 ns	     44017	80008f54	034e7b33	remu	x22,x28,x20	 x28:0x00000000 x20:0xffffffff x22=0x00000000
     440205.000 ns	     44019	80008f58	2d6f0217	auipc	x4,0x2d6f0	  x4=0xad6f8f58
     440215.000 ns	     44020	80008f5c	ac25f313	andi	x6,x11,-1342	 x11:0x80041024  x6=0x80041000
     440545.000 ns	     44053	80008f60	19df94d3	fdiv.s	f9,f31,f29	 f31:0x9fe1e12f f29:0x135a876c  f9=0xcc1f71c8
     440575.000 ns	     44056	80008f64	20ff8753	fsgnj.s	f14,f31,f15	 f31:0x9fe1e12f f15:0x00000000 f14=0x1fe1e12f
     440615.000 ns	     44060	80008f68	18392453	fdiv.s	f8,f18,f3	 f18:0x468cc699  f3:0x00000000  f8=0x7f800000
     440635.000 ns	     44062	80008f6c	41215bb3	sra	x23,x2,x18	  x2:0x00000001 x18:0x1676e344 x23=0x00000000
     440655.000 ns	     44064	80008f70	2190a6d3	fsgnjx.s	f13,f1,f25	  f1:0x00000000 f25:0x7fc00000 f13=0x00000000
     440675.000 ns	     44066	80008f74	00000013	addi	x0,x0,0	  x0:0x00000000
     441845.000 ns	     44183	80008f78	58091253	fsqrt.s	f4,f18	 f18:0x468cc699  f4=0x43063c34
     441875.000 ns	     44186	80008f7c	20440053	fsgnj.s	f0,f8,f4	  f8:0x7f800000  f4:0x42920000  f0=0x7f800000
     441905.000 ns	     44189	80008f80	e0050153	fmv.x.w	x2,f10	 f10:0x00000000  x2=0x00000000
     441935.000 ns	     44192	80008f84	20eb0853	fsgnj.s	f16,f22,f14	 f22:0x468cc699 f14:0x1fe1e12f f16=0x468cc699
     441955.000 ns	     44194	80008f88	4022dbb3	sra	x23,x5,x2	  x5:0xffffffff  x2:0x00000000 x23=0xffffffff
     441965.000 ns	     44195	80008f8c	01041493	slli	x9,x8,0x10	  x8:0x00000000  x9=0x00000000
     441985.000 ns	     44197	80008f90	0286da33	divu	x20,x13,x8	 x13:0xd4a66f18  x8:0x00000000 x20=0xffffffff
     442005.000 ns	     44199	80008f94	08eb0317	auipc	x6,0x8eb0	  x6=0x88eb8f94
     442025.000 ns	     44201	80008f98	20710dd3	fsgnj.s	f27,f2,f7	  f2:0x468cc699  f7:0x00000000 f27=0x468cc699
     442055.000 ns	     44204	80008f9c	a013acd3	feq.s	x25,f7,f1	  f7:0x00000000  f1:0x00000000 x25=0x00000001
     442075.000 ns	     44206	80008fa0	01dbaeb3	slt	x29,x23,x29	 x23:0xffffffff x29:0xfffffe7e x29=0x00000000
     442095.000 ns	     44208	80008fa4	20258353	fsgnj.s	f6,f11,f2	 f11:0x00000000  f2:0x468cc699  f6=0x00000000
     442135.000 ns	     44212	80008fa8	112242d3	fmul.s	f5,f4,f18	  f4:0x43063c34 f18:0x468cc699  f5=0x4a13a21e
     442165.000 ns	     44215	80008fac	a0ee1353	flt.s	x6,f28,f14	 f28:0x00000000 f14:0x1fe1e12f  x6=0x00000001
     442195.000 ns	     44218	80008fb0	f00d0cd3	fmv.w.x	f25,x26	 x26:0xffffffff f25=0xffffffff
     442215.000 ns	     44220	80008fb4	0044f833	and	x16,x9,x4	  x9:0x00000000  x4:0xad6f8f58 x16=0x00000000
     442225.000 ns	     44221	80008fb8	6016a613	slti	x12,x13,1537	 x13:0xd4a66f18 x12=0x00000001
     442245.000 ns	     44223	80008fbc	e0050d53	fmv.x.w	x26,f10	 f10:0x00000000 x26=0x00000000
     442275.000 ns	     44226	80008fc0	20302bd3	fsgnjx.s	f23,f0,f3	  f0:0x7f800000  f3:0x00000000 f23=0x7f800000
     442305.000 ns	     44229	80008fc4	0362e7b3	rem	x15,x5,x22	  x5:0xffffffff x22:0x00000000 x15=0xffffffff
     442335.000 ns	     44232	80008fc8	218a0653	fsgnj.s	f12,f20,f24	 f20:0xcd9ad411 f24:0xcd9ad411 f12=0xcd9ad411
     442365.000 ns	     44235	80008fcc	20170553	fsgnj.s	f10,f14,f1	 f14:0x1fe1e12f  f1:0x00000000 f10=0x1fe1e12f
     442415.000 ns	     44240	80008fd0	09913f53	fsub.s	f30,f2,f25	  f2:0x468cc699 f25:0xffffffff f30=0x7fc00000
     442435.000 ns	     44242	80008fd4	016c8d33	add	x26,x25,x22	 x25:0x00000001 x22:0x00000000 x26=0x00000001
     442475.000 ns	     44246	80008fd8	09fd4b53	fsub.s	f22,f26,f31	 f26:0x00000000 f31:0x9fe1e12f f22=0x1fe1e12f
     442495.000 ns	     44248	80008fdc	01e8c7b3	xor	x15,x17,x30	 x17:0x80040fe4 x30:0x00000001 x15=0x80040fe5
     442855.000 ns	     44284	80008fe0	03ab53b3	divu	x7,x22,x26	 x22:0x00000000 x26:0x00000001  x7=0x00000000
     442885.000 ns	     44287	80008fe4	e0038b53	fmv.x.w	x22,f7	  f7:0x00000000 x22=0x00000000
     442905.000 ns	     44289	80008fe8	01318233	add	x4,x3,x19	  x3:0x8fe34eac x19:0x1710d712  x4=0xa6f425be
     442925.000 ns	     44291	80008fec	a1c1a4d3	feq.s	x9,f3,f28	  f3:0x00000000 f28:0x00000000  x9=0x00000001
     442965.000 ns	     44295	80008ff0	18af01d3	fdiv.s	f3,f30,f10	 f30:0x7fc00000 f10:0x1fe1e12f  f3=0x7fc00000
     442985.000 ns	     44297	80008ff4	00931633	sll	x12,x6,x9	  x6:0x00000001  x9:0x00000001 x12=0x00000002
     442995.000 ns	     44298	80008ff8	5dd98493	addi	x9,x19,1501	 x19:0x1710d712  x9=0x1710dcef
     443015.000 ns	     44300	80008ffc	a0f92ed3	feq.s	x29,f18,f15	 f18:0x468cc699 f15:0x00000000 x29=0x00000000
     443045.000 ns	     44303	80009000	21ae20d3	fsgnjx.s	f1,f28,f26	 f28:0x00000000 f26:0x00000000  f1=0x00000000
     443065.000 ns	     44305	80009004	0106e533	or	x10,x13,x16	 x13:0xd4a66f18 x16:0x00000000 x10=0xd4a66f18
     443075.000 ns	     44306	80009008	009b3833	sltu	x16,x22,x9	 x22:0x00000000  x9:0x1710dcef x16=0x00000001
     443085.000 ns	     44307	8000900c	00540433	add	x8,x8,x5	  x8:0x00000000  x5:0xffffffff  x8=0xffffffff
     443095.000 ns	     44308	80009010	402e5e33	sra	x28,x28,x2	 x28:0x00000000  x2:0x00000000 x28=0x00000000
     443105.000 ns	     44309	80009014	31ff8d13	addi	x26,x31,799	 x31:0x31191d03 x26=0x31192022
     443125.000 ns	     44311	80009018	d01d0153	fcvt.s.wu	f2,x26	 x26:0x00000001  f2=0x4e446481
     443165.000 ns	     44315	8000901c	108b7753	fmul.s	f14,f22,f8	 f22:0x1fe1e12f  f8:0x7f800000 f14=0x7f800000
     443195.000 ns	     44318	80009020	28f906d3	fmin.s	f13,f18,f15	 f18:0x468cc699 f15:0x00000000 f13=0x00000000
     443225.000 ns	     44321	80009024	02302733	mulhsu	x14,x0,x3	  x0:0x00000000  x3:0x8fe34eac x14=0x00000000
     443245.000 ns	     44323	80009028	00c40633	add	x12,x8,x12	  x8:0xffffffff x12:0x00000002 x12=0x00000001
     443605.000 ns	     44359	8000902c	030a74b3	remu	x9,x20,x16	 x20:0xffffffff x16:0x00000001  x9=0x00000000
     443635.000 ns	     44362	80009030	c00206d3	fcvt.w.s	x13,f4	  f4:0x43063c34 x13=0x00000086
     443665.000 ns	     44365	80009034	c0147ad3	fcvt.wu.s	x21,f8	  f8:0x7f800000 x21=0xffffffff
     443685.000 ns	     44367	80009038	3de63e17	auipc	x28,0x3de63	 x28=0xbde6c038
     443725.000 ns	     44371	8000903c	004d7cd3	fadd.s	f25,f26,f4	 f26:0x00000000  f4:0x43063c34 f25=0x43063c34
     443745.000 ns	     44373	80009040	0044d013	srli	x0,x9,0x4	  x9:0x00000000
     443755.000 ns	     44374	80009044	00e68a33	add	x20,x13,x14	 x13:0x00000086 x14:0x00000000 x20=0x00000086
     443775.000 ns	     44376	80009048	034dac33	mulhsu	x24,x27,x20	 x27:0x00000000 x20:0xffffffff x24=0x00000000
     443805.000 ns	     44379	8000904c	e00e1b53	fclass.s	x22,f28	 f28:0x00000000 x22=0x00000010
     443825.000 ns	     44381	80009050	d3acce13	xori	x28,x25,-710	 x25:0x00000001 x28=0xfffffd3b
     443845.000 ns	     44383	80009054	d00d74d3	fcvt.s.w	f9,x26	 x26:0x31192022  f9=0x4e446480
     444215.000 ns	     44420	80009058	032aeab3	rem	x21,x21,x18	 x21:0xffffffff x18:0x1676e344 x21=0xffffffff
     444245.000 ns	     44423	8000905c	a1962e53	feq.s	x28,f12,f25	 f12:0xcd9ad411 f25:0x43063c34 x28=0x00000000
     444275.000 ns	     44426	80009060	0385c533	div	x10,x11,x24	 x11:0x80041024 x24:0x00000000 x10=0xffffffff
     444645.000 ns	     44463	80009064	031ac0b3	div	x1,x21,x17	 x21:0xffffffff x17:0x80040fe4  x1=0x00000000
     444685.000 ns	     44467	80009068	10c3a353	fmul.s	f6,f7,f12	  f7:0x00000000 f12:0xcd9ad411  f6=0x80000000
     444715.000 ns	     44470	8000906c	030a91b3	mulh	x3,x21,x16	 x21:0xffffffff x16:0x00000001  x3=0xffffffff
     444745.000 ns	     44473	80009070	c01df1d3	fcvt.wu.s	x3,f27	 f27:0x468cc699  x3=0x00004663
     444775.000 ns	     44476	80009074	02d19233	mulh	x4,x3,x13	  x3:0xffffffff x13:0x00000086  x4=0x00000000
     444795.000 ns	     44478	80009078	4054d233	sra	x4,x9,x5	  x9:0x00000000  x5:0xffffffff  x4=0x00000000
     445155.000 ns	     44514	8000907c	0357f0b3	remu	x1,x15,x21	 x15:0x80040fe5 x21:0xffffffff  x1=0x80040fe5
     445175.000 ns	     44516	80009080	00000013	addi	x0,x0,0	  x0:0x00000000
     445195.000 ns	     44518	80009084	c01c1053	fcvt.wu.s	x0,f24	 f24:0xcd9ad411
     445215.000 ns	     44520	80009088	012c5f93	srli	x31,x24,0x12	 x24:0x00000000 x31=0x00000000
     445225.000 ns	     44521	8000908c	01987ab3	and	x21,x16,x25	 x16:0x00000001 x25:0x00000001 x21=0x00000001
     445235.000 ns	     44522	80009090	00db4c33	xor	x24,x22,x13	 x22:0x00000010 x13:0x00000086 x24=0x00000096
     445245.000 ns	     44523	80009094	13f2ce13	xori	x28,x5,319	  x5:0xffffffff x28=0xfffffec0
     445255.000 ns	     44524	80009098	64660113	addi	x2,x12,1606	 x12:0x00000001  x2=0x00000647
     445275.000 ns	     44526	8000909c	28c49353	fmax.s	f6,f9,f12	  f9:0x4e446480 f12:0xcd9ad411  f6=0x4e446480
     445295.000 ns	     44528	800090a0	00f49f93	slli	x31,x9,0xf	  x9:0x00000000 x31=0x00000000
     445305.000 ns	     44529	800090a4	4053d533	sra	x10,x7,x5	  x7:0x00000000  x5:0xffffffff x10=0x00000000
     445325.000 ns	     44531	800090a8	285c92d3	fmax.s	f5,f25,f5	 f25:0x43063c34  f5:0x4a13a21e  f5=0x4a13a21e
     445345.000 ns	     44533	800090ac	000432b3	sltu	x5,x8,x0	  x8:0xffffffff  x0:0x00000000  x5=0x00000000
     445355.000 ns	     44534	800090b0	00ddd813	srli	x16,x27,0xd	 x27:0x00000000 x16=0x00000000
     445365.000 ns	     44535	800090b4	00a53c33	sltu	x24,x10,x10	 x10:0x00000000 x10:0x00000000 x24=0x00000000
     445375.000 ns	     44536	800090b8	010c3633	sltu	x12,x24,x16	 x24:0x00000096 x16:0x00000001 x12=0x00000000
     445385.000 ns	     44537	800090bc	46836693	ori	x13,x6,1128	  x6:0x00000001 x13=0x00000469
     445405.000 ns	     44539	800090c0	29288453	fmin.s	f8,f17,f18	 f17:0x47350461 f18:0x468cc699  f8=0x468cc699
     445435.000 ns	     44542	800090c4	a0aa1ad3	flt.s	x21,f20,f10	 f20:0xcd9ad411 f10:0x1fe1e12f x21=0x00000001
     445455.000 ns	     44544	800090c8	01c95e93	srli	x29,x18,0x1c	 x18:0x1676e344 x29=0x00000001
     445465.000 ns	     44545	800090cc	96bd7293	andi	x5,x26,-1685	 x26:0x31192022  x5=0x31192022
     445485.000 ns	     44547	800090d0	02bb3f33	mulhu	x30,x22,x11	 x22:0x00000010 x11:0x80041024 x30=0x00000008
     445505.000 ns	     44549	800090d4	000944b3	xor	x9,x18,x0	 x18:0x1676e344  x0:0x00000000  x9=0x1676e344
     445525.000 ns	     44551	800090d8	f0040ed3	fmv.w.x	f29,x8	  x8:0xffffffff f29=0xffffffff
     445545.000 ns	     44553	800090dc	fbaa8013	addi	x0,x21,-70	 x21:0x00000001
     445565.000 ns	     44555	800090e0	02b814b3	mulh	x9,x16,x11	 x16:0x00000000 x11:0x80041024  x9=0x00000000
     445585.000 ns	     44557	800090e4	011de433	or	x8,x27,x17	 x27:0x00000000 x17:0x80040fe4  x8=0x80040fe4
     445595.000 ns	     44558	800090e8	00417433	and	x8,x2,x4	  x2:0x00000647  x4:0x00000000  x8=0x00000000
     445605.000 ns	     44559	800090ec	00641733	sll	x14,x8,x6	  x8:0xffffffff  x6:0x00000001 x14=0x00000000
     445615.000 ns	     44560	800090f0	005aff33	and	x30,x21,x5	 x21:0x00000001  x5:0x31192022 x30=0x00000000
     445635.000 ns	     44562	800090f4	0324b633	mulhu	x12,x9,x18	  x9:0x00000000 x18:0x1676e344 x12=0x00000000
     445975.000 ns	     44596	800090f8	19f97ad3	fdiv.s	f21,f18,f31	 f18:0x468cc699 f31:0x9fe1e12f f21=0xe646be06
     446005.000 ns	     44599	800090fc	a0a82bd3	feq.s	x23,f16,f10	 f16:0x468cc699 f10:0x1fe1e12f x23=0x00000000
     446035.000 ns	     44602	80009100	03573933	mulhu	x18,x14,x21	 x14:0x00000000 x21:0x00000001 x18=0x00000000
     446055.000 ns	     44604	80009104	01d4e333	or	x6,x9,x29	  x9:0x00000000 x29:0x00000001  x6=0x00000001
     446075.000 ns	     44606	80009108	21c02b53	fsgnjx.s	f22,f0,f28	  f0:0x7f800000 f28:0x00000000 f22=0x7f800000
     446105.000 ns	     44609	8000910c	d0179ad3	fcvt.s.wu	f21,x15	 x15:0x80040fe5 f21=0x4f00040f
     446125.000 ns	     44611	80009110	01a03b33	sltu	x22,x0,x26	  x0:0x00000000 x26:0x31192022 x22=0x00000001
     446145.000 ns	     44613	80009114	a0da9c53	flt.s	x24,f21,f13	 f21:0x4f00040f f13:0x00000000 x24=0x00000000
     446175.000 ns	     44616	80009118	20e209d3	fsgnj.s	f19,f4,f14	  f4:0x43063c34 f14:0x7f800000 f19=0x43063c34
     446205.000 ns	     44619	8000911c	d01c4053	fcvt.s.wu	f0,x24	 x24:0x00000000  f0=0x00000000
     446225.000 ns	     44621	80009120	000d1b13	slli	x22,x26,0x0	 x26:0x31192022 x22=0x31192022
     447395.000 ns	     44738	80009124	5802fcd3	fsqrt.s	f25,f5	  f5:0x4a13a21e f25=0x4450c852
     447425.000 ns	     44741	80009128	c01574d3	fcvt.wu.s	x9,f10	 f10:0x1fe1e12f  x9=0x00000000
     447445.000 ns	     44743	8000912c	3fa9c693	xori	x13,x19,1018	 x19:0x1710d712 x13=0x1710d4e8
     447455.000 ns	     44744	80009130	41ffd913	srai	x18,x31,0x1f	 x31:0x00000000 x18=0x00000000
     447475.000 ns	     44746	80009134	c00c7953	fcvt.w.s	x18,f24	 f24:0xcd9ad411 x18=0x135a8220
     448655.000 ns	     44864	80009138	580205d3	fsqrt.s	f11,f4	  f4:0x43063c34 f11=0x40bdd5ca
     448695.000 ns	     44868	8000913c	580b79d3	fsqrt.s	f19,f22	 f22:0x7f800000 f19=0x7f800000
     448715.000 ns	     44870	80009140	a0d8fb13	andi	x22,x17,-1523	 x17:0x80040fe4 x22=0x80040a04
     448735.000 ns	     44872	80009144	02c74a33	div	x20,x14,x12	 x14:0x00000000 x12:0x00000000 x20=0xffffffff
     448765.000 ns	     44875	80009148	02904233	div	x4,x0,x9	  x0:0x00000000  x9:0x00000000  x4=0xffffffff
     448815.000 ns	     44880	8000914c	088c2253	fsub.s	f4,f24,f8	 f24:0xcd9ad411  f8:0x468cc699  f4=0xcd9ad645
     448835.000 ns	     44882	80009150	0092c033	xor	x0,x5,x9	  x5:0x31192022  x9:0x00000000
     448855.000 ns	     44884	80009154	c00bcad3	fcvt.w.s	x21,f23	 f23:0x7f800000 x21=0x7fffffff
     448875.000 ns	     44886	80009158	00d814b3	sll	x9,x16,x13	 x16:0x00000000 x13:0x1710d4e8  x9=0x00000000
     448895.000 ns	     44888	8000915c	0351aa33	mulhsu	x20,x3,x21	  x3:0x00004663 x21:0x7fffffff x20=0x00002331
     448915.000 ns	     44890	80009160	de259437	lui	x8,0xde259	  x8=0xde259000
     448925.000 ns	     44891	80009164	41e30333	sub	x6,x6,x30	  x6:0x00000001 x30:0x00000000  x6=0x00000001
     448935.000 ns	     44892	80009168	404adab3	sra	x21,x21,x4	 x21:0x7fffffff  x4:0xffffffff x21=0x00000000
     448945.000 ns	     44893	8000916c	0197eb33	or	x22,x15,x25	 x15:0x80040fe5 x25:0x00000001 x22=0x80040fe5
     449835.000 ns	     44982	80009170	580911d3	fsqrt.s	f3,f18	 f18:0x468cc699  f3=0x43063c34
     449865.000 ns	     44985	80009174	c0117bd3	fcvt.wu.s	x23,f2	  f2:0x4e446481 x23=0x31192040
     449895.000 ns	     44988	80009178	035c4633	div	x12,x24,x21	 x24:0x00000000 x21:0x00000000 x12=0xffffffff
     449935.000 ns	     44992	8000917c	11affed3	fmul.s	f29,f31,f26	 f31:0x9fe1e12f f26:0x00000000 f29=0x80000000
     449965.000 ns	     44995	80009180	d01eaad3	fcvt.s.wu	f21,x29	 x29:0x00000001 f21=0x3f800000
     449985.000 ns	     44997	80009184	fc032493	slti	x9,x6,-64	  x6:0x00000001  x9=0x00000000
     449995.000 ns	     44998	80009188	c45db317	auipc	x6,0xc45db	  x6=0x445e4188
     450005.000 ns	     44999	8000918c	01d606b3	add	x13,x12,x29	 x12:0xffffffff x29:0x00000001 x13=0x00000000
     450015.000 ns	     45000	80009190	3fe9a093	slti	x1,x19,1022	 x19:0x1710d712  x1=0x00000000
     450055.000 ns	     45004	80009194	00c20153	fadd.s	f2,f4,f12	  f4:0xcd9ad645 f12:0xcd9ad411  f2=0xce1ad52b
     450085.000 ns	     45007	80009198	0282b2b3	mulhu	x5,x5,x8	  x5:0x31192022  x8:0xde259000  x5=0x2a9afe1d
     450115.000 ns	     45010	8000919c	a0568b53	fle.s	x22,f13,f5	 f13:0x00000000  f5:0x4a13a21e x22=0x00000001
     450135.000 ns	     45012	800091a0	d21b26b7	lui	x13,0xd21b2	 x13=0xd21b2000
     450155.000 ns	     45014	800091a4	0207cf33	div	x30,x15,x0	 x15:0x80040fe5  x0:0x00000000 x30=0xffffffff
     450185.000 ns	     45017	800091a8	28798153	fmin.s	f2,f19,f7	 f19:0x7f800000  f7:0x00000000  f2=0x00000000
     450205.000 ns	     45019	800091ac	0046e333	or	x6,x13,x4	 x13:0xd21b2000  x4:0xffffffff  x6=0xffffffff
     450235.000 ns	     45022	800091b0	18f28b53	fdiv.s	f22,f5,f15	  f5:0x4a13a21e f15:0x00000000 f22=0x7f800000
     450255.000 ns	     45024	800091b4	008a7cb3	and	x25,x20,x8	 x20:0x00002331  x8:0xde259000 x25=0x00000000
     450285.000 ns	     45027	800091b8	580276d3	fsqrt.s	f13,f4	  f4:0xcd9ad645 f13=0x7fc00000
     450305.000 ns	     45029	800091bc	ce66a013	slti	x0,x13,-794	 x13:0xd21b2000
     450315.000 ns	     45030	800091c0	439dcc93	xori	x25,x27,1081	 x27:0x00000000 x25=0x00000439
     450335.000 ns	     45032	800091c4	d01cfd53	fcvt.s.wu	f26,x25	 x25:0x00000000 f26=0x44872000
     450365.000 ns	     45035	800091c8	020ea933	mulhsu	x18,x29,x0	 x29:0x00000001  x0:0x00000000 x18=0x00000000
     450405.000 ns	     45039	800091cc	187ef4d3	fdiv.s	f9,f29,f7	 f29:0x80000000  f7:0x00000000  f9=0x7fc00000
     450435.000 ns	     45042	800091d0	c00af053	fcvt.w.s	x0,f21	 f21:0x3f800000
     450455.000 ns	     45044	800091d4	d2b56213	ori	x4,x10,-725	 x10:0x00000000  x4=0xfffffd2b
     450465.000 ns	     45045	800091d8	b0003613	sltiu	x12,x0,-1280	  x0:0x00000000 x12=0x00000001
     450485.000 ns	     45047	800091dc	0303c3b3	div	x7,x7,x16	  x7:0x00000000 x16:0x00000000  x7=0xffffffff
     450505.000 ns	     45049	800091e0	66aa7213	andi	x4,x20,1642	 x20:0x00002331  x4=0x00000220
     450525.000 ns	     45051	800091e4	029d6433	rem	x8,x26,x9	 x26:0x31192022  x9:0x00000000  x8=0x31192022
     450545.000 ns	     45053	800091e8	30e66537	lui	x10,0x30e66	 x10=0x30e66000
     450565.000 ns	     45055	800091ec	e00c8053	fmv.x.w	x0,f25	 f25:0x4450c852
     450595.000 ns	     45058	800091f0	20a88bd3	fsgnj.s	f23,f17,f10	 f17:0x47350461 f10:0x1fe1e12f f23=0x47350461
     450615.000 ns	     45060	800091f4	010f0bb3	add	x23,x30,x16	 x30:0xffffffff x16:0x00000000 x23=0xffffffff
     450635.000 ns	     45062	800091f8	d0051453	fcvt.s.w	f8,x10	 x10:0x30e66000  f8=0x4e439980
     450665.000 ns	     45065	800091fc	c01a8253	fcvt.wu.s	x4,f21	 f21:0x3f800000  x4=0x00000001
     450705.000 ns	     45069	80009200	185b0a53	fdiv.s	f20,f22,f5	 f22:0x7f800000  f5:0x4a13a21e f20=0x7f800000
     450725.000 ns	     45071	80009204	01eaaab3	slt	x21,x21,x30	 x21:0x00000000 x30:0xffffffff x21=0x00000000
     450735.000 ns	     45072	80009208	2e990917	auipc	x18,0x2e990	 x18=0xae999208
     450745.000 ns	     45073	8000920c	d33ec493	xori	x9,x29,-717	 x29:0x00000001  x9=0xfffffd32
     450765.000 ns	     45075	80009210	037124b3	mulhsu	x9,x2,x23	  x2:0x00000647 x23:0xffffffff  x9=0x00000646
     450795.000 ns	     45078	80009214	025e06b3	mul	x13,x28,x5	 x28:0xfffffec0  x5:0x2a9afe1d x13=0xbe425bc0
     450825.000 ns	     45081	80009218	d00a88d3	fcvt.s.w	f17,x21	 x21:0x00000000 f17=0x00000000
     450855.000 ns	     45084	8000921c	21a90c53	fsgnj.s	f24,f18,f26	 f18:0x468cc699 f26:0x44872000 f24=0x468cc699
     451225.000 ns	     45121	80009220	02f166b3	rem	x13,x2,x15	  x2:0x00000647 x15:0x80040fe5 x13=0x00000647
     451255.000 ns	     45124	80009224	21e319d3	fsgnjn.s	f19,f6,f30	  f6:0x4e446480 f30:0x7fc00000 f19=0xce446480
     451295.000 ns	     45128	80009228	5800f0d3	fsqrt.s	f1,f1	  f1:0x00000000  f1=0x00000000
     451315.000 ns	     45130	8000922c	72a1ba17	auipc	x20,0x72a1b	 x20=0xf2a2422c
     451325.000 ns	     45131	80009230	f39ae513	ori	x10,x21,-199	 x21:0x00000000 x10=0xffffff39
     451345.000 ns	     45133	80009234	02fe8133	mul	x2,x29,x15	 x29:0x00000001 x15:0x80040fe5  x2=0x80040fe5
     451365.000 ns	     45135	80009238	00f5adb3	slt	x27,x11,x15	 x11:0x80041024 x15:0x80040fe5 x27=0x00000000
     451385.000 ns	     45137	8000923c	a0d89253	flt.s	x4,f17,f13	 f17:0x00000000 f13:0x7fc00000  x4=0x00000000
     451405.000 ns	     45139	80009240	00000013	addi	x0,x0,0	  x0:0x00000000
     451425.000 ns	     45141	80009244	28991b53	fmax.s	f22,f18,f9	 f18:0x468cc699  f9:0x7fc00000 f22=0x468cc699
     451445.000 ns	     45143	80009248	00000013	addi	x0,x0,0	  x0:0x00000000
     451455.000 ns	     45144	8000924c	01279f93	slli	x31,x15,0x12	 x15:0x80040fe5 x31=0x3f940000
     451815.000 ns	     45180	80009250	034466b3	rem	x13,x8,x20	  x8:0x31192022 x20:0xf2a2422c x13=0x08ffe6a6
     451855.000 ns	     45184	80009254	5808cd53	fsqrt.s	f26,f17	 f17:0x00000000 f26=0x00000000
     451885.000 ns	     45187	80009258	a1010ed3	fle.s	x29,f2,f16	  f2:0x00000000 f16:0x468cc699 x29=0x00000001
     451935.000 ns	     45192	8000925c	084e7cd3	fsub.s	f25,f28,f4	 f28:0x00000000  f4:0xcd9ad645 f25=0x4d9ad645
     451965.000 ns	     45195	80009260	29e010d3	fmax.s	f1,f0,f30	  f0:0x00000000 f30:0x7fc00000  f1=0x00000000
     452335.000 ns	     45232	80009264	03a5c1b3	div	x3,x11,x26	 x11:0x80041024 x26:0x31192022  x3=0xfffffffe
     452365.000 ns	     45235	80009268	03221733	mulh	x14,x4,x18	  x4:0x00000000 x18:0xae999208 x14=0x00000000
     452395.000 ns	     45238	8000926c	a1f507d3	fle.s	x15,f10,f31	 f10:0x1fe1e12f f31:0x9fe1e12f x15=0x00000000
     452425.000 ns	     45241	80009270	e0030353	fmv.x.w	x6,f6	  f6:0x4e446480  x6=0x4e446480
     452765.000 ns	     45275	80009274	184979d3	fdiv.s	f19,f18,f4	 f18:0x468cc699  f4:0xcd9ad645 f19=0xb80cc69a
     452785.000 ns	     45277	80009278	014454b3	srl	x9,x8,x20	  x8:0x31192022 x20:0xf2a2422c  x9=0x00031192
     452805.000 ns	     45279	8000927c	e00e9bd3	fclass.s	x23,f29	 f29:0x80000000 x23=0x00000008
     452845.000 ns	     45283	80009280	18137153	fdiv.s	f2,f6,f1	  f6:0x4e446480  f1:0x00000000  f2=0x7f800000
     452865.000 ns	     45285	80009284	0008d493	srli	x9,x17,0x0	 x17:0x80040fe4  x9=0x80040fe4
     452875.000 ns	     45286	80009288	00a45d13	srli	x26,x8,0xa	  x8:0x31192022 x26=0x000c4648
     452885.000 ns	     45287	8000928c	01bc1233	sll	x4,x24,x27	 x24:0x00000000 x27:0x00000000  x4=0x00000000
     452905.000 ns	     45289	80009290	023326b3	mulhsu	x13,x6,x3	  x6:0x4e446480  x3:0xfffffffe x13=0x4e44647f
     452925.000 ns	     45291	80009294	418c5d33	sra	x26,x24,x24	 x24:0x00000000 x24:0x00000000 x26=0x00000000
     452945.000 ns	     45293	80009298	a03f83d3	fle.s	x7,f31,f3	 f31:0x9fe1e12f  f3:0x43063c34  x7=0x00000001
     452975.000 ns	     45296	8000929c	e00700d3	fmv.x.w	x1,f14	 f14:0x7f800000  x1=0x7f800000
     453005.000 ns	     45299	800092a0	c00830d3	fcvt.w.s	x1,f16	 f16:0x468cc699  x1=0x00004664
     453035.000 ns	     45302	800092a4	02243e33	mulhu	x28,x8,x2	  x8:0x31192022  x2:0x80040fe5 x28=0x188d5781
     453065.000 ns	     45305	800092a8	28120bd3	fmin.s	f23,f4,f1	  f4:0xcd9ad645  f1:0x00000000 f23=0xcd9ad645
     453095.000 ns	     45308	800092ac	d01b46d3	fcvt.s.wu	f13,x22	 x22:0x00000001 f13=0x3f800000
     453115.000 ns	     45310	800092b0	01599533	sll	x10,x19,x21	 x19:0x1710d712 x21:0x00000000 x10=0x1710d712
     453135.000 ns	     45312	800092b4	f00183d3	fmv.w.x	f7,x3	  x3:0xfffffffe  f7=0xfffffffe
     453165.000 ns	     45315	800092b8	c015fad3	fcvt.wu.s	x21,f11	 f11:0x40bdd5ca x21=0x00000005
     453195.000 ns	     45318	800092bc	a1cd2bd3	feq.s	x23,f26,f28	 f26:0x00000000 f28:0x00000000 x23=0x00000001
     453245.000 ns	     45323	800092c0	01d8fbd3	fadd.s	f23,f17,f29	 f17:0x00000000 f29:0x80000000 f23=0x80000000
     453295.000 ns	     45328	800092c4	0053f953	fadd.s	f18,f7,f5	  f7:0xfffffffe  f5:0x4a13a21e f18=0x7fc00000
     453315.000 ns	     45330	800092c8	e45c3a13	sltiu	x20,x24,-443	 x24:0x00000000 x20=0x00000001
     453325.000 ns	     45331	800092cc	c7798093	addi	x1,x19,-905	 x19:0x1710d712  x1=0x1710d389
     453345.000 ns	     45333	800092d0	28671253	fmax.s	f4,f14,f6	 f14:0x7f800000  f6:0x4e446480  f4=0x7f800000
     453365.000 ns	     45335	800092d4	53bb0713	addi	x14,x22,1339	 x22:0x00000001 x14=0x0000053c
     453385.000 ns	     45337	800092d8	f0040f53	fmv.w.x	f30,x8	  x8:0x31192022 f30=0x31192022
     453415.000 ns	     45340	800092dc	29b387d3	fmin.s	f15,f7,f27	  f7:0xfffffffe f27:0x468cc699 f15=0x468cc699
     453435.000 ns	     45342	800092e0	007fd513	srli	x10,x31,0x7	 x31:0x3f940000 x10=0x007f2800
     453445.000 ns	     45343	800092e4	2c132393	slti	x7,x6,705	  x6:0x4e446480  x7=0x00000000
     453465.000 ns	     45345	800092e8	a05da253	feq.s	x4,f27,f5	 f27:0x468cc699  f5:0x4a13a21e  x4=0x00000000
     453495.000 ns	     45348	800092ec	0351b133	mulhu	x2,x3,x21	  x3:0xfffffffe x21:0x00000005  x2=0x00000004
     453535.000 ns	     45352	800092f0	18aecad3	fdiv.s	f21,f29,f10	 f29:0x80000000 f10:0x1fe1e12f f21=0x80000000
     453565.000 ns	     45355	800092f4	207b04d3	fsgnj.s	f9,f22,f7	 f22:0x468cc699  f7:0xfffffffe  f9=0xc68cc699
     453585.000 ns	     45357	800092f8	011264b3	or	x9,x4,x17	  x4:0x00000000 x17:0x80040fe4  x9=0x80040fe4
     453605.000 ns	     45359	800092fc	e0030b53	fmv.x.w	x22,f6	  f6:0x4e446480 x22=0x4e446480
     453625.000 ns	     45361	80009300	019c1db3	sll	x27,x24,x25	 x24:0x00000000 x25:0x00000439 x27=0x00000000
     453635.000 ns	     45362	80009304	00ddacb3	slt	x25,x27,x13	 x27:0x00000000 x13:0x4e44647f x25=0x00000001
     453655.000 ns	     45364	80009308	203b06d3	fsgnj.s	f13,f22,f3	 f22:0x468cc699  f3:0x43063c34 f13=0x468cc699
     453685.000 ns	     45367	8000930c	212a89d3	fsgnj.s	f19,f21,f18	 f21:0x80000000 f18:0x7fc00000 f19=0x00000000
     453705.000 ns	     45369	80009310	8ffbce13	xori	x28,x23,-1793	 x23:0x00000001 x28=0xfffff8fe
     453715.000 ns	     45370	80009314	f9a04113	xori	x2,x0,-102	  x0:0x00000000  x2=0xffffff9a
     453725.000 ns	     45371	80009318	409c5833	sra	x16,x24,x9	 x24:0x00000000  x9:0x80040fe4 x16=0x00000000
     453745.000 ns	     45373	8000931c	e00803d3	fmv.x.w	x7,f16	 f16:0x468cc699  x7=0x468cc699
     453765.000 ns	     45375	80009320	402c5413	srai	x8,x24,0x2	 x24:0x00000000  x8=0x00000000
     454125.000 ns	     45411	80009324	03104633	div	x12,x0,x17	  x0:0x00000000 x17:0x80040fe4 x12=0x00000000
     454165.000 ns	     45415	80009328	5803f653	fsqrt.s	f12,f7	  f7:0xfffffffe f12=0x7fc00000
     454185.000 ns	     45417	8000932c	01122cb3	slt	x25,x4,x17	  x4:0x00000000 x17:0x80040fe4 x25=0x00000000
     454205.000 ns	     45419	80009330	21a5a6d3	fsgnjx.s	f13,f11,f26	 f11:0x40bdd5ca f26:0x00000000 f13=0x40bdd5ca
     454235.000 ns	     45422	80009334	a0d41cd3	flt.s	x25,f8,f13	  f8:0x4e439980 f13:0x468cc699 x25=0x00000000
     454275.000 ns	     45426	80009338	182234d3	fdiv.s	f9,f4,f2	  f4:0x7f800000  f2:0x7f800000  f9=0x7fc00000
     454305.000 ns	     45429	8000933c	d010c653	fcvt.s.wu	f12,x1	  x1:0x1710d389 f12=0x4db8869c
     454335.000 ns	     45432	80009340	28009653	fmax.s	f12,f1,f0	  f1:0x00000000  f0:0x00000000 f12=0x00000000
     454365.000 ns	     45435	80009344	d0177253	fcvt.s.wu	f4,x14	 x14:0x0000053c  f4=0x44a78000
     454385.000 ns	     45437	80009348	3d5b3d13	sltiu	x26,x22,981	 x22:0x4e446480 x26=0x00000000
     455305.000 ns	     45529	8000934c	580cb553	fsqrt.s	f10,f25	 f25:0x4d9ad645 f10=0x468cc799
     455355.000 ns	     45534	80009350	08a61453	fsub.s	f8,f12,f10	 f12:0x00000000 f10:0x1fe1e12f  f8=0xc68cc799
     455385.000 ns	     45537	80009354	03016e33	rem	x28,x2,x16	  x2:0xffffff9a x16:0x00000000 x28=0xffffff9a
     455405.000 ns	     45539	80009358	0171db13	srli	x22,x3,0x17	  x3:0xfffffffe x22=0x000001ff
     455415.000 ns	     45540	8000935c	58f10b13	addi	x22,x2,1423	  x2:0xffffff9a x22=0x00000529
     455425.000 ns	     45541	80009360	006d60b3	or	x1,x26,x6	 x26:0x00000000  x6:0x4e446480  x1=0x4e446480
     455445.000 ns	     45543	80009364	a1eb9553	flt.s	x10,f23,f30	 f23:0x80000000 f30:0x31192022 x10=0x00000001
     455465.000 ns	     45545	80009368	5345c013	xori	x0,x11,1332	 x11:0x80041024
     455475.000 ns	     45546	8000936c	00badbb3	srl	x23,x21,x11	 x21:0x00000005 x11:0x80041024 x23=0x00000000
     455495.000 ns	     45548	80009370	a03f1c53	flt.s	x24,f30,f3	 f30:0x31192022  f3:0x43063c34 x24=0x00000001
     455525.000 ns	     45551	80009374	0389a0b3	mulhsu	x1,x19,x24	 x19:0x1710d712 x24:0x00000000  x1=0x00000000
     455895.000 ns	     45588	80009378	02bd6233	rem	x4,x26,x11	 x26:0x00000000 x11:0x80041024  x4=0x00000000
     455925.000 ns	     45591	8000937c	0340bc33	mulhu	x24,x1,x20	  x1:0x00000000 x20:0x00000001 x24=0x00000000
     455945.000 ns	     45593	80009380	003db933	sltu	x18,x27,x3	 x27:0x00000000  x3:0xfffffffe x18=0x00000001
     456305.000 ns	     45629	80009384	0262deb3	divu	x29,x5,x6	  x5:0x2a9afe1d  x6:0x4e446480 x29=0x00000000
     456335.000 ns	     45632	80009388	02c5fbb3	remu	x23,x11,x12	 x11:0x80041024 x12:0x00000000 x23=0x80041024
     456375.000 ns	     45636	8000938c	11e80e53	fmul.s	f28,f16,f30	 f16:0x468cc699 f30:0x31192022 f28=0x382868ba
     456405.000 ns	     45639	80009390	a1c926d3	feq.s	x13,f18,f28	 f18:0x7fc00000 f28:0x00000000 x13=0x00000000
     456435.000 ns	     45642	80009394	28348353	fmin.s	f6,f9,f3	  f9:0x7fc00000  f3:0x43063c34  f6=0x43063c34
     456455.000 ns	     45644	80009398	01d4a7b3	slt	x15,x9,x29	  x9:0x80040fe4 x29:0x00000000 x15=0x00000001
     456475.000 ns	     45646	8000939c	a1fb8353	fle.s	x6,f23,f31	 f23:0x80000000 f31:0x9fe1e12f  x6=0x00000000
     456495.000 ns	     45648	800093a0	00000013	addi	x0,x0,0	  x0:0x00000000
     456515.000 ns	     45650	800093a4	c0057553	fcvt.w.s	x10,f10	 f10:0x468cc799 x10=0x00004663
     456545.000 ns	     45653	800093a8	03b91133	mulh	x2,x18,x27	 x18:0x00000001 x27:0x00000000  x2=0x00000000
     456565.000 ns	     45655	800093ac	020b4c17	auipc	x24,0x20b4	 x24=0x820bd3ac
     456585.000 ns	     45657	800093b0	03951233	mulh	x4,x10,x25	 x10:0x00004663 x25:0x00000000  x4=0x00000000
     456625.000 ns	     45661	800093b4	10098f53	fmul.s	f30,f19,f0	 f19:0x00000000  f0:0x00000000 f30=0x00000000
     456675.000 ns	     45666	800093b8	01e47153	fadd.s	f2,f8,f30	  f8:0xc68cc799 f30:0x31192022  f2=0xc68cc799
     456705.000 ns	     45669	800093bc	e0021053	fclass.s	x0,f4	  f4:0x44a78000
     456725.000 ns	     45671	800093c0	00000013	addi	x0,x0,0	  x0:0x00000000
     456745.000 ns	     45673	800093c4	f0090b53	fmv.w.x	f22,x18	 x18:0x00000001 f22=0x00000001
     456765.000 ns	     45675	800093c8	00be22b3	slt	x5,x28,x11	 x28:0xffffff9a x11:0x80041024  x5=0x00000000
     456775.000 ns	     45676	800093cc	00542ab7	lui	x21,0x542	 x21=0x00542000
     456795.000 ns	     45678	800093d0	a0b41d53	flt.s	x26,f8,f11	  f8:0xc68cc799 f11:0x40bdd5ca x26=0x00000001
     456835.000 ns	     45682	800093d4	10cd84d3	fmul.s	f9,f27,f12	 f27:0x468cc699 f12:0x00000000  f9=0x00000000
     456855.000 ns	     45684	800093d8	008ba433	slt	x8,x23,x8	 x23:0x80041024  x8:0x00000000  x8=0x00000001
     456875.000 ns	     45686	800093dc	0220e3b3	rem	x7,x1,x2	  x1:0x00000000  x2:0x00000000  x7=0x00000000
     456895.000 ns	     45688	800093e0	bdf20197	auipc	x3,0xbdf20	  x3=0x3df293e0
     456905.000 ns	     45689	800093e4	001cf133	and	x2,x25,x1	 x25:0x00000000  x1:0x00000000  x2=0x00000000
     456915.000 ns	     45690	800093e8	0023b6b3	sltu	x13,x7,x2	  x7:0x00000000  x2:0x00000000 x13=0x00000000
     456935.000 ns	     45692	800093ec	c0067ed3	fcvt.w.s	x29,f12	 f12:0x00000000 x29=0x00000000
     458115.000 ns	     45810	800093f0	58027253	fsqrt.s	f4,f4	  f4:0x44a78000  f4=0x42126c69
     458165.000 ns	     45815	800093f4	01a445d3	fadd.s	f11,f8,f26	  f8:0xc68cc799 f26:0x00000000 f11=0xc68cc799
     458185.000 ns	     45817	800093f8	3ecacf93	xori	x31,x21,1004	 x21:0x00542000 x31=0x005423ec
     458205.000 ns	     45819	800093fc	025ee433	rem	x8,x29,x5	 x29:0x00000000  x5:0x00000000  x8=0x00000000
     458225.000 ns	     45821	80009400	2429b293	sltiu	x5,x19,578	 x19:0x1710d712  x5=0x00000000
     458235.000 ns	     45822	80009404	05bfb493	sltiu	x9,x31,91	 x31:0x005423ec  x9=0x00000000
     458255.000 ns	     45824	80009408	f0050753	fmv.w.x	f14,x10	 x10:0x00004663 f14=0x00004663
     458275.000 ns	     45826	8000940c	01589293	slli	x5,x17,0x15	 x17:0x80040fe4  x5=0xfc800000
     458295.000 ns	     45828	80009410	205e82d3	fsgnj.s	f5,f29,f5	 f29:0x80000000  f5:0x4a13a21e  f5=0x00000000
     458315.000 ns	     45830	80009414	012ade33	srl	x28,x21,x18	 x21:0x00542000 x18:0x00000001 x28=0x002a1000
     458325.000 ns	     45831	80009418	418dd113	srai	x2,x27,0x18	 x27:0x00000000  x2=0x00000000
     458335.000 ns	     45832	8000941c	0b356a97	auipc	x21,0xb356	 x21=0x8b35f41c
     458345.000 ns	     45833	80009420	0a38ae13	slti	x28,x17,163	 x17:0x80040fe4 x28=0x00000001
     458375.000 ns	     45836	80009424	1054f3d3	fmul.s	f7,f9,f5	  f9:0x00000000  f5:0x00000000  f7=0x00000000
     458715.000 ns	     45870	80009428	19f57653	fdiv.s	f12,f10,f31	 f10:0x468cc799 f31:0x9fe1e12f f12=0xe646bf70
     458735.000 ns	     45872	8000942c	35b57a93	andi	x21,x10,859	 x10:0x00004663 x21=0x00000243
     458755.000 ns	     45874	80009430	d00795d3	fcvt.s.w	f11,x15	 x15:0x00000001 f11=0x3f800000
     458785.000 ns	     45877	80009434	d0069cd3	fcvt.s.w	f25,x13	 x13:0x00000000 f25=0x00000000
     458815.000 ns	     45880	80009438	03945733	divu	x14,x8,x25	  x8:0x00000000 x25:0x00000000 x14=0xffffffff
     458835.000 ns	     45882	8000943c	00000013	addi	x0,x0,0	  x0:0x00000000
     458855.000 ns	     45884	80009440	d010fbd3	fcvt.s.wu	f23,x1	  x1:0x00000000 f23=0x00000000
     458875.000 ns	     45886	80009444	414387b3	sub	x15,x7,x20	  x7:0x00000000 x20:0x00000001 x15=0xffffffff
     458895.000 ns	     45888	80009448	c0011bd3	fcvt.w.s	x23,f2	  f2:0xc68cc799 x23=0xffffb99d
     458925.000 ns	     45891	8000944c	038b2233	mulhsu	x4,x22,x24	 x22:0x00000529 x24:0x820bd3ac  x4=0x0000029f
     458955.000 ns	     45894	80009450	025990b3	mulh	x1,x19,x5	 x19:0x1710d712  x5:0xfc800000  x1=0xffaf450f
     458975.000 ns	     45896	80009454	015b5813	srli	x16,x22,0x15	 x22:0x00000529 x16=0x00000000
     458985.000 ns	     45897	80009458	00485c33	srl	x24,x16,x4	 x16:0x00000000  x4:0x0000029f x24=0x00000000
     459005.000 ns	     45899	8000945c	202898d3	fsgnjn.s	f17,f17,f2	 f17:0x00000000  f2:0xc68cc799 f17=0x00000000
     459025.000 ns	     45901	80009460	00129633	sll	x12,x5,x1	  x5:0xfc800000  x1:0xffaf450f x12=0x00000000
     459045.000 ns	     45903	80009464	d0100653	fcvt.s.wu	f12,x0	  x0:0x00000000 f12=0x00000000
     459065.000 ns	     45905	80009468	7364b613	sltiu	x12,x9,1846	  x9:0x00000000 x12=0x00000001
     459075.000 ns	     45906	8000946c	7f66f713	andi	x14,x13,2038	 x13:0x00000000 x14=0x00000000
     459435.000 ns	     45942	80009470	03cb4233	div	x4,x22,x28	 x22:0x00000529 x28:0x00000001  x4=0x00000529
     459455.000 ns	     45944	80009474	a1a26613	ori	x12,x4,-1510	  x4:0x0000029f x12=0xffffff3b
     459475.000 ns	     45946	80009478	21458553	fsgnj.s	f10,f11,f20	 f11:0x3f800000 f20:0x7f800000 f10=0x3f800000
     459505.000 ns	     45949	8000947c	c003b653	fcvt.w.s	x12,f7	  f7:0x00000000 x12=0x00000000
     459535.000 ns	     45952	80009480	a1c41e53	flt.s	x28,f8,f28	  f8:0xc68cc799 f28:0x382868ba x28=0x00000001
     459905.000 ns	     45989	80009484	021a5ab3	divu	x21,x20,x1	 x20:0x00000001  x1:0xffaf450f x21=0x00000000
     459925.000 ns	     45991	80009488	40ac0133	sub	x2,x24,x10	 x24:0x00000000 x10:0x00004663  x2=0xffffb99d
     459935.000 ns	     45992	8000948c	009b8633	add	x12,x23,x9	 x23:0xffffb99d  x9:0x00000000 x12=0xffffb99d
     459945.000 ns	     45993	80009490	018e97b3	sll	x15,x29,x24	 x29:0x00000000 x24:0x00000000 x15=0x00000000
     459955.000 ns	     45994	80009494	8281f517	auipc	x10,0x8281f	 x10=0x02828494
     459975.000 ns	     45996	80009498	e00e9b53	fclass.s	x22,f29	 f29:0x80000000 x22=0x00000008
     459995.000 ns	     45998	8000949c	cebece13	xori	x28,x29,-789	 x29:0x00000000 x28=0xfffffceb
     460005.000 ns	     45999	800094a0	072aae93	slti	x29,x21,114	 x21:0x00000000 x29=0x00000001
     460015.000 ns	     46000	800094a4	0179a333	slt	x6,x19,x23	 x19:0x1710d712 x23:0xffffb99d  x6=0x00000000
     460025.000 ns	     46001	800094a8	411a52b3	sra	x5,x20,x17	 x20:0x00000001 x17:0x80040fe4  x5=0x00000000
     460045.000 ns	     46003	800094ac	d01df853	fcvt.s.wu	f16,x27	 x27:0x00000000 f16=0x00000000
     460065.000 ns	     46005	800094b0	007454b3	srl	x9,x8,x7	  x8:0x00000000  x7:0x00000000  x9=0x00000000
     460075.000 ns	     46006	800094b4	00bb61b3	or	x3,x22,x11	 x22:0x00000008 x11:0x80041024  x3=0x8004102c
     460435.000 ns	     46042	800094b8	03d766b3	rem	x13,x14,x29	 x14:0x00000000 x29:0x00000001 x13=0x00000000
     460475.000 ns	     46046	800094bc	10573e53	fmul.s	f28,f14,f5	 f14:0x00004663  f5:0x00000000 f28=0x00000000
     460505.000 ns	     46049	800094c0	a1e723d3	feq.s	x7,f14,f30	 f14:0x00004663 f30:0x00000000  x7=0x00000000
     460525.000 ns	     46051	800094c4	00c56a33	or	x20,x10,x12	 x10:0x02828494 x12:0xffffb99d x20=0xffffbd9d
     460565.000 ns	     46055	800094c8	0045f053	fadd.s	f0,f11,f4	 f11:0x3f800000  f4:0x42126c69  f0=0x42166c69
     460595.000 ns	     46058	800094cc	e00802d3	fmv.x.w	x5,f16	 f16:0x00000000  x5=0x00000000
     460965.000 ns	     46095	800094d0	03d25eb3	divu	x29,x4,x29	  x4:0x00000529 x29:0x00000001 x29=0x00000529
     461015.000 ns	     46100	800094d4	0010a253	fadd.s	f4,f1,f1	  f1:0x00000000  f1:0x00000000  f4=0x00000000
     461045.000 ns	     46103	800094d8	c0078753	fcvt.w.s	x14,f15	 f15:0x468cc699 x14=0x00004663
     461075.000 ns	     46106	800094dc	c00a7dd3	fcvt.w.s	x27,f20	 f20:0x7f800000 x27=0x7fffffff
     461105.000 ns	     46109	800094e0	c000f2d3	fcvt.w.s	x5,f1	  f1:0x00000000  x5=0x00000000
     461125.000 ns	     46111	800094e4	011d0cb3	add	x25,x26,x17	 x26:0x00000001 x17:0x80040fe4 x25=0x80040fe5
     461135.000 ns	     46112	800094e8	00391f93	slli	x31,x18,0x3	 x18:0x00000001 x31=0x00000008
     461155.000 ns	     46114	800094ec	c01fb353	fcvt.wu.s	x6,f31	 f31:0x9fe1e12f  x6=0x00000000
     461185.000 ns	     46117	800094f0	21f200d3	fsgnj.s	f1,f4,f31	  f4:0x00000000 f31:0x9fe1e12f  f1=0x80000000
     461215.000 ns	     46120	800094f4	21e32ad3	fsgnjx.s	f21,f6,f30	  f6:0x43063c34 f30:0x00000000 f21=0x43063c34
     461245.000 ns	     46123	800094f8	207909d3	fsgnj.s	f19,f18,f7	 f18:0x7fc00000  f7:0x00000000 f19=0x7fc00000
     461265.000 ns	     46125	800094fc	2de38e93	addi	x29,x7,734	  x7:0x00000000 x29=0x000002de
     461285.000 ns	     46127	80009500	a1831cd3	flt.s	x25,f6,f24	  f6:0x43063c34 f24:0x468cc699 x25=0x00000001
     461315.000 ns	     46130	80009504	02902eb3	mulhsu	x29,x0,x9	  x0:0x00000000  x9:0x00000000 x29=0x00000000
     461335.000 ns	     46132	80009508	007103b3	add	x7,x2,x7	  x2:0xffffb99d  x7:0x00000000  x7=0xffffb99d
     461345.000 ns	     46133	8000950c	a8e20937	lui	x18,0xa8e20	 x18=0xa8e20000
     461355.000 ns	     46134	80009510	4164d433	sra	x8,x9,x22	  x9:0x00000000 x22:0x00000008  x8=0x00000000
     461365.000 ns	     46135	80009514	b9a73f13	sltiu	x30,x14,-1126	 x14:0x00004663 x30=0x00000001
     461725.000 ns	     46171	80009518	02477bb3	remu	x23,x14,x4	 x14:0x00004663  x4:0x00000529 x23=0x0000034e
     461745.000 ns	     46173	8000951c	0068fcb3	and	x25,x17,x6	 x17:0x80040fe4  x6:0x00000000 x25=0x00000000
     461755.000 ns	     46174	80009520	00024433	xor	x8,x4,x0	  x4:0x00000529  x0:0x00000000  x8=0x00000529
     461765.000 ns	     46175	80009524	ac93f837	lui	x16,0xac93f	 x16=0xac93f000
     461775.000 ns	     46176	80009528	017503b3	add	x7,x10,x23	 x10:0x02828494 x23:0x0000034e  x7=0x028287e2
     461785.000 ns	     46177	8000952c	6d3f0f97	auipc	x31,0x6d3f0	 x31=0xed3f952c
     461795.000 ns	     46178	80009530	00d71b13	slli	x22,x14,0xd	 x14:0x00004663 x22=0x08cc6000
     461805.000 ns	     46179	80009534	5c6f5c17	auipc	x24,0x5c6f5	 x24=0xdc6fe534
     461815.000 ns	     46180	80009538	d610e297	auipc	x5,0xd610e	  x5=0x56117538
     461835.000 ns	     46182	8000953c	a0ee81d3	fle.s	x3,f29,f14	 f29:0x80000000 f14:0x00004663  x3=0x00000001
     461865.000 ns	     46185	80009540	f00c8f53	fmv.w.x	f30,x25	 x25:0x00000000 f30=0x00000000
     461885.000 ns	     46187	80009544	40f38db3	sub	x27,x7,x15	  x7:0x028287e2 x15:0x00000000 x27=0x028287e2
     461895.000 ns	     46188	80009548	00c07cb3	and	x25,x0,x12	  x0:0x00000000 x12:0xffffb99d x25=0x00000000
     461905.000 ns	     46189	8000954c	307d7c93	andi	x25,x26,775	 x26:0x00000001 x25=0x00000001
     461925.000 ns	     46191	80009550	e0069053	fclass.s	x0,f13	 f13:0x40bdd5ca
     461945.000 ns	     46193	80009554	480a2613	slti	x12,x20,1152	 x20:0xffffbd9d x12=0x00000001
     462305.000 ns	     46229	80009558	02a9d633	divu	x12,x19,x10	 x19:0x1710d712 x10:0x02828494 x12=0x00000009
     462335.000 ns	     46232	8000955c	21911f53	fsgnjn.s	f30,f2,f25	  f2:0xc68cc799 f25:0x00000000 f30=0xc68cc799
     462355.000 ns	     46234	80009560	00948833	add	x16,x9,x9	  x9:0x00000000  x9:0x00000000 x16=0x00000000
     462365.000 ns	     46235	80009564	3ef86693	ori	x13,x16,1007	 x16:0xac93f000 x13=0x000003ef
     462385.000 ns	     46237	80009568	d00a8453	fcvt.s.w	f8,x21	 x21:0x00000000  f8=0x00000000
     462405.000 ns	     46239	8000956c	41920d33	sub	x26,x4,x25	  x4:0x00000529 x25:0x00000001 x26=0x00000528
     462425.000 ns	     46241	80009570	203729d3	fsgnjx.s	f19,f14,f3	 f14:0x00004663  f3:0x43063c34 f19=0x00004663
     462445.000 ns	     46243	80009574	0094b433	sltu	x8,x9,x9	  x9:0x00000000  x9:0x00000000  x8=0x00000000
     462455.000 ns	     46244	80009578	41fad293	srai	x5,x21,0x1f	 x21:0x00000000  x5=0x00000000
     462475.000 ns	     46246	8000957c	28d50cd3	fmin.s	f25,f10,f13	 f10:0x3f800000 f13:0x40bdd5ca f25=0x3f800000
     462495.000 ns	     46248	80009580	00000013	addi	x0,x0,0	  x0:0x00000000
     462515.000 ns	     46250	80009584	28798f53	fmin.s	f30,f19,f7	 f19:0x00004663  f7:0x00000000 f30=0x00000000
     462535.000 ns	     46252	80009588	00f4a4b3	slt	x9,x9,x15	  x9:0x00000000 x15:0x00000000  x9=0x00000000
     463705.000 ns	     46369	8000958c	5809f453	fsqrt.s	f8,f19	 f19:0x00004663  f8=0x1f35680c
     464075.000 ns	     46406	80009590	03b34fb3	div	x31,x6,x27	  x6:0x00000000 x27:0x028287e2 x31=0x00000000
     464105.000 ns	     46409	80009594	d0067453	fcvt.s.w	f8,x12	 x12:0x00000009  f8=0x41100000
     464125.000 ns	     46411	80009598	004883b3	add	x7,x17,x4	 x17:0x80040fe4  x4:0x00000529  x7=0x8004150d
     464135.000 ns	     46412	8000959c	b93aad13	slti	x26,x21,-1133	 x21:0x00000000 x26=0x00000000
     464145.000 ns	     46413	800095a0	1dc8beb7	lui	x29,0x1dc8b	 x29=0x1dc8b000
     464165.000 ns	     46415	800095a4	e0051853	fclass.s	x16,f10	 f10:0x3f800000 x16=0x00000040
     464195.000 ns	     46418	800095a8	218ca553	fsgnjx.s	f10,f25,f24	 f25:0x3f800000 f24:0x468cc699 f10=0x3f800000
     464225.000 ns	     46421	800095ac	a116ac53	feq.s	x24,f13,f17	 f13:0x40bdd5ca f17:0x00000000 x24=0x00000000
     464245.000 ns	     46423	800095b0	0161bbb3	sltu	x23,x3,x22	  x3:0x00000001 x22:0x08cc6000 x23=0x00000001
     464255.000 ns	     46424	800095b4	24acdd97	auipc	x27,0x24acd	 x27=0xa4ad65b4
     464265.000 ns	     46425	800095b8	01f51f93	slli	x31,x10,0x1f	 x10:0x02828494 x31=0x00000000
     464275.000 ns	     46426	800095bc	56a7ad13	slti	x26,x15,1386	 x15:0x00000000 x26=0x00000001
     464295.000 ns	     46428	800095c0	29249c53	fmax.s	f24,f9,f18	  f9:0x00000000 f18:0x7fc00000 f24=0x00000000
     464315.000 ns	     46430	800095c4	01ea7233	and	x4,x20,x30	 x20:0xffffbd9d x30:0x00000001  x4=0x00000001
     464325.000 ns	     46431	800095c8	41720833	sub	x16,x4,x23	  x4:0x00000529 x23:0x00000001 x16=0x00000000
     464345.000 ns	     46433	800095cc	d0028353	fcvt.s.w	f6,x5	  x5:0x00000000  f6=0x00000000
     464375.000 ns	     46436	800095d0	c00ff053	fcvt.w.s	x0,f31	 f31:0x9fe1e12f
     464395.000 ns	     46438	800095d4	41865b13	srai	x22,x12,0x18	 x12:0x00000009 x22=0x00000000
     464415.000 ns	     46440	800095d8	214cadd3	fsgnjx.s	f27,f25,f20	 f25:0x3f800000 f20:0x7f800000 f27=0x3f800000
     464445.000 ns	     46443	800095dc	28708f53	fmin.s	f30,f1,f7	  f1:0x80000000  f7:0x00000000 f30=0x80000000
     464465.000 ns	     46445	800095e0	d7c9c793	xori	x15,x19,-644	 x19:0x1710d712 x15=0xe8ef2a6e
     464475.000 ns	     46446	800095e4	dc34b293	sltiu	x5,x9,-573	  x9:0x00000000  x5=0x00000001
     464485.000 ns	     46447	800095e8	62e52e93	slti	x29,x10,1582	 x10:0x02828494 x29=0x00000000
     464495.000 ns	     46448	800095ec	0196fe33	and	x28,x13,x25	 x13:0x000003ef x25:0x00000001 x28=0x00000001
     464505.000 ns	     46449	800095f0	00cbec33	or	x24,x23,x12	 x23:0x00000001 x12:0x00000009 x24=0x00000009
     464515.000 ns	     46450	800095f4	016dccb3	xor	x25,x27,x22	 x27:0xa4ad65b4 x22:0x00000000 x25=0xa4ad65b4
     464525.000 ns	     46451	800095f8	41365cb3	sra	x25,x12,x19	 x12:0x00000009 x19:0x1710d712 x25=0x00000000
     464535.000 ns	     46452	800095fc	ad3fcc97	auipc	x25,0xad3fc	 x25=0x2d4055fc
     464545.000 ns	     46453	80009600	00137f33	and	x30,x6,x1	  x6:0x00000000  x1:0xffaf450f x30=0x00000000
     464565.000 ns	     46455	80009604	28848953	fmin.s	f18,f9,f8	  f9:0x00000000  f8:0x41100000 f18=0x00000000
     464595.000 ns	     46458	80009608	e0029ad3	fclass.s	x21,f5	  f5:0x00000000 x21=0x00000010
     464615.000 ns	     46460	8000960c	00a2f6b3	and	x13,x5,x10	  x5:0x00000001 x10:0x02828494 x13=0x00000000
     464625.000 ns	     46461	80009610	00000013	addi	x0,x0,0	  x0:0x00000000
     464645.000 ns	     46463	80009614	d00932d3	fcvt.s.w	f5,x18	 x18:0xa8e20000  f5=0xceae3c00
     464665.000 ns	     46465	80009618	01ee1033	sll	x0,x28,x30	 x28:0x00000001 x30:0x00000000
     464685.000 ns	     46467	8000961c	e0071753	fclass.s	x14,f14	 f14:0x00004663 x14=0x00000020
     464705.000 ns	     46469	80009620	0098ea33	or	x20,x17,x9	 x17:0x80040fe4  x9:0x00000000 x20=0x80040fe4
     464715.000 ns	     46470	80009624	447e7113	andi	x2,x28,1095	 x28:0x00000001  x2=0x00000001
     464735.000 ns	     46472	80009628	f00c84d3	fmv.w.x	f9,x25	 x25:0x2d4055fc  f9=0x2d4055fc
     464755.000 ns	     46474	8000962c	00791a33	sll	x20,x18,x7	 x18:0xa8e20000  x7:0x8004150d x20=0x40000000
     464765.000 ns	     46475	80009630	01fbb233	sltu	x4,x23,x31	 x23:0x00000001 x31:0x00000000  x4=0x00000000
     464775.000 ns	     46476	80009634	23fbbbb7	lui	x23,0x23fbb	 x23=0x23fbb000
     465135.000 ns	     46512	80009638	038ee733	rem	x14,x29,x24	 x29:0x00000000 x24:0x00000009 x14=0x00000000
     465155.000 ns	     46514	8000963c	00dbb433	sltu	x8,x23,x13	 x23:0x00000001 x13:0x00000000  x8=0x00000000
     465175.000 ns	     46516	80009640	03460ab3	mul	x21,x12,x20	 x12:0x00000009 x20:0x40000000 x21=0x40000000
     465205.000 ns	     46519	80009644	02000333	mul	x6,x0,x0	  x0:0x00000000  x0:0x00000000  x6=0x00000000
     465235.000 ns	     46522	80009648	03312f33	mulhsu	x30,x2,x19	  x2:0x00000001 x19:0x1710d712 x30=0x00000000
     465255.000 ns	     46524	8000964c	00c55f33	srl	x30,x10,x12	 x10:0x02828494 x12:0x00000009 x30=0x00014142
     465275.000 ns	     46526	80009650	a14586d3	fle.s	x13,f11,f20	 f11:0x3f800000 f20:0x7f800000 x13=0x00000001
     465295.000 ns	     46528	80009654	00000013	addi	x0,x0,0	  x0:0x00000000
     465625.000 ns	     46561	80009658	18801dd3	fdiv.s	f27,f0,f8	  f0:0x42166c69  f8:0x41100000 f27=0x4085f4a9
     465655.000 ns	     46564	8000965c	f0098753	fmv.w.x	f14,x19	 x19:0x1710d712 f14=0x1710d712
     465695.000 ns	     46568	80009660	1873f4d3	fdiv.s	f9,f7,f7	  f7:0x00000000  f7:0x00000000  f9=0x7fc00000
     465715.000 ns	     46570	80009664	72cd7313	andi	x6,x26,1836	 x26:0x00000001  x6=0x00000000
     465735.000 ns	     46572	80009668	21ca1753	fsgnjn.s	f14,f20,f28	 f20:0x7f800000 f28:0x00000000 f14=0xff800000
     465765.000 ns	     46575	8000966c	a1568dd3	fle.s	x27,f13,f21	 f13:0x40bdd5ca f21:0x43063c34 x27=0x00000001
     465785.000 ns	     46577	80009670	3c66ab93	slti	x23,x13,966	 x13:0x00000001 x23=0x00000001
     465795.000 ns	     46578	80009674	475fcd93	xori	x27,x31,1141	 x31:0x00000000 x27=0x00000475
     465805.000 ns	     46579	80009678	00ee1ab3	sll	x21,x28,x14	 x28:0x00000001 x14:0x00000000 x21=0x00000001
     465825.000 ns	     46581	8000967c	f00e0f53	fmv.w.x	f30,x28	 x28:0x00000001 f30=0x00000001
     465845.000 ns	     46583	80009680	00000013	addi	x0,x0,0	  x0:0x00000000
     465855.000 ns	     46584	80009684	003c2433	slt	x8,x24,x3	 x24:0x00000009  x3:0x00000001  x8=0x00000000
     465865.000 ns	     46585	80009688	41f9d393	srai	x7,x19,0x1f	 x19:0x1710d712  x7=0x00000000
     467035.000 ns	     46702	8000968c	580aca53	fsqrt.s	f20,f21	 f21:0x43063c34 f20=0x40bdd5ca
     467055.000 ns	     46704	80009690	d09eec97	auipc	x25,0xd09ee	 x25=0x509f7690
     467075.000 ns	     46706	80009694	02764fb3	div	x31,x12,x7	 x12:0x00000009  x7:0x00000000 x31=0xffffffff
     467105.000 ns	     46709	80009698	d01caed3	fcvt.s.wu	f29,x25	 x25:0x2d4055fc f29=0x4ea13eee
     467125.000 ns	     46711	8000969c	004c60b3	or	x1,x24,x4	 x24:0x00000009  x4:0x00000000  x1=0x00000009
     467145.000 ns	     46713	800096a0	a01487d3	fle.s	x15,f9,f1	  f9:0x7fc00000  f1:0x80000000 x15=0x00000000
     467175.000 ns	     46716	800096a4	a0ee10d3	flt.s	x1,f28,f14	 f28:0x00000000 f14:0xff800000  x1=0x00000000
     467195.000 ns	     46718	800096a8	6a1eef17	auipc	x30,0x6a1ee	 x30=0xea1f76a8
     467215.000 ns	     46720	800096ac	21869253	fsgnjn.s	f4,f13,f24	 f13:0x40bdd5ca f24:0x00000000  f4=0xc0bdd5ca
     467245.000 ns	     46723	800096b0	e0029cd3	fclass.s	x25,f5	  f5:0xceae3c00 x25=0x00000002
     467265.000 ns	     46725	800096b4	01031eb3	sll	x29,x6,x16	  x6:0x00000000 x16:0x00000000 x29=0x00000000
     467285.000 ns	     46727	800096b8	03bc26b3	mulhsu	x13,x24,x27	 x24:0x00000009 x27:0x00000475 x13=0x00000000
     467305.000 ns	     46729	800096bc	9d9f4ab7	lui	x21,0x9d9f4	 x21=0x9d9f4000
     467325.000 ns	     46731	800096c0	e0038a53	fmv.x.w	x20,f7	  f7:0x00000000 x20=0x00000000
     467695.000 ns	     46768	800096c4	038d61b3	rem	x3,x26,x24	 x26:0x00000001 x24:0x00000009  x3=0x00000001
     467715.000 ns	     46770	800096c8	00639193	slli	x3,x7,0x6	  x7:0x00000000  x3=0x00000000
     467735.000 ns	     46772	800096cc	28511653	fmax.s	f12,f2,f5	  f2:0xc68cc799  f5:0xceae3c00 f12=0xc68cc799
     467765.000 ns	     46775	800096d0	a1cba253	feq.s	x4,f23,f28	 f23:0x00000000 f28:0x00000000  x4=0x00000001
     467785.000 ns	     46777	800096d4	01e93e33	sltu	x28,x18,x30	 x18:0xa8e20000 x30:0xea1f76a8 x28=0x00000001
     467805.000 ns	     46779	800096d8	d002f553	fcvt.s.w	f10,x5	  x5:0x00000001 f10=0x3f800000
     467825.000 ns	     46781	800096dc	77deed13	ori	x26,x29,1917	 x29:0x00000000 x26=0x0000077d
     467835.000 ns	     46782	800096e0	39fa0193	addi	x3,x20,927	 x20:0x00000000  x3=0x0000039f
     467855.000 ns	     46784	800096e4	02761eb3	mulh	x29,x12,x7	 x12:0x00000009  x7:0x00000000 x29=0x00000000
     467875.000 ns	     46786	800096e8	0168ff33	and	x30,x17,x22	 x17:0x80040fe4 x22:0x00000000 x30=0x00000000
     467895.000 ns	     46788	800096ec	039da233	mulhsu	x4,x27,x25	 x27:0x00000475 x25:0x00000002  x4=0x00000000
     467915.000 ns	     46790	800096f0	b0966c17	auipc	x24,0xb0966	 x24=0x3096f6f0
     467935.000 ns	     46792	800096f4	e00f9b53	fclass.s	x22,f31	 f31:0x9fe1e12f x22=0x00000002
     467955.000 ns	     46794	800096f8	413a8cb3	sub	x25,x21,x19	 x21:0x9d9f4000 x19:0x1710d712 x25=0x868e68ee
     467975.000 ns	     46796	800096fc	d00f1f53	fcvt.s.w	f30,x30	 x30:0x00000000 f30=0x00000000
     467995.000 ns	     46798	80009700	01234a33	xor	x20,x6,x18	  x6:0x00000000 x18:0xa8e20000 x20=0xa8e20000
     468005.000 ns	     46799	80009704	41e60233	sub	x4,x12,x30	 x12:0x00000009 x30:0x00000000  x4=0x00000009
     468015.000 ns	     46800	80009708	40c084b3	sub	x9,x1,x12	  x1:0x00000000 x12:0x00000009  x9=0xfffffff7
     468035.000 ns	     46802	8000970c	e0090453	fmv.x.w	x8,f18	 f18:0x00000000  x8=0x00000000
     468065.000 ns	     46805	80009710	d01c0153	fcvt.s.wu	f2,x24	 x24:0x3096f6f0  f2=0x4e425bdc
     468435.000 ns	     46842	80009714	0296ff33	remu	x30,x13,x9	 x13:0x00000000  x9:0xfffffff7 x30=0x00000000
     468455.000 ns	     46844	80009718	00521193	slli	x3,x4,0x5	  x4:0x00000009  x3=0x00000120
     468475.000 ns	     46846	8000971c	e00187d3	fmv.x.w	x15,f3	  f3:0x43063c34 x15=0x43063c34
     468505.000 ns	     46849	80009720	21b08c53	fsgnj.s	f24,f1,f27	  f1:0x80000000 f27:0x4085f4a9 f24=0x00000000
     468555.000 ns	     46854	80009724	096b1dd3	fsub.s	f27,f22,f22	 f22:0x00000001 f22:0x00000001 f27=0x80000000
     468585.000 ns	     46857	80009728	02d93db3	mulhu	x27,x18,x13	 x18:0xa8e20000 x13:0x00000000 x27=0x00000000
     468615.000 ns	     46860	8000972c	214488d3	fsgnj.s	f17,f9,f20	  f9:0x7fc00000 f20:0x40bdd5ca f17=0x7fc00000
     468645.000 ns	     46863	80009730	f00a0453	fmv.w.x	f8,x20	 x20:0xa8e20000  f8=0xa8e20000
     468675.000 ns	     46866	80009734	0364abb3	mulhsu	x23,x9,x22	  x9:0xfffffff7 x22:0x00000002 x23=0xffffffff
     468715.000 ns	     46870	80009738	58094153	fsqrt.s	f2,f18	 f18:0x00000000  f2=0x00000000
     468745.000 ns	     46873	8000973c	d01cc353	fcvt.s.wu	f6,x25	 x25:0x868e68ee  f6=0x4f068e69
     468775.000 ns	     46876	80009740	d000cbd3	fcvt.s.w	f23,x1	  x1:0x00000000 f23=0x00000000
     468795.000 ns	     46878	80009744	40d183b3	sub	x7,x3,x13	  x3:0x00000120 x13:0x00000000  x7=0x00000120
     468805.000 ns	     46879	80009748	6e5e6e17	auipc	x28,0x6e5e6	 x28=0xee5ef748
     468825.000 ns	     46881	8000974c	c004f7d3	fcvt.w.s	x15,f9	  f9:0x7fc00000 x15=0x7fffffff
     468845.000 ns	     46883	80009750	0095cbb3	xor	x23,x11,x9	 x11:0x80041024  x9:0xfffffff7 x23=0x7ffbefd3
     468855.000 ns	     46884	80009754	6ec20d93	addi	x27,x4,1772	  x4:0x00000009 x27=0x000006f5
     468865.000 ns	     46885	80009758	8252db37	lui	x22,0x8252d	 x22=0x8252d000
     468875.000 ns	     46886	8000975c	8017ad97	auipc	x27,0x8017a	 x27=0x0018375c
     468895.000 ns	     46888	80009760	03913933	mulhu	x18,x2,x25	  x2:0x00000001 x25:0x868e68ee x18=0x00000000
     468925.000 ns	     46891	80009764	e00a10d3	fclass.s	x1,f20	 f20:0x40bdd5ca  x1=0x00000040
     469295.000 ns	     46928	80009768	0330dc33	divu	x24,x1,x19	  x1:0x00000000 x19:0x1710d712 x24=0x00000000
     469665.000 ns	     46965	8000976c	02c362b3	rem	x5,x6,x12	  x6:0x00000000 x12:0x00000009  x5=0x00000000
     469685.000 ns	     46967	80009770	010bd213	srli	x4,x23,0x10	 x23:0x7ffbefd3  x4=0x00007ffb
     469705.000 ns	     46969	80009774	d0103053	fcvt.s.wu	f0,x0	  x0:0x00000000  f0=0x00000000
     469735.000 ns	     46972	80009778	e00a0ed3	fmv.x.w	x29,f20	 f20:0x40bdd5ca x29=0x40bdd5ca
     469775.000 ns	     46976	8000977c	180d74d3	fdiv.s	f9,f26,f0	 f26:0x00000000  f0:0x00000000  f9=0x7fc00000
     469805.000 ns	     46979	80009780	020a4bb3	div	x23,x20,x0	 x20:0xa8e20000  x0:0x00000000 x23=0xffffffff
     469835.000 ns	     46982	80009784	02758833	mul	x16,x11,x7	 x11:0x80041024  x7:0x00000120 x16=0x04922880
     469865.000 ns	     46985	80009788	a1fb2953	feq.s	x18,f22,f31	 f22:0x00000001 f31:0x9fe1e12f x18=0x00000000
     470235.000 ns	     47022	8000978c	036854b3	divu	x9,x16,x22	 x16:0x04922880 x22:0x8252d000  x9=0x00000000
     470255.000 ns	     47024	80009790	0142d113	srli	x2,x5,0x14	  x5:0x00000000  x2=0x00000000
     470265.000 ns	     47025	80009794	417351b3	sra	x3,x6,x23	  x6:0x00000000 x23:0xffffffff  x3=0x00000000
     470625.000 ns	     47061	80009798	0331c433	div	x8,x3,x19	  x3:0x00000120 x19:0x1710d712  x8=0x00000000
     470655.000 ns	     47064	8000979c	281e80d3	fmin.s	f1,f29,f1	 f29:0x4ea13eee  f1:0x80000000  f1=0x80000000
     470685.000 ns	     47067	800097a0	29eb0dd3	fmin.s	f27,f22,f30	 f22:0x00000001 f30:0x00000000 f27=0x00000000
     470705.000 ns	     47069	800097a4	004a6533	or	x10,x20,x4	 x20:0xa8e20000  x4:0x00007ffb x10=0xa8e27ffb
     470725.000 ns	     47071	800097a8	21de91d3	fsgnjn.s	f3,f29,f29	 f29:0x4ea13eee f29:0x4ea13eee  f3=0xcea13eee
     471095.000 ns	     47108	800097ac	0358ceb3	div	x29,x17,x21	 x17:0x80040fe4 x21:0x9d9f4000 x29=0x00000001
     471435.000 ns	     47142	800097b0	18b1ff53	fdiv.s	f30,f3,f11	  f3:0xcea13eee f11:0x3f800000 f30=0xcea13e70
     471465.000 ns	     47145	800097b4	a00792d3	flt.s	x5,f15,f0	 f15:0x468cc699  f0:0x00000000  x5=0x00000000
     471495.000 ns	     47148	800097b8	d00f7bd3	fcvt.s.w	f23,x30	 x30:0x00000000 f23=0x00000000
     471515.000 ns	     47150	800097bc	01795b93	srli	x23,x18,0x17	 x18:0x00000000 x23=0x00000000
     471535.000 ns	     47152	800097c0	218b07d3	fsgnj.s	f15,f22,f24	 f22:0x00000001 f24:0x00000000 f15=0x00000001
     471555.000 ns	     47154	800097c4	67040d13	addi	x26,x8,1648	  x8:0x00000000 x26=0x00000670
     471575.000 ns	     47156	800097c8	29339253	fmax.s	f4,f7,f19	  f7:0x00000000 f19:0x00004663  f4=0x00004663
     471605.000 ns	     47159	800097cc	21249653	fsgnjn.s	f12,f9,f18	  f9:0x7fc00000 f18:0x00000000 f12=0xffc00000
     471625.000 ns	     47161	800097d0	012ee7b3	or	x15,x29,x18	 x29:0x00000001 x18:0x00000000 x15=0x00000001
     471645.000 ns	     47163	800097d4	a19d1bd3	flt.s	x23,f26,f25	 f26:0x00000000 f25:0x3f800000 x23=0x00000001
     471665.000 ns	     47165	800097d8	4136d093	srai	x1,x13,0x13	 x13:0x00000000  x1=0x00000000
     471675.000 ns	     47166	800097dc	1da99097	auipc	x1,0x1da99	  x1=0x9daa27dc
     471685.000 ns	     47167	800097e0	00000013	addi	x0,x0,0	  x0:0x00000000
     471695.000 ns	     47168	800097e4	01eb01b3	add	x3,x22,x30	 x22:0x8252d000 x30:0x00000000  x3=0x8252d000
     471705.000 ns	     47169	800097e8	5eae2413	slti	x8,x28,1514	 x28:0xee5ef748  x8=0x00000001
     471725.000 ns	     47171	800097ec	c002f553	fcvt.w.s	x10,f5	  f5:0xceae3c00 x10=0x571e0000
     471755.000 ns	     47174	800097f0	e00396d3	fclass.s	x13,f7	  f7:0x00000000 x13=0x00000010
     471805.000 ns	     47179	800097f4	093f88d3	fsub.s	f17,f31,f19	 f31:0x9fe1e12f f19:0x00004663 f17=0x9fe1e12f
     471845.000 ns	     47183	800097f8	10c01153	fmul.s	f2,f0,f12	  f0:0x00000000 f12:0xffc00000  f2=0x7fc00000
     471875.000 ns	     47186	800097fc	02944933	div	x18,x8,x9	  x8:0x00000001  x9:0x00000000 x18=0xffffffff
     471895.000 ns	     47188	80009800	4048dd13	srai	x26,x17,0x4	 x17:0x80040fe4 x26=0xf80040fe
     471915.000 ns	     47190	80009804	c006f7d3	fcvt.w.s	x15,f13	 f13:0x40bdd5ca x15=0x00000005
     471965.000 ns	     47195	80009808	086cf053	fsub.s	f0,f25,f6	 f25:0x3f800000  f6:0x4f068e69  f0=0xcf068e68
     471985.000 ns	     47197	8000980c	008380b3	add	x1,x7,x8	  x7:0x00000120  x8:0x00000001  x1=0x00000121
     471995.000 ns	     47198	80009810	017a9fb3	sll	x31,x21,x23	 x21:0x9d9f4000 x23:0x00000001 x31=0x3b3e8000
     472015.000 ns	     47200	80009814	e0080353	fmv.x.w	x6,f16	 f16:0x00000000  x6=0x00000000
     472045.000 ns	     47203	80009818	a1a69b53	flt.s	x22,f13,f26	 f13:0x40bdd5ca f26:0x00000000 x22=0x00000000
     472065.000 ns	     47205	8000981c	6caa7a37	lui	x20,0x6caa7	 x20=0x6caa7000
     472075.000 ns	     47206	80009820	0117c133	xor	x2,x15,x17	 x15:0x00000005 x17:0x80040fe4  x2=0x80040fe1
     472115.000 ns	     47210	80009824	084efe53	fsub.s	f28,f29,f4	 f29:0x4ea13eee  f4:0x00004663 f28=0x4ea13eee
     472135.000 ns	     47212	80009828	91346c93	ori	x25,x8,-1773	  x8:0x00000001 x25=0xfffff913
     472145.000 ns	     47213	8000982c	41a55093	srai	x1,x10,0x1a	 x10:0x571e0000  x1=0x00000015
     472155.000 ns	     47214	80009830	00a45693	srli	x13,x8,0xa	  x8:0x00000001 x13=0x00000000
     472185.000 ns	     47217	80009834	580c4753	fsqrt.s	f14,f24	 f24:0x00000000 f14=0x00000000
     472235.000 ns	     47222	80009838	093a3f53	fsub.s	f30,f20,f19	 f20:0x40bdd5ca f19:0x00004663 f30=0x40bdd5ca
     472265.000 ns	     47225	8000983c	d007fcd3	fcvt.s.w	f25,x15	 x15:0x00000005 f25=0x40a00000
     472305.000 ns	     47229	80009840	19817a53	fdiv.s	f20,f2,f24	  f2:0x7fc00000 f24:0x00000000 f20=0x7fc00000
     472325.000 ns	     47231	80009844	40e3c393	xori	x7,x7,1038	  x7:0x00000120  x7=0x0000052e
     472335.000 ns	     47232	80009848	2ec2a693	slti	x13,x5,748	  x5:0x00000000 x13=0x00000001
     472345.000 ns	     47233	8000984c	00f24b33	xor	x22,x4,x15	  x4:0x00007ffb x15:0x00000005 x22=0x00007ffe
     472365.000 ns	     47235	80009850	20899453	fsgnjn.s	f8,f19,f8	 f19:0x00004663  f8:0xa8e20000  f8=0x00004663
     472395.000 ns	     47238	80009854	210da2d3	fsgnjx.s	f5,f27,f16	 f27:0x00000000 f16:0x00000000  f5=0x00000000
     472765.000 ns	     47275	80009858	03ccd533	divu	x10,x25,x28	 x25:0xfffff913 x28:0xee5ef748 x10=0x00000001
     472785.000 ns	     47277	8000985c	005c1a33	sll	x20,x24,x5	 x24:0x00000000  x5:0x00000000 x20=0x00000000
     472805.000 ns	     47279	80009860	d010ffd3	fcvt.s.wu	f31,x1	  x1:0x00000015 f31=0x41a80000
     472835.000 ns	     47282	80009864	a1d0aa53	feq.s	x20,f1,f29	  f1:0x80000000 f29:0x4ea13eee x20=0x00000000
     472865.000 ns	     47285	80009868	e0048fd3	fmv.x.w	x31,f9	  f9:0x7fc00000 x31=0x7fc00000
     472895.000 ns	     47288	8000986c	02b91e33	mulh	x28,x18,x11	 x18:0xffffffff x11:0x80041024 x28=0x00000000
     472915.000 ns	     47290	80009870	01a51113	slli	x2,x10,0x1a	 x10:0x00000001  x2=0x04000000
     472925.000 ns	     47291	80009874	0082e0b3	or	x1,x5,x8	  x5:0x00000000  x8:0x00000001  x1=0x00000001
     472935.000 ns	     47292	80009878	01256cb3	or	x25,x10,x18	 x10:0x00000001 x18:0xffffffff x25=0xffffffff
     473295.000 ns	     47328	8000987c	03df5eb3	divu	x29,x30,x29	 x30:0x00000000 x29:0x00000001 x29=0x00000000
     473325.000 ns	     47331	80009880	022b3cb3	mulhu	x25,x22,x2	 x22:0x00007ffe  x2:0x04000000 x25=0x000001ff
     473355.000 ns	     47334	80009884	21f8a853	fsgnjx.s	f16,f17,f31	 f17:0x9fe1e12f f31:0x41a80000 f16=0x9fe1e12f
     473375.000 ns	     47336	80009888	007ee4b3	or	x9,x29,x7	 x29:0x00000000  x7:0x0000052e  x9=0x0000052e
     473395.000 ns	     47338	8000988c	02132333	mulhsu	x6,x6,x1	  x6:0x00000000  x1:0x00000001  x6=0x00000000
     473425.000 ns	     47341	80009890	03ad0e33	mul	x28,x26,x26	 x26:0xf80040fe x26:0xf80040fe x28=0x307ffc04
     473445.000 ns	     47343	80009894	00de27b3	slt	x15,x28,x13	 x28:0x00000000 x13:0x00000001 x15=0x00000000
     473455.000 ns	     47344	80009898	013f3933	sltu	x18,x30,x19	 x30:0x00000000 x19:0x1710d712 x18=0x00000001
     473475.000 ns	     47346	8000989c	d0189e53	fcvt.s.wu	f28,x17	 x17:0x80040fe4 f28=0x4f00040f
     473505.000 ns	     47349	800098a0	28fb1953	fmax.s	f18,f22,f15	 f22:0x00000001 f15:0x00000001 f18=0x00000001
     473555.000 ns	     47354	800098a4	00e63753	fadd.s	f14,f12,f14	 f12:0xffc00000 f14:0x00000000 f14=0x7fc00000
     473595.000 ns	     47358	800098a8	5801f1d3	fsqrt.s	f3,f3	  f3:0xcea13eee  f3=0x7fc00000
     473615.000 ns	     47360	800098ac	830b4813	xori	x16,x22,-2000	 x22:0x00007ffe x16=0xffff87ce
     473625.000 ns	     47361	800098b0	0066c633	xor	x12,x13,x6	 x13:0x00000001  x6:0x00000000 x12=0x00000001
     473645.000 ns	     47363	800098b4	d019a4d3	fcvt.s.wu	f9,x19	 x19:0x1710d712  f9=0x4db886b9
     473675.000 ns	     47366	800098b8	c018f2d3	fcvt.wu.s	x5,f17	 f17:0x9fe1e12f  x5=0x00000000
     473705.000 ns	     47369	800098bc	21f8abd3	fsgnjx.s	f23,f17,f31	 f17:0x9fe1e12f f31:0x41a80000 f23=0x9fe1e12f
     473725.000 ns	     47371	800098c0	01da1633	sll	x12,x20,x29	 x20:0x00000000 x29:0x00000000 x12=0x00000000
     473745.000 ns	     47373	800098c4	a0499253	flt.s	x4,f19,f4	 f19:0x00004663  f4:0x00004663  x4=0x00000000
     473795.000 ns	     47378	800098c8	093479d3	fsub.s	f19,f8,f19	  f8:0x00004663 f19:0x00004663 f19=0x80000000
     473815.000 ns	     47380	800098cc	8ec58c93	addi	x25,x11,-1812	 x11:0x80041024 x25=0x80040910
     473835.000 ns	     47382	800098d0	215397d3	fsgnjn.s	f15,f7,f21	  f7:0x00000000 f21:0x43063c34 f15=0x80000000
     473865.000 ns	     47385	800098d4	e00a86d3	fmv.x.w	x13,f21	 f21:0x43063c34 x13=0x43063c34
     473895.000 ns	     47388	800098d8	a1060fd3	fle.s	x31,f12,f16	 f12:0xffc00000 f16:0x9fe1e12f x31=0x00000000
     473925.000 ns	     47391	800098dc	c01bfad3	fcvt.wu.s	x21,f23	 f23:0x9fe1e12f x21=0x00000000
     473945.000 ns	     47393	800098e0	6219bd13	sltiu	x26,x19,1569	 x19:0x1710d712 x26=0x00000000
     473955.000 ns	     47394	800098e4	46d03813	sltiu	x16,x0,1133	  x0:0x00000000 x16=0x00000001
     473975.000 ns	     47396	800098e8	28dd8ad3	fmin.s	f21,f27,f13	 f27:0x00000000 f13:0x40bdd5ca f21=0x00000000
     473995.000 ns	     47398	800098ec	00d5e533	or	x10,x11,x13	 x11:0x80041024 x13:0x43063c34 x10=0xc3063c34
     474005.000 ns	     47399	800098f0	3559ce93	xori	x29,x19,853	 x19:0x1710d712 x29=0x1710d447
     474025.000 ns	     47401	800098f4	0334ab33	mulhsu	x22,x9,x19	  x9:0x0000052e x19:0x1710d712 x22=0x00000077
     474055.000 ns	     47404	800098f8	a11a8953	fle.s	x18,f21,f17	 f21:0x00000000 f17:0x9fe1e12f x18=0x00000000
     474085.000 ns	     47407	800098fc	c00ffa53	fcvt.w.s	x20,f31	 f31:0x41a80000 x20=0x00000015
     474105.000 ns	     47409	80009900	006720b3	slt	x1,x14,x6	 x14:0x00000000  x6:0x00000000  x1=0x00000000
     474125.000 ns	     47411	80009904	e00981d3	fmv.x.w	x3,f19	 f19:0x80000000  x3=0x80000000
     474155.000 ns	     47414	80009908	0379ba33	mulhu	x20,x19,x23	 x19:0x1710d712 x23:0x00000001 x20=0x00000000
     474175.000 ns	     47416	8000990c	00000013	addi	x0,x0,0	  x0:0x00000000
     474185.000 ns	     47417	80009910	4106deb3	sra	x29,x13,x16	 x13:0x43063c34 x16:0x00000001 x29=0x21831e1a
     474205.000 ns	     47419	80009914	027f1eb3	mulh	x29,x30,x7	 x30:0x00000000  x7:0x0000052e x29=0x00000000
     474225.000 ns	     47421	80009918	0191eb33	or	x22,x3,x25	  x3:0x80000000 x25:0x80040910 x22=0x80040910
     474235.000 ns	     47422	8000991c	01508733	add	x14,x1,x21	  x1:0x00000000 x21:0x00000000 x14=0x00000000
     474245.000 ns	     47423	80009920	00783fb3	sltu	x31,x16,x7	 x16:0x00000001  x7:0x0000052e x31=0x00000001
     474265.000 ns	     47425	80009924	035f1a33	mulh	x20,x30,x21	 x30:0x00000000 x21:0x00000000 x20=0x00000000
     474295.000 ns	     47428	80009928	a09d2453	feq.s	x8,f26,f9	 f26:0x00000000  f9:0x4db886b9  x8=0x00000000
     474325.000 ns	     47431	8000992c	e00c8cd3	fmv.x.w	x25,f25	 f25:0x40a00000 x25=0x40a00000
     474355.000 ns	     47434	80009930	a0ca1953	flt.s	x18,f20,f12	 f20:0x7fc00000 f12:0xffc00000 x18=0x00000000
     474385.000 ns	     47437	80009934	291796d3	fmax.s	f13,f15,f17	 f15:0x80000000 f17:0x9fe1e12f f13=0x80000000
     474405.000 ns	     47439	80009938	92908413	addi	x8,x1,-1751	  x1:0x00000000  x8=0xfffff929
     474425.000 ns	     47441	8000993c	290f9453	fmax.s	f8,f31,f16	 f31:0x41a80000 f16:0x9fe1e12f  f8=0x41a80000
     474455.000 ns	     47444	80009940	215287d3	fsgnj.s	f15,f5,f21	  f5:0x00000000 f21:0x00000000 f15=0x00000000
     474485.000 ns	     47447	80009944	a1f421d3	feq.s	x3,f8,f31	  f8:0x41a80000 f31:0x41a80000  x3=0x00000001
     474505.000 ns	     47449	80009948	07b76397	auipc	x7,0x7b76	  x7=0x87b7f948
     474525.000 ns	     47451	8000994c	02d79eb3	mulh	x29,x15,x13	 x15:0x00000000 x13:0x43063c34 x29=0x00000000
     474555.000 ns	     47454	80009950	025ec0b3	div	x1,x29,x5	 x29:0x00000000  x5:0x00000000  x1=0xffffffff
     474585.000 ns	     47457	80009954	c018b953	fcvt.wu.s	x18,f17	 f17:0x9fe1e12f x18=0x00000000
     474615.000 ns	     47460	80009958	c00bf3d3	fcvt.w.s	x7,f23	 f23:0x9fe1e12f  x7=0x00000000
     474985.000 ns	     47497	8000995c	03637f33	remu	x30,x6,x22	  x6:0x00000000 x22:0x80040910 x30=0x00000000
     475005.000 ns	     47499	80009960	7f12eb37	lui	x22,0x7f12e	 x22=0x7f12e000
     475015.000 ns	     47500	80009964	00bcc833	xor	x16,x25,x11	 x25:0x40a00000 x11:0x80041024 x16=0xc0a41024
     475025.000 ns	     47501	80009968	e68766b7	lui	x13,0xe6876	 x13=0xe6876000
     475045.000 ns	     47503	8000996c	02b4bbb3	mulhu	x23,x9,x11	  x9:0x0000052e x11:0x80041024 x23=0x00000297
     475075.000 ns	     47506	80009970	a00e8fd3	fle.s	x31,f29,f0	 f29:0x4ea13eee  f0:0xcf068e68 x31=0x00000000
     475105.000 ns	     47509	80009974	e00b8fd3	fmv.x.w	x31,f23	 f23:0x9fe1e12f x31=0x9fe1e12f
     475135.000 ns	     47512	80009978	02027733	remu	x14,x4,x0	  x4:0x00000000  x0:0x00000000 x14=0x00000000
     475165.000 ns	     47515	8000997c	02581933	mulh	x18,x16,x5	 x16:0xc0a41024  x5:0x00000000 x18=0x00000000
     475195.000 ns	     47518	80009980	20312ad3	fsgnjx.s	f21,f2,f3	  f2:0x7fc00000  f3:0x7fc00000 f21=0x7fc00000
     475225.000 ns	     47521	80009984	024622b3	mulhsu	x5,x12,x4	 x12:0x00000000  x4:0x00000000  x5=0x00000000
     475245.000 ns	     47523	80009988	411d5f93	srai	x31,x26,0x11	 x26:0x00000000 x31=0x00000000
     475285.000 ns	     47527	8000998c	01460653	fadd.s	f12,f12,f20	 f12:0xffc00000 f20:0x7fc00000 f12=0x7fc00000
     475315.000 ns	     47530	80009990	c0154553	fcvt.wu.s	x10,f10	 f10:0x3f800000 x10=0x00000001
     475345.000 ns	     47533	80009994	d0168f53	fcvt.s.wu	f30,x13	 x13:0xe6876000 f30=0x4f668760
     475365.000 ns	     47535	80009998	39dd8913	addi	x18,x27,925	 x27:0x0018375c x18=0x00183af9
     475385.000 ns	     47537	8000999c	d002f953	fcvt.s.w	f18,x5	  x5:0x00000000 f18=0x00000000
     475415.000 ns	     47540	800099a0	03595bb3	divu	x23,x18,x21	 x18:0x00000000 x21:0x00000000 x23=0xffffffff
     475755.000 ns	     47574	800099a4	18b59a53	fdiv.s	f20,f11,f11	 f11:0x3f800000 f11:0x3f800000 f20=0x3f7fff38
     475775.000 ns	     47576	800099a8	00c14eb3	xor	x29,x2,x12	  x2:0x04000000 x12:0x00000000 x29=0x04000000
     475785.000 ns	     47577	800099ac	aa6b6c37	lui	x24,0xaa6b6	 x24=0xaa6b6000
     475805.000 ns	     47579	800099b0	2187a253	fsgnjx.s	f4,f15,f24	 f15:0x00000000 f24:0x00000000  f4=0x00000000
     475855.000 ns	     47584	800099b4	08bd46d3	fsub.s	f13,f26,f11	 f26:0x00000000 f11:0x3f800000 f13=0xbf800000
     475875.000 ns	     47586	800099b8	01c39533	sll	x10,x7,x28	  x7:0x00000000 x28:0x307ffc04 x10=0x00000000
     475885.000 ns	     47587	800099bc	5f8e7a13	andi	x20,x28,1528	 x28:0x307ffc04 x20=0x00000400
     475905.000 ns	     47589	800099c0	29d500d3	fmin.s	f1,f10,f29	 f10:0x3f800000 f29:0x4ea13eee  f1=0x3f800000
     475935.000 ns	     47592	800099c4	e0040e53	fmv.x.w	x28,f8	  f8:0x41a80000 x28=0x41a80000
     475955.000 ns	     47594	800099c8	00308633	add	x12,x1,x3	  x1:0xffffffff  x3:0x00000001 x12=0x00000000
     475965.000 ns	     47595	800099cc	00b71113	slli	x2,x14,0xb	 x14:0x00000000  x2=0x00000000
     476325.000 ns	     47631	800099d0	033567b3	rem	x15,x10,x19	 x10:0x00000000 x19:0x1710d712 x15=0x00000000
     476345.000 ns	     47633	800099d4	01a0d313	srli	x6,x1,0x1a	  x1:0xffffffff  x6=0x0000003f
     476365.000 ns	     47635	800099d8	c0153cd3	fcvt.wu.s	x25,f10	 f10:0x3f800000 x25=0x00000001
     476385.000 ns	     47637	800099dc	008302b3	add	x5,x6,x8	  x6:0x00000000  x8:0xfffff929  x5=0xfffff968
     476395.000 ns	     47638	800099e0	00c85c93	srli	x25,x16,0xc	 x16:0xc0a41024 x25=0x000c0a41
     476435.000 ns	     47642	800099e4	0907c2d3	fsub.s	f5,f15,f16	 f15:0x00000000 f16:0x9fe1e12f  f5=0x1fe1e12f
     476455.000 ns	     47644	800099e8	0113d7b3	srl	x15,x7,x17	  x7:0x00000000 x17:0x80040fe4 x15=0x00000000
     476815.000 ns	     47680	800099ec	0257e233	rem	x4,x15,x5	 x15:0x00000000  x5:0xfffff968  x4=0x00000000
     476835.000 ns	     47682	800099f0	00000013	addi	x0,x0,0	  x0:0x00000000
     476845.000 ns	     47683	800099f4	01235eb3	srl	x29,x6,x18	  x6:0x0000003f x18:0x00183af9 x29=0x00000000
     476865.000 ns	     47685	800099f8	299708d3	fmin.s	f17,f14,f25	 f14:0x7fc00000 f25:0x40a00000 f17=0x40a00000
     476895.000 ns	     47688	800099fc	02ebe4b3	rem	x9,x23,x14	 x23:0xffffffff x14:0x00000000  x9=0xffffffff
     476925.000 ns	     47691	80009a00	c00d7a53	fcvt.w.s	x20,f26	 f26:0x00000000 x20=0x00000000
     476955.000 ns	     47694	80009a04	c01877d3	fcvt.wu.s	x15,f16	 f16:0x9fe1e12f x15=0x00000000
     476985.000 ns	     47697	80009a08	02e9b233	mulhu	x4,x19,x14	 x19:0x1710d712 x14:0x00000000  x4=0x00000000
     477005.000 ns	     47699	80009a0c	00df7b33	and	x22,x30,x13	 x30:0x00000000 x13:0xe6876000 x22=0x00000000
     477025.000 ns	     47701	80009a10	031dbbb3	mulhu	x23,x27,x17	 x27:0x0018375c x17:0x80040fe4 x23=0x000c1c10
     477055.000 ns	     47704	80009a14	a10aa4d3	feq.s	x9,f21,f16	 f21:0x7fc00000 f16:0x9fe1e12f  x9=0x00000000
     477085.000 ns	     47707	80009a18	29cf05d3	fmin.s	f11,f30,f28	 f30:0x4f668760 f28:0x4f00040f f11=0x4f00040f
     477105.000 ns	     47709	80009a1c	9392c493	xori	x9,x5,-1735	  x5:0xfffff968  x9=0x00000051
     477125.000 ns	     47711	80009a20	c01a7dd3	fcvt.wu.s	x27,f20	 f20:0x3f7fff38 x27=0x00000000
     477155.000 ns	     47714	80009a24	29989553	fmax.s	f10,f17,f25	 f17:0x40a00000 f25:0x40a00000 f10=0x40a00000
     477205.000 ns	     47719	80009a28	08cc7853	fsub.s	f16,f24,f12	 f24:0x00000000 f12:0x7fc00000 f16=0x7fc00000
     477225.000 ns	     47721	80009a2c	85903093	sltiu	x1,x0,-1959	  x0:0x00000000  x1=0x00000001
     477245.000 ns	     47723	80009a30	02540ab3	mul	x21,x8,x5	  x8:0xfffff929  x5:0xfffff968 x21=0x002d19a8
     477265.000 ns	     47725	80009a34	00f25113	srli	x2,x4,0xf	  x4:0x00000000  x2=0x00000000
     477275.000 ns	     47726	80009a38	00000013	addi	x0,x0,0	  x0:0x00000000
     477295.000 ns	     47728	80009a3c	0363c433	div	x8,x7,x22	  x7:0x00000000 x22:0x00000000  x8=0xffffffff
     477665.000 ns	     47765	80009a40	0387ee33	rem	x28,x15,x24	 x15:0x00000000 x24:0xaa6b6000 x28=0x00000000
     477695.000 ns	     47768	80009a44	a1268453	fle.s	x8,f13,f18	 f13:0xbf800000 f18:0x00000000  x8=0x00000001
     477715.000 ns	     47770	80009a48	411f5ab3	sra	x21,x30,x17	 x30:0x00000000 x17:0x80040fe4 x21=0x00000000
     477735.000 ns	     47772	80009a4c	d019f9d3	fcvt.s.wu	f19,x19	 x19:0x1710d712 f19=0x4db886b8
     477755.000 ns	     47774	80009a50	01211f13	slli	x30,x2,0x12	  x2:0x00000000 x30=0x00000000
     477765.000 ns	     47775	80009a54	00000013	addi	x0,x0,0	  x0:0x00000000
     477775.000 ns	     47776	80009a58	78750a93	addi	x21,x10,1927	 x10:0x00000000 x21=0x00000787
     477805.000 ns	     47779	80009a5c	10594453	fmul.s	f8,f18,f5	 f18:0x00000000  f5:0x1fe1e12f  f8=0x00000000
     477835.000 ns	     47782	80009a60	f00e81d3	fmv.w.x	f3,x29	 x29:0x00000000  f3=0x00000000
     477855.000 ns	     47784	80009a64	008060b3	or	x1,x0,x8	  x0:0x00000000  x8:0x00000001  x1=0x00000001
     477865.000 ns	     47785	80009a68	01b00133	add	x2,x0,x27	  x0:0x00000000 x27:0x00000000  x2=0x00000000
     477885.000 ns	     47787	80009a6c	03bc1533	mulh	x10,x24,x27	 x24:0xaa6b6000 x27:0x00000000 x10=0x00000000
     477915.000 ns	     47790	80009a70	02be3033	mulhu	x0,x28,x11	 x28:0x00000000 x11:0x80041024
     477965.000 ns	     47795	80009a74	08bd2bd3	fsub.s	f23,f26,f11	 f26:0x00000000 f11:0x4f00040f f23=0xcf00040f
     477985.000 ns	     47797	80009a78	010c5393	srli	x7,x24,0x10	 x24:0xaa6b6000  x7=0x0000aa6b
     477995.000 ns	     47798	80009a7c	00adc333	xor	x6,x27,x10	 x27:0x00000000 x10:0x00000000  x6=0x00000000
     478035.000 ns	     47802	80009a80	01977fd3	fadd.s	f31,f14,f25	 f14:0x7fc00000 f25:0x40a00000 f31=0x7fc00000
     478065.000 ns	     47805	80009a84	03e13bb3	mulhu	x23,x2,x30	  x2:0x00000000 x30:0x00000000 x23=0x00000000
     478095.000 ns	     47808	80009a88	c00630d3	fcvt.w.s	x1,f12	 f12:0x7fc00000  x1=0x7fffffff
     478125.000 ns	     47811	80009a8c	037677b3	remu	x15,x12,x23	 x12:0x00000000 x23:0x00000000 x15=0x00000000
     478155.000 ns	     47814	80009a90	f00a88d3	fmv.w.x	f17,x21	 x21:0x00000787 f17=0x00000787
     478185.000 ns	     47817	80009a94	209b1d53	fsgnjn.s	f26,f22,f9	 f22:0x00000001  f9:0x4db886b9 f26=0x80000001
     478205.000 ns	     47819	80009a98	01f97733	and	x14,x18,x31	 x18:0x00183af9 x31:0x00000000 x14=0x00000000
     478535.000 ns	     47852	80009a9c	196bc7d3	fdiv.s	f15,f23,f22	 f23:0xcf00040f f22:0x00000001 f15=0xff800000
     478555.000 ns	     47854	80009aa0	00ac6ab3	or	x21,x24,x10	 x24:0xaa6b6000 x10:0x00000000 x21=0xaa6b6000
     478565.000 ns	     47855	80009aa4	412b0933	sub	x18,x22,x18	 x22:0x00000000 x18:0x00183af9 x18=0xffe7c507
     478585.000 ns	     47857	80009aa8	c008bad3	fcvt.w.s	x21,f17	 f17:0x00000787 x21=0x00000000
     478605.000 ns	     47859	80009aac	00000013	addi	x0,x0,0	  x0:0x00000000
     478625.000 ns	     47861	80009ab0	020807b3	mul	x15,x16,x0	 x16:0xc0a41024  x0:0x00000000 x15=0x00000000
     478645.000 ns	     47863	80009ab4	40a78cb3	sub	x25,x15,x10	 x15:0x00000000 x10:0x00000000 x25=0x00000000
     478665.000 ns	     47865	80009ab8	02753233	mulhu	x4,x10,x7	 x10:0x00000000  x7:0x0000aa6b  x4=0x00000000
     478695.000 ns	     47868	80009abc	d009ae53	fcvt.s.w	f28,x19	 x19:0x1710d712 f28=0x4db886b9
     478725.000 ns	     47871	80009ac0	20ae2953	fsgnjx.s	f18,f28,f10	 f28:0x4f00040f f10:0x40a00000 f18=0x4db886b9
     478745.000 ns	     47873	80009ac4	00585b13	srli	x22,x16,0x5	 x16:0xc0a41024 x22=0x06052081
     478755.000 ns	     47874	80009ac8	96412493	slti	x9,x2,-1692	  x2:0x00000000  x9=0x00000000
     478765.000 ns	     47875	80009acc	00e2b033	sltu	x0,x5,x14	  x5:0xfffff968 x14:0x00000000
     478785.000 ns	     47877	80009ad0	d000a553	fcvt.s.w	f10,x1	  x1:0x7fffffff f10=0x4f000000
     478815.000 ns	     47880	80009ad4	02028db3	mul	x27,x5,x0	  x5:0xfffff968  x0:0x00000000 x27=0x00000000
     478835.000 ns	     47882	80009ad8	01509d93	slli	x27,x1,0x15	  x1:0x7fffffff x27=0xffe00000
     478845.000 ns	     47883	80009adc	ccfc2213	slti	x4,x24,-817	 x24:0xaa6b6000  x4=0x00000001
     478855.000 ns	     47884	80009ae0	00965fb3	srl	x31,x12,x9	 x12:0x00000000  x9:0x00000000 x31=0x00000000
     478875.000 ns	     47886	80009ae4	e0031c53	fclass.s	x24,f6	  f6:0x4f068e69 x24=0x00000040
     478895.000 ns	     47888	80009ae8	019aec33	or	x24,x21,x25	 x21:0x00000000 x25:0x00000000 x24=0x00000000
     478915.000 ns	     47890	80009aec	d0049553	fcvt.s.w	f10,x9	  x9:0x00000000 f10=0x00000000
     478945.000 ns	     47893	80009af0	02f3ff33	remu	x30,x7,x15	  x7:0x0000aa6b x15:0x00000000 x30=0x0000aa6b
     479315.000 ns	     47930	80009af4	03eac833	div	x16,x21,x30	 x21:0x00000000 x30:0x00000000 x16=0x00000000
     479335.000 ns	     47932	80009af8	0046cc33	xor	x24,x13,x4	 x13:0xe6876000  x4:0x00000001 x24=0xe6876001
     479345.000 ns	     47933	80009afc	cb420713	addi	x14,x4,-844	  x4:0x00000001 x14=0xfffffcb5
     479365.000 ns	     47935	80009b00	e00510d3	fclass.s	x1,f10	 f10:0x00000000  x1=0x00000010
     479395.000 ns	     47938	80009b04	29179ad3	fmax.s	f21,f15,f17	 f15:0xff800000 f17:0x00000787 f21=0x00000787
     479415.000 ns	     47940	80009b08	1b5f7693	andi	x13,x30,437	 x30:0x0000aa6b x13=0x00000021
     479445.000 ns	     47943	80009b0c	5807f353	fsqrt.s	f6,f15	 f15:0xff800000  f6=0x7fc00000
     479465.000 ns	     47945	80009b10	009c66b3	or	x13,x24,x9	 x24:0xe6876001  x9:0x00000000 x13=0xe6876001
     479505.000 ns	     47949	80009b14	00adfed3	fadd.s	f29,f27,f10	 f27:0x00000000 f10:0x00000000 f29=0x00000000
     480585.000 ns	     48057	80009b18	580f3cd3	fsqrt.s	f25,f30	 f30:0x4f668760 f25=0x4723022b
     480605.000 ns	     48059	80009b1c	eb9f7a93	andi	x21,x30,-327	 x30:0x0000aa6b x21=0x0000aa29
     480625.000 ns	     48061	80009b20	03be36b3	mulhu	x13,x28,x27	 x28:0x00000000 x27:0xffe00000 x13=0x00000000
     480645.000 ns	     48063	80009b24	0083cb33	xor	x22,x7,x8	  x7:0x0000aa6b  x8:0x00000001 x22=0x0000aa6a
     480665.000 ns	     48065	80009b28	d010f753	fcvt.s.wu	f14,x1	  x1:0x00000010 f14=0x41800000
     480695.000 ns	     48068	80009b2c	03cfbdb3	mulhu	x27,x31,x28	 x31:0x00000000 x28:0x00000000 x27=0x00000000
     480725.000 ns	     48071	80009b30	0290e7b3	rem	x15,x1,x9	  x1:0x00000010  x9:0x00000000 x15=0x00000010
     480745.000 ns	     48073	80009b34	80990493	addi	x9,x18,-2039	 x18:0xffe7c507  x9=0xffe7bd10
     480755.000 ns	     48074	80009b38	01864533	xor	x10,x12,x24	 x12:0x00000000 x24:0xe6876001 x10=0xe6876001
     480775.000 ns	     48076	80009b3c	f0098453	fmv.w.x	f8,x19	 x19:0x1710d712  f8=0x1710d712
     480805.000 ns	     48079	80009b40	a027acd3	feq.s	x25,f15,f2	 f15:0xff800000  f2:0x7fc00000 x25=0x00000000
     480825.000 ns	     48081	80009b44	f3116213	ori	x4,x2,-207	  x2:0x00000000  x4=0xffffff31
     480845.000 ns	     48083	80009b48	210d16d3	fsgnjn.s	f13,f26,f16	 f26:0x80000001 f16:0x7fc00000 f13=0x80000001
     480875.000 ns	     48086	80009b4c	d01d28d3	fcvt.s.wu	f17,x26	 x26:0x00000000 f17=0x00000000
     480895.000 ns	     48088	80009b50	01ec22b3	slt	x5,x24,x30	 x24:0xe6876001 x30:0x0000aa6b  x5=0x00000001
     480935.000 ns	     48092	80009b54	00b088d3	fadd.s	f17,f1,f11	  f1:0x3f800000 f11:0x4f00040f f17=0x4f00040f
     480965.000 ns	     48095	80009b58	a11e27d3	feq.s	x15,f28,f17	 f28:0x4db886b9 f17:0x00000000 x15=0x00000000
     480995.000 ns	     48098	80009b5c	034e2f33	mulhsu	x30,x28,x20	 x28:0x00000000 x20:0x00000000 x30=0x00000000
     481025.000 ns	     48101	80009b60	02d3b033	mulhu	x0,x7,x13	  x7:0x0000aa6b x13:0x00000000
     481055.000 ns	     48104	80009b64	d019f3d3	fcvt.s.wu	f7,x19	 x19:0x1710d712  f7=0x4db886b8
     481085.000 ns	     48107	80009b68	0232b4b3	mulhu	x9,x5,x3	  x5:0x00000001  x3:0x00000001  x9=0x00000000
     481105.000 ns	     48109	80009b6c	048dac97	auipc	x25,0x48da	 x25=0x848e3b6c
     481125.000 ns	     48111	80009b70	c0012453	fcvt.w.s	x8,f2	  f2:0x7fc00000  x8=0x7fffffff
     481155.000 ns	     48114	80009b74	d01d79d3	fcvt.s.wu	f19,x26	 x26:0x00000000 f19=0x00000000
     481175.000 ns	     48116	80009b78	e7cfac37	lui	x24,0xe7cfa	 x24=0xe7cfa000
     481185.000 ns	     48117	80009b7c	74c4c537	lui	x10,0x74c4c	 x10=0x74c4c000
     481205.000 ns	     48119	80009b80	288d1453	fmax.s	f8,f26,f8	 f26:0x80000001  f8:0x1710d712  f8=0x1710d712
     481225.000 ns	     48121	80009b84	00efdb33	srl	x22,x31,x14	 x31:0x00000000 x14:0xfffffcb5 x22=0x00000000
     481235.000 ns	     48122	80009b88	014b0eb3	add	x29,x22,x20	 x22:0x0000aa6a x20:0x00000000 x29=0x00000000
     481255.000 ns	     48124	80009b8c	e0079d53	fclass.s	x26,f15	 f15:0xff800000 x26=0x00000001
     481275.000 ns	     48126	80009b90	4c8cef97	auipc	x31,0x4c8ce	 x31=0xcc8d7b90
     481285.000 ns	     48127	80009b94	7f098217	auipc	x4,0x7f098	  x4=0xff0a1b94
     481295.000 ns	     48128	80009b98	00b61a93	slli	x21,x12,0xb	 x12:0x00000000 x21=0x00000000
     481315.000 ns	     48130	80009b9c	29500d53	fmin.s	f26,f0,f21	  f0:0xcf068e68 f21:0x00000787 f26=0xcf068e68
     481345.000 ns	     48133	80009ba0	03afaab3	mulhsu	x21,x31,x26	 x31:0xcc8d7b90 x26:0x00000001 x21=0xffffffff
     481715.000 ns	     48170	80009ba4	02e0feb3	remu	x29,x1,x14	  x1:0x00000010 x14:0xfffffcb5 x29=0x00000010
     481745.000 ns	     48173	80009ba8	0298c7b3	div	x15,x17,x9	 x17:0x80040fe4  x9:0x00000000 x15=0xffffffff
     481775.000 ns	     48176	80009bac	03800733	mul	x14,x0,x24	  x0:0x00000000 x24:0xe7cfa000 x14=0x00000000
     481795.000 ns	     48178	80009bb0	00000013	addi	x0,x0,0	  x0:0x00000000
     481805.000 ns	     48179	80009bb4	006d9a13	slli	x20,x27,0x6	 x27:0x00000000 x20=0x00000000
     481815.000 ns	     48180	80009bb8	8276ac93	slti	x25,x13,-2009	 x13:0x00000000 x25=0x00000000
     481835.000 ns	     48182	80009bbc	282211d3	fmax.s	f3,f4,f2	  f4:0x00000000  f2:0x7fc00000  f3=0x00000000
     481855.000 ns	     48184	80009bc0	0128e7b3	or	x15,x17,x18	 x17:0x80040fe4 x18:0xffe7c507 x15=0xffe7cfe7
     481865.000 ns	     48185	80009bc4	4068d093	srai	x1,x17,0x6	 x17:0x80040fe4  x1=0xfe00103f
     481875.000 ns	     48186	80009bc8	25a9c717	auipc	x14,0x25a9c	 x14=0xa5aa5bc8
     481915.000 ns	     48190	80009bcc	00aa7cd3	fadd.s	f25,f20,f10	 f20:0x3f7fff38 f10:0x00000000 f25=0x3f7fff38
     481935.000 ns	     48192	80009bd0	00000013	addi	x0,x0,0	  x0:0x00000000
     481945.000 ns	     48193	80009bd4	5cd4ab93	slti	x23,x9,1485	  x9:0x00000000 x23=0x00000001
     481965.000 ns	     48195	80009bd8	035d8d33	mul	x26,x27,x21	 x27:0x00000000 x21:0xffffffff x26=0x00000000
     481995.000 ns	     48198	80009bdc	29c11153	fmax.s	f2,f2,f28	  f2:0x7fc00000 f28:0x4db886b9  f2=0x4db886b9
     482025.000 ns	     48201	80009be0	e0019653	fclass.s	x12,f3	  f3:0x00000000 x12=0x00000010
     482055.000 ns	     48204	80009be4	a19daad3	feq.s	x21,f27,f25	 f27:0x00000000 f25:0x3f7fff38 x21=0x00000000
     482075.000 ns	     48206	80009be8	3bae4613	xori	x12,x28,954	 x28:0x00000000 x12=0x000003ba
     482085.000 ns	     48207	80009bec	01671c93	slli	x25,x14,0x16	 x14:0xa5aa5bc8 x25=0xf2000000
     482105.000 ns	     48209	80009bf0	d008f8d3	fcvt.s.w	f17,x17	 x17:0x80040fe4 f17=0xcefff7e0
     482125.000 ns	     48211	80009bf4	00145eb3	srl	x29,x8,x1	  x8:0x7fffffff  x1:0xfe00103f x29=0x00000000
     482135.000 ns	     48212	80009bf8	008ec833	xor	x16,x29,x8	 x29:0x00000010  x8:0x7fffffff x16=0x7fffffff
     482155.000 ns	     48214	80009bfc	28280c53	fmin.s	f24,f16,f2	 f16:0x7fc00000  f2:0x4db886b9 f24=0x4db886b9
     482175.000 ns	     48216	80009c00	011abb33	sltu	x22,x21,x17	 x21:0x00000000 x17:0x80040fe4 x22=0x00000001
     482185.000 ns	     48217	80009c04	000bfcb3	and	x25,x23,x0	 x23:0x00000001  x0:0x00000000 x25=0x00000000
     482215.000 ns	     48220	80009c08	580074d3	fsqrt.s	f9,f0	  f0:0xcf068e68  f9=0x7fc00000
     482235.000 ns	     48222	80009c0c	5d20fd97	auipc	x27,0x5d20f	 x27=0xdd218c0c
     482245.000 ns	     48223	80009c10	00d161b3	or	x3,x2,x13	  x2:0x00000000 x13:0x00000000  x3=0x00000000
     482265.000 ns	     48225	80009c14	20c82a53	fsgnjx.s	f20,f16,f12	 f16:0x7fc00000 f12:0x7fc00000 f20=0x7fc00000
     482285.000 ns	     48227	80009c18	01eec133	xor	x2,x29,x30	 x29:0x00000000 x30:0x00000000  x2=0x00000000
     482295.000 ns	     48228	80009c1c	411383b3	sub	x7,x7,x17	  x7:0x0000aa6b x17:0x80040fe4  x7=0x7ffc9a87
     482305.000 ns	     48229	80009c20	002e5bb3	srl	x23,x28,x2	 x28:0x00000000  x2:0x00000000 x23=0x00000000
     482315.000 ns	     48230	80009c24	40ea8ab3	sub	x21,x21,x14	 x21:0x00000000 x14:0xa5aa5bc8 x21=0x5a55a438
     482325.000 ns	     48231	80009c28	017d8b33	add	x22,x27,x23	 x27:0xdd218c0c x23:0x00000001 x22=0xdd218c0c
     482345.000 ns	     48233	80009c2c	e0048a53	fmv.x.w	x20,f9	  f9:0x7fc00000 x20=0x7fc00000
     482375.000 ns	     48236	80009c30	a0ab8bd3	fle.s	x23,f23,f10	 f23:0xcf00040f f10:0x00000000 x23=0x00000001
     482405.000 ns	     48239	80009c34	20018f53	fsgnj.s	f30,f3,f0	  f3:0x00000000  f0:0xcf068e68 f30=0x80000000
     482435.000 ns	     48242	80009c38	023c6db3	rem	x27,x24,x3	 x24:0xe7cfa000  x3:0x00000000 x27=0xe7cfa000
     482485.000 ns	     48247	80009c3c	00c879d3	fadd.s	f19,f16,f12	 f16:0x7fc00000 f12:0x7fc00000 f19=0x7fc00000
     482515.000 ns	     48250	80009c40	d01645d3	fcvt.s.wu	f11,x12	 x12:0x000003ba f11=0x446e8000
     482535.000 ns	     48252	80009c44	964f2493	slti	x9,x30,-1692	 x30:0x00000000  x9=0x00000000
     482545.000 ns	     48253	80009c48	ea108c93	addi	x25,x1,-351	  x1:0xfe00103f x25=0xfe000ee0
     482555.000 ns	     48254	80009c4c	e0188213	addi	x4,x17,-511	 x17:0x80040fe4  x4=0x80040de5
     482565.000 ns	     48255	80009c50	018dea33	or	x20,x27,x24	 x27:0xe7cfa000 x24:0xe7cfa000 x20=0xe7cfa000
     482575.000 ns	     48256	80009c54	3909c713	xori	x14,x19,912	 x19:0x1710d712 x14=0x1710d482
     482595.000 ns	     48258	80009c58	c00e4753	fcvt.w.s	x14,f28	 f28:0x4db886b9 x14=0x1710d720
     482625.000 ns	     48261	80009c5c	d0193353	fcvt.s.wu	f6,x18	 x18:0xffe7c507  f6=0x4f7fe7c6
     482655.000 ns	     48264	80009c60	d018f653	fcvt.s.wu	f12,x17	 x17:0x80040fe4 f12=0x4f00040f
     482685.000 ns	     48267	80009c64	022ed1b3	divu	x3,x29,x2	 x29:0x00000000  x2:0x00000000  x3=0xffffffff
     482705.000 ns	     48269	80009c68	00e11633	sll	x12,x2,x14	  x2:0x00000000 x14:0x1710d720 x12=0x00000000
     482725.000 ns	     48271	80009c6c	201d2053	fsgnjx.s	f0,f26,f1	 f26:0xcf068e68  f1:0x3f800000  f0=0xcf068e68
     482745.000 ns	     48273	80009c70	41518533	sub	x10,x3,x21	  x3:0xffffffff x21:0x5a55a438 x10=0xa5aa5bc7
     482765.000 ns	     48275	80009c74	a1b19c53	flt.s	x24,f3,f27	  f3:0x00000000 f27:0x00000000 x24=0x00000000
     482795.000 ns	     48278	80009c78	d00475d3	fcvt.s.w	f11,x8	  x8:0x7fffffff f11=0x4effffff
     482815.000 ns	     48280	80009c7c	013f1e13	slli	x28,x30,0x13	 x30:0x00000000 x28=0x00000000
     482825.000 ns	     48281	80009c80	00097b33	and	x22,x18,x0	 x18:0xffe7c507  x0:0x00000000 x22=0x00000000
     482865.000 ns	     48285	80009c84	0846f753	fsub.s	f14,f13,f4	 f13:0x80000001  f4:0x00000000 f14=0x80000001
     482885.000 ns	     48287	80009c88	0025db13	srli	x22,x11,0x2	 x11:0x80041024 x22=0x20010409
     482895.000 ns	     48288	80009c8c	7d460293	addi	x5,x12,2004	 x12:0x00000000  x5=0x000007d4
     482905.000 ns	     48289	80009c90	007b1f33	sll	x30,x22,x7	 x22:0x00000000  x7:0x7ffc9a87 x30=0x00820480
     482915.000 ns	     48290	80009c94	00841433	sll	x8,x8,x8	  x8:0x7fffffff  x8:0x7fffffff  x8=0x80000000
     483245.000 ns	     48323	80009c98	1982a853	fdiv.s	f16,f5,f24	  f5:0x1fe1e12f f24:0x4db886b9 f16=0x1161e130
     483265.000 ns	     48325	80009c9c	005e56b3	srl	x13,x28,x5	 x28:0x00000000  x5:0x000007d4 x13=0x00000000
     483285.000 ns	     48327	80009ca0	2035ae53	fsgnjx.s	f28,f11,f3	 f11:0x4effffff  f3:0x00000000 f28=0x4effffff
     483315.000 ns	     48330	80009ca4	a0cd0953	fle.s	x18,f26,f12	 f26:0xcf068e68 f12:0x4f00040f x18=0x00000001
     483345.000 ns	     48333	80009ca8	21b89a53	fsgnjn.s	f20,f17,f27	 f17:0xcefff7e0 f27:0x00000000 f20=0xcefff7e0
     483375.000 ns	     48336	80009cac	285184d3	fmin.s	f9,f3,f5	  f3:0x00000000  f5:0x1fe1e12f  f9=0x00000000
     483405.000 ns	     48339	80009cb0	c01112d3	fcvt.wu.s	x5,f2	  f2:0x4db886b9  x5=0x1710d720
     483425.000 ns	     48341	80009cb4	25e86c93	ori	x25,x16,606	 x16:0x7fffffff x25=0x7fffffff
     483435.000 ns	     48342	80009cb8	004c56b3	srl	x13,x24,x4	 x24:0x00000000  x4:0x80040de5 x13=0x00000000
     483455.000 ns	     48344	80009cbc	20da0653	fsgnj.s	f12,f20,f13	 f20:0xcefff7e0 f13:0x80000001 f12=0xcefff7e0
     483475.000 ns	     48346	80009cc0	a5e14f93	xori	x31,x2,-1442	  x2:0x00000000 x31=0xfffffa5e
     483495.000 ns	     48348	80009cc4	02221933	mulh	x18,x4,x2	  x4:0x80040de5  x2:0x00000000 x18=0x00000000
     483525.000 ns	     48351	80009cc8	20101253	fsgnjn.s	f4,f0,f1	  f0:0xcf068e68  f1:0x3f800000  f4=0xcf068e68
     483565.000 ns	     48355	80009ccc	1921f053	fdiv.s	f0,f3,f18	  f3:0x00000000 f18:0x4db886b9  f0=0x00000000
     483595.000 ns	     48358	80009cd0	a061a3d3	feq.s	x7,f3,f6	  f3:0x00000000  f6:0x4f7fe7c6  x7=0x00000000
     483625.000 ns	     48361	80009cd4	c008fbd3	fcvt.w.s	x23,f17	 f17:0xcefff7e0 x23=0x7ffbf000
     483645.000 ns	     48363	80009cd8	a159a193	slti	x3,x19,-1515	 x19:0x1710d712  x3=0x00000000
     483655.000 ns	     48364	80009cdc	21212193	slti	x3,x2,530	  x2:0x00000000  x3=0x00000001
     483675.000 ns	     48366	80009ce0	d0191d53	fcvt.s.wu	f26,x18	 x18:0x00000000 f26=0x00000000
     483695.000 ns	     48368	80009ce4	57134793	xori	x15,x6,1393	  x6:0x00000000 x15=0x00000571
     483705.000 ns	     48369	80009ce8	868e8293	addi	x5,x29,-1944	 x29:0x00000000  x5=0xfffff868
     483715.000 ns	     48370	80009cec	403351b3	sra	x3,x6,x3	  x6:0x00000000  x3:0x00000001  x3=0x00000000
     483725.000 ns	     48371	80009cf0	01dad033	srl	x0,x21,x29	 x21:0x5a55a438 x29:0x00000000
     483745.000 ns	     48373	80009cf4	21742753	fsgnjx.s	f14,f8,f23	  f8:0x1710d712 f23:0xcf00040f f14=0x9710d712
     483765.000 ns	     48375	80009cf8	3adbfe13	andi	x28,x23,941	 x23:0x7ffbf000 x28=0x00000000
     483775.000 ns	     48376	80009cfc	408f0333	sub	x6,x30,x8	 x30:0x00820480  x8:0x80000000  x6=0x80820480
     483785.000 ns	     48377	80009d00	370a4b13	xori	x22,x20,880	 x20:0xe7cfa000 x22=0xe7cfa370
     483795.000 ns	     48378	80009d04	451da813	slti	x16,x27,1105	 x27:0xe7cfa000 x16=0x00000001
     484155.000 ns	     48414	80009d08	0244c533	div	x10,x9,x4	  x9:0x00000000  x4:0x80040de5 x10=0x00000000
     484185.000 ns	     48417	80009d0c	280919d3	fmax.s	f19,f18,f0	 f18:0x4db886b9  f0:0x00000000 f19=0x4db886b9
     484235.000 ns	     48422	80009d10	0135f853	fadd.s	f16,f11,f19	 f11:0x4effffff f19:0x7fc00000 f16=0x4f1710d6
     484255.000 ns	     48424	80009d14	40535633	sra	x12,x6,x5	  x6:0x80820480  x5:0xfffff868 x12=0xff808204
     484265.000 ns	     48425	80009d18	41aa5eb3	sra	x29,x20,x26	 x20:0xe7cfa000 x26:0x00000000 x29=0xe7cfa000
     484275.000 ns	     48426	80009d1c	0027d313	srli	x6,x15,0x2	 x15:0x00000571  x6=0x0000015c
     484285.000 ns	     48427	80009d20	32b94c13	xori	x24,x18,811	 x18:0x00000000 x24=0x0000032b
     484295.000 ns	     48428	80009d24	5adeb213	sltiu	x4,x29,1453	 x29:0xe7cfa000  x4=0x00000000
     484655.000 ns	     48464	80009d28	03de4033	div	x0,x28,x29	 x28:0x00000000 x29:0xe7cfa000
     484695.000 ns	     48468	80009d2c	1183f1d3	fmul.s	f3,f7,f24	  f7:0x4db886b8 f24:0x4db886b9  f3=0x5c0501f0
     485065.000 ns	     48505	80009d30	0319c933	div	x18,x19,x17	 x19:0x1710d712 x17:0x80040fe4 x18=0x00000000
     485085.000 ns	     48507	80009d34	40a68a33	sub	x20,x13,x10	 x13:0x00000000 x10:0x00000000 x20=0x00000000
     485095.000 ns	     48508	80009d38	0107d933	srl	x18,x15,x16	 x15:0x00000571 x16:0x00000001 x18=0x000002b8
     485105.000 ns	     48509	80009d3c	0142e2b3	or	x5,x5,x20	  x5:0xfffff868 x20:0xe7cfa000  x5=0xfffff868
     485115.000 ns	     48510	80009d40	dbeb4f93	xori	x31,x22,-578	 x22:0xe7cfa370 x31=0x18305ece
     485155.000 ns	     48514	80009d44	0971bbd3	fsub.s	f23,f3,f23	  f3:0x5c0501f0 f23:0xcf00040f f23=0x5c0501f1
     485185.000 ns	     48517	80009d48	21040353	fsgnj.s	f6,f8,f16	  f8:0x1710d712 f16:0x4f1710d6  f6=0x1710d712
     485205.000 ns	     48519	80009d4c	6df1c513	xori	x10,x3,1759	  x3:0x00000000 x10=0x000006df
     485245.000 ns	     48523	80009d50	083a73d3	fsub.s	f7,f20,f3	 f20:0xcefff7e0  f3:0x5c0501f0  f7=0xdc0501f0
     485265.000 ns	     48525	80009d54	00a78533	add	x10,x15,x10	 x15:0x00000571 x10:0x00000000 x10=0x00000c50
     485275.000 ns	     48526	80009d58	0039f3b3	and	x7,x19,x3	 x19:0x1710d712  x3:0x00000000  x7=0x00000000
     485295.000 ns	     48528	80009d5c	20ca2ad3	fsgnjx.s	f21,f20,f12	 f20:0xcefff7e0 f12:0xcefff7e0 f21=0x4efff7e0
     485325.000 ns	     48531	80009d60	a02b06d3	fle.s	x13,f22,f2	 f22:0x00000001  f2:0x4db886b9 x13=0x00000001
     485375.000 ns	     48536	80009d64	091675d3	fsub.s	f11,f12,f17	 f12:0xcefff7e0 f17:0xcefff7e0 f11=0x00000000
     485405.000 ns	     48539	80009d68	c00f82d3	fcvt.w.s	x5,f31	 f31:0x7fc00000  x5=0x7fffffff
     485455.000 ns	     48544	80009d6c	08ca7653	fsub.s	f12,f20,f12	 f20:0xcefff7e0 f12:0xcefff7e0 f12=0x00000000
     485475.000 ns	     48546	80009d70	e3254713	xori	x14,x10,-462	 x10:0x00000c50 x14=0xfffff262
     485495.000 ns	     48548	80009d74	c002b753	fcvt.w.s	x14,f5	  f5:0x1fe1e12f x14=0x00000000
     485835.000 ns	     48582	80009d78	18d770d3	fdiv.s	f1,f14,f13	 f14:0x9710d712 f13:0x80000001  f1=0x55cc7aee
     485855.000 ns	     48584	80009d7c	01380ab3	add	x21,x16,x19	 x16:0x00000001 x19:0x1710d712 x21=0x1710d713
     485875.000 ns	     48586	80009d80	03f51eb3	mulh	x29,x10,x31	 x10:0x00000c50 x31:0x18305ece x29=0x00000129
     485895.000 ns	     48588	80009d84	00d35d33	srl	x26,x6,x13	  x6:0x0000015c x13:0x00000001 x26=0x000000ae
     485915.000 ns	     48590	80009d88	20ae1553	fsgnjn.s	f10,f28,f10	 f28:0x4effffff f10:0x00000000 f10=0xceffffff
     485935.000 ns	     48592	80009d8c	41278833	sub	x16,x15,x18	 x15:0x00000571 x18:0x000002b8 x16=0x000002b9
     485945.000 ns	     48593	80009d90	00125a13	srli	x20,x4,0x1	  x4:0x00000000 x20=0x00000000
     485965.000 ns	     48595	80009d94	293c8953	fmin.s	f18,f25,f19	 f25:0x3f7fff38 f19:0x4db886b9 f18=0x3f7fff38
     486305.000 ns	     48629	80009d98	193b77d3	fdiv.s	f15,f22,f19	 f22:0x00000001 f19:0x4db886b9 f15=0x00000000
     486325.000 ns	     48631	80009d9c	834c0613	addi	x12,x24,-1996	 x24:0x0000032b x12=0xfffffb5f
     486335.000 ns	     48632	80009da0	c6e54a93	xori	x21,x10,-914	 x10:0x00000c50 x21=0xfffff03e
     486695.000 ns	     48668	80009da4	0360fbb3	remu	x23,x1,x22	  x1:0xfe00103f x22:0xe7cfa370 x23=0x16306ccf
     486715.000 ns	     48670	80009da8	0052b333	sltu	x6,x5,x5	  x5:0x7fffffff  x5:0x7fffffff  x6=0x00000000
     486735.000 ns	     48672	80009dac	a0230ed3	fle.s	x29,f6,f2	  f6:0x1710d712  f2:0x4db886b9 x29=0x00000001
     486755.000 ns	     48674	80009db0	00d65e33	srl	x28,x12,x13	 x12:0xfffffb5f x13:0x00000001 x28=0x7ffffdaf
     486765.000 ns	     48675	80009db4	0156d4b3	srl	x9,x13,x21	 x13:0x00000001 x21:0xfffff03e  x9=0x00000000
     486775.000 ns	     48676	80009db8	b9cb8393	addi	x7,x23,-1124	 x23:0x16306ccf  x7=0x1630686b
     486785.000 ns	     48677	80009dbc	0ac96e13	ori	x28,x18,172	 x18:0x000002b8 x28=0x000002bc
     486795.000 ns	     48678	80009dc0	b7a47e93	andi	x29,x8,-1158	  x8:0x80000000 x29=0x80000000
     486805.000 ns	     48679	80009dc4	649caa93	slti	x21,x25,1609	 x25:0x7fffffff x21=0x00000000
     486825.000 ns	     48681	80009dc8	d00d7ad3	fcvt.s.w	f21,x26	 x26:0x000000ae f21=0x432e0000
     486855.000 ns	     48684	80009dcc	c01546d3	fcvt.wu.s	x13,f10	 f10:0xceffffff x13=0x7fffff80
     486875.000 ns	     48686	80009dd0	01b91813	slli	x16,x18,0x1b	 x18:0x000002b8 x16=0xc0000000
     486885.000 ns	     48687	80009dd4	e61b4213	xori	x4,x22,-415	 x22:0xe7cfa370  x4=0x18305d11
     486895.000 ns	     48688	80009dd8	4065d093	srai	x1,x11,0x6	 x11:0x80041024  x1=0xfe001040
     486915.000 ns	     48690	80009ddc	c01d7b53	fcvt.wu.s	x22,f26	 f26:0x00000000 x22=0x00000000
     486945.000 ns	     48693	80009de0	20858553	fsgnj.s	f10,f11,f8	 f11:0x00000000  f8:0x1710d712 f10=0x00000000
     486965.000 ns	     48695	80009de4	01965d33	srl	x26,x12,x25	 x12:0xfffffb5f x25:0x7fffffff x26=0x00000001
     487325.000 ns	     48731	80009de8	02b1e233	rem	x4,x3,x11	  x3:0x00000000 x11:0x80041024  x4=0x00000000
     487355.000 ns	     48734	80009dec	02d99333	mulh	x6,x19,x13	 x19:0x1710d712 x13:0x7fffff80  x6=0x0b886b7d
     487385.000 ns	     48737	80009df0	039110b3	mulh	x1,x2,x25	  x2:0x00000000 x25:0x7fffffff  x1=0x00000000
     487405.000 ns	     48739	80009df4	0ab4bc13	sltiu	x24,x9,171	  x9:0x00000000 x24=0x00000001
     487415.000 ns	     48740	80009df8	00d9cbb3	xor	x23,x19,x13	 x19:0x1710d712 x13:0x7fffff80 x23=0x68ef2892
     487425.000 ns	     48741	80009dfc	000d3833	sltu	x16,x26,x0	 x26:0x00000001  x0:0x00000000 x16=0x00000000
     487445.000 ns	     48743	80009e00	03b79333	mulh	x6,x15,x27	 x15:0x00000571 x27:0xe7cfa000  x6=0xffffff7c
     487495.000 ns	     48748	80009e04	01c224d3	fadd.s	f9,f4,f28	  f4:0xcf068e68 f28:0x4effffff  f9=0xccd1cd01
     487515.000 ns	     48750	80009e08	000a8e33	add	x28,x21,x0	 x21:0x00000000  x0:0x00000000 x28=0x00000000
     487525.000 ns	     48751	80009e0c	40dfd433	sra	x8,x31,x13	 x31:0x18305ece x13:0x7fffff80  x8=0x18305ece
     487545.000 ns	     48753	80009e10	e0001453	fclass.s	x8,f0	  f0:0x00000000  x8=0x00000010
     487565.000 ns	     48755	80009e14	c16f8313	addi	x6,x31,-1002	 x31:0x18305ece  x6=0x18305ae4
     487575.000 ns	     48756	80009e18	0041b3b3	sltu	x7,x3,x4	  x3:0x00000000  x4:0x00000000  x7=0x00000000
     487585.000 ns	     48757	80009e1c	40cad7b3	sra	x15,x21,x12	 x21:0x00000000 x12:0xfffffb5f x15=0x00000000
     487605.000 ns	     48759	80009e20	a1c69dd3	flt.s	x27,f13,f28	 f13:0x80000001 f28:0x4effffff x27=0x00000001
     488785.000 ns	     48877	80009e24	580cccd3	fsqrt.s	f25,f25	 f25:0x3f7fff38 f25=0x3f3503d5
     488835.000 ns	     48882	80009e28	00aa8053	fadd.s	f0,f21,f10	 f21:0x432e0000 f10:0x00000000  f0=0x432e0000
     488855.000 ns	     48884	80009e2c	00d1b0b3	sltu	x1,x3,x13	  x3:0x00000000 x13:0x7fffff80  x1=0x00000001
     488865.000 ns	     48885	80009e30	01f86eb3	or	x29,x16,x31	 x16:0x00000000 x31:0x18305ece x29=0x18305ece
     488875.000 ns	     48886	80009e34	4c606813	ori	x16,x0,1222	  x0:0x00000000 x16=0x000004c6
     489205.000 ns	     48919	80009e38	186e4653	fdiv.s	f12,f28,f6	 f28:0x4effffff  f6:0x1710d712 f12=0x7734b4b5
     489225.000 ns	     48921	80009e3c	01d59c33	sll	x24,x11,x29	 x11:0x80041024 x29:0x18305ece x24=0x04090000
     489245.000 ns	     48923	80009e40	c0059b53	fcvt.w.s	x22,f11	 f11:0x00000000 x22=0x00000000
     489275.000 ns	     48926	80009e44	a1682953	feq.s	x18,f16,f22	 f16:0x4f1710d6 f22:0x00000001 x18=0x00000000
     489295.000 ns	     48928	80009e48	010fd913	srli	x18,x31,0x10	 x31:0x18305ece x18=0x00001830
     489305.000 ns	     48929	80009e4c	005f80b3	add	x1,x31,x5	 x31:0x18305ece  x5:0x7fffffff  x1=0x98305ecd
     489335.000 ns	     48932	80009e50	580a73d3	fsqrt.s	f7,f20	 f20:0xcefff7e0  f7=0x7fc00000
     489385.000 ns	     48937	80009e54	01bc1853	fadd.s	f16,f24,f27	 f24:0x4db886b9 f27:0x00000000 f16=0x4db886b9
     489415.000 ns	     48940	80009e58	f00403d3	fmv.w.x	f7,x8	  x8:0x00000010  f7=0x00000010
     489445.000 ns	     48943	80009e5c	03978a33	mul	x20,x15,x25	 x15:0x00000000 x25:0x7fffffff x20=0x00000000
     489475.000 ns	     48946	80009e60	28ce0ad3	fmin.s	f21,f28,f12	 f28:0x4effffff f12:0x7734b4b5 f21=0x4effffff
     489495.000 ns	     48948	80009e64	009b1fb3	sll	x31,x22,x9	 x22:0x00000000  x9:0x00000000 x31=0x00000000
     489535.000 ns	     48952	80009e68	0180f3d3	fadd.s	f7,f1,f24	  f1:0x55cc7aee f24:0x4db886b9  f7=0x55cc7ba6
     489555.000 ns	     48954	80009e6c	41a5d333	sra	x6,x11,x26	 x11:0x80041024 x26:0x00000001  x6=0xc0020812
     489575.000 ns	     48956	80009e70	03b99733	mulh	x14,x19,x27	 x19:0x1710d712 x27:0x00000001 x14=0x00000000
     489915.000 ns	     48990	80009e74	180779d3	fdiv.s	f19,f14,f0	 f14:0x9710d712  f0:0x432e0000 f19=0x936b7060
     489965.000 ns	     48995	80009e78	00408553	fadd.s	f10,f1,f4	  f1:0x55cc7aee  f4:0xcf068e68 f10=0x55cc76ba
     489985.000 ns	     48997	80009e7c	22d70b13	addi	x22,x14,557	 x14:0x00000000 x22=0x0000022d
     490025.000 ns	     49001	80009e80	089c38d3	fsub.s	f17,f24,f9	 f24:0x4db886b9  f9:0xccd1cd01 f17=0x4decf9fa
     490045.000 ns	     49003	80009e84	417cd033	sra	x0,x25,x23	 x25:0x7fffffff x23:0x68ef2892
     490405.000 ns	     49039	80009e88	03aa6033	rem	x0,x20,x26	 x20:0x00000000 x26:0x00000001
     490435.000 ns	     49042	80009e8c	28521bd3	fmax.s	f23,f4,f5	  f4:0xcf068e68  f5:0x1fe1e12f f23=0x1fe1e12f
     490465.000 ns	     49045	80009e90	e00f1753	fclass.s	x14,f30	 f30:0x80000000 x14=0x00000008
     490835.000 ns	     49082	80009e94	021d53b3	divu	x7,x26,x1	 x26:0x00000001  x1:0x98305ecd  x7=0x00000000
     490855.000 ns	     49084	80009e98	40885513	srai	x10,x16,0x8	 x16:0x000004c6 x10=0x00000004
     490865.000 ns	     49085	80009e9c	40998a33	sub	x20,x19,x9	 x19:0x1710d712  x9:0x00000000 x20=0x1710d712
     490875.000 ns	     49086	80009ea0	e3f15497	auipc	x9,0xe3f15	  x9=0x63f1eea0
     490905.000 ns	     49089	80009ea4	188ef7d3	fdiv.s	f15,f29,f8	 f29:0x00000000  f8:0x1710d712 f15=0x00000000
     490925.000 ns	     49091	80009ea8	00000997	auipc	x19,0x0	 x19=0x80009ea8
     490935.000 ns	     49092	80009eac	00c98993	addi	x19,x19,12	 x19:0x1710d712 x19=0x80009eb4
     490945.000 ns	     49093	80009eb0	00098067	jalr	x0,x19,0	 x19:0x1710d712
     490995.000 ns	     49098	80009eb4	00100193	addi	x3,x0,1	  x0:0x00000000  x3=0x00000001
     491005.000 ns	     49099	80009eb8	00000073	ecall	
     491015.000 ns	     49100	80009ebc	00036f17	auipc	x30,0x36	 x30=0x8003febc
     491025.000 ns	     49101	80009ec0	143f2223	sw	x3,324(x30)	 x30:0x00820480  x3:0x00000001 PA:0xxxxxxxxx
     491045.000 ns	     49103	80009ec4	ff9ff06f	jal	x0,80009ec0	
     491095.000 ns	     49108	80009ebc	00036f17	auipc	x30,0x36	 x30=0x8003febc
     491105.000 ns	     49109	80009ec0	143f2223	sw	x3,324(x30)	 x30:0x8003febc  x3:0x00000001 PA:0xxxxxxxxx
     491125.000 ns	     49111	80009ec4	ff9ff06f	jal	x0,80009ec0	
     491175.000 ns	     49116	80009ebc	00036f17	auipc	x30,0x36	 x30=0x8003febc
     491185.000 ns	     49117	80009ec0	143f2223	sw	x3,324(x30)	 x30:0x8003febc  x3:0x00000001 PA:0xxxxxxxxx
     491205.000 ns	     49119	80009ec4	ff9ff06f	jal	x0,80009ec0	
     491255.000 ns	     49124	80009ebc	00036f17	auipc	x30,0x36	 x30=0x8003febc
     491265.000 ns	     49125	80009ec0	143f2223	sw	x3,324(x30)	 x30:0x8003febc  x3:0x00000001 PA:0xxxxxxxxx
     491285.000 ns	     49127	80009ec4	ff9ff06f	jal	x0,80009ec0	
     491335.000 ns	     49132	80009ebc	00036f17	auipc	x30,0x36	 x30=0x8003febc
     491345.000 ns	     49133	80009ec0	143f2223	sw	x3,324(x30)	 x30:0x8003febc  x3:0x00000001 PA:0xxxxxxxxx
     491365.000 ns	     49135	80009ec4	ff9ff06f	jal	x0,80009ec0	
     491415.000 ns	     49140	80009ebc	00036f17	auipc	x30,0x36	 x30=0x8003febc
     491425.000 ns	     49141	80009ec0	143f2223	sw	x3,324(x30)	 x30:0x8003febc  x3:0x00000001 PA:0xxxxxxxxx
     491445.000 ns	     49143	80009ec4	ff9ff06f	jal	x0,80009ec0	
     491495.000 ns	     49148	80009ebc	00036f17	auipc	x30,0x36	 x30=0x8003febc
     491505.000 ns	     49149	80009ec0	143f2223	sw	x3,324(x30)	 x30:0x8003febc  x3:0x00000001 PA:0xxxxxxxxx
     491525.000 ns	     49151	80009ec4	ff9ff06f	jal	x0,80009ec0	
     491575.000 ns	     49156	80009ebc	00036f17	auipc	x30,0x36	 x30=0x8003febc
     491585.000 ns	     49157	80009ec0	143f2223	sw	x3,324(x30)	 x30:0x8003febc  x3:0x00000001 PA:0xxxxxxxxx
     491605.000 ns	     49159	80009ec4	ff9ff06f	jal	x0,80009ec0	
     491655.000 ns	     49164	80009ebc	00036f17	auipc	x30,0x36	 x30=0x8003febc
     491665.000 ns	     49165	80009ec0	143f2223	sw	x3,324(x30)	 x30:0x8003febc  x3:0x00000001 PA:0xxxxxxxxx
     491685.000 ns	     49167	80009ec4	ff9ff06f	jal	x0,80009ec0	
     491735.000 ns	     49172	80009ebc	00036f17	auipc	x30,0x36	 x30=0x8003febc
     491745.000 ns	     49173	80009ec0	143f2223	sw	x3,324(x30)	 x30:0x8003febc  x3:0x00000001 PA:0xxxxxxxxx
     491765.000 ns	     49175	80009ec4	ff9ff06f	jal	x0,80009ec0	
     491815.000 ns	     49180	80009ebc	00036f17	auipc	x30,0x36	 x30=0x8003febc
     491825.000 ns	     49181	80009ec0	143f2223	sw	x3,324(x30)	 x30:0x8003febc  x3:0x00000001 PA:0xxxxxxxxx
     491845.000 ns	     49183	80009ec4	ff9ff06f	jal	x0,80009ec0	
     491895.000 ns	     49188	80009ebc	00036f17	auipc	x30,0x36	 x30=0x8003febc
     491905.000 ns	     49189	80009ec0	143f2223	sw	x3,324(x30)	 x30:0x8003febc  x3:0x00000001 PA:0xxxxxxxxx
     491925.000 ns	     49191	80009ec4	ff9ff06f	jal	x0,80009ec0	
     491975.000 ns	     49196	80009ebc	00036f17	auipc	x30,0x36	 x30=0x8003febc
     491985.000 ns	     49197	80009ec0	143f2223	sw	x3,324(x30)	 x30:0x8003febc  x3:0x00000001 PA:0xxxxxxxxx
     492005.000 ns	     49199	80009ec4	ff9ff06f	jal	x0,80009ec0	
     492055.000 ns	     49204	80009ebc	00036f17	auipc	x30,0x36	 x30=0x8003febc
     492065.000 ns	     49205	80009ec0	143f2223	sw	x3,324(x30)	 x30:0x8003febc  x3:0x00000001 PA:0xxxxxxxxx
     492085.000 ns	     49207	80009ec4	ff9ff06f	jal	x0,80009ec0	
     492135.000 ns	     49212	80009ebc	00036f17	auipc	x30,0x36	 x30=0x8003febc
     492145.000 ns	     49213	80009ec0	143f2223	sw	x3,324(x30)	 x30:0x8003febc  x3:0x00000001 PA:0xxxxxxxxx
     492165.000 ns	     49215	80009ec4	ff9ff06f	jal	x0,80009ec0	
     492215.000 ns	     49220	80009ebc	00036f17	auipc	x30,0x36	 x30=0x8003febc
     492225.000 ns	     49221	80009ec0	143f2223	sw	x3,324(x30)	 x30:0x8003febc  x3:0x00000001 PA:0xxxxxxxxx
     492245.000 ns	     49223	80009ec4	ff9ff06f	jal	x0,80009ec0	
     492295.000 ns	     49228	80009ebc	00036f17	auipc	x30,0x36	 x30=0x8003febc
     492305.000 ns	     49229	80009ec0	143f2223	sw	x3,324(x30)	 x30:0x8003febc  x3:0x00000001 PA:0xxxxxxxxx
     492325.000 ns	     49231	80009ec4	ff9ff06f	jal	x0,80009ec0	
     492375.000 ns	     49236	80009ebc	00036f17	auipc	x30,0x36	 x30=0x8003febc
     492385.000 ns	     49237	80009ec0	143f2223	sw	x3,324(x30)	 x30:0x8003febc  x3:0x00000001 PA:0xxxxxxxxx
     492405.000 ns	     49239	80009ec4	ff9ff06f	jal	x0,80009ec0	
     492455.000 ns	     49244	80009ebc	00036f17	auipc	x30,0x36	 x30=0x8003febc
     492465.000 ns	     49245	80009ec0	143f2223	sw	x3,324(x30)	 x30:0x8003febc  x3:0x00000001 PA:0xxxxxxxxx
     492485.000 ns	     49247	80009ec4	ff9ff06f	jal	x0,80009ec0	
     492535.000 ns	     49252	80009ebc	00036f17	auipc	x30,0x36	 x30=0x8003febc
     492545.000 ns	     49253	80009ec0	143f2223	sw	x3,324(x30)	 x30:0x8003febc  x3:0x00000001 PA:0xxxxxxxxx
     492565.000 ns	     49255	80009ec4	ff9ff06f	jal	x0,80009ec0	
     492615.000 ns	     49260	80009ebc	00036f17	auipc	x30,0x36	 x30=0x8003febc
     492625.000 ns	     49261	80009ec0	143f2223	sw	x3,324(x30)	 x30:0x8003febc  x3:0x00000001 PA:0xxxxxxxxx
     492645.000 ns	     49263	80009ec4	ff9ff06f	jal	x0,80009ec0	
     492695.000 ns	     49268	80009ebc	00036f17	auipc	x30,0x36	 x30=0x8003febc
     492705.000 ns	     49269	80009ec0	143f2223	sw	x3,324(x30)	 x30:0x8003febc  x3:0x00000001 PA:0xxxxxxxxx
     492725.000 ns	     49271	80009ec4	ff9ff06f	jal	x0,80009ec0	
     492775.000 ns	     49276	80009ebc	00036f17	auipc	x30,0x36	 x30=0x8003febc
     492785.000 ns	     49277	80009ec0	143f2223	sw	x3,324(x30)	 x30:0x8003febc  x3:0x00000001 PA:0xxxxxxxxx
     492805.000 ns	     49279	80009ec4	ff9ff06f	jal	x0,80009ec0	
     492855.000 ns	     49284	80009ebc	00036f17	auipc	x30,0x36	 x30=0x8003febc
     492865.000 ns	     49285	80009ec0	143f2223	sw	x3,324(x30)	 x30:0x8003febc  x3:0x00000001 PA:0xxxxxxxxx
     492885.000 ns	     49287	80009ec4	ff9ff06f	jal	x0,80009ec0	
     492935.000 ns	     49292	80009ebc	00036f17	auipc	x30,0x36	 x30=0x8003febc
     492945.000 ns	     49293	80009ec0	143f2223	sw	x3,324(x30)	 x30:0x8003febc  x3:0x00000001 PA:0xxxxxxxxx
     492965.000 ns	     49295	80009ec4	ff9ff06f	jal	x0,80009ec0	
     493015.000 ns	     49300	80009ebc	00036f17	auipc	x30,0x36	 x30=0x8003febc
     493025.000 ns	     49301	80009ec0	143f2223	sw	x3,324(x30)	 x30:0x8003febc  x3:0x00000001 PA:0xxxxxxxxx
     493045.000 ns	     49303	80009ec4	ff9ff06f	jal	x0,80009ec0	
     493095.000 ns	     49308	80009ebc	00036f17	auipc	x30,0x36	 x30=0x8003febc
     493105.000 ns	     49309	80009ec0	143f2223	sw	x3,324(x30)	 x30:0x8003febc  x3:0x00000001 PA:0xxxxxxxxx
     493125.000 ns	     49311	80009ec4	ff9ff06f	jal	x0,80009ec0	
     493175.000 ns	     49316	80009ebc	00036f17	auipc	x30,0x36	 x30=0x8003febc
     493185.000 ns	     49317	80009ec0	143f2223	sw	x3,324(x30)	 x30:0x8003febc  x3:0x00000001 PA:0xxxxxxxxx
     493205.000 ns	     49319	80009ec4	ff9ff06f	jal	x0,80009ec0	
     493255.000 ns	     49324	80009ebc	00036f17	auipc	x30,0x36	 x30=0x8003febc
     493265.000 ns	     49325	80009ec0	143f2223	sw	x3,324(x30)	 x30:0x8003febc  x3:0x00000001 PA:0xxxxxxxxx
     493285.000 ns	     49327	80009ec4	ff9ff06f	jal	x0,80009ec0	
     493335.000 ns	     49332	80009ebc	00036f17	auipc	x30,0x36	 x30=0x8003febc
     493345.000 ns	     49333	80009ec0	143f2223	sw	x3,324(x30)	 x30:0x8003febc  x3:0x00000001 PA:0xxxxxxxxx
     493365.000 ns	     49335	80009ec4	ff9ff06f	jal	x0,80009ec0	
     493415.000 ns	     49340	80009ebc	00036f17	auipc	x30,0x36	 x30=0x8003febc
     493425.000 ns	     49341	80009ec0	143f2223	sw	x3,324(x30)	 x30:0x8003febc  x3:0x00000001 PA:0xxxxxxxxx
     493445.000 ns	     49343	80009ec4	ff9ff06f	jal	x0,80009ec0	
     493495.000 ns	     49348	80009ebc	00036f17	auipc	x30,0x36	 x30=0x8003febc
     493505.000 ns	     49349	80009ec0	143f2223	sw	x3,324(x30)	 x30:0x8003febc  x3:0x00000001 PA:0xxxxxxxxx
     493525.000 ns	     49351	80009ec4	ff9ff06f	jal	x0,80009ec0	
     493575.000 ns	     49356	80009ebc	00036f17	auipc	x30,0x36	 x30=0x8003febc
     493585.000 ns	     49357	80009ec0	143f2223	sw	x3,324(x30)	 x30:0x8003febc  x3:0x00000001 PA:0xxxxxxxxx
     493605.000 ns	     49359	80009ec4	ff9ff06f	jal	x0,80009ec0	
     493655.000 ns	     49364	80009ebc	00036f17	auipc	x30,0x36	 x30=0x8003febc
     493665.000 ns	     49365	80009ec0	143f2223	sw	x3,324(x30)	 x30:0x8003febc  x3:0x00000001 PA:0xxxxxxxxx
     493685.000 ns	     49367	80009ec4	ff9ff06f	jal	x0,80009ec0	
     493735.000 ns	     49372	80009ebc	00036f17	auipc	x30,0x36	 x30=0x8003febc
     493745.000 ns	     49373	80009ec0	143f2223	sw	x3,324(x30)	 x30:0x8003febc  x3:0x00000001 PA:0xxxxxxxxx
     493765.000 ns	     49375	80009ec4	ff9ff06f	jal	x0,80009ec0	
     493815.000 ns	     49380	80009ebc	00036f17	auipc	x30,0x36	 x30=0x8003febc
     493825.000 ns	     49381	80009ec0	143f2223	sw	x3,324(x30)	 x30:0x8003febc  x3:0x00000001 PA:0xxxxxxxxx
     493845.000 ns	     49383	80009ec4	ff9ff06f	jal	x0,80009ec0	
     493895.000 ns	     49388	80009ebc	00036f17	auipc	x30,0x36	 x30=0x8003febc
     493905.000 ns	     49389	80009ec0	143f2223	sw	x3,324(x30)	 x30:0x8003febc  x3:0x00000001 PA:0xxxxxxxxx
     493925.000 ns	     49391	80009ec4	ff9ff06f	jal	x0,80009ec0	
     493975.000 ns	     49396	80009ebc	00036f17	auipc	x30,0x36	 x30=0x8003febc
     493985.000 ns	     49397	80009ec0	143f2223	sw	x3,324(x30)	 x30:0x8003febc  x3:0x00000001 PA:0xxxxxxxxx
     494005.000 ns	     49399	80009ec4	ff9ff06f	jal	x0,80009ec0	
     494055.000 ns	     49404	80009ebc	00036f17	auipc	x30,0x36	 x30=0x8003febc
     494065.000 ns	     49405	80009ec0	143f2223	sw	x3,324(x30)	 x30:0x8003febc  x3:0x00000001 PA:0xxxxxxxxx
     494085.000 ns	     49407	80009ec4	ff9ff06f	jal	x0,80009ec0	
     494135.000 ns	     49412	80009ebc	00036f17	auipc	x30,0x36	 x30=0x8003febc
     494145.000 ns	     49413	80009ec0	143f2223	sw	x3,324(x30)	 x30:0x8003febc  x3:0x00000001 PA:0xxxxxxxxx
     494165.000 ns	     49415	80009ec4	ff9ff06f	jal	x0,80009ec0	
     494215.000 ns	     49420	80009ebc	00036f17	auipc	x30,0x36	 x30=0x8003febc
     494225.000 ns	     49421	80009ec0	143f2223	sw	x3,324(x30)	 x30:0x8003febc  x3:0x00000001 PA:0xxxxxxxxx
     494245.000 ns	     49423	80009ec4	ff9ff06f	jal	x0,80009ec0	
     494295.000 ns	     49428	80009ebc	00036f17	auipc	x30,0x36	 x30=0x8003febc
     494305.000 ns	     49429	80009ec0	143f2223	sw	x3,324(x30)	 x30:0x8003febc  x3:0x00000001 PA:0xxxxxxxxx
     494325.000 ns	     49431	80009ec4	ff9ff06f	jal	x0,80009ec0	
     494375.000 ns	     49436	80009ebc	00036f17	auipc	x30,0x36	 x30=0x8003febc
     494385.000 ns	     49437	80009ec0	143f2223	sw	x3,324(x30)	 x30:0x8003febc  x3:0x00000001 PA:0xxxxxxxxx
     494405.000 ns	     49439	80009ec4	ff9ff06f	jal	x0,80009ec0	
     494455.000 ns	     49444	80009ebc	00036f17	auipc	x30,0x36	 x30=0x8003febc
     494465.000 ns	     49445	80009ec0	143f2223	sw	x3,324(x30)	 x30:0x8003febc  x3:0x00000001 PA:0xxxxxxxxx
     494485.000 ns	     49447	80009ec4	ff9ff06f	jal	x0,80009ec0	
     494535.000 ns	     49452	80009ebc	00036f17	auipc	x30,0x36	 x30=0x8003febc
     494545.000 ns	     49453	80009ec0	143f2223	sw	x3,324(x30)	 x30:0x8003febc  x3:0x00000001 PA:0xxxxxxxxx
     494565.000 ns	     49455	80009ec4	ff9ff06f	jal	x0,80009ec0	
     494615.000 ns	     49460	80009ebc	00036f17	auipc	x30,0x36	 x30=0x8003febc
     494625.000 ns	     49461	80009ec0	143f2223	sw	x3,324(x30)	 x30:0x8003febc  x3:0x00000001 PA:0xxxxxxxxx
     494645.000 ns	     49463	80009ec4	ff9ff06f	jal	x0,80009ec0	
     494695.000 ns	     49468	80009ebc	00036f17	auipc	x30,0x36	 x30=0x8003febc
     494705.000 ns	     49469	80009ec0	143f2223	sw	x3,324(x30)	 x30:0x8003febc  x3:0x00000001 PA:0xxxxxxxxx
     494725.000 ns	     49471	80009ec4	ff9ff06f	jal	x0,80009ec0	
     494775.000 ns	     49476	80009ebc	00036f17	auipc	x30,0x36	 x30=0x8003febc
     494785.000 ns	     49477	80009ec0	143f2223	sw	x3,324(x30)	 x30:0x8003febc  x3:0x00000001 PA:0xxxxxxxxx
     494805.000 ns	     49479	80009ec4	ff9ff06f	jal	x0,80009ec0	
     494855.000 ns	     49484	80009ebc	00036f17	auipc	x30,0x36	 x30=0x8003febc
     494865.000 ns	     49485	80009ec0	143f2223	sw	x3,324(x30)	 x30:0x8003febc  x3:0x00000001 PA:0xxxxxxxxx
     494885.000 ns	     49487	80009ec4	ff9ff06f	jal	x0,80009ec0	
     494935.000 ns	     49492	80009ebc	00036f17	auipc	x30,0x36	 x30=0x8003febc
     494945.000 ns	     49493	80009ec0	143f2223	sw	x3,324(x30)	 x30:0x8003febc  x3:0x00000001 PA:0xxxxxxxxx
     494965.000 ns	     49495	80009ec4	ff9ff06f	jal	x0,80009ec0	
     495015.000 ns	     49500	80009ebc	00036f17	auipc	x30,0x36	 x30=0x8003febc
     495025.000 ns	     49501	80009ec0	143f2223	sw	x3,324(x30)	 x30:0x8003febc  x3:0x00000001 PA:0xxxxxxxxx
     495045.000 ns	     49503	80009ec4	ff9ff06f	jal	x0,80009ec0	
     495095.000 ns	     49508	80009ebc	00036f17	auipc	x30,0x36	 x30=0x8003febc
     495105.000 ns	     49509	80009ec0	143f2223	sw	x3,324(x30)	 x30:0x8003febc  x3:0x00000001 PA:0xxxxxxxxx
     495125.000 ns	     49511	80009ec4	ff9ff06f	jal	x0,80009ec0	
     495175.000 ns	     49516	80009ebc	00036f17	auipc	x30,0x36	 x30=0x8003febc
     495185.000 ns	     49517	80009ec0	143f2223	sw	x3,324(x30)	 x30:0x8003febc  x3:0x00000001 PA:0xxxxxxxxx
     495205.000 ns	     49519	80009ec4	ff9ff06f	jal	x0,80009ec0	
     495255.000 ns	     49524	80009ebc	00036f17	auipc	x30,0x36	 x30=0x8003febc
     495265.000 ns	     49525	80009ec0	143f2223	sw	x3,324(x30)	 x30:0x8003febc  x3:0x00000001 PA:0xxxxxxxxx
     495285.000 ns	     49527	80009ec4	ff9ff06f	jal	x0,80009ec0	
     495335.000 ns	     49532	80009ebc	00036f17	auipc	x30,0x36	 x30=0x8003febc
     495345.000 ns	     49533	80009ec0	143f2223	sw	x3,324(x30)	 x30:0x8003febc  x3:0x00000001 PA:0xxxxxxxxx
     495365.000 ns	     49535	80009ec4	ff9ff06f	jal	x0,80009ec0	
     495415.000 ns	     49540	80009ebc	00036f17	auipc	x30,0x36	 x30=0x8003febc
     495425.000 ns	     49541	80009ec0	143f2223	sw	x3,324(x30)	 x30:0x8003febc  x3:0x00000001 PA:0xxxxxxxxx
     495445.000 ns	     49543	80009ec4	ff9ff06f	jal	x0,80009ec0	
     495495.000 ns	     49548	80009ebc	00036f17	auipc	x30,0x36	 x30=0x8003febc
     495505.000 ns	     49549	80009ec0	143f2223	sw	x3,324(x30)	 x30:0x8003febc  x3:0x00000001 PA:0xxxxxxxxx
     495525.000 ns	     49551	80009ec4	ff9ff06f	jal	x0,80009ec0	
     495575.000 ns	     49556	80009ebc	00036f17	auipc	x30,0x36	 x30=0x8003febc
     495585.000 ns	     49557	80009ec0	143f2223	sw	x3,324(x30)	 x30:0x8003febc  x3:0x00000001 PA:0xxxxxxxxx
     495605.000 ns	     49559	80009ec4	ff9ff06f	jal	x0,80009ec0	
     495655.000 ns	     49564	80009ebc	00036f17	auipc	x30,0x36	 x30=0x8003febc
     495665.000 ns	     49565	80009ec0	143f2223	sw	x3,324(x30)	 x30:0x8003febc  x3:0x00000001 PA:0xxxxxxxxx
     495685.000 ns	     49567	80009ec4	ff9ff06f	jal	x0,80009ec0	
     495735.000 ns	     49572	80009ebc	00036f17	auipc	x30,0x36	 x30=0x8003febc
     495745.000 ns	     49573	80009ec0	143f2223	sw	x3,324(x30)	 x30:0x8003febc  x3:0x00000001 PA:0xxxxxxxxx
     495765.000 ns	     49575	80009ec4	ff9ff06f	jal	x0,80009ec0	
     495815.000 ns	     49580	80009ebc	00036f17	auipc	x30,0x36	 x30=0x8003febc
     495825.000 ns	     49581	80009ec0	143f2223	sw	x3,324(x30)	 x30:0x8003febc  x3:0x00000001 PA:0xxxxxxxxx
     495845.000 ns	     49583	80009ec4	ff9ff06f	jal	x0,80009ec0	
     495895.000 ns	     49588	80009ebc	00036f17	auipc	x30,0x36	 x30=0x8003febc
     495905.000 ns	     49589	80009ec0	143f2223	sw	x3,324(x30)	 x30:0x8003febc  x3:0x00000001 PA:0xxxxxxxxx
     495925.000 ns	     49591	80009ec4	ff9ff06f	jal	x0,80009ec0	
     495975.000 ns	     49596	80009ebc	00036f17	auipc	x30,0x36	 x30=0x8003febc
     495985.000 ns	     49597	80009ec0	143f2223	sw	x3,324(x30)	 x30:0x8003febc  x3:0x00000001 PA:0xxxxxxxxx
     496005.000 ns	     49599	80009ec4	ff9ff06f	jal	x0,80009ec0	
     496055.000 ns	     49604	80009ebc	00036f17	auipc	x30,0x36	 x30=0x8003febc
     496065.000 ns	     49605	80009ec0	143f2223	sw	x3,324(x30)	 x30:0x8003febc  x3:0x00000001 PA:0xxxxxxxxx
     496085.000 ns	     49607	80009ec4	ff9ff06f	jal	x0,80009ec0	
     496135.000 ns	     49612	80009ebc	00036f17	auipc	x30,0x36	 x30=0x8003febc
     496145.000 ns	     49613	80009ec0	143f2223	sw	x3,324(x30)	 x30:0x8003febc  x3:0x00000001 PA:0xxxxxxxxx
     496165.000 ns	     49615	80009ec4	ff9ff06f	jal	x0,80009ec0	
     496215.000 ns	     49620	80009ebc	00036f17	auipc	x30,0x36	 x30=0x8003febc
     496225.000 ns	     49621	80009ec0	143f2223	sw	x3,324(x30)	 x30:0x8003febc  x3:0x00000001 PA:0xxxxxxxxx
     496245.000 ns	     49623	80009ec4	ff9ff06f	jal	x0,80009ec0	
     496295.000 ns	     49628	80009ebc	00036f17	auipc	x30,0x36	 x30=0x8003febc
     496305.000 ns	     49629	80009ec0	143f2223	sw	x3,324(x30)	 x30:0x8003febc  x3:0x00000001 PA:0xxxxxxxxx
     496325.000 ns	     49631	80009ec4	ff9ff06f	jal	x0,80009ec0	
     496375.000 ns	     49636	80009ebc	00036f17	auipc	x30,0x36	 x30=0x8003febc
     496385.000 ns	     49637	80009ec0	143f2223	sw	x3,324(x30)	 x30:0x8003febc  x3:0x00000001 PA:0xxxxxxxxx
     496405.000 ns	     49639	80009ec4	ff9ff06f	jal	x0,80009ec0	
     496455.000 ns	     49644	80009ebc	00036f17	auipc	x30,0x36	 x30=0x8003febc
     496465.000 ns	     49645	80009ec0	143f2223	sw	x3,324(x30)	 x30:0x8003febc  x3:0x00000001 PA:0xxxxxxxxx
     496485.000 ns	     49647	80009ec4	ff9ff06f	jal	x0,80009ec0	
     496535.000 ns	     49652	80009ebc	00036f17	auipc	x30,0x36	 x30=0x8003febc
     496545.000 ns	     49653	80009ec0	143f2223	sw	x3,324(x30)	 x30:0x8003febc  x3:0x00000001 PA:0xxxxxxxxx
     496565.000 ns	     49655	80009ec4	ff9ff06f	jal	x0,80009ec0	
     496615.000 ns	     49660	80009ebc	00036f17	auipc	x30,0x36	 x30=0x8003febc
     496625.000 ns	     49661	80009ec0	143f2223	sw	x3,324(x30)	 x30:0x8003febc  x3:0x00000001 PA:0xxxxxxxxx
     496645.000 ns	     49663	80009ec4	ff9ff06f	jal	x0,80009ec0	
     496695.000 ns	     49668	80009ebc	00036f17	auipc	x30,0x36	 x30=0x8003febc
     496705.000 ns	     49669	80009ec0	143f2223	sw	x3,324(x30)	 x30:0x8003febc  x3:0x00000001 PA:0xxxxxxxxx
     496725.000 ns	     49671	80009ec4	ff9ff06f	jal	x0,80009ec0	
     496775.000 ns	     49676	80009ebc	00036f17	auipc	x30,0x36	 x30=0x8003febc
     496785.000 ns	     49677	80009ec0	143f2223	sw	x3,324(x30)	 x30:0x8003febc  x3:0x00000001 PA:0xxxxxxxxx
     496805.000 ns	     49679	80009ec4	ff9ff06f	jal	x0,80009ec0	
     496855.000 ns	     49684	80009ebc	00036f17	auipc	x30,0x36	 x30=0x8003febc
     496865.000 ns	     49685	80009ec0	143f2223	sw	x3,324(x30)	 x30:0x8003febc  x3:0x00000001 PA:0xxxxxxxxx
     496885.000 ns	     49687	80009ec4	ff9ff06f	jal	x0,80009ec0	
     496935.000 ns	     49692	80009ebc	00036f17	auipc	x30,0x36	 x30=0x8003febc
     496945.000 ns	     49693	80009ec0	143f2223	sw	x3,324(x30)	 x30:0x8003febc  x3:0x00000001 PA:0xxxxxxxxx
     496965.000 ns	     49695	80009ec4	ff9ff06f	jal	x0,80009ec0	
     497015.000 ns	     49700	80009ebc	00036f17	auipc	x30,0x36	 x30=0x8003febc
     497025.000 ns	     49701	80009ec0	143f2223	sw	x3,324(x30)	 x30:0x8003febc  x3:0x00000001 PA:0xxxxxxxxx
     497045.000 ns	     49703	80009ec4	ff9ff06f	jal	x0,80009ec0	
     497095.000 ns	     49708	80009ebc	00036f17	auipc	x30,0x36	 x30=0x8003febc
     497105.000 ns	     49709	80009ec0	143f2223	sw	x3,324(x30)	 x30:0x8003febc  x3:0x00000001 PA:0xxxxxxxxx
     497125.000 ns	     49711	80009ec4	ff9ff06f	jal	x0,80009ec0	
     497175.000 ns	     49716	80009ebc	00036f17	auipc	x30,0x36	 x30=0x8003febc
     497185.000 ns	     49717	80009ec0	143f2223	sw	x3,324(x30)	 x30:0x8003febc  x3:0x00000001 PA:0xxxxxxxxx
     497205.000 ns	     49719	80009ec4	ff9ff06f	jal	x0,80009ec0	
     497255.000 ns	     49724	80009ebc	00036f17	auipc	x30,0x36	 x30=0x8003febc
     497265.000 ns	     49725	80009ec0	143f2223	sw	x3,324(x30)	 x30:0x8003febc  x3:0x00000001 PA:0xxxxxxxxx
     497285.000 ns	     49727	80009ec4	ff9ff06f	jal	x0,80009ec0	
     497335.000 ns	     49732	80009ebc	00036f17	auipc	x30,0x36	 x30=0x8003febc
     497345.000 ns	     49733	80009ec0	143f2223	sw	x3,324(x30)	 x30:0x8003febc  x3:0x00000001 PA:0xxxxxxxxx
     497365.000 ns	     49735	80009ec4	ff9ff06f	jal	x0,80009ec0	
     497415.000 ns	     49740	80009ebc	00036f17	auipc	x30,0x36	 x30=0x8003febc
     497425.000 ns	     49741	80009ec0	143f2223	sw	x3,324(x30)	 x30:0x8003febc  x3:0x00000001 PA:0xxxxxxxxx
     497445.000 ns	     49743	80009ec4	ff9ff06f	jal	x0,80009ec0	
     497495.000 ns	     49748	80009ebc	00036f17	auipc	x30,0x36	 x30=0x8003febc
     497505.000 ns	     49749	80009ec0	143f2223	sw	x3,324(x30)	 x30:0x8003febc  x3:0x00000001 PA:0xxxxxxxxx
     497525.000 ns	     49751	80009ec4	ff9ff06f	jal	x0,80009ec0	
     497575.000 ns	     49756	80009ebc	00036f17	auipc	x30,0x36	 x30=0x8003febc
     497585.000 ns	     49757	80009ec0	143f2223	sw	x3,324(x30)	 x30:0x8003febc  x3:0x00000001 PA:0xxxxxxxxx
     497605.000 ns	     49759	80009ec4	ff9ff06f	jal	x0,80009ec0	
     497655.000 ns	     49764	80009ebc	00036f17	auipc	x30,0x36	 x30=0x8003febc
     497665.000 ns	     49765	80009ec0	143f2223	sw	x3,324(x30)	 x30:0x8003febc  x3:0x00000001 PA:0xxxxxxxxx
     497685.000 ns	     49767	80009ec4	ff9ff06f	jal	x0,80009ec0	
     497735.000 ns	     49772	80009ebc	00036f17	auipc	x30,0x36	 x30=0x8003febc
     497745.000 ns	     49773	80009ec0	143f2223	sw	x3,324(x30)	 x30:0x8003febc  x3:0x00000001 PA:0xxxxxxxxx
     497765.000 ns	     49775	80009ec4	ff9ff06f	jal	x0,80009ec0	
     497815.000 ns	     49780	80009ebc	00036f17	auipc	x30,0x36	 x30=0x8003febc
     497825.000 ns	     49781	80009ec0	143f2223	sw	x3,324(x30)	 x30:0x8003febc  x3:0x00000001 PA:0xxxxxxxxx
     497845.000 ns	     49783	80009ec4	ff9ff06f	jal	x0,80009ec0	
     497895.000 ns	     49788	80009ebc	00036f17	auipc	x30,0x36	 x30=0x8003febc
     497905.000 ns	     49789	80009ec0	143f2223	sw	x3,324(x30)	 x30:0x8003febc  x3:0x00000001 PA:0xxxxxxxxx
     497925.000 ns	     49791	80009ec4	ff9ff06f	jal	x0,80009ec0	
     497975.000 ns	     49796	80009ebc	00036f17	auipc	x30,0x36	 x30=0x8003febc
     497985.000 ns	     49797	80009ec0	143f2223	sw	x3,324(x30)	 x30:0x8003febc  x3:0x00000001 PA:0xxxxxxxxx
     498005.000 ns	     49799	80009ec4	ff9ff06f	jal	x0,80009ec0	
     498055.000 ns	     49804	80009ebc	00036f17	auipc	x30,0x36	 x30=0x8003febc
     498065.000 ns	     49805	80009ec0	143f2223	sw	x3,324(x30)	 x30:0x8003febc  x3:0x00000001 PA:0xxxxxxxxx
     498085.000 ns	     49807	80009ec4	ff9ff06f	jal	x0,80009ec0	
     498135.000 ns	     49812	80009ebc	00036f17	auipc	x30,0x36	 x30=0x8003febc
     498145.000 ns	     49813	80009ec0	143f2223	sw	x3,324(x30)	 x30:0x8003febc  x3:0x00000001 PA:0xxxxxxxxx
     498165.000 ns	     49815	80009ec4	ff9ff06f	jal	x0,80009ec0	
     498215.000 ns	     49820	80009ebc	00036f17	auipc	x30,0x36	 x30=0x8003febc
     498225.000 ns	     49821	80009ec0	143f2223	sw	x3,324(x30)	 x30:0x8003febc  x3:0x00000001 PA:0xxxxxxxxx
     498245.000 ns	     49823	80009ec4	ff9ff06f	jal	x0,80009ec0	
     498295.000 ns	     49828	80009ebc	00036f17	auipc	x30,0x36	 x30=0x8003febc
     498305.000 ns	     49829	80009ec0	143f2223	sw	x3,324(x30)	 x30:0x8003febc  x3:0x00000001 PA:0xxxxxxxxx
     498325.000 ns	     49831	80009ec4	ff9ff06f	jal	x0,80009ec0	
     498375.000 ns	     49836	80009ebc	00036f17	auipc	x30,0x36	 x30=0x8003febc
     498385.000 ns	     49837	80009ec0	143f2223	sw	x3,324(x30)	 x30:0x8003febc  x3:0x00000001 PA:0xxxxxxxxx
     498405.000 ns	     49839	80009ec4	ff9ff06f	jal	x0,80009ec0	
     498455.000 ns	     49844	80009ebc	00036f17	auipc	x30,0x36	 x30=0x8003febc
     498465.000 ns	     49845	80009ec0	143f2223	sw	x3,324(x30)	 x30:0x8003febc  x3:0x00000001 PA:0xxxxxxxxx
     498485.000 ns	     49847	80009ec4	ff9ff06f	jal	x0,80009ec0	
     498535.000 ns	     49852	80009ebc	00036f17	auipc	x30,0x36	 x30=0x8003febc
     498545.000 ns	     49853	80009ec0	143f2223	sw	x3,324(x30)	 x30:0x8003febc  x3:0x00000001 PA:0xxxxxxxxx
     498565.000 ns	     49855	80009ec4	ff9ff06f	jal	x0,80009ec0	
     498615.000 ns	     49860	80009ebc	00036f17	auipc	x30,0x36	 x30=0x8003febc
     498625.000 ns	     49861	80009ec0	143f2223	sw	x3,324(x30)	 x30:0x8003febc  x3:0x00000001 PA:0xxxxxxxxx
     498645.000 ns	     49863	80009ec4	ff9ff06f	jal	x0,80009ec0	
     498695.000 ns	     49868	80009ebc	00036f17	auipc	x30,0x36	 x30=0x8003febc
     498705.000 ns	     49869	80009ec0	143f2223	sw	x3,324(x30)	 x30:0x8003febc  x3:0x00000001 PA:0xxxxxxxxx
     498725.000 ns	     49871	80009ec4	ff9ff06f	jal	x0,80009ec0	
     498775.000 ns	     49876	80009ebc	00036f17	auipc	x30,0x36	 x30=0x8003febc
     498785.000 ns	     49877	80009ec0	143f2223	sw	x3,324(x30)	 x30:0x8003febc  x3:0x00000001 PA:0xxxxxxxxx
     498805.000 ns	     49879	80009ec4	ff9ff06f	jal	x0,80009ec0	
     498855.000 ns	     49884	80009ebc	00036f17	auipc	x30,0x36	 x30=0x8003febc
     498865.000 ns	     49885	80009ec0	143f2223	sw	x3,324(x30)	 x30:0x8003febc  x3:0x00000001 PA:0xxxxxxxxx
     498885.000 ns	     49887	80009ec4	ff9ff06f	jal	x0,80009ec0	
     498935.000 ns	     49892	80009ebc	00036f17	auipc	x30,0x36	 x30=0x8003febc
     498945.000 ns	     49893	80009ec0	143f2223	sw	x3,324(x30)	 x30:0x8003febc  x3:0x00000001 PA:0xxxxxxxxx
     498965.000 ns	     49895	80009ec4	ff9ff06f	jal	x0,80009ec0	
     499015.000 ns	     49900	80009ebc	00036f17	auipc	x30,0x36	 x30=0x8003febc
     499025.000 ns	     49901	80009ec0	143f2223	sw	x3,324(x30)	 x30:0x8003febc  x3:0x00000001 PA:0xxxxxxxxx
     499045.000 ns	     49903	80009ec4	ff9ff06f	jal	x0,80009ec0	
     499095.000 ns	     49908	80009ebc	00036f17	auipc	x30,0x36	 x30=0x8003febc
     499105.000 ns	     49909	80009ec0	143f2223	sw	x3,324(x30)	 x30:0x8003febc  x3:0x00000001 PA:0xxxxxxxxx
     499125.000 ns	     49911	80009ec4	ff9ff06f	jal	x0,80009ec0	
     499175.000 ns	     49916	80009ebc	00036f17	auipc	x30,0x36	 x30=0x8003febc
     499185.000 ns	     49917	80009ec0	143f2223	sw	x3,324(x30)	 x30:0x8003febc  x3:0x00000001 PA:0xxxxxxxxx
     499205.000 ns	     49919	80009ec4	ff9ff06f	jal	x0,80009ec0	
     499255.000 ns	     49924	80009ebc	00036f17	auipc	x30,0x36	 x30=0x8003febc
     499265.000 ns	     49925	80009ec0	143f2223	sw	x3,324(x30)	 x30:0x8003febc  x3:0x00000001 PA:0xxxxxxxxx
     499285.000 ns	     49927	80009ec4	ff9ff06f	jal	x0,80009ec0	
     499335.000 ns	     49932	80009ebc	00036f17	auipc	x30,0x36	 x30=0x8003febc
     499345.000 ns	     49933	80009ec0	143f2223	sw	x3,324(x30)	 x30:0x8003febc  x3:0x00000001 PA:0xxxxxxxxx
     499365.000 ns	     49935	80009ec4	ff9ff06f	jal	x0,80009ec0	
     499415.000 ns	     49940	80009ebc	00036f17	auipc	x30,0x36	 x30=0x8003febc
     499425.000 ns	     49941	80009ec0	143f2223	sw	x3,324(x30)	 x30:0x8003febc  x3:0x00000001 PA:0xxxxxxxxx
     499445.000 ns	     49943	80009ec4	ff9ff06f	jal	x0,80009ec0	
     499495.000 ns	     49948	80009ebc	00036f17	auipc	x30,0x36	 x30=0x8003febc
     499505.000 ns	     49949	80009ec0	143f2223	sw	x3,324(x30)	 x30:0x8003febc  x3:0x00000001 PA:0xxxxxxxxx
     499525.000 ns	     49951	80009ec4	ff9ff06f	jal	x0,80009ec0	
     499575.000 ns	     49956	80009ebc	00036f17	auipc	x30,0x36	 x30=0x8003febc
     499585.000 ns	     49957	80009ec0	143f2223	sw	x3,324(x30)	 x30:0x8003febc  x3:0x00000001 PA:0xxxxxxxxx
     499605.000 ns	     49959	80009ec4	ff9ff06f	jal	x0,80009ec0	
     499655.000 ns	     49964	80009ebc	00036f17	auipc	x30,0x36	 x30=0x8003febc
     499665.000 ns	     49965	80009ec0	143f2223	sw	x3,324(x30)	 x30:0x8003febc  x3:0x00000001 PA:0xxxxxxxxx
     499685.000 ns	     49967	80009ec4	ff9ff06f	jal	x0,80009ec0	
     499735.000 ns	     49972	80009ebc	00036f17	auipc	x30,0x36	 x30=0x8003febc
     499745.000 ns	     49973	80009ec0	143f2223	sw	x3,324(x30)	 x30:0x8003febc  x3:0x00000001 PA:0xxxxxxxxx
     499765.000 ns	     49975	80009ec4	ff9ff06f	jal	x0,80009ec0	
     499815.000 ns	     49980	80009ebc	00036f17	auipc	x30,0x36	 x30=0x8003febc
     499825.000 ns	     49981	80009ec0	143f2223	sw	x3,324(x30)	 x30:0x8003febc  x3:0x00000001 PA:0xxxxxxxxx
     499845.000 ns	     49983	80009ec4	ff9ff06f	jal	x0,80009ec0	
     499895.000 ns	     49988	80009ebc	00036f17	auipc	x30,0x36	 x30=0x8003febc
     499905.000 ns	     49989	80009ec0	143f2223	sw	x3,324(x30)	 x30:0x8003febc  x3:0x00000001 PA:0xxxxxxxxx
     499925.000 ns	     49991	80009ec4	ff9ff06f	jal	x0,80009ec0	
     499975.000 ns	     49996	80009ebc	00036f17	auipc	x30,0x36	 x30=0x8003febc
     499985.000 ns	     49997	80009ec0	143f2223	sw	x3,324(x30)	 x30:0x8003febc  x3:0x00000001 PA:0xxxxxxxxx
