		Time			Cycle	PC		Insn	Decoded instruction	Register and memory contents
         65.000 ns	         5	80000000	f14022f3	csrrs	x5,mhartid,x0	  x0:0x00000000  x5=0xffffff14
         75.000 ns	         6	80000004	00000313	addi	x6,x0,0	  x0:0x00000000  x6=0x00000000
         85.000 ns	         7	80000008	00628263	beq	x5,x6,8000000c	  x5:0x00000000  x6:0x00000000
         95.000 ns	         8	8000000c	00000797	auipc	x15,0x0	 x15=0x8000000c
        105.000 ns	         9	80000010	00c78793	addi	x15,x15,12	 x15:0x00000000 x15=0x80000018
        115.000 ns	        10	80000014	00078067	jalr	x0,x15,0	 x15:0x00000000
        165.000 ns	        15	80000018	40001eb7	lui	x29,0x40001	 x29=0x40001000
        175.000 ns	        16	8000001c	120e8e93	addi	x29,x29,288	 x29:0x00000000 x29=0x40001120
        185.000 ns	        17	80000020	301e9073	csrrw	x0,misa,x29	 x29:0x00000000
        195.000 ns	        18	80000024	00041d97	auipc	x27,0x41	 x27=0x80041024
        205.000 ns	        19	80000028	000d8d93	addi	x27,x27,0	 x27:0x00000000 x27=0x80041024
        215.000 ns	        20	8000002c	0000ae97	auipc	x29,0xa	 x29=0x8000a02c
        225.000 ns	        21	80000030	e90e8e93	addi	x29,x29,-368	 x29:0x40001120 x29=0x80009ebc
        235.000 ns	        22	80000034	000eee93	ori	x29,x29,0	 x29:0x40001120 x29=0x80009ebc
        245.000 ns	        23	80000038	305e9073	csrrw	x0,mtvec,x29	 x29:0x8000a02c
        255.000 ns	        24	8000003c	00000e97	auipc	x29,0x0	 x29=0x8000003c
        265.000 ns	        25	80000040	028e8e93	addi	x29,x29,40	 x29:0x80009ebc x29=0x80000064
        275.000 ns	        26	80000044	341e9073	csrrw	x0,mepc,x29	 x29:0x80009ebc
        285.000 ns	        27	80000048	00000013	addi	x0,x0,0	  x0:0x00000000
        295.000 ns	        28	8000004c	00004eb7	lui	x29,0x4	 x29=0x00004000
        305.000 ns	        29	80000050	800e8e93	addi	x29,x29,-2048	 x29:0x80000064 x29=0x00003800
        315.000 ns	        30	80000054	300e9073	csrrw	x0,mstatus,x29	 x29:0x80000064
        325.000 ns	        31	80000058	00000e93	addi	x29,x0,0	  x0:0x00000000 x29=0x00000000
        335.000 ns	        32	8000005c	304e9073	csrrw	x0,mie,x29	 x29:0x00003800
        345.000 ns	        33	80000060	30200073	mret	
        355.000 ns	        34	80000064	ff800eb7	lui	x29,0xff800	 x29=0xff800000
        375.000 ns	        36	80000068	f00e8053	fmv.w.x	f0,x29	 x29:0x00000000  f0=0xff800000
        395.000 ns	        38	8000006c	7fc00eb7	lui	x29,0x7fc00	 x29=0x7fc00000
        415.000 ns	        40	80000070	f00e80d3	fmv.w.x	f1,x29	 x29:0xff800000  f1=0x7fc00000
        435.000 ns	        42	80000074	9e850eb7	lui	x29,0x9e850	 x29=0x9e850000
        445.000 ns	        43	80000078	af0e8e93	addi	x29,x29,-1296	 x29:0x7fc00000 x29=0x9e84faf0
        465.000 ns	        45	8000007c	f00e8153	fmv.w.x	f2,x29	 x29:0x7fc00000  f2=0x9e84faf0
        485.000 ns	        47	80000080	7f800eb7	lui	x29,0x7f800	 x29=0x7f800000
        495.000 ns	        48	80000084	fffe8e93	addi	x29,x29,-1	 x29:0x9e84faf0 x29=0x7f7fffff
        515.000 ns	        50	80000088	f00e81d3	fmv.w.x	f3,x29	 x29:0x9e84faf0  f3=0x7f7fffff
        535.000 ns	        52	8000008c	7fc00eb7	lui	x29,0x7fc00	 x29=0x7fc00000
        555.000 ns	        54	80000090	f00e8253	fmv.w.x	f4,x29	 x29:0x7f7fffff  f4=0x7fc00000
        575.000 ns	        56	80000094	324b0eb7	lui	x29,0x324b0	 x29=0x324b0000
        585.000 ns	        57	80000098	17ae8e93	addi	x29,x29,378	 x29:0x7fc00000 x29=0x324b017a
        605.000 ns	        59	8000009c	f00e82d3	fmv.w.x	f5,x29	 x29:0x7fc00000  f5=0x324b017a
        625.000 ns	        61	800000a0	ff800eb7	lui	x29,0xff800	 x29=0xff800000
        645.000 ns	        63	800000a4	f00e8353	fmv.w.x	f6,x29	 x29:0x324b017a  f6=0xff800000
        665.000 ns	        65	800000a8	10ef8eb7	lui	x29,0x10ef8	 x29=0x10ef8000
        675.000 ns	        66	800000ac	c26e8e93	addi	x29,x29,-986	 x29:0xff800000 x29=0x10ef7c26
        695.000 ns	        68	800000b0	f00e83d3	fmv.w.x	f7,x29	 x29:0xff800000  f7=0x10ef7c26
        715.000 ns	        70	800000b4	7f800eb7	lui	x29,0x7f800	 x29=0x7f800000
        725.000 ns	        71	800000b8	fffe8e93	addi	x29,x29,-1	 x29:0x10ef7c26 x29=0x7f7fffff
        745.000 ns	        73	800000bc	f00e8453	fmv.w.x	f8,x29	 x29:0x10ef7c26  f8=0x7f7fffff
        765.000 ns	        75	800000c0	b375eeb7	lui	x29,0xb375e	 x29=0xb375e000
        775.000 ns	        76	800000c4	b6ee8e93	addi	x29,x29,-1170	 x29:0x7f7fffff x29=0xb375db6e
        795.000 ns	        78	800000c8	f00e84d3	fmv.w.x	f9,x29	 x29:0x7f7fffff  f9=0xb375db6e
        815.000 ns	        80	800000cc	00000e93	addi	x29,x0,0	  x0:0x00000000 x29=0x00000000
        835.000 ns	        82	800000d0	f00e8553	fmv.w.x	f10,x29	 x29:0xb375db6e f10=0x00000000
        855.000 ns	        84	800000d4	80000eb7	lui	x29,0x80000	 x29=0x80000000
        875.000 ns	        86	800000d8	f00e85d3	fmv.w.x	f11,x29	 x29:0x00000000 f11=0x80000000
        895.000 ns	        88	800000dc	a734eeb7	lui	x29,0xa734e	 x29=0xa734e000
        905.000 ns	        89	800000e0	c33e8e93	addi	x29,x29,-973	 x29:0x80000000 x29=0xa734dc33
        925.000 ns	        91	800000e4	f00e8653	fmv.w.x	f12,x29	 x29:0x80000000 f12=0xa734dc33
        945.000 ns	        93	800000e8	7f800eb7	lui	x29,0x7f800	 x29=0x7f800000
        955.000 ns	        94	800000ec	fffe8e93	addi	x29,x29,-1	 x29:0xa734dc33 x29=0x7f7fffff
        975.000 ns	        96	800000f0	f00e86d3	fmv.w.x	f13,x29	 x29:0xa734dc33 f13=0x7f7fffff
        995.000 ns	        98	800000f4	ad2feeb7	lui	x29,0xad2fe	 x29=0xad2fe000
       1005.000 ns	        99	800000f8	1f2e8e93	addi	x29,x29,498	 x29:0x7f7fffff x29=0xad2fe1f2
       1025.000 ns	       101	800000fc	f00e8753	fmv.w.x	f14,x29	 x29:0x7f7fffff f14=0xad2fe1f2
       1045.000 ns	       103	80000100	7f800eb7	lui	x29,0x7f800	 x29=0x7f800000
       1055.000 ns	       104	80000104	001e8e93	addi	x29,x29,1	 x29:0xad2fe1f2 x29=0x7f800001
       1075.000 ns	       106	80000108	f00e87d3	fmv.w.x	f15,x29	 x29:0xad2fe1f2 f15=0x7f800001
       1095.000 ns	       108	8000010c	8005feb7	lui	x29,0x8005f	 x29=0x8005f000
       1105.000 ns	       109	80000110	af5e8e93	addi	x29,x29,-1291	 x29:0x7f800001 x29=0x8005eaf5
       1125.000 ns	       111	80000114	f00e8853	fmv.w.x	f16,x29	 x29:0x7f800001 f16=0x8005eaf5
       1145.000 ns	       113	80000118	80000eb7	lui	x29,0x80000	 x29=0x80000000
       1165.000 ns	       115	8000011c	f00e88d3	fmv.w.x	f17,x29	 x29:0x8005eaf5 f17=0x80000000
       1185.000 ns	       117	80000120	7fc00eb7	lui	x29,0x7fc00	 x29=0x7fc00000
       1205.000 ns	       119	80000124	f00e8953	fmv.w.x	f18,x29	 x29:0x80000000 f18=0x7fc00000
       1225.000 ns	       121	80000128	ff800eb7	lui	x29,0xff800	 x29=0xff800000
       1235.000 ns	       122	8000012c	fffe8e93	addi	x29,x29,-1	 x29:0x7fc00000 x29=0xff7fffff
       1255.000 ns	       124	80000130	f00e89d3	fmv.w.x	f19,x29	 x29:0x7fc00000 f19=0xff7fffff
       1275.000 ns	       126	80000134	7f800eb7	lui	x29,0x7f800	 x29=0x7f800000
       1295.000 ns	       128	80000138	f00e8a53	fmv.w.x	f20,x29	 x29:0xff7fffff f20=0x7f800000
       1315.000 ns	       130	8000013c	ff800eb7	lui	x29,0xff800	 x29=0xff800000
       1335.000 ns	       132	80000140	f00e8ad3	fmv.w.x	f21,x29	 x29:0x7f800000 f21=0xff800000
       1355.000 ns	       134	80000144	7f800eb7	lui	x29,0x7f800	 x29=0x7f800000
       1375.000 ns	       136	80000148	f00e8b53	fmv.w.x	f22,x29	 x29:0xff800000 f22=0x7f800000
       1395.000 ns	       138	8000014c	4479beb7	lui	x29,0x4479b	 x29=0x4479b000
       1405.000 ns	       139	80000150	1f6e8e93	addi	x29,x29,502	 x29:0x7f800000 x29=0x4479b1f6
       1425.000 ns	       141	80000154	f00e8bd3	fmv.w.x	f23,x29	 x29:0x7f800000 f23=0x4479b1f6
       1445.000 ns	       143	80000158	00000e93	addi	x29,x0,0	  x0:0x00000000 x29=0x00000000
       1465.000 ns	       145	8000015c	f00e8c53	fmv.w.x	f24,x29	 x29:0x4479b1f6 f24=0x00000000
       1485.000 ns	       147	80000160	7f800eb7	lui	x29,0x7f800	 x29=0x7f800000
       1505.000 ns	       149	80000164	f00e8cd3	fmv.w.x	f25,x29	 x29:0x00000000 f25=0x7f800000
       1525.000 ns	       151	80000168	ff800eb7	lui	x29,0xff800	 x29=0xff800000
       1535.000 ns	       152	8000016c	fffe8e93	addi	x29,x29,-1	 x29:0x7f800000 x29=0xff7fffff
       1555.000 ns	       154	80000170	f00e8d53	fmv.w.x	f26,x29	 x29:0x7f800000 f26=0xff7fffff
       1575.000 ns	       156	80000174	80057eb7	lui	x29,0x80057	 x29=0x80057000
       1585.000 ns	       157	80000178	432e8e93	addi	x29,x29,1074	 x29:0xff7fffff x29=0x80057432
       1605.000 ns	       159	8000017c	f00e8dd3	fmv.w.x	f27,x29	 x29:0xff7fffff f27=0x80057432
       1625.000 ns	       161	80000180	80000eb7	lui	x29,0x80000	 x29=0x80000000
       1645.000 ns	       163	80000184	f00e8e53	fmv.w.x	f28,x29	 x29:0x80057432 f28=0x80000000
       1665.000 ns	       165	80000188	28705eb7	lui	x29,0x28705	 x29=0x28705000
       1675.000 ns	       166	8000018c	990e8e93	addi	x29,x29,-1648	 x29:0x80000000 x29=0x28704990
       1695.000 ns	       168	80000190	f00e8ed3	fmv.w.x	f29,x29	 x29:0x80000000 f29=0x28704990
       1715.000 ns	       170	80000194	ff800eb7	lui	x29,0xff800	 x29=0xff800000
       1735.000 ns	       172	80000198	f00e8f53	fmv.w.x	f30,x29	 x29:0x28704990 f30=0xff800000
       1755.000 ns	       174	8000019c	00467eb7	lui	x29,0x467	 x29=0x00467000
       1765.000 ns	       175	800001a0	85ee8e93	addi	x29,x29,-1954	 x29:0xff800000 x29=0x0046685e
       1785.000 ns	       177	800001a4	f00e8fd3	fmv.w.x	f31,x29	 x29:0xff800000 f31=0x0046685e
       1805.000 ns	       179	800001a8	0020d073	csrrwi	x0,frm,1	
       1815.000 ns	       180	800001ac	00000013	addi	x0,x0,0	  x0:0x00000000
       1825.000 ns	       181	800001b0	00000093	addi	x1,x0,0	  x0:0x00000000  x1=0x00000000
       1835.000 ns	       182	800001b4	00000113	addi	x2,x0,0	  x0:0x00000000  x2=0x00000000
       1845.000 ns	       183	800001b8	f2e401b7	lui	x3,0xf2e40	  x3=0xf2e40000
       1855.000 ns	       184	800001bc	ed318193	addi	x3,x3,-301	  x3:0x00000000  x3=0xf2e3fed3
       1865.000 ns	       185	800001c0	80000237	lui	x4,0x80000	  x4=0x80000000
       1875.000 ns	       186	800001c4	fd0562b7	lui	x5,0xfd056	  x5=0xfd056000
       1885.000 ns	       187	800001c8	e8828293	addi	x5,x5,-376	  x5:0xffffff14  x5=0xfd055e88
       1895.000 ns	       188	800001cc	80000337	lui	x6,0x80000	  x6=0x80000000
       1905.000 ns	       189	800001d0	00800393	addi	x7,x0,8	  x0:0x00000000  x7=0x00000008
       1915.000 ns	       190	800001d4	00400413	addi	x8,x0,4	  x0:0x00000000  x8=0x00000004
       1925.000 ns	       191	800001d8	f8efd4b7	lui	x9,0xf8efd	  x9=0xf8efd000
       1935.000 ns	       192	800001dc	52f48493	addi	x9,x9,1327	  x9:0x00000000  x9=0xf8efd52f
       1945.000 ns	       193	800001e0	00600513	addi	x10,x0,6	  x0:0x00000000 x10=0x00000006
       1955.000 ns	       194	800001e4	00500593	addi	x11,x0,5	  x0:0x00000000 x11=0x00000005
       1965.000 ns	       195	800001e8	80000637	lui	x12,0x80000	 x12=0x80000000
       1975.000 ns	       196	800001ec	00c00693	addi	x13,x0,12	  x0:0x00000000 x13=0x0000000c
       1985.000 ns	       197	800001f0	00000713	addi	x14,x0,0	  x0:0x00000000 x14=0x00000000
       1995.000 ns	       198	800001f4	77c807b7	lui	x15,0x77c80	 x15=0x77c80000
       2005.000 ns	       199	800001f8	48e78793	addi	x15,x15,1166	 x15:0x80000018 x15=0x77c8048e
       2015.000 ns	       200	800001fc	8f932837	lui	x16,0x8f932	 x16=0x8f932000
       2025.000 ns	       201	80000200	b6d80813	addi	x16,x16,-1171	 x16:0x00000000 x16=0x8f931b6d
       2035.000 ns	       202	80000204	fcc868b7	lui	x17,0xfcc86	 x17=0xfcc86000
       2045.000 ns	       203	80000208	9fd88893	addi	x17,x17,-1539	 x17:0x00000000 x17=0xfcc859fd
       2055.000 ns	       204	8000020c	4fc4e937	lui	x18,0x4fc4e	 x18=0x4fc4e000
       2065.000 ns	       205	80000210	d3290913	addi	x18,x18,-718	 x18:0x00000000 x18=0x4fc4dd32
       2075.000 ns	       206	80000214	00d00993	addi	x19,x0,13	  x0:0x00000000 x19=0x0000000d
       2085.000 ns	       207	80000218	00400a13	addi	x20,x0,4	  x0:0x00000000 x20=0x00000004
       2095.000 ns	       208	8000021c	f2f07ab7	lui	x21,0xf2f07	 x21=0xf2f07000
       2105.000 ns	       209	80000220	f68a8a93	addi	x21,x21,-152	 x21:0x00000000 x21=0xf2f06f68
       2115.000 ns	       210	80000224	80000b37	lui	x22,0x80000	 x22=0x80000000
       2125.000 ns	       211	80000228	00f00b93	addi	x23,x0,15	  x0:0x00000000 x23=0x0000000f
       2135.000 ns	       212	8000022c	f6f36c37	lui	x24,0xf6f36	 x24=0xf6f36000
       2145.000 ns	       213	80000230	459c0c13	addi	x24,x24,1113	 x24:0x00000000 x24=0xf6f36459
       2155.000 ns	       214	80000234	00000c93	addi	x25,x0,0	  x0:0x00000000 x25=0x00000000
       2165.000 ns	       215	80000238	00300e13	addi	x28,x0,3	  x0:0x00000000 x28=0x00000003
       2175.000 ns	       216	8000023c	d2c7beb7	lui	x29,0xd2c7b	 x29=0xd2c7b000
       2185.000 ns	       217	80000240	df2e8e93	addi	x29,x29,-526	 x29:0x0046685e x29=0xd2c7adf2
       2195.000 ns	       218	80000244	00800f13	addi	x30,x0,8	  x0:0x00000000 x30=0x00000008
       2205.000 ns	       219	80000248	c4c0ffb7	lui	x31,0xc4c0f	 x31=0xc4c0f000
       2215.000 ns	       220	8000024c	f96f8f93	addi	x31,x31,-106	 x31:0x00000000 x31=0xc4c0ef96
       2225.000 ns	       221	80000250	00041d17	auipc	x26,0x41	 x26=0x80041250
       2235.000 ns	       222	80000254	d94d0d13	addi	x26,x26,-620	 x26:0x00000000 x26=0x80040fe4
       2245.000 ns	       223	80000258	00000013	addi	x0,x0,0	  x0:0x00000000
       2255.000 ns	       224	8000025c	0157e233	or	x4,x15,x21	 x15:0x77c8048e x21:0xf2f06f68  x4=0xf7f86fee
       2275.000 ns	       226	80000260	d00649d3	fcvt.s.w	f19,x12	 x12:0x80000000 f19=0xcf000000
       2295.000 ns	       228	80000264	45dd3213	sltiu	x4,x26,1117	 x26:0x80040fe4  x4=0x00000000
       2335.000 ns	       232	80000268	01dc78d3	fadd.s	f17,f24,f29	 f24:0x00000000 f29:0x28704990 f17=0x28704990
       2355.000 ns	       234	8000026c	006454b3	srl	x9,x8,x6	  x8:0x00000004  x6:0x80000000  x9=0x00000004
       2715.000 ns	       270	80000270	02c0e4b3	rem	x9,x1,x12	  x1:0x00000000 x12:0x80000000  x9=0x00000000
       2745.000 ns	       273	80000274	c0007653	fcvt.w.s	x12,f0	  f0:0xff800000 x12=0x80000000
       2765.000 ns	       275	80000278	4a153a93	sltiu	x21,x10,1185	 x10:0x00000006 x21=0x00000001
       2785.000 ns	       277	8000027c	e00c8b53	fmv.x.w	x22,f25	 f25:0x7f800000 x22=0x7f800000
       2815.000 ns	       280	80000280	d00b7ed3	fcvt.s.w	f29,x22	 x22:0x80000000 f29=0x4eff0000
       2845.000 ns	       283	80000284	f0008153	fmv.w.x	f2,x1	  x1:0x00000000  f2=0x00000000
       2875.000 ns	       286	80000288	20de98d3	fsgnjn.s	f17,f29,f13	 f29:0x4eff0000 f13:0x7f7fffff f17=0xceff0000
       2905.000 ns	       289	8000028c	e00518d3	fclass.s	x17,f10	 f10:0x00000000 x17=0x00000010
       2925.000 ns	       291	80000290	ac532f97	auipc	x31,0xac532	 x31=0x2c532290
       2945.000 ns	       293	80000294	f00402d3	fmv.w.x	f5,x8	  x8:0x00000004  f5=0x00000004
       2995.000 ns	       298	80000298	08e97053	fsub.s	f0,f18,f14	 f18:0x7fc00000 f14:0xad2fe1f2  f0=0x7fc00000
       3025.000 ns	       301	8000029c	d0117d53	fcvt.s.wu	f26,x2	  x2:0x00000000 f26=0x00000000
       3055.000 ns	       304	800002a0	f00c0ed3	fmv.w.x	f29,x24	 x24:0xf6f36459 f29=0xf6f36459
       3075.000 ns	       306	800002a4	0152d1b3	srl	x3,x5,x21	  x5:0xfd055e88 x21:0x00000001  x3=0x7e82af44
       3085.000 ns	       307	800002a8	405ad533	sra	x10,x21,x5	 x21:0x00000001  x5:0xfd055e88 x10=0x00000000
       3105.000 ns	       309	800002ac	a0eda3d3	feq.s	x7,f27,f14	 f27:0x80057432 f14:0xad2fe1f2  x7=0x00000000
       3125.000 ns	       311	800002b0	ed034393	xori	x7,x6,-304	  x6:0x80000000  x7=0x7ffffed0
       3135.000 ns	       312	800002b4	01bcc5b3	xor	x11,x25,x27	 x25:0x00000000 x27:0x80041024 x11=0x80041024
       3495.000 ns	       348	800002b8	02d9e8b3	rem	x17,x19,x13	 x19:0x0000000d x13:0x0000000c x17=0x00000001
       3515.000 ns	       350	800002bc	3e07f737	lui	x14,0x3e07f	 x14=0x3e07f000
       3535.000 ns	       352	800002c0	021898b3	mulh	x17,x17,x1	 x17:0x00000001  x1:0x00000000 x17=0x00000000
       3565.000 ns	       355	800002c4	a072a2d3	feq.s	x5,f5,f7	  f5:0x00000004  f7:0x10ef7c26  x5=0x00000000
       3595.000 ns	       358	800002c8	a0f30e53	fle.s	x28,f6,f15	  f6:0xff800000 f15:0x7f800001 x28=0x00000000
       3645.000 ns	       363	800002cc	08463853	fsub.s	f16,f12,f4	 f12:0xa734dc33  f4:0x7fc00000 f16=0x7fc00000
       3675.000 ns	       366	800002d0	21588c53	fsgnj.s	f24,f17,f21	 f17:0xceff0000 f21:0xff800000 f24=0xceff0000
       3705.000 ns	       369	800002d4	021ed233	divu	x4,x29,x1	 x29:0xd2c7adf2  x1:0x00000000  x4=0xffffffff
       4075.000 ns	       406	800002d8	026cf3b3	remu	x7,x25,x6	 x25:0x00000000  x6:0x80000000  x7=0x00000000
       4105.000 ns	       409	800002dc	202e2453	fsgnjx.s	f8,f28,f2	 f28:0x80000000  f2:0x00000000  f8=0x80000000
       4155.000 ns	       414	800002e0	01647fd3	fadd.s	f31,f8,f22	  f8:0x7f7fffff f22:0x7f800000 f31=0x7f800000
       4175.000 ns	       416	800002e4	40fe8433	sub	x8,x29,x15	 x29:0xd2c7adf2 x15:0x77c8048e  x8=0x5affa964
       4185.000 ns	       417	800002e8	00aa6133	or	x2,x20,x10	 x20:0x00000004 x10:0x00000000  x2=0x00000004
       4215.000 ns	       420	800002ec	580f9a53	fsqrt.s	f20,f31	 f31:0x7f800000 f20=0x7f800000
       4235.000 ns	       422	800002f0	01b46733	or	x14,x8,x27	  x8:0x5affa964 x27:0x80041024 x14=0xdaffb964
       4255.000 ns	       424	800002f4	e00e8653	fmv.x.w	x12,f29	 f29:0xf6f36459 x12=0xf6f36459
       4285.000 ns	       427	800002f8	e0069353	fclass.s	x6,f13	 f13:0x7f7fffff  x6=0x00000040
       4305.000 ns	       429	800002fc	e2b90493	addi	x9,x18,-469	 x18:0x4fc4dd32  x9=0x4fc4db5d
       4325.000 ns	       431	80000300	f0020fd3	fmv.w.x	f31,x4	  x4:0xffffffff f31=0xffffffff
       4345.000 ns	       433	80000304	12573813	sltiu	x16,x14,293	 x14:0xdaffb964 x16=0x00000000
       4355.000 ns	       434	80000308	01b3b4b3	sltu	x9,x7,x27	  x7:0x00000000 x27:0x80041024  x9=0x00000001
       4365.000 ns	       435	8000030c	1ecec513	xori	x10,x29,492	 x29:0xd2c7adf2 x10=0xd2c7ac1e
       4385.000 ns	       437	80000310	0269a333	mulhsu	x6,x19,x6	 x19:0x0000000d  x6:0x00000040  x6=0x00000000
       4415.000 ns	       440	80000314	e00d9fd3	fclass.s	x31,f27	 f27:0x80057432 x31=0x00000004
       4445.000 ns	       443	80000318	02232833	mulhsu	x16,x6,x2	  x6:0x00000000  x2:0x00000004 x16=0x00000000
       4815.000 ns	       480	8000031c	03d1e333	rem	x6,x3,x29	  x3:0x7e82af44 x29:0xd2c7adf2  x6=0x24120b28
       4855.000 ns	       484	80000320	580e7453	fsqrt.s	f8,f28	 f28:0x80000000  f8=0x80000000
       4905.000 ns	       489	80000324	00a1cdd3	fadd.s	f27,f3,f10	  f3:0x7f7fffff f10:0x00000000 f27=0x7f7fffff
       4945.000 ns	       493	80000328	11703bd3	fmul.s	f23,f0,f23	  f0:0x7fc00000 f23:0x4479b1f6 f23=0x7fc00000
       4985.000 ns	       497	8000032c	18e10953	fdiv.s	f18,f2,f14	  f2:0x00000000 f14:0xad2fe1f2 f18=0x80000000
       5035.000 ns	       502	80000330	01b773d3	fadd.s	f7,f14,f27	 f14:0xad2fe1f2 f27:0x7f7fffff  f7=0x7f7fffff
       5055.000 ns	       504	80000334	41148633	sub	x12,x9,x17	  x9:0x00000001 x17:0x00000000 x12=0x00000001
       5065.000 ns	       505	80000338	09eaf193	andi	x3,x21,158	 x21:0x00000001  x3=0x00000000
       5075.000 ns	       506	8000033c	40d7d3b3	sra	x7,x15,x13	 x15:0x77c8048e x13:0x0000000c  x7=0x00077c80
       5105.000 ns	       509	80000340	580991d3	fsqrt.s	f3,f19	 f19:0xcf000000  f3=0x7fc00000
       5135.000 ns	       512	80000344	201a8953	fsgnj.s	f18,f21,f1	 f21:0xff800000  f1:0x7fc00000 f18=0x7f800000
       5155.000 ns	       514	80000348	01dc44b3	xor	x9,x24,x29	 x24:0xf6f36459 x29:0xd2c7adf2  x9=0x2434c9ab
       5175.000 ns	       516	8000034c	20c217d3	fsgnjn.s	f15,f4,f12	  f4:0x7fc00000 f12:0xa734dc33 f15=0x7fc00000
       5205.000 ns	       519	80000350	024204b3	mul	x9,x4,x4	  x4:0xffffffff  x4:0xffffffff  x9=0x00000001
       5235.000 ns	       522	80000354	a17998d3	flt.s	x17,f19,f23	 f19:0xcf000000 f23:0x7fc00000 x17=0x00000000
       5265.000 ns	       525	80000358	d0173b53	fcvt.s.wu	f22,x14	 x14:0xdaffb964 f22=0x4f5affba
       5285.000 ns	       527	8000035c	00c110b3	sll	x1,x2,x12	  x2:0x00000004 x12:0x00000001  x1=0x00000008
       5305.000 ns	       529	80000360	034f31b3	mulhu	x3,x30,x20	 x30:0x00000008 x20:0x00000004  x3=0x00000000
       5325.000 ns	       531	80000364	0a922993	slti	x19,x4,169	  x4:0xffffffff x19=0x00000001
       5345.000 ns	       533	80000368	29e010d3	fmax.s	f1,f0,f30	  f0:0x7fc00000 f30:0xff800000  f1=0xff800000
       5385.000 ns	       537	8000036c	19bf7253	fdiv.s	f4,f30,f27	 f30:0xff800000 f27:0x7f7fffff  f4=0xff800000
       5425.000 ns	       541	80000370	192ef1d3	fdiv.s	f3,f29,f18	 f29:0xf6f36459 f18:0x7f800000  f3=0x80000000
       5765.000 ns	       575	80000374	18eefa53	fdiv.s	f20,f29,f14	 f29:0xf6f36459 f14:0xad2fe1f2 f20=0x7f800000
       5785.000 ns	       577	80000378	ad4eb693	sltiu	x13,x29,-1324	 x29:0xd2c7adf2 x13=0x00000001
       5795.000 ns	       578	8000037c	55cf0a13	addi	x20,x30,1372	 x30:0x00000008 x20=0x00000564
       5815.000 ns	       580	80000380	28378c53	fmin.s	f24,f15,f3	 f15:0x7fc00000  f3:0x80000000 f24=0x80000000
       5835.000 ns	       582	80000384	7b773f93	sltiu	x31,x14,1975	 x14:0xdaffb964 x31=0x00000000
       5855.000 ns	       584	80000388	a06f0f53	fle.s	x30,f30,f6	 f30:0xff800000  f6:0xff800000 x30=0x00000001
       5905.000 ns	       589	8000038c	091d7ed3	fsub.s	f29,f26,f17	 f26:0x00000000 f17:0xceff0000 f29=0x4eff0000
       5935.000 ns	       592	80000390	036f2e33	mulhsu	x28,x30,x22	 x30:0x00000001 x22:0x7f800000 x28=0x00000000
       5965.000 ns	       595	80000394	207385d3	fsgnj.s	f11,f7,f7	  f7:0x7f7fffff  f7:0x7f7fffff f11=0x7f7fffff
       5985.000 ns	       597	80000398	9ec4e193	ori	x3,x9,-1556	  x9:0x00000001  x3=0xfffff9ed
       5995.000 ns	       598	8000039c	8ea63b37	lui	x22,0x8ea63	 x22=0x8ea63000
       6015.000 ns	       600	800003a0	a1d6a6d3	feq.s	x13,f13,f29	 f13:0x7f7fffff f29:0x4eff0000 x13=0x00000000
       6045.000 ns	       603	800003a4	03c27ab3	remu	x21,x4,x28	  x4:0xffffffff x28:0x00000000 x21=0xffffffff
       6065.000 ns	       605	800003a8	af82e113	ori	x2,x5,-1288	  x5:0x00000000  x2=0xfffffaf8
       6085.000 ns	       607	800003ac	e00b0253	fmv.x.w	x4,f22	 f22:0x4f5affba  x4=0x4f5affba
       6115.000 ns	       610	800003b0	a0ee2353	feq.s	x6,f28,f14	 f28:0x80000000 f14:0xad2fe1f2  x6=0x00000000
       6135.000 ns	       612	800003b4	01deb633	sltu	x12,x29,x29	 x29:0xd2c7adf2 x29:0xd2c7adf2 x12=0x00000000
       6145.000 ns	       613	800003b8	416386b3	sub	x13,x7,x22	  x7:0x00077c80 x22:0x8ea63000 x13=0x71614c80
       6155.000 ns	       614	800003bc	010b1933	sll	x18,x22,x16	 x22:0x8ea63000 x16:0x00000000 x18=0x8ea63000
       6165.000 ns	       615	800003c0	0009b6b3	sltu	x13,x19,x0	 x19:0x00000001  x0:0x00000000 x13=0x00000000
       6175.000 ns	       616	800003c4	77084693	xori	x13,x16,1904	 x16:0x00000000 x13=0x00000770
       6185.000 ns	       617	800003c8	00000013	addi	x0,x0,0	  x0:0x00000000
       6195.000 ns	       618	800003cc	002ca4b3	slt	x9,x25,x2	 x25:0x00000000  x2:0xfffffaf8  x9=0x00000000
       6205.000 ns	       619	800003d0	016350b3	srl	x1,x6,x22	  x6:0x00000000 x22:0x8ea63000  x1=0x00000000
       6215.000 ns	       620	800003d4	4159d1b3	sra	x3,x19,x21	 x19:0x00000001 x21:0xffffffff  x3=0x00000000
       6245.000 ns	       623	800003d8	10ce21d3	fmul.s	f3,f28,f12	 f28:0x80000000 f12:0xa734dc33  f3=0x00000000
       6265.000 ns	       625	800003dc	414c0233	sub	x4,x24,x20	 x24:0xf6f36459 x20:0x00000564  x4=0xf6f35ef5
       6275.000 ns	       626	800003e0	c5a7c913	xori	x18,x15,-934	 x15:0x77c8048e x18=0x8837f8d4
       6285.000 ns	       627	800003e4	013acab3	xor	x21,x21,x19	 x21:0xffffffff x19:0x00000001 x21=0xfffffffe
       6295.000 ns	       628	800003e8	24264213	xori	x4,x12,578	 x12:0x00000000  x4=0x00000242
       6315.000 ns	       630	800003ec	d01d7953	fcvt.s.wu	f18,x26	 x26:0x80040fe4 f18=0x4f00040f
       6335.000 ns	       632	800003f0	918bba97	auipc	x21,0x918bb	 x21=0x118bb3f0
       6355.000 ns	       634	800003f4	211d2753	fsgnjx.s	f14,f26,f17	 f26:0x00000000 f17:0xceff0000 f14=0x80000000
       6375.000 ns	       636	800003f8	00b516b3	sll	x13,x10,x11	 x10:0xd2c7ac1e x11:0x80041024 x13=0x2c7ac1e0
       6395.000 ns	       638	800003fc	f00e0853	fmv.w.x	f16,x28	 x28:0x00000000 f16=0x00000000
       6415.000 ns	       640	80000400	01532533	slt	x10,x6,x21	  x6:0x00000000 x21:0x118bb3f0 x10=0x00000001
       6425.000 ns	       641	80000404	41925c33	sra	x24,x4,x25	  x4:0x00000242 x25:0x00000000 x24=0x00000242
       6435.000 ns	       642	80000408	7d213413	sltiu	x8,x2,2002	  x2:0xfffffaf8  x8=0x00000000
       6445.000 ns	       643	8000040c	f2a3fe13	andi	x28,x7,-214	  x7:0x00077c80 x28=0x00077c00
       6465.000 ns	       645	80000410	03f793b3	mulh	x7,x15,x31	 x15:0x77c8048e x31:0x00000000  x7=0x00000000
       6485.000 ns	       647	80000414	94d705b7	lui	x11,0x94d70	 x11=0x94d70000
       6845.000 ns	       683	80000418	03255633	divu	x12,x10,x18	 x10:0x00000001 x18:0x8837f8d4 x12=0x00000000
       6875.000 ns	       686	8000041c	f00502d3	fmv.w.x	f5,x10	 x10:0x00000001  f5=0x00000001
       6905.000 ns	       689	80000420	d01fa353	fcvt.s.wu	f6,x31	 x31:0x00000000  f6=0x00000000
       6935.000 ns	       692	80000424	2081a3d3	fsgnjx.s	f7,f3,f8	  f3:0x00000000  f8:0x80000000  f7=0x80000000
       6955.000 ns	       694	80000428	f14cb913	sltiu	x18,x25,-236	 x25:0x00000000 x18=0x00000001
       6985.000 ns	       697	8000042c	10427e53	fmul.s	f28,f4,f4	  f4:0xff800000  f4:0xff800000 f28=0x7f800000
       7005.000 ns	       699	80000430	0132d913	srli	x18,x5,0x13	  x5:0x00000000 x18=0x00000000
       7015.000 ns	       700	80000434	188ba993	slti	x19,x23,392	 x23:0x0000000f x19=0x00000001
       7035.000 ns	       702	80000438	29569353	fmax.s	f6,f13,f21	 f13:0x7f7fffff f21:0xff800000  f6=0x7f7fffff
       7065.000 ns	       705	8000043c	205a17d3	fsgnjn.s	f15,f20,f5	 f20:0x7f800000  f5:0x00000001 f15=0xff800000
       7095.000 ns	       708	80000440	028dc933	div	x18,x27,x8	 x27:0x80041024  x8:0x00000000 x18=0xffffffff
       7125.000 ns	       711	80000444	0234c8b3	div	x17,x9,x3	  x9:0x00000000  x3:0x00000000 x17=0xffffffff
       7155.000 ns	       714	80000448	d00818d3	fcvt.s.w	f17,x16	 x16:0x00000000 f17=0x00000000
       7175.000 ns	       716	8000044c	0153ee33	or	x28,x7,x21	  x7:0x00000000 x21:0x118bb3f0 x28=0x118bb3f0
       7195.000 ns	       718	80000450	e00e1453	fclass.s	x8,f28	 f28:0x7f800000  x8=0x00000080
       7225.000 ns	       721	80000454	03ff6833	rem	x16,x30,x31	 x30:0x00000001 x31:0x00000000 x16=0x00000001
       7255.000 ns	       724	80000458	d0117f53	fcvt.s.wu	f30,x2	  x2:0xfffffaf8 f30=0x4f7ffffa
       7285.000 ns	       727	8000045c	a13fabd3	feq.s	x23,f31,f19	 f31:0xffffffff f19:0xcf000000 x23=0x00000000
       7305.000 ns	       729	80000460	51b58e13	addi	x28,x11,1307	 x11:0x94d70000 x28=0x94d7051b
       7345.000 ns	       733	80000464	01da0ed3	fadd.s	f29,f20,f29	 f20:0x7f800000 f29:0x4eff0000 f29=0x7f800000
       7365.000 ns	       735	80000468	13f3ce13	xori	x28,x7,319	  x7:0x00000000 x28=0x0000013f
       7385.000 ns	       737	8000046c	f00804d3	fmv.w.x	f9,x16	 x16:0x00000001  f9=0x00000001
       7415.000 ns	       740	80000470	022b09b3	mul	x19,x22,x2	 x22:0x8ea63000  x2:0xfffffaf8 x19=0x4bde8000
       7445.000 ns	       743	80000474	d00a7d53	fcvt.s.w	f26,x20	 x20:0x00000564 f26=0x44ac8000
       7815.000 ns	       780	80000478	03457bb3	remu	x23,x10,x20	 x10:0x00000001 x20:0x00000564 x23=0x00000001
       7865.000 ns	       785	8000047c	0808fd53	fsub.s	f26,f17,f0	 f17:0x00000000  f0:0x7fc00000 f26=0x7fc00000
       7885.000 ns	       787	80000480	418559b3	sra	x19,x10,x24	 x10:0x00000001 x24:0x00000242 x19=0x00000000
       7895.000 ns	       788	80000484	0069b5b3	sltu	x11,x19,x6	 x19:0x4bde8000  x6:0x00000000 x11=0x00000000
       7915.000 ns	       790	80000488	217712d3	fsgnjn.s	f5,f14,f23	 f14:0x80000000 f23:0x7fc00000  f5=0x80000000
       7955.000 ns	       794	8000048c	113a1953	fmul.s	f18,f20,f19	 f20:0x7f800000 f19:0xcf000000 f18=0xff800000
       7985.000 ns	       797	80000490	20fc29d3	fsgnjx.s	f19,f24,f15	 f24:0x80000000 f15:0xff800000 f19=0x00000000
       8005.000 ns	       799	80000494	012fd6b3	srl	x13,x31,x18	 x31:0x00000000 x18:0xffffffff x13=0x00000000
       8025.000 ns	       801	80000498	d010fcd3	fcvt.s.wu	f25,x1	  x1:0x00000000 f25=0x00000000
       8055.000 ns	       804	8000049c	020d20b3	mulhsu	x1,x26,x0	 x26:0x80040fe4  x0:0x00000000  x1=0x00000000
       8075.000 ns	       806	800004a0	010a31b3	sltu	x3,x20,x16	 x20:0x00000564 x16:0x00000001  x3=0x00000000
       8085.000 ns	       807	800004a4	55a17897	auipc	x17,0x55a17	 x17=0xd5a174a4
       8095.000 ns	       808	800004a8	6dc87993	andi	x19,x16,1756	 x16:0x00000001 x19=0x00000000
       8105.000 ns	       809	800004ac	002d1713	slli	x14,x26,0x2	 x26:0x80040fe4 x14=0x00103f90
       8125.000 ns	       811	800004b0	024dbfb3	mulhu	x31,x27,x4	 x27:0x80041024  x4:0x00000242 x31=0x00000121
       8155.000 ns	       814	800004b4	a19a0ed3	fle.s	x29,f20,f25	 f20:0x7f800000 f25:0x00000000 x29=0x00000000
       8525.000 ns	       851	800004b8	037cc333	div	x6,x25,x23	 x25:0x00000000 x23:0x00000001  x6=0x00000000
       8555.000 ns	       854	800004bc	f0088fd3	fmv.w.x	f31,x17	 x17:0xd5a174a4 f31=0xd5a174a4
       8585.000 ns	       857	800004c0	025a6233	rem	x4,x20,x5	 x20:0x00000564  x5:0x00000000  x4=0x00000564
       8605.000 ns	       859	800004c4	00d7ccb3	xor	x25,x15,x13	 x15:0x77c8048e x13:0x00000000 x25=0x77c8048e
       8615.000 ns	       860	800004c8	88cde697	auipc	x13,0x88cde	 x13=0x08cde4c8
       8635.000 ns	       862	800004cc	a1b78353	fle.s	x6,f15,f27	 f15:0xff800000 f27:0x7f7fffff  x6=0x00000001
       8665.000 ns	       865	800004d0	c00274d3	fcvt.w.s	x9,f4	  f4:0xff800000  x9=0x80000000
       8715.000 ns	       870	800004d4	085d78d3	fsub.s	f17,f26,f5	 f26:0x7fc00000  f5:0x80000000 f17=0x7fc00000
       8745.000 ns	       873	800004d8	d00f3353	fcvt.s.w	f6,x30	 x30:0x00000001  f6=0x3f800000
       8775.000 ns	       876	800004dc	e00e8553	fmv.x.w	x10,f29	 f29:0x7f800000 x10=0x7f800000
       8795.000 ns	       878	800004e0	41e70ab3	sub	x21,x14,x30	 x14:0x00103f90 x30:0x00000001 x21=0x00103f8f
       8805.000 ns	       879	800004e4	1bb3ec13	ori	x24,x7,443	  x7:0x00000000 x24=0x000001bb
       8815.000 ns	       880	800004e8	00000013	addi	x0,x0,0	  x0:0x00000000
       8825.000 ns	       881	800004ec	01eeeab3	or	x21,x29,x30	 x29:0x00000000 x30:0x00000001 x21=0x00000001
       8835.000 ns	       882	800004f0	00ce2eb3	slt	x29,x28,x12	 x28:0x0000013f x12:0x00000000 x29=0x00000000
       8855.000 ns	       884	800004f4	030ea3b3	mulhsu	x7,x29,x16	 x29:0x00000000 x16:0x00000001  x7=0x00000000
       8875.000 ns	       886	800004f8	53f04c13	xori	x24,x0,1343	  x0:0x00000000 x24=0x0000053f
       8905.000 ns	       889	800004fc	19273ed3	fdiv.s	f29,f14,f18	 f14:0x80000000 f18:0xff800000 f29=0x00000000
       8925.000 ns	       891	80000500	010874b3	and	x9,x16,x16	 x16:0x00000001 x16:0x00000001  x9=0x00000001
       8935.000 ns	       892	80000504	00830233	add	x4,x6,x8	  x6:0x00000001  x8:0x00000080  x4=0x00000081
       8955.000 ns	       894	80000508	21581253	fsgnjn.s	f4,f16,f21	 f16:0x00000000 f21:0xff800000  f4=0x00000000
       9325.000 ns	       931	8000050c	02dc6833	rem	x16,x24,x13	 x24:0x0000053f x13:0x08cde4c8 x16=0x0000053f
       9345.000 ns	       933	80000510	011b5833	srl	x16,x22,x17	 x22:0x8ea63000 x17:0xd5a174a4 x16=0x08ea6300
       9365.000 ns	       935	80000514	e00180d3	fmv.x.w	x1,f3	  f3:0x00000000  x1=0x00000000
       9395.000 ns	       938	80000518	d00f92d3	fcvt.s.w	f5,x31	 x31:0x00000121  f5=0x43908000
       9415.000 ns	       940	8000051c	00000013	addi	x0,x0,0	  x0:0x00000000
       9425.000 ns	       941	80000520	01b9df13	srli	x30,x19,0x1b	 x19:0x00000000 x30=0x00000000
       9445.000 ns	       943	80000524	c003c653	fcvt.w.s	x12,f7	  f7:0x80000000 x12=0x00000000
       9475.000 ns	       946	80000528	c008f9d3	fcvt.w.s	x19,f17	 f17:0x7fc00000 x19=0x7fffffff
       9505.000 ns	       949	8000052c	02f98433	mul	x8,x19,x15	 x19:0x00000000 x15:0x77c8048e  x8=0x8837fb72
       9535.000 ns	       952	80000530	200b81d3	fsgnj.s	f3,f23,f0	 f23:0x7fc00000  f0:0x7fc00000  f3=0x7fc00000
       9905.000 ns	       989	80000534	0291f5b3	remu	x11,x3,x9	  x3:0x00000000  x9:0x00000001 x11=0x00000000
       9935.000 ns	       992	80000538	a0822e53	feq.s	x28,f4,f8	  f4:0x00000000  f8:0x80000000 x28=0x00000001
       9965.000 ns	       995	8000053c	c0068653	fcvt.w.s	x12,f13	 f13:0x7f7fffff x12=0x7fffffff
       9995.000 ns	       998	80000540	03cc34b3	mulhu	x9,x24,x28	 x24:0x0000053f x28:0x00000001  x9=0x00000000
      10045.000 ns	      1003	80000544	01ecf3d3	fadd.s	f7,f25,f30	 f25:0x00000000 f30:0x4f7ffffa  f7=0x4f7ffffa
      10075.000 ns	      1006	80000548	02723933	mulhu	x18,x4,x7	  x4:0x00000081  x7:0x00000000 x18=0x00000000
      10095.000 ns	      1008	8000054c	94ec2a13	slti	x20,x24,-1714	 x24:0x0000053f x20=0x00000000
      10455.000 ns	      1044	80000550	02896233	rem	x4,x18,x8	 x18:0x00000000  x8:0x8837fb72  x4=0x00000000
      10495.000 ns	      1048	80000554	58093cd3	fsqrt.s	f25,f18	 f18:0xff800000 f25=0x7fc00000
      10865.000 ns	      1085	80000558	035cebb3	rem	x23,x25,x21	 x25:0x77c8048e x21:0x00000001 x23=0x00000000
      10885.000 ns	      1087	8000055c	5ab8bf93	sltiu	x31,x17,1451	 x17:0xd5a174a4 x31=0x00000000
      10895.000 ns	      1088	80000560	00cb45b3	xor	x11,x22,x12	 x22:0x8ea63000 x12:0x7fffffff x11=0xf159cfff
      10915.000 ns	      1090	80000564	218a2d53	fsgnjx.s	f26,f20,f24	 f20:0x7f800000 f24:0x80000000 f26=0xff800000
      10935.000 ns	      1092	80000568	6bab7b13	andi	x22,x22,1722	 x22:0x8ea63000 x22=0x00000000
      10955.000 ns	      1094	8000056c	e00116d3	fclass.s	x13,f2	  f2:0x00000000 x13=0x00000010
      11005.000 ns	      1099	80000570	0919b9d3	fsub.s	f19,f19,f17	 f19:0x00000000 f17:0x7fc00000 f19=0x7fc00000
      11025.000 ns	      1101	80000574	0163da93	srli	x21,x7,0x16	  x7:0x00000000 x21=0x00000000
      11045.000 ns	      1103	80000578	d006f9d3	fcvt.s.w	f19,x13	 x13:0x00000010 f19=0x41800000
      11065.000 ns	      1105	8000057c	01a98eb3	add	x29,x19,x26	 x19:0x7fffffff x26:0x80040fe4 x29=0x00040fe3
      11085.000 ns	      1107	80000580	c01572d3	fcvt.wu.s	x5,f10	 f10:0x00000000  x5=0x00000000
      11105.000 ns	      1109	80000584	00a49193	slli	x3,x9,0xa	  x9:0x00000000  x3=0x00000000
      11125.000 ns	      1111	80000588	20641f53	fsgnjn.s	f30,f8,f6	  f8:0x80000000  f6:0x3f800000 f30=0x80000000
      11495.000 ns	      1148	8000058c	038a46b3	div	x13,x20,x24	 x20:0x00000000 x24:0x0000053f x13=0x00000000
      11535.000 ns	      1152	80000590	11853a53	fmul.s	f20,f10,f24	 f10:0x00000000 f24:0x80000000 f20=0x80000000
      11575.000 ns	      1156	80000594	105e0653	fmul.s	f12,f28,f5	 f28:0x7f800000  f5:0x43908000 f12=0x7f800000
      11595.000 ns	      1158	80000598	00729a33	sll	x20,x5,x7	  x5:0x00000000  x7:0x00000000 x20=0x00000000
      11615.000 ns	      1160	8000059c	d004c753	fcvt.s.w	f14,x9	  x9:0x00000000 f14=0x00000000
      11645.000 ns	      1163	800005a0	028f3fb3	mulhu	x31,x30,x8	 x30:0x00000000  x8:0x8837fb72 x31=0x00000000
      11675.000 ns	      1166	800005a4	a1060e53	fle.s	x28,f12,f16	 f12:0x7f800000 f16:0x00000000 x28=0x00000000
      11695.000 ns	      1168	800005a8	01d99033	sll	x0,x19,x29	 x19:0x7fffffff x29:0x00040fe3
      11705.000 ns	      1169	800005ac	240cc193	xori	x3,x25,576	 x25:0x77c8048e  x3=0x77c806ce
      11735.000 ns	      1172	800005b0	11e4f553	fmul.s	f10,f9,f30	  f9:0x00000001 f30:0x80000000 f10=0x80000000
      11765.000 ns	      1175	800005b4	20fb26d3	fsgnjx.s	f13,f22,f15	 f22:0x4f5affba f15:0xff800000 f13=0xcf5affba
      11785.000 ns	      1177	800005b8	8f5b2693	slti	x13,x22,-1803	 x22:0x00000000 x13=0x00000000
      11825.000 ns	      1181	800005bc	08f97dd3	fsub.s	f27,f18,f15	 f18:0xff800000 f15:0xff800000 f27=0x00000000
      11875.000 ns	      1186	800005c0	097bfa53	fsub.s	f20,f23,f23	 f23:0x7fc00000 f23:0x7fc00000 f20=0x7fc00000
      11895.000 ns	      1188	800005c4	00c72a33	slt	x20,x14,x12	 x14:0x00103f90 x12:0x7fffffff x20=0x00000001
      11925.000 ns	      1191	800005c8	190211d3	fdiv.s	f3,f4,f16	  f4:0x00000000 f16:0x00000000  f3=0x7fc00000
      11955.000 ns	      1194	800005cc	21132453	fsgnjx.s	f8,f6,f17	  f6:0x3f800000 f17:0x7fc00000  f8=0x3f800000
      11985.000 ns	      1197	800005d0	035f0833	mul	x16,x30,x21	 x30:0x00000000 x21:0x00000000 x16=0x00000000
      12005.000 ns	      1199	800005d4	0173c9b3	xor	x19,x7,x23	  x7:0x00000000 x23:0x00000000 x19=0x00000000
      12025.000 ns	      1201	800005d8	c005fcd3	fcvt.w.s	x25,f11	 f11:0x7f7fffff x25=0x7fffffff
      12045.000 ns	      1203	800005dc	003a15b3	sll	x11,x20,x3	 x20:0x00000001  x3:0x77c806ce x11=0x00004000
      12065.000 ns	      1205	800005e0	d01e7b53	fcvt.s.wu	f22,x28	 x28:0x00000000 f22=0x00000000
      12095.000 ns	      1208	800005e4	02edb533	mulhu	x10,x27,x14	 x27:0x80041024 x14:0x00103f90 x10=0x0008200a
      12125.000 ns	      1211	800005e8	d005f253	fcvt.s.w	f4,x11	 x11:0x00004000  f4=0x46800000
      12145.000 ns	      1213	800005ec	c2d26337	lui	x6,0xc2d26	  x6=0xc2d26000
      12155.000 ns	      1214	800005f0	40775933	sra	x18,x14,x7	 x14:0x00103f90  x7:0x00000000 x18=0x00103f90
      12175.000 ns	      1216	800005f4	03e1ecb3	rem	x25,x3,x30	  x3:0x77c806ce x30:0x00000000 x25=0x77c806ce
      12195.000 ns	      1218	800005f8	00f77533	and	x10,x14,x15	 x14:0x00103f90 x15:0x77c8048e x10=0x00000480
      12215.000 ns	      1220	800005fc	f00c8453	fmv.w.x	f8,x25	 x25:0x77c806ce  f8=0x77c806ce
      12245.000 ns	      1223	80000600	a0dd9353	flt.s	x6,f27,f13	 f27:0x00000000 f13:0xcf5affba  x6=0x00000000
      12265.000 ns	      1225	80000604	dc58ee13	ori	x28,x17,-571	 x17:0xd5a174a4 x28=0xfffffde5
      12285.000 ns	      1227	80000608	d009fc53	fcvt.s.w	f24,x19	 x19:0x00000000 f24=0x00000000
      12315.000 ns	      1230	8000060c	28221553	fmax.s	f10,f4,f2	  f4:0x46800000  f2:0x00000000 f10=0x46800000
      12345.000 ns	      1233	80000610	21f002d3	fsgnj.s	f5,f0,f31	  f0:0x7fc00000 f31:0xd5a174a4  f5=0xffc00000
      12365.000 ns	      1235	80000614	0145bc33	sltu	x24,x11,x20	 x11:0x00004000 x20:0x00000001 x24=0x00000000
      12385.000 ns	      1237	80000618	039e04b3	mul	x9,x28,x25	 x28:0xfffffde5 x25:0x77c806ce  x9=0xcdd9ac46
      12755.000 ns	      1274	8000061c	02a7f833	remu	x16,x15,x10	 x15:0x77c8048e x10:0x00000480 x16=0x0000040e
      12785.000 ns	      1277	80000620	a0f50253	fle.s	x4,f10,f15	 f10:0x46800000 f15:0xff800000  x4=0x00000000
      12805.000 ns	      1279	80000624	94c93617	auipc	x12,0x94c93	 x12=0x14c93624
      12815.000 ns	      1280	80000628	00135933	srl	x18,x6,x1	  x6:0x00000000  x1:0x00000000 x18=0x00000000
      12825.000 ns	      1281	8000062c	68988493	addi	x9,x17,1673	 x17:0xd5a174a4  x9=0xd5a17b2d
      12835.000 ns	      1282	80000630	509a8313	addi	x6,x21,1289	 x21:0x00000000  x6=0x00000509
      12845.000 ns	      1283	80000634	be8cbf93	sltiu	x31,x25,-1048	 x25:0x77c806ce x31=0x00000001
      12865.000 ns	      1285	80000638	e00e0f53	fmv.x.w	x30,f28	 f28:0x7f800000 x30=0x7f800000
      12895.000 ns	      1288	8000063c	a0578fd3	fle.s	x31,f15,f5	 f15:0xff800000  f5:0xffc00000 x31=0x00000000
      12925.000 ns	      1291	80000640	a1fa0053	fle.s	x0,f20,f31	 f20:0x7fc00000 f31:0xd5a174a4
      12955.000 ns	      1294	80000644	02028633	mul	x12,x5,x0	  x5:0x00000000  x0:0x00000000 x12=0x00000000
      12975.000 ns	      1296	80000648	47b81cb7	lui	x25,0x47b81	 x25=0x47b81000
      12995.000 ns	      1298	8000064c	28411d53	fmax.s	f26,f2,f4	  f2:0x00000000  f4:0x46800000 f26=0x46800000
      13015.000 ns	      1300	80000650	406f5f33	sra	x30,x30,x6	 x30:0x7f800000  x6:0x00000509 x30=0x003fc000
      13375.000 ns	      1336	80000654	03dafab3	remu	x21,x21,x29	 x21:0x00000000 x29:0x00040fe3 x21=0x00000000
      13395.000 ns	      1338	80000658	01007333	and	x6,x0,x16	  x0:0x00000000 x16:0x0000040e  x6=0x00000000
      13405.000 ns	      1339	8000065c	413f5093	srai	x1,x30,0x13	 x30:0x003fc000  x1=0x00000007
      13415.000 ns	      1340	80000660	cfd0f213	andi	x4,x1,-771	  x1:0x00000000  x4=0x00000005
      13425.000 ns	      1341	80000664	c9a36017	auipc	x0,0xc9a36	
      13445.000 ns	      1343	80000668	218c8d53	fsgnj.s	f26,f25,f24	 f25:0x7fc00000 f24:0x00000000 f26=0x7fc00000
      13465.000 ns	      1345	8000066c	01f2da13	srli	x20,x5,0x1f	  x5:0x00000000 x20=0x00000000
      13485.000 ns	      1347	80000670	293a0a53	fmin.s	f20,f20,f19	 f20:0x7fc00000 f19:0x41800000 f20=0x41800000
      13505.000 ns	      1349	80000674	00fc3eb3	sltu	x29,x24,x15	 x24:0x00000000 x15:0x77c8048e x29=0x00000001
      13515.000 ns	      1350	80000678	eff78193	addi	x3,x15,-257	 x15:0x77c8048e  x3=0x77c8038d
      13535.000 ns	      1352	8000067c	a1409ad3	flt.s	x21,f1,f20	  f1:0xff800000 f20:0x41800000 x21=0x00000001
      13555.000 ns	      1354	80000680	007bd6b3	srl	x13,x23,x7	 x23:0x00000000  x7:0x00000000 x13=0x00000000
      13575.000 ns	      1356	80000684	c00320d3	fcvt.w.s	x1,f6	  f6:0x3f800000  x1=0x00000001
      13605.000 ns	      1359	80000688	d01acd53	fcvt.s.wu	f26,x21	 x21:0x00000001 f26=0x3f800000
      13625.000 ns	      1361	8000068c	cb3fcb13	xori	x22,x31,-845	 x31:0x00000000 x22=0xfffffcb3
      13635.000 ns	      1362	80000690	01fe25b3	slt	x11,x28,x31	 x28:0xfffffde5 x31:0x00000000 x11=0x00000001
      13665.000 ns	      1365	80000694	58089ed3	fsqrt.s	f29,f17	 f17:0x7fc00000 f29=0x7fc00000
      13685.000 ns	      1367	80000698	01082fb3	slt	x31,x16,x16	 x16:0x0000040e x16:0x0000040e x31=0x00000000
      13695.000 ns	      1368	8000069c	00900433	add	x8,x0,x9	  x0:0x00000000  x9:0xd5a17b2d  x8=0xd5a17b2d
      13705.000 ns	      1369	800006a0	c2808313	addi	x6,x1,-984	  x1:0x00000001  x6=0xfffffc29
      13725.000 ns	      1371	800006a4	d0167853	fcvt.s.wu	f16,x12	 x12:0x00000000 f16=0x00000000
      13755.000 ns	      1374	800006a8	d00a2253	fcvt.s.w	f4,x20	 x20:0x00000000  f4=0x00000000
      13775.000 ns	      1376	800006ac	9e78c137	lui	x2,0x9e78c	  x2=0x9e78c000
      13795.000 ns	      1378	800006b0	f00987d3	fmv.w.x	f15,x19	 x19:0x00000000 f15=0x00000000
      13815.000 ns	      1380	800006b4	00000013	addi	x0,x0,0	  x0:0x00000000
      13835.000 ns	      1382	800006b8	29960653	fmin.s	f12,f12,f25	 f12:0x7f800000 f25:0x7fc00000 f12=0x7f800000
      13865.000 ns	      1385	800006bc	a09c2ed3	feq.s	x29,f24,f9	 f24:0x00000000  f9:0x00000001 x29=0x00000000
      13895.000 ns	      1388	800006c0	e0030553	fmv.x.w	x10,f6	  f6:0x3f800000 x10=0x3f800000
      13925.000 ns	      1391	800006c4	f0098d53	fmv.w.x	f26,x19	 x19:0x00000000 f26=0x00000000
      13955.000 ns	      1394	800006c8	d01af853	fcvt.s.wu	f16,x21	 x21:0x00000001 f16=0x3f800000
      13995.000 ns	      1398	800006cc	18fa2c53	fdiv.s	f24,f20,f15	 f20:0x41800000 f15:0x00000000 f24=0x7f800000
      14025.000 ns	      1401	800006d0	29b011d3	fmax.s	f3,f0,f27	  f0:0x7fc00000 f27:0x00000000  f3=0x00000000
      14045.000 ns	      1403	800006d4	b1aa7013	andi	x0,x20,-1254	 x20:0x00000000
      14405.000 ns	      1439	800006d8	0394ee33	rem	x28,x9,x25	  x9:0xd5a17b2d x25:0x47b81000 x28=0xd5a17b2d
      14435.000 ns	      1442	800006dc	d00bf853	fcvt.s.w	f16,x23	 x23:0x00000000 f16=0x00000000
      14455.000 ns	      1444	800006e0	405b88b3	sub	x17,x23,x5	 x23:0x00000000  x5:0x00000000 x17=0x00000000
      14475.000 ns	      1446	800006e4	c00393d3	fcvt.w.s	x7,f7	  f7:0x4f7ffffa  x7=0x7fffffff
      14495.000 ns	      1448	800006e8	62df7417	auipc	x8,0x62df7	  x8=0xe2df76e8
      14505.000 ns	      1449	800006ec	012466b3	or	x13,x8,x18	  x8:0xd5a17b2d x18:0x00000000 x13=0xe2df76e8
      15675.000 ns	      1566	800006f0	58051753	fsqrt.s	f14,f10	 f10:0x46800000 f14=0x42ffffae
      15695.000 ns	      1568	800006f4	4013dcb3	sra	x25,x7,x1	  x7:0x7fffffff  x1:0x00000001 x25=0x3fffffff
      15705.000 ns	      1569	800006f8	c6d3f293	andi	x5,x7,-915	  x7:0x7fffffff  x5=0x7ffffc6d
      15715.000 ns	      1570	800006fc	0061c5b3	xor	x11,x3,x6	  x3:0x77c8038d  x6:0xfffffc29 x11=0x8837ffa4
      15735.000 ns	      1572	80000700	a00481d3	fle.s	x3,f9,f0	  f9:0x00000001  f0:0x7fc00000  x3=0x00000000
      15765.000 ns	      1575	80000704	d0167c53	fcvt.s.wu	f24,x12	 x12:0x00000000 f24=0x00000000
      15785.000 ns	      1577	80000708	5b54f113	andi	x2,x9,1461	  x9:0xd5a17b2d  x2=0x00000125
      15795.000 ns	      1578	8000070c	00ca40b3	xor	x1,x20,x12	 x20:0x00000000 x12:0x00000000  x1=0x00000000
      15815.000 ns	      1580	80000710	c01070d3	fcvt.wu.s	x1,f0	  f0:0x7fc00000  x1=0xffffffff
      15845.000 ns	      1583	80000714	284f80d3	fmin.s	f1,f31,f4	 f31:0xd5a174a4  f4:0x00000000  f1=0xd5a174a4
      15875.000 ns	      1586	80000718	a1c219d3	flt.s	x19,f4,f28	  f4:0x00000000 f28:0x7f800000 x19=0x00000001
      15905.000 ns	      1589	8000071c	a02da3d3	feq.s	x7,f27,f2	 f27:0x00000000  f2:0x00000000  x7=0x00000001
      16275.000 ns	      1626	80000720	0281ee33	rem	x28,x3,x8	  x3:0x00000000  x8:0xe2df76e8 x28=0x00000000
      16305.000 ns	      1629	80000724	e0029cd3	fclass.s	x25,f5	  f5:0xffc00000 x25=0x00000200
      16325.000 ns	      1631	80000728	00a262b3	or	x5,x4,x10	  x4:0x00000005 x10:0x3f800000  x5=0x3f800005
      16355.000 ns	      1634	8000072c	5807ca53	fsqrt.s	f20,f15	 f15:0x00000000 f20=0x00000000
      16725.000 ns	      1671	80000730	02acf9b3	remu	x19,x25,x10	 x25:0x00000200 x10:0x3f800000 x19=0x00000200
      16755.000 ns	      1674	80000734	c007c353	fcvt.w.s	x6,f15	 f15:0x00000000  x6=0x00000000
      17125.000 ns	      1711	80000738	02994f33	div	x30,x18,x9	 x18:0x00000000  x9:0xd5a17b2d x30=0x00000000
      17155.000 ns	      1714	8000073c	d0177453	fcvt.s.wu	f8,x14	 x14:0x00103f90  f8=0x4981fc80
      17175.000 ns	      1716	80000740	1bca6293	ori	x5,x20,444	 x20:0x00000000  x5=0x000001bc
      17215.000 ns	      1720	80000744	089afa53	fsub.s	f20,f21,f9	 f21:0xff800000  f9:0x00000001 f20=0xff800000
      17245.000 ns	      1723	80000748	03227833	remu	x16,x4,x18	  x4:0x00000005 x18:0x00000000 x16=0x00000005
      17265.000 ns	      1725	8000074c	4124d3b3	sra	x7,x9,x18	  x9:0xd5a17b2d x18:0x00000000  x7=0xd5a17b2d
      17285.000 ns	      1727	80000750	03cbfa33	remu	x20,x23,x28	 x23:0x00000000 x28:0x00000000 x20=0x00000000
      17315.000 ns	      1730	80000754	c014fb53	fcvt.wu.s	x22,f9	  f9:0x00000001 x22=0x00000000
      17345.000 ns	      1733	80000758	a1c810d3	flt.s	x1,f16,f28	 f16:0x00000000 f28:0x7f800000  x1=0x00000001
      17365.000 ns	      1735	8000075c	00e55493	srli	x9,x10,0xe	 x10:0x3f800000  x9=0x0000fe00
      17725.000 ns	      1771	80000760	02ece433	rem	x8,x25,x14	 x25:0x00000200 x14:0x00103f90  x8=0x00000200
      17745.000 ns	      1773	80000764	012cb5b3	sltu	x11,x25,x18	 x25:0x00000200 x18:0x00000000 x11=0x00000000
      17765.000 ns	      1775	80000768	d01b4e53	fcvt.s.wu	f28,x22	 x22:0x00000000 f28=0x00000000
      17785.000 ns	      1777	8000076c	a1326613	ori	x12,x4,-1517	  x4:0x00000005 x12=0xfffffa17
      17795.000 ns	      1778	80000770	86513e93	sltiu	x29,x2,-1947	  x2:0x00000125 x29=0x00000001
      17805.000 ns	      1779	80000774	012da433	slt	x8,x27,x18	 x27:0x80041024 x18:0x00000000  x8=0x00000001
      17815.000 ns	      1780	80000778	41a7d033	sra	x0,x15,x26	 x15:0x77c8048e x26:0x80040fe4
      18175.000 ns	      1816	8000077c	03ba4533	div	x10,x20,x27	 x20:0x00000000 x27:0x80041024 x10=0x00000000
      18215.000 ns	      1820	80000780	184206d3	fdiv.s	f13,f4,f4	  f4:0x00000000  f4:0x00000000 f13=0x7fc00000
      18255.000 ns	      1824	80000784	1886f253	fdiv.s	f4,f13,f8	 f13:0xcf5affba  f8:0x4981fc80  f4=0x7fc00000
      18275.000 ns	      1826	80000788	895ac813	xori	x16,x21,-1899	 x21:0x00000001 x16=0xfffff894
      18285.000 ns	      1827	8000078c	00d134b3	sltu	x9,x2,x13	  x2:0x00000125 x13:0xe2df76e8  x9=0x00000001
      18325.000 ns	      1831	80000790	018df553	fadd.s	f10,f27,f24	 f27:0x00000000 f24:0x00000000 f10=0x00000000
      18345.000 ns	      1833	80000794	91ab3f93	sltiu	x31,x22,-1766	 x22:0x00000000 x31=0x00000001
      18365.000 ns	      1835	80000798	295d8353	fmin.s	f6,f27,f21	 f27:0x00000000 f21:0xff800000  f6=0xff800000
      18385.000 ns	      1837	8000079c	00335f93	srli	x31,x6,0x3	  x6:0x00000000 x31=0x00000000
      18405.000 ns	      1839	800007a0	c01174d3	fcvt.wu.s	x9,f2	  f2:0x00000000  x9=0x00000000
      18425.000 ns	      1841	800007a4	502f8613	addi	x12,x31,1282	 x31:0x00000001 x12=0x00000502
      18445.000 ns	      1843	800007a8	213c9353	fsgnjn.s	f6,f25,f19	 f25:0x7fc00000 f19:0x41800000  f6=0xffc00000
      18465.000 ns	      1845	800007ac	01c68633	add	x12,x13,x28	 x13:0xe2df76e8 x28:0x00000000 x12=0xe2df76e8
      18475.000 ns	      1846	800007b0	00000013	addi	x0,x0,0	  x0:0x00000000
      18485.000 ns	      1847	800007b4	00298233	add	x4,x19,x2	 x19:0x00000200  x2:0x00000125  x4=0x00000325
      18495.000 ns	      1848	800007b8	dc0c8a37	lui	x20,0xdc0c8	 x20=0xdc0c8000
      18505.000 ns	      1849	800007bc	00027333	and	x6,x4,x0	  x4:0x00000005  x0:0x00000000  x6=0x00000000
      18525.000 ns	      1851	800007c0	a19411d3	flt.s	x3,f8,f25	  f8:0x4981fc80 f25:0x7fc00000  x3=0x00000000
      18555.000 ns	      1854	800007c4	29ac9c53	fmax.s	f24,f25,f26	 f25:0x7fc00000 f26:0x00000000 f24=0x00000000
      18575.000 ns	      1856	800007c8	00acb733	sltu	x14,x25,x10	 x25:0x00000200 x10:0x00000000 x14=0x00000000
      18595.000 ns	      1858	800007cc	e0089653	fclass.s	x12,f17	 f17:0x7fc00000 x12=0x00000200
      18625.000 ns	      1861	800007d0	c0009ed3	fcvt.w.s	x29,f1	  f1:0xd5a174a4 x29=0x80000000
      18995.000 ns	      1898	800007d4	03ab56b3	divu	x13,x22,x26	 x22:0x00000000 x26:0x80040fe4 x13=0x00000000
      19015.000 ns	      1900	800007d8	01fd5913	srli	x18,x26,0x1f	 x26:0x80040fe4 x18=0x00000001
      19025.000 ns	      1901	800007dc	00b88933	add	x18,x17,x11	 x17:0x00000000 x11:0x00000000 x18=0x00000000
      19045.000 ns	      1903	800007e0	21fe19d3	fsgnjn.s	f19,f28,f31	 f28:0x00000000 f31:0xd5a174a4 f19=0x00000000
      19075.000 ns	      1906	800007e4	a19c8ed3	fle.s	x29,f25,f25	 f25:0x7fc00000 f25:0x7fc00000 x29=0x00000000
      19115.000 ns	      1910	800007e8	5800a8d3	fsqrt.s	f17,f1	  f1:0xd5a174a4 f17=0x7fc00000
      19135.000 ns	      1912	800007ec	414006b3	sub	x13,x0,x20	  x0:0x00000000 x20:0xdc0c8000 x13=0x23f38000
      19155.000 ns	      1914	800007f0	e0079653	fclass.s	x12,f15	 f15:0x00000000 x12=0x00000010
      19185.000 ns	      1917	800007f4	d00931d3	fcvt.s.w	f3,x18	 x18:0x00000000  f3=0x00000000
      19215.000 ns	      1920	800007f8	e0059053	fclass.s	x0,f11	 f11:0x7f7fffff
      19235.000 ns	      1922	800007fc	53bbba13	sltiu	x20,x23,1339	 x23:0x00000000 x20=0x00000001
      19245.000 ns	      1923	80000800	00000013	addi	x0,x0,0	  x0:0x00000000
      19265.000 ns	      1925	80000804	c0170853	fcvt.wu.s	x16,f14	 f14:0x42ffffae x16=0x00000080
      19285.000 ns	      1927	80000808	842d0513	addi	x10,x26,-1982	 x26:0x80040fe4 x10=0x80040826
      19305.000 ns	      1929	8000080c	02ec84b3	mul	x9,x25,x14	 x25:0x00000200 x14:0x00000000  x9=0x00000000
      19355.000 ns	      1934	80000810	019c7cd3	fadd.s	f25,f24,f25	 f24:0x00000000 f25:0x7fc00000 f25=0x7fc00000
      19375.000 ns	      1936	80000814	d4f7e417	auipc	x8,0xd4f7e	  x8=0x54f7e814
      19735.000 ns	      1972	80000818	02cbe9b3	rem	x19,x23,x12	 x23:0x00000000 x12:0x00000010 x19=0x00000000
      19765.000 ns	      1975	8000081c	0398bf33	mulhu	x30,x17,x25	 x17:0x00000000 x25:0x00000200 x30=0x00000000
      19785.000 ns	      1977	80000820	c2b56a93	ori	x21,x10,-981	 x10:0x80040826 x21=0xfffffc2f
      19825.000 ns	      1981	80000824	09e707d3	fsub.s	f15,f14,f30	 f14:0x42ffffae f30:0x80000000 f15=0x42ffffae
      19855.000 ns	      1984	80000828	20d32253	fsgnjx.s	f4,f6,f13	  f6:0xffc00000 f13:0x7fc00000  f4=0xffc00000
      19875.000 ns	      1986	8000082c	01a1a5b3	slt	x11,x3,x26	  x3:0x00000000 x26:0x80040fe4 x11=0x00000000
      19885.000 ns	      1987	80000830	a96eeb13	ori	x22,x29,-1386	 x29:0x00000000 x22=0xfffffa96
      19905.000 ns	      1989	80000834	d00f7153	fcvt.s.w	f2,x30	 x30:0x00000000  f2=0x00000000
      19955.000 ns	      1994	80000838	08e38253	fsub.s	f4,f7,f14	  f7:0x4f7ffffa f14:0x42ffffae  f4=0x4f7ffffa
      19975.000 ns	      1996	8000083c	01645b93	srli	x23,x8,0x16	  x8:0x54f7e814 x23=0x00000153
      19995.000 ns	      1998	80000840	f00701d3	fmv.w.x	f3,x14	 x14:0x00000000  f3=0x00000000
      20015.000 ns	      2000	80000844	00000013	addi	x0,x0,0	  x0:0x00000000
      20025.000 ns	      2001	80000848	14fa7093	andi	x1,x20,335	 x20:0x00000001  x1=0x00000001
      20035.000 ns	      2002	8000084c	218aca93	xori	x21,x21,536	 x21:0xfffffc2f x21=0xfffffe37
      20045.000 ns	      2003	80000850	0134c533	xor	x10,x9,x19	  x9:0x00000000 x19:0x00000000 x10=0x00000000
      20065.000 ns	      2005	80000854	217c1853	fsgnjn.s	f16,f24,f23	 f24:0x00000000 f23:0x7fc00000 f16=0x80000000
      20095.000 ns	      2008	80000858	c01ba753	fcvt.wu.s	x14,f23	 f23:0x7fc00000 x14=0xffffffff
      20115.000 ns	      2010	8000085c	015a9533	sll	x10,x21,x21	 x21:0xfffffe37 x21:0xfffffe37 x10=0x1b800000
      20125.000 ns	      2011	80000860	404083b3	sub	x7,x1,x4	  x1:0x00000001  x4:0x00000325  x7=0xfffffcdc
      20135.000 ns	      2012	80000864	9c3d8213	addi	x4,x27,-1597	 x27:0x80041024  x4=0x800409e7
      20155.000 ns	      2014	80000868	02510e33	mul	x28,x2,x5	  x2:0x00000125  x5:0x000001bc x28=0x0001fc2c
      20185.000 ns	      2017	8000086c	0293e5b3	rem	x11,x7,x9	  x7:0xfffffcdc  x9:0x00000000 x11=0xfffffcdc
      20235.000 ns	      2022	80000870	084504d3	fsub.s	f9,f10,f4	 f10:0x00000000  f4:0x4f7ffffa  f9=0xcf7ffffa
      20255.000 ns	      2024	80000874	89a0b813	sltiu	x16,x1,-1894	  x1:0x00000001 x16=0x00000001
      20275.000 ns	      2026	80000878	023f04b3	mul	x9,x30,x3	 x30:0x00000000  x3:0x00000000  x9=0x00000000
      20295.000 ns	      2028	8000087c	40cc5933	sra	x18,x24,x12	 x24:0x00000000 x12:0x00000010 x18=0x00000000
      20305.000 ns	      2029	80000880	0187db13	srli	x22,x15,0x18	 x15:0x77c8048e x22=0x00000077
      20315.000 ns	      2030	80000884	00d360b3	or	x1,x6,x13	  x6:0x00000000 x13:0x23f38000  x1=0x23f38000
      20335.000 ns	      2032	80000888	c0007053	fcvt.w.s	x0,f0	  f0:0x7fc00000
      20355.000 ns	      2034	8000088c	015ca1b3	slt	x3,x25,x21	 x25:0x00000200 x21:0xfffffe37  x3=0x00000000
      20385.000 ns	      2037	80000890	58018453	fsqrt.s	f8,f3	  f3:0x00000000  f8=0x00000000
      20405.000 ns	      2039	80000894	01ac3633	sltu	x12,x24,x26	 x24:0x00000000 x26:0x80040fe4 x12=0x00000001
      20425.000 ns	      2041	80000898	a1e38253	fle.s	x4,f7,f30	  f7:0x4f7ffffa f30:0x80000000  x4=0x00000000
      20795.000 ns	      2078	8000089c	02fbceb3	div	x29,x23,x15	 x23:0x00000153 x15:0x77c8048e x29=0x00000000
      20825.000 ns	      2081	800008a0	20cd9753	fsgnjn.s	f14,f27,f12	 f27:0x00000000 f12:0x7f800000 f14=0x80000000
      20845.000 ns	      2083	800008a4	e4006317	auipc	x6,0xe4006	  x6=0x640068a4
      20865.000 ns	      2085	800008a8	a0559ad3	flt.s	x21,f11,f5	 f11:0x7f7fffff  f5:0xffc00000 x21=0x00000000
      20895.000 ns	      2088	800008ac	031ca633	mulhsu	x12,x25,x17	 x25:0x00000200 x17:0x00000000 x12=0x00000000
      20935.000 ns	      2092	800008b0	182f2fd3	fdiv.s	f31,f30,f2	 f30:0x80000000  f2:0x00000000 f31=0x7fc00000
      20975.000 ns	      2096	800008b4	5800acd3	fsqrt.s	f25,f1	  f1:0xd5a174a4 f25=0x7fc00000
      20995.000 ns	      2098	800008b8	766be093	ori	x1,x23,1894	 x23:0x00000153  x1=0x00000777
      21015.000 ns	      2100	800008bc	03c02b33	mulhsu	x22,x0,x28	  x0:0x00000000 x28:0x0001fc2c x22=0x00000000
      21045.000 ns	      2103	800008c0	c01dc2d3	fcvt.wu.s	x5,f27	 f27:0x00000000  x5=0x00000000
      21065.000 ns	      2105	800008c4	01ad5b33	srl	x22,x26,x26	 x26:0x80040fe4 x26:0x80040fe4 x22=0x080040fe
      21075.000 ns	      2106	800008c8	00700233	add	x4,x0,x7	  x0:0x00000000  x7:0xfffffcdc  x4=0xfffffcdc
      21085.000 ns	      2107	800008cc	beafae37	lui	x28,0xbeafa	 x28=0xbeafa000
      22115.000 ns	      2210	800008d0	5807ff53	fsqrt.s	f30,f15	 f15:0x42ffffae f30=0x4135048f
      22135.000 ns	      2212	800008d4	815afb93	andi	x23,x21,-2027	 x21:0x00000000 x23=0x00000000
      22145.000 ns	      2213	800008d8	00015233	srl	x4,x2,x0	  x2:0x00000125  x0:0x00000000  x4=0x00000125
      22165.000 ns	      2215	800008dc	e0010953	fmv.x.w	x18,f2	  f2:0x00000000 x18=0x00000000
      22195.000 ns	      2218	800008e0	c014f053	fcvt.wu.s	x0,f9	  f9:0xcf7ffffa
      22215.000 ns	      2220	800008e4	0138ef33	or	x30,x17,x19	 x17:0x00000000 x19:0x00000000 x30=0x00000000
      22575.000 ns	      2256	800008e8	0391d333	divu	x6,x3,x25	  x3:0x00000000 x25:0x00000200  x6=0x00000000
      22595.000 ns	      2258	800008ec	dd870537	lui	x10,0xdd870	 x10=0xdd870000
      22615.000 ns	      2260	800008f0	20fa9dd3	fsgnjn.s	f27,f21,f15	 f21:0xff800000 f15:0x42ffffae f27=0xff800000
      22645.000 ns	      2263	800008f4	21ce2753	fsgnjx.s	f14,f28,f28	 f28:0x00000000 f28:0x00000000 f14=0x00000000
      22665.000 ns	      2265	800008f8	18023213	sltiu	x4,x4,384	  x4:0x00000125  x4=0x00000001
      22675.000 ns	      2266	800008fc	40fc08b3	sub	x17,x24,x15	 x24:0x00000000 x15:0x77c8048e x17=0x8837fb72
      22695.000 ns	      2268	80000900	284a84d3	fmin.s	f9,f21,f4	 f21:0xff800000  f4:0x4f7ffffa  f9=0xff800000
      22725.000 ns	      2271	80000904	a0072ed3	feq.s	x29,f14,f0	 f14:0x00000000  f0:0x7fc00000 x29=0x00000000
      22755.000 ns	      2274	80000908	297196d3	fmax.s	f13,f3,f23	  f3:0x00000000 f23:0x7fc00000 f13=0x00000000
      22785.000 ns	      2277	8000090c	28bc1d53	fmax.s	f26,f24,f11	 f24:0x00000000 f11:0x7f7fffff f26=0x7f7fffff
      23155.000 ns	      2314	80000910	02f554b3	divu	x9,x10,x15	 x10:0xdd870000 x15:0x77c8048e  x9=0x00000001
      23175.000 ns	      2316	80000914	017f3cb3	sltu	x25,x30,x23	 x30:0x00000000 x23:0x00000000 x25=0x00000000
      23195.000 ns	      2318	80000918	e0011353	fclass.s	x6,f2	  f2:0x00000000  x6=0x00000010
      23245.000 ns	      2323	8000091c	086574d3	fsub.s	f9,f10,f6	 f10:0x00000000  f6:0xffc00000  f9=0x7fc00000
      23265.000 ns	      2325	80000920	c43c1f37	lui	x30,0xc43c1	 x30=0xc43c1000
      23275.000 ns	      2326	80000924	582f0993	addi	x19,x30,1410	 x30:0x00000000 x19=0xc43c1582
      23285.000 ns	      2327	80000928	00231433	sll	x8,x6,x2	  x6:0x00000010  x2:0x00000125  x8=0x00000200
      23295.000 ns	      2328	8000092c	413c0f33	sub	x30,x24,x19	 x24:0x00000000 x19:0x00000000 x30=0x3bc3ea7e
      23305.000 ns	      2329	80000930	014070b3	and	x1,x0,x20	  x0:0x00000000 x20:0x00000001  x1=0x00000000
      23315.000 ns	      2330	80000934	017dc433	xor	x8,x27,x23	 x27:0x80041024 x23:0x00000000  x8=0x80041024
      23335.000 ns	      2332	80000938	c01a4853	fcvt.wu.s	x16,f20	 f20:0xff800000 x16=0x00000000
      23385.000 ns	      2337	8000093c	01ca2353	fadd.s	f6,f20,f28	 f20:0xff800000 f28:0x00000000  f6=0xff800000
      23405.000 ns	      2339	80000940	07e80693	addi	x13,x16,126	 x16:0x00000000 x13=0x0000007e
      23415.000 ns	      2340	80000944	4033da93	srai	x21,x7,0x3	  x7:0xfffffcdc x21=0xffffff9b
      23435.000 ns	      2342	80000948	d01f1753	fcvt.s.wu	f14,x30	 x30:0x3bc3ea7e f14=0x4e6f0fa9
      23455.000 ns	      2344	8000094c	01f49833	sll	x16,x9,x31	  x9:0x00000001 x31:0x00000000 x16=0x00000001
      23475.000 ns	      2346	80000950	03c8b3b3	mulhu	x7,x17,x28	 x17:0x8837fb72 x28:0xbeafa000  x7=0x65770006
      23495.000 ns	      2348	80000954	01675e33	srl	x28,x14,x22	 x14:0xffffffff x22:0x080040fe x28=0x00000003
      23505.000 ns	      2349	80000958	010e1bb3	sll	x23,x28,x16	 x28:0xbeafa000 x16:0x00000001 x23=0x00000006
      23515.000 ns	      2350	8000095c	9cbb0813	addi	x16,x22,-1589	 x22:0x080040fe x16=0x08003ac9
      23535.000 ns	      2352	80000960	d00da353	fcvt.s.w	f6,x27	 x27:0x80041024  f6=0xcefff7e0
      23565.000 ns	      2355	80000964	03994bb3	div	x23,x18,x25	 x18:0x00000000 x25:0x00000000 x23=0xffffffff
      23585.000 ns	      2357	80000968	efcf7417	auipc	x8,0xefcf7	  x8=0x6fcf7968
      23595.000 ns	      2358	8000096c	00d3b9b3	sltu	x19,x7,x13	  x7:0x65770006 x13:0x0000007e x19=0x00000000
      23605.000 ns	      2359	80000970	3effb713	sltiu	x14,x31,1007	 x31:0x00000000 x14=0x00000001
      23625.000 ns	      2361	80000974	20902ad3	fsgnjx.s	f21,f0,f9	  f0:0x7fc00000  f9:0x7fc00000 f21=0x7fc00000
      23675.000 ns	      2366	80000978	000271d3	fadd.s	f3,f4,f0	  f4:0x4f7ffffa  f0:0x7fc00000  f3=0x7fc00000
      23705.000 ns	      2369	8000097c	035f85b3	mul	x11,x31,x21	 x31:0x00000000 x21:0xffffff9b x11=0x00000000
      23735.000 ns	      2372	80000980	28380e53	fmin.s	f28,f16,f3	 f16:0x80000000  f3:0x7fc00000 f28=0x80000000
      23755.000 ns	      2374	80000984	01b15093	srli	x1,x2,0x1b	  x2:0x00000125  x1=0x00000000
      23765.000 ns	      2375	80000988	419b0733	sub	x14,x22,x25	 x22:0x080040fe x25:0x00000000 x14=0x080040fe
      23785.000 ns	      2377	8000098c	217c8453	fsgnj.s	f8,f25,f23	 f25:0x7fc00000 f23:0x7fc00000  f8=0x7fc00000
      23815.000 ns	      2380	80000990	21469053	fsgnjn.s	f0,f13,f20	 f13:0x00000000 f20:0xff800000  f0=0x00000000
      23845.000 ns	      2383	80000994	a1988553	fle.s	x10,f17,f25	 f17:0x7fc00000 f25:0x7fc00000 x10=0x00000000
      23875.000 ns	      2386	80000998	02579533	mulh	x10,x15,x5	 x15:0x77c8048e  x5:0x00000000 x10=0x00000000
      23895.000 ns	      2388	8000099c	00595493	srli	x9,x18,0x5	 x18:0x00000000  x9=0x00000000
      23905.000 ns	      2389	800009a0	005d9713	slli	x14,x27,0x5	 x27:0x80041024 x14=0x00820480
      23925.000 ns	      2391	800009a4	2008a4d3	fsgnjx.s	f9,f17,f0	 f17:0x7fc00000  f0:0x00000000  f9=0x7fc00000
      23955.000 ns	      2394	800009a8	033941b3	div	x3,x18,x19	 x18:0x00000000 x19:0x00000000  x3=0xffffffff
      23985.000 ns	      2397	800009ac	f0088fd3	fmv.w.x	f31,x17	 x17:0x8837fb72 f31=0x8837fb72
      24005.000 ns	      2399	800009b0	40375e13	srai	x28,x14,0x3	 x14:0x00820480 x28=0x00104090
      24015.000 ns	      2400	800009b4	01c37633	and	x12,x6,x28	  x6:0x00000010 x28:0x00000003 x12=0x00000010
      24025.000 ns	      2401	800009b8	e5c0a993	slti	x19,x1,-420	  x1:0x00000000 x19=0x00000000
      24385.000 ns	      2437	800009bc	028de3b3	rem	x7,x27,x8	 x27:0x80041024  x8:0x6fcf7968  x7=0xefd3898c
      24415.000 ns	      2440	800009c0	20731ad3	fsgnjn.s	f21,f6,f7	  f6:0xcefff7e0  f7:0x4f7ffffa f21=0xcefff7e0
      24445.000 ns	      2443	800009c4	e0019253	fclass.s	x4,f3	  f3:0x7fc00000  x4=0x00000200
      24475.000 ns	      2446	800009c8	02398ab3	mul	x21,x19,x3	 x19:0x00000000  x3:0xffffffff x21=0x00000000
      24495.000 ns	      2448	800009cc	0042da13	srli	x20,x5,0x4	  x5:0x00000000 x20=0x00000000
      24505.000 ns	      2449	800009d0	4120d813	srai	x16,x1,0x12	  x1:0x00000000 x16=0x00000000
      24515.000 ns	      2450	800009d4	481a6013	ori	x0,x20,1153	 x20:0x00000001
      24525.000 ns	      2451	800009d8	003778b3	and	x17,x14,x3	 x14:0x00820480  x3:0xffffffff x17=0x00820480
      24545.000 ns	      2453	800009dc	03b08cb3	mul	x25,x1,x27	  x1:0x00000000 x27:0x80041024 x25=0x00000000
      24565.000 ns	      2455	800009e0	01f92eb3	slt	x29,x18,x31	 x18:0x00000000 x31:0x00000000 x29=0x00000000
      24585.000 ns	      2457	800009e4	292a16d3	fmax.s	f13,f20,f18	 f20:0xff800000 f18:0xff800000 f13=0xff800000
      24605.000 ns	      2459	800009e8	06a23b13	sltiu	x22,x4,106	  x4:0x00000200 x22=0x00000000
      24625.000 ns	      2461	800009ec	03f123b3	mulhsu	x7,x2,x31	  x2:0x00000125 x31:0x00000000  x7=0x00000000
      24645.000 ns	      2463	800009f0	0199c533	xor	x10,x19,x25	 x19:0x00000000 x25:0x00000000 x10=0x00000000
      24665.000 ns	      2465	800009f4	28270a53	fmin.s	f20,f14,f2	 f14:0x4e6f0fa9  f2:0x00000000 f20=0x00000000
      24685.000 ns	      2467	800009f8	01fa23b3	slt	x7,x20,x31	 x20:0x00000000 x31:0x00000000  x7=0x00000000
      24705.000 ns	      2469	800009fc	206d87d3	fsgnj.s	f15,f27,f6	 f27:0xff800000  f6:0xcefff7e0 f15=0xff800000
      24735.000 ns	      2472	80000a00	e00d0f53	fmv.x.w	x30,f26	 f26:0x7f7fffff x30=0x7f7fffff
      24755.000 ns	      2474	80000a04	b6665a37	lui	x20,0xb6665	 x20=0xb6665000
      24775.000 ns	      2476	80000a08	032e85b3	mul	x11,x29,x18	 x29:0x00000000 x18:0x00000000 x11=0x00000000
      24815.000 ns	      2480	80000a0c	1105f353	fmul.s	f6,f11,f16	 f11:0x7f7fffff f16:0x80000000  f6=0x80000000
      24835.000 ns	      2482	80000a10	f8bdf993	andi	x19,x27,-117	 x27:0x80041024 x19=0x80041000
      24855.000 ns	      2484	80000a14	0225b433	mulhu	x8,x11,x2	 x11:0x00000000  x2:0x00000125  x8=0x00000000
      24875.000 ns	      2486	80000a18	617c3e93	sltiu	x29,x24,1559	 x24:0x00000000 x29=0x00000001
      24885.000 ns	      2487	80000a1c	407b5f93	srai	x31,x22,0x7	 x22:0x00000000 x31=0x00000000
      24905.000 ns	      2489	80000a20	03e6b5b3	mulhu	x11,x13,x30	 x13:0x0000007e x30:0x7f7fffff x11=0x0000003e
      24925.000 ns	      2491	80000a24	40520733	sub	x14,x4,x5	  x4:0x00000200  x5:0x00000000 x14=0x00000200
      24965.000 ns	      2495	80000a28	013b0753	fadd.s	f14,f22,f19	 f22:0x00000000 f19:0x00000000 f14=0x00000000
      24985.000 ns	      2497	80000a2c	74564e13	xori	x28,x12,1861	 x12:0x00000010 x28=0x00000755
      24995.000 ns	      2498	80000a30	414bd2b3	sra	x5,x23,x20	 x23:0xffffffff x20:0xb6665000  x5=0xffffffff
      25015.000 ns	      2500	80000a34	29df80d3	fmin.s	f1,f31,f29	 f31:0x8837fb72 f29:0x7fc00000  f1=0x8837fb72
      26195.000 ns	      2618	80000a38	580587d3	fsqrt.s	f15,f11	 f11:0x7f7fffff f15=0x5f350461
      26225.000 ns	      2621	80000a3c	28ad0953	fmin.s	f18,f26,f10	 f26:0x7f7fffff f10:0x00000000 f18=0x00000000
      26245.000 ns	      2623	80000a40	40ce8eb3	sub	x29,x29,x12	 x29:0x00000001 x12:0x00000010 x29=0xfffffff1
      26265.000 ns	      2625	80000a44	a07a1fd3	flt.s	x31,f20,f7	 f20:0x00000000  f7:0x4f7ffffa x31=0x00000001
      26285.000 ns	      2627	80000a48	41ebd593	srai	x11,x23,0x1e	 x23:0xffffffff x11=0xffffffff
      26305.000 ns	      2629	80000a4c	025609b3	mul	x19,x12,x5	 x12:0x00000010  x5:0xffffffff x19=0xfffffff0
      26325.000 ns	      2631	80000a50	cf820f93	addi	x31,x4,-776	  x4:0x00000200 x31=0xfffffef8
      26335.000 ns	      2632	80000a54	01185613	srli	x12,x16,0x11	 x16:0x00000000 x12=0x00000000
      26345.000 ns	      2633	80000a58	0a7e7393	andi	x7,x28,167	 x28:0x00000755  x7=0x00000005
      26375.000 ns	      2636	80000a5c	11d2b9d3	fmul.s	f19,f5,f29	  f5:0xffc00000 f29:0x7fc00000 f19=0x7fc00000
      26395.000 ns	      2638	80000a60	408ad513	srai	x10,x21,0x8	 x21:0x00000000 x10=0x00000000
      26405.000 ns	      2639	80000a64	405d51b3	sra	x3,x26,x5	 x26:0x80040fe4  x5:0xffffffff  x3=0xffffffff
      26425.000 ns	      2641	80000a68	e0079353	fclass.s	x6,f15	 f15:0x5f350461  x6=0x00000040
      26445.000 ns	      2643	80000a6c	d3e99fb7	lui	x31,0xd3e99	 x31=0xd3e99000
      26805.000 ns	      2679	80000a70	03b0c5b3	div	x11,x1,x27	  x1:0x00000000 x27:0x80041024 x11=0x00000000
      26825.000 ns	      2681	80000a74	4076d8b3	sra	x17,x13,x7	 x13:0x0000007e  x7:0x00000005 x17=0x00000003
      26835.000 ns	      2682	80000a78	00887cb3	and	x25,x16,x8	 x16:0x00000000  x8:0x00000000 x25=0x00000000
      26855.000 ns	      2684	80000a7c	21212f53	fsgnjx.s	f30,f2,f18	  f2:0x00000000 f18:0x00000000 f30=0x00000000
      26875.000 ns	      2686	80000a80	4120d233	sra	x4,x1,x18	  x1:0x00000000 x18:0x00000000  x4=0x00000000
      26885.000 ns	      2687	80000a84	71e5e313	ori	x6,x11,1822	 x11:0x00000000  x6=0x0000071e
      26905.000 ns	      2689	80000a88	023a9133	mulh	x2,x21,x3	 x21:0x00000000  x3:0xffffffff  x2=0x00000000
      26935.000 ns	      2692	80000a8c	20c5ac53	fsgnjx.s	f24,f11,f12	 f11:0x7f7fffff f12:0x7f800000 f24=0x7f7fffff
      26965.000 ns	      2695	80000a90	20229cd3	fsgnjn.s	f25,f5,f2	  f5:0xffc00000  f2:0x00000000 f25=0xffc00000
      26995.000 ns	      2698	80000a94	03877833	remu	x16,x14,x24	 x14:0x00000200 x24:0x00000000 x16=0x00000200
      27025.000 ns	      2701	80000a98	02eb10b3	mulh	x1,x22,x14	 x22:0x00000000 x14:0x00000200  x1=0x00000000
      27055.000 ns	      2704	80000a9c	2141a853	fsgnjx.s	f16,f3,f20	  f3:0x7fc00000 f20:0x00000000 f16=0x7fc00000
      27085.000 ns	      2707	80000aa0	202883d3	fsgnj.s	f7,f17,f2	 f17:0x7fc00000  f2:0x00000000  f7=0x7fc00000
      27105.000 ns	      2709	80000aa4	b0323b13	sltiu	x22,x4,-1277	  x4:0x00000000 x22=0x00000001
      27115.000 ns	      2710	80000aa8	002b1113	slli	x2,x22,0x2	 x22:0x00000000  x2=0x00000004
      27135.000 ns	      2712	80000aac	03bc2533	mulhsu	x10,x24,x27	 x24:0x00000000 x27:0x80041024 x10=0x00000000
      27165.000 ns	      2715	80000ab0	d01c9cd3	fcvt.s.wu	f25,x25	 x25:0x00000000 f25=0x00000000
      27185.000 ns	      2717	80000ab4	3db17493	andi	x9,x2,987	  x2:0x00000004  x9=0x00000000
      27205.000 ns	      2719	80000ab8	28d79853	fmax.s	f16,f15,f13	 f15:0x5f350461 f13:0xff800000 f16=0x5f350461
      27235.000 ns	      2722	80000abc	03cb3833	mulhu	x16,x22,x28	 x22:0x00000001 x28:0x00000755 x16=0x00000000
      27255.000 ns	      2724	80000ac0	573f3413	sltiu	x8,x30,1395	 x30:0x7f7fffff  x8=0x00000000
      27265.000 ns	      2725	80000ac4	40c18eb3	sub	x29,x3,x12	  x3:0xffffffff x12:0x00000000 x29=0xffffffff
      27275.000 ns	      2726	80000ac8	000662b3	or	x5,x12,x0	 x12:0x00000000  x0:0x00000000  x5=0x00000000
      27295.000 ns	      2728	80000acc	a07b99d3	flt.s	x19,f23,f7	 f23:0x7fc00000  f7:0x7fc00000 x19=0x00000000
      27325.000 ns	      2731	80000ad0	c00f7fd3	fcvt.w.s	x31,f30	 f30:0x00000000 x31=0x00000000
      28505.000 ns	      2849	80000ad4	580c0053	fsqrt.s	f0,f24	 f24:0x7f7fffff  f0=0x5f350461
      28535.000 ns	      2852	80000ad8	020f6eb3	rem	x29,x30,x0	 x30:0x7f7fffff  x0:0x00000000 x29=0x7f7fffff
      28555.000 ns	      2854	80000adc	94f94813	xori	x16,x18,-1713	 x18:0x00000000 x16=0xfffff94f
      28915.000 ns	      2890	80000ae0	02db56b3	divu	x13,x22,x13	 x22:0x00000001 x13:0x0000007e x13=0x00000000
      28955.000 ns	      2894	80000ae4	1170aad3	fmul.s	f21,f1,f23	  f1:0x8837fb72 f23:0x7fc00000 f21=0x7fc00000
      28975.000 ns	      2896	80000ae8	00b408b3	add	x17,x8,x11	  x8:0x00000000 x11:0x00000000 x17=0x00000000
      28985.000 ns	      2897	80000aec	01de7233	and	x4,x28,x29	 x28:0x00000755 x29:0x7f7fffff  x4=0x00000755
      29345.000 ns	      2933	80000af0	037a7e33	remu	x28,x20,x23	 x20:0xb6665000 x23:0xffffffff x28=0xb6665000
      29365.000 ns	      2935	80000af4	fd1f6a93	ori	x21,x30,-47	 x30:0x7f7fffff x21=0xffffffff
      29385.000 ns	      2937	80000af8	0270b433	mulhu	x8,x1,x7	  x1:0x00000000  x7:0x00000005  x8=0x00000000
      29415.000 ns	      2940	80000afc	e0009fd3	fclass.s	x31,f1	  f1:0x8837fb72 x31=0x00000002
      29785.000 ns	      2977	80000b00	03f876b3	remu	x13,x16,x31	 x16:0xfffff94f x31:0x00000000 x13=0x00000001
      29815.000 ns	      2980	80000b04	c005f053	fcvt.w.s	x0,f11	 f11:0x7f7fffff
      29835.000 ns	      2982	80000b08	ee8e4013	xori	x0,x28,-280	 x28:0xb6665000
      29855.000 ns	      2984	80000b0c	02459033	mulh	x0,x11,x4	 x11:0x00000000  x4:0x00000755
      29885.000 ns	      2987	80000b10	c0151553	fcvt.wu.s	x10,f10	 f10:0x00000000 x10=0x00000000
      29905.000 ns	      2989	80000b14	00000013	addi	x0,x0,0	  x0:0x00000000
      29925.000 ns	      2991	80000b18	02a0a833	mulhsu	x16,x1,x10	  x1:0x00000000 x10:0x00000000 x16=0x00000000
      29955.000 ns	      2994	80000b1c	a0740353	fle.s	x6,f8,f7	  f8:0x7fc00000  f7:0x7fc00000  x6=0x00000000
      29985.000 ns	      2997	80000b20	a06e2653	feq.s	x12,f28,f6	 f28:0x80000000  f6:0x80000000 x12=0x00000001
      30015.000 ns	      3000	80000b24	d01dc453	fcvt.s.wu	f8,x27	 x27:0x80041024  f8=0x4f000410
      30035.000 ns	      3002	80000b28	404006b3	sub	x13,x0,x4	  x0:0x00000000  x4:0x00000755 x13=0xfffff8ab
      30055.000 ns	      3004	80000b2c	a176a553	feq.s	x10,f13,f23	 f13:0xff800000 f23:0x7fc00000 x10=0x00000000
      30105.000 ns	      3009	80000b30	09fecb53	fsub.s	f22,f29,f31	 f29:0x7fc00000 f31:0x8837fb72 f22=0x7fc00000
      30145.000 ns	      3013	80000b34	19c0c253	fdiv.s	f4,f1,f28	  f1:0x8837fb72 f28:0x80000000  f4=0x7f800000
      30195.000 ns	      3018	80000b38	01958653	fadd.s	f12,f11,f25	 f11:0x7f7fffff f25:0x00000000 f12=0x7f7fffff
      30215.000 ns	      3020	80000b3c	6c92ae37	lui	x28,0x6c92a	 x28=0x6c92a000
      30575.000 ns	      3056	80000b40	02eaf9b3	remu	x19,x21,x14	 x21:0xffffffff x14:0x00000200 x19=0x000001ff
      30615.000 ns	      3060	80000b44	105df253	fmul.s	f4,f27,f5	 f27:0xff800000  f5:0xffc00000  f4=0x7fc00000
      30635.000 ns	      3062	80000b48	01b0cf33	xor	x30,x1,x27	  x1:0x00000000 x27:0x80041024 x30=0x80041024
      30655.000 ns	      3064	80000b4c	e00f1853	fclass.s	x16,f30	 f30:0x00000000 x16=0x00000010
      31025.000 ns	      3101	80000b50	035772b3	remu	x5,x14,x21	 x14:0x00000200 x21:0xffffffff  x5=0x00000200
      31045.000 ns	      3103	80000b54	01239093	slli	x1,x7,0x12	  x7:0x00000005  x1=0x00140000
      31065.000 ns	      3105	80000b58	c00574d3	fcvt.w.s	x9,f10	 f10:0x00000000  x9=0x00000000
      31085.000 ns	      3107	80000b5c	40385e33	sra	x28,x16,x3	 x16:0x00000010  x3:0xffffffff x28=0x00000000
      31125.000 ns	      3111	80000b60	0809f8d3	fsub.s	f17,f19,f0	 f19:0x7fc00000  f0:0x5f350461 f17=0x7fc00000
      31145.000 ns	      3113	80000b64	01355e13	srli	x28,x10,0x13	 x10:0x00000000 x28=0x00000000
      31165.000 ns	      3115	80000b68	03dd8733	mul	x14,x27,x29	 x27:0x80041024 x29:0x7f7fffff x14=0x6dfbefdc
      31185.000 ns	      3117	80000b6c	01b35f93	srli	x31,x6,0x1b	  x6:0x00000000 x31=0x00000000
      31195.000 ns	      3118	80000b70	00000013	addi	x0,x0,0	  x0:0x00000000
      31205.000 ns	      3119	80000b74	81659b37	lui	x22,0x81659	 x22=0x81659000
      31215.000 ns	      3120	80000b78	0c73ca13	xori	x20,x7,199	  x7:0x00000005 x20=0x000000c2
      31235.000 ns	      3122	80000b7c	a1d280d3	fle.s	x1,f5,f29	  f5:0xffc00000 f29:0x7fc00000  x1=0x00000000
      31255.000 ns	      3124	80000b80	012f8ab3	add	x21,x31,x18	 x31:0x00000000 x18:0x00000000 x21=0x00000000
      31275.000 ns	      3126	80000b84	21930453	fsgnj.s	f8,f6,f25	  f6:0x80000000 f25:0x00000000  f8=0x00000000
      31295.000 ns	      3128	80000b88	530ab893	sltiu	x17,x21,1328	 x21:0xffffffff x17=0x00000001
      31315.000 ns	      3130	80000b8c	029bd033	divu	x0,x23,x9	 x23:0xffffffff  x9:0x00000000
      31345.000 ns	      3133	80000b90	e00f99d3	fclass.s	x19,f31	 f31:0x8837fb72 x19=0x00000002
      31385.000 ns	      3137	80000b94	580a9153	fsqrt.s	f2,f21	 f21:0x7fc00000  f2=0x7fc00000
      31415.000 ns	      3140	80000b98	a0b91853	flt.s	x16,f18,f11	 f18:0x00000000 f11:0x7f7fffff x16=0x00000001
      31445.000 ns	      3143	80000b9c	a0130053	fle.s	x0,f6,f1	  f6:0x80000000  f1:0x8837fb72
      31475.000 ns	      3146	80000ba0	29641cd3	fmax.s	f25,f8,f22	  f8:0x00000000 f22:0x7fc00000 f25=0x00000000
      31505.000 ns	      3149	80000ba4	03468433	mul	x8,x13,x20	 x13:0xfffff8ab x20:0x000000c2  x8=0xfffa7196
      31525.000 ns	      3151	80000ba8	010b1913	slli	x18,x22,0x10	 x22:0x81659000 x18=0x90000000
      31535.000 ns	      3152	80000bac	41d18433	sub	x8,x3,x29	  x3:0xffffffff x29:0x7f7fffff  x8=0x80800000
      31545.000 ns	      3153	80000bb0	24604b13	xori	x22,x0,582	  x0:0x00000000 x22=0x00000246
      31555.000 ns	      3154	80000bb4	82788493	addi	x9,x17,-2009	 x17:0x00000001  x9=0xfffff828
      31565.000 ns	      3155	80000bb8	0959e713	ori	x14,x19,149	 x19:0x00000002 x14=0x00000097
      31585.000 ns	      3157	80000bbc	20b01ad3	fsgnjn.s	f21,f0,f11	  f0:0x5f350461 f11:0x7f7fffff f21=0xdf350461
      31605.000 ns	      3159	80000bc0	006adf33	srl	x30,x21,x6	 x21:0x00000000  x6:0x00000000 x30=0x00000000
      31635.000 ns	      3162	80000bc4	19bef253	fdiv.s	f4,f29,f27	 f29:0x7fc00000 f27:0xff800000  f4=0x7fc00000
      32005.000 ns	      3199	80000bc8	034d4033	div	x0,x26,x20	 x26:0x80040fe4 x20:0x000000c2
      32025.000 ns	      3201	80000bcc	f971e193	ori	x3,x3,-105	  x3:0xffffffff  x3=0xffffffff
      32045.000 ns	      3203	80000bd0	e00f8753	fmv.x.w	x14,f31	 f31:0x8837fb72 x14=0x8837fb72
      32415.000 ns	      3240	80000bd4	02797933	remu	x18,x18,x7	 x18:0x90000000  x7:0x00000005 x18=0x00000004
      32445.000 ns	      3243	80000bd8	036b0533	mul	x10,x22,x22	 x22:0x00000246 x22:0x00000246 x10=0x00052b24
      32475.000 ns	      3246	80000bdc	21ffa253	fsgnjx.s	f4,f31,f31	 f31:0x8837fb72 f31:0x8837fb72  f4=0x0837fb72
      32515.000 ns	      3250	80000be0	196640d3	fdiv.s	f1,f12,f22	 f12:0x7f7fffff f22:0x7fc00000  f1=0x7fc00000
      32535.000 ns	      3252	80000be4	01ba5913	srli	x18,x20,0x1b	 x20:0x000000c2 x18=0x00000000
      32545.000 ns	      3253	80000be8	01e5d333	srl	x6,x11,x30	 x11:0x00000000 x30:0x00000000  x6=0x00000000
      32905.000 ns	      3289	80000bec	02e1e733	rem	x14,x3,x14	  x3:0xffffffff x14:0x8837fb72 x14=0xffffffff
      32935.000 ns	      3292	80000bf0	f0018f53	fmv.w.x	f30,x3	  x3:0xffffffff f30=0xffffffff
      32965.000 ns	      3295	80000bf4	e0048153	fmv.x.w	x2,f9	  f9:0x7fc00000  x2=0x7fc00000
      34145.000 ns	      3413	80000bf8	580271d3	fsqrt.s	f3,f4	  f4:0x0837fb72  f3=0x2382183d
      34185.000 ns	      3417	80000bfc	580394d3	fsqrt.s	f9,f7	  f7:0x7fc00000  f9=0x7fc00000
      34205.000 ns	      3419	80000c00	00b91313	slli	x6,x18,0xb	 x18:0x00000000  x6=0x00000000
      34215.000 ns	      3420	80000c04	0ec4e093	ori	x1,x9,236	  x9:0xfffff828  x1=0xfffff8ec
      34235.000 ns	      3422	80000c08	21e3abd3	fsgnjx.s	f23,f7,f30	  f7:0x7fc00000 f30:0xffffffff f23=0xffc00000
      34255.000 ns	      3424	80000c0c	22d96a93	ori	x21,x18,557	 x18:0x00000000 x21=0x0000022d
      34275.000 ns	      3426	80000c10	216c8953	fsgnj.s	f18,f25,f22	 f25:0x00000000 f22:0x7fc00000 f18=0x00000000
      34305.000 ns	      3429	80000c14	21162553	fsgnjx.s	f10,f12,f17	 f12:0x7f7fffff f17:0x7fc00000 f10=0x7f7fffff
      34325.000 ns	      3431	80000c18	001e5c13	srli	x24,x28,0x1	 x28:0x00000000 x24=0x00000000
      34335.000 ns	      3432	80000c1c	01c26cb3	or	x25,x4,x28	  x4:0x00000755 x28:0x00000000 x25=0x00000755
      34345.000 ns	      3433	80000c20	001578b3	and	x17,x10,x1	 x10:0x00052b24  x1:0xfffff8ec x17=0x00052824
      34355.000 ns	      3434	80000c24	9622ea17	auipc	x20,0x9622e	 x20=0x1622ec24
      34375.000 ns	      3436	80000c28	c0181753	fcvt.wu.s	x14,f16	 f16:0x5f350461 x14=0xffffffff
      34405.000 ns	      3439	80000c2c	213e9b53	fsgnjn.s	f22,f29,f19	 f29:0x7fc00000 f19:0x7fc00000 f22=0xffc00000
      34425.000 ns	      3441	80000c30	01525013	srli	x0,x4,0x15	  x4:0x00000755
      34785.000 ns	      3477	80000c34	0222d833	divu	x16,x5,x2	  x5:0x00000200  x2:0x7fc00000 x16=0x00000000
      34805.000 ns	      3479	80000c38	007fc9b3	xor	x19,x31,x7	 x31:0x00000000  x7:0x00000005 x19=0x00000005
      34815.000 ns	      3480	80000c3c	41bb5533	sra	x10,x22,x27	 x22:0x00000246 x27:0x80041024 x10=0x00000024
      34845.000 ns	      3483	80000c40	58090fd3	fsqrt.s	f31,f18	 f18:0x00000000 f31=0x00000000
      35185.000 ns	      3517	80000c44	18a78e53	fdiv.s	f28,f15,f10	 f15:0x5f350461 f10:0x7f7fffff f28=0x7f800000
      35205.000 ns	      3519	80000c48	120af513	andi	x10,x21,288	 x21:0x0000022d x10=0x00000020
      35215.000 ns	      3520	80000c4c	00139413	slli	x8,x7,0x1	  x7:0x00000005  x8=0x0000000a
      35225.000 ns	      3521	80000c50	7c47e393	ori	x7,x15,1988	 x15:0x77c8048e  x7=0x77c807ce
      35245.000 ns	      3523	80000c54	0333abb3	mulhsu	x23,x7,x19	  x7:0x00000005 x19:0x00000005 x23=0x00000002
      35285.000 ns	      3527	80000c58	18fdfbd3	fdiv.s	f23,f27,f15	 f27:0xff800000 f15:0x5f350461 f23=0xff800000
      35315.000 ns	      3530	80000c5c	d01ff253	fcvt.s.wu	f4,x31	 x31:0x00000000  f4=0x00000000
      35335.000 ns	      3532	80000c60	4054dc33	sra	x24,x9,x5	  x9:0xfffff828  x5:0x00000200 x24=0xfffff828
      35345.000 ns	      3533	80000c64	41685a93	srai	x21,x16,0x16	 x16:0x00000000 x21=0x00000000
      35365.000 ns	      3535	80000c68	a07516d3	flt.s	x13,f10,f7	 f10:0x7f7fffff  f7:0x7fc00000 x13=0x00000000
      35385.000 ns	      3537	80000c6c	0101d333	srl	x6,x3,x16	  x3:0xffffffff x16:0x00000000  x6=0xffffffff
      35395.000 ns	      3538	80000c70	00000013	addi	x0,x0,0	  x0:0x00000000
      35405.000 ns	      3539	80000c74	0130e9b7	lui	x19,0x130e	 x19=0x0130e000
      35415.000 ns	      3540	80000c78	00000013	addi	x0,x0,0	  x0:0x00000000
      35425.000 ns	      3541	80000c7c	2239fb93	andi	x23,x19,547	 x19:0x00000005 x23=0x00000000
      35445.000 ns	      3543	80000c80	a0c61bd3	flt.s	x23,f12,f12	 f12:0x7f7fffff f12:0x7f7fffff x23=0x00000000
      35475.000 ns	      3546	80000c84	e0008353	fmv.x.w	x6,f1	  f1:0x7fc00000  x6=0x7fc00000
      35495.000 ns	      3548	80000c88	00047333	and	x6,x8,x0	  x8:0x0000000a  x0:0x00000000  x6=0x00000000
      35505.000 ns	      3549	80000c8c	40e85613	srai	x12,x16,0xe	 x16:0x00000000 x12=0x00000000
      35515.000 ns	      3550	80000c90	01bfcab3	xor	x21,x31,x27	 x31:0x00000000 x27:0x80041024 x21=0x80041024
      35535.000 ns	      3552	80000c94	f00e8553	fmv.w.x	f10,x29	 x29:0x7f7fffff f10=0x7f7fffff
      35565.000 ns	      3555	80000c98	a12e1a53	flt.s	x20,f28,f18	 f28:0x7f800000 f18:0x00000000 x20=0x00000000
      35595.000 ns	      3558	80000c9c	a0409453	flt.s	x8,f1,f4	  f1:0x7fc00000  f4:0x00000000  x8=0x00000000
      35965.000 ns	      3595	80000ca0	02f8dc33	divu	x24,x17,x15	 x17:0x00052824 x15:0x77c8048e x24=0x00000000
      35985.000 ns	      3597	80000ca4	00c1c5b3	xor	x11,x3,x12	  x3:0xffffffff x12:0x00000000 x11=0xffffffff
      36005.000 ns	      3599	80000ca8	03ca51b3	divu	x3,x20,x28	 x20:0x00000000 x28:0x00000000  x3=0xffffffff
      36035.000 ns	      3602	80000cac	2195a2d3	fsgnjx.s	f5,f11,f25	 f11:0x7f7fffff f25:0x00000000  f5=0x7f7fffff
      36065.000 ns	      3605	80000cb0	03d73533	mulhu	x10,x14,x29	 x14:0xffffffff x29:0x7f7fffff x10=0x7f7ffffe
      36105.000 ns	      3609	80000cb4	10a5fed3	fmul.s	f29,f11,f10	 f11:0x7f7fffff f10:0x7f7fffff f29=0x7f800000
      36125.000 ns	      3611	80000cb8	6cd27393	andi	x7,x4,1741	  x4:0x00000755  x7=0x00000645
      36145.000 ns	      3613	80000cbc	297810d3	fmax.s	f1,f16,f23	 f16:0x5f350461 f23:0xff800000  f1=0x5f350461
      36165.000 ns	      3615	80000cc0	4014d013	srai	x0,x9,0x1	  x9:0xfffff828
      36175.000 ns	      3616	80000cc4	37256493	ori	x9,x10,882	 x10:0x7f7ffffe  x9=0x7f7ffffe
      36185.000 ns	      3617	80000cc8	01d9d313	srli	x6,x19,0x1d	 x19:0x0130e000  x6=0x00000000
      36205.000 ns	      3619	80000ccc	030fe933	rem	x18,x31,x16	 x31:0x00000000 x16:0x00000000 x18=0x00000000
      36545.000 ns	      3653	80000cd0	18cd2153	fdiv.s	f2,f26,f12	 f26:0x7f7fffff f12:0x7f7fffff  f2=0x7f800000
      36565.000 ns	      3655	80000cd4	e2503f93	sltiu	x31,x0,-475	  x0:0x00000000 x31=0x00000001
      36595.000 ns	      3658	80000cd8	580cf9d3	fsqrt.s	f19,f25	 f25:0x00000000 f19=0x00000000
      36615.000 ns	      3660	80000cdc	4dac5b17	auipc	x22,0x4dac5	 x22=0xcdac5cdc
      36635.000 ns	      3662	80000ce0	a0f01cd3	flt.s	x25,f0,f15	  f0:0x5f350461 f15:0x5f350461 x25=0x00000000
      36655.000 ns	      3664	80000ce4	00000013	addi	x0,x0,0	  x0:0x00000000
      36665.000 ns	      3665	80000ce8	1b147893	andi	x17,x8,433	  x8:0x00000000 x17=0x00000000
      37025.000 ns	      3701	80000cec	023cfab3	remu	x21,x25,x3	 x25:0x00000000  x3:0xffffffff x21=0x00000000
      37045.000 ns	      3703	80000cf0	01051a93	slli	x21,x10,0x10	 x10:0x7f7ffffe x21=0xfffe0000
      37065.000 ns	      3705	80000cf4	03362e33	mulhsu	x28,x12,x19	 x12:0x00000000 x19:0x0130e000 x28=0x00000000
      37085.000 ns	      3707	80000cf8	ba268693	addi	x13,x13,-1118	 x13:0x00000000 x13=0xfffffba2
      37095.000 ns	      3708	80000cfc	c71a2393	slti	x7,x20,-911	 x20:0x00000000  x7=0x00000000
      37115.000 ns	      3710	80000d00	a0d08753	fle.s	x14,f1,f13	  f1:0x5f350461 f13:0xff800000 x14=0x00000000
      37155.000 ns	      3714	80000d04	1813fe53	fdiv.s	f28,f7,f1	  f7:0x7fc00000  f1:0x5f350461 f28=0x7fc00000
      37175.000 ns	      3716	80000d08	412e5a13	srai	x20,x28,0x12	 x28:0x00000000 x20=0x00000000
      37195.000 ns	      3718	80000d0c	02062f33	mulhsu	x30,x12,x0	 x12:0x00000000  x0:0x00000000 x30=0x00000000
      37245.000 ns	      3723	80000d10	08eef5d3	fsub.s	f11,f29,f14	 f29:0x7f800000 f14:0x00000000 f11=0x7f800000
      37275.000 ns	      3726	80000d14	2113ae53	fsgnjx.s	f28,f7,f17	  f7:0x7fc00000 f17:0x7fc00000 f28=0x7fc00000
      37295.000 ns	      3728	80000d18	2f2c7a93	andi	x21,x24,754	 x24:0x00000000 x21=0x00000000
      37315.000 ns	      3730	80000d1c	20709753	fsgnjn.s	f14,f1,f7	  f1:0x5f350461  f7:0x7fc00000 f14=0xdf350461
      37345.000 ns	      3733	80000d20	02f31eb3	mulh	x29,x6,x15	  x6:0x00000000 x15:0x77c8048e x29=0x00000000
      37375.000 ns	      3736	80000d24	031cacb3	mulhsu	x25,x25,x17	 x25:0x00000000 x17:0x00000000 x25=0x00000000
      37395.000 ns	      3738	80000d28	3721cc97	auipc	x25,0x3721c	 x25=0xb721cd28
      37405.000 ns	      3739	80000d2c	00531c93	slli	x25,x6,0x5	  x6:0x00000000 x25=0x00000000
      37415.000 ns	      3740	80000d30	00000013	addi	x0,x0,0	  x0:0x00000000
      37425.000 ns	      3741	80000d34	d23aab93	slti	x23,x21,-733	 x21:0x00000000 x23=0x00000000
      37435.000 ns	      3742	80000d38	007146b3	xor	x13,x2,x7	  x2:0x7fc00000  x7:0x00000000 x13=0x7fc00000
      37455.000 ns	      3744	80000d3c	0201f5b3	remu	x11,x3,x0	  x3:0xffffffff  x0:0x00000000 x11=0xffffffff
      37485.000 ns	      3747	80000d40	e0051553	fclass.s	x10,f10	 f10:0x7f7fffff x10=0x00000040
      37505.000 ns	      3749	80000d44	5192b997	auipc	x19,0x5192b	 x19=0xd192bd44
      37525.000 ns	      3751	80000d48	02ce05b3	mul	x11,x28,x12	 x28:0x00000000 x12:0x00000000 x11=0x00000000
      37545.000 ns	      3753	80000d4c	001eacb3	slt	x25,x29,x1	 x29:0x00000000  x1:0xfffff8ec x25=0x00000000
      37575.000 ns	      3756	80000d50	191a8753	fdiv.s	f14,f21,f17	 f21:0xdf350461 f17:0x7fc00000 f14=0x7fc00000
      37945.000 ns	      3793	80000d54	029ff933	remu	x18,x31,x9	 x31:0x00000001  x9:0x7f7ffffe x18=0x00000001
      37975.000 ns	      3796	80000d58	031599b3	mulh	x19,x11,x17	 x11:0x00000000 x17:0x00000000 x19=0x00000000
      38005.000 ns	      3799	80000d5c	21811653	fsgnjn.s	f12,f2,f24	  f2:0x7f800000 f24:0x7f7fffff f12=0xff800000
      38025.000 ns	      3801	80000d60	d11b4113	xori	x2,x22,-751	 x22:0xcdac5cdc  x2=0x3253a1cd
      38035.000 ns	      3802	80000d64	011b0833	add	x16,x22,x17	 x22:0xcdac5cdc x17:0x00000000 x16=0xcdac5cdc
      38045.000 ns	      3803	80000d68	00000013	addi	x0,x0,0	  x0:0x00000000
      38065.000 ns	      3805	80000d6c	a146aad3	feq.s	x21,f13,f20	 f13:0xff800000 f20:0x00000000 x21=0x00000000
      38095.000 ns	      3808	80000d70	03f5b5b3	mulhu	x11,x11,x31	 x11:0x00000000 x31:0x00000001 x11=0x00000000
      38125.000 ns	      3811	80000d74	034a5033	divu	x0,x20,x20	 x20:0x00000000 x20:0x00000000
      38165.000 ns	      3815	80000d78	11ba91d3	fmul.s	f3,f21,f27	 f21:0xdf350461 f27:0xff800000  f3=0x7f800000
      38195.000 ns	      3818	80000d7c	026d9033	mulh	x0,x27,x6	 x27:0x80041024  x6:0x00000000
      38215.000 ns	      3820	80000d80	00101393	slli	x7,x0,0x1	  x0:0x00000000  x7=0x00000000
      38235.000 ns	      3822	80000d84	a1252ad3	feq.s	x21,f10,f18	 f10:0x7f7fffff f18:0x00000000 x21=0x00000000
      38255.000 ns	      3824	80000d88	00fdb233	sltu	x4,x27,x15	 x27:0x80041024 x15:0x77c8048e  x4=0x00000000
      38275.000 ns	      3826	80000d8c	a04299d3	flt.s	x19,f5,f4	  f5:0x7f7fffff  f4:0x00000000 x19=0x00000000
      38295.000 ns	      3828	80000d90	83fb19b7	lui	x19,0x83fb1	 x19=0x83fb1000
      38315.000 ns	      3830	80000d94	02381333	mulh	x6,x16,x3	 x16:0xcdac5cdc  x3:0xffffffff  x6=0x00000000
      38335.000 ns	      3832	80000d98	0129beb3	sltu	x29,x19,x18	 x19:0x00000000 x18:0x00000001 x29=0x00000000
      38355.000 ns	      3834	80000d9c	0355a9b3	mulhsu	x19,x11,x21	 x11:0x00000000 x21:0x00000000 x19=0x00000000
      38375.000 ns	      3836	80000da0	a7274c13	xori	x24,x14,-1422	 x14:0x00000000 x24=0xfffffa72
      38385.000 ns	      3837	80000da4	014c3b33	sltu	x22,x24,x20	 x24:0x00000000 x20:0x00000000 x22=0x00000000
      38395.000 ns	      3838	80000da8	a29b6b37	lui	x22,0xa29b6	 x22=0xa29b6000
      38415.000 ns	      3840	80000dac	03701633	mulh	x12,x0,x23	  x0:0x00000000 x23:0x00000000 x12=0x00000000
      38445.000 ns	      3843	80000db0	29799453	fmax.s	f8,f19,f23	 f19:0x00000000 f23:0xff800000  f8=0x00000000
      38465.000 ns	      3845	80000db4	00000013	addi	x0,x0,0	  x0:0x00000000
      38475.000 ns	      3846	80000db8	42a5f813	andi	x16,x11,1066	 x11:0x00000000 x16=0x00000000
      38485.000 ns	      3847	80000dbc	72d28e93	addi	x29,x5,1837	  x5:0x00000200 x29=0x0000092d
      38505.000 ns	      3849	80000dc0	d01c7c53	fcvt.s.wu	f24,x24	 x24:0xfffffa72 f24=0x4f7ffffa
      38525.000 ns	      3851	80000dc4	5500d537	lui	x10,0x5500d	 x10=0x5500d000
      38545.000 ns	      3853	80000dc8	a137a1d3	feq.s	x3,f15,f19	 f15:0x5f350461 f19:0x00000000  x3=0x00000000
      38565.000 ns	      3855	80000dcc	00685713	srli	x14,x16,0x6	 x16:0x00000000 x14=0x00000000
      38575.000 ns	      3856	80000dd0	015f8833	add	x16,x31,x21	 x31:0x00000001 x21:0x00000000 x16=0x00000001
      38595.000 ns	      3858	80000dd4	218e1bd3	fsgnjn.s	f23,f28,f24	 f28:0x7fc00000 f24:0x4f7ffffa f23=0xffc00000
      38625.000 ns	      3861	80000dd8	206f24d3	fsgnjx.s	f9,f30,f6	 f30:0xffffffff  f6:0x80000000  f9=0x7fffffff
      38645.000 ns	      3863	80000ddc	00000013	addi	x0,x0,0	  x0:0x00000000
      38665.000 ns	      3865	80000de0	d00da6d3	fcvt.s.w	f13,x27	 x27:0x80041024 f13=0xcefff7e0
      38695.000 ns	      3868	80000de4	024d5a33	divu	x20,x26,x4	 x26:0x80040fe4  x4:0x00000000 x20=0xffffffff
      38725.000 ns	      3871	80000de8	2177a853	fsgnjx.s	f16,f15,f23	 f15:0x5f350461 f23:0xffc00000 f16=0xdf350461
      38755.000 ns	      3874	80000dec	e0009753	fclass.s	x14,f1	  f1:0x5f350461 x14=0x00000040
      38785.000 ns	      3877	80000df0	02a906b3	mul	x13,x18,x10	 x18:0x00000001 x10:0x5500d000 x13=0x5500d000
      38815.000 ns	      3880	80000df4	a17705d3	fle.s	x11,f14,f23	 f14:0x7fc00000 f23:0xffc00000 x11=0x00000000
      38835.000 ns	      3882	80000df8	ea6922b7	lui	x5,0xea692	  x5=0xea692000
      38845.000 ns	      3883	80000dfc	01fcfab3	and	x21,x25,x31	 x25:0x00000000 x31:0x00000001 x21=0x00000000
      38865.000 ns	      3885	80000e00	d0012f53	fcvt.s.w	f30,x2	  x2:0x3253a1cd f30=0x4e494e88
      38895.000 ns	      3888	80000e04	d00508d3	fcvt.s.w	f17,x10	 x10:0x5500d000 f17=0x4eaa01a0
      38925.000 ns	      3891	80000e08	28938c53	fmin.s	f24,f7,f9	  f7:0x7fc00000  f9:0x7fffffff f24=0x7fc00000
      38965.000 ns	      3895	80000e0c	580dc553	fsqrt.s	f10,f27	 f27:0xff800000 f10=0x7fc00000
      38985.000 ns	      3897	80000e10	7376ae97	auipc	x29,0x7376a	 x29=0xf376ae10
      38995.000 ns	      3898	80000e14	a4a7ec13	ori	x24,x15,-1462	 x15:0x77c8048e x24=0xfffffece
      39015.000 ns	      3900	80000e18	c007f6d3	fcvt.w.s	x13,f15	 f15:0x5f350461 x13=0x7fffffff
      39035.000 ns	      3902	80000e1c	58b8e0b7	lui	x1,0x58b8e	  x1=0x58b8e000
      39045.000 ns	      3903	80000e20	0122a833	slt	x16,x5,x18	  x5:0xea692000 x18:0x00000001 x16=0x00000001
      39055.000 ns	      3904	80000e24	518735b7	lui	x11,0x51873	 x11=0x51873000
      39075.000 ns	      3906	80000e28	d01c7953	fcvt.s.wu	f18,x24	 x24:0xfffffece f18=0x4f7ffffe
      39095.000 ns	      3908	80000e2c	e1272b17	auipc	x22,0xe1272	 x22=0x61272e2c
      39115.000 ns	      3910	80000e30	29a18bd3	fmin.s	f23,f3,f26	  f3:0x7f800000 f26:0x7f7fffff f23=0x7f7fffff
      39145.000 ns	      3913	80000e34	0354c0b3	div	x1,x9,x21	  x9:0x7f7ffffe x21:0x00000000  x1=0xffffffff
      39165.000 ns	      3915	80000e38	01563733	sltu	x14,x12,x21	 x12:0x00000000 x21:0x00000000 x14=0x00000000
      39185.000 ns	      3917	80000e3c	2055acd3	fsgnjx.s	f25,f11,f5	 f11:0x7f800000  f5:0x7f7fffff f25=0x7f800000
      39215.000 ns	      3920	80000e40	c01881d3	fcvt.wu.s	x3,f17	 f17:0x4eaa01a0  x3=0x5500d000
      39235.000 ns	      3922	80000e44	016fefb3	or	x31,x31,x22	 x31:0x00000001 x22:0x61272e2c x31=0x61272e2d
      39255.000 ns	      3924	80000e48	a08624d3	feq.s	x9,f12,f8	 f12:0xff800000  f8:0x00000000  x9=0x00000000
      39285.000 ns	      3927	80000e4c	03b2a8b3	mulhsu	x17,x5,x27	  x5:0xea692000 x27:0x80041024 x17=0xf5343848
      39315.000 ns	      3930	80000e50	a0671c53	flt.s	x24,f14,f6	 f14:0x7fc00000  f6:0x80000000 x24=0x00000000
      39335.000 ns	      3932	80000e54	00e5db93	srli	x23,x11,0xe	 x11:0x51873000 x23=0x0001461c
      39355.000 ns	      3934	80000e58	032cbb33	mulhu	x22,x25,x18	 x25:0x00000000 x18:0x00000001 x22=0x00000000
      39405.000 ns	      3939	80000e5c	099984d3	fsub.s	f9,f19,f25	 f19:0x00000000 f25:0x7f800000  f9=0xff800000
      39425.000 ns	      3941	80000e60	01dfd093	srli	x1,x31,0x1d	 x31:0x61272e2d  x1=0x00000003
      39435.000 ns	      3942	80000e64	fe99bf13	sltiu	x30,x19,-23	 x19:0x00000000 x30=0x00000001
      39455.000 ns	      3944	80000e68	21e69dd3	fsgnjn.s	f27,f13,f30	 f13:0xcefff7e0 f30:0x4e494e88 f27=0xcefff7e0
      39475.000 ns	      3946	80000e6c	9162f313	andi	x6,x5,-1770	  x5:0xea692000  x6=0xea692000
      39485.000 ns	      3947	80000e70	4105d613	srai	x12,x11,0x10	 x11:0x51873000 x12=0x00005187
      39495.000 ns	      3948	80000e74	017d9833	sll	x16,x27,x23	 x27:0x80041024 x23:0x0001461c x16=0x40000000
      39505.000 ns	      3949	80000e78	bfcd8613	addi	x12,x27,-1028	 x27:0x80041024 x12=0x80040c20
      39515.000 ns	      3950	80000e7c	400382b3	sub	x5,x7,x0	  x7:0x00000000  x0:0x00000000  x5=0x00000000
      39535.000 ns	      3952	80000e80	282f02d3	fmin.s	f5,f30,f2	 f30:0x4e494e88  f2:0x7f800000  f5=0x4e494e88
      39565.000 ns	      3955	80000e84	e0039653	fclass.s	x12,f7	  f7:0x7fc00000 x12=0x00000200
      39585.000 ns	      3957	80000e88	413f06b3	sub	x13,x30,x19	 x30:0x00000001 x19:0x00000000 x13=0x00000001
      39605.000 ns	      3959	80000e8c	02db03b3	mul	x7,x22,x13	 x22:0x00000000 x13:0x7fffffff  x7=0x00000000
      39625.000 ns	      3961	80000e90	8146b513	sltiu	x10,x13,-2028	 x13:0x7fffffff x10=0x00000001
      39645.000 ns	      3963	80000e94	035bc9b3	div	x19,x23,x21	 x23:0x0001461c x21:0x00000000 x19=0xffffffff
      39675.000 ns	      3966	80000e98	022bb4b3	mulhu	x9,x23,x2	 x23:0x0001461c  x2:0x3253a1cd  x9=0x0000401c
      39705.000 ns	      3969	80000e9c	c00cf1d3	fcvt.w.s	x3,f25	 f25:0x7f800000  x3=0x7fffffff
      39725.000 ns	      3971	80000ea0	40c585b3	sub	x11,x11,x12	 x11:0x51873000 x12:0x00000200 x11=0x51872e00
      39745.000 ns	      3973	80000ea4	a1bf2f53	feq.s	x30,f30,f27	 f30:0x4e494e88 f27:0xcefff7e0 x30=0x00000000
      39765.000 ns	      3975	80000ea8	00000013	addi	x0,x0,0	  x0:0x00000000
      39785.000 ns	      3977	80000eac	03a9b1b3	mulhu	x3,x19,x26	 x19:0xffffffff x26:0x80040fe4  x3=0x80040fe3
      39825.000 ns	      3981	80000eb0	181c7653	fdiv.s	f12,f24,f1	 f24:0x7fc00000  f1:0x5f350461 f12=0x7fc00000
      39855.000 ns	      3984	80000eb4	d003cc53	fcvt.s.w	f24,x7	  x7:0x00000000 f24=0x00000000
      39885.000 ns	      3987	80000eb8	21e291d3	fsgnjn.s	f3,f5,f30	  f5:0x4e494e88 f30:0x4e494e88  f3=0xce494e88
      39905.000 ns	      3989	80000ebc	4109deb3	sra	x29,x19,x16	 x19:0xffffffff x16:0x40000000 x29=0xffffffff
      39915.000 ns	      3990	80000ec0	00d69313	slli	x6,x13,0xd	 x13:0x00000001  x6=0x00002000
      39925.000 ns	      3991	80000ec4	0197ac33	slt	x24,x15,x25	 x15:0x77c8048e x25:0x00000000 x24=0x00000000
      39945.000 ns	      3993	80000ec8	e00a92d3	fclass.s	x5,f21	 f21:0xdf350461  x5=0x00000002
      39995.000 ns	      3998	80000ecc	01551ed3	fadd.s	f29,f10,f21	 f10:0x7fc00000 f21:0xdf350461 f29=0x7fc00000
      40015.000 ns	      4000	80000ed0	be76a513	slti	x10,x13,-1049	 x13:0x00000001 x10=0x00000000
      40035.000 ns	      4002	80000ed4	c003b3d3	fcvt.w.s	x7,f7	  f7:0x7fc00000  x7=0x7fffffff
      40065.000 ns	      4005	80000ed8	02183bb3	mulhu	x23,x16,x1	 x16:0x40000000  x1:0x00000003 x23=0x00000000
      40085.000 ns	      4007	80000edc	a0df7497	auipc	x9,0xa0df7	  x9=0x20df7edc
      40105.000 ns	      4009	80000ee0	025dbbb3	mulhu	x23,x27,x5	 x27:0x80041024  x5:0x00000002 x23=0x00000001
      40475.000 ns	      4046	80000ee4	031dd4b3	divu	x9,x27,x17	 x27:0x80041024 x17:0xf5343848  x9=0x00000000
      40505.000 ns	      4049	80000ee8	29b19fd3	fmax.s	f31,f3,f27	  f3:0xce494e88 f27:0xcefff7e0 f31=0xce494e88
      40525.000 ns	      4051	80000eec	013a43b3	xor	x7,x20,x19	 x20:0xffffffff x19:0xffffffff  x7=0x00000000
      40535.000 ns	      4052	80000ef0	01b73533	sltu	x10,x14,x27	 x14:0x00000000 x27:0x80041024 x10=0x00000001
      40555.000 ns	      4054	80000ef4	21ed0f53	fsgnj.s	f30,f26,f30	 f26:0x7f7fffff f30:0x4e494e88 f30=0x7f7fffff
      40585.000 ns	      4057	80000ef8	e0048fd3	fmv.x.w	x31,f9	  f9:0xff800000 x31=0xff800000
      40615.000 ns	      4060	80000efc	f00085d3	fmv.w.x	f11,x1	  x1:0x00000003 f11=0x00000003
      40645.000 ns	      4063	80000f00	21179bd3	fsgnjn.s	f23,f15,f17	 f15:0x5f350461 f17:0x4eaa01a0 f23=0xdf350461
      40665.000 ns	      4065	80000f04	01be7233	and	x4,x28,x27	 x28:0x00000000 x27:0x80041024  x4=0x00000000
      40685.000 ns	      4067	80000f08	036a7833	remu	x16,x20,x22	 x20:0xffffffff x22:0x00000000 x16=0xffffffff
      40705.000 ns	      4069	80000f0c	233b8993	addi	x19,x23,563	 x23:0x00000001 x19=0x00000234
      41065.000 ns	      4105	80000f10	022c4733	div	x14,x24,x2	 x24:0x00000000  x2:0x3253a1cd x14=0x00000000
      41405.000 ns	      4139	80000f14	19bd01d3	fdiv.s	f3,f26,f27	 f26:0x7f7fffff f27:0xcefff7e0  f3=0xf0000000
      41425.000 ns	      4141	80000f18	9cbff593	andi	x11,x31,-1589	 x31:0xff800000 x11=0xff800000
      41445.000 ns	      4143	80000f1c	023fa6b3	mulhsu	x13,x31,x3	 x31:0xff800000  x3:0x80040fe3 x13=0xffbffdf8
      41475.000 ns	      4146	80000f20	02edb133	mulhu	x2,x27,x14	 x27:0x80041024 x14:0x00000000  x2=0x00000000
      41505.000 ns	      4149	80000f24	a0059b53	flt.s	x22,f11,f0	 f11:0x00000003  f0:0x5f350461 x22=0x00000001
      41535.000 ns	      4152	80000f28	287e8bd3	fmin.s	f23,f29,f7	 f29:0x7fc00000  f7:0x7fc00000 f23=0x7fc00000
      41905.000 ns	      4189	80000f2c	03fb4e33	div	x28,x22,x31	 x22:0x00000001 x31:0xff800000 x28=0x00000000
      41925.000 ns	      4191	80000f30	61967993	andi	x19,x12,1561	 x12:0x00000200 x19=0x00000200
      41935.000 ns	      4192	80000f34	97eb2fb7	lui	x31,0x97eb2	 x31=0x97eb2000
      41945.000 ns	      4193	80000f38	01961413	slli	x8,x12,0x19	 x12:0x00000200  x8=0x00000000
      41955.000 ns	      4194	80000f3c	007398b3	sll	x17,x7,x7	  x7:0x00000000  x7:0x00000000 x17=0x00000000
      41965.000 ns	      4195	80000f40	4179d2b3	sra	x5,x19,x23	 x19:0x00000200 x23:0x00000001  x5=0x00000100
      41985.000 ns	      4197	80000f44	e00e8553	fmv.x.w	x10,f29	 f29:0x7fc00000 x10=0x7fc00000
      42005.000 ns	      4199	80000f48	017759b3	srl	x19,x14,x23	 x14:0x00000000 x23:0x00000001 x19=0x00000000
      42025.000 ns	      4201	80000f4c	03ee10b3	mulh	x1,x28,x30	 x28:0x00000000 x30:0x00000000  x1=0x00000000
      42045.000 ns	      4203	80000f50	f0587a13	andi	x20,x16,-251	 x16:0xffffffff x20=0xffffff05
      42055.000 ns	      4204	80000f54	411e8233	sub	x4,x29,x17	 x29:0xffffffff x17:0x00000000  x4=0xffffffff
      42075.000 ns	      4206	80000f58	031811b3	mulh	x3,x16,x17	 x16:0xffffffff x17:0x00000000  x3=0x00000000
      42105.000 ns	      4209	80000f5c	e00a9553	fclass.s	x10,f21	 f21:0xdf350461 x10=0x00000002
      42135.000 ns	      4212	80000f60	21629b53	fsgnjn.s	f22,f5,f22	  f5:0x4e494e88 f22:0xffc00000 f22=0x4e494e88
      42165.000 ns	      4215	80000f64	a035a3d3	feq.s	x7,f11,f3	 f11:0x00000003  f3:0xf0000000  x7=0x00000000
      42185.000 ns	      4217	80000f68	016de2b3	or	x5,x27,x22	 x27:0x80041024 x22:0x00000001  x5=0x80041025
      42195.000 ns	      4218	80000f6c	d4074193	xori	x3,x14,-704	 x14:0x00000000  x3=0xfffffd40
      42225.000 ns	      4221	80000f70	10f77c53	fmul.s	f24,f14,f15	 f14:0x7fc00000 f15:0x5f350461 f24=0x7fc00000
      42245.000 ns	      4223	80000f74	01a76833	or	x16,x14,x26	 x14:0x00000000 x26:0x80040fe4 x16=0x80040fe4
      42265.000 ns	      4225	80000f78	20d11253	fsgnjn.s	f4,f2,f13	  f2:0x7f800000 f13:0xcefff7e0  f4=0x7f800000
      42285.000 ns	      4227	80000f7c	00e94fb3	xor	x31,x18,x14	 x18:0x00000001 x14:0x00000000 x31=0x00000001
      42305.000 ns	      4229	80000f80	2090ae53	fsgnjx.s	f28,f1,f9	  f1:0x5f350461  f9:0xff800000 f28=0xdf350461
      42325.000 ns	      4231	80000f84	005322b3	slt	x5,x6,x5	  x6:0x00002000  x5:0x80041025  x5=0x00000000
      42345.000 ns	      4233	80000f88	21ad05d3	fsgnj.s	f11,f26,f26	 f26:0x7f7fffff f26:0x7f7fffff f11=0x7f7fffff
      42375.000 ns	      4236	80000f8c	28741953	fmax.s	f18,f8,f7	  f8:0x00000000  f7:0x7fc00000 f18=0x00000000
      42395.000 ns	      4238	80000f90	8bb27e93	andi	x29,x4,-1861	  x4:0xffffffff x29=0xfffff8bb
      42415.000 ns	      4240	80000f94	215781d3	fsgnj.s	f3,f15,f21	 f15:0x5f350461 f21:0xdf350461  f3=0xdf350461
      42435.000 ns	      4242	80000f98	4f890a13	addi	x20,x18,1272	 x18:0x00000001 x20=0x000004f9
      42445.000 ns	      4243	80000f9c	40195c13	srai	x24,x18,0x1	 x18:0x00000001 x24=0x00000000
      42485.000 ns	      4247	80000fa0	08830053	fsub.s	f0,f6,f8	  f6:0x80000000  f8:0x00000000  f0=0x80000000
      42505.000 ns	      4249	80000fa4	007c73b3	and	x7,x24,x7	 x24:0x00000000  x7:0x00000000  x7=0x00000000
      42515.000 ns	      4250	80000fa8	01ad1593	slli	x11,x26,0x1a	 x26:0x80040fe4 x11=0x90000000
      42535.000 ns	      4252	80000fac	a0d7a953	feq.s	x18,f15,f13	 f15:0x5f350461 f13:0xcefff7e0 x18=0x00000000
      42565.000 ns	      4255	80000fb0	027fd333	divu	x6,x31,x7	 x31:0x00000001  x7:0x00000000  x6=0xffffffff
      42585.000 ns	      4257	80000fb4	00000013	addi	x0,x0,0	  x0:0x00000000
      42595.000 ns	      4258	80000fb8	016f7ab3	and	x21,x30,x22	 x30:0x00000000 x22:0x00000001 x21=0x00000000
      42615.000 ns	      4260	80000fbc	c001b6d3	fcvt.w.s	x13,f3	  f3:0xdf350461 x13=0x80000000
      42635.000 ns	      4262	80000fc0	00a52cb3	slt	x25,x10,x10	 x10:0x00000002 x10:0x00000002 x25=0x00000000
      42655.000 ns	      4264	80000fc4	a1f181d3	fle.s	x3,f3,f31	  f3:0xdf350461 f31:0xce494e88  x3=0x00000001
      42675.000 ns	      4266	80000fc8	8c20ce13	xori	x28,x1,-1854	  x1:0x00000000 x28=0xfffff8c2
      43035.000 ns	      4302	80000fcc	03dc5833	divu	x16,x24,x29	 x24:0x00000000 x29:0xfffff8bb x16=0x00000000
      43065.000 ns	      4305	80000fd0	c0052cd3	fcvt.w.s	x25,f10	 f10:0x7fc00000 x25=0x7fffffff
      43095.000 ns	      4308	80000fd4	035ec633	div	x12,x29,x21	 x29:0xfffff8bb x21:0x00000000 x12=0xffffffff
      43125.000 ns	      4311	80000fd8	21c72953	fsgnjx.s	f18,f14,f28	 f14:0x7fc00000 f28:0xdf350461 f18=0xffc00000
      43145.000 ns	      4313	80000fdc	40fddfb3	sra	x31,x27,x15	 x27:0x80041024 x15:0x77c8048e x31=0xfffe0010
      43165.000 ns	      4315	80000fe0	288a0dd3	fmin.s	f27,f20,f8	 f20:0x00000000  f8:0x00000000 f27=0x00000000
      43195.000 ns	      4318	80000fe4	03017ab3	remu	x21,x2,x16	  x2:0x00000000 x16:0x00000000 x21=0x00000000
      43235.000 ns	      4322	80000fe8	10343d53	fmul.s	f26,f8,f3	  f8:0x00000000  f3:0xdf350461 f26=0x80000000
      43265.000 ns	      4325	80000fec	02bf8cb3	mul	x25,x31,x11	 x31:0xfffe0010 x11:0x90000000 x25=0x00000000
      43295.000 ns	      4328	80000ff0	c0157fd3	fcvt.wu.s	x31,f10	 f10:0x7fc00000 x31=0xffffffff
      43635.000 ns	      4362	80000ff4	19ffb6d3	fdiv.s	f13,f31,f31	 f31:0xce494e88 f31:0xce494e88 f13=0x3f494e88
      43675.000 ns	      4366	80000ff8	10c5f7d3	fmul.s	f15,f11,f12	 f11:0x7f7fffff f12:0x7fc00000 f15=0x7fc00000
      43695.000 ns	      4368	80000ffc	3838a137	lui	x2,0x3838a	  x2=0x3838a000
      43705.000 ns	      4369	80001000	013f3e33	sltu	x28,x30,x19	 x30:0x00000000 x19:0x00000000 x28=0x00000000
      43715.000 ns	      4370	80001004	00562eb3	slt	x29,x12,x5	 x12:0xffffffff  x5:0x00000000 x29=0x00000001
      43725.000 ns	      4371	80001008	00dbceb3	xor	x29,x23,x13	 x23:0x00000001 x13:0x80000000 x29=0x80000001
      43735.000 ns	      4372	8000100c	00801613	slli	x12,x0,0x8	  x0:0x00000000 x12=0x00000000
      43745.000 ns	      4373	80001010	d6e38993	addi	x19,x7,-658	  x7:0x00000000 x19=0xfffffd6e
      43765.000 ns	      4375	80001014	f0030e53	fmv.w.x	f28,x6	  x6:0xffffffff f28=0xffffffff
      43785.000 ns	      4377	80001018	00e47833	and	x16,x8,x14	  x8:0x00000000 x14:0x00000000 x16=0x00000000
      43825.000 ns	      4381	8000101c	090d9f53	fsub.s	f30,f27,f16	 f27:0x00000000 f16:0xdf350461 f30=0x5f350461
      43875.000 ns	      4386	80001020	0014cf53	fadd.s	f30,f9,f1	  f9:0xff800000  f1:0x5f350461 f30=0xff800000
      43895.000 ns	      4388	80001024	2f4daeb7	lui	x29,0x2f4da	 x29=0x2f4da000
      43905.000 ns	      4389	80001028	01607233	and	x4,x0,x22	  x0:0x00000000 x22:0x00000001  x4=0x00000000
      43925.000 ns	      4391	8000102c	03e2dcb3	divu	x25,x5,x30	  x5:0x00000000 x30:0x00000000 x25=0xffffffff
      43955.000 ns	      4394	80001030	28191c53	fmax.s	f24,f18,f1	 f18:0xffc00000  f1:0x5f350461 f24=0x5f350461
      43985.000 ns	      4397	80001034	e0060cd3	fmv.x.w	x25,f12	 f12:0x7fc00000 x25=0x7fc00000
      44005.000 ns	      4399	80001038	40015733	sra	x14,x2,x0	  x2:0x3838a000  x0:0x00000000 x14=0x3838a000
      44365.000 ns	      4435	8000103c	034ed8b3	divu	x17,x29,x20	 x29:0x2f4da000 x20:0x000004f9 x17=0x0009833e
      44395.000 ns	      4438	80001040	20e19953	fsgnjn.s	f18,f3,f14	  f3:0xdf350461 f14:0x7fc00000 f18=0xdf350461
      44415.000 ns	      4440	80001044	016543b3	xor	x7,x10,x22	 x10:0x00000002 x22:0x00000001  x7=0x00000003
      44425.000 ns	      4441	80001048	0150d813	srli	x16,x1,0x15	  x1:0x00000000 x16=0x00000000
      44435.000 ns	      4442	8000104c	00d8a433	slt	x8,x17,x13	 x17:0x0009833e x13:0x80000000  x8=0x00000000
      44445.000 ns	      4443	80001050	fcb9ae97	auipc	x29,0xfcb9a	 x29=0x7cb9b050
      44805.000 ns	      4479	80001054	03696333	rem	x6,x18,x22	 x18:0x00000000 x22:0x00000001  x6=0x00000000
      44835.000 ns	      4482	80001058	210d25d3	fsgnjx.s	f11,f26,f16	 f26:0x80000000 f16:0xdf350461 f11=0x00000000
      45205.000 ns	      4519	8000105c	02f774b3	remu	x9,x14,x15	 x14:0x3838a000 x15:0x77c8048e  x9=0x3838a000
      45225.000 ns	      4521	80001060	012d3bb3	sltu	x23,x26,x18	 x26:0x80040fe4 x18:0x00000000 x23=0x00000000
      45235.000 ns	      4522	80001064	000ebfb3	sltu	x31,x29,x0	 x29:0x7cb9b050  x0:0x00000000 x31=0x00000000
      45265.000 ns	      4525	80001068	112771d3	fmul.s	f3,f14,f18	 f14:0x7fc00000 f18:0xdf350461  f3=0x7fc00000
      45295.000 ns	      4528	8000106c	c018a1d3	fcvt.wu.s	x3,f17	 f17:0x4eaa01a0  x3=0x5500d000
      45325.000 ns	      4531	80001070	d000c053	fcvt.s.w	f0,x1	  x1:0x00000000  f0=0x00000000
      45345.000 ns	      4533	80001074	002a0033	add	x0,x20,x2	 x20:0x000004f9  x2:0x3838a000
      45365.000 ns	      4535	80001078	29ae1bd3	fmax.s	f23,f28,f26	 f28:0xffffffff f26:0x80000000 f23=0x80000000
      45385.000 ns	      4537	8000107c	1954f117	auipc	x2,0x1954f	  x2=0x9955007c
      45395.000 ns	      4538	80001080	6870b2b7	lui	x5,0x6870b	  x5=0x6870b000
      45405.000 ns	      4539	80001084	41360e33	sub	x28,x12,x19	 x12:0x00000000 x19:0xfffffd6e x28=0x00000292
      45425.000 ns	      4541	80001088	a09e9053	flt.s	x0,f29,f9	 f29:0x7fc00000  f9:0xff800000
      45445.000 ns	      4543	8000108c	00c3d893	srli	x17,x7,0xc	  x7:0x00000003 x17=0x00000000
      45465.000 ns	      4545	80001090	a14906d3	fle.s	x13,f18,f20	 f18:0xdf350461 f20:0x00000000 x13=0x00000001
      45485.000 ns	      4547	80001094	41235933	sra	x18,x6,x18	  x6:0x00000000 x18:0x00000000 x18=0x00000000
      45505.000 ns	      4549	80001098	28961653	fmax.s	f12,f12,f9	 f12:0x7fc00000  f9:0xff800000 f12=0xff800000
      45535.000 ns	      4552	8000109c	289f9153	fmax.s	f2,f31,f9	 f31:0xce494e88  f9:0xff800000  f2=0xce494e88
      45555.000 ns	      4554	800010a0	003e0e33	add	x28,x28,x3	 x28:0x00000292  x3:0x5500d000 x28=0x5500d292
      45575.000 ns	      4556	800010a4	2068ac53	fsgnjx.s	f24,f17,f6	 f17:0x4eaa01a0  f6:0x80000000 f24=0xceaa01a0
      45605.000 ns	      4559	800010a8	21e1aed3	fsgnjx.s	f29,f3,f30	  f3:0x7fc00000 f30:0xff800000 f29=0xffc00000
      45645.000 ns	      4563	800010ac	18367153	fdiv.s	f2,f12,f3	 f12:0xff800000  f3:0x7fc00000  f2=0x7fc00000
      46015.000 ns	      4600	800010b0	03a45cb3	divu	x25,x8,x26	  x8:0x00000000 x26:0x80040fe4 x25=0x00000000
      46055.000 ns	      4604	800010b4	580af553	fsqrt.s	f10,f21	 f21:0xdf350461 f10=0x7fc00000
      46085.000 ns	      4607	800010b8	a18b26d3	feq.s	x13,f22,f24	 f22:0x4e494e88 f24:0xceaa01a0 x13=0x00000000
      46105.000 ns	      4609	800010bc	00195f13	srli	x30,x18,0x1	 x18:0x00000000 x30=0x00000000
      46115.000 ns	      4610	800010c0	6fad4193	xori	x3,x26,1786	 x26:0x80040fe4  x3=0x8004091e
      46135.000 ns	      4612	800010c4	e0031653	fclass.s	x12,f6	  f6:0x80000000 x12=0x00000008
      46165.000 ns	      4615	800010c8	a0c51bd3	flt.s	x23,f10,f12	 f10:0x7fc00000 f12:0xff800000 x23=0x00000000
      46195.000 ns	      4618	800010cc	28c91753	fmax.s	f14,f18,f12	 f18:0xdf350461 f12:0xff800000 f14=0xdf350461
      46225.000 ns	      4621	800010d0	20bf9ad3	fsgnjn.s	f21,f31,f11	 f31:0xce494e88 f11:0x00000000 f21=0xce494e88
      46245.000 ns	      4623	800010d4	00000013	addi	x0,x0,0	  x0:0x00000000
      46265.000 ns	      4625	800010d8	a1909853	flt.s	x16,f1,f25	  f1:0x5f350461 f25:0x7f800000 x16=0x00000001
      46295.000 ns	      4628	800010dc	02af0ab3	mul	x21,x30,x10	 x30:0x00000000 x10:0x00000002 x21=0x00000000
      46315.000 ns	      4630	800010e0	4031dc13	srai	x24,x3,0x3	  x3:0x8004091e x24=0xf0008123
      46335.000 ns	      4632	800010e4	204c1553	fsgnjn.s	f10,f24,f4	 f24:0xceaa01a0  f4:0x7f800000 f10=0xceaa01a0
      46355.000 ns	      4634	800010e8	001cd9b3	srl	x19,x25,x1	 x25:0x00000000  x1:0x00000000 x19=0x00000000
      46395.000 ns	      4638	800010ec	08567dd3	fsub.s	f27,f12,f5	 f12:0xff800000  f5:0x4e494e88 f27=0xff800000
      46435.000 ns	      4642	800010f0	10707c53	fmul.s	f24,f0,f7	  f0:0x00000000  f7:0x7fc00000 f24=0x7fc00000
      46455.000 ns	      4644	800010f4	00109b13	slli	x22,x1,0x1	  x1:0x00000000 x22=0x00000000
      46465.000 ns	      4645	800010f8	00d57633	and	x12,x10,x13	 x10:0x00000002 x13:0x00000000 x12=0x00000000
      46485.000 ns	      4647	800010fc	d01f1953	fcvt.s.wu	f18,x30	 x30:0x00000000 f18=0x00000000
      46535.000 ns	      4652	80001100	003b43d3	fadd.s	f7,f22,f3	 f22:0x4e494e88  f3:0x7fc00000  f7=0x7fc00000
      46555.000 ns	      4654	80001104	018fc233	xor	x4,x31,x24	 x31:0x00000000 x24:0xf0008123  x4=0xf0008123
      46565.000 ns	      4655	80001108	00e8ffb3	and	x31,x17,x14	 x17:0x00000000 x14:0x3838a000 x31=0x00000000
      46575.000 ns	      4656	8000110c	013bdeb3	srl	x29,x23,x19	 x23:0x00000000 x19:0x00000000 x29=0x00000000
      46595.000 ns	      4658	80001110	a191a353	feq.s	x6,f3,f25	  f3:0x7fc00000 f25:0x7f800000  x6=0x00000000
      46615.000 ns	      4660	80001114	0abbf513	andi	x10,x23,171	 x23:0x00000000 x10=0x00000000
      46625.000 ns	      4661	80001118	c556a413	slti	x8,x13,-939	 x13:0x00000000  x8=0x00000000
      46645.000 ns	      4663	8000111c	a0c116d3	flt.s	x13,f2,f12	  f2:0x7fc00000 f12:0xff800000 x13=0x00000000
      46675.000 ns	      4666	80001120	a19781d3	fle.s	x3,f15,f25	 f15:0x7fc00000 f25:0x7f800000  x3=0x00000000
      46705.000 ns	      4669	80001124	299e1053	fmax.s	f0,f28,f25	 f28:0xffffffff f25:0x7f800000  f0=0x7f800000
      46725.000 ns	      4671	80001128	011caab3	slt	x21,x25,x17	 x25:0x00000000 x17:0x00000000 x21=0x00000000
      46735.000 ns	      4672	8000112c	ffb2ec17	auipc	x24,0xffb2e	 x24=0x7fb2f12c
      46745.000 ns	      4673	80001130	003fe633	or	x12,x31,x3	 x31:0x00000000  x3:0x00000000 x12=0x00000000
      46755.000 ns	      4674	80001134	01895993	srli	x19,x18,0x18	 x18:0x00000000 x19=0x00000000
      46785.000 ns	      4677	80001138	11499dd3	fmul.s	f27,f19,f20	 f19:0x00000000 f20:0x00000000 f27=0x00000000
      46805.000 ns	      4679	8000113c	091ea713	slti	x14,x29,145	 x29:0x00000000 x14=0x00000001
      46825.000 ns	      4681	80001140	03d98333	mul	x6,x19,x29	 x19:0x00000000 x29:0x00000000  x6=0x00000000
      46855.000 ns	      4684	80001144	a07a89d3	fle.s	x19,f21,f7	 f21:0xce494e88  f7:0x7fc00000 x19=0x00000000
      46885.000 ns	      4687	80001148	c01af2d3	fcvt.wu.s	x5,f21	 f21:0xce494e88  x5=0x3253a200
      46915.000 ns	      4690	8000114c	f0018cd3	fmv.w.x	f25,x3	  x3:0x00000000 f25=0x00000000
      46935.000 ns	      4692	80001150	408983b3	sub	x7,x19,x8	 x19:0x00000000  x8:0x00000000  x7=0x00000000
      46955.000 ns	      4694	80001154	f0070a53	fmv.w.x	f20,x14	 x14:0x00000001 f20=0x00000001
      46975.000 ns	      4696	80001158	00551933	sll	x18,x10,x5	 x10:0x00000000  x5:0x3253a200 x18=0x00000000
      46995.000 ns	      4698	8000115c	a006a353	feq.s	x6,f13,f0	 f13:0x3f494e88  f0:0x7f800000  x6=0x00000000
      47025.000 ns	      4701	80001160	f0098e53	fmv.w.x	f28,x19	 x19:0x00000000 f28=0x00000000
      47055.000 ns	      4704	80001164	f0010853	fmv.w.x	f16,x2	  x2:0x9955007c f16=0x9955007c
      47075.000 ns	      4706	80001168	c1bb7a13	andi	x20,x22,-997	 x22:0x00000000 x20=0x00000000
      47095.000 ns	      4708	8000116c	032716b3	mulh	x13,x14,x18	 x14:0x00000001 x18:0x00000000 x13=0x00000000
      47125.000 ns	      4711	80001170	e0081553	fclass.s	x10,f16	 f16:0x9955007c x10=0x00000002
      47155.000 ns	      4714	80001174	201011d3	fsgnjn.s	f3,f0,f1	  f0:0x7f800000  f1:0x5f350461  f3=0xff800000
      47175.000 ns	      4716	80001178	00000013	addi	x0,x0,0	  x0:0x00000000
      47205.000 ns	      4719	8000117c	1859b1d3	fdiv.s	f3,f19,f5	 f19:0x00000000  f5:0x4e494e88  f3=0x00000000
      47235.000 ns	      4722	80001180	e00b8c53	fmv.x.w	x24,f23	 f23:0x80000000 x24=0x80000000
      47265.000 ns	      4725	80001184	c0107b53	fcvt.wu.s	x22,f0	  f0:0x7f800000 x22=0xffffffff
      47295.000 ns	      4728	80001188	023fa633	mulhsu	x12,x31,x3	 x31:0x00000000  x3:0x00000000 x12=0x00000000
      47335.000 ns	      4732	8000118c	11609e53	fmul.s	f28,f1,f22	  f1:0x5f350461 f22:0x4e494e88 f28=0x6e0e57f7
      47365.000 ns	      4735	80001190	02c4a4b3	mulhsu	x9,x9,x12	  x9:0x3838a000 x12:0x00000000  x9=0x00000000
      47385.000 ns	      4737	80001194	011601b3	add	x3,x12,x17	 x12:0x00000000 x17:0x00000000  x3=0x00000000
      47395.000 ns	      4738	80001198	00023733	sltu	x14,x4,x0	  x4:0xf0008123  x0:0x00000000 x14=0x00000000
      47405.000 ns	      4739	8000119c	00d7aa33	slt	x20,x15,x13	 x15:0x77c8048e x13:0x00000000 x20=0x00000000
      47435.000 ns	      4742	800011a0	105404d3	fmul.s	f9,f8,f5	  f8:0x00000000  f5:0x4e494e88  f9=0x00000000
      47465.000 ns	      4745	800011a4	29f18053	fmin.s	f0,f3,f31	  f3:0x00000000 f31:0xce494e88  f0=0xce494e88
      47485.000 ns	      4747	800011a8	00000013	addi	x0,x0,0	  x0:0x00000000
      47495.000 ns	      4748	800011ac	00bd9e93	slli	x29,x27,0xb	 x27:0x80041024 x29=0x20812000
      48665.000 ns	      4865	800011b0	580893d3	fsqrt.s	f7,f17	 f17:0x4eaa01a0  f7=0x471383d4
      48685.000 ns	      4867	800011b4	01b8c833	xor	x16,x17,x27	 x17:0x00000000 x27:0x80041024 x16=0x80041024
      48695.000 ns	      4868	800011b8	0027ec33	or	x24,x15,x2	 x15:0x77c8048e  x2:0x9955007c x24=0xffdd04fe
      48705.000 ns	      4869	800011bc	00d712b3	sll	x5,x14,x13	 x14:0x00000000 x13:0x00000000  x5=0x00000000
      48725.000 ns	      4871	800011c0	023b54b3	divu	x9,x22,x3	 x22:0xffffffff  x3:0x00000000  x9=0xffffffff
      48745.000 ns	      4873	800011c4	419e02b3	sub	x5,x28,x25	 x28:0x5500d292 x25:0x00000000  x5=0x5500d292
      48765.000 ns	      4875	800011c8	a15205d3	fle.s	x11,f4,f21	  f4:0x7f800000 f21:0xce494e88 x11=0x00000000
      48785.000 ns	      4877	800011cc	00000013	addi	x0,x0,0	  x0:0x00000000
      48805.000 ns	      4879	800011d0	20e521d3	fsgnjx.s	f3,f10,f14	 f10:0xceaa01a0 f14:0xdf350461  f3=0x4eaa01a0
      48825.000 ns	      4881	800011d4	41cfd633	sra	x12,x31,x28	 x31:0x00000000 x28:0x5500d292 x12=0x00000000
      48845.000 ns	      4883	800011d8	f0090653	fmv.w.x	f12,x18	 x18:0x00000000 f12=0x00000000
      48875.000 ns	      4886	800011dc	218f84d3	fsgnj.s	f9,f31,f24	 f31:0xce494e88 f24:0x7fc00000  f9=0x4e494e88
      48905.000 ns	      4889	800011e0	c0134953	fcvt.wu.s	x18,f6	  f6:0x80000000 x18=0x00000000
      48925.000 ns	      4891	800011e4	401bd533	sra	x10,x23,x1	 x23:0x00000000  x1:0x00000000 x10=0x00000000
      48945.000 ns	      4893	800011e8	f0088153	fmv.w.x	f2,x17	 x17:0x00000000  f2=0x00000000
      48975.000 ns	      4896	800011ec	03c60133	mul	x2,x12,x28	 x12:0x00000000 x28:0x5500d292  x2=0x00000000
      49005.000 ns	      4899	800011f0	02c96f33	rem	x30,x18,x12	 x18:0x00000000 x12:0x00000000 x30=0x00000000
      49035.000 ns	      4902	800011f4	a1890153	fle.s	x2,f18,f24	 f18:0x00000000 f24:0x7fc00000  x2=0x00000000
      49065.000 ns	      4905	800011f8	287e9353	fmax.s	f6,f29,f7	 f29:0xffc00000  f7:0x471383d4  f6=0x471383d4
      49085.000 ns	      4907	800011fc	0161f633	and	x12,x3,x22	  x3:0x00000000 x22:0xffffffff x12=0x00000000
      49105.000 ns	      4909	80001200	216a9ad3	fsgnjn.s	f21,f21,f22	 f21:0xce494e88 f22:0x4e494e88 f21=0xce494e88
      49125.000 ns	      4911	80001204	588deb93	ori	x23,x27,1416	 x27:0x80041024 x23=0x800415ac
      49145.000 ns	      4913	80001208	c01f7653	fcvt.wu.s	x12,f30	 f30:0xff800000 x12=0x00000000
      49165.000 ns	      4915	8000120c	01bf6733	or	x14,x30,x27	 x30:0x00000000 x27:0x80041024 x14=0x80041024
      49175.000 ns	      4916	80001210	207ac493	xori	x9,x21,519	 x21:0x00000000  x9=0x00000207
      49185.000 ns	      4917	80001214	40ea8f33	sub	x30,x21,x14	 x21:0x00000000 x14:0x00000000 x30=0x7ffbefdc
      49195.000 ns	      4918	80001218	001ff4b3	and	x9,x31,x1	 x31:0x00000000  x1:0x00000000  x9=0x00000000
      49215.000 ns	      4920	8000121c	03d30c33	mul	x24,x6,x29	  x6:0x00000000 x29:0x20812000 x24=0x00000000
      49235.000 ns	      4922	80001220	010674b3	and	x9,x12,x16	 x12:0x00000000 x16:0x80041024  x9=0x00000000
      49245.000 ns	      4923	80001224	416b8bb3	sub	x23,x23,x22	 x23:0x800415ac x22:0xffffffff x23=0x800415ad
      49255.000 ns	      4924	80001228	ff396c93	ori	x25,x18,-13	 x18:0x00000000 x25=0xfffffff3
      49265.000 ns	      4925	8000122c	00645233	srl	x4,x8,x6	  x8:0x00000000  x6:0x00000000  x4=0x00000000
      49305.000 ns	      4929	80001230	00c314d3	fadd.s	f9,f6,f12	  f6:0x471383d4 f12:0x00000000  f9=0x471383d4
      49325.000 ns	      4931	80001234	1eb1ff13	andi	x30,x3,491	  x3:0x00000000 x30=0x00000000
      49335.000 ns	      4932	80001238	00000013	addi	x0,x0,0	  x0:0x00000000
      49345.000 ns	      4933	8000123c	0075a6b3	slt	x13,x11,x7	 x11:0x00000000  x7:0x00000000 x13=0x00000000
      49365.000 ns	      4935	80001240	e00c9953	fclass.s	x18,f25	 f25:0x00000000 x18=0x00000010
      49395.000 ns	      4938	80001244	02463433	mulhu	x8,x12,x4	 x12:0x00000000  x4:0x00000000  x8=0x00000000
      49415.000 ns	      4940	80001248	e00da193	slti	x3,x27,-512	 x27:0x80041024  x3=0x00000001
      49425.000 ns	      4941	8000124c	01030633	add	x12,x6,x16	  x6:0x00000000 x16:0x80041024 x12=0x80041024
      49445.000 ns	      4943	80001250	02a7d2b3	divu	x5,x15,x10	 x15:0x77c8048e x10:0x00000000  x5=0xffffffff
      49465.000 ns	      4945	80001254	00000013	addi	x0,x0,0	  x0:0x00000000
      49475.000 ns	      4946	80001258	5b9b7e13	andi	x28,x22,1465	 x22:0xffffffff x28=0x000005b9
      49495.000 ns	      4948	8000125c	28451253	fmax.s	f4,f10,f4	 f10:0xceaa01a0  f4:0x7f800000  f4=0x7f800000
      49525.000 ns	      4951	80001260	02614933	div	x18,x2,x6	  x2:0x00000000  x6:0x00000000 x18=0xffffffff
      49545.000 ns	      4953	80001264	015c9533	sll	x10,x25,x21	 x25:0xfffffff3 x21:0x00000000 x10=0xfffffff3
      49555.000 ns	      4954	80001268	966f2a13	slti	x20,x30,-1690	 x30:0x00000000 x20=0x00000000
      49565.000 ns	      4955	8000126c	00000013	addi	x0,x0,0	  x0:0x00000000
      49585.000 ns	      4957	80001270	0328a733	mulhsu	x14,x17,x18	 x17:0x00000000 x18:0xffffffff x14=0x00000000
      49615.000 ns	      4960	80001274	c0038ed3	fcvt.w.s	x29,f7	  f7:0x471383d4 x29=0x00009384
      49635.000 ns	      4962	80001278	00c21593	slli	x11,x4,0xc	  x4:0x00000000 x11=0x00000000
      49655.000 ns	      4964	8000127c	d00f74d3	fcvt.s.w	f9,x30	 x30:0x00000000  f9=0x00000000
      50835.000 ns	      5082	80001280	5808f2d3	fsqrt.s	f5,f17	 f17:0x4eaa01a0  f5=0x471383d4
      50855.000 ns	      5084	80001284	419d05b3	sub	x11,x26,x25	 x26:0x80040fe4 x25:0xfffffff3 x11=0x80040ff1
      50875.000 ns	      5086	80001288	c010f5d3	fcvt.wu.s	x11,f1	  f1:0x5f350461 x11=0xffffffff
      50895.000 ns	      5088	8000128c	00e8efb3	or	x31,x17,x14	 x17:0x00000000 x14:0x00000000 x31=0x00000000
      50915.000 ns	      5090	80001290	d0170ed3	fcvt.s.wu	f29,x14	 x14:0x00000000 f29=0x00000000
      50945.000 ns	      5093	80001294	021dd4b3	divu	x9,x27,x1	 x27:0x80041024  x1:0x00000000  x9=0xffffffff
      50965.000 ns	      5095	80001298	417c50b3	sra	x1,x24,x23	 x24:0x00000000 x23:0x800415ad  x1=0x00000000
      50975.000 ns	      5096	8000129c	0086e5b3	or	x11,x13,x8	 x13:0x00000000  x8:0x00000000 x11=0x00000000
      50985.000 ns	      5097	800012a0	23332713	slti	x14,x6,563	  x6:0x00000000 x14=0x00000001
      51005.000 ns	      5099	800012a4	20be2e53	fsgnjx.s	f28,f28,f11	 f28:0x6e0e57f7 f11:0x00000000 f28=0x6e0e57f7
      51025.000 ns	      5101	800012a8	00632cb3	slt	x25,x6,x6	  x6:0x00000000  x6:0x00000000 x25=0x00000000
      51035.000 ns	      5102	800012ac	00389ab3	sll	x21,x17,x3	 x17:0x00000000  x3:0x00000001 x21=0x00000000
      52205.000 ns	      5219	800012b0	5806b553	fsqrt.s	f10,f13	 f13:0x3f494e88 f10=0x3f0e5866
      52575.000 ns	      5256	800012b4	02ec7e33	remu	x28,x24,x14	 x24:0x00000000 x14:0x00000001 x28=0x00000000
      52605.000 ns	      5259	800012b8	a0502253	feq.s	x4,f0,f5	  f0:0xce494e88  f5:0x471383d4  x4=0x00000000
      52625.000 ns	      5261	800012bc	dc8c7b13	andi	x22,x24,-568	 x24:0x00000000 x22=0x00000000
      52645.000 ns	      5263	800012c0	f00808d3	fmv.w.x	f17,x16	 x16:0x80041024 f17=0x80041024
      52675.000 ns	      5266	800012c4	281a8053	fmin.s	f0,f21,f1	 f21:0xce494e88  f1:0x5f350461  f0=0xce494e88
      52695.000 ns	      5268	800012c8	28280cb7	lui	x25,0x28280	 x25=0x28280000
      52705.000 ns	      5269	800012cc	3bf52393	slti	x7,x10,959	 x10:0xfffffff3  x7=0x00000001
      52715.000 ns	      5270	800012d0	01329693	slli	x13,x5,0x13	  x5:0xffffffff x13=0xfff80000
      52725.000 ns	      5271	800012d4	00ceefb3	or	x31,x29,x12	 x29:0x00009384 x12:0x80041024 x31=0x800493a4
      52755.000 ns	      5274	800012d8	19d8fed3	fdiv.s	f29,f17,f29	 f17:0x80041024 f29:0x00000000 f29=0xff800000
      53125.000 ns	      5311	800012dc	03bdcbb3	div	x23,x27,x27	 x27:0x80041024 x27:0x80041024 x23=0x00000001
      53165.000 ns	      5315	800012e0	580679d3	fsqrt.s	f19,f12	 f12:0x00000000 f19=0x00000000
      53185.000 ns	      5317	800012e4	01639e13	slli	x28,x7,0x16	  x7:0x00000001 x28=0x00400000
      53205.000 ns	      5319	800012e8	213ea6d3	fsgnjx.s	f13,f29,f19	 f29:0xff800000 f19:0x00000000 f13=0xff800000
      53235.000 ns	      5322	800012ec	f00181d3	fmv.w.x	f3,x3	  x3:0x00000001  f3=0x00000001
      53265.000 ns	      5325	800012f0	a13e11d3	flt.s	x3,f28,f19	 f28:0x6e0e57f7 f19:0x00000000  x3=0x00000000
      53285.000 ns	      5327	800012f4	01cd5613	srli	x12,x26,0x1c	 x26:0x80040fe4 x12=0x00000008
      53305.000 ns	      5329	800012f8	0264b0b3	mulhu	x1,x9,x6	  x9:0xffffffff  x6:0x00000000  x1=0x00000000
      53325.000 ns	      5331	800012fc	c785de97	auipc	x29,0xc785d	 x29=0x4785e2fc
      53345.000 ns	      5333	80001300	02ea14b3	mulh	x9,x20,x14	 x20:0x00000000 x14:0x00000001  x9=0x00000000
      53375.000 ns	      5336	80001304	289d8153	fmin.s	f2,f27,f9	 f27:0x00000000  f9:0x00000000  f2=0x00000000
      53405.000 ns	      5339	80001308	023f0633	mul	x12,x30,x3	 x30:0x00000000  x3:0x00000000 x12=0x00000000
      53435.000 ns	      5342	8000130c	02b84133	div	x2,x16,x11	 x16:0x80041024 x11:0x00000000  x2=0xffffffff
      53455.000 ns	      5344	80001310	406a50b3	sra	x1,x20,x6	 x20:0x00000000  x6:0x00000000  x1=0x00000000
      53465.000 ns	      5345	80001314	017c20b3	slt	x1,x24,x23	 x24:0x00000000 x23:0x00000001  x1=0x00000001
      53825.000 ns	      5381	80001318	03cfcb33	div	x22,x31,x28	 x31:0x800493a4 x28:0x00400000 x22=0xfffffe01
      53855.000 ns	      5384	8000131c	03c7b3b3	mulhu	x7,x15,x28	 x15:0x77c8048e x28:0x00400000  x7=0x001df201
      53895.000 ns	      5388	80001320	11a57353	fmul.s	f6,f10,f26	 f10:0x3f0e5866 f26:0x80000000  f6=0x80000000
      53915.000 ns	      5390	80001324	c46a4f13	xori	x30,x20,-954	 x20:0x00000000 x30=0xfffffc46
      53925.000 ns	      5391	80001328	41ba0433	sub	x8,x20,x27	 x20:0x00000000 x27:0x80041024  x8=0x7ffbefdc
      53945.000 ns	      5393	8000132c	a103a2d3	feq.s	x5,f7,f16	  f7:0x471383d4 f16:0x9955007c  x5=0x00000000
      53995.000 ns	      5398	80001330	01170a53	fadd.s	f20,f14,f17	 f14:0xdf350461 f17:0x80041024 f20=0xdf350461
      54025.000 ns	      5401	80001334	a04d9753	flt.s	x14,f27,f4	 f27:0x00000000  f4:0x7f800000 x14=0x00000001
      54045.000 ns	      5403	80001338	00aad4b3	srl	x9,x21,x10	 x21:0x00000000 x10:0xfffffff3  x9=0x00000000
      54065.000 ns	      5405	8000133c	03eebeb3	mulhu	x29,x29,x30	 x29:0x4785e2fc x30:0xfffffc46 x29=0x4785e1f1
      54085.000 ns	      5407	80001340	f80fc213	xori	x4,x31,-128	 x31:0x800493a4  x4=0x7ffb6c24
      54105.000 ns	      5409	80001344	f00b8ad3	fmv.w.x	f21,x23	 x23:0x00000001 f21=0x00000001
      54135.000 ns	      5412	80001348	d011a853	fcvt.s.wu	f16,x3	  x3:0x00000000 f16=0x00000000
      54175.000 ns	      5416	8000134c	1815a053	fdiv.s	f0,f11,f1	 f11:0x00000000  f1:0x5f350461  f0=0x00000000
      54195.000 ns	      5418	80001350	b87aa713	slti	x14,x21,-1145	 x21:0x00000000 x14=0x00000000
      54205.000 ns	      5419	80001354	01a31a93	slli	x21,x6,0x1a	  x6:0x00000000 x21=0x00000000
      54215.000 ns	      5420	80001358	01540b33	add	x22,x8,x21	  x8:0x7ffbefdc x21:0x00000000 x22=0x7ffbefdc
      54235.000 ns	      5422	8000135c	29fc1f53	fmax.s	f30,f24,f31	 f24:0x7fc00000 f31:0xce494e88 f30=0xce494e88
      54265.000 ns	      5425	80001360	208d90d3	fsgnjn.s	f1,f27,f8	 f27:0x00000000  f8:0x00000000  f1=0x80000000
      54285.000 ns	      5427	80001364	406a0733	sub	x14,x20,x6	 x20:0x00000000  x6:0x00000000 x14=0x00000000
      54305.000 ns	      5429	80001368	032d2b33	mulhsu	x22,x26,x18	 x26:0x80040fe4 x18:0xffffffff x22=0x80040fe4
      54335.000 ns	      5432	8000136c	d00b9cd3	fcvt.s.w	f25,x23	 x23:0x00000001 f25=0x3f800000
      54355.000 ns	      5434	80001370	0156e733	or	x14,x13,x21	 x13:0xfff80000 x21:0x00000000 x14=0xfff80000
      54375.000 ns	      5436	80001374	d0147953	fcvt.s.wu	f18,x8	  x8:0x7ffbefdc f18=0x4efff7df
      54405.000 ns	      5439	80001378	d00af0d3	fcvt.s.w	f1,x21	 x21:0x00000000  f1=0x00000000
      54425.000 ns	      5441	8000137c	41c65313	srai	x6,x12,0x1c	 x12:0x00000000  x6=0x00000000
      54445.000 ns	      5443	80001380	0372aa33	mulhsu	x20,x5,x23	  x5:0x00000000 x23:0x00000001 x20=0x00000000
      54475.000 ns	      5446	80001384	037ea033	mulhsu	x0,x29,x23	 x29:0x4785e1f1 x23:0x00000001
      54505.000 ns	      5449	80001388	c00f7c53	fcvt.w.s	x24,f30	 f30:0xce494e88 x24=0x3253a200
      54875.000 ns	      5486	8000138c	03e1dcb3	divu	x25,x3,x30	  x3:0x00000000 x30:0xfffffc46 x25=0x00000000
      54905.000 ns	      5489	80001390	c01b7f53	fcvt.wu.s	x30,f22	 f22:0x4e494e88 x30=0x3253a200
      54925.000 ns	      5491	80001394	01956a33	or	x20,x10,x25	 x10:0xfffffff3 x25:0x00000000 x20=0xfffffff3
      54945.000 ns	      5493	80001398	203f84d3	fsgnj.s	f9,f31,f3	 f31:0xce494e88  f3:0x00000001  f9=0x4e494e88
      54965.000 ns	      5495	8000139c	016543b3	xor	x7,x10,x22	 x10:0xfffffff3 x22:0x80040fe4  x7=0x7ffbf017
      54985.000 ns	      5497	800013a0	a1e80f53	fle.s	x30,f16,f30	 f16:0x00000000 f30:0xce494e88 x30=0x00000000
      55355.000 ns	      5534	800013a4	03d16333	rem	x6,x2,x29	  x2:0xffffffff x29:0x4785e1f1  x6=0xffffffff
      55375.000 ns	      5536	800013a8	f9b5a493	slti	x9,x11,-101	 x11:0x00000000  x9=0x00000000
      55395.000 ns	      5538	800013ac	29bd01d3	fmin.s	f3,f26,f27	 f26:0x80000000 f27:0x00000000  f3=0x80000000
      55415.000 ns	      5540	800013b0	019a9913	slli	x18,x21,0x19	 x21:0x00000000 x18=0x00000000
      55425.000 ns	      5541	800013b4	bfe60f13	addi	x30,x12,-1026	 x12:0x00000000 x30=0xfffffbfe
      55435.000 ns	      5542	800013b8	3ae4e593	ori	x11,x9,942	  x9:0x00000000 x11=0x000003ae
      55455.000 ns	      5544	800013bc	209e19d3	fsgnjn.s	f19,f28,f9	 f28:0x6e0e57f7  f9:0x4e494e88 f19=0xee0e57f7
      55485.000 ns	      5547	800013c0	c01c76d3	fcvt.wu.s	x13,f24	 f24:0x7fc00000 x13=0xffffffff
      55505.000 ns	      5549	800013c4	005c1133	sll	x2,x24,x5	 x24:0x3253a200  x5:0x00000000  x2=0x3253a200
      55515.000 ns	      5550	800013c8	40aa51b3	sra	x3,x20,x10	 x20:0xfffffff3 x10:0xfffffff3  x3=0xffffffff
      55535.000 ns	      5552	800013cc	216217d3	fsgnjn.s	f15,f4,f22	  f4:0x7f800000 f22:0x4e494e88 f15=0xff800000
      55555.000 ns	      5554	800013d0	ce256913	ori	x18,x10,-798	 x10:0xfffffff3 x18=0xfffffff3
      55595.000 ns	      5558	800013d4	008675d3	fadd.s	f11,f12,f8	 f12:0x00000000  f8:0x00000000 f11=0x00000000
      55625.000 ns	      5561	800013d8	e0038b53	fmv.x.w	x22,f7	  f7:0x471383d4 x22=0x471383d4
      55655.000 ns	      5564	800013dc	c00cb1d3	fcvt.w.s	x3,f25	 f25:0x3f800000  x3=0x00000001
      55695.000 ns	      5568	800013e0	580d73d3	fsqrt.s	f7,f26	 f26:0x80000000  f7=0x80000000
      55725.000 ns	      5571	800013e4	02c27a33	remu	x20,x4,x12	  x4:0x7ffb6c24 x12:0x00000000 x20=0x7ffb6c24
      55745.000 ns	      5573	800013e8	7994b493	sltiu	x9,x9,1945	  x9:0x00000000  x9=0x00000001
      55755.000 ns	      5574	800013ec	01071f33	sll	x30,x14,x16	 x14:0xfff80000 x16:0x80041024 x30=0xff800000
      55765.000 ns	      5575	800013f0	00699493	slli	x9,x19,0x6	 x19:0x00000000  x9=0x00000000
      55785.000 ns	      5577	800013f4	a14d25d3	feq.s	x11,f26,f20	 f26:0x80000000 f20:0xdf350461 x11=0x00000000
      56155.000 ns	      5614	800013f8	023659b3	divu	x19,x12,x3	 x12:0x00000000  x3:0x00000001 x19=0x00000000
      56205.000 ns	      5619	800013fc	002df353	fadd.s	f6,f27,f2	 f27:0x00000000  f2:0x00000000  f6=0x00000000
      56225.000 ns	      5621	80001400	ba5c8693	addi	x13,x25,-1115	 x25:0x00000000 x13=0xfffffba5
      56245.000 ns	      5623	80001404	02782a33	mulhsu	x20,x16,x7	 x16:0x80041024  x7:0x7ffbf017 x20=0xc0040ff5
      56295.000 ns	      5628	80001408	016d95d3	fadd.s	f11,f27,f22	 f27:0x00000000 f22:0x4e494e88 f11=0x4e494e88
      56325.000 ns	      5631	8000140c	29cc99d3	fmax.s	f19,f25,f28	 f25:0x3f800000 f28:0x6e0e57f7 f19=0x6e0e57f7
      56375.000 ns	      5636	80001410	00ccae53	fadd.s	f28,f25,f12	 f25:0x3f800000 f12:0x00000000 f28=0x3f800000
      56395.000 ns	      5638	80001414	60a8e937	lui	x18,0x60a8e	 x18=0x60a8e000
      56405.000 ns	      5639	80001418	015a3bb3	sltu	x23,x20,x21	 x20:0xc0040ff5 x21:0x00000000 x23=0x00000000
      56415.000 ns	      5640	8000141c	00000013	addi	x0,x0,0	  x0:0x00000000
      57585.000 ns	      5757	80001420	5804fe53	fsqrt.s	f28,f9	  f9:0x4e494e88 f28=0x468e5866
      57605.000 ns	      5759	80001424	1fdeeeb7	lui	x29,0x1fdee	 x29=0x1fdee000
      57625.000 ns	      5761	80001428	298a1c53	fmax.s	f24,f20,f24	 f20:0xdf350461 f24:0x7fc00000 f24=0xdf350461
      57655.000 ns	      5764	8000142c	03d10233	mul	x4,x2,x29	  x2:0x3253a200 x29:0x4785e1f1  x4=0xa9c00000
      58025.000 ns	      5801	80001430	03b27933	remu	x18,x4,x27	  x4:0x7ffb6c24 x27:0x80041024 x18=0x29bbefdc
      58055.000 ns	      5804	80001434	203112d3	fsgnjn.s	f5,f2,f3	  f2:0x00000000  f3:0x80000000  f5=0x00000000
      58075.000 ns	      5806	80001438	c8787593	andi	x11,x16,-889	 x16:0x80041024 x11=0x80041004
      58085.000 ns	      5807	8000143c	011a1513	slli	x10,x20,0x11	 x20:0xc0040ff5 x10=0x1fea0000
      58105.000 ns	      5809	80001440	03912033	mulhsu	x0,x2,x25	  x2:0x3253a200 x25:0x00000000
      59285.000 ns	      5927	80001444	580cfad3	fsqrt.s	f21,f25	 f25:0x3f800000 f21=0x3f7fffae
      59315.000 ns	      5930	80001448	e00a0553	fmv.x.w	x10,f20	 f20:0xdf350461 x10=0xdf350461
      59335.000 ns	      5932	8000144c	41485733	sra	x14,x16,x20	 x16:0x80041024 x20:0xc0040ff5 x14=0xfffffc00
      59345.000 ns	      5933	80001450	01979713	slli	x14,x15,0x19	 x15:0x77c8048e x14=0x1c000000
      59385.000 ns	      5937	80001454	082a84d3	fsub.s	f9,f21,f2	 f21:0x3f7fffae  f2:0x00000000  f9=0x3f7fffae
      59405.000 ns	      5939	80001458	a4c7f113	andi	x2,x15,-1460	 x15:0x77c8048e  x2=0x77c8000c
      59425.000 ns	      5941	8000145c	02933033	mulhu	x0,x6,x9	  x6:0xffffffff  x9:0x00000000
      59455.000 ns	      5944	80001460	031fcc33	div	x24,x31,x17	 x31:0x800493a4 x17:0x00000000 x24=0xffffffff
      59485.000 ns	      5947	80001464	c0073053	fcvt.w.s	x0,f14	 f14:0xdf350461
      59505.000 ns	      5949	80001468	00000013	addi	x0,x0,0	  x0:0x00000000
      59525.000 ns	      5951	8000146c	a1f020d3	feq.s	x1,f0,f31	  f0:0x00000000 f31:0xce494e88  x1=0x00000000
      59555.000 ns	      5954	80001470	02a9afb3	mulhsu	x31,x19,x10	 x19:0x00000000 x10:0xdf350461 x31=0x00000000
      59605.000 ns	      5959	80001474	099675d3	fsub.s	f11,f12,f25	 f12:0x00000000 f25:0x3f800000 f11=0xbf800000
      59655.000 ns	      5964	80001478	012df6d3	fadd.s	f13,f27,f18	 f27:0x00000000 f18:0x4efff7df f13=0x4efff7df
      59685.000 ns	      5967	8000147c	a147acd3	feq.s	x25,f15,f20	 f15:0xff800000 f20:0xdf350461 x25=0x00000000
      59705.000 ns	      5969	80001480	46176a97	auipc	x21,0x46176	 x21=0xc6177480
      59725.000 ns	      5971	80001484	d0157253	fcvt.s.wu	f4,x10	 x10:0xdf350461  f4=0x4f5f3504
      59755.000 ns	      5974	80001488	29d892d3	fmax.s	f5,f17,f29	 f17:0x80041024 f29:0xff800000  f5=0x80041024
      59785.000 ns	      5977	8000148c	21121c53	fsgnjn.s	f24,f4,f17	  f4:0x4f5f3504 f17:0x80041024 f24=0x4f5f3504
      59805.000 ns	      5979	80001490	4009dab3	sra	x21,x19,x0	 x19:0x00000000  x0:0x00000000 x21=0x00000000
      59845.000 ns	      5983	80001494	0909a8d3	fsub.s	f17,f19,f16	 f19:0x6e0e57f7 f16:0x00000000 f17=0x6e0e57f7
      59865.000 ns	      5985	80001498	f9677a13	andi	x20,x14,-106	 x14:0x1c000000 x20=0x1c000000
      59895.000 ns	      5988	8000149c	10202853	fmul.s	f16,f0,f2	  f0:0x00000000  f2:0x00000000 f16=0x00000000
      59935.000 ns	      5992	800014a0	10a27753	fmul.s	f14,f4,f10	  f4:0x4f5f3504 f10:0x3f0e5866 f14=0x4ef838f6
      59955.000 ns	      5994	800014a4	00000013	addi	x0,x0,0	  x0:0x00000000
      59975.000 ns	      5996	800014a8	c01f7153	fcvt.wu.s	x2,f30	 f30:0xce494e88  x2=0x3253a200
      59995.000 ns	      5998	800014ac	01a33b33	sltu	x22,x6,x26	  x6:0xffffffff x26:0x80040fe4 x22=0x00000000
      60015.000 ns	      6000	800014b0	03a00833	mul	x16,x0,x26	  x0:0x00000000 x26:0x80040fe4 x16=0x00000000
      60385.000 ns	      6037	800014b4	0262efb3	rem	x31,x5,x6	  x5:0x00000000  x6:0xffffffff x31=0x00000000
      60405.000 ns	      6039	800014b8	356d8f93	addi	x31,x27,854	 x27:0x80041024 x31=0x8004137a
      60415.000 ns	      6040	800014bc	09477e93	andi	x29,x14,148	 x14:0x1c000000 x29=0x00000000
      60425.000 ns	      6041	800014c0	40e45933	sra	x18,x8,x14	  x8:0x7ffbefdc x14:0x1c000000 x18=0x7ffbefdc
      60445.000 ns	      6043	800014c4	295404d3	fmin.s	f9,f8,f21	  f8:0x00000000 f21:0x3f7fffae  f9=0x00000000
      60815.000 ns	      6080	800014c8	02df70b3	remu	x1,x30,x13	 x30:0xff800000 x13:0xfffffba5  x1=0xff800000
      60835.000 ns	      6082	800014cc	011434b3	sltu	x9,x8,x17	  x8:0x7ffbefdc x17:0x00000000  x9=0x00000000
      60855.000 ns	      6084	800014d0	c00d7b53	fcvt.w.s	x22,f26	 f26:0x80000000 x22=0x00000000
      60875.000 ns	      6086	800014d4	78a10813	addi	x16,x2,1930	  x2:0x3253a200 x16=0x3253a98a
      60885.000 ns	      6087	800014d8	0192d9b3	srl	x19,x5,x25	  x5:0x00000000 x25:0x00000000 x19=0x00000000
      60895.000 ns	      6088	800014dc	b6a57713	andi	x14,x10,-1174	 x10:0xdf350461 x14=0xdf350060
      60915.000 ns	      6090	800014e0	c002f3d3	fcvt.w.s	x7,f5	  f5:0x80041024  x7=0x00000000
      60935.000 ns	      6092	800014e4	442be693	ori	x13,x23,1090	 x23:0x00000000 x13=0x00000442
      60945.000 ns	      6093	800014e8	016d9393	slli	x7,x27,0x16	 x27:0x80041024  x7=0x09000000
      60965.000 ns	      6095	800014ec	03dee5b3	rem	x11,x29,x29	 x29:0x00000000 x29:0x00000000 x11=0x00000000
      60995.000 ns	      6098	800014f0	a1ba2553	feq.s	x10,f20,f27	 f20:0xdf350461 f27:0x00000000 x10=0x00000000
      61025.000 ns	      6101	800014f4	e00c0253	fmv.x.w	x4,f24	 f24:0x4f5f3504  x4=0x4f5f3504
      61055.000 ns	      6104	800014f8	02233e33	mulhu	x28,x6,x2	  x6:0xffffffff  x2:0x3253a200 x28=0x3253a1ff
      61105.000 ns	      6109	800014fc	09cc41d3	fsub.s	f3,f24,f28	 f24:0x4f5f3504 f28:0x468e5866  f3=0x4f5f34bd
      61125.000 ns	      6111	80001500	01bf1fb3	sll	x31,x30,x27	 x30:0xff800000 x27:0x80041024 x31=0xf8000000
      61135.000 ns	      6112	80001504	00aed513	srli	x10,x29,0xa	 x29:0x00000000 x10=0x00000000
      61155.000 ns	      6114	80001508	a0069653	flt.s	x12,f13,f0	 f13:0x4efff7df  f0:0x00000000 x12=0x00000000
      61175.000 ns	      6116	8000150c	019d7ab3	and	x21,x26,x25	 x26:0x80040fe4 x25:0x00000000 x21=0x00000000
      61535.000 ns	      6152	80001510	02f5fe33	remu	x28,x11,x15	 x11:0x00000000 x15:0x77c8048e x28=0x00000000
      61555.000 ns	      6154	80001514	00bfff33	and	x30,x31,x11	 x31:0xf8000000 x11:0x00000000 x30=0x00000000
      61575.000 ns	      6156	80001518	e00f1853	fclass.s	x16,f30	 f30:0xce494e88 x16=0x00000002
      61595.000 ns	      6158	8000151c	e556e5b7	lui	x11,0xe556e	 x11=0xe556e000
      61615.000 ns	      6160	80001520	03ddc4b3	div	x9,x27,x29	 x27:0x80041024 x29:0x00000000  x9=0xffffffff
      61645.000 ns	      6163	80001524	c0068453	fcvt.w.s	x8,f13	 f13:0x4efff7df  x8=0x7ffbef80
      61685.000 ns	      6167	80001528	192ebe53	fdiv.s	f28,f29,f18	 f29:0xff800000 f18:0x4efff7df f28=0xff800000
      61705.000 ns	      6169	8000152c	00beca33	xor	x20,x29,x11	 x29:0x00000000 x11:0xe556e000 x20=0xe556e000
      61715.000 ns	      6170	80001530	7a623f93	sltiu	x31,x4,1958	  x4:0x4f5f3504 x31=0x00000000
      61725.000 ns	      6171	80001534	011deb33	or	x22,x27,x17	 x27:0x80041024 x17:0x00000000 x22=0x80041024
      61745.000 ns	      6173	80001538	a059ae53	feq.s	x28,f19,f5	 f19:0x6e0e57f7  f5:0x80041024 x28=0x00000000
      61775.000 ns	      6176	8000153c	29a28353	fmin.s	f6,f5,f26	  f5:0x80041024 f26:0x80000000  f6=0x80041024
      61795.000 ns	      6178	80001540	001ac933	xor	x18,x21,x1	 x21:0x00000000  x1:0xff800000 x18=0xff800000
      61815.000 ns	      6180	80001544	a06704d3	fle.s	x9,f14,f6	 f14:0x4ef838f6  f6:0x80041024  x9=0x00000000
      61845.000 ns	      6183	80001548	d013f753	fcvt.s.wu	f14,x7	  x7:0x09000000 f14=0x4d100000
      61875.000 ns	      6186	8000154c	03622233	mulhsu	x4,x4,x22	  x4:0x4f5f3504 x22:0x80041024  x4=0x27b0dcff
      61895.000 ns	      6188	80001550	00569393	slli	x7,x13,0x5	 x13:0x00000442  x7=0x00008840
      61915.000 ns	      6190	80001554	c014f553	fcvt.wu.s	x10,f9	  f9:0x00000000 x10=0x00000000
      61935.000 ns	      6192	80001558	57838137	lui	x2,0x57838	  x2=0x57838000
      61955.000 ns	      6194	8000155c	e00b95d3	fclass.s	x11,f23	 f23:0x80000000 x11=0x00000008
      61985.000 ns	      6197	80001560	d00c9e53	fcvt.s.w	f28,x25	 x25:0x00000000 f28=0x00000000
      62015.000 ns	      6200	80001564	c00df253	fcvt.w.s	x4,f27	 f27:0x00000000  x4=0x00000000
      62045.000 ns	      6203	80001568	d01f73d3	fcvt.s.wu	f7,x30	 x30:0x00000000  f7=0x00000000
      62065.000 ns	      6205	8000156c	0050bbb3	sltu	x23,x1,x5	  x1:0xff800000  x5:0x00000000 x23=0x00000000
      62085.000 ns	      6207	80001570	e00e1ed3	fclass.s	x29,f28	 f28:0x00000000 x29=0x00000010
      62105.000 ns	      6209	80001574	00bdc333	xor	x6,x27,x11	 x27:0x80041024 x11:0x00000008  x6=0x8004102c
      62125.000 ns	      6211	80001578	03c06eb3	rem	x29,x0,x28	  x0:0x00000000 x28:0x00000000 x29=0x00000000
      62155.000 ns	      6214	8000157c	21f59ad3	fsgnjn.s	f21,f11,f31	 f11:0xbf800000 f31:0xce494e88 f21=0x3f800000
      62175.000 ns	      6216	80001580	f8be7613	andi	x12,x28,-117	 x28:0x00000000 x12=0x00000000
      62185.000 ns	      6217	80001584	008e56b3	srl	x13,x28,x8	 x28:0x00000000  x8:0x7ffbef80 x13=0x00000000
      62205.000 ns	      6219	80001588	021ca1b3	mulhsu	x3,x25,x1	 x25:0x00000000  x1:0xff800000  x3=0x00000000
      63385.000 ns	      6337	8000158c	58071e53	fsqrt.s	f28,f14	 f14:0x4d100000 f28=0x45cba4f0
      63415.000 ns	      6340	80001590	025ce5b3	rem	x11,x25,x5	 x25:0x00000000  x5:0x00000000 x11=0x00000000
      63435.000 ns	      6342	80001594	415a8c33	sub	x24,x21,x21	 x21:0x00000000 x21:0x00000000 x24=0x00000000
      63445.000 ns	      6343	80001598	01c163b3	or	x7,x2,x28	  x2:0x57838000 x28:0x00000000  x7=0x57838000
      63455.000 ns	      6344	8000159c	a5f78513	addi	x10,x15,-1441	 x15:0x77c8048e x10=0x77c7feed
      63475.000 ns	      6346	800015a0	031543b3	div	x7,x10,x17	 x10:0x00000000 x17:0x00000000  x7=0xffffffff
      63505.000 ns	      6349	800015a4	29241ed3	fmax.s	f29,f8,f18	  f8:0x00000000 f18:0x4efff7df f29=0x4efff7df
      63525.000 ns	      6351	800015a8	40618a33	sub	x20,x3,x6	  x3:0x00000000  x6:0x8004102c x20=0x7ffbefd4
      63535.000 ns	      6352	800015ac	7c3d6b97	auipc	x23,0x7c3d6	 x23=0xfc3d75ac
      63545.000 ns	      6353	800015b0	012f1013	slli	x0,x30,0x12	 x30:0x00000000
      63575.000 ns	      6356	800015b4	10d103d3	fmul.s	f7,f2,f13	  f2:0x00000000 f13:0x4efff7df  f7=0x00000000
      63595.000 ns	      6358	800015b8	148d0993	addi	x19,x26,328	 x26:0x80040fe4 x19=0x8004112c
      63605.000 ns	      6359	800015bc	0059ccb3	xor	x25,x19,x5	 x19:0x00000000  x5:0x00000000 x25=0x8004112c
      63625.000 ns	      6361	800015c0	02b72033	mulhsu	x0,x14,x11	 x14:0xdf350060 x11:0x00000000
      63645.000 ns	      6363	800015c4	39862f93	slti	x31,x12,920	 x12:0x00000000 x31=0x00000001
      63655.000 ns	      6364	800015c8	41e45f33	sra	x30,x8,x30	  x8:0x7ffbef80 x30:0x00000000 x30=0x7ffbef80
      63675.000 ns	      6366	800015cc	a1089e53	flt.s	x28,f17,f16	 f17:0x6e0e57f7 f16:0x00000000 x28=0x00000000
      63695.000 ns	      6368	800015d0	ed0e4193	xori	x3,x28,-304	 x28:0x00000000  x3=0xfffffed0
      63705.000 ns	      6369	800015d4	002ad013	srli	x0,x21,0x2	 x21:0x00000000
      63725.000 ns	      6371	800015d8	02a232b3	mulhu	x5,x4,x10	  x4:0x00000000 x10:0x77c7feed  x5=0x00000000
      63745.000 ns	      6373	800015dc	0199eab3	or	x21,x19,x25	 x19:0x8004112c x25:0x8004112c x21=0x8004112c
      64105.000 ns	      6409	800015e0	027a6833	rem	x16,x20,x7	 x20:0x7ffbefd4  x7:0xffffffff x16=0x00000000
      64135.000 ns	      6412	800015e4	0267b833	mulhu	x16,x15,x6	 x15:0x77c8048e  x6:0x8004102c x16=0x3be5e8f8
      64155.000 ns	      6414	800015e8	011b2233	slt	x4,x22,x17	 x22:0x80041024 x17:0x00000000  x4=0x00000001
      64175.000 ns	      6416	800015ec	c0081f53	fcvt.w.s	x30,f16	 f16:0x00000000 x30=0x00000000
      64195.000 ns	      6418	800015f0	40dad433	sra	x8,x21,x13	 x21:0x8004112c x13:0x00000000  x8=0x8004112c
      64215.000 ns	      6420	800015f4	a1f91153	flt.s	x2,f18,f31	 f18:0x4efff7df f31:0xce494e88  x2=0x00000000
      64235.000 ns	      6422	800015f8	f64e6f97	auipc	x31,0xf64e6	 x31=0x764e75f8
      64255.000 ns	      6424	800015fc	e00e0e53	fmv.x.w	x28,f28	 f28:0x45cba4f0 x28=0x45cba4f0
      64275.000 ns	      6426	80001600	cff1a393	slti	x7,x3,-769	  x3:0xfffffed0  x7=0x00000000
      64285.000 ns	      6427	80001604	01c4f333	and	x6,x9,x28	  x9:0x00000000 x28:0x45cba4f0  x6=0x00000000
      64305.000 ns	      6429	80001608	28cf9553	fmax.s	f10,f31,f12	 f31:0xce494e88 f12:0x00000000 f10=0x00000000
      64335.000 ns	      6432	8000160c	03ff2133	mulhsu	x2,x30,x31	 x30:0x00000000 x31:0x764e75f8  x2=0x00000000
      64365.000 ns	      6435	80001610	02e82fb3	mulhsu	x31,x16,x14	 x16:0x3be5e8f8 x14:0xdf350060 x31=0x3439ac9f
      64385.000 ns	      6437	80001614	02787f93	andi	x31,x16,39	 x16:0x3be5e8f8 x31=0x00000020
      64395.000 ns	      6438	80001618	00006833	or	x16,x0,x0	  x0:0x00000000  x0:0x00000000 x16=0x00000000
      64405.000 ns	      6439	8000161c	70b918b7	lui	x17,0x70b91	 x17=0x70b91000
      64435.000 ns	      6442	80001620	18eb9fd3	fdiv.s	f31,f23,f14	 f23:0x80000000 f14:0x4d100000 f31=0x80000000
      64455.000 ns	      6444	80001624	0007b3b3	sltu	x7,x15,x0	 x15:0x77c8048e  x0:0x00000000  x7=0x00000000
      64465.000 ns	      6445	80001628	412c5313	srai	x6,x24,0x12	 x24:0x00000000  x6=0x00000000
      64475.000 ns	      6446	8000162c	5852ec13	ori	x24,x5,1413	  x5:0x00000000 x24=0x00000585
      64495.000 ns	      6448	80001630	03541b33	mulh	x22,x8,x21	  x8:0x8004112c x21:0x8004112c x22=0x3ffbeee4
      64515.000 ns	      6450	80001634	44f14e17	auipc	x28,0x44f14	 x28=0xc4f15634
      64535.000 ns	      6452	80001638	023d08b3	mul	x17,x26,x3	 x26:0x80040fe4  x3:0xfffffed0 x17=0xfb2d2140
      64565.000 ns	      6455	8000163c	e0030fd3	fmv.x.w	x31,f6	  f6:0x80041024 x31=0x80041024
      64585.000 ns	      6457	80001640	ea4fce13	xori	x28,x31,-348	 x31:0x00000020 x28=0x7ffbee80
      64605.000 ns	      6459	80001644	03918a33	mul	x20,x3,x25	  x3:0xfffffed0 x25:0x8004112c x20=0xfb2b9bc0
      64625.000 ns	      6461	80001648	01610633	add	x12,x2,x22	  x2:0x00000000 x22:0x3ffbeee4 x12=0x3ffbeee4
      64985.000 ns	      6497	8000164c	03996533	rem	x10,x18,x25	 x18:0xff800000 x25:0x8004112c x10=0xff800000
      65005.000 ns	      6499	80001650	01018b33	add	x22,x3,x16	  x3:0xfffffed0 x16:0x00000000 x22=0xfffffed0
      65025.000 ns	      6501	80001654	c00088d3	fcvt.w.s	x17,f1	  f1:0x00000000 x17=0x00000000
      65045.000 ns	      6503	80001658	36f1cf93	xori	x31,x3,879	  x3:0xfffffed0 x31=0xfffffdbf
      65055.000 ns	      6504	8000165c	0071a333	slt	x6,x3,x7	  x3:0xfffffed0  x7:0x00000000  x6=0x00000001
      65075.000 ns	      6506	80001660	0274e233	rem	x4,x9,x7	  x9:0x00000000  x7:0x00000000  x4=0x00000000
      65105.000 ns	      6509	80001664	a1510253	fle.s	x4,f2,f21	  f2:0x00000000 f21:0x3f800000  x4=0x00000001
      65135.000 ns	      6512	80001668	d00afb53	fcvt.s.w	f22,x21	 x21:0x8004112c f22=0xcefff7dd
      65165.000 ns	      6515	8000166c	d00e37d3	fcvt.s.w	f15,x28	 x28:0x7ffbee80 f15=0x4efff7dd
      65185.000 ns	      6517	80001670	0096d3b3	srl	x7,x13,x9	 x13:0x00000000  x9:0x00000000  x7=0x00000000
      65195.000 ns	      6518	80001674	b5952397	auipc	x7,0xb5952	  x7=0x35953674
      65205.000 ns	      6519	80001678	008c1b13	slli	x22,x24,0x8	 x24:0x00000585 x22=0x00058500
      65215.000 ns	      6520	8000167c	01361933	sll	x18,x12,x19	 x12:0x3ffbeee4 x19:0x8004112c x18=0xbeee4000
      65235.000 ns	      6522	80001680	c0037fd3	fcvt.w.s	x31,f6	  f6:0x80041024 x31=0x00000000
      65265.000 ns	      6525	80001684	a0f020d3	feq.s	x1,f0,f15	  f0:0x00000000 f15:0x4efff7dd  x1=0x00000000
      65285.000 ns	      6527	80001688	01114633	xor	x12,x2,x17	  x2:0x00000000 x17:0x00000000 x12=0x00000000
      65305.000 ns	      6529	8000168c	f00186d3	fmv.w.x	f13,x3	  x3:0xfffffed0 f13=0xfffffed0
      65325.000 ns	      6531	80001690	00192033	slt	x0,x18,x1	 x18:0xbeee4000  x1:0x00000000
      65335.000 ns	      6532	80001694	01bc62b3	or	x5,x24,x27	 x24:0x00000585 x27:0x80041024  x5=0x800415a5
      65355.000 ns	      6534	80001698	21728dd3	fsgnj.s	f27,f5,f23	  f5:0x80041024 f23:0x80000000 f27=0x80041024
      65385.000 ns	      6537	8000169c	29481b53	fmax.s	f22,f16,f20	 f16:0x00000000 f20:0xdf350461 f22=0x00000000
      65405.000 ns	      6539	800016a0	01a4b5b3	sltu	x11,x9,x26	  x9:0x00000000 x26:0x80040fe4 x11=0x00000001
      65415.000 ns	      6540	800016a4	2b1ad5b7	lui	x11,0x2b1ad	 x11=0x2b1ad000
      65425.000 ns	      6541	800016a8	01af7eb3	and	x29,x30,x26	 x30:0x00000000 x26:0x80040fe4 x29=0x00000000
      65445.000 ns	      6543	800016ac	29ff1953	fmax.s	f18,f30,f31	 f30:0xce494e88 f31:0x80000000 f18=0x80000000
      65475.000 ns	      6546	800016b0	c0192853	fcvt.wu.s	x16,f18	 f18:0x4efff7df x16=0x00000000
      65845.000 ns	      6583	800016b4	02e1d5b3	divu	x11,x3,x14	  x3:0xfffffed0 x14:0xdf350060 x11=0x00000001
      65865.000 ns	      6585	800016b8	266c6313	ori	x6,x24,614	 x24:0x00000585  x6=0x000007e7
      65885.000 ns	      6587	800016bc	032e15b3	mulh	x11,x28,x18	 x28:0x7ffbee80 x18:0xbeee4000 x11=0xdf7828b9
      65905.000 ns	      6589	800016c0	cfa01b37	lui	x22,0xcfa01	 x22=0xcfa01000
      65945.000 ns	      6593	800016c4	08b47753	fsub.s	f14,f8,f11	  f8:0x00000000 f11:0xbf800000 f14=0x3f800000
      65985.000 ns	      6597	800016c8	58050253	fsqrt.s	f4,f10	 f10:0x00000000  f4=0x00000000
      66355.000 ns	      6634	800016cc	0372fcb3	remu	x25,x5,x23	  x5:0x800415a5 x23:0xfc3d75ac x25=0x800415a5
      66375.000 ns	      6636	800016d0	41488cb3	sub	x25,x17,x20	 x17:0x00000000 x20:0xfb2b9bc0 x25=0x04d46440
      66385.000 ns	      6637	800016d4	018c2333	slt	x6,x24,x24	 x24:0x00000585 x24:0x00000585  x6=0x00000000
      66395.000 ns	      6638	800016d8	01d51b93	slli	x23,x10,0x1d	 x10:0xff800000 x23=0x00000000
      66415.000 ns	      6640	800016dc	03fe55b3	divu	x11,x28,x31	 x28:0x7ffbee80 x31:0x00000000 x11=0xffffffff
      66785.000 ns	      6677	800016e0	032ff733	remu	x14,x31,x18	 x31:0x00000000 x18:0xbeee4000 x14=0x00000000
      66815.000 ns	      6680	800016e4	c003c953	fcvt.w.s	x18,f7	  f7:0x00000000 x18=0x00000000
      66855.000 ns	      6684	800016e8	580b06d3	fsqrt.s	f13,f22	 f22:0x00000000 f13=0x00000000
      66875.000 ns	      6686	800016ec	00000013	addi	x0,x0,0	  x0:0x00000000
      66885.000 ns	      6687	800016f0	002ab1b3	sltu	x3,x21,x2	 x21:0x8004112c  x2:0x00000000  x3=0x00000000
      66905.000 ns	      6689	800016f4	f00502d3	fmv.w.x	f5,x10	 x10:0xff800000  f5=0xff800000
      66925.000 ns	      6691	800016f8	224ca913	slti	x18,x25,548	 x25:0x04d46440 x18=0x00000000
      66945.000 ns	      6693	800016fc	c017abd3	fcvt.wu.s	x23,f15	 f15:0x4efff7dd x23=0x7ffbee80
      66965.000 ns	      6695	80001700	4172dfb3	sra	x31,x5,x23	  x5:0x800415a5 x23:0x00000000 x31=0x800415a5
      66985.000 ns	      6697	80001704	29fe17d3	fmax.s	f15,f28,f31	 f28:0x45cba4f0 f31:0x80000000 f15=0x45cba4f0
      67355.000 ns	      6734	80001708	02acc033	div	x0,x25,x10	 x25:0x04d46440 x10:0xff800000
      67725.000 ns	      6771	8000170c	033f7c33	remu	x24,x30,x19	 x30:0x00000000 x19:0x8004112c x24=0x00000000
      67755.000 ns	      6774	80001710	d01b70d3	fcvt.s.wu	f1,x22	 x22:0xcfa01000  f1=0x4f4fa010
      67785.000 ns	      6777	80001714	c01d73d3	fcvt.wu.s	x7,f26	 f26:0x80000000  x7=0x00000000
      67815.000 ns	      6780	80001718	f00c8053	fmv.w.x	f0,x25	 x25:0x04d46440  f0=0x04d46440
      67845.000 ns	      6783	8000171c	d01d2c53	fcvt.s.wu	f24,x26	 x26:0x80040fe4 f24=0x4f000410
      67865.000 ns	      6785	80001720	0103d493	srli	x9,x7,0x10	  x7:0x00000000  x9=0x00000000
      67875.000 ns	      6786	80001724	00530c33	add	x24,x6,x5	  x6:0x00000000  x5:0x800415a5 x24=0x800415a5
      67895.000 ns	      6788	80001728	284404d3	fmin.s	f9,f8,f4	  f8:0x00000000  f4:0x00000000  f9=0x00000000
      67915.000 ns	      6790	8000172c	0757a317	auipc	x6,0x757a	  x6=0x8757b72c
      67925.000 ns	      6791	80001730	b3116693	ori	x13,x2,-1231	  x2:0x00000000 x13=0xfffffb31
      67945.000 ns	      6793	80001734	02225cb3	divu	x25,x4,x2	  x4:0x00000001  x2:0x00000000 x25=0xffffffff
      67975.000 ns	      6796	80001738	03efe1b3	rem	x3,x31,x30	 x31:0x800415a5 x30:0x00000000  x3=0x800415a5
      67995.000 ns	      6798	8000173c	00000013	addi	x0,x0,0	  x0:0x00000000
      68005.000 ns	      6799	80001740	0072f833	and	x16,x5,x7	  x5:0x800415a5  x7:0x00000000 x16=0x00000000
      68015.000 ns	      6800	80001744	019bd513	srli	x10,x23,0x19	 x23:0x7ffbee80 x10=0x0000003f
      68025.000 ns	      6801	80001748	00000013	addi	x0,x0,0	  x0:0x00000000
      68055.000 ns	      6804	8000174c	117b7b53	fmul.s	f22,f22,f23	 f22:0x00000000 f23:0x80000000 f22=0x80000000
      68085.000 ns	      6807	80001750	02f381b3	mul	x3,x7,x15	  x7:0x00000000 x15:0x77c8048e  x3=0x00000000
      68455.000 ns	      6844	80001754	03935f33	divu	x30,x6,x25	  x6:0x8757b72c x25:0xffffffff x30=0x00000000
      68475.000 ns	      6846	80001758	019ca133	slt	x2,x25,x25	 x25:0xffffffff x25:0xffffffff  x2=0x00000000
      68495.000 ns	      6848	8000175c	d009f353	fcvt.s.w	f6,x19	 x19:0x8004112c  f6=0xcefff7dd
      68515.000 ns	      6850	80001760	6abef413	andi	x8,x29,1707	 x29:0x00000000  x8=0x00000000
      68535.000 ns	      6852	80001764	d014fb53	fcvt.s.wu	f22,x9	  x9:0x00000000 f22=0x00000000
      68585.000 ns	      6857	80001768	0876b2d3	fsub.s	f5,f13,f7	 f13:0x00000000  f7:0x00000000  f5=0x80000000
      68605.000 ns	      6859	8000176c	79dec837	lui	x16,0x79dec	 x16=0x79dec000
      68615.000 ns	      6860	80001770	008e8a33	add	x20,x29,x8	 x29:0x00000000  x8:0x00000000 x20=0x00000000
      68625.000 ns	      6861	80001774	e7a27613	andi	x12,x4,-390	  x4:0x00000001 x12=0x00000000
      68645.000 ns	      6863	80001778	e0091bd3	fclass.s	x23,f18	 f18:0x80000000 x23=0x00000008
      68665.000 ns	      6865	8000177c	004c1093	slli	x1,x24,0x4	 x24:0x800415a5  x1=0x00415a50
      68685.000 ns	      6867	80001780	027984b3	mul	x9,x19,x7	 x19:0x8004112c  x7:0x00000000  x9=0x00000000
      68705.000 ns	      6869	80001784	0012d593	srli	x11,x5,0x1	  x5:0x800415a5 x11=0x40020ad2
      68725.000 ns	      6871	80001788	d0147c53	fcvt.s.wu	f24,x8	  x8:0x00000000 f24=0x00000000
      68745.000 ns	      6873	8000178c	012e25b3	slt	x11,x28,x18	 x28:0x7ffbee80 x18:0x00000000 x11=0x00000000
      68765.000 ns	      6875	80001790	e0079cd3	fclass.s	x25,f15	 f15:0x45cba4f0 x25=0x00000040
      68795.000 ns	      6878	80001794	21ad2153	fsgnjx.s	f2,f26,f26	 f26:0x80000000 f26:0x80000000  f2=0x00000000
      68815.000 ns	      6880	80001798	00a90933	add	x18,x18,x10	 x18:0x00000000 x10:0x0000003f x18=0x0000003f
      68835.000 ns	      6882	8000179c	02071733	mulh	x14,x14,x0	 x14:0x00000000  x0:0x00000000 x14=0x00000000
      68855.000 ns	      6884	800017a0	0052ce33	xor	x28,x5,x5	  x5:0x800415a5  x5:0x800415a5 x28=0x00000000
      68865.000 ns	      6885	800017a4	41280cb3	sub	x25,x16,x18	 x16:0x79dec000 x18:0x0000003f x25=0x79debfc1
      68875.000 ns	      6886	800017a8	685e1c17	auipc	x24,0x685e1	 x24=0xe85e27a8
      68885.000 ns	      6887	800017ac	4050d893	srai	x17,x1,0x5	  x1:0x00415a50 x17=0x00020ad2
      68915.000 ns	      6890	800017b0	190fc353	fdiv.s	f6,f31,f16	 f31:0x80000000 f16:0x00000000  f6=0x7fc00000
      68945.000 ns	      6893	800017b4	20db1653	fsgnjn.s	f12,f22,f13	 f22:0x00000000 f13:0x00000000 f12=0x80000000
      68965.000 ns	      6895	800017b8	a6937b93	andi	x23,x6,-1431	  x6:0x8757b72c x23=0x8757b228
      68985.000 ns	      6897	800017bc	e0091b53	fclass.s	x22,f18	 f18:0x80000000 x22=0x00000008
      69005.000 ns	      6899	800017c0	89422693	slti	x13,x4,-1900	  x4:0x00000001 x13=0x00000000
      69025.000 ns	      6901	800017c4	02548f33	mul	x30,x9,x5	  x9:0x00000000  x5:0x800415a5 x30=0x00000000
      69055.000 ns	      6904	800017c8	d0137ad3	fcvt.s.wu	f21,x6	  x6:0x8757b72c f21=0x4f0757b7
      69085.000 ns	      6907	800017cc	20d01bd3	fsgnjn.s	f23,f0,f13	  f0:0x04d46440 f13:0x00000000 f23=0x84d46440
      69135.000 ns	      6912	800017d0	098f8653	fsub.s	f12,f31,f24	 f31:0x80000000 f24:0x00000000 f12=0x80000000
      69165.000 ns	      6915	800017d4	29989153	fmax.s	f2,f17,f25	 f17:0x6e0e57f7 f25:0x3f800000  f2=0x6e0e57f7
      69195.000 ns	      6918	800017d8	21179f53	fsgnjn.s	f30,f15,f17	 f15:0x45cba4f0 f17:0x6e0e57f7 f30=0xc5cba4f0
      69225.000 ns	      6921	800017dc	0335a233	mulhsu	x4,x11,x19	 x11:0x00000000 x19:0x8004112c  x4=0x00000000
      69245.000 ns	      6923	800017e0	010c9e13	slli	x28,x25,0x10	 x25:0x79debfc1 x28=0xbfc10000
      69255.000 ns	      6924	800017e4	41e15b13	srai	x22,x2,0x1e	  x2:0x00000000 x22=0x00000000
      69275.000 ns	      6926	800017e8	03ca1f33	mulh	x30,x20,x28	 x20:0x00000000 x28:0x00000000 x30=0x00000000
      69305.000 ns	      6929	800017ec	02b763b3	rem	x7,x14,x11	 x14:0x00000000 x11:0x00000000  x7=0x00000000
      69335.000 ns	      6932	800017f0	d006fed3	fcvt.s.w	f29,x13	 x13:0x00000000 f29=0x00000000
      69385.000 ns	      6937	800017f4	004404d3	fadd.s	f9,f8,f4	  f8:0x00000000  f4:0x00000000  f9=0x00000000
      69405.000 ns	      6939	800017f8	0032f833	and	x16,x5,x3	  x5:0x800415a5  x3:0x00000000 x16=0x00000000
      69445.000 ns	      6943	800017fc	0065aad3	fadd.s	f21,f11,f6	 f11:0xbf800000  f6:0x7fc00000 f21=0x7fc00000
      69465.000 ns	      6945	80001800	41d68533	sub	x10,x13,x29	 x13:0x00000000 x29:0x00000000 x10=0x00000000
      69485.000 ns	      6947	80001804	e00f8fd3	fmv.x.w	x31,f31	 f31:0x80000000 x31=0x80000000
      69515.000 ns	      6950	80001808	d0192953	fcvt.s.wu	f18,x18	 x18:0x0000003f f18=0x427c0000
      69535.000 ns	      6952	8000180c	00218e33	add	x28,x3,x2	  x3:0x00000000  x2:0x00000000 x28=0x00000000
      69555.000 ns	      6954	80001810	2022a1d3	fsgnjx.s	f3,f5,f2	  f5:0x80000000  f2:0x6e0e57f7  f3=0x80000000
      69595.000 ns	      6958	80001814	186dc253	fdiv.s	f4,f27,f6	 f27:0x80041024  f6:0x7fc00000  f4=0x7fc00000
      69615.000 ns	      6960	80001818	41b4d3b3	sra	x7,x9,x27	  x9:0x00000000 x27:0x80041024  x7=0x00000000
      69655.000 ns	      6964	8000181c	0175b4d3	fadd.s	f9,f11,f23	 f11:0xbf800000 f23:0x84d46440  f9=0xbf800000
      69675.000 ns	      6966	80001820	40db88b3	sub	x17,x23,x13	 x23:0x8757b228 x13:0x00000000 x17=0x8757b228
      69695.000 ns	      6968	80001824	e00306d3	fmv.x.w	x13,f6	  f6:0x7fc00000 x13=0x7fc00000
      69725.000 ns	      6971	80001828	0389bf33	mulhu	x30,x19,x24	 x19:0x8004112c x24:0xe85e27a8 x30=0x7432c4e2
      69755.000 ns	      6974	8000182c	02592fb3	mulhsu	x31,x18,x5	 x18:0x0000003f  x5:0x800415a5 x31=0x0000001f
      69775.000 ns	      6976	80001830	018a0ab3	add	x21,x20,x24	 x20:0x00000000 x24:0xe85e27a8 x21=0xe85e27a8
      69795.000 ns	      6978	80001834	e0098653	fmv.x.w	x12,f19	 f19:0x6e0e57f7 x12=0x6e0e57f7
      69815.000 ns	      6980	80001838	01471e93	slli	x29,x14,0x14	 x14:0x00000000 x29=0x00000000
      69825.000 ns	      6981	8000183c	013fa4b3	slt	x9,x31,x19	 x31:0x0000001f x19:0x8004112c  x9=0x00000000
      69845.000 ns	      6983	80001840	29290ed3	fmin.s	f29,f18,f18	 f18:0x427c0000 f18:0x427c0000 f29=0x427c0000
      69865.000 ns	      6985	80001844	00e54e33	xor	x28,x10,x14	 x10:0x00000000 x14:0x00000000 x28=0x00000000
      69875.000 ns	      6986	80001848	d3b4bf13	sltiu	x30,x9,-709	  x9:0x00000000 x30=0x00000001
      69885.000 ns	      6987	8000184c	93b44593	xori	x11,x8,-1733	  x8:0x00000000 x11=0xfffff93b
      69895.000 ns	      6988	80001850	015b5913	srli	x18,x22,0x15	 x22:0x00000000 x18=0x00000000
      69905.000 ns	      6989	80001854	00000013	addi	x0,x0,0	  x0:0x00000000
      69925.000 ns	      6991	80001858	02908633	mul	x12,x1,x9	  x1:0x00415a50  x9:0x00000000 x12=0x00000000
      69955.000 ns	      6994	8000185c	d01f3fd3	fcvt.s.wu	f31,x30	 x30:0x00000001 f31=0x3f800000
      69985.000 ns	      6997	80001860	033783b3	mul	x7,x15,x19	 x15:0x77c8048e x19:0x8004112c  x7=0xf0e63668
      70005.000 ns	      6999	80001864	00fd5433	srl	x8,x26,x15	 x26:0x80040fe4 x15:0x77c8048e  x8=0x00020010
      70025.000 ns	      7001	80001868	29e805d3	fmin.s	f11,f16,f30	 f16:0x00000000 f30:0xc5cba4f0 f11=0xc5cba4f0
      70045.000 ns	      7003	8000186c	009f9e13	slli	x28,x31,0x9	 x31:0x0000001f x28=0x00003e00
      70055.000 ns	      7004	80001870	01262fb3	slt	x31,x12,x18	 x12:0x00000000 x18:0x00000000 x31=0x00000000
      70075.000 ns	      7006	80001874	a1c4a353	feq.s	x6,f9,f28	  f9:0xbf800000 f28:0x45cba4f0  x6=0x00000000
      70095.000 ns	      7008	80001878	0029f8b3	and	x17,x19,x2	 x19:0x8004112c  x2:0x00000000 x17=0x00000000
      70125.000 ns	      7011	8000187c	11722e53	fmul.s	f28,f4,f23	  f4:0x7fc00000 f23:0x84d46440 f28=0x7fc00000
      70165.000 ns	      7015	80001880	580d7f53	fsqrt.s	f30,f26	 f26:0x80000000 f30=0x80000000
      70195.000 ns	      7018	80001884	d01bb8d3	fcvt.s.wu	f17,x23	 x23:0x8757b228 f17=0x4f0757b3
      70215.000 ns	      7020	80001888	836aab93	slti	x23,x21,-1994	 x21:0xe85e27a8 x23=0x00000001
      70245.000 ns	      7023	8000188c	104ff4d3	fmul.s	f9,f31,f4	 f31:0x3f800000  f4:0x7fc00000  f9=0x7fc00000
      70265.000 ns	      7025	80001890	56b7e393	ori	x7,x15,1387	 x15:0x77c8048e  x7=0x77c805ef
      70285.000 ns	      7027	80001894	28c98453	fmin.s	f8,f19,f12	 f19:0x6e0e57f7 f12:0x80000000  f8=0x80000000
      70315.000 ns	      7030	80001898	c0070cd3	fcvt.w.s	x25,f14	 f14:0x3f800000 x25=0x00000001
      70345.000 ns	      7033	8000189c	21e4a3d3	fsgnjx.s	f7,f9,f30	  f9:0x7fc00000 f30:0x80000000  f7=0xffc00000
      70365.000 ns	      7035	800018a0	0033dfb3	srl	x31,x7,x3	  x7:0x77c805ef  x3:0x00000000 x31=0x77c805ef
      70385.000 ns	      7037	800018a4	02d6a933	mulhsu	x18,x13,x13	 x13:0x7fc00000 x13:0x7fc00000 x18=0x3fc01000
      70405.000 ns	      7039	800018a8	eb2a2c17	auipc	x24,0xeb2a2	 x24=0x6b2a38a8
      70435.000 ns	      7042	800018ac	10f782d3	fmul.s	f5,f15,f15	 f15:0x45cba4f0 f15:0x45cba4f0  f5=0x4c21feff
      70485.000 ns	      7047	800018b0	09f93953	fsub.s	f18,f18,f31	 f18:0x427c0000 f31:0x3f800000 f18=0x42780000
      70505.000 ns	      7049	800018b4	00ce4e33	xor	x28,x28,x12	 x28:0x00003e00 x12:0x00000000 x28=0x00003e00
      70525.000 ns	      7051	800018b8	e0079253	fclass.s	x4,f15	 f15:0x45cba4f0  x4=0x00000040
      70565.000 ns	      7055	800018bc	187c8953	fdiv.s	f18,f25,f7	 f25:0x3f800000  f7:0xffc00000 f18=0x7fc00000
      70595.000 ns	      7058	800018c0	29d419d3	fmax.s	f19,f8,f29	  f8:0x80000000 f29:0x427c0000 f19=0x427c0000
      70625.000 ns	      7061	800018c4	f00b08d3	fmv.w.x	f17,x22	 x22:0x00000000 f17=0x00000000
      70995.000 ns	      7098	800018c8	03c64eb3	div	x29,x12,x28	 x12:0x00000000 x28:0x00003e00 x29=0x00000000
      71015.000 ns	      7100	800018cc	01d606b3	add	x13,x12,x29	 x12:0x00000000 x29:0x00000000 x13=0x00000000
      71025.000 ns	      7101	800018d0	bcef0493	addi	x9,x30,-1074	 x30:0x00000001  x9=0xfffffbcf
      71035.000 ns	      7102	800018d4	4a354113	xori	x2,x10,1187	 x10:0x00000000  x2=0x000004a3
      71055.000 ns	      7104	800018d8	03bfb2b3	mulhu	x5,x31,x27	 x31:0x77c805ef x27:0x80041024  x5=0x3be5e9a4
      71085.000 ns	      7107	800018dc	d01d76d3	fcvt.s.wu	f13,x26	 x26:0x80040fe4 f13=0x4f00040f
      71115.000 ns	      7110	800018e0	02bca0b3	mulhsu	x1,x25,x11	 x25:0x00000001 x11:0xfffff93b  x1=0x00000000
      71145.000 ns	      7113	800018e4	031e5ab3	divu	x21,x28,x17	 x28:0x00003e00 x17:0x00000000 x21=0xffffffff
      71175.000 ns	      7116	800018e8	033fbf33	mulhu	x30,x31,x19	 x31:0x77c805ef x19:0x8004112c x30=0x3be5ea20
      71205.000 ns	      7119	800018ec	a11f9453	flt.s	x8,f31,f17	 f31:0x3f800000 f17:0x00000000  x8=0x00000000
      71235.000 ns	      7122	800018f0	03ab2fb3	mulhsu	x31,x22,x26	 x22:0x00000000 x26:0x80040fe4 x31=0x00000000
      71265.000 ns	      7125	800018f4	03742933	mulhsu	x18,x8,x23	  x8:0x00000000 x23:0x00000001 x18=0x00000000
      71285.000 ns	      7127	800018f8	0179ce33	xor	x28,x19,x23	 x19:0x8004112c x23:0x00000001 x28=0x8004112d
      71295.000 ns	      7128	800018fc	b2ad6e13	ori	x28,x26,-1238	 x26:0x80040fe4 x28=0xffffffee
      71305.000 ns	      7129	80001900	01128cb3	add	x25,x5,x17	  x5:0x3be5e9a4 x17:0x00000000 x25=0x3be5e9a4
      71315.000 ns	      7130	80001904	00000013	addi	x0,x0,0	  x0:0x00000000
      71325.000 ns	      7131	80001908	00fea9b3	slt	x19,x29,x15	 x29:0x00000000 x15:0x77c8048e x19=0x00000001
      71345.000 ns	      7133	8000190c	a04698d3	flt.s	x17,f13,f4	 f13:0x4f00040f  f4:0x7fc00000 x17=0x00000000
      71395.000 ns	      7138	80001910	087e0ad3	fsub.s	f21,f28,f7	 f28:0x7fc00000  f7:0xffc00000 f21=0x7fc00000
      71415.000 ns	      7140	80001914	403e8f33	sub	x30,x29,x3	 x29:0x00000000  x3:0x00000000 x30=0x00000000
      71435.000 ns	      7142	80001918	c004f1d3	fcvt.w.s	x3,f9	  f9:0x7fc00000  x3=0x7fffffff
      71455.000 ns	      7144	8000191c	4653c413	xori	x8,x7,1125	  x7:0x77c805ef  x8=0x77c8018a
      71485.000 ns	      7147	80001920	18ab4253	fdiv.s	f4,f22,f10	 f22:0x00000000 f10:0x00000000  f4=0x7fc00000
      71505.000 ns	      7149	80001924	01386633	or	x12,x16,x19	 x16:0x00000000 x19:0x00000001 x12=0x00000001
      71525.000 ns	      7151	80001928	c00e3153	fcvt.w.s	x2,f28	 f28:0x7fc00000  x2=0x7fffffff
      71555.000 ns	      7154	8000192c	0268d733	divu	x14,x17,x6	 x17:0x00000000  x6:0x00000000 x14=0xffffffff
      71585.000 ns	      7157	80001930	289c9cd3	fmax.s	f25,f25,f9	 f25:0x3f800000  f9:0x7fc00000 f25=0x3f800000
      71625.000 ns	      7161	80001934	10c0ba53	fmul.s	f20,f1,f12	  f1:0x4f4fa010 f12:0x80000000 f20=0x80000000
      71645.000 ns	      7163	80001938	01311233	sll	x4,x2,x19	  x2:0x7fffffff x19:0x00000001  x4=0xfffffffe
      71655.000 ns	      7164	8000193c	92272517	auipc	x10,0x92272	 x10=0x1227393c
      71665.000 ns	      7165	80001940	00f40433	add	x8,x8,x15	  x8:0x77c8018a x15:0x77c8048e  x8=0xef900618
      71685.000 ns	      7167	80001944	e00d1f53	fclass.s	x30,f26	 f26:0x80000000 x30=0x00000008
      71715.000 ns	      7170	80001948	a1ac2f53	feq.s	x30,f24,f26	 f24:0x00000000 f26:0x80000000 x30=0x00000001
      71735.000 ns	      7172	8000194c	fa2e7517	auipc	x10,0xfa2e7	 x10=0x7a2e894c
      71755.000 ns	      7174	80001950	e0089ed3	fclass.s	x29,f17	 f17:0x00000000 x29=0x00000010
      71775.000 ns	      7176	80001954	01017933	and	x18,x2,x16	  x2:0x7fffffff x16:0x00000000 x18=0x00000000
      71795.000 ns	      7178	80001958	c00c4553	fcvt.w.s	x10,f24	 f24:0x00000000 x10=0x00000000
      71825.000 ns	      7181	8000195c	284d9553	fmax.s	f10,f27,f4	 f27:0x80041024  f4:0x7fc00000 f10=0x80041024
      72195.000 ns	      7218	80001960	03cafbb3	remu	x23,x21,x28	 x21:0xffffffff x28:0xffffffee x23=0x00000011
      72215.000 ns	      7220	80001964	f9783113	sltiu	x2,x16,-105	 x16:0x00000000  x2=0x00000001
      72235.000 ns	      7222	80001968	21b81c53	fsgnjn.s	f24,f16,f27	 f16:0x00000000 f27:0x80041024 f24=0x00000000
      72265.000 ns	      7225	8000196c	21890ed3	fsgnj.s	f29,f18,f24	 f18:0x7fc00000 f24:0x00000000 f29=0x7fc00000
      72285.000 ns	      7227	80001970	c7faf593	andi	x11,x21,-897	 x21:0xffffffff x11=0xfffffc7f
      72305.000 ns	      7229	80001974	211e8253	fsgnj.s	f4,f29,f17	 f29:0x7fc00000 f17:0x00000000  f4=0x7fc00000
      72335.000 ns	      7232	80001978	02a94033	div	x0,x18,x10	 x18:0x00000000 x10:0x00000000
      72365.000 ns	      7235	8000197c	f00e0653	fmv.w.x	f12,x28	 x28:0xffffffee f12=0xffffffee
      72385.000 ns	      7237	80001980	006f5493	srli	x9,x30,0x6	 x30:0x00000001  x9=0x00000000
      72395.000 ns	      7238	80001984	01bed233	srl	x4,x29,x27	 x29:0x00000010 x27:0x80041024  x4=0x00000001
      72405.000 ns	      7239	80001988	01bc4133	xor	x2,x24,x27	 x24:0x6b2a38a8 x27:0x80041024  x2=0xeb2e288c
      72415.000 ns	      7240	8000198c	05c24913	xori	x18,x4,92	  x4:0xfffffffe x18=0x0000005d
      72435.000 ns	      7242	80001990	d002f5d3	fcvt.s.w	f11,x5	  x5:0x3be5e9a4 f11=0x4e6f97a6
      72805.000 ns	      7279	80001994	02b57133	remu	x2,x10,x11	 x10:0x00000000 x11:0xfffffc7f  x2=0x00000000
      72825.000 ns	      7281	80001998	93c06e13	ori	x28,x0,-1732	  x0:0x00000000 x28=0xfffff93c
      72835.000 ns	      7282	8000199c	008c18b3	sll	x17,x24,x8	 x24:0x6b2a38a8  x8:0xef900618 x17=0xa8000000
      73195.000 ns	      7318	800019a0	03966633	rem	x12,x12,x25	 x12:0x00000001 x25:0x3be5e9a4 x12=0x00000001
      73215.000 ns	      7320	800019a4	00000013	addi	x0,x0,0	  x0:0x00000000
      73245.000 ns	      7323	800019a8	11894653	fmul.s	f12,f18,f24	 f18:0x7fc00000 f24:0x00000000 f12=0x7fc00000
      73265.000 ns	      7325	800019ac	0140beb3	sltu	x29,x1,x20	  x1:0x00000000 x20:0x00000000 x29=0x00000000
      73275.000 ns	      7326	800019b0	007fb1b3	sltu	x3,x31,x7	 x31:0x00000000  x7:0x77c805ef  x3=0x00000001
      73285.000 ns	      7327	800019b4	406dd113	srai	x2,x27,0x6	 x27:0x80041024  x2=0xfe001040
      73305.000 ns	      7329	800019b8	02f995b3	mulh	x11,x19,x15	 x19:0x00000001 x15:0x77c8048e x11=0x00000000
      73335.000 ns	      7332	800019bc	e0019ed3	fclass.s	x29,f3	  f3:0x80000000 x29=0x00000008
      73365.000 ns	      7335	800019c0	d00175d3	fcvt.s.w	f11,x2	  x2:0xfe001040 f11=0xcbfff7e0
      73385.000 ns	      7337	800019c4	0029d133	srl	x2,x19,x2	 x19:0x00000001  x2:0xfe001040  x2=0x00000001
      73425.000 ns	      7341	800019c8	006efc53	fadd.s	f24,f29,f6	 f29:0x7fc00000  f6:0x7fc00000 f24=0x7fc00000
      73455.000 ns	      7344	800019cc	d01e9053	fcvt.s.wu	f0,x29	 x29:0x00000008  f0=0x41000000
      73495.000 ns	      7348	800019d0	11cfa953	fmul.s	f18,f31,f28	 f31:0x3f800000 f28:0x7fc00000 f18=0x7fc00000
      73525.000 ns	      7351	800019d4	20680fd3	fsgnj.s	f31,f16,f6	 f16:0x00000000  f6:0x7fc00000 f31=0x00000000
      73555.000 ns	      7354	800019d8	e0031253	fclass.s	x4,f6	  f6:0x7fc00000  x4=0x00000200
      73585.000 ns	      7357	800019dc	a01e23d3	feq.s	x7,f28,f1	 f28:0x7fc00000  f1:0x4f4fa010  x7=0x00000000
      73615.000 ns	      7360	800019e0	02a763b3	rem	x7,x14,x10	 x14:0xffffffff x10:0x00000000  x7=0xffffffff
      73645.000 ns	      7363	800019e4	023f0fb3	mul	x31,x30,x3	 x30:0x00000001  x3:0x00000001 x31=0x00000001
      73665.000 ns	      7365	800019e8	00000013	addi	x0,x0,0	  x0:0x00000000
      73685.000 ns	      7367	800019ec	201a8353	fsgnj.s	f6,f21,f1	 f21:0x7fc00000  f1:0x4f4fa010  f6=0x7fc00000
      73705.000 ns	      7369	800019f0	013ee0b3	or	x1,x29,x19	 x29:0x00000008 x19:0x00000001  x1=0x00000009
      73725.000 ns	      7371	800019f4	212e9753	fsgnjn.s	f14,f29,f18	 f29:0x7fc00000 f18:0x7fc00000 f14=0xffc00000
      73755.000 ns	      7374	800019f8	0340e1b3	rem	x3,x1,x20	  x1:0x00000000 x20:0x00000000  x3=0x00000009
      73775.000 ns	      7376	800019fc	4f492113	slti	x2,x18,1268	 x18:0x0000005d  x2=0x00000001
      73785.000 ns	      7377	80001a00	41ef08b3	sub	x17,x30,x30	 x30:0x00000001 x30:0x00000001 x17=0x00000000
      73805.000 ns	      7379	80001a04	c0120153	fcvt.wu.s	x2,f4	  f4:0x7fc00000  x2=0xffffffff
      73825.000 ns	      7381	80001a08	bdaa9a17	auipc	x20,0xbdaa9	 x20=0x3daaaa08
      73845.000 ns	      7383	80001a0c	02141233	mulh	x4,x8,x1	  x8:0xef900618  x1:0x00000009  x4=0xffffffff
      73865.000 ns	      7385	80001a10	00000013	addi	x0,x0,0	  x0:0x00000000
      73885.000 ns	      7387	80001a14	039b1133	mulh	x2,x22,x25	 x22:0x00000000 x25:0x3be5e9a4  x2=0x00000000
      73905.000 ns	      7389	80001a18	00a4ae33	slt	x28,x9,x10	  x9:0x00000000 x10:0x00000000 x28=0x00000000
      73915.000 ns	      7390	80001a1c	905b7a93	andi	x21,x22,-1787	 x22:0x00000000 x21=0x00000000
      73925.000 ns	      7391	80001a20	44f72a93	slti	x21,x14,1103	 x14:0xffffffff x21=0x00000001
      73945.000 ns	      7393	80001a24	d01ac9d3	fcvt.s.wu	f19,x21	 x21:0xffffffff f19=0x3f800000
      73975.000 ns	      7396	80001a28	214305d3	fsgnj.s	f11,f6,f20	  f6:0x7fc00000 f20:0x80000000 f11=0xffc00000
      74005.000 ns	      7399	80001a2c	d00c7053	fcvt.s.w	f0,x24	 x24:0x6b2a38a8  f0=0x4ed65471
      74025.000 ns	      7401	80001a30	00e25133	srl	x2,x4,x14	  x4:0xffffffff x14:0xffffffff  x2=0x00000001
      74055.000 ns	      7404	80001a34	18167d53	fdiv.s	f26,f12,f1	 f12:0x7fc00000  f1:0x4f4fa010 f26=0x7fc00000
      74085.000 ns	      7407	80001a38	e0079a53	fclass.s	x20,f15	 f15:0x45cba4f0 x20=0x00000040
      74105.000 ns	      7409	80001a3c	0056a3b3	slt	x7,x13,x5	 x13:0x00000000  x5:0x3be5e9a4  x7=0x00000001
      74125.000 ns	      7411	80001a40	291d0fd3	fmin.s	f31,f26,f17	 f26:0x7fc00000 f17:0x00000000 f31=0x00000000
      74155.000 ns	      7414	80001a44	e00904d3	fmv.x.w	x9,f18	 f18:0x7fc00000  x9=0x7fc00000
      74185.000 ns	      7417	80001a48	210d8a53	fsgnj.s	f20,f27,f16	 f27:0x80041024 f16:0x00000000 f20=0x00041024
      74205.000 ns	      7419	80001a4c	0080c833	xor	x16,x1,x8	  x1:0x00000009  x8:0xef900618 x16=0xef900611
      74215.000 ns	      7420	80001a50	41e4d513	srai	x10,x9,0x1e	  x9:0x7fc00000 x10=0x00000001
      74225.000 ns	      7421	80001a54	00ad8633	add	x12,x27,x10	 x27:0x80041024 x10:0x00000000 x12=0x80041025
      74245.000 ns	      7423	80001a58	20ca8dd3	fsgnj.s	f27,f21,f12	 f21:0x7fc00000 f12:0x7fc00000 f27=0x7fc00000
      74275.000 ns	      7426	80001a5c	02dadab3	divu	x21,x21,x13	 x21:0x00000001 x13:0x00000000 x21=0xffffffff
      74305.000 ns	      7429	80001a60	202c20d3	fsgnjx.s	f1,f24,f2	 f24:0x7fc00000  f2:0x6e0e57f7  f1=0x7fc00000
      74325.000 ns	      7431	80001a64	00db14b3	sll	x9,x22,x13	 x22:0x00000000 x13:0x00000000  x9=0x00000000
      74335.000 ns	      7432	80001a68	00b75f13	srli	x30,x14,0xb	 x14:0xffffffff x30=0x001fffff
      74355.000 ns	      7434	80001a6c	029cec33	rem	x24,x25,x9	 x25:0x3be5e9a4  x9:0x7fc00000 x24=0x3be5e9a4
      74375.000 ns	      7436	80001a70	01a814b3	sll	x9,x16,x26	 x16:0xef900611 x26:0x80040fe4  x9=0xf9006110
      74395.000 ns	      7438	80001a74	2010aa53	fsgnjx.s	f20,f1,f1	  f1:0x7fc00000  f1:0x7fc00000 f20=0x7fc00000
      74425.000 ns	      7441	80001a78	a0ccae53	feq.s	x28,f25,f12	 f25:0x3f800000 f12:0x7fc00000 x28=0x00000000
      74455.000 ns	      7444	80001a7c	283e0cd3	fmin.s	f25,f28,f3	 f28:0x7fc00000  f3:0x80000000 f25=0x80000000
      74475.000 ns	      7446	80001a80	be798893	addi	x17,x19,-1049	 x19:0x00000001 x17=0xfffffbe8
      74495.000 ns	      7448	80001a84	28ce9a53	fmax.s	f20,f29,f12	 f29:0x7fc00000 f12:0x7fc00000 f20=0x7fc00000
      74865.000 ns	      7485	80001a88	033fd2b3	divu	x5,x31,x19	 x31:0x00000001 x19:0x00000001  x5=0x00000001
      74885.000 ns	      7487	80001a8c	00d8b633	sltu	x12,x17,x13	 x17:0xfffffbe8 x13:0x00000000 x12=0x00000000
      74895.000 ns	      7488	80001a90	228f8e93	addi	x29,x31,552	 x31:0x00000001 x29=0x00000229
      75255.000 ns	      7524	80001a94	03faf2b3	remu	x5,x21,x31	 x21:0xffffffff x31:0x00000001  x5=0x00000000
      75285.000 ns	      7527	80001a98	20f0a3d3	fsgnjx.s	f7,f1,f15	  f1:0x7fc00000 f15:0x45cba4f0  f7=0x7fc00000
      75305.000 ns	      7529	80001a9c	40b2d593	srai	x11,x5,0xb	  x5:0x00000000 x11=0x00000000
      75325.000 ns	      7531	80001aa0	03cb3133	mulhu	x2,x22,x28	 x22:0x00000000 x28:0x00000000  x2=0x00000000
      75355.000 ns	      7534	80001aa4	a0a79bd3	flt.s	x23,f15,f10	 f15:0x45cba4f0 f10:0x80041024 x23=0x00000000
      75375.000 ns	      7536	80001aa8	00e15293	srli	x5,x2,0xe	  x2:0x00000000  x5=0x00000000
      75395.000 ns	      7538	80001aac	c0037053	fcvt.w.s	x0,f6	  f6:0x7fc00000
      75415.000 ns	      7540	80001ab0	6ac50497	auipc	x9,0x6ac50	  x9=0xeac51ab0
      75435.000 ns	      7542	80001ab4	02586bb3	rem	x23,x16,x5	 x16:0xef900611  x5:0x00000000 x23=0xef900611
      75465.000 ns	      7545	80001ab8	0241b633	mulhu	x12,x3,x4	  x3:0x00000009  x4:0xffffffff x12=0x00000008
      75485.000 ns	      7547	80001abc	4a722813	slti	x16,x4,1191	  x4:0xffffffff x16=0x00000001
      75495.000 ns	      7548	80001ac0	019d52b3	srl	x5,x26,x25	 x26:0x80040fe4 x25:0x3be5e9a4  x5=0x080040fe
      75505.000 ns	      7549	80001ac4	da183913	sltiu	x18,x16,-607	 x16:0xef900611 x18=0x00000001
      75525.000 ns	      7551	80001ac8	e00e1cd3	fclass.s	x25,f28	 f28:0x7fc00000 x25=0x00000200
      75545.000 ns	      7553	80001acc	01c809b3	add	x19,x16,x28	 x16:0x00000001 x28:0x00000000 x19=0x00000001
      75585.000 ns	      7557	80001ad0	00e6acd3	fadd.s	f25,f13,f14	 f13:0x4f00040f f14:0xffc00000 f25=0x7fc00000
      75605.000 ns	      7559	80001ad4	005c8bb3	add	x23,x25,x5	 x25:0x00000200  x5:0x080040fe x23=0x080042fe
      75625.000 ns	      7561	80001ad8	03b839b3	mulhu	x19,x16,x27	 x16:0x00000001 x27:0x80041024 x19=0x00000000
      75645.000 ns	      7563	80001adc	5f1d8f13	addi	x30,x27,1521	 x27:0x80041024 x30=0x80041615
      75665.000 ns	      7565	80001ae0	03fca433	mulhsu	x8,x25,x31	 x25:0x00000200 x31:0x00000001  x8=0x00000000
      75685.000 ns	      7567	80001ae4	5d97e413	ori	x8,x15,1497	 x15:0x77c8048e  x8=0x77c805df
      75695.000 ns	      7568	80001ae8	00a57533	and	x10,x10,x10	 x10:0x00000001 x10:0x00000001 x10=0x00000001
      75715.000 ns	      7570	80001aec	a1d69253	flt.s	x4,f13,f29	 f13:0x4f00040f f29:0x7fc00000  x4=0x00000000
      75735.000 ns	      7572	80001af0	5d47e037	lui	x0,0x5d47e	
      75755.000 ns	      7574	80001af4	d01cf753	fcvt.s.wu	f14,x25	 x25:0x00000200 f14=0x44000000
      75775.000 ns	      7576	80001af8	01680833	add	x16,x16,x22	 x16:0x00000001 x22:0x00000000 x16=0x00000001
      75785.000 ns	      7577	80001afc	40bbd413	srai	x8,x23,0xb	 x23:0x080042fe  x8=0x00010008
      75795.000 ns	      7578	80001b00	620a4513	xori	x10,x20,1568	 x20:0x00000040 x10=0x00000660
      75815.000 ns	      7580	80001b04	e0048253	fmv.x.w	x4,f9	  f9:0x7fc00000  x4=0x7fc00000
      75845.000 ns	      7583	80001b08	d002c2d3	fcvt.s.w	f5,x5	  x5:0x080040fe  f5=0x4d000410
      75865.000 ns	      7585	80001b0c	018d96b3	sll	x13,x27,x24	 x27:0x80041024 x24:0x3be5e9a4 x13=0x00410240
      75885.000 ns	      7587	80001b10	c0192a53	fcvt.wu.s	x20,f18	 f18:0x7fc00000 x20=0xffffffff
      75915.000 ns	      7590	80001b14	c0187e53	fcvt.wu.s	x28,f16	 f16:0x00000000 x28=0x00000000
      75935.000 ns	      7592	80001b18	1b6c7113	andi	x2,x24,438	 x24:0x3be5e9a4  x2=0x000001a4
      75975.000 ns	      7596	80001b1c	0078f853	fadd.s	f16,f17,f7	 f17:0x00000000  f7:0x7fc00000 f16=0x7fc00000
      76005.000 ns	      7599	80001b20	03c18a33	mul	x20,x3,x28	  x3:0x00000009 x28:0x00000000 x20=0x00000000
      76025.000 ns	      7601	80001b24	41f40bb3	sub	x23,x8,x31	  x8:0x00010008 x31:0x00000001 x23=0x00010007
      76035.000 ns	      7602	80001b28	4021d913	srai	x18,x3,0x2	  x3:0x00000009 x18=0x00000002
      76045.000 ns	      7603	80001b2c	1d5bca93	xori	x21,x23,469	 x23:0x080042fe x21=0x000101d2
      76085.000 ns	      7607	80001b30	09417a53	fsub.s	f20,f2,f20	  f2:0x6e0e57f7 f20:0x7fc00000 f20=0x7fc00000
      76115.000 ns	      7610	80001b34	c00bf053	fcvt.w.s	x0,f23	 f23:0x84d46440
      76145.000 ns	      7613	80001b38	20f0a753	fsgnjx.s	f14,f1,f15	  f1:0x7fc00000 f15:0x45cba4f0 f14=0x7fc00000
      76165.000 ns	      7615	80001b3c	411258b3	sra	x17,x4,x17	  x4:0x7fc00000 x17:0xfffffbe8 x17=0x007fc000
      76175.000 ns	      7616	80001b40	39437193	andi	x3,x6,916	  x6:0x00000000  x3=0x00000000
      76195.000 ns	      7618	80001b44	f0080853	fmv.w.x	f16,x16	 x16:0x00000001 f16=0x00000001
      76215.000 ns	      7620	80001b48	4dfca913	slti	x18,x25,1247	 x25:0x00000200 x18=0x00000001
      76225.000 ns	      7621	80001b4c	5e560113	addi	x2,x12,1509	 x12:0x00000008  x2=0x000005ed
      76245.000 ns	      7623	80001b50	a0489153	flt.s	x2,f17,f4	 f17:0x00000000  f4:0x7fc00000  x2=0x00000000
      76275.000 ns	      7626	80001b54	034326b3	mulhsu	x13,x6,x20	  x6:0x00000000 x20:0x00000000 x13=0x00000000
      76295.000 ns	      7628	80001b58	b18b0193	addi	x3,x22,-1256	 x22:0x00000000  x3=0xfffffb18
      76315.000 ns	      7630	80001b5c	28430ad3	fmin.s	f21,f6,f4	  f6:0x7fc00000  f4:0x7fc00000 f21=0x7fc00000
      76335.000 ns	      7632	80001b60	f4e7b613	sltiu	x12,x15,-178	 x15:0x77c8048e x12=0x00000001
      76355.000 ns	      7634	80001b64	28ae9dd3	fmax.s	f27,f29,f10	 f29:0x7fc00000 f10:0x80041024 f27=0x80041024
      76375.000 ns	      7636	80001b68	01bd5f33	srl	x30,x26,x27	 x26:0x80040fe4 x27:0x80041024 x30=0x080040fe
      76385.000 ns	      7637	80001b6c	00353733	sltu	x14,x10,x3	 x10:0x00000660  x3:0xfffffb18 x14=0x00000001
      76395.000 ns	      7638	80001b70	f7856813	ori	x16,x10,-136	 x10:0x00000660 x16=0xffffff78
      76755.000 ns	      7674	80001b74	035378b3	remu	x17,x6,x21	  x6:0x00000000 x21:0x000101d2 x17=0x00000000
      76775.000 ns	      7676	80001b78	0130a1b3	slt	x3,x1,x19	  x1:0x00000009 x19:0x00000000  x3=0x00000000
      76785.000 ns	      7677	80001b7c	0057d133	srl	x2,x15,x5	 x15:0x77c8048e  x5:0x080040fe  x2=0x00000001
      76795.000 ns	      7678	80001b80	01e610b3	sll	x1,x12,x30	 x12:0x00000001 x30:0x080040fe  x1=0x40000000
      76805.000 ns	      7679	80001b84	a8584e93	xori	x29,x16,-1403	 x16:0xffffff78 x29=0x000005fd
      76845.000 ns	      7683	80001b88	0877ffd3	fsub.s	f31,f15,f7	 f15:0x45cba4f0  f7:0x7fc00000 f31=0x7fc00000
      76875.000 ns	      7686	80001b8c	e00e9c53	fclass.s	x24,f29	 f29:0x7fc00000 x24=0x00000200
      76895.000 ns	      7688	80001b90	15f6bc13	sltiu	x24,x13,351	 x13:0x00000000 x24=0x00000001
      76905.000 ns	      7689	80001b94	00d85a93	srli	x21,x16,0xd	 x16:0xffffff78 x21=0x0007ffff
      76925.000 ns	      7691	80001b98	e00e9553	fclass.s	x10,f29	 f29:0x7fc00000 x10=0x00000200
      76955.000 ns	      7694	80001b9c	c01afad3	fcvt.wu.s	x21,f21	 f21:0x7fc00000 x21=0xffffffff
      76975.000 ns	      7696	80001ba0	40bdda13	srai	x20,x27,0xb	 x27:0x80041024 x20=0xfff00082
      76995.000 ns	      7698	80001ba4	d00c7453	fcvt.s.w	f8,x24	 x24:0x00000001  f8=0x3f800000
      77035.000 ns	      7702	80001ba8	11acfa53	fmul.s	f20,f25,f26	 f25:0x7fc00000 f26:0x7fc00000 f20=0x7fc00000
      77405.000 ns	      7739	80001bac	02725133	divu	x2,x4,x7	  x4:0x7fc00000  x7:0x00000001  x2=0x7fc00000
      77425.000 ns	      7741	80001bb0	ffb82813	slti	x16,x16,-5	 x16:0xffffff78 x16=0x00000001
      77445.000 ns	      7743	80001bb4	21362153	fsgnjx.s	f2,f12,f19	 f12:0x7fc00000 f19:0x3f800000  f2=0x7fc00000
      77475.000 ns	      7746	80001bb8	02cdaf33	mulhsu	x30,x27,x12	 x27:0x80041024 x12:0x00000001 x30=0xffffffff
      77505.000 ns	      7749	80001bbc	c01ef8d3	fcvt.wu.s	x17,f29	 f29:0x7fc00000 x17=0xffffffff
      77875.000 ns	      7786	80001bc0	03d2d733	divu	x14,x5,x29	  x5:0x080040fe x29:0x000005fd x14=0x0001560b
      77915.000 ns	      7790	80001bc4	580244d3	fsqrt.s	f9,f4	  f4:0x7fc00000  f9=0x7fc00000
      77965.000 ns	      7795	80001bc8	08d07ed3	fsub.s	f29,f0,f13	  f0:0x4ed65471 f13:0x4f00040f f29=0xcda6ceb0
      77995.000 ns	      7798	80001bcc	f00c81d3	fmv.w.x	f3,x25	 x25:0x00000200  f3=0x00000200
      78015.000 ns	      7800	80001bd0	53ba1437	lui	x8,0x53ba1	  x8=0x53ba1000
      78025.000 ns	      7801	80001bd4	00ca6933	or	x18,x20,x12	 x20:0xfff00082 x12:0x00000001 x18=0xfff00083
      78035.000 ns	      7802	80001bd8	013689b3	add	x19,x13,x19	 x13:0x00000000 x19:0x00000000 x19=0x00000000
      78055.000 ns	      7804	80001bdc	29889b53	fmax.s	f22,f17,f24	 f17:0x00000000 f24:0x7fc00000 f22=0x00000000
      78075.000 ns	      7806	80001be0	01c66b33	or	x22,x12,x28	 x12:0x00000001 x28:0x00000000 x22=0x00000001
      78095.000 ns	      7808	80001be4	e00686d3	fmv.x.w	x13,f13	 f13:0x4f00040f x13=0x4f00040f
      78125.000 ns	      7811	80001be8	a0eb8553	fle.s	x10,f23,f14	 f23:0x84d46440 f14:0x7fc00000 x10=0x00000000
      78155.000 ns	      7814	80001bec	a0b218d3	flt.s	x17,f4,f11	  f4:0x7fc00000 f11:0xffc00000 x17=0x00000000
      78185.000 ns	      7817	80001bf0	f00d0253	fmv.w.x	f4,x26	 x26:0x80040fe4  f4=0x80040fe4
      78205.000 ns	      7819	80001bf4	40aa0333	sub	x6,x20,x10	 x20:0xfff00082 x10:0x00000000  x6=0xfff00082
      78245.000 ns	      7823	80001bf8	01ee4e53	fadd.s	f28,f28,f30	 f28:0x7fc00000 f30:0x80000000 f28=0x7fc00000
      78275.000 ns	      7826	80001bfc	281c08d3	fmin.s	f17,f24,f1	 f24:0x7fc00000  f1:0x7fc00000 f17=0x7fc00000
      78305.000 ns	      7829	80001c00	e00e9cd3	fclass.s	x25,f29	 f29:0xcda6ceb0 x25=0x00000002
      78325.000 ns	      7831	80001c04	404554b3	sra	x9,x10,x4	 x10:0x00000000  x4:0x7fc00000  x9=0x00000000
      78335.000 ns	      7832	80001c08	40a75093	srai	x1,x14,0xa	 x14:0x0001560b  x1=0x00000055
      78365.000 ns	      7835	80001c0c	1027f653	fmul.s	f12,f15,f2	 f15:0x45cba4f0  f2:0x7fc00000 f12=0x7fc00000
      78385.000 ns	      7837	80001c10	0005e033	or	x0,x11,x0	 x11:0x00000000  x0:0x00000000
      78405.000 ns	      7839	80001c14	e0078c53	fmv.x.w	x24,f15	 f15:0x45cba4f0 x24=0x45cba4f0
      78435.000 ns	      7842	80001c18	219020d3	fsgnjx.s	f1,f0,f25	  f0:0x4ed65471 f25:0x7fc00000  f1=0x4ed65471
      78465.000 ns	      7845	80001c1c	03162b33	mulhsu	x22,x12,x17	 x12:0x00000001 x17:0x00000000 x22=0x00000000
      78485.000 ns	      7847	80001c20	40ce0633	sub	x12,x28,x12	 x28:0x00000000 x12:0x00000001 x12=0xffffffff
      78505.000 ns	      7849	80001c24	c005b6d3	fcvt.w.s	x13,f11	 f11:0xffc00000 x13=0x7fffffff
      78525.000 ns	      7851	80001c28	006e4ab3	xor	x21,x28,x6	 x28:0x00000000  x6:0xfff00082 x21=0xfff00082
      78535.000 ns	      7852	80001c2c	980e9697	auipc	x13,0x980e9	 x13=0x180eac2c
      78555.000 ns	      7854	80001c30	c0061553	fcvt.w.s	x10,f12	 f12:0x7fc00000 x10=0x7fffffff
      78605.000 ns	      7859	80001c34	0010a1d3	fadd.s	f3,f1,f1	  f1:0x4ed65471  f1:0x4ed65471  f3=0x4f565471
      78625.000 ns	      7861	80001c38	89ec14b7	lui	x9,0x89ec1	  x9=0x89ec1000
      78645.000 ns	      7863	80001c3c	c00ab5d3	fcvt.w.s	x11,f21	 f21:0x7fc00000 x11=0x7fffffff
      78675.000 ns	      7866	80001c40	21131c53	fsgnjn.s	f24,f6,f17	  f6:0x7fc00000 f17:0x7fc00000 f24=0xffc00000
      78705.000 ns	      7869	80001c44	e00418d3	fclass.s	x17,f8	  f8:0x3f800000 x17=0x00000040
      78735.000 ns	      7872	80001c48	215720d3	fsgnjx.s	f1,f14,f21	 f14:0x7fc00000 f21:0x7fc00000  f1=0x7fc00000
      79105.000 ns	      7909	80001c4c	028bc4b3	div	x9,x23,x8	 x23:0x00010007  x8:0x53ba1000  x9=0x00000000
      79125.000 ns	      7911	80001c50	2550f413	andi	x8,x1,597	  x1:0x00000055  x8=0x00000055
      79145.000 ns	      7913	80001c54	03f633b3	mulhu	x7,x12,x31	 x12:0xffffffff x31:0x00000001  x7=0x00000000
      79175.000 ns	      7916	80001c58	28541753	fmax.s	f14,f8,f5	  f8:0x3f800000  f5:0x4d000410 f14=0x4d000410
      80355.000 ns	      8034	80001c5c	580774d3	fsqrt.s	f9,f14	 f14:0x7fc00000  f9=0x45b50a40
      80385.000 ns	      8037	80001c60	a08c0fd3	fle.s	x31,f24,f8	 f24:0xffc00000  f8:0x3f800000 x31=0x00000000
      80405.000 ns	      8039	80001c64	f6b23013	sltiu	x0,x4,-149	  x4:0x7fc00000
      80415.000 ns	      8040	80001c68	418e8cb3	sub	x25,x29,x24	 x29:0x000005fd x24:0x45cba4f0 x25=0xba34610d
      80425.000 ns	      8041	80001c6c	01738333	add	x6,x7,x23	  x7:0x00000000 x23:0x00010007  x6=0x00010007
      80435.000 ns	      8042	80001c70	00f123b3	slt	x7,x2,x15	  x2:0x7fc00000 x15:0x77c8048e  x7=0x00000000
      80445.000 ns	      8043	80001c74	90e04e13	xori	x28,x0,-1778	  x0:0x00000000 x28=0xfffff90e
      80465.000 ns	      8045	80001c78	a1ca26d3	feq.s	x13,f20,f28	 f20:0x7fc00000 f28:0x7fc00000 x13=0x00000000
      80485.000 ns	      8047	80001c7c	38858313	addi	x6,x11,904	 x11:0x7fffffff  x6=0x80000387
      80505.000 ns	      8049	80001c80	c00b83d3	fcvt.w.s	x7,f23	 f23:0x84d46440  x7=0x00000000
      80875.000 ns	      8086	80001c84	0243c233	div	x4,x7,x4	  x7:0x00000000  x4:0x7fc00000  x4=0x00000000
      80895.000 ns	      8088	80001c88	1513ea13	ori	x20,x7,337	  x7:0x00000000 x20=0x00000151
      81255.000 ns	      8124	80001c8c	038cee33	rem	x28,x25,x24	 x25:0xba34610d x24:0x45cba4f0 x28=0xba34610d
      81285.000 ns	      8127	80001c90	d003f1d3	fcvt.s.w	f3,x7	  x7:0x00000000  f3=0x00000000
      81305.000 ns	      8129	80001c94	016b9513	slli	x10,x23,0x16	 x23:0x00010007 x10=0x01c00000
      81665.000 ns	      8165	80001c98	02cf74b3	remu	x9,x30,x12	 x30:0xffffffff x12:0xffffffff  x9=0x00000000
      81695.000 ns	      8168	80001c9c	a13084d3	fle.s	x9,f1,f19	  f1:0x7fc00000 f19:0x3f800000  x9=0x00000000
      81725.000 ns	      8171	80001ca0	21111fd3	fsgnjn.s	f31,f2,f17	  f2:0x7fc00000 f17:0x7fc00000 f31=0xffc00000
      81755.000 ns	      8174	80001ca4	214ba053	fsgnjx.s	f0,f23,f20	 f23:0x84d46440 f20:0x7fc00000  f0=0x84d46440
      82125.000 ns	      8211	80001ca8	0342f3b3	remu	x7,x5,x20	  x5:0x080040fe x20:0x00000151  x7=0x000000bd
      82155.000 ns	      8214	80001cac	e00e1bd3	fclass.s	x23,f28	 f28:0x7fc00000 x23=0x00000200
      82195.000 ns	      8218	80001cb0	1035bdd3	fmul.s	f27,f11,f3	 f11:0xffc00000  f3:0x00000000 f27=0x7fc00000
      82225.000 ns	      8221	80001cb4	03f77eb3	remu	x29,x14,x31	 x14:0x0001560b x31:0x00000000 x29=0x0001560b
      82245.000 ns	      8223	80001cb8	00bb9c93	slli	x25,x23,0xb	 x23:0x00000200 x25=0x00100000
      82605.000 ns	      8259	80001cbc	034d6033	rem	x0,x26,x20	 x26:0x80040fe4 x20:0x00000151
      82625.000 ns	      8261	80001cc0	0134ceb3	xor	x29,x9,x19	  x9:0x00000000 x19:0x00000000 x29=0x00000000
      82985.000 ns	      8297	80001cc4	0223c9b3	div	x19,x7,x2	  x7:0x000000bd  x2:0x7fc00000 x19=0x00000000
      83005.000 ns	      8299	80001cc8	01b3bcb3	sltu	x25,x7,x27	  x7:0x000000bd x27:0x80041024 x25=0x00000001
      83025.000 ns	      8301	80001ccc	c00ef053	fcvt.w.s	x0,f29	 f29:0xcda6ceb0
      83055.000 ns	      8304	80001cd0	035d86b3	mul	x13,x27,x21	 x27:0x80041024 x21:0xfff00082 x13=0xffd03248
      83075.000 ns	      8306	80001cd4	b62ba113	slti	x2,x23,-1182	 x23:0x00000200  x2=0x00000000
      83105.000 ns	      8309	80001cd8	1030a653	fmul.s	f12,f1,f3	  f1:0x7fc00000  f3:0x00000000 f12=0x7fc00000
      83125.000 ns	      8311	80001cdc	00b992b3	sll	x5,x19,x11	 x19:0x00000000 x11:0x7fffffff  x5=0x00000000
      83135.000 ns	      8312	80001ce0	52722e93	slti	x29,x4,1319	  x4:0x00000000 x29=0x00000001
      83145.000 ns	      8313	80001ce4	00a39693	slli	x13,x7,0xa	  x7:0x000000bd x13=0x0002f400
      83155.000 ns	      8314	80001ce8	40d2dfb3	sra	x31,x5,x13	  x5:0x00000000 x13:0xffd03248 x31=0x00000000
      83515.000 ns	      8350	80001cec	03144c33	div	x24,x8,x17	  x8:0x00000055 x17:0x00000040 x24=0x00000001
      83545.000 ns	      8353	80001cf0	0258a6b3	mulhsu	x13,x17,x5	 x17:0x00000040  x5:0x00000000 x13=0x00000000
      83565.000 ns	      8355	80001cf4	a66a4e93	xori	x29,x20,-1434	 x20:0x00000151 x29=0xfffffb37
      83585.000 ns	      8357	80001cf8	02345533	divu	x10,x8,x3	  x8:0x00000055  x3:0x00000000 x10=0xffffffff
      83615.000 ns	      8360	80001cfc	20b00253	fsgnj.s	f4,f0,f11	  f0:0x84d46440 f11:0xffc00000  f4=0x84d46440
      83635.000 ns	      8362	80001d00	f911dc17	auipc	x24,0xf911d	 x24=0x7911ed00
      83645.000 ns	      8363	80001d04	d81579b7	lui	x19,0xd8157	 x19=0xd8157000
      83655.000 ns	      8364	80001d08	01f31f13	slli	x30,x6,0x1f	  x6:0x80000387 x30=0x80000000
      83665.000 ns	      8365	80001d0c	409002b3	sub	x5,x0,x9	  x0:0x00000000  x9:0x00000000  x5=0x00000000
      83685.000 ns	      8367	80001d10	a1fa05d3	fle.s	x11,f20,f31	 f20:0x7fc00000 f31:0xffc00000 x11=0x00000000
      83705.000 ns	      8369	80001d14	00b79bb3	sll	x23,x15,x11	 x15:0x77c8048e x11:0x7fffffff x23=0x77c8048e
      83715.000 ns	      8370	80001d18	00a8d533	srl	x10,x17,x10	 x17:0x00000040 x10:0xffffffff x10=0x00000000
      83735.000 ns	      8372	80001d1c	e00e1a53	fclass.s	x20,f28	 f28:0x7fc00000 x20=0x00000200
      84105.000 ns	      8409	80001d20	0321d1b3	divu	x3,x3,x18	  x3:0x00000000 x18:0xfff00083  x3=0x00000000
      84125.000 ns	      8411	80001d24	014f49b3	xor	x19,x30,x20	 x30:0x80000000 x20:0x00000200 x19=0x80000200
      84135.000 ns	      8412	80001d28	d2b68013	addi	x0,x13,-725	 x13:0x00000000
      84155.000 ns	      8414	80001d2c	29dc1cd3	fmax.s	f25,f24,f29	 f24:0xffc00000 f29:0xcda6ceb0 f25=0xcda6ceb0
      84185.000 ns	      8417	80001d30	020b9033	mulh	x0,x23,x0	 x23:0x77c8048e  x0:0x00000000
      84205.000 ns	      8419	80001d34	009d44b3	xor	x9,x26,x9	 x26:0x80040fe4  x9:0x00000000  x9=0x80040fe4
      84215.000 ns	      8420	80001d38	401c51b3	sra	x3,x24,x1	 x24:0x7911ed00  x1:0x00000055  x3=0x000003c8
      84255.000 ns	      8424	80001d3c	01ec79d3	fadd.s	f19,f24,f30	 f24:0xffc00000 f30:0x80000000 f19=0x7fc00000
      84275.000 ns	      8426	80001d40	0043bc33	sltu	x24,x7,x4	  x7:0x000000bd  x4:0x00000000 x24=0x00000000
      84295.000 ns	      8428	80001d44	d0072853	fcvt.s.w	f16,x14	 x14:0x0001560b f16=0x47ab0580
      84315.000 ns	      8430	80001d48	01605133	srl	x2,x0,x22	  x0:0x00000000 x22:0x00000000  x2=0x00000000
      84355.000 ns	      8434	80001d4c	00897a53	fadd.s	f20,f18,f8	 f18:0x7fc00000  f8:0x3f800000 f20=0x7fc00000
      84375.000 ns	      8436	80001d50	00ede1b3	or	x3,x27,x14	 x27:0x80041024 x14:0x0001560b  x3=0x8005562f
      84385.000 ns	      8437	80001d54	01ec5233	srl	x4,x24,x30	 x24:0x00000000 x30:0x80000000  x4=0x00000000
      84405.000 ns	      8439	80001d58	21da8bd3	fsgnj.s	f23,f21,f29	 f21:0x7fc00000 f29:0xcda6ceb0 f23=0xffc00000
      84425.000 ns	      8441	80001d5c	014f0c33	add	x24,x30,x20	 x30:0x80000000 x20:0x00000200 x24=0x80000200
      84435.000 ns	      8442	80001d60	01bfd233	srl	x4,x31,x27	 x31:0x00000000 x27:0x80041024  x4=0x00000000
      84465.000 ns	      8445	80001d64	19f7bfd3	fdiv.s	f31,f15,f31	 f15:0x45cba4f0 f31:0xffc00000 f31=0x7fc00000
      84485.000 ns	      8447	80001d68	01af0b33	add	x22,x30,x26	 x30:0x80000000 x26:0x80040fe4 x22=0x00040fe4
      84505.000 ns	      8449	80001d6c	02b52533	mulhsu	x10,x10,x11	 x10:0x00000000 x11:0x00000000 x10=0x00000000
      84525.000 ns	      8451	80001d70	be2d6813	ori	x16,x26,-1054	 x26:0x80040fe4 x16=0xffffffe6
      84535.000 ns	      8452	80001d74	e26d3e13	sltiu	x28,x26,-474	 x26:0x80040fe4 x28=0x00000001
      84555.000 ns	      8454	80001d78	a14d22d3	feq.s	x5,f26,f20	 f26:0x7fc00000 f20:0x7fc00000  x5=0x00000000
      84925.000 ns	      8491	80001d7c	03ca5a33	divu	x20,x20,x28	 x20:0x00000200 x28:0xba34610d x20=0x00000200
      84945.000 ns	      8493	80001d80	41085033	sra	x0,x16,x16	 x16:0xffffffe6 x16:0xffffffe6
      84975.000 ns	      8496	80001d84	18b23653	fdiv.s	f12,f4,f11	  f4:0x84d46440 f11:0xffc00000 f12=0x7fc00000
      85005.000 ns	      8499	80001d88	a1271953	flt.s	x18,f14,f18	 f14:0x4d000410 f18:0x7fc00000 x18=0x00000000
      85025.000 ns	      8501	80001d8c	40028b33	sub	x22,x5,x0	  x5:0x00000000  x0:0x00000000 x22=0x00000000
      85045.000 ns	      8503	80001d90	20992153	fsgnjx.s	f2,f18,f9	 f18:0x7fc00000  f9:0x45b50a40  f2=0x7fc00000
      85075.000 ns	      8506	80001d94	21561253	fsgnjn.s	f4,f12,f21	 f12:0x7fc00000 f21:0x7fc00000  f4=0xffc00000
      85105.000 ns	      8509	80001d98	02059533	mulh	x10,x11,x0	 x11:0x00000000  x0:0x00000000 x10=0x00000000
      85125.000 ns	      8511	80001d9c	014d2fb3	slt	x31,x26,x20	 x26:0x80040fe4 x20:0x00000200 x31=0x00000001
      85135.000 ns	      8512	80001da0	bf45e513	ori	x10,x11,-1036	 x11:0x00000000 x10=0xfffffbf4
      85155.000 ns	      8514	80001da4	21ebaad3	fsgnjx.s	f21,f23,f30	 f23:0xffc00000 f30:0x80000000 f21=0x7fc00000
      85185.000 ns	      8517	80001da8	0254a733	mulhsu	x14,x9,x5	  x9:0x80040fe4  x5:0x00000000 x14=0x00000000
      85205.000 ns	      8519	80001dac	00000013	addi	x0,x0,0	  x0:0x00000000
      85215.000 ns	      8520	80001db0	009f66b3	or	x13,x30,x9	 x30:0x80000000  x9:0x80040fe4 x13=0x80040fe4
      85225.000 ns	      8521	80001db4	004a59b3	srl	x19,x20,x4	 x20:0x00000200  x4:0x00000000 x19=0x00000200
      85245.000 ns	      8523	80001db8	d00f03d3	fcvt.s.w	f7,x30	 x30:0x80000000  f7=0xcf000000
      85265.000 ns	      8525	80001dbc	a6843893	sltiu	x17,x8,-1432	  x8:0x00000055 x17=0x00000001
      85275.000 ns	      8526	80001dc0	1e5abb93	sltiu	x23,x21,485	 x21:0xfff00082 x23=0x00000000
      85295.000 ns	      8528	80001dc4	02a29333	mulh	x6,x5,x10	  x5:0x00000000 x10:0xfffffbf4  x6=0x00000000
      85325.000 ns	      8531	80001dc8	02643f33	mulhu	x30,x8,x6	  x8:0x00000055  x6:0x80000387 x30=0x00000000
      85355.000 ns	      8534	80001dcc	d01171d3	fcvt.s.wu	f3,x2	  x2:0x00000000  f3=0x00000000
      85375.000 ns	      8536	80001dd0	414b8333	sub	x6,x23,x20	 x23:0x00000000 x20:0x00000200  x6=0xfffffe00
      85385.000 ns	      8537	80001dd4	7b0ae713	ori	x14,x21,1968	 x21:0xfff00082 x14=0xfff007b2
      85395.000 ns	      8538	80001dd8	73057f93	andi	x31,x10,1840	 x10:0xfffffbf4 x31=0x00000330
      85415.000 ns	      8540	80001ddc	a009a8d3	feq.s	x17,f19,f0	 f19:0x7fc00000  f0:0x84d46440 x17=0x00000000
      85435.000 ns	      8542	80001de0	00b2aa33	slt	x20,x5,x11	  x5:0x00000000 x11:0x00000000 x20=0x00000000
      85795.000 ns	      8578	80001de4	023cd633	divu	x12,x25,x3	 x25:0x00000001  x3:0x8005562f x12=0x00000000
      85825.000 ns	      8581	80001de8	02555933	divu	x18,x10,x5	 x10:0xfffffbf4  x5:0x00000000 x18=0xffffffff
      85845.000 ns	      8583	80001dec	dd850b93	addi	x23,x10,-552	 x10:0xfffffbf4 x23=0xfffff9cc
      85855.000 ns	      8584	80001df0	0156bbb3	sltu	x23,x13,x21	 x13:0x80040fe4 x21:0xfff00082 x23=0x00000001
      85865.000 ns	      8585	80001df4	009dcab3	xor	x21,x27,x9	 x27:0x80041024  x9:0x80040fe4 x21=0x00001fc0
      85875.000 ns	      8586	80001df8	01570333	add	x6,x14,x21	 x14:0xfff007b2 x21:0xfff00082  x6=0xfff02772
      85915.000 ns	      8590	80001dfc	08bf72d3	fsub.s	f5,f30,f11	 f30:0x80000000 f11:0xffc00000  f5=0x7fc00000
      85935.000 ns	      8592	80001e00	003f1fb3	sll	x31,x30,x3	 x30:0x00000000  x3:0x8005562f x31=0x00000000
      85945.000 ns	      8593	80001e04	0147db33	srl	x22,x15,x20	 x15:0x77c8048e x20:0x00000000 x22=0x77c8048e
      85965.000 ns	      8595	80001e08	03e82133	mulhsu	x2,x16,x30	 x16:0xffffffe6 x30:0x00000000  x2=0x00000000
      85985.000 ns	      8597	80001e0c	004be333	or	x6,x23,x4	 x23:0x00000001  x4:0x00000000  x6=0x00000001
      85995.000 ns	      8598	80001e10	40828733	sub	x14,x5,x8	  x5:0x00000000  x8:0x00000055 x14=0xffffffab
      86015.000 ns	      8600	80001e14	208727d3	fsgnjx.s	f15,f14,f8	 f14:0x4d000410  f8:0x3f800000 f15=0x4d000410
      86035.000 ns	      8602	80001e18	01acabb3	slt	x23,x25,x26	 x25:0x00000001 x26:0x80040fe4 x23=0x00000000
      86055.000 ns	      8604	80001e1c	207f8b53	fsgnj.s	f22,f31,f7	 f31:0x7fc00000  f7:0xcf000000 f22=0xffc00000
      86085.000 ns	      8607	80001e20	c01d1553	fcvt.wu.s	x10,f26	 f26:0x7fc00000 x10=0xffffffff
      86105.000 ns	      8609	80001e24	0151f933	and	x18,x3,x21	  x3:0x8005562f x21:0x00001fc0 x18=0x00001600
      86115.000 ns	      8610	80001e28	4da86093	ori	x1,x16,1242	 x16:0xffffffe6  x1=0xfffffffe
      86125.000 ns	      8611	80001e2c	400b5f13	srai	x30,x22,0x0	 x22:0x77c8048e x30=0x77c8048e
      86135.000 ns	      8612	80001e30	805dc613	xori	x12,x27,-2043	 x27:0x80041024 x12=0x7ffbe821
      86145.000 ns	      8613	80001e34	0047c3b3	xor	x7,x15,x4	 x15:0x77c8048e  x4:0x00000000  x7=0x77c8048e
      86155.000 ns	      8614	80001e38	b33f8013	addi	x0,x31,-1229	 x31:0x00000000
      86165.000 ns	      8615	80001e3c	41598a33	sub	x20,x19,x21	 x19:0x00000200 x21:0x00001fc0 x20=0xffffe240
      86525.000 ns	      8651	80001e40	02c74333	div	x6,x14,x12	 x14:0xffffffab x12:0x7ffbe821  x6=0x00000000
      86575.000 ns	      8656	80001e44	014d08d3	fadd.s	f17,f26,f20	 f26:0x7fc00000 f20:0x7fc00000 f17=0x7fc00000
      86595.000 ns	      8658	80001e48	692fc293	xori	x5,x31,1682	 x31:0x00000000  x5=0x00000692
      86615.000 ns	      8660	80001e4c	02638fb3	mul	x31,x7,x6	  x7:0x77c8048e  x6:0x00000000 x31=0x00000000
      86635.000 ns	      8662	80001e50	01e2d493	srli	x9,x5,0x1e	  x5:0x00000000  x9=0x00000000
      86655.000 ns	      8664	80001e54	c018b053	fcvt.wu.s	x0,f17	 f17:0x7fc00000
      86675.000 ns	      8666	80001e58	9337f113	andi	x2,x15,-1741	 x15:0x77c8048e  x2=0x77c80002
      86695.000 ns	      8668	80001e5c	c0159bd3	fcvt.wu.s	x23,f11	 f11:0xffc00000 x23=0xffffffff
      86725.000 ns	      8671	80001e60	20971253	fsgnjn.s	f4,f14,f9	 f14:0x4d000410  f9:0x45b50a40  f4=0xcd000410
      86745.000 ns	      8673	80001e64	402280b3	sub	x1,x5,x2	  x5:0x00000692  x2:0x77c80002  x1=0x88380690
      86755.000 ns	      8674	80001e68	007e1833	sll	x16,x28,x7	 x28:0x00000001  x7:0x77c8048e x16=0x00004000
      86765.000 ns	      8675	80001e6c	27a13c93	sltiu	x25,x2,634	  x2:0x77c80002 x25=0x00000000
      87125.000 ns	      8711	80001e70	02225cb3	divu	x25,x4,x2	  x4:0x00000000  x2:0x77c80002 x25=0x00000000
      87145.000 ns	      8713	80001e74	41c0d933	sra	x18,x1,x28	  x1:0x88380690 x28:0x00000001 x18=0xc41c0348
      87155.000 ns	      8714	80001e78	aeeac937	lui	x18,0xaeeac	 x18=0xaeeac000
      87165.000 ns	      8715	80001e7c	354eca93	xori	x21,x29,852	 x29:0xfffffb37 x21=0xfffff863
      87175.000 ns	      8716	80001e80	d4ef2693	slti	x13,x30,-690	 x30:0x77c8048e x13=0x00000000
      87195.000 ns	      8718	80001e84	03c63a33	mulhu	x20,x12,x28	 x12:0x7ffbe821 x28:0x00000001 x20=0x00000000
      87225.000 ns	      8721	80001e88	0242beb3	mulhu	x29,x5,x4	  x5:0x00000692  x4:0x00000000 x29=0x00000000
      87245.000 ns	      8723	80001e8c	5d6c6593	ori	x11,x24,1494	 x24:0x80000200 x11=0x800007d6
      87265.000 ns	      8725	80001e90	03b40033	mul	x0,x8,x27	  x8:0x00000055 x27:0x80041024
      87285.000 ns	      8727	80001e94	41eed193	srai	x3,x29,0x1e	 x29:0x00000000  x3=0x00000000
      87295.000 ns	      8728	80001e98	867a4997	auipc	x19,0x867a4	 x19=0x067a5e98
      87325.000 ns	      8731	80001e9c	5800fed3	fsqrt.s	f29,f1	  f1:0x7fc00000 f29=0x7fc00000
      87345.000 ns	      8733	80001ea0	92e7bf93	sltiu	x31,x15,-1746	 x15:0x77c8048e x31=0x00000001
      87375.000 ns	      8736	80001ea4	107646d3	fmul.s	f13,f12,f7	 f12:0x7fc00000  f7:0xcf000000 f13=0x7fc00000
      87415.000 ns	      8740	80001ea8	10c97453	fmul.s	f8,f18,f12	 f18:0x7fc00000 f12:0x7fc00000  f8=0x7fc00000
      87435.000 ns	      8742	80001eac	74a7bb93	sltiu	x23,x15,1866	 x15:0x77c8048e x23=0x00000000
      87445.000 ns	      8743	80001eb0	01705533	srl	x10,x0,x23	  x0:0x00000000 x23:0xffffffff x10=0x00000000
      87465.000 ns	      8745	80001eb4	a0d92ed3	feq.s	x29,f18,f13	 f18:0x7fc00000 f13:0x7fc00000 x29=0x00000000
      87485.000 ns	      8747	80001eb8	00ce7193	andi	x3,x28,12	 x28:0x00000001  x3=0x00000000
      87495.000 ns	      8748	80001ebc	b9b96213	ori	x4,x18,-1125	 x18:0xaeeac000  x4=0xfffffb9b
      87505.000 ns	      8749	80001ec0	b8f36513	ori	x10,x6,-1137	  x6:0x00000000 x10=0xfffffb8f
      87515.000 ns	      8750	80001ec4	41abd713	srai	x14,x23,0x1a	 x23:0x00000000 x14=0x00000000
      87525.000 ns	      8751	80001ec8	ecbb7613	andi	x12,x22,-309	 x22:0x77c8048e x12=0x77c8048a
      87545.000 ns	      8753	80001ecc	c00e3bd3	fcvt.w.s	x23,f28	 f28:0x7fc00000 x23=0x7fffffff
      87575.000 ns	      8756	80001ed0	a1049153	flt.s	x2,f9,f16	  f9:0x45b50a40 f16:0x47ab0580  x2=0x00000001
      87595.000 ns	      8758	80001ed4	c4643497	auipc	x9,0xc4643	  x9=0x44644ed4
      87605.000 ns	      8759	80001ed8	40c8d493	srai	x9,x17,0xc	 x17:0x00000000  x9=0x00000000
      87615.000 ns	      8760	80001edc	3dd67a93	andi	x21,x12,989	 x12:0x77c8048a x21=0x00000088
      87645.000 ns	      8763	80001ee0	10a00753	fmul.s	f14,f0,f10	  f0:0x84d46440 f10:0x80041024 f14=0x00000000
      87665.000 ns	      8765	80001ee4	00ad9fb3	sll	x31,x27,x10	 x27:0x80041024 x10:0xfffffb8f x31=0x08120000
      87695.000 ns	      8768	80001ee8	113f0d53	fmul.s	f26,f30,f19	 f30:0x80000000 f19:0x7fc00000 f26=0x7fc00000
      87735.000 ns	      8772	80001eec	580a12d3	fsqrt.s	f5,f20	 f20:0x7fc00000  f5=0x7fc00000
      87765.000 ns	      8775	80001ef0	f0028bd3	fmv.w.x	f23,x5	  x5:0x00000692 f23=0x00000692
      87785.000 ns	      8777	80001ef4	41525433	sra	x8,x4,x21	  x4:0xfffffb9b x21:0x00000088  x8=0xfffffffb
      87805.000 ns	      8779	80001ef8	29170fd3	fmin.s	f31,f14,f17	 f14:0x00000000 f17:0x7fc00000 f31=0x00000000
      87825.000 ns	      8781	80001efc	52436b13	ori	x22,x6,1316	  x6:0x00000000 x22=0x00000524
      87835.000 ns	      8782	80001f00	95057f97	auipc	x31,0x95057	 x31=0x15058f00
      87845.000 ns	      8783	80001f04	40225c93	srai	x25,x4,0x2	  x4:0xfffffb9b x25=0xfffffee6
      87865.000 ns	      8785	80001f08	28029353	fmax.s	f6,f5,f0	  f5:0x7fc00000  f0:0x84d46440  f6=0x84d46440
      87885.000 ns	      8787	80001f0c	409d8733	sub	x14,x27,x9	 x27:0x80041024  x9:0x00000000 x14=0x80041024
      87895.000 ns	      8788	80001f10	4046dfb3	sra	x31,x13,x4	 x13:0x00000000  x4:0xfffffb9b x31=0x00000000
      87915.000 ns	      8790	80001f14	d00efed3	fcvt.s.w	f29,x29	 x29:0x00000000 f29=0x00000000
      87935.000 ns	      8792	80001f18	c0e13193	sltiu	x3,x2,-1010	  x2:0x00000001  x3=0x00000001
      87945.000 ns	      8793	80001f1c	01b26ab3	or	x21,x4,x27	  x4:0xfffffb9b x27:0x80041024 x21=0xfffffbbf
      87965.000 ns	      8795	80001f20	d00c0b53	fcvt.s.w	f22,x24	 x24:0x80000200 f22=0xcefffffc
      87985.000 ns	      8797	80001f24	011f46b3	xor	x13,x30,x17	 x30:0x77c8048e x17:0x00000000 x13=0x77c8048e
      88005.000 ns	      8799	80001f28	03318433	mul	x8,x3,x19	  x3:0x00000001 x19:0x067a5e98  x8=0x067a5e98
      88045.000 ns	      8803	80001f2c	18e3fe53	fdiv.s	f28,f7,f14	  f7:0xcf000000 f14:0x00000000 f28=0xff800000
      88075.000 ns	      8806	80001f30	21d580d3	fsgnj.s	f1,f11,f29	 f11:0xffc00000 f29:0x00000000  f1=0x7fc00000
      88445.000 ns	      8843	80001f34	025d4433	div	x8,x26,x5	 x26:0x80040fe4  x5:0x00000692  x8=0xffec8557
      88475.000 ns	      8846	80001f38	029e72b3	remu	x5,x28,x9	 x28:0x00000001  x9:0x00000000  x5=0x00000001
      88845.000 ns	      8883	80001f3c	02dcee33	rem	x28,x25,x13	 x25:0xfffffee6 x13:0x77c8048e x28=0xfffffee6
      88875.000 ns	      8886	80001f40	03a8a4b3	mulhsu	x9,x17,x26	 x17:0x00000000 x26:0x80040fe4  x9=0x00000000
      88925.000 ns	      8891	80001f44	08a8f7d3	fsub.s	f15,f17,f10	 f17:0x7fc00000 f10:0x80041024 f15=0x7fc00000
      88945.000 ns	      8893	80001f48	015a92b3	sll	x5,x21,x21	 x21:0xfffffbbf x21:0xfffffbbf  x5=0x80000000
      88955.000 ns	      8894	80001f4c	41b55693	srai	x13,x10,0x1b	 x10:0xfffffb8f x13=0xffffffff
      88975.000 ns	      8896	80001f50	d01dbc53	fcvt.s.wu	f24,x27	 x27:0x80041024 f24=0x4f000411
      89345.000 ns	      8933	80001f54	0307e2b3	rem	x5,x15,x16	 x15:0x77c8048e x16:0x00004000  x5=0x0000048e
      89375.000 ns	      8936	80001f58	a1fc2ad3	feq.s	x21,f24,f31	 f24:0x4f000411 f31:0x00000000 x21=0x00000000
      89425.000 ns	      8941	80001f5c	00da48d3	fadd.s	f17,f20,f13	 f20:0x7fc00000 f13:0x7fc00000 f17=0x7fc00000
      89445.000 ns	      8943	80001f60	500b2513	slti	x10,x22,1280	 x22:0x00000524 x10=0x00000000
      89455.000 ns	      8944	80001f64	40745833	sra	x16,x8,x7	  x8:0xffec8557  x7:0x77c8048e x16=0xffffffb2
      89475.000 ns	      8946	80001f68	a0201153	flt.s	x2,f0,f2	  f0:0x84d46440  f2:0x7fc00000  x2=0x00000000
      89505.000 ns	      8949	80001f6c	d01eb053	fcvt.s.wu	f0,x29	 x29:0x00000000  f0=0x00000000
      89525.000 ns	      8951	80001f70	4055dab3	sra	x21,x11,x5	 x11:0x800007d6  x5:0x0000048e x21=0xfffe0000
      89545.000 ns	      8953	80001f74	02a044b3	div	x9,x0,x10	  x0:0x00000000 x10:0x00000000  x9=0xffffffff
      89915.000 ns	      8990	80001f78	035b44b3	div	x9,x22,x21	 x22:0x00000524 x21:0x00000000  x9=0x00000000
      89945.000 ns	      8993	80001f7c	03b10fb3	mul	x31,x2,x27	  x2:0x00000000 x27:0x80041024 x31=0x00000000
      89995.000 ns	      8998	80001f80	081274d3	fsub.s	f9,f4,f1	  f4:0xcd000410  f1:0x7fc00000  f9=0x7fc00000
      90025.000 ns	      9001	80001f84	216018d3	fsgnjn.s	f17,f0,f22	  f0:0x00000000 f22:0xcefffffc f17=0x00000000
      90045.000 ns	      9003	80001f88	377bb537	lui	x10,0x377bb	 x10=0x377bb000
      90055.000 ns	      9004	80001f8c	014f7833	and	x16,x30,x20	 x30:0x77c8048e x20:0x00000000 x16=0x00000000
      90075.000 ns	      9006	80001f90	c00b1453	fcvt.w.s	x8,f22	 f22:0xcefffffc  x8=0x80000200
      90095.000 ns	      9008	80001f94	015433b3	sltu	x7,x8,x21	  x8:0xffec8557 x21:0xfffe0000  x7=0x00000001
      90105.000 ns	      9009	80001f98	40f9df33	sra	x30,x19,x15	 x19:0x067a5e98 x15:0x77c8048e x30=0x000019e9
      90115.000 ns	      9010	80001f9c	855eef13	ori	x30,x29,-1963	 x29:0x00000000 x30=0xfffff855
      90135.000 ns	      9012	80001fa0	a0220453	fle.s	x8,f4,f2	  f4:0xcd000410  f2:0x7fc00000  x8=0x00000000
      90165.000 ns	      9015	80001fa4	28ba96d3	fmax.s	f13,f21,f11	 f21:0x7fc00000 f11:0xffc00000 f13=0x7fc00000
      90195.000 ns	      9018	80001fa8	286c92d3	fmax.s	f5,f25,f6	 f25:0xcda6ceb0  f6:0x84d46440  f5=0x84d46440
      90215.000 ns	      9020	80001fac	5614fc13	andi	x24,x9,1377	  x9:0x00000000 x24=0x00000000
      90255.000 ns	      9024	80001fb0	08dc08d3	fsub.s	f17,f24,f13	 f24:0x4f000411 f13:0x7fc00000 f17=0x7fc00000
      90275.000 ns	      9026	80001fb4	00b59713	slli	x14,x11,0xb	 x11:0x800007d6 x14=0x003eb000
      90285.000 ns	      9027	80001fb8	00000013	addi	x0,x0,0	  x0:0x00000000
      90305.000 ns	      9029	80001fbc	29508d53	fmin.s	f26,f1,f21	  f1:0x7fc00000 f21:0x7fc00000 f26=0x7fc00000
      90335.000 ns	      9032	80001fc0	d01f1153	fcvt.s.wu	f2,x30	 x30:0xfffff855  f2=0x4f7ffff8
      90355.000 ns	      9034	80001fc4	0155fab3	and	x21,x11,x21	 x11:0x800007d6 x21:0xfffe0000 x21=0x80000000
      90375.000 ns	      9036	80001fc8	21fcafd3	fsgnjx.s	f31,f25,f31	 f25:0xcda6ceb0 f31:0x00000000 f31=0xcda6ceb0
      90395.000 ns	      9038	80001fcc	cd968493	addi	x9,x13,-807	 x13:0xffffffff  x9=0xfffffcd8
      90405.000 ns	      9039	80001fd0	01526833	or	x16,x4,x21	  x4:0xfffffb9b x21:0x80000000 x16=0xfffffb9b
      90415.000 ns	      9040	80001fd4	97126ab7	lui	x21,0x97126	 x21=0x97126000
      90455.000 ns	      9044	80001fd8	09e594d3	fsub.s	f9,f11,f30	 f11:0xffc00000 f30:0x80000000  f9=0x7fc00000
      90485.000 ns	      9047	80001fdc	038d89b3	mul	x19,x27,x24	 x27:0x80041024 x24:0x00000000 x19=0x00000000
      90505.000 ns	      9049	80001fe0	68b91397	auipc	x7,0x68b91	  x7=0xe8b92fe0
      90525.000 ns	      9051	80001fe4	210f8cd3	fsgnj.s	f25,f31,f16	 f31:0xcda6ceb0 f16:0x47ab0580 f25=0x4da6ceb0
      90555.000 ns	      9054	80001fe8	21b42053	fsgnjx.s	f0,f8,f27	  f8:0x7fc00000 f27:0x7fc00000  f0=0x7fc00000
      90575.000 ns	      9056	80001fec	2a876013	ori	x0,x14,680	 x14:0x003eb000
      90595.000 ns	      9058	80001ff0	21978953	fsgnj.s	f18,f15,f25	 f15:0x7fc00000 f25:0x4da6ceb0 f18=0x7fc00000
      90615.000 ns	      9060	80001ff4	401a52b3	sra	x5,x20,x1	 x20:0x00000000  x1:0x88380690  x5=0x00000000
      90645.000 ns	      9063	80001ff8	19c17cd3	fdiv.s	f25,f2,f28	  f2:0x4f7ffff8 f28:0xff800000 f25=0x80000000
      90675.000 ns	      9066	80001ffc	28d20dd3	fmin.s	f27,f4,f13	  f4:0xcd000410 f13:0x7fc00000 f27=0xcd000410
      90705.000 ns	      9069	80002000	20ae28d3	fsgnjx.s	f17,f28,f10	 f28:0xff800000 f10:0x80041024 f17=0x7f800000
      90725.000 ns	      9071	80002004	01da9013	slli	x0,x21,0x1d	 x21:0x97126000
      90735.000 ns	      9072	80002008	bd02c713	xori	x14,x5,-1072	  x5:0x00000000 x14=0xfffffbd0
      90755.000 ns	      9074	8000200c	a01fa353	feq.s	x6,f31,f1	 f31:0xcda6ceb0  f1:0x7fc00000  x6=0x00000000
      90795.000 ns	      9078	80002010	19c6a1d3	fdiv.s	f3,f13,f28	 f13:0x7fc00000 f28:0xff800000  f3=0x7fc00000
      90815.000 ns	      9080	80002014	0061be33	sltu	x28,x3,x6	  x3:0x00000001  x6:0x00000000 x28=0x00000000
      90825.000 ns	      9081	80002018	0107e0b3	or	x1,x15,x16	 x15:0x77c8048e x16:0xfffffb9b  x1=0xffffff9f
      90845.000 ns	      9083	8000201c	031c00b3	mul	x1,x24,x17	 x24:0x00000000 x17:0x00000000  x1=0x00000000
      90865.000 ns	      9085	80002020	00e05bb3	srl	x23,x0,x14	  x0:0x00000000 x14:0xfffffbd0 x23=0x00000000
      90875.000 ns	      9086	80002024	01ad1033	sll	x0,x26,x26	 x26:0x80040fe4 x26:0x80040fe4
      90885.000 ns	      9087	80002028	41fa5b33	sra	x22,x20,x31	 x20:0x00000000 x31:0x00000000 x22=0x00000000
      90905.000 ns	      9089	8000202c	21d60853	fsgnj.s	f16,f12,f29	 f12:0x7fc00000 f29:0x00000000 f16=0x7fc00000
      90955.000 ns	      9094	80002030	00cf74d3	fadd.s	f9,f30,f12	 f30:0x80000000 f12:0x7fc00000  f9=0x7fc00000
      90975.000 ns	      9096	80002034	8c7f3093	sltiu	x1,x30,-1849	 x30:0xfffff855  x1=0x00000001
      91005.000 ns	      9099	80002038	18811ad3	fdiv.s	f21,f2,f8	  f2:0x4f7ffff8  f8:0x7fc00000 f21=0x7fc00000
      91025.000 ns	      9101	8000203c	47357693	andi	x13,x10,1139	 x10:0x377bb000 x13=0x00000000
      91045.000 ns	      9103	80002040	a0c8a3d3	feq.s	x7,f17,f12	 f17:0x7f800000 f12:0x7fc00000  x7=0x00000000
      91065.000 ns	      9105	80002044	8489b993	sltiu	x19,x19,-1976	 x19:0x00000000 x19=0x00000001
      91085.000 ns	      9107	80002048	20060453	fsgnj.s	f8,f12,f0	 f12:0x7fc00000  f0:0x7fc00000  f8=0x7fc00000
      91105.000 ns	      9109	8000204c	41c15813	srai	x16,x2,0x1c	  x2:0x00000000 x16=0x00000000
      91125.000 ns	      9111	80002050	21ff91d3	fsgnjn.s	f3,f31,f31	 f31:0xcda6ceb0 f31:0xcda6ceb0  f3=0x4da6ceb0
      91155.000 ns	      9114	80002054	21930fd3	fsgnj.s	f31,f6,f25	  f6:0x84d46440 f25:0x80000000 f31=0x84d46440
      91175.000 ns	      9116	80002058	00663433	sltu	x8,x12,x6	 x12:0x77c8048a  x6:0x00000000  x8=0x00000000
      91195.000 ns	      9118	8000205c	d00e7ad3	fcvt.s.w	f21,x28	 x28:0x00000000 f21=0x00000000
      91215.000 ns	      9120	80002060	4103d493	srai	x9,x7,0x10	  x7:0x00000000  x9=0x00000000
      91225.000 ns	      9121	80002064	0027d933	srl	x18,x15,x2	 x15:0x77c8048e  x2:0x00000000 x18=0x77c8048e
      91265.000 ns	      9125	80002068	09c843d3	fsub.s	f7,f16,f28	 f16:0x7fc00000 f28:0xff800000  f7=0x7fc00000
      91635.000 ns	      9162	8000206c	03514633	div	x12,x2,x21	  x2:0x00000000 x21:0x97126000 x12=0x00000000
      91655.000 ns	      9164	80002070	01d14eb3	xor	x29,x2,x29	  x2:0x00000000 x29:0x00000000 x29=0x00000000
      91665.000 ns	      9165	80002074	40920533	sub	x10,x4,x9	  x4:0xfffffb9b  x9:0x00000000 x10=0xfffffb9b
      91685.000 ns	      9167	80002078	202219d3	fsgnjn.s	f19,f4,f2	  f4:0xcd000410  f2:0x4f7ffff8 f19=0xcd000410
      91715.000 ns	      9170	8000207c	e0010b53	fmv.x.w	x22,f2	  f2:0x4f7ffff8 x22=0x4f7ffff8
      91735.000 ns	      9172	80002080	00631e13	slli	x28,x6,0x6	  x6:0x00000000 x28=0x00000000
      91745.000 ns	      9173	80002084	00f8d133	srl	x2,x17,x15	 x17:0x00000000 x15:0x77c8048e  x2=0x00000000
      91755.000 ns	      9174	80002088	008cd3b3	srl	x7,x25,x8	 x25:0xfffffee6  x8:0x00000000  x7=0xfffffee6
      91765.000 ns	      9175	8000208c	e7c82193	slti	x3,x16,-388	 x16:0x00000000  x3=0x00000000
      91775.000 ns	      9176	80002090	00779933	sll	x18,x15,x7	 x15:0x77c8048e  x7:0x00000000 x18=0xf2012380
      91785.000 ns	      9177	80002094	01f69093	slli	x1,x13,0x1f	 x13:0x00000000  x1=0x00000000
      91805.000 ns	      9179	80002098	d01478d3	fcvt.s.wu	f17,x8	  x8:0x00000000 f17=0x00000000
      91825.000 ns	      9181	8000209c	40015eb3	sra	x29,x2,x0	  x2:0x00000000  x0:0x00000000 x29=0x00000000
      91835.000 ns	      9182	800020a0	00000013	addi	x0,x0,0	  x0:0x00000000
      91845.000 ns	      9183	800020a4	00455113	srli	x2,x10,0x4	 x10:0xfffffb9b  x2=0x0fffffb9
      91865.000 ns	      9185	800020a8	214203d3	fsgnj.s	f7,f4,f20	  f4:0xcd000410 f20:0x7fc00000  f7=0x4d000410
      92235.000 ns	      9222	800020ac	03e6ca33	div	x20,x13,x30	 x13:0x00000000 x30:0xfffff855 x20=0x00000000
      92255.000 ns	      9224	800020b0	06b50c93	addi	x25,x10,107	 x10:0xfffffb9b x25=0xfffffc06
      92265.000 ns	      9225	800020b4	00c6c8b3	xor	x17,x13,x12	 x13:0x00000000 x12:0x00000000 x17=0x00000000
      92275.000 ns	      9226	800020b8	413e5c33	sra	x24,x28,x19	 x28:0x00000000 x19:0x00000001 x24=0x00000000
      92285.000 ns	      9227	800020bc	b2ab0b13	addi	x22,x22,-1238	 x22:0x4f7ffff8 x22=0x4f7ffb22
      92295.000 ns	      9228	800020c0	4138d033	sra	x0,x17,x19	 x17:0x00000000 x19:0x00000001
      92305.000 ns	      9229	800020c4	329a34b7	lui	x9,0x329a3	  x9=0x329a3000
      92315.000 ns	      9230	800020c8	01444833	xor	x16,x8,x20	  x8:0x00000000 x20:0x00000000 x16=0x00000000
      92325.000 ns	      9231	800020cc	016b7833	and	x16,x22,x22	 x22:0x4f7ffb22 x22:0x4f7ffb22 x16=0x4f7ffb22
      92345.000 ns	      9233	800020d0	20622253	fsgnjx.s	f4,f4,f6	  f4:0xcd000410  f6:0x84d46440  f4=0x4d000410
      92365.000 ns	      9235	800020d4	0073bfb3	sltu	x31,x7,x7	  x7:0xfffffee6  x7:0xfffffee6 x31=0x00000000
      92385.000 ns	      9237	800020d8	20018ad3	fsgnj.s	f21,f3,f0	  f3:0x4da6ceb0  f0:0x7fc00000 f21=0x4da6ceb0
      92405.000 ns	      9239	800020dc	003d15b3	sll	x11,x26,x3	 x26:0x80040fe4  x3:0x00000000 x11=0x80040fe4
      92415.000 ns	      9240	800020e0	015e1493	slli	x9,x28,0x15	 x28:0x00000000  x9=0x00000000
      92425.000 ns	      9241	800020e4	01f6ecb3	or	x25,x13,x31	 x13:0x00000000 x31:0x00000000 x25=0x00000000
      92435.000 ns	      9242	800020e8	00fd7433	and	x8,x26,x15	 x26:0x80040fe4 x15:0x77c8048e  x8=0x00000484
      92445.000 ns	      9243	800020ec	41cb5eb3	sra	x29,x22,x28	 x22:0x4f7ffb22 x28:0x00000000 x29=0x4f7ffb22
      92465.000 ns	      9245	800020f0	294a1dd3	fmax.s	f27,f20,f20	 f20:0x7fc00000 f20:0x7fc00000 f27=0x7fc00000
      92485.000 ns	      9247	800020f4	41810333	sub	x6,x2,x24	  x2:0x0fffffb9 x24:0x00000000  x6=0x0fffffb9
      92515.000 ns	      9250	800020f8	5804f7d3	fsqrt.s	f15,f9	  f9:0x7fc00000 f15=0x7fc00000
      92535.000 ns	      9252	800020fc	9c570993	addi	x19,x14,-1595	 x14:0xfffffbd0 x19=0xfffff595
      92565.000 ns	      9255	80002100	11e5f553	fmul.s	f10,f11,f30	 f11:0xffc00000 f30:0x80000000 f10=0x7fc00000
      92595.000 ns	      9258	80002104	c01f4453	fcvt.wu.s	x8,f30	 f30:0x80000000  x8=0x00000000
      92625.000 ns	      9261	80002108	e00292d3	fclass.s	x5,f5	  f5:0x84d46440  x5=0x00000002
      92655.000 ns	      9264	8000210c	20040ad3	fsgnj.s	f21,f8,f0	  f8:0x7fc00000  f0:0x7fc00000 f21=0x7fc00000
      92685.000 ns	      9267	80002110	a0190ad3	fle.s	x21,f18,f1	 f18:0x7fc00000  f1:0x7fc00000 x21=0x00000000
      92705.000 ns	      9269	80002114	00885b33	srl	x22,x16,x8	 x16:0x4f7ffb22  x8:0x00000000 x22=0x4f7ffb22
      92715.000 ns	      9270	80002118	005e6333	or	x6,x28,x5	 x28:0x00000000  x5:0x00000002  x6=0x00000002
      92735.000 ns	      9272	8000211c	e00301d3	fmv.x.w	x3,f6	  f6:0x84d46440  x3=0x84d46440
      92755.000 ns	      9274	80002120	cc6dcb93	xori	x23,x27,-826	 x27:0x80041024 x23=0x7ffbece2
      92775.000 ns	      9276	80002124	20b904d3	fsgnj.s	f9,f18,f11	 f18:0x7fc00000 f11:0xffc00000  f9=0xffc00000
      92795.000 ns	      9278	80002128	01af08b3	add	x17,x30,x26	 x30:0xfffff855 x26:0x80040fe4 x17=0x80040839
      92805.000 ns	      9279	8000212c	010f5693	srli	x13,x30,0x10	 x30:0xfffff855 x13=0x0000ffff
      92835.000 ns	      9282	80002130	1153f153	fmul.s	f2,f7,f21	  f7:0x4d000410 f21:0x7fc00000  f2=0x7fc00000
      92865.000 ns	      9285	80002134	20f481d3	fsgnj.s	f3,f9,f15	  f9:0xffc00000 f15:0x7fc00000  f3=0x7fc00000
      92885.000 ns	      9287	80002138	40af5613	srai	x12,x30,0xa	 x30:0xfffff855 x12=0xfffffffe
      93245.000 ns	      9323	8000213c	02705a33	divu	x20,x0,x7	  x0:0x00000000  x7:0xfffffee6 x20=0x00000000
      93275.000 ns	      9326	80002140	28cc0fd3	fmin.s	f31,f24,f12	 f24:0x4f000411 f12:0x7fc00000 f31=0x4f000411
      93645.000 ns	      9363	80002144	0269c6b3	div	x13,x19,x6	 x19:0xfffff595  x6:0x00000002 x13=0xfffffacb
      93675.000 ns	      9366	80002148	0241a0b3	mulhsu	x1,x3,x4	  x3:0x84d46440  x4:0xfffffb9b  x1=0x84d4665d
      93705.000 ns	      9369	8000214c	e0020453	fmv.x.w	x8,f4	  f4:0x4d000410  x8=0x4d000410
      93725.000 ns	      9371	80002150	010f4ab3	xor	x21,x30,x16	 x30:0xfffff855 x16:0x4f7ffb22 x21=0xb0800377
      93735.000 ns	      9372	80002154	c8cbf613	andi	x12,x23,-884	 x23:0x7ffbece2 x12=0x7ffbec80
      93745.000 ns	      9373	80002158	00000013	addi	x0,x0,0	  x0:0x00000000
      93765.000 ns	      9375	8000215c	03bd1833	mulh	x16,x26,x27	 x26:0x80040fe4 x27:0x80041024 x16=0x3ffbf00c
      93785.000 ns	      9377	80002160	e1186093	ori	x1,x16,-495	 x16:0x4f7ffb22  x1=0xfffffe1d
      93805.000 ns	      9379	80002164	030284b3	mul	x9,x5,x16	  x5:0x00000002 x16:0x3ffbf00c  x9=0x7ff7e018
      94175.000 ns	      9416	80002168	03b7f5b3	remu	x11,x15,x27	 x15:0x77c8048e x27:0x80041024 x11=0x77c8048e
      94195.000 ns	      9418	8000216c	e3734017	auipc	x0,0xe3734	
      94205.000 ns	      9419	80002170	7e8db113	sltiu	x2,x27,2024	 x27:0x80041024  x2=0x00000000
      94215.000 ns	      9420	80002174	01860433	add	x8,x12,x24	 x12:0x7ffbec80 x24:0x00000000  x8=0x7ffbec80
      94225.000 ns	      9421	80002178	40f38533	sub	x10,x7,x15	  x7:0xfffffee6 x15:0x77c8048e x10=0x8837fa58
      94585.000 ns	      9457	8000217c	03025433	divu	x8,x4,x16	  x4:0xfffffb9b x16:0x3ffbf00c  x8=0x00000004
      94605.000 ns	      9459	80002180	01f60933	add	x18,x12,x31	 x12:0x7ffbec80 x31:0x00000000 x18=0x7ffbec80
      94615.000 ns	      9460	80002184	00d365b3	or	x11,x6,x13	  x6:0x00000002 x13:0xfffffacb x11=0xfffffacb
      94655.000 ns	      9464	80002188	009c16d3	fadd.s	f13,f24,f9	 f24:0x4f000411  f9:0xffc00000 f13=0x7fc00000
      94675.000 ns	      9466	8000218c	1432a817	auipc	x16,0x1432a	 x16=0x9432c18c
      94715.000 ns	      9470	80002190	08e02853	fsub.s	f16,f0,f14	  f0:0x7fc00000 f14:0x00000000 f16=0x7fc00000
      94745.000 ns	      9473	80002194	a0a983d3	fle.s	x7,f19,f10	 f19:0xcd000410 f10:0x7fc00000  x7=0x00000000
      94765.000 ns	      9475	80002198	0003a433	slt	x8,x7,x0	  x7:0xfffffee6  x0:0x00000000  x8=0x00000000
      94785.000 ns	      9477	8000219c	d0122453	fcvt.s.wu	f8,x4	  x4:0xfffffb9b  f8=0x4f7ffffc
      94815.000 ns	      9480	800021a0	20b20153	fsgnj.s	f2,f4,f11	  f4:0x4d000410 f11:0xffc00000  f2=0xcd000410
      94845.000 ns	      9483	800021a4	21b88cd3	fsgnj.s	f25,f17,f27	 f17:0x00000000 f27:0x7fc00000 f25=0x00000000
      94865.000 ns	      9485	800021a8	81a52397	auipc	x7,0x81a52	  x7=0x01a541a8
      94875.000 ns	      9486	800021ac	eeafcb13	xori	x22,x31,-278	 x31:0x00000000 x22=0xfffffeea
      94895.000 ns	      9488	800021b0	02c63eb3	mulhu	x29,x12,x12	 x12:0x7ffbec80 x12:0x7ffbec80 x29=0x3ffbec90
      94915.000 ns	      9490	800021b4	cf4a0393	addi	x7,x20,-780	 x20:0x00000000  x7=0xfffffcf4
      95275.000 ns	      9526	800021b8	0265c433	div	x8,x11,x6	 x11:0xfffffacb  x6:0x00000002  x8=0xfffffd66
      95295.000 ns	      9528	800021bc	02d4f193	andi	x3,x9,45	  x9:0x7ff7e018  x3=0x00000008
      95305.000 ns	      9529	800021c0	01879a93	slli	x21,x15,0x18	 x15:0x77c8048e x21=0x8e000000
      95345.000 ns	      9533	800021c4	097e0ad3	fsub.s	f21,f28,f23	 f28:0xff800000 f23:0x00000692 f21=0xff800000
      95365.000 ns	      9535	800021c8	0174afb3	slt	x31,x9,x23	  x9:0x7ff7e018 x23:0x7ffbece2 x31=0x00000001
      95385.000 ns	      9537	800021cc	a0870253	fle.s	x4,f14,f8	 f14:0x00000000  f8:0x4f7ffffc  x4=0x00000001
      95415.000 ns	      9540	800021d0	d01f1553	fcvt.s.wu	f10,x30	 x30:0xfffff855 f10=0x4f7ffff8
      95435.000 ns	      9542	800021d4	7e83e393	ori	x7,x7,2024	  x7:0xfffffcf4  x7=0xfffffffc
      95795.000 ns	      9578	800021d8	031f4c33	div	x24,x30,x17	 x30:0xfffff855 x17:0x80040839 x24=0x00000000
      95825.000 ns	      9581	800021dc	e0010853	fmv.x.w	x16,f2	  f2:0xcd000410 x16=0xcd000410
      95855.000 ns	      9584	800021e0	a0ef9e53	flt.s	x28,f31,f14	 f31:0x4f000411 f14:0x00000000 x28=0x00000000
      95875.000 ns	      9586	800021e4	009d9f33	sll	x30,x27,x9	 x27:0x80041024  x9:0x7ff7e018 x30=0x24000000
      96235.000 ns	      9622	800021e8	028bebb3	rem	x23,x23,x8	 x23:0x7ffbece2  x8:0xfffffd66 x23=0x00000282
      96265.000 ns	      9625	800021ec	0220df33	divu	x30,x1,x2	  x1:0xfffffe1d  x2:0x00000000 x30=0xffffffff
      96635.000 ns	      9662	800021f0	03a846b3	div	x13,x16,x26	 x16:0xcd000410 x26:0x80040fe4 x13=0x00000000
      96665.000 ns	      9665	800021f4	21ad2153	fsgnjx.s	f2,f26,f26	 f26:0x7fc00000 f26:0x7fc00000  f2=0x7fc00000
      96685.000 ns	      9667	800021f8	00321713	slli	x14,x4,0x3	  x4:0x00000001 x14=0x00000008
      96705.000 ns	      9669	800021fc	02668c33	mul	x24,x13,x6	 x13:0x00000000  x6:0x00000002 x24=0x00000000
      97075.000 ns	      9706	80002200	02915433	divu	x8,x2,x9	  x2:0x00000000  x9:0x7ff7e018  x8=0x00000000
      97095.000 ns	      9708	80002204	01049913	slli	x18,x9,0x10	  x9:0x7ff7e018 x18=0xe0180000
      97115.000 ns	      9710	80002208	02043533	mulhu	x10,x8,x0	  x8:0x00000000  x0:0x00000000 x10=0x00000000
      97135.000 ns	      9712	8000220c	009f2133	slt	x2,x30,x9	 x30:0xffffffff  x9:0x7ff7e018  x2=0x00000001
      97155.000 ns	      9714	80002210	28e593d3	fmax.s	f7,f11,f14	 f11:0xffc00000 f14:0x00000000  f7=0x00000000
      97175.000 ns	      9716	80002214	ffb7b037	lui	x0,0xffb7b	
      97195.000 ns	      9718	80002218	f0040b53	fmv.w.x	f22,x8	  x8:0x00000000 f22=0x00000000
      97215.000 ns	      9720	8000221c	00789093	slli	x1,x17,0x7	 x17:0x80040839  x1=0x02041c80
      97235.000 ns	      9722	80002220	a05b05d3	fle.s	x11,f22,f5	 f22:0x00000000  f5:0x84d46440 x11=0x00000000
      97255.000 ns	      9724	80002224	7af74117	auipc	x2,0x7af74	  x2=0xfaf76224
      97265.000 ns	      9725	80002228	00a95cb3	srl	x25,x18,x10	 x18:0xe0180000 x10:0x00000000 x25=0xe0180000
      97275.000 ns	      9726	8000222c	00000013	addi	x0,x0,0	  x0:0x00000000
      97285.000 ns	      9727	80002230	416c01b3	sub	x3,x24,x22	 x24:0x00000000 x22:0xfffffeea  x3=0x00000116
      97645.000 ns	      9763	80002234	03177233	remu	x4,x14,x17	 x14:0x00000008 x17:0x80040839  x4=0x00000008
      97665.000 ns	      9765	80002238	018deeb3	or	x29,x27,x24	 x27:0x80041024 x24:0x00000000 x29=0x80041024
      97675.000 ns	      9766	8000223c	0163ae33	slt	x28,x7,x22	  x7:0xfffffffc x22:0xfffffeea x28=0x00000000
      97685.000 ns	      9767	80002240	01f984b3	add	x9,x19,x31	 x19:0xfffff595 x31:0x00000001  x9=0xfffff596
      97725.000 ns	      9771	80002244	0962cbd3	fsub.s	f23,f5,f22	  f5:0x84d46440 f22:0x00000000 f23=0x84d46440
      97765.000 ns	      9775	80002248	1058fa53	fmul.s	f20,f17,f5	 f17:0x00000000  f5:0x84d46440 f20=0x80000000
      97815.000 ns	      9780	8000224c	0958f553	fsub.s	f10,f17,f21	 f17:0x00000000 f21:0xff800000 f10=0x7f800000
      97835.000 ns	      9782	80002250	82c47193	andi	x3,x8,-2004	  x8:0x00000000  x3=0x00000000
      97845.000 ns	      9783	80002254	a458f613	andi	x12,x17,-1467	 x17:0x80040839 x12=0x80040801
      97855.000 ns	      9784	80002258	0092d513	srli	x10,x5,0x9	  x5:0x00000002 x10=0x00000000
      97865.000 ns	      9785	8000225c	0d832093	slti	x1,x6,216	  x6:0x00000002  x1=0x00000001
      97875.000 ns	      9786	80002260	00000013	addi	x0,x0,0	  x0:0x00000000
      97885.000 ns	      9787	80002264	00000013	addi	x0,x0,0	  x0:0x00000000
      97905.000 ns	      9789	80002268	294584d3	fmin.s	f9,f11,f20	 f11:0xffc00000 f20:0x80000000  f9=0x80000000
      97935.000 ns	      9792	8000226c	c0197a53	fcvt.wu.s	x20,f18	 f18:0x7fc00000 x20=0xffffffff
      97965.000 ns	      9795	80002270	d0118e53	fcvt.s.wu	f28,x3	  x3:0x00000000 f28=0x00000000
      97985.000 ns	      9797	80002274	8e4396b7	lui	x13,0x8e439	 x13=0x8e439000
      97995.000 ns	      9798	80002278	0081da13	srli	x20,x3,0x8	  x3:0x00000000 x20=0x00000000
      98005.000 ns	      9799	8000227c	410406b3	sub	x13,x8,x16	  x8:0x00000000 x16:0xcd000410 x13=0x32fffbf0
      98015.000 ns	      9800	80002280	0127b133	sltu	x2,x15,x18	 x15:0x77c8048e x18:0xe0180000  x2=0x00000001
      98035.000 ns	      9802	80002284	a1d30b53	fle.s	x22,f6,f29	  f6:0x84d46440 f29:0x00000000 x22=0x00000001
      98055.000 ns	      9804	80002288	bb454a93	xori	x21,x10,-1100	 x10:0x00000000 x21=0xfffffbb4
      98085.000 ns	      9807	8000228c	11677453	fmul.s	f8,f14,f22	 f14:0x00000000 f22:0x00000000  f8=0x00000000
      98115.000 ns	      9810	80002290	283b1953	fmax.s	f18,f22,f3	 f22:0x00000000  f3:0x7fc00000 f18=0x00000000
      98135.000 ns	      9812	80002294	006fdc93	srli	x25,x31,0x6	 x31:0x00000001 x25=0x00000000
      98155.000 ns	      9814	80002298	e00c9b53	fclass.s	x22,f25	 f25:0x00000000 x22=0x00000010
      98185.000 ns	      9817	8000229c	036ebb33	mulhu	x22,x29,x22	 x29:0x80041024 x22:0x00000001 x22=0x00000008
      98205.000 ns	      9819	800022a0	016d3733	sltu	x14,x26,x22	 x26:0x80040fe4 x22:0x00000010 x14=0x00000000
      98225.000 ns	      9821	800022a4	c005f253	fcvt.w.s	x4,f11	 f11:0xffc00000  x4=0x7fffffff
      98255.000 ns	      9824	800022a8	a17b22d3	feq.s	x5,f22,f23	 f22:0x00000000 f23:0x84d46440  x5=0x00000000
      98275.000 ns	      9826	800022ac	01a691b3	sll	x3,x13,x26	 x13:0x32fffbf0 x26:0x80040fe4  x3=0x2fffbf00
      98295.000 ns	      9828	800022b0	29950a53	fmin.s	f20,f10,f25	 f10:0x7f800000 f25:0x00000000 f20=0x00000000
      98325.000 ns	      9831	800022b4	f0088953	fmv.w.x	f18,x17	 x17:0x80040839 f18=0x80040839
      98355.000 ns	      9834	800022b8	e00a0253	fmv.x.w	x4,f20	 f20:0x00000000  x4=0x00000000
      98405.000 ns	      9839	800022bc	0186fd53	fadd.s	f26,f13,f24	 f13:0x7fc00000 f24:0x4f000411 f26=0x7fc00000
      98425.000 ns	      9841	800022c0	00000013	addi	x0,x0,0	  x0:0x00000000
      98435.000 ns	      9842	800022c4	00000013	addi	x0,x0,0	  x0:0x00000000
      98455.000 ns	      9844	800022c8	c01b7353	fcvt.wu.s	x6,f22	 f22:0x00000000  x6=0x00000000
      98475.000 ns	      9846	800022cc	41255293	srai	x5,x10,0x12	 x10:0x00000000  x5=0x00000000
      98495.000 ns	      9848	800022d0	e00683d3	fmv.x.w	x7,f13	 f13:0x7fc00000  x7=0x7fc00000
      98865.000 ns	      9885	800022d4	0359d833	divu	x16,x19,x21	 x19:0xfffff595 x21:0xfffffbb4 x16=0x00000000
      98915.000 ns	      9890	800022d8	0855fc53	fsub.s	f24,f11,f5	 f11:0xffc00000  f5:0x84d46440 f24=0x7fc00000
      98935.000 ns	      9892	800022dc	40cb0fb3	sub	x31,x22,x12	 x22:0x00000008 x12:0x80040801 x31=0x7ffbf807
      98955.000 ns	      9894	800022e0	a1882753	feq.s	x14,f16,f24	 f16:0x7fc00000 f24:0x7fc00000 x14=0x00000000
      98975.000 ns	      9896	800022e4	26438193	addi	x3,x7,612	  x7:0x7fc00000  x3=0x7fc00264
      98995.000 ns	      9898	800022e8	e0088ad3	fmv.x.w	x21,f17	 f17:0x00000000 x21=0x00000000
      99025.000 ns	      9901	800022ec	21bd8ed3	fsgnj.s	f29,f27,f27	 f27:0x7fc00000 f27:0x7fc00000 f29=0x7fc00000
      99055.000 ns	      9904	800022f0	20c8a953	fsgnjx.s	f18,f17,f12	 f17:0x00000000 f12:0x7fc00000 f18=0x00000000
      99085.000 ns	      9907	800022f4	031e36b3	mulhu	x13,x28,x17	 x28:0x00000000 x17:0x80040839 x13=0x00000000
      99115.000 ns	      9910	800022f8	294198d3	fmax.s	f17,f3,f20	  f3:0x7fc00000 f20:0x00000000 f17=0x00000000
      99135.000 ns	      9912	800022fc	40f3da33	sra	x20,x7,x15	  x7:0x7fc00000 x15:0x77c8048e x20=0x0001ff00
      99155.000 ns	      9914	80002300	e0089653	fclass.s	x12,f17	 f17:0x00000000 x12=0x00000010
      99175.000 ns	      9916	80002304	00f78fb3	add	x31,x15,x15	 x15:0x77c8048e x15:0x77c8048e x31=0xef90091c
      99185.000 ns	      9917	80002308	00fa0233	add	x4,x20,x15	 x20:0x0001ff00 x15:0x77c8048e  x4=0x77ca038e
      99205.000 ns	      9919	8000230c	d0080ed3	fcvt.s.w	f29,x16	 x16:0x00000000 f29=0x00000000
      99235.000 ns	      9922	80002310	a1362153	feq.s	x2,f12,f19	 f12:0x7fc00000 f19:0xcd000410  x2=0x00000000
      99265.000 ns	      9925	80002314	20a62fd3	fsgnjx.s	f31,f12,f10	 f12:0x7fc00000 f10:0x7f800000 f31=0x7fc00000
      99295.000 ns	      9928	80002318	f00d8353	fmv.w.x	f6,x27	 x27:0x80041024  f6=0x80041024
      99315.000 ns	      9930	8000231c	0046dbb3	srl	x23,x13,x4	 x13:0x00000000  x4:0x77ca038e x23=0x00000000
      99325.000 ns	      9931	80002320	fafd0113	addi	x2,x26,-81	 x26:0x80040fe4  x2=0x80040f93
      99335.000 ns	      9932	80002324	00dfea33	or	x20,x31,x13	 x31:0xef90091c x13:0x00000000 x20=0xef90091c
      99345.000 ns	      9933	80002328	4186d613	srai	x12,x13,0x18	 x13:0x00000000 x12=0x00000000
      99365.000 ns	      9935	8000232c	20c32453	fsgnjx.s	f8,f6,f12	  f6:0x80041024 f12:0x7fc00000  f8=0x80041024
      99405.000 ns	      9939	80002330	580378d3	fsqrt.s	f17,f6	  f6:0x80041024 f17=0x7fc00000
      99435.000 ns	      9942	80002334	c0080ad3	fcvt.w.s	x21,f16	 f16:0x7fc00000 x21=0x7fffffff
      99455.000 ns	      9944	80002338	b3f46113	ori	x2,x8,-1217	  x8:0x00000000  x2=0xfffffb3f
      99465.000 ns	      9945	8000233c	9676a393	slti	x7,x13,-1689	 x13:0x00000000  x7=0x00000000
      99485.000 ns	      9947	80002340	a09c11d3	flt.s	x3,f24,f9	 f24:0x7fc00000  f9:0x80000000  x3=0x00000000
      99505.000 ns	      9949	80002344	00e0de13	srli	x28,x1,0xe	  x1:0x00000001 x28=0x00000000
      99515.000 ns	      9950	80002348	01849f13	slli	x30,x9,0x18	  x9:0xfffff596 x30=0x96000000
      99525.000 ns	      9951	8000234c	41f55013	srai	x0,x10,0x1f	 x10:0x00000000
      99545.000 ns	      9953	80002350	e00a13d3	fclass.s	x7,f20	 f20:0x00000000  x7=0x00000010
      99575.000 ns	      9956	80002354	21882dd3	fsgnjx.s	f27,f16,f24	 f16:0x7fc00000 f24:0x7fc00000 f27=0x7fc00000
      99605.000 ns	      9959	80002358	2128a4d3	fsgnjx.s	f9,f17,f18	 f17:0x7fc00000 f18:0x00000000  f9=0x7fc00000
      99625.000 ns	      9961	8000235c	d5dd4a93	xori	x21,x26,-675	 x26:0x80040fe4 x21=0x7ffbf2b9
      99645.000 ns	      9963	80002360	f00483d3	fmv.w.x	f7,x9	  x9:0xfffff596  f7=0xfffff596
      99665.000 ns	      9965	80002364	01ef6eb3	or	x29,x30,x30	 x30:0x96000000 x30:0x96000000 x29=0x96000000
      99695.000 ns	      9968	80002368	18c349d3	fdiv.s	f19,f6,f12	  f6:0x80041024 f12:0x7fc00000 f19=0x7fc00000
      99715.000 ns	      9970	8000236c	01a23ab3	sltu	x21,x4,x26	  x4:0x77ca038e x26:0x80040fe4 x21=0x00000001
      99725.000 ns	      9971	80002370	010e3333	sltu	x6,x28,x16	 x28:0x00000000 x16:0x00000000  x6=0x00000000
      99735.000 ns	      9972	80002374	018cdf93	srli	x31,x25,0x18	 x25:0x00000000 x31=0x00000000
      99755.000 ns	      9974	80002378	a1f926d3	feq.s	x13,f18,f31	 f18:0x00000000 f31:0x7fc00000 x13=0x00000000
      99775.000 ns	      9976	8000237c	00ad16b3	sll	x13,x26,x10	 x26:0x80040fe4 x10:0x00000000 x13=0x80040fe4
      99795.000 ns	      9978	80002380	c0017653	fcvt.w.s	x12,f2	  f2:0x7fc00000 x12=0x7fffffff
      99815.000 ns	      9980	80002384	00350733	add	x14,x10,x3	 x10:0x00000000  x3:0x00000000 x14=0x00000000
      99835.000 ns	      9982	80002388	d015a553	fcvt.s.wu	f10,x11	 x11:0x00000000 f10=0x00000000
      99865.000 ns	      9985	8000238c	0322ba33	mulhu	x20,x5,x18	  x5:0x00000000 x18:0xe0180000 x20=0x00000000
      99895.000 ns	      9988	80002390	c00912d3	fcvt.w.s	x5,f18	 f18:0x00000000  x5=0x00000000
      99915.000 ns	      9990	80002394	a6118e93	addi	x29,x3,-1439	  x3:0x00000000 x29=0xfffffa61
      99945.000 ns	      9993	80002398	10313053	fmul.s	f0,f2,f3	  f2:0x7fc00000  f3:0x7fc00000  f0=0x7fc00000
      99965.000 ns	      9995	8000239c	01f79433	sll	x8,x15,x31	 x15:0x77c8048e x31:0x00000000  x8=0x77c8048e
      99975.000 ns	      9996	800023a0	01b98633	add	x12,x19,x27	 x19:0xfffff595 x27:0x80041024 x12=0x800405b9
      99985.000 ns	      9997	800023a4	12a3eb13	ori	x22,x7,298	  x7:0x00000010 x22=0x0000013a
      99995.000 ns	      9998	800023a8	292e2813	slti	x16,x28,658	 x28:0x00000000 x16=0x00000001
     100015.000 ns	     10000	800023ac	f0078a53	fmv.w.x	f20,x15	 x15:0x77c8048e f20=0x77c8048e
     100045.000 ns	     10003	800023b0	d00e7553	fcvt.s.w	f10,x28	 x28:0x00000000 f10=0x00000000
     100085.000 ns	     10007	800023b4	58088853	fsqrt.s	f16,f17	 f17:0x7fc00000 f16=0x7fc00000
     100115.000 ns	     10010	800023b8	21858a53	fsgnj.s	f20,f11,f24	 f11:0xffc00000 f24:0x7fc00000 f20=0x7fc00000
     100135.000 ns	     10012	800023bc	00c458b3	srl	x17,x8,x12	  x8:0x77c8048e x12:0x800405b9 x17=0x0000003b
     100145.000 ns	     10013	800023c0	006e9b93	slli	x23,x29,0x6	 x29:0xfffffa61 x23=0xfffe9840
     100155.000 ns	     10014	800023c4	7b6f6213	ori	x4,x30,1974	 x30:0x96000000  x4=0x960007b6
     100175.000 ns	     10016	800023c8	20f728d3	fsgnjx.s	f17,f14,f15	 f14:0x00000000 f15:0x7fc00000 f17=0x00000000
     100205.000 ns	     10019	800023cc	21750f53	fsgnj.s	f30,f10,f23	 f10:0x00000000 f23:0x84d46440 f30=0x80000000
     100235.000 ns	     10022	800023d0	f00209d3	fmv.w.x	f19,x4	  x4:0x960007b6 f19=0x960007b6
     100255.000 ns	     10024	800023d4	d8dec493	xori	x9,x29,-627	 x29:0xfffffa61  x9=0x000007ec
     100275.000 ns	     10026	800023d8	a1dd0453	fle.s	x8,f26,f29	 f26:0x7fc00000 f29:0x00000000  x8=0x00000000
     100305.000 ns	     10029	800023dc	219006d3	fsgnj.s	f13,f0,f25	  f0:0x7fc00000 f25:0x00000000 f13=0x7fc00000
     100335.000 ns	     10032	800023e0	f00e88d3	fmv.w.x	f17,x29	 x29:0xfffffa61 f17=0xfffffa61
     100705.000 ns	     10069	800023e4	037ef8b3	remu	x17,x29,x23	 x29:0xfffffa61 x23:0xfffe9840 x17=0x00016221
     100755.000 ns	     10074	800023e8	017c8c53	fadd.s	f24,f25,f23	 f25:0x00000000 f23:0x84d46440 f24=0x84d46440
     100775.000 ns	     10076	800023ec	886eb8b7	lui	x17,0x886eb	 x17=0x886eb000
     100795.000 ns	     10078	800023f0	a0129953	flt.s	x18,f5,f1	  f5:0x84d46440  f1:0x7fc00000 x18=0x00000000
     100815.000 ns	     10080	800023f4	df00c693	xori	x13,x1,-528	  x1:0x00000001 x13=0xfffffdf1
     100825.000 ns	     10081	800023f8	01386533	or	x10,x16,x19	 x16:0x00000001 x19:0xfffff595 x10=0xfffff595
     100845.000 ns	     10083	800023fc	a1d70ed3	fle.s	x29,f14,f29	 f14:0x00000000 f29:0x00000000 x29=0x00000001
     100875.000 ns	     10086	80002400	c007bfd3	fcvt.w.s	x31,f15	 f15:0x7fc00000 x31=0x7fffffff
     100895.000 ns	     10088	80002404	00b21293	slli	x5,x4,0xb	  x4:0x960007b6  x5=0x003db000
     100915.000 ns	     10090	80002408	d000a653	fcvt.s.w	f12,x1	  x1:0x00000001 f12=0x3f800000
     100935.000 ns	     10092	8000240c	40ad5a93	srai	x21,x26,0xa	 x26:0x80040fe4 x21=0xffe00103
     100945.000 ns	     10093	80002410	01846433	or	x8,x8,x24	  x8:0x00000000 x24:0x00000000  x8=0x00000000
     100965.000 ns	     10095	80002414	023d28b3	mulhsu	x17,x26,x3	 x26:0x80040fe4  x3:0x00000000 x17=0x00000000
     101005.000 ns	     10099	80002418	182c7d53	fdiv.s	f26,f24,f2	 f24:0x84d46440  f2:0x7fc00000 f26=0x7fc00000
     101375.000 ns	     10136	8000241c	033df633	remu	x12,x27,x19	 x27:0x80041024 x19:0xfffff595 x12=0x80041024
     101405.000 ns	     10139	80002420	c00da353	fcvt.w.s	x6,f27	 f27:0x7fc00000  x6=0x7fffffff
     101425.000 ns	     10141	80002424	adabf113	andi	x2,x23,-1318	 x23:0xfffe9840  x2=0xfffe9840
     101435.000 ns	     10142	80002428	01ceccb3	xor	x25,x29,x28	 x29:0x00000001 x28:0x00000000 x25=0x00000001
     101445.000 ns	     10143	8000242c	010e86b3	add	x13,x29,x16	 x29:0x00000001 x16:0x00000001 x13=0x00000002
     101465.000 ns	     10145	80002430	d0160bd3	fcvt.s.wu	f23,x12	 x12:0x80041024 f23=0x4f000410
     101495.000 ns	     10148	80002434	28791dd3	fmax.s	f27,f18,f7	 f18:0x00000000  f7:0xfffff596 f27=0x00000000
     101525.000 ns	     10151	80002438	c00e32d3	fcvt.w.s	x5,f28	 f28:0x00000000  x5=0x00000000
     101555.000 ns	     10154	8000243c	d0090253	fcvt.s.w	f4,x18	 x18:0x00000000  f4=0x00000000
     101575.000 ns	     10156	80002440	e2196b93	ori	x23,x18,-479	 x18:0x00000000 x23=0xfffffe21
     101595.000 ns	     10158	80002444	a1c326d3	feq.s	x13,f6,f28	  f6:0x80041024 f28:0x00000000 x13=0x00000000
     101615.000 ns	     10160	80002448	00f896b3	sll	x13,x17,x15	 x17:0x00000000 x15:0x77c8048e x13=0x00000000
     101625.000 ns	     10161	8000244c	01caa2b3	slt	x5,x21,x28	 x21:0xffe00103 x28:0x00000000  x5=0x00000001
     101645.000 ns	     10163	80002450	02578bb3	mul	x23,x15,x5	 x15:0x77c8048e  x5:0x00000000 x23=0x77c8048e
     101665.000 ns	     10165	80002454	019a6233	or	x4,x20,x25	 x20:0x00000000 x25:0x00000001  x4=0x00000001
     101675.000 ns	     10166	80002458	00ed2f33	slt	x30,x26,x14	 x26:0x80040fe4 x14:0x00000000 x30=0x00000001
     101695.000 ns	     10168	8000245c	03ac3fb3	mulhu	x31,x24,x26	 x24:0x00000000 x26:0x80040fe4 x31=0x00000000
     101725.000 ns	     10171	80002460	21480fd3	fsgnj.s	f31,f16,f20	 f16:0x7fc00000 f20:0x7fc00000 f31=0x7fc00000
     101775.000 ns	     10176	80002464	08bc7c53	fsub.s	f24,f24,f11	 f24:0x84d46440 f11:0xffc00000 f24=0x7fc00000
     101805.000 ns	     10179	80002468	c0017bd3	fcvt.w.s	x23,f2	  f2:0x7fc00000 x23=0x7fffffff
     101835.000 ns	     10182	8000246c	f0030453	fmv.w.x	f8,x6	  x6:0x7fffffff  f8=0x7fffffff
     101855.000 ns	     10184	80002470	41b804b3	sub	x9,x16,x27	 x16:0x00000001 x27:0x80041024  x9=0x7ffbefdd
     102215.000 ns	     10220	80002474	024b5433	divu	x8,x22,x4	 x22:0x0000013a  x4:0x00000001  x8=0x0000013a
     102235.000 ns	     10222	80002478	004756b3	srl	x13,x14,x4	 x14:0x00000000  x4:0x00000001 x13=0x00000000
     102255.000 ns	     10224	8000247c	d012f3d3	fcvt.s.wu	f7,x5	  x5:0x00000001  f7=0x3f800000
     102285.000 ns	     10227	80002480	02e66bb3	rem	x23,x12,x14	 x12:0x80041024 x14:0x00000000 x23=0x80041024
     102315.000 ns	     10230	80002484	e00f8153	fmv.x.w	x2,f31	 f31:0x7fc00000  x2=0x7fc00000
     102345.000 ns	     10233	80002488	a0a70353	fle.s	x6,f14,f10	 f14:0x00000000 f10:0x00000000  x6=0x00000001
     102365.000 ns	     10235	8000248c	354d9a37	lui	x20,0x354d9	 x20=0x354d9000
     102375.000 ns	     10236	80002490	41528cb3	sub	x25,x5,x21	  x5:0x00000001 x21:0xffe00103 x25=0x001ffefe
     102395.000 ns	     10238	80002494	f0050153	fmv.w.x	f2,x10	 x10:0xfffff595  f2=0xfffff595
     102415.000 ns	     10240	80002498	00000013	addi	x0,x0,0	  x0:0x00000000
     102435.000 ns	     10242	8000249c	026b0733	mul	x14,x22,x6	 x22:0x0000013a  x6:0x00000001 x14=0x0000013a
     102455.000 ns	     10244	800024a0	018f6233	or	x4,x30,x24	 x30:0x00000001 x24:0x00000000  x4=0x00000001
     102465.000 ns	     10245	800024a4	4886fb13	andi	x22,x13,1160	 x13:0x00000000 x22=0x00000000
     102485.000 ns	     10247	800024a8	a00f2053	feq.s	x0,f30,f0	 f30:0x80000000  f0:0x7fc00000
     102515.000 ns	     10250	800024ac	29b111d3	fmax.s	f3,f2,f27	  f2:0xfffff595 f27:0x00000000  f3=0x00000000
     102535.000 ns	     10252	800024b0	0061e6b3	or	x13,x3,x6	  x3:0x00000000  x6:0x00000001 x13=0x00000001
     102545.000 ns	     10253	800024b4	01c7f233	and	x4,x15,x28	 x15:0x77c8048e x28:0x00000000  x4=0x00000000
     102555.000 ns	     10254	800024b8	724459b7	lui	x19,0x72445	 x19=0x72445000
     102565.000 ns	     10255	800024bc	00000013	addi	x0,x0,0	  x0:0x00000000
     102585.000 ns	     10257	800024c0	e0029e53	fclass.s	x28,f5	  f5:0x84d46440 x28=0x00000002
     102605.000 ns	     10259	800024c4	6d8dc113	xori	x2,x27,1752	 x27:0x80041024  x2=0x800416fc
     102625.000 ns	     10261	800024c8	035235b3	mulhu	x11,x4,x21	  x4:0x00000000 x21:0xffe00103 x11=0x00000000
     102645.000 ns	     10263	800024cc	00d2cbb3	xor	x23,x5,x13	  x5:0x00000001 x13:0x00000001 x23=0x00000000
     103005.000 ns	     10299	800024d0	03c5c3b3	div	x7,x11,x28	 x11:0x00000000 x28:0x00000002  x7=0x00000000
     103375.000 ns	     10336	800024d4	02c5d3b3	divu	x7,x11,x12	 x11:0x00000000 x12:0x80041024  x7=0x00000000
     103395.000 ns	     10338	800024d8	fe74e593	ori	x11,x9,-25	  x9:0x7ffbefdd x11=0xffffffff
     103415.000 ns	     10340	800024dc	a10a92d3	flt.s	x5,f21,f16	 f21:0xff800000 f16:0x7fc00000  x5=0x00000000
     103435.000 ns	     10342	800024e0	014cd633	srl	x12,x25,x20	 x25:0x001ffefe x20:0x354d9000 x12=0x001ffefe
     103455.000 ns	     10344	800024e4	28b404d3	fmin.s	f9,f8,f11	  f8:0x7fffffff f11:0xffc00000  f9=0x7fc00000
     103825.000 ns	     10381	800024e8	02b1efb3	rem	x31,x3,x11	  x3:0x00000000 x11:0xffffffff x31=0x00000000
     103855.000 ns	     10384	800024ec	e00b8353	fmv.x.w	x6,f23	 f23:0x4f000410  x6=0x4f000410
     103875.000 ns	     10386	800024f0	0d09ff93	andi	x31,x19,208	 x19:0x72445000 x31=0x00000000
     103895.000 ns	     10388	800024f4	d005a1d3	fcvt.s.w	f3,x11	 x11:0xffffffff  f3=0xbf800000
     103935.000 ns	     10392	800024f8	58040853	fsqrt.s	f16,f8	  f8:0x7fffffff f16=0x7fc00000
     103965.000 ns	     10395	800024fc	0253d8b3	divu	x17,x7,x5	  x7:0x00000000  x5:0x00000000 x17=0xffffffff
     103985.000 ns	     10397	80002500	88323893	sltiu	x17,x4,-1917	  x4:0x00000000 x17=0x00000001
     103995.000 ns	     10398	80002504	01c99fb3	sll	x31,x19,x28	 x19:0x72445000 x28:0x00000002 x31=0xc9114000
     104005.000 ns	     10399	80002508	01029633	sll	x12,x5,x16	  x5:0x00000000 x16:0x00000001 x12=0x00000000
     104365.000 ns	     10435	8000250c	0264f8b3	remu	x17,x9,x6	  x9:0x7ffbefdd  x6:0x4f000410 x17=0x30fbebcd
     104395.000 ns	     10438	80002510	02a48bb3	mul	x23,x9,x10	  x9:0x7ffbefdd x10:0xfffff595 x23=0xaa541ca1
     104765.000 ns	     10475	80002514	0308f2b3	remu	x5,x17,x16	 x17:0x30fbebcd x16:0x00000001  x5=0x00000000
     104785.000 ns	     10477	80002518	6b878593	addi	x11,x15,1720	 x15:0x77c8048e x11=0x77c80b46
     104795.000 ns	     10478	8000251c	00231113	slli	x2,x6,0x2	  x6:0x4f000410  x2=0x3c001040
     104835.000 ns	     10482	80002520	006e9e53	fadd.s	f28,f29,f6	 f29:0x00000000  f6:0x80041024 f28=0x80041024
     104855.000 ns	     10484	80002524	4e628393	addi	x7,x5,1254	  x5:0x00000000  x7=0x000004e6
     104865.000 ns	     10485	80002528	b08f2737	lui	x14,0xb08f2	 x14=0xb08f2000
     104885.000 ns	     10487	8000252c	e0079fd3	fclass.s	x31,f15	 f15:0x7fc00000 x31=0x00000200
     104905.000 ns	     10489	80002530	00454a33	xor	x20,x10,x4	 x10:0xfffff595  x4:0x00000000 x20=0xfffff595
     104915.000 ns	     10490	80002534	0149ef33	or	x30,x19,x20	 x19:0x72445000 x20:0x354d9000 x30=0xfffff595
     104925.000 ns	     10491	80002538	b76aea37	lui	x20,0xb76ae	 x20=0xb76ae000
     104935.000 ns	     10492	8000253c	00d39ab3	sll	x21,x7,x13	  x7:0x000004e6 x13:0x00000001 x21=0x000009cc
     104945.000 ns	     10493	80002540	01f7b033	sltu	x0,x15,x31	 x15:0x77c8048e x31:0x00000200
     104955.000 ns	     10494	80002544	586f0193	addi	x3,x30,1414	 x30:0xfffff595  x3=0xfffffb1b
     104975.000 ns	     10496	80002548	a18f9e53	flt.s	x28,f31,f24	 f31:0x7fc00000 f24:0x7fc00000 x28=0x00000000
     105005.000 ns	     10499	8000254c	20049d53	fsgnjn.s	f26,f9,f0	  f9:0x7fc00000  f0:0x7fc00000 f26=0xffc00000
     105035.000 ns	     10502	80002550	a1b612d3	flt.s	x5,f12,f27	 f12:0x3f800000 f27:0x00000000  x5=0x00000000
     105055.000 ns	     10504	80002554	38010393	addi	x7,x2,896	  x2:0x3c001040  x7=0x3c0013c0
     105075.000 ns	     10506	80002558	f00c0253	fmv.w.x	f4,x24	 x24:0x00000000  f4=0x00000000
     105095.000 ns	     10508	8000255c	005473b3	and	x7,x8,x5	  x8:0x0000013a  x5:0x00000000  x7=0x00000000
     105125.000 ns	     10511	80002560	102d3b53	fmul.s	f22,f26,f2	 f26:0xffc00000  f2:0xfffff595 f22=0x7fc00000
     105145.000 ns	     10513	80002564	3e48f293	andi	x5,x17,996	 x17:0x30fbebcd  x5=0x000003c4
     105155.000 ns	     10514	80002568	01ebbe33	sltu	x28,x23,x30	 x23:0xaa541ca1 x30:0xfffff595 x28=0x00000001
     105165.000 ns	     10515	8000256c	d38f0c93	addi	x25,x30,-712	 x30:0xfffff595 x25=0xfffff2cd
     105185.000 ns	     10517	80002570	2155ac53	fsgnjx.s	f24,f11,f21	 f11:0xffc00000 f21:0xff800000 f24=0x7fc00000
     105215.000 ns	     10520	80002574	d00c70d3	fcvt.s.w	f1,x24	 x24:0x00000000  f1=0x00000000
     105245.000 ns	     10523	80002578	f00e80d3	fmv.w.x	f1,x29	 x29:0x00000001  f1=0x00000001
     105285.000 ns	     10527	8000257c	10e977d3	fmul.s	f15,f18,f14	 f18:0x00000000 f14:0x00000000 f15=0x00000000
     105315.000 ns	     10530	80002580	20860f53	fsgnj.s	f30,f12,f8	 f12:0x3f800000  f8:0x7fffffff f30=0x3f800000
     105335.000 ns	     10532	80002584	019d9233	sll	x4,x27,x25	 x27:0x80041024 x25:0xfffff2cd  x4=0x82048000
     105355.000 ns	     10534	80002588	209d90d3	fsgnjn.s	f1,f27,f9	 f27:0x00000000  f9:0x7fc00000  f1=0x80000000
     105375.000 ns	     10536	8000258c	008b1833	sll	x16,x22,x8	 x22:0x00000000  x8:0x0000013a x16=0x00000000
     105395.000 ns	     10538	80002590	d01b9453	fcvt.s.wu	f8,x23	 x23:0xaa541ca1  f8=0x4f2a541c
     105425.000 ns	     10541	80002594	20338153	fsgnj.s	f2,f7,f3	  f7:0x3f800000  f3:0xbf800000  f2=0xbf800000
     105455.000 ns	     10544	80002598	02d33c33	mulhu	x24,x6,x13	  x6:0x4f000410 x13:0x00000001 x24=0x00000000
     105825.000 ns	     10581	8000259c	02d043b3	div	x7,x0,x13	  x0:0x00000000 x13:0x00000001  x7=0x00000000
     106195.000 ns	     10618	800025a0	03f168b3	rem	x17,x2,x31	  x2:0x3c001040 x31:0x00000200 x17=0x00000040
     106215.000 ns	     10620	800025a4	003c4fb3	xor	x31,x24,x3	 x24:0x00000000  x3:0xfffffb1b x31=0xfffffb1b
     106235.000 ns	     10622	800025a8	d01629d3	fcvt.s.wu	f19,x12	 x12:0x00000000 f19=0x00000000
     106265.000 ns	     10625	800025ac	d0104653	fcvt.s.wu	f12,x0	  x0:0x00000000 f12=0x00000000
     106295.000 ns	     10628	800025b0	a0200453	fle.s	x8,f0,f2	  f0:0x7fc00000  f2:0xbf800000  x8=0x00000000
     106315.000 ns	     10630	800025b4	0187fcb3	and	x25,x15,x24	 x15:0x77c8048e x24:0x00000000 x25=0x00000000
     106325.000 ns	     10631	800025b8	40ae5913	srai	x18,x28,0xa	 x28:0x00000001 x18=0x00000000
     106335.000 ns	     10632	800025bc	12dd6113	ori	x2,x26,301	 x26:0x80040fe4  x2=0x80040fed
     106355.000 ns	     10634	800025c0	29359b53	fmax.s	f22,f11,f19	 f11:0xffc00000 f19:0x00000000 f22=0x00000000
     106385.000 ns	     10637	800025c4	a16819d3	flt.s	x19,f16,f22	 f16:0x7fc00000 f22:0x7fc00000 x19=0x00000000
     106405.000 ns	     10639	800025c8	95122193	slti	x3,x4,-1711	  x4:0x82048000  x3=0x00000001
     106415.000 ns	     10640	800025cc	552e7a93	andi	x21,x28,1362	 x28:0x00000001 x21=0x00000000
     106425.000 ns	     10641	800025d0	01b06b33	or	x22,x0,x27	  x0:0x00000000 x27:0x80041024 x22=0x80041024
     106445.000 ns	     10643	800025d4	d01bb2d3	fcvt.s.wu	f5,x23	 x23:0xaa541ca1  f5=0x4f2a541d
     106465.000 ns	     10645	800025d8	00360ab3	add	x21,x12,x3	 x12:0x00000000  x3:0x00000001 x21=0x00000001
     106495.000 ns	     10648	800025dc	114af5d3	fmul.s	f11,f21,f20	 f21:0xff800000 f20:0x7fc00000 f11=0x7fc00000
     106515.000 ns	     10650	800025e0	0042cf33	xor	x30,x5,x4	  x5:0x000003c4  x4:0x82048000 x30=0x820483c4
     106535.000 ns	     10652	800025e4	d0023bd3	fcvt.s.w	f23,x4	  x4:0x82048000 f23=0xcefbf700
     106555.000 ns	     10654	800025e8	01918433	add	x8,x3,x25	  x3:0x00000001 x25:0x00000000  x8=0x00000001
     106565.000 ns	     10655	800025ec	8b1f6e13	ori	x28,x30,-1871	 x30:0x820483c4 x28=0xfffffbf5
     106585.000 ns	     10657	800025f0	f0080253	fmv.w.x	f4,x16	 x16:0x00000000  f4=0x00000000
     106615.000 ns	     10660	800025f4	d01db153	fcvt.s.wu	f2,x27	 x27:0x80041024  f2=0x4f000411
     106645.000 ns	     10663	800025f8	21aca4d3	fsgnjx.s	f9,f25,f26	 f25:0x00000000 f26:0xffc00000  f9=0x80000000
     106675.000 ns	     10666	800025fc	e00214d3	fclass.s	x9,f4	  f4:0x00000000  x9=0x00000010
     106695.000 ns	     10668	80002600	403ad293	srai	x5,x21,0x3	 x21:0x00000001  x5=0x00000000
     107055.000 ns	     10704	80002604	02e8ef33	rem	x30,x17,x14	 x17:0x00000040 x14:0xb08f2000 x30=0x00000040
     107085.000 ns	     10707	80002608	29661cd3	fmax.s	f25,f12,f22	 f12:0x00000000 f22:0x00000000 f25=0x00000000
     107105.000 ns	     10709	8000260c	01eb1a33	sll	x20,x22,x30	 x22:0x80041024 x30:0x00000040 x20=0x80041024
     107115.000 ns	     10710	80002610	0dbd8993	addi	x19,x27,219	 x27:0x80041024 x19=0x800410ff
     107125.000 ns	     10711	80002614	95faa937	lui	x18,0x95faa	 x18=0x95faa000
     107135.000 ns	     10712	80002618	786f2013	slti	x0,x30,1926	 x30:0x00000040
     107145.000 ns	     10713	8000261c	0f597993	andi	x19,x18,245	 x18:0x00000000 x19=0x00000000
     107155.000 ns	     10714	80002620	94ddea13	ori	x20,x27,-1715	 x27:0x80041024 x20=0xfffff96d
     107165.000 ns	     10715	80002624	d9f32117	auipc	x2,0xd9f32	  x2=0x59f34624
     107185.000 ns	     10717	80002628	200e8353	fsgnj.s	f6,f29,f0	 f29:0x00000000  f0:0x7fc00000  f6=0x00000000
     107215.000 ns	     10720	8000262c	a0902b53	feq.s	x22,f0,f9	  f0:0x7fc00000  f9:0x80000000 x22=0x00000000
     107245.000 ns	     10723	80002630	215326d3	fsgnjx.s	f13,f6,f21	  f6:0x00000000 f21:0xff800000 f13=0x80000000
     107275.000 ns	     10726	80002634	d014a653	fcvt.s.wu	f12,x9	  x9:0x00000010 f12=0x41800000
     107315.000 ns	     10730	80002638	18701953	fdiv.s	f18,f0,f7	  f0:0x7fc00000  f7:0x3f800000 f18=0x7fc00000
     107335.000 ns	     10732	8000263c	416ad9b3	sra	x19,x21,x22	 x21:0x00000001 x22:0x00000000 x19=0x00000001
     107345.000 ns	     10733	80002640	81f76c37	lui	x24,0x81f76	 x24=0x81f76000
     107365.000 ns	     10735	80002644	e00a0fd3	fmv.x.w	x31,f20	 f20:0x7fc00000 x31=0x7fc00000
     107385.000 ns	     10737	80002648	4092d4b3	sra	x9,x5,x9	  x5:0x00000000  x9:0x00000010  x9=0x00000000
     107745.000 ns	     10773	8000264c	03bdfbb3	remu	x23,x27,x27	 x27:0x80041024 x27:0x80041024 x23=0x00000000
     107765.000 ns	     10775	80002650	01ea4733	xor	x14,x20,x30	 x20:0xfffff96d x30:0x00000040 x14=0xfffff92d
     107785.000 ns	     10777	80002654	d008f753	fcvt.s.w	f14,x17	 x17:0x00000040 f14=0x42800000
     108155.000 ns	     10814	80002658	02e4d8b3	divu	x17,x9,x14	  x9:0x00000000 x14:0xb08f2000 x17=0x00000000
     108175.000 ns	     10816	8000265c	00000013	addi	x0,x0,0	  x0:0x00000000
     108195.000 ns	     10818	80002660	28738853	fmin.s	f16,f7,f7	  f7:0x3f800000  f7:0x3f800000 f16=0x3f800000
     108215.000 ns	     10820	80002664	000fbfb3	sltu	x31,x31,x0	 x31:0x7fc00000  x0:0x00000000 x31=0x00000000
     108225.000 ns	     10821	80002668	0172deb3	srl	x29,x5,x23	  x5:0x00000000 x23:0x00000000 x29=0x00000000
     108245.000 ns	     10823	8000266c	034e2eb3	mulhsu	x29,x28,x20	 x28:0xfffffbf5 x20:0xfffff96d x29=0xfffffbf5
     108275.000 ns	     10826	80002670	034026b3	mulhsu	x13,x0,x20	  x0:0x00000000 x20:0xfffff96d x13=0x00000000
     108295.000 ns	     10828	80002674	017be033	or	x0,x23,x23	 x23:0x00000000 x23:0x00000000
     108315.000 ns	     10830	80002678	f0048dd3	fmv.w.x	f27,x9	  x9:0x00000000 f27=0x00000000
     108335.000 ns	     10832	8000267c	cfc6c013	xori	x0,x13,-772	 x13:0x00000000
     108345.000 ns	     10833	80002680	247d8713	addi	x14,x27,583	 x27:0x80041024 x14=0x8004126b
     108365.000 ns	     10835	80002684	f00b0fd3	fmv.w.x	f31,x22	 x22:0x00000000 f31=0x00000000
     108395.000 ns	     10838	80002688	28439bd3	fmax.s	f23,f7,f4	  f7:0x3f800000  f4:0x00000000 f23=0x3f800000
     108425.000 ns	     10841	8000268c	201a96d3	fsgnjn.s	f13,f21,f1	 f21:0xff800000  f1:0x80000000 f13=0x7f800000
     108455.000 ns	     10844	80002690	0206deb3	divu	x29,x13,x0	 x13:0x00000000  x0:0x00000000 x29=0xffffffff
     108475.000 ns	     10846	80002694	5d93e613	ori	x12,x7,1497	  x7:0x00000000 x12=0x000005d9
     108485.000 ns	     10847	80002698	01d1abb3	slt	x23,x3,x29	  x3:0x00000001 x29:0xffffffff x23=0x00000000
     108495.000 ns	     10848	8000269c	797ff913	andi	x18,x31,1943	 x31:0x00000000 x18=0x00000000
     109665.000 ns	     10965	800026a0	5802fd53	fsqrt.s	f26,f5	  f5:0x4f2a541d f26=0x46f0e11c
     109695.000 ns	     10968	800026a4	d0131553	fcvt.s.wu	f10,x6	  x6:0x4f000410 f10=0x4e9e0008
     109715.000 ns	     10970	800026a8	4129d833	sra	x16,x19,x18	 x19:0x00000001 x18:0x00000000 x16=0x00000001
     109725.000 ns	     10971	800026ac	007bc8b3	xor	x17,x23,x7	 x23:0x00000000  x7:0x00000000 x17=0x00000000
     109755.000 ns	     10974	800026b0	10a277d3	fmul.s	f15,f4,f10	  f4:0x00000000 f10:0x4e9e0008 f15=0x00000000
     109785.000 ns	     10977	800026b4	20659e53	fsgnjn.s	f28,f11,f6	 f11:0x7fc00000  f6:0x00000000 f28=0xffc00000
     109805.000 ns	     10979	800026b8	412cdc93	srai	x25,x25,0x12	 x25:0x00000000 x25=0x00000000
     109815.000 ns	     10980	800026bc	296c6c93	ori	x25,x24,662	 x24:0x81f76000 x25=0x81f76296
     109825.000 ns	     10981	800026c0	23157b17	auipc	x22,0x23157	 x22=0xa31596c0
     109835.000 ns	     10982	800026c4	41e85913	srai	x18,x16,0x1e	 x16:0x00000001 x18=0x00000000
     109855.000 ns	     10984	800026c8	027da533	mulhsu	x10,x27,x7	 x27:0x80041024  x7:0x00000000 x10=0x00000000
     109885.000 ns	     10987	800026cc	c01ab6d3	fcvt.wu.s	x13,f21	 f21:0xff800000 x13=0x00000000
     109915.000 ns	     10990	800026d0	c01c4553	fcvt.wu.s	x10,f24	 f24:0x7fc00000 x10=0xffffffff
     109935.000 ns	     10992	800026d4	00f85fb3	srl	x31,x16,x15	 x16:0x00000001 x15:0x77c8048e x31=0x00000000
     109945.000 ns	     10993	800026d8	002933b3	sltu	x7,x18,x2	 x18:0x00000000  x2:0x59f34624  x7=0x00000001
     110305.000 ns	     11029	800026dc	03ba5e33	divu	x28,x20,x27	 x20:0xfffff96d x27:0x80041024 x28=0x00000001
     110325.000 ns	     11031	800026e0	75668317	auipc	x6,0x75668	  x6=0xf566a6e0
     110355.000 ns	     11034	800026e4	580b4653	fsqrt.s	f12,f22	 f22:0x00000000 f12=0x00000000
     110385.000 ns	     11037	800026e8	c00970d3	fcvt.w.s	x1,f18	 f18:0x7fc00000  x1=0x7fffffff
     110405.000 ns	     11039	800026ec	0042df33	srl	x30,x5,x4	  x5:0x00000000  x4:0x82048000 x30=0x00000000
     110415.000 ns	     11040	800026f0	40dd8033	sub	x0,x27,x13	 x27:0x80041024 x13:0x00000000
     110445.000 ns	     11043	800026f4	111af553	fmul.s	f10,f21,f17	 f21:0xff800000 f17:0xfffffa61 f10=0x7fc00000
     110475.000 ns	     11046	800026f8	28570ed3	fmin.s	f29,f14,f5	 f14:0x42800000  f5:0x4f2a541d f29=0x42800000
     110505.000 ns	     11049	800026fc	d01679d3	fcvt.s.wu	f19,x12	 x12:0x000005d9 f19=0x44bb2000
     110525.000 ns	     11051	80002700	00002733	slt	x14,x0,x0	  x0:0x00000000  x0:0x00000000 x14=0x00000000
     110535.000 ns	     11052	80002704	9de97b13	andi	x22,x18,-1570	 x18:0x00000000 x22=0x00000000
     110545.000 ns	     11053	80002708	00e1af33	slt	x30,x3,x14	  x3:0x00000001 x14:0x8004126b x30=0x00000000
     110565.000 ns	     11055	8000270c	e00081d3	fmv.x.w	x3,f1	  f1:0x80000000  x3=0x80000000
     110615.000 ns	     11060	80002710	095aadd3	fsub.s	f27,f21,f21	 f21:0xff800000 f21:0xff800000 f27=0x00000000
     110635.000 ns	     11062	80002714	cc843493	sltiu	x9,x8,-824	  x8:0x00000001  x9=0x00000001
     110645.000 ns	     11063	80002718	00903633	sltu	x12,x0,x9	  x0:0x00000000  x9:0x00000000 x12=0x00000001
     110665.000 ns	     11065	8000271c	20701b53	fsgnjn.s	f22,f0,f7	  f0:0x7fc00000  f7:0x3f800000 f22=0xffc00000
     110695.000 ns	     11068	80002720	d0198253	fcvt.s.wu	f4,x19	 x19:0x00000001  f4=0x3f800000
     110725.000 ns	     11071	80002724	c0144253	fcvt.wu.s	x4,f8	  f8:0x4f2a541c  x4=0xaa541c00
     110745.000 ns	     11073	80002728	b4ecf993	andi	x19,x25,-1202	 x25:0x81f76296 x19=0x81f76206
     110765.000 ns	     11075	8000272c	02e8f5b3	remu	x11,x17,x14	 x17:0x00000000 x14:0x00000000 x11=0x00000000
     110785.000 ns	     11077	80002730	c1ea4093	xori	x1,x20,-994	 x20:0xfffff96d  x1=0x00000573
     110825.000 ns	     11081	80002734	004176d3	fadd.s	f13,f2,f4	  f2:0x4f000411  f4:0x3f800000 f13=0x4f000411
     110855.000 ns	     11084	80002738	03e1c9b3	div	x19,x3,x30	  x3:0x80000000 x30:0x00000000 x19=0xffffffff
     110875.000 ns	     11086	8000273c	d5afbc37	lui	x24,0xd5afb	 x24=0xd5afb000
     110885.000 ns	     11087	80002740	00000013	addi	x0,x0,0	  x0:0x00000000
     110905.000 ns	     11089	80002744	29a80bd3	fmin.s	f23,f16,f26	 f16:0x3f800000 f26:0x46f0e11c f23=0x3f800000
     110935.000 ns	     11092	80002748	025e10b3	mulh	x1,x28,x5	 x28:0x00000001  x5:0x00000000  x1=0x00000000
     110965.000 ns	     11095	8000274c	e00890d3	fclass.s	x1,f17	 f17:0xfffffa61  x1=0x00000200
     111015.000 ns	     11100	80002750	0129f053	fadd.s	f0,f19,f18	 f19:0x44bb2000 f18:0x7fc00000  f0=0x7fc00000
     111035.000 ns	     11102	80002754	0067d013	srli	x0,x15,0x6	 x15:0x77c8048e
     111055.000 ns	     11104	80002758	e00c8353	fmv.x.w	x6,f25	 f25:0x00000000  x6=0x00000000
     111075.000 ns	     11106	8000275c	00911093	slli	x1,x2,0x9	  x2:0x59f34624  x1=0xe68c4800
     111095.000 ns	     11108	80002760	e00c96d3	fclass.s	x13,f25	 f25:0x00000000 x13=0x00000010
     111135.000 ns	     11112	80002764	1969f653	fdiv.s	f12,f19,f22	 f19:0x44bb2000 f22:0xffc00000 f12=0x7fc00000
     111165.000 ns	     11115	80002768	c01ef0d3	fcvt.wu.s	x1,f29	 f29:0x42800000  x1=0x00000040
     111195.000 ns	     11118	8000276c	a14baed3	feq.s	x29,f23,f20	 f23:0x3f800000 f20:0x7fc00000 x29=0x00000000
     111225.000 ns	     11121	80002770	02d3b533	mulhu	x10,x7,x13	  x7:0x00000001 x13:0x00000010 x10=0x00000000
     111245.000 ns	     11123	80002774	00521e33	sll	x28,x4,x5	  x4:0xaa541c00  x5:0x00000000 x28=0xaa541c00
     111255.000 ns	     11124	80002778	4039df33	sra	x30,x19,x3	 x19:0xffffffff  x3:0x80000000 x30=0xffffffff
     111265.000 ns	     11125	8000277c	41e15593	srai	x11,x2,0x1e	  x2:0x59f34624 x11=0x00000001
     111275.000 ns	     11126	80002780	111479b7	lui	x19,0x11147	 x19=0x11147000
     111285.000 ns	     11127	80002784	91d83893	sltiu	x17,x16,-1763	 x16:0x00000001 x17=0x00000001
     111305.000 ns	     11129	80002788	d000fdd3	fcvt.s.w	f27,x1	  x1:0x00000040 f27=0x42800000
     111325.000 ns	     11131	8000278c	018b6fb3	or	x31,x22,x24	 x22:0x00000000 x24:0xd5afb000 x31=0xd5afb000
     111335.000 ns	     11132	80002790	cff54113	xori	x2,x10,-769	 x10:0x00000000  x2=0xfffffcff
     111355.000 ns	     11134	80002794	21401dd3	fsgnjn.s	f27,f0,f20	  f0:0x7fc00000 f20:0x7fc00000 f27=0xffc00000
     111385.000 ns	     11137	80002798	a19d25d3	feq.s	x11,f26,f25	 f26:0x46f0e11c f25:0x00000000 x11=0x00000000
     111405.000 ns	     11139	8000279c	41515133	sra	x2,x2,x21	  x2:0xfffffcff x21:0x00000001  x2=0xfffffe7f
     111415.000 ns	     11140	800027a0	f99b4813	xori	x16,x22,-103	 x22:0x00000000 x16=0xffffff99
     111425.000 ns	     11141	800027a4	1a8b1ab7	lui	x21,0x1a8b1	 x21=0x1a8b1000
     111445.000 ns	     11143	800027a8	030a9f33	mulh	x30,x21,x16	 x21:0x00000001 x16:0x00000001 x30=0xfffffff5
     111465.000 ns	     11145	800027ac	409c0c33	sub	x24,x24,x9	 x24:0xd5afb000  x9:0x00000001 x24=0xd5afafff
     111475.000 ns	     11146	800027b0	010f5013	srli	x0,x30,0x10	 x30:0xfffffff5
     111505.000 ns	     11149	800027b4	18947153	fdiv.s	f2,f8,f9	  f8:0x4f2a541c  f9:0x80000000  f2=0xff800000
     111535.000 ns	     11152	800027b8	d01e4bd3	fcvt.s.wu	f23,x28	 x28:0xaa541c00 f23=0x4f2a541c
     111565.000 ns	     11155	800027bc	03db69b3	rem	x19,x22,x29	 x22:0x00000000 x29:0x00000000 x19=0x00000000
     111595.000 ns	     11158	800027c0	0212a2b3	mulhsu	x5,x5,x1	  x5:0x00000000  x1:0x00000040  x5=0x00000000
     111615.000 ns	     11160	800027c4	1324e393	ori	x7,x9,306	  x9:0x00000001  x7=0x00000133
     111635.000 ns	     11162	800027c8	02878cb3	mul	x25,x15,x8	 x15:0x77c8048e  x8:0x00000001 x25=0x77c8048e
     111655.000 ns	     11164	800027cc	0182c4b3	xor	x9,x5,x24	  x5:0x00000000 x24:0xd5afafff  x9=0xd5afafff
     111665.000 ns	     11165	800027d0	014e9313	slli	x6,x29,0x14	 x29:0x00000000  x6=0x00000000
     111685.000 ns	     11167	800027d4	e00f0b53	fmv.x.w	x22,f30	 f30:0x3f800000 x22=0x3f800000
     111705.000 ns	     11169	800027d8	c1f9e513	ori	x10,x19,-993	 x19:0x00000000 x10=0xfffffc1f
     111715.000 ns	     11170	800027dc	01e0e233	or	x4,x1,x30	  x1:0x00000040 x30:0xfffffff5  x4=0xfffffff5
     111725.000 ns	     11171	800027e0	74e888b7	lui	x17,0x74e88	 x17=0x74e88000
     111745.000 ns	     11173	800027e4	c00d7cd3	fcvt.w.s	x25,f26	 f26:0x46f0e11c x25=0x00007870
     111765.000 ns	     11175	800027e8	821ae3b7	lui	x7,0x821ae	  x7=0x821ae000
     111775.000 ns	     11176	800027ec	3ab21817	auipc	x16,0x3ab21	 x16=0xbab237ec
     111795.000 ns	     11178	800027f0	f00602d3	fmv.w.x	f5,x12	 x12:0x00000001  f5=0x00000001
     111825.000 ns	     11181	800027f4	20472053	fsgnjx.s	f0,f14,f4	 f14:0x42800000  f4:0x3f800000  f0=0x42800000
     111855.000 ns	     11184	800027f8	f0090953	fmv.w.x	f18,x18	 x18:0x00000000 f18=0x00000000
     111875.000 ns	     11186	800027fc	41ac5a33	sra	x20,x24,x26	 x24:0xd5afafff x26:0x80040fe4 x20=0xfd5afaff
     111895.000 ns	     11188	80002800	f0060bd3	fmv.w.x	f23,x12	 x12:0x00000001 f23=0x00000001
     111915.000 ns	     11190	80002804	016940b3	xor	x1,x18,x22	 x18:0x00000000 x22:0x3f800000  x1=0x3f800000
     111935.000 ns	     11192	80002808	e0090ed3	fmv.x.w	x29,f18	 f18:0x00000000 x29=0x00000000
     111965.000 ns	     11195	8000280c	0376a9b3	mulhsu	x19,x13,x23	 x13:0x00000010 x23:0x00000000 x19=0x00000000
     111985.000 ns	     11197	80002810	01c13e33	sltu	x28,x2,x28	  x2:0xfffffe7f x28:0xaa541c00 x28=0x00000000
     112005.000 ns	     11199	80002814	d01073d3	fcvt.s.wu	f7,x0	  x0:0x00000000  f7=0x00000000
     112025.000 ns	     11201	80002818	5f1f0217	auipc	x4,0x5f1f0	  x4=0xdf1f2818
     112045.000 ns	     11203	8000281c	032b5fb3	divu	x31,x22,x18	 x22:0x3f800000 x18:0x00000000 x31=0xffffffff
     112075.000 ns	     11206	80002820	284e1bd3	fmax.s	f23,f28,f4	 f28:0xffc00000  f4:0x3f800000 f23=0x3f800000
     112415.000 ns	     11240	80002824	180bc653	fdiv.s	f12,f23,f0	 f23:0x00000001  f0:0x42800000 f12=0x3c36ca88
     112435.000 ns	     11242	80002828	0171fbb3	and	x23,x3,x23	  x3:0x80000000 x23:0x00000000 x23=0x00000000
     112445.000 ns	     11243	8000282c	bbc7a393	slti	x7,x15,-1092	 x15:0x77c8048e  x7=0x00000000
     112455.000 ns	     11244	80002830	08728b13	addi	x22,x5,135	  x5:0x00000000 x22=0x00000087
     112465.000 ns	     11245	80002834	3aa63693	sltiu	x13,x12,938	 x12:0x00000001 x13=0x00000001
     112475.000 ns	     11246	80002838	001a9993	slli	x19,x21,0x1	 x21:0x1a8b1000 x19=0x35162000
     112495.000 ns	     11248	8000283c	021518b3	mulh	x17,x10,x1	 x10:0xfffffc1f  x1:0x3f800000 x17=0xffffff09
     112525.000 ns	     11251	80002840	21bd8953	fsgnj.s	f18,f27,f27	 f27:0xffc00000 f27:0xffc00000 f18=0xffc00000
     112545.000 ns	     11253	80002844	d9af4fb7	lui	x31,0xd9af4	 x31=0xd9af4000
     112555.000 ns	     11254	80002848	b3270593	addi	x11,x14,-1230	 x14:0x00000000 x11=0xfffffb32
     112575.000 ns	     11256	8000284c	20e9a153	fsgnjx.s	f2,f19,f14	 f19:0x44bb2000 f14:0x42800000  f2=0x44bb2000
     112605.000 ns	     11259	80002850	028d23b3	mulhsu	x7,x26,x8	 x26:0x80040fe4  x8:0x00000001  x7=0xffffffff
     112625.000 ns	     11261	80002854	008edcb3	srl	x25,x29,x8	 x29:0x00000000  x8:0x00000001 x25=0x00000000
     112635.000 ns	     11262	80002858	009bce33	xor	x28,x23,x9	 x23:0x00000000  x9:0xd5afafff x28=0xd5afafff
     112655.000 ns	     11264	8000285c	a1c39b53	flt.s	x22,f7,f28	  f7:0x00000000 f28:0xffc00000 x22=0x00000000
     112685.000 ns	     11267	80002860	c01115d3	fcvt.wu.s	x11,f2	  f2:0x44bb2000 x11=0x000005d9
     112715.000 ns	     11270	80002864	a0faa753	feq.s	x14,f21,f15	 f21:0xff800000 f15:0x00000000 x14=0x00000000
     112735.000 ns	     11272	80002868	5c71a237	lui	x4,0x5c71a	  x4=0x5c71a000
     112755.000 ns	     11274	8000286c	027318b3	mulh	x17,x6,x7	  x6:0x00000000  x7:0xffffffff x17=0x00000000
     112775.000 ns	     11276	80002870	00000013	addi	x0,x0,0	  x0:0x00000000
     112805.000 ns	     11279	80002874	10103553	fmul.s	f10,f0,f1	  f0:0x42800000  f1:0x80000000 f10=0x80000000
     112825.000 ns	     11281	80002878	61666c13	ori	x24,x12,1558	 x12:0x00000001 x24=0x00000617
     112845.000 ns	     11283	8000287c	a0a422d3	feq.s	x5,f8,f10	  f8:0x4f2a541c f10:0x80000000  x5=0x00000000
     112875.000 ns	     11286	80002880	a1080453	fle.s	x8,f16,f16	 f16:0x3f800000 f16:0x3f800000  x8=0x00000001
     112895.000 ns	     11288	80002884	b0e57313	andi	x6,x10,-1266	 x10:0xfffffc1f  x6=0xfffff80e
     112915.000 ns	     11290	80002888	c00641d3	fcvt.w.s	x3,f12	 f12:0x3c36ca88  x3=0x00000000
     112945.000 ns	     11293	8000288c	c0043c53	fcvt.w.s	x24,f8	  f8:0x4f2a541c x24=0x7fffffff
     112965.000 ns	     11295	80002890	019d69b3	or	x19,x26,x25	 x26:0x80040fe4 x25:0x00000000 x19=0x80040fe4
     112975.000 ns	     11296	80002894	018c5e93	srli	x29,x24,0x18	 x24:0x7fffffff x29=0x0000007f
     112995.000 ns	     11298	80002898	02a91e33	mulh	x28,x18,x10	 x18:0x00000000 x10:0xfffffc1f x28=0x00000000
     113025.000 ns	     11301	8000289c	023d7733	remu	x14,x26,x3	 x26:0x80040fe4  x3:0x00000000 x14=0x80040fe4
     113045.000 ns	     11303	800028a0	edc24093	xori	x1,x4,-292	  x4:0x5c71a000  x1=0xa38e5edc
     113055.000 ns	     11304	800028a4	01f49613	slli	x12,x9,0x1f	  x9:0xd5afafff x12=0x80000000
     113065.000 ns	     11305	800028a8	01cb75b3	and	x11,x22,x28	 x22:0x00000000 x28:0x00000000 x11=0x00000000
     113085.000 ns	     11307	800028ac	218f85d3	fsgnj.s	f11,f31,f24	 f31:0x00000000 f24:0x7fc00000 f11=0x00000000
     113105.000 ns	     11309	800028b0	e999a713	slti	x14,x19,-359	 x19:0x80040fe4 x14=0x00000001
     113465.000 ns	     11345	800028b4	02a0feb3	remu	x29,x1,x10	  x1:0xa38e5edc x10:0xfffffc1f x29=0xa38e5edc
     113495.000 ns	     11348	800028b8	031a18b3	mulh	x17,x20,x17	 x20:0xfd5afaff x17:0x00000000 x17=0x00000000
     113525.000 ns	     11351	800028bc	a1860353	fle.s	x6,f12,f24	 f12:0x3c36ca88 f24:0x7fc00000  x6=0x00000000
     113545.000 ns	     11353	800028c0	013a81b3	add	x3,x21,x19	 x21:0x1a8b1000 x19:0x80040fe4  x3=0x9a8f1fe4
     113555.000 ns	     11354	800028c4	ff9e3613	sltiu	x12,x28,-7	 x28:0x00000000 x12=0x00000001
     113575.000 ns	     11356	800028c8	d0020cd3	fcvt.s.w	f25,x4	  x4:0x5c71a000 f25=0x4eb8e340
     113595.000 ns	     11358	800028cc	00bf84b3	add	x9,x31,x11	 x31:0xd9af4000 x11:0x00000000  x9=0xd9af4000
     113605.000 ns	     11359	800028d0	00000013	addi	x0,x0,0	  x0:0x00000000
     113615.000 ns	     11360	800028d4	00e9e233	or	x4,x19,x14	 x19:0x80040fe4 x14:0x00000001  x4=0x80040fe5
     113975.000 ns	     11396	800028d8	02846e33	rem	x28,x8,x8	  x8:0x00000001  x8:0x00000001 x28=0x00000000
     114345.000 ns	     11433	800028dc	02796a33	rem	x20,x18,x7	 x18:0x00000000  x7:0xffffffff x20=0x00000000
     114365.000 ns	     11435	800028e0	2f168237	lui	x4,0x2f168	  x4=0x2f168000
     114375.000 ns	     11436	800028e4	00fca0b3	slt	x1,x25,x15	 x25:0x00000000 x15:0x77c8048e  x1=0x00000001
     114385.000 ns	     11437	800028e8	8a3b3a13	sltiu	x20,x22,-1885	 x22:0x00000000 x20=0x00000001
     114395.000 ns	     11438	800028ec	c4c17393	andi	x7,x2,-948	  x2:0xfffffe7f  x7=0xfffffc4c
     114755.000 ns	     11474	800028f0	021271b3	remu	x3,x4,x1	  x4:0x2f168000  x1:0x00000001  x3=0x00000000
     114795.000 ns	     11478	800028f4	104519d3	fmul.s	f19,f10,f4	 f10:0x80000000  f4:0x3f800000 f19=0x80000000
     114825.000 ns	     11481	800028f8	21049b53	fsgnjn.s	f22,f9,f16	  f9:0x80000000 f16:0x3f800000 f22=0x80000000
     114875.000 ns	     11486	800028fc	01a20cd3	fadd.s	f25,f4,f26	  f4:0x3f800000 f26:0x46f0e11c f25=0x46f0e31c
     114895.000 ns	     11488	80002900	40655333	sra	x6,x10,x6	 x10:0xfffffc1f  x6:0x00000000  x6=0xfffffc1f
     114905.000 ns	     11489	80002904	c0e9be93	sltiu	x29,x19,-1010	 x19:0x80040fe4 x29=0x00000001
     114915.000 ns	     11490	80002908	019ba8b3	slt	x17,x23,x25	 x23:0x00000000 x25:0x00000000 x17=0x00000000
     114925.000 ns	     11491	8000290c	0015ceb3	xor	x29,x11,x1	 x11:0x00000000  x1:0x00000001 x29=0x00000001
     114935.000 ns	     11492	80002910	00000013	addi	x0,x0,0	  x0:0x00000000
     114975.000 ns	     11496	80002914	008ffdd3	fadd.s	f27,f31,f8	 f31:0x00000000  f8:0x4f2a541c f27=0x4f2a541c
     115005.000 ns	     11499	80002918	0215b5b3	mulhu	x11,x11,x1	 x11:0x00000000  x1:0x00000001 x11=0x00000000
     115025.000 ns	     11501	8000291c	b8936417	auipc	x8,0xb8936	  x8=0x3893891c
     115035.000 ns	     11502	80002920	01fade33	srl	x28,x21,x31	 x21:0x1a8b1000 x31:0xd9af4000 x28=0x1a8b1000
     115045.000 ns	     11503	80002924	00ea5713	srli	x14,x20,0xe	 x20:0x00000001 x14=0x00000000
     115075.000 ns	     11506	80002928	580c2c53	fsqrt.s	f24,f24	 f24:0x7fc00000 f24=0x7fc00000
     115095.000 ns	     11508	8000292c	00f72933	slt	x18,x14,x15	 x14:0x00000001 x15:0x77c8048e x18=0x00000001
     115115.000 ns	     11510	80002930	c0167cd3	fcvt.wu.s	x25,f12	 f12:0x3c36ca88 x25=0x00000000
     115145.000 ns	     11513	80002934	e00c95d3	fclass.s	x11,f25	 f25:0x46f0e31c x11=0x00000040
     115175.000 ns	     11516	80002938	038bafb3	mulhsu	x31,x23,x24	 x23:0x00000000 x24:0x7fffffff x31=0x00000000
     115205.000 ns	     11519	8000293c	20f712d3	fsgnjn.s	f5,f14,f15	 f14:0x42800000 f15:0x00000000  f5=0xc2800000
     115225.000 ns	     11521	80002940	e3c3ba93	sltiu	x21,x7,-452	  x7:0xfffffc4c x21=0x00000001
     115245.000 ns	     11523	80002944	a0c7a853	feq.s	x16,f15,f12	 f15:0x00000000 f12:0x3c36ca88 x16=0x00000000
     115265.000 ns	     11525	80002948	ad7b2293	slti	x5,x22,-1321	 x22:0x00000000  x5=0x00000000
     115285.000 ns	     11527	8000294c	c00d1853	fcvt.w.s	x16,f26	 f26:0x46f0e11c x16=0x00007870
     115305.000 ns	     11529	80002950	2a9c7a13	andi	x20,x24,681	 x24:0x7fffffff x20=0x000002a9
     115315.000 ns	     11530	80002954	75517813	andi	x16,x2,1877	  x2:0xfffffe7f x16=0x00000655
     115335.000 ns	     11532	80002958	e0031bd3	fclass.s	x23,f6	  f6:0x00000000 x23=0x00000010
     115365.000 ns	     11535	8000295c	20bd06d3	fsgnj.s	f13,f26,f11	 f26:0x46f0e11c f11:0x00000000 f13=0x46f0e11c
     115395.000 ns	     11538	80002960	031db433	mulhu	x8,x27,x17	 x27:0x80041024 x17:0x00000000  x8=0x00000000
     115425.000 ns	     11541	80002964	29181f53	fmax.s	f30,f16,f17	 f16:0x3f800000 f17:0xfffffa61 f30=0x3f800000
     115455.000 ns	     11544	80002968	f00f8153	fmv.w.x	f2,x31	 x31:0x00000000  f2=0x00000000
     115485.000 ns	     11547	8000296c	03903833	mulhu	x16,x0,x25	  x0:0x00000000 x25:0x00000000 x16=0x00000000
     115515.000 ns	     11550	80002970	28c38ed3	fmin.s	f29,f7,f12	  f7:0x00000000 f12:0x3c36ca88 f29=0x00000000
     115545.000 ns	     11553	80002974	e00b84d3	fmv.x.w	x9,f23	 f23:0x3f800000  x9=0x3f800000
     115575.000 ns	     11556	80002978	e00f16d3	fclass.s	x13,f30	 f30:0x3f800000 x13=0x00000040
     115605.000 ns	     11559	8000297c	28e085d3	fmin.s	f11,f1,f14	  f1:0x80000000 f14:0x42800000 f11=0x80000000
     115635.000 ns	     11562	80002980	c018fb53	fcvt.wu.s	x22,f17	 f17:0xfffffa61 x22=0xffffffff
     115665.000 ns	     11565	80002984	02c8a933	mulhsu	x18,x17,x12	 x17:0x00000000 x12:0x00000001 x18=0x00000000
     115695.000 ns	     11568	80002988	29c890d3	fmax.s	f1,f17,f28	 f17:0xfffffa61 f28:0xffc00000  f1=0x7fc00000
     115715.000 ns	     11570	8000298c	012adc93	srli	x25,x21,0x12	 x21:0x00000001 x25=0x00000000
     115725.000 ns	     11571	80002990	181e7893	andi	x17,x28,385	 x28:0x1a8b1000 x17=0x00000000
     115735.000 ns	     11572	80002994	0190bf33	sltu	x30,x1,x25	  x1:0x00000001 x25:0x00000000 x30=0x00000000
     115755.000 ns	     11574	80002998	c0047453	fcvt.w.s	x8,f8	  f8:0x4f2a541c  x8=0x7fffffff
     115775.000 ns	     11576	8000299c	0191b533	sltu	x10,x3,x25	  x3:0x00000000 x25:0x00000000 x10=0x00000000
     115805.000 ns	     11579	800029a0	580ec7d3	fsqrt.s	f15,f29	 f29:0x00000000 f15=0x00000000
     115835.000 ns	     11582	800029a4	a06b9c53	flt.s	x24,f23,f6	 f23:0x3f800000  f6:0x00000000 x24=0x00000000
     115855.000 ns	     11584	800029a8	b5b1a213	slti	x4,x3,-1189	  x3:0x00000000  x4=0x00000000
     115875.000 ns	     11586	800029ac	03263833	mulhu	x16,x12,x18	 x12:0x00000001 x18:0x00000000 x16=0x00000000
     115905.000 ns	     11589	800029b0	e00b1ed3	fclass.s	x29,f22	 f22:0x80000000 x29=0x00000008
     115945.000 ns	     11593	800029b4	187d7c53	fdiv.s	f24,f26,f7	 f26:0x46f0e11c  f7:0x00000000 f24=0x7f800000
     115985.000 ns	     11597	800029b8	58097cd3	fsqrt.s	f25,f18	 f18:0xffc00000 f25=0x7fc00000
     116025.000 ns	     11601	800029bc	10c311d3	fmul.s	f3,f6,f12	  f6:0x00000000 f12:0x3c36ca88  f3=0x00000000
     116395.000 ns	     11638	800029c0	0296f9b3	remu	x19,x13,x9	 x13:0x00000040  x9:0x3f800000 x19=0x00000040
     116415.000 ns	     11640	800029c4	41045fb3	sra	x31,x8,x16	  x8:0x7fffffff x16:0x00000000 x31=0x7fffffff
     116435.000 ns	     11642	800029c8	a0868953	fle.s	x18,f13,f8	 f13:0x46f0e11c  f8:0x4f2a541c x18=0x00000001
     116465.000 ns	     11645	800029cc	02eef433	remu	x8,x29,x14	 x29:0x00000008 x14:0x00000000  x8=0x00000008
     116485.000 ns	     11647	800029d0	010e7b33	and	x22,x28,x16	 x28:0x1a8b1000 x16:0x00000000 x22=0x00000000
     116495.000 ns	     11648	800029d4	012476b3	and	x13,x8,x18	  x8:0x00000008 x18:0x00000001 x13=0x00000000
     116505.000 ns	     11649	800029d8	94b40a97	auipc	x21,0x94b40	 x21=0x14b429d8
     116525.000 ns	     11651	800029dc	a063a1d3	feq.s	x3,f7,f6	  f7:0x00000000  f6:0x00000000  x3=0x00000001
     116545.000 ns	     11653	800029e0	014f3233	sltu	x4,x30,x20	 x30:0x00000000 x20:0x000002a9  x4=0x00000001
     116585.000 ns	     11657	800029e4	01afadd3	fadd.s	f27,f31,f26	 f31:0x00000000 f26:0x46f0e11c f27=0x46f0e11c
     116615.000 ns	     11660	800029e8	f0028553	fmv.w.x	f10,x5	  x5:0x00000000 f10=0x00000000
     116645.000 ns	     11663	800029ec	214da753	fsgnjx.s	f14,f27,f20	 f27:0x46f0e11c f20:0x7fc00000 f14=0x46f0e11c
     116695.000 ns	     11668	800029f0	08f39cd3	fsub.s	f25,f7,f15	  f7:0x00000000 f15:0x00000000 f25=0x80000000
     116725.000 ns	     11671	800029f4	a1e888d3	fle.s	x17,f17,f30	 f17:0xfffffa61 f30:0x3f800000 x17=0x00000000
     116745.000 ns	     11673	800029f8	75de7893	andi	x17,x28,1885	 x28:0x1a8b1000 x17=0x00000000
     116755.000 ns	     11674	800029fc	4142d133	sra	x2,x5,x20	  x5:0x00000000 x20:0x000002a9  x2=0x00000000
     116765.000 ns	     11675	80002a00	014a1433	sll	x8,x20,x20	 x20:0x000002a9 x20:0x000002a9  x8=0x00055200
     116785.000 ns	     11677	80002a04	210028d3	fsgnjx.s	f17,f0,f16	  f0:0x42800000 f16:0x3f800000 f17=0x42800000
     116815.000 ns	     11680	80002a08	c0040fd3	fcvt.w.s	x31,f8	  f8:0x4f2a541c x31=0x7fffffff
     116845.000 ns	     11683	80002a0c	29b89853	fmax.s	f16,f17,f27	 f17:0x42800000 f27:0x46f0e11c f16=0x46f0e11c
     116865.000 ns	     11685	80002a10	32c77313	andi	x6,x14,812	 x14:0x00000000  x6=0x00000000
     116875.000 ns	     11686	80002a14	41bfd433	sra	x8,x31,x27	 x31:0x7fffffff x27:0x80041024  x8=0x07ffffff
     116885.000 ns	     11687	80002a18	00980e33	add	x28,x16,x9	 x16:0x00000000  x9:0x3f800000 x28=0x3f800000
     116905.000 ns	     11689	80002a1c	a1658953	fle.s	x18,f11,f22	 f11:0x80000000 f22:0x80000000 x18=0x00000001
     116935.000 ns	     11692	80002a20	20e12653	fsgnjx.s	f12,f2,f14	  f2:0x00000000 f14:0x46f0e11c f12=0x00000000
     116955.000 ns	     11694	80002a24	00000013	addi	x0,x0,0	  x0:0x00000000
     116975.000 ns	     11696	80002a28	0309bcb3	mulhu	x25,x19,x16	 x19:0x00000040 x16:0x00000000 x25=0x00000000
     117005.000 ns	     11699	80002a2c	a1eaa5d3	feq.s	x11,f21,f30	 f21:0xff800000 f30:0x3f800000 x11=0x00000000
     117025.000 ns	     11701	80002a30	ea947597	auipc	x11,0xea947	 x11=0x6a949a30
     117385.000 ns	     11737	80002a34	02fe7c33	remu	x24,x28,x15	 x28:0x3f800000 x15:0x77c8048e x24=0x3f800000
     117415.000 ns	     11740	80002a38	030dffb3	remu	x31,x27,x16	 x27:0x80041024 x16:0x00000000 x31=0x80041024
     117785.000 ns	     11777	80002a3c	032bccb3	div	x25,x23,x18	 x23:0x00000010 x18:0x00000001 x25=0x00000010
     117835.000 ns	     11782	80002a40	01a5fc53	fadd.s	f24,f11,f26	 f11:0x80000000 f26:0x46f0e11c f24=0x46f0e11c
     117855.000 ns	     11784	80002a44	77079cb7	lui	x25,0x77079	 x25=0x77079000
     117875.000 ns	     11786	80002a48	a1872cd3	feq.s	x25,f14,f24	 f14:0x46f0e11c f24:0x46f0e11c x25=0x00000001
     117905.000 ns	     11789	80002a4c	c01730d3	fcvt.wu.s	x1,f14	 f14:0x46f0e11c  x1=0x00007871
     117925.000 ns	     11791	80002a50	409b09b3	sub	x19,x22,x9	 x22:0x00000000  x9:0x3f800000 x19=0xc0800000
     117945.000 ns	     11793	80002a54	a1bf8753	fle.s	x14,f31,f27	 f31:0x00000000 f27:0x46f0e11c x14=0x00000001
     117975.000 ns	     11796	80002a58	0200f833	remu	x16,x1,x0	  x1:0x00007871  x0:0x00000000 x16=0x00007871
     118005.000 ns	     11799	80002a5c	a1809b53	flt.s	x22,f1,f24	  f1:0x7fc00000 f24:0x46f0e11c x22=0x00000000
     118035.000 ns	     11802	80002a60	020cf733	remu	x14,x25,x0	 x25:0x00000001  x0:0x00000000 x14=0x00000001
     118055.000 ns	     11804	80002a64	00cf7b33	and	x22,x30,x12	 x30:0x00000000 x12:0x00000001 x22=0x00000000
     118075.000 ns	     11806	80002a68	02332133	mulhsu	x2,x6,x3	  x6:0x00000000  x3:0x00000001  x2=0x00000000
     118115.000 ns	     11810	80002a6c	580590d3	fsqrt.s	f1,f11	 f11:0x80000000  f1=0x80000000
     118145.000 ns	     11813	80002a70	c004f153	fcvt.w.s	x2,f9	  f9:0x80000000  x2=0x00000000
     118175.000 ns	     11816	80002a74	e0028cd3	fmv.x.w	x25,f5	  f5:0xc2800000 x25=0xc2800000
     118205.000 ns	     11819	80002a78	a08d04d3	fle.s	x9,f26,f8	 f26:0x46f0e11c  f8:0x4f2a541c  x9=0x00000001
     118235.000 ns	     11822	80002a7c	c00604d3	fcvt.w.s	x9,f12	 f12:0x00000000  x9=0x00000000
     118285.000 ns	     11827	80002a80	018f7153	fadd.s	f2,f30,f24	 f30:0x3f800000 f24:0x46f0e11c  f2=0x46f0e31c
     118315.000 ns	     11830	80002a84	f00803d3	fmv.w.x	f7,x16	 x16:0x00007871  f7=0x00007871
     118345.000 ns	     11833	80002a88	e00101d3	fmv.x.w	x3,f2	  f2:0x46f0e31c  x3=0x46f0e31c
     118375.000 ns	     11836	80002a8c	a1652453	feq.s	x8,f10,f22	 f10:0x00000000 f22:0x80000000  x8=0x00000001
     118395.000 ns	     11838	80002a90	00120cb3	add	x25,x4,x1	  x4:0x00000001  x1:0x00007871 x25=0x00007872
     118415.000 ns	     11840	80002a94	e0019053	fclass.s	x0,f3	  f3:0x00000000
     118445.000 ns	     11843	80002a98	e00003d3	fmv.x.w	x7,f0	  f0:0x42800000  x7=0x42800000
     118475.000 ns	     11846	80002a9c	e0079353	fclass.s	x6,f15	 f15:0x00000000  x6=0x00000010
     118845.000 ns	     11883	80002aa0	0350c833	div	x16,x1,x21	  x1:0x00007871 x21:0x14b429d8 x16=0x00000000
     118865.000 ns	     11885	80002aa4	40b7d633	sra	x12,x15,x11	 x15:0x77c8048e x11:0x6a949a30 x12=0x000077c8
     118875.000 ns	     11886	80002aa8	00f1cf33	xor	x30,x3,x15	  x3:0x46f0e31c x15:0x77c8048e x30=0x3138e792
     118905.000 ns	     11889	80002aac	195181d3	fdiv.s	f3,f3,f21	  f3:0x00000000 f21:0xff800000  f3=0x80000000
     118925.000 ns	     11891	80002ab0	f9354c13	xori	x24,x10,-109	 x10:0x00000000 x24=0xffffff93
     118935.000 ns	     11892	80002ab4	01ebf713	andi	x14,x23,30	 x23:0x00000010 x14=0x00000010
     118955.000 ns	     11894	80002ab8	e0018a53	fmv.x.w	x20,f3	  f3:0x80000000 x20=0x80000000
     118995.000 ns	     11898	80002abc	580b76d3	fsqrt.s	f13,f22	 f22:0x80000000 f13=0x80000000
     119035.000 ns	     11902	80002ac0	18b7fdd3	fdiv.s	f27,f15,f11	 f15:0x00000000 f11:0x80000000 f27=0x7fc00000
     119085.000 ns	     11907	80002ac4	01f48a53	fadd.s	f20,f9,f31	  f9:0x80000000 f31:0x00000000 f20=0x00000000
     119115.000 ns	     11910	80002ac8	02098533	mul	x10,x19,x0	 x19:0xc0800000  x0:0x00000000 x10=0x00000000
     119135.000 ns	     11912	80002acc	00381f93	slli	x31,x16,0x3	 x16:0x00000000 x31=0x00000000
     119145.000 ns	     11913	80002ad0	01819733	sll	x14,x3,x24	  x3:0x46f0e31c x24:0xffffff93 x14=0x18e00000
     119155.000 ns	     11914	80002ad4	0156c1b3	xor	x3,x13,x21	 x13:0x00000000 x21:0x14b429d8  x3=0x14b429d8
     119175.000 ns	     11916	80002ad8	f0048653	fmv.w.x	f12,x9	  x9:0x00000000 f12=0x00000000
     119205.000 ns	     11919	80002adc	03e326b3	mulhsu	x13,x6,x30	  x6:0x00000010 x30:0x3138e792 x13=0x00000003
     119225.000 ns	     11921	80002ae0	3ddf8a37	lui	x20,0x3ddf8	 x20=0x3ddf8000
     119585.000 ns	     11957	80002ae4	021ac433	div	x8,x21,x1	 x21:0x14b429d8  x1:0x00007871  x8=0x00002c01
     119605.000 ns	     11959	80002ae8	40c55413	srai	x8,x10,0xc	 x10:0x00000000  x8=0x00000000
     119625.000 ns	     11961	80002aec	21ca0d53	fsgnj.s	f26,f20,f28	 f20:0x00000000 f28:0xffc00000 f26=0x80000000
     119645.000 ns	     11963	80002af0	01694fb3	xor	x31,x18,x22	 x18:0x00000001 x22:0x00000000 x31=0x00000001
     119665.000 ns	     11965	80002af4	03117333	remu	x6,x2,x17	  x2:0x00000000 x17:0x00000000  x6=0x00000000
     119695.000 ns	     11968	80002af8	c00eb0d3	fcvt.w.s	x1,f29	 f29:0x00000000  x1=0x00000000
     119715.000 ns	     11970	80002afc	0104b233	sltu	x4,x9,x16	  x9:0x00000000 x16:0x00000000  x4=0x00000000
     119725.000 ns	     11971	80002b00	b17fe697	auipc	x13,0xb17fe	 x13=0x31800b00
     119745.000 ns	     11973	80002b04	f0078ad3	fmv.w.x	f21,x15	 x15:0x77c8048e f21=0x77c8048e
     119765.000 ns	     11975	80002b08	52633813	sltiu	x16,x6,1318	  x6:0x00000000 x16=0x00000001
     119785.000 ns	     11977	80002b0c	29c69553	fmax.s	f10,f13,f28	 f13:0x80000000 f28:0xffc00000 f10=0x80000000
     119805.000 ns	     11979	80002b10	45e7eb97	auipc	x23,0x45e7e	 x23=0xc5e80b10
     119845.000 ns	     11983	80002b14	001e7653	fadd.s	f12,f28,f1	 f28:0xffc00000  f1:0x80000000 f12=0x7fc00000
     119865.000 ns	     11985	80002b18	00049b33	sll	x22,x9,x0	  x9:0x00000000  x0:0x00000000 x22=0x00000000
     119875.000 ns	     11986	80002b1c	00ba5893	srli	x17,x20,0xb	 x20:0x3ddf8000 x17=0x0007bbf0
     119895.000 ns	     11988	80002b20	a0c61ad3	flt.s	x21,f12,f12	 f12:0x7fc00000 f12:0x7fc00000 x21=0x00000000
     119925.000 ns	     11991	80002b24	a0268b53	fle.s	x22,f13,f2	 f13:0x80000000  f2:0x46f0e31c x22=0x00000001
     120295.000 ns	     12028	80002b28	027b61b3	rem	x3,x22,x7	 x22:0x00000000  x7:0x42800000  x3=0x00000001
     120315.000 ns	     12030	80002b2c	01b08cb3	add	x25,x1,x27	  x1:0x00000000 x27:0x80041024 x25=0x80041024
     120335.000 ns	     12032	80002b30	d002a753	fcvt.s.w	f14,x5	  x5:0x00000000 f14=0x00000000
     120365.000 ns	     12035	80002b34	f0080dd3	fmv.w.x	f27,x16	 x16:0x00000001 f27=0x00000001
     120395.000 ns	     12038	80002b38	c004f1d3	fcvt.w.s	x3,f9	  f9:0x80000000  x3=0x00000000
     120415.000 ns	     12040	80002b3c	003ea933	slt	x18,x29,x3	 x29:0x00000008  x3:0x00000001 x18=0x00000000
     120425.000 ns	     12041	80002b40	01e87ab3	and	x21,x16,x30	 x16:0x00000001 x30:0x3138e792 x21=0x00000000
     120465.000 ns	     12045	80002b44	000548d3	fadd.s	f17,f10,f0	 f10:0x80000000  f0:0x42800000 f17=0x42800000
     120495.000 ns	     12048	80002b48	a00d8753	fle.s	x14,f27,f0	 f27:0x00000001  f0:0x42800000 x14=0x00000001
     120515.000 ns	     12050	80002b4c	01165c33	srl	x24,x12,x17	 x12:0x000077c8 x17:0x0007bbf0 x24=0x00000000
     120535.000 ns	     12052	80002b50	f0038cd3	fmv.w.x	f25,x7	  x7:0x42800000 f25=0x42800000
     120555.000 ns	     12054	80002b54	00e38533	add	x10,x7,x14	  x7:0x42800000 x14:0x00000001 x10=0x42800001
     120575.000 ns	     12056	80002b58	d017a453	fcvt.s.wu	f8,x15	 x15:0x77c8048e  f8=0x4eef900a
     120605.000 ns	     12059	80002b5c	21a71853	fsgnjn.s	f16,f14,f26	 f14:0x00000000 f26:0x80000000 f16=0x00000000
     120635.000 ns	     12062	80002b60	0385b1b3	mulhu	x3,x11,x24	 x11:0x6a949a30 x24:0x00000000  x3=0x00000000
     120675.000 ns	     12066	80002b64	5804ad53	fsqrt.s	f26,f9	  f9:0x80000000 f26=0x80000000
     120705.000 ns	     12069	80002b68	208d06d3	fsgnj.s	f13,f26,f8	 f26:0x80000000  f8:0x4eef900a f13=0x00000000
     120735.000 ns	     12072	80002b6c	03310933	mul	x18,x2,x19	  x2:0x00000000 x19:0xc0800000 x18=0x00000000
     120755.000 ns	     12074	80002b70	00aade13	srli	x28,x21,0xa	 x21:0x00000000 x28=0x00000000
     120775.000 ns	     12076	80002b74	02291fb3	mulh	x31,x18,x2	 x18:0x00000000  x2:0x00000000 x31=0x00000000
     120795.000 ns	     12078	80002b78	a9004113	xori	x2,x0,-1392	  x0:0x00000000  x2=0xfffffa90
     120805.000 ns	     12079	80002b7c	009866b3	or	x13,x16,x9	 x16:0x00000001  x9:0x00000000 x13=0x00000001
     120815.000 ns	     12080	80002b80	0d42b693	sltiu	x13,x5,212	  x5:0x00000000 x13=0x00000001
     120825.000 ns	     12081	80002b84	5ae60113	addi	x2,x12,1454	 x12:0x000077c8  x2=0x00007d76
     120845.000 ns	     12083	80002b88	28369153	fmax.s	f2,f13,f3	 f13:0x00000000  f3:0x80000000  f2=0x00000000
     120875.000 ns	     12086	80002b8c	21da8dd3	fsgnj.s	f27,f21,f29	 f21:0x77c8048e f29:0x00000000 f27=0x77c8048e
     120905.000 ns	     12089	80002b90	03cff933	remu	x18,x31,x28	 x31:0x00000000 x28:0x00000000 x18=0x00000000
     120935.000 ns	     12092	80002b94	f0068753	fmv.w.x	f14,x13	 x13:0x00000001 f14=0x00000001
     120965.000 ns	     12095	80002b98	a1dfaad3	feq.s	x21,f31,f29	 f31:0x00000000 f29:0x00000000 x21=0x00000001
     121005.000 ns	     12099	80002b9c	1143f3d3	fmul.s	f7,f7,f20	  f7:0x00007871 f20:0x00000000  f7=0x00000000
     121025.000 ns	     12101	80002ba0	624aa513	slti	x10,x21,1572	 x21:0x00000001 x10=0x00000001
     121035.000 ns	     12102	80002ba4	10a54013	xori	x0,x10,266	 x10:0x42800001
     121055.000 ns	     12104	80002ba8	03f9e4b3	rem	x9,x19,x31	 x19:0xc0800000 x31:0x00000000  x9=0xc0800000
     121075.000 ns	     12106	80002bac	013facb3	slt	x25,x31,x19	 x31:0x00000000 x19:0xc0800000 x25=0x00000000
     121095.000 ns	     12108	80002bb0	f00305d3	fmv.w.x	f11,x6	  x6:0x00000000 f11=0x00000000
     121465.000 ns	     12145	80002bb4	037556b3	divu	x13,x10,x23	 x10:0x00000001 x23:0xc5e80b10 x13=0x00000000
     121485.000 ns	     12147	80002bb8	e5cd3897	auipc	x17,0xe5cd3	 x17=0x65cd5bb8
     121505.000 ns	     12149	80002bbc	c01893d3	fcvt.wu.s	x7,f17	 f17:0x42800000  x7=0x00000040
     121525.000 ns	     12151	80002bc0	0105f2b3	and	x5,x11,x16	 x11:0x6a949a30 x16:0x00000001  x5=0x00000000
     121535.000 ns	     12152	80002bc4	421c3313	sltiu	x6,x24,1057	 x24:0x00000000  x6=0x00000001
     121545.000 ns	     12153	80002bc8	4c2cff93	andi	x31,x25,1218	 x25:0x00000000 x31=0x00000000
     121555.000 ns	     12154	80002bcc	01ccf1b3	and	x3,x25,x28	 x25:0x00000000 x28:0x00000000  x3=0x00000000
     121575.000 ns	     12156	80002bd0	216c9e53	fsgnjn.s	f28,f25,f22	 f25:0x42800000 f22:0x80000000 f28=0x42800000
     121605.000 ns	     12159	80002bd4	c01e0f53	fcvt.wu.s	x30,f28	 f28:0xffc00000 x30=0x00000040
     121635.000 ns	     12162	80002bd8	c01df253	fcvt.wu.s	x4,f27	 f27:0x77c8048e  x4=0xffffffff
     121655.000 ns	     12164	80002bdc	014d7bb3	and	x23,x26,x20	 x26:0x80040fe4 x20:0x3ddf8000 x23=0x00040000
     121665.000 ns	     12165	80002be0	b1f08b13	addi	x22,x1,-1249	  x1:0x00000000 x22=0xfffffb1f
     121685.000 ns	     12167	80002be4	203c14d3	fsgnjn.s	f9,f24,f3	 f24:0x46f0e11c  f3:0x80000000  f9=0x46f0e11c
     121715.000 ns	     12170	80002be8	e0038ed3	fmv.x.w	x29,f7	  f7:0x00000000 x29=0x00000000
     121735.000 ns	     12172	80002bec	014e5933	srl	x18,x28,x20	 x28:0x00000000 x20:0x3ddf8000 x18=0x00000000
     121755.000 ns	     12174	80002bf0	02077c33	remu	x24,x14,x0	 x14:0x00000001  x0:0x00000000 x24=0x00000001
     121785.000 ns	     12177	80002bf4	03c94ab3	div	x21,x18,x28	 x18:0x00000000 x28:0x00000000 x21=0xffffffff
     121815.000 ns	     12180	80002bf8	206c2553	fsgnjx.s	f10,f24,f6	 f24:0x46f0e11c  f6:0x00000000 f10=0x46f0e11c
     121855.000 ns	     12184	80002bfc	10ebf753	fmul.s	f14,f23,f14	 f23:0x3f800000 f14:0x00000001 f14=0x00000002
     121875.000 ns	     12186	80002c00	25022e13	slti	x28,x4,592	  x4:0xffffffff x28=0x00000001
     122235.000 ns	     12222	80002c04	036a55b3	divu	x11,x20,x22	 x20:0x3ddf8000 x22:0xfffffb1f x11=0x00000000
     122255.000 ns	     12224	80002c08	014e5833	srl	x16,x28,x20	 x28:0x00000000 x20:0x3ddf8000 x16=0x00000001
     122265.000 ns	     12225	80002c0c	0048a733	slt	x14,x17,x4	 x17:0x65cd5bb8  x4:0xffffffff x14=0x00000000
     122285.000 ns	     12227	80002c10	032a3b33	mulhu	x22,x20,x18	 x20:0x3ddf8000 x18:0x00000000 x22=0x00000000
     122315.000 ns	     12230	80002c14	d00177d3	fcvt.s.w	f15,x2	  x2:0x00007d76 f15=0x46faec00
     122655.000 ns	     12264	80002c18	18427453	fdiv.s	f8,f4,f4	  f4:0x3f800000  f4:0x3f800000  f8=0x3f7fff38
     122675.000 ns	     12266	80002c1c	00d90eb3	add	x29,x18,x13	 x18:0x00000000 x13:0x00000000 x29=0x00000000
     122695.000 ns	     12268	80002c20	03242033	mulhsu	x0,x8,x18	  x8:0x00000000 x18:0x00000000
     122715.000 ns	     12270	80002c24	01145913	srli	x18,x8,0x11	  x8:0x00000000 x18=0x00000000
     122745.000 ns	     12273	80002c28	1861ff53	fdiv.s	f30,f3,f6	  f3:0x80000000  f6:0x00000000 f30=0x7fc00000
     122765.000 ns	     12275	80002c2c	41f75a33	sra	x20,x14,x31	 x14:0x00000000 x31:0x00000000 x20=0x00000000
     122795.000 ns	     12278	80002c30	18e6f753	fdiv.s	f14,f13,f14	 f13:0x00000000 f14:0x00000002 f14=0x00000000
     122815.000 ns	     12280	80002c34	00a4a8b3	slt	x17,x9,x10	  x9:0xc0800000 x10:0x00000001 x17=0x00000001
     122835.000 ns	     12282	80002c38	a1e59253	flt.s	x4,f11,f30	 f11:0x00000000 f30:0x7fc00000  x4=0x00000000
     122855.000 ns	     12284	80002c3c	2ae84b13	xori	x22,x16,686	 x16:0x00000001 x22=0x000002af
     122865.000 ns	     12285	80002c40	0a576313	ori	x6,x14,165	 x14:0x00000000  x6=0x000000a5
     122895.000 ns	     12288	80002c44	18577cd3	fdiv.s	f25,f14,f5	 f14:0x00000000  f5:0xc2800000 f25=0x80000000
     122925.000 ns	     12291	80002c48	028148b3	div	x17,x2,x8	  x2:0x00007d76  x8:0x00000000 x17=0xffffffff
     122945.000 ns	     12293	80002c4c	413b0eb3	sub	x29,x22,x19	 x22:0x000002af x19:0xc0800000 x29=0x3f8002af
     122965.000 ns	     12295	80002c50	03539fb3	mulh	x31,x7,x21	  x7:0x00000040 x21:0xffffffff x31=0xffffffff
     123015.000 ns	     12300	80002c54	008c0653	fadd.s	f12,f24,f8	 f24:0x46f0e11c  f8:0x3f7fff38 f12=0x46f0e31c
     123045.000 ns	     12303	80002c58	20b88cd3	fsgnj.s	f25,f17,f11	 f17:0x42800000 f11:0x00000000 f25=0x42800000
     123075.000 ns	     12306	80002c5c	021e7c33	remu	x24,x28,x1	 x28:0x00000001  x1:0x00000000 x24=0x00000001
     123095.000 ns	     12308	80002c60	fdf00c13	addi	x24,x0,-33	  x0:0x00000000 x24=0xffffffdf
     123455.000 ns	     12344	80002c64	029b5433	divu	x8,x22,x9	 x22:0x000002af  x9:0xc0800000  x8=0x00000000
     123485.000 ns	     12347	80002c68	a0a02853	feq.s	x16,f0,f10	  f0:0x42800000 f10:0x46f0e11c x16=0x00000000
     123505.000 ns	     12349	80002c6c	9cbff4b7	lui	x9,0x9cbff	  x9=0x9cbff000
     123515.000 ns	     12350	80002c70	02337593	andi	x11,x6,35	  x6:0x000000a5 x11=0x00000021
     123525.000 ns	     12351	80002c74	f7518cb7	lui	x25,0xf7518	 x25=0xf7518000
     123535.000 ns	     12352	80002c78	1aae7c93	andi	x25,x28,426	 x28:0x00000001 x25=0x00000000
     123545.000 ns	     12353	80002c7c	58fbf037	lui	x0,0x58fbf	
     123565.000 ns	     12355	80002c80	28d28353	fmin.s	f6,f5,f13	  f5:0xc2800000 f13:0x00000000  f6=0xc2800000
     123595.000 ns	     12358	80002c84	0289a933	mulhsu	x18,x19,x8	 x19:0xc0800000  x8:0x00000000 x18=0x00000000
     123625.000 ns	     12361	80002c88	202709d3	fsgnj.s	f19,f14,f2	 f14:0x00000000  f2:0x00000000 f19=0x00000000
     123655.000 ns	     12364	80002c8c	201c02d3	fsgnj.s	f5,f24,f1	 f24:0x46f0e11c  f1:0x80000000  f5=0xc6f0e11c
     123675.000 ns	     12366	80002c90	cb394597	auipc	x11,0xcb394	 x11=0x4b396c90
     123715.000 ns	     12370	80002c94	00b53cd3	fadd.s	f25,f10,f11	 f10:0x46f0e11c f11:0x00000000 f25=0x46f0e11c
     123735.000 ns	     12372	80002c98	01e4a033	slt	x0,x9,x30	  x9:0x9cbff000 x30:0x00000040
     123755.000 ns	     12374	80002c9c	a18a9ad3	flt.s	x21,f21,f24	 f21:0x77c8048e f24:0x46f0e11c x21=0x00000000
     123775.000 ns	     12376	80002ca0	7deb8913	addi	x18,x23,2014	 x23:0x00040000 x18=0x000407de
     123795.000 ns	     12378	80002ca4	f00b0b53	fmv.w.x	f22,x22	 x22:0x000002af f22=0x000002af
     123825.000 ns	     12381	80002ca8	02e086b3	mul	x13,x1,x14	  x1:0x00000000 x14:0x00000000 x13=0x00000000
     123855.000 ns	     12384	80002cac	038396b3	mulh	x13,x7,x24	  x7:0x00000040 x24:0xffffffdf x13=0xffffffff
     123885.000 ns	     12387	80002cb0	e0011553	fclass.s	x10,f2	  f2:0x00000000 x10=0x00000010
     123905.000 ns	     12389	80002cb4	9f102293	slti	x5,x0,-1551	  x0:0x00000000  x5=0x00000000
     123925.000 ns	     12391	80002cb8	c01c7ed3	fcvt.wu.s	x29,f24	 f24:0x46f0e11c x29=0x00007870
     123955.000 ns	     12394	80002cbc	28430553	fmin.s	f10,f6,f4	  f6:0xc2800000  f4:0x3f800000 f10=0xc2800000
     123985.000 ns	     12397	80002cc0	208492d3	fsgnjn.s	f5,f9,f8	  f9:0x46f0e11c  f8:0x3f7fff38  f5=0xc6f0e11c
     124035.000 ns	     12402	80002cc4	08ddf9d3	fsub.s	f19,f27,f13	 f27:0x77c8048e f13:0x00000000 f19=0x77c8048e
     124065.000 ns	     12405	80002cc8	02801533	mulh	x10,x0,x8	  x0:0x00000000  x8:0x00000000 x10=0x00000000
     124095.000 ns	     12408	80002ccc	a1be13d3	flt.s	x7,f28,f27	 f28:0x42800000 f27:0x77c8048e  x7=0x00000001
     124115.000 ns	     12410	80002cd0	60502917	auipc	x18,0x60502	 x18=0xe0504cd0
     124145.000 ns	     12413	80002cd4	58087bd3	fsqrt.s	f23,f16	 f16:0x00000000 f23=0x00000000
     124175.000 ns	     12416	80002cd8	e00a08d3	fmv.x.w	x17,f20	 f20:0x00000000 x17=0x00000000
     124205.000 ns	     12419	80002cdc	02d519b3	mulh	x19,x10,x13	 x10:0x00000000 x13:0xffffffff x19=0x00000000
     124235.000 ns	     12422	80002ce0	c0111753	fcvt.wu.s	x14,f2	  f2:0x00000000 x14=0x00000000
     124265.000 ns	     12425	80002ce4	0346a633	mulhsu	x12,x13,x20	 x13:0xffffffff x20:0x00000000 x12=0x00000000
     124285.000 ns	     12427	80002ce8	1b0bb213	sltiu	x4,x23,432	 x23:0x00040000  x4=0x00000000
     124295.000 ns	     12428	80002cec	9f2c0e93	addi	x29,x24,-1550	 x24:0xffffffdf x29=0xfffff9d1
     124305.000 ns	     12429	80002cf0	eddff513	andi	x10,x31,-291	 x31:0xffffffff x10=0xfffffedd
     124315.000 ns	     12430	80002cf4	41ecd9b3	sra	x19,x25,x30	 x25:0x00000000 x30:0x00000040 x19=0x00000000
     124325.000 ns	     12431	80002cf8	00fe1bb3	sll	x23,x28,x15	 x28:0x00000001 x15:0x77c8048e x23=0x00004000
     124345.000 ns	     12433	80002cfc	a19d2a53	feq.s	x20,f26,f25	 f26:0x80000000 f25:0x46f0e11c x20=0x00000000
     124365.000 ns	     12435	80002d00	01dbfbb3	and	x23,x23,x29	 x23:0x00040000 x29:0xfffff9d1 x23=0x00004000
     124385.000 ns	     12437	80002d04	02e3c4b3	div	x9,x7,x14	  x7:0x00000001 x14:0x00000000  x9=0xffffffff
     124405.000 ns	     12439	80002d08	01d9d9b3	srl	x19,x19,x29	 x19:0x00000000 x29:0xfffff9d1 x19=0x00000000
     124425.000 ns	     12441	80002d0c	f0050d53	fmv.w.x	f26,x10	 x10:0xfffffedd f26=0xfffffedd
     124445.000 ns	     12443	80002d10	0002dc33	srl	x24,x5,x0	  x5:0x00000000  x0:0x00000000 x24=0x00000000
     124465.000 ns	     12445	80002d14	a0f582d3	fle.s	x5,f11,f15	 f11:0x00000000 f15:0x46faec00  x5=0x00000001
     124485.000 ns	     12447	80002d18	011f3233	sltu	x4,x30,x17	 x30:0x00000040 x17:0x00000000  x4=0x00000000
     124495.000 ns	     12448	80002d1c	400c0633	sub	x12,x24,x0	 x24:0x00000000  x0:0x00000000 x12=0x00000000
     124515.000 ns	     12450	80002d20	03739b33	mulh	x22,x7,x23	  x7:0x00000001 x23:0x00004000 x22=0x00000000
     124535.000 ns	     12452	80002d24	0124c933	xor	x18,x9,x18	  x9:0xffffffff x18:0xe0504cd0 x18=0x1fafb32f
     124555.000 ns	     12454	80002d28	d00b98d3	fcvt.s.w	f17,x23	 x23:0x00004000 f17=0x46800000
     124575.000 ns	     12456	80002d2c	01365313	srli	x6,x12,0x13	 x12:0x00000000  x6=0x00000000
     124935.000 ns	     12492	80002d30	022752b3	divu	x5,x14,x2	 x14:0x00000000  x2:0x00007d76  x5=0x00000000
     124955.000 ns	     12494	80002d34	41fb81b3	sub	x3,x23,x31	 x23:0x00004000 x31:0xffffffff  x3=0x00004001
     124975.000 ns	     12496	80002d38	a0402853	feq.s	x16,f0,f4	  f0:0x42800000  f4:0x3f800000 x16=0x00000000
     124995.000 ns	     12498	80002d3c	01bb9413	slli	x8,x23,0x1b	 x23:0x00004000  x8=0x00000000
     126165.000 ns	     12615	80002d40	580622d3	fsqrt.s	f5,f12	 f12:0x46f0e31c  f5=0x432f9842
     126205.000 ns	     12619	80002d44	107c7553	fmul.s	f10,f24,f7	 f24:0x46f0e11c  f7:0x00000000 f10=0x00000000
     126235.000 ns	     12622	80002d48	d018fc53	fcvt.s.wu	f24,x17	 x17:0x00000000 f24=0x00000000
     126605.000 ns	     12659	80002d4c	03f476b3	remu	x13,x8,x31	  x8:0x00000000 x31:0xffffffff x13=0x00000000
     126635.000 ns	     12662	80002d50	c01674d3	fcvt.wu.s	x9,f12	 f12:0x46f0e31c  x9=0x00007871
     126665.000 ns	     12665	80002d54	c0158053	fcvt.wu.s	x0,f11	 f11:0x00000000
     126685.000 ns	     12667	80002d58	976a03b7	lui	x7,0x976a0	  x7=0x976a0000
     126695.000 ns	     12668	80002d5c	27e9f193	andi	x3,x19,638	 x19:0x00000000  x3=0x00000000
     126715.000 ns	     12670	80002d60	e0050553	fmv.x.w	x10,f10	 f10:0x00000000 x10=0x00000000
     126745.000 ns	     12673	80002d64	20f8ae53	fsgnjx.s	f28,f17,f15	 f17:0x46800000 f15:0x46faec00 f28=0x46800000
     126765.000 ns	     12675	80002d68	00000013	addi	x0,x0,0	  x0:0x00000000
     126785.000 ns	     12677	80002d6c	a0e284d3	fle.s	x9,f5,f14	  f5:0x432f9842 f14:0x00000000  x9=0x00000000
     126815.000 ns	     12680	80002d70	02f53133	mulhu	x2,x10,x15	 x10:0x00000000 x15:0x77c8048e  x2=0x00000000
     126845.000 ns	     12683	80002d74	28029553	fmax.s	f10,f5,f0	  f5:0x432f9842  f0:0x42800000 f10=0x432f9842
     126895.000 ns	     12688	80002d78	099df4d3	fsub.s	f9,f27,f25	 f27:0x77c8048e f25:0x46f0e11c  f9=0x77c8048e
     126915.000 ns	     12690	80002d7c	00904433	xor	x8,x0,x9	  x0:0x00000000  x9:0x00000000  x8=0x00000000
     126925.000 ns	     12691	80002d80	00acf8b3	and	x17,x25,x10	 x25:0x00000000 x10:0x00000000 x17=0x00000000
     126945.000 ns	     12693	80002d84	a1d4a653	feq.s	x12,f9,f29	  f9:0x77c8048e f29:0x00000000 x12=0x00000000
     126965.000 ns	     12695	80002d88	00101a13	slli	x20,x0,0x1	  x0:0x00000000 x20=0x00000000
     126975.000 ns	     12696	80002d8c	41395c13	srai	x24,x18,0x13	 x18:0x1fafb32f x24=0x000003f5
     126985.000 ns	     12697	80002d90	00873633	sltu	x12,x14,x8	 x14:0x00000000  x8:0x00000000 x12=0x00000000
     126995.000 ns	     12698	80002d94	00c15393	srli	x7,x2,0xc	  x2:0x00000000  x7=0x00000000
     127015.000 ns	     12700	80002d98	21082453	fsgnjx.s	f8,f16,f16	 f16:0x00000000 f16:0x00000000  f8=0x00000000
     127045.000 ns	     12703	80002d9c	a1171053	flt.s	x0,f14,f17	 f14:0x00000000 f17:0x46800000
     127065.000 ns	     12705	80002da0	000cb6b3	sltu	x13,x25,x0	 x25:0x00000000  x0:0x00000000 x13=0x00000000
     127075.000 ns	     12706	80002da4	01179233	sll	x4,x15,x17	 x15:0x77c8048e x17:0x00000000  x4=0x77c8048e
     127095.000 ns	     12708	80002da8	02fa0e33	mul	x28,x20,x15	 x20:0x00000000 x15:0x77c8048e x28=0x00000000
     127125.000 ns	     12711	80002dac	a04921d3	feq.s	x3,f18,f4	 f18:0xffc00000  f4:0x3f800000  x3=0x00000000
     127145.000 ns	     12713	80002db0	00791a33	sll	x20,x18,x7	 x18:0x1fafb32f  x7:0x00000000 x20=0x1fafb32f
     127155.000 ns	     12714	80002db4	0034c333	xor	x6,x9,x3	  x9:0x00000000  x3:0x00000000  x6=0x00000000
     127175.000 ns	     12716	80002db8	2114aa53	fsgnjx.s	f20,f9,f17	  f9:0x77c8048e f17:0x46800000 f20=0x77c8048e
     127195.000 ns	     12718	80002dbc	5e29b097	auipc	x1,0x5e29b	  x1=0xde29ddbc
     127215.000 ns	     12720	80002dc0	c01978d3	fcvt.wu.s	x17,f18	 f18:0xffc00000 x17=0xffffffff
     127245.000 ns	     12723	80002dc4	e00c00d3	fmv.x.w	x1,f24	 f24:0x00000000  x1=0x00000000
     127275.000 ns	     12726	80002dc8	210021d3	fsgnjx.s	f3,f0,f16	  f0:0x42800000 f16:0x00000000  f3=0x42800000
     127295.000 ns	     12728	80002dcc	0016cb33	xor	x22,x13,x1	 x13:0x00000000  x1:0x00000000 x22=0x00000000
     127315.000 ns	     12730	80002dd0	0387b3b3	mulhu	x7,x15,x24	 x15:0x77c8048e x24:0x000003f5  x7=0x000001d9
     127335.000 ns	     12732	80002dd4	01235593	srli	x11,x6,0x12	  x6:0x00000000 x11=0x00000000
     127345.000 ns	     12733	80002dd8	413e85b3	sub	x11,x29,x19	 x29:0xfffff9d1 x19:0x00000000 x11=0xfffff9d1
     127355.000 ns	     12734	80002ddc	4e2c4c93	xori	x25,x24,1250	 x24:0x000003f5 x25=0x00000717
     127375.000 ns	     12736	80002de0	c01c0453	fcvt.wu.s	x8,f24	 f24:0x00000000  x8=0x00000000
     127745.000 ns	     12773	80002de4	03badbb3	divu	x23,x21,x27	 x21:0x00000000 x27:0x80041024 x23=0x00000000
     127765.000 ns	     12775	80002de8	40a0de13	srai	x28,x1,0xa	  x1:0x00000000 x28=0x00000000
     127785.000 ns	     12777	80002dec	02df5cb3	divu	x25,x30,x13	 x30:0x00000040 x13:0x00000000 x25=0xffffffff
     127805.000 ns	     12779	80002df0	001a66b3	or	x13,x20,x1	 x20:0x1fafb32f  x1:0x00000000 x13=0x1fafb32f
     127815.000 ns	     12780	80002df4	01a6dc93	srli	x25,x13,0x1a	 x13:0x00000000 x25=0x00000007
     127825.000 ns	     12781	80002df8	a89f3293	sltiu	x5,x30,-1399	 x30:0x00000040  x5=0x00000001
     127835.000 ns	     12782	80002dfc	8731f093	andi	x1,x3,-1933	  x3:0x00000000  x1=0x00000000
     127875.000 ns	     12786	80002e00	01d372d3	fadd.s	f5,f6,f29	  f6:0xc2800000 f29:0x00000000  f5=0xc2800000
     127905.000 ns	     12789	80002e04	02a499b3	mulh	x19,x9,x10	  x9:0x00000000 x10:0x00000000 x19=0x00000000
     127945.000 ns	     12793	80002e08	18c69ed3	fdiv.s	f29,f13,f12	 f13:0x00000000 f12:0x46f0e31c f29=0x00000000
     127965.000 ns	     12795	80002e0c	01a29933	sll	x18,x5,x26	  x5:0x00000001 x26:0x80040fe4 x18=0x00000010
     127975.000 ns	     12796	80002e10	6a0c7393	andi	x7,x24,1696	 x24:0x000003f5  x7=0x000002a0
     127995.000 ns	     12798	80002e14	c0167753	fcvt.wu.s	x14,f12	 f12:0x46f0e31c x14=0x00007871
     128015.000 ns	     12800	80002e18	004f5813	srli	x16,x30,0x4	 x30:0x00000040 x16=0x00000004
     128055.000 ns	     12804	80002e1c	09087e53	fsub.s	f28,f16,f16	 f16:0x00000000 f16:0x00000000 f28=0x80000000
     128105.000 ns	     12809	80002e20	019eb8d3	fadd.s	f17,f29,f25	 f29:0x00000000 f25:0x46f0e11c f17=0x46f0e11c
     128135.000 ns	     12812	80002e24	29858bd3	fmin.s	f23,f11,f24	 f11:0x00000000 f24:0x00000000 f23=0x00000000
     128185.000 ns	     12817	80002e28	01549bd3	fadd.s	f23,f9,f21	  f9:0x77c8048e f21:0x77c8048e f23=0x7848048e
     128225.000 ns	     12821	80002e2c	1820f253	fdiv.s	f4,f1,f2	  f1:0x80000000  f2:0x00000000  f4=0x7fc00000
     128245.000 ns	     12823	80002e30	21dc2893	slti	x17,x24,541	 x24:0x000003f5 x17=0x00000000
     128265.000 ns	     12825	80002e34	21340753	fsgnj.s	f14,f8,f19	  f8:0x00000000 f19:0x77c8048e f14=0x00000000
     128285.000 ns	     12827	80002e38	00266233	or	x4,x12,x2	 x12:0x00000000  x2:0x00000000  x4=0x00000000
     128295.000 ns	     12828	80002e3c	0166a933	slt	x18,x13,x22	 x13:0x1fafb32f x22:0x00000000 x18=0x00000000
     128305.000 ns	     12829	80002e40	75cdd517	auipc	x10,0x75cdd	 x10=0xf5cdfe40
     128315.000 ns	     12830	80002e44	406ed833	sra	x16,x29,x6	 x29:0xfffff9d1  x6:0x00000000 x16=0xfffff9d1
     128355.000 ns	     12834	80002e48	092e4a53	fsub.s	f20,f28,f18	 f28:0x80000000 f18:0xffc00000 f20=0x7fc00000
     128375.000 ns	     12836	80002e4c	f210cb17	auipc	x22,0xf210c	 x22=0x7210ee4c
     128415.000 ns	     12840	80002e50	09acfbd3	fsub.s	f23,f25,f26	 f25:0x46f0e11c f26:0xfffffedd f23=0x7fc00000
     128465.000 ns	     12845	80002e54	0153f9d3	fadd.s	f19,f7,f21	  f7:0x00000000 f21:0x77c8048e f19=0x77c8048e
     128505.000 ns	     12849	80002e58	11514b53	fmul.s	f22,f2,f21	  f2:0x00000000 f21:0x77c8048e f22=0x00000000
     128525.000 ns	     12851	80002e5c	00dde9b3	or	x19,x27,x13	 x27:0x80041024 x13:0x1fafb32f x19=0x9fafb32f
     128535.000 ns	     12852	80002e60	003160b3	or	x1,x2,x3	  x2:0x00000000  x3:0x00000000  x1=0x00000000
     128545.000 ns	     12853	80002e64	00ef0133	add	x2,x30,x14	 x30:0x00000040 x14:0x00007871  x2=0x000078b1
     128555.000 ns	     12854	80002e68	07c039b7	lui	x19,0x7c03	 x19=0x07c03000
     128575.000 ns	     12856	80002e6c	027c89b3	mul	x19,x25,x7	 x25:0x00000007  x7:0x000002a0 x19=0x00001260
     128595.000 ns	     12858	80002e70	44b73593	sltiu	x11,x14,1099	 x14:0x00007871 x11=0x00000000
     128615.000 ns	     12860	80002e74	e0060453	fmv.x.w	x8,f12	 f12:0x46f0e31c  x8=0x46f0e31c
     128635.000 ns	     12862	80002e78	0184d613	srli	x12,x9,0x18	  x9:0x00000000 x12=0x00000000
     128645.000 ns	     12863	80002e7c	0178c9b3	xor	x19,x17,x23	 x17:0x00000000 x23:0x00000000 x19=0x00000000
     128665.000 ns	     12865	80002e80	02bf2f33	mulhsu	x30,x30,x11	 x30:0x00000040 x11:0x00000000 x30=0x00000000
     128685.000 ns	     12867	80002e84	eed57717	auipc	x14,0xeed57	 x14=0x6ed59e84
     128695.000 ns	     12868	80002e88	011b1733	sll	x14,x22,x17	 x22:0x7210ee4c x17:0x00000000 x14=0x7210ee4c
     128715.000 ns	     12870	80002e8c	21ed9c53	fsgnjn.s	f24,f27,f30	 f27:0x77c8048e f30:0x7fc00000 f24=0xf7c8048e
     128745.000 ns	     12873	80002e90	e0050bd3	fmv.x.w	x23,f10	 f10:0x432f9842 x23=0x432f9842
     128765.000 ns	     12875	80002e94	01a6d933	srl	x18,x13,x26	 x13:0x1fafb32f x26:0x80040fe4 x18=0x01fafb32
     128775.000 ns	     12876	80002e98	9eeb4397	auipc	x7,0x9eeb4	  x7=0x1eeb6e98
     128815.000 ns	     12880	80002e9c	019381d3	fadd.s	f3,f7,f25	  f7:0x00000000 f25:0x46f0e11c  f3=0x46f0e11c
     128845.000 ns	     12883	80002ea0	28b59353	fmax.s	f6,f11,f11	 f11:0x00000000 f11:0x00000000  f6=0x00000000
     128865.000 ns	     12885	80002ea4	015314b3	sll	x9,x6,x21	  x6:0x00000000 x21:0x00000000  x9=0x00000000
     128885.000 ns	     12887	80002ea8	023a7a33	remu	x20,x20,x3	 x20:0x1fafb32f  x3:0x00000000 x20=0x1fafb32f
     128915.000 ns	     12890	80002eac	212d8d53	fsgnj.s	f26,f27,f18	 f27:0x77c8048e f18:0xffc00000 f26=0xf7c8048e
     128935.000 ns	     12892	80002eb0	01e8a333	slt	x6,x17,x30	 x17:0x00000000 x30:0x00000000  x6=0x00000000
     128955.000 ns	     12894	80002eb4	a0f2afd3	feq.s	x31,f5,f15	  f5:0xc2800000 f15:0x46faec00 x31=0x00000000
     128985.000 ns	     12897	80002eb8	a1e629d3	feq.s	x19,f12,f30	 f12:0x46f0e31c f30:0x7fc00000 x19=0x00000000
     129005.000 ns	     12899	80002ebc	0119a533	slt	x10,x19,x17	 x19:0x00000000 x17:0x00000000 x10=0x00000000
     129015.000 ns	     12900	80002ec0	cbebbf93	sltiu	x31,x23,-834	 x23:0x432f9842 x31=0x00000001
     130185.000 ns	     13017	80002ec4	580cc053	fsqrt.s	f0,f25	 f25:0x46f0e11c  f0=0x432f9787
     130215.000 ns	     13020	80002ec8	207b8053	fsgnj.s	f0,f23,f7	 f23:0x7fc00000  f7:0x00000000  f0=0x7fc00000
     130245.000 ns	     13023	80002ecc	e00d1c53	fclass.s	x24,f26	 f26:0xf7c8048e x24=0x00000002
     130275.000 ns	     13026	80002ed0	027e9733	mulh	x14,x29,x7	 x29:0xfffff9d1  x7:0x1eeb6e98 x14=0xffffff40
     130295.000 ns	     13028	80002ed4	00025c93	srli	x25,x4,0x0	  x4:0x00000000 x25=0x00000000
     130315.000 ns	     13030	80002ed8	299a8453	fmin.s	f8,f21,f25	 f21:0x77c8048e f25:0x46f0e11c  f8=0x46f0e11c
     130365.000 ns	     13035	80002edc	08227bd3	fsub.s	f23,f4,f2	  f4:0x7fc00000  f2:0x00000000 f23=0x7fc00000
     130385.000 ns	     13037	80002ee0	00377033	and	x0,x14,x3	 x14:0xffffff40  x3:0x00000000
     130395.000 ns	     13038	80002ee4	41b5dc93	srai	x25,x11,0x1b	 x11:0x00000000 x25=0x00000000
     130415.000 ns	     13040	80002ee8	03e605b3	mul	x11,x12,x30	 x12:0x00000000 x30:0x00000000 x11=0x00000000
     130445.000 ns	     13043	80002eec	a0832153	feq.s	x2,f6,f8	  f6:0x00000000  f8:0x46f0e11c  x2=0x00000000
     130465.000 ns	     13045	80002ef0	0066aa33	slt	x20,x13,x6	 x13:0x1fafb32f  x6:0x00000000 x20=0x00000000
     131635.000 ns	     13162	80002ef4	580cfcd3	fsqrt.s	f25,f25	 f25:0x46f0e11c f25=0x432f9787
     131655.000 ns	     13164	80002ef8	9ca3b697	auipc	x13,0x9ca3b	 x13=0x1ca3def8
     131665.000 ns	     13165	80002efc	0034e733	or	x14,x9,x3	  x9:0x00000000  x3:0x00000000 x14=0x00000000
     131675.000 ns	     13166	80002f00	419bdab3	sra	x21,x23,x25	 x23:0x432f9842 x25:0x00000000 x21=0x432f9842
     131695.000 ns	     13168	80002f04	c01a74d3	fcvt.wu.s	x9,f20	 f20:0x7fc00000  x9=0xffffffff
     131715.000 ns	     13170	80002f08	8aefb193	sltiu	x3,x31,-1874	 x31:0x00000001  x3=0x00000001
     131725.000 ns	     13171	80002f0c	41108ab3	sub	x21,x1,x17	  x1:0x00000000 x17:0x00000000 x21=0x00000000
     131735.000 ns	     13172	80002f10	00f52133	slt	x2,x10,x15	 x10:0x00000000 x15:0x77c8048e  x2=0x00000001
     132095.000 ns	     13208	80002f14	037c45b3	div	x11,x24,x23	 x24:0x00000002 x23:0x432f9842 x11=0x00000000
     132125.000 ns	     13211	80002f18	d01cf3d3	fcvt.s.wu	f7,x25	 x25:0x00000000  f7=0x00000000
     132175.000 ns	     13216	80002f1c	00c207d3	fadd.s	f15,f4,f12	  f4:0x7fc00000 f12:0x46f0e31c f15=0x7fc00000
     132205.000 ns	     13219	80002f20	035363b3	rem	x7,x6,x21	  x6:0x00000000 x21:0x00000000  x7=0x00000000
     132225.000 ns	     13221	80002f24	01597133	and	x2,x18,x21	 x18:0x01fafb32 x21:0x00000000  x2=0x00000000
     132245.000 ns	     13223	80002f28	c0187953	fcvt.wu.s	x18,f16	 f16:0x00000000 x18=0x00000000
     132275.000 ns	     13226	80002f2c	e0049f53	fclass.s	x30,f9	  f9:0x77c8048e x30=0x00000040
     132295.000 ns	     13228	80002f30	0002b133	sltu	x2,x5,x0	  x5:0x00000001  x0:0x00000000  x2=0x00000000
     132315.000 ns	     13230	80002f34	03513e33	mulhu	x28,x2,x21	  x2:0x00000000 x21:0x00000000 x28=0x00000000
     132345.000 ns	     13233	80002f38	20958cd3	fsgnj.s	f25,f11,f9	 f11:0x00000000  f9:0x77c8048e f25=0x00000000
     132365.000 ns	     13235	80002f3c	40df8133	sub	x2,x31,x13	 x31:0x00000001 x13:0x1ca3def8  x2=0xe35c2109
     132375.000 ns	     13236	80002f40	007d6333	or	x6,x26,x7	 x26:0x80040fe4  x7:0x00000000  x6=0x80040fe4
     132385.000 ns	     13237	80002f44	01cd1033	sll	x0,x26,x28	 x26:0x80040fe4 x28:0x00000000
     132395.000 ns	     13238	80002f48	a9758cb7	lui	x25,0xa9758	 x25=0xa9758000
     132415.000 ns	     13240	80002f4c	02a6aa33	mulhsu	x20,x13,x10	 x13:0x1ca3def8 x10:0x00000000 x20=0x00000000
     132445.000 ns	     13243	80002f50	e0059053	fclass.s	x0,f11	 f11:0x00000000
     132485.000 ns	     13247	80002f54	117c75d3	fmul.s	f11,f24,f23	 f24:0xf7c8048e f23:0x7fc00000 f11=0x7fc00000
     132515.000 ns	     13250	80002f58	02c60133	mul	x2,x12,x12	 x12:0x00000000 x12:0x00000000  x2=0x00000000
     132885.000 ns	     13287	80002f5c	0370dcb3	divu	x25,x1,x23	  x1:0x00000000 x23:0x432f9842 x25=0x00000000
     132935.000 ns	     13292	80002f60	099393d3	fsub.s	f7,f7,f25	  f7:0x00000000 f25:0x00000000  f7=0x80000000
     132955.000 ns	     13294	80002f64	fff7eb93	ori	x23,x15,-1	 x15:0x77c8048e x23=0xffffffff
     132965.000 ns	     13295	80002f68	00b8df13	srli	x30,x17,0xb	 x17:0x00000000 x30=0x00000000
     132985.000 ns	     13297	80002f6c	03cc0833	mul	x16,x24,x28	 x24:0x00000002 x28:0x00000000 x16=0x00000000
     133005.000 ns	     13299	80002f70	004ab233	sltu	x4,x21,x4	 x21:0x00000000  x4:0x00000000  x4=0x00000000
     133025.000 ns	     13301	80002f74	c00b25d3	fcvt.w.s	x11,f22	 f22:0x00000000 x11=0x00000000
     134205.000 ns	     13419	80002f78	5804a653	fsqrt.s	f12,f9	  f9:0x77c8048e f12=0x5ba001d0
     134235.000 ns	     13422	80002f7c	21de9c53	fsgnjn.s	f24,f29,f29	 f29:0x00000000 f29:0x00000000 f24=0x80000000
     134265.000 ns	     13425	80002f80	038da8b3	mulhsu	x17,x27,x24	 x27:0x80041024 x24:0x00000002 x17=0xffffffff
     134295.000 ns	     13428	80002f84	a1f62cd3	feq.s	x25,f12,f31	 f12:0x5ba001d0 f31:0x00000000 x25=0x00000000
     134325.000 ns	     13431	80002f88	e0031953	fclass.s	x18,f6	  f6:0x00000000 x18=0x00000010
     134345.000 ns	     13433	80002f8c	018a3433	sltu	x8,x20,x24	 x20:0x00000000 x24:0x00000002  x8=0x00000001
     134355.000 ns	     13434	80002f90	008a8533	add	x10,x21,x8	 x21:0x00000000  x8:0x46f0e31c x10=0x00000001
     134365.000 ns	     13435	80002f94	002151b3	srl	x3,x2,x2	  x2:0x00000000  x2:0x00000000  x3=0x00000000
     134375.000 ns	     13436	80002f98	692f82b7	lui	x5,0x692f8	  x5=0x692f8000
     134395.000 ns	     13438	80002f9c	d01073d3	fcvt.s.wu	f7,x0	  x0:0x00000000  f7=0x00000000
     134425.000 ns	     13441	80002fa0	20c32cd3	fsgnjx.s	f25,f6,f12	  f6:0x00000000 f12:0x5ba001d0 f25=0x00000000
     134445.000 ns	     13443	80002fa4	b39c4893	xori	x17,x24,-1223	 x24:0x00000002 x17=0xfffffb3b
     134455.000 ns	     13444	80002fa8	018ac4b3	xor	x9,x21,x24	 x21:0x00000000 x24:0x00000002  x9=0x00000002
     134485.000 ns	     13447	80002fac	58008953	fsqrt.s	f18,f1	  f1:0x80000000 f18=0x80000000
     134505.000 ns	     13449	80002fb0	40f406b3	sub	x13,x8,x15	  x8:0x00000001 x15:0x77c8048e x13=0x8837fb73
     134525.000 ns	     13451	80002fb4	28400bd3	fmin.s	f23,f0,f4	  f0:0x7fc00000  f4:0x7fc00000 f23=0x7fc00000
     134545.000 ns	     13453	80002fb8	40f689b3	sub	x19,x13,x15	 x13:0x1ca3def8 x15:0x77c8048e x19=0x106ff6e5
     134585.000 ns	     13457	80002fbc	086d0253	fsub.s	f4,f26,f6	 f26:0xf7c8048e  f6:0x00000000  f4=0xf7c8048e
     134605.000 ns	     13459	80002fc0	b22d7313	andi	x6,x26,-1246	 x26:0x80040fe4  x6=0x80040b20
     134615.000 ns	     13460	80002fc4	0175a1b3	slt	x3,x11,x23	 x11:0x00000000 x23:0xffffffff  x3=0x00000000
     134625.000 ns	     13461	80002fc8	8c3e8397	auipc	x7,0x8c3e8	  x7=0x0c3eafc8
     134635.000 ns	     13462	80002fcc	40320cb3	sub	x25,x4,x3	  x4:0x00000000  x3:0x00000000 x25=0x00000000
     134655.000 ns	     13464	80002fd0	208b2b53	fsgnjx.s	f22,f22,f8	 f22:0x00000000  f8:0x46f0e11c f22=0x00000000
     135025.000 ns	     13501	80002fd4	02aac333	div	x6,x21,x10	 x21:0x00000000 x10:0x00000001  x6=0x00000000
     135045.000 ns	     13503	80002fd8	024494b7	lui	x9,0x2449	  x9=0x02449000
     135065.000 ns	     13505	80002fdc	e00815d3	fclass.s	x11,f16	 f16:0x00000000 x11=0x00000010
     135095.000 ns	     13508	80002fe0	20a59dd3	fsgnjn.s	f27,f11,f10	 f11:0x7fc00000 f10:0x432f9842 f27=0xffc00000
     135145.000 ns	     13513	80002fe4	09728ed3	fsub.s	f29,f5,f23	  f5:0xc2800000 f23:0x7fc00000 f29=0x7fc00000
     135175.000 ns	     13516	80002fe8	03503333	mulhu	x6,x0,x21	  x0:0x00000000 x21:0x00000000  x6=0x00000000
     135205.000 ns	     13519	80002fec	21e18e53	fsgnj.s	f28,f3,f30	  f3:0x46f0e11c f30:0x7fc00000 f28=0x46f0e11c
     135225.000 ns	     13521	80002ff0	40335533	sra	x10,x6,x3	  x6:0x00000000  x3:0x00000000 x10=0x00000000
     136395.000 ns	     13638	80002ff4	5808ff53	fsqrt.s	f30,f17	 f17:0x46f0e11c f30=0x432f9787
     136425.000 ns	     13641	80002ff8	286a1853	fmax.s	f16,f20,f6	 f20:0x7fc00000  f6:0x00000000 f16=0x00000000
     136455.000 ns	     13644	80002ffc	28b502d3	fmin.s	f5,f10,f11	 f10:0x432f9842 f11:0x7fc00000  f5=0x432f9842
     136475.000 ns	     13646	80003000	7e49cc13	xori	x24,x19,2020	 x19:0x106ff6e5 x24=0x106ff101
     136485.000 ns	     13647	80003004	1cb10113	addi	x2,x2,459	  x2:0x00000000  x2=0x000001cb
     136505.000 ns	     13649	80003008	03968733	mul	x14,x13,x25	 x13:0x8837fb73 x25:0x00000000 x14=0x00000000
     136535.000 ns	     13652	8000300c	e00a0753	fmv.x.w	x14,f20	 f20:0x7fc00000 x14=0x7fc00000
     136565.000 ns	     13655	80003010	29708153	fmin.s	f2,f1,f23	  f1:0x80000000 f23:0x7fc00000  f2=0x80000000
     136585.000 ns	     13657	80003014	01c34033	xor	x0,x6,x28	  x6:0x00000000 x28:0x00000000
     136595.000 ns	     13658	80003018	0040eab3	or	x21,x1,x4	  x1:0x00000000  x4:0x00000000 x21=0x00000000
     136605.000 ns	     13659	8000301c	00000013	addi	x0,x0,0	  x0:0x00000000
     136625.000 ns	     13661	80003020	e00288d3	fmv.x.w	x17,f5	  f5:0x432f9842 x17=0x432f9842
     136655.000 ns	     13664	80003024	c019c8d3	fcvt.wu.s	x17,f19	 f19:0x77c8048e x17=0xffffffff
     136685.000 ns	     13667	80003028	214621d3	fsgnjx.s	f3,f12,f20	 f12:0x5ba001d0 f20:0x7fc00000  f3=0x5ba001d0
     136715.000 ns	     13670	8000302c	a15e0a53	fle.s	x20,f28,f21	 f28:0x46f0e11c f21:0x77c8048e x20=0x00000001
     136735.000 ns	     13672	80003030	00000013	addi	x0,x0,0	  x0:0x00000000
     136745.000 ns	     13673	80003034	008bd6b3	srl	x13,x23,x8	 x23:0xffffffff  x8:0x00000001 x13=0x7fffffff
     136775.000 ns	     13676	80003038	10fa7253	fmul.s	f4,f20,f15	 f20:0x7fc00000 f15:0x7fc00000  f4=0x7fc00000
     136805.000 ns	     13679	8000303c	c0133853	fcvt.wu.s	x16,f6	  f6:0x00000000 x16=0x00000000
     136825.000 ns	     13681	80003040	405dd133	sra	x2,x27,x5	 x27:0x80041024  x5:0x692f8000  x2=0x80041024
     136845.000 ns	     13683	80003044	280310d3	fmax.s	f1,f6,f0	  f6:0x00000000  f0:0x7fc00000  f1=0x00000000
     136875.000 ns	     13686	80003048	02249bb3	mulh	x23,x9,x2	  x9:0x02449000  x2:0x000001cb x23=0xfeddc136
     136895.000 ns	     13688	8000304c	01170fb3	add	x31,x14,x17	 x14:0x7fc00000 x17:0xffffffff x31=0x7fbfffff
     136915.000 ns	     13690	80003050	f0028ed3	fmv.w.x	f29,x5	  x5:0x692f8000 f29=0x692f8000
     136935.000 ns	     13692	80003054	41f80433	sub	x8,x16,x31	 x16:0x00000000 x31:0x00000001  x8=0x80400001
     136965.000 ns	     13695	80003058	18b0c6d3	fdiv.s	f13,f1,f11	  f1:0x00000000 f11:0x7fc00000 f13=0x7fc00000
     136995.000 ns	     13698	8000305c	d014fad3	fcvt.s.wu	f21,x9	  x9:0x02449000 f21=0x4c112400
     137035.000 ns	     13702	80003060	5807f4d3	fsqrt.s	f9,f15	 f15:0x7fc00000  f9=0x7fc00000
     137085.000 ns	     13707	80003064	006f7cd3	fadd.s	f25,f30,f6	 f30:0x432f9787  f6:0x00000000 f25=0x432f9787
     137105.000 ns	     13709	80003068	00000013	addi	x0,x0,0	  x0:0x00000000
     137125.000 ns	     13711	8000306c	28f30cd3	fmin.s	f25,f6,f15	  f6:0x00000000 f15:0x7fc00000 f25=0x00000000
     137165.000 ns	     13715	80003070	58093a53	fsqrt.s	f20,f18	 f18:0x80000000 f20=0x80000000
     137185.000 ns	     13717	80003074	00a47833	and	x16,x8,x10	  x8:0x80400001 x10:0x00000000 x16=0x00000000
     137195.000 ns	     13718	80003078	00000013	addi	x0,x0,0	  x0:0x00000000
     137205.000 ns	     13719	8000307c	40add513	srai	x10,x27,0xa	 x27:0x80041024 x10=0xffe00104
     137215.000 ns	     13720	80003080	ebe0a593	slti	x11,x1,-322	  x1:0x00000000 x11=0x00000000
     137225.000 ns	     13721	80003084	01249613	slli	x12,x9,0x12	  x9:0x02449000 x12=0x40000000
     137265.000 ns	     13725	80003088	087c7c53	fsub.s	f24,f24,f7	 f24:0x80000000  f7:0x00000000 f24=0x80000000
     137285.000 ns	     13727	8000308c	42606f93	ori	x31,x0,1062	  x0:0x00000000 x31=0x00000426
     137305.000 ns	     13729	80003090	f00288d3	fmv.w.x	f17,x5	  x5:0x692f8000 f17=0x692f8000
     137335.000 ns	     13732	80003094	0353acb3	mulhsu	x25,x7,x21	  x7:0x0c3eafc8 x21:0x00000000 x25=0x00000000
     138515.000 ns	     13850	80003098	5801f553	fsqrt.s	f10,f3	  f3:0x5ba001d0 f10=0x4d8f1c5f
     138545.000 ns	     13853	8000309c	03eb5e33	divu	x28,x22,x30	 x22:0x7210ee4c x30:0x00000000 x28=0xffffffff
     138565.000 ns	     13855	800030a0	13c36613	ori	x12,x6,316	  x6:0x00000000 x12=0x0000013c
     138575.000 ns	     13856	800030a4	01dae633	or	x12,x21,x29	 x21:0x00000000 x29:0xfffff9d1 x12=0xfffff9d1
     138585.000 ns	     13857	800030a8	01d09493	slli	x9,x1,0x1d	  x1:0x00000000  x9=0x00000000
     138605.000 ns	     13859	800030ac	a0022ed3	feq.s	x29,f4,f0	  f4:0x7fc00000  f0:0x7fc00000 x29=0x00000000
     138635.000 ns	     13862	800030b0	e00f1253	fclass.s	x4,f30	 f30:0x432f9787  x4=0x00000040
     138655.000 ns	     13864	800030b4	00105ab3	srl	x21,x0,x1	  x0:0x00000000  x1:0x00000000 x21=0x00000000
     138675.000 ns	     13866	800030b8	d0028d53	fcvt.s.w	f26,x5	  x5:0x692f8000 f26=0x4ed25f00
     138695.000 ns	     13868	800030bc	ec124113	xori	x2,x4,-319	  x4:0x00000040  x2=0xfffffe81
     138705.000 ns	     13869	800030c0	40b9d533	sra	x10,x19,x11	 x19:0x106ff6e5 x11:0x00000000 x10=0x106ff6e5
     138735.000 ns	     13872	800030c4	1870ffd3	fdiv.s	f31,f1,f7	  f1:0x00000000  f7:0x00000000 f31=0x7fc00000
     138765.000 ns	     13875	800030c8	d013bed3	fcvt.s.wu	f29,x7	  x7:0x0c3eafc8 f29=0x4d43eafd
     138785.000 ns	     13877	800030cc	007646b3	xor	x13,x12,x7	 x12:0xfffff9d1  x7:0x0c3eafc8 x13=0xf3c15619
     138795.000 ns	     13878	800030d0	413cde93	srai	x29,x25,0x13	 x25:0x00000000 x29=0x00000000
     138815.000 ns	     13880	800030d4	d00b9453	fcvt.s.w	f8,x23	 x23:0xfeddc136  f8=0xcb911f65
     138835.000 ns	     13882	800030d8	0139de93	srli	x29,x19,0x13	 x19:0x106ff6e5 x29=0x0000020d
     138855.000 ns	     13884	800030dc	20f48bd3	fsgnj.s	f23,f9,f15	  f9:0x7fc00000 f15:0x7fc00000 f23=0x7fc00000
     138885.000 ns	     13887	800030e0	038415b3	mulh	x11,x8,x24	  x8:0x80400001 x24:0x106ff101 x11=0xf7cc237b
     138905.000 ns	     13889	800030e4	007794b3	sll	x9,x15,x7	 x15:0x77c8048e  x7:0x0c3eafc8  x9=0xc8048e00
     138925.000 ns	     13891	800030e8	c001fa53	fcvt.w.s	x20,f3	  f3:0x5ba001d0 x20=0x7fffffff
     138945.000 ns	     13893	800030ec	019ed2b3	srl	x5,x29,x25	 x29:0x0000020d x25:0x00000000  x5=0x0000020d
     138985.000 ns	     13897	800030f0	00117fd3	fadd.s	f31,f2,f1	  f2:0x80000000  f1:0x00000000 f31=0x00000000
     139035.000 ns	     13902	800030f4	01f1b7d3	fadd.s	f15,f3,f31	  f3:0x5ba001d0 f31:0x7fc00000 f15=0x5ba001d0
     139065.000 ns	     13905	800030f8	a031ae53	feq.s	x28,f3,f3	  f3:0x5ba001d0  f3:0x5ba001d0 x28=0x00000001
     139085.000 ns	     13907	800030fc	013d5e33	srl	x28,x26,x19	 x26:0x80040fe4 x19:0x106ff6e5 x28=0x0400207f
     139095.000 ns	     13908	80003100	274e8c93	addi	x25,x29,628	 x29:0x0000020d x25=0x00000481
     139105.000 ns	     13909	80003104	5c3288b7	lui	x17,0x5c328	 x17=0x5c328000
     139125.000 ns	     13911	80003108	20cd2cd3	fsgnjx.s	f25,f26,f12	 f26:0x4ed25f00 f12:0x5ba001d0 f25=0x4ed25f00
     139145.000 ns	     13913	8000310c	01794cb3	xor	x25,x18,x23	 x18:0x00000010 x23:0xfeddc136 x25=0xfeddc126
     139155.000 ns	     13914	80003110	012130b3	sltu	x1,x2,x18	  x2:0xfffffe81 x18:0x00000010  x1=0x00000000
     139165.000 ns	     13915	80003114	00f51033	sll	x0,x10,x15	 x10:0x106ff6e5 x15:0x77c8048e
     139175.000 ns	     13916	80003118	e7404993	xori	x19,x0,-396	  x0:0x00000000 x19=0xfffffe74
     139195.000 ns	     13918	8000311c	03d982b3	mul	x5,x19,x29	 x19:0x106ff6e5 x29:0x0000020d  x5=0xfffcd3e4
     139565.000 ns	     13955	80003120	02c07733	remu	x14,x0,x12	  x0:0x00000000 x12:0xfffff9d1 x14=0x00000000
     139605.000 ns	     13959	80003124	19b577d3	fdiv.s	f15,f10,f27	 f10:0x4d8f1c5f f27:0xffc00000 f15=0x7fc00000
     139635.000 ns	     13962	80003128	02140fb3	mul	x31,x8,x1	  x8:0x80400001  x1:0x00000000 x31=0x00000000
     139655.000 ns	     13964	8000312c	01949093	slli	x1,x9,0x19	  x9:0xc8048e00  x1=0x00000000
     139665.000 ns	     13965	80003130	00853433	sltu	x8,x10,x8	 x10:0x106ff6e5  x8:0x80400001  x8=0x00000001
     139685.000 ns	     13967	80003134	c00df853	fcvt.w.s	x16,f27	 f27:0xffc00000 x16=0x7fffffff
     139705.000 ns	     13969	80003138	1651f417	auipc	x8,0x1651f	  x8=0x96522138
     139725.000 ns	     13971	8000313c	29188ed3	fmin.s	f29,f17,f17	 f17:0x692f8000 f17:0x692f8000 f29=0x692f8000
     139745.000 ns	     13973	80003140	19f6a813	slti	x16,x13,415	 x13:0xf3c15619 x16=0x00000001
     139765.000 ns	     13975	80003144	a0db1753	flt.s	x14,f22,f13	 f22:0x00000000 f13:0x7fc00000 x14=0x00000000
     139785.000 ns	     13977	80003148	8f527093	andi	x1,x4,-1803	  x4:0x00000040  x1=0x00000040
     140145.000 ns	     14013	8000314c	02a3c1b3	div	x3,x7,x10	  x7:0x0c3eafc8 x10:0x106ff6e5  x3=0x00000000
     140185.000 ns	     14017	80003150	184d7253	fdiv.s	f4,f26,f4	 f26:0x4ed25f00  f4:0x7fc00000  f4=0x7fc00000
     140205.000 ns	     14019	80003154	8ece6e93	ori	x29,x28,-1812	 x28:0x0400207f x29=0xfffff8ff
     140215.000 ns	     14020	80003158	40aa0b33	sub	x22,x20,x10	 x20:0x7fffffff x10:0x106ff6e5 x22=0x6f90091a
     140225.000 ns	     14021	8000315c	59f2f113	andi	x2,x5,1439	  x5:0xfffcd3e4  x2=0x00000184
     140245.000 ns	     14023	80003160	a1518653	fle.s	x12,f3,f21	  f3:0x5ba001d0 f21:0x4c112400 x12=0x00000000
     140265.000 ns	     14025	80003164	01949bb3	sll	x23,x9,x25	  x9:0xc8048e00 x25:0xfeddc126 x23=0x01238000
     140285.000 ns	     14027	80003168	a197a653	feq.s	x12,f15,f25	 f15:0x7fc00000 f25:0x4ed25f00 x12=0x00000000
     140305.000 ns	     14029	8000316c	42df8593	addi	x11,x31,1069	 x31:0x00000000 x11=0x0000042d
     140345.000 ns	     14033	80003170	008bf653	fadd.s	f12,f23,f8	 f23:0x7fc00000  f8:0xcb911f65 f12=0x7fc00000
     140365.000 ns	     14035	80003174	014faab3	slt	x21,x31,x20	 x31:0x00000000 x20:0x7fffffff x21=0x00000001
     140375.000 ns	     14036	80003178	014b2a33	slt	x20,x22,x20	 x22:0x6f90091a x20:0x7fffffff x20=0x00000001
     140735.000 ns	     14072	8000317c	033ae4b3	rem	x9,x21,x19	 x21:0x00000000 x19:0xfffffe74  x9=0x00000001
     140755.000 ns	     14074	80003180	241bd117	auipc	x2,0x241bd	  x2=0xa41c0180
     140765.000 ns	     14075	80003184	40525c33	sra	x24,x4,x5	  x4:0x00000040  x5:0xfffcd3e4 x24=0x00000004
     140785.000 ns	     14077	80003188	212806d3	fsgnj.s	f13,f16,f18	 f16:0x00000000 f18:0x80000000 f13=0x80000000
     140815.000 ns	     14080	8000318c	d01e7353	fcvt.s.wu	f6,x28	 x28:0x0400207f  f6=0x4c80040f
     140845.000 ns	     14083	80003190	a00d83d3	fle.s	x7,f27,f0	 f27:0xffc00000  f0:0x7fc00000  x7=0x00000000
     140865.000 ns	     14085	80003194	991e6897	auipc	x17,0x991e6	 x17=0x191e9194
     140875.000 ns	     14086	80003198	014d5c33	srl	x24,x26,x20	 x26:0x80040fe4 x20:0x00000001 x24=0x400207f2
     140885.000 ns	     14087	8000319c	41fe5713	srai	x14,x28,0x1f	 x28:0x0400207f x14=0x00000000
     140895.000 ns	     14088	800031a0	d262b093	sltiu	x1,x5,-730	  x5:0xfffcd3e4  x1=0x00000001
     140905.000 ns	     14089	800031a4	cd700b93	addi	x23,x0,-809	  x0:0x00000000 x23=0xfffffcd7
     140935.000 ns	     14092	800031a8	10938f53	fmul.s	f30,f7,f9	  f7:0x00000000  f9:0x7fc00000 f30=0x7fc00000
     140955.000 ns	     14094	800031ac	479efc93	andi	x25,x29,1145	 x29:0xfffff8ff x25=0x00000079
     140965.000 ns	     14095	800031b0	006ee4b3	or	x9,x29,x6	 x29:0xfffff8ff  x6:0x00000000  x9=0xfffff8ff
     140985.000 ns	     14097	800031b4	03ce0ab3	mul	x21,x28,x28	 x28:0x0400207f x28:0x0400207f x21=0xfc1fff01
     141015.000 ns	     14100	800031b8	d01fafd3	fcvt.s.wu	f31,x31	 x31:0x00000000 f31=0x00000000
     141055.000 ns	     14104	800031bc	192489d3	fdiv.s	f19,f9,f18	  f9:0x7fc00000 f18:0x80000000 f19=0x7fc00000
     141075.000 ns	     14106	800031c0	002e46b3	xor	x13,x28,x2	 x28:0x0400207f  x2:0xa41c0180 x13=0xa01c21ff
     141085.000 ns	     14107	800031c4	01189633	sll	x12,x17,x17	 x17:0x191e9194 x17:0x191e9194 x12=0x19400000
     141095.000 ns	     14108	800031c8	001d7733	and	x14,x26,x1	 x26:0x80040fe4  x1:0x00000001 x14=0x00000000
     141125.000 ns	     14111	800031cc	19287dd3	fdiv.s	f27,f16,f18	 f16:0x00000000 f18:0x80000000 f27=0x7fc00000
     141495.000 ns	     14148	800031d0	035eccb3	div	x25,x29,x21	 x29:0xfffff8ff x21:0xfc1fff01 x25=0x00000000
     141525.000 ns	     14151	800031d4	287b8053	fmin.s	f0,f23,f7	 f23:0x7fc00000  f7:0x00000000  f0=0x00000000
     141545.000 ns	     14153	800031d8	00000013	addi	x0,x0,0	  x0:0x00000000
     141565.000 ns	     14155	800031dc	f00004d3	fmv.w.x	f9,x0	  x0:0x00000000  f9=0x00000000
     141935.000 ns	     14192	800031e0	0374e833	rem	x16,x9,x23	  x9:0xfffff8ff x23:0xfffffcd7 x16=0xffffff51
     141965.000 ns	     14195	800031e4	a0a80fd3	fle.s	x31,f16,f10	 f16:0x00000000 f10:0x4d8f1c5f x31=0x00000001
     141985.000 ns	     14197	800031e8	00227933	and	x18,x4,x2	  x4:0x00000040  x2:0xa41c0180 x18=0x00000000
     142005.000 ns	     14199	800031ec	20cca8d3	fsgnjx.s	f17,f25,f12	 f25:0x4ed25f00 f12:0x7fc00000 f17=0x4ed25f00
     142025.000 ns	     14201	800031f0	41f203b3	sub	x7,x4,x31	  x4:0x00000040 x31:0x00000001  x7=0x0000003f
     142045.000 ns	     14203	800031f4	29c29553	fmax.s	f10,f5,f28	  f5:0x432f9842 f28:0x46f0e11c f10=0x46f0e11c
     142065.000 ns	     14205	800031f8	0095bf33	sltu	x30,x11,x9	 x11:0x0000042d  x9:0xfffff8ff x30=0x00000001
     142075.000 ns	     14206	800031fc	4071d993	srai	x19,x3,0x7	  x3:0x00000000 x19=0x00000000
     142095.000 ns	     14208	80003200	20a01ad3	fsgnjn.s	f21,f0,f10	  f0:0x00000000 f10:0x46f0e11c f21=0x80000000
     142125.000 ns	     14211	80003204	c012fcd3	fcvt.wu.s	x25,f5	  f5:0x432f9842 x25=0x000000af
     142495.000 ns	     14248	80003208	03a55733	divu	x14,x10,x26	 x10:0x106ff6e5 x26:0x80040fe4 x14=0x00000000
     142525.000 ns	     14251	8000320c	c00c2b53	fcvt.w.s	x22,f24	 f24:0x80000000 x22=0x00000000
     142545.000 ns	     14253	80003210	00eb5233	srl	x4,x22,x14	 x22:0x6f90091a x14:0x00000000  x4=0x00000000
     142565.000 ns	     14255	80003214	20bc0853	fsgnj.s	f16,f24,f11	 f24:0x80000000 f11:0x7fc00000 f16=0x00000000
     142615.000 ns	     14260	80003218	09cafcd3	fsub.s	f25,f21,f28	 f21:0x80000000 f28:0x46f0e11c f25=0xc6f0e11c
     142635.000 ns	     14262	8000321c	fdcec093	xori	x1,x29,-36	 x29:0xfffff8ff  x1=0x00000723
     142655.000 ns	     14264	80003220	0396ba33	mulhu	x20,x13,x25	 x13:0xa01c21ff x25:0x000000af x20=0x0000006d
     143025.000 ns	     14301	80003224	021a48b3	div	x17,x20,x1	 x20:0x00000001  x1:0x00000001 x17=0x00000000
     143045.000 ns	     14303	80003228	018210b3	sll	x1,x4,x24	  x4:0x00000000 x24:0x400207f2  x1=0x00000000
     143065.000 ns	     14305	8000322c	0293b4b3	mulhu	x9,x7,x9	  x7:0x0000003f  x9:0xfffff8ff  x9=0x0000003e
     143085.000 ns	     14307	80003230	947b7e93	andi	x29,x22,-1721	 x22:0x00000000 x29=0x00000000
     143095.000 ns	     14308	80003234	01292633	slt	x12,x18,x18	 x18:0x00000000 x18:0x00000000 x12=0x00000000
     143105.000 ns	     14309	80003238	411f5c93	srai	x25,x30,0x11	 x30:0x00000001 x25=0x00000000
     143465.000 ns	     14345	8000323c	03747e33	remu	x28,x8,x23	  x8:0x96522138 x23:0xfffffcd7 x28=0x96522138
     143485.000 ns	     14347	80003240	d023f593	andi	x11,x7,-766	  x7:0x0000003f x11=0x00000002
     143495.000 ns	     14348	80003244	0074c3b3	xor	x7,x9,x7	  x9:0x0000003e  x7:0x0000003f  x7=0x00000001
     143515.000 ns	     14350	80003248	022fbeb3	mulhu	x29,x31,x2	 x31:0x00000001  x2:0xa41c0180 x29=0x00000000
     143535.000 ns	     14352	8000324c	852b8b93	addi	x23,x23,-1966	 x23:0xfffffcd7 x23=0xfffff529
     143545.000 ns	     14353	80003250	01055933	srl	x18,x10,x16	 x10:0x106ff6e5 x16:0xffffff51 x18=0x00000837
     143555.000 ns	     14354	80003254	012144b3	xor	x9,x2,x18	  x2:0xa41c0180 x18:0x00000000  x9=0xa41c09b7
     143565.000 ns	     14355	80003258	00444433	xor	x8,x8,x4	  x8:0x96522138  x4:0x00000000  x8=0x96522138
     143575.000 ns	     14356	8000325c	460fe113	ori	x2,x31,1120	 x31:0x00000001  x2=0x00000461
     143595.000 ns	     14358	80003260	02fa1033	mulh	x0,x20,x15	 x20:0x0000006d x15:0x77c8048e
     143625.000 ns	     14361	80003264	a0e21153	flt.s	x2,f4,f14	  f4:0x7fc00000 f14:0x00000000  x2=0x00000000
     143645.000 ns	     14363	80003268	005ce733	or	x14,x25,x5	 x25:0x00000000  x5:0xfffcd3e4 x14=0xfffcd3e4
     143655.000 ns	     14364	8000326c	015131b3	sltu	x3,x2,x21	  x2:0x00000000 x21:0xfc1fff01  x3=0x00000001
     143665.000 ns	     14365	80003270	00c94533	xor	x10,x18,x12	 x18:0x00000837 x12:0x00000000 x10=0x00000837
     143685.000 ns	     14367	80003274	c008afd3	fcvt.w.s	x31,f17	 f17:0x4ed25f00 x31=0x692f8000
     143705.000 ns	     14369	80003278	016278b3	and	x17,x4,x22	  x4:0x00000000 x22:0x00000000 x17=0x00000000
     143725.000 ns	     14371	8000327c	e00e94d3	fclass.s	x9,f29	 f29:0x692f8000  x9=0x00000040
     143755.000 ns	     14374	80003280	29ae85d3	fmin.s	f11,f29,f26	 f29:0x692f8000 f26:0x4ed25f00 f11=0x4ed25f00
     143785.000 ns	     14377	80003284	20319653	fsgnjn.s	f12,f3,f3	  f3:0x5ba001d0  f3:0x5ba001d0 f12=0xdba001d0
     143805.000 ns	     14379	80003288	00adee33	or	x28,x27,x10	 x27:0x80041024 x10:0x00000837 x28=0x80041837
     143825.000 ns	     14381	8000328c	03377bb3	remu	x23,x14,x19	 x14:0xfffcd3e4 x19:0x00000000 x23=0xfffcd3e4
     143855.000 ns	     14384	80003290	03b49a33	mulh	x20,x9,x27	  x9:0x00000040 x27:0x80041024 x20=0xffffffe0
     143875.000 ns	     14386	80003294	00e3f3b3	and	x7,x7,x14	  x7:0x00000001 x14:0xfffcd3e4  x7=0x00000000
     143895.000 ns	     14388	80003298	034a0eb3	mul	x29,x20,x20	 x20:0xffffffe0 x20:0xffffffe0 x29=0x00000400
     143935.000 ns	     14392	8000329c	5804fed3	fsqrt.s	f29,f9	  f9:0x00000000 f29=0x00000000
     143965.000 ns	     14395	800032a0	c011c353	fcvt.wu.s	x6,f3	  f3:0x5ba001d0  x6=0xffffffff
     143995.000 ns	     14398	800032a4	a04c2053	feq.s	x0,f24,f4	 f24:0x80000000  f4:0x7fc00000
     144025.000 ns	     14401	800032a8	20c38cd3	fsgnj.s	f25,f7,f12	  f7:0x00000000 f12:0xdba001d0 f25=0x80000000
     144055.000 ns	     14404	800032ac	a0c4abd3	feq.s	x23,f9,f12	  f9:0x00000000 f12:0xdba001d0 x23=0x00000000
     144085.000 ns	     14407	800032b0	d000ff53	fcvt.s.w	f30,x1	  x1:0x00000000 f30=0x00000000
     144115.000 ns	     14410	800032b4	28458353	fmin.s	f6,f11,f4	 f11:0x4ed25f00  f4:0x7fc00000  f6=0x4ed25f00
     144145.000 ns	     14413	800032b8	020df4b3	remu	x9,x27,x0	 x27:0x80041024  x0:0x00000000  x9=0x80041024
     144175.000 ns	     14416	800032bc	03b539b3	mulhu	x19,x10,x27	 x10:0x00000837 x27:0x80041024 x19=0x0000041b
     144205.000 ns	     14419	800032c0	c014f4d3	fcvt.wu.s	x9,f9	  f9:0x00000000  x9=0x00000000
     144225.000 ns	     14421	800032c4	00917733	and	x14,x2,x9	  x2:0x00000000  x9:0x80041024 x14=0x00000000
     144245.000 ns	     14423	800032c8	c010a4d3	fcvt.wu.s	x9,f1	  f1:0x00000000  x9=0x00000000
     145425.000 ns	     14541	800032cc	5801f953	fsqrt.s	f18,f3	  f3:0x5ba001d0 f18=0x4d8f1c5f
     145455.000 ns	     14544	800032d0	d00bf753	fcvt.s.w	f14,x23	 x23:0x00000000 f14=0x00000000
     145485.000 ns	     14547	800032d4	03f29233	mulh	x4,x5,x31	  x5:0xfffcd3e4 x31:0x692f8000  x4=0xfffeb251
     145525.000 ns	     14551	800032d8	58098fd3	fsqrt.s	f31,f19	 f19:0x7fc00000 f31=0x7fc00000
     145545.000 ns	     14553	800032dc	00960c33	add	x24,x12,x9	 x12:0x00000000  x9:0x00000000 x24=0x00000000
     145555.000 ns	     14554	800032e0	0004bcb3	sltu	x25,x9,x0	  x9:0x00000000  x0:0x00000000 x25=0x00000000
     145575.000 ns	     14556	800032e4	0390a133	mulhsu	x2,x1,x25	  x1:0x00000000 x25:0x00000000  x2=0x00000000
     145595.000 ns	     14558	800032e8	0169d6b3	srl	x13,x19,x22	 x19:0x0000041b x22:0x00000000 x13=0x0000041b
     145955.000 ns	     14594	800032ec	023adab3	divu	x21,x21,x3	 x21:0xfc1fff01  x3:0x00000001 x21=0xfc1fff01
     145985.000 ns	     14597	800032f0	02aa9033	mulh	x0,x21,x10	 x21:0xfc1fff01 x10:0x00000837
     146015.000 ns	     14600	800032f4	039490b3	mulh	x1,x9,x25	  x9:0x00000000 x25:0x00000000  x1=0x00000000
     146385.000 ns	     14637	800032f8	02b77533	remu	x10,x14,x11	 x14:0x00000000 x11:0x00000002 x10=0x00000000
     146405.000 ns	     14639	800032fc	63847137	lui	x2,0x63847	  x2=0x63847000
     146415.000 ns	     14640	80003300	0ad4e693	ori	x13,x9,173	  x9:0x00000000 x13=0x000000ad
     146425.000 ns	     14641	80003304	0021f733	and	x14,x3,x2	  x3:0x00000001  x2:0x00000000 x14=0x00000000
     146435.000 ns	     14642	80003308	417c8a33	sub	x20,x25,x23	 x25:0x00000000 x23:0x00000000 x20=0x00000000
     146455.000 ns	     14644	8000330c	20e62153	fsgnjx.s	f2,f12,f14	 f12:0xdba001d0 f14:0x00000000  f2=0xdba001d0
     146825.000 ns	     14681	80003310	02d44933	div	x18,x8,x13	  x8:0x96522138 x13:0x000000ad x18=0xff639e87
     146845.000 ns	     14683	80003314	01af8333	add	x6,x31,x26	 x31:0x692f8000 x26:0x80040fe4  x6=0xe9338fe4
     146865.000 ns	     14685	80003318	21ad1853	fsgnjn.s	f16,f26,f26	 f26:0x4ed25f00 f26:0x4ed25f00 f16=0xced25f00
     146895.000 ns	     14688	8000331c	c01279d3	fcvt.wu.s	x19,f4	  f4:0x7fc00000 x19=0xffffffff
     146915.000 ns	     14690	80003320	2d674193	xori	x3,x14,726	 x14:0x00000000  x3=0x000002d6
     146935.000 ns	     14692	80003324	d009c0d3	fcvt.s.w	f1,x19	 x19:0xffffffff  f1=0xbf800000
     146955.000 ns	     14694	80003328	00000013	addi	x0,x0,0	  x0:0x00000000
     146975.000 ns	     14696	8000332c	d0167cd3	fcvt.s.wu	f25,x12	 x12:0x00000000 f25=0x00000000
     146995.000 ns	     14698	80003330	08758413	addi	x8,x11,135	 x11:0x00000002  x8=0x00000089
     147005.000 ns	     14699	80003334	2b97e313	ori	x6,x15,697	 x15:0x77c8048e  x6=0x77c806bf
     147025.000 ns	     14701	80003338	21d301d3	fsgnj.s	f3,f6,f29	  f6:0x4ed25f00 f29:0x00000000  f3=0x4ed25f00
     147075.000 ns	     14706	8000333c	01b4cad3	fadd.s	f21,f9,f27	  f9:0x00000000 f27:0x7fc00000 f21=0x7fc00000
     147445.000 ns	     14743	80003340	03ec4e33	div	x28,x24,x30	 x24:0x00000000 x30:0x00000001 x28=0x00000000
     147475.000 ns	     14746	80003344	03ce6033	rem	x0,x28,x28	 x28:0x80041837 x28:0x80041837
     147845.000 ns	     14783	80003348	035976b3	remu	x13,x18,x21	 x18:0xff639e87 x21:0xfc1fff01 x13=0x03439f86
     147875.000 ns	     14786	8000334c	031b2eb3	mulhsu	x29,x22,x17	 x22:0x00000000 x17:0x00000000 x29=0x00000000
     147925.000 ns	     14791	80003350	08987253	fsub.s	f4,f16,f9	 f16:0xced25f00  f9:0x00000000  f4=0xced25f00
     147955.000 ns	     14794	80003354	2018a653	fsgnjx.s	f12,f17,f1	 f17:0x4ed25f00  f1:0xbf800000 f12=0xced25f00
     147975.000 ns	     14796	80003358	410d0333	sub	x6,x26,x16	 x26:0x80040fe4 x16:0xffffff51  x6=0x80041093
     147985.000 ns	     14797	8000335c	9973c417	auipc	x8,0x9973c	  x8=0x1973f35c
     148015.000 ns	     14800	80003360	104f1f53	fmul.s	f30,f30,f4	 f30:0x00000000  f4:0xced25f00 f30=0x80000000
     148035.000 ns	     14802	80003364	01eff333	and	x6,x31,x30	 x31:0x692f8000 x30:0x00000001  x6=0x00000000
     148055.000 ns	     14804	80003368	20ae9fd3	fsgnjn.s	f31,f29,f10	 f29:0x00000000 f10:0x46f0e11c f31=0x80000000
     148085.000 ns	     14807	8000336c	29d88f53	fmin.s	f30,f17,f29	 f17:0x4ed25f00 f29:0x00000000 f30=0x00000000
     148105.000 ns	     14809	80003370	006f38b3	sltu	x17,x30,x6	 x30:0x00000001  x6:0x00000000 x17=0x00000000
     148145.000 ns	     14813	80003374	011acdd3	fadd.s	f27,f21,f17	 f21:0x7fc00000 f17:0x4ed25f00 f27=0x7fc00000
     148175.000 ns	     14816	80003378	02380cb3	mul	x25,x16,x3	 x16:0xffffff51  x3:0x000002d6 x25=0xfffe0fb6
     148195.000 ns	     14818	8000337c	010dbbb3	sltu	x23,x27,x16	 x27:0x80041024 x16:0xffffff51 x23=0x00000001
     148205.000 ns	     14819	80003380	efd42613	slti	x12,x8,-259	  x8:0x1973f35c x12=0x00000000
     148565.000 ns	     14855	80003384	024058b3	divu	x17,x0,x4	  x0:0x00000000  x4:0xfffeb251 x17=0x00000000
     148595.000 ns	     14858	80003388	28a415d3	fmax.s	f11,f8,f10	  f8:0xcb911f65 f10:0x46f0e11c f11=0x46f0e11c
     148615.000 ns	     14860	8000338c	eee19617	auipc	x12,0xeee19	 x12=0x6ee1c38c
     148975.000 ns	     14896	80003390	022de3b3	rem	x7,x27,x2	 x27:0x80041024  x2:0x63847000  x7=0xe3888024
     148995.000 ns	     14898	80003394	015e6e33	or	x28,x28,x21	 x28:0x00000000 x21:0xfc1fff01 x28=0xfc1fff01
     149015.000 ns	     14900	80003398	29eb0dd3	fmin.s	f27,f22,f30	 f22:0x00000000 f30:0x00000000 f27=0x00000000
     149045.000 ns	     14903	8000339c	c015ccd3	fcvt.wu.s	x25,f11	 f11:0x46f0e11c x25=0x00007871
     149075.000 ns	     14906	800033a0	0295a933	mulhsu	x18,x11,x9	 x11:0x00000002  x9:0x00000000 x18=0x00000000
     149105.000 ns	     14909	800033a4	032112b3	mulh	x5,x2,x18	  x2:0x63847000 x18:0xff639e87  x5=0x00000000
     149135.000 ns	     14912	800033a8	e00a96d3	fclass.s	x13,f21	 f21:0x7fc00000 x13=0x00000200
     149165.000 ns	     14915	800033ac	a01c8c53	fle.s	x24,f25,f1	 f25:0x00000000  f1:0xbf800000 x24=0x00000000
     149185.000 ns	     14917	800033b0	01af1a93	slli	x21,x30,0x1a	 x30:0x00000001 x21=0x04000000
     149195.000 ns	     14918	800033b4	6f8d1617	auipc	x12,0x6f8d1	 x12=0xef8d43b4
     149235.000 ns	     14922	800033b8	015fffd3	fadd.s	f31,f31,f21	 f31:0x80000000 f21:0x7fc00000 f31=0x7fc00000
     149255.000 ns	     14924	800033bc	40c888b3	sub	x17,x17,x12	 x17:0x00000000 x12:0x6ee1c38c x17=0x1072bc4c
     149265.000 ns	     14925	800033c0	017d5433	srl	x8,x26,x23	 x26:0x80040fe4 x23:0x00000001  x8=0x400207f2
     149275.000 ns	     14926	800033c4	3dcc4037	lui	x0,0x3dcc4	
     149285.000 ns	     14927	800033c8	416e5113	srai	x2,x28,0x16	 x28:0xfc1fff01  x2=0xfffffff0
     149305.000 ns	     14929	800033cc	d01603d3	fcvt.s.wu	f7,x12	 x12:0xef8d43b4  f7=0x4f6f8d44
     149325.000 ns	     14931	800033d0	00d4bc33	sltu	x24,x9,x13	  x9:0x00000000 x13:0x00000200 x24=0x00000001
     149335.000 ns	     14932	800033d4	0d822493	slti	x9,x4,216	  x4:0xfffeb251  x9=0x00000001
     149345.000 ns	     14933	800033d8	00678813	addi	x16,x15,6	 x15:0x77c8048e x16=0x77c80494
     149355.000 ns	     14934	800033dc	faaac013	xori	x0,x21,-86	 x21:0x04000000
     149375.000 ns	     14936	800033e0	a1e20cd3	fle.s	x25,f4,f30	  f4:0xced25f00 f30:0x00000000 x25=0x00000001
     149405.000 ns	     14939	800033e4	c004fed3	fcvt.w.s	x29,f9	  f9:0x00000000 x29=0x00000000
     149425.000 ns	     14941	800033e8	00f2a6b3	slt	x13,x5,x15	  x5:0x00000000 x15:0x77c8048e x13=0x00000001
     149445.000 ns	     14943	800033ec	a0c41ed3	flt.s	x29,f8,f12	  f8:0xcb911f65 f12:0xced25f00 x29=0x00000000
     149465.000 ns	     14945	800033f0	005cda33	srl	x20,x25,x5	 x25:0x00000001  x5:0x00000000 x20=0x00000001
     149475.000 ns	     14946	800033f4	007e9b33	sll	x22,x29,x7	 x29:0x00000000  x7:0xe3888024 x22=0x00000000
     149495.000 ns	     14948	800033f8	205a8953	fsgnj.s	f18,f21,f5	 f21:0x7fc00000  f5:0x432f9842 f18=0x7fc00000
     149525.000 ns	     14951	800033fc	212b1ed3	fsgnjn.s	f29,f22,f18	 f22:0x00000000 f18:0x4d8f1c5f f29=0x80000000
     149555.000 ns	     14954	80003400	205224d3	fsgnjx.s	f9,f4,f5	  f4:0xced25f00  f5:0x432f9842  f9=0xced25f00
     149575.000 ns	     14956	80003404	a48b4193	xori	x3,x22,-1464	 x22:0x00000000  x3=0xfffffa48
     149595.000 ns	     14958	80003408	d01d3853	fcvt.s.wu	f16,x26	 x26:0x80040fe4 f16=0x4f000410
     149615.000 ns	     14960	8000340c	3ae3ba13	sltiu	x20,x7,942	  x7:0xe3888024 x20=0x00000000
     149645.000 ns	     14963	80003410	18501a53	fdiv.s	f20,f0,f5	  f0:0x00000000  f5:0x432f9842 f20=0x00000000
     149665.000 ns	     14965	80003414	006c9633	sll	x12,x25,x6	 x25:0x00000001  x6:0x00000000 x12=0x00000001
     149675.000 ns	     14966	80003418	00261333	sll	x6,x12,x2	 x12:0xef8d43b4  x2:0xfffffff0  x6=0x00010000
     150005.000 ns	     14999	8000341c	18239653	fdiv.s	f12,f7,f2	  f7:0x4f6f8d44  f2:0xdba001d0 f12=0xb2ef8d44
     150035.000 ns	     15002	80003420	a18d22d3	feq.s	x5,f26,f24	 f26:0x4ed25f00 f24:0x80000000  x5=0x00000000
     150065.000 ns	     15005	80003424	21b628d3	fsgnjx.s	f17,f12,f27	 f12:0xb2ef8d44 f27:0x00000000 f17=0xb2ef8d44
     150095.000 ns	     15008	80003428	034f7eb3	remu	x29,x30,x20	 x30:0x00000001 x20:0x00000000 x29=0x00000001
     150115.000 ns	     15010	8000342c	01777c33	and	x24,x14,x23	 x14:0x00000000 x23:0x00000001 x24=0x00000000
     150475.000 ns	     15046	80003430	035e5a33	divu	x20,x28,x21	 x28:0xfc1fff01 x21:0x04000000 x20=0x0000003f
     150845.000 ns	     15083	80003434	0239de33	divu	x28,x19,x3	 x19:0xffffffff  x3:0xfffffa48 x28=0x00000001
     150875.000 ns	     15086	80003438	219a1753	fsgnjn.s	f14,f20,f25	 f20:0x00000000 f25:0x00000000 f14=0x80000000
     150895.000 ns	     15088	8000343c	00000013	addi	x0,x0,0	  x0:0x00000000
     150905.000 ns	     15089	80003440	00c51c13	slli	x24,x10,0xc	 x10:0x00000000 x24=0x00000000
     150915.000 ns	     15090	80003444	407e8133	sub	x2,x29,x7	 x29:0x00000001  x7:0xe3888024  x2=0x1c777fdd
     150925.000 ns	     15091	80003448	03cb4213	xori	x4,x22,60	 x22:0x00000000  x4=0x0000003c
     150945.000 ns	     15093	8000344c	03833733	mulhu	x14,x6,x24	  x6:0x00010000 x24:0x00000000 x14=0x00000000
     150975.000 ns	     15096	80003450	d01e7f53	fcvt.s.wu	f30,x28	 x28:0x00000001 f30=0x3f800000
     150995.000 ns	     15098	80003454	acae3993	sltiu	x19,x28,-1334	 x28:0x00000001 x19=0x00000001
     151005.000 ns	     15099	80003458	00000013	addi	x0,x0,0	  x0:0x00000000
     151025.000 ns	     15101	8000345c	217294d3	fsgnjn.s	f9,f5,f23	  f5:0x432f9842 f23:0x7fc00000  f9=0xc32f9842
     151055.000 ns	     15104	80003460	e0019053	fclass.s	x0,f3	  f3:0x4ed25f00
     151075.000 ns	     15106	80003464	b3e1f113	andi	x2,x3,-1218	  x3:0xfffffa48  x2=0xfffffa08
     151085.000 ns	     15107	80003468	e69b2213	slti	x4,x22,-407	 x22:0x00000000  x4=0x00000000
     151095.000 ns	     15108	8000346c	7432a9b7	lui	x19,0x7432a	 x19=0x7432a000
     151115.000 ns	     15110	80003470	a0420853	fle.s	x16,f4,f4	  f4:0xced25f00  f4:0xced25f00 x16=0x00000001
     151145.000 ns	     15113	80003474	d0147353	fcvt.s.wu	f6,x8	  x8:0x400207f2  f6=0x4e80040f
     151165.000 ns	     15115	80003478	c036f693	andi	x13,x13,-1021	 x13:0x00000001 x13=0x00000001
     151175.000 ns	     15116	8000347c	403ed693	srai	x13,x29,0x3	 x29:0x00000001 x13=0x00000000
     151215.000 ns	     15120	80003480	094f1353	fsub.s	f6,f30,f20	 f30:0x3f800000 f20:0x00000000  f6=0x3f800000
     151235.000 ns	     15122	80003484	9f174e13	xori	x28,x14,-1551	 x14:0x00000000 x28=0xfffff9f1
     151245.000 ns	     15123	80003488	7eeea893	slti	x17,x29,2030	 x29:0x00000001 x17=0x00000001
     151265.000 ns	     15125	8000348c	a02eacd3	feq.s	x25,f29,f2	 f29:0x80000000  f2:0xdba001d0 x25=0x00000000
     151635.000 ns	     15162	80003490	03b04833	div	x16,x0,x27	  x0:0x00000000 x27:0x80041024 x16=0x00000000
     151665.000 ns	     15165	80003494	a0ef26d3	feq.s	x13,f30,f14	 f30:0x3f800000 f14:0x80000000 x13=0x00000000
     152845.000 ns	     15283	80003498	580e1d53	fsqrt.s	f26,f28	 f28:0x46f0e11c f26=0x432f9787
     152875.000 ns	     15286	8000349c	21682353	fsgnjx.s	f6,f16,f22	 f16:0x4f000410 f22:0x00000000  f6=0x4f000410
     152905.000 ns	     15289	800034a0	02ec6133	rem	x2,x24,x14	 x24:0x00000000 x14:0x00000000  x2=0x00000000
     152925.000 ns	     15291	800034a4	6fc8bb13	sltiu	x22,x17,1788	 x17:0x00000001 x22=0x00000001
     152945.000 ns	     15293	800034a8	29c41b53	fmax.s	f22,f8,f28	  f8:0xcb911f65 f28:0x46f0e11c f22=0x46f0e11c
     152985.000 ns	     15297	800034ac	18f3f3d3	fdiv.s	f7,f7,f15	  f7:0x4f6f8d44 f15:0x7fc00000  f7=0x7fc00000
     153015.000 ns	     15300	800034b0	036d9ab3	mulh	x21,x27,x22	 x27:0x80041024 x22:0x00000001 x21=0xffffffff
     153035.000 ns	     15302	800034b4	019cfab3	and	x21,x25,x25	 x25:0x00000000 x25:0x00000000 x21=0x00000000
     153045.000 ns	     15303	800034b8	0116e533	or	x10,x13,x17	 x13:0x00000000 x17:0x00000001 x10=0x00000001
     153055.000 ns	     15304	800034bc	013e9193	slli	x3,x29,0x13	 x29:0x00000001  x3=0x00080000
     153065.000 ns	     15305	800034c0	401f8cb3	sub	x25,x31,x1	 x31:0x692f8000  x1:0x00000000 x25=0x692f8000
     153085.000 ns	     15307	800034c4	c01a1853	fcvt.wu.s	x16,f20	 f20:0x00000000 x16=0x00000000
     153125.000 ns	     15311	800034c8	10c514d3	fmul.s	f9,f10,f12	 f10:0x46f0e11c f12:0xb2ef8d44  f9=0xba616715
     153495.000 ns	     15348	800034cc	03d96633	rem	x12,x18,x29	 x18:0x00000000 x29:0x00000001 x12=0x00000000
     153525.000 ns	     15351	800034d0	202702d3	fsgnj.s	f5,f14,f2	 f14:0x80000000  f2:0xdba001d0  f5=0x80000000
     153545.000 ns	     15353	800034d4	4117d733	sra	x14,x15,x17	 x15:0x77c8048e x17:0x00000001 x14=0x3be40247
     153555.000 ns	     15354	800034d8	00861f13	slli	x30,x12,0x8	 x12:0x00000000 x30=0x00000000
     153565.000 ns	     15355	800034dc	009d8133	add	x2,x27,x9	 x27:0x80041024  x9:0x00000001  x2=0x80041025
     153585.000 ns	     15357	800034e0	211f1e53	fsgnjn.s	f28,f30,f17	 f30:0x3f800000 f17:0xb2ef8d44 f28=0x3f800000
     153625.000 ns	     15361	800034e4	184df3d3	fdiv.s	f7,f27,f4	 f27:0x00000000  f4:0xced25f00  f7=0x80000000
     153655.000 ns	     15364	800034e8	20171353	fsgnjn.s	f6,f14,f1	 f14:0x80000000  f1:0xbf800000  f6=0x00000000
     153695.000 ns	     15368	800034ec	196ff6d3	fdiv.s	f13,f31,f22	 f31:0x7fc00000 f22:0x46f0e11c f13=0x7fc00000
     153725.000 ns	     15371	800034f0	03f51b33	mulh	x22,x10,x31	 x10:0x00000001 x31:0x692f8000 x22=0x00000000
     153755.000 ns	     15374	800034f4	e0080653	fmv.x.w	x12,f16	 f16:0x4f000410 x12=0x4f000410
     154125.000 ns	     15411	800034f8	03b4d133	divu	x2,x9,x27	  x9:0x00000001 x27:0x80041024  x2=0x00000000
     154175.000 ns	     15416	800034fc	08cdf853	fsub.s	f16,f27,f12	 f27:0x00000000 f12:0xb2ef8d44 f16=0x32ef8d44
     154195.000 ns	     15418	80003500	01e874b3	and	x9,x16,x30	 x16:0x00000000 x30:0x00000000  x9=0x00000000
     154205.000 ns	     15419	80003504	686fe593	ori	x11,x31,1670	 x31:0x692f8000 x11=0x692f8686
     154215.000 ns	     15420	80003508	00ff63b3	or	x7,x30,x15	 x30:0x00000000 x15:0x77c8048e  x7=0x77c8048e
     154225.000 ns	     15421	8000350c	286c0137	lui	x2,0x286c0	  x2=0x286c0000
     154245.000 ns	     15423	80003510	f0070253	fmv.w.x	f4,x14	 x14:0x3be40247  f4=0x3be40247
     154275.000 ns	     15426	80003514	037125b3	mulhsu	x11,x2,x23	  x2:0x00000000 x23:0x00000001 x11=0x00000000
     154315.000 ns	     15430	80003518	195a73d3	fdiv.s	f7,f20,f21	 f20:0x00000000 f21:0x7fc00000  f7=0x7fc00000
     154345.000 ns	     15433	8000351c	e00f99d3	fclass.s	x19,f31	 f31:0x7fc00000 x19=0x00000200
     154395.000 ns	     15438	80003520	0997c9d3	fsub.s	f19,f15,f25	 f15:0x7fc00000 f25:0x00000000 f19=0x7fc00000
     154425.000 ns	     15441	80003524	f0038ad3	fmv.w.x	f21,x7	  x7:0x77c8048e f21=0x77c8048e
     154455.000 ns	     15444	80003528	200f2c53	fsgnjx.s	f24,f30,f0	 f30:0x3f800000  f0:0x00000000 f24=0x3f800000
     154485.000 ns	     15447	8000352c	f00c8053	fmv.w.x	f0,x25	 x25:0x692f8000  f0=0x692f8000
     154505.000 ns	     15449	80003530	41ab03b3	sub	x7,x22,x26	 x22:0x00000000 x26:0x80040fe4  x7=0x7ffbf01c
     154865.000 ns	     15485	80003534	0316e133	rem	x2,x13,x17	 x13:0x00000000 x17:0x00000001  x2=0x00000000
     154885.000 ns	     15487	80003538	00865913	srli	x18,x12,0x8	 x12:0x4f000410 x18=0x004f0004
     155215.000 ns	     15520	8000353c	1950f0d3	fdiv.s	f1,f1,f21	  f1:0xbf800000 f21:0x77c8048e  f1=0x87000000
     155245.000 ns	     15523	80003540	02994eb3	div	x29,x18,x9	 x18:0x00000000  x9:0x00000000 x29=0xffffffff
     155265.000 ns	     15525	80003544	00959ab3	sll	x21,x11,x9	 x11:0x00000000  x9:0x00000000 x21=0x00000000
     155285.000 ns	     15527	80003548	d0187c53	fcvt.s.wu	f24,x16	 x16:0x00000000 f24=0x00000000
     155305.000 ns	     15529	8000354c	002ff0b3	and	x1,x31,x2	 x31:0x692f8000  x2:0x00000000  x1=0x00000000
     155325.000 ns	     15531	80003550	a0151253	flt.s	x4,f10,f1	 f10:0x46f0e11c  f1:0x87000000  x4=0x00000000
     155345.000 ns	     15533	80003554	415c5413	srai	x8,x24,0x15	 x24:0x00000000  x8=0x00000000
     155365.000 ns	     15535	80003558	214014d3	fsgnjn.s	f9,f0,f20	  f0:0x692f8000 f20:0x00000000  f9=0xe92f8000
     155735.000 ns	     15572	8000355c	0343dbb3	divu	x23,x7,x20	  x7:0x7ffbf01c x20:0x0000003f x23=0x02081000
     155755.000 ns	     15574	80003560	46311b37	lui	x22,0x46311	 x22=0x46311000
     155765.000 ns	     15575	80003564	41745213	srai	x4,x8,0x17	  x8:0x00000000  x4=0x00000000
     155805.000 ns	     15579	80003568	080038d3	fsub.s	f17,f0,f0	  f0:0x692f8000  f0:0x692f8000 f17=0x80000000
     155825.000 ns	     15581	8000356c	00d48233	add	x4,x9,x13	  x9:0x00000000 x13:0x00000000  x4=0x00000000
     155845.000 ns	     15583	80003570	f00202d3	fmv.w.x	f5,x4	  x4:0x00000000  f5=0x00000000
     155865.000 ns	     15585	80003574	ba670613	addi	x12,x14,-1114	 x14:0x3be40247 x12=0x3be3fded
     155885.000 ns	     15587	80003578	c00b7553	fcvt.w.s	x10,f22	 f22:0x46f0e11c x10=0x00007870
     155915.000 ns	     15590	8000357c	02390033	mul	x0,x18,x3	 x18:0x004f0004  x3:0x00080000
     155935.000 ns	     15592	80003580	6d01fb13	andi	x22,x3,1744	  x3:0x00080000 x22=0x00000000
     155945.000 ns	     15593	80003584	4023d393	srai	x7,x7,0x2	  x7:0x7ffbf01c  x7=0x1ffefc07
     155955.000 ns	     15594	80003588	0169c333	xor	x6,x19,x22	 x19:0x00000200 x22:0x46311000  x6=0x00000200
     155975.000 ns	     15596	8000358c	035c8f33	mul	x30,x25,x21	 x25:0x692f8000 x21:0x00000000 x30=0x00000000
     155995.000 ns	     15598	80003590	aa8b0717	auipc	x14,0xaa8b0	 x14=0x2a8b3590
     156025.000 ns	     15601	80003594	191bbed3	fdiv.s	f29,f23,f17	 f23:0x7fc00000 f17:0x80000000 f29=0x7fc00000
     156055.000 ns	     15604	80003598	02be6e33	rem	x28,x28,x11	 x28:0xfffff9f1 x11:0x00000000 x28=0xfffff9f1
     156105.000 ns	     15609	8000359c	001d15d3	fadd.s	f11,f26,f1	 f26:0x432f9787  f1:0x87000000 f11=0x432f9787
     156135.000 ns	     15612	800035a0	c0127753	fcvt.wu.s	x14,f4	  f4:0x3be40247 x14=0x00000000
     156155.000 ns	     15614	800035a4	59de1537	lui	x10,0x59de1	 x10=0x59de1000
     156175.000 ns	     15616	800035a8	292092d3	fmax.s	f5,f1,f18	  f1:0x87000000 f18:0x7fc00000  f5=0x87000000
     156205.000 ns	     15619	800035ac	038c9733	mulh	x14,x25,x24	 x25:0x692f8000 x24:0x00000000 x14=0x00000000
     156235.000 ns	     15622	800035b0	021055b3	divu	x11,x0,x1	  x0:0x00000000  x1:0x00000000 x11=0xffffffff
     156255.000 ns	     15624	800035b4	7b500513	addi	x10,x0,1973	  x0:0x00000000 x10=0x000007b5
     156295.000 ns	     15628	800035b8	01e2cf53	fadd.s	f30,f5,f30	  f5:0x87000000 f30:0x3f800000 f30=0x3f800000
     156665.000 ns	     15665	800035bc	02615033	divu	x0,x2,x6	  x2:0x00000000  x6:0x00000200
     156685.000 ns	     15667	800035c0	00849e33	sll	x28,x9,x8	  x9:0x00000000  x8:0x00000000 x28=0x00000000
     156705.000 ns	     15669	800035c4	d0047bd3	fcvt.s.w	f23,x8	  x8:0x00000000 f23=0x00000000
     156745.000 ns	     15673	800035c8	110873d3	fmul.s	f7,f16,f16	 f16:0x32ef8d44 f16:0x32ef8d44  f7=0x26602913
     156775.000 ns	     15676	800035cc	038399b3	mulh	x19,x7,x24	  x7:0x1ffefc07 x24:0x00000000 x19=0x00000000
     156805.000 ns	     15679	800035d0	0314b233	mulhu	x4,x9,x17	  x9:0x00000000 x17:0x00000001  x4=0x00000000
     156825.000 ns	     15681	800035d4	00000013	addi	x0,x0,0	  x0:0x00000000
     156835.000 ns	     15682	800035d8	e0cb6f13	ori	x30,x22,-500	 x22:0x00000000 x30=0xfffffe0c
     156845.000 ns	     15683	800035dc	004f1533	sll	x10,x30,x4	 x30:0x00000000  x4:0x00000000 x10=0xfffffe0c
     156865.000 ns	     15685	800035e0	033ca0b3	mulhsu	x1,x25,x19	 x25:0x692f8000 x19:0x00000000  x1=0x00000000
     156885.000 ns	     15687	800035e4	01936233	or	x4,x6,x25	  x6:0x00000200 x25:0x692f8000  x4=0x692f8200
     156895.000 ns	     15688	800035e8	a43afc13	andi	x24,x21,-1469	 x21:0x00000000 x24=0x00000000
     156905.000 ns	     15689	800035ec	338c3a13	sltiu	x20,x24,824	 x24:0x00000000 x20=0x00000001
     156925.000 ns	     15691	800035f0	291514d3	fmax.s	f9,f10,f17	 f10:0x46f0e11c f17:0x80000000  f9=0x46f0e11c
     156945.000 ns	     15693	800035f4	41e25713	srai	x14,x4,0x1e	  x4:0x692f8200 x14=0x00000001
     156955.000 ns	     15694	800035f8	4047d133	sra	x2,x15,x4	 x15:0x77c8048e  x4:0x692f8200  x2=0x77c8048e
     156975.000 ns	     15696	800035fc	d0197453	fcvt.s.wu	f8,x18	 x18:0x004f0004  f8=0x4a9e0008
     157005.000 ns	     15699	80003600	21b495d3	fsgnjn.s	f11,f9,f27	  f9:0x46f0e11c f27:0x00000000 f11=0xc6f0e11c
     157025.000 ns	     15701	80003604	01691113	slli	x2,x18,0x16	 x18:0x004f0004  x2=0x01000000
     157035.000 ns	     15702	80003608	ac430837	lui	x16,0xac430	 x16=0xac430000
     157055.000 ns	     15704	8000360c	2002abd3	fsgnjx.s	f23,f5,f0	  f5:0x87000000  f0:0x692f8000 f23=0x87000000
     157085.000 ns	     15707	80003610	d00b8253	fcvt.s.w	f4,x23	 x23:0x02081000  f4=0x4c020400
     157105.000 ns	     15709	80003614	a672fb13	andi	x22,x5,-1433	  x5:0x00000000 x22=0x00000000
     157125.000 ns	     15711	80003618	213c8a53	fsgnj.s	f20,f25,f19	 f25:0x00000000 f19:0x7fc00000 f20=0x00000000
     157145.000 ns	     15713	8000361c	01931c33	sll	x24,x6,x25	  x6:0x00000200 x25:0x692f8000 x24=0x00000200
     157165.000 ns	     15715	80003620	29069553	fmax.s	f10,f13,f16	 f13:0x7fc00000 f16:0x32ef8d44 f10=0x32ef8d44
     157185.000 ns	     15717	80003624	00031e13	slli	x28,x6,0x0	  x6:0x00000200 x28=0x00000200
     157195.000 ns	     15718	80003628	411ade33	sra	x28,x21,x17	 x21:0x00000000 x17:0x00000001 x28=0x00000000
     157215.000 ns	     15720	8000362c	02633033	mulhu	x0,x6,x6	  x6:0x00000200  x6:0x00000200
     157235.000 ns	     15722	80003630	bc594c13	xori	x24,x18,-1083	 x18:0x004f0004 x24=0xffb0fbc1
     157255.000 ns	     15724	80003634	29db8853	fmin.s	f16,f23,f29	 f23:0x87000000 f29:0x7fc00000 f16=0x87000000
     157285.000 ns	     15727	80003638	028cae33	mulhsu	x28,x25,x8	 x25:0x692f8000  x8:0x00000000 x28=0x00000000
     157305.000 ns	     15729	8000363c	00000013	addi	x0,x0,0	  x0:0x00000000
     157325.000 ns	     15731	80003640	e0070b53	fmv.x.w	x22,f14	 f14:0x80000000 x22=0x80000000
     157355.000 ns	     15734	80003644	a0008b53	fle.s	x22,f1,f0	  f1:0x87000000  f0:0x692f8000 x22=0x00000001
     157375.000 ns	     15736	80003648	016532b3	sltu	x5,x10,x22	 x10:0xfffffe0c x22:0x80000000  x5=0x00000000
     157395.000 ns	     15738	8000364c	a0c186d3	fle.s	x13,f3,f12	  f3:0x4ed25f00 f12:0xb2ef8d44 x13=0x00000000
     157735.000 ns	     15772	80003650	18507253	fdiv.s	f4,f0,f5	  f0:0x692f8000  f5:0x87000000  f4=0xff800000
     157765.000 ns	     15775	80003654	e0008e53	fmv.x.w	x28,f1	  f1:0x87000000 x28=0x87000000
     157785.000 ns	     15777	80003658	40485eb3	sra	x29,x16,x4	 x16:0xac430000  x4:0x692f8200 x29=0xac430000
     157795.000 ns	     15778	8000365c	f48aea97	auipc	x21,0xf48ae	 x21=0x748b165c
     157815.000 ns	     15780	80003660	c0007953	fcvt.w.s	x18,f0	  f0:0x692f8000 x18=0x7fffffff
     157835.000 ns	     15782	80003664	00169eb3	sll	x29,x13,x1	 x13:0x00000000  x1:0x00000000 x29=0x00000000
     157845.000 ns	     15783	80003668	413089b3	sub	x19,x1,x19	  x1:0x00000000 x19:0x00000000 x19=0x00000000
     158205.000 ns	     15819	8000366c	036be633	rem	x12,x23,x22	 x23:0x02081000 x22:0x00000001 x12=0x00000000
     158235.000 ns	     15822	80003670	e00e9a53	fclass.s	x20,f29	 f29:0x7fc00000 x20=0x00000200
     158265.000 ns	     15825	80003674	21ea8553	fsgnj.s	f10,f21,f30	 f21:0x77c8048e f30:0x3f800000 f10=0x77c8048e
     158285.000 ns	     15827	80003678	00c7c933	xor	x18,x15,x12	 x15:0x77c8048e x12:0x00000000 x18=0x77c8048e
     158305.000 ns	     15829	8000367c	28b49f53	fmax.s	f30,f9,f11	  f9:0x46f0e11c f11:0xc6f0e11c f30=0x46f0e11c
     158325.000 ns	     15831	80003680	98be6313	ori	x6,x28,-1653	 x28:0x87000000  x6=0xfffff98b
     158335.000 ns	     15832	80003684	48aa4413	xori	x8,x20,1162	 x20:0x00000200  x8=0x0000068a
     158345.000 ns	     15833	80003688	41e8d293	srai	x5,x17,0x1e	 x17:0x00000001  x5=0x00000000
     158355.000 ns	     15834	8000368c	004def13	ori	x30,x27,4	 x27:0x80041024 x30=0x80041024
     158375.000 ns	     15836	80003690	a19eac53	feq.s	x24,f29,f25	 f29:0x7fc00000 f25:0x00000000 x24=0x00000000
     158405.000 ns	     15839	80003694	027c2833	mulhsu	x16,x24,x7	 x24:0xffb0fbc1  x7:0x1ffefc07 x16=0x00000000
     158425.000 ns	     15841	80003698	dbd9bb13	sltiu	x22,x19,-579	 x19:0x00000000 x22=0x00000001
     158435.000 ns	     15842	8000369c	411fd193	srai	x3,x31,0x11	 x31:0x692f8000  x3=0x00003497
     158445.000 ns	     15843	800036a0	44257913	andi	x18,x10,1090	 x10:0xfffffe0c x18=0x00000400
     158455.000 ns	     15844	800036a4	4f437f93	andi	x31,x6,1268	  x6:0xfffff98b x31=0x00000080
     158465.000 ns	     15845	800036a8	01698cb3	add	x25,x19,x22	 x19:0x00000000 x22:0x00000001 x25=0x00000001
     158495.000 ns	     15848	800036ac	10873bd3	fmul.s	f23,f14,f8	 f14:0x80000000  f8:0x4a9e0008 f23=0x80000000
     158515.000 ns	     15850	800036b0	41808733	sub	x14,x1,x24	  x1:0x00000000 x24:0x00000000 x14=0x00000000
     158525.000 ns	     15851	800036b4	4101d413	srai	x8,x3,0x10	  x3:0x00003497  x8=0x00000000
     158545.000 ns	     15853	800036b8	284a0853	fmin.s	f16,f20,f4	 f20:0x00000000  f4:0xff800000 f16=0xff800000
     158575.000 ns	     15856	800036bc	a152aad3	feq.s	x21,f5,f21	  f5:0x87000000 f21:0x77c8048e x21=0x00000000
     158625.000 ns	     15861	800036c0	0007a653	fadd.s	f12,f15,f0	 f15:0x7fc00000  f0:0x692f8000 f12=0x7fc00000
     158655.000 ns	     15864	800036c4	a0729953	flt.s	x18,f5,f7	  f5:0x87000000  f7:0x26602913 x18=0x00000001
     158705.000 ns	     15869	800036c8	08c4f653	fsub.s	f12,f9,f12	  f9:0x46f0e11c f12:0x7fc00000 f12=0x7fc00000
     158725.000 ns	     15871	800036cc	afe28b13	addi	x22,x5,-1282	  x5:0x00000000 x22=0xfffffafe
     158745.000 ns	     15873	800036d0	211c0753	fsgnj.s	f14,f24,f17	 f24:0x00000000 f17:0x80000000 f14=0x80000000
     159115.000 ns	     15910	800036d4	02f0c4b3	div	x9,x1,x15	  x1:0x00000000 x15:0x77c8048e  x9=0x00000000
     159135.000 ns	     15912	800036d8	00f05613	srli	x12,x0,0xf	  x0:0x00000000 x12=0x00000000
     159145.000 ns	     15913	800036dc	fe627593	andi	x11,x4,-26	  x4:0x692f8200 x11=0x692f8200
     159155.000 ns	     15914	800036e0	598af113	andi	x2,x21,1432	 x21:0x00000000  x2=0x00000000
     160325.000 ns	     16031	800036e4	580f2ad3	fsqrt.s	f21,f30	 f30:0x46f0e11c f21=0x432f9787
     160355.000 ns	     16034	800036e8	d0143bd3	fcvt.s.wu	f23,x8	  x8:0x00000000 f23=0x00000000
     160375.000 ns	     16036	800036ec	1b21ff93	andi	x31,x3,434	  x3:0x00003497 x31=0x00000092
     160415.000 ns	     16040	800036f0	09bf2653	fsub.s	f12,f30,f27	 f30:0x46f0e11c f27:0x00000000 f12=0x46f0e11c
     160435.000 ns	     16042	800036f4	0078bf33	sltu	x30,x17,x7	 x17:0x00000001  x7:0x1ffefc07 x30=0x00000001
     160445.000 ns	     16043	800036f8	403cbfb7	lui	x31,0x403cb	 x31=0x403cb000
     161615.000 ns	     16160	800036fc	580af0d3	fsqrt.s	f1,f21	 f21:0x432f9787  f1=0x40f852bc
     161635.000 ns	     16162	80003700	017e9cb3	sll	x25,x29,x23	 x29:0x00000000 x23:0x02081000 x25=0x00000000
     161655.000 ns	     16164	80003704	02cfd333	divu	x6,x31,x12	 x31:0x403cb000 x12:0x00000000  x6=0xffffffff
     161675.000 ns	     16166	80003708	00c00cb3	add	x25,x0,x12	  x0:0x00000000 x12:0x00000000 x25=0x00000000
     162035.000 ns	     16202	8000370c	0264e733	rem	x14,x9,x6	  x9:0x00000000  x6:0xffffffff x14=0x00000000
     162055.000 ns	     16204	80003710	419b8e33	sub	x28,x23,x25	 x23:0x02081000 x25:0x00000000 x28=0x02081000
     162065.000 ns	     16205	80003714	005142b3	xor	x5,x2,x5	  x2:0x00000000  x5:0x00000000  x5=0x00000000
     162095.000 ns	     16208	80003718	190df653	fdiv.s	f12,f27,f16	 f27:0x00000000 f16:0xff800000 f12=0x80000000
     162115.000 ns	     16210	8000371c	000c6633	or	x12,x24,x0	 x24:0x00000000  x0:0x00000000 x12=0x00000000
     162135.000 ns	     16212	80003720	a1a3a453	feq.s	x8,f7,f26	  f7:0x26602913 f26:0x432f9787  x8=0x00000000
     162175.000 ns	     16216	80003724	580272d3	fsqrt.s	f5,f4	  f4:0xff800000  f5=0x7fc00000
     162205.000 ns	     16219	80003728	d010fe53	fcvt.s.wu	f28,x1	  x1:0x00000000 f28=0x00000000
     162225.000 ns	     16221	8000372c	00fda2b3	slt	x5,x27,x15	 x27:0x80041024 x15:0x77c8048e  x5=0x00000001
     162235.000 ns	     16222	80003730	2bb22113	slti	x2,x4,699	  x4:0x692f8200  x2=0x00000000
     162245.000 ns	     16223	80003734	00f6c4b3	xor	x9,x13,x15	 x13:0x00000000 x15:0x77c8048e  x9=0x77c8048e
     162255.000 ns	     16224	80003738	003ab333	sltu	x6,x21,x3	 x21:0x00000000  x3:0x00003497  x6=0x00000001
     162285.000 ns	     16227	8000373c	58023fd3	fsqrt.s	f31,f4	  f4:0xff800000 f31=0x7fc00000
     162315.000 ns	     16230	80003740	28e912d3	fmax.s	f5,f18,f14	 f18:0x7fc00000 f14:0x80000000  f5=0x80000000
     162345.000 ns	     16233	80003744	204e18d3	fsgnjn.s	f17,f28,f4	 f28:0x00000000  f4:0xff800000 f17=0x00000000
     162395.000 ns	     16238	80003748	00b57553	fadd.s	f10,f10,f11	 f10:0x77c8048e f11:0xc6f0e11c f10=0x77c8048e
     162415.000 ns	     16240	8000374c	01024933	xor	x18,x4,x16	  x4:0x692f8200 x16:0x00000000 x18=0x692f8200
     162425.000 ns	     16241	80003750	9fca2813	slti	x16,x20,-1540	 x20:0x00000200 x16=0x00000000
     162445.000 ns	     16243	80003754	0207b1b3	mulhu	x3,x15,x0	 x15:0x77c8048e  x0:0x00000000  x3=0x00000000
     162465.000 ns	     16245	80003758	013b93b3	sll	x7,x23,x19	 x23:0x02081000 x19:0x00000000  x7=0x02081000
     162485.000 ns	     16247	8000375c	0348b233	mulhu	x4,x17,x20	 x17:0x00000001 x20:0x00000200  x4=0x00000000
     162505.000 ns	     16249	80003760	1bc20213	addi	x4,x4,444	  x4:0x692f8200  x4=0x000001bc
     162865.000 ns	     16285	80003764	02a7e9b3	rem	x19,x15,x10	 x15:0x77c8048e x10:0xfffffe0c x19=0x00000046
     162885.000 ns	     16287	80003768	f348ec97	auipc	x25,0xf348e	 x25=0x73491768
     162925.000 ns	     16291	8000376c	00bb7cd3	fadd.s	f25,f22,f11	 f22:0x46f0e11c f11:0xc6f0e11c f25=0x80000000
     162955.000 ns	     16294	80003770	e00e8053	fmv.x.w	x0,f29	 f29:0x7fc00000
     162975.000 ns	     16296	80003774	37001517	auipc	x10,0x37001	 x10=0xb7004774
     163015.000 ns	     16300	80003778	0009bfd3	fadd.s	f31,f19,f0	 f19:0x7fc00000  f0:0x692f8000 f31=0x7fc00000
     163035.000 ns	     16302	8000377c	014ff2b3	and	x5,x31,x20	 x31:0x403cb000 x20:0x00000200  x5=0x00000000
     163055.000 ns	     16304	80003780	0231ccb3	div	x25,x3,x3	  x3:0x00000000  x3:0x00000000 x25=0xffffffff
     163075.000 ns	     16306	80003784	01959a93	slli	x21,x11,0x19	 x11:0x692f8200 x21=0x00000000
     163095.000 ns	     16308	80003788	21540353	fsgnj.s	f6,f8,f21	  f8:0x4a9e0008 f21:0x432f9787  f6=0x4a9e0008
     163125.000 ns	     16311	8000378c	a1e1a4d3	feq.s	x9,f3,f30	  f3:0x4ed25f00 f30:0x46f0e11c  x9=0x00000000
     163155.000 ns	     16314	80003790	f00d8253	fmv.w.x	f4,x27	 x27:0x80041024  f4=0x80041024
     163185.000 ns	     16317	80003794	03008cb3	mul	x25,x1,x16	  x1:0x00000000 x16:0x00000000 x25=0x00000000
     163215.000 ns	     16320	80003798	e00392d3	fclass.s	x5,f7	  f7:0x26602913  x5=0x00000040
     163245.000 ns	     16323	8000379c	21d5aa53	fsgnjx.s	f20,f11,f29	 f11:0xc6f0e11c f29:0x7fc00000 f20=0xc6f0e11c
     163275.000 ns	     16326	800037a0	21562753	fsgnjx.s	f14,f12,f21	 f12:0x80000000 f21:0x432f9787 f14=0x80000000
     163305.000 ns	     16329	800037a4	033d2c33	mulhsu	x24,x26,x19	 x26:0x80040fe4 x19:0x00000046 x24=0xffffffdd
     163335.000 ns	     16332	800037a8	a14b0bd3	fle.s	x23,f22,f20	 f22:0x46f0e11c f20:0xc6f0e11c x23=0x00000000
     163705.000 ns	     16369	800037ac	036672b3	remu	x5,x12,x22	 x12:0x00000000 x22:0xfffffafe  x5=0x00000000
     163725.000 ns	     16371	800037b0	01c32193	slti	x3,x6,28	  x6:0x00000001  x3=0x00000001
     163735.000 ns	     16372	800037b4	eba5fa93	andi	x21,x11,-326	 x11:0x692f8200 x21=0x692f8200
     163745.000 ns	     16373	800037b8	015e2cb3	slt	x25,x28,x21	 x28:0x02081000 x21:0x00000000 x25=0x00000001
     163775.000 ns	     16376	800037bc	58027553	fsqrt.s	f10,f4	  f4:0x80041024 f10=0x7fc00000
     163805.000 ns	     16379	800037c0	20ba95d3	fsgnjn.s	f11,f21,f11	 f21:0x432f9787 f11:0xc6f0e11c f11=0x432f9787
     163825.000 ns	     16381	800037c4	009c7433	and	x8,x24,x9	 x24:0xffffffdd  x9:0x00000000  x8=0x00000000
     163855.000 ns	     16384	800037c8	18a27ed3	fdiv.s	f29,f4,f10	  f4:0x80041024 f10:0x7fc00000 f29=0x7fc00000
     163885.000 ns	     16387	800037cc	02924933	div	x18,x4,x9	  x4:0x000001bc  x9:0x00000000 x18=0xffffffff
     163915.000 ns	     16390	800037d0	03794833	div	x16,x18,x23	 x18:0x692f8200 x23:0x00000000 x16=0xffffffff
     163935.000 ns	     16392	800037d4	00840833	add	x16,x8,x8	  x8:0x00000000  x8:0x00000000 x16=0x00000000
     164295.000 ns	     16428	800037d8	0323f9b3	remu	x19,x7,x18	  x7:0x02081000 x18:0xffffffff x19=0x02081000
     164345.000 ns	     16433	800037dc	09c0b4d3	fsub.s	f9,f1,f28	  f1:0x40f852bc f28:0x00000000  f9=0x40f852bc
     164365.000 ns	     16435	800037e0	41198433	sub	x8,x19,x17	 x19:0x02081000 x17:0x00000001  x8=0x02080fff
     164375.000 ns	     16436	800037e4	419382b3	sub	x5,x7,x25	  x7:0x02081000 x25:0x00000001  x5=0x02080fff
     164735.000 ns	     16472	800037e8	03e94533	div	x10,x18,x30	 x18:0xffffffff x30:0x00000001 x10=0xffffffff
     164765.000 ns	     16475	800037ec	038a20b3	mulhsu	x1,x20,x24	 x20:0x00000200 x24:0xffffffdd  x1=0x000001ff
     164785.000 ns	     16477	800037f0	00bc73b3	and	x7,x24,x11	 x24:0xffffffdd x11:0x692f8200  x7=0x692f8200
     164795.000 ns	     16478	800037f4	00f35e33	srl	x28,x6,x15	  x6:0x00000001 x15:0x77c8048e x28=0x00000000
     164805.000 ns	     16479	800037f8	21cc6093	ori	x1,x24,540	 x24:0xffffffdd  x1=0xffffffdd
     164825.000 ns	     16481	800037fc	02f50ab3	mul	x21,x10,x15	 x10:0xffffffff x15:0x77c8048e x21=0x8837fb72
     164845.000 ns	     16483	80003800	4135d2b3	sra	x5,x11,x19	 x11:0x692f8200 x19:0x02081000  x5=0x692f8200
     164855.000 ns	     16484	80003804	00000013	addi	x0,x0,0	  x0:0x00000000
     164865.000 ns	     16485	80003808	00e0bab3	sltu	x21,x1,x14	  x1:0xffffffdd x14:0x00000000 x21=0x00000000
     164885.000 ns	     16487	8000380c	f00a06d3	fmv.w.x	f13,x20	 x20:0x00000200 f13=0x00000200
     164915.000 ns	     16490	80003810	a0dc0153	fle.s	x2,f24,f13	 f24:0x00000000 f13:0x7fc00000  x2=0x00000001
     164955.000 ns	     16494	80003814	19e99153	fdiv.s	f2,f19,f30	 f19:0x7fc00000 f30:0x46f0e11c  f2=0x7fc00000
     164985.000 ns	     16497	80003818	c001f253	fcvt.w.s	x4,f3	  f3:0x4ed25f00  x4=0x692f8000
     165005.000 ns	     16499	8000381c	969c3117	auipc	x2,0x969c3	  x2=0x169c681c
     165015.000 ns	     16500	80003820	01d92433	slt	x8,x18,x29	 x18:0xffffffff x29:0x00000000  x8=0x00000001
     165025.000 ns	     16501	80003824	40485eb3	sra	x29,x16,x4	 x16:0x00000000  x4:0x692f8000 x29=0x00000000
     165045.000 ns	     16503	80003828	d01b7e53	fcvt.s.wu	f28,x22	 x22:0xfffffafe f28=0x4f7ffffa
     165065.000 ns	     16505	8000382c	40bb0533	sub	x10,x22,x11	 x22:0xfffffafe x11:0x692f8200 x10=0x96d078fe
     165085.000 ns	     16507	80003830	03ab19b3	mulh	x19,x22,x26	 x22:0xfffffafe x26:0x80040fe4 x19=0x00000280
     165105.000 ns	     16509	80003834	40d70f33	sub	x30,x14,x13	 x14:0x00000000 x13:0x00000000 x30=0x00000000
     165125.000 ns	     16511	80003838	026914b3	mulh	x9,x18,x6	 x18:0xffffffff  x6:0x00000001  x9=0xffffffff
     165155.000 ns	     16514	8000383c	a057a753	feq.s	x14,f15,f5	 f15:0x7fc00000  f5:0x80000000 x14=0x00000000
     165185.000 ns	     16517	80003840	03c34fb3	div	x31,x6,x28	  x6:0x00000001 x28:0x00000000 x31=0xffffffff
     165205.000 ns	     16519	80003844	008a5c13	srli	x24,x20,0x8	 x20:0x00000200 x24=0x00000002
     165215.000 ns	     16520	80003848	1d896993	ori	x19,x18,472	 x18:0xffffffff x19=0xffffffff
     165255.000 ns	     16524	8000384c	0996a653	fsub.s	f12,f13,f25	 f13:0x00000200 f25:0x80000000 f12=0x00000200
     165275.000 ns	     16526	80003850	16356713	ori	x14,x10,355	 x10:0x96d078fe x14=0x96d079ff
     165635.000 ns	     16562	80003854	02b8d4b3	divu	x9,x17,x11	 x17:0x00000001 x11:0x692f8200  x9=0x00000000
     165665.000 ns	     16565	80003858	f00c0d53	fmv.w.x	f26,x24	 x24:0x00000002 f26=0x00000002
     165705.000 ns	     16569	8000385c	11bc7ed3	fmul.s	f29,f24,f27	 f24:0x00000000 f27:0x00000000 f29=0x00000000
     165725.000 ns	     16571	80003860	8259c193	xori	x3,x19,-2011	 x19:0xffffffff  x3=0x000007da
     165735.000 ns	     16572	80003864	8338f993	andi	x19,x17,-1997	 x17:0x00000001 x19=0x00000001
     165745.000 ns	     16573	80003868	d63eb813	sltiu	x16,x29,-669	 x29:0x00000000 x16=0x00000001
     166075.000 ns	     16606	8000386c	18407253	fdiv.s	f4,f0,f4	  f0:0x692f8000  f4:0x80041024  f4=0xff800000
     166095.000 ns	     16608	80003870	0152a433	slt	x8,x5,x21	  x5:0x692f8200 x21:0x00000000  x8=0x00000000
     166105.000 ns	     16609	80003874	41685c33	sra	x24,x16,x22	 x16:0x00000001 x22:0xfffffafe x24=0x00000000
     166115.000 ns	     16610	80003878	cbfe4a17	auipc	x20,0xcbfe4	 x20=0x4bfe7878
     166125.000 ns	     16611	8000387c	01da76b3	and	x13,x20,x29	 x20:0x00000200 x29:0x00000000 x13=0x00000000
     166135.000 ns	     16612	80003880	00fa9093	slli	x1,x21,0xf	 x21:0x00000000  x1=0x00000000
     166155.000 ns	     16614	80003884	d00a0bd3	fcvt.s.w	f23,x20	 x20:0x4bfe7878 f23=0x4e97fcf0
     166185.000 ns	     16617	80003888	c0117953	fcvt.wu.s	x18,f2	  f2:0x7fc00000 x18=0xffffffff
     166205.000 ns	     16619	8000388c	119df493	andi	x9,x27,281	 x27:0x80041024  x9=0x00000000
     166225.000 ns	     16621	80003890	c00984d3	fcvt.w.s	x9,f19	 f19:0x7fc00000  x9=0x7fffffff
     166265.000 ns	     16625	80003894	19412953	fdiv.s	f18,f2,f20	  f2:0x7fc00000 f20:0xc6f0e11c f18=0x7fc00000
     166285.000 ns	     16627	80003898	b231b713	sltiu	x14,x3,-1245	  x3:0x000007da x14=0x00000001
     166295.000 ns	     16628	8000389c	b241fa17	auipc	x20,0xb241f	 x20=0x3242289c
     166315.000 ns	     16630	800038a0	29251353	fmax.s	f6,f10,f18	 f10:0x7fc00000 f18:0x7fc00000  f6=0x7fc00000
     166345.000 ns	     16633	800038a4	a00c9fd3	flt.s	x31,f25,f0	 f25:0x80000000  f0:0x692f8000 x31=0x00000001
     166375.000 ns	     16636	800038a8	20539353	fsgnjn.s	f6,f7,f5	  f7:0x26602913  f5:0x80000000  f6=0x26602913
     166405.000 ns	     16639	800038ac	21999fd3	fsgnjn.s	f31,f19,f25	 f19:0x7fc00000 f25:0x80000000 f31=0x7fc00000
     166455.000 ns	     16644	800038b0	093b73d3	fsub.s	f7,f22,f19	 f22:0x46f0e11c f19:0x7fc00000  f7=0x7fc00000
     166485.000 ns	     16647	800038b4	c0027953	fcvt.w.s	x18,f4	  f4:0xff800000 x18=0x80000000
     166505.000 ns	     16649	800038b8	0113d0b3	srl	x1,x7,x17	  x7:0x692f8200 x17:0x00000001  x1=0x3497c100
     166515.000 ns	     16650	800038bc	9184e413	ori	x8,x9,-1768	  x9:0x7fffffff  x8=0xffffffff
     166545.000 ns	     16653	800038c0	18c82fd3	fdiv.s	f31,f16,f12	 f16:0xff800000 f12:0x00000200 f31=0xff800000
     166575.000 ns	     16656	800038c4	d00179d3	fcvt.s.w	f19,x2	  x2:0x169c681c f19=0x4db4e340
     166595.000 ns	     16658	800038c8	77f77313	andi	x6,x14,1919	 x14:0x00000001  x6=0x00000001
     166615.000 ns	     16660	800038cc	a11204d3	fle.s	x9,f4,f17	  f4:0xff800000 f17:0x00000000  x9=0x00000001
     166645.000 ns	     16663	800038d0	a0019553	flt.s	x10,f3,f0	  f3:0x4ed25f00  f0:0x692f8000 x10=0x00000001
     166665.000 ns	     16665	800038d4	01954133	xor	x2,x10,x25	 x10:0x96d078fe x25:0x00000001  x2=0x00000000
     166685.000 ns	     16667	800038d8	03cc43b3	div	x7,x24,x28	 x24:0x00000000 x28:0x00000000  x7=0xffffffff
     166715.000 ns	     16670	800038dc	03609533	mulh	x10,x1,x22	  x1:0x3497c100 x22:0xfffffafe x10=0xfffffef8
     166735.000 ns	     16672	800038e0	0146d633	srl	x12,x13,x20	 x13:0x00000000 x20:0x3242289c x12=0x00000000
     166745.000 ns	     16673	800038e4	01c812b3	sll	x5,x16,x28	 x16:0x00000001 x28:0x00000000  x5=0x00000001
     166755.000 ns	     16674	800038e8	016bb0b3	sltu	x1,x23,x22	 x23:0x00000000 x22:0xfffffafe  x1=0x00000001
     166765.000 ns	     16675	800038ec	42107e93	andi	x29,x0,1057	  x0:0x00000000 x29=0x00000000
     166785.000 ns	     16677	800038f0	d0154bd3	fcvt.s.wu	f23,x10	 x10:0xfffffef8 f23=0x4f7fffff
     166805.000 ns	     16679	800038f4	ec4f7013	andi	x0,x30,-316	 x30:0x00000000
     166815.000 ns	     16680	800038f8	401bd4b3	sra	x9,x23,x1	 x23:0x00000000  x1:0x00000001  x9=0x00000000
     166825.000 ns	     16681	800038fc	00000013	addi	x0,x0,0	  x0:0x00000000
     166845.000 ns	     16683	80003900	e00311d3	fclass.s	x3,f6	  f6:0x26602913  x3=0x00000040
     166875.000 ns	     16686	80003904	037f8eb3	mul	x29,x31,x23	 x31:0x00000001 x23:0x00000000 x29=0x00000000
     166905.000 ns	     16689	80003908	c01e7e53	fcvt.wu.s	x28,f28	 f28:0x4f7ffffa x28=0xfffffa00
     166925.000 ns	     16691	8000390c	6da1eb93	ori	x23,x3,1754	  x3:0x00000040 x23=0x000006da
     166945.000 ns	     16693	80003910	c00ffbd3	fcvt.w.s	x23,f31	 f31:0xff800000 x23=0x80000000
     166965.000 ns	     16695	80003914	01b2a833	slt	x16,x5,x27	  x5:0x00000001 x27:0x80041024 x16=0x00000000
     166975.000 ns	     16696	80003918	406105b3	sub	x11,x2,x6	  x2:0x00000000  x6:0x00000001 x11=0xffffffff
     166995.000 ns	     16698	8000391c	023e1533	mulh	x10,x28,x3	 x28:0xfffffa00  x3:0x00000040 x10=0xffffffff
     167025.000 ns	     16701	80003920	02ca8c33	mul	x24,x21,x12	 x21:0x00000000 x12:0x00000000 x24=0x00000000
     167045.000 ns	     16703	80003924	f8ec6693	ori	x13,x24,-114	 x24:0x00000000 x13=0xffffff8e
     167065.000 ns	     16705	80003928	20842a53	fsgnjx.s	f20,f8,f8	  f8:0x4a9e0008  f8:0x4a9e0008 f20=0x4a9e0008
     167095.000 ns	     16708	8000392c	a06794d3	flt.s	x9,f15,f6	 f15:0x7fc00000  f6:0x26602913  x9=0x00000000
     167465.000 ns	     16745	80003930	0239c933	div	x18,x19,x3	 x19:0x00000001  x3:0x00000040 x18=0x00000000
     167495.000 ns	     16748	80003934	03e138b3	mulhu	x17,x2,x30	  x2:0x00000000 x30:0x00000000 x17=0x00000000
     167525.000 ns	     16751	80003938	c00bc6d3	fcvt.w.s	x13,f23	 f23:0x4f7fffff x13=0x7fffffff
     167545.000 ns	     16753	8000393c	00749713	slli	x14,x9,0x7	  x9:0x00000000 x14=0x00000000
     167565.000 ns	     16755	80003940	e0058353	fmv.x.w	x6,f11	 f11:0x432f9787  x6=0x432f9787
     167585.000 ns	     16757	80003944	00000013	addi	x0,x0,0	  x0:0x00000000
     167595.000 ns	     16758	80003948	bba3fc13	andi	x24,x7,-1094	  x7:0xffffffff x24=0xfffffbba
     167615.000 ns	     16760	8000394c	f00f0a53	fmv.w.x	f20,x30	 x30:0x00000000 f20=0x00000000
     167645.000 ns	     16763	80003950	c01540d3	fcvt.wu.s	x1,f10	 f10:0x7fc00000  x1=0xffffffff
     168015.000 ns	     16800	80003954	0237d733	divu	x14,x15,x3	 x15:0x77c8048e  x3:0x00000040 x14=0x01df2012
     168045.000 ns	     16803	80003958	c01272d3	fcvt.wu.s	x5,f4	  f4:0xff800000  x5=0x00000000
     168075.000 ns	     16806	8000395c	020a1a33	mulh	x20,x20,x0	 x20:0x3242289c  x0:0x00000000 x20=0x00000000
     168095.000 ns	     16808	80003960	46baf913	andi	x18,x21,1131	 x21:0x00000000 x18=0x00000000
     168105.000 ns	     16809	80003964	409c04b3	sub	x9,x24,x9	 x24:0xfffffbba  x9:0x00000000  x9=0xfffffbba
     168115.000 ns	     16810	80003968	01631533	sll	x10,x6,x22	  x6:0x432f9787 x22:0xfffffafe x10=0xc0000000
     168445.000 ns	     16843	8000396c	18cf4dd3	fdiv.s	f27,f30,f12	 f30:0x46f0e11c f12:0x00000200 f27=0x7f800000
     168465.000 ns	     16845	80003970	01ab06b3	add	x13,x22,x26	 x22:0xfffffafe x26:0x80040fe4 x13=0x80040ae2
     168485.000 ns	     16847	80003974	c00e2fd3	fcvt.w.s	x31,f28	 f28:0x4f7ffffa x31=0x7fffffff
     168515.000 ns	     16850	80003978	02b92433	mulhsu	x8,x18,x11	 x18:0x00000000 x11:0xffffffff  x8=0x00000000
     168535.000 ns	     16852	8000397c	4a57f013	andi	x0,x15,1189	 x15:0x77c8048e
     168545.000 ns	     16853	80003980	00bc52b3	srl	x5,x24,x11	 x24:0xfffffbba x11:0xffffffff  x5=0x00000001
     168555.000 ns	     16854	80003984	00b41833	sll	x16,x8,x11	  x8:0x00000000 x11:0xffffffff x16=0x00000000
     168565.000 ns	     16855	80003988	012e5a93	srli	x21,x28,0x12	 x28:0xfffffa00 x21=0x00003fff
     168605.000 ns	     16859	8000398c	00c9fcd3	fadd.s	f25,f19,f12	 f19:0x4db4e340 f12:0x00000200 f25=0x4db4e340
     168635.000 ns	     16862	80003990	284e9c53	fmax.s	f24,f29,f4	 f29:0x00000000  f4:0xff800000 f24=0x00000000
     168665.000 ns	     16865	80003994	a0eb0ad3	fle.s	x21,f22,f14	 f22:0x46f0e11c f14:0x80000000 x21=0x00000000
     168685.000 ns	     16867	80003998	00478533	add	x10,x15,x4	 x15:0x77c8048e  x4:0x692f8000 x10=0xe0f7848e
     168715.000 ns	     16870	8000399c	580ef653	fsqrt.s	f12,f29	 f29:0x00000000 f12=0x00000000
     168745.000 ns	     16873	800039a0	036139b3	mulhu	x19,x2,x22	  x2:0x00000000 x22:0xfffffafe x19=0x00000000
     168775.000 ns	     16876	800039a4	20352ed3	fsgnjx.s	f29,f10,f3	 f10:0x7fc00000  f3:0x4ed25f00 f29=0x7fc00000
     169145.000 ns	     16913	800039a8	03fbeeb3	rem	x29,x23,x31	 x23:0x80000000 x31:0x7fffffff x29=0xffffffff
     169185.000 ns	     16917	800039ac	58067353	fsqrt.s	f6,f12	 f12:0x00000000  f6=0x00000000
     169205.000 ns	     16919	800039b0	00000013	addi	x0,x0,0	  x0:0x00000000
     169215.000 ns	     16920	800039b4	018d62b3	or	x5,x26,x24	 x26:0x80040fe4 x24:0xfffffbba  x5=0xfffffffe
     169225.000 ns	     16921	800039b8	409a8033	sub	x0,x21,x9	 x21:0x00000000  x9:0xfffffbba
     169245.000 ns	     16923	800039bc	0312ba33	mulhu	x20,x5,x17	  x5:0x00000001 x17:0x00000000 x20=0x00000000
     169265.000 ns	     16925	800039c0	012f5f13	srli	x30,x30,0x12	 x30:0x00000000 x30=0x00000000
     169275.000 ns	     16926	800039c4	5fdca013	slti	x0,x25,1533	 x25:0x00000001
     169285.000 ns	     16927	800039c8	89fba613	slti	x12,x23,-1889	 x23:0x80000000 x12=0x00000001
     169305.000 ns	     16929	800039cc	208e8bd3	fsgnj.s	f23,f29,f8	 f29:0x7fc00000  f8:0x4a9e0008 f23=0x7fc00000
     169325.000 ns	     16931	800039d0	00a7e2b3	or	x5,x15,x10	 x15:0x77c8048e x10:0xe0f7848e  x5=0xf7ff848e
     169345.000 ns	     16933	800039d4	e00d99d3	fclass.s	x19,f27	 f27:0x7f800000 x19=0x00000080
     169365.000 ns	     16935	800039d8	01a62633	slt	x12,x12,x26	 x12:0x00000001 x26:0x80040fe4 x12=0x00000000
     169385.000 ns	     16937	800039dc	29f693d3	fmax.s	f7,f13,f31	 f13:0x00000200 f31:0xff800000  f7=0x00000200
     169415.000 ns	     16940	800039e0	02c2a033	mulhsu	x0,x5,x12	  x5:0xf7ff848e x12:0x00000001
     169435.000 ns	     16942	800039e4	01105593	srli	x11,x0,0x11	  x0:0x00000000 x11=0x00000000
     169445.000 ns	     16943	800039e8	c0f97013	andi	x0,x18,-1009	 x18:0x00000000
     169465.000 ns	     16945	800039ec	f0058753	fmv.w.x	f14,x11	 x11:0xffffffff f14=0x00000000
     169485.000 ns	     16947	800039f0	d0a0bc93	sltiu	x25,x1,-758	  x1:0xffffffff x25=0x00000000
     169495.000 ns	     16948	800039f4	f095a893	slti	x17,x11,-247	 x11:0x00000000 x17=0x00000000
     169515.000 ns	     16950	800039f8	025c04b3	mul	x9,x24,x5	 x24:0xfffffbba  x5:0xf7ff848e  x9=0x320f892c
     169545.000 ns	     16953	800039fc	037732b3	mulhu	x5,x14,x23	 x14:0x01df2012 x23:0x80000000  x5=0x00ef9009
     169575.000 ns	     16956	80003a00	20b82ed3	fsgnjx.s	f29,f16,f11	 f16:0xff800000 f11:0x432f9787 f29=0xff800000
     169605.000 ns	     16959	80003a04	d001b853	fcvt.s.w	f16,x3	  x3:0x00000040 f16=0x42800000
     169625.000 ns	     16961	80003a08	41c289b3	sub	x19,x5,x28	  x5:0x00ef9009 x28:0xfffffa00 x19=0x00ef9609
     169635.000 ns	     16962	80003a0c	00083c33	sltu	x24,x16,x0	 x16:0x00000000  x0:0x00000000 x24=0x00000000
     169655.000 ns	     16964	80003a10	03d2ba33	mulhu	x20,x5,x29	  x5:0x00ef9009 x29:0xffffffff x20=0x00ef9008
     169675.000 ns	     16966	80003a14	00675e93	srli	x29,x14,0x6	 x14:0x01df2012 x29=0x00077c80
     169685.000 ns	     16967	80003a18	1bd53b13	sltiu	x22,x10,445	 x10:0xe0f7848e x22=0x00000000
     169705.000 ns	     16969	80003a1c	c00841d3	fcvt.w.s	x3,f16	 f16:0x42800000  x3=0x00000040
     169745.000 ns	     16973	80003a20	184dfe53	fdiv.s	f28,f27,f4	 f27:0x7f800000  f4:0xff800000 f28=0x7fc00000
     169765.000 ns	     16975	80003a24	7906a197	auipc	x3,0x7906a	  x3=0xf906da24
     169785.000 ns	     16977	80003a28	21259653	fsgnjn.s	f12,f11,f18	 f11:0x432f9787 f18:0x7fc00000 f12=0xc32f9787
     169805.000 ns	     16979	80003a2c	32e7a037	lui	x0,0x32e7a	
     169825.000 ns	     16981	80003a30	a14b8f53	fle.s	x30,f23,f20	 f23:0x7fc00000 f20:0x00000000 x30=0x00000000
     169845.000 ns	     16983	80003a34	9862ef93	ori	x31,x5,-1658	  x5:0x00ef9009 x31=0xfffff98f
     169865.000 ns	     16985	80003a38	e0070f53	fmv.x.w	x30,f14	 f14:0x00000000 x30=0x00000000
     169895.000 ns	     16988	80003a3c	a0769b53	flt.s	x22,f13,f7	 f13:0x00000200  f7:0x00000200 x22=0x00000000
     169925.000 ns	     16991	80003a40	2167ad53	fsgnjx.s	f26,f15,f22	 f15:0x7fc00000 f22:0x46f0e11c f26=0x7fc00000
     169945.000 ns	     16993	80003a44	00754733	xor	x14,x10,x7	 x10:0xe0f7848e  x7:0xffffffff x14=0x1f087b71
     169965.000 ns	     16995	80003a48	29e10653	fmin.s	f12,f2,f30	  f2:0x7fc00000 f30:0x46f0e11c f12=0x46f0e11c
     169985.000 ns	     16997	80003a4c	00000013	addi	x0,x0,0	  x0:0x00000000
     169995.000 ns	     16998	80003a50	012176b3	and	x13,x2,x18	  x2:0x00000000 x18:0x00000000 x13=0x00000000
     170005.000 ns	     16999	80003a54	00c7a6b3	slt	x13,x15,x12	 x15:0x77c8048e x12:0x00000000 x13=0x00000000
     170025.000 ns	     17001	80003a58	20cd8153	fsgnj.s	f2,f27,f12	 f27:0x7f800000 f12:0x46f0e11c  f2=0x7f800000
     170045.000 ns	     17003	80003a5c	419bd3b3	sra	x7,x23,x25	 x23:0x80000000 x25:0x00000000  x7=0x80000000
     170065.000 ns	     17005	80003a60	d01bafd3	fcvt.s.wu	f31,x23	 x23:0x80000000 f31=0x4f000000
     170095.000 ns	     17008	80003a64	20db84d3	fsgnj.s	f9,f23,f13	 f23:0x7fc00000 f13:0x00000200  f9=0x7fc00000
     170125.000 ns	     17011	80003a68	e0040953	fmv.x.w	x18,f8	  f8:0x4a9e0008 x18=0x4a9e0008
     170155.000 ns	     17014	80003a6c	28af9a53	fmax.s	f20,f31,f10	 f31:0x4f000000 f10:0x7fc00000 f20=0x4f000000
     170185.000 ns	     17017	80003a70	d0107853	fcvt.s.wu	f16,x0	  x0:0x00000000 f16=0x00000000
     170205.000 ns	     17019	80003a74	01ea06b3	add	x13,x20,x30	 x20:0x00ef9008 x30:0x00000000 x13=0x00ef9008
     170215.000 ns	     17020	80003a78	41c45133	sra	x2,x8,x28	  x8:0x00000000 x28:0xfffffa00  x2=0x00000000
     170235.000 ns	     17022	80003a7c	f00d8353	fmv.w.x	f6,x27	 x27:0x80041024  f6=0x80041024
     170265.000 ns	     17025	80003a80	032eb6b3	mulhu	x13,x29,x18	 x29:0x00077c80 x18:0x4a9e0008 x13=0x00022e9b
     170305.000 ns	     17029	80003a84	19478cd3	fdiv.s	f25,f15,f20	 f15:0x7fc00000 f20:0x4f000000 f25=0x7fc00000
     170325.000 ns	     17031	80003a88	41135633	sra	x12,x6,x17	  x6:0x432f9787 x17:0x00000000 x12=0x432f9787
     170365.000 ns	     17035	80003a8c	01d4c653	fadd.s	f12,f9,f29	  f9:0x7fc00000 f29:0xff800000 f12=0x7fc00000
     170395.000 ns	     17038	80003a90	21eba753	fsgnjx.s	f14,f23,f30	 f23:0x7fc00000 f30:0x46f0e11c f14=0x7fc00000
     170415.000 ns	     17040	80003a94	20ce6093	ori	x1,x28,524	 x28:0xfffffa00  x1=0xfffffa0c
     170435.000 ns	     17042	80003a98	c01aff53	fcvt.wu.s	x30,f21	 f21:0x432f9787 x30=0x000000af
     170455.000 ns	     17044	80003a9c	007ed0b3	srl	x1,x29,x7	 x29:0x00077c80  x7:0x80000000  x1=0x00077c80
     170465.000 ns	     17045	80003aa0	db432813	slti	x16,x6,-588	  x6:0x432f9787 x16=0x00000000
     170825.000 ns	     17081	80003aa4	02d341b3	div	x3,x6,x13	  x6:0x432f9787 x13:0x00022e9b  x3=0x00001eca
     170855.000 ns	     17084	80003aa8	280d10d3	fmax.s	f1,f26,f0	 f26:0x7fc00000  f0:0x692f8000  f1=0x692f8000
     170885.000 ns	     17087	80003aac	21cb87d3	fsgnj.s	f15,f23,f28	 f23:0x7fc00000 f28:0x7fc00000 f15=0x7fc00000
     170905.000 ns	     17089	80003ab0	7b7c3c17	auipc	x24,0x7b7c3	 x24=0xfb7c6ab0
     170915.000 ns	     17090	80003ab4	01685e33	srl	x28,x16,x22	 x16:0x00000000 x22:0x00000000 x28=0x00000000
     170945.000 ns	     17093	80003ab8	1103f153	fmul.s	f2,f7,f16	  f7:0x00000200 f16:0x00000000  f2=0x00000000
     170985.000 ns	     17097	80003abc	19c275d3	fdiv.s	f11,f4,f28	  f4:0xff800000 f28:0x7fc00000 f11=0x7fc00000
     171005.000 ns	     17099	80003ac0	013de633	or	x12,x27,x19	 x27:0x80041024 x19:0x00ef9609 x12=0x80ef962d
     171365.000 ns	     17135	80003ac4	03a3e633	rem	x12,x7,x26	  x7:0x80000000 x26:0x80040fe4 x12=0xfffbf01c
     171385.000 ns	     17137	80003ac8	0161d813	srli	x16,x3,0x16	  x3:0x00001eca x16=0x00000000
     171405.000 ns	     17139	80003acc	297e0853	fmin.s	f16,f28,f23	 f28:0x7fc00000 f23:0x7fc00000 f16=0x7fc00000
     171425.000 ns	     17141	80003ad0	1236c313	xori	x6,x13,291	 x13:0x00022e9b  x6=0x00022fb8
     171435.000 ns	     17142	80003ad4	019f1bb3	sll	x23,x30,x25	 x30:0x000000af x25:0x00000000 x23=0x000000af
     171795.000 ns	     17178	80003ad8	0340cbb3	div	x23,x1,x20	  x1:0x00077c80 x20:0x00ef9008 x23=0x00000000
     171825.000 ns	     17181	80003adc	02df1fb3	mulh	x31,x30,x13	 x30:0x000000af x13:0x00022e9b x31=0x00000000
     171845.000 ns	     17183	80003ae0	00ce9bb3	sll	x23,x29,x12	 x29:0x00077c80 x12:0xfffbf01c x23=0x00000000
     171855.000 ns	     17184	80003ae4	7bdbe393	ori	x7,x23,1981	 x23:0x00000000  x7=0x000007bd
     171875.000 ns	     17186	80003ae8	20e6a553	fsgnjx.s	f10,f13,f14	 f13:0x00000200 f14:0x7fc00000 f10=0x00000200
     171895.000 ns	     17188	80003aec	00000013	addi	x0,x0,0	  x0:0x00000000
     171905.000 ns	     17189	80003af0	00d9b4b3	sltu	x9,x19,x13	 x19:0x00ef9609 x13:0x00022e9b  x9=0x00000000
     171925.000 ns	     17191	80003af4	02180533	mul	x10,x16,x1	 x16:0x00000000  x1:0x00077c80 x10=0x00000000
     171955.000 ns	     17194	80003af8	a0798ed3	fle.s	x29,f19,f7	 f19:0x4db4e340  f7:0x00000200 x29=0x00000000
     171995.000 ns	     17198	80003afc	107772d3	fmul.s	f5,f14,f7	 f14:0x7fc00000  f7:0x00000200  f5=0x7fc00000
     172365.000 ns	     17235	80003b00	02e35e33	divu	x28,x6,x14	  x6:0x00022fb8 x14:0x1f087b71 x28=0x00000000
     172735.000 ns	     17272	80003b04	021c7333	remu	x6,x24,x1	 x24:0xfb7c6ab0  x1:0x00077c80  x6=0x00057b30
     172755.000 ns	     17274	80003b08	1cb48493	addi	x9,x9,459	  x9:0x00000000  x9=0x000001cb
     172775.000 ns	     17276	80003b0c	039f7733	remu	x14,x30,x25	 x30:0x000000af x25:0x00000000 x14=0x000000af
     172805.000 ns	     17279	80003b10	a01e1653	flt.s	x12,f28,f1	 f28:0x7fc00000  f1:0x692f8000 x12=0x00000000
     172825.000 ns	     17281	80003b14	40a85c33	sra	x24,x16,x10	 x16:0x00000000 x10:0x00000000 x24=0x00000000
     172835.000 ns	     17282	80003b18	00839133	sll	x2,x7,x8	  x7:0x000007bd  x8:0x00000000  x2=0x000007bd
     172845.000 ns	     17283	80003b1c	7aa52913	slti	x18,x10,1962	 x10:0x00000000 x18=0x00000001
     172855.000 ns	     17284	80003b20	b2650693	addi	x13,x10,-1242	 x10:0x00000000 x13=0xfffffb26
     172875.000 ns	     17286	80003b24	034c0c33	mul	x24,x24,x20	 x24:0x00000000 x20:0x00ef9008 x24=0x00000000
     172925.000 ns	     17291	80003b28	090d45d3	fsub.s	f11,f26,f16	 f26:0x7fc00000 f16:0x7fc00000 f11=0x7fc00000
     172945.000 ns	     17293	80003b2c	cc54a393	slti	x7,x9,-827	  x9:0x000001cb  x7=0x00000000
     172965.000 ns	     17295	80003b30	290194d3	fmax.s	f9,f3,f16	  f3:0x4ed25f00 f16:0x7fc00000  f9=0x4ed25f00
     172985.000 ns	     17297	80003b34	a1128213	addi	x4,x5,-1519	  x5:0x00ef9009  x4=0x00ef8a1a
     173005.000 ns	     17299	80003b38	21a11253	fsgnjn.s	f4,f2,f26	  f2:0x00000000 f26:0x7fc00000  f4=0x80000000
     173035.000 ns	     17302	80003b3c	038339b3	mulhu	x19,x6,x24	  x6:0x00057b30 x24:0x00000000 x19=0x00000000
     173075.000 ns	     17306	80003b40	199d03d3	fdiv.s	f7,f26,f25	 f26:0x7fc00000 f25:0x7fc00000  f7=0x7fc00000
     173105.000 ns	     17309	80003b44	c018b553	fcvt.wu.s	x10,f17	 f17:0x00000000 x10=0x00000000
     173125.000 ns	     17311	80003b48	00bba033	slt	x0,x23,x11	 x23:0x00000000 x11:0x00000000
     173145.000 ns	     17313	80003b4c	03dcfa33	remu	x20,x25,x29	 x25:0x00000000 x29:0x00000000 x20=0x00000000
     173175.000 ns	     17316	80003b50	e00e0653	fmv.x.w	x12,f28	 f28:0x7fc00000 x12=0x7fc00000
     173205.000 ns	     17319	80003b54	025c8c33	mul	x24,x25,x5	 x25:0x00000000  x5:0x00ef9009 x24=0x00000000
     173245.000 ns	     17323	80003b58	100f7fd3	fmul.s	f31,f30,f0	 f30:0x46f0e11c  f0:0x692f8000 f31=0x70a52253
     173275.000 ns	     17326	80003b5c	03cdabb3	mulhsu	x23,x27,x28	 x27:0x80041024 x28:0x00000000 x23=0x00000000
     173645.000 ns	     17363	80003b60	026f6ab3	rem	x21,x30,x6	 x30:0x000000af  x6:0x00057b30 x21=0x000000af
     174015.000 ns	     17400	80003b64	02476533	rem	x10,x14,x4	 x14:0x000000af  x4:0x00ef8a1a x10=0x000000af
     174045.000 ns	     17403	80003b68	298410d3	fmax.s	f1,f8,f24	  f8:0x4a9e0008 f24:0x00000000  f1=0x4a9e0008
     174065.000 ns	     17405	80003b6c	d68e29b7	lui	x19,0xd68e2	 x19=0xd68e2000
     174075.000 ns	     17406	80003b70	00000013	addi	x0,x0,0	  x0:0x00000000
     174115.000 ns	     17410	80003b74	083e7f53	fsub.s	f30,f28,f3	 f28:0x7fc00000  f3:0x4ed25f00 f30=0x7fc00000
     174135.000 ns	     17412	80003b78	00647533	and	x10,x8,x6	  x8:0x00000000  x6:0x00057b30 x10=0x00000000
     174155.000 ns	     17414	80003b7c	f0008153	fmv.w.x	f2,x1	  x1:0x00077c80  f2=0x00077c80
     174175.000 ns	     17416	80003b80	f61ce113	ori	x2,x25,-159	 x25:0x00000000  x2=0xffffff61
     174185.000 ns	     17417	80003b84	41c45033	sra	x0,x8,x28	  x8:0x00000000 x28:0x00000000
     174195.000 ns	     17418	80003b88	a8e2ce37	lui	x28,0xa8e2c	 x28=0xa8e2c000
     174215.000 ns	     17420	80003b8c	210aa9d3	fsgnjx.s	f19,f21,f16	 f21:0x432f9787 f16:0x7fc00000 f19=0x432f9787
     174245.000 ns	     17423	80003b90	e00413d3	fclass.s	x7,f8	  f8:0x4a9e0008  x7=0x00000040
     174275.000 ns	     17426	80003b94	a14eaa53	feq.s	x20,f29,f20	 f29:0xff800000 f20:0x4f000000 x20=0x00000000
     174645.000 ns	     17463	80003b98	0292ccb3	div	x25,x5,x9	  x5:0x00ef9009  x9:0x000001cb x25=0x0000859c
     174665.000 ns	     17465	80003b9c	0039bb33	sltu	x22,x19,x3	 x19:0xd68e2000  x3:0x00001eca x22=0x00000000
     174685.000 ns	     17467	80003ba0	21f90553	fsgnj.s	f10,f18,f31	 f18:0x7fc00000 f31:0x70a52253 f10=0x7fc00000
     174705.000 ns	     17469	80003ba4	01325413	srli	x8,x4,0x13	  x4:0x00ef8a1a  x8=0x0000001d
     175875.000 ns	     17586	80003ba8	5800fdd3	fsqrt.s	f27,f1	  f1:0x4a9e0008 f27=0x450e35df
     176245.000 ns	     17623	80003bac	02736ab3	rem	x21,x6,x7	  x6:0x00057b30  x7:0x00000040 x21=0x00000030
     176265.000 ns	     17625	80003bb0	30e14e93	xori	x29,x2,782	  x2:0xffffff61 x29=0xfffffc6f
     176275.000 ns	     17626	80003bb4	00171a33	sll	x20,x14,x1	 x14:0x000000af  x1:0x00077c80 x20=0x000000af
     176285.000 ns	     17627	80003bb8	019b41b3	xor	x3,x22,x25	 x22:0x00000000 x25:0x0000859c  x3=0x0000859c
     176315.000 ns	     17630	80003bbc	11157c53	fmul.s	f24,f10,f17	 f10:0x7fc00000 f17:0x00000000 f24=0x7fc00000
     176335.000 ns	     17632	80003bc0	014599b3	sll	x19,x11,x20	 x11:0x00000000 x20:0x000000af x19=0x00000000
     176345.000 ns	     17633	80003bc4	e8a86593	ori	x11,x16,-374	 x16:0x00000000 x11=0xfffffe8a
     176365.000 ns	     17635	80003bc8	033eafb3	mulhsu	x31,x29,x19	 x29:0xfffffc6f x19:0xd68e2000 x31=0x00000000
     176735.000 ns	     17672	80003bcc	02387833	remu	x16,x16,x3	 x16:0x00000000  x3:0x0000859c x16=0x00000000
     176755.000 ns	     17674	80003bd0	009193b3	sll	x7,x3,x9	  x3:0x0000859c  x9:0x000001cb  x7=0x042ce000
     176775.000 ns	     17676	80003bd4	21de0e53	fsgnj.s	f28,f28,f29	 f28:0x7fc00000 f29:0xff800000 f28=0xffc00000
     176805.000 ns	     17679	80003bd8	c00c1fd3	fcvt.w.s	x31,f24	 f24:0x7fc00000 x31=0x7fffffff
     176825.000 ns	     17681	80003bdc	e3eb8293	addi	x5,x23,-450	 x23:0x00000000  x5=0xfffffe3e
     176845.000 ns	     17683	80003be0	a0620cd3	fle.s	x25,f4,f6	  f4:0x80000000  f6:0x80041024 x25=0x00000000
     176875.000 ns	     17686	80003be4	a02625d3	feq.s	x11,f12,f2	 f12:0x7fc00000  f2:0x00077c80 x11=0x00000000
     177245.000 ns	     17723	80003be8	0210d833	divu	x16,x1,x1	  x1:0x00077c80  x1:0x00077c80 x16=0x00000001
     177615.000 ns	     17760	80003bec	03d866b3	rem	x13,x16,x29	 x16:0x00000000 x29:0xfffffc6f x13=0x00000001
     177985.000 ns	     17797	80003bf0	029466b3	rem	x13,x8,x9	  x8:0x0000001d  x9:0x000001cb x13=0x0000001d
     178005.000 ns	     17799	80003bf4	005fdb93	srli	x23,x31,0x5	 x31:0x7fffffff x23=0x03ffffff
     178365.000 ns	     17835	80003bf8	03487633	remu	x12,x16,x20	 x16:0x00000001 x20:0x000000af x12=0x00000001
     178385.000 ns	     17837	80003bfc	00877ab3	and	x21,x14,x8	 x14:0x000000af  x8:0x0000001d x21=0x0000000d
     178395.000 ns	     17838	80003c00	00000013	addi	x0,x0,0	  x0:0x00000000
     178405.000 ns	     17839	80003c04	ed5d7393	andi	x7,x26,-299	 x26:0x80040fe4  x7=0x80040ec4
     178415.000 ns	     17840	80003c08	0be3e013	ori	x0,x7,190	  x7:0x042ce000
     178425.000 ns	     17841	80003c0c	01c58933	add	x18,x11,x28	 x11:0x00000000 x28:0xa8e2c000 x18=0xa8e2c000
     178465.000 ns	     17845	80003c10	09111053	fsub.s	f0,f2,f17	  f2:0x00077c80 f17:0x00000000  f0=0x00077c80
     178495.000 ns	     17848	80003c14	d00e0453	fcvt.s.w	f8,x28	 x28:0xa8e2c000  f8=0xceae3a80
     178535.000 ns	     17852	80003c18	19a07153	fdiv.s	f2,f0,f26	  f0:0x00077c80 f26:0x7fc00000  f2=0x7fc00000
     179715.000 ns	     17970	80003c1c	5804f553	fsqrt.s	f10,f9	  f9:0x4ed25f00 f10=0x47241893
     179765.000 ns	     17975	80003c20	0072f8d3	fadd.s	f17,f5,f7	  f5:0x7fc00000  f7:0x7fc00000 f17=0x7fc00000
     179785.000 ns	     17977	80003c24	41485033	sra	x0,x16,x20	 x16:0x00000001 x20:0x000000af
     179805.000 ns	     17979	80003c28	d0147d53	fcvt.s.wu	f26,x8	  x8:0x0000001d f26=0x41e80000
     179835.000 ns	     17982	80003c2c	c00b7353	fcvt.w.s	x6,f22	 f22:0x46f0e11c  x6=0x00007870
     179865.000 ns	     17985	80003c30	03aba5b3	mulhsu	x11,x23,x26	 x23:0x03ffffff x26:0x80040fe4 x11=0x0200103f
     179895.000 ns	     17988	80003c34	29648e53	fmin.s	f28,f9,f22	  f9:0x4ed25f00 f22:0x46f0e11c f28=0x46f0e11c
     179915.000 ns	     17990	80003c38	8854ff93	andi	x31,x9,-1915	  x9:0x000001cb x31=0x00000081
     180275.000 ns	     18026	80003c3c	02fdfeb3	remu	x29,x27,x15	 x27:0x80041024 x15:0x77c8048e x29=0x083c0b96
     180305.000 ns	     18029	80003c40	211a0653	fsgnj.s	f12,f20,f17	 f20:0x4f000000 f17:0x7fc00000 f12=0x4f000000
     180355.000 ns	     18034	80003c44	09d476d3	fsub.s	f13,f8,f29	  f8:0xceae3a80 f29:0xff800000 f13=0x7f800000
     180385.000 ns	     18037	80003c48	f00808d3	fmv.w.x	f17,x16	 x16:0x00000001 f17=0x00000001
     180435.000 ns	     18042	80003c4c	00ac3053	fadd.s	f0,f24,f10	 f24:0x7fc00000 f10:0x47241893  f0=0x7fc00000
     180805.000 ns	     18079	80003c50	03ed7a33	remu	x20,x26,x30	 x26:0x80040fe4 x30:0x000000af x20=0x0000003c
     180825.000 ns	     18081	80003c54	40275833	sra	x16,x14,x2	 x14:0x000000af  x2:0xffffff61 x16=0x00000057
     180845.000 ns	     18083	80003c58	28c487d3	fmin.s	f15,f9,f12	  f9:0x4ed25f00 f12:0x4f000000 f15=0x4ed25f00
     180875.000 ns	     18086	80003c5c	a1188153	fle.s	x2,f17,f17	 f17:0x00000001 f17:0x00000001  x2=0x00000001
     180915.000 ns	     18090	80003c60	10ba2fd3	fmul.s	f31,f20,f11	 f20:0x4f000000 f11:0x7fc00000 f31=0x7fc00000
     180935.000 ns	     18092	80003c64	00361333	sll	x6,x12,x3	 x12:0x00000001  x3:0x0000859c  x6=0x10000000
     180955.000 ns	     18094	80003c68	a026a1d3	feq.s	x3,f13,f2	 f13:0x7f800000  f2:0x7fc00000  x3=0x00000000
     180975.000 ns	     18096	80003c6c	4029d533	sra	x10,x19,x2	 x19:0x00000000  x2:0x00000001 x10=0x00000000
     180985.000 ns	     18097	80003c70	00000013	addi	x0,x0,0	  x0:0x00000000
     181005.000 ns	     18099	80003c74	03a208b3	mul	x17,x4,x26	  x4:0x00ef8a1a x26:0x80040fe4 x17=0x06d68528
     181035.000 ns	     18102	80003c78	a00b26d3	feq.s	x13,f22,f0	 f22:0x46f0e11c  f0:0x7fc00000 x13=0x00000000
     181055.000 ns	     18104	80003c7c	408f85b3	sub	x11,x31,x8	 x31:0x00000081  x8:0x0000001d x11=0x00000064
     181065.000 ns	     18105	80003c80	c691eb13	ori	x22,x3,-919	  x3:0x00000000 x22=0xfffffc69
     181085.000 ns	     18107	80003c84	211f9953	fsgnjn.s	f18,f31,f17	 f31:0x7fc00000 f17:0x00000001 f18=0xffc00000
     181105.000 ns	     18109	80003c88	00000013	addi	x0,x0,0	  x0:0x00000000
     181125.000 ns	     18111	80003c8c	28de1053	fmax.s	f0,f28,f13	 f28:0x46f0e11c f13:0x7f800000  f0=0x7f800000
     181155.000 ns	     18114	80003c90	29e314d3	fmax.s	f9,f6,f30	  f6:0x80041024 f30:0x7fc00000  f9=0x80041024
     182335.000 ns	     18232	80003c94	580e0753	fsqrt.s	f14,f28	 f28:0x46f0e11c f14=0x432f9787
     182705.000 ns	     18269	80003c98	02f7c933	div	x18,x15,x15	 x15:0x77c8048e x15:0x77c8048e x18=0x00000001
     182725.000 ns	     18271	80003c9c	00575633	srl	x12,x14,x5	 x14:0x000000af  x5:0xfffffe3e x12=0x00000000
     182745.000 ns	     18273	80003ca0	f0080653	fmv.w.x	f12,x16	 x16:0x00000057 f12=0x00000057
     182765.000 ns	     18275	80003ca4	0168df93	srli	x31,x17,0x16	 x17:0x06d68528 x31=0x0000001b
     182785.000 ns	     18277	80003ca8	a1f6a3d3	feq.s	x7,f13,f31	 f13:0x7f800000 f31:0x7fc00000  x7=0x00000000
     182835.000 ns	     18282	80003cac	091e08d3	fsub.s	f17,f28,f17	 f28:0x46f0e11c f17:0x00000001 f17=0x46f0e11c
     183205.000 ns	     18319	80003cb0	035656b3	divu	x13,x12,x21	 x12:0x00000000 x21:0x0000000d x13=0x00000000
     183225.000 ns	     18321	80003cb4	40b2d833	sra	x16,x5,x11	  x5:0xfffffe3e x11:0x00000064 x16=0xffffffe3
     183235.000 ns	     18322	80003cb8	14f83a13	sltiu	x20,x16,335	 x16:0x00000057 x20=0x00000000
     183245.000 ns	     18323	80003cbc	54d1c837	lui	x16,0x54d1c	 x16=0x54d1c000
     183265.000 ns	     18325	80003cc0	03417c33	remu	x24,x2,x20	  x2:0x00000001 x20:0x0000003c x24=0x00000001
     183295.000 ns	     18328	80003cc4	030c08b3	mul	x17,x24,x16	 x24:0x00000000 x16:0xffffffe3 x17=0x54d1c000
     183325.000 ns	     18331	80003cc8	037516b3	mulh	x13,x10,x23	 x10:0x00000000 x23:0x03ffffff x13=0x00000000
     183345.000 ns	     18333	80003ccc	418e55b3	sra	x11,x28,x24	 x28:0xa8e2c000 x24:0x00000001 x11=0xd4716000
     183365.000 ns	     18335	80003cd0	c00af6d3	fcvt.w.s	x13,f21	 f21:0x432f9787 x13=0x000000af
     183395.000 ns	     18338	80003cd4	02742733	mulhsu	x14,x8,x7	  x8:0x0000001d  x7:0x00000000 x14=0x00000000
     183435.000 ns	     18342	80003cd8	11e616d3	fmul.s	f13,f12,f30	 f12:0x00000057 f30:0x7fc00000 f13=0x7fc00000
     183455.000 ns	     18344	80003cdc	01ab0933	add	x18,x22,x26	 x22:0xfffffc69 x26:0x80040fe4 x18=0x80040c4d
     183475.000 ns	     18346	80003ce0	c01a0253	fcvt.wu.s	x4,f20	 f20:0x4f000000  x4=0x80000000
     184655.000 ns	     18464	80003ce4	58067253	fsqrt.s	f4,f12	 f12:0x00000057  f4=0x1f3504fc
     184705.000 ns	     18469	80003ce8	00b09553	fadd.s	f10,f1,f11	  f1:0x4a9e0008 f11:0x7fc00000 f10=0x7fc00000
     184735.000 ns	     18472	80003cec	e0029a53	fclass.s	x20,f5	  f5:0x7fc00000 x20=0x00000200
     184775.000 ns	     18476	80003cf0	58092053	fsqrt.s	f0,f18	 f18:0xffc00000  f0=0x7fc00000
     184805.000 ns	     18479	80003cf4	d01d20d3	fcvt.s.wu	f1,x26	 x26:0x80040fe4  f1=0x4f000410
     184835.000 ns	     18482	80003cf8	0207c233	div	x4,x15,x0	 x15:0x77c8048e  x0:0x00000000  x4=0xffffffff
     184855.000 ns	     18484	80003cfc	464c9337	lui	x6,0x464c9	  x6=0x464c9000
     184885.000 ns	     18487	80003d00	1160ff53	fmul.s	f30,f1,f22	  f1:0x4f000410 f22:0x46f0e11c f30=0x5670e8c2
     184905.000 ns	     18489	80003d04	01fe93b3	sll	x7,x29,x31	 x29:0x083c0b96 x31:0x0000001b  x7=0xb0000000
     184915.000 ns	     18490	80003d08	01bbd093	srli	x1,x23,0x1b	 x23:0x03ffffff  x1=0x00000000
     184935.000 ns	     18492	80003d0c	a04e19d3	flt.s	x19,f28,f4	 f28:0x46f0e11c  f4:0x1f3504fc x19=0x00000000
     184955.000 ns	     18494	80003d10	01531c13	slli	x24,x6,0x15	  x6:0x464c9000 x24=0x00000000
     184975.000 ns	     18496	80003d14	21de9ad3	fsgnjn.s	f21,f29,f29	 f29:0xff800000 f29:0xff800000 f21=0x7f800000
     185005.000 ns	     18499	80003d18	2182a3d3	fsgnjx.s	f7,f5,f24	  f5:0x7fc00000 f24:0x7fc00000  f7=0x7fc00000
     185025.000 ns	     18501	80003d1c	0068eeb3	or	x29,x17,x6	 x17:0x54d1c000  x6:0x464c9000 x29=0x56ddd000
     185035.000 ns	     18502	80003d20	147bcc13	xori	x24,x23,327	 x23:0x03ffffff x24=0x03fffeb8
     185045.000 ns	     18503	80003d24	01093433	sltu	x8,x18,x16	 x18:0x80040c4d x16:0x54d1c000  x8=0x00000000
     185065.000 ns	     18505	80003d28	d0180753	fcvt.s.wu	f14,x16	 x16:0x54d1c000 f14=0x4ea9a380
     185085.000 ns	     18507	80003d2c	0176f833	and	x16,x13,x23	 x13:0x000000af x23:0x03ffffff x16=0x000000af
     185105.000 ns	     18509	80003d30	d017a2d3	fcvt.s.wu	f5,x15	 x15:0x77c8048e  f5=0x4eef900a
     185125.000 ns	     18511	80003d34	01b63a33	sltu	x20,x12,x27	 x12:0x00000000 x27:0x80041024 x20=0x00000001
     185165.000 ns	     18515	80003d38	084426d3	fsub.s	f13,f8,f4	  f8:0xceae3a80  f4:0x1f3504fc f13=0xceae3a80
     185195.000 ns	     18518	80003d3c	28341e53	fmax.s	f28,f8,f3	  f8:0xceae3a80  f3:0x4ed25f00 f28=0x4ed25f00
     185215.000 ns	     18520	80003d40	01b76a33	or	x20,x14,x27	 x14:0x00000000 x27:0x80041024 x20=0x80041024
     185235.000 ns	     18522	80003d44	28bf1453	fmax.s	f8,f30,f11	 f30:0x5670e8c2 f11:0x7fc00000  f8=0x5670e8c2
     185265.000 ns	     18525	80003d48	a16a1ed3	flt.s	x29,f20,f22	 f20:0x4f000000 f22:0x46f0e11c x29=0x00000000
     185295.000 ns	     18528	80003d4c	035b2633	mulhsu	x12,x22,x21	 x22:0xfffffc69 x21:0x0000000d x12=0xffffffff
     185325.000 ns	     18531	80003d50	031090b3	mulh	x1,x1,x17	  x1:0x00000000 x17:0x54d1c000  x1=0x00000000
     185355.000 ns	     18534	80003d54	a1500453	fle.s	x8,f0,f21	  f0:0x7fc00000 f21:0x7f800000  x8=0x00000000
     185375.000 ns	     18536	80003d58	a43f7693	andi	x13,x30,-1469	 x30:0x000000af x13=0x00000003
     185385.000 ns	     18537	80003d5c	008efc33	and	x24,x29,x8	 x29:0x00000000  x8:0x00000000 x24=0x00000000
     185395.000 ns	     18538	80003d60	c5333e13	sltiu	x28,x6,-941	  x6:0x464c9000 x28=0x00000001
     185725.000 ns	     18571	80003d64	18c08a53	fdiv.s	f20,f1,f12	  f1:0x4f000410 f12:0x00000057 f20=0x7f800000
     185755.000 ns	     18574	80003d68	a0811c53	flt.s	x24,f2,f8	  f2:0x7fc00000  f8:0x5670e8c2 x24=0x00000000
     186125.000 ns	     18611	80003d6c	03af5933	divu	x18,x30,x26	 x30:0x000000af x26:0x80040fe4 x18=0x00000000
     186145.000 ns	     18613	80003d70	011bd193	srli	x3,x23,0x11	 x23:0x03ffffff  x3=0x000001ff
     186155.000 ns	     18614	80003d74	ef837193	andi	x3,x6,-264	  x6:0x464c9000  x3=0x464c9000
     186175.000 ns	     18616	80003d78	a1568ad3	fle.s	x21,f13,f21	 f13:0xceae3a80 f21:0x7f800000 x21=0x00000001
     186195.000 ns	     18618	80003d7c	009af833	and	x16,x21,x9	 x21:0x0000000d  x9:0x000001cb x16=0x00000001
     186215.000 ns	     18620	80003d80	d00e9e53	fcvt.s.w	f28,x29	 x29:0x00000000 f28=0x00000000
     187395.000 ns	     18738	80003d84	5802f6d3	fsqrt.s	f13,f5	  f5:0x4eef900a f13=0x472f1c83
     187415.000 ns	     18740	80003d88	400f5333	sra	x6,x30,x0	 x30:0x000000af  x0:0x00000000  x6=0x000000af
     187425.000 ns	     18741	80003d8c	41d8dc93	srai	x25,x17,0x1d	 x17:0x54d1c000 x25=0x00000002
     187435.000 ns	     18742	80003d90	018de8b3	or	x17,x27,x24	 x27:0x80041024 x24:0x00000000 x17=0x80041024
     187455.000 ns	     18744	80003d94	c00af2d3	fcvt.w.s	x5,f21	 f21:0x7f800000  x5=0x7fffffff
     187825.000 ns	     18781	80003d98	034eccb3	div	x25,x29,x20	 x29:0x00000000 x20:0x80041024 x25=0x00000000
     188195.000 ns	     18818	80003d9c	029e42b3	div	x5,x28,x9	 x28:0x00000001  x9:0x000001cb  x5=0x00000000
     188215.000 ns	     18820	80003da0	561def93	ori	x31,x27,1377	 x27:0x80041024 x31=0x80041565
     188225.000 ns	     18821	80003da4	000ec933	xor	x18,x29,x0	 x29:0x00000000  x0:0x00000000 x18=0x00000000
     188245.000 ns	     18823	80003da8	d001f7d3	fcvt.s.w	f15,x3	  x3:0x464c9000 f15=0x4e8c9920
     188285.000 ns	     18827	80003dac	580970d3	fsqrt.s	f1,f18	 f18:0xffc00000  f1=0x7fc00000
     188335.000 ns	     18832	80003db0	00b1fa53	fadd.s	f20,f3,f11	  f3:0x4ed25f00 f11:0x7fc00000 f20=0x7fc00000
     188365.000 ns	     18835	80003db4	28180953	fmin.s	f18,f16,f1	 f16:0x7fc00000  f1:0x7fc00000 f18=0x7fc00000
     188395.000 ns	     18838	80003db8	d0087453	fcvt.s.w	f8,x16	 x16:0x00000001  f8=0x3f800000
     188415.000 ns	     18840	80003dbc	01f031b3	sltu	x3,x0,x31	  x0:0x00000000 x31:0x80041565  x3=0x00000001
     188435.000 ns	     18842	80003dc0	21f81fd3	fsgnjn.s	f31,f16,f31	 f16:0x7fc00000 f31:0x7fc00000 f31=0xffc00000
     188455.000 ns	     18844	80003dc4	d6258493	addi	x9,x11,-670	 x11:0xd4716000  x9=0xd4715d62
     189425.000 ns	     18941	80003dc8	580dc4d3	fsqrt.s	f9,f27	 f27:0x450e35df  f9=0x41c91d10
     189455.000 ns	     18944	80003dcc	a1979253	flt.s	x4,f15,f25	 f15:0x4e8c9920 f25:0x7fc00000  x4=0x00000000
     189475.000 ns	     18946	80003dd0	10d47b97	auipc	x23,0x10d47	 x23=0x90d4add0
     189495.000 ns	     18948	80003dd4	f0038653	fmv.w.x	f12,x7	  x7:0xb0000000 f12=0xb0000000
     190675.000 ns	     19066	80003dd8	58074bd3	fsqrt.s	f23,f14	 f14:0x4ea9a380 f23=0x47135af8
     190705.000 ns	     19069	80003ddc	a1cb0053	fle.s	x0,f22,f28	 f22:0x46f0e11c f28:0x00000000
     190725.000 ns	     19071	80003de0	01b366b3	or	x13,x6,x27	  x6:0x000000af x27:0x80041024 x13=0x800410af
     190745.000 ns	     19073	80003de4	a0bdaf53	feq.s	x30,f27,f11	 f27:0x450e35df f11:0x7fc00000 x30=0x00000000
     190775.000 ns	     19076	80003de8	284a8353	fmin.s	f6,f21,f4	 f21:0x7f800000  f4:0x1f3504fc  f6=0x1f3504fc
     190805.000 ns	     19079	80003dec	02e8b9b3	mulhu	x19,x17,x14	 x17:0x80041024 x14:0x00000000 x19=0x00000000
     190825.000 ns	     19081	80003df0	00000013	addi	x0,x0,0	  x0:0x00000000
     190835.000 ns	     19082	80003df4	f98ae913	ori	x18,x21,-104	 x21:0x00000001 x18=0xffffff99
     190845.000 ns	     19083	80003df8	00000013	addi	x0,x0,0	  x0:0x00000000
     190855.000 ns	     19084	80003dfc	01ce8533	add	x10,x29,x28	 x29:0x00000000 x28:0x00000001 x10=0x00000001
     190875.000 ns	     19086	80003e00	02d6b3b3	mulhu	x7,x13,x13	 x13:0x800410af x13:0x800410af  x7=0x400410bf
     190895.000 ns	     19088	80003e04	01799a13	slli	x20,x19,0x17	 x19:0x00000000 x20=0x00000000
     190915.000 ns	     19090	80003e08	d00172d3	fcvt.s.w	f5,x2	  x2:0x00000001  f5=0x3f800000
     190945.000 ns	     19093	80003e0c	03669933	mulh	x18,x13,x22	 x13:0x800410af x22:0xfffffc69 x18=0x000001cb
     190965.000 ns	     19095	80003e10	00000013	addi	x0,x0,0	  x0:0x00000000
     190985.000 ns	     19097	80003e14	20f71653	fsgnjn.s	f12,f14,f15	 f14:0x4ea9a380 f15:0x4e8c9920 f12=0xcea9a380
     191015.000 ns	     19100	80003e18	a14f93d3	flt.s	x7,f31,f20	 f31:0xffc00000 f20:0x7fc00000  x7=0x00000000
     191045.000 ns	     19103	80003e1c	c01271d3	fcvt.wu.s	x3,f4	  f4:0x1f3504fc  x3=0x00000000
     191075.000 ns	     19106	80003e20	022d8eb3	mul	x29,x27,x2	 x27:0x80041024  x2:0x00000001 x29=0x80041024
     192255.000 ns	     19224	80003e24	580bf6d3	fsqrt.s	f13,f23	 f23:0x47135af8 f13=0x42d063b4
     192625.000 ns	     19261	80003e28	02a9e733	rem	x14,x19,x10	 x19:0x00000000 x10:0x00000001 x14=0x00000000
     192655.000 ns	     19264	80003e2c	e00483d3	fmv.x.w	x7,f9	  f9:0x41c91d10  x7=0x41c91d10
     193025.000 ns	     19301	80003e30	029c6133	rem	x2,x24,x9	 x24:0x00000000  x9:0xd4715d62  x2=0x00000000
     193055.000 ns	     19304	80003e34	03602333	mulhsu	x6,x0,x22	  x0:0x00000000 x22:0xfffffc69  x6=0x00000000
     193075.000 ns	     19306	80003e38	0167e2b3	or	x5,x15,x22	 x15:0x77c8048e x22:0xfffffc69  x5=0xfffffcef
     193095.000 ns	     19308	80003e3c	21eb8dd3	fsgnj.s	f27,f23,f30	 f23:0x47135af8 f30:0x5670e8c2 f27=0x47135af8
     193125.000 ns	     19311	80003e40	29df9253	fmax.s	f4,f31,f29	 f31:0xffc00000 f29:0xff800000  f4=0xff800000
     193145.000 ns	     19313	80003e44	00f08c33	add	x24,x1,x15	  x1:0x00000000 x15:0x77c8048e x24=0x77c8048e
     193155.000 ns	     19314	80003e48	91414713	xori	x14,x2,-1772	  x2:0x00000000 x14=0xfffff914
     193515.000 ns	     19350	80003e4c	032b5cb3	divu	x25,x22,x18	 x22:0xfffffc69 x18:0x000001cb x25=0x008ec7a9
     193565.000 ns	     19355	80003e50	0853b4d3	fsub.s	f9,f7,f5	  f7:0x7fc00000  f5:0x3f800000  f9=0x7fc00000
     193595.000 ns	     19358	80003e54	21570253	fsgnj.s	f4,f14,f21	 f14:0x4ea9a380 f21:0x7f800000  f4=0x4ea9a380
     193625.000 ns	     19361	80003e58	21a1af53	fsgnjx.s	f30,f3,f26	  f3:0x4ed25f00 f26:0x41e80000 f30=0x4ed25f00
     193655.000 ns	     19364	80003e5c	d000c1d3	fcvt.s.w	f3,x1	  x1:0x00000000  f3=0x00000000
     193685.000 ns	     19367	80003e60	c013f753	fcvt.wu.s	x14,f7	  f7:0x7fc00000 x14=0xffffffff
     193705.000 ns	     19369	80003e64	0108bcb3	sltu	x25,x17,x16	 x17:0x80041024 x16:0x00000001 x25=0x00000000
     193725.000 ns	     19371	80003e68	20781753	fsgnjn.s	f14,f16,f7	 f16:0x7fc00000  f7:0x7fc00000 f14=0xffc00000
     193755.000 ns	     19374	80003e6c	298891d3	fmax.s	f3,f17,f24	 f17:0x46f0e11c f24:0x7fc00000  f3=0x46f0e11c
     193775.000 ns	     19376	80003e70	00c83633	sltu	x12,x16,x12	 x16:0x00000001 x12:0xffffffff x12=0x00000001
     193785.000 ns	     19377	80003e74	01bff933	and	x18,x31,x27	 x31:0x80041565 x27:0x80041024 x18=0x80041024
     193805.000 ns	     19379	80003e78	03a180b3	mul	x1,x3,x26	  x3:0x00000000 x26:0x80040fe4  x1=0x00000000
     194985.000 ns	     19497	80003e7c	580f3dd3	fsqrt.s	f27,f30	 f30:0x4ed25f00 f27=0x47241893
     195005.000 ns	     19499	80003e80	e6630013	addi	x0,x6,-410	  x6:0x00000000
     195015.000 ns	     19500	80003e84	01655e13	srli	x28,x10,0x16	 x10:0x00000001 x28=0x00000000
     195035.000 ns	     19502	80003e88	20179953	fsgnjn.s	f18,f15,f1	 f15:0x4e8c9920  f1:0x7fc00000 f18=0xce8c9920
     195065.000 ns	     19505	80003e8c	0250b3b3	mulhu	x7,x1,x5	  x1:0x00000000  x5:0xfffffcef  x7=0x00000000
     195095.000 ns	     19508	80003e90	20828ad3	fsgnj.s	f21,f5,f8	  f5:0x3f800000  f8:0x3f800000 f21=0x3f800000
     195115.000 ns	     19510	80003e94	00074133	xor	x2,x14,x0	 x14:0xffffffff  x0:0x00000000  x2=0xffffffff
     195475.000 ns	     19546	80003e98	03f5f6b3	remu	x13,x11,x31	 x11:0xd4716000 x31:0x80041565 x13=0x546d4a9b
     195505.000 ns	     19549	80003e9c	0345b1b3	mulhu	x3,x11,x20	 x11:0xd4716000 x20:0x00000000  x3=0x00000000
     195525.000 ns	     19551	80003ea0	3cf3b193	sltiu	x3,x7,975	  x7:0x00000000  x3=0x00000001
     195545.000 ns	     19553	80003ea4	c00af0d3	fcvt.w.s	x1,f21	 f21:0x3f800000  x1=0x00000001
     195565.000 ns	     19555	80003ea8	00000013	addi	x0,x0,0	  x0:0x00000000
     195575.000 ns	     19556	80003eac	41fc5533	sra	x10,x24,x31	 x24:0x77c8048e x31:0x80041565 x10=0x03be4024
     195585.000 ns	     19557	80003eb0	00946133	or	x2,x8,x9	  x8:0x00000000  x9:0xd4715d62  x2=0xd4715d62
     195605.000 ns	     19559	80003eb4	d0017753	fcvt.s.w	f14,x2	  x2:0xffffffff f14=0xce2e3a8a
     195635.000 ns	     19562	80003eb8	e0048ad3	fmv.x.w	x21,f9	  f9:0x7fc00000 x21=0x7fc00000
     195675.000 ns	     19566	80003ebc	11e79ad3	fmul.s	f21,f15,f30	 f15:0x4e8c9920 f30:0x4ed25f00 f21=0x5de71392
     195705.000 ns	     19569	80003ec0	a06e1e53	flt.s	x28,f28,f6	 f28:0x00000000  f6:0x1f3504fc x28=0x00000001
     195735.000 ns	     19572	80003ec4	d01a7953	fcvt.s.wu	f18,x20	 x20:0x00000000 f18=0x00000000
     195755.000 ns	     19574	80003ec8	01c531b3	sltu	x3,x10,x28	 x10:0x03be4024 x28:0x00000001  x3=0x00000000
     195775.000 ns	     19576	80003ecc	d00322d3	fcvt.s.w	f5,x6	  x6:0x00000000  f5=0x00000000
     195815.000 ns	     19580	80003ed0	5802fa53	fsqrt.s	f20,f5	  f5:0x3f800000 f20=0x00000000
     195835.000 ns	     19582	80003ed4	f7658eb7	lui	x29,0xf7658	 x29=0xf7658000
     195855.000 ns	     19584	80003ed8	e00d98d3	fclass.s	x17,f27	 f27:0x47241893 x17=0x00000040
     195875.000 ns	     19586	80003edc	92fe3813	sltiu	x16,x28,-1745	 x28:0x00000001 x16=0x00000001
     195895.000 ns	     19588	80003ee0	289712d3	fmax.s	f5,f14,f9	 f14:0xce2e3a8a  f9:0x7fc00000  f5=0xce2e3a8a
     195925.000 ns	     19591	80003ee4	d0137753	fcvt.s.wu	f14,x6	  x6:0x00000000 f14=0x00000000
     195955.000 ns	     19594	80003ee8	20380453	fsgnj.s	f8,f16,f3	 f16:0x7fc00000  f3:0x46f0e11c  f8=0x7fc00000
     195985.000 ns	     19597	80003eec	a1342153	feq.s	x2,f8,f19	  f8:0x3f800000 f19:0x432f9787  x2=0x00000000
     196005.000 ns	     19599	80003ef0	005ad013	srli	x0,x21,0x5	 x21:0x7fc00000
     196015.000 ns	     19600	80003ef4	00b6e0b3	or	x1,x13,x11	 x13:0x546d4a9b x11:0xd4716000  x1=0xd47d6a9b
     196025.000 ns	     19601	80003ef8	0144f533	and	x10,x9,x20	  x9:0xd4715d62 x20:0x00000000 x10=0x00000000
     196035.000 ns	     19602	80003efc	53123293	sltiu	x5,x4,1329	  x4:0x00000000  x5=0x00000001
     196045.000 ns	     19603	80003f00	a481a713	slti	x14,x3,-1464	  x3:0x00000000 x14=0x00000000
     196065.000 ns	     19605	80003f04	288c8153	fmin.s	f2,f25,f8	 f25:0x7fc00000  f8:0x7fc00000  f2=0x7fc00000
     196095.000 ns	     19608	80003f08	a19b1f53	flt.s	x30,f22,f25	 f22:0x46f0e11c f25:0x7fc00000 x30=0x00000000
     196115.000 ns	     19610	80003f0c	0163ffb3	and	x31,x7,x22	  x7:0x00000000 x22:0xfffffc69 x31=0x00000000
     196125.000 ns	     19611	80003f10	00000013	addi	x0,x0,0	  x0:0x00000000
     196145.000 ns	     19613	80003f14	c002af53	fcvt.w.s	x30,f5	  f5:0xce2e3a8a x30=0xd4715d80
     196175.000 ns	     19616	80003f18	a15e11d3	flt.s	x3,f28,f21	 f28:0x00000000 f21:0x5de71392  x3=0x00000001
     196195.000 ns	     19618	80003f1c	0059fcb3	and	x25,x19,x5	 x19:0x00000000  x5:0x00000001 x25=0x00000000
     196215.000 ns	     19620	80003f20	0262f9b3	remu	x19,x5,x6	  x5:0x00000001  x6:0x00000000 x19=0x00000001
     196235.000 ns	     19622	80003f24	01c0d9b3	srl	x19,x1,x28	  x1:0xd47d6a9b x28:0x00000001 x19=0x6a3eb54d
     196255.000 ns	     19624	80003f28	034b30b3	mulhu	x1,x22,x20	 x22:0xfffffc69 x20:0x00000000  x1=0x00000000
     196285.000 ns	     19627	80003f2c	c00faf53	fcvt.w.s	x30,f31	 f31:0xffc00000 x30=0x7fffffff
     196305.000 ns	     19629	80003f30	00dd1413	slli	x8,x26,0xd	 x26:0x80040fe4  x8=0x81fc8000
     196325.000 ns	     19631	80003f34	02dc1fb3	mulh	x31,x24,x13	 x24:0x77c8048e x13:0x546d4a9b x31=0x2780c490
     196345.000 ns	     19633	80003f38	005412b3	sll	x5,x8,x5	  x8:0x00000000  x5:0x00000001  x5=0x03f90000
     196355.000 ns	     19634	80003f3c	00039233	sll	x4,x7,x0	  x7:0x00000000  x0:0x00000000  x4=0x00000000
     196375.000 ns	     19636	80003f40	02d08333	mul	x6,x1,x13	  x1:0x00000000 x13:0x546d4a9b  x6=0x00000000
     196745.000 ns	     19673	80003f44	03024a33	div	x20,x4,x16	  x4:0x00000000 x16:0x00000001 x20=0x00000000
     196775.000 ns	     19676	80003f48	d00d18d3	fcvt.s.w	f17,x26	 x26:0x80040fe4 f17=0xcefff7e0
     196805.000 ns	     19679	80003f4c	21e59cd3	fsgnjn.s	f25,f11,f30	 f11:0x7fc00000 f30:0x4ed25f00 f25=0xffc00000
     196825.000 ns	     19681	80003f50	91ee3c13	sltiu	x24,x28,-1762	 x28:0x00000001 x24=0x00000001
     196845.000 ns	     19683	80003f54	218b9ad3	fsgnjn.s	f21,f23,f24	 f23:0x47135af8 f24:0x7fc00000 f21=0xc7135af8
     196885.000 ns	     19687	80003f58	19cdf053	fdiv.s	f0,f27,f28	 f27:0x47241893 f28:0x00000000  f0=0x7f800000
     196915.000 ns	     19690	80003f5c	038c0433	mul	x8,x24,x24	 x24:0x00000001 x24:0x00000001  x8=0x00000001
     196955.000 ns	     19694	80003f60	19d87dd3	fdiv.s	f27,f16,f29	 f16:0x7fc00000 f29:0xff800000 f27=0x7fc00000
     196975.000 ns	     19696	80003f64	751ce313	ori	x6,x25,1873	 x25:0x00000000  x6=0x00000751
     196985.000 ns	     19697	80003f68	00000013	addi	x0,x0,0	  x0:0x00000000
     197005.000 ns	     19699	80003f6c	28d09cd3	fmax.s	f25,f1,f13	  f1:0x7fc00000 f13:0x42d063b4 f25=0x42d063b4
     197035.000 ns	     19702	80003f70	03f21233	mulh	x4,x4,x31	  x4:0x00000000 x31:0x2780c490  x4=0x00000000
     197055.000 ns	     19704	80003f74	07d4f837	lui	x16,0x7d4f	 x16=0x07d4f000
     197075.000 ns	     19706	80003f78	d01bb453	fcvt.s.wu	f8,x23	 x23:0x90d4add0  f8=0x4f10d4ae
     197105.000 ns	     19709	80003f7c	d01228d3	fcvt.s.wu	f17,x4	  x4:0x00000000 f17=0x00000000
     197135.000 ns	     19712	80003f80	e00f05d3	fmv.x.w	x11,f30	 f30:0x4ed25f00 x11=0x4ed25f00
     197165.000 ns	     19715	80003f84	21c29653	fsgnjn.s	f12,f5,f28	  f5:0xce2e3a8a f28:0x00000000 f12=0xce2e3a8a
     197195.000 ns	     19718	80003f88	f0028dd3	fmv.w.x	f27,x5	  x5:0x03f90000 f27=0x03f90000
     197215.000 ns	     19720	80003f8c	41a0dc13	srai	x24,x1,0x1a	  x1:0x00000000 x24=0x00000000
     197225.000 ns	     19721	80003f90	014e20b3	slt	x1,x28,x20	 x28:0x00000001 x20:0x00000000  x1=0x00000000
     197235.000 ns	     19722	80003f94	2e2f7413	andi	x8,x30,738	 x30:0x7fffffff  x8=0x000002e2
     197245.000 ns	     19723	80003f98	41ae0633	sub	x12,x28,x26	 x28:0x00000001 x26:0x80040fe4 x12=0x7ffbf01d
     197255.000 ns	     19724	80003f9c	404ed493	srai	x9,x29,0x4	 x29:0xf7658000  x9=0xff765800
     197295.000 ns	     19728	80003fa0	0154ffd3	fadd.s	f31,f9,f21	  f9:0x7fc00000 f21:0xc7135af8 f31=0x7fc00000
     197325.000 ns	     19731	80003fa4	0225c8b3	div	x17,x11,x2	 x11:0x4ed25f00  x2:0x00000000 x17=0xffffffff
     197345.000 ns	     19733	80003fa8	01737eb3	and	x29,x6,x23	  x6:0x00000751 x23:0x90d4add0 x29=0x00000550
     197365.000 ns	     19735	80003fac	c00dc053	fcvt.w.s	x0,f27	 f27:0x03f90000
     197395.000 ns	     19738	80003fb0	034f50b3	divu	x1,x30,x20	 x30:0x7fffffff x20:0x00000000  x1=0xffffffff
     197425.000 ns	     19741	80003fb4	e0098a53	fmv.x.w	x20,f19	 f19:0x432f9787 x20=0x432f9787
     197455.000 ns	     19744	80003fb8	a1d090d3	flt.s	x1,f1,f29	  f1:0x7fc00000 f29:0xff800000  x1=0x00000000
     197475.000 ns	     19746	80003fbc	01eeb333	sltu	x6,x29,x30	 x29:0x00000550 x30:0x7fffffff  x6=0x00000001
     197495.000 ns	     19748	80003fc0	0276a8b3	mulhsu	x17,x13,x7	 x13:0x546d4a9b  x7:0x00000000 x17=0x00000000
     197515.000 ns	     19750	80003fc4	00752e33	slt	x28,x10,x7	 x10:0x00000000  x7:0x00000000 x28=0x00000000
     197525.000 ns	     19751	80003fc8	abea7493	andi	x9,x20,-1346	 x20:0x432f9787  x9=0x432f9286
     197545.000 ns	     19753	80003fcc	21bd0553	fsgnj.s	f10,f26,f27	 f26:0x41e80000 f27:0x03f90000 f10=0x41e80000
     197565.000 ns	     19755	80003fd0	00f4b8b3	sltu	x17,x9,x15	  x9:0xff765800 x15:0x77c8048e x17=0x00000001
     197575.000 ns	     19756	80003fd4	01319b33	sll	x22,x3,x19	  x3:0x00000001 x19:0x6a3eb54d x22=0x00002000
     197585.000 ns	     19757	80003fd8	cb46d717	auipc	x14,0xcb46d	 x14=0x4b470fd8
     197615.000 ns	     19760	80003fdc	580c2753	fsqrt.s	f14,f24	 f24:0x7fc00000 f14=0x7fc00000
     197635.000 ns	     19762	80003fe0	42128893	addi	x17,x5,1057	  x5:0x03f90000 x17=0x03f90421
     197665.000 ns	     19765	80003fe4	191bf853	fdiv.s	f16,f23,f17	 f23:0x47135af8 f17:0x00000000 f16=0x7f800000
     197685.000 ns	     19767	80003fe8	e76fc593	xori	x11,x31,-394	 x31:0x2780c490 x11=0xd87f3ae6
     197705.000 ns	     19769	80003fec	f00b8dd3	fmv.w.x	f27,x23	 x23:0x90d4add0 f27=0x90d4add0
     197725.000 ns	     19771	80003ff0	0184c633	xor	x12,x9,x24	  x9:0x432f9286 x24:0x00000000 x12=0x432f9286
     197745.000 ns	     19773	80003ff4	a0788653	fle.s	x12,f17,f7	 f17:0x00000000  f7:0x7fc00000 x12=0x00000000
     197795.000 ns	     19778	80003ff8	0942c6d3	fsub.s	f13,f5,f20	  f5:0xce2e3a8a f20:0x00000000 f13=0xce2e3a8a
     197825.000 ns	     19781	80003ffc	20d703d3	fsgnj.s	f7,f14,f13	 f14:0x7fc00000 f13:0x42d063b4  f7=0xffc00000
     197845.000 ns	     19783	80004000	405185b3	sub	x11,x3,x5	  x3:0x00000001  x5:0x03f90000 x11=0xfc070001
     197885.000 ns	     19787	80004004	00fd2b53	fadd.s	f22,f26,f15	 f26:0x41e80000 f15:0x4e8c9920 f22=0x4e8c9920
     197905.000 ns	     19789	80004008	418606b3	sub	x13,x12,x24	 x12:0x00000000 x24:0x00000000 x13=0x00000000
     197925.000 ns	     19791	8000400c	02672f33	mulhsu	x30,x14,x6	 x14:0x4b470fd8  x6:0x00000001 x30=0x00000000
     197975.000 ns	     19796	80004010	08b19fd3	fsub.s	f31,f3,f11	  f3:0x46f0e11c f11:0x7fc00000 f31=0x7fc00000
     197995.000 ns	     19798	80004014	07960293	addi	x5,x12,121	 x12:0x00000000  x5=0x00000079
     198005.000 ns	     19799	80004018	00509c13	slli	x24,x1,0x5	  x1:0x00000000 x24=0x00000000
     198025.000 ns	     19801	8000401c	f0000853	fmv.w.x	f16,x0	  x0:0x00000000 f16=0x00000000
     198045.000 ns	     19803	80004020	01ed1533	sll	x10,x26,x30	 x26:0x80040fe4 x30:0x00000000 x10=0x80040fe4
     198065.000 ns	     19805	80004024	f0070c53	fmv.w.x	f24,x14	 x14:0x4b470fd8 f24=0x4b470fd8
     198095.000 ns	     19808	80004028	20001c53	fsgnjn.s	f24,f0,f0	  f0:0x7f800000  f0:0x7f800000 f24=0xff800000
     198115.000 ns	     19810	8000402c	94138993	addi	x19,x7,-1727	  x7:0x00000000 x19=0xfffff941
     198125.000 ns	     19811	80004030	001a5393	srli	x7,x20,0x1	 x20:0x432f9787  x7=0x2197cbc3
     198135.000 ns	     19812	80004034	0045d533	srl	x10,x11,x4	 x11:0xfc070001  x4:0x00000000 x10=0xfc070001
     198155.000 ns	     19814	80004038	a0ae2953	feq.s	x18,f28,f10	 f28:0x00000000 f10:0x41e80000 x18=0x00000000
     198185.000 ns	     19817	8000403c	e00f0953	fmv.x.w	x18,f30	 f30:0x4ed25f00 x18=0x4ed25f00
     198205.000 ns	     19819	80004040	d62dbf13	sltiu	x30,x27,-670	 x27:0x80041024 x30=0x00000001
     198215.000 ns	     19820	80004044	33cfc917	auipc	x18,0x33cfc	 x18=0xb3d00044
     198235.000 ns	     19822	80004048	20288753	fsgnj.s	f14,f17,f2	 f17:0x00000000  f2:0x7fc00000 f14=0x00000000
     198265.000 ns	     19825	8000404c	28be9553	fmax.s	f10,f29,f11	 f29:0xff800000 f11:0x7fc00000 f10=0xff800000
     198285.000 ns	     19827	80004050	7759f813	andi	x16,x19,1909	 x19:0xfffff941 x16=0x00000141
     198295.000 ns	     19828	80004054	40c754b3	sra	x9,x14,x12	 x14:0x4b470fd8 x12:0x00000000  x9=0x4b470fd8
     198305.000 ns	     19829	80004058	400083b3	sub	x7,x1,x0	  x1:0x00000000  x0:0x00000000  x7=0x00000000
     198665.000 ns	     19865	8000405c	02536c33	rem	x24,x6,x5	  x6:0x00000001  x5:0x00000079 x24=0x00000001
     198715.000 ns	     19870	80004060	00c1f253	fadd.s	f4,f3,f12	  f3:0x46f0e11c f12:0xce2e3a8a  f4=0xce2e38a8
     198735.000 ns	     19872	80004064	40ca8cb3	sub	x25,x21,x12	 x21:0x7fc00000 x12:0x00000000 x25=0x7fc00000
     198755.000 ns	     19874	80004068	f00f0d53	fmv.w.x	f26,x30	 x30:0x00000001 f26=0x00000001
     198805.000 ns	     19879	8000406c	00830553	fadd.s	f10,f6,f8	  f6:0x1f3504fc  f8:0x4f10d4ae f10=0x4f10d4ae
     198835.000 ns	     19882	80004070	e0061cd3	fclass.s	x25,f12	 f12:0xce2e3a8a x25=0x00000002
     198865.000 ns	     19885	80004074	d002a153	fcvt.s.w	f2,x5	  x5:0x00000079  f2=0x42f20000
     198885.000 ns	     19887	80004078	b250ec13	ori	x24,x1,-1243	  x1:0x00000000 x24=0xfffffb25
     198895.000 ns	     19888	8000407c	250fd5b7	lui	x11,0x250fd	 x11=0x250fd000
     198905.000 ns	     19889	80004080	00c500b3	add	x1,x10,x12	 x10:0xfc070001 x12:0x00000000  x1=0xfc070001
     198915.000 ns	     19890	80004084	b24f4b93	xori	x23,x30,-1244	 x30:0x00000001 x23=0xfffffb25
     198945.000 ns	     19893	80004088	1896f953	fdiv.s	f18,f13,f9	 f13:0xce2e3a8a  f9:0x7fc00000 f18=0x7fc00000
     198985.000 ns	     19897	8000408c	580dba53	fsqrt.s	f20,f27	 f27:0x90d4add0 f20=0x7fc00000
     199325.000 ns	     19931	80004090	18a1a5d3	fdiv.s	f11,f3,f10	  f3:0x46f0e11c f10:0x4f10d4ae f11=0x36f0e11c
     199355.000 ns	     19934	80004094	e00481d3	fmv.x.w	x3,f9	  f9:0x7fc00000  x3=0x7fc00000
     199385.000 ns	     19937	80004098	20309053	fsgnjn.s	f0,f1,f3	  f1:0x7fc00000  f3:0x46f0e11c  f0=0xffc00000
     199415.000 ns	     19940	8000409c	e0061653	fclass.s	x12,f12	 f12:0xce2e3a8a x12=0x00000002
     199785.000 ns	     19977	800040a0	0345f333	remu	x6,x11,x20	 x11:0x250fd000 x20:0x432f9787  x6=0x250fd000
     199805.000 ns	     19979	800040a4	005eb733	sltu	x14,x29,x5	 x29:0x00000550  x5:0x00000079 x14=0x00000000
     199835.000 ns	     19982	800040a8	11d177d3	fmul.s	f15,f2,f29	  f2:0x42f20000 f29:0xff800000 f15=0xff800000
     199855.000 ns	     19984	800040ac	00192b33	slt	x22,x18,x1	 x18:0xb3d00044  x1:0xfc070001 x22=0x00000001
     199865.000 ns	     19985	800040b0	00a0a3b3	slt	x7,x1,x10	  x1:0xfc070001 x10:0xfc070001  x7=0x00000000
     199885.000 ns	     19987	800040b4	e0058cd3	fmv.x.w	x25,f11	 f11:0x36f0e11c x25=0x36f0e11c
     199905.000 ns	     19989	800040b8	0048df33	srl	x30,x17,x4	 x17:0x03f90421  x4:0x00000000 x30=0x03f90421
     199925.000 ns	     19991	800040bc	a1438053	fle.s	x0,f7,f20	  f7:0xffc00000 f20:0x7fc00000
     199945.000 ns	     19993	800040c0	0065d193	srli	x3,x11,0x6	 x11:0x250fd000  x3=0x00943f40
     199955.000 ns	     19994	800040c4	7a637a13	andi	x20,x6,1958	  x6:0x250fd000 x20=0x00000000
     199975.000 ns	     19996	800040c8	a06d0ed3	fle.s	x29,f26,f6	 f26:0x00000001  f6:0x1f3504fc x29=0x00000001
     199995.000 ns	     19998	800040cc	01bef033	and	x0,x29,x27	 x29:0x00000550 x27:0x80041024
     200015.000 ns	     20000	800040d0	a0ae2cd3	feq.s	x25,f28,f10	 f28:0x00000000 f10:0x4f10d4ae x25=0x00000000
     200045.000 ns	     20003	800040d4	038d90b3	mulh	x1,x27,x24	 x27:0x80041024 x24:0xfffffb25  x1=0x0000026d
     200065.000 ns	     20005	800040d8	00f163b3	or	x7,x2,x15	  x2:0x00000000 x15:0x77c8048e  x7=0x77c8048e
     200075.000 ns	     20006	800040dc	6a284613	xori	x12,x16,1698	 x16:0x00000141 x12=0x000007e3
     200095.000 ns	     20008	800040e0	c0029a53	fcvt.w.s	x20,f5	  f5:0xce2e3a8a x20=0xd4715d80
     200125.000 ns	     20011	800040e4	20a825d3	fsgnjx.s	f11,f16,f10	 f16:0x00000000 f10:0x4f10d4ae f11=0x00000000
     200155.000 ns	     20014	800040e8	d013bcd3	fcvt.s.wu	f25,x7	  x7:0x77c8048e f25=0x4eef900a
     200175.000 ns	     20016	800040ec	400ed4b3	sra	x9,x29,x0	 x29:0x00000001  x0:0x00000000  x9=0x00000001
     200195.000 ns	     20018	800040f0	c00f7053	fcvt.w.s	x0,f30	 f30:0x4ed25f00
     200225.000 ns	     20021	800040f4	a092abd3	feq.s	x23,f5,f9	  f5:0xce2e3a8a  f9:0x7fc00000 x23=0x00000000
     200255.000 ns	     20024	800040f8	039eefb3	rem	x31,x29,x25	 x29:0x00000001 x25:0x00000000 x31=0x00000001
     200275.000 ns	     20026	800040fc	013d8833	add	x16,x27,x19	 x27:0x80041024 x19:0xfffff941 x16=0x80040965
     200295.000 ns	     20028	80004100	28230d53	fmin.s	f26,f6,f2	  f6:0x1f3504fc  f2:0x42f20000 f26=0x1f3504fc
     200665.000 ns	     20065	80004104	03d5eab3	rem	x21,x11,x29	 x11:0x250fd000 x29:0x00000001 x21=0x00000000
     200685.000 ns	     20067	80004108	c2926193	ori	x3,x4,-983	  x4:0x00000000  x3=0xfffffc29
     200695.000 ns	     20068	8000410c	01f9e9b3	or	x19,x19,x31	 x19:0xfffff941 x31:0x00000001 x19=0xfffff941
     200705.000 ns	     20069	80004110	01efd813	srli	x16,x31,0x1e	 x31:0x00000001 x16=0x00000000
     200715.000 ns	     20070	80004114	40a35713	srai	x14,x6,0xa	  x6:0x250fd000 x14=0x000943f4
     201045.000 ns	     20103	80004118	1829ce53	fdiv.s	f28,f19,f2	 f19:0x432f9787  f2:0x42f20000 f28=0x3fb0dd4c
     201065.000 ns	     20105	8000411c	01ba7bb3	and	x23,x20,x27	 x20:0xd4715d80 x27:0x80041024 x23=0x80001000
     201075.000 ns	     20106	80004120	dbe23493	sltiu	x9,x4,-578	  x4:0x00000000  x9=0x00000001
     201085.000 ns	     20107	80004124	c0957893	andi	x17,x10,-1015	 x10:0xfc070001 x17=0xfc070001
     201095.000 ns	     20108	80004128	00000013	addi	x0,x0,0	  x0:0x00000000
     201115.000 ns	     20110	8000412c	204c91d3	fsgnjn.s	f3,f25,f4	 f25:0x4eef900a  f4:0xce2e38a8  f3=0x4eef900a
     201135.000 ns	     20112	80004130	01a39e33	sll	x28,x7,x26	  x7:0x77c8048e x26:0x80040fe4 x28=0x7c8048e0
     201145.000 ns	     20113	80004134	6a27f113	andi	x2,x15,1698	 x15:0x77c8048e  x2=0x00000482
     201155.000 ns	     20114	80004138	133f4a93	xori	x21,x30,307	 x30:0x03f90421 x21=0x03f90512
     201165.000 ns	     20115	8000413c	08e2e193	ori	x3,x5,142	  x5:0x00000079  x3=0x000000ff
     201175.000 ns	     20116	80004140	00000013	addi	x0,x0,0	  x0:0x00000000
     201535.000 ns	     20152	80004144	0226d433	divu	x8,x13,x2	 x13:0x00000000  x2:0x00000482  x8=0x00000000
     201555.000 ns	     20154	80004148	40e558b3	sra	x17,x10,x14	 x10:0xfc070001 x14:0x000943f4 x17=0xffffffc0
     202725.000 ns	     20271	8000414c	58032ad3	fsqrt.s	f21,f6	  f6:0x1f3504fc f21=0x2effffce
     202755.000 ns	     20274	80004150	281f1753	fmax.s	f14,f30,f1	 f30:0x4ed25f00  f1:0x7fc00000 f14=0x4ed25f00
     202775.000 ns	     20276	80004154	00000013	addi	x0,x0,0	  x0:0x00000000
     202815.000 ns	     20280	80004158	08f78353	fsub.s	f6,f15,f15	 f15:0xff800000 f15:0xff800000  f6=0x00000000
     202835.000 ns	     20282	8000415c	00e4d113	srli	x2,x9,0xe	  x9:0x00000001  x2=0x00000000
     202855.000 ns	     20284	80004160	a15fa953	feq.s	x18,f31,f21	 f31:0x7fc00000 f21:0x2effffce x18=0x00000000
     202885.000 ns	     20287	80004164	f0090853	fmv.w.x	f16,x18	 x18:0xb3d00044 f16=0x00000000
     202915.000 ns	     20290	80004168	d01776d3	fcvt.s.wu	f13,x14	 x14:0x000943f4 f13=0x49143f40
     202955.000 ns	     20294	8000416c	19c0fed3	fdiv.s	f29,f1,f28	  f1:0x7fc00000 f28:0x3fb0dd4c f29=0x7fc00000
     202975.000 ns	     20296	80004170	a0f66c93	ori	x25,x12,-1521	 x12:0x000007e3 x25=0xffffffef
     202995.000 ns	     20298	80004174	a02a88d3	fle.s	x17,f21,f2	 f21:0x2effffce  f2:0x42f20000 x17=0x00000001
     203025.000 ns	     20301	80004178	d016fed3	fcvt.s.wu	f29,x13	 x13:0x00000000 f29=0x00000000
     203055.000 ns	     20304	8000417c	036e0e33	mul	x28,x28,x22	 x28:0x7c8048e0 x22:0x00000001 x28=0x7c8048e0
     203095.000 ns	     20308	80004180	103ff4d3	fmul.s	f9,f31,f3	 f31:0x7fc00000  f3:0x4eef900a  f9=0x7fc00000
     203115.000 ns	     20310	80004184	53112e93	slti	x29,x2,1329	  x2:0x00000000 x29=0x00000001
     203135.000 ns	     20312	80004188	02ef16b3	mulh	x13,x30,x14	 x30:0x03f90421 x14:0x000943f4 x13=0x000024cf
     203155.000 ns	     20314	8000418c	01439e33	sll	x28,x7,x20	  x7:0x77c8048e x20:0xd4715d80 x28=0x77c8048e
     203175.000 ns	     20316	80004190	d018b1d3	fcvt.s.wu	f3,x17	 x17:0x00000001  f3=0x3f800000
     203205.000 ns	     20319	80004194	298a8953	fmin.s	f18,f21,f24	 f21:0x2effffce f24:0xff800000 f18=0xff800000
     203225.000 ns	     20321	80004198	011fefb3	or	x31,x31,x17	 x31:0x00000001 x17:0x00000001 x31=0x00000001
     203245.000 ns	     20323	8000419c	28650053	fmin.s	f0,f10,f6	 f10:0x4f10d4ae  f6:0x00000000  f0=0x00000000
     203275.000 ns	     20326	800041a0	a04e2153	feq.s	x2,f28,f4	 f28:0x3fb0dd4c  f4:0xce2e38a8  x2=0x00000000
     203295.000 ns	     20328	800041a4	007c1593	slli	x11,x24,0x7	 x24:0xfffffb25 x11=0xfffd9280
     203305.000 ns	     20329	800041a8	00c16533	or	x10,x2,x12	  x2:0x00000000 x12:0x000007e3 x10=0x000007e3
     203315.000 ns	     20330	800041ac	01396a33	or	x20,x18,x19	 x18:0x00000000 x19:0xfffff941 x20=0xfffff941
     203335.000 ns	     20332	800041b0	21e41553	fsgnjn.s	f10,f8,f30	  f8:0x4f10d4ae f30:0x4ed25f00 f10=0xcf10d4ae
     203355.000 ns	     20334	800041b4	010d5e33	srl	x28,x26,x16	 x26:0x80040fe4 x16:0x00000000 x28=0x80040fe4
     203375.000 ns	     20336	800041b8	02884a33	div	x20,x16,x8	 x16:0x00000000  x8:0x00000000 x20=0xffffffff
     203405.000 ns	     20339	800041bc	f0018cd3	fmv.w.x	f25,x3	  x3:0x000000ff f25=0x000000ff
     203435.000 ns	     20342	800041c0	c0177fd3	fcvt.wu.s	x31,f14	 f14:0x4ed25f00 x31=0x692f8000
     203465.000 ns	     20345	800041c4	f00703d3	fmv.w.x	f7,x14	 x14:0x000943f4  f7=0x000943f4
     203485.000 ns	     20347	800041c8	0006d713	srli	x14,x13,0x0	 x13:0x000024cf x14=0x000024cf
     203495.000 ns	     20348	800041cc	0151d733	srl	x14,x3,x21	  x3:0x000000ff x21:0x03f90512 x14=0x00000000
     204665.000 ns	     20465	800041d0	5806fad3	fsqrt.s	f21,f13	 f13:0x49143f40 f21=0x43d1a688
     204685.000 ns	     20467	800041d4	00cec4b3	xor	x9,x29,x12	 x29:0x00000001 x12:0x000007e3  x9=0x000007e2
     204705.000 ns	     20469	800041d8	20cc0e53	fsgnj.s	f28,f24,f12	 f24:0xff800000 f12:0xce2e3a8a f28=0xff800000
     204725.000 ns	     20471	800041dc	01701033	sll	x0,x0,x23	  x0:0x00000000 x23:0x80001000
     204735.000 ns	     20472	800041e0	ecf9be13	sltiu	x28,x19,-305	 x19:0xfffff941 x28=0x00000001
     204745.000 ns	     20473	800041e4	00ab33b3	sltu	x7,x22,x10	 x22:0x00000001 x10:0x000007e3  x7=0x00000001
     204755.000 ns	     20474	800041e8	008bccb3	xor	x25,x23,x8	 x23:0x80001000  x8:0x00000000 x25=0x80001000
     204765.000 ns	     20475	800041ec	8b38af13	slti	x30,x17,-1869	 x17:0x00000001 x30=0x00000000
     204775.000 ns	     20476	800041f0	01d41b93	slli	x23,x8,0x1d	  x8:0x00000000 x23=0x00000000
     204795.000 ns	     20478	800041f4	a198a653	feq.s	x12,f17,f25	 f17:0x00000000 f25:0x000000ff x12=0x00000000
     204825.000 ns	     20481	800041f8	032a06b3	mul	x13,x20,x18	 x20:0xffffffff x18:0x00000000 x13=0x00000000
     204845.000 ns	     20483	800041fc	413d5833	sra	x16,x26,x19	 x26:0x80040fe4 x19:0xfffff941 x16=0xc00207f2
     204865.000 ns	     20485	80004200	f0028a53	fmv.w.x	f20,x5	  x5:0x00000079 f20=0x00000079
     204905.000 ns	     20489	80004204	10e68453	fmul.s	f8,f13,f14	 f13:0x49143f40 f14:0x4ed25f00  f8=0x5873a5cc
     204925.000 ns	     20491	80004208	00c77133	and	x2,x14,x12	 x14:0x00000000 x12:0x00000000  x2=0x00000000
     204935.000 ns	     20492	8000420c	41d30b33	sub	x22,x6,x29	  x6:0x250fd000 x29:0x00000001 x22=0x250fcfff
     204945.000 ns	     20493	80004210	41bf5493	srai	x9,x30,0x1b	 x30:0x00000000  x9=0x00000000
     204965.000 ns	     20495	80004214	02568ab3	mul	x21,x13,x5	 x13:0x00000000  x5:0x00000079 x21=0x00000000
     204995.000 ns	     20498	80004218	a0551553	flt.s	x10,f10,f5	 f10:0xcf10d4ae  f5:0xce2e3a8a x10=0x00000001
     205015.000 ns	     20500	8000421c	00b8c0b3	xor	x1,x17,x11	 x17:0x00000001 x11:0xfffd9280  x1=0xfffd9281
     205055.000 ns	     20504	80004220	087dbb53	fsub.s	f22,f27,f7	 f27:0x90d4add0  f7:0x000943f4 f22=0x90d4add0
     205085.000 ns	     20507	80004224	e0061453	fclass.s	x8,f12	 f12:0xce2e3a8a  x8=0x00000002
     205455.000 ns	     20544	80004228	02687033	remu	x0,x16,x6	 x16:0xc00207f2  x6:0x250fd000
     205475.000 ns	     20546	8000422c	b800bf97	auipc	x31,0xb800b	 x31=0x3800f22c
     205485.000 ns	     20547	80004230	f9700913	addi	x18,x0,-105	  x0:0x00000000 x18=0xffffff97
     205525.000 ns	     20551	80004234	09e74953	fsub.s	f18,f14,f30	 f14:0x4ed25f00 f30:0x4ed25f00 f18=0x80000000
     205555.000 ns	     20554	80004238	e00485d3	fmv.x.w	x11,f9	  f9:0x7fc00000 x11=0x7fc00000
     205585.000 ns	     20557	8000423c	a011a953	feq.s	x18,f3,f1	  f3:0x3f800000  f1:0x7fc00000 x18=0x00000000
     205625.000 ns	     20561	80004240	192b49d3	fdiv.s	f19,f22,f18	 f22:0x90d4add0 f18:0x80000000 f19=0x7f800000
     205655.000 ns	     20564	80004244	e00d8a53	fmv.x.w	x20,f27	 f27:0x90d4add0 x20=0x90d4add0
     205695.000 ns	     20568	80004248	58083553	fsqrt.s	f10,f16	 f16:0x00000000 f10=0x00000000
     205715.000 ns	     20570	8000424c	415ad613	srai	x12,x21,0x15	 x21:0x00000000 x12=0x00000000
     205725.000 ns	     20571	80004250	41d5d6b3	sra	x13,x11,x29	 x11:0x7fc00000 x29:0x00000001 x13=0x3fe00000
     205735.000 ns	     20572	80004254	012f2f33	slt	x30,x30,x18	 x30:0x00000000 x18:0x00000000 x30=0x00000000
     205745.000 ns	     20573	80004258	7aa46137	lui	x2,0x7aa46	  x2=0x7aa46000
     205755.000 ns	     20574	8000425c	045c2097	auipc	x1,0x45c2	  x1=0x845c625c
     205775.000 ns	     20576	80004260	030b13b3	mulh	x7,x22,x16	 x22:0x250fcfff x16:0xc00207f2  x7=0xf6bc5746
     205805.000 ns	     20579	80004264	f0018b53	fmv.w.x	f22,x3	  x3:0x000000ff f22=0x000000ff
     205835.000 ns	     20582	80004268	a132aed3	feq.s	x29,f5,f19	  f5:0xce2e3a8a f19:0x7f800000 x29=0x00000000
     205855.000 ns	     20584	8000426c	1a85c497	auipc	x9,0x1a85c	  x9=0x9a86026c
     205865.000 ns	     20585	80004270	0049b3b3	sltu	x7,x19,x4	 x19:0xfffff941  x4:0x00000000  x7=0x00000000
     205875.000 ns	     20586	80004274	41e1d993	srai	x19,x3,0x1e	  x3:0x000000ff x19=0x00000000
     205895.000 ns	     20588	80004278	02a915b3	mulh	x11,x18,x10	 x18:0x00000000 x10:0x00000001 x11=0x00000000
     205925.000 ns	     20591	8000427c	02741933	mulh	x18,x8,x7	  x8:0x00000002  x7:0x00000000 x18=0x00000000
     205945.000 ns	     20593	80004280	01920bb3	add	x23,x4,x25	  x4:0x00000000 x25:0x80001000 x23=0x80001000
     205955.000 ns	     20594	80004284	006b6e33	or	x28,x22,x6	 x22:0x250fcfff  x6:0x250fd000 x28=0x250fdfff
     205965.000 ns	     20595	80004288	40b7df93	srai	x31,x15,0xb	 x15:0x77c8048e x31=0x000ef900
     205975.000 ns	     20596	8000428c	01badc93	srli	x25,x21,0x1b	 x21:0x00000000 x25=0x00000000
     205985.000 ns	     20597	80004290	1e4102b7	lui	x5,0x1e410	  x5=0x1e410000
     206005.000 ns	     20599	80004294	03208cb3	mul	x25,x1,x18	  x1:0x845c625c x18:0x00000000 x25=0x00000000
     206025.000 ns	     20601	80004298	01038633	add	x12,x7,x16	  x7:0x00000000 x16:0xc00207f2 x12=0xc00207f2
     206045.000 ns	     20603	8000429c	2168a253	fsgnjx.s	f4,f17,f22	 f17:0x00000000 f22:0x000000ff  f4=0x00000000
     206075.000 ns	     20606	800042a0	032ea8b3	mulhsu	x17,x29,x18	 x29:0x00000000 x18:0x00000000 x17=0x00000000
     206095.000 ns	     20608	800042a4	01eeca33	xor	x20,x29,x30	 x29:0x00000000 x30:0x00000000 x20=0x00000000
     206105.000 ns	     20609	800042a8	007f1293	slli	x5,x30,0x7	 x30:0x00000000  x5=0x00000000
     206115.000 ns	     20610	800042ac	00df9413	slli	x8,x31,0xd	 x31:0x000ef900  x8=0xdf200000
     206125.000 ns	     20611	800042b0	01a19733	sll	x14,x3,x26	  x3:0x000000ff x26:0x80040fe4 x14=0x00000ff0
     206135.000 ns	     20612	800042b4	01c42cb3	slt	x25,x8,x28	  x8:0x00000002 x28:0x250fdfff x25=0x00000001
     206155.000 ns	     20614	800042b8	295c0bd3	fmin.s	f23,f24,f21	 f24:0xff800000 f21:0x43d1a688 f23=0xff800000
     207335.000 ns	     20732	800042bc	5806b553	fsqrt.s	f10,f13	 f13:0x49143f40 f10=0x43d1a688
     207365.000 ns	     20735	800042c0	294687d3	fmin.s	f15,f13,f20	 f13:0x49143f40 f20:0x00000079 f15=0x00000079
     207385.000 ns	     20737	800042c4	01449133	sll	x2,x9,x20	  x9:0x9a86026c x20:0x00000000  x2=0x9a86026c
     207745.000 ns	     20773	800042c8	03b46933	rem	x18,x8,x27	  x8:0xdf200000 x27:0x80041024 x18=0xdf200000
     208115.000 ns	     20810	800042cc	02d963b3	rem	x7,x18,x13	 x18:0x00000000 x13:0x3fe00000  x7=0xdf200000
     208135.000 ns	     20812	800042d0	017f0733	add	x14,x30,x23	 x30:0x00000000 x23:0x80001000 x14=0x80001000
     208155.000 ns	     20814	800042d4	21e39ad3	fsgnjn.s	f21,f7,f30	  f7:0x000943f4 f30:0x4ed25f00 f21=0x800943f4
     208185.000 ns	     20817	800042d8	28791b53	fmax.s	f22,f18,f7	 f18:0x80000000  f7:0x000943f4 f22=0x000943f4
     208205.000 ns	     20819	800042dc	0100a8b3	slt	x17,x1,x16	  x1:0x845c625c x16:0xc00207f2 x17=0x00000001
     208215.000 ns	     20820	800042e0	00000013	addi	x0,x0,0	  x0:0x00000000
     208225.000 ns	     20821	800042e4	006d9533	sll	x10,x27,x6	 x27:0x80041024  x6:0x250fd000 x10=0x80041024
     208245.000 ns	     20823	800042e8	20bd09d3	fsgnj.s	f19,f26,f11	 f26:0x1f3504fc f11:0x00000000 f19=0x1f3504fc
     208285.000 ns	     20827	800042ec	18ffc7d3	fdiv.s	f15,f31,f15	 f31:0x7fc00000 f15:0x00000079 f15=0x7fc00000
     208315.000 ns	     20830	800042f0	28e28553	fmin.s	f10,f5,f14	  f5:0xce2e3a8a f14:0x4ed25f00 f10=0xce2e3a8a
     208335.000 ns	     20832	800042f4	01d61233	sll	x4,x12,x29	 x12:0xc00207f2 x29:0x00000000  x4=0xc00207f2
     208355.000 ns	     20834	800042f8	210e8653	fsgnj.s	f12,f29,f16	 f29:0x00000000 f16:0x00000000 f12=0x00000000
     208375.000 ns	     20836	800042fc	41b985b3	sub	x11,x19,x27	 x19:0x00000000 x27:0x80041024 x11=0x7ffbefdc
     208395.000 ns	     20838	80004300	c01cf653	fcvt.wu.s	x12,f25	 f25:0x000000ff x12=0x00000000
     208415.000 ns	     20840	80004304	01458f33	add	x30,x11,x20	 x11:0x00000000 x20:0x00000000 x30=0x7ffbefdc
     208425.000 ns	     20841	80004308	00000013	addi	x0,x0,0	  x0:0x00000000
     208435.000 ns	     20842	8000430c	41c78f33	sub	x30,x15,x28	 x15:0x77c8048e x28:0x250fdfff x30=0x52b8248f
     208445.000 ns	     20843	80004310	91a47493	andi	x9,x8,-1766	  x8:0xdf200000  x9=0xdf200000
     208465.000 ns	     20845	80004314	284e15d3	fmax.s	f11,f28,f4	 f28:0xff800000  f4:0x00000000 f11=0x00000000
     208805.000 ns	     20879	80004318	188afad3	fdiv.s	f21,f21,f8	 f21:0x800943f4  f8:0x5873a5cc f21=0x80000000
     208835.000 ns	     20882	8000431c	a12b1553	flt.s	x10,f22,f18	 f22:0x000943f4 f18:0x80000000 x10=0x00000000
     208875.000 ns	     20886	80004320	19757853	fdiv.s	f16,f10,f23	 f10:0xce2e3a8a f23:0xff800000 f16=0x00000000
     208895.000 ns	     20888	80004324	41060233	sub	x4,x12,x16	 x12:0x00000000 x16:0xc00207f2  x4=0x3ffdf80e
     208905.000 ns	     20889	80004328	00000013	addi	x0,x0,0	  x0:0x00000000
     208925.000 ns	     20891	8000432c	20e6aa53	fsgnjx.s	f20,f13,f14	 f13:0x49143f40 f14:0x4ed25f00 f20=0x49143f40
     208955.000 ns	     20894	80004330	025ab133	mulhu	x2,x21,x5	 x21:0x00000000  x5:0x00000000  x2=0x00000000
     208985.000 ns	     20897	80004334	032faf33	mulhsu	x30,x31,x18	 x31:0x000ef900 x18:0xdf200000 x30=0x000d0cc6
     209015.000 ns	     20900	80004338	036f3633	mulhu	x12,x30,x22	 x30:0x52b8248f x22:0x250fcfff x12=0x0001e3a6
     209035.000 ns	     20902	8000433c	006e9a13	slli	x20,x29,0x6	 x29:0x00000000 x20=0x00000000
     209055.000 ns	     20904	80004340	c01c4053	fcvt.wu.s	x0,f24	 f24:0xff800000
     209425.000 ns	     20941	80004344	02b94933	div	x18,x18,x11	 x18:0xdf200000 x11:0x7ffbefdc x18=0x00000000
     209445.000 ns	     20943	80004348	00dab8b3	sltu	x17,x21,x13	 x21:0x00000000 x13:0x3fe00000 x17=0x00000001
     209465.000 ns	     20945	8000434c	20f584d3	fsgnj.s	f9,f11,f15	 f11:0x00000000 f15:0x7fc00000  f9=0x00000000
     209485.000 ns	     20947	80004350	40b00fb3	sub	x31,x0,x11	  x0:0x00000000 x11:0x7ffbefdc x31=0x80041024
     209495.000 ns	     20948	80004354	194d6513	ori	x10,x26,404	 x26:0x80040fe4 x10=0x80040ff4
     209515.000 ns	     20950	80004358	21f42053	fsgnjx.s	f0,f8,f31	  f8:0x5873a5cc f31:0x7fc00000  f0=0x5873a5cc
     209535.000 ns	     20952	8000435c	00882c33	slt	x24,x16,x8	 x16:0xc00207f2  x8:0xdf200000 x24=0x00000001
     209545.000 ns	     20953	80004360	002e1533	sll	x10,x28,x2	 x28:0x250fdfff  x2:0x00000000 x10=0x250fdfff
     209565.000 ns	     20955	80004364	21999953	fsgnjn.s	f18,f19,f25	 f19:0x1f3504fc f25:0x000000ff f18=0x9f3504fc
     209585.000 ns	     20957	80004368	aa7d5137	lui	x2,0xaa7d5	  x2=0xaa7d5000
     209595.000 ns	     20958	8000436c	415408b3	sub	x17,x8,x21	  x8:0xdf200000 x21:0x00000000 x17=0xdf200000
     209605.000 ns	     20959	80004370	2f2b8213	addi	x4,x23,754	 x23:0x80001000  x4=0x800012f2
     209615.000 ns	     20960	80004374	b85b08b7	lui	x17,0xb85b0	 x17=0xb85b0000
     209625.000 ns	     20961	80004378	37ebb313	sltiu	x6,x23,894	 x23:0x80001000  x6=0x00000000
     209645.000 ns	     20963	8000437c	20be8c53	fsgnj.s	f24,f29,f11	 f29:0x00000000 f11:0x00000000 f24=0x00000000
     209665.000 ns	     20965	80004380	408e09b3	sub	x19,x28,x8	 x28:0x250fdfff  x8:0xdf200000 x19=0x45efdfff
     209685.000 ns	     20967	80004384	21168bd3	fsgnj.s	f23,f13,f17	 f13:0x49143f40 f17:0x00000000 f23=0x49143f40
     209715.000 ns	     20970	80004388	c0102753	fcvt.wu.s	x14,f0	  f0:0x5873a5cc x14=0xffffffff
     209745.000 ns	     20973	8000438c	d01bf5d3	fcvt.s.wu	f11,x23	 x23:0x80001000 f11=0x4f000010
     209775.000 ns	     20976	80004390	027713b3	mulh	x7,x14,x7	 x14:0xffffffff  x7:0xdf200000  x7=0x00000000
     209805.000 ns	     20979	80004394	e00f1953	fclass.s	x18,f30	 f30:0x4ed25f00 x18=0x00000040
     209825.000 ns	     20981	80004398	cb360ab7	lui	x21,0xcb360	 x21=0xcb360000
     209865.000 ns	     20985	8000439c	09647953	fsub.s	f18,f8,f22	  f8:0x5873a5cc f22:0x000943f4 f18=0x5873a5cc
     209895.000 ns	     20988	800043a0	293988d3	fmin.s	f17,f19,f19	 f19:0x1f3504fc f19:0x1f3504fc f17=0x1f3504fc
     209925.000 ns	     20991	800043a4	0307b633	mulhu	x12,x15,x16	 x15:0x77c8048e x16:0xc00207f2 x12=0x59d6f6b2
     209955.000 ns	     20994	800043a8	a1980ed3	fle.s	x29,f16,f25	 f16:0x00000000 f25:0x000000ff x29=0x00000001
     209985.000 ns	     20997	800043ac	038cb733	mulhu	x14,x25,x24	 x25:0x00000001 x24:0x00000001 x14=0x00000000
     210355.000 ns	     21034	800043b0	03a243b3	div	x7,x4,x26	  x4:0x800012f2 x26:0x80040fe4  x7=0x00000001
     210385.000 ns	     21037	800043b4	03ff09b3	mul	x19,x30,x31	 x30:0x000d0cc6 x31:0x80041024 x19=0x05ba2bd8
     210415.000 ns	     21040	800043b8	28838a53	fmin.s	f20,f7,f8	  f7:0x000943f4  f8:0x5873a5cc f20=0x000943f4
     210435.000 ns	     21042	800043bc	40c28133	sub	x2,x5,x12	  x5:0x00000000 x12:0x59d6f6b2  x2=0xa629094e
     210445.000 ns	     21043	800043c0	017c5613	srli	x12,x24,0x17	 x24:0x00000001 x12=0x00000000
     210465.000 ns	     21045	800043c4	e00a93d3	fclass.s	x7,f21	 f21:0x80000000  x7=0x00000008
     210485.000 ns	     21047	800043c8	07e86393	ori	x7,x16,126	 x16:0xc00207f2  x7=0xc00207fe
     210495.000 ns	     21048	800043cc	01779033	sll	x0,x15,x23	 x15:0x77c8048e x23:0x80001000
     210505.000 ns	     21049	800043d0	00000013	addi	x0,x0,0	  x0:0x00000000
     210535.000 ns	     21052	800043d4	110689d3	fmul.s	f19,f13,f16	 f13:0x49143f40 f16:0x00000000 f19=0x00000000
     210555.000 ns	     21054	800043d8	a0f12e93	slti	x29,x2,-1521	  x2:0xa629094e x29=0x00000001
     210575.000 ns	     21056	800043dc	e0041953	fclass.s	x18,f8	  f8:0x5873a5cc x18=0x00000040
     210595.000 ns	     21058	800043e0	01a65b33	srl	x22,x12,x26	 x12:0x00000000 x26:0x80040fe4 x22=0x00000000
     210605.000 ns	     21059	800043e4	4b5e8393	addi	x7,x29,1205	 x29:0x00000001  x7=0x000004b6
     210645.000 ns	     21063	800043e8	085c7853	fsub.s	f16,f24,f5	 f24:0x00000000  f5:0xce2e3a8a f16=0x4e2e3a8a
     210665.000 ns	     21065	800043ec	5bb41eb7	lui	x29,0x5bb41	 x29=0x5bb41000
     210685.000 ns	     21067	800043f0	c013a3d3	fcvt.wu.s	x7,f7	  f7:0x000943f4  x7=0x00000000
     210715.000 ns	     21070	800043f4	0342d233	divu	x4,x5,x20	  x5:0x00000000 x20:0x00000000  x4=0xffffffff
     210735.000 ns	     21072	800043f8	00550233	add	x4,x10,x5	 x10:0x250fdfff  x5:0x00000000  x4=0x250fdfff
     210755.000 ns	     21074	800043fc	d01f0653	fcvt.s.wu	f12,x30	 x30:0x000d0cc6 f12=0x4950cc60
     210785.000 ns	     21077	80004400	d00e76d3	fcvt.s.w	f13,x28	 x28:0x250fdfff f13=0x4e143f7f
     210805.000 ns	     21079	80004404	beaa8c93	addi	x25,x21,-1046	 x21:0xcb360000 x25=0xcb35fbea
     210825.000 ns	     21081	80004408	024436b3	mulhu	x13,x8,x4	  x8:0xdf200000  x4:0x250fdfff x13=0x204d761b
     210865.000 ns	     21085	8000440c	116bbe53	fmul.s	f28,f23,f22	 f23:0x49143f40 f22:0x000943f4 f28=0x082bb264
     210885.000 ns	     21087	80004410	00000013	addi	x0,x0,0	  x0:0x00000000
     210905.000 ns	     21089	80004414	025bceb3	div	x29,x23,x5	 x23:0x80001000  x5:0x00000000 x29=0xffffffff
     211275.000 ns	     21126	80004418	03da7433	remu	x8,x20,x29	 x20:0x00000000 x29:0x5bb41000  x8=0x00000000
     211305.000 ns	     21129	8000441c	0318b133	mulhu	x2,x17,x17	 x17:0xb85b0000 x17:0xb85b0000  x2=0x84c2f059
     211325.000 ns	     21131	80004420	ea9bd537	lui	x10,0xea9bd	 x10=0xea9bd000
     211335.000 ns	     21132	80004424	290f2493	slti	x9,x30,656	 x30:0x000d0cc6  x9=0x00000000
     211345.000 ns	     21133	80004428	01e57633	and	x12,x10,x30	 x10:0x250fdfff x30:0x000d0cc6 x12=0x00090000
     211355.000 ns	     21134	8000442c	e97c2193	slti	x3,x24,-361	 x24:0x00000001  x3=0x00000000
     211375.000 ns	     21136	80004430	a07b2cd3	feq.s	x25,f22,f7	 f22:0x000943f4  f7:0x000943f4 x25=0x00000001
     211745.000 ns	     21173	80004434	03736933	rem	x18,x6,x23	  x6:0x00000000 x23:0x80001000 x18=0x00000000
     211775.000 ns	     21176	80004438	20b20f53	fsgnj.s	f30,f4,f11	  f4:0x00000000 f11:0x4f000010 f30=0x00000000
     211795.000 ns	     21178	8000443c	01401613	slli	x12,x0,0x14	  x0:0x00000000 x12=0x00000000
     211805.000 ns	     21179	80004440	c5a68093	addi	x1,x13,-934	 x13:0x204d761b  x1=0x204d7275
     211815.000 ns	     21180	80004444	40f50633	sub	x12,x10,x15	 x10:0xea9bd000 x15:0x77c8048e x12=0x72d3cb72
     211835.000 ns	     21182	80004448	c0027153	fcvt.w.s	x2,f4	  f4:0x00000000  x2=0x00000000
     211865.000 ns	     21185	8000444c	0233aab3	mulhsu	x21,x7,x3	  x7:0x00000000  x3:0x00000000 x21=0x00000000
     211885.000 ns	     21187	80004450	015b7133	and	x2,x22,x21	 x22:0x00000000 x21:0xcb360000  x2=0x00000000
     211895.000 ns	     21188	80004454	0008ccb3	xor	x25,x17,x0	 x17:0xb85b0000  x0:0x00000000 x25=0xb85b0000
     211925.000 ns	     21191	80004458	181e1c53	fdiv.s	f24,f28,f1	 f28:0x082bb264  f1:0x7fc00000 f24=0x7fc00000
     211955.000 ns	     21194	8000445c	217324d3	fsgnjx.s	f9,f6,f23	  f6:0x00000000 f23:0x49143f40  f9=0x00000000
     211975.000 ns	     21196	80004460	32370693	addi	x13,x14,803	 x14:0x00000000 x13=0x00000323
     211995.000 ns	     21198	80004464	a1a80653	fle.s	x12,f16,f26	 f16:0x4e2e3a8a f26:0x1f3504fc x12=0x00000000
     212015.000 ns	     21200	80004468	0066e3b3	or	x7,x13,x6	 x13:0x204d761b  x6:0x00000000  x7=0x00000323
     212035.000 ns	     21202	8000446c	c00c79d3	fcvt.w.s	x19,f24	 f24:0x7fc00000 x19=0x7fffffff
     212065.000 ns	     21205	80004470	e0000653	fmv.x.w	x12,f0	  f0:0x5873a5cc x12=0x5873a5cc
     212105.000 ns	     21209	80004474	1933c853	fdiv.s	f16,f7,f19	  f7:0x000943f4 f19:0x00000000 f16=0x7f800000
     212135.000 ns	     21212	80004478	0229ec33	rem	x24,x19,x2	 x19:0x7fffffff  x2:0x00000000 x24=0x7fffffff
     212165.000 ns	     21215	8000447c	a03b8cd3	fle.s	x25,f23,f3	 f23:0x49143f40  f3:0x3f800000 x25=0x00000000
     212535.000 ns	     21252	80004480	037a5e33	divu	x28,x20,x23	 x20:0x00000000 x23:0x80001000 x28=0x00000000
     212555.000 ns	     21254	80004484	00ab3533	sltu	x10,x22,x10	 x22:0x00000000 x10:0xea9bd000 x10=0x00000001
     212565.000 ns	     21255	80004488	825d3693	sltiu	x13,x26,-2011	 x26:0x80040fe4 x13=0x00000001
     212575.000 ns	     21256	8000448c	e16a7613	andi	x12,x20,-490	 x20:0x00000000 x12=0x00000000
     212935.000 ns	     21292	80004490	024569b3	rem	x19,x10,x4	 x10:0x00000001  x4:0x250fdfff x19=0x00000001
     212955.000 ns	     21294	80004494	00b33433	sltu	x8,x6,x11	  x6:0x00000000 x11:0x7ffbefdc  x8=0x00000001
     212995.000 ns	     21298	80004498	093645d3	fsub.s	f11,f12,f19	 f12:0x4950cc60 f19:0x00000000 f11=0x4950cc60
     213015.000 ns	     21300	8000449c	0120be33	sltu	x28,x1,x18	  x1:0x204d7275 x18:0x00000000 x28=0x00000000
     213055.000 ns	     21304	800044a0	08c2fed3	fsub.s	f29,f5,f12	  f5:0xce2e3a8a f12:0x4950cc60 f29=0xce2e6ebd
     213085.000 ns	     21307	800044a4	c0147953	fcvt.wu.s	x18,f8	  f8:0x5873a5cc x18=0xffffffff
     213115.000 ns	     21310	800044a8	c01172d3	fcvt.wu.s	x5,f2	  f2:0x42f20000  x5=0x00000079
     213145.000 ns	     21313	800044ac	20ec9dd3	fsgnjn.s	f27,f25,f14	 f25:0x000000ff f14:0x4ed25f00 f27=0x800000ff
     213515.000 ns	     21350	800044b0	03e0d4b3	divu	x9,x1,x30	  x1:0x204d7275 x30:0x000d0cc6  x9=0x00000279
     213565.000 ns	     21355	800044b4	09a773d3	fsub.s	f7,f14,f26	 f14:0x4ed25f00 f26:0x1f3504fc  f7=0x4ed25f00
     213595.000 ns	     21358	800044b8	022773b3	remu	x7,x14,x2	 x14:0x00000000  x2:0x00000000  x7=0x00000000
     213615.000 ns	     21360	800044bc	3e63cf13	xori	x30,x7,998	  x7:0x00000323 x30=0x000003e6
     213655.000 ns	     21364	800044c0	0856f653	fsub.s	f12,f13,f5	 f13:0x4e143f7f  f5:0xce2e3a8a f12=0x4ea13d04
     213685.000 ns	     21367	800044c4	29d89153	fmax.s	f2,f17,f29	 f17:0x1f3504fc f29:0xce2e6ebd  f2=0x1f3504fc
     213705.000 ns	     21369	800044c8	012ce733	or	x14,x25,x18	 x25:0x00000000 x18:0xffffffff x14=0xffffffff
     213715.000 ns	     21370	800044cc	173e4113	xori	x2,x28,371	 x28:0x00000000  x2=0x00000173
     213735.000 ns	     21372	800044d0	d015bd53	fcvt.s.wu	f26,x11	 x11:0x7ffbefdc f26=0x4efff7e0
     213765.000 ns	     21375	800044d4	c0088cd3	fcvt.w.s	x25,f17	 f17:0x1f3504fc x25=0x00000000
     213785.000 ns	     21377	800044d8	41da5113	srai	x2,x20,0x1d	 x20:0x00000000  x2=0x00000000
     213795.000 ns	     21378	800044dc	0067b8b3	sltu	x17,x15,x6	 x15:0x77c8048e  x6:0x00000000 x17=0x00000000
     213815.000 ns	     21380	800044e0	a1771f53	flt.s	x30,f14,f23	 f14:0x4ed25f00 f23:0x49143f40 x30=0x00000000
     213845.000 ns	     21383	800044e4	21f52153	fsgnjx.s	f2,f10,f31	 f10:0xce2e3a8a f31:0x7fc00000  f2=0xce2e3a8a
     213865.000 ns	     21385	800044e8	01381713	slli	x14,x16,0x13	 x16:0xc00207f2 x14=0x3f900000
     213885.000 ns	     21387	800044ec	29061ed3	fmax.s	f29,f12,f16	 f12:0x4ea13d04 f16:0x7f800000 f29=0x7f800000
     213915.000 ns	     21390	800044f0	02c9c6b3	div	x13,x19,x12	 x19:0x00000001 x12:0x00000000 x13=0xffffffff
     213935.000 ns	     21392	800044f4	5385fc13	andi	x24,x11,1336	 x11:0x7ffbefdc x24=0x00000518
     213945.000 ns	     21393	800044f8	40dedc93	srai	x25,x29,0xd	 x29:0xffffffff x25=0xffffffff
     213965.000 ns	     21395	800044fc	a05b8953	fle.s	x18,f23,f5	 f23:0x49143f40  f5:0xce2e3a8a x18=0x00000000
     213985.000 ns	     21397	80004500	9f858f13	addi	x30,x11,-1544	 x11:0x7ffbefdc x30=0x7ffbe9d4
     214025.000 ns	     21401	80004504	00780953	fadd.s	f18,f16,f7	 f16:0x7f800000  f7:0x4ed25f00 f18=0x7f800000
     214045.000 ns	     21403	80004508	00000013	addi	x0,x0,0	  x0:0x00000000
     214055.000 ns	     21404	8000450c	54e4a117	auipc	x2,0x54e4a	  x2=0xd4e4e50c
     214075.000 ns	     21406	80004510	030090b3	mulh	x1,x1,x16	  x1:0x204d7275 x16:0xc00207f2  x1=0xf7ece4fe
     214095.000 ns	     21408	80004514	005ef433	and	x8,x29,x5	 x29:0xffffffff  x5:0x00000079  x8=0x00000079
     214105.000 ns	     21409	80004518	00c7a033	slt	x0,x15,x12	 x15:0x77c8048e x12:0x00000000
     214125.000 ns	     21411	8000451c	03df3233	mulhu	x4,x30,x29	 x30:0x7ffbe9d4 x29:0xffffffff  x4=0x7ffbe9d3
     214155.000 ns	     21414	80004520	20ffa8d3	fsgnjx.s	f17,f31,f15	 f31:0x7fc00000 f15:0x7fc00000 f17=0x7fc00000
     214185.000 ns	     21417	80004524	a1f8aed3	feq.s	x29,f17,f31	 f17:0x1f3504fc f31:0x7fc00000 x29=0x00000000
     214205.000 ns	     21419	80004528	f4e26893	ori	x17,x4,-178	  x4:0x7ffbe9d3 x17=0xffffffdf
     214215.000 ns	     21420	8000452c	00a28013	addi	x0,x5,10	  x5:0x00000079
     214225.000 ns	     21421	80004530	0145c833	xor	x16,x11,x20	 x11:0x7ffbefdc x20:0x00000000 x16=0x7ffbefdc
     214585.000 ns	     21457	80004534	0223dab3	divu	x21,x7,x2	  x7:0x00000000  x2:0xd4e4e50c x21=0x00000000
     214615.000 ns	     21460	80004538	021ba1b3	mulhsu	x3,x23,x1	 x23:0x80001000  x1:0xf7ece4fe  x3=0x84099cff
     214645.000 ns	     21463	8000453c	d01cfb53	fcvt.s.wu	f22,x25	 x25:0xffffffff f22=0x4f7fffff
     214675.000 ns	     21466	80004540	a04810d3	flt.s	x1,f16,f4	 f16:0x7f800000  f4:0x00000000  x1=0x00000000
     214705.000 ns	     21469	80004544	a1749a53	flt.s	x20,f9,f23	  f9:0x00000000 f23:0x49143f40 x20=0x00000001
     214725.000 ns	     21471	80004548	01285833	srl	x16,x16,x18	 x16:0x7ffbefdc x18:0x00000000 x16=0x7ffbefdc
     214735.000 ns	     21472	8000454c	bd5f7eb7	lui	x29,0xbd5f7	 x29=0xbd5f7000
     214755.000 ns	     21474	80004550	02e72cb3	mulhsu	x25,x14,x14	 x14:0x3f900000 x14:0x3f900000 x25=0x0fc83100
     214775.000 ns	     21476	80004554	60887613	andi	x12,x16,1544	 x16:0x7ffbefdc x12=0x00000608
     214785.000 ns	     21477	80004558	2149c217	auipc	x4,0x2149c	  x4=0xa14a0558
     214805.000 ns	     21479	8000455c	e00415d3	fclass.s	x11,f8	  f8:0x5873a5cc x11=0x00000040
     214835.000 ns	     21482	80004560	200d0553	fsgnj.s	f10,f26,f0	 f26:0x4efff7e0  f0:0x5873a5cc f10=0x4efff7e0
     214885.000 ns	     21487	80004564	08c8f653	fsub.s	f12,f17,f12	 f17:0x7fc00000 f12:0x4ea13d04 f12=0x7fc00000
     215255.000 ns	     21524	80004568	02d248b3	div	x17,x4,x13	  x4:0xa14a0558 x13:0xffffffff x17=0x5eb5faa8
     215275.000 ns	     21526	8000456c	00fb0633	add	x12,x22,x15	 x22:0x00000000 x15:0x77c8048e x12=0x77c8048e
     215285.000 ns	     21527	80004570	00f65f33	srl	x30,x12,x15	 x12:0x00000608 x15:0x77c8048e x30=0x0001df20
     215295.000 ns	     21528	80004574	00ee1293	slli	x5,x28,0xe	 x28:0x00000000  x5=0x00000000
     215335.000 ns	     21532	80004578	092e8ad3	fsub.s	f21,f29,f18	 f29:0x7f800000 f18:0x7f800000 f21=0x80000000
     215355.000 ns	     21534	8000457c	002f9593	slli	x11,x31,0x2	 x31:0x80041024 x11=0x00104090
     215375.000 ns	     21536	80004580	a043aad3	feq.s	x21,f7,f4	  f7:0x4ed25f00  f4:0x00000000 x21=0x00000000
     215745.000 ns	     21573	80004584	02bafab3	remu	x21,x21,x11	 x21:0x00000000 x11:0x00000040 x21=0x00000000
     215765.000 ns	     21575	80004588	00db1733	sll	x14,x22,x13	 x22:0x00000000 x13:0xffffffff x14=0x00000000
     215775.000 ns	     21576	8000458c	00548c33	add	x24,x9,x5	  x9:0x00000279  x5:0x00000000 x24=0x00000279
     215805.000 ns	     21579	80004590	11da1cd3	fmul.s	f25,f20,f29	 f20:0x000943f4 f29:0x7f800000 f25=0x7f800000
     215835.000 ns	     21582	80004594	202d0a53	fsgnj.s	f20,f26,f2	 f26:0x4efff7e0  f2:0xce2e3a8a f20=0xcefff7e0
     215855.000 ns	     21584	80004598	0086ca93	xori	x21,x13,8	 x13:0xffffffff x21=0xfffffff7
     216215.000 ns	     21620	8000459c	024ce6b3	rem	x13,x25,x4	 x25:0x0fc83100  x4:0xa14a0558 x13=0x0fc83100
     216235.000 ns	     21622	800045a0	00ed5493	srli	x9,x26,0xe	 x26:0x80040fe4  x9=0x00020010
     216245.000 ns	     21623	800045a4	41445833	sra	x16,x8,x20	  x8:0x00000079 x20:0x00000001 x16=0x0000003c
     216255.000 ns	     21624	800045a8	1f4c7c93	andi	x25,x24,500	 x24:0x00000279 x25=0x00000070
     217425.000 ns	     21741	800045ac	58007553	fsqrt.s	f10,f0	  f0:0x5873a5cc f10=0x4bac48d8
     217445.000 ns	     21743	800045b0	7d254297	auipc	x5,0x7d254	  x5=0xfd2585b0
     217485.000 ns	     21747	800045b4	00077c53	fadd.s	f24,f14,f0	 f14:0x4ed25f00  f0:0x5873a5cc f24=0x5873a5e6
     217535.000 ns	     21752	800045b8	00bf4953	fadd.s	f18,f30,f11	 f30:0x00000000 f11:0x4950cc60 f18=0x4950cc60
     217555.000 ns	     21754	800045bc	d40ee093	ori	x1,x29,-704	 x29:0xbd5f7000  x1=0xfffffd40
     217575.000 ns	     21756	800045c0	a0e0a353	feq.s	x6,f1,f14	  f1:0x7fc00000 f14:0x4ed25f00  x6=0x00000000
     217605.000 ns	     21759	800045c4	a0c521d3	feq.s	x3,f10,f12	 f10:0x4bac48d8 f12:0x7fc00000  x3=0x00000000
     217635.000 ns	     21762	800045c8	c0197453	fcvt.wu.s	x8,f18	 f18:0x4950cc60  x8=0x000d0cc6
     218005.000 ns	     21799	800045cc	037d7133	remu	x2,x26,x23	 x26:0x80040fe4 x23:0x80001000  x2=0x0003ffe4
     218055.000 ns	     21804	800045d0	0841bfd3	fsub.s	f31,f3,f4	  f3:0x3f800000  f4:0x00000000 f31=0x3f800000
     218075.000 ns	     21806	800045d4	99bf4bb7	lui	x23,0x99bf4	 x23=0x99bf4000
     218115.000 ns	     21810	800045d8	00477bd3	fadd.s	f23,f14,f4	 f14:0x4ed25f00  f4:0x00000000 f23=0x4ed25f00
     218485.000 ns	     21847	800045dc	030670b3	remu	x1,x12,x16	 x12:0x77c8048e x16:0x0000003c  x1=0x0000001e
     218515.000 ns	     21850	800045e0	a00991d3	flt.s	x3,f19,f0	 f19:0x00000000  f0:0x5873a5cc  x3=0x00000001
     218535.000 ns	     21852	800045e4	0115ee33	or	x28,x11,x17	 x11:0x00104090 x17:0x5eb5faa8 x28=0x5eb5fab8
     218545.000 ns	     21853	800045e8	a89ff893	andi	x17,x31,-1399	 x31:0x80041024 x17=0x80041000
     218555.000 ns	     21854	800045ec	011c2933	slt	x18,x24,x17	 x24:0x00000279 x17:0x5eb5faa8 x18=0x00000000
     218585.000 ns	     21857	800045f0	1057f753	fmul.s	f14,f15,f5	 f15:0x7fc00000  f5:0xce2e3a8a f14=0x7fc00000
     218605.000 ns	     21859	800045f4	40608c33	sub	x24,x1,x6	  x1:0x0000001e  x6:0x00000000 x24=0x0000001e
     218965.000 ns	     21895	800045f8	03927c33	remu	x24,x4,x25	  x4:0xa14a0558 x25:0x00000070 x24=0x00000058
     218985.000 ns	     21897	800045fc	ec490e93	addi	x29,x18,-316	 x18:0x00000000 x29=0xfffffec4
     218995.000 ns	     21898	80004600	417c5213	srai	x4,x24,0x17	 x24:0x00000058  x4=0x00000000
     219005.000 ns	     21899	80004604	41a88033	sub	x0,x17,x26	 x17:0x80041000 x26:0x80040fe4
     219015.000 ns	     21900	80004608	411a5f93	srai	x31,x20,0x11	 x20:0x00000001 x31=0x00000000
     219035.000 ns	     21902	8000460c	c0037f53	fcvt.w.s	x30,f6	  f6:0x00000000 x30=0x00000000
     219065.000 ns	     21905	80004610	e00f01d3	fmv.x.w	x3,f30	 f30:0x00000000  x3=0x00000000
     219095.000 ns	     21908	80004614	e00488d3	fmv.x.w	x17,f9	  f9:0x00000000 x17=0x00000000
     219125.000 ns	     21911	80004618	f0080e53	fmv.w.x	f28,x16	 x16:0x0000003c f28=0x0000003c
     219155.000 ns	     21914	8000461c	a0ab03d3	fle.s	x7,f22,f10	 f22:0x4f7fffff f10:0x4bac48d8  x7=0x00000000
     219175.000 ns	     21916	80004620	0143d4b3	srl	x9,x7,x20	  x7:0x00000000 x20:0x00000001  x9=0x00000000
     219195.000 ns	     21918	80004624	a0828553	fle.s	x10,f5,f8	  f5:0xce2e3a8a  f8:0x5873a5cc x10=0x00000001
     219215.000 ns	     21920	80004628	0127deb3	srl	x29,x15,x18	 x15:0x77c8048e x18:0x00000000 x29=0x77c8048e
     219255.000 ns	     21924	8000462c	09e7b7d3	fsub.s	f15,f15,f30	 f15:0x7fc00000 f30:0x00000000 f15=0x7fc00000
     219275.000 ns	     21926	80004630	001f48b3	xor	x17,x30,x1	 x30:0x00000000  x1:0x0000001e x17=0x0000001e
     219295.000 ns	     21928	80004634	025d00b3	mul	x1,x26,x5	 x26:0x80040fe4  x5:0xfd2585b0  x1=0xbf0060c0
     219325.000 ns	     21931	80004638	021799b3	mulh	x19,x15,x1	 x15:0x77c8048e  x1:0x0000001e x19=0xe196641c
     219345.000 ns	     21933	8000463c	017de4b3	or	x9,x27,x23	 x27:0x80041024 x23:0x99bf4000  x9=0x99bf5024
     219355.000 ns	     21934	80004640	41c886b3	sub	x13,x17,x28	 x17:0x0000001e x28:0x5eb5fab8 x13=0xa14a0566
     219365.000 ns	     21935	80004644	00371e13	slli	x28,x14,0x3	 x14:0x00000000 x28=0x00000000
     219725.000 ns	     21971	80004648	02b9e533	rem	x10,x19,x11	 x19:0xe196641c x11:0x00104090 x10=0xffff318c
     219745.000 ns	     21973	8000464c	002c1613	slli	x12,x24,0x2	 x24:0x00000058 x12=0x00000160
     219765.000 ns	     21975	80004650	020c6f33	rem	x30,x24,x0	 x24:0x00000058  x0:0x00000000 x30=0x00000058
     219785.000 ns	     21977	80004654	7f4c76b7	lui	x13,0x7f4c7	 x13=0x7f4c7000
     219805.000 ns	     21979	80004658	a0dca2d3	feq.s	x5,f25,f13	 f25:0x7f800000 f13:0x4e143f7f  x5=0x00000000
     219835.000 ns	     21982	8000465c	c01176d3	fcvt.wu.s	x13,f2	  f2:0xce2e3a8a x13=0x2b8ea280
     219865.000 ns	     21985	80004660	28241ed3	fmax.s	f29,f8,f2	  f8:0x5873a5cc  f2:0xce2e3a8a f29=0x5873a5cc
     219885.000 ns	     21987	80004664	003688b3	add	x17,x13,x3	 x13:0x2b8ea280  x3:0x00000000 x17=0x2b8ea280
     219895.000 ns	     21988	80004668	28d6c013	xori	x0,x13,653	 x13:0x2b8ea280
     219915.000 ns	     21990	8000466c	024308b3	mul	x17,x6,x4	  x6:0x00000000  x4:0x00000000 x17=0x00000000
     219955.000 ns	     21994	80004670	10bd74d3	fmul.s	f9,f26,f11	 f26:0x4efff7e0 f11:0x4950cc60  f9=0x58d0c5c0
     219985.000 ns	     21997	80004674	c0141853	fcvt.wu.s	x16,f8	  f8:0x5873a5cc x16=0xffffffff
     221165.000 ns	     22115	80004678	580ea753	fsqrt.s	f14,f29	 f29:0x5873a5cc f14=0x4bac48d8
     221185.000 ns	     22117	8000467c	7ea40513	addi	x10,x8,2026	  x8:0x000d0cc6 x10=0x000d14b0
     221205.000 ns	     22119	80004680	d0157d53	fcvt.s.wu	f26,x10	 x10:0xffff318c f26=0x49514b00
     221235.000 ns	     22122	80004684	03533133	mulhu	x2,x6,x21	  x6:0x00000000 x21:0xfffffff7  x2=0x00000000
     221255.000 ns	     22124	80004688	41ebdfb3	sra	x31,x23,x30	 x23:0x99bf4000 x30:0x00000058 x31=0xffffff99
     221275.000 ns	     22126	8000468c	0239e633	rem	x12,x19,x3	 x19:0xe196641c  x3:0x00000000 x12=0xe196641c
     221305.000 ns	     22129	80004690	28b61153	fmax.s	f2,f12,f11	 f12:0x7fc00000 f11:0x4950cc60  f2=0x4950cc60
     221325.000 ns	     22131	80004694	76067093	andi	x1,x12,1888	 x12:0xe196641c  x1=0x00000400
     221345.000 ns	     22133	80004698	020e9733	mulh	x14,x29,x0	 x29:0x77c8048e  x0:0x00000000 x14=0x00000000
     221375.000 ns	     22136	8000469c	c01e98d3	fcvt.wu.s	x17,f29	 f29:0x5873a5cc x17=0xffffffff
     221395.000 ns	     22138	800046a0	d04cb0b7	lui	x1,0xd04cb	  x1=0xd04cb000
     221405.000 ns	     22139	800046a4	003c1433	sll	x8,x24,x3	 x24:0x00000058  x3:0x00000000  x8=0x00000058
     221425.000 ns	     22141	800046a8	d0163153	fcvt.s.wu	f2,x12	 x12:0xe196641c  f2=0x4f619665
     221455.000 ns	     22144	800046ac	c0017753	fcvt.w.s	x14,f2	  f2:0x4950cc60 x14=0x7fffffff
     221825.000 ns	     22181	800046b0	03fa5bb3	divu	x23,x20,x31	 x20:0x00000001 x31:0xffffff99 x23=0x00000000
     221855.000 ns	     22184	800046b4	02ac30b3	mulhu	x1,x24,x10	 x24:0x00000058 x10:0x000d14b0  x1=0x00000000
     221875.000 ns	     22186	800046b8	016cceb3	xor	x29,x25,x22	 x25:0x00000070 x22:0x00000000 x29=0x00000070
     221885.000 ns	     22187	800046bc	4a090293	addi	x5,x18,1184	 x18:0x00000000  x5=0x000004a0
     221905.000 ns	     22189	800046c0	c00d8553	fcvt.w.s	x10,f27	 f27:0x800000ff x10=0x00000000
     221935.000 ns	     22192	800046c4	200f22d3	fsgnjx.s	f5,f30,f0	 f30:0x00000000  f0:0x5873a5cc  f5=0x00000000
     221965.000 ns	     22195	800046c8	035e39b3	mulhu	x19,x28,x21	 x28:0x00000000 x21:0xfffffff7 x19=0x00000000
     221995.000 ns	     22198	800046cc	03707c33	remu	x24,x0,x23	  x0:0x00000000 x23:0x00000000 x24=0x00000000
     222015.000 ns	     22200	800046d0	00e81cb3	sll	x25,x16,x14	 x16:0xffffffff x14:0x7fffffff x25=0x80000000
     222055.000 ns	     22204	800046d4	01e390d3	fadd.s	f1,f7,f30	  f7:0x4ed25f00 f30:0x00000000  f1=0x4ed25f00
     222075.000 ns	     22206	800046d8	01a95513	srli	x10,x18,0x1a	 x18:0x00000000 x10=0x00000000
     222095.000 ns	     22208	800046dc	d00cf7d3	fcvt.s.w	f15,x25	 x25:0x80000000 f15=0xcf000000
     222145.000 ns	     22213	800046e0	080d4dd3	fsub.s	f27,f26,f0	 f26:0x49514b00  f0:0x5873a5cc f27=0xd873a5cc
     222165.000 ns	     22215	800046e4	0064e5b3	or	x11,x9,x6	  x9:0x99bf5024  x6:0x00000000 x11=0x99bf5024
     222195.000 ns	     22218	800046e8	101ca653	fmul.s	f12,f25,f1	 f25:0x7f800000  f1:0x4ed25f00 f12=0x7f800000
     222235.000 ns	     22222	800046ec	19d2a753	fdiv.s	f14,f5,f29	  f5:0x00000000 f29:0x5873a5cc f14=0x00000000
     222265.000 ns	     22225	800046f0	29829f53	fmax.s	f30,f5,f24	  f5:0x00000000 f24:0x5873a5e6 f30=0x5873a5e6
     222295.000 ns	     22228	800046f4	e00f8f53	fmv.x.w	x30,f31	 f31:0x3f800000 x30=0x3f800000
     222325.000 ns	     22231	800046f8	0238c4b3	div	x9,x17,x3	 x17:0xffffffff  x3:0x00000000  x9=0xffffffff
     222345.000 ns	     22233	800046fc	01228033	add	x0,x5,x18	  x5:0x000004a0 x18:0x00000000
     222365.000 ns	     22235	80004700	c019f253	fcvt.wu.s	x4,f19	 f19:0x00000000  x4=0x00000000
     222395.000 ns	     22238	80004704	28460fd3	fmin.s	f31,f12,f4	 f12:0x7f800000  f4:0x00000000 f31=0x00000000
     222765.000 ns	     22275	80004708	02f170b3	remu	x1,x2,x15	  x2:0x00000000 x15:0x77c8048e  x1=0x00000000
     222785.000 ns	     22277	8000470c	008a18b3	sll	x17,x20,x8	 x20:0x00000001  x8:0x00000058 x17=0x01000000
     222805.000 ns	     22279	80004710	e0048053	fmv.x.w	x0,f9	  f9:0x58d0c5c0
     223175.000 ns	     22316	80004714	028162b3	rem	x5,x2,x8	  x2:0x00000000  x8:0x00000058  x5=0x00000000
     223195.000 ns	     22318	80004718	0039af33	slt	x30,x19,x3	 x19:0x00000000  x3:0x00000000 x30=0x00000000
     223225.000 ns	     22321	8000471c	1868aad3	fdiv.s	f21,f17,f6	 f17:0x7fc00000  f6:0x00000000 f21=0x7fc00000
     223245.000 ns	     22323	80004720	01899eb3	sll	x29,x19,x24	 x19:0x00000000 x24:0x00000000 x29=0x00000000
     223265.000 ns	     22325	80004724	28ea9e53	fmax.s	f28,f21,f14	 f21:0x7fc00000 f14:0x00000000 f28=0x00000000
     223285.000 ns	     22327	80004728	014b12b3	sll	x5,x22,x20	 x22:0x00000000 x20:0x00000001  x5=0x00000000
     223305.000 ns	     22329	8000472c	02ea34b3	mulhu	x9,x20,x14	 x20:0x00000001 x14:0x7fffffff  x9=0x00000000
     223335.000 ns	     22332	80004730	c0108a53	fcvt.wu.s	x20,f1	  f1:0x4ed25f00 x20=0x692f8000
     223365.000 ns	     22335	80004734	027b5233	divu	x4,x22,x7	 x22:0x00000000  x7:0x00000000  x4=0xffffffff
     223415.000 ns	     22340	80004738	01be1a53	fadd.s	f20,f28,f27	 f28:0x00000000 f27:0xd873a5cc f20=0xd873a5cc
     223445.000 ns	     22343	8000473c	e0041a53	fclass.s	x20,f8	  f8:0x5873a5cc x20=0x00000040
     223465.000 ns	     22345	80004740	01e39a33	sll	x20,x7,x30	  x7:0x00000000 x30:0x00000000 x20=0x00000000
     223475.000 ns	     22346	80004744	40b658b3	sra	x17,x12,x11	 x12:0xe196641c x11:0x99bf5024 x17=0xfe196641
     223485.000 ns	     22347	80004748	01db1293	slli	x5,x22,0x1d	 x22:0x00000000  x5=0x00000000
     223495.000 ns	     22348	8000474c	40f889b3	sub	x19,x17,x15	 x17:0x01000000 x15:0x77c8048e x19=0x865161b3
     223505.000 ns	     22349	80004750	01a9c0b3	xor	x1,x19,x26	 x19:0x00000000 x26:0x80040fe4  x1=0x06556e57
     223515.000 ns	     22350	80004754	4cc10213	addi	x4,x2,1228	  x2:0x00000000  x4=0x000004cc
     223535.000 ns	     22352	80004758	204ea253	fsgnjx.s	f4,f29,f4	 f29:0x5873a5cc  f4:0x00000000  f4=0x5873a5cc
     223555.000 ns	     22354	8000475c	4001dc33	sra	x24,x3,x0	  x3:0x00000000  x0:0x00000000 x24=0x00000000
     223575.000 ns	     22356	80004760	02c83c33	mulhu	x24,x16,x12	 x16:0xffffffff x12:0xe196641c x24=0xe196641b
     223945.000 ns	     22393	80004764	03b956b3	divu	x13,x18,x27	 x18:0x00000000 x27:0x80041024 x13=0x00000000
     223975.000 ns	     22396	80004768	e0071ad3	fclass.s	x21,f14	 f14:0x00000000 x21=0x00000010
     224005.000 ns	     22399	8000476c	c00df8d3	fcvt.w.s	x17,f27	 f27:0xd873a5cc x17=0x80000000
     224375.000 ns	     22436	80004770	024c6c33	rem	x24,x24,x4	 x24:0xe196641b  x4:0x000004cc x24=0xfffffb43
     224405.000 ns	     22439	80004774	207e2053	fsgnjx.s	f0,f28,f7	 f28:0x00000000  f7:0x4ed25f00  f0=0x00000000
     224435.000 ns	     22442	80004778	215fa5d3	fsgnjx.s	f11,f31,f21	 f31:0x00000000 f21:0x7fc00000 f11=0x00000000
     224455.000 ns	     22444	8000477c	73643e13	sltiu	x28,x8,1846	  x8:0x00000058 x28=0x00000001
     224465.000 ns	     22445	80004780	01055313	srli	x6,x10,0x10	 x10:0x00000000  x6=0x00000000
     224475.000 ns	     22446	80004784	bb922713	slti	x14,x4,-1095	  x4:0x000004cc x14=0x00000000
     224485.000 ns	     22447	80004788	2ff23593	sltiu	x11,x4,767	  x4:0x000004cc x11=0x00000000
     224505.000 ns	     22449	8000478c	f0068953	fmv.w.x	f18,x13	 x13:0x00000000 f18=0x00000000
     224535.000 ns	     22452	80004790	a1cb1cd3	flt.s	x25,f22,f28	 f22:0x4f7fffff f28:0x00000000 x25=0x00000000
     224555.000 ns	     22454	80004794	002599b3	sll	x19,x11,x2	 x11:0x00000000  x2:0x00000000 x19=0x00000000
     224575.000 ns	     22456	80004798	204da953	fsgnjx.s	f18,f27,f4	 f27:0xd873a5cc  f4:0x5873a5cc f18=0xd873a5cc
     224605.000 ns	     22459	8000479c	e0080153	fmv.x.w	x2,f16	 f16:0x7f800000  x2=0x7f800000
     224625.000 ns	     22461	800047a0	76059237	lui	x4,0x76059	  x4=0x76059000
     224635.000 ns	     22462	800047a4	01fdc733	xor	x14,x27,x31	 x27:0x80041024 x31:0xffffff99 x14=0x7ffbefbd
     224655.000 ns	     22464	800047a8	e0069ed3	fclass.s	x29,f13	 f13:0x4e143f7f x29=0x00000040
     224685.000 ns	     22467	800047ac	d0061a53	fcvt.s.w	f20,x12	 x12:0xe196641c f20=0xcdf34cdf
     224715.000 ns	     22470	800047b0	a0a68fd3	fle.s	x31,f13,f10	 f13:0x4e143f7f f10:0x4bac48d8 x31=0x00000000
     225085.000 ns	     22507	800047b4	02f1f933	remu	x18,x3,x15	  x3:0x00000000 x15:0x77c8048e x18=0x00000000
     225115.000 ns	     22510	800047b8	c004f5d3	fcvt.w.s	x11,f9	  f9:0x58d0c5c0 x11=0x7fffffff
     225145.000 ns	     22513	800047bc	023c36b3	mulhu	x13,x24,x3	 x24:0xfffffb43  x3:0x00000000 x13=0x00000000
     225165.000 ns	     22515	800047c0	00819cb3	sll	x25,x3,x8	  x3:0x00000000  x8:0x00000058 x25=0x00000000
     225175.000 ns	     22516	800047c4	011d10b3	sll	x1,x26,x17	 x26:0x80040fe4 x17:0x80000000  x1=0x80040fe4
     225535.000 ns	     22552	800047c8	038ff333	remu	x6,x31,x24	 x31:0x00000000 x24:0xfffffb43  x6=0x00000000
     225565.000 ns	     22555	800047cc	29d398d3	fmax.s	f17,f7,f29	  f7:0x4ed25f00 f29:0x5873a5cc f17=0x5873a5cc
     225585.000 ns	     22557	800047d0	0020cb93	xori	x23,x1,2	  x1:0x80040fe4 x23=0x80040fe6
     225615.000 ns	     22560	800047d4	1104cdd3	fmul.s	f27,f9,f16	  f9:0x58d0c5c0 f16:0x7f800000 f27=0x7f800000
     225665.000 ns	     22565	800047d8	016abad3	fadd.s	f21,f21,f22	 f21:0x7fc00000 f22:0x4f7fffff f21=0x7fc00000
     225685.000 ns	     22567	800047dc	00000013	addi	x0,x0,0	  x0:0x00000000
     225705.000 ns	     22569	800047e0	02f3aab3	mulhsu	x21,x7,x15	  x7:0x00000000 x15:0x77c8048e x21=0x00000000
     225725.000 ns	     22571	800047e4	00000013	addi	x0,x0,0	  x0:0x00000000
     225745.000 ns	     22573	800047e8	292d1d53	fmax.s	f26,f26,f18	 f26:0x49514b00 f18:0xd873a5cc f26=0x49514b00
     225775.000 ns	     22576	800047ec	294f8f53	fmin.s	f30,f31,f20	 f31:0x00000000 f20:0xcdf34cdf f30=0xcdf34cdf
     225795.000 ns	     22578	800047f0	41945593	srai	x11,x8,0x19	  x8:0x00000058 x11=0x00000000
     225805.000 ns	     22579	800047f4	ecadf317	auipc	x6,0xecadf	  x6=0x6cae37f4
     225825.000 ns	     22581	800047f8	027b7733	remu	x14,x22,x7	 x22:0x00000000  x7:0x00000000 x14=0x00000000
     225845.000 ns	     22583	800047fc	00ef4133	xor	x2,x30,x14	 x30:0x00000000 x14:0x7ffbefbd  x2=0x00000000
     225865.000 ns	     22585	80004800	d0064a53	fcvt.s.w	f20,x12	 x12:0xe196641c f20=0xcdf34cdf
     225885.000 ns	     22587	80004804	40ca01b3	sub	x3,x20,x12	 x20:0x00000000 x12:0xe196641c  x3=0x1e699be4
     226245.000 ns	     22623	80004808	02fa5933	divu	x18,x20,x15	 x20:0x00000000 x15:0x77c8048e x18=0x00000000
     226275.000 ns	     22626	8000480c	035464b3	rem	x9,x8,x21	  x8:0x00000058 x21:0x00000000  x9=0x00000058
     226305.000 ns	     22629	80004810	21e29053	fsgnjn.s	f0,f5,f30	  f5:0x00000000 f30:0xcdf34cdf  f0=0x00000000
     226335.000 ns	     22632	80004814	03388333	mul	x6,x17,x19	 x17:0x80000000 x19:0x00000000  x6=0x00000000
     226355.000 ns	     22634	80004818	00668333	add	x6,x13,x6	 x13:0x00000000  x6:0x6cae37f4  x6=0x00000000
     226365.000 ns	     22635	8000481c	01ab9693	slli	x13,x23,0x1a	 x23:0x80040fe6 x13=0x98000000
     226385.000 ns	     22637	80004820	03cb3333	mulhu	x6,x22,x28	 x22:0x00000000 x28:0x00000001  x6=0x00000000
     226405.000 ns	     22639	80004824	00000013	addi	x0,x0,0	  x0:0x00000000
     226415.000 ns	     22640	80004828	009930b3	sltu	x1,x18,x9	 x18:0x00000000  x9:0x00000058  x1=0x00000001
     226425.000 ns	     22641	8000482c	e19299b7	lui	x19,0xe1929	 x19=0xe1929000
     226435.000 ns	     22642	80004830	411d0333	sub	x6,x26,x17	 x26:0x80040fe4 x17:0x80000000  x6=0x00040fe4
     226445.000 ns	     22643	80004834	01017333	and	x6,x2,x16	  x2:0x00000000 x16:0xffffffff  x6=0x00000000
     226455.000 ns	     22644	80004838	770533b7	lui	x7,0x77053	  x7=0x77053000
     226465.000 ns	     22645	8000483c	9fb1bf37	lui	x30,0x9fb1b	 x30=0x9fb1b000
     226485.000 ns	     22647	80004840	2192ab53	fsgnjx.s	f22,f5,f25	  f5:0x00000000 f25:0x7f800000 f22=0x00000000
     226505.000 ns	     22649	80004844	c8bbc513	xori	x10,x23,-885	 x23:0x80040fe6 x10=0x7ffbf36d
     226525.000 ns	     22651	80004848	20aaad53	fsgnjx.s	f26,f21,f10	 f21:0x7fc00000 f10:0x4bac48d8 f26=0x7fc00000
     226545.000 ns	     22653	8000484c	85d4ef93	ori	x31,x9,-1955	  x9:0x00000058 x31=0xfffff85d
     226555.000 ns	     22654	80004850	013924b3	slt	x9,x18,x19	 x18:0x00000000 x19:0xe1929000  x9=0x00000000
     226915.000 ns	     22690	80004854	03cef4b3	remu	x9,x29,x28	 x29:0x00000040 x28:0x00000001  x9=0x00000000
     226945.000 ns	     22693	80004858	02950a33	mul	x20,x10,x9	 x10:0x7ffbf36d  x9:0x00000058 x20=0x00000000
     226975.000 ns	     22696	8000485c	03ee9133	mulh	x2,x29,x30	 x29:0x00000040 x30:0x9fb1b000  x2=0xffffffe7
     226995.000 ns	     22698	80004860	411dde93	srai	x29,x27,0x11	 x27:0x80041024 x29=0xffffc002
     227015.000 ns	     22700	80004864	281604d3	fmin.s	f9,f12,f1	 f12:0x7f800000  f1:0x4ed25f00  f9=0x4ed25f00
     227045.000 ns	     22703	80004868	f0090cd3	fmv.w.x	f25,x18	 x18:0x00000000 f25=0x00000000
     227075.000 ns	     22706	8000486c	d0111c53	fcvt.s.wu	f24,x2	  x2:0xffffffe7 f24=0x4f7fffff
     227095.000 ns	     22708	80004870	01499133	sll	x2,x19,x20	 x19:0xe1929000 x20:0x00000000  x2=0xe1929000
     227105.000 ns	     22709	80004874	d8960593	addi	x11,x12,-631	 x12:0xe196641c x11=0xe19661a5
     228275.000 ns	     22826	80004878	580525d3	fsqrt.s	f11,f10	 f10:0x4bac48d8 f11=0x45948009
     228295.000 ns	     22828	8000487c	005c5813	srli	x16,x24,0x5	 x24:0xfffffb43 x16=0x07ffffda
     228655.000 ns	     22864	80004880	02f2c833	div	x16,x5,x15	  x5:0x00000000 x15:0x77c8048e x16=0x00000000
     228675.000 ns	     22866	80004884	011b9033	sll	x0,x23,x17	 x23:0x80040fe6 x17:0x80000000
     228685.000 ns	     22867	80004888	894ec613	xori	x12,x29,-1900	 x29:0xffffc002 x12=0x00003896
     228705.000 ns	     22869	8000488c	2099a1d3	fsgnjx.s	f3,f19,f9	 f19:0x00000000  f9:0x4ed25f00  f3=0x00000000
     228735.000 ns	     22872	80004890	21942bd3	fsgnjx.s	f23,f8,f25	  f8:0x5873a5cc f25:0x00000000 f23=0x5873a5cc
     228755.000 ns	     22874	80004894	018bb6b3	sltu	x13,x23,x24	 x23:0x80040fe6 x24:0xfffffb43 x13=0x00000001
     229115.000 ns	     22910	80004898	023dc233	div	x4,x27,x3	 x27:0x80041024  x3:0x1e699be4  x4=0xfffffffc
     229145.000 ns	     22913	8000489c	02d008b3	mul	x17,x0,x13	  x0:0x00000000 x13:0x98000000 x17=0x00000000
     229175.000 ns	     22916	800048a0	03190cb3	mul	x25,x18,x17	 x18:0x00000000 x17:0x80000000 x25=0x00000000
     229195.000 ns	     22918	800048a4	85e97413	andi	x8,x18,-1954	 x18:0x00000000  x8=0x00000000
     229205.000 ns	     22919	800048a8	00000013	addi	x0,x0,0	  x0:0x00000000
     229225.000 ns	     22921	800048ac	03d11b33	mulh	x22,x2,x29	  x2:0xe1929000 x29:0xffffc002 x22=0x0000079b
     229255.000 ns	     22924	800048b0	d01c9bd3	fcvt.s.wu	f23,x25	 x25:0x00000000 f23=0x00000000
     229285.000 ns	     22927	800048b4	f00584d3	fmv.w.x	f9,x11	 x11:0xe19661a5  f9=0xe19661a5
     229305.000 ns	     22929	800048b8	efb23b13	sltiu	x22,x4,-261	  x4:0xfffffffc x22=0x00000000
     229325.000 ns	     22931	800048bc	e0028c53	fmv.x.w	x24,f5	  f5:0x00000000 x24=0x00000000
     229345.000 ns	     22933	800048c0	00e6d593	srli	x11,x13,0xe	 x13:0x00000001 x11=0x00000000
     229355.000 ns	     22934	800048c4	0022d0b3	srl	x1,x5,x2	  x5:0x00000000  x2:0xe1929000  x1=0x00000000
     229375.000 ns	     22936	800048c8	29e98e53	fmin.s	f28,f19,f30	 f19:0x00000000 f30:0xcdf34cdf f28=0xcdf34cdf
     229405.000 ns	     22939	800048cc	02b3c433	div	x8,x7,x11	  x7:0x77053000 x11:0x00000000  x8=0xffffffff
     229425.000 ns	     22941	800048d0	e3aab893	sltiu	x17,x21,-454	 x21:0x00000000 x17=0x00000001
     229435.000 ns	     22942	800048d4	01a80533	add	x10,x16,x26	 x16:0x00000000 x26:0x80040fe4 x10=0x80040fe4
     229445.000 ns	     22943	800048d8	01cab6b3	sltu	x13,x21,x28	 x21:0x00000000 x28:0x00000001 x13=0x00000001
     229465.000 ns	     22945	800048dc	a13f02d3	fle.s	x5,f30,f19	 f30:0xcdf34cdf f19:0x00000000  x5=0x00000001
     229485.000 ns	     22947	800048e0	beaf0213	addi	x4,x30,-1046	 x30:0x9fb1b000  x4=0x9fb1abea
     229495.000 ns	     22948	800048e4	40a85733	sra	x14,x16,x10	 x16:0x00000000 x10:0x80040fe4 x14=0x00000000
     229515.000 ns	     22950	800048e8	d0157cd3	fcvt.s.wu	f25,x10	 x10:0x80040fe4 f25=0x4f00040f
     229545.000 ns	     22953	800048ec	297981d3	fmin.s	f3,f19,f23	 f19:0x00000000 f23:0x00000000  f3=0x00000000
     229565.000 ns	     22955	800048f0	007f9e13	slli	x28,x31,0x7	 x31:0xfffff85d x28=0xfffc2e80
     229575.000 ns	     22956	800048f4	0176d413	srli	x8,x13,0x17	 x13:0x00000001  x8=0x00000000
     229935.000 ns	     22992	800048f8	03dfc4b3	div	x9,x31,x29	 x31:0xfffff85d x29:0xffffc002  x9=0x00000000
     229965.000 ns	     22995	800048fc	e0051cd3	fclass.s	x25,f10	 f10:0x4bac48d8 x25=0x00000040
     229995.000 ns	     22998	80004900	d0089d53	fcvt.s.w	f26,x17	 x17:0x00000001 f26=0x3f800000
     230025.000 ns	     23001	80004904	a1dd1b53	flt.s	x22,f26,f29	 f26:0x7fc00000 f29:0x5873a5cc x22=0x00000001
     230065.000 ns	     23005	80004908	1193ff53	fmul.s	f30,f7,f25	  f7:0x4ed25f00 f25:0x4f00040f f30=0x5e5265ac
     230085.000 ns	     23007	8000490c	018f3fb3	sltu	x31,x30,x24	 x30:0x9fb1b000 x24:0x00000000 x31=0x00000000
     230105.000 ns	     23009	80004910	21c511d3	fsgnjn.s	f3,f10,f28	 f10:0x4bac48d8 f28:0xcdf34cdf  f3=0x4bac48d8
     230155.000 ns	     23014	80004914	013739d3	fadd.s	f19,f14,f19	 f14:0x00000000 f19:0x00000000 f19=0x00000000
     230205.000 ns	     23019	80004918	0105b8d3	fadd.s	f17,f11,f16	 f11:0x45948009 f16:0x7f800000 f17=0x7f800000
     230235.000 ns	     23022	8000491c	21eeaed3	fsgnjx.s	f29,f29,f30	 f29:0x5873a5cc f30:0x5e5265ac f29=0x5873a5cc
     230255.000 ns	     23024	80004920	003e26b3	slt	x13,x28,x3	 x28:0xfffc2e80  x3:0x1e699be4 x13=0x00000001
     230275.000 ns	     23026	80004924	206b8cd3	fsgnj.s	f25,f23,f6	 f23:0x00000000  f6:0x00000000 f25=0x00000000
     230295.000 ns	     23028	80004928	00220ab3	add	x21,x4,x2	  x4:0x9fb1abea  x2:0xe1929000 x21=0x81443bea
     230305.000 ns	     23029	8000492c	005f3433	sltu	x8,x30,x5	 x30:0x9fb1b000  x5:0x00000001  x8=0x00000000
     230325.000 ns	     23031	80004930	21990b53	fsgnj.s	f22,f18,f25	 f18:0xd873a5cc f25:0x00000000 f22=0x5873a5cc
     230345.000 ns	     23033	80004934	70e46193	ori	x3,x8,1806	  x8:0x00000000  x3=0x0000070e
     230365.000 ns	     23035	80004938	20b224d3	fsgnjx.s	f9,f4,f11	  f4:0x5873a5cc f11:0x45948009  f9=0x5873a5cc
     230395.000 ns	     23038	8000493c	c0069ed3	fcvt.w.s	x29,f13	 f13:0x4e143f7f x29=0x250fdfc0
     230425.000 ns	     23041	80004940	20b09bd3	fsgnjn.s	f23,f1,f11	  f1:0x4ed25f00 f11:0x45948009 f23=0xced25f00
     230455.000 ns	     23044	80004944	a0e91653	flt.s	x12,f18,f14	 f18:0xd873a5cc f14:0x00000000 x12=0x00000001
     230475.000 ns	     23046	80004948	809c4613	xori	x12,x24,-2039	 x24:0x00000000 x12=0xfffff809
     230805.000 ns	     23079	8000494c	18abfa53	fdiv.s	f20,f23,f10	 f23:0xced25f00 f10:0x4bac48d8 f20=0xc2525f00
     230835.000 ns	     23082	80004950	f0020dd3	fmv.w.x	f27,x4	  x4:0x9fb1abea f27=0x9fb1abea
     230855.000 ns	     23084	80004954	cdfd7337	lui	x6,0xcdfd7	  x6=0xcdfd7000
     230865.000 ns	     23085	80004958	41150ab3	sub	x21,x10,x17	 x10:0x80040fe4 x17:0x00000001 x21=0x80040fe3
     230875.000 ns	     23086	8000495c	41abd033	sra	x0,x23,x26	 x23:0x80040fe6 x26:0x80040fe4
     230895.000 ns	     23088	80004960	d0142753	fcvt.s.wu	f14,x8	  x8:0x00000000 f14=0x00000000
     230925.000 ns	     23091	80004964	e0061bd3	fclass.s	x23,f12	 f12:0x7f800000 x23=0x00000080
     230945.000 ns	     23093	80004968	0080de33	srl	x28,x1,x8	  x1:0x00000000  x8:0x00000000 x28=0x00000000
     230965.000 ns	     23095	8000496c	21a30853	fsgnj.s	f16,f6,f26	  f6:0x00000000 f26:0x3f800000 f16=0x00000000
     230985.000 ns	     23097	80004970	a6b37a93	andi	x21,x6,-1429	  x6:0xcdfd7000 x21=0xcdfd7000
     230995.000 ns	     23098	80004974	016904b3	add	x9,x18,x22	 x18:0x00000000 x22:0x00000001  x9=0x00000001
     231015.000 ns	     23100	80004978	02ab1bb3	mulh	x23,x22,x10	 x22:0x00000001 x10:0x80040fe4 x23=0xffffffff
     231045.000 ns	     23103	8000497c	c000a953	fcvt.w.s	x18,f1	  f1:0x4ed25f00 x18=0x692f8000
     231065.000 ns	     23105	80004980	5563b2b7	lui	x5,0x5563b	  x5=0x5563b000
     231085.000 ns	     23107	80004984	c010ab53	fcvt.wu.s	x22,f1	  f1:0x4ed25f00 x22=0x692f8000
     231115.000 ns	     23110	80004988	e00815d3	fclass.s	x11,f16	 f16:0x00000000 x11=0x00000010
     231145.000 ns	     23113	8000498c	02c3ac33	mulhsu	x24,x7,x12	  x7:0x77053000 x12:0xfffff809 x24=0x77052c4c
     231515.000 ns	     23150	80004990	027160b3	rem	x1,x2,x7	  x2:0xe1929000  x7:0x77053000  x1=0xe1929000
     231545.000 ns	     23153	80004994	29e298d3	fmax.s	f17,f5,f30	  f5:0x00000000 f30:0x5e5265ac f17=0x5e5265ac
     231565.000 ns	     23155	80004998	00186fb3	or	x31,x16,x1	 x16:0x00000000  x1:0xe1929000 x31=0xe1929000
     231575.000 ns	     23156	8000499c	00e6c933	xor	x18,x13,x14	 x13:0x00000001 x14:0x00000000 x18=0x00000001
     231585.000 ns	     23157	800049a0	77124113	xori	x2,x4,1905	  x4:0x9fb1abea  x2=0x9fb1ac9b
     231615.000 ns	     23160	800049a4	580af353	fsqrt.s	f6,f21	 f21:0x7fc00000  f6=0x7fc00000
     231985.000 ns	     23197	800049a8	0399db33	divu	x22,x19,x25	 x19:0xe1929000 x25:0x00000040 x22=0x03864a40
     232005.000 ns	     23199	800049ac	00375c33	srl	x24,x14,x3	 x14:0x00000000  x3:0x0000070e x24=0x00000000
     232035.000 ns	     23202	800049b0	11e2f753	fmul.s	f14,f5,f30	  f5:0x00000000 f30:0x5e5265ac f14=0x00000000
     232065.000 ns	     23205	800049b4	21781353	fsgnjn.s	f6,f16,f23	 f16:0x00000000 f23:0xced25f00  f6=0x00000000
     232095.000 ns	     23208	800049b8	02721ab3	mulh	x21,x4,x7	  x4:0x9fb1abea  x7:0x77053000 x21=0xd339a353
     232125.000 ns	     23211	800049bc	026e1833	mulh	x16,x28,x6	 x28:0x00000000  x6:0xcdfd7000 x16=0x00000000
     232145.000 ns	     23213	800049c0	979e3013	sltiu	x0,x28,-1671	 x28:0x00000000
     232155.000 ns	     23214	800049c4	41c70a33	sub	x20,x14,x28	 x14:0x00000000 x28:0x00000000 x20=0x00000000
     232175.000 ns	     23216	800049c8	a1ca1953	flt.s	x18,f20,f28	 f20:0xc2525f00 f28:0xcdf34cdf x18=0x00000000
     232205.000 ns	     23219	800049cc	d00b7753	fcvt.s.w	f14,x22	 x22:0x03864a40 f14=0x4c619290
     232225.000 ns	     23221	800049d0	00efe5b3	or	x11,x31,x14	 x31:0xe1929000 x14:0x00000000 x11=0xe1929000
     232245.000 ns	     23223	800049d4	28491ed3	fmax.s	f29,f18,f4	 f18:0xd873a5cc  f4:0x5873a5cc f29=0x5873a5cc
     232615.000 ns	     23260	800049d8	02f0ee33	rem	x28,x1,x15	  x1:0xe1929000 x15:0x77c8048e x28=0xe1929000
     232635.000 ns	     23262	800049dc	0b9b0313	addi	x6,x22,185	 x22:0x03864a40  x6=0x03864af9
     232655.000 ns	     23264	800049e0	a0de0c53	fle.s	x24,f28,f13	 f28:0xcdf34cdf f13:0x4e143f7f x24=0x00000001
     232705.000 ns	     23269	800049e4	09ecf753	fsub.s	f14,f25,f30	 f25:0x00000000 f30:0x5e5265ac f14=0xde5265ac
     232725.000 ns	     23271	800049e8	0196b4b3	sltu	x9,x13,x25	 x13:0x00000001 x25:0x00000040  x9=0x00000001
     232745.000 ns	     23273	800049ec	c007fe53	fcvt.w.s	x28,f15	 f15:0xcf000000 x28=0x80000000
     232775.000 ns	     23276	800049f0	29428c53	fmin.s	f24,f5,f20	  f5:0x00000000 f20:0xc2525f00 f24=0xc2525f00
     232805.000 ns	     23279	800049f4	29100053	fmin.s	f0,f0,f17	  f0:0x00000000 f17:0x5e5265ac  f0=0x00000000
     232825.000 ns	     23281	800049f8	00a71113	slli	x2,x14,0xa	 x14:0x00000000  x2=0x00000000
     232845.000 ns	     23283	800049fc	03467cb3	remu	x25,x12,x20	 x12:0xfffff809 x20:0x00000000 x25=0xfffff809
     232875.000 ns	     23286	80004a00	03289833	mulh	x16,x17,x18	 x17:0x00000001 x18:0x00000000 x16=0x00000000
     233245.000 ns	     23323	80004a04	029c7cb3	remu	x25,x24,x9	 x24:0x00000001  x9:0x00000001 x25=0x00000000
     233275.000 ns	     23326	80004a08	c003f653	fcvt.w.s	x12,f7	  f7:0x4ed25f00 x12=0x692f8000
     233305.000 ns	     23329	80004a0c	c0117e53	fcvt.wu.s	x28,f2	  f2:0x4f619665 x28=0xe1966500
     233325.000 ns	     23331	80004a10	cbd84113	xori	x2,x16,-835	 x16:0x00000000  x2=0xfffffcbd
     233335.000 ns	     23332	80004a14	d8acfe13	andi	x28,x25,-630	 x25:0x00000000 x28=0x00000000
     233355.000 ns	     23334	80004a18	20df1353	fsgnjn.s	f6,f30,f13	 f30:0x5e5265ac f13:0x4e143f7f  f6=0xde5265ac
     233375.000 ns	     23336	80004a1c	930a8a37	lui	x20,0x930a8	 x20=0x930a8000
     233415.000 ns	     23340	80004a20	0964ab53	fsub.s	f22,f9,f22	  f9:0x5873a5cc f22:0x5873a5cc f22=0x80000000
     233445.000 ns	     23343	80004a24	e00a1fd3	fclass.s	x31,f20	 f20:0xc2525f00 x31=0x00000002
     233475.000 ns	     23346	80004a28	20c599d3	fsgnjn.s	f19,f11,f12	 f11:0x45948009 f12:0x7f800000 f19=0xc5948009
     233505.000 ns	     23349	80004a2c	d006f9d3	fcvt.s.w	f19,x13	 x13:0x00000001 f19=0x3f800000
     233535.000 ns	     23352	80004a30	a03d1153	flt.s	x2,f26,f3	 f26:0x3f800000  f3:0x4bac48d8  x2=0x00000001
     233555.000 ns	     23354	80004a34	0ae77697	auipc	x13,0xae77	 x13=0x8ae7ba34
     233565.000 ns	     23355	80004a38	415c5a13	srai	x20,x24,0x15	 x24:0x00000001 x20=0x00000000
     233575.000 ns	     23356	80004a3c	40d9d9b3	sra	x19,x19,x13	 x19:0xe1929000 x13:0x00000001 x19=0xfffffe19
     233595.000 ns	     23358	80004a40	03a805b3	mul	x11,x16,x26	 x16:0x00000000 x26:0x80040fe4 x11=0x00000000
     233635.000 ns	     23362	80004a44	111e8d53	fmul.s	f26,f29,f17	 f29:0x5873a5cc f17:0x5e5265ac f26=0x77483ec5
     233665.000 ns	     23365	80004a48	f00183d3	fmv.w.x	f7,x3	  x3:0x0000070e  f7=0x0000070e
     233695.000 ns	     23368	80004a4c	03cc3933	mulhu	x18,x24,x28	 x24:0x00000001 x28:0x00000000 x18=0x00000000
     233715.000 ns	     23370	80004a50	36fb3a13	sltiu	x20,x22,879	 x22:0x03864a40 x20=0x00000000
     233725.000 ns	     23371	80004a54	b49df513	andi	x10,x27,-1207	 x27:0x80041024 x10=0x80041000
     233765.000 ns	     23375	80004a58	084afbd3	fsub.s	f23,f21,f4	 f21:0x7fc00000  f4:0x5873a5cc f23=0x7fc00000
     233795.000 ns	     23378	80004a5c	a0798fd3	fle.s	x31,f19,f7	 f19:0x3f800000  f7:0x0000070e x31=0x00000000
     233815.000 ns	     23380	80004a60	0116b133	sltu	x2,x13,x17	 x13:0x8ae7ba34 x17:0x00000001  x2=0x00000000
     233835.000 ns	     23382	80004a64	02ff94b3	mulh	x9,x31,x15	 x31:0x00000000 x15:0x77c8048e  x9=0x00000000
     233855.000 ns	     23384	80004a68	01b28c33	add	x24,x5,x27	  x5:0x5563b000 x27:0x80041024 x24=0xd567c024
     233865.000 ns	     23385	80004a6c	00000013	addi	x0,x0,0	  x0:0x00000000
     233885.000 ns	     23387	80004a70	213114d3	fsgnjn.s	f9,f2,f19	  f2:0x4f619665 f19:0x3f800000  f9=0xcf619665
     233905.000 ns	     23389	80004a74	225e0693	addi	x13,x28,549	 x28:0x00000000 x13=0x00000225
     234265.000 ns	     23425	80004a78	03376bb3	rem	x23,x14,x19	 x14:0x00000000 x19:0xfffffe19 x23=0x00000000
     234295.000 ns	     23428	80004a7c	035801b3	mul	x3,x16,x21	 x16:0x00000000 x21:0xd339a353  x3=0x00000000
     234325.000 ns	     23431	80004a80	023fe8b3	rem	x17,x31,x3	 x31:0x00000000  x3:0x0000070e x17=0x00000000
     234355.000 ns	     23434	80004a84	a0f7a153	feq.s	x2,f15,f15	 f15:0xcf000000 f15:0xcf000000  x2=0x00000001
     234375.000 ns	     23436	80004a88	44c8c313	xori	x6,x17,1100	 x17:0x00000000  x6=0x0000044c
     234395.000 ns	     23438	80004a8c	03484533	div	x10,x16,x20	 x16:0x00000000 x20:0x00000000 x10=0xffffffff
     234445.000 ns	     23443	80004a90	01b9f2d3	fadd.s	f5,f19,f27	 f19:0x3f800000 f27:0x9fb1abea  f5=0x3f800000
     234465.000 ns	     23445	80004a94	f2cbd6b7	lui	x13,0xf2cbd	 x13=0xf2cbd000
     234505.000 ns	     23449	80004a98	08c2a9d3	fsub.s	f19,f5,f12	  f5:0x3f800000 f12:0x7f800000 f19=0xff800000
     234525.000 ns	     23451	80004a9c	656ca913	slti	x18,x25,1622	 x25:0x00000000 x18=0x00000001
     234545.000 ns	     23453	80004aa0	28810ed3	fmin.s	f29,f2,f8	  f2:0x4f619665  f8:0x5873a5cc f29=0x4f619665
     234575.000 ns	     23456	80004aa4	03a080b3	mul	x1,x1,x26	  x1:0xe1929000 x26:0x80040fe4  x1=0xbcf84000
     234595.000 ns	     23458	80004aa8	0b630a13	addi	x20,x6,182	  x6:0x0000044c x20=0x00000502
     234605.000 ns	     23459	80004aac	a30eb513	sltiu	x10,x29,-1488	 x29:0x250fdfc0 x10=0x00000001
     234615.000 ns	     23460	80004ab0	01c05eb3	srl	x29,x0,x28	  x0:0x00000000 x28:0x00000000 x29=0x00000000
     234635.000 ns	     23462	80004ab4	e00f1453	fclass.s	x8,f30	 f30:0x5e5265ac  x8=0x00000040
     234685.000 ns	     23467	80004ab8	01c3f753	fadd.s	f14,f7,f28	  f7:0x0000070e f28:0xcdf34cdf f14=0xcdf34cdf
     234705.000 ns	     23469	80004abc	3d4fa113	slti	x2,x31,980	 x31:0x00000000  x2=0x00000001
     234725.000 ns	     23471	80004ac0	0236d433	divu	x8,x13,x3	 x13:0xf2cbd000  x3:0x00000000  x8=0xffffffff
     235095.000 ns	     23508	80004ac4	03215bb3	divu	x23,x2,x18	  x2:0x00000001 x18:0x00000001 x23=0x00000001
     235125.000 ns	     23511	80004ac8	03801133	mulh	x2,x0,x24	  x0:0x00000000 x24:0xd567c024  x2=0x00000000
     235145.000 ns	     23513	80004acc	cfbcc293	xori	x5,x25,-773	 x25:0x00000000  x5=0xfffffcfb
     235165.000 ns	     23515	80004ad0	032f15b3	mulh	x11,x30,x18	 x30:0x9fb1b000 x18:0x00000001 x11=0xffffffff
     235185.000 ns	     23517	80004ad4	00f64133	xor	x2,x12,x15	 x12:0x692f8000 x15:0x77c8048e  x2=0x1ee7848e
     235195.000 ns	     23518	80004ad8	00e3d3b3	srl	x7,x7,x14	  x7:0x77053000 x14:0x00000000  x7=0x77053000
     235225.000 ns	     23521	80004adc	102e71d3	fmul.s	f3,f28,f2	 f28:0xcdf34cdf  f2:0x4f619665  f3=0xddd6657f
     235255.000 ns	     23524	80004ae0	f0050bd3	fmv.w.x	f23,x10	 x10:0x00000001 f23=0x00000001
     235305.000 ns	     23529	80004ae4	09780853	fsub.s	f16,f16,f23	 f16:0x00000000 f23:0x7fc00000 f16=0x80000001
     235325.000 ns	     23531	80004ae8	0030f733	and	x14,x1,x3	  x1:0xbcf84000  x3:0x00000000 x14=0x00000000
     235685.000 ns	     23567	80004aec	03a1ca33	div	x20,x3,x26	  x3:0x00000000 x26:0x80040fe4 x20=0x00000000
     235715.000 ns	     23570	80004af0	20728153	fsgnj.s	f2,f5,f7	  f5:0x3f800000  f7:0x0000070e  f2=0x3f800000
     235745.000 ns	     23573	80004af4	29539653	fmax.s	f12,f7,f21	  f7:0x0000070e f21:0x7fc00000 f12=0x0000070e
     235795.000 ns	     23578	80004af8	0948f553	fsub.s	f10,f17,f20	 f17:0x5e5265ac f20:0xc2525f00 f10=0x5e5265ac
     235825.000 ns	     23581	80004afc	a1822fd3	feq.s	x31,f4,f24	  f4:0x5873a5cc f24:0xc2525f00 x31=0x00000000
     236165.000 ns	     23615	80004b00	18f179d3	fdiv.s	f19,f2,f15	  f2:0x3f800000 f15:0xcf000000 f19=0xaf800000
     236185.000 ns	     23617	80004b04	410a54b3	sra	x9,x20,x16	 x20:0x00000000 x16:0x00000000  x9=0x00000000
     236195.000 ns	     23618	80004b08	2519f093	andi	x1,x19,593	 x19:0xfffffe19  x1=0x00000211
     236205.000 ns	     23619	80004b0c	00c344b3	xor	x9,x6,x12	  x6:0x0000044c x12:0x692f8000  x9=0x692f844c
     236235.000 ns	     23622	80004b10	11cefd53	fmul.s	f26,f29,f28	 f29:0x4f619665 f28:0xcdf34cdf f26=0xddd6657f
     236255.000 ns	     23624	80004b14	9489c193	xori	x3,x19,-1720	 x19:0xfffffe19  x3=0x00000751
     236275.000 ns	     23626	80004b18	d012a8d3	fcvt.s.wu	f17,x5	  x5:0xfffffcfb f17=0x4f7ffffd
     236305.000 ns	     23629	80004b1c	02633c33	mulhu	x24,x6,x6	  x6:0x0000044c  x6:0x0000044c x24=0x00000000
     236335.000 ns	     23632	80004b20	215129d3	fsgnjx.s	f19,f2,f21	  f2:0x3f800000 f21:0x7fc00000 f19=0x3f800000
     236355.000 ns	     23634	80004b24	cb5b2893	slti	x17,x22,-843	 x22:0x03864a40 x17=0x00000000
     236375.000 ns	     23636	80004b28	028cabb3	mulhsu	x23,x25,x8	 x25:0x00000000  x8:0xffffffff x23=0x00000000
     236405.000 ns	     23639	80004b2c	03dd06b3	mul	x13,x26,x29	 x26:0x80040fe4 x29:0x00000000 x13=0x00000000
     236425.000 ns	     23641	80004b30	13cabc93	sltiu	x25,x21,316	 x21:0xd339a353 x25=0x00000000
     236435.000 ns	     23642	80004b34	4084df13	srai	x30,x9,0x8	  x9:0x692f844c x30=0x00692f84
     236465.000 ns	     23645	80004b38	11847353	fmul.s	f6,f8,f24	  f8:0x5873a5cc f24:0xc2525f00  f6=0xdb48386c
     236485.000 ns	     23647	80004b3c	70b6b493	sltiu	x9,x13,1803	 x13:0x00000000  x9=0x00000001
     236505.000 ns	     23649	80004b40	a02c8bd3	fle.s	x23,f25,f2	 f25:0x00000000  f2:0x3f800000 x23=0x00000001
     236525.000 ns	     23651	80004b44	01266f33	or	x30,x12,x18	 x12:0x692f8000 x18:0x00000001 x30=0x692f8001
     236535.000 ns	     23652	80004b48	c5388217	auipc	x4,0xc5388	  x4=0x4538cb48
     236555.000 ns	     23654	80004b4c	03af1833	mulh	x16,x30,x26	 x30:0x00692f84 x26:0x80040fe4 x16=0xcb69eb44
     236585.000 ns	     23657	80004b50	a048acd3	feq.s	x25,f17,f4	 f17:0x4f7ffffd  f4:0x5873a5cc x25=0x00000000
     236605.000 ns	     23659	80004b54	00000013	addi	x0,x0,0	  x0:0x00000000
     236625.000 ns	     23661	80004b58	c0139f53	fcvt.wu.s	x30,f7	  f7:0x0000070e x30=0x00000000
     236645.000 ns	     23663	80004b5c	416e5e33	sra	x28,x28,x22	 x28:0x00000000 x22:0x03864a40 x28=0x00000000
     236665.000 ns	     23665	80004b60	03b8bcb3	mulhu	x25,x17,x27	 x17:0x00000000 x27:0x80041024 x25=0x00000000
     236695.000 ns	     23668	80004b64	02813933	mulhu	x18,x2,x8	  x2:0x1ee7848e  x8:0xffffffff x18=0x1ee7848d
     236715.000 ns	     23670	80004b68	00a2e1b3	or	x3,x5,x10	  x5:0xfffffcfb x10:0x00000001  x3=0xfffffcfb
     236725.000 ns	     23671	80004b6c	01b79b93	slli	x23,x15,0x1b	 x15:0x77c8048e x23=0x70000000
     236745.000 ns	     23673	80004b70	0224b533	mulhu	x10,x9,x2	  x9:0x00000001  x2:0x1ee7848e x10=0x00000000
     236775.000 ns	     23676	80004b74	f00f0153	fmv.w.x	f2,x30	 x30:0x00000000  f2=0x00000000
     236795.000 ns	     23678	80004b78	000ad933	srl	x18,x21,x0	 x21:0xd339a353  x0:0x00000000 x18=0xd339a353
     236815.000 ns	     23680	80004b7c	28d20353	fmin.s	f6,f4,f13	  f4:0x5873a5cc f13:0x4e143f7f  f6=0x4e143f7f
     236835.000 ns	     23682	80004b80	004368b3	or	x17,x6,x4	  x6:0x0000044c  x4:0x4538cb48 x17=0x4538cf4c
     237195.000 ns	     23718	80004b84	037defb3	rem	x31,x27,x23	 x27:0x80041024 x23:0x70000000 x31=0xf0041024
     237215.000 ns	     23720	80004b88	400d8e33	sub	x28,x27,x0	 x27:0x80041024  x0:0x00000000 x28=0x80041024
     237235.000 ns	     23722	80004b8c	a04f9f53	flt.s	x30,f31,f4	 f31:0x00000000  f4:0x5873a5cc x30=0x00000001
     237265.000 ns	     23725	80004b90	c014f2d3	fcvt.wu.s	x5,f9	  f9:0xcf619665  x5=0xe1966500
     237295.000 ns	     23728	80004b94	a0b712d3	flt.s	x5,f14,f11	 f14:0xcdf34cdf f11:0x45948009  x5=0x00000001
     237325.000 ns	     23731	80004b98	f00c84d3	fmv.w.x	f9,x25	 x25:0x00000000  f9=0x00000000
     237345.000 ns	     23733	80004b9c	95dccb93	xori	x23,x25,-1699	 x25:0x00000000 x23=0xfffff95d
     237365.000 ns	     23735	80004ba0	21a726d3	fsgnjx.s	f13,f14,f26	 f14:0xcdf34cdf f26:0xddd6657f f13=0x4df34cdf
     237385.000 ns	     23737	80004ba4	228d49b7	lui	x19,0x228d4	 x19=0x228d4000
     237395.000 ns	     23738	80004ba8	dbf72413	slti	x8,x14,-577	 x14:0x00000000  x8=0x00000000
     237405.000 ns	     23739	80004bac	00f69713	slli	x14,x13,0xf	 x13:0x00000000 x14=0x00000000
     237425.000 ns	     23741	80004bb0	a19f1953	flt.s	x18,f30,f25	 f30:0x5e5265ac f25:0x00000000 x18=0x00000000
     237795.000 ns	     23778	80004bb4	03b9f4b3	remu	x9,x19,x27	 x19:0x228d4000 x27:0x80041024  x9=0x228d4000
     238165.000 ns	     23815	80004bb8	03ee75b3	remu	x11,x28,x30	 x28:0x80041024 x30:0x00000001 x11=0x00000000
     238195.000 ns	     23818	80004bbc	d016a653	fcvt.s.wu	f12,x13	 x13:0x00000000 f12=0x00000000
     238225.000 ns	     23821	80004bc0	038f73b3	remu	x7,x30,x24	 x30:0x00000001 x24:0x00000000  x7=0x00000001
     238245.000 ns	     23823	80004bc4	e516ca13	xori	x20,x13,-431	 x13:0x00000000 x20=0xfffffe51
     238255.000 ns	     23824	80004bc8	00d16633	or	x12,x2,x13	  x2:0x1ee7848e x13:0x00000000 x12=0x1ee7848e
     238265.000 ns	     23825	80004bcc	5d13c517	auipc	x10,0x5d13c	 x10=0xdd140bcc
     238285.000 ns	     23827	80004bd0	02e42bb3	mulhsu	x23,x8,x14	  x8:0x00000000 x14:0x00000000 x23=0x00000000
     238335.000 ns	     23832	80004bd4	00c838d3	fadd.s	f17,f16,f12	 f16:0x80000001 f12:0x00000000 f17=0x80000001
     238675.000 ns	     23866	80004bd8	185744d3	fdiv.s	f9,f14,f5	 f14:0xcdf34cdf  f5:0x3f800000  f9=0xcdf34c21
     238705.000 ns	     23869	80004bdc	a05fa1d3	feq.s	x3,f31,f5	 f31:0x00000000  f5:0x3f800000  x3=0x00000000
     238725.000 ns	     23871	80004be0	01d13033	sltu	x0,x2,x29	  x2:0x1ee7848e x29:0x00000000
     238745.000 ns	     23873	80004be4	a09b2bd3	feq.s	x23,f22,f9	 f22:0x80000000  f9:0xcdf34c21 x23=0x00000000
     238775.000 ns	     23876	80004be8	c01bff53	fcvt.wu.s	x30,f23	 f23:0x00000001 x30=0x00000000
     238795.000 ns	     23878	80004bec	0077a833	slt	x16,x15,x7	 x15:0x77c8048e  x7:0x00000001 x16=0x00000000
     238815.000 ns	     23880	80004bf0	e00c9653	fclass.s	x12,f25	 f25:0x00000000 x12=0x00000010
     238835.000 ns	     23882	80004bf4	014b9913	slli	x18,x23,0x14	 x23:0x00000000 x18=0x00000000
     238855.000 ns	     23884	80004bf8	03d34f33	div	x30,x6,x29	  x6:0x0000044c x29:0x00000000 x30=0xffffffff
     238905.000 ns	     23889	80004bfc	08dd8c53	fsub.s	f24,f27,f13	 f27:0x9fb1abea f13:0x4df34cdf f24=0xcdf34cdf
     238935.000 ns	     23892	80004c00	20c60853	fsgnj.s	f16,f12,f12	 f12:0x00000000 f12:0x00000000 f16=0x00000000
     238955.000 ns	     23894	80004c04	8c392637	lui	x12,0x8c392	 x12=0x8c392000
     238965.000 ns	     23895	80004c08	00d4d613	srli	x12,x9,0xd	  x9:0x228d4000 x12=0x0001146a
     238975.000 ns	     23896	80004c0c	00d83fb3	sltu	x31,x16,x13	 x16:0x00000000 x13:0x00000000 x31=0x00000000
     238995.000 ns	     23898	80004c10	a1ad8053	fle.s	x0,f27,f26	 f27:0x9fb1abea f26:0xddd6657f
     239015.000 ns	     23900	80004c14	a048bb13	sltiu	x22,x17,-1532	 x17:0x4538cf4c x22=0x00000001
     239375.000 ns	     23936	80004c18	03aed0b3	divu	x1,x29,x26	 x29:0x00000000 x26:0x80040fe4  x1=0x00000000
     239405.000 ns	     23939	80004c1c	c005f3d3	fcvt.w.s	x7,f11	 f11:0x45948009  x7=0x00001290
     239435.000 ns	     23942	80004c20	e00994d3	fclass.s	x9,f19	 f19:0x3f800000  x9=0x00000040
     239455.000 ns	     23944	80004c24	30247a13	andi	x20,x8,770	  x8:0x00000000 x20=0x00000000
     239465.000 ns	     23945	80004c28	00000013	addi	x0,x0,0	  x0:0x00000000
     239475.000 ns	     23946	80004c2c	fa027913	andi	x18,x4,-96	  x4:0x4538cb48 x18=0x4538cb00
     239485.000 ns	     23947	80004c30	a4e2f013	andi	x0,x5,-1458	  x5:0x00000001
     239525.000 ns	     23951	80004c34	098e9cd3	fsub.s	f25,f29,f24	 f29:0x4f619665 f24:0xcdf34cdf f25=0x4f800000
     239545.000 ns	     23953	80004c38	40d15813	srai	x16,x2,0xd	  x2:0x1ee7848e x16=0x0000f73c
     239565.000 ns	     23955	80004c3c	a0792cd3	feq.s	x25,f18,f7	 f18:0xd873a5cc  f7:0x0000070e x25=0x00000000
     239585.000 ns	     23957	80004c40	00000013	addi	x0,x0,0	  x0:0x00000000
     239605.000 ns	     23959	80004c44	a0112053	feq.s	x0,f2,f1	  f2:0x00000000  f1:0x4ed25f00
     239625.000 ns	     23961	80004c48	fdb1e4b7	lui	x9,0xfdb1e	  x9=0xfdb1e000
     239645.000 ns	     23963	80004c4c	022d3233	mulhu	x4,x26,x2	 x26:0x80040fe4  x2:0x1ee7848e  x4=0x0f743fd0
     239675.000 ns	     23966	80004c50	e00d93d3	fclass.s	x7,f27	 f27:0x9fb1abea  x7=0x00000002
     239695.000 ns	     23968	80004c54	0176c5b3	xor	x11,x13,x23	 x13:0x00000000 x23:0x00000000 x11=0x00000000
     239705.000 ns	     23969	80004c58	00d68533	add	x10,x13,x13	 x13:0x00000000 x13:0x00000000 x10=0x00000000
     239715.000 ns	     23970	80004c5c	16486993	ori	x19,x16,356	 x16:0x0000f73c x19=0x0000f77c
     239725.000 ns	     23971	80004c60	019696b3	sll	x13,x13,x25	 x13:0x00000000 x25:0x00000000 x13=0x00000000
     239745.000 ns	     23973	80004c64	29a587d3	fmin.s	f15,f11,f26	 f11:0x45948009 f26:0xddd6657f f15=0xddd6657f
     239775.000 ns	     23976	80004c68	a075afd3	feq.s	x31,f11,f7	 f11:0x45948009  f7:0x0000070e x31=0x00000000
     239795.000 ns	     23978	80004c6c	005e7433	and	x8,x28,x5	 x28:0x80041024  x5:0x00000001  x8=0x00000000
     239805.000 ns	     23979	80004c70	013215b3	sll	x11,x4,x19	  x4:0x0f743fd0 x19:0x0000f77c x11=0x00000000
     239825.000 ns	     23981	80004c74	28851053	fmax.s	f0,f10,f8	 f10:0x5e5265ac  f8:0x5873a5cc  f0=0x5e5265ac
     239855.000 ns	     23984	80004c78	02f29fb3	mulh	x31,x5,x15	  x5:0x00000001 x15:0x77c8048e x31=0x00000000
     239885.000 ns	     23987	80004c7c	02263133	mulhu	x2,x12,x2	 x12:0x0001146a  x2:0x1ee7848e  x2=0x0000215e
     239915.000 ns	     23990	80004c80	d0120a53	fcvt.s.wu	f20,x4	  x4:0x0f743fd0 f20=0x4d7743fd
     239945.000 ns	     23993	80004c84	02d586b3	mul	x13,x11,x13	 x11:0x00000000 x13:0x00000000 x13=0x00000000
     239965.000 ns	     23995	80004c88	a1ed2b17	auipc	x22,0xa1ed2	 x22=0x21ed6c88
     240005.000 ns	     23999	80004c8c	0983f4d3	fsub.s	f9,f7,f24	  f7:0x0000070e f24:0xcdf34cdf  f9=0x4df34cdf
     240035.000 ns	     24002	80004c90	28e190d3	fmax.s	f1,f3,f14	  f3:0xddd6657f f14:0xcdf34cdf  f1=0xcdf34cdf
     240065.000 ns	     24005	80004c94	a16e8fd3	fle.s	x31,f29,f22	 f29:0x4f619665 f22:0x80000000 x31=0x00000000
     240095.000 ns	     24008	80004c98	03e9a033	mulhsu	x0,x19,x30	 x19:0x0000f77c x30:0xffffffff
     240125.000 ns	     24011	80004c9c	a0990e53	fle.s	x28,f18,f9	 f18:0xd873a5cc  f9:0x4df34cdf x28=0x00000001
     240145.000 ns	     24013	80004ca0	00581bb3	sll	x23,x16,x5	 x16:0x0000f73c  x5:0x00000001 x23=0x0001ee78
     240175.000 ns	     24016	80004ca4	10eefcd3	fmul.s	f25,f29,f14	 f29:0x4f619665 f14:0xcdf34cdf f25=0xddd6657f
     240205.000 ns	     24019	80004ca8	d0000253	fcvt.s.w	f4,x0	  x0:0x00000000  f4=0x00000000
     240235.000 ns	     24022	80004cac	f00b82d3	fmv.w.x	f5,x23	 x23:0x0001ee78  f5=0x0001ee78
     240265.000 ns	     24025	80004cb0	029c2f33	mulhsu	x30,x24,x9	 x24:0x00000000  x9:0xfdb1e000 x30=0x00000000
     240285.000 ns	     24027	80004cb4	0122a4b3	slt	x9,x5,x18	  x5:0x00000001 x18:0x4538cb00  x9=0x00000001
     240295.000 ns	     24028	80004cb8	40880033	sub	x0,x16,x8	 x16:0x0000f73c  x8:0x00000000
     240325.000 ns	     24031	80004cbc	10e03153	fmul.s	f2,f0,f14	  f0:0x5e5265ac f14:0xcdf34cdf  f2=0xecc7f5af
     240355.000 ns	     24034	80004cc0	20671d53	fsgnjn.s	f26,f14,f6	 f14:0xcdf34cdf  f6:0x4e143f7f f26=0xcdf34cdf
     240385.000 ns	     24037	80004cc4	d0181c53	fcvt.s.wu	f24,x16	 x16:0x0000f73c f24=0x47773c00
     240415.000 ns	     24040	80004cc8	03dbacb3	mulhsu	x25,x23,x29	 x23:0x0001ee78 x29:0x00000000 x25=0x00000000
     240435.000 ns	     24042	80004ccc	40668033	sub	x0,x13,x6	 x13:0x00000000  x6:0x0000044c
     240455.000 ns	     24044	80004cd0	f00601d3	fmv.w.x	f3,x12	 x12:0x0001146a  f3=0x0001146a
     240485.000 ns	     24047	80004cd4	023bfab3	remu	x21,x23,x3	 x23:0x0001ee78  x3:0x00000000 x21=0x0001ee78
     240505.000 ns	     24049	80004cd8	ef122093	slti	x1,x4,-271	  x4:0x0f743fd0  x1=0x00000000
     240525.000 ns	     24051	80004cdc	03d5d133	divu	x2,x11,x29	 x11:0x00000000 x29:0x00000000  x2=0xffffffff
     240545.000 ns	     24053	80004ce0	00320433	add	x8,x4,x3	  x4:0x0f743fd0  x3:0x00000000  x8=0x0f743fd0
     240565.000 ns	     24055	80004ce4	206a00d3	fsgnj.s	f1,f20,f6	 f20:0x4d7743fd  f6:0x4e143f7f  f1=0x4d7743fd
     240595.000 ns	     24058	80004ce8	21bd9453	fsgnjn.s	f8,f27,f27	 f27:0x9fb1abea f27:0x9fb1abea  f8=0x1fb1abea
     240935.000 ns	     24092	80004cec	18a29653	fdiv.s	f12,f5,f10	  f5:0x0001ee78 f10:0x5e5265ac f12=0x00000000
     240965.000 ns	     24095	80004cf0	21cc1953	fsgnjn.s	f18,f24,f28	 f24:0x47773c00 f28:0xcdf34cdf f18=0x47773c00
     241015.000 ns	     24100	80004cf4	007d7a53	fadd.s	f20,f26,f7	 f26:0xcdf34cdf  f7:0x0000070e f20=0xcdf34cdf
     241035.000 ns	     24102	80004cf8	010fc3b3	xor	x7,x31,x16	 x31:0x00000000 x16:0x0000f73c  x7=0x0000f73c
     241075.000 ns	     24106	80004cfc	08acfad3	fsub.s	f21,f25,f10	 f25:0xddd6657f f10:0x5e5265ac f21=0xde9ecc35
     241105.000 ns	     24109	80004d00	219206d3	fsgnj.s	f13,f4,f25	  f4:0x00000000 f25:0xddd6657f f13=0x80000000
     241135.000 ns	     24112	80004d04	03e949b3	div	x19,x18,x30	 x18:0x4538cb00 x30:0x00000000 x19=0xffffffff
     241165.000 ns	     24115	80004d08	a1df25d3	feq.s	x11,f30,f29	 f30:0x5e5265ac f29:0x4f619665 x11=0x00000000
     241195.000 ns	     24118	80004d0c	03404b33	div	x22,x0,x20	  x0:0x00000000 x20:0x00000000 x22=0xffffffff
     241215.000 ns	     24120	80004d10	01bf9813	slli	x16,x31,0x1b	 x31:0x00000000 x16=0x00000000
     241235.000 ns	     24122	80004d14	c0198653	fcvt.wu.s	x12,f19	 f19:0x3f800000 x12=0x00000001
     241265.000 ns	     24125	80004d18	a1f88353	fle.s	x6,f17,f31	 f17:0x80000001 f31:0x00000000  x6=0x00000001
     241295.000 ns	     24128	80004d1c	219b2c53	fsgnjx.s	f24,f22,f25	 f22:0x80000000 f25:0xddd6657f f24=0x00000000
     241315.000 ns	     24130	80004d20	c774c117	auipc	x2,0xc774c	  x2=0x47750d20
     241325.000 ns	     24131	80004d24	a94c2293	slti	x5,x24,-1388	 x24:0x00000000  x5=0x00000000
     241345.000 ns	     24133	80004d28	033e10b3	mulh	x1,x28,x19	 x28:0x00000001 x19:0xffffffff  x1=0xffffffff
     241715.000 ns	     24170	80004d2c	02f7d6b3	divu	x13,x15,x15	 x15:0x77c8048e x15:0x77c8048e x13=0x00000001
     241735.000 ns	     24172	80004d30	00319ab3	sll	x21,x3,x3	  x3:0x00000000  x3:0x00000000 x21=0x00000000
     241765.000 ns	     24175	80004d34	1100c253	fmul.s	f4,f1,f16	  f1:0x4d7743fd f16:0x00000000  f4=0x00000000
     241795.000 ns	     24178	80004d38	a0971453	flt.s	x8,f14,f9	 f14:0xcdf34cdf  f9:0x4df34cdf  x8=0x00000001
     241815.000 ns	     24180	80004d3c	3a02e497	auipc	x9,0x3a02e	  x9=0xba032d3c
     241835.000 ns	     24182	80004d40	a1e68c53	fle.s	x24,f13,f30	 f13:0x80000000 f30:0x5e5265ac x24=0x00000001
     241855.000 ns	     24184	80004d44	ac290413	addi	x8,x18,-1342	 x18:0x4538cb00  x8=0x4538c5c2
     241875.000 ns	     24186	80004d48	d008fa53	fcvt.s.w	f20,x17	 x17:0x4538cf4c f20=0x4e8a719e
     241895.000 ns	     24188	80004d4c	01518133	add	x2,x3,x21	  x3:0x00000000 x21:0x00000000  x2=0x00000000
     241905.000 ns	     24189	80004d50	22663213	sltiu	x4,x12,550	 x12:0x00000001  x4=0x00000001
     241915.000 ns	     24190	80004d54	ed2fe213	ori	x4,x31,-302	 x31:0x00000000  x4=0xfffffed2
     241925.000 ns	     24191	80004d58	0186a933	slt	x18,x13,x24	 x13:0x00000001 x24:0x00000001 x18=0x00000000
     241935.000 ns	     24192	80004d5c	00d97c33	and	x24,x18,x13	 x18:0x4538cb00 x13:0x00000001 x24=0x00000000
     241945.000 ns	     24193	80004d60	0067beb3	sltu	x29,x15,x6	 x15:0x77c8048e  x6:0x00000001 x29=0x00000000
     241955.000 ns	     24194	80004d64	caab2093	slti	x1,x22,-854	 x22:0xffffffff  x1=0x00000000
     241965.000 ns	     24195	80004d68	00974133	xor	x2,x14,x9	 x14:0x00000000  x9:0xba032d3c  x2=0xba032d3c
     241975.000 ns	     24196	80004d6c	00173fb3	sltu	x31,x14,x1	 x14:0x00000000  x1:0xffffffff x31=0x00000000
     242335.000 ns	     24232	80004d70	027e5833	divu	x16,x28,x7	 x28:0x00000001  x7:0x0000f73c x16=0x00000000
     242355.000 ns	     24234	80004d74	007a71b3	and	x3,x20,x7	 x20:0x00000000  x7:0x0000f73c  x3=0x00000000
     242375.000 ns	     24236	80004d78	204b8bd3	fsgnj.s	f23,f23,f4	 f23:0x00000001  f4:0x00000000 f23=0x00000001
     242395.000 ns	     24238	80004d7c	01dd3bb3	sltu	x23,x26,x29	 x26:0x80040fe4 x29:0x00000000 x23=0x00000000
     242415.000 ns	     24240	80004d80	02562233	mulhsu	x4,x12,x5	 x12:0x00000001  x5:0x00000000  x4=0x00000000
     242435.000 ns	     24242	80004d84	01c39a13	slli	x20,x7,0x1c	  x7:0x0000f73c x20=0xc0000000
     242455.000 ns	     24244	80004d88	20c2a2d3	fsgnjx.s	f5,f5,f12	  f5:0x0001ee78 f12:0x00000000  f5=0x0001ee78
     242475.000 ns	     24246	80004d8c	00e71693	slli	x13,x14,0xe	 x14:0x00000000 x13=0x00000000
     242505.000 ns	     24249	80004d90	58024653	fsqrt.s	f12,f4	  f4:0x00000000 f12=0x00000000
     242525.000 ns	     24251	80004d94	01cc1393	slli	x7,x24,0x1c	 x24:0x00000000  x7=0x00000000
     242535.000 ns	     24252	80004d98	00fa41b3	xor	x3,x20,x15	 x20:0xc0000000 x15:0x77c8048e  x3=0xb7c8048e
     242555.000 ns	     24254	80004d9c	a0021453	flt.s	x8,f4,f0	  f4:0x00000000  f0:0x5e5265ac  x8=0x00000001
     242605.000 ns	     24259	80004da0	09b5fa53	fsub.s	f20,f11,f27	 f11:0x45948009 f27:0x9fb1abea f20=0x45948009
     242625.000 ns	     24261	80004da4	f3f36713	ori	x14,x6,-193	  x6:0x00000001 x14=0xffffff3f
     242645.000 ns	     24263	80004da8	03d4ec33	rem	x24,x9,x29	  x9:0xba032d3c x29:0x00000000 x24=0xba032d3c
     243015.000 ns	     24300	80004dac	0236cfb3	div	x31,x13,x3	 x13:0x00000000  x3:0xb7c8048e x31=0x00000000
     243045.000 ns	     24303	80004db0	d003b7d3	fcvt.s.w	f15,x7	  x7:0x00000000 f15=0x00000000
     243065.000 ns	     24305	80004db4	01e1a233	slt	x4,x3,x30	  x3:0xb7c8048e x30:0x00000000  x4=0x00000001
     243095.000 ns	     24308	80004db8	116e48d3	fmul.s	f17,f28,f22	 f28:0xcdf34cdf f22:0x80000000 f17=0x00000000
     244275.000 ns	     24426	80004dbc	5805f9d3	fsqrt.s	f19,f11	 f11:0x45948009 f19=0x4289de66
     244305.000 ns	     24429	80004dc0	c0147953	fcvt.wu.s	x18,f8	  f8:0x1fb1abea x18=0x00000000
     244335.000 ns	     24432	80004dc4	a02b9f53	flt.s	x30,f23,f2	 f23:0x00000001  f2:0xecc7f5af x30=0x00000000
     244355.000 ns	     24434	80004dc8	01c1a133	slt	x2,x3,x28	  x3:0xb7c8048e x28:0x00000001  x2=0x00000001
     244375.000 ns	     24436	80004dcc	c004f953	fcvt.w.s	x18,f9	  f9:0x4df34cdf x18=0x1e699be0
     244395.000 ns	     24438	80004dd0	01a2da33	srl	x20,x5,x26	  x5:0x00000000 x26:0x80040fe4 x20=0x00000000
     244405.000 ns	     24439	80004dd4	008c95b3	sll	x11,x25,x8	 x25:0x00000000  x8:0x00000001 x11=0x00000000
     244425.000 ns	     24441	80004dd8	03ecc9b3	div	x19,x25,x30	 x25:0x00000000 x30:0x00000000 x19=0xffffffff
     244445.000 ns	     24443	80004ddc	ec1fd4b7	lui	x9,0xec1fd	  x9=0xec1fd000
     244455.000 ns	     24444	80004de0	c4bc3813	sltiu	x16,x24,-949	 x24:0xba032d3c x16=0x00000001
     244475.000 ns	     24446	80004de4	d01b72d3	fcvt.s.wu	f5,x22	 x22:0xffffffff  f5=0x4f7fffff
     244495.000 ns	     24448	80004de8	9c1fcb93	xori	x23,x31,-1599	 x31:0x00000000 x23=0xfffff9c1
     244505.000 ns	     24449	80004dec	05f88813	addi	x16,x17,95	 x17:0x4538cf4c x16=0x4538cfab
     244515.000 ns	     24450	80004df0	41e20cb3	sub	x25,x4,x30	  x4:0x00000001 x30:0x00000000 x25=0x00000001
     244535.000 ns	     24452	80004df4	a1072fd3	feq.s	x31,f14,f16	 f14:0xcdf34cdf f16:0x00000000 x31=0x00000000
     244565.000 ns	     24455	80004df8	28990dd3	fmin.s	f27,f18,f9	 f18:0x47773c00  f9:0x4df34cdf f27=0x47773c00
     244595.000 ns	     24458	80004dfc	d01cb2d3	fcvt.s.wu	f5,x25	 x25:0x00000001  f5=0x3f800000
     244615.000 ns	     24460	80004e00	015ebeb3	sltu	x29,x29,x21	 x29:0x00000000 x21:0x00000000 x29=0x00000000
     244635.000 ns	     24462	80004e04	02a429b3	mulhsu	x19,x8,x10	  x8:0x00000001 x10:0x00000000 x19=0x00000000
     244665.000 ns	     24465	80004e08	02a124b3	mulhsu	x9,x2,x10	  x2:0x00000001 x10:0x00000000  x9=0x00000000
     244695.000 ns	     24468	80004e0c	213d15d3	fsgnjn.s	f11,f26,f19	 f26:0xcdf34cdf f19:0x4289de66 f11=0xcdf34cdf
     244745.000 ns	     24473	80004e10	004a9653	fadd.s	f12,f21,f4	 f21:0xde9ecc35  f4:0x00000000 f12=0xde9ecc35
     244775.000 ns	     24476	80004e14	f0030b53	fmv.w.x	f22,x6	  x6:0x00000001 f22=0x00000001
     244805.000 ns	     24479	80004e18	036119b3	mulh	x19,x2,x22	  x2:0x00000001 x22:0xffffffff x19=0xffffffff
     244835.000 ns	     24482	80004e1c	c004fbd3	fcvt.w.s	x23,f9	  f9:0x4df34cdf x23=0x1e699be0
     244865.000 ns	     24485	80004e20	c00b7c53	fcvt.w.s	x24,f22	 f22:0x00000001 x24=0x00000000
     244895.000 ns	     24488	80004e24	d01ab5d3	fcvt.s.wu	f11,x21	 x21:0x00000000 f11=0x00000000
     245265.000 ns	     24525	80004e28	02e4eb33	rem	x22,x9,x14	  x9:0x00000000 x14:0xffffff3f x22=0x00000000
     245315.000 ns	     24530	80004e2c	01eb75d3	fadd.s	f11,f22,f30	 f22:0x00000001 f30:0x5e5265ac f11=0x5e5265ac
     245335.000 ns	     24532	80004e30	40c65b13	srai	x22,x12,0xc	 x12:0x00000001 x22=0x00000000
     245365.000 ns	     24535	80004e34	11c0fad3	fmul.s	f21,f1,f28	  f1:0x4d7743fd f28:0xcdf34cdf f21=0xdbeaffc9
     245395.000 ns	     24538	80004e38	20511f53	fsgnjn.s	f30,f2,f5	  f2:0xecc7f5af  f5:0x3f800000 f30=0xecc7f5af
     245765.000 ns	     24575	80004e3c	0328e633	rem	x12,x17,x18	 x17:0x4538cf4c x18:0x1e699be0 x12=0x0865978c
     245815.000 ns	     24580	80004e40	016242d3	fadd.s	f5,f4,f22	  f4:0x00000000 f22:0x00000001  f5=0x00000001
     245835.000 ns	     24582	80004e44	41850633	sub	x12,x10,x24	 x10:0x00000000 x24:0x00000000 x12=0x00000000
     245855.000 ns	     24584	80004e48	02daae33	mulhsu	x28,x21,x13	 x21:0x00000000 x13:0x00000000 x28=0x00000000
     245875.000 ns	     24586	80004e4c	400451b3	sra	x3,x8,x0	  x8:0x00000001  x0:0x00000000  x3=0x00000001
     245885.000 ns	     24587	80004e50	015d8633	add	x12,x27,x21	 x27:0x80041024 x21:0x00000000 x12=0x80041024
     245895.000 ns	     24588	80004e54	ffc0b137	lui	x2,0xffc0b	  x2=0xffc0b000
     245905.000 ns	     24589	80004e58	01cd9333	sll	x6,x27,x28	 x27:0x80041024 x28:0x00000000  x6=0x80041024
     245935.000 ns	     24592	80004e5c	10e77653	fmul.s	f12,f14,f14	 f14:0xcdf34cdf f14:0xcdf34cdf f12=0x5c673b06
     245965.000 ns	     24595	80004e60	e0039753	fclass.s	x14,f7	  f7:0x0000070e x14=0x00000020
     245985.000 ns	     24597	80004e64	4f627f37	lui	x30,0x4f627	 x30=0x4f627000
     245995.000 ns	     24598	80004e68	01ecd1b3	srl	x3,x25,x30	 x25:0x00000001 x30:0x00000000  x3=0x00000001
     246005.000 ns	     24599	80004e6c	0068c4b3	xor	x9,x17,x6	 x17:0x4538cf4c  x6:0x80041024  x9=0xc53cdf68
     246025.000 ns	     24601	80004e70	e0038253	fmv.x.w	x4,f7	  f7:0x0000070e  x4=0x0000070e
     246055.000 ns	     24604	80004e74	c0107853	fcvt.wu.s	x16,f0	  f0:0x5e5265ac x16=0xffffffff
     246085.000 ns	     24607	80004e78	20c9a753	fsgnjx.s	f14,f19,f12	 f19:0x4289de66 f12:0x5c673b06 f14=0x4289de66
     246125.000 ns	     24611	80004e7c	113af0d3	fmul.s	f1,f21,f19	 f21:0xdbeaffc9 f19:0x4289de66  f1=0xdefd1e14
     246155.000 ns	     24614	80004e80	200ea5d3	fsgnjx.s	f11,f29,f0	 f29:0x4f619665  f0:0x5e5265ac f11=0x4f619665
     246185.000 ns	     24617	80004e84	020a0433	mul	x8,x20,x0	 x20:0x00000000  x0:0x00000000  x8=0x00000000
     246215.000 ns	     24620	80004e88	a07616d3	flt.s	x13,f12,f7	 f12:0x5c673b06  f7:0x0000070e x13=0x00000000
     246235.000 ns	     24622	80004e8c	31f26893	ori	x17,x4,799	  x4:0x0000070e x17=0x0000071f
     246565.000 ns	     24655	80004e90	1814fcd3	fdiv.s	f25,f9,f1	  f9:0x4df34cdf  f1:0xdefd1e14 f25=0xae734ce0
     246595.000 ns	     24658	80004e94	035098b3	mulh	x17,x1,x21	  x1:0x00000000 x21:0x00000000 x17=0x00000000
     246615.000 ns	     24660	80004e98	01f425b3	slt	x11,x8,x31	  x8:0x00000000 x31:0x00000000 x11=0x00000000
     246625.000 ns	     24661	80004e9c	0186e2b3	or	x5,x13,x24	 x13:0x00000000 x24:0x00000000  x5=0x00000000
     246645.000 ns	     24663	80004ea0	217285d3	fsgnj.s	f11,f5,f23	  f5:0x00000001 f23:0x00000001 f11=0x00000001
     246665.000 ns	     24665	80004ea4	a0f25697	auipc	x13,0xa0f25	 x13=0x20f29ea4
     246675.000 ns	     24666	80004ea8	017e0333	add	x6,x28,x23	 x28:0x00000000 x23:0x1e699be0  x6=0x1e699be0
     246685.000 ns	     24667	80004eac	40ead333	sra	x6,x21,x14	 x21:0x00000000 x14:0x00000020  x6=0x00000000
     246695.000 ns	     24668	80004eb0	92692e97	auipc	x29,0x92692	 x29=0x12696eb0
     246715.000 ns	     24670	80004eb4	e0070053	fmv.x.w	x0,f14	 f14:0x4289de66
     246745.000 ns	     24673	80004eb8	023e98b3	mulh	x17,x29,x3	 x29:0x00000000  x3:0x00000001 x17=0x00000000
     246775.000 ns	     24676	80004ebc	d0122153	fcvt.s.wu	f2,x4	  x4:0x0000070e  f2=0x44e1c000
     246795.000 ns	     24678	80004ec0	f341f413	andi	x8,x3,-204	  x3:0x00000001  x8=0x00000000
     246815.000 ns	     24680	80004ec4	027732b3	mulhu	x5,x14,x7	 x14:0x00000020  x7:0x00000000  x5=0x00000000
     246835.000 ns	     24682	80004ec8	9d522013	slti	x0,x4,-1579	  x4:0x0000070e
     246845.000 ns	     24683	80004ecc	010fdbb3	srl	x23,x31,x16	 x31:0x00000000 x16:0xffffffff x23=0x00000000
     246855.000 ns	     24684	80004ed0	801a78b7	lui	x17,0x801a7	 x17=0x801a7000
     246865.000 ns	     24685	80004ed4	009a5393	srli	x7,x20,0x9	 x20:0x00000000  x7=0x00000000
     246875.000 ns	     24686	80004ed8	fb34a693	slti	x13,x9,-77	  x9:0xc53cdf68 x13=0x00000001
     246895.000 ns	     24688	80004edc	21b786d3	fsgnj.s	f13,f15,f27	 f15:0x00000000 f27:0x47773c00 f13=0x00000000
     247265.000 ns	     24725	80004ee0	02d37ab3	remu	x21,x6,x13	  x6:0x00000000 x13:0x20f29ea4 x21=0x00000000
     247285.000 ns	     24727	80004ee4	a4614a93	xori	x21,x2,-1466	  x2:0xffc0b000 x21=0x003f4a46
     247645.000 ns	     24763	80004ee8	032c4033	div	x0,x24,x18	 x24:0x00000000 x18:0x1e699be0
     247665.000 ns	     24765	80004eec	41be8b33	sub	x22,x29,x27	 x29:0x12696eb0 x27:0x80041024 x22=0x92655e8c
     247675.000 ns	     24766	80004ef0	00703433	sltu	x8,x0,x7	  x0:0x00000000  x7:0x00000000  x8=0x00000000
     247695.000 ns	     24768	80004ef4	c0067f53	fcvt.w.s	x30,f12	 f12:0x5c673b06 x30=0x7fffffff
     247715.000 ns	     24770	80004ef8	0153b3b3	sltu	x7,x7,x21	  x7:0x00000000 x21:0x003f4a46  x7=0x00000001
     247735.000 ns	     24772	80004efc	c01c78d3	fcvt.wu.s	x17,f24	 f24:0x00000000 x17=0x00000000
     247755.000 ns	     24774	80004f00	001eef33	or	x30,x29,x1	 x29:0x12696eb0  x1:0x00000000 x30=0x12696eb0
     247775.000 ns	     24776	80004f04	a1fc8ed3	fle.s	x29,f25,f31	 f25:0xae734ce0 f31:0x00000000 x29=0x00000001
     247805.000 ns	     24779	80004f08	0351a233	mulhsu	x4,x3,x21	  x3:0x00000001 x21:0x003f4a46  x4=0x00000000
     247825.000 ns	     24781	80004f0c	7f830593	addi	x11,x6,2040	  x6:0x00000000 x11=0x000007f8
     247835.000 ns	     24782	80004f10	01b0c333	xor	x6,x1,x27	  x1:0x00000000 x27:0x80041024  x6=0x80041024
     247845.000 ns	     24783	80004f14	6ce73b13	sltiu	x22,x14,1742	 x14:0x00000020 x22=0x00000001
     247855.000 ns	     24784	80004f18	996e3817	auipc	x16,0x996e3	 x16=0x196e7f18
     247865.000 ns	     24785	80004f1c	3d745cb7	lui	x25,0x3d745	 x25=0x3d745000
     247875.000 ns	     24786	80004f20	00f220b3	slt	x1,x4,x15	  x4:0x00000000 x15:0x77c8048e  x1=0x00000001
     247895.000 ns	     24788	80004f24	02538cb3	mul	x25,x7,x5	  x7:0x00000001  x5:0x00000000 x25=0x00000000
     247915.000 ns	     24790	80004f28	401a0033	sub	x0,x20,x1	 x20:0x00000000  x1:0x00000000
     248275.000 ns	     24826	80004f2c	02d862b3	rem	x5,x16,x13	 x16:0x196e7f18 x13:0x00000001  x5=0x00000000
     248645.000 ns	     24863	80004f30	03584733	div	x14,x16,x21	 x16:0x196e7f18 x21:0x003f4a46 x14=0x00000066
     249015.000 ns	     24900	80004f34	02b0f4b3	remu	x9,x1,x11	  x1:0x00000001 x11:0x000007f8  x9=0x00000001
     249045.000 ns	     24903	80004f38	03c24cb3	div	x25,x4,x28	  x4:0x00000000 x28:0x00000000 x25=0xffffffff
     249065.000 ns	     24905	80004f3c	34ec4537	lui	x10,0x34ec4	 x10=0x34ec4000
     249085.000 ns	     24907	80004f40	28b59d53	fmax.s	f26,f11,f11	 f11:0x00000001 f11:0x00000001 f26=0x00000001
     249115.000 ns	     24910	80004f44	c00076d3	fcvt.w.s	x13,f0	  f0:0x5e5265ac x13=0x7fffffff
     249145.000 ns	     24913	80004f48	c01dfe53	fcvt.wu.s	x28,f27	 f27:0x47773c00 x28=0x0000f73c
     249165.000 ns	     24915	80004f4c	017f7233	and	x4,x30,x23	 x30:0x12696eb0 x23:0x00000000  x4=0x00000000
     249175.000 ns	     24916	80004f50	414bd8b3	sra	x17,x23,x20	 x23:0x00000000 x20:0x00000000 x17=0x00000000
     249185.000 ns	     24917	80004f54	be96c693	xori	x13,x13,-1047	 x13:0x7fffffff x13=0x80000416
     249205.000 ns	     24919	80004f58	a13da0d3	feq.s	x1,f27,f19	 f27:0x47773c00 f19:0x4289de66  x1=0x00000000
     249225.000 ns	     24921	80004f5c	41080e33	sub	x28,x16,x16	 x16:0x196e7f18 x16:0x196e7f18 x28=0x00000000
     249235.000 ns	     24922	80004f60	40b98433	sub	x8,x19,x11	 x19:0xffffffff x11:0x000007f8  x8=0xfffff807
     249595.000 ns	     24958	80004f64	02906e33	rem	x28,x0,x9	  x0:0x00000000  x9:0x00000001 x28=0x00000000
     249615.000 ns	     24960	80004f68	010545b3	xor	x11,x10,x16	 x10:0x34ec4000 x16:0x196e7f18 x11=0x2d823f18
     249635.000 ns	     24962	80004f6c	d00b1a53	fcvt.s.w	f20,x22	 x22:0x00000001 f20=0x3f800000
     249665.000 ns	     24965	80004f70	e0040253	fmv.x.w	x4,f8	  f8:0x1fb1abea  x4=0x1fb1abea
     249685.000 ns	     24967	80004f74	00dba1b3	slt	x3,x23,x13	 x23:0x00000000 x13:0x80000416  x3=0x00000000
     250045.000 ns	     25003	80004f78	032fc633	div	x12,x31,x18	 x31:0x00000000 x18:0x1e699be0 x12=0x00000000
     250415.000 ns	     25040	80004f7c	03de61b3	rem	x3,x28,x29	 x28:0x00000000 x29:0x00000001  x3=0x00000000
     250435.000 ns	     25042	80004f80	1a8a4393	xori	x7,x20,424	 x20:0x00000000  x7=0x000001a8
     250455.000 ns	     25044	80004f84	213c9a53	fsgnjn.s	f20,f25,f19	 f25:0xae734ce0 f19:0x4289de66 f20=0xae734ce0
     250475.000 ns	     25046	80004f88	00000013	addi	x0,x0,0	  x0:0x00000000
     250835.000 ns	     25082	80004f8c	02947633	remu	x12,x8,x9	  x8:0xfffff807  x9:0x00000001 x12=0x00000000
     250855.000 ns	     25084	80004f90	01d1e033	or	x0,x3,x29	  x3:0x00000000 x29:0x00000001
     250865.000 ns	     25085	80004f94	011c2fb3	slt	x31,x24,x17	 x24:0x00000000 x17:0x00000000 x31=0x00000000
     250875.000 ns	     25086	80004f98	0170d833	srl	x16,x1,x23	  x1:0x00000000 x23:0x00000000 x16=0x00000000
     250885.000 ns	     25087	80004f9c	9999c413	xori	x8,x19,-1639	 x19:0xffffffff  x8=0x00000666
     250895.000 ns	     25088	80004fa0	00000013	addi	x0,x0,0	  x0:0x00000000
     250905.000 ns	     25089	80004fa4	00b4b0b3	sltu	x1,x9,x11	  x9:0x00000001 x11:0x2d823f18  x1=0x00000001
     250915.000 ns	     25090	80004fa8	00000013	addi	x0,x0,0	  x0:0x00000000
     250935.000 ns	     25092	80004fac	0308d233	divu	x4,x17,x16	 x17:0x00000000 x16:0x00000000  x4=0xffffffff
     252115.000 ns	     25210	80004fb0	580efcd3	fsqrt.s	f25,f29	 f29:0x4f619665 f25=0x471f83b3
     252135.000 ns	     25212	80004fb4	00ed3cb3	sltu	x25,x26,x14	 x26:0x80040fe4 x14:0x00000066 x25=0x00000000
     252145.000 ns	     25213	80004fb8	003d9693	slli	x13,x27,0x3	 x27:0x80041024 x13=0x00208120
     252165.000 ns	     25215	80004fbc	a1fdac53	feq.s	x24,f27,f31	 f27:0x47773c00 f31:0x00000000 x24=0x00000000
     252185.000 ns	     25217	80004fc0	018acf33	xor	x30,x21,x24	 x21:0x003f4a46 x24:0x00000000 x30=0x003f4a46
     252195.000 ns	     25218	80004fc4	01631b93	slli	x23,x6,0x16	  x6:0x80041024 x23=0x09000000
     252215.000 ns	     25220	80004fc8	d0197053	fcvt.s.wu	f0,x18	 x18:0x1e699be0  f0=0x4df34cdf
     252235.000 ns	     25222	80004fcc	407a8bb3	sub	x23,x21,x7	 x21:0x003f4a46  x7:0x000001a8 x23=0x003f489e
     252255.000 ns	     25224	80004fd0	035e2433	mulhsu	x8,x28,x21	 x28:0x00000000 x21:0x003f4a46  x8=0x00000000
     252285.000 ns	     25227	80004fd4	29a092d3	fmax.s	f5,f1,f26	  f1:0xdefd1e14 f26:0x00000001  f5=0x00000001
     252305.000 ns	     25229	80004fd8	40218f33	sub	x30,x3,x2	  x3:0x00000000  x2:0xffc0b000 x30=0x003f5000
     252325.000 ns	     25231	80004fdc	e00d0bd3	fmv.x.w	x23,f26	 f26:0x00000001 x23=0x00000001
     252355.000 ns	     25234	80004fe0	03f1cbb3	div	x23,x3,x31	  x3:0x00000000 x31:0x00000000 x23=0xffffffff
     252375.000 ns	     25236	80004fe4	6bd2eb93	ori	x23,x5,1725	  x5:0x00000000 x23=0x000006bd
     252705.000 ns	     25269	80004fe8	1945cbd3	fdiv.s	f23,f11,f20	 f11:0x00000001 f20:0xae734ce0 f23=0x8634b4b7
     252725.000 ns	     25271	80004fec	f76e0a37	lui	x20,0xf76e0	 x20=0xf76e0000
     252735.000 ns	     25272	80004ff0	e5b0a993	slti	x19,x1,-421	  x1:0x00000001 x19=0x00000000
     252755.000 ns	     25274	80004ff4	e0010fd3	fmv.x.w	x31,f2	  f2:0x44e1c000 x31=0x44e1c000
     252775.000 ns	     25276	80004ff8	0095acb3	slt	x25,x11,x9	 x11:0x2d823f18  x9:0x00000001 x25=0x00000000
     252785.000 ns	     25277	80004ffc	0cac0713	addi	x14,x24,202	 x24:0x00000000 x14=0x000000ca
     252805.000 ns	     25279	80005000	a1522e53	feq.s	x28,f4,f21	  f4:0x00000000 f21:0xdbeaffc9 x28=0x00000000
     252835.000 ns	     25282	80005004	c004afd3	fcvt.w.s	x31,f9	  f9:0x4df34cdf x31=0x1e699be0
     252855.000 ns	     25284	80005008	85f16a93	ori	x21,x2,-1953	  x2:0xffc0b000 x21=0xfffff85f
     252875.000 ns	     25286	8000500c	02b88833	mul	x16,x17,x11	 x17:0x00000000 x11:0x2d823f18 x16=0x00000000
     252905.000 ns	     25289	80005010	c00411d3	fcvt.w.s	x3,f8	  f8:0x1fb1abea  x3=0x00000000
     252945.000 ns	     25293	80005014	10589353	fmul.s	f6,f17,f5	 f17:0x00000000  f5:0x00000001  f6=0x00000000
     252965.000 ns	     25295	80005018	00a7da33	srl	x20,x15,x10	 x15:0x77c8048e x10:0x34ec4000 x20=0x77c8048e
     252975.000 ns	     25296	8000501c	0097b733	sltu	x14,x15,x9	 x15:0x77c8048e  x9:0x00000001 x14=0x00000000
     252995.000 ns	     25298	80005020	02188cb3	mul	x25,x17,x1	 x17:0x00000000  x1:0x00000001 x25=0x00000000
     253025.000 ns	     25301	80005024	e00e00d3	fmv.x.w	x1,f28	 f28:0xcdf34cdf  x1=0xcdf34cdf
     253055.000 ns	     25304	80005028	e00d0bd3	fmv.x.w	x23,f26	 f26:0x00000001 x23=0x00000001
     253075.000 ns	     25306	8000502c	01584b33	xor	x22,x16,x21	 x16:0x00000000 x21:0xfffff85f x22=0xfffff85f
     253085.000 ns	     25307	80005030	a6393913	sltiu	x18,x18,-1437	 x18:0x1e699be0 x18=0x00000001
     253105.000 ns	     25309	80005034	c00cf053	fcvt.w.s	x0,f25	 f25:0x471f83b3
     253125.000 ns	     25311	80005038	4099d0b3	sra	x1,x19,x9	 x19:0x00000000  x9:0x00000001  x1=0x00000000
     253165.000 ns	     25315	8000503c	00027bd3	fadd.s	f23,f4,f0	  f4:0x00000000  f0:0x4df34cdf f23=0x4df34cdf
     253185.000 ns	     25317	80005040	01745493	srli	x9,x8,0x17	  x8:0x00000000  x9=0x00000000
     253195.000 ns	     25318	80005044	5980be93	sltiu	x29,x1,1432	  x1:0x00000000 x29=0x00000001
     253215.000 ns	     25320	80005048	0396d6b3	divu	x13,x13,x25	 x13:0x00208120 x25:0x00000000 x13=0xffffffff
     253265.000 ns	     25325	8000504c	09597ed3	fsub.s	f29,f18,f21	 f18:0x47773c00 f21:0xdbeaffc9 f29=0x5beaffc9
     253285.000 ns	     25327	80005050	00795513	srli	x10,x18,0x7	 x18:0x00000001 x10=0x00000000
     253295.000 ns	     25328	80005054	0ef81597	auipc	x11,0xef81	 x11=0x8ef86054
     253655.000 ns	     25364	80005058	0240f9b3	remu	x19,x1,x4	  x1:0x00000000  x4:0xffffffff x19=0x00000000
     253675.000 ns	     25366	8000505c	00b0d733	srl	x14,x1,x11	  x1:0x00000000 x11:0x2d823f18 x14=0x00000000
     253685.000 ns	     25367	80005060	00d6d433	srl	x8,x13,x13	 x13:0xffffffff x13:0xffffffff  x8=0x00000001
     253695.000 ns	     25368	80005064	4114df33	sra	x30,x9,x17	  x9:0x00000000 x17:0x00000000 x30=0x00000000
     253715.000 ns	     25370	80005068	2072a5d3	fsgnjx.s	f11,f5,f7	  f5:0x00000001  f7:0x0000070e f11=0x00000001
     253745.000 ns	     25373	8000506c	28f98ed3	fmin.s	f29,f19,f15	 f19:0x4289de66 f15:0x00000000 f29=0x00000000
     253775.000 ns	     25376	80005070	034084b3	mul	x9,x1,x20	  x1:0x00000000 x20:0x77c8048e  x9=0x00000000
     253805.000 ns	     25379	80005074	0368a0b3	mulhsu	x1,x17,x22	 x17:0x00000000 x22:0xfffff85f  x1=0x00000000
     253825.000 ns	     25381	80005078	01339a13	slli	x20,x7,0x13	  x7:0x000001a8 x20=0x0d400000
     253845.000 ns	     25383	8000507c	d007f853	fcvt.s.w	f16,x15	 x15:0x77c8048e f16=0x4eef9009
     253875.000 ns	     25386	80005080	02a056b3	divu	x13,x0,x10	  x0:0x00000000 x10:0x00000000 x13=0xffffffff
     253895.000 ns	     25388	80005084	40775313	srai	x6,x14,0x7	 x14:0x00000000  x6=0x00000000
     253925.000 ns	     25391	80005088	11e8fad3	fmul.s	f21,f17,f30	 f17:0x00000000 f30:0xecc7f5af f21=0x80000000
     253955.000 ns	     25394	8000508c	214f96d3	fsgnjn.s	f13,f31,f20	 f31:0x00000000 f20:0xae734ce0 f13=0x00000000
     253975.000 ns	     25396	80005090	ae3d0213	addi	x4,x26,-1309	 x26:0x80040fe4  x4=0x80040ac7
     253995.000 ns	     25398	80005094	0397b1b3	mulhu	x3,x15,x25	 x15:0x77c8048e x25:0x00000000  x3=0x00000000
     254015.000 ns	     25400	80005098	01a71eb3	sll	x29,x14,x26	 x14:0x00000000 x26:0x80040fe4 x29=0x00000000
     254025.000 ns	     25401	8000509c	003f2533	slt	x10,x30,x3	 x30:0x00000000  x3:0x00000000 x10=0x00000000
     254035.000 ns	     25402	800050a0	7d584813	xori	x16,x16,2005	 x16:0x00000000 x16=0x000007d5
     254055.000 ns	     25404	800050a4	e0059853	fclass.s	x16,f11	 f11:0x00000001 x16=0x00000020
     254075.000 ns	     25406	800050a8	413c85b3	sub	x11,x25,x19	 x25:0x00000000 x19:0x00000000 x11=0x00000000
     254085.000 ns	     25407	800050ac	0abd0193	addi	x3,x26,171	 x26:0x80040fe4  x3=0x8004108f
     254105.000 ns	     25409	800050b0	21ad0853	fsgnj.s	f16,f26,f26	 f26:0x00000001 f26:0x00000001 f16=0x00000001
     254135.000 ns	     25412	800050b4	a0071c53	flt.s	x24,f14,f0	 f14:0x4289de66  f0:0x4df34cdf x24=0x00000001
     254165.000 ns	     25415	800050b8	d00c2e53	fcvt.s.w	f28,x24	 x24:0x00000000 f28=0x3f800000
     254185.000 ns	     25417	800050bc	4c82b813	sltiu	x16,x5,1224	  x5:0x00000000 x16=0x00000001
     254195.000 ns	     25418	800050c0	00d645b3	xor	x11,x12,x13	 x12:0x00000000 x13:0xffffffff x11=0xffffffff
     254205.000 ns	     25419	800050c4	edbeae13	slti	x28,x29,-293	 x29:0x00000000 x28=0x00000000
     254215.000 ns	     25420	800050c8	0005d613	srli	x12,x11,0x0	 x11:0x00000000 x12=0xffffffff
     254225.000 ns	     25421	800050cc	40955593	srai	x11,x10,0x9	 x10:0x00000000 x11=0x00000000
     254245.000 ns	     25423	800050d0	0299c8b3	div	x17,x19,x9	 x19:0x00000000  x9:0x00000000 x17=0xffffffff
     254265.000 ns	     25425	800050d4	013295b3	sll	x11,x5,x19	  x5:0x00000000 x19:0x00000000 x11=0x00000000
     254275.000 ns	     25426	800050d8	94a2af13	slti	x30,x5,-1718	  x5:0x00000000 x30=0x00000000
     254295.000 ns	     25428	800050dc	20219ed3	fsgnjn.s	f29,f3,f2	  f3:0x0001146a  f2:0x44e1c000 f29=0x8001146a
     254315.000 ns	     25430	800050e0	001cd693	srli	x13,x25,0x1	 x25:0x00000000 x13=0x00000000
     254335.000 ns	     25432	800050e4	c013f753	fcvt.wu.s	x14,f7	  f7:0x0000070e x14=0x00000000
     254365.000 ns	     25435	800050e8	a1ae01d3	fle.s	x3,f28,f26	 f28:0x3f800000 f26:0x00000001  x3=0x00000000
     254385.000 ns	     25437	800050ec	00256733	or	x14,x10,x2	 x10:0x00000000  x2:0xffc0b000 x14=0xffc0b000
     254395.000 ns	     25438	800050f0	40925433	sra	x8,x4,x9	  x4:0x80040ac7  x9:0x00000000  x8=0x80040ac7
     254415.000 ns	     25440	800050f4	c00f0653	fcvt.w.s	x12,f30	 f30:0xecc7f5af x12=0x80000000
     254445.000 ns	     25443	800050f8	033ddc33	divu	x24,x27,x19	 x27:0x80041024 x19:0x00000000 x24=0xffffffff
     254475.000 ns	     25446	800050fc	a00a2953	feq.s	x18,f20,f0	 f20:0xae734ce0  f0:0x4df34cdf x18=0x00000000
     254505.000 ns	     25449	80005100	a190ab53	feq.s	x22,f1,f25	  f1:0xdefd1e14 f25:0x471f83b3 x22=0x00000000
     254525.000 ns	     25451	80005104	00d15f33	srl	x30,x2,x13	  x2:0xffc0b000 x13:0x00000000 x30=0xffc0b000
     254535.000 ns	     25452	80005108	7cc69f97	auipc	x31,0x7cc69	 x31=0xfcc6e108
     254545.000 ns	     25453	8000510c	011d93b3	sll	x7,x27,x17	 x27:0x80041024 x17:0xffffffff  x7=0x00000000
     254555.000 ns	     25454	80005110	41f55013	srai	x0,x10,0x1f	 x10:0x00000000
     254575.000 ns	     25456	80005114	29299a53	fmax.s	f20,f19,f18	 f19:0x4289de66 f18:0x47773c00 f20=0x47773c00
     254595.000 ns	     25458	80005118	00c70333	add	x6,x14,x12	 x14:0xffc0b000 x12:0x80000000  x6=0x7fc0b000
     254955.000 ns	     25494	8000511c	038c5eb3	divu	x29,x24,x24	 x24:0xffffffff x24:0xffffffff x29=0x00000001
     254985.000 ns	     25497	80005120	c006fc53	fcvt.w.s	x24,f13	 f13:0x00000000 x24=0x00000000
     255005.000 ns	     25499	80005124	edd7f593	andi	x11,x15,-291	 x15:0x77c8048e x11=0x77c8048c
     255365.000 ns	     25535	80005128	02ecc9b3	div	x19,x25,x14	 x25:0x00000000 x14:0xffc0b000 x19=0x00000000
     255385.000 ns	     25537	8000512c	8877cb93	xori	x23,x15,-1913	 x15:0x77c8048e x23=0x8837fc09
     255395.000 ns	     25538	80005130	019c4133	xor	x2,x24,x25	 x24:0x00000000 x25:0x00000000  x2=0x00000000
     255435.000 ns	     25542	80005134	011aa853	fadd.s	f16,f21,f17	 f21:0x80000000 f17:0x00000000 f16=0x00000000
     255805.000 ns	     25579	80005138	0346c6b3	div	x13,x13,x20	 x13:0x00000000 x20:0x0d400000 x13=0x00000000
     255825.000 ns	     25581	8000513c	01d8f3b3	and	x7,x17,x29	 x17:0xffffffff x29:0x00000001  x7=0x00000001
     255835.000 ns	     25582	80005140	f4156613	ori	x12,x10,-191	 x10:0x00000000 x12=0xffffff41
     255865.000 ns	     25585	80005144	19feff53	fdiv.s	f30,f29,f31	 f29:0x8001146a f31:0x00000000 f30=0xff800000
     255895.000 ns	     25588	80005148	c01a88d3	fcvt.wu.s	x17,f21	 f21:0x80000000 x17=0x00000000
     255925.000 ns	     25591	8000514c	035bbc33	mulhu	x24,x23,x21	 x23:0x8837fc09 x21:0xfffff85f x24=0x8837f7f9
     256295.000 ns	     25628	80005150	02b3feb3	remu	x29,x7,x11	  x7:0x00000001 x11:0x77c8048c x29=0x00000001
     256335.000 ns	     25632	80005154	580c31d3	fsqrt.s	f3,f24	 f24:0x00000000  f3=0x00000000
     256365.000 ns	     25635	80005158	28d31b53	fmax.s	f22,f6,f13	  f6:0x00000000 f13:0x00000000 f22=0x00000000
     256395.000 ns	     25638	8000515c	a0e191d3	flt.s	x3,f3,f14	  f3:0x00000000 f14:0x4289de66  x3=0x00000001
     256425.000 ns	     25641	80005160	02bf1433	mulh	x8,x30,x11	 x30:0xffc0b000 x11:0x77c8048c  x8=0xffe26058
     256455.000 ns	     25644	80005164	03ddb033	mulhu	x0,x27,x29	 x27:0x80041024 x29:0x00000001
     256485.000 ns	     25647	80005168	218f9653	fsgnjn.s	f12,f31,f24	 f31:0x00000000 f24:0x00000000 f12=0x80000000
     256505.000 ns	     25649	8000516c	008cf3b3	and	x7,x25,x8	 x25:0x00000000  x8:0xffe26058  x7=0x00000000
     256515.000 ns	     25650	80005170	00000013	addi	x0,x0,0	  x0:0x00000000
     256525.000 ns	     25651	80005174	00155413	srli	x8,x10,0x1	 x10:0x00000000  x8=0x00000000
     256545.000 ns	     25653	80005178	0225c033	div	x0,x11,x2	 x11:0x77c8048c  x2:0x00000000
     256565.000 ns	     25655	8000517c	40ec5593	srai	x11,x24,0xe	 x24:0x8837f7f9 x11=0xfffe20df
     256575.000 ns	     25656	80005180	77cf51b7	lui	x3,0x77cf5	  x3=0x77cf5000
     256595.000 ns	     25658	80005184	21922f53	fsgnjx.s	f30,f4,f25	  f4:0x00000000 f25:0x471f83b3 f30=0x00000000
     256625.000 ns	     25661	80005188	0313c233	div	x4,x7,x17	  x7:0x00000000 x17:0x00000000  x4=0xffffffff
     256645.000 ns	     25663	8000518c	0d4b4e13	xori	x28,x22,212	 x22:0x00000000 x28=0x000000d4
     256655.000 ns	     25664	80005190	ba26b5b7	lui	x11,0xba26b	 x11=0xba26b000
     256665.000 ns	     25665	80005194	00c49a13	slli	x20,x9,0xc	  x9:0x00000000 x20=0x00000000
     256685.000 ns	     25667	80005198	c00b0353	fcvt.w.s	x6,f22	 f22:0x00000000  x6=0x00000000
     256715.000 ns	     25670	8000519c	039ac033	div	x0,x21,x25	 x21:0xfffff85f x25:0x00000000
     256735.000 ns	     25672	800051a0	09d03193	sltiu	x3,x0,157	  x0:0x00000000  x3=0x00000001
     256755.000 ns	     25674	800051a4	29381ed3	fmax.s	f29,f16,f19	 f16:0x00000000 f19:0x4289de66 f29=0x4289de66
     256775.000 ns	     25676	800051a8	5036a293	slti	x5,x13,1283	 x13:0x00000000  x5=0x00000001
     256795.000 ns	     25678	800051ac	c01891d3	fcvt.wu.s	x3,f17	 f17:0x00000000  x3=0x00000000
     256815.000 ns	     25680	800051b0	01f67233	and	x4,x12,x31	 x12:0xffffff41 x31:0xfcc6e108  x4=0xfcc6e100
     257175.000 ns	     25716	800051b4	03e87033	remu	x0,x16,x30	 x16:0x00000001 x30:0xffc0b000
     257205.000 ns	     25719	800051b8	02afba33	mulhu	x20,x31,x10	 x31:0xfcc6e108 x10:0x00000000 x20=0x00000000
     257235.000 ns	     25722	800051bc	e0060853	fmv.x.w	x16,f12	 f12:0x80000000 x16=0x80000000
     257285.000 ns	     25727	800051c0	09f0f1d3	fsub.s	f3,f1,f31	  f1:0xdefd1e14 f31:0x00000000  f3=0xdefd1e14
     257305.000 ns	     25729	800051c4	00ebfeb3	and	x29,x23,x14	 x23:0x8837fc09 x14:0xffc0b000 x29=0x8800b000
     257315.000 ns	     25730	800051c8	eb10ee13	ori	x28,x1,-335	  x1:0x00000000 x28=0xfffffeb1
     257325.000 ns	     25731	800051cc	45cec813	xori	x16,x29,1116	 x29:0x00000001 x16=0x8800b45c
     257345.000 ns	     25733	800051d0	a02f0f53	fle.s	x30,f30,f2	 f30:0x00000000  f2:0x44e1c000 x30=0x00000001
     257395.000 ns	     25738	800051d4	08767353	fsub.s	f6,f12,f7	 f12:0x80000000  f7:0x0000070e  f6=0x8000070e
     257415.000 ns	     25740	800051d8	014604b3	add	x9,x12,x20	 x12:0xffffff41 x20:0x00000000  x9=0xffffff41
     257425.000 ns	     25741	800051dc	0042f6b3	and	x13,x5,x4	  x5:0x00000001  x4:0xfcc6e100 x13=0x00000000
     257445.000 ns	     25743	800051e0	281a90d3	fmax.s	f1,f21,f1	 f21:0x80000000  f1:0xdefd1e14  f1=0x80000000
     257485.000 ns	     25747	800051e4	103b7ad3	fmul.s	f21,f22,f3	 f22:0x00000000  f3:0xdefd1e14 f21=0x80000000
     257515.000 ns	     25750	800051e8	c0062353	fcvt.w.s	x6,f12	 f12:0x80000000  x6=0x00000000
     257535.000 ns	     25752	800051ec	891d3f93	sltiu	x31,x26,-1903	 x26:0x80040fe4 x31=0x00000001
     257555.000 ns	     25754	800051f0	f00487d3	fmv.w.x	f15,x9	  x9:0xffffff41 f15=0xffffff41
     257575.000 ns	     25756	800051f4	9388aa17	auipc	x20,0x9388a	 x20=0x1388f1f4
     257595.000 ns	     25758	800051f8	c016f753	fcvt.wu.s	x14,f13	 f13:0x00000000 x14=0x00000000
     257625.000 ns	     25761	800051fc	213807d3	fsgnj.s	f15,f16,f19	 f16:0x00000000 f19:0x4289de66 f15=0x00000000
     257645.000 ns	     25763	80005200	65d33e13	sltiu	x28,x6,1629	  x6:0x00000000 x28=0x00000001
     257655.000 ns	     25764	80005204	00000013	addi	x0,x0,0	  x0:0x00000000
     257675.000 ns	     25766	80005208	c0007953	fcvt.w.s	x18,f0	  f0:0x4df34cdf x18=0x1e699be0
     257705.000 ns	     25769	8000520c	027b6233	rem	x4,x22,x7	 x22:0x00000000  x7:0x00000000  x4=0x00000000
     257735.000 ns	     25772	80005210	20949f53	fsgnjn.s	f30,f9,f9	  f9:0x4df34cdf  f9:0x4df34cdf f30=0xcdf34cdf
     257765.000 ns	     25775	80005214	21410d53	fsgnj.s	f26,f2,f20	  f2:0x44e1c000 f20:0x47773c00 f26=0x44e1c000
     257785.000 ns	     25777	80005218	00000013	addi	x0,x0,0	  x0:0x00000000
     257795.000 ns	     25778	8000521c	01aec6b3	xor	x13,x29,x26	 x29:0x8800b000 x26:0x80040fe4 x13=0x0804bfe4
     257835.000 ns	     25782	80005220	0118a8d3	fadd.s	f17,f17,f17	 f17:0x00000000 f17:0x00000000 f17=0x00000000
     257865.000 ns	     25785	80005224	03fbaab3	mulhsu	x21,x23,x31	 x23:0x8837fc09 x31:0x00000001 x21=0xffffffff
     257885.000 ns	     25787	80005228	00e56cb3	or	x25,x10,x14	 x10:0x00000000 x14:0x00000000 x25=0x00000000
     257895.000 ns	     25788	8000522c	8dd2aeb7	lui	x29,0x8dd2a	 x29=0x8dd2a000
     257925.000 ns	     25791	80005230	5808b4d3	fsqrt.s	f9,f17	 f17:0x00000000  f9=0x00000000
     257945.000 ns	     25793	80005234	00a2ceb3	xor	x29,x5,x10	  x5:0x00000001 x10:0x00000000 x29=0x00000001
     257965.000 ns	     25795	80005238	029f9cb3	mulh	x25,x31,x9	 x31:0x00000001  x9:0xffffff41 x25=0xffffffff
     257995.000 ns	     25798	8000523c	039c0b33	mul	x22,x24,x25	 x24:0x8837f7f9 x25:0x00000000 x22=0x77c80807
     258045.000 ns	     25803	80005240	08c578d3	fsub.s	f17,f10,f12	 f10:0x5e5265ac f12:0x80000000 f17=0x5e5265ac
     258065.000 ns	     25805	80005244	40fb8cb3	sub	x25,x23,x15	 x23:0x8837fc09 x15:0x77c8048e x25=0x106ff77b
     258075.000 ns	     25806	80005248	e091b413	sltiu	x8,x3,-503	  x3:0x00000000  x8=0x00000001
     258085.000 ns	     25807	8000524c	41b7db13	srai	x22,x15,0x1b	 x15:0x77c8048e x22=0x0000000e
     258105.000 ns	     25809	80005250	0371a0b3	mulhsu	x1,x3,x23	  x3:0x00000000 x23:0x8837fc09  x1=0x00000000
     258445.000 ns	     25843	80005254	19ebcdd3	fdiv.s	f27,f23,f30	 f23:0x4df34cdf f30:0xcdf34cdf f27=0xbf734ce0
     258465.000 ns	     25845	80005258	00cf6233	or	x4,x30,x12	 x30:0x00000001 x12:0xffffff41  x4=0xffffff41
     258475.000 ns	     25846	8000525c	10a67413	andi	x8,x12,266	 x12:0xffffff41  x8=0x00000100
     258485.000 ns	     25847	80005260	01766233	or	x4,x12,x23	 x12:0xffffff41 x23:0x8837fc09  x4=0xffffff49
     258515.000 ns	     25850	80005264	11a7b053	fmul.s	f0,f15,f26	 f15:0x00000000 f26:0x44e1c000  f0=0x00000000
     258535.000 ns	     25852	80005268	4008d5b3	sra	x11,x17,x0	 x17:0x00000000  x0:0x00000000 x11=0x00000000
     258575.000 ns	     25856	8000526c	01019d53	fadd.s	f26,f3,f16	  f3:0xdefd1e14 f16:0x00000000 f26=0xdefd1e14
     258595.000 ns	     25858	80005270	01245a33	srl	x20,x8,x18	  x8:0x00000100 x18:0x1e699be0 x20=0x00000100
     258605.000 ns	     25859	80005274	01afb1b3	sltu	x3,x31,x26	 x31:0x00000001 x26:0x80040fe4  x3=0x00000001
     258615.000 ns	     25860	80005278	448d0713	addi	x14,x26,1096	 x26:0x80040fe4 x14=0x8004142c
     258625.000 ns	     25861	8000527c	d7c7f113	andi	x2,x15,-644	 x15:0x77c8048e  x2=0x77c8040c
     258645.000 ns	     25863	80005280	038c38b3	mulhu	x17,x24,x24	 x24:0x8837f7f9 x24:0x8837f7f9 x17=0x487b83b5
     258675.000 ns	     25866	80005284	e00d0fd3	fmv.x.w	x31,f26	 f26:0xdefd1e14 x31=0xdefd1e14
     258695.000 ns	     25868	80005288	01ace333	or	x6,x25,x26	 x25:0x106ff77b x26:0x80040fe4  x6=0x906fffff
     258715.000 ns	     25870	8000528c	e00204d3	fmv.x.w	x9,f4	  f4:0x00000000  x9=0x00000000
     258735.000 ns	     25872	80005290	003c9393	slli	x7,x25,0x3	 x25:0x106ff77b  x7=0x837fbbd8
     258745.000 ns	     25873	80005294	000d8b33	add	x22,x27,x0	 x27:0x80041024  x0:0x00000000 x22=0x80041024
     258765.000 ns	     25875	80005298	218a23d3	fsgnjx.s	f7,f20,f24	 f20:0x47773c00 f24:0x00000000  f7=0x47773c00
     258795.000 ns	     25878	8000529c	02a2dfb3	divu	x31,x5,x10	  x5:0x00000001 x10:0x00000000 x31=0xffffffff
     258815.000 ns	     25880	800052a0	2e14f813	andi	x16,x9,737	  x9:0x00000000 x16=0x00000000
     258835.000 ns	     25882	800052a4	21faa3d3	fsgnjx.s	f7,f21,f31	 f21:0x80000000 f31:0x00000000  f7=0x80000000
     258875.000 ns	     25886	800052a8	109dba53	fmul.s	f20,f27,f9	 f27:0xbf734ce0  f9:0x00000000 f20=0x80000000
     258905.000 ns	     25889	800052ac	28219d53	fmax.s	f26,f3,f2	  f3:0xdefd1e14  f2:0x44e1c000 f26=0x44e1c000
     259275.000 ns	     25926	800052b0	027a4c33	div	x24,x20,x7	 x20:0x00000100  x7:0x837fbbd8 x24=0x00000000
     259305.000 ns	     25929	800052b4	e00d8ad3	fmv.x.w	x21,f27	 f27:0xbf734ce0 x21=0xbf734ce0
     259325.000 ns	     25931	800052b8	014a1fb3	sll	x31,x20,x20	 x20:0x00000100 x20:0x00000100 x31=0x00000100
     259335.000 ns	     25932	800052bc	00d2beb3	sltu	x29,x5,x13	  x5:0x00000001 x13:0x0804bfe4 x29=0x00000001
     259345.000 ns	     25933	800052c0	00cf5693	srli	x13,x30,0xc	 x30:0x00000001 x13=0x00000000
     259385.000 ns	     25937	800052c4	01c981d3	fadd.s	f3,f19,f28	 f19:0x4289de66 f28:0x3f800000  f3=0x428bde66
     259405.000 ns	     25939	800052c8	016752b3	srl	x5,x14,x22	 x14:0x8004142c x22:0x80041024  x5=0x08004142
     259415.000 ns	     25940	800052cc	000f3bb3	sltu	x23,x30,x0	 x30:0x00000001  x0:0x00000000 x23=0x00000000
     259455.000 ns	     25944	800052d0	088791d3	fsub.s	f3,f15,f8	 f15:0x00000000  f8:0x1fb1abea  f3=0x9fb1abea
     259475.000 ns	     25946	800052d4	6ddca813	slti	x16,x25,1757	 x25:0x106ff77b x16=0x00000000
     259495.000 ns	     25948	800052d8	29149053	fmax.s	f0,f9,f17	  f9:0x00000000 f17:0x5e5265ac  f0=0x5e5265ac
     259515.000 ns	     25950	800052dc	0112eeb3	or	x29,x5,x17	  x5:0x08004142 x17:0x487b83b5 x29=0x487bc3f7
     259525.000 ns	     25951	800052e0	00000013	addi	x0,x0,0	  x0:0x00000000
     259535.000 ns	     25952	800052e4	004cfeb3	and	x29,x25,x4	 x25:0x106ff77b  x4:0xffffff49 x29=0x106ff749
     259545.000 ns	     25953	800052e8	a9de3093	sltiu	x1,x28,-1379	 x28:0x00000001  x1=0x00000001
     259585.000 ns	     25957	800052ec	098908d3	fsub.s	f17,f18,f24	 f18:0x47773c00 f24:0x00000000 f17=0x47773c00
     259955.000 ns	     25994	800052f0	0355fbb3	remu	x23,x11,x21	 x11:0x00000000 x21:0xbf734ce0 x23=0x00000000
     259985.000 ns	     25997	800052f4	c00585d3	fcvt.w.s	x11,f11	 f11:0x00000001 x11=0x00000000
     260005.000 ns	     25999	800052f8	0043c933	xor	x18,x7,x4	  x7:0x837fbbd8  x4:0xffffff49 x18=0x7c804491
     260045.000 ns	     26003	800052fc	090c2653	fsub.s	f12,f24,f16	 f24:0x00000000 f16:0x00000000 f12=0x80000000
     260075.000 ns	     26006	80005300	020fe933	rem	x18,x31,x0	 x31:0x00000100  x0:0x00000000 x18=0x00000100
     260095.000 ns	     26008	80005304	56fb8813	addi	x16,x23,1391	 x23:0x00000000 x16=0x0000056f
     260105.000 ns	     26009	80005308	012604b3	add	x9,x12,x18	 x12:0xffffff41 x18:0x00000100  x9=0x00000041
     260115.000 ns	     26010	8000530c	01e09513	slli	x10,x1,0x1e	  x1:0x00000001 x10=0x40000000
     260125.000 ns	     26011	80005310	e28e1b97	auipc	x23,0xe28e1	 x23=0x628e6310
     260135.000 ns	     26012	80005314	001d7fb3	and	x31,x26,x1	 x26:0x80040fe4  x1:0x00000001 x31=0x00000000
     260145.000 ns	     26013	80005318	40ad5493	srai	x9,x26,0xa	 x26:0x80040fe4  x9=0xffe00103
     260165.000 ns	     26015	8000531c	020e8eb3	mul	x29,x29,x0	 x29:0x106ff749  x0:0x00000000 x29=0x00000000
     260185.000 ns	     26017	80005320	83513b17	auipc	x22,0x83513	 x22=0x03518320
     260205.000 ns	     26019	80005324	c00821d3	fcvt.w.s	x3,f16	 f16:0x00000000  x3=0x00000000
     260235.000 ns	     26022	80005328	a1e11453	flt.s	x8,f2,f30	  f2:0x44e1c000 f30:0xcdf34cdf  x8=0x00000000
     260255.000 ns	     26024	8000532c	8e26b613	sltiu	x12,x13,-1822	 x13:0x00000000 x12=0x00000001
     260265.000 ns	     26025	80005330	01fa00b3	add	x1,x20,x31	 x20:0x00000100 x31:0x00000000  x1=0x00000100
     260295.000 ns	     26028	80005334	1983f5d3	fdiv.s	f11,f7,f24	  f7:0x80000000 f24:0x00000000 f11=0x7fc00000
     260665.000 ns	     26065	80005338	03596933	rem	x18,x18,x21	 x18:0x00000100 x21:0xbf734ce0 x18=0x00000100
     260695.000 ns	     26068	8000533c	c01c8ed3	fcvt.wu.s	x29,f25	 f25:0x471f83b3 x29=0x00009f84
     260725.000 ns	     26071	80005340	29a494d3	fmax.s	f9,f9,f26	  f9:0x00000000 f26:0x44e1c000  f9=0x44e1c000
     260745.000 ns	     26073	80005344	00d1d813	srli	x16,x3,0xd	  x3:0x00000000 x16=0x00000000
     260755.000 ns	     26074	80005348	4108ebb7	lui	x23,0x4108e	 x23=0x4108e000
     260765.000 ns	     26075	8000534c	fd204993	xori	x19,x0,-46	  x0:0x00000000 x19=0xffffffd2
     260785.000 ns	     26077	80005350	c01ef9d3	fcvt.wu.s	x19,f29	 f29:0x4289de66 x19=0x00000044
     260805.000 ns	     26079	80005354	41a3d693	srai	x13,x7,0x1a	  x7:0x837fbbd8 x13=0xffffffe0
     260815.000 ns	     26080	80005358	411e5493	srai	x9,x28,0x11	 x28:0x00000001  x9=0x00000000
     260835.000 ns	     26082	8000535c	03db0e33	mul	x28,x22,x29	 x22:0x03518320 x29:0x00009f84 x28=0x56787c80
     260865.000 ns	     26085	80005360	e0099053	fclass.s	x0,f19	 f19:0x4289de66
     261235.000 ns	     26122	80005364	025ae2b3	rem	x5,x21,x5	 x21:0xbf734ce0  x5:0x08004142  x5=0xff7556f0
     261265.000 ns	     26125	80005368	02ea2333	mulhsu	x6,x20,x14	 x20:0x00000100 x14:0x8004142c  x6=0x00000080
     261285.000 ns	     26127	8000536c	01155ab3	srl	x21,x10,x17	 x10:0x40000000 x17:0x487b83b5 x21=0x00000200
     261645.000 ns	     26163	80005370	02776633	rem	x12,x14,x7	 x14:0x8004142c  x7:0x837fbbd8 x12=0xfc845854
     262015.000 ns	     26200	80005374	03bf6233	rem	x4,x30,x27	 x30:0x00000001 x27:0x80041024  x4=0x00000001
     262035.000 ns	     26202	80005378	4078db33	sra	x22,x17,x7	 x17:0x487b83b5  x7:0x837fbbd8 x22=0x00000048
     262045.000 ns	     26203	8000537c	007c5513	srli	x10,x24,0x7	 x24:0x00000000 x10=0x00000000
     262065.000 ns	     26205	80005380	a12f96d3	flt.s	x13,f31,f18	 f31:0x00000000 f18:0x47773c00 x13=0x00000001
     262085.000 ns	     26207	80005384	00000013	addi	x0,x0,0	  x0:0x00000000
     262105.000 ns	     26209	80005388	28191653	fmax.s	f12,f18,f1	 f18:0x47773c00  f1:0x80000000 f12=0x47773c00
     262125.000 ns	     26211	8000538c	41d9df93	srai	x31,x19,0x1d	 x19:0x00000044 x31=0x00000000
     262135.000 ns	     26212	80005390	00d439b3	sltu	x19,x8,x13	  x8:0x00000000 x13:0x00000001 x19=0x00000001
     262155.000 ns	     26214	80005394	a10c84d3	fle.s	x9,f25,f16	 f25:0x471f83b3 f16:0x00000000  x9=0x00000000
     262175.000 ns	     26216	80005398	007b9693	slli	x13,x23,0x7	 x23:0x4108e000 x13=0x84700000
     262195.000 ns	     26218	8000539c	d004ce53	fcvt.s.w	f28,x9	  x9:0x00000000 f28=0x00000000
     262225.000 ns	     26221	800053a0	d00273d3	fcvt.s.w	f7,x4	  x4:0x00000001  f7=0x3f800000
     262245.000 ns	     26223	800053a4	00000013	addi	x0,x0,0	  x0:0x00000000
     262255.000 ns	     26224	800053a8	17b7e413	ori	x8,x15,379	 x15:0x77c8048e  x8=0x77c805ff
     262275.000 ns	     26226	800053ac	029ba233	mulhsu	x4,x23,x9	 x23:0x4108e000  x9:0x00000000  x4=0x00000000
     262315.000 ns	     26230	800053b0	1943f753	fdiv.s	f14,f7,f20	  f7:0x3f800000 f20:0x80000000 f14=0xff800000
     262345.000 ns	     26233	800053b4	02779b33	mulh	x22,x15,x7	 x15:0x77c8048e  x7:0x837fbbd8 x22=0xc5bf19e5
     262365.000 ns	     26235	800053b8	eb23af13	slti	x30,x7,-334	  x7:0x837fbbd8 x30=0x00000001
     262375.000 ns	     26236	800053bc	00215ab3	srl	x21,x2,x2	  x2:0x77c8040c  x2:0x77c8040c x21=0x00077c80
     262395.000 ns	     26238	800053c0	02a984b3	mul	x9,x19,x10	 x19:0x00000001 x10:0x00000000  x9=0x00000000
     262415.000 ns	     26240	800053c4	ccfa2393	slti	x7,x20,-817	 x20:0x00000100  x7=0x00000000
     262425.000 ns	     26241	800053c8	40808f33	sub	x30,x1,x8	  x1:0x00000100  x8:0x77c805ff x30=0x8837fb01
     262445.000 ns	     26243	800053cc	d0027953	fcvt.s.w	f18,x4	  x4:0x00000000 f18=0x00000000
     262465.000 ns	     26245	800053d0	fbbe34b7	lui	x9,0xfbbe3	  x9=0xfbbe3000
     262475.000 ns	     26246	800053d4	f0c45737	lui	x14,0xf0c45	 x14=0xf0c45000
     262505.000 ns	     26249	800053d8	11bb7cd3	fmul.s	f25,f22,f27	 f22:0x00000000 f27:0xbf734ce0 f25=0x80000000
     262545.000 ns	     26253	800053dc	101ec453	fmul.s	f8,f29,f1	 f29:0x4289de66  f1:0x80000000  f8=0x80000000
     262565.000 ns	     26255	800053e0	40255613	srai	x12,x10,0x2	 x10:0x00000000 x12=0x00000000
     262585.000 ns	     26257	800053e4	a1d12fd3	feq.s	x31,f2,f29	  f2:0x44e1c000 f29:0x4289de66 x31=0x00000000
     262635.000 ns	     26262	800053e8	006ef553	fadd.s	f10,f29,f6	 f29:0x4289de66  f6:0x8000070e f10=0x4289de66
     262665.000 ns	     26265	800053ec	29fd06d3	fmin.s	f13,f26,f31	 f26:0x44e1c000 f31:0x00000000 f13=0x00000000
     262685.000 ns	     26267	800053f0	00d56b33	or	x22,x10,x13	 x10:0x00000000 x13:0x84700000 x22=0x84700000
     262705.000 ns	     26269	800053f4	21868353	fsgnj.s	f6,f13,f24	 f13:0x00000000 f24:0x00000000  f6=0x00000000
     262725.000 ns	     26271	800053f8	40f68fb3	sub	x31,x13,x15	 x13:0x84700000 x15:0x77c8048e x31=0x0ca7fb72
     262735.000 ns	     26272	800053fc	018669b3	or	x19,x12,x24	 x12:0x00000000 x24:0x00000000 x19=0x00000000
     263095.000 ns	     26308	80005400	03a3e633	rem	x12,x7,x26	  x7:0x00000000 x26:0x80040fe4 x12=0x00000000
     263125.000 ns	     26311	80005404	a0150f53	fle.s	x30,f10,f1	 f10:0x4289de66  f1:0x80000000 x30=0x00000000
     263165.000 ns	     26315	80005408	10ae7ed3	fmul.s	f29,f28,f10	 f28:0x00000000 f10:0x4289de66 f29=0x00000000
     263185.000 ns	     26317	8000540c	40fb5293	srai	x5,x22,0xf	 x22:0x84700000  x5=0xffff08e0
     263545.000 ns	     26353	80005410	03676eb3	rem	x29,x14,x22	 x14:0xf0c45000 x22:0x84700000 x29=0xf0c45000
     263575.000 ns	     26356	80005414	29659ad3	fmax.s	f21,f11,f22	 f11:0x7fc00000 f22:0x00000000 f21=0x00000000
     263945.000 ns	     26393	80005418	032ec333	div	x6,x29,x18	 x29:0xf0c45000 x18:0x00000100  x6=0xfff0c450
     263975.000 ns	     26396	8000541c	d01c0ed3	fcvt.s.wu	f29,x24	 x24:0x00000000 f29=0x00000000
     263995.000 ns	     26398	80005420	15505197	auipc	x3,0x15505	  x3=0x9550a420
     264015.000 ns	     26400	80005424	289d18d3	fmax.s	f17,f26,f9	 f26:0x44e1c000  f9:0x44e1c000 f17=0x44e1c000
     264045.000 ns	     26403	80005428	21320dd3	fsgnj.s	f27,f4,f19	  f4:0x00000000 f19:0x4289de66 f27=0x00000000
     264415.000 ns	     26440	8000542c	02dc7ab3	remu	x21,x24,x13	 x24:0x00000000 x13:0x84700000 x21=0x00000000
     264445.000 ns	     26443	80005430	28b406d3	fmin.s	f13,f8,f11	  f8:0x80000000 f11:0x7fc00000 f13=0x80000000
     264475.000 ns	     26446	80005434	020b9e33	mulh	x28,x23,x0	 x23:0x4108e000  x0:0x00000000 x28=0x00000000
     264505.000 ns	     26449	80005438	29c60853	fmin.s	f16,f12,f28	 f12:0x47773c00 f28:0x00000000 f16=0x00000000
     264525.000 ns	     26451	8000543c	00000013	addi	x0,x0,0	  x0:0x00000000
     264545.000 ns	     26453	80005440	28359a53	fmax.s	f20,f11,f3	 f11:0x7fc00000  f3:0x9fb1abea f20=0x9fb1abea
     264565.000 ns	     26455	80005444	c696c717	auipc	x14,0xc696c	 x14=0x46971444
     264585.000 ns	     26457	80005448	a0cf1f53	flt.s	x30,f30,f12	 f30:0xcdf34cdf f12:0x47773c00 x30=0x00000001
     264605.000 ns	     26459	8000544c	018a0533	add	x10,x20,x24	 x20:0x00000100 x24:0x00000000 x10=0x00000100
     264935.000 ns	     26492	80005450	18917953	fdiv.s	f18,f2,f9	  f2:0x44e1c000  f9:0x44e1c000 f18=0x3f926ca6
     264965.000 ns	     26495	80005454	03a182b3	mul	x5,x3,x26	  x3:0x9550a420 x26:0x80040fe4  x5=0x45f00c80
     264995.000 ns	     26498	80005458	c011b153	fcvt.wu.s	x2,f3	  f3:0x9fb1abea  x2=0x00000000
     265025.000 ns	     26501	8000545c	a1de9fd3	flt.s	x31,f29,f29	 f29:0x00000000 f29:0x00000000 x31=0x00000000
     265055.000 ns	     26504	80005460	03e33a33	mulhu	x20,x6,x30	  x6:0xfff0c450 x30:0x00000001 x20=0x00000000
     265085.000 ns	     26507	80005464	202d86d3	fsgnj.s	f13,f27,f2	 f27:0x00000000  f2:0x44e1c000 f13=0x00000000
     265115.000 ns	     26510	80005468	e00906d3	fmv.x.w	x13,f18	 f18:0x3f926ca6 x13=0x3f926ca6
     265135.000 ns	     26512	8000546c	e8ff7a13	andi	x20,x30,-369	 x30:0x00000001 x20=0x00000001
     265145.000 ns	     26513	80005470	01eb9733	sll	x14,x23,x30	 x23:0x4108e000 x30:0x00000001 x14=0x8211c000
     265165.000 ns	     26515	80005474	e00f8b53	fmv.x.w	x22,f31	 f31:0x00000000 x22=0x00000000
     265195.000 ns	     26518	80005478	02475ab3	divu	x21,x14,x4	 x14:0x46971444  x4:0x00000000 x21=0xffffffff
     265215.000 ns	     26520	8000547c	00000013	addi	x0,x0,0	  x0:0x00000000
     265225.000 ns	     26521	80005480	f5b70813	addi	x16,x14,-165	 x14:0x8211c000 x16=0x8211bf5b
     265245.000 ns	     26523	80005484	027a1c33	mulh	x24,x20,x7	 x20:0x00000001  x7:0x00000000 x24=0x00000000
     265615.000 ns	     26560	80005488	028a6733	rem	x14,x20,x8	 x20:0x00000001  x8:0x77c805ff x14=0x00000001
     265665.000 ns	     26565	8000548c	00967453	fadd.s	f8,f12,f9	 f12:0x47773c00  f9:0x44e1c000  f8=0x477e4a00
     265685.000 ns	     26567	80005490	0116be33	sltu	x28,x13,x17	 x13:0x3f926ca6 x17:0x487b83b5 x28=0x00000001
     265705.000 ns	     26569	80005494	f00904d3	fmv.w.x	f9,x18	 x18:0x00000100  f9=0x00000100
     265735.000 ns	     26572	80005498	d00478d3	fcvt.s.w	f17,x8	  x8:0x77c805ff f17=0x4eef900b
     265755.000 ns	     26574	8000549c	019656b3	srl	x13,x12,x25	 x12:0x00000000 x25:0x106ff77b x13=0x00000000
     265775.000 ns	     26576	800054a0	0203c133	div	x2,x7,x0	  x7:0x00000000  x0:0x00000000  x2=0xffffffff
     265795.000 ns	     26578	800054a4	00b35533	srl	x10,x6,x11	  x6:0xfff0c450 x11:0x00000000 x10=0xfff0c450
     265805.000 ns	     26579	800054a8	00aa5193	srli	x3,x20,0xa	 x20:0x00000001  x3=0x00000000
     265825.000 ns	     26581	800054ac	c01c8bd3	fcvt.wu.s	x23,f25	 f25:0x80000000 x23=0x00000000
     265855.000 ns	     26584	800054b0	c009f1d3	fcvt.w.s	x3,f19	 f19:0x4289de66  x3=0x00000044
     266225.000 ns	     26621	800054b4	02934cb3	div	x25,x6,x9	  x6:0xfff0c450  x9:0xfbbe3000 x25=0x00000000
     266245.000 ns	     26623	800054b8	00cc9393	slli	x7,x25,0xc	 x25:0x106ff77b  x7=0x00000000
     266265.000 ns	     26625	800054bc	f0050ed3	fmv.w.x	f29,x10	 x10:0xfff0c450 f29=0xfff0c450
     266315.000 ns	     26630	800054c0	01dd44d3	fadd.s	f9,f26,f29	 f26:0x44e1c000 f29:0x00000000  f9=0x7fc00000
     266345.000 ns	     26633	800054c4	0312a933	mulhsu	x18,x5,x17	  x5:0x45f00c80 x17:0x487b83b5 x18=0x13cd41d5
     266375.000 ns	     26636	800054c8	028e0e33	mul	x28,x28,x8	 x28:0x00000001  x8:0x77c805ff x28=0x77c805ff
     266395.000 ns	     26638	800054cc	d9d73c93	sltiu	x25,x14,-611	 x14:0x00000001 x25=0x00000001
     266725.000 ns	     26671	800054d0	19147653	fdiv.s	f12,f8,f17	  f8:0x477e4a00 f17:0x4eef900b f12=0x37fe4a00
     266755.000 ns	     26674	800054d4	02d3d833	divu	x16,x7,x13	  x7:0x00000000 x13:0x00000000 x16=0xffffffff
     266785.000 ns	     26677	800054d8	28429bd3	fmax.s	f23,f5,f4	  f5:0x00000001  f4:0x00000000 f23=0x00000001
     266825.000 ns	     26681	800054dc	199baf53	fdiv.s	f30,f23,f25	 f23:0x4df34cdf f25:0x80000000 f30=0xff800000
     266845.000 ns	     26683	800054e0	a88a7413	andi	x8,x20,-1400	 x20:0x00000001  x8=0x00000000
     266855.000 ns	     26684	800054e4	01167633	and	x12,x12,x17	 x12:0x00000000 x17:0x487b83b5 x12=0x00000000
     266865.000 ns	     26685	800054e8	0086cab3	xor	x21,x13,x8	 x13:0x00000000  x8:0x77c805ff x21=0x00000000
     266885.000 ns	     26687	800054ec	c01ef0d3	fcvt.wu.s	x1,f29	 f29:0xfff0c450  x1=0xffffffff
     266905.000 ns	     26689	800054f0	00000013	addi	x0,x0,0	  x0:0x00000000
     266925.000 ns	     26691	800054f4	29081f53	fmax.s	f30,f16,f16	 f16:0x00000000 f16:0x00000000 f30=0x00000000
     268105.000 ns	     26809	800054f8	58051cd3	fsqrt.s	f25,f10	 f10:0x4289de66 f25=0x4104d78c
     268125.000 ns	     26811	800054fc	380f4813	xori	x16,x30,896	 x30:0x00000001 x16=0x00000381
     268145.000 ns	     26813	80005500	020aff33	remu	x30,x21,x0	 x21:0x00000000  x0:0x00000000 x30=0x00000000
     268165.000 ns	     26815	80005504	16e48613	addi	x12,x9,366	  x9:0xfbbe3000 x12=0xfbbe316e
     268195.000 ns	     26818	80005508	111ff7d3	fmul.s	f15,f31,f17	 f31:0x00000000 f17:0x4eef900b f15=0x00000000
     268225.000 ns	     26821	8000550c	28e21b53	fmax.s	f22,f4,f14	  f4:0x00000000 f14:0xff800000 f22=0x00000000
     268245.000 ns	     26823	80005510	38831937	lui	x18,0x38831	 x18=0x38831000
     268255.000 ns	     26824	80005514	e0263293	sltiu	x5,x12,-510	 x12:0xfbbe316e  x5=0x00000001
     268275.000 ns	     26826	80005518	03f5c1b3	div	x3,x11,x31	 x11:0x00000000 x31:0x00000000  x3=0xffffffff
     268305.000 ns	     26829	8000551c	035af933	remu	x18,x21,x21	 x21:0x00000000 x21:0x00000000 x18=0x00000000
     268335.000 ns	     26832	80005520	03ba8e33	mul	x28,x21,x27	 x21:0x00000000 x27:0x80041024 x28=0x00000000
     268365.000 ns	     26835	80005524	28a981d3	fmin.s	f3,f19,f10	 f19:0x4289de66 f10:0x4289de66  f3=0x4289de66
     268395.000 ns	     26838	80005528	e0040b53	fmv.x.w	x22,f8	  f8:0x477e4a00 x22=0x477e4a00
     268415.000 ns	     26840	8000552c	00a1de93	srli	x29,x3,0xa	  x3:0xffffffff x29=0x003fffff
     268425.000 ns	     26841	80005530	41435713	srai	x14,x6,0x14	  x6:0xfff0c450 x14=0xffffffff
     268435.000 ns	     26842	80005534	01d67833	and	x16,x12,x29	 x12:0xfbbe316e x29:0xf0c45000 x16=0x003e316e
     268455.000 ns	     26844	80005538	03794133	div	x2,x18,x23	 x18:0x00000000 x23:0x00000000  x2=0xffffffff
     268475.000 ns	     26846	8000553c	f4db2597	auipc	x11,0xf4db2	 x11=0x74db753c
     268485.000 ns	     26847	80005540	00f441b3	xor	x3,x8,x15	  x8:0x00000000 x15:0x77c8048e  x3=0x77c8048e
     268515.000 ns	     26850	80005544	109a3cd3	fmul.s	f25,f20,f9	 f20:0x9fb1abea  f9:0x7fc00000 f25=0x7fc00000
     268885.000 ns	     26887	80005548	021d66b3	rem	x13,x26,x1	 x26:0x80040fe4  x1:0xffffffff x13=0x00000000
     268915.000 ns	     26890	8000554c	21c799d3	fsgnjn.s	f19,f15,f28	 f15:0x00000000 f28:0x00000000 f19=0x80000000
     268945.000 ns	     26893	80005550	e00b8953	fmv.x.w	x18,f23	 f23:0x00000001 x18=0x00000001
     268965.000 ns	     26895	80005554	41698633	sub	x12,x19,x22	 x19:0x00000000 x22:0x477e4a00 x12=0xb881b600
     268985.000 ns	     26897	80005558	03923333	mulhu	x6,x4,x25	  x4:0x00000000 x25:0x00000001  x6=0x00000000
     269015.000 ns	     26900	8000555c	02893233	mulhu	x4,x18,x8	 x18:0x00000001  x8:0x00000000  x4=0x00000000
     269045.000 ns	     26903	80005560	f0098353	fmv.w.x	f6,x19	 x19:0x00000000  f6=0x00000000
     269075.000 ns	     26906	80005564	a02c10d3	flt.s	x1,f24,f2	 f24:0x00000000  f2:0x44e1c000  x1=0x00000001
     269115.000 ns	     26910	80005568	119bb4d3	fmul.s	f9,f23,f25	 f23:0x00000001 f25:0x7fc00000  f9=0x7fc00000
     269145.000 ns	     26913	8000556c	e0061bd3	fclass.s	x23,f12	 f12:0x37fe4a00 x23=0x00000040
     269175.000 ns	     26916	80005570	0376b5b3	mulhu	x11,x13,x23	 x13:0x00000000 x23:0x00000000 x11=0x00000000
     269195.000 ns	     26918	80005574	01cc7933	and	x18,x24,x28	 x24:0x00000000 x28:0x00000000 x18=0x00000000
     269215.000 ns	     26920	80005578	c00eb853	fcvt.w.s	x16,f29	 f29:0xfff0c450 x16=0x7fffffff
     269265.000 ns	     26925	8000557c	0194fe53	fadd.s	f28,f9,f25	  f9:0x7fc00000 f25:0x7fc00000 f28=0x7fc00000
     269305.000 ns	     26929	80005580	111af7d3	fmul.s	f15,f21,f17	 f21:0x00000000 f17:0x4eef900b f15=0x00000000
     269325.000 ns	     26931	80005584	d2ec3993	sltiu	x19,x24,-722	 x24:0x00000000 x19=0x00000001
     269345.000 ns	     26933	80005588	024608b3	mul	x17,x12,x4	 x12:0xb881b600  x4:0x00000000 x17=0x00000000
     269375.000 ns	     26936	8000558c	f00c8e53	fmv.w.x	f28,x25	 x25:0x00000001 f28=0x00000001
     269405.000 ns	     26939	80005590	03b81733	mulh	x14,x16,x27	 x16:0x7fffffff x27:0x80041024 x14=0xc0020812
     269445.000 ns	     26943	80005594	10ad2c53	fmul.s	f24,f26,f10	 f26:0x44e1c000 f10:0x4289de66 f24=0x47f327bc
     269465.000 ns	     26945	80005598	0128aa33	slt	x20,x17,x18	 x17:0x00000000 x18:0x00000000 x20=0x00000000
     269485.000 ns	     26947	8000559c	28b90153	fmin.s	f2,f18,f11	 f18:0x3f926ca6 f11:0x7fc00000  f2=0x3f926ca6
     269515.000 ns	     26950	800055a0	038528b3	mulhsu	x17,x10,x24	 x10:0xfff0c450 x24:0x00000000 x17=0x00000000
     269535.000 ns	     26952	800055a4	41978bb3	sub	x23,x15,x25	 x15:0x77c8048e x25:0x00000001 x23=0x77c8048d
     269545.000 ns	     26953	800055a8	01105e33	srl	x28,x0,x17	  x0:0x00000000 x17:0x00000000 x28=0x00000000
     269565.000 ns	     26955	800055ac	29271fd3	fmax.s	f31,f14,f18	 f14:0xff800000 f18:0x3f926ca6 f31=0x3f926ca6
     269615.000 ns	     26960	800055b0	0914aed3	fsub.s	f29,f9,f17	  f9:0x7fc00000 f17:0x4eef900b f29=0x7fc00000
     269635.000 ns	     26962	800055b4	000f5ab3	srl	x21,x30,x0	 x30:0x00000000  x0:0x00000000 x21=0x00000000
     269665.000 ns	     26965	800055b8	100673d3	fmul.s	f7,f12,f0	 f12:0x37fe4a00  f0:0x5e5265ac  f7=0x56d0fdb2
     269695.000 ns	     26968	800055bc	02852333	mulhsu	x6,x10,x8	 x10:0xfff0c450  x8:0x00000000  x6=0x00000000
     269715.000 ns	     26970	800055c0	40075193	srai	x3,x14,0x0	 x14:0xc0020812  x3=0xc0020812
     269755.000 ns	     26974	800055c4	01cd83d3	fadd.s	f7,f27,f28	 f27:0x00000000 f28:0x00000001  f7=0x00000001
     269805.000 ns	     26979	800055c8	097ff1d3	fsub.s	f3,f31,f23	 f31:0x3f926ca6 f23:0x00000001  f3=0x3f926ca6
     269825.000 ns	     26981	800055cc	00bf95b3	sll	x11,x31,x11	 x31:0x00000000 x11:0x00000000 x11=0x00000000
     269845.000 ns	     26983	800055d0	c019c653	fcvt.wu.s	x12,f19	 f19:0x80000000 x12=0x00000000
     269865.000 ns	     26985	800055d4	01aca333	slt	x6,x25,x26	 x25:0x00000001 x26:0x80040fe4  x6=0x00000000
     269875.000 ns	     26986	800055d8	01adbf33	sltu	x30,x27,x26	 x27:0x80041024 x26:0x80040fe4 x30=0x00000000
     269885.000 ns	     26987	800055dc	013ad193	srli	x3,x21,0x13	 x21:0x00000000  x3=0x00000000
     269905.000 ns	     26989	800055e0	e00b11d3	fclass.s	x3,f22	 f22:0x00000000  x3=0x00000010
     269935.000 ns	     26992	800055e4	e00109d3	fmv.x.w	x19,f2	  f2:0x3f926ca6 x19=0x3f926ca6
     269965.000 ns	     26995	800055e8	20e597d3	fsgnjn.s	f15,f11,f14	 f11:0x7fc00000 f14:0xff800000 f15=0x7fc00000
     269995.000 ns	     26998	800055ec	21fd8053	fsgnj.s	f0,f27,f31	 f27:0x00000000 f31:0x3f926ca6  f0=0x00000000
     270045.000 ns	     27003	800055f0	08117553	fsub.s	f10,f2,f1	  f2:0x3f926ca6  f1:0x80000000 f10=0x3f926ca6
     270075.000 ns	     27006	800055f4	02d951b3	divu	x3,x18,x13	 x18:0x00000000 x13:0x00000000  x3=0xffffffff
     270095.000 ns	     27008	800055f8	004eceb3	xor	x29,x29,x4	 x29:0x003fffff  x4:0x00000000 x29=0x003fffff
     270455.000 ns	     27044	800055fc	02295fb3	divu	x31,x18,x2	 x18:0x00000000  x2:0xffffffff x31=0x00000000
     270485.000 ns	     27047	80005600	03ca99b3	mulh	x19,x21,x28	 x21:0x00000000 x28:0x00000000 x19=0x00000000
     270515.000 ns	     27050	80005604	20bd8d53	fsgnj.s	f26,f27,f11	 f27:0x00000000 f11:0x7fc00000 f26=0x00000000
     270535.000 ns	     27052	80005608	40050233	sub	x4,x10,x0	 x10:0xfff0c450  x0:0x00000000  x4=0xfff0c450
     270555.000 ns	     27054	8000560c	d014f653	fcvt.s.wu	f12,x9	  x9:0xfbbe3000 f12=0x4f7bbe30
     270575.000 ns	     27056	80005610	70b2f593	andi	x11,x5,1803	  x5:0x00000001 x11=0x00000001
     270585.000 ns	     27057	80005614	00c4cab3	xor	x21,x9,x12	  x9:0xfbbe3000 x12:0x00000000 x21=0xfbbe3000
     270605.000 ns	     27059	80005618	210e11d3	fsgnjn.s	f3,f28,f16	 f28:0x00000001 f16:0x00000000  f3=0x80000001
     270635.000 ns	     27062	8000561c	022a1a33	mulh	x20,x20,x2	 x20:0x00000000  x2:0xffffffff x20=0x00000000
     270665.000 ns	     27065	80005620	03809333	mulh	x6,x1,x24	  x1:0x00000001 x24:0x00000000  x6=0x00000000
     270695.000 ns	     27068	80005624	20c32b53	fsgnjx.s	f22,f6,f12	  f6:0x00000000 f12:0x4f7bbe30 f22=0x00000000
     270725.000 ns	     27071	80005628	20609ad3	fsgnjn.s	f21,f1,f6	  f1:0x80000000  f6:0x00000000 f21=0x80000000
     270755.000 ns	     27074	8000562c	21bea553	fsgnjx.s	f10,f29,f27	 f29:0x7fc00000 f27:0x00000000 f10=0x7fc00000
     270805.000 ns	     27079	80005630	08fdbbd3	fsub.s	f23,f27,f15	 f27:0x00000000 f15:0x7fc00000 f23=0x7fc00000
     271175.000 ns	     27116	80005634	02b8df33	divu	x30,x17,x11	 x17:0x00000000 x11:0x00000001 x30=0x00000000
     271195.000 ns	     27118	80005638	015562b3	or	x5,x10,x21	 x10:0xfff0c450 x21:0xfbbe3000  x5=0xfffef450
     271205.000 ns	     27119	8000563c	01eb1cb3	sll	x25,x22,x30	 x22:0x477e4a00 x30:0x00000000 x25=0x477e4a00
     271225.000 ns	     27121	80005640	20880bd3	fsgnj.s	f23,f16,f8	 f16:0x00000000  f8:0x477e4a00 f23=0x00000000
     271245.000 ns	     27123	80005644	00000013	addi	x0,x0,0	  x0:0x00000000
     271275.000 ns	     27126	80005648	19f4c853	fdiv.s	f16,f9,f31	  f9:0x7fc00000 f31:0x3f926ca6 f16=0x7fc00000
     271295.000 ns	     27128	8000564c	401783b3	sub	x7,x15,x1	 x15:0x77c8048e  x1:0x00000001  x7=0x77c8048d
     271305.000 ns	     27129	80005650	003e72b3	and	x5,x28,x3	 x28:0x00000000  x3:0xffffffff  x5=0x00000000
     271325.000 ns	     27131	80005654	026096b3	mulh	x13,x1,x6	  x1:0x00000001  x6:0x00000000 x13=0x00000000
     271345.000 ns	     27133	80005658	53fc3713	sltiu	x14,x24,1343	 x24:0x00000000 x14=0x00000001
     271365.000 ns	     27135	8000565c	21010dd3	fsgnj.s	f27,f2,f16	  f2:0x3f926ca6 f16:0x7fc00000 f27=0x3f926ca6
     271385.000 ns	     27137	80005660	e911b437	lui	x8,0xe911b	  x8=0xe911b000
     271425.000 ns	     27141	80005664	0184f5d3	fadd.s	f11,f9,f24	  f9:0x7fc00000 f24:0x47f327bc f11=0x7fc00000
     271455.000 ns	     27144	80005668	28ba9c53	fmax.s	f24,f21,f11	 f21:0x80000000 f11:0x7fc00000 f24=0x80000000
     271485.000 ns	     27147	8000566c	026b4033	div	x0,x22,x6	 x22:0x477e4a00  x6:0x00000000
     271525.000 ns	     27151	80005670	19b4fd53	fdiv.s	f26,f9,f27	  f9:0x7fc00000 f27:0x3f926ca6 f26=0x7fc00000
     271545.000 ns	     27153	80005674	e88a5bb7	lui	x23,0xe88a5	 x23=0xe88a5000
     271555.000 ns	     27154	80005678	417dd393	srai	x7,x27,0x17	 x27:0x80041024  x7=0xffffff00
     271915.000 ns	     27190	8000567c	03bc6433	rem	x8,x24,x27	 x24:0x00000000 x27:0x80041024  x8=0x00000000
     271945.000 ns	     27193	80005680	e0061f53	fclass.s	x30,f12	 f12:0x4f7bbe30 x30=0x00000040
     271985.000 ns	     27197	80005684	183f39d3	fdiv.s	f19,f30,f3	 f30:0x00000000  f3:0x80000001 f19=0x80000000
     272005.000 ns	     27199	80005688	00c121b3	slt	x3,x2,x12	  x2:0xffffffff x12:0x00000000  x3=0x00000001
     272025.000 ns	     27201	8000568c	026b2833	mulhsu	x16,x22,x6	 x22:0x477e4a00  x6:0x00000000 x16=0x00000000
     272055.000 ns	     27204	80005690	024b8033	mul	x0,x23,x4	 x23:0xe88a5000  x4:0xfff0c450
     272085.000 ns	     27207	80005694	a16286d3	fle.s	x13,f5,f22	  f5:0x00000001 f22:0x00000000 x13=0x00000000
     272105.000 ns	     27209	80005698	00bad413	srli	x8,x21,0xb	 x21:0xfbbe3000  x8=0x001f77c6
     272125.000 ns	     27211	8000569c	e00f1ed3	fclass.s	x29,f30	 f30:0x00000000 x29=0x00000010
     272155.000 ns	     27214	800056a0	0261a2b3	mulhsu	x5,x3,x6	  x3:0x00000001  x6:0x00000000  x5=0x00000000
     272185.000 ns	     27217	800056a4	d0102653	fcvt.s.wu	f12,x0	  x0:0x00000000 f12=0x00000000
     272235.000 ns	     27222	800056a8	00d6fc53	fadd.s	f24,f13,f13	 f13:0x00000000 f13:0x00000000 f24=0x00000000
     272285.000 ns	     27227	800056ac	01234753	fadd.s	f14,f6,f18	  f6:0x00000000 f18:0x3f926ca6 f14=0x3f926ca6
     272305.000 ns	     27229	800056b0	012e7733	and	x14,x28,x18	 x28:0x00000000 x18:0x00000000 x14=0x00000000
     272325.000 ns	     27231	800056b4	e00c15d3	fclass.s	x11,f24	 f24:0x00000000 x11=0x00000010
     272355.000 ns	     27234	800056b8	a1829253	flt.s	x4,f5,f24	  f5:0x00000001 f24:0x00000000  x4=0x00000000
     272405.000 ns	     27239	800056bc	08eb7ad3	fsub.s	f21,f22,f14	 f22:0x00000000 f14:0x3f926ca6 f21=0xbf926ca6
     272445.000 ns	     27243	800056c0	114c37d3	fmul.s	f15,f24,f20	 f24:0x00000000 f20:0x9fb1abea f15=0x80000000
     272465.000 ns	     27245	800056c4	2d57c6b7	lui	x13,0x2d57c	 x13=0x2d57c000
     272485.000 ns	     27247	800056c8	038c6bb3	rem	x23,x24,x24	 x24:0x00000000 x24:0x00000000 x23=0x00000000
     272515.000 ns	     27250	800056cc	02496233	rem	x4,x18,x4	 x18:0x00000000  x4:0x00000000  x4=0x00000000
     272535.000 ns	     27252	800056d0	c07076b7	lui	x13,0xc0707	 x13=0xc0707000
     272555.000 ns	     27254	800056d4	0278bb33	mulhu	x22,x17,x7	 x17:0x00000000  x7:0xffffff00 x22=0x00000000
     272575.000 ns	     27256	800056d8	303beb13	ori	x22,x23,771	 x23:0x00000000 x22=0x00000303
     272585.000 ns	     27257	800056dc	a6bac993	xori	x19,x21,-1429	 x21:0xfbbe3000 x19=0x0441ca6b
     272945.000 ns	     27293	800056e0	0235dab3	divu	x21,x11,x3	 x11:0x00000010  x3:0x00000001 x21=0x00000010
     272975.000 ns	     27296	800056e4	d00f9453	fcvt.s.w	f8,x31	 x31:0x00000000  f8=0x00000000
     273005.000 ns	     27299	800056e8	024cf5b3	remu	x11,x25,x4	 x25:0x477e4a00  x4:0x00000000 x11=0x477e4a00
     273025.000 ns	     27301	800056ec	21747f97	auipc	x31,0x21747	 x31=0xa174c6ec
     273045.000 ns	     27303	800056f0	0207aa33	mulhsu	x20,x15,x0	 x15:0x77c8048e  x0:0x00000000 x20=0x00000000
     273065.000 ns	     27305	800056f4	002bfbb3	and	x23,x23,x2	 x23:0x00000000  x2:0xffffffff x23=0x00000000
     273095.000 ns	     27308	800056f8	11710fd3	fmul.s	f31,f2,f23	  f2:0x3f926ca6 f23:0x00000000 f31=0x00000000
     273115.000 ns	     27310	800056fc	01c59633	sll	x12,x11,x28	 x11:0x477e4a00 x28:0x00000000 x12=0x477e4a00
     273125.000 ns	     27311	80005700	fca02893	slti	x17,x0,-54	  x0:0x00000000 x17=0x00000000
     273135.000 ns	     27312	80005704	0182d293	srli	x5,x5,0x18	  x5:0x00000000  x5=0x00000000
     273145.000 ns	     27313	80005708	00695213	srli	x4,x18,0x6	 x18:0x00000000  x4=0x00000000
     273165.000 ns	     27315	8000570c	a1fea553	feq.s	x10,f29,f31	 f29:0x7fc00000 f31:0x00000000 x10=0x00000000
     273195.000 ns	     27318	80005710	21d5aad3	fsgnjx.s	f21,f11,f29	 f11:0x7fc00000 f29:0x7fc00000 f21=0x7fc00000
     273215.000 ns	     27320	80005714	43173893	sltiu	x17,x14,1073	 x14:0x00000000 x17=0x00000001
     273225.000 ns	     27321	80005718	00000013	addi	x0,x0,0	  x0:0x00000000
     273265.000 ns	     27325	8000571c	09153553	fsub.s	f10,f10,f17	 f10:0x7fc00000 f17:0x4eef900b f10=0x7fc00000
     273295.000 ns	     27328	80005720	218dac53	fsgnjx.s	f24,f27,f24	 f27:0x3f926ca6 f24:0x00000000 f24=0x3f926ca6
     273325.000 ns	     27331	80005724	e0010a53	fmv.x.w	x20,f2	  f2:0x3f926ca6 x20=0x3f926ca6
     273375.000 ns	     27336	80005728	09632453	fsub.s	f8,f6,f22	  f6:0x00000000 f22:0x00000000  f8=0x80000000
     273405.000 ns	     27339	8000572c	02577633	remu	x12,x14,x5	 x14:0x00000000  x5:0x00000000 x12=0x00000000
     273445.000 ns	     27343	80005730	11ae2153	fmul.s	f2,f28,f26	 f28:0x00000001 f26:0x7fc00000  f2=0x7fc00000
     273465.000 ns	     27345	80005734	f39f7313	andi	x6,x30,-199	 x30:0x00000040  x6=0x00000000
     273475.000 ns	     27346	80005738	555f68b7	lui	x17,0x555f6	 x17=0x555f6000
     273495.000 ns	     27348	8000573c	f0088653	fmv.w.x	f12,x17	 x17:0x00000001 f12=0x555f6000
     273525.000 ns	     27351	80005740	29751b53	fmax.s	f22,f10,f23	 f10:0x7fc00000 f23:0x00000000 f22=0x00000000
     273565.000 ns	     27355	80005744	11d80fd3	fmul.s	f31,f16,f29	 f16:0x7fc00000 f29:0x7fc00000 f31=0x7fc00000
     273935.000 ns	     27392	80005748	031744b3	div	x9,x14,x17	 x14:0x00000000 x17:0x555f6000  x9=0x00000000
     273955.000 ns	     27394	8000574c	728ab093	sltiu	x1,x21,1832	 x21:0x00000010  x1=0x00000001
     273975.000 ns	     27396	80005750	c003f753	fcvt.w.s	x14,f7	  f7:0x00000001 x14=0x00000000
     273995.000 ns	     27398	80005754	00885293	srli	x5,x16,0x8	 x16:0x00000000  x5=0x00000000
     274005.000 ns	     27399	80005758	019d1713	slli	x14,x26,0x19	 x26:0x80040fe4 x14=0xc8000000
     274015.000 ns	     27400	8000575c	40d48933	sub	x18,x9,x13	  x9:0x00000000 x13:0xc0707000 x18=0x3f8f9000
     274025.000 ns	     27401	80005760	d7afa697	auipc	x13,0xd7afa	 x13=0x57aff760
     274035.000 ns	     27402	80005764	bc728013	addi	x0,x5,-1081	  x5:0x00000000
     274045.000 ns	     27403	80005768	01f510b3	sll	x1,x10,x31	 x10:0x00000000 x31:0xa174c6ec  x1=0x00000000
     274075.000 ns	     27406	8000576c	11e7f1d3	fmul.s	f3,f15,f30	 f15:0x80000000 f30:0x00000000  f3=0x80000000
     274095.000 ns	     27408	80005770	012d7f33	and	x30,x26,x18	 x26:0x80040fe4 x18:0x3f8f9000 x30=0x00040000
     274115.000 ns	     27410	80005774	f00303d3	fmv.w.x	f7,x6	  x6:0x00000000  f7=0x00000000
     274135.000 ns	     27412	80005778	39e72a37	lui	x20,0x39e72	 x20=0x39e72000
     274145.000 ns	     27413	8000577c	4182d613	srai	x12,x5,0x18	  x5:0x00000000 x12=0x00000000
     274155.000 ns	     27414	80005780	00a7c733	xor	x14,x15,x10	 x15:0x77c8048e x10:0x00000000 x14=0x77c8048e
     274185.000 ns	     27417	80005784	58009bd3	fsqrt.s	f23,f1	  f1:0x80000000 f23=0x80000000
     274205.000 ns	     27419	80005788	018a7633	and	x12,x20,x24	 x20:0x39e72000 x24:0x00000000 x12=0x00000000
     274215.000 ns	     27420	8000578c	017482b3	add	x5,x9,x23	  x9:0x00000000 x23:0x00000000  x5=0x00000000
     274235.000 ns	     27422	80005790	c01c2ad3	fcvt.wu.s	x21,f24	 f24:0x3f926ca6 x21=0x00000002
     274265.000 ns	     27425	80005794	21f32d53	fsgnjx.s	f26,f6,f31	  f6:0x00000000 f31:0x7fc00000 f26=0x00000000
     274295.000 ns	     27428	80005798	20808053	fsgnj.s	f0,f1,f8	  f1:0x80000000  f8:0x80000000  f0=0x80000000
     274315.000 ns	     27430	8000579c	00eb3bb3	sltu	x23,x22,x14	 x22:0x00000303 x14:0x77c8048e x23=0x00000001
     274325.000 ns	     27431	800057a0	99d82313	slti	x6,x16,-1635	 x16:0x00000000  x6=0x00000000
     274335.000 ns	     27432	800057a4	cf0f96b7	lui	x13,0xcf0f9	 x13=0xcf0f9000
     274345.000 ns	     27433	800057a8	01bdf733	and	x14,x27,x27	 x27:0x80041024 x27:0x80041024 x14=0x80041024
     274355.000 ns	     27434	800057ac	410305b3	sub	x11,x6,x16	  x6:0x00000000 x16:0x00000000 x11=0x00000000
     274715.000 ns	     27470	800057b0	03dbd733	divu	x14,x23,x29	 x23:0x00000001 x29:0x00000010 x14=0x00000000
     274735.000 ns	     27472	800057b4	41ab5613	srai	x12,x22,0x1a	 x22:0x00000303 x12=0x00000000
     274765.000 ns	     27475	800057b8	104e3d53	fmul.s	f26,f28,f4	 f28:0x00000001  f4:0x00000000 f26=0x00000000
     274785.000 ns	     27477	800057bc	41510333	sub	x6,x2,x21	  x2:0xffffffff x21:0x00000002  x6=0xfffffffd
     274805.000 ns	     27479	800057c0	c0167f53	fcvt.wu.s	x30,f12	 f12:0x555f6000 x30=0xffffffff
     274835.000 ns	     27482	800057c4	2056ae53	fsgnjx.s	f28,f13,f5	 f13:0x00000000  f5:0x00000001 f28=0x00000000
     274865.000 ns	     27485	800057c8	034a2233	mulhsu	x4,x20,x20	 x20:0x39e72000 x20:0x39e72000  x4=0x0d18bcea
     274895.000 ns	     27488	800057cc	c0091153	fcvt.w.s	x2,f18	 f18:0x3f926ca6  x2=0x00000001
     274915.000 ns	     27490	800057d0	00ab6533	or	x10,x22,x10	 x22:0x00000303 x10:0x00000000 x10=0x00000303
     274935.000 ns	     27492	800057d4	03a081b3	mul	x3,x1,x26	  x1:0x00000000 x26:0x80040fe4  x3=0x00000000
     274955.000 ns	     27494	800057d8	01a4e8b3	or	x17,x9,x26	  x9:0x00000000 x26:0x80040fe4 x17=0x80040fe4
     274975.000 ns	     27496	800057dc	a0db8e53	fle.s	x28,f23,f13	 f23:0x80000000 f13:0x00000000 x28=0x00000001
     275005.000 ns	     27499	800057e0	c01e78d3	fcvt.wu.s	x17,f28	 f28:0x00000000 x17=0x00000000
     275025.000 ns	     27501	800057e4	013b9613	slli	x12,x23,0x13	 x23:0x00000001 x12=0x00080000
     275035.000 ns	     27502	800057e8	3348c213	xori	x4,x17,820	 x17:0x00000000  x4=0x00000334
     275055.000 ns	     27504	800057ec	c01c7353	fcvt.wu.s	x6,f24	 f24:0x3f926ca6  x6=0x00000001
     275085.000 ns	     27507	800057f0	025185b3	mul	x11,x3,x5	  x3:0x00000000  x5:0x00000000 x11=0x00000000
     275455.000 ns	     27544	800057f4	03ed7833	remu	x16,x26,x30	 x26:0x80040fe4 x30:0xffffffff x16=0x80040fe4
     275825.000 ns	     27581	800057f8	02887e33	remu	x28,x16,x8	 x16:0x00000000  x8:0x001f77c6 x28=0x000e03be
     275855.000 ns	     27584	800057fc	0203f8b3	remu	x17,x7,x0	  x7:0xffffff00  x0:0x00000000 x17=0xffffff00
     275875.000 ns	     27586	80005800	00000013	addi	x0,x0,0	  x0:0x00000000
     275885.000 ns	     27587	80005804	41825613	srai	x12,x4,0x18	  x4:0x00000334 x12=0x00000000
     275905.000 ns	     27589	80005808	02b84333	div	x6,x16,x11	 x16:0x80040fe4 x11:0x00000000  x6=0xffffffff
     275925.000 ns	     27591	8000580c	ac0db113	sltiu	x2,x27,-1344	 x27:0x80041024  x2=0x00000001
     275935.000 ns	     27592	80005810	41d50733	sub	x14,x10,x29	 x10:0x00000303 x29:0x00000010 x14=0x000002f3
     275945.000 ns	     27593	80005814	00155a93	srli	x21,x10,0x1	 x10:0x00000303 x21=0x00000181
     275955.000 ns	     27594	80005818	41ca8933	sub	x18,x21,x28	 x21:0x00000002 x28:0x000e03be x18=0xfff1fdc3
     275975.000 ns	     27596	8000581c	217828d3	fsgnjx.s	f17,f16,f23	 f16:0x7fc00000 f23:0x80000000 f17=0xffc00000
     276005.000 ns	     27599	80005820	a13f90d3	flt.s	x1,f31,f19	 f31:0x7fc00000 f19:0x80000000  x1=0x00000000
     276025.000 ns	     27601	80005824	00b55b93	srli	x23,x10,0xb	 x10:0x00000303 x23=0x00000000
     276035.000 ns	     27602	80005828	0190eeb3	or	x29,x1,x25	  x1:0x00000000 x25:0x477e4a00 x29=0x477e4a00
     276055.000 ns	     27604	8000582c	f00b8ed3	fmv.w.x	f29,x23	 x23:0x00000001 f29=0x00000000
     276075.000 ns	     27606	80005830	002503b3	add	x7,x10,x2	 x10:0x00000303  x2:0x00000001  x7=0x00000304
     276085.000 ns	     27607	80005834	00744933	xor	x18,x8,x7	  x8:0x001f77c6  x7:0xffffff00 x18=0x001f74c2
     276095.000 ns	     27608	80005838	a38b2337	lui	x6,0xa38b2	  x6=0xa38b2000
     276115.000 ns	     27610	8000583c	20270a53	fsgnj.s	f20,f14,f2	 f14:0x3f926ca6  f2:0x7fc00000 f20=0x3f926ca6
     276135.000 ns	     27612	80005840	2dcf85b7	lui	x11,0x2dcf8	 x11=0x2dcf8000
     276145.000 ns	     27613	80005844	011d9b33	sll	x22,x27,x17	 x27:0x80041024 x17:0xffffff00 x22=0x80041024
     276155.000 ns	     27614	80005848	0075d233	srl	x4,x11,x7	 x11:0x00000000  x7:0x00000304  x4=0x02dcf800
     276165.000 ns	     27615	8000584c	564bb113	sltiu	x2,x23,1380	 x23:0x00000000  x2=0x00000001
     276195.000 ns	     27618	80005850	19587ed3	fdiv.s	f29,f16,f21	 f16:0x7fc00000 f21:0x7fc00000 f29=0x7fc00000
     276565.000 ns	     27655	80005854	02746333	rem	x6,x8,x7	  x8:0x001f77c6  x7:0x00000304  x6=0x0000010a
     276615.000 ns	     27660	80005858	09b5fcd3	fsub.s	f25,f11,f27	 f11:0x7fc00000 f27:0x3f926ca6 f25=0x7fc00000
     276645.000 ns	     27663	8000585c	f0028b53	fmv.w.x	f22,x5	  x5:0x00000000 f22=0x00000000
     276665.000 ns	     27665	80005860	3394fc13	andi	x24,x9,825	  x9:0x00000000 x24=0x00000000
     276675.000 ns	     27666	80005864	05167493	andi	x9,x12,81	 x12:0x00000000  x9=0x00000000
     276685.000 ns	     27667	80005868	01be2f33	slt	x30,x28,x27	 x28:0x000e03be x27:0x80041024 x30=0x00000000
     276695.000 ns	     27668	8000586c	b2176513	ori	x10,x14,-1247	 x14:0x000002f3 x10=0xfffffbf3
     276715.000 ns	     27670	80005870	d00badd3	fcvt.s.w	f27,x23	 x23:0x00000000 f27=0x00000000
     276755.000 ns	     27674	80005874	580b70d3	fsqrt.s	f1,f22	 f22:0x00000000  f1=0x00000000
     276775.000 ns	     27676	80005878	0711b013	sltiu	x0,x3,113	  x3:0x00000000
     276795.000 ns	     27678	8000587c	d0184ed3	fcvt.s.wu	f29,x16	 x16:0x80040fe4 f29=0x4f000410
     276815.000 ns	     27680	80005880	007c1593	slli	x11,x24,0x7	 x24:0x00000000 x11=0x00000000
     276825.000 ns	     27681	80005884	415a0433	sub	x8,x20,x21	 x20:0x39e72000 x21:0x00000181  x8=0x39e71e7f
     276835.000 ns	     27682	80005888	6d05a113	slti	x2,x11,1744	 x11:0x2dcf8000  x2=0x00000001
     276845.000 ns	     27683	8000588c	00f4afb3	slt	x31,x9,x15	  x9:0x00000000 x15:0x77c8048e x31=0x00000001
     276885.000 ns	     27687	80005890	00cc99d3	fadd.s	f19,f25,f12	 f25:0x7fc00000 f12:0x555f6000 f19=0x7fc00000
     276915.000 ns	     27690	80005894	a0249cd3	flt.s	x25,f9,f2	  f9:0x7fc00000  f2:0x7fc00000 x25=0x00000000
     276945.000 ns	     27693	80005898	21d384d3	fsgnj.s	f9,f7,f29	  f7:0x00000000 f29:0x4f000410  f9=0x00000000
     276965.000 ns	     27695	8000589c	005ed933	srl	x18,x29,x5	 x29:0x477e4a00  x5:0x00000000 x18=0x477e4a00
     276985.000 ns	     27697	800058a0	a08022d3	feq.s	x5,f0,f8	  f0:0x80000000  f8:0x80000000  x5=0x00000001
     277035.000 ns	     27702	800058a4	01b127d3	fadd.s	f15,f2,f27	  f2:0x7fc00000 f27:0x00000000 f15=0x7fc00000
     277055.000 ns	     27704	800058a8	0012dcb3	srl	x25,x5,x1	  x5:0x00000001  x1:0x00000000 x25=0x00000001
     277075.000 ns	     27706	800058ac	a1d98b53	fle.s	x22,f19,f29	 f19:0x7fc00000 f29:0x4f000410 x22=0x00000000
     277105.000 ns	     27709	800058b0	c00175d3	fcvt.w.s	x11,f2	  f2:0x7fc00000 x11=0x7fffffff
     277135.000 ns	     27712	800058b4	d01a4e53	fcvt.s.wu	f28,x20	 x20:0x39e72000 f28=0x4e679c80
     277155.000 ns	     27714	800058b8	010f1613	slli	x12,x30,0x10	 x30:0x00000000 x12=0x00000000
     277165.000 ns	     27715	800058bc	005b1513	slli	x10,x22,0x5	 x22:0x00000000 x10=0x00000000
     277195.000 ns	     27718	800058c0	1025fe53	fmul.s	f28,f11,f2	 f11:0x7fc00000  f2:0x7fc00000 f28=0x7fc00000
     277215.000 ns	     27720	800058c4	e53aaf93	slti	x31,x21,-429	 x21:0x00000181 x31=0x00000000
     277225.000 ns	     27721	800058c8	017c6033	or	x0,x24,x23	 x24:0x00000000 x23:0x00000000
     277255.000 ns	     27724	800058cc	1875a653	fdiv.s	f12,f11,f7	 f11:0x7fc00000  f7:0x00000000 f12=0x7fc00000
     277285.000 ns	     27727	800058d0	03adb1b3	mulhu	x3,x27,x26	 x27:0x80041024 x26:0x80040fe4  x3=0x40041014
     277335.000 ns	     27732	800058d4	00c34b53	fadd.s	f22,f6,f12	  f6:0x00000000 f12:0x7fc00000 f22=0x7fc00000
     277355.000 ns	     27734	800058d8	40c6d913	srai	x18,x13,0xc	 x13:0xcf0f9000 x18=0xfffcf0f9
     277365.000 ns	     27735	800058dc	40ca5c13	srai	x24,x20,0xc	 x20:0x39e72000 x24=0x00039e72
     277375.000 ns	     27736	800058e0	40898c33	sub	x24,x19,x8	 x19:0x0441ca6b  x8:0x39e71e7f x24=0xca5aabec
     277385.000 ns	     27737	800058e4	018343b3	xor	x7,x6,x24	  x6:0x0000010a x24:0x00000000  x7=0xca5aaae6
     277395.000 ns	     27738	800058e8	002101b3	add	x3,x2,x2	  x2:0x00000001  x2:0x00000001  x3=0x00000002
     277415.000 ns	     27740	800058ec	21d41e53	fsgnjn.s	f28,f8,f29	  f8:0x80000000 f29:0x4f000410 f28=0x80000000
     277445.000 ns	     27743	800058f0	c0117053	fcvt.wu.s	x0,f2	  f2:0x7fc00000
     277495.000 ns	     27748	800058f4	09bbfdd3	fsub.s	f27,f23,f27	 f23:0x80000000 f27:0x00000000 f27=0x80000000
     277515.000 ns	     27750	800058f8	48864693	xori	x13,x12,1160	 x12:0x00000000 x13=0x00000488
     277535.000 ns	     27752	800058fc	2129a5d3	fsgnjx.s	f11,f19,f18	 f19:0x7fc00000 f18:0x3f926ca6 f11=0x7fc00000
     277555.000 ns	     27754	80005900	c0824293	xori	x5,x4,-1016	  x4:0x02dcf800  x5=0xfd230408
     277575.000 ns	     27756	80005904	035308b3	mul	x17,x6,x21	  x6:0x0000010a x21:0x00000181 x17=0x0001900a
     277605.000 ns	     27759	80005908	f0050ad3	fmv.w.x	f21,x10	 x10:0x00000000 f21=0x00000000
     277635.000 ns	     27762	8000590c	e00d9753	fclass.s	x14,f27	 f27:0x80000000 x14=0x00000008
     277665.000 ns	     27765	80005910	02c704b3	mul	x9,x14,x12	 x14:0x000002f3 x12:0x00000000  x9=0x00000000
     277695.000 ns	     27768	80005914	e0081b53	fclass.s	x22,f16	 f16:0x7fc00000 x22=0x00000200
     277725.000 ns	     27771	80005918	29511653	fmax.s	f12,f2,f21	  f2:0x7fc00000 f21:0x00000000 f12=0x00000000
     277765.000 ns	     27775	8000591c	11cea2d3	fmul.s	f5,f29,f28	 f29:0x4f000410 f28:0x80000000  f5=0x80000000
     277795.000 ns	     27778	80005920	215a89d3	fsgnj.s	f19,f21,f21	 f21:0x00000000 f21:0x00000000 f19=0x00000000
     277815.000 ns	     27780	80005924	1aad6613	ori	x12,x26,426	 x26:0x80040fe4 x12=0x80040fee
     277835.000 ns	     27782	80005928	c00cacd3	fcvt.w.s	x25,f25	 f25:0x7fc00000 x25=0x7fffffff
     277855.000 ns	     27784	8000592c	f38f60b7	lui	x1,0xf38f6	  x1=0xf38f6000
     277875.000 ns	     27786	80005930	031926b3	mulhsu	x13,x18,x17	 x18:0xfffcf0f9 x17:0x0001900a x13=0xfffffffb
     277895.000 ns	     27788	80005934	00ce1313	slli	x6,x28,0xc	 x28:0x000e03be  x6=0xe03be000
     277915.000 ns	     27790	80005938	03963833	mulhu	x16,x12,x25	 x12:0x80040fee x25:0x7fffffff x16=0x400207f6
     278285.000 ns	     27827	8000593c	0345ffb3	remu	x31,x11,x20	 x11:0x7fffffff x20:0x39e72000 x31=0x0c31bfff
     278315.000 ns	     27830	80005940	28ef8753	fmin.s	f14,f31,f14	 f31:0x7fc00000 f14:0x3f926ca6 f14=0x3f926ca6
     278335.000 ns	     27832	80005944	17638193	addi	x3,x7,374	  x7:0xca5aaae6  x3=0xca5aac5c
     278375.000 ns	     27836	80005948	09c89dd3	fsub.s	f27,f17,f28	 f17:0xffc00000 f28:0x80000000 f27=0x7fc00000
     278395.000 ns	     27838	8000594c	00000013	addi	x0,x0,0	  x0:0x00000000
     278405.000 ns	     27839	80005950	0020eb33	or	x22,x1,x2	  x1:0xf38f6000  x2:0x00000001 x22=0xf38f6001
     278425.000 ns	     27841	80005954	03b289b3	mul	x19,x5,x27	  x5:0xfd230408 x27:0x80041024 x19=0xd94d1120
     278455.000 ns	     27844	80005958	c00ffed3	fcvt.w.s	x29,f31	 f31:0x7fc00000 x29=0x7fffffff
     278475.000 ns	     27846	8000595c	406b8833	sub	x16,x23,x6	 x23:0x00000000  x6:0xe03be000 x16=0x1fc42000
     278495.000 ns	     27848	80005960	e00683d3	fmv.x.w	x7,f13	 f13:0x00000000  x7=0x00000000
     278525.000 ns	     27851	80005964	21b71ad3	fsgnjn.s	f21,f14,f27	 f14:0x3f926ca6 f27:0x7fc00000 f21=0xbf926ca6
     278895.000 ns	     27888	80005968	039c5633	divu	x12,x24,x25	 x24:0xca5aabec x25:0x7fffffff x12=0x00000001
     278925.000 ns	     27891	8000596c	201c02d3	fsgnj.s	f5,f24,f1	 f24:0x3f926ca6  f1:0x00000000  f5=0x3f926ca6
     278955.000 ns	     27894	80005970	e00909d3	fmv.x.w	x19,f18	 f18:0x3f926ca6 x19=0x3f926ca6
     278975.000 ns	     27896	80005974	012921b3	slt	x3,x18,x18	 x18:0xfffcf0f9 x18:0xfffcf0f9  x3=0x00000000
     278995.000 ns	     27898	80005978	03649eb3	mulh	x29,x9,x22	  x9:0x00000000 x22:0xf38f6001 x29=0x00000000
     279015.000 ns	     27900	8000597c	94b1b617	auipc	x12,0x94b1b	 x12=0x14b2097c
     279375.000 ns	     27936	80005980	02c27733	remu	x14,x4,x12	  x4:0x02dcf800 x12:0x00000001 x14=0x02dcf800
     279395.000 ns	     27938	80005984	00000013	addi	x0,x0,0	  x0:0x00000000
     279435.000 ns	     27942	80005988	01be92d3	fadd.s	f5,f29,f27	 f29:0x4f000410 f27:0x7fc00000  f5=0x7fc00000
     279465.000 ns	     27945	8000598c	a06cacd3	feq.s	x25,f25,f6	 f25:0x7fc00000  f6:0x00000000 x25=0x00000000
     279485.000 ns	     27947	80005990	e2f7c213	xori	x4,x15,-465	 x15:0x77c8048e  x4=0x8837faa1
     279505.000 ns	     27949	80005994	02591bb3	mulh	x23,x18,x5	 x18:0xfffcf0f9  x5:0xfd230408 x23=0x000008c1
     279525.000 ns	     27951	80005998	da61e813	ori	x16,x3,-602	  x3:0x00000000 x16=0xfffffda6
     279535.000 ns	     27952	8000599c	018595b3	sll	x11,x11,x24	 x11:0x7fffffff x24:0xca5aabec x11=0xfffff000
     279545.000 ns	     27953	800059a0	31879c37	lui	x24,0x31879	 x24=0x31879000
     279555.000 ns	     27954	800059a4	ec25b113	sltiu	x2,x11,-318	 x11:0x7fffffff  x2=0x00000001
     279585.000 ns	     27957	800059a8	11e989d3	fmul.s	f19,f19,f30	 f19:0x00000000 f30:0x00000000 f19=0x00000000
     279635.000 ns	     27962	800059ac	008df853	fadd.s	f16,f27,f8	 f27:0x7fc00000  f8:0x80000000 f16=0x7fc00000
     279655.000 ns	     27964	800059b0	ed093a93	sltiu	x21,x18,-304	 x18:0xfffcf0f9 x21=0x00000001
     279675.000 ns	     27966	800059b4	214f1553	fsgnjn.s	f10,f30,f20	 f30:0x00000000 f20:0x3f926ca6 f10=0x80000000
     279715.000 ns	     27970	800059b8	19684ed3	fdiv.s	f29,f16,f22	 f16:0x7fc00000 f22:0x7fc00000 f29=0x7fc00000
     279745.000 ns	     27973	800059bc	025b8eb3	mul	x29,x23,x5	 x23:0x000008c1  x5:0xfd230408 x29=0xef864a08
     279775.000 ns	     27976	800059c0	e00405d3	fmv.x.w	x11,f8	  f8:0x80000000 x11=0x80000000
     279795.000 ns	     27978	800059c4	01acea93	ori	x21,x25,26	 x25:0x00000000 x21=0x0000001a
     279805.000 ns	     27979	800059c8	41ad5413	srai	x8,x26,0x1a	 x26:0x80040fe4  x8=0xffffffe0
     279825.000 ns	     27981	800059cc	f0000953	fmv.w.x	f18,x0	  x0:0x00000000 f18=0x00000000
     279845.000 ns	     27983	800059d0	00b06733	or	x14,x0,x11	  x0:0x00000000 x11:0x80000000 x14=0x80000000
     279855.000 ns	     27984	800059d4	00000013	addi	x0,x0,0	  x0:0x00000000
     279865.000 ns	     27985	800059d8	00d2c233	xor	x4,x5,x13	  x5:0xfd230408 x13:0xfffffffb  x4=0x02dcfbf3
     279875.000 ns	     27986	800059dc	40d85e13	srai	x28,x16,0xd	 x16:0xfffffda6 x28=0xffffffff
     279895.000 ns	     27988	800059e0	0395d333	divu	x6,x11,x25	 x11:0x80000000 x25:0x00000000  x6=0xffffffff
     279925.000 ns	     27991	800059e4	e00b0e53	fmv.x.w	x28,f22	 f22:0x7fc00000 x28=0x7fc00000
     279945.000 ns	     27993	800059e8	12692b13	slti	x22,x18,294	 x18:0xfffcf0f9 x22=0x00000001
     279965.000 ns	     27995	800059ec	20cb8953	fsgnj.s	f18,f23,f12	 f23:0x80000000 f12:0x00000000 f18=0x00000000
     280335.000 ns	     28032	800059f0	03c2e233	rem	x4,x5,x28	  x5:0xfd230408 x28:0x7fc00000  x4=0xfd230408
     280355.000 ns	     28034	800059f4	005f5b93	srli	x23,x30,0x5	 x30:0x00000000 x23=0x00000000
     280375.000 ns	     28036	800059f8	c011fed3	fcvt.wu.s	x29,f3	  f3:0x80000000 x29=0x00000000
     280395.000 ns	     28038	800059fc	41785593	srai	x11,x16,0x17	 x16:0xfffffda6 x11=0xffffffff
     280405.000 ns	     28039	80005a00	055b4f93	xori	x31,x22,85	 x22:0x00000001 x31=0x00000054
     280415.000 ns	     28040	80005a04	413c8b33	sub	x22,x25,x19	 x25:0x00000000 x19:0x3f926ca6 x22=0xc06d935a
     280425.000 ns	     28041	80005a08	00d18133	add	x2,x3,x13	  x3:0x00000000 x13:0xfffffffb  x2=0xfffffffb
     280435.000 ns	     28042	80005a0c	01349e93	slli	x29,x9,0x13	  x9:0x00000000 x29=0x00000000
     280455.000 ns	     28044	80005a10	020bc8b3	div	x17,x23,x0	 x23:0x00000000  x0:0x00000000 x17=0xffffffff
     280475.000 ns	     28046	80005a14	01bb4c33	xor	x24,x22,x27	 x22:0xc06d935a x27:0x80041024 x24=0x4069837e
     280485.000 ns	     28047	80005a18	4d4cea93	ori	x21,x25,1236	 x25:0x00000000 x21=0x000004d4
     280495.000 ns	     28048	80005a1c	016f5eb3	srl	x29,x30,x22	 x30:0x00000000 x22:0xc06d935a x29=0x00000000
     280525.000 ns	     28051	80005a20	580471d3	fsqrt.s	f3,f8	  f8:0x80000000  f3=0x80000000
     280555.000 ns	     28054	80005a24	03fdb633	mulhu	x12,x27,x31	 x27:0x80041024 x31:0x00000054 x12=0x0000002a
     280575.000 ns	     28056	80005a28	00a1c233	xor	x4,x3,x10	  x3:0x00000000 x10:0x00000000  x4=0x00000000
     280595.000 ns	     28058	80005a2c	027ed733	divu	x14,x29,x7	 x29:0x00000000  x7:0x00000000 x14=0xffffffff
     280615.000 ns	     28060	80005a30	e866e613	ori	x12,x13,-378	 x13:0xfffffffb x12=0xffffffff
     280635.000 ns	     28062	80005a34	c015f6d3	fcvt.wu.s	x13,f11	 f11:0x7fc00000 x13=0xffffffff
     280665.000 ns	     28065	80005a38	f00f0753	fmv.w.x	f14,x30	 x30:0x00000000 f14=0x00000000
     280685.000 ns	     28067	80005a3c	3751a213	slti	x4,x3,885	  x3:0x00000000  x4=0x00000001
     280695.000 ns	     28068	80005a40	43a9c593	xori	x11,x19,1082	 x19:0x3f926ca6 x11=0x3f92689c
     280705.000 ns	     28069	80005a44	b7982513	slti	x10,x16,-1159	 x16:0xfffffda6 x10=0x00000000
     280715.000 ns	     28070	80005a48	a615bf37	lui	x30,0xa615b	 x30=0xa615b000
     280745.000 ns	     28073	80005a4c	10947453	fmul.s	f8,f8,f9	  f8:0x80000000  f9:0x00000000  f8=0x80000000
     280765.000 ns	     28075	80005a50	3aa56e13	ori	x28,x10,938	 x10:0x00000000 x28=0x000003aa
     280785.000 ns	     28077	80005a54	f00980d3	fmv.w.x	f1,x19	 x19:0x3f926ca6  f1=0x3f926ca6
     280815.000 ns	     28080	80005a58	21ec97d3	fsgnjn.s	f15,f25,f30	 f25:0x7fc00000 f30:0x00000000 f15=0xffc00000
     280835.000 ns	     28082	80005a5c	4113dcb3	sra	x25,x7,x17	  x7:0x00000000 x17:0xffffffff x25=0x00000000
     280855.000 ns	     28084	80005a60	d0081353	fcvt.s.w	f6,x16	 x16:0xfffffda6  f6=0xc4168000
     280885.000 ns	     28087	80005a64	028aafb3	mulhsu	x31,x21,x8	 x21:0x000004d4  x8:0xffffffe0 x31=0x000004d3
     280905.000 ns	     28089	80005a68	34e0f193	andi	x3,x1,846	  x1:0xf38f6000  x3=0x00000000
     280915.000 ns	     28090	80005a6c	d44d2193	slti	x3,x26,-700	 x26:0x80040fe4  x3=0x00000001
     280935.000 ns	     28092	80005a70	03c8b233	mulhu	x4,x17,x28	 x17:0xffffffff x28:0x000003aa  x4=0x000003a9
     280955.000 ns	     28094	80005a74	ea5e4193	xori	x3,x28,-347	 x28:0x000003aa  x3=0xfffffd0f
     281315.000 ns	     28130	80005a78	036d51b3	divu	x3,x26,x22	 x26:0x80040fe4 x22:0xc06d935a  x3=0x00000000
     281335.000 ns	     28132	80005a7c	ace8f513	andi	x10,x17,-1330	 x17:0xffffffff x10=0xffffface
     281345.000 ns	     28133	80005a80	01f76e33	or	x28,x14,x31	 x14:0xffffffff x31:0x000004d3 x28=0xffffffff
     281355.000 ns	     28134	80005a84	0d888a17	auipc	x20,0xd888	 x20=0x8d88da84
     281365.000 ns	     28135	80005a88	41795833	sra	x16,x18,x23	 x18:0xfffcf0f9 x23:0x00000000 x16=0xfffcf0f9
     281375.000 ns	     28136	80005a8c	38c6d637	lui	x12,0x38c6d	 x12=0x38c6d000
     281385.000 ns	     28137	80005a90	011f53b3	srl	x7,x30,x17	 x30:0xa615b000 x17:0xffffffff  x7=0x00000001
     281405.000 ns	     28139	80005a94	f00307d3	fmv.w.x	f15,x6	  x6:0xffffffff f15=0xffffffff
     281435.000 ns	     28142	80005a98	c005fa53	fcvt.w.s	x20,f11	 f11:0x7fc00000 x20=0x7fffffff
     281465.000 ns	     28145	80005a9c	023fda33	divu	x20,x31,x3	 x31:0x000004d3  x3:0x00000000 x20=0xffffffff
     281495.000 ns	     28148	80005aa0	d007f2d3	fcvt.s.w	f5,x15	 x15:0x77c8048e  f5=0x4eef9009
     281515.000 ns	     28150	80005aa4	00c84533	xor	x10,x16,x12	 x16:0xfffcf0f9 x12:0x38c6d000 x10=0xc73a20f9
     281535.000 ns	     28152	80005aa8	02e8bf33	mulhu	x30,x17,x14	 x17:0xffffffff x14:0xffffffff x30=0xfffffffe
     281555.000 ns	     28154	80005aac	ae58af93	slti	x31,x17,-1307	 x17:0xffffffff x31=0x00000000
     281575.000 ns	     28156	80005ab0	f0008ed3	fmv.w.x	f29,x1	  x1:0xf38f6000 f29=0xf38f6000
     281595.000 ns	     28158	80005ab4	40d35393	srai	x7,x6,0xd	  x6:0xffffffff  x7=0xffffffff
     281615.000 ns	     28160	80005ab8	c00ff953	fcvt.w.s	x18,f31	 f31:0x7fc00000 x18=0x7fffffff
     281665.000 ns	     28165	80005abc	0161f9d3	fadd.s	f19,f3,f22	  f3:0x80000000 f22:0x7fc00000 f19=0x7fc00000
     281695.000 ns	     28168	80005ac0	02991733	mulh	x14,x18,x9	 x18:0x7fffffff  x9:0x00000000 x14=0x00000000
     281715.000 ns	     28170	80005ac4	00695e13	srli	x28,x18,0x6	 x18:0x7fffffff x28=0x01ffffff
     281725.000 ns	     28171	80005ac8	8d113b13	sltiu	x22,x2,-1839	  x2:0xfffffffb x22=0x00000000
     281745.000 ns	     28173	80005acc	285e94d3	fmax.s	f9,f29,f5	 f29:0xf38f6000  f5:0x4eef9009  f9=0x4eef9009
     281765.000 ns	     28175	80005ad0	6aef7bb7	lui	x23,0x6aef7	 x23=0x6aef7000
     281775.000 ns	     28176	80005ad4	40a65733	sra	x14,x12,x10	 x12:0x38c6d000 x10:0xc73a20f9 x14=0x0000001c
     281785.000 ns	     28177	80005ad8	41438e33	sub	x28,x7,x20	  x7:0xffffffff x20:0xffffffff x28=0x00000000
     281795.000 ns	     28178	80005adc	40d05593	srai	x11,x0,0xd	  x0:0x00000000 x11=0x00000000
     281815.000 ns	     28180	80005ae0	2109a053	fsgnjx.s	f0,f19,f16	 f19:0x7fc00000 f16:0x7fc00000  f0=0x7fc00000
     281835.000 ns	     28182	80005ae4	00000013	addi	x0,x0,0	  x0:0x00000000
     281845.000 ns	     28183	80005ae8	40780a33	sub	x20,x16,x7	 x16:0xfffcf0f9  x7:0xffffffff x20=0xfffcf0fa
     281855.000 ns	     28184	80005aec	001ecfb3	xor	x31,x29,x1	 x29:0x00000000  x1:0xf38f6000 x31=0xf38f6000
     281865.000 ns	     28185	80005af0	41dc0cb3	sub	x25,x24,x29	 x24:0x4069837e x29:0x00000000 x25=0x4069837e
     281875.000 ns	     28186	80005af4	41c78833	sub	x16,x15,x28	 x15:0x77c8048e x28:0x00000000 x16=0x77c8048e
     281885.000 ns	     28187	80005af8	001ca1b3	slt	x3,x25,x1	 x25:0x00000000  x1:0xf38f6000  x3=0x00000000
     282245.000 ns	     28223	80005afc	022edeb3	divu	x29,x29,x2	 x29:0x00000000  x2:0xfffffffb x29=0x00000000
     282265.000 ns	     28225	80005b00	61d7b813	sltiu	x16,x15,1565	 x15:0x77c8048e x16=0x00000000
     282275.000 ns	     28226	80005b04	0d322393	slti	x7,x4,211	  x4:0x000003a9  x7=0x00000000
     282305.000 ns	     28229	80005b08	5807f253	fsqrt.s	f4,f15	 f15:0xffffffff  f4=0x7fc00000
     282335.000 ns	     28232	80005b0c	20260fd3	fsgnj.s	f31,f12,f2	 f12:0x00000000  f2:0x7fc00000 f31=0x00000000
     282355.000 ns	     28234	80005b10	41a05913	srai	x18,x0,0x1a	  x0:0x00000000 x18=0x00000000
     282375.000 ns	     28236	80005b14	c00739d3	fcvt.w.s	x19,f14	 f14:0x00000000 x19=0x00000000
     282405.000 ns	     28239	80005b18	f00503d3	fmv.w.x	f7,x10	 x10:0xc73a20f9  f7=0xc73a20f9
     282425.000 ns	     28241	80005b1c	0068fab3	and	x21,x17,x6	 x17:0xffffffff  x6:0xffffffff x21=0xffffffff
     282435.000 ns	     28242	80005b20	b08e7593	andi	x11,x28,-1272	 x28:0x00000000 x11=0x00000000
     282455.000 ns	     28244	80005b24	d01f74d3	fcvt.s.wu	f9,x30	 x30:0xfffffffe  f9=0x4f7fffff
     282475.000 ns	     28246	80005b28	41ba5833	sra	x16,x20,x27	 x20:0xfffcf0fa x27:0x80041024 x16=0xffffcf0f
     282485.000 ns	     28247	80005b2c	41b00bb3	sub	x23,x0,x27	  x0:0x00000000 x27:0x80041024 x23=0x7ffbefdc
     282505.000 ns	     28249	80005b30	a1629153	flt.s	x2,f5,f22	  f5:0x4eef9009 f22:0x7fc00000  x2=0x00000000
     282875.000 ns	     28286	80005b34	03e0e1b3	rem	x3,x1,x30	  x1:0xf38f6000 x30:0xfffffffe  x3=0x00000000
     282905.000 ns	     28289	80005b38	20b52e53	fsgnjx.s	f28,f10,f11	 f10:0x80000000 f11:0x7fc00000 f28=0x80000000
     282935.000 ns	     28292	80005b3c	210d8853	fsgnj.s	f16,f27,f16	 f27:0x7fc00000 f16:0x7fc00000 f16=0x7fc00000
     282955.000 ns	     28294	80005b40	de88b493	sltiu	x9,x17,-536	 x17:0xffffffff  x9=0x00000000
     282975.000 ns	     28296	80005b44	033d7433	remu	x8,x26,x19	 x26:0x80040fe4 x19:0x00000000  x8=0x80040fe4
     282995.000 ns	     28298	80005b48	286cdfb7	lui	x31,0x286cd	 x31=0x286cd000
     283015.000 ns	     28300	80005b4c	d01e7653	fcvt.s.wu	f12,x28	 x28:0x00000000 f12=0x00000000
     283035.000 ns	     28302	80005b50	9281e097	auipc	x1,0x9281e	  x1=0x12823b50
     283045.000 ns	     28303	80005b54	671ca293	slti	x5,x25,1649	 x25:0x4069837e  x5=0x00000000
     283075.000 ns	     28306	80005b58	117709d3	fmul.s	f19,f14,f23	 f14:0x00000000 f23:0x80000000 f19=0x80000000
     283095.000 ns	     28308	80005b5c	01f8d8b3	srl	x17,x17,x31	 x17:0xffffffff x31:0x286cd000 x17=0xffffffff
     283115.000 ns	     28310	80005b60	03303533	mulhu	x10,x0,x19	  x0:0x00000000 x19:0x00000000 x10=0x00000000
     283155.000 ns	     28314	80005b64	19e77b53	fdiv.s	f22,f14,f30	 f14:0x00000000 f30:0x00000000 f22=0x7fc00000
     283175.000 ns	     28316	80005b68	41d25e93	srai	x29,x4,0x1d	  x4:0x000003a9 x29=0x00000000
     283195.000 ns	     28318	80005b6c	02cb3033	mulhu	x0,x22,x12	 x22:0x00000000 x12:0x38c6d000
     283215.000 ns	     28320	80005b70	dd832f13	slti	x30,x6,-552	  x6:0xffffffff x30=0x00000000
     283225.000 ns	     28321	80005b74	b0a90913	addi	x18,x18,-1270	 x18:0x00000000 x18=0xfffffb0a
     283245.000 ns	     28323	80005b78	a1d10053	fle.s	x0,f2,f29	  f2:0x7fc00000 f29:0xf38f6000
     283265.000 ns	     28325	80005b7c	4164d113	srai	x2,x9,0x16	  x9:0x00000000  x2=0x00000000
     283275.000 ns	     28326	80005b80	40005333	sra	x6,x0,x0	  x0:0x00000000  x0:0x00000000  x6=0x00000000
     283295.000 ns	     28328	80005b84	e00e8753	fmv.x.w	x14,f29	 f29:0xf38f6000 x14=0xf38f6000
     283315.000 ns	     28330	80005b88	80daf513	andi	x10,x21,-2035	 x21:0xffffffff x10=0xfffff80d
     283325.000 ns	     28331	80005b8c	7fcd2a13	slti	x20,x26,2044	 x26:0x80040fe4 x20=0x00000001
     283335.000 ns	     28332	80005b90	fb8c7713	andi	x14,x24,-72	 x24:0x4069837e x14=0x40698338
     283355.000 ns	     28334	80005b94	0351a433	mulhsu	x8,x3,x21	  x3:0x00000000 x21:0xffffffff  x8=0x00000000
     283405.000 ns	     28339	80005b98	0181abd3	fadd.s	f23,f3,f24	  f3:0x80000000 f24:0x3f926ca6 f23=0x3f926ca6
     283435.000 ns	     28342	80005b9c	039d9c33	mulh	x24,x27,x25	 x27:0x80041024 x25:0x4069837e x24=0xdfcc43f6
     283465.000 ns	     28345	80005ba0	21b60ad3	fsgnj.s	f21,f12,f27	 f12:0x00000000 f27:0x7fc00000 f21=0x00000000
     283495.000 ns	     28348	80005ba4	a13c0753	fle.s	x14,f24,f19	 f24:0x3f926ca6 f19:0x80000000 x14=0x00000000
     283525.000 ns	     28351	80005ba8	21dc2a53	fsgnjx.s	f20,f24,f29	 f24:0x3f926ca6 f29:0xf38f6000 f20=0xbf926ca6
     283895.000 ns	     28388	80005bac	03f87f33	remu	x30,x16,x31	 x16:0xffffcf0f x31:0x286cd000 x30=0x0d72ef0f
     283925.000 ns	     28391	80005bb0	03720a33	mul	x20,x4,x23	  x4:0x000003a9 x23:0x7ffbefdc x20=0x7120ec3c
     283945.000 ns	     28393	80005bb4	1ea58813	addi	x16,x11,490	 x11:0x00000000 x16=0x000001ea
     283965.000 ns	     28395	80005bb8	037a9f33	mulh	x30,x21,x23	 x21:0xffffffff x23:0x7ffbefdc x30=0xffffffff
     284005.000 ns	     28399	80005bbc	18f1fc53	fdiv.s	f24,f3,f15	  f3:0x80000000 f15:0xffffffff f24=0x7fc00000
     284035.000 ns	     28402	80005bc0	020c28b3	mulhsu	x17,x24,x0	 x24:0xdfcc43f6  x0:0x00000000 x17=0x00000000
     284065.000 ns	     28405	80005bc4	032a0833	mul	x16,x20,x18	 x20:0x7120ec3c x18:0xfffffb0a x16=0xc6ac0e58
     284095.000 ns	     28408	80005bc8	d00c2253	fcvt.s.w	f4,x24	 x24:0xdfcc43f6  f4=0xce00cef1
     284465.000 ns	     28445	80005bcc	039e48b3	div	x17,x28,x25	 x28:0x00000000 x25:0x4069837e x17=0x00000000
     284495.000 ns	     28448	80005bd0	d0177253	fcvt.s.wu	f4,x14	 x14:0x00000000  f4=0x00000000
     284525.000 ns	     28451	80005bd4	21df2ed3	fsgnjx.s	f29,f30,f29	 f30:0x00000000 f29:0xf38f6000 f29=0x80000000
     284545.000 ns	     28453	80005bd8	0194a033	slt	x0,x9,x25	  x9:0x00000000 x25:0x4069837e
     284565.000 ns	     28455	80005bdc	a16aa0d3	feq.s	x1,f21,f22	 f21:0x00000000 f22:0x7fc00000  x1=0x00000000
     284595.000 ns	     28458	80005be0	03568c33	mul	x24,x13,x21	 x13:0xffffffff x21:0xffffffff x24=0x00000001
     284625.000 ns	     28461	80005be4	0331efb3	rem	x31,x3,x19	  x3:0x00000000 x19:0x00000000 x31=0x00000000
     284645.000 ns	     28463	80005be8	00ad8533	add	x10,x27,x10	 x27:0x80041024 x10:0xfffff80d x10=0x80040831
     284675.000 ns	     28466	80005bec	18927a53	fdiv.s	f20,f4,f9	  f4:0x00000000  f9:0x4f7fffff f20=0x00000000
     284695.000 ns	     28468	80005bf0	c2f82a13	slti	x20,x16,-977	 x16:0xc6ac0e58 x20=0x00000001
     284715.000 ns	     28470	80005bf4	c007f853	fcvt.w.s	x16,f15	 f15:0xffffffff x16=0x7fffffff
     284755.000 ns	     28474	80005bf8	10ccf553	fmul.s	f10,f25,f12	 f25:0x7fc00000 f12:0x00000000 f10=0x7fc00000
     284785.000 ns	     28477	80005bfc	e00d95d3	fclass.s	x11,f27	 f27:0x7fc00000 x11=0x00000200
     284835.000 ns	     28482	80005c00	003f7553	fadd.s	f10,f30,f3	 f30:0x00000000  f3:0x80000000 f10=0x80000000
     284865.000 ns	     28485	80005c04	20aa23d3	fsgnjx.s	f7,f20,f10	 f20:0x00000000 f10:0x7fc00000  f7=0x80000000
     285235.000 ns	     28522	80005c08	02b9c9b3	div	x19,x19,x11	 x19:0x00000000 x11:0x00000200 x19=0x00000000
     285275.000 ns	     28526	80005c0c	10377a53	fmul.s	f20,f14,f3	 f14:0x00000000  f3:0x80000000 f20=0x80000000
     285295.000 ns	     28528	80005c10	01665e13	srli	x28,x12,0x16	 x12:0x38c6d000 x28=0x000000e3
     285315.000 ns	     28530	80005c14	03ddfa33	remu	x20,x27,x29	 x27:0x80041024 x29:0x00000000 x20=0x80041024
     285345.000 ns	     28533	80005c18	02ff2533	mulhsu	x10,x30,x15	 x30:0xffffffff x15:0x77c8048e x10=0xffffffff
     285365.000 ns	     28535	80005c1c	00000013	addi	x0,x0,0	  x0:0x00000000
     285375.000 ns	     28536	80005c20	0e09eb17	auipc	x22,0xe09e	 x22=0x8e0a3c20
     285385.000 ns	     28537	80005c24	01839413	slli	x8,x7,0x18	  x7:0x00000000  x8=0x00000000
     285395.000 ns	     28538	80005c28	40c0d0b3	sra	x1,x1,x12	  x1:0x00000000 x12:0x38c6d000  x1=0x00000000
     285435.000 ns	     28542	80005c2c	08a5f9d3	fsub.s	f19,f11,f10	 f11:0x7fc00000 f10:0x80000000 f19=0x7fc00000
     285465.000 ns	     28545	80005c30	e00d8b53	fmv.x.w	x22,f27	 f27:0x7fc00000 x22=0x7fc00000
     285495.000 ns	     28548	80005c34	e00484d3	fmv.x.w	x9,f9	  f9:0x4f7fffff  x9=0x4f7fffff
     285545.000 ns	     28553	80005c38	08beb7d3	fsub.s	f15,f29,f11	 f29:0x80000000 f11:0x7fc00000 f15=0x7fc00000
     285575.000 ns	     28556	80005c3c	03639eb3	mulh	x29,x7,x22	  x7:0x00000000 x22:0x7fc00000 x29=0x00000000
     285615.000 ns	     28560	80005c40	115affd3	fmul.s	f31,f21,f21	 f21:0x00000000 f21:0x00000000 f31=0x00000000
     285655.000 ns	     28564	80005c44	5805b553	fsqrt.s	f10,f11	 f11:0x7fc00000 f10=0x7fc00000
     285685.000 ns	     28567	80005c48	a1961653	flt.s	x12,f12,f25	 f12:0x00000000 f25:0x7fc00000 x12=0x00000000
     285715.000 ns	     28570	80005c4c	e00f8b53	fmv.x.w	x22,f31	 f31:0x00000000 x22=0x00000000
     286085.000 ns	     28607	80005c50	02bcf4b3	remu	x9,x25,x11	 x25:0x4069837e x11:0x00000200  x9=0x0000017e
     286105.000 ns	     28609	80005c54	414cd433	sra	x8,x25,x20	 x25:0x4069837e x20:0x80041024  x8=0x04069837
     286125.000 ns	     28611	80005c58	e00e10d3	fclass.s	x1,f28	 f28:0x80000000  x1=0x00000008
     286155.000 ns	     28614	80005c5c	29888553	fmin.s	f10,f17,f24	 f17:0xffc00000 f24:0x7fc00000 f10=0x7fc00000
     286175.000 ns	     28616	80005c60	41dbd313	srai	x6,x23,0x1d	 x23:0x7ffbefdc  x6=0x00000003
     286195.000 ns	     28618	80005c64	02ec83b3	mul	x7,x25,x14	 x25:0x4069837e x14:0x00000000  x7=0x00000000
     286215.000 ns	     28620	80005c68	01e4d593	srli	x11,x9,0x1e	  x9:0x0000017e x11=0x00000000
     286235.000 ns	     28622	80005c6c	d01ff9d3	fcvt.s.wu	f19,x31	 x31:0x00000000 f19=0x00000000
     286255.000 ns	     28624	80005c70	01c9d2b3	srl	x5,x19,x28	 x19:0x00000000 x28:0x000000e3  x5=0x00000000
     286275.000 ns	     28626	80005c74	f00909d3	fmv.w.x	f19,x18	 x18:0xfffffb0a f19=0xfffffb0a
     286295.000 ns	     28628	80005c78	01f8b333	sltu	x6,x17,x31	 x17:0x00000000 x31:0x00000000  x6=0x00000000
     286325.000 ns	     28631	80005c7c	19dc3653	fdiv.s	f12,f24,f29	 f24:0x7fc00000 f29:0x80000000 f12=0x7fc00000
     286355.000 ns	     28634	80005c80	03f342b3	div	x5,x6,x31	  x6:0x00000003 x31:0x00000000  x5=0xffffffff
     286375.000 ns	     28636	80005c84	04ee5837	lui	x16,0x4ee5	 x16=0x04ee5000
     286385.000 ns	     28637	80005c88	01a54833	xor	x16,x10,x26	 x10:0xffffffff x26:0x80040fe4 x16=0x7ffbf01b
     286395.000 ns	     28638	80005c8c	e7e4b437	lui	x8,0xe7e4b	  x8=0xe7e4b000
     286405.000 ns	     28639	80005c90	415d5813	srai	x16,x26,0x15	 x26:0x80040fe4 x16=0xfffffc00
     286415.000 ns	     28640	80005c94	010b2933	slt	x18,x22,x16	 x22:0x00000000 x16:0x7ffbf01b x18=0x00000000
     286425.000 ns	     28641	80005c98	27eb7393	andi	x7,x22,638	 x22:0x00000000  x7=0x00000000
     286435.000 ns	     28642	80005c9c	004c09b3	add	x19,x24,x4	 x24:0x00000001  x4:0x000003a9 x19=0x000003aa
     286445.000 ns	     28643	80005ca0	852e0e13	addi	x28,x28,-1966	 x28:0x000000e3 x28=0xfffff935
     286455.000 ns	     28644	80005ca4	40645093	srai	x1,x8,0x6	  x8:0xe7e4b000  x1=0xff9f92c0
     286465.000 ns	     28645	80005ca8	00000013	addi	x0,x0,0	  x0:0x00000000
     286475.000 ns	     28646	80005cac	019dc233	xor	x4,x27,x25	 x27:0x80041024 x25:0x4069837e  x4=0xc06d935a
     286485.000 ns	     28647	80005cb0	00baf533	and	x10,x21,x11	 x21:0xffffffff x11:0x00000000 x10=0x00000000
     286515.000 ns	     28650	80005cb4	5805fbd3	fsqrt.s	f23,f11	 f11:0x7fc00000 f23=0x7fc00000
     286545.000 ns	     28653	80005cb8	03580733	mul	x14,x16,x21	 x16:0xfffffc00 x21:0xffffffff x14=0x00000400
     286575.000 ns	     28656	80005cbc	03c613b3	mulh	x7,x12,x28	 x12:0x00000000 x28:0xfffff935  x7=0x00000000
     286605.000 ns	     28659	80005cc0	f00c0853	fmv.w.x	f16,x24	 x24:0x00000001 f16=0x00000001
     286635.000 ns	     28662	80005cc4	02694fb3	div	x31,x18,x6	 x18:0x00000000  x6:0x00000000 x31=0xffffffff
     286665.000 ns	     28665	80005cc8	027392b3	mulh	x5,x7,x7	  x7:0x00000000  x7:0x00000000  x5=0x00000000
     286695.000 ns	     28668	80005ccc	2087a0d3	fsgnjx.s	f1,f15,f8	 f15:0x7fc00000  f8:0x80000000  f1=0xffc00000
     286725.000 ns	     28671	80005cd0	02d2a833	mulhsu	x16,x5,x13	  x5:0x00000000 x13:0xffffffff x16=0x00000000
     286765.000 ns	     28675	80005cd4	11f67d53	fmul.s	f26,f12,f31	 f12:0x7fc00000 f31:0x00000000 f26=0x7fc00000
     286785.000 ns	     28677	80005cd8	98e96f13	ori	x30,x18,-1650	 x18:0x00000000 x30=0xfffff98e
     286795.000 ns	     28678	80005cdc	00123633	sltu	x12,x4,x1	  x4:0xc06d935a  x1:0xff9f92c0 x12=0x00000001
     286815.000 ns	     28680	80005ce0	03fd00b3	mul	x1,x26,x31	 x26:0x80040fe4 x31:0xffffffff  x1=0x7ffbf01c
     286835.000 ns	     28682	80005ce4	41855193	srai	x3,x10,0x18	 x10:0x00000000  x3=0x00000000
     286845.000 ns	     28683	80005ce8	00b476b3	and	x13,x8,x11	  x8:0xe7e4b000 x11:0x00000000 x13=0x00000000
     287205.000 ns	     28719	80005cec	03b04933	div	x18,x0,x27	  x0:0x00000000 x27:0x80041024 x18=0x00000000
     287225.000 ns	     28721	80005cf0	4e357713	andi	x14,x10,1251	 x10:0x00000000 x14=0x00000000
     287235.000 ns	     28722	80005cf4	5a194e13	xori	x28,x18,1441	 x18:0x00000000 x28=0x000005a1
     287255.000 ns	     28724	80005cf8	030c10b3	mulh	x1,x24,x16	 x24:0x00000001 x16:0x00000000  x1=0x00000000
     287285.000 ns	     28727	80005cfc	20e3afd3	fsgnjx.s	f31,f7,f14	  f7:0x80000000 f14:0x00000000 f31=0x80000000
     287305.000 ns	     28729	80005d00	00e47e33	and	x28,x8,x14	  x8:0xe7e4b000 x14:0x00000000 x28=0x00000000
     287315.000 ns	     28730	80005d04	017709b3	add	x19,x14,x23	 x14:0x00000000 x23:0x7ffbefdc x19=0x7ffbefdc
     287335.000 ns	     28732	80005d08	d000b253	fcvt.s.w	f4,x1	  x1:0x00000000  f4=0x00000000
     287385.000 ns	     28737	80005d0c	09a1f3d3	fsub.s	f7,f3,f26	  f3:0x80000000 f26:0x7fc00000  f7=0x7fc00000
     287405.000 ns	     28739	80005d10	81df4313	xori	x6,x30,-2019	 x30:0xfffff98e  x6=0x00000193
     287415.000 ns	     28740	80005d14	418c5913	srai	x18,x24,0x18	 x24:0x00000001 x18=0x00000000
     287435.000 ns	     28742	80005d18	f00505d3	fmv.w.x	f11,x10	 x10:0x00000000 f11=0x00000000
     287465.000 ns	     28745	80005d1c	f00782d3	fmv.w.x	f5,x15	 x15:0x77c8048e  f5=0x77c8048e
     287495.000 ns	     28748	80005d20	c006f753	fcvt.w.s	x14,f13	 f13:0x00000000 x14=0x00000000
     287525.000 ns	     28751	80005d24	e00288d3	fmv.x.w	x17,f5	  f5:0x77c8048e x17=0x77c8048e
     287545.000 ns	     28753	80005d28	0172a233	slt	x4,x5,x23	  x5:0x00000000 x23:0x7ffbefdc  x4=0x00000001
     287565.000 ns	     28755	80005d2c	21d086d3	fsgnj.s	f13,f1,f29	  f1:0xffc00000 f29:0x80000000 f13=0xffc00000
     287595.000 ns	     28758	80005d30	20d31ad3	fsgnjn.s	f21,f6,f13	  f6:0xc4168000 f13:0x00000000 f21=0x44168000
     287615.000 ns	     28760	80005d34	55bbce13	xori	x28,x23,1371	 x23:0x7ffbefdc x28=0x7ffbea87
     287625.000 ns	     28761	80005d38	00cf0ab3	add	x21,x30,x12	 x30:0xfffff98e x12:0x00000001 x21=0xfffff98f
     287635.000 ns	     28762	80005d3c	41aa0a13	addi	x20,x20,1050	 x20:0x80041024 x20=0x8004143e
     287645.000 ns	     28763	80005d40	0070cc33	xor	x24,x1,x7	  x1:0x00000000  x7:0x00000000 x24=0x00000000
     287655.000 ns	     28764	80005d44	d3347937	lui	x18,0xd3347	 x18=0xd3347000
     287665.000 ns	     28765	80005d48	9a6c0b93	addi	x23,x24,-1626	 x24:0x00000001 x23=0xfffff9a6
     287685.000 ns	     28767	80005d4c	a05f90d3	flt.s	x1,f31,f5	 f31:0x80000000  f5:0x77c8048e  x1=0x00000001
     287705.000 ns	     28769	80005d50	40125713	srai	x14,x4,0x1	  x4:0x00000001 x14=0x00000000
     287725.000 ns	     28771	80005d54	217ca2d3	fsgnjx.s	f5,f25,f23	 f25:0x7fc00000 f23:0x7fc00000  f5=0x7fc00000
     287755.000 ns	     28774	80005d58	d00d42d3	fcvt.s.w	f5,x26	 x26:0x80040fe4  f5=0xcefff7e0
     287775.000 ns	     28776	80005d5c	40e10bb3	sub	x23,x2,x14	  x2:0x00000000 x14:0x00000000 x23=0x00000000
     287795.000 ns	     28778	80005d60	f0010953	fmv.w.x	f18,x2	  x2:0x00000000 f18=0x00000000
     287825.000 ns	     28781	80005d64	c006c153	fcvt.w.s	x2,f13	 f13:0xffc00000  x2=0x7fffffff
     287845.000 ns	     28783	80005d68	00a81eb3	sll	x29,x16,x10	 x16:0x00000000 x10:0x00000000 x29=0x00000000
     287855.000 ns	     28784	80005d6c	007b94b3	sll	x9,x23,x7	 x23:0x00000000  x7:0x00000000  x9=0x00000000
     287865.000 ns	     28785	80005d70	00000013	addi	x0,x0,0	  x0:0x00000000
     287875.000 ns	     28786	80005d74	41c402b3	sub	x5,x8,x28	  x8:0xe7e4b000 x28:0x7ffbea87  x5=0x67e8c579
     287885.000 ns	     28787	80005d78	01028fb3	add	x31,x5,x16	  x5:0x00000000 x16:0x00000000 x31=0x67e8c579
     287905.000 ns	     28789	80005d7c	2117aad3	fsgnjx.s	f21,f15,f17	 f15:0x7fc00000 f17:0xffc00000 f21=0xffc00000
     287935.000 ns	     28792	80005d80	c013b153	fcvt.wu.s	x2,f7	  f7:0x7fc00000  x2=0xffffffff
     287955.000 ns	     28794	80005d84	00cbb333	sltu	x6,x23,x12	 x23:0x00000000 x12:0x00000001  x6=0x00000001
     288315.000 ns	     28830	80005d88	0264ca33	div	x20,x9,x6	  x9:0x00000000  x6:0x00000193 x20=0x00000000
     288345.000 ns	     28833	80005d8c	20df16d3	fsgnjn.s	f13,f30,f13	 f30:0x00000000 f13:0xffc00000 f13=0x00000000
     288365.000 ns	     28835	80005d90	72caec13	ori	x24,x21,1836	 x21:0xfffff98f x24=0xffffffaf
     288385.000 ns	     28837	80005d94	c00770d3	fcvt.w.s	x1,f14	 f14:0x00000000  x1=0x00000000
     288405.000 ns	     28839	80005d98	40585613	srai	x12,x16,0x5	 x16:0x00000000 x12=0x00000000
     288425.000 ns	     28841	80005d9c	20d895d3	fsgnjn.s	f11,f17,f13	 f17:0xffc00000 f13:0x00000000 f11=0xffc00000
     288445.000 ns	     28843	80005da0	012b8333	add	x6,x23,x18	 x23:0x00000000 x18:0xd3347000  x6=0xd3347000
     288485.000 ns	     28847	80005da4	08c2f453	fsub.s	f8,f5,f12	  f5:0xcefff7e0 f12:0x7fc00000  f8=0x7fc00000
     288515.000 ns	     28850	80005da8	a1e703d3	fle.s	x7,f14,f30	 f14:0x00000000 f30:0x00000000  x7=0x00000001
     288545.000 ns	     28853	80005dac	29009053	fmax.s	f0,f1,f16	  f1:0xffc00000 f16:0x00000001  f0=0x00000001
     288575.000 ns	     28856	80005db0	03bc9733	mulh	x14,x25,x27	 x25:0x4069837e x27:0x80041024 x14=0xdfcc43f6
     288945.000 ns	     28893	80005db4	033e56b3	divu	x13,x28,x19	 x28:0x7ffbea87 x19:0x7ffbefdc x13=0x00000000
     288975.000 ns	     28896	80005db8	026e9633	mulh	x12,x29,x6	 x29:0x00000000  x6:0xd3347000 x12=0x00000000
     289005.000 ns	     28899	80005dbc	284b0c53	fmin.s	f24,f22,f4	 f22:0x7fc00000  f4:0x00000000 f24=0x00000000
     289035.000 ns	     28902	80005dc0	c01bf3d3	fcvt.wu.s	x7,f23	 f23:0x7fc00000  x7=0xffffffff
     289065.000 ns	     28905	80005dc4	c0177253	fcvt.wu.s	x4,f14	 f14:0x00000000  x4=0x00000000
     289095.000 ns	     28908	80005dc8	e0000ed3	fmv.x.w	x29,f0	  f0:0x00000001 x29=0x00000001
     289135.000 ns	     28912	80005dcc	111b00d3	fmul.s	f1,f22,f17	 f22:0x7fc00000 f17:0xffc00000  f1=0x7fc00000
     289155.000 ns	     28914	80005dd0	014e7133	and	x2,x28,x20	 x28:0x7ffbea87 x20:0x00000000  x2=0x00000000
     289165.000 ns	     28915	80005dd4	01299213	slli	x4,x19,0x12	 x19:0x7ffbefdc  x4=0xbf700000
     289175.000 ns	     28916	80005dd8	40385833	sra	x16,x16,x3	 x16:0x00000000  x3:0x00000000 x16=0x00000000
     289195.000 ns	     28918	80005ddc	f00703d3	fmv.w.x	f7,x14	 x14:0xdfcc43f6  f7=0xdfcc43f6
     289225.000 ns	     28921	80005de0	202aa0d3	fsgnjx.s	f1,f21,f2	 f21:0xffc00000  f2:0x7fc00000  f1=0xffc00000
     289245.000 ns	     28923	80005de4	21d76513	ori	x10,x14,541	 x14:0xdfcc43f6 x10=0xdfcc43ff
     289265.000 ns	     28925	80005de8	0239a2b3	mulhsu	x5,x19,x3	 x19:0x7ffbefdc  x3:0x00000000  x5=0x00000000
     289315.000 ns	     28930	80005dec	001c96d3	fadd.s	f13,f25,f1	 f25:0x7fc00000  f1:0xffc00000 f13=0x7fc00000
     289335.000 ns	     28932	80005df0	6531ca93	xori	x21,x3,1619	  x3:0x00000000 x21=0x00000653
     289365.000 ns	     28935	80005df4	58053c53	fsqrt.s	f24,f10	 f10:0x7fc00000 f24=0x7fc00000
     289385.000 ns	     28937	80005df8	dbcc2a93	slti	x21,x24,-580	 x24:0xffffffaf x21=0x00000000
     289405.000 ns	     28939	80005dfc	e00e12d3	fclass.s	x5,f28	 f28:0x80000000  x5=0x00000008
     289425.000 ns	     28941	80005e00	e61fe113	ori	x2,x31,-415	 x31:0x67e8c579  x2=0xffffff79
     289445.000 ns	     28943	80005e04	03583333	mulhu	x6,x16,x21	 x16:0x00000000 x21:0x00000000  x6=0x00000000
     289475.000 ns	     28946	80005e08	d0132853	fcvt.s.wu	f16,x6	  x6:0xd3347000 f16=0x00000000
     289495.000 ns	     28948	80005e0c	00a94533	xor	x10,x18,x10	 x18:0xd3347000 x10:0xdfcc43ff x10=0x0cf833ff
     289525.000 ns	     28951	80005e10	5803add3	fsqrt.s	f27,f7	  f7:0xdfcc43f6 f27=0x7fc00000
     289545.000 ns	     28953	80005e14	0045c2b3	xor	x5,x11,x4	 x11:0x00000000  x4:0xbf700000  x5=0xbf700000
     289555.000 ns	     28954	80005e18	008ce2b3	or	x5,x25,x8	 x25:0x4069837e  x8:0xe7e4b000  x5=0xe7edb37e
     289575.000 ns	     28956	80005e1c	c015f253	fcvt.wu.s	x4,f11	 f11:0xffc00000  x4=0xffffffff
     289605.000 ns	     28959	80005e20	035802b3	mul	x5,x16,x21	 x16:0x00000000 x21:0x00000000  x5=0x00000000
     289635.000 ns	     28962	80005e24	a15da453	feq.s	x8,f27,f21	 f27:0x7fc00000 f21:0xffc00000  x8=0x00000000
     289655.000 ns	     28964	80005e28	0ecf7e97	auipc	x29,0xecf7	 x29=0x8ecfce28
     289675.000 ns	     28966	80005e2c	d01b7553	fcvt.s.wu	f10,x22	 x22:0x00000000 f10=0x00000000
     289695.000 ns	     28968	80005e30	0165d3b3	srl	x7,x11,x22	 x11:0x00000000 x22:0x00000000  x7=0x00000000
     289705.000 ns	     28969	80005e34	1018f993	andi	x19,x17,257	 x17:0x77c8048e x19=0x00000000
     289735.000 ns	     28972	80005e38	197c4953	fdiv.s	f18,f24,f23	 f24:0x7fc00000 f23:0x7fc00000 f18=0x7fc00000
     289765.000 ns	     28975	80005e3c	f0058853	fmv.w.x	f16,x11	 x11:0x00000000 f16=0x00000000
     290135.000 ns	     29012	80005e40	02abf3b3	remu	x7,x23,x10	 x23:0x00000000 x10:0x0cf833ff  x7=0x00000000
     290165.000 ns	     29015	80005e44	d0114fd3	fcvt.s.wu	f31,x2	  x2:0xffffff79 f31=0x4f7fffff
     290185.000 ns	     29017	80005e48	b5c42613	slti	x12,x8,-1188	  x8:0x00000000 x12=0x00000000
     290205.000 ns	     29019	80005e4c	e00e8b53	fmv.x.w	x22,f29	 f29:0x80000000 x22=0x80000000
     290235.000 ns	     29022	80005e50	033b80b3	mul	x1,x23,x19	 x23:0x00000000 x19:0x00000000  x1=0x00000000
     290265.000 ns	     29025	80005e54	f00c05d3	fmv.w.x	f11,x24	 x24:0xffffffaf f11=0xffffffaf
     290295.000 ns	     29028	80005e58	03d3a3b3	mulhsu	x7,x7,x29	  x7:0x00000000 x29:0x8ecfce28  x7=0x00000000
     290325.000 ns	     29031	80005e5c	a161afd3	feq.s	x31,f3,f22	  f3:0x80000000 f22:0x7fc00000 x31=0x00000000
     290345.000 ns	     29033	80005e60	01509833	sll	x16,x1,x21	  x1:0x00000000 x21:0x00000000 x16=0x00000000
     290365.000 ns	     29035	80005e64	03464233	div	x4,x12,x20	 x12:0x00000000 x20:0x00000000  x4=0xffffffff
     290405.000 ns	     29039	80005e68	18661cd3	fdiv.s	f25,f12,f6	 f12:0x7fc00000  f6:0xc4168000 f25=0x7fc00000
     290425.000 ns	     29041	80005e6c	0036a0b3	slt	x1,x13,x3	 x13:0x00000000  x3:0x00000000  x1=0x00000000
     290445.000 ns	     29043	80005e70	0306aab3	mulhsu	x21,x13,x16	 x13:0x00000000 x16:0x00000000 x21=0x00000000
     290485.000 ns	     29047	80005e74	580f24d3	fsqrt.s	f9,f30	 f30:0x00000000  f9=0x00000000
     290515.000 ns	     29050	80005e78	20302ed3	fsgnjx.s	f29,f0,f3	  f0:0x00000001  f3:0x80000000 f29=0x80000001
     290535.000 ns	     29052	80005e7c	00ce1213	slli	x4,x28,0xc	 x28:0x7ffbea87  x4=0xbea87000
     290555.000 ns	     29054	80005e80	c013f9d3	fcvt.wu.s	x19,f7	  f7:0xdfcc43f6 x19=0x00000000
     290585.000 ns	     29057	80005e84	212e1cd3	fsgnjn.s	f25,f28,f18	 f28:0x80000000 f18:0x7fc00000 f25=0x80000000
     290615.000 ns	     29060	80005e88	29d78fd3	fmin.s	f31,f15,f29	 f15:0x7fc00000 f29:0x80000001 f31=0x80000001
     290655.000 ns	     29064	80005e8c	107daa53	fmul.s	f20,f27,f7	 f27:0x7fc00000  f7:0xdfcc43f6 f20=0x7fc00000
     290675.000 ns	     29066	80005e90	00b76633	or	x12,x14,x11	 x14:0xdfcc43f6 x11:0x00000000 x12=0xdfcc43f6
     290695.000 ns	     29068	80005e94	f00087d3	fmv.w.x	f15,x1	  x1:0x00000000 f15=0x00000000
     290725.000 ns	     29071	80005e98	211e92d3	fsgnjn.s	f5,f29,f17	 f29:0x80000001 f17:0xffc00000  f5=0x00000001
     290755.000 ns	     29074	80005e9c	029c2133	mulhsu	x2,x24,x9	 x24:0xffffffaf  x9:0x00000000  x2=0x00000000
     290775.000 ns	     29076	80005ea0	2c0ea613	slti	x12,x29,704	 x29:0x8ecfce28 x12=0x00000001
     291135.000 ns	     29112	80005ea4	03626e33	rem	x28,x4,x22	  x4:0xbea87000 x22:0x80000000 x28=0xbea87000
     291165.000 ns	     29115	80005ea8	d0197a53	fcvt.s.wu	f20,x18	 x18:0xd3347000 f20=0x4f533470
     291195.000 ns	     29118	80005eac	a08c9153	flt.s	x2,f25,f8	 f25:0x80000000  f8:0x7fc00000  x2=0x00000000
     291215.000 ns	     29120	80005eb0	41788033	sub	x0,x17,x23	 x17:0x77c8048e x23:0x00000000
     291225.000 ns	     29121	80005eb4	05cf0b37	lui	x22,0x5cf0	 x22=0x05cf0000
     291235.000 ns	     29122	80005eb8	00314833	xor	x16,x2,x3	  x2:0x00000000  x3:0x00000000 x16=0x00000000
     291245.000 ns	     29123	80005ebc	5d85c013	xori	x0,x11,1496	 x11:0x00000000
     291255.000 ns	     29124	80005ec0	893c4e13	xori	x28,x24,-1901	 x24:0xffffffaf x28=0x0000073c
     291295.000 ns	     29128	80005ec4	0027cad3	fadd.s	f21,f15,f2	 f15:0x00000000  f2:0x7fc00000 f21=0x7fc00000
     291325.000 ns	     29131	80005ec8	02d68cb3	mul	x25,x13,x13	 x13:0x00000000 x13:0x00000000 x25=0x00000000
     291355.000 ns	     29134	80005ecc	02a50633	mul	x12,x10,x10	 x10:0x0cf833ff x10:0x0cf833ff x12=0xb09f9801
     291385.000 ns	     29137	80005ed0	e00b1253	fclass.s	x4,f22	 f22:0x7fc00000  x4=0x00000200
     291755.000 ns	     29174	80005ed4	03836633	rem	x12,x6,x24	  x6:0x00000000 x24:0xffffffaf x12=0x00000000
     291775.000 ns	     29176	80005ed8	018c8eb3	add	x29,x25,x24	 x25:0x00000000 x24:0xffffffaf x29=0xffffffaf
     291805.000 ns	     29179	80005edc	106b88d3	fmul.s	f17,f23,f6	 f23:0x7fc00000  f6:0xc4168000 f17=0x7fc00000
     291855.000 ns	     29184	80005ee0	0122fc53	fadd.s	f24,f5,f18	  f5:0x00000001 f18:0x7fc00000 f24=0x7fc00000
     291885.000 ns	     29187	80005ee4	028189b3	mul	x19,x3,x8	  x3:0x00000000  x8:0x00000000 x19=0x00000000
     291905.000 ns	     29189	80005ee8	4001d713	srai	x14,x3,0x0	  x3:0x00000000 x14=0x00000000
     291915.000 ns	     29190	80005eec	40f4d313	srai	x6,x9,0xf	  x9:0x00000000  x6=0x00000000
     291935.000 ns	     29192	80005ef0	a0b089d3	fle.s	x19,f1,f11	  f1:0xffc00000 f11:0xffffffaf x19=0x00000000
     291965.000 ns	     29195	80005ef4	a0f31bd3	flt.s	x23,f6,f15	  f6:0xc4168000 f15:0x00000000 x23=0x00000001
     291985.000 ns	     29197	80005ef8	001b7633	and	x12,x22,x1	 x22:0x05cf0000  x1:0x00000000 x12=0x00000000
     292005.000 ns	     29199	80005efc	021d89b3	mul	x19,x27,x1	 x27:0x80041024  x1:0x00000000 x19=0x00000000
     292035.000 ns	     29202	80005f00	02e22933	mulhsu	x18,x4,x14	  x4:0x00000200 x14:0x00000000 x18=0x00000000
     292065.000 ns	     29205	80005f04	03971bb3	mulh	x23,x14,x25	 x14:0x00000000 x25:0x00000000 x23=0x00000000
     292085.000 ns	     29207	80005f08	018d0733	add	x14,x26,x24	 x26:0x80040fe4 x24:0xffffffaf x14=0x80040f93
     292095.000 ns	     29208	80005f0c	00cad893	srli	x17,x21,0xc	 x21:0x00000000 x17=0x00000000
     292115.000 ns	     29210	80005f10	209ca153	fsgnjx.s	f2,f25,f9	 f25:0x80000000  f9:0x00000000  f2=0x80000000
     292145.000 ns	     29213	80005f14	02e5a533	mulhsu	x10,x11,x14	 x11:0x00000000 x14:0x80040f93 x10=0x00000000
     292175.000 ns	     29216	80005f18	023a06b3	mul	x13,x20,x3	 x20:0x00000000  x3:0x00000000 x13=0x00000000
     292195.000 ns	     29218	80005f1c	68908913	addi	x18,x1,1673	  x1:0x00000000 x18=0x00000689
     292235.000 ns	     29222	80005f20	00609853	fadd.s	f16,f1,f6	  f1:0xffc00000  f6:0xc4168000 f16=0x7fc00000
     292255.000 ns	     29224	80005f24	014423b3	slt	x7,x8,x20	  x8:0x00000000 x20:0x00000000  x7=0x00000000
     292275.000 ns	     29226	80005f28	022ef433	remu	x8,x29,x2	 x29:0xffffffaf  x2:0x00000000  x8=0xffffffaf
     292305.000 ns	     29229	80005f2c	211b8053	fsgnj.s	f0,f23,f17	 f23:0x7fc00000 f17:0x7fc00000  f0=0x7fc00000
     292325.000 ns	     29231	80005f30	01a2e533	or	x10,x5,x26	  x5:0x00000000 x26:0x80040fe4 x10=0x80040fe4
     292335.000 ns	     29232	80005f34	00000013	addi	x0,x0,0	  x0:0x00000000
     292355.000 ns	     29234	80005f38	28030ad3	fmin.s	f21,f6,f0	  f6:0xc4168000  f0:0x7fc00000 f21=0xc4168000
     292375.000 ns	     29236	80005f3c	01a923b3	slt	x7,x18,x26	 x18:0x00000689 x26:0x80040fe4  x7=0x00000000
     292385.000 ns	     29237	80005f40	00e15533	srl	x10,x2,x14	  x2:0x00000000 x14:0x80040f93 x10=0x00000000
     292405.000 ns	     29239	80005f44	c0193c53	fcvt.wu.s	x24,f18	 f18:0x7fc00000 x24=0xffffffff
     292425.000 ns	     29241	80005f48	000c9613	slli	x12,x25,0x0	 x25:0x00000000 x12=0x00000000
     292445.000 ns	     29243	80005f4c	d0164253	fcvt.s.wu	f4,x12	 x12:0x00000000  f4=0x00000000
     292475.000 ns	     29246	80005f50	29411bd3	fmax.s	f23,f2,f20	  f2:0x80000000 f20:0x4f533470 f23=0x4f533470
     292495.000 ns	     29248	80005f54	00381f93	slli	x31,x16,0x3	 x16:0x00000000 x31=0x00000000
     292515.000 ns	     29250	80005f58	d011f5d3	fcvt.s.wu	f11,x3	  x3:0x00000000 f11=0x00000000
     292545.000 ns	     29253	80005f5c	f0058ed3	fmv.w.x	f29,x11	 x11:0x00000000 f29=0x00000000
     292565.000 ns	     29255	80005f60	001aef33	or	x30,x21,x1	 x21:0x00000000  x1:0x00000000 x30=0x00000000
     292575.000 ns	     29256	80005f64	011bd5b3	srl	x11,x23,x17	 x23:0x00000000 x17:0x00000000 x11=0x00000000
     292585.000 ns	     29257	80005f68	014c9433	sll	x8,x25,x20	 x25:0x00000000 x20:0x00000000  x8=0x00000000
     292595.000 ns	     29258	80005f6c	4122deb3	sra	x29,x5,x18	  x5:0x00000000 x18:0x00000689 x29=0x00000000
     292615.000 ns	     29260	80005f70	03ab0033	mul	x0,x22,x26	 x22:0x05cf0000 x26:0x80040fe4
     292645.000 ns	     29263	80005f74	a0d09053	flt.s	x0,f1,f13	  f1:0xffc00000 f13:0x7fc00000
     292675.000 ns	     29266	80005f78	2062a9d3	fsgnjx.s	f19,f5,f6	  f5:0x00000001  f6:0xc4168000 f19=0x80000001
     292705.000 ns	     29269	80005f7c	208685d3	fsgnj.s	f11,f13,f8	 f13:0x7fc00000  f8:0x7fc00000 f11=0x7fc00000
     292725.000 ns	     29271	80005f80	41bc56b3	sra	x13,x24,x27	 x24:0xffffffff x27:0x80041024 x13=0xffffffff
     292735.000 ns	     29272	80005f84	d47e42b7	lui	x5,0xd47e4	  x5=0xd47e4000
     292755.000 ns	     29274	80005f88	a0139cd3	flt.s	x25,f7,f1	  f7:0xdfcc43f6  f1:0xffc00000 x25=0x00000000
     292775.000 ns	     29276	80005f8c	134d7e93	andi	x29,x26,308	 x26:0x80040fe4 x29=0x00000124
     293135.000 ns	     29312	80005f90	03ae6433	rem	x8,x28,x26	 x28:0x0000073c x26:0x80040fe4  x8=0x0000073c
     293155.000 ns	     29314	80005f94	00fc9493	slli	x9,x25,0xf	 x25:0x00000000  x9=0x00000000
     293175.000 ns	     29316	80005f98	287205d3	fmin.s	f11,f4,f7	  f4:0x00000000  f7:0xdfcc43f6 f11=0xdfcc43f6
     293195.000 ns	     29318	80005f9c	919aaa97	auipc	x21,0x919aa	 x21=0x119aff9c
     293235.000 ns	     29322	80005fa0	00dc8ed3	fadd.s	f29,f25,f13	 f25:0x80000000 f13:0x7fc00000 f29=0x7fc00000
     293255.000 ns	     29324	80005fa4	01b7c633	xor	x12,x15,x27	 x15:0x77c8048e x27:0x80041024 x12=0xf7cc14aa
     293265.000 ns	     29325	80005fa8	017f1eb3	sll	x29,x30,x23	 x30:0x00000000 x23:0x00000000 x29=0x00000000
     293275.000 ns	     29326	80005fac	0178ffb3	and	x31,x17,x23	 x17:0x00000000 x23:0x00000000 x31=0x00000000
     293295.000 ns	     29328	80005fb0	028a1b33	mulh	x22,x20,x8	 x20:0x00000000  x8:0x0000073c x22=0x00000000
     293325.000 ns	     29331	80005fb4	037e0833	mul	x16,x28,x23	 x28:0x0000073c x23:0x00000000 x16=0x00000000
     293345.000 ns	     29333	80005fb8	4126d533	sra	x10,x13,x18	 x13:0xffffffff x18:0x00000689 x10=0xffffffff
     293365.000 ns	     29335	80005fbc	a09b99d3	flt.s	x19,f23,f9	 f23:0x4f533470  f9:0x00000000 x19=0x00000000
     293385.000 ns	     29337	80005fc0	00000013	addi	x0,x0,0	  x0:0x00000000
     293405.000 ns	     29339	80005fc4	02dd2c33	mulhsu	x24,x26,x13	 x26:0x80040fe4 x13:0xffffffff x24=0x80040fe4
     293425.000 ns	     29341	80005fc8	03919e97	auipc	x29,0x3919	 x29=0x8391efc8
     293435.000 ns	     29342	80005fcc	0156b633	sltu	x12,x13,x21	 x13:0xffffffff x21:0x119aff9c x12=0x00000000
     293445.000 ns	     29343	80005fd0	012a92b3	sll	x5,x21,x18	 x21:0x119aff9c x18:0x00000689  x5=0x35ff3800
     293455.000 ns	     29344	80005fd4	41005293	srai	x5,x0,0x10	  x0:0x00000000  x5=0x00000000
     293475.000 ns	     29346	80005fd8	037cd2b3	divu	x5,x25,x23	 x25:0x00000000 x23:0x00000000  x5=0xffffffff
     293495.000 ns	     29348	80005fdc	01f41893	slli	x17,x8,0x1f	  x8:0x0000073c x17=0x00000000
     293515.000 ns	     29350	80005fe0	217aae53	fsgnjx.s	f28,f21,f23	 f21:0xc4168000 f23:0x4f533470 f28=0xc4168000
     293545.000 ns	     29353	80005fe4	a14a9cd3	flt.s	x25,f21,f20	 f21:0xc4168000 f20:0x4f533470 x25=0x00000001
     293575.000 ns	     29356	80005fe8	211600d3	fsgnj.s	f1,f12,f17	 f12:0x7fc00000 f17:0x7fc00000  f1=0x7fc00000
     293605.000 ns	     29359	80005fec	03d81633	mulh	x12,x16,x29	 x16:0x00000000 x29:0x8391efc8 x12=0x00000000
     293625.000 ns	     29361	80005ff0	00cc9213	slli	x4,x25,0xc	 x25:0x00000001  x4=0x00001000
     293635.000 ns	     29362	80005ff4	4fdf53b7	lui	x7,0x4fdf5	  x7=0x4fdf5000
     293655.000 ns	     29364	80005ff8	d008fad3	fcvt.s.w	f21,x17	 x17:0x00000000 f21=0x00000000
     293675.000 ns	     29366	80005ffc	f36a8413	addi	x8,x21,-202	 x21:0x119aff9c  x8=0x119afed2
     293695.000 ns	     29368	80006000	21d58453	fsgnj.s	f8,f11,f29	 f11:0xdfcc43f6 f29:0x7fc00000  f8=0x5fcc43f6
     293735.000 ns	     29372	80006004	11924d53	fmul.s	f26,f4,f25	  f4:0x00000000 f25:0x80000000 f26=0x80000000
     293755.000 ns	     29374	80006008	5817b617	auipc	x12,0x5817b	 x12=0xd8181008
     294115.000 ns	     29410	8000600c	0275c833	div	x16,x11,x7	 x11:0x00000000  x7:0x4fdf5000 x16=0x00000000
     294135.000 ns	     29412	80006010	40615193	srai	x3,x2,0x6	  x2:0x00000000  x3=0x00000000
     294155.000 ns	     29414	80006014	a11081d3	fle.s	x3,f1,f17	  f1:0x7fc00000 f17:0x7fc00000  x3=0x00000000
     294185.000 ns	     29417	80006018	e0089253	fclass.s	x4,f17	 f17:0x7fc00000  x4=0x00000200
     294205.000 ns	     29419	8000601c	91bd7393	andi	x7,x26,-1765	 x26:0x80040fe4  x7=0x80040900
     294215.000 ns	     29420	80006020	3f4a2f93	slti	x31,x20,1012	 x20:0x00000000 x31=0x00000001
     294235.000 ns	     29422	80006024	e00409d3	fmv.x.w	x19,f8	  f8:0x5fcc43f6 x19=0x5fcc43f6
     294265.000 ns	     29425	80006028	21972a53	fsgnjx.s	f20,f14,f25	 f14:0x00000000 f25:0x80000000 f20=0x80000000
     294635.000 ns	     29462	8000602c	02e24c33	div	x24,x4,x14	  x4:0x00000200 x14:0x80040f93 x24=0x00000000
     294655.000 ns	     29464	80006030	99248893	addi	x17,x9,-1646	  x9:0x00000000 x17=0xfffff992
     294675.000 ns	     29466	80006034	0240aa33	mulhsu	x20,x1,x4	  x1:0x00000000  x4:0x00000200 x20=0x00000000
     294705.000 ns	     29469	80006038	e00319d3	fclass.s	x19,f6	  f6:0xc4168000 x19=0x00000002
     294735.000 ns	     29472	8000603c	0389c333	div	x6,x19,x24	 x19:0x5fcc43f6 x24:0x00000000  x6=0xffffffff
     294755.000 ns	     29474	80006040	66c50e93	addi	x29,x10,1644	 x10:0xffffffff x29=0x0000066b
     294765.000 ns	     29475	80006044	9dba0413	addi	x8,x20,-1573	 x20:0x00000000  x8=0xfffff9db
     294785.000 ns	     29477	80006048	c000ffd3	fcvt.w.s	x31,f1	  f1:0x7fc00000 x31=0x7fffffff
     294805.000 ns	     29479	8000604c	002b5713	srli	x14,x22,0x2	 x22:0x00000000 x14=0x00000000
     294825.000 ns	     29481	80006050	038f3533	mulhu	x10,x30,x24	 x30:0x00000000 x24:0x00000000 x10=0x00000000
     294845.000 ns	     29483	80006054	0003ac33	slt	x24,x7,x0	  x7:0x80040900  x0:0x00000000 x24=0x00000001
     294855.000 ns	     29484	80006058	01a948b3	xor	x17,x18,x26	 x18:0x00000689 x26:0x80040fe4 x17=0x8004096d
     294875.000 ns	     29486	8000605c	a09922d3	feq.s	x5,f18,f9	 f18:0x7fc00000  f9:0x00000000  x5=0x00000000
     294905.000 ns	     29489	80006060	f00f85d3	fmv.w.x	f11,x31	 x31:0x7fffffff f11=0x7fffffff
     294935.000 ns	     29492	80006064	d00e74d3	fcvt.s.w	f9,x28	 x28:0x0000073c  f9=0x44e78000
     294965.000 ns	     29495	80006068	200606d3	fsgnj.s	f13,f12,f0	 f12:0x7fc00000  f0:0x7fc00000 f13=0x7fc00000
     294985.000 ns	     29497	8000606c	d527f037	lui	x0,0xd527f	
     294995.000 ns	     29498	80006070	cbd73137	lui	x2,0xcbd73	  x2=0xcbd73000
     295005.000 ns	     29499	80006074	00000013	addi	x0,x0,0	  x0:0x00000000
     295365.000 ns	     29535	80006078	03835cb3	divu	x25,x6,x24	  x6:0xffffffff x24:0x00000001 x25=0xffffffff
     295385.000 ns	     29537	8000607c	00146933	or	x18,x8,x1	  x8:0xfffff9db  x1:0x00000000 x18=0xfffff9db
     295395.000 ns	     29538	80006080	00f2b3b3	sltu	x7,x5,x15	  x5:0x00000000 x15:0x77c8048e  x7=0x00000001
     295405.000 ns	     29539	80006084	41650733	sub	x14,x10,x22	 x10:0x00000000 x22:0x00000000 x14=0x00000000
     295415.000 ns	     29540	80006088	00b6e533	or	x10,x13,x11	 x13:0xffffffff x11:0x00000000 x10=0xffffffff
     295435.000 ns	     29542	8000608c	c00e7cd3	fcvt.w.s	x25,f28	 f28:0xc4168000 x25=0x0000025a
     295465.000 ns	     29545	80006090	e0021353	fclass.s	x6,f4	  f4:0x00000000  x6=0x00000010
     295485.000 ns	     29547	80006094	e4354f13	xori	x30,x10,-445	 x10:0xffffffff x30=0x000001bc
     295505.000 ns	     29549	80006098	a1231053	flt.s	x0,f6,f18	  f6:0xc4168000 f18:0x7fc00000
     295525.000 ns	     29551	8000609c	00b7d633	srl	x12,x15,x11	 x15:0x77c8048e x11:0x00000000 x12=0x77c8048e
     295535.000 ns	     29552	800060a0	00fd9a33	sll	x20,x27,x15	 x27:0x80041024 x15:0x77c8048e x20=0x04090000
     295545.000 ns	     29553	800060a4	000f4b33	xor	x22,x30,x0	 x30:0x000001bc  x0:0x00000000 x22=0x000001bc
     295555.000 ns	     29554	800060a8	001df8b3	and	x17,x27,x1	 x27:0x80041024  x1:0x00000000 x17=0x00000000
     295565.000 ns	     29555	800060ac	09926393	ori	x7,x4,153	  x4:0x00000200  x7=0x00000299
     295595.000 ns	     29558	800060b0	58017753	fsqrt.s	f14,f2	  f2:0x80000000 f14=0x80000000
     295615.000 ns	     29560	800060b4	01d14733	xor	x14,x2,x29	  x2:0xcbd73000 x29:0x0000066b x14=0xcbd7366b
     295635.000 ns	     29562	800060b8	20e81853	fsgnjn.s	f16,f16,f14	 f16:0x7fc00000 f14:0x80000000 f16=0x7fc00000
     295675.000 ns	     29566	800060bc	194bfed3	fdiv.s	f29,f23,f20	 f23:0x4f533470 f20:0x80000000 f29=0xff800000
     295705.000 ns	     29569	800060c0	c0187653	fcvt.wu.s	x12,f16	 f16:0x7fc00000 x12=0xffffffff
     296075.000 ns	     29606	800060c4	03d441b3	div	x3,x8,x29	  x8:0xfffff9db x29:0x0000066b  x3=0x00000000
     296445.000 ns	     29643	800060c8	02d6d433	divu	x8,x13,x13	 x13:0xffffffff x13:0xffffffff  x8=0x00000001
     296465.000 ns	     29645	800060cc	92078ab7	lui	x21,0x92078	 x21=0x92078000
     296485.000 ns	     29647	800060d0	e0010e53	fmv.x.w	x28,f2	  f2:0x80000000 x28=0x80000000
     296505.000 ns	     29649	800060d4	a42a2f93	slti	x31,x20,-1470	 x20:0x04090000 x31=0x00000000
     296525.000 ns	     29651	800060d8	20ca1253	fsgnjn.s	f4,f20,f12	 f20:0x80000000 f12:0x7fc00000  f4=0x80000000
     296555.000 ns	     29654	800060dc	a15d2753	feq.s	x14,f26,f21	 f26:0x80000000 f21:0x00000000 x14=0x00000001
     296585.000 ns	     29657	800060e0	a0211bd3	flt.s	x23,f2,f2	  f2:0x80000000  f2:0x80000000 x23=0x00000000
     296605.000 ns	     29659	800060e4	44fbe813	ori	x16,x23,1103	 x23:0x00000000 x16=0x0000044f
     296625.000 ns	     29661	800060e8	a12da353	feq.s	x6,f27,f18	 f27:0x7fc00000 f18:0x7fc00000  x6=0x00000000
     296655.000 ns	     29664	800060ec	020b6c33	rem	x24,x22,x0	 x22:0x000001bc  x0:0x00000000 x24=0x000001bc
     296705.000 ns	     29669	800060f0	08d13653	fsub.s	f12,f2,f13	  f2:0x80000000 f13:0x7fc00000 f12=0x7fc00000
     296725.000 ns	     29671	800060f4	f7f0b393	sltiu	x7,x1,-129	  x1:0x00000000  x7=0x00000001
     296745.000 ns	     29673	800060f8	21991553	fsgnjn.s	f10,f18,f25	 f18:0x7fc00000 f25:0x80000000 f10=0x7fc00000
     296775.000 ns	     29676	800060fc	022b9bb3	mulh	x23,x23,x2	 x23:0x00000000  x2:0xcbd73000 x23=0x00000000
     296805.000 ns	     29679	80006100	a1b09853	flt.s	x16,f1,f27	  f1:0x7fc00000 f27:0x7fc00000 x16=0x00000000
     296835.000 ns	     29682	80006104	20399a53	fsgnjn.s	f20,f19,f3	 f19:0x80000001  f3:0x80000000 f20=0x00000001
     296885.000 ns	     29687	80006108	09037753	fsub.s	f14,f6,f16	  f6:0xc4168000 f16:0x7fc00000 f14=0x7fc00000
     296925.000 ns	     29691	8000610c	10f877d3	fmul.s	f15,f16,f15	 f16:0x7fc00000 f15:0x00000000 f15=0x7fc00000
     296945.000 ns	     29693	80006110	ae9ec093	xori	x1,x29,-1303	 x29:0x0000066b  x1=0xfffffc82
     296955.000 ns	     29694	80006114	ae1362b7	lui	x5,0xae136	  x5=0xae136000
     297315.000 ns	     29730	80006118	03d5c533	div	x10,x11,x29	 x11:0x00000000 x29:0x0000066b x10=0x00000000
     297345.000 ns	     29733	8000611c	d0001053	fcvt.s.w	f0,x0	  x0:0x00000000  f0=0x00000000
     297395.000 ns	     29738	80006120	08f2f3d3	fsub.s	f7,f5,f15	  f5:0x00000001 f15:0x7fc00000  f7=0x7fc00000
     297415.000 ns	     29740	80006124	01ac4933	xor	x18,x24,x26	 x24:0x000001bc x26:0x80040fe4 x18=0x80040e58
     297425.000 ns	     29741	80006128	d1f6a413	slti	x8,x13,-737	 x13:0xffffffff  x8=0x00000000
     297435.000 ns	     29742	8000612c	a08a0c17	auipc	x24,0xa08a0	 x24=0x208a612c
     297445.000 ns	     29743	80006130	27fcb593	sltiu	x11,x25,639	 x25:0x0000025a x11=0x00000001
     297455.000 ns	     29744	80006134	00427b33	and	x22,x4,x4	  x4:0x00000200  x4:0x00000200 x22=0x00000200
     297475.000 ns	     29746	80006138	289509d3	fmin.s	f19,f10,f9	 f10:0x7fc00000  f9:0x44e78000 f19=0x44e78000
     297495.000 ns	     29748	8000613c	35d48093	addi	x1,x9,861	  x9:0x00000000  x1=0x0000035d
     297515.000 ns	     29750	80006140	a03d2053	feq.s	x0,f26,f3	 f26:0x80000000  f3:0x80000000
     297545.000 ns	     29753	80006144	e00280d3	fmv.x.w	x1,f5	  f5:0x00000001  x1=0x00000001
     297575.000 ns	     29756	80006148	c0137853	fcvt.wu.s	x16,f6	  f6:0xc4168000 x16=0x0000025a
     297605.000 ns	     29759	8000614c	c004b4d3	fcvt.w.s	x9,f9	  f9:0x44e78000  x9=0x0000073c
     297655.000 ns	     29764	80006150	0133bfd3	fadd.s	f31,f7,f19	  f7:0x7fc00000 f19:0x44e78000 f31=0x7fc00000
     297695.000 ns	     29768	80006154	10320053	fmul.s	f0,f4,f3	  f4:0x80000000  f3:0x80000000  f0=0x00000000
     297715.000 ns	     29770	80006158	01605913	srli	x18,x0,0x16	  x0:0x00000000 x18=0x00000000
     297735.000 ns	     29772	8000615c	02d711b3	mulh	x3,x14,x13	 x14:0x00000001 x13:0xffffffff  x3=0xffffffff
     297755.000 ns	     29774	80006160	01bd11b3	sll	x3,x26,x27	 x26:0x80040fe4 x27:0x80041024  x3=0x0040fe40
     297785.000 ns	     29777	80006164	580f7753	fsqrt.s	f14,f30	 f30:0x00000000 f14=0x00000000
     297815.000 ns	     29780	80006168	f00786d3	fmv.w.x	f13,x15	 x15:0x77c8048e f13=0x77c8048e
     297835.000 ns	     29782	8000616c	13ef6593	ori	x11,x30,318	 x30:0x000001bc x11=0x000001be
     297875.000 ns	     29786	80006170	01a54fd3	fadd.s	f31,f10,f26	 f10:0x7fc00000 f26:0x80000000 f31=0x7fc00000
     297915.000 ns	     29790	80006174	1825a4d3	fdiv.s	f9,f11,f2	 f11:0x7fffffff  f2:0x80000000  f9=0x7fc00000
     297945.000 ns	     29793	80006178	a1c72253	feq.s	x4,f14,f28	 f14:0x00000000 f28:0xc4168000  x4=0x00000000
     297965.000 ns	     29795	8000617c	00951093	slli	x1,x10,0x9	 x10:0x00000000  x1=0x00000000
     297985.000 ns	     29797	80006180	28d48753	fmin.s	f14,f9,f13	  f9:0x7fc00000 f13:0x77c8048e f14=0x77c8048e
     298015.000 ns	     29800	80006184	02854333	div	x6,x10,x8	 x10:0x00000000  x8:0x00000000  x6=0xffffffff
     298045.000 ns	     29803	80006188	20e81653	fsgnjn.s	f12,f16,f14	 f16:0x7fc00000 f14:0x77c8048e f12=0xffc00000
     298075.000 ns	     29806	8000618c	d01bca53	fcvt.s.wu	f20,x23	 x23:0x00000000 f20=0x00000000
     298095.000 ns	     29808	80006190	00815e93	srli	x29,x2,0x8	  x2:0xcbd73000 x29=0x00cbd730
     298105.000 ns	     29809	80006194	00c5fa33	and	x20,x11,x12	 x11:0x000001be x12:0xffffffff x20=0x000001be
     298115.000 ns	     29810	80006198	43464993	xori	x19,x12,1076	 x12:0xffffffff x19=0xfffffbcb
     298125.000 ns	     29811	8000619c	cd10cb13	xori	x22,x1,-815	  x1:0x00000000 x22=0xfffffcd1
     298135.000 ns	     29812	800061a0	00b2ab33	slt	x22,x5,x11	  x5:0xae136000 x11:0x000001be x22=0x00000001
     298145.000 ns	     29813	800061a4	01429c13	slli	x24,x5,0x14	  x5:0xae136000 x24=0x00000000
     298155.000 ns	     29814	800061a8	95a64313	xori	x6,x12,-1702	 x12:0xffffffff  x6=0x000006a5
     298175.000 ns	     29816	800061ac	20b1ac53	fsgnjx.s	f24,f3,f11	  f3:0x80000000 f11:0x7fffffff f24=0x80000000
     298195.000 ns	     29818	800061b0	01e066b3	or	x13,x0,x30	  x0:0x00000000 x30:0x000001bc x13=0x000001bc
     298215.000 ns	     29820	800061b4	299c0853	fmin.s	f16,f24,f25	 f24:0x80000000 f25:0x80000000 f16=0x80000000
     298255.000 ns	     29824	800061b8	18bb75d3	fdiv.s	f11,f22,f11	 f22:0x7fc00000 f11:0x7fffffff f11=0x7fc00000
     298275.000 ns	     29826	800061bc	01bea833	slt	x16,x29,x27	 x29:0x00cbd730 x27:0x80041024 x16=0x00000000
     298285.000 ns	     29827	800061c0	01ef24b3	slt	x9,x30,x30	 x30:0x000001bc x30:0x000001bc  x9=0x00000000
     298295.000 ns	     29828	800061c4	0057aeb3	slt	x29,x15,x5	 x15:0x77c8048e  x5:0xae136000 x29=0x00000000
     298305.000 ns	     29829	800061c8	00f8d413	srli	x8,x17,0xf	 x17:0x00000000  x8=0x00000000
     298315.000 ns	     29830	800061cc	7261c693	xori	x13,x3,1830	  x3:0x0040fe40 x13=0x0040f966
     298325.000 ns	     29831	800061d0	5d702c13	slti	x24,x0,1495	  x0:0x00000000 x24=0x00000001
     298345.000 ns	     29833	800061d4	0358be33	mulhu	x28,x17,x21	 x17:0x00000000 x21:0x92078000 x28=0x00000000
     298365.000 ns	     29835	800061d8	0111d1b3	srl	x3,x3,x17	  x3:0x0040fe40 x17:0x00000000  x3=0x0040fe40
     298375.000 ns	     29836	800061dc	01aa7733	and	x14,x20,x26	 x20:0x000001be x26:0x80040fe4 x14=0x000001a4
     298395.000 ns	     29838	800061e0	0204f233	remu	x4,x9,x0	  x9:0x00000000  x0:0x00000000  x4=0x00000000
     298415.000 ns	     29840	800061e4	00bfa533	slt	x10,x31,x11	 x31:0x00000000 x11:0x000001be x10=0x00000001
     298435.000 ns	     29842	800061e8	29b28653	fmin.s	f12,f5,f27	  f5:0x00000001 f27:0x7fc00000 f12=0x00000001
     298455.000 ns	     29844	800061ec	00c99a93	slli	x21,x19,0xc	 x19:0xfffffbcb x21=0xffbcb000
     298475.000 ns	     29846	800061f0	031d48b3	div	x17,x26,x17	 x26:0x80040fe4 x17:0x00000000 x17=0xffffffff
     298495.000 ns	     29848	800061f4	91f44113	xori	x2,x8,-1761	  x8:0x00000000  x2=0xfffff91f
     298855.000 ns	     29884	800061f8	02aac833	div	x16,x21,x10	 x21:0xffbcb000 x10:0x00000001 x16=0xffbcb000
     298885.000 ns	     29887	800061fc	28600e53	fmin.s	f28,f0,f6	  f0:0x00000000  f6:0xc4168000 f28=0xc4168000
     298905.000 ns	     29889	80006200	01717e33	and	x28,x2,x23	  x2:0xfffff91f x23:0x00000000 x28=0x00000000
     298915.000 ns	     29890	80006204	00391cb3	sll	x25,x18,x3	 x18:0x00000000  x3:0x0040fe40 x25=0x00000000
     298935.000 ns	     29892	80006208	20042ad3	fsgnjx.s	f21,f8,f0	  f8:0x5fcc43f6  f0:0x00000000 f21=0x5fcc43f6
     298955.000 ns	     29894	8000620c	00e071b3	and	x3,x0,x14	  x0:0x00000000 x14:0x000001a4  x3=0x00000000
     298985.000 ns	     29897	80006210	19d678d3	fdiv.s	f17,f12,f29	 f12:0x00000001 f29:0xff800000 f17=0x80000000
     299035.000 ns	     29902	80006214	003ba453	fadd.s	f8,f23,f3	 f23:0x4f533470  f3:0x80000000  f8=0x4f533470
     299065.000 ns	     29905	80006218	a1531653	flt.s	x12,f6,f21	  f6:0xc4168000 f21:0x5fcc43f6 x12=0x00000001
     299095.000 ns	     29908	8000621c	21ad1c53	fsgnjn.s	f24,f26,f26	 f26:0x80000000 f26:0x80000000 f24=0x00000000
     299115.000 ns	     29910	80006220	de20c513	xori	x10,x1,-542	  x1:0x00000000 x10=0xfffffde2
     299135.000 ns	     29912	80006224	29481dd3	fmax.s	f27,f16,f20	 f16:0x80000000 f20:0x00000000 f27=0x00000000
     299155.000 ns	     29914	80006228	18027f37	lui	x30,0x18027	 x30=0x18027000
     299165.000 ns	     29915	8000622c	405c8833	sub	x16,x25,x5	 x25:0x00000000  x5:0xae136000 x16=0x51eca000
     299185.000 ns	     29917	80006230	21490153	fsgnj.s	f2,f18,f20	 f18:0x7fc00000 f20:0x00000000  f2=0x7fc00000
     299215.000 ns	     29920	80006234	f0048953	fmv.w.x	f18,x9	  x9:0x00000000 f18=0x00000000
     299235.000 ns	     29922	80006238	00f24833	xor	x16,x4,x15	  x4:0x00000000 x15:0x77c8048e x16=0x77c8048e
     299245.000 ns	     29923	8000623c	00f01a13	slli	x20,x0,0xf	  x0:0x00000000 x20=0x00000000
     299255.000 ns	     29924	80006240	00f2d713	srli	x14,x5,0xf	  x5:0xae136000 x14=0x00015c26
     299615.000 ns	     29960	80006244	02ac6433	rem	x8,x24,x10	 x24:0x00000001 x10:0xfffffde2  x8=0x00000001
     300795.000 ns	     30078	80006248	5806f4d3	fsqrt.s	f9,f13	 f13:0x77c8048e  f9=0x5ba001d0
     300825.000 ns	     30081	8000624c	a0229053	flt.s	x0,f5,f2	  f5:0x00000001  f2:0x7fc00000
     300845.000 ns	     30083	80006250	daee7693	andi	x13,x28,-594	 x28:0x00000000 x13=0x00000000
     300855.000 ns	     30084	80006254	0020feb3	and	x29,x1,x2	  x1:0x00000000  x2:0xfffff91f x29=0x00000000
     300865.000 ns	     30085	80006258	40868833	sub	x16,x13,x8	 x13:0x0040f966  x8:0x00000001 x16=0xffffffff
     300875.000 ns	     30086	8000625c	00000013	addi	x0,x0,0	  x0:0x00000000
     300885.000 ns	     30087	80006260	011cb533	sltu	x10,x25,x17	 x25:0x00000000 x17:0xffffffff x10=0x00000001
     300905.000 ns	     30089	80006264	21fa23d3	fsgnjx.s	f7,f20,f31	 f20:0x00000000 f31:0x7fc00000  f7=0x00000000
     300925.000 ns	     30091	80006268	43ca4093	xori	x1,x20,1084	 x20:0x00000000  x1=0x0000043c
     300945.000 ns	     30093	8000626c	f00007d3	fmv.w.x	f15,x0	  x0:0x00000000 f15=0x00000000
     300965.000 ns	     30095	80006270	b0718937	lui	x18,0xb0718	 x18=0xb0718000
     300975.000 ns	     30096	80006274	00ec1733	sll	x14,x24,x14	 x24:0x00000001 x14:0x00015c26 x14=0x00000040
     300985.000 ns	     30097	80006278	3983cb93	xori	x23,x7,920	  x7:0x00000001 x23=0x00000399
     301005.000 ns	     30099	8000627c	f00a01d3	fmv.w.x	f3,x20	 x20:0x00000000  f3=0x00000000
     301055.000 ns	     30104	80006280	091079d3	fsub.s	f19,f0,f17	  f0:0x00000000 f17:0x80000000 f19=0x00000000
     301075.000 ns	     30106	80006284	0018fb33	and	x22,x17,x1	 x17:0xffffffff  x1:0x0000043c x22=0x0000043c
     301095.000 ns	     30108	80006288	03c7db33	divu	x22,x15,x28	 x15:0x77c8048e x28:0x00000000 x22=0xffffffff
     301115.000 ns	     30110	8000628c	01ea82b3	add	x5,x21,x30	 x21:0xffbcb000 x30:0x18027000  x5=0x17bf2000
     301135.000 ns	     30112	80006290	02489233	mulh	x4,x17,x4	 x17:0xffffffff  x4:0x00000000  x4=0x00000000
     301175.000 ns	     30116	80006294	5803cbd3	fsqrt.s	f23,f7	  f7:0x00000000 f23=0x00000000
     301195.000 ns	     30118	80006298	415201b3	sub	x3,x4,x21	  x4:0x00000000 x21:0xffbcb000  x3=0x00435000
     301205.000 ns	     30119	8000629c	408f09b3	sub	x19,x30,x8	 x30:0x18027000  x8:0x00000001 x19=0x18026fff
     301225.000 ns	     30121	800062a0	0241d8b3	divu	x17,x3,x4	  x3:0x00000000  x4:0x00000000 x17=0xffffffff
     301255.000 ns	     30124	800062a4	020030b3	mulhu	x1,x0,x0	  x0:0x00000000  x0:0x00000000  x1=0x00000000
     301275.000 ns	     30126	800062a8	dd6f0193	addi	x3,x30,-554	 x30:0x18027000  x3=0x18026dd6
     301285.000 ns	     30127	800062ac	4e362a93	slti	x21,x12,1251	 x12:0x00000001 x21=0x00000001
     301305.000 ns	     30129	800062b0	21eaae53	fsgnjx.s	f28,f21,f30	 f21:0x5fcc43f6 f30:0x00000000 f28=0x5fcc43f6
     301325.000 ns	     30131	800062b4	00000013	addi	x0,x0,0	  x0:0x00000000
     301335.000 ns	     30132	800062b8	00000013	addi	x0,x0,0	  x0:0x00000000
     301375.000 ns	     30136	800062bc	09be14d3	fsub.s	f9,f28,f27	 f28:0x5fcc43f6 f27:0x00000000  f9=0x5fcc43f6
     301395.000 ns	     30138	800062c0	00e7b133	sltu	x2,x15,x14	 x15:0x77c8048e x14:0x00000040  x2=0x00000000
     301405.000 ns	     30139	800062c4	01492433	slt	x8,x18,x20	 x18:0xb0718000 x20:0x00000000  x8=0x00000001
     301425.000 ns	     30141	800062c8	d01719d3	fcvt.s.wu	f19,x14	 x14:0x00000040 f19=0x42800000
     301445.000 ns	     30143	800062cc	014013b3	sll	x7,x0,x20	  x0:0x00000000 x20:0x00000000  x7=0x00000000
     301455.000 ns	     30144	800062d0	00000013	addi	x0,x0,0	  x0:0x00000000
     301475.000 ns	     30146	800062d4	d00923d3	fcvt.s.w	f7,x18	 x18:0xb0718000  f7=0xce9f1d00
     301495.000 ns	     30148	800062d8	2dd18213	addi	x4,x3,733	  x3:0x18026dd6  x4=0x180270b3
     301525.000 ns	     30151	800062dc	580ef153	fsqrt.s	f2,f29	 f29:0xff800000  f2=0x7fc00000
     301545.000 ns	     30153	800062e0	137d6e93	ori	x29,x26,311	 x26:0x80040fe4 x29=0x80040ff7
     301905.000 ns	     30189	800062e4	02434333	div	x6,x6,x4	  x6:0x000006a5  x4:0x180270b3  x6=0x00000000
     301945.000 ns	     30193	800062e8	10e07bd3	fmul.s	f23,f0,f14	  f0:0x00000000 f14:0x77c8048e f23=0x00000000
     301995.000 ns	     30198	800062ec	018d7153	fadd.s	f2,f26,f24	 f26:0x80000000 f24:0x00000000  f2=0x00000000
     302025.000 ns	     30201	800062f0	a12596d3	flt.s	x13,f11,f18	 f11:0x7fc00000 f18:0x00000000 x13=0x00000000
     302065.000 ns	     30205	800062f4	18b08c53	fdiv.s	f24,f1,f11	  f1:0x7fc00000 f11:0x7fc00000 f24=0x7fc00000
     302085.000 ns	     30207	800062f8	3c978f13	addi	x30,x15,969	 x15:0x77c8048e x30=0x77c80857
     302105.000 ns	     30209	800062fc	032d0ab3	mul	x21,x26,x18	 x26:0x80040fe4 x18:0xb0718000 x21=0xcb960000
     302135.000 ns	     30212	80006300	28709253	fmax.s	f4,f1,f7	  f1:0x7fc00000  f7:0xce9f1d00  f4=0xce9f1d00
     302165.000 ns	     30215	80006304	f00e8853	fmv.w.x	f16,x29	 x29:0x80040ff7 f16=0x80040ff7
     302195.000 ns	     30218	80006308	f00f8453	fmv.w.x	f8,x31	 x31:0x00000000  f8=0x00000000
     302215.000 ns	     30220	8000630c	00000013	addi	x0,x0,0	  x0:0x00000000
     302575.000 ns	     30256	80006310	032873b3	remu	x7,x16,x18	 x16:0xffffffff x18:0xb0718000  x7=0x4f8e7fff
     302625.000 ns	     30261	80006314	091578d3	fsub.s	f17,f10,f17	 f10:0x7fc00000 f17:0x80000000 f17=0x7fc00000
     302645.000 ns	     30263	80006318	014f3cb3	sltu	x25,x30,x20	 x30:0x77c80857 x20:0x00000000 x25=0x00000000
     302655.000 ns	     30264	8000631c	0199af33	slt	x30,x19,x25	 x19:0x18026fff x25:0x00000000 x30=0x00000000
     302665.000 ns	     30265	80006320	a1b46e93	ori	x29,x8,-1509	  x8:0x00000001 x29=0xfffffa1b
     302685.000 ns	     30267	80006324	02bcacb3	mulhsu	x25,x25,x11	 x25:0x00000000 x11:0x000001be x25=0x00000000
     302705.000 ns	     30269	80006328	918bbc13	sltiu	x24,x23,-1768	 x23:0x00000399 x24=0x00000001
     303065.000 ns	     30305	8000632c	02f3ffb3	remu	x31,x7,x15	  x7:0x4f8e7fff x15:0x77c8048e x31=0x4f8e7fff
     303095.000 ns	     30308	80006330	a1cb8ed3	fle.s	x29,f23,f28	 f23:0x00000000 f28:0x5fcc43f6 x29=0x00000001
     303125.000 ns	     30311	80006334	a1329853	flt.s	x16,f5,f19	  f5:0x00000001 f19:0x42800000 x16=0x00000001
     303145.000 ns	     30313	80006338	68603a93	sltiu	x21,x0,1670	  x0:0x00000000 x21=0x00000001
     303175.000 ns	     30316	8000633c	10d97653	fmul.s	f12,f18,f13	 f18:0x00000000 f13:0x77c8048e f12=0x00000000
     303195.000 ns	     30318	80006340	40d35a33	sra	x20,x6,x13	  x6:0x00000000 x13:0x00000000 x20=0x00000000
     303215.000 ns	     30320	80006344	a0e49053	flt.s	x0,f9,f14	  f9:0x5fcc43f6 f14:0x77c8048e
     303585.000 ns	     30357	80006348	03ba65b3	rem	x11,x20,x27	 x20:0x00000000 x27:0x80041024 x11=0x00000000
     303605.000 ns	     30359	8000634c	01439713	slli	x14,x7,0x14	  x7:0x4f8e7fff x14=0xfff00000
     303615.000 ns	     30360	80006350	eef00b13	addi	x22,x0,-273	  x0:0x00000000 x22=0xfffffeef
     303625.000 ns	     30361	80006354	68c4c413	xori	x8,x9,1676	  x9:0x00000000  x8=0x0000068c
     303635.000 ns	     30362	80006358	00e1f433	and	x8,x3,x14	  x3:0x18026dd6 x14:0xfff00000  x8=0x18000000
     303655.000 ns	     30364	8000635c	c01da2d3	fcvt.wu.s	x5,f27	 f27:0x00000000  x5=0x00000000
     303675.000 ns	     30366	80006360	010e9913	slli	x18,x29,0x10	 x29:0x00000001 x18=0x00010000
     303695.000 ns	     30368	80006364	03c73e33	mulhu	x28,x14,x28	 x14:0xfff00000 x28:0x00000000 x28=0x00000000
     303715.000 ns	     30370	80006368	40300233	sub	x4,x0,x3	  x0:0x00000000  x3:0x18026dd6  x4=0xe7fd922a
     303735.000 ns	     30372	8000636c	28d99353	fmax.s	f6,f19,f13	 f19:0x42800000 f13:0x77c8048e  f6=0x77c8048e
     303765.000 ns	     30375	80006370	021bc433	div	x8,x23,x1	 x23:0x00000399  x1:0x00000000  x8=0xffffffff
     303785.000 ns	     30377	80006374	1ea7a213	slti	x4,x15,490	 x15:0x77c8048e  x4=0x00000000
     303795.000 ns	     30378	80006378	7026f993	andi	x19,x13,1794	 x13:0x00000000 x19=0x00000000
     303805.000 ns	     30379	8000637c	6c9bbbb7	lui	x23,0x6c9bb	 x23=0x6c9bb000
     303825.000 ns	     30381	80006380	e0081a53	fclass.s	x20,f16	 f16:0x80040ff7 x20=0x00000004
     303855.000 ns	     30384	80006384	e0031753	fclass.s	x14,f6	  f6:0x77c8048e x14=0x00000040
     303875.000 ns	     30386	80006388	68c5c413	xori	x8,x11,1676	 x11:0x00000000  x8=0x0000068c
     303885.000 ns	     30387	8000638c	018d5633	srl	x12,x26,x24	 x26:0x80040fe4 x24:0x00000001 x12=0x400207f2
     303905.000 ns	     30389	80006390	03672ab3	mulhsu	x21,x14,x22	 x14:0x00000040 x22:0xfffffeef x21=0x0000003f
     303925.000 ns	     30391	80006394	012c0b33	add	x22,x24,x18	 x24:0x00000001 x18:0x00010000 x22=0x00010001
     303935.000 ns	     30392	80006398	00000013	addi	x0,x0,0	  x0:0x00000000
     303945.000 ns	     30393	8000639c	fa613e13	sltiu	x28,x2,-90	  x2:0x00000000 x28=0x00000001
     303965.000 ns	     30395	800063a0	0258bab3	mulhu	x21,x17,x5	 x17:0xffffffff  x5:0x00000000 x21=0x00000000
     303995.000 ns	     30398	800063a4	a113a4d3	feq.s	x9,f7,f17	  f7:0xce9f1d00 f17:0x7fc00000  x9=0x00000000
     304025.000 ns	     30401	800063a8	d01bf553	fcvt.s.wu	f10,x23	 x23:0x6c9bb000 f10=0x4ed93760
     304395.000 ns	     30438	800063ac	02316833	rem	x16,x2,x3	  x2:0x00000000  x3:0x18026dd6 x16=0x00000000
     304425.000 ns	     30441	800063b0	d01d34d3	fcvt.s.wu	f9,x26	 x26:0x80040fe4  f9=0x4f000410
     304445.000 ns	     30443	800063b4	00000013	addi	x0,x0,0	  x0:0x00000000
     304465.000 ns	     30445	800063b8	f00f81d3	fmv.w.x	f3,x31	 x31:0x4f8e7fff  f3=0x4f8e7fff
     304495.000 ns	     30448	800063bc	031c9733	mulh	x14,x25,x17	 x25:0x00000000 x17:0xffffffff x14=0x00000000
     304515.000 ns	     30450	800063c0	005c1eb3	sll	x29,x24,x5	 x24:0x00000001  x5:0x00000000 x29=0x00000001
     304535.000 ns	     30452	800063c4	d00b1ad3	fcvt.s.w	f21,x22	 x22:0x00010001 f21=0x47800080
     304555.000 ns	     30454	800063c8	41ab5cb3	sra	x25,x22,x26	 x22:0x00010001 x26:0x80040fe4 x25=0x00001000
     304575.000 ns	     30456	800063cc	034e03b3	mul	x7,x28,x20	 x28:0x00000001 x20:0x00000004  x7=0x00000004
     304625.000 ns	     30461	800063d0	010b0d53	fadd.s	f26,f22,f16	 f22:0x7fc00000 f16:0x80040ff7 f26=0x7fc00000
     304645.000 ns	     30463	800063d4	00000013	addi	x0,x0,0	  x0:0x00000000
     304665.000 ns	     30465	800063d8	21ce1253	fsgnjn.s	f4,f28,f28	 f28:0x5fcc43f6 f28:0x5fcc43f6  f4=0xdfcc43f6
     304685.000 ns	     30467	800063dc	018488b3	add	x17,x9,x24	  x9:0x00000000 x24:0x00000001 x17=0x00000001
     304695.000 ns	     30468	800063e0	00a68cb3	add	x25,x13,x10	 x13:0x00000000 x10:0x00000001 x25=0x00000001
     304715.000 ns	     30470	800063e4	c00373d3	fcvt.w.s	x7,f6	  f6:0x77c8048e  x7=0x7fffffff
     304745.000 ns	     30473	800063e8	d010fed3	fcvt.s.wu	f29,x1	  x1:0x00000000 f29=0x00000000
     304775.000 ns	     30476	800063ec	f0078d53	fmv.w.x	f26,x15	 x15:0x77c8048e f26=0x77c8048e
     304805.000 ns	     30479	800063f0	0312aeb3	mulhsu	x29,x5,x17	  x5:0x00000000 x17:0x00000001 x29=0x00000000
     304835.000 ns	     30482	800063f4	026583b3	mul	x7,x11,x6	 x11:0x00000000  x6:0x00000000  x7=0x00000000
     304855.000 ns	     30484	800063f8	f3890193	addi	x3,x18,-200	 x18:0x00010000  x3=0x0000ff38
     304865.000 ns	     30485	800063fc	0120d9b3	srl	x19,x1,x18	  x1:0x00000000 x18:0x00010000 x19=0x00000000
     304875.000 ns	     30486	80006400	00f53733	sltu	x14,x10,x15	 x10:0x00000001 x15:0x77c8048e x14=0x00000001
     304895.000 ns	     30488	80006404	a0eeaf53	feq.s	x30,f29,f14	 f29:0x00000000 f14:0x77c8048e x30=0x00000000
     304945.000 ns	     30493	80006408	0149fcd3	fadd.s	f25,f19,f20	 f19:0x42800000 f20:0x00000000 f25=0x42800000
     304975.000 ns	     30496	8000640c	e0071bd3	fclass.s	x23,f14	 f14:0x77c8048e x23=0x00000040
     304995.000 ns	     30498	80006410	01095613	srli	x12,x18,0x10	 x18:0x00010000 x12=0x00000001
     305005.000 ns	     30499	80006414	6ac8ee13	ori	x28,x17,1708	 x17:0x00000001 x28=0x000006ad
     305335.000 ns	     30532	80006418	18437b53	fdiv.s	f22,f6,f4	  f6:0x77c8048e  f4:0xdfcc43f6 f22=0xd748048e
     305365.000 ns	     30535	8000641c	e00402d3	fmv.x.w	x5,f8	  f8:0x00000000  x5=0x00000000
     305395.000 ns	     30538	80006420	a0469cd3	flt.s	x25,f13,f4	 f13:0x77c8048e  f4:0xdfcc43f6 x25=0x00000000
     305415.000 ns	     30540	80006424	b0f30e37	lui	x28,0xb0f30	 x28=0xb0f30000
     305425.000 ns	     30541	80006428	002a1513	slli	x10,x20,0x2	 x20:0x00000004 x10=0x00000010
     305435.000 ns	     30542	8000642c	bda60713	addi	x14,x12,-1062	 x12:0x00000001 x14=0xfffffbdb
     305445.000 ns	     30543	80006430	8d332313	slti	x6,x6,-1837	  x6:0x00000000  x6=0x00000000
     305455.000 ns	     30544	80006434	40c259b3	sra	x19,x4,x12	  x4:0x00000000 x12:0x00000001 x19=0x00000000
     305465.000 ns	     30545	80006438	0050ecb3	or	x25,x1,x5	  x1:0x00000000  x5:0x00000000 x25=0x00000000
     305475.000 ns	     30546	8000643c	c6bcb213	sltiu	x4,x25,-917	 x25:0x00000000  x4=0x00000001
     305485.000 ns	     30547	80006440	01953733	sltu	x14,x10,x25	 x10:0x00000010 x25:0x00000000 x14=0x00000000
     305525.000 ns	     30551	80006444	08857bd3	fsub.s	f23,f10,f8	 f10:0x4ed93760  f8:0x00000000 f23=0x4ed93760
     305555.000 ns	     30554	80006448	03979c33	mulh	x24,x15,x25	 x15:0x77c8048e x25:0x00000000 x24=0x00000000
     305575.000 ns	     30556	8000644c	d134b513	sltiu	x10,x9,-749	  x9:0x00000000 x10=0x00000001
     305595.000 ns	     30558	80006450	c0157553	fcvt.wu.s	x10,f10	 f10:0x4ed93760 x10=0x6c9bb000
     305625.000 ns	     30561	80006454	216488d3	fsgnj.s	f17,f9,f22	  f9:0x4f000410 f22:0xd748048e f17=0xcf000410
     305645.000 ns	     30563	80006458	01d0f033	and	x0,x1,x29	  x1:0x00000000 x29:0x00000000
     305665.000 ns	     30565	8000645c	e00415d3	fclass.s	x11,f8	  f8:0x00000000 x11=0x00000010
     305685.000 ns	     30567	80006460	01197033	and	x0,x18,x17	 x18:0x00010000 x17:0x00000001
     305705.000 ns	     30569	80006464	29a782d3	fmin.s	f5,f15,f26	 f15:0x00000000 f26:0x77c8048e  f5=0x00000000
     305725.000 ns	     30571	80006468	00bb9613	slli	x12,x23,0xb	 x23:0x00000040 x12=0x00020000
     305745.000 ns	     30573	8000646c	29149553	fmax.s	f10,f9,f17	  f9:0x4f000410 f17:0xcf000410 f10=0x4f000410
     305785.000 ns	     30577	80006470	10344e53	fmul.s	f28,f8,f3	  f8:0x00000000  f3:0x4f8e7fff f28=0x00000000
     305805.000 ns	     30579	80006474	2f886e13	ori	x28,x16,760	 x16:0x00000000 x28=0x000002f8
     305825.000 ns	     30581	80006478	f0090b53	fmv.w.x	f22,x18	 x18:0x00010000 f22=0x00010000
     305855.000 ns	     30584	8000647c	214596d3	fsgnjn.s	f13,f11,f20	 f11:0x7fc00000 f20:0x00000000 f13=0xffc00000
     305885.000 ns	     30587	80006480	a02a10d3	flt.s	x1,f20,f2	 f20:0x00000000  f2:0x00000000  x1=0x00000000
     305915.000 ns	     30590	80006484	034133b3	mulhu	x7,x2,x20	  x2:0x00000000 x20:0x00000004  x7=0x00000000
     305945.000 ns	     30593	80006488	210a12d3	fsgnjn.s	f5,f20,f16	 f20:0x00000000 f16:0x80040ff7  f5=0x00000000
     305965.000 ns	     30595	8000648c	00949ab3	sll	x21,x9,x9	  x9:0x00000000  x9:0x00000000 x21=0x00000000
     305985.000 ns	     30597	80006490	02b323b3	mulhsu	x7,x6,x11	  x6:0x00000000 x11:0x00000010  x7=0x00000000
     306005.000 ns	     30599	80006494	00a89913	slli	x18,x17,0xa	 x17:0x00000001 x18=0x00000400
     306025.000 ns	     30601	80006498	d0037653	fcvt.s.w	f12,x6	  x6:0x00000000 f12=0x00000000
     306055.000 ns	     30604	8000649c	a0550ad3	fle.s	x21,f10,f5	 f10:0x4f000410  f5:0x00000000 x21=0x00000000
     306085.000 ns	     30607	800064a0	a1ab9e53	flt.s	x28,f23,f26	 f23:0x4ed93760 f26:0x77c8048e x28=0x00000001
     306425.000 ns	     30641	800064a4	1839ffd3	fdiv.s	f31,f19,f3	 f19:0x42800000  f3:0x4f8e7fff f31=0x32000000
     306445.000 ns	     30643	800064a8	0126d993	srli	x19,x13,0x12	 x13:0x00000000 x19=0x00000000
     306805.000 ns	     30679	800064ac	023d6b33	rem	x22,x26,x3	 x26:0x80040fe4  x3:0x0000ff38 x22=0xffffc4e4
     306825.000 ns	     30681	800064b0	00eaa133	slt	x2,x21,x14	 x21:0x00000000 x14:0x00000000  x2=0x00000000
     306835.000 ns	     30682	800064b4	410d80b3	sub	x1,x27,x16	 x27:0x80041024 x16:0x00000000  x1=0x80041024
     306845.000 ns	     30683	800064b8	41490833	sub	x16,x18,x20	 x18:0x00000400 x20:0x00000004 x16=0x000003fc
     306855.000 ns	     30684	800064bc	5a428f13	addi	x30,x5,1444	  x5:0x00000000 x30=0x000005a4
     306865.000 ns	     30685	800064c0	01a4d133	srl	x2,x9,x26	  x9:0x00000000 x26:0x80040fe4  x2=0x00000000
     306875.000 ns	     30686	800064c4	40175833	sra	x16,x14,x1	 x14:0x00000000  x1:0x80041024 x16=0x00000000
     306895.000 ns	     30688	800064c8	a19a8253	fle.s	x4,f21,f25	 f21:0x47800080 f25:0x42800000  x4=0x00000000
     306915.000 ns	     30690	800064cc	00389813	slli	x16,x17,0x3	 x17:0x00000001 x16=0x00000008
     306925.000 ns	     30691	800064d0	01ff9b33	sll	x22,x31,x31	 x31:0x4f8e7fff x31:0x4f8e7fff x22=0x80000000
     306935.000 ns	     30692	800064d4	00a025b3	slt	x11,x0,x10	  x0:0x00000000 x10:0x6c9bb000 x11=0x00000001
     306945.000 ns	     30693	800064d8	b753d297	auipc	x5,0xb753d	  x5=0x375434d8
     306955.000 ns	     30694	800064dc	01668e33	add	x28,x13,x22	 x13:0x00000000 x22:0x80000000 x28=0x80000000
     306975.000 ns	     30696	800064e0	21c516d3	fsgnjn.s	f13,f10,f28	 f10:0x4f000410 f28:0x00000000 f13=0xcf000410
     307005.000 ns	     30699	800064e4	02e77f33	remu	x30,x14,x14	 x14:0x00000000 x14:0x00000000 x30=0x00000000
     307055.000 ns	     30704	800064e8	0928f953	fsub.s	f18,f17,f18	 f17:0xcf000410 f18:0x00000000 f18=0xcf000410
     307085.000 ns	     30707	800064ec	211b2e53	fsgnjx.s	f28,f22,f17	 f22:0x00010000 f17:0xcf000410 f28=0x80010000
     307115.000 ns	     30710	800064f0	a135a6d3	feq.s	x13,f11,f19	 f11:0x7fc00000 f19:0x42800000 x13=0x00000000
     307485.000 ns	     30747	800064f4	025c7933	remu	x18,x24,x5	 x24:0x00000000  x5:0x375434d8 x18=0x00000000
     307515.000 ns	     30750	800064f8	21638953	fsgnj.s	f18,f7,f22	  f7:0xce9f1d00 f22:0x00010000 f18=0x4e9f1d00
     307535.000 ns	     30752	800064fc	e0dfab93	slti	x23,x31,-499	 x31:0x4f8e7fff x23=0x00000000
     307555.000 ns	     30754	80006500	209124d3	fsgnjx.s	f9,f2,f9	  f2:0x00000000  f9:0x4f000410  f9=0x00000000
     307595.000 ns	     30758	80006504	19fe9fd3	fdiv.s	f31,f29,f31	 f29:0x00000000 f31:0x32000000 f31=0x00000000
     307625.000 ns	     30761	80006508	03aa3333	mulhu	x6,x20,x26	 x20:0x00000004 x26:0x80040fe4  x6=0x00000002
     307645.000 ns	     30763	8000650c	63168313	addi	x6,x13,1585	 x13:0x00000000  x6=0x00000631
     307655.000 ns	     30764	80006510	00615133	srl	x2,x2,x6	  x2:0x00000000  x6:0x00000002  x2=0x00000000
     307665.000 ns	     30765	80006514	00dfa933	slt	x18,x31,x13	 x31:0x4f8e7fff x13:0x00000000 x18=0x00000000
     307685.000 ns	     30767	80006518	e0099cd3	fclass.s	x25,f19	 f19:0x42800000 x25=0x00000040
     307715.000 ns	     30770	8000651c	d00a7553	fcvt.s.w	f10,x20	 x20:0x00000004 f10=0x40800000
     307735.000 ns	     30772	80006520	6d3f8f93	addi	x31,x31,1747	 x31:0x4f8e7fff x31=0x4f8e86d2
     307745.000 ns	     30773	80006524	5551a713	slti	x14,x3,1365	  x3:0x0000ff38 x14=0x00000000
     307755.000 ns	     30774	80006528	00000013	addi	x0,x0,0	  x0:0x00000000
     307765.000 ns	     30775	8000652c	40025393	srai	x7,x4,0x0	  x4:0x00000000  x7=0x00000000
     307775.000 ns	     30776	80006530	b34fb293	sltiu	x5,x31,-1228	 x31:0x4f8e86d2  x5=0x00000001
     307815.000 ns	     30780	80006534	09837453	fsub.s	f8,f6,f24	  f6:0x77c8048e f24:0x7fc00000  f8=0x7fc00000
     307845.000 ns	     30783	80006538	d0174c53	fcvt.s.wu	f24,x14	 x14:0x00000000 f24=0x00000000
     307875.000 ns	     30786	8000653c	d01af6d3	fcvt.s.wu	f13,x21	 x21:0x00000000 f13=0x00000000
     307895.000 ns	     30788	80006540	019b9133	sll	x2,x23,x25	 x23:0x00000000 x25:0x00000040  x2=0x00000000
     307905.000 ns	     30789	80006544	68b7c813	xori	x16,x15,1675	 x15:0x77c8048e x16=0x77c80205
     307915.000 ns	     30790	80006548	4191d293	srai	x5,x3,0x19	  x3:0x0000ff38  x5=0x00000000
     307935.000 ns	     30792	8000654c	28b905d3	fmin.s	f11,f18,f11	 f18:0x4e9f1d00 f11:0x7fc00000 f11=0x4e9f1d00
     307975.000 ns	     30796	80006550	10d94953	fmul.s	f18,f18,f13	 f18:0x4e9f1d00 f13:0x00000000 f18=0x00000000
     307995.000 ns	     30798	80006554	38eaac93	slti	x25,x21,910	 x21:0x00000000 x25=0x00000001
     308005.000 ns	     30799	80006558	0275a313	slti	x6,x11,39	 x11:0x00000001  x6=0x00000001
     308015.000 ns	     30800	8000655c	00000013	addi	x0,x0,0	  x0:0x00000000
     308035.000 ns	     30802	80006560	29281dd3	fmax.s	f27,f16,f18	 f16:0x80040ff7 f18:0x00000000 f27=0x00000000
     308065.000 ns	     30805	80006564	29a21ed3	fmax.s	f29,f4,f26	  f4:0xdfcc43f6 f26:0x77c8048e f29=0x77c8048e
     308085.000 ns	     30807	80006568	0039feb3	and	x29,x19,x3	 x19:0x00000000  x3:0x0000ff38 x29=0x00000000
     308105.000 ns	     30809	8000656c	298700d3	fmin.s	f1,f14,f24	 f14:0x77c8048e f24:0x00000000  f1=0x00000000
     308125.000 ns	     30811	80006570	412cd713	srai	x14,x25,0x12	 x25:0x00000001 x14=0x00000000
     308135.000 ns	     30812	80006574	00000013	addi	x0,x0,0	  x0:0x00000000
     308155.000 ns	     30814	80006578	29f008d3	fmin.s	f17,f0,f31	  f0:0x00000000 f31:0x00000000 f17=0x00000000
     308185.000 ns	     30817	8000657c	036c2b33	mulhsu	x22,x24,x22	 x24:0x00000000 x22:0x80000000 x22=0x00000000
     308215.000 ns	     30820	80006580	209694d3	fsgnjn.s	f9,f13,f9	 f13:0x00000000  f9:0x00000000  f9=0x80000000
     308235.000 ns	     30822	80006584	01d41e33	sll	x28,x8,x29	  x8:0x0000068c x29:0x00000000 x28=0x0000068c
     308255.000 ns	     30824	80006588	e00f0353	fmv.x.w	x6,f30	 f30:0x00000000  x6=0x00000000
     308285.000 ns	     30827	8000658c	214aa353	fsgnjx.s	f6,f21,f20	 f21:0x47800080 f20:0x00000000  f6=0x47800080
     308305.000 ns	     30829	80006590	01753633	sltu	x12,x10,x23	 x10:0x6c9bb000 x23:0x00000000 x12=0x00000000
     308315.000 ns	     30830	80006594	0079ac33	slt	x24,x19,x7	 x19:0x00000000  x7:0x00000000 x24=0x00000000
     308335.000 ns	     30832	80006598	03c912b3	mulh	x5,x18,x28	 x18:0x00000000 x28:0x0000068c  x5=0x00000000
     308355.000 ns	     30834	8000659c	0038b0b3	sltu	x1,x17,x3	 x17:0x00000001  x3:0x0000ff38  x1=0x00000001
     308375.000 ns	     30836	800065a0	e0011e53	fclass.s	x28,f2	  f2:0x00000000 x28=0x00000010
     308405.000 ns	     30839	800065a4	02dc8a33	mul	x20,x25,x13	 x25:0x00000001 x13:0x00000000 x20=0x00000000
     308425.000 ns	     30841	800065a8	0048bf33	sltu	x30,x17,x4	 x17:0x00000001  x4:0x00000000 x30=0x00000000
     308445.000 ns	     30843	800065ac	216b97d3	fsgnjn.s	f15,f23,f22	 f23:0x4ed93760 f22:0x00010000 f15=0xced93760
     308785.000 ns	     30877	800065b0	18a51ad3	fdiv.s	f21,f10,f10	 f10:0x40800000 f10:0x40800000 f21=0x3f16ce94
     308805.000 ns	     30879	800065b4	002fae33	slt	x28,x31,x2	 x31:0x4f8e86d2  x2:0x00000000 x28=0x00000000
     308815.000 ns	     30880	800065b8	a89e2813	slti	x16,x28,-1399	 x28:0x00000010 x16=0x00000000
     308835.000 ns	     30882	800065bc	02765433	divu	x8,x12,x7	 x12:0x00000000  x7:0x00000000  x8=0xffffffff
     308855.000 ns	     30884	800065c0	00000013	addi	x0,x0,0	  x0:0x00000000
     308865.000 ns	     30885	800065c4	408b5c33	sra	x24,x22,x8	 x22:0x00000000  x8:0xffffffff x24=0x00000000
     308875.000 ns	     30886	800065c8	00000013	addi	x0,x0,0	  x0:0x00000000
     308885.000 ns	     30887	800065cc	b979a493	slti	x9,x19,-1129	 x19:0x00000000  x9=0x00000000
     308895.000 ns	     30888	800065d0	f8076613	ori	x12,x14,-128	 x14:0x00000000 x12=0xffffff80
     308905.000 ns	     30889	800065d4	01bf1613	slli	x12,x30,0x1b	 x30:0x00000000 x12=0x00000000
     308915.000 ns	     30890	800065d8	95cb8893	addi	x17,x23,-1700	 x23:0x00000000 x17=0xfffff95c
     308925.000 ns	     30891	800065dc	80f8f413	andi	x8,x17,-2033	 x17:0x00000001  x8=0xfffff80c
     308935.000 ns	     30892	800065e0	d2b96337	lui	x6,0xd2b96	  x6=0xd2b96000
     308955.000 ns	     30894	800065e4	c003fe53	fcvt.w.s	x28,f7	  f7:0xce9f1d00 x28=0x4f8e8000
     308985.000 ns	     30897	800065e8	a1df1bd3	flt.s	x23,f30,f29	 f30:0x00000000 f29:0x77c8048e x23=0x00000001
     309015.000 ns	     30900	800065ec	a15186d3	fle.s	x13,f3,f21	  f3:0x4f8e7fff f21:0x3f16ce94 x13=0x00000000
     309035.000 ns	     30902	800065f0	9926b193	sltiu	x3,x13,-1646	 x13:0x00000000  x3=0x00000001
     309055.000 ns	     30904	800065f4	20492b53	fsgnjx.s	f22,f18,f4	 f18:0x00000000  f4:0xdfcc43f6 f22=0x80000000
     309085.000 ns	     30907	800065f8	e00d9bd3	fclass.s	x23,f27	 f27:0x00000000 x23=0x00000010
     309115.000 ns	     30910	800065fc	287f0bd3	fmin.s	f23,f30,f7	 f30:0x00000000  f7:0xce9f1d00 f23=0xce9f1d00
     309145.000 ns	     30913	80006600	218521d3	fsgnjx.s	f3,f10,f24	 f10:0x40800000 f24:0x00000000  f3=0x40800000
     309165.000 ns	     30915	80006604	69141c97	auipc	x25,0x69141	 x25=0xe9147604
     309185.000 ns	     30917	80006608	20d72053	fsgnjx.s	f0,f14,f13	 f14:0x77c8048e f13:0x00000000  f0=0x77c8048e
     309205.000 ns	     30919	8000660c	4ff0a093	slti	x1,x1,1279	  x1:0x00000001  x1=0x00000001
     309215.000 ns	     30920	80006610	007ce433	or	x8,x25,x7	 x25:0xe9147604  x7:0x00000000  x8=0xe9147604
     309225.000 ns	     30921	80006614	4187d413	srai	x8,x15,0x18	 x15:0x77c8048e  x8=0x00000077
     309245.000 ns	     30923	80006618	f0060153	fmv.w.x	f2,x12	 x12:0x00000000  f2=0x00000000
     309275.000 ns	     30926	8000661c	02f23633	mulhu	x12,x4,x15	  x4:0x00000000 x15:0x77c8048e x12=0x00000000
     309295.000 ns	     30928	80006620	40b85a17	auipc	x20,0x40b85	 x20=0xc0b8b620
     309305.000 ns	     30929	80006624	41a6d513	srai	x10,x13,0x1a	 x13:0x00000000 x10=0x00000000
     309325.000 ns	     30931	80006628	21c824d3	fsgnjx.s	f9,f16,f28	 f16:0x80040ff7 f28:0x80010000  f9=0x00040ff7
     309355.000 ns	     30934	8000662c	d013a253	fcvt.s.wu	f4,x7	  x7:0x00000000  f4=0x00000000
     309385.000 ns	     30937	80006630	e00112d3	fclass.s	x5,f2	  f2:0x00000000  x5=0x00000010
     309405.000 ns	     30939	80006634	6b01b117	auipc	x2,0x6b01b	  x2=0xeb021634
     309765.000 ns	     30975	80006638	03456833	rem	x16,x10,x20	 x10:0x00000000 x20:0xc0b8b620 x16=0x00000000
     309815.000 ns	     30980	8000663c	00bbb753	fadd.s	f14,f23,f11	 f23:0xce9f1d00 f11:0x4e9f1d00 f14=0x00000000
     309835.000 ns	     30982	80006640	53838b13	addi	x22,x7,1336	  x7:0x00000000 x22=0x00000538
     309855.000 ns	     30984	80006644	2013a153	fsgnjx.s	f2,f7,f1	  f7:0xce9f1d00  f1:0x00000000  f2=0xce9f1d00
     309885.000 ns	     30987	80006648	024e9a33	mulh	x20,x29,x4	 x29:0x00000000  x4:0x00000000 x20=0x00000000
     309915.000 ns	     30990	8000664c	a00e0f53	fle.s	x30,f28,f0	 f28:0x80010000  f0:0x77c8048e x30=0x00000001
     309945.000 ns	     30993	80006650	20989a53	fsgnjn.s	f20,f17,f9	 f17:0x00000000  f9:0x00040ff7 f20=0x80000000
     309965.000 ns	     30995	80006654	79a2e493	ori	x9,x5,1946	  x5:0x00000010  x9=0x0000079a
     309975.000 ns	     30996	80006658	a177e113	ori	x2,x15,-1513	 x15:0x77c8048e  x2=0xfffffe9f
     309985.000 ns	     30997	8000665c	7d9c4f93	xori	x31,x24,2009	 x24:0x00000000 x31=0x000007d9
     309995.000 ns	     30998	80006660	01ba9313	slli	x6,x21,0x1b	 x21:0x00000000  x6=0x00000000
     310015.000 ns	     31000	80006664	039dac33	mulhsu	x24,x27,x25	 x27:0x80041024 x25:0xe9147604 x24=0x8b797801
     310035.000 ns	     31002	80006668	0014f833	and	x16,x9,x1	  x9:0x0000079a  x1:0x00000001 x16=0x00000000
     310045.000 ns	     31003	8000666c	00404fb3	xor	x31,x0,x4	  x0:0x00000000  x4:0x00000000 x31=0x00000000
     310065.000 ns	     31005	80006670	a18786d3	fle.s	x13,f15,f24	 f15:0xced93760 f24:0x00000000 x13=0x00000001
     310085.000 ns	     31007	80006674	01b03c33	sltu	x24,x0,x27	  x0:0x00000000 x27:0x80041024 x24=0x00000001
     310095.000 ns	     31008	80006678	41605213	srai	x4,x0,0x16	  x0:0x00000000  x4=0x00000000
     310115.000 ns	     31010	8000667c	a1129653	flt.s	x12,f5,f17	  f5:0x00000000 f17:0x00000000 x12=0x00000000
     311295.000 ns	     31128	80006680	580ebdd3	fsqrt.s	f27,f29	 f29:0x77c8048e f27=0x5ba001d0
     311315.000 ns	     31130	80006684	2ba1c393	xori	x7,x3,698	  x3:0x00000001  x7=0x000002bb
     311335.000 ns	     31132	80006688	c00daf53	fcvt.w.s	x30,f27	 f27:0x5ba001d0 x30=0x7fffffff
     311365.000 ns	     31135	8000668c	216692d3	fsgnjn.s	f5,f13,f22	 f13:0x00000000 f22:0x80000000  f5=0x00000000
     311395.000 ns	     31138	80006690	d006f0d3	fcvt.s.w	f1,x13	 x13:0x00000001  f1=0x3f800000
     311435.000 ns	     31142	80006694	580ffdd3	fsqrt.s	f27,f31	 f31:0x00000000 f27=0x00000000
     311455.000 ns	     31144	80006698	00e66e33	or	x28,x12,x14	 x12:0x00000000 x14:0x00000000 x28=0x00000000
     311465.000 ns	     31145	8000669c	406d81b3	sub	x3,x27,x6	 x27:0x80041024  x6:0x00000000  x3=0x80041024
     311475.000 ns	     31146	800066a0	1f83b193	sltiu	x3,x7,504	  x7:0x000002bb  x3=0x00000000
     311495.000 ns	     31148	800066a4	d00bc453	fcvt.s.w	f8,x23	 x23:0x00000010  f8=0x41800000
     311525.000 ns	     31151	800066a8	02b73133	mulhu	x2,x14,x11	 x14:0x00000000 x11:0x00000001  x2=0x00000000
     311555.000 ns	     31154	800066ac	29689dd3	fmax.s	f27,f17,f22	 f17:0x00000000 f22:0x80000000 f27=0x00000000
     311595.000 ns	     31158	800066b0	1044b053	fmul.s	f0,f9,f4	  f9:0x00040ff7  f4:0x00000000  f0=0x00000000
     311625.000 ns	     31161	800066b4	20e7ad53	fsgnjx.s	f26,f15,f14	 f15:0xced93760 f14:0x00000000 f26=0xced93760
     311655.000 ns	     31164	800066b8	284c88d3	fmin.s	f17,f25,f4	 f25:0x42800000  f4:0x00000000 f17=0x00000000
     311675.000 ns	     31166	800066bc	8e1efe93	andi	x29,x29,-1823	 x29:0x00000000 x29=0x00000000
     311685.000 ns	     31167	800066c0	019fe6b3	or	x13,x31,x25	 x31:0x00000000 x25:0xe9147604 x13=0xe9147604
     311695.000 ns	     31168	800066c4	019863b3	or	x7,x16,x25	 x16:0x00000000 x25:0xe9147604  x7=0xe9147604
     311725.000 ns	     31171	800066c8	194615d3	fdiv.s	f11,f12,f20	 f12:0x00000000 f20:0x80000000 f11=0x7fc00000
     311745.000 ns	     31173	800066cc	40a15233	sra	x4,x2,x10	  x2:0x00000000 x10:0x00000000  x4=0x00000000
     311765.000 ns	     31175	800066d0	03a62bb3	mulhsu	x23,x12,x26	 x12:0x00000000 x26:0x80040fe4 x23=0x00000000
     311785.000 ns	     31177	800066d4	41bf50b3	sra	x1,x30,x27	 x30:0x7fffffff x27:0x80041024  x1=0x07ffffff
     311805.000 ns	     31179	800066d8	20ee05d3	fsgnj.s	f11,f28,f14	 f28:0x80010000 f14:0x00000000 f11=0x00010000
     311845.000 ns	     31183	800066dc	19803953	fdiv.s	f18,f0,f24	  f0:0x00000000 f24:0x00000000 f18=0x7fc00000
     311865.000 ns	     31185	800066e0	de0c0613	addi	x12,x24,-544	 x24:0x00000001 x12=0xfffffde1
     311875.000 ns	     31186	800066e4	0161c0b3	xor	x1,x3,x22	  x3:0x00000000 x22:0x00000538  x1=0x00000538
     311895.000 ns	     31188	800066e8	e00f16d3	fclass.s	x13,f30	 f30:0x00000000 x13=0x00000010
     311915.000 ns	     31190	800066ec	5228b093	sltiu	x1,x17,1314	 x17:0xfffff95c  x1=0x00000000
     311925.000 ns	     31191	800066f0	4013d3b3	sra	x7,x7,x1	  x7:0xe9147604  x1:0x00000538  x7=0xe9147604
     311935.000 ns	     31192	800066f4	00d08433	add	x8,x1,x13	  x1:0x00000538 x13:0x00000010  x8=0x00000010
     311945.000 ns	     31193	800066f8	b6aaef93	ori	x31,x21,-1174	 x21:0x00000000 x31=0xfffffb6a
     311965.000 ns	     31195	800066fc	28d285d3	fmin.s	f11,f5,f13	  f5:0x00000000 f13:0x00000000 f11=0x00000000
     311995.000 ns	     31198	80006700	d013f253	fcvt.s.wu	f4,x7	  x7:0xe9147604  f4=0x4f691476
     312025.000 ns	     31201	80006704	024128b3	mulhsu	x17,x2,x4	  x2:0x00000000  x4:0x00000000 x17=0x00000000
     312055.000 ns	     31204	80006708	28420953	fmin.s	f18,f4,f4	  f4:0x4f691476  f4:0x4f691476 f18=0x4f691476
     312085.000 ns	     31207	8000670c	a0e2a2d3	feq.s	x5,f5,f14	  f5:0x00000000 f14:0x00000000  x5=0x00000001
     312135.000 ns	     31212	80006710	0033c353	fadd.s	f6,f7,f3	  f7:0xce9f1d00  f3:0x40800000  f6=0xce9f1d00
     312185.000 ns	     31217	80006714	0108a353	fadd.s	f6,f17,f16	 f17:0x00000000 f16:0x80040ff7  f6=0x80040ff7
     312225.000 ns	     31221	80006718	58077ad3	fsqrt.s	f21,f14	 f14:0x00000000 f21=0x00000000
     312255.000 ns	     31224	8000671c	c0133ed3	fcvt.wu.s	x29,f6	  f6:0x80040ff7 x29=0x00000000
     312275.000 ns	     31226	80006720	bb6e4f13	xori	x30,x28,-1098	 x28:0x00000000 x30=0xfffffbb6
     312295.000 ns	     31228	80006724	20bd9d53	fsgnjn.s	f26,f27,f11	 f27:0x00000000 f11:0x00000000 f26=0x80000000
     312315.000 ns	     31230	80006728	01aaebb3	or	x23,x21,x26	 x21:0x00000000 x26:0x80040fe4 x23=0x80040fe4
     312335.000 ns	     31232	8000672c	a07a1ad3	flt.s	x21,f20,f7	 f20:0x80000000  f7:0xce9f1d00 x21=0x00000000
     312365.000 ns	     31235	80006730	02b4a2b3	mulhsu	x5,x9,x11	  x9:0x0000079a x11:0x00000001  x5=0x00000000
     312385.000 ns	     31237	80006734	014021b3	slt	x3,x0,x20	  x0:0x00000000 x20:0x00000000  x3=0x00000000
     312415.000 ns	     31240	80006738	5807b753	fsqrt.s	f14,f15	 f15:0xced93760 f14=0x7fc00000
     312445.000 ns	     31243	8000673c	02b5a1b3	mulhsu	x3,x11,x11	 x11:0x00000001 x11:0x00000001  x3=0x00000000
     312475.000 ns	     31246	80006740	29de86d3	fmin.s	f13,f29,f29	 f29:0x77c8048e f29:0x77c8048e f13=0x77c8048e
     312495.000 ns	     31248	80006744	004e44b3	xor	x9,x28,x4	 x28:0x00000000  x4:0x00000000  x9=0x00000000
     312515.000 ns	     31250	80006748	0220b733	mulhu	x14,x1,x2	  x1:0x00000000  x2:0x00000000 x14=0x00000000
     312535.000 ns	     31252	8000674c	0182a133	slt	x2,x5,x24	  x5:0x00000000 x24:0x00000001  x2=0x00000001
     312555.000 ns	     31254	80006750	0206e033	rem	x0,x13,x0	 x13:0x00000010  x0:0x00000000
     312575.000 ns	     31256	80006754	0063f4b3	and	x9,x7,x6	  x7:0xe9147604  x6:0x00000000  x9=0x00000000
     312595.000 ns	     31258	80006758	d0087fd3	fcvt.s.w	f31,x16	 x16:0x00000000 f31=0x00000000
     312615.000 ns	     31260	8000675c	fdd36f17	auipc	x30,0xfdd36	 x30=0x7dd3c75c
     312635.000 ns	     31262	80006760	20999e53	fsgnjn.s	f28,f19,f9	 f19:0x42800000  f9:0x00040ff7 f28=0xc2800000
     312655.000 ns	     31264	80006764	002334b3	sltu	x9,x6,x2	  x6:0x00000000  x2:0x00000001  x9=0x00000001
     312675.000 ns	     31266	80006768	a1d79853	flt.s	x16,f15,f29	 f15:0xced93760 f29:0x77c8048e x16=0x00000001
     312695.000 ns	     31268	8000676c	c7642413	slti	x8,x8,-906	  x8:0x00000010  x8=0x00000000
     312705.000 ns	     31269	80006770	004f9933	sll	x18,x31,x4	 x31:0xfffffb6a  x4:0x00000000 x18=0xfffffb6a
     312715.000 ns	     31270	80006774	01e351b3	srl	x3,x6,x30	  x6:0x00000000 x30:0x7dd3c75c  x3=0x00000000
     312735.000 ns	     31272	80006778	a19312d3	flt.s	x5,f6,f25	  f6:0x80040ff7 f25:0x42800000  x5=0x00000001
     312755.000 ns	     31274	8000677c	c103d937	lui	x18,0xc103d	 x18=0xc103d000
     312775.000 ns	     31276	80006780	296a99d3	fmax.s	f19,f21,f22	 f21:0x00000000 f22:0x80000000 f19=0x00000000
     312805.000 ns	     31279	80006784	a0061753	flt.s	x14,f12,f0	 f12:0x00000000  f0:0x00000000 x14=0x00000000
     312835.000 ns	     31282	80006788	e0068753	fmv.x.w	x14,f13	 f13:0x77c8048e x14=0x77c8048e
     312855.000 ns	     31284	8000678c	29937a13	andi	x20,x6,665	  x6:0x00000000 x20=0x00000000
     312875.000 ns	     31286	80006790	a19e8753	fle.s	x14,f29,f25	 f29:0x77c8048e f25:0x42800000 x14=0x00000000
     312905.000 ns	     31289	80006794	c018f953	fcvt.wu.s	x18,f17	 f17:0x00000000 x18=0x00000000
     312935.000 ns	     31292	80006798	e00a0953	fmv.x.w	x18,f20	 f20:0x80000000 x18=0x80000000
     312955.000 ns	     31294	8000679c	00c903b3	add	x7,x18,x12	 x18:0x00000000 x12:0xfffffde1  x7=0x7ffffde1
     312995.000 ns	     31298	800067a0	01dd0c53	fadd.s	f24,f26,f29	 f26:0x80000000 f29:0x77c8048e f24=0x77c8048e
     313025.000 ns	     31301	800067a4	024a8bb3	mul	x23,x21,x4	 x21:0x00000000  x4:0x00000000 x23=0x00000000
     313045.000 ns	     31303	800067a8	017df033	and	x0,x27,x23	 x27:0x80041024 x23:0x80040fe4
     313055.000 ns	     31304	800067ac	390fc093	xori	x1,x31,912	 x31:0xfffffb6a  x1=0xfffff8fa
     313075.000 ns	     31306	800067b0	c008fad3	fcvt.w.s	x21,f17	 f17:0x00000000 x21=0x00000000
     313105.000 ns	     31309	800067b4	039d1cb3	mulh	x25,x26,x25	 x26:0x80040fe4 x25:0xe9147604 x25=0x0b7567e3
     313135.000 ns	     31312	800067b8	c00f91d3	fcvt.w.s	x3,f31	 f31:0x00000000  x3=0x00000000
     313155.000 ns	     31314	800067bc	01e70a33	add	x20,x14,x30	 x14:0x00000000 x30:0x7dd3c75c x20=0x7dd3c75c
     313515.000 ns	     31350	800067c0	03b76433	rem	x8,x14,x27	 x14:0x00000000 x27:0x80041024  x8=0x00000000
     313535.000 ns	     31352	800067c4	038d0b13	addi	x22,x26,56	 x26:0x80040fe4 x22=0x8004101c
     313555.000 ns	     31354	800067c8	e0071353	fclass.s	x6,f14	 f14:0x7fc00000  x6=0x00000200
     313605.000 ns	     31359	800067cc	086ec053	fsub.s	f0,f29,f6	 f29:0x77c8048e  f6:0x80040ff7  f0=0x77c8048e
     313635.000 ns	     31362	800067d0	296515d3	fmax.s	f11,f10,f22	 f10:0x40800000 f22:0x80000000 f11=0x40800000
     313655.000 ns	     31364	800067d4	00eb6433	or	x8,x22,x14	 x22:0x8004101c x14:0x00000000  x8=0x8004101c
     313695.000 ns	     31368	800067d8	0006f353	fadd.s	f6,f13,f0	 f13:0x77c8048e  f0:0x77c8048e  f6=0x7848048e
     313725.000 ns	     31371	800067dc	0200e533	rem	x10,x1,x0	  x1:0xfffff8fa  x0:0x00000000 x10=0xfffff8fa
     313755.000 ns	     31374	800067e0	e0019a53	fclass.s	x20,f3	  f3:0x40800000 x20=0x00000040
     313775.000 ns	     31376	800067e4	40f40cb3	sub	x25,x8,x15	  x8:0x8004101c x15:0x77c8048e x25=0x083c0b8e
     313785.000 ns	     31377	800067e8	000e8a33	add	x20,x29,x0	 x29:0x00000000  x0:0x00000000 x20=0x00000000
     313805.000 ns	     31379	800067ec	a02ca753	feq.s	x14,f25,f2	 f25:0x42800000  f2:0xce9f1d00 x14=0x00000000
     313825.000 ns	     31381	800067f0	41c2d813	srai	x16,x5,0x1c	  x5:0x00000001 x16=0x00000000
     313835.000 ns	     31382	800067f4	13143993	sltiu	x19,x8,305	  x8:0x8004101c x19=0x00000000
     313855.000 ns	     31384	800067f8	e0019ad3	fclass.s	x21,f3	  f3:0x40800000 x21=0x00000040
     313895.000 ns	     31388	800067fc	580b9653	fsqrt.s	f12,f23	 f23:0xce9f1d00 f12=0x7fc00000
     313945.000 ns	     31393	80006800	01e71e53	fadd.s	f28,f14,f30	 f14:0x7fc00000 f30:0x00000000 f28=0x7fc00000
     313965.000 ns	     31395	80006804	c9608a93	addi	x21,x1,-874	  x1:0xfffff8fa x21=0xfffff590
     313985.000 ns	     31397	80006808	a17516d3	flt.s	x13,f10,f23	 f10:0x40800000 f23:0xce9f1d00 x13=0x00000000
     314005.000 ns	     31399	8000680c	09223293	sltiu	x5,x4,146	  x4:0x00000000  x5=0x00000001
     314015.000 ns	     31400	80006810	01715fb3	srl	x31,x2,x23	  x2:0x00000001 x23:0x00000000 x31=0x00000001
     314035.000 ns	     31402	80006814	a14e16d3	flt.s	x13,f28,f20	 f28:0x7fc00000 f20:0x80000000 x13=0x00000000
     314065.000 ns	     31405	80006818	c01632d3	fcvt.wu.s	x5,f12	 f12:0x7fc00000  x5=0xffffffff
     314085.000 ns	     31407	8000681c	000bd1b3	srl	x3,x23,x0	 x23:0x00000000  x0:0x00000000  x3=0x00000000
     314095.000 ns	     31408	80006820	a3ba8413	addi	x8,x21,-1477	 x21:0xfffff590  x8=0xffffefcb
     314105.000 ns	     31409	80006824	0d678593	addi	x11,x15,214	 x15:0x77c8048e x11=0x77c80564
     314115.000 ns	     31410	80006828	01425513	srli	x10,x4,0x14	  x4:0x00000000 x10=0x00000000
     314125.000 ns	     31411	8000682c	ea390413	addi	x8,x18,-349	 x18:0x80000000  x8=0x7ffffea3
     314145.000 ns	     31413	80006830	a0590f53	fle.s	x30,f18,f5	 f18:0x4f691476  f5:0x00000000 x30=0x00000000
     314185.000 ns	     31417	80006834	5809f7d3	fsqrt.s	f15,f19	 f19:0x00000000 f15=0x00000000
     314215.000 ns	     31420	80006838	e0031253	fclass.s	x4,f6	  f6:0x7848048e  x4=0x00000040
     314235.000 ns	     31422	8000683c	003d9f33	sll	x30,x27,x3	 x27:0x80041024  x3:0x00000000 x30=0x80041024
     314245.000 ns	     31423	80006840	006fac33	slt	x24,x31,x6	 x31:0x00000001  x6:0x00000200 x24=0x00000001
     314265.000 ns	     31425	80006844	28669753	fmax.s	f14,f13,f6	 f13:0x77c8048e  f6:0x7848048e f14=0x7848048e
     314295.000 ns	     31428	80006848	d011f2d3	fcvt.s.wu	f5,x3	  x3:0x00000000  f5=0x00000000
     314315.000 ns	     31430	8000684c	01f2e3b3	or	x7,x5,x31	  x5:0xffffffff x31:0x00000001  x7=0xffffffff
     314325.000 ns	     31431	80006850	7c09a993	slti	x19,x19,1984	 x19:0x00000000 x19=0x00000001
     314335.000 ns	     31432	80006854	414c5e33	sra	x28,x24,x20	 x24:0x00000001 x20:0x00000000 x28=0x00000001
     314345.000 ns	     31433	80006858	01a473b3	and	x7,x8,x26	  x8:0x7ffffea3 x26:0x80040fe4  x7=0x00040ea0
     314365.000 ns	     31435	8000685c	a0242053	feq.s	x0,f8,f2	  f8:0x41800000  f2:0xce9f1d00
     314405.000 ns	     31439	80006860	11acf5d3	fmul.s	f11,f25,f26	 f25:0x42800000 f26:0x80000000 f11=0x80000000
     314425.000 ns	     31441	80006864	00e61cb3	sll	x25,x12,x14	 x12:0xfffffde1 x14:0x00000000 x25=0xfffffde1
     314435.000 ns	     31442	80006868	014f73b3	and	x7,x30,x20	 x30:0x80041024 x20:0x00000000  x7=0x00000000
     314445.000 ns	     31443	8000686c	e6bbff93	andi	x31,x23,-405	 x23:0x00000000 x31=0x00000000
     314465.000 ns	     31445	80006870	20361cd3	fsgnjn.s	f25,f12,f3	 f12:0x7fc00000  f3:0x40800000 f25=0xffc00000
     314835.000 ns	     31482	80006874	02696633	rem	x12,x18,x6	 x18:0x80000000  x6:0x00000200 x12=0x00000000
     314855.000 ns	     31484	80006878	01479733	sll	x14,x15,x20	 x15:0x77c8048e x20:0x00000000 x14=0x77c8048e
     314875.000 ns	     31486	8000687c	a0ee0753	fle.s	x14,f28,f14	 f28:0x7fc00000 f14:0x7848048e x14=0x00000000
     314905.000 ns	     31489	80006880	e0098e53	fmv.x.w	x28,f19	 f19:0x00000000 x28=0x00000000
     314925.000 ns	     31491	80006884	5db4b613	sltiu	x12,x9,1499	  x9:0x00000001 x12=0x00000001
     314935.000 ns	     31492	80006888	001d4333	xor	x6,x26,x1	 x26:0x80040fe4  x1:0xfffff8fa  x6=0x7ffbf71e
     314945.000 ns	     31493	8000688c	e220c693	xori	x13,x1,-478	  x1:0xfffff8fa x13=0x000006d8
     314955.000 ns	     31494	80006890	aff7ff13	andi	x30,x15,-1281	 x15:0x77c8048e x30=0x77c8008e
     314985.000 ns	     31497	80006894	105df7d3	fmul.s	f15,f27,f5	 f27:0x00000000  f5:0x00000000 f15=0x00000000
     315005.000 ns	     31499	80006898	01949f33	sll	x30,x9,x25	  x9:0x00000001 x25:0xfffffde1 x30=0x00000002
     315015.000 ns	     31500	8000689c	00b85b13	srli	x22,x16,0xb	 x16:0x00000000 x22=0x00000000
     315025.000 ns	     31501	800068a0	e7a2f513	andi	x10,x5,-390	  x5:0xffffffff x10=0xfffffe7a
     315045.000 ns	     31503	800068a4	28d09753	fmax.s	f14,f1,f13	  f1:0x3f800000 f13:0x77c8048e f14=0x77c8048e
     315075.000 ns	     31506	800068a8	029599b3	mulh	x19,x11,x9	 x11:0x77c80564  x9:0x00000001 x19=0x00000000
     315095.000 ns	     31508	800068ac	00d02a33	slt	x20,x0,x13	  x0:0x00000000 x13:0x000006d8 x20=0x00000001
     315115.000 ns	     31510	800068b0	c00d13d3	fcvt.w.s	x7,f26	 f26:0x80000000  x7=0x00000000
     315165.000 ns	     31515	800068b4	00dd8bd3	fadd.s	f23,f27,f13	 f27:0x00000000 f13:0x77c8048e f23=0x77c8048e
     315195.000 ns	     31518	800068b8	c00ff2d3	fcvt.w.s	x5,f31	 f31:0x00000000  x5=0x00000000
     315215.000 ns	     31520	800068bc	c7a77e13	andi	x28,x14,-902	 x14:0x00000000 x28=0x00000000
     315225.000 ns	     31521	800068c0	9eeb7393	andi	x7,x22,-1554	 x22:0x00000000  x7=0x00000000
     315235.000 ns	     31522	800068c4	014c4bb3	xor	x23,x24,x20	 x24:0x00000001 x20:0x00000001 x23=0x00000000
     315245.000 ns	     31523	800068c8	003d5913	srli	x18,x26,0x3	 x26:0x80040fe4 x18=0x100081fc
     315265.000 ns	     31525	800068cc	f0050ed3	fmv.w.x	f29,x10	 x10:0xfffffe7a f29=0xfffffe7a
     315295.000 ns	     31528	800068d0	209d9353	fsgnjn.s	f6,f27,f9	 f27:0x00000000  f9:0x00040ff7  f6=0x80000000
     315315.000 ns	     31530	800068d4	01b7a333	slt	x6,x15,x27	 x15:0x77c8048e x27:0x80041024  x6=0x00000000
     315325.000 ns	     31531	800068d8	00e35393	srli	x7,x6,0xe	  x6:0x7ffbf71e  x7=0x00000000
     315335.000 ns	     31532	800068dc	d1c77c93	andi	x25,x14,-740	 x14:0x00000000 x25=0x00000000
     315345.000 ns	     31533	800068e0	01411393	slli	x7,x2,0x14	  x2:0x00000001  x7=0x00100000
     315355.000 ns	     31534	800068e4	97c0c613	xori	x12,x1,-1668	  x1:0xfffff8fa x12=0x00000186
     315375.000 ns	     31536	800068e8	e0098353	fmv.x.w	x6,f19	 f19:0x00000000  x6=0x00000000
     315405.000 ns	     31539	800068ec	c00dbbd3	fcvt.w.s	x23,f27	 f27:0x00000000 x23=0x00000000
     315435.000 ns	     31542	800068f0	0376d633	divu	x12,x13,x23	 x13:0x000006d8 x23:0x00000000 x12=0xffffffff
     315465.000 ns	     31545	800068f4	c00e81d3	fcvt.w.s	x3,f29	 f29:0xfffffe7a  x3=0x7fffffff
     315485.000 ns	     31547	800068f8	010c7233	and	x4,x24,x16	 x24:0x00000001 x16:0x00000000  x4=0x00000000
     315495.000 ns	     31548	800068fc	98314f17	auipc	x30,0x98314	 x30=0x1831a8fc
     315515.000 ns	     31550	80006900	e00f0ed3	fmv.x.w	x29,f30	 f30:0x00000000 x29=0x00000000
     315545.000 ns	     31553	80006904	f00880d3	fmv.w.x	f1,x17	 x17:0x00000000  f1=0x00000000
     315585.000 ns	     31557	80006908	580af8d3	fsqrt.s	f17,f21	 f21:0x00000000 f17=0x00000000
     315615.000 ns	     31560	8000690c	e00299d3	fclass.s	x19,f5	  f5:0x00000000 x19=0x00000010
     315645.000 ns	     31563	80006910	c00d8b53	fcvt.w.s	x22,f27	 f27:0x00000000 x22=0x00000000
     315675.000 ns	     31566	80006914	026cb9b3	mulhu	x19,x25,x6	 x25:0x00000000  x6:0x00000000 x19=0x00000000
     315705.000 ns	     31569	80006918	03e1a4b3	mulhsu	x9,x3,x30	  x3:0x7fffffff x30:0x1831a8fc  x9=0x0c18d47d
     315725.000 ns	     31571	8000691c	00130bb3	add	x23,x6,x1	  x6:0x00000000  x1:0xfffff8fa x23=0xfffff8fa
     315745.000 ns	     31573	80006920	034f8833	mul	x16,x31,x20	 x31:0x00000000 x20:0x00000001 x16=0x00000000
     315775.000 ns	     31576	80006924	20740ad3	fsgnj.s	f21,f8,f7	  f8:0x41800000  f7:0xce9f1d00 f21=0xc1800000
     316145.000 ns	     31613	80006928	023bd4b3	divu	x9,x23,x3	 x23:0xfffff8fa  x3:0x7fffffff  x9=0x00000001
     316165.000 ns	     31615	8000692c	5d368513	addi	x10,x13,1491	 x13:0x000006d8 x10=0x00000cab
     316175.000 ns	     31616	80006930	00fa68b3	or	x17,x20,x15	 x20:0x00000001 x15:0x77c8048e x17=0x77c8048f
     316195.000 ns	     31618	80006934	212c2f53	fsgnjx.s	f30,f24,f18	 f24:0x77c8048e f18:0x4f691476 f30=0x77c8048e
     316235.000 ns	     31622	80006938	181eff53	fdiv.s	f30,f29,f1	 f29:0xfffffe7a  f1:0x00000000 f30=0x7fc00000
     316255.000 ns	     31624	8000693c	40455233	sra	x4,x10,x4	 x10:0x00000cab  x4:0x00000000  x4=0x00000cab
     316265.000 ns	     31625	80006940	40c8d693	srai	x13,x17,0xc	 x17:0x77c8048f x13=0x00077c80
     316625.000 ns	     31661	80006944	02b8df33	divu	x30,x17,x11	 x17:0x77c8048f x11:0x77c80564 x30=0x00000000
     316645.000 ns	     31663	80006948	40ab58b3	sra	x17,x22,x10	 x22:0x00000000 x10:0x00000cab x17=0x00000000
     316665.000 ns	     31665	8000694c	03ecfb33	remu	x22,x25,x30	 x25:0x00000000 x30:0x00000000 x22=0x00000000
     316685.000 ns	     31667	80006950	01671613	slli	x12,x14,0x16	 x14:0x00000000 x12=0x00000000
     316705.000 ns	     31669	80006954	c0139a53	fcvt.wu.s	x20,f7	  f7:0xce9f1d00 x20=0x4f8e8000
     316725.000 ns	     31671	80006958	01c69b33	sll	x22,x13,x28	 x13:0x00077c80 x28:0x00000000 x22=0x00077c80
     316735.000 ns	     31672	8000695c	40205e93	srai	x29,x0,0x2	  x0:0x00000000 x29=0x00000000
     316745.000 ns	     31673	80006960	411ddf13	srai	x30,x27,0x11	 x27:0x80041024 x30=0xffffc002
     317105.000 ns	     31709	80006964	0387efb3	rem	x31,x15,x24	 x15:0x77c8048e x24:0x00000001 x31=0x00000000
     317125.000 ns	     31711	80006968	411b8e33	sub	x28,x23,x17	 x23:0xfffff8fa x17:0x00000000 x28=0xfffff8fa
     317145.000 ns	     31713	8000696c	0318ceb3	div	x29,x17,x17	 x17:0x00000000 x17:0x00000000 x29=0xffffffff
     317175.000 ns	     31716	80006970	03b63333	mulhu	x6,x12,x27	 x12:0x00000000 x27:0x80041024  x6=0x00000000
     317195.000 ns	     31718	80006974	10ea85b7	lui	x11,0x10ea8	 x11=0x10ea8000
     317215.000 ns	     31720	80006978	a00c88d3	fle.s	x17,f25,f0	 f25:0xffc00000  f0:0x77c8048e x17=0x00000000
     317235.000 ns	     31722	8000697c	e8a57717	auipc	x14,0xe8a57	 x14=0x68a5d97c
     317245.000 ns	     31723	80006980	2a36b093	sltiu	x1,x13,675	 x13:0x00077c80  x1=0x00000000
     317255.000 ns	     31724	80006984	40295433	sra	x8,x18,x2	 x18:0x100081fc  x2:0x00000001  x8=0x080040fe
     317275.000 ns	     31726	80006988	a05d1a53	flt.s	x20,f26,f5	 f26:0x80000000  f5:0x00000000 x20=0x00000000
     317305.000 ns	     31729	8000698c	d00d7e53	fcvt.s.w	f28,x26	 x26:0x80040fe4 f28=0xcefff7e0
     317335.000 ns	     31732	80006990	c003cc53	fcvt.w.s	x24,f7	  f7:0xce9f1d00 x24=0xb0718000
     317705.000 ns	     31769	80006994	02d168b3	rem	x17,x2,x13	  x2:0x00000001 x13:0x00077c80 x17=0x00000001
     318075.000 ns	     31806	80006998	03e06333	rem	x6,x0,x30	  x0:0x00000000 x30:0xffffc002  x6=0x00000000
     318095.000 ns	     31808	8000699c	dabab893	sltiu	x17,x21,-597	 x21:0xfffff590 x17=0x00000001
     318115.000 ns	     31810	800069a0	c00d1f53	fcvt.w.s	x30,f26	 f26:0x80000000 x30=0x00000000
     318135.000 ns	     31812	800069a4	ce360613	addi	x12,x12,-797	 x12:0x00000000 x12=0xfffffce3
     318145.000 ns	     31813	800069a8	00154ab3	xor	x21,x10,x1	 x10:0x00000cab  x1:0x00000000 x21=0x00000cab
     318505.000 ns	     31849	800069ac	02dfec33	rem	x24,x31,x13	 x31:0x00000000 x13:0x00077c80 x24=0x00000000
     318535.000 ns	     31852	800069b0	0212ffb3	remu	x31,x5,x1	  x5:0x00000000  x1:0x00000000 x31=0x00000000
     318565.000 ns	     31855	800069b4	03c3b733	mulhu	x14,x7,x28	  x7:0x00100000 x28:0xfffff8fa x14=0x000fffff
     318585.000 ns	     31857	800069b8	006f9493	slli	x9,x31,0x6	 x31:0x00000000  x9=0x00000000
     318595.000 ns	     31858	800069bc	0072e533	or	x10,x5,x7	  x5:0x00000000  x7:0x00100000 x10=0x00100000
     318615.000 ns	     31860	800069c0	f00e07d3	fmv.w.x	f15,x28	 x28:0xfffff8fa f15=0xfffff8fa
     318635.000 ns	     31862	800069c4	01bd9293	slli	x5,x27,0x1b	 x27:0x80041024  x5=0x20000000
     318645.000 ns	     31863	800069c8	006c0cb3	add	x25,x24,x6	 x24:0x00000000  x6:0x00000000 x25=0x00000000
     318655.000 ns	     31864	800069cc	60486913	ori	x18,x16,1540	 x16:0x00000000 x18=0x00000604
     318665.000 ns	     31865	800069d0	01d79513	slli	x10,x15,0x1d	 x15:0x77c8048e x10=0xc0000000
     318685.000 ns	     31867	800069d4	03a389b3	mul	x19,x7,x26	  x7:0x00100000 x26:0x80040fe4 x19=0xfe400000
     318705.000 ns	     31869	800069d8	405d8333	sub	x6,x27,x5	 x27:0x80041024  x5:0x20000000  x6=0x60041024
     318725.000 ns	     31871	800069dc	e0088753	fmv.x.w	x14,f17	 f17:0x00000000 x14=0x00000000
     318745.000 ns	     31873	800069e0	018bd037	lui	x0,0x18bd	
     318755.000 ns	     31874	800069e4	01fa5cb3	srl	x25,x20,x31	 x20:0x00000000 x31:0x00000000 x25=0x00000000
     318765.000 ns	     31875	800069e8	5f510c37	lui	x24,0x5f510	 x24=0x5f510000
     318785.000 ns	     31877	800069ec	e0091253	fclass.s	x4,f18	 f18:0x4f691476  x4=0x00000040
     318805.000 ns	     31879	800069f0	00865eb3	srl	x29,x12,x8	 x12:0xfffffce3  x8:0x080040fe x29=0x00000003
     318825.000 ns	     31881	800069f4	03c0a333	mulhsu	x6,x1,x28	  x1:0x00000000 x28:0xfffff8fa  x6=0x00000000
     318855.000 ns	     31884	800069f8	215389d3	fsgnj.s	f19,f7,f21	  f7:0xce9f1d00 f21:0xc1800000 f19=0xce9f1d00
     318875.000 ns	     31886	800069fc	afc17193	andi	x3,x2,-1284	  x2:0x00000001  x3=0x00000000
     318895.000 ns	     31888	80006a00	a0672f53	feq.s	x30,f14,f6	 f14:0x77c8048e  f6:0x80000000 x30=0x00000000
     318915.000 ns	     31890	80006a04	015023b3	slt	x7,x0,x21	  x0:0x00000000 x21:0x00000cab  x7=0x00000001
     318935.000 ns	     31892	80006a08	c0128153	fcvt.wu.s	x2,f5	  f5:0x00000000  x2=0x00000000
     318955.000 ns	     31894	80006a0c	e8b30b13	addi	x22,x6,-373	  x6:0x00000000 x22=0xfffffe8b
     318975.000 ns	     31896	80006a10	a01303d3	fle.s	x7,f6,f1	  f6:0x80000000  f1:0x00000000  x7=0x00000001
     318995.000 ns	     31898	80006a14	01cec0b3	xor	x1,x29,x28	 x29:0x00000003 x28:0xfffff8fa  x1=0xfffff8f9
     319005.000 ns	     31899	80006a18	01be7033	and	x0,x28,x27	 x28:0xfffff8fa x27:0x80041024
     319025.000 ns	     31901	80006a1c	02659b33	mulh	x22,x11,x6	 x11:0x10ea8000  x6:0x00000000 x22=0x00000000
     319045.000 ns	     31903	80006a20	23066393	ori	x7,x12,560	 x12:0xfffffce3  x7=0xfffffef3
     319055.000 ns	     31904	80006a24	01bfc333	xor	x6,x31,x27	 x31:0x00000000 x27:0x80041024  x6=0x80041024
     319085.000 ns	     31907	80006a28	1816fad3	fdiv.s	f21,f13,f1	 f13:0x77c8048e  f1:0x00000000 f21=0x7f800000
     319105.000 ns	     31909	80006a2c	114dbe13	sltiu	x28,x27,276	 x27:0x80041024 x28=0x00000000
     319125.000 ns	     31911	80006a30	0397df33	divu	x30,x15,x25	 x15:0x77c8048e x25:0x00000000 x30=0xffffffff
     319155.000 ns	     31914	80006a34	0255b6b3	mulhu	x13,x11,x5	 x11:0x10ea8000  x5:0x20000000 x13=0x021d5000
     319185.000 ns	     31917	80006a38	21e003d3	fsgnj.s	f7,f0,f30	  f0:0x77c8048e f30:0x7fc00000  f7=0x77c8048e
     319215.000 ns	     31920	80006a3c	a14208d3	fle.s	x17,f4,f20	  f4:0x4f691476 f20:0x80000000 x17=0x00000000
     319585.000 ns	     31957	80006a40	02bbfeb3	remu	x29,x23,x11	 x23:0xfffff8fa x11:0x10ea8000 x29=0x024278fa
     319615.000 ns	     31960	80006a44	a16a9b53	flt.s	x22,f21,f22	 f21:0x7f800000 f22:0x80000000 x22=0x00000000
     319655.000 ns	     31964	80006a48	1092fa53	fmul.s	f20,f5,f9	  f5:0x00000000  f9:0x00040ff7 f20=0x00000000
     319685.000 ns	     31967	80006a4c	218d10d3	fsgnjn.s	f1,f26,f24	 f26:0x80000000 f24:0x77c8048e  f1=0x80000000
     319705.000 ns	     31969	80006a50	00842c33	slt	x24,x8,x8	  x8:0x080040fe  x8:0x080040fe x24=0x00000000
     319725.000 ns	     31971	80006a54	f0020ad3	fmv.w.x	f21,x4	  x4:0x00000040 f21=0x00000040
     319755.000 ns	     31974	80006a58	e0040ad3	fmv.x.w	x21,f8	  f8:0x41800000 x21=0x41800000
     319775.000 ns	     31976	80006a5c	41f6d3b3	sra	x7,x13,x31	 x13:0x021d5000 x31:0x00000000  x7=0x021d5000
     319795.000 ns	     31978	80006a60	21e11c53	fsgnjn.s	f24,f2,f30	  f2:0xce9f1d00 f30:0x7fc00000 f24=0xce9f1d00
     319815.000 ns	     31980	80006a64	413351b3	sra	x3,x6,x19	  x6:0x80041024 x19:0xfe400000  x3=0x80041024
     319835.000 ns	     31982	80006a68	e0001353	fclass.s	x6,f0	  f0:0x77c8048e  x6=0x00000040
     319855.000 ns	     31984	80006a6c	00f566b3	or	x13,x10,x15	 x10:0xc0000000 x15:0x77c8048e x13=0xf7c8048e
     319875.000 ns	     31986	80006a70	c019fcd3	fcvt.wu.s	x25,f19	 f19:0xce9f1d00 x25=0x4f8e8000
     319895.000 ns	     31988	80006a74	01c533b3	sltu	x7,x10,x28	 x10:0xc0000000 x28:0x00000000  x7=0x00000000
     319905.000 ns	     31989	80006a78	00a1b8b3	sltu	x17,x3,x10	  x3:0x80041024 x10:0xc0000000 x17=0x00000001
     319925.000 ns	     31991	80006a7c	219f96d3	fsgnjn.s	f13,f31,f25	 f31:0x00000000 f25:0xffc00000 f13=0x00000000
     319955.000 ns	     31994	80006a80	29508253	fmin.s	f4,f1,f21	  f1:0x80000000 f21:0x00000040  f4=0x80000000
     319975.000 ns	     31996	80006a84	4006d1b3	sra	x3,x13,x0	 x13:0xf7c8048e  x0:0x00000000  x3=0xf7c8048e
     319985.000 ns	     31997	80006a88	4ba27017	auipc	x0,0x4ba27	
     320005.000 ns	     31999	80006a8c	f0090dd3	fmv.w.x	f27,x18	 x18:0x00000604 f27=0x00000604
     320375.000 ns	     32036	80006a90	039af0b3	remu	x1,x21,x25	 x21:0x41800000 x25:0x4f8e8000  x1=0x41800000
     320395.000 ns	     32038	80006a94	014d6f33	or	x30,x26,x20	 x26:0x80040fe4 x20:0x00000000 x30=0x80040fe4
     320415.000 ns	     32040	80006a98	2180afd3	fsgnjx.s	f31,f1,f24	  f1:0x80000000 f24:0xce9f1d00 f31=0x00000000
     320435.000 ns	     32042	80006a9c	403b0ab3	sub	x21,x22,x3	 x22:0x00000000  x3:0xf7c8048e x21=0x0837fb72
     320445.000 ns	     32043	80006aa0	00d8a233	slt	x4,x17,x13	 x17:0x00000001 x13:0xf7c8048e  x4=0x00000000
     320455.000 ns	     32044	80006aa4	00007c33	and	x24,x0,x0	  x0:0x00000000  x0:0x00000000 x24=0x00000000
     320485.000 ns	     32047	80006aa8	18e2ac53	fdiv.s	f24,f5,f14	  f5:0x00000000 f14:0x77c8048e f24=0x00000000
     320505.000 ns	     32049	80006aac	01909ab3	sll	x21,x1,x25	  x1:0x41800000 x25:0x4f8e8000 x21=0x41800000
     320525.000 ns	     32051	80006ab0	a00194d3	flt.s	x9,f3,f0	  f3:0x40800000  f0:0x77c8048e  x9=0x00000001
     320545.000 ns	     32053	80006ab4	ea41ec93	ori	x25,x3,-348	  x3:0xf7c8048e x25=0xfffffeae
     320565.000 ns	     32055	80006ab8	a1b90553	fle.s	x10,f18,f27	 f18:0x4f691476 f27:0x00000604 x10=0x00000000
     320585.000 ns	     32057	80006abc	3c9f8393	addi	x7,x31,969	 x31:0x00000000  x7=0x000003c9
     320595.000 ns	     32058	80006ac0	40f48033	sub	x0,x9,x15	  x9:0x00000001 x15:0x77c8048e
     320605.000 ns	     32059	80006ac4	47e32993	slti	x19,x6,1150	  x6:0x00000040 x19=0x00000001
     320625.000 ns	     32061	80006ac8	e00590d3	fclass.s	x1,f11	 f11:0x80000000  x1=0x00000008
     320655.000 ns	     32064	80006acc	03a80233	mul	x4,x16,x26	 x16:0x00000000 x26:0x80040fe4  x4=0x00000000
     320685.000 ns	     32067	80006ad0	e0060453	fmv.x.w	x8,f12	 f12:0x7fc00000  x8=0x7fc00000
     320705.000 ns	     32069	80006ad4	f5cc7b13	andi	x22,x24,-164	 x24:0x00000000 x22=0x00000000
     320725.000 ns	     32071	80006ad8	211903d3	fsgnj.s	f7,f18,f17	 f18:0x4f691476 f17:0x00000000  f7=0x4f691476
     321095.000 ns	     32108	80006adc	02da7233	remu	x4,x20,x13	 x20:0x00000000 x13:0xf7c8048e  x4=0x00000000
     321125.000 ns	     32111	80006ae0	d00df2d3	fcvt.s.w	f5,x27	 x27:0x80041024  f5=0xcefff7df
     321145.000 ns	     32113	80006ae4	74714c93	xori	x25,x2,1863	  x2:0x00000000 x25=0x00000747
     321165.000 ns	     32115	80006ae8	c01cf153	fcvt.wu.s	x2,f25	 f25:0xffc00000  x2=0xffffffff
     321195.000 ns	     32118	80006aec	d00d00d3	fcvt.s.w	f1,x26	 x26:0x80040fe4  f1=0xcefff7e0
     321215.000 ns	     32120	80006af0	7bd8fc93	andi	x25,x17,1981	 x17:0x00000001 x25=0x00000001
     321575.000 ns	     32156	80006af4	02dc61b3	rem	x3,x24,x13	 x24:0x00000000 x13:0xf7c8048e  x3=0x00000000
     321605.000 ns	     32159	80006af8	20781f53	fsgnjn.s	f30,f16,f7	 f16:0x80040ff7  f7:0x4f691476 f30=0x80040ff7
     321975.000 ns	     32196	80006afc	03ecc3b3	div	x7,x25,x30	 x25:0x00000001 x30:0x80040fe4  x7=0x00000000
     322005.000 ns	     32199	80006b00	023df1b3	remu	x3,x27,x3	 x27:0x80041024  x3:0x00000000  x3=0x80041024
     322025.000 ns	     32201	80006b04	00b55233	srl	x4,x10,x11	 x10:0x00000000 x11:0x10ea8000  x4=0x00000000
     322045.000 ns	     32203	80006b08	d0121853	fcvt.s.wu	f16,x4	  x4:0x00000000 f16=0x00000000
     322075.000 ns	     32206	80006b0c	20fe1a53	fsgnjn.s	f20,f28,f15	 f28:0xcefff7e0 f15:0xfffff8fa f20=0x4efff7e0
     322105.000 ns	     32209	80006b10	a1f3a953	feq.s	x18,f7,f31	  f7:0x4f691476 f31:0x00000000 x18=0x00000000
     322475.000 ns	     32246	80006b14	02d96533	rem	x10,x18,x13	 x18:0x00000604 x13:0xf7c8048e x10=0x00000000
     322525.000 ns	     32251	80006b18	002cf1d3	fadd.s	f3,f25,f2	 f25:0xffc00000  f2:0xce9f1d00  f3=0x7fc00000
     322545.000 ns	     32253	80006b1c	01dc79b3	and	x19,x24,x29	 x24:0x00000000 x29:0x024278fa x19=0x00000000
     322555.000 ns	     32254	80006b20	b6460a13	addi	x20,x12,-1180	 x12:0xfffffce3 x20=0xfffff847
     322565.000 ns	     32255	80006b24	af944093	xori	x1,x8,-1287	  x8:0x7fc00000  x1=0x803ffaf9
     322575.000 ns	     32256	80006b28	01709233	sll	x4,x1,x23	  x1:0x00000008 x23:0xfffff8fa  x4=0xe4000000
     322585.000 ns	     32257	80006b2c	07abec13	ori	x24,x23,122	 x23:0xfffff8fa x24=0xfffff8fa
     322595.000 ns	     32258	80006b30	80206c93	ori	x25,x0,-2046	  x0:0x00000000 x25=0xfffff802
     322625.000 ns	     32261	80006b34	11ad7653	fmul.s	f12,f26,f26	 f26:0x80000000 f26:0x80000000 f12=0x00000000
     322645.000 ns	     32263	80006b38	64caa893	slti	x17,x21,1612	 x21:0x41800000 x17=0x00000000
     323005.000 ns	     32299	80006b3c	03db63b3	rem	x7,x22,x29	 x22:0x00000000 x29:0x024278fa  x7=0x00000000
     323025.000 ns	     32301	80006b40	007790b3	sll	x1,x15,x7	 x15:0x77c8048e  x7:0x00000000  x1=0x77c8048e
     323035.000 ns	     32302	80006b44	10053213	sltiu	x4,x10,256	 x10:0x00000000  x4=0x00000001
     323045.000 ns	     32303	80006b48	b0706f13	ori	x30,x0,-1273	  x0:0x00000000 x30=0xfffffb07
     323085.000 ns	     32307	80006b4c	001cfc53	fadd.s	f24,f25,f1	 f25:0xffc00000  f1:0xcefff7e0 f24=0x7fc00000
     323105.000 ns	     32309	80006b50	01eee4b3	or	x9,x29,x30	 x29:0x024278fa x30:0x80040fe4  x9=0xfffffbff
     323125.000 ns	     32311	80006b54	f00187d3	fmv.w.x	f15,x3	  x3:0x80041024 f15=0x80041024
     323145.000 ns	     32313	80006b58	0155c4b3	xor	x9,x11,x21	 x11:0x10ea8000 x21:0x41800000  x9=0x516a8000
     323155.000 ns	     32314	80006b5c	00000013	addi	x0,x0,0	  x0:0x00000000
     323175.000 ns	     32316	80006b60	e00108d3	fmv.x.w	x17,f2	  f2:0xce9f1d00 x17=0xce9f1d00
     323195.000 ns	     32318	80006b64	fd4c6393	ori	x7,x24,-44	 x24:0xfffff8fa  x7=0xfffffffe
     323215.000 ns	     32320	80006b68	a0ad1e53	flt.s	x28,f26,f10	 f26:0x80000000 f10:0x40800000 x28=0x00000001
     323235.000 ns	     32322	80006b6c	c631c213	xori	x4,x3,-925	  x3:0x80041024  x4=0x7ffbec47
     323255.000 ns	     32324	80006b70	a0fc14d3	flt.s	x9,f24,f15	 f24:0x7fc00000 f15:0x80041024  x9=0x00000000
     323285.000 ns	     32327	80006b74	f00985d3	fmv.w.x	f11,x19	 x19:0x00000000 f11=0x00000000
     323315.000 ns	     32330	80006b78	e0028fd3	fmv.x.w	x31,f5	  f5:0xcefff7df x31=0xcefff7df
     323345.000 ns	     32333	80006b7c	e00c83d3	fmv.x.w	x7,f25	 f25:0xffc00000  x7=0xffc00000
     323365.000 ns	     32335	80006b80	01723f33	sltu	x30,x4,x23	  x4:0x7ffbec47 x23:0xfffff8fa x30=0x00000001
     323385.000 ns	     32337	80006b84	d0137cd3	fcvt.s.wu	f25,x6	  x6:0x00000040 f25=0x42800000
     323415.000 ns	     32340	80006b88	a12c80d3	fle.s	x1,f25,f18	 f25:0xffc00000 f18:0x4f691476  x1=0x00000001
     323445.000 ns	     32343	80006b8c	021ab333	mulhu	x6,x21,x1	 x21:0x41800000  x1:0x77c8048e  x6=0x00000000
     323475.000 ns	     32346	80006b90	03c09233	mulh	x4,x1,x28	  x1:0x00000001 x28:0x00000001  x4=0x00000000
     323505.000 ns	     32349	80006b94	c01939d3	fcvt.wu.s	x19,f18	 f18:0x4f691476 x19=0xe9147600
     323535.000 ns	     32352	80006b98	039630b3	mulhu	x1,x12,x25	 x12:0xfffffce3 x25:0xfffff802  x1=0xfffff4e5
     323565.000 ns	     32355	80006b9c	035c18b3	mulh	x17,x24,x21	 x24:0xfffff8fa x21:0x41800000 x17=0xfffffe33
     323595.000 ns	     32358	80006ba0	a1acaed3	feq.s	x29,f25,f26	 f25:0x42800000 f26:0x80000000 x29=0x00000000
     323625.000 ns	     32361	80006ba4	02388eb3	mul	x29,x17,x3	 x17:0xfffffe33  x3:0x80041024 x29=0x78aeef2c
     323655.000 ns	     32364	80006ba8	206dae53	fsgnjx.s	f28,f27,f6	 f27:0x00000604  f6:0x80000000 f28=0x80000604
     323675.000 ns	     32366	80006bac	41a203b3	sub	x7,x4,x26	  x4:0x00000000 x26:0x80040fe4  x7=0x7ffbf01c
     323685.000 ns	     32367	80006bb0	006efe33	and	x28,x29,x6	 x29:0x78aeef2c  x6:0x00000000 x28=0x00000000
     323705.000 ns	     32369	80006bb4	022211b3	mulh	x3,x4,x2	  x4:0x00000000  x2:0xffffffff  x3=0x00000000
     323735.000 ns	     32372	80006bb8	e00c0653	fmv.x.w	x12,f24	 f24:0x7fc00000 x12=0x7fc00000
     323765.000 ns	     32375	80006bbc	20999f53	fsgnjn.s	f30,f19,f9	 f19:0xce9f1d00  f9:0x00040ff7 f30=0xce9f1d00
     323795.000 ns	     32378	80006bc0	02090a33	mul	x20,x18,x0	 x18:0x00000000  x0:0x00000000 x20=0x00000000
     323825.000 ns	     32381	80006bc4	f00909d3	fmv.w.x	f19,x18	 x18:0x00000000 f19=0x00000000
     323875.000 ns	     32386	80006bc8	01a68b53	fadd.s	f22,f13,f26	 f13:0x00000000 f26:0x80000000 f22=0x80000000
     323895.000 ns	     32388	80006bcc	b356cf13	xori	x30,x13,-1227	 x13:0xf7c8048e x30=0x0837ffbb
     323915.000 ns	     32390	80006bd0	c01421d3	fcvt.wu.s	x3,f8	  f8:0x41800000  x3=0x00000010
     323935.000 ns	     32392	80006bd4	01408433	add	x8,x1,x20	  x1:0xfffff4e5 x20:0x00000000  x8=0xfffff4e5
     323945.000 ns	     32393	80006bd8	9c802413	slti	x8,x0,-1592	  x0:0x00000000  x8=0x00000000
     323965.000 ns	     32395	80006bdc	d0137353	fcvt.s.wu	f6,x6	  x6:0x00000000  f6=0x00000000
     323985.000 ns	     32397	80006be0	3b120117	auipc	x2,0x3b120	  x2=0xbb126be0
     324005.000 ns	     32399	80006be4	e00799d3	fclass.s	x19,f15	 f15:0x80041024 x19=0x00000004
     324035.000 ns	     32402	80006be8	f0070753	fmv.w.x	f14,x14	 x14:0x00000000 f14=0x00000000
     324065.000 ns	     32405	80006bec	f00e8053	fmv.w.x	f0,x29	 x29:0x78aeef2c  f0=0x78aeef2c
     324085.000 ns	     32407	80006bf0	41805f33	sra	x30,x0,x24	  x0:0x00000000 x24:0xfffff8fa x30=0x00000000
     324095.000 ns	     32408	80006bf4	411d5713	srai	x14,x26,0x11	 x26:0x80040fe4 x14=0xffffc002
     324115.000 ns	     32410	80006bf8	0346a133	mulhsu	x2,x13,x20	 x13:0xf7c8048e x20:0x00000000  x2=0x00000000
     324155.000 ns	     32414	80006bfc	1062b553	fmul.s	f10,f5,f6	  f5:0xcefff7df  f6:0x00000000 f10=0x80000000
     324175.000 ns	     32416	80006c00	07d73c93	sltiu	x25,x14,125	 x14:0xffffc002 x25=0x00000000
     324185.000 ns	     32417	80006c04	0111e4b3	or	x9,x3,x17	  x3:0x00000010 x17:0xfffffe33  x9=0xfffffe33
     324195.000 ns	     32418	80006c08	a2940c93	addi	x25,x8,-1495	  x8:0x00000000 x25=0xfffffa29
     324205.000 ns	     32419	80006c0c	016feeb3	or	x29,x31,x22	 x31:0xcefff7df x22:0x00000000 x29=0xcefff7df
     324225.000 ns	     32421	80006c10	a1178153	fle.s	x2,f15,f17	 f15:0x80041024 f17:0x00000000  x2=0x00000001
     324245.000 ns	     32423	80006c14	c06d3393	sltiu	x7,x26,-1018	 x26:0x80040fe4  x7=0x00000001
     324265.000 ns	     32425	80006c18	a1409bd3	flt.s	x23,f1,f20	  f1:0xcefff7e0 f20:0x4efff7e0 x23=0x00000001
     324285.000 ns	     32427	80006c1c	01817fb3	and	x31,x2,x24	  x2:0x00000001 x24:0xfffff8fa x31=0x00000000
     324295.000 ns	     32428	80006c20	986a2593	slti	x11,x20,-1658	 x20:0x00000000 x11=0x00000000
     324315.000 ns	     32430	80006c24	03fcb733	mulhu	x14,x25,x31	 x25:0xfffffa29 x31:0xcefff7df x14=0x00000000
     324335.000 ns	     32432	80006c28	01bf02b3	add	x5,x30,x27	 x30:0x00000000 x27:0x80041024  x5=0x80041024
     324345.000 ns	     32433	80006c2c	011432b3	sltu	x5,x8,x17	  x8:0x00000000 x17:0xfffffe33  x5=0x00000001
     324365.000 ns	     32435	80006c30	21428cd3	fsgnj.s	f25,f5,f20	  f5:0xcefff7df f20:0x4efff7e0 f25=0x4efff7df
     324395.000 ns	     32438	80006c34	201822d3	fsgnjx.s	f5,f16,f1	 f16:0x00000000  f1:0xcefff7e0  f5=0x80000000
     324425.000 ns	     32441	80006c38	a1700cd3	fle.s	x25,f0,f23	  f0:0x78aeef2c f23:0x77c8048e x25=0x00000000
     324445.000 ns	     32443	80006c3c	01829e93	slli	x29,x5,0x18	  x5:0x00000001 x29=0x01000000
     324455.000 ns	     32444	80006c40	70343413	sltiu	x8,x8,1795	  x8:0x00000000  x8=0x00000001
     324465.000 ns	     32445	80006c44	00ed0033	add	x0,x26,x14	 x26:0x80040fe4 x14:0x00000000
     324485.000 ns	     32447	80006c48	c0088f53	fcvt.w.s	x30,f17	 f17:0x00000000 x30=0x00000000
     324515.000 ns	     32450	80006c4c	f00707d3	fmv.w.x	f15,x14	 x14:0x00000000 f15=0x00000000
     324535.000 ns	     32452	80006c50	411dd6b3	sra	x13,x27,x17	 x27:0x80041024 x17:0xfffffe33 x13=0xfffff000
     324555.000 ns	     32454	80006c54	e00d0bd3	fmv.x.w	x23,f26	 f26:0x80000000 x23=0x80000000
     324575.000 ns	     32456	80006c58	6e06ff93	andi	x31,x13,1760	 x13:0xf7c8048e x31=0x00000000
     324595.000 ns	     32458	80006c5c	035f31b3	mulhu	x3,x30,x21	 x30:0x00000000 x21:0x41800000  x3=0x00000000
     324625.000 ns	     32461	80006c60	28e89653	fmax.s	f12,f17,f14	 f17:0x00000000 f14:0x00000000 f12=0x00000000
     324645.000 ns	     32463	80006c64	0098db93	srli	x23,x17,0x9	 x17:0xfffffe33 x23=0x007fffff
     324665.000 ns	     32465	80006c68	203caa53	fsgnjx.s	f20,f25,f3	 f25:0x4efff7df  f3:0x7fc00000 f20=0x4efff7df
     324685.000 ns	     32467	80006c6c	00000013	addi	x0,x0,0	  x0:0x00000000
     324705.000 ns	     32469	80006c70	02a262b3	rem	x5,x4,x10	  x4:0x00000000 x10:0x00000000  x5=0x00000000
     324725.000 ns	     32471	80006c74	01e29213	slli	x4,x5,0x1e	  x5:0x00000001  x4=0x00000000
     324735.000 ns	     32472	80006c78	00f9e833	or	x16,x19,x15	 x19:0x00000004 x15:0x77c8048e x16=0x77c8048e
     324755.000 ns	     32474	80006c7c	036cb633	mulhu	x12,x25,x22	 x25:0x00000000 x22:0x00000000 x12=0x00000000
     324775.000 ns	     32476	80006c80	01c93033	sltu	x0,x18,x28	 x18:0x00000000 x28:0x00000000
     324785.000 ns	     32477	80006c84	00844533	xor	x10,x8,x8	  x8:0x00000001  x8:0x00000001 x10=0x00000000
     324805.000 ns	     32479	80006c88	a096aad3	feq.s	x21,f13,f9	 f13:0x00000000  f9:0x00040ff7 x21=0x00000000
     324835.000 ns	     32482	80006c8c	d00374d3	fcvt.s.w	f9,x6	  x6:0x00000000  f9=0x00000000
     324865.000 ns	     32485	80006c90	a17a8bd3	fle.s	x23,f21,f23	 f21:0x00000040 f23:0x77c8048e x23=0x00000001
     324885.000 ns	     32487	80006c94	010591b3	sll	x3,x11,x16	 x11:0x00000000 x16:0x77c8048e  x3=0x00000000
     324905.000 ns	     32489	80006c98	d01ff3d3	fcvt.s.wu	f7,x31	 x31:0x00000000  f7=0x00000000
     325275.000 ns	     32526	80006c9c	031e7833	remu	x16,x28,x17	 x28:0x00000000 x17:0xfffffe33 x16=0x00000000
     325305.000 ns	     32529	80006ca0	e00f1553	fclass.s	x10,f30	 f30:0xce9f1d00 x10=0x00000002
     325335.000 ns	     32532	80006ca4	024b8e33	mul	x28,x23,x4	 x23:0x00000001  x4:0x00000000 x28=0x00000000
     325365.000 ns	     32535	80006ca8	e0008053	fmv.x.w	x0,f1	  f1:0xcefff7e0
     325385.000 ns	     32537	80006cac	00000013	addi	x0,x0,0	  x0:0x00000000
     325395.000 ns	     32538	80006cb0	013e7e33	and	x28,x28,x19	 x28:0x00000000 x19:0x00000004 x28=0x00000000
     325405.000 ns	     32539	80006cb4	aa728c13	addi	x24,x5,-1369	  x5:0x00000000 x24=0xfffffaa7
     325425.000 ns	     32541	80006cb8	03810733	mul	x14,x2,x24	  x2:0x00000001 x24:0xfffff8fa x14=0xfffffaa7
     325445.000 ns	     32543	80006cbc	68813993	sltiu	x19,x2,1672	  x2:0x00000001 x19=0x00000001
     325455.000 ns	     32544	80006cc0	925b2393	slti	x7,x22,-1755	 x22:0x00000000  x7=0x00000000
     325485.000 ns	     32547	80006cc4	19f7a053	fdiv.s	f0,f15,f31	 f15:0x00000000 f31:0x00000000  f0=0x7fc00000
     325505.000 ns	     32549	80006cc8	00cada93	srli	x21,x21,0xc	 x21:0x00000000 x21=0x00000000
     325515.000 ns	     32550	80006ccc	a3c42b93	slti	x23,x8,-1476	  x8:0x00000001 x23=0x00000000
     325535.000 ns	     32552	80006cd0	02b77fb3	remu	x31,x14,x11	 x14:0xfffffaa7 x11:0x00000000 x31=0xfffffaa7
     325555.000 ns	     32554	80006cd4	006d83b3	add	x7,x27,x6	 x27:0x80041024  x6:0x00000000  x7=0x80041024
     325575.000 ns	     32556	80006cd8	e0081ad3	fclass.s	x21,f16	 f16:0x00000000 x21=0x00000010
     325605.000 ns	     32559	80006cdc	d00c1f53	fcvt.s.w	f30,x24	 x24:0xfffffaa7 f30=0xc4ab2000
     326785.000 ns	     32677	80006ce0	580ca953	fsqrt.s	f18,f25	 f25:0x4efff7df f18=0x473501cb
     326815.000 ns	     32680	80006ce4	a0e89a53	flt.s	x20,f17,f14	 f17:0x00000000 f14:0x00000000 x20=0x00000000
     326845.000 ns	     32683	80006ce8	0392b733	mulhu	x14,x5,x25	  x5:0x00000000 x25:0x00000000 x14=0x00000000
     326865.000 ns	     32685	80006cec	41ad8ab3	sub	x21,x27,x26	 x27:0x80041024 x26:0x80040fe4 x21=0x00000040
     326885.000 ns	     32687	80006cf0	20429fd3	fsgnjn.s	f31,f5,f4	  f5:0x80000000  f4:0x80000000 f31=0x00000000
     326905.000 ns	     32689	80006cf4	0129be33	sltu	x28,x19,x18	 x19:0x00000001 x18:0x00000000 x28=0x00000000
     326925.000 ns	     32691	80006cf8	d0057553	fcvt.s.w	f10,x10	 x10:0x00000002 f10=0x40000000
     326955.000 ns	     32694	80006cfc	213d8a53	fsgnj.s	f20,f27,f19	 f27:0x00000604 f19:0x00000000 f20=0x00000604
     326985.000 ns	     32697	80006d00	03012bb3	mulhsu	x23,x2,x16	  x2:0x00000001 x16:0x00000000 x23=0x00000000
     327025.000 ns	     32701	80006d04	18263953	fdiv.s	f18,f12,f2	 f12:0x00000000  f2:0xce9f1d00 f18=0x80000000
     327045.000 ns	     32703	80006d08	00000013	addi	x0,x0,0	  x0:0x00000000
     327065.000 ns	     32705	80006d0c	033b0bb3	mul	x23,x22,x19	 x22:0x00000000 x19:0x00000001 x23=0x00000000
     327085.000 ns	     32707	80006d10	c351f893	andi	x17,x3,-971	  x3:0x00000000 x17=0x00000000
     327095.000 ns	     32708	80006d14	016c9c13	slli	x24,x25,0x16	 x25:0x00000000 x24=0x00000000
     327105.000 ns	     32709	80006d18	41465b13	srai	x22,x12,0x14	 x12:0x00000000 x22=0x00000000
     327115.000 ns	     32710	80006d1c	0150fe33	and	x28,x1,x21	  x1:0xfffff4e5 x21:0x00000040 x28=0x00000040
     327135.000 ns	     32712	80006d20	0377b333	mulhu	x6,x15,x23	 x15:0x77c8048e x23:0x00000000  x6=0x00000000
     327155.000 ns	     32714	80006d24	404789b3	sub	x19,x15,x4	 x15:0x77c8048e  x4:0x00000000 x19=0x77c8048e
     327165.000 ns	     32715	80006d28	53bd0193	addi	x3,x26,1339	 x26:0x80040fe4  x3=0x8004151f
     327205.000 ns	     32719	80006d2c	083842d3	fsub.s	f5,f16,f3	 f16:0x00000000  f3:0x7fc00000  f5=0x7fc00000
     327235.000 ns	     32722	80006d30	0248f6b3	remu	x13,x17,x4	 x17:0x00000000  x4:0x00000000 x13=0x00000000
     327265.000 ns	     32725	80006d34	c00c3cd3	fcvt.w.s	x25,f24	 f24:0x7fc00000 x25=0x7fffffff
     327285.000 ns	     32727	80006d38	0d7e0e13	addi	x28,x28,215	 x28:0x00000040 x28=0x00000117
     327305.000 ns	     32729	80006d3c	2108ae53	fsgnjx.s	f28,f17,f16	 f17:0x00000000 f16:0x00000000 f28=0x00000000
     327355.000 ns	     32734	80006d40	08d1ced3	fsub.s	f29,f3,f13	  f3:0x7fc00000 f13:0x00000000 f29=0x7fc00000
     327385.000 ns	     32737	80006d44	f00889d3	fmv.w.x	f19,x17	 x17:0x00000000 f19=0x00000000
     327755.000 ns	     32774	80006d48	02987533	remu	x10,x16,x9	 x16:0x00000000  x9:0xfffffe33 x10=0x00000000
     327775.000 ns	     32776	80006d4c	00000013	addi	x0,x0,0	  x0:0x00000000
     327785.000 ns	     32777	80006d50	41d45193	srai	x3,x8,0x1d	  x8:0x00000001  x3=0x00000000
     327805.000 ns	     32779	80006d54	02e10c33	mul	x24,x2,x14	  x2:0x00000001 x14:0x00000000 x24=0x00000000
     327835.000 ns	     32782	80006d58	d010f953	fcvt.s.wu	f18,x1	  x1:0xfffff4e5 f18=0x4f7ffff4
     327865.000 ns	     32785	80006d5c	217e9453	fsgnjn.s	f8,f29,f23	 f29:0x7fc00000 f23:0x77c8048e  f8=0xffc00000
     327895.000 ns	     32788	80006d60	e0001ad3	fclass.s	x21,f0	  f0:0x7fc00000 x21=0x00000200
     327925.000 ns	     32791	80006d64	a0f603d3	fle.s	x7,f12,f15	 f12:0x00000000 f15:0x00000000  x7=0x00000001
     327945.000 ns	     32793	80006d68	414a0eb3	sub	x29,x20,x20	 x20:0x00000000 x20:0x00000000 x29=0x00000000
     327955.000 ns	     32794	80006d6c	019ab8b3	sltu	x17,x21,x25	 x21:0x00000200 x25:0x7fffffff x17=0x00000001
     327965.000 ns	     32795	80006d70	00f72cb3	slt	x25,x14,x15	 x14:0x00000000 x15:0x77c8048e x25=0x00000001
     327975.000 ns	     32796	80006d74	01c7ba33	sltu	x20,x15,x28	 x15:0x77c8048e x28:0x00000117 x20=0x00000000
     328335.000 ns	     32832	80006d78	035ecf33	div	x30,x29,x21	 x29:0x00000000 x21:0x00000200 x30=0x00000000
     328705.000 ns	     32869	80006d7c	03aed233	divu	x4,x29,x26	 x29:0x00000000 x26:0x80040fe4  x4=0x00000000
     328725.000 ns	     32871	80006d80	00000013	addi	x0,x0,0	  x0:0x00000000
     328735.000 ns	     32872	80006d84	00638533	add	x10,x7,x6	  x7:0x00000001  x6:0x00000000 x10=0x00000001
     328745.000 ns	     32873	80006d88	159d3937	lui	x18,0x159d3	 x18=0x159d3000
     328755.000 ns	     32874	80006d8c	fe9f3f97	auipc	x31,0xfe9f3	 x31=0x7e9f9d8c
     328765.000 ns	     32875	80006d90	01ce4833	xor	x16,x28,x28	 x28:0x00000117 x28:0x00000117 x16=0x00000000
     328805.000 ns	     32879	80006d94	09532553	fsub.s	f10,f6,f21	  f6:0x00000000 f21:0x00000040 f10=0x80000040
     328825.000 ns	     32881	80006d98	9fae2813	slti	x16,x28,-1542	 x28:0x00000117 x16=0x00000000
     328845.000 ns	     32883	80006d9c	e00482d3	fmv.x.w	x5,f9	  f9:0x00000000  x5=0x00000000
     328875.000 ns	     32886	80006da0	a1b50e53	fle.s	x28,f10,f27	 f10:0x80000040 f27:0x00000604 x28=0x00000001
     328895.000 ns	     32888	80006da4	4b9ae913	ori	x18,x21,1209	 x21:0x00000200 x18=0x000006b9
     328915.000 ns	     32890	80006da8	03cb10b3	mulh	x1,x22,x28	 x22:0x00000000 x28:0x00000001  x1=0x00000000
     328935.000 ns	     32892	80006dac	000a9293	slli	x5,x21,0x0	 x21:0x00000200  x5=0x00000200
     328955.000 ns	     32894	80006db0	a0d0a3d3	feq.s	x7,f1,f13	  f1:0xcefff7e0 f13:0x00000000  x7=0x00000000
     328975.000 ns	     32896	80006db4	01669093	slli	x1,x13,0x16	 x13:0x00000000  x1=0x00000000
     328985.000 ns	     32897	80006db8	b56f6993	ori	x19,x30,-1194	 x30:0x00000000 x19=0xfffffb56
     329005.000 ns	     32899	80006dbc	28731bd3	fmax.s	f23,f6,f7	  f6:0x00000000  f7:0x00000000 f23=0x00000000
     329045.000 ns	     32903	80006dc0	114645d3	fmul.s	f11,f12,f20	 f12:0x00000000 f20:0x00000604 f11=0x00000000
     329065.000 ns	     32905	80006dc4	00c8a133	slt	x2,x17,x12	 x17:0x00000001 x12:0x00000000  x2=0x00000000
     329075.000 ns	     32906	80006dc8	b9d6ac93	slti	x25,x13,-1123	 x13:0x00000000 x25=0x00000000
     329085.000 ns	     32907	80006dcc	01a73eb3	sltu	x29,x14,x26	 x14:0x00000000 x26:0x80040fe4 x29=0x00000001
     329105.000 ns	     32909	80006dd0	284a1553	fmax.s	f10,f20,f4	 f20:0x00000604  f4:0x80000000 f10=0x00000604
     329135.000 ns	     32912	80006dd4	c0020cd3	fcvt.w.s	x25,f4	  f4:0x80000000 x25=0x00000000
     329155.000 ns	     32914	80006dd8	013ddbb3	srl	x23,x27,x19	 x27:0x80041024 x19:0xfffffb56 x23=0x00000200
     329185.000 ns	     32917	80006ddc	580ef2d3	fsqrt.s	f5,f29	 f29:0x7fc00000  f5=0x7fc00000
     329215.000 ns	     32920	80006de0	e0028253	fmv.x.w	x4,f5	  f5:0x7fc00000  x4=0x7fc00000
     329245.000 ns	     32923	80006de4	e0060053	fmv.x.w	x0,f12	 f12:0x00000000
     329275.000 ns	     32926	80006de8	02b940b3	div	x1,x18,x11	 x18:0x000006b9 x11:0x00000000  x1=0xffffffff
     329305.000 ns	     32929	80006dec	02452333	mulhsu	x6,x10,x4	 x10:0x00000001  x4:0x7fc00000  x6=0x00000000
     329335.000 ns	     32932	80006df0	29a51253	fmax.s	f4,f10,f26	 f10:0x00000604 f26:0x80000000  f4=0x00000604
     329365.000 ns	     32935	80006df4	214aa2d3	fsgnjx.s	f5,f21,f20	 f21:0x00000040 f20:0x00000604  f5=0x00000040
     329385.000 ns	     32937	80006df8	00558e33	add	x28,x11,x5	 x11:0x00000000  x5:0x00000200 x28=0x00000200
     329745.000 ns	     32973	80006dfc	021e6633	rem	x12,x28,x1	 x28:0x00000001  x1:0xffffffff x12=0x00000000
     329765.000 ns	     32975	80006e00	419253b3	sra	x7,x4,x25	  x4:0x7fc00000 x25:0x00000000  x7=0x7fc00000
     329775.000 ns	     32976	80006e04	013ae4b3	or	x9,x21,x19	 x21:0x00000200 x19:0xfffffb56  x9=0xfffffb56
     330135.000 ns	     33012	80006e08	025ae833	rem	x16,x21,x5	 x21:0x00000200  x5:0x00000200 x16=0x00000000
     330165.000 ns	     33015	80006e0c	03010333	mul	x6,x2,x16	  x2:0x00000000 x16:0x00000000  x6=0x00000000
     330185.000 ns	     33017	80006e10	017332b3	sltu	x5,x6,x23	  x6:0x00000000 x23:0x00000200  x5=0x00000001
     330195.000 ns	     33018	80006e14	00000013	addi	x0,x0,0	  x0:0x00000000
     330215.000 ns	     33020	80006e18	c0088bd3	fcvt.w.s	x23,f17	 f17:0x00000000 x23=0x00000000
     330235.000 ns	     33022	80006e1c	000995b3	sll	x11,x19,x0	 x19:0xfffffb56  x0:0x00000000 x11=0xfffffb56
     330245.000 ns	     33023	80006e20	4182db93	srai	x23,x5,0x18	  x5:0x00000001 x23=0x00000000
     330265.000 ns	     33025	80006e24	d00506d3	fcvt.s.w	f13,x10	 x10:0x00000001 f13=0x3f800000
     330635.000 ns	     33062	80006e28	02b8d9b3	divu	x19,x17,x11	 x17:0x00000001 x11:0xfffffb56 x19=0x00000000
     330655.000 ns	     33064	80006e2c	84964393	xori	x7,x12,-1975	 x12:0x00000000  x7=0xfffff849
     330665.000 ns	     33065	80006e30	00cba5b3	slt	x11,x23,x12	 x23:0x00000000 x12:0x00000000 x11=0x00000000
     330675.000 ns	     33066	80006e34	41445e33	sra	x28,x8,x20	  x8:0x00000001 x20:0x00000000 x28=0x00000001
     330695.000 ns	     33068	80006e38	29071bd3	fmax.s	f23,f14,f16	 f14:0x00000000 f16:0x00000000 f23=0x00000000
     330715.000 ns	     33070	80006e3c	016f5533	srl	x10,x30,x22	 x30:0x00000000 x22:0x00000000 x10=0x00000000
     330725.000 ns	     33071	80006e40	01bd3ab3	sltu	x21,x26,x27	 x26:0x80040fe4 x27:0x80041024 x21=0x00000001
     330745.000 ns	     33073	80006e44	d011f953	fcvt.s.wu	f18,x3	  x3:0x00000000 f18=0x00000000
     330765.000 ns	     33075	80006e48	4c968313	addi	x6,x13,1225	 x13:0x00000000  x6=0x000004c9
     330785.000 ns	     33077	80006e4c	21e20ed3	fsgnj.s	f29,f4,f30	  f4:0x00000604 f30:0xc4ab2000 f29=0x80000604
     330805.000 ns	     33079	80006e50	b0864617	auipc	x12,0xb0864	 x12=0x3086ae50
     330825.000 ns	     33081	80006e54	a14d0753	fle.s	x14,f26,f20	 f26:0x80000000 f20:0x00000604 x14=0x00000001
     330845.000 ns	     33083	80006e58	416355b3	sra	x11,x6,x22	  x6:0x000004c9 x22:0x00000000 x11=0x000004c9
     332015.000 ns	     33200	80006e5c	580291d3	fsqrt.s	f3,f5	  f5:0x00000040  f3=0x1f3504de
     332045.000 ns	     33203	80006e60	a0c22f53	feq.s	x30,f4,f12	  f4:0x00000604 f12:0x00000000 x30=0x00000000
     332075.000 ns	     33206	80006e64	02101533	mulh	x10,x0,x1	  x0:0x00000000  x1:0xffffffff x10=0x00000000
     332445.000 ns	     33243	80006e68	03a352b3	divu	x5,x6,x26	  x6:0x000004c9 x26:0x80040fe4  x5=0x00000000
     332815.000 ns	     33280	80006e6c	021548b3	div	x17,x10,x1	 x10:0x00000000  x1:0xffffffff x17=0x00000000
     332835.000 ns	     33282	80006e70	9f89b693	sltiu	x13,x19,-1544	 x19:0x00000000 x13=0x00000001
     332855.000 ns	     33284	80006e74	21c0a953	fsgnjx.s	f18,f1,f28	  f1:0xcefff7e0 f28:0x00000000 f18=0xcefff7e0
     332875.000 ns	     33286	80006e78	00000013	addi	x0,x0,0	  x0:0x00000000
     332885.000 ns	     33287	80006e7c	00000013	addi	x0,x0,0	  x0:0x00000000
     332895.000 ns	     33288	80006e80	353b8393	addi	x7,x23,851	 x23:0x00000000  x7=0x00000353
     332905.000 ns	     33289	80006e84	d301c013	xori	x0,x3,-720	  x3:0x00000000
     332915.000 ns	     33290	80006e88	14eace13	xori	x28,x21,334	 x21:0x00000001 x28=0x0000014f
     332925.000 ns	     33291	80006e8c	410adb13	srai	x22,x21,0x10	 x21:0x00000001 x22=0x00000000
     332935.000 ns	     33292	80006e90	4045d6b3	sra	x13,x11,x4	 x11:0x000004c9  x4:0x7fc00000 x13=0x000004c9
     332965.000 ns	     33295	80006e94	10f34853	fmul.s	f16,f6,f15	  f6:0x00000000 f15:0x00000000 f16=0x00000000
     332985.000 ns	     33297	80006e98	8f856813	ori	x16,x10,-1800	 x10:0x00000000 x16=0xfffff8f8
     332995.000 ns	     33298	80006e9c	01115013	srli	x0,x2,0x11	  x2:0x00000000
     333025.000 ns	     33301	80006ea0	195d0553	fdiv.s	f10,f26,f21	 f26:0x80000000 f21:0x00000040 f10=0x80000000
     333055.000 ns	     33304	80006ea4	e00f1353	fclass.s	x6,f30	 f30:0xc4ab2000  x6=0x00000002
     333075.000 ns	     33306	80006ea8	5c236217	auipc	x4,0x5c236	  x4=0xdc23cea8
     333095.000 ns	     33308	80006eac	28c11b53	fmax.s	f22,f2,f12	  f2:0xce9f1d00 f12:0x00000000 f22=0x00000000
     333115.000 ns	     33310	80006eb0	009a56b3	srl	x13,x20,x9	 x20:0x00000000  x9:0xfffffb56 x13=0x00000000
     333135.000 ns	     33312	80006eb4	21a012d3	fsgnjn.s	f5,f0,f26	  f0:0x7fc00000 f26:0x80000000  f5=0x7fc00000
     333155.000 ns	     33314	80006eb8	01cd9ab3	sll	x21,x27,x28	 x27:0x80041024 x28:0x0000014f x21=0x08120000
     333165.000 ns	     33315	80006ebc	0065b1b3	sltu	x3,x11,x6	 x11:0x000004c9  x6:0x00000002  x3=0x00000000
     333185.000 ns	     33317	80006ec0	c0144cd3	fcvt.wu.s	x25,f8	  f8:0xffc00000 x25=0xffffffff
     333235.000 ns	     33322	80006ec4	09057bd3	fsub.s	f23,f10,f16	 f10:0x80000000 f16:0x00000000 f23=0x80000000
     333255.000 ns	     33324	80006ec8	011353b3	srl	x7,x6,x17	  x6:0x00000002 x17:0x00000000  x7=0x00000002
     333265.000 ns	     33325	80006ecc	3f880913	addi	x18,x16,1016	 x16:0xfffff8f8 x18=0xfffffcf0
     333275.000 ns	     33326	80006ed0	02e1a413	slti	x8,x3,46	  x3:0x00000000  x8=0x00000001
     333295.000 ns	     33328	80006ed4	28e501d3	fmin.s	f3,f10,f14	 f10:0x80000000 f14:0x00000000  f3=0x80000000
     333325.000 ns	     33331	80006ed8	a11b2953	feq.s	x18,f22,f17	 f22:0x00000000 f17:0x00000000 x18=0x00000001
     333345.000 ns	     33333	80006edc	41fddcb3	sra	x25,x27,x31	 x27:0x80041024 x31:0x7e9f9d8c x25=0xfff80041
     333365.000 ns	     33335	80006ee0	d0142453	fcvt.s.wu	f8,x8	  x8:0x00000001  f8=0x3f800000
     333395.000 ns	     33338	80006ee4	025a70b3	remu	x1,x20,x5	 x20:0x00000000  x5:0x00000000  x1=0x00000000
     333425.000 ns	     33341	80006ee8	28a69353	fmax.s	f6,f13,f10	 f13:0x3f800000 f10:0x80000000  f6=0x3f800000
     333455.000 ns	     33344	80006eec	d0023e53	fcvt.s.w	f28,x4	  x4:0xdc23cea8 f28=0xce0f70c6
     333485.000 ns	     33347	80006ef0	c00a8153	fcvt.w.s	x2,f21	 f21:0x00000040  x2=0x00000000
     333505.000 ns	     33349	80006ef4	41c35813	srai	x16,x6,0x1c	  x6:0x00000002 x16=0x00000000
     333515.000 ns	     33350	80006ef8	00c3e1b3	or	x3,x7,x12	  x7:0x00000002 x12:0x3086ae50  x3=0x3086ae52
     333535.000 ns	     33352	80006efc	035536b3	mulhu	x13,x10,x21	 x10:0x00000000 x21:0x08120000 x13=0x00000000
     333555.000 ns	     33354	80006f00	7d03c9b7	lui	x19,0x7d03c	 x19=0x7d03c000
     333585.000 ns	     33357	80006f04	10b644d3	fmul.s	f9,f12,f11	 f12:0x00000000 f11:0x00000000  f9=0x00000000
     333615.000 ns	     33360	80006f08	29751dd3	fmax.s	f27,f10,f23	 f10:0x80000000 f23:0x80000000 f27=0x80000000
     333635.000 ns	     33362	80006f0c	8d710897	auipc	x17,0x8d710	 x17=0x0d716f0c
     333655.000 ns	     33364	80006f10	20141953	fsgnjn.s	f18,f8,f1	  f8:0x3f800000  f1:0xcefff7e0 f18=0x3f800000
     333675.000 ns	     33366	80006f14	00dab6b3	sltu	x13,x21,x13	 x21:0x08120000 x13:0x00000000 x13=0x00000000
     333685.000 ns	     33367	80006f18	1159e693	ori	x13,x19,277	 x19:0x7d03c000 x13=0x7d03c115
     333695.000 ns	     33368	80006f1c	013f9733	sll	x14,x31,x19	 x31:0x7e9f9d8c x19:0x7d03c000 x14=0x7e9f9d8c
     334055.000 ns	     33404	80006f20	02e86eb3	rem	x29,x16,x14	 x16:0x00000000 x14:0x00000001 x29=0x00000000
     334075.000 ns	     33406	80006f24	01e36ab3	or	x21,x6,x30	  x6:0x00000002 x30:0x00000000 x21=0x00000002
     334085.000 ns	     33407	80006f28	00b378b3	and	x17,x6,x11	  x6:0x00000002 x11:0x000004c9 x17=0x00000000
     334095.000 ns	     33408	80006f2c	393e4a13	xori	x20,x28,915	 x28:0x0000014f x20=0x000002dc
     334105.000 ns	     33409	80006f30	40428233	sub	x4,x5,x4	  x5:0x00000000  x4:0xdc23cea8  x4=0x23dc3158
     334115.000 ns	     33410	80006f34	00fe38b3	sltu	x17,x28,x15	 x28:0x0000014f x15:0x77c8048e x17=0x00000001
     334125.000 ns	     33411	80006f38	3ef6ea93	ori	x21,x13,1007	 x13:0x7d03c115 x21=0x7d03c3ff
     334135.000 ns	     33412	80006f3c	015a0033	add	x0,x20,x21	 x20:0x000002dc x21:0x00000002
     334155.000 ns	     33414	80006f40	299e8cd3	fmin.s	f25,f29,f25	 f29:0x80000604 f25:0x4efff7df f25=0x80000604
     334175.000 ns	     33416	80006f44	00b0c333	xor	x6,x1,x11	  x1:0x00000000 x11:0x000004c9  x6=0x000004c9
     334205.000 ns	     33419	80006f48	193c1853	fdiv.s	f16,f24,f19	 f24:0x7fc00000 f19:0x00000000 f16=0x7fc00000
     334225.000 ns	     33421	80006f4c	1b600b93	addi	x23,x0,438	  x0:0x00000000 x23=0x000001b6
     334245.000 ns	     33423	80006f50	d009a553	fcvt.s.w	f10,x19	 x19:0x7d03c000 f10=0x4efa0780
     334615.000 ns	     33460	80006f54	03156533	rem	x10,x10,x17	 x10:0x00000000 x17:0x00000001 x10=0x00000000
     334635.000 ns	     33462	80006f58	19c8bf93	sltiu	x31,x17,412	 x17:0x00000001 x31=0x00000001
     334645.000 ns	     33463	80006f5c	093b14b7	lui	x9,0x93b1	  x9=0x093b1000
     334655.000 ns	     33464	80006f60	4ccb4b93	xori	x23,x22,1228	 x22:0x00000000 x23=0x000004cc
     334665.000 ns	     33465	80006f64	410e53b3	sra	x7,x28,x16	 x28:0x0000014f x16:0x00000000  x7=0x0000014f
     334685.000 ns	     33467	80006f68	03e0d2b3	divu	x5,x1,x30	  x1:0x00000000 x30:0x00000000  x5=0xffffffff
     334705.000 ns	     33469	80006f6c	6aafb713	sltiu	x14,x31,1706	 x31:0x00000001 x14=0x00000001
     334725.000 ns	     33471	80006f70	299a0b53	fmin.s	f22,f20,f25	 f20:0x00000604 f25:0x80000604 f22=0x80000604
     335095.000 ns	     33508	80006f74	03cb59b3	divu	x19,x22,x28	 x22:0x00000000 x28:0x0000014f x19=0x00000000
     335125.000 ns	     33511	80006f78	f0058ed3	fmv.w.x	f29,x11	 x11:0x000004c9 f29=0x000004c9
     335145.000 ns	     33513	80006f7c	017793b3	sll	x7,x15,x23	 x15:0x77c8048e x23:0x000004cc  x7=0x8048e000
     335155.000 ns	     33514	80006f80	405edbb3	sra	x23,x29,x5	 x29:0x00000000  x5:0xffffffff x23=0x00000000
     335175.000 ns	     33516	80006f84	f0070353	fmv.w.x	f6,x14	 x14:0x00000001  f6=0x00000001
     335195.000 ns	     33518	80006f88	01152433	slt	x8,x10,x17	 x10:0x00000000 x17:0x00000001  x8=0x00000001
     335215.000 ns	     33520	80006f8c	a09a9b53	flt.s	x22,f21,f9	 f21:0x00000040  f9:0x00000000 x22=0x00000000
     335235.000 ns	     33522	80006f90	8af3b537	lui	x10,0x8af3b	 x10=0x8af3b000
     335275.000 ns	     33526	80006f94	014a9d53	fadd.s	f26,f21,f20	 f21:0x00000040 f20:0x00000604 f26=0x00000644
     335305.000 ns	     33529	80006f98	02222433	mulhsu	x8,x4,x2	  x4:0x23dc3158  x2:0x00000000  x8=0x00000000
     335335.000 ns	     33532	80006f9c	21178653	fsgnj.s	f12,f15,f17	 f15:0x00000000 f17:0x00000000 f12=0x00000000
     335365.000 ns	     33535	80006fa0	a11596d3	flt.s	x13,f11,f17	 f11:0x00000000 f17:0x00000000 x13=0x00000000
     335395.000 ns	     33538	80006fa4	d01094d3	fcvt.s.wu	f9,x1	  x1:0x00000000  f9=0x00000000
     335425.000 ns	     33541	80006fa8	211e00d3	fsgnj.s	f1,f28,f17	 f28:0xce0f70c6 f17:0x00000000  f1=0x4e0f70c6
     335455.000 ns	     33544	80006fac	c015b353	fcvt.wu.s	x6,f11	 f11:0x00000000  x6=0x00000000
     335475.000 ns	     33546	80006fb0	00000013	addi	x0,x0,0	  x0:0x00000000
     335835.000 ns	     33582	80006fb4	02ea6433	rem	x8,x20,x14	 x20:0x000002dc x14:0x00000001  x8=0x00000000
     335855.000 ns	     33584	80006fb8	002f1093	slli	x1,x30,0x2	 x30:0x00000000  x1=0x00000000
     335865.000 ns	     33585	80006fbc	00a100b3	add	x1,x2,x10	  x2:0x00000000 x10:0x8af3b000  x1=0x8af3b000
     336225.000 ns	     33621	80006fc0	0245dc33	divu	x24,x11,x4	 x11:0x000004c9  x4:0x23dc3158 x24=0x00000000
     336595.000 ns	     33658	80006fc4	02ba64b3	rem	x9,x20,x11	 x20:0x000002dc x11:0x000004c9  x9=0x000002dc
     336615.000 ns	     33660	80006fc8	00b405b3	add	x11,x8,x11	  x8:0x00000000 x11:0x000004c9 x11=0x000004c9
     336625.000 ns	     33661	80006fcc	508d7b17	auipc	x22,0x508d7	 x22=0xd08ddfcc
     336635.000 ns	     33662	80006fd0	01e7d113	srli	x2,x15,0x1e	 x15:0x77c8048e  x2=0x00000001
     336645.000 ns	     33663	80006fd4	1a4e5197	auipc	x3,0x1a4e5	  x3=0x9a4ebfd4
     336655.000 ns	     33664	80006fd8	018ad513	srli	x10,x21,0x18	 x21:0x7d03c3ff x10=0x0000007d
     336695.000 ns	     33668	80006fdc	091aa1d3	fsub.s	f3,f21,f17	 f21:0x00000040 f17:0x00000000  f3=0x00000040
     336715.000 ns	     33670	80006fe0	0177d413	srli	x8,x15,0x17	 x15:0x77c8048e  x8=0x000000ef
     336725.000 ns	     33671	80006fe4	31479337	lui	x6,0x31479	  x6=0x31479000
     336735.000 ns	     33672	80006fe8	00583233	sltu	x4,x16,x5	 x16:0x00000000  x5:0xffffffff  x4=0x00000001
     336755.000 ns	     33674	80006fec	031490b3	mulh	x1,x9,x17	  x9:0x000002dc x17:0x00000001  x1=0x00000000
     336785.000 ns	     33677	80006ff0	e00e0b53	fmv.x.w	x22,f28	 f28:0xce0f70c6 x22=0xce0f70c6
     336815.000 ns	     33680	80006ff4	20fd2853	fsgnjx.s	f16,f26,f15	 f26:0x00000644 f15:0x00000000 f16=0x00000644
     336845.000 ns	     33683	80006ff8	c01ef3d3	fcvt.wu.s	x7,f29	 f29:0x000004c9  x7=0x00000000
     337185.000 ns	     33717	80006ffc	19cca3d3	fdiv.s	f7,f25,f28	 f25:0x80000604 f28:0xce0f70c6  f7=0x00000000
     337205.000 ns	     33719	80007000	002dd513	srli	x10,x27,0x2	 x27:0x80041024 x10=0x20010409
     338375.000 ns	     33836	80007004	580e93d3	fsqrt.s	f7,f29	 f29:0x000004c9  f7=0x1f350b48
     338395.000 ns	     33838	80007008	416906b3	sub	x13,x18,x22	 x18:0x00000001 x22:0xce0f70c6 x13=0x31f08f3b
     338405.000 ns	     33839	8000700c	00e0ecb3	or	x25,x1,x14	  x1:0x00000000 x14:0x00000001 x25=0x00000001
     338425.000 ns	     33841	80007010	f0050dd3	fmv.w.x	f27,x10	 x10:0x20010409 f27=0x20010409
     338445.000 ns	     33843	80007014	7b22eb93	ori	x23,x5,1970	  x5:0xffffffff x23=0xffffffff
     338455.000 ns	     33844	80007018	80a3a913	slti	x18,x7,-2038	  x7:0x00000000 x18=0x00000000
     338485.000 ns	     33847	8000701c	580775d3	fsqrt.s	f11,f14	 f14:0x00000000 f11=0x00000000
     338855.000 ns	     33884	80007020	03464033	div	x0,x12,x20	 x12:0x3086ae50 x20:0x000002dc
     339225.000 ns	     33921	80007024	03f67333	remu	x6,x12,x31	 x12:0x3086ae50 x31:0x00000001  x6=0x00000000
     339255.000 ns	     33924	80007028	e0091653	fclass.s	x12,f18	 f18:0x3f800000 x12=0x00000040
     339275.000 ns	     33926	8000702c	01f2f2b3	and	x5,x5,x31	  x5:0xffffffff x31:0x00000001  x5=0x00000001
     339295.000 ns	     33928	80007030	027b98b3	mulh	x17,x23,x7	 x23:0xffffffff  x7:0x00000000 x17=0x00000000
     339315.000 ns	     33930	80007034	ac3af313	andi	x6,x21,-1341	 x21:0x7d03c3ff  x6=0x7d03c2c3
     339325.000 ns	     33931	80007038	00bd55b3	srl	x11,x26,x11	 x26:0x80040fe4 x11:0x000004c9 x11=0x00400207
     339335.000 ns	     33932	8000703c	92eef513	andi	x10,x29,-1746	 x29:0x00000000 x10=0x00000000
     339355.000 ns	     33934	80007040	034a32b3	mulhu	x5,x20,x20	 x20:0x000002dc x20:0x000002dc  x5=0x00000000
     339385.000 ns	     33937	80007044	f00e83d3	fmv.w.x	f7,x29	 x29:0x00000000  f7=0x00000000
     339415.000 ns	     33940	80007048	e00b9bd3	fclass.s	x23,f23	 f23:0x80000000 x23=0x00000008
     339435.000 ns	     33942	8000704c	00ed9113	slli	x2,x27,0xe	 x27:0x80041024  x2=0x04090000
     339455.000 ns	     33944	80007050	29ac04d3	fmin.s	f9,f24,f26	 f24:0x7fc00000 f26:0x00000644  f9=0x00000644
     339495.000 ns	     33948	80007054	5802b553	fsqrt.s	f10,f5	  f5:0x7fc00000 f10=0x7fc00000
     339535.000 ns	     33952	80007058	1928f4d3	fdiv.s	f9,f17,f18	 f17:0x00000000 f18:0x3f800000  f9=0x00000000
     339565.000 ns	     33955	8000705c	206b85d3	fsgnj.s	f11,f23,f6	 f23:0x80000000  f6:0x00000001 f11=0x00000000
     339595.000 ns	     33958	80007060	f0030353	fmv.w.x	f6,x6	  x6:0x7d03c2c3  f6=0x7d03c2c3
     339645.000 ns	     33963	80007064	01f60053	fadd.s	f0,f12,f31	 f12:0x00000000 f31:0x00000000  f0=0x00000000
     339695.000 ns	     33968	80007068	08977653	fsub.s	f12,f14,f9	 f14:0x00000000  f9:0x00000000 f12=0x80000000
     340065.000 ns	     34005	8000706c	029fc0b3	div	x1,x31,x9	 x31:0x00000001  x9:0x000002dc  x1=0x00000000
     340095.000 ns	     34008	80007070	29928853	fmin.s	f16,f5,f25	  f5:0x7fc00000 f25:0x80000604 f16=0x80000604
     340125.000 ns	     34011	80007074	021a18b3	mulh	x17,x20,x1	 x20:0x000002dc  x1:0x00000000 x17=0x00000000
     340155.000 ns	     34014	80007078	f0050353	fmv.w.x	f6,x10	 x10:0x00000000  f6=0x00000000
     340175.000 ns	     34016	8000707c	e3b08a17	auipc	x20,0xe3b08	 x20=0x63b0f07c
     340195.000 ns	     34018	80007080	d00db2d3	fcvt.s.w	f5,x27	 x27:0x80041024  f5=0xcefff7e0
     340225.000 ns	     34021	80007084	02741033	mulh	x0,x8,x7	  x8:0x000000ef  x7:0x00000000
     340245.000 ns	     34023	80007088	c24b7393	andi	x7,x22,-988	 x22:0xce0f70c6  x7=0xce0f7004
     340265.000 ns	     34025	8000708c	291719d3	fmax.s	f19,f14,f17	 f14:0x00000000 f17:0x00000000 f19=0x00000000
     340635.000 ns	     34062	80007090	036bd1b3	divu	x3,x23,x22	 x23:0x00000008 x22:0xce0f70c6  x3=0x00000000
     340655.000 ns	     34064	80007094	00000013	addi	x0,x0,0	  x0:0x00000000
     340675.000 ns	     34066	80007098	21c509d3	fsgnj.s	f19,f10,f28	 f10:0x7fc00000 f28:0xce0f70c6 f19=0xffc00000
     340705.000 ns	     34069	8000709c	f00307d3	fmv.w.x	f15,x6	  x6:0x7d03c2c3 f15=0x7d03c2c3
     340735.000 ns	     34072	800070a0	d008f453	fcvt.s.w	f8,x17	 x17:0x00000000  f8=0x00000000
     340755.000 ns	     34074	800070a4	01123e33	sltu	x28,x4,x17	  x4:0x00000001 x17:0x00000000 x28=0x00000000
     340765.000 ns	     34075	800070a8	01ecc9b3	xor	x19,x25,x30	 x25:0x00000001 x30:0x00000000 x19=0x00000001
     340785.000 ns	     34077	800070ac	03e6e733	rem	x14,x13,x30	 x13:0x31f08f3b x30:0x00000000 x14=0x31f08f3b
     340805.000 ns	     34079	800070b0	d2854413	xori	x8,x10,-728	 x10:0x00000000  x8=0xfffffd28
     340815.000 ns	     34080	800070b4	b41b7393	andi	x7,x22,-1215	 x22:0xce0f70c6  x7=0xce0f7040
     340835.000 ns	     34082	800070b8	a1002953	feq.s	x18,f0,f16	  f0:0x00000000 f16:0x80000604 x18=0x00000000
     340865.000 ns	     34085	800070bc	03a8b2b3	mulhu	x5,x17,x26	 x17:0x00000000 x26:0x80040fe4  x5=0x00000000
     340905.000 ns	     34089	800070c0	11883553	fmul.s	f10,f16,f24	 f16:0x80000604 f24:0x7fc00000 f10=0x7fc00000
     341275.000 ns	     34126	800070c4	02766a33	rem	x20,x12,x7	 x12:0x00000040  x7:0xce0f7040 x20=0x00000040
     341305.000 ns	     34129	800070c8	285a1dd3	fmax.s	f27,f20,f5	 f20:0x00000604  f5:0xcefff7e0 f27=0x00000604
     341325.000 ns	     34131	800070cc	31c23093	sltiu	x1,x4,796	  x4:0x00000001  x1=0x00000001
     341335.000 ns	     34132	800070d0	0072de13	srli	x28,x5,0x7	  x5:0x00000000 x28=0x00000000
     341345.000 ns	     34133	800070d4	7100b917	auipc	x18,0x7100b	 x18=0xf10120d4
     341365.000 ns	     34135	800070d8	d01b2653	fcvt.s.wu	f12,x22	 x22:0xce0f70c6 f12=0x4f4e0f71
     341395.000 ns	     34138	800070dc	02d39533	mulh	x10,x7,x13	  x7:0xce0f7040 x13:0x31f08f3b x10=0xf6420704
     341415.000 ns	     34140	800070e0	3120a913	slti	x18,x1,786	  x1:0x00000001 x18=0x00000001
     341425.000 ns	     34141	800070e4	d5c5bc13	sltiu	x24,x11,-676	 x11:0x00400207 x24=0x00000001
     341465.000 ns	     34145	800070e8	0950cbd3	fsub.s	f23,f1,f21	  f1:0x4e0f70c6 f21:0x00000040 f23=0x4e0f70c6
     341485.000 ns	     34147	800070ec	009ad393	srli	x7,x21,0x9	 x21:0x7d03c3ff  x7=0x003e81e1
     341505.000 ns	     34149	800070f0	c0038f53	fcvt.w.s	x30,f7	  f7:0x00000000 x30=0x00000000
     341535.000 ns	     34152	800070f4	03b42ab3	mulhsu	x21,x8,x27	  x8:0xfffffd28 x27:0x80041024 x21=0xfffffe93
     341555.000 ns	     34154	800070f8	01ab5013	srli	x0,x22,0x1a	 x22:0xce0f70c6
     341565.000 ns	     34155	800070fc	422e7c13	andi	x24,x28,1058	 x28:0x00000000 x24=0x00000000
     341575.000 ns	     34156	80007100	00cfd893	srli	x17,x31,0xc	 x31:0x00000001 x17=0x00000000
     341595.000 ns	     34158	80007104	a0c39453	flt.s	x8,f7,f12	  f7:0x00000000 f12:0x4f4e0f71  x8=0x00000001
     341625.000 ns	     34161	80007108	291e0053	fmin.s	f0,f28,f17	 f28:0xce0f70c6 f17:0x00000000  f0=0xce0f70c6
     341645.000 ns	     34163	8000710c	00000013	addi	x0,x0,0	  x0:0x00000000
     341665.000 ns	     34165	80007110	20882dd3	fsgnjx.s	f27,f16,f8	 f16:0x80000604  f8:0x00000000 f27=0x80000604
     341695.000 ns	     34168	80007114	03fa0933	mul	x18,x20,x31	 x20:0x00000040 x31:0x00000001 x18=0x00000040
     341715.000 ns	     34170	80007118	4009da13	srai	x20,x19,0x0	 x19:0x00000001 x20=0x00000001
     341735.000 ns	     34172	8000711c	29090553	fmin.s	f10,f18,f16	 f18:0x3f800000 f16:0x80000604 f10=0x80000604
     341755.000 ns	     34174	80007120	40eb8233	sub	x4,x23,x14	 x23:0x00000008 x14:0x31f08f3b  x4=0xce0f70cd
     341775.000 ns	     34176	80007124	0317beb3	mulhu	x29,x15,x17	 x15:0x77c8048e x17:0x00000000 x29=0x00000000
     341795.000 ns	     34178	80007128	40be5893	srai	x17,x28,0xb	 x28:0x00000000 x17=0x00000000
     341805.000 ns	     34179	8000712c	017b4b33	xor	x22,x22,x23	 x22:0xce0f70c6 x23:0x00000008 x22=0xce0f70ce
     341825.000 ns	     34181	80007130	a1781653	flt.s	x12,f16,f23	 f16:0x80000604 f23:0x4e0f70c6 x12=0x00000001
     341855.000 ns	     34184	80007134	e0091953	fclass.s	x18,f18	 f18:0x3f800000 x18=0x00000040
     341895.000 ns	     34188	80007138	118485d3	fmul.s	f11,f9,f24	  f9:0x00000000 f24:0x7fc00000 f11=0x7fc00000
     341915.000 ns	     34190	8000713c	002e8f33	add	x30,x29,x2	 x29:0x00000000  x2:0x04090000 x30=0x04090000
     341925.000 ns	     34191	80007140	01941613	slli	x12,x8,0x19	  x8:0x00000001 x12=0x02000000
     341945.000 ns	     34193	80007144	c0132e53	fcvt.wu.s	x28,f6	  f6:0x00000000 x28=0x00000000
     341965.000 ns	     34195	80007148	0050dc33	srl	x24,x1,x5	  x1:0x00000001  x5:0x00000000 x24=0x00000001
     341975.000 ns	     34196	8000714c	fc06e093	ori	x1,x13,-64	 x13:0x31f08f3b  x1=0xfffffffb
     341995.000 ns	     34198	80007150	03f7b233	mulhu	x4,x15,x31	 x15:0x77c8048e x31:0x00000001  x4=0x00000000
     342365.000 ns	     34235	80007154	03345e33	divu	x28,x8,x19	  x8:0x00000001 x19:0x00000001 x28=0x00000001
     342705.000 ns	     34269	80007158	195873d3	fdiv.s	f7,f16,f21	 f16:0x80000604 f21:0x00000040  f7=0xb907e1e2
     342725.000 ns	     34271	8000715c	d8faa813	slti	x16,x21,-625	 x21:0xfffffe93 x16=0x00000000
     342745.000 ns	     34273	80007160	d0142a53	fcvt.s.wu	f20,x8	  x8:0x00000001 f20=0x3f800000
     342765.000 ns	     34275	80007164	e5a2fa13	andi	x20,x5,-422	  x5:0x00000000 x20=0x00000000
     342785.000 ns	     34277	80007168	a029a4d3	feq.s	x9,f19,f2	 f19:0xffc00000  f2:0xce9f1d00  x9=0x00000000
     342805.000 ns	     34279	8000716c	008b4cb3	xor	x25,x22,x8	 x22:0xce0f70ce  x8:0x00000001 x25=0xce0f70cf
     342815.000 ns	     34280	80007170	015c9c93	slli	x25,x25,0x15	 x25:0x00000001 x25=0x19e00000
     342835.000 ns	     34282	80007174	a0a99053	flt.s	x0,f19,f10	 f19:0xffc00000 f10:0x80000604
     342865.000 ns	     34285	80007178	d0157053	fcvt.s.wu	f0,x10	 x10:0xf6420704  f0=0x4f764207
     342885.000 ns	     34287	8000717c	01b1ff33	and	x30,x3,x27	  x3:0x00000000 x27:0x80041024 x30=0x00000000
     342915.000 ns	     34290	80007180	11fe7dd3	fmul.s	f27,f28,f31	 f28:0xce0f70c6 f31:0x00000000 f27=0x80000000
     342935.000 ns	     34292	80007184	435d7913	andi	x18,x26,1077	 x26:0x80040fe4 x18=0x00000424
     342945.000 ns	     34293	80007188	299a46b7	lui	x13,0x299a4	 x13=0x299a4000
     342955.000 ns	     34294	8000718c	011ac033	xor	x0,x21,x17	 x21:0xfffffe93 x17:0x00000000
     342975.000 ns	     34296	80007190	c00302d3	fcvt.w.s	x5,f6	  f6:0x00000000  x5=0x00000000
     343005.000 ns	     34299	80007194	a1468e53	fle.s	x28,f13,f20	 f13:0x3f800000 f20:0x3f800000 x28=0x00000001
     343045.000 ns	     34303	80007198	5805f8d3	fsqrt.s	f17,f11	 f11:0x7fc00000 f17=0x7fc00000
     343065.000 ns	     34305	8000719c	01832033	slt	x0,x6,x24	  x6:0x7d03c2c3 x24:0x00000001
     343425.000 ns	     34341	800071a0	02daecb3	rem	x25,x21,x13	 x21:0xfffffe93 x13:0x299a4000 x25=0xfffffe93
     343455.000 ns	     34344	800071a4	28de8f53	fmin.s	f30,f29,f13	 f29:0x000004c9 f13:0x3f800000 f30=0x000004c9
     343795.000 ns	     34378	800071a8	19cf7953	fdiv.s	f18,f30,f28	 f30:0xc4ab2000 f28:0xce0f70c6 f18=0x80000000
     343815.000 ns	     34380	800071ac	00000013	addi	x0,x0,0	  x0:0x00000000
     343845.000 ns	     34383	800071b0	580cf653	fsqrt.s	f12,f25	 f25:0x80000604 f12=0x7fc00000
     343865.000 ns	     34385	800071b4	7c2c43b7	lui	x7,0x7c2c4	  x7=0x7c2c4000
     343875.000 ns	     34386	800071b8	00f3da13	srli	x20,x7,0xf	  x7:0x003e81e1 x20=0x0000f858
     343895.000 ns	     34388	800071bc	02f8aa33	mulhsu	x20,x17,x15	 x17:0x00000000 x15:0x77c8048e x20=0x00000000
     344265.000 ns	     34425	800071c0	02846233	rem	x4,x8,x8	  x8:0x00000001  x8:0x00000001  x4=0x00000000
     344285.000 ns	     34427	800071c4	40b95993	srai	x19,x18,0xb	 x18:0x00000424 x19=0x00000000
     344315.000 ns	     34430	800071c8	1884b953	fdiv.s	f18,f9,f8	  f9:0x00000000  f8:0x00000000 f18=0x7fc00000
     344335.000 ns	     34432	800071cc	2f797e93	andi	x29,x18,759	 x18:0x00000424 x29=0x00000024
     344345.000 ns	     34433	800071d0	c7a23593	sltiu	x11,x4,-902	  x4:0x00000000 x11=0x00000001
     344365.000 ns	     34435	800071d4	20899c53	fsgnjn.s	f24,f19,f8	 f19:0xffc00000  f8:0x00000000 f24=0xffc00000
     344385.000 ns	     34437	800071d8	415c5833	sra	x16,x24,x21	 x24:0x00000001 x21:0xfffffe93 x16=0x00000000
     344405.000 ns	     34439	800071dc	c017f8d3	fcvt.wu.s	x17,f15	 f15:0x7d03c2c3 x17=0xffffffff
     344435.000 ns	     34442	800071e0	d000af53	fcvt.s.w	f30,x1	  x1:0xfffffffb f30=0xc0a00000
     344455.000 ns	     34444	800071e4	15e84a93	xori	x21,x16,350	 x16:0x00000000 x21=0x0000015e
     344465.000 ns	     34445	800071e8	df7d0493	addi	x9,x26,-521	 x26:0x80040fe4  x9=0x80040ddb
     344475.000 ns	     34446	800071ec	0146af33	slt	x30,x13,x20	 x13:0x299a4000 x20:0x00000000 x30=0x00000000
     344485.000 ns	     34447	800071f0	41895993	srai	x19,x18,0x18	 x18:0x00000424 x19=0x00000000
     344495.000 ns	     34448	800071f4	40a10533	sub	x10,x2,x10	  x2:0x04090000 x10:0xf6420704 x10=0x0dc6f8fc
     344505.000 ns	     34449	800071f8	bb97ae13	slti	x28,x15,-1095	 x15:0x77c8048e x28=0x00000000
     344515.000 ns	     34450	800071fc	164a00b7	lui	x1,0x164a0	  x1=0x164a0000
     344535.000 ns	     34452	80007200	030618b3	mulh	x17,x12,x16	 x12:0x02000000 x16:0x00000000 x17=0x00000000
     344585.000 ns	     34457	80007204	090490d3	fsub.s	f1,f9,f16	  f9:0x00000000 f16:0x80000604  f1=0x00000604
     344605.000 ns	     34459	80007208	00063933	sltu	x18,x12,x0	 x12:0x02000000  x0:0x00000000 x18=0x00000000
     344615.000 ns	     34460	8000720c	0013cb33	xor	x22,x7,x1	  x7:0x7c2c4000  x1:0x164a0000 x22=0x6a664000
     344625.000 ns	     34461	80007210	009f9f33	sll	x30,x31,x9	 x31:0x00000001  x9:0x80040ddb x30=0x08000000
     344645.000 ns	     34463	80007214	03d20233	mul	x4,x4,x29	  x4:0x00000000 x29:0x00000024  x4=0x00000000
     344675.000 ns	     34466	80007218	c01cb753	fcvt.wu.s	x14,f25	 f25:0x80000604 x14=0x00000000
     344705.000 ns	     34469	8000721c	d00efbd3	fcvt.s.w	f23,x29	 x29:0x00000024 f23=0x42100000
     344755.000 ns	     34474	80007220	09f44753	fsub.s	f14,f8,f31	  f8:0x00000000 f31:0x00000000 f14=0x80000000
     344805.000 ns	     34479	80007224	00dfb953	fadd.s	f18,f31,f13	 f31:0x00000000 f13:0x3f800000 f18=0x3f800000
     344845.000 ns	     34483	80007228	10470353	fmul.s	f6,f14,f4	 f14:0x80000000  f4:0x00000604  f6=0x80000000
     344865.000 ns	     34485	8000722c	40f3d013	srai	x0,x7,0xf	  x7:0x7c2c4000
     344875.000 ns	     34486	80007230	d07f6513	ori	x10,x30,-761	 x30:0x08000000 x10=0xfffffd07
     344895.000 ns	     34488	80007234	02cf0133	mul	x2,x30,x12	 x30:0x08000000 x12:0x02000000  x2=0x00000000
     344935.000 ns	     34492	80007238	19bda5d3	fdiv.s	f11,f27,f27	 f27:0x80000000 f27:0x80000000 f11=0x7fc00000
     344965.000 ns	     34495	8000723c	29b698d3	fmax.s	f17,f13,f27	 f13:0x3f800000 f27:0x80000000 f17=0x3f800000
     344995.000 ns	     34498	80007240	03faafb3	mulhsu	x31,x21,x31	 x21:0x0000015e x31:0x00000001 x31=0x00000000
     345015.000 ns	     34500	80007244	019623b3	slt	x7,x12,x25	 x12:0x02000000 x25:0xfffffe93  x7=0x00000000
     345035.000 ns	     34502	80007248	286b9b53	fmax.s	f22,f23,f6	 f23:0x42100000  f6:0x80000000 f22=0x42100000
     345055.000 ns	     34504	8000724c	0158e1b3	or	x3,x17,x21	 x17:0x00000000 x21:0x0000015e  x3=0x0000015e
     345075.000 ns	     34506	80007250	e00e8b53	fmv.x.w	x22,f29	 f29:0x000004c9 x22=0x000004c9
     345105.000 ns	     34509	80007254	28c78053	fmin.s	f0,f15,f12	 f15:0x7d03c2c3 f12:0x7fc00000  f0=0x7d03c2c3
     345125.000 ns	     34511	80007258	01613333	sltu	x6,x2,x22	  x2:0x00000000 x22:0x000004c9  x6=0x00000001
     345135.000 ns	     34512	8000725c	41c1df33	sra	x30,x3,x28	  x3:0x0000015e x28:0x00000000 x30=0x0000015e
     345145.000 ns	     34513	80007260	ed85ae93	slti	x29,x11,-296	 x11:0x00000001 x29=0x00000000
     345165.000 ns	     34515	80007264	0362b2b3	mulhu	x5,x5,x22	  x5:0x00000000 x22:0x000004c9  x5=0x00000000
     345195.000 ns	     34518	80007268	02a03033	mulhu	x0,x0,x10	  x0:0x00000000 x10:0xfffffd07
     345225.000 ns	     34521	8000726c	d01fb253	fcvt.s.wu	f4,x31	 x31:0x00000000  f4=0x00000000
     345255.000 ns	     34524	80007270	02785eb3	divu	x29,x16,x7	 x16:0x00000000  x7:0x00000000 x29=0xffffffff
     345275.000 ns	     34526	80007274	b77c2b93	slti	x23,x24,-1161	 x24:0x00000001 x23=0x00000000
     345295.000 ns	     34528	80007278	28450cd3	fmin.s	f25,f10,f4	 f10:0x80000604  f4:0x00000000 f25=0x80000604
     345345.000 ns	     34533	8000727c	01b03bd3	fadd.s	f23,f0,f27	  f0:0x7d03c2c3 f27:0x80000000 f23=0x7d03c2c3
     345375.000 ns	     34536	80007280	02090ab3	mul	x21,x18,x0	 x18:0x00000000  x0:0x00000000 x21=0x00000000
     345395.000 ns	     34538	80007284	01ba92b3	sll	x5,x21,x27	 x21:0x0000015e x27:0x80041024  x5=0x00000000
     345415.000 ns	     34540	80007288	f00d8d53	fmv.w.x	f26,x27	 x27:0x80041024 f26=0x80041024
     345445.000 ns	     34543	8000728c	a1a5a1d3	feq.s	x3,f11,f26	 f11:0x7fc00000 f26:0x00000644  x3=0x00000000
     345465.000 ns	     34545	80007290	56f20997	auipc	x19,0x56f20	 x19=0xd6f27290
     345475.000 ns	     34546	80007294	69fdff93	andi	x31,x27,1695	 x27:0x80041024 x31=0x00000004
     345485.000 ns	     34547	80007298	016c4733	xor	x14,x24,x22	 x24:0x00000001 x22:0x000004c9 x14=0x000004c8
     345505.000 ns	     34549	8000729c	038822b3	mulhsu	x5,x16,x24	 x16:0x00000000 x24:0x00000001  x5=0x00000000
     345525.000 ns	     34551	800072a0	000ecfb3	xor	x31,x29,x0	 x29:0xffffffff  x0:0x00000000 x31=0xffffffff
     345535.000 ns	     34552	800072a4	000018b3	sll	x17,x0,x0	  x0:0x00000000  x0:0x00000000 x17=0x00000000
     345545.000 ns	     34553	800072a8	697be693	ori	x13,x23,1687	 x23:0x00000000 x13=0x00000697
     345555.000 ns	     34554	800072ac	00116733	or	x14,x2,x1	  x2:0x00000000  x1:0x164a0000 x14=0x164a0000
     345575.000 ns	     34556	800072b0	035311b3	mulh	x3,x6,x21	  x6:0x00000001 x21:0x00000000  x3=0x00000000
     345595.000 ns	     34558	800072b4	01bf6bb3	or	x23,x30,x27	 x30:0x0000015e x27:0x80041024 x23=0x8004117e
     345955.000 ns	     34594	800072b8	029ecb33	div	x22,x29,x9	 x29:0xffffffff  x9:0x80040ddb x22=0x00000000
     345975.000 ns	     34596	800072bc	d4dd6a13	ori	x20,x26,-691	 x26:0x80040fe4 x20=0xffffffed
     345985.000 ns	     34597	800072c0	00569633	sll	x12,x13,x5	 x13:0x00000697  x5:0x00000000 x12=0x00000697
     346345.000 ns	     34633	800072c4	02d9ee33	rem	x28,x19,x13	 x19:0xd6f27290 x13:0x00000697 x28=0xfffffca9
     346365.000 ns	     34635	800072c8	bc967e97	auipc	x29,0xbc967	 x29=0x3c96e2c8
     346375.000 ns	     34636	800072cc	00000013	addi	x0,x0,0	  x0:0x00000000
     346385.000 ns	     34637	800072d0	46c1ca93	xori	x21,x3,1132	  x3:0x00000000 x21=0x0000046c
     346395.000 ns	     34638	800072d4	40a90fb3	sub	x31,x18,x10	 x18:0x00000000 x10:0xfffffd07 x31=0x000002f9
     346415.000 ns	     34640	800072d8	e00010d3	fclass.s	x1,f0	  f0:0x7d03c2c3  x1=0x00000040
     346445.000 ns	     34643	800072dc	02ee8c33	mul	x24,x29,x14	 x29:0x3c96e2c8 x14:0x164a0000 x24=0xbdd00000
     346475.000 ns	     34646	800072e0	02030833	mul	x16,x6,x0	  x6:0x00000001  x0:0x00000000 x16=0x00000000
     346495.000 ns	     34648	800072e4	01d352b3	srl	x5,x6,x29	  x6:0x00000001 x29:0x3c96e2c8  x5=0x00000000
     346505.000 ns	     34649	800072e8	0172c333	xor	x6,x5,x23	  x5:0x00000000 x23:0x8004117e  x6=0x8004117e
     346515.000 ns	     34650	800072ec	4092d5b3	sra	x11,x5,x9	  x5:0x00000000  x9:0x80040ddb x11=0x00000000
     346525.000 ns	     34651	800072f0	00d224b3	slt	x9,x4,x13	  x4:0x00000000 x13:0x00000697  x9=0x00000001
     346545.000 ns	     34653	800072f4	28b700d3	fmin.s	f1,f14,f11	 f14:0x80000000 f11:0x7fc00000  f1=0x80000000
     346575.000 ns	     34656	800072f8	03b2b4b3	mulhu	x9,x5,x27	  x5:0x00000000 x27:0x80041024  x9=0x00000000
     346595.000 ns	     34658	800072fc	41925033	sra	x0,x4,x25	  x4:0x00000000 x25:0xfffffe93
     346615.000 ns	     34660	80007300	c01d7cd3	fcvt.wu.s	x25,f26	 f26:0x80041024 x25=0x00000000
     346635.000 ns	     34662	80007304	017318b3	sll	x17,x6,x23	  x6:0x8004117e x23:0x8004117e x17=0x80000000
     346655.000 ns	     34664	80007308	02f90233	mul	x4,x18,x15	 x18:0x00000000 x15:0x77c8048e  x4=0x00000000
     346705.000 ns	     34669	8000730c	008cfbd3	fadd.s	f23,f25,f8	 f25:0x80000604  f8:0x00000000 f23=0x80000604
     346735.000 ns	     34672	80007310	a0e1a4d3	feq.s	x9,f3,f14	  f3:0x00000040 f14:0x80000000  x9=0x00000000
     346765.000 ns	     34675	80007314	a1b504d3	fle.s	x9,f10,f27	 f10:0x80000604 f27:0x80000000  x9=0x00000001
     346795.000 ns	     34678	80007318	02951033	mulh	x0,x10,x9	 x10:0xfffffd07  x9:0x00000000
     346825.000 ns	     34681	8000731c	02862633	mulhsu	x12,x12,x8	 x12:0x00000697  x8:0x00000001 x12=0x00000000
     346845.000 ns	     34683	80007320	01d25293	srli	x5,x4,0x1d	  x4:0x00000000  x5=0x00000000
     346855.000 ns	     34684	80007324	0092feb3	and	x29,x5,x9	  x5:0x00000000  x9:0x00000001 x29=0x00000000
     346865.000 ns	     34685	80007328	00e81913	slli	x18,x16,0xe	 x16:0x00000000 x18=0x00000000
     346875.000 ns	     34686	8000732c	00d3e5b3	or	x11,x7,x13	  x7:0x00000000 x13:0x00000697 x11=0x00000697
     346885.000 ns	     34687	80007330	00b15113	srli	x2,x2,0xb	  x2:0x00000000  x2=0x00000000
     346895.000 ns	     34688	80007334	00592033	slt	x0,x18,x5	 x18:0x00000000  x5:0x00000000
     346915.000 ns	     34690	80007338	21c012d3	fsgnjn.s	f5,f0,f28	  f0:0x7d03c2c3 f28:0xce0f70c6  f5=0x7d03c2c3
     346955.000 ns	     34694	8000733c	1964aad3	fdiv.s	f21,f9,f22	  f9:0x00000000 f22:0x42100000 f21=0x00000000
     347325.000 ns	     34731	80007340	02b7d533	divu	x10,x15,x11	 x15:0x77c8048e x11:0x00000697 x10=0x00122d39
     347355.000 ns	     34734	80007344	208f87d3	fsgnj.s	f15,f31,f8	 f31:0x00000000  f8:0x00000000 f15=0x00000000
     347375.000 ns	     34736	80007348	019744b3	xor	x9,x14,x25	 x14:0x164a0000 x25:0x00000000  x9=0x164a0000
     347395.000 ns	     34738	8000734c	d01afdd3	fcvt.s.wu	f27,x21	 x21:0x0000046c f27=0x448d8000
     347415.000 ns	     34740	80007350	1a10b693	sltiu	x13,x1,417	  x1:0x00000040 x13=0x00000001
     347435.000 ns	     34742	80007354	205a96d3	fsgnjn.s	f13,f21,f5	 f21:0x00000000  f5:0x7d03c2c3 f13=0x80000000
     347465.000 ns	     34745	80007358	211b2ed3	fsgnjx.s	f29,f22,f17	 f22:0x42100000 f17:0x3f800000 f29=0x42100000
     347485.000 ns	     34747	8000735c	e6df7593	andi	x11,x30,-403	 x30:0x0000015e x11=0x0000004c
     347495.000 ns	     34748	80007360	00fe9833	sll	x16,x29,x15	 x29:0x00000000 x15:0x77c8048e x16=0x00000000
     347505.000 ns	     34749	80007364	00bb4933	xor	x18,x22,x11	 x22:0x00000000 x11:0x00000697 x18=0x0000004c
     347525.000 ns	     34751	80007368	203a94d3	fsgnjn.s	f9,f21,f3	 f21:0x00000000  f3:0x00000040  f9=0x80000000
     347545.000 ns	     34753	8000736c	00000013	addi	x0,x0,0	  x0:0x00000000
     347585.000 ns	     34757	80007370	016df553	fadd.s	f10,f27,f22	 f27:0x448d8000 f22:0x42100000 f10=0x44920000
     347605.000 ns	     34759	80007374	013471b3	and	x3,x8,x19	  x8:0x00000001 x19:0xd6f27290  x3=0x00000000
     347615.000 ns	     34760	80007378	5fc7ce13	xori	x28,x15,1532	 x15:0x77c8048e x28=0x77c80172
     347625.000 ns	     34761	8000737c	1ad0b913	sltiu	x18,x1,429	  x1:0x00000040 x18=0x00000001
     347985.000 ns	     34797	80007380	026c4a33	div	x20,x24,x6	 x24:0xbdd00000  x6:0x8004117e x20=0x00000000
     348355.000 ns	     34834	80007384	0382cfb3	div	x31,x5,x24	  x5:0x00000000 x24:0xbdd00000 x31=0x00000000
     348385.000 ns	     34837	80007388	29fe07d3	fmin.s	f15,f28,f31	 f28:0xce0f70c6 f31:0x00000000 f15=0xce0f70c6
     348755.000 ns	     34874	8000738c	03b27ab3	remu	x21,x4,x27	  x4:0x00000000 x27:0x80041024 x21=0x00000000
     348775.000 ns	     34876	80007390	41a4d413	srai	x8,x9,0x1a	  x9:0x164a0000  x8=0x00000005
     348785.000 ns	     34877	80007394	01baeeb3	or	x29,x21,x27	 x21:0x00000000 x27:0x80041024 x29=0x80041024
     348805.000 ns	     34879	80007398	e00119d3	fclass.s	x19,f2	  f2:0xce9f1d00 x19=0x00000002
     348825.000 ns	     34881	8000739c	00fddbb3	srl	x23,x27,x15	 x27:0x80041024 x15:0x77c8048e x23=0x00020010
     348845.000 ns	     34883	800073a0	c019c8d3	fcvt.wu.s	x17,f19	 f19:0xffc00000 x17=0xffffffff
     348875.000 ns	     34886	800073a4	a04e28d3	feq.s	x17,f28,f4	 f28:0xce0f70c6  f4:0x00000000 x17=0x00000000
     348895.000 ns	     34888	800073a8	00539cb3	sll	x25,x7,x5	  x7:0x00000000  x5:0x00000000 x25=0x00000000
     348915.000 ns	     34890	800073ac	038831b3	mulhu	x3,x16,x24	 x16:0x00000000 x24:0xbdd00000  x3=0x00000000
     348935.000 ns	     34892	800073b0	e36c5e17	auipc	x28,0xe36c5	 x28=0x636cc3b0
     348945.000 ns	     34893	800073b4	407ad493	srai	x9,x21,0x7	 x21:0x00000000  x9=0x00000000
     348965.000 ns	     34895	800073b8	e0070b53	fmv.x.w	x22,f14	 f14:0x80000000 x22=0x80000000
     348995.000 ns	     34898	800073bc	c00a2653	fcvt.w.s	x12,f20	 f20:0x3f800000 x12=0x00000001
     349025.000 ns	     34901	800073c0	297709d3	fmin.s	f19,f14,f23	 f14:0x80000000 f23:0x80000604 f19=0x80000604
     349055.000 ns	     34904	800073c4	206203d3	fsgnj.s	f7,f4,f6	  f4:0x00000000  f6:0x80000000  f7=0x80000000
     349085.000 ns	     34907	800073c8	038b89b3	mul	x19,x23,x24	 x23:0x00020010 x24:0xbdd00000 x19=0xdd000000
     349105.000 ns	     34909	800073cc	01f43eb3	sltu	x29,x8,x31	  x8:0x00000005 x31:0x00000000 x29=0x00000000
     349115.000 ns	     34910	800073d0	a60ef693	andi	x13,x29,-1440	 x29:0x80041024 x13=0x00000000
     349125.000 ns	     34911	800073d4	a5eff493	andi	x9,x31,-1442	 x31:0x00000000  x9=0x00000000
     349145.000 ns	     34913	800073d8	a09b1153	flt.s	x2,f22,f9	 f22:0x42100000  f9:0x80000000  x2=0x00000000
     349165.000 ns	     34915	800073dc	0110b3b3	sltu	x7,x1,x17	  x1:0x00000040 x17:0x00000000  x7=0x00000000
     349175.000 ns	     34916	800073e0	01a17433	and	x8,x2,x26	  x2:0x00000000 x26:0x80040fe4  x8=0x00000000
     349195.000 ns	     34918	800073e4	02a234b3	mulhu	x9,x4,x10	  x4:0x00000000 x10:0x00122d39  x9=0x00000000
     349225.000 ns	     34921	800073e8	a1569c53	flt.s	x24,f13,f21	 f13:0x80000000 f21:0x00000000 x24=0x00000000
     349255.000 ns	     34924	800073ec	283a01d3	fmin.s	f3,f20,f3	 f20:0x3f800000  f3:0x00000040  f3=0x00000040
     349285.000 ns	     34927	800073f0	f00f8a53	fmv.w.x	f20,x31	 x31:0x00000000 f20=0x00000000
     349305.000 ns	     34929	800073f4	0075d133	srl	x2,x11,x7	 x11:0x0000004c  x7:0x00000000  x2=0x0000004c
     349315.000 ns	     34930	800073f8	413c0733	sub	x14,x24,x19	 x24:0x00000000 x19:0xdd000000 x14=0x23000000
     349335.000 ns	     34932	800073fc	a1f683d3	fle.s	x7,f13,f31	 f13:0x80000000 f31:0x00000000  x7=0x00000001
     349355.000 ns	     34934	80007400	011c40b3	xor	x1,x24,x17	 x24:0x00000000 x17:0x00000000  x1=0x00000000
     349375.000 ns	     34936	80007404	03f21333	mulh	x6,x4,x31	  x4:0x00000000 x31:0x00000000  x6=0x00000000
     349405.000 ns	     34939	80007408	d00cf853	fcvt.s.w	f16,x25	 x25:0x00000000 f16=0x00000000
     349435.000 ns	     34942	8000740c	f0040fd3	fmv.w.x	f31,x8	  x8:0x00000000 f31=0x00000000
     349465.000 ns	     34945	80007410	030fcf33	div	x30,x31,x16	 x31:0x00000000 x16:0x00000000 x30=0xffffffff
     349505.000 ns	     34949	80007414	19861f53	fdiv.s	f30,f12,f24	 f12:0x7fc00000 f24:0xffc00000 f30=0x7fc00000
     349555.000 ns	     34954	80007418	08077653	fsub.s	f12,f14,f0	 f14:0x80000000  f0:0x7d03c2c3 f12=0xfd03c2c3
     349575.000 ns	     34956	8000741c	996fef13	ori	x30,x31,-1642	 x31:0x00000000 x30=0xfffff996
     349595.000 ns	     34958	80007420	283d0c53	fmin.s	f24,f26,f3	 f26:0x80041024  f3:0x00000040 f24=0x80041024
     349625.000 ns	     34961	80007424	f0028cd3	fmv.w.x	f25,x5	  x5:0x00000000 f25=0x00000000
     349655.000 ns	     34964	80007428	c000c453	fcvt.w.s	x8,f1	  f1:0x80000000  x8=0x00000000
     349685.000 ns	     34967	8000742c	020dafb3	mulhsu	x31,x27,x0	 x27:0x80041024  x0:0x00000000 x31=0x00000000
     349715.000 ns	     34970	80007430	e00795d3	fclass.s	x11,f15	 f15:0xce0f70c6 x11=0x00000002
     349745.000 ns	     34973	80007434	03d8d333	divu	x6,x17,x29	 x17:0x00000000 x29:0x00000000  x6=0xffffffff
     349775.000 ns	     34976	80007438	e00f0ad3	fmv.x.w	x21,f30	 f30:0x7fc00000 x21=0x7fc00000
     349795.000 ns	     34978	8000743c	00243033	sltu	x0,x8,x2	  x8:0x00000000  x2:0x0000004c
     349805.000 ns	     34979	80007440	00000013	addi	x0,x0,0	  x0:0x00000000
     349825.000 ns	     34981	80007444	204e25d3	fsgnjx.s	f11,f28,f4	 f28:0xce0f70c6  f4:0x00000000 f11=0xce0f70c6
     349875.000 ns	     34986	80007448	0911c8d3	fsub.s	f17,f3,f17	  f3:0x00000040 f17:0x3f800000 f17=0xbf800000
     349895.000 ns	     34988	8000744c	00c5b033	sltu	x0,x11,x12	 x11:0x00000002 x12:0x00000001
     349905.000 ns	     34989	80007450	2a3aeb13	ori	x22,x21,675	 x21:0x7fc00000 x22=0x7fc002a3
     349925.000 ns	     34991	80007454	f00c8853	fmv.w.x	f16,x25	 x25:0x00000000 f16=0x00000000
     350295.000 ns	     35028	80007458	022dd0b3	divu	x1,x27,x2	 x27:0x80041024  x2:0x0000004c  x1=0x01af361b
     350325.000 ns	     35031	8000745c	292f8953	fmin.s	f18,f31,f18	 f31:0x00000000 f18:0x3f800000 f18=0x00000000
     350345.000 ns	     35033	80007460	01a52cb3	slt	x25,x10,x26	 x10:0x00122d39 x26:0x80040fe4 x25=0x00000000
     350675.000 ns	     35066	80007464	19d99b53	fdiv.s	f22,f19,f29	 f19:0x80000604 f29:0x42100000 f22=0x80000000
     350695.000 ns	     35068	80007468	00f29033	sll	x0,x5,x15	  x5:0x00000000 x15:0x77c8048e
     350705.000 ns	     35069	8000746c	9c292613	slti	x12,x18,-1598	 x18:0x00000001 x12=0x00000000
     350715.000 ns	     35070	80007470	dc79ea13	ori	x20,x19,-569	 x19:0xdd000000 x20=0xfffffdc7
     350735.000 ns	     35072	80007474	d01bf353	fcvt.s.wu	f6,x23	 x23:0x00020010  f6=0x48000400
     350765.000 ns	     35075	80007478	c010fb53	fcvt.wu.s	x22,f1	  f1:0x80000000 x22=0x00000000
     350785.000 ns	     35077	8000747c	0130fab3	and	x21,x1,x19	  x1:0x01af361b x19:0xdd000000 x21=0x01000000
     350795.000 ns	     35078	80007480	60c9fc93	andi	x25,x19,1548	 x19:0xdd000000 x25=0x00000000
     350805.000 ns	     35079	80007484	01199613	slli	x12,x19,0x11	 x19:0xdd000000 x12=0x00000000
     350825.000 ns	     35081	80007488	02579833	mulh	x16,x15,x5	 x15:0x77c8048e  x5:0x00000000 x16=0x00000000
     350865.000 ns	     35085	8000748c	11cbcdd3	fmul.s	f27,f23,f28	 f23:0x80000604 f28:0xce0f70c6 f27=0x08d7b89a
     350895.000 ns	     35088	80007490	f0000ad3	fmv.w.x	f21,x0	  x0:0x00000000 f21=0x00000000
     350915.000 ns	     35090	80007494	9cc0fa97	auipc	x21,0x9cc0f	 x21=0x1cc16494
     350925.000 ns	     35091	80007498	40475333	sra	x6,x14,x4	 x14:0x23000000  x4:0x00000000  x6=0x23000000
     350935.000 ns	     35092	8000749c	1fbb6337	lui	x6,0x1fbb6	  x6=0x1fbb6000
     350955.000 ns	     35094	800074a0	025bf9b3	remu	x19,x23,x5	 x23:0x00020010  x5:0x00000000 x19=0x00020010
     350985.000 ns	     35097	800074a4	c0177e53	fcvt.wu.s	x28,f14	 f14:0x80000000 x28=0x00000000
     351005.000 ns	     35099	800074a8	6a3a8913	addi	x18,x21,1699	 x21:0x1cc16494 x18=0x1cc16b37
     351015.000 ns	     35100	800074ac	41155eb3	sra	x29,x10,x17	 x10:0x00122d39 x17:0x00000000 x29=0x00122d39
     351035.000 ns	     35102	800074b0	294e1853	fmax.s	f16,f28,f20	 f28:0xce0f70c6 f20:0x00000000 f16=0x00000000
     351065.000 ns	     35105	800074b4	20ca8ad3	fsgnj.s	f21,f21,f12	 f21:0x00000000 f12:0xfd03c2c3 f21=0x80000000
     351095.000 ns	     35108	800074b8	28ed8853	fmin.s	f16,f27,f14	 f27:0x08d7b89a f14:0x80000000 f16=0x80000000
     351115.000 ns	     35110	800074bc	01f25733	srl	x14,x4,x31	  x4:0x00000000 x31:0x00000000 x14=0x00000000
     351135.000 ns	     35112	800074c0	e0070753	fmv.x.w	x14,f14	 f14:0x80000000 x14=0x80000000
     351165.000 ns	     35115	800074c4	a0ab86d3	fle.s	x13,f23,f10	 f23:0x80000604 f10:0x44920000 x13=0x00000001
     351195.000 ns	     35118	800074c8	21ee20d3	fsgnjx.s	f1,f28,f30	 f28:0xce0f70c6 f30:0x7fc00000  f1=0xce0f70c6
     351215.000 ns	     35120	800074cc	e071f017	auipc	x0,0xe071f	
     351235.000 ns	     35122	800074d0	03cfde33	divu	x28,x31,x28	 x31:0x00000000 x28:0x00000000 x28=0xffffffff
     351285.000 ns	     35127	800074d4	08897bd3	fsub.s	f23,f18,f8	 f18:0x00000000  f8:0x00000000 f23=0x80000000
     351325.000 ns	     35131	800074d8	10af3753	fmul.s	f14,f30,f10	 f30:0x7fc00000 f10:0x44920000 f14=0x7fc00000
     351345.000 ns	     35133	800074dc	01fce1b3	or	x3,x25,x31	 x25:0x00000000 x31:0x00000000  x3=0x00000000
     351365.000 ns	     35135	800074e0	20788bd3	fsgnj.s	f23,f17,f7	 f17:0xbf800000  f7:0x80000000 f23=0xbf800000
     351385.000 ns	     35137	800074e4	0110b033	sltu	x0,x1,x17	  x1:0x01af361b x17:0x00000000
     351395.000 ns	     35138	800074e8	00cb0a33	add	x20,x22,x12	 x22:0x00000000 x12:0x00000000 x20=0x00000000
     351415.000 ns	     35140	800074ec	029e2bb3	mulhsu	x23,x28,x9	 x28:0xffffffff  x9:0x00000000 x23=0x00000000
     351785.000 ns	     35177	800074f0	03d5ecb3	rem	x25,x11,x29	 x11:0x00000002 x29:0x00122d39 x25=0x00000002
     351815.000 ns	     35180	800074f4	a1412553	feq.s	x10,f2,f20	  f2:0xce9f1d00 f20:0x00000000 x10=0x00000000
     351835.000 ns	     35182	800074f8	00000013	addi	x0,x0,0	  x0:0x00000000
     351845.000 ns	     35183	800074fc	00595f93	srli	x31,x18,0x5	 x18:0x1cc16b37 x31=0x00e60b59
     352175.000 ns	     35216	80007500	19a2fc53	fdiv.s	f24,f5,f26	  f5:0x7d03c2c3 f26:0x80041024 f24=0xff800000
     352205.000 ns	     35219	80007504	02722eb3	mulhsu	x29,x4,x7	  x4:0x00000000  x7:0x00000001 x29=0x00000000
     352235.000 ns	     35222	80007508	03025433	divu	x8,x4,x16	  x4:0x00000000 x16:0x00000000  x8=0xffffffff
     352605.000 ns	     35259	8000750c	03394833	div	x16,x18,x19	 x18:0x1cc16b37 x19:0x00020010 x16=0x00000e60
     352635.000 ns	     35262	80007510	0258eb33	rem	x22,x17,x5	 x17:0x00000000  x5:0x00000000 x22=0x00000000
     352655.000 ns	     35264	80007514	fdadb813	sltiu	x16,x27,-38	 x27:0x80041024 x16=0x00000001
     352665.000 ns	     35265	80007518	0004a5b3	slt	x11,x9,x0	  x9:0x00000000  x0:0x00000000 x11=0x00000000
     352685.000 ns	     35267	8000751c	034a3b33	mulhu	x22,x20,x20	 x20:0x00000000 x20:0x00000000 x22=0x00000000
     352715.000 ns	     35270	80007520	28c60f53	fmin.s	f30,f12,f12	 f12:0xfd03c2c3 f12:0xfd03c2c3 f30=0xfd03c2c3
     352735.000 ns	     35272	80007524	017f9c93	slli	x25,x31,0x17	 x31:0x00e60b59 x25=0xac800000
     352755.000 ns	     35274	80007528	03836e33	rem	x28,x6,x24	  x6:0x1fbb6000 x24:0x00000000 x28=0x1fbb6000
     352785.000 ns	     35277	8000752c	a1d423d3	feq.s	x7,f8,f29	  f8:0x00000000 f29:0x42100000  x7=0x00000000
     352815.000 ns	     35280	80007530	e0069253	fclass.s	x4,f13	 f13:0x80000000  x4=0x00000008
     352845.000 ns	     35283	80007534	f0038d53	fmv.w.x	f26,x7	  x7:0x00000000 f26=0x00000000
     352895.000 ns	     35288	80007538	086945d3	fsub.s	f11,f18,f6	 f18:0x00000000  f6:0x48000400 f11=0xc8000400
     352925.000 ns	     35291	8000753c	e00a8cd3	fmv.x.w	x25,f21	 f21:0x80000000 x25=0x80000000
     352945.000 ns	     35293	80007540	00d75713	srli	x14,x14,0xd	 x14:0x80000000 x14=0x00040000
     352955.000 ns	     35294	80007544	5a14fb97	auipc	x23,0x5a14f	 x23=0xda156544
     352965.000 ns	     35295	80007548	b55b0593	addi	x11,x22,-1195	 x22:0x00000000 x11=0xfffffb55
     352975.000 ns	     35296	8000754c	a0092493	slti	x9,x18,-1536	 x18:0x1cc16b37  x9=0x00000000
     353005.000 ns	     35299	80007550	18b700d3	fdiv.s	f1,f14,f11	 f14:0x7fc00000 f11:0xc8000400  f1=0x7fc00000
     353045.000 ns	     35303	80007554	187a70d3	fdiv.s	f1,f20,f7	 f20:0x00000000  f7:0x80000000  f1=0x7fc00000
     353075.000 ns	     35306	80007558	f0080553	fmv.w.x	f10,x16	 x16:0x00000001 f10=0x00000001
     353105.000 ns	     35309	8000755c	a1718153	fle.s	x2,f3,f23	  f3:0x00000040 f23:0xbf800000  x2=0x00000000
     353135.000 ns	     35312	80007560	29b685d3	fmin.s	f11,f13,f27	 f13:0x80000000 f27:0x08d7b89a f11=0x80000000
     353155.000 ns	     35314	80007564	8e114e93	xori	x29,x2,-1823	  x2:0x00000000 x29=0xfffff8e1
     353165.000 ns	     35315	80007568	410bd693	srai	x13,x23,0x10	 x23:0xda156544 x13=0xffffda15
     353185.000 ns	     35317	8000756c	03da84b3	mul	x9,x21,x29	 x21:0x1cc16494 x29:0x00000000  x9=0x3ad4c614
     353215.000 ns	     35320	80007570	a1cd2053	feq.s	x0,f26,f28	 f26:0x00000000 f28:0xce0f70c6
     353235.000 ns	     35322	80007574	01acd1b3	srl	x3,x25,x26	 x25:0x80000000 x26:0x80040fe4  x3=0x08000000
     353255.000 ns	     35324	80007578	03672eb3	mulhsu	x29,x14,x22	 x14:0x00040000 x22:0x00000000 x29=0x00000000
     353295.000 ns	     35328	8000757c	104578d3	fmul.s	f17,f10,f4	 f10:0x00000001  f4:0x00000000 f17=0x00000000
     353315.000 ns	     35330	80007580	401f5c93	srai	x25,x30,0x1	 x30:0xfffff996 x25=0xfffffccb
     353335.000 ns	     35332	80007584	e0039353	fclass.s	x6,f7	  f7:0x80000000  x6=0x00000008
     353385.000 ns	     35337	80007588	09cac8d3	fsub.s	f17,f21,f28	 f21:0x80000000 f28:0xce0f70c6 f17=0x4e0f70c6
     353405.000 ns	     35339	8000758c	41c65513	srai	x10,x12,0x1c	 x12:0x00000000 x10=0x00000000
     353445.000 ns	     35343	80007590	000277d3	fadd.s	f15,f4,f0	  f4:0x00000000  f0:0x7d03c2c3 f15=0x7d03c2c3
     353475.000 ns	     35346	80007594	0315b6b3	mulhu	x13,x11,x17	 x11:0xfffffb55 x17:0x00000000 x13=0x00000000
     353845.000 ns	     35383	80007598	035dfc33	remu	x24,x27,x21	 x27:0x80041024 x21:0x1cc16494 x24=0x0cfe7dd4
     353885.000 ns	     35387	8000759c	1138ce53	fmul.s	f28,f17,f19	 f17:0x4e0f70c6 f19:0x80000604 f28=0x88d7b89a
     353915.000 ns	     35390	800075a0	28e410d3	fmax.s	f1,f8,f14	  f8:0x00000000 f14:0x7fc00000  f1=0x00000000
     353945.000 ns	     35393	800075a4	29ae8953	fmin.s	f18,f29,f26	 f29:0x42100000 f26:0x00000000 f18=0x00000000
     353985.000 ns	     35397	800075a8	10b57dd3	fmul.s	f27,f10,f11	 f10:0x00000001 f11:0x80000000 f27=0x80000000
     354025.000 ns	     35401	800075ac	580833d3	fsqrt.s	f7,f16	 f16:0x80000000  f7=0x80000000
     354395.000 ns	     35438	800075b0	0395da33	divu	x20,x11,x25	 x11:0xfffffb55 x25:0xfffffccb x20=0x00000000
     354425.000 ns	     35441	800075b4	c01789d3	fcvt.wu.s	x19,f15	 f15:0x7d03c2c3 x19=0xffffffff
     354455.000 ns	     35444	800075b8	d0017653	fcvt.s.w	f12,x2	  x2:0x00000000 f12=0x00000000
     354485.000 ns	     35447	800075bc	d012fd53	fcvt.s.wu	f26,x5	  x5:0x00000000 f26=0x00000000
     354505.000 ns	     35449	800075c0	abf06913	ori	x18,x0,-1345	  x0:0x00000000 x18=0xfffffabf
     354525.000 ns	     35451	800075c4	2020ab53	fsgnjx.s	f22,f1,f2	  f1:0x00000000  f2:0xce9f1d00 f22=0x80000000
     354555.000 ns	     35454	800075c8	c01841d3	fcvt.wu.s	x3,f16	 f16:0x80000000  x3=0x00000000
     354575.000 ns	     35456	800075cc	00000013	addi	x0,x0,0	  x0:0x00000000
     354585.000 ns	     35457	800075d0	007cd893	srli	x17,x25,0x7	 x25:0xfffffccb x17=0x01fffff9
     354615.000 ns	     35460	800075d4	1023ff53	fmul.s	f30,f7,f2	  f7:0x80000000  f2:0xce9f1d00 f30=0x00000000
     354635.000 ns	     35462	800075d8	00000013	addi	x0,x0,0	  x0:0x00000000
     354665.000 ns	     35465	800075dc	11157bd3	fmul.s	f23,f10,f17	 f10:0x00000001 f17:0x4e0f70c6 f23=0x038f70c7
     354705.000 ns	     35469	800075e0	103ea453	fmul.s	f8,f29,f3	 f29:0x42100000  f3:0x00000040  f8=0x00000900
     354725.000 ns	     35471	800075e4	00000013	addi	x0,x0,0	  x0:0x00000000
     354735.000 ns	     35472	800075e8	40c9dcb3	sra	x25,x19,x12	 x19:0xffffffff x12:0x00000000 x25=0xffffffff
     354755.000 ns	     35474	800075ec	21e48753	fsgnj.s	f14,f9,f30	  f9:0x80000000 f30:0x00000000 f14=0x00000000
     354775.000 ns	     35476	800075f0	dbcc2517	auipc	x10,0xdbcc2	 x10=0x5bcc95f0
     354785.000 ns	     35477	800075f4	00db3bb3	sltu	x23,x22,x13	 x22:0x00000000 x13:0x00000000 x23=0x00000000
     354795.000 ns	     35478	800075f8	253fc813	xori	x16,x31,595	 x31:0x00e60b59 x16=0x00e6090a
     355155.000 ns	     35514	800075fc	031f7b33	remu	x22,x30,x17	 x30:0xfffff996 x17:0x01fffff9 x22=0x01fffd0f
     355185.000 ns	     35517	80007600	211d2ed3	fsgnjx.s	f29,f26,f17	 f26:0x00000000 f17:0x4e0f70c6 f29=0x00000000
     355215.000 ns	     35520	80007604	021b8933	mul	x18,x23,x1	 x23:0x00000000  x1:0x01af361b x18=0x00000000
     355235.000 ns	     35522	80007608	010b8833	add	x16,x23,x16	 x23:0x00000000 x16:0x00e6090a x16=0x00e6090a
     355275.000 ns	     35526	8000760c	01e50ad3	fadd.s	f21,f10,f30	 f10:0x00000001 f30:0x00000000 f21=0x00000001
     355295.000 ns	     35528	80007610	019229b3	slt	x19,x4,x25	  x4:0x00000008 x25:0xffffffff x19=0x00000000
     355315.000 ns	     35530	80007614	022e2a33	mulhsu	x20,x28,x2	 x28:0x1fbb6000  x2:0x00000000 x20=0x00000000
     355685.000 ns	     35567	80007618	03537033	remu	x0,x6,x21	  x6:0x00000008 x21:0x1cc16494
     355735.000 ns	     35572	8000761c	0093f653	fadd.s	f12,f7,f9	  f7:0x80000000  f9:0x80000000 f12=0x80000000
     355755.000 ns	     35574	80007620	d3e66a93	ori	x21,x12,-706	 x12:0x00000000 x21=0xfffffd3e
     355775.000 ns	     35576	80007624	022fb833	mulhu	x16,x31,x2	 x31:0x00e60b59  x2:0x00000000 x16=0x00000000
     355805.000 ns	     35579	80007628	29c38fd3	fmin.s	f31,f7,f28	  f7:0x80000000 f28:0x88d7b89a f31=0x88d7b89a
     355825.000 ns	     35581	8000762c	0046f333	and	x6,x13,x4	 x13:0x00000000  x4:0x00000008  x6=0x00000000
     355845.000 ns	     35583	80007630	025350b3	divu	x1,x6,x5	  x6:0x00000008  x5:0x00000000  x1=0xffffffff
     355865.000 ns	     35585	80007634	00b53533	sltu	x10,x10,x11	 x10:0x5bcc95f0 x11:0xfffffb55 x10=0x00000001
     355885.000 ns	     35587	80007638	c010f753	fcvt.wu.s	x14,f1	  f1:0x00000000 x14=0x00000000
     355915.000 ns	     35590	8000763c	20750b53	fsgnj.s	f22,f10,f7	 f10:0x00000001  f7:0x80000000 f22=0x80000001
     355935.000 ns	     35592	80007640	00b1c233	xor	x4,x3,x11	  x3:0x00000000 x11:0xfffffb55  x4=0xfffffb55
     355955.000 ns	     35594	80007644	2177af53	fsgnjx.s	f30,f15,f23	 f15:0x7d03c2c3 f23:0x038f70c7 f30=0x7d03c2c3
     355975.000 ns	     35596	80007648	004bc9b3	xor	x19,x23,x4	 x23:0x00000000  x4:0x00000008 x19=0xfffffb55
     355995.000 ns	     35598	8000764c	e00c8553	fmv.x.w	x10,f25	 f25:0x00000000 x10=0x00000000
     356015.000 ns	     35600	80007650	00973933	sltu	x18,x14,x9	 x14:0x00000000  x9:0x3ad4c614 x18=0x00000001
     356025.000 ns	     35601	80007654	2682bc13	sltiu	x24,x5,616	  x5:0x00000000 x24=0x00000001
     356045.000 ns	     35603	80007658	e0081cd3	fclass.s	x25,f16	 f16:0x80000000 x25=0x00000008
     356075.000 ns	     35606	8000765c	29949ed3	fmax.s	f29,f9,f25	  f9:0x80000000 f25:0x00000000 f29=0x00000000
     356095.000 ns	     35608	80007660	0dea6e37	lui	x28,0xdea6	 x28=0x0dea6000
     356125.000 ns	     35611	80007664	105ffad3	fmul.s	f21,f31,f5	 f31:0x88d7b89a  f5:0x7d03c2c3 f21=0xc65e0f2a
     356155.000 ns	     35614	80007668	036d2733	mulhsu	x14,x26,x22	 x26:0x80040fe4 x22:0x01fffd0f x14=0xff000998
     356175.000 ns	     35616	8000766c	00e629b3	slt	x19,x12,x14	 x12:0x00000000 x14:0x00000000 x19=0x00000000
     356195.000 ns	     35618	80007670	a06c25d3	feq.s	x11,f24,f6	 f24:0xff800000  f6:0x48000400 x11=0x00000000
     356215.000 ns	     35620	80007674	40a25013	srai	x0,x4,0xa	  x4:0xfffffb55
     356225.000 ns	     35621	80007678	00f336b3	sltu	x13,x6,x15	  x6:0x00000000 x15:0x77c8048e x13=0x00000001
     356235.000 ns	     35622	8000767c	004b6333	or	x6,x22,x4	 x22:0x01fffd0f  x4:0xfffffb55  x6=0xffffff5f
     356255.000 ns	     35624	80007680	035ebc33	mulhu	x24,x29,x21	 x29:0x00000000 x21:0xfffffd3e x24=0x00000000
     356285.000 ns	     35627	80007684	032d8c33	mul	x24,x27,x18	 x27:0x80041024 x18:0x00000001 x24=0x80041024
     356305.000 ns	     35629	80007688	b747f213	andi	x4,x15,-1164	 x15:0x77c8048e  x4=0x77c80004
     356325.000 ns	     35631	8000768c	20610fd3	fsgnj.s	f31,f2,f6	  f2:0xce9f1d00  f6:0x48000400 f31=0x4e9f1d00
     356355.000 ns	     35634	80007690	e00e9b53	fclass.s	x22,f29	 f29:0x00000000 x22=0x00000010
     356375.000 ns	     35636	80007694	53b42593	slti	x11,x8,1339	  x8:0xffffffff x11=0x00000001
     356395.000 ns	     35638	80007698	02721633	mulh	x12,x4,x7	  x4:0x77c80004  x7:0x00000000 x12=0x00000000
     356415.000 ns	     35640	8000769c	4159d813	srai	x16,x19,0x15	 x19:0x00000000 x16=0x00000000
     356435.000 ns	     35642	800076a0	a1da9b53	flt.s	x22,f21,f29	 f21:0xc65e0f2a f29:0x00000000 x22=0x00000001
     356805.000 ns	     35679	800076a4	02915a33	divu	x20,x2,x9	  x2:0x00000000  x9:0x3ad4c614 x20=0x00000000
     356835.000 ns	     35682	800076a8	28d29b53	fmax.s	f22,f5,f13	  f5:0x7d03c2c3 f13:0x80000000 f22=0x7d03c2c3
     356855.000 ns	     35684	800076ac	400c5a93	srai	x21,x24,0x0	 x24:0x80041024 x21=0x80041024
     356875.000 ns	     35686	800076b0	d0157cd3	fcvt.s.wu	f25,x10	 x10:0x00000000 f25=0x00000000
     356895.000 ns	     35688	800076b4	e6446bb7	lui	x23,0xe6446	 x23=0xe6446000
     356915.000 ns	     35690	800076b8	a0ec8153	fle.s	x2,f25,f14	 f25:0x00000000 f14:0x00000000  x2=0x00000001
     356945.000 ns	     35693	800076bc	212d92d3	fsgnjn.s	f5,f27,f18	 f27:0x80000000 f18:0x00000000  f5=0x80000000
     356985.000 ns	     35697	800076c0	187b0f53	fdiv.s	f30,f22,f7	 f22:0x7d03c2c3  f7:0x80000000 f30=0xff800000
     357015.000 ns	     35700	800076c4	29ae07d3	fmin.s	f15,f28,f26	 f28:0x88d7b89a f26:0x00000000 f15=0x88d7b89a
     357035.000 ns	     35702	800076c8	002deeb3	or	x29,x27,x2	 x27:0x80041024  x2:0x00000001 x29=0x80041025
     357055.000 ns	     35704	800076cc	21cba453	fsgnjx.s	f8,f23,f28	 f23:0x038f70c7 f28:0x88d7b89a  f8=0x838f70c7
     357075.000 ns	     35706	800076d0	9d11c293	xori	x5,x3,-1583	  x3:0x00000000  x5=0xfffff9d1
     357435.000 ns	     35742	800076d4	032a7933	remu	x18,x20,x18	 x20:0x00000000 x18:0x00000001 x18=0x00000000
     357465.000 ns	     35745	800076d8	e00e14d3	fclass.s	x9,f28	 f28:0x88d7b89a  x9=0x00000002
     357485.000 ns	     35747	800076dc	406e5c93	srai	x25,x28,0x6	 x28:0x0dea6000 x25=0x0037a980
     358655.000 ns	     35864	800076e0	5808fad3	fsqrt.s	f21,f17	 f17:0x4e0f70c6 f21=0x464ada64
     358685.000 ns	     35867	800076e4	e00785d3	fmv.x.w	x11,f15	 f15:0x88d7b89a x11=0x88d7b89a
     358715.000 ns	     35870	800076e8	d0172553	fcvt.s.wu	f10,x14	 x14:0xff000998 f10=0x4f7f000a
     358735.000 ns	     35872	800076ec	03054c13	xori	x24,x10,48	 x10:0x00000000 x24=0x00000030
     358755.000 ns	     35874	800076f0	200d18d3	fsgnjn.s	f17,f26,f0	 f26:0x00000000  f0:0x7d03c2c3 f17=0x80000000
     358785.000 ns	     35877	800076f4	d007ccd3	fcvt.s.w	f25,x15	 x15:0x77c8048e f25=0x4eef9009
     358805.000 ns	     35879	800076f8	00e55e33	srl	x28,x10,x14	 x10:0x00000000 x14:0xff000998 x28=0x00000000
     358815.000 ns	     35880	800076fc	00000013	addi	x0,x0,0	  x0:0x00000000
     358835.000 ns	     35882	80007700	21e424d3	fsgnjx.s	f9,f8,f30	  f8:0x838f70c7 f30:0xff800000  f9=0x038f70c7
     358855.000 ns	     35884	80007704	00e1bbb3	sltu	x23,x3,x14	  x3:0x00000000 x14:0xff000998 x23=0x00000001
     358875.000 ns	     35886	80007708	03c10733	mul	x14,x2,x28	  x2:0x00000001 x28:0x00000000 x14=0x00000000
     358895.000 ns	     35888	8000770c	01849613	slli	x12,x9,0x18	  x9:0x00000002 x12=0x02000000
     358905.000 ns	     35889	80007710	41785113	srai	x2,x16,0x17	 x16:0x00000000  x2=0x00000000
     358925.000 ns	     35891	80007714	c007f253	fcvt.w.s	x4,f15	 f15:0x88d7b89a  x4=0x00000000
     358955.000 ns	     35894	80007718	022374b3	remu	x9,x6,x2	  x6:0xffffff5f  x2:0x00000001  x9=0xffffff5f
     358975.000 ns	     35896	8000771c	40f80633	sub	x12,x16,x15	 x16:0x00000000 x15:0x77c8048e x12=0x8837fb72
     358995.000 ns	     35898	80007720	28498d53	fmin.s	f26,f19,f4	 f19:0x80000604  f4:0x00000000 f26=0x80000604
     359015.000 ns	     35900	80007724	fdb9f893	andi	x17,x19,-37	 x19:0x00000000 x17=0x00000000
     359025.000 ns	     35901	80007728	006650b3	srl	x1,x12,x6	 x12:0x8837fb72  x6:0xffffff5f  x1=0x00000001
     359035.000 ns	     35902	8000772c	01c7e0b3	or	x1,x15,x28	 x15:0x77c8048e x28:0x00000000  x1=0x77c8048e
     359055.000 ns	     35904	80007730	e0049fd3	fclass.s	x31,f9	  f9:0x038f70c7 x31=0x00000040
     359075.000 ns	     35906	80007734	00000013	addi	x0,x0,0	  x0:0x00000000
     359095.000 ns	     35908	80007738	d01fc0d3	fcvt.s.wu	f1,x31	 x31:0x00000040  f1=0x42800000
     359125.000 ns	     35911	8000773c	a09702d3	fle.s	x5,f14,f9	 f14:0x00000000  f9:0x038f70c7  x5=0x00000001
     359145.000 ns	     35913	80007740	00cd3b33	sltu	x22,x26,x12	 x26:0x80040fe4 x12:0x8837fb72 x22=0x00000001
     359165.000 ns	     35915	80007744	02ea5a33	divu	x20,x20,x14	 x20:0x00000000 x14:0x00000000 x20=0xffffffff
     359185.000 ns	     35917	80007748	0082f1b3	and	x3,x5,x8	  x5:0x00000001  x8:0xffffffff  x3=0x00000001
     359205.000 ns	     35919	8000774c	28501a53	fmax.s	f20,f0,f5	  f0:0x7d03c2c3  f5:0x80000000 f20=0x7d03c2c3
     359235.000 ns	     35922	80007750	e0079853	fclass.s	x16,f15	 f15:0x88d7b89a x16=0x00000002
     359265.000 ns	     35925	80007754	21651253	fsgnjn.s	f4,f10,f22	 f10:0x4f7f000a f22:0x7d03c2c3  f4=0xcf7f000a
     359315.000 ns	     35930	80007758	08d41b53	fsub.s	f22,f8,f13	  f8:0x838f70c7 f13:0x80000000 f22=0x838f70c7
     359335.000 ns	     35932	8000775c	00c81033	sll	x0,x16,x12	 x16:0x00000002 x12:0x8837fb72
     359355.000 ns	     35934	80007760	038b2eb3	mulhsu	x29,x22,x24	 x22:0x00000001 x24:0x00000030 x29=0x00000000
     359405.000 ns	     35939	80007764	09e92cd3	fsub.s	f25,f18,f30	 f18:0x00000000 f30:0xff800000 f25=0x7f800000
     359445.000 ns	     35943	80007768	192972d3	fdiv.s	f5,f18,f18	 f18:0x00000000 f18:0x00000000  f5=0x7fc00000
     359465.000 ns	     35945	8000776c	46067e13	andi	x28,x12,1120	 x12:0x8837fb72 x28=0x00000060
     359485.000 ns	     35947	80007770	2033a7d3	fsgnjx.s	f15,f7,f3	  f7:0x80000000  f3:0x00000040 f15=0x80000000
     359525.000 ns	     35951	80007774	10433953	fmul.s	f18,f6,f4	  f6:0x48000400  f4:0xcf7f000a f18=0xd7ff0802
     359555.000 ns	     35954	80007778	e0010a53	fmv.x.w	x20,f2	  f2:0xce9f1d00 x20=0xce9f1d00
     359575.000 ns	     35956	8000777c	1348c013	xori	x0,x17,308	 x17:0x00000000
     359585.000 ns	     35957	80007780	019a0b33	add	x22,x20,x25	 x20:0xce9f1d00 x25:0x0037a980 x22=0xced6c680
     359615.000 ns	     35960	80007784	19c69553	fdiv.s	f10,f13,f28	 f13:0x80000000 f28:0x88d7b89a f10=0x00000000
     359645.000 ns	     35963	80007788	02b60433	mul	x8,x12,x11	 x12:0x8837fb72 x11:0x88d7b89a  x8=0xeb253294
     359675.000 ns	     35966	8000778c	282403d3	fmin.s	f7,f8,f2	  f8:0x838f70c7  f2:0xce9f1d00  f7=0xce9f1d00
     359695.000 ns	     35968	80007790	40605e33	sra	x28,x0,x6	  x0:0x00000000  x6:0xffffff5f x28=0x00000000
     359715.000 ns	     35970	80007794	02a7a933	mulhsu	x18,x15,x10	 x15:0x77c8048e x10:0x00000000 x18=0x00000000
     359745.000 ns	     35973	80007798	a1ee01d3	fle.s	x3,f28,f30	 f28:0x88d7b89a f30:0xff800000  x3=0x00000000
     359775.000 ns	     35976	8000779c	c01079d3	fcvt.wu.s	x19,f0	  f0:0x7d03c2c3 x19=0xffffffff
     359805.000 ns	     35979	800077a0	200a12d3	fsgnjn.s	f5,f20,f0	 f20:0x7d03c2c3  f0:0x7d03c2c3  f5=0xfd03c2c3
     359825.000 ns	     35981	800077a4	92187097	auipc	x1,0x92187	  x1=0x1218e7a4
     359845.000 ns	     35983	800077a8	023150b3	divu	x1,x2,x3	  x2:0x00000000  x3:0x00000000  x1=0xffffffff
     359865.000 ns	     35985	800077ac	007bf2b3	and	x5,x23,x7	 x23:0x00000001  x7:0x00000000  x5=0x00000000
     359885.000 ns	     35987	800077b0	c0033b53	fcvt.w.s	x22,f6	  f6:0x48000400 x22=0x00020010
     359915.000 ns	     35990	800077b4	d00c4653	fcvt.s.w	f12,x24	 x24:0x00000030 f12=0x42400000
     359935.000 ns	     35992	800077b8	00567ab3	and	x21,x12,x5	 x12:0x8837fb72  x5:0x00000000 x21=0x00000000
     359965.000 ns	     35995	800077bc	580d77d3	fsqrt.s	f15,f26	 f26:0x80000604 f15=0x7fc00000
     360005.000 ns	     35999	800077c0	580f1953	fsqrt.s	f18,f30	 f30:0xff800000 f18=0x7fc00000
     360035.000 ns	     36002	800077c4	e0050f53	fmv.x.w	x30,f10	 f10:0x00000000 x30=0x00000000
     360065.000 ns	     36005	800077c8	0246f033	remu	x0,x13,x4	 x13:0x00000001  x4:0x00000000
     360095.000 ns	     36008	800077cc	e00414d3	fclass.s	x9,f8	  f8:0x838f70c7  x9=0x00000002
     360115.000 ns	     36010	800077d0	a6d72f97	auipc	x31,0xa6d72	 x31=0x26d797d0
     360135.000 ns	     36012	800077d4	03f410b3	mulh	x1,x8,x31	  x8:0xeb253294 x31:0x00000040  x1=0xfcd5f561
     360155.000 ns	     36014	800077d8	01b396b3	sll	x13,x7,x27	  x7:0x00000000 x27:0x80041024 x13=0x00000000
     360175.000 ns	     36016	800077dc	c0049bd3	fcvt.w.s	x23,f9	  f9:0x038f70c7 x23=0x00000000
     360195.000 ns	     36018	800077e0	0103a733	slt	x14,x7,x16	  x7:0x00000000 x16:0x00000002 x14=0x00000001
     360215.000 ns	     36020	800077e4	022252b3	divu	x5,x4,x2	  x4:0x00000000  x2:0x00000000  x5=0xffffffff
     360235.000 ns	     36022	800077e8	41d60e33	sub	x28,x12,x29	 x12:0x8837fb72 x29:0x00000000 x28=0x8837fb72
     360245.000 ns	     36023	800077ec	01d2d033	srl	x0,x5,x29	  x5:0xffffffff x29:0x00000000
     360265.000 ns	     36025	800077f0	02f511b3	mulh	x3,x10,x15	 x10:0x00000000 x15:0x77c8048e  x3=0x00000000
     360295.000 ns	     36028	800077f4	f00408d3	fmv.w.x	f17,x8	  x8:0xeb253294 f17=0xeb253294
     360345.000 ns	     36033	800077f8	09f8f9d3	fsub.s	f19,f17,f31	 f17:0x80000000 f31:0x4e9f1d00 f19=0xeb253294
     360715.000 ns	     36070	800077fc	02c776b3	remu	x13,x14,x12	 x14:0x00000001 x12:0x8837fb72 x13=0x00000001
     360745.000 ns	     36073	80007800	2043add3	fsgnjx.s	f27,f7,f4	  f7:0xce9f1d00  f4:0xcf7f000a f27=0x4e9f1d00
     360765.000 ns	     36075	80007804	00e68833	add	x16,x13,x14	 x13:0x00000001 x14:0x00000001 x16=0x00000002
     360775.000 ns	     36076	80007808	01db1433	sll	x8,x22,x29	 x22:0x00020010 x29:0x00000000  x8=0x00020010
     360785.000 ns	     36077	8000780c	01d611b3	sll	x3,x12,x29	 x12:0x8837fb72 x29:0x00000000  x3=0x8837fb72
     360805.000 ns	     36079	80007810	d00b87d3	fcvt.s.w	f15,x23	 x23:0x00000000 f15=0x00000000
     360835.000 ns	     36082	80007814	03328eb3	mul	x29,x5,x19	  x5:0xffffffff x19:0xffffffff x29=0x00000001
     360855.000 ns	     36084	80007818	e7a10a13	addi	x20,x2,-390	  x2:0x00000000 x20=0xfffffe7a
     360875.000 ns	     36086	8000781c	a1bd9353	flt.s	x6,f27,f27	 f27:0x4e9f1d00 f27:0x4e9f1d00  x6=0x00000000
     360895.000 ns	     36088	80007820	00cbf1b3	and	x3,x23,x12	 x23:0x00000000 x12:0x8837fb72  x3=0x00000000
     361255.000 ns	     36124	80007824	03bbf9b3	remu	x19,x23,x27	 x23:0x00000000 x27:0x80041024 x19=0x00000000
     361285.000 ns	     36127	80007828	21139153	fsgnjn.s	f2,f7,f17	  f7:0xce9f1d00 f17:0xeb253294  f2=0x4e9f1d00
     361655.000 ns	     36164	8000782c	028158b3	divu	x17,x2,x8	  x2:0x00000000  x8:0x00020010 x17=0x00000000
     361685.000 ns	     36167	80007830	e00a1953	fclass.s	x18,f20	 f20:0x7d03c2c3 x18=0x00000040
     361705.000 ns	     36169	80007834	00799b93	slli	x23,x19,0x7	 x19:0x00000000 x23=0x00000000
     361725.000 ns	     36171	80007838	03b63333	mulhu	x6,x12,x27	 x12:0x8837fb72 x27:0x80041024  x6=0x441e272f
     361755.000 ns	     36174	8000783c	a0779f53	flt.s	x30,f15,f7	 f15:0x00000000  f7:0xce9f1d00 x30=0x00000000
     361785.000 ns	     36177	80007840	0365a2b3	mulhsu	x5,x11,x22	 x11:0x88d7b89a x22:0x00020010  x5=0xffff11a7
     361805.000 ns	     36179	80007844	002f1113	slli	x2,x30,0x2	 x30:0x00000000  x2=0x00000000
     361815.000 ns	     36180	80007848	df957b97	auipc	x23,0xdf957	 x23=0x5f95e848
     361825.000 ns	     36181	8000784c	00880533	add	x10,x16,x8	 x16:0x00000002  x8:0x00020010 x10=0x00020012
     361835.000 ns	     36182	80007850	0149ea33	or	x20,x19,x20	 x19:0x00000000 x20:0xfffffe7a x20=0xfffffe7a
     361855.000 ns	     36184	80007854	03da3b33	mulhu	x22,x20,x29	 x20:0xfffffe7a x29:0x00000001 x22=0x00000000
     361875.000 ns	     36186	80007858	01ec4033	xor	x0,x24,x30	 x24:0x00000030 x30:0x00000000
     361885.000 ns	     36187	8000785c	00c90633	add	x12,x18,x12	 x18:0x00000040 x12:0x8837fb72 x12=0x8837fbb2
     361895.000 ns	     36188	80007860	01653533	sltu	x10,x10,x22	 x10:0x00020012 x22:0x00000000 x10=0x00000000
     361905.000 ns	     36189	80007864	0051c133	xor	x2,x3,x5	  x3:0x00000000  x5:0xffff11a7  x2=0xffff11a7
     361915.000 ns	     36190	80007868	00000013	addi	x0,x0,0	  x0:0x00000000
     361935.000 ns	     36192	8000786c	f00085d3	fmv.w.x	f11,x1	  x1:0xfcd5f561 f11=0xfcd5f561
     361965.000 ns	     36195	80007870	c01f7b53	fcvt.wu.s	x22,f30	 f30:0xff800000 x22=0x00000000
     361995.000 ns	     36198	80007874	c0168553	fcvt.wu.s	x10,f13	 f13:0x80000000 x10=0x00000000
     362025.000 ns	     36201	80007878	c0131653	fcvt.wu.s	x12,f6	  f6:0x48000400 x12=0x00020010
     362055.000 ns	     36204	8000787c	20881b53	fsgnjn.s	f22,f16,f8	 f16:0x80000000  f8:0x838f70c7 f22=0x00000000
     362425.000 ns	     36241	80007880	03437933	remu	x18,x6,x20	  x6:0x441e272f x20:0xfffffe7a x18=0x441e272f
     362445.000 ns	     36243	80007884	0072bab3	sltu	x21,x5,x7	  x5:0xffff11a7  x7:0x00000000 x21=0x00000000
     362475.000 ns	     36246	80007888	115afad3	fmul.s	f21,f21,f21	 f21:0x464ada64 f21:0x464ada64 f21=0x4d20bd60
     362505.000 ns	     36249	8000788c	a1a81ad3	flt.s	x21,f16,f26	 f16:0x80000000 f26:0x80000604 x21=0x00000000
     362535.000 ns	     36252	80007890	d008f3d3	fcvt.s.w	f7,x17	 x17:0x00000000  f7=0x00000000
     362565.000 ns	     36255	80007894	d00eca53	fcvt.s.w	f20,x29	 x29:0x00000001 f20=0x3f800000
     362585.000 ns	     36257	80007898	827c8a13	addi	x20,x25,-2009	 x25:0x0037a980 x20=0x0037a1a7
     362595.000 ns	     36258	8000789c	0af84213	xori	x4,x16,175	 x16:0x00000002  x4=0x000000ad
     362925.000 ns	     36291	800078a0	19b43c53	fdiv.s	f24,f8,f27	  f8:0x838f70c7 f27:0x4e9f1d00 f24=0xf40f70c8
     363295.000 ns	     36328	800078a4	03d9f133	remu	x2,x19,x29	 x19:0x00000000 x29:0x00000001  x2=0x00000000
     363325.000 ns	     36331	800078a8	03cfb333	mulhu	x6,x31,x28	 x31:0x26d797d0 x28:0x8837fb72  x6=0x14ab071e
     363345.000 ns	     36333	800078ac	40f15093	srai	x1,x2,0xf	  x2:0x00000000  x1=0x00000000
     363355.000 ns	     36334	800078b0	0a1d9fb7	lui	x31,0xa1d9	 x31=0x0a1d9000
     363375.000 ns	     36336	800078b4	e00a80d3	fmv.x.w	x1,f21	 f21:0x4d20bd60  x1=0x4d20bd60
     363405.000 ns	     36339	800078b8	28228753	fmin.s	f14,f5,f2	  f5:0xfd03c2c3  f2:0x4e9f1d00 f14=0xfd03c2c3
     363425.000 ns	     36341	800078bc	003c3733	sltu	x14,x24,x3	 x24:0x00000030  x3:0x00000000 x14=0x00000000
     363445.000 ns	     36343	800078c0	e0041353	fclass.s	x6,f8	  f8:0x838f70c7  x6=0x00000002
     363465.000 ns	     36345	800078c4	0a9f9037	lui	x0,0xa9f9	
     363485.000 ns	     36347	800078c8	033cdf33	divu	x30,x25,x19	 x25:0x0037a980 x19:0x00000000 x30=0xffffffff
     363505.000 ns	     36349	800078cc	6a780093	addi	x1,x16,1703	 x16:0x00000002  x1=0x000006a9
     363515.000 ns	     36350	800078d0	0e386e13	ori	x28,x16,227	 x16:0x00000002 x28=0x000000e3
     363525.000 ns	     36351	800078d4	ecae7117	auipc	x2,0xecae7	  x2=0x6caee8d4
     363535.000 ns	     36352	800078d8	001089b3	add	x19,x1,x1	  x1:0x000006a9  x1:0x000006a9 x19=0x00000d52
     363545.000 ns	     36353	800078dc	40035e93	srai	x29,x6,0x0	  x6:0x00000002 x29=0x00000002
     363555.000 ns	     36354	800078e0	01b21013	slli	x0,x4,0x1b	  x4:0x000000ad
     363575.000 ns	     36356	800078e4	d00a9953	fcvt.s.w	f18,x21	 x21:0x00000000 f18=0x00000000
     363595.000 ns	     36358	800078e8	00239b13	slli	x22,x7,0x2	  x7:0x00000000 x22=0x00000000
     363605.000 ns	     36359	800078ec	54872293	slti	x5,x14,1352	 x14:0x00000000  x5=0x00000001
     363615.000 ns	     36360	800078f0	00ec25b3	slt	x11,x24,x14	 x24:0x00000030 x14:0x00000000 x11=0x00000000
     363625.000 ns	     36361	800078f4	3a9ef193	andi	x3,x29,937	 x29:0x00000002  x3=0x00000000
     363645.000 ns	     36363	800078f8	28209353	fmax.s	f6,f1,f2	  f1:0x42800000  f2:0x4e9f1d00  f6=0x4e9f1d00
     363675.000 ns	     36366	800078fc	02bff1b3	remu	x3,x31,x11	 x31:0x0a1d9000 x11:0x00000000  x3=0x0a1d9000
     363695.000 ns	     36368	80007900	00913cb3	sltu	x25,x2,x9	  x2:0x6caee8d4  x9:0x00000002 x25=0x00000000
     363715.000 ns	     36370	80007904	210e9f53	fsgnjn.s	f30,f29,f16	 f29:0x00000000 f16:0x80000000 f30=0x00000000
     363755.000 ns	     36374	80007908	11fe34d3	fmul.s	f9,f28,f31	 f28:0x88d7b89a f31:0x4e9f1d00  f9=0x98061417
     363805.000 ns	     36379	8000790c	00bcfdd3	fadd.s	f27,f25,f11	 f25:0x7f800000 f11:0xfcd5f561 f27=0x7f800000
     363835.000 ns	     36382	80007910	e0079053	fclass.s	x0,f15	 f15:0x00000000
     363865.000 ns	     36385	80007914	29650cd3	fmin.s	f25,f10,f22	 f10:0x00000000 f22:0x00000000 f25=0x00000000
     363895.000 ns	     36388	80007918	d00f1ad3	fcvt.s.w	f21,x30	 x30:0xffffffff f21=0xbf800000
     363915.000 ns	     36390	8000791c	c8d82393	slti	x7,x16,-883	 x16:0x00000002  x7=0x00000000
     363925.000 ns	     36391	80007920	019518b3	sll	x17,x10,x25	 x10:0x00000000 x25:0x00000000 x17=0x00000000
     363955.000 ns	     36394	80007924	580991d3	fsqrt.s	f3,f19	 f19:0xeb253294  f3=0x7fc00000
     363975.000 ns	     36396	80007928	00460f33	add	x30,x12,x4	 x12:0x00020010  x4:0x000000ad x30=0x000200bd
     363985.000 ns	     36397	8000792c	002b9633	sll	x12,x23,x2	 x23:0x5f95e848  x2:0x6caee8d4 x12=0x84800000
     364005.000 ns	     36399	80007930	e0059353	fclass.s	x6,f11	 f11:0xfcd5f561  x6=0x00000002
     364375.000 ns	     36436	80007934	03f9c533	div	x10,x19,x31	 x19:0x00000d52 x31:0x0a1d9000 x10=0x00000000
     364405.000 ns	     36439	80007938	293293d3	fmax.s	f7,f5,f19	  f5:0xfd03c2c3 f19:0xeb253294  f7=0xeb253294
     364425.000 ns	     36441	8000793c	019020b3	slt	x1,x0,x25	  x0:0x00000000 x25:0x00000000  x1=0x00000000
     364435.000 ns	     36442	80007940	a94af093	andi	x1,x21,-1388	 x21:0x00000000  x1=0x00000000
     364455.000 ns	     36444	80007944	c00dfe53	fcvt.w.s	x28,f27	 f27:0x7f800000 x28=0x7fffffff
     364485.000 ns	     36447	80007948	c00f72d3	fcvt.w.s	x5,f30	 f30:0x00000000  x5=0x00000000
     364505.000 ns	     36449	8000794c	88eb2e13	slti	x28,x22,-1906	 x22:0x00000000 x28=0x00000000
     364525.000 ns	     36451	80007950	21420d53	fsgnj.s	f26,f4,f20	  f4:0xcf7f000a f20:0x3f800000 f26=0x4f7f000a
     364555.000 ns	     36454	80007954	21a49853	fsgnjn.s	f16,f9,f26	  f9:0x98061417 f26:0x80000604 f16=0x98061417
     364595.000 ns	     36458	80007958	580afb53	fsqrt.s	f22,f21	 f21:0xbf800000 f22=0x7fc00000
     364615.000 ns	     36460	8000795c	00441313	slli	x6,x8,0x4	  x8:0x00020010  x6=0x00200100
     364635.000 ns	     36462	80007960	200a19d3	fsgnjn.s	f19,f20,f0	 f20:0x3f800000  f0:0x7d03c2c3 f19=0xbf800000
     364665.000 ns	     36465	80007964	c0118753	fcvt.wu.s	x14,f3	  f3:0x7fc00000 x14=0xffffffff
     364685.000 ns	     36467	80007968	01a875b3	and	x11,x16,x26	 x16:0x00000002 x26:0x80040fe4 x11=0x00000000
     364705.000 ns	     36469	8000796c	28681dd3	fmax.s	f27,f16,f6	 f16:0x98061417  f6:0x4e9f1d00 f27=0x4e9f1d00
     364725.000 ns	     36471	80007970	014e5913	srli	x18,x28,0x14	 x28:0x00000000 x18=0x00000000
     364735.000 ns	     36472	80007974	412bd713	srai	x14,x23,0x12	 x23:0x5f95e848 x14=0x000017e5
     364755.000 ns	     36474	80007978	c01ffb53	fcvt.wu.s	x22,f31	 f31:0x4e9f1d00 x22=0x4f8e8000
     364775.000 ns	     36476	8000797c	01bfdb93	srli	x23,x31,0x1b	 x31:0x0a1d9000 x23=0x00000001
     364795.000 ns	     36478	80007980	208b2653	fsgnjx.s	f12,f22,f8	 f22:0x7fc00000  f8:0x838f70c7 f12=0xffc00000
     364815.000 ns	     36480	80007984	00fbd633	srl	x12,x23,x15	 x23:0x5f95e848 x15:0x77c8048e x12=0x00000000
     364835.000 ns	     36482	80007988	f0080053	fmv.w.x	f0,x16	 x16:0x00000002  f0=0x00000002
     364865.000 ns	     36485	8000798c	213aaad3	fsgnjx.s	f21,f21,f19	 f21:0xbf800000 f19:0xbf800000 f21=0x3f800000
     364895.000 ns	     36488	80007990	02049533	mulh	x10,x9,x0	  x9:0x00000002  x0:0x00000000 x10=0x00000000
     364925.000 ns	     36491	80007994	216628d3	fsgnjx.s	f17,f12,f22	 f12:0xffc00000 f22:0x7fc00000 f17=0xffc00000
     364955.000 ns	     36494	80007998	e00b82d3	fmv.x.w	x5,f23	 f23:0x038f70c7  x5=0x038f70c7
     364995.000 ns	     36498	8000799c	11f9f7d3	fmul.s	f15,f19,f31	 f19:0xbf800000 f31:0x4e9f1d00 f15=0xce9f1d00
     365015.000 ns	     36500	800079a0	015b42b3	xor	x5,x22,x21	 x22:0x4f8e8000 x21:0x00000000  x5=0x4f8e8000
     365035.000 ns	     36502	800079a4	a0aaac53	feq.s	x24,f21,f10	 f21:0x3f800000 f10:0x00000000 x24=0x00000000
     365065.000 ns	     36505	800079a8	28cc8e53	fmin.s	f28,f25,f12	 f25:0x00000000 f12:0xffc00000 f28=0x00000000
     365095.000 ns	     36508	800079ac	a01a04d3	fle.s	x9,f20,f1	 f20:0x3f800000  f1:0x42800000  x9=0x00000001
     365465.000 ns	     36545	800079b0	029ee133	rem	x2,x29,x9	 x29:0x00000002  x9:0x00000002  x2=0x00000000
     365835.000 ns	     36582	800079b4	029ff833	remu	x16,x31,x9	 x31:0x0a1d9000  x9:0x00000001 x16=0x00000000
     365855.000 ns	     36584	800079b8	d2eaf117	auipc	x2,0xd2eaf	  x2=0x52eb69b8
     365865.000 ns	     36585	800079bc	018fee33	or	x28,x31,x24	 x31:0x0a1d9000 x24:0x00000000 x28=0x0a1d9000
     365875.000 ns	     36586	800079c0	00d7f8b3	and	x17,x15,x13	 x15:0x77c8048e x13:0x00000001 x17=0x00000000
     365895.000 ns	     36588	800079c4	21ab99d3	fsgnjn.s	f19,f23,f26	 f23:0x038f70c7 f26:0x4f7f000a f19=0x838f70c7
     366265.000 ns	     36625	800079c8	0366cc33	div	x24,x13,x22	 x13:0x00000001 x22:0x4f8e8000 x24=0x00000000
     366285.000 ns	     36627	800079cc	41c28233	sub	x4,x5,x28	  x5:0x4f8e8000 x28:0x0a1d9000  x4=0x4570f000
     366645.000 ns	     36663	800079d0	03e159b3	divu	x19,x2,x30	  x2:0x52eb69b8 x30:0x000200bd x19=0x00002966
     366665.000 ns	     36665	800079d4	010a2693	slti	x13,x20,16	 x20:0x0037a1a7 x13=0x00000000
     366675.000 ns	     36666	800079d8	01a6f233	and	x4,x13,x26	 x13:0x00000001 x26:0x80040fe4  x4=0x00000000
     367035.000 ns	     36702	800079dc	0346cfb3	div	x31,x13,x20	 x13:0x00000001 x20:0x0037a1a7 x31=0x00000000
     367065.000 ns	     36705	800079e0	21ed11d3	fsgnjn.s	f3,f26,f30	 f26:0x4f7f000a f30:0x00000000  f3=0xcf7f000a
     367085.000 ns	     36707	800079e4	00b08733	add	x14,x1,x11	  x1:0x00000000 x11:0x00000000 x14=0x00000000
     367105.000 ns	     36709	800079e8	033c9eb3	mulh	x29,x25,x19	 x25:0x00000000 x19:0x00002966 x29=0x00000000
     367135.000 ns	     36712	800079ec	03067733	remu	x14,x12,x16	 x12:0x00000000 x16:0x00000000 x14=0x00000000
     367165.000 ns	     36715	800079f0	a1cf9ed3	flt.s	x29,f31,f28	 f31:0x4e9f1d00 f28:0x00000000 x29=0x00000000
     367195.000 ns	     36718	800079f4	20c701d3	fsgnj.s	f3,f14,f12	 f14:0xfd03c2c3 f12:0xffc00000  f3=0xfd03c2c3
     367215.000 ns	     36720	800079f8	0162d033	srl	x0,x5,x22	  x5:0x4f8e8000 x22:0x4f8e8000
     367225.000 ns	     36721	800079fc	017292b3	sll	x5,x5,x23	  x5:0x4f8e8000 x23:0x00000001  x5=0x9f1d0000
     367245.000 ns	     36723	80007a00	a1b404d3	fle.s	x9,f8,f27	  f8:0x838f70c7 f27:0x4e9f1d00  x9=0x00000001
     367615.000 ns	     36760	80007a04	03eb43b3	div	x7,x22,x30	 x22:0x4f8e8000 x30:0x000200bd  x7=0x000027b8
     367635.000 ns	     36762	80007a08	15b74313	xori	x6,x14,347	 x14:0x00000000  x6=0x0000015b
     367655.000 ns	     36764	80007a0c	03cf3233	mulhu	x4,x30,x28	 x30:0x000200bd x28:0x0a1d9000  x4=0x00001442
     367685.000 ns	     36767	80007a10	a01f9653	flt.s	x12,f31,f1	 f31:0x4e9f1d00  f1:0x42800000 x12=0x00000000
     367705.000 ns	     36769	80007a14	00000013	addi	x0,x0,0	  x0:0x00000000
     367715.000 ns	     36770	80007a18	405f89b3	sub	x19,x31,x5	 x31:0x00000000  x5:0x9f1d0000 x19=0x60e30000
     367745.000 ns	     36773	80007a1c	580277d3	fsqrt.s	f15,f4	  f4:0xcf7f000a f15=0x7fc00000
     367765.000 ns	     36775	80007a20	41a150b3	sra	x1,x2,x26	  x2:0x52eb69b8 x26:0x80040fe4  x1=0x052eb69b
     367775.000 ns	     36776	80007a24	dc8f8217	auipc	x4,0xdc8f8	  x4=0x5c8ffa24
     367785.000 ns	     36777	80007a28	0053c5b3	xor	x11,x7,x5	  x7:0x000027b8  x5:0x9f1d0000 x11=0x9f1d27b8
     367805.000 ns	     36779	80007a2c	28749553	fmax.s	f10,f9,f7	  f9:0x98061417  f7:0xeb253294 f10=0x98061417
     367835.000 ns	     36782	80007a30	a0279253	flt.s	x4,f15,f2	 f15:0x7fc00000  f2:0x4e9f1d00  x4=0x00000000
     367855.000 ns	     36784	80007a34	01d601b3	add	x3,x12,x29	 x12:0x00000000 x29:0x00000000  x3=0x00000000
     367875.000 ns	     36786	80007a38	d012f653	fcvt.s.wu	f12,x5	  x5:0x9f1d0000 f12=0x4f1f1d00
     367905.000 ns	     36789	80007a3c	21ae87d3	fsgnj.s	f15,f29,f26	 f29:0x00000000 f26:0x4f7f000a f15=0x00000000
     367935.000 ns	     36792	80007a40	03209633	mulh	x12,x1,x18	  x1:0x052eb69b x18:0x00000000 x12=0x00000000
     367955.000 ns	     36794	80007a44	01ffb233	sltu	x4,x31,x31	 x31:0x00000000 x31:0x00000000  x4=0x00000000
     367965.000 ns	     36795	80007a48	09800413	addi	x8,x0,152	  x0:0x00000000  x8=0x00000098
     367985.000 ns	     36797	80007a4c	02a8e3b3	rem	x7,x17,x10	 x17:0x00000000 x10:0x00000000  x7=0x00000000
     368035.000 ns	     36802	80007a50	084a77d3	fsub.s	f15,f20,f4	 f20:0x3f800000  f4:0xcf7f000a f15=0x4f7f000a
     368065.000 ns	     36805	80007a54	2055a9d3	fsgnjx.s	f19,f11,f5	 f11:0xfcd5f561  f5:0xfd03c2c3 f19=0x7cd5f561
     368095.000 ns	     36808	80007a58	21a72fd3	fsgnjx.s	f31,f14,f26	 f14:0xfd03c2c3 f26:0x4f7f000a f31=0xfd03c2c3
     368115.000 ns	     36810	80007a5c	00e13eb3	sltu	x29,x2,x14	  x2:0x52eb69b8 x14:0x00000000 x29=0x00000000
     368135.000 ns	     36812	80007a60	28a10fd3	fmin.s	f31,f2,f10	  f2:0x4e9f1d00 f10:0x98061417 f31=0x98061417
     368165.000 ns	     36815	80007a64	02c88733	mul	x14,x17,x12	 x17:0x00000000 x12:0x00000000 x14=0x00000000
     368185.000 ns	     36817	80007a68	0a55b293	sltiu	x5,x11,165	 x11:0x9f1d27b8  x5=0x00000000
     368545.000 ns	     36853	80007a6c	03ead5b3	divu	x11,x21,x30	 x21:0x00000000 x30:0x000200bd x11=0x00000000
     368595.000 ns	     36858	80007a70	01cf7ad3	fadd.s	f21,f30,f28	 f30:0x00000000 f28:0x00000000 f21=0x00000000
     368625.000 ns	     36861	80007a74	03a68833	mul	x16,x13,x26	 x13:0x00000000 x26:0x80040fe4 x16=0x00000000
     368655.000 ns	     36864	80007a78	d004b653	fcvt.s.w	f12,x9	  x9:0x00000001 f12=0x3f800000
     368685.000 ns	     36867	80007a7c	02587333	remu	x6,x16,x5	 x16:0x00000000  x5:0x00000000  x6=0x00000000
     368705.000 ns	     36869	80007a80	7f26c393	xori	x7,x13,2034	 x13:0x00000000  x7=0x000007f2
     368725.000 ns	     36871	80007a84	d0047e53	fcvt.s.w	f28,x8	  x8:0x00000098 f28=0x43180000
     368745.000 ns	     36873	80007a88	005d7ab3	and	x21,x26,x5	 x26:0x80040fe4  x5:0x00000000 x21=0x00000000
     368755.000 ns	     36874	80007a8c	40f4d533	sra	x10,x9,x15	  x9:0x00000001 x15:0x77c8048e x10=0x00000000
     368765.000 ns	     36875	80007a90	4caa22b7	lui	x5,0x4caa2	  x5=0x4caa2000
     368785.000 ns	     36877	80007a94	a1fc02d3	fle.s	x5,f24,f31	 f24:0xf40f70c8 f31:0x98061417  x5=0x00000001
     368815.000 ns	     36880	80007a98	c013c553	fcvt.wu.s	x10,f7	  f7:0xeb253294 x10=0x00000000
     368845.000 ns	     36883	80007a9c	e00c9953	fclass.s	x18,f25	 f25:0x00000000 x18=0x00000010
     368875.000 ns	     36886	80007aa0	03fb4fb3	div	x31,x22,x31	 x22:0x4f8e8000 x31:0x00000000 x31=0xffffffff
     368915.000 ns	     36890	80007aa4	10ff0ed3	fmul.s	f29,f30,f15	 f30:0x00000000 f15:0x4f7f000a f29=0x00000000
     368935.000 ns	     36892	80007aa8	00c41f33	sll	x30,x8,x12	  x8:0x00000098 x12:0x00000000 x30=0x00000098
     368945.000 ns	     36893	80007aac	005ebfb3	sltu	x31,x29,x5	 x29:0x00000000  x5:0x00000001 x31=0x00000001
     368975.000 ns	     36896	80007ab0	1916f553	fdiv.s	f10,f13,f17	 f13:0x80000000 f17:0xffc00000 f10=0x7fc00000
     368995.000 ns	     36898	80007ab4	44068113	addi	x2,x13,1088	 x13:0x00000000  x2=0x00000440
     369035.000 ns	     36902	80007ab8	080a7553	fsub.s	f10,f20,f0	 f20:0x3f800000  f0:0x00000002 f10=0x3f800000
     369055.000 ns	     36904	80007abc	00e84ab3	xor	x21,x16,x14	 x16:0x00000000 x14:0x00000000 x21=0x00000000
     369075.000 ns	     36906	80007ac0	03c12233	mulhsu	x4,x2,x28	  x2:0x00000440 x28:0x0a1d9000  x4=0x0000002a
     369105.000 ns	     36909	80007ac4	a0c925d3	feq.s	x11,f18,f12	 f18:0x00000000 f12:0x3f800000 x11=0x00000000
     369135.000 ns	     36912	80007ac8	a0d701d3	fle.s	x3,f14,f13	 f14:0xfd03c2c3 f13:0x80000000  x3=0x00000001
     369165.000 ns	     36915	80007acc	d0067bd3	fcvt.s.w	f23,x12	 x12:0x00000000 f23=0x00000000
     369505.000 ns	     36949	80007ad0	18aa4d53	fdiv.s	f26,f20,f10	 f20:0x3f800000 f10:0x3f800000 f26=0x3f7fff38
     369525.000 ns	     36951	80007ad4	01141733	sll	x14,x8,x17	  x8:0x00000098 x17:0x00000000 x14=0x00000098
     369545.000 ns	     36953	80007ad8	f0000cd3	fmv.w.x	f25,x0	  x0:0x00000000 f25=0x00000000
     369575.000 ns	     36956	80007adc	a1592553	feq.s	x10,f18,f21	 f18:0x00000000 f21:0x00000000 x10=0x00000001
     369615.000 ns	     36960	80007ae0	18ebaa53	fdiv.s	f20,f23,f14	 f23:0x00000000 f14:0xfd03c2c3 f20=0x80000000
     369635.000 ns	     36962	80007ae4	4162d633	sra	x12,x5,x22	  x5:0x00000001 x22:0x4f8e8000 x12=0x00000001
     369655.000 ns	     36964	80007ae8	d01af8d3	fcvt.s.wu	f17,x21	 x21:0x00000000 f17=0x00000000
     369705.000 ns	     36969	80007aec	08bcc453	fsub.s	f8,f25,f11	 f25:0x00000000 f11:0xfcd5f561  f8=0x7cd5f561
     369735.000 ns	     36972	80007af0	d0057053	fcvt.s.w	f0,x10	 x10:0x00000001  f0=0x3f800000
     369765.000 ns	     36975	80007af4	02a3a4b3	mulhsu	x9,x7,x10	  x7:0x000007f2 x10:0x00000001  x9=0x00000000
     369815.000 ns	     36980	80007af8	01827f53	fadd.s	f30,f4,f24	  f4:0xcf7f000a f24:0xf40f70c8 f30=0xf40f70c8
     369835.000 ns	     36982	80007afc	95360b13	addi	x22,x12,-1709	 x12:0x00000001 x22=0xfffff954
     369855.000 ns	     36984	80007b00	28219553	fmax.s	f10,f3,f2	  f3:0xfd03c2c3  f2:0x4e9f1d00 f10=0x4e9f1d00
     369885.000 ns	     36987	80007b04	02ebb533	mulhu	x10,x23,x14	 x23:0x00000001 x14:0x00000098 x10=0x00000000
     369905.000 ns	     36989	80007b08	01b553b3	srl	x7,x10,x27	 x10:0x00000001 x27:0x80041024  x7=0x00000000
     369915.000 ns	     36990	80007b0c	90b6ca17	auipc	x20,0x90b6c	 x20=0x10b73b0c
     369925.000 ns	     36991	80007b10	4114d993	srai	x19,x9,0x11	  x9:0x00000000 x19=0x00000000
     369945.000 ns	     36993	80007b14	d006b5d3	fcvt.s.w	f11,x13	 x13:0x00000000 f11=0x00000000
     369975.000 ns	     36996	80007b18	20db1a53	fsgnjn.s	f20,f22,f13	 f22:0x7fc00000 f13:0x80000000 f20=0x7fc00000
     369995.000 ns	     36998	80007b1c	00000013	addi	x0,x0,0	  x0:0x00000000
     370005.000 ns	     36999	80007b20	0197fcb3	and	x25,x15,x25	 x15:0x77c8048e x25:0x00000000 x25=0x00000000
     370015.000 ns	     37000	80007b24	d6778913	addi	x18,x15,-665	 x15:0x77c8048e x18=0x77c801f5
     370025.000 ns	     37001	80007b28	40eed4b3	sra	x9,x29,x14	 x29:0x00000000 x14:0x00000098  x9=0x00000000
     370385.000 ns	     37037	80007b2c	03b5cbb3	div	x23,x11,x27	 x11:0x00000000 x27:0x80041024 x23=0x00000000
     370405.000 ns	     37039	80007b30	bdba7813	andi	x16,x20,-1061	 x20:0x10b73b0c x16=0x10b73b08
     370445.000 ns	     37043	80007b34	08bc4753	fsub.s	f14,f24,f11	 f24:0xf40f70c8 f11:0x00000000 f14=0xf40f70c8
     370475.000 ns	     37046	80007b38	c0097ed3	fcvt.w.s	x29,f18	 f18:0x00000000 x29=0x00000000
     370495.000 ns	     37048	80007b3c	4027dc13	srai	x24,x15,0x2	 x15:0x77c8048e x24=0x1df20123
     370515.000 ns	     37050	80007b40	023e06b3	mul	x13,x28,x3	 x28:0x0a1d9000  x3:0x00000001 x13=0x0a1d9000
     370885.000 ns	     37087	80007b44	022466b3	rem	x13,x8,x2	  x8:0x00000098  x2:0x00000440 x13=0x00000098
     372065.000 ns	     37205	80007b48	580e1e53	fsqrt.s	f28,f28	 f28:0x43180000 f28=0x40d6f540
     372095.000 ns	     37208	80007b4c	03093933	mulhu	x18,x18,x16	 x18:0x77c801f5 x16:0x10b73b08 x18=0x07d23bb7
     372115.000 ns	     37210	80007b50	00000013	addi	x0,x0,0	  x0:0x00000000
     372135.000 ns	     37212	80007b54	a0242a53	feq.s	x20,f8,f2	  f8:0x7cd5f561  f2:0x4e9f1d00 x20=0x00000000
     372165.000 ns	     37215	80007b58	296e9cd3	fmax.s	f25,f29,f22	 f29:0x00000000 f22:0x7fc00000 f25=0x00000000
     372185.000 ns	     37217	80007b5c	40b9d413	srai	x8,x19,0xb	 x19:0x00000000  x8=0x00000000
     372195.000 ns	     37218	80007b60	41545593	srai	x11,x8,0x15	  x8:0x00000098 x11=0x00000000
     372205.000 ns	     37219	80007b64	00f742b3	xor	x5,x14,x15	 x14:0x00000098 x15:0x77c8048e  x5=0x77c80416
     372215.000 ns	     37220	80007b68	00135c13	srli	x24,x6,0x1	  x6:0x00000000 x24=0x00000000
     372225.000 ns	     37221	80007b6c	30f30893	addi	x17,x6,783	  x6:0x00000000 x17=0x0000030f
     372235.000 ns	     37222	80007b70	2a61b193	sltiu	x3,x3,678	  x3:0x00000001  x3=0x00000001
     372255.000 ns	     37224	80007b74	a1bbaa53	feq.s	x20,f23,f27	 f23:0x00000000 f27:0x4e9f1d00 x20=0x00000000
     372285.000 ns	     37227	80007b78	29eb03d3	fmin.s	f7,f22,f30	 f22:0x7fc00000 f30:0xf40f70c8  f7=0xf40f70c8
     372315.000 ns	     37230	80007b7c	a03aa453	feq.s	x8,f21,f3	 f21:0x00000000  f3:0xfd03c2c3  x8=0x00000000
     372335.000 ns	     37232	80007b80	d4094f13	xori	x30,x18,-704	 x18:0x07d23bb7 x30=0xf82dc6f7
     372375.000 ns	     37236	80007b84	009af5d3	fadd.s	f11,f21,f9	 f21:0x00000000  f9:0x98061417 f11=0x98061417
     372405.000 ns	     37239	80007b88	0236b0b3	mulhu	x1,x13,x3	 x13:0x00000098  x3:0x00000001  x1=0x00000000
     372425.000 ns	     37241	80007b8c	00ef9913	slli	x18,x31,0xe	 x31:0x00000001 x18=0x00004000
     372435.000 ns	     37242	80007b90	e3d4c113	xori	x2,x9,-451	  x9:0x00000000  x2=0xfffffe3d
     372465.000 ns	     37245	80007b94	118ef4d3	fmul.s	f9,f29,f24	 f29:0x00000000 f24:0xf40f70c8  f9=0x80000000
     372495.000 ns	     37248	80007b98	c00b84d3	fcvt.w.s	x9,f23	 f23:0x00000000  x9=0x00000000
     372515.000 ns	     37250	80007b9c	4f8b7637	lui	x12,0x4f8b7	 x12=0x4f8b7000
     372525.000 ns	     37251	80007ba0	4e298693	addi	x13,x19,1250	 x19:0x00000000 x13=0x000004e2
     372535.000 ns	     37252	80007ba4	26412613	slti	x12,x2,612	  x2:0xfffffe3d x12=0x00000001
     372555.000 ns	     37254	80007ba8	21130653	fsgnj.s	f12,f6,f17	  f6:0x4e9f1d00 f17:0x00000000 f12=0x4e9f1d00
     372585.000 ns	     37257	80007bac	212c0753	fsgnj.s	f14,f24,f18	 f24:0xf40f70c8 f18:0x00000000 f14=0x740f70c8
     372605.000 ns	     37259	80007bb0	01dea9b3	slt	x19,x29,x29	 x29:0x00000000 x29:0x00000000 x19=0x00000000
     372615.000 ns	     37260	80007bb4	009e8233	add	x4,x29,x9	 x29:0x00000000  x9:0x00000000  x4=0x00000000
     372635.000 ns	     37262	80007bb8	20131553	fsgnjn.s	f10,f6,f1	  f6:0x4e9f1d00  f1:0x42800000 f10=0xce9f1d00
     372675.000 ns	     37266	80007bbc	5803b8d3	fsqrt.s	f17,f7	  f7:0xf40f70c8 f17=0x7fc00000
     373045.000 ns	     37303	80007bc0	02594233	div	x4,x18,x5	 x18:0x00004000  x5:0x77c80416  x4=0x00000000
     373065.000 ns	     37305	80007bc4	f59b8813	addi	x16,x23,-167	 x23:0x00000000 x16=0xffffff59
     373075.000 ns	     37306	80007bc8	0185dc33	srl	x24,x11,x24	 x11:0x00000000 x24:0x00000000 x24=0x00000000
     373085.000 ns	     37307	80007bcc	40755b33	sra	x22,x10,x7	 x10:0x00000000  x7:0x00000000 x22=0x00000000
     373125.000 ns	     37311	80007bd0	01b8a3d3	fadd.s	f7,f17,f27	 f17:0x7fc00000 f27:0x4e9f1d00  f7=0x7fc00000
     373155.000 ns	     37314	80007bd4	d0098053	fcvt.s.w	f0,x19	 x19:0x00000000  f0=0x00000000
     373205.000 ns	     37319	80007bd8	0005c2d3	fadd.s	f5,f11,f0	 f11:0x98061417  f0:0x3f800000  f5=0x98061417
     373225.000 ns	     37321	80007bdc	007902b3	add	x5,x18,x7	 x18:0x00004000  x7:0x00000000  x5=0x00004000
     373245.000 ns	     37323	80007be0	021d3433	mulhu	x8,x26,x1	 x26:0x80040fe4  x1:0x00000000  x8=0x00000000
     373285.000 ns	     37327	80007be4	10510b53	fmul.s	f22,f2,f5	  f2:0x4e9f1d00  f5:0x98061417 f22=0xa726ab56
     373305.000 ns	     37329	80007be8	92010913	addi	x18,x2,-1760	  x2:0xfffffe3d x18=0xfffff75d
     373325.000 ns	     37331	80007bec	c017fcd3	fcvt.wu.s	x25,f15	 f15:0x4f7f000a x25=0xff000a00
     373355.000 ns	     37334	80007bf0	a1889753	flt.s	x14,f17,f24	 f17:0x7fc00000 f24:0xf40f70c8 x14=0x00000000
     373385.000 ns	     37337	80007bf4	037175b3	remu	x11,x2,x23	  x2:0xfffffe3d x23:0x00000000 x11=0xfffffe3d
     373415.000 ns	     37340	80007bf8	c01a7e53	fcvt.wu.s	x28,f20	 f20:0x7fc00000 x28=0xffffffff
     373455.000 ns	     37344	80007bfc	105c7453	fmul.s	f8,f24,f5	 f24:0xf40f70c8  f5:0x98061417  f8=0x4c964094
     373475.000 ns	     37346	80007c00	d4e67093	andi	x1,x12,-690	 x12:0x00000001  x1=0x00000000
     373485.000 ns	     37347	80007c04	2e3c7597	auipc	x11,0x2e3c7	 x11=0xae3cec04
     373505.000 ns	     37349	80007c08	03532eb3	mulhsu	x29,x6,x21	  x6:0x00000000 x21:0x00000000 x29=0x00000000
     373535.000 ns	     37352	80007c0c	c01e3453	fcvt.wu.s	x8,f28	 f28:0x40d6f540  x8=0x00000007
     373555.000 ns	     37354	80007c10	3b4cb317	auipc	x6,0x3b4cb	  x6=0xbb4d2c10
     373565.000 ns	     37355	80007c14	b33d6113	ori	x2,x26,-1229	 x26:0x80040fe4  x2=0xfffffff7
     373575.000 ns	     37356	80007c18	cc6ec113	xori	x2,x29,-826	 x29:0x00000000  x2=0xfffffcc6
     373585.000 ns	     37357	80007c1c	01305313	srli	x6,x0,0x13	  x0:0x00000000  x6=0x00000000
     373595.000 ns	     37358	80007c20	00ca9233	sll	x4,x21,x12	 x21:0x00000000 x12:0x00000001  x4=0x00000000
     373615.000 ns	     37360	80007c24	0318b033	mulhu	x0,x17,x17	 x17:0x0000030f x17:0x0000030f
     373645.000 ns	     37363	80007c28	f00b0dd3	fmv.w.x	f27,x22	 x22:0x00000000 f27=0x00000000
     373665.000 ns	     37365	80007c2c	677ed217	auipc	x4,0x677ed	  x4=0xe77f4c2c
     373685.000 ns	     37367	80007c30	c0117353	fcvt.wu.s	x6,f2	  f2:0x4e9f1d00  x6=0x4f8e8000
     373715.000 ns	     37370	80007c34	21c19cd3	fsgnjn.s	f25,f3,f28	  f3:0xfd03c2c3 f28:0x40d6f540 f25=0xfd03c2c3
     373735.000 ns	     37372	80007c38	b80b8a93	addi	x21,x23,-1152	 x23:0x00000000 x21=0xfffffb80
     373745.000 ns	     37373	80007c3c	4144da93	srai	x21,x9,0x14	  x9:0x00000000 x21=0x00000000
     373765.000 ns	     37375	80007c40	039b3333	mulhu	x6,x22,x25	 x22:0x00000000 x25:0xff000a00  x6=0x00000000
     373795.000 ns	     37378	80007c44	03688333	mul	x6,x17,x22	 x17:0x0000030f x22:0x00000000  x6=0x00000000
     373815.000 ns	     37380	80007c48	a2943a93	sltiu	x21,x8,-1495	  x8:0x00000007 x21=0x00000001
     373825.000 ns	     37381	80007c4c	00341233	sll	x4,x8,x3	  x8:0x00000007  x3:0x00000001  x4=0x0000000e
     373845.000 ns	     37383	80007c50	03d17cb3	remu	x25,x2,x29	  x2:0xfffffcc6 x29:0x00000000 x25=0xfffffcc6
     373865.000 ns	     37385	80007c54	29af8013	addi	x0,x31,666	 x31:0x00000001
     373875.000 ns	     37386	80007c58	008e56b3	srl	x13,x28,x8	 x28:0xffffffff  x8:0x00000007 x13=0x01ffffff
     373885.000 ns	     37387	80007c5c	418b58b3	sra	x17,x22,x24	 x22:0x00000000 x24:0x00000000 x17=0x00000000
     373895.000 ns	     37388	80007c60	0162e233	or	x4,x5,x22	  x5:0x00004000 x22:0x00000000  x4=0x00004000
     375065.000 ns	     37505	80007c64	5800fe53	fsqrt.s	f28,f1	  f1:0x42800000 f28=0x40ffffae
     375435.000 ns	     37542	80007c68	02fc5ab3	divu	x21,x24,x15	 x24:0x00000000 x15:0x77c8048e x21=0x00000000
     375455.000 ns	     37544	80007c6c	4005df33	sra	x30,x11,x0	 x11:0xae3cec04  x0:0x00000000 x30=0xae3cec04
     375475.000 ns	     37546	80007c70	d00eb153	fcvt.s.w	f2,x29	 x29:0x00000000  f2=0x00000000
     375505.000 ns	     37549	80007c74	29348453	fmin.s	f8,f9,f19	  f9:0x80000000 f19:0x7cd5f561  f8=0x80000000
     375525.000 ns	     37551	80007c78	14990893	addi	x17,x18,329	 x18:0xfffff75d x17=0xfffff8a6
     375545.000 ns	     37553	80007c7c	e0091cd3	fclass.s	x25,f18	 f18:0x00000000 x25=0x00000010
     375565.000 ns	     37555	80007c80	016beb33	or	x22,x23,x22	 x23:0x00000000 x22:0x00000000 x22=0x00000000
     375585.000 ns	     37557	80007c84	d0047553	fcvt.s.w	f10,x8	  x8:0x00000007 f10=0x40e00000
     375605.000 ns	     37559	80007c88	00000013	addi	x0,x0,0	  x0:0x00000000
     375625.000 ns	     37561	80007c8c	03ca1cb3	mulh	x25,x20,x28	 x20:0x00000000 x28:0xffffffff x25=0x00000000
     375645.000 ns	     37563	80007c90	0107ae33	slt	x28,x15,x16	 x15:0x77c8048e x16:0xffffff59 x28=0x00000000
     375655.000 ns	     37564	80007c94	01e88133	add	x2,x17,x30	 x17:0xfffff8a6 x30:0xae3cec04  x2=0xae3ce4aa
     375665.000 ns	     37565	80007c98	2ac86713	ori	x14,x16,684	 x16:0xffffff59 x14=0xfffffffd
     375675.000 ns	     37566	80007c9c	01d0de93	srli	x29,x1,0x1d	  x1:0x00000000 x29=0x00000000
     375695.000 ns	     37568	80007ca0	e00e8453	fmv.x.w	x8,f29	 f29:0x00000000  x8=0x00000000
     375715.000 ns	     37570	80007ca4	00000013	addi	x0,x0,0	  x0:0x00000000
     375725.000 ns	     37571	80007ca8	015280b3	add	x1,x5,x21	  x5:0x00004000 x21:0x00000000  x1=0x00004000
     375745.000 ns	     37573	80007cac	c01b42d3	fcvt.wu.s	x5,f22	 f22:0xa726ab56  x5=0x00000000
     375785.000 ns	     37577	80007cb0	10547ed3	fmul.s	f29,f8,f5	  f8:0x80000000  f5:0x98061417 f29=0x00000000
     375835.000 ns	     37582	80007cb4	00274353	fadd.s	f6,f14,f2	 f14:0x740f70c8  f2:0x00000000  f6=0x740f70c8
     375865.000 ns	     37585	80007cb8	0368bb33	mulhu	x22,x17,x22	 x17:0xfffff8a6 x22:0x00000000 x22=0x00000000
     376235.000 ns	     37622	80007cbc	03174cb3	div	x25,x14,x17	 x14:0xfffffffd x17:0xfffff8a6 x25=0x00000000
     376255.000 ns	     37624	80007cc0	0067df33	srl	x30,x15,x6	 x15:0x77c8048e  x6:0x00000000 x30=0x77c8048e
     376265.000 ns	     37625	80007cc4	014b1413	slli	x8,x22,0x14	 x22:0x00000000  x8=0x00000000
     376275.000 ns	     37626	80007cc8	00a220b3	slt	x1,x4,x10	  x4:0x00004000 x10:0x00000000  x1=0x00000000
     376635.000 ns	     37662	80007ccc	023d59b3	divu	x19,x26,x3	 x26:0x80040fe4  x3:0x00000001 x19=0x80040fe4
     376655.000 ns	     37664	80007cd0	0191eb33	or	x22,x3,x25	  x3:0x00000001 x25:0x00000000 x22=0x00000001
     376685.000 ns	     37667	80007cd4	580af453	fsqrt.s	f8,f21	 f21:0x00000000  f8=0x00000000
     376715.000 ns	     37670	80007cd8	c018f8d3	fcvt.wu.s	x17,f17	 f17:0x7fc00000 x17=0xffffffff
     376735.000 ns	     37672	80007cdc	0195df13	srli	x30,x11,0x19	 x11:0xae3cec04 x30=0x00000057
     376745.000 ns	     37673	80007ce0	00709cb3	sll	x25,x1,x7	  x1:0x00000000  x7:0x00000000 x25=0x00000000
     376755.000 ns	     37674	80007ce4	00222833	slt	x16,x4,x2	  x4:0x00004000  x2:0xae3ce4aa x16=0x00000000
     376765.000 ns	     37675	80007ce8	416089b3	sub	x19,x1,x22	  x1:0x00000000 x22:0x00000001 x19=0xffffffff
     376775.000 ns	     37676	80007cec	4377f417	auipc	x8,0x4377f	  x8=0xc3786cec
     376795.000 ns	     37678	80007cf0	a1551e53	flt.s	x28,f10,f21	 f10:0x40e00000 f21:0x00000000 x28=0x00000000
     376845.000 ns	     37683	80007cf4	019a1253	fadd.s	f4,f20,f25	 f20:0x7fc00000 f25:0xfd03c2c3  f4=0x7fc00000
     376865.000 ns	     37685	80007cf8	01e75c13	srli	x24,x14,0x1e	 x14:0xfffffffd x24=0x00000003
     376875.000 ns	     37686	80007cfc	e7cac093	xori	x1,x21,-388	 x21:0x00000000  x1=0xfffffe7c
     376895.000 ns	     37688	80007d00	20fe2f53	fsgnjx.s	f30,f28,f15	 f28:0x40ffffae f15:0x4f7f000a f30=0x40ffffae
     376915.000 ns	     37690	80007d04	41ffd493	srai	x9,x31,0x1f	 x31:0x00000001  x9=0x00000000
     376925.000 ns	     37691	80007d08	00d59633	sll	x12,x11,x13	 x11:0xae3cec04 x13:0x01ffffff x12=0x00000000
     376935.000 ns	     37692	80007d0c	40af0833	sub	x16,x30,x10	 x30:0x00000057 x10:0x00000000 x16=0x00000057
     376955.000 ns	     37694	80007d10	c013f653	fcvt.wu.s	x12,f7	  f7:0x7fc00000 x12=0xffffffff
     376975.000 ns	     37696	80007d14	00000013	addi	x0,x0,0	  x0:0x00000000
     376985.000 ns	     37697	80007d18	e01da193	slti	x3,x27,-511	 x27:0x80041024  x3=0x00000001
     377005.000 ns	     37699	80007d1c	211799d3	fsgnjn.s	f19,f15,f17	 f15:0x4f7f000a f17:0x7fc00000 f19=0xcf7f000a
     377035.000 ns	     37702	80007d20	027a0333	mul	x6,x20,x7	 x20:0x00000000  x7:0x00000000  x6=0x00000000
     377065.000 ns	     37705	80007d24	f0038c53	fmv.w.x	f24,x7	  x7:0x00000000 f24=0x00000000
     377095.000 ns	     37708	80007d28	c017b753	fcvt.wu.s	x14,f15	 f15:0x4f7f000a x14=0xff000a00
     377135.000 ns	     37712	80007d2c	18747853	fdiv.s	f16,f8,f7	  f8:0x00000000  f7:0x7fc00000 f16=0x7fc00000
     377155.000 ns	     37714	80007d30	0127bab3	sltu	x21,x15,x18	 x15:0x77c8048e x18:0xfffff75d x21=0x00000001
     377165.000 ns	     37715	80007d34	414cde33	sra	x28,x25,x20	 x25:0x00000000 x20:0x00000000 x28=0x00000000
     377175.000 ns	     37716	80007d38	00000013	addi	x0,x0,0	  x0:0x00000000
     377185.000 ns	     37717	80007d3c	85b0a593	slti	x11,x1,-1957	  x1:0xfffffe7c x11=0x00000000
     377205.000 ns	     37719	80007d40	e00e0a53	fmv.x.w	x20,f28	 f28:0x40ffffae x20=0x40ffffae
     377235.000 ns	     37722	80007d44	20b40e53	fsgnj.s	f28,f8,f11	  f8:0x00000000 f11:0x98061417 f28=0x80000000
     377605.000 ns	     37759	80007d48	0320f0b3	remu	x1,x1,x18	  x1:0xfffffe7c x18:0xfffff75d  x1=0x0000071f
     377645.000 ns	     37763	80007d4c	58017353	fsqrt.s	f6,f2	  f2:0x00000000  f6=0x00000000
     377665.000 ns	     37765	80007d50	01901f33	sll	x30,x0,x25	  x0:0x00000000 x25:0x00000000 x30=0x00000000
     378025.000 ns	     37801	80007d54	02cadbb3	divu	x23,x21,x12	 x21:0x00000001 x12:0xffffffff x23=0x00000000
     378045.000 ns	     37803	80007d58	01ed5cb3	srl	x25,x26,x30	 x26:0x80040fe4 x30:0x00000057 x25=0x80040fe4
     378065.000 ns	     37805	80007d5c	c00795d3	fcvt.w.s	x11,f15	 f15:0x4f7f000a x11=0x7fffffff
     378085.000 ns	     37807	80007d60	41675913	srai	x18,x14,0x16	 x14:0xff000a00 x18=0xfffffffc
     378105.000 ns	     37809	80007d64	a0779fd3	flt.s	x31,f15,f7	 f15:0x4f7f000a  f7:0x7fc00000 x31=0x00000000
     378125.000 ns	     37811	80007d68	004ab833	sltu	x16,x21,x4	 x21:0x00000001  x4:0x00004000 x16=0x00000001
     379295.000 ns	     37928	80007d6c	580f0dd3	fsqrt.s	f27,f30	 f30:0x40ffffae f27=0x4035048f
     379325.000 ns	     37931	80007d70	20090ad3	fsgnj.s	f21,f18,f0	 f18:0x00000000  f0:0x00000000 f21=0x00000000
     379355.000 ns	     37934	80007d74	c002f953	fcvt.w.s	x18,f5	  f5:0x98061417 x18=0x00000000
     379375.000 ns	     37936	80007d78	0108df33	srl	x30,x17,x16	 x17:0xffffffff x16:0x00000001 x30=0x7fffffff
     379415.000 ns	     37940	80007d7c	09b57c53	fsub.s	f24,f10,f27	 f10:0x40e00000 f27:0x4035048f f24=0x40857db8
     379445.000 ns	     37943	80007d80	028980b3	mul	x1,x19,x8	 x19:0xffffffff  x8:0xc3786cec  x1=0x3c879314
     379465.000 ns	     37945	80007d84	41245313	srai	x6,x8,0x12	  x8:0xc3786cec  x6=0xfffff0de
     379495.000 ns	     37948	80007d88	10a870d3	fmul.s	f1,f16,f10	 f16:0x7fc00000 f10:0x40e00000  f1=0x7fc00000
     379525.000 ns	     37951	80007d8c	0326d3b3	divu	x7,x13,x18	 x13:0x01ffffff x18:0x00000000  x7=0xffffffff
     379555.000 ns	     37954	80007d90	20ad8cd3	fsgnj.s	f25,f27,f10	 f27:0x4035048f f10:0x40e00000 f25=0x4035048f
     379575.000 ns	     37956	80007d94	c5aa2513	slti	x10,x20,-934	 x20:0x40ffffae x10=0x00000000
     379595.000 ns	     37958	80007d98	032e50b3	divu	x1,x28,x18	 x28:0x00000000 x18:0x00000000  x1=0xffffffff
     379625.000 ns	     37961	80007d9c	d010fed3	fcvt.s.wu	f29,x1	  x1:0x3c879314 f29=0x4f7fffff
     379645.000 ns	     37963	80007da0	00000013	addi	x0,x0,0	  x0:0x00000000
     379655.000 ns	     37964	80007da4	00d7d2b3	srl	x5,x15,x13	 x15:0x77c8048e x13:0x01ffffff  x5=0x00000000
     379685.000 ns	     37967	80007da8	10e681d3	fmul.s	f3,f13,f14	 f13:0x80000000 f14:0x740f70c8  f3=0x80000000
     379705.000 ns	     37969	80007dac	0023e2b3	or	x5,x7,x2	  x7:0xffffffff  x2:0xae3ce4aa  x5=0xffffffff
     379715.000 ns	     37970	80007db0	d9d37a13	andi	x20,x6,-611	  x6:0xfffff0de x20=0xfffff09c
     379725.000 ns	     37971	80007db4	008170b3	and	x1,x2,x8	  x2:0xae3ce4aa  x8:0xc3786cec  x1=0x823864a8
     379745.000 ns	     37973	80007db8	03691833	mulh	x16,x18,x22	 x18:0x00000000 x22:0x00000001 x16=0x00000000
     379765.000 ns	     37975	80007dbc	7b2e4393	xori	x7,x28,1970	 x28:0x00000000  x7=0x000007b2
     379785.000 ns	     37977	80007dc0	d01ffb53	fcvt.s.wu	f22,x31	 x31:0x00000000 f22=0x00000000
     379805.000 ns	     37979	80007dc4	01752f33	slt	x30,x10,x23	 x10:0x00000000 x23:0x00000000 x30=0x00000000
     380165.000 ns	     38015	80007dc8	03bbe233	rem	x4,x23,x27	 x23:0x00000000 x27:0x80041024  x4=0x00000000
     380185.000 ns	     38017	80007dcc	32636497	auipc	x9,0x32636	  x9=0xb263ddcc
     380205.000 ns	     38019	80007dd0	213c9753	fsgnjn.s	f14,f25,f19	 f25:0x4035048f f19:0xcf7f000a f14=0x4035048f
     380225.000 ns	     38021	80007dd4	007fd593	srli	x11,x31,0x7	 x31:0x00000000 x11=0x00000000
     380255.000 ns	     38024	80007dd8	5809f1d3	fsqrt.s	f3,f19	 f19:0xcf7f000a  f3=0x7fc00000
     380285.000 ns	     38027	80007ddc	026699b3	mulh	x19,x13,x6	 x13:0x01ffffff  x6:0xfffff0de x19=0xffffffe1
     380315.000 ns	     38030	80007de0	039489b3	mul	x19,x9,x25	  x9:0xb263ddcc x25:0x80040fe4 x19=0x32207db0
     380335.000 ns	     38032	80007de4	00a102b3	add	x5,x2,x10	  x2:0xae3ce4aa x10:0x00000000  x5=0xae3ce4aa
     380355.000 ns	     38034	80007de8	02902a33	mulhsu	x20,x0,x9	  x0:0x00000000  x9:0xb263ddcc x20=0x00000000
     380725.000 ns	     38071	80007dec	023d7433	remu	x8,x26,x3	 x26:0x80040fe4  x3:0x00000001  x8=0x00000000
     380765.000 ns	     38075	80007df0	58098853	fsqrt.s	f16,f19	 f19:0xcf7f000a f16=0x7fc00000
     380785.000 ns	     38077	80007df4	00efd033	srl	x0,x31,x14	 x31:0x00000000 x14:0xff000a00
     380805.000 ns	     38079	80007df8	c00f4f53	fcvt.w.s	x30,f30	 f30:0x40ffffae x30=0x00000008
     380825.000 ns	     38081	80007dfc	001d34b3	sltu	x9,x26,x1	 x26:0x80040fe4  x1:0x823864a8  x9=0x00000001
     380835.000 ns	     38082	80007e00	7ff26b93	ori	x23,x4,2047	  x4:0x00000000 x23=0x000007ff
     380855.000 ns	     38084	80007e04	a02c16d3	flt.s	x13,f24,f2	 f24:0x40857db8  f2:0x00000000 x13=0x00000000
     380885.000 ns	     38087	80007e08	d009fc53	fcvt.s.w	f24,x19	 x19:0x32207db0 f24=0x4e4881f6
     380905.000 ns	     38089	80007e0c	009374b3	and	x9,x6,x9	  x6:0xfffff0de  x9:0x00000001  x9=0x00000000
     380925.000 ns	     38091	80007e10	02e28cb3	mul	x25,x5,x14	  x5:0xae3ce4aa x14:0xff000a00 x25=0xb6eea400
     380975.000 ns	     38096	80007e14	01f770d3	fadd.s	f1,f14,f31	 f14:0x4035048f f31:0x98061417  f1=0x4035048f
     380995.000 ns	     38098	80007e18	dbc9c713	xori	x14,x19,-580	 x19:0x32207db0 x14=0xcddf800c
     381325.000 ns	     38131	80007e1c	18c73fd3	fdiv.s	f31,f14,f12	 f14:0x4035048f f12:0x4e9f1d00 f31=0x30b50490
     381355.000 ns	     38134	80007e20	21ba11d3	fsgnjn.s	f3,f20,f27	 f20:0x7fc00000 f27:0x4035048f  f3=0xffc00000
     381375.000 ns	     38136	80007e24	033d0c13	addi	x24,x26,51	 x26:0x80040fe4 x24=0x80041017
     381395.000 ns	     38138	80007e28	027f8733	mul	x14,x31,x7	 x31:0x00000000  x7:0x000007b2 x14=0x00000000
     381425.000 ns	     38141	80007e2c	02f8abb3	mulhsu	x23,x17,x15	 x17:0xffffffff x15:0x77c8048e x23=0xffffffff
     381795.000 ns	     38178	80007e30	0360e2b3	rem	x5,x1,x22	  x1:0x823864a8 x22:0x00000001  x5=0x00000000
     381825.000 ns	     38181	80007e34	e00604d3	fmv.x.w	x9,f12	 f12:0x4e9f1d00  x9=0x4e9f1d00
     381845.000 ns	     38183	80007e38	40595233	sra	x4,x18,x5	 x18:0x00000000  x5:0x00000000  x4=0x00000000
     381875.000 ns	     38186	80007e3c	18003b53	fdiv.s	f22,f0,f0	  f0:0x00000000  f0:0x00000000 f22=0x7fc00000
     381895.000 ns	     38188	80007e40	955a3713	sltiu	x14,x20,-1707	 x20:0x00000000 x14=0x00000001
     381915.000 ns	     38190	80007e44	e00a1153	fclass.s	x2,f20	 f20:0x7fc00000  x2=0x00000200
     381945.000 ns	     38193	80007e48	02942033	mulhsu	x0,x8,x9	  x8:0x00000000  x9:0x4e9f1d00
     381975.000 ns	     38196	80007e4c	29f886d3	fmin.s	f13,f17,f31	 f17:0x7fc00000 f31:0x30b50490 f13=0x30b50490
     382005.000 ns	     38199	80007e50	028050b3	divu	x1,x0,x8	  x0:0x00000000  x8:0x00000000  x1=0xffffffff
     382025.000 ns	     38201	80007e54	019b9813	slli	x16,x23,0x19	 x23:0xffffffff x16=0xfe000000
     382035.000 ns	     38202	80007e58	40da80b3	sub	x1,x21,x13	 x21:0x00000001 x13:0x00000000  x1=0x00000001
     382055.000 ns	     38204	80007e5c	a1031fd3	flt.s	x31,f6,f16	  f6:0x00000000 f16:0x7fc00000 x31=0x00000000
     382075.000 ns	     38206	80007e60	417bd813	srai	x16,x23,0x17	 x23:0xffffffff x16=0xffffffff
     382085.000 ns	     38207	80007e64	0061f733	and	x14,x3,x6	  x3:0x00000001  x6:0xfffff0de x14=0x00000000
     382095.000 ns	     38208	80007e68	005fff33	and	x30,x31,x5	 x31:0x00000000  x5:0x00000000 x30=0x00000000
     382125.000 ns	     38211	80007e6c	109f9ad3	fmul.s	f21,f31,f9	 f31:0x30b50490  f9:0x80000000 f21=0x80000000
     383305.000 ns	     38329	80007e70	580ff7d3	fsqrt.s	f15,f31	 f31:0x30b50490 f15=0x379837b4
     383335.000 ns	     38332	80007e74	02f30f33	mul	x30,x6,x15	  x6:0xfffff0de x15:0x77c8048e x30=0x5f2b1324
     383355.000 ns	     38334	80007e78	00a872b3	and	x5,x16,x10	 x16:0xffffffff x10:0x00000000  x5=0x00000000
     383715.000 ns	     38370	80007e7c	0389f733	remu	x14,x19,x24	 x19:0x32207db0 x24:0x80041017 x14=0x32207db0
     383745.000 ns	     38373	80007e80	f00285d3	fmv.w.x	f11,x5	  x5:0x00000000 f11=0x00000000
     383775.000 ns	     38376	80007e84	a1cc16d3	flt.s	x13,f24,f28	 f24:0x4e4881f6 f28:0x80000000 x13=0x00000000
     383795.000 ns	     38378	80007e88	fa58a113	slti	x2,x17,-91	 x17:0xffffffff  x2=0x00000000
     383805.000 ns	     38379	80007e8c	14c30093	addi	x1,x6,332	  x6:0xfffff0de  x1=0xfffff22a
     383825.000 ns	     38381	80007e90	d017ffd3	fcvt.s.wu	f31,x15	 x15:0x77c8048e f31=0x4eef9009
     383845.000 ns	     38383	80007e94	00e13933	sltu	x18,x2,x14	  x2:0x00000000 x14:0x32207db0 x18=0x00000001
     383855.000 ns	     38384	80007e98	006d6333	or	x6,x26,x6	 x26:0x80040fe4  x6:0xfffff0de  x6=0xfffffffe
     383865.000 ns	     38385	80007e9c	bcfece93	xori	x29,x29,-1073	 x29:0x00000000 x29=0xfffffbcf
     383875.000 ns	     38386	80007ea0	40dad813	srai	x16,x21,0xd	 x21:0x00000001 x16=0x00000000
     383895.000 ns	     38388	80007ea4	d016fd53	fcvt.s.wu	f26,x13	 x13:0x00000000 f26=0x00000000
     383935.000 ns	     38392	80007ea8	115b2a53	fmul.s	f20,f22,f21	 f22:0x7fc00000 f21:0x80000000 f20=0x7fc00000
     383965.000 ns	     38395	80007eac	283515d3	fmax.s	f11,f10,f3	 f10:0x40e00000  f3:0xffc00000 f11=0x40e00000
     383985.000 ns	     38397	80007eb0	39d73537	lui	x10,0x39d73	 x10=0x39d73000
     384345.000 ns	     38433	80007eb4	037e4333	div	x6,x28,x23	 x28:0x00000000 x23:0xffffffff  x6=0x00000000
     384385.000 ns	     38437	80007eb8	580a8853	fsqrt.s	f16,f21	 f21:0x80000000 f16=0x80000000
     384405.000 ns	     38439	80007ebc	98fd3713	sltiu	x14,x26,-1649	 x26:0x80040fe4 x14=0x00000001
     384425.000 ns	     38441	80007ec0	c010bcd3	fcvt.wu.s	x25,f1	  f1:0x4035048f x25=0x00000003
     384445.000 ns	     38443	80007ec4	005a4133	xor	x2,x20,x5	 x20:0x00000000  x5:0x00000000  x2=0x00000000
     384805.000 ns	     38479	80007ec8	035753b3	divu	x7,x14,x21	 x14:0x00000001 x21:0x00000001  x7=0x00000001
     384835.000 ns	     38482	80007ecc	d0133453	fcvt.s.wu	f8,x6	  x6:0x00000000  f8=0x00000000
     384865.000 ns	     38485	80007ed0	20d89cd3	fsgnjn.s	f25,f17,f13	 f17:0x7fc00000 f13:0x30b50490 f25=0xffc00000
     384895.000 ns	     38488	80007ed4	c00e7b53	fcvt.w.s	x22,f28	 f28:0x80000000 x22=0x00000000
     384945.000 ns	     38493	80007ed8	0910a953	fsub.s	f18,f1,f17	  f1:0x4035048f f17:0x7fc00000 f18=0x7fc00000
     384965.000 ns	     38495	80007edc	59e3cb13	xori	x22,x7,1438	  x7:0x00000001 x22=0x0000059f
     384985.000 ns	     38497	80007ee0	e0001ed3	fclass.s	x29,f0	  f0:0x00000000 x29=0x00000010
     385015.000 ns	     38500	80007ee4	28e91553	fmax.s	f10,f18,f14	 f18:0x7fc00000 f14:0x4035048f f10=0x4035048f
     385035.000 ns	     38502	80007ee8	01e19a33	sll	x20,x3,x30	  x3:0x00000001 x30:0x5f2b1324 x20=0x00000010
     385045.000 ns	     38503	80007eec	01911ab3	sll	x21,x2,x25	  x2:0x00000000 x25:0x00000003 x21=0x00000000
     385055.000 ns	     38504	80007ef0	01265213	srli	x4,x12,0x12	 x12:0xffffffff  x4=0x00003fff
     385075.000 ns	     38506	80007ef4	026ac733	div	x14,x21,x6	 x21:0x00000001  x6:0x00000000 x14=0xffffffff
     385095.000 ns	     38508	80007ef8	06453613	sltiu	x12,x10,100	 x10:0x39d73000 x12=0x00000000
     385105.000 ns	     38509	80007efc	01fcdb93	srli	x23,x25,0x1f	 x25:0x00000003 x23=0x00000000
     385115.000 ns	     38510	80007f00	c079d137	lui	x2,0xc079d	  x2=0xc079d000
     385135.000 ns	     38512	80007f04	e00f82d3	fmv.x.w	x5,f31	 f31:0x4eef9009  x5=0x4eef9009
     385185.000 ns	     38517	80007f08	081b4a53	fsub.s	f20,f22,f1	 f22:0x7fc00000  f1:0x4035048f f20=0x7fc00000
     385215.000 ns	     38520	80007f0c	d01532d3	fcvt.s.wu	f5,x10	 x10:0x39d73000  f5=0x4e675cc0
     385585.000 ns	     38557	80007f10	02fd79b3	remu	x19,x26,x15	 x26:0x80040fe4 x15:0x77c8048e x19=0x083c0b56
     385605.000 ns	     38559	80007f14	00f939b3	sltu	x19,x18,x15	 x18:0x00000001 x15:0x77c8048e x19=0x00000001
     385965.000 ns	     38595	80007f18	02386f33	rem	x30,x16,x3	 x16:0x00000000  x3:0x00000001 x30=0x00000000
     385995.000 ns	     38598	80007f1c	e0010953	fmv.x.w	x18,f2	  f2:0x00000000 x18=0x00000000
     386015.000 ns	     38600	80007f20	df61f913	andi	x18,x3,-522	  x3:0x00000001 x18=0x00000000
     386035.000 ns	     38602	80007f24	201018d3	fsgnjn.s	f17,f0,f1	  f0:0x00000000  f1:0x4035048f f17=0x80000000
     386065.000 ns	     38605	80007f28	20220fd3	fsgnj.s	f31,f4,f2	  f4:0x7fc00000  f2:0x00000000 f31=0x7fc00000
     386085.000 ns	     38607	80007f2c	00adb9b3	sltu	x19,x27,x10	 x27:0x80041024 x10:0x39d73000 x19=0x00000000
     386125.000 ns	     38611	80007f30	080d4453	fsub.s	f8,f26,f0	 f26:0x00000000  f0:0x00000000  f8=0x80000000
     386155.000 ns	     38614	80007f34	03fe8533	mul	x10,x29,x31	 x29:0x00000010 x31:0x00000000 x10=0x00000000
     386175.000 ns	     38616	80007f38	76498e93	addi	x29,x19,1892	 x19:0x00000000 x29=0x00000764
     386185.000 ns	     38617	80007f3c	57e8f313	andi	x6,x17,1406	 x17:0xffffffff  x6=0x0000057e
     386215.000 ns	     38620	80007f40	197f1953	fdiv.s	f18,f30,f23	 f30:0x40ffffae f23:0x00000000 f18=0x7f800000
     386245.000 ns	     38623	80007f44	025dab33	mulhsu	x22,x27,x5	 x27:0x80041024  x5:0x4eef9009 x22=0xd88978b3
     386275.000 ns	     38626	80007f48	21d10dd3	fsgnj.s	f27,f2,f29	  f2:0x00000000 f29:0x4f7fffff f27=0x00000000
     386645.000 ns	     38663	80007f4c	02655b33	divu	x22,x10,x6	 x10:0x00000000  x6:0x0000057e x22=0x00000000
     386675.000 ns	     38666	80007f50	03642733	mulhsu	x14,x8,x22	  x8:0x00000000 x22:0xd88978b3 x14=0x00000000
     386695.000 ns	     38668	80007f54	00ead533	srl	x10,x21,x14	 x21:0x00000000 x14:0xffffffff x10=0x00000000
     386705.000 ns	     38669	80007f58	c6044f13	xori	x30,x8,-928	  x8:0x00000000 x30=0xfffffc60
     386715.000 ns	     38670	80007f5c	13f4a493	slti	x9,x9,319	  x9:0x4e9f1d00  x9=0x00000000
     386735.000 ns	     38672	80007f60	20ea0253	fsgnj.s	f4,f20,f14	 f20:0x7fc00000 f14:0x4035048f  f4=0x7fc00000
     386755.000 ns	     38674	80007f64	cba18393	addi	x7,x3,-838	  x3:0x00000001  x7=0xfffffcbb
     386775.000 ns	     38676	80007f68	e0008e53	fmv.x.w	x28,f1	  f1:0x4035048f x28=0x4035048f
     386795.000 ns	     38678	80007f6c	01c2f9b3	and	x19,x5,x28	  x5:0x4eef9009 x28:0x00000000 x19=0x40250009
     386805.000 ns	     38679	80007f70	01298933	add	x18,x19,x18	 x19:0x00000000 x18:0x00000000 x18=0x40250009
     386815.000 ns	     38680	80007f74	003346b3	xor	x13,x6,x3	  x6:0x0000057e  x3:0x00000001 x13=0x0000057f
     386835.000 ns	     38682	80007f78	03c03a33	mulhu	x20,x0,x28	  x0:0x00000000 x28:0x4035048f x20=0x00000000
     386855.000 ns	     38684	80007f7c	e3ea6b13	ori	x22,x20,-450	 x20:0x00000010 x22=0xfffffe3e
     386865.000 ns	     38685	80007f80	002a60b3	or	x1,x20,x2	 x20:0x00000000  x2:0xc079d000  x1=0xc079d000
     386885.000 ns	     38687	80007f84	023e3033	mulhu	x0,x28,x3	 x28:0x4035048f  x3:0x00000001
     387225.000 ns	     38721	80007f88	18ee8853	fdiv.s	f16,f29,f14	 f29:0x4f7fffff f14:0x4035048f f16=0x4ebba099
     387275.000 ns	     38726	80007f8c	086502d3	fsub.s	f5,f10,f6	 f10:0x4035048f  f6:0x00000000  f5=0x4035048f
     387305.000 ns	     38729	80007f90	a05d0f53	fle.s	x30,f26,f5	 f26:0x00000000  f5:0x4e675cc0 x30=0x00000001
     387325.000 ns	     38731	80007f94	00d74433	xor	x8,x14,x13	 x14:0x00000000 x13:0x0000057f  x8=0x0000057f
     387335.000 ns	     38732	80007f98	00059433	sll	x8,x11,x0	 x11:0x00000000  x0:0x00000000  x8=0x00000000
     387345.000 ns	     38733	80007f9c	01fed233	srl	x4,x29,x31	 x29:0x00000764 x31:0x00000000  x4=0x00000764
     387365.000 ns	     38735	80007fa0	d01c7cd3	fcvt.s.wu	f25,x24	 x24:0x80041017 f25=0x4f000410
     387395.000 ns	     38738	80007fa4	205b8fd3	fsgnj.s	f31,f23,f5	 f23:0x00000000  f5:0x4035048f f31=0x00000000
     387425.000 ns	     38741	80007fa8	a036aad3	feq.s	x21,f13,f3	 f13:0x30b50490  f3:0xffc00000 x21=0x00000000
     387455.000 ns	     38744	80007fac	03cc80b3	mul	x1,x25,x28	 x25:0x00000003 x28:0x4035048f  x1=0xc09f0dad
     387475.000 ns	     38746	80007fb0	41e15a93	srai	x21,x2,0x1e	  x2:0xc079d000 x21=0xffffffff
     387485.000 ns	     38747	80007fb4	412f8eb3	sub	x29,x31,x18	 x31:0x00000000 x18:0x40250009 x29=0xbfdafff7
     387495.000 ns	     38748	80007fb8	0086c1b3	xor	x3,x13,x8	 x13:0x0000057f  x8:0x00000000  x3=0x0000057f
     387505.000 ns	     38749	80007fbc	d4ecca93	xori	x21,x25,-690	 x25:0x00000003 x21=0xfffffd4d
     387525.000 ns	     38751	80007fc0	293f9a53	fmax.s	f20,f31,f19	 f31:0x00000000 f19:0xcf7f000a f20=0x00000000
     387545.000 ns	     38753	80007fc4	4128d8b3	sra	x17,x17,x18	 x17:0xffffffff x18:0x40250009 x17=0xffffffff
     387565.000 ns	     38755	80007fc8	c00bf053	fcvt.w.s	x0,f23	 f23:0x00000000
     387595.000 ns	     38758	80007fcc	a1e39cd3	flt.s	x25,f7,f30	  f7:0x7fc00000 f30:0x40ffffae x25=0x00000000
     387625.000 ns	     38761	80007fd0	02053cb3	mulhu	x25,x10,x0	 x10:0x00000000  x0:0x00000000 x25=0x00000000
     387645.000 ns	     38763	80007fd4	018a8b33	add	x22,x21,x24	 x21:0xfffffd4d x24:0x80041017 x22=0x80040d64
     387665.000 ns	     38765	80007fd8	02dc20b3	mulhsu	x1,x24,x13	 x24:0x80041017 x13:0x0000057f  x1=0xfffffd40
     387685.000 ns	     38767	80007fdc	019cfbb3	and	x23,x25,x25	 x25:0x00000000 x25:0x00000000 x23=0x00000000
     387705.000 ns	     38769	80007fe0	020aa433	mulhsu	x8,x21,x0	 x21:0xfffffd4d  x0:0x00000000  x8=0x00000000
     387725.000 ns	     38771	80007fe4	5d03fe13	andi	x28,x7,1488	  x7:0xfffffcbb x28=0x00000490
     387735.000 ns	     38772	80007fe8	6c5ac493	xori	x9,x21,1733	 x21:0xfffffd4d  x9=0xfffffb88
     388095.000 ns	     38808	80007fec	032469b3	rem	x19,x8,x18	  x8:0x00000000 x18:0x40250009 x19=0x00000000
     388125.000 ns	     38811	80007ff0	c0047a53	fcvt.w.s	x20,f8	  f8:0x80000000 x20=0x00000000
     388145.000 ns	     38813	80007ff4	01d4d613	srli	x12,x9,0x1d	  x9:0xfffffb88 x12=0x00000007
     388155.000 ns	     38814	80007ff8	01c15a13	srli	x20,x2,0x1c	  x2:0xc079d000 x20=0x0000000c
     388165.000 ns	     38815	80007ffc	01767633	and	x12,x12,x23	 x12:0x00000000 x23:0x00000000 x12=0x00000000
     388185.000 ns	     38817	80008000	28b20bd3	fmin.s	f23,f4,f11	  f4:0x7fc00000 f11:0x40e00000 f23=0x40e00000
     388205.000 ns	     38819	80008004	00000013	addi	x0,x0,0	  x0:0x00000000
     388215.000 ns	     38820	80008008	e9954e93	xori	x29,x10,-359	 x10:0x00000000 x29=0xfffffe99
     388235.000 ns	     38822	8000800c	c01c46d3	fcvt.wu.s	x13,f24	 f24:0x4e4881f6 x13=0x32207d80
     388255.000 ns	     38824	80008010	001fd6b3	srl	x13,x31,x1	 x31:0x00000000  x1:0xfffffd40 x13=0x00000000
     388275.000 ns	     38826	80008014	e00f93d3	fclass.s	x7,f31	 f31:0x00000000  x7=0x00000010
     388315.000 ns	     38830	80008018	191e7853	fdiv.s	f16,f28,f17	 f28:0x80000000 f17:0x80000000 f16=0x7fc00000
     388345.000 ns	     38833	8000801c	02d74b33	div	x22,x14,x13	 x14:0x00000000 x13:0x00000000 x22=0xffffffff
     388365.000 ns	     38835	80008020	00f388b3	add	x17,x7,x15	  x7:0x00000010 x15:0x77c8048e x17=0x77c8049e
     388375.000 ns	     38836	80008024	76599f97	auipc	x31,0x76599	 x31=0xf65a1024
     388385.000 ns	     38837	80008028	50684293	xori	x5,x16,1286	 x16:0x00000000  x5=0x00000506
     388405.000 ns	     38839	8000802c	c01b70d3	fcvt.wu.s	x1,f22	 f22:0x7fc00000  x1=0xffffffff
     388435.000 ns	     38842	80008030	d0097ad3	fcvt.s.w	f21,x18	 x18:0x40250009 f21=0x4e804a00
     388455.000 ns	     38844	80008034	01b9d433	srl	x8,x19,x27	 x19:0x00000000 x27:0x80041024  x8=0x00000000
     388465.000 ns	     38845	80008038	4134d233	sra	x4,x9,x19	  x9:0xfffffb88 x19:0x00000000  x4=0xfffffb88
     388495.000 ns	     38848	8000803c	19a3b3d3	fdiv.s	f7,f7,f26	  f7:0x7fc00000 f26:0x00000000  f7=0x7fc00000
     388525.000 ns	     38851	80008040	c00b8553	fcvt.w.s	x10,f23	 f23:0x40e00000 x10=0x00000007
     388555.000 ns	     38854	80008044	a0778353	fle.s	x6,f15,f7	 f15:0x379837b4  f7:0x7fc00000  x6=0x00000000
     388585.000 ns	     38857	80008048	c01eb353	fcvt.wu.s	x6,f29	 f29:0x4f7fffff  x6=0xffffff00
     388615.000 ns	     38860	8000804c	a1472053	feq.s	x0,f14,f20	 f14:0x4035048f f20:0x00000000
     388645.000 ns	     38863	80008050	a0d70b53	fle.s	x22,f14,f13	 f14:0x4035048f f13:0x30b50490 x22=0x00000000
     389015.000 ns	     38900	80008054	02fce933	rem	x18,x25,x15	 x25:0x00000000 x15:0x77c8048e x18=0x00000000
     389045.000 ns	     38903	80008058	297f11d3	fmax.s	f3,f30,f23	 f30:0x40ffffae f23:0x40e00000  f3=0x40ffffae
     389075.000 ns	     38906	8000805c	289b1dd3	fmax.s	f27,f22,f9	 f22:0x7fc00000  f9:0x80000000 f27=0x80000000
     389105.000 ns	     38909	80008060	a10a9a53	flt.s	x20,f21,f16	 f21:0x4e804a00 f16:0x7fc00000 x20=0x00000000
     389135.000 ns	     38912	80008064	21b8a553	fsgnjx.s	f10,f17,f27	 f17:0x80000000 f27:0x80000000 f10=0x00000000
     389155.000 ns	     38914	80008068	00000013	addi	x0,x0,0	  x0:0x00000000
     389165.000 ns	     38915	8000806c	004292b3	sll	x5,x5,x4	  x5:0x00000506  x4:0xfffffb88  x5=0x00050600
     389175.000 ns	     38916	80008070	40588533	sub	x10,x17,x5	 x17:0x77c8049e  x5:0x00000506 x10=0x77c2fe9e
     389195.000 ns	     38918	80008074	21a42ed3	fsgnjx.s	f29,f8,f26	  f8:0x80000000 f26:0x00000000 f29=0x80000000
     389235.000 ns	     38922	80008078	191524d3	fdiv.s	f9,f10,f17	 f10:0x00000000 f17:0x80000000  f9=0x7fc00000
     389265.000 ns	     38925	8000807c	a1dfa4d3	feq.s	x9,f31,f29	 f31:0x00000000 f29:0x80000000  x9=0x00000001
     389285.000 ns	     38927	80008080	40735fb3	sra	x31,x6,x7	  x6:0xffffff00  x7:0x00000010 x31=0xffffffff
     389305.000 ns	     38929	80008084	29e99dd3	fmax.s	f27,f19,f30	 f19:0xcf7f000a f30:0x40ffffae f27=0x40ffffae
     389345.000 ns	     38933	80008088	580172d3	fsqrt.s	f5,f2	  f2:0x00000000  f5=0x00000000
     389375.000 ns	     38936	8000808c	d013cdd3	fcvt.s.wu	f27,x7	  x7:0x00000010 f27=0x41800000
     389405.000 ns	     38939	80008090	e0001cd3	fclass.s	x25,f0	  f0:0x00000000 x25=0x00000010
     389445.000 ns	     38943	80008094	1913fa53	fdiv.s	f20,f7,f17	  f7:0x7fc00000 f17:0x80000000 f20=0x7fc00000
     389465.000 ns	     38945	80008098	01641513	slli	x10,x8,0x16	  x8:0x00000000 x10=0x00000000
     389485.000 ns	     38947	8000809c	29f08d53	fmin.s	f26,f1,f31	  f1:0x4035048f f31:0x00000000 f26=0x00000000
     389505.000 ns	     38949	800080a0	0ef37313	andi	x6,x6,239	  x6:0xffffff00  x6=0x00000000
     389525.000 ns	     38951	800080a4	02aa83b3	mul	x7,x21,x10	 x21:0xfffffd4d x10:0x00000000  x7=0x00000000
     389555.000 ns	     38954	800080a8	21942253	fsgnjx.s	f4,f8,f25	  f8:0x80000000 f25:0x4f000410  f4=0x80000000
     389575.000 ns	     38956	800080ac	016f1e33	sll	x28,x30,x22	 x30:0x00000001 x22:0x00000000 x28=0x00000001
     389585.000 ns	     38957	800080b0	0074d893	srli	x17,x9,0x7	  x9:0x00000001 x17=0x00000000
     389595.000 ns	     38958	800080b4	00c59eb3	sll	x29,x11,x12	 x11:0x00000000 x12:0x00000000 x29=0x00000000
     389605.000 ns	     38959	800080b8	50e62613	slti	x12,x12,1294	 x12:0x00000000 x12=0x00000001
     389645.000 ns	     38963	800080bc	08b9b053	fsub.s	f0,f19,f11	 f19:0xcf7f000a f11:0x40e00000  f0=0xcf7f000a
     389675.000 ns	     38966	800080c0	030ce2b3	rem	x5,x25,x16	 x25:0x00000010 x16:0x00000000  x5=0x00000010
     389705.000 ns	     38969	800080c4	03751e33	mulh	x28,x10,x23	 x10:0x00000000 x23:0x00000000 x28=0x00000000
     389725.000 ns	     38971	800080c8	00ba20b3	slt	x1,x20,x11	 x20:0x00000000 x11:0x00000000  x1=0x00000000
     389735.000 ns	     38972	800080cc	403e5713	srai	x14,x28,0x3	 x28:0x00000000 x14=0x00000000
     389775.000 ns	     38976	800080d0	09f89ad3	fsub.s	f21,f17,f31	 f17:0x80000000 f31:0x00000000 f21=0x80000000
     389795.000 ns	     38978	800080d4	019e8eb3	add	x29,x29,x25	 x29:0x00000000 x25:0x00000010 x29=0x00000010
     389815.000 ns	     38980	800080d8	21fe2f53	fsgnjx.s	f30,f28,f31	 f28:0x80000000 f31:0x00000000 f30=0x80000000
     389855.000 ns	     38984	800080dc	1023f8d3	fmul.s	f17,f7,f2	  f7:0x7fc00000  f2:0x00000000 f17=0x7fc00000
     389885.000 ns	     38987	800080e0	21002bd3	fsgnjx.s	f23,f0,f16	  f0:0xcf7f000a f16:0x7fc00000 f23=0xcf7f000a
     389925.000 ns	     38991	800080e4	10212b53	fmul.s	f22,f2,f2	  f2:0x00000000  f2:0x00000000 f22=0x00000000
     389945.000 ns	     38993	800080e8	01f7a833	slt	x16,x15,x31	 x15:0x77c8048e x31:0xffffffff x16=0x00000000
     389965.000 ns	     38995	800080ec	039aa2b3	mulhsu	x5,x21,x25	 x21:0xfffffd4d x25:0x00000010  x5=0xffffffff
     389985.000 ns	     38997	800080f0	417e5a93	srai	x21,x28,0x17	 x28:0x00000000 x21=0x00000000
     389995.000 ns	     38998	800080f4	00107a33	and	x20,x0,x1	  x0:0x00000000  x1:0x00000000 x20=0x00000000
     391165.000 ns	     39115	800080f8	580df453	fsqrt.s	f8,f27	 f27:0x41800000  f8=0x407fffae
     391185.000 ns	     39117	800080fc	b1120413	addi	x8,x4,-1263	  x4:0xfffffb88  x8=0xfffff699
     391205.000 ns	     39119	80008100	02cb91b3	mulh	x3,x23,x12	 x23:0x00000000 x12:0x00000001  x3=0x00000000
     391235.000 ns	     39122	80008104	c007a153	fcvt.w.s	x2,f15	 f15:0x379837b4  x2=0x00000000
     391265.000 ns	     39125	80008108	030748b3	div	x17,x14,x16	 x14:0x00000000 x16:0x00000000 x17=0xffffffff
     391285.000 ns	     39127	8000810c	00000013	addi	x0,x0,0	  x0:0x00000000
     391295.000 ns	     39128	80008110	19d48f13	addi	x30,x9,413	  x9:0x00000001 x30=0x0000019e
     391305.000 ns	     39129	80008114	e2825fb7	lui	x31,0xe2825	 x31=0xe2825000
     391325.000 ns	     39131	80008118	03c936b3	mulhu	x13,x18,x28	 x18:0x00000000 x28:0x00000000 x13=0x00000000
     391365.000 ns	     39135	8000811c	1183c2d3	fmul.s	f5,f7,f24	  f7:0x7fc00000 f24:0x4e4881f6  f5=0x7fc00000
     391395.000 ns	     39138	80008120	21022ad3	fsgnjx.s	f21,f4,f16	  f4:0x80000000 f16:0x7fc00000 f21=0x80000000
     391425.000 ns	     39141	80008124	a16daa53	feq.s	x20,f27,f22	 f27:0x41800000 f22:0x00000000 x20=0x00000000
     391445.000 ns	     39143	80008128	01e96a33	or	x20,x18,x30	 x18:0x00000000 x30:0x0000019e x20=0x0000019e
     391465.000 ns	     39145	8000812c	d013c5d3	fcvt.s.wu	f11,x7	  x7:0x00000000 f11=0x00000000
     391485.000 ns	     39147	80008130	95d53f93	sltiu	x31,x10,-1699	 x10:0x00000000 x31=0x00000001
     391505.000 ns	     39149	80008134	e00b0c53	fmv.x.w	x24,f22	 f22:0x00000000 x24=0x00000000
     391535.000 ns	     39152	80008138	29871653	fmax.s	f12,f14,f24	 f14:0x4035048f f24:0x4e4881f6 f12=0x4e4881f6
     391905.000 ns	     39189	8000813c	02587fb3	remu	x31,x16,x5	 x16:0x00000000  x5:0xffffffff x31=0x00000000
     391925.000 ns	     39191	80008140	00d6d613	srli	x12,x13,0xd	 x13:0x00000000 x12=0x00000000
     391945.000 ns	     39193	80008144	e00694d3	fclass.s	x9,f13	 f13:0x30b50490  x9=0x00000040
     391975.000 ns	     39196	80008148	0208d733	divu	x14,x17,x0	 x17:0xffffffff  x0:0x00000000 x14=0xffffffff
     392005.000 ns	     39199	8000814c	205f9553	fsgnjn.s	f10,f31,f5	 f31:0x00000000  f5:0x7fc00000 f10=0x80000000
     392035.000 ns	     39202	80008150	033d9833	mulh	x16,x27,x19	 x27:0x80041024 x19:0x00000000 x16=0x00000000
     392065.000 ns	     39205	80008154	02c8e2b3	rem	x5,x17,x12	 x17:0xffffffff x12:0x00000000  x5=0xffffffff
     392095.000 ns	     39208	80008158	c001bfd3	fcvt.w.s	x31,f3	  f3:0x40ffffae x31=0x00000008
     392125.000 ns	     39211	8000815c	a1d48cd3	fle.s	x25,f9,f29	  f9:0x7fc00000 f29:0x80000000 x25=0x00000000
     392145.000 ns	     39213	80008160	2a0b7313	andi	x6,x22,672	 x22:0x00000000  x6=0x00000000
     392165.000 ns	     39215	80008164	e0011753	fclass.s	x14,f2	  f2:0x00000000 x14=0x00000010
     392195.000 ns	     39218	80008168	020d03b3	mul	x7,x26,x0	 x26:0x80040fe4  x0:0x00000000  x7=0x00000000
     392565.000 ns	     39255	8000816c	03dd7833	remu	x16,x26,x29	 x26:0x80040fe4 x29:0x00000010 x16=0x00000004
     392595.000 ns	     39258	80008170	0220abb3	mulhsu	x23,x1,x2	  x1:0x00000000  x2:0x00000000 x23=0x00000000
     392615.000 ns	     39260	80008174	00c30e33	add	x28,x6,x12	  x6:0x00000000 x12:0x00000000 x28=0x00000000
     392625.000 ns	     39261	80008178	3a7d0893	addi	x17,x26,935	 x26:0x80040fe4 x17=0x8004138b
     392655.000 ns	     39264	8000817c	580808d3	fsqrt.s	f17,f16	 f16:0x7fc00000 f17=0x7fc00000
     392685.000 ns	     39267	80008180	289e10d3	fmax.s	f1,f28,f9	 f28:0x80000000  f9:0x7fc00000  f1=0x80000000
     392715.000 ns	     39270	80008184	025f91b3	mulh	x3,x31,x5	 x31:0x00000008  x5:0xffffffff  x3=0xffffffff
     392735.000 ns	     39272	80008188	d9534513	xori	x10,x6,-619	  x6:0x00000000 x10=0xfffffd95
     392745.000 ns	     39273	8000818c	f2eeeb13	ori	x22,x29,-210	 x29:0x00000010 x22=0xffffff3e
     393795.000 ns	     39378	80008190	58061853	fsqrt.s	f16,f12	 f12:0x4e4881f6 f16=0x468dc7c0
     393815.000 ns	     39380	80008194	40758933	sub	x18,x11,x7	 x11:0x00000000  x7:0x00000000 x18=0x00000000
     393835.000 ns	     39382	80008198	a0270253	fle.s	x4,f14,f2	 f14:0x4035048f  f2:0x00000000  x4=0x00000000
     393855.000 ns	     39384	8000819c	40cc5cb3	sra	x25,x24,x12	 x24:0x00000000 x12:0x00000000 x25=0x00000000
     393865.000 ns	     39385	800081a0	408c8b33	sub	x22,x25,x8	 x25:0x00000000  x8:0xfffff699 x22=0x00000967
     393875.000 ns	     39386	800081a4	012366b3	or	x13,x6,x18	  x6:0x00000000 x18:0x00000000 x13=0x00000000
     393905.000 ns	     39389	800081a8	10797cd3	fmul.s	f25,f18,f7	 f18:0x7f800000  f7:0x7fc00000 f25=0x7fc00000
     393955.000 ns	     39394	800081ac	08837153	fsub.s	f2,f6,f8	  f6:0x00000000  f8:0x407fffae  f2=0xc07fffae
     393975.000 ns	     39396	800081b0	01451033	sll	x0,x10,x20	 x10:0xfffffd95 x20:0x0000019e
     393985.000 ns	     39397	800081b4	003973b3	and	x7,x18,x3	 x18:0x00000000  x3:0xffffffff  x7=0x00000000
     394025.000 ns	     39401	800081b8	002dc3d3	fadd.s	f7,f27,f2	 f27:0x41800000  f2:0xc07fffae  f7=0x41400014
     394065.000 ns	     39405	800081bc	11f77ed3	fmul.s	f29,f14,f31	 f14:0x4035048f f31:0x00000000 f29=0x00000000
     394095.000 ns	     39408	800081c0	219f2953	fsgnjx.s	f18,f30,f25	 f30:0x80000000 f25:0x7fc00000 f18=0x80000000
     394115.000 ns	     39410	800081c4	40650cb3	sub	x25,x10,x6	 x10:0xfffffd95  x6:0x00000000 x25=0xfffffd95
     394135.000 ns	     39412	800081c8	e0049553	fclass.s	x10,f9	  f9:0x7fc00000 x10=0x00000200
     394155.000 ns	     39414	800081cc	22922813	slti	x16,x4,553	  x4:0x00000000 x16=0x00000001
     394175.000 ns	     39416	800081d0	03d036b3	mulhu	x13,x0,x29	  x0:0x00000000 x29:0x00000010 x13=0x00000000
     394205.000 ns	     39419	800081d4	032dafb3	mulhsu	x31,x27,x18	 x27:0x80041024 x18:0x00000000 x31=0x00000000
     394235.000 ns	     39422	800081d8	d0074253	fcvt.s.w	f4,x14	 x14:0x00000010  f4=0x41800000
     394265.000 ns	     39425	800081dc	21a18f53	fsgnj.s	f30,f3,f26	  f3:0x40ffffae f26:0x00000000 f30=0x40ffffae
     394295.000 ns	     39428	800081e0	037c68b3	rem	x17,x24,x23	 x24:0x00000000 x23:0x00000000 x17=0x00000000
     394315.000 ns	     39430	800081e4	ea564537	lui	x10,0xea564	 x10=0xea564000
     394325.000 ns	     39431	800081e8	a730cc13	xori	x24,x1,-1421	  x1:0x00000000 x24=0xfffffa73
     394345.000 ns	     39433	800081ec	29161153	fmax.s	f2,f12,f17	 f12:0x4e4881f6 f17:0x7fc00000  f2=0x4e4881f6
     394365.000 ns	     39435	800081f0	402c8633	sub	x12,x25,x2	 x25:0xfffffd95  x2:0x00000000 x12=0xfffffd95
     394375.000 ns	     39436	800081f4	01755333	srl	x6,x10,x23	 x10:0xea564000 x23:0x00000000  x6=0xea564000
     394415.000 ns	     39440	800081f8	09c47f53	fsub.s	f30,f8,f28	  f8:0x407fffae f28:0x80000000 f30=0x407fffae
     394445.000 ns	     39443	800081fc	036b3bb3	mulhu	x23,x22,x22	 x22:0x00000967 x22:0x00000967 x23=0x00000000
     394465.000 ns	     39445	80008200	0010d4b3	srl	x9,x1,x1	  x1:0x00000000  x1:0x00000000  x9=0x00000000
     394485.000 ns	     39447	80008204	02a8a2b3	mulhsu	x5,x17,x10	 x17:0x00000000 x10:0xea564000  x5=0x00000000
     394515.000 ns	     39450	80008208	f00e82d3	fmv.w.x	f5,x29	 x29:0x00000010  f5=0x00000010
     394535.000 ns	     39452	8000820c	44585f97	auipc	x31,0x44585	 x31=0xc458d20c
     394555.000 ns	     39454	80008210	a13e96d3	flt.s	x13,f29,f19	 f29:0x00000000 f19:0xcf7f000a x13=0x00000000
     394585.000 ns	     39457	80008214	211728d3	fsgnjx.s	f17,f14,f17	 f14:0x4035048f f17:0x7fc00000 f17=0x4035048f
     394605.000 ns	     39459	80008218	a34f8c93	addi	x25,x31,-1484	 x31:0xc458d20c x25=0xc458cc40
     394615.000 ns	     39460	8000821c	01179993	slli	x19,x15,0x11	 x15:0x77c8048e x19=0x091c0000
     394625.000 ns	     39461	80008220	40e90cb3	sub	x25,x18,x14	 x18:0x00000000 x14:0x00000010 x25=0xfffffff0
     394665.000 ns	     39465	80008224	09427753	fsub.s	f14,f4,f20	  f4:0x41800000 f20:0x7fc00000 f14=0x7fc00000
     394695.000 ns	     39468	80008228	219b9fd3	fsgnjn.s	f31,f23,f25	 f23:0xcf7f000a f25:0x7fc00000 f31=0xcf7f000a
     394715.000 ns	     39470	8000822c	402ada93	srai	x21,x21,0x2	 x21:0x00000000 x21=0x00000000
     394735.000 ns	     39472	80008230	025accb3	div	x25,x21,x5	 x21:0x00000000  x5:0x00000000 x25=0xffffffff
     394765.000 ns	     39475	80008234	c00496d3	fcvt.w.s	x13,f9	  f9:0x7fc00000 x13=0x7fffffff
     394795.000 ns	     39478	80008238	21dc21d3	fsgnjx.s	f3,f24,f29	 f24:0x4e4881f6 f29:0x00000000  f3=0x4e4881f6
     394815.000 ns	     39480	8000823c	00b59713	slli	x14,x11,0xb	 x11:0x00000000 x14=0x00000000
     394825.000 ns	     39481	80008240	00355b33	srl	x22,x10,x3	 x10:0xea564000  x3:0xffffffff x22=0x00000001
     395995.000 ns	     39598	80008244	58067e53	fsqrt.s	f28,f12	 f12:0x4e4881f6 f28=0x468dc7c0
     396015.000 ns	     39600	80008248	01ab7033	and	x0,x22,x26	 x22:0x00000967 x26:0x80040fe4
     396025.000 ns	     39601	8000824c	00a13033	sltu	x0,x2,x10	  x2:0x00000000 x10:0xea564000
     396045.000 ns	     39603	80008250	039523b3	mulhsu	x7,x10,x25	 x10:0xea564000 x25:0xffffffff  x7=0xea564000
     396075.000 ns	     39606	80008254	f00a82d3	fmv.w.x	f5,x21	 x21:0x00000000  f5=0x00000000
     396125.000 ns	     39611	80008258	095172d3	fsub.s	f5,f2,f21	  f2:0x4e4881f6 f21:0x80000000  f5=0x4e4881f6
     396145.000 ns	     39613	8000825c	01a05b93	srli	x23,x0,0x1a	  x0:0x00000000 x23=0x00000000
     396155.000 ns	     39614	80008260	9ec99197	auipc	x3,0x9ec99	  x3=0x1eca1260
     396175.000 ns	     39616	80008264	037e6733	rem	x14,x28,x23	 x28:0x00000000 x23:0x00000000 x14=0x00000000
     396225.000 ns	     39621	80008268	08abf5d3	fsub.s	f11,f23,f10	 f23:0xcf7f000a f10:0x80000000 f11=0xcf7f000a
     396255.000 ns	     39624	8000826c	c01bf653	fcvt.wu.s	x12,f23	 f23:0xcf7f000a x12=0xff000a00
     396305.000 ns	     39629	80008270	08357cd3	fsub.s	f25,f10,f3	 f10:0x80000000  f3:0x4e4881f6 f25=0xce4881f6
     396675.000 ns	     39666	80008274	023bc0b3	div	x1,x23,x3	 x23:0x00000000  x3:0x1eca1260  x1=0x00000000
     396695.000 ns	     39668	80008278	00b96733	or	x14,x18,x11	 x18:0x00000000 x11:0x00000000 x14=0x00000000
     396705.000 ns	     39669	8000827c	00cf8bb3	add	x23,x31,x12	 x31:0xc458d20c x12:0xff000a00 x23=0xc358dc0c
     396715.000 ns	     39670	80008280	01911613	slli	x12,x2,0x19	  x2:0x00000000 x12=0x00000000
     396735.000 ns	     39672	80008284	e00580d3	fmv.x.w	x1,f11	 f11:0xcf7f000a  x1=0xcf7f000a
     396755.000 ns	     39674	80008288	01649a93	slli	x21,x9,0x16	  x9:0x00000000 x21=0x00000000
     396775.000 ns	     39676	8000828c	a19822d3	feq.s	x5,f16,f25	 f16:0x468dc7c0 f25:0xce4881f6  x5=0x00000000
     396805.000 ns	     39679	80008290	a14226d3	feq.s	x13,f4,f20	  f4:0x41800000 f20:0x7fc00000 x13=0x00000000
     396835.000 ns	     39682	80008294	c01cb053	fcvt.wu.s	x0,f25	 f25:0xce4881f6
     396855.000 ns	     39684	80008298	52fb7413	andi	x8,x22,1327	 x22:0x00000001  x8=0x00000001
     396865.000 ns	     39685	8000829c	00822f33	slt	x30,x4,x8	  x4:0x00000000  x8:0xfffff699 x30=0x00000001
     396875.000 ns	     39686	800082a0	01f47233	and	x4,x8,x31	  x8:0xfffff699 x31:0xc458d20c  x4=0x00000000
     397235.000 ns	     39722	800082a4	02ff4a33	div	x20,x30,x15	 x30:0x0000019e x15:0x77c8048e x20=0x00000000
     397265.000 ns	     39725	800082a8	e00e0e53	fmv.x.w	x28,f28	 f28:0x468dc7c0 x28=0x468dc7c0
     397635.000 ns	     39762	800082ac	03e17433	remu	x8,x2,x30	  x2:0x00000000 x30:0x00000001  x8=0x00000000
     397665.000 ns	     39765	800082b0	29b38753	fmin.s	f14,f7,f27	  f7:0x41400014 f27:0x41800000 f14=0x41400014
     397685.000 ns	     39767	800082b4	840d3893	sltiu	x17,x26,-1984	 x26:0x80040fe4 x17=0x00000001
     397695.000 ns	     39768	800082b8	00b45c33	srl	x24,x8,x11	  x8:0x00000000 x11:0x00000000 x24=0x00000000
     397715.000 ns	     39770	800082bc	a037aa53	feq.s	x20,f15,f3	 f15:0x379837b4  f3:0x4e4881f6 x20=0x00000000
     397745.000 ns	     39773	800082c0	a125a9d3	feq.s	x19,f11,f18	 f11:0xcf7f000a f18:0x80000000 x19=0x00000000
     397775.000 ns	     39776	800082c4	e00b0553	fmv.x.w	x10,f22	 f22:0x00000000 x10=0x00000000
     398115.000 ns	     39810	800082c8	199c7b53	fdiv.s	f22,f24,f25	 f24:0x4e4881f6 f25:0xce4881f6 f22=0xbf4881f6
     398135.000 ns	     39812	800082cc	2ebaa917	auipc	x18,0x2ebaa	 x18=0xaebb22cc
     398145.000 ns	     39813	800082d0	00000013	addi	x0,x0,0	  x0:0x00000000
     398155.000 ns	     39814	800082d4	40038fb3	sub	x31,x7,x0	  x7:0xea564000  x0:0x00000000 x31=0xea564000
     398485.000 ns	     39847	800082d8	19099953	fdiv.s	f18,f19,f16	 f19:0xcf7f000a f16:0x468dc7c0 f18=0xc84c97f3
     398525.000 ns	     39851	800082dc	10fcfdd3	fmul.s	f27,f25,f15	 f25:0xce4881f6 f15:0x379837b4 f27=0xc66e7196
     398555.000 ns	     39854	800082e0	a13c92d3	flt.s	x5,f25,f19	 f25:0xce4881f6 f19:0xcf7f000a  x5=0x00000000
     398575.000 ns	     39856	800082e4	00109113	slli	x2,x1,0x1	  x1:0xcf7f000a  x2=0x9efe0014
     398595.000 ns	     39858	800082e8	03c2af33	mulhsu	x30,x5,x28	  x5:0x00000000 x28:0x468dc7c0 x30=0x00000000
     398625.000 ns	     39861	800082ec	036db433	mulhu	x8,x27,x22	 x27:0x80041024 x22:0x00000001  x8=0x00000000
     398645.000 ns	     39863	800082f0	01ef3533	sltu	x10,x30,x30	 x30:0x00000000 x30:0x00000000 x10=0x00000000
     398655.000 ns	     39864	800082f4	7a172013	slti	x0,x14,1953	 x14:0x00000000
     398675.000 ns	     39866	800082f8	03fd9733	mulh	x14,x27,x31	 x27:0x80041024 x31:0xea564000 x14=0x0ad487fb
     398705.000 ns	     39869	800082fc	e00495d3	fclass.s	x11,f9	  f9:0x7fc00000 x11=0x00000200
     398735.000 ns	     39872	80008300	c0074453	fcvt.w.s	x8,f14	 f14:0x41400014  x8=0x0000000c
     398755.000 ns	     39874	80008304	cdbfcc93	xori	x25,x31,-805	 x31:0xea564000 x25=0x15a9bcdb
     398775.000 ns	     39876	80008308	029713b3	mulh	x7,x14,x9	 x14:0x0ad487fb  x9:0x00000000  x7=0x00000000
     398795.000 ns	     39878	8000830c	606be5b7	lui	x11,0x606be	 x11=0x606be000
     398805.000 ns	     39879	80008310	00000013	addi	x0,x0,0	  x0:0x00000000
     398825.000 ns	     39881	80008314	03ca8f33	mul	x30,x21,x28	 x21:0x00000000 x28:0x468dc7c0 x30=0x00000000
     398845.000 ns	     39883	80008318	531e4913	xori	x18,x28,1329	 x28:0x468dc7c0 x18=0x468dc2f1
     398865.000 ns	     39885	8000831c	d00cfd53	fcvt.s.w	f26,x25	 x25:0x15a9bcdb f26=0x4dad4de6
     398895.000 ns	     39888	80008320	02409a33	mulh	x20,x1,x4	  x1:0xcf7f000a  x4:0x00000000 x20=0x00000000
     399265.000 ns	     39925	80008324	03f95eb3	divu	x29,x18,x31	 x18:0x468dc2f1 x31:0xea564000 x29=0x00000000
     399295.000 ns	     39928	80008328	286414d3	fmax.s	f9,f8,f6	  f8:0x407fffae  f6:0x00000000  f9=0x407fffae
     399325.000 ns	     39931	8000832c	028335b3	mulhu	x11,x6,x8	  x6:0xea564000  x8:0x0000000c x11=0x0000000a
     399345.000 ns	     39933	80008330	410502b3	sub	x5,x10,x16	 x10:0x00000000 x16:0x00000001  x5=0xffffffff
     399365.000 ns	     39935	80008334	e00991d3	fclass.s	x3,f19	 f19:0xcf7f000a  x3=0x00000002
     399395.000 ns	     39938	80008338	c0088653	fcvt.w.s	x12,f17	 f17:0x4035048f x12=0x00000003
     399735.000 ns	     39972	8000833c	18469853	fdiv.s	f16,f13,f4	 f13:0x30b50490  f4:0x41800000 f16=0x2e416018
     399755.000 ns	     39974	80008340	01f42233	slt	x4,x8,x31	  x8:0x0000000c x31:0xea564000  x4=0x00000000
     399775.000 ns	     39976	80008344	a060a0d3	feq.s	x1,f1,f6	  f1:0x80000000  f6:0x00000000  x1=0x00000001
     399795.000 ns	     39978	80008348	006426b3	slt	x13,x8,x6	  x8:0x0000000c  x6:0xea564000 x13=0x00000000
     399805.000 ns	     39979	8000834c	00a2e433	or	x8,x5,x10	  x5:0xffffffff x10:0x00000000  x8=0xffffffff
     399815.000 ns	     39980	80008350	41dd5933	sra	x18,x26,x29	 x26:0x80040fe4 x29:0x00000000 x18=0x80040fe4
     399825.000 ns	     39981	80008354	0098a1b3	slt	x3,x17,x9	 x17:0x00000001  x9:0x00000000  x3=0x00000000
     399845.000 ns	     39983	80008358	20161c53	fsgnjn.s	f24,f12,f1	 f12:0x4e4881f6  f1:0x80000000 f24=0x4e4881f6
     400185.000 ns	     40017	8000835c	183d3753	fdiv.s	f14,f26,f3	 f26:0x4dad4de6  f3:0x4e4881f6 f14=0x3ead4de6
     400215.000 ns	     40020	80008360	c00025d3	fcvt.w.s	x11,f0	  f0:0xcf7f000a x11=0x80000000
     400245.000 ns	     40023	80008364	d0072853	fcvt.s.w	f16,x14	 x14:0x0ad487fb f16=0x4d2d4880
     400285.000 ns	     40027	80008368	180afc53	fdiv.s	f24,f21,f0	 f21:0x80000000  f0:0xcf7f000a f24=0x00000000
     400315.000 ns	     40030	8000836c	a087aed3	feq.s	x29,f15,f8	 f15:0x379837b4  f8:0x407fffae x29=0x00000000
     400335.000 ns	     40032	80008370	01f0aeb3	slt	x29,x1,x31	  x1:0x00000001 x31:0xea564000 x29=0x00000000
     400345.000 ns	     40033	80008374	69ce2393	slti	x7,x28,1692	 x28:0x468dc7c0  x7=0x00000000
     400355.000 ns	     40034	80008378	00267bb3	and	x23,x12,x2	 x12:0x00000003  x2:0x9efe0014 x23=0x00000000
     400715.000 ns	     40070	8000837c	03a9cc33	div	x24,x19,x26	 x19:0x00000000 x26:0x80040fe4 x24=0x00000000
     400735.000 ns	     40072	80008380	b147f493	andi	x9,x15,-1260	 x15:0x77c8048e  x9=0x77c80004
     400745.000 ns	     40073	80008384	00770233	add	x4,x14,x7	 x14:0x0ad487fb  x7:0x00000000  x4=0x0ad487fb
     400755.000 ns	     40074	80008388	416b0833	sub	x16,x22,x22	 x22:0x00000001 x22:0x00000001 x16=0x00000000
     400795.000 ns	     40078	8000838c	01b413d3	fadd.s	f7,f8,f27	  f8:0x407fffae f27:0xc66e7196  f7=0xc66e6196
     401165.000 ns	     40115	80008390	02544f33	div	x30,x8,x5	  x8:0xffffffff  x5:0xffffffff x30=0x00000001
     401185.000 ns	     40117	80008394	00505f13	srli	x30,x0,0x5	  x0:0x00000000 x30=0x00000000
     401195.000 ns	     40118	80008398	00000013	addi	x0,x0,0	  x0:0x00000000
     401205.000 ns	     40119	8000839c	915ec613	xori	x12,x29,-1771	 x29:0x00000000 x12=0xfffff915
     401225.000 ns	     40121	800083a0	28318ad3	fmin.s	f21,f3,f3	  f3:0x4e4881f6  f3:0x4e4881f6 f21=0x4e4881f6
     401245.000 ns	     40123	800083a4	00481333	sll	x6,x16,x4	 x16:0x00000000  x4:0x0ad487fb  x6=0x00000000
     401605.000 ns	     40159	800083a8	02ecd033	divu	x0,x25,x14	 x25:0x15a9bcdb x14:0x0ad487fb
     401625.000 ns	     40161	800083ac	00dc2533	slt	x10,x24,x13	 x24:0x00000000 x13:0x00000000 x10=0x00000000
     401645.000 ns	     40163	800083b0	028223b3	mulhsu	x7,x4,x8	  x4:0x0ad487fb  x8:0xffffffff  x7=0x0ad487fa
     401665.000 ns	     40165	800083b4	00a031b3	sltu	x3,x0,x10	  x0:0x00000000 x10:0x00000000  x3=0x00000000
     401685.000 ns	     40167	800083b8	c0143c53	fcvt.wu.s	x24,f8	  f8:0x407fffae x24=0x00000004
     401715.000 ns	     40170	800083bc	d0197053	fcvt.s.wu	f0,x18	 x18:0x80040fe4  f0=0x4f00040f
     401735.000 ns	     40172	800083c0	00aa1cb3	sll	x25,x20,x10	 x20:0x00000000 x10:0x00000000 x25=0x00000000
     401755.000 ns	     40174	800083c4	e0030653	fmv.x.w	x12,f6	  f6:0x00000000 x12=0x00000000
     401785.000 ns	     40177	800083c8	a1bb9e53	flt.s	x28,f23,f27	 f23:0xcf7f000a f27:0xc66e7196 x28=0x00000001
     401815.000 ns	     40180	800083cc	a089aed3	feq.s	x29,f19,f8	 f19:0xcf7f000a  f8:0x407fffae x29=0x00000000
     401845.000 ns	     40183	800083d0	e0079553	fclass.s	x10,f15	 f15:0x379837b4 x10=0x00000040
     401875.000 ns	     40186	800083d4	02b5a133	mulhsu	x2,x11,x11	 x11:0x80000000 x11:0x80000000  x2=0xc0000000
     401895.000 ns	     40188	800083d8	418a5313	srai	x6,x20,0x18	 x20:0x00000000  x6=0x00000000
     401935.000 ns	     40192	800083dc	090d9253	fsub.s	f4,f27,f16	 f27:0xc66e7196 f16:0x4d2d4880  f4=0xcd2d4c39
     401955.000 ns	     40194	800083e0	017a9493	slli	x9,x21,0x17	 x21:0x00000000  x9=0x00000000
     401975.000 ns	     40196	800083e4	c00575d3	fcvt.w.s	x11,f10	 f10:0x80000000 x11=0x00000000
     402025.000 ns	     40201	800083e8	09a0b453	fsub.s	f8,f1,f26	  f1:0x80000000 f26:0x4dad4de6  f8=0xcdad4de6
     402055.000 ns	     40204	800083ec	a1b29fd3	flt.s	x31,f5,f27	  f5:0x4e4881f6 f27:0xc66e7196 x31=0x00000000
     402075.000 ns	     40206	800083f0	00000013	addi	x0,x0,0	  x0:0x00000000
     402085.000 ns	     40207	800083f4	0079ae33	slt	x28,x19,x7	 x19:0x00000000  x7:0x0ad487fa x28=0x00000001
     402095.000 ns	     40208	800083f8	41b1df13	srai	x30,x3,0x1b	  x3:0x00000000 x30=0x00000000
     402115.000 ns	     40210	800083fc	29ac8653	fmin.s	f12,f25,f26	 f25:0xce4881f6 f26:0x4dad4de6 f12=0xce4881f6
     402135.000 ns	     40212	80008400	90ed8513	addi	x10,x27,-1778	 x27:0x80041024 x10=0x80040932
     402155.000 ns	     40214	80008404	2196a7d3	fsgnjx.s	f15,f13,f25	 f13:0x30b50490 f25:0xce4881f6 f15=0xb0b50490
     402195.000 ns	     40218	80008408	5805f353	fsqrt.s	f6,f11	 f11:0xcf7f000a  f6=0x7fc00000
     402565.000 ns	     40255	8000840c	02416933	rem	x18,x2,x4	  x2:0xc0000000  x4:0x0ad487fb x18=0xf626a7e7
     402585.000 ns	     40257	80008410	a0397317	auipc	x6,0xa0397	  x6=0x2039f410
     402605.000 ns	     40259	80008414	e00208d3	fmv.x.w	x17,f4	  f4:0xcd2d4c39 x17=0xcd2d4c39
     402625.000 ns	     40261	80008418	00bb4333	xor	x6,x22,x11	 x22:0x00000001 x11:0x00000000  x6=0x00000001
     402635.000 ns	     40262	8000841c	c8684813	xori	x16,x16,-890	 x16:0x00000000 x16=0xfffffc86
     402645.000 ns	     40263	80008420	00405eb3	srl	x29,x0,x4	  x0:0x00000000  x4:0x0ad487fb x29=0x00000000
     403005.000 ns	     40299	80008424	036840b3	div	x1,x16,x22	 x16:0x00000000 x22:0x00000001  x1=0xfffffc86
     403035.000 ns	     40302	80008428	c011afd3	fcvt.wu.s	x31,f3	  f3:0x4e4881f6 x31=0x32207d80
     403055.000 ns	     40304	8000842c	d5b940b7	lui	x1,0xd5b94	  x1=0xd5b94000
     403075.000 ns	     40306	80008430	e00e0fd3	fmv.x.w	x31,f28	 f28:0x468dc7c0 x31=0x468dc7c0
     403095.000 ns	     40308	80008434	86a97b17	auipc	x22,0x86a97	 x22=0x06a9f434
     403115.000 ns	     40310	80008438	a09eaad3	feq.s	x21,f29,f9	 f29:0x00000000  f9:0x407fffae x21=0x00000000
     403145.000 ns	     40313	8000843c	029cab33	mulhsu	x22,x25,x9	 x25:0x00000000  x9:0x00000000 x22=0x00000000
     403165.000 ns	     40315	80008440	0106d0b3	srl	x1,x13,x16	 x13:0x00000000 x16:0xfffffc86  x1=0x00000000
     403175.000 ns	     40316	80008444	cd66eb93	ori	x23,x13,-810	 x13:0x00000000 x23=0xfffffcd6
     403185.000 ns	     40317	80008448	9d5eea93	ori	x21,x29,-1579	 x29:0x00000000 x21=0xfffff9d5
     403545.000 ns	     40353	8000844c	0271d4b3	divu	x9,x3,x7	  x3:0x00000000  x7:0x0ad487fa  x9=0x00000000
     403575.000 ns	     40356	80008450	c00cfed3	fcvt.w.s	x29,f25	 f25:0xce4881f6 x29=0x32207d80
     403595.000 ns	     40358	80008454	007956b3	srl	x13,x18,x7	 x18:0xf626a7e7  x7:0x0ad487fa x13=0x0000003d
     403615.000 ns	     40360	80008458	e0090453	fmv.x.w	x8,f18	 f18:0xc84c97f3  x8=0xc84c97f3
     403635.000 ns	     40362	8000845c	00a7b233	sltu	x4,x15,x10	 x15:0x77c8048e x10:0x80040932  x4=0x00000001
     403655.000 ns	     40364	80008460	025902b3	mul	x5,x18,x5	 x18:0xf626a7e7  x5:0xffffffff  x5=0x09d95819
     403685.000 ns	     40367	80008464	20898bd3	fsgnj.s	f23,f19,f8	 f19:0xcf7f000a  f8:0xcdad4de6 f23=0xcf7f000a
     403725.000 ns	     40371	80008468	19ba7053	fdiv.s	f0,f20,f27	 f20:0x7fc00000 f27:0xc66e7196  f0=0x7fc00000
     403745.000 ns	     40373	8000846c	01ee8ab3	add	x21,x29,x30	 x29:0x32207d80 x30:0x00000000 x21=0x32207d80
     403765.000 ns	     40375	80008470	e00d1453	fclass.s	x8,f26	 f26:0x4dad4de6  x8=0x00000040
     403785.000 ns	     40377	80008474	011faa33	slt	x20,x31,x17	 x31:0x468dc7c0 x17:0xcd2d4c39 x20=0x00000000
     403805.000 ns	     40379	80008478	207f9ed3	fsgnjn.s	f29,f31,f7	 f31:0xcf7f000a  f7:0xc66e6196 f29=0x4f7f000a
     403835.000 ns	     40382	8000847c	c007fbd3	fcvt.w.s	x23,f15	 f15:0xb0b50490 x23=0x00000000
     403865.000 ns	     40385	80008480	03c01bb3	mulh	x23,x0,x28	  x0:0x00000000 x28:0x00000001 x23=0x00000000
     403895.000 ns	     40388	80008484	21fc83d3	fsgnj.s	f7,f25,f31	 f25:0xce4881f6 f31:0xcf7f000a  f7=0xce4881f6
     403925.000 ns	     40391	80008488	2058af53	fsgnjx.s	f30,f17,f5	 f17:0x4035048f  f5:0x4e4881f6 f30=0x4035048f
     403945.000 ns	     40393	8000848c	902f0517	auipc	x10,0x902f0	 x10=0x102f848c
     403955.000 ns	     40394	80008490	01a45613	srli	x12,x8,0x1a	  x8:0x00000040 x12=0x00000000
     403975.000 ns	     40396	80008494	f00e8d53	fmv.w.x	f26,x29	 x29:0x32207d80 f26=0x32207d80
     403995.000 ns	     40398	80008498	85a57f13	andi	x30,x10,-1958	 x10:0x102f848c x30=0x102f8008
     404015.000 ns	     40400	8000849c	0398b4b3	mulhu	x9,x17,x25	 x17:0xcd2d4c39 x25:0x00000000  x9=0x00000000
     404385.000 ns	     40437	800084a0	03f57133	remu	x2,x10,x31	 x10:0x102f848c x31:0x468dc7c0  x2=0x102f848c
     404405.000 ns	     40439	800084a4	0150a933	slt	x18,x1,x21	  x1:0x00000000 x21:0x32207d80 x18=0x00000001
     404425.000 ns	     40441	800084a8	a16ba2d3	feq.s	x5,f23,f22	 f23:0xcf7f000a f22:0xbf4881f6  x5=0x00000000
     404445.000 ns	     40443	800084ac	00f2ce33	xor	x28,x5,x15	  x5:0x09d95819 x15:0x77c8048e x28=0x77c8048e
     404485.000 ns	     40447	800084b0	0807abd3	fsub.s	f23,f15,f0	 f15:0xb0b50490  f0:0x7fc00000 f23=0x7fc00000
     404515.000 ns	     40450	800084b4	c01d0cd3	fcvt.wu.s	x25,f26	 f26:0x32207d80 x25=0x00000000
     404535.000 ns	     40452	800084b8	8cf77513	andi	x10,x14,-1841	 x14:0x0ad487fb x10=0x0ad480cb
     404555.000 ns	     40454	800084bc	e0059ed3	fclass.s	x29,f11	 f11:0xcf7f000a x29=0x00000002
     404585.000 ns	     40457	800084c0	d00cf0d3	fcvt.s.w	f1,x25	 x25:0x00000000  f1=0x00000000
     404615.000 ns	     40460	800084c4	20f39b53	fsgnjn.s	f22,f7,f15	  f7:0xce4881f6 f15:0xb0b50490 f22=0x4e4881f6
     404645.000 ns	     40463	800084c8	c0137c53	fcvt.wu.s	x24,f6	  f6:0x7fc00000 x24=0xffffffff
     404665.000 ns	     40465	800084cc	01779993	slli	x19,x15,0x17	 x15:0x77c8048e x19=0x47000000
     404675.000 ns	     40466	800084d0	01393cb3	sltu	x25,x18,x19	 x18:0x00000001 x19:0x00000000 x25=0x00000001
     405035.000 ns	     40502	800084d4	03f5e3b3	rem	x7,x11,x31	 x11:0x00000000 x31:0x468dc7c0  x7=0x00000000
     405055.000 ns	     40504	800084d8	01b27cb3	and	x25,x4,x27	  x4:0x00000001 x27:0x80041024 x25=0x00000000
     405065.000 ns	     40505	800084dc	e8048193	addi	x3,x9,-384	  x9:0x00000000  x3=0xfffffe80
     405075.000 ns	     40506	800084e0	bd1b8037	lui	x0,0xbd1b8	
     405095.000 ns	     40508	800084e4	c0031953	fcvt.w.s	x18,f6	  f6:0x7fc00000 x18=0x7fffffff
     405115.000 ns	     40510	800084e8	5b77c993	xori	x19,x15,1463	 x15:0x77c8048e x19=0x77c80139
     405135.000 ns	     40512	800084ec	28b29753	fmax.s	f14,f5,f11	  f5:0x4e4881f6 f11:0xcf7f000a f14=0x4e4881f6
     405165.000 ns	     40515	800084f0	210299d3	fsgnjn.s	f19,f5,f16	  f5:0x4e4881f6 f16:0x4d2d4880 f19=0xce4881f6
     405195.000 ns	     40518	800084f4	20af91d3	fsgnjn.s	f3,f31,f10	 f31:0xcf7f000a f10:0x80000000  f3=0x4f7f000a
     405225.000 ns	     40521	800084f8	c019fcd3	fcvt.wu.s	x25,f19	 f19:0xce4881f6 x25=0x32207d80
     405255.000 ns	     40524	800084fc	a0a4ac53	feq.s	x24,f9,f10	  f9:0x407fffae f10:0x80000000 x24=0x00000000
     405275.000 ns	     40526	80008500	f7444913	xori	x18,x8,-140	  x8:0x00000040 x18=0xffffff34
     405635.000 ns	     40562	80008504	0311dab3	divu	x21,x3,x17	  x3:0xfffffe80 x17:0xcd2d4c39 x21=0x00000001
     405665.000 ns	     40565	80008508	02612733	mulhsu	x14,x2,x6	  x2:0x102f848c  x6:0x00000001 x14=0x00000000
     405685.000 ns	     40567	8000850c	01af61b3	or	x3,x30,x26	 x30:0x102f8008 x26:0x80040fe4  x3=0x902f8fec
     405705.000 ns	     40569	80008510	21218bd3	fsgnj.s	f23,f3,f18	  f3:0x4f7f000a f18:0xc84c97f3 f23=0xcf7f000a
     405725.000 ns	     40571	80008514	d6e0c837	lui	x16,0xd6e0c	 x16=0xd6e0c000
     405745.000 ns	     40573	80008518	037126b3	mulhsu	x13,x2,x23	  x2:0x102f848c x23:0x00000000 x13=0x00000000
     406115.000 ns	     40610	8000851c	02aed533	divu	x10,x29,x10	 x29:0x00000002 x10:0x0ad480cb x10=0x00000000
     406145.000 ns	     40613	80008520	c01910d3	fcvt.wu.s	x1,f18	 f18:0xc84c97f3  x1=0x0003325f
     406165.000 ns	     40615	80008524	010ca233	slt	x4,x25,x16	 x25:0x32207d80 x16:0xd6e0c000  x4=0x00000000
     406175.000 ns	     40616	80008528	00d4aa33	slt	x20,x9,x13	  x9:0x00000000 x13:0x00000000 x20=0x00000000
     406185.000 ns	     40617	8000852c	f5e0c493	xori	x9,x1,-162	  x1:0x0003325f  x9=0xfffccd01
     406215.000 ns	     40620	80008530	10ef77d3	fmul.s	f15,f30,f14	 f30:0x4035048f f14:0x4e4881f6 f15=0x4f0dc775
     406245.000 ns	     40623	80008534	20ca2e53	fsgnjx.s	f28,f20,f12	 f20:0x7fc00000 f12:0xce4881f6 f28=0xffc00000
     406265.000 ns	     40625	80008538	934dbb13	sltiu	x22,x27,-1740	 x27:0x80041024 x22=0x00000001
     406275.000 ns	     40626	8000853c	8e828293	addi	x5,x5,-1816	  x5:0x00000000  x5=0xfffff8e8
     406295.000 ns	     40628	80008540	21d69c53	fsgnjn.s	f24,f13,f29	 f13:0x30b50490 f29:0x4f7f000a f24=0xb0b50490
     406665.000 ns	     40665	80008544	029c5c33	divu	x24,x24,x9	 x24:0x00000000  x9:0xfffccd01 x24=0x00000000
     406685.000 ns	     40667	80008548	0034c933	xor	x18,x9,x3	  x9:0xfffccd01  x3:0x902f8fec x18=0x6fd342ed
     406705.000 ns	     40669	8000854c	e0041353	fclass.s	x6,f8	  f8:0xcdad4de6  x6=0x00000002
     407075.000 ns	     40706	80008550	039c5033	divu	x0,x24,x25	 x24:0x00000000 x25:0x32207d80
     407095.000 ns	     40708	80008554	0026a533	slt	x10,x13,x2	 x13:0x00000000  x2:0x102f848c x10=0x00000001
     407135.000 ns	     40712	80008558	01c90953	fadd.s	f18,f18,f28	 f18:0xc84c97f3 f28:0xffc00000 f18=0x7fc00000
     407155.000 ns	     40714	8000855c	017fcf33	xor	x30,x31,x23	 x31:0x468dc7c0 x23:0x00000000 x30=0x468dc7c0
     407175.000 ns	     40716	80008560	e0028753	fmv.x.w	x14,f5	  f5:0x4e4881f6 x14=0x4e4881f6
     407195.000 ns	     40718	80008564	94d94113	xori	x2,x18,-1715	 x18:0x6fd342ed  x2=0x902cbba0
     407205.000 ns	     40719	80008568	34c82e97	auipc	x29,0x34c82	 x29=0xb4c8a568
     407215.000 ns	     40720	8000856c	00000013	addi	x0,x0,0	  x0:0x00000000
     407225.000 ns	     40721	80008570	00d769b3	or	x19,x14,x13	 x14:0x4e4881f6 x13:0x00000000 x19=0x4e4881f6
     407265.000 ns	     40725	80008574	0177f2d3	fadd.s	f5,f15,f23	 f15:0x4f0dc775 f23:0xcf7f000a  f5=0xcee2712a
     407285.000 ns	     40727	80008578	00000013	addi	x0,x0,0	  x0:0x00000000
     407315.000 ns	     40730	8000857c	580bf853	fsqrt.s	f16,f23	 f23:0xcf7f000a f16=0x7fc00000
     407365.000 ns	     40735	80008580	007dfe53	fadd.s	f28,f27,f7	 f27:0xc66e7196  f7:0xce4881f6 f28=0xce4882e4
     407385.000 ns	     40737	80008584	00000013	addi	x0,x0,0	  x0:0x00000000
     407395.000 ns	     40738	80008588	41eb5533	sra	x10,x22,x30	 x22:0x00000001 x30:0x468dc7c0 x10=0x00000001
     407425.000 ns	     40741	8000858c	192342d3	fdiv.s	f5,f6,f18	  f6:0x7fc00000 f18:0x7fc00000  f5=0x7fc00000
     407455.000 ns	     40744	80008590	c0087e53	fcvt.w.s	x28,f16	 f16:0x7fc00000 x28=0x7fffffff
     407485.000 ns	     40747	80008594	031a9e33	mulh	x28,x21,x17	 x21:0x00000001 x17:0xcd2d4c39 x28=0xffffffff
     407505.000 ns	     40749	80008598	0164f9b3	and	x19,x9,x22	  x9:0xfffccd01 x22:0x00000001 x19=0x00000001
     407535.000 ns	     40752	8000859c	10137853	fmul.s	f16,f6,f1	  f6:0x7fc00000  f1:0x00000000 f16=0x7fc00000
     407575.000 ns	     40756	800085a0	58047953	fsqrt.s	f18,f8	  f8:0xcdad4de6 f18=0x7fc00000
     407595.000 ns	     40758	800085a4	41655913	srai	x18,x10,0x16	 x10:0x00000001 x18=0x00000000
     407605.000 ns	     40759	800085a8	019d1a93	slli	x21,x26,0x19	 x26:0x80040fe4 x21=0xc8000000
     407615.000 ns	     40760	800085ac	00b3ae33	slt	x28,x7,x11	  x7:0x00000000 x11:0x00000000 x28=0x00000000
     408785.000 ns	     40877	800085b0	5806c2d3	fsqrt.s	f5,f13	 f13:0x30b50490  f5=0x379837b4
     408805.000 ns	     40879	800085b4	019ef0b3	and	x1,x29,x25	 x29:0xb4c8a568 x25:0x32207d80  x1=0x30002500
     408815.000 ns	     40880	800085b8	a51de713	ori	x14,x27,-1455	 x27:0x80041024 x14=0xfffffa75
     408835.000 ns	     40882	800085bc	a0b89b53	flt.s	x22,f17,f11	 f17:0x4035048f f11:0xcf7f000a x22=0x00000000
     408855.000 ns	     40884	800085c0	f3d18313	addi	x6,x3,-195	  x3:0x902f8fec  x6=0x902f8f29
     408865.000 ns	     40885	800085c4	004222b3	slt	x5,x4,x4	  x4:0x00000000  x4:0x00000000  x5=0x00000000
     408875.000 ns	     40886	800085c8	41175513	srai	x10,x14,0x11	 x14:0xfffffa75 x10=0xffffffff
     408895.000 ns	     40888	800085cc	a19f8753	fle.s	x14,f31,f25	 f31:0xcf7f000a f25:0xce4881f6 x14=0x00000001
     408915.000 ns	     40890	800085d0	4063d913	srai	x18,x7,0x6	  x7:0x00000000 x18=0x00000000
     409275.000 ns	     40926	800085d4	03036a33	rem	x20,x6,x16	  x6:0x902f8f29 x16:0xd6e0c000 x20=0xe26e0f29
     409305.000 ns	     40929	800085d8	f0008fd3	fmv.w.x	f31,x1	  x1:0x30002500 f31=0x30002500
     409335.000 ns	     40932	800085dc	02cdde33	divu	x28,x27,x12	 x27:0x80041024 x12:0x00000000 x28=0xffffffff
     409355.000 ns	     40934	800085e0	4095d493	srai	x9,x11,0x9	 x11:0x00000000  x9=0x00000000
     409365.000 ns	     40935	800085e4	00def933	and	x18,x29,x13	 x29:0xb4c8a568 x13:0x00000000 x18=0x00000000
     409405.000 ns	     40939	800085e8	00c513d3	fadd.s	f7,f10,f12	 f10:0x80000000 f12:0xce4881f6  f7=0xce4881f6
     409425.000 ns	     40941	800085ec	0090f933	and	x18,x1,x9	  x1:0x30002500  x9:0x00000000 x18=0x00000000
     409435.000 ns	     40942	800085f0	006da6b3	slt	x13,x27,x6	 x27:0x80041024  x6:0x902f8f29 x13=0x00000001
     409445.000 ns	     40943	800085f4	00b9a613	slti	x12,x19,11	 x19:0x00000001 x12=0x00000001
     409465.000 ns	     40945	800085f8	c01b4753	fcvt.wu.s	x14,f22	 f22:0x4e4881f6 x14=0x32207d80
     409485.000 ns	     40947	800085fc	4037d513	srai	x10,x15,0x3	 x15:0x77c8048e x10=0x0ef90091
     409495.000 ns	     40948	80008600	33844513	xori	x10,x8,824	  x8:0x00000040 x10=0x00000378
     409525.000 ns	     40951	80008604	1086fad3	fmul.s	f21,f13,f8	 f13:0x30b50490  f8:0xcdad4de6 f21=0xbef51654
     409555.000 ns	     40954	80008608	d00dfc53	fcvt.s.w	f24,x27	 x27:0x80041024 f24=0xcefff7df
     409585.000 ns	     40957	8000860c	28ba1253	fmax.s	f4,f20,f11	 f20:0x7fc00000 f11:0xcf7f000a  f4=0xcf7f000a
     409605.000 ns	     40959	80008610	00c933b3	sltu	x7,x18,x12	 x18:0x00000000 x12:0x00000001  x7=0x00000001
     409615.000 ns	     40960	80008614	fb41fb93	andi	x23,x3,-76	  x3:0x902f8fec x23=0x902f8fa4
     409635.000 ns	     40962	80008618	293a0053	fmin.s	f0,f20,f19	 f20:0x7fc00000 f19:0xce4881f6  f0=0xce4881f6
     409655.000 ns	     40964	8000861c	01032733	slt	x14,x6,x16	  x6:0x902f8f29 x16:0xd6e0c000 x14=0x00000001
     409675.000 ns	     40966	80008620	d00cfe53	fcvt.s.w	f28,x25	 x25:0x32207d80 f28=0x4e4881f6
     409695.000 ns	     40968	80008624	003436b3	sltu	x13,x8,x3	  x8:0x00000040  x3:0x902f8fec x13=0x00000001
     409705.000 ns	     40969	80008628	00698f13	addi	x30,x19,6	 x19:0x00000001 x30=0x00000007
     409725.000 ns	     40971	8000862c	29849fd3	fmax.s	f31,f9,f24	  f9:0x407fffae f24:0xcefff7df f31=0x407fffae
     409745.000 ns	     40973	80008630	401dd433	sra	x8,x27,x1	 x27:0x80041024  x1:0x30002500  x8=0x80041024
     409765.000 ns	     40975	80008634	038448b3	div	x17,x8,x24	  x8:0x00000040 x24:0x00000000 x17=0xffffffff
     410135.000 ns	     41012	80008638	02704733	div	x14,x0,x7	  x0:0x00000000  x7:0x00000001 x14=0x00000000
     410505.000 ns	     41049	8000863c	037650b3	divu	x1,x12,x23	 x12:0x00000001 x23:0x902f8fa4  x1=0x00000000
     410875.000 ns	     41086	80008640	0342cab3	div	x21,x5,x20	  x5:0x00000000 x20:0xe26e0f29 x21=0x00000000
     410895.000 ns	     41088	80008644	01bb6fb3	or	x31,x22,x27	 x22:0x00000000 x27:0x80041024 x31=0x80041024
     410915.000 ns	     41090	80008648	a0561ed3	flt.s	x29,f12,f5	 f12:0xce4881f6  f5:0x379837b4 x29=0x00000001
     410945.000 ns	     41093	8000864c	28db10d3	fmax.s	f1,f22,f13	 f22:0x4e4881f6 f13:0x30b50490  f1=0x4e4881f6
     410965.000 ns	     41095	80008650	00ebd013	srli	x0,x23,0xe	 x23:0x902f8fa4
     410985.000 ns	     41097	80008654	c000cbd3	fcvt.w.s	x23,f1	  f1:0x4e4881f6 x23=0x32207d80
     411005.000 ns	     41099	80008658	e986ec13	ori	x24,x13,-360	 x13:0x00000001 x24=0xfffffe99
     411365.000 ns	     41135	8000865c	0264f333	remu	x6,x9,x6	  x9:0x00000000  x6:0x902f8f29  x6=0x00000000
     411395.000 ns	     41138	80008660	026560b3	rem	x1,x10,x6	 x10:0x00000378  x6:0x902f8f29  x1=0x00000378
     411765.000 ns	     41175	80008664	023764b3	rem	x9,x14,x3	 x14:0x00000000  x3:0x902f8fec  x9=0x00000000
     411795.000 ns	     41178	80008668	035b8233	mul	x4,x23,x21	 x23:0x32207d80 x21:0x00000000  x4=0x00000000
     411825.000 ns	     41181	8000866c	c013c553	fcvt.wu.s	x10,f7	  f7:0xce4881f6 x10=0x32207d80
     411845.000 ns	     41183	80008670	0087d013	srli	x0,x15,0x8	 x15:0x77c8048e
     411855.000 ns	     41184	80008674	53dea713	slti	x14,x29,1341	 x29:0x00000001 x14=0x00000001
     411875.000 ns	     41186	80008678	02980c33	mul	x24,x16,x9	 x16:0xd6e0c000  x9:0x00000000 x24=0x00000000
     411895.000 ns	     41188	8000867c	00000013	addi	x0,x0,0	  x0:0x00000000
     411905.000 ns	     41189	80008680	409b51b3	sra	x3,x22,x9	 x22:0x00000000  x9:0x00000000  x3=0x00000000
     411915.000 ns	     41190	80008684	f3217913	andi	x18,x2,-206	  x2:0x902cbba0 x18=0x902cbb20
     411925.000 ns	     41191	80008688	00e8d533	srl	x10,x17,x14	 x17:0xffffffff x14:0x00000001 x10=0x7fffffff
     411945.000 ns	     41193	8000868c	e00c90d3	fclass.s	x1,f25	 f25:0xce4881f6  x1=0x00000002
     411975.000 ns	     41196	80008690	03cb3c33	mulhu	x24,x22,x28	 x22:0x00000000 x28:0xffffffff x24=0x00000000
     412345.000 ns	     41233	80008694	030c5733	divu	x14,x24,x16	 x24:0x00000000 x16:0xd6e0c000 x14=0x00000000
     412365.000 ns	     41235	80008698	8b902f13	slti	x30,x0,-1863	  x0:0x00000000 x30=0x00000000
     412405.000 ns	     41239	8000869c	086d0553	fsub.s	f10,f26,f6	 f26:0x32207d80  f6:0x7fc00000 f10=0x7fc00000
     412435.000 ns	     41242	800086a0	03b61533	mulh	x10,x12,x27	 x12:0x00000001 x27:0x80041024 x10=0xffffffff
     412455.000 ns	     41244	800086a4	00000013	addi	x0,x0,0	  x0:0x00000000
     412465.000 ns	     41245	800086a8	6e796093	ori	x1,x18,1767	 x18:0x902cbb20  x1=0x902cbfe7
     412475.000 ns	     41246	800086ac	070eba13	sltiu	x20,x29,112	 x29:0x00000001 x20=0x00000001
     412495.000 ns	     41248	800086b0	d016b153	fcvt.s.wu	f2,x13	 x13:0x00000001  f2=0x3f800000
     412865.000 ns	     41285	800086b4	03aa6eb3	rem	x29,x20,x26	 x20:0xe26e0f29 x26:0x80040fe4 x29=0x00000001
     412895.000 ns	     41288	800086b8	f00a8ad3	fmv.w.x	f21,x21	 x21:0x00000000 f21=0x00000000
     412925.000 ns	     41291	800086bc	02eb3933	mulhu	x18,x22,x14	 x22:0x00000000 x14:0x00000000 x18=0x00000000
     412945.000 ns	     41293	800086c0	c566c313	xori	x6,x13,-938	 x13:0x00000001  x6=0xfffffc57
     414115.000 ns	     41410	800086c4	58017dd3	fsqrt.s	f27,f2	  f2:0x3f800000 f27=0x3f7fffae
     414135.000 ns	     41412	800086c8	012f2833	slt	x16,x30,x18	 x30:0x00000000 x18:0x00000000 x16=0x00000000
     414155.000 ns	     41414	800086cc	c0114c53	fcvt.wu.s	x24,f2	  f2:0x3f800000 x24=0x00000001
     414185.000 ns	     41417	800086d0	031e8eb3	mul	x29,x29,x17	 x29:0x00000001 x17:0xffffffff x29=0xffffffff
     414205.000 ns	     41419	800086d4	01e9fc33	and	x24,x19,x30	 x19:0x00000001 x30:0x00000000 x24=0x00000000
     414215.000 ns	     41420	800086d8	8144e917	auipc	x18,0x8144e	 x18=0x014566d8
     414235.000 ns	     41422	800086dc	023523b3	mulhsu	x7,x10,x3	 x10:0xffffffff  x3:0x00000000  x7=0x00000000
     414255.000 ns	     41424	800086e0	801e6513	ori	x10,x28,-2047	 x28:0xffffffff x10=0xffffffff
     414265.000 ns	     41425	800086e4	00b69693	slli	x13,x13,0xb	 x13:0x00000001 x13=0x00000800
     414595.000 ns	     41458	800086e8	18c990d3	fdiv.s	f1,f19,f12	 f19:0xce4881f6 f12:0xce4881f6  f1=0x3f4881f6
     414625.000 ns	     41461	800086ec	212a83d3	fsgnj.s	f7,f21,f18	 f21:0x00000000 f18:0x7fc00000  f7=0x00000000
     414655.000 ns	     41464	800086f0	a1c78053	fle.s	x0,f15,f28	 f15:0x4f0dc775 f28:0x4e4881f6
     414675.000 ns	     41466	800086f4	8266bf93	sltiu	x31,x13,-2010	 x13:0x00000800 x31=0x00000001
     415845.000 ns	     41583	800086f8	580e22d3	fsqrt.s	f5,f28	 f28:0x4e4881f6  f5=0x468dc7c0
     415865.000 ns	     41585	800086fc	ec6bf513	andi	x10,x23,-314	 x23:0x32207d80 x10=0x32207c80
     415885.000 ns	     41587	80008700	29a901d3	fmin.s	f3,f18,f26	 f18:0x7fc00000 f26:0x32207d80  f3=0x32207d80
     415915.000 ns	     41590	80008704	a0100453	fle.s	x8,f0,f1	  f0:0xce4881f6  f1:0x3f4881f6  x8=0x00000001
     416285.000 ns	     41627	80008708	031354b3	divu	x9,x6,x17	  x6:0xfffffc57 x17:0xffffffff  x9=0x00000000
     416315.000 ns	     41630	8000870c	f00d04d3	fmv.w.x	f9,x26	 x26:0x80040fe4  f9=0x80040fe4
     416345.000 ns	     41633	80008710	e0099c53	fclass.s	x24,f19	 f19:0xce4881f6 x24=0x00000002
     416395.000 ns	     41638	80008714	08b936d3	fsub.s	f13,f18,f11	 f18:0x7fc00000 f11:0xcf7f000a f13=0x7fc00000
     416425.000 ns	     41641	80008718	d007f3d3	fcvt.s.w	f7,x15	 x15:0x77c8048e  f7=0x4eef9009
     416455.000 ns	     41644	8000871c	e0028ad3	fmv.x.w	x21,f5	  f5:0x468dc7c0 x21=0x468dc7c0
     416475.000 ns	     41646	80008720	00a062b3	or	x5,x0,x10	  x0:0x00000000 x10:0x32207c80  x5=0x32207c80
     416485.000 ns	     41647	80008724	10fab737	lui	x14,0x10fab	 x14=0x10fab000
     416505.000 ns	     41649	80008728	28911053	fmax.s	f0,f2,f9	  f2:0x3f800000  f9:0x80040fe4  f0=0x3f800000
     416545.000 ns	     41653	8000872c	10c82fd3	fmul.s	f31,f16,f12	 f16:0x7fc00000 f12:0xce4881f6 f31=0x7fc00000
     416585.000 ns	     41657	80008730	58080fd3	fsqrt.s	f31,f16	 f16:0x7fc00000 f31=0x7fc00000
     416605.000 ns	     41659	80008734	4073db93	srai	x23,x7,0x7	  x7:0x00000000 x23=0x00000000
     416645.000 ns	     41663	80008738	0155ffd3	fadd.s	f31,f11,f21	 f11:0xcf7f000a f21:0x00000000 f31=0xcf7f000a
     416665.000 ns	     41665	8000873c	3f17ef93	ori	x31,x15,1009	 x15:0x77c8048e x31=0x77c807ff
     416685.000 ns	     41667	80008740	c01bf6d3	fcvt.wu.s	x13,f23	 f23:0xcf7f000a x13=0xff000a00
     416705.000 ns	     41669	80008744	41958fb3	sub	x31,x11,x25	 x11:0x00000000 x25:0x32207d80 x31=0xcddf8280
     416725.000 ns	     41671	80008748	029c93b3	mulh	x7,x25,x9	 x25:0x32207d80  x9:0x00000000  x7=0x00000000
     416755.000 ns	     41674	8000874c	294284d3	fmin.s	f9,f5,f20	  f5:0x468dc7c0 f20:0x7fc00000  f9=0x468dc7c0
     416775.000 ns	     41676	80008750	40ec09b3	sub	x19,x24,x14	 x24:0x00000002 x14:0x10fab000 x19=0xef055002
     416785.000 ns	     41677	80008754	016559b3	srl	x19,x10,x22	 x10:0x32207c80 x22:0x00000000 x19=0x32207c80
     416795.000 ns	     41678	80008758	414d83b3	sub	x7,x27,x20	 x27:0x80041024 x20:0x00000001  x7=0x80041023
     416815.000 ns	     41680	8000875c	02452b33	mulhsu	x22,x10,x4	 x10:0x32207c80  x4:0x00000000 x22=0x00000000
     416855.000 ns	     41684	80008760	11f0f453	fmul.s	f8,f1,f31	  f1:0x3f4881f6 f31:0xcf7f000a  f8=0xcf47b97c
     416875.000 ns	     41686	80008764	4082da93	srai	x21,x5,0x8	  x5:0x32207c80 x21=0x0032207c
     416885.000 ns	     41687	80008768	00bf15b3	sll	x11,x30,x11	 x30:0x00000000 x11:0x00000000 x11=0x00000000
     416925.000 ns	     41691	8000876c	092c3253	fsub.s	f4,f24,f18	 f24:0xcefff7df f18:0x7fc00000  f4=0x7fc00000
     417295.000 ns	     41728	80008770	034ee3b3	rem	x7,x29,x20	 x29:0xffffffff x20:0x00000001  x7=0x00000000
     417315.000 ns	     41730	80008774	8abf7093	andi	x1,x30,-1877	 x30:0x00000000  x1=0x00000000
     417325.000 ns	     41731	80008778	40ee00b3	sub	x1,x28,x14	 x28:0xffffffff x14:0x10fab000  x1=0xef054fff
     417335.000 ns	     41732	8000877c	00853933	sltu	x18,x10,x8	 x10:0x32207c80  x8:0x00000001 x18=0x00000000
     417345.000 ns	     41733	80008780	01673eb3	sltu	x29,x14,x22	 x14:0x10fab000 x22:0x00000000 x29=0x00000000
     417675.000 ns	     41766	80008784	19747953	fdiv.s	f18,f8,f23	  f8:0xcf47b97c f23:0xcf7f000a f18=0x3f47b97c
     417725.000 ns	     41771	80008788	012d3fd3	fadd.s	f31,f26,f18	 f26:0x32207d80 f18:0x7fc00000 f31=0x3f47b97d
     417755.000 ns	     41774	8000878c	c008f2d3	fcvt.w.s	x5,f17	 f17:0x4035048f  x5=0x00000002
     417775.000 ns	     41776	80008790	00a95513	srli	x10,x18,0xa	 x18:0x00000000 x10=0x00000000
     417785.000 ns	     41777	80008794	0026d093	srli	x1,x13,0x2	 x13:0xff000a00  x1=0x3fc00280
     417795.000 ns	     41778	80008798	40e0d613	srai	x12,x1,0xe	  x1:0xef054fff x12=0x0000ff00
     417815.000 ns	     41780	8000879c	c00a7653	fcvt.w.s	x12,f20	 f20:0x7fc00000 x12=0x7fffffff
     417845.000 ns	     41783	800087a0	a0c00253	fle.s	x4,f0,f12	  f0:0x3f800000 f12:0xce4881f6  x4=0x00000000
     417875.000 ns	     41786	800087a4	a01c2e53	feq.s	x28,f24,f1	 f24:0xcefff7df  f1:0x3f4881f6 x28=0x00000000
     417895.000 ns	     41788	800087a8	408e0e33	sub	x28,x28,x8	 x28:0xffffffff  x8:0x00000001 x28=0xffffffff
     417905.000 ns	     41789	800087ac	009902b3	add	x5,x18,x9	 x18:0x00000000  x9:0x00000000  x5=0x00000000
     417915.000 ns	     41790	800087b0	4101d933	sra	x18,x3,x16	  x3:0x00000000 x16:0x00000000 x18=0x00000000
     418275.000 ns	     41826	800087b4	03c54833	div	x16,x10,x28	 x10:0x00000000 x28:0xffffffff x16=0x00000000
     418295.000 ns	     41828	800087b8	144cd617	auipc	x12,0x144cd	 x12=0x944d57b8
     418305.000 ns	     41829	800087bc	006c5913	srli	x18,x24,0x6	 x24:0x00000002 x18=0x00000000
     418325.000 ns	     41831	800087c0	e00984d3	fmv.x.w	x9,f19	 f19:0xce4881f6  x9=0xce4881f6
     418355.000 ns	     41834	800087c4	28ce18d3	fmax.s	f17,f28,f12	 f28:0x4e4881f6 f12:0xce4881f6 f17=0x4e4881f6
     418385.000 ns	     41837	800087c8	e00d0553	fmv.x.w	x10,f26	 f26:0x32207d80 x10=0x32207d80
     418415.000 ns	     41840	800087cc	a0b62ed3	feq.s	x29,f12,f11	 f12:0xce4881f6 f11:0xcf7f000a x29=0x00000000
     418435.000 ns	     41842	800087d0	00a31c33	sll	x24,x6,x10	  x6:0xfffffc57 x10:0x32207d80 x24=0xfffffc57
     418455.000 ns	     41844	800087d4	29910ad3	fmin.s	f21,f2,f25	  f2:0x3f800000 f25:0xce4881f6 f21=0xce4881f6
     418485.000 ns	     41847	800087d8	03103f33	mulhu	x30,x0,x17	  x0:0x00000000 x17:0xffffffff x30=0x00000000
     418855.000 ns	     41884	800087dc	03a75833	divu	x16,x14,x26	 x14:0x10fab000 x26:0x80040fe4 x16=0x00000000
     418885.000 ns	     41887	800087e0	e00d8a53	fmv.x.w	x20,f27	 f27:0x3f7fffae x20=0x3f7fffae
     418915.000 ns	     41890	800087e4	030a9eb3	mulh	x29,x21,x16	 x21:0x0032207c x16:0x00000000 x29=0x00000000
     418935.000 ns	     41892	800087e8	0025f8b3	and	x17,x11,x2	 x11:0x00000000  x2:0x902cbba0 x17=0x00000000
     418955.000 ns	     41894	800087ec	03840fb3	mul	x31,x8,x24	  x8:0x00000001 x24:0xfffffc57 x31=0xfffffc57
     418975.000 ns	     41896	800087f0	6df5b513	sltiu	x10,x11,1759	 x11:0x00000000 x10=0x00000001
     418995.000 ns	     41898	800087f4	219d83d3	fsgnj.s	f7,f27,f25	 f27:0x3f7fffae f25:0xce4881f6  f7=0xbf7fffae
     419025.000 ns	     41901	800087f8	c01cc2d3	fcvt.wu.s	x5,f25	 f25:0xce4881f6  x5=0x32207d80
     419075.000 ns	     41906	800087fc	0863fe53	fsub.s	f28,f7,f6	  f7:0xbf7fffae  f6:0x7fc00000 f28=0x7fc00000
     419105.000 ns	     41909	80008800	213980d3	fsgnj.s	f1,f19,f19	 f19:0xce4881f6 f19:0xce4881f6  f1=0xce4881f6
     419125.000 ns	     41911	80008804	00a21313	slli	x6,x4,0xa	  x4:0x00000000  x6=0x00000000
     419145.000 ns	     41913	80008808	29708dd3	fmin.s	f27,f1,f23	  f1:0xce4881f6 f23:0xcf7f000a f27=0xcf7f000a
     419165.000 ns	     41915	8000880c	016f1693	slli	x13,x30,0x16	 x30:0x00000000 x13=0x00000000
     419175.000 ns	     41916	80008810	c8c3e913	ori	x18,x7,-884	  x7:0x00000000 x18=0xfffffc8c
     419185.000 ns	     41917	80008814	00d03233	sltu	x4,x0,x13	  x0:0x00000000 x13:0xff000a00  x4=0x00000000
     419545.000 ns	     41953	80008818	02ed4333	div	x6,x26,x14	 x26:0x80040fe4 x14:0x10fab000  x6=0xfffffff9
     419565.000 ns	     41955	8000881c	bd0f1a37	lui	x20,0xbd0f1	 x20=0xbd0f1000
     419575.000 ns	     41956	80008820	01e87733	and	x14,x16,x30	 x16:0x00000000 x30:0x00000000 x14=0x00000000
     419605.000 ns	     41959	80008824	10707b53	fmul.s	f22,f0,f7	  f0:0x3f800000  f7:0xbf7fffae f22=0xbf7fffae
     419975.000 ns	     41996	80008828	03b04fb3	div	x31,x0,x27	  x0:0x00000000 x27:0x80041024 x31=0x00000000
     419995.000 ns	     41998	8000882c	002e41b3	xor	x3,x28,x2	 x28:0xffffffff  x2:0x902cbba0  x3=0x6fd3445f
     420015.000 ns	     42000	80008830	a057aa53	feq.s	x20,f15,f5	 f15:0x4f0dc775  f5:0x468dc7c0 x20=0x00000000
     420035.000 ns	     42002	80008834	011fd733	srl	x14,x31,x17	 x31:0x00000000 x17:0x00000000 x14=0x00000000
     420045.000 ns	     42003	80008838	0152c533	xor	x10,x5,x21	  x5:0x32207d80 x21:0x0032207c x10=0x32125dfc
     420055.000 ns	     42004	8000883c	40c28a33	sub	x20,x5,x12	  x5:0x32207d80 x12:0x944d57b8 x20=0x9dd325c8
     420065.000 ns	     42005	80008840	40bc5a13	srai	x20,x24,0xb	 x24:0xfffffc57 x20=0xffffffff
     420075.000 ns	     42006	80008844	00340bb3	add	x23,x8,x3	  x8:0x00000001  x3:0x6fd3445f x23=0x6fd34460
     420095.000 ns	     42008	80008848	033705b3	mul	x11,x14,x19	 x14:0x00000000 x19:0x32207c80 x11=0x00000000
     420465.000 ns	     42045	8000884c	03a5e033	rem	x0,x11,x26	 x11:0x00000000 x26:0x80040fe4
     420495.000 ns	     42048	80008850	28e402d3	fmin.s	f5,f8,f14	  f8:0xcf47b97c f14:0x4e4881f6  f5=0xcf47b97c
     420525.000 ns	     42051	80008854	d01c7353	fcvt.s.wu	f6,x24	 x24:0xfffffc57  f6=0x4f7ffffc
     420555.000 ns	     42054	80008858	037939b3	mulhu	x19,x18,x23	 x18:0xfffffc8c x23:0x6fd34460 x19=0x6fd342dd
     420585.000 ns	     42057	8000885c	03588333	mul	x6,x17,x21	 x17:0x00000000 x21:0x0032207c  x6=0x00000000
     420615.000 ns	     42060	80008860	d01df5d3	fcvt.s.wu	f11,x27	 x27:0x80041024 f11=0x4f000410
     420635.000 ns	     42062	80008864	401b5e93	srai	x29,x22,0x1	 x22:0x00000000 x29=0x00000000
     420645.000 ns	     42063	80008868	e5994713	xori	x14,x18,-423	 x18:0xfffffc8c x14=0x000002d5
     420665.000 ns	     42065	8000886c	027791b3	mulh	x3,x15,x7	 x15:0x77c8048e  x7:0x00000000  x3=0x00000000
     420685.000 ns	     42067	80008870	0044de93	srli	x29,x9,0x4	  x9:0xce4881f6 x29=0x0ce4881f
     420705.000 ns	     42069	80008874	a15e1553	flt.s	x10,f28,f21	 f28:0x7fc00000 f21:0xce4881f6 x10=0x00000000
     420735.000 ns	     42072	80008878	d0067d53	fcvt.s.w	f26,x12	 x12:0x944d57b8 f26=0xced76550
     420755.000 ns	     42074	8000887c	e77d8637	lui	x12,0xe77d8	 x12=0xe77d8000
     420775.000 ns	     42076	80008880	034f00b3	mul	x1,x30,x20	 x30:0x00000000 x20:0xffffffff  x1=0x00000000
     420805.000 ns	     42079	80008884	d012fcd3	fcvt.s.wu	f25,x5	  x5:0x32207d80 f25=0x4e4881f6
     420835.000 ns	     42082	80008888	e00f1053	fclass.s	x0,f30	 f30:0x4035048f
     421175.000 ns	     42116	8000888c	19dcc853	fdiv.s	f16,f25,f29	 f25:0x4e4881f6 f29:0x4f7f000a f16=0x3e4881f6
     421195.000 ns	     42118	80008890	0068a033	slt	x0,x17,x6	 x17:0x00000000  x6:0x00000000
     421205.000 ns	     42119	80008894	002523b3	slt	x7,x10,x2	 x10:0x00000000  x2:0x902cbba0  x7=0x00000000
     421225.000 ns	     42121	80008898	21eb8c53	fsgnj.s	f24,f23,f30	 f23:0xcf7f000a f30:0x4035048f f24=0x4f7f000a
     421255.000 ns	     42124	8000889c	03792333	mulhsu	x6,x18,x23	 x18:0xfffffc8c x23:0x6fd34460  x6=0xfffffe7d
     421295.000 ns	     42128	800088a0	11173cd3	fmul.s	f25,f14,f17	 f14:0x4e4881f6 f17:0x4e4881f6 f25=0x5d1d0b53
     421315.000 ns	     42130	800088a4	642a0213	addi	x4,x20,1602	 x20:0xffffffff  x4=0x00000641
     421335.000 ns	     42132	800088a8	29618b53	fmin.s	f22,f3,f22	  f3:0x32207d80 f22:0xbf7fffae f22=0xbf7fffae
     421705.000 ns	     42169	800088ac	02fe46b3	div	x13,x28,x15	 x28:0xffffffff x15:0x77c8048e x13=0x00000000
     421735.000 ns	     42172	800088b0	021f43b3	div	x7,x30,x1	 x30:0x00000000  x1:0x00000000  x7=0xffffffff
     421765.000 ns	     42175	800088b4	c00b90d3	fcvt.w.s	x1,f23	 f23:0xcf7f000a  x1=0x80000000
     421805.000 ns	     42179	800088b8	105bfcd3	fmul.s	f25,f23,f5	 f23:0xcf7f000a  f5:0xcf47b97c f25=0x5f46f1ca
     421825.000 ns	     42181	800088bc	48c72337	lui	x6,0x48c72	  x6=0x48c72000
     421835.000 ns	     42182	800088c0	40d3de13	srai	x28,x7,0xd	  x7:0xffffffff x28=0xffffffff
     421845.000 ns	     42183	800088c4	cb292f93	slti	x31,x18,-846	 x18:0xfffffc8c x31=0x00000001
     421885.000 ns	     42187	800088c8	08022953	fsub.s	f18,f4,f0	  f4:0x7fc00000  f0:0x3f800000 f18=0x7fc00000
     421905.000 ns	     42189	800088cc	9772cc97	auipc	x25,0x9772c	 x25=0x177348cc
     421925.000 ns	     42191	800088d0	e00e9553	fclass.s	x10,f29	 f29:0x4f7f000a x10=0x00000040
     421945.000 ns	     42193	800088d4	40ecda33	sra	x20,x25,x14	 x25:0x32207d80 x14:0x000002d5 x20=0x000000bb
     421965.000 ns	     42195	800088d8	f00e0e53	fmv.w.x	f28,x28	 x28:0xffffffff f28=0xffffffff
     421985.000 ns	     42197	800088dc	00c778b3	and	x17,x14,x12	 x14:0x000002d5 x12:0xe77d8000 x17=0x00000000
     422015.000 ns	     42200	800088e0	1896b6d3	fdiv.s	f13,f13,f9	 f13:0x7fc00000  f9:0x468dc7c0 f13=0x7fc00000
     422035.000 ns	     42202	800088e4	0131d993	srli	x19,x3,0x13	  x3:0x00000000 x19=0x00000000
     422055.000 ns	     42204	800088e8	210a2653	fsgnjx.s	f12,f20,f16	 f20:0x7fc00000 f16:0x3e4881f6 f12=0x7fc00000
     422085.000 ns	     42207	800088ec	02148433	mul	x8,x9,x1	  x9:0xce4881f6  x1:0x80000000  x8=0x00000000
     422115.000 ns	     42210	800088f0	c01fa653	fcvt.wu.s	x12,f31	 f31:0x3f47b97d x12=0x00000001
     422145.000 ns	     42213	800088f4	21b600d3	fsgnj.s	f1,f12,f27	 f12:0x7fc00000 f27:0xcf7f000a  f1=0xffc00000
     422175.000 ns	     42216	800088f8	c00eaed3	fcvt.w.s	x29,f29	 f29:0x4f7f000a x29=0x7fffffff
     423355.000 ns	     42334	800088fc	5801f953	fsqrt.s	f18,f3	  f3:0x32207d80 f18=0x3862f71e
     423375.000 ns	     42336	80008900	e959c393	xori	x7,x19,-363	 x19:0x00000000  x7=0xfffffe95
     423385.000 ns	     42337	80008904	002a43b3	xor	x7,x20,x2	 x20:0x000000bb  x2:0x902cbba0  x7=0x902cbb1b
     423395.000 ns	     42338	80008908	006708b3	add	x17,x14,x6	 x14:0x000002d5  x6:0x48c72000 x17=0x48c722d5
     423435.000 ns	     42342	8000890c	006614d3	fadd.s	f9,f12,f6	 f12:0x7fc00000  f6:0x4f7ffffc  f9=0x7fc00000
     423465.000 ns	     42345	80008910	21dca7d3	fsgnjx.s	f15,f25,f29	 f25:0x5f46f1ca f29:0x4f7f000a f15=0x5f46f1ca
     423495.000 ns	     42348	80008914	a12f0253	fle.s	x4,f30,f18	 f30:0x4035048f f18:0x3862f71e  x4=0x00000000
     423515.000 ns	     42350	80008918	00ab76b3	and	x13,x22,x10	 x22:0x00000000 x10:0x00000040 x13=0x00000000
     423525.000 ns	     42351	8000891c	41e5db33	sra	x22,x11,x30	 x11:0x00000000 x30:0x00000000 x22=0x00000000
     423545.000 ns	     42353	80008920	d017f8d3	fcvt.s.wu	f17,x15	 x15:0x77c8048e f17=0x4eef9009
     423575.000 ns	     42356	80008924	021e88b3	mul	x17,x29,x1	 x29:0x7fffffff  x1:0x80000000 x17=0x80000000
     423595.000 ns	     42358	80008928	01190a33	add	x20,x18,x17	 x18:0xfffffc8c x17:0x48c722d5 x20=0x7ffffc8c
     423625.000 ns	     42361	8000892c	10dc2fd3	fmul.s	f31,f24,f13	 f24:0x4f7f000a f13:0x7fc00000 f31=0x7fc00000
     423655.000 ns	     42364	80008930	02bccc33	div	x24,x25,x11	 x25:0x177348cc x11:0x00000000 x24=0xffffffff
     423675.000 ns	     42366	80008934	00818933	add	x18,x3,x8	  x3:0x00000000  x8:0x00000000 x18=0x00000000
     423695.000 ns	     42368	80008938	03c80533	mul	x10,x16,x28	 x16:0x00000000 x28:0xffffffff x10=0x00000000
     423725.000 ns	     42371	8000893c	d01e4fd3	fcvt.s.wu	f31,x28	 x28:0xffffffff f31=0x4f800000
     423755.000 ns	     42374	80008940	a15512d3	flt.s	x5,f10,f21	 f10:0x7fc00000 f21:0xce4881f6  x5=0x00000000
     423785.000 ns	     42377	80008944	284b9653	fmax.s	f12,f23,f4	 f23:0xcf7f000a  f4:0x7fc00000 f12=0xcf7f000a
     423805.000 ns	     42379	80008948	013f0e33	add	x28,x30,x19	 x30:0x00000000 x19:0x00000000 x28=0x00000000
     423825.000 ns	     42381	8000894c	f0088f53	fmv.w.x	f30,x17	 x17:0x80000000 f30=0x80000000
     423845.000 ns	     42383	80008950	4050d233	sra	x4,x1,x5	  x1:0x80000000  x5:0x00000000  x4=0x80000000
     423855.000 ns	     42384	80008954	0188f533	and	x10,x17,x24	 x17:0x80000000 x24:0xffffffff x10=0x80000000
     423865.000 ns	     42385	80008958	00377633	and	x12,x14,x3	 x14:0x000002d5  x3:0x00000000 x12=0x00000000
     423875.000 ns	     42386	8000895c	01361ab3	sll	x21,x12,x19	 x12:0x00000001 x19:0x00000000 x21=0x00000000
     423885.000 ns	     42387	80008960	012760b3	or	x1,x14,x18	 x14:0x000002d5 x18:0x00000000  x1=0x000002d5
     423905.000 ns	     42389	80008964	c00a7253	fcvt.w.s	x4,f20	 f20:0x7fc00000  x4=0x7fffffff
     423945.000 ns	     42393	80008968	18da99d3	fdiv.s	f19,f21,f13	 f21:0xce4881f6 f13:0x7fc00000 f19=0x7fc00000
     423975.000 ns	     42396	8000896c	03d72933	mulhsu	x18,x14,x29	 x14:0x000002d5 x29:0x7fffffff x18=0x0000016a
     424005.000 ns	     42399	80008970	a0be8653	fle.s	x12,f29,f11	 f29:0x4f7f000a f11:0x4f000410 x12=0x00000000
     424035.000 ns	     42402	80008974	037e2fb3	mulhsu	x31,x28,x23	 x28:0x00000000 x23:0x6fd34460 x31=0x00000000
     424065.000 ns	     42405	80008978	a0b79053	flt.s	x0,f15,f11	 f15:0x5f46f1ca f11:0x4f000410
     424095.000 ns	     42408	8000897c	216c8c53	fsgnj.s	f24,f25,f22	 f25:0x5f46f1ca f22:0xbf7fffae f24=0xdf46f1ca
     424115.000 ns	     42410	80008980	c2a0ee93	ori	x29,x1,-982	  x1:0x000002d5 x29=0xfffffeff
     424125.000 ns	     42411	80008984	017978b3	and	x17,x18,x23	 x18:0x0000016a x23:0x6fd34460 x17=0x00000060
     424145.000 ns	     42413	80008988	e00a1cd3	fclass.s	x25,f20	 f20:0x7fc00000 x25=0x00000200
     424165.000 ns	     42415	8000898c	137c62b7	lui	x5,0x137c6	  x5=0x137c6000
     424185.000 ns	     42417	80008990	03311eb3	mulh	x29,x2,x19	  x2:0x902cbba0 x19:0x00000000 x29=0x00000000
     424205.000 ns	     42419	80008994	11178113	addi	x2,x15,273	 x15:0x77c8048e  x2=0x77c8059f
     424215.000 ns	     42420	80008998	010e3b33	sltu	x22,x28,x16	 x28:0x00000000 x16:0x00000000 x22=0x00000000
     424225.000 ns	     42421	8000899c	002b9513	slli	x10,x23,0x2	 x23:0x6fd34460 x10=0xbf4d1180
     424235.000 ns	     42422	800089a0	4194d093	srai	x1,x9,0x19	  x9:0xce4881f6  x1=0xffffffe7
     424245.000 ns	     42423	800089a4	016cc1b3	xor	x3,x25,x22	 x25:0x00000200 x22:0x00000000  x3=0x00000200
     424265.000 ns	     42425	800089a8	a03805d3	fle.s	x11,f16,f3	 f16:0x3e4881f6  f3:0x32207d80 x11=0x00000000
     424605.000 ns	     42459	800089ac	18edaed3	fdiv.s	f29,f27,f14	 f27:0xcf7f000a f14:0x4e4881f6 f29=0xc07f000a
     424625.000 ns	     42461	800089b0	7a22f513	andi	x10,x5,1954	  x5:0x137c6000 x10=0x00000000
     424635.000 ns	     42462	800089b4	40578eb3	sub	x29,x15,x5	 x15:0x77c8048e  x5:0x137c6000 x29=0x644ba48e
     424665.000 ns	     42465	800089b8	580c40d3	fsqrt.s	f1,f24	 f24:0xdf46f1ca  f1=0x7fc00000
     424695.000 ns	     42468	800089bc	215d9753	fsgnjn.s	f14,f27,f21	 f27:0xcf7f000a f21:0xce4881f6 f14=0x4f7f000a
     424725.000 ns	     42471	800089c0	d001fcd3	fcvt.s.w	f25,x3	  x3:0x00000200 f25=0x44000000
     424755.000 ns	     42474	800089c4	e00d0ad3	fmv.x.w	x21,f26	 f26:0xced76550 x21=0xced76550
     424775.000 ns	     42476	800089c8	00761c93	slli	x25,x12,0x7	 x12:0x00000000 x25=0x00000000
     425805.000 ns	     42579	800089cc	580ffe53	fsqrt.s	f28,f31	 f31:0x4f800000 f28=0x477fffae
     425835.000 ns	     42582	800089d0	d00902d3	fcvt.s.w	f5,x18	 x18:0x0000016a  f5=0x43b50000
     425855.000 ns	     42584	800089d4	00059233	sll	x4,x11,x0	 x11:0x00000000  x0:0x00000000  x4=0x00000000
     425865.000 ns	     42585	800089d8	0072cbb3	xor	x23,x5,x7	  x5:0x137c6000  x7:0x902cbb1b x23=0x8350db1b
     425895.000 ns	     42588	800089dc	11e3c953	fmul.s	f18,f7,f30	  f7:0xbf7fffae f30:0x80000000 f18=0x00000000
     425915.000 ns	     42590	800089e0	402805b3	sub	x11,x16,x2	 x16:0x00000000  x2:0x77c8059f x11=0x8837fa61
     426275.000 ns	     42626	800089e4	0388fb33	remu	x22,x17,x24	 x17:0x00000060 x24:0xffffffff x22=0x00000060
     426295.000 ns	     42628	800089e8	78067893	andi	x17,x12,1920	 x12:0x00000000 x17=0x00000000
     426305.000 ns	     42629	800089ec	411b5833	sra	x16,x22,x17	 x22:0x00000060 x17:0x00000060 x16=0x00000060
     426325.000 ns	     42631	800089f0	a148ac53	feq.s	x24,f17,f20	 f17:0x4eef9009 f20:0x7fc00000 x24=0x00000000
     426345.000 ns	     42633	800089f4	41d6d133	sra	x2,x13,x29	 x13:0x00000000 x29:0x644ba48e  x2=0x00000000
     426365.000 ns	     42635	800089f8	02acb3b3	mulhu	x7,x25,x10	 x25:0x00000000 x10:0x00000000  x7=0x00000000
     426385.000 ns	     42637	800089fc	41bf0833	sub	x16,x30,x27	 x30:0x00000000 x27:0x80041024 x16=0x7ffbefdc
     426405.000 ns	     42639	80008a00	a0880ad3	fle.s	x21,f16,f8	 f16:0x3e4881f6  f8:0xcf47b97c x21=0x00000000
     426425.000 ns	     42641	80008a04	00385b13	srli	x22,x16,0x3	 x16:0x00000060 x22=0x0fff7dfb
     426445.000 ns	     42643	80008a08	a148af53	feq.s	x30,f17,f20	 f17:0x4eef9009 f20:0x7fc00000 x30=0x00000000
     426475.000 ns	     42646	80008a0c	c01d1153	fcvt.wu.s	x2,f26	 f26:0xced76550  x2=0x6bb2a800
     426515.000 ns	     42650	80008a10	118c7e53	fmul.s	f28,f24,f24	 f24:0xdf46f1ca f24:0xdf46f1ca f28=0x7f1a9ae9
     426545.000 ns	     42653	80008a14	a05610d3	flt.s	x1,f12,f5	 f12:0xcf7f000a  f5:0x43b50000  x1=0x00000001
     426575.000 ns	     42656	80008a18	a0dd1c53	flt.s	x24,f26,f13	 f26:0xced76550 f13:0x7fc00000 x24=0x00000000
     426605.000 ns	     42659	80008a1c	020f5b33	divu	x22,x30,x0	 x30:0x00000000  x0:0x00000000 x22=0xffffffff
     426625.000 ns	     42661	80008a20	012853b3	srl	x7,x16,x18	 x16:0x7ffbefdc x18:0x0000016a  x7=0x001ffefb
     426635.000 ns	     42662	80008a24	13c6e493	ori	x9,x13,316	 x13:0x00000000  x9=0x0000013c
     426995.000 ns	     42698	80008a28	02e868b3	rem	x17,x16,x14	 x16:0x7ffbefdc x14:0x000002d5 x17=0x00000061
     427015.000 ns	     42700	80008a2c	aee6be93	sltiu	x29,x13,-1298	 x13:0x00000000 x29=0x00000001
     427055.000 ns	     42704	80008a30	013b0853	fadd.s	f16,f22,f19	 f22:0xbf7fffae f19:0x7fc00000 f16=0x7fc00000
     427085.000 ns	     42707	80008a34	0232bbb3	mulhu	x23,x5,x3	  x5:0x137c6000  x3:0x00000200 x23=0x00000026
     427105.000 ns	     42709	80008a38	00f21113	slli	x2,x4,0xf	  x4:0x00000000  x2=0x00000000
     427465.000 ns	     42745	80008a3c	031243b3	div	x7,x4,x17	  x4:0x00000000 x17:0x00000061  x7=0x00000000
     427495.000 ns	     42748	80008a40	d0129753	fcvt.s.wu	f14,x5	  x5:0x137c6000 f14=0x4d9be300
     427865.000 ns	     42785	80008a44	023f4533	div	x10,x30,x3	 x30:0x00000000  x3:0x00000200 x10=0x00000000
     427885.000 ns	     42787	80008a48	00a33833	sltu	x16,x6,x10	  x6:0x48c72000 x10:0x00000000 x16=0x00000000
     427895.000 ns	     42788	80008a4c	01c45493	srli	x9,x8,0x1c	  x8:0x00000000  x9=0x00000000
     427905.000 ns	     42789	80008a50	40b5de33	sra	x28,x11,x11	 x11:0x8837fa61 x11:0x8837fa61 x28=0xc41bfd30
     427925.000 ns	     42791	80008a54	03d101b3	mul	x3,x2,x29	  x2:0x00000000 x29:0x00000001  x3=0x00000000
     427945.000 ns	     42793	80008a58	014379b3	and	x19,x6,x20	  x6:0x48c72000 x20:0x7ffffc8c x19=0x48c72000
     427965.000 ns	     42795	80008a5c	c008c853	fcvt.w.s	x16,f17	 f17:0x4eef9009 x16=0x77c80480
     427995.000 ns	     42798	80008a60	027a8933	mul	x18,x21,x7	 x21:0x00000000  x7:0x00000000 x18=0x00000000
     428015.000 ns	     42800	80008a64	01e0a1b3	slt	x3,x1,x30	  x1:0x00000001 x30:0x00000000  x3=0x00000000
     428035.000 ns	     42802	80008a68	29e68353	fmin.s	f6,f13,f30	 f13:0x7fc00000 f30:0x80000000  f6=0x80000000
     428065.000 ns	     42805	80008a6c	c012f553	fcvt.wu.s	x10,f5	  f5:0x43b50000 x10=0x0000016a
     428095.000 ns	     42808	80008a70	02141533	mulh	x10,x8,x1	  x8:0x00000000  x1:0x00000001 x10=0x00000000
     428115.000 ns	     42810	80008a74	6a052193	slti	x3,x10,1696	 x10:0x0000016a  x3=0x00000001
     428155.000 ns	     42814	80008a78	08bef1d3	fsub.s	f3,f29,f11	 f29:0xc07f000a f11:0x4f000410  f3=0xcf000410
     428175.000 ns	     42816	80008a7c	b8c62313	slti	x6,x12,-1140	 x12:0x00000000  x6=0x00000000
     428185.000 ns	     42817	80008a80	ca907cb7	lui	x25,0xca907	 x25=0xca907000
     428195.000 ns	     42818	80008a84	41b68c33	sub	x24,x13,x27	 x13:0x00000000 x27:0x80041024 x24=0x7ffbefdc
     428235.000 ns	     42822	80008a88	01097b53	fadd.s	f22,f18,f16	 f18:0x00000000 f16:0x7fc00000 f22=0x7fc00000
     428265.000 ns	     42825	80008a8c	c01229d3	fcvt.wu.s	x19,f4	  f4:0x7fc00000 x19=0xffffffff
     428295.000 ns	     42828	80008a90	28fb82d3	fmin.s	f5,f23,f15	 f23:0xcf7f000a f15:0x5f46f1ca  f5=0xcf7f000a
     428325.000 ns	     42831	80008a94	d00f08d3	fcvt.s.w	f17,x30	 x30:0x00000000 f17=0x00000000
     428355.000 ns	     42834	80008a98	e00a8853	fmv.x.w	x16,f21	 f21:0xce4881f6 x16=0xce4881f6
     428405.000 ns	     42839	80008a9c	08fcc553	fsub.s	f10,f25,f15	 f25:0x44000000 f15:0x5f46f1ca f10=0xdf46f1ca
     428425.000 ns	     42841	80008aa0	00c30233	add	x4,x6,x12	  x6:0x00000000 x12:0x00000000  x4=0x00000000
     428435.000 ns	     42842	80008aa4	00d6eab3	or	x21,x13,x13	 x13:0x00000000 x13:0x00000000 x21=0x00000000
     428455.000 ns	     42844	80008aa8	02033033	mulhu	x0,x6,x0	  x6:0x00000000  x0:0x00000000
     428475.000 ns	     42846	80008aac	418adf33	sra	x30,x21,x24	 x21:0x00000000 x24:0x7ffbefdc x30=0x00000000
     428495.000 ns	     42848	80008ab0	a0c2a9d3	feq.s	x19,f5,f12	  f5:0xcf7f000a f12:0xcf7f000a x19=0x00000001
     428515.000 ns	     42850	80008ab4	40410833	sub	x16,x2,x4	  x2:0x00000000  x4:0x00000000 x16=0x00000000
     428525.000 ns	     42851	80008ab8	ae1f15b7	lui	x11,0xae1f1	 x11=0xae1f1000
     428535.000 ns	     42852	80008abc	0104fbb3	and	x23,x9,x16	  x9:0x00000000 x16:0xce4881f6 x23=0x00000000
     428895.000 ns	     42888	80008ac0	038150b3	divu	x1,x2,x24	  x2:0x00000000 x24:0x7ffbefdc  x1=0x00000000
     428925.000 ns	     42891	80008ac4	a10e9c53	flt.s	x24,f29,f16	 f29:0xc07f000a f16:0x7fc00000 x24=0x00000000
     429295.000 ns	     42928	80008ac8	03a9f5b3	remu	x11,x19,x26	 x19:0x00000001 x26:0x80040fe4 x11=0x00000001
     429335.000 ns	     42932	80008acc	1172f453	fmul.s	f8,f5,f23	  f5:0xcf7f000a f23:0xcf7f000a  f8=0x5f7e0114
     429355.000 ns	     42934	80008ad0	41fc0a33	sub	x20,x24,x31	 x24:0x00000000 x31:0x00000000 x20=0x00000000
     429375.000 ns	     42936	80008ad4	c0072c53	fcvt.w.s	x24,f14	 f14:0x4d9be300 x24=0x137c6000
     429395.000 ns	     42938	80008ad8	16863897	auipc	x17,0x16863	 x17=0x9686bad8
     429415.000 ns	     42940	80008adc	21252bd3	fsgnjx.s	f23,f10,f18	 f10:0xdf46f1ca f18:0x00000000 f23=0xdf46f1ca
     429445.000 ns	     42943	80008ae0	0242c6b3	div	x13,x5,x4	  x5:0x137c6000  x4:0x00000000 x13=0xffffffff
     429475.000 ns	     42946	80008ae4	03d2b0b3	mulhu	x1,x5,x29	  x5:0x137c6000 x29:0x00000001  x1=0x00000000
     429845.000 ns	     42983	80008ae8	0333f833	remu	x16,x7,x19	  x7:0x00000000 x19:0x00000001 x16=0x00000000
     429865.000 ns	     42985	80008aec	40fa5e13	srai	x28,x20,0xf	 x20:0x00000000 x28=0x00000000
     429885.000 ns	     42987	80008af0	020ee533	rem	x10,x29,x0	 x29:0x00000001  x0:0x00000000 x10=0x00000001
     429915.000 ns	     42990	80008af4	03fba833	mulhsu	x16,x23,x31	 x23:0x00000000 x31:0x00000000 x16=0x00000000
     429945.000 ns	     42993	80008af8	a0eb0453	fle.s	x8,f22,f14	 f22:0x7fc00000 f14:0x4d9be300  x8=0x00000000
     429965.000 ns	     42995	80008afc	00000013	addi	x0,x0,0	  x0:0x00000000
     429975.000 ns	     42996	80008b00	00de1333	sll	x6,x28,x13	 x28:0x00000000 x13:0xffffffff  x6=0x00000000
     429985.000 ns	     42997	80008b04	fc856593	ori	x11,x10,-56	 x10:0x00000001 x11=0xffffffc9
     429995.000 ns	     42998	80008b08	019b1693	slli	x13,x22,0x19	 x22:0xffffffff x13=0xfe000000
     430355.000 ns	     43034	80008b0c	0330ebb3	rem	x23,x1,x19	  x1:0x00000000 x19:0x00000001 x23=0x00000000
     430375.000 ns	     43036	80008b10	41c3de13	srai	x28,x7,0x1c	  x7:0x00000000 x28=0x00000000
     430395.000 ns	     43038	80008b14	21411353	fsgnjn.s	f6,f2,f20	  f2:0x3f800000 f20:0x7fc00000  f6=0xbf800000
     430425.000 ns	     43041	80008b18	034dda33	divu	x20,x27,x20	 x27:0x80041024 x20:0x00000000 x20=0xffffffff
     430445.000 ns	     43043	80008b1c	0120d913	srli	x18,x1,0x12	  x1:0x00000000 x18=0x00000000
     430465.000 ns	     43045	80008b20	f00088d3	fmv.w.x	f17,x1	  x1:0x00000000 f17=0x00000000
     430485.000 ns	     43047	80008b24	00789a13	slli	x20,x17,0x7	 x17:0x9686bad8 x20=0x435d6c00
     430505.000 ns	     43049	80008b28	02820bb3	mul	x23,x4,x8	  x4:0x00000000  x8:0x00000000 x23=0x00000000
     430535.000 ns	     43052	80008b2c	c00c45d3	fcvt.w.s	x11,f24	 f24:0xdf46f1ca x11=0x80000000
     430555.000 ns	     43054	80008b30	00000013	addi	x0,x0,0	  x0:0x00000000
     430565.000 ns	     43055	80008b34	1c6e4c13	xori	x24,x28,454	 x28:0x00000000 x24=0x000001c6
     430575.000 ns	     43056	80008b38	00b62ab3	slt	x21,x12,x11	 x12:0x00000000 x11:0x80000000 x21=0x00000000
     430585.000 ns	     43057	80008b3c	40bfd933	sra	x18,x31,x11	 x31:0x00000000 x11:0x80000000 x18=0x00000000
     430595.000 ns	     43058	80008b40	00a483b3	add	x7,x9,x10	  x9:0x00000000 x10:0x00000001  x7=0x00000001
     430615.000 ns	     43060	80008b44	28b00dd3	fmin.s	f27,f0,f11	  f0:0x3f800000 f11:0x4f000410 f27=0x3f800000
     430645.000 ns	     43063	80008b48	03c72eb3	mulhsu	x29,x14,x28	 x14:0x000002d5 x28:0x00000000 x29=0x00000000
     430675.000 ns	     43066	80008b4c	02af92b3	mulh	x5,x31,x10	 x31:0x00000000 x10:0x00000001  x5=0x00000000
     430695.000 ns	     43068	80008b50	01051cb3	sll	x25,x10,x16	 x10:0x00000001 x16:0x00000000 x25=0x00000001
     430715.000 ns	     43070	80008b54	d0008953	fcvt.s.w	f18,x1	  x1:0x00000000 f18=0x00000000
     430735.000 ns	     43072	80008b58	00320b33	add	x22,x4,x3	  x4:0x00000000  x3:0x00000001 x22=0x00000001
     430755.000 ns	     43074	80008b5c	21be1453	fsgnjn.s	f8,f28,f27	 f28:0x7f1a9ae9 f27:0x3f800000  f8=0xff1a9ae9
     430785.000 ns	     43077	80008b60	21488853	fsgnj.s	f16,f17,f20	 f17:0x00000000 f20:0x7fc00000 f16=0x00000000
     430815.000 ns	     43080	80008b64	a1fd05d3	fle.s	x11,f26,f31	 f26:0xced76550 f31:0x4f800000 x11=0x00000001
     430835.000 ns	     43082	80008b68	84628097	auipc	x1,0x84628	  x1=0x04630b68
     431195.000 ns	     43118	80008b6c	02304933	div	x18,x0,x3	  x0:0x00000000  x3:0x00000001 x18=0x00000000
     431215.000 ns	     43120	80008b70	009b2233	slt	x4,x22,x9	 x22:0x00000001  x9:0x00000000  x4=0x00000000
     431225.000 ns	     43121	80008b74	418b8bb3	sub	x23,x23,x24	 x23:0x00000000 x24:0x000001c6 x23=0xfffffe3a
     431265.000 ns	     43125	80008b78	09c87853	fsub.s	f16,f16,f28	 f16:0x00000000 f28:0x7f1a9ae9 f16=0xff1a9ae9
     431285.000 ns	     43127	80008b7c	00da3333	sltu	x6,x20,x13	 x20:0x435d6c00 x13:0xfe000000  x6=0x00000001
     431325.000 ns	     43131	80008b80	00150253	fadd.s	f4,f10,f1	 f10:0xdf46f1ca  f1:0x7fc00000  f4=0x7fc00000
     431345.000 ns	     43133	80008b84	001a5eb3	srl	x29,x20,x1	 x20:0x435d6c00  x1:0x04630b68 x29=0x00435d6c
     431355.000 ns	     43134	80008b88	9b87b393	sltiu	x7,x15,-1608	 x15:0x77c8048e  x7=0x00000001
     431365.000 ns	     43135	80008b8c	402688b3	sub	x17,x13,x2	 x13:0xfe000000  x2:0x00000000 x17=0xfe000000
     431375.000 ns	     43136	80008b90	fb1020b7	lui	x1,0xfb102	  x1=0xfb102000
     431385.000 ns	     43137	80008b94	0034f5b3	and	x11,x9,x3	  x9:0x00000000  x3:0x00000001 x11=0x00000000
     431395.000 ns	     43138	80008b98	41108133	sub	x2,x1,x17	  x1:0x04630b68 x17:0xfe000000  x2=0xfd102000
     431405.000 ns	     43139	80008b9c	01ce9e33	sll	x28,x29,x28	 x29:0x00435d6c x28:0x00000000 x28=0x00435d6c
     431445.000 ns	     43143	80008ba0	005a26d3	fadd.s	f13,f20,f5	 f20:0x7fc00000  f5:0xcf7f000a f13=0x7fc00000
     431465.000 ns	     43145	80008ba4	00000013	addi	x0,x0,0	  x0:0x00000000
     431495.000 ns	     43148	80008ba8	580d40d3	fsqrt.s	f1,f26	 f26:0xced76550  f1=0x7fc00000
     431525.000 ns	     43151	80008bac	e0031a53	fclass.s	x20,f6	  f6:0xbf800000 x20=0x00000002
     431575.000 ns	     43156	80008bb0	09c9aad3	fsub.s	f21,f19,f28	 f19:0x7fc00000 f28:0x7f1a9ae9 f21=0x7fc00000
     431605.000 ns	     43159	80008bb4	e00116d3	fclass.s	x13,f2	  f2:0x3f800000 x13=0x00000040
     431655.000 ns	     43164	80008bb8	01e22c53	fadd.s	f24,f4,f30	  f4:0x7fc00000 f30:0x80000000 f24=0x7fc00000
     431675.000 ns	     43166	80008bbc	01c4d093	srli	x1,x9,0x1c	  x9:0x00000000  x1=0x00000000
     431695.000 ns	     43168	80008bc0	d01573d3	fcvt.s.wu	f7,x10	 x10:0x00000001  f7=0x3f800000
     432065.000 ns	     43205	80008bc4	0374f133	remu	x2,x9,x23	  x9:0x00000000 x23:0xfffffe3a  x2=0x00000000
     432085.000 ns	     43207	80008bc8	001374b3	and	x9,x6,x1	  x6:0x00000001  x1:0x00000000  x9=0x00000000
     432105.000 ns	     43209	80008bcc	a07b1053	flt.s	x0,f22,f7	 f22:0x7fc00000  f7:0x3f800000
     432135.000 ns	     43212	80008bd0	03a68833	mul	x16,x13,x26	 x13:0x00000040 x26:0x80040fe4 x16=0x0103f900
     432155.000 ns	     43214	80008bd4	00b77133	and	x2,x14,x11	 x14:0x000002d5 x11:0x00000000  x2=0x00000000
     432165.000 ns	     43215	80008bd8	84e28893	addi	x17,x5,-1970	  x5:0x00000000 x17=0xfffff84e
     432525.000 ns	     43251	80008bdc	02a27cb3	remu	x25,x4,x10	  x4:0x00000000 x10:0x00000001 x25=0x00000000
     432555.000 ns	     43254	80008be0	03340c33	mul	x24,x8,x19	  x8:0x00000000 x19:0x00000001 x24=0x00000000
     432585.000 ns	     43257	80008be4	29e31053	fmax.s	f0,f6,f30	  f6:0xbf800000 f30:0x80000000  f0=0x80000000
     432615.000 ns	     43260	80008be8	28049053	fmax.s	f0,f9,f0	  f9:0x7fc00000  f0:0x3f800000  f0=0x80000000
     432645.000 ns	     43263	80008bec	d0044ed3	fcvt.s.w	f29,x8	  x8:0x00000000 f29=0x00000000
     432675.000 ns	     43266	80008bf0	02b9c433	div	x8,x19,x11	 x19:0x00000001 x11:0x00000000  x8=0xffffffff
     432705.000 ns	     43269	80008bf4	c001c0d3	fcvt.w.s	x1,f3	  f3:0xcf000410  x1=0x80000000
     432735.000 ns	     43272	80008bf8	20bd0b53	fsgnj.s	f22,f26,f11	 f26:0xced76550 f11:0x4f000410 f22=0x4ed76550
     432775.000 ns	     43276	80008bfc	11a5aa53	fmul.s	f20,f11,f26	 f11:0x4f000410 f26:0xced76550 f20=0xde576c27
     432795.000 ns	     43278	80008c00	005efa33	and	x20,x29,x5	 x29:0x00435d6c  x5:0x00000000 x20=0x00000000
     432815.000 ns	     43280	80008c04	d01fb353	fcvt.s.wu	f6,x31	 x31:0x00000000  f6=0x00000000
     432835.000 ns	     43282	80008c08	0015a9b3	slt	x19,x11,x1	 x11:0x00000000  x1:0x80000000 x19=0x00000000
     432855.000 ns	     43284	80008c0c	036a06b3	mul	x13,x20,x22	 x20:0x00000000 x22:0x00000001 x13=0x00000000
     432875.000 ns	     43286	80008c10	3ab20813	addi	x16,x4,939	  x4:0x00000000 x16=0x000003ab
     432895.000 ns	     43288	80008c14	020e4533	div	x10,x28,x0	 x28:0x00435d6c  x0:0x00000000 x10=0xffffffff
     432915.000 ns	     43290	80008c18	419adc93	srai	x25,x21,0x19	 x21:0x00000000 x25=0x00000000
     432925.000 ns	     43291	80008c1c	00435513	srli	x10,x6,0x4	  x6:0x00000001 x10=0x00000000
     432945.000 ns	     43293	80008c20	286c86d3	fmin.s	f13,f25,f6	 f25:0x44000000  f6:0x00000000 f13=0x00000000
     432965.000 ns	     43295	80008c24	01c656b3	srl	x13,x12,x28	 x12:0x00000000 x28:0x00435d6c x13=0x00000000
     432985.000 ns	     43297	80008c28	e0010fd3	fmv.x.w	x31,f2	  f2:0x3f800000 x31=0x3f800000
     433035.000 ns	     43302	80008c2c	09da1d53	fsub.s	f26,f20,f29	 f20:0xde576c27 f29:0x00000000 f26=0xde576c27
     433055.000 ns	     43304	80008c30	401e5713	srai	x14,x28,0x1	 x28:0x00435d6c x14=0x0021aeb6
     433065.000 ns	     43305	80008c34	08d2a113	slti	x2,x5,141	  x5:0x00000000  x2=0x00000001
     433075.000 ns	     43306	80008c38	00000013	addi	x0,x0,0	  x0:0x00000000
     433085.000 ns	     43307	80008c3c	011dfe33	and	x28,x27,x17	 x27:0x80041024 x17:0xfffff84e x28=0x80041004
     433095.000 ns	     43308	80008c40	25393f93	sltiu	x31,x18,595	 x18:0x00000000 x31=0x00000001
     433115.000 ns	     43310	80008c44	c00dc153	fcvt.w.s	x2,f27	 f27:0x3f800000  x2=0x00000001
     433135.000 ns	     43312	80008c48	00000013	addi	x0,x0,0	  x0:0x00000000
     433155.000 ns	     43314	80008c4c	d007fb53	fcvt.s.w	f22,x15	 x15:0x77c8048e f22=0x4eef9009
     433185.000 ns	     43317	80008c50	29f99853	fmax.s	f16,f19,f31	 f19:0x7fc00000 f31:0x4f800000 f16=0x4f800000
     433205.000 ns	     43319	80008c54	d7f04897	auipc	x17,0xd7f04	 x17=0x57f0cc54
     433215.000 ns	     43320	80008c58	01fc2133	slt	x2,x24,x31	 x24:0x00000000 x31:0x00000001  x2=0x00000001
     433575.000 ns	     43356	80008c5c	02fed9b3	divu	x19,x29,x15	 x29:0x00435d6c x15:0x77c8048e x19=0x00000000
     433595.000 ns	     43358	80008c60	41e10f33	sub	x30,x2,x30	  x2:0x00000001 x30:0x00000000 x30=0x00000001
     433955.000 ns	     43394	80008c64	02fa49b3	div	x19,x20,x15	 x20:0x00000000 x15:0x77c8048e x19=0x00000000
     433975.000 ns	     43396	80008c68	01459033	sll	x0,x11,x20	 x11:0x00000000 x20:0x00000000
     433985.000 ns	     43397	80008c6c	da7ec993	xori	x19,x29,-601	 x29:0x00435d6c x19=0xffbca0cb
     434025.000 ns	     43401	80008c70	08ad7953	fsub.s	f18,f26,f10	 f26:0xde576c27 f10:0xdf46f1ca f18=0x5f1116c0
     434045.000 ns	     43403	80008c74	00144033	xor	x0,x8,x1	  x8:0xffffffff  x1:0x80000000
     434075.000 ns	     43406	80008c78	11b37a53	fmul.s	f20,f6,f27	  f6:0x00000000 f27:0x3f800000 f20=0x00000000
     434105.000 ns	     43409	80008c7c	a1fe2e53	feq.s	x28,f28,f31	 f28:0x7f1a9ae9 f31:0x4f800000 x28=0x00000000
     434125.000 ns	     43411	80008c80	ad70ce93	xori	x29,x1,-1321	  x1:0x80000000 x29=0x7ffffad7
     434145.000 ns	     43413	80008c84	a0b3a0d3	feq.s	x1,f7,f11	  f7:0x3f800000 f11:0x4f000410  x1=0x00000000
     434165.000 ns	     43415	80008c88	00685a33	srl	x20,x16,x6	 x16:0x000003ab  x6:0x00000001 x20=0x000001d5
     434185.000 ns	     43417	80008c8c	f00008d3	fmv.w.x	f17,x0	  x0:0x00000000 f17=0x00000000
     434215.000 ns	     43420	80008c90	d0077a53	fcvt.s.w	f20,x14	 x14:0x0021aeb6 f20=0x4a06bad8
     434245.000 ns	     43423	80008c94	020464b3	rem	x9,x8,x0	  x8:0xffffffff  x0:0x00000000  x9=0xffffffff
     434275.000 ns	     43426	80008c98	d00d0153	fcvt.s.w	f2,x26	 x26:0x80040fe4  f2=0xcefff7e0
     434295.000 ns	     43428	80008c9c	00890c33	add	x24,x18,x8	 x18:0x00000000  x8:0xffffffff x24=0xffffffff
     434315.000 ns	     43430	80008ca0	d0187cd3	fcvt.s.wu	f25,x16	 x16:0x000003ab f25=0x446ac000
     434345.000 ns	     43433	80008ca4	03331ab3	mulh	x21,x6,x19	  x6:0x00000001 x19:0xffbca0cb x21=0xffffffff
     434365.000 ns	     43435	80008ca8	ea8a9e17	auipc	x28,0xea8a9	 x28=0x6a8b1ca8
     434385.000 ns	     43437	80008cac	02971a33	mulh	x20,x14,x9	 x14:0x0021aeb6  x9:0xffffffff x20=0xffffffff
     434405.000 ns	     43439	80008cb0	740c6193	ori	x3,x24,1856	 x24:0xffffffff  x3=0xffffffff
     434425.000 ns	     43441	80008cb4	f00d88d3	fmv.w.x	f17,x27	 x27:0x80041024 f17=0x80041024
     434455.000 ns	     43444	80008cb8	c015fc53	fcvt.wu.s	x24,f11	 f11:0x4f000410 x24=0x80041000
     434475.000 ns	     43446	80008cbc	ff31f413	andi	x8,x3,-13	  x3:0xffffffff  x8=0xfffffff3
     434835.000 ns	     43482	80008cc0	0364f9b3	remu	x19,x9,x22	  x9:0xffffffff x22:0x00000001 x19=0x00000000
     434865.000 ns	     43485	80008cc4	c00c4953	fcvt.w.s	x18,f24	 f24:0x7fc00000 x18=0x7fffffff
     434895.000 ns	     43488	80008cc8	f00c04d3	fmv.w.x	f9,x24	 x24:0x80041000  f9=0x80041000
     435265.000 ns	     43525	80008ccc	03b04ab3	div	x21,x0,x27	  x0:0x00000000 x27:0x80041024 x21=0x00000000
     435605.000 ns	     43559	80008cd0	1901a553	fdiv.s	f10,f3,f16	  f3:0xcf000410 f16:0x4f800000 f10=0xbe800410
     435635.000 ns	     43562	80008cd4	c019fed3	fcvt.wu.s	x29,f19	 f19:0x7fc00000 x29=0xffffffff
     435655.000 ns	     43564	80008cd8	01899113	slli	x2,x19,0x18	 x19:0x00000000  x2=0x00000000
     435675.000 ns	     43566	80008cdc	0324ae33	mulhsu	x28,x9,x18	  x9:0xffffffff x18:0x7fffffff x28=0xffffffff
     435705.000 ns	     43569	80008ce0	f00d8953	fmv.w.x	f18,x27	 x27:0x80041024 f18=0x80041024
     435735.000 ns	     43572	80008ce4	207e89d3	fsgnj.s	f19,f29,f7	 f29:0x00000000  f7:0x3f800000 f19=0x00000000
     435765.000 ns	     43575	80008ce8	0249bb33	mulhu	x22,x19,x4	 x19:0x00000000  x4:0x00000000 x22=0x00000000
     435785.000 ns	     43577	80008cec	41afd013	srai	x0,x31,0x1a	 x31:0x00000001
     435805.000 ns	     43579	80008cf0	a01a20d3	feq.s	x1,f20,f1	 f20:0x4a06bad8  f1:0x7fc00000  x1=0x00000000
     435825.000 ns	     43581	80008cf4	0137ffb3	and	x31,x15,x19	 x15:0x77c8048e x19:0x00000000 x31=0x00000000
     435845.000 ns	     43583	80008cf8	d0057053	fcvt.s.w	f0,x10	 x10:0x00000000  f0=0x00000000
     435865.000 ns	     43585	80008cfc	010d79b3	and	x19,x26,x16	 x26:0x80040fe4 x16:0x000003ab x19=0x000003a0
     436195.000 ns	     43618	80008d00	19c4fb53	fdiv.s	f22,f9,f28	  f9:0x80041000 f28:0x7f1a9ae9 f22=0x80000000
     436225.000 ns	     43621	80008d04	d00324d3	fcvt.s.w	f9,x6	  x6:0x00000001  f9=0x3f800000
     436255.000 ns	     43624	80008d08	0256b233	mulhu	x4,x13,x5	 x13:0x00000000  x5:0x00000000  x4=0x00000000
     436285.000 ns	     43627	80008d0c	f0070853	fmv.w.x	f16,x14	 x14:0x0021aeb6 f16=0x0021aeb6
     436305.000 ns	     43629	80008d10	40e95f33	sra	x30,x18,x14	 x18:0x7fffffff x14:0x0021aeb6 x30=0x000001ff
     436315.000 ns	     43630	80008d14	40af0233	sub	x4,x30,x10	 x30:0x00000001 x10:0x00000000  x4=0x000001ff
     436325.000 ns	     43631	80008d18	00d300b3	add	x1,x6,x13	  x6:0x00000001 x13:0x00000000  x1=0x00000001
     436345.000 ns	     43633	80008d1c	a05711d3	flt.s	x3,f14,f5	 f14:0x4d9be300  f5:0xcf7f000a  x3=0x00000000
     436375.000 ns	     43636	80008d20	c00d9ad3	fcvt.w.s	x21,f27	 f27:0x3f800000 x21=0x00000001
     436395.000 ns	     43638	80008d24	c92a4717	auipc	x14,0xc92a4	 x14=0x492acd24
     436405.000 ns	     43639	80008d28	00da03b3	add	x7,x20,x13	 x20:0xffffffff x13:0x00000000  x7=0xffffffff
     436415.000 ns	     43640	80008d2c	853d61b7	lui	x3,0x853d6	  x3=0x853d6000
     436775.000 ns	     43676	80008d30	03e8c0b3	div	x1,x17,x30	 x17:0x57f0cc54 x30:0x000001ff  x1=0x002c0e6d
     436795.000 ns	     43678	80008d34	a7896e93	ori	x29,x18,-1416	 x18:0x7fffffff x29=0xffffffff
     436815.000 ns	     43680	80008d38	d0137fd3	fcvt.s.wu	f31,x6	  x6:0x00000001 f31=0x3f800000
     436835.000 ns	     43682	80008d3c	400ed533	sra	x10,x29,x0	 x29:0xffffffff  x0:0x00000000 x10=0xffffffff
     436865.000 ns	     43685	80008d40	58020b53	fsqrt.s	f22,f4	  f4:0x7fc00000 f22=0x7fc00000
     436895.000 ns	     43688	80008d44	a02888d3	fle.s	x17,f17,f2	 f17:0x80041024  f2:0xcefff7e0 x17=0x00000000
     436925.000 ns	     43691	80008d48	a0bf05d3	fle.s	x11,f30,f11	 f30:0x80000000 f11:0x4f000410 x11=0x00000001
     436955.000 ns	     43694	80008d4c	d00275d3	fcvt.s.w	f11,x4	  x4:0x000001ff f11=0x43ff8000
     436975.000 ns	     43696	80008d50	01925493	srli	x9,x4,0x19	  x4:0x000001ff  x9=0x00000000
     437335.000 ns	     43732	80008d54	0378e9b3	rem	x19,x17,x23	 x17:0x00000000 x23:0xfffffe3a x19=0x00000000
     437355.000 ns	     43734	80008d58	0d76ff37	lui	x30,0xd76f	 x30=0x0d76f000
     437375.000 ns	     43736	80008d5c	d01277d3	fcvt.s.wu	f15,x4	  x4:0x000001ff f15=0x43ff8000
     437405.000 ns	     43739	80008d60	0295b133	mulhu	x2,x11,x9	 x11:0x00000001  x9:0x00000000  x2=0x00000000
     437775.000 ns	     43776	80008d64	02fc4f33	div	x30,x24,x15	 x24:0x80041000 x15:0x77c8048e x30=0xffffffff
     437795.000 ns	     43778	80008d68	9c914017	auipc	x0,0x9c914	
     437805.000 ns	     43779	80008d6c	e94be237	lui	x4,0xe94be	  x4=0xe94be000
     437825.000 ns	     43781	80008d70	288f1c53	fmax.s	f24,f30,f8	 f30:0x80000000  f8:0xff1a9ae9 f24=0x80000000
     438195.000 ns	     43818	80008d74	0378f9b3	remu	x19,x17,x23	 x17:0x00000000 x23:0xfffffe3a x19=0x00000000
     438245.000 ns	     43823	80008d78	08ce2653	fsub.s	f12,f28,f12	 f28:0x7f1a9ae9 f12:0xcf7f000a f12=0x7f1a9ae9
     438275.000 ns	     43826	80008d7c	c00189d3	fcvt.w.s	x19,f3	  f3:0xcf000410 x19=0x80000000
     438305.000 ns	     43829	80008d80	02251633	mulh	x12,x10,x2	 x10:0xffffffff  x2:0x00000000 x12=0x00000000
     438325.000 ns	     43831	80008d84	26fd8913	addi	x18,x27,623	 x27:0x80041024 x18=0x80041293
     438345.000 ns	     43833	80008d88	21e42253	fsgnjx.s	f4,f8,f30	  f8:0xff1a9ae9 f30:0x80000000  f4=0x7f1a9ae9
     438715.000 ns	     43870	80008d8c	0378c833	div	x16,x17,x23	 x17:0x00000000 x23:0xfffffe3a x16=0x00000000
     438735.000 ns	     43872	80008d90	00000013	addi	x0,x0,0	  x0:0x00000000
     438755.000 ns	     43874	80008d94	c001f253	fcvt.w.s	x4,f3	  f3:0xcf000410  x4=0x80000000
     438785.000 ns	     43877	80008d98	d01375d3	fcvt.s.wu	f11,x6	  x6:0x00000001 f11=0x3f800000
     438805.000 ns	     43879	80008d9c	00c2d9b3	srl	x19,x5,x12	  x5:0x00000000 x12:0x00000000 x19=0x00000000
     438815.000 ns	     43880	80008da0	01d8e3b3	or	x7,x17,x29	 x17:0x00000000 x29:0xffffffff  x7=0xffffffff
     438825.000 ns	     43881	80008da4	016b1633	sll	x12,x22,x22	 x22:0x00000000 x22:0x00000000 x12=0x00000000
     438845.000 ns	     43883	80008da8	294d9053	fmax.s	f0,f27,f20	 f27:0x3f800000 f20:0x4a06bad8  f0=0x4a06bad8
     438865.000 ns	     43885	80008dac	13129817	auipc	x16,0x13129	 x16=0x93131dac
     438885.000 ns	     43887	80008db0	c0071153	fcvt.w.s	x2,f14	 f14:0x4d9be300  x2=0x137c6000
     438905.000 ns	     43889	80008db4	8054f893	andi	x17,x9,-2043	  x9:0x00000000 x17=0x00000000
     439265.000 ns	     43925	80008db8	03edd2b3	divu	x5,x27,x30	 x27:0x80041024 x30:0xffffffff  x5=0x00000000
     439295.000 ns	     43928	80008dbc	216500d3	fsgnj.s	f1,f10,f22	 f10:0xbe800410 f22:0x7fc00000  f1=0x3e800410
     439345.000 ns	     43933	80008dc0	01f9b2d3	fadd.s	f5,f19,f31	 f19:0x00000000 f31:0x3f800000  f5=0x3f800000
     439375.000 ns	     43936	80008dc4	d0180fd3	fcvt.s.wu	f31,x16	 x16:0x93131dac f31=0x4f13131e
     439395.000 ns	     43938	80008dc8	40ed0b33	sub	x22,x26,x14	 x26:0x80040fe4 x14:0x492acd24 x22=0x36d942c0
     439415.000 ns	     43940	80008dcc	d01a1953	fcvt.s.wu	f18,x20	 x20:0xffffffff f18=0x4f7fffff
     439435.000 ns	     43942	80008dd0	0109f433	and	x8,x19,x16	 x19:0x00000000 x16:0x93131dac  x8=0x00000000
     439445.000 ns	     43943	80008dd4	013381b3	add	x3,x7,x19	  x7:0xffffffff x19:0x00000000  x3=0xffffffff
     439455.000 ns	     43944	80008dd8	005ab933	sltu	x18,x21,x5	 x21:0x00000001  x5:0x00000000 x18=0x00000000
     439465.000 ns	     43945	80008ddc	416d0033	sub	x0,x26,x22	 x26:0x80040fe4 x22:0x36d942c0
     439485.000 ns	     43947	80008de0	a1c028d3	feq.s	x17,f0,f28	  f0:0x4a06bad8 f28:0x7f1a9ae9 x17=0x00000000
     439515.000 ns	     43950	80008de4	29b70153	fmin.s	f2,f14,f27	 f14:0x4d9be300 f27:0x3f800000  f2=0x3f800000
     439545.000 ns	     43953	80008de8	20af9f53	fsgnjn.s	f30,f31,f10	 f31:0x4f13131e f10:0xbe800410 f30=0x4f13131e
     439575.000 ns	     43956	80008dec	a15d8cd3	fle.s	x25,f27,f21	 f27:0x3f800000 f21:0x7fc00000 x25=0x00000000
     439615.000 ns	     43960	80008df0	108528d3	fmul.s	f17,f10,f8	 f10:0xbe800410  f8:0xff1a9ae9 f17=0x7e1a9fd1
     439645.000 ns	     43963	80008df4	a09aab53	feq.s	x22,f21,f9	 f21:0x7fc00000  f9:0x3f800000 x22=0x00000000
     439675.000 ns	     43966	80008df8	201093d3	fsgnjn.s	f7,f1,f1	  f1:0x3e800410  f1:0x3e800410  f7=0xbe800410
     439705.000 ns	     43969	80008dfc	c0068453	fcvt.w.s	x8,f13	 f13:0x00000000  x8=0x00000000
     439725.000 ns	     43971	80008e00	b7a0f213	andi	x4,x1,-1158	  x1:0x002c0e6d  x4=0x002c0a68
     439745.000 ns	     43973	80008e04	a16e0bd3	fle.s	x23,f28,f22	 f28:0x7f1a9ae9 f22:0x7fc00000 x23=0x00000000
     439775.000 ns	     43976	80008e08	025fbc33	mulhu	x24,x31,x5	 x31:0x00000000  x5:0x00000000 x24=0x00000000
     439805.000 ns	     43979	80008e0c	a11b0a53	fle.s	x20,f22,f17	 f22:0x7fc00000 f17:0x7e1a9fd1 x20=0x00000000
     439855.000 ns	     43984	80008e10	08fc2fd3	fsub.s	f31,f24,f15	 f24:0x80000000 f15:0x43ff8000 f31=0xc3ff8000
     439875.000 ns	     43986	80008e14	00775493	srli	x9,x14,0x7	 x14:0x492acd24  x9=0x0092559a
     439885.000 ns	     43987	80008e18	50dafa93	andi	x21,x21,1293	 x21:0x00000001 x21=0x00000001
     439895.000 ns	     43988	80008e1c	41a15133	sra	x2,x2,x26	  x2:0x137c6000 x26:0x80040fe4  x2=0x0137c600
     439905.000 ns	     43989	80008e20	a2590f97	auipc	x31,0xa2590	 x31=0x22598e20
     439915.000 ns	     43990	80008e24	61bea193	slti	x3,x29,1563	 x29:0xffffffff  x3=0x00000001
     439925.000 ns	     43991	80008e28	41adda33	sra	x20,x27,x26	 x27:0x80041024 x26:0x80040fe4 x20=0xf8004102
     439945.000 ns	     43993	80008e2c	21572bd3	fsgnjx.s	f23,f14,f21	 f14:0x4d9be300 f21:0x7fc00000 f23=0x4d9be300
     439965.000 ns	     43995	80008e30	632fb193	sltiu	x3,x31,1586	 x31:0x22598e20  x3=0x00000000
     439975.000 ns	     43996	80008e34	2bb07e13	andi	x28,x0,699	  x0:0x00000000 x28=0x00000000
     439995.000 ns	     43998	80008e38	21281253	fsgnjn.s	f4,f16,f18	 f16:0x0021aeb6 f18:0x4f7fffff  f4=0x8021aeb6
     440015.000 ns	     44000	80008e3c	0151db93	srli	x23,x3,0x15	  x3:0x00000000 x23=0x00000000
     440025.000 ns	     44001	80008e40	0070b233	sltu	x4,x1,x7	  x1:0x002c0e6d  x7:0xffffffff  x4=0x00000001
     440045.000 ns	     44003	80008e44	0318c6b3	div	x13,x17,x17	 x17:0x00000000 x17:0x00000000 x13=0xffffffff
     440075.000 ns	     44006	80008e48	c0197a53	fcvt.wu.s	x20,f18	 f18:0x4f7fffff x20=0xffffff00
     440095.000 ns	     44008	80008e4c	0061a2b3	slt	x5,x3,x6	  x3:0x00000000  x6:0x00000001  x5=0x00000001
     440455.000 ns	     44044	80008e50	03d453b3	divu	x7,x8,x29	  x8:0x00000000 x29:0xffffffff  x7=0x00000000
     440475.000 ns	     44046	80008e54	cbc37f13	andi	x30,x6,-836	  x6:0x00000001 x30=0x00000000
     440485.000 ns	     44047	80008e58	cf3ff6b7	lui	x13,0xcf3ff	 x13=0xcf3ff000
     440495.000 ns	     44048	80008e5c	006b5e93	srli	x29,x22,0x6	 x22:0x00000000 x29=0x00000000
     440505.000 ns	     44049	80008e60	80c70ab7	lui	x21,0x80c70	 x21=0x80c70000
     440525.000 ns	     44051	80008e64	28de9253	fmax.s	f4,f29,f13	 f29:0x00000000 f13:0x00000000  f4=0x00000000
     440545.000 ns	     44053	80008e68	01149bb3	sll	x23,x9,x17	  x9:0x0092559a x17:0x00000000 x23=0x0092559a
     440565.000 ns	     44055	80008e6c	037c18b3	mulh	x17,x24,x23	 x24:0x00000000 x23:0x00000000 x17=0x00000000
     440585.000 ns	     44057	80008e70	00030233	add	x4,x6,x0	  x6:0x00000001  x0:0x00000000  x4=0x00000001
     440605.000 ns	     44059	80008e74	e00306d3	fmv.x.w	x13,f6	  f6:0x00000000 x13=0x00000000
     440625.000 ns	     44061	80008e78	019269b3	or	x19,x4,x25	  x4:0x00000001 x25:0x00000000 x19=0x00000001
     440635.000 ns	     44062	80008e7c	41e8d893	srai	x17,x17,0x1e	 x17:0x00000000 x17=0x00000000
     440655.000 ns	     44064	80008e80	02842b33	mulhsu	x22,x8,x8	  x8:0x00000000  x8:0x00000000 x22=0x00000000
     440685.000 ns	     44067	80008e84	29f98bd3	fmin.s	f23,f19,f31	 f19:0x00000000 f31:0xc3ff8000 f23=0xc3ff8000
     440735.000 ns	     44072	80008e88	01a33b53	fadd.s	f22,f6,f26	  f6:0x00000000 f26:0xde576c27 f22=0xde576c27
     440765.000 ns	     44075	80008e8c	d01a7453	fcvt.s.wu	f8,x20	 x20:0xffffff00  f8=0x4f7fffff
     440795.000 ns	     44078	80008e90	c013f9d3	fcvt.wu.s	x19,f7	  f7:0xbe800410 x19=0x00000000
     440825.000 ns	     44081	80008e94	21802753	fsgnjx.s	f14,f0,f24	  f0:0x4a06bad8 f24:0x80000000 f14=0xca06bad8
     440845.000 ns	     44083	80008e98	01297f33	and	x30,x18,x18	 x18:0x00000000 x18:0x00000000 x30=0x00000000
     440875.000 ns	     44086	80008e9c	58037453	fsqrt.s	f8,f6	  f6:0x00000000  f8=0x00000000
     441215.000 ns	     44120	80008ea0	19a4c4d3	fdiv.s	f9,f9,f26	  f9:0x3f800000 f26:0xde576c27  f9=0xa0800000
     441245.000 ns	     44123	80008ea4	0329b3b3	mulhu	x7,x19,x18	 x19:0x00000000 x18:0x00000000  x7=0x00000000
     441275.000 ns	     44126	80008ea8	c01549d3	fcvt.wu.s	x19,f10	 f10:0xbe800410 x19=0x00000000
     441305.000 ns	     44129	80008eac	28871cd3	fmax.s	f25,f14,f8	 f14:0xca06bad8  f8:0x00000000 f25=0x00000000
     441335.000 ns	     44132	80008eb0	c00d8353	fcvt.w.s	x6,f27	 f27:0x3f800000  x6=0x00000001
     441355.000 ns	     44134	80008eb4	03aff393	andi	x7,x31,58	 x31:0x22598e20  x7=0x00000020
     441365.000 ns	     44135	80008eb8	401e82b3	sub	x5,x29,x1	 x29:0x00000000  x1:0x002c0e6d  x5=0xffd3f193
     441375.000 ns	     44136	80008ebc	00cd8fb3	add	x31,x27,x12	 x27:0x80041024 x12:0x00000000 x31=0x80041024
     442545.000 ns	     44253	80008ec0	580da753	fsqrt.s	f14,f27	 f27:0x3f800000 f14=0x3f7fffae
     442575.000 ns	     44256	80008ec4	f0070dd3	fmv.w.x	f27,x14	 x14:0x492acd24 f27=0x492acd24
     442595.000 ns	     44258	80008ec8	011dd193	srli	x3,x27,0x11	 x27:0x80041024  x3=0x00004002
     442605.000 ns	     44259	80008ecc	e4737a93	andi	x21,x6,-441	  x6:0x00000001 x21=0x00000001
     442615.000 ns	     44260	80008ed0	00fc1fb3	sll	x31,x24,x15	 x24:0x00000000 x15:0x77c8048e x31=0x00000000
     442635.000 ns	     44262	80008ed4	a1131e53	flt.s	x28,f6,f17	  f6:0x00000000 f17:0x7e1a9fd1 x28=0x00000001
     442675.000 ns	     44266	80008ed8	198114d3	fdiv.s	f9,f2,f24	  f2:0x3f800000 f24:0x80000000  f9=0xff800000
     442695.000 ns	     44268	80008edc	00f1d393	srli	x7,x3,0xf	  x3:0x00004002  x7=0x00000000
     442715.000 ns	     44270	80008ee0	219e2c53	fsgnjx.s	f24,f28,f25	 f28:0x7f1a9ae9 f25:0x00000000 f24=0x7f1a9ae9
     442745.000 ns	     44273	80008ee4	20351bd3	fsgnjn.s	f23,f10,f3	 f10:0xbe800410  f3:0xcf000410 f23=0x3e800410
     442765.000 ns	     44275	80008ee8	00125fb3	srl	x31,x4,x1	  x4:0x00000001  x1:0x002c0e6d x31=0x00000000
     442785.000 ns	     44277	80008eec	03cd08b3	mul	x17,x26,x28	 x26:0x80040fe4 x28:0x00000001 x17=0x80040fe4
     442805.000 ns	     44279	80008ef0	cf95a093	slti	x1,x11,-775	 x11:0x00000001  x1=0x00000000
     442815.000 ns	     44280	80008ef4	01b9fb33	and	x22,x19,x27	 x19:0x00000000 x27:0x80041024 x22=0x00000000
     442835.000 ns	     44282	80008ef8	a1fa1bd3	flt.s	x23,f20,f31	 f20:0x4a06bad8 f31:0xc3ff8000 x23=0x00000000
     442855.000 ns	     44284	80008efc	50d86593	ori	x11,x16,1293	 x16:0x93131dac x11=0x93131dad
     442865.000 ns	     44285	80008f00	00b51193	slli	x3,x10,0xb	 x10:0xffffffff  x3=0xfffff800
     442875.000 ns	     44286	80008f04	01d30333	add	x6,x6,x29	  x6:0x00000001 x29:0x00000000  x6=0x00000001
     442895.000 ns	     44288	80008f08	02a095b3	mulh	x11,x1,x10	  x1:0x00000000 x10:0xffffffff x11=0x00000000
     442925.000 ns	     44291	80008f0c	034bbcb3	mulhu	x25,x23,x20	 x23:0x00000000 x20:0xffffff00 x25=0x00000000
     442955.000 ns	     44294	80008f10	20058c53	fsgnj.s	f24,f11,f0	 f11:0x3f800000  f0:0x4a06bad8 f24=0x3f800000
     442985.000 ns	     44297	80008f14	28b48353	fmin.s	f6,f9,f11	  f9:0xff800000 f11:0x3f800000  f6=0xff800000
     443005.000 ns	     44299	80008f18	41cc0f33	sub	x30,x24,x28	 x24:0x00000000 x28:0x00000001 x30=0xffffffff
     443025.000 ns	     44301	80008f1c	020d86b3	mul	x13,x27,x0	 x27:0x80041024  x0:0x00000000 x13=0x00000000
     443055.000 ns	     44304	80008f20	e00810d3	fclass.s	x1,f16	 f16:0x0021aeb6  x1=0x00000020
     443075.000 ns	     44306	80008f24	014e42b3	xor	x5,x28,x20	 x28:0x00000001 x20:0xffffff00  x5=0xffffff01
     443095.000 ns	     44308	80008f28	f00808d3	fmv.w.x	f17,x16	 x16:0x93131dac f17=0x93131dac
     443115.000 ns	     44310	80008f2c	00000013	addi	x0,x0,0	  x0:0x00000000
     443475.000 ns	     44346	80008f30	035b4c33	div	x24,x22,x21	 x22:0x00000000 x21:0x00000001 x24=0x00000000
     443505.000 ns	     44349	80008f34	d012f7d3	fcvt.s.wu	f15,x5	  x5:0xffffff01 f15=0x4f7fffff
     443535.000 ns	     44352	80008f38	285b0d53	fmin.s	f26,f22,f5	 f22:0xde576c27  f5:0x3f800000 f26=0xde576c27
     443555.000 ns	     44354	80008f3c	97ca7237	lui	x4,0x97ca7	  x4=0x97ca7000
     443565.000 ns	     44355	80008f40	01dad813	srli	x16,x21,0x1d	 x21:0x00000001 x16=0x00000000
     443585.000 ns	     44357	80008f44	c00571d3	fcvt.w.s	x3,f10	 f10:0xbe800410  x3=0x00000000
     443635.000 ns	     44362	80008f48	08fcfad3	fsub.s	f21,f25,f15	 f25:0x00000000 f15:0x4f7fffff f21=0xcf7fffff
     444005.000 ns	     44399	80008f4c	0267ec33	rem	x24,x15,x6	 x15:0x77c8048e  x6:0x00000001 x24=0x00000000
     444035.000 ns	     44402	80008f50	02bc7e33	remu	x28,x24,x11	 x24:0x00000000 x11:0x00000000 x28=0x00000000
     444065.000 ns	     44405	80008f54	a0eaa0d3	feq.s	x1,f21,f14	 f21:0xcf7fffff f14:0x3f7fffae  x1=0x00000000
     444095.000 ns	     44408	80008f58	021c2a33	mulhsu	x20,x24,x1	 x24:0x00000000  x1:0x00000020 x20=0x00000000
     444145.000 ns	     44413	80008f5c	0805f453	fsub.s	f8,f11,f0	 f11:0x3f800000  f0:0x4a06bad8  f8=0xca06bad4
     444185.000 ns	     44417	80008f60	580d7853	fsqrt.s	f16,f26	 f26:0xde576c27 f16=0x7fc00000
     444215.000 ns	     44420	80008f64	290a8853	fmin.s	f16,f21,f16	 f21:0xcf7fffff f16:0x0021aeb6 f16=0xcf7fffff
     445325.000 ns	     44531	80008f68	58064bd3	fsqrt.s	f23,f12	 f12:0x7f1a9ae9 f23=0x5edaa46a
     445355.000 ns	     44534	80008f6c	c0127453	fcvt.wu.s	x8,f4	  f4:0x00000000  x8=0x00000000
     445375.000 ns	     44536	80008f70	013bf033	and	x0,x23,x19	 x23:0x00000000 x19:0x00000000
     445385.000 ns	     44537	80008f74	00464733	xor	x14,x12,x4	 x12:0x00000000  x4:0x97ca7000 x14=0x97ca7000
     445405.000 ns	     44539	80008f78	e00c9f53	fclass.s	x30,f25	 f25:0x00000000 x30=0x00000010
     445425.000 ns	     44541	80008f7c	f6e67b93	andi	x23,x12,-146	 x12:0x00000000 x23=0x00000000
     445435.000 ns	     44542	80008f80	00000013	addi	x0,x0,0	  x0:0x00000000
     445455.000 ns	     44544	80008f84	d0037dd3	fcvt.s.w	f27,x6	  x6:0x00000001 f27=0x3f800000
     445485.000 ns	     44547	80008f88	e00a0f53	fmv.x.w	x30,f20	 f20:0x4a06bad8 x30=0x4a06bad8
     445515.000 ns	     44550	80008f8c	030ef9b3	remu	x19,x29,x16	 x29:0x00000000 x16:0x00000000 x19=0x00000000
     445885.000 ns	     44587	80008f90	02f17e33	remu	x28,x2,x15	  x2:0x0137c600 x15:0x77c8048e x28=0x0137c600
     445905.000 ns	     44589	80008f94	1e418193	addi	x3,x3,484	  x3:0x00000000  x3=0x000001e4
     445915.000 ns	     44590	80008f98	7f93b293	sltiu	x5,x7,2041	  x7:0x00000000  x5=0x00000001
     445935.000 ns	     44592	80008f9c	02c8ef33	rem	x30,x17,x12	 x17:0x80040fe4 x12:0x00000000 x30=0x80040fe4
     445955.000 ns	     44594	80008fa0	0127c433	xor	x8,x15,x18	 x15:0x77c8048e x18:0x00000000  x8=0x77c8048e
     445965.000 ns	     44595	80008fa4	41d45613	srai	x12,x8,0x1d	  x8:0x00000000 x12=0x00000003
     445975.000 ns	     44596	80008fa8	0059f4b3	and	x9,x19,x5	 x19:0x00000000  x5:0x00000001  x9=0x00000000
     445995.000 ns	     44598	80008fac	c007f1d3	fcvt.w.s	x3,f15	 f15:0x4f7fffff  x3=0x7fffffff
     447175.000 ns	     44716	80008fb0	5805f3d3	fsqrt.s	f7,f11	 f11:0x3f800000  f7=0x3f7fffae
     447205.000 ns	     44719	80008fb4	034c0533	mul	x10,x24,x20	 x24:0x00000000 x20:0x00000000 x10=0x00000000
     447225.000 ns	     44721	80008fb8	59f7cc93	xori	x25,x15,1439	 x15:0x77c8048e x25=0x77c80111
     447245.000 ns	     44723	80008fbc	a160a153	feq.s	x2,f1,f22	  f1:0x3e800410 f22:0xde576c27  x2=0x00000000
     447275.000 ns	     44726	80008fc0	e0008453	fmv.x.w	x8,f1	  f1:0x3e800410  x8=0x3e800410
     447305.000 ns	     44729	80008fc4	0295c933	div	x18,x11,x9	 x11:0x00000000  x9:0x00000000 x18=0xffffffff
     447325.000 ns	     44731	80008fc8	7df13393	sltiu	x7,x2,2015	  x2:0x00000000  x7=0x00000001
     447345.000 ns	     44733	80008fcc	d011acd3	fcvt.s.wu	f25,x3	  x3:0x7fffffff f25=0x4f000000
     447375.000 ns	     44736	80008fd0	02a65433	divu	x8,x12,x10	 x12:0x00000003 x10:0x00000000  x8=0xffffffff
     447395.000 ns	     44738	80008fd4	01d66233	or	x4,x12,x29	 x12:0x00000003 x29:0x00000000  x4=0x00000003
     447725.000 ns	     44771	80008fd8	19760f53	fdiv.s	f30,f12,f23	 f12:0x7f1a9ae9 f23:0x5edaa46a f30=0x5f9a9aea
     447745.000 ns	     44773	80008fdc	0088ee33	or	x28,x17,x8	 x17:0x80040fe4  x8:0xffffffff x28=0xffffffff
     447765.000 ns	     44775	80008fe0	21db19d3	fsgnjn.s	f19,f22,f29	 f22:0xde576c27 f29:0x00000000 f19=0xde576c27
     447795.000 ns	     44778	80008fe4	e0099bd3	fclass.s	x23,f19	 f19:0x00000000 x23=0x00000002
     447815.000 ns	     44780	80008fe8	004a0b33	add	x22,x20,x4	 x20:0x00000000  x4:0x00000003 x22=0x00000003
     447825.000 ns	     44781	80008fec	6f694e93	xori	x29,x18,1782	 x18:0xffffffff x29=0xfffff909
     447845.000 ns	     44783	80008ff0	a12e8753	fle.s	x14,f29,f18	 f29:0x00000000 f18:0x4f7fffff x14=0x00000001
     447895.000 ns	     44788	80008ff4	01808b53	fadd.s	f22,f1,f24	  f1:0x3e800410 f24:0x3f800000 f22=0x3fa00104
     447915.000 ns	     44790	80008ff8	00000013	addi	x0,x0,0	  x0:0x00000000
     447935.000 ns	     44792	80008ffc	026739b3	mulhu	x19,x14,x6	 x14:0x00000001  x6:0x00000001 x19=0x00000000
     447965.000 ns	     44795	80009000	a0271553	flt.s	x10,f14,f2	 f14:0x3f7fffae  f2:0x3f800000 x10=0x00000001
     447985.000 ns	     44797	80009004	01289433	sll	x8,x17,x18	 x17:0x80040fe4 x18:0xffffffff  x8=0x00000000
     448005.000 ns	     44799	80009008	e0089153	fclass.s	x2,f17	 f17:0x93131dac  x2=0x00000002
     448035.000 ns	     44802	8000900c	028efbb3	remu	x23,x29,x8	 x29:0xfffff909  x8:0xffffffff x23=0xfffff909
     448405.000 ns	     44839	80009010	03944bb3	div	x23,x8,x25	  x8:0x00000000 x25:0x77c80111 x23=0x00000000
     448435.000 ns	     44842	80009014	a0902e53	feq.s	x28,f0,f9	  f0:0x4a06bad8  f9:0xff800000 x28=0x00000000
     448455.000 ns	     44844	80009018	00d11593	slli	x11,x2,0xd	  x2:0x00000002 x11=0x00004000
     448475.000 ns	     44846	8000901c	d019f253	fcvt.s.wu	f4,x19	 x19:0x00000000  f4=0x00000000
     448505.000 ns	     44849	80009020	f0000353	fmv.w.x	f6,x0	  x0:0x00000000  f6=0x00000000
     448525.000 ns	     44851	80009024	01301f13	slli	x30,x0,0x13	  x0:0x00000000 x30=0x00000000
     448555.000 ns	     44854	80009028	11a977d3	fmul.s	f15,f18,f26	 f18:0x4f7fffff f26:0xde576c27 f15=0xee576c26
     448575.000 ns	     44856	8000902c	000ed813	srli	x16,x29,0x0	 x29:0xfffff909 x16=0xfffff909
     448615.000 ns	     44860	80009030	09e14553	fsub.s	f10,f2,f30	  f2:0x3f800000 f30:0x5f9a9aea f10=0xdf9a9aea
     448645.000 ns	     44863	80009034	03f37a33	remu	x20,x6,x31	  x6:0x00000001 x31:0x00000000 x20=0x00000001
     448675.000 ns	     44866	80009038	f00885d3	fmv.w.x	f11,x17	 x17:0x80040fe4 f11=0x80040fe4
     448705.000 ns	     44869	8000903c	29dd9ed3	fmax.s	f29,f27,f29	 f27:0x3f800000 f29:0x00000000 f29=0x3f800000
     448755.000 ns	     44874	80009040	09d72fd3	fsub.s	f31,f14,f29	 f14:0x3f7fffae f29:0x00000000 f31=0xb6a40000
     448785.000 ns	     44877	80009044	026cbab3	mulhu	x21,x25,x6	 x25:0x77c80111  x6:0x00000001 x21=0x00000000
     448805.000 ns	     44879	80009048	bf5b0413	addi	x8,x22,-1035	 x22:0x00000003  x8=0xfffffbf8
     448815.000 ns	     44880	8000904c	ccebb217	auipc	x4,0xccebb	  x4=0x4cec404c
     448825.000 ns	     44881	80009050	00000013	addi	x0,x0,0	  x0:0x00000000
     448835.000 ns	     44882	80009054	a849bf93	sltiu	x31,x19,-1404	 x19:0x00000000 x31=0x00000001
     448845.000 ns	     44883	80009058	f2518f13	addi	x30,x3,-219	  x3:0x7fffffff x30=0x7fffff24
     448855.000 ns	     44884	8000905c	01498ab3	add	x21,x19,x20	 x19:0x00000000 x20:0x00000001 x21=0x00000001
     448875.000 ns	     44886	80009060	a05a8453	fle.s	x8,f21,f5	 f21:0xcf7fffff  f5:0x3f800000  x8=0x00000001
     448915.000 ns	     44890	80009064	116133d3	fmul.s	f7,f2,f22	  f2:0x3f800000 f22:0x3fa00104  f7=0x3fa00104
     448945.000 ns	     44893	80009068	e00f15d3	fclass.s	x11,f30	 f30:0x5f9a9aea x11=0x00000040
     448975.000 ns	     44896	8000906c	21d48153	fsgnj.s	f2,f9,f29	  f9:0xff800000 f29:0x3f800000  f2=0x7f800000
     448995.000 ns	     44898	80009070	130fa013	slti	x0,x31,304	 x31:0x00000001
     450165.000 ns	     45015	80009074	580b1a53	fsqrt.s	f20,f22	 f22:0x3fa00104 f20=0x3f8f1c04
     450195.000 ns	     45018	80009078	02958bb3	mul	x23,x11,x9	 x11:0x00000040  x9:0x00000000 x23=0x00000000
     450215.000 ns	     45020	8000907c	9d680e93	addi	x29,x16,-1578	 x16:0xfffff909 x29=0xfffff2df
     450575.000 ns	     45056	80009080	034cdcb3	divu	x25,x25,x20	 x25:0x77c80111 x20:0x00000001 x25=0x77c80111
     450945.000 ns	     45093	80009084	0304d433	divu	x8,x9,x16	  x9:0x00000000 x16:0xfffff909  x8=0x00000000
     450965.000 ns	     45095	80009088	008e9933	sll	x18,x29,x8	 x29:0xfffff2df  x8:0x00000001 x18=0xfffff2df
     450975.000 ns	     45096	8000908c	409388b3	sub	x17,x7,x9	  x7:0x00000001  x9:0x00000000 x17=0x00000001
     450995.000 ns	     45098	80009090	d007ab53	fcvt.s.w	f22,x15	 x15:0x77c8048e f22=0x4eef900a
     451015.000 ns	     45100	80009094	01b28933	add	x18,x5,x27	  x5:0x00000001 x27:0x80041024 x18=0x80041025
     451045.000 ns	     45103	80009098	10568053	fmul.s	f0,f13,f5	 f13:0x00000000  f5:0x3f800000  f0=0x00000000
     451415.000 ns	     45140	8000909c	03bd5733	divu	x14,x26,x27	 x26:0x80040fe4 x27:0x80041024 x14=0x00000000
     451435.000 ns	     45142	800090a0	c90d6093	ori	x1,x26,-880	 x26:0x80040fe4  x1=0xfffffff4
     451445.000 ns	     45143	800090a4	0187cb33	xor	x22,x15,x24	 x15:0x77c8048e x24:0x00000000 x22=0x77c8048e
     451805.000 ns	     45179	800090a8	031564b3	rem	x9,x10,x17	 x10:0x00000001 x17:0x00000001  x9=0x00000000
     451835.000 ns	     45182	800090ac	a0228bd3	fle.s	x23,f5,f2	  f5:0x3f800000  f2:0x7f800000 x23=0x00000001
     451865.000 ns	     45185	800090b0	e00b10d3	fclass.s	x1,f22	 f22:0x4eef900a  x1=0x00000040
     451905.000 ns	     45189	800090b4	1109c553	fmul.s	f10,f19,f16	 f19:0xde576c27 f16:0xcf7fffff f10=0x6e576c26
     451935.000 ns	     45192	800090b8	21e8a053	fsgnjx.s	f0,f17,f30	 f17:0x93131dac f30:0x5f9a9aea  f0=0x93131dac
     451965.000 ns	     45195	800090bc	d0120653	fcvt.s.wu	f12,x4	  x4:0x4cec404c f12=0x4e99d881
     451995.000 ns	     45198	800090c0	c00a76d3	fcvt.w.s	x13,f20	 f20:0x3f8f1c04 x13=0x00000001
     452025.000 ns	     45201	800090c4	c006f753	fcvt.w.s	x14,f13	 f13:0x00000000 x14=0x00000000
     452055.000 ns	     45204	800090c8	c00d7653	fcvt.w.s	x12,f26	 f26:0xde576c27 x12=0x80000000
     452075.000 ns	     45206	800090cc	ede7c113	xori	x2,x15,-290	 x15:0x77c8048e  x2=0x8837fa50
     452405.000 ns	     45239	800090d0	19a81cd3	fdiv.s	f25,f16,f26	 f16:0xcf7fffff f26:0xde576c27 f25=0x30800000
     452425.000 ns	     45241	800090d4	01685093	srli	x1,x16,0x16	 x16:0xfffff909  x1=0x000003ff
     452435.000 ns	     45242	800090d8	00a8b0b3	sltu	x1,x17,x10	 x17:0x00000001 x10:0x00000001  x1=0x00000000
     452445.000 ns	     45243	800090dc	00faf8b3	and	x17,x21,x15	 x21:0x00000001 x15:0x77c8048e x17=0x00000000
     452465.000 ns	     45245	800090e0	028dfab3	remu	x21,x27,x8	 x27:0x80041024  x8:0x00000000 x21=0x80041024
     452505.000 ns	     45249	800090e4	11b63053	fmul.s	f0,f12,f27	 f12:0x4e99d881 f27:0x3f800000  f0=0x4e99d882
     452535.000 ns	     45252	800090e8	0315d2b3	divu	x5,x11,x17	 x11:0x00000040 x17:0x00000000  x5=0xffffffff
     452555.000 ns	     45254	800090ec	0003f2b3	and	x5,x7,x0	  x7:0x00000001  x0:0x00000000  x5=0x00000000
     452565.000 ns	     45255	800090f0	41655f13	srai	x30,x10,0x16	 x10:0x00000001 x30=0x00000000
     452925.000 ns	     45291	800090f4	034edab3	divu	x21,x29,x20	 x29:0xfffff2df x20:0x00000001 x21=0xfffff2df
     452955.000 ns	     45294	800090f8	c016f1d3	fcvt.wu.s	x3,f13	 f13:0x00000000  x3=0x00000000
     452985.000 ns	     45297	800090fc	d0141cd3	fcvt.s.wu	f25,x8	  x8:0x00000000 f25=0x00000000
     453005.000 ns	     45299	80009100	00205913	srli	x18,x0,0x2	  x0:0x00000000 x18=0x00000000
     453025.000 ns	     45301	80009104	e00b9fd3	fclass.s	x31,f23	 f23:0x5edaa46a x31=0x00000040
     453075.000 ns	     45306	80009108	087f72d3	fsub.s	f5,f30,f7	 f30:0x5f9a9aea  f7:0x3fa00104  f5=0x5f9a9aea
     453095.000 ns	     45308	8000910c	018460b3	or	x1,x8,x24	  x8:0x00000000 x24:0x00000000  x1=0x00000000
     453455.000 ns	     45344	80009110	035bcbb3	div	x23,x23,x21	 x23:0x00000001 x21:0xfffff2df x23=0x00000000
     453505.000 ns	     45349	80009114	09dfa8d3	fsub.s	f17,f31,f29	 f31:0xb6a40000 f29:0x3f800000 f17=0xbf800029
     453535.000 ns	     45352	80009118	d00f7a53	fcvt.s.w	f20,x30	 x30:0x00000000 f20=0x00000000
     453575.000 ns	     45356	8000911c	104df753	fmul.s	f14,f27,f4	 f27:0x3f800000  f4:0x00000000 f14=0x00000000
     453595.000 ns	     45358	80009120	4f4eb313	sltiu	x6,x29,1268	 x29:0xfffff2df  x6=0x00000000
     453605.000 ns	     45359	80009124	017936b3	sltu	x13,x18,x23	 x18:0x00000000 x23:0x00000000 x13=0x00000000
     453615.000 ns	     45360	80009128	db2c8513	addi	x10,x25,-590	 x25:0x77c80111 x10=0x77c7fec3
     453635.000 ns	     45362	8000912c	02ca2733	mulhsu	x14,x20,x12	 x20:0x00000001 x12:0x80000000 x14=0x00000000
     453665.000 ns	     45365	80009130	d01ef153	fcvt.s.wu	f2,x29	 x29:0xfffff2df  f2=0x4f7ffff2
     453695.000 ns	     45368	80009134	21822453	fsgnjx.s	f8,f4,f24	  f4:0x00000000 f24:0x3f800000  f8=0x00000000
     453715.000 ns	     45370	80009138	00460cb3	add	x25,x12,x4	 x12:0x80000000  x4:0x4cec404c x25=0xccec404c
     454075.000 ns	     45406	8000913c	024ce933	rem	x18,x25,x4	 x25:0x77c80111  x4:0x4cec404c x18=0xccec404c
     454105.000 ns	     45409	80009140	02e6a2b3	mulhsu	x5,x13,x14	 x13:0x00000000 x14:0x00000000  x5=0x00000000
     454125.000 ns	     45411	80009144	b38af9b7	lui	x19,0xb38af	 x19=0xb38af000
     454145.000 ns	     45413	80009148	a12e2bd3	feq.s	x23,f28,f18	 f28:0x7f1a9ae9 f18:0x4f7fffff x23=0x00000000
     454165.000 ns	     45415	8000914c	01e124b3	slt	x9,x2,x30	  x2:0x8837fa50 x30:0x00000000  x9=0x00000001
     454495.000 ns	     45448	80009150	19164953	fdiv.s	f18,f12,f17	 f12:0x4e99d881 f17:0xbf800029 f18=0xce1f1a02
     454515.000 ns	     45450	80009154	01aadcb3	srl	x25,x21,x26	 x21:0xfffff2df x26:0x80040fe4 x25=0x0fffff2d
     454535.000 ns	     45452	80009158	a0332953	feq.s	x18,f6,f3	  f6:0x00000000  f3:0xcf000410 x18=0x00000000
     454555.000 ns	     45454	8000915c	01b331b3	sltu	x3,x6,x27	  x6:0x00000000 x27:0x80041024  x3=0x00000001
     454595.000 ns	     45458	80009160	00109653	fadd.s	f12,f1,f1	  f1:0x3e800410  f1:0x3e800410 f12=0x3f000410
     454625.000 ns	     45461	80009164	e0061fd3	fclass.s	x31,f12	 f12:0x4e99d881 x31=0x00000040
     454645.000 ns	     45463	80009168	44ab0a37	lui	x20,0x44ab0	 x20=0x44ab0000
     454665.000 ns	     45465	8000916c	28ee1253	fmax.s	f4,f28,f14	 f28:0x7f1a9ae9 f14:0x00000000  f4=0x7f1a9ae9
     455035.000 ns	     45502	80009170	022edc33	divu	x24,x29,x2	 x29:0xfffff2df  x2:0x8837fa50 x24=0x00000001
     455065.000 ns	     45505	80009174	c0002953	fcvt.w.s	x18,f0	  f0:0x4e99d882 x18=0x4cec4100
     455085.000 ns	     45507	80009178	41d3d0b3	sra	x1,x7,x29	  x7:0x00000001 x29:0xfffff2df  x1=0x00000000
     455105.000 ns	     45509	8000917c	037cefb3	rem	x31,x25,x23	 x25:0x0fffff2d x23:0x00000000 x31=0x0fffff2d
     455145.000 ns	     45513	80009180	10e41cd3	fmul.s	f25,f8,f14	  f8:0x00000000 f14:0x00000000 f25=0x00000000
     455165.000 ns	     45515	80009184	000d0c33	add	x24,x26,x0	 x26:0x80040fe4  x0:0x00000000 x24=0x80040fe4
     455185.000 ns	     45517	80009188	a10002d3	fle.s	x5,f0,f16	  f0:0x4e99d882 f16:0xcf7fffff  x5=0x00000000
     455205.000 ns	     45519	8000918c	949f7213	andi	x4,x30,-1719	 x30:0x00000000  x4=0x00000000
     455235.000 ns	     45522	80009190	5801a8d3	fsqrt.s	f17,f3	  f3:0xcf000410 f17=0x7fc00000
     455255.000 ns	     45524	80009194	ef9dea93	ori	x21,x27,-263	 x27:0x80041024 x21=0xfffffefd
     455265.000 ns	     45525	80009198	aa1af8b7	lui	x17,0xaa1af	 x17=0xaa1af000
     455275.000 ns	     45526	8000919c	00ea1313	slli	x6,x20,0xe	 x20:0x44ab0000  x6=0xc0000000
     455295.000 ns	     45528	800091a0	20e42c53	fsgnjx.s	f24,f8,f14	  f8:0x00000000 f14:0x00000000 f24=0x00000000
     455315.000 ns	     45530	800091a4	00b19c93	slli	x25,x3,0xb	  x3:0x00000001 x25=0x00000800
     455325.000 ns	     45531	800091a8	00805a33	srl	x20,x0,x8	  x0:0x00000000  x8:0x00000000 x20=0x00000000
     455345.000 ns	     45533	800091ac	036881b3	mul	x3,x17,x22	 x17:0xaa1af000 x22:0x77c8048e  x3=0x46b12000
     455365.000 ns	     45535	800091b0	00fb1293	slli	x5,x22,0xf	 x22:0x77c8048e  x5=0x02470000
     455375.000 ns	     45536	800091b4	c04ce113	ori	x2,x25,-1020	 x25:0x00000800  x2=0xfffffc04
     455395.000 ns	     45538	800091b8	d004f6d3	fcvt.s.w	f13,x9	  x9:0x00000001 f13=0x3f800000
     455415.000 ns	     45540	800091bc	300be893	ori	x17,x23,768	 x23:0x00000000 x17=0x00000300
     455425.000 ns	     45541	800091c0	824c8e13	addi	x28,x25,-2012	 x25:0x00000800 x28=0x00000024
     455445.000 ns	     45543	800091c4	e00d8153	fmv.x.w	x2,f27	 f27:0x3f800000  x2=0x3f800000
     456375.000 ns	     45636	800091c8	5802c5d3	fsqrt.s	f11,f5	  f5:0x5f9a9aea f11=0x4f8cac9a
     456395.000 ns	     45638	800091cc	2fd00f13	addi	x30,x0,765	  x0:0x00000000 x30=0x000002fd
     456415.000 ns	     45640	800091d0	21e885d3	fsgnj.s	f11,f17,f30	 f17:0x7fc00000 f30:0x5f9a9aea f11=0x7fc00000
     456445.000 ns	     45643	800091d4	e00793d3	fclass.s	x7,f15	 f15:0xee576c26  x7=0x00000002
     456465.000 ns	     45645	800091d8	40a1d533	sra	x10,x3,x10	  x3:0x46b12000 x10:0x77c7fec3 x10=0x08d62400
     456485.000 ns	     45647	800091dc	a1a52a53	feq.s	x20,f10,f26	 f10:0x6e576c26 f26:0xde576c27 x20=0x00000000
     456505.000 ns	     45649	800091e0	00631a33	sll	x20,x6,x6	  x6:0xc0000000  x6:0xc0000000 x20=0xc0000000
     456535.000 ns	     45652	800091e4	11fe8b53	fmul.s	f22,f29,f31	 f29:0x3f800000 f31:0xb6a40000 f22=0xb6a40000
     456565.000 ns	     45655	800091e8	d00e8953	fcvt.s.w	f18,x29	 x29:0xfffff2df f18=0xc5521000
     456595.000 ns	     45658	800091ec	d00740d3	fcvt.s.w	f1,x14	 x14:0x00000000  f1=0x00000000
     456625.000 ns	     45661	800091f0	c0177cd3	fcvt.wu.s	x25,f14	 f14:0x00000000 x25=0x00000000
     456655.000 ns	     45664	800091f4	c0171453	fcvt.wu.s	x8,f14	 f14:0x00000000  x8=0x00000000
     456675.000 ns	     45666	800091f8	736174b7	lui	x9,0x73617	  x9=0x73617000
     456715.000 ns	     45670	800091fc	08d4fed3	fsub.s	f29,f9,f13	  f9:0xff800000 f13:0x3f800000 f29=0xff800000
     457055.000 ns	     45704	80009200	19e910d3	fdiv.s	f1,f18,f30	 f18:0xc5521000 f30:0x5f9a9aea  f1=0xa4d21000
     457105.000 ns	     45709	80009204	012941d3	fadd.s	f3,f18,f18	 f18:0xc5521000 f18:0xc5521000  f3=0xc5d21000
     457135.000 ns	     45712	80009208	03e6b3b3	mulhu	x7,x13,x30	 x13:0x00000000 x30:0x000002fd  x7=0x00000000
     457155.000 ns	     45714	8000920c	98786813	ori	x16,x16,-1657	 x16:0xfffff909 x16=0xfffff98f
     457175.000 ns	     45716	80009210	02433c33	mulhu	x24,x6,x4	  x6:0xc0000000  x4:0x00000000 x24=0x00000000
     457205.000 ns	     45719	80009214	21fa8fd3	fsgnj.s	f31,f21,f31	 f21:0xcf7fffff f31:0xb6a40000 f31=0xcf7fffff
     457225.000 ns	     45721	80009218	01042933	slt	x18,x8,x16	  x8:0x00000000 x16:0xfffff98f x18=0x00000000
     457245.000 ns	     45723	8000921c	a1b114d3	flt.s	x9,f2,f27	  f2:0x4f7ffff2 f27:0x3f800000  x9=0x00000000
     457615.000 ns	     45760	80009220	03bbc833	div	x16,x23,x27	 x23:0x00000000 x27:0x80041024 x16=0x00000000
     457635.000 ns	     45762	80009224	63f83193	sltiu	x3,x16,1599	 x16:0xfffff98f  x3=0x00000001
     457655.000 ns	     45764	80009228	c00a1bd3	fcvt.w.s	x23,f20	 f20:0x00000000 x23=0x00000000
     457675.000 ns	     45766	8000922c	01c3b033	sltu	x0,x7,x28	  x7:0x00000000 x28:0x00000024
     457685.000 ns	     45767	80009230	fa308313	addi	x6,x1,-93	  x1:0x00000000  x6=0xffffffa3
     457695.000 ns	     45768	80009234	006c38b3	sltu	x17,x24,x6	 x24:0x00000000  x6:0xc0000000 x17=0x00000001
     457715.000 ns	     45770	80009238	02d70533	mul	x10,x14,x13	 x14:0x00000000 x13:0x00000000 x10=0x00000000
     458085.000 ns	     45807	8000923c	03c159b3	divu	x19,x2,x28	  x2:0x3f800000 x28:0x00000024 x19=0x01c38e38
     458115.000 ns	     45810	80009240	a16312d3	flt.s	x5,f6,f22	  f6:0x00000000 f22:0xb6a40000  x5=0x00000000
     458485.000 ns	     45847	80009244	03f25cb3	divu	x25,x4,x31	  x4:0x00000000 x31:0x0fffff2d x25=0x00000000
     458515.000 ns	     45850	80009248	e0029453	fclass.s	x8,f5	  f5:0x5f9a9aea  x8=0x00000040
     458565.000 ns	     45855	8000924c	09ec8ad3	fsub.s	f21,f25,f30	 f25:0x00000000 f30:0x5f9a9aea f21=0xdf9a9aea
     458595.000 ns	     45858	80009250	20130553	fsgnj.s	f10,f6,f1	  f6:0x00000000  f1:0xa4d21000 f10=0x80000000
     458615.000 ns	     45860	80009254	00000013	addi	x0,x0,0	  x0:0x00000000
     458655.000 ns	     45864	80009258	0082cf53	fadd.s	f30,f5,f8	  f5:0x5f9a9aea  f8:0x00000000 f30=0x5f9a9aea
     458675.000 ns	     45866	8000925c	d0a2ca37	lui	x20,0xd0a2c	 x20=0xd0a2c000
     458695.000 ns	     45868	80009260	a054a8d3	feq.s	x17,f9,f5	  f9:0xff800000  f5:0x5f9a9aea x17=0x00000000
     458725.000 ns	     45871	80009264	038c20b3	mulhsu	x1,x24,x24	 x24:0x00000000 x24:0x00000000  x1=0x00000000
     458745.000 ns	     45873	80009268	6ce18013	addi	x0,x3,1742	  x3:0x00000001
     458755.000 ns	     45874	8000926c	0013c533	xor	x10,x7,x1	  x7:0x00000000  x1:0x00000000 x10=0x00000000
     458765.000 ns	     45875	80009270	35842913	slti	x18,x8,856	  x8:0x00000040 x18=0x00000001
     459095.000 ns	     45908	80009274	1849fed3	fdiv.s	f29,f19,f4	 f19:0xde576c27  f4:0x7f1a9ae9 f29=0xff800000
     459115.000 ns	     45910	80009278	6e43f593	andi	x11,x7,1764	  x7:0x00000000 x11=0x00000000
     459125.000 ns	     45911	8000927c	019fa3b3	slt	x7,x31,x25	 x31:0x0fffff2d x25:0x00000000  x7=0x00000000
     459135.000 ns	     45912	80009280	40455313	srai	x6,x10,0x4	 x10:0x00000000  x6=0x00000000
     459145.000 ns	     45913	80009284	013d96b3	sll	x13,x27,x19	 x27:0x80041024 x19:0x01c38e38 x13=0x24000000
     459155.000 ns	     45914	80009288	01b68633	add	x12,x13,x27	 x13:0x00000000 x27:0x80041024 x12=0xa4041024
     459165.000 ns	     45915	8000928c	4056de33	sra	x28,x13,x5	 x13:0x00000000  x5:0x00000000 x28=0x24000000
     459185.000 ns	     45917	80009290	a1950153	fle.s	x2,f10,f25	 f10:0x80000000 f25:0x00000000  x2=0x00000001
     459215.000 ns	     45920	80009294	21a428d3	fsgnjx.s	f17,f8,f26	  f8:0x00000000 f26:0xde576c27 f17=0x80000000
     459245.000 ns	     45923	80009298	0327b8b3	mulhu	x17,x15,x18	 x15:0x77c8048e x18:0x00000001 x17=0x00000000
     459265.000 ns	     45925	8000929c	00369913	slli	x18,x13,0x3	 x13:0x24000000 x18=0x20000000
     459275.000 ns	     45926	800092a0	017491b3	sll	x3,x9,x23	  x9:0x00000000 x23:0x00000000  x3=0x00000000
     459285.000 ns	     45927	800092a4	b55e7297	auipc	x5,0xb55e7	  x5=0x355f02a4
     459305.000 ns	     45929	800092a8	20071553	fsgnjn.s	f10,f14,f0	 f14:0x00000000  f0:0x4e99d882 f10=0x80000000
     459325.000 ns	     45931	800092ac	e7b58a13	addi	x20,x11,-389	 x11:0x00000000 x20=0xfffffe7b
     459345.000 ns	     45933	800092b0	a0188fd3	fle.s	x31,f17,f1	 f17:0x80000000  f1:0xa4d21000 x31=0x00000000
     459375.000 ns	     45936	800092b4	a1c513d3	flt.s	x7,f10,f28	 f10:0x80000000 f28:0x7f1a9ae9  x7=0x00000001
     459395.000 ns	     45938	800092b8	0063a533	slt	x10,x7,x6	  x7:0x00000000  x6:0x00000000 x10=0x00000000
     459405.000 ns	     45939	800092bc	009d5833	srl	x16,x26,x9	 x26:0x80040fe4  x9:0x00000000 x16=0x80040fe4
     459425.000 ns	     45941	800092c0	d0040653	fcvt.s.w	f12,x8	  x8:0x00000040 f12=0x42800000
     459445.000 ns	     45943	800092c4	2ece0b13	addi	x22,x28,748	 x28:0x24000000 x22=0x240002ec
     459465.000 ns	     45945	800092c8	021d5333	divu	x6,x26,x1	 x26:0x80040fe4  x1:0x00000000  x6=0xffffffff
     459495.000 ns	     45948	800092cc	d009fb53	fcvt.s.w	f22,x19	 x19:0x01c38e38 f22=0x4be1c71c
     459525.000 ns	     45951	800092d0	0242e6b3	rem	x13,x5,x4	  x5:0x355f02a4  x4:0x00000000 x13=0x355f02a4
     459545.000 ns	     45953	800092d4	412c89b3	sub	x19,x25,x18	 x25:0x00000000 x18:0x20000000 x19=0xe0000000
     459555.000 ns	     45954	800092d8	ee402593	slti	x11,x0,-284	  x0:0x00000000 x11=0x00000000
     459565.000 ns	     45955	800092dc	405659b3	sra	x19,x12,x5	 x12:0xa4041024  x5:0x355f02a4 x19=0xfa404102
     459585.000 ns	     45957	800092e0	02b83b33	mulhu	x22,x16,x11	 x16:0x80040fe4 x11:0x00000000 x22=0x00000000
     459615.000 ns	     45960	800092e4	f0088753	fmv.w.x	f14,x17	 x17:0x00000000 f14=0x00000000
     459655.000 ns	     45964	800092e8	19fa1753	fdiv.s	f14,f20,f31	 f20:0x00000000 f31:0xcf7fffff f14=0x80000000
     459685.000 ns	     45967	800092ec	e0021853	fclass.s	x16,f4	  f4:0x7f1a9ae9 x16=0x00000040
     459735.000 ns	     45972	800092f0	0879fa53	fsub.s	f20,f19,f7	 f19:0xde576c27  f7:0x3fa00104 f20=0xde576c27
     459775.000 ns	     45976	800092f4	11acfad3	fmul.s	f21,f25,f26	 f25:0x00000000 f26:0xde576c27 f21=0x80000000
     459795.000 ns	     45978	800092f8	00f86333	or	x6,x16,x15	 x16:0x00000040 x15:0x77c8048e  x6=0x77c804ce
     459815.000 ns	     45980	800092fc	03928133	mul	x2,x5,x25	  x5:0x355f02a4 x25:0x00000000  x2=0x00000000
     459845.000 ns	     45983	80009300	c00df153	fcvt.w.s	x2,f27	 f27:0x3f800000  x2=0x00000001
     461025.000 ns	     46101	80009304	58067953	fsqrt.s	f18,f12	 f12:0x42800000 f18=0x40ffffae
     461045.000 ns	     46103	80009308	40655f93	srai	x31,x10,0x6	 x10:0x00000000 x31=0x00000000
     461055.000 ns	     46104	8000930c	00816133	or	x2,x2,x8	  x2:0x00000001  x8:0x00000040  x2=0x00000041
     461065.000 ns	     46105	80009310	01d8c5b3	xor	x11,x17,x29	 x17:0x00000000 x29:0xfffff2df x11=0xfffff2df
     461085.000 ns	     46107	80009314	022f3f33	mulhu	x30,x30,x2	 x30:0x000002fd  x2:0x00000001 x30=0x00000000
     461105.000 ns	     46109	80009318	4112d713	srai	x14,x5,0x11	  x5:0x355f02a4 x14=0x00001aaf
     461115.000 ns	     46110	8000931c	40e0dc93	srai	x25,x1,0xe	  x1:0x00000000 x25=0x00000000
     461125.000 ns	     46111	80009320	416f5f93	srai	x31,x30,0x16	 x30:0x00000000 x31=0x00000000
     461165.000 ns	     46115	80009324	004770d3	fadd.s	f1,f14,f4	 f14:0x80000000  f4:0x7f1a9ae9  f1=0x7f1a9ae9
     461195.000 ns	     46118	80009328	038560b3	rem	x1,x10,x24	 x10:0x00000000 x24:0x00000000  x1=0x00000000
     461225.000 ns	     46121	8000932c	03f5c233	div	x4,x11,x31	 x11:0xfffff2df x31:0x00000000  x4=0xffffffff
     461245.000 ns	     46123	80009330	0168d433	srl	x8,x17,x22	 x17:0x00000000 x22:0x00000000  x8=0x00000000
     461275.000 ns	     46126	80009334	19ddf0d3	fdiv.s	f1,f27,f29	 f27:0x3f800000 f29:0xff800000  f1=0x80000000
     461305.000 ns	     46129	80009338	a0519153	flt.s	x2,f3,f5	  f3:0xc5d21000  f5:0x5f9a9aea  x2=0x00000001
     461325.000 ns	     46131	8000933c	01086eb3	or	x29,x16,x16	 x16:0x00000040 x16:0x00000040 x29=0x00000040
     461345.000 ns	     46133	80009340	0369d4b3	divu	x9,x19,x22	 x19:0xfa404102 x22:0x00000000  x9=0xffffffff
     461375.000 ns	     46136	80009344	a1698653	fle.s	x12,f19,f22	 f19:0xde576c27 f22:0x4be1c71c x12=0x00000001
     461405.000 ns	     46139	80009348	a1cdaed3	feq.s	x29,f27,f28	 f27:0x3f800000 f28:0x7f1a9ae9 x29=0x00000000
     461435.000 ns	     46142	8000934c	021295b3	mulh	x11,x5,x1	  x5:0x355f02a4  x1:0x00000000 x11=0x00000000
     461475.000 ns	     46146	80009350	10fa0053	fmul.s	f0,f20,f15	 f20:0xde576c27 f15:0xee576c26  f0=0x7f800000
     461505.000 ns	     46149	80009354	f00b8153	fmv.w.x	f2,x23	 x23:0x00000000  f2=0x00000000
     461535.000 ns	     46152	80009358	036dfbb3	remu	x23,x27,x22	 x27:0x80041024 x22:0x00000000 x23=0x80041024
     461555.000 ns	     46154	8000935c	0051e433	or	x8,x3,x5	  x3:0x00000000  x5:0x355f02a4  x8=0x355f02a4
     461565.000 ns	     46155	80009360	41fddcb3	sra	x25,x27,x31	 x27:0x80041024 x31:0x00000000 x25=0x80041024
     461575.000 ns	     46156	80009364	01f64233	xor	x4,x12,x31	 x12:0x00000001 x31:0x00000000  x4=0x00000001
     461585.000 ns	     46157	80009368	cfdd3a93	sltiu	x21,x26,-771	 x26:0x80040fe4 x21=0x00000001
     461595.000 ns	     46158	8000936c	9b893c13	sltiu	x24,x18,-1608	 x18:0x20000000 x24=0x00000001
     461955.000 ns	     46194	80009370	0286d9b3	divu	x19,x13,x8	 x13:0x355f02a4  x8:0x355f02a4 x19=0x00000001
     461975.000 ns	     46196	80009374	011b8a33	add	x20,x23,x17	 x23:0x80041024 x17:0x00000000 x20=0x80041024
     461995.000 ns	     46198	80009378	a1d40353	fle.s	x6,f8,f29	  f8:0x00000000 f29:0xff800000  x6=0x00000000
     462025.000 ns	     46201	8000937c	03e1b533	mulhu	x10,x3,x30	  x3:0x00000000 x30:0x00000000 x10=0x00000000
     462045.000 ns	     46203	80009380	01bb62b3	or	x5,x22,x27	 x22:0x00000000 x27:0x80041024  x5=0x80041024
     462055.000 ns	     46204	80009384	00a7d513	srli	x10,x15,0xa	 x15:0x77c8048e x10=0x001df201
     462065.000 ns	     46205	80009388	66aec893	xori	x17,x29,1642	 x29:0x00000000 x17=0x0000066a
     462085.000 ns	     46207	8000938c	a09e95d3	flt.s	x11,f29,f9	 f29:0xff800000  f9:0xff800000 x11=0x00000000
     462105.000 ns	     46209	80009390	016cde13	srli	x28,x25,0x16	 x25:0x80041024 x28=0x00000200
     462115.000 ns	     46210	80009394	39616f13	ori	x30,x2,918	  x2:0x00000001 x30=0x00000397
     462135.000 ns	     46212	80009398	21da1c53	fsgnjn.s	f24,f20,f29	 f20:0xde576c27 f29:0xff800000 f24=0x5e576c27
     462155.000 ns	     46214	8000939c	4037d8b3	sra	x17,x15,x3	 x15:0x77c8048e  x3:0x00000000 x17=0x77c8048e
     462165.000 ns	     46215	800093a0	0079da13	srli	x20,x19,0x7	 x19:0x00000001 x20=0x00000000
     462185.000 ns	     46217	800093a4	20830a53	fsgnj.s	f20,f6,f8	  f6:0x00000000  f8:0x00000000 f20=0x00000000
     462555.000 ns	     46254	800093a8	0259c2b3	div	x5,x19,x5	 x19:0x00000001  x5:0x80041024  x5=0x00000000
     462585.000 ns	     46257	800093ac	03853933	mulhu	x18,x10,x24	 x10:0x001df201 x24:0x00000001 x18=0x00000000
     462605.000 ns	     46259	800093b0	007e74b3	and	x9,x28,x7	 x28:0x00000200  x7:0x00000001  x9=0x00000000
     462615.000 ns	     46260	800093b4	006b8833	add	x16,x23,x6	 x23:0x80041024  x6:0x00000000 x16=0x80041024
     462625.000 ns	     46261	800093b8	00000013	addi	x0,x0,0	  x0:0x00000000
     462645.000 ns	     46263	800093bc	c005f353	fcvt.w.s	x6,f11	 f11:0x7fc00000  x6=0x7fffffff
     462675.000 ns	     46266	800093c0	d01e7e53	fcvt.s.wu	f28,x28	 x28:0x00000200 f28=0x44000000
     462705.000 ns	     46269	800093c4	f0090d53	fmv.w.x	f26,x18	 x18:0x00000000 f26=0x00000000
     462735.000 ns	     46272	800093c8	a0dd0853	fle.s	x16,f26,f13	 f26:0xde576c27 f13:0x3f800000 x16=0x00000001
     462755.000 ns	     46274	800093cc	24777893	andi	x17,x14,583	 x14:0x00001aaf x17=0x00000207
     462775.000 ns	     46276	800093d0	28200153	fmin.s	f2,f0,f2	  f0:0x7f800000  f2:0x00000000  f2=0x00000000
     462795.000 ns	     46278	800093d4	017e5233	srl	x4,x28,x23	 x28:0x00000200 x23:0x80041024  x4=0x00000020
     462805.000 ns	     46279	800093d8	00cf18b3	sll	x17,x30,x12	 x30:0x00000397 x12:0x00000001 x17=0x0000072e
     462825.000 ns	     46281	800093dc	a0b782d3	fle.s	x5,f15,f11	 f15:0xee576c26 f11:0x7fc00000  x5=0x00000000
     462855.000 ns	     46284	800093e0	a03a0fd3	fle.s	x31,f20,f3	 f20:0x00000000  f3:0xc5d21000 x31=0x00000000
     462875.000 ns	     46286	800093e4	00e564b3	or	x9,x10,x14	 x10:0x001df201 x14:0x00001aaf  x9=0x001dfaaf
     462895.000 ns	     46288	800093e8	219f9ad3	fsgnjn.s	f21,f31,f25	 f31:0xcf7fffff f25:0x00000000 f21=0xcf7fffff
     462915.000 ns	     46290	800093ec	fa5b6517	auipc	x10,0xfa5b6	 x10=0x7a5bf3ec
     462925.000 ns	     46291	800093f0	40d3d293	srai	x5,x7,0xd	  x7:0x00000001  x5=0x00000000
     462945.000 ns	     46293	800093f4	02473b33	mulhu	x22,x14,x4	 x14:0x00001aaf  x4:0x00000020 x22=0x00000000
     462965.000 ns	     46295	800093f8	6292a013	slti	x0,x5,1577	  x5:0x00000000
     462975.000 ns	     46296	800093fc	0011a4b3	slt	x9,x3,x1	  x3:0x00000000  x1:0x00000000  x9=0x00000000
     462995.000 ns	     46298	80009400	c01d0ed3	fcvt.wu.s	x29,f26	 f26:0x00000000 x29=0x00000000
     463025.000 ns	     46301	80009404	d01ba9d3	fcvt.s.wu	f19,x23	 x23:0x80041024 f19=0x4f000411
     463055.000 ns	     46304	80009408	020994b3	mulh	x9,x19,x0	 x19:0x00000001  x0:0x00000000  x9=0x00000000
     463075.000 ns	     46306	8000940c	01c85eb3	srl	x29,x16,x28	 x16:0x00000001 x28:0x00000200 x29=0x00000001
     463095.000 ns	     46308	80009410	032a41b3	div	x3,x20,x18	 x20:0x00000000 x18:0x00000000  x3=0xffffffff
     463115.000 ns	     46310	80009414	01028c33	add	x24,x5,x16	  x5:0x00000000 x16:0x00000001 x24=0x00000001
     463135.000 ns	     46312	80009418	29640ed3	fmin.s	f29,f8,f22	  f8:0x00000000 f22:0x4be1c71c f29=0x00000000
     463175.000 ns	     46316	8000941c	58017153	fsqrt.s	f2,f2	  f2:0x00000000  f2=0x00000000
     463195.000 ns	     46318	80009420	0047c8b3	xor	x17,x15,x4	 x15:0x77c8048e  x4:0x00000020 x17=0x77c804ae
     463555.000 ns	     46354	80009424	02c7dfb3	divu	x31,x15,x12	 x15:0x77c8048e x12:0x00000001 x31=0x77c8048e
     463925.000 ns	     46391	80009428	02cb4c33	div	x24,x22,x12	 x22:0x00000000 x12:0x00000001 x24=0x00000000
     463965.000 ns	     46395	8000942c	18400853	fdiv.s	f16,f0,f4	  f0:0x7f800000  f4:0x7f1a9ae9 f16=0x7f800000
     463995.000 ns	     46398	80009430	03ec88b3	mul	x17,x25,x30	 x25:0x80041024 x30:0x00000397 x17=0x8e95f13c
     464025.000 ns	     46401	80009434	d00234d3	fcvt.s.w	f9,x4	  x4:0x00000020  f9=0x42000000
     464055.000 ns	     46404	80009438	200b85d3	fsgnj.s	f11,f23,f0	 f23:0x5edaa46a  f0:0x7f800000 f11=0x5edaa46a
     464085.000 ns	     46407	8000943c	d0083553	fcvt.s.w	f10,x16	 x16:0x00000001 f10=0x3f800000
     464115.000 ns	     46410	80009440	29e38ed3	fmin.s	f29,f7,f30	  f7:0x3fa00104 f30:0x5f9a9aea f29=0x3fa00104
     464135.000 ns	     46412	80009444	9bf89137	lui	x2,0x9bf89	  x2=0x9bf89000
     464145.000 ns	     46413	80009448	5e0b5317	auipc	x6,0x5e0b5	  x6=0xde0be448
     464175.000 ns	     46416	8000944c	10e4f453	fmul.s	f8,f9,f14	  f9:0x42000000 f14:0x80000000  f8=0x80000000
     464545.000 ns	     46453	80009450	03cae0b3	rem	x1,x21,x28	 x21:0x00000001 x28:0x00000200  x1=0x00000001
     464565.000 ns	     46455	80009454	b40fa697	auipc	x13,0xb40fa	 x13=0x34103454
     464585.000 ns	     46457	80009458	c00f1653	fcvt.w.s	x12,f30	 f30:0x5f9a9aea x12=0x7fffffff
     464605.000 ns	     46459	8000945c	019dc0b3	xor	x1,x27,x25	 x27:0x80041024 x25:0x80041024  x1=0x00000000
     464625.000 ns	     46461	80009460	e00919d3	fclass.s	x19,f18	 f18:0x40ffffae x19=0x00000040
     464655.000 ns	     46464	80009464	d00802d3	fcvt.s.w	f5,x16	 x16:0x00000001  f5=0x3f800000
     464685.000 ns	     46467	80009468	02d03333	mulhu	x6,x0,x13	  x0:0x00000000 x13:0x34103454  x6=0x00000000
     464705.000 ns	     46469	8000946c	01591ab3	sll	x21,x18,x21	 x18:0x00000000 x21:0x00000001 x21=0x00000000
     464725.000 ns	     46471	80009470	a078a8d3	feq.s	x17,f17,f7	 f17:0x80000000  f7:0x3fa00104 x17=0x00000000
     464755.000 ns	     46474	80009474	f00e8253	fmv.w.x	f4,x29	 x29:0x00000001  f4=0x00000001
     464775.000 ns	     46476	80009478	265ee693	ori	x13,x29,613	 x29:0x00000001 x13=0x00000265
     464785.000 ns	     46477	8000947c	1ced98b7	lui	x17,0x1ced9	 x17=0x1ced9000
     464795.000 ns	     46478	80009480	00f88333	add	x6,x17,x15	 x17:0x00000000 x15:0x77c8048e  x6=0x94b5948e
     464815.000 ns	     46480	80009484	218a16d3	fsgnjn.s	f13,f20,f24	 f20:0x00000000 f24:0x5e576c27 f13=0x80000000
     464845.000 ns	     46483	80009488	029be8b3	rem	x17,x23,x9	 x23:0x80041024  x9:0x00000000 x17=0x80041024
     464895.000 ns	     46488	8000948c	0872f2d3	fsub.s	f5,f5,f7	  f5:0x3f800000  f7:0x3fa00104  f5=0xbe800410
     464925.000 ns	     46491	80009490	03079333	mulh	x6,x15,x16	 x15:0x77c8048e x16:0x00000001  x6=0x00000000
     464945.000 ns	     46493	80009494	01948ab3	add	x21,x9,x25	  x9:0x00000000 x25:0x80041024 x21=0x80041024
     464955.000 ns	     46494	80009498	00000013	addi	x0,x0,0	  x0:0x00000000
     464975.000 ns	     46496	8000949c	02522833	mulhsu	x16,x4,x5	  x4:0x00000020  x5:0x00000000 x16=0x00000000
     466155.000 ns	     46614	800094a0	580b7b53	fsqrt.s	f22,f22	 f22:0x4be1c71c f22=0x45a9ffaa
     466185.000 ns	     46617	800094a4	29058cd3	fmin.s	f25,f11,f16	 f11:0x5edaa46a f16:0x7f800000 f25=0x5edaa46a
     466205.000 ns	     46619	800094a8	5cff3e93	sltiu	x29,x30,1487	 x30:0x00000397 x29=0x00000001
     466215.000 ns	     46620	800094ac	51c0eb13	ori	x22,x1,1308	  x1:0x00000000 x22=0x0000051c
     466575.000 ns	     46656	800094b0	02ced133	divu	x2,x29,x12	 x29:0x00000001 x12:0x7fffffff  x2=0x00000000
     466605.000 ns	     46659	800094b4	f0040153	fmv.w.x	f2,x8	  x8:0x355f02a4  f2=0x355f02a4
     466635.000 ns	     46662	800094b8	d01b79d3	fcvt.s.wu	f19,x22	 x22:0x0000051c f19=0x44a38000
     466655.000 ns	     46664	800094bc	40d358b3	sra	x17,x6,x13	  x6:0x00000000 x13:0x00000265 x17=0x00000000
     466675.000 ns	     46666	800094c0	21fb06d3	fsgnj.s	f13,f22,f31	 f22:0x45a9ffaa f31:0xcf7fffff f13=0xc5a9ffaa
     466695.000 ns	     46668	800094c4	01dcb233	sltu	x4,x25,x29	 x25:0x80041024 x29:0x00000001  x4=0x00000000
     466735.000 ns	     46672	800094c8	00669ad3	fadd.s	f21,f13,f6	 f13:0xc5a9ffaa  f6:0x00000000 f21=0xc5a9ffaa
     466765.000 ns	     46675	800094cc	e00f99d3	fclass.s	x19,f31	 f31:0xcf7fffff x19=0x00000002
     466795.000 ns	     46678	800094d0	0295e833	rem	x16,x11,x9	 x11:0x00000000  x9:0x00000000 x16=0x00000000
     466825.000 ns	     46681	800094d4	03f93a33	mulhu	x20,x18,x31	 x18:0x00000000 x31:0x77c8048e x20=0x00000000
     466845.000 ns	     46683	800094d8	0010a1b3	slt	x3,x1,x1	  x1:0x00000000  x1:0x00000000  x3=0x00000000
     467205.000 ns	     46719	800094dc	02c343b3	div	x7,x6,x12	  x6:0x00000000 x12:0x7fffffff  x7=0x00000000
     467225.000 ns	     46721	800094e0	f5820013	addi	x0,x4,-168	  x4:0x00000000
     467245.000 ns	     46723	800094e4	d0008153	fcvt.s.w	f2,x1	  x1:0x00000000  f2=0x00000000
     467275.000 ns	     46726	800094e8	d000ce53	fcvt.s.w	f28,x1	  x1:0x00000000 f28=0x00000000
     467295.000 ns	     46728	800094ec	322ca213	slti	x4,x25,802	 x25:0x80041024  x4=0x00000001
     467335.000 ns	     46732	800094f0	09317cd3	fsub.s	f25,f2,f19	  f2:0x00000000 f19:0x44a38000 f25=0xc4a38000
     467355.000 ns	     46734	800094f4	c688e513	ori	x10,x17,-920	 x17:0x00000000 x10=0xfffffc68
     467395.000 ns	     46738	800094f8	08e9a3d3	fsub.s	f7,f19,f14	 f19:0x44a38000 f14:0x80000000  f7=0x44a38000
     467425.000 ns	     46741	800094fc	29e61153	fmax.s	f2,f12,f30	 f12:0x42800000 f30:0x5f9a9aea  f2=0x5f9a9aea
     467455.000 ns	     46744	80009500	a0b70bd3	fle.s	x23,f14,f11	 f14:0x80000000 f11:0x5edaa46a x23=0x00000001
     467485.000 ns	     46747	80009504	023666b3	rem	x13,x12,x3	 x12:0x7fffffff  x3:0x00000000 x13=0x7fffffff
     467505.000 ns	     46749	80009508	6e502597	auipc	x11,0x6e502	 x11=0xee50b508
     467525.000 ns	     46751	8000950c	21429c53	fsgnjn.s	f24,f5,f20	  f5:0xbe800410 f20:0x00000000 f24=0xbe800410
     467545.000 ns	     46753	80009510	b8876713	ori	x14,x14,-1144	 x14:0x00001aaf x14=0xfffffbaf
     467555.000 ns	     46754	80009514	404b5a33	sra	x20,x22,x4	 x22:0x0000051c  x4:0x00000001 x20=0x0000028e
     467575.000 ns	     46756	80009518	e0001653	fclass.s	x12,f0	  f0:0x7f800000 x12=0x00000080
     467605.000 ns	     46759	8000951c	025428b3	mulhsu	x17,x8,x5	  x8:0x355f02a4  x5:0x00000000 x17=0x00000000
     467625.000 ns	     46761	80009520	0e993b93	sltiu	x23,x18,233	 x18:0x00000000 x23=0x00000001
     467645.000 ns	     46763	80009524	f00f8ed3	fmv.w.x	f29,x31	 x31:0x77c8048e f29=0x77c8048e
     467665.000 ns	     46765	80009528	40a50cb3	sub	x25,x10,x10	 x10:0xfffffc68 x10:0xfffffc68 x25=0x00000000
     467685.000 ns	     46767	8000952c	02a00733	mul	x14,x0,x10	  x0:0x00000000 x10:0xfffffc68 x14=0x00000000
     467715.000 ns	     46770	80009530	200981d3	fsgnj.s	f3,f19,f0	 f19:0x44a38000  f0:0x7f800000  f3=0x44a38000
     467735.000 ns	     46772	80009534	32344497	auipc	x9,0x32344	  x9=0xb234d534
     467755.000 ns	     46774	80009538	f0038f53	fmv.w.x	f30,x7	  x7:0x00000000 f30=0x00000000
     467785.000 ns	     46777	8000953c	28d19bd3	fmax.s	f23,f3,f13	  f3:0x44a38000 f13:0xc5a9ffaa f23=0x44a38000
     467805.000 ns	     46779	80009540	dfe16f93	ori	x31,x2,-514	  x2:0x00000000 x31=0xfffffdfe
     467825.000 ns	     46781	80009544	d00874d3	fcvt.s.w	f9,x16	 x16:0x00000000  f9=0x00000000
     467855.000 ns	     46784	80009548	21e39ad3	fsgnjn.s	f21,f7,f30	  f7:0x44a38000 f30:0x00000000 f21=0xc4a38000
     467885.000 ns	     46787	8000954c	a053afd3	feq.s	x31,f7,f5	  f7:0x44a38000  f5:0xbe800410 x31=0x00000000
     467905.000 ns	     46789	80009550	866c4813	xori	x16,x24,-1946	 x24:0x00000000 x16=0xfffff866
     467925.000 ns	     46791	80009554	d01538d3	fcvt.s.wu	f17,x10	 x10:0xfffffc68 f17=0x4f7ffffd
     467945.000 ns	     46793	80009558	01e165b3	or	x11,x2,x30	  x2:0x00000000 x30:0x00000397 x11=0x00000397
     467955.000 ns	     46794	8000955c	006115b3	sll	x11,x2,x6	  x2:0x00000000  x6:0x00000000 x11=0x00000000
     467965.000 ns	     46795	80009560	41da59b3	sra	x19,x20,x29	 x20:0x0000028e x29:0x00000001 x19=0x00000147
     467985.000 ns	     46797	80009564	02381eb3	mulh	x29,x16,x3	 x16:0xfffff866  x3:0x00000000 x29=0x00000000
     468005.000 ns	     46799	80009568	01e571b3	and	x3,x10,x30	 x10:0xfffffc68 x30:0x00000397  x3=0x00000000
     468025.000 ns	     46801	8000956c	f0068553	fmv.w.x	f10,x13	 x13:0x7fffffff f10=0x7fffffff
     468045.000 ns	     46803	80009570	d6807c13	andi	x24,x0,-664	  x0:0x00000000 x24=0x00000000
     468065.000 ns	     46805	80009574	e00819d3	fclass.s	x19,f16	 f16:0x7f800000 x19=0x00000080
     468095.000 ns	     46808	80009578	c017be53	fcvt.wu.s	x28,f15	 f15:0xee576c26 x28=0x00000000
     468125.000 ns	     46811	8000957c	03e993b3	mulh	x7,x19,x30	 x19:0x00000080 x30:0x00000397  x7=0x00000000
     468155.000 ns	     46814	80009580	03b4abb3	mulhsu	x23,x9,x27	  x9:0xb234d534 x27:0x80041024 x23=0xd9192e85
     468195.000 ns	     46818	80009584	580c75d3	fsqrt.s	f11,f24	 f24:0xbe800410 f11=0x7fc00000
     468225.000 ns	     46821	80009588	021dceb3	div	x29,x27,x1	 x27:0x80041024  x1:0x00000000 x29=0xffffffff
     468245.000 ns	     46823	8000958c	40655133	sra	x2,x10,x6	 x10:0xfffffc68  x6:0x00000000  x2=0xfffffc68
     468265.000 ns	     46825	80009590	c00bccd3	fcvt.w.s	x25,f23	 f23:0x44a38000 x25=0x0000051c
     468285.000 ns	     46827	80009594	966ab913	sltiu	x18,x21,-1690	 x21:0x80041024 x18=0x00000001
     468305.000 ns	     46829	80009598	a18808d3	fle.s	x17,f16,f24	 f16:0x7f800000 f24:0xbe800410 x17=0x00000000
     468345.000 ns	     46833	8000959c	194711d3	fdiv.s	f3,f14,f20	 f14:0x80000000 f20:0x00000000  f3=0x7fc00000
     468375.000 ns	     46836	800095a0	e0009253	fclass.s	x4,f1	  f1:0x80000000  x4=0x00000008
     468395.000 ns	     46838	800095a4	4077d233	sra	x4,x15,x7	 x15:0x77c8048e  x7:0x00000000  x4=0x77c8048e
     468415.000 ns	     46840	800095a8	a0c393d3	flt.s	x7,f7,f12	  f7:0x44a38000 f12:0x42800000  x7=0x00000000
     468445.000 ns	     46843	800095ac	211c01d3	fsgnj.s	f3,f24,f17	 f24:0xbe800410 f17:0x4f7ffffd  f3=0x3e800410
     468465.000 ns	     46845	800095b0	002cb0b3	sltu	x1,x25,x2	 x25:0x0000051c  x2:0xfffffc68  x1=0x00000001
     468495.000 ns	     46848	800095b4	5805fcd3	fsqrt.s	f25,f11	 f11:0x7fc00000 f25=0x7fc00000
     468865.000 ns	     46885	800095b8	03ed48b3	div	x17,x26,x30	 x26:0x80040fe4 x30:0x00000397 x17=0xffdc5929
     468885.000 ns	     46887	800095bc	ec91ca13	xori	x20,x3,-311	  x3:0x00000000 x20=0xfffffec9
     469245.000 ns	     46923	800095c0	02a5c233	div	x4,x11,x10	 x11:0x00000000 x10:0xfffffc68  x4=0x00000000
     469265.000 ns	     46925	800095c4	b9ccf293	andi	x5,x25,-1124	 x25:0x0000051c  x5=0x0000011c
     469625.000 ns	     46961	800095c8	036bf1b3	remu	x3,x23,x22	 x23:0xd9192e85 x22:0x0000051c  x3=0x000003d9
     469645.000 ns	     46963	800095cc	01b6fe33	and	x28,x13,x27	 x13:0x7fffffff x27:0x80041024 x28=0x00041024
     469655.000 ns	     46964	800095d0	0120deb3	srl	x29,x1,x18	  x1:0x00000001 x18:0x00000001 x29=0x00000000
     470825.000 ns	     47081	800095d4	580172d3	fsqrt.s	f5,f2	  f2:0x5f9a9aea  f5=0x4f8cac9a
     470855.000 ns	     47084	800095d8	a0e2acd3	feq.s	x25,f5,f14	  f5:0xbe800410 f14:0x80000000 x25=0x00000000
     470885.000 ns	     47087	800095dc	03bfb833	mulhu	x16,x31,x27	 x31:0x00000000 x27:0x80041024 x16=0x00000000
     470915.000 ns	     47090	800095e0	a04180d3	fle.s	x1,f3,f4	  f3:0x3e800410  f4:0x00000001  x1=0x00000000
     470945.000 ns	     47093	800095e4	d00872d3	fcvt.s.w	f5,x16	 x16:0x00000000  f5=0x00000000
     470965.000 ns	     47095	800095e8	418c8633	sub	x12,x25,x24	 x25:0x00000000 x24:0x00000000 x12=0x00000000
     470975.000 ns	     47096	800095ec	0135cfb3	xor	x31,x11,x19	 x11:0x00000000 x19:0x00000080 x31=0x00000080
     470985.000 ns	     47097	800095f0	00ce7f33	and	x30,x28,x12	 x28:0x00041024 x12:0x00000080 x30=0x00000000
     470995.000 ns	     47098	800095f4	40e905b3	sub	x11,x18,x14	 x18:0x00000001 x14:0x00000000 x11=0x00000001
     471005.000 ns	     47099	800095f8	22f22313	slti	x6,x4,559	  x4:0x00000000  x6=0x00000001
     471015.000 ns	     47100	800095fc	586cfb13	andi	x22,x25,1414	 x25:0x00000000 x22=0x00000000
     471025.000 ns	     47101	80009600	000c5a33	srl	x20,x24,x0	 x24:0x00000000  x0:0x00000000 x20=0x00000000
     471035.000 ns	     47102	80009604	4131dfb3	sra	x31,x3,x19	  x3:0x000003d9 x19:0x00000080 x31=0x000003d9
     471055.000 ns	     47104	80009608	036746b3	div	x13,x14,x22	 x14:0x00000000 x22:0x00000000 x13=0xffffffff
     471085.000 ns	     47107	8000960c	03ba88b3	mul	x17,x21,x27	 x21:0x80041024 x27:0x80041024 x17=0x82248510
     471105.000 ns	     47109	80009610	01efda13	srli	x20,x31,0x1e	 x31:0x000003d9 x20=0x00000000
     471145.000 ns	     47113	80009614	09b97bd3	fsub.s	f23,f18,f27	 f18:0x40ffffae f27:0x3f800000 f23=0x40dfffae
     471175.000 ns	     47116	80009618	c0141f53	fcvt.wu.s	x30,f8	  f8:0x80000000 x30=0x00000000
     471195.000 ns	     47118	8000961c	77d98493	addi	x9,x19,1917	 x19:0x00000080  x9=0x000007fd
     471235.000 ns	     47122	80009620	00fd7053	fadd.s	f0,f26,f15	 f26:0x00000000 f15:0xee576c26  f0=0xee576c26
     471275.000 ns	     47126	80009624	1076f5d3	fmul.s	f11,f13,f7	 f13:0xc5a9ffaa  f7:0x44a38000 f11=0xcad92592
     471305.000 ns	     47129	80009628	29c20d53	fmin.s	f26,f4,f28	  f4:0x00000001 f28:0x00000000 f26=0x00000000
     471325.000 ns	     47131	8000962c	41ded433	sra	x8,x29,x29	 x29:0x00000000 x29:0x00000000  x8=0x00000000
     471345.000 ns	     47133	80009630	210facd3	fsgnjx.s	f25,f31,f16	 f31:0xcf7fffff f16:0x7f800000 f25=0xcf7fffff
     471385.000 ns	     47137	80009634	580f4ed3	fsqrt.s	f29,f30	 f30:0x00000000 f29=0x00000000
     471415.000 ns	     47140	80009638	20d89fd3	fsgnjn.s	f31,f17,f13	 f17:0x4f7ffffd f13:0xc5a9ffaa f31=0x4f7ffffd
     471435.000 ns	     47142	8000963c	00284333	xor	x6,x16,x2	 x16:0x00000000  x2:0xfffffc68  x6=0xfffffc68
     471445.000 ns	     47143	80009640	59f8e513	ori	x10,x17,1439	 x17:0x82248510 x10=0x8224859f
     471465.000 ns	     47145	80009644	21ba93d3	fsgnjn.s	f7,f21,f27	 f21:0xc4a38000 f27:0x3f800000  f7=0xc4a38000
     471835.000 ns	     47182	80009648	029c4733	div	x14,x24,x9	 x24:0x00000000  x9:0x000007fd x14=0x00000000
     471855.000 ns	     47184	8000964c	c555ab93	slti	x23,x11,-939	 x11:0x00000001 x23=0x00000000
     471865.000 ns	     47185	80009650	004c9033	sll	x0,x25,x4	 x25:0x00000000  x4:0x00000000
     471885.000 ns	     47187	80009654	a0b08653	fle.s	x12,f1,f11	  f1:0x80000000 f11:0xcad92592 x12=0x00000000
     471905.000 ns	     47189	80009658	00000013	addi	x0,x0,0	  x0:0x00000000
     471915.000 ns	     47190	8000965c	402101b3	sub	x3,x2,x2	  x2:0xfffffc68  x2:0xfffffc68  x3=0x00000000
     471925.000 ns	     47191	80009660	001144b3	xor	x9,x2,x1	  x2:0xfffffc68  x1:0x00000000  x9=0xfffffc68
     471935.000 ns	     47192	80009664	41345493	srai	x9,x8,0x13	  x8:0x00000000  x9=0x00000000
     471955.000 ns	     47194	80009668	2046acd3	fsgnjx.s	f25,f13,f4	 f13:0xc5a9ffaa  f4:0x00000001 f25=0xc5a9ffaa
     471975.000 ns	     47196	8000966c	419158b3	sra	x17,x2,x25	  x2:0xfffffc68 x25:0x00000000 x17=0xfffffc68
     471985.000 ns	     47197	80009670	e00b3c13	sltiu	x24,x22,-512	 x22:0x00000000 x24=0x00000001
     471995.000 ns	     47198	80009674	ece94b37	lui	x22,0xece94	 x22=0xece94000
     472015.000 ns	     47200	80009678	28229dd3	fmax.s	f27,f5,f2	  f5:0x00000000  f2:0x5f9a9aea f27=0x5f9a9aea
     472045.000 ns	     47203	8000967c	20461ad3	fsgnjn.s	f21,f12,f4	 f12:0x42800000  f4:0x00000001 f21=0xc2800000
     472075.000 ns	     47206	80009680	021066b3	rem	x13,x0,x1	  x0:0x00000000  x1:0x00000000 x13=0x00000000
     472095.000 ns	     47208	80009684	00b51f33	sll	x30,x10,x11	 x10:0x8224859f x11:0x00000001 x30=0x04490b3e
     472135.000 ns	     47212	80009688	08a39453	fsub.s	f8,f7,f10	  f7:0xc4a38000 f10:0x7fffffff  f8=0x7fc00000
     472155.000 ns	     47214	8000968c	00991693	slli	x13,x18,0x9	 x18:0x00000001 x13=0x00000200
     472165.000 ns	     47215	80009690	00000013	addi	x0,x0,0	  x0:0x00000000
     472175.000 ns	     47216	80009694	401a5733	sra	x14,x20,x1	 x20:0x00000000  x1:0x00000000 x14=0x00000000
     472185.000 ns	     47217	80009698	0137e2b3	or	x5,x15,x19	 x15:0x77c8048e x19:0x00000080  x5=0x77c8048e
     472195.000 ns	     47218	8000969c	00e8fc33	and	x24,x17,x14	 x17:0xfffffc68 x14:0x00000000 x24=0x00000000
     472205.000 ns	     47219	800096a0	8fcdb513	sltiu	x10,x27,-1796	 x27:0x80041024 x10=0x00000001
     472225.000 ns	     47221	800096a4	d01482d3	fcvt.s.wu	f5,x9	  x9:0x00000000  f5=0x00000000
     472245.000 ns	     47223	800096a8	b88a0713	addi	x14,x20,-1144	 x20:0x00000000 x14=0xfffffb88
     472255.000 ns	     47224	800096ac	dc967b13	andi	x22,x12,-567	 x12:0x00000000 x22=0x00000000
     472265.000 ns	     47225	800096b0	d1d58837	lui	x16,0xd1d58	 x16=0xd1d58000
     472275.000 ns	     47226	800096b4	01bf4bb3	xor	x23,x30,x27	 x30:0x04490b3e x27:0x80041024 x23=0x844d1b1a
     472285.000 ns	     47227	800096b8	413f5813	srai	x16,x30,0x13	 x30:0x04490b3e x16=0x00000089
     472295.000 ns	     47228	800096bc	00ca5713	srli	x14,x20,0xc	 x20:0x00000000 x14=0x00000000
     472315.000 ns	     47230	800096c0	f0030b53	fmv.w.x	f22,x6	  x6:0xfffffc68 f22=0xfffffc68
     472345.000 ns	     47233	800096c4	e0060bd3	fmv.x.w	x23,f12	 f12:0x42800000 x23=0x42800000
     472715.000 ns	     47270	800096c8	03e24633	div	x12,x4,x30	  x4:0x00000000 x30:0x04490b3e x12=0x00000000
     472755.000 ns	     47274	800096cc	189a7ed3	fdiv.s	f29,f20,f9	 f20:0x00000000  f9:0x00000000 f29=0x7fc00000
     472785.000 ns	     47277	800096d0	219e16d3	fsgnjn.s	f13,f28,f25	 f28:0x00000000 f25:0xc5a9ffaa f13=0x00000000
     473155.000 ns	     47314	800096d4	03ebc933	div	x18,x23,x30	 x23:0x42800000 x30:0x04490b3e x18=0x0000000f
     473205.000 ns	     47319	800096d8	08ce25d3	fsub.s	f11,f28,f12	 f28:0x00000000 f12:0x42800000 f11=0xc2800000
     473225.000 ns	     47321	800096dc	6b5f4893	xori	x17,x30,1717	 x30:0x04490b3e x17=0x04490d8b
     473245.000 ns	     47323	800096e0	f0038ed3	fmv.w.x	f29,x7	  x7:0x00000000 f29=0x00000000
     473275.000 ns	     47326	800096e4	a10a9353	flt.s	x6,f21,f16	 f21:0xc2800000 f16:0x7f800000  x6=0x00000001
     473305.000 ns	     47329	800096e8	295b8a53	fmin.s	f20,f23,f21	 f23:0x40dfffae f21:0xc2800000 f20=0xc2800000
     473335.000 ns	     47332	800096ec	02980bb3	mul	x23,x16,x9	 x16:0x00000089  x9:0x00000000 x23=0x00000000
     473355.000 ns	     47334	800096f0	00e71eb3	sll	x29,x14,x14	 x14:0x00000000 x14:0x00000000 x29=0x00000000
     473365.000 ns	     47335	800096f4	00000013	addi	x0,x0,0	  x0:0x00000000
     473725.000 ns	     47371	800096f8	02d7fa33	remu	x20,x15,x13	 x15:0x77c8048e x13:0x00000200 x20=0x0000008e
     473745.000 ns	     47373	800096fc	002fffb3	and	x31,x31,x2	 x31:0x000003d9  x2:0xfffffc68 x31=0x00000048
     473765.000 ns	     47375	80009700	02be91b3	mulh	x3,x29,x11	 x29:0x00000000 x11:0x00000001  x3=0x00000000
     473785.000 ns	     47377	80009704	0070c0b3	xor	x1,x1,x7	  x1:0x00000000  x7:0x00000000  x1=0x00000000
     473795.000 ns	     47378	80009708	01984933	xor	x18,x16,x25	 x16:0x00000089 x25:0x00000000 x18=0x00000089
     473815.000 ns	     47380	8000970c	21119fd3	fsgnjn.s	f31,f3,f17	  f3:0x3e800410 f17:0x4f7ffffd f31=0xbe800410
     473845.000 ns	     47383	80009710	e00192d3	fclass.s	x5,f3	  f3:0x3e800410  x5=0x00000040
     473865.000 ns	     47385	80009714	001ccb33	xor	x22,x25,x1	 x25:0x00000000  x1:0x00000000 x22=0x00000000
     473885.000 ns	     47387	80009718	02845c33	divu	x24,x8,x8	  x8:0x00000000  x8:0x00000000 x24=0xffffffff
     473925.000 ns	     47391	8000971c	10879f53	fmul.s	f30,f15,f8	 f15:0xee576c26  f8:0x7fc00000 f30=0x7fc00000
     473945.000 ns	     47393	80009720	01a36a33	or	x20,x6,x26	  x6:0x00000001 x26:0x80040fe4 x20=0x80040fe5
     473955.000 ns	     47394	80009724	419c08b3	sub	x17,x24,x25	 x24:0xffffffff x25:0x00000000 x17=0xffffffff
     473965.000 ns	     47395	80009728	00eb9b13	slli	x22,x23,0xe	 x23:0x00000000 x22=0x00000000
     474295.000 ns	     47428	8000972c	184cf553	fdiv.s	f10,f25,f4	 f25:0xc5a9ffaa  f4:0x00000001 f10=0xff800000
     474335.000 ns	     47432	80009730	113cf753	fmul.s	f14,f25,f19	 f25:0xc5a9ffaa f19:0x44a38000 f14=0xcad92592
     474375.000 ns	     47436	80009734	1901a553	fdiv.s	f10,f3,f16	  f3:0x3e800410 f16:0x7f800000 f10=0x00000000
     474395.000 ns	     47438	80009738	3ede3493	sltiu	x9,x28,1005	 x28:0x00041024  x9=0x00000000
     474425.000 ns	     47441	8000973c	18ac7753	fdiv.s	f14,f24,f10	 f24:0xbe800410 f10:0x00000000 f14=0xff800000
     474465.000 ns	     47445	80009740	10367853	fmul.s	f16,f12,f3	 f12:0x42800000  f3:0x3e800410 f16=0x41800410
     474485.000 ns	     47447	80009744	016b6fb3	or	x31,x22,x22	 x22:0x00000000 x22:0x00000000 x31=0x00000000
     474495.000 ns	     47448	80009748	01619e13	slli	x28,x3,0x16	  x3:0x00000000 x28=0x00000000
     474505.000 ns	     47449	8000974c	0072e233	or	x4,x5,x7	  x5:0x00000040  x7:0x00000000  x4=0x00000040
     474525.000 ns	     47451	80009750	20461cd3	fsgnjn.s	f25,f12,f4	 f12:0x42800000  f4:0x00000001 f25=0xc2800000
     474545.000 ns	     47453	80009754	01c5c6b3	xor	x13,x11,x28	 x11:0x00000001 x28:0x00000000 x13=0x00000001
     474565.000 ns	     47455	80009758	298781d3	fmin.s	f3,f15,f24	 f15:0xee576c26 f24:0xbe800410  f3=0xee576c26
     474585.000 ns	     47457	8000975c	41ab5033	sra	x0,x22,x26	 x22:0x00000000 x26:0x80040fe4
     474595.000 ns	     47458	80009760	0167d693	srli	x13,x15,0x16	 x15:0x77c8048e x13=0x000001df
     474615.000 ns	     47460	80009764	c011fed3	fcvt.wu.s	x29,f3	  f3:0xee576c26 x29=0x00000000
     474665.000 ns	     47465	80009768	014a71d3	fadd.s	f3,f20,f20	 f20:0xc2800000 f20:0xc2800000  f3=0xc3000000
     474705.000 ns	     47469	8000976c	10d7b453	fmul.s	f8,f15,f13	 f15:0xee576c26 f13:0x00000000  f8=0x80000000
     474735.000 ns	     47472	80009770	213090d3	fsgnjn.s	f1,f1,f19	  f1:0x80000000 f19:0x44a38000  f1=0x80000000
     474765.000 ns	     47475	80009774	215000d3	fsgnj.s	f1,f0,f21	  f0:0xee576c26 f21:0xc2800000  f1=0xee576c26
     474785.000 ns	     47477	80009778	0043f233	and	x4,x7,x4	  x7:0x00000000  x4:0x00000040  x4=0x00000000
     474805.000 ns	     47479	8000977c	e0051ed3	fclass.s	x29,f10	 f10:0x00000000 x29=0x00000010
     474835.000 ns	     47482	80009780	e00d1853	fclass.s	x16,f26	 f26:0x00000000 x16=0x00000010
     474865.000 ns	     47485	80009784	a00ba5d3	feq.s	x11,f23,f0	 f23:0x40dfffae  f0:0xee576c26 x11=0x00000000
     474885.000 ns	     47487	80009788	bb3a6a13	ori	x20,x20,-1101	 x20:0x80040fe5 x20=0xfffffff7
     474905.000 ns	     47489	8000978c	d00cf9d3	fcvt.s.w	f19,x25	 x25:0x00000000 f19=0x00000000
     475275.000 ns	     47526	80009790	033b5b33	divu	x22,x22,x19	 x22:0x00000000 x19:0x00000080 x22=0x00000000
     475305.000 ns	     47529	80009794	a1b023d3	feq.s	x7,f0,f27	  f0:0xee576c26 f27:0x5f9a9aea  x7=0x00000000
     475335.000 ns	     47532	80009798	290681d3	fmin.s	f3,f13,f16	 f13:0x00000000 f16:0x41800410  f3=0x00000000
     475355.000 ns	     47534	8000979c	e52051b7	lui	x3,0xe5205	  x3=0xe5205000
     475375.000 ns	     47536	800097a0	201800d3	fsgnj.s	f1,f16,f1	 f16:0x41800410  f1:0xee576c26  f1=0xc1800410
     475405.000 ns	     47539	800097a4	c01ffb53	fcvt.wu.s	x22,f31	 f31:0xbe800410 x22=0x00000000
     475425.000 ns	     47541	800097a8	01fad433	srl	x8,x21,x31	 x21:0x80041024 x31:0x00000000  x8=0x80041024
     475445.000 ns	     47543	800097ac	c01a72d3	fcvt.wu.s	x5,f20	 f20:0xc2800000  x5=0x00000040
     475465.000 ns	     47545	800097b0	01175c93	srli	x25,x14,0x11	 x14:0x00000000 x25=0x00000000
     475475.000 ns	     47546	800097b4	cd660e37	lui	x28,0xcd660	 x28=0xcd660000
     475495.000 ns	     47548	800097b8	f00984d3	fmv.w.x	f9,x19	 x19:0x00000080  f9=0x00000080
     475515.000 ns	     47550	800097bc	00bcb3b3	sltu	x7,x25,x11	 x25:0x00000000 x11:0x00000000  x7=0x00000000
     475525.000 ns	     47551	800097c0	b83fa397	auipc	x7,0xb83fa	  x7=0x384037c0
     475535.000 ns	     47552	800097c4	00074333	xor	x6,x14,x0	 x14:0x00000000  x0:0x00000000  x6=0x00000000
     475545.000 ns	     47553	800097c8	00c6de13	srli	x28,x13,0xc	 x13:0x000001df x28=0x00000000
     475555.000 ns	     47554	800097cc	0115ce33	xor	x28,x11,x17	 x11:0x00000000 x17:0xffffffff x28=0xffffffff
     475565.000 ns	     47555	800097d0	1791b693	sltiu	x13,x3,377	  x3:0xe5205000 x13=0x00000000
     475575.000 ns	     47556	800097d4	24314093	xori	x1,x2,579	  x2:0xfffffc68  x1=0xfffffe2b
     475585.000 ns	     47557	800097d8	019cfcb3	and	x25,x25,x25	 x25:0x00000000 x25:0x00000000 x25=0x00000000
     475625.000 ns	     47561	800097dc	09d800d3	fsub.s	f1,f16,f29	 f16:0x41800410 f29:0x00000000  f1=0x41800410
     475645.000 ns	     47563	800097e0	339b2893	slti	x17,x22,825	 x22:0x00000000 x17=0x00000001
     475655.000 ns	     47564	800097e4	ec4cd937	lui	x18,0xec4cd	 x18=0xec4cd000
     475665.000 ns	     47565	800097e8	00000013	addi	x0,x0,0	  x0:0x00000000
     475695.000 ns	     47568	800097ec	1860bed3	fdiv.s	f29,f1,f6	  f1:0x41800410  f6:0x00000000 f29=0x7f800000
     475735.000 ns	     47572	800097f0	580f19d3	fsqrt.s	f19,f30	 f30:0x7fc00000 f19=0x7fc00000
     475755.000 ns	     47574	800097f4	41005f33	sra	x30,x0,x16	  x0:0x00000000 x16:0x00000010 x30=0x00000000
     475765.000 ns	     47575	800097f8	01499f13	slli	x30,x19,0x14	 x19:0x00000080 x30=0x08000000
     475785.000 ns	     47577	800097fc	037294b3	mulh	x9,x5,x23	  x5:0x00000040 x23:0x00000000  x9=0x00000000
     475805.000 ns	     47579	80009800	012f4633	xor	x12,x30,x18	 x30:0x00000000 x18:0xec4cd000 x12=0xe44cd000
     475815.000 ns	     47580	80009804	404e0133	sub	x2,x28,x4	 x28:0xffffffff  x4:0x00000000  x2=0xffffffff
     475825.000 ns	     47581	80009808	40e581b3	sub	x3,x11,x14	 x11:0x00000000 x14:0x00000000  x3=0x00000000
     475865.000 ns	     47585	8000980c	08507dd3	fsub.s	f27,f0,f5	  f0:0xee576c26  f5:0x00000000 f27=0xee576c26
     475895.000 ns	     47588	80009810	e0050f53	fmv.x.w	x30,f10	 f10:0x00000000 x30=0x00000000
     475925.000 ns	     47591	80009814	0240ac33	mulhsu	x24,x1,x4	  x1:0xfffffe2b  x4:0x00000000 x24=0x00000000
     475945.000 ns	     47593	80009818	69dc6193	ori	x3,x24,1693	 x24:0xffffffff  x3=0x0000069d
     475965.000 ns	     47595	8000981c	a1ac1a53	flt.s	x20,f24,f26	 f24:0xbe800410 f26:0x00000000 x20=0x00000001
     475985.000 ns	     47597	80009820	0031d593	srli	x11,x3,0x3	  x3:0x00000000 x11=0x000000d3
     475995.000 ns	     47598	80009824	40d986b3	sub	x13,x19,x13	 x19:0x00000080 x13:0x00000000 x13=0x00000080
     476025.000 ns	     47601	80009828	19d57a53	fdiv.s	f20,f10,f29	 f10:0x00000000 f29:0x7f800000 f20=0x00000000
     476045.000 ns	     47603	8000982c	01437933	and	x18,x6,x20	  x6:0x00000000 x20:0x00000001 x18=0x00000000
     476085.000 ns	     47607	80009830	01373ad3	fadd.s	f21,f14,f19	 f14:0xff800000 f19:0x7fc00000 f21=0x7fc00000
     476105.000 ns	     47609	80009834	00711193	slli	x3,x2,0x7	  x2:0xffffffff  x3=0xffffff80
     476125.000 ns	     47611	80009838	f00d80d3	fmv.w.x	f1,x27	 x27:0x80041024  f1=0x80041024
     476155.000 ns	     47614	8000983c	0243c933	div	x18,x7,x4	  x7:0x384037c0  x4:0x00000000 x18=0xffffffff
     476175.000 ns	     47616	80009840	00000013	addi	x0,x0,0	  x0:0x00000000
     476195.000 ns	     47618	80009844	29510bd3	fmin.s	f23,f2,f21	  f2:0x5f9a9aea f21:0x7fc00000 f23=0x5f9a9aea
     476225.000 ns	     47621	80009848	026b3033	mulhu	x0,x22,x6	 x22:0x00000000  x6:0x00000000
     476245.000 ns	     47623	8000984c	01b20433	add	x8,x4,x27	  x4:0x00000000 x27:0x80041024  x8=0x80041024
     476255.000 ns	     47624	80009850	00a1db33	srl	x22,x3,x10	  x3:0xffffff80 x10:0x00000001 x22=0x7fffffc0
     476615.000 ns	     47660	80009854	02a96f33	rem	x30,x18,x10	 x18:0xffffffff x10:0x00000001 x30=0x00000000
     476635.000 ns	     47662	80009858	e3304e13	xori	x28,x0,-461	  x0:0x00000000 x28=0xfffffe33
     476655.000 ns	     47664	8000985c	207d8c53	fsgnj.s	f24,f27,f7	 f27:0xee576c26  f7:0xc4a38000 f24=0xee576c26
     476675.000 ns	     47666	80009860	416fd533	sra	x10,x31,x22	 x31:0x00000000 x22:0x7fffffc0 x10=0x00000000
     476695.000 ns	     47668	80009864	c0037753	fcvt.w.s	x14,f6	  f6:0x00000000 x14=0x00000000
     476715.000 ns	     47670	80009868	402c82b3	sub	x5,x25,x2	 x25:0x00000000  x2:0xffffffff  x5=0x00000001
     476725.000 ns	     47671	8000986c	d28b7913	andi	x18,x22,-728	 x22:0x7fffffc0 x18=0x7ffffd00
     476735.000 ns	     47672	80009870	7793c113	xori	x2,x7,1913	  x7:0x384037c0  x2=0x384030b9
     476755.000 ns	     47674	80009874	03827533	remu	x10,x4,x24	  x4:0x00000000 x24:0x00000000 x10=0x00000000
     476775.000 ns	     47676	80009878	016132b3	sltu	x5,x2,x22	  x2:0xffffffff x22:0x7fffffc0  x5=0x00000001
     476795.000 ns	     47678	8000987c	a0979ad3	flt.s	x21,f15,f9	 f15:0xee576c26  f9:0x00000080 x21=0x00000001
     476815.000 ns	     47680	80009880	6b113b93	sltiu	x23,x2,1713	  x2:0x384030b9 x23=0x00000000
     476825.000 ns	     47681	80009884	011d5433	srl	x8,x26,x17	 x26:0x80040fe4 x17:0x00000001  x8=0x400207f2
     476845.000 ns	     47683	80009888	201ea2d3	fsgnjx.s	f5,f29,f1	 f29:0x7f800000  f1:0x80041024  f5=0xff800000
     476865.000 ns	     47685	8000988c	00e353b3	srl	x7,x6,x14	  x6:0x00000000 x14:0x00000000  x7=0x00000000
     476875.000 ns	     47686	80009890	01ee2b33	slt	x22,x28,x30	 x28:0xfffffe33 x30:0x00000000 x22=0x00000001
     476895.000 ns	     47688	80009894	e00b9553	fclass.s	x10,f23	 f23:0x5f9a9aea x10=0x00000040
     476915.000 ns	     47690	80009898	015a32b3	sltu	x5,x20,x21	 x20:0x00000001 x21:0x00000001  x5=0x00000000
     476955.000 ns	     47694	8000989c	01c87a53	fadd.s	f20,f16,f28	 f16:0x41800410 f28:0x00000000 f20=0x41800410
     476975.000 ns	     47696	800098a0	78750693	addi	x13,x10,1927	 x10:0x00000040 x13=0x000007c7
     476985.000 ns	     47697	800098a4	005c6a33	or	x20,x24,x5	 x24:0x00000000  x5:0x00000000 x20=0x00000000
     477025.000 ns	     47701	800098a8	09eea753	fsub.s	f14,f29,f30	 f29:0x7f800000 f30:0x7fc00000 f14=0x7fc00000
     477055.000 ns	     47704	800098ac	a03d2453	feq.s	x8,f26,f3	 f26:0x00000000  f3:0x00000000  x8=0x00000001
     477085.000 ns	     47707	800098b0	f00106d3	fmv.w.x	f13,x2	  x2:0x384030b9 f13=0x384030b9
     477105.000 ns	     47709	800098b4	41605e13	srai	x28,x0,0x16	  x0:0x00000000 x28=0x00000000
     477115.000 ns	     47710	800098b8	e049c017	auipc	x0,0xe049c	
     477125.000 ns	     47711	800098bc	9732ec13	ori	x24,x5,-1677	  x5:0x00000000 x24=0xfffff973
     477165.000 ns	     47715	800098c0	09809e53	fsub.s	f28,f1,f24	  f1:0x80041024 f24:0xee576c26 f28=0x6e576c26
     477535.000 ns	     47752	800098c4	03d440b3	div	x1,x8,x29	  x8:0x00000001 x29:0x00000010  x1=0x00000000
     477555.000 ns	     47754	800098c8	a1a06693	ori	x13,x0,-1510	  x0:0x00000000 x13=0xfffffa1a
     477575.000 ns	     47756	800098cc	0344da33	divu	x20,x9,x20	  x9:0x00000000 x20:0x00000000 x20=0xffffffff
     477605.000 ns	     47759	800098d0	037193b3	mulh	x7,x3,x23	  x3:0xffffff80 x23:0x00000000  x7=0x00000000
     477625.000 ns	     47761	800098d4	0124fcb3	and	x25,x9,x18	  x9:0x00000000 x18:0x7ffffd00 x25=0x00000000
     477635.000 ns	     47762	800098d8	41715533	sra	x10,x2,x23	  x2:0x384030b9 x23:0x00000000 x10=0x384030b9
     477645.000 ns	     47763	800098dc	01ff21b3	slt	x3,x30,x31	 x30:0x00000000 x31:0x00000000  x3=0x00000000
     477665.000 ns	     47765	800098e0	02371fb3	mulh	x31,x14,x3	 x14:0x00000000  x3:0xffffff80 x31=0x00000000
     477685.000 ns	     47767	800098e4	0027a5b3	slt	x11,x15,x2	 x15:0x77c8048e  x2:0x384030b9 x11=0x00000000
     477705.000 ns	     47769	800098e8	a06a8953	fle.s	x18,f21,f6	 f21:0x7fc00000  f6:0x00000000 x18=0x00000000
     477725.000 ns	     47771	800098ec	41100fb3	sub	x31,x0,x17	  x0:0x00000000 x17:0x00000001 x31=0xffffffff
     477735.000 ns	     47772	800098f0	3c057093	andi	x1,x10,960	 x10:0x384030b9  x1=0x00000080
     477755.000 ns	     47774	800098f4	20598ed3	fsgnj.s	f29,f19,f5	 f19:0x7fc00000  f5:0xff800000 f29=0xffc00000
     477775.000 ns	     47776	800098f8	5cd03713	sltiu	x14,x0,1485	  x0:0x00000000 x14=0x00000001
     477795.000 ns	     47778	800098fc	a03616d3	flt.s	x13,f12,f3	 f12:0x42800000  f3:0x00000000 x13=0x00000000
     477815.000 ns	     47780	80009900	f542e813	ori	x16,x5,-172	  x5:0x00000000 x16=0xffffff54
     477835.000 ns	     47782	80009904	21d283d3	fsgnj.s	f7,f5,f29	  f5:0xff800000 f29:0xffc00000  f7=0xff800000
     477855.000 ns	     47784	80009908	014384b3	add	x9,x7,x20	  x7:0x00000000 x20:0xffffffff  x9=0xffffffff
     477865.000 ns	     47785	8000990c	73657b93	andi	x23,x10,1846	 x10:0x384030b9 x23=0x00000030
     477885.000 ns	     47787	80009910	20801853	fsgnjn.s	f16,f0,f8	  f0:0xee576c26  f8:0x80000000 f16=0x6e576c26
     478255.000 ns	     47824	80009914	03da56b3	divu	x13,x20,x29	 x20:0xffffffff x29:0x00000010 x13=0x0fffffff
     478275.000 ns	     47826	80009918	7923f097	auipc	x1,0x7923f	  x1=0xf9248918
     478295.000 ns	     47828	8000991c	e0038ad3	fmv.x.w	x21,f7	  f7:0xff800000 x21=0xff800000
     478325.000 ns	     47831	80009920	c013f6d3	fcvt.wu.s	x13,f7	  f7:0xff800000 x13=0x00000000
     478345.000 ns	     47833	80009924	4a464337	lui	x6,0x4a464	  x6=0x4a464000
     478355.000 ns	     47834	80009928	01a23cb3	sltu	x25,x4,x26	  x4:0x00000000 x26:0x80040fe4 x25=0x00000001
     478375.000 ns	     47836	8000992c	d00678d3	fcvt.s.w	f17,x12	 x12:0xe44cd000 f17=0xcddd9980
     478395.000 ns	     47838	80009930	31394017	auipc	x0,0x31394	
     478405.000 ns	     47839	80009934	3ae46713	ori	x14,x8,942	  x8:0x00000001 x14=0x000003af
     478415.000 ns	     47840	80009938	01fc7f33	and	x30,x24,x31	 x24:0xfffff973 x31:0xffffffff x30=0xfffff973
     478775.000 ns	     47876	8000993c	021955b3	divu	x11,x18,x1	 x18:0x00000000  x1:0xf9248918 x11=0x00000000
     478805.000 ns	     47879	80009940	a0491553	flt.s	x10,f18,f4	 f18:0x40ffffae  f4:0x00000001 x10=0x00000000
     478835.000 ns	     47882	80009944	c00cf6d3	fcvt.w.s	x13,f25	 f25:0xc2800000 x13=0x00000040
     478855.000 ns	     47884	80009948	00e28a33	add	x20,x5,x14	  x5:0x00000000 x14:0x000003af x20=0x000003af
     478865.000 ns	     47885	8000994c	0036b133	sltu	x2,x13,x3	 x13:0x00000040  x3:0x00000000  x2=0x00000000
     478875.000 ns	     47886	80009950	65564393	xori	x7,x12,1621	 x12:0xe44cd000  x7=0xe44cd655
     478895.000 ns	     47888	80009954	c000b1d3	fcvt.w.s	x3,f1	  f1:0x80041024  x3=0x00000000
     478925.000 ns	     47891	80009958	289697d3	fmax.s	f15,f13,f9	 f13:0x384030b9  f9:0x00000080 f15=0x384030b9
     478955.000 ns	     47894	8000995c	03972833	mulhsu	x16,x14,x25	 x14:0x000003af x25:0x00000001 x16=0x00000000
     478975.000 ns	     47896	80009960	56444913	xori	x18,x8,1380	  x8:0x00000001 x18=0x00000565
     478985.000 ns	     47897	80009964	4112d813	srai	x16,x5,0x11	  x5:0x00000000 x16=0x00000000
     478995.000 ns	     47898	80009968	002bf233	and	x4,x23,x2	 x23:0x00000030  x2:0x00000000  x4=0x00000000
     479015.000 ns	     47900	8000996c	02f93c33	mulhu	x24,x18,x15	 x18:0x00000565 x15:0x77c8048e x24=0x00000286
     479045.000 ns	     47903	80009970	c0071b53	fcvt.w.s	x22,f14	 f14:0x7fc00000 x22=0x7fffffff
     479095.000 ns	     47908	80009974	09e8a053	fsub.s	f0,f17,f30	 f17:0xcddd9980 f30:0x7fc00000  f0=0x7fc00000
     479115.000 ns	     47910	80009978	0014ce33	xor	x28,x9,x1	  x9:0xffffffff  x1:0xf9248918 x28=0x06db76e7
     479475.000 ns	     47946	8000997c	03c9d933	divu	x18,x19,x28	 x19:0x00000080 x28:0x00000000 x18=0x00000000
     479495.000 ns	     47948	80009980	13723093	sltiu	x1,x4,311	  x4:0x00000000  x1=0x00000001
     479505.000 ns	     47949	80009984	aea78b13	addi	x22,x15,-1302	 x15:0x77c8048e x22=0x77c7ff78
     479525.000 ns	     47951	80009988	030fabb3	mulhsu	x23,x31,x16	 x31:0xffffffff x16:0x00000000 x23=0x00000000
     479555.000 ns	     47954	8000998c	a06c1653	flt.s	x12,f24,f6	 f24:0xee576c26  f6:0x00000000 x12=0x00000001
     479575.000 ns	     47956	80009990	a8253093	sltiu	x1,x10,-1406	 x10:0x00000000  x1=0x00000001
     479595.000 ns	     47958	80009994	20229153	fsgnjn.s	f2,f5,f2	  f5:0xff800000  f2:0x5f9a9aea  f2=0xff800000
     479645.000 ns	     47963	80009998	01da7253	fadd.s	f4,f20,f29	 f20:0x41800410 f29:0xffc00000  f4=0x7fc00000
     479675.000 ns	     47966	8000999c	e00d1e53	fclass.s	x28,f26	 f26:0x00000000 x28=0x00000010
     479695.000 ns	     47968	800099a0	00db6533	or	x10,x22,x13	 x22:0x77c7ff78 x13:0x00000040 x10=0x77c7ff78
     479705.000 ns	     47969	800099a4	416958b3	sra	x17,x18,x22	 x18:0x00000000 x22:0x77c7ff78 x17=0x00000000
     479725.000 ns	     47971	800099a8	e0088f53	fmv.x.w	x30,f17	 f17:0xcddd9980 x30=0xcddd9980
     479755.000 ns	     47974	800099ac	a171a053	feq.s	x0,f3,f23	  f3:0x00000000 f23:0x5f9a9aea
     479785.000 ns	     47977	800099b0	023ed533	divu	x10,x29,x3	 x29:0x00000010  x3:0x00000000 x10=0xffffffff
     480155.000 ns	     48014	800099b4	03a3f8b3	remu	x17,x7,x26	  x7:0xe44cd655 x26:0x80040fe4 x17=0x6448c671
     480185.000 ns	     48017	800099b8	02fe08b3	mul	x17,x28,x15	 x28:0x00000010 x15:0x77c8048e x17=0x7c8048e0
     480205.000 ns	     48019	800099bc	5aa4c513	xori	x10,x9,1450	  x9:0xffffffff x10=0xfffffa55
     480225.000 ns	     48021	800099c0	213c8a53	fsgnj.s	f20,f25,f19	 f25:0xc2800000 f19:0x7fc00000 f20=0x42800000
     480245.000 ns	     48023	800099c4	01a670b3	and	x1,x12,x26	 x12:0x00000001 x26:0x80040fe4  x1=0x00000000
     480285.000 ns	     48027	800099c8	094f9c53	fsub.s	f24,f31,f20	 f31:0xbe800410 f20:0x42800000 f24=0xc2808004
     480305.000 ns	     48029	800099cc	018712b3	sll	x5,x14,x24	 x14:0x000003af x24:0x00000286  x5=0x0000ebc0
     480325.000 ns	     48031	800099d0	d01df8d3	fcvt.s.wu	f17,x27	 x27:0x80041024 f17=0x4f000410
     480345.000 ns	     48033	800099d4	0035a5b3	slt	x11,x11,x3	 x11:0x00000000  x3:0x00000000 x11=0x00000000
     480385.000 ns	     48037	800099d8	01682f53	fadd.s	f30,f16,f22	 f16:0x6e576c26 f22:0xfffffc68 f30=0x7fc00000
     480405.000 ns	     48039	800099dc	00f05b13	srli	x22,x0,0xf	  x0:0x00000000 x22=0x00000000
     480425.000 ns	     48041	800099e0	03274b33	div	x22,x14,x18	 x14:0x000003af x18:0x00000000 x22=0xffffffff
     480455.000 ns	     48044	800099e4	215f1853	fsgnjn.s	f16,f30,f21	 f30:0x7fc00000 f21:0x7fc00000 f16=0xffc00000
     480485.000 ns	     48047	800099e8	a0759453	flt.s	x8,f11,f7	 f11:0xc2800000  f7:0xff800000  x8=0x00000000
     480515.000 ns	     48050	800099ec	d0081553	fcvt.s.w	f10,x16	 x16:0x00000000 f10=0x00000000
     480885.000 ns	     48087	800099f0	03f3f733	remu	x14,x7,x31	  x7:0xe44cd655 x31:0xffffffff x14=0xe44cd655
     480905.000 ns	     48089	800099f4	003c0733	add	x14,x24,x3	 x24:0x00000286  x3:0x00000000 x14=0x00000286
     480925.000 ns	     48091	800099f8	e0010753	fmv.x.w	x14,f2	  f2:0xff800000 x14=0xff800000
     480955.000 ns	     48094	800099fc	03422fb3	mulhsu	x31,x4,x20	  x4:0x00000000 x20:0x000003af x31=0x00000000
     480985.000 ns	     48097	80009a00	d00e7b53	fcvt.s.w	f22,x28	 x28:0x00000010 f22=0x41800000
     481015.000 ns	     48100	80009a04	21fb89d3	fsgnj.s	f19,f23,f31	 f23:0x5f9a9aea f31:0xbe800410 f19=0xdf9a9aea
     481045.000 ns	     48103	80009a08	206014d3	fsgnjn.s	f9,f0,f6	  f0:0x7fc00000  f6:0x00000000  f9=0xffc00000
     481065.000 ns	     48105	80009a0c	00000013	addi	x0,x0,0	  x0:0x00000000
     481085.000 ns	     48107	80009a10	c009fc53	fcvt.w.s	x24,f19	 f19:0xdf9a9aea x24=0x80000000
     481105.000 ns	     48109	80009a14	000666b3	or	x13,x12,x0	 x12:0x00000001  x0:0x00000000 x13=0x00000001
     481115.000 ns	     48110	80009a18	3ffff593	andi	x11,x31,1023	 x31:0x00000000 x11=0x00000000
     481125.000 ns	     48111	80009a1c	00308733	add	x14,x1,x3	  x1:0x00000000  x3:0x00000000 x14=0x00000000
     481165.000 ns	     48115	80009a20	09387ad3	fsub.s	f21,f16,f19	 f16:0xffc00000 f19:0xdf9a9aea f21=0x7fc00000
     481195.000 ns	     48118	80009a24	a108a4d3	feq.s	x9,f17,f16	 f17:0x4f000410 f16:0xffc00000  x9=0x00000000
     481215.000 ns	     48120	80009a28	406d82b3	sub	x5,x27,x6	 x27:0x80041024  x6:0x4a464000  x5=0x35bdd024
     481235.000 ns	     48122	80009a2c	e0029153	fclass.s	x2,f5	  f5:0xff800000  x2=0x00000001
     481255.000 ns	     48124	80009a30	00b3ff33	and	x30,x7,x11	  x7:0xe44cd655 x11:0x00000000 x30=0x00000000
     481275.000 ns	     48126	80009a34	030b7f33	remu	x30,x22,x16	 x22:0xffffffff x16:0x00000000 x30=0xffffffff
     481305.000 ns	     48129	80009a38	d00ecf53	fcvt.s.w	f30,x29	 x29:0x00000010 f30=0x41800000
     481325.000 ns	     48131	80009a3c	0173d693	srli	x13,x7,0x17	  x7:0xe44cd655 x13=0x000001c8
     481365.000 ns	     48135	80009a40	000880d3	fadd.s	f1,f17,f0	 f17:0x4f000410  f0:0x7fc00000  f1=0x7fc00000
     481385.000 ns	     48137	80009a44	00cbb433	sltu	x8,x23,x12	 x23:0x00000000 x12:0x00000001  x8=0x00000001
     481405.000 ns	     48139	80009a48	21170b53	fsgnj.s	f22,f14,f17	 f14:0x7fc00000 f17:0x4f000410 f22=0x7fc00000
     481425.000 ns	     48141	80009a4c	01e0d293	srli	x5,x1,0x1e	  x1:0x00000000  x5=0x00000000
     481435.000 ns	     48142	80009a50	7fd6eb13	ori	x22,x13,2045	 x13:0x000001c8 x22=0x000007fd
     481455.000 ns	     48144	80009a54	21ea98d3	fsgnjn.s	f17,f21,f30	 f21:0x7fc00000 f30:0x41800000 f17=0xffc00000
     481485.000 ns	     48147	80009a58	02315a33	divu	x20,x2,x3	  x2:0x00000001  x3:0x00000000 x20=0xffffffff
     481515.000 ns	     48150	80009a5c	a00f0953	fle.s	x18,f30,f0	 f30:0x41800000  f0:0x7fc00000 x18=0x00000000
     481535.000 ns	     48152	80009a60	0082d513	srli	x10,x5,0x8	  x5:0x00000000 x10=0x00000000
     481545.000 ns	     48153	80009a64	60d94013	xori	x0,x18,1549	 x18:0x00000000
     481585.000 ns	     48157	80009a68	01c30d53	fadd.s	f26,f6,f28	  f6:0x00000000 f28:0x6e576c26 f26=0x6e576c26
     481605.000 ns	     48159	80009a6c	1ab70293	addi	x5,x14,427	 x14:0x00000000  x5=0x000001ab
     481625.000 ns	     48161	80009a70	a1d31fd3	flt.s	x31,f6,f29	  f6:0x00000000 f29:0xffc00000 x31=0x00000000
     481655.000 ns	     48164	80009a74	28e48253	fmin.s	f4,f9,f14	  f9:0xffc00000 f14:0x7fc00000  f4=0x7fc00000
     481685.000 ns	     48167	80009a78	a12c20d3	feq.s	x1,f24,f18	 f24:0xc2808004 f18:0x40ffffae  x1=0x00000000
     481715.000 ns	     48170	80009a7c	030be733	rem	x14,x23,x16	 x23:0x00000000 x16:0x00000000 x14=0x00000000
     482085.000 ns	     48207	80009a80	02fb4633	div	x12,x22,x15	 x22:0x000007fd x15:0x77c8048e x12=0x00000000
     482105.000 ns	     48209	80009a84	00c15c93	srli	x25,x2,0xc	  x2:0x00000001 x25=0x00000000
     482135.000 ns	     48212	80009a88	19daf953	fdiv.s	f18,f21,f29	 f21:0x7fc00000 f29:0xffc00000 f18=0x7fc00000
     482165.000 ns	     48215	80009a8c	c0017453	fcvt.w.s	x8,f2	  f2:0xff800000  x8=0x80000000
     483345.000 ns	     48333	80009a90	580bb453	fsqrt.s	f8,f23	 f23:0x5f9a9aea  f8=0x4f8cac9a
     483375.000 ns	     48336	80009a94	027238b3	mulhu	x17,x4,x7	  x4:0x00000000  x7:0xe44cd655 x17=0x00000000
     483395.000 ns	     48338	80009a98	1b9cc413	xori	x8,x25,441	 x25:0x00000000  x8=0x000001b9
     483405.000 ns	     48339	80009a9c	3e4fa193	slti	x3,x31,996	 x31:0x00000000  x3=0x00000001
     483765.000 ns	     48375	80009aa0	03b64433	div	x8,x12,x27	 x12:0x00000000 x27:0x80041024  x8=0x00000000
     483795.000 ns	     48378	80009aa4	29128253	fmin.s	f4,f5,f17	  f5:0xff800000 f17:0xffc00000  f4=0xff800000
     483825.000 ns	     48381	80009aa8	02d2b633	mulhu	x12,x5,x13	  x5:0x000001ab x13:0x000001c8 x12=0x00000000
     483855.000 ns	     48384	80009aac	03aa0733	mul	x14,x20,x26	 x20:0xffffffff x26:0x80040fe4 x14=0x7ffbf01c
     483885.000 ns	     48387	80009ab0	02afb1b3	mulhu	x3,x31,x10	 x31:0x00000000 x10:0x00000000  x3=0x00000000
     483905.000 ns	     48389	80009ab4	41e784b3	sub	x9,x15,x30	 x15:0x77c8048e x30:0xffffffff  x9=0x77c8048f
     483925.000 ns	     48391	80009ab8	a13c8ed3	fle.s	x29,f25,f19	 f25:0xc2800000 f19:0xdf9a9aea x29=0x00000000
     483945.000 ns	     48393	80009abc	0a5b8893	addi	x17,x23,165	 x23:0x00000000 x17=0x000000a5
     483965.000 ns	     48395	80009ac0	d01a9153	fcvt.s.wu	f2,x21	 x21:0xff800000  f2=0x4f7f8000
     483995.000 ns	     48398	80009ac4	a19e03d3	fle.s	x7,f28,f25	 f28:0x6e576c26 f25:0xc2800000  x7=0x00000000
     484025.000 ns	     48401	80009ac8	e00094d3	fclass.s	x9,f1	  f1:0x7fc00000  x9=0x00000200
     484055.000 ns	     48404	80009acc	a0f30253	fle.s	x4,f6,f15	  f6:0x00000000 f15:0x384030b9  x4=0x00000001
     484085.000 ns	     48407	80009ad0	03ef21b3	mulhsu	x3,x30,x30	 x30:0xffffffff x30:0xffffffff  x3=0xffffffff
     484105.000 ns	     48409	80009ad4	0071ca33	xor	x20,x3,x7	  x3:0x00000000  x7:0x00000000 x20=0xffffffff
     484115.000 ns	     48410	80009ad8	418f0fb3	sub	x31,x30,x24	 x30:0xffffffff x24:0x80000000 x31=0x7fffffff
     484135.000 ns	     48412	80009adc	c019f253	fcvt.wu.s	x4,f19	 f19:0xdf9a9aea  x4=0x00000000
     484165.000 ns	     48415	80009ae0	f00d8ed3	fmv.w.x	f29,x27	 x27:0x80041024 f29=0x80041024
     484185.000 ns	     48417	80009ae4	81ff3713	sltiu	x14,x30,-2017	 x30:0xffffffff x14=0x00000000
     484195.000 ns	     48418	80009ae8	de41ff93	andi	x31,x3,-540	  x3:0xffffffff x31=0xfffffde4
     484235.000 ns	     48422	80009aec	08391b53	fsub.s	f22,f18,f3	 f18:0x7fc00000  f3:0x00000000 f22=0x7fc00000
     484605.000 ns	     48459	80009af0	0299cab3	div	x21,x19,x9	 x19:0x00000080  x9:0x00000200 x21=0x00000000
     484975.000 ns	     48496	80009af4	03a3df33	divu	x30,x7,x26	  x7:0x00000000 x26:0x80040fe4 x30=0x00000000
     484995.000 ns	     48498	80009af8	40fe8eb3	sub	x29,x29,x15	 x29:0x00000000 x15:0x77c8048e x29=0x8837fb72
     485015.000 ns	     48500	80009afc	c00123d3	fcvt.w.s	x7,f2	  f2:0x4f7f8000  x7=0x7fffffff
     485045.000 ns	     48503	80009b00	c002f153	fcvt.w.s	x2,f5	  f5:0xff800000  x2=0x80000000
     485075.000 ns	     48506	80009b04	02ccf4b3	remu	x9,x25,x12	 x25:0x00000000 x12:0x00000000  x9=0x00000000
     485105.000 ns	     48509	80009b08	203a21d3	fsgnjx.s	f3,f20,f3	 f20:0x42800000  f3:0x00000000  f3=0x42800000
     485125.000 ns	     48511	80009b0c	01483533	sltu	x10,x16,x20	 x16:0x00000000 x20:0xffffffff x10=0x00000001
     485155.000 ns	     48514	80009b10	10f27953	fmul.s	f18,f4,f15	  f4:0xff800000 f15:0x384030b9 f18=0xff800000
     485175.000 ns	     48516	80009b14	012ce6b3	or	x13,x25,x18	 x25:0x00000000 x18:0x00000000 x13=0x00000000
     485205.000 ns	     48519	80009b18	192d7b53	fdiv.s	f22,f26,f18	 f26:0x6e576c26 f18:0xff800000 f22=0x80000000
     485225.000 ns	     48521	80009b1c	00fcac33	slt	x24,x25,x15	 x25:0x00000000 x15:0x77c8048e x24=0x00000001
     485255.000 ns	     48524	80009b20	1929f9d3	fdiv.s	f19,f19,f18	 f19:0xdf9a9aea f18:0xff800000 f19=0x00000000
     485275.000 ns	     48526	80009b24	c1a4a493	slti	x9,x9,-998	  x9:0x00000000  x9=0x00000000
     485295.000 ns	     48528	80009b28	28258153	fmin.s	f2,f11,f2	 f11:0xc2800000  f2:0x4f7f8000  f2=0xc2800000
     485665.000 ns	     48565	80009b2c	03f24433	div	x8,x4,x31	  x4:0x00000000 x31:0xfffffde4  x8=0x00000000
     485685.000 ns	     48567	80009b30	52cc6193	ori	x3,x24,1324	 x24:0x00000001  x3=0x0000052d
     486045.000 ns	     48603	80009b34	033163b3	rem	x7,x2,x19	  x2:0x80000000 x19:0x00000080  x7=0x00000000
     486065.000 ns	     48605	80009b38	0110e0b3	or	x1,x1,x17	  x1:0x00000000 x17:0x000000a5  x1=0x000000a5
     486085.000 ns	     48607	80009b3c	d0020753	fcvt.s.w	f14,x4	  x4:0x00000000 f14=0x00000000
     486115.000 ns	     48610	80009b40	02be7a33	remu	x20,x28,x11	 x28:0x00000010 x11:0x00000000 x20=0x00000010
     486135.000 ns	     48612	80009b44	9cf2ea97	auipc	x21,0x9cf2e	 x21=0x1cf37b44
     486145.000 ns	     48613	80009b48	00125bb3	srl	x23,x4,x1	  x4:0x00000000  x1:0x000000a5 x23=0x00000000
     486165.000 ns	     48615	80009b4c	a1db2b53	feq.s	x22,f22,f29	 f22:0x80000000 f29:0x80041024 x22=0x00000000
     486195.000 ns	     48618	80009b50	e0078853	fmv.x.w	x16,f15	 f15:0x384030b9 x16=0x384030b9
     486225.000 ns	     48621	80009b54	a140ac53	feq.s	x24,f1,f20	  f1:0x7fc00000 f20:0x42800000 x24=0x00000000
     486255.000 ns	     48624	80009b58	030902b3	mul	x5,x18,x16	 x18:0x00000000 x16:0x384030b9  x5=0x00000000
     486275.000 ns	     48626	80009b5c	2e807513	andi	x10,x0,744	  x0:0x00000000 x10=0x00000000
     486295.000 ns	     48628	80009b60	a138a0d3	feq.s	x1,f17,f19	 f17:0xffc00000 f19:0x00000000  x1=0x00000000
     486325.000 ns	     48631	80009b64	d0117bd3	fcvt.s.wu	f23,x2	  x2:0x80000000 f23=0x4f000000
     486355.000 ns	     48634	80009b68	c00df0d3	fcvt.w.s	x1,f27	 f27:0xee576c26  x1=0x80000000
     486725.000 ns	     48671	80009b6c	02f0fbb3	remu	x23,x1,x15	  x1:0x00000000 x15:0x77c8048e x23=0x0837fb72
     487095.000 ns	     48708	80009b70	0301c8b3	div	x17,x3,x16	  x3:0x0000052d x16:0x384030b9 x17=0x00000000
     487115.000 ns	     48710	80009b74	f0e03693	sltiu	x13,x0,-242	  x0:0x00000000 x13=0x00000001
     487135.000 ns	     48712	80009b78	d01570d3	fcvt.s.wu	f1,x10	 x10:0x00000000  f1=0x00000000
     487165.000 ns	     48715	80009b7c	f0040453	fmv.w.x	f8,x8	  x8:0x00000000  f8=0x00000000
     487195.000 ns	     48718	80009b80	02ea6eb3	rem	x29,x20,x14	 x20:0x00000010 x14:0x00000000 x29=0x00000010
     487215.000 ns	     48720	80009b84	0132cf33	xor	x30,x5,x19	  x5:0x00000000 x19:0x00000080 x30=0x00000080
     487235.000 ns	     48722	80009b88	207caad3	fsgnjx.s	f21,f25,f7	 f25:0xc2800000  f7:0xff800000 f21=0x42800000
     487265.000 ns	     48725	80009b8c	28cf8ad3	fmin.s	f21,f31,f12	 f31:0xbe800410 f12:0x42800000 f21=0xbe800410
     487295.000 ns	     48728	80009b90	d011b3d3	fcvt.s.wu	f7,x3	  x3:0x0000052d  f7=0x44a5a000
     487345.000 ns	     48733	80009b94	00382353	fadd.s	f6,f16,f3	 f16:0xffc00000  f3:0x42800000  f6=0x7fc00000
     487375.000 ns	     48736	80009b98	28509053	fmax.s	f0,f1,f5	  f1:0x00000000  f5:0xff800000  f0=0x00000000
     487395.000 ns	     48738	80009b9c	00000233	add	x4,x0,x0	  x0:0x00000000  x0:0x00000000  x4=0x00000000
     487755.000 ns	     48774	80009ba0	0224cfb3	div	x31,x9,x2	  x9:0x00000000  x2:0x80000000 x31=0x00000000
     487775.000 ns	     48776	80009ba4	00000013	addi	x0,x0,0	  x0:0x00000000
     487805.000 ns	     48779	80009ba8	58083bd3	fsqrt.s	f23,f16	 f16:0xffc00000 f23=0x7fc00000
     487825.000 ns	     48781	80009bac	8ea2e013	ori	x0,x5,-1814	  x5:0x00000000
     487865.000 ns	     48785	80009bb0	01184553	fadd.s	f10,f16,f17	 f16:0xffc00000 f17:0xffc00000 f10=0x7fc00000
     487885.000 ns	     48787	80009bb4	99986f13	ori	x30,x16,-1639	 x16:0x384030b9 x30=0xfffff9b9
     487905.000 ns	     48789	80009bb8	a0679853	flt.s	x16,f15,f6	 f15:0x384030b9  f6:0x7fc00000 x16=0x00000000
     487925.000 ns	     48791	80009bbc	0f37e993	ori	x19,x15,243	 x15:0x77c8048e x19=0x77c804ff
     487935.000 ns	     48792	80009bc0	e0982193	slti	x3,x16,-503	 x16:0x00000000  x3=0x00000000
     487945.000 ns	     48793	80009bc4	016cf833	and	x16,x25,x22	 x25:0x00000000 x22:0x00000000 x16=0x00000000
     487985.000 ns	     48797	80009bc8	08978ed3	fsub.s	f29,f15,f9	 f15:0x384030b9  f9:0xffc00000 f29=0x7fc00000
     488035.000 ns	     48802	80009bcc	09e5f6d3	fsub.s	f13,f11,f30	 f11:0xc2800000 f30:0x41800000 f13=0xc2a00000
     488405.000 ns	     48839	80009bd0	022efbb3	remu	x23,x29,x2	 x29:0x00000010  x2:0x80000000 x23=0x00000010
     488435.000 ns	     48842	80009bd4	c00af6d3	fcvt.w.s	x13,f21	 f21:0xbe800410 x13=0x00000000
     488465.000 ns	     48845	80009bd8	d0047fd3	fcvt.s.w	f31,x8	  x8:0x00000000 f31=0x00000000
     488495.000 ns	     48848	80009bdc	d003f7d3	fcvt.s.w	f15,x7	  x7:0x00000000 f15=0x00000000
     488525.000 ns	     48851	80009be0	0338ac33	mulhsu	x24,x17,x19	 x17:0x00000000 x19:0x77c804ff x24=0x00000000
     488555.000 ns	     48854	80009be4	215d8b53	fsgnj.s	f22,f27,f21	 f27:0xee576c26 f21:0xbe800410 f22=0xee576c26
     488585.000 ns	     48857	80009be8	d00677d3	fcvt.s.w	f15,x12	 x12:0x00000000 f15=0x00000000
     488605.000 ns	     48859	80009bec	85b8aa13	slti	x20,x17,-1957	 x17:0x00000000 x20=0x00000000
     488615.000 ns	     48860	80009bf0	405ad033	sra	x0,x21,x5	 x21:0x1cf37b44  x5:0x00000000
     488625.000 ns	     48861	80009bf4	01d8bfb3	sltu	x31,x17,x29	 x17:0x00000000 x29:0x00000010 x31=0x00000001
     488635.000 ns	     48862	80009bf8	df29ba93	sltiu	x21,x19,-526	 x19:0x77c804ff x21=0x00000001
     488645.000 ns	     48863	80009bfc	2ad16237	lui	x4,0x2ad16	  x4=0x2ad16000
     488665.000 ns	     48865	80009c00	0369a0b3	mulhsu	x1,x19,x22	 x19:0x77c804ff x22:0x00000000  x1=0x00000000
     488685.000 ns	     48867	80009c04	c37e3a13	sltiu	x20,x28,-969	 x28:0x00000010 x20=0x00000001
     488695.000 ns	     48868	80009c08	414f5533	sra	x10,x30,x20	 x30:0xfffff9b9 x20:0x00000000 x10=0xfffffcdc
     488715.000 ns	     48870	80009c0c	033ba8b3	mulhsu	x17,x23,x19	 x23:0x00000010 x19:0x77c804ff x17=0x00000007
     488735.000 ns	     48872	80009c10	012f5213	srli	x4,x30,0x12	 x30:0xfffff9b9  x4=0x00003fff
     488745.000 ns	     48873	80009c14	c82cec13	ori	x24,x25,-894	 x25:0x00000000 x24=0xfffffc82
     488755.000 ns	     48874	80009c18	41e680b3	sub	x1,x13,x30	 x13:0x00000000 x30:0xfffff9b9  x1=0x00000647
     488775.000 ns	     48876	80009c1c	205e0ad3	fsgnj.s	f21,f28,f5	 f28:0x6e576c26  f5:0xff800000 f21=0xee576c26
     488795.000 ns	     48878	80009c20	0019db13	srli	x22,x19,0x1	 x19:0x77c804ff x22=0x3be4027f
     488815.000 ns	     48880	80009c24	d00670d3	fcvt.s.w	f1,x12	 x12:0x00000000  f1=0x00000000
     488855.000 ns	     48884	80009c28	10f0f553	fmul.s	f10,f1,f15	  f1:0x00000000 f15:0x00000000 f10=0x00000000
     488875.000 ns	     48886	80009c2c	00000013	addi	x0,x0,0	  x0:0x00000000
     488885.000 ns	     48887	80009c30	004cb633	sltu	x12,x25,x4	 x25:0x00000000  x4:0x00003fff x12=0x00000001
     488895.000 ns	     48888	80009c34	b244bb13	sltiu	x22,x9,-1244	  x9:0x00000000 x22=0x00000001
     488905.000 ns	     48889	80009c38	0009a2b3	slt	x5,x19,x0	 x19:0x77c804ff  x0:0x00000000  x5=0x00000000
     488925.000 ns	     48891	80009c3c	027dc2b3	div	x5,x27,x7	 x27:0x80041024  x7:0x00000000  x5=0xffffffff
     488955.000 ns	     48894	80009c40	29859dd3	fmax.s	f27,f11,f24	 f11:0xc2800000 f24:0xc2808004 f27=0xc2800000
     488975.000 ns	     48896	80009c44	019b2a33	slt	x20,x22,x25	 x22:0x00000001 x25:0x00000000 x20=0x00000000
     488995.000 ns	     48898	80009c48	a11d89d3	fle.s	x19,f27,f17	 f27:0xc2800000 f17:0xffc00000 x19=0x00000000
     489015.000 ns	     48900	80009c4c	003e1a33	sll	x20,x28,x3	 x28:0x00000010  x3:0x00000000 x20=0x00000010
     489025.000 ns	     48901	80009c50	018f5733	srl	x14,x30,x24	 x30:0xfffff9b9 x24:0xfffffc82 x14=0x3ffffe6e
     489035.000 ns	     48902	80009c54	01033fb3	sltu	x31,x6,x16	  x6:0x4a464000 x16:0x00000000 x31=0x00000000
     489045.000 ns	     48903	80009c58	0061eab3	or	x21,x3,x6	  x3:0x00000000  x6:0x4a464000 x21=0x4a464000
     489065.000 ns	     48905	80009c5c	20be05d3	fsgnj.s	f11,f28,f11	 f28:0x6e576c26 f11:0xc2800000 f11=0xee576c26
     489085.000 ns	     48907	80009c60	001e4ab3	xor	x21,x28,x1	 x28:0x00000010  x1:0x00000647 x21=0x00000657
     489445.000 ns	     48943	80009c64	037d45b3	div	x11,x26,x23	 x26:0x80040fe4 x23:0x00000010 x11=0xf80040ff
     489495.000 ns	     48948	80009c68	08ef8f53	fsub.s	f30,f31,f14	 f31:0x00000000 f14:0x00000000 f30=0x80000000
     489525.000 ns	     48951	80009c6c	f0088fd3	fmv.w.x	f31,x17	 x17:0x00000007 f31=0x00000007
     489895.000 ns	     48988	80009c70	02b5f5b3	remu	x11,x11,x11	 x11:0xf80040ff x11:0xf80040ff x11=0x00000000
     489915.000 ns	     48990	80009c74	00ff1bb3	sll	x23,x30,x15	 x30:0xfffff9b9 x15:0x77c8048e x23=0xfe6e4000
     489925.000 ns	     48991	80009c78	882f7613	andi	x12,x30,-1918	 x30:0xfffff9b9 x12=0xfffff880
     489935.000 ns	     48992	80009c7c	4058df93	srai	x31,x17,0x5	 x17:0x00000007 x31=0x00000000
     489965.000 ns	     48995	80009c80	1119c553	fmul.s	f10,f19,f17	 f19:0x00000000 f17:0xffc00000 f10=0x7fc00000
     490335.000 ns	     49032	80009c84	0319f4b3	remu	x9,x19,x17	 x19:0x00000000 x17:0x00000007  x9=0x00000000
     490355.000 ns	     49034	80009c88	01078133	add	x2,x15,x16	 x15:0x77c8048e x16:0x00000000  x2=0x77c8048e
     490365.000 ns	     49035	80009c8c	007f54b3	srl	x9,x30,x7	 x30:0xfffff9b9  x7:0x00000000  x9=0xfffff9b9
     490385.000 ns	     49037	80009c90	d00179d3	fcvt.s.w	f19,x2	  x2:0x80000000 f19=0x4eef9009
     490405.000 ns	     49039	80009c94	403e5413	srai	x8,x28,0x3	 x28:0x00000010  x8=0x00000002
     490425.000 ns	     49041	80009c98	a10520d3	feq.s	x1,f10,f16	 f10:0x7fc00000 f16:0xffc00000  x1=0x00000000
     490445.000 ns	     49043	80009c9c	0102b9b3	sltu	x19,x5,x16	  x5:0xffffffff x16:0x00000000 x19=0x00000000
     490465.000 ns	     49045	80009ca0	d01fbdd3	fcvt.s.wu	f27,x31	 x31:0x00000000 f27=0x00000000
     490485.000 ns	     49047	80009ca4	01abdc13	srli	x24,x23,0x1a	 x23:0xfe6e4000 x24=0x0000003f
     490505.000 ns	     49049	80009ca8	d0172153	fcvt.s.wu	f2,x14	 x14:0x3ffffe6e  f2=0x4e7ffffa
     490535.000 ns	     49052	80009cac	20311753	fsgnjn.s	f14,f2,f3	  f2:0xc2800000  f3:0x42800000 f14=0xce7ffffa
     490555.000 ns	     49054	80009cb0	00000013	addi	x0,x0,0	  x0:0x00000000
     490565.000 ns	     49055	80009cb4	46e48a93	addi	x21,x9,1134	  x9:0xfffff9b9 x21=0xfffffe27
     490585.000 ns	     49057	80009cb8	02f816b3	mulh	x13,x16,x15	 x16:0x00000000 x15:0x77c8048e x13=0x00000000
     490615.000 ns	     49060	80009cbc	c01ef8d3	fcvt.wu.s	x17,f29	 f29:0x7fc00000 x17=0xffffffff
     490985.000 ns	     49097	80009cc0	0253f3b3	remu	x7,x7,x5	  x7:0x00000000  x5:0xffffffff  x7=0x00000000
     491005.000 ns	     49099	80009cc4	a5560b93	addi	x23,x12,-1451	 x12:0xfffff880 x23=0xfffff2d5
     491365.000 ns	     49135	80009cc8	035c53b3	divu	x7,x24,x21	 x24:0x0000003f x21:0xfffffe27  x7=0x00000000
     491385.000 ns	     49137	80009ccc	413cdc93	srai	x25,x25,0x13	 x25:0x00000000 x25=0x00000000
     491425.000 ns	     49141	80009cd0	08279153	fsub.s	f2,f15,f2	 f15:0x00000000  f2:0x4e7ffffa  f2=0xce7ffffa
     491455.000 ns	     49144	80009cd4	a1a4a653	feq.s	x12,f9,f26	  f9:0xffc00000 f26:0x6e576c26 x12=0x00000000
     491485.000 ns	     49147	80009cd8	20950b53	fsgnj.s	f22,f10,f9	 f10:0x7fc00000  f9:0xffc00000 f22=0xffc00000
     491515.000 ns	     49150	80009cdc	e00f0fd3	fmv.x.w	x31,f30	 f30:0x80000000 x31=0x80000000
     491555.000 ns	     49154	80009ce0	19b172d3	fdiv.s	f5,f2,f27	  f2:0xce7ffffa f27:0x00000000  f5=0xff800000
     491575.000 ns	     49156	80009ce4	01d02933	slt	x18,x0,x29	  x0:0x00000000 x29:0x00000010 x18=0x00000001
     491585.000 ns	     49157	80009ce8	4d497593	andi	x11,x18,1236	 x18:0x00000000 x11=0x00000000
     491595.000 ns	     49158	80009cec	e741ecb7	lui	x25,0xe741e	 x25=0xe741e000
     491605.000 ns	     49159	80009cf0	00000013	addi	x0,x0,0	  x0:0x00000000
     491615.000 ns	     49160	80009cf4	00855093	srli	x1,x10,0x8	 x10:0xfffffcdc  x1=0x00fffffc
     491635.000 ns	     49162	80009cf8	212c97d3	fsgnjn.s	f15,f25,f18	 f25:0xc2800000 f18:0xff800000 f15=0x42800000
     491665.000 ns	     49165	80009cfc	034ba633	mulhsu	x12,x23,x20	 x23:0xfffff2d5 x20:0x00000010 x12=0xffffffff
     491695.000 ns	     49168	80009d00	e00c88d3	fmv.x.w	x17,f25	 f25:0xc2800000 x17=0xc2800000
     491725.000 ns	     49171	80009d04	21db2753	fsgnjx.s	f14,f22,f29	 f22:0xffc00000 f29:0x7fc00000 f14=0xffc00000
     491745.000 ns	     49173	80009d08	41f75013	srai	x0,x14,0x1f	 x14:0x3ffffe6e
     491765.000 ns	     49175	80009d0c	021b8bb3	mul	x23,x23,x1	 x23:0xfffff2d5  x1:0x00fffffc x23=0xd50034ac
     491785.000 ns	     49177	80009d10	01a05bb3	srl	x23,x0,x26	  x0:0x00000000 x26:0x80040fe4 x23=0x00000000
     491805.000 ns	     49179	80009d14	a11a1653	flt.s	x12,f20,f17	 f20:0x42800000 f17:0xffc00000 x12=0x00000000
     491825.000 ns	     49181	80009d18	36bf2893	slti	x17,x30,875	 x30:0xfffff9b9 x17=0x00000001
     491855.000 ns	     49184	80009d1c	580444d3	fsqrt.s	f9,f8	  f8:0x00000000  f9=0x00000000
     491895.000 ns	     49188	80009d20	102a7053	fmul.s	f0,f20,f2	 f20:0x42800000  f2:0xce7ffffa  f0=0xd17ffffa
     491915.000 ns	     49190	80009d24	01f61f13	slli	x30,x12,0x1f	 x12:0x00000000 x30=0x00000000
     491925.000 ns	     49191	80009d28	00000013	addi	x0,x0,0	  x0:0x00000000
     492285.000 ns	     49227	80009d2c	0345eeb3	rem	x29,x11,x20	 x11:0x00000000 x20:0x00000010 x29=0x00000000
     492315.000 ns	     49230	80009d30	0335f4b3	remu	x9,x11,x19	 x11:0x00000000 x19:0x00000000  x9=0x00000000
     492345.000 ns	     49233	80009d34	284f9fd3	fmax.s	f31,f31,f4	 f31:0x00000007  f4:0xff800000 f31=0x00000007
     492365.000 ns	     49235	80009d38	df9aa893	slti	x17,x21,-519	 x21:0xfffffe27 x17=0x00000000
     492375.000 ns	     49236	80009d3c	43be2a93	slti	x21,x28,1083	 x28:0x00000010 x21=0x00000001
     492395.000 ns	     49238	80009d40	a1400453	fle.s	x8,f0,f20	  f0:0xd17ffffa f20:0x42800000  x8=0x00000001
     492415.000 ns	     49240	80009d44	98606a93	ori	x21,x0,-1658	  x0:0x00000000 x21=0xfffff986
     492775.000 ns	     49276	80009d48	0215d433	divu	x8,x11,x1	 x11:0x00000000  x1:0x00fffffc  x8=0x00000000
     492805.000 ns	     49279	80009d4c	c00d7b53	fcvt.w.s	x22,f26	 f26:0x6e576c26 x22=0x7fffffff
     492855.000 ns	     49284	80009d50	08021dd3	fsub.s	f27,f4,f0	  f4:0xff800000  f0:0xd17ffffa f27=0xff800000
     492875.000 ns	     49286	80009d54	00edd593	srli	x11,x27,0xe	 x27:0x80041024 x11=0x00020010
     492895.000 ns	     49288	80009d58	03a8b633	mulhu	x12,x17,x26	 x17:0x00000000 x26:0x80040fe4 x12=0x00000000
     492925.000 ns	     49291	80009d5c	d00ffad3	fcvt.s.w	f21,x31	 x31:0x80000000 f21=0xcf000000
     492945.000 ns	     49293	80009d60	52018013	addi	x0,x3,1312	  x3:0x00000000
     493275.000 ns	     49326	80009d64	18ba7e53	fdiv.s	f28,f20,f11	 f20:0x42800000 f11:0xee576c26 f28=0x93800000
     493315.000 ns	     49330	80009d68	19d78cd3	fdiv.s	f25,f15,f29	 f15:0x42800000 f29:0x7fc00000 f25=0x7fc00000
     493335.000 ns	     49332	80009d6c	00000013	addi	x0,x0,0	  x0:0x00000000
     493345.000 ns	     49333	80009d70	00000013	addi	x0,x0,0	  x0:0x00000000
     493365.000 ns	     49335	80009d74	d01e7253	fcvt.s.wu	f4,x28	 x28:0x00000010  f4=0x41800000
     493395.000 ns	     49338	80009d78	a15105d3	fle.s	x11,f2,f21	  f2:0xce7ffffa f21:0xcf000000 x11=0x00000000
     493415.000 ns	     49340	80009d7c	007b01b3	add	x3,x22,x7	 x22:0x7fffffff  x7:0x00000000  x3=0x7fffffff
     493425.000 ns	     49341	80009d80	41c2d613	srai	x12,x5,0x1c	  x5:0xffffffff x12=0xffffffff
     493435.000 ns	     49342	80009d84	016354b3	srl	x9,x6,x22	  x6:0x4a464000 x22:0x7fffffff  x9=0x00000000
     493445.000 ns	     49343	80009d88	af882513	slti	x10,x16,-1288	 x16:0x00000000 x10=0x00000000
     493455.000 ns	     49344	80009d8c	40503b13	sltiu	x22,x0,1029	  x0:0x00000000 x22=0x00000001
     493475.000 ns	     49346	80009d90	c002f2d3	fcvt.w.s	x5,f5	  f5:0xff800000  x5=0x80000000
     493495.000 ns	     49348	80009d94	004e95b3	sll	x11,x29,x4	 x29:0x00000000  x4:0x00003fff x11=0x00000000
     493505.000 ns	     49349	80009d98	00738133	add	x2,x7,x7	  x7:0x00000000  x7:0x00000000  x2=0x00000000
     493525.000 ns	     49351	80009d9c	d017a453	fcvt.s.wu	f8,x15	 x15:0x77c8048e  f8=0x4eef900a
     493545.000 ns	     49353	80009da0	01ad1433	sll	x8,x26,x26	 x26:0x80040fe4 x26:0x80040fe4  x8=0x0040fe40
     493555.000 ns	     49354	80009da4	408ada33	sra	x20,x21,x8	 x21:0xfffff986  x8:0x00000000 x20=0xfffff986
     493595.000 ns	     49358	80009da8	085bc2d3	fsub.s	f5,f23,f5	 f23:0x7fc00000  f5:0xff800000  f5=0x7fc00000
     493625.000 ns	     49361	80009dac	21a19753	fsgnjn.s	f14,f3,f26	  f3:0x42800000 f26:0x6e576c26 f14=0xc2800000
     493645.000 ns	     49363	80009db0	4003d313	srai	x6,x7,0x0	  x7:0x00000000  x6=0x00000000
     493655.000 ns	     49364	80009db4	40b9dfb3	sra	x31,x19,x11	 x19:0x00000000 x11:0x00000000 x31=0x00000000
     493675.000 ns	     49366	80009db8	c011fa53	fcvt.wu.s	x20,f3	  f3:0x42800000 x20=0x00000040
     493705.000 ns	     49369	80009dbc	c0097fd3	fcvt.w.s	x31,f18	 f18:0xff800000 x31=0x80000000
     493735.000 ns	     49372	80009dc0	c00c0ad3	fcvt.w.s	x21,f24	 f24:0xc2808004 x21=0xffffffc0
     493755.000 ns	     49374	80009dc4	41f3d113	srai	x2,x7,0x1f	  x7:0x00000000  x2=0x00000000
     493775.000 ns	     49376	80009dc8	027feeb3	rem	x29,x31,x7	 x31:0x80000000  x7:0x00000000 x29=0x80000000
     493795.000 ns	     49378	80009dcc	aef87c13	andi	x24,x16,-1297	 x16:0x00000000 x24=0x00000000
     493805.000 ns	     49379	80009dd0	ffba2037	lui	x0,0xffba2	
     493815.000 ns	     49380	80009dd4	416d5913	srai	x18,x26,0x16	 x26:0x80040fe4 x18=0xfffffe00
     493835.000 ns	     49382	80009dd8	29b29d53	fmax.s	f26,f5,f27	  f5:0x7fc00000 f27:0xff800000 f26=0xff800000
     493865.000 ns	     49385	80009ddc	a1a92e53	feq.s	x28,f18,f26	 f18:0xff800000 f26:0x6e576c26 x28=0x00000001
     493885.000 ns	     49387	80009de0	4146d693	srai	x13,x13,0x14	 x13:0x00000000 x13=0x00000000
     493895.000 ns	     49388	80009de4	00f1feb3	and	x29,x3,x15	  x3:0x7fffffff x15:0x77c8048e x29=0x77c8048e
     493905.000 ns	     49389	80009de8	41485bb3	sra	x23,x16,x20	 x16:0x00000000 x20:0x00000040 x23=0x00000000
     494265.000 ns	     49425	80009dec	034e62b3	rem	x5,x28,x20	 x28:0x00000001 x20:0x00000040  x5=0x00000001
     494295.000 ns	     49428	80009df0	20fd1153	fsgnjn.s	f2,f26,f15	 f26:0xff800000 f15:0x42800000  f2=0xff800000
     494325.000 ns	     49431	80009df4	c00e29d3	fcvt.w.s	x19,f28	 f28:0x93800000 x19=0x00000000
     494375.000 ns	     49436	80009df8	08fac753	fsub.s	f14,f21,f15	 f21:0xcf000000 f15:0x42800000 f14=0xcf000000
     494395.000 ns	     49438	80009dfc	00c56b33	or	x22,x10,x12	 x10:0x00000000 x12:0xffffffff x22=0xffffffff
     494405.000 ns	     49439	80009e00	8851ea37	lui	x20,0x8851e	 x20=0x8851e000
     494425.000 ns	     49441	80009e04	20439d53	fsgnjn.s	f26,f7,f4	  f7:0x44a5a000  f4:0x41800000 f26=0xc4a5a000
     494445.000 ns	     49443	80009e08	013568b3	or	x17,x10,x19	 x10:0x00000000 x19:0x00000000 x17=0x00000000
     494465.000 ns	     49445	80009e0c	c0171ed3	fcvt.wu.s	x29,f14	 f14:0xcf000000 x29=0x80000000
     494835.000 ns	     49482	80009e10	03a65333	divu	x6,x12,x26	 x12:0xffffffff x26:0x80040fe4  x6=0x00000001
     494865.000 ns	     49485	80009e14	d00520d3	fcvt.s.w	f1,x10	 x10:0x00000000  f1=0x00000000
     494895.000 ns	     49488	80009e18	298b8d53	fmin.s	f26,f23,f24	 f23:0x7fc00000 f24:0xc2808004 f26=0xc2808004
     494915.000 ns	     49490	80009e1c	e88d6913	ori	x18,x26,-376	 x26:0x80040fe4 x18=0xffffffec
     494935.000 ns	     49492	80009e20	d00777d3	fcvt.s.w	f15,x14	 x14:0x3ffffe6e f15=0x4e7ffff9
     494965.000 ns	     49495	80009e24	02f929b3	mulhsu	x19,x18,x15	 x18:0xfffffe00 x15:0x77c8048e x19=0xfffffff6
     494995.000 ns	     49498	80009e28	a1db8cd3	fle.s	x25,f23,f29	 f23:0x7fc00000 f29:0x7fc00000 x25=0x00000000
     495015.000 ns	     49500	80009e2c	41ac0633	sub	x12,x24,x26	 x24:0x00000000 x26:0x80040fe4 x12=0x7ffbf01c
     495025.000 ns	     49501	80009e30	01ebd413	srli	x8,x23,0x1e	 x23:0x00000000  x8=0x00000000
     495035.000 ns	     49502	80009e34	012f4033	xor	x0,x30,x18	 x30:0x00000000 x18:0xffffffec
     495055.000 ns	     49504	80009e38	e00484d3	fmv.x.w	x9,f9	  f9:0x00000000  x9=0x00000000
     495085.000 ns	     49507	80009e3c	294c8753	fmin.s	f14,f25,f20	 f25:0x7fc00000 f20:0x42800000 f14=0x42800000
     495115.000 ns	     49510	80009e40	28508dd3	fmin.s	f27,f1,f5	  f1:0x00000000  f5:0x7fc00000 f27=0x00000000
     495135.000 ns	     49512	80009e44	017cf033	and	x0,x25,x23	 x25:0x00000000 x23:0x00000000
     495155.000 ns	     49514	80009e48	03312533	mulhsu	x10,x2,x19	  x2:0x00000000 x19:0xfffffff6 x10=0x00000000
     495525.000 ns	     49551	80009e4c	02f963b3	rem	x7,x18,x15	 x18:0xffffffec x15:0x77c8048e  x7=0xffffffec
     495575.000 ns	     49556	80009e50	094dad53	fsub.s	f26,f27,f20	 f27:0x00000000 f20:0x42800000 f26=0xc2800000
     495945.000 ns	     49593	80009e54	03a64133	div	x2,x12,x26	 x12:0x7ffbf01c x26:0x80040fe4  x2=0xffffffff
     495965.000 ns	     49595	80009e58	01528f33	add	x30,x5,x21	  x5:0x00000001 x21:0xffffffc0 x30=0xffffffc1
     495975.000 ns	     49596	80009e5c	01387233	and	x4,x16,x19	 x16:0x00000000 x19:0xfffffff6  x4=0x00000000
     495995.000 ns	     49598	80009e60	03021c33	mulh	x24,x4,x16	  x4:0x00003fff x16:0x00000000 x24=0x00000000
     496025.000 ns	     49601	80009e64	e0009ad3	fclass.s	x21,f1	  f1:0x00000000 x21=0x00000010
     496045.000 ns	     49603	80009e68	ac6ae813	ori	x16,x21,-1338	 x21:0xffffffc0 x16=0xfffffad6
     496055.000 ns	     49604	80009e6c	55b04b93	xori	x23,x0,1371	  x0:0x00000000 x23=0x0000055b
     496075.000 ns	     49606	80009e70	a13b0c53	fle.s	x24,f22,f19	 f22:0xffc00000 f19:0x4eef9009 x24=0x00000000
     496095.000 ns	     49608	80009e74	010b9613	slli	x12,x23,0x10	 x23:0x00000000 x12=0x055b0000
     496125.000 ns	     49611	80009e78	10b54cd3	fmul.s	f25,f10,f11	 f10:0x7fc00000 f11:0xee576c26 f25=0x7fc00000
     496145.000 ns	     49613	80009e7c	01341e13	slli	x28,x8,0x13	  x8:0x00000000 x28=0x00000000
     496165.000 ns	     49615	80009e80	a110aed3	feq.s	x29,f1,f17	  f1:0x00000000 f17:0xffc00000 x29=0x00000000
     496185.000 ns	     49617	80009e84	6d504613	xori	x12,x0,1749	  x0:0x00000000 x12=0x000006d5
     496205.000 ns	     49619	80009e88	03d76933	rem	x18,x14,x29	 x14:0x3ffffe6e x29:0x00000000 x18=0x3ffffe6e
     496235.000 ns	     49622	80009e8c	02d3c0b3	div	x1,x7,x13	  x7:0xffffffec x13:0x00000000  x1=0xffffffff
     496265.000 ns	     49625	80009e90	a0fb80d3	fle.s	x1,f23,f15	 f23:0x7fc00000 f15:0x4e7ffff9  x1=0x00000000
     496285.000 ns	     49627	80009e94	76bf95b7	lui	x11,0x76bf9	 x11=0x76bf9000
     496295.000 ns	     49628	80009e98	00000797	auipc	x15,0x0	 x15=0x80009e98
     496305.000 ns	     49629	80009e9c	00c78793	addi	x15,x15,12	 x15:0x77c8048e x15=0x80009ea4
     496315.000 ns	     49630	80009ea0	00078067	jalr	x0,x15,0	 x15:0x77c8048e
     496365.000 ns	     49635	80009ea4	00100193	addi	x3,x0,1	  x0:0x00000000  x3=0x00000001
     496375.000 ns	     49636	80009ea8	00000073	ecall	
     496385.000 ns	     49637	80009eac	00036f17	auipc	x30,0x36	 x30=0x8003feac
     496395.000 ns	     49638	80009eb0	143f2a23	sw	x3,340(x30)	 x30:0xffffffc1  x3:0x00000001 PA:0xxxxxxxxx
     496415.000 ns	     49640	80009eb4	ff9ff06f	jal	x0,80009eb0	
     496465.000 ns	     49645	80009eac	00036f17	auipc	x30,0x36	 x30=0x8003feac
     496475.000 ns	     49646	80009eb0	143f2a23	sw	x3,340(x30)	 x30:0x8003feac  x3:0x00000001 PA:0xxxxxxxxx
     496495.000 ns	     49648	80009eb4	ff9ff06f	jal	x0,80009eb0	
     496545.000 ns	     49653	80009eac	00036f17	auipc	x30,0x36	 x30=0x8003feac
     496555.000 ns	     49654	80009eb0	143f2a23	sw	x3,340(x30)	 x30:0x8003feac  x3:0x00000001 PA:0xxxxxxxxx
     496575.000 ns	     49656	80009eb4	ff9ff06f	jal	x0,80009eb0	
     496625.000 ns	     49661	80009eac	00036f17	auipc	x30,0x36	 x30=0x8003feac
     496635.000 ns	     49662	80009eb0	143f2a23	sw	x3,340(x30)	 x30:0x8003feac  x3:0x00000001 PA:0xxxxxxxxx
     496655.000 ns	     49664	80009eb4	ff9ff06f	jal	x0,80009eb0	
     496705.000 ns	     49669	80009eac	00036f17	auipc	x30,0x36	 x30=0x8003feac
     496715.000 ns	     49670	80009eb0	143f2a23	sw	x3,340(x30)	 x30:0x8003feac  x3:0x00000001 PA:0xxxxxxxxx
     496735.000 ns	     49672	80009eb4	ff9ff06f	jal	x0,80009eb0	
     496785.000 ns	     49677	80009eac	00036f17	auipc	x30,0x36	 x30=0x8003feac
     496795.000 ns	     49678	80009eb0	143f2a23	sw	x3,340(x30)	 x30:0x8003feac  x3:0x00000001 PA:0xxxxxxxxx
     496815.000 ns	     49680	80009eb4	ff9ff06f	jal	x0,80009eb0	
     496865.000 ns	     49685	80009eac	00036f17	auipc	x30,0x36	 x30=0x8003feac
     496875.000 ns	     49686	80009eb0	143f2a23	sw	x3,340(x30)	 x30:0x8003feac  x3:0x00000001 PA:0xxxxxxxxx
     496895.000 ns	     49688	80009eb4	ff9ff06f	jal	x0,80009eb0	
     496945.000 ns	     49693	80009eac	00036f17	auipc	x30,0x36	 x30=0x8003feac
     496955.000 ns	     49694	80009eb0	143f2a23	sw	x3,340(x30)	 x30:0x8003feac  x3:0x00000001 PA:0xxxxxxxxx
     496975.000 ns	     49696	80009eb4	ff9ff06f	jal	x0,80009eb0	
     497025.000 ns	     49701	80009eac	00036f17	auipc	x30,0x36	 x30=0x8003feac
     497035.000 ns	     49702	80009eb0	143f2a23	sw	x3,340(x30)	 x30:0x8003feac  x3:0x00000001 PA:0xxxxxxxxx
     497055.000 ns	     49704	80009eb4	ff9ff06f	jal	x0,80009eb0	
     497105.000 ns	     49709	80009eac	00036f17	auipc	x30,0x36	 x30=0x8003feac
     497115.000 ns	     49710	80009eb0	143f2a23	sw	x3,340(x30)	 x30:0x8003feac  x3:0x00000001 PA:0xxxxxxxxx
     497135.000 ns	     49712	80009eb4	ff9ff06f	jal	x0,80009eb0	
     497185.000 ns	     49717	80009eac	00036f17	auipc	x30,0x36	 x30=0x8003feac
     497195.000 ns	     49718	80009eb0	143f2a23	sw	x3,340(x30)	 x30:0x8003feac  x3:0x00000001 PA:0xxxxxxxxx
     497215.000 ns	     49720	80009eb4	ff9ff06f	jal	x0,80009eb0	
     497265.000 ns	     49725	80009eac	00036f17	auipc	x30,0x36	 x30=0x8003feac
     497275.000 ns	     49726	80009eb0	143f2a23	sw	x3,340(x30)	 x30:0x8003feac  x3:0x00000001 PA:0xxxxxxxxx
     497295.000 ns	     49728	80009eb4	ff9ff06f	jal	x0,80009eb0	
     497345.000 ns	     49733	80009eac	00036f17	auipc	x30,0x36	 x30=0x8003feac
     497355.000 ns	     49734	80009eb0	143f2a23	sw	x3,340(x30)	 x30:0x8003feac  x3:0x00000001 PA:0xxxxxxxxx
     497375.000 ns	     49736	80009eb4	ff9ff06f	jal	x0,80009eb0	
     497425.000 ns	     49741	80009eac	00036f17	auipc	x30,0x36	 x30=0x8003feac
     497435.000 ns	     49742	80009eb0	143f2a23	sw	x3,340(x30)	 x30:0x8003feac  x3:0x00000001 PA:0xxxxxxxxx
     497455.000 ns	     49744	80009eb4	ff9ff06f	jal	x0,80009eb0	
     497505.000 ns	     49749	80009eac	00036f17	auipc	x30,0x36	 x30=0x8003feac
     497515.000 ns	     49750	80009eb0	143f2a23	sw	x3,340(x30)	 x30:0x8003feac  x3:0x00000001 PA:0xxxxxxxxx
     497535.000 ns	     49752	80009eb4	ff9ff06f	jal	x0,80009eb0	
     497585.000 ns	     49757	80009eac	00036f17	auipc	x30,0x36	 x30=0x8003feac
     497595.000 ns	     49758	80009eb0	143f2a23	sw	x3,340(x30)	 x30:0x8003feac  x3:0x00000001 PA:0xxxxxxxxx
     497615.000 ns	     49760	80009eb4	ff9ff06f	jal	x0,80009eb0	
     497665.000 ns	     49765	80009eac	00036f17	auipc	x30,0x36	 x30=0x8003feac
     497675.000 ns	     49766	80009eb0	143f2a23	sw	x3,340(x30)	 x30:0x8003feac  x3:0x00000001 PA:0xxxxxxxxx
     497695.000 ns	     49768	80009eb4	ff9ff06f	jal	x0,80009eb0	
     497745.000 ns	     49773	80009eac	00036f17	auipc	x30,0x36	 x30=0x8003feac
     497755.000 ns	     49774	80009eb0	143f2a23	sw	x3,340(x30)	 x30:0x8003feac  x3:0x00000001 PA:0xxxxxxxxx
     497775.000 ns	     49776	80009eb4	ff9ff06f	jal	x0,80009eb0	
     497825.000 ns	     49781	80009eac	00036f17	auipc	x30,0x36	 x30=0x8003feac
     497835.000 ns	     49782	80009eb0	143f2a23	sw	x3,340(x30)	 x30:0x8003feac  x3:0x00000001 PA:0xxxxxxxxx
     497855.000 ns	     49784	80009eb4	ff9ff06f	jal	x0,80009eb0	
     497905.000 ns	     49789	80009eac	00036f17	auipc	x30,0x36	 x30=0x8003feac
     497915.000 ns	     49790	80009eb0	143f2a23	sw	x3,340(x30)	 x30:0x8003feac  x3:0x00000001 PA:0xxxxxxxxx
     497935.000 ns	     49792	80009eb4	ff9ff06f	jal	x0,80009eb0	
     497985.000 ns	     49797	80009eac	00036f17	auipc	x30,0x36	 x30=0x8003feac
     497995.000 ns	     49798	80009eb0	143f2a23	sw	x3,340(x30)	 x30:0x8003feac  x3:0x00000001 PA:0xxxxxxxxx
     498015.000 ns	     49800	80009eb4	ff9ff06f	jal	x0,80009eb0	
     498065.000 ns	     49805	80009eac	00036f17	auipc	x30,0x36	 x30=0x8003feac
     498075.000 ns	     49806	80009eb0	143f2a23	sw	x3,340(x30)	 x30:0x8003feac  x3:0x00000001 PA:0xxxxxxxxx
     498095.000 ns	     49808	80009eb4	ff9ff06f	jal	x0,80009eb0	
     498145.000 ns	     49813	80009eac	00036f17	auipc	x30,0x36	 x30=0x8003feac
     498155.000 ns	     49814	80009eb0	143f2a23	sw	x3,340(x30)	 x30:0x8003feac  x3:0x00000001 PA:0xxxxxxxxx
     498175.000 ns	     49816	80009eb4	ff9ff06f	jal	x0,80009eb0	
     498225.000 ns	     49821	80009eac	00036f17	auipc	x30,0x36	 x30=0x8003feac
     498235.000 ns	     49822	80009eb0	143f2a23	sw	x3,340(x30)	 x30:0x8003feac  x3:0x00000001 PA:0xxxxxxxxx
     498255.000 ns	     49824	80009eb4	ff9ff06f	jal	x0,80009eb0	
     498305.000 ns	     49829	80009eac	00036f17	auipc	x30,0x36	 x30=0x8003feac
     498315.000 ns	     49830	80009eb0	143f2a23	sw	x3,340(x30)	 x30:0x8003feac  x3:0x00000001 PA:0xxxxxxxxx
     498335.000 ns	     49832	80009eb4	ff9ff06f	jal	x0,80009eb0	
     498385.000 ns	     49837	80009eac	00036f17	auipc	x30,0x36	 x30=0x8003feac
     498395.000 ns	     49838	80009eb0	143f2a23	sw	x3,340(x30)	 x30:0x8003feac  x3:0x00000001 PA:0xxxxxxxxx
     498415.000 ns	     49840	80009eb4	ff9ff06f	jal	x0,80009eb0	
     498465.000 ns	     49845	80009eac	00036f17	auipc	x30,0x36	 x30=0x8003feac
     498475.000 ns	     49846	80009eb0	143f2a23	sw	x3,340(x30)	 x30:0x8003feac  x3:0x00000001 PA:0xxxxxxxxx
     498495.000 ns	     49848	80009eb4	ff9ff06f	jal	x0,80009eb0	
     498545.000 ns	     49853	80009eac	00036f17	auipc	x30,0x36	 x30=0x8003feac
     498555.000 ns	     49854	80009eb0	143f2a23	sw	x3,340(x30)	 x30:0x8003feac  x3:0x00000001 PA:0xxxxxxxxx
     498575.000 ns	     49856	80009eb4	ff9ff06f	jal	x0,80009eb0	
     498625.000 ns	     49861	80009eac	00036f17	auipc	x30,0x36	 x30=0x8003feac
     498635.000 ns	     49862	80009eb0	143f2a23	sw	x3,340(x30)	 x30:0x8003feac  x3:0x00000001 PA:0xxxxxxxxx
     498655.000 ns	     49864	80009eb4	ff9ff06f	jal	x0,80009eb0	
     498705.000 ns	     49869	80009eac	00036f17	auipc	x30,0x36	 x30=0x8003feac
     498715.000 ns	     49870	80009eb0	143f2a23	sw	x3,340(x30)	 x30:0x8003feac  x3:0x00000001 PA:0xxxxxxxxx
     498735.000 ns	     49872	80009eb4	ff9ff06f	jal	x0,80009eb0	
     498785.000 ns	     49877	80009eac	00036f17	auipc	x30,0x36	 x30=0x8003feac
     498795.000 ns	     49878	80009eb0	143f2a23	sw	x3,340(x30)	 x30:0x8003feac  x3:0x00000001 PA:0xxxxxxxxx
     498815.000 ns	     49880	80009eb4	ff9ff06f	jal	x0,80009eb0	
     498865.000 ns	     49885	80009eac	00036f17	auipc	x30,0x36	 x30=0x8003feac
     498875.000 ns	     49886	80009eb0	143f2a23	sw	x3,340(x30)	 x30:0x8003feac  x3:0x00000001 PA:0xxxxxxxxx
     498895.000 ns	     49888	80009eb4	ff9ff06f	jal	x0,80009eb0	
     498945.000 ns	     49893	80009eac	00036f17	auipc	x30,0x36	 x30=0x8003feac
     498955.000 ns	     49894	80009eb0	143f2a23	sw	x3,340(x30)	 x30:0x8003feac  x3:0x00000001 PA:0xxxxxxxxx
     498975.000 ns	     49896	80009eb4	ff9ff06f	jal	x0,80009eb0	
     499025.000 ns	     49901	80009eac	00036f17	auipc	x30,0x36	 x30=0x8003feac
     499035.000 ns	     49902	80009eb0	143f2a23	sw	x3,340(x30)	 x30:0x8003feac  x3:0x00000001 PA:0xxxxxxxxx
     499055.000 ns	     49904	80009eb4	ff9ff06f	jal	x0,80009eb0	
     499105.000 ns	     49909	80009eac	00036f17	auipc	x30,0x36	 x30=0x8003feac
     499115.000 ns	     49910	80009eb0	143f2a23	sw	x3,340(x30)	 x30:0x8003feac  x3:0x00000001 PA:0xxxxxxxxx
     499135.000 ns	     49912	80009eb4	ff9ff06f	jal	x0,80009eb0	
     499185.000 ns	     49917	80009eac	00036f17	auipc	x30,0x36	 x30=0x8003feac
     499195.000 ns	     49918	80009eb0	143f2a23	sw	x3,340(x30)	 x30:0x8003feac  x3:0x00000001 PA:0xxxxxxxxx
     499215.000 ns	     49920	80009eb4	ff9ff06f	jal	x0,80009eb0	
     499265.000 ns	     49925	80009eac	00036f17	auipc	x30,0x36	 x30=0x8003feac
     499275.000 ns	     49926	80009eb0	143f2a23	sw	x3,340(x30)	 x30:0x8003feac  x3:0x00000001 PA:0xxxxxxxxx
     499295.000 ns	     49928	80009eb4	ff9ff06f	jal	x0,80009eb0	
     499345.000 ns	     49933	80009eac	00036f17	auipc	x30,0x36	 x30=0x8003feac
     499355.000 ns	     49934	80009eb0	143f2a23	sw	x3,340(x30)	 x30:0x8003feac  x3:0x00000001 PA:0xxxxxxxxx
     499375.000 ns	     49936	80009eb4	ff9ff06f	jal	x0,80009eb0	
     499425.000 ns	     49941	80009eac	00036f17	auipc	x30,0x36	 x30=0x8003feac
     499435.000 ns	     49942	80009eb0	143f2a23	sw	x3,340(x30)	 x30:0x8003feac  x3:0x00000001 PA:0xxxxxxxxx
     499455.000 ns	     49944	80009eb4	ff9ff06f	jal	x0,80009eb0	
     499505.000 ns	     49949	80009eac	00036f17	auipc	x30,0x36	 x30=0x8003feac
     499515.000 ns	     49950	80009eb0	143f2a23	sw	x3,340(x30)	 x30:0x8003feac  x3:0x00000001 PA:0xxxxxxxxx
     499535.000 ns	     49952	80009eb4	ff9ff06f	jal	x0,80009eb0	
     499585.000 ns	     49957	80009eac	00036f17	auipc	x30,0x36	 x30=0x8003feac
     499595.000 ns	     49958	80009eb0	143f2a23	sw	x3,340(x30)	 x30:0x8003feac  x3:0x00000001 PA:0xxxxxxxxx
     499615.000 ns	     49960	80009eb4	ff9ff06f	jal	x0,80009eb0	
     499665.000 ns	     49965	80009eac	00036f17	auipc	x30,0x36	 x30=0x8003feac
     499675.000 ns	     49966	80009eb0	143f2a23	sw	x3,340(x30)	 x30:0x8003feac  x3:0x00000001 PA:0xxxxxxxxx
     499695.000 ns	     49968	80009eb4	ff9ff06f	jal	x0,80009eb0	
     499745.000 ns	     49973	80009eac	00036f17	auipc	x30,0x36	 x30=0x8003feac
     499755.000 ns	     49974	80009eb0	143f2a23	sw	x3,340(x30)	 x30:0x8003feac  x3:0x00000001 PA:0xxxxxxxxx
     499775.000 ns	     49976	80009eb4	ff9ff06f	jal	x0,80009eb0	
     499825.000 ns	     49981	80009eac	00036f17	auipc	x30,0x36	 x30=0x8003feac
     499835.000 ns	     49982	80009eb0	143f2a23	sw	x3,340(x30)	 x30:0x8003feac  x3:0x00000001 PA:0xxxxxxxxx
     499855.000 ns	     49984	80009eb4	ff9ff06f	jal	x0,80009eb0	
     499905.000 ns	     49989	80009eac	00036f17	auipc	x30,0x36	 x30=0x8003feac
     499915.000 ns	     49990	80009eb0	143f2a23	sw	x3,340(x30)	 x30:0x8003feac  x3:0x00000001 PA:0xxxxxxxxx
     499935.000 ns	     49992	80009eb4	ff9ff06f	jal	x0,80009eb0	
     499985.000 ns	     49997	80009eac	00036f17	auipc	x30,0x36	 x30=0x8003feac
