		Time			Cycle	PC		Insn	Decoded instruction	Register and memory contents
         65.000 ns	         5	80000000	f14022f3	csrrs	x5,mhartid,x0	  x0:0x00000000  x5=0xffffff14
         75.000 ns	         6	80000004	00000313	addi	x6,x0,0	  x0:0x00000000  x6=0x00000000
         85.000 ns	         7	80000008	00628263	beq	x5,x6,8000000c	  x5:0x00000000  x6:0x00000000
         95.000 ns	         8	8000000c	00000297	auipc	x5,0x0	  x5=0x8000000c
        105.000 ns	         9	80000010	00c28293	addi	x5,x5,12	  x5:0xffffff14  x5=0x80000018
        115.000 ns	        10	80000014	00028067	jalr	x0,x5,0	  x5:0xffffff14
        165.000 ns	        15	80000018	40001837	lui	x16,0x40001	 x16=0x40001000
        175.000 ns	        16	8000001c	12080813	addi	x16,x16,288	 x16:0x00000000 x16=0x40001120
        185.000 ns	        17	80000020	30181073	csrrw	x0,misa,x16	 x16:0x00000000
        195.000 ns	        18	80000024	00041f97	auipc	x31,0x41	 x31=0x80041024
        205.000 ns	        19	80000028	000f8f93	addi	x31,x31,0	 x31:0x00000000 x31=0x80041024
        215.000 ns	        20	8000002c	0000a817	auipc	x16,0xa	 x16=0x8000a02c
        225.000 ns	        21	80000030	ea080813	addi	x16,x16,-352	 x16:0x40001120 x16=0x80009ecc
        235.000 ns	        22	80000034	00086813	ori	x16,x16,0	 x16:0x40001120 x16=0x80009ecc
        245.000 ns	        23	80000038	30581073	csrrw	x0,mtvec,x16	 x16:0x8000a02c
        255.000 ns	        24	8000003c	00000817	auipc	x16,0x0	 x16=0x8000003c
        265.000 ns	        25	80000040	02880813	addi	x16,x16,40	 x16:0x80009ecc x16=0x80000064
        275.000 ns	        26	80000044	34181073	csrrw	x0,mepc,x16	 x16:0x80009ecc
        285.000 ns	        27	80000048	00000013	addi	x0,x0,0	  x0:0x00000000
        295.000 ns	        28	8000004c	00004837	lui	x16,0x4	 x16=0x00004000
        305.000 ns	        29	80000050	80080813	addi	x16,x16,-2048	 x16:0x80000064 x16=0x00003800
        315.000 ns	        30	80000054	30081073	csrrw	x0,mstatus,x16	 x16:0x80000064
        325.000 ns	        31	80000058	00000813	addi	x16,x0,0	  x0:0x00000000 x16=0x00000000
        335.000 ns	        32	8000005c	30481073	csrrw	x0,mie,x16	 x16:0x00003800
        345.000 ns	        33	80000060	30200073	mret	
        355.000 ns	        34	80000064	004c7837	lui	x16,0x4c7	 x16=0x004c7000
        365.000 ns	        35	80000068	4e380813	addi	x16,x16,1251	 x16:0x00000000 x16=0x004c74e3
        385.000 ns	        37	8000006c	f0080053	fmv.w.x	f0,x16	 x16:0x00000000  f0=0x004c74e3
        405.000 ns	        39	80000070	80000837	lui	x16,0x80000	 x16=0x80000000
        425.000 ns	        41	80000074	f00800d3	fmv.w.x	f1,x16	 x16:0x004c74e3  f1=0x80000000
        445.000 ns	        43	80000078	8008e837	lui	x16,0x8008e	 x16=0x8008e000
        455.000 ns	        44	8000007c	c0b80813	addi	x16,x16,-1013	 x16:0x80000000 x16=0x8008dc0b
        475.000 ns	        46	80000080	f0080153	fmv.w.x	f2,x16	 x16:0x80000000  f2=0x8008dc0b
        495.000 ns	        48	80000084	7f800837	lui	x16,0x7f800	 x16=0x7f800000
        505.000 ns	        49	80000088	fff80813	addi	x16,x16,-1	 x16:0x8008dc0b x16=0x7f7fffff
        525.000 ns	        51	8000008c	f00801d3	fmv.w.x	f3,x16	 x16:0x8008dc0b  f3=0x7f7fffff
        545.000 ns	        53	80000090	7f800837	lui	x16,0x7f800	 x16=0x7f800000
        565.000 ns	        55	80000094	f0080253	fmv.w.x	f4,x16	 x16:0x7f7fffff  f4=0x7f800000
        585.000 ns	        57	80000098	7f800837	lui	x16,0x7f800	 x16=0x7f800000
        605.000 ns	        59	8000009c	f00802d3	fmv.w.x	f5,x16	 x16:0x7f800000  f5=0x7f800000
        625.000 ns	        61	800000a0	8a8d6837	lui	x16,0x8a8d6	 x16=0x8a8d6000
        635.000 ns	        62	800000a4	b3580813	addi	x16,x16,-1227	 x16:0x7f800000 x16=0x8a8d5b35
        655.000 ns	        64	800000a8	f0080353	fmv.w.x	f6,x16	 x16:0x7f800000  f6=0x8a8d5b35
        675.000 ns	        66	800000ac	ff800837	lui	x16,0xff800	 x16=0xff800000
        685.000 ns	        67	800000b0	fff80813	addi	x16,x16,-1	 x16:0x8a8d5b35 x16=0xff7fffff
        705.000 ns	        69	800000b4	f00803d3	fmv.w.x	f7,x16	 x16:0x8a8d5b35  f7=0xff7fffff
        725.000 ns	        71	800000b8	7f800837	lui	x16,0x7f800	 x16=0x7f800000
        745.000 ns	        73	800000bc	f0080453	fmv.w.x	f8,x16	 x16:0xff7fffff  f8=0x7f800000
        765.000 ns	        75	800000c0	006df837	lui	x16,0x6df	 x16=0x006df000
        775.000 ns	        76	800000c4	30d80813	addi	x16,x16,781	 x16:0x7f800000 x16=0x006df30d
        795.000 ns	        78	800000c8	f00804d3	fmv.w.x	f9,x16	 x16:0x7f800000  f9=0x006df30d
        815.000 ns	        80	800000cc	80000837	lui	x16,0x80000	 x16=0x80000000
        835.000 ns	        82	800000d0	f0080553	fmv.w.x	f10,x16	 x16:0x006df30d f10=0x80000000
        855.000 ns	        84	800000d4	00000813	addi	x16,x0,0	  x0:0x00000000 x16=0x00000000
        875.000 ns	        86	800000d8	f00805d3	fmv.w.x	f11,x16	 x16:0x80000000 f11=0x00000000
        895.000 ns	        88	800000dc	2b427837	lui	x16,0x2b427	 x16=0x2b427000
        905.000 ns	        89	800000e0	20d80813	addi	x16,x16,525	 x16:0x00000000 x16=0x2b42720d
        925.000 ns	        91	800000e4	f0080653	fmv.w.x	f12,x16	 x16:0x00000000 f12=0x2b42720d
        945.000 ns	        93	800000e8	7f800837	lui	x16,0x7f800	 x16=0x7f800000
        965.000 ns	        95	800000ec	f00806d3	fmv.w.x	f13,x16	 x16:0x2b42720d f13=0x7f800000
        985.000 ns	        97	800000f0	7cc8d837	lui	x16,0x7cc8d	 x16=0x7cc8d000
        995.000 ns	        98	800000f4	63580813	addi	x16,x16,1589	 x16:0x7f800000 x16=0x7cc8d635
       1015.000 ns	       100	800000f8	f0080753	fmv.w.x	f14,x16	 x16:0x7f800000 f14=0x7cc8d635
       1035.000 ns	       102	800000fc	7f800837	lui	x16,0x7f800	 x16=0x7f800000
       1045.000 ns	       103	80000100	00180813	addi	x16,x16,1	 x16:0x7cc8d635 x16=0x7f800001
       1065.000 ns	       105	80000104	f00807d3	fmv.w.x	f15,x16	 x16:0x7cc8d635 f15=0x7f800001
       1085.000 ns	       107	80000108	0041e837	lui	x16,0x41e	 x16=0x0041e000
       1095.000 ns	       108	8000010c	49880813	addi	x16,x16,1176	 x16:0x7f800001 x16=0x0041e498
       1115.000 ns	       110	80000110	f0080853	fmv.w.x	f16,x16	 x16:0x7f800001 f16=0x0041e498
       1135.000 ns	       112	80000114	79f48837	lui	x16,0x79f48	 x16=0x79f48000
       1145.000 ns	       113	80000118	81480813	addi	x16,x16,-2028	 x16:0x0041e498 x16=0x79f47814
       1165.000 ns	       115	8000011c	f00808d3	fmv.w.x	f17,x16	 x16:0x0041e498 f17=0x79f47814
       1185.000 ns	       117	80000120	80000837	lui	x16,0x80000	 x16=0x80000000
       1205.000 ns	       119	80000124	f0080953	fmv.w.x	f18,x16	 x16:0x79f47814 f18=0x80000000
       1225.000 ns	       121	80000128	8e472837	lui	x16,0x8e472	 x16=0x8e472000
       1235.000 ns	       122	8000012c	34980813	addi	x16,x16,841	 x16:0x80000000 x16=0x8e472349
       1255.000 ns	       124	80000130	f00809d3	fmv.w.x	f19,x16	 x16:0x80000000 f19=0x8e472349
       1275.000 ns	       126	80000134	ff800837	lui	x16,0xff800	 x16=0xff800000
       1285.000 ns	       127	80000138	fff80813	addi	x16,x16,-1	 x16:0x8e472349 x16=0xff7fffff
       1305.000 ns	       129	8000013c	f0080a53	fmv.w.x	f20,x16	 x16:0x8e472349 f20=0xff7fffff
       1325.000 ns	       131	80000140	ff800837	lui	x16,0xff800	 x16=0xff800000
       1335.000 ns	       132	80000144	fff80813	addi	x16,x16,-1	 x16:0xff7fffff x16=0xff7fffff
       1355.000 ns	       134	80000148	f0080ad3	fmv.w.x	f21,x16	 x16:0xff7fffff f21=0xff7fffff
       1375.000 ns	       136	8000014c	7f800837	lui	x16,0x7f800	 x16=0x7f800000
       1395.000 ns	       138	80000150	f0080b53	fmv.w.x	f22,x16	 x16:0xff7fffff f22=0x7f800000
       1415.000 ns	       140	80000154	c1e88837	lui	x16,0xc1e88	 x16=0xc1e88000
       1425.000 ns	       141	80000158	bd180813	addi	x16,x16,-1071	 x16:0x7f800000 x16=0xc1e87bd1
       1445.000 ns	       143	8000015c	f0080bd3	fmv.w.x	f23,x16	 x16:0x7f800000 f23=0xc1e87bd1
       1465.000 ns	       145	80000160	7fc00837	lui	x16,0x7fc00	 x16=0x7fc00000
       1485.000 ns	       147	80000164	f0080c53	fmv.w.x	f24,x16	 x16:0xc1e87bd1 f24=0x7fc00000
       1505.000 ns	       149	80000168	80000837	lui	x16,0x80000	 x16=0x80000000
       1525.000 ns	       151	8000016c	f0080cd3	fmv.w.x	f25,x16	 x16:0x7fc00000 f25=0x80000000
       1545.000 ns	       153	80000170	7f800837	lui	x16,0x7f800	 x16=0x7f800000
       1555.000 ns	       154	80000174	00180813	addi	x16,x16,1	 x16:0x80000000 x16=0x7f800001
       1575.000 ns	       156	80000178	f0080d53	fmv.w.x	f26,x16	 x16:0x80000000 f26=0x7f800001
       1595.000 ns	       158	8000017c	e0d0e837	lui	x16,0xe0d0e	 x16=0xe0d0e000
       1605.000 ns	       159	80000180	f8080813	addi	x16,x16,-128	 x16:0x7f800001 x16=0xe0d0df80
       1625.000 ns	       161	80000184	f0080dd3	fmv.w.x	f27,x16	 x16:0x7f800001 f27=0xe0d0df80
       1645.000 ns	       163	80000188	8821f837	lui	x16,0x8821f	 x16=0x8821f000
       1655.000 ns	       164	8000018c	c1a80813	addi	x16,x16,-998	 x16:0xe0d0df80 x16=0x8821ec1a
       1675.000 ns	       166	80000190	f0080e53	fmv.w.x	f28,x16	 x16:0xe0d0df80 f28=0x8821ec1a
       1695.000 ns	       168	80000194	08645837	lui	x16,0x8645	 x16=0x08645000
       1705.000 ns	       169	80000198	d1e80813	addi	x16,x16,-738	 x16:0x8821ec1a x16=0x08644d1e
       1725.000 ns	       171	8000019c	f0080ed3	fmv.w.x	f29,x16	 x16:0x8821ec1a f29=0x08644d1e
       1745.000 ns	       173	800001a0	00000813	addi	x16,x0,0	  x0:0x00000000 x16=0x00000000
       1765.000 ns	       175	800001a4	f0080f53	fmv.w.x	f30,x16	 x16:0x08644d1e f30=0x00000000
       1785.000 ns	       177	800001a8	7f800837	lui	x16,0x7f800	 x16=0x7f800000
       1805.000 ns	       179	800001ac	f0080fd3	fmv.w.x	f31,x16	 x16:0x00000000 f31=0x7f800000
       1825.000 ns	       181	800001b0	0020d073	csrrwi	x0,frm,1	
       1835.000 ns	       182	800001b4	e1bc1037	lui	x0,0xe1bc1	
       1845.000 ns	       183	800001b8	f5800013	addi	x0,x0,-168	  x0:0x00000000
       1855.000 ns	       184	800001bc	19c3d0b7	lui	x1,0x19c3d	  x1=0x19c3d000
       1865.000 ns	       185	800001c0	06e08093	addi	x1,x1,110	  x1:0x00000000  x1=0x19c3d06e
       1875.000 ns	       186	800001c4	f3059137	lui	x2,0xf3059	  x2=0xf3059000
       1885.000 ns	       187	800001c8	96710113	addi	x2,x2,-1689	  x2:0x00000000  x2=0xf3058967
       1895.000 ns	       188	800001cc	800001b7	lui	x3,0x80000	  x3=0x80000000
       1905.000 ns	       189	800001d0	80000237	lui	x4,0x80000	  x4=0x80000000
       1915.000 ns	       190	800001d4	f0d582b7	lui	x5,0xf0d58	  x5=0xf0d58000
       1925.000 ns	       191	800001d8	5cf28293	addi	x5,x5,1487	  x5:0x80000018  x5=0xf0d585cf
       1935.000 ns	       192	800001dc	80000337	lui	x6,0x80000	  x6=0x80000000
       1945.000 ns	       193	800001e0	00800393	addi	x7,x0,8	  x0:0x00000000  x7=0x00000008
       1955.000 ns	       194	800001e4	00f00413	addi	x8,x0,15	  x0:0x00000000  x8=0x0000000f
       1965.000 ns	       195	800001e8	f683c537	lui	x10,0xf683c	 x10=0xf683c000
       1975.000 ns	       196	800001ec	bfc50513	addi	x10,x10,-1028	 x10:0x00000000 x10=0xf683bbfc
       1985.000 ns	       197	800001f0	26efe5b7	lui	x11,0x26efe	 x11=0x26efe000
       1995.000 ns	       198	800001f4	d5e58593	addi	x11,x11,-674	 x11:0x00000000 x11=0x26efdd5e
       2005.000 ns	       199	800001f8	00000613	addi	x12,x0,0	  x0:0x00000000 x12=0x00000000
       2015.000 ns	       200	800001fc	b20ca6b7	lui	x13,0xb20ca	 x13=0xb20ca000
       2025.000 ns	       201	80000200	ff968693	addi	x13,x13,-7	 x13:0x00000000 x13=0xb20c9ff9
       2035.000 ns	       202	80000204	f786f737	lui	x14,0xf786f	 x14=0xf786f000
       2045.000 ns	       203	80000208	7a470713	addi	x14,x14,1956	 x14:0x00000000 x14=0xf786f7a4
       2055.000 ns	       204	8000020c	00f00793	addi	x15,x0,15	  x0:0x00000000 x15=0x0000000f
       2065.000 ns	       205	80000210	00200813	addi	x16,x0,2	  x0:0x00000000 x16=0x00000002
       2075.000 ns	       206	80000214	f71958b7	lui	x17,0xf7195	 x17=0xf7195000
       2085.000 ns	       207	80000218	e0888893	addi	x17,x17,-504	 x17:0x00000000 x17=0xf7194e08
       2095.000 ns	       208	8000021c	f3f59937	lui	x18,0xf3f59	 x18=0xf3f59000
       2105.000 ns	       209	80000220	8bf90913	addi	x18,x18,-1857	 x18:0x00000000 x18=0xf3f588bf
       2115.000 ns	       210	80000224	800009b7	lui	x19,0x80000	 x19=0x80000000
       2125.000 ns	       211	80000228	00000a13	addi	x20,x0,0	  x0:0x00000000 x20=0x00000000
       2135.000 ns	       212	8000022c	80000ab7	lui	x21,0x80000	 x21=0x80000000
       2145.000 ns	       213	80000230	00000b13	addi	x22,x0,0	  x0:0x00000000 x22=0x00000000
       2155.000 ns	       214	80000234	80000bb7	lui	x23,0x80000	 x23=0x80000000
       2165.000 ns	       215	80000238	00000c13	addi	x24,x0,0	  x0:0x00000000 x24=0x00000000
       2175.000 ns	       216	8000023c	fc7cccb7	lui	x25,0xfc7cc	 x25=0xfc7cc000
       2185.000 ns	       217	80000240	0f9c8c93	addi	x25,x25,249	 x25:0x00000000 x25=0xfc7cc0f9
       2195.000 ns	       218	80000244	00000d13	addi	x26,x0,0	  x0:0x00000000 x26=0x00000000
       2205.000 ns	       219	80000248	f59ecdb7	lui	x27,0xf59ec	 x27=0xf59ec000
       2215.000 ns	       220	8000024c	381d8d93	addi	x27,x27,897	 x27:0x00000000 x27=0xf59ec381
       2225.000 ns	       221	80000250	f9d2be37	lui	x28,0xf9d2b	 x28=0xf9d2b000
       2235.000 ns	       222	80000254	581e0e13	addi	x28,x28,1409	 x28:0x00000000 x28=0xf9d2b581
       2245.000 ns	       223	80000258	00000e93	addi	x29,x0,0	  x0:0x00000000 x29=0x00000000
       2255.000 ns	       224	8000025c	80000f37	lui	x30,0x80000	 x30=0x80000000
       2265.000 ns	       225	80000260	00041497	auipc	x9,0x41	  x9=0x80041260
       2275.000 ns	       226	80000264	d8448493	addi	x9,x9,-636	  x9:0x00000000  x9=0x80040fe4
       2295.000 ns	       228	80000268	2074a353	fsgnjx.s	f6,f9,f7	  f9:0x006df30d  f7:0xff7fffff  f6=0x806df30d
       3475.000 ns	       346	8000026c	58019653	fsqrt.s	f12,f3	  f3:0x7f7fffff f12=0x5f350461
       3505.000 ns	       349	80000270	28c700d3	fmin.s	f1,f14,f12	 f14:0x7cc8d635 f12:0x2b42720d  f1=0x5f350461
       3525.000 ns	       351	80000274	01ea0d33	add	x26,x20,x30	 x20:0x00000000 x30:0x80000000 x26=0x80000000
       3545.000 ns	       353	80000278	03168b33	mul	x22,x13,x17	 x13:0xb20c9ff9 x17:0xf7194e08 x22=0x4773ddc8
       3575.000 ns	       356	8000027c	c01cf053	fcvt.wu.s	x0,f25	 f25:0x80000000
       3595.000 ns	       358	80000280	00856933	or	x18,x10,x8	 x10:0xf683bbfc  x8:0x0000000f x18=0xf683bbff
       3615.000 ns	       360	80000284	e0068cd3	fmv.x.w	x25,f13	 f13:0x7f800000 x25=0x7f800000
       3635.000 ns	       362	80000288	a03ae593	ori	x11,x21,-1533	 x21:0x80000000 x11=0xfffffa03
       3655.000 ns	       364	8000028c	21d9ae53	fsgnjx.s	f28,f19,f29	 f19:0x8e472349 f29:0x08644d1e f28=0x8e472349
       3675.000 ns	       366	80000290	00b39933	sll	x18,x7,x11	  x7:0x00000008 x11:0x26efdd5e x18=0x00000040
       3695.000 ns	       368	80000294	a00587d3	fle.s	x15,f11,f0	 f11:0x00000000  f0:0x004c74e3 x15=0x00000001
       3725.000 ns	       371	80000298	c015fbd3	fcvt.wu.s	x23,f11	 f11:0x00000000 x23=0x00000000
       3745.000 ns	       373	8000029c	0013d913	srli	x18,x7,0x1	  x7:0x00000008 x18=0x00000004
       3765.000 ns	       375	800002a0	a1fda953	feq.s	x18,f27,f31	 f27:0xe0d0df80 f31:0x7f800000 x18=0x00000000
       3785.000 ns	       377	800002a4	fefcfc13	andi	x24,x25,-17	 x25:0x7f800000 x24=0x7f800000
       3795.000 ns	       378	800002a8	01409933	sll	x18,x1,x20	  x1:0x19c3d06e x20:0x00000000 x18=0x19c3d06e
       3805.000 ns	       379	800002ac	00000013	addi	x0,x0,0	  x0:0x00000000
       3815.000 ns	       380	800002b0	40305b33	sra	x22,x0,x3	  x0:0x00000000  x3:0x80000000 x22=0x00000000
       3825.000 ns	       381	800002b4	0e9e5717	auipc	x14,0xe9e5	 x14=0x8e9e52b4
       3845.000 ns	       383	800002b8	d0180ed3	fcvt.s.wu	f29,x16	 x16:0x00000002 f29=0x40000000
       3865.000 ns	       385	800002bc	0078f5b3	and	x11,x17,x7	 x17:0xf7194e08  x7:0x00000008 x11=0x00000008
       4225.000 ns	       421	800002c0	0217c533	div	x10,x15,x1	 x15:0x00000001  x1:0x19c3d06e x10=0x00000000
       4255.000 ns	       424	800002c4	a1779c53	flt.s	x24,f15,f23	 f15:0x7f800001 f23:0xc1e87bd1 x24=0x00000000
       4275.000 ns	       426	800002c8	41495ab3	sra	x21,x18,x20	 x18:0x19c3d06e x20:0x00000000 x21=0x19c3d06e
       4295.000 ns	       428	800002cc	02c2eb33	rem	x22,x5,x12	  x5:0xf0d585cf x12:0x00000000 x22=0xf0d585cf
       4325.000 ns	       431	800002d0	032113b3	mulh	x7,x2,x18	  x2:0xf3058967 x18:0x19c3d06e  x7=0xfeb19d11
       4355.000 ns	       434	800002d4	a0342c53	feq.s	x24,f8,f3	  f8:0x7f800000  f3:0x7f7fffff x24=0x00000000
       4375.000 ns	       436	800002d8	00ee2ab3	slt	x21,x28,x14	 x28:0xf9d2b581 x14:0x8e9e52b4 x21=0x00000000
       4405.000 ns	       439	800002dc	19aac2d3	fdiv.s	f5,f21,f26	 f21:0xff7fffff f26:0x7f800001  f5=0x7fc00000
       4425.000 ns	       441	800002e0	402dd213	srai	x4,x27,0x2	 x27:0xf59ec381  x4=0xfd67b0e0
       4435.000 ns	       442	800002e4	62e0ac13	slti	x24,x1,1582	  x1:0x19c3d06e x24=0x00000000
       4455.000 ns	       444	800002e8	e00d8ad3	fmv.x.w	x21,f27	 f27:0xe0d0df80 x21=0xe0d0df80
       4795.000 ns	       478	800002ec	19d8b153	fdiv.s	f2,f17,f29	 f17:0x79f47814 f29:0x40000000  f2=0x7901eaa7
       4825.000 ns	       481	800002f0	28b80bd3	fmin.s	f23,f16,f11	 f16:0x0041e498 f11:0x00000000 f23=0x00000000
       4855.000 ns	       484	800002f4	f00e0553	fmv.w.x	f10,x28	 x28:0xf9d2b581 f10=0xf9d2b581
       5225.000 ns	       521	800002f8	0359f5b3	remu	x11,x19,x21	 x19:0x80000000 x21:0xe0d0df80 x11=0x80000000
       5245.000 ns	       523	800002fc	00c6d113	srli	x2,x13,0xc	 x13:0xb20c9ff9  x2=0x000b20c9
       5265.000 ns	       525	80000300	a0c003d3	fle.s	x7,f0,f12	  f0:0x004c74e3 f12:0x5f350461  x7=0x00000001
       5295.000 ns	       528	80000304	a01217d3	flt.s	x15,f4,f1	  f4:0x7f800000  f1:0x5f350461 x15=0x00000000
       5345.000 ns	       533	80000308	09d72cd3	fsub.s	f25,f14,f29	 f14:0x7cc8d635 f29:0x40000000 f25=0x7cc8d635
       5375.000 ns	       536	8000030c	02dabf33	mulhu	x30,x21,x13	 x21:0xe0d0df80 x13:0xb20c9ff9 x30=0x9c5c51ad
       5395.000 ns	       538	80000310	00ed73b3	and	x7,x26,x14	 x26:0x80000000 x14:0x8e9e52b4  x7=0x80000000
       5415.000 ns	       540	80000314	035b3933	mulhu	x18,x22,x21	 x22:0xf0d585cf x21:0xe0d0df80 x18=0xd37f54d4
       5435.000 ns	       542	80000318	40370d33	sub	x26,x14,x3	 x14:0x8e9e52b4  x3:0x80000000 x26=0x0e9e52b4
       5445.000 ns	       543	8000031c	f46bf613	andi	x12,x23,-186	 x23:0x00000000 x12=0x00000000
       5455.000 ns	       544	80000320	01990ab3	add	x21,x18,x25	 x18:0xd37f54d4 x25:0x7f800000 x21=0x52ff54d4
       5475.000 ns	       546	80000324	02418633	mul	x12,x3,x4	  x3:0x80000000  x4:0xfd67b0e0 x12=0x00000000
       5495.000 ns	       548	80000328	0149dbb3	srl	x23,x19,x20	 x19:0x80000000 x20:0x00000000 x23=0x80000000
       5505.000 ns	       549	8000032c	005df433	and	x8,x27,x5	 x27:0xf59ec381  x5:0xf0d585cf  x8=0xf0948181
       5515.000 ns	       550	80000330	0184ce33	xor	x28,x9,x24	  x9:0x80040fe4 x24:0x00000000 x28=0x80040fe4
       5535.000 ns	       552	80000334	a085a3d3	feq.s	x7,f11,f8	 f11:0x00000000  f8:0x7f800000  x7=0x00000000
       5555.000 ns	       554	80000338	00ecbdb3	sltu	x27,x25,x14	 x25:0x7f800000 x14:0x8e9e52b4 x27=0x00000001
       5575.000 ns	       556	8000033c	e0021953	fclass.s	x18,f4	  f4:0x7f800000 x18=0x00000080
       5595.000 ns	       558	80000340	0168c933	xor	x18,x17,x22	 x17:0xf7194e08 x22:0xf0d585cf x18=0x07cccbc7
       5605.000 ns	       559	80000344	0174c533	xor	x10,x9,x23	  x9:0x80040fe4 x23:0x80000000 x10=0x00040fe4
       5625.000 ns	       561	80000348	0278f333	remu	x6,x17,x7	 x17:0xf7194e08  x7:0x00000000  x6=0xf7194e08
       5655.000 ns	       564	8000034c	02438933	mul	x18,x7,x4	  x7:0x00000000  x4:0xfd67b0e0 x18=0x00000000
       5685.000 ns	       567	80000350	d006ac53	fcvt.s.w	f24,x13	 x13:0xb20c9ff9 f24=0xce9be6c1
       5715.000 ns	       570	80000354	d00ef753	fcvt.s.w	f14,x29	 x29:0x00000000 f14=0x00000000
       5745.000 ns	       573	80000358	03fcacb3	mulhsu	x25,x25,x31	 x25:0x7f800000 x31:0x80041024 x25=0x3fc20609
       5775.000 ns	       576	8000035c	29b20653	fmin.s	f12,f4,f27	  f4:0x7f800000 f27:0xe0d0df80 f12=0xe0d0df80
       5795.000 ns	       578	80000360	006e3633	sltu	x12,x28,x6	 x28:0x80040fe4  x6:0xf7194e08 x12=0x00000001
       5835.000 ns	       582	80000364	01ed90d3	fadd.s	f1,f27,f30	 f27:0xe0d0df80 f30:0x00000000  f1=0xe0d0df80
       5855.000 ns	       584	80000368	5e3be693	ori	x13,x23,1507	 x23:0x80000000 x13=0x800005e3
       5875.000 ns	       586	8000036c	02d133b3	mulhu	x7,x2,x13	  x2:0x000b20c9 x13:0xb20c9ff9  x7=0x00059064
       5905.000 ns	       589	80000370	03b69cb3	mulh	x25,x13,x27	 x13:0xb20c9ff9 x27:0x00000001 x25=0xffffffff
       5935.000 ns	       592	80000374	027a31b3	mulhu	x3,x20,x7	 x20:0x00000000  x7:0x00059064  x3=0x00000000
       5985.000 ns	       597	80000378	00258c53	fadd.s	f24,f11,f2	 f11:0x00000000  f2:0x7901eaa7 f24=0x7901eaa7
       6015.000 ns	       600	8000037c	299c19d3	fmax.s	f19,f24,f25	 f24:0xce9be6c1 f25:0x7cc8d635 f19=0x7cc8d635
       6055.000 ns	       604	80000380	19b77253	fdiv.s	f4,f14,f27	 f14:0x00000000 f27:0xe0d0df80  f4=0x80000000
       6085.000 ns	       607	80000384	d009bbd3	fcvt.s.w	f23,x19	 x19:0x80000000 f23=0xcf000000
       6115.000 ns	       610	80000388	f0058ad3	fmv.w.x	f21,x11	 x11:0x80000000 f21=0x80000000
       6135.000 ns	       612	8000038c	00000013	addi	x0,x0,0	  x0:0x00000000
       6145.000 ns	       613	80000390	6534b313	sltiu	x6,x9,1619	  x9:0x80040fe4  x6=0x00000000
       6155.000 ns	       614	80000394	416e58b3	sra	x17,x28,x22	 x28:0x80040fe4 x22:0xf0d585cf x17=0xffff0008
       6175.000 ns	       616	80000398	29191ed3	fmax.s	f29,f18,f17	 f18:0x80000000 f17:0x79f47814 f29=0x79f47814
       6205.000 ns	       619	8000039c	e00b87d3	fmv.x.w	x15,f23	 f23:0xcf000000 x15=0xcf000000
       6225.000 ns	       621	800003a0	41ced533	sra	x10,x29,x28	 x29:0x00000000 x28:0x80040fe4 x10=0x00000000
       6245.000 ns	       623	800003a4	e0080653	fmv.x.w	x12,f16	 f16:0x0041e498 x12=0x0041e498
       6295.000 ns	       628	800003a8	0111fd53	fadd.s	f26,f3,f17	  f3:0x7f7fffff f17:0x79f47814 f26=0x7f800000
       6325.000 ns	       631	800003ac	a1e196d3	flt.s	x13,f3,f30	  f3:0x7f7fffff f30:0x00000000 x13=0x00000000
       6345.000 ns	       633	800003b0	002e2533	slt	x10,x28,x2	 x28:0x80040fe4  x2:0x000b20c9 x10=0x00000001
       6355.000 ns	       634	800003b4	0108ceb3	xor	x29,x17,x16	 x17:0xffff0008 x16:0x00000002 x29=0xffff000a
       6365.000 ns	       635	800003b8	00f35993	srli	x19,x6,0xf	  x6:0x00000000 x19=0x00000000
       6385.000 ns	       637	800003bc	02d02a33	mulhsu	x20,x0,x13	  x0:0x00000000 x13:0x00000000 x20=0x00000000
       6415.000 ns	       640	800003c0	c01fa6d3	fcvt.wu.s	x13,f31	 f31:0x7f800000 x13=0xffffffff
       6435.000 ns	       642	800003c4	40f25bb3	sra	x23,x4,x15	  x4:0xfd67b0e0 x15:0xcf000000 x23=0xfd67b0e0
       6445.000 ns	       643	800003c8	0195b633	sltu	x12,x11,x25	 x11:0x80000000 x25:0xffffffff x12=0x00000001
       6465.000 ns	       645	800003cc	0373a033	mulhsu	x0,x7,x23	  x7:0x00059064 x23:0x80000000
       6485.000 ns	       647	800003d0	01a25193	srli	x3,x4,0x1a	  x4:0xfd67b0e0  x3=0x0000003f
       6495.000 ns	       648	800003d4	01cc8ab3	add	x21,x25,x28	 x25:0xffffffff x28:0x80040fe4 x21=0x80040fe3
       6505.000 ns	       649	800003d8	00f99d93	slli	x27,x19,0xf	 x19:0x00000000 x27=0x00000000
       6525.000 ns	       651	800003dc	e00b9553	fclass.s	x10,f23	 f23:0xcf000000 x10=0x00000002
       6555.000 ns	       654	800003e0	211181d3	fsgnj.s	f3,f3,f17	  f3:0x7f7fffff f17:0x79f47814  f3=0x7f7fffff
       6605.000 ns	       659	800003e4	09e77d53	fsub.s	f26,f14,f30	 f14:0x00000000 f30:0x00000000 f26=0x80000000
       6975.000 ns	       696	800003e8	03f85e33	divu	x28,x16,x31	 x16:0x00000002 x31:0x80041024 x28=0x00000000
       7005.000 ns	       699	800003ec	20d1a853	fsgnjx.s	f16,f3,f13	  f3:0x7f7fffff f13:0x7f800000 f16=0x7f7fffff
       7025.000 ns	       701	800003f0	b1a84413	xori	x8,x16,-1254	 x16:0x00000002  x8=0xfffffb18
       7045.000 ns	       703	800003f4	c01eb153	fcvt.wu.s	x2,f29	 f29:0x79f47814  x2=0xffffffff
       7075.000 ns	       706	800003f8	204e85d3	fsgnj.s	f11,f29,f4	 f29:0x79f47814  f4:0x80000000 f11=0xf9f47814
       7095.000 ns	       708	800003fc	0db1ec97	auipc	x25,0xdb1e	 x25=0x8db1e3fc
       7115.000 ns	       710	80000400	03681c33	mulh	x24,x16,x22	 x16:0x00000002 x22:0xf0d585cf x24=0xffffffff
       7145.000 ns	       713	80000404	0351b233	mulhu	x4,x3,x21	  x3:0x0000003f x21:0x80040fe3  x4=0x0000001f
       7175.000 ns	       716	80000408	282913d3	fmax.s	f7,f18,f2	 f18:0x80000000  f2:0x7901eaa7  f7=0x7901eaa7
       7205.000 ns	       719	8000040c	034686b3	mul	x13,x13,x20	 x13:0xffffffff x20:0x00000000 x13=0x00000000
       7225.000 ns	       721	80000410	014c2f33	slt	x30,x24,x20	 x24:0xffffffff x20:0x00000000 x30=0x00000001
       7245.000 ns	       723	80000414	a0ae8953	fle.s	x18,f29,f10	 f29:0x79f47814 f10:0xf9d2b581 x18=0x00000000
       7265.000 ns	       725	80000418	22004913	xori	x18,x0,544	  x0:0x00000000 x18=0x00000220
       7275.000 ns	       726	8000041c	01910e33	add	x28,x2,x25	  x2:0xffffffff x25:0x8db1e3fc x28=0x8db1e3fb
       7295.000 ns	       728	80000420	e00687d3	fmv.x.w	x15,f13	 f13:0x7f800000 x15=0x7f800000
       7315.000 ns	       730	80000424	419e5e33	sra	x28,x28,x25	 x28:0x00000000 x25:0x8db1e3fc x28=0xfffffff8
       7335.000 ns	       732	80000428	21bb8253	fsgnj.s	f4,f23,f27	 f23:0xcf000000 f27:0xe0d0df80  f4=0xcf000000
       7355.000 ns	       734	8000042c	402c0233	sub	x4,x24,x2	 x24:0xffffffff  x2:0xffffffff  x4=0x00000000
       7365.000 ns	       735	80000430	01df9193	slli	x3,x31,0x1d	 x31:0x80041024  x3=0x80000000
       7395.000 ns	       738	80000434	1883ffd3	fdiv.s	f31,f7,f8	  f7:0x7901eaa7  f8:0x7f800000 f31=0x00000000
       7415.000 ns	       740	80000438	0193e033	or	x0,x7,x25	  x7:0x00059064 x25:0x8db1e3fc
       7775.000 ns	       776	8000043c	02917533	remu	x10,x2,x9	  x2:0xffffffff  x9:0x80040fe4 x10=0x7ffbf01b
       7805.000 ns	       779	80000440	0264f433	remu	x8,x9,x6	  x9:0x80040fe4  x6:0x00000000  x8=0x80040fe4
       7835.000 ns	       782	80000444	c012f253	fcvt.wu.s	x4,f5	  f5:0x7fc00000  x4=0xffffffff
       7875.000 ns	       786	80000448	580b0753	fsqrt.s	f14,f22	 f22:0x7f800000 f14=0x7f800000
       7905.000 ns	       789	8000044c	032c8933	mul	x18,x25,x18	 x25:0x8db1e3fc x18:0x00000220 x18=0x1a047780
       7935.000 ns	       792	80000450	03352bb3	mulhsu	x23,x10,x19	 x10:0x7ffbf01b x19:0x00000000 x23=0x00000000
       7955.000 ns	       794	80000454	00000013	addi	x0,x0,0	  x0:0x00000000
       7965.000 ns	       795	80000458	c24d0693	addi	x13,x26,-988	 x26:0x0e9e52b4 x13=0x0e9e4ed8
       7985.000 ns	       797	8000045c	d016fe53	fcvt.s.wu	f28,x13	 x13:0x00000000 f28=0x4d69e4ed
       8025.000 ns	       801	80000460	18191553	fdiv.s	f10,f18,f1	 f18:0x80000000  f1:0xe0d0df80 f10=0x00000000
       8045.000 ns	       803	80000464	08883517	auipc	x10,0x8883	 x10=0x88883464
       8055.000 ns	       804	80000468	0061d1b3	srl	x3,x3,x6	  x3:0x80000000  x6:0x00000000  x3=0x80000000
       8065.000 ns	       805	8000046c	00acaa33	slt	x20,x25,x10	 x25:0x8db1e3fc x10:0x7ffbf01b x20=0x00000000
       8075.000 ns	       806	80000470	d1be4c17	auipc	x24,0xd1be4	 x24=0x51be4470
       8115.000 ns	       810	80000474	002cf253	fadd.s	f4,f25,f2	 f25:0x7cc8d635  f2:0x7901eaa7  f4=0x7cc9da0a
       8155.000 ns	       814	80000478	1163c053	fmul.s	f0,f7,f22	  f7:0x7901eaa7 f22:0x7f800000  f0=0x7f800000
       8175.000 ns	       816	8000047c	00000013	addi	x0,x0,0	  x0:0x00000000
       8185.000 ns	       817	80000480	41b35133	sra	x2,x6,x27	  x6:0x00000000 x27:0x00000000  x2=0x00000000
       8205.000 ns	       819	80000484	02dc3eb3	mulhu	x29,x24,x13	 x24:0x51be4470 x13:0x0e9e4ed8 x29=0x04aaf459
       8255.000 ns	       824	80000488	08007c53	fsub.s	f24,f0,f0	  f0:0x7f800000  f0:0x7f800000 f24=0x80000000
       8625.000 ns	       861	8000048c	03e6f133	remu	x2,x13,x30	 x13:0x0e9e4ed8 x30:0x00000001  x2=0x00000000
       8645.000 ns	       863	80000490	00000013	addi	x0,x0,0	  x0:0x00000000
       8655.000 ns	       864	80000494	da6cf217	auipc	x4,0xda6cf	  x4=0x5a6cf494
       8665.000 ns	       865	80000498	01edde93	srli	x29,x27,0x1e	 x27:0x00000000 x29=0x00000000
       8675.000 ns	       866	8000049c	00e39133	sll	x2,x7,x14	  x7:0x00059064 x14:0x8e9e52b4  x2=0x06400000
       8685.000 ns	       867	800004a0	00591b33	sll	x22,x18,x5	 x18:0x1a047780  x5:0xf0d585cf x22=0x3bc00000
       8705.000 ns	       869	800004a4	c01cfcd3	fcvt.wu.s	x25,f25	 f25:0x7cc8d635 x25=0xffffffff
       8725.000 ns	       871	800004a8	3d82b613	sltiu	x12,x5,984	  x5:0xf0d585cf x12=0x00000000
       8735.000 ns	       872	800004ac	011f6333	or	x6,x30,x17	 x30:0x00000001 x17:0xffff0008  x6=0xffff0009
       8775.000 ns	       876	800004b0	090ec1d3	fsub.s	f3,f29,f16	 f29:0x79f47814 f16:0x7f7fffff  f3=0xff7fe170
       8805.000 ns	       879	800004b4	206d27d3	fsgnjx.s	f15,f26,f6	 f26:0x80000000  f6:0x806df30d f15=0x00000000
       8835.000 ns	       882	800004b8	e00b06d3	fmv.x.w	x13,f22	 f22:0x7f800000 x13=0x7f800000
       8875.000 ns	       886	800004bc	1168a253	fmul.s	f4,f17,f22	 f17:0x79f47814 f22:0x7f800000  f4=0x7f800000
       8895.000 ns	       888	800004c0	00b95b13	srli	x22,x18,0xb	 x18:0x1a047780 x22=0x0003408e
       8905.000 ns	       889	800004c4	00e60c33	add	x24,x12,x14	 x12:0x00000000 x14:0x8e9e52b4 x24=0x8e9e52b4
       8925.000 ns	       891	800004c8	020fd933	divu	x18,x31,x0	 x31:0x80041024  x0:0x00000000 x18=0xffffffff
       8955.000 ns	       894	800004cc	21bda953	fsgnjx.s	f18,f27,f27	 f27:0xe0d0df80 f27:0xe0d0df80 f18=0x60d0df80
       8975.000 ns	       896	800004d0	29a0b593	sltiu	x11,x1,666	  x1:0x19c3d06e x11=0x00000000
       8995.000 ns	       898	800004d4	c003fe53	fcvt.w.s	x28,f7	  f7:0x7901eaa7 x28=0x7fffffff
       9015.000 ns	       900	800004d8	63d0b713	sltiu	x14,x1,1597	  x1:0x19c3d06e x14=0x00000000
       9035.000 ns	       902	800004dc	29498353	fmin.s	f6,f19,f20	 f19:0x7cc8d635 f20:0xff7fffff  f6=0xff7fffff
       9065.000 ns	       905	800004e0	a0c89dd3	flt.s	x27,f17,f12	 f17:0x79f47814 f12:0xe0d0df80 x27=0x00000000
       9085.000 ns	       907	800004e4	4056d733	sra	x14,x13,x5	 x13:0x7f800000  x5:0xf0d585cf x14=0x0000ff00
       9105.000 ns	       909	800004e8	a1d6a853	feq.s	x16,f13,f29	 f13:0x7f800000 f29:0x79f47814 x16=0x00000000
       9125.000 ns	       911	800004ec	00cc9313	slli	x6,x25,0xc	 x25:0xffffffff  x6=0xfffff000
       9485.000 ns	       947	800004f0	0356da33	divu	x20,x13,x21	 x13:0x7f800000 x21:0x80040fe3 x20=0x00000000
       9505.000 ns	       949	800004f4	cf982a93	slti	x21,x16,-775	 x16:0x00000000 x21=0x00000000
       9515.000 ns	       950	800004f8	011bbc33	sltu	x24,x23,x17	 x23:0x00000000 x17:0xffff0008 x24=0x00000001
       9525.000 ns	       951	800004fc	f8c73b93	sltiu	x23,x14,-116	 x14:0x0000ff00 x23=0x00000001
       9555.000 ns	       954	80000500	58029dd3	fsqrt.s	f27,f5	  f5:0x7fc00000 f27=0x7fc00000
       9585.000 ns	       957	80000504	032307b3	mul	x15,x6,x18	  x6:0xfffff000 x18:0xffffffff x15=0x00001000
       9635.000 ns	       962	80000508	00177e53	fadd.s	f28,f14,f1	 f14:0x7f800000  f1:0xe0d0df80 f28=0x7f800000
       9665.000 ns	       965	8000050c	027e1933	mulh	x18,x28,x7	 x28:0x7fffffff  x7:0x00059064 x18=0x0002c831
       9685.000 ns	       967	80000510	00000013	addi	x0,x0,0	  x0:0x00000000
       9705.000 ns	       969	80000514	d001fa53	fcvt.s.w	f20,x3	  x3:0x80000000 f20=0xcf000000
       9735.000 ns	       972	80000518	039b3533	mulhu	x10,x22,x25	 x22:0x0003408e x25:0xffffffff x10=0x0003408d
       9755.000 ns	       974	8000051c	5e56c193	xori	x3,x13,1509	 x13:0x7f800000  x3=0x7f8005e5
       9785.000 ns	       977	80000520	10b398d3	fmul.s	f17,f7,f11	  f7:0x7901eaa7 f11:0xf9f47814 f17=0xff800000
       9805.000 ns	       979	80000524	00621f13	slli	x30,x4,0x6	  x4:0x5a6cf494 x30=0x9b3d2500
       9825.000 ns	       981	80000528	03a235b3	mulhu	x11,x4,x26	  x4:0x5a6cf494 x26:0x0e9e52b4 x11=0x0529e1d5
       9845.000 ns	       983	8000052c	8b907d97	auipc	x27,0x8b907	 x27=0x0b90752c
       9865.000 ns	       985	80000530	d00bf2d3	fcvt.s.w	f5,x23	 x23:0x00000001  f5=0x3f800000
       9885.000 ns	       987	80000534	5ab1bcb7	lui	x25,0x5ab1b	 x25=0x5ab1b000
       9895.000 ns	       988	80000538	41538033	sub	x0,x7,x21	  x7:0x00059064 x21:0x00000000
       9935.000 ns	       992	8000053c	012c76d3	fadd.s	f13,f24,f18	 f24:0x80000000 f18:0x60d0df80 f13=0x60d0df80
       9965.000 ns	       995	80000540	0246a933	mulhsu	x18,x13,x4	 x13:0x7f800000  x4:0x5a6cf494 x18=0x2d0943cf
       9985.000 ns	       997	80000544	019a2933	slt	x18,x20,x25	 x20:0x00000000 x25:0x5ab1b000 x18=0x00000001
      10005.000 ns	       999	80000548	c00bff53	fcvt.w.s	x30,f23	 f23:0xcf000000 x30=0x80000000
      10035.000 ns	      1002	8000054c	28719a53	fmax.s	f20,f3,f7	  f3:0xff7fe170  f7:0x7901eaa7 f20=0x7901eaa7
      10055.000 ns	      1004	80000550	8d8b0b93	addi	x23,x22,-1832	 x22:0x0003408e x23=0x00033966
      10065.000 ns	      1005	80000554	015e1733	sll	x14,x28,x21	 x28:0x7fffffff x21:0x00000000 x14=0x7fffffff
      10075.000 ns	      1006	80000558	d56b2913	slti	x18,x22,-682	 x22:0x0003408e x18=0x00000000
      10085.000 ns	      1007	8000055c	00ae8933	add	x18,x29,x10	 x29:0x00000000 x10:0x0003408d x18=0x0003408d
      10105.000 ns	      1009	80000560	285f8ad3	fmin.s	f21,f31,f5	 f31:0x00000000  f5:0x3f800000 f21=0x00000000
      10475.000 ns	      1046	80000564	021fe333	rem	x6,x31,x1	 x31:0x80041024  x1:0x19c3d06e  x6=0xe71351dc
      10495.000 ns	      1048	80000568	5f3cd217	auipc	x4,0x5f3cd	  x4=0xdf3cd568
      10505.000 ns	      1049	8000056c	0038bbb3	sltu	x23,x17,x3	 x17:0xffff0008  x3:0x7f8005e5 x23=0x00000000
      10515.000 ns	      1050	80000570	015949b3	xor	x19,x18,x21	 x18:0x0003408d x21:0x00000000 x19=0x0003408d
      10535.000 ns	      1052	80000574	e00805d3	fmv.x.w	x11,f16	 f16:0x7f7fffff x11=0x7f7fffff
      10575.000 ns	      1056	80000578	580c74d3	fsqrt.s	f9,f24	 f24:0x80000000  f9=0x80000000
      10605.000 ns	      1059	8000057c	a14ea253	feq.s	x4,f29,f20	 f29:0x79f47814 f20:0x7901eaa7  x4=0x00000000
      10635.000 ns	      1062	80000580	d00112d3	fcvt.s.w	f5,x2	  x2:0x06400000  f5=0x4cc80000
      10975.000 ns	      1096	80000584	19d64253	fdiv.s	f4,f12,f29	 f12:0xe0d0df80 f29:0x79f47814  f4=0xa650df80
      11005.000 ns	      1099	80000588	03733133	mulhu	x2,x6,x23	  x6:0xe71351dc x23:0x00000000  x2=0x00000000
      11035.000 ns	      1102	8000058c	a0631ed3	flt.s	x29,f6,f6	  f6:0xff7fffff  f6:0xff7fffff x29=0x00000000
      11075.000 ns	      1106	80000590	580d1353	fsqrt.s	f6,f26	 f26:0x80000000  f6=0x80000000
      11105.000 ns	      1109	80000594	027d8233	mul	x4,x27,x7	 x27:0x0b90752c  x7:0x00059064  x4=0x10328530
      11135.000 ns	      1112	80000598	c000f253	fcvt.w.s	x4,f1	  f1:0xe0d0df80  x4=0x80000000
      11155.000 ns	      1114	8000059c	010d1093	slli	x1,x26,0x10	 x26:0x0e9e52b4  x1=0x52b40000
      11165.000 ns	      1115	800005a0	00d8ae33	slt	x28,x17,x13	 x17:0xffff0008 x13:0x7f800000 x28=0x00000001
      11175.000 ns	      1116	800005a4	0130ebb3	or	x23,x1,x19	  x1:0x19c3d06e x19:0x0003408d x23=0x52b7408d
      11185.000 ns	      1117	800005a8	0086e733	or	x14,x13,x8	 x13:0x7f800000  x8:0x80040fe4 x14=0xff840fe4
      11195.000 ns	      1118	800005ac	40cc0133	sub	x2,x24,x12	 x24:0x00000001 x12:0x00000000  x2=0x00000001
      11205.000 ns	      1119	800005b0	00d84e33	xor	x28,x16,x13	 x16:0x00000000 x13:0x7f800000 x28=0x7f800000
      11215.000 ns	      1120	800005b4	00000013	addi	x0,x0,0	  x0:0x00000000
      11235.000 ns	      1122	800005b8	a11bae53	feq.s	x28,f23,f17	 f23:0xcf000000 f17:0xff800000 x28=0x00000000
      11255.000 ns	      1124	800005bc	27c9a193	slti	x3,x19,636	 x19:0x0003408d  x3=0x00000000
      11265.000 ns	      1125	800005c0	00649393	slli	x7,x9,0x6	  x9:0x80040fe4  x7=0x0103f900
      11285.000 ns	      1127	800005c4	c014ba53	fcvt.wu.s	x20,f9	  f9:0x80000000 x20=0x00000000
      11315.000 ns	      1130	800005c8	02621033	mulh	x0,x4,x6	  x4:0x80000000  x6:0xe71351dc
      11335.000 ns	      1132	800005cc	00000013	addi	x0,x0,0	  x0:0x00000000
      11345.000 ns	      1133	800005d0	005a1d33	sll	x26,x20,x5	 x20:0x00000000  x5:0xf0d585cf x26=0x00000000
      11355.000 ns	      1134	800005d4	00d2adb3	slt	x27,x5,x13	  x5:0xf0d585cf x13:0x7f800000 x27=0x00000001
      11365.000 ns	      1135	800005d8	464b6b93	ori	x23,x22,1124	 x22:0x0003408e x23=0x000344ee
      11725.000 ns	      1171	800005dc	027a41b3	div	x3,x20,x7	 x20:0x00000000  x7:0x0103f900  x3=0x00000000
      11755.000 ns	      1174	800005e0	d009f0d3	fcvt.s.w	f1,x19	 x19:0x0003408d  f1=0x48502340
      11775.000 ns	      1176	800005e4	000f0a33	add	x20,x30,x0	 x30:0x80000000  x0:0x00000000 x20=0x80000000
      11795.000 ns	      1178	800005e8	f00b0ed3	fmv.w.x	f29,x22	 x22:0x0003408e f29=0x0003408e
      11815.000 ns	      1180	800005ec	49176f37	lui	x30,0x49176	 x30=0x49176000
      11835.000 ns	      1182	800005f0	204f8053	fsgnj.s	f0,f31,f4	 f31:0x00000000  f4:0xa650df80  f0=0x80000000
      11865.000 ns	      1185	800005f4	28a288d3	fmin.s	f17,f5,f10	  f5:0x4cc80000 f10:0x00000000 f17=0x00000000
      11885.000 ns	      1187	800005f8	01f925b3	slt	x11,x18,x31	 x18:0x0003408d x31:0x80041024 x11=0x00000000
      11895.000 ns	      1188	800005fc	1e2765b7	lui	x11,0x1e276	 x11=0x1e276000
      11935.000 ns	      1192	80000600	01eef753	fadd.s	f14,f29,f30	 f29:0x0003408e f30:0x00000000 f14=0x0003408e
      11955.000 ns	      1194	80000604	c9b02d97	auipc	x27,0xc9b02	 x27=0x49b02604
      11965.000 ns	      1195	80000608	0da1d617	auipc	x12,0xda1d	 x12=0x8da1d608
      11975.000 ns	      1196	8000060c	01851693	slli	x13,x10,0x18	 x10:0x0003408d x13=0x8d000000
      11995.000 ns	      1198	80000610	d0061653	fcvt.s.w	f12,x12	 x12:0x00000000 f12=0xcee4bc53
      12025.000 ns	      1201	80000614	203296d3	fsgnjn.s	f13,f5,f3	  f5:0x4cc80000  f3:0xff7fe170 f13=0x4cc80000
      12045.000 ns	      1203	80000618	4009d813	srai	x16,x19,0x0	 x19:0x0003408d x16=0x0003408d
      12055.000 ns	      1204	8000061c	4036d813	srai	x16,x13,0x3	 x13:0x8d000000 x16=0xf1a00000
      12075.000 ns	      1206	80000620	a1ab9853	flt.s	x16,f23,f26	 f23:0xcf000000 f26:0x80000000 x16=0x00000001
      12105.000 ns	      1209	80000624	03a2cb33	div	x22,x5,x26	  x5:0xf0d585cf x26:0x00000000 x22=0xffffffff
      12125.000 ns	      1211	80000628	40878a33	sub	x20,x15,x8	 x15:0x00001000  x8:0x80040fe4 x20=0x7ffc001c
      12145.000 ns	      1213	8000062c	03472b33	mulhsu	x22,x14,x20	 x14:0xff840fe4 x20:0x80000000 x22=0xffc209e1
      12165.000 ns	      1215	80000630	a539a393	slti	x7,x19,-1453	 x19:0x0003408d  x7=0x00000000
      12175.000 ns	      1216	80000634	4178d193	srai	x3,x17,0x17	 x17:0xffff0008  x3=0xffffffff
      12185.000 ns	      1217	80000638	006c5133	srl	x2,x24,x6	 x24:0x00000001  x6:0xe71351dc  x2=0x00000000
      12205.000 ns	      1219	8000063c	c00f0b53	fcvt.w.s	x22,f30	 f30:0x00000000 x22=0x00000000
      12225.000 ns	      1221	80000640	01cb97b3	sll	x15,x23,x28	 x23:0x000344ee x28:0x00000000 x15=0x000344ee
      12585.000 ns	      1257	80000644	033d60b3	rem	x1,x26,x19	 x26:0x00000000 x19:0x0003408d  x1=0x00000000
      12605.000 ns	      1259	80000648	003cf333	and	x6,x25,x3	 x25:0x5ab1b000  x3:0xffffffff  x6=0x5ab1b000
      12965.000 ns	      1295	8000064c	0349eb33	rem	x22,x19,x20	 x19:0x0003408d x20:0x7ffc001c x22=0x0003408d
      12995.000 ns	      1298	80000650	d01e3153	fcvt.s.wu	f2,x28	 x28:0x00000000  f2=0x00000000
      13025.000 ns	      1301	80000654	a0cf16d3	flt.s	x13,f30,f12	 f30:0x00000000 f12:0xcee4bc53 x13=0x00000000
      13055.000 ns	      1304	80000658	e00f8753	fmv.x.w	x14,f31	 f31:0x00000000 x14=0x00000000
      13085.000 ns	      1307	8000065c	032f0c33	mul	x24,x30,x18	 x30:0x49176000 x18:0x0003408d x24=0x39dfe000
      13105.000 ns	      1309	80000660	c26ac313	xori	x6,x21,-986	 x21:0x00000000  x6=0xfffffc26
      13115.000 ns	      1310	80000664	00e9adb3	slt	x27,x19,x14	 x19:0x0003408d x14:0x00000000 x27=0x00000000
      13125.000 ns	      1311	80000668	644d6a13	ori	x20,x26,1604	 x26:0x00000000 x20=0x00000644
      13135.000 ns	      1312	8000066c	01731233	sll	x4,x6,x23	  x6:0xfffffc26 x23:0x000344ee  x4=0xff098000
      13155.000 ns	      1314	80000670	e00081d3	fmv.x.w	x3,f1	  f1:0x48502340  x3=0x48502340
      13185.000 ns	      1317	80000674	c0038a53	fcvt.w.s	x20,f7	  f7:0x7901eaa7 x20=0x7fffffff
      13215.000 ns	      1320	80000678	030e31b3	mulhu	x3,x28,x16	 x28:0x00000000 x16:0x00000001  x3=0x00000000
      13245.000 ns	      1323	8000067c	a0d9abd3	feq.s	x23,f19,f13	 f19:0x7cc8d635 f13:0x4cc80000 x23=0x00000000
      13285.000 ns	      1327	80000680	580d4153	fsqrt.s	f2,f26	 f26:0x80000000  f2=0x80000000
      13305.000 ns	      1329	80000684	5d856693	ori	x13,x10,1496	 x10:0x0003408d x13=0x000345dd
      13345.000 ns	      1333	80000688	099131d3	fsub.s	f3,f2,f25	  f2:0x80000000 f25:0x7cc8d635  f3=0xfcc8d635
      13395.000 ns	      1338	8000068c	0111bbd3	fadd.s	f23,f3,f17	  f3:0xff7fe170 f17:0x00000000 f23=0xfcc8d635
      13765.000 ns	      1375	80000690	033550b3	divu	x1,x10,x19	 x10:0x0003408d x19:0x0003408d  x1=0x00000001
      13785.000 ns	      1377	80000694	001a26b3	slt	x13,x20,x1	 x20:0x7fffffff  x1:0x00000000 x13=0x00000000
      13795.000 ns	      1378	80000698	d134b713	sltiu	x14,x9,-749	  x9:0x80040fe4 x14=0x00000001
      13805.000 ns	      1379	8000069c	00000013	addi	x0,x0,0	  x0:0x00000000
      13815.000 ns	      1380	800006a0	40c6df13	srai	x30,x13,0xc	 x13:0x00000000 x30=0x00000000
      13835.000 ns	      1382	800006a4	29201cd3	fmax.s	f25,f0,f18	  f0:0x80000000 f18:0x60d0df80 f25=0x60d0df80
      13865.000 ns	      1385	800006a8	a0452ed3	feq.s	x29,f10,f4	 f10:0x00000000  f4:0xa650df80 x29=0x00000000
      13895.000 ns	      1388	800006ac	f00e83d3	fmv.w.x	f7,x29	 x29:0x00000000  f7=0x00000000
      13915.000 ns	      1390	800006b0	00b6ae33	slt	x28,x13,x11	 x13:0x00000000 x11:0x1e276000 x28=0x00000001
      13935.000 ns	      1392	800006b4	e00a0ed3	fmv.x.w	x29,f20	 f20:0x7901eaa7 x29=0x7901eaa7
      13965.000 ns	      1395	800006b8	203a17d3	fsgnjn.s	f15,f20,f3	 f20:0x7901eaa7  f3:0xfcc8d635 f15=0x7901eaa7
      13995.000 ns	      1398	800006bc	d01cfd53	fcvt.s.wu	f26,x25	 x25:0x5ab1b000 f26=0x4eb56360
      14015.000 ns	      1400	800006c0	d0af1a97	auipc	x21,0xd0af1	 x21=0x50af16c0
      14025.000 ns	      1401	800006c4	41fdd093	srai	x1,x27,0x1f	 x27:0x00000000  x1=0x00000000
      14045.000 ns	      1403	800006c8	a0d88e53	fle.s	x28,f17,f13	 f17:0x00000000 f13:0x4cc80000 x28=0x00000001
      14415.000 ns	      1440	800006cc	038dc1b3	div	x3,x27,x24	 x27:0x00000000 x24:0x39dfe000  x3=0x00000000
      14465.000 ns	      1445	800006d0	0086f953	fadd.s	f18,f13,f8	 f13:0x4cc80000  f8:0x7f800000 f18=0x7f800000
      14495.000 ns	      1448	800006d4	28738253	fmin.s	f4,f7,f7	  f7:0x00000000  f7:0x00000000  f4=0x00000000
      14525.000 ns	      1451	800006d8	c0020453	fcvt.w.s	x8,f4	  f4:0xa650df80  x8=0x00000000
      14545.000 ns	      1453	800006dc	00733eb3	sltu	x29,x6,x7	  x6:0xfffffc26  x7:0x00000000 x29=0x00000000
      14565.000 ns	      1455	800006e0	03b99b33	mulh	x22,x19,x27	 x19:0x0003408d x27:0x00000000 x22=0x00000000
      14595.000 ns	      1458	800006e4	a071a653	feq.s	x12,f3,f7	  f3:0xfcc8d635  f7:0x00000000 x12=0x00000000
      14645.000 ns	      1463	800006e8	0092b153	fadd.s	f2,f5,f9	  f5:0x4cc80000  f9:0x80000000  f2=0x4cc80000
      14675.000 ns	      1466	800006ec	e00c0a53	fmv.x.w	x20,f24	 f24:0x80000000 x20=0x80000000
      14705.000 ns	      1469	800006f0	02f89133	mulh	x2,x17,x15	 x17:0xffff0008 x15:0x000344ee  x2=0xfffffffc
      14725.000 ns	      1471	800006f4	019b4733	xor	x14,x22,x25	 x22:0x00000000 x25:0x5ab1b000 x14=0x5ab1b000
      14735.000 ns	      1472	800006f8	6fc57a13	andi	x20,x10,1788	 x10:0x0003408d x20=0x0000008c
      14755.000 ns	      1474	800006fc	a0b78953	fle.s	x18,f15,f11	 f15:0x7901eaa7 f11:0xf9f47814 x18=0x00000000
      14775.000 ns	      1476	80000700	004df0b3	and	x1,x27,x4	 x27:0x00000000  x4:0xff098000  x1=0x00000000
      14795.000 ns	      1478	80000704	a0ca8dd3	fle.s	x27,f21,f12	 f21:0x00000000 f12:0xcee4bc53 x27=0x00000000
      15165.000 ns	      1515	80000708	02afe233	rem	x4,x31,x10	 x31:0x80041024 x10:0x0003408d  x4=0xfffe3cb6
      15185.000 ns	      1517	8000070c	00e89313	slli	x6,x17,0xe	 x17:0xffff0008  x6=0xc0020000
      15195.000 ns	      1518	80000710	01253b33	sltu	x22,x10,x18	 x10:0x0003408d x18:0x00000000 x22=0x00000000
      15215.000 ns	      1520	80000714	03743533	mulhu	x10,x8,x23	  x8:0x00000000 x23:0x00000000 x10=0x00000000
      15255.000 ns	      1524	80000718	19baf453	fdiv.s	f8,f21,f27	 f21:0x00000000 f27:0x7fc00000  f8=0x7fc00000
      15285.000 ns	      1527	8000071c	02a0f733	remu	x14,x1,x10	  x1:0x00000000 x10:0x00000000 x14=0x00000000
      15315.000 ns	      1530	80000720	03bb7cb3	remu	x25,x22,x27	 x22:0x00000000 x27:0x00000000 x25=0x00000000
      15345.000 ns	      1533	80000724	a0362c53	feq.s	x24,f12,f3	 f12:0xcee4bc53  f3:0xfcc8d635 x24=0x00000000
      15375.000 ns	      1536	80000728	28589153	fmax.s	f2,f17,f5	 f17:0x00000000  f5:0x4cc80000  f2=0x4cc80000
      15405.000 ns	      1539	8000072c	d0004453	fcvt.s.w	f8,x0	  x0:0x00000000  f8=0x00000000
      15435.000 ns	      1542	80000730	02ca57b3	divu	x15,x20,x12	 x20:0x0000008c x12:0x00000000 x15=0xffffffff
      15455.000 ns	      1544	80000734	01dc7e33	and	x28,x24,x29	 x24:0x00000000 x29:0x00000000 x28=0x00000000
      15465.000 ns	      1545	80000738	00669433	sll	x8,x13,x6	 x13:0x00000000  x6:0xc0020000  x8=0x00000000
      15485.000 ns	      1547	8000073c	20728453	fsgnj.s	f8,f5,f7	  f5:0x4cc80000  f7:0x00000000  f8=0x4cc80000
      15505.000 ns	      1549	80000740	01175093	srli	x1,x14,0x11	 x14:0x00000000  x1=0x00000000
      15515.000 ns	      1550	80000744	41e55533	sra	x10,x10,x30	 x10:0x00000000 x30:0x00000000 x10=0x00000000
      15525.000 ns	      1551	80000748	0098f633	and	x12,x17,x9	 x17:0xffff0008  x9:0x80040fe4 x12=0x80040000
      15535.000 ns	      1552	8000074c	0199da13	srli	x20,x19,0x19	 x19:0x0003408d x20=0x00000000
      15555.000 ns	      1554	80000750	02e463b3	rem	x7,x8,x14	  x8:0x00000000 x14:0x00000000  x7=0x00000000
      15585.000 ns	      1557	80000754	e00b1353	fclass.s	x6,f22	 f22:0x7f800000  x6=0x00000080
      15615.000 ns	      1560	80000758	a1cf0bd3	fle.s	x23,f30,f28	 f30:0x00000000 f28:0x7f800000 x23=0x00000001
      15635.000 ns	      1562	8000075c	4151de93	srai	x29,x3,0x15	  x3:0x00000000 x29=0x00000000
      15655.000 ns	      1564	80000760	03e2cdb3	div	x27,x5,x30	  x5:0xf0d585cf x30:0x00000000 x27=0xffffffff
      15675.000 ns	      1566	80000764	716a2993	slti	x19,x20,1814	 x20:0x00000000 x19=0x00000001
      15695.000 ns	      1568	80000768	d007f9d3	fcvt.s.w	f19,x15	 x15:0xffffffff f19=0xbf800000
      15725.000 ns	      1571	8000076c	d014ffd3	fcvt.s.wu	f31,x9	  x9:0x80040fe4 f31=0x4f00040f
      15745.000 ns	      1573	80000770	416807b3	sub	x15,x16,x22	 x16:0x00000001 x22:0x00000000 x15=0x00000001
      15755.000 ns	      1574	80000774	ad260c37	lui	x24,0xad260	 x24=0xad260000
      15775.000 ns	      1576	80000778	c00c78d3	fcvt.w.s	x17,f24	 f24:0x80000000 x17=0x00000000
      15795.000 ns	      1578	8000077c	af29ca13	xori	x20,x19,-1294	 x19:0x00000001 x20=0xfffffaf3
      15805.000 ns	      1579	80000780	8d157c37	lui	x24,0x8d157	 x24=0x8d157000
      15825.000 ns	      1581	80000784	21d48653	fsgnj.s	f12,f9,f29	  f9:0x80000000 f29:0x0003408e f12=0x00000000
      15855.000 ns	      1584	80000788	a06a0953	fle.s	x18,f20,f6	 f20:0x7901eaa7  f6:0x80000000 x18=0x00000000
      15875.000 ns	      1586	8000078c	90474713	xori	x14,x14,-1788	 x14:0x00000000 x14=0xfffff904
      15895.000 ns	      1588	80000790	21762b53	fsgnjx.s	f22,f12,f23	 f12:0x00000000 f23:0xfcc8d635 f22=0x80000000
      15915.000 ns	      1590	80000794	fb9e7d97	auipc	x27,0xfb9e7	 x27=0x7b9e7794
      16275.000 ns	      1626	80000798	030ecdb3	div	x27,x29,x16	 x29:0x00000000 x16:0x00000001 x27=0x00000000
      16325.000 ns	      1631	8000079c	08cafcd3	fsub.s	f25,f21,f12	 f21:0x00000000 f12:0x00000000 f25=0x80000000
      16375.000 ns	      1636	800007a0	007bf153	fadd.s	f2,f23,f7	 f23:0xfcc8d635  f7:0x00000000  f2=0xfcc8d635
      16395.000 ns	      1638	800007a4	41bb8bb3	sub	x23,x23,x27	 x23:0x00000001 x27:0x00000000 x23=0x00000001
      16415.000 ns	      1640	800007a8	e0028c53	fmv.x.w	x24,f5	  f5:0x4cc80000 x24=0x4cc80000
      16435.000 ns	      1642	800007ac	018ec5b3	xor	x11,x29,x24	 x29:0x00000000 x24:0x8d157000 x11=0x4cc80000
      16455.000 ns	      1644	800007b0	c00cf653	fcvt.w.s	x12,f25	 f25:0x80000000 x12=0x00000000
      16485.000 ns	      1647	800007b4	288707d3	fmin.s	f15,f14,f8	 f14:0x0003408e  f8:0x4cc80000 f15=0x0003408e
      16505.000 ns	      1649	800007b8	e54b2813	slti	x16,x22,-428	 x22:0x00000000 x16=0x00000000
      16515.000 ns	      1650	800007bc	00000013	addi	x0,x0,0	  x0:0x00000000
      16525.000 ns	      1651	800007c0	00a99d33	sll	x26,x19,x10	 x19:0x00000001 x10:0x00000000 x26=0x00000001
      16535.000 ns	      1652	800007c4	00c80933	add	x18,x16,x12	 x16:0x00000000 x12:0x00000000 x18=0x00000000
      16575.000 ns	      1656	800007c8	00324ad3	fadd.s	f21,f4,f3	  f4:0x00000000  f3:0xfcc8d635 f21=0xfcc8d635
      16595.000 ns	      1658	800007cc	00000013	addi	x0,x0,0	  x0:0x00000000
      16605.000 ns	      1659	800007d0	b6494993	xori	x19,x18,-1180	 x18:0x00000000 x19=0xfffffb64
      16625.000 ns	      1661	800007d4	e00a1ad3	fclass.s	x21,f20	 f20:0x7901eaa7 x21=0x00000040
      16645.000 ns	      1663	800007d8	017925b3	slt	x11,x18,x23	 x18:0x00000000 x23:0x00000001 x11=0x00000001
      16655.000 ns	      1664	800007dc	6dfa2213	slti	x4,x20,1759	 x20:0xfffffaf3  x4=0x00000001
      16665.000 ns	      1665	800007e0	013cdd13	srli	x26,x25,0x13	 x25:0x00000000 x26=0x00000000
      16685.000 ns	      1667	800007e4	c015ab53	fcvt.wu.s	x22,f11	 f11:0xf9f47814 x22=0x00000000
      16715.000 ns	      1670	800007e8	208fadd3	fsgnjx.s	f27,f31,f8	 f31:0x4f00040f  f8:0x4cc80000 f27=0x4f00040f
      16735.000 ns	      1672	800007ec	007971b3	and	x3,x18,x7	 x18:0x00000000  x7:0x00000000  x3=0x00000000
      16745.000 ns	      1673	800007f0	01ba1ab3	sll	x21,x20,x27	 x20:0xfffffaf3 x27:0x00000000 x21=0xfffffaf3
      16765.000 ns	      1675	800007f4	02db3433	mulhu	x8,x22,x13	 x22:0x00000000 x13:0x00000000  x8=0x00000000
      16795.000 ns	      1678	800007f8	29481c53	fmax.s	f24,f16,f20	 f16:0x7f7fffff f20:0x7901eaa7 f24=0x7f7fffff
      16825.000 ns	      1681	800007fc	a16e0453	fle.s	x8,f28,f22	 f28:0x7f800000 f22:0x80000000  x8=0x00000000
      16855.000 ns	      1684	80000800	e0010253	fmv.x.w	x4,f2	  f2:0xfcc8d635  x4=0xfcc8d635
      16875.000 ns	      1686	80000804	418e0633	sub	x12,x28,x24	 x28:0x00000000 x24:0x4cc80000 x12=0xb3380000
      16895.000 ns	      1688	80000808	a132a0d3	feq.s	x1,f5,f19	  f5:0x4cc80000 f19:0xbf800000  x1=0x00000000
      16925.000 ns	      1691	8000080c	21ba9dd3	fsgnjn.s	f27,f21,f27	 f21:0xfcc8d635 f27:0x4f00040f f27=0xfcc8d635
      16945.000 ns	      1693	80000810	00172eb3	slt	x29,x14,x1	 x14:0xfffff904  x1:0x00000000 x29=0x00000001
      16955.000 ns	      1694	80000814	012001b3	add	x3,x0,x18	  x0:0x00000000 x18:0x00000000  x3=0x00000000
      16975.000 ns	      1696	80000818	283d0353	fmin.s	f6,f26,f3	 f26:0x4eb56360  f3:0xfcc8d635  f6=0xfcc8d635
      16995.000 ns	      1698	8000081c	4f72fe93	andi	x29,x5,1271	  x5:0xf0d585cf x29=0x000004c7
      17005.000 ns	      1699	80000820	41f7db33	sra	x22,x15,x31	 x15:0x00000001 x31:0x80041024 x22=0x00000000
      17015.000 ns	      1700	80000824	3b079c97	auipc	x25,0x3b079	 x25=0xbb079824
      17025.000 ns	      1701	80000828	00875c33	srl	x24,x14,x8	 x14:0xfffff904  x8:0x00000000 x24=0xfffff904
      17035.000 ns	      1702	8000082c	c22a2693	slti	x13,x20,-990	 x20:0xfffffaf3 x13=0x00000001
      17055.000 ns	      1704	80000830	a1bb15d3	flt.s	x11,f22,f27	 f22:0x80000000 f27:0xfcc8d635 x11=0x00000000
      17075.000 ns	      1706	80000834	01597e33	and	x28,x18,x21	 x18:0x00000000 x21:0xfffffaf3 x28=0x00000000
      17085.000 ns	      1707	80000838	00b481b3	add	x3,x9,x11	  x9:0x80040fe4 x11:0x00000000  x3=0x80040fe4
      17105.000 ns	      1709	8000083c	d00b8dd3	fcvt.s.w	f27,x23	 x23:0x00000001 f27=0x3f800000
      17135.000 ns	      1712	80000840	f0060b53	fmv.w.x	f22,x12	 x12:0xb3380000 f22=0xb3380000
      17165.000 ns	      1715	80000844	c00b13d3	fcvt.w.s	x7,f22	 f22:0x80000000  x7=0x00000000
      17195.000 ns	      1718	80000848	20819c53	fsgnjn.s	f24,f3,f8	  f3:0xfcc8d635  f8:0x4cc80000 f24=0xfcc8d635
      17225.000 ns	      1721	8000084c	29f89dd3	fmax.s	f27,f17,f31	 f17:0x00000000 f31:0x4f00040f f27=0x4f00040f
      17255.000 ns	      1724	80000850	032b1433	mulh	x8,x22,x18	 x22:0x00000000 x18:0x00000000  x8=0x00000000
      17285.000 ns	      1727	80000854	d0112ed3	fcvt.s.wu	f29,x2	  x2:0xfffffffc f29=0x4f800000
      17305.000 ns	      1729	80000858	d6810813	addi	x16,x2,-664	  x2:0xfffffffc x16=0xfffffd64
      17315.000 ns	      1730	8000085c	00000013	addi	x0,x0,0	  x0:0x00000000
      17335.000 ns	      1732	80000860	21a80153	fsgnj.s	f2,f16,f26	 f16:0x7f7fffff f26:0x4eb56360  f2=0x7f7fffff
      17355.000 ns	      1734	80000864	006ae8b3	or	x17,x21,x6	 x21:0xfffffaf3  x6:0x00000080 x17=0xfffffaf3
      17365.000 ns	      1735	80000868	1dd3eb93	ori	x23,x7,477	  x7:0x00000000 x23=0x000001dd
      17385.000 ns	      1737	8000086c	02b98f33	mul	x30,x19,x11	 x19:0xfffffb64 x11:0x00000000 x30=0x00000000
      17415.000 ns	      1740	80000870	299a89d3	fmin.s	f19,f21,f25	 f21:0xfcc8d635 f25:0x80000000 f19=0xfcc8d635
      17445.000 ns	      1743	80000874	a0b18ad3	fle.s	x21,f3,f11	  f3:0xfcc8d635 f11:0xf9f47814 x21=0x00000001
      17475.000 ns	      1746	80000878	28789f53	fmax.s	f30,f17,f7	 f17:0x00000000  f7:0x00000000 f30=0x00000000
      17495.000 ns	      1748	8000087c	01691a93	slli	x21,x18,0x16	 x18:0x00000000 x21=0x00000000
      17515.000 ns	      1750	80000880	027dca33	div	x20,x27,x7	 x27:0x00000000  x7:0x00000000 x20=0xffffffff
      17535.000 ns	      1752	80000884	00000013	addi	x0,x0,0	  x0:0x00000000
      17555.000 ns	      1754	80000888	c000b953	fcvt.w.s	x18,f1	  f1:0x48502340 x18=0x0003408d
      17575.000 ns	      1756	8000088c	40d285b3	sub	x11,x5,x13	  x5:0xf0d585cf x13:0x00000001 x11=0xf0d585ce
      17585.000 ns	      1757	80000890	415b5113	srai	x2,x22,0x15	 x22:0x00000000  x2=0x00000000
      17595.000 ns	      1758	80000894	01b3a6b3	slt	x13,x7,x27	  x7:0x00000000 x27:0x00000000 x13=0x00000000
      17955.000 ns	      1794	80000898	0380ea33	rem	x20,x1,x24	  x1:0x00000000 x24:0xfffff904 x20=0x00000000
      17975.000 ns	      1796	8000089c	000bd313	srli	x6,x23,0x0	 x23:0x000001dd  x6=0x000001dd
      17985.000 ns	      1797	800008a0	72eda1b7	lui	x3,0x72eda	  x3=0x72eda000
      17995.000 ns	      1798	800008a4	00f61893	slli	x17,x12,0xf	 x12:0xb3380000 x17=0x00000000
      18015.000 ns	      1800	800008a8	036139b3	mulhu	x19,x2,x22	  x2:0x00000000 x22:0x00000000 x19=0x00000000
      18045.000 ns	      1803	800008ac	28b41e53	fmax.s	f28,f8,f11	  f8:0x4cc80000 f11:0xf9f47814 f28=0x4cc80000
      18075.000 ns	      1806	800008b0	a1d7a9d3	feq.s	x19,f15,f29	 f15:0x0003408e f29:0x4f800000 x19=0x00000000
      18105.000 ns	      1809	800008b4	02361433	mulh	x8,x12,x3	 x12:0xb3380000  x3:0x72eda000  x8=0xdd87aadb
      18135.000 ns	      1812	800008b8	f0078d53	fmv.w.x	f26,x15	 x15:0x00000001 f26=0x00000001
      18475.000 ns	      1846	800008bc	18e2f253	fdiv.s	f4,f5,f14	  f5:0x4cc80000 f14:0x0003408e  f4=0x7f800000
      18495.000 ns	      1848	800008c0	40e20d33	sub	x26,x4,x14	  x4:0xfcc8d635 x14:0xfffff904 x26=0xfcc8dd31
      18855.000 ns	      1884	800008c4	03785bb3	divu	x23,x16,x23	 x16:0xfffffd64 x23:0x000001dd x23=0x0089645a
      18875.000 ns	      1886	800008c8	009fc6b3	xor	x13,x31,x9	 x31:0x80041024  x9:0x80040fe4 x13=0x00001fc0
      18885.000 ns	      1887	800008cc	4340ea13	ori	x20,x1,1076	  x1:0x00000000 x20=0x00000434
      18895.000 ns	      1888	800008d0	00aff0b3	and	x1,x31,x10	 x31:0x80041024 x10:0x00000000  x1=0x00000000
      18915.000 ns	      1890	800008d4	29899553	fmax.s	f10,f19,f24	 f19:0xfcc8d635 f24:0xfcc8d635 f10=0xfcc8d635
      18935.000 ns	      1892	800008d8	1d795797	auipc	x15,0x1d795	 x15=0x9d7958d8
      18955.000 ns	      1894	800008dc	03ae97b3	mulh	x15,x29,x26	 x29:0x000004c7 x26:0xfcc8dd31 x15=0xfffffff0
      18975.000 ns	      1896	800008e0	0041a5b3	slt	x11,x3,x4	  x3:0x72eda000  x4:0xfcc8d635 x11=0x00000000
      18995.000 ns	      1898	800008e4	c017f553	fcvt.wu.s	x10,f15	 f15:0x0003408e x10=0x00000000
      19025.000 ns	      1901	800008e8	0218ff33	remu	x30,x17,x1	 x17:0x00000000  x1:0x00000000 x30=0x00000000
      19055.000 ns	      1904	800008ec	e00f1553	fclass.s	x10,f30	 f30:0x00000000 x10=0x00000010
      19085.000 ns	      1907	800008f0	02cbab33	mulhsu	x22,x23,x12	 x23:0x0089645a x12:0xb3380000 x22=0x00602f38
      19105.000 ns	      1909	800008f4	00000013	addi	x0,x0,0	  x0:0x00000000
      19115.000 ns	      1910	800008f8	00380233	add	x4,x16,x3	 x16:0xfffffd64  x3:0x72eda000  x4=0x72ed9d64
      19135.000 ns	      1912	800008fc	20c218d3	fsgnjn.s	f17,f4,f12	  f4:0x7f800000 f12:0x00000000 f17=0xff800000
      19165.000 ns	      1915	80000900	a0c59ed3	flt.s	x29,f11,f12	 f11:0xf9f47814 f12:0x00000000 x29=0x00000001
      19535.000 ns	      1952	80000904	025ffa33	remu	x20,x31,x5	 x31:0x80041024  x5:0xf0d585cf x20=0x80041024
      20715.000 ns	      2070	80000908	58040c53	fsqrt.s	f24,f8	  f8:0x4cc80000 f24=0x461ffffc
      20745.000 ns	      2073	8000090c	02028233	mul	x4,x5,x0	  x5:0xf0d585cf  x0:0x00000000  x4=0x00000000
      20765.000 ns	      2075	80000910	00000013	addi	x0,x0,0	  x0:0x00000000
      20785.000 ns	      2077	80000914	c01703d3	fcvt.wu.s	x7,f14	 f14:0x0003408e  x7=0x00000000
      20815.000 ns	      2080	80000918	285a8a53	fmin.s	f20,f21,f5	 f21:0xfcc8d635  f5:0x4cc80000 f20=0xfcc8d635
      20835.000 ns	      2082	8000091c	0059f8b3	and	x17,x19,x5	 x19:0x00000000  x5:0xf0d585cf x17=0x00000000
      20855.000 ns	      2084	80000920	c0070ad3	fcvt.w.s	x21,f14	 f14:0x0003408e x21=0x00000000
      20885.000 ns	      2087	80000924	033fa6b3	mulhsu	x13,x31,x19	 x31:0x80041024 x19:0x00000000 x13=0x00000000
      20925.000 ns	      2091	80000928	5804f8d3	fsqrt.s	f17,f9	  f9:0x80000000 f17=0x80000000
      20955.000 ns	      2094	8000092c	28101653	fmax.s	f12,f0,f1	  f0:0x80000000  f1:0x48502340 f12=0x48502340
      21005.000 ns	      2099	80000930	0841fed3	fsub.s	f29,f3,f4	  f3:0xfcc8d635  f4:0x7f800000 f29=0xff800000
      21025.000 ns	      2101	80000934	c45f6013	ori	x0,x30,-955	 x30:0x00000000
      21035.000 ns	      2102	80000938	00568a33	add	x20,x13,x5	 x13:0x00000000  x5:0xf0d585cf x20=0xf0d585cf
      21045.000 ns	      2103	8000093c	010a4e33	xor	x28,x20,x16	 x20:0x80041024 x16:0xfffffd64 x28=0x0f2a78ab
      21065.000 ns	      2105	80000940	f0040053	fmv.w.x	f0,x8	  x8:0xdd87aadb  f0=0xdd87aadb
      21095.000 ns	      2108	80000944	e0020153	fmv.x.w	x2,f4	  f4:0x7f800000  x2=0x7f800000
      21125.000 ns	      2111	80000948	c0071dd3	fcvt.w.s	x27,f14	 f14:0x0003408e x27=0x00000000
      21145.000 ns	      2113	8000094c	01a3ae33	slt	x28,x7,x26	  x7:0x00000000 x26:0xfcc8dd31 x28=0x00000000
      21155.000 ns	      2114	80000950	68210313	addi	x6,x2,1666	  x2:0x7f800000  x6=0x7f800682
      21165.000 ns	      2115	80000954	00245213	srli	x4,x8,0x2	  x8:0xdd87aadb  x4=0x3761eab6
      21175.000 ns	      2116	80000958	01457b33	and	x22,x10,x20	 x10:0x00000010 x20:0xf0d585cf x22=0x00000000
      21535.000 ns	      2152	8000095c	039be733	rem	x14,x23,x25	 x23:0x0089645a x25:0xbb079824 x14=0x0089645a
      21565.000 ns	      2155	80000960	d01ffad3	fcvt.s.wu	f21,x31	 x31:0x80041024 f21=0x4f000410
      21615.000 ns	      2160	80000964	00b0fa53	fadd.s	f20,f1,f11	  f1:0x48502340 f11:0xf9f47814 f20=0xf9f47814
      21635.000 ns	      2162	80000968	5e57a613	slti	x12,x15,1509	 x15:0xfffffff0 x12=0x00000001
      21655.000 ns	      2164	8000096c	212a0c53	fsgnj.s	f24,f20,f18	 f20:0xf9f47814 f18:0x7f800000 f24=0x79f47814
      21685.000 ns	      2167	80000970	291e8cd3	fmin.s	f25,f29,f17	 f29:0xff800000 f17:0x80000000 f25=0xff800000
      21715.000 ns	      2170	80000974	29d99153	fmax.s	f2,f19,f29	 f19:0xfcc8d635 f29:0xff800000  f2=0xfcc8d635
      21735.000 ns	      2172	80000978	008537b3	sltu	x15,x10,x8	 x10:0x00000010  x8:0xdd87aadb x15=0x00000001
      21755.000 ns	      2174	8000097c	036d0b33	mul	x22,x26,x22	 x26:0xfcc8dd31 x22:0x00000000 x22=0x00000000
      21775.000 ns	      2176	80000980	4147d833	sra	x16,x15,x20	 x15:0xfffffff0 x20:0xf0d585cf x16=0x00000000
      21785.000 ns	      2177	80000984	00b9f033	and	x0,x19,x11	 x19:0x00000000 x11:0x00000000
      22955.000 ns	      2294	80000988	58080cd3	fsqrt.s	f25,f16	 f16:0x7f7fffff f25=0x5f350461
      22975.000 ns	      2296	8000098c	1b750693	addi	x13,x10,439	 x10:0x00000010 x13=0x000001c7
      22995.000 ns	      2298	80000990	a1e8add3	feq.s	x27,f17,f30	 f17:0x80000000 f30:0x00000000 x27=0x00000001
      23025.000 ns	      2301	80000994	028523b3	mulhsu	x7,x10,x8	 x10:0x00000010  x8:0xdd87aadb  x7=0x0000000d
      23045.000 ns	      2303	80000998	40005c33	sra	x24,x0,x0	  x0:0x00000000  x0:0x00000000 x24=0x00000000
      23065.000 ns	      2305	8000099c	21039953	fsgnjn.s	f18,f7,f16	  f7:0x00000000 f16:0x7f7fffff f18=0x80000000
      23105.000 ns	      2309	800009a0	58013153	fsqrt.s	f2,f2	  f2:0xfcc8d635  f2=0x7fc00000
      23135.000 ns	      2312	800009a4	02273433	mulhu	x8,x14,x2	 x14:0x0089645a  x2:0x7f800000  x8=0x00446d7a
      23155.000 ns	      2314	800009a8	00a38033	add	x0,x7,x10	  x7:0x0000000d x10:0x00000010
      23515.000 ns	      2350	800009ac	0344dab3	divu	x21,x9,x20	  x9:0x80040fe4 x20:0xf0d585cf x21=0x00000000
      23555.000 ns	      2354	800009b0	11c87b53	fmul.s	f22,f16,f28	 f16:0x7f7fffff f28:0x4cc80000 f22=0x7f800000
      23585.000 ns	      2357	800009b4	036fdc33	divu	x24,x31,x22	 x31:0x80041024 x22:0x00000000 x24=0xffffffff
      23955.000 ns	      2394	800009b8	02ed7133	remu	x2,x26,x14	 x26:0xfcc8dd31 x14:0x0089645a  x2=0x00013b9b
      23985.000 ns	      2397	800009bc	c0117653	fcvt.wu.s	x12,f2	  f2:0x7fc00000 x12=0xffffffff
      24015.000 ns	      2400	800009c0	a1651e53	flt.s	x28,f10,f22	 f10:0xfcc8d635 f22:0x7f800000 x28=0x00000001
      24035.000 ns	      2402	800009c4	4c46a213	slti	x4,x13,1220	 x13:0x000001c7  x4=0x00000001
      24055.000 ns	      2404	800009c8	0292b6b3	mulhu	x13,x5,x9	  x5:0xf0d585cf  x9:0x80040fe4 x13=0x786e9530
      24085.000 ns	      2407	800009cc	f0098ed3	fmv.w.x	f29,x19	 x19:0x00000000 f29=0x00000000
      24125.000 ns	      2411	800009d0	11c873d3	fmul.s	f7,f16,f28	 f16:0x7f7fffff f28:0x4cc80000  f7=0x7f800000
      24145.000 ns	      2413	800009d4	0096bb33	sltu	x22,x13,x9	 x13:0x786e9530  x9:0x80040fe4 x22=0x00000001
      24185.000 ns	      2417	800009d8	01849853	fadd.s	f16,f9,f24	  f9:0x80000000 f24:0x79f47814 f16=0x79f47814
      24205.000 ns	      2419	800009dc	002fde93	srli	x29,x31,0x2	 x31:0x80041024 x29=0x20010409
      24225.000 ns	      2421	800009e0	a0349dd3	flt.s	x27,f9,f3	  f9:0x80000000  f3:0xfcc8d635 x27=0x00000000
      24245.000 ns	      2423	800009e4	dc0b2b13	slti	x22,x22,-576	 x22:0x00000001 x22=0x00000000
      24285.000 ns	      2427	800009e8	01dd1c53	fadd.s	f24,f26,f29	 f26:0x00000001 f29:0x00000000 f24=0x00000001
      24305.000 ns	      2429	800009ec	a2f28f13	addi	x30,x5,-1489	  x5:0xf0d585cf x30=0xf0d57ffe
      24325.000 ns	      2431	800009f0	c01cccd3	fcvt.wu.s	x25,f25	 f25:0x5f350461 x25=0xffffffff
      24345.000 ns	      2433	800009f4	893ecf13	xori	x30,x29,-1901	 x29:0x20010409 x30=0xdffefc9a
      24355.000 ns	      2434	800009f8	01b65213	srli	x4,x12,0x1b	 x12:0xffffffff  x4=0x0000001f
      24365.000 ns	      2435	800009fc	006b5893	srli	x17,x22,0x6	 x22:0x00000000 x17=0x00000000
      24395.000 ns	      2438	80000a00	11d2b5d3	fmul.s	f11,f5,f29	  f5:0x4cc80000 f29:0x00000000 f11=0x00000000
      24425.000 ns	      2441	80000a04	a10f2ad3	feq.s	x21,f30,f16	 f30:0x00000000 f16:0x79f47814 x21=0x00000000
      24445.000 ns	      2443	80000a08	af20f193	andi	x3,x1,-1294	  x1:0x00000000  x3=0x00000000
      24465.000 ns	      2445	80000a0c	216c1253	fsgnjn.s	f4,f24,f22	 f24:0x00000001 f22:0x7f800000  f4=0x80000001
      24485.000 ns	      2447	80000a10	256a3813	sltiu	x16,x20,598	 x20:0xf0d585cf x16=0x00000000
      24495.000 ns	      2448	80000a14	44888993	addi	x19,x17,1096	 x17:0x00000000 x19=0x00000448
      24505.000 ns	      2449	80000a18	41695c33	sra	x24,x18,x22	 x18:0x0003408d x22:0x00000000 x24=0x0003408d
      24515.000 ns	      2450	80000a1c	01e515b3	sll	x11,x10,x30	 x10:0x00000010 x30:0xdffefc9a x11=0x40000000
      24525.000 ns	      2451	80000a20	01be10b3	sll	x1,x28,x27	 x28:0x00000001 x27:0x00000000  x1=0x00000001
      24535.000 ns	      2452	80000a24	009eb633	sltu	x12,x29,x9	 x29:0x20010409  x9:0x80040fe4 x12=0x00000001
      24895.000 ns	      2488	80000a28	02184b33	div	x22,x16,x1	 x16:0x00000000  x1:0x00000000 x22=0x00000000
      24915.000 ns	      2490	80000a2c	010c8db3	add	x27,x25,x16	 x25:0xffffffff x16:0x00000000 x27=0xffffffff
      24935.000 ns	      2492	80000a30	034d2cb3	mulhsu	x25,x26,x20	 x26:0xfcc8dd31 x20:0xf0d585cf x25=0xfcf9a0cf
      24955.000 ns	      2494	80000a34	0079abb3	slt	x23,x19,x7	 x19:0x00000448  x7:0x0000000d x23=0x00000000
      24975.000 ns	      2496	80000a38	0352abb3	mulhsu	x23,x5,x21	  x5:0xf0d585cf x21:0x00000000 x23=0x00000000
      24995.000 ns	      2498	80000a3c	00000013	addi	x0,x0,0	  x0:0x00000000
      25005.000 ns	      2499	80000a40	35f8e997	auipc	x19,0x35f8e	 x19=0xb5f8ea40
      25025.000 ns	      2501	80000a44	214f2153	fsgnjx.s	f2,f30,f20	 f30:0x00000000 f20:0xf9f47814  f2=0x80000000
      25055.000 ns	      2504	80000a48	a1402353	feq.s	x6,f0,f20	  f0:0xdd87aadb f20:0xf9f47814  x6=0x00000000
      25075.000 ns	      2506	80000a4c	48b12613	slti	x12,x2,1163	  x2:0x00013b9b x12=0x00000000
      25095.000 ns	      2508	80000a50	e00c9c53	fclass.s	x24,f25	 f25:0x5f350461 x24=0x00000040
      25115.000 ns	      2510	80000a54	0130ea33	or	x20,x1,x19	  x1:0x00000001 x19:0xb5f8ea40 x20=0xb5f8ea41
      25475.000 ns	      2546	80000a58	02546eb3	rem	x29,x8,x5	  x8:0x00446d7a  x5:0xf0d585cf x29=0x00446d7a
      25495.000 ns	      2548	80000a5c	01b6b033	sltu	x0,x13,x27	 x13:0x786e9530 x27:0xffffffff
      25515.000 ns	      2550	80000a60	030303b3	mul	x7,x6,x16	  x6:0x00000000 x16:0x00000000  x7=0x00000000
      25535.000 ns	      2552	80000a64	0d4b7893	andi	x17,x22,212	 x22:0x00000000 x17=0x00000000
      25895.000 ns	      2588	80000a68	024550b3	divu	x1,x10,x4	 x10:0x00000010  x4:0x0000001f  x1=0x00000000
      25915.000 ns	      2590	80000a6c	00000013	addi	x0,x0,0	  x0:0x00000000
      25945.000 ns	      2593	80000a70	1814c653	fdiv.s	f12,f9,f1	  f9:0x80000000  f1:0x48502340 f12=0x80000000
      25995.000 ns	      2598	80000a74	00a30bd3	fadd.s	f23,f6,f10	  f6:0xfcc8d635 f10:0xfcc8d635 f23=0xfd48d635
      26035.000 ns	      2602	80000a78	58048f53	fsqrt.s	f30,f9	  f9:0x80000000 f30=0x80000000
      26065.000 ns	      2605	80000a7c	031cebb3	rem	x23,x25,x17	 x25:0xfcf9a0cf x17:0x00000000 x23=0xfcf9a0cf
      26115.000 ns	      2610	80000a80	01fcfcd3	fadd.s	f25,f25,f31	 f25:0x5f350461 f31:0x4f00040f f25=0x5f350461
      26155.000 ns	      2614	80000a84	580577d3	fsqrt.s	f15,f10	 f10:0xfcc8d635 f15=0x7fc00000
      26175.000 ns	      2616	80000a88	00890eb3	add	x29,x18,x8	 x18:0x0003408d  x8:0x00446d7a x29=0x0047ae07
      26185.000 ns	      2617	80000a8c	00120cb3	add	x25,x4,x1	  x4:0x0000001f  x1:0x00000000 x25=0x0000001f
      26205.000 ns	      2619	80000a90	e0029453	fclass.s	x8,f5	  f5:0x4cc80000  x8=0x00000040
      26235.000 ns	      2622	80000a94	f0048d53	fmv.w.x	f26,x9	  x9:0x80040fe4 f26=0x80040fe4
      26255.000 ns	      2624	80000a98	413c0db3	sub	x27,x24,x19	 x24:0x00000040 x19:0xb5f8ea40 x27=0x4a071600
      26615.000 ns	      2660	80000a9c	0370ebb3	rem	x23,x1,x23	  x1:0x00000000 x23:0xfcf9a0cf x23=0x00000000
      26645.000 ns	      2663	80000aa0	29f20ad3	fmin.s	f21,f4,f31	  f4:0x80000001 f31:0x4f00040f f21=0x80000001
      26665.000 ns	      2665	80000aa4	0ec40c97	auipc	x25,0xec40	 x25=0x8ec40aa4
      26685.000 ns	      2667	80000aa8	c00b70d3	fcvt.w.s	x1,f22	 f22:0x7f800000  x1=0x7fffffff
      26715.000 ns	      2670	80000aac	021697b3	mulh	x15,x13,x1	 x13:0x786e9530  x1:0x00000000 x15=0x3c374a97
      26745.000 ns	      2673	80000ab0	d01f36d3	fcvt.s.wu	f13,x30	 x30:0xdffefc9a f13=0x4f5ffefd
      26775.000 ns	      2676	80000ab4	03a59c33	mulh	x24,x11,x26	 x11:0x40000000 x26:0xfcc8dd31 x24=0xff32374c
      26805.000 ns	      2679	80000ab8	a1749ed3	flt.s	x29,f9,f23	  f9:0x80000000 f23:0xfd48d635 x29=0x00000000
      26855.000 ns	      2684	80000abc	00a64ad3	fadd.s	f21,f12,f10	 f12:0x80000000 f10:0xfcc8d635 f21=0xfcc8d635
      26875.000 ns	      2686	80000ac0	01dc9993	slli	x19,x25,0x1d	 x25:0x8ec40aa4 x19=0x80000000
      26895.000 ns	      2688	80000ac4	29b60d53	fmin.s	f26,f12,f27	 f12:0x80000000 f27:0x4f00040f f26=0x80000000
      26915.000 ns	      2690	80000ac8	01553c33	sltu	x24,x10,x21	 x10:0x00000010 x21:0x00000000 x24=0x00000000
      26935.000 ns	      2692	80000acc	e00f9f53	fclass.s	x30,f31	 f31:0x4f00040f x30=0x00000040
      26965.000 ns	      2695	80000ad0	21baad53	fsgnjx.s	f26,f21,f27	 f21:0xfcc8d635 f27:0x4f00040f f26=0xfcc8d635
      26995.000 ns	      2698	80000ad4	a1790b53	fle.s	x22,f18,f23	 f18:0x80000000 f23:0xfd48d635 x22=0x00000000
      27035.000 ns	      2702	80000ad8	10d27d53	fmul.s	f26,f4,f13	  f4:0x80000001 f13:0x4f5ffefd f26=0x84dffefe
      27055.000 ns	      2704	80000adc	013240b3	xor	x1,x4,x19	  x4:0x0000001f x19:0x80000000  x1=0x8000001f
      27065.000 ns	      2705	80000ae0	76debd93	sltiu	x27,x29,1901	 x29:0x00000000 x27=0x00000001
      27085.000 ns	      2707	80000ae4	e0011ad3	fclass.s	x21,f2	  f2:0x80000000 x21=0x00000008
      27115.000 ns	      2710	80000ae8	21df26d3	fsgnjx.s	f13,f30,f29	 f30:0x80000000 f29:0x00000000 f13=0x80000000
      27145.000 ns	      2713	80000aec	29a287d3	fmin.s	f15,f5,f26	  f5:0x4cc80000 f26:0x84dffefe f15=0x84dffefe
      27165.000 ns	      2715	80000af0	41d0d793	srai	x15,x1,0x1d	  x1:0x8000001f x15=0xfffffffc
      27185.000 ns	      2717	80000af4	c014fa53	fcvt.wu.s	x20,f9	  f9:0x80000000 x20=0x00000000
      27205.000 ns	      2719	80000af8	01e865b3	or	x11,x16,x30	 x16:0x00000000 x30:0x00000040 x11=0x00000040
      27215.000 ns	      2720	80000afc	01eb1b13	slli	x22,x22,0x1e	 x22:0x00000000 x22=0x00000000
      27225.000 ns	      2721	80000b00	14c94313	xori	x6,x18,332	 x18:0x0003408d  x6=0x000341c1
      27245.000 ns	      2723	80000b04	f00f0753	fmv.w.x	f14,x30	 x30:0x00000040 f14=0x00000040
      27275.000 ns	      2726	80000b08	d01ebdd3	fcvt.s.wu	f27,x29	 x29:0x00000000 f27=0x00000000
      27305.000 ns	      2729	80000b0c	2006a353	fsgnjx.s	f6,f13,f0	 f13:0x80000000  f0:0xdd87aadb  f6=0x00000000
      27335.000 ns	      2732	80000b10	20cba753	fsgnjx.s	f14,f23,f12	 f23:0xfd48d635 f12:0x80000000 f14=0x7d48d635
      27365.000 ns	      2735	80000b14	d01ef453	fcvt.s.wu	f8,x29	 x29:0x00000000  f8=0x00000000
      27385.000 ns	      2737	80000b18	01c48233	add	x4,x9,x28	  x9:0x80040fe4 x28:0x00000001  x4=0x80040fe5
      27415.000 ns	      2740	80000b1c	18b0bbd3	fdiv.s	f23,f1,f11	  f1:0x48502340 f11:0x00000000 f23=0x7f800000
      27445.000 ns	      2743	80000b20	e00b1353	fclass.s	x6,f22	 f22:0x7f800000  x6=0x00000080
      27465.000 ns	      2745	80000b24	b702fb13	andi	x22,x5,-1168	  x5:0xf0d585cf x22=0xf0d58140
      27495.000 ns	      2748	80000b28	186bf1d3	fdiv.s	f3,f23,f6	 f23:0x7f800000  f6:0x00000000  f3=0x7f800000
      27515.000 ns	      2750	80000b2c	001b98b3	sll	x17,x23,x1	 x23:0x00000000  x1:0x8000001f x17=0x00000000
      27525.000 ns	      2751	80000b30	0093feb3	and	x29,x7,x9	  x7:0x00000000  x9:0x80040fe4 x29=0x00000000
      27535.000 ns	      2752	80000b34	db52ac13	slti	x24,x5,-587	  x5:0xf0d585cf x24=0x00000001
      27555.000 ns	      2754	80000b38	214f2453	fsgnjx.s	f8,f30,f20	 f30:0x80000000 f20:0xf9f47814  f8=0x00000000
      27575.000 ns	      2756	80000b3c	4092d193	srai	x3,x5,0x9	  x5:0xf0d585cf  x3=0xfff86ac2
      27585.000 ns	      2757	80000b40	00000013	addi	x0,x0,0	  x0:0x00000000
      27625.000 ns	      2761	80000b44	09097553	fsub.s	f10,f18,f16	 f18:0x80000000 f16:0x79f47814 f10=0xf9f47814
      27645.000 ns	      2763	80000b48	018fdd33	srl	x26,x31,x24	 x31:0x80041024 x24:0x00000001 x26=0x40020812
      27685.000 ns	      2767	80000b4c	0029f8d3	fadd.s	f17,f19,f2	 f19:0xfcc8d635  f2:0x80000000 f17=0xfcc8d635
      27705.000 ns	      2769	80000b50	e5443c93	sltiu	x25,x8,-428	  x8:0x00000040 x25=0x00000001
      27715.000 ns	      2770	80000b54	01699a13	slli	x20,x19,0x16	 x19:0x80000000 x20=0x00000000
      27725.000 ns	      2771	80000b58	4018d8b3	sra	x17,x17,x1	 x17:0x00000000  x1:0x8000001f x17=0x00000000
      27755.000 ns	      2774	80000b5c	100aa3d3	fmul.s	f7,f21,f0	 f21:0xfcc8d635  f0:0xdd87aadb  f7=0x7f800000
      27775.000 ns	      2776	80000b60	f9ba7a93	andi	x21,x20,-101	 x20:0x00000000 x21=0x00000000
      27795.000 ns	      2778	80000b64	28071c53	fmax.s	f24,f14,f0	 f14:0x7d48d635  f0:0xdd87aadb f24=0x7d48d635
      27825.000 ns	      2781	80000b68	d01285d3	fcvt.s.wu	f11,x5	  x5:0xf0d585cf f11=0x4f70d586
      27855.000 ns	      2784	80000b6c	f00081d3	fmv.w.x	f3,x1	  x1:0x8000001f  f3=0x8000001f
      27875.000 ns	      2786	80000b70	41945933	sra	x18,x8,x25	  x8:0x00000040 x25:0x00000001 x18=0x00000020
      27905.000 ns	      2789	80000b74	580b35d3	fsqrt.s	f11,f22	 f22:0x7f800000 f11=0x7f800000
      27925.000 ns	      2791	80000b78	0030ff33	and	x30,x1,x3	  x1:0x8000001f  x3:0xfff86ac2 x30=0x80000002
      27945.000 ns	      2793	80000b7c	e0068d53	fmv.x.w	x26,f13	 f13:0x80000000 x26=0x80000000
      27965.000 ns	      2795	80000b80	013c4233	xor	x4,x24,x19	 x24:0x00000001 x19:0x80000000  x4=0x80000001
      27985.000 ns	      2797	80000b84	e00c1353	fclass.s	x6,f24	 f24:0x7d48d635  x6=0x00000040
      28015.000 ns	      2800	80000b88	03f49e33	mulh	x28,x9,x31	  x9:0x80040fe4 x31:0x80041024 x28=0x3ffbf00c
      28045.000 ns	      2803	80000b8c	a16311d3	flt.s	x3,f6,f22	  f6:0x00000000 f22:0x7f800000  x3=0x00000001
      28085.000 ns	      2807	80000b90	18eebc53	fdiv.s	f24,f29,f14	 f29:0x00000000 f14:0x7d48d635 f24=0x00000000
      28105.000 ns	      2809	80000b94	012031b3	sltu	x3,x0,x18	  x0:0x00000000 x18:0x00000020  x3=0x00000001
      28115.000 ns	      2810	80000b98	00837e33	and	x28,x6,x8	  x6:0x00000040  x8:0x00000040 x28=0x00000040
      28125.000 ns	      2811	80000b9c	0153df13	srli	x30,x7,0x15	  x7:0x00000000 x30=0x00000000
      28135.000 ns	      2812	80000ba0	00704633	xor	x12,x0,x7	  x0:0x00000000  x7:0x00000000 x12=0x00000000
      28155.000 ns	      2814	80000ba4	f0020b53	fmv.w.x	f22,x4	  x4:0x80000001 f22=0x80000001
      28185.000 ns	      2817	80000ba8	a0612b53	feq.s	x22,f2,f6	  f2:0x80000000  f6:0x00000000 x22=0x00000001
      28215.000 ns	      2820	80000bac	c010f5d3	fcvt.wu.s	x11,f1	  f1:0x48502340 x11=0x0003408d
      28245.000 ns	      2823	80000bb0	d009fa53	fcvt.s.w	f20,x19	 x19:0x80000000 f20=0xcf000000
      28265.000 ns	      2825	80000bb4	50fa8b93	addi	x23,x21,1295	 x21:0x00000000 x23=0x0000050f
      28285.000 ns	      2827	80000bb8	a146a9d3	feq.s	x19,f13,f20	 f13:0x80000000 f20:0xcf000000 x19=0x00000000
      28315.000 ns	      2830	80000bbc	02cc99b3	mulh	x19,x25,x12	 x25:0x00000001 x12:0x00000000 x19=0x00000000
      28335.000 ns	      2832	80000bc0	00000013	addi	x0,x0,0	  x0:0x00000000
      28695.000 ns	      2868	80000bc4	03206a33	rem	x20,x0,x18	  x0:0x00000000 x18:0x00000020 x20=0x00000000
      28715.000 ns	      2870	80000bc8	002c70b3	and	x1,x24,x2	 x24:0x00000001  x2:0x00013b9b  x1=0x00000001
      28745.000 ns	      2873	80000bcc	19ecfc53	fdiv.s	f24,f25,f30	 f25:0x5f350461 f30:0x80000000 f24=0xff800000
      28765.000 ns	      2875	80000bd0	e1362b17	auipc	x22,0xe1362	 x22=0x61362bd0
      28775.000 ns	      2876	80000bd4	01968ab3	add	x21,x13,x25	 x13:0x786e9530 x25:0x00000001 x21=0x786e9531
      28785.000 ns	      2877	80000bd8	0105aeb3	slt	x29,x11,x16	 x11:0x0003408d x16:0x00000000 x29=0x00000000
      28825.000 ns	      2881	80000bdc	09357953	fsub.s	f18,f10,f19	 f10:0xf9f47814 f19:0xfcc8d635 f18=0x7cc50454
      28845.000 ns	      2883	80000be0	00000013	addi	x0,x0,0	  x0:0x00000000
      28885.000 ns	      2887	80000be4	003717d3	fadd.s	f15,f14,f3	 f14:0x7d48d635  f3:0x8000001f f15=0x7d48d635
      28905.000 ns	      2889	80000be8	13df6393	ori	x7,x30,317	 x30:0x00000000  x7=0x0000013d
      28915.000 ns	      2890	80000bec	01048633	add	x12,x9,x16	  x9:0x80040fe4 x16:0x00000000 x12=0x80040fe4
      28925.000 ns	      2891	80000bf0	01bc0633	add	x12,x24,x27	 x24:0x00000001 x27:0x00000001 x12=0x00000002
      28945.000 ns	      2893	80000bf4	21b29d53	fsgnjn.s	f26,f5,f27	  f5:0x4cc80000 f27:0x00000000 f26=0xccc80000
      28965.000 ns	      2895	80000bf8	d4888eb7	lui	x29,0xd4888	 x29=0xd4888000
      28975.000 ns	      2896	80000bfc	001a37b3	sltu	x15,x20,x1	 x20:0x00000000  x1:0x00000001 x15=0x00000001
      28995.000 ns	      2898	80000c00	c0197253	fcvt.wu.s	x4,f18	 f18:0x7cc50454  x4=0xffffffff
      29015.000 ns	      2900	80000c04	0122df33	srl	x30,x5,x18	  x5:0xf0d585cf x18:0x00000020 x30=0xf0d585cf
      29035.000 ns	      2902	80000c08	a006a5d3	feq.s	x11,f13,f0	 f13:0x80000000  f0:0xdd87aadb x11=0x00000000
      29085.000 ns	      2907	80000c0c	01e4f153	fadd.s	f2,f9,f30	  f9:0x80000000 f30:0x80000000  f2=0x80000000
      29105.000 ns	      2909	80000c10	01f87bb3	and	x23,x16,x31	 x16:0x00000000 x31:0x80041024 x23=0x00000000
      29115.000 ns	      2910	80000c14	0135b5b3	sltu	x11,x11,x19	 x11:0x00000000 x19:0x00000000 x11=0x00000000
      29125.000 ns	      2911	80000c18	5da9f113	andi	x2,x19,1498	 x19:0x00000000  x2=0x00000000
      29135.000 ns	      2912	80000c1c	d95ae793	ori	x15,x21,-619	 x21:0x786e9531 x15=0xfffffdb5
      29145.000 ns	      2913	80000c20	045a1317	auipc	x6,0x45a1	  x6=0x845a1c20
      29155.000 ns	      2914	80000c24	5ca10e93	addi	x29,x2,1482	  x2:0x00000000 x29=0x000005ca
      29175.000 ns	      2916	80000c28	28139cd3	fmax.s	f25,f7,f1	  f7:0x7f800000  f1:0x48502340 f25=0x7f800000
      29195.000 ns	      2918	80000c2c	69986593	ori	x11,x16,1689	 x16:0x00000000 x11=0x00000699
      29205.000 ns	      2919	80000c30	003cc833	xor	x16,x25,x3	 x25:0x00000001  x3:0x00000001 x16=0x00000000
      29225.000 ns	      2921	80000c34	a0ec8553	fle.s	x10,f25,f14	 f25:0x7f800000 f14:0x7d48d635 x10=0x00000000
      29245.000 ns	      2923	80000c38	40f65f33	sra	x30,x12,x15	 x12:0x00000002 x15:0xfffffdb5 x30=0x00000000
      29255.000 ns	      2924	80000c3c	015c6e33	or	x28,x24,x21	 x24:0x00000001 x21:0x786e9531 x28=0x786e9531
      29275.000 ns	      2926	80000c40	d01575d3	fcvt.s.wu	f11,x10	 x10:0x00000000 f11=0x00000000
      29295.000 ns	      2928	80000c44	00ad3533	sltu	x10,x26,x10	 x26:0x80000000 x10:0x00000000 x10=0x00000000
      29305.000 ns	      2929	80000c48	01ca7333	and	x6,x20,x28	 x20:0x00000000 x28:0x786e9531  x6=0x00000000
      29315.000 ns	      2930	80000c4c	414ddc13	srai	x24,x27,0x14	 x27:0x00000001 x24=0x00000000
      29335.000 ns	      2932	80000c50	d0160fd3	fcvt.s.wu	f31,x12	 x12:0x00000002 f31=0x40000000
      29355.000 ns	      2934	80000c54	53d20e93	addi	x29,x4,1341	  x4:0xffffffff x29=0x0000053c
      29715.000 ns	      2970	80000c58	03c2e3b3	rem	x7,x5,x28	  x5:0xf0d585cf x28:0x786e9531  x7=0xf0d585cf
      29755.000 ns	      2974	80000c5c	10f27ad3	fmul.s	f21,f4,f15	  f4:0x80000001 f15:0x7d48d635 f21=0xb2c8d636
      29785.000 ns	      2977	80000c60	d019fe53	fcvt.s.wu	f28,x19	 x19:0x00000000 f28=0x00000000
      29815.000 ns	      2980	80000c64	a14293d3	flt.s	x7,f5,f20	  f5:0x4cc80000 f20:0xcf000000  x7=0x00000000
      29855.000 ns	      2984	80000c68	5804fa53	fsqrt.s	f20,f9	  f9:0x80000000 f20=0x80000000
      29885.000 ns	      2987	80000c6c	035689b3	mul	x19,x13,x21	 x13:0x786e9530 x21:0x786e9531 x19=0x049f7e30
      29905.000 ns	      2989	80000c70	013011b3	sll	x3,x0,x19	  x0:0x00000000 x19:0x00000000  x3=0x00000000
      29925.000 ns	      2991	80000c74	c01906d3	fcvt.wu.s	x13,f18	 f18:0x7cc50454 x13=0xffffffff
      29955.000 ns	      2994	80000c78	c013f8d3	fcvt.wu.s	x17,f7	  f7:0x7f800000 x17=0xffffffff
      29975.000 ns	      2996	80000c7c	99ab7013	andi	x0,x22,-1638	 x22:0x61362bd0
      29985.000 ns	      2997	80000c80	400dd533	sra	x10,x27,x0	 x27:0x00000001  x0:0x00000000 x10=0x00000001
      29995.000 ns	      2998	80000c84	be460313	addi	x6,x12,-1052	 x12:0x00000002  x6=0xfffffbe6
      30005.000 ns	      2999	80000c88	41ea0bb3	sub	x23,x20,x30	 x20:0x00000000 x30:0x00000000 x23=0x00000000
      30365.000 ns	      3035	80000c8c	03257e33	remu	x28,x10,x18	 x10:0x00000001 x18:0x00000020 x28=0x00000001
      30395.000 ns	      3038	80000c90	023689b3	mul	x19,x13,x3	 x13:0xffffffff  x3:0x00000000 x19=0x00000000
      30415.000 ns	      3040	80000c94	006dc933	xor	x18,x27,x6	 x27:0x00000001  x6:0xfffffbe6 x18=0xfffffbe7
      30775.000 ns	      3076	80000c98	036453b3	divu	x7,x8,x22	  x8:0x00000040 x22:0x61362bd0  x7=0x00000000
      31145.000 ns	      3113	80000c9c	02c95b33	divu	x22,x18,x12	 x18:0x00000020 x12:0x00000002 x22=0x7ffffdf3
      31165.000 ns	      3115	80000ca0	01103433	sltu	x8,x0,x17	  x0:0x00000000 x17:0xffffffff  x8=0x00000001
      31175.000 ns	      3116	80000ca4	e2077d93	andi	x27,x14,-480	 x14:0x0089645a x27=0x00896400
      31185.000 ns	      3117	80000ca8	41db8233	sub	x4,x23,x29	 x23:0x00000000 x29:0x0000053c  x4=0xfffffac4
      31195.000 ns	      3118	80000cac	02542837	lui	x16,0x2542	 x16=0x02542000
      31225.000 ns	      3121	80000cb0	1180f053	fmul.s	f0,f1,f24	  f1:0x48502340 f24:0xff800000  f0=0xff800000
      31255.000 ns	      3124	80000cb4	c00abe53	fcvt.w.s	x28,f21	 f21:0xb2c8d636 x28=0x00000000
      31275.000 ns	      3126	80000cb8	0036bb33	sltu	x22,x13,x3	 x13:0xffffffff  x3:0x00000000 x22=0x00000000
      31285.000 ns	      3127	80000cbc	014b2833	slt	x16,x22,x20	 x22:0x7ffffdf3 x20:0x00000000 x16=0x00000000
      31295.000 ns	      3128	80000cc0	00b61d13	slli	x26,x12,0xb	 x12:0x00000002 x26=0x00001000
      31305.000 ns	      3129	80000cc4	0139cbb3	xor	x23,x19,x19	 x19:0x00000000 x19:0x00000000 x23=0x00000000
      31315.000 ns	      3130	80000cc8	018fc5b3	xor	x11,x31,x24	 x31:0x80041024 x24:0x00000000 x11=0x80041024
      31325.000 ns	      3131	80000ccc	01e5e833	or	x16,x11,x30	 x11:0x00000699 x30:0x00000000 x16=0x80041024
      31345.000 ns	      3133	80000cd0	026bb533	mulhu	x10,x23,x6	 x23:0x00000000  x6:0xfffffbe6 x10=0x00000000
      31375.000 ns	      3136	80000cd4	d00af953	fcvt.s.w	f18,x21	 x21:0x786e9531 f18=0x4ef0dd2a
      31395.000 ns	      3138	80000cd8	007e9333	sll	x6,x29,x7	 x29:0x0000053c  x7:0x00000000  x6=0x0000053c
      31415.000 ns	      3140	80000cdc	e00203d3	fmv.x.w	x7,f4	  f4:0x80000001  x7=0x80000001
      31445.000 ns	      3143	80000ce0	c002f8d3	fcvt.w.s	x17,f5	  f5:0x4cc80000 x17=0x06400000
      31475.000 ns	      3146	80000ce4	21d48053	fsgnj.s	f0,f9,f29	  f9:0x80000000 f29:0x00000000  f0=0x00000000
      31505.000 ns	      3149	80000ce8	c01cb853	fcvt.wu.s	x16,f25	 f25:0x7f800000 x16=0xffffffff
      31545.000 ns	      3153	80000cec	580e9053	fsqrt.s	f0,f29	 f29:0x00000000  f0=0x00000000
      31915.000 ns	      3190	80000cf0	0306e833	rem	x16,x13,x16	 x13:0xffffffff x16:0xffffffff x16=0x00000000
      31935.000 ns	      3192	80000cf4	012c9f33	sll	x30,x25,x18	 x25:0x00000001 x18:0xfffffbe7 x30=0x00000080
      31945.000 ns	      3193	80000cf8	40048033	sub	x0,x9,x0	  x9:0x80040fe4  x0:0x00000000
      31965.000 ns	      3195	80000cfc	a0a92ad3	feq.s	x21,f18,f10	 f18:0x4ef0dd2a f10:0xf9f47814 x21=0x00000000
      31985.000 ns	      3197	80000d00	41a95993	srai	x19,x18,0x1a	 x18:0xfffffbe7 x19=0xffffffff
      31995.000 ns	      3198	80000d04	00df5bb3	srl	x23,x30,x13	 x30:0x00000080 x13:0xffffffff x23=0x00000000
      32015.000 ns	      3200	80000d08	a120ae53	feq.s	x28,f1,f18	  f1:0x48502340 f18:0x4ef0dd2a x28=0x00000000
      32045.000 ns	      3203	80000d0c	a0b818d3	flt.s	x17,f16,f11	 f16:0x79f47814 f11:0x00000000 x17=0x00000000
      32065.000 ns	      3205	80000d10	00d8ce33	xor	x28,x17,x13	 x17:0x06400000 x13:0xffffffff x28=0xffffffff
      32085.000 ns	      3207	80000d14	c01df753	fcvt.wu.s	x14,f27	 f27:0x00000000 x14=0x00000000
      32135.000 ns	      3212	80000d18	01477053	fadd.s	f0,f14,f20	 f14:0x7d48d635 f20:0x80000000  f0=0x7d48d635
      32505.000 ns	      3249	80000d1c	03d3eab3	rem	x21,x7,x29	  x7:0x80000001 x29:0x0000053c x21=0xfffffc25
      32535.000 ns	      3252	80000d20	022a0a33	mul	x20,x20,x2	 x20:0x00000000  x2:0x00000000 x20=0x00000000
      32565.000 ns	      3255	80000d24	031737b3	mulhu	x15,x14,x17	 x14:0x00000000 x17:0x00000000 x15=0x00000000
      32585.000 ns	      3257	80000d28	010d5893	srli	x17,x26,0x10	 x26:0x00001000 x17=0x00000000
      32625.000 ns	      3261	80000d2c	009774d3	fadd.s	f9,f14,f9	 f14:0x7d48d635  f9:0x80000000  f9=0x7d48d635
      32645.000 ns	      3263	80000d30	40015d13	srai	x26,x2,0x0	  x2:0x00000000 x26=0x00000000
      32665.000 ns	      3265	80000d34	e00e8ed3	fmv.x.w	x29,f29	 f29:0x00000000 x29=0x00000000
      32695.000 ns	      3268	80000d38	02133633	mulhu	x12,x6,x1	  x6:0x0000053c  x1:0x00000001 x12=0x00000000
      32725.000 ns	      3271	80000d3c	0316a7b3	mulhsu	x15,x13,x17	 x13:0xffffffff x17:0x00000000 x15=0x00000000
      32745.000 ns	      3273	80000d40	413c5c33	sra	x24,x24,x19	 x24:0x00000000 x19:0xffffffff x24=0x00000000
      32755.000 ns	      3274	80000d44	a785a413	slti	x8,x11,-1416	 x11:0x80041024  x8=0x00000001
      32775.000 ns	      3276	80000d48	031a8533	mul	x10,x21,x17	 x21:0xfffffc25 x17:0x00000000 x10=0x00000000
      32795.000 ns	      3278	80000d4c	4168d813	srai	x16,x17,0x16	 x17:0x00000000 x16=0x00000000
      32805.000 ns	      3279	80000d50	39818e13	addi	x28,x3,920	  x3:0x00000000 x28=0x00000398
      32825.000 ns	      3281	80000d54	215c9953	fsgnjn.s	f18,f25,f21	 f25:0x7f800000 f21:0xb2c8d636 f18=0x7f800000
      32855.000 ns	      3284	80000d58	a16d9bd3	flt.s	x23,f27,f22	 f27:0x00000000 f22:0x80000001 x23=0x00000000
      32885.000 ns	      3287	80000d5c	f0000453	fmv.w.x	f8,x0	  x0:0x00000000  f8=0x00000000
      32915.000 ns	      3290	80000d60	215f8bd3	fsgnj.s	f23,f31,f21	 f31:0x40000000 f21:0xb2c8d636 f23=0xc0000000
      32935.000 ns	      3292	80000d64	0038eeb3	or	x29,x17,x3	 x17:0x00000000  x3:0x00000000 x29=0x00000000
      32955.000 ns	      3294	80000d68	d016f553	fcvt.s.wu	f10,x13	 x13:0xffffffff f10=0x4f7fffff
      32975.000 ns	      3296	80000d6c	01f147b3	xor	x15,x2,x31	  x2:0x00000000 x31:0x80041024 x15=0x80041024
      33015.000 ns	      3300	80000d70	092f1a53	fsub.s	f20,f30,f18	 f30:0x80000000 f18:0x7f800000 f20=0xff800000
      33045.000 ns	      3303	80000d74	a0772653	feq.s	x12,f14,f7	 f14:0x7d48d635  f7:0x7f800000 x12=0x00000000
      33065.000 ns	      3305	80000d78	01016eb3	or	x29,x2,x16	  x2:0x00000000 x16:0x00000000 x29=0x00000000
      33075.000 ns	      3306	80000d7c	404dde13	srai	x28,x27,0x4	 x27:0x00896400 x28=0x00089640
      33085.000 ns	      3307	80000d80	d923ec93	ori	x25,x7,-622	  x7:0x80000001 x25=0xfffffd93
      33095.000 ns	      3308	80000d84	00000013	addi	x0,x0,0	  x0:0x00000000
      33115.000 ns	      3310	80000d88	a16985d3	fle.s	x11,f19,f22	 f19:0xfcc8d635 f22:0x80000001 x11=0x00000001
      33145.000 ns	      3313	80000d8c	d016f853	fcvt.s.wu	f16,x13	 x13:0xffffffff f16=0x4f7fffff
      33185.000 ns	      3317	80000d90	580cf6d3	fsqrt.s	f13,f25	 f25:0x7f800000 f13=0x7f800000
      33215.000 ns	      3320	80000d94	28cb91d3	fmax.s	f3,f23,f12	 f23:0xc0000000 f12:0x80000000  f3=0x80000000
      33235.000 ns	      3322	80000d98	41540133	sub	x2,x8,x21	  x8:0x00000001 x21:0xfffffc25  x2=0x000003dc
      33255.000 ns	      3324	80000d9c	02e8bdb3	mulhu	x27,x17,x14	 x17:0x00000000 x14:0x00000000 x27=0x00000000
      33285.000 ns	      3327	80000da0	c01d4b53	fcvt.wu.s	x22,f26	 f26:0xccc80000 x22=0x06400000
      33305.000 ns	      3329	80000da4	41a18533	sub	x10,x3,x26	  x3:0x00000000 x26:0x00000000 x10=0x00000000
      33325.000 ns	      3331	80000da8	a1412c53	feq.s	x24,f2,f20	  f2:0x80000000 f20:0xff800000 x24=0x00000000
      33345.000 ns	      3333	80000dac	9f09f213	andi	x4,x19,-1552	 x19:0xffffffff  x4=0xfffff9f0
      33365.000 ns	      3335	80000db0	c00a2253	fcvt.w.s	x4,f20	 f20:0xff800000  x4=0x80000000
      33385.000 ns	      3337	80000db4	01bd18b3	sll	x17,x26,x27	 x26:0x00000000 x27:0x00000000 x17=0x00000000
      33405.000 ns	      3339	80000db8	c01378d3	fcvt.wu.s	x17,f6	  f6:0x00000000 x17=0x00000000
      33425.000 ns	      3341	80000dbc	40ccd533	sra	x10,x25,x12	 x25:0xfffffd93 x12:0x00000000 x10=0xfffffd93
      33445.000 ns	      3343	80000dc0	e00080d3	fmv.x.w	x1,f1	  f1:0x48502340  x1=0x48502340
      33465.000 ns	      3345	80000dc4	40800533	sub	x10,x0,x8	  x0:0x00000000  x8:0x00000001 x10=0xffffffff
      33485.000 ns	      3347	80000dc8	a16a15d3	flt.s	x11,f20,f22	 f20:0xff800000 f22:0x80000001 x11=0x00000001
      33855.000 ns	      3384	80000dcc	02a6e8b3	rem	x17,x13,x10	 x13:0xffffffff x10:0xfffffd93 x17=0x00000000
      33885.000 ns	      3387	80000dd0	202697d3	fsgnjn.s	f15,f13,f2	 f13:0x7f800000  f2:0x80000000 f15=0x7f800000
      33905.000 ns	      3389	80000dd4	9ed5ff13	andi	x30,x11,-1555	 x11:0x00000001 x30=0x00000001
      33915.000 ns	      3390	80000dd8	41ed5833	sra	x16,x26,x30	 x26:0x00000000 x30:0x00000080 x16=0x00000000
      33925.000 ns	      3391	80000ddc	01419133	sll	x2,x3,x20	  x3:0x00000000 x20:0x00000000  x2=0x00000000
      33935.000 ns	      3392	80000de0	ff3bbd93	sltiu	x27,x23,-13	 x23:0x00000000 x27=0x00000001
      33945.000 ns	      3393	80000de4	18faf137	lui	x2,0x18faf	  x2=0x18faf000
      33965.000 ns	      3395	80000de8	034295b3	mulh	x11,x5,x20	  x5:0xf0d585cf x20:0x00000000 x11=0x00000000
      34015.000 ns	      3400	80000dec	00927dd3	fadd.s	f27,f4,f9	  f4:0x80000001  f9:0x7d48d635 f27=0x7d48d635
      34045.000 ns	      3403	80000df0	038103b3	mul	x7,x2,x24	  x2:0x18faf000 x24:0x00000000  x7=0x00000000
      34075.000 ns	      3406	80000df4	e00481d3	fmv.x.w	x3,f9	  f9:0x7d48d635  x3=0x7d48d635
      34095.000 ns	      3408	80000df8	77e42213	slti	x4,x8,1918	  x8:0x00000001  x4=0x00000001
      34105.000 ns	      3409	80000dfc	6512bc13	sltiu	x24,x5,1617	  x5:0xf0d585cf x24=0x00000000
      34125.000 ns	      3411	80000e00	c00221d3	fcvt.w.s	x3,f4	  f4:0x80000001  x3=0x00000000
      34155.000 ns	      3414	80000e04	c0191053	fcvt.wu.s	x0,f18	 f18:0x7f800000
      34185.000 ns	      3417	80000e08	a1d72d53	feq.s	x26,f14,f29	 f14:0x7d48d635 f29:0x00000000 x26=0x00000000
      34205.000 ns	      3419	80000e0c	09f6b893	sltiu	x17,x13,159	 x13:0xffffffff x17=0x00000000
      34215.000 ns	      3420	80000e10	006567b3	or	x15,x10,x6	 x10:0xffffffff  x6:0x0000053c x15=0xffffffff
      34225.000 ns	      3421	80000e14	83bae593	ori	x11,x21,-1989	 x21:0xfffffc25 x11=0xfffffc3f
      34235.000 ns	      3422	80000e18	00740733	add	x14,x8,x7	  x8:0x00000001  x7:0x00000000 x14=0x00000001
      34255.000 ns	      3424	80000e1c	21bdab53	fsgnjx.s	f22,f27,f27	 f27:0x7d48d635 f27:0x7d48d635 f22=0x7d48d635
      34285.000 ns	      3427	80000e20	289102d3	fmin.s	f5,f2,f9	  f2:0x80000000  f9:0x7d48d635  f5=0x80000000
      34305.000 ns	      3429	80000e24	6a28e193	ori	x3,x17,1698	 x17:0x00000000  x3=0x000006a2
      34325.000 ns	      3431	80000e28	032895b3	mulh	x11,x17,x18	 x17:0x00000000 x18:0xfffffbe7 x11=0x00000000
      34355.000 ns	      3434	80000e2c	02610833	mul	x16,x2,x6	  x2:0x18faf000  x6:0x0000053c x16=0xc1804000
      34375.000 ns	      3436	80000e30	00fb5db3	srl	x27,x22,x15	 x22:0x06400000 x15:0xffffffff x27=0x00000000
      34735.000 ns	      3472	80000e34	03ed7b33	remu	x22,x26,x30	 x26:0x00000000 x30:0x00000001 x22=0x00000000
      34765.000 ns	      3475	80000e38	d0007f53	fcvt.s.w	f30,x0	  x0:0x00000000 f30=0x00000000
      34795.000 ns	      3478	80000e3c	281a8c53	fmin.s	f24,f21,f1	 f21:0xb2c8d636  f1:0x48502340 f24=0xb2c8d636
      34815.000 ns	      3480	80000e40	410680b3	sub	x1,x13,x16	 x13:0xffffffff x16:0xc1804000  x1=0x3e7fbfff
      34825.000 ns	      3481	80000e44	bac42913	slti	x18,x8,-1108	  x8:0x00000001 x18=0x00000000
      34845.000 ns	      3483	80000e48	02a71033	mulh	x0,x14,x10	 x14:0x00000001 x10:0xffffffff
      34865.000 ns	      3485	80000e4c	52a68693	addi	x13,x13,1322	 x13:0xffffffff x13=0x00000529
      35225.000 ns	      3521	80000e50	02d943b3	div	x7,x18,x13	 x18:0x00000000 x13:0xffffffff  x7=0x00000000
      35255.000 ns	      3524	80000e54	c00877d3	fcvt.w.s	x15,f16	 f16:0x4f7fffff x15=0x7fffffff
      35285.000 ns	      3527	80000e58	d00bf353	fcvt.s.w	f6,x23	 x23:0x00000000  f6=0x00000000
      35305.000 ns	      3529	80000e5c	86890a93	addi	x21,x18,-1944	 x18:0x00000000 x21=0xfffff868
      35315.000 ns	      3530	80000e60	400bdc13	srai	x24,x23,0x0	 x23:0x00000000 x24=0x00000000
      35325.000 ns	      3531	80000e64	00000013	addi	x0,x0,0	  x0:0x00000000
      35345.000 ns	      3533	80000e68	204b8a53	fsgnj.s	f20,f23,f4	 f23:0xc0000000  f4:0x80000001 f20=0xc0000000
      35375.000 ns	      3536	80000e6c	a1fc8e53	fle.s	x28,f25,f31	 f25:0x7f800000 f31:0x40000000 x28=0x00000000
      35405.000 ns	      3539	80000e70	03509db3	mulh	x27,x1,x21	  x1:0x3e7fbfff x21:0xfffff868 x27=0xfffffe25
      35425.000 ns	      3541	80000e74	ab250b13	addi	x22,x10,-1358	 x10:0xffffffff x22=0xfffffab1
      35435.000 ns	      3542	80000e78	d6b0f697	auipc	x13,0xd6b0f	 x13=0x56b0fe78
      35455.000 ns	      3544	80000e7c	e0059b53	fclass.s	x22,f11	 f11:0x00000000 x22=0x00000010
      35475.000 ns	      3546	80000e80	7f6e0717	auipc	x14,0x7f6e0	 x14=0xff6e0e80
      35485.000 ns	      3547	80000e84	01064a33	xor	x20,x12,x16	 x12:0x00000000 x16:0xc1804000 x20=0xc1804000
      35515.000 ns	      3550	80000e88	5808f8d3	fsqrt.s	f17,f17	 f17:0xfcc8d635 f17=0x7fc00000
      35535.000 ns	      3552	80000e8c	00000013	addi	x0,x0,0	  x0:0x00000000
      35895.000 ns	      3588	80000e90	039a67b3	rem	x15,x20,x25	 x20:0xc1804000 x25:0xfffffd93 x15=0xfffffe11
      35925.000 ns	      3591	80000e94	28ea9253	fmax.s	f4,f21,f14	 f21:0xb2c8d636 f14:0x7d48d635  f4=0x7d48d635
      35955.000 ns	      3594	80000e98	d00d7753	fcvt.s.w	f14,x26	 x26:0x00000000 f14=0x00000000
      35975.000 ns	      3596	80000e9c	00049b33	sll	x22,x9,x0	  x9:0x80040fe4  x0:0x00000000 x22=0x80040fe4
      36015.000 ns	      3600	80000ea0	006db753	fadd.s	f14,f27,f6	 f27:0x7d48d635  f6:0x00000000 f14=0x7d48d635
      36055.000 ns	      3604	80000ea4	19567653	fdiv.s	f12,f12,f21	 f12:0x80000000 f21:0xb2c8d636 f12=0x00000000
      36075.000 ns	      3606	80000ea8	00c86eb3	or	x29,x16,x12	 x16:0xc1804000 x12:0x00000000 x29=0xc1804000
      36085.000 ns	      3607	80000eac	da877a13	andi	x20,x14,-600	 x14:0xff6e0e80 x20=0xff6e0c80
      36125.000 ns	      3611	80000eb0	09be7453	fsub.s	f8,f28,f27	 f28:0x00000000 f27:0x7d48d635  f8=0xfd48d635
      36145.000 ns	      3613	80000eb4	00966733	or	x14,x12,x9	 x12:0x00000000  x9:0x80040fe4 x14=0x80040fe4
      36505.000 ns	      3649	80000eb8	0308d933	divu	x18,x17,x16	 x17:0x00000000 x16:0xc1804000 x18=0x00000000
      36525.000 ns	      3651	80000ebc	60576693	ori	x13,x14,1541	 x14:0xff6e0e80 x13=0x80040fe5
      36535.000 ns	      3652	80000ec0	011de433	or	x8,x27,x17	 x27:0xfffffe25 x17:0x00000000  x8=0xfffffe25
      36545.000 ns	      3653	80000ec4	013b1b33	sll	x22,x22,x19	 x22:0x80040fe4 x19:0xffffffff x22=0x00000000
      36565.000 ns	      3655	80000ec8	0366deb3	divu	x29,x13,x22	 x13:0x80040fe5 x22:0x80040fe4 x29=0xffffffff
      36595.000 ns	      3658	80000ecc	e00d1b53	fclass.s	x22,f26	 f26:0xccc80000 x22=0x00000002
      36625.000 ns	      3661	80000ed0	c009f453	fcvt.w.s	x8,f19	 f19:0xfcc8d635  x8=0x80000000
      36655.000 ns	      3664	80000ed4	c000fed3	fcvt.w.s	x29,f1	  f1:0x48502340 x29=0x0003408d
      36675.000 ns	      3666	80000ed8	40ecd593	srai	x11,x25,0xe	 x25:0xfffffd93 x11=0xffffffff
      36685.000 ns	      3667	80000edc	00000013	addi	x0,x0,0	  x0:0x00000000
      36695.000 ns	      3668	80000ee0	00d09e93	slli	x29,x1,0xd	  x1:0x3e7fbfff x29=0xf7ffe000
      36715.000 ns	      3670	80000ee4	a14e2053	feq.s	x0,f28,f20	 f28:0x00000000 f20:0xc0000000
      36735.000 ns	      3672	80000ee8	df442613	slti	x12,x8,-524	  x8:0x80000000 x12=0x00000001
      36755.000 ns	      3674	80000eec	c003f0d3	fcvt.w.s	x1,f7	  f7:0x7f800000  x1=0x7fffffff
      36775.000 ns	      3676	80000ef0	0180eb33	or	x22,x1,x24	  x1:0x3e7fbfff x24:0x00000000 x22=0x7fffffff
      36785.000 ns	      3677	80000ef4	00000013	addi	x0,x0,0	  x0:0x00000000
      36805.000 ns	      3679	80000ef8	d00a8b53	fcvt.s.w	f22,x21	 x21:0xfffff868 f22=0xc4f30000
      36825.000 ns	      3681	80000efc	001fbeb3	sltu	x29,x31,x1	 x31:0x80041024  x1:0x7fffffff x29=0x00000000
      36845.000 ns	      3683	80000f00	212d0ed3	fsgnj.s	f29,f26,f18	 f26:0xccc80000 f18:0x7f800000 f29=0x4cc80000
      36875.000 ns	      3686	80000f04	284b1ad3	fmax.s	f21,f22,f4	 f22:0xc4f30000  f4:0x7d48d635 f21=0x7d48d635
      36905.000 ns	      3689	80000f08	a04c8c53	fle.s	x24,f25,f4	 f25:0x7f800000  f4:0x7d48d635 x24=0x00000000
      36945.000 ns	      3693	80000f0c	18331653	fdiv.s	f12,f6,f3	  f6:0x00000000  f3:0x80000000 f12=0x7fc00000
      36975.000 ns	      3696	80000f10	c01493d3	fcvt.wu.s	x7,f9	  f9:0x7d48d635  x7=0xffffffff
      37005.000 ns	      3699	80000f14	e00816d3	fclass.s	x13,f16	 f16:0x4f7fffff x13=0x00000040
      37025.000 ns	      3701	80000f18	01b47e33	and	x28,x8,x27	  x8:0x80000000 x27:0xfffffe25 x28=0x80000000
      37045.000 ns	      3703	80000f1c	039c1933	mulh	x18,x24,x25	 x24:0x00000000 x25:0xfffffd93 x18=0x00000000
      37075.000 ns	      3706	80000f20	02a466b3	rem	x13,x8,x10	  x8:0x80000000 x10:0xffffffff x13=0x00000000
      37105.000 ns	      3709	80000f24	29a91bd3	fmax.s	f23,f18,f26	 f18:0x7f800000 f26:0xccc80000 f23=0x7f800000
      37135.000 ns	      3712	80000f28	21718453	fsgnj.s	f8,f3,f23	  f3:0x80000000 f23:0xc0000000  f8=0x00000000
      37165.000 ns	      3715	80000f2c	f00089d3	fmv.w.x	f19,x1	  x1:0x7fffffff f19=0x7fffffff
      37195.000 ns	      3718	80000f30	c01a7153	fcvt.wu.s	x2,f20	 f20:0xc0000000  x2=0x00000002
      37235.000 ns	      3722	80000f34	11bac953	fmul.s	f18,f21,f27	 f21:0x7d48d635 f27:0x7d48d635 f18=0x7f800000
      37255.000 ns	      3724	80000f38	ca85e013	ori	x0,x11,-856	 x11:0xffffffff
      37265.000 ns	      3725	80000f3c	673d3093	sltiu	x1,x26,1651	 x26:0x00000000  x1=0x00000001
      37285.000 ns	      3727	80000f40	030629b3	mulhsu	x19,x12,x16	 x12:0x00000001 x16:0xc1804000 x19=0x00000000
      37315.000 ns	      3730	80000f44	035a9233	mulh	x4,x21,x21	 x21:0xfffff868 x21:0xfffff868  x4=0x00000000
      37345.000 ns	      3733	80000f48	d00720d3	fcvt.s.w	f1,x14	 x14:0x80040fe4  f1=0xcefff7e1
      37365.000 ns	      3735	80000f4c	019e3a33	sltu	x20,x28,x25	 x28:0x80000000 x25:0xfffffd93 x20=0x00000001
      37375.000 ns	      3736	80000f50	e9354893	xori	x17,x10,-365	 x10:0xffffffff x17=0x0000016c
      37385.000 ns	      3737	80000f54	69b21837	lui	x16,0x69b21	 x16=0x69b21000
      37395.000 ns	      3738	80000f58	00f1a633	slt	x12,x3,x15	  x3:0x000006a2 x15:0xfffffe11 x12=0x00000000
      37435.000 ns	      3742	80000f5c	095e8553	fsub.s	f10,f29,f21	 f29:0x4cc80000 f21:0x7d48d635 f10=0xfd48d635
      37485.000 ns	      3747	80000f60	095ff7d3	fsub.s	f15,f31,f21	 f31:0x40000000 f21:0x7d48d635 f15=0xfd48d635
      37515.000 ns	      3750	80000f64	033bfd33	remu	x26,x23,x19	 x23:0x00000000 x19:0x00000000 x26=0x00000000
      37885.000 ns	      3787	80000f68	0233cb33	div	x22,x7,x3	  x7:0xffffffff  x3:0x000006a2 x22=0x00000000
      37905.000 ns	      3789	80000f6c	0187a9b3	slt	x19,x15,x24	 x15:0xfffffe11 x24:0x00000000 x19=0x00000001
      37915.000 ns	      3790	80000f70	a662a613	slti	x12,x5,-1434	  x5:0xf0d585cf x12=0x00000001
      37935.000 ns	      3792	80000f74	02650eb3	mul	x29,x10,x6	 x10:0xffffffff  x6:0x0000053c x29=0xfffffac4
      37955.000 ns	      3794	80000f78	00978c33	add	x24,x15,x9	 x15:0xfffffe11  x9:0x80040fe4 x24=0x80040df5
      37965.000 ns	      3795	80000f7c	98102a13	slti	x20,x0,-1663	  x0:0x00000000 x20=0x00000000
      37985.000 ns	      3797	80000f80	e00696d3	fclass.s	x13,f13	 f13:0x7f800000 x13=0x00000080
      38035.000 ns	      3802	80000f84	090f4bd3	fsub.s	f23,f30,f16	 f30:0x00000000 f16:0x4f7fffff f23=0xcf7fffff
      38055.000 ns	      3804	80000f88	599cbe93	sltiu	x29,x25,1433	 x25:0xfffffd93 x29=0x00000000
      38075.000 ns	      3806	80000f8c	a0512753	feq.s	x14,f2,f5	  f2:0x80000000  f5:0x80000000 x14=0x00000001
      38105.000 ns	      3809	80000f90	a0e98dd3	fle.s	x27,f19,f14	 f19:0x7fffffff f14:0x7d48d635 x27=0x00000000
      38125.000 ns	      3811	80000f94	001b0933	add	x18,x22,x1	 x22:0x00000000  x1:0x00000001 x18=0x00000001
      38145.000 ns	      3813	80000f98	e00f89d3	fmv.x.w	x19,f31	 f31:0x40000000 x19=0x40000000
      38175.000 ns	      3816	80000f9c	03fc93b3	mulh	x7,x25,x31	 x25:0xfffffd93 x31:0x80041024  x7=0x00000136
      38215.000 ns	      3820	80000fa0	11be71d3	fmul.s	f3,f28,f27	 f28:0x00000000 f27:0x7d48d635  f3=0x00000000
      38235.000 ns	      3822	80000fa4	20556b93	ori	x23,x10,517	 x10:0xffffffff x23=0xffffffff
      38245.000 ns	      3823	80000fa8	7cb48317	auipc	x6,0x7cb48	  x6=0xfcb48fa8
      38255.000 ns	      3824	80000fac	00000013	addi	x0,x0,0	  x0:0x00000000
      38265.000 ns	      3825	80000fb0	0105d333	srl	x6,x11,x16	 x11:0xffffffff x16:0x69b21000  x6=0xffffffff
      38295.000 ns	      3828	80000fb4	11da7553	fmul.s	f10,f20,f29	 f20:0xc0000000 f29:0x4cc80000 f10=0xcd480000
      38325.000 ns	      3831	80000fb8	2099ad53	fsgnjx.s	f26,f19,f9	 f19:0x7fffffff  f9:0x7d48d635 f26=0x7fffffff
      38345.000 ns	      3833	80000fbc	01044d33	xor	x26,x8,x16	  x8:0x80000000 x16:0x69b21000 x26=0xe9b21000
      38355.000 ns	      3834	80000fc0	0068c533	xor	x10,x17,x6	 x17:0x0000016c  x6:0xffffffff x10=0xfffffe93
      38365.000 ns	      3835	80000fc4	3b3c8437	lui	x8,0x3b3c8	  x8=0x3b3c8000
      38375.000 ns	      3836	80000fc8	074aa613	slti	x12,x21,116	 x21:0xfffff868 x12=0x00000001
      38405.000 ns	      3839	80000fcc	197d7753	fdiv.s	f14,f26,f23	 f26:0x7fffffff f23:0xcf7fffff f14=0x7fc00000
      38425.000 ns	      3841	80000fd0	bcfa4b13	xori	x22,x20,-1073	 x20:0x00000000 x22=0xfffffbcf
      38785.000 ns	      3877	80000fd4	03385bb3	divu	x23,x16,x19	 x16:0x69b21000 x19:0x40000000 x23=0x00000001
      38815.000 ns	      3880	80000fd8	e0060453	fmv.x.w	x8,f12	 f12:0x7fc00000  x8=0x7fc00000
      38835.000 ns	      3882	80000fdc	01783333	sltu	x6,x16,x23	 x16:0x69b21000 x23:0x00000001  x6=0x00000000
      38855.000 ns	      3884	80000fe0	024eceb3	div	x29,x29,x4	 x29:0x00000000  x4:0x00000000 x29=0xffffffff
      39225.000 ns	      3921	80000fe4	02b6dbb3	divu	x23,x13,x11	 x13:0x00000080 x11:0xffffffff x23=0x00000000
      39255.000 ns	      3924	80000fe8	02665933	divu	x18,x12,x6	 x12:0x00000001  x6:0x00000000 x18=0xffffffff
      39275.000 ns	      3926	80000fec	41acdeb3	sra	x29,x25,x26	 x25:0xfffffd93 x26:0xe9b21000 x29=0xfffffd93
      39295.000 ns	      3928	80000ff0	03f013b3	mulh	x7,x0,x31	  x0:0x00000000 x31:0x80041024  x7=0x00000000
      39315.000 ns	      3930	80000ff4	002e5093	srli	x1,x28,0x2	 x28:0x80000000  x1=0x20000000
      39325.000 ns	      3931	80000ff8	ec717993	andi	x19,x2,-313	  x2:0x00000002 x19=0x00000002
      39335.000 ns	      3932	80000ffc	419dd613	srai	x12,x27,0x19	 x27:0x00000000 x12=0x00000000
      39355.000 ns	      3934	80001000	a0ad2e53	feq.s	x28,f26,f10	 f26:0x7fffffff f10:0xcd480000 x28=0x00000000
      39725.000 ns	      3971	80001004	0363d133	divu	x2,x7,x22	  x7:0x00000000 x22:0xfffffbcf  x2=0x00000000
      39745.000 ns	      3973	80001008	0031d3b3	srl	x7,x3,x3	  x3:0x000006a2  x3:0x000006a2  x7=0x000001a8
      39765.000 ns	      3975	8000100c	a09487d3	fle.s	x15,f9,f9	  f9:0x7d48d635  f9:0x7d48d635 x15=0x00000001
      39795.000 ns	      3978	80001010	d0054e53	fcvt.s.w	f28,x10	 x10:0xfffffe93 f28=0xc3b68000
      39815.000 ns	      3980	80001014	01b06133	or	x2,x0,x27	  x0:0x00000000 x27:0x00000000  x2=0x00000000
      39835.000 ns	      3982	80001018	291302d3	fmin.s	f5,f6,f17	  f6:0x00000000 f17:0x7fc00000  f5=0x00000000
      40205.000 ns	      4019	8000101c	0291fcb3	remu	x25,x3,x9	  x3:0x000006a2  x9:0x80040fe4 x25=0x000006a2
      40245.000 ns	      4023	80001020	10cd19d3	fmul.s	f19,f26,f12	 f26:0x7fffffff f12:0x7fc00000 f19=0x7fc00000
      40265.000 ns	      4025	80001024	f19e6213	ori	x4,x28,-231	 x28:0x00000000  x4=0xffffff19
      40275.000 ns	      4026	80001028	00f05133	srl	x2,x0,x15	  x0:0x00000000 x15:0x00000001  x2=0x00000000
      40285.000 ns	      4027	8000102c	01c78033	add	x0,x15,x28	 x15:0x00000001 x28:0x00000000
      40295.000 ns	      4028	80001030	007aea33	or	x20,x21,x7	 x21:0xfffff868  x7:0x000001a8 x20=0xfffff9e8
      40305.000 ns	      4029	80001034	01945eb3	srl	x29,x8,x25	  x8:0x7fc00000 x25:0x000006a2 x29=0x1ff00000
      40325.000 ns	      4031	80001038	280e0053	fmin.s	f0,f28,f0	 f28:0xc3b68000  f0:0x7d48d635  f0=0xc3b68000
      40365.000 ns	      4035	8000103c	19647ad3	fdiv.s	f21,f8,f22	  f8:0x00000000 f22:0xc4f30000 f21=0x80000000
      40395.000 ns	      4038	80001040	03ec8533	mul	x10,x25,x30	 x25:0x000006a2 x30:0x00000001 x10=0x000006a2
      40415.000 ns	      4040	80001044	00c4d913	srli	x18,x9,0xc	  x9:0x80040fe4 x18=0x00080040
      40425.000 ns	      4041	80001048	4dc36937	lui	x18,0x4dc36	 x18=0x4dc36000
      40435.000 ns	      4042	8000104c	00000013	addi	x0,x0,0	  x0:0x00000000
      40455.000 ns	      4044	80001050	e00b0e53	fmv.x.w	x28,f22	 f22:0xc4f30000 x28=0xc4f30000
      40475.000 ns	      4046	80001054	893b3613	sltiu	x12,x22,-1901	 x22:0xfffffbcf x12=0x00000000
      40485.000 ns	      4047	80001058	9da8ec93	ori	x25,x17,-1574	 x17:0x0000016c x25=0xfffff9fe
      40495.000 ns	      4048	8000105c	419a0633	sub	x12,x20,x25	 x20:0xfffff9e8 x25:0x000006a2 x12=0xffffffea
      40515.000 ns	      4050	80001060	03822233	mulhsu	x4,x4,x24	  x4:0xffffff19 x24:0x80040df5  x4=0xffffff8c
      40535.000 ns	      4052	80001064	0020df33	srl	x30,x1,x2	  x1:0x20000000  x2:0x00000000 x30=0x20000000
      40555.000 ns	      4054	80001068	a1f5a453	feq.s	x8,f11,f31	 f11:0x00000000 f31:0x40000000  x8=0x00000000
      40575.000 ns	      4056	8000106c	00059533	sll	x10,x11,x0	 x11:0xffffffff  x0:0x00000000 x10=0xffffffff
      40585.000 ns	      4057	80001070	00740433	add	x8,x8,x7	  x8:0x00000000  x7:0x000001a8  x8=0x000001a8
      40605.000 ns	      4059	80001074	d00ab1d3	fcvt.s.w	f3,x21	 x21:0xfffff868  f3=0xc4f30000
      40635.000 ns	      4062	80001078	03a7a333	mulhsu	x6,x15,x26	 x15:0x00000001 x26:0xe9b21000  x6=0x00000000
      40655.000 ns	      4064	8000107c	0176bc33	sltu	x24,x13,x23	 x13:0x00000080 x23:0x00000000 x24=0x00000000
      40675.000 ns	      4066	80001080	d0044353	fcvt.s.w	f6,x8	  x8:0x000001a8  f6=0x43d40000
      41045.000 ns	      4103	80001084	027246b3	div	x13,x4,x7	  x4:0xffffff8c  x7:0x000001a8 x13=0x00000000
      41065.000 ns	      4105	80001088	05e0bf13	sltiu	x30,x1,94	  x1:0x20000000 x30=0x00000000
      41095.000 ns	      4108	8000108c	580c49d3	fsqrt.s	f19,f24	 f24:0xb2c8d636 f19=0x7fc00000
      41125.000 ns	      4111	80001090	a0028353	fle.s	x6,f5,f0	  f5:0x00000000  f0:0xc3b68000  x6=0x00000000
      41175.000 ns	      4116	80001094	00b505d3	fadd.s	f11,f10,f11	 f10:0xcd480000 f11:0x00000000 f11=0xcd480000
      41225.000 ns	      4121	80001098	0905fb53	fsub.s	f22,f11,f16	 f11:0x00000000 f16:0x4f7fffff f22=0xcf863fff
      41245.000 ns	      4123	8000109c	2445a593	slti	x11,x11,580	 x11:0xffffffff x11=0x00000001
      41265.000 ns	      4125	800010a0	031c9d33	mulh	x26,x25,x17	 x25:0xfffff9fe x17:0x0000016c x26=0xffffffff
      41285.000 ns	      4127	800010a4	00943033	sltu	x0,x8,x9	  x8:0x000001a8  x9:0x80040fe4
      41305.000 ns	      4129	800010a8	21588d53	fsgnj.s	f26,f17,f21	 f17:0x7fc00000 f21:0x80000000 f26=0xffc00000
      41325.000 ns	      4131	800010ac	01a81093	slli	x1,x16,0x1a	 x16:0x69b21000  x1=0x00000000
      41345.000 ns	      4133	800010b0	e0049b53	fclass.s	x22,f9	  f9:0x7d48d635 x22=0x00000040
      41375.000 ns	      4136	800010b4	d0124453	fcvt.s.wu	f8,x4	  x4:0xffffff8c  f8=0x4f800000
      41405.000 ns	      4139	800010b8	e00a8dd3	fmv.x.w	x27,f21	 f21:0x80000000 x27=0x80000000
      41425.000 ns	      4141	800010bc	40fe0ab3	sub	x21,x28,x15	 x28:0xc4f30000 x15:0x00000001 x21=0xc4f2ffff
      41445.000 ns	      4143	800010c0	d01520d3	fcvt.s.wu	f1,x10	 x10:0xffffffff  f1=0x4f800000
      41465.000 ns	      4145	800010c4	007cd093	srli	x1,x25,0x7	 x25:0xfffff9fe  x1=0x01fffff3
      41475.000 ns	      4146	800010c8	b7d34c93	xori	x25,x6,-1155	  x6:0x00000000 x25=0xfffffb7d
      41835.000 ns	      4182	800010cc	03454f33	div	x30,x10,x20	 x10:0xffffffff x20:0xfffff9e8 x30=0x00000000
      41865.000 ns	      4185	800010d0	21621353	fsgnjn.s	f6,f4,f22	  f4:0x7d48d635 f22:0xcf863fff  f6=0x7d48d635
      41885.000 ns	      4187	800010d4	01f45313	srli	x6,x8,0x1f	  x8:0x000001a8  x6=0x00000000
      41905.000 ns	      4189	800010d8	c00c8153	fcvt.w.s	x2,f25	 f25:0x7f800000  x2=0x7fffffff
      41935.000 ns	      4192	800010dc	29371653	fmax.s	f12,f14,f19	 f14:0x7fc00000 f19:0x7fc00000 f12=0x7fc00000
      41955.000 ns	      4194	800010e0	01f42f33	slt	x30,x8,x31	  x8:0x000001a8 x31:0x80041024 x30=0x00000000
      41975.000 ns	      4196	800010e4	03feb3b3	mulhu	x7,x29,x31	 x29:0x1ff00000 x31:0x80041024  x7=0x0ff881c3
      42005.000 ns	      4199	800010e8	f00c0153	fmv.w.x	f2,x24	 x24:0x00000000  f2=0x00000000
      42025.000 ns	      4201	800010ec	008b39b3	sltu	x19,x22,x8	 x22:0x00000040  x8:0x000001a8 x19=0x00000001
      42045.000 ns	      4203	800010f0	20e711d3	fsgnjn.s	f3,f14,f14	 f14:0x7fc00000 f14:0x7fc00000  f3=0xffc00000
      42065.000 ns	      4205	800010f4	00813033	sltu	x0,x2,x8	  x2:0x7fffffff  x8:0x000001a8
      42085.000 ns	      4207	800010f8	031885b3	mul	x11,x17,x17	 x17:0x0000016c x17:0x0000016c x11=0x00020590
      42105.000 ns	      4209	800010fc	01aa80b3	add	x1,x21,x26	 x21:0xc4f2ffff x26:0xffffffff  x1=0xc4f2fffe
      42115.000 ns	      4210	80001100	004bd913	srli	x18,x23,0x4	 x23:0x00000000 x18=0x00000000
      42135.000 ns	      4212	80001104	e0001d53	fclass.s	x26,f0	  f0:0xc3b68000 x26=0x00000002
      42165.000 ns	      4215	80001108	a1c498d3	flt.s	x17,f9,f28	  f9:0x7d48d635 f28:0xc3b68000 x17=0x00000000
      42205.000 ns	      4219	8000110c	580399d3	fsqrt.s	f19,f7	  f7:0x7f800000 f19=0x7f800000
      42225.000 ns	      4221	80001110	b5b58593	addi	x11,x11,-1189	 x11:0x00020590 x11=0x000200eb
      42255.000 ns	      4224	80001114	10508fd3	fmul.s	f31,f1,f5	  f1:0x4f800000  f5:0x00000000 f31=0x00000000
      42625.000 ns	      4261	80001118	03a3f3b3	remu	x7,x7,x26	  x7:0x0ff881c3 x26:0x00000002  x7=0x00000001
      42655.000 ns	      4264	8000111c	02e02633	mulhsu	x12,x0,x14	  x0:0x00000000 x14:0x00000001 x12=0x00000000
      42685.000 ns	      4267	80001120	03c71ab3	mulh	x21,x14,x28	 x14:0x00000001 x28:0xc4f30000 x21=0xffffffff
      42715.000 ns	      4270	80001124	021627b3	mulhsu	x15,x12,x1	 x12:0x00000000  x1:0xc4f2fffe x15=0x00000000
      42735.000 ns	      4272	80001128	41525193	srai	x3,x4,0x15	  x4:0xffffff8c  x3=0xffffffff
      42755.000 ns	      4274	8000112c	030f0b33	mul	x22,x30,x16	 x30:0x00000000 x16:0x69b21000 x22=0x00000000
      42785.000 ns	      4277	80001130	c017cad3	fcvt.wu.s	x21,f15	 f15:0xfd48d635 x21=0x00000000
      42825.000 ns	      4281	80001134	5808b1d3	fsqrt.s	f3,f17	 f17:0x7fc00000  f3=0x7fc00000
      42855.000 ns	      4284	80001138	296b0253	fmin.s	f4,f22,f22	 f22:0xcf863fff f22:0xcf863fff  f4=0xcf863fff
      42885.000 ns	      4287	8000113c	c0197cd3	fcvt.wu.s	x25,f18	 f18:0x7f800000 x25=0xffffffff
      42905.000 ns	      4289	80001140	52a3b213	sltiu	x4,x7,1322	  x7:0x00000001  x4=0x00000001
      42925.000 ns	      4291	80001144	02cec533	div	x10,x29,x12	 x29:0x1ff00000 x12:0x00000000 x10=0xffffffff
      42955.000 ns	      4294	80001148	0372e1b3	rem	x3,x5,x23	  x5:0xf0d585cf x23:0x00000000  x3=0xf0d585cf
      42985.000 ns	      4297	8000114c	a0371a53	flt.s	x20,f14,f3	 f14:0x7fc00000  f3:0x7fc00000 x20=0x00000000
      43005.000 ns	      4299	80001150	0086df13	srli	x30,x13,0x8	 x13:0x00000000 x30=0x00000000
      43025.000 ns	      4301	80001154	29838153	fmin.s	f2,f7,f24	  f7:0x7f800000 f24:0xb2c8d636  f2=0xb2c8d636
      43055.000 ns	      4304	80001158	02fa2cb3	mulhsu	x25,x20,x15	 x20:0x00000000 x15:0x00000000 x25=0x00000000
      43085.000 ns	      4307	8000115c	03432eb3	mulhsu	x29,x6,x20	  x6:0x00000000 x20:0x00000000 x29=0x00000000
      43115.000 ns	      4310	80001160	f0048ad3	fmv.w.x	f21,x9	  x9:0x80040fe4 f21=0x80040fe4
      43145.000 ns	      4313	80001164	035a90b3	mulh	x1,x21,x21	 x21:0x00000000 x21:0x00000000  x1=0x00000000
      43175.000 ns	      4316	80001168	03a82bb3	mulhsu	x23,x16,x26	 x16:0x69b21000 x26:0x00000002 x23=0x00000000
      43195.000 ns	      4318	8000116c	4f64cb93	xori	x23,x9,1270	  x9:0x80040fe4 x23=0x80040b12
      43205.000 ns	      4319	80001170	00000013	addi	x0,x0,0	  x0:0x00000000
      43215.000 ns	      4320	80001174	01339333	sll	x6,x7,x19	  x7:0x00000001 x19:0x00000001  x6=0x00000002
      43235.000 ns	      4322	80001178	f00b0e53	fmv.w.x	f28,x22	 x22:0x00000000 f28=0x00000000
      43255.000 ns	      4324	8000117c	006db0b3	sltu	x1,x27,x6	 x27:0x80000000  x6:0x00000000  x1=0x00000000
      43265.000 ns	      4325	80001180	017ca933	slt	x18,x25,x23	 x25:0x00000000 x23:0x80040b12 x18=0x00000000
      43275.000 ns	      4326	80001184	005fec33	or	x24,x31,x5	 x31:0x80041024  x5:0xf0d585cf x24=0xf0d595ef
      43295.000 ns	      4328	80001188	a1fb2353	feq.s	x6,f22,f31	 f22:0xcf863fff f31:0x00000000  x6=0x00000000
      43325.000 ns	      4331	8000118c	02788833	mul	x16,x17,x7	 x17:0x00000000  x7:0x00000001 x16=0x00000000
      43345.000 ns	      4333	80001190	00a6dd93	srli	x27,x13,0xa	 x13:0x00000000 x27=0x00000000
      43355.000 ns	      4334	80001194	012a1513	slli	x10,x20,0x12	 x20:0x00000000 x10=0x00000000
      43375.000 ns	      4336	80001198	21f02553	fsgnjx.s	f10,f0,f31	  f0:0xc3b68000 f31:0x00000000 f10=0xc3b68000
      43395.000 ns	      4338	8000119c	00831a13	slli	x20,x6,0x8	  x6:0x00000000 x20=0x00000000
      43405.000 ns	      4339	800011a0	406fd033	sra	x0,x31,x6	 x31:0x80041024  x6:0x00000000
      43735.000 ns	      4372	800011a4	18427653	fdiv.s	f12,f4,f4	  f4:0xcf863fff  f4:0xcf863fff f12=0x3f064000
      43765.000 ns	      4375	800011a8	0356c533	div	x10,x13,x21	 x13:0x00000000 x21:0x00000000 x10=0xffffffff
      43795.000 ns	      4378	800011ac	a13a11d3	flt.s	x3,f20,f19	 f20:0xc0000000 f19:0x7f800000  x3=0x00000001
      43815.000 ns	      4380	800011b0	40280833	sub	x16,x16,x2	 x16:0x00000000  x2:0x7fffffff x16=0x80000001
      43825.000 ns	      4381	800011b4	01a01233	sll	x4,x0,x26	  x0:0x00000000 x26:0x00000002  x4=0x00000000
      43835.000 ns	      4382	800011b8	00000013	addi	x0,x0,0	  x0:0x00000000
      43845.000 ns	      4383	800011bc	014d07b3	add	x15,x26,x20	 x26:0x00000002 x20:0x00000000 x15=0x00000002
      44205.000 ns	      4419	800011c0	02ed7033	remu	x0,x26,x14	 x26:0x00000002 x14:0x00000001
      44235.000 ns	      4422	800011c4	21462353	fsgnjx.s	f6,f12,f20	 f12:0x3f064000 f20:0xc0000000  f6=0xbf064000
      44255.000 ns	      4424	800011c8	40d68a33	sub	x20,x13,x13	 x13:0x00000000 x13:0x00000000 x20=0x00000000
      44275.000 ns	      4426	800011cc	03e49db3	mulh	x27,x9,x30	  x9:0x80040fe4 x30:0x00000000 x27=0x00000000
      44305.000 ns	      4429	800011d0	294494d3	fmax.s	f9,f9,f20	  f9:0x7d48d635 f20:0xc0000000  f9=0x7d48d635
      44675.000 ns	      4466	800011d4	03cd66b3	rem	x13,x26,x28	 x26:0x00000002 x28:0xc4f30000 x13=0x00000002
      44695.000 ns	      4468	800011d8	40c60133	sub	x2,x12,x12	 x12:0x00000000 x12:0x00000000  x2=0x00000000
      44705.000 ns	      4469	800011dc	01584733	xor	x14,x16,x21	 x16:0x80000001 x21:0x00000000 x14=0x80000001
      44735.000 ns	      4472	800011e0	185b7ad3	fdiv.s	f21,f22,f5	 f22:0xcf863fff  f5:0x00000000 f21=0xff800000
      44765.000 ns	      4475	800011e4	a1a88453	fle.s	x8,f17,f26	 f17:0x7fc00000 f26:0xffc00000  x8=0x00000000
      44785.000 ns	      4477	800011e8	41fe59b3	sra	x19,x28,x31	 x28:0xc4f30000 x31:0x80041024 x19=0xfc4f3000
      44805.000 ns	      4479	800011ec	e0020653	fmv.x.w	x12,f4	  f4:0xcf863fff x12=0xcf863fff
      44835.000 ns	      4482	800011f0	a1a82553	feq.s	x10,f16,f26	 f16:0x4f7fffff f26:0xffc00000 x10=0x00000000
      44855.000 ns	      4484	800011f4	40795933	sra	x18,x18,x7	 x18:0x00000000  x7:0x00000001 x18=0x00000000
      44875.000 ns	      4486	800011f8	a07a93d3	flt.s	x7,f21,f7	 f21:0xff800000  f7:0x7f800000  x7=0x00000001
      44905.000 ns	      4489	800011fc	d017c3d3	fcvt.s.wu	f7,x15	 x15:0x00000002  f7=0x40000000
      44925.000 ns	      4491	80001200	00e54133	xor	x2,x10,x14	 x10:0x00000000 x14:0x80000001  x2=0x80000001
      44945.000 ns	      4493	80001204	20922a53	fsgnjx.s	f20,f4,f9	  f4:0xcf863fff  f9:0x7d48d635 f20=0xcf863fff
      44965.000 ns	      4495	80001208	b0f55237	lui	x4,0xb0f55	  x4=0xb0f55000
      44975.000 ns	      4496	8000120c	017908b3	add	x17,x18,x23	 x18:0x00000000 x23:0x80040b12 x17=0x80040b12
      45335.000 ns	      4532	80001210	03a67b33	remu	x22,x12,x26	 x12:0xcf863fff x26:0x00000002 x22=0x00000001
      45375.000 ns	      4536	80001214	580bccd3	fsqrt.s	f25,f23	 f23:0xcf7fffff f25=0x7fc00000
      45395.000 ns	      4538	80001218	7ddf0193	addi	x3,x30,2013	 x30:0x00000000  x3=0x000007dd
      45405.000 ns	      4539	8000121c	00000013	addi	x0,x0,0	  x0:0x00000000
      45425.000 ns	      4541	80001220	c00d1bd3	fcvt.w.s	x23,f26	 f26:0xffc00000 x23=0x7fffffff
      45445.000 ns	      4543	80001224	01000633	add	x12,x0,x16	  x0:0x00000000 x16:0x80000001 x12=0x80000001
      45465.000 ns	      4545	80001228	e0041453	fclass.s	x8,f8	  f8:0x4f800000  x8=0x00000040
      45485.000 ns	      4547	8000122c	011fa433	slt	x8,x31,x17	 x31:0x80041024 x17:0x80040b12  x8=0x00000000
      45505.000 ns	      4549	80001230	214c1c53	fsgnjn.s	f24,f24,f20	 f24:0xb2c8d636 f20:0xcf863fff f24=0x32c8d636
      45535.000 ns	      4552	80001234	a05fa0d3	feq.s	x1,f31,f5	 f31:0x00000000  f5:0x00000000  x1=0x00000001
      45565.000 ns	      4555	80001238	20148d53	fsgnj.s	f26,f9,f1	  f9:0x7d48d635  f1:0x4f800000 f26=0x7d48d635
      45585.000 ns	      4557	8000123c	00000013	addi	x0,x0,0	  x0:0x00000000
      45605.000 ns	      4559	80001240	02aa99b3	mulh	x19,x21,x10	 x21:0x00000000 x10:0x00000000 x19=0x00000000
      45625.000 ns	      4561	80001244	003a63b3	or	x7,x20,x3	 x20:0x00000000  x3:0x000007dd  x7=0x000007dd
      45645.000 ns	      4563	80001248	028ecd33	div	x26,x29,x8	 x29:0x00000000  x8:0x00000000 x26=0xffffffff
      45675.000 ns	      4566	8000124c	2186ae53	fsgnjx.s	f28,f13,f24	 f13:0x7f800000 f24:0x32c8d636 f28=0x7f800000
      45695.000 ns	      4568	80001250	00a9de13	srli	x28,x19,0xa	 x19:0x00000000 x28=0x00000000
      45725.000 ns	      4571	80001254	197f7bd3	fdiv.s	f23,f30,f23	 f30:0x00000000 f23:0xcf7fffff f23=0x80000000
      45755.000 ns	      4574	80001258	0207eeb3	rem	x29,x15,x0	 x15:0x00000002  x0:0x00000000 x29=0x00000002
      45785.000 ns	      4577	8000125c	0322d7b3	divu	x15,x5,x18	  x5:0xf0d585cf x18:0x00000000 x15=0xffffffff
      45805.000 ns	      4579	80001260	130bce93	xori	x29,x23,304	 x23:0x7fffffff x29=0x7ffffecf
      45825.000 ns	      4581	80001264	c008f253	fcvt.w.s	x4,f17	 f17:0x7fc00000  x4=0x7fffffff
      45855.000 ns	      4584	80001268	e00f0653	fmv.x.w	x12,f30	 f30:0x00000000 x12=0x00000000
      45885.000 ns	      4587	8000126c	02263e33	mulhu	x28,x12,x2	 x12:0x80000001  x2:0x80000001 x28=0x00000000
      45935.000 ns	      4592	80001270	00c2f5d3	fadd.s	f11,f5,f12	  f5:0x00000000 f12:0x3f064000 f11=0x3f064000
      45965.000 ns	      4595	80001274	c01fb853	fcvt.wu.s	x16,f31	 f31:0x00000000 x16=0x00000000
      45995.000 ns	      4598	80001278	e0089b53	fclass.s	x22,f17	 f17:0x7fc00000 x22=0x00000200
      46025.000 ns	      4601	8000127c	03c29c33	mulh	x24,x5,x28	  x5:0xf0d585cf x28:0x00000000 x24=0x00000000
      46045.000 ns	      4603	80001280	49c78797	auipc	x15,0x49c78	 x15=0xc9c79280
      46055.000 ns	      4604	80001284	008e6f33	or	x30,x28,x8	 x28:0x00000000  x8:0x00000000 x30=0x00000000
      46065.000 ns	      4605	80001288	c9e7b393	sltiu	x7,x15,-866	 x15:0xffffffff  x7=0x00000001
      46075.000 ns	      4606	8000128c	00ecda13	srli	x20,x25,0xe	 x25:0x00000000 x20=0x00000000
      46095.000 ns	      4608	80001290	e00008d3	fmv.x.w	x17,f0	  f0:0xc3b68000 x17=0xc3b68000
      46125.000 ns	      4611	80001294	035a3cb3	mulhu	x25,x20,x21	 x20:0x00000000 x21:0x00000000 x25=0x00000000
      46165.000 ns	      4615	80001298	10a9f5d3	fmul.s	f11,f19,f10	 f19:0x7f800000 f10:0xc3b68000 f11=0xff800000
      46195.000 ns	      4618	8000129c	d0177ed3	fcvt.s.wu	f29,x14	 x14:0x80000001 f29=0x4f000000
      46565.000 ns	      4655	800012a0	03785cb3	divu	x25,x16,x23	 x16:0x00000000 x23:0x7fffffff x25=0x00000000
      46585.000 ns	      4657	800012a4	5755fd97	auipc	x27,0x5755f	 x27=0xd75602a4
      46605.000 ns	      4659	800012a8	e0079353	fclass.s	x6,f15	 f15:0xfd48d635  x6=0x00000002
      46975.000 ns	      4696	800012ac	0234e933	rem	x18,x9,x3	  x9:0x80040fe4  x3:0x000007dd x18=0xfffffd6b
      46995.000 ns	      4698	800012b0	0174bbb3	sltu	x23,x9,x23	  x9:0x80040fe4 x23:0x7fffffff x23=0x00000000
      47015.000 ns	      4700	800012b4	20ef2853	fsgnjx.s	f16,f30,f14	 f30:0x00000000 f14:0x7fc00000 f16=0x00000000
      47045.000 ns	      4703	800012b8	a1bea453	feq.s	x8,f29,f27	 f29:0x4f000000 f27:0x7d48d635  x8=0x00000000
      47065.000 ns	      4705	800012bc	01849713	slli	x14,x9,0x18	  x9:0x80040fe4 x14=0xe4000000
      47075.000 ns	      4706	800012c0	0175d9b3	srl	x19,x11,x23	 x11:0x000200eb x23:0x00000000 x19=0x000200eb
      47095.000 ns	      4708	800012c4	038b1133	mulh	x2,x22,x24	 x22:0x00000200 x24:0x00000000  x2=0x00000000
      47115.000 ns	      4710	800012c8	f031cb37	lui	x22,0xf031c	 x22=0xf031c000
      47135.000 ns	      4712	800012cc	208d02d3	fsgnj.s	f5,f26,f8	 f26:0x7d48d635  f8:0x4f800000  f5=0x7d48d635
      47155.000 ns	      4714	800012d0	40415213	srai	x4,x2,0x4	  x2:0x00000000  x4=0x00000000
      47175.000 ns	      4716	800012d4	a0710653	fle.s	x12,f2,f7	  f2:0xb2c8d636  f7:0x40000000 x12=0x00000001
      47195.000 ns	      4718	800012d8	941aacb7	lui	x25,0x941aa	 x25=0x941aa000
      47215.000 ns	      4720	800012dc	29728053	fmin.s	f0,f5,f23	  f5:0x7d48d635 f23:0x80000000  f0=0x80000000
      47235.000 ns	      4722	800012e0	016d0bb3	add	x23,x26,x22	 x26:0xffffffff x22:0xf031c000 x23=0xf031bfff
      47245.000 ns	      4723	800012e4	00c02933	slt	x18,x0,x12	  x0:0x00000000 x12:0x00000001 x18=0x00000001
      47255.000 ns	      4724	800012e8	41d20ab3	sub	x21,x4,x29	  x4:0x00000000 x29:0x7ffffecf x21=0x80000131
      48425.000 ns	      4841	800012ec	580c49d3	fsqrt.s	f19,f24	 f24:0x32c8d636 f19=0x38a05596
      48795.000 ns	      4878	800012f0	036dc433	div	x8,x27,x22	 x27:0xd75602a4 x22:0xf031c000  x8=0x00000002
      48815.000 ns	      4880	800012f4	01109c93	slli	x25,x1,0x11	  x1:0x00000001 x25=0x00020000
      48825.000 ns	      4881	800012f8	006e7bb3	and	x23,x28,x6	 x28:0x00000000  x6:0x00000002 x23=0x00000000
      48835.000 ns	      4882	800012fc	00211d93	slli	x27,x2,0x2	  x2:0x00000000 x27=0x00000000
      48855.000 ns	      4884	80001300	e00e1353	fclass.s	x6,f28	 f28:0x7f800000  x6=0x00000080
      48875.000 ns	      4886	80001304	01e64733	xor	x14,x12,x30	 x12:0x00000001 x30:0x00000000 x14=0x00000001
      48895.000 ns	      4888	80001308	d01e78d3	fcvt.s.wu	f17,x28	 x28:0x00000000 f17=0x00000000
      48915.000 ns	      4890	8000130c	66b22413	slti	x8,x4,1643	  x4:0x00000000  x8=0x00000001
      48935.000 ns	      4892	80001310	28138953	fmin.s	f18,f7,f1	  f7:0x40000000  f1:0x4f800000 f18=0x40000000
      48955.000 ns	      4894	80001314	007a8b33	add	x22,x21,x7	 x21:0x80000131  x7:0x00000001 x22=0x80000132
      48975.000 ns	      4896	80001318	e00e0453	fmv.x.w	x8,f28	 f28:0x7f800000  x8=0x7f800000
      48995.000 ns	      4898	8000131c	00000013	addi	x0,x0,0	  x0:0x00000000
      49015.000 ns	      4900	80001320	c0188653	fcvt.wu.s	x12,f17	 f17:0x00000000 x12=0x00000000
      49035.000 ns	      4902	80001324	4171d0b3	sra	x1,x3,x23	  x3:0x000007dd x23:0x00000000  x1=0x000007dd
      49055.000 ns	      4904	80001328	e00701d3	fmv.x.w	x3,f14	 f14:0x7fc00000  x3=0x7fc00000
      49075.000 ns	      4906	8000132c	0080d313	srli	x6,x1,0x8	  x1:0x00000001  x6=0x00000007
      49095.000 ns	      4908	80001330	210c88d3	fsgnj.s	f17,f25,f16	 f25:0x7fc00000 f16:0x00000000 f17=0x7fc00000
      49115.000 ns	      4910	80001334	0162ba33	sltu	x20,x5,x22	  x5:0xf0d585cf x22:0x80000132 x20=0x00000000
      49125.000 ns	      4911	80001338	a96ec213	xori	x4,x29,-1386	 x29:0x7ffffecf  x4=0x80000459
      49145.000 ns	      4913	8000133c	c008f753	fcvt.w.s	x14,f17	 f17:0x7fc00000 x14=0x7fffffff
      49175.000 ns	      4916	80001340	03bf7333	remu	x6,x30,x27	 x30:0x00000000 x27:0x00000000  x6=0x00000000
      49205.000 ns	      4919	80001344	a04b2e53	feq.s	x28,f22,f4	 f22:0xcf863fff  f4:0xcf863fff x28=0x00000001
      49235.000 ns	      4922	80001348	02ac8133	mul	x2,x25,x10	 x25:0x00020000 x10:0x00000000  x2=0x00000000
      49255.000 ns	      4924	8000134c	40475033	sra	x0,x14,x4	 x14:0x7fffffff  x4:0x80000459
      49275.000 ns	      4926	80001350	f0018a53	fmv.w.x	f20,x3	  x3:0x7fc00000 f20=0x7fc00000
      49305.000 ns	      4929	80001354	28491c53	fmax.s	f24,f18,f4	 f18:0x40000000  f4:0xcf863fff f24=0x40000000
      49325.000 ns	      4931	80001358	00b4fd33	and	x26,x9,x11	  x9:0x80040fe4 x11:0x000200eb x26=0x000000e0
      49335.000 ns	      4932	8000135c	7878fa93	andi	x21,x17,1927	 x17:0xc3b68000 x21=0x00000000
      49665.000 ns	      4965	80001360	1883fdd3	fdiv.s	f27,f7,f8	  f7:0x40000000  f8:0x4f800000 f27=0x2f800000
      49685.000 ns	      4967	80001364	40b40eb3	sub	x29,x8,x11	  x8:0x7f800000 x11:0x000200eb x29=0x7f7dff15
      49725.000 ns	      4971	80001368	084a2753	fsub.s	f14,f20,f4	 f20:0x7fc00000  f4:0xcf863fff f14=0x7fc00000
      49755.000 ns	      4974	8000136c	a0208253	fle.s	x4,f1,f2	  f1:0x4f800000  f2:0xb2c8d636  x4=0x00000000
      49785.000 ns	      4977	80001370	c00f0b53	fcvt.w.s	x22,f30	 f30:0x00000000 x22=0x00000000
      49805.000 ns	      4979	80001374	41d403b3	sub	x7,x8,x29	  x8:0x7f800000 x29:0x7f7dff15  x7=0x000200eb
      49825.000 ns	      4981	80001378	288d8dd3	fmin.s	f27,f27,f8	 f27:0x2f800000  f8:0x4f800000 f27=0x2f800000
      49855.000 ns	      4984	8000137c	a0eba453	feq.s	x8,f23,f14	 f23:0x80000000 f14:0x7fc00000  x8=0x00000000
      49885.000 ns	      4987	80001380	c01fa1d3	fcvt.wu.s	x3,f31	 f31:0x00000000  x3=0x00000000
      49905.000 ns	      4989	80001384	01527cb3	and	x25,x4,x21	  x4:0x00000000 x21:0x00000000 x25=0x00000000
      49925.000 ns	      4991	80001388	d0092153	fcvt.s.w	f2,x18	 x18:0x00000001  f2=0x3f800000
      49955.000 ns	      4994	8000138c	021a0333	mul	x6,x20,x1	 x20:0x00000000  x1:0x000007dd  x6=0x00000000
      49985.000 ns	      4997	80001390	a14a8153	fle.s	x2,f21,f20	 f21:0xff800000 f20:0x7fc00000  x2=0x00000000
      50015.000 ns	      5000	80001394	c01681d3	fcvt.wu.s	x3,f13	 f13:0x7f800000  x3=0xffffffff
      50045.000 ns	      5003	80001398	03695f33	divu	x30,x18,x22	 x18:0x00000001 x22:0x00000000 x30=0xffffffff
      50085.000 ns	      5007	8000139c	18d0bdd3	fdiv.s	f27,f1,f13	  f1:0x4f800000 f13:0x7f800000 f27=0x00000000
      50115.000 ns	      5010	800013a0	a04baed3	feq.s	x29,f23,f4	 f23:0x80000000  f4:0xcf863fff x29=0x00000000
      50145.000 ns	      5013	800013a4	206fa753	fsgnjx.s	f14,f31,f6	 f31:0x00000000  f6:0xbf064000 f14=0x80000000
      50175.000 ns	      5016	800013a8	e0068c53	fmv.x.w	x24,f13	 f13:0x7f800000 x24=0x7f800000
      50195.000 ns	      5018	800013ac	011730b3	sltu	x1,x14,x17	 x14:0x7fffffff x17:0xc3b68000  x1=0x00000001
      50205.000 ns	      5019	800013b0	017d8bb3	add	x23,x27,x23	 x27:0x00000000 x23:0x00000000 x23=0x00000000
      50215.000 ns	      5020	800013b4	0016d713	srli	x14,x13,0x1	 x13:0x00000002 x14=0x00000001
      50225.000 ns	      5021	800013b8	00c30b33	add	x22,x6,x12	  x6:0x00000000 x12:0x00000000 x22=0x00000000
      50245.000 ns	      5023	800013bc	d0188ad3	fcvt.s.wu	f21,x17	 x17:0xc3b68000 f21=0x4f43b680
      50275.000 ns	      5026	800013c0	a00029d3	feq.s	x19,f0,f0	  f0:0x80000000  f0:0x80000000 x19=0x00000001
      50295.000 ns	      5028	800013c4	00efbdb3	sltu	x27,x31,x14	 x31:0x80041024 x14:0x00000001 x27=0x00000000
      50315.000 ns	      5030	800013c8	02463db3	mulhu	x27,x12,x4	 x12:0x00000000  x4:0x00000000 x27=0x00000000
      50335.000 ns	      5032	800013cc	006fb333	sltu	x6,x31,x6	 x31:0x80041024  x6:0x00000000  x6=0x00000000
      50355.000 ns	      5034	800013d0	037fdbb3	divu	x23,x31,x23	 x31:0x80041024 x23:0x00000000 x23=0xffffffff
      50385.000 ns	      5037	800013d4	03c31633	mulh	x12,x6,x28	  x6:0x00000000 x28:0x00000001 x12=0x00000000
      50415.000 ns	      5040	800013d8	d016ff53	fcvt.s.wu	f30,x13	 x13:0x00000002 f30=0x40000000
      50435.000 ns	      5042	800013dc	01e9f7b3	and	x15,x19,x30	 x19:0x00000001 x30:0xffffffff x15=0x00000001
      50445.000 ns	      5043	800013e0	00ff1413	slli	x8,x30,0xf	 x30:0xffffffff  x8=0xffff8000
      50465.000 ns	      5045	800013e4	289a8c53	fmin.s	f24,f21,f9	 f21:0x4f43b680  f9:0x7d48d635 f24=0x4f43b680
      50485.000 ns	      5047	800013e8	50453d93	sltiu	x27,x10,1284	 x10:0x00000000 x27=0x00000001
      50505.000 ns	      5049	800013ec	29999e53	fmax.s	f28,f19,f25	 f19:0x38a05596 f25:0x7fc00000 f28=0x38a05596
      50525.000 ns	      5051	800013f0	01881033	sll	x0,x16,x24	 x16:0x00000000 x24:0x7f800000
      50535.000 ns	      5052	800013f4	d39b6693	ori	x13,x22,-711	 x22:0x00000000 x13=0xfffffd39
      50545.000 ns	      5053	800013f8	00c8f833	and	x16,x17,x12	 x17:0xc3b68000 x12:0x00000000 x16=0x00000000
      50565.000 ns	      5055	800013fc	a0b72cd3	feq.s	x25,f14,f11	 f14:0x80000000 f11:0xff800000 x25=0x00000000
      50585.000 ns	      5057	80001400	35af4513	xori	x10,x30,858	 x30:0xffffffff x10=0xfffffca5
      50595.000 ns	      5058	80001404	010991b3	sll	x3,x19,x16	 x19:0x00000001 x16:0x00000000  x3=0x00000001
      50615.000 ns	      5060	80001408	28e495d3	fmax.s	f11,f9,f14	  f9:0x7d48d635 f14:0x80000000 f11=0x7d48d635
      50655.000 ns	      5064	8000140c	5806f853	fsqrt.s	f16,f13	 f13:0x7f800000 f16=0x7f800000
      50685.000 ns	      5067	80001410	a1eaad53	feq.s	x26,f21,f30	 f21:0x4f43b680 f30:0x40000000 x26=0x00000000
      50705.000 ns	      5069	80001414	b2c36a13	ori	x20,x6,-1236	  x6:0x00000000 x20=0xfffffb2c
      50715.000 ns	      5070	80001418	007957b3	srl	x15,x18,x7	 x18:0x00000001  x7:0x000200eb x15=0x00000000
      50735.000 ns	      5072	8000141c	e00180d3	fmv.x.w	x1,f3	  f3:0x7fc00000  x1=0x7fc00000
      50765.000 ns	      5075	80001420	e00190d3	fclass.s	x1,f3	  f3:0x7fc00000  x1=0x00000200
      50785.000 ns	      5077	80001424	692ab513	sltiu	x10,x21,1682	 x21:0x00000000 x10=0x00000001
      50815.000 ns	      5080	80001428	1120cf53	fmul.s	f30,f1,f18	  f1:0x4f800000 f18:0x40000000 f30=0x50000000
      50845.000 ns	      5083	8000142c	e0061e53	fclass.s	x28,f12	 f12:0x3f064000 x28=0x00000040
      50875.000 ns	      5086	80001430	03c818b3	mulh	x17,x16,x28	 x16:0x00000000 x28:0x00000001 x17=0x00000000
      50895.000 ns	      5088	80001434	00449913	slli	x18,x9,0x4	  x9:0x80040fe4 x18=0x0040fe40
      50905.000 ns	      5089	80001438	00d439b3	sltu	x19,x8,x13	  x8:0xffff8000 x13:0xfffffd39 x19=0x00000001
      51265.000 ns	      5125	8000143c	03f1fdb3	remu	x27,x3,x31	  x3:0x00000001 x31:0x80041024 x27=0x00000001
      51285.000 ns	      5127	80001440	0031d593	srli	x11,x3,0x3	  x3:0x00000001 x11=0x00000000
      51305.000 ns	      5129	80001444	20f02a53	fsgnjx.s	f20,f0,f15	  f0:0x80000000 f15:0xfd48d635 f20=0x00000000
      51335.000 ns	      5132	80001448	f0010c53	fmv.w.x	f24,x2	  x2:0x00000000 f24=0x00000000
      51365.000 ns	      5135	8000144c	02f57ab3	remu	x21,x10,x15	 x10:0x00000001 x15:0x00000000 x21=0x00000001
      51415.000 ns	      5140	80001450	01d60bd3	fadd.s	f23,f12,f29	 f12:0x3f064000 f29:0x4f000000 f23=0x4f000000
      51435.000 ns	      5142	80001454	01c07733	and	x14,x0,x28	  x0:0x00000000 x28:0x00000040 x14=0x00000000
      51445.000 ns	      5143	80001458	00000013	addi	x0,x0,0	  x0:0x00000000
      51465.000 ns	      5145	8000145c	02e43e33	mulhu	x28,x8,x14	  x8:0xffff8000 x14:0x00000001 x28=0x00000000
      51495.000 ns	      5148	80001460	c01918d3	fcvt.wu.s	x17,f18	 f18:0x40000000 x17=0x00000002
      51515.000 ns	      5150	80001464	00cb16b3	sll	x13,x22,x12	 x22:0x00000000 x12:0x00000000 x13=0x00000000
      51875.000 ns	      5186	80001468	03e9d1b3	divu	x3,x19,x30	 x19:0x00000001 x30:0xffffffff  x3=0x00000000
      51905.000 ns	      5189	8000146c	e00f96d3	fclass.s	x13,f31	 f31:0x00000000 x13=0x00000010
      51935.000 ns	      5192	80001470	d008fc53	fcvt.s.w	f24,x17	 x17:0x00000002 f24=0x40000000
      51955.000 ns	      5194	80001474	d8044ab7	lui	x21,0xd8044	 x21=0xd8044000
      52315.000 ns	      5230	80001478	0251c233	div	x4,x3,x5	  x3:0x00000000  x5:0xf0d585cf  x4=0x00000000
      52345.000 ns	      5233	8000147c	e0000553	fmv.x.w	x10,f0	  f0:0x80000000 x10=0x80000000
      52375.000 ns	      5236	80001480	f00d8253	fmv.w.x	f4,x27	 x27:0x00000001  f4=0x00000001
      52405.000 ns	      5239	80001484	0358a0b3	mulhsu	x1,x17,x21	 x17:0x00000002 x21:0xd8044000  x1=0x00000001
      52435.000 ns	      5242	80001488	02b0cf33	div	x30,x1,x11	  x1:0x00000200 x11:0x00000000 x30=0xffffffff
      52805.000 ns	      5279	8000148c	038ef933	remu	x18,x29,x24	 x29:0x00000000 x24:0x7f800000 x18=0x00000000
      52835.000 ns	      5282	80001490	d01b77d3	fcvt.s.wu	f15,x22	 x22:0x00000000 f15=0x00000000
      52855.000 ns	      5284	80001494	f5acbf13	sltiu	x30,x25,-166	 x25:0x00000000 x30=0x00000001
      52875.000 ns	      5286	80001498	a1f8a253	feq.s	x4,f17,f31	 f17:0x7fc00000 f31:0x00000000  x4=0x00000000
      52905.000 ns	      5289	8000149c	023cf933	remu	x18,x25,x3	 x25:0x00000000  x3:0x00000000 x18=0x00000000
      52925.000 ns	      5291	800014a0	41eade13	srai	x28,x21,0x1e	 x21:0xd8044000 x28=0xffffffff
      52935.000 ns	      5292	800014a4	0066b0b3	sltu	x1,x13,x6	 x13:0x00000010  x6:0x00000000  x1=0x00000000
      52955.000 ns	      5294	800014a8	d00c7253	fcvt.s.w	f4,x24	 x24:0x7f800000  f4=0x4eff0000
      52985.000 ns	      5297	800014ac	032583b3	mul	x7,x11,x18	 x11:0x00000000 x18:0x00000000  x7=0x00000000
      53005.000 ns	      5299	800014b0	8b0bf013	andi	x0,x23,-1872	 x23:0xffffffff
      53015.000 ns	      5300	800014b4	0156f5b3	and	x11,x13,x21	 x13:0x00000010 x21:0xd8044000 x11=0x00000000
      53035.000 ns	      5302	800014b8	e0068f53	fmv.x.w	x30,f13	 f13:0x7f800000 x30=0x7f800000
      53075.000 ns	      5306	800014bc	18987553	fdiv.s	f10,f16,f9	 f16:0x7f800000  f9:0x7d48d635 f10=0x7f800000
      53105.000 ns	      5309	800014c0	02662933	mulhsu	x18,x12,x6	 x12:0x00000000  x6:0x00000000 x18=0x00000000
      53125.000 ns	      5311	800014c4	41375e93	srai	x29,x14,0x13	 x14:0x00000000 x29=0x00000000
      53135.000 ns	      5312	800014c8	8e3fe813	ori	x16,x31,-1821	 x31:0x80041024 x16=0xfffff8e7
      53155.000 ns	      5314	800014cc	d011b6d3	fcvt.s.wu	f13,x3	  x3:0x00000000 f13=0x00000000
      53175.000 ns	      5316	800014d0	418d5613	srai	x12,x26,0x18	 x26:0x00000000 x12=0x00000000
      53185.000 ns	      5317	800014d4	2f683413	sltiu	x8,x16,758	 x16:0xfffff8e7  x8=0x00000000
      53195.000 ns	      5318	800014d8	01a8f233	and	x4,x17,x26	 x17:0x00000002 x26:0x00000000  x4=0x00000000
      53215.000 ns	      5320	800014dc	a105a3d3	feq.s	x7,f11,f16	 f11:0x7d48d635 f16:0x7f800000  x7=0x00000000
      53245.000 ns	      5323	800014e0	02061333	mulh	x6,x12,x0	 x12:0x00000000  x0:0x00000000  x6=0x00000000
      53275.000 ns	      5326	800014e4	03dfe233	rem	x4,x31,x29	 x31:0x80041024 x29:0x00000000  x4=0x80041024
      53295.000 ns	      5328	800014e8	00c1c333	xor	x6,x3,x12	  x3:0x00000000 x12:0x00000000  x6=0x00000000
      53315.000 ns	      5330	800014ec	034e3033	mulhu	x0,x28,x20	 x28:0xffffffff x20:0xfffffb2c
      53335.000 ns	      5332	800014f0	b0067793	andi	x15,x12,-1280	 x12:0x00000000 x15=0x00000000
      53355.000 ns	      5334	800014f4	d015bed3	fcvt.s.wu	f29,x11	 x11:0x00000000 f29=0x00000000
      53375.000 ns	      5336	800014f8	00e6bdb3	sltu	x27,x13,x14	 x13:0x00000010 x14:0x00000000 x27=0x00000000
      53395.000 ns	      5338	800014fc	e00c10d3	fclass.s	x1,f24	 f24:0x40000000  x1=0x00000040
      53765.000 ns	      5375	80001500	03536c33	rem	x24,x6,x21	  x6:0x00000000 x21:0xd8044000 x24=0x00000000
      53795.000 ns	      5378	80001504	28208bd3	fmin.s	f23,f1,f2	  f1:0x4f800000  f2:0x3f800000 f23=0x3f800000
      53815.000 ns	      5380	80001508	00c6d213	srli	x4,x13,0xc	 x13:0x00000010  x4=0x00000000
      53835.000 ns	      5382	8000150c	293103d3	fmin.s	f7,f2,f19	  f2:0x3f800000 f19:0x38a05596  f7=0x38a05596
      53865.000 ns	      5385	80001510	a066aa53	feq.s	x20,f13,f6	 f13:0x00000000  f6:0xbf064000 x20=0x00000000
      53895.000 ns	      5388	80001514	a0581053	flt.s	x0,f16,f5	 f16:0x7f800000  f5:0x7d48d635
      53915.000 ns	      5390	80001518	3aaefb93	andi	x23,x29,938	 x29:0x00000000 x23=0x00000000
      53925.000 ns	      5391	8000151c	0155b333	sltu	x6,x11,x21	 x11:0x00000000 x21:0xd8044000  x6=0x00000001
      53935.000 ns	      5392	80001520	01c59eb3	sll	x29,x11,x28	 x11:0x00000000 x28:0xffffffff x29=0x00000000
      53955.000 ns	      5394	80001524	219f2bd3	fsgnjx.s	f23,f30,f25	 f30:0x50000000 f25:0x7fc00000 f23=0x50000000
      53985.000 ns	      5397	80001528	c0137ad3	fcvt.wu.s	x21,f6	  f6:0xbf064000 x21=0x00000000
      54005.000 ns	      5399	8000152c	12de1b37	lui	x22,0x12de1	 x22=0x12de1000
      54025.000 ns	      5401	80001530	03aaca33	div	x20,x21,x26	 x21:0x00000000 x26:0x00000000 x20=0xffffffff
      54055.000 ns	      5404	80001534	29839553	fmax.s	f10,f7,f24	  f7:0x38a05596 f24:0x40000000 f10=0x40000000
      54075.000 ns	      5406	80001538	013de3b3	or	x7,x27,x19	 x27:0x00000000 x19:0x00000001  x7=0x00000001
      54105.000 ns	      5409	8000153c	103974d3	fmul.s	f9,f18,f3	 f18:0x40000000  f3:0x7fc00000  f9=0x7fc00000
      54135.000 ns	      5412	80001540	d0077953	fcvt.s.w	f18,x14	 x14:0x00000000 f18=0x00000000
      54155.000 ns	      5414	80001544	00000013	addi	x0,x0,0	  x0:0x00000000
      54165.000 ns	      5415	80001548	0054c8b3	xor	x17,x9,x5	  x9:0x80040fe4  x5:0xf0d585cf x17=0x70d18a2b
      54185.000 ns	      5417	8000154c	e0028053	fmv.x.w	x0,f5	  f5:0x7d48d635
      54215.000 ns	      5420	80001550	c0041453	fcvt.w.s	x8,f8	  f8:0x4f800000  x8=0x7fffffff
      54245.000 ns	      5423	80001554	a10180d3	fle.s	x1,f3,f16	  f3:0x7fc00000 f16:0x7f800000  x1=0x00000000
      54275.000 ns	      5426	80001558	d0040d53	fcvt.s.w	f26,x8	  x8:0x7fffffff f26=0x4effffff
      54295.000 ns	      5428	8000155c	9867e993	ori	x19,x15,-1658	 x15:0x00000000 x19=0xfffff986
      54325.000 ns	      5431	80001560	117d9ed3	fmul.s	f29,f27,f23	 f27:0x00000000 f23:0x50000000 f29=0x00000000
      54355.000 ns	      5434	80001564	c01f7dd3	fcvt.wu.s	x27,f30	 f30:0x50000000 x27=0x00000000
      54375.000 ns	      5436	80001568	a85a8d13	addi	x26,x21,-1403	 x21:0x00000000 x26=0xfffffa85
      54385.000 ns	      5437	8000156c	40c50f33	sub	x30,x10,x12	 x10:0x80000000 x12:0x00000000 x30=0x80000000
      54405.000 ns	      5439	80001570	02164933	div	x18,x12,x1	 x12:0x00000000  x1:0x00000000 x18=0xffffffff
      54425.000 ns	      5441	80001574	d6922c13	slti	x24,x4,-663	  x4:0x00000000 x24=0x00000000
      54445.000 ns	      5443	80001578	20880153	fsgnj.s	f2,f16,f8	 f16:0x7f800000  f8:0x4f800000  f2=0x7f800000
      54465.000 ns	      5445	8000157c	22322313	slti	x6,x4,547	  x4:0x00000000  x6=0x00000001
      54475.000 ns	      5446	80001580	41855c93	srai	x25,x10,0x18	 x10:0x80000000 x25=0xffffff80
      54485.000 ns	      5447	80001584	00e51d13	slli	x26,x10,0xe	 x10:0x80000000 x26=0x00000000
      54495.000 ns	      5448	80001588	9010ab17	auipc	x22,0x9010a	 x22=0x1010b588
      54515.000 ns	      5450	8000158c	29669cd3	fmax.s	f25,f13,f22	 f13:0x00000000 f22:0xcf863fff f25=0x00000000
      54535.000 ns	      5452	80001590	417bdeb3	sra	x29,x23,x23	 x23:0x00000000 x23:0x00000000 x29=0x00000000
      54565.000 ns	      5455	80001594	19429153	fdiv.s	f2,f5,f20	  f5:0x7d48d635 f20:0x00000000  f2=0x7f800000
      54935.000 ns	      5492	80001598	0344c033	div	x0,x9,x20	  x9:0x80040fe4 x20:0xffffffff
      54965.000 ns	      5495	8000159c	20c39ad3	fsgnjn.s	f21,f7,f12	  f7:0x38a05596 f12:0x3f064000 f21=0xb8a05596
      54995.000 ns	      5498	800015a0	a0362553	feq.s	x10,f12,f3	 f12:0x3f064000  f3:0x7fc00000 x10=0x00000000
      55025.000 ns	      5501	800015a4	209d89d3	fsgnj.s	f19,f27,f9	 f27:0x00000000  f9:0x7fc00000 f19=0x00000000
      55055.000 ns	      5504	800015a8	e00409d3	fmv.x.w	x19,f8	  f8:0x4f800000 x19=0x4f800000
      55085.000 ns	      5507	800015ac	a07d88d3	fle.s	x17,f27,f7	 f27:0x00000000  f7:0x38a05596 x17=0x00000001
      55115.000 ns	      5510	800015b0	e00106d3	fmv.x.w	x13,f2	  f2:0x7f800000 x13=0x7f800000
      55145.000 ns	      5513	800015b4	030a1d33	mulh	x26,x20,x16	 x20:0xffffffff x16:0xfffff8e7 x26=0x00000000
      55175.000 ns	      5516	800015b8	024cb8b3	mulhu	x17,x25,x4	 x25:0xffffff80  x4:0x00000000 x17=0x00000000
      55195.000 ns	      5518	800015bc	02abbc93	sltiu	x25,x23,42	 x23:0x00000000 x25=0x00000001
      55215.000 ns	      5520	800015c0	218aa0d3	fsgnjx.s	f1,f21,f24	 f21:0xb8a05596 f24:0x40000000  f1=0xb8a05596
      55235.000 ns	      5522	800015c4	6abf6e13	ori	x28,x30,1707	 x30:0x80000000 x28=0x800006ab
      55255.000 ns	      5524	800015c8	a0a70053	fle.s	x0,f14,f10	 f14:0x80000000 f10:0x40000000
      55625.000 ns	      5561	800015cc	03616333	rem	x6,x2,x22	  x2:0x00000000 x22:0x1010b588  x6=0x00000000
      55665.000 ns	      5565	800015d0	1050f2d3	fmul.s	f5,f1,f5	  f1:0xb8a05596  f5:0x7d48d635  f5=0xf67b920c
      55685.000 ns	      5567	800015d4	e6271c97	auipc	x25,0xe6271	 x25=0x662725d4
      55705.000 ns	      5569	800015d8	20ec8353	fsgnj.s	f6,f25,f14	 f25:0x00000000 f14:0x80000000  f6=0x80000000
      55725.000 ns	      5571	800015dc	00b5d913	srli	x18,x11,0xb	 x11:0x00000000 x18=0x00000000
      55735.000 ns	      5572	800015e0	00789233	sll	x4,x17,x7	 x17:0x00000000  x7:0x00000001  x4=0x00000000
      55745.000 ns	      5573	800015e4	8c1bb093	sltiu	x1,x23,-1855	 x23:0x00000000  x1=0x00000001
      55765.000 ns	      5575	800015e8	d01f74d3	fcvt.s.wu	f9,x30	 x30:0x80000000  f9=0x4f000000
      55795.000 ns	      5578	800015ec	02f26bb3	rem	x23,x4,x15	  x4:0x00000000 x15:0x00000000 x23=0x00000000
      55825.000 ns	      5581	800015f0	296c0553	fmin.s	f10,f24,f22	 f24:0x40000000 f22:0xcf863fff f10=0xcf863fff
      55855.000 ns	      5584	800015f4	03ea3e33	mulhu	x28,x20,x30	 x20:0xffffffff x30:0x80000000 x28=0x7fffffff
      55885.000 ns	      5587	800015f8	d01e4d53	fcvt.s.wu	f26,x28	 x28:0x800006ab f26=0x4f000000
      55905.000 ns	      5589	800015fc	008097b3	sll	x15,x1,x8	  x1:0x00000001  x8:0x7fffffff x15=0x80000000
      55915.000 ns	      5590	80001600	19b1ce17	auipc	x28,0x19b1c	 x28=0x99b1d600
      55925.000 ns	      5591	80001604	51dfbf13	sltiu	x30,x31,1309	 x31:0x80041024 x30=0x00000000
      55935.000 ns	      5592	80001608	c825fc93	andi	x25,x11,-894	 x11:0x00000000 x25=0x00000000
      55955.000 ns	      5594	8000160c	a1d3add3	feq.s	x27,f7,f29	  f7:0x38a05596 f29:0x00000000 x27=0x00000000
      55995.000 ns	      5598	80001610	19a87e53	fdiv.s	f28,f16,f26	 f16:0x7f800000 f26:0x4f000000 f28=0x7f800000
      56025.000 ns	      5601	80001614	e0041cd3	fclass.s	x25,f8	  f8:0x4f800000 x25=0x00000040
      56045.000 ns	      5603	80001618	581ee513	ori	x10,x29,1409	 x29:0x00000000 x10=0x00000581
      56055.000 ns	      5604	8000161c	01a9ca33	xor	x20,x19,x26	 x19:0x4f800000 x26:0x00000000 x20=0x4f800000
      56075.000 ns	      5606	80001620	0264b0b3	mulhu	x1,x9,x6	  x9:0x80040fe4  x6:0x00000000  x1=0x00000000
      56105.000 ns	      5609	80001624	02a6ab33	mulhsu	x22,x13,x10	 x13:0x7f800000 x10:0x00000581 x22=0x000002bd
      56125.000 ns	      5611	80001628	016857b3	srl	x15,x16,x22	 x16:0xfffff8e7 x22:0x1010b588 x15=0x00000007
      56135.000 ns	      5612	8000162c	01af3633	sltu	x12,x30,x26	 x30:0x00000000 x26:0x00000000 x12=0x00000000
      56155.000 ns	      5614	80001630	e00305d3	fmv.x.w	x11,f6	  f6:0x80000000 x11=0x80000000
      56175.000 ns	      5616	80001634	007269b3	or	x19,x4,x7	  x4:0x00000000  x7:0x00000001 x19=0x00000001
      56185.000 ns	      5617	80001638	40640a33	sub	x20,x8,x6	  x8:0x7fffffff  x6:0x00000000 x20=0x7fffffff
      56195.000 ns	      5618	8000163c	404e8c33	sub	x24,x29,x4	 x29:0x00000000  x4:0x00000000 x24=0x00000000
      56215.000 ns	      5620	80001640	20e4aad3	fsgnjx.s	f21,f9,f14	  f9:0x4f000000 f14:0x80000000 f21=0xcf000000
      56235.000 ns	      5622	80001644	00e5b733	sltu	x14,x11,x14	 x11:0x80000000 x14:0x00000000 x14=0x00000000
      56255.000 ns	      5624	80001648	c00c76d3	fcvt.w.s	x13,f24	 f24:0x40000000 x13=0x00000002
      56275.000 ns	      5626	8000164c	0143ea33	or	x20,x7,x20	  x7:0x00000001 x20:0x7fffffff x20=0x7fffffff
      56295.000 ns	      5628	80001650	d01f9d53	fcvt.s.wu	f26,x31	 x31:0x80041024 f26=0x4f000410
      56315.000 ns	      5630	80001654	edc7b937	lui	x18,0xedc7b	 x18=0xedc7b000
      56355.000 ns	      5634	80001658	08a8f653	fsub.s	f12,f17,f10	 f17:0x7fc00000 f10:0xcf863fff f12=0x7fc00000
      56375.000 ns	      5636	8000165c	018c48b3	xor	x17,x24,x24	 x24:0x00000000 x24:0x00000000 x17=0x00000000
      56395.000 ns	      5638	80001660	294491d3	fmax.s	f3,f9,f20	  f9:0x4f000000 f20:0x00000000  f3=0x4f000000
      56415.000 ns	      5640	80001664	40030133	sub	x2,x6,x0	  x6:0x00000000  x0:0x00000000  x2=0x00000000
      56435.000 ns	      5642	80001668	026dda33	divu	x20,x27,x6	 x27:0x00000000  x6:0x00000000 x20=0xffffffff
      56465.000 ns	      5645	8000166c	038343b3	div	x7,x6,x24	  x6:0x00000000 x24:0x00000000  x7=0xffffffff
      56485.000 ns	      5647	80001670	41cfd793	srai	x15,x31,0x1c	 x31:0x80041024 x15=0xfffffff8
      56505.000 ns	      5649	80001674	033a8bb3	mul	x23,x21,x19	 x21:0x00000000 x19:0x00000001 x23=0x00000000
      56845.000 ns	      5683	80001678	1885fad3	fdiv.s	f21,f11,f8	 f11:0x7d48d635  f8:0x4f800000 f21=0x6cc8d636
      56865.000 ns	      5685	8000167c	01bcfdb3	and	x27,x25,x27	 x25:0x00000040 x27:0x00000000 x27=0x00000000
      56875.000 ns	      5686	80001680	e900cd93	xori	x27,x1,-368	  x1:0x00000000 x27=0xfffffe90
      56885.000 ns	      5687	80001684	01572c33	slt	x24,x14,x21	 x14:0x00000000 x21:0x00000000 x24=0x00000000
      56905.000 ns	      5689	80001688	219f9653	fsgnjn.s	f12,f31,f25	 f31:0x00000000 f25:0x00000000 f12=0x80000000
      56935.000 ns	      5692	8000168c	c00145d3	fcvt.w.s	x11,f2	  f2:0x7f800000 x11=0x7fffffff
      56965.000 ns	      5695	80001690	f0008c53	fmv.w.x	f24,x1	  x1:0x00000000 f24=0x00000000
      56985.000 ns	      5697	80001694	01fb0433	add	x8,x22,x31	 x22:0x000002bd x31:0x80041024  x8=0x800412e1
      57005.000 ns	      5699	80001698	a12a0753	fle.s	x14,f20,f18	 f20:0x00000000 f18:0x00000000 x14=0x00000001
      57025.000 ns	      5701	8000169c	41480cb3	sub	x25,x16,x20	 x16:0xfffff8e7 x20:0xffffffff x25=0xfffff8e8
      57065.000 ns	      5705	800016a0	08c47553	fsub.s	f10,f8,f12	  f8:0x4f800000 f12:0x80000000 f10=0x4f800000
      57085.000 ns	      5707	800016a4	58edf037	lui	x0,0x58edf	
      57105.000 ns	      5709	800016a8	f00501d3	fmv.w.x	f3,x10	 x10:0x00000581  f3=0x00000581
      57125.000 ns	      5711	800016ac	911e6913	ori	x18,x28,-1775	 x28:0x99b1d600 x18=0xffffff11
      57135.000 ns	      5712	800016b0	7ddeeb93	ori	x23,x29,2013	 x29:0x00000000 x23=0x000007dd
      57165.000 ns	      5715	800016b4	580a72d3	fsqrt.s	f5,f20	 f20:0x00000000  f5=0x00000000
      57195.000 ns	      5718	800016b8	03a9d133	divu	x2,x19,x26	 x19:0x00000001 x26:0x00000000  x2=0xffffffff
      57225.000 ns	      5721	800016bc	e00d13d3	fclass.s	x7,f26	 f26:0x4f000410  x7=0x00000040
      57245.000 ns	      5723	800016c0	405689b3	sub	x19,x13,x5	 x13:0x00000002  x5:0xf0d585cf x19=0x0f2a7a33
      57255.000 ns	      5724	800016c4	dcf3ea93	ori	x21,x7,-561	  x7:0x00000040 x21=0xfffffdcf
      57265.000 ns	      5725	800016c8	81582193	slti	x3,x16,-2027	 x16:0xfffff8e7  x3=0x00000000
      57285.000 ns	      5727	800016cc	02c676b3	remu	x13,x12,x12	 x12:0x00000000 x12:0x00000000 x13=0x00000000
      57315.000 ns	      5730	800016d0	c0007e53	fcvt.w.s	x28,f0	  f0:0x80000000 x28=0x00000000
      57335.000 ns	      5732	800016d4	40828b33	sub	x22,x5,x8	  x5:0xf0d585cf  x8:0x800412e1 x22=0x70d172ee
      57355.000 ns	      5734	800016d8	038ee133	rem	x2,x29,x24	 x29:0x00000000 x24:0x00000000  x2=0x00000000
      57375.000 ns	      5736	800016dc	000c6e33	or	x28,x24,x0	 x24:0x00000000  x0:0x00000000 x28=0x00000000
      57385.000 ns	      5737	800016e0	c430f593	andi	x11,x1,-957	  x1:0x00000000 x11=0x00000000
      57395.000 ns	      5738	800016e4	6f795f17	auipc	x30,0x6f795	 x30=0xef7966e4
      57405.000 ns	      5739	800016e8	41055993	srai	x19,x10,0x10	 x10:0x00000581 x19=0x00000000
      57425.000 ns	      5741	800016ec	e00505d3	fmv.x.w	x11,f10	 f10:0x4f800000 x11=0x4f800000
      57455.000 ns	      5744	800016f0	03ad0533	mul	x10,x26,x26	 x26:0x00000000 x26:0x00000000 x10=0x00000000
      57485.000 ns	      5747	800016f4	03a55533	divu	x10,x10,x26	 x10:0x00000581 x26:0x00000000 x10=0xffffffff
      57535.000 ns	      5752	800016f8	09aaf4d3	fsub.s	f9,f21,f26	 f21:0x6cc8d636 f26:0x4f000410  f9=0x6cc8d636
      57565.000 ns	      5755	800016fc	c01373d3	fcvt.wu.s	x7,f6	  f6:0x80000000  x7=0x00000000
      57595.000 ns	      5758	80001700	e0028253	fmv.x.w	x4,f5	  f5:0x00000000  x4=0x00000000
      57625.000 ns	      5761	80001704	f00c8653	fmv.w.x	f12,x25	 x25:0xfffff8e8 f12=0xfffff8e8
      57655.000 ns	      5764	80001708	e00e17d3	fclass.s	x15,f28	 f28:0x7f800000 x15=0x00000080
      57675.000 ns	      5766	8000170c	0039dc33	srl	x24,x19,x3	 x19:0x00000000  x3:0x00000000 x24=0x00000000
      57685.000 ns	      5767	80001710	013d1a33	sll	x20,x26,x19	 x26:0x00000000 x19:0x00000000 x20=0x00000000
      57695.000 ns	      5768	80001714	e61d4393	xori	x7,x26,-415	 x26:0x00000000  x7=0xfffffe61
      57705.000 ns	      5769	80001718	01ef9513	slli	x10,x31,0x1e	 x31:0x80041024 x10=0x00000000
      57715.000 ns	      5770	8000171c	aede7093	andi	x1,x28,-1299	 x28:0x00000000  x1=0x00000000
      57735.000 ns	      5772	80001720	21be11d3	fsgnjn.s	f3,f28,f27	 f28:0x7f800000 f27:0x00000000  f3=0xff800000
      57755.000 ns	      5774	80001724	018abab3	sltu	x21,x21,x24	 x21:0xfffffdcf x24:0x00000000 x21=0x00000000
      57775.000 ns	      5776	80001728	a13a01d3	fle.s	x3,f20,f19	 f20:0x00000000 f19:0x00000000  x3=0x00000001
      57805.000 ns	      5779	8000172c	e00719d3	fclass.s	x19,f14	 f14:0x80000000 x19=0x00000008
      58175.000 ns	      5816	80001730	03325c33	divu	x24,x4,x19	  x4:0x00000000 x19:0x00000000 x24=0x00000000
      58545.000 ns	      5853	80001734	03f7e3b3	rem	x7,x15,x31	 x15:0x00000080 x31:0x80041024  x7=0x00000080
      58565.000 ns	      5855	80001738	00a6a433	slt	x8,x13,x10	 x13:0x00000000 x10:0x00000000  x8=0x00000000
      58585.000 ns	      5857	8000173c	e00c1cd3	fclass.s	x25,f24	 f24:0x00000000 x25=0x00000010
      58615.000 ns	      5860	80001740	f00b04d3	fmv.w.x	f9,x22	 x22:0x70d172ee  f9=0x70d172ee
      58645.000 ns	      5863	80001744	033dbe33	mulhu	x28,x27,x19	 x27:0xfffffe90 x19:0x00000008 x28=0x00000007
      58695.000 ns	      5868	80001748	01037e53	fadd.s	f28,f6,f16	  f6:0x80000000 f16:0x7f800000 f28=0x7f800000
      58725.000 ns	      5871	8000174c	a0ea19d3	flt.s	x19,f20,f14	 f20:0x00000000 f14:0x80000000 x19=0x00000000
      58745.000 ns	      5873	80001750	53ef7d13	andi	x26,x30,1342	 x30:0xef7966e4 x26=0x00000424
      58765.000 ns	      5875	80001754	d01934d3	fcvt.s.wu	f9,x18	 x18:0xffffff11  f9=0x4f800000
      58795.000 ns	      5878	80001758	0252b033	mulhu	x0,x5,x5	  x5:0xf0d585cf  x5:0xf0d585cf
      58815.000 ns	      5880	8000175c	004869b3	or	x19,x16,x4	 x16:0xfffff8e7  x4:0x00000000 x19=0xfffff8e7
      59175.000 ns	      5916	80001760	0301d933	divu	x18,x3,x16	  x3:0x00000001 x16:0xfffff8e7 x18=0x00000000
      59195.000 ns	      5918	80001764	003527b3	slt	x15,x10,x3	 x10:0x00000000  x3:0x00000001 x15=0x00000001
      59555.000 ns	      5954	80001768	03fa6133	rem	x2,x20,x31	 x20:0x00000000 x31:0x80041024  x2=0x00000000
      59585.000 ns	      5957	8000176c	02d89db3	mulh	x27,x17,x13	 x17:0x00000000 x13:0x00000000 x27=0x00000000
      59615.000 ns	      5960	80001770	20962dd3	fsgnjx.s	f27,f12,f9	 f12:0xfffff8e8  f9:0x4f800000 f27=0xfffff8e8
      59635.000 ns	      5962	80001774	671e7513	andi	x10,x28,1649	 x28:0x00000007 x10=0x00000001
      59655.000 ns	      5964	80001778	03218233	mul	x4,x3,x18	  x3:0x00000001 x18:0x00000000  x4=0x00000000
      59675.000 ns	      5966	8000177c	005a3f33	sltu	x30,x20,x5	 x20:0x00000000  x5:0xf0d585cf x30=0x00000001
      59695.000 ns	      5968	80001780	a0292753	feq.s	x14,f18,f2	 f18:0x00000000  f2:0x7f800000 x14=0x00000000
      59725.000 ns	      5971	80001784	21371bd3	fsgnjn.s	f23,f14,f19	 f14:0x80000000 f19:0x00000000 f23=0x80000000
      59755.000 ns	      5974	80001788	d0054cd3	fcvt.s.w	f25,x10	 x10:0x00000001 f25=0x3f800000
      59775.000 ns	      5976	8000178c	01d85d33	srl	x26,x16,x29	 x16:0xfffff8e7 x29:0x00000000 x26=0xfffff8e7
      59795.000 ns	      5978	80001790	a1d3ad53	feq.s	x26,f7,f29	  f7:0x38a05596 f29:0x00000000 x26=0x00000000
      59815.000 ns	      5980	80001794	415b5413	srai	x8,x22,0x15	 x22:0x70d172ee  x8=0x00000386
      59845.000 ns	      5983	80001798	191cf5d3	fdiv.s	f11,f25,f17	 f25:0x3f800000 f17:0x7fc00000 f11=0x7fc00000
      59865.000 ns	      5985	8000179c	01feb9b3	sltu	x19,x29,x31	 x29:0x00000000 x31:0x80041024 x19=0x00000001
      59875.000 ns	      5986	800017a0	4f60da97	auipc	x21,0x4f60d	 x21=0xcf60e7a0
      59885.000 ns	      5987	800017a4	c2f133b7	lui	x7,0xc2f13	  x7=0xc2f13000
      59905.000 ns	      5989	800017a8	c01c7053	fcvt.wu.s	x0,f24	 f24:0x00000000
      59935.000 ns	      5992	800017ac	20cca253	fsgnjx.s	f4,f25,f12	 f25:0x3f800000 f12:0xfffff8e8  f4=0xbf800000
      59955.000 ns	      5994	800017b0	40378933	sub	x18,x15,x3	 x15:0x00000001  x3:0x00000001 x18=0x00000000
      59965.000 ns	      5995	800017b4	0034c833	xor	x16,x9,x3	  x9:0x80040fe4  x3:0x00000001 x16=0x80040fe5
      60325.000 ns	      6031	800017b8	03f4e0b3	rem	x1,x9,x31	  x9:0x80040fe4 x31:0x80041024  x1=0xffffffc0
      60355.000 ns	      6034	800017bc	0207a933	mulhsu	x18,x15,x0	 x15:0x00000001  x0:0x00000000 x18=0x00000000
      60385.000 ns	      6037	800017c0	03991333	mulh	x6,x18,x25	 x18:0x00000000 x25:0x00000010  x6=0x00000000
      60415.000 ns	      6040	800017c4	028e8133	mul	x2,x29,x8	 x29:0x00000000  x8:0x00000386  x2=0x00000000
      60445.000 ns	      6043	800017c8	0249c6b3	div	x13,x19,x4	 x19:0x00000001  x4:0x00000000 x13=0xffffffff
      60495.000 ns	      6048	800017cc	0840fcd3	fsub.s	f25,f1,f4	  f1:0xb8a05596  f4:0xbf800000 f25=0x3f7ffafc
      60865.000 ns	      6085	800017d0	025775b3	remu	x11,x14,x5	 x14:0x00000000  x5:0xf0d585cf x11=0x00000000
      60895.000 ns	      6088	800017d4	d007fc53	fcvt.s.w	f24,x15	 x15:0x00000001 f24=0x3f800000
      60925.000 ns	      6091	800017d8	a18b0353	fle.s	x6,f22,f24	 f22:0xcf863fff f24:0x00000000  x6=0x00000001
      60945.000 ns	      6093	800017dc	009b0e33	add	x28,x22,x9	 x22:0x70d172ee  x9:0x80040fe4 x28=0xf0d582d2
      60955.000 ns	      6094	800017e0	f8036a17	auipc	x20,0xf8036	 x20=0x780377e0
      60985.000 ns	      6097	800017e4	58021cd3	fsqrt.s	f25,f4	  f4:0xbf800000 f25=0x7fc00000
      61015.000 ns	      6100	800017e8	284991d3	fmax.s	f3,f19,f4	 f19:0x00000000  f4:0xbf800000  f3=0x00000000
      61035.000 ns	      6102	800017ec	00751193	slli	x3,x10,0x7	 x10:0x00000001  x3=0x00000080
      61065.000 ns	      6105	800017f0	1006aed3	fmul.s	f29,f13,f0	 f13:0x00000000  f0:0x80000000 f29=0x80000000
      61095.000 ns	      6108	800017f4	02c7a433	mulhsu	x8,x15,x12	 x15:0x00000001 x12:0x00000000  x8=0x00000000
      61125.000 ns	      6111	800017f8	02a48433	mul	x8,x9,x10	  x9:0x80040fe4 x10:0x00000001  x8=0x80040fe4
      61145.000 ns	      6113	800017fc	00000013	addi	x0,x0,0	  x0:0x00000000
      61505.000 ns	      6149	80001800	03084f33	div	x30,x16,x16	 x16:0x80040fe5 x16:0x80040fe5 x30=0x00000001
      61525.000 ns	      6151	80001804	01a55a13	srli	x20,x10,0x1a	 x10:0x00000001 x20=0x00000000
      61535.000 ns	      6152	80001808	40f7d913	srai	x18,x15,0xf	 x15:0x00000001 x18=0x00000000
      61565.000 ns	      6155	8000180c	19f5fbd3	fdiv.s	f23,f11,f31	 f11:0x7fc00000 f31:0x00000000 f23=0x7fc00000
      61615.000 ns	      6160	80001810	01211bd3	fadd.s	f23,f2,f18	  f2:0x7f800000 f18:0x00000000 f23=0x7f800000
      61645.000 ns	      6163	80001814	296103d3	fmin.s	f7,f2,f22	  f2:0x7f800000 f22:0xcf863fff  f7=0xcf863fff
      61695.000 ns	      6168	80001818	09df2cd3	fsub.s	f25,f30,f29	 f30:0x50000000 f29:0x80000000 f25=0x50000000
      61725.000 ns	      6171	8000181c	02bfdb33	divu	x22,x31,x11	 x31:0x80041024 x11:0x00000000 x22=0xffffffff
      61745.000 ns	      6173	80001820	00759433	sll	x8,x11,x7	 x11:0x00000000  x7:0xc2f13000  x8=0x00000000
      61755.000 ns	      6174	80001824	40e5da33	sra	x20,x11,x14	 x11:0x00000000 x14:0x00000000 x20=0x00000000
      61775.000 ns	      6176	80001828	d01bfcd3	fcvt.s.wu	f25,x23	 x23:0x000007dd f25=0x44fba000
      61795.000 ns	      6178	8000182c	f8ca0437	lui	x8,0xf8ca0	  x8=0xf8ca0000
      61815.000 ns	      6180	80001830	a166a1d3	feq.s	x3,f13,f22	 f13:0x00000000 f22:0xcf863fff  x3=0x00000000
      61835.000 ns	      6182	80001834	0b997f13	andi	x30,x18,185	 x18:0x00000000 x30=0x00000000
      61845.000 ns	      6183	80001838	008a67b3	or	x15,x20,x8	 x20:0x00000000  x8:0xf8ca0000 x15=0xf8ca0000
      61865.000 ns	      6185	8000183c	03a808b3	mul	x17,x16,x26	 x16:0x80040fe5 x26:0x00000000 x17=0x00000000
      61885.000 ns	      6187	80001840	00000013	addi	x0,x0,0	  x0:0x00000000
      61895.000 ns	      6188	80001844	007858b3	srl	x17,x16,x7	 x16:0x80040fe5  x7:0xc2f13000 x17=0x80040fe5
      61915.000 ns	      6190	80001848	c006f153	fcvt.w.s	x2,f13	 f13:0x00000000  x2=0x00000000
      61945.000 ns	      6193	8000184c	215696d3	fsgnjn.s	f13,f13,f21	 f13:0x00000000 f21:0x6cc8d636 f13=0x80000000
      61975.000 ns	      6196	80001850	e00d8d53	fmv.x.w	x26,f27	 f27:0xfffff8e8 x26=0xfffff8e8
      61995.000 ns	      6198	80001854	13143413	sltiu	x8,x8,305	  x8:0xf8ca0000  x8=0x00000000
      62005.000 ns	      6199	80001858	a063ae37	lui	x28,0xa063a	 x28=0xa063a000
      62015.000 ns	      6200	8000185c	0ab376b7	lui	x13,0xab37	 x13=0x0ab37000
      62025.000 ns	      6201	80001860	01774233	xor	x4,x14,x23	 x14:0x00000000 x23:0x000007dd  x4=0x000007dd
      62045.000 ns	      6203	80001864	f0000b53	fmv.w.x	f22,x0	  x0:0x00000000 f22=0x00000000
      62075.000 ns	      6206	80001868	29e68353	fmin.s	f6,f13,f30	 f13:0x80000000 f30:0x50000000  f6=0x80000000
      62095.000 ns	      6208	8000186c	008a0233	add	x4,x20,x8	 x20:0x00000000  x8:0x00000000  x4=0x00000000
      62115.000 ns	      6210	80001870	21f49253	fsgnjn.s	f4,f9,f31	  f9:0x4f800000 f31:0x00000000  f4=0xcf800000
      62135.000 ns	      6212	80001874	00a25993	srli	x19,x4,0xa	  x4:0x000007dd x19=0x00000000
      62145.000 ns	      6213	80001878	673db613	sltiu	x12,x27,1651	 x27:0x00000000 x12=0x00000001
      62155.000 ns	      6214	8000187c	450b9817	auipc	x16,0x450b9	 x16=0xc50ba87c
      62165.000 ns	      6215	80001880	01bbd8b3	srl	x17,x23,x27	 x23:0x000007dd x27:0x00000000 x17=0x000007dd
      62175.000 ns	      6216	80001884	796a4b93	xori	x23,x20,1942	 x20:0x00000000 x23=0x00000796
      62195.000 ns	      6218	80001888	a1c91a53	flt.s	x20,f18,f28	 f18:0x00000000 f28:0x7f800000 x20=0x00000001
      62225.000 ns	      6221	8000188c	20b504d3	fsgnj.s	f9,f10,f11	 f10:0x4f800000 f11:0x7fc00000  f9=0x4f800000
      62265.000 ns	      6225	80001890	580a4453	fsqrt.s	f8,f20	 f20:0x00000000  f8=0x00000000
      62295.000 ns	      6228	80001894	02b55033	divu	x0,x10,x11	 x10:0x00000001 x11:0x00000000
      62315.000 ns	      6230	80001898	01ffdd13	srli	x26,x31,0x1f	 x31:0x80041024 x26=0x00000001
      62335.000 ns	      6232	8000189c	a0622cd3	feq.s	x25,f4,f6	  f4:0xcf800000  f6:0x80000000 x25=0x00000000
      62365.000 ns	      6235	800018a0	a07e99d3	flt.s	x19,f29,f7	 f29:0x80000000  f7:0xcf863fff x19=0x00000000
      62705.000 ns	      6269	800018a4	19a23353	fdiv.s	f6,f4,f26	  f4:0xcf800000 f26:0x4f000410  f6=0xbf800000
      63075.000 ns	      6306	800018a8	02c263b3	rem	x7,x4,x12	  x4:0x00000000 x12:0x00000001  x7=0x00000000
      63095.000 ns	      6308	800018ac	fd592213	slti	x4,x18,-43	 x18:0x00000000  x4=0x00000000
      63115.000 ns	      6310	800018b0	280e0fd3	fmin.s	f31,f28,f0	 f28:0x7f800000  f0:0x80000000 f31=0x80000000
      63135.000 ns	      6312	800018b4	0094d613	srli	x12,x9,0x9	  x9:0x80040fe4 x12=0x00400207
      63155.000 ns	      6314	800018b8	a1791553	flt.s	x10,f18,f23	 f18:0x00000000 f23:0x7f800000 x10=0x00000001
      63175.000 ns	      6316	800018bc	003f60b3	or	x1,x30,x3	 x30:0x00000000  x3:0x00000000  x1=0x00000000
      63185.000 ns	      6317	800018c0	007090b3	sll	x1,x1,x7	  x1:0xffffffc0  x7:0x00000000  x1=0x00000000
      63205.000 ns	      6319	800018c4	28d19cd3	fmax.s	f25,f3,f13	  f3:0x00000000 f13:0x80000000 f25=0x00000000
      63235.000 ns	      6322	800018c8	02efac33	mulhsu	x24,x31,x14	 x31:0x80041024 x14:0x00000000 x24=0x00000000
      63265.000 ns	      6325	800018cc	29e513d3	fmax.s	f7,f10,f30	 f10:0x4f800000 f30:0x50000000  f7=0x50000000
      63285.000 ns	      6327	800018d0	004a3133	sltu	x2,x20,x4	 x20:0x00000001  x4:0x00000000  x2=0x00000000
      63305.000 ns	      6329	800018d4	02573933	mulhu	x18,x14,x5	 x14:0x00000000  x5:0xf0d585cf x18=0x00000000
      63325.000 ns	      6331	800018d8	006041b3	xor	x3,x0,x6	  x0:0x00000000  x6:0x00000001  x3=0x00000001
      63345.000 ns	      6333	800018dc	296b04d3	fmin.s	f9,f22,f22	 f22:0x00000000 f22:0x00000000  f9=0x00000000
      63375.000 ns	      6336	800018e0	c0024253	fcvt.w.s	x4,f4	  f4:0xcf800000  x4=0x80000000
      63405.000 ns	      6339	800018e4	03603033	mulhu	x0,x0,x22	  x0:0x00000000 x22:0xffffffff
      63435.000 ns	      6342	800018e8	033fdcb3	divu	x25,x31,x19	 x31:0x80041024 x19:0x00000000 x25=0xffffffff
      63465.000 ns	      6345	800018ec	c0127053	fcvt.wu.s	x0,f4	  f4:0xcf800000
      64645.000 ns	      6463	800018f0	5803ca53	fsqrt.s	f20,f7	  f7:0x50000000 f20=0x47350482
      64665.000 ns	      6465	800018f4	01688e33	add	x28,x17,x22	 x17:0x000007dd x22:0xffffffff x28=0x000007dc
      64685.000 ns	      6467	800018f8	d0157cd3	fcvt.s.wu	f25,x10	 x10:0x00000001 f25=0x3f800000
      64705.000 ns	      6469	800018fc	013d9cb3	sll	x25,x27,x19	 x27:0x00000000 x19:0x00000000 x25=0x00000000
      64725.000 ns	      6471	80001900	20399553	fsgnjn.s	f10,f19,f3	 f19:0x00000000  f3:0x00000000 f10=0x80000000
      64755.000 ns	      6474	80001904	e00f8c53	fmv.x.w	x24,f31	 f31:0x80000000 x24=0x80000000
      64785.000 ns	      6477	80001908	20db28d3	fsgnjx.s	f17,f22,f13	 f22:0x00000000 f13:0x80000000 f17=0x80000000
      65155.000 ns	      6514	8000190c	026b40b3	div	x1,x22,x6	 x22:0xffffffff  x6:0x00000001  x1=0xffffffff
      65185.000 ns	      6517	80001910	21d914d3	fsgnjn.s	f9,f18,f29	 f18:0x00000000 f29:0x80000000  f9=0x00000000
      65205.000 ns	      6519	80001914	407cde13	srai	x28,x25,0x7	 x25:0x00000000 x28=0x00000000
      65225.000 ns	      6521	80001918	0206b533	mulhu	x10,x13,x0	 x13:0x0ab37000  x0:0x00000000 x10=0x00000000
      65245.000 ns	      6523	8000191c	7b2a5e97	auipc	x29,0x7b2a5	 x29=0xfb2a691c
      65605.000 ns	      6559	80001920	034cc5b3	div	x11,x25,x20	 x25:0x00000000 x20:0x00000001 x11=0x00000000
      65635.000 ns	      6562	80001924	c0047a53	fcvt.w.s	x20,f8	  f8:0x00000000 x20=0x00000000
      65655.000 ns	      6564	80001928	5d0fe913	ori	x18,x31,1488	 x31:0x80041024 x18=0x800415f4
      65665.000 ns	      6565	8000192c	013a1413	slli	x8,x20,0x13	 x20:0x00000000  x8=0x00000000
      65695.000 ns	      6568	80001930	19da9253	fdiv.s	f4,f21,f29	 f21:0x6cc8d636 f29:0x80000000  f4=0xff800000
      65725.000 ns	      6571	80001934	0208e833	rem	x16,x17,x0	 x17:0x000007dd  x0:0x00000000 x16=0x000007dd
      66095.000 ns	      6608	80001938	03a5c6b3	div	x13,x11,x26	 x11:0x00000000 x26:0x00000001 x13=0x00000000
      66125.000 ns	      6611	8000193c	020c2ab3	mulhsu	x21,x24,x0	 x24:0x80000000  x0:0x00000000 x21=0x00000000
      66145.000 ns	      6613	80001940	0074e0b3	or	x1,x9,x7	  x9:0x80040fe4  x7:0x00000000  x1=0x80040fe4
      66165.000 ns	      6615	80001944	03e83433	mulhu	x8,x16,x30	 x16:0x000007dd x30:0x00000000  x8=0x00000000
      66185.000 ns	      6617	80001948	ac138893	addi	x17,x7,-1343	  x7:0x00000000 x17=0xfffffac1
      66205.000 ns	      6619	8000194c	d0159fd3	fcvt.s.wu	f31,x11	 x11:0x00000000 f31=0x00000000
      66235.000 ns	      6622	80001950	02731633	mulh	x12,x6,x7	  x6:0x00000001  x7:0x00000000 x12=0x00000000
      66265.000 ns	      6625	80001954	03492d33	mulhsu	x26,x18,x20	 x18:0x800415f4 x20:0x00000000 x26=0x00000000
      66285.000 ns	      6627	80001958	00a85333	srl	x6,x16,x10	 x16:0x000007dd x10:0x00000000  x6=0x000007dd
      66305.000 ns	      6629	8000195c	c01efa53	fcvt.wu.s	x20,f29	 f29:0x80000000 x20=0x00000000
      66325.000 ns	      6631	80001960	00000013	addi	x0,x0,0	  x0:0x00000000
      66345.000 ns	      6633	80001964	a0cf8b53	fle.s	x22,f31,f12	 f31:0x00000000 f12:0xfffff8e8 x22=0x00000000
      66365.000 ns	      6635	80001968	00a5b7b3	sltu	x15,x11,x10	 x11:0x00000000 x10:0x00000000 x15=0x00000000
      66395.000 ns	      6638	8000196c	11d37053	fmul.s	f0,f6,f29	  f6:0xbf800000 f29:0x80000000  f0=0x00000000
      66425.000 ns	      6641	80001970	02cacd33	div	x26,x21,x12	 x21:0x00000000 x12:0x00000000 x26=0xffffffff
      66445.000 ns	      6643	80001974	416e5533	sra	x10,x28,x22	 x28:0x00000000 x22:0x00000000 x10=0x00000000
      66465.000 ns	      6645	80001978	02c510b3	mulh	x1,x10,x12	 x10:0x00000000 x12:0x00000000  x1=0x00000000
      66485.000 ns	      6647	8000197c	40180233	sub	x4,x16,x1	 x16:0x000007dd  x1:0x80040fe4  x4=0x000007dd
      66505.000 ns	      6649	80001980	e00d06d3	fmv.x.w	x13,f26	 f26:0x4f000410 x13=0x4f000410
      66525.000 ns	      6651	80001984	00538833	add	x16,x7,x5	  x7:0x00000000  x5:0xf0d585cf x16=0xf0d585cf
      66555.000 ns	      6654	80001988	11c9f153	fmul.s	f2,f19,f28	 f19:0x00000000 f28:0x7f800000  f2=0x7fc00000
      66585.000 ns	      6657	8000198c	289a8453	fmin.s	f8,f21,f9	 f21:0x6cc8d636  f9:0x00000000  f8=0x00000000
      66625.000 ns	      6661	80001990	115e4cd3	fmul.s	f25,f28,f21	 f28:0x7f800000 f21:0x6cc8d636 f25=0x7f800000
      66645.000 ns	      6663	80001994	01415833	srl	x16,x2,x20	  x2:0x00000000 x20:0x00000000 x16=0x00000000
      66665.000 ns	      6665	80001998	207e16d3	fsgnjn.s	f13,f28,f7	 f28:0x7f800000  f7:0x50000000 f13=0xff800000
      66685.000 ns	      6667	8000199c	7ed8b997	auipc	x19,0x7ed8b	 x19=0xfed8c99c
      66695.000 ns	      6668	800019a0	01852bb3	slt	x23,x10,x24	 x10:0x00000000 x24:0x80000000 x23=0x00000000
      66705.000 ns	      6669	800019a4	00875093	srli	x1,x14,0x8	 x14:0x00000000  x1=0x00000000
      66725.000 ns	      6671	800019a8	21c013d3	fsgnjn.s	f7,f0,f28	  f0:0x00000000 f28:0x7f800000  f7=0x80000000
      66755.000 ns	      6674	800019ac	f00e8153	fmv.w.x	f2,x29	 x29:0xfb2a691c  f2=0xfb2a691c
      66785.000 ns	      6677	800019b0	02ee7133	remu	x2,x28,x14	 x28:0x00000000 x14:0x00000000  x2=0x00000000
      66805.000 ns	      6679	800019b4	4bb3b237	lui	x4,0x4bb3b	  x4=0x4bb3b000
      66815.000 ns	      6680	800019b8	04a70013	addi	x0,x14,74	 x14:0x00000000
      66825.000 ns	      6681	800019bc	0cc82f13	slti	x30,x16,204	 x16:0x00000000 x30=0x00000001
      66835.000 ns	      6682	800019c0	72430d37	lui	x26,0x72430	 x26=0x72430000
      66845.000 ns	      6683	800019c4	f8b5fb13	andi	x22,x11,-117	 x11:0x00000000 x22=0x00000000
      66855.000 ns	      6684	800019c8	22bf6c93	ori	x25,x30,555	 x30:0x00000001 x25=0x0000022b
      66875.000 ns	      6686	800019cc	a1c6aa53	feq.s	x20,f13,f28	 f13:0xff800000 f28:0x7f800000 x20=0x00000000
      66895.000 ns	      6688	800019d0	7b2ebd37	lui	x26,0x7b2eb	 x26=0x7b2eb000
      66905.000 ns	      6689	800019d4	005e5333	srl	x6,x28,x5	 x28:0x00000000  x5:0xf0d585cf  x6=0x00000000
      66915.000 ns	      6690	800019d8	01d00433	add	x8,x0,x29	  x0:0x00000000 x29:0xfb2a691c  x8=0xfb2a691c
      66925.000 ns	      6691	800019dc	b9516993	ori	x19,x2,-1131	  x2:0x00000000 x19=0xfffffb95
      67285.000 ns	      6727	800019e0	0234df33	divu	x30,x9,x3	  x9:0x80040fe4  x3:0x00000001 x30=0x80040fe4
      67305.000 ns	      6729	800019e4	11572913	slti	x18,x14,277	 x14:0x00000000 x18=0x00000001
      67315.000 ns	      6730	800019e8	9558e413	ori	x8,x17,-1707	 x17:0xfffffac1  x8=0xfffffbd5
      67335.000 ns	      6732	800019ec	203497d3	fsgnjn.s	f15,f9,f3	  f9:0x00000000  f3:0x00000000 f15=0x80000000
      67365.000 ns	      6735	800019f0	03912933	mulhsu	x18,x2,x25	  x2:0x00000000 x25:0x0000022b x18=0x00000000
      67395.000 ns	      6738	800019f4	03169c33	mulh	x24,x13,x17	 x13:0x4f000410 x17:0xfffffac1 x24=0xfffffe61
      67435.000 ns	      6742	800019f8	10623c53	fmul.s	f24,f4,f6	  f4:0xff800000  f6:0xbf800000 f24=0x7f800000
      67455.000 ns	      6744	800019fc	00670033	add	x0,x14,x6	 x14:0x00000000  x6:0x00000000
      67465.000 ns	      6745	80001a00	00639313	slli	x6,x7,0x6	  x7:0x00000000  x6=0x00000000
      67475.000 ns	      6746	80001a04	00204a33	xor	x20,x0,x2	  x0:0x00000000  x2:0x00000000 x20=0x00000000
      67495.000 ns	      6748	80001a08	02069533	mulh	x10,x13,x0	 x13:0x4f000410  x0:0x00000000 x10=0x00000000
      67525.000 ns	      6751	80001a0c	a11386d3	fle.s	x13,f7,f17	  f7:0x80000000 f17:0x80000000 x13=0x00000001
      67575.000 ns	      6756	80001a10	087ff453	fsub.s	f8,f31,f7	 f31:0x00000000  f7:0x80000000  f8=0x00000000
      67945.000 ns	      6793	80001a14	031b6b33	rem	x22,x22,x17	 x22:0x00000000 x17:0xfffffac1 x22=0x00000000
      67965.000 ns	      6795	80001a18	00ab1f33	sll	x30,x22,x10	 x22:0x00000000 x10:0x00000000 x30=0x00000000
      68005.000 ns	      6799	80001a1c	092ccad3	fsub.s	f21,f25,f18	 f25:0x7f800000 f18:0x00000000 f21=0x7f800000
      68035.000 ns	      6802	80001a20	217e0cd3	fsgnj.s	f25,f28,f23	 f28:0x7f800000 f23:0x7f800000 f25=0x7f800000
      68055.000 ns	      6804	80001a24	000b9f33	sll	x30,x23,x0	 x23:0x00000000  x0:0x00000000 x30=0x00000000
      68065.000 ns	      6805	80001a28	007c4a33	xor	x20,x24,x7	 x24:0xfffffe61  x7:0x00000000 x20=0xfffffe61
      68105.000 ns	      6809	80001a2c	09cf7b53	fsub.s	f22,f30,f28	 f30:0x50000000 f28:0x7f800000 f22=0xff800000
      68475.000 ns	      6846	80001a30	0283d0b3	divu	x1,x7,x8	  x7:0x00000000  x8:0xfffffbd5  x1=0x00000000
      68495.000 ns	      6848	80001a34	00d05733	srl	x14,x0,x13	  x0:0x00000000 x13:0x00000001 x14=0x00000000
      68505.000 ns	      6849	80001a38	4066d3b3	sra	x7,x13,x6	 x13:0x00000001  x6:0x00000000  x7=0x00000001
      68525.000 ns	      6851	80001a3c	21079e53	fsgnjn.s	f28,f15,f16	 f15:0x80000000 f16:0x7f800000 f28=0x80000000
      68555.000 ns	      6854	80001a40	d00dfed3	fcvt.s.w	f29,x27	 x27:0x00000000 f29=0x00000000
      68585.000 ns	      6857	80001a44	02dd1db3	mulh	x27,x26,x13	 x26:0x7b2eb000 x13:0x00000001 x27=0x00000000
      68605.000 ns	      6859	80001a48	00879c13	slli	x24,x15,0x8	 x15:0x00000000 x24=0x00000000
      68615.000 ns	      6860	80001a4c	63d38517	auipc	x10,0x63d38	 x10=0xe3d39a4c
      68975.000 ns	      6896	80001a50	0330ea33	rem	x20,x1,x19	  x1:0x00000000 x19:0xfffffb95 x20=0x00000000
      69005.000 ns	      6899	80001a54	c006a8d3	fcvt.w.s	x17,f13	 f13:0xff800000 x17=0x80000000
      69025.000 ns	      6901	80001a58	e6c5f413	andi	x8,x11,-404	 x11:0x00000000  x8=0x00000000
      69035.000 ns	      6902	80001a5c	01039693	slli	x13,x7,0x10	  x7:0x00000001 x13=0x00010000
      69055.000 ns	      6904	80001a60	c01a75d3	fcvt.wu.s	x11,f20	 f20:0x47350482 x11=0x0000b504
      69075.000 ns	      6906	80001a64	003eda93	srli	x21,x29,0x3	 x29:0xfb2a691c x21=0x1f654d23
      69095.000 ns	      6908	80001a68	d011fb53	fcvt.s.wu	f22,x3	  x3:0x00000001 f22=0x3f800000
      69125.000 ns	      6911	80001a6c	a18bae53	feq.s	x28,f23,f24	 f23:0x7f800000 f24:0x7f800000 x28=0x00000001
      69175.000 ns	      6916	80001a70	00507753	fadd.s	f14,f0,f5	  f0:0x00000000  f5:0x00000000 f14=0x00000000
      69205.000 ns	      6919	80001a74	03056bb3	rem	x23,x10,x16	 x10:0xe3d39a4c x16:0x00000000 x23=0xe3d39a4c
      69225.000 ns	      6921	80001a78	5b503813	sltiu	x16,x0,1461	  x0:0x00000000 x16=0x00000001
      69245.000 ns	      6923	80001a7c	c010fed3	fcvt.wu.s	x29,f1	  f1:0xb8a05596 x29=0x00000000
      69295.000 ns	      6928	80001a80	01f61c53	fadd.s	f24,f12,f31	 f12:0xfffff8e8 f31:0x00000000 f24=0x7fc00000
      69315.000 ns	      6930	80001a84	599d3413	sltiu	x8,x26,1433	 x26:0x7b2eb000  x8=0x00000000
      69335.000 ns	      6932	80001a88	c0089753	fcvt.w.s	x14,f17	 f17:0x80000000 x14=0x00000000
      69365.000 ns	      6935	80001a8c	d008a7d3	fcvt.s.w	f15,x17	 x17:0x80000000 f15=0xcf000000
      69395.000 ns	      6938	80001a90	a1a787d3	fle.s	x15,f15,f26	 f15:0x80000000 f26:0x4f000410 x15=0x00000001
      69425.000 ns	      6941	80001a94	038ca5b3	mulhsu	x11,x25,x24	 x25:0x0000022b x24:0x00000000 x11=0x00000000
      69455.000 ns	      6944	80001a98	c00775d3	fcvt.w.s	x11,f14	 f14:0x00000000 x11=0x00000000
      69485.000 ns	      6947	80001a9c	d00bcdd3	fcvt.s.w	f27,x23	 x23:0xe3d39a4c f27=0xcde1632e
      69515.000 ns	      6950	80001aa0	21c09bd3	fsgnjn.s	f23,f1,f28	  f1:0xb8a05596 f28:0x80000000 f23=0x38a05596
      69545.000 ns	      6953	80001aa4	c016c653	fcvt.wu.s	x12,f13	 f13:0xff800000 x12=0x00000000
      69575.000 ns	      6956	80001aa8	03f93933	mulhu	x18,x18,x31	 x18:0x00000000 x31:0x80041024 x18=0x00000000
      69605.000 ns	      6959	80001aac	d00f2353	fcvt.s.w	f6,x30	 x30:0x00000000  f6=0x00000000
      69635.000 ns	      6962	80001ab0	026f2933	mulhsu	x18,x30,x6	 x30:0x00000000  x6:0x00000000 x18=0x00000000
      69665.000 ns	      6965	80001ab4	a1640153	fle.s	x2,f8,f22	  f8:0x00000000 f22:0x3f800000  x2=0x00000001
      69705.000 ns	      6969	80001ab8	580ca353	fsqrt.s	f6,f25	 f25:0x7f800000  f6=0x7f800000
      69755.000 ns	      6974	80001abc	083293d3	fsub.s	f7,f5,f3	  f5:0x00000000  f3:0x00000000  f7=0x80000000
      69775.000 ns	      6976	80001ac0	15adac93	slti	x25,x27,346	 x27:0x00000000 x25=0x00000001
      69795.000 ns	      6978	80001ac4	280891d3	fmax.s	f3,f17,f0	 f17:0x80000000  f0:0x00000000  f3=0x00000000
      69815.000 ns	      6980	80001ac8	41d757b3	sra	x15,x14,x29	 x14:0x00000000 x29:0x00000000 x15=0x00000000
      69825.000 ns	      6981	80001acc	01e055b3	srl	x11,x0,x30	  x0:0x00000000 x30:0x00000000 x11=0x00000000
      69845.000 ns	      6983	80001ad0	02c4d7b3	divu	x15,x9,x12	  x9:0x80040fe4 x12:0x00000000 x15=0xffffffff
      69865.000 ns	      6985	80001ad4	00e918b3	sll	x17,x18,x14	 x18:0x00000000 x14:0x00000000 x17=0x00000000
      69905.000 ns	      6989	80001ad8	081d00d3	fsub.s	f1,f26,f1	 f26:0x4f000410  f1:0xb8a05596  f1=0x4f000410
      69935.000 ns	      6992	80001adc	03f00e33	mul	x28,x0,x31	  x0:0x00000000 x31:0x80041024 x28=0x00000000
      69955.000 ns	      6994	80001ae0	00f0db93	srli	x23,x1,0xf	  x1:0x00000000 x23=0x00000000
      69965.000 ns	      6995	80001ae4	00b49413	slli	x8,x9,0xb	  x9:0x80040fe4  x8=0x207f2000
      69975.000 ns	      6996	80001ae8	0031a8b3	slt	x17,x3,x3	  x3:0x00000001  x3:0x00000001 x17=0x00000000
      69995.000 ns	      6998	80001aec	03e9b7b3	mulhu	x15,x19,x30	 x19:0xfffffb95 x30:0x00000000 x15=0x00000000
      70015.000 ns	      7000	80001af0	cc193793	sltiu	x15,x18,-831	 x18:0x00000000 x15=0x00000001
      70035.000 ns	      7002	80001af4	c01a01d3	fcvt.wu.s	x3,f20	 f20:0x47350482  x3=0x0000b505
      70065.000 ns	      7005	80001af8	206d96d3	fsgnjn.s	f13,f27,f6	 f27:0xcde1632e  f6:0x7f800000 f13=0xcde1632e
      70095.000 ns	      7008	80001afc	e00a9ed3	fclass.s	x29,f21	 f21:0x7f800000 x29=0x00000080
      70115.000 ns	      7010	80001b00	406303b3	sub	x7,x6,x6	  x6:0x00000000  x6:0x00000000  x7=0x00000000
      70135.000 ns	      7012	80001b04	f0038dd3	fmv.w.x	f27,x7	  x7:0x00000001 f27=0x00000000
      70155.000 ns	      7014	80001b08	cb7dee93	ori	x29,x27,-841	 x27:0x00000000 x29=0xfffffcb7
      70175.000 ns	      7016	80001b0c	202923d3	fsgnjx.s	f7,f18,f2	 f18:0x00000000  f2:0xfb2a691c  f7=0x80000000
      70205.000 ns	      7019	80001b10	d01ba4d3	fcvt.s.wu	f9,x23	 x23:0x00000000  f9=0x00000000
      70235.000 ns	      7022	80001b14	20ce14d3	fsgnjn.s	f9,f28,f12	 f28:0x80000000 f12:0xfffff8e8  f9=0x00000000
      70255.000 ns	      7024	80001b18	54fa4593	xori	x11,x20,1359	 x20:0x00000000 x11=0x0000054f
      70275.000 ns	      7026	80001b1c	02aaa433	mulhsu	x8,x21,x10	 x21:0x1f654d23 x10:0xe3d39a4c  x8=0x1bf0c6d0
      70295.000 ns	      7028	80001b20	01b9f3b3	and	x7,x19,x27	 x19:0xfffffb95 x27:0x00000000  x7=0x00000000
      71465.000 ns	      7145	80001b24	580b75d3	fsqrt.s	f11,f22	 f22:0x3f800000 f11=0x3f7fffae
      71485.000 ns	      7147	80001b28	017cecb3	or	x25,x25,x23	 x25:0x00000001 x23:0x00000000 x25=0x00000001
      71495.000 ns	      7148	80001b2c	01588233	add	x4,x17,x21	 x17:0x00000000 x21:0x1f654d23  x4=0x1f654d23
      71505.000 ns	      7149	80001b30	011791b3	sll	x3,x15,x17	 x15:0x00000001 x17:0x00000000  x3=0x00000001
      71515.000 ns	      7150	80001b34	5221b593	sltiu	x11,x3,1314	  x3:0x0000b505 x11=0x00000001
      71875.000 ns	      7186	80001b38	03567133	remu	x2,x12,x21	 x12:0x00000000 x21:0x1f654d23  x2=0x00000000
      71905.000 ns	      7189	80001b3c	a0ba2bd3	feq.s	x23,f20,f11	 f20:0x47350482 f11:0x3f7fffae x23=0x00000000
      71935.000 ns	      7192	80001b40	d003bfd3	fcvt.s.w	f31,x7	  x7:0x00000000 f31=0x00000000
      71965.000 ns	      7195	80001b44	29c314d3	fmax.s	f9,f6,f28	  f6:0x7f800000 f28:0x80000000  f9=0x7f800000
      71985.000 ns	      7197	80001b48	41fc5d33	sra	x26,x24,x31	 x24:0x00000000 x31:0x80041024 x26=0x00000000
      72015.000 ns	      7200	80001b4c	58044ad3	fsqrt.s	f21,f8	  f8:0x00000000 f21=0x00000000
      72035.000 ns	      7202	80001b50	9b1eef13	ori	x30,x29,-1615	 x29:0xfffffcb7 x30=0xfffffdb7
      72045.000 ns	      7203	80001b54	01719d33	sll	x26,x3,x23	  x3:0x00000001 x23:0x00000000 x26=0x00000001
      72065.000 ns	      7205	80001b58	c01ffbd3	fcvt.wu.s	x23,f31	 f31:0x00000000 x23=0x00000000
      72085.000 ns	      7207	80001b5c	efc0b813	sltiu	x16,x1,-260	  x1:0x00000000 x16=0x00000001
      72095.000 ns	      7208	80001b60	eedac013	xori	x0,x21,-275	 x21:0x1f654d23
      72105.000 ns	      7209	80001b64	01455093	srli	x1,x10,0x14	 x10:0xe3d39a4c  x1=0x00000e3d
      72115.000 ns	      7210	80001b68	924c7193	andi	x3,x24,-1756	 x24:0x00000000  x3=0x00000000
      72125.000 ns	      7211	80001b6c	41bad3b3	sra	x7,x21,x27	 x21:0x1f654d23 x27:0x00000000  x7=0x1f654d23
      72145.000 ns	      7213	80001b70	03779d33	mulh	x26,x15,x23	 x15:0x00000001 x23:0x00000000 x26=0x00000000
      72165.000 ns	      7215	80001b74	016c0933	add	x18,x24,x22	 x24:0x00000000 x22:0x00000000 x18=0x00000000
      72175.000 ns	      7216	80001b78	d79ff717	auipc	x14,0xd79ff	 x14=0x57a00b78
      72185.000 ns	      7217	80001b7c	002b5c13	srli	x24,x22,0x2	 x22:0x00000000 x24=0x00000000
      72195.000 ns	      7218	80001b80	18a8c793	xori	x15,x17,394	 x17:0x00000000 x15=0x0000018a
      72205.000 ns	      7219	80001b84	00000013	addi	x0,x0,0	  x0:0x00000000
      72215.000 ns	      7220	80001b88	af97e013	ori	x0,x15,-1287	 x15:0x00000001
      72225.000 ns	      7221	80001b8c	0150abb3	slt	x23,x1,x21	  x1:0x00000e3d x21:0x1f654d23 x23=0x00000001
      72235.000 ns	      7222	80001b90	009b97b3	sll	x15,x23,x9	 x23:0x00000000  x9:0x80040fe4 x15=0x00000010
      72255.000 ns	      7224	80001b94	a01927d3	feq.s	x15,f18,f1	 f18:0x00000000  f1:0x4f000410 x15=0x00000000
      72285.000 ns	      7227	80001b98	c0103ad3	fcvt.wu.s	x21,f0	  f0:0x00000000 x21=0x00000000
      72315.000 ns	      7230	80001b9c	a0480253	fle.s	x4,f16,f4	 f16:0x7f800000  f4:0xff800000  x4=0x00000000
      72335.000 ns	      7232	80001ba0	211ccd93	xori	x27,x25,529	 x25:0x00000001 x27=0x00000210
      72355.000 ns	      7234	80001ba4	0354b8b3	mulhu	x17,x9,x21	  x9:0x80040fe4 x21:0x00000000 x17=0x00000000
      72385.000 ns	      7237	80001ba8	a069add3	feq.s	x27,f19,f6	 f19:0x00000000  f6:0x7f800000 x27=0x00000000
      72415.000 ns	      7240	80001bac	a1a79bd3	flt.s	x23,f15,f26	 f15:0xcf000000 f26:0x4f000410 x23=0x00000001
      72435.000 ns	      7242	80001bb0	01197a33	and	x20,x18,x17	 x18:0x00000000 x17:0x00000000 x20=0x00000000
      72455.000 ns	      7244	80001bb4	03805ab3	divu	x21,x0,x24	  x0:0x00000000 x24:0x00000000 x21=0xffffffff
      72475.000 ns	      7246	80001bb8	410d0d33	sub	x26,x26,x16	 x26:0x00000000 x16:0x00000001 x26=0xffffffff
      72485.000 ns	      7247	80001bbc	00000013	addi	x0,x0,0	  x0:0x00000000
      72505.000 ns	      7249	80001bc0	c0104453	fcvt.wu.s	x8,f0	  f0:0x00000000  x8=0x00000000
      72525.000 ns	      7251	80001bc4	411cd533	sra	x10,x25,x17	 x25:0x00000001 x17:0x00000000 x10=0x00000001
      72545.000 ns	      7253	80001bc8	29da13d3	fmax.s	f7,f20,f29	 f20:0x47350482 f29:0x00000000  f7=0x47350482
      72575.000 ns	      7256	80001bcc	02a639b3	mulhu	x19,x12,x10	 x12:0x00000000 x10:0xe3d39a4c x19=0x00000000
      72605.000 ns	      7259	80001bd0	c004a553	fcvt.w.s	x10,f9	  f9:0x7f800000 x10=0x7fffffff
      72635.000 ns	      7262	80001bd4	03c51b33	mulh	x22,x10,x28	 x10:0x00000001 x28:0x00000000 x22=0x00000000
      72665.000 ns	      7265	80001bd8	29a88953	fmin.s	f18,f17,f26	 f17:0x80000000 f26:0x4f000410 f18=0x80000000
      72695.000 ns	      7268	80001bdc	e0039a53	fclass.s	x20,f7	  f7:0x47350482 x20=0x00000040
      72735.000 ns	      7272	80001be0	11effbd3	fmul.s	f23,f31,f30	 f31:0x00000000 f30:0x50000000 f23=0x00000000
      72765.000 ns	      7275	80001be4	028248b3	div	x17,x4,x8	  x4:0x00000000  x8:0x00000000 x17=0xffffffff
      72785.000 ns	      7277	80001be8	00e6dd13	srli	x26,x13,0xe	 x13:0x00010000 x26=0x00000004
      72795.000 ns	      7278	80001bec	63d0f737	lui	x14,0x63d0f	 x14=0x63d0f000
      72815.000 ns	      7280	80001bf0	28459853	fmax.s	f16,f11,f4	 f11:0x3f7fffae  f4:0xff800000 f16=0x3f7fffae
      72835.000 ns	      7282	80001bf4	1cb30093	addi	x1,x6,459	  x6:0x00000000  x1=0x000001cb
      72845.000 ns	      7283	80001bf8	a96a6e17	auipc	x28,0xa96a6	 x28=0x296a7bf8
      72855.000 ns	      7284	80001bfc	416e0e33	sub	x28,x28,x22	 x28:0x00000000 x22:0x00000000 x28=0x296a7bf8
      72875.000 ns	      7286	80001c00	218c1853	fsgnjn.s	f16,f24,f24	 f24:0x7fc00000 f24:0x7fc00000 f16=0xffc00000
      72895.000 ns	      7288	80001c04	014386b3	add	x13,x7,x20	  x7:0x1f654d23 x20:0x00000040 x13=0x1f654d63
      72915.000 ns	      7290	80001c08	a14013d3	flt.s	x7,f0,f20	  f0:0x00000000 f20:0x47350482  x7=0x00000001
      72945.000 ns	      7293	80001c0c	021d3f33	mulhu	x30,x26,x1	 x26:0x00000004  x1:0x000001cb x30=0x00000000
      72975.000 ns	      7296	80001c10	a17b9cd3	flt.s	x25,f23,f23	 f23:0x00000000 f23:0x00000000 x25=0x00000000
      73005.000 ns	      7299	80001c14	21778853	fsgnj.s	f16,f15,f23	 f15:0xcf000000 f23:0x00000000 f16=0x4f000000
      73035.000 ns	      7302	80001c18	032dfdb3	remu	x27,x27,x18	 x27:0x00000000 x18:0x00000000 x27=0x00000000
      73065.000 ns	      7305	80001c1c	a09885d3	fle.s	x11,f17,f9	 f17:0x80000000  f9:0x7f800000 x11=0x00000001
      73115.000 ns	      7310	80001c20	00ee7b53	fadd.s	f22,f28,f14	 f28:0x80000000 f14:0x00000000 f22=0x00000000
      73155.000 ns	      7314	80001c24	580af253	fsqrt.s	f4,f21	 f21:0x00000000  f4=0x00000000
      73175.000 ns	      7316	80001c28	00d2bf33	sltu	x30,x5,x13	  x5:0xf0d585cf x13:0x1f654d63 x30=0x00000000
      73185.000 ns	      7317	80001c2c	87e89db7	lui	x27,0x87e89	 x27=0x87e89000
      73195.000 ns	      7318	80001c30	00b1feb3	and	x29,x3,x11	  x3:0x00000000 x11:0x00000001 x29=0x00000000
      73205.000 ns	      7319	80001c34	78a917b7	lui	x15,0x78a91	 x15=0x78a91000
      73215.000 ns	      7320	80001c38	0056e033	or	x0,x13,x5	 x13:0x1f654d63  x5:0xf0d585cf
      73225.000 ns	      7321	80001c3c	30272b93	slti	x23,x14,770	 x14:0x63d0f000 x23=0x00000000
      73235.000 ns	      7322	80001c40	9c1c7313	andi	x6,x24,-1599	 x24:0x00000000  x6=0x00000000
      73255.000 ns	      7324	80001c44	e0000953	fmv.x.w	x18,f0	  f0:0x00000000 x18=0x00000000
      73625.000 ns	      7361	80001c48	02de5033	divu	x0,x28,x13	 x28:0x296a7bf8 x13:0x1f654d63
      73655.000 ns	      7364	80001c4c	d014f5d3	fcvt.s.wu	f11,x9	  x9:0x80040fe4 f11=0x4f00040f
      73675.000 ns	      7366	80001c50	01f49eb3	sll	x29,x9,x31	  x9:0x80040fe4 x31:0x80041024 x29=0x0040fe40
      73715.000 ns	      7370	80001c54	08f79153	fsub.s	f2,f15,f15	 f15:0xcf000000 f15:0xcf000000  f2=0x00000000
      73735.000 ns	      7372	80001c58	d059e693	ori	x13,x19,-763	 x19:0x00000000 x13=0xfffffd05
      73745.000 ns	      7373	80001c5c	527bf313	andi	x6,x23,1319	 x23:0x00000000  x6=0x00000000
      73755.000 ns	      7374	80001c60	00dd1533	sll	x10,x26,x13	 x26:0x00000004 x13:0x1f654d63 x10=0x00000080
      73765.000 ns	      7375	80001c64	00bc5d93	srli	x27,x24,0xb	 x24:0x00000000 x27=0x00000000
      73785.000 ns	      7377	80001c68	a05d9b53	flt.s	x22,f27,f5	 f27:0x00000000  f5:0x00000000 x22=0x00000000
      73805.000 ns	      7379	80001c6c	41d90e33	sub	x28,x18,x29	 x18:0x00000000 x29:0x0040fe40 x28=0xffbf01c0
      73825.000 ns	      7381	80001c70	0246d833	divu	x16,x13,x4	 x13:0xfffffd05  x4:0x00000000 x16=0xffffffff
      73845.000 ns	      7383	80001c74	a9743893	sltiu	x17,x8,-1385	  x8:0x00000000 x17=0x00000001
      73875.000 ns	      7386	80001c78	18e72053	fdiv.s	f0,f14,f14	 f14:0x00000000 f14:0x00000000  f0=0x7fc00000
      73895.000 ns	      7388	80001c7c	fbc24337	lui	x6,0xfbc24	  x6=0xfbc24000
      73905.000 ns	      7389	80001c80	01527eb3	and	x29,x4,x21	  x4:0x00000000 x21:0xffffffff x29=0x00000000
      73925.000 ns	      7391	80001c84	02a70c33	mul	x24,x14,x10	 x14:0x63d0f000 x10:0x00000080 x24=0xe8780000
      73955.000 ns	      7394	80001c88	28859ad3	fmax.s	f21,f11,f8	 f11:0x4f00040f  f8:0x00000000 f21=0x4f00040f
      73985.000 ns	      7397	80001c8c	c00ecd53	fcvt.w.s	x26,f29	 f29:0x00000000 x26=0x00000000
      74015.000 ns	      7400	80001c90	029f8a33	mul	x20,x31,x9	 x31:0x80041024  x9:0x80040fe4 x20=0x81207c10
      74045.000 ns	      7403	80001c94	d0034bd3	fcvt.s.w	f23,x6	  x6:0xfbc24000 f23=0xcc87b800
      74065.000 ns	      7405	80001c98	01f44ab3	xor	x21,x8,x31	  x8:0x00000000 x31:0x80041024 x21=0x80041024
      74085.000 ns	      7407	80001c9c	a199a753	feq.s	x14,f19,f25	 f19:0x00000000 f25:0x7f800000 x14=0x00000000
      74115.000 ns	      7410	80001ca0	d00e11d3	fcvt.s.w	f3,x28	 x28:0xffbf01c0  f3=0xca81fc80
      74135.000 ns	      7412	80001ca4	96188517	auipc	x10,0x96188	 x10=0x16189ca4
      74145.000 ns	      7413	80001ca8	0b4d2e13	slti	x28,x26,180	 x26:0x00000000 x28=0x00000001
      74155.000 ns	      7414	80001cac	987ea197	auipc	x3,0x987ea	  x3=0x187ebcac
      74165.000 ns	      7415	80001cb0	00b9f3b3	and	x7,x19,x11	 x19:0x00000000 x11:0x00000001  x7=0x00000000
      74185.000 ns	      7417	80001cb4	a12b9253	flt.s	x4,f23,f18	 f23:0xcc87b800 f18:0x80000000  x4=0x00000001
      74205.000 ns	      7419	80001cb8	1bcabd93	sltiu	x27,x21,444	 x21:0x80041024 x27=0x00000000
      74215.000 ns	      7420	80001cbc	eafee793	ori	x15,x29,-337	 x29:0x00000000 x15=0xfffffeaf
      74235.000 ns	      7422	80001cc0	e0030953	fmv.x.w	x18,f6	  f6:0x7f800000 x18=0x7f800000
      74265.000 ns	      7425	80001cc4	03669233	mulh	x4,x13,x22	 x13:0xfffffd05 x22:0x00000000  x4=0x00000000
      74315.000 ns	      7430	80001cc8	08b27153	fsub.s	f2,f4,f11	  f4:0x00000000 f11:0x4f00040f  f2=0xcf00040f
      74335.000 ns	      7432	80001ccc	00000013	addi	x0,x0,0	  x0:0x00000000
      74345.000 ns	      7433	80001cd0	ed8b3a97	auipc	x21,0xed8b3	 x21=0x6d8b4cd0
      74355.000 ns	      7434	80001cd4	002091b3	sll	x3,x1,x2	  x1:0x000001cb  x2:0x00000000  x3=0x000001cb
      74375.000 ns	      7436	80001cd8	02447533	remu	x10,x8,x4	  x8:0x00000000  x4:0x00000000 x10=0x00000000
      74415.000 ns	      7440	80001cdc	18aeaf53	fdiv.s	f30,f29,f10	 f29:0x00000000 f10:0x80000000 f30=0x7fc00000
      74465.000 ns	      7445	80001ce0	006522d3	fadd.s	f5,f10,f6	 f10:0x80000000  f6:0x7f800000  f5=0x7f800000
      74485.000 ns	      7447	80001ce4	0014a8b3	slt	x17,x9,x1	  x9:0x80040fe4  x1:0x000001cb x17=0x00000001
      74495.000 ns	      7448	80001ce8	00891eb3	sll	x29,x18,x8	 x18:0x7f800000  x8:0x00000000 x29=0x7f800000
      74515.000 ns	      7450	80001cec	209faad3	fsgnjx.s	f21,f31,f9	 f31:0x00000000  f9:0x7f800000 f21=0x00000000
      74535.000 ns	      7452	80001cf0	cf404893	xori	x17,x0,-780	  x0:0x00000000 x17=0xfffffcf4
      74545.000 ns	      7453	80001cf4	41a1dd93	srai	x27,x3,0x1a	  x3:0x000001cb x27=0x00000000
      74905.000 ns	      7489	80001cf8	02d5f933	remu	x18,x11,x13	 x11:0x00000001 x13:0xfffffd05 x18=0x00000001
      74935.000 ns	      7492	80001cfc	0278e733	rem	x14,x17,x7	 x17:0xfffffcf4  x7:0x00000000 x14=0xfffffcf4
      74955.000 ns	      7494	80001d00	f70e3b13	sltiu	x22,x28,-144	 x28:0x00000001 x22=0x00000001
      74975.000 ns	      7496	80001d04	20039c53	fsgnjn.s	f24,f7,f0	  f7:0x47350482  f0:0x7fc00000 f24=0xc7350482
      75345.000 ns	      7533	80001d08	02b96cb3	rem	x25,x18,x11	 x18:0x00000001 x11:0x00000001 x25=0x00000000
      75365.000 ns	      7535	80001d0c	70b14913	xori	x18,x2,1803	  x2:0x00000000 x18=0x0000070b
      75375.000 ns	      7536	80001d10	1692ecb7	lui	x25,0x1692e	 x25=0x1692e000
      75385.000 ns	      7537	80001d14	745f8193	addi	x3,x31,1861	 x31:0x80041024  x3=0x80041769
      75395.000 ns	      7538	80001d18	00054db3	xor	x27,x10,x0	 x10:0x00000000  x0:0x00000000 x27=0x00000000
      75755.000 ns	      7574	80001d1c	03faeeb3	rem	x29,x21,x31	 x21:0x6d8b4cd0 x31:0x80041024 x29=0x6d8b4cd0
      75775.000 ns	      7576	80001d20	6a950b13	addi	x22,x10,1705	 x10:0x00000000 x22=0x000006a9
      75795.000 ns	      7578	80001d24	e0000c53	fmv.x.w	x24,f0	  f0:0x7fc00000 x24=0x7fc00000
      75825.000 ns	      7581	80001d28	20bd1b53	fsgnjn.s	f22,f26,f11	 f26:0x4f000410 f11:0x4f00040f f22=0xcf000410
      75855.000 ns	      7584	80001d2c	c003f3d3	fcvt.w.s	x7,f7	  f7:0x47350482  x7=0x0000b504
      75875.000 ns	      7586	80001d30	9f8ff513	andi	x10,x31,-1544	 x31:0x80041024 x10=0x80041020
      75895.000 ns	      7588	80001d34	d015fd53	fcvt.s.wu	f26,x11	 x11:0x00000001 f26=0x3f800000
      76265.000 ns	      7625	80001d38	02147833	remu	x16,x8,x1	  x8:0x00000000  x1:0x000001cb x16=0x00000000
      76295.000 ns	      7628	80001d3c	c00f48d3	fcvt.w.s	x17,f30	 f30:0x7fc00000 x17=0x7fffffff
      76335.000 ns	      7632	80001d40	11ef7ad3	fmul.s	f21,f30,f30	 f30:0x7fc00000 f30:0x7fc00000 f21=0x7fc00000
      76355.000 ns	      7634	80001d44	541a2313	slti	x6,x20,1345	 x20:0x81207c10  x6=0x00000001
      76365.000 ns	      7635	80001d48	59233413	sltiu	x8,x6,1426	  x6:0xfbc24000  x8=0x00000001
      76385.000 ns	      7637	80001d4c	a00c2d53	feq.s	x26,f24,f0	 f24:0xc7350482  f0:0x7fc00000 x26=0x00000000
      76415.000 ns	      7640	80001d50	d0177ad3	fcvt.s.wu	f21,x14	 x14:0xfffffcf4 f21=0x4f7ffffc
      76455.000 ns	      7644	80001d54	58077953	fsqrt.s	f18,f14	 f14:0x00000000 f18=0x00000000
      76485.000 ns	      7647	80001d58	d0052e53	fcvt.s.w	f28,x10	 x10:0x80041020 f28=0xcefff7e0
      76535.000 ns	      7652	80001d5c	0961bcd3	fsub.s	f25,f3,f22	  f3:0xca81fc80 f22:0xcf000410 f25=0x4eff8623
      76565.000 ns	      7655	80001d60	03220733	mul	x14,x4,x18	  x4:0x00000000 x18:0x0000070b x14=0x00000000
      76585.000 ns	      7657	80001d64	01c65b93	srli	x23,x12,0x1c	 x12:0x00000000 x23=0x00000000
      76605.000 ns	      7659	80001d68	039bab33	mulhsu	x22,x23,x25	 x23:0x00000000 x25:0x1692e000 x22=0x00000000
      76635.000 ns	      7662	80001d6c	a00907d3	fle.s	x15,f18,f0	 f18:0x00000000  f0:0x7fc00000 x15=0x00000000
      76665.000 ns	      7665	80001d70	c006fe53	fcvt.w.s	x28,f13	 f13:0xcde1632e x28=0x1c2c65c0
      76695.000 ns	      7668	80001d74	29609ad3	fmax.s	f21,f1,f22	  f1:0x4f000410 f22:0xcf000410 f21=0x4f000410
      76715.000 ns	      7670	80001d78	cf445017	auipc	x0,0xcf445	
      76725.000 ns	      7671	80001d7c	22573593	sltiu	x11,x14,549	 x14:0x00000000 x11=0x00000001
      76735.000 ns	      7672	80001d80	d521b437	lui	x8,0xd521b	  x8=0xd521b000
      76755.000 ns	      7674	80001d84	02c9b733	mulhu	x14,x19,x12	 x19:0x00000000 x12:0x00000000 x14=0x00000000
      76775.000 ns	      7676	80001d88	0080adb3	slt	x27,x1,x8	  x1:0x000001cb  x8:0x00000001 x27=0x00000000
      76795.000 ns	      7678	80001d8c	2173abd3	fsgnjx.s	f23,f7,f23	  f7:0x47350482 f23:0xcc87b800 f23=0xc7350482
      76815.000 ns	      7680	80001d90	003b0c33	add	x24,x22,x3	 x22:0x00000000  x3:0x80041769 x24=0x80041769
      76845.000 ns	      7683	80001d94	11b497d3	fmul.s	f15,f9,f27	  f9:0x7f800000 f27:0x00000000 f15=0x7fc00000
      76865.000 ns	      7685	80001d98	bc672637	lui	x12,0xbc672	 x12=0xbc672000
      76875.000 ns	      7686	80001d9c	00f57bb3	and	x23,x10,x15	 x10:0x80041020 x15:0x00000000 x23=0x00000000
      76895.000 ns	      7688	80001da0	02758633	mul	x12,x11,x7	 x11:0x00000001  x7:0x0000b504 x12=0x0000b504
      76915.000 ns	      7690	80001da4	6d227c93	andi	x25,x4,1746	  x4:0x00000000 x25=0x00000000
      76935.000 ns	      7692	80001da8	c00070d3	fcvt.w.s	x1,f0	  f0:0x7fc00000  x1=0x7fffffff
      77305.000 ns	      7729	80001dac	02d24d33	div	x26,x4,x13	  x4:0x00000000 x13:0xfffffd05 x26=0x00000000
      77345.000 ns	      7733	80001db0	118cb553	fmul.s	f10,f25,f24	 f25:0x4eff8623 f24:0xc7350482 f10=0xd6b4ae56
      77365.000 ns	      7735	80001db4	1a531437	lui	x8,0x1a531	  x8=0x1a531000
      77405.000 ns	      7739	80001db8	08c5c6d3	fsub.s	f13,f11,f12	 f11:0x4f00040f f12:0xfffff8e8 f13=0x7fc00000
      77455.000 ns	      7744	80001dbc	088d3cd3	fsub.s	f25,f26,f8	 f26:0x3f800000  f8:0x00000000 f25=0x3f800000
      77475.000 ns	      7746	80001dc0	01ff8eb3	add	x29,x31,x31	 x31:0x80041024 x31:0x80041024 x29=0x00082048
      77835.000 ns	      7782	80001dc4	02c4ec33	rem	x24,x9,x12	  x9:0x80040fe4 x12:0x0000b504 x24=0xffffe3e4
      77865.000 ns	      7785	80001dc8	033f3533	mulhu	x10,x30,x19	 x30:0x00000000 x19:0x00000000 x10=0x00000000
      77895.000 ns	      7788	80001dcc	d01f77d3	fcvt.s.wu	f15,x30	 x30:0x00000000 f15=0x00000000
      77915.000 ns	      7790	80001dd0	01861033	sll	x0,x12,x24	 x12:0x0000b504 x24:0xffffe3e4
      77945.000 ns	      7793	80001dd4	107dafd3	fmul.s	f31,f27,f7	 f27:0x00000000  f7:0x47350482 f31=0x00000000
      78315.000 ns	      7830	80001dd8	02ba48b3	div	x17,x20,x11	 x20:0x81207c10 x11:0x00000001 x17=0x81207c10
      78685.000 ns	      7867	80001ddc	02ba5833	divu	x16,x20,x11	 x20:0x81207c10 x11:0x00000001 x16=0x81207c10
      78705.000 ns	      7869	80001de0	014a61b3	or	x3,x20,x20	 x20:0x81207c10 x20:0x81207c10  x3=0x81207c10
      78725.000 ns	      7871	80001de4	035838b3	mulhu	x17,x16,x21	 x16:0x81207c10 x21:0x6d8b4cd0 x17=0x37411834
      79095.000 ns	      7908	80001de8	02cb76b3	remu	x13,x22,x12	 x22:0x00000000 x12:0x0000b504 x13=0x00000000
      79145.000 ns	      7913	80001dec	081abed3	fsub.s	f29,f21,f1	 f21:0x4f000410  f1:0x4f000410 f29=0x80000000
      79165.000 ns	      7915	80001df0	0183a333	slt	x6,x7,x24	  x7:0x0000b504 x24:0xffffe3e4  x6=0x00000000
      79185.000 ns	      7917	80001df4	f00b0653	fmv.w.x	f12,x22	 x22:0x00000000 f12=0x00000000
      79205.000 ns	      7919	80001df8	008176b3	and	x13,x2,x8	  x2:0x00000000  x8:0x1a531000 x13=0x00000000
      79215.000 ns	      7920	80001dfc	00345d13	srli	x26,x8,0x3	  x8:0x1a531000 x26=0x034a6200
      79225.000 ns	      7921	80001e00	41be8d33	sub	x26,x29,x27	 x29:0x00082048 x27:0x00000000 x26=0x00082048
      79235.000 ns	      7922	80001e04	002597b3	sll	x15,x11,x2	 x11:0x00000001  x2:0x00000000 x15=0x00000001
      79265.000 ns	      7925	80001e08	19427ed3	fdiv.s	f29,f4,f20	  f4:0x00000000 f20:0x47350482 f29=0x00000000
      79315.000 ns	      7930	80001e0c	08fa7653	fsub.s	f12,f20,f15	 f20:0x47350482 f15:0x00000000 f12=0x47350482
      79335.000 ns	      7932	80001e10	8e1ba793	slti	x15,x23,-1823	 x23:0x00000000 x15=0x00000000
      79365.000 ns	      7935	80001e14	18d677d3	fdiv.s	f15,f12,f13	 f12:0x47350482 f13:0x7fc00000 f15=0x7fc00000
      79395.000 ns	      7938	80001e18	28099ad3	fmax.s	f21,f19,f0	 f19:0x00000000  f0:0x7fc00000 f21=0x00000000
      79425.000 ns	      7941	80001e1c	0390c8b3	div	x17,x1,x25	  x1:0x7fffffff x25:0x00000000 x17=0xffffffff
      79455.000 ns	      7944	80001e20	d0194553	fcvt.s.wu	f10,x18	 x18:0x0000070b f10=0x44e16000
      79475.000 ns	      7946	80001e24	00f73c33	sltu	x24,x14,x15	 x14:0x00000000 x15:0x00000000 x24=0x00000000
      79515.000 ns	      7950	80001e28	08c398d3	fsub.s	f17,f7,f12	  f7:0x47350482 f12:0x47350482 f17=0x80000000
      79545.000 ns	      7953	80001e2c	033148b3	div	x17,x2,x19	  x2:0x00000000 x19:0x00000000 x17=0xffffffff
      79575.000 ns	      7956	80001e30	c007fe53	fcvt.w.s	x28,f15	 f15:0x7fc00000 x28=0x7fffffff
      79605.000 ns	      7959	80001e34	028e2c33	mulhsu	x24,x28,x8	 x28:0x1c2c65c0  x8:0x1a531000 x24=0x0d2987ff
      79635.000 ns	      7962	80001e38	e0028dd3	fmv.x.w	x27,f5	  f5:0x7f800000 x27=0x7f800000
      79665.000 ns	      7965	80001e3c	f00307d3	fmv.w.x	f15,x6	  x6:0x00000000 f15=0x00000000
      79695.000 ns	      7968	80001e40	02606433	rem	x8,x0,x6	  x0:0x00000000  x6:0x00000000  x8=0x00000000
      79715.000 ns	      7970	80001e44	00000013	addi	x0,x0,0	  x0:0x00000000
      79735.000 ns	      7972	80001e48	02ccba33	mulhu	x20,x25,x12	 x25:0x00000000 x12:0x0000b504 x20=0x00000000
      79755.000 ns	      7974	80001e4c	006bb333	sltu	x6,x23,x6	 x23:0x00000000  x6:0x00000000  x6=0x00000000
      79765.000 ns	      7975	80001e50	2efdaa13	slti	x20,x27,751	 x27:0x7f800000 x20=0x00000000
      79775.000 ns	      7976	80001e54	00575533	srl	x10,x14,x5	 x14:0x00000000  x5:0xf0d585cf x10=0x00000000
      79795.000 ns	      7978	80001e58	200cad53	fsgnjx.s	f26,f25,f0	 f25:0x3f800000  f0:0x7fc00000 f26=0x3f800000
      79815.000 ns	      7980	80001e5c	4199db13	srai	x22,x19,0x19	 x19:0x00000000 x22=0x00000000
      79835.000 ns	      7982	80001e60	219e01d3	fsgnj.s	f3,f28,f25	 f28:0xcefff7e0 f25:0x3f800000  f3=0x4efff7e0
      79855.000 ns	      7984	80001e64	014dc5b3	xor	x11,x27,x20	 x27:0x7f800000 x20:0x00000000 x11=0x7f800000
      79865.000 ns	      7985	80001e68	419fd933	sra	x18,x31,x25	 x31:0x80041024 x25:0x00000000 x18=0x80041024
      79885.000 ns	      7987	80001e6c	c019fc53	fcvt.wu.s	x24,f19	 f19:0x00000000 x24=0x00000000
      79905.000 ns	      7989	80001e70	413bd313	srai	x6,x23,0x13	 x23:0x00000000  x6=0x00000000
      79935.000 ns	      7992	80001e74	19f3f953	fdiv.s	f18,f7,f31	  f7:0x47350482 f31:0x00000000 f18=0x7f800000
      79955.000 ns	      7994	80001e78	018a2033	slt	x0,x20,x24	 x20:0x00000000 x24:0x00000000
      79995.000 ns	      7998	80001e7c	00447f53	fadd.s	f30,f8,f4	  f8:0x00000000  f4:0x00000000 f30=0x00000000
      80015.000 ns	      8000	80001e80	b7a16213	ori	x4,x2,-1158	  x2:0x00000000  x4=0xfffffb7a
      80035.000 ns	      8002	80001e84	036f10b3	mulh	x1,x30,x22	 x30:0x00000000 x22:0x00000000  x1=0x00000000
      80065.000 ns	      8005	80001e88	29979a53	fmax.s	f20,f15,f25	 f15:0x00000000 f25:0x3f800000 f20=0x3f800000
      80085.000 ns	      8007	80001e8c	006df133	and	x2,x27,x6	 x27:0x7f800000  x6:0x00000000  x2=0x00000000
      80095.000 ns	      8008	80001e90	0045fe33	and	x28,x11,x4	 x11:0x7f800000  x4:0xfffffb7a x28=0x7f800000
      80105.000 ns	      8009	80001e94	0017fd33	and	x26,x15,x1	 x15:0x00000000  x1:0x00000000 x26=0x00000000
      80125.000 ns	      8011	80001e98	f0080453	fmv.w.x	f8,x16	 x16:0x81207c10  f8=0x81207c10
      80155.000 ns	      8014	80001e9c	031ba633	mulhsu	x12,x23,x17	 x23:0x00000000 x17:0xffffffff x12=0x00000000
      80175.000 ns	      8016	80001ea0	0016e6b3	or	x13,x13,x1	 x13:0x00000000  x1:0x00000000 x13=0x00000000
      80195.000 ns	      8018	80001ea4	28d40dd3	fmin.s	f27,f8,f13	  f8:0x81207c10 f13:0x7fc00000 f27=0x81207c10
      80215.000 ns	      8020	80001ea8	4484f217	auipc	x4,0x4484f	  x4=0xc4850ea8
      80235.000 ns	      8022	80001eac	d0082653	fcvt.s.w	f12,x16	 x16:0x81207c10 f12=0xcefdbf08
      80265.000 ns	      8025	80001eb0	29db0cd3	fmin.s	f25,f22,f29	 f22:0xcf000410 f29:0x00000000 f25=0xcf000410
      80295.000 ns	      8028	80001eb4	a13c1553	flt.s	x10,f24,f19	 f24:0xc7350482 f19:0x00000000 x10=0x00000001
      80335.000 ns	      8032	80001eb8	580119d3	fsqrt.s	f19,f2	  f2:0xcf00040f f19=0x7fc00000
      80365.000 ns	      8035	80001ebc	02f64f33	div	x30,x12,x15	 x12:0x00000000 x15:0x00000000 x30=0xffffffff
      80395.000 ns	      8038	80001ec0	2189a1d3	fsgnjx.s	f3,f19,f24	 f19:0x7fc00000 f24:0xc7350482  f3=0xffc00000
      80415.000 ns	      8040	80001ec4	409d5993	srai	x19,x26,0x9	 x26:0x00000000 x19=0x00000000
      80425.000 ns	      8041	80001ec8	1891f217	auipc	x4,0x1891f	  x4=0x98920ec8
      80435.000 ns	      8042	80001ecc	00731213	slli	x4,x6,0x7	  x6:0x00000000  x4=0x00000000
      80455.000 ns	      8044	80001ed0	0241e433	rem	x8,x3,x4	  x3:0x81207c10  x4:0xc4850ea8  x8=0x81207c10
      80485.000 ns	      8047	80001ed4	026f1ab3	mulh	x21,x30,x6	 x30:0xffffffff  x6:0x00000000 x21=0x00000000
      80505.000 ns	      8049	80001ed8	004473b3	and	x7,x8,x4	  x8:0x81207c10  x4:0x00000000  x7=0x00000000
      80525.000 ns	      8051	80001edc	02d3cdb3	div	x27,x7,x13	  x7:0x0000b504 x13:0x00000000 x27=0xffffffff
      80555.000 ns	      8054	80001ee0	a09d1553	flt.s	x10,f26,f9	 f26:0x3f800000  f9:0x7f800000 x10=0x00000001
      80575.000 ns	      8056	80001ee4	01913733	sltu	x14,x2,x25	  x2:0x00000000 x25:0x00000000 x14=0x00000000
      80585.000 ns	      8057	80001ee8	0497a393	slti	x7,x15,73	 x15:0x00000000  x7=0x00000001
      80605.000 ns	      8059	80001eec	28a811d3	fmax.s	f3,f16,f10	 f16:0x4f000000 f10:0x44e16000  f3=0x4f000000
      80645.000 ns	      8063	80001ef0	18fd2953	fdiv.s	f18,f26,f15	 f26:0x3f800000 f15:0x00000000 f18=0x7f800000
      81825.000 ns	      8181	80001ef4	580a7ed3	fsqrt.s	f29,f20	 f20:0x3f800000 f29=0x3f7fffae
      81845.000 ns	      8183	80001ef8	00d13633	sltu	x12,x2,x13	  x2:0x00000000 x13:0x00000000 x12=0x00000000
      81865.000 ns	      8185	80001efc	03543733	mulhu	x14,x8,x21	  x8:0x81207c10 x21:0x00000000 x14=0x00000000
      81895.000 ns	      8188	80001f00	e00d0f53	fmv.x.w	x30,f26	 f26:0x3f800000 x30=0x3f800000
      81915.000 ns	      8190	80001f04	2395cd93	xori	x27,x11,569	 x11:0x7f800000 x27=0x7f800239
      81935.000 ns	      8192	80001f08	03eba7b3	mulhsu	x15,x23,x30	 x23:0x00000000 x30:0x3f800000 x15=0x00000000
      81955.000 ns	      8194	80001f0c	00a4e633	or	x12,x9,x10	  x9:0x80040fe4 x10:0x00000001 x12=0x80040fe5
      81965.000 ns	      8195	80001f10	016e4093	xori	x1,x28,22	 x28:0x7f800000  x1=0x7f800016
      81975.000 ns	      8196	80001f14	012f43b3	xor	x7,x30,x18	 x30:0x3f800000 x18:0x80041024  x7=0xbf841024
      81995.000 ns	      8198	80001f18	a1952653	feq.s	x12,f10,f25	 f10:0x44e16000 f25:0xcf000410 x12=0x00000000
      82015.000 ns	      8200	80001f1c	0019db33	srl	x22,x19,x1	 x19:0x00000000  x1:0x7f800016 x22=0x00000000
      82035.000 ns	      8202	80001f20	c016c453	fcvt.wu.s	x8,f13	 f13:0x7fc00000  x8=0xffffffff
      82065.000 ns	      8205	80001f24	2036af53	fsgnjx.s	f30,f13,f3	 f13:0x7fc00000  f3:0x4f000000 f30=0x7fc00000
      82085.000 ns	      8207	80001f28	011a05b3	add	x11,x20,x17	 x20:0x00000000 x17:0xffffffff x11=0xffffffff
      82105.000 ns	      8209	80001f2c	026e3733	mulhu	x14,x28,x6	 x28:0x7f800000  x6:0x00000000 x14=0x00000000
      82125.000 ns	      8211	80001f30	0055f0b3	and	x1,x11,x5	 x11:0x7f800000  x5:0xf0d585cf  x1=0xf0d585cf
      82145.000 ns	      8213	80001f34	f0040f53	fmv.w.x	f30,x8	  x8:0xffffffff f30=0xffffffff
      82165.000 ns	      8215	80001f38	00000013	addi	x0,x0,0	  x0:0x00000000
      82175.000 ns	      8216	80001f3c	00097733	and	x14,x18,x0	 x18:0x80041024  x0:0x00000000 x14=0x00000000
      82185.000 ns	      8217	80001f40	004c5393	srli	x7,x24,0x4	 x24:0x00000000  x7=0x00000000
      82195.000 ns	      8218	80001f44	97572d13	slti	x26,x14,-1675	 x14:0x00000000 x26=0x00000000
      82235.000 ns	      8222	80001f48	084b1d53	fsub.s	f26,f22,f4	 f22:0xcf000410  f4:0x00000000 f26=0xcf000410
      82265.000 ns	      8225	80001f4c	a1368ed3	fle.s	x29,f13,f19	 f13:0x7fc00000 f19:0x7fc00000 x29=0x00000000
      82285.000 ns	      8227	80001f50	010d8733	add	x14,x27,x16	 x27:0x7f800239 x16:0x81207c10 x14=0x00a07e49
      82295.000 ns	      8228	80001f54	db328313	addi	x6,x5,-589	  x5:0xf0d585cf  x6=0xf0d58382
      82305.000 ns	      8229	80001f58	00f02733	slt	x14,x0,x15	  x0:0x00000000 x15:0x00000000 x14=0x00000000
      82315.000 ns	      8230	80001f5c	41565e13	srai	x28,x12,0x15	 x12:0x00000000 x28=0x00000000
      82335.000 ns	      8232	80001f60	023b0e33	mul	x28,x22,x3	 x22:0x00000000  x3:0x81207c10 x28=0x00000000
      82365.000 ns	      8235	80001f64	21d88cd3	fsgnj.s	f25,f17,f29	 f17:0x80000000 f29:0x3f7fffae f25=0x00000000
      82395.000 ns	      8238	80001f68	e00f1e53	fclass.s	x28,f30	 f30:0xffffffff x28=0x00000200
      82415.000 ns	      8240	80001f6c	38bde713	ori	x14,x27,907	 x27:0x7f800239 x14=0x7f8003bb
      82425.000 ns	      8241	80001f70	25600693	addi	x13,x0,598	  x0:0x00000000 x13=0x00000256
      82445.000 ns	      8243	80001f74	29ee1f53	fmax.s	f30,f28,f30	 f28:0xcefff7e0 f30:0xffffffff f30=0xcefff7e0
      82475.000 ns	      8246	80001f78	c001f8d3	fcvt.w.s	x17,f3	  f3:0x4f000000 x17=0x7fffffff
      82495.000 ns	      8248	80001f7c	00623f33	sltu	x30,x4,x6	  x4:0x00000000  x6:0xf0d58382 x30=0x00000001
      82505.000 ns	      8249	80001f80	00acc633	xor	x12,x25,x10	 x25:0x00000000 x10:0x00000001 x12=0x00000001
      82545.000 ns	      8253	80001f84	08e8c953	fsub.s	f18,f17,f14	 f17:0x80000000 f14:0x00000000 f18=0x80000000
      82575.000 ns	      8256	80001f88	282887d3	fmin.s	f15,f17,f2	 f17:0x80000000  f2:0xcf00040f f15=0xcf00040f
      82595.000 ns	      8258	80001f8c	0069ddb3	srl	x27,x19,x6	 x19:0x00000000  x6:0xf0d58382 x27=0x00000000
      82605.000 ns	      8259	80001f90	0190fb33	and	x22,x1,x25	  x1:0xf0d585cf x25:0x00000000 x22=0x00000000
      82615.000 ns	      8260	80001f94	40ff8a33	sub	x20,x31,x15	 x31:0x80041024 x15:0x00000000 x20=0x80041024
      82655.000 ns	      8264	80001f98	002fcc53	fadd.s	f24,f31,f2	 f31:0x00000000  f2:0xcf00040f f24=0xcf00040f
      82675.000 ns	      8266	80001f9c	00515b93	srli	x23,x2,0x5	  x2:0x00000000 x23=0x00000000
      82685.000 ns	      8267	80001fa0	7890ee37	lui	x28,0x7890e	 x28=0x7890e000
      82695.000 ns	      8268	80001fa4	41720133	sub	x2,x4,x23	  x4:0x00000000 x23:0x00000000  x2=0x00000000
      82715.000 ns	      8270	80001fa8	0358eb33	rem	x22,x17,x21	 x17:0x7fffffff x21:0x00000000 x22=0x7fffffff
      82735.000 ns	      8272	80001fac	00ea1c33	sll	x24,x20,x14	 x20:0x80041024 x14:0x7f8003bb x24=0x20000000
      82755.000 ns	      8274	80001fb0	02f83d33	mulhu	x26,x16,x15	 x16:0x81207c10 x15:0x00000000 x26=0x00000000
      82775.000 ns	      8276	80001fb4	01bf80b3	add	x1,x31,x27	 x31:0x80041024 x27:0x00000000  x1=0x80041024
      82795.000 ns	      8278	80001fb8	03513233	mulhu	x4,x2,x21	  x2:0x00000000 x21:0x00000000  x4=0x00000000
      82825.000 ns	      8281	80001fbc	f00503d3	fmv.w.x	f7,x10	 x10:0x00000001  f7=0x00000001
      82855.000 ns	      8284	80001fc0	02b18e33	mul	x28,x3,x11	  x3:0x81207c10 x11:0xffffffff x28=0x7edf83f0
      82875.000 ns	      8286	80001fc4	70064bb7	lui	x23,0x70064	 x23=0x70064000
      82885.000 ns	      8287	80001fc8	4147d8b3	sra	x17,x15,x20	 x15:0x00000000 x20:0x80041024 x17=0x00000000
      82895.000 ns	      8288	80001fcc	005b1533	sll	x10,x22,x5	 x22:0x7fffffff  x5:0xf0d585cf x10=0xffff8000
      82915.000 ns	      8290	80001fd0	03918433	mul	x8,x3,x25	  x3:0x81207c10 x25:0x00000000  x8=0x00000000
      82935.000 ns	      8292	80001fd4	00000013	addi	x0,x0,0	  x0:0x00000000
      83295.000 ns	      8328	80001fd8	03e1f233	remu	x4,x3,x30	  x3:0x81207c10 x30:0x00000001  x4=0x00000000
      83315.000 ns	      8330	80001fdc	008b3733	sltu	x14,x22,x8	 x22:0x7fffffff  x8:0x00000000 x14=0x00000000
      83675.000 ns	      8366	80001fe0	02bcde33	divu	x28,x25,x11	 x25:0x00000000 x11:0xffffffff x28=0x00000000
      83705.000 ns	      8369	80001fe4	a04188d3	fle.s	x17,f3,f4	  f3:0x4f000000  f4:0x00000000 x17=0x00000000
      83735.000 ns	      8372	80001fe8	03e69e33	mulh	x28,x13,x30	 x13:0x00000256 x30:0x00000001 x28=0x00000000
      83755.000 ns	      8374	80001fec	b3602313	slti	x6,x0,-1226	  x0:0x00000000  x6=0x00000000
      83785.000 ns	      8377	80001ff0	58072cd3	fsqrt.s	f25,f14	 f14:0x00000000 f25=0x00000000
      83805.000 ns	      8379	80001ff4	41ae55b3	sra	x11,x28,x26	 x28:0x00000000 x26:0x00000000 x11=0x00000000
      83825.000 ns	      8381	80001ff8	d01af3d3	fcvt.s.wu	f7,x21	 x21:0x00000000  f7=0x00000000
      83855.000 ns	      8384	80001ffc	a12aa3d3	feq.s	x7,f21,f18	 f21:0x00000000 f18:0x80000000  x7=0x00000001
      83885.000 ns	      8387	80002000	218b2153	fsgnjx.s	f2,f22,f24	 f22:0xcf000410 f24:0xcf00040f  f2=0x4f000410
      83905.000 ns	      8389	80002004	013bfd33	and	x26,x23,x19	 x23:0x70064000 x19:0x00000000 x26=0x00000000
      83915.000 ns	      8390	80002008	0105a033	slt	x0,x11,x16	 x11:0x00000000 x16:0x81207c10
      83935.000 ns	      8392	8000200c	f00d00d3	fmv.w.x	f1,x26	 x26:0x00000000  f1=0x00000000
      83955.000 ns	      8394	80002010	41fd5933	sra	x18,x26,x31	 x26:0x00000000 x31:0x80041024 x18=0x00000000
      83995.000 ns	      8398	80002014	019cf853	fadd.s	f16,f25,f25	 f25:0x00000000 f25:0x00000000 f16=0x00000000
      84025.000 ns	      8401	80002018	c0147353	fcvt.wu.s	x6,f8	  f8:0x81207c10  x6=0x00000000
      84395.000 ns	      8438	8000201c	02a6c433	div	x8,x13,x10	 x13:0x00000256 x10:0xffff8000  x8=0x00000000
      84425.000 ns	      8441	80002020	294c00d3	fmin.s	f1,f24,f20	 f24:0xcf00040f f20:0x3f800000  f1=0xcf00040f
      84475.000 ns	      8446	80002024	095d3553	fsub.s	f10,f26,f21	 f26:0xcf000410 f21:0x00000000 f10=0xcf000410
      84495.000 ns	      8448	80002028	00000013	addi	x0,x0,0	  x0:0x00000000
      84515.000 ns	      8450	8000202c	21de0153	fsgnj.s	f2,f28,f29	 f28:0xcefff7e0 f29:0x3f7fffae  f2=0x4efff7e0
      84565.000 ns	      8455	80002030	00c80853	fadd.s	f16,f16,f12	 f16:0x00000000 f12:0xcefdbf08 f16=0xcefdbf08
      84585.000 ns	      8457	80002034	41e25cb3	sra	x25,x4,x30	  x4:0x00000000 x30:0x00000001 x25=0x00000000
      84595.000 ns	      8458	80002038	012b1693	slli	x13,x22,0x12	 x22:0x7fffffff x13=0xfffc0000
      84625.000 ns	      8461	8000203c	580b4e53	fsqrt.s	f28,f22	 f22:0xcf000410 f28=0x7fc00000
      84655.000 ns	      8464	80002040	03f22cb3	mulhsu	x25,x4,x31	  x4:0x00000000 x31:0x80041024 x25=0x00000000
      84695.000 ns	      8468	80002044	18838153	fdiv.s	f2,f7,f8	  f7:0x00000000  f8:0x81207c10  f2=0x80000000
      84715.000 ns	      8470	80002048	010cda33	srl	x20,x25,x16	 x25:0x00000000 x16:0x81207c10 x20=0x00000000
      84725.000 ns	      8471	8000204c	41c75f33	sra	x30,x14,x28	 x14:0x00000000 x28:0x00000000 x30=0x00000000
      84735.000 ns	      8472	80002050	ccb00193	addi	x3,x0,-821	  x0:0x00000000  x3=0xfffffccb
      84755.000 ns	      8474	80002054	03be7733	remu	x14,x28,x27	 x28:0x00000000 x27:0x00000000 x14=0x00000000
      84775.000 ns	      8476	80002058	bb424a93	xori	x21,x4,-1100	  x4:0x00000000 x21=0xfffffbb4
      84785.000 ns	      8477	8000205c	001e31b3	sltu	x3,x28,x1	 x28:0x00000000  x1:0x80041024  x3=0x00000001
      84795.000 ns	      8478	80002060	015256b3	srl	x13,x4,x21	  x4:0x00000000 x21:0x00000000 x13=0x00000000
      84805.000 ns	      8479	80002064	c2da0413	addi	x8,x20,-979	 x20:0x00000000  x8=0xfffffc2d
      84815.000 ns	      8480	80002068	00793c33	sltu	x24,x18,x7	 x18:0x00000000  x7:0x00000001 x24=0x00000001
      84835.000 ns	      8482	8000206c	c002c753	fcvt.w.s	x14,f5	  f5:0x7f800000 x14=0x7fffffff
      84855.000 ns	      8484	80002070	20500c93	addi	x25,x0,517	  x0:0x00000000 x25=0x00000205
      84895.000 ns	      8488	80002074	0979fad3	fsub.s	f21,f19,f23	 f19:0x7fc00000 f23:0xc7350482 f21=0x7fc00000
      84915.000 ns	      8490	80002078	01526d33	or	x26,x4,x21	  x4:0x00000000 x21:0xfffffbb4 x26=0xfffffbb4
      84935.000 ns	      8492	8000207c	02d72633	mulhsu	x12,x14,x13	 x14:0x7fffffff x13:0x00000000 x12=0x00000000
      84965.000 ns	      8495	80002080	a06b1a53	flt.s	x20,f22,f6	 f22:0xcf000410  f6:0x7f800000 x20=0x00000001
      84995.000 ns	      8498	80002084	c018ff53	fcvt.wu.s	x30,f17	 f17:0x80000000 x30=0x00000000
      85035.000 ns	      8502	80002088	110179d3	fmul.s	f19,f2,f16	  f2:0x80000000 f16:0xcefdbf08 f19=0x00000000
      85055.000 ns	      8504	8000208c	31b6ec13	ori	x24,x13,795	 x13:0x00000000 x24=0x0000031b
      85065.000 ns	      8505	80002090	417f5d93	srai	x27,x30,0x17	 x30:0x00000000 x27=0x00000000
      85085.000 ns	      8507	80002094	299d95d3	fmax.s	f11,f27,f25	 f27:0x81207c10 f25:0x00000000 f11=0x00000000
      85115.000 ns	      8510	80002098	e0071e53	fclass.s	x28,f14	 f14:0x00000000 x28=0x00000010
      85135.000 ns	      8512	8000209c	409807b3	sub	x15,x16,x9	 x16:0x81207c10  x9:0x80040fe4 x15=0x011c6c2c
      85155.000 ns	      8514	800020a0	e00b0053	fmv.x.w	x0,f22	 f22:0xcf000410
      85175.000 ns	      8516	800020a4	00d0c733	xor	x14,x1,x13	  x1:0x80041024 x13:0x00000000 x14=0x80041024
      85195.000 ns	      8518	800020a8	a17c0053	fle.s	x0,f24,f23	 f24:0xcf00040f f23:0xc7350482
      85215.000 ns	      8520	800020ac	22d18b13	addi	x22,x3,557	  x3:0x00000001 x22=0x0000022e
      85225.000 ns	      8521	800020b0	00000013	addi	x0,x0,0	  x0:0x00000000
      85235.000 ns	      8522	800020b4	01f5bab3	sltu	x21,x11,x31	 x11:0x00000000 x31:0x80041024 x21=0x00000001
      85255.000 ns	      8524	800020b8	0214a533	mulhsu	x10,x9,x1	  x9:0x80040fe4  x1:0x80041024 x10=0xbffffff0
      85285.000 ns	      8527	800020bc	e0059553	fclass.s	x10,f11	 f11:0x00000000 x10=0x00000010
      85315.000 ns	      8530	800020c0	03bb7f33	remu	x30,x22,x27	 x22:0x0000022e x27:0x00000000 x30=0x0000022e
      85335.000 ns	      8532	800020c4	01e51693	slli	x13,x10,0x1e	 x10:0x00000010 x13=0x00000000
      85355.000 ns	      8534	800020c8	03201cb3	mulh	x25,x0,x18	  x0:0x00000000 x18:0x00000000 x25=0x00000000
      85385.000 ns	      8537	800020cc	208592d3	fsgnjn.s	f5,f11,f8	 f11:0x00000000  f8:0x81207c10  f5=0x00000000
      85415.000 ns	      8540	800020d0	a05f1cd3	flt.s	x25,f30,f5	 f30:0xcefff7e0  f5:0x7f800000 x25=0x00000001
      85435.000 ns	      8542	800020d4	4d9c7813	andi	x16,x24,1241	 x24:0x0000031b x16=0x00000019
      85445.000 ns	      8543	800020d8	01c6da93	srli	x21,x13,0x1c	 x13:0x00000000 x21=0x00000000
      85455.000 ns	      8544	800020dc	758de413	ori	x8,x27,1880	 x27:0x00000000  x8=0x00000758
      85485.000 ns	      8547	800020e0	11ea02d3	fmul.s	f5,f20,f30	 f20:0x3f800000 f30:0xcefff7e0  f5=0xcefff7e0
      85505.000 ns	      8549	800020e4	41885993	srai	x19,x16,0x18	 x16:0x00000019 x19=0x00000000
      85515.000 ns	      8550	800020e8	016f5593	srli	x11,x30,0x16	 x30:0x0000022e x11=0x00000000
      85525.000 ns	      8551	800020ec	40b48eb3	sub	x29,x9,x11	  x9:0x80040fe4 x11:0x00000000 x29=0x80040fe4
      85535.000 ns	      8552	800020f0	d333f893	andi	x17,x7,-717	  x7:0x00000001 x17=0x00000001
      85555.000 ns	      8554	800020f4	024a5b33	divu	x22,x20,x4	 x20:0x00000001  x4:0x00000000 x22=0xffffffff
      85585.000 ns	      8557	800020f8	03373133	mulhu	x2,x14,x19	 x14:0x80041024 x19:0x00000000  x2=0x00000000
      85605.000 ns	      8559	800020fc	a8d37713	andi	x14,x6,-1395	  x6:0x00000000 x14=0x00000000
      85615.000 ns	      8560	80002100	fbc5ec93	ori	x25,x11,-68	 x11:0x00000000 x25=0xffffffbc
      85635.000 ns	      8562	80002104	f00b0753	fmv.w.x	f14,x22	 x22:0xffffffff f14=0xffffffff
      85665.000 ns	      8565	80002108	2022a6d3	fsgnjx.s	f13,f5,f2	  f5:0xcefff7e0  f2:0x80000000 f13=0x4efff7e0
      85695.000 ns	      8568	8000210c	0317af33	mulhsu	x30,x15,x17	 x15:0x011c6c2c x17:0x00000001 x30=0x00000000
      85715.000 ns	      8570	80002110	cc56a613	slti	x12,x13,-827	 x13:0x00000000 x12=0x00000000
      85735.000 ns	      8572	80002114	28481b53	fmax.s	f22,f16,f4	 f16:0xcefdbf08  f4:0x00000000 f22=0x00000000
      85765.000 ns	      8575	80002118	02b3e9b3	rem	x19,x7,x11	  x7:0x00000001 x11:0x00000000 x19=0x00000001
      85785.000 ns	      8577	8000211c	00000013	addi	x0,x0,0	  x0:0x00000000
      85795.000 ns	      8578	80002120	c631aa13	slti	x20,x3,-925	  x3:0x00000001 x20=0x00000000
      85815.000 ns	      8580	80002124	e0009853	fclass.s	x16,f1	  f1:0xcf00040f x16=0x00000002
      85835.000 ns	      8582	80002128	1ed4e213	ori	x4,x9,493	  x9:0x80040fe4  x4=0x80040fed
      85855.000 ns	      8584	8000212c	21170253	fsgnj.s	f4,f14,f17	 f14:0xffffffff f17:0x80000000  f4=0xffffffff
      85895.000 ns	      8588	80002130	10177853	fmul.s	f16,f14,f1	 f14:0xffffffff  f1:0xcf00040f f16=0x7fc00000
      85925.000 ns	      8591	80002134	c0041153	fcvt.w.s	x2,f8	  f8:0x81207c10  x2=0x00000000
      85945.000 ns	      8593	80002138	4fc3ab13	slti	x22,x7,1276	  x7:0x00000001 x22=0x00000001
      85965.000 ns	      8595	8000213c	031cb433	mulhu	x8,x25,x17	 x25:0xffffffbc x17:0x00000001  x8=0x00000000
      85995.000 ns	      8598	80002140	032916b3	mulh	x13,x18,x18	 x18:0x00000000 x18:0x00000000 x13=0x00000000
      86015.000 ns	      8600	80002144	012d95b3	sll	x11,x27,x18	 x27:0x00000000 x18:0x00000000 x11=0x00000000
      86025.000 ns	      8601	80002148	00de0f33	add	x30,x28,x13	 x28:0x00000010 x13:0x00000000 x30=0x00000010
      86065.000 ns	      8605	8000214c	090b7dd3	fsub.s	f27,f22,f16	 f22:0x00000000 f16:0x7fc00000 f27=0x7fc00000
      86085.000 ns	      8607	80002150	01d9c0b3	xor	x1,x19,x29	 x19:0x00000001 x29:0x80040fe4  x1=0x80040fe5
      86105.000 ns	      8609	80002154	21ed8053	fsgnj.s	f0,f27,f30	 f27:0x7fc00000 f30:0xcefff7e0  f0=0xffc00000
      86145.000 ns	      8613	80002158	1888f453	fdiv.s	f8,f17,f8	 f17:0x80000000  f8:0x81207c10  f8=0x00000000
      86175.000 ns	      8616	8000215c	20fca1d3	fsgnjx.s	f3,f25,f15	 f25:0x00000000 f15:0xcf00040f  f3=0x80000000
      86195.000 ns	      8618	80002160	415fddb3	sra	x27,x31,x21	 x31:0x80041024 x21:0x00000000 x27=0x80041024
      86215.000 ns	      8620	80002164	a08d8953	fle.s	x18,f27,f8	 f27:0x7fc00000  f8:0x00000000 x18=0x00000000
      86235.000 ns	      8622	80002168	74b6ad93	slti	x27,x13,1867	 x13:0x00000000 x27=0x00000001
      86245.000 ns	      8623	8000216c	006bf733	and	x14,x23,x6	 x23:0x70064000  x6:0x00000000 x14=0x00000000
      86285.000 ns	      8627	80002170	00cf12d3	fadd.s	f5,f30,f12	 f30:0xcefff7e0 f12:0xcefdbf08  f5=0xcf7edb74
      86325.000 ns	      8631	80002174	18ae21d3	fdiv.s	f3,f28,f10	 f28:0x7fc00000 f10:0xcf000410  f3=0x7fc00000
      86355.000 ns	      8634	80002178	022b63b3	rem	x7,x22,x2	 x22:0x00000001  x2:0x00000000  x7=0x00000001
      86375.000 ns	      8636	8000217c	15367d37	lui	x26,0x15367	 x26=0x15367000
      86385.000 ns	      8637	80002180	41a181b3	sub	x3,x3,x26	  x3:0x00000001 x26:0xfffffbb4  x3=0xeac99001
      86395.000 ns	      8638	80002184	00bee633	or	x12,x29,x11	 x29:0x80040fe4 x11:0x00000000 x12=0x80040fe4
      86405.000 ns	      8639	80002188	991d0b93	addi	x23,x26,-1647	 x26:0x15367000 x23=0x15366991
      86415.000 ns	      8640	8000218c	00000013	addi	x0,x0,0	  x0:0x00000000
      86425.000 ns	      8641	80002190	4032d313	srai	x6,x5,0x3	  x5:0xf0d585cf  x6=0xfe1ab0b9
      86435.000 ns	      8642	80002194	5d8dcd93	xori	x27,x27,1496	 x27:0x00000001 x27=0x000005d9
      86445.000 ns	      8643	80002198	a938a513	slti	x10,x17,-1389	 x17:0x00000001 x10=0x00000000
      86455.000 ns	      8644	8000219c	00d85e93	srli	x29,x16,0xd	 x16:0x00000002 x29=0x00000000
      86475.000 ns	      8646	800021a0	21adacd3	fsgnjx.s	f25,f27,f26	 f27:0x7fc00000 f26:0xcf000410 f25=0xffc00000
      86505.000 ns	      8649	800021a4	03d983b3	mul	x7,x19,x29	 x19:0x00000001 x29:0x80040fe4  x7=0x00000000
      86525.000 ns	      8651	800021a8	00db86b3	add	x13,x23,x13	 x23:0x15366991 x13:0x00000000 x13=0x15366991
      86555.000 ns	      8654	800021ac	5802ff53	fsqrt.s	f30,f5	  f5:0xcf7edb74 f30=0x7fc00000
      86585.000 ns	      8657	800021b0	e00299d3	fclass.s	x19,f5	  f5:0xcf7edb74 x19=0x00000002
      86635.000 ns	      8662	800021b4	089d7853	fsub.s	f16,f26,f9	 f26:0xcf000410  f9:0x7f800000 f16=0xff800000
      86665.000 ns	      8665	800021b8	024cb733	mulhu	x14,x25,x4	 x25:0xffffffbc  x4:0x80040fed x14=0x80040fca
      86685.000 ns	      8667	800021bc	019fe933	or	x18,x31,x25	 x31:0x80041024 x25:0xffffffbc x18=0xffffffbc
      86695.000 ns	      8668	800021c0	40ce88b3	sub	x17,x29,x12	 x29:0x00000000 x12:0x80040fe4 x17=0x7ffbf01c
      86715.000 ns	      8670	800021c4	d00aaed3	fcvt.s.w	f29,x21	 x21:0x00000000 f29=0x00000000
      86745.000 ns	      8673	800021c8	e0049cd3	fclass.s	x25,f9	  f9:0x7f800000 x25=0x00000080
      86775.000 ns	      8676	800021cc	036c2bb3	mulhsu	x23,x24,x22	 x24:0x0000031b x22:0x00000001 x23=0x00000000
      87145.000 ns	      8713	800021d0	03be70b3	remu	x1,x28,x27	 x28:0x00000010 x27:0x000005d9  x1=0x00000010
      87515.000 ns	      8750	800021d4	03e1f633	remu	x12,x3,x30	  x3:0xeac99001 x30:0x00000010 x12=0x00000001
      87535.000 ns	      8752	800021d8	41d98bb3	sub	x23,x19,x29	 x19:0x00000002 x29:0x00000000 x23=0x00000002
      87555.000 ns	      8754	800021dc	29820dd3	fmin.s	f27,f4,f24	  f4:0xffffffff f24:0xcf00040f f27=0xcf00040f
      87585.000 ns	      8757	800021e0	035fb5b3	mulhu	x11,x31,x21	 x31:0x80041024 x21:0x00000000 x11=0x00000000
      87605.000 ns	      8759	800021e4	00aa8133	add	x2,x21,x10	 x21:0x00000000 x10:0x00000000  x2=0x00000000
      87645.000 ns	      8763	800021e8	0849f3d3	fsub.s	f7,f19,f4	 f19:0x00000000  f4:0xffffffff  f7=0x7fc00000
      87665.000 ns	      8765	800021ec	01a7edb3	or	x27,x15,x26	 x15:0x011c6c2c x26:0x15367000 x27=0x153e7c2c
      87685.000 ns	      8767	800021f0	208d00d3	fsgnj.s	f1,f26,f8	 f26:0xcf000410  f8:0x00000000  f1=0x4f000410
      87735.000 ns	      8772	800021f4	000faad3	fadd.s	f21,f31,f0	 f31:0x00000000  f0:0xffc00000 f21=0x7fc00000
      87775.000 ns	      8776	800021f8	580efed3	fsqrt.s	f29,f29	 f29:0x00000000 f29=0x00000000
      87795.000 ns	      8778	800021fc	416c4793	xori	x15,x24,1046	 x24:0x0000031b x15=0x0000070d
      87805.000 ns	      8779	80002200	03c3bc93	sltiu	x25,x7,60	  x7:0x00000000 x25=0x00000001
      87825.000 ns	      8781	80002204	03652933	mulhsu	x18,x10,x22	 x10:0x00000000 x22:0x00000001 x18=0x00000000
      87845.000 ns	      8783	80002208	6c1e2c93	slti	x25,x28,1729	 x28:0x00000010 x25=0x00000001
      87855.000 ns	      8784	8000220c	4e4e36b7	lui	x13,0x4e4e3	 x13=0x4e4e3000
      87875.000 ns	      8786	80002210	02588f33	mul	x30,x17,x5	 x17:0x7ffbf01c  x5:0xf0d585cf x30=0x67c1b2a4
      87905.000 ns	      8789	80002214	d01172d3	fcvt.s.wu	f5,x2	  x2:0x00000000  f5=0x00000000
      87925.000 ns	      8791	80002218	00dac933	xor	x18,x21,x13	 x21:0x00000000 x13:0x4e4e3000 x18=0x4e4e3000
      87955.000 ns	      8794	8000221c	19c1b153	fdiv.s	f2,f3,f28	  f3:0x7fc00000 f28:0x7fc00000  f2=0x7fc00000
      87975.000 ns	      8796	80002220	01f25093	srli	x1,x4,0x1f	  x4:0x80040fed  x1=0x00000001
      87995.000 ns	      8798	80002224	d013f253	fcvt.s.wu	f4,x7	  x7:0x00000000  f4=0x00000000
      88025.000 ns	      8801	80002228	03e93d33	mulhu	x26,x18,x30	 x18:0x4e4e3000 x30:0x67c1b2a4 x26=0x1fbcb4e6
      88045.000 ns	      8803	8000222c	de66ed93	ori	x27,x13,-538	 x13:0x4e4e3000 x27=0xfffffde6
      88065.000 ns	      8805	80002230	28dc08d3	fmin.s	f17,f24,f13	 f24:0xcf00040f f13:0x4efff7e0 f17=0xcf00040f
      88095.000 ns	      8808	80002234	f00e0cd3	fmv.w.x	f25,x28	 x28:0x00000010 f25=0x00000010
      88115.000 ns	      8810	80002238	01207bb3	and	x23,x0,x18	  x0:0x00000000 x18:0x4e4e3000 x23=0x00000000
      88125.000 ns	      8811	8000223c	009033b3	sltu	x7,x0,x9	  x0:0x00000000  x9:0x80040fe4  x7=0x00000001
      88135.000 ns	      8812	80002240	614c2813	slti	x16,x24,1556	 x24:0x0000031b x16=0x00000001
      88155.000 ns	      8814	80002244	e0041153	fclass.s	x2,f8	  f8:0x00000000  x2=0x00000010
      88525.000 ns	      8851	80002248	0300da33	divu	x20,x1,x16	  x1:0x00000001 x16:0x00000002 x20=0x00000001
      88545.000 ns	      8853	8000224c	e72f6193	ori	x3,x30,-398	 x30:0x67c1b2a4  x3=0xfffffef6
      88565.000 ns	      8855	80002250	02b5bdb3	mulhu	x27,x11,x11	 x11:0x00000000 x11:0x00000000 x27=0x00000000
      88595.000 ns	      8858	80002254	032c0033	mul	x0,x24,x18	 x24:0x0000031b x18:0x4e4e3000
      88615.000 ns	      8860	80002258	8c4af113	andi	x2,x21,-1852	 x21:0x00000000  x2=0x00000000
      88635.000 ns	      8862	8000225c	02b587b3	mul	x15,x11,x11	 x11:0x00000000 x11:0x00000000 x15=0x00000000
      88665.000 ns	      8865	80002260	21a3a5d3	fsgnjx.s	f11,f7,f26	  f7:0x7fc00000 f26:0xcf000410 f11=0xffc00000
      88685.000 ns	      8867	80002264	01ffb1b3	sltu	x3,x31,x31	 x31:0x80041024 x31:0x80041024  x3=0x00000000
      88695.000 ns	      8868	80002268	01b19b13	slli	x22,x3,0x1b	  x3:0xfffffef6 x22=0x00000000
      88705.000 ns	      8869	8000226c	015ed093	srli	x1,x29,0x15	 x29:0x00000000  x1=0x00000000
      88715.000 ns	      8870	80002270	5f934613	xori	x12,x6,1529	  x6:0xfe1ab0b9 x12=0xfe1ab540
      88735.000 ns	      8872	80002274	a1571253	flt.s	x4,f14,f21	 f14:0xffffffff f21:0x7fc00000  x4=0x00000000
      88755.000 ns	      8874	80002278	00e47933	and	x18,x8,x14	  x8:0x00000000 x14:0x80040fca x18=0x00000000
      88765.000 ns	      8875	8000227c	0106c6b3	xor	x13,x13,x16	 x13:0x4e4e3000 x16:0x00000001 x13=0x4e4e3001
      88795.000 ns	      8878	80002280	18403953	fdiv.s	f18,f0,f4	  f0:0xffc00000  f4:0x00000000 f18=0x7fc00000
      88815.000 ns	      8880	80002284	00000013	addi	x0,x0,0	  x0:0x00000000
      88825.000 ns	      8881	80002288	009689b3	add	x19,x13,x9	 x13:0x4e4e3001  x9:0x80040fe4 x19=0xce523fe5
      88835.000 ns	      8882	8000228c	47218b93	addi	x23,x3,1138	  x3:0x00000000 x23=0x00000472
      88855.000 ns	      8884	80002290	02751933	mulh	x18,x10,x7	 x10:0x00000000  x7:0x00000001 x18=0x00000000
      88885.000 ns	      8887	80002294	a1c619d3	flt.s	x19,f12,f28	 f12:0xcefdbf08 f28:0x7fc00000 x19=0x00000000
      88905.000 ns	      8889	80002298	881d8797	auipc	x15,0x881d8	 x15=0x081da298
      88925.000 ns	      8891	8000229c	e00905d3	fmv.x.w	x11,f18	 f18:0x7fc00000 x11=0x7fc00000
      88955.000 ns	      8894	800022a0	28170953	fmin.s	f18,f14,f1	 f14:0xffffffff  f1:0x4f000410 f18=0x4f000410
      88985.000 ns	      8897	800022a4	03b8f333	remu	x6,x17,x27	 x17:0x7ffbf01c x27:0x00000000  x6=0x7ffbf01c
      89005.000 ns	      8899	800022a8	00942833	slt	x16,x8,x9	  x8:0x00000000  x9:0x80040fe4 x16=0x00000000
      89025.000 ns	      8901	800022ac	0284adb3	mulhsu	x27,x9,x8	  x9:0x80040fe4  x8:0x00000000 x27=0x00000000
      89055.000 ns	      8904	800022b0	a1bf1cd3	flt.s	x25,f30,f27	 f30:0x7fc00000 f27:0xcf00040f x25=0x00000000
      89095.000 ns	      8908	800022b4	580b7853	fsqrt.s	f16,f22	 f22:0x00000000 f16=0x00000000
      89125.000 ns	      8911	800022b8	0211e333	rem	x6,x3,x1	  x3:0x00000000  x1:0x00000000  x6=0x00000000
      89145.000 ns	      8913	800022bc	4191d693	srai	x13,x3,0x19	  x3:0x00000000 x13=0x00000000
      89185.000 ns	      8917	800022c0	08227ed3	fsub.s	f29,f4,f2	  f4:0x00000000  f2:0x7fc00000 f29=0x7fc00000
      89205.000 ns	      8919	800022c4	00000013	addi	x0,x0,0	  x0:0x00000000
      89225.000 ns	      8921	800022c8	287f0553	fmin.s	f10,f30,f7	 f30:0x7fc00000  f7:0x7fc00000 f10=0x7fc00000
      89255.000 ns	      8924	800022cc	21872f53	fsgnjx.s	f30,f14,f24	 f14:0xffffffff f24:0xcf00040f f30=0x7fffffff
      89275.000 ns	      8926	800022d0	00000013	addi	x0,x0,0	  x0:0x00000000
      89285.000 ns	      8927	800022d4	9cc2e513	ori	x10,x5,-1588	  x5:0xf0d585cf x10=0xfffffdcf
      89305.000 ns	      8929	800022d8	03adbb33	mulhu	x22,x27,x26	 x27:0x00000000 x26:0x1fbcb4e6 x22=0x00000000
      89335.000 ns	      8932	800022dc	a03aa153	feq.s	x2,f21,f3	 f21:0x7fc00000  f3:0x7fc00000  x2=0x00000000
      89365.000 ns	      8935	800022e0	0248bf33	mulhu	x30,x17,x4	 x17:0x7ffbf01c  x4:0x00000000 x30=0x00000000
      89395.000 ns	      8938	800022e4	0308e8b3	rem	x17,x17,x16	 x17:0x7ffbf01c x16:0x00000000 x17=0x7ffbf01c
      89425.000 ns	      8941	800022e8	c007a9d3	fcvt.w.s	x19,f15	 f15:0xcf00040f x19=0x80000000
      89455.000 ns	      8944	800022ec	209897d3	fsgnjn.s	f15,f17,f9	 f17:0xcf00040f  f9:0x7f800000 f15=0xcf00040f
      89475.000 ns	      8946	800022f0	002627b3	slt	x15,x12,x2	 x12:0xfe1ab540  x2:0x00000000 x15=0x00000001
      89495.000 ns	      8948	800022f4	02e31a33	mulh	x20,x6,x14	  x6:0x00000000 x14:0x80040fca x20=0x00000000
      89515.000 ns	      8950	800022f8	80040513	addi	x10,x8,-2048	  x8:0x00000000 x10=0xfffff800
      89525.000 ns	      8951	800022fc	8c1cf013	andi	x0,x25,-1855	 x25:0x00000000
      89555.000 ns	      8954	80002300	1031bfd3	fmul.s	f31,f3,f3	  f3:0x7fc00000  f3:0x7fc00000 f31=0x7fc00000
      89585.000 ns	      8957	80002304	0207b933	mulhu	x18,x15,x0	 x15:0x00000001  x0:0x00000000 x18=0x00000000
      89615.000 ns	      8960	80002308	03eb57b3	divu	x15,x22,x30	 x22:0x00000000 x30:0x00000000 x15=0xffffffff
      89645.000 ns	      8963	8000230c	c0087ed3	fcvt.w.s	x29,f16	 f16:0x00000000 x29=0x00000000
      89675.000 ns	      8966	80002310	c0157853	fcvt.wu.s	x16,f10	 f10:0x7fc00000 x16=0xffffffff
      89705.000 ns	      8969	80002314	a0c0a3d3	feq.s	x7,f1,f12	  f1:0x4f000410 f12:0xcefdbf08  x7=0x00000000
      89735.000 ns	      8972	80002318	0399a9b3	mulhsu	x19,x19,x25	 x19:0x80000000 x25:0x00000000 x19=0x00000000
      89755.000 ns	      8974	8000231c	401f5233	sra	x4,x30,x1	 x30:0x00000000  x1:0x00000000  x4=0x00000000
      89775.000 ns	      8976	80002320	d00071d3	fcvt.s.w	f3,x0	  x0:0x00000000  f3=0x00000000
      89805.000 ns	      8979	80002324	f0078f53	fmv.w.x	f30,x15	 x15:0xffffffff f30=0xffffffff
      89825.000 ns	      8981	80002328	40f1d133	sra	x2,x3,x15	  x3:0x00000000 x15:0xffffffff  x2=0x00000000
      89835.000 ns	      8982	8000232c	011b0db3	add	x27,x22,x17	 x22:0x00000000 x17:0x7ffbf01c x27=0x7ffbf01c
      89845.000 ns	      8983	80002330	00eae3b3	or	x7,x21,x14	 x21:0x00000000 x14:0x80040fca  x7=0x80040fca
      89865.000 ns	      8985	80002334	02697eb3	remu	x29,x18,x6	 x18:0x00000000  x6:0x00000000 x29=0x00000000
      90235.000 ns	      9022	80002338	031ce133	rem	x2,x25,x17	 x25:0x00000000 x17:0x7ffbf01c  x2=0x00000000
      90265.000 ns	      9025	8000233c	a0031953	flt.s	x18,f6,f0	  f6:0x7f800000  f0:0xffc00000 x18=0x00000000
      90285.000 ns	      9027	80002340	009c33b3	sltu	x7,x24,x9	 x24:0x0000031b  x9:0x80040fe4  x7=0x00000001
      90295.000 ns	      9028	80002344	011eef33	or	x30,x29,x17	 x29:0x00000000 x17:0x7ffbf01c x30=0x7ffbf01c
      90305.000 ns	      9029	80002348	00112033	slt	x0,x2,x1	  x2:0x00000000  x1:0x00000000
      90315.000 ns	      9030	8000234c	be63bf13	sltiu	x30,x7,-1050	  x7:0x00000001 x30=0x00000001
      90335.000 ns	      9032	80002350	024b8333	mul	x6,x23,x4	 x23:0x00000472  x4:0x00000000  x6=0x00000000
      90355.000 ns	      9034	80002354	9b1d3737	lui	x14,0x9b1d3	 x14=0x9b1d3000
      90375.000 ns	      9036	80002358	21531ed3	fsgnjn.s	f29,f6,f21	  f6:0x7f800000 f21:0x7fc00000 f29=0xff800000
      90395.000 ns	      9038	8000235c	016821b3	slt	x3,x16,x22	 x16:0xffffffff x22:0x00000000  x3=0x00000001
      90415.000 ns	      9040	80002360	a12e18d3	flt.s	x17,f28,f18	 f28:0x7fc00000 f18:0x4f000410 x17=0x00000000
      90445.000 ns	      9043	80002364	20fc8ad3	fsgnj.s	f21,f25,f15	 f25:0x00000010 f15:0xcf00040f f21=0x80000010
      90465.000 ns	      9045	80002368	6f1761b7	lui	x3,0x6f176	  x3=0x6f176000
      90505.000 ns	      9049	8000236c	08b927d3	fsub.s	f15,f18,f11	 f18:0x4f000410 f11:0xffc00000 f15=0x7fc00000
      90525.000 ns	      9051	80002370	019ce8b3	or	x17,x25,x25	 x25:0x00000000 x25:0x00000000 x17=0x00000000
      90535.000 ns	      9052	80002374	00e1a9b3	slt	x19,x3,x14	  x3:0x6f176000 x14:0x9b1d3000 x19=0x00000000
      90545.000 ns	      9053	80002378	414d8f33	sub	x30,x27,x20	 x27:0x7ffbf01c x20:0x00000000 x30=0x7ffbf01c
      90555.000 ns	      9054	8000237c	01068cb3	add	x25,x13,x16	 x13:0x00000000 x16:0xffffffff x25=0xffffffff
      90575.000 ns	      9056	80002380	a0ef91d3	flt.s	x3,f31,f14	 f31:0x7fc00000 f14:0xffffffff  x3=0x00000000
      90605.000 ns	      9059	80002384	c0014e53	fcvt.w.s	x28,f2	  f2:0x7fc00000 x28=0x7fffffff
      90635.000 ns	      9062	80002388	29b80053	fmin.s	f0,f16,f27	 f16:0x00000000 f27:0xcf00040f  f0=0xcf00040f
      90685.000 ns	      9067	8000238c	0110fbd3	fadd.s	f23,f1,f17	  f1:0x4f000410 f17:0xcf00040f f23=0x43800000
      90735.000 ns	      9072	80002390	009ea2d3	fadd.s	f5,f29,f9	 f29:0xff800000  f9:0x7f800000  f5=0x00000000
      90755.000 ns	      9074	80002394	013c9033	sll	x0,x25,x19	 x25:0xffffffff x19:0x00000000
      90785.000 ns	      9077	80002398	11f7fc53	fmul.s	f24,f15,f31	 f15:0x7fc00000 f31:0x7fc00000 f24=0x7fc00000
      90805.000 ns	      9079	8000239c	01bc9d13	slli	x26,x25,0x1b	 x25:0xffffffff x26=0xf8000000
      90815.000 ns	      9080	800023a0	4ed52d93	slti	x27,x10,1261	 x10:0xfffff800 x27=0x00000001
      90825.000 ns	      9081	800023a4	01664733	xor	x14,x12,x22	 x12:0xfe1ab540 x22:0x00000000 x14=0xfe1ab540
      90845.000 ns	      9083	800023a8	217ba6d3	fsgnjx.s	f13,f23,f23	 f23:0x43800000 f23:0x43800000 f13=0x43800000
      90865.000 ns	      9085	800023ac	01d98b33	add	x22,x19,x29	 x19:0x00000000 x29:0x00000000 x22=0x00000000
      90885.000 ns	      9087	800023b0	297e8053	fmin.s	f0,f29,f23	 f29:0xff800000 f23:0x43800000  f0=0xff800000
      90915.000 ns	      9090	800023b4	03cc93b3	mulh	x7,x25,x28	 x25:0xffffffff x28:0x7fffffff  x7=0xffffffff
      90935.000 ns	      9092	800023b8	e87aaa17	auipc	x20,0xe87aa	 x20=0x687ac3b8
      90955.000 ns	      9094	800023bc	213a08d3	fsgnj.s	f17,f20,f19	 f20:0x3f800000 f19:0x00000000 f17=0x3f800000
      90975.000 ns	      9096	800023c0	58bc73b7	lui	x7,0x58bc7	  x7=0x58bc7000
      91005.000 ns	      9099	800023c4	197f3f53	fdiv.s	f30,f30,f23	 f30:0xffffffff f23:0x43800000 f30=0x7fc00000
      91025.000 ns	      9101	800023c8	00000013	addi	x0,x0,0	  x0:0x00000000
      91035.000 ns	      9102	800023cc	01f2bab3	sltu	x21,x5,x31	  x5:0xf0d585cf x31:0x80041024 x21=0x00000000
      91045.000 ns	      9103	800023d0	d6672c13	slti	x24,x14,-666	 x14:0xfe1ab540 x24=0x00000001
      91065.000 ns	      9105	800023d4	a1cc9853	flt.s	x16,f25,f28	 f25:0x00000010 f28:0x7fc00000 x16=0x00000000
      91105.000 ns	      9109	800023d8	19d771d3	fdiv.s	f3,f14,f29	 f14:0xffffffff f29:0xff800000  f3=0x7fc00000
      91125.000 ns	      9111	800023dc	00ccd233	srl	x4,x25,x12	 x25:0xffffffff x12:0xfe1ab540  x4=0xffffffff
      92295.000 ns	      9228	800023e0	580bfd53	fsqrt.s	f26,f23	 f23:0x43800000 f26=0x417fffae
      92335.000 ns	      9232	800023e4	11e0f2d3	fmul.s	f5,f1,f30	  f1:0x4f000410 f30:0x7fc00000  f5=0x7fc00000
      92355.000 ns	      9234	800023e8	42743a37	lui	x20,0x42743	 x20=0x42743000
      92365.000 ns	      9235	800023ec	0073cf33	xor	x30,x7,x7	  x7:0x58bc7000  x7:0x58bc7000 x30=0x00000000
      92395.000 ns	      9238	800023f0	580c09d3	fsqrt.s	f19,f24	 f24:0x7fc00000 f19=0x7fc00000
      92425.000 ns	      9241	800023f4	0308dd33	divu	x26,x17,x16	 x17:0x00000000 x16:0x00000000 x26=0xffffffff
      92455.000 ns	      9244	800023f8	21a60dd3	fsgnj.s	f27,f12,f26	 f12:0xcefdbf08 f26:0x417fffae f27=0x4efdbf08
      92825.000 ns	      9281	800023fc	02ad69b3	rem	x19,x26,x10	 x26:0xffffffff x10:0xfffff800 x19=0xffffffff
      92855.000 ns	      9284	80002400	023c96b3	mulh	x13,x25,x3	 x25:0xffffffff  x3:0x00000000 x13=0x00000000
      92885.000 ns	      9287	80002404	202e1a53	fsgnjn.s	f20,f28,f2	 f28:0x7fc00000  f2:0x7fc00000 f20=0xffc00000
      92925.000 ns	      9291	80002408	10538553	fmul.s	f10,f7,f5	  f7:0x7fc00000  f5:0x7fc00000 f10=0x7fc00000
      92945.000 ns	      9293	8000240c	a8849f17	auipc	x30,0xa8849	 x30=0x2884b40c
      92955.000 ns	      9294	80002410	419757b3	sra	x15,x14,x25	 x14:0xfe1ab540 x25:0xffffffff x15=0xffffffff
      92995.000 ns	      9298	80002414	00467653	fadd.s	f12,f12,f4	 f12:0xcefdbf08  f4:0x00000000 f12=0xcefdbf08
      93365.000 ns	      9335	80002418	03f16f33	rem	x30,x2,x31	  x2:0x00000000 x31:0x80041024 x30=0x00000000
      93385.000 ns	      9337	8000241c	00009333	sll	x6,x1,x0	  x1:0x00000000  x0:0x00000000  x6=0x00000000
      93395.000 ns	      9338	80002420	01d59613	slli	x12,x11,0x1d	 x11:0x7fc00000 x12=0x00000000
      93435.000 ns	      9342	80002424	089a71d3	fsub.s	f3,f20,f9	 f20:0xffc00000  f9:0x7f800000  f3=0x7fc00000
      93465.000 ns	      9345	80002428	038e0533	mul	x10,x28,x24	 x28:0x7fffffff x24:0x00000001 x10=0x7fffffff
      93485.000 ns	      9347	8000242c	5cf5cb93	xori	x23,x11,1487	 x11:0x7fc00000 x23=0x7fc005cf
      93845.000 ns	      9383	80002430	039261b3	rem	x3,x4,x25	  x4:0xffffffff x25:0xffffffff  x3=0x00000000
      93875.000 ns	      9386	80002434	a0e11653	flt.s	x12,f2,f14	  f2:0x7fc00000 f14:0xffffffff x12=0x00000000
      93895.000 ns	      9388	80002438	50d00513	addi	x10,x0,1293	  x0:0x00000000 x10=0x0000050d
      93905.000 ns	      9389	8000243c	00000013	addi	x0,x0,0	  x0:0x00000000
      93925.000 ns	      9391	80002440	a08620d3	feq.s	x1,f12,f8	 f12:0xcefdbf08  f8:0x00000000  x1=0x00000000
      93955.000 ns	      9394	80002444	21d80ed3	fsgnj.s	f29,f16,f29	 f16:0x00000000 f29:0xff800000 f29=0x80000000
      94325.000 ns	      9431	80002448	03c05ab3	divu	x21,x0,x28	  x0:0x00000000 x28:0x7fffffff x21=0x00000000
      94345.000 ns	      9433	8000244c	0167e533	or	x10,x15,x22	 x15:0xffffffff x22:0x00000000 x10=0xffffffff
      94365.000 ns	      9435	80002450	03398533	mul	x10,x19,x19	 x19:0xffffffff x19:0xffffffff x10=0x00000001
      94385.000 ns	      9437	80002454	c789aa93	slti	x21,x19,-904	 x19:0xffffffff x21=0x00000000
      94395.000 ns	      9438	80002458	0006b033	sltu	x0,x13,x0	 x13:0x00000000  x0:0x00000000
      94415.000 ns	      9440	8000245c	f0038a53	fmv.w.x	f20,x7	  x7:0x58bc7000 f20=0x58bc7000
      94465.000 ns	      9445	80002460	08b13d53	fsub.s	f26,f2,f11	  f2:0x7fc00000 f11:0xffc00000 f26=0x7fc00000
      94495.000 ns	      9448	80002464	03fd8833	mul	x16,x27,x31	 x27:0x00000001 x31:0x80041024 x16=0x80041024
      94515.000 ns	      9450	80002468	41bd53b3	sra	x7,x26,x27	 x26:0xffffffff x27:0x00000001  x7=0xffffffff
      94525.000 ns	      9451	8000246c	01b6e333	or	x6,x13,x27	 x13:0x00000000 x27:0x00000001  x6=0x00000001
      94535.000 ns	      9452	80002470	116cc093	xori	x1,x25,278	 x25:0xffffffff  x1=0xfffffee9
      94545.000 ns	      9453	80002474	01387d33	and	x26,x16,x19	 x16:0x80041024 x19:0xffffffff x26=0x80041024
      94565.000 ns	      9455	80002478	03118ab3	mul	x21,x3,x17	  x3:0x00000000 x17:0x00000000 x21=0x00000000
      94595.000 ns	      9458	8000247c	a1e9a6d3	feq.s	x13,f19,f30	 f19:0x7fc00000 f30:0x7fc00000 x13=0x00000000
      94615.000 ns	      9460	80002480	041df413	andi	x8,x27,65	 x27:0x00000001  x8=0x00000001
      94635.000 ns	      9462	80002484	022a83b3	mul	x7,x21,x2	 x21:0x00000000  x2:0x00000000  x7=0x00000000
      94655.000 ns	      9464	80002488	414e87b3	sub	x15,x29,x20	 x29:0x00000000 x20:0x42743000 x15=0xbd8bd000
      94665.000 ns	      9465	8000248c	412dd013	srai	x0,x27,0x12	 x27:0x00000001
      94675.000 ns	      9466	80002490	00810033	add	x0,x2,x8	  x2:0x00000000  x8:0x00000001
      94685.000 ns	      9467	80002494	4b770b93	addi	x23,x14,1207	 x14:0xfe1ab540 x23=0xfe1ab9f7
      94695.000 ns	      9468	80002498	5810e913	ori	x18,x1,1409	  x1:0xfffffee9 x18=0xffffffe9
      94715.000 ns	      9470	8000249c	c014fb53	fcvt.wu.s	x22,f9	  f9:0x7f800000 x22=0xffffffff
      94735.000 ns	      9472	800024a0	3c855917	auipc	x18,0x3c855	 x18=0xbc8574a0
      94755.000 ns	      9474	800024a4	e00c99d3	fclass.s	x19,f25	 f25:0x00000010 x19=0x00000020
      94785.000 ns	      9477	800024a8	03d885b3	mul	x11,x17,x29	 x17:0x00000000 x29:0x00000000 x11=0x00000000
      94805.000 ns	      9479	800024ac	af69ba37	lui	x20,0xaf69b	 x20=0xaf69b000
      94825.000 ns	      9481	800024b0	2081aed3	fsgnjx.s	f29,f3,f8	  f3:0x7fc00000  f8:0x00000000 f29=0x7fc00000
      94845.000 ns	      9483	800024b4	01a1d313	srli	x6,x3,0x1a	  x3:0x00000000  x6=0x00000000
      94865.000 ns	      9485	800024b8	e00e05d3	fmv.x.w	x11,f28	 f28:0x7fc00000 x11=0x7fc00000
      94895.000 ns	      9488	800024bc	03e43833	mulhu	x16,x8,x30	  x8:0x00000001 x30:0x00000000 x16=0x00000000
      94925.000 ns	      9491	800024c0	025d2233	mulhsu	x4,x26,x5	 x26:0x80041024  x5:0xf0d585cf  x4=0x87990f9d
      94975.000 ns	      9496	800024c4	013bf0d3	fadd.s	f1,f23,f19	 f23:0x43800000 f19:0x7fc00000  f1=0x7fc00000
      94995.000 ns	      9498	800024c8	40d55793	srai	x15,x10,0xd	 x10:0x00000001 x15=0x00000000
      95015.000 ns	      9500	800024cc	21378553	fsgnj.s	f10,f15,f19	 f15:0x7fc00000 f19:0x7fc00000 f10=0x7fc00000
      95035.000 ns	      9502	800024d0	a1e12097	auipc	x1,0xa1e12	  x1=0x21e144d0
      95045.000 ns	      9503	800024d4	38b24e37	lui	x28,0x38b24	 x28=0x38b24000
      95065.000 ns	      9505	800024d8	d016fad3	fcvt.s.wu	f21,x13	 x13:0x00000000 f21=0x00000000
      95095.000 ns	      9508	800024dc	03115633	divu	x12,x2,x17	  x2:0x00000000 x17:0x00000000 x12=0xffffffff
      95115.000 ns	      9510	800024e0	3a378013	addi	x0,x15,931	 x15:0x00000000
      95125.000 ns	      9511	800024e4	b37bad17	auipc	x26,0xb37ba	 x26=0x337bc4e4
      95485.000 ns	      9547	800024e8	039eeb33	rem	x22,x29,x25	 x29:0x00000000 x25:0xffffffff x22=0x00000000
      95525.000 ns	      9551	800024ec	11d379d3	fmul.s	f19,f6,f29	  f6:0x7f800000 f29:0x7fc00000 f19=0x7fc00000
      95555.000 ns	      9554	800024f0	20e40253	fsgnj.s	f4,f8,f14	  f8:0x00000000 f14:0xffffffff  f4=0x80000000
      95925.000 ns	      9591	800024f4	02ea4733	div	x14,x20,x14	 x20:0xaf69b000 x14:0xfe1ab540 x14=0x0000002a
      95955.000 ns	      9594	800024f8	d01afb53	fcvt.s.wu	f22,x21	 x21:0x00000000 f22=0x00000000
      95985.000 ns	      9597	800024fc	d017ffd3	fcvt.s.wu	f31,x15	 x15:0x00000000 f31=0x00000000
      96005.000 ns	      9599	80002500	b662ef13	ori	x30,x5,-1178	  x5:0xf0d585cf x30=0xffffffef
      96015.000 ns	      9600	80002504	00658f33	add	x30,x11,x6	 x11:0x7fc00000  x6:0x00000000 x30=0x7fc00000
      96035.000 ns	      9602	80002508	f0058153	fmv.w.x	f2,x11	 x11:0x7fc00000  f2=0x7fc00000
      96065.000 ns	      9605	8000250c	28239dd3	fmax.s	f27,f7,f2	  f7:0x7fc00000  f2:0x7fc00000 f27=0x7fc00000
      96095.000 ns	      9608	80002510	030526b3	mulhsu	x13,x10,x16	 x10:0x00000001 x16:0x00000000 x13=0x00000000
      96115.000 ns	      9610	80002514	415f06b3	sub	x13,x30,x21	 x30:0x7fc00000 x21:0x00000000 x13=0x7fc00000
      96135.000 ns	      9612	80002518	d002be53	fcvt.s.w	f28,x5	  x5:0xf0d585cf f28=0xcd72a7a4
      96165.000 ns	      9615	8000251c	e00b8b53	fmv.x.w	x22,f23	 f23:0x43800000 x22=0x43800000
      96195.000 ns	      9618	80002520	292c9bd3	fmax.s	f23,f25,f18	 f25:0x00000010 f18:0x4f000410 f23=0x4f000410
      96245.000 ns	      9623	80002524	01e7fd53	fadd.s	f26,f15,f30	 f15:0x7fc00000 f30:0x7fc00000 f26=0x7fc00000
      96275.000 ns	      9626	80002528	d008cb53	fcvt.s.w	f22,x17	 x17:0x00000000 f22=0x00000000
      96305.000 ns	      9629	8000252c	284c0353	fmin.s	f6,f24,f4	 f24:0x7fc00000  f4:0x80000000  f6=0x80000000
      96335.000 ns	      9632	80002530	d008f153	fcvt.s.w	f2,x17	 x17:0x00000000  f2=0x00000000
      96355.000 ns	      9634	80002534	0050fdb3	and	x27,x1,x5	  x1:0x21e144d0  x5:0xf0d585cf x27=0x20c104c0
      96365.000 ns	      9635	80002538	41c40b33	sub	x22,x8,x28	  x8:0x00000001 x28:0x38b24000 x22=0xc74dc001
      96385.000 ns	      9637	8000253c	21d68853	fsgnj.s	f16,f13,f29	 f13:0x43800000 f29:0x7fc00000 f16=0x43800000
      96405.000 ns	      9639	80002540	01cec433	xor	x8,x29,x28	 x29:0x00000000 x28:0x38b24000  x8=0x38b24000
      96415.000 ns	      9640	80002544	0087be33	sltu	x28,x15,x8	 x15:0x00000000  x8:0x00000001 x28=0x00000001
      96435.000 ns	      9642	80002548	02bd9533	mulh	x10,x27,x11	 x27:0x20c104c0 x11:0x7fc00000 x10=0x1058521e
      96455.000 ns	      9644	8000254c	00530cb3	add	x25,x6,x5	  x6:0x00000000  x5:0xf0d585cf x25=0xf0d585cf
      96475.000 ns	      9646	80002550	a1e380d3	fle.s	x1,f7,f30	  f7:0x7fc00000 f30:0x7fc00000  x1=0x00000000
      96495.000 ns	      9648	80002554	ba5d9e97	auipc	x29,0xba5d9	 x29=0x3a5db554
      96505.000 ns	      9649	80002558	31ddbe13	sltiu	x28,x27,797	 x27:0x20c104c0 x28=0x00000000
      96865.000 ns	      9685	8000255c	02514ab3	div	x21,x2,x5	  x2:0x00000000  x5:0xf0d585cf x21=0x00000000
      96895.000 ns	      9688	80002560	d00c0753	fcvt.s.w	f14,x24	 x24:0x00000001 f14=0x3f800000
      96935.000 ns	      9692	80002564	1922a153	fdiv.s	f2,f5,f18	  f5:0x7fc00000 f18:0x4f000410  f2=0x7fc00000
      96955.000 ns	      9694	80002568	aa410193	addi	x3,x2,-1372	  x2:0x00000000  x3=0xfffffaa4
      96965.000 ns	      9695	8000256c	406701b3	sub	x3,x14,x6	 x14:0x0000002a  x6:0x00000000  x3=0x0000002a
      96975.000 ns	      9696	80002570	009dac33	slt	x24,x27,x9	 x27:0x20c104c0  x9:0x80040fe4 x24=0x00000000
      97015.000 ns	      9700	80002574	08674b53	fsub.s	f22,f14,f6	 f14:0x3f800000  f6:0x80000000 f22=0x3f800000
      97065.000 ns	      9705	80002578	010efd53	fadd.s	f26,f29,f16	 f29:0x7fc00000 f16:0x43800000 f26=0x7fc00000
      97085.000 ns	      9707	8000257c	eaf57513	andi	x10,x10,-337	 x10:0x1058521e x10=0x1058520e
      97095.000 ns	      9708	80002580	002d0633	add	x12,x26,x2	 x26:0x337bc4e4  x2:0x00000000 x12=0x337bc4e4
      97105.000 ns	      9709	80002584	4b294db7	lui	x27,0x4b294	 x27=0x4b294000
      97115.000 ns	      9710	80002588	008409b3	add	x19,x8,x8	  x8:0x38b24000  x8:0x38b24000 x19=0x71648000
      97135.000 ns	      9712	8000258c	c0177753	fcvt.wu.s	x14,f14	 f14:0x3f800000 x14=0x00000001
      97165.000 ns	      9715	80002590	030bf633	remu	x12,x23,x16	 x23:0xfe1ab9f7 x16:0x00000000 x12=0xfe1ab9f7
      97185.000 ns	      9717	80002594	005d3533	sltu	x10,x26,x5	 x26:0x337bc4e4  x5:0xf0d585cf x10=0x00000001
      97545.000 ns	      9753	80002598	03d6ed33	rem	x26,x13,x29	 x13:0x7fc00000 x29:0x3a5db554 x26=0x0b049558
      97565.000 ns	      9755	8000259c	6e4e2393	slti	x7,x28,1764	 x28:0x00000000  x7=0x00000001
      97575.000 ns	      9756	800025a0	00095393	srli	x7,x18,0x0	 x18:0xbc8574a0  x7=0xbc8574a0
      97585.000 ns	      9757	800025a4	4bf6c093	xori	x1,x13,1215	 x13:0x7fc00000  x1=0x7fc004bf
      97595.000 ns	      9758	800025a8	2e232893	slti	x17,x6,738	  x6:0x00000000 x17=0x00000001
      97605.000 ns	      9759	800025ac	5730a793	slti	x15,x1,1395	  x1:0x00000000 x15=0x00000000
      97625.000 ns	      9761	800025b0	c00f4bd3	fcvt.w.s	x23,f30	 f30:0x7fc00000 x23=0x7fffffff
      97645.000 ns	      9763	800025b4	006f7bb3	and	x23,x30,x6	 x30:0x7fc00000  x6:0x00000000 x23=0x00000000
      97665.000 ns	      9765	800025b8	024e8133	mul	x2,x29,x4	 x29:0x3a5db554  x4:0x87990f9d  x2=0xf44c2084
      97685.000 ns	      9767	800025bc	fd65f013	andi	x0,x11,-42	 x11:0x7fc00000
      97705.000 ns	      9769	800025c0	035ce833	rem	x16,x25,x21	 x25:0xf0d585cf x21:0x00000000 x16=0xf0d585cf
      97735.000 ns	      9772	800025c4	e00c8a53	fmv.x.w	x20,f25	 f25:0x00000010 x20=0x00000010
      97765.000 ns	      9775	800025c8	28fc9f53	fmax.s	f30,f25,f15	 f25:0x00000010 f15:0x7fc00000 f30=0x00000010
      97795.000 ns	      9778	800025cc	a06e1ad3	flt.s	x21,f28,f6	 f28:0xcd72a7a4  f6:0x80000000 x21=0x00000001
      97835.000 ns	      9782	800025d0	5804ffd3	fsqrt.s	f31,f9	  f9:0x7f800000 f31=0x7f800000
      97865.000 ns	      9785	800025d4	28b81453	fmax.s	f8,f16,f11	 f16:0x43800000 f11:0xffc00000  f8=0x43800000
      97895.000 ns	      9788	800025d8	a1302c53	feq.s	x24,f0,f19	  f0:0xff800000 f19:0x7fc00000 x24=0x00000000
      97925.000 ns	      9791	800025dc	c015c3d3	fcvt.wu.s	x7,f11	 f11:0xffc00000  x7=0xffffffff
      98295.000 ns	      9828	800025e0	028366b3	rem	x13,x6,x8	  x6:0x00000000  x8:0x38b24000 x13=0x00000000
      98325.000 ns	      9831	800025e4	20b49653	fsgnjn.s	f12,f9,f11	  f9:0x7f800000 f11:0xffc00000 f12=0x7f800000
      98345.000 ns	      9833	800025e8	74ca0513	addi	x10,x20,1868	 x20:0x00000010 x10=0x0000075c
      98365.000 ns	      9835	800025ec	28d59bd3	fmax.s	f23,f11,f13	 f11:0xffc00000 f13:0x43800000 f23=0x43800000
      98395.000 ns	      9838	800025f0	284e0653	fmin.s	f12,f28,f4	 f28:0xcd72a7a4  f4:0x80000000 f12=0xcd72a7a4
      98435.000 ns	      9842	800025f4	103d2953	fmul.s	f18,f26,f3	 f26:0x7fc00000  f3:0x7fc00000 f18=0x7fc00000
      98455.000 ns	      9844	800025f8	01727933	and	x18,x4,x23	  x4:0x87990f9d x23:0x00000000 x18=0x00000000
      98475.000 ns	      9846	800025fc	e00d0253	fmv.x.w	x4,f26	 f26:0x7fc00000  x4=0x7fc00000
      98505.000 ns	      9849	80002600	d0082253	fcvt.s.w	f4,x16	 x16:0xf0d585cf  f4=0xcd72a7a4
      98525.000 ns	      9851	80002604	00d36133	or	x2,x6,x13	  x6:0x00000000 x13:0x00000000  x2=0x00000000
      98535.000 ns	      9852	80002608	e9367213	andi	x4,x12,-365	 x12:0xfe1ab9f7  x4=0xfe1ab893
      98555.000 ns	      9854	8000260c	283e17d3	fmax.s	f15,f28,f3	 f28:0xcd72a7a4  f3:0x7fc00000 f15=0xcd72a7a4
      99735.000 ns	      9972	80002610	580b7853	fsqrt.s	f16,f22	 f22:0x3f800000 f16=0x3f7fffae
      99755.000 ns	      9974	80002614	3654f593	andi	x11,x9,869	  x9:0x80040fe4 x11=0x00000364
      99765.000 ns	      9975	80002618	01a33233	sltu	x4,x6,x26	  x6:0x00000000 x26:0x0b049558  x4=0x00000001
      99775.000 ns	      9976	8000261c	00cb1993	slli	x19,x22,0xc	 x22:0xc74dc001 x19=0xdc001000
      99785.000 ns	      9977	80002620	0075d9b3	srl	x19,x11,x7	 x11:0x00000364  x7:0xffffffff x19=0x00000000
      99795.000 ns	      9978	80002624	6dd10213	addi	x4,x2,1757	  x2:0x00000000  x4=0x000006dd
      99815.000 ns	      9980	80002628	285108d3	fmin.s	f17,f2,f5	  f2:0x7fc00000  f5:0x7fc00000 f17=0x7fc00000
      99845.000 ns	      9983	8000262c	c00171d3	fcvt.w.s	x3,f2	  f2:0x7fc00000  x3=0x7fffffff
      99885.000 ns	      9987	80002630	18fec753	fdiv.s	f14,f29,f15	 f29:0x7fc00000 f15:0xcd72a7a4 f14=0x7fc00000
      99915.000 ns	      9990	80002634	21ad0ad3	fsgnj.s	f21,f26,f26	 f26:0x7fc00000 f26:0x7fc00000 f21=0x7fc00000
      99935.000 ns	      9992	80002638	00000013	addi	x0,x0,0	  x0:0x00000000
      99945.000 ns	      9993	8000263c	00000013	addi	x0,x0,0	  x0:0x00000000
      99965.000 ns	      9995	80002640	e00b1853	fclass.s	x16,f22	 f22:0x3f800000 x16=0x00000040
      99985.000 ns	      9997	80002644	01840a33	add	x20,x8,x24	  x8:0x38b24000 x24:0x00000000 x20=0x38b24000
     100005.000 ns	      9999	80002648	c005f653	fcvt.w.s	x12,f11	 f11:0xffc00000 x12=0x7fffffff
     100025.000 ns	     10001	8000264c	017d87b3	add	x15,x27,x23	 x27:0x4b294000 x23:0x00000000 x15=0x4b294000
     100045.000 ns	     10003	80002650	a09b98d3	flt.s	x17,f23,f9	 f23:0x43800000  f9:0x7f800000 x17=0x00000001
     100065.000 ns	     10005	80002654	75812d13	slti	x26,x2,1880	  x2:0x00000000 x26=0x00000001
     100085.000 ns	     10007	80002658	a1d300d3	fle.s	x1,f6,f29	  f6:0x80000000 f29:0x7fc00000  x1=0x00000000
     100105.000 ns	     10009	8000265c	00e410b3	sll	x1,x8,x14	  x8:0x38b24000 x14:0x00000001  x1=0x71648000
     100125.000 ns	     10011	80002660	a0dc2a53	feq.s	x20,f24,f13	 f24:0x7fc00000 f13:0x43800000 x20=0x00000000
     100155.000 ns	     10014	80002664	d000fe53	fcvt.s.w	f28,x1	  x1:0x00000000 f28=0x4ee2c900
     100185.000 ns	     10017	80002668	032fa8b3	mulhsu	x17,x31,x18	 x31:0x80041024 x18:0x00000000 x17=0x00000000
     100215.000 ns	     10020	8000266c	e00d8753	fmv.x.w	x14,f27	 f27:0x7fc00000 x14=0x7fc00000
     100235.000 ns	     10022	80002670	009343b3	xor	x7,x6,x9	  x6:0x00000000  x9:0x80040fe4  x7=0x80040fe4
     100245.000 ns	     10023	80002674	01f71333	sll	x6,x14,x31	 x14:0x7fc00000 x31:0x80041024  x6=0xfc000000
     100265.000 ns	     10025	80002678	c01b79d3	fcvt.wu.s	x19,f22	 f22:0x3f800000 x19=0x00000001
     100285.000 ns	     10027	8000267c	009fedb3	or	x27,x31,x9	 x31:0x80041024  x9:0x80040fe4 x27=0x80041fe4
     100305.000 ns	     10029	80002680	a1070053	fle.s	x0,f14,f16	 f14:0x7fc00000 f16:0x3f7fffae
     100335.000 ns	     10032	80002684	204b9c53	fsgnjn.s	f24,f23,f4	 f23:0x43800000  f4:0xcd72a7a4 f24=0x43800000
     100355.000 ns	     10034	80002688	00df4433	xor	x8,x30,x13	 x30:0x7fc00000 x13:0x00000000  x8=0x7fc00000
     101525.000 ns	     10151	8000268c	580a4153	fsqrt.s	f2,f20	 f20:0x58bc7000  f2=0x4c1b4e55
     101545.000 ns	     10153	80002690	00000013	addi	x0,x0,0	  x0:0x00000000
     101565.000 ns	     10155	80002694	020637b3	mulhu	x15,x12,x0	 x12:0x7fffffff  x0:0x00000000 x15=0x00000000
     101605.000 ns	     10159	80002698	19bc4953	fdiv.s	f18,f24,f27	 f24:0x43800000 f27:0x7fc00000 f18=0x7fc00000
     101625.000 ns	     10161	8000269c	b98ab393	sltiu	x7,x21,-1128	 x21:0x00000001  x7=0x00000001
     101635.000 ns	     10162	800026a0	0052be33	sltu	x28,x5,x5	  x5:0xf0d585cf  x5:0xf0d585cf x28=0x00000000
     101995.000 ns	     10198	800026a4	0360cc33	div	x24,x1,x22	  x1:0x71648000 x22:0xc74dc001 x24=0xfffffffe
     102015.000 ns	     10200	800026a8	4042d5b3	sra	x11,x5,x4	  x5:0xf0d585cf  x4:0x000006dd x11=0xffffffff
     102035.000 ns	     10202	800026ac	03431933	mulh	x18,x6,x20	  x6:0xfc000000 x20:0x00000000 x18=0x00000000
     102065.000 ns	     10205	800026b0	027f9933	mulh	x18,x31,x7	 x31:0x80041024  x7:0x00000001 x18=0xffffffff
     102095.000 ns	     10208	800026b4	02e43e33	mulhu	x28,x8,x14	  x8:0x7fc00000 x14:0x7fc00000 x28=0x3fc01000
     102125.000 ns	     10211	800026b8	299d9e53	fmax.s	f28,f27,f25	 f27:0x7fc00000 f25:0x00000010 f28=0x00000010
     102175.000 ns	     10216	800026bc	00697d53	fadd.s	f26,f18,f6	 f18:0x7fc00000  f6:0x80000000 f26=0x7fc00000
     102195.000 ns	     10218	800026c0	00587bb3	and	x23,x16,x5	 x16:0x00000040  x5:0xf0d585cf x23=0x00000040
     102235.000 ns	     10222	800026c4	080ba8d3	fsub.s	f17,f23,f0	 f23:0x43800000  f0:0xff800000 f17=0x7f800000
     102265.000 ns	     10225	800026c8	a0e00ed3	fle.s	x29,f0,f14	  f0:0xff800000 f14:0x7fc00000 x29=0x00000000
     102285.000 ns	     10227	800026cc	cd52f7b7	lui	x15,0xcd52f	 x15=0xcd52f000
     102305.000 ns	     10229	800026d0	201609d3	fsgnj.s	f19,f12,f1	 f12:0xcd72a7a4  f1:0x7fc00000 f19=0x4d72a7a4
     102325.000 ns	     10231	800026d4	00b49b33	sll	x22,x9,x11	  x9:0x80040fe4 x11:0xffffffff x22=0x00000000
     102355.000 ns	     10234	800026d8	104ac1d3	fmul.s	f3,f21,f4	 f21:0x7fc00000  f4:0xcd72a7a4  f3=0x7fc00000
     102385.000 ns	     10237	800026dc	d01c72d3	fcvt.s.wu	f5,x24	 x24:0xfffffffe  f5=0x4f7fffff
     102405.000 ns	     10239	800026e0	97938537	lui	x10,0x97938	 x10=0x97938000
     102415.000 ns	     10240	800026e4	01db4eb3	xor	x29,x22,x29	 x22:0x00000000 x29:0x00000000 x29=0x00000000
     102435.000 ns	     10242	800026e8	d0177a53	fcvt.s.wu	f20,x14	 x14:0x7fc00000 f20=0x4eff8000
     102455.000 ns	     10244	800026ec	402856b3	sra	x13,x16,x2	 x16:0x00000040  x2:0x00000000 x13=0x00000040
     102475.000 ns	     10246	800026f0	204f2e53	fsgnjx.s	f28,f30,f4	 f30:0x00000010  f4:0xcd72a7a4 f28=0x80000010
     102495.000 ns	     10248	800026f4	ce23f613	andi	x12,x7,-798	  x7:0x00000001 x12=0x00000000
     102515.000 ns	     10250	800026f8	2116a8d3	fsgnjx.s	f17,f13,f17	 f13:0x43800000 f17:0x7f800000 f17=0x43800000
     102535.000 ns	     10252	800026fc	01a436b3	sltu	x13,x8,x26	  x8:0x7fc00000 x26:0x00000001 x13=0x00000000
     102545.000 ns	     10253	80002700	018d9733	sll	x14,x27,x24	 x27:0x80041fe4 x24:0xfffffffe x14=0x00000000
     102555.000 ns	     10254	80002704	4089d513	srai	x10,x19,0x8	 x19:0x00000001 x10=0x00000000
     102565.000 ns	     10255	80002708	c987c913	xori	x18,x15,-872	 x15:0xcd52f000 x18=0x32ad0c98
     102585.000 ns	     10257	8000270c	c01b4c53	fcvt.wu.s	x24,f22	 f22:0x3f800000 x24=0x00000001
     102605.000 ns	     10259	80002710	00000013	addi	x0,x0,0	  x0:0x00000000
     102625.000 ns	     10261	80002714	28df9dd3	fmax.s	f27,f31,f13	 f31:0x7f800000 f13:0x43800000 f27=0x7f800000
     102675.000 ns	     10266	80002718	09e594d3	fsub.s	f9,f11,f30	 f11:0xffc00000 f30:0x00000010  f9=0x7fc00000
     102705.000 ns	     10269	8000271c	f0098f53	fmv.w.x	f30,x19	 x19:0x00000001 f30=0x00000001
     102735.000 ns	     10272	80002720	29a28ad3	fmin.s	f21,f5,f26	  f5:0x4f7fffff f26:0x7fc00000 f21=0x4f7fffff
     102755.000 ns	     10274	80002724	00000013	addi	x0,x0,0	  x0:0x00000000
     102765.000 ns	     10275	80002728	00c9cab3	xor	x21,x19,x12	 x19:0x00000001 x12:0x00000000 x21=0x00000001
     102785.000 ns	     10277	8000272c	036a8f33	mul	x30,x21,x22	 x21:0x00000001 x22:0x00000000 x30=0x00000000
     102825.000 ns	     10281	80002730	102877d3	fmul.s	f15,f16,f2	 f16:0x3f7fffae  f2:0x4c1b4e55 f15=0x4c1b4e23
     102855.000 ns	     10284	80002734	a0b62453	feq.s	x8,f12,f11	 f12:0xcd72a7a4 f11:0xffc00000  x8=0x00000000
     102885.000 ns	     10287	80002738	e00d11d3	fclass.s	x3,f26	 f26:0x7fc00000  x3=0x00000200
     102915.000 ns	     10290	8000273c	28e10153	fmin.s	f2,f2,f14	  f2:0x4c1b4e55 f14:0x7fc00000  f2=0x4c1b4e55
     102945.000 ns	     10293	80002740	03e14033	div	x0,x2,x30	  x2:0x00000000 x30:0x00000000
     102965.000 ns	     10295	80002744	01270ab3	add	x21,x14,x18	 x14:0x00000000 x18:0x32ad0c98 x21=0x32ad0c98
     102985.000 ns	     10297	80002748	286e91d3	fmax.s	f3,f29,f6	 f29:0x7fc00000  f6:0x80000000  f3=0x80000000
     103005.000 ns	     10299	8000274c	ed644137	lui	x2,0xed644	  x2=0xed644000
     103015.000 ns	     10300	80002750	00165d13	srli	x26,x12,0x1	 x12:0x00000000 x26=0x00000000
     103025.000 ns	     10301	80002754	bc094713	xori	x14,x18,-1088	 x18:0x32ad0c98 x14=0xcd52f758
     103045.000 ns	     10303	80002758	c0087b53	fcvt.w.s	x22,f16	 f16:0x3f7fffae x22=0x00000000
     103075.000 ns	     10306	8000275c	a1a78ed3	fle.s	x29,f15,f26	 f15:0x4c1b4e23 f26:0x7fc00000 x29=0x00000000
     104255.000 ns	     10424	80002760	5807bb53	fsqrt.s	f22,f15	 f15:0x4c1b4e23 f22=0x455ba1e4
     104275.000 ns	     10426	80002764	01fb8c33	add	x24,x23,x31	 x23:0x00000040 x31:0x80041024 x24=0x80041064
     104285.000 ns	     10427	80002768	01c72db3	slt	x27,x14,x28	 x14:0xcd52f758 x28:0x3fc01000 x27=0x00000001
     104295.000 ns	     10428	8000276c	01ef9513	slli	x10,x31,0x1e	 x31:0x80041024 x10=0x00000000
     104305.000 ns	     10429	80002770	0caf8813	addi	x16,x31,202	 x31:0x80041024 x16=0x800410ee
     104325.000 ns	     10431	80002774	204b9b53	fsgnjn.s	f22,f23,f4	 f23:0x43800000  f4:0xcd72a7a4 f22=0x43800000
     104345.000 ns	     10433	80002778	00331693	slli	x13,x6,0x3	  x6:0xfc000000 x13=0xe0000000
     104355.000 ns	     10434	8000277c	00a23cb3	sltu	x25,x4,x10	  x4:0x000006dd x10:0x00000000 x25=0x00000000
     104365.000 ns	     10435	80002780	00c458b3	srl	x17,x8,x12	  x8:0x00000000 x12:0x00000000 x17=0x00000000
     104385.000 ns	     10437	80002784	02a24d33	div	x26,x4,x10	  x4:0x000006dd x10:0x00000000 x26=0xffffffff
     104405.000 ns	     10439	80002788	6fab6793	ori	x15,x22,1786	 x22:0x00000000 x15=0x000006fa
     104425.000 ns	     10441	8000278c	027e1e33	mulh	x28,x28,x7	 x28:0x3fc01000  x7:0x00000001 x28=0x00000000
     104445.000 ns	     10443	80002790	f9e0ed13	ori	x26,x1,-98	  x1:0x71648000 x26=0xffffff9e
     104455.000 ns	     10444	80002794	6d508d13	addi	x26,x1,1749	  x1:0x71648000 x26=0x716486d5
     105625.000 ns	     10561	80002798	58069cd3	fsqrt.s	f25,f13	 f13:0x43800000 f25=0x417fffae
     105655.000 ns	     10564	8000279c	d00d08d3	fcvt.s.w	f17,x26	 x26:0xffffff9e f17=0x4ee2c90d
     105685.000 ns	     10567	800027a0	028a3db3	mulhu	x27,x20,x8	 x20:0x00000000  x8:0x00000000 x27=0x00000000
     105705.000 ns	     10569	800027a4	01a79393	slli	x7,x15,0x1a	 x15:0x000006fa  x7=0xe8000000
     105725.000 ns	     10571	800027a8	c0097b53	fcvt.w.s	x22,f18	 f18:0x7fc00000 x22=0x7fffffff
     105745.000 ns	     10573	800027ac	0054ad33	slt	x26,x9,x5	  x9:0x80040fe4  x5:0xf0d585cf x26=0x00000001
     105765.000 ns	     10575	800027b0	03c2fdb3	remu	x27,x5,x28	  x5:0xf0d585cf x28:0x00000000 x27=0xf0d585cf
     105805.000 ns	     10579	800027b4	1111c353	fmul.s	f6,f3,f17	  f3:0x80000000 f17:0x4ee2c90d  f6=0x80000000
     105845.000 ns	     10583	800027b8	115a90d3	fmul.s	f1,f21,f21	 f21:0x4f7fffff f21:0x4f7fffff  f1=0x5f7ffffe
     105865.000 ns	     10585	800027bc	0130b233	sltu	x4,x1,x19	  x1:0x71648000 x19:0x00000001  x4=0x00000000
     105905.000 ns	     10589	800027c0	011122d3	fadd.s	f5,f2,f17	  f2:0x4c1b4e55 f17:0x4ee2c90d  f5=0x4ee7a37f
     105925.000 ns	     10591	800027c4	9bd0d7b7	lui	x15,0x9bd0d	 x15=0x9bd0d000
     105935.000 ns	     10592	800027c8	01e9f833	and	x16,x19,x30	 x19:0x00000001 x30:0x00000000 x16=0x00000000
     105945.000 ns	     10593	800027cc	62890413	addi	x8,x18,1576	 x18:0x32ad0c98  x8=0x32ad12c0
     105965.000 ns	     10595	800027d0	28dd9f53	fmax.s	f30,f27,f13	 f27:0x7f800000 f13:0x43800000 f30=0x7f800000
     106015.000 ns	     10600	800027d4	01fef453	fadd.s	f8,f29,f31	 f29:0x7fc00000 f31:0x7f800000  f8=0x7fc00000
     106035.000 ns	     10602	800027d8	b4e3fa13	andi	x20,x7,-1202	  x7:0xe8000000 x20=0xe8000000
     106045.000 ns	     10603	800027dc	01fe5cb3	srl	x25,x28,x31	 x28:0x00000000 x31:0x80041024 x25=0x00000000
     106065.000 ns	     10605	800027e0	d01a73d3	fcvt.s.wu	f7,x20	 x20:0x00000000  f7=0x4f680000
     106095.000 ns	     10608	800027e4	03aaa9b3	mulhsu	x19,x21,x26	 x21:0x32ad0c98 x26:0x00000001 x19=0x00000000
     106115.000 ns	     10610	800027e8	16d0f413	andi	x8,x1,365	  x1:0x71648000  x8=0x00000000
     106155.000 ns	     10614	800027ec	0883f253	fsub.s	f4,f7,f8	  f7:0x4f680000  f8:0x7fc00000  f4=0x7fc00000
     106185.000 ns	     10617	800027f0	a05d2ad3	feq.s	x21,f26,f5	 f26:0x7fc00000  f5:0x4ee7a37f x21=0x00000000
     106215.000 ns	     10620	800027f4	03dbcc33	div	x24,x23,x29	 x23:0x00000040 x29:0x00000000 x24=0xffffffff
     106235.000 ns	     10622	800027f8	c799e517	auipc	x10,0xc799e	 x10=0x479a07f8
     106245.000 ns	     10623	800027fc	3f074e13	xori	x28,x14,1008	 x14:0xcd52f758 x28=0xcd52f4a8
     106255.000 ns	     10624	80002800	009e53b3	srl	x7,x28,x9	 x28:0x00000000  x9:0x80040fe4  x7=0x0cd52f4a
     106275.000 ns	     10626	80002804	a0752953	feq.s	x18,f10,f7	 f10:0x7fc00000  f7:0x4f680000 x18=0x00000000
     106295.000 ns	     10628	80002808	013a5c33	srl	x24,x20,x19	 x20:0xe8000000 x19:0x00000000 x24=0xe8000000
     106305.000 ns	     10629	8000280c	bf700413	addi	x8,x0,-1033	  x0:0x00000000  x8=0xfffffbf7
     106325.000 ns	     10631	80002810	c0159ed3	fcvt.wu.s	x29,f11	 f11:0xffc00000 x29=0xffffffff
     106355.000 ns	     10634	80002814	212c2f53	fsgnjx.s	f30,f24,f18	 f24:0x43800000 f18:0x7fc00000 f30=0x43800000
     106375.000 ns	     10636	80002818	ddbbb513	sltiu	x10,x23,-549	 x23:0x00000040 x10=0x00000001
     106385.000 ns	     10637	8000281c	7afff093	andi	x1,x31,1967	 x31:0x80041024  x1=0x00000024
     106395.000 ns	     10638	80002820	25e0a693	slti	x13,x1,606	  x1:0x71648000 x13=0x00000001
     106435.000 ns	     10642	80002824	01f782d3	fadd.s	f5,f15,f31	 f15:0x4c1b4e23 f31:0x7f800000  f5=0x7f800000
     106455.000 ns	     10644	80002828	01618c33	add	x24,x3,x22	  x3:0x00000200 x22:0x7fffffff x24=0x800001ff
     106465.000 ns	     10645	8000282c	00000013	addi	x0,x0,0	  x0:0x00000000
     106475.000 ns	     10646	80002830	df6b2713	slti	x14,x22,-522	 x22:0x7fffffff x14=0x00000000
     106485.000 ns	     10647	80002834	001a5ab3	srl	x21,x20,x1	 x20:0xe8000000  x1:0x00000024 x21=0x0e800000
     106845.000 ns	     10683	80002838	0292c3b3	div	x7,x5,x9	  x5:0xf0d585cf  x9:0x80040fe4  x7=0x00000000
     106875.000 ns	     10686	8000283c	29a286d3	fmin.s	f13,f5,f26	  f5:0x7f800000 f26:0x7fc00000 f13=0x7f800000
     106895.000 ns	     10688	80002840	01355b13	srli	x22,x10,0x13	 x10:0x00000001 x22=0x00000000
     106915.000 ns	     10690	80002844	d0187fd3	fcvt.s.wu	f31,x16	 x16:0x00000000 f31=0x00000000
     106935.000 ns	     10692	80002848	9f06a697	auipc	x13,0x9f06a	 x13=0x1f06c848
     106955.000 ns	     10694	8000284c	21cd15d3	fsgnjn.s	f11,f26,f28	 f26:0x7fc00000 f28:0x80000010 f11=0x7fc00000
     106975.000 ns	     10696	80002850	40b25113	srai	x2,x4,0xb	  x4:0x00000000  x2=0x00000000
     106995.000 ns	     10698	80002854	02eb0b33	mul	x22,x22,x14	 x22:0x00000000 x14:0x00000000 x22=0x00000000
     107035.000 ns	     10702	80002858	18d0f8d3	fdiv.s	f17,f1,f13	  f1:0x5f7ffffe f13:0x7f800000 f17=0x00000000
     107065.000 ns	     10705	8000285c	e00a1453	fclass.s	x8,f20	 f20:0x4eff8000  x8=0x00000040
     107085.000 ns	     10707	80002860	416ed433	sra	x8,x29,x22	 x29:0xffffffff x22:0x00000000  x8=0xffffffff
     107105.000 ns	     10709	80002864	e00f11d3	fclass.s	x3,f30	 f30:0x43800000  x3=0x00000040
     107135.000 ns	     10712	80002868	0224fbb3	remu	x23,x9,x2	  x9:0x80040fe4  x2:0x00000000 x23=0x80040fe4
     107175.000 ns	     10716	8000286c	18318dd3	fdiv.s	f27,f3,f3	  f3:0x80000000  f3:0x80000000 f27=0x7fc00000
     107205.000 ns	     10719	80002870	287087d3	fmin.s	f15,f1,f7	  f1:0x5f7ffffe  f7:0x4f680000 f15=0x4f680000
     107235.000 ns	     10722	80002874	29ac92d3	fmax.s	f5,f25,f26	 f25:0x417fffae f26:0x7fc00000  f5=0x417fffae
     107255.000 ns	     10724	80002878	5ed1cb93	xori	x23,x3,1517	  x3:0x00000040 x23=0x000005ad
     107275.000 ns	     10726	8000287c	21af22d3	fsgnjx.s	f5,f30,f26	 f30:0x43800000 f26:0x7fc00000  f5=0x43800000
     107295.000 ns	     10728	80002880	b8673337	lui	x6,0xb8673	  x6=0xb8673000
     107315.000 ns	     10730	80002884	d019bad3	fcvt.s.wu	f21,x19	 x19:0x00000000 f21=0x00000000
     107335.000 ns	     10732	80002888	00419393	slli	x7,x3,0x4	  x3:0x00000040  x7=0x00000400
     107345.000 ns	     10733	8000288c	6a214a17	auipc	x20,0x6a214	 x20=0xea21688c
     107365.000 ns	     10735	80002890	0240f033	remu	x0,x1,x4	  x1:0x00000024  x4:0x00000000
     107385.000 ns	     10737	80002894	35e74d13	xori	x26,x14,862	 x14:0x00000000 x26=0x0000035e
     107415.000 ns	     10740	80002898	189e81d3	fdiv.s	f3,f29,f9	 f29:0x7fc00000  f9:0x7fc00000  f3=0x7fc00000
     107455.000 ns	     10744	8000289c	580af853	fsqrt.s	f16,f21	 f21:0x00000000 f16=0x00000000
     107475.000 ns	     10746	800028a0	f232ab13	slti	x22,x5,-221	  x5:0xf0d585cf x22=0x00000001
     107485.000 ns	     10747	800028a4	00d5f9b3	and	x19,x11,x13	 x11:0xffffffff x13:0x1f06c848 x19=0x1f06c848
     107495.000 ns	     10748	800028a8	005a1993	slli	x19,x20,0x5	 x20:0xea21688c x19=0x442d1180
     107505.000 ns	     10749	800028ac	00d5d613	srli	x12,x11,0xd	 x11:0xffffffff x12=0x0007ffff
     107515.000 ns	     10750	800028b0	41098ab3	sub	x21,x19,x16	 x19:0x1f06c848 x16:0x00000000 x21=0x442d1180
     107535.000 ns	     10752	800028b4	d00a0253	fcvt.s.w	f4,x20	 x20:0xea21688c  f4=0xcdaef4bb
     107555.000 ns	     10754	800028b8	42e9ad13	slti	x26,x19,1070	 x19:0x442d1180 x26=0x00000000
     107915.000 ns	     10790	800028bc	026ed733	divu	x14,x29,x6	 x29:0xffffffff  x6:0xb8673000 x14=0x00000001
     107935.000 ns	     10792	800028c0	002e6c33	or	x24,x28,x2	 x28:0xcd52f4a8  x2:0x00000000 x24=0xcd52f4a8
     107945.000 ns	     10793	800028c4	52237813	andi	x16,x6,1314	  x6:0xb8673000 x16=0x00000000
     107955.000 ns	     10794	800028c8	00000013	addi	x0,x0,0	  x0:0x00000000
     107995.000 ns	     10798	800028cc	082f4853	fsub.s	f16,f30,f2	 f30:0x43800000  f2:0x4c1b4e55 f16=0xcc1b4e15
     108025.000 ns	     10801	800028d0	d01e4853	fcvt.s.wu	f16,x28	 x28:0xcd52f4a8 f16=0x4f4d52f5
     108045.000 ns	     10803	800028d4	01e6f933	and	x18,x13,x30	 x13:0x1f06c848 x30:0x00000000 x18=0x00000000
     108065.000 ns	     10805	800028d8	20b5a3d3	fsgnjx.s	f7,f11,f11	 f11:0x7fc00000 f11:0x7fc00000  f7=0x7fc00000
     108095.000 ns	     10808	800028dc	d0059cd3	fcvt.s.w	f25,x11	 x11:0xffffffff f25=0xbf800000
     108115.000 ns	     10810	800028e0	f4e68993	addi	x19,x13,-178	 x13:0x1f06c848 x19=0x1f06c796
     108135.000 ns	     10812	800028e4	c01019d3	fcvt.wu.s	x19,f0	  f0:0xff800000 x19=0x00000000
     108155.000 ns	     10814	800028e8	001839b3	sltu	x19,x16,x1	 x16:0x00000000  x1:0x00000024 x19=0x00000001
     108175.000 ns	     10816	800028ec	28d29dd3	fmax.s	f27,f5,f13	  f5:0x43800000 f13:0x7f800000 f27=0x7f800000
     108195.000 ns	     10818	800028f0	b081ae13	slti	x28,x3,-1272	  x3:0x00000040 x28=0x00000000
     108525.000 ns	     10851	800028f4	193e13d3	fdiv.s	f7,f28,f19	 f28:0x80000010 f19:0x4d72a7a4  f7=0x80000000
     108545.000 ns	     10853	800028f8	003e4533	xor	x10,x28,x3	 x28:0xcd52f4a8  x3:0x00000040 x10=0x00000040
     108565.000 ns	     10855	800028fc	211e26d3	fsgnjx.s	f13,f28,f17	 f28:0x80000010 f17:0x00000000 f13=0x80000010
     108585.000 ns	     10857	80002900	b3c7c713	xori	x14,x15,-1220	 x15:0x9bd0d000 x14=0x642f2b3c
     108595.000 ns	     10858	80002904	800ec037	lui	x0,0x800ec	
     108605.000 ns	     10859	80002908	ed70f437	lui	x8,0xed70f	  x8=0xed70f000
     108935.000 ns	     10892	8000290c	19c87f53	fdiv.s	f30,f16,f28	 f16:0x4f4d52f5 f28:0x80000010 f30=0xff800000
     108985.000 ns	     10897	80002910	08242ad3	fsub.s	f21,f8,f2	  f8:0x7fc00000  f2:0x4c1b4e55 f21=0x7fc00000
     109005.000 ns	     10899	80002914	01d9d9b3	srl	x19,x19,x29	 x19:0x00000001 x29:0xffffffff x19=0x00000000
     109015.000 ns	     10900	80002918	00848db3	add	x27,x9,x8	  x9:0x80040fe4  x8:0xed70f000 x27=0x6d74ffe4
     109025.000 ns	     10901	8000291c	00a380b3	add	x1,x7,x10	  x7:0x00000400 x10:0x00000040  x1=0x00000440
     109035.000 ns	     10902	80002920	9b5caa93	slti	x21,x25,-1611	 x25:0x00000000 x21=0x00000000
     109065.000 ns	     10905	80002924	181efe53	fdiv.s	f28,f29,f1	 f29:0x7fc00000  f1:0x5f7ffffe f28=0x7fc00000
     109095.000 ns	     10908	80002928	285b05d3	fmin.s	f11,f22,f5	 f22:0x43800000  f5:0x43800000 f11=0x43800000
     109115.000 ns	     10910	8000292c	01bd1613	slli	x12,x26,0x1b	 x26:0x00000000 x12=0x00000000
     109135.000 ns	     10912	80002930	03cc7d33	remu	x26,x24,x28	 x24:0xcd52f4a8 x28:0x00000000 x26=0xcd52f4a8
     109155.000 ns	     10914	80002934	fe280db7	lui	x27,0xfe280	 x27=0xfe280000
     109165.000 ns	     10915	80002938	47e9f317	auipc	x6,0x47e9f	  x6=0xc7ea1938
     109185.000 ns	     10917	8000293c	022f7e33	remu	x28,x30,x2	 x30:0x00000000  x2:0x00000000 x28=0x00000000
     109215.000 ns	     10920	80002940	209ba4d3	fsgnjx.s	f9,f23,f9	 f23:0x43800000  f9:0x7fc00000  f9=0x43800000
     109235.000 ns	     10922	80002944	00000013	addi	x0,x0,0	  x0:0x00000000
     109245.000 ns	     10923	80002948	00cd5d93	srli	x27,x26,0xc	 x26:0xcd52f4a8 x27=0x000cd52f
     109265.000 ns	     10925	8000294c	21c5a8d3	fsgnjx.s	f17,f11,f28	 f11:0x43800000 f28:0x7fc00000 f17=0x43800000
     109285.000 ns	     10927	80002950	00b6f733	and	x14,x13,x11	 x13:0x1f06c848 x11:0xffffffff x14=0x1f06c848
     109305.000 ns	     10929	80002954	29db02d3	fmin.s	f5,f22,f29	 f22:0x43800000 f29:0x7fc00000  f5=0x43800000
     109335.000 ns	     10932	80002958	c002fdd3	fcvt.w.s	x27,f5	  f5:0x43800000 x27=0x00000100
     109355.000 ns	     10934	8000295c	07746893	ori	x17,x8,119	  x8:0xed70f000 x17=0xed70f077
     109375.000 ns	     10936	80002960	e00e0553	fmv.x.w	x10,f28	 f28:0x7fc00000 x10=0x7fc00000
     109425.000 ns	     10941	80002964	088f7c53	fsub.s	f24,f30,f8	 f30:0xff800000  f8:0x7fc00000 f24=0x7fc00000
     109445.000 ns	     10943	80002968	3569e093	ori	x1,x19,854	 x19:0x00000000  x1=0x00000356
     109465.000 ns	     10945	8000296c	a1b10253	fle.s	x4,f2,f27	  f2:0x4c1b4e55 f27:0x7f800000  x4=0x00000001
     109485.000 ns	     10947	80002970	8e81ef13	ori	x30,x3,-1816	  x3:0x00000040 x30=0xfffff8e8
     109505.000 ns	     10949	80002974	c00dc053	fcvt.w.s	x0,f27	 f27:0x7f800000
     109535.000 ns	     10952	80002978	c0084053	fcvt.w.s	x0,f16	 f16:0x4f4d52f5
     109555.000 ns	     10954	8000297c	25732113	slti	x2,x6,599	  x6:0xc7ea1938  x2=0x00000001
     109565.000 ns	     10955	80002980	91ae7193	andi	x3,x28,-1766	 x28:0x00000000  x3=0x00000000
     109575.000 ns	     10956	80002984	00d48833	add	x16,x9,x13	  x9:0x80040fe4 x13:0x1f06c848 x16=0x9f0ad82c
     109585.000 ns	     10957	80002988	00000013	addi	x0,x0,0	  x0:0x00000000
     109605.000 ns	     10959	8000298c	02280233	mul	x4,x16,x2	 x16:0x00000000  x2:0x00000001  x4=0x9f0ad82c
     109625.000 ns	     10961	80002990	009d1093	slli	x1,x26,0x9	 x26:0xcd52f4a8  x1=0xa5e95000
     109635.000 ns	     10962	80002994	d7900397	auipc	x7,0xd7900	  x7=0x57902994
     109655.000 ns	     10964	80002998	20292853	fsgnjx.s	f16,f18,f2	 f18:0x7fc00000  f2:0x4c1b4e55 f16=0x7fc00000
     109675.000 ns	     10966	8000299c	00bb1633	sll	x12,x22,x11	 x22:0x00000001 x11:0xffffffff x12=0x80000000
     109685.000 ns	     10967	800029a0	00612433	slt	x8,x2,x6	  x2:0x00000001  x6:0xc7ea1938  x8=0x00000000
     109695.000 ns	     10968	800029a4	6b5d7613	andi	x12,x26,1717	 x26:0xcd52f4a8 x12=0x000004a0
     109725.000 ns	     10971	800029a8	19439e53	fdiv.s	f28,f7,f20	  f7:0x80000000 f20:0x4eff8000 f28=0x80000000
     109765.000 ns	     10975	800029ac	10c080d3	fmul.s	f1,f1,f12	  f1:0x5f7ffffe f12:0xcd72a7a4  f1=0xed72a7a2
     109795.000 ns	     10978	800029b0	a04eaf53	feq.s	x30,f29,f4	 f29:0x7fc00000  f4:0xcdaef4bb x30=0x00000000
     110165.000 ns	     11015	800029b4	024a58b3	divu	x17,x20,x4	 x20:0xea21688c  x4:0x9f0ad82c x17=0x00000001
     110195.000 ns	     11018	800029b8	e00b9053	fclass.s	x0,f23	 f23:0x43800000
     110565.000 ns	     11055	800029bc	022ae8b3	rem	x17,x21,x2	 x21:0x00000000  x2:0x00000001 x17=0x00000000
     110935.000 ns	     11092	800029c0	034a46b3	div	x13,x20,x20	 x20:0xea21688c x20:0xea21688c x13=0x00000001
     110955.000 ns	     11094	800029c4	0196d813	srli	x16,x13,0x19	 x13:0x1f06c848 x16=0x00000000
     110975.000 ns	     11096	800029c8	03363ab3	mulhu	x21,x12,x19	 x12:0x000004a0 x19:0x00000000 x21=0x00000000
     110995.000 ns	     11098	800029cc	00ccd8b3	srl	x17,x25,x12	 x25:0x00000000 x12:0x000004a0 x17=0x00000000
     111015.000 ns	     11100	800029d0	e0058a53	fmv.x.w	x20,f11	 f11:0x43800000 x20=0x43800000
     111035.000 ns	     11102	800029d4	00885593	srli	x11,x16,0x8	 x16:0x00000000 x11=0x00000000
     111045.000 ns	     11103	800029d8	016d6ab3	or	x21,x26,x22	 x26:0xcd52f4a8 x22:0x00000001 x21=0xcd52f4a9
     111065.000 ns	     11105	800029dc	02d18233	mul	x4,x3,x13	  x3:0x00000000 x13:0x00000001  x4=0x00000000
     111095.000 ns	     11108	800029e0	a1c681d3	fle.s	x3,f13,f28	 f13:0x80000010 f28:0x80000000  x3=0x00000001
     111115.000 ns	     11110	800029e4	f9503b93	sltiu	x23,x0,-107	  x0:0x00000000 x23=0x00000001
     111125.000 ns	     11111	800029e8	6ffdfc13	andi	x24,x27,1791	 x27:0x00000100 x24=0x00000000
     111135.000 ns	     11112	800029ec	5d870313	addi	x6,x14,1496	 x14:0x1f06c848  x6=0x1f06ce20
     111155.000 ns	     11114	800029f0	29120f53	fmin.s	f30,f4,f17	  f4:0xcdaef4bb f17:0x43800000 f30=0xcdaef4bb
     111525.000 ns	     11151	800029f4	035f6e33	rem	x28,x30,x21	 x30:0x00000000 x21:0xcd52f4a9 x28=0x00000000
     111555.000 ns	     11154	800029f8	d0137bd3	fcvt.s.wu	f23,x6	  x6:0x1f06ce20 f23=0x4df83671
     111575.000 ns	     11156	800029fc	011d9533	sll	x10,x27,x17	 x27:0x00000100 x17:0x00000000 x10=0x00000100
     111585.000 ns	     11157	80002a00	01311413	slli	x8,x2,0x13	  x2:0x00000001  x8=0x00080000
     111605.000 ns	     11159	80002a04	d0177ad3	fcvt.s.wu	f21,x14	 x14:0x1f06c848 f21=0x4df83642
     111635.000 ns	     11162	80002a08	d01dfc53	fcvt.s.wu	f24,x27	 x27:0x00000100 f24=0x43800000
     111655.000 ns	     11164	80002a0c	01b675b3	and	x11,x12,x27	 x12:0x000004a0 x27:0x00000100 x11=0x00000000
     111665.000 ns	     11165	80002a10	00917133	and	x2,x2,x9	  x2:0x00000001  x9:0x80040fe4  x2=0x00000000
     111685.000 ns	     11167	80002a14	d004f3d3	fcvt.s.w	f7,x9	  x9:0x80040fe4  f7=0xcefff7e0
     111715.000 ns	     11170	80002a18	29480cd3	fmin.s	f25,f16,f20	 f16:0x7fc00000 f20:0x4eff8000 f25=0x4eff8000
     111765.000 ns	     11175	80002a1c	016af0d3	fadd.s	f1,f21,f22	 f21:0x4df83642 f22:0x43800000  f1=0x4df8364a
     111795.000 ns	     11178	80002a20	217c03d3	fsgnj.s	f7,f24,f23	 f24:0x43800000 f23:0x4df83671  f7=0x43800000
     111815.000 ns	     11180	80002a24	410b8eb3	sub	x29,x23,x16	 x23:0x00000001 x16:0x00000000 x29=0x00000001
     111825.000 ns	     11181	80002a28	01fc5c93	srli	x25,x24,0x1f	 x24:0x00000000 x25=0x00000000
     111835.000 ns	     11182	80002a2c	62558193	addi	x3,x11,1573	 x11:0x00000000  x3=0x00000625
     111845.000 ns	     11183	80002a30	d4f17e93	andi	x29,x2,-689	  x2:0x00000000 x29=0x00000000
     111885.000 ns	     11187	80002a34	09fe0153	fsub.s	f2,f28,f31	 f28:0x80000000 f31:0x00000000  f2=0x80000000
     111925.000 ns	     11191	80002a38	1129a4d3	fmul.s	f9,f19,f18	 f19:0x4d72a7a4 f18:0x7fc00000  f9=0x7fc00000
     111975.000 ns	     11196	80002a3c	09414c53	fsub.s	f24,f2,f20	  f2:0x80000000 f20:0x4eff8000 f24=0xceff8000
     111995.000 ns	     11198	80002a40	a0092637	lui	x12,0xa0092	 x12=0xa0092000
     112005.000 ns	     11199	80002a44	41df0cb3	sub	x25,x30,x29	 x30:0x00000000 x29:0x00000000 x25=0x00000000
     112015.000 ns	     11200	80002a48	7bf4f093	andi	x1,x9,1983	  x9:0x80040fe4  x1=0x000007a4
     112025.000 ns	     11201	80002a4c	40f85033	sra	x0,x16,x15	 x16:0x00000000 x15:0x9bd0d000
     112035.000 ns	     11202	80002a50	846c4793	xori	x15,x24,-1978	 x24:0x00000000 x15=0xfffff846
     112045.000 ns	     11203	80002a54	240f8a13	addi	x20,x31,576	 x31:0x80041024 x20=0x80041264
     112055.000 ns	     11204	80002a58	01531993	slli	x19,x6,0x15	  x6:0x1f06ce20 x19=0xc4000000
     112065.000 ns	     11205	80002a5c	00b0e433	or	x8,x1,x11	  x1:0x000007a4 x11:0x00000000  x8=0x000007a4
     112085.000 ns	     11207	80002a60	f0070453	fmv.w.x	f8,x14	 x14:0x1f06c848  f8=0x1f06c848
     112115.000 ns	     11210	80002a64	03243b33	mulhu	x22,x8,x18	  x8:0x00080000 x18:0x00000000 x22=0x00000000
     112135.000 ns	     11212	80002a68	00201833	sll	x16,x0,x2	  x0:0x00000000  x2:0x00000000 x16=0x00000000
     112155.000 ns	     11214	80002a6c	d0187053	fcvt.s.wu	f0,x16	 x16:0x00000000  f0=0x00000000
     112175.000 ns	     11216	80002a70	01bb48b3	xor	x17,x22,x27	 x22:0x00000000 x27:0x00000100 x17=0x00000100
     112185.000 ns	     11217	80002a74	00a86c33	or	x24,x16,x10	 x16:0x00000000 x10:0x00000100 x24=0x00000100
     112205.000 ns	     11219	80002a78	21c30253	fsgnj.s	f4,f6,f28	  f6:0x80000000 f28:0x80000000  f4=0x80000000
     112225.000 ns	     11221	80002a7c	8e843593	sltiu	x11,x8,-1816	  x8:0x000007a4 x11=0x00000001
     112235.000 ns	     11222	80002a80	9a6f4f13	xori	x30,x30,-1626	 x30:0x00000000 x30=0xfffff9a6
     112255.000 ns	     11224	80002a84	28db0ed3	fmin.s	f29,f22,f13	 f22:0x43800000 f13:0x80000010 f29=0x80000010
     112285.000 ns	     11227	80002a88	d0058e53	fcvt.s.w	f28,x11	 x11:0x00000001 f28=0x3f800000
     112625.000 ns	     11261	80002a8c	196b3053	fdiv.s	f0,f22,f22	 f22:0x43800000 f22:0x43800000  f0=0x3f4436c6
     112995.000 ns	     11298	80002a90	023b5433	divu	x8,x22,x3	 x22:0x00000000  x3:0x00000625  x8=0x00000000
     113015.000 ns	     11300	80002a94	0100be33	sltu	x28,x1,x16	  x1:0x000007a4 x16:0x00000000 x28=0x00000000
     113035.000 ns	     11302	80002a98	02484eb3	div	x29,x16,x4	 x16:0x00000000  x4:0x00000000 x29=0xffffffff
     113055.000 ns	     11304	80002a9c	d0332b17	auipc	x22,0xd0332	 x22=0x50334a9c
     113065.000 ns	     11305	80002aa0	0105b633	sltu	x12,x11,x16	 x11:0x00000001 x16:0x00000000 x12=0x00000000
     113075.000 ns	     11306	80002aa4	003d1c93	slli	x25,x26,0x3	 x26:0xcd52f4a8 x25=0x6a97a540
     113085.000 ns	     11307	80002aa8	008d8433	add	x8,x27,x8	 x27:0x00000100  x8:0x00000000  x8=0x00000100
     113095.000 ns	     11308	80002aac	1e0acf13	xori	x30,x21,480	 x21:0xcd52f4a9 x30=0xcd52f549
     113115.000 ns	     11310	80002ab0	29b61e53	fmax.s	f28,f12,f27	 f12:0xcd72a7a4 f27:0x7f800000 f28=0x7f800000
     113135.000 ns	     11312	80002ab4	00000013	addi	x0,x0,0	  x0:0x00000000
     113495.000 ns	     11348	80002ab8	02a9e6b3	rem	x13,x19,x10	 x19:0xc4000000 x10:0x00000100 x13=0x00000000
     113525.000 ns	     11351	80002abc	a1c92753	feq.s	x14,f18,f28	 f18:0x7fc00000 f28:0x7f800000 x14=0x00000000
     113555.000 ns	     11354	80002ac0	d019f5d3	fcvt.s.wu	f11,x19	 x19:0xc4000000 f11=0x4f440000
     113585.000 ns	     11357	80002ac4	28a084d3	fmin.s	f9,f1,f10	  f1:0x4df8364a f10:0x7fc00000  f9=0x4df8364a
     113605.000 ns	     11359	80002ac8	00e028b3	slt	x17,x0,x14	  x0:0x00000000 x14:0x00000000 x17=0x00000000
     113615.000 ns	     11360	80002acc	bfd20897	auipc	x17,0xbfd20	 x17=0x3fd22acc
     113625.000 ns	     11361	80002ad0	00ddaeb3	slt	x29,x27,x13	 x27:0x00000100 x13:0x00000000 x29=0x00000000
     113665.000 ns	     11365	80002ad4	017772d3	fadd.s	f5,f14,f23	 f14:0x7fc00000 f23:0x4df83671  f5=0x7fc00000
     113695.000 ns	     11368	80002ad8	e00311d3	fclass.s	x3,f6	  f6:0x80000000  x3=0x00000008
     113715.000 ns	     11370	80002adc	003f0333	add	x6,x30,x3	 x30:0xcd52f549  x3:0x00000625  x6=0xcd52f551
     113725.000 ns	     11371	80002ae0	00971893	slli	x17,x14,0x9	 x14:0x00000000 x17=0x00000000
     113735.000 ns	     11372	80002ae4	00000013	addi	x0,x0,0	  x0:0x00000000
     113755.000 ns	     11374	80002ae8	a1c297d3	flt.s	x15,f5,f28	  f5:0x7fc00000 f28:0x7f800000 x15=0x00000000
     113785.000 ns	     11377	80002aec	20408dd3	fsgnj.s	f27,f1,f4	  f1:0x4df8364a  f4:0x80000000 f27=0xcdf8364a
     113805.000 ns	     11379	80002af0	00000013	addi	x0,x0,0	  x0:0x00000000
     113815.000 ns	     11380	80002af4	b3442393	slti	x7,x8,-1228	  x8:0x00000100  x7=0x00000000
     113825.000 ns	     11381	80002af8	00b7be33	sltu	x28,x15,x11	 x15:0x00000000 x11:0x00000001 x28=0x00000001
     114185.000 ns	     11417	80002afc	03f3edb3	rem	x27,x7,x31	  x7:0x57902994 x31:0x80041024 x27=0x00000000
     114215.000 ns	     11420	80002b00	c017acd3	fcvt.wu.s	x25,f15	 f15:0x4f680000 x25=0xe8000000
     114585.000 ns	     11457	80002b04	0292cbb3	div	x23,x5,x9	  x5:0xf0d585cf  x9:0x80040fe4 x23=0x00000000
     114605.000 ns	     11459	80002b08	4064d813	srai	x16,x9,0x6	  x9:0x80040fe4 x16=0xfe00103f
     114625.000 ns	     11461	80002b0c	02c99e33	mulh	x28,x19,x12	 x19:0xc4000000 x12:0x00000000 x28=0x00000000
     114655.000 ns	     11464	80002b10	e0008ed3	fmv.x.w	x29,f1	  f1:0x4df8364a x29=0x4df8364a
     114675.000 ns	     11466	80002b14	00865433	srl	x8,x12,x8	 x12:0x00000000  x8:0x00000100  x8=0x00000000
     114685.000 ns	     11467	80002b18	63d10593	addi	x11,x2,1597	  x2:0x00000000 x11=0x0000063d
     114695.000 ns	     11468	80002b1c	01dd6633	or	x12,x26,x29	 x26:0xcd52f4a8 x29:0x4df8364a x12=0xcdfaf6ea
     114715.000 ns	     11470	80002b20	d00ef7d3	fcvt.s.w	f15,x29	 x29:0x4df8364a f15=0x4e9bf06c
     115085.000 ns	     11507	80002b24	026a4533	div	x10,x20,x6	 x20:0x80041264  x6:0xcd52f551 x10=0x00000002
     115135.000 ns	     11512	80002b28	09177e53	fsub.s	f28,f14,f17	 f14:0x7fc00000 f17:0x43800000 f28=0x7fc00000
     115155.000 ns	     11514	80002b2c	0195f6b3	and	x13,x11,x25	 x11:0x0000063d x25:0xe8000000 x13=0x00000000
     115165.000 ns	     11515	80002b30	0136f633	and	x12,x13,x19	 x13:0x00000000 x19:0xc4000000 x12=0x00000000
     115205.000 ns	     11519	80002b34	098b13d3	fsub.s	f7,f22,f24	 f22:0x43800000 f24:0xceff8000  f7=0x4eff8002
     115235.000 ns	     11522	80002b38	e00c19d3	fclass.s	x19,f24	 f24:0xceff8000 x19=0x00000002
     115255.000 ns	     11524	80002b3c	00401313	slli	x6,x0,0x4	  x0:0x00000000  x6=0x00000000
     115275.000 ns	     11526	80002b40	c0063e53	fcvt.w.s	x28,f12	 f12:0xcd72a7a4 x28=0xf0d585c0
     115305.000 ns	     11529	80002b44	e00d9353	fclass.s	x6,f27	 f27:0xcdf8364a  x6=0x00000002
     115325.000 ns	     11531	80002b48	00904133	xor	x2,x0,x9	  x0:0x00000000  x9:0x80040fe4  x2=0x80040fe4
     115345.000 ns	     11533	80002b4c	037210b3	mulh	x1,x4,x23	  x4:0x00000000 x23:0x00000000  x1=0x00000000
     115365.000 ns	     11535	80002b50	40b38eb3	sub	x29,x7,x11	  x7:0x00000000 x11:0x0000063d x29=0xfffff9c3
     115385.000 ns	     11537	80002b54	20c50853	fsgnj.s	f16,f10,f12	 f10:0x7fc00000 f12:0xcd72a7a4 f16=0xffc00000
     115415.000 ns	     11540	80002b58	28e18253	fmin.s	f4,f3,f14	  f3:0x7fc00000 f14:0x7fc00000  f4=0x7fc00000
     115445.000 ns	     11543	80002b5c	d0197753	fcvt.s.wu	f14,x18	 x18:0x00000000 f14=0x00000000
     115475.000 ns	     11546	80002b60	02722933	mulhsu	x18,x4,x7	  x4:0x00000000  x7:0x00000000 x18=0x00000000
     115495.000 ns	     11548	80002b64	2ff31d97	auipc	x27,0x2ff31	 x27=0xaff33b64
     115505.000 ns	     11549	80002b68	32630613	addi	x12,x6,806	  x6:0x00000002 x12=0x00000328
     115515.000 ns	     11550	80002b6c	01914233	xor	x4,x2,x25	  x2:0x80040fe4 x25:0xe8000000  x4=0x68040fe4
     115525.000 ns	     11551	80002b70	6ac4ce13	xori	x28,x9,1708	  x9:0x80040fe4 x28=0x80040948
     115545.000 ns	     11553	80002b74	035e8733	mul	x14,x29,x21	 x29:0xfffff9c3 x21:0xcd52f4a9 x14=0x217fbdbb
     115565.000 ns	     11555	80002b78	9cf0cc13	xori	x24,x1,-1585	  x1:0x00000000 x24=0xfffff9cf
     115925.000 ns	     11591	80002b7c	0225e8b3	rem	x17,x11,x2	 x11:0x0000063d  x2:0x80040fe4 x17=0x0000063d
     115955.000 ns	     11594	80002b80	28998f53	fmin.s	f30,f19,f9	 f19:0x4d72a7a4  f9:0x4df8364a f30=0x4d72a7a4
     115985.000 ns	     11597	80002b84	29b28c53	fmin.s	f24,f5,f27	  f5:0x7fc00000 f27:0xcdf8364a f24=0xcdf8364a
     116015.000 ns	     11600	80002b88	03b91a33	mulh	x20,x18,x27	 x18:0x00000000 x27:0xaff33b64 x20=0x00000000
     116045.000 ns	     11603	80002b8c	0390ae33	mulhsu	x28,x1,x25	  x1:0x00000000 x25:0xe8000000 x28=0x00000000
     116075.000 ns	     11606	80002b90	d01ea053	fcvt.s.wu	f0,x29	 x29:0xfffff9c3  f0=0x4f7ffffa
     116095.000 ns	     11608	80002b94	00000013	addi	x0,x0,0	  x0:0x00000000
     116105.000 ns	     11609	80002b98	a133f213	andi	x4,x7,-1517	  x7:0x00000000  x4=0x00000000
     116125.000 ns	     11611	80002b9c	0205a033	mulhsu	x0,x11,x0	 x11:0x0000063d  x0:0x00000000
     116155.000 ns	     11614	80002ba0	d0117a53	fcvt.s.wu	f20,x2	  x2:0x80040fe4 f20=0x4f00040f
     116185.000 ns	     11617	80002ba4	e0081453	fclass.s	x8,f16	 f16:0xffc00000  x8=0x00000200
     116205.000 ns	     11619	80002ba8	28936a97	auipc	x21,0x28936	 x21=0xa8938ba8
     116235.000 ns	     11622	80002bac	10a835d3	fmul.s	f11,f16,f10	 f16:0xffc00000 f10:0x7fc00000 f11=0x7fc00000
     116285.000 ns	     11627	80002bb0	00e092d3	fadd.s	f5,f1,f14	  f1:0x4df8364a f14:0x00000000  f5=0x4df8364a
     116315.000 ns	     11630	80002bb4	a1fe2c53	feq.s	x24,f28,f31	 f28:0x7fc00000 f31:0x00000000 x24=0x00000000
     116685.000 ns	     11667	80002bb8	02a14733	div	x14,x2,x10	  x2:0x80040fe4 x10:0x00000002 x14=0xc00207f2
     116705.000 ns	     11669	80002bbc	1dc87a13	andi	x20,x16,476	 x16:0xfe00103f x20=0x0000001c
     116715.000 ns	     11670	80002bc0	41745f33	sra	x30,x8,x23	  x8:0x00000200 x23:0x00000000 x30=0x00000200
     117075.000 ns	     11706	80002bc4	02aed5b3	divu	x11,x29,x10	 x29:0xfffff9c3 x10:0x00000002 x11=0x7ffffce1
     117105.000 ns	     11709	80002bc8	21b99b53	fsgnjn.s	f22,f19,f27	 f19:0x4d72a7a4 f27:0xcdf8364a f22=0x4d72a7a4
     117135.000 ns	     11712	80002bcc	d005b453	fcvt.s.w	f8,x11	 x11:0x7ffffce1  f8=0x4efffffa
     117165.000 ns	     11715	80002bd0	e00e1453	fclass.s	x8,f28	 f28:0x7fc00000  x8=0x00000200
     117185.000 ns	     11717	80002bd4	00000013	addi	x0,x0,0	  x0:0x00000000
     117195.000 ns	     11718	80002bd8	00000013	addi	x0,x0,0	  x0:0x00000000
     117555.000 ns	     11754	80002bdc	039ddd33	divu	x26,x27,x25	 x27:0xaff33b64 x25:0xe8000000 x26=0x00000000
     117585.000 ns	     11757	80002be0	02940133	mul	x2,x8,x9	  x8:0x00000200  x9:0x80040fe4  x2=0x081fc800
     117615.000 ns	     11760	80002be4	03787eb3	remu	x29,x16,x23	 x16:0xfe00103f x23:0x00000000 x29=0xfe00103f
     117635.000 ns	     11762	80002be8	60546b37	lui	x22,0x60546	 x22=0x60546000
     117655.000 ns	     11764	80002bec	024d8c33	mul	x24,x27,x4	 x27:0xaff33b64  x4:0x00000000 x24=0x00000000
     117685.000 ns	     11767	80002bf0	e00108d3	fmv.x.w	x17,f2	  f2:0x80000000 x17=0x80000000
     117705.000 ns	     11769	80002bf4	729d5597	auipc	x11,0x729d5	 x11=0xf29d7bf4
     117745.000 ns	     11773	80002bf8	0919ac53	fsub.s	f24,f19,f17	 f19:0x4d72a7a4 f17:0x43800000 f24=0x4d72a794
     117765.000 ns	     11775	80002bfc	aa16e913	ori	x18,x13,-1375	 x13:0x00000000 x18=0xfffffaa1
     117775.000 ns	     11776	80002c00	4127d1b3	sra	x3,x15,x18	 x15:0x00000000 x18:0x00000000  x3=0x00000000
     117795.000 ns	     11778	80002c04	a0052d53	feq.s	x26,f10,f0	 f10:0x7fc00000  f0:0x4f7ffffa x26=0x00000000
     117815.000 ns	     11780	80002c08	437df817	auipc	x16,0x437df	 x16=0xc37e1c08
     117825.000 ns	     11781	80002c0c	01073433	sltu	x8,x14,x16	 x14:0xc00207f2 x16:0xfe00103f  x8=0x00000001
     117835.000 ns	     11782	80002c10	00000013	addi	x0,x0,0	  x0:0x00000000
     117845.000 ns	     11783	80002c14	20a90b93	addi	x23,x18,522	 x18:0xfffffaa1 x23=0xfffffcab
     117855.000 ns	     11784	80002c18	1db8a3b7	lui	x7,0x1db8a	  x7=0x1db8a000
     117865.000 ns	     11785	80002c1c	012a0633	add	x12,x20,x18	 x20:0x0000001c x18:0xfffffaa1 x12=0xfffffabd
     117875.000 ns	     11786	80002c20	41655db3	sra	x27,x10,x22	 x10:0x00000002 x22:0x60546000 x27=0x00000002
     117885.000 ns	     11787	80002c24	8160f813	andi	x16,x1,-2026	  x1:0x00000000 x16=0x00000000
     117905.000 ns	     11789	80002c28	03903bb3	mulhu	x23,x0,x25	  x0:0x00000000 x25:0xe8000000 x23=0x00000000
     117935.000 ns	     11792	80002c2c	02a60333	mul	x6,x12,x10	 x12:0xfffffabd x10:0x00000002  x6=0xfffff57a
     118305.000 ns	     11829	80002c30	032c48b3	div	x17,x24,x18	 x24:0x00000000 x18:0xfffffaa1 x17=0x00000000
     118325.000 ns	     11831	80002c34	01252433	slt	x8,x10,x18	 x10:0x00000002 x18:0xfffffaa1  x8=0x00000000
     118335.000 ns	     11832	80002c38	41538133	sub	x2,x7,x21	  x7:0x1db8a000 x21:0xa8938ba8  x2=0x75251458
     118345.000 ns	     11833	80002c3c	00355e13	srli	x28,x10,0x3	 x10:0x00000002 x28=0x00000000
     118355.000 ns	     11834	80002c40	00c68933	add	x18,x13,x12	 x13:0x00000000 x12:0xfffffabd x18=0xfffffabd
     118385.000 ns	     11837	80002c44	580912d3	fsqrt.s	f5,f18	 f18:0x7fc00000  f5=0x7fc00000
     118405.000 ns	     11839	80002c48	017d69b3	or	x19,x26,x23	 x26:0x00000000 x23:0x00000000 x19=0x00000000
     118425.000 ns	     11841	80002c4c	a16a2753	feq.s	x14,f20,f22	 f20:0x4f00040f f22:0x4d72a7a4 x14=0x00000000
     118475.000 ns	     11846	80002c50	01d1b8d3	fadd.s	f17,f3,f29	  f3:0x7fc00000 f29:0x80000010 f17=0x7fc00000
     118495.000 ns	     11848	80002c54	d01c6113	ori	x2,x24,-767	 x24:0x00000000  x2=0xfffffd01
     118505.000 ns	     11849	80002c58	f83d0c93	addi	x25,x26,-125	 x26:0x00000000 x25=0xffffff83
     118515.000 ns	     11850	80002c5c	011b1e13	slli	x28,x22,0x11	 x22:0x60546000 x28=0xc0000000
     118545.000 ns	     11853	80002c60	1145ffd3	fmul.s	f31,f11,f20	 f11:0x7fc00000 f20:0x4f00040f f31=0x7fc00000
     118915.000 ns	     11890	80002c64	025a6033	rem	x0,x20,x5	 x20:0x0000001c  x5:0xf0d585cf
     118935.000 ns	     11892	80002c68	1bedb313	sltiu	x6,x27,446	 x27:0x00000002  x6=0x00000001
     118945.000 ns	     11893	80002c6c	01a9e933	or	x18,x19,x26	 x19:0x00000000 x26:0x00000000 x18=0x00000000
     118965.000 ns	     11895	80002c70	e0049a53	fclass.s	x20,f9	  f9:0x4df8364a x20=0x00000040
     118985.000 ns	     11897	80002c74	40445bb3	sra	x23,x8,x4	  x8:0x00000000  x4:0x00000000 x23=0x00000000
     118995.000 ns	     11898	80002c78	017ae6b3	or	x13,x21,x23	 x21:0xa8938ba8 x23:0x00000000 x13=0xa8938ba8
     119355.000 ns	     11934	80002c7c	02b6c433	div	x8,x13,x11	 x13:0x00000000 x11:0xf29d7bf4  x8=0x00000006
     119695.000 ns	     11968	80002c80	19eda4d3	fdiv.s	f9,f27,f30	 f27:0xcdf8364a f30:0x4d72a7a4  f9=0xbff8364a
     119725.000 ns	     11971	80002c84	c0070553	fcvt.w.s	x10,f14	 f14:0x00000000 x10=0x00000000
     120905.000 ns	     12089	80002c88	580018d3	fsqrt.s	f17,f0	  f0:0x4f7ffffa f17=0x4735045f
     120935.000 ns	     12092	80002c8c	a1e280d3	fle.s	x1,f5,f30	  f5:0x7fc00000 f30:0x4d72a7a4  x1=0x00000000
     120955.000 ns	     12094	80002c90	015676b3	and	x13,x12,x21	 x12:0xfffffabd x21:0xa8938ba8 x13=0xa8938aa8
     120975.000 ns	     12096	80002c94	024b78b3	remu	x17,x22,x4	 x22:0x60546000  x4:0x00000000 x17=0x60546000
     120995.000 ns	     12098	80002c98	df7dc593	xori	x11,x27,-521	 x27:0x00000002 x11=0xfffffdf5
     121005.000 ns	     12099	80002c9c	00e88633	add	x12,x17,x14	 x17:0x60546000 x14:0x00000000 x12=0x60546000
     121015.000 ns	     12100	80002ca0	0167c5b3	xor	x11,x15,x22	 x15:0x00000000 x22:0x60546000 x11=0x60546000
     121025.000 ns	     12101	80002ca4	1c94ba93	sltiu	x21,x9,457	  x9:0x80040fe4 x21=0x00000000
     121045.000 ns	     12103	80002ca8	28320f53	fmin.s	f30,f4,f3	  f4:0x7fc00000  f3:0x7fc00000 f30=0x7fc00000
     121075.000 ns	     12106	80002cac	e00403d3	fmv.x.w	x7,f8	  f8:0x4efffffa  x7=0x4efffffa
     121095.000 ns	     12108	80002cb0	00bd0733	add	x14,x26,x11	 x26:0x00000000 x11:0x60546000 x14=0x60546000
     121105.000 ns	     12109	80002cb4	f4ec2d13	slti	x26,x24,-178	 x24:0x00000000 x26=0x00000000
     121115.000 ns	     12110	80002cb8	010d35b3	sltu	x11,x26,x16	 x26:0x00000000 x16:0x00000000 x11=0x00000000
     121135.000 ns	     12112	80002cbc	e0061253	fclass.s	x4,f12	 f12:0xcd72a7a4  x4=0x00000002
     121165.000 ns	     12115	80002cc0	d013fbd3	fcvt.s.wu	f23,x7	  x7:0x4efffffa f23=0x4e9dffff
     121185.000 ns	     12117	80002cc4	07cee337	lui	x6,0x7cee	  x6=0x07cee000
     121205.000 ns	     12119	80002cc8	a1720d53	fle.s	x26,f4,f23	  f4:0x7fc00000 f23:0x4e9dffff x26=0x00000000
     121225.000 ns	     12121	80002ccc	4113db93	srai	x23,x7,0x11	  x7:0x4efffffa x23=0x0000277f
     121235.000 ns	     12122	80002cd0	01905413	srli	x8,x0,0x19	  x0:0x00000000  x8=0x00000000
     121245.000 ns	     12123	80002cd4	f4358d13	addi	x26,x11,-189	 x11:0x00000000 x26=0xffffff43
     121255.000 ns	     12124	80002cd8	4106d193	srai	x3,x13,0x10	 x13:0xa8938aa8  x3=0xffffa893
     121615.000 ns	     12160	80002cdc	0247f033	remu	x0,x15,x4	 x15:0x00000000  x4:0x00000002
     121655.000 ns	     12164	80002ce0	18093ed3	fdiv.s	f29,f18,f0	 f18:0x7fc00000  f0:0x4f7ffffa f29=0x7fc00000
     122025.000 ns	     12201	80002ce4	02c76933	rem	x18,x14,x12	 x14:0x60546000 x12:0x60546000 x18=0x00000000
     122055.000 ns	     12204	80002ce8	2021add3	fsgnjx.s	f27,f3,f2	  f3:0x7fc00000  f2:0x80000000 f27=0xffc00000
     122075.000 ns	     12206	80002cec	014321b3	slt	x3,x6,x20	  x6:0x07cee000 x20:0x00000040  x3=0x00000000
     122095.000 ns	     12208	80002cf0	c0157453	fcvt.wu.s	x8,f10	 f10:0x7fc00000  x8=0xffffffff
     122115.000 ns	     12210	80002cf4	015540b3	xor	x1,x10,x21	 x10:0x00000000 x21:0x00000000  x1=0x00000000
     122135.000 ns	     12212	80002cf8	28c98053	fmin.s	f0,f19,f12	 f19:0x4d72a7a4 f12:0xcd72a7a4  f0=0xcd72a7a4
     122165.000 ns	     12215	80002cfc	03b93ab3	mulhu	x21,x18,x27	 x18:0x00000000 x27:0x00000002 x21=0x00000000
     122215.000 ns	     12220	80002d00	00d4fd53	fadd.s	f26,f9,f13	  f9:0xbff8364a f13:0x80000010 f26=0xbff8364a
     122235.000 ns	     12222	80002d04	000849b3	xor	x19,x16,x0	 x16:0x00000000  x0:0x00000000 x19=0x00000000
     122255.000 ns	     12224	80002d08	20729953	fsgnjn.s	f18,f5,f7	  f5:0x7fc00000  f7:0x4eff8002 f18=0xffc00000
     122275.000 ns	     12226	80002d0c	00000013	addi	x0,x0,0	  x0:0x00000000
     122295.000 ns	     12228	80002d10	02b0ff33	remu	x30,x1,x11	  x1:0x00000000 x11:0x00000000 x30=0x00000000
     122315.000 ns	     12230	80002d14	00000013	addi	x0,x0,0	  x0:0x00000000
     122335.000 ns	     12232	80002d18	219210d3	fsgnjn.s	f1,f4,f25	  f4:0x7fc00000 f25:0x4eff8000  f1=0xffc00000
     122365.000 ns	     12235	80002d1c	c0022dd3	fcvt.w.s	x27,f4	  f4:0x7fc00000 x27=0x7fffffff
     122735.000 ns	     12272	80002d20	037861b3	rem	x3,x16,x23	 x16:0x00000000 x23:0x0000277f  x3=0x00000000
     122755.000 ns	     12274	80002d24	00000013	addi	x0,x0,0	  x0:0x00000000
     122775.000 ns	     12276	80002d28	a11e1153	flt.s	x2,f28,f17	 f28:0x7fc00000 f17:0x4735045f  x2=0x00000000
     122795.000 ns	     12278	80002d2c	126d0793	addi	x15,x26,294	 x26:0xffffff43 x15=0x00000069
     122805.000 ns	     12279	80002d30	aba33213	sltiu	x4,x6,-1350	  x6:0x07cee000  x4=0x00000001
     122815.000 ns	     12280	80002d34	002c4e33	xor	x28,x24,x2	 x24:0x00000000  x2:0x00000000 x28=0x00000000
     122825.000 ns	     12281	80002d38	f32ef793	andi	x15,x29,-206	 x29:0xfe00103f x15=0xfe001032
     122835.000 ns	     12282	80002d3c	01f89a93	slli	x21,x17,0x1f	 x17:0x60546000 x21=0x00000000
     122845.000 ns	     12283	80002d40	6569a393	slti	x7,x19,1622	 x19:0x00000000  x7=0x00000001
     122855.000 ns	     12284	80002d44	41075893	srai	x17,x14,0x10	 x14:0x60546000 x17=0x00006054
     122875.000 ns	     12286	80002d48	030115b3	mulh	x11,x2,x16	  x2:0x00000000 x16:0x00000000 x11=0x00000000
     122905.000 ns	     12289	80002d4c	20c9ac53	fsgnjx.s	f24,f19,f12	 f19:0x4d72a7a4 f12:0xcd72a7a4 f24=0xcd72a7a4
     122935.000 ns	     12292	80002d50	a10f1b53	flt.s	x22,f30,f16	 f30:0x7fc00000 f16:0xffc00000 x22=0x00000000
     122975.000 ns	     12296	80002d54	19e51953	fdiv.s	f18,f10,f30	 f10:0x7fc00000 f30:0x7fc00000 f18=0x7fc00000
     122995.000 ns	     12298	80002d58	ce1f3c93	sltiu	x25,x30,-799	 x30:0x00000000 x25=0x00000001
     123015.000 ns	     12300	80002d5c	20d20d53	fsgnj.s	f26,f4,f13	  f4:0x7fc00000 f13:0x80000010 f26=0xffc00000
     123055.000 ns	     12304	80002d60	580292d3	fsqrt.s	f5,f5	  f5:0x7fc00000  f5=0x7fc00000
     123105.000 ns	     12309	80002d64	0181f1d3	fadd.s	f3,f3,f24	  f3:0x7fc00000 f24:0xcd72a7a4  f3=0x7fc00000
     123125.000 ns	     12311	80002d68	b750f213	andi	x4,x1,-1163	  x1:0x00000000  x4=0x00000000
     123145.000 ns	     12313	80002d6c	a118a8d3	feq.s	x17,f17,f17	 f17:0x4735045f f17:0x4735045f x17=0x00000001
     123175.000 ns	     12316	80002d70	e00e1a53	fclass.s	x20,f28	 f28:0x7fc00000 x20=0x00000200
     123195.000 ns	     12318	80002d74	d97b7c13	andi	x24,x22,-617	 x22:0x00000000 x24=0x00000000
     123215.000 ns	     12320	80002d78	02ca1233	mulh	x4,x20,x12	 x20:0x00000200 x12:0x60546000  x4=0x000000c0
     123255.000 ns	     12324	80002d7c	19497653	fdiv.s	f12,f18,f20	 f18:0x7fc00000 f20:0x4f00040f f12=0x7fc00000
     123275.000 ns	     12326	80002d80	60fee693	ori	x13,x29,1551	 x29:0xfe00103f x13=0xfe00163f
     123285.000 ns	     12327	80002d84	29577d93	andi	x27,x14,661	 x14:0x60546000 x27=0x00000000
     123305.000 ns	     12329	80002d88	c016b153	fcvt.wu.s	x2,f13	 f13:0x80000010  x2=0x00000000
     123325.000 ns	     12331	80002d8c	144f0993	addi	x19,x30,324	 x30:0x00000000 x19=0x00000144
     123345.000 ns	     12333	80002d90	f0048ad3	fmv.w.x	f21,x9	  x9:0x80040fe4 f21=0x80040fe4
     123365.000 ns	     12335	80002d94	ec39ec93	ori	x25,x19,-317	 x19:0x00000000 x25=0xffffffc7
     123385.000 ns	     12337	80002d98	2150a353	fsgnjx.s	f6,f1,f21	  f1:0xffc00000 f21:0x80040fe4  f6=0x7fc00000
     123405.000 ns	     12339	80002d9c	412cd313	srai	x6,x25,0x12	 x25:0x00000001  x6=0xffffffff
     123425.000 ns	     12341	80002da0	28239cd3	fmax.s	f25,f7,f2	  f7:0x4eff8002  f2:0x80000000 f25=0x4eff8002
     123455.000 ns	     12344	80002da4	a19c2d53	feq.s	x26,f24,f25	 f24:0xcd72a7a4 f25:0x4eff8000 x26=0x00000000
     123485.000 ns	     12347	80002da8	203416d3	fsgnjn.s	f13,f8,f3	  f8:0x4efffffa  f3:0x7fc00000 f13=0xcefffffa
     123505.000 ns	     12349	80002dac	011fe033	or	x0,x31,x17	 x31:0x80041024 x17:0x00000001
     123525.000 ns	     12351	80002db0	f00b8ed3	fmv.w.x	f29,x23	 x23:0x0000277f f29=0x0000277f
     123555.000 ns	     12354	80002db4	21148a53	fsgnj.s	f20,f9,f17	  f9:0xbff8364a f17:0x4735045f f20=0x3ff8364a
     123585.000 ns	     12357	80002db8	a0d1aa53	feq.s	x20,f3,f13	  f3:0x7fc00000 f13:0xcefffffa x20=0x00000000
     123605.000 ns	     12359	80002dbc	2d046613	ori	x12,x8,720	  x8:0xffffffff x12=0xffffffff
     123625.000 ns	     12361	80002dc0	027080b3	mul	x1,x1,x7	  x1:0x00000000  x7:0x00000001  x1=0x00000000
     123655.000 ns	     12364	80002dc4	02d33b33	mulhu	x22,x6,x13	  x6:0xffffffff x13:0xfe00163f x22=0xfe00163e
     123685.000 ns	     12367	80002dc8	21711b53	fsgnjn.s	f22,f2,f23	  f2:0x80000000 f23:0x4e9dffff f22=0x80000000
     123705.000 ns	     12369	80002dcc	00566433	or	x8,x12,x5	 x12:0xffffffff  x5:0xf0d585cf  x8=0xffffffff
     123725.000 ns	     12371	80002dd0	219d0e53	fsgnj.s	f28,f26,f25	 f26:0xffc00000 f25:0x4eff8002 f28=0x7fc00000
     124095.000 ns	     12408	80002dd4	02f54c33	div	x24,x10,x15	 x10:0x00000000 x15:0xfe001032 x24=0x00000000
     124115.000 ns	     12410	80002dd8	01142433	slt	x8,x8,x17	  x8:0xffffffff x17:0x00000001  x8=0x00000001
     124135.000 ns	     12412	80002ddc	d0110253	fcvt.s.wu	f4,x2	  x2:0x00000000  f4=0x00000000
     124165.000 ns	     12415	80002de0	28321f53	fmax.s	f30,f4,f3	  f4:0x7fc00000  f3:0x7fc00000 f30=0x00000000
     124195.000 ns	     12418	80002de4	c0091653	fcvt.w.s	x12,f18	 f18:0x7fc00000 x12=0x7fffffff
     124215.000 ns	     12420	80002de8	8f20a113	slti	x2,x1,-1806	  x1:0x00000000  x2=0x00000000
     124235.000 ns	     12422	80002dec	c008f153	fcvt.w.s	x2,f17	 f17:0x4735045f  x2=0x0000b504
     124255.000 ns	     12424	80002df0	2b62b613	sltiu	x12,x5,694	  x5:0xf0d585cf x12=0x00000000
     124265.000 ns	     12425	80002df4	0088dcb3	srl	x25,x17,x8	 x17:0x00000001  x8:0x00000001 x25=0x00000000
     124275.000 ns	     12426	80002df8	4096de93	srai	x29,x13,0x9	 x13:0xfe00163f x29=0xffff000b
     125445.000 ns	     12543	80002dfc	580c9453	fsqrt.s	f8,f25	 f25:0x4eff8002  f8=0x4734d769
     125475.000 ns	     12546	80002e00	c01935d3	fcvt.wu.s	x11,f18	 f18:0x7fc00000 x11=0xffffffff
     125495.000 ns	     12548	80002e04	71ffe513	ori	x10,x31,1823	 x31:0x80041024 x10=0x8004173f
     125505.000 ns	     12549	80002e08	01a1e933	or	x18,x3,x26	  x3:0x00000000 x26:0x00000000 x18=0x00000000
     125515.000 ns	     12550	80002e0c	d13eef13	ori	x30,x29,-749	 x29:0xffff000b x30=0xfffffd1b
     125525.000 ns	     12551	80002e10	0d42bb97	auipc	x23,0xd42b	 x23=0x8d42de10
     125535.000 ns	     12552	80002e14	01cffb33	and	x22,x31,x28	 x31:0x80041024 x28:0x00000000 x22=0x00000000
     125575.000 ns	     12556	80002e18	082bfbd3	fsub.s	f23,f23,f2	 f23:0x4e9dffff  f2:0x80000000 f23=0x4e9dffff
     125595.000 ns	     12558	80002e1c	01a35033	srl	x0,x6,x26	  x6:0xffffffff x26:0x00000000
     125615.000 ns	     12560	80002e20	03b2bab3	mulhu	x21,x5,x27	  x5:0xf0d585cf x27:0x00000000 x21=0x00000000
     125635.000 ns	     12562	80002e24	00a68d33	add	x26,x13,x10	 x13:0xfe00163f x10:0x8004173f x26=0x7e042d7e
     125645.000 ns	     12563	80002e28	409005b3	sub	x11,x0,x9	  x0:0x00000000  x9:0x80040fe4 x11=0x7ffbf01c
     125665.000 ns	     12565	80002e2c	f00684d3	fmv.w.x	f9,x13	 x13:0xfe00163f  f9=0xfe00163f
     125685.000 ns	     12567	80002e30	00e31913	slli	x18,x6,0xe	  x6:0xffffffff x18=0xffffc000
     125705.000 ns	     12569	80002e34	21ce8c53	fsgnj.s	f24,f29,f28	 f29:0x0000277f f28:0x7fc00000 f24=0x0000277f
     125725.000 ns	     12571	80002e38	4b064837	lui	x16,0x4b064	 x16=0x4b064000
     125745.000 ns	     12573	80002e3c	a0a81953	flt.s	x18,f16,f10	 f16:0xffc00000 f10:0x7fc00000 x18=0x00000000
     125775.000 ns	     12576	80002e40	021a8e33	mul	x28,x21,x1	 x21:0x00000000  x1:0x00000000 x28=0x00000000
     125815.000 ns	     12580	80002e44	18cbf1d3	fdiv.s	f3,f23,f12	 f23:0x4e9dffff f12:0x7fc00000  f3=0x7fc00000
     125835.000 ns	     12582	80002e48	40c550b3	sra	x1,x10,x12	 x10:0x8004173f x12:0x00000000  x1=0x8004173f
     125855.000 ns	     12584	80002e4c	290b8953	fmin.s	f18,f23,f16	 f23:0x4e9dffff f16:0xffc00000 f18=0x4e9dffff
     125875.000 ns	     12586	80002e50	000635b3	sltu	x11,x12,x0	 x12:0x00000000  x0:0x00000000 x11=0x00000000
     126235.000 ns	     12622	80002e54	02e5f333	remu	x6,x11,x14	 x11:0x7ffbf01c x14:0x60546000  x6=0x00000000
     126265.000 ns	     12625	80002e58	02327eb3	remu	x29,x4,x3	  x4:0x000000c0  x3:0x00000000 x29=0x000000c0
     126315.000 ns	     12630	80002e5c	080a7b53	fsub.s	f22,f20,f0	 f20:0x3ff8364a  f0:0xcd72a7a4 f22=0x4d72a7a4
     126335.000 ns	     12632	80002e60	01c83833	sltu	x16,x16,x28	 x16:0x4b064000 x28:0x00000000 x16=0x00000000
     126345.000 ns	     12633	80002e64	0192d713	srli	x14,x5,0x19	  x5:0xf0d585cf x14=0x00000078
     126355.000 ns	     12634	80002e68	015e9113	slli	x2,x29,0x15	 x29:0x000000c0  x2=0x18000000
     126365.000 ns	     12635	80002e6c	0057eb33	or	x22,x15,x5	 x15:0xfe001032  x5:0xf0d585cf x22=0xfed595ff
     126385.000 ns	     12637	80002e70	21611dd3	fsgnjn.s	f27,f2,f22	  f2:0x80000000 f22:0x4d72a7a4 f27=0x80000000
     126405.000 ns	     12639	80002e74	a8fdc637	lui	x12,0xa8fdc	 x12=0xa8fdc000
     126435.000 ns	     12642	80002e78	19757753	fdiv.s	f14,f10,f23	 f10:0x7fc00000 f23:0x4e9dffff f14=0x7fc00000
     126455.000 ns	     12644	80002e7c	01b05533	srl	x10,x0,x27	  x0:0x00000000 x27:0x00000000 x10=0x00000000
     126475.000 ns	     12646	80002e80	029383b3	mul	x7,x7,x9	  x7:0x00000001  x9:0x80040fe4  x7=0x80040fe4
     126505.000 ns	     12649	80002e84	a00a8c53	fle.s	x24,f21,f0	 f21:0x80040fe4  f0:0xcd72a7a4 x24=0x00000000
     126525.000 ns	     12651	80002e88	016b03b3	add	x7,x22,x22	 x22:0xfed595ff x22:0xfed595ff  x7=0xfdab2bfe
     126545.000 ns	     12653	80002e8c	0392fe33	remu	x28,x5,x25	  x5:0xf0d585cf x25:0x00000000 x28=0xf0d585cf
     126585.000 ns	     12657	80002e90	58054a53	fsqrt.s	f20,f10	 f10:0x7fc00000 f20=0x7fc00000
     126605.000 ns	     12659	80002e94	01139a93	slli	x21,x7,0x11	  x7:0xfdab2bfe x21=0x57fc0000
     126615.000 ns	     12660	80002e98	01b63533	sltu	x10,x12,x27	 x12:0xa8fdc000 x27:0x00000000 x10=0x00000000
     126625.000 ns	     12661	80002e9c	0126cdb3	xor	x27,x13,x18	 x13:0xfe00163f x18:0x00000000 x27=0xfe00163f
     126635.000 ns	     12662	80002ea0	ded5f413	andi	x8,x11,-531	 x11:0x00000000  x8=0x00000000
     126655.000 ns	     12664	80002ea4	030a6233	rem	x4,x20,x16	 x20:0x00000000 x16:0x00000000  x4=0x00000000
     126685.000 ns	     12667	80002ea8	21cb0dd3	fsgnj.s	f27,f22,f28	 f22:0x4d72a7a4 f28:0x7fc00000 f27=0x4d72a7a4
     126705.000 ns	     12669	80002eac	a63d8793	addi	x15,x27,-1437	 x27:0xfe00163f x15=0xfe0010a2
     126725.000 ns	     12671	80002eb0	c018b9d3	fcvt.wu.s	x19,f17	 f17:0x4735045f x19=0x0000b505
     126775.000 ns	     12676	80002eb4	00f9f9d3	fadd.s	f19,f19,f15	 f19:0x4d72a7a4 f15:0x4e9bf06c f19=0x4eba4560
     126795.000 ns	     12678	80002eb8	41370ab3	sub	x21,x14,x19	 x14:0x00000078 x19:0x0000b505 x21=0xffff4b73
     126815.000 ns	     12680	80002ebc	a1e2a653	feq.s	x12,f5,f30	  f5:0x7fc00000 f30:0x00000000 x12=0x00000000
     127185.000 ns	     12717	80002ec0	03ad63b3	rem	x7,x26,x26	 x26:0x7e042d7e x26:0x7e042d7e  x7=0x00000000
     127215.000 ns	     12720	80002ec4	c00f8253	fcvt.w.s	x4,f31	 f31:0x7fc00000  x4=0x7fffffff
     127235.000 ns	     12722	80002ec8	40df5d93	srai	x27,x30,0xd	 x30:0xfffffd1b x27=0xffffffff
     127595.000 ns	     12758	80002ecc	024a6f33	rem	x30,x20,x4	 x20:0x00000000  x4:0x7fffffff x30=0x00000000
     127625.000 ns	     12761	80002ed0	f0048dd3	fmv.w.x	f27,x9	  x9:0x80040fe4 f27=0x80040fe4
     127655.000 ns	     12764	80002ed4	a18f0453	fle.s	x8,f30,f24	 f30:0x00000000 f24:0x0000277f  x8=0x00000001
     127685.000 ns	     12767	80002ed8	21c41353	fsgnjn.s	f6,f8,f28	  f8:0x4734d769 f28:0x7fc00000  f6=0xc734d769
     127705.000 ns	     12769	80002edc	01a88933	add	x18,x17,x26	 x17:0x00000001 x26:0x7e042d7e x18=0x7e042d7f
     127715.000 ns	     12770	80002ee0	2c1fc393	xori	x7,x31,705	 x31:0x80041024  x7=0x800412e5
     127725.000 ns	     12771	80002ee4	f1ad0e17	auipc	x28,0xf1ad0	 x28=0x71ad2ee4
     127745.000 ns	     12773	80002ee8	02241bb3	mulh	x23,x8,x2	  x8:0x00000001  x2:0x18000000 x23=0x00000000
     127765.000 ns	     12775	80002eec	719fc993	xori	x19,x31,1817	 x31:0x80041024 x19=0x8004173d
     127785.000 ns	     12777	80002ef0	03b1adb3	mulhsu	x27,x3,x27	  x3:0x00000000 x27:0xffffffff x27=0x00000000
     127805.000 ns	     12779	80002ef4	00000013	addi	x0,x0,0	  x0:0x00000000
     127815.000 ns	     12780	80002ef8	40a98533	sub	x10,x19,x10	 x19:0x8004173d x10:0x00000000 x10=0x8004173d
     127825.000 ns	     12781	80002efc	01283733	sltu	x14,x16,x18	 x16:0x00000000 x18:0x7e042d7f x14=0x00000001
     127845.000 ns	     12783	80002f00	20f41553	fsgnjn.s	f10,f8,f15	  f8:0x4734d769 f15:0x4e9bf06c f10=0xc734d769
     127875.000 ns	     12786	80002f04	e0048cd3	fmv.x.w	x25,f9	  f9:0xfe00163f x25=0xfe00163f
     127905.000 ns	     12789	80002f08	02773633	mulhu	x12,x14,x7	 x14:0x00000001  x7:0x800412e5 x12=0x00000000
     127925.000 ns	     12791	80002f0c	415886b3	sub	x13,x17,x21	 x17:0x00000001 x21:0xffff4b73 x13=0x0000b48e
     127935.000 ns	     12792	80002f10	6a3ec993	xori	x19,x29,1699	 x29:0x000000c0 x19=0x00000663
     127955.000 ns	     12794	80002f14	e00d8553	fmv.x.w	x10,f27	 f27:0x80040fe4 x10=0x80040fe4
     127985.000 ns	     12797	80002f18	f0080653	fmv.w.x	f12,x16	 x16:0x00000000 f12=0x00000000
     128005.000 ns	     12799	80002f1c	015c9213	slli	x4,x25,0x15	 x25:0xfe00163f  x4=0xc7e00000
     128025.000 ns	     12801	80002f20	a00986d3	fle.s	x13,f19,f0	 f19:0x4eba4560  f0:0xcd72a7a4 x13=0x00000000
     128055.000 ns	     12804	80002f24	20689053	fsgnjn.s	f0,f17,f6	 f17:0x4735045f  f6:0xc734d769  f0=0x4735045f
     128075.000 ns	     12806	80002f28	4124d693	srai	x13,x9,0x12	  x9:0x80040fe4 x13=0xffffe001
     128085.000 ns	     12807	80002f2c	00005793	srli	x15,x0,0x0	  x0:0x00000000 x15=0x00000000
     128105.000 ns	     12809	80002f30	d00ff4d3	fcvt.s.w	f9,x31	 x31:0x80041024  f9=0xcefff7df
     128475.000 ns	     12846	80002f34	03656a33	rem	x20,x10,x22	 x10:0x80040fe4 x22:0xfed595ff x20=0xff133251
     128815.000 ns	     12880	80002f38	1917f9d3	fdiv.s	f19,f15,f17	 f15:0x4e9bf06c f17:0x4735045f f19=0x46ad0172
     128835.000 ns	     12882	80002f3c	007f80b3	add	x1,x31,x7	 x31:0x80041024  x7:0x800412e5  x1=0x00082309
     128845.000 ns	     12883	80002f40	00109793	slli	x15,x1,0x1	  x1:0x8004173f x15=0x00104612
     128855.000 ns	     12884	80002f44	0160da13	srli	x20,x1,0x16	  x1:0x8004173f x20=0x00000000
     128875.000 ns	     12886	80002f48	a0a693d3	flt.s	x7,f13,f10	 f13:0xcefffffa f10:0xc734d769  x7=0x00000001
     129245.000 ns	     12923	80002f4c	03f24a33	div	x20,x4,x31	  x4:0xc7e00000 x31:0x80041024 x20=0x00000000
     129265.000 ns	     12925	80002f50	0e3ca797	auipc	x15,0xe3ca	 x15=0x8e3ccf50
     129275.000 ns	     12926	80002f54	bf586793	ori	x15,x16,-1035	 x16:0x00000000 x15=0xfffffbf5
     129635.000 ns	     12962	80002f58	031cdab3	divu	x21,x25,x17	 x25:0xfe00163f x17:0x00000001 x21=0xfe00163f
     129665.000 ns	     12965	80002f5c	f0090653	fmv.w.x	f12,x18	 x18:0x7e042d7f f12=0x7e042d7f
     129695.000 ns	     12968	80002f60	a1a00dd3	fle.s	x27,f0,f26	  f0:0x4735045f f26:0xffc00000 x27=0x00000000
     129715.000 ns	     12970	80002f64	018416b3	sll	x13,x8,x24	  x8:0x00000001 x24:0x00000000 x13=0x00000001
     129735.000 ns	     12972	80002f68	29019bd3	fmax.s	f23,f3,f16	  f3:0x7fc00000 f16:0xffc00000 f23=0x7fc00000
     129765.000 ns	     12975	80002f6c	027d99b3	mulh	x19,x27,x7	 x27:0x00000000  x7:0x00000001 x19=0x00000000
     129795.000 ns	     12978	80002f70	d01fbdd3	fcvt.s.wu	f27,x31	 x31:0x80041024 f27=0x4f000411
     129825.000 ns	     12981	80002f74	20da8253	fsgnj.s	f4,f21,f13	 f21:0x80040fe4 f13:0xcefffffa  f4=0x80040fe4
     129845.000 ns	     12983	80002f78	401e8833	sub	x16,x29,x1	 x29:0x000000c0  x1:0x00082309 x16=0xfff7ddb7
     129865.000 ns	     12985	80002f7c	299a1953	fmax.s	f18,f20,f25	 f20:0x7fc00000 f25:0x4eff8002 f18=0x4eff8002
     129895.000 ns	     12988	80002f80	216b1053	fsgnjn.s	f0,f22,f22	 f22:0x4d72a7a4 f22:0x4d72a7a4  f0=0xcd72a7a4
     129925.000 ns	     12991	80002f84	d01873d3	fcvt.s.wu	f7,x16	 x16:0xfff7ddb7  f7=0x4f7ff7dd
     129955.000 ns	     12994	80002f88	03aeb5b3	mulhu	x11,x29,x26	 x29:0x000000c0 x26:0x7e042d7e x11=0x0000005e
     129985.000 ns	     12997	80002f8c	c0092153	fcvt.w.s	x2,f18	 f18:0x4eff8002  x2=0x7fc00100
     130005.000 ns	     12999	80002f90	01482bb3	slt	x23,x16,x20	 x16:0xfff7ddb7 x20:0x00000000 x23=0x00000001
     130015.000 ns	     13000	80002f94	a0688d97	auipc	x27,0xa0688	 x27=0x2068af94
     130025.000 ns	     13001	80002f98	77298a13	addi	x20,x19,1906	 x19:0x00000000 x20=0x00000772
     130045.000 ns	     13003	80002f9c	a0a30853	fle.s	x16,f6,f10	  f6:0xc734d769 f10:0xc734d769 x16=0x00000001
     130085.000 ns	     13007	80002fa0	10b10bd3	fmul.s	f23,f2,f11	  f2:0x80000000 f11:0x7fc00000 f23=0x7fc00000
     130125.000 ns	     13011	80002fa4	106afcd3	fmul.s	f25,f21,f6	 f21:0x80040fe4  f6:0xc734d769 f25=0x05b7a5d4
     130155.000 ns	     13014	80002fa8	d0004e53	fcvt.s.w	f28,x0	  x0:0x00000000 f28=0x00000000
     130175.000 ns	     13016	80002fac	36dc6a13	ori	x20,x24,877	 x24:0x00000000 x20=0x0000036d
     130195.000 ns	     13018	80002fb0	03a128b3	mulhsu	x17,x2,x26	  x2:0x7fc00100 x26:0x7e042d7e x17=0x3ee29631
     130225.000 ns	     13021	80002fb4	020c0933	mul	x18,x24,x0	 x24:0x00000000  x0:0x00000000 x18=0x00000000
     130265.000 ns	     13025	80002fb8	11e24a53	fmul.s	f20,f4,f30	  f4:0x80040fe4 f30:0x00000000 f20=0x80000000
     130315.000 ns	     13030	80002fbc	013d9953	fadd.s	f18,f27,f19	 f27:0x4f000411 f19:0x46ad0172 f18=0x4f000467
     130335.000 ns	     13032	80002fc0	015ab633	sltu	x12,x21,x21	 x21:0xfe00163f x21:0xfe00163f x12=0x00000000
     130345.000 ns	     13033	80002fc4	007c2433	slt	x8,x24,x7	 x24:0x00000000  x7:0x00000001  x8=0x00000001
     130365.000 ns	     13035	80002fc8	e0058cd3	fmv.x.w	x25,f11	 f11:0x7fc00000 x25=0x7fc00000
     130385.000 ns	     13037	80002fcc	8dcde193	ori	x3,x27,-1828	 x27:0x2068af94  x3=0xffffffdc
     130395.000 ns	     13038	80002fd0	4105d713	srai	x14,x11,0x10	 x11:0x0000005e x14=0x00000000
     130435.000 ns	     13042	80002fd4	093099d3	fsub.s	f19,f1,f19	  f1:0xffc00000 f19:0x46ad0172 f19=0x7fc00000
     130465.000 ns	     13045	80002fd8	a09b96d3	flt.s	x13,f23,f9	 f23:0x7fc00000  f9:0xcefff7df x13=0x00000000
     130495.000 ns	     13048	80002fdc	033f9333	mulh	x6,x31,x19	 x31:0x80041024 x19:0x00000000  x6=0x00000000
     130515.000 ns	     13050	80002fe0	c0c15997	auipc	x19,0xc0c15	 x19=0x40c17fe0
     130535.000 ns	     13052	80002fe4	a0cba6d3	feq.s	x13,f23,f12	 f23:0x7fc00000 f12:0x7e042d7f x13=0x00000000
     130905.000 ns	     13089	80002fe8	0353db33	divu	x22,x7,x21	  x7:0x00000001 x21:0xfe00163f x22=0x00000000
     130925.000 ns	     13091	80002fec	e2ad2993	slti	x19,x26,-470	 x26:0x7e042d7e x19=0x00000000
     130945.000 ns	     13093	80002ff0	e00e9c53	fclass.s	x24,f29	 f29:0x0000277f x24=0x00000020
     130975.000 ns	     13096	80002ff4	0356b133	mulhu	x2,x13,x21	 x13:0x00000000 x21:0xfe00163f  x2=0x00000000
     130995.000 ns	     13098	80002ff8	01c5d713	srli	x14,x11,0x1c	 x11:0x0000005e x14=0x00000000
     131005.000 ns	     13099	80002ffc	01d763b3	or	x7,x14,x29	 x14:0x00000000 x29:0x000000c0  x7=0x000000c0
     131035.000 ns	     13102	80003000	18c9f8d3	fdiv.s	f17,f19,f12	 f19:0x7fc00000 f12:0x7e042d7f f17=0x7fc00000
     131065.000 ns	     13105	80003004	d009f653	fcvt.s.w	f12,x19	 x19:0x00000000 f12=0x00000000
     131435.000 ns	     13142	80003008	03977d33	remu	x26,x14,x25	 x14:0x00000000 x25:0x7fc00000 x26=0x00000000
     131485.000 ns	     13147	8000300c	0975c4d3	fsub.s	f9,f11,f23	 f11:0x7fc00000 f23:0x7fc00000  f9=0x7fc00000
     131515.000 ns	     13150	80003010	f0030f53	fmv.w.x	f30,x6	  x6:0x00000000 f30=0x00000000
     131885.000 ns	     13187	80003014	02995933	divu	x18,x18,x9	 x18:0x00000000  x9:0x80040fe4 x18=0x00000000
     131915.000 ns	     13190	80003018	0200d3b3	divu	x7,x1,x0	  x1:0x00082309  x0:0x00000000  x7=0xffffffff
     131945.000 ns	     13193	8000301c	21708dd3	fsgnj.s	f27,f1,f23	  f1:0xffc00000 f23:0x7fc00000 f27=0x7fc00000
     131965.000 ns	     13195	80003020	81557a97	auipc	x21,0x81557	 x21=0x0155a020
     131985.000 ns	     13197	80003024	f0080e53	fmv.w.x	f28,x16	 x16:0x00000001 f28=0x00000001
     132005.000 ns	     13199	80003028	00eebf33	sltu	x30,x29,x14	 x29:0x000000c0 x14:0x00000000 x30=0x00000000
     132025.000 ns	     13201	8000302c	a1d42053	feq.s	x0,f8,f29	  f8:0x4734d769 f29:0x0000277f
     132055.000 ns	     13204	80003030	03a9ad33	mulhsu	x26,x19,x26	 x19:0x00000000 x26:0x00000000 x26=0x00000000
     132105.000 ns	     13209	80003034	01e3f053	fadd.s	f0,f7,f30	  f7:0x4f7ff7dd f30:0x00000000  f0=0x4f7ff7dd
     132135.000 ns	     13212	80003038	e00b1853	fclass.s	x16,f22	 f22:0x4d72a7a4 x16=0x00000040
     132155.000 ns	     13214	8000303c	41258233	sub	x4,x11,x18	 x11:0x0000005e x18:0x00000000  x4=0x0000005e
     132165.000 ns	     13215	80003040	00000013	addi	x0,x0,0	  x0:0x00000000
     132185.000 ns	     13217	80003044	c01148d3	fcvt.wu.s	x17,f2	  f2:0x80000000 x17=0x00000000
     132205.000 ns	     13219	80003048	00e12833	slt	x16,x2,x14	  x2:0x00000000 x14:0x00000000 x16=0x00000000
     132225.000 ns	     13221	8000304c	a0132c53	feq.s	x24,f6,f1	  f6:0xc734d769  f1:0xffc00000 x24=0x00000000
     132255.000 ns	     13224	80003050	026c0e33	mul	x28,x24,x6	 x24:0x00000020  x6:0x00000000 x28=0x00000000
     132285.000 ns	     13227	80003054	a1bd91d3	flt.s	x3,f27,f27	 f27:0x7fc00000 f27:0x7fc00000  x3=0x00000000
     132305.000 ns	     13229	80003058	00000013	addi	x0,x0,0	  x0:0x00000000
     132335.000 ns	     13232	8000305c	58063453	fsqrt.s	f8,f12	 f12:0x00000000  f8=0x00000000
     132355.000 ns	     13234	80003060	168bbf17	auipc	x30,0x168bb	 x30=0x968be060
     132365.000 ns	     13235	80003064	00175e13	srli	x28,x14,0x1	 x14:0x00000000 x28=0x00000000
     132375.000 ns	     13236	80003068	01151133	sll	x2,x10,x17	 x10:0x80040fe4 x17:0x00000000  x2=0x80040fe4
     132395.000 ns	     13238	8000306c	291e1653	fmax.s	f12,f28,f17	 f28:0x00000001 f17:0x7fc00000 f12=0x00000001
     132425.000 ns	     13241	80003070	e00d96d3	fclass.s	x13,f27	 f27:0x7fc00000 x13=0x00000200
     132455.000 ns	     13244	80003074	02031a33	mulh	x20,x6,x0	  x6:0x00000000  x0:0x00000000 x20=0x00000000
     132485.000 ns	     13247	80003078	f00b0a53	fmv.w.x	f20,x22	 x22:0x00000000 f20=0x00000000
     132525.000 ns	     13251	8000307c	190914d3	fdiv.s	f9,f18,f16	 f18:0x4f000467 f16:0xffc00000  f9=0x7fc00000
     132555.000 ns	     13254	80003080	292d0153	fmin.s	f2,f26,f18	 f26:0xffc00000 f18:0x4f000467  f2=0x4f000467
     132575.000 ns	     13256	80003084	1f478a17	auipc	x20,0x1f478	 x20=0x9f47b084
     132585.000 ns	     13257	80003088	00c54c33	xor	x24,x10,x12	 x10:0x80040fe4 x12:0x00000000 x24=0x80040fe4
     132605.000 ns	     13259	8000308c	03d62c33	mulhsu	x24,x12,x29	 x12:0x00000000 x29:0x000000c0 x24=0x00000000
     132635.000 ns	     13262	80003090	2069a2d3	fsgnjx.s	f5,f19,f6	 f19:0x7fc00000  f6:0xc734d769  f5=0xffc00000
     132665.000 ns	     13265	80003094	027a0933	mul	x18,x20,x7	 x20:0x9f47b084  x7:0xffffffff x18=0x60b84f7c
     132685.000 ns	     13267	80003098	41b20eb3	sub	x29,x4,x27	  x4:0x0000005e x27:0x2068af94 x29=0xdf9750ca
     132695.000 ns	     13268	8000309c	41765e33	sra	x28,x12,x23	 x12:0x00000000 x23:0x00000001 x28=0x00000000
     132715.000 ns	     13270	800030a0	03d12833	mulhsu	x16,x2,x29	  x2:0x80040fe4 x29:0x000000c0 x16=0x9037e3d9
     132735.000 ns	     13272	800030a4	0150dd33	srl	x26,x1,x21	  x1:0x00082309 x21:0x0155a020 x26=0x00082309
     132755.000 ns	     13274	800030a8	d00547d3	fcvt.s.w	f15,x10	 x10:0x80040fe4 f15=0xcefff7e0
     132775.000 ns	     13276	800030ac	00c040b3	xor	x1,x0,x12	  x0:0x00000000 x12:0x00000000  x1=0x00000000
     132785.000 ns	     13277	800030b0	f38a7113	andi	x2,x20,-200	 x20:0x9f47b084  x2=0x9f47b000
     132795.000 ns	     13278	800030b4	de418393	addi	x7,x3,-540	  x3:0x00000000  x7=0xfffffde4
     132805.000 ns	     13279	800030b8	4114ddb3	sra	x27,x9,x17	  x9:0x80040fe4 x17:0x00000000 x27=0x80040fe4
     132825.000 ns	     13281	800030bc	21f2a653	fsgnjx.s	f12,f5,f31	  f5:0xffc00000 f31:0x7fc00000 f12=0xffc00000
     132855.000 ns	     13284	800030c0	f0040753	fmv.w.x	f14,x8	  x8:0x00000001 f14=0x00000001
     132885.000 ns	     13287	800030c4	29d68653	fmin.s	f12,f13,f29	 f13:0xcefffffa f29:0x0000277f f12=0xcefffffa
     132915.000 ns	     13290	800030c8	a17410d3	flt.s	x1,f8,f23	  f8:0x00000000 f23:0x7fc00000  x1=0x00000000
     132945.000 ns	     13293	800030cc	f0050f53	fmv.w.x	f30,x10	 x10:0x80040fe4 f30=0x80040fe4
     132965.000 ns	     13295	800030d0	00f76233	or	x4,x14,x15	 x14:0x00000000 x15:0xfffffbf5  x4=0xfffffbf5
     133005.000 ns	     13299	800030d4	099e2dd3	fsub.s	f27,f28,f25	 f28:0x00000001 f25:0x05b7a5d4 f27=0x85b7a5d4
     133025.000 ns	     13301	800030d8	00065c13	srli	x24,x12,0x0	 x12:0x00000000 x24=0x00000000
     133045.000 ns	     13303	800030dc	2152a3d3	fsgnjx.s	f7,f5,f21	  f5:0xffc00000 f21:0x80040fe4  f7=0x7fc00000
     133095.000 ns	     13308	800030e0	0888aa53	fsub.s	f20,f17,f8	 f17:0x7fc00000  f8:0x00000000 f20=0x7fc00000
     133115.000 ns	     13310	800030e4	3cb53413	sltiu	x8,x10,971	 x10:0x80040fe4  x8=0x00000000
     133125.000 ns	     13311	800030e8	01e2d713	srli	x14,x5,0x1e	  x5:0xf0d585cf x14=0x00000003
     133135.000 ns	     13312	800030ec	00985db3	srl	x27,x16,x9	 x16:0x9037e3d9  x9:0x80040fe4 x27=0x09037e3d
     133165.000 ns	     13315	800030f0	114670d3	fmul.s	f1,f12,f20	 f12:0xcefffffa f20:0x7fc00000  f1=0x7fc00000
     133185.000 ns	     13317	800030f4	324b4e37	lui	x28,0x324b4	 x28=0x324b4000
     133195.000 ns	     13318	800030f8	013340b3	xor	x1,x6,x19	  x6:0x00000000 x19:0x00000000  x1=0x00000000
     133225.000 ns	     13321	800030fc	5800c053	fsqrt.s	f0,f1	  f1:0x7fc00000  f0=0x7fc00000
     133255.000 ns	     13324	80003100	a1bd0f53	fle.s	x30,f26,f27	 f26:0xffc00000 f27:0x85b7a5d4 x30=0x00000000
     133275.000 ns	     13326	80003104	6287bc93	sltiu	x25,x15,1576	 x15:0xfffffbf5 x25=0x00000000
     133295.000 ns	     13328	80003108	a14fab53	feq.s	x22,f31,f20	 f31:0x7fc00000 f20:0x7fc00000 x22=0x00000000
     133315.000 ns	     13330	8000310c	40dc5a13	srai	x20,x24,0xd	 x24:0x00000000 x20=0x00000000
     133345.000 ns	     13333	80003110	105c8cd3	fmul.s	f25,f25,f5	 f25:0x05b7a5d4  f5:0xffc00000 f25=0x7fc00000
     133365.000 ns	     13335	80003114	0168d193	srli	x3,x17,0x16	 x17:0x00000000  x3=0x00000000
     133375.000 ns	     13336	80003118	f5acbb17	auipc	x22,0xf5acb	 x22=0x75ace118
     133395.000 ns	     13338	8000311c	215d1053	fsgnjn.s	f0,f26,f21	 f26:0xffc00000 f21:0x80040fe4  f0=0x7fc00000
     133425.000 ns	     13341	80003120	f00c83d3	fmv.w.x	f7,x25	 x25:0x00000000  f7=0x00000000
     133455.000 ns	     13344	80003124	026295b3	mulh	x11,x5,x6	  x5:0xf0d585cf  x6:0x00000000 x11=0x00000000
     133485.000 ns	     13347	80003128	03bb87b3	mul	x15,x23,x27	 x23:0x00000001 x27:0x09037e3d x15=0x09037e3d
     133535.000 ns	     13352	8000312c	097a70d3	fsub.s	f1,f20,f23	 f20:0x7fc00000 f23:0x7fc00000  f1=0x7fc00000
     133555.000 ns	     13354	80003130	0170abb3	slt	x23,x1,x23	  x1:0x00000000 x23:0x00000001 x23=0x00000001
     133575.000 ns	     13356	80003134	a10a1f53	flt.s	x30,f20,f16	 f20:0x7fc00000 f16:0xffc00000 x30=0x00000000
     133605.000 ns	     13359	80003138	032a88b3	mul	x17,x21,x18	 x21:0x0155a020 x18:0x60b84f7c x17=0x28e36f80
     133625.000 ns	     13361	8000313c	01b61133	sll	x2,x12,x27	 x12:0x00000000 x27:0x09037e3d  x2=0x00000000
     133635.000 ns	     13362	80003140	00000013	addi	x0,x0,0	  x0:0x00000000
     133645.000 ns	     13363	80003144	69edcdb7	lui	x27,0x69edc	 x27=0x69edc000
     133665.000 ns	     13365	80003148	02198bb3	mul	x23,x19,x1	 x19:0x00000000  x1:0x00000000 x23=0x00000000
     133685.000 ns	     13367	8000314c	40378233	sub	x4,x15,x3	 x15:0x09037e3d  x3:0x00000000  x4=0x09037e3d
     133695.000 ns	     13368	80003150	79a210b7	lui	x1,0x79a21	  x1=0x79a21000
     133705.000 ns	     13369	80003154	e35a4c97	auipc	x25,0xe35a4	 x25=0x635a7154
     133715.000 ns	     13370	80003158	01f91113	slli	x2,x18,0x1f	 x18:0x60b84f7c  x2=0x00000000
     133725.000 ns	     13371	8000315c	00525f13	srli	x30,x4,0x5	  x4:0x09037e3d x30=0x00481bf1
     133765.000 ns	     13375	80003160	09c810d3	fsub.s	f1,f16,f28	 f16:0xffc00000 f28:0x00000001  f1=0x7fc00000
     133785.000 ns	     13377	80003164	00000013	addi	x0,x0,0	  x0:0x00000000
     133805.000 ns	     13379	80003168	03d035b3	mulhu	x11,x0,x29	  x0:0x00000000 x29:0xdf9750ca x11=0x00000000
     133825.000 ns	     13381	8000316c	dc93fb13	andi	x22,x7,-567	  x7:0xfffffde4 x22=0xfffffdc0
     133835.000 ns	     13382	80003170	40138833	sub	x16,x7,x1	  x7:0xfffffde4  x1:0x79a21000 x16=0x865dede4
     133865.000 ns	     13385	80003174	1078a2d3	fmul.s	f5,f17,f7	 f17:0x7fc00000  f7:0x00000000  f5=0x7fc00000
     133895.000 ns	     13388	80003178	03938d33	mul	x26,x7,x25	  x7:0xfffffde4 x25:0x635a7154 x26=0x6d38f2d0
     133915.000 ns	     13390	8000317c	01f05593	srli	x11,x0,0x1f	  x0:0x00000000 x11=0x00000000
     133925.000 ns	     13391	80003180	019e1d33	sll	x26,x28,x25	 x28:0x324b4000 x25:0x635a7154 x26=0x00000000
     133945.000 ns	     13393	80003184	02b11333	mulh	x6,x2,x11	  x2:0x00000000 x11:0x00000000  x6=0x00000000
     134315.000 ns	     13430	80003188	03bae733	rem	x14,x21,x27	 x21:0x0155a020 x27:0x69edc000 x14=0x0155a020
     134335.000 ns	     13432	8000318c	00475313	srli	x6,x14,0x4	 x14:0x00000003  x6=0x00155a02
     134345.000 ns	     13433	80003190	00ac1833	sll	x16,x24,x10	 x24:0x00000000 x10:0x80040fe4 x16=0x00000000
     134355.000 ns	     13434	80003194	01237633	and	x12,x6,x18	  x6:0x00000000 x18:0x60b84f7c x12=0x00104a00
     134365.000 ns	     13435	80003198	d8324c17	auipc	x24,0xd8324	 x24=0x58327198
     134405.000 ns	     13439	8000319c	00227a53	fadd.s	f20,f4,f2	  f4:0x80040fe4  f2:0x4f000467 f20=0x4f000467
     134435.000 ns	     13442	800031a0	29a50b53	fmin.s	f22,f10,f26	 f10:0xc734d769 f26:0xffc00000 f22=0xc734d769
     134465.000 ns	     13445	800031a4	c01077d3	fcvt.wu.s	x15,f0	  f0:0x7fc00000 x15=0xffffffff
     134485.000 ns	     13447	800031a8	00b62933	slt	x18,x12,x11	 x12:0x00104a00 x11:0x00000000 x18=0x00000000
     134505.000 ns	     13449	800031ac	03b920b3	mulhsu	x1,x18,x27	 x18:0x60b84f7c x27:0x69edc000  x1=0x00000000
     134535.000 ns	     13452	800031b0	02960033	mul	x0,x12,x9	 x12:0x00104a00  x9:0x80040fe4
     134905.000 ns	     13489	800031b4	039b6bb3	rem	x23,x22,x25	 x22:0xfffffdc0 x25:0x635a7154 x23=0xfffffdc0
     134925.000 ns	     13491	800031b8	00445913	srli	x18,x8,0x4	  x8:0x00000000 x18=0x00000000
     134945.000 ns	     13493	800031bc	218b29d3	fsgnjx.s	f19,f22,f24	 f22:0xc734d769 f24:0x0000277f f19=0xc734d769
     134965.000 ns	     13495	800031c0	411b55b3	sra	x11,x22,x17	 x22:0xfffffdc0 x17:0x28e36f80 x11=0xfffffdc0
     134985.000 ns	     13497	800031c4	a1451dd3	flt.s	x27,f10,f20	 f10:0xc734d769 f20:0x4f000467 x27=0x00000001
     135015.000 ns	     13500	800031c8	f0020e53	fmv.w.x	f28,x4	  x4:0x09037e3d f28=0x09037e3d
     135045.000 ns	     13503	800031cc	a040a6d3	feq.s	x13,f1,f4	  f1:0x7fc00000  f4:0x80040fe4 x13=0x00000000
     135075.000 ns	     13506	800031d0	214fa9d3	fsgnjx.s	f19,f31,f20	 f31:0x7fc00000 f20:0x4f000467 f19=0x7fc00000
     135095.000 ns	     13508	800031d4	2496e817	auipc	x16,0x2496e	 x16=0xa49711d4
     135105.000 ns	     13509	800031d8	013dca33	xor	x20,x27,x19	 x27:0x00000001 x19:0x00000000 x20=0x00000001
     135115.000 ns	     13510	800031dc	af6a0593	addi	x11,x20,-1290	 x20:0x00000000 x11=0xfffffaf7
     135135.000 ns	     13512	800031e0	a1d880d3	fle.s	x1,f17,f29	 f17:0x7fc00000 f29:0x0000277f  x1=0x00000000
     135155.000 ns	     13514	800031e4	01cf7eb3	and	x29,x30,x28	 x30:0x00481bf1 x28:0x324b4000 x29=0x00480000
     135195.000 ns	     13518	800031e8	08e17a53	fsub.s	f20,f2,f14	  f2:0x4f000467 f14:0x00000001 f20=0x4f000467
     135225.000 ns	     13521	800031ec	e0081cd3	fclass.s	x25,f16	 f16:0xffc00000 x25=0x00000200
     135255.000 ns	     13524	800031f0	03c6b933	mulhu	x18,x13,x28	 x13:0x00000000 x28:0x324b4000 x18=0x00000000
     135275.000 ns	     13526	800031f4	d9de8513	addi	x10,x29,-611	 x29:0x00480000 x10=0x0047fd9d
     135285.000 ns	     13527	800031f8	f0fe3c13	sltiu	x24,x28,-241	 x28:0x324b4000 x24=0x00000001
     135305.000 ns	     13529	800031fc	02023533	mulhu	x10,x4,x0	  x4:0x09037e3d  x0:0x00000000 x10=0x00000000
     135325.000 ns	     13531	80003200	01ead193	srli	x3,x21,0x1e	 x21:0x0155a020  x3=0x00000000
     135345.000 ns	     13533	80003204	a1f3a453	feq.s	x8,f7,f31	  f7:0x00000000 f31:0x7fc00000  x8=0x00000000
     135375.000 ns	     13536	80003208	02862eb3	mulhsu	x29,x12,x8	 x12:0x00104a00  x8:0x00000000 x29=0x00000000
     135395.000 ns	     13538	8000320c	40d2dd13	srai	x26,x5,0xd	  x5:0xf0d585cf x26=0xffff86ac
     135405.000 ns	     13539	80003210	406486b3	sub	x13,x9,x6	  x9:0x80040fe4  x6:0x00155a02 x13=0x7feeb5e2
     135425.000 ns	     13541	80003214	02d81db3	mulh	x27,x16,x13	 x16:0xa49711d4 x13:0x00000000 x27=0xd251b558
     135795.000 ns	     13578	80003218	02bec1b3	div	x3,x29,x11	 x29:0x00000000 x11:0xfffffaf7  x3=0x00000000
     135825.000 ns	     13581	8000321c	d01c0353	fcvt.s.wu	f6,x24	 x24:0x00000001  f6=0x3f800000
     135855.000 ns	     13584	80003220	d0014ed3	fcvt.s.w	f29,x2	  x2:0x00000000 f29=0x00000000
     135875.000 ns	     13586	80003224	00b20db3	add	x27,x4,x11	  x4:0x09037e3d x11:0xfffffaf7 x27=0x09037934
     135885.000 ns	     13587	80003228	5b150197	auipc	x3,0x5b150	  x3=0xdb153228
     135905.000 ns	     13589	8000322c	e00f03d3	fmv.x.w	x7,f30	 f30:0x80040fe4  x7=0x80040fe4
     135925.000 ns	     13591	80003230	2045c413	xori	x8,x11,516	 x11:0xfffffaf7  x8=0xfffff8f3
     135965.000 ns	     13595	80003234	0811fa53	fsub.s	f20,f3,f1	  f3:0x7fc00000  f1:0x7fc00000 f20=0x7fc00000
     135985.000 ns	     13597	80003238	53cc3213	sltiu	x4,x24,1340	 x24:0x00000001  x4=0x00000001
     136005.000 ns	     13599	8000323c	a11fa853	feq.s	x16,f31,f17	 f31:0x7fc00000 f17:0x7fc00000 x16=0x00000000
     136035.000 ns	     13602	80003240	f00e0653	fmv.w.x	f12,x28	 x28:0x324b4000 f12=0x324b4000
     136375.000 ns	     13636	80003244	18c178d3	fdiv.s	f17,f2,f12	  f2:0x4f000467 f12:0xcefffffa f17=0x5c34baea
     136395.000 ns	     13638	80003248	c36e8913	addi	x18,x29,-970	 x29:0x00000000 x18=0xfffffc36
     136405.000 ns	     13639	8000324c	fd492313	slti	x6,x18,-44	 x18:0x00000000  x6=0x00000001
     136415.000 ns	     13640	80003250	00000013	addi	x0,x0,0	  x0:0x00000000
     136445.000 ns	     13643	80003254	58087dd3	fsqrt.s	f27,f16	 f16:0xffc00000 f27=0x7fc00000
     136465.000 ns	     13645	80003258	414b59b3	sra	x19,x22,x20	 x22:0xfffffdc0 x20:0x00000001 x19=0xfffffee0
     136475.000 ns	     13646	8000325c	00bdc3b3	xor	x7,x27,x11	 x27:0x09037934 x11:0xfffffaf7  x7=0xf6fc83c3
     136485.000 ns	     13647	80003260	caeec213	xori	x4,x29,-850	 x29:0x00000000  x4=0xfffffcae
     136505.000 ns	     13649	80003264	c0157a53	fcvt.wu.s	x20,f10	 f10:0xc734d769 x20=0x0000b4d7
     136535.000 ns	     13652	80003268	f00f8bd3	fmv.w.x	f23,x31	 x31:0x80041024 f23=0x80041024
     136565.000 ns	     13655	8000326c	212f93d3	fsgnjn.s	f7,f31,f18	 f31:0x7fc00000 f18:0x4f000467  f7=0xffc00000
     136585.000 ns	     13657	80003270	00cb5e33	srl	x28,x22,x12	 x22:0xfffffdc0 x12:0x00104a00 x28=0xfffffdc0
     136605.000 ns	     13659	80003274	a1d308d3	fle.s	x17,f6,f29	  f6:0x3f800000 f29:0x00000000 x17=0x00000000
     136975.000 ns	     13696	80003278	02d053b3	divu	x7,x0,x13	  x0:0x00000000 x13:0x7feeb5e2  x7=0x00000000
     136995.000 ns	     13698	8000327c	01368a33	add	x20,x13,x19	 x13:0x7feeb5e2 x19:0xfffffee0 x20=0x7feeb4c2
     137015.000 ns	     13700	80003280	a1bb9bd3	flt.s	x23,f23,f27	 f23:0x80041024 f27:0x7fc00000 x23=0x00000000
     137045.000 ns	     13703	80003284	e00581d3	fmv.x.w	x3,f11	 f11:0x7fc00000  x3=0x7fc00000
     137065.000 ns	     13705	80003288	01f79393	slli	x7,x15,0x1f	 x15:0xffffffff  x7=0x80000000
     137425.000 ns	     13741	8000328c	03a5ea33	rem	x20,x11,x26	 x11:0xfffffaf7 x26:0xffff86ac x20=0xfffffaf7
     137445.000 ns	     13743	80003290	ddfaba13	sltiu	x20,x21,-545	 x21:0x0155a020 x20=0x00000001
     137455.000 ns	     13744	80003294	c61aa193	slti	x3,x21,-927	 x21:0x0155a020  x3=0x00000000
     137475.000 ns	     13746	80003298	a00191d3	flt.s	x3,f3,f0	  f3:0x7fc00000  f0:0x7fc00000  x3=0x00000000
     137495.000 ns	     13748	8000329c	00ad85b3	add	x11,x27,x10	 x27:0x09037934 x10:0x00000000 x11=0x09037934
     137515.000 ns	     13750	800032a0	0218f5b3	remu	x11,x17,x1	 x17:0x00000000  x1:0x00000000 x11=0x00000000
     137545.000 ns	     13753	800032a4	c01dfdd3	fcvt.wu.s	x27,f27	 f27:0x7fc00000 x27=0xffffffff
     137575.000 ns	     13756	800032a8	2023a1d3	fsgnjx.s	f3,f7,f2	  f7:0xffc00000  f2:0x4f000467  f3=0xffc00000
     137605.000 ns	     13759	800032ac	a041a253	feq.s	x4,f3,f4	  f3:0x7fc00000  f4:0x80040fe4  x4=0x00000000
     137635.000 ns	     13762	800032b0	f0048453	fmv.w.x	f8,x9	  x9:0x80040fe4  f8=0x80040fe4
     137665.000 ns	     13765	800032b4	a159ad53	feq.s	x26,f19,f21	 f19:0x7fc00000 f21:0x80040fe4 x26=0x00000000
     137695.000 ns	     13768	800032b8	a0a105d3	fle.s	x11,f2,f10	  f2:0x4f000467 f10:0xc734d769 x11=0x00000000
     137715.000 ns	     13770	800032bc	01dc1193	slli	x3,x24,0x1d	 x24:0x00000001  x3=0x20000000
     137725.000 ns	     13771	800032c0	005e1013	slli	x0,x28,0x5	 x28:0xfffffdc0
     137735.000 ns	     13772	800032c4	00be4133	xor	x2,x28,x11	 x28:0xfffffdc0 x11:0x00000000  x2=0xfffffdc0
     137745.000 ns	     13773	800032c8	0096f5b3	and	x11,x13,x9	 x13:0x7feeb5e2  x9:0x80040fe4 x11=0x000405e0
     137755.000 ns	     13774	800032cc	00bbf8b3	and	x17,x23,x11	 x23:0x00000000 x11:0x00000000 x17=0x00000000
     138115.000 ns	     13810	800032d0	0278f9b3	remu	x19,x17,x7	 x17:0x00000000  x7:0x80000000 x19=0x00000000
     138135.000 ns	     13812	800032d4	41b85e33	sra	x28,x16,x27	 x16:0x00000000 x27:0xffffffff x28=0x00000000
     138145.000 ns	     13813	800032d8	017e00b3	add	x1,x28,x23	 x28:0xfffffdc0 x23:0x00000000  x1=0x00000000
     138165.000 ns	     13815	800032dc	033de233	rem	x4,x27,x19	 x27:0xffffffff x19:0x00000000  x4=0xffffffff
     138185.000 ns	     13817	800032e0	01d1e933	or	x18,x3,x29	  x3:0x20000000 x29:0x00000000 x18=0x20000000
     138205.000 ns	     13819	800032e4	a1fe0353	fle.s	x6,f28,f31	 f28:0x09037e3d f31:0x7fc00000  x6=0x00000000
     138225.000 ns	     13821	800032e8	00ebc233	xor	x4,x23,x14	 x23:0x00000000 x14:0x0155a020  x4=0x0155a020
     138245.000 ns	     13823	800032ec	a0e518d3	flt.s	x17,f10,f14	 f10:0xc734d769 f14:0x00000001 x17=0x00000001
     138275.000 ns	     13826	800032f0	02cda6b3	mulhsu	x13,x27,x12	 x27:0xffffffff x12:0x00104a00 x13=0xffffffff
     138295.000 ns	     13828	800032f4	01ff5b13	srli	x22,x30,0x1f	 x30:0x00481bf1 x22=0x00000000
     138315.000 ns	     13830	800032f8	e00f1ed3	fclass.s	x29,f30	 f30:0x80040fe4 x29=0x00000004
     138335.000 ns	     13832	800032fc	001fb533	sltu	x10,x31,x1	 x31:0x80041024  x1:0x00000000 x10=0x00000000
     138345.000 ns	     13833	80003300	00e13833	sltu	x16,x2,x14	  x2:0xfffffdc0 x14:0x0155a020 x16=0x00000000
     138365.000 ns	     13835	80003304	c014fa53	fcvt.wu.s	x20,f9	  f9:0x7fc00000 x20=0xffffffff
     138385.000 ns	     13837	80003308	0079dc33	srl	x24,x19,x7	 x19:0x00000000  x7:0x80000000 x24=0x00000000
     138395.000 ns	     13838	8000330c	00000013	addi	x0,x0,0	  x0:0x00000000
     138415.000 ns	     13840	80003310	020079b3	remu	x19,x0,x0	  x0:0x00000000  x0:0x00000000 x19=0x00000000
     138435.000 ns	     13842	80003314	011bfcb3	and	x25,x23,x17	 x23:0x00000000 x17:0x00000001 x25=0x00000000
     138445.000 ns	     13843	80003318	40270633	sub	x12,x14,x2	 x14:0x0155a020  x2:0xfffffdc0 x12=0x0155a260
     138465.000 ns	     13845	8000331c	21ec83d3	fsgnj.s	f7,f25,f30	 f25:0x7fc00000 f30:0x80040fe4  f7=0xffc00000
     138495.000 ns	     13848	80003320	d00a7953	fcvt.s.w	f18,x20	 x20:0xffffffff f18=0xbf800000
     138515.000 ns	     13850	80003324	00410a33	add	x20,x2,x4	  x2:0xfffffdc0  x4:0x0155a020 x20=0x01559de0
     138535.000 ns	     13852	80003328	21820253	fsgnj.s	f4,f4,f24	  f4:0x80040fe4 f24:0x0000277f  f4=0x00040fe4
     138555.000 ns	     13854	8000332c	b8155097	auipc	x1,0xb8155	  x1=0x3815832c
     138595.000 ns	     13858	80003330	09fb1b53	fsub.s	f22,f22,f31	 f22:0xc734d769 f31:0x7fc00000 f22=0x7fc00000
     138625.000 ns	     13861	80003334	035b96b3	mulh	x13,x23,x21	 x23:0x00000000 x21:0x0155a020 x13=0x00000000
     138645.000 ns	     13863	80003338	61417213	andi	x4,x2,1556	  x2:0xfffffdc0  x4=0x00000400
     138655.000 ns	     13864	8000333c	017e3033	sltu	x0,x28,x23	 x28:0x00000000 x23:0x00000000
     138675.000 ns	     13866	80003340	029fb133	mulhu	x2,x31,x9	 x31:0x80041024  x9:0x80040fe4  x2=0x40041014
     138695.000 ns	     13868	80003344	c0940193	addi	x3,x8,-1015	  x8:0xfffff8f3  x3=0xfffff4fc
     138705.000 ns	     13869	80003348	3686fd93	andi	x27,x13,872	 x13:0x00000000 x27=0x00000000
     138725.000 ns	     13871	8000334c	208c26d3	fsgnjx.s	f13,f24,f8	 f24:0x0000277f  f8:0x80040fe4 f13=0x8000277f
     138745.000 ns	     13873	80003350	00000013	addi	x0,x0,0	  x0:0x00000000
     138765.000 ns	     13875	80003354	d006f1d3	fcvt.s.w	f3,x13	 x13:0x00000000  f3=0x00000000
     138785.000 ns	     13877	80003358	003ad093	srli	x1,x21,0x3	 x21:0x0155a020  x1=0x002ab404
     138795.000 ns	     13878	8000335c	009b8933	add	x18,x23,x9	 x23:0x00000000  x9:0x80040fe4 x18=0x80040fe4
     138805.000 ns	     13879	80003360	01f39513	slli	x10,x7,0x1f	  x7:0x80000000 x10=0x00000000
     138825.000 ns	     13881	80003364	02710cb3	mul	x25,x2,x7	  x2:0x40041014  x7:0x80000000 x25=0x00000000
     139195.000 ns	     13918	80003368	0280e8b3	rem	x17,x1,x8	  x1:0x002ab404  x8:0xfffff8f3 x17=0x0000034e
     139215.000 ns	     13920	8000336c	00a510b3	sll	x1,x10,x10	 x10:0x00000000 x10:0x00000000  x1=0x00000000
     139575.000 ns	     13956	80003370	0288c933	div	x18,x17,x8	 x17:0x0000034e  x8:0xfffff8f3 x18=0x00000000
     139605.000 ns	     13959	80003374	2097a7d3	fsgnjx.s	f15,f15,f9	 f15:0xcefff7e0  f9:0x7fc00000 f15=0xcefff7e0
     139625.000 ns	     13961	80003378	40a38333	sub	x6,x7,x10	  x7:0x80000000 x10:0x00000000  x6=0x80000000
     139635.000 ns	     13962	8000337c	00f4ae33	slt	x28,x9,x15	  x9:0x80040fe4 x15:0xffffffff x28=0x00000001
     139655.000 ns	     13964	80003380	c00e7d53	fcvt.w.s	x26,f28	 f28:0x09037e3d x26=0x00000000
     139675.000 ns	     13966	80003384	27226a93	ori	x21,x4,626	  x4:0x00000400 x21=0x00000672
     139695.000 ns	     13968	80003388	03fb80b3	mul	x1,x23,x31	 x23:0x00000000 x31:0x80041024  x1=0x00000000
     139725.000 ns	     13971	8000338c	a0fc9653	flt.s	x12,f25,f15	 f25:0x7fc00000 f15:0xcefff7e0 x12=0x00000000
     139745.000 ns	     13973	80003390	00000013	addi	x0,x0,0	  x0:0x00000000
     139755.000 ns	     13974	80003394	7c0e4893	xori	x17,x28,1984	 x28:0x00000001 x17=0x000007c1
     139795.000 ns	     13978	80003398	003d72d3	fadd.s	f5,f26,f3	 f26:0xffc00000  f3:0x00000000  f5=0x7fc00000
     139815.000 ns	     13980	8000339c	41d3d693	srai	x13,x7,0x1d	  x7:0x80000000 x13=0xfffffffc
     139825.000 ns	     13981	800033a0	0036dd33	srl	x26,x13,x3	 x13:0x00000000  x3:0xfffff4fc x26=0x0000000f
     139845.000 ns	     13983	800033a4	c01973d3	fcvt.wu.s	x7,f18	 f18:0xbf800000  x7=0x00000001
     139875.000 ns	     13986	800033a8	e0091d53	fclass.s	x26,f18	 f18:0xbf800000 x26=0x00000002
     139895.000 ns	     13988	800033ac	01373733	sltu	x14,x14,x19	 x14:0x0155a020 x19:0x00000000 x14=0x00000000
     139915.000 ns	     13990	800033b0	a0e69253	flt.s	x4,f13,f14	 f13:0x8000277f f14:0x00000001  x4=0x00000001
     139945.000 ns	     13993	800033b4	e00a03d3	fmv.x.w	x7,f20	 f20:0x7fc00000  x7=0x7fc00000
     139975.000 ns	     13996	800033b8	c019a7d3	fcvt.wu.s	x15,f19	 f19:0x7fc00000 x15=0xffffffff
     140015.000 ns	     14000	800033bc	58029453	fsqrt.s	f8,f5	  f5:0x7fc00000  f8=0x7fc00000
     140035.000 ns	     14002	800033c0	41ead8b3	sra	x17,x21,x30	 x21:0x00000672 x30:0x00481bf1 x17=0x00000000
     140055.000 ns	     14004	800033c4	c00af753	fcvt.w.s	x14,f21	 f21:0x80040fe4 x14=0x00000000
     140085.000 ns	     14007	800033c8	c00d4253	fcvt.w.s	x4,f26	 f26:0xffc00000  x4=0x7fffffff
     140105.000 ns	     14009	800033cc	41565e33	sra	x28,x12,x21	 x12:0x00000000 x21:0x00000672 x28=0x00000000
     140125.000 ns	     14011	800033d0	03480633	mul	x12,x16,x20	 x16:0x00000000 x20:0x01559de0 x12=0x00000000
     140155.000 ns	     14014	800033d4	2111ac53	fsgnjx.s	f24,f3,f17	  f3:0x00000000 f17:0x5c34baea f24=0x00000000
     140185.000 ns	     14017	800033d8	031da9b3	mulhsu	x19,x27,x17	 x27:0x00000000 x17:0x00000000 x19=0x00000000
     140215.000 ns	     14020	800033dc	285903d3	fmin.s	f7,f18,f5	 f18:0xbf800000  f5:0x7fc00000  f7=0xbf800000
     140245.000 ns	     14023	800033e0	f00c82d3	fmv.w.x	f5,x25	 x25:0x00000000  f5=0x00000000
     140265.000 ns	     14025	800033e4	019f7c33	and	x24,x30,x25	 x30:0x00481bf1 x25:0x00000000 x24=0x00000000
     140285.000 ns	     14027	800033e8	a0e61d53	flt.s	x26,f12,f14	 f12:0x324b4000 f14:0x00000001 x26=0x00000000
     140325.000 ns	     14031	800033ec	11eb94d3	fmul.s	f9,f23,f30	 f23:0x80041024 f30:0x80040fe4  f9=0x00000000
     140345.000 ns	     14033	800033f0	0030a9b3	slt	x19,x1,x3	  x1:0x00000000  x3:0xfffff4fc x19=0x00000000
     140355.000 ns	     14034	800033f4	00a61cb3	sll	x25,x12,x10	 x12:0x00000000 x10:0x00000000 x25=0x00000000
     140375.000 ns	     14036	800033f8	210a8e53	fsgnj.s	f28,f21,f16	 f21:0x80040fe4 f16:0xffc00000 f28=0x80040fe4
     140395.000 ns	     14038	800033fc	400ade33	sra	x28,x21,x0	 x21:0x00000672  x0:0x00000000 x28=0x00000672
     140415.000 ns	     14040	80003400	03722333	mulhsu	x6,x4,x23	  x4:0x7fffffff x23:0x00000000  x6=0x00000000
     140445.000 ns	     14043	80003404	a19b29d3	feq.s	x19,f22,f25	 f22:0x7fc00000 f25:0x7fc00000 x19=0x00000000
     140465.000 ns	     14045	80003408	bf5b2e93	slti	x29,x22,-1035	 x22:0x00000000 x29=0x00000000
     140485.000 ns	     14047	8000340c	a06129d3	feq.s	x19,f2,f6	  f2:0x4f000467  f6:0x3f800000 x19=0x00000000
     140515.000 ns	     14050	80003410	03826133	rem	x2,x4,x24	  x4:0x7fffffff x24:0x00000000  x2=0x7fffffff
     140545.000 ns	     14053	80003414	c01d7553	fcvt.wu.s	x10,f26	 f26:0xffc00000 x10=0xffffffff
     140565.000 ns	     14055	80003418	041ccb13	xori	x22,x25,65	 x25:0x00000000 x22=0x00000041
     140925.000 ns	     14091	8000341c	02f66133	rem	x2,x12,x15	 x12:0x00000000 x15:0xffffffff  x2=0x00000000
     141295.000 ns	     14128	80003420	027c7d33	remu	x26,x24,x7	 x24:0x00000000  x7:0x7fc00000 x26=0x00000000
     141325.000 ns	     14131	80003424	21302bd3	fsgnjx.s	f23,f0,f19	  f0:0x7fc00000 f19:0x7fc00000 f23=0x7fc00000
     141355.000 ns	     14134	80003428	a0c70c53	fle.s	x24,f14,f12	 f14:0x00000001 f12:0x324b4000 x24=0x00000001
     141385.000 ns	     14137	8000342c	c007f6d3	fcvt.w.s	x13,f15	 f15:0xcefff7e0 x13=0x7ffbf000
     141415.000 ns	     14140	80003430	a06d91d3	flt.s	x3,f27,f6	 f27:0x7fc00000  f6:0x3f800000  x3=0x00000000
     141445.000 ns	     14143	80003434	20792e53	fsgnjx.s	f28,f18,f7	 f18:0xbf800000  f7:0xbf800000 f28=0x3f800000
     141465.000 ns	     14145	80003438	df8bad13	slti	x26,x23,-520	 x23:0x00000000 x26=0x00000000
     141495.000 ns	     14148	8000343c	5809f3d3	fsqrt.s	f7,f19	 f19:0x7fc00000  f7=0x7fc00000
     141525.000 ns	     14151	80003440	28170ed3	fmin.s	f29,f14,f1	 f14:0x00000001  f1:0x7fc00000 f29=0x00000001
     141555.000 ns	     14154	80003444	e00b05d3	fmv.x.w	x11,f22	 f22:0x7fc00000 x11=0x7fc00000
     141585.000 ns	     14157	80003448	c01b1053	fcvt.wu.s	x0,f22	 f22:0x7fc00000
     141625.000 ns	     14161	8000344c	580c7853	fsqrt.s	f16,f24	 f24:0x00000000 f16=0x00000000
     141655.000 ns	     14164	80003450	c01d7953	fcvt.wu.s	x18,f26	 f26:0xffc00000 x18=0xffffffff
     141675.000 ns	     14166	80003454	00d98333	add	x6,x19,x13	 x19:0x00000000 x13:0x7ffbf000  x6=0x7ffbf000
     141685.000 ns	     14167	80003458	f45baa93	slti	x21,x23,-187	 x23:0x00000000 x21=0x00000000
     142045.000 ns	     14203	8000345c	02bde0b3	rem	x1,x27,x11	 x27:0x00000000 x11:0x7fc00000  x1=0x00000000
     142065.000 ns	     14205	80003460	efc68e93	addi	x29,x13,-260	 x13:0x7ffbf000 x29=0x7ffbeefc
     142075.000 ns	     14206	80003464	8a8f6437	lui	x8,0x8a8f6	  x8=0x8a8f6000
     142095.000 ns	     14208	80003468	e0061453	fclass.s	x8,f12	 f12:0x324b4000  x8=0x00000040
     142125.000 ns	     14211	8000346c	a1ff26d3	feq.s	x13,f30,f31	 f30:0x80040fe4 f31:0x7fc00000 x13=0x00000000
     142155.000 ns	     14214	80003470	293d0753	fmin.s	f14,f26,f19	 f26:0xffc00000 f19:0x7fc00000 f14=0x7fc00000
     142175.000 ns	     14216	80003474	60ef8c93	addi	x25,x31,1550	 x31:0x80041024 x25=0x80041632
     142195.000 ns	     14218	80003478	020a5533	divu	x10,x20,x0	 x20:0x01559de0  x0:0x00000000 x10=0xffffffff
     142215.000 ns	     14220	8000347c	00f9e6b3	or	x13,x19,x15	 x19:0x00000000 x15:0xffffffff x13=0xffffffff
     142225.000 ns	     14221	80003480	4748ce93	xori	x29,x17,1140	 x17:0x00000000 x29=0x00000474
     142245.000 ns	     14223	80003484	c005f853	fcvt.w.s	x16,f11	 f11:0x7fc00000 x16=0x7fffffff
     142295.000 ns	     14228	80003488	0995b253	fsub.s	f4,f11,f25	 f11:0x7fc00000 f25:0x7fc00000  f4=0x7fc00000
     142325.000 ns	     14231	8000348c	a1faaf53	feq.s	x30,f21,f31	 f21:0x80040fe4 f31:0x7fc00000 x30=0x00000000
     142345.000 ns	     14233	80003490	33db6513	ori	x10,x22,829	 x22:0x00000041 x10=0x0000037d
     142355.000 ns	     14234	80003494	827a3337	lui	x6,0x827a3	  x6=0x827a3000
     142375.000 ns	     14236	80003498	d01625d3	fcvt.s.wu	f11,x12	 x12:0x00000000 f11=0x00000000
     142405.000 ns	     14239	8000349c	c000f3d3	fcvt.w.s	x7,f1	  f1:0x7fc00000  x7=0x7fffffff
     142425.000 ns	     14241	800034a0	00102933	slt	x18,x0,x1	  x0:0x00000000  x1:0x00000000 x18=0x00000000
     142435.000 ns	     14242	800034a4	404dd393	srai	x7,x27,0x4	 x27:0x00000000  x7=0x00000000
     142445.000 ns	     14243	800034a8	01d60e33	add	x28,x12,x29	 x12:0x00000000 x29:0x00000474 x28=0x00000474
     142455.000 ns	     14244	800034ac	01deb133	sltu	x2,x29,x29	 x29:0x00000474 x29:0x00000474  x2=0x00000000
     142815.000 ns	     14280	800034b0	02d0f9b3	remu	x19,x1,x13	  x1:0x00000000 x13:0xffffffff x19=0x00000000
     142855.000 ns	     14284	800034b4	18c206d3	fdiv.s	f13,f4,f12	  f4:0x7fc00000 f12:0x324b4000 f13=0x7fc00000
     142875.000 ns	     14286	800034b8	00000013	addi	x0,x0,0	  x0:0x00000000
     142885.000 ns	     14287	800034bc	41d108b3	sub	x17,x2,x29	  x2:0x00000000 x29:0x00000474 x17=0xfffffb8c
     142895.000 ns	     14288	800034c0	411c51b3	sra	x3,x24,x17	 x24:0x00000001 x17:0x00000000  x3=0x00000000
     142905.000 ns	     14289	800034c4	40975593	srai	x11,x14,0x9	 x14:0x00000000 x11=0x00000000
     142925.000 ns	     14291	800034c8	e00995d3	fclass.s	x11,f19	 f19:0x7fc00000 x11=0x00000200
     142945.000 ns	     14293	800034cc	00cd5db3	srl	x27,x26,x12	 x26:0x00000000 x12:0x00000000 x27=0x00000000
     142955.000 ns	     14294	800034d0	01d196b3	sll	x13,x3,x29	  x3:0x00000000 x29:0x00000474 x13=0x00000000
     142965.000 ns	     14295	800034d4	1866c413	xori	x8,x13,390	 x13:0xffffffff  x8=0x00000186
     142985.000 ns	     14297	800034d8	02b92db3	mulhsu	x27,x18,x11	 x18:0x00000000 x11:0x00000200 x27=0x00000000
     143015.000 ns	     14300	800034dc	292e83d3	fmin.s	f7,f29,f18	 f29:0x00000001 f18:0xbf800000  f7=0xbf800000
     143385.000 ns	     14337	800034e0	0288ccb3	div	x25,x17,x8	 x17:0xfffffb8c  x8:0x00000186 x25=0xfffffffe
     143415.000 ns	     14340	800034e4	03b5f8b3	remu	x17,x11,x27	 x11:0x00000200 x27:0x00000000 x17=0x00000200
     143435.000 ns	     14342	800034e8	40c500b3	sub	x1,x10,x12	 x10:0x0000037d x12:0x00000000  x1=0x0000037d
     143445.000 ns	     14343	800034ec	6c7a3cb7	lui	x25,0x6c7a3	 x25=0x6c7a3000
     143465.000 ns	     14345	800034f0	031210b3	mulh	x1,x4,x17	  x4:0x7fffffff x17:0x00000200  x1=0x000000ff
     143485.000 ns	     14347	800034f4	309a6893	ori	x17,x20,777	 x20:0x01559de0 x17=0x01559fe9
     143495.000 ns	     14348	800034f8	40efdd13	srai	x26,x31,0xe	 x31:0x80041024 x26=0xfffe0010
     143515.000 ns	     14350	800034fc	c0057353	fcvt.w.s	x6,f10	 f10:0xc734d769  x6=0x0000b4d7
     143545.000 ns	     14353	80003500	e00f0d53	fmv.x.w	x26,f30	 f30:0x80040fe4 x26=0x80040fe4
     143575.000 ns	     14356	80003504	c0053b53	fcvt.w.s	x22,f10	 f10:0xc734d769 x22=0xffff4b29
     143595.000 ns	     14358	80003508	f4390c93	addi	x25,x18,-189	 x18:0x00000000 x25=0xffffff43
     143605.000 ns	     14359	8000350c	009f97b3	sll	x15,x31,x9	 x31:0x80041024  x9:0x80040fe4 x15=0x00410240
     143615.000 ns	     14360	80003510	01b02233	slt	x4,x0,x27	  x0:0x00000000 x27:0x00000000  x4=0x00000000
     143975.000 ns	     14396	80003514	0253d233	divu	x4,x7,x5	  x7:0x00000000  x5:0xf0d585cf  x4=0x00000000
     144005.000 ns	     14399	80003518	03cfae33	mulhsu	x28,x31,x28	 x31:0x80041024 x28:0x00000474 x28=0xfffffdc6
     144025.000 ns	     14401	8000351c	f9337793	andi	x15,x6,-109	  x6:0x0000b4d7 x15=0x0000b493
     144045.000 ns	     14403	80003520	e0038953	fmv.x.w	x18,f7	  f7:0xbf800000 x18=0xbf800000
     144075.000 ns	     14406	80003524	21289a53	fsgnjn.s	f20,f17,f18	 f17:0x5c34baea f18:0xbf800000 f20=0x5c34baea
     144445.000 ns	     14443	80003528	039ff733	remu	x14,x31,x25	 x31:0x80041024 x25:0xffffff43 x14=0x80041024
     144475.000 ns	     14446	8000352c	21ef2ad3	fsgnjx.s	f21,f30,f30	 f30:0x80040fe4 f30:0x80040fe4 f21=0x00040fe4
     144505.000 ns	     14449	80003530	e0031bd3	fclass.s	x23,f6	  f6:0x3f800000 x23=0x00000040
     144535.000 ns	     14452	80003534	027455b3	divu	x11,x8,x7	  x8:0x00000186  x7:0x00000000 x11=0xffffffff
     144565.000 ns	     14455	80003538	c008abd3	fcvt.w.s	x23,f17	 f17:0x5c34baea x23=0x7fffffff
     144595.000 ns	     14458	8000353c	d0017dd3	fcvt.s.w	f27,x2	  x2:0x00000000 f27=0x00000000
     144615.000 ns	     14460	80003540	b6bb6e37	lui	x28,0xb6bb6	 x28=0xb6bb6000
     144625.000 ns	     14461	80003544	00281e13	slli	x28,x16,0x2	 x16:0x7fffffff x28=0xfffffffc
     144665.000 ns	     14465	80003548	01a0f4d3	fadd.s	f9,f1,f26	  f1:0x7fc00000 f26:0xffc00000  f9=0x7fc00000
     144685.000 ns	     14467	8000354c	000c31b3	sltu	x3,x24,x0	 x24:0x00000001  x0:0x00000000  x3=0x00000000
     144705.000 ns	     14469	80003550	026eb233	mulhu	x4,x29,x6	 x29:0x00000474  x6:0x0000b4d7  x4=0x00000000
     145075.000 ns	     14506	80003554	02686e33	rem	x28,x16,x6	 x16:0x7fffffff  x6:0x0000b4d7 x28=0x0000ab01
     145095.000 ns	     14508	80003558	40155593	srai	x11,x10,0x1	 x10:0x0000037d x11=0x000001be
     145105.000 ns	     14509	8000355c	414a5a13	srai	x20,x20,0x14	 x20:0x01559de0 x20=0x00000015
     145125.000 ns	     14511	80003560	a1d1a253	feq.s	x4,f3,f29	  f3:0x00000000 f29:0x00000001  x4=0x00000000
     145145.000 ns	     14513	80003564	00000013	addi	x0,x0,0	  x0:0x00000000
     145165.000 ns	     14515	80003568	21678253	fsgnj.s	f4,f15,f22	 f15:0xcefff7e0 f22:0x7fc00000  f4=0x4efff7e0
     145205.000 ns	     14519	8000356c	18de7dd3	fdiv.s	f27,f28,f13	 f28:0x3f800000 f13:0x7fc00000 f27=0x7fc00000
     145235.000 ns	     14522	80003570	c0148cd3	fcvt.wu.s	x25,f9	  f9:0x7fc00000 x25=0xffffffff
     145255.000 ns	     14524	80003574	007c8833	add	x16,x25,x7	 x25:0xffffff43  x7:0x00000000 x16=0xffffffff
     145265.000 ns	     14525	80003578	00bfe733	or	x14,x31,x11	 x31:0x80041024 x11:0x000001be x14=0x800411be
     145285.000 ns	     14527	8000357c	e00e87d3	fmv.x.w	x15,f29	 f29:0x00000001 x15=0x00000001
     145315.000 ns	     14530	80003580	207024d3	fsgnjx.s	f9,f0,f7	  f0:0x7fc00000  f7:0xbf800000  f9=0xffc00000
     145335.000 ns	     14532	80003584	003e2ab3	slt	x21,x28,x3	 x28:0x0000ab01  x3:0x00000000 x21=0x00000000
     145375.000 ns	     14536	80003588	0990aed3	fsub.s	f29,f1,f25	  f1:0x7fc00000 f25:0x7fc00000 f29=0x7fc00000
     145395.000 ns	     14538	8000358c	d8e2ca93	xori	x21,x5,-626	  x5:0xf0d585cf x21=0x0f2a7841
     145415.000 ns	     14540	80003590	29471e53	fmax.s	f28,f14,f20	 f14:0x7fc00000 f20:0x5c34baea f28=0x5c34baea
     145455.000 ns	     14544	80003594	115d74d3	fmul.s	f9,f26,f21	 f26:0xffc00000 f21:0x00040fe4  f9=0x7fc00000
     145485.000 ns	     14547	80003598	e00f0653	fmv.x.w	x12,f30	 f30:0x80040fe4 x12=0x80040fe4
     145515.000 ns	     14550	8000359c	a1ac1dd3	flt.s	x27,f24,f26	 f24:0x00000000 f26:0xffc00000 x27=0x00000000
     145555.000 ns	     14554	800035a0	194b7653	fdiv.s	f12,f22,f20	 f22:0x7fc00000 f20:0x5c34baea f12=0x7fc00000
     145595.000 ns	     14558	800035a4	19b5f9d3	fdiv.s	f19,f11,f27	 f11:0x00000000 f27:0x7fc00000 f19=0x7fc00000
     145615.000 ns	     14560	800035a8	4163de93	srai	x29,x7,0x16	  x7:0x00000000 x29=0x00000000
     145625.000 ns	     14561	800035ac	9116ab13	slti	x22,x13,-1775	 x13:0x00000000 x22=0x00000000
     145645.000 ns	     14563	800035b0	c00c89d3	fcvt.w.s	x19,f25	 f25:0x7fc00000 x19=0x7fffffff
     145675.000 ns	     14566	800035b4	c016c3d3	fcvt.wu.s	x7,f13	 f13:0x7fc00000  x7=0xffffffff
     145695.000 ns	     14568	800035b8	00de1c93	slli	x25,x28,0xd	 x28:0x0000ab01 x25=0x15602000
     145725.000 ns	     14571	800035bc	1015f353	fmul.s	f6,f11,f1	 f11:0x00000000  f1:0x7fc00000  f6=0x7fc00000
     145745.000 ns	     14573	800035c0	356eec97	auipc	x25,0x356ee	 x25=0xb56f15c0
     145765.000 ns	     14575	800035c4	0236a133	mulhsu	x2,x13,x3	 x13:0x00000000  x3:0x00000000  x2=0x00000000
     145785.000 ns	     14577	800035c8	fbc26197	auipc	x3,0xfbc26	  x3=0x7bc295c8
     145795.000 ns	     14578	800035cc	009a0533	add	x10,x20,x9	 x20:0x00000015  x9:0x80040fe4 x10=0x80040ff9
     145825.000 ns	     14581	800035d0	18d53fd3	fdiv.s	f31,f10,f13	 f10:0xc734d769 f13:0x7fc00000 f31=0x7fc00000
     145845.000 ns	     14583	800035d4	01cf9cb3	sll	x25,x31,x28	 x31:0x80041024 x28:0x0000ab01 x25=0x00082048
     145855.000 ns	     14584	800035d8	e0179e37	lui	x28,0xe0179	 x28=0xe0179000
     145875.000 ns	     14586	800035dc	28601553	fmax.s	f10,f0,f6	  f0:0x7fc00000  f6:0x7fc00000 f10=0x7fc00000
     145905.000 ns	     14589	800035e0	a14881d3	fle.s	x3,f17,f20	 f17:0x5c34baea f20:0x5c34baea  x3=0x00000001
     145925.000 ns	     14591	800035e4	401c0f33	sub	x30,x24,x1	 x24:0x00000001  x1:0x000000ff x30=0xffffff02
     146285.000 ns	     14627	800035e8	0299d7b3	divu	x15,x19,x9	 x19:0x7fffffff  x9:0x80040fe4 x15=0x00000000
     146315.000 ns	     14630	800035ec	d007f553	fcvt.s.w	f10,x15	 x15:0x00000001 f10=0x00000000
     146355.000 ns	     14634	800035f0	10d5b0d3	fmul.s	f1,f11,f13	 f11:0x00000000 f13:0x7fc00000  f1=0x7fc00000
     146385.000 ns	     14637	800035f4	03e08033	mul	x0,x1,x30	  x1:0x000000ff x30:0xffffff02
     146405.000 ns	     14639	800035f8	01900033	add	x0,x0,x25	  x0:0x00000000 x25:0x00082048
     146415.000 ns	     14640	800035fc	01a6fb33	and	x22,x13,x26	 x13:0x00000000 x26:0x80040fe4 x22=0x00000000
     146435.000 ns	     14642	80003600	f0028b53	fmv.w.x	f22,x5	  x5:0xf0d585cf f22=0xf0d585cf
     146465.000 ns	     14645	80003604	d008f7d3	fcvt.s.w	f15,x17	 x17:0x01559fe9 f15=0x4baacff4
     146485.000 ns	     14647	80003608	92bcea93	ori	x21,x25,-1749	 x25:0x00082048 x21=0xfffff96b
     146845.000 ns	     14683	8000360c	0260e533	rem	x10,x1,x6	  x1:0x000000ff  x6:0x0000b4d7 x10=0x000000ff
     146885.000 ns	     14687	80003610	103e7253	fmul.s	f4,f28,f3	 f28:0x5c34baea  f3:0x00000000  f4=0x00000000
     146905.000 ns	     14689	80003614	00000013	addi	x0,x0,0	  x0:0x00000000
     146915.000 ns	     14690	80003618	c6e32013	slti	x0,x6,-914	  x6:0x0000b4d7
     146925.000 ns	     14691	8000361c	00b68933	add	x18,x13,x11	 x13:0x00000000 x11:0x000001be x18=0x000001be
     146945.000 ns	     14693	80003620	296e04d3	fmin.s	f9,f28,f22	 f28:0x5c34baea f22:0xf0d585cf  f9=0xf0d585cf
     146975.000 ns	     14696	80003624	d0128b53	fcvt.s.wu	f22,x5	  x5:0xf0d585cf f22=0x4f70d586
     146995.000 ns	     14698	80003628	4174d713	srai	x14,x9,0x17	  x9:0x80040fe4 x14=0xffffff00
     147015.000 ns	     14700	8000362c	21218b53	fsgnj.s	f22,f3,f18	  f3:0x00000000 f18:0xbf800000 f22=0x80000000
     147035.000 ns	     14702	80003630	4f504a37	lui	x20,0x4f504	 x20=0x4f504000
     147045.000 ns	     14703	80003634	4118dd33	sra	x26,x17,x17	 x17:0x01559fe9 x17:0x01559fe9 x26=0x0000aacf
     147055.000 ns	     14704	80003638	007b69b3	or	x19,x22,x7	 x22:0x00000000  x7:0xffffffff x19=0xffffffff
     147065.000 ns	     14705	8000363c	00165633	srl	x12,x12,x1	 x12:0x80040fe4  x1:0x000000ff x12=0x00000001
     147085.000 ns	     14707	80003640	02b98e33	mul	x28,x19,x11	 x19:0x7fffffff x11:0x000001be x28=0xfffffe42
     147455.000 ns	     14744	80003644	03365db3	divu	x27,x12,x19	 x12:0x80040fe4 x19:0xffffffff x27=0x00000000
     147485.000 ns	     14747	80003648	d000c953	fcvt.s.w	f18,x1	  x1:0x000000ff f18=0x437f0000
     147515.000 ns	     14750	8000364c	02c6a133	mulhsu	x2,x13,x12	 x13:0x00000000 x12:0x00000001  x2=0x00000000
     147535.000 ns	     14752	80003650	a5517613	andi	x12,x2,-1451	  x2:0x00000000 x12=0x00000000
     147555.000 ns	     14754	80003654	a1e42853	feq.s	x16,f8,f30	  f8:0x7fc00000 f30:0x80040fe4 x16=0x00000000
     147925.000 ns	     14791	80003658	03417d33	remu	x26,x2,x20	  x2:0x00000000 x20:0x4f504000 x26=0x00000000
     147945.000 ns	     14793	8000365c	4dd47f13	andi	x30,x8,1245	  x8:0x00000186 x30=0x00000084
     147965.000 ns	     14795	80003660	a1d39f53	flt.s	x30,f7,f29	  f7:0xbf800000 f29:0x7fc00000 x30=0x00000000
     147995.000 ns	     14798	80003664	a04d95d3	flt.s	x11,f27,f4	 f27:0x7fc00000  f4:0x00000000 x11=0x00000000
     148035.000 ns	     14802	80003668	580f7153	fsqrt.s	f2,f30	 f30:0x80040fe4  f2=0x7fc00000
     148055.000 ns	     14804	8000366c	5b83e593	ori	x11,x7,1464	  x7:0xffffffff x11=0xffffffff
     148065.000 ns	     14805	80003670	01c14b33	xor	x22,x2,x28	  x2:0x00000000 x28:0xfffffe42 x22=0xfffffe42
     148075.000 ns	     14806	80003674	1a543893	sltiu	x17,x8,421	  x8:0x00000186 x17=0x00000001
     148095.000 ns	     14808	80003678	20608353	fsgnj.s	f6,f1,f6	  f1:0x7fc00000  f6:0x7fc00000  f6=0x7fc00000
     148125.000 ns	     14811	8000367c	02ca0733	mul	x14,x20,x12	 x20:0x4f504000 x12:0x00000000 x14=0x00000000
     148145.000 ns	     14813	80003680	4955bd13	sltiu	x26,x11,1173	 x11:0xffffffff x26=0x00000000
     148165.000 ns	     14815	80003684	02fa4033	div	x0,x20,x15	 x20:0x4f504000 x15:0x00000000
     148195.000 ns	     14818	80003688	d008a553	fcvt.s.w	f10,x17	 x17:0x00000001 f10=0x3f800000
     148235.000 ns	     14822	8000368c	1083cc53	fmul.s	f24,f7,f8	  f7:0xbf800000  f8:0x7fc00000 f24=0x7fc00000
     148255.000 ns	     14824	80003690	31966f13	ori	x30,x12,793	 x12:0x00000000 x30=0x00000319
     148265.000 ns	     14825	80003694	d1856e93	ori	x29,x10,-744	 x10:0x000000ff x29=0xfffffdff
     148285.000 ns	     14827	80003698	c012fa53	fcvt.wu.s	x20,f5	  f5:0x00000000 x20=0x00000000
     148305.000 ns	     14829	8000369c	00e76333	or	x6,x14,x14	 x14:0x00000000 x14:0x00000000  x6=0x00000000
     148325.000 ns	     14831	800036a0	d0191f53	fcvt.s.wu	f30,x18	 x18:0x000001be f30=0x43df0000
     148345.000 ns	     14833	800036a4	43a04a93	xori	x21,x0,1082	  x0:0x00000000 x21=0x0000043a
     148355.000 ns	     14834	800036a8	00000013	addi	x0,x0,0	  x0:0x00000000
     148365.000 ns	     14835	800036ac	004d9a13	slli	x20,x27,0x4	 x27:0x00000000 x20=0x00000000
     148375.000 ns	     14836	800036b0	00da2133	slt	x2,x20,x13	 x20:0x00000000 x13:0x00000000  x2=0x00000000
     148385.000 ns	     14837	800036b4	421d9317	auipc	x6,0x421d9	  x6=0xc21dc6b4
     148405.000 ns	     14839	800036b8	a0e287d3	fle.s	x15,f5,f14	  f5:0x00000000 f14:0x7fc00000 x15=0x00000000
     148435.000 ns	     14842	800036bc	d00278d3	fcvt.s.w	f17,x4	  x4:0x00000000 f17=0x00000000
     148455.000 ns	     14844	800036c0	3c330db7	lui	x27,0x3c330	 x27=0x3c330000
     148465.000 ns	     14845	800036c4	002a2cb3	slt	x25,x20,x2	 x20:0x00000000  x2:0x00000000 x25=0x00000000
     148825.000 ns	     14881	800036c8	025776b3	remu	x13,x14,x5	 x14:0x00000000  x5:0xf0d585cf x13=0x00000000
     148845.000 ns	     14883	800036cc	bf1d0613	addi	x12,x26,-1039	 x26:0x00000000 x12=0xfffffbf1
     148855.000 ns	     14884	800036d0	3119fb93	andi	x23,x19,785	 x19:0xffffffff x23=0x00000311
     148875.000 ns	     14886	800036d4	216d1353	fsgnjn.s	f6,f26,f22	 f26:0xffc00000 f22:0x80000000  f6=0x7fc00000
     148895.000 ns	     14888	800036d8	83ae4e93	xori	x29,x28,-1990	 x28:0xfffffe42 x29=0x00000678
     148905.000 ns	     14889	800036dc	22094713	xori	x14,x18,544	 x18:0x000001be x14=0x0000039e
     148925.000 ns	     14891	800036e0	21d922d3	fsgnjx.s	f5,f18,f29	 f18:0x437f0000 f29:0x7fc00000  f5=0x437f0000
     149295.000 ns	     14928	800036e4	0264d133	divu	x2,x9,x6	  x9:0x80040fe4  x6:0xc21dc6b4  x2=0x00000000
     149325.000 ns	     14931	800036e8	f0068753	fmv.w.x	f14,x13	 x13:0x00000000 f14=0x00000000
     149695.000 ns	     14968	800036ec	031e70b3	remu	x1,x28,x17	 x28:0xfffffe42 x17:0x00000001  x1=0x00000000
     149715.000 ns	     14970	800036f0	3a058813	addi	x16,x11,928	 x11:0xffffffff x16=0x0000039f
     150075.000 ns	     15006	800036f4	03d44133	div	x2,x8,x29	  x8:0x00000186 x29:0x00000678  x2=0x00000000
     150105.000 ns	     15009	800036f8	2009a8d3	fsgnjx.s	f17,f19,f0	 f19:0x7fc00000  f0:0x7fc00000 f17=0x7fc00000
     150135.000 ns	     15012	800036fc	c010bad3	fcvt.wu.s	x21,f1	  f1:0x7fc00000 x21=0xffffffff
     150505.000 ns	     15049	80003700	02eb5833	divu	x16,x22,x14	 x22:0xfffffe42 x14:0x0000039e x16=0x0046c5f1
     150525.000 ns	     15051	80003704	8b98ae37	lui	x28,0x8b98a	 x28=0x8b98a000
     150535.000 ns	     15052	80003708	00595e33	srl	x28,x18,x5	 x18:0x000001be  x5:0xf0d585cf x28=0x00000000
     150545.000 ns	     15053	8000370c	6c0ec113	xori	x2,x29,1728	 x29:0x00000678  x2=0x000000b8
     150565.000 ns	     15055	80003710	a1102cd3	feq.s	x25,f0,f17	  f0:0x7fc00000 f17:0x7fc00000 x25=0x00000000
     150595.000 ns	     15058	80003714	a1101cd3	flt.s	x25,f0,f17	  f0:0x7fc00000 f17:0x7fc00000 x25=0x00000000
     150965.000 ns	     15095	80003718	03245c33	divu	x24,x8,x18	  x8:0x00000186 x18:0x000001be x24=0x00000000
     150985.000 ns	     15097	8000371c	010000b3	add	x1,x0,x16	  x0:0x00000000 x16:0x0046c5f1  x1=0x0046c5f1
     150995.000 ns	     15098	80003720	e7033c93	sltiu	x25,x6,-400	  x6:0xc21dc6b4 x25=0x00000001
     151015.000 ns	     15100	80003724	20b11053	fsgnjn.s	f0,f2,f11	  f2:0x7fc00000 f11:0x00000000  f0=0xffc00000
     151035.000 ns	     15102	80003728	de4d6313	ori	x6,x26,-540	 x26:0x00000000  x6=0xfffffde4
     151055.000 ns	     15104	8000372c	d01406d3	fcvt.s.wu	f13,x8	  x8:0x00000186 f13=0x43c30000
     151075.000 ns	     15106	80003730	94296613	ori	x12,x18,-1726	 x18:0x000001be x12=0xfffff9fe
     151095.000 ns	     15108	80003734	20d28bd3	fsgnj.s	f23,f5,f13	  f5:0x437f0000 f13:0x43c30000 f23=0x437f0000
     151125.000 ns	     15111	80003738	e0091cd3	fclass.s	x25,f18	 f18:0x437f0000 x25=0x00000040
     151145.000 ns	     15113	8000373c	00f9db33	srl	x22,x19,x15	 x19:0xffffffff x15:0x00000000 x22=0xffffffff
     151165.000 ns	     15115	80003740	a0e929d3	feq.s	x19,f18,f14	 f18:0x437f0000 f14:0x00000000 x19=0x00000000
     151195.000 ns	     15118	80003744	021128b3	mulhsu	x17,x2,x1	  x2:0x000000b8  x1:0x0046c5f1 x17=0x00000000
     151225.000 ns	     15121	80003748	029933b3	mulhu	x7,x18,x9	 x18:0x000001be  x9:0x80040fe4  x7=0x000000df
     151255.000 ns	     15124	8000374c	02d641b3	div	x3,x12,x13	 x12:0xfffff9fe x13:0x00000000  x3=0xffffffff
     152435.000 ns	     15242	80003750	5802c853	fsqrt.s	f16,f5	  f5:0x437f0000 f16=0x41344f6f
     152465.000 ns	     15245	80003754	20ef0553	fsgnj.s	f10,f30,f14	 f30:0x43df0000 f14:0x00000000 f10=0x43df0000
     152495.000 ns	     15248	80003758	0242beb3	mulhu	x29,x5,x4	  x5:0xf0d585cf  x4:0x00000000 x29=0x00000000
     152515.000 ns	     15250	8000375c	01e0d913	srli	x18,x1,0x1e	  x1:0x0046c5f1 x18=0x00000000
     152525.000 ns	     15251	80003760	01fc7db3	and	x27,x24,x31	 x24:0x00000000 x31:0x80041024 x27=0x00000000
     152535.000 ns	     15252	80003764	006e5a93	srli	x21,x28,0x6	 x28:0x00000000 x21=0x00000000
     152565.000 ns	     15255	80003768	10187cd3	fmul.s	f25,f16,f1	 f16:0x41344f6f  f1:0x7fc00000 f25=0x7fc00000
     152585.000 ns	     15257	8000376c	40908033	sub	x0,x1,x9	  x1:0x0046c5f1  x9:0x80040fe4
     152595.000 ns	     15258	80003770	b00e0513	addi	x10,x28,-1280	 x28:0x00000000 x10=0xfffffb00
     152615.000 ns	     15260	80003774	297a85d3	fmin.s	f11,f21,f23	 f21:0x00040fe4 f23:0x437f0000 f11=0x00040fe4
     152655.000 ns	     15264	80003778	1824fd53	fdiv.s	f26,f9,f2	  f9:0xf0d585cf  f2:0x7fc00000 f26=0x7fc00000
     152675.000 ns	     15266	8000377c	bae43813	sltiu	x16,x8,-1106	  x8:0x00000186 x16=0x00000001
     152685.000 ns	     15267	80003780	001fc1b3	xor	x3,x31,x1	 x31:0x80041024  x1:0x0046c5f1  x3=0x8042d5d5
     152695.000 ns	     15268	80003784	e640e013	ori	x0,x1,-412	  x1:0x0046c5f1
     152705.000 ns	     15269	80003788	0121a3b3	slt	x7,x3,x18	  x3:0xffffffff x18:0x00000000  x7=0x00000001
     152725.000 ns	     15271	8000378c	a1fe85d3	fle.s	x11,f29,f31	 f29:0x7fc00000 f31:0x7fc00000 x11=0x00000000
     152755.000 ns	     15274	80003790	28528f53	fmin.s	f30,f5,f5	  f5:0x437f0000  f5:0x437f0000 f30=0x437f0000
     152785.000 ns	     15277	80003794	c017f1d3	fcvt.wu.s	x3,f15	 f15:0x4baacff4  x3=0x01559fe8
     152815.000 ns	     15280	80003798	a1f88ad3	fle.s	x21,f17,f31	 f17:0x7fc00000 f31:0x7fc00000 x21=0x00000000
     152835.000 ns	     15282	8000379c	3714e793	ori	x15,x9,881	  x9:0x80040fe4 x15=0x80040ff5
     152845.000 ns	     15283	800037a0	7fad2b13	slti	x22,x26,2042	 x26:0x00000000 x22=0x00000001
     152865.000 ns	     15285	800037a4	a08e0453	fle.s	x8,f28,f8	 f28:0x5c34baea  f8:0x7fc00000  x8=0x00000000
     152885.000 ns	     15287	800037a8	01e9ec33	or	x24,x19,x30	 x19:0x00000000 x30:0x00000319 x24=0x00000319
     152905.000 ns	     15289	800037ac	e00f91d3	fclass.s	x3,f31	 f31:0x7fc00000  x3=0x00000200
     152935.000 ns	     15292	800037b0	2038a1d3	fsgnjx.s	f3,f17,f3	 f17:0x7fc00000  f3:0x00000000  f3=0x7fc00000
     152955.000 ns	     15294	800037b4	00000013	addi	x0,x0,0	  x0:0x00000000
     152975.000 ns	     15296	800037b8	02d7f833	remu	x16,x15,x13	 x15:0x80040ff5 x13:0x00000000 x16=0x80040ff5
     153005.000 ns	     15299	800037bc	20e98d53	fsgnj.s	f26,f19,f14	 f19:0x7fc00000 f14:0x00000000 f26=0x7fc00000
     153025.000 ns	     15301	800037c0	0132b1b3	sltu	x3,x5,x19	  x5:0xf0d585cf x19:0x00000000  x3=0x00000000
     153045.000 ns	     15303	800037c4	29678053	fmin.s	f0,f15,f22	 f15:0x4baacff4 f22:0x80000000  f0=0x80000000
     153075.000 ns	     15306	800037c8	20c60053	fsgnj.s	f0,f12,f12	 f12:0x7fc00000 f12:0x7fc00000  f0=0x7fc00000
     153105.000 ns	     15309	800037cc	c0172653	fcvt.wu.s	x12,f14	 f14:0x00000000 x12=0x00000000
     153125.000 ns	     15311	800037d0	01f6e6b3	or	x13,x13,x31	 x13:0x00000000 x31:0x80041024 x13=0x80041024
     153145.000 ns	     15313	800037d4	20cf2b53	fsgnjx.s	f22,f30,f12	 f30:0x437f0000 f12:0x7fc00000 f22=0x437f0000
     153165.000 ns	     15315	800037d8	01e6ddb3	srl	x27,x13,x30	 x13:0x00000000 x30:0x00000319 x27=0x00000040
     153185.000 ns	     15317	800037dc	e00b1cd3	fclass.s	x25,f22	 f22:0x437f0000 x25=0x00000040
     153555.000 ns	     15354	800037e0	03655033	divu	x0,x10,x22	 x10:0xfffffb00 x22:0x00000001
     153575.000 ns	     15356	800037e4	00000013	addi	x0,x0,0	  x0:0x00000000
     153595.000 ns	     15358	800037e8	02c685b3	mul	x11,x13,x12	 x13:0x80041024 x12:0x00000000 x11=0x00000000
     153615.000 ns	     15360	800037ec	00d3d693	srli	x13,x7,0xd	  x7:0x00000001 x13=0x00000000
     153635.000 ns	     15362	800037f0	03999f33	mulh	x30,x19,x25	 x19:0x00000000 x25:0x00000040 x30=0x00000000
     153665.000 ns	     15365	800037f4	a09a2ad3	feq.s	x21,f20,f9	 f20:0x5c34baea  f9:0xf0d585cf x21=0x00000000
     153695.000 ns	     15368	800037f8	02cc80b3	mul	x1,x25,x12	 x25:0x00000040 x12:0x00000000  x1=0x00000000
     153715.000 ns	     15370	800037fc	40445e33	sra	x28,x8,x4	  x8:0x00000000  x4:0x00000000 x28=0x00000000
     153755.000 ns	     15374	80003800	09a174d3	fsub.s	f9,f2,f26	  f2:0x7fc00000 f26:0x7fc00000  f9=0x7fc00000
     153785.000 ns	     15377	80003804	d00efbd3	fcvt.s.w	f23,x29	 x29:0x00000000 f23=0x00000000
     153805.000 ns	     15379	80003808	e2b12713	slti	x14,x2,-469	  x2:0x000000b8 x14=0x00000000
     153825.000 ns	     15381	8000380c	0386a1b3	mulhsu	x3,x13,x24	 x13:0x00000000 x24:0x00000319  x3=0x00000000
     153845.000 ns	     15383	80003810	00000013	addi	x0,x0,0	  x0:0x00000000
     153865.000 ns	     15385	80003814	03329133	mulh	x2,x5,x19	  x5:0xf0d585cf x19:0x00000000  x2=0x00000000
     153885.000 ns	     15387	80003818	40510633	sub	x12,x2,x5	  x2:0x000000b8  x5:0xf0d585cf x12=0x0f2a7a31
     153905.000 ns	     15389	8000381c	021ffd33	remu	x26,x31,x1	 x31:0x80041024  x1:0x00000000 x26=0x80041024
     153925.000 ns	     15391	80003820	01e53033	sltu	x0,x10,x30	 x10:0xfffffb00 x30:0x00000000
     153955.000 ns	     15394	80003824	10181c53	fmul.s	f24,f16,f1	 f16:0x41344f6f  f1:0x7fc00000 f24=0x7fc00000
     153985.000 ns	     15397	80003828	02923d33	mulhu	x26,x4,x9	  x4:0x00000000  x9:0x80040fe4 x26=0x00000000
     154005.000 ns	     15399	8000382c	e819fa13	andi	x20,x19,-383	 x19:0x00000000 x20=0x00000000
     154035.000 ns	     15402	80003830	19437753	fdiv.s	f14,f6,f20	  f6:0x7fc00000 f20:0x5c34baea f14=0x7fc00000
     154055.000 ns	     15404	80003834	00000013	addi	x0,x0,0	  x0:0x00000000
     154075.000 ns	     15406	80003838	02ba91b3	mulh	x3,x21,x11	 x21:0x00000000 x11:0x00000000  x3=0x00000000
     154105.000 ns	     15409	8000383c	03548233	mul	x4,x9,x21	  x9:0x80040fe4 x21:0x00000000  x4=0x00000000
     154135.000 ns	     15412	80003840	d01e7e53	fcvt.s.wu	f28,x28	 x28:0x00000000 f28=0x00000000
     154165.000 ns	     15415	80003844	a08386d3	fle.s	x13,f7,f8	  f7:0xbf800000  f8:0x7fc00000 x13=0x00000000
     154195.000 ns	     15418	80003848	a136af53	feq.s	x30,f13,f19	 f13:0x43c30000 f19:0x7fc00000 x30=0x00000000
     154225.000 ns	     15421	8000384c	29731153	fmax.s	f2,f6,f23	  f6:0x7fc00000 f23:0x00000000  f2=0x00000000
     154255.000 ns	     15424	80003850	c009a253	fcvt.w.s	x4,f19	 f19:0x7fc00000  x4=0x7fffffff
     154285.000 ns	     15427	80003854	d01cf5d3	fcvt.s.wu	f11,x25	 x25:0x00000040 f11=0x42800000
     154305.000 ns	     15429	80003858	00fcb733	sltu	x14,x25,x15	 x25:0x00000040 x15:0x80040ff5 x14=0x00000001
     154325.000 ns	     15431	8000385c	28bd16d3	fmax.s	f13,f26,f11	 f26:0x7fc00000 f11:0x42800000 f13=0x42800000
     154355.000 ns	     15434	80003860	032ad533	divu	x10,x21,x18	 x21:0x00000000 x18:0x00000000 x10=0xffffffff
     154385.000 ns	     15437	80003864	c007f853	fcvt.w.s	x16,f15	 f15:0x4baacff4 x16=0x01559fe8
     154405.000 ns	     15439	80003868	01473eb3	sltu	x29,x14,x20	 x14:0x00000001 x20:0x00000000 x29=0x00000000
     154415.000 ns	     15440	8000386c	6c073893	sltiu	x17,x14,1728	 x14:0x00000001 x17=0x00000001
     154425.000 ns	     15441	80003870	40065c13	srai	x24,x12,0x0	 x12:0x0f2a7a31 x24=0x0f2a7a31
     154445.000 ns	     15443	80003874	207b8553	fsgnj.s	f10,f23,f7	 f23:0x00000000  f7:0xbf800000 f10=0x80000000
     155625.000 ns	     15561	80003878	580aa953	fsqrt.s	f18,f21	 f21:0x00040fe4 f18=0x1f3ac312
     155645.000 ns	     15563	8000387c	015471b3	and	x3,x8,x21	  x8:0x00000000 x21:0x00000000  x3=0x00000000
     155675.000 ns	     15566	80003880	18c4a953	fdiv.s	f18,f9,f12	  f9:0x7fc00000 f12:0x7fc00000 f18=0x7fc00000
     155705.000 ns	     15569	80003884	a0669e53	flt.s	x28,f13,f6	 f13:0x42800000  f6:0x7fc00000 x28=0x00000000
     156075.000 ns	     15606	80003888	0241cdb3	div	x27,x3,x4	  x3:0x00000000  x4:0x7fffffff x27=0x00000000
     156105.000 ns	     15609	8000388c	e0038353	fmv.x.w	x6,f7	  f7:0xbf800000  x6=0xbf800000
     156135.000 ns	     15612	80003890	a1832c53	feq.s	x24,f6,f24	  f6:0x7fc00000 f24:0x7fc00000 x24=0x00000000
     156155.000 ns	     15614	80003894	4a123a93	sltiu	x21,x4,1185	  x4:0x7fffffff x21=0x00000000
     156165.000 ns	     15615	80003898	f8fee613	ori	x12,x29,-113	 x29:0x00000000 x12=0xffffff8f
     156185.000 ns	     15617	8000389c	298f09d3	fmin.s	f19,f30,f24	 f30:0x437f0000 f24:0x7fc00000 f19=0x437f0000
     156205.000 ns	     15619	800038a0	018d51b3	srl	x3,x26,x24	 x26:0x00000000 x24:0x00000000  x3=0x00000000
     156225.000 ns	     15621	800038a4	213627d3	fsgnjx.s	f15,f12,f19	 f12:0x7fc00000 f19:0x437f0000 f15=0x7fc00000
     156245.000 ns	     15623	800038a8	45056a13	ori	x20,x10,1104	 x10:0xffffffff x20=0xffffffff
     156265.000 ns	     15625	800038ac	02d69bb3	mulh	x23,x13,x13	 x13:0x00000000 x13:0x00000000 x23=0x00000000
     156295.000 ns	     15628	800038b0	02055433	divu	x8,x10,x0	 x10:0xffffffff  x0:0x00000000  x8=0xffffffff
     156315.000 ns	     15630	800038b4	011359b3	srl	x19,x6,x17	  x6:0xbf800000 x17:0x00000001 x19=0x5fc00000
     156325.000 ns	     15631	800038b8	00216433	or	x8,x2,x2	  x2:0x00000000  x2:0x00000000  x8=0x00000000
     156365.000 ns	     15635	800038bc	014b4f53	fadd.s	f30,f22,f20	 f22:0x437f0000 f20:0x5c34baea f30=0x5c34baea
     156385.000 ns	     15637	800038c0	81fbe993	ori	x19,x23,-2017	 x23:0x00000000 x19=0xfffff81f
     156395.000 ns	     15638	800038c4	41795113	srai	x2,x18,0x17	 x18:0x00000000  x2=0x00000000
     156405.000 ns	     15639	800038c8	00c809b3	add	x19,x16,x12	 x16:0x01559fe8 x12:0xffffff8f x19=0x01559f77
     156415.000 ns	     15640	800038cc	40ce56b3	sra	x13,x28,x12	 x28:0x00000000 x12:0xffffff8f x13=0x00000000
     156425.000 ns	     15641	800038d0	0469be13	sltiu	x28,x19,70	 x19:0xfffff81f x28=0x00000000
     156435.000 ns	     15642	800038d4	00ae0433	add	x8,x28,x10	 x28:0x00000000 x10:0xffffffff  x8=0xffffffff
     156445.000 ns	     15643	800038d8	5698bd13	sltiu	x26,x17,1385	 x17:0x00000001 x26=0x00000001
     156465.000 ns	     15645	800038dc	c005f453	fcvt.w.s	x8,f11	 f11:0x42800000  x8=0x00000040
     156485.000 ns	     15647	800038e0	eb0570b7	lui	x1,0xeb057	  x1=0xeb057000
     156845.000 ns	     15683	800038e4	02626733	rem	x14,x4,x6	  x4:0x7fffffff  x6:0xbf800000 x14=0x3f7fffff
     156865.000 ns	     15685	800038e8	40f88033	sub	x0,x17,x15	 x17:0x00000001 x15:0x80040ff5
     156875.000 ns	     15686	800038ec	00acca33	xor	x20,x25,x10	 x25:0x00000040 x10:0xffffffff x20=0xffffffbf
     156895.000 ns	     15688	800038f0	d0068b53	fcvt.s.w	f22,x13	 x13:0x00000000 f22=0x00000000
     156915.000 ns	     15690	800038f4	01564333	xor	x6,x12,x21	 x12:0xffffff8f x21:0x00000000  x6=0xffffff8f
     157275.000 ns	     15726	800038f8	0363f0b3	remu	x1,x7,x22	  x7:0x00000001 x22:0x00000001  x1=0x00000000
     157305.000 ns	     15729	800038fc	03688bb3	mul	x23,x17,x22	 x17:0x00000001 x22:0x00000001 x23=0x00000001
     157335.000 ns	     15732	80003900	213da453	fsgnjx.s	f8,f27,f19	 f27:0x7fc00000 f19:0x437f0000  f8=0x7fc00000
     157365.000 ns	     15735	80003904	210d9a53	fsgnjn.s	f20,f27,f16	 f27:0x7fc00000 f16:0x41344f6f f20=0xffc00000
     157385.000 ns	     15737	80003908	00851433	sll	x8,x10,x8	 x10:0xffffffff  x8:0x00000040  x8=0xffffffff
     157395.000 ns	     15738	8000390c	416bdd93	srai	x27,x23,0x16	 x23:0x00000001 x27=0x00000000
     157415.000 ns	     15740	80003910	d00b8153	fcvt.s.w	f2,x23	 x23:0x00000001  f2=0x3f800000
     157445.000 ns	     15743	80003914	d00e74d3	fcvt.s.w	f9,x28	 x28:0x00000000  f9=0x00000000
     157495.000 ns	     15748	80003918	089dc053	fsub.s	f0,f27,f9	 f27:0x7fc00000  f9:0x7fc00000  f0=0x7fc00000
     157515.000 ns	     15750	8000391c	01aa7433	and	x8,x20,x26	 x20:0xffffffbf x26:0x00000001  x8=0x00000001
     157535.000 ns	     15752	80003920	026189b3	mul	x19,x3,x6	  x3:0x00000000  x6:0xffffff8f x19=0x00000000
     157565.000 ns	     15755	80003924	203884d3	fsgnj.s	f9,f17,f3	 f17:0x7fc00000  f3:0x7fc00000  f9=0x7fc00000
     157595.000 ns	     15758	80003928	d0067dd3	fcvt.s.w	f27,x12	 x12:0xffffff8f f27=0xc2e20000
     157625.000 ns	     15761	8000392c	020f06b3	mul	x13,x30,x0	 x30:0x00000000  x0:0x00000000 x13=0x00000000
     157645.000 ns	     15763	80003930	e67cc513	xori	x10,x25,-409	 x25:0x00000040 x10=0xfffffe27
     157665.000 ns	     15765	80003934	201aa7d3	fsgnjx.s	f15,f21,f1	 f21:0x00040fe4  f1:0x7fc00000 f15=0x00040fe4
     157695.000 ns	     15768	80003938	d009fbd3	fcvt.s.w	f23,x19	 x19:0x00000000 f23=0x00000000
     157725.000 ns	     15771	8000393c	029fbb33	mulhu	x22,x31,x9	 x31:0x80041024  x9:0x80040fe4 x22=0x40041014
     157755.000 ns	     15774	80003940	0248bab3	mulhu	x21,x17,x4	 x17:0x00000001  x4:0x7fffffff x21=0x00000000
     158125.000 ns	     15811	80003944	0251ddb3	divu	x27,x3,x5	  x3:0x00000000  x5:0xf0d585cf x27=0x00000000
     158145.000 ns	     15813	80003948	402f0433	sub	x8,x30,x2	 x30:0x00000000  x2:0x00000000  x8=0x00000000
     158155.000 ns	     15814	8000394c	05110213	addi	x4,x2,81	  x2:0x00000000  x4=0x00000051
     158165.000 ns	     15815	80003950	9557cd13	xori	x26,x15,-1707	 x15:0x80040ff5 x26=0x7ffbf6a0
     158175.000 ns	     15816	80003954	00b0bbb3	sltu	x23,x1,x11	  x1:0x00000000 x11:0x00000000 x23=0x00000000
     158195.000 ns	     15818	80003958	c0139953	fcvt.wu.s	x18,f7	  f7:0xbf800000 x18=0x00000001
     158215.000 ns	     15820	8000395c	01b0d413	srli	x8,x1,0x1b	  x1:0x00000000  x8=0x00000000
     158235.000 ns	     15822	80003960	d0057253	fcvt.s.w	f4,x10	 x10:0xfffffe27  f4=0xc3ec8000
     158265.000 ns	     15825	80003964	21649053	fsgnjn.s	f0,f9,f22	  f9:0x7fc00000 f22:0x00000000  f0=0xffc00000
     158295.000 ns	     15828	80003968	213d21d3	fsgnjx.s	f3,f26,f19	 f26:0x7fc00000 f19:0x437f0000  f3=0x7fc00000
     158315.000 ns	     15830	8000396c	01e3f833	and	x16,x7,x30	  x7:0x00000001 x30:0x00000000 x16=0x00000000
     158335.000 ns	     15832	80003970	02b49433	mulh	x8,x9,x11	  x9:0x80040fe4 x11:0x00000000  x8=0x00000000
     158365.000 ns	     15835	80003974	a1268bd3	fle.s	x23,f13,f18	 f13:0x42800000 f18:0x7fc00000 x23=0x00000000
     158385.000 ns	     15837	80003978	61ca3193	sltiu	x3,x20,1564	 x20:0xffffffbf  x3=0x00000000
     158405.000 ns	     15839	8000397c	03288b33	mul	x22,x17,x18	 x17:0x00000001 x18:0x00000001 x22=0x00000001
     158425.000 ns	     15841	80003980	00047933	and	x18,x8,x0	  x8:0x00000000  x0:0x00000000 x18=0x00000000
     158785.000 ns	     15877	80003984	0276ceb3	div	x29,x13,x7	 x13:0x00000000  x7:0x00000001 x29=0x00000000
     158805.000 ns	     15879	80003988	01033133	sltu	x2,x6,x16	  x6:0xffffff8f x16:0x00000000  x2=0x00000000
     158825.000 ns	     15881	8000398c	28568f53	fmin.s	f30,f13,f5	 f13:0x42800000  f5:0x437f0000 f30=0x42800000
     158845.000 ns	     15883	80003990	9d01fc13	andi	x24,x3,-1584	  x3:0x00000000 x24=0x00000000
     158855.000 ns	     15884	80003994	001265b3	or	x11,x4,x1	  x4:0x00000051  x1:0x00000000 x11=0x00000051
     158875.000 ns	     15886	80003998	f00787d3	fmv.w.x	f15,x15	 x15:0x80040ff5 f15=0x80040ff5
     158895.000 ns	     15888	8000399c	014eb8b3	sltu	x17,x29,x20	 x29:0x00000000 x20:0xffffffbf x17=0x00000001
     160065.000 ns	     16005	800039a0	5809ffd3	fsqrt.s	f31,f19	 f19:0x437f0000 f31=0x41344f6f
     160095.000 ns	     16008	800039a4	a1960ad3	fle.s	x21,f12,f25	 f12:0x7fc00000 f25:0x7fc00000 x21=0x00000000
     160115.000 ns	     16010	800039a8	00000013	addi	x0,x0,0	  x0:0x00000000
     160135.000 ns	     16012	800039ac	e0059d53	fclass.s	x26,f11	 f11:0x42800000 x26=0x00000040
     160155.000 ns	     16014	800039b0	003f59b3	srl	x19,x30,x3	 x30:0x00000000  x3:0x00000000 x19=0x00000000
     160175.000 ns	     16016	800039b4	a1cf1953	flt.s	x18,f30,f28	 f30:0x42800000 f28:0x00000000 x18=0x00000000
     160195.000 ns	     16018	800039b8	41305f13	srai	x30,x0,0x13	  x0:0x00000000 x30=0x00000000
     160205.000 ns	     16019	800039bc	e97d2193	slti	x3,x26,-361	 x26:0x00000040  x3=0x00000000
     160225.000 ns	     16021	800039c0	a171acd3	feq.s	x25,f3,f23	  f3:0x7fc00000 f23:0x00000000 x25=0x00000000
     160245.000 ns	     16023	800039c4	01761e93	slli	x29,x12,0x17	 x12:0xffffff8f x29=0xc7800000
     160255.000 ns	     16024	800039c8	69d9db17	auipc	x22,0x69d9d	 x22=0xe9da09c8
     160265.000 ns	     16025	800039cc	c8213437	lui	x8,0xc8213	  x8=0xc8213000
     160275.000 ns	     16026	800039d0	00cb5e33	srl	x28,x22,x12	 x22:0x00000001 x12:0xffffff8f x28=0x0001d3b4
     160295.000 ns	     16028	800039d4	0331b533	mulhu	x10,x3,x19	  x3:0x00000000 x19:0x00000000 x10=0x00000000
     160325.000 ns	     16031	800039d8	031a3833	mulhu	x16,x20,x17	 x20:0xffffffbf x17:0x00000001 x16=0x00000000
     160375.000 ns	     16036	800039dc	095e0ad3	fsub.s	f21,f28,f21	 f28:0x00000000 f21:0x00040fe4 f21=0x80040fe4
     160405.000 ns	     16039	800039e0	c0187253	fcvt.wu.s	x4,f16	 f16:0x41344f6f  x4=0x0000000b
     160425.000 ns	     16041	800039e4	17d82413	slti	x8,x16,381	 x16:0x00000000  x8=0x00000001
     160445.000 ns	     16043	800039e8	f0020cd3	fmv.w.x	f25,x4	  x4:0x0000000b f25=0x0000000b
     160475.000 ns	     16046	800039ec	c0124bd3	fcvt.wu.s	x23,f4	  f4:0xc3ec8000 x23=0x000001d9
     160495.000 ns	     16048	800039f0	4c0e4193	xori	x3,x28,1216	 x28:0x0001d3b4  x3=0x0001d774
     160515.000 ns	     16050	800039f4	a133a1d3	feq.s	x3,f7,f19	  f7:0xbf800000 f19:0x437f0000  x3=0x00000000
     160535.000 ns	     16052	800039f8	00dc6bb3	or	x23,x24,x13	 x24:0x00000000 x13:0x00000000 x23=0x00000000
     160545.000 ns	     16053	800039fc	d75d2113	slti	x2,x26,-651	 x26:0x00000040  x2=0x00000000
     160565.000 ns	     16055	80003a00	20ed2dd3	fsgnjx.s	f27,f26,f14	 f26:0x7fc00000 f14:0x7fc00000 f27=0x7fc00000
     160595.000 ns	     16058	80003a04	29941d53	fmax.s	f26,f8,f25	  f8:0x7fc00000 f25:0x0000000b f26=0x0000000b
     160625.000 ns	     16061	80003a08	d0167bd3	fcvt.s.wu	f23,x12	 x12:0xffffff8f f23=0x4f7fffff
     160655.000 ns	     16064	80003a0c	283a1753	fmax.s	f14,f20,f3	 f20:0xffc00000  f3:0x7fc00000 f14=0x7fc00000
     160675.000 ns	     16066	80003a10	004e8bb3	add	x23,x29,x4	 x29:0xc7800000  x4:0x0000000b x23=0xc780000b
     160695.000 ns	     16068	80003a14	d0150cd3	fcvt.s.wu	f25,x10	 x10:0x00000000 f25=0x00000000
     160725.000 ns	     16071	80003a18	21958453	fsgnj.s	f8,f11,f25	 f11:0x42800000 f25:0x0000000b  f8=0x42800000
     161905.000 ns	     16189	80003a1c	5802f953	fsqrt.s	f18,f5	  f5:0x437f0000 f18=0x41344f6f
     161935.000 ns	     16192	80003a20	d003fed3	fcvt.s.w	f29,x7	  x7:0x00000001 f29=0x3f800000
     161955.000 ns	     16194	80003a24	605ee413	ori	x8,x29,1541	 x29:0xc7800000  x8=0xc7800605
     162315.000 ns	     16230	80003a28	02bed733	divu	x14,x29,x11	 x29:0xc7800000 x11:0x00000051 x14=0x027684bd
     162335.000 ns	     16232	80003a2c	1f336b13	ori	x22,x6,499	  x6:0xffffff8f x22=0xffffffff
     162355.000 ns	     16234	80003a30	c015f0d3	fcvt.wu.s	x1,f11	 f11:0x42800000  x1=0x00000040
     162375.000 ns	     16236	80003a34	004a9393	slli	x7,x21,0x4	 x21:0x00000000  x7=0x00000000
     162385.000 ns	     16237	80003a38	0005a0b3	slt	x1,x11,x0	 x11:0x00000051  x0:0x00000000  x1=0x00000000
     162405.000 ns	     16239	80003a3c	a0f22f53	feq.s	x30,f4,f15	  f4:0xc3ec8000 f15:0x80040ff5 x30=0x00000000
     162425.000 ns	     16241	80003a40	01072933	slt	x18,x14,x16	 x14:0x027684bd x16:0x00000000 x18=0x00000000
     162435.000 ns	     16242	80003a44	00d999b3	sll	x19,x19,x13	 x19:0x00000000 x13:0x00000000 x19=0x00000000
     162445.000 ns	     16243	80003a48	96c38d13	addi	x26,x7,-1684	  x7:0x00000000 x26=0xfffff96c
     162455.000 ns	     16244	80003a4c	004fd993	srli	x19,x31,0x4	 x31:0x80041024 x19=0x08004102
     162465.000 ns	     16245	80003a50	0c3389b7	lui	x19,0xc338	 x19=0x0c338000
     162505.000 ns	     16249	80003a54	01ab0cd3	fadd.s	f25,f22,f26	 f22:0x00000000 f26:0x0000000b f25=0x0000000b
     162525.000 ns	     16251	80003a58	bb387c37	lui	x24,0xbb387	 x24=0xbb387000
     162535.000 ns	     16252	80003a5c	00bd45b3	xor	x11,x26,x11	 x26:0xfffff96c x11:0x00000051 x11=0xfffff93d
     162555.000 ns	     16254	80003a60	037439b3	mulhu	x19,x8,x23	  x8:0xc7800605 x23:0xc780000b x19=0x9b7844b9
     162585.000 ns	     16257	80003a64	030b63b3	rem	x7,x22,x16	 x22:0xffffffff x16:0x00000000  x7=0xffffffff
     162605.000 ns	     16259	80003a68	1f64e113	ori	x2,x9,502	  x9:0x80040fe4  x2=0x80040ff6
     162615.000 ns	     16260	80003a6c	008707b3	add	x15,x14,x8	 x14:0x027684bd  x8:0xc7800605 x15=0xc9f68ac2
     162655.000 ns	     16264	80003a70	0118ff53	fadd.s	f30,f17,f17	 f17:0x7fc00000 f17:0x7fc00000 f30=0x7fc00000
     162675.000 ns	     16266	80003a74	01b3b733	sltu	x14,x7,x27	  x7:0xffffffff x27:0x00000000 x14=0x00000000
     163035.000 ns	     16302	80003a78	022763b3	rem	x7,x14,x2	 x14:0x027684bd  x2:0x80040ff6  x7=0x00000000
     163055.000 ns	     16304	80003a7c	f4f30813	addi	x16,x6,-177	  x6:0xffffff8f x16=0xfffffede
     163065.000 ns	     16305	80003a80	008f3a33	sltu	x20,x30,x8	 x30:0x00000000  x8:0xc7800605 x20=0x00000001
     163085.000 ns	     16307	80003a84	20c60953	fsgnj.s	f18,f12,f12	 f12:0x7fc00000 f12:0x7fc00000 f18=0x7fc00000
     163115.000 ns	     16310	80003a88	28ea9fd3	fmax.s	f31,f21,f14	 f21:0x80040fe4 f14:0x7fc00000 f31=0x80040fe4
     163135.000 ns	     16312	80003a8c	01d8f533	and	x10,x17,x29	 x17:0x00000001 x29:0xc7800000 x10=0x00000000
     163155.000 ns	     16314	80003a90	20c08e53	fsgnj.s	f28,f1,f12	  f1:0x7fc00000 f12:0x7fc00000 f28=0x7fc00000
     163185.000 ns	     16317	80003a94	21a20853	fsgnj.s	f16,f4,f26	  f4:0xc3ec8000 f26:0x0000000b f16=0x43ec8000
     163205.000 ns	     16319	80003a98	00bdb233	sltu	x4,x27,x11	 x27:0x00000000 x11:0xfffff93d  x4=0x00000001
     163225.000 ns	     16321	80003a9c	027d6433	rem	x8,x26,x7	 x26:0xfffff96c  x7:0x00000000  x8=0xfffff96c
     163595.000 ns	     16358	80003aa0	03f1f6b3	remu	x13,x3,x31	  x3:0x00000000 x31:0x80041024 x13=0x00000000
     163615.000 ns	     16360	80003aa4	00916533	or	x10,x2,x9	  x2:0x80040ff6  x9:0x80040fe4 x10=0x80040ff6
     163625.000 ns	     16361	80003aa8	01534633	xor	x12,x6,x21	  x6:0xffffff8f x21:0x00000000 x12=0xffffff8f
     163645.000 ns	     16363	80003aac	03eb50b3	divu	x1,x22,x30	 x22:0xffffffff x30:0x00000000  x1=0xffffffff
     163675.000 ns	     16366	80003ab0	f0080dd3	fmv.w.x	f27,x16	 x16:0xfffffede f27=0xfffffede
     163705.000 ns	     16369	80003ab4	02ed3e33	mulhu	x28,x26,x14	 x26:0xfffff96c x14:0x00000000 x28=0x00000000
     163725.000 ns	     16371	80003ab8	24243c13	sltiu	x24,x8,578	  x8:0xfffff96c x24=0x00000000
     163745.000 ns	     16373	80003abc	0265b433	mulhu	x8,x11,x6	 x11:0xfffff93d  x6:0xffffff8f  x8=0xfffff8cc
     163775.000 ns	     16376	80003ac0	c0011c53	fcvt.w.s	x24,f2	  f2:0x3f800000 x24=0x00000001
     163815.000 ns	     16380	80003ac4	11e9f7d3	fmul.s	f15,f19,f30	 f19:0x437f0000 f30:0x7fc00000 f15=0x7fc00000
     163835.000 ns	     16382	80003ac8	00a01593	slli	x11,x0,0xa	  x0:0x00000000 x11=0x00000000
     164195.000 ns	     16418	80003acc	03dcc5b3	div	x11,x25,x29	 x25:0x00000000 x29:0xc7800000 x11=0x00000000
     164225.000 ns	     16421	80003ad0	28b488d3	fmin.s	f17,f9,f11	  f9:0x7fc00000 f11:0x42800000 f17=0x42800000
     164255.000 ns	     16424	80003ad4	e00417d3	fclass.s	x15,f8	  f8:0x42800000 x15=0x00000040
     164625.000 ns	     16461	80003ad8	034a4133	div	x2,x20,x20	 x20:0x00000001 x20:0x00000001  x2=0x00000001
     164655.000 ns	     16464	80003adc	d01a96d3	fcvt.s.wu	f13,x21	 x21:0x00000000 f13=0x00000000
     164685.000 ns	     16467	80003ae0	a1ec8a53	fle.s	x20,f25,f30	 f25:0x0000000b f30:0x7fc00000 x20=0x00000000
     164715.000 ns	     16470	80003ae4	d0067cd3	fcvt.s.w	f25,x12	 x12:0xffffff8f f25=0xc2e20000
     164735.000 ns	     16472	80003ae8	0076a7b3	slt	x15,x13,x7	 x13:0x00000000  x7:0x00000000 x15=0x00000000
     164755.000 ns	     16474	80003aec	0312bbb3	mulhu	x23,x5,x17	  x5:0xf0d585cf x17:0x00000001 x23=0x00000000
     164785.000 ns	     16477	80003af0	02e0f833	remu	x16,x1,x14	  x1:0xffffffff x14:0x00000000 x16=0xffffffff
     164805.000 ns	     16479	80003af4	00b15e13	srli	x28,x2,0xb	  x2:0x00000001 x28=0x00000000
     164815.000 ns	     16480	80003af8	007f5593	srli	x11,x30,0x7	 x30:0x00000000 x11=0x00000000
     164835.000 ns	     16482	80003afc	d00f7cd3	fcvt.s.w	f25,x30	 x30:0x00000000 f25=0x00000000
     164855.000 ns	     16484	80003b00	00000013	addi	x0,x0,0	  x0:0x00000000
     164875.000 ns	     16486	80003b04	28cb93d3	fmax.s	f7,f23,f12	 f23:0x4f7fffff f12:0x7fc00000  f7=0x4f7fffff
     164895.000 ns	     16488	80003b08	1afccc13	xori	x24,x25,431	 x25:0x00000000 x24=0x000001af
     164905.000 ns	     16489	80003b0c	e335b793	sltiu	x15,x11,-461	 x11:0x00000000 x15=0x00000001
     164935.000 ns	     16492	80003b10	1148b5d3	fmul.s	f11,f17,f20	 f17:0x42800000 f20:0xffc00000 f11=0x7fc00000
     164965.000 ns	     16495	80003b14	20aa8f53	fsgnj.s	f30,f21,f10	 f21:0x80040fe4 f10:0x80000000 f30=0x80040fe4
     165335.000 ns	     16532	80003b18	031c73b3	remu	x7,x24,x17	 x24:0x000001af x17:0x00000001  x7=0x00000000
     165365.000 ns	     16535	80003b1c	e0021453	fclass.s	x8,f4	  f4:0xc3ec8000  x8=0x00000002
     165395.000 ns	     16538	80003b20	03be07b3	mul	x15,x28,x27	 x28:0x00000000 x27:0x00000000 x15=0x00000000
     165415.000 ns	     16540	80003b24	018d46b3	xor	x13,x26,x24	 x26:0xfffff96c x24:0x000001af x13=0xfffff8c3
     165425.000 ns	     16541	80003b28	51513213	sltiu	x4,x2,1301	  x2:0x00000001  x4=0x00000001
     165435.000 ns	     16542	80003b2c	00d27c33	and	x24,x4,x13	  x4:0x00000001 x13:0x00000000 x24=0x00000001
     165445.000 ns	     16543	80003b30	00d015b3	sll	x11,x0,x13	  x0:0x00000000 x13:0xfffff8c3 x11=0x00000000
     165455.000 ns	     16544	80003b34	333c2d93	slti	x27,x24,819	 x24:0x000001af x27=0x00000001
     165465.000 ns	     16545	80003b38	da846ab7	lui	x21,0xda846	 x21=0xda846000
     165475.000 ns	     16546	80003b3c	41925933	sra	x18,x4,x25	  x4:0x00000001 x25:0x00000000 x18=0x00000001
     165485.000 ns	     16547	80003b40	1b38b393	sltiu	x7,x17,435	 x17:0x00000001  x7=0x00000001
     165505.000 ns	     16549	80003b44	a1e28ad3	fle.s	x21,f5,f30	  f5:0x437f0000 f30:0x80040fe4 x21=0x00000000
     165535.000 ns	     16552	80003b48	28850653	fmin.s	f12,f10,f8	 f10:0x80000000  f8:0x42800000 f12=0x80000000
     165555.000 ns	     16554	80003b4c	b6b2bd93	sltiu	x27,x5,-1173	  x5:0xf0d585cf x27=0x00000001
     166725.000 ns	     16671	80003b50	580d7253	fsqrt.s	f4,f26	 f26:0x0000000b  f4=0x1f350493
     166755.000 ns	     16674	80003b54	c00b4b53	fcvt.w.s	x22,f22	 f22:0x00000000 x22=0x00000000
     166785.000 ns	     16677	80003b58	e0071c53	fclass.s	x24,f14	 f14:0x7fc00000 x24=0x00000200
     166835.000 ns	     16682	80003b5c	016afbd3	fadd.s	f23,f21,f22	 f21:0x80040fe4 f22:0x00000000 f23=0x80040fe4
     166865.000 ns	     16685	80003b60	a16e1e53	flt.s	x28,f28,f22	 f28:0x7fc00000 f22:0x00000000 x28=0x00000000
     166895.000 ns	     16688	80003b64	a0241d53	flt.s	x26,f8,f2	  f8:0x42800000  f2:0x3f800000 x26=0x00000000
     166925.000 ns	     16691	80003b68	02c1bf33	mulhu	x30,x3,x12	  x3:0x00000000 x12:0xffffff8f x30=0x00000000
     166975.000 ns	     16696	80003b6c	019cf053	fadd.s	f0,f25,f25	 f25:0x00000000 f25:0x00000000  f0=0x00000000
     167005.000 ns	     16699	80003b70	e00218d3	fclass.s	x17,f4	  f4:0x1f350493 x17=0x00000040
     167035.000 ns	     16702	80003b74	28ac11d3	fmax.s	f3,f24,f10	 f24:0x7fc00000 f10:0x80000000  f3=0x80000000
     167055.000 ns	     16704	80003b78	41535033	sra	x0,x6,x21	  x6:0xffffff8f x21:0x00000000
     167065.000 ns	     16705	80003b7c	4ca22713	slti	x14,x4,1226	  x4:0x00000001 x14=0x00000001
     167075.000 ns	     16706	80003b80	3dfbc6b7	lui	x13,0x3dfbc	 x13=0x3dfbc000
     167095.000 ns	     16708	80003b84	027603b3	mul	x7,x12,x7	 x12:0xffffff8f  x7:0x00000001  x7=0xffffff8f
     167115.000 ns	     16710	80003b88	0096a433	slt	x8,x13,x9	 x13:0xfffff8c3  x9:0x80040fe4  x8=0x00000000
     167135.000 ns	     16712	80003b8c	e0080cd3	fmv.x.w	x25,f16	 f16:0x43ec8000 x25=0x43ec8000
     167165.000 ns	     16715	80003b90	024a26b3	mulhsu	x13,x20,x4	 x20:0x00000000  x4:0x00000001 x13=0x00000000
     167185.000 ns	     16717	80003b94	00060033	add	x0,x12,x0	 x12:0xffffff8f  x0:0x00000000
     167205.000 ns	     16719	80003b98	03a3c3b3	div	x7,x7,x26	  x7:0xffffff8f x26:0x00000000  x7=0xffffffff
     167225.000 ns	     16721	80003b9c	01a65513	srli	x10,x12,0x1a	 x12:0xffffff8f x10=0x0000003f
     167235.000 ns	     16722	80003ba0	015557b3	srl	x15,x10,x21	 x10:0x80040ff6 x21:0x00000000 x15=0x0000003f
     167255.000 ns	     16724	80003ba4	e00509d3	fmv.x.w	x19,f10	 f10:0x80000000 x19=0x80000000
     167285.000 ns	     16727	80003ba8	03723a33	mulhu	x20,x4,x23	  x4:0x00000001 x23:0x00000000 x20=0x00000000
     167315.000 ns	     16730	80003bac	02fd1233	mulh	x4,x26,x15	 x26:0x00000000 x15:0x0000003f  x4=0x00000000
     167345.000 ns	     16733	80003bb0	282d89d3	fmin.s	f19,f27,f2	 f27:0xfffffede  f2:0x3f800000 f19=0x3f800000
     167365.000 ns	     16735	80003bb4	ea476413	ori	x8,x14,-348	 x14:0x00000001  x8=0xfffffea5
     167375.000 ns	     16736	80003bb8	0193ef33	or	x30,x7,x25	  x7:0xffffffff x25:0x43ec8000 x30=0xffffffff
     167385.000 ns	     16737	80003bbc	40898bb3	sub	x23,x19,x8	 x19:0x80000000  x8:0x00000000 x23=0x8000015b
     167405.000 ns	     16739	80003bc0	c001f053	fcvt.w.s	x0,f3	  f3:0x80000000
     167425.000 ns	     16741	80003bc4	00189433	sll	x8,x17,x1	 x17:0x00000040  x1:0xffffffff  x8=0x00000000
     167445.000 ns	     16743	80003bc8	a19593d3	flt.s	x7,f11,f25	 f11:0x7fc00000 f25:0x00000000  x7=0x00000000
     167475.000 ns	     16746	80003bcc	20ba2ed3	fsgnjx.s	f29,f20,f11	 f20:0xffc00000 f11:0x7fc00000 f29=0xffc00000
     167505.000 ns	     16749	80003bd0	c01b7153	fcvt.wu.s	x2,f22	 f22:0x00000000  x2=0x00000000
     167525.000 ns	     16751	80003bd4	ab393597	auipc	x11,0xab393	 x11=0x2b396bd4
     167545.000 ns	     16753	80003bd8	e00986d3	fmv.x.w	x13,f19	 f19:0x3f800000 x13=0x3f800000
     167575.000 ns	     16756	80003bdc	21d10c53	fsgnj.s	f24,f2,f29	  f2:0x3f800000 f29:0xffc00000 f24=0xbf800000
     167605.000 ns	     16759	80003be0	e0069553	fclass.s	x10,f13	 f13:0x00000000 x10=0x00000010
     167635.000 ns	     16762	80003be4	e0029e53	fclass.s	x28,f5	  f5:0x437f0000 x28=0x00000040
     167665.000 ns	     16765	80003be8	c00af553	fcvt.w.s	x10,f21	 f21:0x80040fe4 x10=0x00000000
     167685.000 ns	     16767	80003bec	00c80eb3	add	x29,x16,x12	 x16:0xffffffff x12:0xffffff8f x29=0xffffff8e
     167695.000 ns	     16768	80003bf0	00000013	addi	x0,x0,0	  x0:0x00000000
     167735.000 ns	     16772	80003bf4	082ff753	fsub.s	f14,f31,f2	 f31:0x80040fe4  f2:0x3f800000 f14=0xbf800000
     167765.000 ns	     16775	80003bf8	a18829d3	feq.s	x19,f16,f24	 f16:0x43ec8000 f24:0xbf800000 x19=0x00000000
     167795.000 ns	     16778	80003bfc	f0090ed3	fmv.w.x	f29,x18	 x18:0x00000001 f29=0x00000001
     167825.000 ns	     16781	80003c00	03088ab3	mul	x21,x17,x16	 x17:0x00000040 x16:0xffffffff x21=0xffffffc0
     167845.000 ns	     16783	80003c04	0098de33	srl	x28,x17,x9	 x17:0x00000040  x9:0x80040fe4 x28=0x00000004
     167865.000 ns	     16785	80003c08	0376a1b3	mulhsu	x3,x13,x23	 x13:0x3f800000 x23:0x8000015b  x3=0x1fc00056
     167885.000 ns	     16787	80003c0c	01940733	add	x14,x8,x25	  x8:0x00000000 x25:0x43ec8000 x14=0x43ec8000
     167895.000 ns	     16788	80003c10	2fb94793	xori	x15,x18,763	 x18:0x00000001 x15=0x000002fa
     167905.000 ns	     16789	80003c14	008a7c33	and	x24,x20,x8	 x20:0x00000000  x8:0x00000000 x24=0x00000000
     167935.000 ns	     16792	80003c18	5804f853	fsqrt.s	f16,f9	  f9:0x7fc00000 f16=0x7fc00000
     167965.000 ns	     16795	80003c1c	a0b22bd3	feq.s	x23,f4,f11	  f4:0x1f350493 f11:0x7fc00000 x23=0x00000000
     167985.000 ns	     16797	80003c20	00f18533	add	x10,x3,x15	  x3:0x1fc00056 x15:0x000002fa x10=0x1fc00350
     168005.000 ns	     16799	80003c24	a17c83d3	fle.s	x7,f25,f23	 f25:0x00000000 f23:0x80040fe4  x7=0x00000000
     168035.000 ns	     16802	80003c28	02479333	mulh	x6,x15,x4	 x15:0x000002fa  x4:0x00000000  x6=0x00000000
     168055.000 ns	     16804	80003c2c	019031b3	sltu	x3,x0,x25	  x0:0x00000000 x25:0x43ec8000  x3=0x00000001
     168065.000 ns	     16805	80003c30	00000013	addi	x0,x0,0	  x0:0x00000000
     168075.000 ns	     16806	80003c34	01648133	add	x2,x9,x22	  x9:0x80040fe4 x22:0x00000000  x2=0x80040fe4
     168085.000 ns	     16807	80003c38	96e73f13	sltiu	x30,x14,-1682	 x14:0x43ec8000 x30=0x00000001
     168445.000 ns	     16843	80003c3c	03f9fdb3	remu	x27,x19,x31	 x19:0x00000000 x31:0x80041024 x27=0x00000000
     168475.000 ns	     16846	80003c40	28040753	fmin.s	f14,f8,f0	  f8:0x42800000  f0:0x00000000 f14=0x00000000
     168495.000 ns	     16848	80003c44	009a07b3	add	x15,x20,x9	 x20:0x00000000  x9:0x80040fe4 x15=0x80040fe4
     168515.000 ns	     16850	80003c48	c01376d3	fcvt.wu.s	x13,f6	  f6:0x7fc00000 x13=0xffffffff
     168535.000 ns	     16852	80003c4c	01e90133	add	x2,x18,x30	 x18:0x00000001 x30:0x00000001  x2=0x00000002
     168545.000 ns	     16853	80003c50	00000013	addi	x0,x0,0	  x0:0x00000000
     168555.000 ns	     16854	80003c54	00159913	slli	x18,x11,0x1	 x11:0x2b396bd4 x18=0x5672d7a8
     168575.000 ns	     16856	80003c58	203603d3	fsgnj.s	f7,f12,f3	 f12:0x80000000  f3:0x80000000  f7=0x80000000
     168605.000 ns	     16859	80003c5c	f0010f53	fmv.w.x	f30,x2	  x2:0x00000002 f30=0x00000002
     168645.000 ns	     16863	80003c60	199725d3	fdiv.s	f11,f14,f25	 f14:0x00000000 f25:0x00000000 f11=0x7fc00000
     168675.000 ns	     16866	80003c64	29ad93d3	fmax.s	f7,f27,f26	 f27:0xfffffede f26:0x0000000b  f7=0x0000000b
     168695.000 ns	     16868	80003c68	01969933	sll	x18,x13,x25	 x13:0xffffffff x25:0x43ec8000 x18=0xffffffff
     168715.000 ns	     16870	80003c6c	20301853	fsgnjn.s	f16,f0,f3	  f0:0x00000000  f3:0x80000000 f16=0x00000000
     168735.000 ns	     16872	80003c70	d09f8017	auipc	x0,0xd09f8	
     168755.000 ns	     16874	80003c74	020ac233	div	x4,x21,x0	 x21:0xffffffc0  x0:0x00000000  x4=0xffffffff
     168775.000 ns	     16876	80003c78	7fff8e93	addi	x29,x31,2047	 x31:0x80041024 x29=0x80041823
     168795.000 ns	     16878	80003c7c	c003add3	fcvt.w.s	x27,f7	  f7:0x0000000b x27=0x00000000
     168815.000 ns	     16880	80003c80	00ccf133	and	x2,x25,x12	 x25:0x43ec8000 x12:0xffffff8f  x2=0x43ec8000
     168825.000 ns	     16881	80003c84	00ca5393	srli	x7,x20,0xc	 x20:0x00000000  x7=0x00000000
     168835.000 ns	     16882	80003c88	018c79b3	and	x19,x24,x24	 x24:0x00000000 x24:0x00000000 x19=0x00000000
     168845.000 ns	     16883	80003c8c	40b95733	sra	x14,x18,x11	 x18:0xffffffff x11:0x2b396bd4 x14=0xffffffff
     168865.000 ns	     16885	80003c90	f00f0653	fmv.w.x	f12,x30	 x30:0x00000001 f12=0x00000001
     168895.000 ns	     16888	80003c94	036ed6b3	divu	x13,x29,x22	 x29:0x80041823 x22:0x00000000 x13=0xffffffff
     168915.000 ns	     16890	80003c98	0050dd93	srli	x27,x1,0x5	  x1:0xffffffff x27=0x07ffffff
     168935.000 ns	     16892	80003c9c	d00f74d3	fcvt.s.w	f9,x30	 x30:0x00000001  f9=0x3f800000
     168965.000 ns	     16895	80003ca0	290f0e53	fmin.s	f28,f30,f16	 f30:0x00000002 f16:0x00000000 f28=0x00000000
     169015.000 ns	     16900	80003ca4	09f17453	fsub.s	f8,f2,f31	  f2:0x3f800000 f31:0x80040fe4  f8=0x3f800000
     169045.000 ns	     16903	80003ca8	023eac33	mulhsu	x24,x29,x3	 x29:0x80041823  x3:0x00000001 x24=0xffffffff
     169065.000 ns	     16905	80003cac	412ed593	srai	x11,x29,0x12	 x29:0x80041823 x11=0xffffe001
     169085.000 ns	     16907	80003cb0	d00f0553	fcvt.s.w	f10,x30	 x30:0x00000001 f10=0x3f800000
     169115.000 ns	     16910	80003cb4	a0012c53	feq.s	x24,f2,f0	  f2:0x3f800000  f0:0x00000000 x24=0x00000000
     169135.000 ns	     16912	80003cb8	01f0d913	srli	x18,x1,0x1f	  x1:0xffffffff x18=0x00000001
     169145.000 ns	     16913	80003cbc	002d5c33	srl	x24,x26,x2	 x26:0x00000000  x2:0x43ec8000 x24=0x00000000
     169165.000 ns	     16915	80003cc0	a1a507d3	fle.s	x15,f10,f26	 f10:0x3f800000 f26:0x0000000b x15=0x00000000
     169195.000 ns	     16918	80003cc4	0274e433	rem	x8,x9,x7	  x9:0x80040fe4  x7:0x00000000  x8=0x80040fe4
     169225.000 ns	     16921	80003cc8	a1c28b53	fle.s	x22,f5,f28	  f5:0x437f0000 f28:0x00000000 x22=0x00000000
     169245.000 ns	     16923	80003ccc	a0eb4f17	auipc	x30,0xa0eb4	 x30=0x20eb7ccc
     169255.000 ns	     16924	80003cd0	0130d093	srli	x1,x1,0x13	  x1:0xffffffff  x1=0x00001fff
     169265.000 ns	     16925	80003cd4	4130d593	srai	x11,x1,0x13	  x1:0xffffffff x11=0x00000000
     169275.000 ns	     16926	80003cd8	006a5693	srli	x13,x20,0x6	 x20:0x00000000 x13=0x00000000
     169285.000 ns	     16927	80003cdc	019e9113	slli	x2,x29,0x19	 x29:0x80041823  x2=0x46000000
     169305.000 ns	     16929	80003ce0	a074acd3	feq.s	x25,f9,f7	  f9:0x3f800000  f7:0x0000000b x25=0x00000000
     169335.000 ns	     16932	80003ce4	e0091353	fclass.s	x6,f18	 f18:0x7fc00000  x6=0x00000200
     169365.000 ns	     16935	80003ce8	028a9833	mulh	x16,x21,x8	 x21:0xffffffc0  x8:0x80040fe4 x16=0x0000001f
     169735.000 ns	     16972	80003cec	03d94333	div	x6,x18,x29	 x18:0x00000001 x29:0x80041823  x6=0x00000000
     169755.000 ns	     16974	80003cf0	32bca7b7	lui	x15,0x32bca	 x15=0x32bca000
     169775.000 ns	     16976	80003cf4	02908e33	mul	x28,x1,x9	  x1:0x00001fff  x9:0x80040fe4 x28=0x01f8701c
     169805.000 ns	     16979	80003cf8	03053333	mulhu	x6,x10,x16	 x10:0x1fc00350 x16:0x0000001f  x6=0x00000003
     169825.000 ns	     16981	80003cfc	00000013	addi	x0,x0,0	  x0:0x00000000
     169865.000 ns	     16985	80003d00	01f63453	fadd.s	f8,f12,f31	 f12:0x00000001 f31:0x80040fe4  f8=0x80040fe3
     169885.000 ns	     16987	80003d04	cabc2a13	slti	x20,x24,-853	 x24:0x00000000 x20=0x00000000
     169905.000 ns	     16989	80003d08	02833633	mulhu	x12,x6,x8	  x6:0x00000003  x8:0x80040fe4 x12=0x00000001
     169955.000 ns	     16994	80003d0c	01474f53	fadd.s	f30,f14,f20	 f14:0x00000000 f20:0xffc00000 f30=0x7fc00000
     169985.000 ns	     16997	80003d10	a1882553	feq.s	x10,f16,f24	 f16:0x00000000 f24:0xbf800000 x10=0x00000000
     170015.000 ns	     17000	80003d14	e00698d3	fclass.s	x17,f13	 f13:0x00000000 x17=0x00000010
     170045.000 ns	     17003	80003d18	f0018153	fmv.w.x	f2,x3	  x3:0x00000001  f2=0x00000001
     170415.000 ns	     17040	80003d1c	03f64c33	div	x24,x12,x31	 x12:0x00000001 x31:0x80041024 x24=0x00000000
     170445.000 ns	     17043	80003d20	03248d33	mul	x26,x9,x18	  x9:0x80040fe4 x18:0x00000001 x26=0x80040fe4
     170495.000 ns	     17048	80003d24	09f77ad3	fsub.s	f21,f14,f31	 f14:0x00000000 f31:0x80040fe4 f21=0x00040fe4
     170525.000 ns	     17051	80003d28	e0089153	fclass.s	x2,f17	 f17:0x42800000  x2=0x00000040
     170555.000 ns	     17054	80003d2c	039a6cb3	rem	x25,x20,x25	 x20:0x00000000 x25:0x00000000 x25=0x00000000
     170575.000 ns	     17056	80003d30	c7dcf413	andi	x8,x25,-899	 x25:0x00000000  x8=0x00000000
     170585.000 ns	     17057	80003d34	419d5393	srai	x7,x26,0x19	 x26:0x80040fe4  x7=0xffffffc0
     170605.000 ns	     17059	80003d38	208a85d3	fsgnj.s	f11,f21,f8	 f21:0x00040fe4  f8:0x80040fe3 f11=0x80040fe4
     170635.000 ns	     17062	80003d3c	034303b3	mul	x7,x6,x20	  x6:0x00000003 x20:0x00000000  x7=0x00000000
     170655.000 ns	     17064	80003d40	4002df13	srai	x30,x5,0x0	  x5:0xf0d585cf x30=0xf0d585cf
     170665.000 ns	     17065	80003d44	01515c93	srli	x25,x2,0x15	  x2:0x00000040 x25=0x00000000
     170675.000 ns	     17066	80003d48	4af68e93	addi	x29,x13,1199	 x13:0x00000000 x29=0x000004af
     170685.000 ns	     17067	80003d4c	0948c993	xori	x19,x17,148	 x17:0x00000010 x19=0x00000084
     170705.000 ns	     17069	80003d50	027cfa33	remu	x20,x25,x7	 x25:0x00000000  x7:0x00000000 x20=0x00000000
     170755.000 ns	     17074	80003d54	08428ad3	fsub.s	f21,f5,f4	  f5:0x437f0000  f4:0x1f350493 f21=0x437f0000
     170775.000 ns	     17076	80003d58	00f6fdb3	and	x27,x13,x15	 x13:0x00000000 x15:0x32bca000 x27=0x00000000
     170785.000 ns	     17077	80003d5c	00469b33	sll	x22,x13,x4	 x13:0x00000000  x4:0xffffffff x22=0x00000000
     170795.000 ns	     17078	80003d60	41ff5433	sra	x8,x30,x31	 x30:0xf0d585cf x31:0x80041024  x8=0xff0d585c
     170835.000 ns	     17082	80003d64	0111fbd3	fadd.s	f23,f3,f17	  f3:0x80000000 f17:0x42800000 f23=0x42800000
     170855.000 ns	     17084	80003d68	01890633	add	x12,x18,x24	 x18:0x00000001 x24:0x00000000 x12=0x00000001
     171215.000 ns	     17120	80003d6c	02cdf6b3	remu	x13,x27,x12	 x27:0x00000000 x12:0x00000001 x13=0x00000000
     171585.000 ns	     17157	80003d70	03036433	rem	x8,x6,x16	  x6:0x00000003 x16:0x0000001f  x8=0x00000003
     171615.000 ns	     17160	80003d74	29af07d3	fmin.s	f15,f30,f26	 f30:0x7fc00000 f26:0x0000000b f15=0x0000000b
     171635.000 ns	     17162	80003d78	dcd96e93	ori	x29,x18,-563	 x18:0x00000001 x29=0xfffffdcd
     171655.000 ns	     17164	80003d7c	f00a8853	fmv.w.x	f16,x21	 x21:0xffffffc0 f16=0xffffffc0
     171675.000 ns	     17166	80003d80	17e90e13	addi	x28,x18,382	 x18:0x00000001 x28=0x0000017f
     171685.000 ns	     17167	80003d84	01350bb3	add	x23,x10,x19	 x10:0x00000000 x19:0x00000084 x23=0x00000084
     172855.000 ns	     17284	80003d88	5802f1d3	fsqrt.s	f3,f5	  f5:0x437f0000  f3=0x41344f6f
     172875.000 ns	     17286	80003d8c	005fee33	or	x28,x31,x5	 x31:0x80041024  x5:0xf0d585cf x28=0xf0d595ef
     172895.000 ns	     17288	80003d90	03d61933	mulh	x18,x12,x29	 x12:0x00000001 x29:0xfffffdcd x18=0xffffffff
     172925.000 ns	     17291	80003d94	28590953	fmin.s	f18,f18,f5	 f18:0x7fc00000  f5:0x437f0000 f18=0x437f0000
     172945.000 ns	     17293	80003d98	015b2133	slt	x2,x22,x21	 x22:0x00000000 x21:0xffffffc0  x2=0x00000000
     172965.000 ns	     17295	80003d9c	212a1853	fsgnjn.s	f16,f20,f18	 f20:0xffc00000 f18:0x437f0000 f16=0xffc00000
     173335.000 ns	     17332	80003da0	03edef33	rem	x30,x27,x30	 x27:0x00000000 x30:0xf0d585cf x30=0x00000000
     173365.000 ns	     17335	80003da4	038ef333	remu	x6,x29,x24	 x29:0xfffffdcd x24:0x00000000  x6=0xfffffdcd
     173395.000 ns	     17338	80003da8	03f9a6b3	mulhsu	x13,x19,x31	 x19:0x00000084 x31:0x80041024 x13=0x00000042
     173425.000 ns	     17341	80003dac	283b8753	fmin.s	f14,f23,f3	 f23:0x42800000  f3:0x41344f6f f14=0x41344f6f
     173445.000 ns	     17343	80003db0	b4d24393	xori	x7,x4,-1203	  x4:0xffffffff  x7=0x000004b2
     173455.000 ns	     17344	80003db4	01625c13	srli	x24,x4,0x16	  x4:0xffffffff x24=0x000003ff
     173815.000 ns	     17380	80003db8	0298e5b3	rem	x11,x17,x9	 x17:0x00000010  x9:0x80040fe4 x11=0x00000010
     173845.000 ns	     17383	80003dbc	a0bd15d3	flt.s	x11,f26,f11	 f26:0x0000000b f11:0x80040fe4 x11=0x00000000
     173865.000 ns	     17385	80003dc0	07ed8613	addi	x12,x27,126	 x27:0x00000000 x12=0x0000007e
     173875.000 ns	     17386	80003dc4	01ce5e93	srli	x29,x28,0x1c	 x28:0xf0d595ef x29=0x0000000f
     173885.000 ns	     17387	80003dc8	00915ab3	srl	x21,x2,x9	  x2:0x00000000  x9:0x80040fe4 x21=0x00000000
     173895.000 ns	     17388	80003dcc	01e75eb3	srl	x29,x14,x30	 x14:0xffffffff x30:0x00000000 x29=0xffffffff
     173905.000 ns	     17389	80003dd0	00399693	slli	x13,x19,0x3	 x19:0x00000084 x13=0x00000420
     173915.000 ns	     17390	80003dd4	41e3ddb3	sra	x27,x7,x30	  x7:0x000004b2 x30:0x00000000 x27=0x000004b2
     173925.000 ns	     17391	80003dd8	a1c4c993	xori	x19,x9,-1508	  x9:0x80040fe4 x19=0x7ffbf5f8
     173955.000 ns	     17394	80003ddc	580dfad3	fsqrt.s	f21,f27	 f27:0xfffffede f21=0x7fc00000
     173985.000 ns	     17397	80003de0	202e2dd3	fsgnjx.s	f27,f28,f2	 f28:0x00000000  f2:0x00000001 f27=0x00000000
     174015.000 ns	     17400	80003de4	d01686d3	fcvt.s.wu	f13,x13	 x13:0x00000420 f13=0x44840000
     174035.000 ns	     17402	80003de8	01b45bb3	srl	x23,x8,x27	  x8:0x00000003 x27:0x000004b2 x23=0x00000000
     174065.000 ns	     17405	80003dec	11830353	fmul.s	f6,f6,f24	  f6:0x7fc00000 f24:0xbf800000  f6=0x7fc00000
     174095.000 ns	     17408	80003df0	d00b70d3	fcvt.s.w	f1,x22	 x22:0x00000000  f1=0x00000000
     174125.000 ns	     17411	80003df4	a1b58153	fle.s	x2,f11,f27	 f11:0x80040fe4 f27:0x00000000  x2=0x00000001
     174495.000 ns	     17448	80003df8	03f65c33	divu	x24,x12,x31	 x12:0x0000007e x31:0x80041024 x24=0x00000000
     174525.000 ns	     17451	80003dfc	28788453	fmin.s	f8,f17,f7	 f17:0x42800000  f7:0x0000000b  f8=0x0000000b
     174555.000 ns	     17454	80003e00	d0017dd3	fcvt.s.w	f27,x2	  x2:0x00000001 f27=0x3f800000
     174585.000 ns	     17457	80003e04	a0259353	flt.s	x6,f11,f2	 f11:0x80040fe4  f2:0x00000001  x6=0x00000001
     174605.000 ns	     17459	80003e08	d5397413	andi	x8,x18,-685	 x18:0xffffffff  x8=0xfffffd53
     174625.000 ns	     17461	80003e0c	02159f33	mulh	x30,x11,x1	 x11:0x00000000  x1:0x00001fff x30=0x00000000
     174645.000 ns	     17463	80003e10	416e0eb3	sub	x29,x28,x22	 x28:0xf0d595ef x22:0x00000000 x29=0xf0d595ef
     174655.000 ns	     17464	80003e14	0109d8b3	srl	x17,x19,x16	 x19:0x7ffbf5f8 x16:0x0000001f x17=0x00000000
     174675.000 ns	     17466	80003e18	a1ae93d3	flt.s	x7,f29,f26	 f29:0x00000001 f26:0x0000000b  x7=0x00000001
     174695.000 ns	     17468	80003e1c	004d8cb3	add	x25,x27,x4	 x27:0x000004b2  x4:0xffffffff x25=0x000004b1
     174705.000 ns	     17469	80003e20	003a20b3	slt	x1,x20,x3	 x20:0x00000000  x3:0x00000001  x1=0x00000001
     174725.000 ns	     17471	80003e24	03922cb3	mulhsu	x25,x4,x25	  x4:0xffffffff x25:0x00000000 x25=0xffffffff
     174745.000 ns	     17473	80003e28	00ab05b3	add	x11,x22,x10	 x22:0x00000000 x10:0x00000000 x11=0x00000000
     174765.000 ns	     17475	80003e2c	c0133ad3	fcvt.wu.s	x21,f6	  f6:0x7fc00000 x21=0xffffffff
     174785.000 ns	     17477	80003e30	c5d3aa13	slti	x20,x7,-931	  x7:0x00000001 x20=0x00000000
     174805.000 ns	     17479	80003e34	c0053c53	fcvt.w.s	x24,f10	 f10:0x3f800000 x24=0x00000001
     174825.000 ns	     17481	80003e38	00022ab3	slt	x21,x4,x0	  x4:0xffffffff  x0:0x00000000 x21=0x00000001
     174845.000 ns	     17483	80003e3c	20140553	fsgnj.s	f10,f8,f1	  f8:0x0000000b  f1:0x00000000 f10=0x0000000b
     174875.000 ns	     17486	80003e40	025ca333	mulhsu	x6,x25,x5	 x25:0xffffffff  x5:0xf0d585cf  x6=0xffffffff
     174905.000 ns	     17489	80003e44	287602d3	fmin.s	f5,f12,f7	 f12:0x00000001  f7:0x0000000b  f5=0x00000001
     174935.000 ns	     17492	80003e48	03d49eb3	mulh	x29,x9,x29	  x9:0x80040fe4 x29:0xf0d595ef x29=0x0794f76d
     174965.000 ns	     17495	80003e4c	a0baa753	feq.s	x14,f21,f11	 f21:0x7fc00000 f11:0x80040fe4 x14=0x00000000
     174995.000 ns	     17498	80003e50	a09600d3	fle.s	x1,f12,f9	 f12:0x00000001  f9:0x3f800000  x1=0x00000001
     175025.000 ns	     17501	80003e54	c01ac053	fcvt.wu.s	x0,f21	 f21:0x7fc00000
     175045.000 ns	     17503	80003e58	881d4ab7	lui	x21,0x881d4	 x21=0x881d4000
     175065.000 ns	     17505	80003e5c	d0132d53	fcvt.s.wu	f26,x6	  x6:0xffffffff f26=0x4f800000
     175085.000 ns	     17507	80003e60	d73d7613	andi	x12,x26,-653	 x26:0x80040fe4 x12=0x80040d60
     175095.000 ns	     17508	80003e64	40a6dc33	sra	x24,x13,x10	 x13:0x00000420 x10:0x00000000 x24=0x00000420
     175115.000 ns	     17510	80003e68	a12ba253	feq.s	x4,f23,f18	 f23:0x42800000 f18:0x437f0000  x4=0x00000000
     175145.000 ns	     17513	80003e6c	a01e9953	flt.s	x18,f29,f1	 f29:0x00000001  f1:0x00000000 x18=0x00000000
     175165.000 ns	     17515	80003e70	01c84533	xor	x10,x16,x28	 x16:0x0000001f x28:0xf0d595ef x10=0xf0d595f0
     175185.000 ns	     17517	80003e74	03cc3ab3	mulhu	x21,x24,x28	 x24:0x00000420 x28:0xf0d595ef x21=0x000003e1
     175215.000 ns	     17520	80003e78	02ed4bb3	div	x23,x26,x14	 x26:0x80040fe4 x14:0x00000000 x23=0xffffffff
     175245.000 ns	     17523	80003e7c	a165ac53	feq.s	x24,f11,f22	 f11:0x80040fe4 f22:0x00000000 x24=0x00000000
     175265.000 ns	     17525	80003e80	00000013	addi	x0,x0,0	  x0:0x00000000
     176435.000 ns	     17642	80003e84	5801f453	fsqrt.s	f8,f3	  f3:0x41344f6f  f8=0x3ffeff0c
     176455.000 ns	     17644	80003e88	c48d0e13	addi	x28,x26,-952	 x26:0x80040fe4 x28=0x80040c2c
     176465.000 ns	     17645	80003e8c	00f35eb3	srl	x29,x6,x15	  x6:0xffffffff x15:0x32bca000 x29=0xffffffff
     176485.000 ns	     17647	80003e90	e0001ad3	fclass.s	x21,f0	  f0:0x00000000 x21=0x00000010
     176525.000 ns	     17651	80003e94	181c8553	fdiv.s	f10,f25,f1	 f25:0x00000000  f1:0x00000000 f10=0x7fc00000
     176555.000 ns	     17654	80003e98	21318cd3	fsgnj.s	f25,f3,f19	  f3:0x41344f6f f19:0x3f800000 f25=0x41344f6f
     176575.000 ns	     17656	80003e9c	b4bc2c93	slti	x25,x24,-1205	 x24:0x00000000 x25=0x00000000
     176585.000 ns	     17657	80003ea0	418d8db3	sub	x27,x27,x24	 x27:0x000004b2 x24:0x00000000 x27=0x000004b2
     176595.000 ns	     17658	80003ea4	0190f8b3	and	x17,x1,x25	  x1:0x00000001 x25:0xffffffff x17=0x00000000
     176605.000 ns	     17659	80003ea8	01d1e0b3	or	x1,x3,x29	  x3:0x00000001 x29:0xffffffff  x1=0xffffffff
     176615.000 ns	     17660	80003eac	532f4213	xori	x4,x30,1330	 x30:0x00000000  x4=0x00000532
     176975.000 ns	     17696	80003eb0	026c45b3	div	x11,x24,x6	 x24:0x00000000  x6:0xffffffff x11=0x00000000
     176995.000 ns	     17698	80003eb4	0188d813	srli	x16,x17,0x18	 x17:0x00000000 x16=0x00000000
     177015.000 ns	     17700	80003eb8	025c2bb3	mulhsu	x23,x24,x5	 x24:0x00000000  x5:0xf0d585cf x23=0x00000000
     177045.000 ns	     17703	80003ebc	c01c76d3	fcvt.wu.s	x13,f24	 f24:0xbf800000 x13=0x00000001
     177075.000 ns	     17706	80003ec0	03818233	mul	x4,x3,x24	  x3:0x00000001 x24:0x00000000  x4=0x00000000
     177095.000 ns	     17708	80003ec4	01179613	slli	x12,x15,0x11	 x15:0x32bca000 x12=0x40000000
     177115.000 ns	     17710	80003ec8	d01df753	fcvt.s.wu	f14,x27	 x27:0x000004b2 f14=0x44964000
     177135.000 ns	     17712	80003ecc	00902f33	slt	x30,x0,x9	  x0:0x00000000  x9:0x80040fe4 x30=0x00000000
     177155.000 ns	     17714	80003ed0	2087ad53	fsgnjx.s	f26,f15,f8	 f15:0x0000000b  f8:0x3ffeff0c f26=0x0000000b
     177185.000 ns	     17717	80003ed4	d0070bd3	fcvt.s.w	f23,x14	 x14:0x00000000 f23=0x00000000
     177205.000 ns	     17719	80003ed8	011e9eb3	sll	x29,x29,x17	 x29:0xffffffff x17:0x00000000 x29=0xffffffff
     177215.000 ns	     17720	80003edc	410f8433	sub	x8,x31,x16	 x31:0x80041024 x16:0x00000000  x8=0x80041024
     177245.000 ns	     17723	80003ee0	19e97e53	fdiv.s	f28,f18,f30	 f18:0x437f0000 f30:0x7fc00000 f28=0x7fc00000
     177275.000 ns	     17726	80003ee4	03228933	mul	x18,x5,x18	  x5:0xf0d585cf x18:0x00000000 x18=0x00000000
     177295.000 ns	     17728	80003ee8	58794f13	xori	x30,x18,1415	 x18:0x00000000 x30=0x00000587
     177305.000 ns	     17729	80003eec	0163d9b3	srl	x19,x7,x22	  x7:0x00000001 x22:0x00000000 x19=0x00000001
     177325.000 ns	     17731	80003ef0	c0051053	fcvt.w.s	x0,f10	 f10:0x7fc00000
     177375.000 ns	     17736	80003ef4	01a476d3	fadd.s	f13,f8,f26	  f8:0x3ffeff0c f26:0x0000000b f13=0x3ffeff0c
     177395.000 ns	     17738	80003ef8	b4856c37	lui	x24,0xb4856	 x24=0xb4856000
     177405.000 ns	     17739	80003efc	f63fb813	sltiu	x16,x31,-157	 x31:0x80041024 x16=0x00000001
     178575.000 ns	     17856	80003f00	58047a53	fsqrt.s	f20,f8	  f8:0x3ffeff0c f20=0x3fb4a9c5
     178945.000 ns	     17893	80003f04	03f856b3	divu	x13,x16,x31	 x16:0x00000000 x31:0x80041024 x13=0x00000000
     178975.000 ns	     17896	80003f08	a09e9ed3	flt.s	x29,f29,f9	 f29:0x00000001  f9:0x3f800000 x29=0x00000001
     178995.000 ns	     17898	80003f0c	00bd4b33	xor	x22,x26,x11	 x26:0x80040fe4 x11:0x00000000 x22=0x80040fe4
     179355.000 ns	     17934	80003f10	025b5cb3	divu	x25,x22,x5	 x22:0x00000000  x5:0xf0d585cf x25=0x00000000
     179375.000 ns	     17936	80003f14	d999e993	ori	x19,x19,-615	 x19:0x00000001 x19=0xfffffd99
     179395.000 ns	     17938	80003f18	a11c2053	feq.s	x0,f24,f17	 f24:0xbf800000 f17:0x42800000
     179415.000 ns	     17940	80003f1c	0053dc33	srl	x24,x7,x5	  x7:0x00000001  x5:0xf0d585cf x24=0x00000000
     179435.000 ns	     17942	80003f20	034c4e33	div	x28,x24,x20	 x24:0xb4856000 x20:0x00000000 x28=0xffffffff
     179455.000 ns	     17944	80003f24	01b88633	add	x12,x17,x27	 x17:0x00000000 x27:0x000004b2 x12=0x000004b2
     179465.000 ns	     17945	80003f28	0142ec33	or	x24,x5,x20	  x5:0xf0d585cf x20:0x00000000 x24=0xf0d585cf
     179485.000 ns	     17947	80003f2c	a0488bd3	fle.s	x23,f17,f4	 f17:0x42800000  f4:0x1f350493 x23=0x00000000
     179515.000 ns	     17950	80003f30	03cf0433	mul	x8,x30,x28	 x30:0x00000587 x28:0xffffffff  x8=0xfffffa79
     179565.000 ns	     17955	80003f34	083c74d3	fsub.s	f9,f24,f3	 f24:0xbf800000  f3:0x41344f6f  f9=0xc1444f6f
     179605.000 ns	     17959	80003f38	580876d3	fsqrt.s	f13,f16	 f16:0xffc00000 f13=0x7fc00000
     179625.000 ns	     17961	80003f3c	00000013	addi	x0,x0,0	  x0:0x00000000
     179645.000 ns	     17963	80003f40	f0090bd3	fmv.w.x	f23,x18	 x18:0x00000000 f23=0x00000000
     179675.000 ns	     17966	80003f44	d0024453	fcvt.s.w	f8,x4	  x4:0x00000000  f8=0x00000000
     179705.000 ns	     17969	80003f48	036013b3	mulh	x7,x0,x22	  x0:0x00000000 x22:0x80040fe4  x7=0x00000000
     179725.000 ns	     17971	80003f4c	578a0d93	addi	x27,x20,1400	 x20:0x00000000 x27=0x00000578
     179735.000 ns	     17972	80003f50	00ca9113	slli	x2,x21,0xc	 x21:0x00000010  x2=0x00010000
     180095.000 ns	     18008	80003f54	0364fe33	remu	x28,x9,x22	  x9:0x80040fe4 x22:0x80040fe4 x28=0x00000000
     180115.000 ns	     18010	80003f58	aaa14913	xori	x18,x2,-1366	  x2:0x00000001 x18=0xfffefaaa
     180135.000 ns	     18012	80003f5c	0307a9b3	mulhsu	x19,x15,x16	 x15:0x32bca000 x16:0x00000001 x19=0x00000000
     180155.000 ns	     18014	80003f60	40655013	srai	x0,x10,0x6	 x10:0xf0d595f0
     180515.000 ns	     18050	80003f64	022eeab3	rem	x21,x29,x2	 x29:0x00000001  x2:0x00010000 x21=0x00000001
     180545.000 ns	     18053	80003f68	295b1053	fmax.s	f0,f22,f21	 f22:0x00000000 f21:0x7fc00000  f0=0x00000000
     180565.000 ns	     18055	80003f6c	e1a50913	addi	x18,x10,-486	 x10:0xf0d595f0 x18=0xf0d5940a
     180575.000 ns	     18056	80003f70	c994a217	auipc	x4,0xc994a	  x4=0x4994df70
     180935.000 ns	     18092	80003f74	038d7233	remu	x4,x26,x24	 x26:0x80040fe4 x24:0xf0d585cf  x4=0x80040fe4
     180965.000 ns	     18095	80003f78	03009e33	mulh	x28,x1,x16	  x1:0xffffffff x16:0x00000001 x28=0xffffffff
     180985.000 ns	     18097	80003f7c	00e41c13	slli	x24,x8,0xe	  x8:0xfffffa79 x24=0xfe9e4000
     180995.000 ns	     18098	80003f80	012116b3	sll	x13,x2,x18	  x2:0x00010000 x18:0xf0d5940a x13=0x04000000
     181005.000 ns	     18099	80003f84	ba4a53b7	lui	x7,0xba4a5	  x7=0xba4a5000
     181015.000 ns	     18100	80003f88	014469b3	or	x19,x8,x20	  x8:0xfffffa79 x20:0x00000000 x19=0xfffffa79
     181025.000 ns	     18101	80003f8c	01ce8f33	add	x30,x29,x28	 x29:0x00000001 x28:0xffffffff x30=0x00000000
     181035.000 ns	     18102	80003f90	006adbb3	srl	x23,x21,x6	 x21:0x00000001  x6:0xffffffff x23=0x00000000
     181055.000 ns	     18104	80003f94	a04e2353	feq.s	x6,f28,f4	 f28:0x7fc00000  f4:0x1f350493  x6=0x00000000
     181075.000 ns	     18106	80003f98	4152d193	srai	x3,x5,0x15	  x5:0xf0d585cf  x3=0xffffff86
     181095.000 ns	     18108	80003f9c	02bb9433	mulh	x8,x23,x11	 x23:0x00000000 x11:0x00000000  x8=0x00000000
     181125.000 ns	     18111	80003fa0	02bfbb33	mulhu	x22,x31,x11	 x31:0x80041024 x11:0x00000000 x22=0x00000000
     181145.000 ns	     18113	80003fa4	01f78bb3	add	x23,x15,x31	 x15:0x32bca000 x31:0x80041024 x23=0xb2c0b024
     181185.000 ns	     18117	80003fa8	0057f953	fadd.s	f18,f15,f5	 f15:0x0000000b  f5:0x00000001 f18=0x0000000c
     181205.000 ns	     18119	80003fac	406d5113	srai	x2,x26,0x6	 x26:0x80040fe4  x2=0xfe00103f
     181225.000 ns	     18121	80003fb0	a04d0bd3	fle.s	x23,f26,f4	 f26:0x0000000b  f4:0x1f350493 x23=0x00000001
     181275.000 ns	     18126	80003fb4	00f519d3	fadd.s	f19,f10,f15	 f10:0x7fc00000 f15:0x0000000b f19=0x7fc00000
     181295.000 ns	     18128	80003fb8	00c2c133	xor	x2,x5,x12	  x5:0xf0d585cf x12:0x000004b2  x2=0xf0d5817d
     181305.000 ns	     18129	80003fbc	fee36c13	ori	x24,x6,-18	  x6:0x00000000 x24=0xffffffee
     181335.000 ns	     18132	80003fc0	117b8bd3	fmul.s	f23,f23,f23	 f23:0x00000000 f23:0x00000000 f23=0x00000000
     181365.000 ns	     18135	80003fc4	03c00533	mul	x10,x0,x28	  x0:0x00000000 x28:0xffffffff x10=0x00000000
     181385.000 ns	     18137	80003fc8	01e3c3b3	xor	x7,x7,x30	  x7:0xba4a5000 x30:0x00000000  x7=0xba4a5000
     181395.000 ns	     18138	80003fcc	001dda33	srl	x20,x27,x1	 x27:0x00000578  x1:0xffffffff x20=0x00000000
     181415.000 ns	     18140	80003fd0	f00b8553	fmv.w.x	f10,x23	 x23:0x00000001 f10=0x00000001
     181435.000 ns	     18142	80003fd4	530f6313	ori	x6,x30,1328	 x30:0x00000000  x6=0x00000530
     181445.000 ns	     18143	80003fd8	013a9213	slli	x4,x21,0x13	 x21:0x00000001  x4=0x00080000
     181455.000 ns	     18144	80003fdc	00cb5a13	srli	x20,x22,0xc	 x22:0x00000000 x20=0x00000000
     181475.000 ns	     18146	80003fe0	d00efdd3	fcvt.s.w	f27,x29	 x29:0x00000001 f27=0x3f800000
     181505.000 ns	     18149	80003fe4	e00e07d3	fmv.x.w	x15,f28	 f28:0x7fc00000 x15=0x7fc00000
     181525.000 ns	     18151	80003fe8	559ba897	auipc	x17,0x559ba	 x17=0xd59bdfe8
     181545.000 ns	     18153	80003fec	20eb2853	fsgnjx.s	f16,f22,f14	 f22:0x00000000 f14:0x44964000 f16=0x00000000
     181565.000 ns	     18155	80003ff0	015a40b3	xor	x1,x20,x21	 x20:0x00000000 x21:0x00000001  x1=0x00000001
     181575.000 ns	     18156	80003ff4	41a45eb3	sra	x29,x8,x26	  x8:0x00000000 x26:0x80040fe4 x29=0x00000000
     181595.000 ns	     18158	80003ff8	a1728653	fle.s	x12,f5,f23	  f5:0x00000001 f23:0x00000000 x12=0x00000000
     181615.000 ns	     18160	80003ffc	00735233	srl	x4,x6,x7	  x6:0x00000530  x7:0xba4a5000  x4=0x00000530
     181635.000 ns	     18162	80004000	034cce33	div	x28,x25,x20	 x25:0x00000000 x20:0x00000000 x28=0xffffffff
     181655.000 ns	     18164	80004004	005dc733	xor	x14,x27,x5	 x27:0x00000578  x5:0xf0d585cf x14=0xf0d580b7
     181665.000 ns	     18165	80004008	ad1df013	andi	x0,x27,-1327	 x27:0x00000578
     181685.000 ns	     18167	8000400c	209327d3	fsgnjx.s	f15,f6,f9	  f6:0x7fc00000  f9:0xc1444f6f f15=0xffc00000
     181735.000 ns	     18172	80004010	003af9d3	fadd.s	f19,f21,f3	 f21:0x7fc00000  f3:0x41344f6f f19=0x7fc00000
     181755.000 ns	     18174	80004014	1bc40813	addi	x16,x8,444	  x8:0x00000000 x16=0x000001bc
     181775.000 ns	     18176	80004018	028369b3	rem	x19,x6,x8	  x6:0x00000530  x8:0x00000000 x19=0x00000530
     181805.000 ns	     18179	8000401c	036d6eb3	rem	x29,x26,x22	 x26:0x80040fe4 x22:0x00000000 x29=0x80040fe4
     181835.000 ns	     18182	80004020	a13483d3	fle.s	x7,f9,f19	  f9:0xc1444f6f f19:0x7fc00000  x7=0x00000000
     181855.000 ns	     18184	80004024	4fd316b7	lui	x13,0x4fd31	 x13=0x4fd31000
     181875.000 ns	     18186	80004028	032a19b3	mulh	x19,x20,x18	 x20:0x00000000 x18:0xf0d5940a x19=0x00000000
     181905.000 ns	     18189	8000402c	02b07c33	remu	x24,x0,x11	  x0:0x00000000 x11:0x00000000 x24=0x00000000
     181925.000 ns	     18191	80004030	000730b3	sltu	x1,x14,x0	 x14:0xf0d580b7  x0:0x00000000  x1=0x00000000
     181935.000 ns	     18192	80004034	01d4b8b3	sltu	x17,x9,x29	  x9:0x80040fe4 x29:0x80040fe4 x17=0x00000000
     181955.000 ns	     18194	80004038	21a20ad3	fsgnj.s	f21,f4,f26	  f4:0x1f350493 f26:0x0000000b f21=0x1f350493
     181985.000 ns	     18197	8000403c	a1888b53	fle.s	x22,f17,f24	 f17:0x42800000 f24:0xbf800000 x22=0x00000000
     182025.000 ns	     18201	80004040	1963ca53	fdiv.s	f20,f7,f22	  f7:0x0000000b f22:0x00000000 f20=0x7f800000
     182045.000 ns	     18203	80004044	41f25c13	srai	x24,x4,0x1f	  x4:0x00000530 x24=0x00000000
     182055.000 ns	     18204	80004048	00c365b3	or	x11,x6,x12	  x6:0x00000530 x12:0x00000000 x11=0x00000530
     182095.000 ns	     18208	8000404c	01aa7053	fadd.s	f0,f20,f26	 f20:0x7f800000 f26:0x0000000b  f0=0x7f800000
     182145.000 ns	     18213	80004050	08aff9d3	fsub.s	f19,f31,f10	 f31:0x80040fe4 f10:0x00000001 f19=0x80040fe5
     182175.000 ns	     18216	80004054	a1000e53	fle.s	x28,f0,f16	  f0:0x7f800000 f16:0x00000000 x28=0x00000000
     182205.000 ns	     18219	80004058	212815d3	fsgnjn.s	f11,f16,f18	 f16:0x00000000 f18:0x0000000c f11=0x80000000
     182235.000 ns	     18222	8000405c	207b09d3	fsgnj.s	f19,f22,f7	 f22:0x00000000  f7:0x0000000b f19=0x00000000
     182255.000 ns	     18224	80004060	405e8cb3	sub	x25,x29,x5	 x29:0x80040fe4  x5:0xf0d585cf x25=0x8f2e8a15
     182265.000 ns	     18225	80004064	a4f08813	addi	x16,x1,-1457	  x1:0x00000000 x16=0xfffffa4f
     182285.000 ns	     18227	80004068	20ed9553	fsgnjn.s	f10,f27,f14	 f27:0x3f800000 f14:0x44964000 f10=0xbf800000
     182315.000 ns	     18230	8000406c	29a40c53	fmin.s	f24,f8,f26	  f8:0x00000000 f26:0x0000000b f24=0x00000000
     182335.000 ns	     18232	80004070	679b3813	sltiu	x16,x22,1657	 x22:0x00000000 x16=0x00000001
     182355.000 ns	     18234	80004074	285b0453	fmin.s	f8,f22,f5	 f22:0x00000000  f5:0x00000001  f8=0x00000000
     182385.000 ns	     18237	80004078	0334da33	divu	x20,x9,x19	  x9:0x80040fe4 x19:0x00000000 x20=0xffffffff
     182415.000 ns	     18240	8000407c	e0089353	fclass.s	x6,f17	 f17:0x42800000  x6=0x00000040
     182445.000 ns	     18243	80004080	f0058453	fmv.w.x	f8,x11	 x11:0x00000530  f8=0x00000530
     182475.000 ns	     18246	80004084	0260b133	mulhu	x2,x1,x6	  x1:0x00000000  x6:0x00000040  x2=0x00000000
     182505.000 ns	     18249	80004088	c014fb53	fcvt.wu.s	x22,f9	  f9:0xc1444f6f x22=0x0000000c
     182535.000 ns	     18252	8000408c	e0008d53	fmv.x.w	x26,f1	  f1:0x00000000 x26=0x00000000
     182565.000 ns	     18255	80004090	20120d53	fsgnj.s	f26,f4,f1	  f4:0x1f350493  f1:0x00000000 f26=0x1f350493
     182595.000 ns	     18258	80004094	c00b2bd3	fcvt.w.s	x23,f22	 f22:0x00000000 x23=0x00000000
     182965.000 ns	     18295	80004098	03f04033	div	x0,x0,x31	  x0:0x00000000 x31:0x80041024
     182995.000 ns	     18298	8000409c	c00b8f53	fcvt.w.s	x30,f23	 f23:0x00000000 x30=0x00000000
     183025.000 ns	     18301	800040a0	d00db7d3	fcvt.s.w	f15,x27	 x27:0x00000578 f15=0x44af0000
     183055.000 ns	     18304	800040a4	28659e53	fmax.s	f28,f11,f6	 f11:0x80000000  f6:0x7fc00000 f28=0x80000000
     183075.000 ns	     18306	800040a8	011c1d13	slli	x26,x24,0x11	 x24:0x00000000 x26=0x00000000
     183085.000 ns	     18307	800040ac	a35b5637	lui	x12,0xa35b5	 x12=0xa35b5000
     183105.000 ns	     18309	800040b0	c0153853	fcvt.wu.s	x16,f10	 f10:0xbf800000 x16=0x00000001
     183125.000 ns	     18311	800040b4	00b78db3	add	x27,x15,x11	 x15:0x7fc00000 x11:0x00000530 x27=0x7fc00530
     183135.000 ns	     18312	800040b8	40a483b3	sub	x7,x9,x10	  x9:0x80040fe4 x10:0x00000000  x7=0x80040fe4
     183145.000 ns	     18313	800040bc	009186b3	add	x13,x3,x9	  x3:0xffffff86  x9:0x80040fe4 x13=0x80040f6a
     183155.000 ns	     18314	800040c0	08d2c313	xori	x6,x5,141	  x5:0xf0d585cf  x6=0xf0d58542
     183175.000 ns	     18316	800040c4	298b1553	fmax.s	f10,f22,f24	 f22:0x00000000 f24:0x00000000 f10=0x00000000
     183195.000 ns	     18318	800040c8	82177e93	andi	x29,x14,-2015	 x14:0xf0d580b7 x29=0xf0d58021
     183215.000 ns	     18320	800040cc	c01f7ad3	fcvt.wu.s	x21,f30	 f30:0x7fc00000 x21=0xffffffff
     183235.000 ns	     18322	800040d0	01665813	srli	x16,x12,0x16	 x12:0xa35b5000 x16=0x0000028d
     183245.000 ns	     18323	800040d4	00ff1133	sll	x2,x30,x15	 x30:0x00000000 x15:0x7fc00000  x2=0x00000000
     183265.000 ns	     18325	800040d8	03378133	mul	x2,x15,x19	 x15:0x7fc00000 x19:0x00000000  x2=0x00000000
     183285.000 ns	     18327	800040dc	f0882093	slti	x1,x16,-248	 x16:0x0000028d  x1=0x00000000
     183305.000 ns	     18329	800040e0	d00a7753	fcvt.s.w	f14,x20	 x20:0xffffffff f14=0xbf800000
     183325.000 ns	     18331	800040e4	01ddab33	slt	x22,x27,x29	 x27:0x7fc00530 x29:0xf0d58021 x22=0x00000000
     183335.000 ns	     18332	800040e8	404b5393	srai	x7,x22,0x4	 x22:0x0000000c  x7=0x00000000
     183345.000 ns	     18333	800040ec	40735613	srai	x12,x6,0x7	  x6:0xf0d58542 x12=0xffe1ab0a
     183355.000 ns	     18334	800040f0	ca1a4093	xori	x1,x20,-863	 x20:0xffffffff  x1=0x0000035e
     183385.000 ns	     18337	800040f4	580b71d3	fsqrt.s	f3,f22	 f22:0x00000000  f3=0x00000000
     183415.000 ns	     18340	800040f8	28dc0fd3	fmin.s	f31,f24,f13	 f24:0x00000000 f13:0x7fc00000 f31=0x00000000
     183445.000 ns	     18343	800040fc	d00bc3d3	fcvt.s.w	f7,x23	 x23:0x00000000  f7=0x00000000
     183475.000 ns	     18346	80004100	a17c0e53	fle.s	x28,f24,f23	 f24:0x00000000 f23:0x00000000 x28=0x00000001
     183845.000 ns	     18383	80004104	02ccf8b3	remu	x17,x25,x12	 x25:0x8f2e8a15 x12:0xffe1ab0a x17=0x8f2e8a15
     183865.000 ns	     18385	80004108	00b0d213	srli	x4,x1,0xb	  x1:0x0000035e  x4=0x00000000
     183885.000 ns	     18387	8000410c	21b39253	fsgnjn.s	f4,f7,f27	  f7:0x00000000 f27:0x3f800000  f4=0x80000000
     183915.000 ns	     18390	80004110	03d83cb3	mulhu	x25,x16,x29	 x16:0x0000028d x29:0xf0d58021 x25=0x00000266
     183945.000 ns	     18393	80004114	c001fad3	fcvt.w.s	x21,f3	  f3:0x00000000 x21=0x00000000
     183995.000 ns	     18398	80004118	016c7353	fadd.s	f6,f24,f22	 f24:0x00000000 f22:0x00000000  f6=0x00000000
     184025.000 ns	     18401	8000411c	025c3b33	mulhu	x22,x24,x5	 x24:0x00000000  x5:0xf0d585cf x22=0x00000000
     184395.000 ns	     18438	80004120	025e4733	div	x14,x28,x5	 x28:0x00000001  x5:0xf0d585cf x14=0x00000000
     184415.000 ns	     18440	80004124	01d0cbb3	xor	x23,x1,x29	  x1:0x0000035e x29:0xf0d58021 x23=0xf0d5837f
     184435.000 ns	     18442	80004128	f0088353	fmv.w.x	f6,x17	 x17:0x8f2e8a15  f6=0x8f2e8a15
     184455.000 ns	     18444	8000412c	3f228e13	addi	x28,x5,1010	  x5:0xf0d585cf x28=0xf0d589c1
     185625.000 ns	     18561	80004130	58017bd3	fsqrt.s	f23,f2	  f2:0x00000001 f23=0x1f350483
     185645.000 ns	     18563	80004134	00000013	addi	x0,x0,0	  x0:0x00000000
     185655.000 ns	     18564	80004138	6d90b813	sltiu	x16,x1,1753	  x1:0x0000035e x16=0x00000001
     185665.000 ns	     18565	8000413c	41095333	sra	x6,x18,x16	 x18:0xf0d5940a x16:0x0000028d  x6=0xf86aca05
     185675.000 ns	     18566	80004140	416959b3	sra	x19,x18,x22	 x18:0xf0d5940a x22:0x00000000 x19=0xf0d5940a
     185685.000 ns	     18567	80004144	51998113	addi	x2,x19,1305	 x19:0x00000000  x2=0xf0d59923
     185695.000 ns	     18568	80004148	56dcf813	andi	x16,x25,1389	 x25:0x00000266 x16=0x00000064
     185705.000 ns	     18569	8000414c	00000013	addi	x0,x0,0	  x0:0x00000000
     185725.000 ns	     18571	80004150	a0548253	fle.s	x4,f9,f5	  f9:0xc1444f6f  f5:0x00000001  x4=0x00000001
     185755.000 ns	     18574	80004154	a1f693d3	flt.s	x7,f13,f31	 f13:0x7fc00000 f31:0x00000000  x7=0x00000000
     185785.000 ns	     18577	80004158	a0c7a6d3	feq.s	x13,f15,f12	 f15:0x44af0000 f12:0x00000001 x13=0x00000000
     185815.000 ns	     18580	8000415c	e0029853	fclass.s	x16,f5	  f5:0x00000001 x16=0x00000020
     185845.000 ns	     18583	80004160	a1342a53	feq.s	x20,f8,f19	  f8:0x00000530 f19:0x00000000 x20=0x00000000
     185875.000 ns	     18586	80004164	021b0c33	mul	x24,x22,x1	 x22:0x00000000  x1:0x0000035e x24=0x00000000
     185905.000 ns	     18589	80004168	c01475d3	fcvt.wu.s	x11,f8	  f8:0x00000530 x11=0x00000000
     185935.000 ns	     18592	8000416c	f0048e53	fmv.w.x	f28,x9	  x9:0x80040fe4 f28=0x80040fe4
     185955.000 ns	     18594	80004170	406f5d33	sra	x26,x30,x6	 x30:0x00000000  x6:0xf86aca05 x26=0x00000000
     185985.000 ns	     18597	80004174	580034d3	fsqrt.s	f9,f0	  f0:0x7f800000  f9=0x7f800000
     186015.000 ns	     18600	80004178	03f407b3	mul	x15,x8,x31	  x8:0x00000000 x31:0x80041024 x15=0x00000000
     186035.000 ns	     18602	8000417c	2a8ee217	auipc	x4,0x2a8ee	  x4=0xaa8f217c
     186055.000 ns	     18604	80004180	29958e53	fmin.s	f28,f11,f25	 f11:0x80000000 f25:0x41344f6f f28=0x80000000
     186105.000 ns	     18609	80004184	08a8b553	fsub.s	f10,f17,f10	 f17:0x42800000 f10:0x00000000 f10=0x42800000
     186125.000 ns	     18611	80004188	01955713	srli	x14,x10,0x19	 x10:0x00000000 x14=0x00000000
     186135.000 ns	     18612	8000418c	00a8d613	srli	x12,x17,0xa	 x17:0x8f2e8a15 x12=0x0023cba2
     186145.000 ns	     18613	80004190	40435bb3	sra	x23,x6,x4	  x6:0xf86aca05  x4:0xaa8f217c x23=0xffffffff
     186165.000 ns	     18615	80004194	02df9133	mulh	x2,x31,x13	 x31:0x80041024 x13:0x00000000  x2=0x00000000
     186195.000 ns	     18618	80004198	e0078053	fmv.x.w	x0,f15	 f15:0x44af0000
     186215.000 ns	     18620	8000419c	0123db93	srli	x23,x7,0x12	  x7:0x00000000 x23=0x00000000
     186235.000 ns	     18622	800041a0	e00b9353	fclass.s	x6,f23	 f23:0x1f350483  x6=0x00000040
     186255.000 ns	     18624	800041a4	592b4a13	xori	x20,x22,1426	 x22:0x00000000 x20=0x00000592
     186265.000 ns	     18625	800041a8	0055b9b3	sltu	x19,x11,x5	 x11:0x00000000  x5:0xf0d585cf x19=0x00000001
     186275.000 ns	     18626	800041ac	003afd33	and	x26,x21,x3	 x21:0x00000000  x3:0xffffff86 x26=0x00000000
     186285.000 ns	     18627	800041b0	7097a813	slti	x16,x15,1801	 x15:0x00000000 x16=0x00000001
     186305.000 ns	     18629	800041b4	a19a87d3	fle.s	x15,f21,f25	 f21:0x1f350493 f25:0x41344f6f x15=0x00000001
     186325.000 ns	     18631	800041b8	0096de93	srli	x29,x13,0x9	 x13:0x00000000 x29=0x00000000
     186335.000 ns	     18632	800041bc	006437b3	sltu	x15,x8,x6	  x8:0x00000000  x6:0x00000040 x15=0x00000001
     186345.000 ns	     18633	800041c0	41f15b93	srai	x23,x2,0x1f	  x2:0x00000000 x23=0x00000000
     186355.000 ns	     18634	800041c4	00029713	slli	x14,x5,0x0	  x5:0xf0d585cf x14=0xf0d585cf
     186365.000 ns	     18635	800041c8	a3cd2513	slti	x10,x26,-1476	 x26:0x00000000 x10=0x00000000
     186375.000 ns	     18636	800041cc	00566eb3	or	x29,x12,x5	 x12:0x0023cba2  x5:0xf0d585cf x29=0xf0f7cfef
     186395.000 ns	     18638	800041d0	2147a3d3	fsgnjx.s	f7,f15,f20	 f15:0x44af0000 f20:0x7f800000  f7=0x44af0000
     186425.000 ns	     18641	800041d4	a093acd3	feq.s	x25,f7,f9	  f7:0x00000000  f9:0x7f800000 x25=0x00000000
     186455.000 ns	     18644	800041d8	c00d2b53	fcvt.w.s	x22,f26	 f26:0x1f350493 x22=0x00000000
     186495.000 ns	     18648	800041dc	196473d3	fdiv.s	f7,f8,f22	  f8:0x00000530 f22:0x00000000  f7=0x7f800000
     186515.000 ns	     18650	800041e0	00cd7833	and	x16,x26,x12	 x26:0x00000000 x12:0x0023cba2 x16=0x00000000
     186525.000 ns	     18651	800041e4	4189d713	srai	x14,x19,0x18	 x19:0x00000001 x14=0x00000000
     186535.000 ns	     18652	800041e8	01dbdbb3	srl	x23,x23,x29	 x23:0x00000000 x29:0xf0f7cfef x23=0x00000000
     186555.000 ns	     18654	800041ec	a18baf53	feq.s	x30,f23,f24	 f23:0x1f350483 f24:0x00000000 x30=0x00000000
     186595.000 ns	     18658	800041f0	5801c853	fsqrt.s	f16,f3	  f3:0x00000000 f16=0x00000000
     186615.000 ns	     18660	800041f4	69e07993	andi	x19,x0,1694	  x0:0x00000000 x19=0x00000000
     186625.000 ns	     18661	800041f8	00a3d233	srl	x4,x7,x10	  x7:0x00000000 x10:0x00000000  x4=0x00000000
     186635.000 ns	     18662	800041fc	6691a693	slti	x13,x3,1641	  x3:0xffffff86 x13=0x00000001
     187735.000 ns	     18772	80004200	580cc853	fsqrt.s	f16,f25	 f25:0x41344f6f f16=0x3ffeff0c
     187775.000 ns	     18776	80004204	19cd0ad3	fdiv.s	f21,f26,f28	 f26:0x1f350493 f28:0x80000000 f21=0xff800000
     187795.000 ns	     18778	80004208	8b1a3613	sltiu	x12,x20,-1871	 x20:0x00000592 x12=0x00000001
     187815.000 ns	     18780	8000420c	033f7733	remu	x14,x30,x19	 x30:0x00000000 x19:0x00000000 x14=0x00000000
     187835.000 ns	     18782	80004210	01030233	add	x4,x6,x16	  x6:0x00000040 x16:0x00000000  x4=0x00000040
     187855.000 ns	     18784	80004214	a11ca3d3	feq.s	x7,f25,f17	 f25:0x41344f6f f17:0x42800000  x7=0x00000000
     187875.000 ns	     18786	80004218	196bc313	xori	x6,x23,406	 x23:0x00000000  x6=0x00000196
     187885.000 ns	     18787	8000421c	417e5913	srai	x18,x28,0x17	 x28:0xf0d589c1 x18=0xffffffe1
     187895.000 ns	     18788	80004220	4f6dee93	ori	x29,x27,1270	 x27:0x7fc00530 x29=0x7fc005f6
     187905.000 ns	     18789	80004224	a55b7e93	andi	x29,x22,-1451	 x22:0x00000000 x29=0x00000000
     187925.000 ns	     18791	80004228	a13f2853	feq.s	x16,f30,f19	 f30:0x7fc00000 f19:0x00000000 x16=0x00000000
     187955.000 ns	     18794	8000422c	2121acd3	fsgnjx.s	f25,f3,f18	  f3:0x00000000 f18:0x0000000c f25=0x00000000
     187975.000 ns	     18796	80004230	010e4a33	xor	x20,x28,x16	 x28:0xf0d589c1 x16:0x00000000 x20=0xf0d589c1
     187995.000 ns	     18798	80004234	02de93b3	mulh	x7,x29,x13	 x29:0x00000000 x13:0x00000001  x7=0x00000000
     188015.000 ns	     18800	80004238	01879f13	slli	x30,x15,0x18	 x15:0x00000001 x30=0x01000000
     188035.000 ns	     18802	8000423c	e0018ad3	fmv.x.w	x21,f3	  f3:0x00000000 x21=0x00000000
     188055.000 ns	     18804	80004240	00af7333	and	x6,x30,x10	 x30:0x00000000 x10:0x00000000  x6=0x00000000
     188075.000 ns	     18806	80004244	03d27e33	remu	x28,x4,x29	  x4:0x00000040 x29:0x00000000 x28=0x00000040
     188095.000 ns	     18808	80004248	b2486993	ori	x19,x16,-1244	 x16:0x00000000 x19=0xfffffb24
     188105.000 ns	     18809	8000424c	41f1df33	sra	x30,x3,x31	  x3:0xffffff86 x31:0x80041024 x30=0xfffffff8
     188125.000 ns	     18811	80004250	c005fe53	fcvt.w.s	x28,f11	 f11:0x80000000 x28=0x00000000
     188495.000 ns	     18848	80004254	032e7833	remu	x16,x28,x18	 x28:0x00000040 x18:0xffffffe1 x16=0x00000000
     188525.000 ns	     18851	80004258	d0012053	fcvt.s.w	f0,x2	  x2:0x00000000  f0=0x00000000
     188545.000 ns	     18853	8000425c	403f0933	sub	x18,x30,x3	 x30:0xfffffff8  x3:0xffffff86 x18=0x00000072
     188555.000 ns	     18854	80004260	67572913	slti	x18,x14,1653	 x14:0x00000000 x18=0x00000001
     188565.000 ns	     18855	80004264	40598bb3	sub	x23,x19,x5	 x19:0xfffffb24  x5:0xf0d585cf x23=0x0f2a7555
     188575.000 ns	     18856	80004268	415ca613	slti	x12,x25,1045	 x25:0x00000000 x12=0x00000001
     188585.000 ns	     18857	8000426c	59f1e317	auipc	x6,0x59f1e	  x6=0xd9f2226c
     188615.000 ns	     18860	80004270	114e74d3	fmul.s	f9,f28,f20	 f28:0x80000000 f20:0x7f800000  f9=0x7fc00000
     188645.000 ns	     18863	80004274	e00f8253	fmv.x.w	x4,f31	 f31:0x00000000  x4=0x00000000
     188675.000 ns	     18866	80004278	f0090fd3	fmv.w.x	f31,x18	 x18:0x00000001 f31=0x00000001
     188705.000 ns	     18869	8000427c	027ec1b3	div	x3,x29,x7	 x29:0x00000000  x7:0x00000000  x3=0xffffffff
     188735.000 ns	     18872	80004280	299f0953	fmin.s	f18,f30,f25	 f30:0x7fc00000 f25:0x00000000 f18=0x00000000
     188755.000 ns	     18874	80004284	f2b12593	slti	x11,x2,-213	  x2:0x00000000 x11=0x00000000
     188765.000 ns	     18875	80004288	eada0f37	lui	x30,0xeada0	 x30=0xeada0000
     188775.000 ns	     18876	8000428c	4170d993	srai	x19,x1,0x17	  x1:0x0000035e x19=0x00000000
     188805.000 ns	     18879	80004290	1940a6d3	fdiv.s	f13,f1,f20	  f1:0x00000000 f20:0x7f800000 f13=0x00000000
     188825.000 ns	     18881	80004294	4039db33	sra	x22,x19,x3	 x19:0xfffffb24  x3:0xffffffff x22=0x00000000
     188845.000 ns	     18883	80004298	c0081053	fcvt.w.s	x0,f16	 f16:0x3ffeff0c
     188875.000 ns	     18886	8000429c	02ff21b3	mulhsu	x3,x30,x15	 x30:0xeada0000 x15:0x00000001  x3=0xffffffff
     188915.000 ns	     18890	800042a0	102bf0d3	fmul.s	f1,f23,f2	 f23:0x1f350483  f2:0x00000001  f1=0x00000001
     188935.000 ns	     18892	800042a4	003e7d33	and	x26,x28,x3	 x28:0x00000000  x3:0xffffffff x26=0x00000000
     188945.000 ns	     18893	800042a8	40584a93	xori	x21,x16,1029	 x16:0x00000000 x21=0x00000405
     188955.000 ns	     18894	800042ac	4038d533	sra	x10,x17,x3	 x17:0x8f2e8a15  x3:0xffffffff x10=0xffffffff
     188975.000 ns	     18896	800042b0	02fdbbb3	mulhu	x23,x27,x15	 x27:0x7fc00530 x15:0x00000001 x23=0x00000000
     188995.000 ns	     18898	800042b4	ff4f8c13	addi	x24,x31,-12	 x31:0x80041024 x24=0x80041018
     189015.000 ns	     18900	800042b8	d00b89d3	fcvt.s.w	f19,x23	 x23:0x00000000 f19=0x00000000
     189065.000 ns	     18905	800042bc	084b75d3	fsub.s	f11,f22,f4	 f22:0x00000000  f4:0x80000000 f11=0x00000000
     189085.000 ns	     18907	800042c0	003161b3	or	x3,x2,x3	  x2:0x00000000  x3:0xffffffff  x3=0xffffffff
     189125.000 ns	     18911	800042c4	00cc76d3	fadd.s	f13,f24,f12	 f24:0x00000000 f12:0x00000001 f13=0x00000001
     189145.000 ns	     18913	800042c8	3dbe0213	addi	x4,x28,987	 x28:0x00000000  x4=0x000003db
     189155.000 ns	     18914	800042cc	4298e693	ori	x13,x17,1065	 x17:0x8f2e8a15 x13=0x8f2e8e3d
     189165.000 ns	     18915	800042d0	007d9693	slli	x13,x27,0x7	 x27:0x7fc00530 x13=0xe0029800
     189185.000 ns	     18917	800042d4	a04c8e53	fle.s	x28,f25,f4	 f25:0x00000000  f4:0x80000000 x28=0x00000001
     189235.000 ns	     18922	800042d8	09db44d3	fsub.s	f9,f22,f29	 f22:0x00000000 f29:0x00000001  f9=0x80000001
     189255.000 ns	     18924	800042dc	1d707bb7	lui	x23,0x1d707	 x23=0x1d707000
     189265.000 ns	     18925	800042e0	00d2b0b3	sltu	x1,x5,x13	  x5:0xf0d585cf x13:0xe0029800  x1=0x00000000
     189285.000 ns	     18927	800042e4	e0018253	fmv.x.w	x4,f3	  f3:0x00000000  x4=0x00000000
     189655.000 ns	     18964	800042e8	0256fab3	remu	x21,x13,x5	 x13:0xe0029800  x5:0xf0d585cf x21=0xe0029800
     189685.000 ns	     18967	800042ec	d00a1d53	fcvt.s.w	f26,x20	 x20:0xf0d589c1 f26=0xcd72a763
     189715.000 ns	     18970	800042f0	026abe33	mulhu	x28,x21,x6	 x21:0xe0029800  x6:0xd9f2226c x28=0xbeb6136a
     189735.000 ns	     18972	800042f4	74308613	addi	x12,x1,1859	  x1:0x00000000 x12=0x00000743
     189745.000 ns	     18973	800042f8	6fc4f793	andi	x15,x9,1788	  x9:0x80040fe4 x15=0x000006e4
     189755.000 ns	     18974	800042fc	002910b3	sll	x1,x18,x2	 x18:0x00000001  x2:0x00000000  x1=0x00000001
     189775.000 ns	     18976	80004300	e00c1053	fclass.s	x0,f24	 f24:0x00000000
     189795.000 ns	     18978	80004304	d1502e93	slti	x29,x0,-747	  x0:0x00000000 x29=0x00000000
     189815.000 ns	     18980	80004308	28b20cd3	fmin.s	f25,f4,f11	  f4:0x80000000 f11:0x00000000 f25=0x80000000
     189835.000 ns	     18982	8000430c	012df813	andi	x16,x27,18	 x27:0x7fc00530 x16=0x00000010
     189855.000 ns	     18984	80004310	e00a9dd3	fclass.s	x27,f21	 f21:0xff800000 x27=0x00000001
     189885.000 ns	     18987	80004314	282c9953	fmax.s	f18,f25,f2	 f25:0x80000000  f2:0x00000001 f18=0x00000001
     190255.000 ns	     19024	80004318	0213f433	remu	x8,x7,x1	  x7:0x00000000  x1:0x00000001  x8=0x00000000
     190285.000 ns	     19027	8000431c	03a008b3	mul	x17,x0,x26	  x0:0x00000000 x26:0x00000000 x17=0x00000000
     190305.000 ns	     19029	80004320	acf5b793	sltiu	x15,x11,-1329	 x11:0x00000000 x15=0x00000001
     190325.000 ns	     19031	80004324	a1450cd3	fle.s	x25,f10,f20	 f10:0x42800000 f20:0x7f800000 x25=0x00000001
     190355.000 ns	     19034	80004328	c003bc53	fcvt.w.s	x24,f7	  f7:0x7f800000 x24=0x7fffffff
     190375.000 ns	     19036	8000432c	beb10993	addi	x19,x2,-1045	  x2:0x00000000 x19=0xfffffbeb
     190395.000 ns	     19038	80004330	21cd1f53	fsgnjn.s	f30,f26,f28	 f26:0xcd72a763 f28:0x80000000 f30=0x4d72a763
     190415.000 ns	     19040	80004334	3fab3793	sltiu	x15,x22,1018	 x22:0x00000000 x15=0x00000001
     190435.000 ns	     19042	80004338	c00df1d3	fcvt.w.s	x3,f27	 f27:0x3f800000  x3=0x00000001
     190465.000 ns	     19045	8000433c	03032733	mulhsu	x14,x6,x16	  x6:0xd9f2226c x16:0x00000010 x14=0xfffffffd
     190495.000 ns	     19048	80004340	e0000b53	fmv.x.w	x22,f0	  f0:0x00000000 x22=0x00000000
     190515.000 ns	     19050	80004344	016843b3	xor	x7,x16,x22	 x16:0x00000010 x22:0x00000000  x7=0x00000010
     190525.000 ns	     19051	80004348	006458b3	srl	x17,x8,x6	  x8:0x00000000  x6:0xd9f2226c x17=0x00000000
     190885.000 ns	     19087	8000434c	0328f1b3	remu	x3,x17,x18	 x17:0x00000000 x18:0x00000001  x3=0x00000000
     191225.000 ns	     19121	80004350	18d720d3	fdiv.s	f1,f14,f13	 f14:0xbf800000 f13:0x00000001  f1=0xfe34b4b6
     191255.000 ns	     19124	80004354	e00e9053	fclass.s	x0,f29	 f29:0x00000001
     191275.000 ns	     19126	80004358	008078b3	and	x17,x0,x8	  x0:0x00000000  x8:0x00000000 x17=0x00000000
     191295.000 ns	     19128	8000435c	21370e53	fsgnj.s	f28,f14,f19	 f14:0xbf800000 f19:0x00000000 f28=0x3f800000
     191315.000 ns	     19130	80004360	f86bbb93	sltiu	x23,x23,-122	 x23:0x1d707000 x23=0x00000001
     191335.000 ns	     19132	80004364	29598fd3	fmin.s	f31,f19,f21	 f19:0x00000000 f21:0xff800000 f31=0xff800000
     191365.000 ns	     19135	80004368	21179953	fsgnjn.s	f18,f15,f17	 f15:0x44af0000 f17:0x42800000 f18=0xc4af0000
     191395.000 ns	     19138	8000436c	a0e18753	fle.s	x14,f3,f14	  f3:0x00000000 f14:0xbf800000 x14=0x00000000
     191765.000 ns	     19175	80004370	03c1d9b3	divu	x19,x3,x28	  x3:0x00000000 x28:0xbeb6136a x19=0x00000000
     191785.000 ns	     19177	80004374	003bbc33	sltu	x24,x23,x3	 x23:0x00000001  x3:0x00000000 x24=0x00000000
     192145.000 ns	     19213	80004378	021f4833	div	x16,x30,x1	 x30:0xeada0000  x1:0x00000001 x16=0xeada0000
     192175.000 ns	     19216	8000437c	e0019953	fclass.s	x18,f3	  f3:0x00000000 x18=0x00000010
     192195.000 ns	     19218	80004380	11a77793	andi	x15,x14,282	 x14:0x00000000 x15=0x00000000
     192205.000 ns	     19219	80004384	01dbde93	srli	x29,x23,0x1d	 x23:0x00000001 x29=0x00000000
     192225.000 ns	     19221	80004388	219398d3	fsgnjn.s	f17,f7,f25	  f7:0x7f800000 f25:0x80000000 f17=0x7f800000
     192255.000 ns	     19224	8000438c	03073ab3	mulhu	x21,x14,x16	 x14:0x00000000 x16:0xeada0000 x21=0x00000000
     192275.000 ns	     19226	80004390	38eb2e37	lui	x28,0x38eb2	 x28=0x38eb2000
     192285.000 ns	     19227	80004394	2bbd0813	addi	x16,x26,699	 x26:0x00000000 x16=0x000002bb
     192295.000 ns	     19228	80004398	00000013	addi	x0,x0,0	  x0:0x00000000
     192325.000 ns	     19231	8000439c	5801f9d3	fsqrt.s	f19,f3	  f3:0x00000000 f19=0x00000000
     192345.000 ns	     19233	800043a0	0f78a337	lui	x6,0xf78a	  x6=0x0f78a000
     192355.000 ns	     19234	800043a4	40605013	srai	x0,x0,0x6	  x0:0x00000000
     192375.000 ns	     19236	800043a8	e00a9153	fclass.s	x2,f21	 f21:0xff800000  x2=0x00000001
     192395.000 ns	     19238	800043ac	001b2e33	slt	x28,x22,x1	 x22:0x00000000  x1:0x00000001 x28=0x00000001
     192405.000 ns	     19239	800043b0	01608f33	add	x30,x1,x22	  x1:0x00000001 x22:0x00000000 x30=0x00000001
     192415.000 ns	     19240	800043b4	41ef0eb3	sub	x29,x30,x30	 x30:0xeada0000 x30:0xeada0000 x29=0x00000000
     192775.000 ns	     19276	800043b8	021fd533	divu	x10,x31,x1	 x31:0x80041024  x1:0x00000001 x10=0x80041024
     192795.000 ns	     19278	800043bc	0043bdb3	sltu	x27,x7,x4	  x7:0x00000010  x4:0x00000000 x27=0x00000000
     192805.000 ns	     19279	800043c0	41c1dc33	sra	x24,x3,x28	  x3:0x00000000 x28:0x00000001 x24=0x00000000
     192815.000 ns	     19280	800043c4	130d7393	andi	x7,x26,304	 x26:0x00000000  x7=0x00000000
     192845.000 ns	     19283	800043c8	11a57353	fmul.s	f6,f10,f26	 f10:0x42800000 f26:0xcd72a763  f6=0xd072a764
     192865.000 ns	     19285	800043cc	00771593	slli	x11,x14,0x7	 x14:0x00000000 x11=0x00000000
     192885.000 ns	     19287	800043d0	036b6db3	rem	x27,x22,x22	 x22:0x00000000 x22:0x00000000 x27=0x00000000
     192905.000 ns	     19289	800043d4	00000013	addi	x0,x0,0	  x0:0x00000000
     192925.000 ns	     19291	800043d8	21db29d3	fsgnjx.s	f19,f22,f29	 f22:0x00000000 f29:0x00000001 f19=0x00000000
     192955.000 ns	     19294	800043dc	0368f833	remu	x16,x17,x22	 x17:0x00000000 x22:0x00000000 x16=0x00000000
     192995.000 ns	     19298	800043e0	11d029d3	fmul.s	f19,f0,f29	  f0:0x00000000 f29:0x00000001 f19=0x00000000
     193025.000 ns	     19301	800043e4	e00795d3	fclass.s	x11,f15	 f15:0x44af0000 x11=0x00000040
     193045.000 ns	     19303	800043e8	01741a13	slli	x20,x8,0x17	  x8:0x00000000 x20=0x00000000
     193065.000 ns	     19305	800043ec	d01434d3	fcvt.s.wu	f9,x8	  x8:0x00000000  f9=0x00000000
     193095.000 ns	     19308	800043f0	292f11d3	fmax.s	f3,f30,f18	 f30:0x4d72a763 f18:0xc4af0000  f3=0x4d72a763
     193125.000 ns	     19311	800043f4	f00f8953	fmv.w.x	f18,x31	 x31:0x80041024 f18=0x80041024
     193155.000 ns	     19314	800043f8	02fce9b3	rem	x19,x25,x15	 x25:0x00000001 x15:0x00000000 x19=0x00000001
     193185.000 ns	     19317	800043fc	29f01253	fmax.s	f4,f0,f31	  f0:0x00000000 f31:0xff800000  f4=0x00000000
     193215.000 ns	     19320	80004400	29c40253	fmin.s	f4,f8,f28	  f8:0x00000530 f28:0x3f800000  f4=0x00000530
     193245.000 ns	     19323	80004404	0201aab3	mulhsu	x21,x3,x0	  x3:0x00000000  x0:0x00000000 x21=0x00000000
     193265.000 ns	     19325	80004408	f2d9d137	lui	x2,0xf2d9d	  x2=0xf2d9d000
     193285.000 ns	     19327	8000440c	a1de8e53	fle.s	x28,f29,f29	 f29:0x00000001 f29:0x00000001 x28=0x00000001
     193315.000 ns	     19330	80004410	02d398b3	mulh	x17,x7,x13	  x7:0x00000000 x13:0xe0029800 x17=0x00000000
     193345.000 ns	     19333	80004414	a0620253	fle.s	x4,f4,f6	  f4:0x00000530  f6:0xd072a764  x4=0x00000000
     193375.000 ns	     19336	80004418	d011f9d3	fcvt.s.wu	f19,x3	  x3:0x00000000 f19=0x00000000
     193425.000 ns	     19341	8000441c	08eaf9d3	fsub.s	f19,f21,f14	 f21:0xff800000 f14:0xbf800000 f19=0xff800000
     193465.000 ns	     19345	80004420	106abb53	fmul.s	f22,f21,f6	 f21:0xff800000  f6:0xd072a764 f22=0x7f800000
     193495.000 ns	     19348	80004424	c00e75d3	fcvt.w.s	x11,f28	 f28:0x3f800000 x11=0x00000001
     193515.000 ns	     19350	80004428	baabf593	andi	x11,x23,-1110	 x23:0x00000001 x11=0x00000000
     193525.000 ns	     19351	8000442c	d43aea13	ori	x20,x21,-701	 x21:0x00000000 x20=0xfffffd43
     193535.000 ns	     19352	80004430	77f6ba93	sltiu	x21,x13,1919	 x13:0xe0029800 x21=0x00000000
     193555.000 ns	     19354	80004434	20d72453	fsgnjx.s	f8,f14,f13	 f14:0xbf800000 f13:0x00000001  f8=0xbf800000
     193585.000 ns	     19357	80004438	d014afd3	fcvt.s.wu	f31,x9	  x9:0x80040fe4 f31=0x4f000410
     193615.000 ns	     19360	8000443c	28538a53	fmin.s	f20,f7,f5	  f7:0x7f800000  f5:0x00000001 f20=0x00000001
     193635.000 ns	     19362	80004440	01dadb93	srli	x23,x21,0x1d	 x21:0x00000000 x23=0x00000000
     193645.000 ns	     19363	80004444	287bf893	andi	x17,x23,647	 x23:0x00000001 x17=0x00000000
     193665.000 ns	     19365	80004448	02e4bf33	mulhu	x30,x9,x14	  x9:0x80040fe4 x14:0x00000000 x30=0x00000000
     193695.000 ns	     19368	8000444c	f0080153	fmv.w.x	f2,x16	 x16:0x00000000  f2=0x00000000
     193725.000 ns	     19371	80004450	201eafd3	fsgnjx.s	f31,f29,f1	 f29:0x00000001  f1:0xfe34b4b6 f31=0x80000001
     193775.000 ns	     19376	80004454	08f3b0d3	fsub.s	f1,f7,f15	  f7:0x7f800000 f15:0x44af0000  f1=0x7f800000
     193795.000 ns	     19378	80004458	001c2d33	slt	x26,x24,x1	 x24:0x00000000  x1:0x00000001 x26=0x00000001
     193825.000 ns	     19381	8000445c	11411ed3	fmul.s	f29,f2,f20	  f2:0x00000000 f20:0x00000001 f29=0x00000000
     193845.000 ns	     19383	80004460	01d0d433	srl	x8,x1,x29	  x1:0x00000001 x29:0x00000000  x8=0x00000001
     193865.000 ns	     19385	80004464	021d1333	mulh	x6,x26,x1	 x26:0x00000001  x1:0x00000001  x6=0x00000000
     193895.000 ns	     19388	80004468	020506b3	mul	x13,x10,x0	 x10:0x80041024  x0:0x00000000 x13=0x00000000
     193925.000 ns	     19391	8000446c	21c2a8d3	fsgnjx.s	f17,f5,f28	  f5:0x00000001 f28:0x3f800000 f17=0x00000001
     193955.000 ns	     19394	80004470	03af2e33	mulhsu	x28,x30,x26	 x30:0x00000000 x26:0x00000001 x28=0x00000000
     193985.000 ns	     19397	80004474	02e9a333	mulhsu	x6,x19,x14	 x19:0x00000001 x14:0x00000000  x6=0x00000000
     194005.000 ns	     19399	80004478	00f72533	slt	x10,x14,x15	 x14:0x00000000 x15:0x00000000 x10=0x00000000
     194015.000 ns	     19400	8000447c	225d3c93	sltiu	x25,x26,549	 x26:0x00000001 x25=0x00000001
     194035.000 ns	     19402	80004480	03e77f33	remu	x30,x14,x30	 x14:0x00000000 x30:0x00000000 x30=0x00000000
     194055.000 ns	     19404	80004484	017f9233	sll	x4,x31,x23	 x31:0x80041024 x23:0x00000000  x4=0x80041024
     194065.000 ns	     19405	80004488	00e75ab3	srl	x21,x14,x14	 x14:0x00000000 x14:0x00000000 x21=0x00000000
     194075.000 ns	     19406	8000448c	41db8433	sub	x8,x23,x29	 x23:0x00000000 x29:0x00000000  x8=0x00000000
     194095.000 ns	     19408	80004490	29d81e53	fmax.s	f28,f16,f29	 f16:0x3ffeff0c f29:0x00000000 f28=0x3ffeff0c
     194125.000 ns	     19411	80004494	28dd8553	fmin.s	f10,f27,f13	 f27:0x3f800000 f13:0x00000001 f10=0x00000001
     194155.000 ns	     19414	80004498	d01cc0d3	fcvt.s.wu	f1,x25	 x25:0x00000001  f1=0x3f800000
     194185.000 ns	     19417	8000449c	21a30353	fsgnj.s	f6,f6,f26	  f6:0xd072a764 f26:0xcd72a763  f6=0xd072a764
     194205.000 ns	     19419	800044a0	94046793	ori	x15,x8,-1728	  x8:0x00000000 x15=0xfffff940
     194225.000 ns	     19421	800044a4	e00280d3	fmv.x.w	x1,f5	  f5:0x00000001  x1=0x00000001
     194595.000 ns	     19458	800044a8	03287033	remu	x0,x16,x18	 x16:0x00000000 x18:0x00000010
     194615.000 ns	     19460	800044ac	003526b3	slt	x13,x10,x3	 x10:0x00000000  x3:0x00000000 x13=0x00000000
     194635.000 ns	     19462	800044b0	283f01d3	fmin.s	f3,f30,f3	 f30:0x4d72a763  f3:0x4d72a763  f3=0x4d72a763
     194655.000 ns	     19464	800044b4	bf6dd997	auipc	x19,0xbf6dd	 x19=0x3f6e14b4
     194675.000 ns	     19466	800044b8	217d9fd3	fsgnjn.s	f31,f27,f23	 f27:0x3f800000 f23:0x1f350483 f31=0xbf800000
     194695.000 ns	     19468	800044bc	0044d993	srli	x19,x9,0x4	  x9:0x80040fe4 x19=0x080040fe
     194715.000 ns	     19470	800044c0	21ef92d3	fsgnjn.s	f5,f31,f30	 f31:0xbf800000 f30:0x4d72a763  f5=0xbf800000
     194755.000 ns	     19474	800044c4	115a74d3	fmul.s	f9,f20,f21	 f20:0x00000001 f21:0xff800000  f9=0xff800000
     194805.000 ns	     19479	800044c8	0849fc53	fsub.s	f24,f19,f4	 f19:0xff800000  f4:0x00000530 f24=0xff800000
     194835.000 ns	     19482	800044cc	207408d3	fsgnj.s	f17,f8,f7	  f8:0xbf800000  f7:0x7f800000 f17=0x3f800000
     194865.000 ns	     19485	800044d0	a161a653	feq.s	x12,f3,f22	  f3:0x4d72a763 f22:0x7f800000 x12=0x00000000
     194885.000 ns	     19487	800044d4	fe7a3c93	sltiu	x25,x20,-25	 x20:0xfffffd43 x25=0x00000001
     194895.000 ns	     19488	800044d8	c02f7d13	andi	x26,x30,-1022	 x30:0x00000000 x26=0x00000000
     194915.000 ns	     19490	800044dc	210c2bd3	fsgnjx.s	f23,f24,f16	 f24:0xff800000 f16:0x3ffeff0c f23=0xff800000
     194945.000 ns	     19493	800044e0	28049853	fmax.s	f16,f9,f0	  f9:0xff800000  f0:0x00000000 f16=0x00000000
     194965.000 ns	     19495	800044e4	01df43b3	xor	x7,x30,x29	 x30:0x00000000 x29:0x00000000  x7=0x00000000
     194985.000 ns	     19497	800044e8	e0059a53	fclass.s	x20,f11	 f11:0x00000000 x20=0x00000010
     195025.000 ns	     19501	800044ec	1030f953	fmul.s	f18,f1,f3	  f1:0x3f800000  f3:0x4d72a763 f18=0x4d72a764
     195055.000 ns	     19504	800044f0	d00ef5d3	fcvt.s.w	f11,x29	 x29:0x00000000 f11=0x00000000
     195075.000 ns	     19506	800044f4	8ee1c513	xori	x10,x3,-1810	  x3:0x00000000 x10=0xfffff8ee
     195095.000 ns	     19508	800044f8	a10d9853	flt.s	x16,f27,f16	 f27:0x3f800000 f16:0x00000000 x16=0x00000000
     195115.000 ns	     19510	800044fc	40e800b3	sub	x1,x16,x14	 x16:0x00000000 x14:0x00000000  x1=0x00000000
     195475.000 ns	     19546	80004500	02ac7db3	remu	x27,x24,x10	 x24:0x00000000 x10:0xfffff8ee x27=0x00000000
     195505.000 ns	     19549	80004504	c0037153	fcvt.w.s	x2,f6	  f6:0xd072a764  x2=0x80000000
     195535.000 ns	     19552	80004508	28a69cd3	fmax.s	f25,f13,f10	 f13:0x00000001 f10:0x00000001 f25=0x00000001
     195555.000 ns	     19554	8000450c	01f85013	srli	x0,x16,0x1f	 x16:0x00000000
     195565.000 ns	     19555	80004510	de856c93	ori	x25,x10,-536	 x10:0xfffff8ee x25=0xfffffdee
     195575.000 ns	     19556	80004514	bc76cb13	xori	x22,x13,-1081	 x13:0x00000000 x22=0xfffffbc7
     195585.000 ns	     19557	80004518	00682033	slt	x0,x16,x6	 x16:0x00000000  x6:0x00000000
     195605.000 ns	     19559	8000451c	029ba5b3	mulhsu	x11,x23,x9	 x23:0x00000000  x9:0x80040fe4 x11=0x00000000
     195945.000 ns	     19593	80004520	186900d3	fdiv.s	f1,f18,f6	 f18:0x4d72a764  f6:0xd072a764  f1=0xbc72a764
     195965.000 ns	     19595	80004524	f666a217	auipc	x4,0xf666a	  x4=0x7666e524
     195985.000 ns	     19597	80004528	a0342c53	feq.s	x24,f8,f3	  f8:0xbf800000  f3:0x4d72a763 x24=0x00000000
     196005.000 ns	     19599	8000452c	41afde93	srai	x29,x31,0x1a	 x31:0x80041024 x29=0xffffffe0
     196015.000 ns	     19600	80004530	753b7a93	andi	x21,x22,1875	 x22:0xfffffbc7 x21=0x00000343
     196055.000 ns	     19604	80004534	09f21dd3	fsub.s	f27,f4,f31	  f4:0x00000530 f31:0xbf800000 f27=0x3f800000
     196075.000 ns	     19606	80004538	84d0a917	auipc	x18,0x84d0a	 x18=0x04d0e538
     196095.000 ns	     19608	8000453c	02c5e333	rem	x6,x11,x12	 x11:0x00000000 x12:0x00000000  x6=0x00000000
     196115.000 ns	     19610	80004540	7472a693	slti	x13,x5,1863	  x5:0xf0d585cf x13=0x00000001
     196125.000 ns	     19611	80004544	2974cd13	xori	x26,x9,663	  x9:0x80040fe4 x26=0x80040d73
     196135.000 ns	     19612	80004548	13ba8b13	addi	x22,x21,315	 x21:0x00000343 x22=0x0000047e
     196145.000 ns	     19613	8000454c	40ced633	sra	x12,x29,x12	 x29:0xffffffe0 x12:0x00000000 x12=0xffffffe0
     196165.000 ns	     19615	80004550	03c47333	remu	x6,x8,x28	  x8:0x00000000 x28:0x00000000  x6=0x00000000
     196185.000 ns	     19617	80004554	0040a113	slti	x2,x1,4	  x1:0x00000000  x2=0x00000001
     196195.000 ns	     19618	80004558	005f1a13	slli	x20,x30,0x5	 x30:0x00000000 x20=0x00000000
     196205.000 ns	     19619	8000455c	00919b93	slli	x23,x3,0x9	  x3:0x00000000 x23=0x00000000
     196215.000 ns	     19620	80004560	01861d93	slli	x27,x12,0x18	 x12:0xffffffe0 x27=0xe0000000
     196575.000 ns	     19656	80004564	025275b3	remu	x11,x4,x5	  x4:0x7666e524  x5:0xf0d585cf x11=0x7666e524
     196595.000 ns	     19658	80004568	00de8233	add	x4,x29,x13	 x29:0xffffffe0 x13:0x00000001  x4=0xffffffe1
     196605.000 ns	     19659	8000456c	00ae35b3	sltu	x11,x28,x10	 x28:0x00000000 x10:0xfffff8ee x11=0x00000001
     196615.000 ns	     19660	80004570	0038dc33	srl	x24,x17,x3	 x17:0x00000000  x3:0x00000000 x24=0x00000000
     196635.000 ns	     19662	80004574	298b1fd3	fmax.s	f31,f22,f24	 f22:0x7f800000 f24:0xff800000 f31=0x7f800000
     196665.000 ns	     19665	80004578	a0661e53	flt.s	x28,f12,f6	 f12:0x00000001  f6:0xd072a764 x28=0x00000000
     196705.000 ns	     19669	8000457c	10d3fb53	fmul.s	f22,f7,f13	  f7:0x7f800000 f13:0x00000001 f22=0x7f800000
     196725.000 ns	     19671	80004580	01d12733	slt	x14,x2,x29	  x2:0x00000001 x29:0xffffffe0 x14=0x00000000
     196745.000 ns	     19673	80004584	a0ac13d3	flt.s	x7,f24,f10	 f24:0xff800000 f10:0x00000001  x7=0x00000001
     196765.000 ns	     19675	80004588	00aeb733	sltu	x14,x29,x10	 x29:0xffffffe0 x10:0xfffff8ee x14=0x00000000
     196775.000 ns	     19676	8000458c	014a0f33	add	x30,x20,x20	 x20:0x00000000 x20:0x00000000 x30=0x00000000
     196785.000 ns	     19677	80004590	0193ccb3	xor	x25,x7,x25	  x7:0x00000001 x25:0xfffffdee x25=0xfffffdef
     197145.000 ns	     19713	80004594	03b0e533	rem	x10,x1,x27	  x1:0x00000000 x27:0xe0000000 x10=0x00000000
     197175.000 ns	     19716	80004598	a0841ed3	flt.s	x29,f8,f8	  f8:0xbf800000  f8:0xbf800000 x29=0x00000000
     197205.000 ns	     19719	8000459c	218627d3	fsgnjx.s	f15,f12,f24	 f12:0x00000001 f24:0xff800000 f15=0x80000001
     197225.000 ns	     19721	800045a0	570d3e93	sltiu	x29,x26,1392	 x26:0x80040d73 x29=0x00000000
     197245.000 ns	     19723	800045a4	21148ad3	fsgnj.s	f21,f9,f17	  f9:0xff800000 f17:0x3f800000 f21=0x7f800000
     197265.000 ns	     19725	800045a8	41be5733	sra	x14,x28,x27	 x28:0x00000000 x27:0xe0000000 x14=0x00000000
     197295.000 ns	     19728	800045ac	19e99cd3	fdiv.s	f25,f19,f30	 f19:0xff800000 f30:0x4d72a763 f25=0xff800000
     197325.000 ns	     19731	800045b0	f00f0353	fmv.w.x	f6,x30	 x30:0x00000000  f6=0x00000000
     197345.000 ns	     19733	800045b4	00000013	addi	x0,x0,0	  x0:0x00000000
     197365.000 ns	     19735	800045b8	a0aa0cd3	fle.s	x25,f20,f10	 f20:0x00000001 f10:0x00000001 x25=0x00000001
     197385.000 ns	     19737	800045bc	01404633	xor	x12,x0,x20	  x0:0x00000000 x20:0x00000000 x12=0x00000000
     197395.000 ns	     19738	800045c0	00f5acb3	slt	x25,x11,x15	 x11:0x00000001 x15:0xfffff940 x25=0x00000000
     197415.000 ns	     19740	800045c4	281d0f53	fmin.s	f30,f26,f1	 f26:0xcd72a763  f1:0xbc72a764 f30=0xcd72a763
     197455.000 ns	     19744	800045c8	58017553	fsqrt.s	f10,f2	  f2:0x00000000 f10=0x00000000
     197475.000 ns	     19746	800045cc	01aed793	srli	x15,x29,0x1a	 x29:0x00000000 x15=0x00000000
     197495.000 ns	     19748	800045d0	28721253	fmax.s	f4,f4,f7	  f4:0x00000530  f7:0x7f800000  f4=0x7f800000
     197525.000 ns	     19751	800045d4	031af533	remu	x10,x21,x17	 x21:0x00000343 x17:0x00000000 x10=0x00000343
     197575.000 ns	     19756	800045d8	002f3853	fadd.s	f16,f30,f2	 f30:0xcd72a763  f2:0x00000000 f16=0xcd72a763
     197605.000 ns	     19759	800045dc	215983d3	fsgnj.s	f7,f19,f21	 f19:0xff800000 f21:0x7f800000  f7=0x7f800000
     198595.000 ns	     19858	800045e0	58097ed3	fsqrt.s	f29,f18	 f18:0x4d72a764 f29=0x462b94f8
     198645.000 ns	     19863	800045e4	097a9b53	fsub.s	f22,f21,f23	 f21:0x7f800000 f23:0xff800000 f22=0x00000000
     198665.000 ns	     19865	800045e8	5117bb13	sltiu	x22,x15,1297	 x15:0x00000000 x22=0x00000001
     198675.000 ns	     19866	800045ec	00000013	addi	x0,x0,0	  x0:0x00000000
     198695.000 ns	     19868	800045f0	d018a5d3	fcvt.s.wu	f11,x17	 x17:0x00000000 f11=0x00000000
     198715.000 ns	     19870	800045f4	00000013	addi	x0,x0,0	  x0:0x00000000
     198735.000 ns	     19872	800045f8	020a5933	divu	x18,x20,x0	 x20:0x00000000  x0:0x00000000 x18=0xffffffff
     198775.000 ns	     19876	800045fc	19978bd3	fdiv.s	f23,f15,f25	 f15:0x80000001 f25:0xff800000 f23=0x00000000
     198795.000 ns	     19878	80004600	af844093	xori	x1,x8,-1288	  x8:0x00000000  x1=0xfffffaf8
     198805.000 ns	     19879	80004604	0b575217	auipc	x4,0xb575	  x4=0x8b579604
     198845.000 ns	     19883	80004608	017ef8d3	fadd.s	f17,f29,f23	 f29:0x462b94f8 f23:0x00000000 f17=0x462b94f8
     198875.000 ns	     19886	8000460c	d017a053	fcvt.s.wu	f0,x15	 x15:0x00000000  f0=0x00000000
     198925.000 ns	     19891	80004610	0830f653	fsub.s	f12,f1,f3	  f1:0xbc72a764  f3:0x4d72a763 f12=0xcd72a763
     198945.000 ns	     19893	80004614	01d548b3	xor	x17,x10,x29	 x10:0x00000343 x29:0x00000000 x17=0x00000343
     198965.000 ns	     19895	80004618	e0011a53	fclass.s	x20,f2	  f2:0x00000000 x20=0x00000010
     199005.000 ns	     19899	8000461c	193ff853	fdiv.s	f16,f31,f19	 f31:0x7f800000 f19:0xff800000 f16=0x7fc00000
     199025.000 ns	     19901	80004620	f3fa3413	sltiu	x8,x20,-193	 x20:0x00000010  x8=0x00000001
     199035.000 ns	     19902	80004624	91b6b593	sltiu	x11,x13,-1765	 x13:0x00000001 x11=0x00000001
     199045.000 ns	     19903	80004628	002d1193	slli	x3,x26,0x2	 x26:0x80040d73  x3=0x001035cc
     199055.000 ns	     19904	8000462c	011261b3	or	x3,x4,x17	  x4:0x8b579604 x17:0x00000343  x3=0x8b579747
     199075.000 ns	     19906	80004630	d00f7a53	fcvt.s.w	f20,x30	 x30:0x00000000 f20=0x00000000
     199105.000 ns	     19909	80004634	024527b3	mulhsu	x15,x10,x4	 x10:0x00000343  x4:0x8b579604 x15=0x000001c6
     199475.000 ns	     19946	80004638	029ee433	rem	x8,x29,x9	 x29:0x00000000  x9:0x80040fe4  x8=0x00000000
     199495.000 ns	     19948	8000463c	4212de17	auipc	x28,0x4212d	 x28=0xc213163c
     199515.000 ns	     19950	80004640	039c0a33	mul	x20,x24,x25	 x24:0x00000000 x25:0x00000000 x20=0x00000000
     199535.000 ns	     19952	80004644	01739a93	slli	x21,x7,0x17	  x7:0x00000001 x21=0x00800000
     199545.000 ns	     19953	80004648	00cb5ab3	srl	x21,x22,x12	 x22:0x00000001 x12:0x00000000 x21=0x00000001
     199555.000 ns	     19954	8000464c	01d39733	sll	x14,x7,x29	  x7:0x00000001 x29:0x00000000 x14=0x00000001
     199575.000 ns	     19956	80004650	03897cb3	remu	x25,x18,x24	 x18:0xffffffff x24:0x00000000 x25=0xffffffff
     199595.000 ns	     19958	80004654	00000013	addi	x0,x0,0	  x0:0x00000000
     199955.000 ns	     19994	80004658	0217de33	divu	x28,x15,x1	 x15:0x000001c6  x1:0xfffffaf8 x28=0x00000000
     199985.000 ns	     19997	8000465c	a0ea9453	flt.s	x8,f21,f14	 f21:0x7f800000 f14:0xbf800000  x8=0x00000000
     200005.000 ns	     19999	80004660	48e97913	andi	x18,x18,1166	 x18:0xffffffff x18=0x0000048e
     200025.000 ns	     20001	80004664	03d9bc33	mulhu	x24,x19,x29	 x19:0x080040fe x29:0x00000000 x24=0x00000000
     200055.000 ns	     20004	80004668	d00affd3	fcvt.s.w	f31,x21	 x21:0x00000001 f31=0x3f800000
     200075.000 ns	     20006	8000466c	00fca6b3	slt	x13,x25,x15	 x25:0xffffffff x15:0x000001c6 x13=0x00000001
     200435.000 ns	     20042	80004670	022c5ab3	divu	x21,x24,x2	 x24:0x00000000  x2:0x00000001 x21=0x00000000
     200465.000 ns	     20045	80004674	a0cb1053	flt.s	x0,f22,f12	 f22:0x00000000 f12:0xcd72a763
     200485.000 ns	     20047	80004678	ca227213	andi	x4,x4,-862	  x4:0x8b579604  x4=0x8b579400
     200505.000 ns	     20049	8000467c	297608d3	fmin.s	f17,f12,f23	 f12:0xcd72a763 f23:0x00000000 f17=0xcd72a763
     200525.000 ns	     20051	80004680	018c1c13	slli	x24,x24,0x18	 x24:0x00000000 x24=0x00000000
     200545.000 ns	     20053	80004684	02c03533	mulhu	x10,x0,x12	  x0:0x00000000 x12:0x00000000 x10=0x00000000
     200565.000 ns	     20055	80004688	0128a8b3	slt	x17,x17,x18	 x17:0x00000343 x18:0x0000048e x17=0x00000001
     200585.000 ns	     20057	8000468c	2020ab53	fsgnjx.s	f22,f1,f2	  f1:0xbc72a764  f2:0x00000000 f22=0xbc72a764
     200605.000 ns	     20059	80004690	316b6913	ori	x18,x22,790	 x22:0x00000001 x18=0x00000317
     200625.000 ns	     20061	80004694	d01c9d53	fcvt.s.wu	f26,x25	 x25:0xffffffff f26=0x4f7fffff
     200675.000 ns	     20066	80004698	004cb453	fadd.s	f8,f25,f4	 f25:0xff800000  f4:0x7f800000  f8=0x00000000
     200705.000 ns	     20069	8000469c	f00c0953	fmv.w.x	f18,x24	 x24:0x00000000 f18=0x00000000
     200725.000 ns	     20071	800046a0	018edb33	srl	x22,x29,x24	 x29:0x00000000 x24:0x00000000 x22=0x00000000
     200755.000 ns	     20074	800046a4	1065c9d3	fmul.s	f19,f11,f6	 f11:0x00000000  f6:0x00000000 f19=0x00000000
     200785.000 ns	     20077	800046a8	297991d3	fmax.s	f3,f19,f23	 f19:0xff800000 f23:0x00000000  f3=0x00000000
     200805.000 ns	     20079	800046ac	23dbcc93	xori	x25,x23,573	 x23:0x00000000 x25=0x0000023d
     201135.000 ns	     20112	800046b0	19ed3f53	fdiv.s	f30,f26,f30	 f26:0x4f7fffff f30:0xcd72a763 f30=0xc1800000
     201165.000 ns	     20115	800046b4	0342ceb3	div	x29,x5,x20	  x5:0xf0d585cf x20:0x00000000 x29=0xffffffff
     201195.000 ns	     20118	800046b8	29d21153	fmax.s	f2,f4,f29	  f4:0x7f800000 f29:0x462b94f8  f2=0x7f800000
     201215.000 ns	     20120	800046bc	2c0c2c37	lui	x24,0x2c0c2	 x24=0x2c0c2000
     201225.000 ns	     20121	800046c0	5573ac93	slti	x25,x7,1367	  x7:0x00000001 x25=0x00000001
     201245.000 ns	     20123	800046c4	c0034853	fcvt.w.s	x16,f6	  f6:0x00000000 x16=0x00000000
     201285.000 ns	     20127	800046c8	10a98dd3	fmul.s	f27,f19,f10	 f19:0x00000000 f10:0x00000000 f27=0x00000000
     201305.000 ns	     20129	800046cc	cd6e3393	sltiu	x7,x28,-810	 x28:0x00000000  x7=0x00000001
     201315.000 ns	     20130	800046d0	012b9913	slli	x18,x23,0x12	 x23:0x00000000 x18=0x00000000
     201335.000 ns	     20132	800046d4	0296b833	mulhu	x16,x13,x9	 x13:0x00000001  x9:0x80040fe4 x16=0x00000000
     201355.000 ns	     20134	800046d8	41008233	sub	x4,x1,x16	  x1:0xfffffaf8 x16:0x00000000  x4=0xfffffaf8
     201365.000 ns	     20135	800046dc	00000013	addi	x0,x0,0	  x0:0x00000000
     201405.000 ns	     20139	800046e0	08ca7053	fsub.s	f0,f20,f12	 f20:0x00000000 f12:0xcd72a763  f0=0x4d72a763
     201425.000 ns	     20141	800046e4	017abf33	sltu	x30,x21,x23	 x21:0x00000000 x23:0x00000000 x30=0x00000000
     201445.000 ns	     20143	800046e8	d00dfed3	fcvt.s.w	f29,x27	 x27:0xe0000000 f29=0xce000000
     201815.000 ns	     20180	800046ec	0339e433	rem	x8,x19,x19	 x19:0x080040fe x19:0x080040fe  x8=0x00000000
     201845.000 ns	     20183	800046f0	032cc733	div	x14,x25,x18	 x25:0x00000001 x18:0x00000000 x14=0xffffffff
     201895.000 ns	     20188	800046f4	088a1153	fsub.s	f2,f20,f8	 f20:0x00000000  f8:0x00000000  f2=0x80000000
     201915.000 ns	     20190	800046f8	c701ecb7	lui	x25,0xc701e	 x25=0xc701e000
     201925.000 ns	     20191	800046fc	01f1b513	sltiu	x10,x3,31	  x3:0x8b579747 x10=0x00000000
     201935.000 ns	     20192	80004700	01e0e9b3	or	x19,x1,x30	  x1:0xfffffaf8 x30:0x00000000 x19=0xfffffaf8
     201955.000 ns	     20194	80004704	21e5a2d3	fsgnjx.s	f5,f11,f30	 f11:0x00000000 f30:0xc1800000  f5=0x80000000
     201985.000 ns	     20197	80004708	e0019053	fclass.s	x0,f3	  f3:0x00000000
     202005.000 ns	     20199	8000470c	40aedc93	srai	x25,x29,0xa	 x29:0xffffffff x25=0xffffffff
     202015.000 ns	     20200	80004710	6b99b713	sltiu	x14,x19,1721	 x19:0xfffffaf8 x14=0x00000000
     202035.000 ns	     20202	80004714	201c92d3	fsgnjn.s	f5,f25,f1	 f25:0xff800000  f1:0xbc72a764  f5=0x7f800000
     202075.000 ns	     20206	80004718	1847f853	fdiv.s	f16,f15,f4	 f15:0x80000001  f4:0x7f800000 f16=0x80000000
     202445.000 ns	     20243	8000471c	02797bb3	remu	x23,x18,x7	 x18:0x00000000  x7:0x00000001 x23=0x00000000
     202475.000 ns	     20246	80004720	02779233	mulh	x4,x15,x7	 x15:0x000001c6  x7:0x00000001  x4=0x00000000
     202845.000 ns	     20283	80004724	025bc633	div	x12,x23,x5	 x23:0x00000000  x5:0xf0d585cf x12=0x00000000
     202865.000 ns	     20285	80004728	004dd893	srli	x17,x27,0x4	 x27:0xe0000000 x17=0x0e000000
     202885.000 ns	     20287	8000472c	03122633	mulhsu	x12,x4,x17	  x4:0x00000000 x17:0x00000001 x12=0x00000000
     202915.000 ns	     20290	80004730	a1002153	feq.s	x2,f0,f16	  f0:0x4d72a763 f16:0x80000000  x2=0x00000000
     203285.000 ns	     20327	80004734	02beff33	remu	x30,x29,x11	 x29:0xffffffff x11:0x00000001 x30=0x00000000
     203315.000 ns	     20330	80004738	f00581d3	fmv.w.x	f3,x11	 x11:0x00000001  f3=0x00000001
     203335.000 ns	     20332	8000473c	94176bb7	lui	x23,0x94176	 x23=0x94176000
     203345.000 ns	     20333	80004740	9a892537	lui	x10,0x9a892	 x10=0x9a892000
     203365.000 ns	     20335	80004744	290f9353	fmax.s	f6,f31,f16	 f31:0x3f800000 f16:0x80000000  f6=0x3f800000
     203385.000 ns	     20337	80004748	418dd233	sra	x4,x27,x24	 x27:0xe0000000 x24:0x2c0c2000  x4=0xe0000000
     203395.000 ns	     20338	8000474c	014d9893	slli	x17,x27,0x14	 x27:0xe0000000 x17=0x00000000
     203435.000 ns	     20342	80004750	00d787d3	fadd.s	f15,f15,f13	 f15:0x80000001 f13:0x00000001 f15=0x00000000
     203455.000 ns	     20344	80004754	562d4c13	xori	x24,x26,1378	 x26:0x80040d73 x24=0x80040811
     203495.000 ns	     20348	80004758	01f5f3d3	fadd.s	f7,f11,f31	 f11:0x00000000 f31:0x3f800000  f7=0x3f800000
     203525.000 ns	     20351	8000475c	207282d3	fsgnj.s	f5,f5,f7	  f5:0x7f800000  f7:0x7f800000  f5=0x7f800000
     203555.000 ns	     20354	80004760	e0008ed3	fmv.x.w	x29,f1	  f1:0xbc72a764 x29=0xbc72a764
     203575.000 ns	     20356	80004764	0029df33	srl	x30,x19,x2	 x19:0xfffffaf8  x2:0x00000000 x30=0xfffffaf8
     203615.000 ns	     20360	80004768	00961453	fadd.s	f8,f12,f9	 f12:0xcd72a763  f9:0xff800000  f8=0xff800000
     203645.000 ns	     20363	8000476c	031c3333	mulhu	x6,x24,x17	 x24:0x80040811 x17:0x00000000  x6=0x00000000
     203665.000 ns	     20365	80004770	00e4dd33	srl	x26,x9,x14	  x9:0x80040fe4 x14:0x00000000 x26=0x80040fe4
     203685.000 ns	     20367	80004774	f00282d3	fmv.w.x	f5,x5	  x5:0xf0d585cf  f5=0xf0d585cf
     203715.000 ns	     20370	80004778	28939bd3	fmax.s	f23,f7,f9	  f7:0x3f800000  f9:0xff800000 f23=0x3f800000
     203735.000 ns	     20372	8000477c	f77de993	ori	x19,x27,-137	 x27:0xe0000000 x19=0xffffff77
     203745.000 ns	     20373	80004780	00233e33	sltu	x28,x6,x2	  x6:0x00000000  x2:0x00000000 x28=0x00000000
     203765.000 ns	     20375	80004784	e0070b53	fmv.x.w	x22,f14	 f14:0xbf800000 x22=0xbf800000
     203795.000 ns	     20378	80004788	a13d2953	feq.s	x18,f26,f19	 f26:0x4f7fffff f19:0x00000000 x18=0x00000000
     203825.000 ns	     20381	8000478c	283b9bd3	fmax.s	f23,f23,f3	 f23:0x3f800000  f3:0x00000001 f23=0x3f800000
     203865.000 ns	     20385	80004790	58094dd3	fsqrt.s	f27,f18	 f18:0x00000000 f27=0x00000000
     203895.000 ns	     20388	80004794	29658ad3	fmin.s	f21,f11,f22	 f11:0x00000000 f22:0xbc72a764 f21=0xbc72a764
     203925.000 ns	     20391	80004798	e00081d3	fmv.x.w	x3,f1	  f1:0xbc72a764  x3=0xbc72a764
     203955.000 ns	     20394	8000479c	21f91253	fsgnjn.s	f4,f18,f31	 f18:0x00000000 f31:0x3f800000  f4=0x80000000
     203985.000 ns	     20397	800047a0	f0000f53	fmv.w.x	f30,x0	  x0:0x00000000 f30=0x00000000
     204015.000 ns	     20400	800047a4	286c94d3	fmax.s	f9,f25,f6	 f25:0xff800000  f6:0x3f800000  f9=0x3f800000
     204045.000 ns	     20403	800047a8	c0167653	fcvt.wu.s	x12,f12	 f12:0xcd72a763 x12=0x0f2a7630
     204065.000 ns	     20405	800047ac	0b167693	andi	x13,x12,177	 x12:0x00000000 x13=0x00000030
     204085.000 ns	     20407	800047b0	a17c0d53	fle.s	x26,f24,f23	 f24:0xff800000 f23:0x3f800000 x26=0x00000001
     204115.000 ns	     20410	800047b4	21da1c53	fsgnjn.s	f24,f20,f29	 f20:0x00000000 f29:0xce000000 f24=0x00000000
     204135.000 ns	     20412	800047b8	006b28b3	slt	x17,x22,x6	 x22:0xbf800000  x6:0x00000000 x17=0x00000001
     204155.000 ns	     20414	800047bc	f0000a53	fmv.w.x	f20,x0	  x0:0x00000000 f20=0x00000000
     204175.000 ns	     20416	800047c0	01595733	srl	x14,x18,x21	 x18:0x00000000 x21:0x00000000 x14=0x00000000
     204185.000 ns	     20417	800047c4	00a61413	slli	x8,x12,0xa	 x12:0x0f2a7630  x8=0xa9d8c000
     204225.000 ns	     20421	800047c8	0085b953	fadd.s	f18,f11,f8	 f11:0x00000000  f8:0xff800000 f18=0xff800000
     204245.000 ns	     20423	800047cc	0092a0b3	slt	x1,x5,x9	  x5:0xf0d585cf  x9:0x80040fe4  x1=0x00000000
     204255.000 ns	     20424	800047d0	401f8e33	sub	x28,x31,x1	 x31:0x80041024  x1:0xfffffaf8 x28=0x80041024
     204275.000 ns	     20426	800047d4	a00cabd3	feq.s	x23,f25,f0	 f25:0xff800000  f0:0x4d72a763 x23=0x00000000
     204295.000 ns	     20428	800047d8	3d4d7b93	andi	x23,x26,980	 x26:0x00000001 x23=0x00000000
     204315.000 ns	     20430	800047dc	29ab9fd3	fmax.s	f31,f23,f26	 f23:0x3f800000 f26:0x4f7fffff f31=0x4f7fffff
     204345.000 ns	     20433	800047e0	0326e0b3	rem	x1,x13,x18	 x13:0x00000030 x18:0x00000000  x1=0x00000030
     204365.000 ns	     20435	800047e4	000c7633	and	x12,x24,x0	 x24:0x80040811  x0:0x00000000 x12=0x00000000
     204385.000 ns	     20437	800047e8	a0059ad3	flt.s	x21,f11,f0	 f11:0x00000000  f0:0x4d72a763 x21=0x00000001
     204405.000 ns	     20439	800047ec	016e08b3	add	x17,x28,x22	 x28:0x80041024 x22:0xbf800000 x17=0x3f841024
     204415.000 ns	     20440	800047f0	41e5d413	srai	x8,x11,0x1e	 x11:0x00000001  x8=0x00000000
     204425.000 ns	     20441	800047f4	11347513	andi	x10,x8,275	  x8:0xa9d8c000 x10=0x00000000
     204435.000 ns	     20442	800047f8	834aeeb7	lui	x29,0x834ae	 x29=0x834ae000
     204445.000 ns	     20443	800047fc	01751533	sll	x10,x10,x23	 x10:0x9a892000 x23:0x00000000 x10=0x00000000
     204455.000 ns	     20444	80004800	00181633	sll	x12,x16,x1	 x16:0x00000000  x1:0x00000030 x12=0x00000000
     204475.000 ns	     20446	80004804	03f9bbb3	mulhu	x23,x19,x31	 x19:0xffffff77 x31:0x80041024 x23=0x80040fdf
     204515.000 ns	     20450	80004808	11a9c1d3	fmul.s	f3,f19,f26	 f19:0x00000000 f26:0x4f7fffff  f3=0x00000000
     204545.000 ns	     20453	8000480c	03a51733	mulh	x14,x10,x26	 x10:0x00000000 x26:0x00000001 x14=0x00000000
     204575.000 ns	     20456	80004810	03361633	mulh	x12,x12,x19	 x12:0x00000000 x19:0xffffff77 x12=0x00000000
     204595.000 ns	     20458	80004814	b3447697	auipc	x13,0xb3447	 x13=0x3344b814
     204615.000 ns	     20460	80004818	032b2eb3	mulhsu	x29,x22,x18	 x22:0xbf800000 x18:0x00000000 x29=0x00000000
     204665.000 ns	     20465	8000481c	000b9ed3	fadd.s	f29,f23,f0	 f23:0x3f800000  f0:0x4d72a763 f29=0x4d72a763
     204695.000 ns	     20468	80004820	02c6dbb3	divu	x23,x13,x12	 x13:0x3344b814 x12:0x00000000 x23=0xffffffff
     204715.000 ns	     20470	80004824	62caf693	andi	x13,x21,1580	 x21:0x00000001 x13=0x00000000
     204725.000 ns	     20471	80004828	01da3d33	sltu	x26,x20,x29	 x20:0x00000000 x29:0x00000000 x26=0x00000000
     204745.000 ns	     20473	8000482c	d0140253	fcvt.s.wu	f4,x8	  x8:0x00000000  f4=0x00000000
     204765.000 ns	     20475	80004830	00000013	addi	x0,x0,0	  x0:0x00000000
     204775.000 ns	     20476	80004834	011b5133	srl	x2,x22,x17	 x22:0xbf800000 x17:0x3f841024  x2=0x0bf80000
     204805.000 ns	     20479	80004838	11bb4553	fmul.s	f10,f22,f27	 f22:0xbc72a764 f27:0x00000000 f10=0x80000000
     205175.000 ns	     20516	8000483c	037a45b3	div	x11,x20,x23	 x20:0x00000000 x23:0xffffffff x11=0x00000000
     205205.000 ns	     20519	80004840	21d498d3	fsgnjn.s	f17,f9,f29	  f9:0x3f800000 f29:0x4d72a763 f17=0xbf800000
     205225.000 ns	     20521	80004844	236a3217	auipc	x4,0x236a3	  x4=0xa36a7844
     205235.000 ns	     20522	80004848	00c7ee33	or	x28,x15,x12	 x15:0x000001c6 x12:0x00000000 x28=0x000001c6
     205255.000 ns	     20524	8000484c	28ce95d3	fmax.s	f11,f29,f12	 f29:0x4d72a763 f12:0xcd72a763 f11=0x4d72a763
     205275.000 ns	     20526	80004850	b59bca97	auipc	x21,0xb59bc	 x21=0x359c0850
     205605.000 ns	     20559	80004854	19d67a53	fdiv.s	f20,f12,f29	 f12:0xcd72a763 f29:0x4d72a763 f20=0xbf72a764
     205625.000 ns	     20561	80004858	6d89b793	sltiu	x15,x19,1752	 x19:0xffffff77 x15=0x00000000
     205645.000 ns	     20563	8000485c	283d97d3	fmax.s	f15,f27,f3	 f27:0x00000000  f3:0x00000000 f15=0x00000000
     205665.000 ns	     20565	80004860	41305193	srai	x3,x0,0x13	  x0:0x00000000  x3=0x00000000
     205675.000 ns	     20566	80004864	71abb613	sltiu	x12,x23,1818	 x23:0xffffffff x12=0x00000000
     205685.000 ns	     20567	80004868	015f2533	slt	x10,x30,x21	 x30:0xfffffaf8 x21:0x359c0850 x10=0x00000001
     206045.000 ns	     20603	8000486c	039be0b3	rem	x1,x23,x25	 x23:0xffffffff x25:0xffffffff  x1=0x00000000
     206095.000 ns	     20608	80004870	097ff3d3	fsub.s	f7,f31,f23	 f31:0x4f7fffff f23:0x3f800000  f7=0x4f7ffffe
     206125.000 ns	     20611	80004874	02c736b3	mulhu	x13,x14,x12	 x14:0x00000000 x12:0x00000000 x13=0x00000000
     206145.000 ns	     20613	80004878	0039a833	slt	x16,x19,x3	 x19:0xffffff77  x3:0x00000000 x16=0x00000001
     206185.000 ns	     20617	8000487c	009878d3	fadd.s	f17,f16,f9	 f16:0x80000000  f9:0x3f800000 f17=0x3f800000
     206215.000 ns	     20620	80004880	20ef2553	fsgnjx.s	f10,f30,f14	 f30:0x00000000 f14:0xbf800000 f10=0x80000000
     206255.000 ns	     20624	80004884	18469fd3	fdiv.s	f31,f13,f4	 f13:0x00000001  f4:0x00000000 f31=0x7f800000
     206285.000 ns	     20627	80004888	f00408d3	fmv.w.x	f17,x8	  x8:0x00000000 f17=0x00000000
     206305.000 ns	     20629	8000488c	413dd833	sra	x16,x27,x19	 x27:0xe0000000 x19:0xffffff77 x16=0xffffffc0
     206325.000 ns	     20631	80004890	e00a10d3	fclass.s	x1,f20	 f20:0xbf72a764  x1=0x00000002
     206355.000 ns	     20634	80004894	03070a33	mul	x20,x14,x16	 x14:0x00000000 x16:0x00000001 x20=0x00000000
     206405.000 ns	     20639	80004898	01fe43d3	fadd.s	f7,f28,f31	 f28:0x3ffeff0c f31:0x7f800000  f7=0x7f800000
     206425.000 ns	     20641	8000489c	401cf793	andi	x15,x25,1025	 x25:0xffffffff x15=0x00000401
     206435.000 ns	     20642	800048a0	00000013	addi	x0,x0,0	  x0:0x00000000
     206445.000 ns	     20643	800048a4	764ae993	ori	x19,x21,1892	 x21:0x359c0850 x19=0x359c0f74
     206805.000 ns	     20679	800048a8	030c65b3	rem	x11,x24,x16	 x24:0x80040811 x16:0xffffffc0 x11=0xffffffd1
     206825.000 ns	     20681	800048ac	acf8aa13	slti	x20,x17,-1329	 x17:0x3f841024 x20=0x00000000
     206845.000 ns	     20683	800048b0	28691fd3	fmax.s	f31,f18,f6	 f18:0xff800000  f6:0x3f800000 f31=0x3f800000
     206865.000 ns	     20685	800048b4	011f9d93	slli	x27,x31,0x11	 x31:0x80041024 x27=0x20480000
     206875.000 ns	     20686	800048b8	ed9d8a93	addi	x21,x27,-295	 x27:0xe0000000 x21=0x2047fed9
     206885.000 ns	     20687	800048bc	00dc3ab3	sltu	x21,x24,x13	 x24:0x80040811 x13:0x00000000 x21=0x00000000
     206905.000 ns	     20689	800048c0	2104aad3	fsgnjx.s	f21,f9,f16	  f9:0x3f800000 f16:0x80000000 f21=0xbf800000
     206925.000 ns	     20691	800048c4	aa01a813	slti	x16,x3,-1376	  x3:0x00000000 x16=0x00000000
     206935.000 ns	     20692	800048c8	90eb6993	ori	x19,x22,-1778	 x22:0xbf800000 x19=0xfffff90e
     206945.000 ns	     20693	800048cc	0175c633	xor	x12,x11,x23	 x11:0xffffffd1 x23:0xffffffff x12=0x0000002e
     206955.000 ns	     20694	800048d0	47e20413	addi	x8,x4,1150	  x4:0xa36a7844  x8=0xa36a7cc2
     206975.000 ns	     20696	800048d4	2032a6d3	fsgnjx.s	f13,f5,f3	  f5:0xf0d585cf  f3:0x00000000 f13=0xf0d585cf
     207005.000 ns	     20699	800048d8	21f42c53	fsgnjx.s	f24,f8,f31	  f8:0xff800000 f31:0x3f800000 f24=0xff800000
     207025.000 ns	     20701	800048dc	016b5893	srli	x17,x22,0x16	 x22:0xbf800000 x17=0x000002fe
     207035.000 ns	     20702	800048e0	011b68b3	or	x17,x22,x17	 x22:0xbf800000 x17:0x3f841024 x17=0xbf8002fe
     207045.000 ns	     20703	800048e4	01e130b3	sltu	x1,x2,x30	  x2:0x0bf80000 x30:0xfffffaf8  x1=0x00000001
     207405.000 ns	     20739	800048e8	02f94333	div	x6,x18,x15	 x18:0x00000000 x15:0x00000401  x6=0x00000000
     207435.000 ns	     20742	800048ec	28aa0e53	fmin.s	f28,f20,f10	 f20:0xbf72a764 f10:0x80000000 f28=0xbf72a764
     207475.000 ns	     20746	800048f0	1837f6d3	fdiv.s	f13,f15,f3	 f15:0x00000000  f3:0x00000000 f13=0x7fc00000
     207505.000 ns	     20749	800048f4	d015f4d3	fcvt.s.wu	f9,x11	 x11:0xffffffd1  f9=0x4f7fffff
     207525.000 ns	     20751	800048f8	01f49813	slli	x16,x9,0x1f	  x9:0x80040fe4 x16=0x00000000
     207535.000 ns	     20752	800048fc	00b1d7b3	srl	x15,x3,x11	  x3:0x00000000 x11:0xffffffd1 x15=0x00000000
     207545.000 ns	     20753	80004900	01c49e93	slli	x29,x9,0x1c	  x9:0x80040fe4 x29=0x40000000
     207555.000 ns	     20754	80004904	d770de97	auipc	x29,0xd770d	 x29=0x57711904
     207565.000 ns	     20755	80004908	43690a13	addi	x20,x18,1078	 x18:0x00000000 x20=0x00000436
     207585.000 ns	     20757	8000490c	21089dd3	fsgnjn.s	f27,f17,f16	 f17:0x00000000 f16:0x80000000 f27=0x00000000
     207615.000 ns	     20760	80004910	a08c0f53	fle.s	x30,f24,f8	 f24:0xff800000  f8:0xff800000 x30=0x00000001
     207635.000 ns	     20762	80004914	5ab17d13	andi	x26,x2,1451	  x2:0x0bf80000 x26=0x00000000
     207675.000 ns	     20766	80004918	01d57cd3	fadd.s	f25,f10,f29	 f10:0x80000000 f29:0x4d72a763 f25=0x4d72a763
     208045.000 ns	     20803	8000491c	0251e033	rem	x0,x3,x5	  x3:0x00000000  x5:0xf0d585cf
     208075.000 ns	     20806	80004920	e0071dd3	fclass.s	x27,f14	 f14:0xbf800000 x27=0x00000002
     208095.000 ns	     20808	80004924	00000013	addi	x0,x0,0	  x0:0x00000000
     208115.000 ns	     20810	80004928	21de2ad3	fsgnjx.s	f21,f28,f29	 f28:0xbf72a764 f29:0x4d72a763 f21=0xbf72a764
     208135.000 ns	     20812	8000492c	f1877013	andi	x0,x14,-232	 x14:0x00000000
     208145.000 ns	     20813	80004930	0053df13	srli	x30,x7,0x5	  x7:0x00000001 x30=0x00000000
     208155.000 ns	     20814	80004934	007b4233	xor	x4,x22,x7	 x22:0xbf800000  x7:0x00000001  x4=0xbf800001
     208175.000 ns	     20816	80004938	d00871d3	fcvt.s.w	f3,x16	 x16:0x00000000  f3=0x00000000
     208205.000 ns	     20819	8000493c	03097633	remu	x12,x18,x16	 x18:0x00000000 x16:0x00000000 x12=0x00000000
     208225.000 ns	     20821	80004940	0009ec33	or	x24,x19,x0	 x19:0xfffff90e  x0:0x00000000 x24=0xfffff90e
     208235.000 ns	     20822	80004944	01bd4533	xor	x10,x26,x27	 x26:0x00000000 x27:0x00000002 x10=0x00000002
     208245.000 ns	     20823	80004948	75f76813	ori	x16,x14,1887	 x14:0x00000000 x16=0x0000075f
     208265.000 ns	     20825	8000494c	02c9ed33	rem	x26,x19,x12	 x19:0xfffff90e x12:0x00000000 x26=0xfffff90e
     208295.000 ns	     20828	80004950	e0020153	fmv.x.w	x2,f4	  f4:0x00000000  x2=0x00000000
     208315.000 ns	     20830	80004954	0021c233	xor	x4,x3,x2	  x3:0x00000000  x2:0x0bf80000  x4=0x00000000
     208325.000 ns	     20831	80004958	413edbb3	sra	x23,x29,x19	 x29:0x57711904 x19:0xfffff90e x23=0x00015dc4
     208335.000 ns	     20832	8000495c	00cffcb3	and	x25,x31,x12	 x31:0x80041024 x12:0x00000000 x25=0x00000000
     208345.000 ns	     20833	80004960	40a158b3	sra	x17,x2,x10	  x2:0x00000000 x10:0x00000002 x17=0x00000000
     208355.000 ns	     20834	80004964	00c48933	add	x18,x9,x12	  x9:0x80040fe4 x12:0x00000000 x18=0x80040fe4
     208365.000 ns	     20835	80004968	403ad833	sra	x16,x21,x3	 x21:0x00000000  x3:0x00000000 x16=0x00000000
     208375.000 ns	     20836	8000496c	ec5afe93	andi	x29,x21,-315	 x21:0x00000000 x29=0x00000000
     208395.000 ns	     20838	80004970	20bd2cd3	fsgnjx.s	f25,f26,f11	 f26:0x4f7fffff f11:0x4d72a763 f25=0x4f7fffff
     208415.000 ns	     20840	80004974	d0108c13	addi	x24,x1,-767	  x1:0x00000001 x24=0xfffffd02
     208425.000 ns	     20841	80004978	019b25b3	slt	x11,x22,x25	 x22:0xbf800000 x25:0x00000000 x11=0x00000001
     208445.000 ns	     20843	8000497c	034c2ab3	mulhsu	x21,x24,x20	 x24:0xfffff90e x20:0x00000436 x21=0xffffffff
     208465.000 ns	     20845	80004980	00971613	slli	x12,x14,0x9	 x14:0x00000000 x12=0x00000000
     208485.000 ns	     20847	80004984	d013f753	fcvt.s.wu	f14,x7	  x7:0x00000001 f14=0x3f800000
     208505.000 ns	     20849	80004988	dc4047b7	lui	x15,0xdc404	 x15=0xdc404000
     208525.000 ns	     20851	8000498c	02ecc7b3	div	x15,x25,x14	 x25:0x00000000 x14:0x00000000 x15=0xffffffff
     208895.000 ns	     20888	80004990	0327fcb3	remu	x25,x15,x18	 x15:0x00000000 x18:0x80040fe4 x25=0x7ffbf01b
     208925.000 ns	     20891	80004994	21571dd3	fsgnjn.s	f27,f14,f21	 f14:0x3f800000 f21:0xbf72a764 f27=0x3f800000
     208945.000 ns	     20893	80004998	40fe5bb3	sra	x23,x28,x15	 x28:0x000001c6 x15:0xffffffff x23=0x00000000
     208965.000 ns	     20895	8000499c	a1d299d3	flt.s	x19,f5,f29	  f5:0xf0d585cf f29:0x4d72a763 x19=0x00000001
     208985.000 ns	     20897	800049a0	01fe8433	add	x8,x29,x31	 x29:0x00000000 x31:0x80041024  x8=0x80041024
     209025.000 ns	     20901	800049a4	09ef74d3	fsub.s	f9,f30,f30	 f30:0x00000000 f30:0x00000000  f9=0x80000000
     209055.000 ns	     20904	800049a8	e0081c53	fclass.s	x24,f16	 f16:0x80000000 x24=0x00000008
     209075.000 ns	     20906	800049ac	35877b13	andi	x22,x14,856	 x14:0x00000000 x22=0x00000000
     209085.000 ns	     20907	800049b0	1d5bfc13	andi	x24,x23,469	 x23:0x00000000 x24=0x00000000
     209105.000 ns	     20909	800049b4	03338b33	mul	x22,x7,x19	  x7:0x00000001 x19:0x00000001 x22=0x00000001
     209125.000 ns	     20911	800049b8	ffed2793	slti	x15,x26,-2	 x26:0xfffff90e x15=0x00000001
     209135.000 ns	     20912	800049bc	002025b3	slt	x11,x0,x2	  x0:0x00000000  x2:0x00000000 x11=0x00000000
     209495.000 ns	     20948	800049c0	036ffa33	remu	x20,x31,x22	 x31:0x80041024 x22:0x00000001 x20=0x00000000
     209515.000 ns	     20950	800049c4	01d806b3	add	x13,x16,x29	 x16:0x00000000 x29:0x00000000 x13=0x00000000
     209525.000 ns	     20951	800049c8	405bd7b3	sra	x15,x23,x5	 x23:0x00000000  x5:0xf0d585cf x15=0x00000000
     209545.000 ns	     20953	800049cc	e0039cd3	fclass.s	x25,f7	  f7:0x7f800000 x25=0x00000080
     209595.000 ns	     20958	800049d0	01fd1b53	fadd.s	f22,f26,f31	 f26:0x4f7fffff f31:0x3f800000 f22=0x4f7fffff
     209645.000 ns	     20963	800049d4	006dc453	fadd.s	f8,f27,f6	 f27:0x3f800000  f6:0x3f800000  f8=0x40000000
     209665.000 ns	     20965	800049d8	f1470993	addi	x19,x14,-236	 x14:0x00000000 x19=0xffffff14
     209695.000 ns	     20968	800049dc	11ff7ed3	fmul.s	f29,f30,f31	 f30:0x00000000 f31:0x3f800000 f29=0x00000000
     209725.000 ns	     20971	800049e0	02bd21b3	mulhsu	x3,x26,x11	 x26:0xfffff90e x11:0x00000000  x3=0x00000000
     209745.000 ns	     20973	800049e4	015a9533	sll	x10,x21,x21	 x21:0xffffffff x21:0xffffffff x10=0x80000000
     209775.000 ns	     20976	800049e8	19e5f353	fdiv.s	f6,f11,f30	 f11:0x4d72a763 f30:0x00000000  f6=0x7f800000
     209795.000 ns	     20978	800049ec	009da8b3	slt	x17,x27,x9	 x27:0x00000002  x9:0x80040fe4 x17=0x00000000
     209805.000 ns	     20979	800049f0	4aeb4413	xori	x8,x22,1198	 x22:0x00000001  x8=0x000004af
     209825.000 ns	     20981	800049f4	e0069353	fclass.s	x6,f13	 f13:0x7fc00000  x6=0x00000200
     209845.000 ns	     20983	800049f8	0d23b997	auipc	x19,0xd23b	 x19=0x8d23f9f8
     209855.000 ns	     20984	800049fc	00f02eb3	slt	x29,x0,x15	  x0:0x00000000 x15:0x00000000 x29=0x00000000
     209885.000 ns	     20987	80004a00	114a7153	fmul.s	f2,f20,f20	 f20:0xbf72a764 f20:0xbf72a764  f2=0x3f6600e7
     209905.000 ns	     20989	80004a04	000c9813	slli	x16,x25,0x0	 x25:0x00000080 x16=0x00000080
     209925.000 ns	     20991	80004a08	023d40b3	div	x1,x26,x3	 x26:0xfffff90e  x3:0x00000000  x1=0xffffffff
     209955.000 ns	     20994	80004a0c	299295d3	fmax.s	f11,f5,f25	  f5:0xf0d585cf f25:0x4f7fffff f11=0x4f7fffff
     209975.000 ns	     20996	80004a10	4150d793	srai	x15,x1,0x15	  x1:0xffffffff x15=0xffffffff
     209985.000 ns	     20997	80004a14	004163b3	or	x7,x2,x4	  x2:0x00000000  x4:0x00000000  x7=0x00000000
     210025.000 ns	     21001	80004a18	087694d3	fsub.s	f9,f13,f7	 f13:0x7fc00000  f7:0x7f800000  f9=0x7fc00000
     210055.000 ns	     21004	80004a1c	c014fa53	fcvt.wu.s	x20,f9	  f9:0x80000000 x20=0xffffffff
     210075.000 ns	     21006	80004a20	41fe0eb3	sub	x29,x28,x31	 x28:0x000001c6 x31:0x80041024 x29=0x7ffbf1a2
     210095.000 ns	     21008	80004a24	c01ec5d3	fcvt.wu.s	x11,f29	 f29:0x00000000 x11=0x00000000
     210115.000 ns	     21010	80004a28	00a12db3	slt	x27,x2,x10	  x2:0x00000000 x10:0x80000000 x27=0x00000000
     210135.000 ns	     21012	80004a2c	037bc933	div	x18,x23,x23	 x23:0x00000000 x23:0x00000000 x18=0xffffffff
     210155.000 ns	     21014	80004a30	000f05b3	add	x11,x30,x0	 x30:0x00000000  x0:0x00000000 x11=0x00000000
     210515.000 ns	     21050	80004a34	03cc7e33	remu	x28,x24,x28	 x24:0x00000000 x28:0x000001c6 x28=0x00000000
     210545.000 ns	     21053	80004a38	c006c0d3	fcvt.w.s	x1,f13	 f13:0x7fc00000  x1=0x7fffffff
     210565.000 ns	     21055	80004a3c	01d6e433	or	x8,x13,x29	 x13:0x00000000 x29:0x7ffbf1a2  x8=0x7ffbf1a2
     210575.000 ns	     21056	80004a40	0082b933	sltu	x18,x5,x8	  x5:0xf0d585cf  x8:0x000004af x18=0x00000000
     210595.000 ns	     21058	80004a44	21211f53	fsgnjn.s	f30,f2,f18	  f2:0x3f6600e7 f18:0xff800000 f30=0x3f6600e7
     210625.000 ns	     21061	80004a48	c0167b53	fcvt.wu.s	x22,f12	 f12:0xcd72a763 x22=0x0f2a7630
     210645.000 ns	     21063	80004a4c	00ea68b3	or	x17,x20,x14	 x20:0xffffffff x14:0x00000000 x17=0xffffffff
     210665.000 ns	     21065	80004a50	e0091953	fclass.s	x18,f18	 f18:0xff800000 x18=0x00000001
     210695.000 ns	     21068	80004a54	03119b33	mulh	x22,x3,x17	  x3:0x00000000 x17:0x00000000 x22=0x00000000
     210715.000 ns	     21070	80004a58	4fc96713	ori	x14,x18,1276	 x18:0x00000001 x14=0x000004fd
     210735.000 ns	     21072	80004a5c	d01ef4d3	fcvt.s.wu	f9,x29	 x29:0x7ffbf1a2  f9=0x4efff7e3
     210765.000 ns	     21075	80004a60	a0b91dd3	flt.s	x27,f18,f11	 f18:0xff800000 f11:0x4f7fffff x27=0x00000001
     210785.000 ns	     21077	80004a64	00000013	addi	x0,x0,0	  x0:0x00000000
     210795.000 ns	     21078	80004a68	0138dd33	srl	x26,x17,x19	 x17:0xffffffff x19:0x8d23f9f8 x26=0x000000ff
     210805.000 ns	     21079	80004a6c	01a31933	sll	x18,x6,x26	  x6:0x00000200 x26:0xfffff90e x18=0x00000000
     210825.000 ns	     21081	80004a70	291a1053	fmax.s	f0,f20,f17	 f20:0xbf72a764 f17:0x00000000  f0=0x00000000
     210845.000 ns	     21083	80004a74	00647e33	and	x28,x8,x6	  x8:0x7ffbf1a2  x6:0x00000200 x28=0x00000000
     210865.000 ns	     21085	80004a78	d016c6d3	fcvt.s.wu	f13,x13	 x13:0x00000000 f13=0x00000000
     210885.000 ns	     21087	80004a7c	5873ac13	slti	x24,x7,1415	  x7:0x00000000 x24=0x00000001
     210895.000 ns	     21088	80004a80	01fcbe33	sltu	x28,x25,x31	 x25:0x00000080 x31:0x80041024 x28=0x00000001
     210905.000 ns	     21089	80004a84	400407b3	sub	x15,x8,x0	  x8:0x7ffbf1a2  x0:0x00000000 x15=0x7ffbf1a2
     210925.000 ns	     21091	80004a88	e00f1653	fclass.s	x12,f30	 f30:0x3f6600e7 x12=0x00000040
     210955.000 ns	     21094	80004a8c	29689fd3	fmax.s	f31,f17,f22	 f17:0x00000000 f22:0x4f7fffff f31=0x4f7fffff
     210985.000 ns	     21097	80004a90	218613d3	fsgnjn.s	f7,f12,f24	 f12:0xcd72a763 f24:0xff800000  f7=0x4d72a763
     211005.000 ns	     21099	80004a94	012b0ab3	add	x21,x22,x18	 x22:0x00000000 x18:0x00000000 x21=0x00000000
     211015.000 ns	     21100	80004a98	010be6b3	or	x13,x23,x16	 x23:0x00000000 x16:0x00000080 x13=0x00000080
     211045.000 ns	     21103	80004a9c	10b9f8d3	fmul.s	f17,f19,f11	 f19:0x00000000 f11:0x4f7fffff f17=0x00000000
     211065.000 ns	     21105	80004aa0	04ca2693	slti	x13,x20,76	 x20:0xffffffff x13=0x00000001
     211085.000 ns	     21107	80004aa4	03d38333	mul	x6,x7,x29	  x7:0x00000000 x29:0x7ffbf1a2  x6=0x00000000
     211105.000 ns	     21109	80004aa8	00269f33	sll	x30,x13,x2	 x13:0x00000080  x2:0x00000000 x30=0x00000001
     211465.000 ns	     21145	80004aac	03967ab3	remu	x21,x12,x25	 x12:0x00000040 x25:0x00000080 x21=0x00000040
     211485.000 ns	     21147	80004ab0	006d9d13	slli	x26,x27,0x6	 x27:0x00000001 x26=0x00000040
     211505.000 ns	     21149	80004ab4	d0093d53	fcvt.s.w	f26,x18	 x18:0x00000000 f26=0x00000000
     211535.000 ns	     21152	80004ab8	e00807d3	fmv.x.w	x15,f16	 f16:0x80000000 x15=0x80000000
     211905.000 ns	     21189	80004abc	03b265b3	rem	x11,x4,x27	  x4:0x00000000 x27:0x00000001 x11=0x00000000
     211925.000 ns	     21191	80004ac0	bbd8e5b7	lui	x11,0xbbd8e	 x11=0xbbd8e000
     211945.000 ns	     21193	80004ac4	e0081ad3	fclass.s	x21,f16	 f16:0x80000000 x21=0x00000008
     211975.000 ns	     21196	80004ac8	03f7b433	mulhu	x8,x15,x31	 x15:0x80000000 x31:0x80041024  x8=0x40020812
     212345.000 ns	     21233	80004acc	02adf333	remu	x6,x27,x10	 x27:0x00000001 x10:0x80000000  x6=0x00000001
     212375.000 ns	     21236	80004ad0	29b51453	fmax.s	f8,f10,f27	 f10:0x80000000 f27:0x3f800000  f8=0x3f800000
     212395.000 ns	     21238	80004ad4	216a8213	addi	x4,x21,534	 x21:0x00000008  x4=0x0000021e
     212415.000 ns	     21240	80004ad8	d00636d3	fcvt.s.w	f13,x12	 x12:0x00000040 f13=0x42800000
     212455.000 ns	     21244	80004adc	10107453	fmul.s	f8,f0,f1	  f0:0x00000000  f1:0xbc72a764  f8=0x80000000
     212825.000 ns	     21281	80004ae0	02b9e533	rem	x10,x19,x11	 x19:0x8d23f9f8 x11:0xbbd8e000 x10=0xd14b19f8
     212845.000 ns	     21283	80004ae4	005c7e33	and	x28,x24,x5	 x24:0x00000001  x5:0xf0d585cf x28=0x00000001
     212865.000 ns	     21285	80004ae8	29421fd3	fmax.s	f31,f4,f20	  f4:0x00000000 f20:0xbf72a764 f31=0x00000000
     212915.000 ns	     21290	80004aec	0080f453	fadd.s	f8,f1,f8	  f1:0xbc72a764  f8:0x80000000  f8=0xbc72a764
     212945.000 ns	     21293	80004af0	d0127353	fcvt.s.wu	f6,x4	  x4:0x0000021e  f6=0x44078000
     212965.000 ns	     21295	80004af4	00000013	addi	x0,x0,0	  x0:0x00000000
     212985.000 ns	     21297	80004af8	20590353	fsgnj.s	f6,f18,f5	 f18:0xff800000  f5:0xf0d585cf  f6=0xff800000
     213035.000 ns	     21302	80004afc	01f678d3	fadd.s	f17,f12,f31	 f12:0xcd72a763 f31:0x00000000 f17=0xcd72a763
     213055.000 ns	     21304	80004b00	5d5bad93	slti	x27,x23,1493	 x23:0x00000000 x27=0x00000001
     213075.000 ns	     21306	80004b04	0230eeb3	rem	x29,x1,x3	  x1:0x7fffffff  x3:0x00000000 x29=0x7fffffff
     213105.000 ns	     21309	80004b08	f0040553	fmv.w.x	f10,x8	  x8:0x40020812 f10=0x40020812
     213135.000 ns	     21312	80004b0c	a1e008d3	fle.s	x17,f0,f30	  f0:0x00000000 f30:0x3f6600e7 x17=0x00000001
     213505.000 ns	     21349	80004b10	038fc933	div	x18,x31,x24	 x31:0x80041024 x24:0x00000001 x18=0x80041024
     213525.000 ns	     21351	80004b14	003b3d33	sltu	x26,x22,x3	 x22:0x00000000  x3:0x00000000 x26=0x00000000
     213535.000 ns	     21352	80004b18	271a3113	sltiu	x2,x20,625	 x20:0xffffffff  x2=0x00000000
     213555.000 ns	     21354	80004b1c	f00785d3	fmv.w.x	f11,x15	 x15:0x80000000 f11=0x80000000
     213575.000 ns	     21356	80004b20	7aa1a093	slti	x1,x3,1962	  x3:0x00000000  x1=0x00000001
     213595.000 ns	     21358	80004b24	d008fdd3	fcvt.s.w	f27,x17	 x17:0x00000001 f27=0x3f800000
     213615.000 ns	     21360	80004b28	c2022717	auipc	x14,0xc2022	 x14=0x42026b28
     213645.000 ns	     21363	80004b2c	10adcad3	fmul.s	f21,f27,f10	 f27:0x3f800000 f10:0x40020812 f21=0x40020812
     213675.000 ns	     21366	80004b30	0334b733	mulhu	x14,x9,x19	  x9:0x80040fe4 x19:0x8d23f9f8 x14=0x46943a4e
     213695.000 ns	     21368	80004b34	0153abb3	slt	x23,x7,x21	  x7:0x00000000 x21:0x00000008 x23=0x00000001
     213705.000 ns	     21369	80004b38	400b07b3	sub	x15,x22,x0	 x22:0x00000000  x0:0x00000000 x15=0x00000000
     213715.000 ns	     21370	80004b3c	006c6233	or	x4,x24,x6	 x24:0x00000001  x6:0x00000001  x4=0x00000001
     214075.000 ns	     21406	80004b40	02be6333	rem	x6,x28,x11	 x28:0x00000001 x11:0xbbd8e000  x6=0x00000001
     214095.000 ns	     21408	80004b44	01813833	sltu	x16,x2,x24	  x2:0x00000000 x24:0x00000001 x16=0x00000001
     214115.000 ns	     21410	80004b48	c00ebbd3	fcvt.w.s	x23,f29	 f29:0x00000000 x23=0x00000000
     214135.000 ns	     21412	80004b4c	41a9d713	srai	x14,x19,0x1a	 x19:0x8d23f9f8 x14=0xffffffe3
     214145.000 ns	     21413	80004b50	3c616737	lui	x14,0x3c616	 x14=0x3c616000
     214165.000 ns	     21415	80004b54	036f7d33	remu	x26,x30,x22	 x30:0x00000001 x22:0x00000000 x26=0x00000001
     214195.000 ns	     21418	80004b58	03c79f33	mulh	x30,x15,x28	 x15:0x00000000 x28:0x00000001 x30=0x00000000
     214225.000 ns	     21421	80004b5c	216392d3	fsgnjn.s	f5,f7,f22	  f7:0x4d72a763 f22:0x4f7fffff  f5=0xcd72a763
     214245.000 ns	     21423	80004b60	c9603693	sltiu	x13,x0,-874	  x0:0x00000000 x13=0x00000001
     214575.000 ns	     21456	80004b64	19938353	fdiv.s	f6,f7,f25	  f7:0x4d72a763 f25:0x4f7fffff  f6=0x3d72a764
     214945.000 ns	     21493	80004b68	02c4eab3	rem	x21,x9,x12	  x9:0x80040fe4 x12:0x00000040 x21=0xffffffe4
     214965.000 ns	     21495	80004b6c	03ec6897	auipc	x17,0x3ec6	 x17=0x83ecab6c
     214985.000 ns	     21497	80004b70	e0070253	fmv.x.w	x4,f14	 f14:0x3f800000  x4=0x3f800000
     215005.000 ns	     21499	80004b74	7e35e113	ori	x2,x11,2019	 x11:0xbbd8e000  x2=0xbbd8e7e3
     215015.000 ns	     21500	80004b78	000dae33	slt	x28,x27,x0	 x27:0x00000001  x0:0x00000000 x28=0x00000000
     215025.000 ns	     21501	80004b7c	67199137	lui	x2,0x67199	  x2=0x67199000
     215035.000 ns	     21502	80004b80	01287733	and	x14,x16,x18	 x16:0x00000001 x18:0x80041024 x14=0x00000000
     215055.000 ns	     21504	80004b84	a02a8ad3	fle.s	x21,f21,f2	 f21:0x40020812  f2:0x3f6600e7 x21=0x00000000
     215085.000 ns	     21507	80004b88	e0088b53	fmv.x.w	x22,f17	 f17:0xcd72a763 x22=0xcd72a763
     215135.000 ns	     21512	80004b8c	09207c53	fsub.s	f24,f0,f18	  f0:0x00000000 f18:0xff800000 f24=0x7f800000
     215155.000 ns	     21514	80004b90	71106993	ori	x19,x0,1809	  x0:0x00000000 x19=0x00000711
     215165.000 ns	     21515	80004b94	40b05313	srai	x6,x0,0xb	  x0:0x00000000  x6=0x00000000
     215525.000 ns	     21551	80004b98	03d46733	rem	x14,x8,x29	  x8:0x40020812 x29:0x7fffffff x14=0x40020812
     215545.000 ns	     21553	80004b9c	006a8133	add	x2,x21,x6	 x21:0x00000000  x6:0x00000001  x2=0x00000000
     215555.000 ns	     21554	80004ba0	0164a633	slt	x12,x9,x22	  x9:0x80040fe4 x22:0xcd72a763 x12=0x00000001
     215565.000 ns	     21555	80004ba4	0065c233	xor	x4,x11,x6	 x11:0xbbd8e000  x6:0x00000000  x4=0xbbd8e000
     215575.000 ns	     21556	80004ba8	417201b3	sub	x3,x4,x23	  x4:0x3f800000 x23:0x00000000  x3=0xbbd8e000
     215585.000 ns	     21557	80004bac	cf0c4793	xori	x15,x24,-784	 x24:0x00000001 x15=0xfffffcf1
     215595.000 ns	     21558	80004bb0	55d0e317	auipc	x6,0x55d0e	  x6=0xd5d12bb0
     215615.000 ns	     21560	80004bb4	a0e789d3	fle.s	x19,f15,f14	 f15:0x00000000 f14:0x3f800000 x19=0x00000001
     215635.000 ns	     21562	80004bb8	004a5ab3	srl	x21,x20,x4	 x20:0xffffffff  x4:0xbbd8e000 x21=0xffffffff
     215675.000 ns	     21566	80004bbc	097a81d3	fsub.s	f3,f21,f23	 f21:0x40020812 f23:0x3f800000  f3=0x3f841024
     215705.000 ns	     21569	80004bc0	f00604d3	fmv.w.x	f9,x12	 x12:0x00000001  f9=0x00000001
     215725.000 ns	     21571	80004bc4	e796f593	andi	x11,x13,-391	 x13:0x00000001 x11=0x00000001
     215735.000 ns	     21572	80004bc8	bdc33037	lui	x0,0xbdc33	
     215745.000 ns	     21573	80004bcc	0014adb3	slt	x27,x9,x1	  x9:0x80040fe4  x1:0x00000001 x27=0x00000001
     215755.000 ns	     21574	80004bd0	01245b33	srl	x22,x8,x18	  x8:0x40020812 x18:0x80041024 x22=0x04002081
     215765.000 ns	     21575	80004bd4	41730f33	sub	x30,x6,x23	  x6:0xd5d12bb0 x23:0x00000000 x30=0xd5d12bb0
     215775.000 ns	     21576	80004bd8	365f9817	auipc	x16,0x365f9	 x16=0xb65fdbd8
     215815.000 ns	     21580	80004bdc	00097fd3	fadd.s	f31,f18,f0	 f18:0xff800000  f0:0x00000000 f31=0xff800000
     215835.000 ns	     21582	80004be0	40930e33	sub	x28,x6,x9	  x6:0xd5d12bb0  x9:0x80040fe4 x28=0x55cd1bcc
     215855.000 ns	     21584	80004be4	e0039953	fclass.s	x18,f7	  f7:0x4d72a763 x18=0x00000040
     215885.000 ns	     21587	80004be8	02eb2eb3	mulhsu	x29,x22,x14	 x22:0x04002081 x14:0x40020812 x29=0x01001040
     215905.000 ns	     21589	80004bec	405e8b33	sub	x22,x29,x5	 x29:0x7fffffff  x5:0xf0d585cf x22=0x102a8a71
     216265.000 ns	     21625	80004bf0	03dceeb3	rem	x29,x25,x29	 x25:0x00000080 x29:0x01001040 x29=0x00000080
     216635.000 ns	     21662	80004bf4	03aa4f33	div	x30,x20,x26	 x20:0xffffffff x26:0x00000001 x30=0xffffffff
     216655.000 ns	     21664	80004bf8	071fe613	ori	x12,x31,113	 x31:0x80041024 x12=0x80041075
     216695.000 ns	     21668	80004bfc	097f72d3	fsub.s	f5,f30,f23	 f30:0x3f6600e7 f23:0x3f800000  f5=0xbdcff8c0
     216715.000 ns	     21670	80004c00	fb59bc93	sltiu	x25,x19,-75	 x19:0x00000001 x25=0x00000001
     216735.000 ns	     21672	80004c04	c001aed3	fcvt.w.s	x29,f3	  f3:0x3f841024 x29=0x00000001
     216785.000 ns	     21677	80004c08	0891c4d3	fsub.s	f9,f3,f9	  f3:0x3f841024  f9:0x00000001  f9=0x3f841024
     216805.000 ns	     21679	80004c0c	40ab5e13	srai	x28,x22,0xa	 x22:0x102a8a71 x28=0x00040aa2
     217975.000 ns	     21796	80004c10	580bc4d3	fsqrt.s	f9,f23	 f23:0x3f800000  f9=0x3f7fffae
     218315.000 ns	     21830	80004c14	18611fd3	fdiv.s	f31,f2,f6	  f2:0x3f6600e7  f6:0x3d72a764 f31=0x4174734a
     218335.000 ns	     21832	80004c18	01bc6533	or	x10,x24,x27	 x24:0x00000001 x27:0x00000001 x10=0x00000001
     218345.000 ns	     21833	80004c1c	005b85b3	add	x11,x23,x5	 x23:0x00000000  x5:0xf0d585cf x11=0xf0d585cf
     218365.000 ns	     21835	80004c20	d01b0653	fcvt.s.wu	f12,x22	 x22:0x102a8a71 f12=0x4d815454
     218395.000 ns	     21838	80004c24	a06e9dd3	flt.s	x27,f29,f6	 f29:0x00000000  f6:0x3d72a764 x27=0x00000001
     218425.000 ns	     21841	80004c28	21580953	fsgnj.s	f18,f16,f21	 f16:0x80000000 f21:0x40020812 f18=0x00000000
     218465.000 ns	     21845	80004c2c	114cb253	fmul.s	f4,f25,f20	 f25:0x4f7fffff f20:0xbf72a764  f4=0xcf72a763
     218515.000 ns	     21850	80004c30	0945f053	fsub.s	f0,f11,f20	 f11:0x80000000 f20:0xbf72a764  f0=0x3f72a764
     218545.000 ns	     21853	80004c34	f00f0dd3	fmv.w.x	f27,x30	 x30:0xffffffff f27=0xffffffff
     218915.000 ns	     21890	80004c38	033b6233	rem	x4,x22,x19	 x22:0x102a8a71 x19:0x00000001  x4=0x00000000
     218935.000 ns	     21892	80004c3c	e0030913	addi	x18,x6,-512	  x6:0xd5d12bb0 x18=0xd5d129b0
     218975.000 ns	     21896	80004c40	09a11dd3	fsub.s	f27,f2,f26	  f2:0x3f6600e7 f26:0x00000000 f27=0x3f6600e7
     218995.000 ns	     21898	80004c44	45877213	andi	x4,x14,1112	 x14:0x40020812  x4=0x00000010
     219005.000 ns	     21899	80004c48	00000013	addi	x0,x0,0	  x0:0x00000000
     219025.000 ns	     21901	80004c4c	a1220853	fle.s	x16,f4,f18	  f4:0xcf72a763 f18:0x00000000 x16=0x00000001
     219045.000 ns	     21903	80004c50	5af72f13	slti	x30,x14,1455	 x14:0x40020812 x30=0x00000000
     219055.000 ns	     21904	80004c54	40d38a33	sub	x20,x7,x13	  x7:0x00000000 x13:0x00000001 x20=0xffffffff
     219095.000 ns	     21908	80004c58	00fb7e53	fadd.s	f28,f22,f15	 f22:0x4f7fffff f15:0x00000000 f28=0x4f7fffff
     219465.000 ns	     21945	80004c5c	033340b3	div	x1,x6,x19	  x6:0xd5d12bb0 x19:0x00000001  x1=0xd5d12bb0
     219485.000 ns	     21947	80004c60	0060fab3	and	x21,x1,x6	  x1:0x00000001  x6:0xd5d12bb0 x21=0xd5d12bb0
     219495.000 ns	     21948	80004c64	224ffb13	andi	x22,x31,548	 x31:0x80041024 x22=0x00000024
     219855.000 ns	     21984	80004c68	03ca7e33	remu	x28,x20,x28	 x20:0xffffffff x28:0x00040aa2 x28=0x000284f1
     219875.000 ns	     21986	80004c6c	410adf33	sra	x30,x21,x16	 x21:0xd5d12bb0 x16:0x00000001 x30=0xeae895d8
     219895.000 ns	     21988	80004c70	200a0253	fsgnj.s	f4,f20,f0	 f20:0xbf72a764  f0:0x3f72a764  f4=0x3f72a764
     219915.000 ns	     21990	80004c74	19baad93	slti	x27,x21,411	 x21:0xd5d12bb0 x27=0x00000001
     219925.000 ns	     21991	80004c78	44c88017	auipc	x0,0x44c88	
     219945.000 ns	     21993	80004c7c	d00577d3	fcvt.s.w	f15,x10	 x10:0x00000001 f15=0x3f800000
     219965.000 ns	     21995	80004c80	00564bb3	xor	x23,x12,x5	 x12:0x80041075  x5:0xf0d585cf x23=0x70d195ba
     219985.000 ns	     21997	80004c84	0239aa33	mulhsu	x20,x19,x3	 x19:0x00000001  x3:0xbbd8e000 x20=0x00000000
     220015.000 ns	     22000	80004c88	03ec37b3	mulhu	x15,x24,x30	 x24:0x00000001 x30:0xeae895d8 x15=0x00000000
     220035.000 ns	     22002	80004c8c	41f65893	srai	x17,x12,0x1f	 x12:0x80041075 x17=0xffffffff
     220045.000 ns	     22003	80004c90	01d798b3	sll	x17,x15,x29	 x15:0x00000000 x29:0x00000001 x17=0x00000000
     220055.000 ns	     22004	80004c94	41960ab3	sub	x21,x12,x25	 x12:0x80041075 x25:0x00000001 x21=0x80041074
     220065.000 ns	     22005	80004c98	81295ab7	lui	x21,0x81295	 x21=0x81295000
     220075.000 ns	     22006	80004c9c	40a8d933	sra	x18,x17,x10	 x17:0x00000000 x10:0x00000001 x18=0x00000000
     220095.000 ns	     22008	80004ca0	28dd80d3	fmin.s	f1,f27,f13	 f27:0x3f6600e7 f13:0x42800000  f1=0x3f6600e7
     220115.000 ns	     22010	80004ca4	01289833	sll	x16,x17,x18	 x17:0x00000000 x18:0xd5d129b0 x16=0x00000000
     220145.000 ns	     22013	80004ca8	1102f3d3	fmul.s	f7,f5,f16	  f5:0xbdcff8c0 f16:0x80000000  f7=0x00000000
     220175.000 ns	     22016	80004cac	a11a9ad3	flt.s	x21,f21,f17	 f21:0x40020812 f17:0xcd72a763 x21=0x00000000
     220195.000 ns	     22018	80004cb0	00e8e433	or	x8,x17,x14	 x17:0x00000000 x14:0x40020812  x8=0x40020812
     220555.000 ns	     22054	80004cb4	029dd833	divu	x16,x27,x9	 x27:0x00000001  x9:0x80040fe4 x16=0x00000000
     220585.000 ns	     22057	80004cb8	02fe1d33	mulh	x26,x28,x15	 x28:0x000284f1 x15:0x00000000 x26=0x00000000
     220615.000 ns	     22060	80004cbc	03d62233	mulhsu	x4,x12,x29	 x12:0x80041075 x29:0x00000001  x4=0xffffffff
     220985.000 ns	     22097	80004cc0	0336e833	rem	x16,x13,x19	 x13:0x00000001 x19:0x00000001 x16=0x00000000
     221005.000 ns	     22099	80004cc4	1cc0d937	lui	x18,0x1cc0d	 x18=0x1cc0d000
     221015.000 ns	     22100	80004cc8	4036dab3	sra	x21,x13,x3	 x13:0x00000001  x3:0xbbd8e000 x21=0x00000001
     221035.000 ns	     22102	80004ccc	0345e333	rem	x6,x11,x20	 x11:0xf0d585cf x20:0x00000000  x6=0xf0d585cf
     221065.000 ns	     22105	80004cd0	a0361ad3	flt.s	x21,f12,f3	 f12:0x4d815454  f3:0x3f841024 x21=0x00000000
     221095.000 ns	     22108	80004cd4	a1298a53	fle.s	x20,f19,f18	 f19:0x00000000 f18:0x00000000 x20=0x00000001
     221115.000 ns	     22110	80004cd8	55ec3b17	auipc	x22,0x55ec3	 x22=0xd5ec7cd8
     221135.000 ns	     22112	80004cdc	02b99cb3	mulh	x25,x19,x11	 x19:0x00000001 x11:0xf0d585cf x25=0xffffffff
     221165.000 ns	     22115	80004ce0	29719053	fmax.s	f0,f3,f23	  f3:0x3f841024 f23:0x3f800000  f0=0x3f841024
     221195.000 ns	     22118	80004ce4	e00008d3	fmv.x.w	x17,f0	  f0:0x3f72a764 x17=0x3f841024
     221215.000 ns	     22120	80004ce8	f5348e13	addi	x28,x9,-173	  x9:0x80040fe4 x28=0x80040f37
     221255.000 ns	     22124	80004cec	01c74c53	fadd.s	f24,f14,f28	 f14:0x3f800000 f28:0x4f7fffff f24=0x4f7fffff
     221285.000 ns	     22127	80004cf0	02302cb3	mulhsu	x25,x0,x3	  x0:0x00000000  x3:0xbbd8e000 x25=0x00000000
     221315.000 ns	     22130	80004cf4	294b1ed3	fmax.s	f29,f22,f20	 f22:0x4f7fffff f20:0xbf72a764 f29=0x4f7fffff
     221345.000 ns	     22133	80004cf8	28d10ed3	fmin.s	f29,f2,f13	  f2:0x3f6600e7 f13:0x42800000 f29=0x3f6600e7
     221375.000 ns	     22136	80004cfc	210219d3	fsgnjn.s	f19,f4,f16	  f4:0x3f72a764 f16:0x80000000 f19=0x3f72a764
     221405.000 ns	     22139	80004d00	210a8553	fsgnj.s	f10,f21,f16	 f21:0x40020812 f16:0x80000000 f10=0xc0020812
     221425.000 ns	     22141	80004d04	83a6b913	sltiu	x18,x13,-1990	 x13:0x00000001 x18=0x00000001
     221445.000 ns	     22143	80004d08	034a93b3	mulh	x7,x21,x20	 x21:0x00000000 x20:0x00000001  x7=0x00000000
     221475.000 ns	     22146	80004d0c	02f81933	mulh	x18,x16,x15	 x16:0x00000000 x15:0x00000000 x18=0x00000000
     221505.000 ns	     22149	80004d10	f00d0d53	fmv.w.x	f26,x26	 x26:0x00000000 f26=0x00000000
     221535.000 ns	     22152	80004d14	d0037bd3	fcvt.s.w	f23,x6	  x6:0xf0d585cf f23=0xcd72a7a3
     221565.000 ns	     22155	80004d18	212382d3	fsgnj.s	f5,f7,f18	  f7:0x00000000 f18:0x00000000  f5=0x00000000
     221585.000 ns	     22157	80004d1c	01bb5193	srli	x3,x22,0x1b	 x22:0xd5ec7cd8  x3=0x0000001a
     221605.000 ns	     22159	80004d20	29d788d3	fmin.s	f17,f15,f29	 f15:0x3f800000 f29:0x3f6600e7 f17=0x3f6600e7
     221625.000 ns	     22161	80004d24	bbce0e37	lui	x28,0xbbce0	 x28=0xbbce0000
     221665.000 ns	     22165	80004d28	0179aa53	fadd.s	f20,f19,f23	 f19:0x3f72a764 f23:0xcd72a7a3 f20=0xcd72a7a3
     221685.000 ns	     22167	80004d2c	418e86b3	sub	x13,x29,x24	 x29:0x00000001 x24:0x00000001 x13=0x00000000
     221695.000 ns	     22168	80004d30	013f4f33	xor	x30,x30,x19	 x30:0xeae895d8 x19:0x00000001 x30=0xeae895d9
     221715.000 ns	     22170	80004d34	2195aad3	fsgnjx.s	f21,f11,f25	 f11:0x80000000 f25:0x4f7fffff f21=0x80000000
     221735.000 ns	     22172	80004d38	018bc633	xor	x12,x23,x24	 x23:0x70d195ba x24:0x00000001 x12=0x70d195bb
     221745.000 ns	     22173	80004d3c	418a5733	sra	x14,x20,x24	 x20:0x00000001 x24:0x00000001 x14=0x00000000
     221755.000 ns	     22174	80004d40	012c0133	add	x2,x24,x18	 x24:0x00000001 x18:0x00000000  x2=0x00000001
     221775.000 ns	     22176	80004d44	a0e48053	fle.s	x0,f9,f14	  f9:0x3f7fffae f14:0x3f800000
     222115.000 ns	     22210	80004d48	19f6c953	fdiv.s	f18,f13,f31	 f13:0x42800000 f31:0x4174734a f18=0x40c24c46
     222145.000 ns	     22213	80004d4c	c0120953	fcvt.wu.s	x18,f4	  f4:0x3f72a764 x18=0x00000001
     223325.000 ns	     22331	80004d50	58004fd3	fsqrt.s	f31,f0	  f0:0x3f841024 f31=0x3f8203d4
     223345.000 ns	     22333	80004d54	00fb16b3	sll	x13,x22,x15	 x22:0xd5ec7cd8 x15:0x00000000 x13=0xd5ec7cd8
     223355.000 ns	     22334	80004d58	012e6eb3	or	x29,x28,x18	 x28:0xbbce0000 x18:0x00000001 x29=0xbbce0001
     223375.000 ns	     22336	80004d5c	0270a1b3	mulhsu	x3,x1,x7	  x1:0xd5d12bb0  x7:0x00000000  x3=0x00000000
     223405.000 ns	     22339	80004d60	03fa1f33	mulh	x30,x20,x31	 x20:0x00000001 x31:0x80041024 x30=0xffffffff
     223445.000 ns	     22343	80004d64	58042c53	fsqrt.s	f24,f8	  f8:0xbc72a764 f24=0x7fc00000
     223465.000 ns	     22345	80004d68	80cb8593	addi	x11,x23,-2036	 x23:0x70d195ba x11=0x70d18dc6
     223475.000 ns	     22346	80004d6c	01631ab3	sll	x21,x6,x22	  x6:0xf0d585cf x22:0xd5ec7cd8 x21=0xcf000000
     223495.000 ns	     22348	80004d70	a0891753	flt.s	x14,f18,f8	 f18:0x40c24c46  f8:0xbc72a764 x14=0x00000000
     223515.000 ns	     22350	80004d74	00fb3f33	sltu	x30,x22,x15	 x22:0xd5ec7cd8 x15:0x00000000 x30=0x00000000
     223875.000 ns	     22386	80004d78	034b65b3	rem	x11,x22,x20	 x22:0xd5ec7cd8 x20:0x00000001 x11=0x00000000
     223895.000 ns	     22388	80004d7c	01dd1d13	slli	x26,x26,0x1d	 x26:0x00000000 x26=0x00000000
     223905.000 ns	     22389	80004d80	012b9db3	sll	x27,x23,x18	 x23:0x70d195ba x18:0x00000001 x27=0xe1a32b74
     223915.000 ns	     22390	80004d84	40b9d913	srai	x18,x19,0xb	 x19:0x00000001 x18=0x00000000
     223935.000 ns	     22392	80004d88	d0078053	fcvt.s.w	f0,x15	 x15:0x00000000  f0=0x00000000
     223955.000 ns	     22394	80004d8c	2895a013	slti	x0,x11,649	 x11:0x00000000
     223975.000 ns	     22396	80004d90	02754233	div	x4,x10,x7	 x10:0x00000001  x7:0x00000000  x4=0xffffffff
     224005.000 ns	     22399	80004d94	20b89453	fsgnjn.s	f8,f17,f11	 f17:0x3f6600e7 f11:0x80000000  f8=0x3f6600e7
     224055.000 ns	     22404	80004d98	019e21d3	fadd.s	f3,f28,f25	 f28:0x4f7fffff f25:0x4f7fffff  f3=0x4fffffff
     224085.000 ns	     22407	80004d9c	d011fad3	fcvt.s.wu	f21,x3	  x3:0x00000000 f21=0x00000000
     224105.000 ns	     22409	80004da0	001237b3	sltu	x15,x4,x1	  x4:0xffffffff  x1:0xd5d12bb0 x15=0x00000000
     224125.000 ns	     22411	80004da4	c00a7253	fcvt.w.s	x4,f20	 f20:0xcd72a7a3  x4=0x0f2a7a30
     224145.000 ns	     22413	80004da8	8b33b213	sltiu	x4,x7,-1869	  x7:0x00000000  x4=0x00000001
     224155.000 ns	     22414	80004dac	2fc5ef13	ori	x30,x11,764	 x11:0x00000000 x30=0x000002fc
     224175.000 ns	     22416	80004db0	a0880dd3	fle.s	x27,f16,f8	 f16:0x80000000  f8:0x3f6600e7 x27=0x00000001
     224195.000 ns	     22418	80004db4	ec13b893	sltiu	x17,x7,-319	  x7:0x00000000 x17=0x00000001
     224225.000 ns	     22421	80004db8	58007fd3	fsqrt.s	f31,f0	  f0:0x00000000 f31=0x00000000
     224275.000 ns	     22426	80004dbc	01737b53	fadd.s	f22,f6,f23	  f6:0x3d72a764 f23:0xcd72a7a3 f22=0xcd72a7a2
     224295.000 ns	     22428	80004dc0	0127beb3	sltu	x29,x15,x18	 x15:0x00000000 x18:0x00000000 x29=0x00000000
     224305.000 ns	     22429	80004dc4	509c3413	sltiu	x8,x24,1289	 x24:0x00000001  x8=0x00000001
     224315.000 ns	     22430	80004dc8	016b9993	slli	x19,x23,0x16	 x23:0x70d195ba x19=0x6e800000
     224325.000 ns	     22431	80004dcc	012f9433	sll	x8,x31,x18	 x31:0x80041024 x18:0x00000000  x8=0x80041024
     224345.000 ns	     22433	80004dd0	02ed86b3	mul	x13,x27,x14	 x27:0x00000001 x14:0x00000000 x13=0x00000000
     224365.000 ns	     22435	80004dd4	005c1193	slli	x3,x24,0x5	 x24:0x00000001  x3=0x00000020
     224725.000 ns	     22471	80004dd8	029b60b3	rem	x1,x22,x9	 x22:0xd5ec7cd8  x9:0x80040fe4  x1=0xd5ec7cd8
     224755.000 ns	     22474	80004ddc	29ee9353	fmax.s	f6,f29,f30	 f29:0x3f6600e7 f30:0x3f6600e7  f6=0x3f6600e7
     224805.000 ns	     22479	80004de0	015d76d3	fadd.s	f13,f26,f21	 f26:0x00000000 f21:0x00000000 f13=0x00000000
     224835.000 ns	     22482	80004de4	28b99dd3	fmax.s	f27,f19,f11	 f19:0x3f72a764 f11:0x80000000 f27=0x3f72a764
     224855.000 ns	     22484	80004de8	40210bb3	sub	x23,x2,x2	  x2:0x00000001  x2:0x00000001 x23=0x00000000
     224875.000 ns	     22486	80004dec	286506d3	fmin.s	f13,f10,f6	 f10:0xc0020812  f6:0x3f6600e7 f13=0xc0020812
     224895.000 ns	     22488	80004df0	00b2aeb3	slt	x29,x5,x11	  x5:0xf0d585cf x11:0x00000000 x29=0x00000001
     224915.000 ns	     22490	80004df4	a1182dd3	feq.s	x27,f16,f17	 f16:0x80000000 f17:0x3f6600e7 x27=0x00000000
     224945.000 ns	     22493	80004df8	a0c20853	fle.s	x16,f4,f12	  f4:0x3f72a764 f12:0x4d815454 x16=0x00000001
     224965.000 ns	     22495	80004dfc	01b5fe33	and	x28,x11,x27	 x11:0x00000000 x27:0x00000000 x28=0x00000000
     224985.000 ns	     22497	80004e00	c01935d3	fcvt.wu.s	x11,f18	 f18:0x40c24c46 x11=0x00000007
     225005.000 ns	     22499	80004e04	00d8d933	srl	x18,x17,x13	 x17:0x00000001 x13:0x00000000 x18=0x00000001
     225015.000 ns	     22500	80004e08	08624117	auipc	x2,0x8624	  x2=0x88628e08
     225035.000 ns	     22502	80004e0c	21fc1653	fsgnjn.s	f12,f24,f31	 f24:0x7fc00000 f31:0x00000000 f12=0xffc00000
     225065.000 ns	     22505	80004e10	e0020153	fmv.x.w	x2,f4	  f4:0x3f72a764  x2=0x3f72a764
     225085.000 ns	     22507	80004e14	01d1bab3	sltu	x21,x3,x29	  x3:0x00000020 x29:0x00000001 x21=0x00000000
     225095.000 ns	     22508	80004e18	aea62813	slti	x16,x12,-1302	 x12:0x70d195bb x16=0x00000000
     225115.000 ns	     22510	80004e1c	02c68d33	mul	x26,x13,x12	 x13:0x00000000 x12:0x70d195bb x26=0x00000000
     225145.000 ns	     22513	80004e20	293f9653	fmax.s	f12,f31,f19	 f31:0x00000000 f19:0x3f72a764 f12=0x3f72a764
     225175.000 ns	     22516	80004e24	a1af8a53	fle.s	x20,f31,f26	 f31:0x00000000 f26:0x00000000 x20=0x00000001
     225195.000 ns	     22518	80004e28	4102d793	srai	x15,x5,0x10	  x5:0xf0d585cf x15=0xfffff0d5
     225215.000 ns	     22520	80004e2c	c004bd53	fcvt.w.s	x26,f9	  f9:0x3f7fffae x26=0x00000001
     225235.000 ns	     22522	80004e30	0145f9b3	and	x19,x11,x20	 x11:0x00000007 x20:0x00000001 x19=0x00000001
     225265.000 ns	     22525	80004e34	58059253	fsqrt.s	f4,f11	 f11:0x80000000  f4=0x80000000
     225285.000 ns	     22527	80004e38	c444ed13	ori	x26,x9,-956	  x9:0x80040fe4 x26=0xffffffe4
     225305.000 ns	     22529	80004e3c	29550c53	fmin.s	f24,f10,f21	 f10:0xc0020812 f21:0x00000000 f24=0xc0020812
     225325.000 ns	     22531	80004e40	415e6613	ori	x12,x28,1045	 x28:0x00000000 x12=0x00000415
     225345.000 ns	     22533	80004e44	21652853	fsgnjx.s	f16,f10,f22	 f10:0xc0020812 f22:0xcd72a7a2 f16=0x40020812
     225365.000 ns	     22535	80004e48	0ad3e593	ori	x11,x7,173	  x7:0x00000000 x11=0x000000ad
     225375.000 ns	     22536	80004e4c	7d64f313	andi	x6,x9,2006	  x9:0x80040fe4  x6=0x000007c4
     225395.000 ns	     22538	80004e50	a1482253	feq.s	x4,f16,f20	 f16:0x40020812 f20:0xcd72a7a3  x4=0x00000000
     225415.000 ns	     22540	80004e54	018b7db3	and	x27,x22,x24	 x22:0xd5ec7cd8 x24:0x00000001 x27=0x00000000
     225435.000 ns	     22542	80004e58	d0038653	fcvt.s.w	f12,x7	  x7:0x00000000 f12=0x00000000
     225455.000 ns	     22544	80004e5c	a3296f37	lui	x30,0xa3296	 x30=0xa3296000
     225815.000 ns	     22580	80004e60	03af6bb3	rem	x23,x30,x26	 x30:0x000002fc x26:0xffffffe4 x23=0xfffffff4
     225835.000 ns	     22582	80004e64	41e95513	srai	x10,x18,0x1e	 x18:0x00000001 x10=0x00000000
     225855.000 ns	     22584	80004e68	02d1ad33	mulhsu	x26,x3,x13	  x3:0x00000020 x13:0x00000000 x26=0x00000000
     225885.000 ns	     22587	80004e6c	d00ef553	fcvt.s.w	f10,x29	 x29:0x00000001 f10=0x3f800000
     225915.000 ns	     22590	80004e70	d01cb8d3	fcvt.s.wu	f17,x25	 x25:0x00000000 f17=0x00000000
     225935.000 ns	     22592	80004e74	01b74233	xor	x4,x14,x27	 x14:0x00000000 x27:0x00000000  x4=0x00000000
     225945.000 ns	     22593	80004e78	40285593	srai	x11,x16,0x2	 x16:0x00000000 x11=0x00000000
     225955.000 ns	     22594	80004e7c	00d0a333	slt	x6,x1,x13	  x1:0xd5ec7cd8 x13:0x00000000  x6=0x00000001
     225965.000 ns	     22595	80004e80	403ed033	sra	x0,x29,x3	 x29:0x00000001  x3:0x00000020
     225975.000 ns	     22596	80004e84	00121993	slli	x19,x4,0x1	  x4:0x00000000 x19=0x00000000
     225985.000 ns	     22597	80004e88	01ce19b3	sll	x19,x28,x28	 x28:0x00000000 x28:0x00000000 x19=0x00000000
     225995.000 ns	     22598	80004e8c	73963193	sltiu	x3,x12,1849	 x12:0x00000415  x3=0x00000001
     226015.000 ns	     22600	80004e90	d008fd53	fcvt.s.w	f26,x17	 x17:0x00000001 f26=0x3f800000
     226045.000 ns	     22603	80004e94	d0137153	fcvt.s.wu	f2,x6	  x6:0x00000001  f2=0x3f800000
     226075.000 ns	     22606	80004e98	206c8353	fsgnj.s	f6,f25,f6	 f25:0x4f7fffff  f6:0x3f6600e7  f6=0x4f7fffff
     226105.000 ns	     22609	80004e9c	288593d3	fmax.s	f7,f11,f8	 f11:0x80000000  f8:0x3f6600e7  f7=0x3f6600e7
     226125.000 ns	     22611	80004ea0	8c287993	andi	x19,x16,-1854	 x16:0x00000000 x19=0x00000000
     226135.000 ns	     22612	80004ea4	019f4e33	xor	x28,x30,x25	 x30:0xa3296000 x25:0x00000000 x28=0xa3296000
     226145.000 ns	     22613	80004ea8	011fd613	srli	x12,x31,0x11	 x31:0x80041024 x12=0x00004002
     226165.000 ns	     22615	80004eac	e00e8953	fmv.x.w	x18,f29	 f29:0x3f6600e7 x18=0x3f6600e7
     226195.000 ns	     22618	80004eb0	02643c33	mulhu	x24,x8,x6	  x8:0x80041024  x6:0x00000001 x24=0x00000000
     226225.000 ns	     22621	80004eb4	02bd2833	mulhsu	x16,x26,x11	 x26:0x00000000 x11:0x00000000 x16=0x00000000
     226255.000 ns	     22624	80004eb8	29f58553	fmin.s	f10,f11,f31	 f11:0x80000000 f31:0x00000000 f10=0x80000000
     226275.000 ns	     22626	80004ebc	d3a9b213	sltiu	x4,x19,-710	 x19:0x00000000  x4=0x00000001
     226295.000 ns	     22628	80004ec0	d00046d3	fcvt.s.w	f13,x0	  x0:0x00000000 f13=0x00000000
     226345.000 ns	     22633	80004ec4	096efc53	fsub.s	f24,f29,f22	 f29:0x3f6600e7 f22:0xcd72a7a2 f24=0x4d72a7a2
     226365.000 ns	     22635	80004ec8	417a5eb3	sra	x29,x20,x23	 x20:0x00000001 x23:0xfffffff4 x29=0x00000000
     226385.000 ns	     22637	80004ecc	20c60cd3	fsgnj.s	f25,f12,f12	 f12:0x00000000 f12:0x00000000 f25=0x00000000
     226405.000 ns	     22639	80004ed0	8ecf0c93	addi	x25,x30,-1812	 x30:0xa3296000 x25=0xa32958ec
     226415.000 ns	     22640	80004ed4	01751bb3	sll	x23,x10,x23	 x10:0x00000000 x23:0xfffffff4 x23=0x00000000
     226425.000 ns	     22641	80004ed8	01bb1233	sll	x4,x22,x27	 x22:0xd5ec7cd8 x27:0x00000000  x4=0xd5ec7cd8
     226435.000 ns	     22642	80004edc	0a4e0713	addi	x14,x28,164	 x28:0xa3296000 x14=0xa32960a4
     226445.000 ns	     22643	80004ee0	01087233	and	x4,x16,x16	 x16:0x00000000 x16:0x00000000  x4=0x00000000
     226455.000 ns	     22644	80004ee4	00561213	slli	x4,x12,0x5	 x12:0x00004002  x4=0x00080040
     226465.000 ns	     22645	80004ee8	40490ab3	sub	x21,x18,x4	 x18:0x3f6600e7  x4:0xd5ec7cd8 x21=0x3f5e00a7
     226475.000 ns	     22646	80004eec	3f380597	auipc	x11,0x3f380	 x11=0xbf384eec
     226485.000 ns	     22647	80004ef0	3f929317	auipc	x6,0x3f929	  x6=0xbf92def0
     226505.000 ns	     22649	80004ef4	a07e9ed3	flt.s	x29,f29,f7	 f29:0x3f6600e7  f7:0x3f6600e7 x29=0x00000000
     226535.000 ns	     22652	80004ef8	02662c33	mulhsu	x24,x12,x6	 x12:0x00004002  x6:0x00000001 x24=0x00002fe6
     226555.000 ns	     22654	80004efc	4042dcb3	sra	x25,x5,x4	  x5:0xf0d585cf  x4:0x00080040 x25=0xf0d585cf
     226565.000 ns	     22655	80004f00	fc398093	addi	x1,x19,-61	 x19:0x00000000  x1=0xffffffc3
     226575.000 ns	     22656	80004f04	00000013	addi	x0,x0,0	  x0:0x00000000
     226585.000 ns	     22657	80004f08	41320133	sub	x2,x4,x19	  x4:0x00080040 x19:0x00000000  x2=0x00080040
     226605.000 ns	     22659	80004f0c	a1f2a953	feq.s	x18,f5,f31	  f5:0x00000000 f31:0x00000000 x18=0x00000001
     226635.000 ns	     22662	80004f10	d0018953	fcvt.s.w	f18,x3	  x3:0x00000001 f18=0x3f800000
     226655.000 ns	     22664	80004f14	00f6d113	srli	x2,x13,0xf	 x13:0x00000000  x2=0x00000000
     226675.000 ns	     22666	80004f18	299615d3	fmax.s	f11,f12,f25	 f12:0x00000000 f25:0x00000000 f11=0x00000000
     226695.000 ns	     22668	80004f1c	ae936593	ori	x11,x6,-1303	  x6:0xbf92def0 x11=0xfffffef9
     226715.000 ns	     22670	80004f20	200a0953	fsgnj.s	f18,f20,f0	 f20:0xcd72a7a3  f0:0x00000000 f18=0x4d72a7a3
     226735.000 ns	     22672	80004f24	019c9593	slli	x11,x25,0x19	 x25:0xf0d585cf x11=0x9e000000
     226755.000 ns	     22674	80004f28	02c511b3	mulh	x3,x10,x12	 x10:0x00000000 x12:0x00004002  x3=0x00000000
     226775.000 ns	     22676	80004f2c	01bb0eb3	add	x29,x22,x27	 x22:0xd5ec7cd8 x27:0x00000000 x29=0xd5ec7cd8
     226785.000 ns	     22677	80004f30	00990333	add	x6,x18,x9	 x18:0x00000001  x9:0x80040fe4  x6=0x80040fe5
     226825.000 ns	     22681	80004f34	00307353	fadd.s	f6,f0,f3	  f0:0x00000000  f3:0x4fffffff  f6=0x4fffffff
     226845.000 ns	     22683	80004f38	0015e233	or	x4,x11,x1	 x11:0x9e000000  x1:0xffffffc3  x4=0xffffffc3
     226885.000 ns	     22687	80004f3c	087a8b53	fsub.s	f22,f21,f7	 f21:0x00000000  f7:0x3f6600e7 f22=0xbf6600e7
     226915.000 ns	     22690	80004f40	e00b8e53	fmv.x.w	x28,f23	 f23:0xcd72a7a3 x28=0xcd72a7a3
     228095.000 ns	     22808	80004f44	580d73d3	fsqrt.s	f7,f26	 f26:0x3f800000  f7=0x3f7fffae
     228115.000 ns	     22810	80004f48	00556133	or	x2,x10,x5	 x10:0x00000000  x5:0xf0d585cf  x2=0xf0d585cf
     228125.000 ns	     22811	80004f4c	41db80b3	sub	x1,x23,x29	 x23:0x00000000 x29:0xd5ec7cd8  x1=0x2a138328
     228145.000 ns	     22813	80004f50	c019f453	fcvt.wu.s	x8,f19	 f19:0x3f72a764  x8=0x00000000
     228175.000 ns	     22816	80004f54	d00a7253	fcvt.s.w	f4,x20	 x20:0x00000001  f4=0x3f800000
     228545.000 ns	     22853	80004f58	03effd33	remu	x26,x31,x30	 x31:0x80041024 x30:0xa3296000 x26=0x80041024
     228575.000 ns	     22856	80004f5c	29729953	fmax.s	f18,f5,f23	  f5:0x00000000 f23:0xcd72a7a3 f18=0x00000000
     228605.000 ns	     22859	80004f60	e00216d3	fclass.s	x13,f4	  f4:0x3f800000 x13=0x00000040
     228645.000 ns	     22863	80004f64	10501953	fmul.s	f18,f0,f5	  f0:0x00000000  f5:0x00000000 f18=0x00000000
     228665.000 ns	     22865	80004f68	8ff6c117	auipc	x2,0x8ff6c	  x2=0x0ff70f68
     228705.000 ns	     22869	80004f6c	0083f1d3	fadd.s	f3,f7,f8	  f7:0x3f7fffae  f8:0x3f6600e7  f3=0x3ff3004a
     228725.000 ns	     22871	80004f70	70698813	addi	x16,x19,1798	 x19:0x00000000 x16=0x00000706
     228735.000 ns	     22872	80004f74	4cbd6693	ori	x13,x26,1227	 x26:0x80041024 x13=0x800414ef
     229095.000 ns	     22908	80004f78	022aff33	remu	x30,x21,x2	 x21:0x3f5e00a7  x2:0x0ff70f68 x30=0x0f78d26f
     229125.000 ns	     22911	80004f7c	200681d3	fsgnj.s	f3,f13,f0	 f13:0x00000000  f0:0x00000000  f3=0x00000000
     229155.000 ns	     22914	80004f80	20a28053	fsgnj.s	f0,f5,f10	  f5:0x00000000 f10:0x80000000  f0=0x80000000
     229185.000 ns	     22917	80004f84	a0c22bd3	feq.s	x23,f4,f12	  f4:0x3f800000 f12:0x00000000 x23=0x00000000
     229215.000 ns	     22920	80004f88	0254b8b3	mulhu	x17,x9,x5	  x9:0x80040fe4  x5:0xf0d585cf x17=0x786e9530
     229235.000 ns	     22922	80004f8c	01411c33	sll	x24,x2,x20	  x2:0x0ff70f68 x20:0x00000001 x24=0x1fee1ed0
     229255.000 ns	     22924	80004f90	20d4a753	fsgnjx.s	f14,f9,f13	  f9:0x3f7fffae f13:0x00000000 f14=0x3f7fffae
     229285.000 ns	     22927	80004f94	03cc9f33	mulh	x30,x25,x28	 x25:0xf0d585cf x28:0xcd72a7a3 x30=0x02feab7e
     229315.000 ns	     22930	80004f98	03d229b3	mulhsu	x19,x4,x29	  x4:0xffffffc3 x29:0xd5ec7cd8 x19=0xffffffcd
     229335.000 ns	     22932	80004f9c	0155c533	xor	x10,x11,x21	 x11:0x9e000000 x21:0x3f5e00a7 x10=0xa15e00a7
     229375.000 ns	     22936	80004fa0	09fd75d3	fsub.s	f11,f26,f31	 f26:0x3f800000 f31:0x00000000 f11=0x3f800000
     229405.000 ns	     22939	80004fa4	02eca433	mulhsu	x8,x25,x14	 x25:0xf0d585cf x14:0xa32960a4  x8=0xf65580ab
     229435.000 ns	     22942	80004fa8	d00b22d3	fcvt.s.w	f5,x22	 x22:0xd5ec7cd8  f5=0xce284e0d
     229465.000 ns	     22945	80004fac	027260b3	rem	x1,x4,x7	  x4:0xffffffc3  x7:0x00000000  x1=0xffffffc3
     229835.000 ns	     22982	80004fb0	02d05333	divu	x6,x0,x13	  x0:0x00000000 x13:0x800414ef  x6=0x00000000
     230205.000 ns	     23019	80004fb4	02e4f5b3	remu	x11,x9,x14	  x9:0x80040fe4 x14:0xa32960a4 x11=0x80040fe4
     230225.000 ns	     23021	80004fb8	00de1c33	sll	x24,x28,x13	 x28:0xcd72a7a3 x13:0x800414ef x24=0x53d18000
     230245.000 ns	     23023	80004fbc	0204af33	mulhsu	x30,x9,x0	  x9:0x80040fe4  x0:0x00000000 x30=0x00000000
     230275.000 ns	     23026	80004fc0	03a6ba33	mulhu	x20,x13,x26	 x13:0x800414ef x26:0x80041024 x20=0x4004129a
     230295.000 ns	     23028	80004fc4	01c05633	srl	x12,x0,x28	  x0:0x00000000 x28:0xcd72a7a3 x12=0x00000000
     230315.000 ns	     23030	80004fc8	a1b58cd3	fle.s	x25,f11,f27	 f11:0x3f800000 f27:0x3f72a764 x25=0x00000000
     230345.000 ns	     23033	80004fcc	0285b6b3	mulhu	x13,x11,x8	 x11:0x80040fe4  x8:0xf65580ab x13=0x7b2ea8f5
     230375.000 ns	     23036	80004fd0	28bb13d3	fmax.s	f7,f22,f11	 f22:0xbf6600e7 f11:0x3f800000  f7=0x3f800000
     230405.000 ns	     23039	80004fd4	29a693d3	fmax.s	f7,f13,f26	 f13:0x00000000 f26:0x3f800000  f7=0x3f800000
     230425.000 ns	     23041	80004fd8	40395c93	srai	x25,x18,0x3	 x18:0x00000001 x25=0x00000000
     230435.000 ns	     23042	80004fdc	017c4333	xor	x6,x24,x23	 x24:0x53d18000 x23:0x00000000  x6=0x53d18000
     230455.000 ns	     23044	80004fe0	d01cf9d3	fcvt.s.wu	f19,x25	 x25:0x00000000 f19=0x00000000
     230485.000 ns	     23047	80004fe4	c01e0bd3	fcvt.wu.s	x23,f28	 f28:0x4f7fffff x23=0xffffff00
     230515.000 ns	     23050	80004fe8	a10187d3	fle.s	x15,f3,f16	  f3:0x00000000 f16:0x40020812 x15=0x00000001
     230535.000 ns	     23052	80004fec	eb307193	andi	x3,x0,-333	  x0:0x00000000  x3=0x00000000
     230895.000 ns	     23088	80004ff0	0224e1b3	rem	x3,x9,x2	  x9:0x80040fe4  x2:0x0ff70f68  x3=0xffbc8b24
     230925.000 ns	     23091	80004ff4	e00d1753	fclass.s	x14,f26	 f26:0x3f800000 x14=0x00000040
     230955.000 ns	     23094	80004ff8	c0059453	fcvt.w.s	x8,f11	 f11:0x3f800000  x8=0x00000001
     230985.000 ns	     23097	80004ffc	03741933	mulh	x18,x8,x23	  x8:0xf65580ab x23:0xffffff00 x18=0xffffffff
     231015.000 ns	     23100	80005000	02026333	rem	x6,x4,x0	  x4:0xffffffc3  x0:0x00000000  x6=0xffffffc3
     231035.000 ns	     23102	80005004	46c63393	sltiu	x7,x12,1132	 x12:0x00000000  x7=0x00000001
     231045.000 ns	     23103	80005008	896b4593	xori	x11,x22,-1898	 x22:0xd5ec7cd8 x11=0x2a13844e
     231065.000 ns	     23105	8000500c	02db0b33	mul	x22,x22,x13	 x22:0xd5ec7cd8 x13:0x7b2ea8f5 x22=0x24113ab8
     231095.000 ns	     23108	80005010	0270b033	mulhu	x0,x1,x7	  x1:0xffffffc3  x7:0x00000001
     231145.000 ns	     23113	80005014	010e9853	fadd.s	f16,f29,f16	 f29:0x3f6600e7 f16:0x40020812 f16=0x403b884b
     231165.000 ns	     23115	80005018	012498b3	sll	x17,x9,x18	  x9:0x80040fe4 x18:0xffffffff x17=0x00000000
     231175.000 ns	     23116	8000501c	40455713	srai	x14,x10,0x4	 x10:0xa15e00a7 x14=0xfa15e00a
     231195.000 ns	     23118	80005020	c01a73d3	fcvt.wu.s	x7,f20	 f20:0xcd72a7a3  x7=0x0f2a7a30
     231535.000 ns	     23152	80005024	196171d3	fdiv.s	f3,f2,f22	  f2:0x3f800000 f22:0xbf6600e7  f3=0xbfb597f4
     231565.000 ns	     23155	80005028	e00395d3	fclass.s	x11,f7	  f7:0x3f800000 x11=0x00000040
     231595.000 ns	     23158	8000502c	a1500953	fle.s	x18,f0,f21	  f0:0x80000000 f21:0x00000000 x18=0x00000001
     231615.000 ns	     23160	80005030	009603b3	add	x7,x12,x9	 x12:0x00000000  x9:0x80040fe4  x7=0x80040fe4
     231625.000 ns	     23161	80005034	eb922d13	slti	x26,x4,-327	  x4:0xffffffc3 x26=0x00000000
     231645.000 ns	     23163	80005038	d01dfe53	fcvt.s.wu	f28,x27	 x27:0x00000000 f28=0x00000000
     232825.000 ns	     23281	8000503c	580c7253	fsqrt.s	f4,f24	 f24:0x4d72a7a2  f4=0x462b9526
     232845.000 ns	     23283	80005040	00471e33	sll	x28,x14,x4	 x14:0xfa15e00a  x4:0xffffffc3 x28=0xd0af0050
     232855.000 ns	     23284	80005044	cfe54013	xori	x0,x10,-770	 x10:0xa15e00a7
     232865.000 ns	     23285	80005048	64927f13	andi	x30,x4,1609	  x4:0xffffffc3 x30=0x00000641
     232875.000 ns	     23286	8000504c	01eef0b3	and	x1,x29,x30	 x29:0xd5ec7cd8 x30:0x00000000  x1=0x00000440
     232895.000 ns	     23288	80005050	f0058ed3	fmv.w.x	f29,x11	 x11:0x00000040 f29=0x00000040
     232925.000 ns	     23291	80005054	a099add3	feq.s	x27,f19,f9	 f19:0x00000000  f9:0x3f7fffae x27=0x00000000
     232945.000 ns	     23293	80005058	002b9cb3	sll	x25,x23,x2	 x23:0xffffff00  x2:0x0ff70f68 x25=0xffff0000
     232955.000 ns	     23294	8000505c	0129b433	sltu	x8,x19,x18	 x19:0xffffffcd x18:0x00000001  x8=0x00000000
     232965.000 ns	     23295	80005060	00325733	srl	x14,x4,x3	  x4:0xffffffc3  x3:0xffbc8b24 x14=0x0ffffffc
     232975.000 ns	     23296	80005064	0179d313	srli	x6,x19,0x17	 x19:0xffffffcd  x6=0x000001ff
     232985.000 ns	     23297	80005068	eae2c093	xori	x1,x5,-338	  x5:0xf0d585cf  x1=0x0f2a7b61
     232995.000 ns	     23298	8000506c	00b5f3b3	and	x7,x11,x11	 x11:0x00000040 x11:0x00000040  x7=0x00000040
     233005.000 ns	     23299	80005070	01161113	slli	x2,x12,0x11	 x12:0x00000000  x2=0x00000000
     233045.000 ns	     23303	80005074	0973f453	fsub.s	f8,f7,f23	  f7:0x3f800000 f23:0xcd72a7a3  f8=0x4d72a7a3
     233075.000 ns	     23306	80005078	29a59453	fmax.s	f8,f11,f26	 f11:0x3f800000 f26:0x3f800000  f8=0x3f800000
     233105.000 ns	     23309	8000507c	2126a953	fsgnjx.s	f18,f13,f18	 f13:0x00000000 f18:0x00000000 f18=0x00000000
     233125.000 ns	     23311	80005080	40d5d333	sra	x6,x11,x13	 x11:0x00000040 x13:0x7b2ea8f5  x6=0x00000000
     233135.000 ns	     23312	80005084	e4dc0e13	addi	x28,x24,-435	 x24:0x53d18000 x28=0x53d17e4d
     233145.000 ns	     23313	80005088	01bba833	slt	x16,x23,x27	 x23:0xffffff00 x27:0x00000000 x16=0x00000001
     233155.000 ns	     23314	8000508c	ddc6c013	xori	x0,x13,-548	 x13:0x7b2ea8f5
     233175.000 ns	     23316	80005090	02228e33	mul	x28,x5,x2	  x5:0xf0d585cf  x2:0x00000000 x28=0x00000000
     233195.000 ns	     23318	80005094	e3f2a213	slti	x4,x5,-449	  x5:0xf0d585cf  x4=0x00000001
     233555.000 ns	     23354	80005098	0308cf33	div	x30,x17,x16	 x17:0x00000000 x16:0x00000001 x30=0x00000000
     233575.000 ns	     23356	8000509c	0109dc13	srli	x24,x19,0x10	 x19:0xffffffcd x24=0x0000ffff
     233585.000 ns	     23357	800050a0	00136c33	or	x24,x6,x1	  x6:0x00000000  x1:0x0f2a7b61 x24=0x0f2a7b61
     233605.000 ns	     23359	800050a4	d0094cd3	fcvt.s.w	f25,x18	 x18:0x00000001 f25=0x3f800000
     233625.000 ns	     23361	800050a8	00859893	slli	x17,x11,0x8	 x11:0x00000040 x17=0x00004000
     233635.000 ns	     23362	800050ac	005f6ab3	or	x21,x30,x5	 x30:0x00000000  x5:0xf0d585cf x21=0xf0d585cf
     233655.000 ns	     23364	800050b0	d00bf453	fcvt.s.w	f8,x23	 x23:0xffffff00  f8=0xc3800000
     233685.000 ns	     23367	800050b4	d009fc53	fcvt.s.w	f24,x19	 x19:0xffffffcd f24=0xc24c0000
     233705.000 ns	     23369	800050b8	006301b3	add	x3,x6,x6	  x6:0x00000000  x6:0x00000000  x3=0x00000000
     233715.000 ns	     23370	800050bc	916c0d93	addi	x27,x24,-1770	 x24:0x0f2a7b61 x27=0x0f2a7477
     233735.000 ns	     23372	800050c0	e0058ed3	fmv.x.w	x29,f11	 f11:0x3f800000 x29=0x3f800000
     233785.000 ns	     23377	800050c4	0867bed3	fsub.s	f29,f15,f6	 f15:0x3f800000  f6:0x4fffffff f29=0xcffffffe
     233805.000 ns	     23379	800050c8	00000013	addi	x0,x0,0	  x0:0x00000000
     233835.000 ns	     23382	800050cc	102fa3d3	fmul.s	f7,f31,f2	 f31:0x00000000  f2:0x3f800000  f7=0x00000000
     233855.000 ns	     23384	800050d0	41040433	sub	x8,x8,x16	  x8:0x00000000 x16:0x00000001  x8=0xffffffff
     233875.000 ns	     23386	800050d4	21d71cd3	fsgnjn.s	f25,f14,f29	 f14:0x3f7fffae f29:0xcffffffe f25=0x3f7fffae
     233895.000 ns	     23388	800050d8	c7b47e13	andi	x28,x8,-901	  x8:0x00000000 x28=0xfffffc7b
     233915.000 ns	     23390	800050dc	a0640ad3	fle.s	x21,f8,f6	  f8:0xc3800000  f6:0x4fffffff x21=0x00000001
     233935.000 ns	     23392	800050e0	415c0cb3	sub	x25,x24,x21	 x24:0x0f2a7b61 x21:0xf0d585cf x25=0x0f2a7b60
     233945.000 ns	     23393	800050e4	4de33d93	sltiu	x27,x6,1246	  x6:0x00000000 x27=0x00000001
     234305.000 ns	     23429	800050e8	03c8f9b3	remu	x19,x17,x28	 x17:0x00004000 x28:0xfffffc7b x19=0x00004000
     234335.000 ns	     23432	800050ec	02bf8733	mul	x14,x31,x11	 x31:0x80041024 x11:0x00000040 x14=0x01040900
     234365.000 ns	     23435	800050f0	a1f393d3	flt.s	x7,f7,f31	  f7:0x00000000 f31:0x00000000  x7=0x00000000
     234385.000 ns	     23437	800050f4	3eddfc13	andi	x24,x27,1005	 x27:0x00000001 x24=0x00000001
     234405.000 ns	     23439	800050f8	c00276d3	fcvt.w.s	x13,f4	  f4:0x462b9526 x13=0x00002ae5
     234435.000 ns	     23442	800050fc	026f0e33	mul	x28,x30,x6	 x30:0x00000000  x6:0x00000000 x28=0x00000000
     234455.000 ns	     23444	80005100	00000013	addi	x0,x0,0	  x0:0x00000000
     234465.000 ns	     23445	80005104	00ebb133	sltu	x2,x23,x14	 x23:0xffffff00 x14:0x01040900  x2=0x00000000
     234475.000 ns	     23446	80005108	005db433	sltu	x8,x27,x5	 x27:0x00000001  x5:0xf0d585cf  x8=0x00000001
     234485.000 ns	     23447	8000510c	018f1033	sll	x0,x30,x24	 x30:0x00000000 x24:0x00000001
     234505.000 ns	     23449	80005110	022c93b3	mulh	x7,x25,x2	 x25:0x0f2a7b60  x2:0x00000000  x7=0x00000000
     234525.000 ns	     23451	80005114	01ccc9b3	xor	x19,x25,x28	 x25:0x0f2a7b60 x28:0x00000000 x19=0x0f2a7b60
     234545.000 ns	     23453	80005118	210e1fd3	fsgnjn.s	f31,f28,f16	 f28:0x00000000 f16:0x403b884b f31=0x80000000
     234575.000 ns	     23456	8000511c	e00703d3	fmv.x.w	x7,f14	 f14:0x3f7fffae  x7=0x3f7fffae
     234605.000 ns	     23459	80005120	03ad1ab3	mulh	x21,x26,x26	 x26:0x00000000 x26:0x00000000 x21=0x00000000
     234625.000 ns	     23461	80005124	012cc1b3	xor	x3,x25,x18	 x25:0x0f2a7b60 x18:0x00000001  x3=0x0f2a7b61
     234985.000 ns	     23497	80005128	02a54533	div	x10,x10,x10	 x10:0xa15e00a7 x10:0xa15e00a7 x10=0x00000001
     235005.000 ns	     23499	8000512c	e2136913	ori	x18,x6,-479	  x6:0x00000000 x18=0xfffffe21
     235015.000 ns	     23500	80005130	40cd8db3	sub	x27,x27,x12	 x27:0x00000001 x12:0x00000000 x27=0x00000001
     235025.000 ns	     23501	80005134	007cd993	srli	x19,x25,0x7	 x25:0x0f2a7b60 x19=0x001e54f6
     235035.000 ns	     23502	80005138	bb547513	andi	x10,x8,-1099	  x8:0x00000001 x10=0x00000001
     235055.000 ns	     23504	8000513c	202680d3	fsgnj.s	f1,f13,f2	 f13:0x00000000  f2:0x3f800000  f1=0x00000000
     235075.000 ns	     23506	80005140	4077dc13	srai	x24,x15,0x7	 x15:0x00000001 x24=0x00000000
     235085.000 ns	     23507	80005144	00000013	addi	x0,x0,0	  x0:0x00000000
     235445.000 ns	     23543	80005148	030bfe33	remu	x28,x23,x16	 x23:0xffffff00 x16:0x00000001 x28=0x00000000
     235465.000 ns	     23545	8000514c	889cb193	sltiu	x3,x25,-1911	 x25:0x0f2a7b60  x3=0x00000001
     235485.000 ns	     23547	80005150	a1719053	flt.s	x0,f3,f23	  f3:0xbfb597f4 f23:0xcd72a7a3
     235505.000 ns	     23549	80005154	00d9d033	srl	x0,x19,x13	 x19:0x001e54f6 x13:0x00002ae5
     235515.000 ns	     23550	80005158	d6bc4d93	xori	x27,x24,-661	 x24:0x00000000 x27=0xfffffd6b
     235525.000 ns	     23551	8000515c	7cbf3b13	sltiu	x22,x30,1995	 x30:0x00000000 x22=0x00000001
     235545.000 ns	     23553	80005160	a152a9d3	feq.s	x19,f5,f21	  f5:0xce284e0d f21:0x00000000 x19=0x00000000
     235565.000 ns	     23555	80005164	0025d093	srli	x1,x11,0x2	 x11:0x00000040  x1=0x00000010
     235925.000 ns	     23591	80005168	02ade933	rem	x18,x27,x10	 x27:0xfffffd6b x10:0x00000001 x18=0x00000000
     235955.000 ns	     23594	8000516c	e00f08d3	fmv.x.w	x17,f30	 f30:0x3f6600e7 x17=0x3f6600e7
     235985.000 ns	     23597	80005170	d00e7c53	fcvt.s.w	f24,x28	 x28:0x00000000 f24=0x00000000
     236015.000 ns	     23600	80005174	a1261f53	flt.s	x30,f12,f18	 f12:0x00000000 f18:0x00000000 x30=0x00000000
     236035.000 ns	     23602	80005178	0125e233	or	x4,x11,x18	 x11:0x00000040 x18:0x00000000  x4=0x00000040
     236045.000 ns	     23603	8000517c	ac06a613	slti	x12,x13,-1344	 x13:0x00002ae5 x12=0x00000000
     236055.000 ns	     23604	80005180	0155ff33	and	x30,x11,x21	 x11:0x00000040 x21:0x00000000 x30=0x00000000
     236075.000 ns	     23606	80005184	29ee84d3	fmin.s	f9,f29,f30	 f29:0xcffffffe f30:0x3f6600e7  f9=0xcffffffe
     236105.000 ns	     23609	80005188	02a22733	mulhsu	x14,x4,x10	  x4:0x00000040 x10:0x00000001 x14=0x00000000
     236145.000 ns	     23613	8000518c	58057653	fsqrt.s	f12,f10	 f10:0x80000000 f12=0x80000000
     236175.000 ns	     23616	80005190	a1ff29d3	feq.s	x19,f30,f31	 f30:0x3f6600e7 f31:0x80000000 x19=0x00000000
     236215.000 ns	     23620	80005194	5809f153	fsqrt.s	f2,f19	 f19:0x00000000  f2=0x00000000
     236245.000 ns	     23623	80005198	21e09753	fsgnjn.s	f14,f1,f30	  f1:0x00000000 f30:0x3f6600e7 f14=0x80000000
     236275.000 ns	     23626	8000519c	039a11b3	mulh	x3,x20,x25	 x20:0x4004129a x25:0x0f2a7b60  x3=0x03cadc9c
     236305.000 ns	     23629	800051a0	d00e2dd3	fcvt.s.w	f27,x28	 x28:0x00000000 f27=0x00000000
     236335.000 ns	     23632	800051a4	c01d7753	fcvt.wu.s	x14,f26	 f26:0x3f800000 x14=0x00000001
     236365.000 ns	     23635	800051a8	037d1bb3	mulh	x23,x26,x23	 x26:0x00000000 x23:0xffffff00 x23=0x00000000
     236395.000 ns	     23638	800051ac	e0059453	fclass.s	x8,f11	 f11:0x3f800000  x8=0x00000040
     236435.000 ns	     23642	800051b0	19518253	fdiv.s	f4,f3,f21	  f3:0xbfb597f4 f21:0x00000000  f4=0xff800000
     236805.000 ns	     23679	800051b4	02b7fdb3	remu	x27,x15,x11	 x15:0x00000001 x11:0x00000040 x27=0x00000001
     236855.000 ns	     23684	800051b8	080bf8d3	fsub.s	f17,f23,f0	 f23:0xcd72a7a3  f0:0x80000000 f17=0xcd72a7a3
     236885.000 ns	     23687	800051bc	c01baf53	fcvt.wu.s	x30,f23	 f23:0xcd72a7a3 x30=0x0f2a7a30
     236915.000 ns	     23690	800051c0	a1601ed3	flt.s	x29,f0,f22	  f0:0x80000000 f22:0xbf6600e7 x29=0x00000000
     236945.000 ns	     23693	800051c4	035b4633	div	x12,x22,x21	 x22:0x00000001 x21:0x00000000 x12=0xffffffff
     236975.000 ns	     23696	800051c8	0310a633	mulhsu	x12,x1,x17	  x1:0x00000010 x17:0x3f6600e7 x12=0x00000003
     237005.000 ns	     23699	800051cc	f00d8a53	fmv.w.x	f20,x27	 x27:0x00000001 f20=0x00000001
     237055.000 ns	     23704	800051d0	09587bd3	fsub.s	f23,f16,f21	 f16:0x403b884b f21:0x00000000 f23=0x403b884b
     237085.000 ns	     23707	800051d4	03ac15b3	mulh	x11,x24,x26	 x24:0x00000000 x26:0x00000000 x11=0x00000000
     237115.000 ns	     23710	800051d8	c0067a53	fcvt.w.s	x20,f12	 f12:0x80000000 x20=0x00000000
     237155.000 ns	     23714	800051dc	58027b53	fsqrt.s	f22,f4	  f4:0xff800000 f22=0x7fc00000
     237175.000 ns	     23716	800051e0	00410b33	add	x22,x2,x4	  x2:0x00000000  x4:0x00000040 x22=0x00000040
     237195.000 ns	     23718	800051e4	a1f39cd3	flt.s	x25,f7,f31	  f7:0x00000000 f31:0x80000000 x25=0x00000000
     237215.000 ns	     23720	800051e8	0059de13	srli	x28,x19,0x5	 x19:0x00000000 x28=0x00000000
     237225.000 ns	     23721	800051ec	01f6a133	slt	x2,x13,x31	 x13:0x00002ae5 x31:0x80041024  x2=0x00000000
     237235.000 ns	     23722	800051f0	0064d833	srl	x16,x9,x6	  x9:0x80040fe4  x6:0x00000000 x16=0x80040fe4
     237255.000 ns	     23724	800051f4	02b9b733	mulhu	x14,x19,x11	 x19:0x00000000 x11:0x00000000 x14=0x00000000
     237275.000 ns	     23726	800051f8	00d4b133	sltu	x2,x9,x13	  x9:0x80040fe4 x13:0x00002ae5  x2=0x00000000
     237295.000 ns	     23728	800051fc	a10c9253	flt.s	x4,f25,f16	 f25:0x3f7fffae f16:0x403b884b  x4=0x00000001
     237665.000 ns	     23765	80005200	02307bb3	remu	x23,x0,x3	  x0:0x00000000  x3:0x03cadc9c x23=0x00000000
     237685.000 ns	     23767	80005204	9eb92037	lui	x0,0x9eb92	
     237705.000 ns	     23769	80005208	0279b233	mulhu	x4,x19,x7	 x19:0x00000000  x7:0x3f7fffae  x4=0x00000000
     237745.000 ns	     23773	8000520c	191077d3	fdiv.s	f15,f0,f17	  f0:0x80000000 f17:0xcd72a7a3 f15=0x00000000
     237775.000 ns	     23776	80005210	a0fc91d3	flt.s	x3,f25,f15	 f25:0x3f7fffae f15:0x3f800000  x3=0x00000000
     237805.000 ns	     23779	80005214	c00ef853	fcvt.w.s	x16,f29	 f29:0xcffffffe x16=0x80000000
     237835.000 ns	     23782	80005218	21049f53	fsgnjn.s	f30,f9,f16	  f9:0xcffffffe f16:0x403b884b f30=0xcffffffe
     237855.000 ns	     23784	8000521c	a1c72213	slti	x4,x14,-1508	 x14:0x00000000  x4=0x00000000
     237875.000 ns	     23786	80005220	e00d8453	fmv.x.w	x8,f27	 f27:0x00000000  x8=0x00000000
     237925.000 ns	     23791	80005224	090879d3	fsub.s	f19,f16,f16	 f16:0x403b884b f16:0x403b884b f19=0x80000000
     237955.000 ns	     23794	80005228	2065a253	fsgnjx.s	f4,f11,f6	 f11:0x3f800000  f6:0x4fffffff  f4=0x3f800000
     237975.000 ns	     23796	8000522c	40ca8333	sub	x6,x21,x12	 x21:0x00000000 x12:0x00000003  x6=0xfffffffd
     237995.000 ns	     23798	80005230	035d05b3	mul	x11,x26,x21	 x26:0x00000000 x21:0x00000000 x11=0x00000000
     238015.000 ns	     23800	80005234	41300633	sub	x12,x0,x19	  x0:0x00000000 x19:0x00000000 x12=0x00000000
     238035.000 ns	     23802	80005238	c01c20d3	fcvt.wu.s	x1,f24	 f24:0x00000000  x1=0x00000000
     238405.000 ns	     23839	8000523c	03f97a33	remu	x20,x18,x31	 x18:0x00000000 x31:0x80041024 x20=0x00000000
     238425.000 ns	     23841	80005240	89bb7613	andi	x12,x22,-1893	 x22:0x00000040 x12=0x00000000
     238435.000 ns	     23842	80005244	40d95113	srai	x2,x18,0xd	 x18:0x00000000  x2=0x00000000
     238455.000 ns	     23844	80005248	e00d1353	fclass.s	x6,f26	 f26:0x3f800000  x6=0x00000040
     238475.000 ns	     23846	8000524c	5952b997	auipc	x19,0x5952b	 x19=0xd953024c
     238495.000 ns	     23848	80005250	02d51033	mulh	x0,x10,x13	 x10:0x00000001 x13:0x00002ae5
     238525.000 ns	     23851	80005254	20df8b53	fsgnj.s	f22,f31,f13	 f31:0x80000000 f13:0x00000000 f22=0x00000000
     238555.000 ns	     23854	80005258	02d336b3	mulhu	x13,x6,x13	  x6:0x00000040 x13:0x00002ae5 x13=0x00000000
     238575.000 ns	     23856	8000525c	4099d1b3	sra	x3,x19,x9	 x19:0xd953024c  x9:0x80040fe4  x3=0xfd953024
     238595.000 ns	     23858	80005260	202f90d3	fsgnjn.s	f1,f31,f2	 f31:0x80000000  f2:0x00000000  f1=0x80000000
     238625.000 ns	     23861	80005264	c01b9853	fcvt.wu.s	x16,f23	 f23:0x403b884b x16=0x00000002
     238995.000 ns	     23898	80005268	0300feb3	remu	x29,x1,x16	  x1:0x00000000 x16:0x80000000 x29=0x00000000
     239015.000 ns	     23900	8000526c	012f5c33	srl	x24,x30,x18	 x30:0x0f2a7a30 x18:0x00000000 x24=0x0f2a7a30
     239045.000 ns	     23903	80005270	580712d3	fsqrt.s	f5,f14	 f14:0x80000000  f5=0x80000000
     239075.000 ns	     23906	80005274	285d1fd3	fmax.s	f31,f26,f5	 f26:0x3f800000  f5:0xce284e0d f31=0x3f800000
     239105.000 ns	     23909	80005278	a1d2a153	feq.s	x2,f5,f29	  f5:0x80000000 f29:0xcffffffe  x2=0x00000000
     239125.000 ns	     23911	8000527c	406a5933	sra	x18,x20,x6	 x20:0x00000000  x6:0x00000040 x18=0x00000000
     239135.000 ns	     23912	80005280	7cc12213	slti	x4,x2,1996	  x2:0x00000000  x4=0x00000001
     239145.000 ns	     23913	80005284	013c08b3	add	x17,x24,x19	 x24:0x0f2a7a30 x19:0xd953024c x17=0xe87d7c7c
     239165.000 ns	     23915	80005288	a0139dd3	flt.s	x27,f7,f1	  f7:0x00000000  f1:0x80000000 x27=0x00000000
     239195.000 ns	     23918	8000528c	e0010853	fmv.x.w	x16,f2	  f2:0x00000000 x16=0x00000000
     239225.000 ns	     23921	80005290	d00ef153	fcvt.s.w	f2,x29	 x29:0x00000000  f2=0x00000000
     239255.000 ns	     23924	80005294	c004fb53	fcvt.w.s	x22,f9	  f9:0xcffffffe x22=0x80000000
     239275.000 ns	     23926	80005298	f3e8e693	ori	x13,x17,-194	 x17:0xe87d7c7c x13=0xffffff7e
     239285.000 ns	     23927	8000529c	28a15997	auipc	x19,0x28a15	 x19=0xa8a1a29c
     239295.000 ns	     23928	800052a0	3d1c7f13	andi	x30,x24,977	 x24:0x0f2a7a30 x30=0x00000210
     239305.000 ns	     23929	800052a4	4dc6fa93	andi	x21,x13,1244	 x13:0xffffff7e x21=0x0000045c
     239315.000 ns	     23930	800052a8	00b49313	slli	x6,x9,0xb	  x9:0x80040fe4  x6=0x207f2000
     239335.000 ns	     23932	800052ac	02cbdc33	divu	x24,x23,x12	 x23:0x00000000 x12:0x00000000 x24=0xffffffff
     239375.000 ns	     23936	800052b0	10f5f1d3	fmul.s	f3,f11,f15	 f11:0x3f800000 f15:0x00000000  f3=0x00000000
     239395.000 ns	     23938	800052b4	00c82b33	slt	x22,x16,x12	 x16:0x00000000 x12:0x00000000 x22=0x00000000
     239405.000 ns	     23939	800052b8	41d9e813	ori	x16,x19,1053	 x19:0xa8a1a29c x16=0xa8a1a69d
     239415.000 ns	     23940	800052bc	00000013	addi	x0,x0,0	  x0:0x00000000
     239435.000 ns	     23942	800052c0	02c0c233	div	x4,x1,x12	  x1:0x00000000 x12:0x00000000  x4=0xffffffff
     239455.000 ns	     23944	800052c4	54f1f893	andi	x17,x3,1359	  x3:0xfd953024 x17=0x00000004
     239475.000 ns	     23946	800052c8	e00393d3	fclass.s	x7,f7	  f7:0x00000000  x7=0x00000010
     239495.000 ns	     23948	800052cc	013bd233	srl	x4,x23,x19	 x23:0x00000000 x19:0xa8a1a29c  x4=0x00000000
     239515.000 ns	     23950	800052d0	02cd5cb3	divu	x25,x26,x12	 x26:0x00000000 x12:0x00000000 x25=0xffffffff
     239535.000 ns	     23952	800052d4	01cb6433	or	x8,x22,x28	 x22:0x00000000 x28:0x00000000  x8=0x00000000
     239555.000 ns	     23954	800052d8	c0177053	fcvt.wu.s	x0,f14	 f14:0x80000000
     239575.000 ns	     23956	800052dc	00000013	addi	x0,x0,0	  x0:0x00000000
     239585.000 ns	     23957	800052e0	cd326b37	lui	x22,0xcd326	 x22=0xcd326000
     239915.000 ns	     23990	800052e4	191f92d3	fdiv.s	f5,f31,f17	 f31:0x3f800000 f17:0xcd72a7a3  f5=0xb1800000
     239945.000 ns	     23993	800052e8	a1590953	fle.s	x18,f18,f21	 f18:0x00000000 f21:0x00000000 x18=0x00000001
     239995.000 ns	     23998	800052ec	01849ed3	fadd.s	f29,f9,f24	  f9:0xcffffffe f24:0x00000000 f29=0xcffffffe
     240035.000 ns	     24002	800052f0	18157f53	fdiv.s	f30,f10,f1	 f10:0x80000000  f1:0x80000000 f30=0x7fc00000
     240055.000 ns	     24004	800052f4	00dedd33	srl	x26,x29,x13	 x29:0x00000000 x13:0xffffff7e x26=0x00000000
     240085.000 ns	     24007	800052f8	5802f4d3	fsqrt.s	f9,f5	  f5:0xb1800000  f9=0x7fc00000
     240105.000 ns	     24009	800052fc	224d6213	ori	x4,x26,548	 x26:0x00000000  x4=0x00000224
     240115.000 ns	     24010	80005300	0106dcb3	srl	x25,x13,x16	 x13:0xffffff7e x16:0xa8a1a69d x25=0x00000007
     240135.000 ns	     24012	80005304	20670453	fsgnj.s	f8,f14,f6	 f14:0x80000000  f6:0x4fffffff  f8=0x00000000
     240155.000 ns	     24014	80005308	41825d13	srai	x26,x4,0x18	  x4:0x00000224 x26=0x00000000
     240165.000 ns	     24015	8000530c	0013d9b3	srl	x19,x7,x1	  x7:0x00000010  x1:0x00000000 x19=0x00000010
     240185.000 ns	     24017	80005310	03cf56b3	divu	x13,x30,x28	 x30:0x00000210 x28:0x00000000 x13=0xffffffff
     240235.000 ns	     24022	80005314	00397b53	fadd.s	f22,f18,f3	 f18:0x00000000  f3:0x00000000 f22=0x00000000
     240265.000 ns	     24025	80005318	a1fb8e53	fle.s	x28,f23,f31	 f23:0x403b884b f31:0x3f800000 x28=0x00000000
     240285.000 ns	     24027	8000531c	00222733	slt	x14,x4,x2	  x4:0x00000224  x2:0x00000000 x14=0x00000000
     240305.000 ns	     24029	80005320	021f7eb3	remu	x29,x30,x1	 x30:0x00000210  x1:0x00000000 x29=0x00000210
     240335.000 ns	     24032	80005324	03a7b633	mulhu	x12,x15,x26	 x15:0x00000001 x26:0x00000000 x12=0x00000000
     240365.000 ns	     24035	80005328	a1c29b53	flt.s	x22,f5,f28	  f5:0xb1800000 f28:0x00000000 x22=0x00000001
     240385.000 ns	     24037	8000532c	00c69eb3	sll	x29,x13,x12	 x13:0xffffffff x12:0x00000000 x29=0xffffffff
     240745.000 ns	     24073	80005330	039be133	rem	x2,x23,x25	 x23:0x00000000 x25:0x00000007  x2=0x00000000
     240775.000 ns	     24076	80005334	a1532b53	feq.s	x22,f6,f21	  f6:0x4fffffff f21:0x00000000 x22=0x00000000
     240805.000 ns	     24079	80005338	216fa1d3	fsgnjx.s	f3,f31,f22	 f31:0x3f800000 f22:0x00000000  f3=0x3f800000
     240825.000 ns	     24081	8000533c	816d6593	ori	x11,x26,-2026	 x26:0x00000000 x11=0xfffff816
     241185.000 ns	     24117	80005340	039850b3	divu	x1,x16,x25	 x16:0xa8a1a69d x25:0x00000007  x1=0x181717cd
     241205.000 ns	     24119	80005344	65400513	addi	x10,x0,1620	  x0:0x00000000 x10=0x00000654
     241225.000 ns	     24121	80005348	c01e7053	fcvt.wu.s	x0,f28	 f28:0x00000000
     241255.000 ns	     24124	8000534c	e0038553	fmv.x.w	x10,f7	  f7:0x00000000 x10=0x00000000
     241275.000 ns	     24126	80005350	bcb57797	auipc	x15,0xbcb57	 x15=0x3cb5c350
     241285.000 ns	     24127	80005354	66817d37	lui	x26,0x66817	 x26=0x66817000
     241305.000 ns	     24129	80005358	a0521ad3	flt.s	x21,f4,f5	  f4:0x3f800000  f5:0xb1800000 x21=0x00000000
     241335.000 ns	     24132	8000535c	f0050e53	fmv.w.x	f28,x10	 x10:0x00000000 f28=0x00000000
     241365.000 ns	     24135	80005360	02879d33	mulh	x26,x15,x8	 x15:0x3cb5c350  x8:0x00000000 x26=0x00000000
     241395.000 ns	     24138	80005364	207f8c53	fsgnj.s	f24,f31,f7	 f31:0x3f800000  f7:0x00000000 f24=0x3f800000
     241435.000 ns	     24142	80005368	11521853	fmul.s	f16,f4,f21	  f4:0x3f800000 f21:0x00000000 f16=0x00000000
     241465.000 ns	     24145	8000536c	d01ef653	fcvt.s.wu	f12,x29	 x29:0xffffffff f12=0x4f7fffff
     241485.000 ns	     24147	80005370	00000013	addi	x0,x0,0	  x0:0x00000000
     241515.000 ns	     24150	80005374	1174a6d3	fmul.s	f13,f9,f23	  f9:0x7fc00000 f23:0x403b884b f13=0x7fc00000
     241565.000 ns	     24155	80005378	09523353	fsub.s	f6,f4,f21	  f4:0x3f800000 f21:0x00000000  f6=0x3f800000
     241595.000 ns	     24158	8000537c	288b8fd3	fmin.s	f31,f23,f8	 f23:0x403b884b  f8:0x00000000 f31=0x00000000
     241615.000 ns	     24160	80005380	00098ab3	add	x21,x19,x0	 x19:0x00000010  x0:0x00000000 x21=0x00000010
     241625.000 ns	     24161	80005384	01e8f3b3	and	x7,x17,x30	 x17:0x00000004 x30:0x00000210  x7=0x00000000
     241635.000 ns	     24162	80005388	c1433013	sltiu	x0,x6,-1004	  x6:0x207f2000
     241655.000 ns	     24164	8000538c	21402cd3	fsgnjx.s	f25,f0,f20	  f0:0x80000000 f20:0x00000001 f25=0x80000000
     241685.000 ns	     24167	80005390	a1b719d3	flt.s	x19,f14,f27	 f14:0x80000000 f27:0x00000000 x19=0x00000000
     241715.000 ns	     24170	80005394	e0010c53	fmv.x.w	x24,f2	  f2:0x00000000 x24=0x00000000
     241735.000 ns	     24172	80005398	6c9bb813	sltiu	x16,x23,1737	 x23:0x00000000 x16=0x00000001
     241755.000 ns	     24174	8000539c	299299d3	fmax.s	f19,f5,f25	  f5:0xb1800000 f25:0x80000000 f19=0x80000000
     242125.000 ns	     24211	800053a0	0300c733	div	x14,x1,x16	  x1:0x181717cd x16:0xa8a1a69d x14=0x181717cd
     242155.000 ns	     24214	800053a4	0368beb3	mulhu	x29,x17,x22	 x17:0x00000004 x22:0x00000000 x29=0x00000000
     242175.000 ns	     24216	800053a8	5756e913	ori	x18,x13,1397	 x13:0xffffffff x18=0xffffffff
     242195.000 ns	     24218	800053ac	a1388e53	fle.s	x28,f17,f19	 f17:0xcd72a7a3 f19:0x80000000 x28=0x00000001
     242225.000 ns	     24221	800053b0	036a8433	mul	x8,x21,x22	 x21:0x00000010 x22:0x00000000  x8=0x00000000
     242245.000 ns	     24223	800053b4	013d4033	xor	x0,x26,x19	 x26:0x00000000 x19:0x00000000
     242265.000 ns	     24225	800053b8	d0027c53	fcvt.s.w	f24,x4	  x4:0x00000224 f24=0x44090000
     242285.000 ns	     24227	800053bc	00897633	and	x12,x18,x8	 x18:0xffffffff  x8:0x00000000 x12=0x00000000
     242305.000 ns	     24229	800053c0	21a28a53	fsgnj.s	f20,f5,f26	  f5:0xb1800000 f26:0x3f800000 f20=0x31800000
     242345.000 ns	     24233	800053c4	180b3bd3	fdiv.s	f23,f22,f0	 f22:0x00000000  f0:0x80000000 f23=0x7fc00000
     242365.000 ns	     24235	800053c8	01f11613	slli	x12,x2,0x1f	  x2:0x00000000 x12=0x00000000
     242375.000 ns	     24236	800053cc	005d5a93	srli	x21,x26,0x5	 x26:0x00000000 x21=0x00000000
     242415.000 ns	     24240	800053d0	09ceb553	fsub.s	f10,f29,f28	 f29:0xcffffffe f28:0x00000000 f10=0xcffffffe
     242445.000 ns	     24243	800053d4	c01f7bd3	fcvt.wu.s	x23,f30	 f30:0x7fc00000 x23=0xffffffff
     242465.000 ns	     24245	800053d8	41480f33	sub	x30,x16,x20	 x16:0x00000001 x20:0x00000000 x30=0x00000001
     242485.000 ns	     24247	800053dc	03f4aeb3	mulhsu	x29,x9,x31	  x9:0x80040fe4 x31:0x80041024 x29=0xbffffff0
     242515.000 ns	     24250	800053e0	20a8a153	fsgnjx.s	f2,f17,f10	 f17:0xcd72a7a3 f10:0xcffffffe  f2=0x4d72a7a3
     242535.000 ns	     24252	800053e4	0151df33	srl	x30,x3,x21	  x3:0xfd953024 x21:0x00000000 x30=0xfd953024
     242545.000 ns	     24253	800053e8	00f6d433	srl	x8,x13,x15	 x13:0xffffffff x15:0x3cb5c350  x8=0x0000ffff
     242565.000 ns	     24255	800053ec	036b2433	mulhsu	x8,x22,x22	 x22:0x00000000 x22:0x00000000  x8=0x00000000
     242595.000 ns	     24258	800053f0	a0c22253	feq.s	x4,f4,f12	  f4:0x3f800000 f12:0x4f7fffff  x4=0x00000000
     242615.000 ns	     24260	800053f4	009d7e33	and	x28,x26,x9	 x26:0x00000000  x9:0x80040fe4 x28=0x00000000
     242625.000 ns	     24261	800053f8	00ef3533	sltu	x10,x30,x14	 x30:0xfd953024 x14:0x181717cd x10=0x00000000
     242635.000 ns	     24262	800053fc	00549f33	sll	x30,x9,x5	  x9:0x80040fe4  x5:0xf0d585cf x30=0x07f20000
     242645.000 ns	     24263	80005400	006a05b3	add	x11,x20,x6	 x20:0x00000000  x6:0x207f2000 x11=0x207f2000
     242655.000 ns	     24264	80005404	01f23bb3	sltu	x23,x4,x31	  x4:0x00000000 x31:0x80041024 x23=0x00000001
     242675.000 ns	     24266	80005408	03ac9133	mulh	x2,x25,x26	 x25:0x00000007 x26:0x00000000  x2=0x00000000
     243045.000 ns	     24303	8000540c	026ddd33	divu	x26,x27,x6	 x27:0x00000000  x6:0x207f2000 x26=0x00000000
     243075.000 ns	     24306	80005410	03743233	mulhu	x4,x8,x23	  x8:0x00000000 x23:0x00000001  x4=0x00000000
     243115.000 ns	     24310	80005414	18e1f853	fdiv.s	f16,f3,f14	  f3:0x3f800000 f14:0x80000000 f16=0xff800000
     243145.000 ns	     24313	80005418	e00391d3	fclass.s	x3,f7	  f7:0x00000000  x3=0x00000010
     243165.000 ns	     24315	8000541c	1c500c93	addi	x25,x0,453	  x0:0x00000000 x25=0x000001c5
     243185.000 ns	     24317	80005420	c00410d3	fcvt.w.s	x1,f8	  f8:0x00000000  x1=0x00000000
     243215.000 ns	     24320	80005424	f0040e53	fmv.w.x	f28,x8	  x8:0x00000000 f28=0x00000000
     243255.000 ns	     24324	80005428	11be7f53	fmul.s	f30,f28,f27	 f28:0x00000000 f27:0x00000000 f30=0x00000000
     243295.000 ns	     24328	8000542c	117f2a53	fmul.s	f20,f30,f23	 f30:0x7fc00000 f23:0x7fc00000 f20=0x7fc00000
     243315.000 ns	     24330	80005430	405e5db3	sra	x27,x28,x5	 x28:0x00000000  x5:0xf0d585cf x27=0x00000000
     243325.000 ns	     24331	80005434	00000013	addi	x0,x0,0	  x0:0x00000000
     243335.000 ns	     24332	80005438	7218fd13	andi	x26,x17,1825	 x17:0x00000004 x26=0x00000000
     243365.000 ns	     24335	8000543c	10d7aad3	fmul.s	f21,f15,f13	 f15:0x00000000 f13:0x7fc00000 f21=0x7fc00000
     243735.000 ns	     24372	80005440	03986633	rem	x12,x16,x25	 x16:0x00000001 x25:0x000001c5 x12=0x00000001
     243765.000 ns	     24375	80005444	a0a98953	fle.s	x18,f19,f10	 f19:0x80000000 f10:0xcffffffe x18=0x00000000
     243785.000 ns	     24377	80005448	000c3db3	sltu	x27,x24,x0	 x24:0x00000000  x0:0x00000000 x27=0x00000000
     243795.000 ns	     24378	8000544c	018c3033	sltu	x0,x24,x24	 x24:0x00000000 x24:0x00000000
     243805.000 ns	     24379	80005450	01732db3	slt	x27,x6,x23	  x6:0x207f2000 x23:0x00000001 x27=0x00000000
     243825.000 ns	     24381	80005454	28880553	fmin.s	f10,f16,f8	 f16:0xff800000  f8:0x00000000 f10=0xff800000
     244195.000 ns	     24418	80005458	02547cb3	remu	x25,x8,x5	  x8:0x00000000  x5:0xf0d585cf x25=0x00000000
     244215.000 ns	     24420	8000545c	d7368d13	addi	x26,x13,-653	 x13:0xffffffff x26=0xfffffd72
     244235.000 ns	     24422	80005460	03b03bb3	mulhu	x23,x0,x27	  x0:0x00000000 x27:0x00000000 x23=0x00000000
     244255.000 ns	     24424	80005464	24b5b093	sltiu	x1,x11,587	 x11:0x207f2000  x1=0x00000000
     244265.000 ns	     24425	80005468	4121de33	sra	x28,x3,x18	  x3:0x00000010 x18:0x00000000 x28=0x00000010
     244275.000 ns	     24426	8000546c	017d6ab3	or	x21,x26,x23	 x26:0xfffffd72 x23:0x00000000 x21=0xfffffd72
     244285.000 ns	     24427	80005470	0037f033	and	x0,x15,x3	 x15:0x3cb5c350  x3:0x00000010
     244295.000 ns	     24428	80005474	419dd913	srai	x18,x27,0x19	 x27:0x00000000 x18=0x00000000
     244305.000 ns	     24429	80005478	01c4b133	sltu	x2,x9,x28	  x9:0x80040fe4 x28:0x00000010  x2=0x00000000
     244315.000 ns	     24430	8000547c	1e432193	slti	x3,x6,484	  x6:0x207f2000  x3=0x00000000
     244325.000 ns	     24431	80005480	446ce9b7	lui	x19,0x446ce	 x19=0x446ce000
     244335.000 ns	     24432	80005484	00245433	srl	x8,x8,x2	  x8:0x00000000  x2:0x00000000  x8=0x00000000
     244345.000 ns	     24433	80005488	00000013	addi	x0,x0,0	  x0:0x00000000
     244365.000 ns	     24435	8000548c	c0047053	fcvt.w.s	x0,f8	  f8:0x00000000
     244415.000 ns	     24440	80005490	09ed1e53	fsub.s	f28,f26,f30	 f26:0x3f800000 f30:0x00000000 f28=0x3f800000
     244445.000 ns	     24443	80005494	02750233	mul	x4,x10,x7	 x10:0x00000000  x7:0x00000000  x4=0x00000000
     244465.000 ns	     24445	80005498	0162c6b3	xor	x13,x5,x22	  x5:0xf0d585cf x22:0x00000000 x13=0xf0d585cf
     244485.000 ns	     24447	8000549c	d0187bd3	fcvt.s.wu	f23,x16	 x16:0x00000001 f23=0x3f800000
     244505.000 ns	     24449	800054a0	3734c013	xori	x0,x9,883	  x9:0x80040fe4
     244515.000 ns	     24450	800054a4	6589c517	auipc	x10,0x6589c	 x10=0xe58a14a4
     244535.000 ns	     24452	800054a8	d01c73d3	fcvt.s.wu	f7,x24	 x24:0x00000000  f7=0x00000000
     244555.000 ns	     24454	800054ac	01ce3a33	sltu	x20,x28,x28	 x28:0x00000010 x28:0x00000010 x20=0x00000000
     244575.000 ns	     24456	800054b0	287087d3	fmin.s	f15,f1,f7	  f1:0x80000000  f7:0x00000000 f15=0x80000000
     244595.000 ns	     24458	800054b4	01a257b3	srl	x15,x4,x26	  x4:0x00000000 x26:0xfffffd72 x15=0x00000000
     244605.000 ns	     24459	800054b8	43353b93	sltiu	x23,x10,1075	 x10:0xe58a14a4 x23=0x00000000
     244615.000 ns	     24460	800054bc	01531213	slli	x4,x6,0x15	  x6:0x207f2000  x4=0x00000000
     244635.000 ns	     24462	800054c0	20800553	fsgnj.s	f10,f0,f8	  f0:0x80000000  f8:0x00000000 f10=0x00000000
     244665.000 ns	     24465	800054c4	21e09353	fsgnjn.s	f6,f1,f30	  f1:0x80000000 f30:0x00000000  f6=0x80000000
     244685.000 ns	     24467	800054c8	412ed913	srai	x18,x29,0x12	 x29:0xbffffff0 x18=0xffffefff
     244705.000 ns	     24469	800054cc	c0167ed3	fcvt.wu.s	x29,f12	 f12:0x4f7fffff x29=0xffffff00
     244755.000 ns	     24474	800054d0	010670d3	fadd.s	f1,f12,f16	 f12:0x4f7fffff f16:0xff800000  f1=0xff800000
     244775.000 ns	     24476	800054d4	a5af7f13	andi	x30,x30,-1446	 x30:0x07f20000 x30=0x07f20000
     245105.000 ns	     24509	800054d8	1828f153	fdiv.s	f2,f17,f2	 f17:0xcd72a7a3  f2:0x4d72a7a3  f2=0xbf72a7a4
     245125.000 ns	     24511	800054dc	015611b3	sll	x3,x12,x21	 x12:0x00000001 x21:0xfffffd72  x3=0x00040000
     245145.000 ns	     24513	800054e0	021a6933	rem	x18,x20,x1	 x20:0x00000000  x1:0x00000000 x18=0x00000000
     245175.000 ns	     24516	800054e4	a1100b53	fle.s	x22,f0,f17	  f0:0x80000000 f17:0xcd72a7a3 x22=0x00000000
     245205.000 ns	     24519	800054e8	21261953	fsgnjn.s	f18,f12,f18	 f12:0x4f7fffff f18:0x00000000 f18=0xcf7fffff
     245225.000 ns	     24521	800054ec	45658217	auipc	x4,0x45658	  x4=0xc565d4ec
     245235.000 ns	     24522	800054f0	d7bccb93	xori	x23,x25,-645	 x25:0x00000000 x23=0xfffffd7b
     245595.000 ns	     24558	800054f4	03e95533	divu	x10,x18,x30	 x18:0x00000000 x30:0x07f20000 x10=0x00000000
     245625.000 ns	     24561	800054f8	d00c83d3	fcvt.s.w	f7,x25	 x25:0x00000000  f7=0x00000000
     245655.000 ns	     24564	800054fc	a1528153	fle.s	x2,f5,f21	  f5:0xb1800000 f21:0x7fc00000  x2=0x00000000
     245685.000 ns	     24567	80005500	c00bfed3	fcvt.w.s	x29,f23	 f23:0x3f800000 x29=0x00000001
     245705.000 ns	     24569	80005504	40a300b3	sub	x1,x6,x10	  x6:0x207f2000 x10:0x00000000  x1=0x207f2000
     245715.000 ns	     24570	80005508	41e55d93	srai	x27,x10,0x1e	 x10:0x00000000 x27=0x00000000
     245725.000 ns	     24571	8000550c	7de62e13	slti	x28,x12,2014	 x12:0x00000001 x28=0x00000001
     245745.000 ns	     24573	80005510	039385b3	mul	x11,x7,x25	  x7:0x00000000 x25:0x00000000 x11=0x00000000
     245775.000 ns	     24576	80005514	02bc9833	mulh	x16,x25,x11	 x25:0x00000000 x11:0x207f2000 x16=0x00000000
     245795.000 ns	     24578	80005518	00377033	and	x0,x14,x3	 x14:0x181717cd  x3:0x00040000
     245825.000 ns	     24581	8000551c	18f1c1d3	fdiv.s	f3,f3,f15	  f3:0x3f800000 f15:0x80000000  f3=0xff800000
     245845.000 ns	     24583	80005520	0049dcb3	srl	x25,x19,x4	 x19:0x446ce000  x4:0xc565d4ec x25=0x000446ce
     245855.000 ns	     24584	80005524	40fadf33	sra	x30,x21,x15	 x21:0xfffffd72 x15:0x00000000 x30=0xfffffd72
     245875.000 ns	     24586	80005528	c0189253	fcvt.wu.s	x4,f17	 f17:0xcd72a7a3  x4=0x0f2a7a30
     246245.000 ns	     24623	8000552c	023cc0b3	div	x1,x25,x3	 x25:0x000446ce  x3:0x00040000  x1=0x00000001
     246275.000 ns	     24626	80005530	02bb0bb3	mul	x23,x22,x11	 x22:0x00000000 x11:0x00000000 x23=0x00000000
     246305.000 ns	     24629	80005534	02286433	rem	x8,x16,x2	 x16:0x00000000  x2:0x00000000  x8=0x00000000
     246345.000 ns	     24633	80005538	18f27fd3	fdiv.s	f31,f4,f15	  f4:0x3f800000 f15:0x80000000 f31=0xff800000
     246365.000 ns	     24635	8000553c	00ca38b3	sltu	x17,x20,x12	 x20:0x00000000 x12:0x00000001 x17=0x00000001
     246395.000 ns	     24638	80005540	18b37d53	fdiv.s	f26,f6,f11	  f6:0x80000000 f11:0x3f800000 f26=0x80000000
     246435.000 ns	     24642	80005544	19771953	fdiv.s	f18,f14,f23	 f14:0x80000000 f23:0x3f800000 f18=0x80000000
     246455.000 ns	     24644	80005548	00fe97b3	sll	x15,x29,x15	 x29:0x00000001 x15:0x00000000 x15=0x00000001
     246475.000 ns	     24646	8000554c	020b85b3	mul	x11,x23,x0	 x23:0x00000000  x0:0x00000000 x11=0x00000000
     246495.000 ns	     24648	80005550	00382933	slt	x18,x16,x3	 x16:0x00000000  x3:0x00040000 x18=0x00000001
     246515.000 ns	     24650	80005554	f00f8ad3	fmv.w.x	f21,x31	 x31:0x80041024 f21=0x80041024
     247695.000 ns	     24768	80005558	580c49d3	fsqrt.s	f19,f24	 f24:0x44090000 f19=0x4141beba
     247725.000 ns	     24771	8000555c	027bb833	mulhu	x16,x23,x7	 x23:0x00000000  x7:0x00000000 x16=0x00000000
     247745.000 ns	     24773	80005560	f1ac00b7	lui	x1,0xf1ac0	  x1=0xf1ac0000
     247755.000 ns	     24774	80005564	011886b3	add	x13,x17,x17	 x17:0x00000001 x17:0x00000001 x13=0x00000002
     247765.000 ns	     24775	80005568	012619b3	sll	x19,x12,x18	 x12:0x00000001 x18:0x00000001 x19=0x00000002
     247785.000 ns	     24777	8000556c	d01f1ed3	fcvt.s.wu	f29,x30	 x30:0xfffffd72 f29=0x4f7ffffd
     247815.000 ns	     24780	80005570	e00b8a53	fmv.x.w	x20,f23	 f23:0x3f800000 x20=0x3f800000
     247845.000 ns	     24783	80005574	027c1933	mulh	x18,x24,x7	 x24:0x00000000  x7:0x00000000 x18=0x00000000
     249025.000 ns	     24901	80005578	5809f6d3	fsqrt.s	f13,f19	 f19:0x4141beba f13=0x4008ff8f
     249045.000 ns	     24903	8000557c	015271b3	and	x3,x4,x21	  x4:0x0f2a7a30 x21:0xfffffd72  x3=0x0f2a7830
     249055.000 ns	     24904	80005580	016c01b3	add	x3,x24,x22	 x24:0x00000000 x22:0x00000000  x3=0x00000000
     249075.000 ns	     24906	80005584	d003f7d3	fcvt.s.w	f15,x7	  x7:0x00000000 f15=0x00000000
     249095.000 ns	     24908	80005588	403b0f33	sub	x30,x22,x3	 x22:0x00000000  x3:0x0f2a7830 x30=0x00000000
     249115.000 ns	     24910	8000558c	025699b3	mulh	x19,x13,x5	 x13:0x00000002  x5:0xf0d585cf x19=0xffffffff
     249135.000 ns	     24912	80005590	00d81113	slli	x2,x16,0xd	 x16:0x00000000  x2=0x00000000
     249495.000 ns	     24948	80005594	03dd7933	remu	x18,x26,x29	 x26:0xfffffd72 x29:0x00000001 x18=0x00000000
     249525.000 ns	     24951	80005598	295a1953	fmax.s	f18,f20,f21	 f20:0x7fc00000 f21:0x80041024 f18=0x80041024
     249545.000 ns	     24953	8000559c	4157db13	srai	x22,x15,0x15	 x15:0x00000001 x22=0x00000000
     249565.000 ns	     24955	800055a0	29059dd3	fmax.s	f27,f11,f16	 f11:0x3f800000 f16:0xff800000 f27=0x3f800000
     249595.000 ns	     24958	800055a4	025c8233	mul	x4,x25,x5	 x25:0x000446ce  x5:0xf0d585cf  x4=0x45a44692
     249615.000 ns	     24960	800055a8	008d5413	srli	x8,x26,0x8	 x26:0xfffffd72  x8=0x00fffffd
     249635.000 ns	     24962	800055ac	d01df953	fcvt.s.wu	f18,x27	 x27:0x00000000 f18=0x00000000
     249655.000 ns	     24964	800055b0	8694ba17	auipc	x20,0x8694b	 x20=0x069505b0
     249665.000 ns	     24965	800055b4	00306db3	or	x27,x0,x3	  x0:0x00000000  x3:0x00000000 x27=0x00000000
     249685.000 ns	     24967	800055b8	d0077253	fcvt.s.w	f4,x14	 x14:0x181717cd  f4=0x4dc0b8be
     249705.000 ns	     24969	800055bc	00a4e7b3	or	x15,x9,x10	  x9:0x80040fe4 x10:0x00000000 x15=0x80040fe4
     249725.000 ns	     24971	800055c0	03e28333	mul	x6,x5,x30	  x5:0xf0d585cf x30:0x00000000  x6=0x00000000
     249745.000 ns	     24973	800055c4	010f97b3	sll	x15,x31,x16	 x31:0x80041024 x16:0x00000000 x15=0x80041024
     249765.000 ns	     24975	800055c8	c003b853	fcvt.w.s	x16,f7	  f7:0x00000000 x16=0x00000000
     249795.000 ns	     24978	800055cc	29601bd3	fmax.s	f23,f0,f22	  f0:0x80000000 f22:0x00000000 f23=0x00000000
     249815.000 ns	     24980	800055d0	004ad0b3	srl	x1,x21,x4	 x21:0xfffffd72  x4:0x45a44692  x1=0x00003fff
     249835.000 ns	     24982	800055d4	e0081c53	fclass.s	x24,f16	 f16:0xff800000 x24=0x00000001
     249855.000 ns	     24984	800055d8	cd5e6b93	ori	x23,x28,-811	 x28:0x00000001 x23=0xfffffcd5
     249885.000 ns	     24987	800055dc	5801f053	fsqrt.s	f0,f3	  f3:0xff800000  f0=0x7fc00000
     249905.000 ns	     24989	800055e0	0072a333	slt	x6,x5,x7	  x5:0xf0d585cf  x7:0x00000000  x6=0x00000001
     249915.000 ns	     24990	800055e4	417d0433	sub	x8,x26,x23	 x26:0xfffffd72 x23:0xfffffcd5  x8=0x0000009d
     249925.000 ns	     24991	800055e8	012016b3	sll	x13,x0,x18	  x0:0x00000000 x18:0x00000000 x13=0x00000000
     249945.000 ns	     24993	800055ec	29fe0053	fmin.s	f0,f28,f31	 f28:0x3f800000 f31:0xff800000  f0=0xff800000
     249975.000 ns	     24996	800055f0	03bff433	remu	x8,x31,x27	 x31:0x80041024 x27:0x00000000  x8=0x80041024
     249995.000 ns	     24998	800055f4	00000013	addi	x0,x0,0	  x0:0x00000000
     250015.000 ns	     25000	800055f8	a16e0153	fle.s	x2,f28,f22	 f28:0x3f800000 f22:0x00000000  x2=0x00000000
     250385.000 ns	     25037	800055fc	0296de33	divu	x28,x13,x9	 x13:0x00000000  x9:0x80040fe4 x28=0x00000000
     250425.000 ns	     25041	80005600	10c60453	fmul.s	f8,f12,f12	 f12:0x4f7fffff f12:0x4f7fffff  f8=0x5f7ffffe
     250455.000 ns	     25044	80005604	29029e53	fmax.s	f28,f5,f16	  f5:0xb1800000 f16:0xff800000 f28=0xb1800000
     250485.000 ns	     25047	80005608	210f2f53	fsgnjx.s	f30,f30,f16	 f30:0x00000000 f16:0xff800000 f30=0x80000000
     250505.000 ns	     25049	8000560c	009e81b3	add	x3,x29,x9	 x29:0x00000001  x9:0x80040fe4  x3=0x80040fe5
     250525.000 ns	     25051	80005610	d01622d3	fcvt.s.wu	f5,x12	 x12:0x00000001  f5=0x3f800000
     250545.000 ns	     25053	80005614	06bd5f17	auipc	x30,0x6bd5	 x30=0x86bda614
     250555.000 ns	     25054	80005618	dfab0113	addi	x2,x22,-518	 x22:0x00000000  x2=0xfffffdfa
     250915.000 ns	     25090	8000561c	02214db3	div	x27,x2,x2	  x2:0x00000000  x2:0x00000000 x27=0x00000001
     250935.000 ns	     25092	80005620	e7d46713	ori	x14,x8,-387	  x8:0x80041024 x14=0xfffffe7d
     250955.000 ns	     25094	80005624	e0028a53	fmv.x.w	x20,f5	  f5:0x3f800000 x20=0x3f800000
     250985.000 ns	     25097	80005628	21d42053	fsgnjx.s	f0,f8,f29	  f8:0x5f7ffffe f29:0x4f7ffffd  f0=0x5f7ffffe
     251005.000 ns	     25099	8000562c	0069c9b3	xor	x19,x19,x6	 x19:0xffffffff  x6:0x00000001 x19=0xfffffffe
     251025.000 ns	     25101	80005630	21750053	fsgnj.s	f0,f10,f23	 f10:0x00000000 f23:0x00000000  f0=0x00000000
     251045.000 ns	     25103	80005634	668817b7	lui	x15,0x66881	 x15=0x66881000
     251055.000 ns	     25104	80005638	d9bee893	ori	x17,x29,-613	 x29:0x00000001 x17=0xfffffd9b
     251065.000 ns	     25105	8000563c	5a9f6993	ori	x19,x30,1449	 x30:0x86bda614 x19=0x86bda7bd
     251075.000 ns	     25106	80005640	004e80b3	add	x1,x29,x4	 x29:0x00000001  x4:0x45a44692  x1=0x45a44693
     251095.000 ns	     25108	80005644	a1f02f53	feq.s	x30,f0,f31	  f0:0x00000000 f31:0xff800000 x30=0x00000000
     251115.000 ns	     25110	80005648	011b36b3	sltu	x13,x22,x17	 x22:0x00000000 x17:0xfffffd9b x13=0x00000001
     251475.000 ns	     25146	8000564c	03a1f3b3	remu	x7,x3,x26	  x3:0x80040fe5 x26:0xfffffd72  x7=0x80040fe5
     251495.000 ns	     25148	80005650	01618bb3	add	x23,x3,x22	  x3:0x80040fe5 x22:0x00000000 x23=0x80040fe5
     252665.000 ns	     25265	80005654	580df653	fsqrt.s	f12,f27	 f27:0x3f800000 f12=0x3f7fffae
     252685.000 ns	     25267	80005658	00ef1233	sll	x4,x30,x14	 x30:0x00000000 x14:0xfffffe7d  x4=0x00000000
     252725.000 ns	     25271	8000565c	0142ccd3	fadd.s	f25,f5,f20	  f5:0x3f800000 f20:0x7fc00000 f25=0x7fc00000
     252755.000 ns	     25274	80005660	d01684d3	fcvt.s.wu	f9,x13	 x13:0x00000001  f9=0x3f800000
     252785.000 ns	     25277	80005664	208d1153	fsgnjn.s	f2,f26,f8	 f26:0x80000000  f8:0x5f7ffffe  f2=0x80000000
     252805.000 ns	     25279	80005668	01107133	and	x2,x0,x17	  x0:0x00000000 x17:0xfffffd9b  x2=0x00000000
     252815.000 ns	     25280	8000566c	002626b3	slt	x13,x12,x2	 x12:0x00000001  x2:0xfffffdfa x13=0x00000000
     252825.000 ns	     25281	80005670	8e020313	addi	x6,x4,-1824	  x4:0x00000000  x6=0xfffff8e0
     252845.000 ns	     25283	80005674	2001abd3	fsgnjx.s	f23,f3,f0	  f3:0xff800000  f0:0x00000000 f23=0xff800000
     252875.000 ns	     25286	80005678	20fc1a53	fsgnjn.s	f20,f24,f15	 f24:0x44090000 f15:0x00000000 f20=0xc4090000
     252895.000 ns	     25288	8000567c	00ec0d33	add	x26,x24,x14	 x24:0x00000001 x14:0xfffffe7d x26=0xfffffe7e
     252905.000 ns	     25289	80005680	31c14a93	xori	x21,x2,796	  x2:0x00000000 x21=0x0000031c
     252925.000 ns	     25291	80005684	e00c1e53	fclass.s	x28,f24	 f24:0x44090000 x28=0x00000040
     252955.000 ns	     25294	80005688	021e37b3	mulhu	x15,x28,x1	 x28:0x00000000  x1:0x45a44693 x15=0x00000011
     252985.000 ns	     25297	8000568c	20fa9153	fsgnjn.s	f2,f21,f15	 f21:0x80041024 f15:0x00000000  f2=0x80041024
     253015.000 ns	     25300	80005690	c015f253	fcvt.wu.s	x4,f11	 f11:0x3f800000  x4=0x00000001
     253035.000 ns	     25302	80005694	014e5733	srl	x14,x28,x20	 x28:0x00000040 x20:0x3f800000 x14=0x00000040
     253045.000 ns	     25303	80005698	bce30237	lui	x4,0xbce30	  x4=0xbce30000
     253065.000 ns	     25305	8000569c	d0077753	fcvt.s.w	f14,x14	 x14:0xfffffe7d f14=0x42800000
     253085.000 ns	     25307	800056a0	00274db3	xor	x27,x14,x2	 x14:0x00000040  x2:0x00000000 x27=0x00000040
     253095.000 ns	     25308	800056a4	61fc6d37	lui	x26,0x61fc6	 x26=0x61fc6000
     253105.000 ns	     25309	800056a8	000ece33	xor	x28,x29,x0	 x29:0x00000001  x0:0x00000000 x28=0x00000001
     254275.000 ns	     25426	800056ac	5804fb53	fsqrt.s	f22,f9	  f9:0x3f800000 f22=0x3f7fffae
     254305.000 ns	     25429	800056b0	c0117d53	fcvt.wu.s	x26,f2	  f2:0x80041024 x26=0x00000000
     254325.000 ns	     25431	800056b4	7807fa13	andi	x20,x15,1920	 x15:0x00000011 x20=0x00000000
     254345.000 ns	     25433	800056b8	c00afb53	fcvt.w.s	x22,f21	 f21:0x80041024 x22=0x00000000
     254685.000 ns	     25467	800056bc	18cc74d3	fdiv.s	f9,f24,f12	 f24:0x44090000 f12:0x3f7fffae  f9=0x4488ffc1
     254705.000 ns	     25469	800056c0	41c903b3	sub	x7,x18,x28	 x18:0x00000000 x28:0x00000001  x7=0xffffffff
     254715.000 ns	     25470	800056c4	000d7c33	and	x24,x26,x0	 x26:0x00000000  x0:0x00000000 x24=0x00000000
     254725.000 ns	     25471	800056c8	00170bb3	add	x23,x14,x1	 x14:0x00000040  x1:0x45a44693 x23=0x45a446d3
     254765.000 ns	     25475	800056cc	015c7653	fadd.s	f12,f24,f21	 f24:0x44090000 f21:0x80041024 f12=0x44090000
     254805.000 ns	     25479	800056d0	18c37153	fdiv.s	f2,f6,f12	  f6:0x80000000 f12:0x3f7fffae  f2=0x80000000
     254855.000 ns	     25484	800056d4	083c7453	fsub.s	f8,f24,f3	 f24:0x44090000  f3:0xff800000  f8=0x7f800000
     254885.000 ns	     25487	800056d8	a00c9cd3	flt.s	x25,f25,f0	 f25:0x7fc00000  f0:0x00000000 x25=0x00000000
     254915.000 ns	     25490	800056dc	c014fad3	fcvt.wu.s	x21,f9	  f9:0x4488ffc1 x21=0x00000447
     254945.000 ns	     25493	800056e0	28f193d3	fmax.s	f7,f3,f15	  f3:0xff800000 f15:0x00000000  f7=0x00000000
     254975.000 ns	     25496	800056e4	039528b3	mulhsu	x17,x10,x25	 x10:0x00000000 x25:0x00000000 x17=0x00000000
     255005.000 ns	     25499	800056e8	0346fbb3	remu	x23,x13,x20	 x13:0x00000000 x20:0x00000000 x23=0x00000000
     255025.000 ns	     25501	800056ec	ce496993	ori	x19,x18,-796	 x18:0x00000000 x19=0xfffffce4
     255035.000 ns	     25502	800056f0	01bd6733	or	x14,x26,x27	 x26:0x00000000 x27:0x00000040 x14=0x00000040
     255055.000 ns	     25504	800056f4	a04b0553	fle.s	x10,f22,f4	 f22:0x3f7fffae  f4:0x4dc0b8be x10=0x00000001
     255425.000 ns	     25541	800056f8	0332fa33	remu	x20,x5,x19	  x5:0xf0d585cf x19:0xfffffce4 x20=0xf0d585cf
     255445.000 ns	     25543	800056fc	417c5e93	srai	x29,x24,0x17	 x24:0x00000000 x29=0x00000000
     255485.000 ns	     25547	80005700	00299fd3	fadd.s	f31,f19,f2	 f19:0x4141beba  f2:0x80000000 f31=0x4141beba
     255505.000 ns	     25549	80005704	82724413	xori	x8,x4,-2009	  x4:0xbce30000  x8=0x431cf827
     255525.000 ns	     25551	80005708	d0007dd3	fcvt.s.w	f27,x0	  x0:0x00000000 f27=0x00000000
     255555.000 ns	     25554	8000570c	d01bf1d3	fcvt.s.wu	f3,x23	 x23:0x00000000  f3=0x00000000
     255585.000 ns	     25557	80005710	c013f0d3	fcvt.wu.s	x1,f7	  f7:0x00000000  x1=0x00000000
     255605.000 ns	     25559	80005714	0060a7b3	slt	x15,x1,x6	  x1:0x45a44693  x6:0xfffff8e0 x15=0x00000000
     255615.000 ns	     25560	80005718	00081733	sll	x14,x16,x0	 x16:0x00000000  x0:0x00000000 x14=0x00000000
     255635.000 ns	     25562	8000571c	205e9653	fsgnjn.s	f12,f29,f5	 f29:0x4f7ffffd  f5:0x3f800000 f12=0xcf7ffffd
     255665.000 ns	     25565	80005720	a0101cd3	flt.s	x25,f0,f1	  f0:0x00000000  f1:0xff800000 x25=0x00000000
     255695.000 ns	     25568	80005724	03839f33	mulh	x30,x7,x24	  x7:0xffffffff x24:0x00000000 x30=0x00000000
     255725.000 ns	     25571	80005728	20b69853	fsgnjn.s	f16,f13,f11	 f13:0x4008ff8f f11:0x3f800000 f16=0xc008ff8f
     255745.000 ns	     25573	8000572c	00000013	addi	x0,x0,0	  x0:0x00000000
     255765.000 ns	     25575	80005730	027e2cb3	mulhsu	x25,x28,x7	 x28:0x00000001  x7:0xffffffff x25=0x00000000
     255785.000 ns	     25577	80005734	6f33d017	auipc	x0,0x6f33d	
     255805.000 ns	     25579	80005738	21b01153	fsgnjn.s	f2,f0,f27	  f0:0x00000000 f27:0x00000000  f2=0x80000000
     255835.000 ns	     25582	8000573c	d00372d3	fcvt.s.w	f5,x6	  x6:0xfffff8e0  f5=0xc4e40000
     255855.000 ns	     25584	80005740	01a45a93	srli	x21,x8,0x1a	  x8:0x431cf827 x21=0x00000010
     255865.000 ns	     25585	80005744	0114dd13	srli	x26,x9,0x11	  x9:0x80040fe4 x26=0x00004002
     257035.000 ns	     25702	80005748	580c13d3	fsqrt.s	f7,f24	 f24:0x44090000  f7=0x4141beba
     257405.000 ns	     25739	8000574c	034ec633	div	x12,x29,x20	 x29:0x00000000 x20:0xf0d585cf x12=0x00000000
     257435.000 ns	     25742	80005750	025135b3	mulhu	x11,x2,x5	  x2:0x00000000  x5:0xf0d585cf x11=0x00000000
     257465.000 ns	     25745	80005754	20fd1a53	fsgnjn.s	f20,f26,f15	 f26:0x80000000 f15:0x00000000 f20=0x80000000
     257485.000 ns	     25747	80005758	00000013	addi	x0,x0,0	  x0:0x00000000
     257505.000 ns	     25749	8000575c	c0114c53	fcvt.wu.s	x24,f2	  f2:0x80000000 x24=0x00000000
     257535.000 ns	     25752	80005760	21fc09d3	fsgnj.s	f19,f24,f31	 f24:0x44090000 f31:0x4141beba f19=0x44090000
     257565.000 ns	     25755	80005764	c01531d3	fcvt.wu.s	x3,f10	 f10:0x00000000  x3=0x00000000
     257595.000 ns	     25758	80005768	29429dd3	fmax.s	f27,f5,f20	  f5:0xc4e40000 f20:0x80000000 f27=0x80000000
     257625.000 ns	     25761	8000576c	a1b99553	flt.s	x10,f19,f27	 f19:0x44090000 f27:0x00000000 x10=0x00000000
     257655.000 ns	     25764	80005770	037a9db3	mulh	x27,x21,x23	 x21:0x00000010 x23:0x00000000 x27=0x00000000
     257675.000 ns	     25766	80005774	00e75b13	srli	x22,x14,0xe	 x14:0x00000000 x22=0x00000000
     257685.000 ns	     25767	80005778	40bc0133	sub	x2,x24,x11	 x24:0x00000000 x11:0x00000000  x2=0x00000000
     257705.000 ns	     25769	8000577c	a1ae17d3	flt.s	x15,f28,f26	 f28:0xb1800000 f26:0x80000000 x15=0x00000001
     257725.000 ns	     25771	80005780	019c8bb3	add	x23,x25,x25	 x25:0x00000000 x25:0x00000000 x23=0x00000000
     257745.000 ns	     25773	80005784	d014ffd3	fcvt.s.wu	f31,x9	  x9:0x80040fe4 f31=0x4f00040f
     257765.000 ns	     25775	80005788	d3507913	andi	x18,x0,-715	  x0:0x00000000 x18=0x00000000
     257785.000 ns	     25777	8000578c	021aa733	mulhsu	x14,x21,x1	 x21:0x00000010  x1:0x00000000 x14=0x00000000
     257815.000 ns	     25780	80005790	28469c53	fmax.s	f24,f13,f4	 f13:0x4008ff8f  f4:0x4dc0b8be f24=0x4dc0b8be
     257845.000 ns	     25783	80005794	d004c553	fcvt.s.w	f10,x9	  x9:0x80040fe4 f10=0xcefff7e0
     257875.000 ns	     25786	80005798	d01e3253	fcvt.s.wu	f4,x28	 x28:0x00000001  f4=0x3f800000
     257905.000 ns	     25789	8000579c	29b913d3	fmax.s	f7,f18,f27	 f18:0x00000000 f27:0x80000000  f7=0x00000000
     257925.000 ns	     25791	800057a0	002bf9b3	and	x19,x23,x2	 x23:0x00000000  x2:0x00000000 x19=0x00000000
     257935.000 ns	     25792	800057a4	bbfae113	ori	x2,x21,-1089	 x21:0x00000010  x2=0xfffffbbf
     257955.000 ns	     25794	800057a8	032f35b3	mulhu	x11,x30,x18	 x30:0x00000000 x18:0x00000000 x11=0x00000000
     257975.000 ns	     25796	800057ac	012f3db3	sltu	x27,x30,x18	 x30:0x00000000 x18:0x00000000 x27=0x00000000
     257995.000 ns	     25798	800057b0	03e97bb3	remu	x23,x18,x30	 x18:0x00000000 x30:0x00000000 x23=0x00000000
     258015.000 ns	     25800	800057b4	bf7e4d93	xori	x27,x28,-1033	 x28:0x00000001 x27=0xfffffbf6
     258025.000 ns	     25801	800057b8	01f64ab3	xor	x21,x12,x31	 x12:0x00000000 x31:0x80041024 x21=0x80041024
     258045.000 ns	     25803	800057bc	e00b05d3	fmv.x.w	x11,f22	 f22:0x3f7fffae x11=0x3f7fffae
     258075.000 ns	     25806	800057c0	212489d3	fsgnj.s	f19,f9,f18	  f9:0x4488ffc1 f18:0x00000000 f19=0x4488ffc1
     258105.000 ns	     25809	800057c4	c00fb653	fcvt.w.s	x12,f31	 f31:0x4f00040f x12=0x7fffffff
     258135.000 ns	     25812	800057c8	a0caa8d3	feq.s	x17,f21,f12	 f21:0x80041024 f12:0xcf7ffffd x17=0x00000000
     258155.000 ns	     25814	800057cc	00425333	srl	x6,x4,x4	  x4:0xbce30000  x4:0xbce30000  x6=0xbce30000
     258175.000 ns	     25816	800057d0	0213b3b3	mulhu	x7,x7,x1	  x7:0xffffffff  x1:0x00000000  x7=0x00000000
     258195.000 ns	     25818	800057d4	016df5b3	and	x11,x27,x22	 x27:0xfffffbf6 x22:0x00000000 x11=0x00000000
     258205.000 ns	     25819	800057d8	40d95f13	srai	x30,x18,0xd	 x18:0x00000000 x30=0x00000000
     258215.000 ns	     25820	800057dc	003619b3	sll	x19,x12,x3	 x12:0x7fffffff  x3:0x00000000 x19=0x7fffffff
     258235.000 ns	     25822	800057e0	0313a633	mulhsu	x12,x7,x17	  x7:0x00000000 x17:0x00000000 x12=0x00000000
     258265.000 ns	     25825	800057e4	286b1dd3	fmax.s	f27,f22,f6	 f22:0x3f7fffae  f6:0x80000000 f27=0x3f7fffae
     258285.000 ns	     25827	800057e8	001d51b3	srl	x3,x26,x1	 x26:0x00004002  x1:0x00000000  x3=0x00004002
     258325.000 ns	     25831	800057ec	08f67ad3	fsub.s	f21,f12,f15	 f12:0xcf7ffffd f15:0x00000000 f21=0xcf7ffffd
     259505.000 ns	     25949	800057f0	5806ff53	fsqrt.s	f30,f13	 f13:0x4008ff8f f30=0x3f41be1a
     259535.000 ns	     25952	800057f4	037d31b3	mulhu	x3,x26,x23	 x26:0x00004002 x23:0x00000000  x3=0x00000000
     259555.000 ns	     25954	800057f8	00b9d433	srl	x8,x19,x11	 x19:0x7fffffff x11:0x00000000  x8=0x7fffffff
     259565.000 ns	     25955	800057fc	40228433	sub	x8,x5,x2	  x5:0xf0d585cf  x2:0xfffffbbf  x8=0xf0d58a10
     259585.000 ns	     25957	80005800	21680153	fsgnj.s	f2,f16,f22	 f16:0xc008ff8f f22:0x3f7fffae  f2=0x4008ff8f
     259605.000 ns	     25959	80005804	0153a6b3	slt	x13,x7,x21	  x7:0x00000000 x21:0x80041024 x13=0x00000000
     259615.000 ns	     25960	80005808	00722933	slt	x18,x4,x7	  x4:0xbce30000  x7:0x00000000 x18=0x00000001
     260785.000 ns	     26077	8000580c	5805aa53	fsqrt.s	f20,f11	 f11:0x3f800000 f20=0x3f7fffae
     260815.000 ns	     26080	80005810	d011f853	fcvt.s.wu	f16,x3	  x3:0x00000000 f16=0x00000000
     260835.000 ns	     26082	80005814	00c01933	sll	x18,x0,x12	  x0:0x00000000 x12:0x00000000 x18=0x00000000
     260855.000 ns	     26084	80005818	02bc46b3	div	x13,x24,x11	 x24:0x00000000 x11:0x00000000 x13=0xffffffff
     260875.000 ns	     26086	8000581c	01d2e7b3	or	x15,x5,x29	  x5:0xf0d585cf x29:0x00000000 x15=0xf0d585cf
     260905.000 ns	     26089	80005820	11f6f053	fmul.s	f0,f13,f31	 f13:0x4008ff8f f31:0x4f00040f  f0=0x4f8903e8
     260925.000 ns	     26091	80005824	4025d433	sra	x8,x11,x2	 x11:0x00000000  x2:0xfffffbbf  x8=0x00000000
     260945.000 ns	     26093	80005828	e00e1c53	fclass.s	x24,f28	 f28:0xb1800000 x24=0x00000002
     260975.000 ns	     26096	8000582c	21b7af53	fsgnjx.s	f30,f15,f27	 f15:0x00000000 f27:0x3f7fffae f30=0x00000000
     260995.000 ns	     26098	80005830	0110ecb3	or	x25,x1,x17	  x1:0x00000000 x17:0x00000000 x25=0x00000000
     261015.000 ns	     26100	80005834	02e9d833	divu	x16,x19,x14	 x19:0x7fffffff x14:0x00000000 x16=0xffffffff
     261035.000 ns	     26102	80005838	5cd33b13	sltiu	x22,x6,1485	  x6:0xbce30000 x22=0x00000000
     261045.000 ns	     26103	8000583c	afc4b897	auipc	x17,0xafc4b	 x17=0x2fc5083c
     261065.000 ns	     26105	80005840	20f803d3	fsgnj.s	f7,f16,f15	 f16:0x00000000 f15:0x00000000  f7=0x00000000
     261105.000 ns	     26109	80005844	5808a053	fsqrt.s	f0,f17	 f17:0xcd72a7a3  f0=0x7fc00000
     261135.000 ns	     26112	80005848	290e11d3	fmax.s	f3,f28,f16	 f28:0xb1800000 f16:0x00000000  f3=0x00000000
     261185.000 ns	     26117	8000584c	007077d3	fadd.s	f15,f0,f7	  f0:0x7fc00000  f7:0x00000000 f15=0x7fc00000
     261215.000 ns	     26120	80005850	a03fac53	feq.s	x24,f31,f3	 f31:0x4f00040f  f3:0x00000000 x24=0x00000000
     261245.000 ns	     26123	80005854	028d47b3	div	x15,x26,x8	 x26:0x00004002  x8:0x00000000 x15=0xffffffff
     261275.000 ns	     26126	80005858	02a0fab3	remu	x21,x1,x10	  x1:0x00000000 x10:0x00000000 x21=0x00000000
     261295.000 ns	     26128	8000585c	0163ae33	slt	x28,x7,x22	  x7:0x00000000 x22:0x00000000 x28=0x00000000
     261305.000 ns	     26129	80005860	def96d97	auipc	x27,0xdef96	 x27=0x5ef9b860
     261325.000 ns	     26131	80005864	e00c1253	fclass.s	x4,f24	 f24:0x4dc0b8be  x4=0x00000040
     261345.000 ns	     26133	80005868	03465997	auipc	x19,0x3465	 x19=0x8346a868
     261355.000 ns	     26134	8000586c	47291f17	auipc	x30,0x47291	 x30=0xc729686c
     261375.000 ns	     26136	80005870	d002fc53	fcvt.s.w	f24,x5	  x5:0xf0d585cf f24=0xcd72a7a3
     261415.000 ns	     26140	80005874	108fc253	fmul.s	f4,f31,f8	 f31:0x4f00040f  f8:0x7f800000  f4=0x7f800000
     261455.000 ns	     26144	80005878	10ed7353	fmul.s	f6,f26,f14	 f26:0x80000000 f14:0x42800000  f6=0x80000000
     261485.000 ns	     26147	8000587c	023733b3	mulhu	x7,x14,x3	 x14:0x00000000  x3:0x00000000  x7=0x00000000
     261505.000 ns	     26149	80005880	625cae13	slti	x28,x25,1573	 x25:0x00000000 x28=0x00000001
     261515.000 ns	     26150	80005884	02bd4e17	auipc	x28,0x2bd4	 x28=0x82bd9884
     261525.000 ns	     26151	80005888	2300a813	slti	x16,x1,560	  x1:0x00000000 x16=0x00000001
     261545.000 ns	     26153	8000588c	02212a33	mulhsu	x20,x2,x2	  x2:0xfffffbbf  x2:0xfffffbbf x20=0xfffffbbf
     261585.000 ns	     26157	80005890	107147d3	fmul.s	f15,f2,f7	  f2:0x4008ff8f  f7:0x00000000 f15=0x00000000
     261605.000 ns	     26159	80005894	404d50b3	sra	x1,x26,x4	 x26:0x00004002  x4:0x00000040  x1=0x00004002
     261625.000 ns	     26161	80005898	a07d2153	feq.s	x2,f26,f7	 f26:0x80000000  f7:0x00000000  x2=0x00000001
     261655.000 ns	     26164	8000589c	e0001b53	fclass.s	x22,f0	  f0:0x7fc00000 x22=0x00000200
     261675.000 ns	     26166	800058a0	9370c313	xori	x6,x1,-1737	  x1:0x00004002  x6=0xffffb935
     261705.000 ns	     26169	800058a4	580275d3	fsqrt.s	f11,f4	  f4:0x7f800000 f11=0x7f800000
     261735.000 ns	     26172	800058a8	a1759453	flt.s	x8,f11,f23	 f11:0x3f800000 f23:0xff800000  x8=0x00000000
     261755.000 ns	     26174	800058ac	0130b7b3	sltu	x15,x1,x19	  x1:0x00004002 x19:0x8346a868 x15=0x00000001
     261775.000 ns	     26176	800058b0	203f2d53	fsgnjx.s	f26,f30,f3	 f30:0x00000000  f3:0x00000000 f26=0x00000000
     261805.000 ns	     26179	800058b4	032e0db3	mul	x27,x28,x18	 x28:0x82bd9884 x18:0x00000000 x27=0x00000000
     261825.000 ns	     26181	800058b8	00b53633	sltu	x12,x10,x11	 x10:0x00000000 x11:0x00000000 x12=0x00000000
     261845.000 ns	     26183	800058bc	d01da4d3	fcvt.s.wu	f9,x27	 x27:0x00000000  f9=0x00000000
     261875.000 ns	     26186	800058c0	292c9f53	fmax.s	f30,f25,f18	 f25:0x7fc00000 f18:0x00000000 f30=0x00000000
     261905.000 ns	     26189	800058c4	a027abd3	feq.s	x23,f15,f2	 f15:0x00000000  f2:0x4008ff8f x23=0x00000000
     261925.000 ns	     26191	800058c8	252ea413	slti	x8,x29,594	 x29:0x00000000  x8=0x00000001
     261945.000 ns	     26193	800058cc	03b2a6b3	mulhsu	x13,x5,x27	  x5:0xf0d585cf x27:0x00000000 x13=0x00000000
     261975.000 ns	     26196	800058d0	025e0433	mul	x8,x28,x5	 x28:0x82bd9884  x5:0xf0d585cf  x8=0xdd5ee6bc
     262005.000 ns	     26199	800058d4	e0039553	fclass.s	x10,f7	  f7:0x00000000 x10=0x00000010
     262035.000 ns	     26202	800058d8	21411753	fsgnjn.s	f14,f2,f20	  f2:0x4008ff8f f20:0x3f7fffae f14=0xc008ff8f
     262055.000 ns	     26204	800058dc	00bd5e13	srli	x28,x26,0xb	 x26:0x00004002 x28=0x00000008
     262415.000 ns	     26240	800058e0	0260c7b3	div	x15,x1,x6	  x1:0x00004002  x6:0xffffb935 x15=0x00000000
     262445.000 ns	     26243	800058e4	e00d1dd3	fclass.s	x27,f26	 f26:0x00000000 x27=0x00000010
     262475.000 ns	     26246	800058e8	03d07cb3	remu	x25,x0,x29	  x0:0x00000000 x29:0x00000000 x25=0x00000000
     262505.000 ns	     26249	800058ec	02f27cb3	remu	x25,x4,x15	  x4:0x00000040 x15:0x00000000 x25=0x00000040
     262525.000 ns	     26251	800058f0	418cd0b3	sra	x1,x25,x24	 x25:0x00000000 x24:0x00000000  x1=0x00000040
     262885.000 ns	     26287	800058f4	022fe233	rem	x4,x31,x2	 x31:0x80041024  x2:0x00000001  x4=0x00000000
     262915.000 ns	     26290	800058f8	c01efe53	fcvt.wu.s	x28,f29	 f29:0x4f7ffffd x28=0xfffffd00
     262945.000 ns	     26293	800058fc	a0042f53	feq.s	x30,f8,f0	  f8:0x7f800000  f0:0x7fc00000 x30=0x00000000
     262975.000 ns	     26296	80005900	c01a7bd3	fcvt.wu.s	x23,f20	 f20:0x3f7fffae x23=0x00000000
     263005.000 ns	     26299	80005904	d0059253	fcvt.s.w	f4,x11	 x11:0x00000000  f4=0x00000000
     263035.000 ns	     26302	80005908	e0009553	fclass.s	x10,f1	  f1:0xff800000 x10=0x00000001
     263055.000 ns	     26304	8000590c	79e7af13	slti	x30,x15,1950	 x15:0x00000000 x30=0x00000001
     263075.000 ns	     26306	80005910	039a8a33	mul	x20,x21,x25	 x21:0x00000000 x25:0x00000040 x20=0x00000000
     263105.000 ns	     26309	80005914	20d11253	fsgnjn.s	f4,f2,f13	  f2:0x4008ff8f f13:0x4008ff8f  f4=0xc008ff8f
     263125.000 ns	     26311	80005918	011a9c93	slli	x25,x21,0x11	 x21:0x00000000 x25=0x00000000
     263135.000 ns	     26312	8000591c	9f991d17	auipc	x26,0x9f991	 x26=0x1f99691c
     263155.000 ns	     26314	80005920	a14fa253	feq.s	x4,f31,f20	 f31:0x4f00040f f20:0x3f7fffae  x4=0x00000000
     263185.000 ns	     26317	80005924	29dc06d3	fmin.s	f13,f24,f29	 f24:0xcd72a7a3 f29:0x4f7ffffd f13=0xcd72a7a3
     263205.000 ns	     26319	80005928	00f31bb3	sll	x23,x6,x15	  x6:0xffffb935 x15:0x00000000 x23=0xffffb935
     263215.000 ns	     26320	8000592c	019de7b3	or	x15,x27,x25	 x27:0x00000010 x25:0x00000000 x15=0x00000010
     263235.000 ns	     26322	80005930	288a01d3	fmin.s	f3,f20,f8	 f20:0x3f7fffae  f8:0x7f800000  f3=0x3f7fffae
     263275.000 ns	     26326	80005934	5800f153	fsqrt.s	f2,f1	  f1:0xff800000  f2=0x7fc00000
     263295.000 ns	     26328	80005938	00a4b433	sltu	x8,x9,x10	  x9:0x80040fe4 x10:0x00000001  x8=0x00000000
     263305.000 ns	     26329	8000593c	41b4d733	sra	x14,x9,x27	  x9:0x80040fe4 x27:0x00000010 x14=0xffff8004
     263335.000 ns	     26332	80005940	180bbcd3	fdiv.s	f25,f23,f0	 f23:0xff800000  f0:0x7fc00000 f25=0x7fc00000
     263355.000 ns	     26334	80005944	01565f13	srli	x30,x12,0x15	 x12:0x00000000 x30=0x00000000
     263365.000 ns	     26335	80005948	00cce033	or	x0,x25,x12	 x25:0x00000000 x12:0x00000000
     263385.000 ns	     26337	8000594c	02f9ae33	mulhsu	x28,x19,x15	 x19:0x8346a868 x15:0x00000010 x28=0xfffffff8
     263415.000 ns	     26340	80005950	d0027ed3	fcvt.s.w	f29,x4	  x4:0x00000000 f29=0x00000000
     263435.000 ns	     26342	80005954	00ab5413	srli	x8,x22,0xa	 x22:0x00000200  x8=0x00000000
     263445.000 ns	     26343	80005958	33d35737	lui	x14,0x33d35	 x14=0x33d35000
     263455.000 ns	     26344	8000595c	007b6d33	or	x26,x22,x7	 x22:0x00000200  x7:0x00000000 x26=0x00000200
     263485.000 ns	     26347	80005960	11203753	fmul.s	f14,f0,f18	  f0:0x7fc00000 f18:0x00000000 f14=0x7fc00000
     263525.000 ns	     26351	80005964	11be8753	fmul.s	f14,f29,f27	 f29:0x00000000 f27:0x3f7fffae f14=0x00000000
     263555.000 ns	     26354	80005968	21eea153	fsgnjx.s	f2,f29,f30	 f29:0x00000000 f30:0x00000000  f2=0x00000000
     263575.000 ns	     26356	8000596c	7971f213	andi	x4,x3,1943	  x3:0x00000000  x4=0x00000000
     263595.000 ns	     26358	80005970	03e54433	div	x8,x10,x30	 x10:0x00000001 x30:0x00000000  x8=0xffffffff
     263615.000 ns	     26360	80005974	401a5093	srai	x1,x20,0x1	 x20:0x00000000  x1=0x00000000
     263625.000 ns	     26361	80005978	018b73b3	and	x7,x22,x24	 x22:0x00000200 x24:0x00000000  x7=0x00000000
     263635.000 ns	     26362	8000597c	00767233	and	x4,x12,x7	 x12:0x00000000  x7:0x00000000  x4=0x00000000
     263655.000 ns	     26364	80005980	f0008ed3	fmv.w.x	f29,x1	  x1:0x00000000 f29=0x00000000
     263685.000 ns	     26367	80005984	e00095d3	fclass.s	x11,f1	  f1:0xff800000 x11=0x00000001
     263715.000 ns	     26370	80005988	f00300d3	fmv.w.x	f1,x6	  x6:0xffffb935  f1=0xffffb935
     263735.000 ns	     26372	8000598c	ef4b2413	slti	x8,x22,-268	 x22:0x00000200  x8=0x00000000
     263745.000 ns	     26373	80005990	00eaad33	slt	x26,x21,x14	 x21:0x00000000 x14:0x33d35000 x26=0x00000001
     263755.000 ns	     26374	80005994	00a8e333	or	x6,x17,x10	 x17:0x2fc5083c x10:0x00000001  x6=0x2fc5083d
     263765.000 ns	     26375	80005998	e78a2113	slti	x2,x20,-392	 x20:0x00000000  x2=0x00000000
     263775.000 ns	     26376	8000599c	00d59793	slli	x15,x11,0xd	 x11:0x00000001 x15=0x00002000
     263795.000 ns	     26378	800059a0	03baa633	mulhsu	x12,x21,x27	 x21:0x00000000 x27:0x00000010 x12=0x00000000
     264165.000 ns	     26415	800059a4	029e5033	divu	x0,x28,x9	 x28:0xfffffff8  x9:0x80040fe4
     264195.000 ns	     26418	800059a8	a1162b53	feq.s	x22,f12,f17	 f12:0xcf7ffffd f17:0xcd72a7a3 x22=0x00000000
     264225.000 ns	     26421	800059ac	c002c9d3	fcvt.w.s	x19,f5	  f5:0xc4e40000 x19=0xfffff8e0
     264255.000 ns	     26424	800059b0	a1202953	feq.s	x18,f0,f18	  f0:0x7fc00000 f18:0x00000000 x18=0x00000000
     264275.000 ns	     26426	800059b4	00ed5db3	srl	x27,x26,x14	 x26:0x00000001 x14:0x33d35000 x27=0x00000001
     264285.000 ns	     26427	800059b8	0c53f513	andi	x10,x7,197	  x7:0x00000000 x10=0x00000000
     264315.000 ns	     26430	800059bc	58090fd3	fsqrt.s	f31,f18	 f18:0x00000000 f31=0x00000000
     264345.000 ns	     26433	800059c0	c001c753	fcvt.w.s	x14,f3	  f3:0x3f7fffae x14=0x00000001
     264375.000 ns	     26436	800059c4	a08c1653	flt.s	x12,f24,f8	 f24:0xcd72a7a3  f8:0x7f800000 x12=0x00000001
     264395.000 ns	     26438	800059c8	0101c5b3	xor	x11,x3,x16	  x3:0x00000000 x16:0x00000001 x11=0x00000001
     264755.000 ns	     26474	800059cc	03a0cd33	div	x26,x1,x26	  x1:0x00000000 x26:0x00000001 x26=0x00000000
     264775.000 ns	     26476	800059d0	c085af37	lui	x30,0xc085a	 x30=0xc085a000
     264795.000 ns	     26478	800059d4	20d92353	fsgnjx.s	f6,f18,f13	 f18:0x00000000 f13:0xcd72a7a3  f6=0x80000000
     264815.000 ns	     26480	800059d8	001d38b3	sltu	x17,x26,x1	 x26:0x00000000  x1:0x00000000 x17=0x00000000
     264835.000 ns	     26482	800059dc	d00d9bd3	fcvt.s.w	f23,x27	 x27:0x00000001 f23=0x3f800000
     264875.000 ns	     26486	800059e0	58057753	fsqrt.s	f14,f10	 f10:0xcefff7e0 f14=0x7fc00000
     264895.000 ns	     26488	800059e4	40700cb3	sub	x25,x0,x7	  x0:0x00000000  x7:0x00000000 x25=0x00000000
     264915.000 ns	     26490	800059e8	f00f03d3	fmv.w.x	f7,x30	 x30:0xc085a000  f7=0xc085a000
     264945.000 ns	     26493	800059ec	e0038953	fmv.x.w	x18,f7	  f7:0x00000000 x18=0xc085a000
     264975.000 ns	     26496	800059f0	a0d22a53	feq.s	x20,f4,f13	  f4:0xc008ff8f f13:0xcd72a7a3 x20=0x00000000
     265005.000 ns	     26499	800059f4	c003c7d3	fcvt.w.s	x15,f7	  f7:0xc085a000 x15=0xfffffffc
     265035.000 ns	     26502	800059f8	02446433	rem	x8,x8,x4	  x8:0x00000000  x4:0x00000000  x8=0x00000000
     265055.000 ns	     26504	800059fc	00fd1413	slli	x8,x26,0xf	 x26:0x00000000  x8=0x00000000
     265065.000 ns	     26505	80005a00	52a1e193	ori	x3,x3,1322	  x3:0x00000000  x3=0x0000052a
     265075.000 ns	     26506	80005a04	00ce6eb3	or	x29,x28,x12	 x28:0xfffffff8 x12:0x00000001 x29=0xfffffff9
     265085.000 ns	     26507	80005a08	001f3833	sltu	x16,x30,x1	 x30:0xc085a000  x1:0x00000000 x16=0x00000000
     265095.000 ns	     26508	80005a0c	00773b33	sltu	x22,x14,x7	 x14:0x00000001  x7:0x00000000 x22=0x00000000
     265105.000 ns	     26509	80005a10	41405133	sra	x2,x0,x20	  x0:0x00000000 x20:0x00000000  x2=0x00000000
     265115.000 ns	     26510	80005a14	9b2de993	ori	x19,x27,-1614	 x27:0x00000001 x19=0xfffff9b3
     265125.000 ns	     26511	80005a18	00371e13	slli	x28,x14,0x3	 x14:0x00000001 x28=0x00000008
     265145.000 ns	     26513	80005a1c	d0062bd3	fcvt.s.w	f23,x12	 x12:0x00000001 f23=0x3f800000
     265175.000 ns	     26516	80005a20	030afa33	remu	x20,x21,x16	 x21:0x00000000 x16:0x00000000 x20=0x00000000
     265205.000 ns	     26519	80005a24	a1761bd3	flt.s	x23,f12,f23	 f12:0xcf7ffffd f23:0x3f800000 x23=0x00000001
     265235.000 ns	     26522	80005a28	20728dd3	fsgnj.s	f27,f5,f7	  f5:0xc4e40000  f7:0xc085a000 f27=0xc4e40000
     265265.000 ns	     26525	80005a2c	c01475d3	fcvt.wu.s	x11,f8	  f8:0x7f800000 x11=0xffffffff
     265285.000 ns	     26527	80005a30	40bbd033	sra	x0,x23,x11	 x23:0x00000001 x11:0x00000001
     265305.000 ns	     26529	80005a34	a0e89053	flt.s	x0,f17,f14	 f17:0xcd72a7a3 f14:0x7fc00000
     265335.000 ns	     26532	80005a38	a1aa05d3	fle.s	x11,f20,f26	 f20:0x3f7fffae f26:0x00000000 x11=0x00000000
     265365.000 ns	     26535	80005a3c	21522fd3	fsgnjx.s	f31,f4,f21	  f4:0xc008ff8f f21:0xcf7ffffd f31=0x4008ff8f
     265395.000 ns	     26538	80005a40	21d09a53	fsgnjn.s	f20,f1,f29	  f1:0xffffb935 f29:0x00000000 f20=0xffffb935
     265425.000 ns	     26541	80005a44	d00d70d3	fcvt.s.w	f1,x26	 x26:0x00000000  f1=0x00000000
     265455.000 ns	     26544	80005a48	02f33733	mulhu	x14,x6,x15	  x6:0x2fc5083d x15:0xfffffffc x14=0x2fc5083c
     265475.000 ns	     26546	80005a4c	014bcc33	xor	x24,x23,x20	 x23:0x00000001 x20:0x00000000 x24=0x00000001
     265495.000 ns	     26548	80005a50	03298a33	mul	x20,x19,x18	 x19:0xfffff9b3 x18:0xc085a000 x20=0xf60ee000
     265525.000 ns	     26551	80005a54	f00c8053	fmv.w.x	f0,x25	 x25:0x00000000  f0=0x00000000
     265555.000 ns	     26554	80005a58	e0019453	fclass.s	x8,f3	  f3:0x3f7fffae  x8=0x00000040
     265585.000 ns	     26557	80005a5c	c002fe53	fcvt.w.s	x28,f5	  f5:0xc4e40000 x28=0x00000720
     265605.000 ns	     26559	80005a60	c6738593	addi	x11,x7,-921	  x7:0x00000000 x11=0xfffffc67
     265965.000 ns	     26595	80005a64	0385ef33	rem	x30,x11,x24	 x11:0x00000000 x24:0x00000001 x30=0x00000000
     265985.000 ns	     26597	80005a68	41e58bb3	sub	x23,x11,x30	 x11:0x00000000 x30:0xc085a000 x23=0xfffffc67
     265995.000 ns	     26598	80005a6c	01228cb3	add	x25,x5,x18	  x5:0xf0d585cf x18:0xc085a000 x25=0xb15b25cf
     266015.000 ns	     26600	80005a70	f0018c53	fmv.w.x	f24,x3	  x3:0x0000052a f24=0x0000052a
     266035.000 ns	     26602	80005a74	3329bb93	sltiu	x23,x19,818	 x19:0xfffff9b3 x23=0x00000000
     266055.000 ns	     26604	80005a78	03d09d33	mulh	x26,x1,x29	  x1:0x00000000 x29:0xfffffff9 x26=0x00000000
     266085.000 ns	     26607	80005a7c	c015cc53	fcvt.wu.s	x24,f11	 f11:0x7f800000 x24=0xffffffff
     266115.000 ns	     26610	80005a80	d00171d3	fcvt.s.w	f3,x2	  x2:0x00000000  f3=0x00000000
     266135.000 ns	     26612	80005a84	4498e117	auipc	x2,0x4498e	  x2=0xc4993a84
     266175.000 ns	     26616	80005a88	0053f353	fadd.s	f6,f7,f5	  f7:0xc085a000  f5:0xc4e40000  f6=0xc4e485a0
     266195.000 ns	     26618	80005a8c	41dd8833	sub	x16,x27,x29	 x27:0x00000001 x29:0xfffffff9 x16=0x00000008
     266215.000 ns	     26620	80005a90	d01792d3	fcvt.s.wu	f5,x15	 x15:0xfffffffc  f5=0x4f7fffff
     266235.000 ns	     26622	80005a94	f63eb093	sltiu	x1,x29,-157	 x29:0xfffffff9  x1=0x00000000
     266245.000 ns	     26623	80005a98	00325db3	srl	x27,x4,x3	  x4:0x00000000  x3:0x0000052a x27=0x00000000
     266255.000 ns	     26624	80005a9c	01da9833	sll	x16,x21,x29	 x21:0x00000000 x29:0xfffffff9 x16=0x00000000
     266265.000 ns	     26625	80005aa0	f76b0513	addi	x10,x22,-138	 x22:0x00000000 x10=0xffffff76
     266275.000 ns	     26626	80005aa4	41935c93	srai	x25,x6,0x19	  x6:0x2fc5083d x25=0x00000017
     266295.000 ns	     26628	80005aa8	0307a5b3	mulhsu	x11,x15,x16	 x15:0xfffffffc x16:0x00000000 x11=0x00000000
     266325.000 ns	     26631	80005aac	21969dd3	fsgnjn.s	f27,f13,f25	 f13:0xcd72a7a3 f25:0x7fc00000 f27=0xcd72a7a3
     266355.000 ns	     26634	80005ab0	d00ef5d3	fcvt.s.w	f11,x29	 x29:0xfffffff9 f11=0xc0e00000
     266405.000 ns	     26639	80005ab4	01742e53	fadd.s	f28,f8,f23	  f8:0x7f800000 f23:0x3f800000 f28=0x7f800000
     266425.000 ns	     26641	80005ab8	18a7e393	ori	x7,x15,394	 x15:0xfffffffc  x7=0xfffffffe
     266435.000 ns	     26642	80005abc	00000013	addi	x0,x0,0	  x0:0x00000000
     266455.000 ns	     26644	80005ac0	036a9433	mulh	x8,x21,x22	 x21:0x00000000 x22:0x00000000  x8=0x00000000
     266485.000 ns	     26647	80005ac4	a0b98753	fle.s	x14,f19,f11	 f19:0x4488ffc1 f11:0xc0e00000 x14=0x00000000
     266525.000 ns	     26651	80005ac8	1874f753	fdiv.s	f14,f9,f7	  f9:0x00000000  f7:0xc085a000 f14=0x80000000
     266555.000 ns	     26654	80005acc	a0622d53	feq.s	x26,f4,f6	  f4:0xc008ff8f  f6:0xc4e485a0 x26=0x00000000
     266605.000 ns	     26659	80005ad0	00dea4d3	fadd.s	f9,f29,f13	 f29:0x00000000 f13:0xcd72a7a3  f9=0xcd72a7a3
     266635.000 ns	     26662	80005ad4	02e4f5b3	remu	x11,x9,x14	  x9:0x80040fe4 x14:0x00000000 x11=0x80040fe4
     266665.000 ns	     26665	80005ad8	e00c0dd3	fmv.x.w	x27,f24	 f24:0x0000052a x27=0x0000052a
     266695.000 ns	     26668	80005adc	f00c0653	fmv.w.x	f12,x24	 x24:0xffffffff f12=0xffffffff
     266725.000 ns	     26671	80005ae0	032aabb3	mulhsu	x23,x21,x18	 x21:0x00000000 x18:0xc085a000 x23=0x00000000
     266745.000 ns	     26673	80005ae4	00a3b0b3	sltu	x1,x7,x10	  x7:0xfffffffe x10:0xffffff76  x1=0x00000000
     266755.000 ns	     26674	80005ae8	01971c93	slli	x25,x14,0x19	 x14:0x00000000 x25=0x00000000
     266765.000 ns	     26675	80005aec	4094d633	sra	x12,x9,x9	  x9:0x80040fe4  x9:0x80040fe4 x12=0xf80040fe
     266775.000 ns	     26676	80005af0	e83cc613	xori	x12,x25,-381	 x25:0x00000017 x12=0xfffffe83
     267135.000 ns	     26712	80005af4	03d7f833	remu	x16,x15,x29	 x15:0xfffffffc x29:0xfffffff9 x16=0x00000003
     267165.000 ns	     26715	80005af8	a138a1d3	feq.s	x3,f17,f19	 f17:0xcd72a7a3 f19:0x4488ffc1  x3=0x00000000
     267195.000 ns	     26718	80005afc	f0038cd3	fmv.w.x	f25,x7	  x7:0xfffffffe f25=0xfffffffe
     267225.000 ns	     26721	80005b00	02cf2933	mulhsu	x18,x30,x12	 x30:0x00000000 x12:0xfffffe83 x18=0x00000000
     267245.000 ns	     26723	80005b04	009dbb33	sltu	x22,x27,x9	 x27:0x0000052a  x9:0x80040fe4 x22=0x00000001
     267265.000 ns	     26725	80005b08	d0048ed3	fcvt.s.w	f29,x9	  x9:0x80040fe4 f29=0xcefff7e0
     267295.000 ns	     26728	80005b0c	29f784d3	fmin.s	f9,f15,f31	 f15:0x00000000 f31:0x4008ff8f  f9=0x00000000
     267325.000 ns	     26731	80005b10	e0079853	fclass.s	x16,f15	 f15:0x00000000 x16=0x00000010
     267355.000 ns	     26734	80005b14	c0169353	fcvt.wu.s	x6,f13	 f13:0xcd72a7a3  x6=0x0f2a7a30
     267385.000 ns	     26737	80005b18	2183af53	fsgnjx.s	f30,f7,f24	  f7:0xc085a000 f24:0x0000052a f30=0xc085a000
     267405.000 ns	     26739	80005b1c	01635693	srli	x13,x6,0x16	  x6:0x0f2a7a30 x13=0x0000003c
     267425.000 ns	     26741	80005b20	a09183d3	fle.s	x7,f3,f9	  f3:0x00000000  f9:0x00000000  x7=0x00000001
     267455.000 ns	     26744	80005b24	f00483d3	fmv.w.x	f7,x9	  x9:0x80040fe4  f7=0x80040fe4
     267825.000 ns	     26781	80005b28	0263f1b3	remu	x3,x7,x6	  x7:0x00000001  x6:0x0f2a7a30  x3=0x00000001
     267865.000 ns	     26785	80005b2c	11847d53	fmul.s	f26,f8,f24	  f8:0x7f800000 f24:0x0000052a f26=0x7f800000
     268235.000 ns	     26822	80005b30	02776733	rem	x14,x14,x7	 x14:0x00000000  x7:0x00000001 x14=0x00000000
     268265.000 ns	     26825	80005b34	028c76b3	remu	x13,x24,x8	 x24:0xffffffff  x8:0x00000000 x13=0xffffffff
     268285.000 ns	     26827	80005b38	40ab5ab3	sra	x21,x22,x10	 x22:0x00000001 x10:0xffffff76 x21=0x00000000
     268305.000 ns	     26829	80005b3c	f0038dd3	fmv.w.x	f27,x7	  x7:0x00000001 f27=0x00000001
     268335.000 ns	     26832	80005b40	a0e507d3	fle.s	x15,f10,f14	 f10:0xcefff7e0 f14:0x80000000 x15=0x00000001
     268365.000 ns	     26835	80005b44	28121653	fmax.s	f12,f4,f1	  f4:0xc008ff8f  f1:0x00000000 f12=0x00000000
     268395.000 ns	     26838	80005b48	03fd80b3	mul	x1,x27,x31	 x27:0x0000052a x31:0x80041024  x1=0x14fb59e8
     268415.000 ns	     26840	80005b4c	01465113	srli	x2,x12,0x14	 x12:0xfffffe83  x2=0x00000fff
     268425.000 ns	     26841	80005b50	016a0733	add	x14,x20,x22	 x20:0xf60ee000 x22:0x00000001 x14=0xf60ee001
     268445.000 ns	     26843	80005b54	027f9a33	mulh	x20,x31,x7	 x31:0x80041024  x7:0x00000001 x20=0xffffffff
     268465.000 ns	     26845	80005b58	009b7533	and	x10,x22,x9	 x22:0x00000001  x9:0x80040fe4 x10=0x00000000
     268475.000 ns	     26846	80005b5c	017b28b3	slt	x17,x22,x23	 x22:0x00000001 x23:0x00000000 x17=0x00000000
     268495.000 ns	     26848	80005b60	c00dfed3	fcvt.w.s	x29,f27	 f27:0x00000001 x29=0x00000000
     268525.000 ns	     26851	80005b64	02478933	mul	x18,x15,x4	 x15:0x00000001  x4:0x00000000 x18=0x00000000
     268545.000 ns	     26853	80005b68	432f6b97	auipc	x23,0x432f6	 x23=0xc32fbb68
     268555.000 ns	     26854	80005b6c	00000013	addi	x0,x0,0	  x0:0x00000000
     268915.000 ns	     26890	80005b70	02c16333	rem	x6,x2,x12	  x2:0x00000fff x12:0xfffffe83  x6=0x0000011d
     268935.000 ns	     26892	80005b74	5d8acc93	xori	x25,x21,1496	 x21:0x00000000 x25=0x000005d8
     268945.000 ns	     26893	80005b78	950ce6b7	lui	x13,0x950ce	 x13=0x950ce000
     268965.000 ns	     26895	80005b7c	21911a53	fsgnjn.s	f20,f2,f25	  f2:0x00000000 f25:0xfffffffe f20=0x00000000
     268985.000 ns	     26897	80005b80	fef58137	lui	x2,0xfef58	  x2=0xfef58000
     269005.000 ns	     26899	80005b84	c0117dd3	fcvt.wu.s	x27,f2	  f2:0x00000000 x27=0x00000000
     269025.000 ns	     26901	80005b88	01c29593	slli	x11,x5,0x1c	  x5:0xf0d585cf x11=0xf0000000
     269045.000 ns	     26903	80005b8c	282f01d3	fmin.s	f3,f30,f2	 f30:0xc085a000  f2:0x00000000  f3=0xc085a000
     269065.000 ns	     26905	80005b90	417cda33	sra	x20,x25,x23	 x25:0x000005d8 x23:0xc32fbb68 x20=0x00000005
     269085.000 ns	     26907	80005b94	035ef033	remu	x0,x29,x21	 x29:0x00000000 x21:0x00000000
     269105.000 ns	     26909	80005b98	0135a933	slt	x18,x11,x19	 x11:0xf0000000 x19:0xfffff9b3 x18=0x00000001
     269125.000 ns	     26911	80005b9c	02aa08b3	mul	x17,x20,x10	 x20:0x00000005 x10:0x00000000 x17=0x00000000
     269155.000 ns	     26914	80005ba0	037cbbb3	mulhu	x23,x25,x23	 x25:0x000005d8 x23:0xc32fbb68 x23=0x00000474
     269185.000 ns	     26917	80005ba4	0215a3b3	mulhsu	x7,x11,x1	 x11:0xf0000000  x1:0x14fb59e8  x7=0xfeb04a61
     269205.000 ns	     26919	80005ba8	36e2d237	lui	x4,0x36e2d	  x4=0x36e2d000
     269215.000 ns	     26920	80005bac	40cfdab3	sra	x21,x31,x12	 x31:0x80041024 x12:0xfffffe83 x21=0xf0008204
     269225.000 ns	     26921	80005bb0	01816633	or	x12,x2,x24	  x2:0xfef58000 x24:0xffffffff x12=0xffffffff
     269235.000 ns	     26922	80005bb4	016565b3	or	x11,x10,x22	 x10:0x00000000 x22:0x00000001 x11=0x00000001
     269255.000 ns	     26924	80005bb8	a14220d3	feq.s	x1,f4,f20	  f4:0xc008ff8f f20:0x00000000  x1=0x00000000
     269285.000 ns	     26927	80005bbc	216b96d3	fsgnjn.s	f13,f23,f22	 f23:0x3f800000 f22:0x3f7fffae f13=0xbf800000
     269655.000 ns	     26964	80005bc0	02986733	rem	x14,x16,x9	 x16:0x00000010  x9:0x80040fe4 x14=0x00000010
     269675.000 ns	     26966	80005bc4	9138e193	ori	x3,x17,-1773	 x17:0x00000000  x3=0xfffff913
     269685.000 ns	     26967	80005bc8	ba747593	andi	x11,x8,-1113	  x8:0x00000000 x11=0x00000000
     269695.000 ns	     26968	80005bcc	40f15893	srai	x17,x2,0xf	  x2:0xfef58000 x17=0xfffffdeb
     269705.000 ns	     26969	80005bd0	00245c93	srli	x25,x8,0x2	  x8:0x00000000 x25=0x00000000
     269725.000 ns	     26971	80005bd4	211a0cd3	fsgnj.s	f25,f20,f17	 f20:0x00000000 f17:0xcd72a7a3 f25=0x80000000
     269755.000 ns	     26974	80005bd8	a0bc26d3	feq.s	x13,f24,f11	 f24:0x0000052a f11:0xc0e00000 x13=0x00000000
     269775.000 ns	     26976	80005bdc	00000013	addi	x0,x0,0	  x0:0x00000000
     269785.000 ns	     26977	80005be0	000bb3b3	sltu	x7,x23,x0	 x23:0x00000474  x0:0x00000000  x7=0x00000000
     269795.000 ns	     26978	80005be4	00994db3	xor	x27,x18,x9	 x18:0x00000001  x9:0x80040fe4 x27=0x80040fe5
     269815.000 ns	     26980	80005be8	a0cd88d3	fle.s	x17,f27,f12	 f27:0x00000001 f12:0x00000000 x17=0x00000000
     270185.000 ns	     27017	80005bec	03007e33	remu	x28,x0,x16	  x0:0x00000000 x16:0x00000010 x28=0x00000000
     270555.000 ns	     27054	80005bf0	02957333	remu	x6,x10,x9	 x10:0x00000000  x9:0x80040fe4  x6=0x00000000
     270925.000 ns	     27091	80005bf4	03ffdb33	divu	x22,x31,x31	 x31:0x80041024 x31:0x80041024 x22=0x00000001
     270945.000 ns	     27093	80005bf8	4025df13	srai	x30,x11,0x2	 x11:0x00000000 x30=0x00000000
     270955.000 ns	     27094	80005bfc	00497b33	and	x22,x18,x4	 x18:0x00000001  x4:0x36e2d000 x22=0x00000000
     270975.000 ns	     27096	80005c00	02918c33	mul	x24,x3,x9	  x3:0xfffff913  x9:0x80040fe4 x24=0x63ddf1ec
     271005.000 ns	     27099	80005c04	a032ad53	feq.s	x26,f5,f3	  f5:0x4f7fffff  f3:0xc085a000 x26=0x00000000
     271045.000 ns	     27103	80005c08	10cb70d3	fmul.s	f1,f22,f12	 f22:0x3f7fffae f12:0x00000000  f1=0x00000000
     271075.000 ns	     27106	80005c0c	d0047453	fcvt.s.w	f8,x8	  x8:0x00000000  f8=0x00000000
     271105.000 ns	     27109	80005c10	c005f0d3	fcvt.w.s	x1,f11	 f11:0xc0e00000  x1=0x00000007
     271125.000 ns	     27111	80005c14	ad767513	andi	x10,x12,-1321	 x12:0xffffffff x10=0xfffffad7
     271135.000 ns	     27112	80005c18	29988713	addi	x14,x17,665	 x17:0x00000000 x14=0x00000299
     271145.000 ns	     27113	80005c1c	00f00533	add	x10,x0,x15	  x0:0x00000000 x15:0x00000001 x10=0x00000001
     271505.000 ns	     27149	80005c20	023d6633	rem	x12,x26,x3	 x26:0x00000000  x3:0xfffff913 x12=0x00000000
     271525.000 ns	     27151	80005c24	01f9a0b3	slt	x1,x19,x31	 x19:0xfffff9b3 x31:0x80041024  x1=0x00000000
     271555.000 ns	     27154	80005c28	107314d3	fmul.s	f9,f6,f7	  f6:0xc4e485a0  f7:0x80040fe4  f9=0x03681176
     271585.000 ns	     27157	80005c2c	f00601d3	fmv.w.x	f3,x12	 x12:0x00000000  f3=0x00000000
     271615.000 ns	     27160	80005c30	03ebab33	mulhsu	x22,x23,x30	 x23:0x00000474 x30:0x00000000 x22=0x00000000
     271645.000 ns	     27163	80005c34	a0a98cd3	fle.s	x25,f19,f10	 f19:0x4488ffc1 f10:0xcefff7e0 x25=0x00000000
     271675.000 ns	     27166	80005c38	29fe8bd3	fmin.s	f23,f29,f31	 f29:0xcefff7e0 f31:0x4008ff8f f23=0xcefff7e0
     271705.000 ns	     27169	80005c3c	e0038ed3	fmv.x.w	x29,f7	  f7:0x80040fe4 x29=0x80040fe4
     271725.000 ns	     27171	80005c40	01051813	slli	x16,x10,0x10	 x10:0x00000001 x16=0x00010000
     271745.000 ns	     27173	80005c44	282e8953	fmin.s	f18,f29,f2	 f29:0xcefff7e0  f2:0x00000000 f18=0xcefff7e0
     271775.000 ns	     27176	80005c48	d005bc53	fcvt.s.w	f24,x11	 x11:0x00000000 f24=0x00000000
     271795.000 ns	     27178	80005c4c	01625613	srli	x12,x4,0x16	  x4:0x36e2d000 x12=0x000000db
     271815.000 ns	     27180	80005c50	29d112d3	fmax.s	f5,f2,f29	  f2:0x00000000 f29:0xcefff7e0  f5=0x00000000
     271835.000 ns	     27182	80005c54	f3037c13	andi	x24,x6,-208	  x6:0x00000000 x24=0x00000000
     271855.000 ns	     27184	80005c58	c01bf453	fcvt.wu.s	x8,f23	 f23:0xcefff7e0  x8=0x7ffbf000
     272225.000 ns	     27221	80005c5c	025346b3	div	x13,x6,x5	  x6:0x00000000  x5:0xf0d585cf x13=0x00000000
     272255.000 ns	     27224	80005c60	c01b7ed3	fcvt.wu.s	x29,f22	 f22:0x3f7fffae x29=0x00000000
     272275.000 ns	     27226	80005c64	404bd033	sra	x0,x23,x4	 x23:0x00000474  x4:0x36e2d000
     272295.000 ns	     27228	80005c68	c00abb53	fcvt.w.s	x22,f21	 f21:0xcf7ffffd x22=0x80000000
     272325.000 ns	     27231	80005c6c	20781f53	fsgnjn.s	f30,f16,f7	 f16:0x00000000  f7:0x80040fe4 f30=0x00000000
     272355.000 ns	     27234	80005c70	f00b8353	fmv.w.x	f6,x23	 x23:0x00000474  f6=0x00000474
     272375.000 ns	     27236	80005c74	01705813	srli	x16,x0,0x17	  x0:0x00000000 x16=0x00000000
     272405.000 ns	     27239	80005c78	106af353	fmul.s	f6,f21,f6	 f21:0xcf7ffffd  f6:0x00000474  f6=0x8a0e7fff
     272425.000 ns	     27241	80005c7c	00605513	srli	x10,x0,0x6	  x0:0x00000000 x10=0x00000000
     272445.000 ns	     27243	80005c80	d015b653	fcvt.s.wu	f12,x11	 x11:0x00000000 f12=0x00000000
     272465.000 ns	     27245	80005c84	d7cde593	ori	x11,x27,-644	 x27:0x80040fe5 x11=0xfffffffd
     272505.000 ns	     27249	80005c88	00b47bd3	fadd.s	f23,f8,f11	  f8:0x00000000 f11:0xc0e00000 f23=0xc0e00000
     272535.000 ns	     27252	80005c8c	a0ef0ed3	fle.s	x29,f30,f14	 f30:0x00000000 f14:0x80000000 x29=0x00000001
     272565.000 ns	     27255	80005c90	20588a53	fsgnj.s	f20,f17,f5	 f17:0xcd72a7a3  f5:0x00000000 f20=0x4d72a7a3
     272585.000 ns	     27257	80005c94	41020c33	sub	x24,x4,x16	  x4:0x36e2d000 x16:0x00000000 x24=0x36e2d000
     272605.000 ns	     27259	80005c98	20fba553	fsgnjx.s	f10,f23,f15	 f23:0xc0e00000 f15:0x00000000 f10=0xc0e00000
     272625.000 ns	     27261	80005c9c	01901c93	slli	x25,x0,0x19	  x0:0x00000000 x25=0x00000000
     272645.000 ns	     27263	80005ca0	a0e320d3	feq.s	x1,f6,f14	  f6:0x8a0e7fff f14:0x80000000  x1=0x00000000
     272675.000 ns	     27266	80005ca4	a0420553	fle.s	x10,f4,f4	  f4:0xc008ff8f  f4:0xc008ff8f x10=0x00000001
     272695.000 ns	     27268	80005ca8	196e2993	slti	x19,x28,406	 x28:0x00000000 x19=0x00000001
     272705.000 ns	     27269	80005cac	00e05233	srl	x4,x0,x14	  x0:0x00000000 x14:0x00000299  x4=0x00000000
     272725.000 ns	     27271	80005cb0	c0119853	fcvt.wu.s	x16,f3	  f3:0x00000000 x16=0x00000000
     272745.000 ns	     27273	80005cb4	01d73eb3	sltu	x29,x14,x29	 x14:0x00000299 x29:0x00000001 x29=0x00000000
     272755.000 ns	     27274	80005cb8	ef97c713	xori	x14,x15,-263	 x15:0x00000001 x14=0xfffffef8
     272765.000 ns	     27275	80005cbc	75280d93	addi	x27,x16,1874	 x16:0x00000000 x27=0x00000752
     272775.000 ns	     27276	80005cc0	01acd813	srli	x16,x25,0x1a	 x25:0x00000000 x16=0x00000000
     272795.000 ns	     27278	80005cc4	29a000d3	fmin.s	f1,f0,f26	  f0:0x00000000 f26:0x7f800000  f1=0x00000000
     272825.000 ns	     27281	80005cc8	a0551853	flt.s	x16,f10,f5	 f10:0xc0e00000  f5:0x00000000 x16=0x00000001
     272855.000 ns	     27284	80005ccc	035587b3	mul	x15,x11,x21	 x11:0xfffffffd x21:0xf0008204 x15=0x2ffe79f4
     272875.000 ns	     27286	80005cd0	00a679b3	and	x19,x12,x10	 x12:0x000000db x10:0x00000001 x19=0x00000001
     272885.000 ns	     27287	80005cd4	feb47a13	andi	x20,x8,-21	  x8:0x7ffbf000 x20=0x7ffbf000
     272925.000 ns	     27291	80005cd8	00499b53	fadd.s	f22,f19,f4	 f19:0x4488ffc1  f4:0xc008ff8f f22=0x4488bb41
     272955.000 ns	     27294	80005cdc	e00e0f53	fmv.x.w	x30,f28	 f28:0x7f800000 x30=0x7f800000
     272985.000 ns	     27297	80005ce0	022533b3	mulhu	x7,x10,x2	 x10:0x00000001  x2:0xfef58000  x7=0x00000000
     273015.000 ns	     27300	80005ce4	28628253	fmin.s	f4,f5,f6	  f5:0x00000000  f6:0x8a0e7fff  f4=0x8a0e7fff
     273035.000 ns	     27302	80005ce8	1d280f13	addi	x30,x16,466	 x16:0x00000001 x30=0x000001d3
     273045.000 ns	     27303	80005cec	0a707a13	andi	x20,x0,167	  x0:0x00000000 x20=0x00000000
     273055.000 ns	     27304	80005cf0	00e8a033	slt	x0,x17,x14	 x17:0x00000000 x14:0xfffffef8
     273075.000 ns	     27306	80005cf4	212a0c53	fsgnj.s	f24,f20,f18	 f20:0x4d72a7a3 f18:0xcefff7e0 f24=0xcd72a7a3
     273095.000 ns	     27308	80005cf8	00c8d213	srli	x4,x17,0xc	 x17:0x00000000  x4=0x00000000
     273105.000 ns	     27309	80005cfc	019f7233	and	x4,x30,x25	 x30:0x000001d3 x25:0x00000000  x4=0x00000000
     273125.000 ns	     27311	80005d00	a0380053	fle.s	x0,f16,f3	 f16:0x00000000  f3:0x00000000
     273145.000 ns	     27313	80005d04	5c924d13	xori	x26,x4,1481	  x4:0x00000000 x26=0x000005c9
     273155.000 ns	     27314	80005d08	406981b3	sub	x3,x19,x6	 x19:0x00000001  x6:0x00000000  x3=0x00000001
     273165.000 ns	     27315	80005d0c	4d63e193	ori	x3,x7,1238	  x7:0x00000000  x3=0x000004d6
     273185.000 ns	     27317	80005d10	216b0553	fsgnj.s	f10,f22,f22	 f22:0x4488bb41 f22:0x4488bb41 f10=0x4488bb41
     273205.000 ns	     27319	80005d14	008fecb3	or	x25,x31,x8	 x31:0x80041024  x8:0x7ffbf000 x25=0xfffff024
     273225.000 ns	     27321	80005d18	28ab9ad3	fmax.s	f21,f23,f10	 f23:0xc0e00000 f10:0x4488bb41 f21=0x4488bb41
     273255.000 ns	     27324	80005d1c	215a9c53	fsgnjn.s	f24,f21,f21	 f21:0xcf7ffffd f21:0xcf7ffffd f24=0xc488bb41
     273275.000 ns	     27326	80005d20	40685913	srai	x18,x16,0x6	 x16:0x00000001 x18=0x00000000
     273295.000 ns	     27328	80005d24	201a9353	fsgnjn.s	f6,f21,f1	 f21:0x4488bb41  f1:0x00000000  f6=0xc488bb41
     273315.000 ns	     27330	80005d28	d297b537	lui	x10,0xd297b	 x10=0xd297b000
     273325.000 ns	     27331	80005d2c	005dfc33	and	x24,x27,x5	 x27:0x00000752  x5:0xf0d585cf x24=0x00000542
     273345.000 ns	     27333	80005d30	a061a353	feq.s	x6,f3,f6	  f3:0x00000000  f6:0xc488bb41  x6=0x00000000
     273365.000 ns	     27335	80005d34	01102eb3	slt	x29,x0,x17	  x0:0x00000000 x17:0x00000000 x29=0x00000000
     273375.000 ns	     27336	80005d38	40415233	sra	x4,x2,x4	  x2:0xfef58000  x4:0x00000000  x4=0xfef58000
     273385.000 ns	     27337	80005d3c	060b6193	ori	x3,x22,96	 x22:0x80000000  x3=0x80000060
     273415.000 ns	     27340	80005d40	58047053	fsqrt.s	f0,f8	  f8:0x00000000  f0=0x00000000
     273435.000 ns	     27342	80005d44	aa5dfd13	andi	x26,x27,-1371	 x27:0x00000752 x26=0x00000200
     273795.000 ns	     27378	80005d48	036151b3	divu	x3,x2,x22	  x2:0xfef58000 x22:0x80000000  x3=0x00000001
     273815.000 ns	     27380	80005d4c	41e68eb3	sub	x29,x13,x30	 x13:0x00000000 x30:0x000001d3 x29=0xfffffe2d
     273825.000 ns	     27381	80005d50	491bc693	xori	x13,x23,1169	 x23:0x00000474 x13=0x000000e5
     273845.000 ns	     27383	80005d54	c00f9bd3	fcvt.w.s	x23,f31	 f31:0x4008ff8f x23=0x00000002
     273865.000 ns	     27385	80005d58	01d8acb3	slt	x25,x17,x29	 x17:0x00000000 x29:0xfffffe2d x25=0x00000000
     273885.000 ns	     27387	80005d5c	215e0e53	fsgnj.s	f28,f28,f21	 f28:0x7f800000 f21:0x4488bb41 f28=0x7f800000
     274255.000 ns	     27424	80005d60	02cbf8b3	remu	x17,x23,x12	 x23:0x00000002 x12:0x000000db x17=0x00000002
     274285.000 ns	     27427	80005d64	296a0dd3	fmin.s	f27,f20,f22	 f20:0x4d72a7a3 f22:0x4488bb41 f27=0x4488bb41
     275465.000 ns	     27545	80005d68	580a2e53	fsqrt.s	f28,f20	 f20:0x4d72a7a3 f28=0x462b9525
     275495.000 ns	     27548	80005d6c	03b2be33	mulhu	x28,x5,x27	  x5:0xf0d585cf x27:0x00000752 x28=0x000006e2
     275515.000 ns	     27550	80005d70	078bbdb7	lui	x27,0x78bb	 x27=0x078bb000
     275535.000 ns	     27552	80005d74	c003fc53	fcvt.w.s	x24,f7	  f7:0x80040fe4 x24=0x00000000
     275555.000 ns	     27554	80005d78	a5e06213	ori	x4,x0,-1442	  x0:0x00000000  x4=0xfffffa5e
     275565.000 ns	     27555	80005d7c	0126ae33	slt	x28,x13,x18	 x13:0x000000e5 x18:0x00000000 x28=0x00000000
     275585.000 ns	     27557	80005d80	a058a353	feq.s	x6,f17,f5	 f17:0xcd72a7a3  f5:0x00000000  x6=0x00000000
     275955.000 ns	     27594	80005d84	02dbcab3	div	x21,x23,x13	 x23:0x00000002 x13:0x000000e5 x21=0x00000000
     275975.000 ns	     27596	80005d88	01619533	sll	x10,x3,x22	  x3:0x00000001 x22:0x80000000 x10=0x00000001
     275995.000 ns	     27598	80005d8c	a07980d3	fle.s	x1,f19,f7	 f19:0x4488ffc1  f7:0x80040fe4  x1=0x00000000
     276025.000 ns	     27601	80005d90	d00408d3	fcvt.s.w	f17,x8	  x8:0x7ffbf000 f17=0x4efff7e0
     276045.000 ns	     27603	80005d94	01b21393	slli	x7,x4,0x1b	  x4:0xfffffa5e  x7=0xf0000000
     276065.000 ns	     27605	80005d98	e0010353	fmv.x.w	x6,f2	  f2:0x00000000  x6=0x00000000
     276085.000 ns	     27607	80005d9c	01d2c3b3	xor	x7,x5,x29	  x5:0xf0d585cf x29:0xfffffe2d  x7=0x0f2a7be2
     276095.000 ns	     27608	80005da0	009a1d33	sll	x26,x20,x9	 x20:0x00000000  x9:0x80040fe4 x26=0x00000000
     276115.000 ns	     27610	80005da4	02b6b9b3	mulhu	x19,x13,x11	 x13:0x000000e5 x11:0xfffffffd x19=0x000000e4
     276145.000 ns	     27613	80005da8	204badd3	fsgnjx.s	f27,f23,f4	 f23:0xc0e00000  f4:0x8a0e7fff f27=0x40e00000
     276165.000 ns	     27615	80005dac	00000013	addi	x0,x0,0	  x0:0x00000000
     276525.000 ns	     27651	80005db0	02d669b3	rem	x19,x12,x13	 x12:0x000000db x13:0x000000e5 x19=0x000000db
     276895.000 ns	     27688	80005db4	03e6e833	rem	x16,x13,x30	 x13:0x000000e5 x30:0x000001d3 x16=0x000000e5
     276915.000 ns	     27690	80005db8	406c5a13	srai	x20,x24,0x6	 x24:0x00000000 x20=0x00000000
     276925.000 ns	     27691	80005dbc	004bad33	slt	x26,x23,x4	 x23:0x00000002  x4:0xfffffa5e x26=0x00000000
     276945.000 ns	     27693	80005dc0	20351153	fsgnjn.s	f2,f10,f3	 f10:0x4488bb41  f3:0x00000000  f2=0xc488bb41
     276965.000 ns	     27695	80005dc4	01a15993	srli	x19,x2,0x1a	  x2:0xfef58000 x19=0x0000003f
     277005.000 ns	     27699	80005dc8	09bbfe53	fsub.s	f28,f23,f27	 f23:0xc0e00000 f27:0x40e00000 f28=0xc1600000
     277055.000 ns	     27704	80005dcc	0044ffd3	fadd.s	f31,f9,f4	  f9:0x03681176  f4:0x8a0e7fff f31=0x8a0e7c5e
     277085.000 ns	     27707	80005dd0	032bc333	div	x6,x23,x18	 x23:0x00000002 x18:0x00000000  x6=0xffffffff
     277115.000 ns	     27710	80005dd4	d0097153	fcvt.s.w	f2,x18	 x18:0x00000000  f2=0x00000000
     277485.000 ns	     27747	80005dd8	02d2ccb3	div	x25,x5,x13	  x5:0xf0d585cf x13:0x000000e5 x25=0xffef0bc4
     277515.000 ns	     27750	80005ddc	20250dd3	fsgnj.s	f27,f10,f2	 f10:0x4488bb41  f2:0x00000000 f27=0x4488bb41
     277545.000 ns	     27753	80005de0	02d40b33	mul	x22,x8,x13	  x8:0x7ffbf000 x13:0x000000e5 x22=0x7c5db000
     277565.000 ns	     27755	80005de4	2cdbf613	andi	x12,x23,717	 x23:0x00000002 x12=0x00000000
     277585.000 ns	     27757	80005de8	0393bd33	mulhu	x26,x7,x25	  x7:0x0f2a7be2 x25:0xffef0bc4 x26=0x0f297ac2
     277605.000 ns	     27759	80005dec	418dd8b3	sra	x17,x27,x24	 x27:0x078bb000 x24:0x00000000 x17=0x078bb000
     277615.000 ns	     27760	80005df0	01ff0bb3	add	x23,x30,x31	 x30:0x000001d3 x31:0x80041024 x23=0x800411f7
     277625.000 ns	     27761	80005df4	01bd2c33	slt	x24,x26,x27	 x26:0x0f297ac2 x27:0x078bb000 x24=0x00000000
     277635.000 ns	     27762	80005df8	001fa033	slt	x0,x31,x1	 x31:0x80041024  x1:0x00000000
     277655.000 ns	     27764	80005dfc	f00303d3	fmv.w.x	f7,x6	  x6:0xffffffff  f7=0xffffffff
     277685.000 ns	     27767	80005e00	03b5a733	mulhsu	x14,x11,x27	 x11:0xfffffffd x27:0x078bb000 x14=0xffffffff
     277705.000 ns	     27769	80005e04	96783213	sltiu	x4,x16,-1689	 x16:0x000000e5  x4=0x00000001
     278065.000 ns	     27805	80005e08	02dee933	rem	x18,x29,x13	 x29:0xfffffe2d x13:0x000000e5 x18=0xfffffff7
     278095.000 ns	     27808	80005e0c	03210ab3	mul	x21,x2,x18	  x2:0xfef58000 x18:0x00000000 x21=0x095e8000
     278115.000 ns	     27810	80005e10	eb4e7513	andi	x10,x28,-332	 x28:0x00000000 x10=0x00000000
     278475.000 ns	     27846	80005e14	03b17bb3	remu	x23,x2,x27	  x2:0xfef58000 x27:0x078bb000 x23=0x05f3d000
     278495.000 ns	     27848	80005e18	41500bb3	sub	x23,x0,x21	  x0:0x00000000 x21:0x095e8000 x23=0xf6a18000
     278505.000 ns	     27849	80005e1c	5c07bd13	sltiu	x26,x15,1472	 x15:0x2ffe79f4 x26=0x00000000
     278515.000 ns	     27850	80005e20	77404693	xori	x13,x0,1908	  x0:0x00000000 x13=0x00000774
     278535.000 ns	     27852	80005e24	e00e0253	fmv.x.w	x4,f28	 f28:0xc1600000  x4=0xc1600000
     278565.000 ns	     27855	80005e28	21a58153	fsgnj.s	f2,f11,f26	 f11:0xc0e00000 f26:0x7f800000  f2=0x40e00000
     278585.000 ns	     27857	80005e2c	0078f633	and	x12,x17,x7	 x17:0x078bb000  x7:0x0f2a7be2 x12=0x070a3000
     278595.000 ns	     27858	80005e30	00685ab3	srl	x21,x16,x6	 x16:0x000000e5  x6:0xffffffff x21=0x00000000
     278615.000 ns	     27860	80005e34	c00a4b53	fcvt.w.s	x22,f20	 f20:0x4d72a7a3 x22=0x0f2a7a30
     278635.000 ns	     27862	80005e38	00162bb3	slt	x23,x12,x1	 x12:0x070a3000  x1:0x00000000 x23=0x00000000
     278995.000 ns	     27898	80005e3c	02255ab3	divu	x21,x10,x2	 x10:0x00000000  x2:0xfef58000 x21=0x00000000
     279015.000 ns	     27900	80005e40	00047c33	and	x24,x8,x0	  x8:0x7ffbf000  x0:0x00000000 x24=0x00000000
     279045.000 ns	     27903	80005e44	196cb653	fdiv.s	f12,f25,f22	 f25:0x80000000 f22:0x4488bb41 f12=0x80000000
     279075.000 ns	     27906	80005e48	0372a1b3	mulhsu	x3,x5,x23	  x5:0xf0d585cf x23:0x00000000  x3=0x00000000
     279095.000 ns	     27908	80005e4c	00a35e13	srli	x28,x6,0xa	  x6:0xffffffff x28=0x003fffff
     279105.000 ns	     27909	80005e50	4d36cc37	lui	x24,0x4d36c	 x24=0x4d36c000
     279125.000 ns	     27911	80005e54	a06601d3	fle.s	x3,f12,f6	 f12:0x80000000  f6:0xc488bb41  x3=0x00000000
     279155.000 ns	     27914	80005e58	03584933	div	x18,x16,x21	 x16:0x000000e5 x21:0x00000000 x18=0xffffffff
     279185.000 ns	     27917	80005e5c	c00f3bd3	fcvt.w.s	x23,f30	 f30:0x00000000 x23=0x00000000
     279235.000 ns	     27922	80005e60	01f27bd3	fadd.s	f23,f4,f31	  f4:0x8a0e7fff f31:0x8a0e7c5e f23=0x8a8e7e2e
     279605.000 ns	     27959	80005e64	02bb7db3	remu	x27,x22,x11	 x22:0x0f2a7a30 x11:0xfffffffd x27=0x0f2a7a30
     279945.000 ns	     27993	80005e68	19f5ced3	fdiv.s	f29,f11,f31	 f11:0xc0e00000 f31:0x8a0e7c5e f29=0x761e1e1f
     279965.000 ns	     27995	80005e6c	7dea4193	xori	x3,x20,2014	 x20:0x00000000  x3=0x000007de
     279975.000 ns	     27996	80005e70	3f548d13	addi	x26,x9,1013	  x9:0x80040fe4 x26=0x800413d9
     279995.000 ns	     27998	80005e74	200597d3	fsgnjn.s	f15,f11,f0	 f11:0xc0e00000  f0:0x00000000 f15=0xc0e00000
     280025.000 ns	     28001	80005e78	0347c7b3	div	x15,x15,x20	 x15:0x2ffe79f4 x20:0x00000000 x15=0xffffffff
     280055.000 ns	     28004	80005e7c	d01db453	fcvt.s.wu	f8,x27	 x27:0x0f2a7a30  f8=0x4d72a7a3
     280075.000 ns	     28006	80005e80	002c1d93	slli	x27,x24,0x2	 x24:0x4d36c000 x27=0x34db0000
     280095.000 ns	     28008	80005e84	02ff8433	mul	x8,x31,x15	 x31:0x80041024 x15:0xffffffff  x8=0x7ffbefdc
     280125.000 ns	     28011	80005e88	d00b8653	fcvt.s.w	f12,x23	 x23:0x00000000 f12=0x00000000
     280145.000 ns	     28013	80005e8c	006d2233	slt	x4,x26,x6	 x26:0x800413d9  x6:0xffffffff  x4=0x00000001
     280165.000 ns	     28015	80005e90	038c98b3	mulh	x17,x25,x24	 x25:0xffef0bc4 x24:0x4d36c000 x17=0xfffae2e9
     280195.000 ns	     28018	80005e94	f00e8b53	fmv.w.x	f22,x29	 x29:0xfffffe2d f22=0xfffffe2d
     280225.000 ns	     28021	80005e98	c01ef753	fcvt.wu.s	x14,f29	 f29:0x761e1e1f x14=0xffffffff
     280255.000 ns	     28024	80005e9c	e00e83d3	fmv.x.w	x7,f29	 f29:0x761e1e1f  x7=0x761e1e1f
     280285.000 ns	     28027	80005ea0	f0040353	fmv.w.x	f6,x8	  x8:0x7ffbefdc  f6=0x7ffbefdc
     280325.000 ns	     28031	80005ea4	580740d3	fsqrt.s	f1,f14	 f14:0x80000000  f1=0x80000000
     280345.000 ns	     28033	80005ea8	01edc133	xor	x2,x27,x30	 x27:0x34db0000 x30:0x000001d3  x2=0x34db01d3
     280355.000 ns	     28034	80005eac	ec6de093	ori	x1,x27,-314	 x27:0x34db0000  x1=0xfffffec6
     280365.000 ns	     28035	80005eb0	0057a433	slt	x8,x15,x5	 x15:0xffffffff  x5:0xf0d585cf  x8=0x00000000
     280385.000 ns	     28037	80005eb4	29399153	fmax.s	f2,f19,f19	 f19:0x4488ffc1 f19:0x4488ffc1  f2=0x4488ffc1
     280405.000 ns	     28039	80005eb8	01b59833	sll	x16,x11,x27	 x11:0xfffffffd x27:0x34db0000 x16=0xfffffffd
     280425.000 ns	     28041	80005ebc	a0dd8b53	fle.s	x22,f27,f13	 f27:0x4488bb41 f13:0xbf800000 x22=0x00000000
     280455.000 ns	     28044	80005ec0	a11fadd3	feq.s	x27,f31,f17	 f31:0x8a0e7c5e f17:0x4efff7e0 x27=0x00000000
     280485.000 ns	     28047	80005ec4	208191d3	fsgnjn.s	f3,f3,f8	  f3:0x00000000  f8:0x4d72a7a3  f3=0x80000000
     280515.000 ns	     28050	80005ec8	02113bb3	mulhu	x23,x2,x1	  x2:0x34db01d3  x1:0xfffffec6 x23=0x34db0192
     280535.000 ns	     28052	80005ecc	414b5c13	srai	x24,x22,0x14	 x22:0x00000000 x24=0x00000000
     280545.000 ns	     28053	80005ed0	00c2d133	srl	x2,x5,x12	  x5:0xf0d585cf x12:0x070a3000  x2=0xf0d585cf
     280555.000 ns	     28054	80005ed4	003a5233	srl	x4,x20,x3	 x20:0x00000000  x3:0x000007de  x4=0x00000000
     280565.000 ns	     28055	80005ed8	018daab3	slt	x21,x27,x24	 x27:0x00000000 x24:0x00000000 x21=0x00000000
     280585.000 ns	     28057	80005edc	03b8c1b3	div	x3,x17,x27	 x17:0xfffae2e9 x27:0x00000000  x3=0xffffffff
     280955.000 ns	     28094	80005ee0	033878b3	remu	x17,x16,x19	 x16:0xfffffffd x19:0x0000003f x17=0x00000001
     280985.000 ns	     28097	80005ee4	c0177c53	fcvt.wu.s	x24,f14	 f14:0x80000000 x24=0x00000000
     281025.000 ns	     28101	80005ee8	11b14c53	fmul.s	f24,f2,f27	  f2:0x4488ffc1 f27:0x4488bb41 f24=0x49925828
     281055.000 ns	     28104	80005eec	e0031153	fclass.s	x2,f6	  f6:0x7ffbefdc  x2=0x00000200
     281075.000 ns	     28106	80005ef0	01187eb3	and	x29,x16,x17	 x16:0xfffffffd x17:0x00000001 x29=0x00000001
     281095.000 ns	     28108	80005ef4	e00d0253	fmv.x.w	x4,f26	 f26:0x7f800000  x4=0x7f800000
     281115.000 ns	     28110	80005ef8	01b57cb3	and	x25,x10,x27	 x10:0x00000000 x27:0x00000000 x25=0x00000000
     281125.000 ns	     28111	80005efc	fcc44693	xori	x13,x8,-52	  x8:0x00000000 x13=0xffffffcc
     281155.000 ns	     28114	80005f00	188615d3	fdiv.s	f11,f12,f8	 f12:0x00000000  f8:0x4d72a7a3 f11=0x00000000
     281185.000 ns	     28117	80005f04	212523d3	fsgnjx.s	f7,f10,f18	 f10:0x4488bb41 f18:0xcefff7e0  f7=0xc488bb41
     281215.000 ns	     28120	80005f08	d00ef2d3	fcvt.s.w	f5,x29	 x29:0x00000001  f5=0x3f800000
     281245.000 ns	     28123	80005f0c	c012f153	fcvt.wu.s	x2,f5	  f5:0x00000000  x2=0x00000001
     281295.000 ns	     28128	80005f10	08f980d3	fsub.s	f1,f19,f15	 f19:0x4488ffc1 f15:0xc0e00000  f1=0x4489dfc1
     281315.000 ns	     28130	80005f14	00ee7033	and	x0,x28,x14	 x28:0x003fffff x14:0xffffffff
     282485.000 ns	     28247	80005f18	58008c53	fsqrt.s	f24,f1	  f1:0x4489dfc1 f24=0x4204d833
     282505.000 ns	     28249	80005f1c	00000013	addi	x0,x0,0	  x0:0x00000000
     282525.000 ns	     28251	80005f20	c01af3d3	fcvt.wu.s	x7,f21	 f21:0x4488bb41  x7=0x00000445
     282895.000 ns	     28288	80005f24	03764a33	div	x20,x12,x23	 x12:0x070a3000 x23:0x34db0192 x20=0x00000000
     282925.000 ns	     28291	80005f28	208fa053	fsgnjx.s	f0,f31,f8	 f31:0x8a0e7c5e  f8:0x4d72a7a3  f0=0x8a0e7c5e
     282955.000 ns	     28294	80005f2c	d01e8353	fcvt.s.wu	f6,x29	 x29:0x00000001  f6=0x3f800000
     282985.000 ns	     28297	80005f30	20bd8a53	fsgnj.s	f20,f27,f11	 f27:0x4488bb41 f11:0x00000000 f20=0x4488bb41
     283015.000 ns	     28300	80005f34	03ae2433	mulhsu	x8,x28,x26	 x28:0x003fffff x26:0x800413d9  x8=0x00200104
     283385.000 ns	     28337	80005f38	0325c5b3	div	x11,x11,x18	 x11:0xfffffffd x18:0xffffffff x11=0x00000003
     283405.000 ns	     28339	80005f3c	27111e97	auipc	x29,0x27111	 x29=0xa7116f3c
     283415.000 ns	     28340	80005f40	6ccfaab7	lui	x21,0x6ccfa	 x21=0x6ccfa000
     283435.000 ns	     28342	80005f44	c01a8a53	fcvt.wu.s	x20,f21	 f21:0x4488bb41 x20=0x00000446
     283455.000 ns	     28344	80005f48	00e399b3	sll	x19,x7,x14	  x7:0x00000445 x14:0xffffffff x19=0x80000000
     283475.000 ns	     28346	80005f4c	0263beb3	mulhu	x29,x7,x6	  x7:0x00000445  x6:0xffffffff x29=0x00000444
     283505.000 ns	     28349	80005f50	28fd11d3	fmax.s	f3,f26,f15	 f26:0x7f800000 f15:0xc0e00000  f3=0x7f800000
     283875.000 ns	     28386	80005f54	0221f233	remu	x4,x3,x2	  x3:0xffffffff  x2:0x00000001  x4=0x00000000
     283895.000 ns	     28388	80005f58	0084dcb3	srl	x25,x9,x8	  x9:0x80040fe4  x8:0x00200104 x25=0x080040fe
     285065.000 ns	     28505	80005f5c	5800fed3	fsqrt.s	f29,f1	  f1:0x4489dfc1 f29=0x4204d833
     285085.000 ns	     28507	80005f60	00000013	addi	x0,x0,0	  x0:0x00000000
     285105.000 ns	     28509	80005f64	025eb6b3	mulhu	x13,x29,x5	 x29:0x00000444  x5:0xf0d585cf x13=0x00000403
     285125.000 ns	     28511	80005f68	789a2c13	slti	x24,x20,1929	 x20:0x00000446 x24=0x00000001
     285145.000 ns	     28513	80005f6c	e0099e53	fclass.s	x28,f19	 f19:0x4488ffc1 x28=0x00000040
     286325.000 ns	     28631	80005f70	580089d3	fsqrt.s	f19,f1	  f1:0x4489dfc1 f19=0x4204d833
     286345.000 ns	     28633	80005f74	96bac593	xori	x11,x21,-1685	 x21:0x6ccfa000 x11=0x9330596b
     286385.000 ns	     28637	80005f78	015e4953	fadd.s	f18,f28,f21	 f28:0xc1600000 f21:0x4488bb41 f18=0x4486fb41
     286405.000 ns	     28639	80005f7c	a8b236b7	lui	x13,0xa8b23	 x13=0xa8b23000
     286425.000 ns	     28641	80005f80	a0a701d3	fle.s	x3,f14,f10	 f14:0x80000000 f10:0x4488bb41  x3=0x00000001
     286445.000 ns	     28643	80005f84	01b86933	or	x18,x16,x27	 x16:0xfffffffd x27:0x00000000 x18=0xfffffffd
     286465.000 ns	     28645	80005f88	c01ccdd3	fcvt.wu.s	x27,f25	 f25:0x80000000 x27=0x00000000
     286485.000 ns	     28647	80005f8c	40795eb3	sra	x29,x18,x7	 x18:0xffffffff  x7:0x00000445 x29=0xffffffff
     286495.000 ns	     28648	80005f90	00be1113	slli	x2,x28,0xb	 x28:0x00000040  x2=0x00020000
     286505.000 ns	     28649	80005f94	41e25a93	srai	x21,x4,0x1e	  x4:0x00000000 x21=0x00000000
     286525.000 ns	     28651	80005f98	025d8433	mul	x8,x27,x5	 x27:0x00000000  x5:0xf0d585cf  x8=0x00000000
     286545.000 ns	     28653	80005f9c	005ea633	slt	x12,x29,x5	 x29:0xffffffff  x5:0xf0d585cf x12=0x00000000
     286555.000 ns	     28654	80005fa0	00363d33	sltu	x26,x12,x3	 x12:0x070a3000  x3:0x00000001 x26=0x00000001
     286575.000 ns	     28656	80005fa4	29108c53	fmin.s	f24,f1,f17	  f1:0x4489dfc1 f17:0x4efff7e0 f24=0x4489dfc1
     286625.000 ns	     28661	80005fa8	090c2ed3	fsub.s	f29,f24,f16	 f24:0x4204d833 f16:0x00000000 f29=0x4489dfc1
     286655.000 ns	     28664	80005fac	c01973d3	fcvt.wu.s	x7,f18	 f18:0x4486fb41  x7=0x00000437
     286675.000 ns	     28666	80005fb0	dec743b7	lui	x7,0xdec74	  x7=0xdec74000
     286685.000 ns	     28667	80005fb4	41f40b33	sub	x22,x8,x31	  x8:0x00000000 x31:0x80041024 x22=0x7ffbefdc
     286705.000 ns	     28669	80005fb8	a10ca053	feq.s	x0,f25,f16	 f25:0x80000000 f16:0x00000000
     286725.000 ns	     28671	80005fbc	007d5533	srl	x10,x26,x7	 x26:0x00000001  x7:0xdec74000 x10=0x00000001
     286745.000 ns	     28673	80005fc0	03573c33	mulhu	x24,x14,x21	 x14:0xffffffff x21:0x00000000 x24=0x00000000
     286765.000 ns	     28675	80005fc4	01b3cbb3	xor	x23,x7,x27	  x7:0xdec74000 x27:0x00000000 x23=0xdec74000
     286785.000 ns	     28677	80005fc8	28b31553	fmax.s	f10,f6,f11	  f6:0x3f800000 f11:0x00000000 f10=0x3f800000
     286805.000 ns	     28679	80005fcc	401e0133	sub	x2,x28,x1	 x28:0x00000040  x1:0xfffffec6  x2=0x0000017a
     286815.000 ns	     28680	80005fd0	41a3bc93	sltiu	x25,x7,1050	  x7:0xdec74000 x25=0x00000000
     286835.000 ns	     28682	80005fd4	c00df6d3	fcvt.w.s	x13,f27	 f27:0x4488bb41 x13=0x00000445
     286865.000 ns	     28685	80005fd8	024aabb3	mulhsu	x23,x21,x4	 x21:0x00000000  x4:0x00000000 x23=0x00000000
     286895.000 ns	     28688	80005fdc	023b3a33	mulhu	x20,x22,x3	 x22:0x7ffbefdc  x3:0x00000001 x20=0x00000000
     286915.000 ns	     28690	80005fe0	00139c13	slli	x24,x7,0x1	  x7:0xdec74000 x24=0xbd8e8000
     286935.000 ns	     28692	80005fe4	21101953	fsgnjn.s	f18,f0,f17	  f0:0x8a0e7c5e f17:0x4efff7e0 f18=0x8a0e7c5e
     286955.000 ns	     28694	80005fe8	10830737	lui	x14,0x10830	 x14=0x10830000
     286965.000 ns	     28695	80005fec	40bb0f33	sub	x30,x22,x11	 x22:0x7ffbefdc x11:0x9330596b x30=0xeccb9671
     286975.000 ns	     28696	80005ff0	01bfd013	srli	x0,x31,0x1b	 x31:0x80041024
     286985.000 ns	     28697	80005ff4	00a4b0b3	sltu	x1,x9,x10	  x9:0x80040fe4 x10:0x00000001  x1=0x00000000
     287005.000 ns	     28699	80005ff8	0285cab3	div	x21,x11,x8	 x11:0x9330596b  x8:0x00000000 x21=0xffffffff
     287345.000 ns	     28733	80005ffc	19d3f9d3	fdiv.s	f19,f7,f29	  f7:0xc488bb41 f29:0x4489dfc1 f19=0xbf338378
     287375.000 ns	     28736	80006000	03bfcf33	div	x30,x31,x27	 x31:0x80041024 x27:0x00000000 x30=0xffffffff
     287395.000 ns	     28738	80006004	00600433	add	x8,x0,x6	  x0:0x00000000  x6:0xffffffff  x8=0xffffffff
     287405.000 ns	     28739	80006008	0123e733	or	x14,x7,x18	  x7:0xdec74000 x18:0xfffffffd x14=0xfffffffd
     287415.000 ns	     28740	8000600c	0b20c993	xori	x19,x1,178	  x1:0x00000000 x19=0x000000b2
     287425.000 ns	     28741	80006010	00515e33	srl	x28,x2,x5	  x2:0x0000017a  x5:0xf0d585cf x28=0x00000000
     287445.000 ns	     28743	80006014	21fe1c53	fsgnjn.s	f24,f28,f31	 f28:0xc1600000 f31:0x8a0e7c5e f24=0x41600000
     287495.000 ns	     28748	80006018	0101c3d3	fadd.s	f7,f3,f16	  f3:0x7f800000 f16:0x00000000  f7=0x7f800000
     287525.000 ns	     28751	8000601c	20cb1a53	fsgnjn.s	f20,f22,f12	 f22:0xfffffe2d f12:0x00000000 f20=0xfffffe2d
     287545.000 ns	     28753	80006020	01f3fbb3	and	x23,x7,x31	  x7:0xdec74000 x31:0x80041024 x23=0x80040000
     287555.000 ns	     28754	80006024	015639b3	sltu	x19,x12,x21	 x12:0x00000000 x21:0xffffffff x19=0x00000001
     287565.000 ns	     28755	80006028	b108b797	auipc	x15,0xb108b	 x15=0x31091028
     287575.000 ns	     28756	8000602c	01f8b7b3	sltu	x15,x17,x31	 x17:0x00000001 x31:0x80041024 x15=0x00000001
     287585.000 ns	     28757	80006030	759ebd13	sltiu	x26,x29,1881	 x29:0xffffffff x26=0x00000000
     287605.000 ns	     28759	80006034	a0aa9d53	flt.s	x26,f21,f10	 f21:0x4488bb41 f10:0x3f800000 x26=0x00000000
     287635.000 ns	     28762	80006038	f00b82d3	fmv.w.x	f5,x23	 x23:0x80040000  f5=0x80040000
     288815.000 ns	     28880	8000603c	580516d3	fsqrt.s	f13,f10	 f10:0x3f800000 f13=0x3f7fffae
     288835.000 ns	     28882	80006040	0069d193	srli	x3,x19,0x6	 x19:0x00000001  x3=0x00000000
     288845.000 ns	     28883	80006044	71f78813	addi	x16,x15,1823	 x15:0x00000001 x16=0x00000720
     288855.000 ns	     28884	80006048	3d63ae93	slti	x29,x7,982	  x7:0xdec74000 x29=0x00000001
     288875.000 ns	     28886	8000604c	a0751bd3	flt.s	x23,f10,f7	 f10:0x3f800000  f7:0x7f800000 x23=0x00000001
     288905.000 ns	     28889	80006050	e0041b53	fclass.s	x22,f8	  f8:0x4d72a7a3 x22=0x00000040
     288955.000 ns	     28894	80006054	09e77f53	fsub.s	f30,f14,f30	 f14:0x80000000 f30:0x00000000 f30=0x80000000
     289325.000 ns	     28931	80006058	028f4633	div	x12,x30,x8	 x30:0xffffffff  x8:0xffffffff x12=0x00000001
     289345.000 ns	     28933	8000605c	8fbd11b7	lui	x3,0x8fbd1	  x3=0x8fbd1000
     289355.000 ns	     28934	80006060	01edd733	srl	x14,x27,x30	 x27:0x00000000 x30:0xffffffff x14=0x00000000
     289375.000 ns	     28936	80006064	219f8c53	fsgnj.s	f24,f31,f25	 f31:0x8a0e7c5e f25:0x80000000 f24=0x8a0e7c5e
     289395.000 ns	     28938	80006068	f1ff6d93	ori	x27,x30,-225	 x30:0xffffffff x27=0xffffffff
     289755.000 ns	     28974	8000606c	029d70b3	remu	x1,x26,x9	 x26:0x00000000  x9:0x80040fe4  x1=0x00000000
     289785.000 ns	     28977	80006070	c001f9d3	fcvt.w.s	x19,f3	  f3:0x7f800000 x19=0x7fffffff
     289815.000 ns	     28980	80006074	217d04d3	fsgnj.s	f9,f26,f23	 f26:0x7f800000 f23:0x8a8e7e2e  f9=0xff800000
     289835.000 ns	     28982	80006078	f6b64213	xori	x4,x12,-149	 x12:0x00000001  x4=0xffffff6a
     289855.000 ns	     28984	8000607c	0206ed33	rem	x26,x13,x0	 x13:0x00000445  x0:0x00000000 x26=0x00000445
     289885.000 ns	     28987	80006080	02e1ceb3	div	x29,x3,x14	  x3:0x8fbd1000 x14:0x00000000 x29=0xffffffff
     289905.000 ns	     28989	80006084	cbea3b93	sltiu	x23,x20,-834	 x20:0x00000000 x23=0x00000001
     289945.000 ns	     28993	80006088	09b005d3	fsub.s	f11,f0,f27	  f0:0x8a0e7c5e f27:0x4488bb41 f11=0xc488bb41
     289965.000 ns	     28995	8000608c	41e05633	sra	x12,x0,x30	  x0:0x00000000 x30:0xffffffff x12=0x00000000
     289975.000 ns	     28996	80006090	40c20bb3	sub	x23,x4,x12	  x4:0xffffff6a x12:0x00000001 x23=0xffffff6a
     289985.000 ns	     28997	80006094	000a08b3	add	x17,x20,x0	 x20:0x00000000  x0:0x00000000 x17=0x00000000
     290005.000 ns	     28999	80006098	02c68233	mul	x4,x13,x12	 x13:0x00000445 x12:0x00000000  x4=0x00000000
     290025.000 ns	     29001	8000609c	8b380697	auipc	x13,0x8b380	 x13=0x0b38609c
     290045.000 ns	     29003	800060a0	c004f353	fcvt.w.s	x6,f9	  f9:0xff800000  x6=0x80000000
     290075.000 ns	     29006	800060a4	f00909d3	fmv.w.x	f19,x18	 x18:0xfffffffd f19=0xfffffffd
     290105.000 ns	     29009	800060a8	2150a1d3	fsgnjx.s	f3,f1,f21	  f1:0x4489dfc1 f21:0x4488bb41  f3=0x4489dfc1
     290125.000 ns	     29011	800060ac	72ebf813	andi	x16,x23,1838	 x23:0xffffff6a x16=0x0000072a
     290135.000 ns	     29012	800060b0	40c586b3	sub	x13,x11,x12	 x11:0x9330596b x12:0x00000000 x13=0x9330596b
     290165.000 ns	     29015	800060b4	11d07353	fmul.s	f6,f0,f29	  f0:0x8a0e7c5e f29:0x4489dfc1  f6=0x8f197a30
     290535.000 ns	     29052	800060b8	03767433	remu	x8,x12,x23	 x12:0x00000000 x23:0xffffff6a  x8=0x00000000
     290565.000 ns	     29055	800060bc	c018bad3	fcvt.wu.s	x21,f17	 f17:0x4efff7e0 x21=0x7ffbf000
     290595.000 ns	     29058	800060c0	02e137b3	mulhu	x15,x2,x14	  x2:0x0000017a x14:0x00000000 x15=0x00000000
     290615.000 ns	     29060	800060c4	b8048893	addi	x17,x9,-1152	  x9:0x80040fe4 x17=0x80040b64
     290635.000 ns	     29062	800060c8	21de25d3	fsgnjx.s	f11,f28,f29	 f28:0xc1600000 f29:0x4489dfc1 f11=0xc1600000
     290655.000 ns	     29064	800060cc	3e96b813	sltiu	x16,x13,1001	 x13:0x9330596b x16=0x00000000
     290675.000 ns	     29066	800060d0	a0b0abd3	feq.s	x23,f1,f11	  f1:0x4489dfc1 f11:0xc1600000 x23=0x00000000
     290695.000 ns	     29068	800060d4	42b8a993	slti	x19,x17,1067	 x17:0x80040b64 x19=0x00000001
     290715.000 ns	     29070	800060d8	c00ef253	fcvt.w.s	x4,f29	 f29:0x4489dfc1  x4=0x0000044e
     290745.000 ns	     29073	800060dc	03c238b3	mulhu	x17,x4,x28	  x4:0x00000000 x28:0x00000000 x17=0x00000000
     290765.000 ns	     29075	800060e0	004b5db3	srl	x27,x22,x4	 x22:0x00000040  x4:0x0000044e x27=0x00000000
     290775.000 ns	     29076	800060e4	00b26b33	or	x22,x4,x11	  x4:0x0000044e x11:0x9330596b x22=0x93305d6f
     290785.000 ns	     29077	800060e8	01bf5e33	srl	x28,x30,x27	 x30:0xffffffff x27:0xffffffff x28=0xffffffff
     290805.000 ns	     29079	800060ec	f00a81d3	fmv.w.x	f3,x21	 x21:0x7ffbf000  f3=0x7ffbf000
     290835.000 ns	     29082	800060f0	21c61ad3	fsgnjn.s	f21,f12,f28	 f12:0x00000000 f28:0xc1600000 f21=0x00000000
     290855.000 ns	     29084	800060f4	d7ca6c13	ori	x24,x20,-644	 x20:0x00000000 x24=0xfffffd7c
     290875.000 ns	     29086	800060f8	031c6d33	rem	x26,x24,x17	 x24:0xbd8e8000 x17:0x00000000 x26=0xfffffd7c
     290895.000 ns	     29088	800060fc	019e9193	slli	x3,x29,0x19	 x29:0xffffffff  x3=0xfe000000
     290915.000 ns	     29090	80006100	03b406b3	mul	x13,x8,x27	  x8:0x00000000 x27:0x00000000 x13=0x00000000
     290935.000 ns	     29092	80006104	f9880d13	addi	x26,x16,-104	 x16:0x00000000 x26=0xffffff98
     290945.000 ns	     29093	80006108	004d2833	slt	x16,x26,x4	 x26:0xfffffd7c  x4:0x0000044e x16=0x00000001
     290955.000 ns	     29094	8000610c	00000013	addi	x0,x0,0	  x0:0x00000000
     290965.000 ns	     29095	80006110	015681b3	add	x3,x13,x21	 x13:0x00000000 x21:0x7ffbf000  x3=0x7ffbf000
     290985.000 ns	     29097	80006114	d01fc2d3	fcvt.s.wu	f5,x31	 x31:0x80041024  f5=0x4f000410
     291015.000 ns	     29100	80006118	03fea733	mulhsu	x14,x29,x31	 x29:0xffffffff x31:0x80041024 x14=0xffffffff
     291035.000 ns	     29102	8000611c	00000013	addi	x0,x0,0	  x0:0x00000000
     291055.000 ns	     29104	80006120	d007bad3	fcvt.s.w	f21,x15	 x15:0x00000000 f21=0x00000000
     291075.000 ns	     29106	80006124	41538633	sub	x12,x7,x21	  x7:0xdec74000 x21:0x7ffbf000 x12=0x5ecb5000
     291085.000 ns	     29107	80006128	00a3cf33	xor	x30,x7,x10	  x7:0xdec74000 x10:0x00000001 x30=0xdec74001
     291105.000 ns	     29109	8000612c	02fe17b3	mulh	x15,x28,x15	 x28:0xffffffff x15:0x00000000 x15=0x00000000
     291475.000 ns	     29146	80006130	02297233	remu	x4,x18,x2	 x18:0xfffffffd  x2:0x0000017a  x4=0x0000007f
     291495.000 ns	     29148	80006134	25cea513	slti	x10,x29,604	 x29:0xffffffff x10=0x00000001
     291515.000 ns	     29150	80006138	f0060853	fmv.w.x	f16,x12	 x12:0x5ecb5000 f16=0x5ecb5000
     291545.000 ns	     29153	8000613c	d0039853	fcvt.s.w	f16,x7	  x7:0xdec74000 f16=0xce04e300
     291575.000 ns	     29156	80006140	2156ab53	fsgnjx.s	f22,f13,f21	 f13:0x3f7fffae f21:0x00000000 f22=0x3f7fffae
     291595.000 ns	     29158	80006144	016df6b3	and	x13,x27,x22	 x27:0x00000000 x22:0x93305d6f x13=0x00000000
     291605.000 ns	     29159	80006148	00000013	addi	x0,x0,0	  x0:0x00000000
     291625.000 ns	     29161	8000614c	d01df2d3	fcvt.s.wu	f5,x27	 x27:0x00000000  f5=0x00000000
     291655.000 ns	     29164	80006150	c0050a53	fcvt.w.s	x20,f10	 f10:0x3f800000 x20=0x00000001
     291675.000 ns	     29166	80006154	41aed5b3	sra	x11,x29,x26	 x29:0xffffffff x26:0xffffff98 x11=0xffffffff
     291695.000 ns	     29168	80006158	a18299d3	flt.s	x19,f5,f24	  f5:0x00000000 f24:0x8a0e7c5e x19=0x00000000
     291725.000 ns	     29171	8000615c	d0101b53	fcvt.s.wu	f22,x0	  x0:0x00000000 f22=0x00000000
     291755.000 ns	     29174	80006160	e0031dd3	fclass.s	x27,f6	  f6:0x8f197a30 x27=0x00000002
     291785.000 ns	     29177	80006164	2147add3	fsgnjx.s	f27,f15,f20	 f15:0xc0e00000 f20:0xfffffe2d f27=0x40e00000
     291805.000 ns	     29179	80006168	402a8733	sub	x14,x21,x2	 x21:0x7ffbf000  x2:0x0000017a x14=0x7ffbee86
     291815.000 ns	     29180	8000616c	53de6d93	ori	x27,x28,1341	 x28:0xffffffff x27=0xffffffff
     291835.000 ns	     29182	80006170	d013bf53	fcvt.s.wu	f30,x7	  x7:0xdec74000 f30=0x4f5ec740
     291855.000 ns	     29184	80006174	00edf933	and	x18,x27,x14	 x27:0x00000002 x14:0x7ffbee86 x18=0x7ffbee86
     291875.000 ns	     29186	80006178	0202a233	mulhsu	x4,x5,x0	  x5:0xf0d585cf  x0:0x00000000  x4=0x00000000
     291905.000 ns	     29189	8000617c	a03a9b53	flt.s	x22,f21,f3	 f21:0x00000000  f3:0x7ffbf000 x22=0x00000000
     291935.000 ns	     29192	80006180	c0057853	fcvt.w.s	x16,f10	 f10:0x3f800000 x16=0x00000001
     291955.000 ns	     29194	80006184	1d888a13	addi	x20,x17,472	 x17:0x00000000 x20=0x000001d8
     291965.000 ns	     29195	80006188	00000013	addi	x0,x0,0	  x0:0x00000000
     291975.000 ns	     29196	8000618c	001941b3	xor	x3,x18,x1	 x18:0x7ffbee86  x1:0x00000000  x3=0x7ffbee86
     291985.000 ns	     29197	80006190	01785533	srl	x10,x16,x23	 x16:0x00000001 x23:0x00000000 x10=0x00000001
     292005.000 ns	     29199	80006194	291b0ad3	fmin.s	f21,f22,f17	 f22:0x00000000 f17:0x4efff7e0 f21=0x00000000
     292025.000 ns	     29201	80006198	54609f17	auipc	x30,0x54609	 x30=0xd460f198
     292055.000 ns	     29204	8000619c	105cfb53	fmul.s	f22,f25,f5	 f25:0x80000000  f5:0x00000000 f22=0x80000000
     292085.000 ns	     29207	800061a0	d01f3bd3	fcvt.s.wu	f23,x30	 x30:0xdec74001 f23=0x4f5460f2
     292105.000 ns	     29209	800061a4	460c6093	ori	x1,x24,1120	 x24:0xfffffd7c  x1=0xfffffd7c
     292115.000 ns	     29210	800061a8	00000013	addi	x0,x0,0	  x0:0x00000000
     292125.000 ns	     29211	800061ac	b216c093	xori	x1,x13,-1247	 x13:0x00000000  x1=0xfffffb21
     292145.000 ns	     29213	800061b0	a11b1553	flt.s	x10,f22,f17	 f22:0x80000000 f17:0x4efff7e0 x10=0x00000001
     292175.000 ns	     29216	800061b4	a0772e53	feq.s	x28,f14,f7	 f14:0x80000000  f7:0x7f800000 x28=0x00000000
     292545.000 ns	     29253	800061b8	03584933	div	x18,x16,x21	 x16:0x00000001 x21:0x7ffbf000 x18=0x00000000
     292575.000 ns	     29256	800061bc	02436b33	rem	x22,x6,x4	  x6:0x80000000  x4:0x00000000 x22=0x80000000
     292595.000 ns	     29258	800061c0	00e64bb3	xor	x23,x12,x14	 x12:0x5ecb5000 x14:0x7ffbee86 x23=0x2130be86
     292605.000 ns	     29259	800061c4	40285d93	srai	x27,x16,0x2	 x16:0x00000001 x27=0x00000000
     292615.000 ns	     29260	800061c8	01e14ab3	xor	x21,x2,x30	  x2:0x0000017a x30:0xd460f198 x21=0xd460f0e2
     292635.000 ns	     29262	800061cc	f0008bd3	fmv.w.x	f23,x1	  x1:0xfffffb21 f23=0xfffffb21
     292655.000 ns	     29264	800061d0	7ce30993	addi	x19,x6,1998	  x6:0x80000000 x19=0x800007ce
     292675.000 ns	     29266	800061d4	02ef81b3	mul	x3,x31,x14	 x31:0x80041024 x14:0x7ffbee86  x3=0x786dead8
     292705.000 ns	     29269	800061d8	03e723b3	mulhsu	x7,x14,x30	 x14:0x7ffbee86 x30:0xd460f198  x7=0x6a2d18c8
     292725.000 ns	     29271	800061dc	e41526b7	lui	x13,0xe4152	 x13=0xe4152000
     292755.000 ns	     29274	800061e0	18ba48d3	fdiv.s	f17,f20,f11	 f20:0xfffffe2d f11:0xc1600000 f17=0x7fc00000
     292785.000 ns	     29277	800061e4	02e39233	mulh	x4,x7,x14	  x7:0x6a2d18c8 x14:0x7ffbee86  x4=0x3514dc70
     292815.000 ns	     29280	800061e8	20108153	fsgnj.s	f2,f1,f1	  f1:0x4489dfc1  f1:0x4489dfc1  f2=0x4489dfc1
     292835.000 ns	     29282	800061ec	004016b3	sll	x13,x0,x4	  x0:0x00000000  x4:0x3514dc70 x13=0x00000000
     292855.000 ns	     29284	800061f0	d01874d3	fcvt.s.wu	f9,x16	 x16:0x00000001  f9=0x3f800000
     292905.000 ns	     29289	800061f4	015433d3	fadd.s	f7,f8,f21	  f8:0x4d72a7a3 f21:0x00000000  f7=0x4d72a7a3
     292935.000 ns	     29292	800061f8	e00e90d3	fclass.s	x1,f29	 f29:0x4489dfc1  x1=0x00000040
     292965.000 ns	     29295	800061fc	e00f88d3	fmv.x.w	x17,f31	 f31:0x8a0e7c5e x17=0x8a0e7c5e
     292995.000 ns	     29298	80006200	02bc1e33	mulh	x28,x24,x11	 x24:0xfffffd7c x11:0xffffffff x28=0x00000000
     293025.000 ns	     29301	80006204	e0080953	fmv.x.w	x18,f16	 f16:0xce04e300 x18=0xce04e300
     293065.000 ns	     29305	80006208	11eb0ed3	fmul.s	f29,f22,f30	 f22:0x80000000 f30:0x4f5ec740 f29=0x80000000
     293095.000 ns	     29308	8000620c	20778653	fsgnj.s	f12,f15,f7	 f15:0xc0e00000  f7:0x4d72a7a3 f12=0x40e00000
     293125.000 ns	     29311	80006210	a1d18a53	fle.s	x20,f3,f29	  f3:0x7ffbf000 f29:0x80000000 x20=0x00000000
     293145.000 ns	     29313	80006214	fe4df213	andi	x4,x27,-28	 x27:0x00000000  x4=0x00000000
     293165.000 ns	     29315	80006218	f0048553	fmv.w.x	f10,x9	  x9:0x80040fe4 f10=0x80040fe4
     293215.000 ns	     29320	8000621c	018586d3	fadd.s	f13,f11,f24	 f11:0xc1600000 f24:0x8a0e7c5e f13=0xc1600000
     293235.000 ns	     29322	80006220	bae6e793	ori	x15,x13,-1106	 x13:0x00000000 x15=0xfffffbae
     293245.000 ns	     29323	80006224	00000013	addi	x0,x0,0	  x0:0x00000000
     293265.000 ns	     29325	80006228	a1ef0d53	fle.s	x26,f30,f30	 f30:0x4f5ec740 f30:0x4f5ec740 x26=0x00000001
     293305.000 ns	     29329	8000622c	119eb553	fmul.s	f10,f29,f25	 f29:0x80000000 f25:0x80000000 f10=0x00000000
     293335.000 ns	     29332	80006230	e00a8253	fmv.x.w	x4,f21	 f21:0x00000000  x4=0x00000000
     293385.000 ns	     29337	80006234	08b5c2d3	fsub.s	f5,f11,f11	 f11:0xc1600000 f11:0xc1600000  f5=0x00000000
     293415.000 ns	     29340	80006238	a17b1f53	flt.s	x30,f22,f23	 f22:0x80000000 f23:0xfffffb21 x30=0x00000000
     293435.000 ns	     29342	8000623c	5d137413	andi	x8,x6,1489	  x6:0x80000000  x8=0x00000000
     293445.000 ns	     29343	80006240	00449c13	slli	x24,x9,0x4	  x9:0x80040fe4 x24=0x0040fe40
     293465.000 ns	     29345	80006244	02540c33	mul	x24,x8,x5	  x8:0x00000000  x5:0xf0d585cf x24=0x00000000
     293485.000 ns	     29347	80006248	41d58bb3	sub	x23,x11,x29	 x11:0xffffffff x29:0xffffffff x23=0x00000000
     293505.000 ns	     29349	8000624c	03db2ab3	mulhsu	x21,x22,x29	 x22:0x80000000 x29:0xffffffff x21=0x80000000
     293525.000 ns	     29351	80006250	98310b97	auipc	x23,0x98310	 x23=0x18316250
     293535.000 ns	     29352	80006254	52370313	addi	x6,x14,1315	 x14:0x7ffbee86  x6=0x7ffbf3a9
     293555.000 ns	     29354	80006258	a1c60d53	fle.s	x26,f12,f28	 f12:0x40e00000 f28:0xc1600000 x26=0x00000000
     293585.000 ns	     29357	8000625c	2166abd3	fsgnjx.s	f23,f13,f22	 f13:0xc1600000 f22:0x80000000 f23=0x41600000
     293605.000 ns	     29359	80006260	a7009d97	auipc	x27,0xa7009	 x27=0x2700f260
     293625.000 ns	     29361	80006264	286c1353	fmax.s	f6,f24,f6	 f24:0x8a0e7c5e  f6:0x8f197a30  f6=0x8a0e7c5e
     293965.000 ns	     29395	80006268	190ff553	fdiv.s	f10,f31,f16	 f31:0x8a0e7c5e f16:0xce04e300 f10=0x7b0e7c5e
     293985.000 ns	     29397	8000626c	00f981b3	add	x3,x19,x15	 x19:0x800007ce x15:0xfffffbae  x3=0x8000037c
     293995.000 ns	     29398	80006270	00000013	addi	x0,x0,0	  x0:0x00000000
     294005.000 ns	     29399	80006274	01826093	ori	x1,x4,24	  x4:0x00000000  x1=0x00000018
     294025.000 ns	     29401	80006278	207c05d3	fsgnj.s	f11,f24,f7	 f24:0x8a0e7c5e  f7:0x4d72a7a3 f11=0x0a0e7c5e
     294065.000 ns	     29405	8000627c	5808ccd3	fsqrt.s	f25,f17	 f17:0x7fc00000 f25=0x7fc00000
     294085.000 ns	     29407	80006280	5169e393	ori	x7,x19,1302	 x19:0x800007ce  x7=0x800007de
     294095.000 ns	     29408	80006284	1db44313	xori	x6,x8,475	  x8:0x00000000  x6=0x000001db
     294105.000 ns	     29409	80006288	002ca1b3	slt	x3,x25,x2	 x25:0x00000000  x2:0x0000017a  x3=0x00000001
     294135.000 ns	     29412	8000628c	58007253	fsqrt.s	f4,f0	  f0:0x8a0e7c5e  f4=0x7fc00000
     294155.000 ns	     29414	80006290	ecb6cc13	xori	x24,x13,-309	 x13:0x00000000 x24=0xfffffecb
     294165.000 ns	     29415	80006294	3fd86e97	auipc	x29,0x3fd86	 x29=0xbfd8c294
     294185.000 ns	     29417	80006298	a14d1d53	flt.s	x26,f26,f20	 f26:0x7f800000 f20:0xfffffe2d x26=0x00000000
     294205.000 ns	     29419	8000629c	008aa133	slt	x2,x21,x8	 x21:0x80000000  x8:0x00000000  x2=0x00000001
     294225.000 ns	     29421	800062a0	e00408d3	fmv.x.w	x17,f8	  f8:0x4d72a7a3 x17=0x4d72a7a3
     294245.000 ns	     29423	800062a4	01575ab3	srl	x21,x14,x21	 x14:0x7ffbee86 x21:0x80000000 x21=0x7ffbee86
     294255.000 ns	     29424	800062a8	00437033	and	x0,x6,x4	  x6:0x000001db  x4:0x00000000
     294275.000 ns	     29426	800062ac	e00583d3	fmv.x.w	x7,f11	 f11:0x0a0e7c5e  x7=0x0a0e7c5e
     294325.000 ns	     29431	800062b0	000a2d53	fadd.s	f26,f20,f0	 f20:0xfffffe2d  f0:0x8a0e7c5e f26=0x7fc00000
     294345.000 ns	     29433	800062b4	d0af4f13	xori	x30,x30,-758	 x30:0x00000000 x30=0xfffffd0a
     294705.000 ns	     29469	800062b8	02a26233	rem	x4,x4,x10	  x4:0x00000000 x10:0x00000001  x4=0x00000000
     294735.000 ns	     29472	800062bc	e00c8153	fmv.x.w	x2,f25	 f25:0x7fc00000  x2=0x7fc00000
     294775.000 ns	     29476	800062c0	10fa7a53	fmul.s	f20,f20,f15	 f20:0xfffffe2d f15:0xc0e00000 f20=0x7fc00000
     294795.000 ns	     29478	800062c4	0139c533	xor	x10,x19,x19	 x19:0x800007ce x19:0x800007ce x10=0x00000000
     294815.000 ns	     29480	800062c8	a108a9d3	feq.s	x19,f17,f16	 f17:0x7fc00000 f16:0xce04e300 x19=0x00000000
     294845.000 ns	     29483	800062cc	c013fcd3	fcvt.wu.s	x25,f7	  f7:0x4d72a7a3 x25=0x0f2a7a30
     295215.000 ns	     29520	800062d0	03df57b3	divu	x15,x30,x29	 x30:0xfffffd0a x29:0xbfd8c294 x15=0x00000001
     295235.000 ns	     29522	800062d4	41625b13	srai	x22,x4,0x16	  x4:0x00000000 x22=0x00000000
     295245.000 ns	     29523	800062d8	04aaba93	sltiu	x21,x21,74	 x21:0x7ffbee86 x21=0x00000000
     295285.000 ns	     29527	800062dc	09d22953	fsub.s	f18,f4,f29	  f4:0x7fc00000 f29:0x80000000 f18=0x7fc00000
     295315.000 ns	     29530	800062e0	217aa553	fsgnjx.s	f10,f21,f23	 f21:0x00000000 f23:0x41600000 f10=0x00000000
     295335.000 ns	     29532	800062e4	6b52e393	ori	x7,x5,1717	  x5:0xf0d585cf  x7=0xf0d587ff
     295355.000 ns	     29534	800062e8	285a8653	fmin.s	f12,f21,f5	 f21:0x00000000  f5:0x00000000 f12=0x00000000
     295385.000 ns	     29537	800062ec	280b1c53	fmax.s	f24,f22,f0	 f22:0x80000000  f0:0x8a0e7c5e f24=0x80000000
     295415.000 ns	     29540	800062f0	a0281f53	flt.s	x30,f16,f2	 f16:0xce04e300  f2:0x4489dfc1 x30=0x00000001
     295445.000 ns	     29543	800062f4	e00f0e53	fmv.x.w	x28,f30	 f30:0x4f5ec740 x28=0x4f5ec740
     295485.000 ns	     29547	800062f8	106b4253	fmul.s	f4,f22,f6	 f22:0x80000000  f6:0x8a0e7c5e  f4=0x00000000
     295535.000 ns	     29552	800062fc	001574d3	fadd.s	f9,f10,f1	 f10:0x00000000  f1:0x4489dfc1  f9=0x4489dfc1
     295555.000 ns	     29554	80006300	401cd533	sra	x10,x25,x1	 x25:0x0f2a7a30  x1:0x00000018 x10=0x0000000f
     295575.000 ns	     29556	80006304	e00a93d3	fclass.s	x7,f21	 f21:0x00000000  x7=0x00000010
     295595.000 ns	     29558	80006308	34f73f13	sltiu	x30,x14,847	 x14:0x7ffbee86 x30=0x00000000
     295615.000 ns	     29560	8000630c	e00996d3	fclass.s	x13,f19	 f19:0xfffffffd x13=0x00000200
     295635.000 ns	     29562	80006310	9a453613	sltiu	x12,x10,-1628	 x10:0x0000000f x12=0x00000001
     295645.000 ns	     29563	80006314	ec52b213	sltiu	x4,x5,-315	  x5:0xf0d585cf  x4=0x00000001
     295655.000 ns	     29564	80006318	01d5d333	srl	x6,x11,x29	 x11:0xffffffff x29:0xbfd8c294  x6=0x00000fff
     295665.000 ns	     29565	8000631c	00f4d413	srli	x8,x9,0xf	  x9:0x80040fe4  x8=0x00010008
     295695.000 ns	     29568	80006320	186afa53	fdiv.s	f20,f21,f6	 f21:0x00000000  f6:0x8a0e7c5e f20=0x80000000
     295715.000 ns	     29570	80006324	018c9e93	slli	x29,x25,0x18	 x25:0x0f2a7a30 x29=0x30000000
     296075.000 ns	     29606	80006328	024e5c33	divu	x24,x28,x4	 x28:0x4f5ec740  x4:0x00000001 x24=0x4f5ec740
     296105.000 ns	     29609	8000632c	02301733	mulh	x14,x0,x3	  x0:0x00000000  x3:0x00000001 x14=0x00000000
     296135.000 ns	     29612	80006330	d00f7bd3	fcvt.s.w	f23,x30	 x30:0x00000000 f23=0x00000000
     296155.000 ns	     29614	80006334	41ed5c93	srai	x25,x26,0x1e	 x26:0x00000000 x25=0x00000000
     296515.000 ns	     29650	80006338	031ff8b3	remu	x17,x31,x17	 x31:0x80041024 x17:0x4d72a7a3 x17=0x32916881
     296555.000 ns	     29654	8000633c	119cb053	fmul.s	f0,f25,f25	 f25:0x7fc00000 f25:0x7fc00000  f0=0x7fc00000
     296585.000 ns	     29657	80006340	03c10133	mul	x2,x2,x28	  x2:0x7fc00000 x28:0x4f5ec740  x2=0x30000000
     296615.000 ns	     29660	80006344	03eb8033	mul	x0,x23,x30	 x23:0x18316250 x30:0x00000000
     296645.000 ns	     29663	80006348	a0ab0c53	fle.s	x24,f22,f10	 f22:0x80000000 f10:0x00000000 x24=0x00000001
     296665.000 ns	     29665	8000634c	41ae0e33	sub	x28,x28,x26	 x28:0x4f5ec740 x26:0x00000000 x28=0x4f5ec740
     296685.000 ns	     29667	80006350	024488b3	mul	x17,x9,x4	  x9:0x80040fe4  x4:0x00000001 x17=0x80040fe4
     296715.000 ns	     29670	80006354	f0040bd3	fmv.w.x	f23,x8	  x8:0x00010008 f23=0x00010008
     297085.000 ns	     29707	80006358	0275fc33	remu	x24,x11,x7	 x11:0xffffffff  x7:0x00000010 x24=0x0000000f
     297115.000 ns	     29710	8000635c	0323b433	mulhu	x8,x7,x18	  x7:0x00000010 x18:0xce04e300  x8=0x0000000c
     297135.000 ns	     29712	80006360	004cb7b3	sltu	x15,x25,x4	 x25:0x00000000  x4:0x00000001 x15=0x00000001
     297175.000 ns	     29716	80006364	084279d3	fsub.s	f19,f4,f4	  f4:0x00000000  f4:0x00000000 f19=0x80000000
     297195.000 ns	     29718	80006368	0bbe2217	auipc	x4,0xbbe2	  x4=0x8bbe8368
     297205.000 ns	     29719	8000636c	29626613	ori	x12,x4,662	  x4:0x00000001 x12=0x8bbe83fe
     297215.000 ns	     29720	80006370	01689a33	sll	x20,x17,x22	 x17:0x80040fe4 x22:0x00000000 x20=0x80040fe4
     297235.000 ns	     29722	80006374	281b0153	fmin.s	f2,f22,f1	 f22:0x80000000  f1:0x4489dfc1  f2=0x80000000
     297255.000 ns	     29724	80006378	00481a93	slli	x21,x16,0x4	 x16:0x00000001 x21=0x00000010
     297265.000 ns	     29725	8000637c	552d2a13	slti	x20,x26,1362	 x26:0x00000000 x20=0x00000001
     297285.000 ns	     29727	80006380	a05128d3	feq.s	x17,f2,f5	  f2:0x80000000  f5:0x00000000 x17=0x00000001
     297305.000 ns	     29729	80006384	7bdf0613	addi	x12,x30,1981	 x30:0x00000000 x12=0x000007bd
     297315.000 ns	     29730	80006388	002f0033	add	x0,x30,x2	 x30:0x00000000  x2:0x30000000
     297335.000 ns	     29732	8000638c	c0032853	fcvt.w.s	x16,f6	  f6:0x8a0e7c5e x16=0x00000000
     297365.000 ns	     29735	80006390	f00983d3	fmv.w.x	f7,x19	 x19:0x00000000  f7=0x00000000
     297395.000 ns	     29738	80006394	03e12db3	mulhsu	x27,x2,x30	  x2:0x30000000 x30:0x00000000 x27=0x00000000
     297425.000 ns	     29741	80006398	28b59453	fmax.s	f8,f11,f11	 f11:0x0a0e7c5e f11:0x0a0e7c5e  f8=0x0a0e7c5e
     297455.000 ns	     29744	8000639c	c00ebe53	fcvt.w.s	x28,f29	 f29:0x80000000 x28=0x00000000
     297475.000 ns	     29746	800063a0	233fe613	ori	x12,x31,563	 x31:0x80041024 x12=0x80041237
     297495.000 ns	     29748	800063a4	02db3a33	mulhu	x20,x22,x13	 x22:0x00000000 x13:0x00000200 x20=0x00000000
     297525.000 ns	     29751	800063a8	03759433	mulh	x8,x11,x23	 x11:0xffffffff x23:0x18316250  x8=0xffffffff
     297555.000 ns	     29754	800063ac	02cc36b3	mulhu	x13,x24,x12	 x24:0x0000000f x12:0x80041237 x13=0x00000007
     297585.000 ns	     29757	800063b0	0333a433	mulhsu	x8,x7,x19	  x7:0x00000010 x19:0x00000000  x8=0x00000000
     297615.000 ns	     29760	800063b4	d002f9d3	fcvt.s.w	f19,x5	  x5:0xf0d585cf f19=0xcd72a7a3
     297635.000 ns	     29762	800063b8	09b4ed93	ori	x27,x9,155	  x9:0x80040fe4 x27=0x80040fff
     297645.000 ns	     29763	800063bc	01c965b3	or	x11,x18,x28	 x18:0xce04e300 x28:0x00000000 x11=0xce04e300
     297655.000 ns	     29764	800063c0	40300333	sub	x6,x0,x3	  x0:0x00000000  x3:0x00000001  x6=0xffffffff
     297695.000 ns	     29768	800063c4	09f67ed3	fsub.s	f29,f12,f31	 f12:0x00000000 f31:0x8a0e7c5e f29=0x0a0e7c5e
     297745.000 ns	     29773	800063c8	08fb2f53	fsub.s	f30,f22,f15	 f22:0x80000000 f15:0xc0e00000 f30=0x40e00000
     297765.000 ns	     29775	800063cc	b8b6bb93	sltiu	x23,x13,-1141	 x13:0x00000007 x23=0x00000001
     297785.000 ns	     29777	800063d0	a08aaed3	feq.s	x29,f21,f8	 f21:0x00000000  f8:0x0a0e7c5e x29=0x00000000
     297805.000 ns	     29779	800063d4	006193b3	sll	x7,x3,x6	  x3:0x00000001  x6:0xffffffff  x7=0x80000000
     297825.000 ns	     29781	800063d8	29cb14d3	fmax.s	f9,f22,f28	 f22:0x80000000 f28:0xc1600000  f9=0x80000000
     297845.000 ns	     29783	800063dc	41ae08b3	sub	x17,x28,x26	 x28:0x00000000 x26:0x00000000 x17=0x00000000
     297865.000 ns	     29785	800063e0	21bda053	fsgnjx.s	f0,f27,f27	 f27:0x40e00000 f27:0x40e00000  f0=0x40e00000
     297885.000 ns	     29787	800063e4	41605d93	srai	x27,x0,0x16	  x0:0x00000000 x27=0x00000000
     297895.000 ns	     29788	800063e8	01019cb3	sll	x25,x3,x16	  x3:0x00000001 x16:0x00000000 x25=0x00000001
     297905.000 ns	     29789	800063ec	01573333	sltu	x6,x14,x21	 x14:0x00000000 x21:0x00000010  x6=0x00000001
     297925.000 ns	     29791	800063f0	e0049053	fclass.s	x0,f9	  f9:0x80000000
     297955.000 ns	     29794	800063f4	a17ba553	feq.s	x10,f23,f23	 f23:0x00010008 f23:0x00010008 x10=0x00000001
     297975.000 ns	     29796	800063f8	0032cb33	xor	x22,x5,x3	  x5:0xf0d585cf  x3:0x00000001 x22=0xf0d585ce
     297985.000 ns	     29797	800063fc	e388ba13	sltiu	x20,x17,-456	 x17:0x00000000 x20=0x00000001
     298005.000 ns	     29799	80006400	e0090c53	fmv.x.w	x24,f18	 f18:0x7fc00000 x24=0x7fc00000
     298025.000 ns	     29801	80006404	0175f7b3	and	x15,x11,x23	 x11:0xce04e300 x23:0x00000001 x15=0x00000000
     298045.000 ns	     29803	80006408	d00ff8d3	fcvt.s.w	f17,x31	 x31:0x80041024 f17=0xcefff7df
     298065.000 ns	     29805	8000640c	003c9c33	sll	x24,x25,x3	 x25:0x00000001  x3:0x00000001 x24=0x00000002
     298085.000 ns	     29807	80006410	20111053	fsgnjn.s	f0,f2,f1	  f2:0x80000000  f1:0x4489dfc1  f0=0x80000000
     298115.000 ns	     29810	80006414	a0c42cd3	feq.s	x25,f8,f12	  f8:0x0a0e7c5e f12:0x00000000 x25=0x00000000
     298135.000 ns	     29812	80006418	92066013	ori	x0,x12,-1760	 x12:0x80041237
     298145.000 ns	     29813	8000641c	44b32113	slti	x2,x6,1099	  x6:0x00000001  x2=0x00000001
     298165.000 ns	     29815	80006420	21398453	fsgnj.s	f8,f19,f19	 f19:0xcd72a7a3 f19:0xcd72a7a3  f8=0xcd72a7a3
     298185.000 ns	     29817	80006424	e315af13	slti	x30,x11,-463	 x11:0xce04e300 x30=0x00000001
     298195.000 ns	     29818	80006428	0161bdb3	sltu	x27,x3,x22	  x3:0x00000001 x22:0xf0d585ce x27=0x00000001
     298205.000 ns	     29819	8000642c	e8ebed17	auipc	x26,0xe8ebe	 x26=0x68ec442c
     298225.000 ns	     29821	80006430	e0011cd3	fclass.s	x25,f2	  f2:0x80000000 x25=0x00000008
     298245.000 ns	     29823	80006434	9d4ec893	xori	x17,x29,-1580	 x29:0x00000000 x17=0xfffff9d4
     298265.000 ns	     29825	80006438	d011f8d3	fcvt.s.wu	f17,x3	  x3:0x00000001 f17=0x3f800000
     298295.000 ns	     29828	8000643c	c01b4353	fcvt.wu.s	x6,f22	 f22:0x80000000  x6=0x00000000
     298315.000 ns	     29830	80006440	0e514017	auipc	x0,0xe514	
     298325.000 ns	     29831	80006444	00bd0733	add	x14,x26,x11	 x26:0x68ec442c x11:0xce04e300 x14=0x36f1272c
     298335.000 ns	     29832	80006448	2399f313	andi	x6,x19,569	 x19:0x00000000  x6=0x00000000
     298345.000 ns	     29833	8000644c	014a9c33	sll	x24,x21,x20	 x21:0x00000010 x20:0x00000001 x24=0x00000020
     298705.000 ns	     29869	80006450	02a6e1b3	rem	x3,x13,x10	 x13:0x00000007 x10:0x00000001  x3=0x00000000
     298735.000 ns	     29872	80006454	28f09cd3	fmax.s	f25,f1,f15	  f1:0x4489dfc1 f15:0xc0e00000 f25=0x4489dfc1
     298765.000 ns	     29875	80006458	282299d3	fmax.s	f19,f5,f2	  f5:0x00000000  f2:0x80000000 f19=0x00000000
     298795.000 ns	     29878	8000645c	28649953	fmax.s	f18,f9,f6	  f9:0x80000000  f6:0x8a0e7c5e f18=0x80000000
     298815.000 ns	     29880	80006460	b6eaa537	lui	x10,0xb6eaa	 x10=0xb6eaa000
     298825.000 ns	     29881	80006464	a8117113	andi	x2,x2,-1407	  x2:0x00000001  x2=0x00000001
     298855.000 ns	     29884	80006468	18458d53	fdiv.s	f26,f11,f4	 f11:0x0a0e7c5e  f4:0x00000000 f26=0x7f800000
     298875.000 ns	     29886	8000646c	de3170b7	lui	x1,0xde317	  x1=0xde317000
     298885.000 ns	     29887	80006470	002b8d33	add	x26,x23,x2	 x23:0x00000001  x2:0x00000001 x26=0x00000002
     298905.000 ns	     29889	80006474	d01c2153	fcvt.s.wu	f2,x24	 x24:0x00000020  f2=0x42000000
     298925.000 ns	     29891	80006478	01a29b33	sll	x22,x5,x26	  x5:0xf0d585cf x26:0x68ec442c x22=0xc356173c
     298945.000 ns	     29893	8000647c	f00e83d3	fmv.w.x	f7,x29	 x29:0x00000000  f7=0x00000000
     298965.000 ns	     29895	80006480	b29eaa97	auipc	x21,0xb29ea	 x21=0x329f0480
     298975.000 ns	     29896	80006484	019150b3	srl	x1,x2,x25	  x2:0x00000001 x25:0x00000008  x1=0x00000000
     299335.000 ns	     29932	80006488	0295fe33	remu	x28,x11,x9	 x11:0xce04e300  x9:0x80040fe4 x28=0x4e00d31c
     299365.000 ns	     29935	8000648c	a0589cd3	flt.s	x25,f17,f5	 f17:0x3f800000  f5:0x00000000 x25=0x00000000
     299395.000 ns	     29938	80006490	2186a1d3	fsgnjx.s	f3,f13,f24	 f13:0xc1600000 f24:0x80000000  f3=0x41600000
     299425.000 ns	     29941	80006494	f00384d3	fmv.w.x	f9,x7	  x7:0x80000000  f9=0x80000000
     299445.000 ns	     29943	80006498	41165c13	srai	x24,x12,0x11	 x12:0x80041237 x24=0xffffc002
     299455.000 ns	     29944	8000649c	014f28b3	slt	x17,x30,x20	 x30:0x00000001 x20:0x00000001 x17=0x00000000
     299465.000 ns	     29945	800064a0	008c3f33	sltu	x30,x24,x8	 x24:0x00000020  x8:0x00000000 x30=0x00000000
     299485.000 ns	     29947	800064a4	e0019bd3	fclass.s	x23,f3	  f3:0x41600000 x23=0x00000040
     299515.000 ns	     29950	800064a8	02d18133	mul	x2,x3,x13	  x3:0x00000000 x13:0x00000007  x2=0x00000000
     299535.000 ns	     29952	800064ac	0098c233	xor	x4,x17,x9	 x17:0x00000000  x9:0x80040fe4  x4=0x80040fe4
     299565.000 ns	     29955	800064b0	580013d3	fsqrt.s	f7,f0	  f0:0x80000000  f7=0x80000000
     299615.000 ns	     29960	800064b4	000074d3	fadd.s	f9,f0,f0	  f0:0x80000000  f0:0x80000000  f9=0x80000000
     299645.000 ns	     29963	800064b8	d0024cd3	fcvt.s.w	f25,x4	  x4:0x80040fe4 f25=0xcefff7e0
     299665.000 ns	     29965	800064bc	008b1613	slli	x12,x22,0x8	 x22:0xc356173c x12=0x56173c00
     299675.000 ns	     29966	800064c0	5ca56d97	auipc	x27,0x5ca56	 x27=0xdca5c4c0
     299695.000 ns	     29968	800064c4	a0a603d3	fle.s	x7,f12,f10	 f12:0x00000000 f10:0x00000000  x7=0x00000001
     299715.000 ns	     29970	800064c8	01a91eb3	sll	x29,x18,x26	 x18:0xce04e300 x26:0x00000002 x29=0x38138c00
     299725.000 ns	     29971	800064cc	01d06a33	or	x20,x0,x29	  x0:0x00000000 x29:0x00000000 x20=0x38138c00
     299745.000 ns	     29973	800064d0	c01fa753	fcvt.wu.s	x14,f31	 f31:0x8a0e7c5e x14=0x00000000
     299775.000 ns	     29976	800064d4	e00f9653	fclass.s	x12,f31	 f31:0x8a0e7c5e x12=0x00000002
     299805.000 ns	     29979	800064d8	03202f33	mulhsu	x30,x0,x18	  x0:0x00000000 x18:0xce04e300 x30=0x00000000
     299835.000 ns	     29982	800064dc	21378ed3	fsgnj.s	f29,f15,f19	 f15:0xc0e00000 f19:0x00000000 f29=0x40e00000
     299855.000 ns	     29984	800064e0	004bbeb3	sltu	x29,x23,x4	 x23:0x00000040  x4:0x80040fe4 x29=0x00000001
     299875.000 ns	     29986	800064e4	021ec233	div	x4,x29,x1	 x29:0x38138c00  x1:0x00000000  x4=0xffffffff
     299905.000 ns	     29989	800064e8	02e8c9b3	div	x19,x17,x14	 x17:0x00000000 x14:0x00000000 x19=0xffffffff
     299925.000 ns	     29991	800064ec	00368c33	add	x24,x13,x3	 x13:0x00000007  x3:0x00000000 x24=0x00000007
     299945.000 ns	     29993	800064f0	29c40553	fmin.s	f10,f8,f28	  f8:0xcd72a7a3 f28:0xc1600000 f10=0xcd72a7a3
     299985.000 ns	     29997	800064f4	1144f353	fmul.s	f6,f9,f20	  f9:0x80000000 f20:0x80000000  f6=0x00000000
     300035.000 ns	     30002	800064f8	0929f7d3	fsub.s	f15,f19,f18	 f19:0x00000000 f18:0x80000000 f15=0x00000000
     300055.000 ns	     30004	800064fc	749a8793	addi	x15,x21,1865	 x21:0x329f0480 x15=0x329f0bc9
     300085.000 ns	     30007	80006500	194943d3	fdiv.s	f7,f18,f20	 f18:0x80000000 f20:0x80000000  f7=0x7fc00000
     300115.000 ns	     30010	80006504	208f92d3	fsgnjn.s	f5,f31,f8	 f31:0x8a0e7c5e  f8:0xcd72a7a3  f5=0x0a0e7c5e
     300135.000 ns	     30012	80006508	1bc32f13	slti	x30,x6,444	  x6:0x00000000 x30=0x00000001
     300155.000 ns	     30014	8000650c	c0068f53	fcvt.w.s	x30,f13	 f13:0xc1600000 x30=0xfffffff2
     300195.000 ns	     30018	80006510	5807f353	fsqrt.s	f6,f15	 f15:0x00000000  f6=0x00000000
     300215.000 ns	     30020	80006514	4141dab3	sra	x21,x3,x20	  x3:0x00000000 x20:0x38138c00 x21=0x00000000
     300545.000 ns	     30053	80006518	199cf4d3	fdiv.s	f9,f25,f25	 f25:0xcefff7e0 f25:0xcefff7e0  f9=0x3f7ff7e0
     300565.000 ns	     30055	8000651c	0105de33	srl	x28,x11,x16	 x11:0xce04e300 x16:0x00000000 x28=0xce04e300
     300575.000 ns	     30056	80006520	2accc813	xori	x16,x25,684	 x25:0x00000000 x16=0x000002ac
     300595.000 ns	     30058	80006524	214817d3	fsgnjn.s	f15,f16,f20	 f16:0xce04e300 f20:0x80000000 f15=0x4e04e300
     300615.000 ns	     30060	80006528	01c5f9b3	and	x19,x11,x28	 x11:0xce04e300 x28:0xce04e300 x19=0xce04e300
     300625.000 ns	     30061	8000652c	414b59b3	sra	x19,x22,x20	 x22:0xc356173c x20:0x38138c00 x19=0xc356173c
     300645.000 ns	     30063	80006530	0383aeb3	mulhsu	x29,x7,x24	  x7:0x00000001 x24:0x00000007 x29=0x00000000
     300665.000 ns	     30065	80006534	008505b3	add	x11,x10,x8	 x10:0xb6eaa000  x8:0x00000000 x11=0xb6eaa000
     300675.000 ns	     30066	80006538	41c65793	srai	x15,x12,0x1c	 x12:0x00000002 x15=0x00000000
     300685.000 ns	     30067	8000653c	01e19213	slli	x4,x3,0x1e	  x3:0x00000000  x4=0x00000000
     300705.000 ns	     30069	80006540	215001d3	fsgnj.s	f3,f0,f21	  f0:0x80000000 f21:0x00000000  f3=0x00000000
     300735.000 ns	     30072	80006544	20b428d3	fsgnjx.s	f17,f8,f11	  f8:0xcd72a7a3 f11:0x0a0e7c5e f17=0xcd72a7a3
     300765.000 ns	     30075	80006548	02d02233	mulhsu	x4,x0,x13	  x0:0x00000000 x13:0x00000007  x4=0x00000000
     300785.000 ns	     30077	8000654c	01335113	srli	x2,x6,0x13	  x6:0x00000000  x2=0x00000000
     300815.000 ns	     30080	80006550	580b4353	fsqrt.s	f6,f22	 f22:0x80000000  f6=0x80000000
     300835.000 ns	     30082	80006554	03692713	slti	x14,x18,54	 x18:0xce04e300 x14=0x00000001
     300845.000 ns	     30083	80006558	01ba2e33	slt	x28,x20,x27	 x20:0x38138c00 x27:0xdca5c4c0 x28=0x00000000
     300855.000 ns	     30084	8000655c	40e38b33	sub	x22,x7,x14	  x7:0x00000001 x14:0x00000000 x22=0x00000000
     300865.000 ns	     30085	80006560	001a79b3	and	x19,x20,x1	 x20:0x38138c00  x1:0x00000000 x19=0x00000000
     300885.000 ns	     30087	80006564	29120153	fmin.s	f2,f4,f17	  f4:0x00000000 f17:0xcd72a7a3  f2=0xcd72a7a3
     300915.000 ns	     30090	80006568	031d27b3	mulhsu	x15,x26,x17	 x26:0x00000002 x17:0x00000000 x15=0x00000000
     300935.000 ns	     30092	8000656c	0096e0b3	or	x1,x13,x9	 x13:0x00000007  x9:0x80040fe4  x1=0x80040fe7
     300945.000 ns	     30093	80006570	00a00533	add	x10,x0,x10	  x0:0x00000000 x10:0xb6eaa000 x10=0xb6eaa000
     301305.000 ns	     30129	80006574	034fef33	rem	x30,x31,x20	 x31:0x80041024 x20:0x38138c00 x30=0xf02b2824
     301325.000 ns	     30131	80006578	00ed4233	xor	x4,x26,x14	 x26:0x00000002 x14:0x00000001  x4=0x00000003
     301335.000 ns	     30132	8000657c	e067cd93	xori	x27,x15,-506	 x15:0x00000000 x27=0xfffffe06
     301355.000 ns	     30134	80006580	e0040953	fmv.x.w	x18,f8	  f8:0xcd72a7a3 x18=0xcd72a7a3
     301385.000 ns	     30137	80006584	e00f1c53	fclass.s	x24,f30	 f30:0x40e00000 x24=0x00000040
     301415.000 ns	     30140	80006588	205380d3	fsgnj.s	f1,f7,f5	  f7:0x7fc00000  f5:0x0a0e7c5e  f1=0x7fc00000
     301465.000 ns	     30145	8000658c	08f9c953	fsub.s	f18,f19,f15	 f19:0x00000000 f15:0x4e04e300 f18=0xce04e300
     301505.000 ns	     30149	80006590	11c1acd3	fmul.s	f25,f3,f28	  f3:0x00000000 f28:0xc1600000 f25=0x80000000
     301525.000 ns	     30151	80006594	3e28f1b7	lui	x3,0x3e28f	  x3=0x3e28f000
     301555.000 ns	     30154	80006598	580e42d3	fsqrt.s	f5,f28	 f28:0xc1600000  f5=0x7fc00000
     301575.000 ns	     30156	8000659c	411e5a93	srai	x21,x28,0x11	 x28:0x00000000 x21=0x00000000
     301595.000 ns	     30158	800065a0	a1d81c53	flt.s	x24,f16,f29	 f16:0xce04e300 f29:0x40e00000 x24=0x00000001
     301625.000 ns	     30161	800065a4	02a701b3	mul	x3,x14,x10	 x14:0x00000001 x10:0xb6eaa000  x3=0xb6eaa000
     301675.000 ns	     30166	800065a8	092c2ed3	fsub.s	f29,f24,f18	 f24:0x80000000 f18:0xce04e300 f29=0x4e04e300
     301695.000 ns	     30168	800065ac	01ca4d33	xor	x26,x20,x28	 x20:0x38138c00 x28:0x00000000 x26=0x38138c00
     302695.000 ns	     30268	800065b0	580b9353	fsqrt.s	f6,f23	 f23:0x00010008  f6=0x1f366e92
     302715.000 ns	     30270	800065b4	016e2033	slt	x0,x28,x22	 x28:0x00000000 x22:0x00000000
     302735.000 ns	     30272	800065b8	03617eb3	remu	x29,x2,x22	  x2:0x00000000 x22:0x00000000 x29=0x00000000
     302785.000 ns	     30277	800065bc	00310ad3	fadd.s	f21,f2,f3	  f2:0xcd72a7a3  f3:0x00000000 f21=0xcd72a7a3
     302805.000 ns	     30279	800065c0	007af133	and	x2,x21,x7	 x21:0x00000000  x7:0x00000001  x2=0x00000000
     302825.000 ns	     30281	800065c4	0339fb33	remu	x22,x19,x19	 x19:0x00000000 x19:0x00000000 x22=0x00000000
     302855.000 ns	     30284	800065c8	29081ed3	fmax.s	f29,f16,f16	 f16:0xce04e300 f16:0xce04e300 f29=0xce04e300
     302885.000 ns	     30287	800065cc	a1ef80d3	fle.s	x1,f31,f30	 f31:0x8a0e7c5e f30:0x40e00000  x1=0x00000001
     302905.000 ns	     30289	800065d0	9ae57513	andi	x10,x10,-1618	 x10:0xb6eaa000 x10=0xb6eaa000
     302935.000 ns	     30292	800065d4	10362bd3	fmul.s	f23,f12,f3	 f12:0x00000000  f3:0x00000000 f23=0x00000000
     302955.000 ns	     30294	800065d8	404c5813	srai	x16,x24,0x4	 x24:0x00000001 x16=0x00000000
     302965.000 ns	     30295	800065dc	00eaebb3	or	x23,x21,x14	 x21:0x00000000 x14:0x00000001 x23=0x00000001
     303005.000 ns	     30299	800065e0	00177953	fadd.s	f18,f14,f1	 f14:0x80000000  f1:0x7fc00000 f18=0x7fc00000
     303035.000 ns	     30302	800065e4	02613433	mulhu	x8,x2,x6	  x2:0x00000000  x6:0x00000000  x8=0x00000000
     303065.000 ns	     30305	800065e8	c012b453	fcvt.wu.s	x8,f5	  f5:0x7fc00000  x8=0xffffffff
     303085.000 ns	     30307	800065ec	2dfb4e13	xori	x28,x22,735	 x22:0x00000000 x28=0x000002df
     303095.000 ns	     30308	800065f0	418a8133	sub	x2,x21,x24	 x21:0x00000000 x24:0x00000001  x2=0xffffffff
     303115.000 ns	     30310	800065f4	285c9953	fmax.s	f18,f25,f5	 f25:0x80000000  f5:0x7fc00000 f18=0x80000000
     303135.000 ns	     30312	800065f8	40f65c93	srai	x25,x12,0xf	 x12:0x00000002 x25=0x00000000
     303145.000 ns	     30313	800065fc	c74f2313	slti	x6,x30,-908	 x30:0xf02b2824  x6=0x00000001
     303165.000 ns	     30315	80006600	c01c7dd3	fcvt.wu.s	x27,f24	 f24:0x80000000 x27=0x00000000
     303185.000 ns	     30317	80006604	65b2e093	ori	x1,x5,1627	  x5:0xf0d585cf  x1=0xf0d587df
     303195.000 ns	     30318	80006608	35824613	xori	x12,x4,856	  x4:0x00000003 x12=0x0000035b
     303205.000 ns	     30319	8000660c	00e95ab3	srl	x21,x18,x14	 x18:0xcd72a7a3 x14:0x00000001 x21=0x66b953d1
     303225.000 ns	     30321	80006610	a1900f53	fle.s	x30,f0,f25	  f0:0x80000000 f25:0x80000000 x30=0x00000001
     303255.000 ns	     30324	80006614	02e70d33	mul	x26,x14,x14	 x14:0x00000001 x14:0x00000001 x26=0x00000001
     303275.000 ns	     30326	80006618	012b19b3	sll	x19,x22,x18	 x22:0x00000000 x18:0xcd72a7a3 x19=0x00000000
     303295.000 ns	     30328	8000661c	03b803b3	mul	x7,x16,x27	 x16:0x00000000 x27:0x00000000  x7=0x00000000
     303315.000 ns	     30330	80006620	48d93137	lui	x2,0x48d93	  x2=0x48d93000
     303335.000 ns	     30332	80006624	03e79533	mulh	x10,x15,x30	 x15:0x00000000 x30:0x00000001 x10=0x00000000
     303365.000 ns	     30335	80006628	c0048453	fcvt.w.s	x8,f9	  f9:0x3f7ff7e0  x8=0x00000001
     303395.000 ns	     30338	8000662c	022cb633	mulhu	x12,x25,x2	 x25:0x00000000  x2:0x48d93000 x12=0x00000000
     303425.000 ns	     30341	80006630	20850dd3	fsgnj.s	f27,f10,f8	 f10:0xcd72a7a3  f8:0xcd72a7a3 f27=0xcd72a7a3
     303455.000 ns	     30344	80006634	21f98e53	fsgnj.s	f28,f19,f31	 f19:0x00000000 f31:0x8a0e7c5e f28=0x80000000
     303475.000 ns	     30346	80006638	416fd893	srai	x17,x31,0x16	 x31:0x80041024 x17=0xfffffe00
     303485.000 ns	     30347	8000663c	09d0e313	ori	x6,x1,157	  x1:0xf0d587df  x6=0xf0d587df
     303495.000 ns	     30348	80006640	41aa5833	sra	x16,x20,x26	 x20:0x38138c00 x26:0x00000001 x16=0x1c09c600
     303505.000 ns	     30349	80006644	0075ea33	or	x20,x11,x7	 x11:0xb6eaa000  x7:0x00000000 x20=0xb6eaa000
     303525.000 ns	     30351	80006648	02030db3	mul	x27,x6,x0	  x6:0xf0d587df  x0:0x00000000 x27=0x00000000
     303555.000 ns	     30354	8000664c	d0187dd3	fcvt.s.wu	f27,x16	 x16:0x1c09c600 f27=0x4de04e30
     303595.000 ns	     30358	80006650	5808fc53	fsqrt.s	f24,f17	 f17:0xcd72a7a3 f24=0x7fc00000
     303625.000 ns	     30361	80006654	d00d1453	fcvt.s.w	f8,x26	 x26:0x00000001  f8=0x3f800000
     303655.000 ns	     30364	80006658	a1098653	fle.s	x12,f19,f16	 f19:0x00000000 f16:0xce04e300 x12=0x00000000
     303675.000 ns	     30366	8000665c	72f48893	addi	x17,x9,1839	  x9:0x80040fe4 x17=0x80041713
     304035.000 ns	     30402	80006660	02ed6833	rem	x16,x26,x14	 x26:0x00000001 x14:0x00000001 x16=0x00000000
     304065.000 ns	     30405	80006664	215920d3	fsgnjx.s	f1,f18,f21	 f18:0x80000000 f21:0xcd72a7a3  f1=0x00000000
     304085.000 ns	     30407	80006668	00f2ed33	or	x26,x5,x15	  x5:0xf0d585cf x15:0x00000000 x26=0xf0d585cf
     304095.000 ns	     30408	8000666c	608d4117	auipc	x2,0x608d4	  x2=0xe08da66c
     304125.000 ns	     30411	80006670	580afe53	fsqrt.s	f28,f21	 f21:0xcd72a7a3 f28=0x7fc00000
     304145.000 ns	     30413	80006674	01c60433	add	x8,x12,x28	 x12:0x00000000 x28:0x000002df  x8=0x000002df
     304155.000 ns	     30414	80006678	cd76c313	xori	x6,x13,-809	 x13:0x00000007  x6=0xfffffcd0
     304165.000 ns	     30415	8000667c	003e4033	xor	x0,x28,x3	 x28:0x000002df  x3:0xb6eaa000
     304185.000 ns	     30417	80006680	03a18133	mul	x2,x3,x26	  x3:0xb6eaa000 x26:0xf0d585cf  x2=0xecd76000
     304215.000 ns	     30420	80006684	299d86d3	fmin.s	f13,f27,f25	 f27:0x4de04e30 f25:0x80000000 f13=0x80000000
     304245.000 ns	     30423	80006688	219814d3	fsgnjn.s	f9,f16,f25	 f16:0xce04e300 f25:0x80000000  f9=0x4e04e300
     304275.000 ns	     30426	8000668c	0314a5b3	mulhsu	x11,x9,x17	  x9:0x80040fe4 x17:0x80041713 x11=0xbffffc79
     304305.000 ns	     30429	80006690	e0098ad3	fmv.x.w	x21,f19	 f19:0x00000000 x21=0x00000000
     304335.000 ns	     30432	80006694	207c0bd3	fsgnj.s	f23,f24,f7	 f24:0x7fc00000  f7:0x7fc00000 f23=0x7fc00000
     304355.000 ns	     30434	80006698	41a287b3	sub	x15,x5,x26	  x5:0xf0d585cf x26:0xf0d585cf x15=0x00000000
     304375.000 ns	     30436	8000669c	21de0fd3	fsgnj.s	f31,f28,f29	 f28:0x7fc00000 f29:0xce04e300 f31=0xffc00000
     304405.000 ns	     30439	800066a0	a0248c53	fle.s	x24,f9,f2	  f9:0x4e04e300  f2:0xcd72a7a3 x24=0x00000000
     304425.000 ns	     30441	800066a4	703de793	ori	x15,x27,1795	 x27:0x00000000 x15=0x00000703
     304435.000 ns	     30442	800066a8	40b50533	sub	x10,x10,x11	 x10:0x00000000 x11:0xbffffc79 x10=0x40000387
     304465.000 ns	     30445	800066ac	103aac53	fmul.s	f24,f21,f3	 f21:0xcd72a7a3  f3:0x00000000 f24=0x80000000
     304485.000 ns	     30447	800066b0	00e1a233	slt	x4,x3,x14	  x3:0xb6eaa000 x14:0x00000001  x4=0x00000001
     304505.000 ns	     30449	800066b4	036206b3	mul	x13,x4,x22	  x4:0x00000003 x22:0x00000000 x13=0x00000000
     304535.000 ns	     30452	800066b8	218282d3	fsgnj.s	f5,f5,f24	  f5:0x7fc00000 f24:0x80000000  f5=0xffc00000
     304555.000 ns	     30454	800066bc	a02ee813	ori	x16,x29,-1534	 x29:0x00000000 x16=0xfffffa02
     304575.000 ns	     30456	800066c0	a0a98953	fle.s	x18,f19,f10	 f19:0x00000000 f10:0xcd72a7a3 x18=0x00000000
     304605.000 ns	     30459	800066c4	c01df8d3	fcvt.wu.s	x17,f27	 f27:0x4de04e30 x17=0x1c09c600
     304625.000 ns	     30461	800066c8	40f2db13	srai	x22,x5,0xf	  x5:0xf0d585cf x22=0xffffe1ab
     304635.000 ns	     30462	800066cc	011f2f33	slt	x30,x30,x17	 x30:0x00000001 x17:0x1c09c600 x30=0x00000001
     304995.000 ns	     30498	800066d0	02354cb3	div	x25,x10,x3	 x10:0x40000387  x3:0xb6eaa000 x25=0x00000000
     305035.000 ns	     30502	800066d4	5803f7d3	fsqrt.s	f15,f7	  f7:0x7fc00000 f15=0x7fc00000
     305055.000 ns	     30504	800066d8	01cb0333	add	x6,x22,x28	 x22:0xffffe1ab x28:0x000002df  x6=0xffffe48a
     305065.000 ns	     30505	800066dc	00000013	addi	x0,x0,0	  x0:0x00000000
     305085.000 ns	     30507	800066e0	032af0b3	remu	x1,x21,x18	 x21:0x00000000 x18:0x00000000  x1=0x00000000
     305105.000 ns	     30509	800066e4	0064e3b3	or	x7,x9,x6	  x9:0x80040fe4  x6:0xffffe48a  x7=0xffffefee
     305125.000 ns	     30511	800066e8	21b6ae53	fsgnjx.s	f28,f13,f27	 f13:0x80000000 f27:0x4de04e30 f28=0x80000000
     305145.000 ns	     30513	800066ec	41e18f33	sub	x30,x3,x30	  x3:0xb6eaa000 x30:0x00000001 x30=0xb6ea9fff
     305155.000 ns	     30514	800066f0	012cbbb3	sltu	x23,x25,x18	 x25:0x00000000 x18:0x00000000 x23=0x00000000
     305165.000 ns	     30515	800066f4	00468b33	add	x22,x13,x4	 x13:0x00000000  x4:0x00000001 x22=0x00000001
     305195.000 ns	     30518	800066f8	1829fc53	fdiv.s	f24,f19,f2	 f19:0x00000000  f2:0xcd72a7a3 f24=0x80000000
     305225.000 ns	     30521	800066fc	02dfc333	div	x6,x31,x13	 x31:0x80041024 x13:0x00000000  x6=0xffffffff
     305245.000 ns	     30523	80006700	51f43a13	sltiu	x20,x8,1311	  x8:0x000002df x20=0x00000001
     305255.000 ns	     30524	80006704	000f2db3	slt	x27,x30,x0	 x30:0xb6ea9fff  x0:0x00000000 x27=0x00000001
     305275.000 ns	     30526	80006708	d00d7753	fcvt.s.w	f14,x26	 x26:0xf0d585cf f14=0xcd72a7a3
     305295.000 ns	     30528	8000670c	00395bb3	srl	x23,x18,x3	 x18:0x00000000  x3:0xb6eaa000 x23=0x00000000
     305625.000 ns	     30561	80006710	195414d3	fdiv.s	f9,f8,f21	  f8:0x3f800000 f21:0xcd72a7a3  f9=0xb1800000
     305655.000 ns	     30564	80006714	20a01c53	fsgnjn.s	f24,f0,f10	  f0:0x80000000 f10:0xcd72a7a3 f24=0x00000000
     305675.000 ns	     30566	80006718	ca0af693	andi	x13,x21,-864	 x21:0x00000000 x13=0x00000000
     305685.000 ns	     30567	8000671c	00692133	slt	x2,x18,x6	 x18:0x00000000  x6:0xffffffff  x2=0x00000000
     305705.000 ns	     30569	80006720	290a8f53	fmin.s	f30,f21,f16	 f21:0xcd72a7a3 f16:0xce04e300 f30=0xce04e300
     305725.000 ns	     30571	80006724	005aab33	slt	x22,x21,x5	 x21:0x00000000  x5:0xf0d585cf x22=0x00000000
     306085.000 ns	     30607	80006728	026c7eb3	remu	x29,x24,x6	 x24:0x00000000  x6:0xffffffff x29=0x00000000
     306105.000 ns	     30609	8000672c	01cca833	slt	x16,x25,x28	 x25:0x00000000 x28:0x000002df x16=0x00000001
     306125.000 ns	     30611	80006730	c01978d3	fcvt.wu.s	x17,f18	 f18:0x80000000 x17=0x00000000
     306145.000 ns	     30613	80006734	00529e13	slli	x28,x5,0x5	  x5:0xf0d585cf x28=0x1ab0b9e0
     306165.000 ns	     30615	80006738	297c9353	fmax.s	f6,f25,f23	 f25:0x80000000 f23:0x7fc00000  f6=0x80000000
     306195.000 ns	     30618	8000673c	c0151ad3	fcvt.wu.s	x21,f10	 f10:0xcd72a7a3 x21=0x0f2a7a30
     306225.000 ns	     30621	80006740	a09117d3	flt.s	x15,f2,f9	  f2:0xcd72a7a3  f9:0xb1800000 x15=0x00000001
     306245.000 ns	     30623	80006744	00ffde33	srl	x28,x31,x15	 x31:0x80041024 x15:0x00000703 x28=0x40020812
     306265.000 ns	     30625	80006748	02d3c9b3	div	x19,x7,x13	  x7:0xffffefee x13:0x00000000 x19=0xffffffff
     306295.000 ns	     30628	8000674c	e00f1b53	fclass.s	x22,f30	 f30:0xce04e300 x22=0x00000002
     306325.000 ns	     30631	80006750	e0081553	fclass.s	x10,f16	 f16:0xce04e300 x10=0x00000002
     306345.000 ns	     30633	80006754	406a08b3	sub	x17,x20,x6	 x20:0x00000001  x6:0xffffffff x17=0x00000002
     306705.000 ns	     30669	80006758	025643b3	div	x7,x12,x5	 x12:0x00000000  x5:0xf0d585cf  x7=0x00000000
     306725.000 ns	     30671	8000675c	95f10013	addi	x0,x2,-1697	  x2:0x00000000
     307085.000 ns	     30707	80006760	0365ef33	rem	x30,x11,x22	 x11:0xbffffc79 x22:0x00000002 x30=0xffffffff
     307115.000 ns	     30710	80006764	a1949bd3	flt.s	x23,f9,f25	  f9:0xb1800000 f25:0x80000000 x23=0x00000001
     307135.000 ns	     30712	80006768	00a5d8b3	srl	x17,x11,x10	 x11:0xbffffc79 x10:0x00000002 x17=0x2fffff1e
     307165.000 ns	     30715	8000676c	198089d3	fdiv.s	f19,f1,f24	  f1:0x00000000 f24:0x00000000 f19=0x7fc00000
     307185.000 ns	     30717	80006770	e26da913	slti	x18,x27,-474	 x27:0x00000001 x18=0x00000000
     307215.000 ns	     30720	80006774	11b23953	fmul.s	f18,f4,f27	  f4:0x00000000 f27:0x4de04e30 f18=0x00000000
     307245.000 ns	     30723	80006778	026a3433	mulhu	x8,x20,x6	 x20:0x00000001  x6:0xffffffff  x8=0x00000000
     307265.000 ns	     30725	8000677c	413dda33	sra	x20,x27,x19	 x27:0x00000001 x19:0xffffffff x20=0x00000000
     307275.000 ns	     30726	80006780	41460eb3	sub	x29,x12,x20	 x12:0x00000000 x20:0x00000001 x29=0x00000000
     307285.000 ns	     30727	80006784	01fa2db3	slt	x27,x20,x31	 x20:0x00000001 x31:0x80041024 x27=0x00000000
     307305.000 ns	     30729	80006788	c0111553	fcvt.wu.s	x10,f2	  f2:0xcd72a7a3 x10=0x0f2a7a30
     307335.000 ns	     30732	8000678c	03380bb3	mul	x23,x16,x19	 x16:0x00000001 x19:0xffffffff x23=0xffffffff
     307365.000 ns	     30735	80006790	d01dfad3	fcvt.s.wu	f21,x27	 x27:0x00000000 f21=0x00000000
     307735.000 ns	     30772	80006794	03cdc033	div	x0,x27,x28	 x27:0x00000000 x28:0x40020812
     307765.000 ns	     30775	80006798	c00f7753	fcvt.w.s	x14,f30	 f30:0xce04e300 x14=0x2138c000
     307795.000 ns	     30778	8000679c	d013f253	fcvt.s.wu	f4,x7	  x7:0x00000000  f4=0x00000000
     307825.000 ns	     30781	800067a0	c01e0e53	fcvt.wu.s	x28,f28	 f28:0x80000000 x28=0x00000000
     307865.000 ns	     30785	800067a4	187fb3d3	fdiv.s	f7,f31,f7	 f31:0xffc00000  f7:0x7fc00000  f7=0x7fc00000
     307895.000 ns	     30788	800067a8	02271133	mulh	x2,x14,x2	 x14:0x2138c000  x2:0x00000000  x2=0x00000000
     307915.000 ns	     30790	800067ac	4143d1b3	sra	x3,x7,x20	  x7:0x00000000 x20:0x00000000  x3=0x00000000
     307925.000 ns	     30791	800067b0	01aed393	srli	x7,x29,0x1a	 x29:0x00000000  x7=0x00000000
     307935.000 ns	     30792	800067b4	2f28aa93	slti	x21,x17,754	 x17:0x2fffff1e x21=0x00000000
     307955.000 ns	     30794	800067b8	020d4eb3	div	x29,x26,x0	 x26:0xf0d585cf  x0:0x00000000 x29=0xffffffff
     308325.000 ns	     30831	800067bc	024cdcb3	divu	x25,x25,x4	 x25:0x00000000  x4:0x00000001 x25=0x00000000
     308345.000 ns	     30833	800067c0	e67f2397	auipc	x7,0xe67f2	  x7=0x667f87c0
     308705.000 ns	     30869	800067c4	02a27433	remu	x8,x4,x10	  x4:0x00000001 x10:0x0f2a7a30  x8=0x00000001
     308735.000 ns	     30872	800067c8	a18a16d3	flt.s	x13,f20,f24	 f20:0x80000000 f24:0x00000000 x13=0x00000000
     308765.000 ns	     30875	800067cc	21588653	fsgnj.s	f12,f17,f21	 f17:0xcd72a7a3 f21:0x00000000 f12=0x4d72a7a3
     308785.000 ns	     30877	800067d0	00000013	addi	x0,x0,0	  x0:0x00000000
     308795.000 ns	     30878	800067d4	00a931b3	sltu	x3,x18,x10	 x18:0x00000000 x10:0x0f2a7a30  x3=0x00000001
     308805.000 ns	     30879	800067d8	01d41133	sll	x2,x8,x29	  x8:0x00000001 x29:0xffffffff  x2=0x80000000
     308825.000 ns	     30881	800067dc	20e898d3	fsgnjn.s	f17,f17,f14	 f17:0xcd72a7a3 f14:0xcd72a7a3 f17=0x4d72a7a3
     308845.000 ns	     30883	800067e0	e8410893	addi	x17,x2,-380	  x2:0x00000000 x17=0x7ffffe84
     308855.000 ns	     30884	800067e4	01758533	add	x10,x11,x23	 x11:0xbffffc79 x23:0xffffffff x10=0xbffffc78
     308875.000 ns	     30886	800067e8	e0000ad3	fmv.x.w	x21,f0	  f0:0x80000000 x21=0x80000000
     308915.000 ns	     30890	800067ec	10b7b653	fmul.s	f12,f15,f11	 f15:0x7fc00000 f11:0x0a0e7c5e f12=0x7fc00000
     308935.000 ns	     30892	800067f0	00000013	addi	x0,x0,0	  x0:0x00000000
     308955.000 ns	     30894	800067f4	a0d417d3	flt.s	x15,f8,f13	  f8:0x3f800000 f13:0x80000000 x15=0x00000000
     308985.000 ns	     30897	800067f8	a0f687d3	fle.s	x15,f13,f15	 f13:0x80000000 f15:0x7fc00000 x15=0x00000000
     309005.000 ns	     30899	800067fc	310c7e13	andi	x28,x24,784	 x24:0x00000000 x28=0x00000000
     309365.000 ns	     30935	80006800	0267e333	rem	x6,x15,x6	 x15:0x00000000  x6:0xffffffff  x6=0x00000000
     309395.000 ns	     30938	80006804	c01a3653	fcvt.wu.s	x12,f20	 f20:0x80000000 x12=0x00000000
     309415.000 ns	     30940	80006808	008e0093	addi	x1,x28,8	 x28:0x00000000  x1=0x00000008
     309425.000 ns	     30941	8000680c	3be2d937	lui	x18,0x3be2d	 x18=0x3be2d000
     309445.000 ns	     30943	80006810	215419d3	fsgnjn.s	f19,f8,f21	  f8:0x3f800000 f21:0x00000000 f19=0xbf800000
     309465.000 ns	     30945	80006814	aa7fc993	xori	x19,x31,-1369	 x31:0x80041024 x19=0x7ffbea83
     309475.000 ns	     30946	80006818	00000013	addi	x0,x0,0	  x0:0x00000000
     309485.000 ns	     30947	8000681c	401cde33	sra	x28,x25,x1	 x25:0x00000000  x1:0x00000008 x28=0x00000000
     309515.000 ns	     30950	80006820	197ca053	fdiv.s	f0,f25,f23	 f25:0x80000000 f23:0x7fc00000  f0=0x7fc00000
     309545.000 ns	     30953	80006824	e0059cd3	fclass.s	x25,f11	 f11:0x0a0e7c5e x25=0x00000040
     309565.000 ns	     30955	80006828	01e1f633	and	x12,x3,x30	  x3:0x00000001 x30:0xffffffff x12=0x00000001
     309925.000 ns	     30991	8000682c	02cec233	div	x4,x29,x12	 x29:0xffffffff x12:0x00000000  x4=0xffffffff
     309945.000 ns	     30993	80006830	00330eb3	add	x29,x6,x3	  x6:0x00000000  x3:0x00000001 x29=0x00000001
     310305.000 ns	     31029	80006834	02a676b3	remu	x13,x12,x10	 x12:0x00000001 x10:0xbffffc78 x13=0x00000001
     310325.000 ns	     31031	80006838	00000013	addi	x0,x0,0	  x0:0x00000000
     310335.000 ns	     31032	8000683c	40495833	sra	x16,x18,x4	 x18:0x3be2d000  x4:0xffffffff x16=0x00000000
     310345.000 ns	     31033	80006840	00157eb3	and	x29,x10,x1	 x10:0xbffffc78  x1:0x00000008 x29=0x00000008
     310355.000 ns	     31034	80006844	00afe133	or	x2,x31,x10	 x31:0x80041024 x10:0xbffffc78  x2=0xbffffc7c
     310395.000 ns	     31038	80006848	014376d3	fadd.s	f13,f6,f20	  f6:0x80000000 f20:0x80000000 f13=0x80000000
     310765.000 ns	     31075	8000684c	02e86bb3	rem	x23,x16,x14	 x16:0x00000000 x14:0x2138c000 x23=0x00000000
     310785.000 ns	     31077	80006850	00cf3eb3	sltu	x29,x30,x12	 x30:0xffffffff x12:0x00000001 x29=0x00000000
     310795.000 ns	     31078	80006854	014dbf33	sltu	x30,x27,x20	 x27:0x00000000 x20:0x00000000 x30=0x00000000
     310815.000 ns	     31080	80006858	20ee0c53	fsgnj.s	f24,f28,f14	 f28:0x80000000 f14:0xcd72a7a3 f24=0x80000000
     310845.000 ns	     31083	8000685c	f0080553	fmv.w.x	f10,x16	 x16:0x00000000 f10=0x00000000
     310875.000 ns	     31086	80006860	0315bd33	mulhu	x26,x11,x17	 x11:0xbffffc79 x17:0x7ffffe84 x26=0x5ffffd1f
     310895.000 ns	     31088	80006864	009f7f33	and	x30,x30,x9	 x30:0x00000000  x9:0x80040fe4 x30=0x00000000
     310915.000 ns	     31090	80006868	207c10d3	fsgnjn.s	f1,f24,f7	 f24:0x80000000  f7:0x7fc00000  f1=0x80000000
     310935.000 ns	     31092	8000686c	5fa0af13	slti	x30,x1,1530	  x1:0x00000008 x30=0x00000001
     310955.000 ns	     31094	80006870	a0df8753	fle.s	x14,f31,f13	 f31:0xffc00000 f13:0x80000000 x14=0x00000000
     310975.000 ns	     31096	80006874	d38cb913	sltiu	x18,x25,-712	 x25:0x00000040 x18=0x00000001
     310985.000 ns	     31097	80006878	4fc12093	slti	x1,x2,1276	  x2:0xbffffc7c  x1=0x00000001
     311005.000 ns	     31099	8000687c	c00878d3	fcvt.w.s	x17,f16	 f16:0xce04e300 x17=0x2138c000
     311045.000 ns	     31103	80006880	10467953	fmul.s	f18,f12,f4	 f12:0x7fc00000  f4:0x00000000 f18=0x7fc00000
     311065.000 ns	     31105	80006884	66ca2637	lui	x12,0x66ca2	 x12=0x66ca2000
     311075.000 ns	     31106	80006888	41530933	sub	x18,x6,x21	  x6:0x00000000 x21:0x80000000 x18=0x80000000
     311105.000 ns	     31109	8000688c	112671d3	fmul.s	f3,f12,f18	 f12:0x7fc00000 f18:0x7fc00000  f3=0x7fc00000
     311135.000 ns	     31112	80006890	c01df8d3	fcvt.wu.s	x17,f27	 f27:0x4de04e30 x17=0x1c09c600
     311155.000 ns	     31114	80006894	004f1633	sll	x12,x30,x4	 x30:0x00000001  x4:0xffffffff x12=0x80000000
     311175.000 ns	     31116	80006898	c0163e53	fcvt.wu.s	x28,f12	 f12:0x7fc00000 x28=0xffffffff
     311195.000 ns	     31118	8000689c	a8136313	ori	x6,x6,-1407	  x6:0x00000000  x6=0xfffffa81
     311235.000 ns	     31122	800068a0	0093f3d3	fadd.s	f7,f7,f9	  f7:0x7fc00000  f9:0xb1800000  f7=0x7fc00000
     311265.000 ns	     31125	800068a4	0260b633	mulhu	x12,x1,x6	  x1:0x00000001  x6:0x00000000 x12=0x00000000
     311295.000 ns	     31128	800068a8	21c69c53	fsgnjn.s	f24,f13,f28	 f13:0x80000000 f28:0x80000000 f24=0x00000000
     311335.000 ns	     31132	800068ac	18ac70d3	fdiv.s	f1,f24,f10	 f24:0x80000000 f10:0x00000000  f1=0x7fc00000
     311355.000 ns	     31134	800068b0	4f552593	slti	x11,x10,1269	 x10:0xbffffc78 x11=0x00000001
     311365.000 ns	     31135	800068b4	0021f8b3	and	x17,x3,x2	  x3:0x00000001  x2:0xbffffc7c x17=0x00000000
     311385.000 ns	     31137	800068b8	f00b04d3	fmv.w.x	f9,x22	 x22:0x00000002  f9=0x00000002
     311405.000 ns	     31139	800068bc	0161db33	srl	x22,x3,x22	  x3:0x00000001 x22:0x00000002 x22=0x00000000
     311425.000 ns	     31141	800068c0	03300cb3	mul	x25,x0,x19	  x0:0x00000000 x19:0x7ffbea83 x25=0x00000000
     311445.000 ns	     31143	800068c4	c7f58913	addi	x18,x11,-897	 x11:0x00000001 x18=0xfffffc80
     311455.000 ns	     31144	800068c8	016b9893	slli	x17,x23,0x16	 x23:0x00000000 x17=0x00000000
     311465.000 ns	     31145	800068cc	7bcdfe37	lui	x28,0x7bcdf	 x28=0x7bcdf000
     311485.000 ns	     31147	800068d0	e0000f53	fmv.x.w	x30,f0	  f0:0x7fc00000 x30=0x7fc00000
     311505.000 ns	     31149	800068d4	cfc14337	lui	x6,0xcfc14	  x6=0xcfc14000
     311545.000 ns	     31153	800068d8	09587753	fsub.s	f14,f16,f21	 f16:0xce04e300 f21:0x00000000 f14=0xce04e300
     311575.000 ns	     31156	800068dc	02c1bf33	mulhu	x30,x3,x12	  x3:0x00000001 x12:0x00000000 x30=0x00000000
     311615.000 ns	     31160	800068e0	580f7653	fsqrt.s	f12,f30	 f30:0xce04e300 f12=0x7fc00000
     311645.000 ns	     31163	800068e4	c01938d3	fcvt.wu.s	x17,f18	 f18:0x7fc00000 x17=0xffffffff
     312015.000 ns	     31200	800068e8	032a6933	rem	x18,x20,x18	 x20:0x00000000 x18:0xfffffc80 x18=0x00000000
     312045.000 ns	     31203	800068ec	02860eb3	mul	x29,x12,x8	 x12:0x00000000  x8:0x00000001 x29=0x00000000
     312075.000 ns	     31206	800068f0	03dace33	div	x28,x21,x29	 x21:0x80000000 x29:0x00000000 x28=0xffffffff
     312095.000 ns	     31208	800068f4	00000013	addi	x0,x0,0	  x0:0x00000000
     312105.000 ns	     31209	800068f8	014a27b3	slt	x15,x20,x20	 x20:0x00000000 x20:0x00000000 x15=0x00000000
     312465.000 ns	     31245	800068fc	02d5f933	remu	x18,x11,x13	 x11:0x00000001 x13:0x00000001 x18=0x00000000
     312495.000 ns	     31248	80006900	c00076d3	fcvt.w.s	x13,f0	  f0:0x7fc00000 x13=0x7fffffff
     312515.000 ns	     31250	80006904	01ec9513	slli	x10,x25,0x1e	 x25:0x00000000 x10=0x00000000
     312525.000 ns	     31251	80006908	01439b33	sll	x22,x7,x20	  x7:0x667f87c0 x20:0x00000000 x22=0x667f87c0
     312555.000 ns	     31254	8000690c	580249d3	fsqrt.s	f19,f4	  f4:0x00000000 f19=0x00000000
     312575.000 ns	     31256	80006910	01fbd0b3	srl	x1,x23,x31	 x23:0x00000000 x31:0x80041024  x1=0x00000000
     312585.000 ns	     31257	80006914	3893ba13	sltiu	x20,x7,905	  x7:0x667f87c0 x20=0x00000000
     312605.000 ns	     31259	80006918	020bc133	div	x2,x23,x0	 x23:0x00000000  x0:0x00000000  x2=0xffffffff
     312655.000 ns	     31264	8000691c	090e73d3	fsub.s	f7,f28,f16	 f28:0x80000000 f16:0xce04e300  f7=0x4e04e300
     312675.000 ns	     31266	80006920	019ee9b3	or	x19,x29,x25	 x29:0x00000000 x25:0x00000000 x19=0x00000000
     312695.000 ns	     31268	80006924	03819033	mulh	x0,x3,x24	  x3:0x00000001 x24:0x00000000
     312715.000 ns	     31270	80006928	000b8f33	add	x30,x23,x0	 x23:0x00000000  x0:0x00000000 x30=0x00000000
     312725.000 ns	     31271	8000692c	00cfea33	or	x20,x31,x12	 x31:0x80041024 x12:0x00000000 x20=0x80041024
     312745.000 ns	     31273	80006930	e00c11d3	fclass.s	x3,f24	 f24:0x00000000  x3=0x00000010
     312775.000 ns	     31276	80006934	0272aa33	mulhsu	x20,x5,x7	  x5:0xf0d585cf  x7:0x667f87c0 x20=0xf9ed8533
     312795.000 ns	     31278	80006938	3af4d5b7	lui	x11,0x3af4d	 x11=0x3af4d000
     312815.000 ns	     31280	8000693c	a1c00653	fle.s	x12,f0,f28	  f0:0x7fc00000 f28:0x80000000 x12=0x00000000
     312845.000 ns	     31283	80006940	026a35b3	mulhu	x11,x20,x6	 x20:0xf9ed8533  x6:0xcfc14000 x11=0xcad3b941
     312865.000 ns	     31285	80006944	409a8933	sub	x18,x21,x9	 x21:0x80000000  x9:0x80040fe4 x18=0xfffbf01c
     312875.000 ns	     31286	80006948	01f59233	sll	x4,x11,x31	 x11:0xcad3b941 x31:0x80041024  x4=0xad3b9410
     312895.000 ns	     31288	8000694c	a0860c53	fle.s	x24,f12,f8	 f12:0x7fc00000  f8:0x3f800000 x24=0x00000000
     313265.000 ns	     31325	80006950	02d546b3	div	x13,x10,x13	 x10:0x00000000 x13:0x7fffffff x13=0x00000000
     313285.000 ns	     31327	80006954	dd28e613	ori	x12,x17,-558	 x17:0xffffffff x12=0xffffffff
     313295.000 ns	     31328	80006958	f47d4c93	xori	x25,x26,-185	 x26:0x5ffffd1f x25=0xa0000258
     313315.000 ns	     31330	8000695c	2173a653	fsgnjx.s	f12,f7,f23	  f7:0x4e04e300 f23:0x7fc00000 f12=0x4e04e300
     313335.000 ns	     31332	80006960	400cd313	srai	x6,x25,0x0	 x25:0x00000000  x6=0xa0000258
     313355.000 ns	     31334	80006964	20ab1dd3	fsgnjn.s	f27,f22,f10	 f22:0x80000000 f10:0x00000000 f27=0x80000000
     313385.000 ns	     31337	80006968	20fc1853	fsgnjn.s	f16,f24,f15	 f24:0x00000000 f15:0x7fc00000 f16=0x80000000
     313405.000 ns	     31339	8000696c	14686613	ori	x12,x16,326	 x16:0x00000000 x12=0x00000146
     313415.000 ns	     31340	80006970	40d703b3	sub	x7,x14,x13	 x14:0x00000000 x13:0x00000000  x7=0x00000000
     313455.000 ns	     31344	80006974	00ff74d3	fadd.s	f9,f30,f15	 f30:0xce04e300 f15:0x7fc00000  f9=0x7fc00000
     313475.000 ns	     31346	80006978	005e5593	srli	x11,x28,0x5	 x28:0xffffffff x11=0x07ffffff
     313485.000 ns	     31347	8000697c	00a7bdb3	sltu	x27,x15,x10	 x15:0x00000000 x10:0x00000000 x27=0x00000000
     313505.000 ns	     31349	80006980	21119cd3	fsgnjn.s	f25,f3,f17	  f3:0x7fc00000 f17:0x4d72a7a3 f25=0xffc00000
     313535.000 ns	     31352	80006984	021daab3	mulhsu	x21,x27,x1	 x27:0x00000000  x1:0x00000000 x21=0x00000000
     313555.000 ns	     31354	80006988	01cd1cb3	sll	x25,x26,x28	 x26:0x5ffffd1f x28:0xffffffff x25=0x80000000
     313595.000 ns	     31358	8000698c	09a70753	fsub.s	f14,f14,f26	 f14:0xce04e300 f26:0x7f800000 f14=0xff800000
     313625.000 ns	     31361	80006990	c01dbcd3	fcvt.wu.s	x25,f27	 f27:0x80000000 x25=0x00000000
     313655.000 ns	     31364	80006994	c00f4153	fcvt.w.s	x2,f30	 f30:0xce04e300  x2=0xdec74000
     313685.000 ns	     31367	80006998	28598cd3	fmin.s	f25,f19,f5	 f19:0x00000000  f5:0xffc00000 f25=0x00000000
     313705.000 ns	     31369	8000699c	2ae10c13	addi	x24,x2,686	  x2:0xdec74000 x24=0xdec742ae
     313725.000 ns	     31371	800069a0	c00c7153	fcvt.w.s	x2,f24	 f24:0x00000000  x2=0x00000000
     313755.000 ns	     31374	800069a4	c012f253	fcvt.wu.s	x4,f5	  f5:0xffc00000  x4=0xffffffff
     313785.000 ns	     31377	800069a8	031f8e33	mul	x28,x31,x17	 x31:0x80041024 x17:0xffffffff x28=0x7ffbefdc
     313835.000 ns	     31382	800069ac	00a0fdd3	fadd.s	f27,f1,f10	  f1:0x7fc00000 f10:0x00000000 f27=0x7fc00000
     313865.000 ns	     31385	800069b0	a0c426d3	feq.s	x13,f8,f12	  f8:0x3f800000 f12:0x4e04e300 x13=0x00000000
     313885.000 ns	     31387	800069b4	18fd71b7	lui	x3,0x18fd7	  x3=0x18fd7000
     313915.000 ns	     31390	800069b8	11bf7ed3	fmul.s	f29,f30,f27	 f30:0xce04e300 f27:0x7fc00000 f29=0x7fc00000
     313945.000 ns	     31393	800069bc	20711453	fsgnjn.s	f8,f2,f7	  f2:0xcd72a7a3  f7:0x4e04e300  f8=0xcd72a7a3
     313985.000 ns	     31397	800069c0	11eab853	fmul.s	f16,f21,f30	 f21:0x00000000 f30:0xce04e300 f16=0x80000000
     314005.000 ns	     31399	800069c4	deed5bb7	lui	x23,0xdeed5	 x23=0xdeed5000
     314045.000 ns	     31403	800069c8	01e48b53	fadd.s	f22,f9,f30	  f9:0x7fc00000 f30:0xce04e300 f22=0x7fc00000
     314075.000 ns	     31406	800069cc	287a16d3	fmax.s	f13,f20,f7	 f20:0x80000000  f7:0x4e04e300 f13=0x4e04e300
     314105.000 ns	     31409	800069d0	e00a1a53	fclass.s	x20,f20	 f20:0x80000000 x20=0x00000008
     314125.000 ns	     31411	800069d4	60e3ed13	ori	x26,x7,1550	  x7:0x00000000 x26=0x0000060e
     314145.000 ns	     31413	800069d8	a10121d3	feq.s	x3,f2,f16	  f2:0xcd72a7a3 f16:0x80000000  x3=0x00000000
     314185.000 ns	     31417	800069dc	580dfb53	fsqrt.s	f22,f27	 f27:0x7fc00000 f22=0x7fc00000
     314205.000 ns	     31419	800069e0	81e8aa13	slti	x20,x17,-2018	 x17:0xffffffff x20=0x00000000
     314225.000 ns	     31421	800069e4	d016bd53	fcvt.s.wu	f26,x13	 x13:0x00000000 f26=0x00000000
     314275.000 ns	     31426	800069e8	0095c653	fadd.s	f12,f11,f9	 f11:0x0a0e7c5e  f9:0x7fc00000 f12=0x7fc00000
     314295.000 ns	     31428	800069ec	7213e593	ori	x11,x7,1825	  x7:0x00000000 x11=0x00000721
     314315.000 ns	     31430	800069f0	e00c0453	fmv.x.w	x8,f24	 f24:0x00000000  x8=0x00000000
     314365.000 ns	     31435	800069f4	01d57353	fadd.s	f6,f10,f29	 f10:0x00000000 f29:0x7fc00000  f6=0x7fc00000
     314395.000 ns	     31438	800069f8	a18b90d3	flt.s	x1,f23,f24	 f23:0x7fc00000 f24:0x00000000  x1=0x00000000
     314425.000 ns	     31441	800069fc	d0027653	fcvt.s.w	f12,x4	  x4:0xffffffff f12=0xbf800000
     314445.000 ns	     31443	80006a00	41a8d1b3	sra	x3,x17,x26	 x17:0xffffffff x26:0x0000060e  x3=0xffffffff
     314465.000 ns	     31445	80006a04	a09487d3	fle.s	x15,f9,f9	  f9:0x7fc00000  f9:0x7fc00000 x15=0x00000000
     314505.000 ns	     31449	80006a08	58028c53	fsqrt.s	f24,f5	  f5:0xffc00000 f24=0x7fc00000
     314525.000 ns	     31451	80006a0c	00231033	sll	x0,x6,x2	  x6:0xa0000258  x2:0x00000000
     314545.000 ns	     31453	80006a10	c0021353	fcvt.w.s	x6,f4	  f4:0x00000000  x6=0x00000000
     314575.000 ns	     31456	80006a14	e0078553	fmv.x.w	x10,f15	 f15:0x7fc00000 x10=0x7fc00000
     314605.000 ns	     31459	80006a18	e00393d3	fclass.s	x7,f7	  f7:0x4e04e300  x7=0x00000040
     314645.000 ns	     31463	80006a1c	182cb253	fdiv.s	f4,f25,f2	 f25:0x00000000  f2:0xcd72a7a3  f4=0x80000000
     314675.000 ns	     31466	80006a20	c0121853	fcvt.wu.s	x16,f4	  f4:0x00000000 x16=0x00000000
     314705.000 ns	     31469	80006a24	e0029c53	fclass.s	x24,f5	  f5:0xffc00000 x24=0x00000200
     314725.000 ns	     31471	80006a28	415358b3	sra	x17,x6,x21	  x6:0x00000000 x21:0x00000000 x17=0x00000000
     314745.000 ns	     31473	80006a2c	031c7133	remu	x2,x24,x17	 x24:0x00000200 x17:0xffffffff  x2=0x00000200
     314775.000 ns	     31476	80006a30	02932c33	mulhsu	x24,x6,x9	  x6:0x00000000  x9:0x80040fe4 x24=0x00000000
     314795.000 ns	     31478	80006a34	01519c13	slli	x24,x3,0x15	  x3:0xffffffff x24=0xffe00000
     314805.000 ns	     31479	80006a38	00f54633	xor	x12,x10,x15	 x10:0x7fc00000 x15:0x00000000 x12=0x7fc00000
     314815.000 ns	     31480	80006a3c	002d7633	and	x12,x26,x2	 x26:0x0000060e  x2:0x00000200 x12=0x00000200
     314845.000 ns	     31483	80006a40	580b7353	fsqrt.s	f6,f22	 f22:0x7fc00000  f6=0x7fc00000
     314875.000 ns	     31486	80006a44	c002fbd3	fcvt.w.s	x23,f5	  f5:0xffc00000 x23=0x7fffffff
     314905.000 ns	     31489	80006a48	a15c9953	flt.s	x18,f25,f21	 f25:0x00000000 f21:0x00000000 x18=0x00000000
     314935.000 ns	     31492	80006a4c	033c3eb3	mulhu	x29,x24,x19	 x24:0xffe00000 x19:0x00000000 x29=0x00000000
     314975.000 ns	     31496	80006a50	10bebb53	fmul.s	f22,f29,f11	 f29:0x7fc00000 f11:0x0a0e7c5e f22=0x7fc00000
     315005.000 ns	     31499	80006a54	02ee27b3	mulhsu	x15,x28,x14	 x28:0x7ffbefdc x14:0x00000000 x15=0x00000000
     315035.000 ns	     31502	80006a58	035e8eb3	mul	x29,x29,x21	 x29:0x00000000 x21:0x00000000 x29=0x00000000
     315065.000 ns	     31505	80006a5c	203006d3	fsgnj.s	f13,f0,f3	  f0:0x7fc00000  f3:0x7fc00000 f13=0x7fc00000
     315095.000 ns	     31508	80006a60	033b5db3	divu	x27,x22,x19	 x22:0x667f87c0 x19:0x00000000 x27=0xffffffff
     315115.000 ns	     31510	80006a64	41248033	sub	x0,x9,x18	  x9:0x80040fe4 x18:0x00000000
     315155.000 ns	     31514	80006a68	08bffb53	fsub.s	f22,f31,f11	 f31:0xffc00000 f11:0x0a0e7c5e f22=0x7fc00000
     315525.000 ns	     31551	80006a6c	0278ee33	rem	x28,x17,x7	 x17:0x00000000  x7:0x00000040 x28=0x00000000
     315545.000 ns	     31553	80006a70	2362eab7	lui	x21,0x2362e	 x21=0x2362e000
     315565.000 ns	     31555	80006a74	0249bab3	mulhu	x21,x19,x4	 x19:0x00000000  x4:0xffffffff x21=0x00000000
     315585.000 ns	     31557	80006a78	41100833	sub	x16,x0,x17	  x0:0x00000000 x17:0x00000000 x16=0x00000000
     315595.000 ns	     31558	80006a7c	00a9a033	slt	x0,x19,x10	 x19:0x00000000 x10:0x7fc00000
     315605.000 ns	     31559	80006a80	00619b93	slli	x23,x3,0x6	  x3:0xffffffff x23=0xffffffc0
     315615.000 ns	     31560	80006a84	0047de93	srli	x29,x15,0x4	 x15:0x00000000 x29=0x00000000
     315635.000 ns	     31562	80006a88	02c53733	mulhu	x14,x10,x12	 x10:0x7fc00000 x12:0x00000200 x14=0x000000ff
     315655.000 ns	     31564	80006a8c	407e5a13	srai	x20,x28,0x7	 x28:0x00000000 x20=0x00000000
     315675.000 ns	     31566	80006a90	a0670ad3	fle.s	x21,f14,f6	 f14:0xff800000  f6:0x7fc00000 x21=0x00000000
     315695.000 ns	     31568	80006a94	006df533	and	x10,x27,x6	 x27:0xffffffff  x6:0x00000000 x10=0x00000000
     315715.000 ns	     31570	80006a98	a0c583d3	fle.s	x7,f11,f12	 f11:0x0a0e7c5e f12:0xbf800000  x7=0x00000000
     315745.000 ns	     31573	80006a9c	021dd333	divu	x6,x27,x1	 x27:0xffffffff  x1:0x00000000  x6=0xffffffff
     316115.000 ns	     31610	80006aa0	029a47b3	div	x15,x20,x9	 x20:0x00000000  x9:0x80040fe4 x15=0x00000000
     316145.000 ns	     31613	80006aa4	299219d3	fmax.s	f19,f4,f25	  f4:0x80000000 f25:0x00000000 f19=0x00000000
     316515.000 ns	     31650	80006aa8	02b275b3	remu	x11,x4,x11	  x4:0xffffffff x11:0x00000721 x11=0x00000541
     316545.000 ns	     31653	80006aac	e00a9253	fclass.s	x4,f21	 f21:0x00000000  x4=0x00000010
     316575.000 ns	     31656	80006ab0	035abc33	mulhu	x24,x21,x21	 x21:0x00000000 x21:0x00000000 x24=0x00000000
     316605.000 ns	     31659	80006ab4	a10e9253	flt.s	x4,f29,f16	 f29:0x7fc00000 f16:0x80000000  x4=0x00000000
     316635.000 ns	     31662	80006ab8	a18613d3	flt.s	x7,f12,f24	 f12:0xbf800000 f24:0x7fc00000  x7=0x00000000
     316665.000 ns	     31665	80006abc	03091db3	mulh	x27,x18,x16	 x18:0x00000000 x16:0x00000000 x27=0x00000000
     316695.000 ns	     31668	80006ac0	28e28f53	fmin.s	f30,f5,f14	  f5:0xffc00000 f14:0xff800000 f30=0xff800000
     316725.000 ns	     31671	80006ac4	02162733	mulhsu	x14,x12,x1	 x12:0x00000200  x1:0x00000000 x14=0x00000000
     316755.000 ns	     31674	80006ac8	28f383d3	fmin.s	f7,f7,f15	  f7:0x4e04e300 f15:0x7fc00000  f7=0x4e04e300
     316775.000 ns	     31676	80006acc	01f773b3	and	x7,x14,x31	 x14:0x00000000 x31:0x80041024  x7=0x00000000
     316785.000 ns	     31677	80006ad0	40f15893	srai	x17,x2,0xf	  x2:0x00000200 x17=0x00000000
     316805.000 ns	     31679	80006ad4	020459b3	divu	x19,x8,x0	  x8:0x00000000  x0:0x00000000 x19=0xffffffff
     316825.000 ns	     31681	80006ad8	00ccfb33	and	x22,x25,x12	 x25:0x00000000 x12:0x00000200 x22=0x00000000
     316845.000 ns	     31683	80006adc	a00a28d3	feq.s	x17,f20,f0	 f20:0x80000000  f0:0x7fc00000 x17=0x00000000
     316875.000 ns	     31686	80006ae0	e00a97d3	fclass.s	x15,f21	 f21:0x00000000 x15=0x00000010
     317245.000 ns	     31723	80006ae4	02685cb3	divu	x25,x16,x6	 x16:0x00000000  x6:0xffffffff x25=0x00000000
     317265.000 ns	     31725	80006ae8	00dd9e93	slli	x29,x27,0xd	 x27:0x00000000 x29=0x00000000
     317285.000 ns	     31727	80006aec	02d9c233	div	x4,x19,x13	 x19:0xffffffff x13:0x00000000  x4=0xffffffff
     317315.000 ns	     31730	80006af0	e00f1353	fclass.s	x6,f30	 f30:0xff800000  x6=0x00000001
     317345.000 ns	     31733	80006af4	d00e9d53	fcvt.s.w	f26,x29	 x29:0x00000000 f26=0x00000000
     317365.000 ns	     31735	80006af8	83da9717	auipc	x14,0x83da9	 x14=0x03dafaf8
     317375.000 ns	     31736	80006afc	00000013	addi	x0,x0,0	  x0:0x00000000
     317385.000 ns	     31737	80006b00	01855a93	srli	x21,x10,0x18	 x10:0x00000000 x21=0x00000000
     317395.000 ns	     31738	80006b04	26888f13	addi	x30,x17,616	 x17:0x00000000 x30=0x00000268
     317755.000 ns	     31774	80006b08	0257fab3	remu	x21,x15,x5	 x15:0x00000010  x5:0xf0d585cf x21=0x00000010
     317775.000 ns	     31776	80006b0c	82733b13	sltiu	x22,x6,-2009	  x6:0x00000001 x22=0x00000001
     317785.000 ns	     31777	80006b10	00d43db3	sltu	x27,x8,x13	  x8:0x00000000 x13:0x00000000 x27=0x00000000
     317795.000 ns	     31778	80006b14	1317fc17	auipc	x24,0x1317f	 x24=0x93185b14
     317815.000 ns	     31780	80006b18	c0042ed3	fcvt.w.s	x29,f8	  f8:0xcd72a7a3 x29=0xf0d585d0
     317835.000 ns	     31782	80006b1c	00ff38b3	sltu	x17,x30,x15	 x30:0x00000268 x15:0x00000010 x17=0x00000000
     317855.000 ns	     31784	80006b20	d0117653	fcvt.s.wu	f12,x2	  x2:0x00000200 f12=0x44000000
     317875.000 ns	     31786	80006b24	416cd3b3	sra	x7,x25,x22	 x25:0x00000000 x22:0x00000001  x7=0x00000000
     317885.000 ns	     31787	80006b28	01085333	srl	x6,x16,x16	 x16:0x00000000 x16:0x00000000  x6=0x00000000
     317915.000 ns	     31790	80006b2c	11f88f53	fmul.s	f30,f17,f31	 f17:0x4d72a7a3 f31:0xffc00000 f30=0x7fc00000
     317935.000 ns	     31792	80006b30	00b02d33	slt	x26,x0,x11	  x0:0x00000000 x11:0x00000541 x26=0x00000001
     317945.000 ns	     31793	80006b34	91f62b93	slti	x23,x12,-1761	 x12:0x00000200 x23=0x00000000
     317975.000 ns	     31796	80006b38	580fa6d3	fsqrt.s	f13,f31	 f31:0xffc00000 f13=0x7fc00000
     318005.000 ns	     31799	80006b3c	21ed8353	fsgnj.s	f6,f27,f30	 f27:0x7fc00000 f30:0x7fc00000  f6=0x7fc00000
     318045.000 ns	     31803	80006b40	1171fcd3	fmul.s	f25,f3,f23	  f3:0x7fc00000 f23:0x7fc00000 f25=0x7fc00000
     318075.000 ns	     31806	80006b44	c0087dd3	fcvt.w.s	x27,f16	 f16:0x80000000 x27=0x00000000
     318105.000 ns	     31809	80006b48	213e01d3	fsgnj.s	f3,f28,f19	 f28:0x80000000 f19:0x00000000  f3=0x00000000
     318155.000 ns	     31814	80006b4c	00d67353	fadd.s	f6,f12,f13	 f12:0x44000000 f13:0x7fc00000  f6=0x7fc00000
     318185.000 ns	     31817	80006b50	287892d3	fmax.s	f5,f17,f7	 f17:0x4d72a7a3  f7:0x4e04e300  f5=0x4e04e300
     318205.000 ns	     31819	80006b54	00715e13	srli	x28,x2,0x7	  x2:0x00000200 x28=0x00000004
     318225.000 ns	     31821	80006b58	206590d3	fsgnjn.s	f1,f11,f6	 f11:0x0a0e7c5e  f6:0x7fc00000  f1=0x8a0e7c5e
     318255.000 ns	     31824	80006b5c	023339b3	mulhu	x19,x6,x3	  x6:0x00000000  x3:0xffffffff x19=0x00000000
     318275.000 ns	     31826	80006b60	c123f693	andi	x13,x7,-1006	  x7:0x00000000 x13=0x00000000
     318305.000 ns	     31829	80006b64	193111d3	fdiv.s	f3,f2,f19	  f2:0xcd72a7a3 f19:0x00000000  f3=0xff800000
     318335.000 ns	     31832	80006b68	e00c1c53	fclass.s	x24,f24	 f24:0x7fc00000 x24=0x00000200
     318365.000 ns	     31835	80006b6c	c00770d3	fcvt.w.s	x1,f14	 f14:0xff800000  x1=0x80000000
     318385.000 ns	     31837	80006b70	0125d0b3	srl	x1,x11,x18	 x11:0x00000541 x18:0x00000000  x1=0x00000541
     318405.000 ns	     31839	80006b74	e0090c53	fmv.x.w	x24,f18	 f18:0x7fc00000 x24=0x7fc00000
     318425.000 ns	     31841	80006b78	41858eb3	sub	x29,x11,x24	 x11:0x00000541 x24:0x00000200 x29=0x80400541
     318455.000 ns	     31844	80006b7c	194e4e53	fdiv.s	f28,f28,f20	 f28:0x80000000 f20:0x80000000 f28=0x7fc00000
     318475.000 ns	     31846	80006b80	00befe33	and	x28,x29,x11	 x29:0xf0d585d0 x11:0x00000541 x28=0x00000541
     318495.000 ns	     31848	80006b84	293b0dd3	fmin.s	f27,f22,f19	 f22:0x7fc00000 f19:0x00000000 f27=0x00000000
     318515.000 ns	     31850	80006b88	410b09b3	sub	x19,x22,x16	 x22:0x00000001 x16:0x00000000 x19=0x00000001
     318525.000 ns	     31851	80006b8c	75549097	auipc	x1,0x75549	  x1=0xf554fb8c
     318535.000 ns	     31852	80006b90	0009f533	and	x10,x19,x0	 x19:0x00000000  x0:0x00000000 x10=0x00000000
     318545.000 ns	     31853	80006b94	967b3a93	sltiu	x21,x22,-1689	 x22:0x00000001 x21=0x00000001
     318905.000 ns	     31889	80006b98	036278b3	remu	x17,x4,x22	  x4:0xffffffff x22:0x00000001 x17=0x00000000
     318925.000 ns	     31891	80006b9c	00d41833	sll	x16,x8,x13	  x8:0x00000000 x13:0x00000000 x16=0x00000000
     318935.000 ns	     31892	80006ba0	41b4d7b3	sra	x15,x9,x27	  x9:0x80040fe4 x27:0x00000000 x15=0x80040fe4
     318945.000 ns	     31893	80006ba4	018f2133	slt	x2,x30,x24	 x30:0x00000268 x24:0x7fc00000  x2=0x00000001
     318965.000 ns	     31895	80006ba8	e00e09d3	fmv.x.w	x19,f28	 f28:0x7fc00000 x19=0x7fc00000
     318985.000 ns	     31897	80006bac	41c75d13	srai	x26,x14,0x1c	 x14:0x03dafaf8 x26=0x00000000
     318995.000 ns	     31898	80006bb0	008939b3	sltu	x19,x18,x8	 x18:0x00000000  x8:0x00000000 x19=0x00000000
     319015.000 ns	     31900	80006bb4	d0017053	fcvt.s.w	f0,x2	  x2:0x00000001  f0=0x3f800000
     319045.000 ns	     31903	80006bb8	a1201953	flt.s	x18,f0,f18	  f0:0x7fc00000 f18:0x7fc00000 x18=0x00000000
     319075.000 ns	     31906	80006bbc	a03c19d3	flt.s	x19,f24,f3	 f24:0x7fc00000  f3:0xff800000 x19=0x00000000
     319105.000 ns	     31909	80006bc0	f00205d3	fmv.w.x	f11,x4	  x4:0xffffffff f11=0xffffffff
     319145.000 ns	     31913	80006bc4	5809bdd3	fsqrt.s	f27,f19	 f19:0x00000000 f27=0x00000000
     319175.000 ns	     31916	80006bc8	c018f153	fcvt.wu.s	x2,f17	 f17:0x4d72a7a3  x2=0x0f2a7a30
     319205.000 ns	     31919	80006bcc	e00a93d3	fclass.s	x7,f21	 f21:0x00000000  x7=0x00000010
     319225.000 ns	     31921	80006bd0	1d000b13	addi	x22,x0,464	  x0:0x00000000 x22=0x000001d0
     319245.000 ns	     31923	80006bd4	03e6be33	mulhu	x28,x13,x30	 x13:0x00000000 x30:0x00000268 x28=0x00000000
     319275.000 ns	     31926	80006bd8	29ca05d3	fmin.s	f11,f20,f28	 f20:0x80000000 f28:0x7fc00000 f11=0x80000000
     319295.000 ns	     31928	80006bdc	00000013	addi	x0,x0,0	  x0:0x00000000
     319305.000 ns	     31929	80006be0	2cf5b993	sltiu	x19,x11,719	 x11:0x00000541 x19=0x00000000
     319315.000 ns	     31930	80006be4	4f7f4e93	xori	x29,x30,1271	 x30:0x00000268 x29=0x0000069f
     319325.000 ns	     31931	80006be8	000e43b3	xor	x7,x28,x0	 x28:0x00000000  x0:0x00000000  x7=0x00000000
     319345.000 ns	     31933	80006bec	20eda9d3	fsgnjx.s	f19,f27,f14	 f27:0x00000000 f14:0xff800000 f19=0x80000000
     319365.000 ns	     31935	80006bf0	05a90637	lui	x12,0x5a90	 x12=0x05a90000
     319385.000 ns	     31937	80006bf4	03198233	mul	x4,x19,x17	 x19:0x00000000 x17:0x00000000  x4=0x00000000
     319415.000 ns	     31940	80006bf8	204b2fd3	fsgnjx.s	f31,f22,f4	 f22:0x7fc00000  f4:0x80000000 f31=0xffc00000
     319435.000 ns	     31942	80006bfc	01937db3	and	x27,x6,x25	  x6:0x00000000 x25:0x00000000 x27=0x00000000
     319455.000 ns	     31944	80006c00	e00c1f53	fclass.s	x30,f24	 f24:0x7fc00000 x30=0x00000200
     319475.000 ns	     31946	80006c04	fe77b193	sltiu	x3,x15,-25	 x15:0x80040fe4  x3=0x00000001
     319495.000 ns	     31948	80006c08	291b0d53	fmin.s	f26,f22,f17	 f22:0x7fc00000 f17:0x4d72a7a3 f26=0x4d72a7a3
     319525.000 ns	     31951	80006c0c	03f108b3	mul	x17,x2,x31	  x2:0x0f2a7a30 x31:0x80041024 x17=0xb25c2ec0
     319555.000 ns	     31954	80006c10	20a117d3	fsgnjn.s	f15,f2,f10	  f2:0xcd72a7a3 f10:0x00000000 f15=0xcd72a7a3
     319575.000 ns	     31956	80006c14	22f48413	addi	x8,x9,559	  x9:0x80040fe4  x8=0x80041213
     319595.000 ns	     31958	80006c18	284c1fd3	fmax.s	f31,f24,f4	 f24:0x7fc00000  f4:0x80000000 f31=0x80000000
     319615.000 ns	     31960	80006c1c	dc7de793	ori	x15,x27,-569	 x27:0x00000000 x15=0xfffffdc7
     319635.000 ns	     31962	80006c20	20b11753	fsgnjn.s	f14,f2,f11	  f2:0xcd72a7a3 f11:0x80000000 f14=0x4d72a7a3
     319655.000 ns	     31964	80006c24	00000013	addi	x0,x0,0	  x0:0x00000000
     319695.000 ns	     31968	80006c28	00977853	fadd.s	f16,f14,f9	 f14:0x4d72a7a3  f9:0x7fc00000 f16=0x7fc00000
     319725.000 ns	     31971	80006c2c	d0058b53	fcvt.s.w	f22,x11	 x11:0x00000541 f22=0x44a82000
     319755.000 ns	     31974	80006c30	03169333	mulh	x6,x13,x17	 x13:0x00000000 x17:0xb25c2ec0  x6=0x00000000
     319805.000 ns	     31979	80006c34	00177bd3	fadd.s	f23,f14,f1	 f14:0x4d72a7a3  f1:0x8a0e7c5e f23=0x4d72a7a3
     319835.000 ns	     31982	80006c38	28b208d3	fmin.s	f17,f4,f11	  f4:0x80000000 f11:0x80000000 f17=0x80000000
     319855.000 ns	     31984	80006c3c	002e9a93	slli	x21,x29,0x2	 x29:0x0000069f x21=0x00001a7c
     319885.000 ns	     31987	80006c40	580917d3	fsqrt.s	f15,f18	 f18:0x7fc00000 f15=0x7fc00000
     319915.000 ns	     31990	80006c44	a1151453	flt.s	x8,f10,f17	 f10:0x00000000 f17:0x80000000  x8=0x00000000
     319945.000 ns	     31993	80006c48	e0029553	fclass.s	x10,f5	  f5:0x4e04e300 x10=0x00000040
     319975.000 ns	     31996	80006c4c	d0127ed3	fcvt.s.wu	f29,x4	  x4:0x00000000 f29=0x00000000
     319995.000 ns	     31998	80006c50	f565ce17	auipc	x28,0xf565c	 x28=0x75662c50
     320005.000 ns	     31999	80006c54	8e1eb937	lui	x18,0x8e1eb	 x18=0x8e1eb000
     320015.000 ns	     32000	80006c58	7ff57b93	andi	x23,x10,2047	 x10:0x00000040 x23=0x00000040
     320035.000 ns	     32002	80006c5c	0388b1b3	mulhu	x3,x17,x24	 x17:0xb25c2ec0 x24:0x7fc00000  x3=0x59018054
     320075.000 ns	     32006	80006c60	108f4353	fmul.s	f6,f30,f8	 f30:0x7fc00000  f8:0xcd72a7a3  f6=0x7fc00000
     320095.000 ns	     32008	80006c64	bfea7593	andi	x11,x20,-1026	 x20:0x00000000 x11=0x00000000
     320105.000 ns	     32009	80006c68	21da7613	andi	x12,x20,541	 x20:0x00000000 x12=0x00000000
     320465.000 ns	     32045	80006c6c	038a7033	remu	x0,x20,x24	 x20:0x00000000 x24:0x7fc00000
     320835.000 ns	     32082	80006c70	02965ab3	divu	x21,x12,x9	 x12:0x05a90000  x9:0x80040fe4 x21=0x00000000
     320865.000 ns	     32085	80006c74	a026aad3	feq.s	x21,f13,f2	 f13:0x7fc00000  f2:0xcd72a7a3 x21=0x00000000
     320895.000 ns	     32088	80006c78	0280f133	remu	x2,x1,x8	  x1:0xf554fb8c  x8:0x00000000  x2=0xf554fb8c
     320915.000 ns	     32090	80006c7c	336f1837	lui	x16,0x336f1	 x16=0x336f1000
     320925.000 ns	     32091	80006c80	00000013	addi	x0,x0,0	  x0:0x00000000
     320945.000 ns	     32093	80006c84	03df3d33	mulhu	x26,x30,x29	 x30:0x00000200 x29:0x0000069f x26=0x00000000
     321315.000 ns	     32130	80006c88	03115133	divu	x2,x2,x17	  x2:0xf554fb8c x17:0xb25c2ec0  x2=0x00000001
     321335.000 ns	     32132	80006c8c	5c218593	addi	x11,x3,1474	  x3:0x59018054 x11=0x59018616
     321355.000 ns	     32134	80006c90	e00198d3	fclass.s	x17,f3	  f3:0xff800000 x17=0x00000001
     321385.000 ns	     32137	80006c94	03d32f33	mulhsu	x30,x6,x29	  x6:0x00000000 x29:0x0000069f x30=0x00000000
     321415.000 ns	     32140	80006c98	d0193453	fcvt.s.wu	f8,x18	 x18:0x8e1eb000  f8=0x4f0e1eb0
     321435.000 ns	     32142	80006c9c	0134f3b3	and	x7,x9,x19	  x9:0x80040fe4 x19:0x00000000  x7=0x00000000
     321455.000 ns	     32144	80006ca0	03fcb933	mulhu	x18,x25,x31	 x25:0x00000000 x31:0x80041024 x18=0x00000000
     321475.000 ns	     32146	80006ca4	6a67b193	sltiu	x3,x15,1702	 x15:0xfffffdc7  x3=0x00000000
     321505.000 ns	     32149	80006ca8	102ffdd3	fmul.s	f27,f31,f2	 f31:0x80000000  f2:0xcd72a7a3 f27=0x00000000
     321535.000 ns	     32152	80006cac	29660653	fmin.s	f12,f12,f22	 f12:0x44000000 f22:0x44a82000 f12=0x44000000
     321905.000 ns	     32189	80006cb0	036b57b3	divu	x15,x22,x22	 x22:0x000001d0 x22:0x000001d0 x15=0x00000001
     321935.000 ns	     32192	80006cb4	21ad8fd3	fsgnj.s	f31,f27,f26	 f27:0x00000000 f26:0x4d72a7a3 f31=0x00000000
     321955.000 ns	     32194	80006cb8	001e35b3	sltu	x11,x28,x1	 x28:0x75662c50  x1:0xf554fb8c x11=0x00000001
     321965.000 ns	     32195	80006cbc	1719be17	auipc	x28,0x1719b	 x28=0x971a1cbc
     321975.000 ns	     32196	80006cc0	45218793	addi	x15,x3,1106	  x3:0x00000000 x15=0x00000452
     321995.000 ns	     32198	80006cc4	d0014dd3	fcvt.s.w	f27,x2	  x2:0x00000001 f27=0x3f800000
     322015.000 ns	     32200	80006cc8	80947a13	andi	x20,x8,-2039	  x8:0x00000000 x20=0x00000000
     322035.000 ns	     32202	80006ccc	f00c8953	fmv.w.x	f18,x25	 x25:0x00000000 f18=0x00000000
     322055.000 ns	     32204	80006cd0	00e1d533	srl	x10,x3,x14	  x3:0x00000000 x14:0x03dafaf8 x10=0x00000000
     322075.000 ns	     32206	80006cd4	2131a053	fsgnjx.s	f0,f3,f19	  f3:0xff800000 f19:0x80000000  f0=0x7f800000
     322095.000 ns	     32208	80006cd8	004d1933	sll	x18,x26,x4	 x26:0x00000000  x4:0x00000000 x18=0x00000000
     322115.000 ns	     32210	80006cdc	201cadd3	fsgnjx.s	f27,f25,f1	 f25:0x7fc00000  f1:0x8a0e7c5e f27=0xffc00000
     322145.000 ns	     32213	80006ce0	d008c7d3	fcvt.s.w	f15,x17	 x17:0x00000001 f15=0x3f800000
     322165.000 ns	     32215	80006ce4	011f9b93	slli	x23,x31,0x11	 x31:0x80041024 x23=0x20480000
     322185.000 ns	     32217	80006ce8	d0087b53	fcvt.s.w	f22,x16	 x16:0x336f1000 f22=0x4e4dbc40
     322205.000 ns	     32219	80006cec	006ba333	slt	x6,x23,x6	 x23:0x00000040  x6:0x00000000  x6=0x00000000
     322215.000 ns	     32220	80006cf0	fa288e17	auipc	x28,0xfa288	 x28=0x7a28ecf0
     322235.000 ns	     32222	80006cf4	28450353	fmin.s	f6,f10,f4	 f10:0x00000000  f4:0x80000000  f6=0x80000000
     322255.000 ns	     32224	80006cf8	005600b3	add	x1,x12,x5	 x12:0x00000000  x5:0xf0d585cf  x1=0xf0d585cf
     322265.000 ns	     32225	80006cfc	00be06b3	add	x13,x28,x11	 x28:0x7a28ecf0 x11:0x00000001 x13=0x7a28ecf1
     322275.000 ns	     32226	80006d00	4105d1b3	sra	x3,x11,x16	 x11:0x00000001 x16:0x336f1000  x3=0x00000001
     322295.000 ns	     32228	80006d04	20e092d3	fsgnjn.s	f5,f1,f14	  f1:0x8a0e7c5e f14:0x4d72a7a3  f5=0x8a0e7c5e
     322325.000 ns	     32231	80006d08	a114a5d3	feq.s	x11,f9,f17	  f9:0x7fc00000 f17:0x80000000 x11=0x00000000
     322345.000 ns	     32233	80006d0c	00fa1693	slli	x13,x20,0xf	 x20:0x00000000 x13=0x00000000
     322355.000 ns	     32234	80006d10	0069a3b3	slt	x7,x19,x6	 x19:0x00000000  x6:0x00000000  x7=0x00000000
     322375.000 ns	     32236	80006d14	202494d3	fsgnjn.s	f9,f9,f2	  f9:0x7fc00000  f2:0xcd72a7a3  f9=0x7fc00000
     322395.000 ns	     32238	80006d18	006fb0b3	sltu	x1,x31,x6	 x31:0x80041024  x6:0x00000000  x1=0x00000000
     322415.000 ns	     32240	80006d1c	024fcb33	div	x22,x31,x4	 x31:0x80041024  x4:0x00000000 x22=0xffffffff
     322445.000 ns	     32243	80006d20	e0019ad3	fclass.s	x21,f3	  f3:0xff800000 x21=0x00000001
     322475.000 ns	     32246	80006d24	d01efb53	fcvt.s.wu	f22,x29	 x29:0x0000069f f22=0x44d3e000
     322495.000 ns	     32248	80006d28	003e0133	add	x2,x28,x3	 x28:0x7a28ecf0  x3:0x00000001  x2=0x7a28ecf1
     322515.000 ns	     32250	80006d2c	20962f53	fsgnjx.s	f30,f12,f9	 f12:0x44000000  f9:0x7fc00000 f30=0x44000000
     322535.000 ns	     32252	80006d30	01b767b3	or	x15,x14,x27	 x14:0x03dafaf8 x27:0x00000000 x15=0x03dafaf8
     322555.000 ns	     32254	80006d34	2186af53	fsgnjx.s	f30,f13,f24	 f13:0x7fc00000 f24:0x7fc00000 f30=0x7fc00000
     322585.000 ns	     32257	80006d38	037d23b3	mulhsu	x7,x26,x23	 x26:0x00000000 x23:0x20480000  x7=0x00000000
     322615.000 ns	     32260	80006d3c	03465033	divu	x0,x12,x20	 x12:0x00000000 x20:0x00000000
     322645.000 ns	     32263	80006d40	c01c79d3	fcvt.wu.s	x19,f24	 f24:0x7fc00000 x19=0xffffffff
     322665.000 ns	     32265	80006d44	00000013	addi	x0,x0,0	  x0:0x00000000
     322675.000 ns	     32266	80006d48	ac6af413	andi	x8,x21,-1338	 x21:0x00000001  x8=0x00000000
     322685.000 ns	     32267	80006d4c	1fe63a37	lui	x20,0x1fe63	 x20=0x1fe63000
     322705.000 ns	     32269	80006d50	02e72b33	mulhsu	x22,x14,x14	 x14:0x03dafaf8 x14:0x03dafaf8 x22=0x000edd32
     322735.000 ns	     32272	80006d54	026d37b3	mulhu	x15,x26,x6	 x26:0x00000000  x6:0x00000000 x15=0x00000000
     322775.000 ns	     32276	80006d58	580a29d3	fsqrt.s	f19,f20	 f20:0x80000000 f19=0x80000000
     322805.000 ns	     32279	80006d5c	03c38cb3	mul	x25,x7,x28	  x7:0x00000000 x28:0x7a28ecf0 x25=0x00000000
     322825.000 ns	     32281	80006d60	41f45bb3	sra	x23,x8,x31	  x8:0x00000000 x31:0x80041024 x23=0x00000000
     323155.000 ns	     32314	80006d64	1977f853	fdiv.s	f16,f15,f23	 f15:0x3f800000 f23:0x4d72a7a3 f16=0x31800000
     323185.000 ns	     32317	80006d68	20d92953	fsgnjx.s	f18,f18,f13	 f18:0x00000000 f13:0x7fc00000 f18=0x00000000
     323215.000 ns	     32320	80006d6c	a14210d3	flt.s	x1,f4,f20	  f4:0x80000000 f20:0x80000000  x1=0x00000000
     323255.000 ns	     32324	80006d70	114918d3	fmul.s	f17,f18,f20	 f18:0x00000000 f20:0x80000000 f17=0x80000000
     323285.000 ns	     32327	80006d74	02b6d1b3	divu	x3,x13,x11	 x13:0x00000000 x11:0x00000000  x3=0xffffffff
     323325.000 ns	     32331	80006d78	58008bd3	fsqrt.s	f23,f1	  f1:0x8a0e7c5e f23=0x7fc00000
     323345.000 ns	     32333	80006d7c	008709b3	add	x19,x14,x8	 x14:0x03dafaf8  x8:0x00000000 x19=0x03dafaf8
     323365.000 ns	     32335	80006d80	03f51d33	mulh	x26,x10,x31	 x10:0x00000000 x31:0x80041024 x26=0x00000000
     323385.000 ns	     32337	80006d84	0b08d0b7	lui	x1,0xb08d	  x1=0x0b08d000
     323395.000 ns	     32338	80006d88	01325a33	srl	x20,x4,x19	  x4:0x00000000 x19:0x03dafaf8 x20=0x00000000
     323415.000 ns	     32340	80006d8c	20ef0fd3	fsgnj.s	f31,f30,f14	 f30:0x7fc00000 f14:0x4d72a7a3 f31=0x7fc00000
     323445.000 ns	     32343	80006d90	20f6afd3	fsgnjx.s	f31,f13,f15	 f13:0x7fc00000 f15:0x3f800000 f31=0x7fc00000
     323485.000 ns	     32347	80006d94	182a7253	fdiv.s	f4,f20,f2	 f20:0x80000000  f2:0xcd72a7a3  f4=0x00000000
     323505.000 ns	     32349	80006d98	41058033	sub	x0,x11,x16	 x11:0x00000000 x16:0x336f1000
     323525.000 ns	     32351	80006d9c	02b01f33	mulh	x30,x0,x11	  x0:0x00000000 x11:0x00000000 x30=0x00000000
     323545.000 ns	     32353	80006da0	01495933	srl	x18,x18,x20	 x18:0x00000000 x20:0x00000000 x18=0x00000000
     323565.000 ns	     32355	80006da4	03d928b3	mulhsu	x17,x18,x29	 x18:0x00000000 x29:0x0000069f x17=0x00000000
     323585.000 ns	     32357	80006da8	00000013	addi	x0,x0,0	  x0:0x00000000
     323595.000 ns	     32358	80006dac	33895b17	auipc	x22,0x33895	 x22=0xb389bdac
     323615.000 ns	     32360	80006db0	03c023b3	mulhsu	x7,x0,x28	  x0:0x00000000 x28:0x7a28ecf0  x7=0x00000000
     323635.000 ns	     32362	80006db4	00235d13	srli	x26,x6,0x2	  x6:0x00000000 x26=0x00000000
     323655.000 ns	     32364	80006db8	e00b9153	fclass.s	x2,f23	 f23:0x7fc00000  x2=0x00000200
     323675.000 ns	     32366	80006dbc	9b6d4b93	xori	x23,x26,-1610	 x26:0x00000000 x23=0xfffff9b6
     323695.000 ns	     32368	80006dc0	c0177353	fcvt.wu.s	x6,f14	 f14:0x4d72a7a3  x6=0x0f2a7a30
     323745.000 ns	     32373	80006dc4	098b7753	fsub.s	f14,f22,f24	 f22:0x44d3e000 f24:0x7fc00000 f14=0x7fc00000
     323765.000 ns	     32375	80006dc8	00b7d833	srl	x16,x15,x11	 x15:0x00000000 x11:0x00000000 x16=0x00000000
     323775.000 ns	     32376	80006dcc	009b5713	srli	x14,x22,0x9	 x22:0xb389bdac x14=0x0059c4de
     324135.000 ns	     32412	80006dd0	03c946b3	div	x13,x18,x28	 x18:0x00000000 x28:0x7a28ecf0 x13=0x00000000
     324165.000 ns	     32415	80006dd4	f00b8ed3	fmv.w.x	f29,x23	 x23:0xfffff9b6 f29=0xfffff9b6
     324185.000 ns	     32417	80006dd8	2a10c693	xori	x13,x1,673	  x1:0x0b08d000 x13=0x0b08d2a1
     324545.000 ns	     32453	80006ddc	03cfc3b3	div	x7,x31,x28	 x31:0x80041024 x28:0x7a28ecf0  x7=0xffffffff
     324565.000 ns	     32455	80006de0	bc0c2693	slti	x13,x24,-1088	 x24:0x7fc00000 x13=0x00000000
     324585.000 ns	     32457	80006de4	f00b84d3	fmv.w.x	f9,x23	 x23:0xfffff9b6  f9=0xfffff9b6
     324605.000 ns	     32459	80006de8	013c5393	srli	x7,x24,0x13	 x24:0x7fc00000  x7=0x00000ff8
     324625.000 ns	     32461	80006dec	e00798d3	fclass.s	x17,f15	 f15:0x3f800000 x17=0x00000040
     324655.000 ns	     32464	80006df0	02d5f633	remu	x12,x11,x13	 x11:0x00000000 x13:0x00000000 x12=0x00000000
     325025.000 ns	     32501	80006df4	0355d433	divu	x8,x11,x21	 x11:0x00000000 x21:0x00000001  x8=0x00000000
     325055.000 ns	     32504	80006df8	d00aa1d3	fcvt.s.w	f3,x21	 x21:0x00000001  f3=0x3f800000
     325425.000 ns	     32541	80006dfc	033df8b3	remu	x17,x27,x19	 x27:0x00000000 x19:0x03dafaf8 x17=0x00000000
     325455.000 ns	     32544	80006e00	21918453	fsgnj.s	f8,f3,f25	  f3:0x3f800000 f25:0x7fc00000  f8=0x3f800000
     325475.000 ns	     32546	80006e04	011421b3	slt	x3,x8,x17	  x8:0x00000000 x17:0x00000000  x3=0x00000000
     325495.000 ns	     32548	80006e08	02d0e633	rem	x12,x1,x13	  x1:0x0b08d000 x13:0x00000000 x12=0x0b08d000
     326675.000 ns	     32666	80006e0c	58067ed3	fsqrt.s	f29,f12	 f12:0x44000000 f29=0x41350482
     326695.000 ns	     32668	80006e10	000abeb3	sltu	x29,x21,x0	 x21:0x00000001  x0:0x00000000 x29=0x00000000
     326705.000 ns	     32669	80006e14	002793b3	sll	x7,x15,x2	 x15:0x00000000  x2:0x00000200  x7=0x00000000
     326715.000 ns	     32670	80006e18	0049f133	and	x2,x19,x4	 x19:0x03dafaf8  x4:0x00000000  x2=0x00000000
     326725.000 ns	     32671	80006e1c	70e5f213	andi	x4,x11,1806	 x11:0x00000000  x4=0x00000000
     326735.000 ns	     32672	80006e20	6aaa8893	addi	x17,x21,1706	 x21:0x00000001 x17=0x000006ab
     326755.000 ns	     32674	80006e24	c0167d53	fcvt.wu.s	x26,f12	 f12:0x44000000 x26=0x00000200
     326775.000 ns	     32676	80006e28	afbbe037	lui	x0,0xafbbe	
     326785.000 ns	     32677	80006e2c	90da3e13	sltiu	x28,x20,-1779	 x20:0x00000000 x28=0x00000001
     326795.000 ns	     32678	80006e30	01d49193	slli	x3,x9,0x1d	  x9:0x80040fe4  x3=0x80000000
     326815.000 ns	     32680	80006e34	d00cf2d3	fcvt.s.w	f5,x25	 x25:0x00000000  f5=0x00000000
     326855.000 ns	     32684	80006e38	18f6a953	fdiv.s	f18,f13,f15	 f13:0x7fc00000 f15:0x3f800000 f18=0x7fc00000
     326885.000 ns	     32687	80006e3c	c0197153	fcvt.wu.s	x2,f18	 f18:0x00000000  x2=0xffffffff
     327255.000 ns	     32724	80006e40	021fe133	rem	x2,x31,x1	 x31:0x80041024  x1:0x0b08d000  x2=0xf9650024
     327275.000 ns	     32726	80006e44	018a9b33	sll	x22,x21,x24	 x21:0x00000001 x24:0x7fc00000 x22=0x00000001
     327295.000 ns	     32728	80006e48	a04217d3	flt.s	x15,f4,f4	  f4:0x00000000  f4:0x00000000 x15=0x00000000
     327315.000 ns	     32730	80006e4c	0cda7c93	andi	x25,x20,205	 x20:0x00000000 x25=0x00000000
     327335.000 ns	     32732	80006e50	c006b9d3	fcvt.w.s	x19,f13	 f13:0x7fc00000 x19=0x7fffffff
     327365.000 ns	     32735	80006e54	20e19753	fsgnjn.s	f14,f3,f14	  f3:0x3f800000 f14:0x7fc00000 f14=0xbf800000
     327385.000 ns	     32737	80006e58	cf62c013	xori	x0,x5,-778	  x5:0xf0d585cf
     327405.000 ns	     32739	80006e5c	208f93d3	fsgnjn.s	f7,f31,f8	 f31:0x7fc00000  f8:0x3f800000  f7=0xffc00000
     327435.000 ns	     32742	80006e60	e0081753	fclass.s	x14,f16	 f16:0x31800000 x14=0x00000040
     327465.000 ns	     32745	80006e64	21e2a3d3	fsgnjx.s	f7,f5,f30	  f5:0x00000000 f30:0x7fc00000  f7=0x00000000
     327495.000 ns	     32748	80006e68	d00379d3	fcvt.s.w	f19,x6	  x6:0x0f2a7a30 f19=0x4d72a7a3
     327515.000 ns	     32750	80006e6c	01d79133	sll	x2,x15,x29	 x15:0x00000000 x29:0x00000000  x2=0x00000000
     327525.000 ns	     32751	80006e70	a002a213	slti	x4,x5,-1536	  x5:0xf0d585cf  x4=0x00000001
     327535.000 ns	     32752	80006e74	01458bb3	add	x23,x11,x20	 x11:0x00000000 x20:0x00000000 x23=0x00000000
     327555.000 ns	     32754	80006e78	21ae9353	fsgnjn.s	f6,f29,f26	 f29:0x41350482 f26:0x4d72a7a3  f6=0xc1350482
     327925.000 ns	     32791	80006e7c	038ef9b3	remu	x19,x29,x24	 x29:0x00000000 x24:0x7fc00000 x19=0x00000000
     327945.000 ns	     32793	80006e80	01a53033	sltu	x0,x10,x26	 x10:0x00000000 x26:0x00000200
     327955.000 ns	     32794	80006e84	78b03697	auipc	x13,0x78b03	 x13=0xf8b09e84
     327985.000 ns	     32797	80006e88	58077653	fsqrt.s	f12,f14	 f14:0xbf800000 f12=0x7fc00000
     328005.000 ns	     32799	80006e8c	0cc0d397	auipc	x7,0xcc0d	  x7=0x8cc13e8c
     328025.000 ns	     32801	80006e90	289c07d3	fmin.s	f15,f24,f9	 f24:0x7fc00000  f9:0xfffff9b6 f15=0x7fc00000
     328045.000 ns	     32803	80006e94	723aeb13	ori	x22,x21,1827	 x21:0x00000001 x22=0x00000723
     328055.000 ns	     32804	80006e98	00000013	addi	x0,x0,0	  x0:0x00000000
     328075.000 ns	     32806	80006e9c	03fd0eb3	mul	x29,x26,x31	 x26:0x00000200 x31:0x80041024 x29=0x08204800
     328095.000 ns	     32808	80006ea0	33804037	lui	x0,0x33804	
     328105.000 ns	     32809	80006ea4	01c08d33	add	x26,x1,x28	  x1:0x0b08d000 x28:0x00000001 x26=0x0b08d001
     328125.000 ns	     32811	80006ea8	c01479d3	fcvt.wu.s	x19,f8	  f8:0x3f800000 x19=0x00000001
     328155.000 ns	     32814	80006eac	e00208d3	fmv.x.w	x17,f4	  f4:0x00000000 x17=0x00000000
     328175.000 ns	     32816	80006eb0	e0f97893	andi	x17,x18,-497	 x18:0x00000000 x17=0x00000000
     328185.000 ns	     32817	80006eb4	0142b333	sltu	x6,x5,x20	  x5:0xf0d585cf x20:0x00000000  x6=0x00000000
     328205.000 ns	     32819	80006eb8	c01ffc53	fcvt.wu.s	x24,f31	 f31:0x7fc00000 x24=0xffffffff
     328225.000 ns	     32821	80006ebc	00904133	xor	x2,x0,x9	  x0:0x00000000  x9:0x80040fe4  x2=0x80040fe4
     328235.000 ns	     32822	80006ec0	001fac33	slt	x24,x31,x1	 x31:0x80041024  x1:0x0b08d000 x24=0x00000001
     328595.000 ns	     32858	80006ec4	035a7733	remu	x14,x20,x21	 x20:0x00000000 x21:0x00000001 x14=0x00000000
     328625.000 ns	     32861	80006ec8	28e08553	fmin.s	f10,f1,f14	  f1:0x8a0e7c5e f14:0xbf800000 f10=0xbf800000
     328645.000 ns	     32863	80006ecc	014dba33	sltu	x20,x27,x20	 x27:0x00000000 x20:0x00000000 x20=0x00000000
     328655.000 ns	     32864	80006ed0	00e45333	srl	x6,x8,x14	  x8:0x00000000 x14:0x00000000  x6=0x00000000
     328675.000 ns	     32866	80006ed4	c0017953	fcvt.w.s	x18,f2	  f2:0xcd72a7a3 x18=0x0f2a7a30
     328715.000 ns	     32870	80006ed8	198d7353	fdiv.s	f6,f26,f24	 f26:0x4d72a7a3 f24:0x7fc00000  f6=0x7fc00000
     328745.000 ns	     32873	80006edc	a14293d3	flt.s	x7,f5,f20	  f5:0x00000000 f20:0x80000000  x7=0x00000000
     328775.000 ns	     32876	80006ee0	280509d3	fmin.s	f19,f10,f0	 f10:0xbf800000  f0:0x7f800000 f19=0xbf800000
     328795.000 ns	     32878	80006ee4	596e8313	addi	x6,x29,1430	 x29:0x08204800  x6=0x08204d96
     328805.000 ns	     32879	80006ee8	01c18233	add	x4,x3,x28	  x3:0x80000000 x28:0x00000001  x4=0x80000001
     328815.000 ns	     32880	80006eec	005b8f33	add	x30,x23,x5	 x23:0x00000000  x5:0xf0d585cf x30=0xf0d585cf
     328825.000 ns	     32881	80006ef0	31cdc093	xori	x1,x27,796	 x27:0x00000000  x1=0x0000031c
     328845.000 ns	     32883	80006ef4	c00379d3	fcvt.w.s	x19,f6	  f6:0x7fc00000 x19=0x7fffffff
     328865.000 ns	     32885	80006ef8	41195313	srai	x6,x18,0x11	 x18:0x0f2a7a30  x6=0x00000795
     328885.000 ns	     32887	80006efc	c012fed3	fcvt.wu.s	x29,f5	  f5:0x00000000 x29=0x00000000
     328905.000 ns	     32889	80006f00	419d00b3	sub	x1,x26,x25	 x26:0x0b08d001 x25:0x00000000  x1=0x0b08d001
     328915.000 ns	     32890	80006f04	40968733	sub	x14,x13,x9	 x13:0xf8b09e84  x9:0x80040fe4 x14=0x78ac8ea0
     328925.000 ns	     32891	80006f08	00dd9513	slli	x10,x27,0xd	 x27:0x00000000 x10=0x00000000
     328945.000 ns	     32893	80006f0c	a1cfa553	feq.s	x10,f31,f28	 f31:0x7fc00000 f28:0x7fc00000 x10=0x00000000
     328975.000 ns	     32896	80006f10	e00d9953	fclass.s	x18,f27	 f27:0xffc00000 x18=0x00000200
     329345.000 ns	     32933	80006f14	0297ef33	rem	x30,x15,x9	 x15:0x00000000  x9:0x80040fe4 x30=0x00000000
     329365.000 ns	     32935	80006f18	11239097	auipc	x1,0x11239	  x1=0x9123ff18
     329375.000 ns	     32936	80006f1c	01caaeb3	slt	x29,x21,x28	 x21:0x00000001 x28:0x00000001 x29=0x00000000
     329395.000 ns	     32938	80006f20	e00717d3	fclass.s	x15,f14	 f14:0xbf800000 x15=0x00000002
     329425.000 ns	     32941	80006f24	d016a1d3	fcvt.s.wu	f3,x13	 x13:0xf8b09e84  f3=0x4f78b09f
     329455.000 ns	     32944	80006f28	0202d8b3	divu	x17,x5,x0	  x5:0xf0d585cf  x0:0x00000000 x17=0xffffffff
     329495.000 ns	     32948	80006f2c	5808f953	fsqrt.s	f18,f17	 f17:0x80000000 f18=0x80000000
     329515.000 ns	     32950	80006f30	012d80b3	add	x1,x27,x18	 x27:0x00000000 x18:0x00000200  x1=0x00000200
     329525.000 ns	     32951	80006f34	00a63033	sltu	x0,x12,x10	 x12:0x0b08d000 x10:0x00000000
     329535.000 ns	     32952	80006f38	0025c1b3	xor	x3,x11,x2	 x11:0x00000000  x2:0x80040fe4  x3=0x80040fe4
     329545.000 ns	     32953	80006f3c	01ec5f13	srli	x30,x24,0x1e	 x24:0x00000001 x30=0x00000000
     329555.000 ns	     32954	80006f40	41ef5893	srai	x17,x30,0x1e	 x30:0x00000000 x17=0x00000000
     329575.000 ns	     32956	80006f44	02d1b733	mulhu	x14,x3,x13	  x3:0x80040fe4 x13:0xf8b09e84 x14=0x7c5c4174
     329595.000 ns	     32958	80006f48	0110ceb3	xor	x29,x1,x17	  x1:0x00000200 x17:0xffffffff x29=0x00000200
     329605.000 ns	     32959	80006f4c	283c9cb7	lui	x25,0x283c9	 x25=0x283c9000
     329615.000 ns	     32960	80006f50	4201f613	andi	x12,x3,1056	  x3:0x80040fe4 x12=0x00000420
     329625.000 ns	     32961	80006f54	007b9cb3	sll	x25,x23,x7	 x23:0x00000000  x7:0x00000000 x25=0x00000000
     329635.000 ns	     32962	80006f58	00000013	addi	x0,x0,0	  x0:0x00000000
     329645.000 ns	     32963	80006f5c	00657db3	and	x27,x10,x6	 x10:0x00000000  x6:0x00000795 x27=0x00000000
     329655.000 ns	     32964	80006f60	009a48b3	xor	x17,x20,x9	 x20:0x00000000  x9:0x80040fe4 x17=0x80040fe4
     330015.000 ns	     33000	80006f64	036f7cb3	remu	x25,x30,x22	 x30:0x00000000 x22:0x00000723 x25=0x00000000
     330045.000 ns	     33003	80006f68	288394d3	fmax.s	f9,f7,f8	  f7:0x00000000  f8:0x3f800000  f9=0x3f800000
     330065.000 ns	     33005	80006f6c	403a5913	srai	x18,x20,0x3	 x20:0x00000000 x18=0x00000000
     330075.000 ns	     33006	80006f70	01a1e7b3	or	x15,x3,x26	  x3:0x80040fe4 x26:0x0b08d001 x15=0x8b0cdfe5
     330085.000 ns	     33007	80006f74	01149d93	slli	x27,x9,0x11	  x9:0x80040fe4 x27=0x1fc80000
     330105.000 ns	     33009	80006f78	28ac03d3	fmin.s	f7,f24,f10	 f24:0x7fc00000 f10:0xbf800000  f7=0xbf800000
     330125.000 ns	     33011	80006f7c	40c050b3	sra	x1,x0,x12	  x0:0x00000000 x12:0x00000420  x1=0x00000000
     330145.000 ns	     33013	80006f80	03f21033	mulh	x0,x4,x31	  x4:0x80000001 x31:0x80041024
     330175.000 ns	     33016	80006f84	03a59833	mulh	x16,x11,x26	 x11:0x00000000 x26:0x0b08d001 x16=0x00000000
     330215.000 ns	     33020	80006f88	11187cd3	fmul.s	f25,f16,f17	 f16:0x31800000 f17:0x80000000 f25=0x80000000
     330245.000 ns	     33023	80006f8c	a1f18f53	fle.s	x30,f3,f31	  f3:0x4f78b09f f31:0x7fc00000 x30=0x00000000
     330265.000 ns	     33025	80006f90	01a23eb3	sltu	x29,x4,x26	  x4:0x80000001 x26:0x0b08d001 x29=0x00000000
     330625.000 ns	     33061	80006f94	03acd6b3	divu	x13,x25,x26	 x25:0x00000000 x26:0x0b08d001 x13=0x00000000
     330645.000 ns	     33063	80006f98	fce63413	sltiu	x8,x12,-50	 x12:0x00000420  x8=0x00000001
     330665.000 ns	     33065	80006f9c	a09da353	feq.s	x6,f27,f9	 f27:0xffc00000  f9:0x3f800000  x6=0x00000000
     330695.000 ns	     33068	80006fa0	f00900d3	fmv.w.x	f1,x18	 x18:0x00000000  f1=0x00000000
     330745.000 ns	     33073	80006fa4	00f87353	fadd.s	f6,f16,f15	 f16:0x31800000 f15:0x7fc00000  f6=0x7fc00000
     330775.000 ns	     33076	80006fa8	020e61b3	rem	x3,x28,x0	 x28:0x00000001  x0:0x00000000  x3=0x00000001
     330805.000 ns	     33079	80006fac	28f78e53	fmin.s	f28,f15,f15	 f15:0x7fc00000 f15:0x7fc00000 f28=0x7fc00000
     330835.000 ns	     33082	80006fb0	a19506d3	fle.s	x13,f10,f25	 f10:0xbf800000 f25:0x80000000 x13=0x00000001
     330855.000 ns	     33084	80006fb4	d86e4613	xori	x12,x28,-634	 x28:0x00000001 x12=0xfffffd87
     330865.000 ns	     33085	80006fb8	00000013	addi	x0,x0,0	  x0:0x00000000
     330885.000 ns	     33087	80006fbc	e00f0f53	fmv.x.w	x30,f30	 f30:0x7fc00000 x30=0x7fc00000
     330905.000 ns	     33089	80006fc0	016fa633	slt	x12,x31,x22	 x31:0x80041024 x22:0x00000723 x12=0x00000001
     330925.000 ns	     33091	80006fc4	289418d3	fmax.s	f17,f8,f9	  f8:0x3f800000  f9:0x3f800000 f17=0x3f800000
     330945.000 ns	     33093	80006fc8	dd480637	lui	x12,0xdd480	 x12=0xdd480000
     330965.000 ns	     33095	80006fcc	c0011a53	fcvt.w.s	x20,f2	  f2:0xcd72a7a3 x20=0xf0d585d0
     330985.000 ns	     33097	80006fd0	01f4f1b3	and	x3,x9,x31	  x9:0x80040fe4 x31:0x80041024  x3=0x80040024
     331005.000 ns	     33099	80006fd4	02b84833	div	x16,x16,x11	 x16:0x00000000 x11:0x00000000 x16=0xffffffff
     331375.000 ns	     33136	80006fd8	03afddb3	divu	x27,x31,x26	 x31:0x80041024 x26:0x0b08d001 x27=0x0000000b
     331405.000 ns	     33139	80006fdc	a03c23d3	feq.s	x7,f24,f3	 f24:0x7fc00000  f3:0x4f78b09f  x7=0x00000000
     331435.000 ns	     33142	80006fe0	d005f0d3	fcvt.s.w	f1,x11	 x11:0x00000000  f1=0x00000000
     331455.000 ns	     33144	80006fe4	34597a13	andi	x20,x18,837	 x18:0x00000000 x20=0x00000000
     331475.000 ns	     33146	80006fe8	03120133	mul	x2,x4,x17	  x4:0x80000001 x17:0x80040fe4  x2=0x80040fe4
     331495.000 ns	     33148	80006fec	010a5b93	srli	x23,x20,0x10	 x20:0xf0d585d0 x23=0x00000000
     331505.000 ns	     33149	80006ff0	004af8b3	and	x17,x21,x4	 x21:0x00000001  x4:0x80000001 x17=0x00000001
     331515.000 ns	     33150	80006ff4	0032b033	sltu	x0,x5,x3	  x5:0xf0d585cf  x3:0x80040024
     331525.000 ns	     33151	80006ff8	2d25b913	sltiu	x18,x11,722	 x11:0x00000000 x18=0x00000001
     331545.000 ns	     33153	80006ffc	f0038b53	fmv.w.x	f22,x7	  x7:0x00000000 f22=0x00000000
     331915.000 ns	     33190	80007000	024e4533	div	x10,x28,x4	 x28:0x00000001  x4:0x80000001 x10=0x00000000
     331945.000 ns	     33193	80007004	21e89f53	fsgnjn.s	f30,f17,f30	 f17:0x3f800000 f30:0x7fc00000 f30=0xbf800000
     331965.000 ns	     33195	80007008	fe333417	auipc	x8,0xfe333	  x8=0x7e33a008
     333135.000 ns	     33312	8000700c	580875d3	fsqrt.s	f11,f16	 f16:0x31800000 f11=0x37ffffae
     333155.000 ns	     33314	80007010	01650033	add	x0,x10,x22	 x10:0x00000000 x22:0x00000723
     333175.000 ns	     33316	80007014	29881953	fmax.s	f18,f16,f24	 f16:0x31800000 f24:0x7fc00000 f18=0x31800000
     333205.000 ns	     33319	80007018	d0177153	fcvt.s.wu	f2,x14	 x14:0x7c5c4174  f2=0x4ef8b882
     333225.000 ns	     33321	8000701c	00cfb633	sltu	x12,x31,x12	 x31:0x80041024 x12:0xdd480000 x12=0x00000001
     333245.000 ns	     33323	80007020	a12a29d3	feq.s	x19,f20,f18	 f20:0x80000000 f18:0x31800000 x19=0x00000000
     333265.000 ns	     33325	80007024	dc717713	andi	x14,x2,-569	  x2:0x80040fe4 x14=0x80040dc4
     333305.000 ns	     33329	80007028	09ac71d3	fsub.s	f3,f24,f26	 f24:0x7fc00000 f26:0x4d72a7a3  f3=0x7fc00000
     333325.000 ns	     33331	8000702c	003d5913	srli	x18,x26,0x3	 x26:0x0b08d001 x18=0x01611a00
     333355.000 ns	     33334	80007030	10462fd3	fmul.s	f31,f12,f4	 f12:0x7fc00000  f4:0x00000000 f31=0x7fc00000
     333405.000 ns	     33339	80007034	082bf6d3	fsub.s	f13,f23,f2	 f23:0x7fc00000  f2:0x4ef8b882 f13=0x7fc00000
     333425.000 ns	     33341	80007038	00641f13	slli	x30,x8,0x6	  x8:0x7e33a008 x30=0x8ce80200
     333435.000 ns	     33342	8000703c	004e2033	slt	x0,x28,x4	 x28:0x00000001  x4:0x80000001
     333445.000 ns	     33343	80007040	d10de793	ori	x15,x27,-752	 x27:0x0000000b x15=0xfffffd1b
     333455.000 ns	     33344	80007044	a08a8613	addi	x12,x21,-1528	 x21:0x00000001 x12=0xfffffa09
     333475.000 ns	     33346	80007048	28bb06d3	fmin.s	f13,f22,f11	 f22:0x00000000 f11:0x37ffffae f13=0x00000000
     333505.000 ns	     33349	8000704c	210ea4d3	fsgnjx.s	f9,f29,f16	 f29:0x41350482 f16:0x31800000  f9=0x41350482
     333525.000 ns	     33351	80007050	00aaddb3	srl	x27,x21,x10	 x21:0x00000001 x10:0x00000000 x27=0x00000001
     333545.000 ns	     33353	80007054	03cd0bb3	mul	x23,x26,x28	 x26:0x0b08d001 x28:0x00000001 x23=0x0b08d001
     333575.000 ns	     33356	80007058	0330f7b3	remu	x15,x1,x19	  x1:0x00000000 x19:0x00000000 x15=0x00000000
     333605.000 ns	     33359	8000705c	21ba8f53	fsgnj.s	f30,f21,f27	 f21:0x00000000 f27:0xffc00000 f30=0x80000000
     333625.000 ns	     33361	80007060	480b0113	addi	x2,x22,1152	 x22:0x00000723  x2=0x00000ba3
     333645.000 ns	     33363	80007064	c00efdd3	fcvt.w.s	x27,f29	 f29:0x41350482 x27=0x0000000b
     333675.000 ns	     33366	80007068	0337dab3	divu	x21,x15,x19	 x15:0x00000000 x19:0x00000000 x21=0xffffffff
     333695.000 ns	     33368	8000706c	0005c133	xor	x2,x11,x0	 x11:0x00000000  x0:0x00000000  x2=0x00000000
     333705.000 ns	     33369	80007070	01cce033	or	x0,x25,x28	 x25:0x00000000 x28:0x00000001
     333715.000 ns	     33370	80007074	014aa3b3	slt	x7,x21,x20	 x21:0xffffffff x20:0x00000000  x7=0x00000001
     334075.000 ns	     33406	80007078	031e6a33	rem	x20,x28,x17	 x28:0x00000001 x17:0x00000001 x20=0x00000000
     334095.000 ns	     33408	8000707c	00beb633	sltu	x12,x29,x11	 x29:0x00000000 x11:0x00000000 x12=0x00000000
     334115.000 ns	     33410	80007080	d001a2d3	fcvt.s.w	f5,x3	  x3:0x80040024  f5=0xcefff800
     334135.000 ns	     33412	80007084	00931793	slli	x15,x6,0x9	  x6:0x00000000 x15=0x00000000
     334155.000 ns	     33414	80007088	022b67b3	rem	x15,x22,x2	 x22:0x00000723  x2:0x00000000 x15=0x00000723
     334175.000 ns	     33416	8000708c	7c4bf717	auipc	x14,0x7c4bf	 x14=0xfc4c608c
     334185.000 ns	     33417	80007090	40d0df13	srai	x30,x1,0xd	  x1:0x00000000 x30=0x00000000
     334205.000 ns	     33419	80007094	c00bf253	fcvt.w.s	x4,f23	 f23:0x7fc00000  x4=0x7fffffff
     334235.000 ns	     33422	80007098	2052aed3	fsgnjx.s	f29,f5,f5	  f5:0xcefff800  f5:0xcefff800 f29=0x4efff800
     334265.000 ns	     33425	8000709c	29450153	fmin.s	f2,f10,f20	 f10:0xbf800000 f20:0x80000000  f2=0xbf800000
     334285.000 ns	     33427	800070a0	e12e7a13	andi	x20,x28,-494	 x28:0x00000001 x20=0x00000000
     334305.000 ns	     33429	800070a4	d00e0d53	fcvt.s.w	f26,x28	 x28:0x00000001 f26=0x3f800000
     334335.000 ns	     33432	800070a8	c01c70d3	fcvt.wu.s	x1,f24	 f24:0x7fc00000  x1=0xffffffff
     334365.000 ns	     33435	800070ac	e0069653	fclass.s	x12,f13	 f13:0x00000000 x12=0x00000010
     334405.000 ns	     33439	800070b0	5803fe53	fsqrt.s	f28,f7	  f7:0xbf800000 f28=0x7fc00000
     334425.000 ns	     33441	800070b4	4de6ae13	slti	x28,x13,1246	 x13:0x00000001 x28=0x00000001
     334445.000 ns	     33443	800070b8	02e015b3	mulh	x11,x0,x14	  x0:0x00000000 x14:0xfc4c608c x11=0x00000000
     334475.000 ns	     33446	800070bc	c0113953	fcvt.wu.s	x18,f2	  f2:0xbf800000 x18=0x00000001
     334495.000 ns	     33448	800070c0	01135313	srli	x6,x6,0x11	  x6:0x00000000  x6=0x00000000
     334505.000 ns	     33449	800070c4	004ef3b3	and	x7,x29,x4	 x29:0x00000000  x4:0x7fffffff  x7=0x00000000
     334515.000 ns	     33450	800070c8	00d8d7b3	srl	x15,x17,x13	 x17:0x00000001 x13:0x00000001 x15=0x00000000
     334525.000 ns	     33451	800070cc	59a0a413	slti	x8,x1,1434	  x1:0xffffffff  x8=0x00000001
     334545.000 ns	     33453	800070d0	285606d3	fmin.s	f13,f12,f5	 f12:0x7fc00000  f5:0xcefff800 f13=0xcefff800
     334575.000 ns	     33456	800070d4	20880cd3	fsgnj.s	f25,f16,f8	 f16:0x31800000  f8:0x3f800000 f25=0x31800000
     334595.000 ns	     33458	800070d8	00521833	sll	x16,x4,x5	  x4:0x7fffffff  x5:0xf0d585cf x16=0xffff8000
     334615.000 ns	     33460	800070dc	03fb27b3	mulhsu	x15,x22,x31	 x22:0x00000723 x31:0x80041024 x15=0x00000391
     334645.000 ns	     33463	800070e0	02e6ae33	mulhsu	x28,x13,x14	 x13:0x00000001 x14:0xfc4c608c x28=0x00000000
     334665.000 ns	     33465	800070e4	001767b3	or	x15,x14,x1	 x14:0xfc4c608c  x1:0xffffffff x15=0xffffffff
     334685.000 ns	     33467	800070e8	29258653	fmin.s	f12,f11,f18	 f11:0x37ffffae f18:0x31800000 f12=0x31800000
     334705.000 ns	     33469	800070ec	3659fd13	andi	x26,x19,869	 x19:0x00000000 x26=0x00000000
     334715.000 ns	     33470	800070f0	013c9813	slli	x16,x25,0x13	 x25:0x00000000 x16=0x00000000
     334725.000 ns	     33471	800070f4	00611193	slli	x3,x2,0x6	  x2:0x00000000  x3=0x00000000
     334735.000 ns	     33472	800070f8	01cfe933	or	x18,x31,x28	 x31:0x80041024 x28:0x00000000 x18=0x80041024
     334745.000 ns	     33473	800070fc	0037c533	xor	x10,x15,x3	 x15:0xffffffff  x3:0x80040024 x10=0xffffffff
     334755.000 ns	     33474	80007100	01289b13	slli	x22,x17,0x12	 x17:0x00000001 x22=0x00040000
     334765.000 ns	     33475	80007104	00bd9513	slli	x10,x27,0xb	 x27:0x0000000b x10=0x00005800
     334785.000 ns	     33477	80007108	d01c82d3	fcvt.s.wu	f5,x25	 x25:0x00000000  f5=0x00000000
     334815.000 ns	     33480	8000710c	03932b33	mulhsu	x22,x6,x25	  x6:0x00000000 x25:0x00000000 x22=0x00000000
     334835.000 ns	     33482	80007110	de1f83b7	lui	x7,0xde1f8	  x7=0xde1f8000
     334865.000 ns	     33485	80007114	10a83fd3	fmul.s	f31,f16,f10	 f16:0x31800000 f10:0xbf800000 f31=0xb1800000
     334895.000 ns	     33488	80007118	295c0853	fmin.s	f16,f24,f21	 f24:0x7fc00000 f21:0x00000000 f16=0x00000000
     334915.000 ns	     33490	8000711c	ea353017	auipc	x0,0xea353	
     334925.000 ns	     33491	80007120	2649ed17	auipc	x26,0x2649e	 x26=0xa64a5120
     334945.000 ns	     33493	80007124	0263b6b3	mulhu	x13,x7,x6	  x7:0xde1f8000  x6:0x00000000 x13=0x00000000
     334975.000 ns	     33496	80007128	020139b3	mulhu	x19,x2,x0	  x2:0x00000000  x0:0x00000000 x19=0x00000000
     334995.000 ns	     33498	8000712c	4188d8b3	sra	x17,x17,x24	 x17:0x00000001 x24:0x00000001 x17=0x00000000
     335005.000 ns	     33499	80007130	002289b3	add	x19,x5,x2	  x5:0xf0d585cf  x2:0x00000000 x19=0xf0d585cf
     335025.000 ns	     33501	80007134	21272653	fsgnjx.s	f12,f14,f18	 f14:0xbf800000 f18:0x31800000 f12=0xbf800000
     335075.000 ns	     33506	80007138	08fa89d3	fsub.s	f19,f21,f15	 f21:0x00000000 f15:0x7fc00000 f19=0x7fc00000
     335095.000 ns	     33508	8000713c	00911c13	slli	x24,x2,0x9	  x2:0x00000000 x24=0x00000000
     335115.000 ns	     33510	80007140	03598a33	mul	x20,x19,x21	 x19:0xf0d585cf x21:0xffffffff x20=0x0f2a7a31
     335135.000 ns	     33512	80007144	00e24db3	xor	x27,x4,x14	  x4:0x7fffffff x14:0xfc4c608c x27=0x83b39f73
     335145.000 ns	     33513	80007148	23d4ea93	ori	x21,x9,573	  x9:0x80040fe4 x21=0x80040ffd
     335165.000 ns	     33515	8000714c	21cb2353	fsgnjx.s	f6,f22,f28	 f22:0x00000000 f28:0x7fc00000  f6=0x00000000
     335195.000 ns	     33518	80007150	a1a9a453	feq.s	x8,f19,f26	 f19:0x7fc00000 f26:0x3f800000  x8=0x00000000
     335225.000 ns	     33521	80007154	299d9cd3	fmax.s	f25,f27,f25	 f27:0xffc00000 f25:0x31800000 f25=0x31800000
     335255.000 ns	     33524	80007158	a1eb9f53	flt.s	x30,f23,f30	 f23:0x7fc00000 f30:0x80000000 x30=0x00000000
     335275.000 ns	     33526	8000715c	008b9c13	slli	x24,x23,0x8	 x23:0x0b08d001 x24=0x08d00100
     335285.000 ns	     33527	80007160	010fcdb3	xor	x27,x31,x16	 x31:0x80041024 x16:0x00000000 x27=0x80041024
     335305.000 ns	     33529	80007164	c0148853	fcvt.wu.s	x16,f9	  f9:0x41350482 x16=0x0000000b
     335675.000 ns	     33566	80007168	035761b3	rem	x3,x14,x21	 x14:0xfc4c608c x21:0x80040ffd  x3=0xfc4c608c
     335695.000 ns	     33568	8000716c	0ad42613	slti	x12,x8,173	  x8:0x00000000 x12=0x00000001
     335705.000 ns	     33569	80007170	01c6f9b3	and	x19,x13,x28	 x13:0x00000000 x28:0x00000000 x19=0x00000000
     335725.000 ns	     33571	80007174	21968fd3	fsgnj.s	f31,f13,f25	 f13:0xcefff800 f25:0x31800000 f31=0x4efff800
     335745.000 ns	     33573	80007178	4ef7b313	sltiu	x6,x15,1263	 x15:0xffffffff  x6=0x00000000
     335765.000 ns	     33575	8000717c	28a41a53	fmax.s	f20,f8,f10	  f8:0x3f800000 f10:0xbf800000 f20=0x3f800000
     335785.000 ns	     33577	80007180	710c0413	addi	x8,x24,1808	 x24:0x08d00100  x8=0x08d00810
     335805.000 ns	     33579	80007184	d0157b53	fcvt.s.wu	f22,x10	 x10:0x00005800 f22=0x46b00000
     335835.000 ns	     33582	80007188	e0008653	fmv.x.w	x12,f1	  f1:0x00000000 x12=0x00000000
     335865.000 ns	     33585	8000718c	287f0353	fmin.s	f6,f30,f7	 f30:0x80000000  f7:0xbf800000  f6=0xbf800000
     335885.000 ns	     33587	80007190	c64d7613	andi	x12,x26,-924	 x26:0xa64a5120 x12=0xa64a5020
     335925.000 ns	     33591	80007194	015e3ed3	fadd.s	f29,f28,f21	 f28:0x7fc00000 f21:0x00000000 f29=0x7fc00000
     335955.000 ns	     33594	80007198	023b1bb3	mulh	x23,x22,x3	 x22:0x00000000  x3:0xfc4c608c x23=0x00000000
     335975.000 ns	     33596	8000719c	009c1e93	slli	x29,x24,0x9	 x24:0x08d00100 x29=0xa0020000
     335985.000 ns	     33597	800071a0	0074dc33	srl	x24,x9,x7	  x9:0x80040fe4  x7:0xde1f8000 x24=0x80040fe4
     336345.000 ns	     33633	800071a4	024671b3	remu	x3,x12,x4	 x12:0xa64a5020  x4:0x7fffffff  x3=0x264a5021
     336375.000 ns	     33636	800071a8	204f2ed3	fsgnjx.s	f29,f30,f4	 f30:0x80000000  f4:0x00000000 f29=0x80000000
     336395.000 ns	     33638	800071ac	01ad9993	slli	x19,x27,0x1a	 x27:0x80041024 x19=0x90000000
     336415.000 ns	     33640	800071b0	c01575d3	fcvt.wu.s	x11,f10	 f10:0xbf800000 x11=0x00000001
     336435.000 ns	     33642	800071b4	5fcca793	slti	x15,x25,1532	 x25:0x00000000 x15=0x00000001
     336455.000 ns	     33644	800071b8	212b84d3	fsgnj.s	f9,f23,f18	 f23:0x7fc00000 f18:0x31800000  f9=0x7fc00000
     336485.000 ns	     33647	800071bc	033a0a33	mul	x20,x20,x19	 x20:0x0f2a7a31 x19:0x90000000 x20=0x90000000
     336505.000 ns	     33649	800071c0	a57c0c93	addi	x25,x24,-1449	 x24:0x80040fe4 x25=0x80040a3b
     336525.000 ns	     33651	800071c4	f00c8f53	fmv.w.x	f30,x25	 x25:0x00000000 f30=0x80040a3b
     336555.000 ns	     33654	800071c8	031bd333	divu	x6,x23,x17	 x23:0x00000000 x17:0x00000000  x6=0xffffffff
     336575.000 ns	     33656	800071cc	011ec6b3	xor	x13,x29,x17	 x29:0xa0020000 x17:0x00000000 x13=0xa0020000
     336585.000 ns	     33657	800071d0	00000013	addi	x0,x0,0	  x0:0x00000000
     336595.000 ns	     33658	800071d4	007da633	slt	x12,x27,x7	 x27:0x80041024  x7:0xde1f8000 x12=0x00000001
     336615.000 ns	     33660	800071d8	d005af53	fcvt.s.w	f30,x11	 x11:0x00000001 f30=0x3f800000
     336645.000 ns	     33663	800071dc	28768ad3	fmin.s	f21,f13,f7	 f13:0xcefff800  f7:0xbf800000 f21=0xcefff800
     336665.000 ns	     33665	800071e0	40a40333	sub	x6,x8,x10	  x8:0x08d00810 x10:0x00005800  x6=0x08cfb010
     336675.000 ns	     33666	800071e4	41295933	sra	x18,x18,x18	 x18:0x80041024 x18:0x80041024 x18=0xf8004102
     336695.000 ns	     33668	800071e8	e0018dd3	fmv.x.w	x27,f3	  f3:0x7fc00000 x27=0x7fc00000
     336725.000 ns	     33671	800071ec	d01877d3	fcvt.s.wu	f15,x16	 x16:0x0000000b f15=0x41300000
     336745.000 ns	     33673	800071f0	01b7d0b3	srl	x1,x15,x27	 x15:0x00000001 x27:0x7fc00000  x1=0x00000001
     336785.000 ns	     33677	800071f4	00937553	fadd.s	f10,f6,f9	  f6:0xbf800000  f9:0x7fc00000 f10=0x7fc00000
     336815.000 ns	     33680	800071f8	c01479d3	fcvt.wu.s	x19,f8	  f8:0x3f800000 x19=0x00000001
     336835.000 ns	     33682	800071fc	008886b3	add	x13,x17,x8	 x17:0x00000000  x8:0x08d00810 x13=0x08d00810
     336845.000 ns	     33683	80007200	013299b3	sll	x19,x5,x19	  x5:0xf0d585cf x19:0x00000001 x19=0xe1ab0b9e
     338015.000 ns	     33800	80007204	580ff4d3	fsqrt.s	f9,f31	 f31:0x4efff800  f9=0x473501d8
     338035.000 ns	     33802	80007208	8fcc7693	andi	x13,x24,-1796	 x24:0x80040fe4 x13=0x800408e4
     338055.000 ns	     33804	8000720c	e0000653	fmv.x.w	x12,f0	  f0:0x7f800000 x12=0x7f800000
     338075.000 ns	     33806	80007210	011e5cb3	srl	x25,x28,x17	 x28:0x00000000 x17:0x00000000 x25=0x00000000
     338095.000 ns	     33808	80007214	039d8cb3	mul	x25,x27,x25	 x27:0x7fc00000 x25:0x80040a3b x25=0x00000000
     338465.000 ns	     33845	80007218	0294ddb3	divu	x27,x9,x9	  x9:0x80040fe4  x9:0x80040fe4 x27=0x00000001
     338485.000 ns	     33847	8000721c	f154c8b7	lui	x17,0xf154c	 x17=0xf154c000
     338495.000 ns	     33848	80007220	e5d28413	addi	x8,x5,-419	  x5:0xf0d585cf  x8=0xf0d5842c
     338505.000 ns	     33849	80007224	00081013	slli	x0,x16,0x0	 x16:0x0000000b
     338525.000 ns	     33851	80007228	03463733	mulhu	x14,x12,x20	 x12:0x7f800000 x20:0x90000000 x14=0x47b80000
     338545.000 ns	     33853	8000722c	0012d993	srli	x19,x5,0x1	  x5:0xf0d585cf x19=0x786ac2e7
     338555.000 ns	     33854	80007230	405d0a33	sub	x20,x26,x5	 x26:0xa64a5120  x5:0xf0d585cf x20=0xb574cb51
     338575.000 ns	     33856	80007234	d0177ed3	fcvt.s.wu	f29,x14	 x14:0x47b80000 f29=0x4e8f7000
     338605.000 ns	     33859	80007238	c017f453	fcvt.wu.s	x8,f15	 f15:0x41300000  x8=0x0000000b
     338635.000 ns	     33862	8000723c	021826b3	mulhsu	x13,x16,x1	 x16:0x0000000b  x1:0x00000001 x13=0x00000000
     338665.000 ns	     33865	80007240	a1431653	flt.s	x12,f6,f20	  f6:0xbf800000 f20:0x3f800000 x12=0x00000001
     338715.000 ns	     33870	80007244	012ebfd3	fadd.s	f31,f29,f18	 f29:0x4e8f7000 f18:0x31800000 f31=0x4e8f7000
     338735.000 ns	     33872	80007248	01996db3	or	x27,x18,x25	 x18:0xf8004102 x25:0x00000000 x27=0xf8004102
     338755.000 ns	     33874	8000724c	02569633	mulh	x12,x13,x5	 x13:0x00000000  x5:0xf0d585cf x12=0x00000000
     338775.000 ns	     33876	80007250	4095df13	srai	x30,x11,0x9	 x11:0x00000001 x30=0x00000000
     338795.000 ns	     33878	80007254	c0157653	fcvt.wu.s	x12,f10	 f10:0x7fc00000 x12=0xffffffff
     338825.000 ns	     33881	80007258	0221c233	div	x4,x3,x2	  x3:0x264a5021  x2:0x00000000  x4=0xffffffff
     340005.000 ns	     33999	8000725c	580ff353	fsqrt.s	f6,f31	 f31:0x4e8f7000  f6=0x47077f8e
     340025.000 ns	     34001	80007260	414350b3	sra	x1,x6,x20	  x6:0x08cfb010 x20:0xb574cb51  x1=0x00000467
     340035.000 ns	     34002	80007264	00b5cdb3	xor	x27,x11,x11	 x11:0x00000001 x11:0x00000001 x27=0x00000000
     340055.000 ns	     34004	80007268	a1eb1153	flt.s	x2,f22,f30	 f22:0x46b00000 f30:0x3f800000  x2=0x00000000
     340085.000 ns	     34007	8000726c	03a89d33	mulh	x26,x17,x26	 x17:0xf154c000 x26:0xa64a5120 x26=0x0523f259
     340115.000 ns	     34010	80007270	c0067653	fcvt.w.s	x12,f12	 f12:0xbf800000 x12=0x00000001
     340145.000 ns	     34013	80007274	d010f553	fcvt.s.wu	f10,x1	  x1:0x00000467 f10=0x448ce000
     340175.000 ns	     34016	80007278	295b03d3	fmin.s	f7,f22,f21	 f22:0x46b00000 f21:0xcefff800  f7=0xcefff800
     340195.000 ns	     34018	8000727c	0021d993	srli	x19,x3,0x2	  x3:0x264a5021 x19=0x09929408
     340205.000 ns	     34019	80007280	e161b313	sltiu	x6,x3,-490	  x3:0x264a5021  x6=0x00000001
     340215.000 ns	     34020	80007284	01a91413	slli	x8,x18,0x1a	 x18:0xf8004102  x8=0x08000000
     340235.000 ns	     34022	80007288	02b3b0b3	mulhu	x1,x7,x11	  x7:0xde1f8000 x11:0x00000001  x1=0x00000000
     340265.000 ns	     34025	8000728c	d000f0d3	fcvt.s.w	f1,x1	  x1:0x00000467  f1=0x00000000
     340295.000 ns	     34028	80007290	290f06d3	fmin.s	f13,f30,f16	 f30:0x3f800000 f16:0x00000000 f13=0x00000000
     340325.000 ns	     34031	80007294	28d49a53	fmax.s	f20,f9,f13	  f9:0x473501d8 f13:0xcefff800 f20=0x473501d8
     340365.000 ns	     34035	80007298	11157553	fmul.s	f10,f10,f17	 f10:0x448ce000 f17:0x3f800000 f10=0x448ce000
     340385.000 ns	     34037	8000729c	00384533	xor	x10,x16,x3	 x16:0x0000000b  x3:0x264a5021 x10=0x264a502a
     340395.000 ns	     34038	800072a0	016589b3	add	x19,x11,x22	 x11:0x00000001 x22:0x00000000 x19=0x00000001
     340405.000 ns	     34039	800072a4	41b95393	srai	x7,x18,0x1b	 x18:0xf8004102  x7=0xffffffff
     340415.000 ns	     34040	800072a8	d9d5a113	slti	x2,x11,-611	 x11:0x00000001  x2=0x00000000
     340435.000 ns	     34042	800072ac	288114d3	fmax.s	f9,f2,f8	  f2:0xbf800000  f8:0x3f800000  f9=0x3f800000
     340465.000 ns	     34045	800072b0	c01cc1d3	fcvt.wu.s	x3,f25	 f25:0x31800000  x3=0x00000000
     340495.000 ns	     34048	800072b4	a1dc21d3	feq.s	x3,f24,f29	 f24:0x7fc00000 f29:0x4e8f7000  x3=0x00000000
     340525.000 ns	     34051	800072b8	21cb2753	fsgnjx.s	f14,f22,f28	 f22:0x46b00000 f28:0x7fc00000 f14=0x46b00000
     340555.000 ns	     34054	800072bc	c004a453	fcvt.w.s	x8,f9	  f9:0x3f800000  x8=0x00000001
     340605.000 ns	     34059	800072c0	015270d3	fadd.s	f1,f4,f21	  f4:0x00000000 f21:0xcefff800  f1=0xcefff800
     340625.000 ns	     34061	800072c4	408857b3	sra	x15,x16,x8	 x16:0x0000000b  x8:0x00000001 x15=0x00000005
     340645.000 ns	     34063	800072c8	21bf9353	fsgnjn.s	f6,f31,f27	 f31:0x4e8f7000 f27:0xffc00000  f6=0x4e8f7000
     340665.000 ns	     34065	800072cc	d18b7093	andi	x1,x22,-744	 x22:0x00000000  x1=0x00000000
     340685.000 ns	     34067	800072d0	03b22f33	mulhsu	x30,x4,x27	  x4:0xffffffff x27:0x00000000 x30=0x00000000
     341055.000 ns	     34104	800072d4	03a2fc33	remu	x24,x5,x26	  x5:0xf0d585cf x26:0x0523f259 x24=0x045ff9d1
     341075.000 ns	     34106	800072d8	3dc04eb7	lui	x29,0x3dc04	 x29=0x3dc04000
     341085.000 ns	     34107	800072dc	010e6d33	or	x26,x28,x16	 x28:0x00000000 x16:0x0000000b x26=0x0000000b
     341095.000 ns	     34108	800072e0	007dddb3	srl	x27,x27,x7	 x27:0x00000000  x7:0xffffffff x27=0x00000000
     341125.000 ns	     34111	800072e4	10917cd3	fmul.s	f25,f2,f9	  f2:0xbf800000  f9:0x3f800000 f25=0xbf800000
     341155.000 ns	     34114	800072e8	031cbc33	mulhu	x24,x25,x17	 x25:0x00000000 x17:0xf154c000 x24=0x00000000
     341175.000 ns	     34116	800072ec	014b67b3	or	x15,x22,x20	 x22:0x00000000 x20:0xb574cb51 x15=0xb574cb51
     341185.000 ns	     34117	800072f0	01e6db33	srl	x22,x13,x30	 x13:0x00000000 x30:0x00000000 x22=0x00000000
     341205.000 ns	     34119	800072f4	d00c8253	fcvt.s.w	f4,x25	 x25:0x00000000  f4=0x00000000
     341225.000 ns	     34121	800072f8	412c0933	sub	x18,x24,x18	 x24:0x00000000 x18:0xf8004102 x18=0x07ffbefe
     341235.000 ns	     34122	800072fc	bab97913	andi	x18,x18,-1109	 x18:0xf8004102 x18=0x07ffbaaa
     341595.000 ns	     34158	80007300	02e97d33	remu	x26,x18,x14	 x18:0xf8004102 x14:0x47b80000 x26=0x07ffbaaa
     341965.000 ns	     34195	80007304	03525bb3	divu	x23,x4,x21	  x4:0xffffffff x21:0x80040ffd x23=0x00000001
     341985.000 ns	     34197	80007308	00dbb533	sltu	x10,x23,x13	 x23:0x00000000 x13:0x00000000 x10=0x00000000
     342005.000 ns	     34199	8000730c	28f11553	fmax.s	f10,f2,f15	  f2:0xbf800000 f15:0x41300000 f10=0x41300000
     342035.000 ns	     34202	80007310	030321b3	mulhsu	x3,x6,x16	  x6:0x00000001 x16:0x0000000b  x3=0x00000000
     342055.000 ns	     34204	80007314	01201413	slli	x8,x0,0x12	  x0:0x00000000  x8=0x00000000
     342065.000 ns	     34205	80007318	1b1b4a93	xori	x21,x22,433	 x22:0x00000000 x21=0x000001b1
     342085.000 ns	     34207	8000731c	d0164bd3	fcvt.s.wu	f23,x12	 x12:0x00000001 f23=0x3f800000
     342115.000 ns	     34210	80007320	20c80553	fsgnj.s	f10,f16,f12	 f16:0x00000000 f12:0xbf800000 f10=0x80000000
     342135.000 ns	     34212	80007324	14b88213	addi	x4,x17,331	 x17:0xf154c000  x4=0xf154c14b
     342155.000 ns	     34214	80007328	28ea0ad3	fmin.s	f21,f20,f14	 f20:0x473501d8 f14:0x46b00000 f21=0x46b00000
     342185.000 ns	     34217	8000732c	20b0a7d3	fsgnjx.s	f15,f1,f11	  f1:0xcefff800 f11:0x37ffffae f15=0xcefff800
     342205.000 ns	     34219	80007330	00950333	add	x6,x10,x9	 x10:0x00000000  x9:0x80040fe4  x6=0x80040fe4
     342215.000 ns	     34220	80007334	01775913	srli	x18,x14,0x17	 x14:0x47b80000 x18=0x0000008f
     342225.000 ns	     34221	80007338	01f46ab3	or	x21,x8,x31	  x8:0x00000000 x31:0x80041024 x21=0x80041024
     342235.000 ns	     34222	8000733c	407dd313	srai	x6,x27,0x7	 x27:0x00000000  x6=0x00000000
     342255.000 ns	     34224	80007340	024a11b3	mulh	x3,x20,x4	 x20:0xb574cb51  x4:0xf154c14b  x3=0x04457a20
     342285.000 ns	     34227	80007344	a1f51dd3	flt.s	x27,f10,f31	 f10:0x80000000 f31:0x4e8f7000 x27=0x00000001
     342315.000 ns	     34230	80007348	a027ac53	feq.s	x24,f15,f2	 f15:0xcefff800  f2:0xbf800000 x24=0x00000000
     342335.000 ns	     34232	8000734c	982aa417	auipc	x8,0x982aa	  x8=0x182b134c
     342365.000 ns	     34235	80007350	116bfbd3	fmul.s	f23,f23,f22	 f23:0x3f800000 f22:0x46b00000 f23=0x46b00000
     342395.000 ns	     34238	80007354	216a2653	fsgnjx.s	f12,f20,f22	 f20:0x473501d8 f22:0x46b00000 f12=0x473501d8
     342415.000 ns	     34240	80007358	cdf5aa13	slti	x20,x11,-801	 x11:0x00000001 x20=0x00000000
     342435.000 ns	     34242	8000735c	03f38233	mul	x4,x7,x31	  x7:0xffffffff x31:0x80041024  x4=0x7ffbefdc
     342485.000 ns	     34247	80007360	0953f7d3	fsub.s	f15,f7,f21	  f7:0xcefff800 f21:0x46b00000 f15=0xcefff8b0
     342525.000 ns	     34251	80007364	18987053	fdiv.s	f0,f16,f9	 f16:0x00000000  f9:0x3f800000  f0=0x00000000
     342555.000 ns	     34254	80007368	d01085d3	fcvt.s.wu	f11,x1	  x1:0x00000000 f11=0x00000000
     342575.000 ns	     34256	8000736c	01c270b3	and	x1,x4,x28	  x4:0x7ffbefdc x28:0x00000000  x1=0x00000000
     342585.000 ns	     34257	80007370	41a15bb3	sra	x23,x2,x26	  x2:0x00000000 x26:0x07ffbaaa x23=0x00000000
     342595.000 ns	     34258	80007374	00f51d33	sll	x26,x10,x15	 x10:0x00000000 x15:0xb574cb51 x26=0x00000000
     342605.000 ns	     34259	80007378	0147a533	slt	x10,x15,x20	 x15:0xb574cb51 x20:0x00000000 x10=0x00000001
     342615.000 ns	     34260	8000737c	41705833	sra	x16,x0,x23	  x0:0x00000000 x23:0x00000000 x16=0x00000000
     342635.000 ns	     34262	80007380	20bcad53	fsgnjx.s	f26,f25,f11	 f25:0xbf800000 f11:0x00000000 f26=0xbf800000
     342655.000 ns	     34264	80007384	007f03b3	add	x7,x30,x7	 x30:0x00000000  x7:0xffffffff  x7=0xffffffff
     342665.000 ns	     34265	80007388	276d4993	xori	x19,x26,630	 x26:0x00000000 x19=0x00000276
     342685.000 ns	     34267	8000738c	a1420653	fle.s	x12,f4,f20	  f4:0x00000000 f20:0x473501d8 x12=0x00000001
     342715.000 ns	     34270	80007390	f00109d3	fmv.w.x	f19,x2	  x2:0x00000000 f19=0x00000000
     343085.000 ns	     34307	80007394	03b3edb3	rem	x27,x7,x27	  x7:0xffffffff x27:0x00000001 x27=0x00000000
     343115.000 ns	     34310	80007398	0375eab3	rem	x21,x11,x23	 x11:0x00000001 x23:0x00000000 x21=0x00000001
     343145.000 ns	     34313	8000739c	024a93b3	mulh	x7,x21,x4	 x21:0x80041024  x4:0x7ffbefdc  x7=0x00000000
     343175.000 ns	     34316	800073a0	022f3db3	mulhu	x27,x30,x2	 x30:0x00000000  x2:0x00000000 x27=0x00000000
     343205.000 ns	     34319	800073a4	0265d9b3	divu	x19,x11,x6	 x11:0x00000001  x6:0x00000000 x19=0xffffffff
     343235.000 ns	     34322	800073a8	023f26b3	mulhsu	x13,x30,x3	 x30:0x00000000  x3:0x04457a20 x13=0x00000000
     343255.000 ns	     34324	800073ac	018f8833	add	x16,x31,x24	 x31:0x80041024 x24:0x00000000 x16=0x80041024
     343275.000 ns	     34326	800073b0	e00f9753	fclass.s	x14,f31	 f31:0x4e8f7000 x14=0x00000040
     343315.000 ns	     34330	800073b4	10014653	fmul.s	f12,f2,f0	  f2:0xbf800000  f0:0x00000000 f12=0x80000000
     343355.000 ns	     34334	800073b8	105b22d3	fmul.s	f5,f22,f5	 f22:0x46b00000  f5:0x00000000  f5=0x00000000
     343385.000 ns	     34337	800073bc	f0018753	fmv.w.x	f14,x3	  x3:0x04457a20 f14=0x04457a20
     343405.000 ns	     34339	800073c0	f037fd93	andi	x27,x15,-253	 x15:0xb574cb51 x27=0xb574cb01
     343415.000 ns	     34340	800073c4	4153d693	srai	x13,x7,0x15	  x7:0x00000000 x13=0x00000000
     343445.000 ns	     34343	800073c8	10807fd3	fmul.s	f31,f0,f8	  f0:0x00000000  f8:0x3f800000 f31=0x00000000
     343485.000 ns	     34347	800073cc	11e00653	fmul.s	f12,f0,f30	  f0:0x00000000 f30:0x3f800000 f12=0x00000000
     343525.000 ns	     34351	800073d0	10d0f653	fmul.s	f12,f1,f13	  f1:0xcefff800 f13:0x00000000 f12=0x80000000
     343545.000 ns	     34353	800073d4	01ae58b3	srl	x17,x28,x26	 x28:0x00000000 x26:0x00000000 x17=0x00000000
     343565.000 ns	     34355	800073d8	f0088ed3	fmv.w.x	f29,x17	 x17:0xf154c000 f29=0x00000000
     343905.000 ns	     34389	800073dc	1884f253	fdiv.s	f4,f9,f8	  f9:0x3f800000  f8:0x3f800000  f4=0x3f7fff38
     343925.000 ns	     34391	800073e0	56f23213	sltiu	x4,x4,1391	  x4:0x7ffbefdc  x4=0x00000000
     343935.000 ns	     34392	800073e4	41aa5d93	srai	x27,x20,0x1a	 x20:0x00000000 x27=0x00000000
     343945.000 ns	     34393	800073e8	4e2c4713	xori	x14,x24,1250	 x24:0x00000000 x14=0x000004e2
     343955.000 ns	     34394	800073ec	d5bbb913	sltiu	x18,x23,-677	 x23:0x00000000 x18=0x00000001
     343975.000 ns	     34396	800073f0	d008ff53	fcvt.s.w	f30,x17	 x17:0x00000000 f30=0x00000000
     344005.000 ns	     34399	800073f4	f0030653	fmv.w.x	f12,x6	  x6:0x00000000 f12=0x00000000
     344025.000 ns	     34401	800073f8	00b16633	or	x12,x2,x11	  x2:0x00000000 x11:0x00000001 x12=0x00000001
     344035.000 ns	     34402	800073fc	569fbe13	sltiu	x28,x31,1385	 x31:0x80041024 x28=0x00000000
     344055.000 ns	     34404	80007400	03e50ab3	mul	x21,x10,x30	 x10:0x00000001 x30:0x00000000 x21=0x00000000
     344085.000 ns	     34407	80007404	e00301d3	fmv.x.w	x3,f6	  f6:0x4e8f7000  x3=0x4e8f7000
     344105.000 ns	     34409	80007408	01b427b3	slt	x15,x8,x27	  x8:0x182b134c x27:0x00000000 x15=0x00000000
     344465.000 ns	     34445	8000740c	02e07933	remu	x18,x0,x14	  x0:0x00000000 x14:0x000004e2 x18=0x00000000
     344485.000 ns	     34447	80007410	b5857e93	andi	x29,x10,-1192	 x10:0x00000001 x29=0x00000000
     344495.000 ns	     34448	80007414	ecd95337	lui	x6,0xecd95	  x6=0xecd95000
     344515.000 ns	     34450	80007418	d013fdd3	fcvt.s.wu	f27,x7	  x7:0x00000000 f27=0x00000000
     344545.000 ns	     34453	8000741c	02f48b33	mul	x22,x9,x15	  x9:0x80040fe4 x15:0x00000000 x22=0x00000000
     344575.000 ns	     34456	80007420	e00f8853	fmv.x.w	x16,f31	 f31:0x00000000 x16=0x00000000
     344605.000 ns	     34459	80007424	e0018ad3	fmv.x.w	x21,f3	  f3:0x7fc00000 x21=0x7fc00000
     344625.000 ns	     34461	80007428	d3570693	addi	x13,x14,-715	 x14:0x000004e2 x13=0x00000217
     344635.000 ns	     34462	8000742c	40948eb3	sub	x29,x9,x9	  x9:0x80040fe4  x9:0x80040fe4 x29=0x00000000
     344655.000 ns	     34464	80007430	d019f153	fcvt.s.wu	f2,x19	 x19:0xffffffff  f2=0x4f7fffff
     344675.000 ns	     34466	80007434	00000013	addi	x0,x0,0	  x0:0x00000000
     344695.000 ns	     34468	80007438	e00f1a53	fclass.s	x20,f30	 f30:0x00000000 x20=0x00000010
     344715.000 ns	     34470	8000743c	00332433	slt	x8,x6,x3	  x6:0xecd95000  x3:0x4e8f7000  x8=0x00000001
     344735.000 ns	     34472	80007440	a0832b53	feq.s	x22,f6,f8	  f6:0x4e8f7000  f8:0x3f800000 x22=0x00000000
     345105.000 ns	     34509	80007444	02db4a33	div	x20,x22,x13	 x22:0x00000000 x13:0x00000217 x20=0x00000000
     345135.000 ns	     34512	80007448	e00618d3	fclass.s	x17,f12	 f12:0x00000000 x17=0x00000010
     345165.000 ns	     34515	8000744c	a1bba253	feq.s	x4,f23,f27	 f23:0x46b00000 f27:0x00000000  x4=0x00000000
     345185.000 ns	     34517	80007450	012bdb13	srli	x22,x23,0x12	 x23:0x00000000 x22=0x00000000
     345195.000 ns	     34518	80007454	0173ea33	or	x20,x7,x23	  x7:0x00000000 x23:0x00000000 x20=0x00000000
     345215.000 ns	     34520	80007458	20f802d3	fsgnj.s	f5,f16,f15	 f16:0x00000000 f15:0xcefff8b0  f5=0x80000000
     345235.000 ns	     34522	8000745c	00000013	addi	x0,x0,0	  x0:0x00000000
     345255.000 ns	     34524	80007460	e00f1853	fclass.s	x16,f30	 f30:0x00000000 x16=0x00000010
     345305.000 ns	     34529	80007464	09aa4853	fsub.s	f16,f20,f26	 f20:0x473501d8 f26:0xbf800000 f16=0x473502d8
     345325.000 ns	     34531	80007468	00119833	sll	x16,x3,x1	  x3:0x4e8f7000  x1:0x00000000 x16=0x4e8f7000
     345335.000 ns	     34532	8000746c	af4d0d13	addi	x26,x26,-1292	 x26:0x00000000 x26=0xfffffaf4
     345345.000 ns	     34533	80007470	41288e33	sub	x28,x17,x18	 x17:0x00000010 x18:0x00000000 x28=0x00000010
     345375.000 ns	     34536	80007474	18f9fb53	fdiv.s	f22,f19,f15	 f19:0x00000000 f15:0xcefff8b0 f22=0x80000000
     345395.000 ns	     34538	80007478	00c6da33	srl	x20,x13,x12	 x13:0x00000217 x12:0x00000001 x20=0x0000010b
     345405.000 ns	     34539	8000747c	00df5a33	srl	x20,x30,x13	 x30:0x00000000 x13:0x00000217 x20=0x00000000
     345425.000 ns	     34541	80007480	28000f53	fmin.s	f30,f0,f0	  f0:0x00000000  f0:0x00000000 f30=0x00000000
     345455.000 ns	     34544	80007484	f00d0153	fmv.w.x	f2,x26	 x26:0xfffffaf4  f2=0xfffffaf4
     345485.000 ns	     34547	80007488	285b12d3	fmax.s	f5,f22,f5	 f22:0x80000000  f5:0x80000000  f5=0x80000000
     345515.000 ns	     34550	8000748c	a029a653	feq.s	x12,f19,f2	 f19:0x00000000  f2:0xfffffaf4 x12=0x00000000
     345535.000 ns	     34552	80007490	00000013	addi	x0,x0,0	  x0:0x00000000
     345545.000 ns	     34553	80007494	01755a13	srli	x20,x10,0x17	 x10:0x00000001 x20=0x00000000
     345585.000 ns	     34557	80007498	085082d3	fsub.s	f5,f1,f5	  f1:0xcefff800  f5:0x80000000  f5=0xcefff800
     345615.000 ns	     34560	8000749c	e0060453	fmv.x.w	x8,f12	 f12:0x00000000  x8=0x00000000
     345635.000 ns	     34562	800074a0	00aa45b3	xor	x11,x20,x10	 x20:0x00000000 x10:0x00000001 x11=0x00000001
     345655.000 ns	     34564	800074a4	21b81c53	fsgnjn.s	f24,f16,f27	 f16:0x473502d8 f27:0x00000000 f24=0xc73502d8
     345685.000 ns	     34567	800074a8	f0028153	fmv.w.x	f2,x5	  x5:0xf0d585cf  f2=0xf0d585cf
     345715.000 ns	     34570	800074ac	a0571cd3	flt.s	x25,f14,f5	 f14:0x04457a20  f5:0xcefff800 x25=0x00000000
     345745.000 ns	     34573	800074b0	d00890d3	fcvt.s.w	f1,x17	 x17:0x00000010  f1=0x41800000
     345775.000 ns	     34576	800074b4	d00b2ad3	fcvt.s.w	f21,x22	 x22:0x00000000 f21=0x00000000
     345805.000 ns	     34579	800074b8	a11f8553	fle.s	x10,f31,f17	 f31:0x00000000 f17:0x3f800000 x10=0x00000001
     345825.000 ns	     34581	800074bc	00279933	sll	x18,x15,x2	 x15:0x00000000  x2:0x00000000 x18=0x00000000
     345845.000 ns	     34583	800074c0	a02e8053	fle.s	x0,f29,f2	 f29:0x00000000  f2:0xf0d585cf
     345875.000 ns	     34586	800074c4	29b892d3	fmax.s	f5,f17,f27	 f17:0x3f800000 f27:0x00000000  f5=0x3f800000
     345905.000 ns	     34589	800074c8	a19ea953	feq.s	x18,f29,f25	 f29:0x00000000 f25:0xbf800000 x18=0x00000000
     345935.000 ns	     34592	800074cc	03a0a8b3	mulhsu	x17,x1,x26	  x1:0x00000000 x26:0xfffffaf4 x17=0x00000000
     346305.000 ns	     34629	800074d0	02adf1b3	remu	x3,x27,x10	 x27:0x00000000 x10:0x00000001  x3=0x00000000
     346335.000 ns	     34632	800074d4	c01bc053	fcvt.wu.s	x0,f23	 f23:0x46b00000
     346365.000 ns	     34635	800074d8	f00a8b53	fmv.w.x	f22,x21	 x21:0x7fc00000 f22=0x7fc00000
     346705.000 ns	     34669	800074dc	18842253	fdiv.s	f4,f8,f8	  f8:0x3f800000  f8:0x3f800000  f4=0x3f7fff38
     346725.000 ns	     34671	800074e0	41520b33	sub	x22,x4,x21	  x4:0x00000000 x21:0x7fc00000 x22=0x80400000
     346745.000 ns	     34673	800074e4	20b5afd3	fsgnjx.s	f31,f11,f11	 f11:0x00000000 f11:0x00000000 f31=0x00000000
     346765.000 ns	     34675	800074e8	99456893	ori	x17,x10,-1644	 x10:0x00000001 x17=0xfffff995
     346785.000 ns	     34677	800074ec	287f94d3	fmax.s	f9,f31,f7	 f31:0x00000000  f7:0xcefff800  f9=0x00000000
     346815.000 ns	     34680	800074f0	c0088dd3	fcvt.w.s	x27,f17	 f17:0x3f800000 x27=0x00000001
     346835.000 ns	     34682	800074f4	1b653437	lui	x8,0x1b653	  x8=0x1b653000
     346855.000 ns	     34684	800074f8	a1f61053	flt.s	x0,f12,f31	 f12:0x00000000 f31:0x00000000
     346885.000 ns	     34687	800074fc	c008b053	fcvt.w.s	x0,f17	 f17:0x3f800000
     347255.000 ns	     34724	80007500	03635633	divu	x12,x6,x22	  x6:0xecd95000 x22:0x80400000 x12=0x00000001
     347275.000 ns	     34726	80007504	41e8d793	srai	x15,x17,0x1e	 x17:0xfffff995 x15=0xffffffff
     347285.000 ns	     34727	80007508	25887b13	andi	x22,x16,600	 x16:0x4e8f7000 x22=0x00000000
     347295.000 ns	     34728	8000750c	00000013	addi	x0,x0,0	  x0:0x00000000
     347305.000 ns	     34729	80007510	0aee7213	andi	x4,x28,174	 x28:0x00000010  x4=0x00000000
     347325.000 ns	     34731	80007514	a19908d3	fle.s	x17,f18,f25	 f18:0x31800000 f25:0xbf800000 x17=0x00000000
     347365.000 ns	     34735	80007518	580f7053	fsqrt.s	f0,f30	 f30:0x00000000  f0=0x00000000
     347385.000 ns	     34737	8000751c	004435b3	sltu	x11,x8,x4	  x8:0x1b653000  x4:0x00000000 x11=0x00000000
     347405.000 ns	     34739	80007520	295f00d3	fmin.s	f1,f30,f21	 f30:0x00000000 f21:0x00000000  f1=0x00000000
     347425.000 ns	     34741	80007524	c730c613	xori	x12,x1,-909	  x1:0x00000000 x12=0xfffffc73
     347445.000 ns	     34743	80007528	28d90653	fmin.s	f12,f18,f13	 f18:0x31800000 f13:0x00000000 f12=0x00000000
     347475.000 ns	     34746	8000752c	202c82d3	fsgnj.s	f5,f25,f2	 f25:0xbf800000  f2:0xf0d585cf  f5=0xbf800000
     347815.000 ns	     34780	80007530	187a4753	fdiv.s	f14,f20,f7	 f20:0x473501d8  f7:0xcefff800 f14=0xb7b501d8
     347845.000 ns	     34783	80007534	d011c5d3	fcvt.s.wu	f11,x3	  x3:0x00000000 f11=0x00000000
     347875.000 ns	     34786	80007538	d0154dd3	fcvt.s.wu	f27,x10	 x10:0x00000001 f27=0x3f800000
     347905.000 ns	     34789	8000753c	28260fd3	fmin.s	f31,f12,f2	 f12:0x00000000  f2:0xf0d585cf f31=0xf0d585cf
     347935.000 ns	     34792	80007540	21068153	fsgnj.s	f2,f13,f16	 f13:0x00000000 f16:0x473502d8  f2=0x00000000
     347955.000 ns	     34794	80007544	8a02a093	slti	x1,x5,-1888	  x5:0xf0d585cf  x1=0x00000001
     347985.000 ns	     34797	80007548	580c2553	fsqrt.s	f10,f24	 f24:0xc73502d8 f10=0x7fc00000
     348005.000 ns	     34799	8000754c	75ca4237	lui	x4,0x75ca4	  x4=0x75ca4000
     348025.000 ns	     34801	80007550	033c8d33	mul	x26,x25,x19	 x25:0x00000000 x19:0xffffffff x26=0x00000000
     348055.000 ns	     34804	80007554	d008b253	fcvt.s.w	f4,x17	 x17:0x00000000  f4=0x00000000
     348075.000 ns	     34806	80007558	00d2b1b3	sltu	x3,x5,x13	  x5:0xf0d585cf x13:0x00000217  x3=0x00000000
     348085.000 ns	     34807	8000755c	01bef8b3	and	x17,x29,x27	 x29:0x00000000 x27:0x00000001 x17=0x00000000
     348095.000 ns	     34808	80007560	01fe6d33	or	x26,x28,x31	 x28:0x00000010 x31:0x80041024 x26=0x80041034
     348135.000 ns	     34812	80007564	01852253	fadd.s	f4,f10,f24	 f10:0x7fc00000 f24:0xc73502d8  f4=0x7fc00000
     348165.000 ns	     34815	80007568	a0188dd3	fle.s	x27,f17,f1	 f17:0x3f800000  f1:0x00000000 x27=0x00000000
     348205.000 ns	     34819	8000756c	1044fdd3	fmul.s	f27,f9,f4	  f9:0x00000000  f4:0x7fc00000 f27=0x7fc00000
     348225.000 ns	     34821	80007570	f7613a97	auipc	x21,0xf7613	 x21=0x7761a570
     348235.000 ns	     34822	80007574	0054bc33	sltu	x24,x9,x5	  x9:0x80040fe4  x5:0xf0d585cf x24=0x00000001
     348255.000 ns	     34824	80007578	a01a9d53	flt.s	x26,f21,f1	 f21:0x00000000  f1:0x00000000 x26=0x00000000
     348275.000 ns	     34826	8000757c	013d1c13	slli	x24,x26,0x13	 x26:0x80041034 x24=0x00000000
     348295.000 ns	     34828	80007580	29938c53	fmin.s	f24,f7,f25	  f7:0xcefff800 f25:0xbf800000 f24=0xcefff800
     348325.000 ns	     34831	80007584	02ab2533	mulhsu	x10,x22,x10	 x22:0x00000000 x10:0x00000001 x10=0x00000000
     348355.000 ns	     34834	80007588	02a43333	mulhu	x6,x8,x10	  x8:0x1b653000 x10:0x00000001  x6=0x00000000
     348385.000 ns	     34837	8000758c	a0699cd3	flt.s	x25,f19,f6	 f19:0x00000000  f6:0x4e8f7000 x25=0x00000001
     348435.000 ns	     34842	80007590	0848fd53	fsub.s	f26,f17,f4	 f17:0x3f800000  f4:0x7fc00000 f26=0x7fc00000
     348465.000 ns	     34845	80007594	03275a33	divu	x20,x14,x18	 x14:0x000004e2 x18:0x00000000 x20=0xffffffff
     348485.000 ns	     34847	80007598	00133933	sltu	x18,x6,x1	  x6:0x00000000  x1:0x00000001 x18=0x00000001
     348495.000 ns	     34848	8000759c	0093ac33	slt	x24,x7,x9	  x7:0x00000000  x9:0x80040fe4 x24=0x00000000
     348505.000 ns	     34849	800075a0	018ef8b3	and	x17,x29,x24	 x29:0x00000000 x24:0x00000000 x17=0x00000000
     348515.000 ns	     34850	800075a4	0120c9b3	xor	x19,x1,x18	  x1:0x00000001 x18:0x00000001 x19=0x00000000
     348535.000 ns	     34852	800075a8	200f1f53	fsgnjn.s	f30,f30,f0	 f30:0x00000000  f0:0x00000000 f30=0x80000000
     348565.000 ns	     34855	800075ac	02b0c333	div	x6,x1,x11	  x1:0x00000001 x11:0x00000000  x6=0xffffffff
     348605.000 ns	     34859	800075b0	101d03d3	fmul.s	f7,f26,f1	 f26:0x7fc00000  f1:0x00000000  f7=0x7fc00000
     348625.000 ns	     34861	800075b4	fd27cc13	xori	x24,x15,-46	 x15:0xffffffff x24=0x0000002d
     348645.000 ns	     34863	800075b8	204107d3	fsgnj.s	f15,f2,f4	  f2:0x00000000  f4:0x7fc00000 f15=0x00000000
     348665.000 ns	     34865	800075bc	6390c593	xori	x11,x1,1593	  x1:0x00000001 x11=0x00000638
     348685.000 ns	     34867	800075c0	28250753	fmin.s	f14,f10,f2	 f10:0x7fc00000  f2:0x00000000 f14=0x00000000
     348705.000 ns	     34869	800075c4	0160c033	xor	x0,x1,x22	  x1:0x00000001 x22:0x00000000
     348715.000 ns	     34870	800075c8	00000013	addi	x0,x0,0	  x0:0x00000000
     348735.000 ns	     34872	800075cc	e0018dd3	fmv.x.w	x27,f3	  f3:0x7fc00000 x27=0x7fc00000
     348765.000 ns	     34875	800075d0	035a31b3	mulhu	x3,x20,x21	 x20:0xffffffff x21:0x7761a570  x3=0x7761a56f
     349135.000 ns	     34912	800075d4	02835d33	divu	x26,x6,x8	  x6:0xffffffff  x8:0x1b653000 x26=0x00000009
     349155.000 ns	     34914	800075d8	41288ab3	sub	x21,x17,x18	 x17:0x00000000 x18:0x00000001 x21=0xffffffff
     349165.000 ns	     34915	800075dc	035c3093	sltiu	x1,x24,53	 x24:0x0000002d  x1=0x00000001
     349185.000 ns	     34917	800075e0	e00687d3	fmv.x.w	x15,f13	 f13:0x00000000 x15=0x00000000
     349205.000 ns	     34919	800075e4	7cb27093	andi	x1,x4,1995	  x4:0x75ca4000  x1=0x00000000
     349215.000 ns	     34920	800075e8	01d848b3	xor	x17,x16,x29	 x16:0x4e8f7000 x29:0x00000000 x17=0x4e8f7000
     349255.000 ns	     34924	800075ec	09b604d3	fsub.s	f9,f12,f27	 f12:0x00000000 f27:0x7fc00000  f9=0x7fc00000
     349285.000 ns	     34927	800075f0	f00003d3	fmv.w.x	f7,x0	  x0:0x00000000  f7=0x00000000
     349305.000 ns	     34929	800075f4	015137b3	sltu	x15,x2,x21	  x2:0x00000000 x21:0xffffffff x15=0x00000001
     349315.000 ns	     34930	800075f8	00000013	addi	x0,x0,0	  x0:0x00000000
     349355.000 ns	     34934	800075fc	09418453	fsub.s	f8,f3,f20	  f3:0x7fc00000 f20:0x473501d8  f8=0x7fc00000
     349375.000 ns	     34936	80007600	7be1f993	andi	x19,x3,1982	  x3:0x7761a56f x19=0x0000052e
     349385.000 ns	     34937	80007604	402b59b3	sra	x19,x22,x2	 x22:0x00000000  x2:0x00000000 x19=0x00000000
     349395.000 ns	     34938	80007608	00000013	addi	x0,x0,0	  x0:0x00000000
     349435.000 ns	     34942	8000760c	09737153	fsub.s	f2,f6,f23	  f6:0x4e8f7000 f23:0x46b00000  f2=0x4e8f6f50
     349465.000 ns	     34945	80007610	a0fe1153	flt.s	x2,f28,f15	 f28:0x7fc00000 f15:0x00000000  x2=0x00000000
     349495.000 ns	     34948	80007614	20a719d3	fsgnjn.s	f19,f14,f10	 f14:0x00000000 f10:0x7fc00000 f19=0x80000000
     349535.000 ns	     34952	80007618	580ff753	fsqrt.s	f14,f31	 f31:0xf0d585cf f14=0x7fc00000
     349555.000 ns	     34954	8000761c	000a7533	and	x10,x20,x0	 x20:0xffffffff  x0:0x00000000 x10=0x00000000
     349575.000 ns	     34956	80007620	f00c07d3	fmv.w.x	f15,x24	 x24:0x0000002d f15=0x0000002d
     349605.000 ns	     34959	80007624	03e50cb3	mul	x25,x10,x30	 x10:0x00000000 x30:0x00000000 x25=0x00000000
     349635.000 ns	     34962	80007628	a1ef1b53	flt.s	x22,f30,f30	 f30:0x80000000 f30:0x80000000 x22=0x00000000
     349655.000 ns	     34964	8000762c	51034793	xori	x15,x6,1296	  x6:0xffffffff x15=0xfffffaef
     349665.000 ns	     34965	80007630	00000013	addi	x0,x0,0	  x0:0x00000000
     349695.000 ns	     34968	80007634	103b7fd3	fmul.s	f31,f22,f3	 f22:0x7fc00000  f3:0x7fc00000 f31=0x7fc00000
     349715.000 ns	     34970	80007638	6fa48193	addi	x3,x9,1786	  x9:0x80040fe4  x3=0x800416de
     349725.000 ns	     34971	8000763c	415e5f13	srai	x30,x28,0x15	 x28:0x00000010 x30=0x00000000
     349735.000 ns	     34972	80007640	419ed8b3	sra	x17,x29,x25	 x29:0x00000000 x25:0x00000000 x17=0x00000000
     349745.000 ns	     34973	80007644	9ae62393	slti	x7,x12,-1618	 x12:0xfffffc73  x7=0x00000000
     349765.000 ns	     34975	80007648	021087b3	mul	x15,x1,x1	  x1:0x00000000  x1:0x00000000 x15=0x00000000
     349795.000 ns	     34978	8000764c	e0019253	fclass.s	x4,f3	  f3:0x7fc00000  x4=0x00000200
     349825.000 ns	     34981	80007650	03d6a433	mulhsu	x8,x13,x29	 x13:0x00000217 x29:0x00000000  x8=0x00000000
     349875.000 ns	     34986	80007654	0931a353	fsub.s	f6,f3,f19	  f3:0x7fc00000 f19:0x80000000  f6=0x7fc00000
     349905.000 ns	     34989	80007658	20b49dd3	fsgnjn.s	f27,f9,f11	  f9:0x7fc00000 f11:0x00000000 f27=0xffc00000
     349925.000 ns	     34991	8000765c	009c03b3	add	x7,x24,x9	 x24:0x0000002d  x9:0x80040fe4  x7=0x80041011
     349935.000 ns	     34992	80007660	00000013	addi	x0,x0,0	  x0:0x00000000
     349945.000 ns	     34993	80007664	f8b0ea13	ori	x20,x1,-117	  x1:0x00000000 x20=0xffffff8b
     349965.000 ns	     34995	80007668	d012f7d3	fcvt.s.wu	f15,x5	  x5:0xf0d585cf f15=0x4f70d585
     349995.000 ns	     34998	8000766c	209d0553	fsgnj.s	f10,f26,f9	 f26:0x7fc00000  f9:0x7fc00000 f10=0x7fc00000
     350025.000 ns	     35001	80007670	a0830ad3	fle.s	x21,f6,f8	  f6:0x7fc00000  f8:0x7fc00000 x21=0x00000000
     350055.000 ns	     35004	80007674	282a1f53	fmax.s	f30,f20,f2	 f20:0x473501d8  f2:0x4e8f6f50 f30=0x4e8f6f50
     350075.000 ns	     35006	80007678	01420633	add	x12,x4,x20	  x4:0x00000200 x20:0xffffff8b x12=0x0000018b
     350095.000 ns	     35008	8000767c	284a8f53	fmin.s	f30,f21,f4	 f21:0x00000000  f4:0x7fc00000 f30=0x00000000
     350115.000 ns	     35010	80007680	00000013	addi	x0,x0,0	  x0:0x00000000
     350135.000 ns	     35012	80007684	a02f1153	flt.s	x2,f30,f2	 f30:0x00000000  f2:0x4e8f6f50  x2=0x00000001
     350165.000 ns	     35015	80007688	02fd61b3	rem	x3,x26,x15	 x26:0x00000009 x15:0x00000000  x3=0x00000009
     350185.000 ns	     35017	8000768c	412c5b93	srai	x23,x24,0x12	 x24:0x0000002d x23=0x00000000
     350195.000 ns	     35018	80007690	004ff833	and	x16,x31,x4	 x31:0x80041024  x4:0x00000200 x16=0x00000000
     350205.000 ns	     35019	80007694	01de9933	sll	x18,x29,x29	 x29:0x00000000 x29:0x00000000 x18=0x00000000
     350225.000 ns	     35021	80007698	02319e33	mulh	x28,x3,x3	  x3:0x00000009  x3:0x00000009 x28=0x00000000
     350245.000 ns	     35023	8000769c	01e64433	xor	x8,x12,x30	 x12:0x0000018b x30:0x00000000  x8=0x0000018b
     350255.000 ns	     35024	800076a0	01ceb1b3	sltu	x3,x29,x28	 x29:0x00000000 x28:0x00000000  x3=0x00000000
     350265.000 ns	     35025	800076a4	0089fbb3	and	x23,x19,x8	 x19:0x00000000  x8:0x00000000 x23=0x00000000
     350275.000 ns	     35026	800076a8	6f7c4993	xori	x19,x24,1783	 x24:0x0000002d x19=0x000006da
     350285.000 ns	     35027	800076ac	d1983317	auipc	x6,0xd1983	  x6=0x5198a6ac
     350305.000 ns	     35029	800076b0	a02905d3	fle.s	x11,f18,f2	 f18:0x31800000  f2:0x4e8f6f50 x11=0x00000001
     350325.000 ns	     35031	800076b4	0136a233	slt	x4,x13,x19	 x13:0x00000217 x19:0x000006da  x4=0x00000001
     350335.000 ns	     35032	800076b8	008e1693	slli	x13,x28,0x8	 x28:0x00000000 x13=0x00000000
     350355.000 ns	     35034	800076bc	f00e83d3	fmv.w.x	f7,x29	 x29:0x00000000  f7=0x00000000
     350375.000 ns	     35036	800076c0	001c9633	sll	x12,x25,x1	 x25:0x00000000  x1:0x00000000 x12=0x00000000
     350385.000 ns	     35037	800076c4	00c388b3	add	x17,x7,x12	  x7:0x80041011 x12:0x0000018b x17=0x80041011
     350395.000 ns	     35038	800076c8	40fe5113	srai	x2,x28,0xf	 x28:0x00000000  x2=0x00000000
     350415.000 ns	     35040	800076cc	f00f0753	fmv.w.x	f14,x30	 x30:0x00000000 f14=0x00000000
     350445.000 ns	     35043	800076d0	a11d2d53	feq.s	x26,f26,f17	 f26:0x7fc00000 f17:0x3f800000 x26=0x00000000
     350465.000 ns	     35045	800076d4	40b00733	sub	x14,x0,x11	  x0:0x00000000 x11:0x00000001 x14=0xffffffff
     350475.000 ns	     35046	800076d8	008c6433	or	x8,x24,x8	 x24:0x0000002d  x8:0x0000018b  x8=0x000001af
     350495.000 ns	     35048	800076dc	03ec18b3	mulh	x17,x24,x30	 x24:0x0000002d x30:0x00000000 x17=0x00000000
     350525.000 ns	     35051	800076e0	d001fb53	fcvt.s.w	f22,x3	  x3:0x00000000 f22=0x00000000
     350545.000 ns	     35053	800076e4	bdcfd217	auipc	x4,0xbdcfd	  x4=0x3dd046e4
     350565.000 ns	     35055	800076e8	03effb33	remu	x22,x31,x30	 x31:0x80041024 x30:0x00000000 x22=0x80041024
     350595.000 ns	     35058	800076ec	21bb1dd3	fsgnjn.s	f27,f22,f27	 f22:0x00000000 f27:0xffc00000 f27=0x00000000
     350625.000 ns	     35061	800076f0	a1cd27d3	feq.s	x15,f26,f28	 f26:0x7fc00000 f28:0x7fc00000 x15=0x00000000
     350655.000 ns	     35064	800076f4	a1850453	fle.s	x8,f10,f24	 f10:0x7fc00000 f24:0xcefff800  x8=0x00000000
     350675.000 ns	     35066	800076f8	0cf54397	auipc	x7,0xcf54	  x7=0x8cf5b6f8
     350715.000 ns	     35070	800076fc	08a845d3	fsub.s	f11,f16,f10	 f16:0x473502d8 f10:0x7fc00000 f11=0x7fc00000
     350735.000 ns	     35072	80007700	d9f3f317	auipc	x6,0xd9f3f	  x6=0x59f46700
     350755.000 ns	     35074	80007704	032f1933	mulh	x18,x30,x18	 x30:0x00000000 x18:0x00000000 x18=0x00000000
     350805.000 ns	     35079	80007708	08c20ed3	fsub.s	f29,f4,f12	  f4:0x7fc00000 f12:0x00000000 f29=0x7fc00000
     350825.000 ns	     35081	8000770c	00843d33	sltu	x26,x8,x8	  x8:0x00000000  x8:0x00000000 x26=0x00000000
     350835.000 ns	     35082	80007710	0001d193	srli	x3,x3,0x0	  x3:0x00000000  x3=0x00000000
     350845.000 ns	     35083	80007714	018061b3	or	x3,x0,x24	  x0:0x00000000 x24:0x0000002d  x3=0x0000002d
     350855.000 ns	     35084	80007718	003ed733	srl	x14,x29,x3	 x29:0x00000000  x3:0x00000000 x14=0x00000000
     350865.000 ns	     35085	8000771c	35437713	andi	x14,x6,852	  x6:0x59f46700 x14=0x00000300
     350875.000 ns	     35086	80007720	7ea5ac13	slti	x24,x11,2026	 x11:0x00000001 x24=0x00000001
     350895.000 ns	     35088	80007724	02511eb3	mulh	x29,x2,x5	  x2:0x00000000  x5:0xf0d585cf x29=0x00000000
     350915.000 ns	     35090	80007728	74c27093	andi	x1,x4,1868	  x4:0x3dd046e4  x1=0x00000644
     350925.000 ns	     35091	8000772c	408e8cb3	sub	x25,x29,x8	 x29:0x00000000  x8:0x00000000 x25=0x00000000
     350945.000 ns	     35093	80007730	f00488d3	fmv.w.x	f17,x9	  x9:0x80040fe4 f17=0x80040fe4
     350975.000 ns	     35096	80007734	20042ed3	fsgnjx.s	f29,f8,f0	  f8:0x7fc00000  f0:0x00000000 f29=0x7fc00000
     350995.000 ns	     35098	80007738	3bc0b713	sltiu	x14,x1,956	  x1:0x00000644 x14=0x00000000
     351015.000 ns	     35100	8000773c	d01f9053	fcvt.s.wu	f0,x31	 x31:0x80041024  f0=0x4f000410
     351035.000 ns	     35102	80007740	0083ecb3	or	x25,x7,x8	  x7:0x8cf5b6f8  x8:0x00000000 x25=0x8cf5b6f8
     351075.000 ns	     35106	80007744	009a1c53	fadd.s	f24,f20,f9	 f20:0x473501d8  f9:0x7fc00000 f24=0x7fc00000
     351125.000 ns	     35111	80007748	08977ad3	fsub.s	f21,f14,f9	 f14:0x00000000  f9:0x7fc00000 f21=0x7fc00000
     351155.000 ns	     35114	8000774c	02ee48b3	div	x17,x28,x14	 x28:0x00000000 x14:0x00000000 x17=0xffffffff
     351175.000 ns	     35116	80007750	00646633	or	x12,x8,x6	  x8:0x00000000  x6:0x59f46700 x12=0x59f46700
     351185.000 ns	     35117	80007754	01f8d633	srl	x12,x17,x31	 x17:0xffffffff x31:0x80041024 x12=0x0fffffff
     351195.000 ns	     35118	80007758	75fbfb93	andi	x23,x23,1887	 x23:0x00000000 x23=0x00000000
     351235.000 ns	     35122	8000775c	01f33253	fadd.s	f4,f6,f31	  f6:0x7fc00000 f31:0x7fc00000  f4=0x7fc00000
     351255.000 ns	     35124	80007760	00000013	addi	x0,x0,0	  x0:0x00000000
     351295.000 ns	     35128	80007764	0006f153	fadd.s	f2,f13,f0	 f13:0x00000000  f0:0x4f000410  f2=0x4f000410
     351325.000 ns	     35131	80007768	d00b41d3	fcvt.s.w	f3,x22	 x22:0x80041024  f3=0xcefff7e0
     351355.000 ns	     35134	8000776c	29cc1ad3	fmax.s	f21,f24,f28	 f24:0x7fc00000 f28:0x7fc00000 f21=0x7fc00000
     351725.000 ns	     35171	80007770	026ae5b3	rem	x11,x21,x6	 x21:0x00000000  x6:0x59f46700 x11=0x00000000
     351755.000 ns	     35174	80007774	a02aacd3	feq.s	x25,f21,f2	 f21:0x7fc00000  f2:0x4f000410 x25=0x00000000
     351785.000 ns	     35177	80007778	21061553	fsgnjn.s	f10,f12,f16	 f12:0x00000000 f16:0x473502d8 f10=0x80000000
     352155.000 ns	     35214	8000777c	0295ebb3	rem	x23,x11,x9	 x11:0x00000000  x9:0x80040fe4 x23=0x00000000
     352185.000 ns	     35217	80007780	a0d297d3	flt.s	x15,f5,f13	  f5:0xbf800000 f13:0x00000000 x15=0x00000001
     352205.000 ns	     35219	80007784	f4c74e13	xori	x28,x14,-180	 x14:0x00000000 x28=0xffffff4c
     352535.000 ns	     35252	80007788	18f179d3	fdiv.s	f19,f2,f15	  f2:0x4f000410 f15:0x4f70d585 f19=0x3f000410
     352555.000 ns	     35254	8000778c	403603b3	sub	x7,x12,x3	 x12:0x0fffffff  x3:0x0000002d  x7=0x0fffffd2
     352575.000 ns	     35256	80007790	c0123b53	fcvt.wu.s	x22,f4	  f4:0x7fc00000 x22=0xffffffff
     352595.000 ns	     35258	80007794	8d4f8217	auipc	x4,0x8d4f8	  x4=0x0d4ff794
     352605.000 ns	     35259	80007798	40f88233	sub	x4,x17,x15	 x17:0xffffffff x15:0x00000001  x4=0xfffffffe
     352615.000 ns	     35260	8000779c	3458b593	sltiu	x11,x17,837	 x17:0xffffffff x11=0x00000000
     352645.000 ns	     35263	800077a0	580b4c53	fsqrt.s	f24,f22	 f22:0x00000000 f24=0x00000000
     352695.000 ns	     35268	800077a4	089e76d3	fsub.s	f13,f28,f9	 f28:0x7fc00000  f9:0x7fc00000 f13=0x7fc00000
     352715.000 ns	     35270	800077a8	416f0eb3	sub	x29,x30,x22	 x30:0x00000000 x22:0xffffffff x29=0x00000001
     352725.000 ns	     35271	800077ac	004bdc13	srli	x24,x23,0x4	 x23:0x00000000 x24=0x00000000
     352745.000 ns	     35273	800077b0	293600d3	fmin.s	f1,f12,f19	 f12:0x00000000 f19:0x3f000410  f1=0x00000000
     352775.000 ns	     35276	800077b4	e0068253	fmv.x.w	x4,f13	 f13:0x7fc00000  x4=0x7fc00000
     352805.000 ns	     35279	800077b8	02e36bb3	rem	x23,x6,x14	  x6:0x59f46700 x14:0x00000000 x23=0x59f46700
     352835.000 ns	     35282	800077bc	03033833	mulhu	x16,x6,x16	  x6:0x59f46700 x16:0x00000000 x16=0x00000000
     352855.000 ns	     35284	800077c0	01a7ee33	or	x28,x15,x26	 x15:0x00000001 x26:0x00000000 x28=0x00000001
     352865.000 ns	     35285	800077c4	ad60a413	slti	x8,x1,-1322	  x1:0x00000644  x8=0x00000000
     352905.000 ns	     35289	800077c8	00e7c5d3	fadd.s	f11,f15,f14	 f15:0x4f70d585 f14:0x00000000 f11=0x4f70d585
     352935.000 ns	     35292	800077cc	03a36933	rem	x18,x6,x26	  x6:0x59f46700 x26:0x00000000 x18=0x59f46700
     352965.000 ns	     35295	800077d0	21b821d3	fsgnjx.s	f3,f16,f27	 f16:0x473502d8 f27:0x00000000  f3=0x473502d8
     352985.000 ns	     35297	800077d4	0181f933	and	x18,x3,x24	  x3:0x0000002d x24:0x00000000 x18=0x00000000
     352995.000 ns	     35298	800077d8	00360a33	add	x20,x12,x3	 x12:0x0fffffff  x3:0x0000002d x20=0x1000002c
     353005.000 ns	     35299	800077dc	40fd81b3	sub	x3,x27,x15	 x27:0x7fc00000 x15:0x00000001  x3=0x7fbfffff
     353015.000 ns	     35300	800077e0	41add013	srai	x0,x27,0x1a	 x27:0x7fc00000
     353035.000 ns	     35302	800077e4	204989d3	fsgnj.s	f19,f19,f4	 f19:0x3f000410  f4:0x7fc00000 f19=0x3f000410
     353075.000 ns	     35306	800077e8	580e2bd3	fsqrt.s	f23,f28	 f28:0x7fc00000 f23=0x7fc00000
     353095.000 ns	     35308	800077ec	40cf8ab3	sub	x21,x31,x12	 x31:0x80041024 x12:0x0fffffff x21=0x70041025
     353105.000 ns	     35309	800077f0	8e516d13	ori	x26,x2,-1819	  x2:0x00000000 x26=0xfffff8e5
     353115.000 ns	     35310	800077f4	01bfd413	srli	x8,x31,0x1b	 x31:0x80041024  x8=0x00000010
     353475.000 ns	     35346	800077f8	025cfcb3	remu	x25,x25,x5	 x25:0x00000000  x5:0xf0d585cf x25=0x00000000
     353495.000 ns	     35348	800077fc	015b3633	sltu	x12,x22,x21	 x22:0xffffffff x21:0x70041025 x12=0x00000000
     353505.000 ns	     35349	80007800	6ca388b7	lui	x17,0x6ca38	 x17=0x6ca38000
     353865.000 ns	     35385	80007804	0345eeb3	rem	x29,x11,x20	 x11:0x00000000 x20:0x1000002c x29=0x00000000
     353895.000 ns	     35388	80007808	039a7033	remu	x0,x20,x25	 x20:0x1000002c x25:0x00000000
     353915.000 ns	     35390	8000780c	00000013	addi	x0,x0,0	  x0:0x00000000
     353935.000 ns	     35392	80007810	030b0ab3	mul	x21,x22,x16	 x22:0xffffffff x16:0x00000000 x21=0x00000000
     353955.000 ns	     35394	80007814	8a778893	addi	x17,x15,-1881	 x15:0x00000001 x17=0xfffff8a8
     353975.000 ns	     35396	80007818	d0147f53	fcvt.s.wu	f30,x8	  x8:0x00000010 f30=0x41800000
     354015.000 ns	     35400	8000781c	11dd7dd3	fmul.s	f27,f26,f29	 f26:0x7fc00000 f29:0x7fc00000 f27=0x7fc00000
     354035.000 ns	     35402	80007820	da3ce793	ori	x15,x25,-605	 x25:0x00000000 x15=0xfffffda3
     354075.000 ns	     35406	80007824	098a45d3	fsub.s	f11,f20,f24	 f20:0x473501d8 f24:0x00000000 f11=0x473501d8
     354105.000 ns	     35409	80007828	a02ca1d3	feq.s	x3,f25,f2	 f25:0xbf800000  f2:0x4f000410  x3=0x00000000
     354125.000 ns	     35411	8000782c	00000013	addi	x0,x0,0	  x0:0x00000000
     354145.000 ns	     35413	80007830	027798b3	mulh	x17,x15,x7	 x15:0xfffffda3  x7:0x0fffffd2 x17=0xffffffda
     354175.000 ns	     35416	80007834	a1e90953	fle.s	x18,f18,f30	 f18:0x31800000 f30:0x41800000 x18=0x00000001
     354195.000 ns	     35418	80007838	00bb9413	slli	x8,x23,0xb	 x23:0x59f46700  x8=0xa3380000
     354215.000 ns	     35420	8000783c	f00a82d3	fmv.w.x	f5,x21	 x21:0x00000000  f5=0x00000000
     354235.000 ns	     35422	80007840	68574e17	auipc	x28,0x68574	 x28=0xe857b840
     354595.000 ns	     35458	80007844	02ff59b3	divu	x19,x30,x15	 x30:0x00000000 x15:0xfffffda3 x19=0x00000000
     354615.000 ns	     35460	80007848	40a1da93	srai	x21,x3,0xa	  x3:0x00000000 x21=0x00000000
     354635.000 ns	     35462	8000784c	20a11153	fsgnjn.s	f2,f2,f10	  f2:0x4f000410 f10:0x80000000  f2=0x4f000410
     354665.000 ns	     35465	80007850	a1519153	flt.s	x2,f3,f21	  f3:0x473502d8 f21:0x7fc00000  x2=0x00000000
     354705.000 ns	     35469	80007854	580af9d3	fsqrt.s	f19,f21	 f21:0x7fc00000 f19=0x7fc00000
     354725.000 ns	     35471	80007858	9eacbb13	sltiu	x22,x25,-1558	 x25:0x00000000 x22=0x00000001
     354765.000 ns	     35475	8000785c	00334bd3	fadd.s	f23,f6,f3	  f6:0x7fc00000  f3:0x473502d8 f23=0x7fc00000
     354785.000 ns	     35477	80007860	005ea6b3	slt	x13,x29,x5	 x29:0x00000000  x5:0xf0d585cf x13=0x00000000
     354815.000 ns	     35480	80007864	194ef953	fdiv.s	f18,f29,f20	 f29:0x7fc00000 f20:0x473501d8 f18=0x7fc00000
     354845.000 ns	     35483	80007868	03b93533	mulhu	x10,x18,x27	 x18:0x00000001 x27:0x7fc00000 x10=0x00000000
     354895.000 ns	     35488	8000786c	0915a8d3	fsub.s	f17,f11,f17	 f11:0x473501d8 f17:0x80040fe4 f17=0x473501d8
     354925.000 ns	     35491	80007870	20a62f53	fsgnjx.s	f30,f12,f10	 f12:0x00000000 f10:0x80000000 f30=0x80000000
     354945.000 ns	     35493	80007874	006fdd33	srl	x26,x31,x6	 x31:0x80041024  x6:0x59f46700 x26=0x80041024
     354965.000 ns	     35495	80007878	211a2cd3	fsgnjx.s	f25,f20,f17	 f20:0x473501d8 f17:0x473501d8 f25=0x473501d8
     354985.000 ns	     35497	8000787c	01e7b033	sltu	x0,x15,x30	 x15:0xfffffda3 x30:0x00000000
     355005.000 ns	     35499	80007880	d00df5d3	fcvt.s.w	f11,x27	 x27:0x7fc00000 f11=0x4eff8000
     355025.000 ns	     35501	80007884	0072f233	and	x4,x5,x7	  x5:0xf0d585cf  x7:0x0fffffd2  x4=0x00d585c2
     355045.000 ns	     35503	80007888	a1e60153	fle.s	x2,f12,f30	 f12:0x00000000 f30:0x80000000  x2=0x00000001
     355075.000 ns	     35506	8000788c	c019fdd3	fcvt.wu.s	x27,f19	 f19:0x7fc00000 x27=0xffffffff
     355445.000 ns	     35543	80007890	02776533	rem	x10,x14,x7	 x14:0x00000000  x7:0x0fffffd2 x10=0x00000000
     355465.000 ns	     35545	80007894	00d1ccb3	xor	x25,x3,x13	  x3:0x00000000 x13:0x00000000 x25=0x00000000
     355825.000 ns	     35581	80007898	02954933	div	x18,x10,x9	 x10:0x00000000  x9:0x80040fe4 x18=0x00000000
     355855.000 ns	     35584	8000789c	d0093c53	fcvt.s.w	f24,x18	 x18:0x00000001 f24=0x00000000
     355885.000 ns	     35587	800078a0	a19e9453	flt.s	x8,f29,f25	 f29:0x7fc00000 f25:0x473501d8  x8=0x00000000
     355905.000 ns	     35589	800078a4	01c5f0b3	and	x1,x11,x28	 x11:0x00000000 x28:0xe857b840  x1=0x00000000
     355925.000 ns	     35591	800078a8	a1b79d53	flt.s	x26,f15,f27	 f15:0x4f70d585 f27:0x7fc00000 x26=0x00000000
     355945.000 ns	     35593	800078ac	008e9b33	sll	x22,x29,x8	 x29:0x00000000  x8:0x00000000 x22=0x00000000
     355955.000 ns	     35594	800078b0	009da833	slt	x16,x27,x9	 x27:0xffffffff  x9:0x80040fe4 x16=0x00000000
     355975.000 ns	     35596	800078b4	02b4b633	mulhu	x12,x9,x11	  x9:0x80040fe4 x11:0x00000000 x12=0x00000000
     356005.000 ns	     35599	800078b8	d015a0d3	fcvt.s.wu	f1,x11	 x11:0x00000000  f1=0x00000000
     356035.000 ns	     35602	800078bc	034ca9b3	mulhsu	x19,x25,x20	 x25:0x00000000 x20:0x1000002c x19=0x00000000
     356065.000 ns	     35605	800078c0	c009ff53	fcvt.w.s	x30,f19	 f19:0x7fc00000 x30=0x7fffffff
     356435.000 ns	     35642	800078c4	0278ceb3	div	x29,x17,x7	 x17:0xffffffda  x7:0x0fffffd2 x29=0x00000000
     356465.000 ns	     35645	800078c8	0207d733	divu	x14,x15,x0	 x15:0xfffffda3  x0:0x00000000 x14=0xffffffff
     356495.000 ns	     35648	800078cc	a1600553	fle.s	x10,f0,f22	  f0:0x4f000410 f22:0x00000000 x10=0x00000000
     356525.000 ns	     35651	800078d0	03c98633	mul	x12,x19,x28	 x19:0x00000000 x28:0xe857b840 x12=0x00000000
     356895.000 ns	     35688	800078d4	03b956b3	divu	x13,x18,x27	 x18:0x00000000 x27:0xffffffff x13=0x00000000
     356925.000 ns	     35691	800078d8	f0050f53	fmv.w.x	f30,x10	 x10:0x00000000 f30=0x00000000
     356975.000 ns	     35696	800078dc	0816f253	fsub.s	f4,f13,f1	 f13:0x7fc00000  f1:0x00000000  f4=0x7fc00000
     357015.000 ns	     35700	800078e0	580405d3	fsqrt.s	f11,f8	  f8:0x7fc00000 f11=0x7fc00000
     357035.000 ns	     35702	800078e4	23657993	andi	x19,x10,566	 x10:0x00000000 x19=0x00000000
     357075.000 ns	     35706	800078e8	005ff4d3	fadd.s	f9,f31,f5	 f31:0x7fc00000  f5:0x00000000  f9=0x7fc00000
     357445.000 ns	     35743	800078ec	03f97433	remu	x8,x18,x31	 x18:0x00000000 x31:0x80041024  x8=0x00000000
     357465.000 ns	     35745	800078f0	7a531f17	auipc	x30,0x7a531	 x30=0xfa5388f0
     357485.000 ns	     35747	800078f4	e0011ed3	fclass.s	x29,f2	  f2:0x4f000410 x29=0x00000040
     357505.000 ns	     35749	800078f8	419dd793	srai	x15,x27,0x19	 x27:0xffffffff x15=0xffffffff
     357525.000 ns	     35751	800078fc	02de5933	divu	x18,x28,x13	 x28:0xe857b840 x13:0x00000000 x18=0xffffffff
     357555.000 ns	     35754	80007900	c0084553	fcvt.w.s	x10,f16	 f16:0x473502d8 x10=0x0000b503
     357575.000 ns	     35756	80007904	419a8b33	sub	x22,x21,x25	 x21:0x00000000 x25:0x00000000 x22=0x00000000
     357595.000 ns	     35758	80007908	21e18fd3	fsgnj.s	f31,f3,f30	  f3:0x473502d8 f30:0x00000000 f31=0x473502d8
     357615.000 ns	     35760	8000790c	f5f09397	auipc	x7,0xf5f09	  x7=0x75f1090c
     357625.000 ns	     35761	80007910	00000013	addi	x0,x0,0	  x0:0x00000000
     357635.000 ns	     35762	80007914	41ea5613	srai	x12,x20,0x1e	 x20:0x1000002c x12=0x00000000
     357645.000 ns	     35763	80007918	55ba0a93	addi	x21,x20,1371	 x20:0x1000002c x21=0x10000587
     357685.000 ns	     35767	8000791c	09034bd3	fsub.s	f23,f6,f16	  f6:0x7fc00000 f16:0x473502d8 f23=0x7fc00000
     357705.000 ns	     35769	80007920	008c2933	slt	x18,x24,x8	 x24:0x00000000  x8:0x00000000 x18=0x00000000
     357715.000 ns	     35770	80007924	a05ea413	slti	x8,x29,-1531	 x29:0x00000040  x8=0x00000000
     357735.000 ns	     35772	80007928	e0031ad3	fclass.s	x21,f6	  f6:0x7fc00000 x21=0x00000200
     357755.000 ns	     35774	8000792c	00e316b3	sll	x13,x6,x14	  x6:0x59f46700 x14:0xffffffff x13=0x00000000
     357765.000 ns	     35775	80007930	01651593	slli	x11,x10,0x16	 x10:0x0000b503 x11=0x40c00000
     357785.000 ns	     35777	80007934	02b9a5b3	mulhsu	x11,x19,x11	 x19:0x00000000 x11:0x00000000 x11=0x00000000
     357815.000 ns	     35780	80007938	a15c01d3	fle.s	x3,f24,f21	 f24:0x00000000 f21:0x7fc00000  x3=0x00000000
     357845.000 ns	     35783	8000793c	e00d0753	fmv.x.w	x14,f26	 f26:0x7fc00000 x14=0x7fc00000
     357875.000 ns	     35786	80007940	20561d53	fsgnjn.s	f26,f12,f5	 f12:0x00000000  f5:0x00000000 f26=0x80000000
     357895.000 ns	     35788	80007944	1d1cf413	andi	x8,x25,465	 x25:0x00000000  x8=0x00000000
     357935.000 ns	     35792	80007948	085273d3	fsub.s	f7,f4,f5	  f4:0x7fc00000  f5:0x00000000  f7=0x7fc00000
     357955.000 ns	     35794	8000794c	00000013	addi	x0,x0,0	  x0:0x00000000
     357975.000 ns	     35796	80007950	a11c27d3	feq.s	x15,f24,f17	 f24:0x00000000 f17:0x473501d8 x15=0x00000000
     357995.000 ns	     35798	80007954	005c1d13	slli	x26,x24,0x5	 x24:0x00000000 x26=0x00000000
     358005.000 ns	     35799	80007958	00000013	addi	x0,x0,0	  x0:0x00000000
     358025.000 ns	     35801	8000795c	02f66c33	rem	x24,x12,x15	 x12:0x00000000 x15:0x00000000 x24=0x00000000
     358055.000 ns	     35804	80007960	02326cb3	rem	x25,x4,x3	  x4:0x00d585c2  x3:0x00000000 x25=0x00d585c2
     358085.000 ns	     35807	80007964	20a59f53	fsgnjn.s	f30,f11,f10	 f11:0x7fc00000 f10:0x80000000 f30=0x7fc00000
     358105.000 ns	     35809	80007968	e3528737	lui	x14,0xe3528	 x14=0xe3528000
     358125.000 ns	     35811	8000796c	f00401d3	fmv.w.x	f3,x8	  x8:0x00000000  f3=0x00000000
     358145.000 ns	     35813	80007970	a39cccb7	lui	x25,0xa39cc	 x25=0xa39cc000
     358165.000 ns	     35815	80007974	20f0a953	fsgnjx.s	f18,f1,f15	  f1:0x00000000 f15:0x4f70d585 f18=0x00000000
     358535.000 ns	     35852	80007978	027160b3	rem	x1,x2,x7	  x2:0x00000001  x7:0x75f1090c  x1=0x00000001
     358565.000 ns	     35855	8000797c	d001f5d3	fcvt.s.w	f11,x3	  x3:0x00000000 f11=0x00000000
     358585.000 ns	     35857	80007980	017931b3	sltu	x3,x18,x23	 x18:0x00000000 x23:0x59f46700  x3=0x00000001
     358595.000 ns	     35858	80007984	ecc3a413	slti	x8,x7,-308	  x7:0x75f1090c  x8=0x00000000
     358605.000 ns	     35859	80007988	003d78b3	and	x17,x26,x3	 x26:0x00000000  x3:0x00000000 x17=0x00000000
     358625.000 ns	     35861	8000798c	e0039dd3	fclass.s	x27,f7	  f7:0x7fc00000 x27=0x00000200
     358645.000 ns	     35863	80007990	faa67993	andi	x19,x12,-86	 x12:0x00000000 x19=0x00000000
     358665.000 ns	     35865	80007994	a0e588d3	fle.s	x17,f11,f14	 f11:0x00000000 f14:0x00000000 x17=0x00000001
     359035.000 ns	     35902	80007998	0215d733	divu	x14,x11,x1	 x11:0x00000000  x1:0x00000001 x14=0x00000000
     359065.000 ns	     35905	8000799c	0361af33	mulhsu	x30,x3,x22	  x3:0x00000001 x22:0x00000000 x30=0x00000000
     359095.000 ns	     35908	800079a0	20e58dd3	fsgnj.s	f27,f11,f14	 f11:0x00000000 f14:0x00000000 f27=0x00000000
     359465.000 ns	     35945	800079a4	03b7e833	rem	x16,x15,x27	 x15:0x00000000 x27:0x00000200 x16=0x00000000
     359485.000 ns	     35947	800079a8	00ed0a33	add	x20,x26,x14	 x26:0x00000000 x14:0x00000000 x20=0x00000000
     359505.000 ns	     35949	800079ac	212cad53	fsgnjx.s	f26,f25,f18	 f25:0x473501d8 f18:0x00000000 f26=0x473501d8
     359535.000 ns	     35952	800079b0	a1179ed3	flt.s	x29,f15,f17	 f15:0x4f70d585 f17:0x473501d8 x29=0x00000000
     359565.000 ns	     35955	800079b4	02bca733	mulhsu	x14,x25,x11	 x25:0xa39cc000 x11:0x00000000 x14=0x00000000
     359605.000 ns	     35959	800079b8	19b74553	fdiv.s	f10,f14,f27	 f14:0x00000000 f27:0x00000000 f10=0x7fc00000
     359635.000 ns	     35962	800079bc	f00b0bd3	fmv.w.x	f23,x22	 x22:0x00000000 f23=0x00000000
     359655.000 ns	     35964	800079c0	41e9d313	srai	x6,x19,0x1e	 x19:0x00000000  x6=0x00000000
     359685.000 ns	     35967	800079c4	580df153	fsqrt.s	f2,f27	 f27:0x00000000  f2=0x00000000
     359715.000 ns	     35970	800079c8	21e82b53	fsgnjx.s	f22,f16,f30	 f16:0x473502d8 f30:0x7fc00000 f22=0x473502d8
     359735.000 ns	     35972	800079cc	018ead33	slt	x26,x29,x24	 x29:0x00000000 x24:0x00000000 x26=0x00000000
     359755.000 ns	     35974	800079d0	20881153	fsgnjn.s	f2,f16,f8	 f16:0x473502d8  f8:0x7fc00000  f2=0xc73502d8
     359775.000 ns	     35976	800079d4	01ceb5b3	sltu	x11,x29,x28	 x29:0x00000000 x28:0xe857b840 x11=0x00000001
     359785.000 ns	     35977	800079d8	41e68233	sub	x4,x13,x30	 x13:0x00000000 x30:0x00000000  x4=0x00000000
     359795.000 ns	     35978	800079dc	41ebd093	srai	x1,x23,0x1e	 x23:0x59f46700  x1=0x00000001
     359805.000 ns	     35979	800079e0	73b0fc17	auipc	x24,0x73b0f	 x24=0xf3b169e0
     359815.000 ns	     35980	800079e4	001a9033	sll	x0,x21,x1	 x21:0x00000200  x1:0x00000001
     359835.000 ns	     35982	800079e8	289f03d3	fmin.s	f7,f30,f9	 f30:0x7fc00000  f9:0x7fc00000  f7=0x7fc00000
     359855.000 ns	     35984	800079ec	41700eb3	sub	x29,x0,x23	  x0:0x00000000 x23:0x59f46700 x29=0xa60b9900
     359885.000 ns	     35987	800079f0	58067553	fsqrt.s	f10,f12	 f12:0x00000000 f10=0x00000000
     359905.000 ns	     35989	800079f4	001d0eb3	add	x29,x26,x1	 x26:0x00000000  x1:0x00000001 x29=0x00000001
     359925.000 ns	     35991	800079f8	e00e08d3	fmv.x.w	x17,f28	 f28:0x7fc00000 x17=0x7fc00000
     359965.000 ns	     35995	800079fc	189af753	fdiv.s	f14,f21,f9	 f21:0x7fc00000  f9:0x7fc00000 f14=0x7fc00000
     360015.000 ns	     36000	80007a00	098970d3	fsub.s	f1,f18,f24	 f18:0x00000000 f24:0x00000000  f1=0x80000000
     360045.000 ns	     36003	80007a04	29f500d3	fmin.s	f1,f10,f31	 f10:0x00000000 f31:0x473502d8  f1=0x00000000
     360065.000 ns	     36005	80007a08	f5514113	xori	x2,x2,-171	  x2:0x00000001  x2=0xffffff54
     360085.000 ns	     36007	80007a0c	02739c33	mulh	x24,x7,x7	  x7:0x75f1090c  x7:0x75f1090c x24=0x36563537
     360115.000 ns	     36010	80007a10	c00af053	fcvt.w.s	x0,f21	 f21:0x7fc00000
     360145.000 ns	     36013	80007a14	02647b33	remu	x22,x8,x6	  x8:0x00000000  x6:0x00000000 x22=0x00000000
     360175.000 ns	     36016	80007a18	03debd33	mulhu	x26,x29,x29	 x29:0x00000001 x29:0x00000001 x26=0x00000000
     360195.000 ns	     36018	80007a1c	a8fbcbb7	lui	x23,0xa8fbc	 x23=0xa8fbc000
     360215.000 ns	     36020	80007a20	023bac33	mulhsu	x24,x23,x3	 x23:0x59f46700  x3:0x00000001 x24=0xffffffff
     360235.000 ns	     36022	80007a24	413707b3	sub	x15,x14,x19	 x14:0x00000000 x19:0x00000000 x15=0x00000000
     360255.000 ns	     36024	80007a28	c012f3d3	fcvt.wu.s	x7,f5	  f5:0x00000000  x7=0x00000000
     360295.000 ns	     36028	80007a2c	1091f1d3	fmul.s	f3,f3,f9	  f3:0x00000000  f9:0x7fc00000  f3=0x7fc00000
     360325.000 ns	     36031	80007a30	e0061753	fclass.s	x14,f12	 f12:0x00000000 x14=0x00000010
     360355.000 ns	     36034	80007a34	c002fd53	fcvt.w.s	x26,f5	  f5:0x00000000 x26=0x00000000
     360385.000 ns	     36037	80007a38	d00df253	fcvt.s.w	f4,x27	 x27:0x00000200  f4=0x44000000
     360405.000 ns	     36039	80007a3c	b0618db7	lui	x27,0xb0618	 x27=0xb0618000
     360425.000 ns	     36041	80007a40	02800333	mul	x6,x0,x8	  x0:0x00000000  x8:0x00000000  x6=0x00000000
     360475.000 ns	     36046	80007a44	09448e53	fsub.s	f28,f9,f20	  f9:0x7fc00000 f20:0x473501d8 f28=0x7fc00000
     360495.000 ns	     36048	80007a48	00321b33	sll	x22,x4,x3	  x4:0x00000000  x3:0x00000001 x22=0x00000000
     360505.000 ns	     36049	80007a4c	011e5893	srli	x17,x28,0x11	 x28:0xe857b840 x17=0x0000742b
     360525.000 ns	     36051	80007a50	f00a8953	fmv.w.x	f18,x21	 x21:0x00000200 f18=0x00000200
     360555.000 ns	     36054	80007a54	e00d0253	fmv.x.w	x4,f26	 f26:0x473501d8  x4=0x473501d8
     360575.000 ns	     36056	80007a58	01c7d733	srl	x14,x15,x28	 x15:0x00000000 x28:0xe857b840 x14=0x00000000
     360595.000 ns	     36058	80007a5c	20130653	fsgnj.s	f12,f6,f1	  f6:0x7fc00000  f1:0x00000000 f12=0x7fc00000
     360625.000 ns	     36061	80007a60	a07005d3	fle.s	x11,f0,f7	  f0:0x4f000410  f7:0x7fc00000 x11=0x00000000
     360645.000 ns	     36063	80007a64	fda23693	sltiu	x13,x4,-38	  x4:0x473501d8 x13=0x00000001
     360665.000 ns	     36065	80007a68	c00916d3	fcvt.w.s	x13,f18	 f18:0x00000200 x13=0x00000000
     360685.000 ns	     36067	80007a6c	01cf36b3	sltu	x13,x30,x28	 x30:0x00000000 x28:0xe857b840 x13=0x00000001
     360705.000 ns	     36069	80007a70	a0859cd3	flt.s	x25,f11,f8	 f11:0x00000000  f8:0x7fc00000 x25=0x00000000
     360735.000 ns	     36072	80007a74	d00ef2d3	fcvt.s.w	f5,x29	 x29:0x00000001  f5=0x3f800000
     360775.000 ns	     36076	80007a78	186f11d3	fdiv.s	f3,f30,f6	 f30:0x7fc00000  f6:0x7fc00000  f3=0x7fc00000
     360795.000 ns	     36078	80007a7c	22e68d13	addi	x26,x13,558	 x13:0x00000001 x26=0x0000022f
     360815.000 ns	     36080	80007a80	288f8ad3	fmin.s	f21,f31,f8	 f31:0x473502d8  f8:0x7fc00000 f21=0x473502d8
     360845.000 ns	     36083	80007a84	20d38753	fsgnj.s	f14,f7,f13	  f7:0x7fc00000 f13:0x7fc00000 f14=0x7fc00000
     360875.000 ns	     36086	80007a88	207f1dd3	fsgnjn.s	f27,f30,f7	 f30:0x7fc00000  f7:0x7fc00000 f27=0xffc00000
     360925.000 ns	     36091	80007a8c	09b1f153	fsub.s	f2,f3,f27	  f3:0x7fc00000 f27:0x00000000  f2=0x7fc00000
     360945.000 ns	     36093	80007a90	e18e8c13	addi	x24,x29,-488	 x29:0x00000001 x24=0xfffffe19
     360955.000 ns	     36094	80007a94	00d15d33	srl	x26,x2,x13	  x2:0xffffff54 x13:0x00000001 x26=0x7fffffaa
     360965.000 ns	     36095	80007a98	00279b13	slli	x22,x15,0x2	 x15:0x00000000 x22=0x00000000
     360985.000 ns	     36097	80007a9c	a1fc80d3	fle.s	x1,f25,f31	 f25:0x473501d8 f31:0x473502d8  x1=0x00000001
     361005.000 ns	     36099	80007aa0	fc69f913	andi	x18,x19,-58	 x19:0x00000000 x18=0x00000000
     361025.000 ns	     36101	80007aa4	a05c1f53	flt.s	x30,f24,f5	 f24:0x00000000  f5:0x3f800000 x30=0x00000001
     361055.000 ns	     36104	80007aa8	c01d2bd3	fcvt.wu.s	x23,f26	 f26:0x473501d8 x23=0x0000b502
     361105.000 ns	     36109	80007aac	08ebaed3	fsub.s	f29,f23,f14	 f23:0x00000000 f14:0x7fc00000 f29=0x7fc00000
     361125.000 ns	     36111	80007ab0	153dc317	auipc	x6,0x153dc	  x6=0x953e3ab0
     361145.000 ns	     36113	80007ab4	02721c33	mulh	x24,x4,x7	  x4:0x473501d8  x7:0x00000000 x24=0x00000000
     361175.000 ns	     36116	80007ab8	020319b3	mulh	x19,x6,x0	  x6:0x00000000  x0:0x00000000 x19=0x00000000
     361195.000 ns	     36118	80007abc	001f90b3	sll	x1,x31,x1	 x31:0x80041024  x1:0x00000001  x1=0x00082048
     361555.000 ns	     36154	80007ac0	025fc833	div	x16,x31,x5	 x31:0x80041024  x5:0xf0d585cf x16=0x00000008
     361585.000 ns	     36157	80007ac4	291f0753	fmin.s	f14,f30,f17	 f30:0x7fc00000 f17:0x473501d8 f14=0x473501d8
     361605.000 ns	     36159	80007ac8	00b99a93	slli	x21,x19,0xb	 x19:0x00000000 x21=0x00000000
     361615.000 ns	     36160	80007acc	2b4ce193	ori	x3,x25,692	 x25:0x00000000  x3=0x000002b4
     361645.000 ns	     36163	80007ad0	580e8453	fsqrt.s	f8,f29	 f29:0x7fc00000  f8=0x7fc00000
     361665.000 ns	     36165	80007ad4	26a3c913	xori	x18,x7,618	  x7:0x00000000 x18=0x0000026a
     361685.000 ns	     36167	80007ad8	296986d3	fmin.s	f13,f19,f22	 f19:0x7fc00000 f22:0x473502d8 f13=0x473502d8
     361705.000 ns	     36169	80007adc	bff77013	andi	x0,x14,-1025	 x14:0x00000000
     362065.000 ns	     36205	80007ae0	02155433	divu	x8,x10,x1	 x10:0x0000b503  x1:0x00082048  x8=0x00000000
     362085.000 ns	     36207	80007ae4	6eb00b93	addi	x23,x0,1771	  x0:0x00000000 x23=0x000006eb
     362095.000 ns	     36208	80007ae8	011d5913	srli	x18,x26,0x11	 x26:0x7fffffaa x18=0x00003fff
     362105.000 ns	     36209	80007aec	14d051b7	lui	x3,0x14d05	  x3=0x14d05000
     362115.000 ns	     36210	80007af0	007b89b3	add	x19,x23,x7	 x23:0x000006eb  x7:0x00000000 x19=0x000006eb
     362125.000 ns	     36211	80007af4	401788b3	sub	x17,x15,x1	 x15:0x00000000  x1:0x00082048 x17=0xfff7dfb8
     362145.000 ns	     36213	80007af8	03937433	remu	x8,x6,x25	  x6:0x953e3ab0 x25:0x00000000  x8=0x953e3ab0
     362195.000 ns	     36218	80007afc	08ee9d53	fsub.s	f26,f29,f14	 f29:0x7fc00000 f14:0x473501d8 f26=0x7fc00000
     362225.000 ns	     36221	80007b00	e0049cd3	fclass.s	x25,f9	  f9:0x7fc00000 x25=0x00000200
     362595.000 ns	     36258	80007b04	03a75db3	divu	x27,x14,x26	 x14:0x00000000 x26:0x7fffffaa x27=0x00000000
     362625.000 ns	     36261	80007b08	02f4c8b3	div	x17,x9,x15	  x9:0x80040fe4 x15:0x00000000 x17=0xffffffff
     362675.000 ns	     36266	80007b0c	01a875d3	fadd.s	f11,f16,f26	 f16:0x473502d8 f26:0x7fc00000 f11=0x7fc00000
     362705.000 ns	     36269	80007b10	a1760953	fle.s	x18,f12,f23	 f12:0x7fc00000 f23:0x00000000 x18=0x00000000
     362725.000 ns	     36271	80007b14	41fa5f33	sra	x30,x20,x31	 x20:0x00000000 x31:0x80041024 x30=0x00000000
     362735.000 ns	     36272	80007b18	00fe9793	slli	x15,x29,0xf	 x29:0x00000001 x15=0x00008000
     362755.000 ns	     36274	80007b1c	d0017553	fcvt.s.w	f10,x2	  x2:0xffffff54 f10=0xc32c0000
     362775.000 ns	     36276	80007b20	01a99213	slli	x4,x19,0x1a	 x19:0x000006eb  x4=0xac000000
     362795.000 ns	     36278	80007b24	d00e7953	fcvt.s.w	f18,x28	 x28:0xe857b840 f18=0xcdbd423e
     362845.000 ns	     36283	80007b28	010e74d3	fadd.s	f9,f28,f16	 f28:0x7fc00000 f16:0x473502d8  f9=0x7fc00000
     362875.000 ns	     36286	80007b2c	c0137453	fcvt.wu.s	x8,f6	  f6:0x7fc00000  x8=0xffffffff
     362895.000 ns	     36288	80007b30	01919e93	slli	x29,x3,0x19	  x3:0x14d05000 x29=0x00000000
     363255.000 ns	     36324	80007b34	0374c8b3	div	x17,x9,x23	  x9:0x80040fe4 x23:0x000006eb x17=0xffed7ff0
     363295.000 ns	     36328	80007b38	580f4ad3	fsqrt.s	f21,f30	 f30:0x7fc00000 f21=0x7fc00000
     363665.000 ns	     36365	80007b3c	02d2d633	divu	x12,x5,x13	  x5:0xf0d585cf x13:0x00000001 x12=0xf0d585cf
     363695.000 ns	     36368	80007b40	213505d3	fsgnj.s	f11,f10,f19	 f10:0xc32c0000 f19:0x7fc00000 f11=0x432c0000
     363715.000 ns	     36370	80007b44	62b20d93	addi	x27,x4,1579	  x4:0xac000000 x27=0xac00062b
     363735.000 ns	     36372	80007b48	a10497d3	flt.s	x15,f9,f16	  f9:0x7fc00000 f16:0x473502d8 x15=0x00000000
     363765.000 ns	     36375	80007b4c	d00bc953	fcvt.s.w	f18,x23	 x23:0x000006eb f18=0x44dd6000
     363795.000 ns	     36378	80007b50	d01d75d3	fcvt.s.wu	f11,x26	 x26:0x7fffffaa f11=0x4effffff
     364165.000 ns	     36415	80007b54	02d77533	remu	x10,x14,x13	 x14:0x00000000 x13:0x00000001 x10=0x00000000
     364535.000 ns	     36452	80007b58	02c1e8b3	rem	x17,x3,x12	  x3:0x14d05000 x12:0xf0d585cf x17=0x05a5d5cf
     364565.000 ns	     36455	80007b5c	d0169653	fcvt.s.wu	f12,x13	 x13:0x00000001 f12=0x3f800000
     364595.000 ns	     36458	80007b60	211b2153	fsgnjx.s	f2,f22,f17	 f22:0x473502d8 f17:0x473501d8  f2=0x473502d8
     364625.000 ns	     36461	80007b64	0365e3b3	rem	x7,x11,x22	 x11:0x00000000 x22:0x00000000  x7=0x00000000
     364645.000 ns	     36463	80007b68	00000013	addi	x0,x0,0	  x0:0x00000000
     364655.000 ns	     36464	80007b6c	404e5413	srai	x8,x28,0x4	 x28:0xe857b840  x8=0xfe857b84
     364675.000 ns	     36466	80007b70	d01d0653	fcvt.s.wu	f12,x26	 x26:0x7fffffaa f12=0x4effffff
     364695.000 ns	     36468	80007b74	402657b3	sra	x15,x12,x2	 x12:0xf0d585cf  x2:0xffffff54 x15=0xffffff0d
     364715.000 ns	     36470	80007b78	a19a9953	flt.s	x18,f21,f25	 f21:0x7fc00000 f25:0x473501d8 x18=0x00000000
     364745.000 ns	     36473	80007b7c	020059b3	divu	x19,x0,x0	  x0:0x00000000  x0:0x00000000 x19=0xffffffff
     364765.000 ns	     36475	80007b80	01131593	slli	x11,x6,0x11	  x6:0x953e3ab0 x11=0x75600000
     364775.000 ns	     36476	80007b84	8e7ef513	andi	x10,x29,-1817	 x29:0x00000000 x10=0x00000000
     364795.000 ns	     36478	80007b88	298c0b53	fmin.s	f22,f24,f24	 f24:0x00000000 f24:0x00000000 f22=0x00000000
     364815.000 ns	     36480	80007b8c	25fec6b7	lui	x13,0x25fec	 x13=0x25fec000
     364825.000 ns	     36481	80007b90	01ce4333	xor	x6,x28,x28	 x28:0xe857b840 x28:0xe857b840  x6=0x00000000
     364835.000 ns	     36482	80007b94	01356d33	or	x26,x10,x19	 x10:0x00000000 x19:0xffffffff x26=0xffffffff
     364845.000 ns	     36483	80007b98	e08aec97	auipc	x25,0xe08ae	 x25=0x608b5b98
     364865.000 ns	     36485	80007b9c	d0097ed3	fcvt.s.w	f29,x18	 x18:0x00000000 f29=0x00000000
     364915.000 ns	     36490	80007ba0	08c60753	fsub.s	f14,f12,f12	 f12:0x4effffff f12:0x4effffff f14=0x80000000
     364955.000 ns	     36494	80007ba4	19a5a353	fdiv.s	f6,f11,f26	 f11:0x4effffff f26:0x7fc00000  f6=0x7fc00000
     364975.000 ns	     36496	80007ba8	85223d97	auipc	x27,0x85223	 x27=0x0522aba8
     364995.000 ns	     36498	80007bac	f00f0653	fmv.w.x	f12,x30	 x30:0x00000000 f12=0x00000000
     365365.000 ns	     36535	80007bb0	0378e5b3	rem	x11,x17,x23	 x17:0x05a5d5cf x23:0x000006eb x11=0x000001ba
     365385.000 ns	     36537	80007bb4	00b85b13	srli	x22,x16,0xb	 x16:0x00000008 x22=0x00000000
     365405.000 ns	     36539	80007bb8	03990033	mul	x0,x18,x25	 x18:0x00000000 x25:0x608b5b98
     365435.000 ns	     36542	80007bbc	f0070ed3	fmv.w.x	f29,x14	 x14:0x00000000 f29=0x00000000
     365465.000 ns	     36545	80007bc0	201d2ed3	fsgnjx.s	f29,f26,f1	 f26:0x7fc00000  f1:0x00000000 f29=0x7fc00000
     365485.000 ns	     36547	80007bc4	9a89e913	ori	x18,x19,-1624	 x19:0xffffffff x18=0xffffffff
     365495.000 ns	     36548	80007bc8	5ed12093	slti	x1,x2,1517	  x2:0xffffff54  x1=0x00000001
     365525.000 ns	     36551	80007bcc	19c229d3	fdiv.s	f19,f4,f28	  f4:0x44000000 f28:0x7fc00000 f19=0x7fc00000
     365555.000 ns	     36554	80007bd0	c0193753	fcvt.wu.s	x14,f18	 f18:0x44dd6000 x14=0x000006eb
     365575.000 ns	     36556	80007bd4	c8d3a313	slti	x6,x7,-883	  x7:0x00000000  x6=0x00000000
     365585.000 ns	     36557	80007bd8	4912a713	slti	x14,x5,1169	  x5:0xf0d585cf x14=0x00000001
     365605.000 ns	     36559	80007bdc	d01141d3	fcvt.s.wu	f3,x2	  x2:0xffffff54  f3=0x4f7fffff
     365635.000 ns	     36562	80007be0	c0007953	fcvt.w.s	x18,f0	  f0:0x4f000410 x18=0x7fffffff
     365665.000 ns	     36565	80007be4	d0047d53	fcvt.s.w	f26,x8	  x8:0xfe857b84 f26=0xcbbd423e
     365695.000 ns	     36568	80007be8	03ded033	divu	x0,x29,x29	 x29:0x00000000 x29:0x00000000
     366065.000 ns	     36605	80007bec	02f5c9b3	div	x19,x11,x15	 x11:0x000001ba x15:0xffffff0d x19=0xffffffff
     366085.000 ns	     36607	80007bf0	1fa64517	auipc	x10,0x1fa64	 x10=0x9fa6bbf0
     366095.000 ns	     36608	80007bf4	40bb8d33	sub	x26,x23,x11	 x23:0x000006eb x11:0x000001ba x26=0x00000531
     366105.000 ns	     36609	80007bf8	4c95ab13	slti	x22,x11,1225	 x11:0x000001ba x22=0x00000001
     366125.000 ns	     36611	80007bfc	a00ca253	feq.s	x4,f25,f0	 f25:0x473501d8  f0:0x4f000410  x4=0x00000000
     366495.000 ns	     36648	80007c00	0234e633	rem	x12,x9,x3	  x9:0x80040fe4  x3:0x14d05000 x12=0xfce5efe4
     366535.000 ns	     36652	80007c04	1024cb53	fmul.s	f22,f9,f2	  f9:0x7fc00000  f2:0x473502d8 f22=0x7fc00000
     366555.000 ns	     36654	80007c08	017fdb33	srl	x22,x31,x23	 x31:0x80041024 x23:0x000006eb x22=0x00100082
     366565.000 ns	     36655	80007c0c	01e55d33	srl	x26,x10,x30	 x10:0x9fa6bbf0 x30:0x00000000 x26=0x9fa6bbf0
     366575.000 ns	     36656	80007c10	00d8b333	sltu	x6,x17,x13	 x17:0x05a5d5cf x13:0x25fec000  x6=0x00000001
     366595.000 ns	     36658	80007c14	0219bc33	mulhu	x24,x19,x1	 x19:0xffffffff  x1:0x00000001 x24=0x00000000
     366615.000 ns	     36660	80007c18	001d9f33	sll	x30,x27,x1	 x27:0x0522aba8  x1:0x00000001 x30=0x0a455750
     366635.000 ns	     36662	80007c1c	219b0ad3	fsgnj.s	f21,f22,f25	 f22:0x7fc00000 f25:0x473501d8 f21=0x7fc00000
     366675.000 ns	     36666	80007c20	18063dd3	fdiv.s	f27,f12,f0	 f12:0x00000000  f0:0x4f000410 f27=0x00000000
     366695.000 ns	     36668	80007c24	412edd93	srai	x27,x29,0x12	 x29:0x00000000 x27=0x00000000
     366715.000 ns	     36670	80007c28	206da453	fsgnjx.s	f8,f27,f6	 f27:0x00000000  f6:0x7fc00000  f8=0x00000000
     367085.000 ns	     36707	80007c2c	02304633	div	x12,x0,x3	  x0:0x00000000  x3:0x14d05000 x12=0x00000000
     367105.000 ns	     36709	80007c30	00d31bb3	sll	x23,x6,x13	  x6:0x00000001 x13:0x25fec000 x23=0x00000001
     367115.000 ns	     36710	80007c34	0018f233	and	x4,x17,x1	 x17:0x05a5d5cf  x1:0x00000001  x4=0x00000001
     367155.000 ns	     36714	80007c38	08372d53	fsub.s	f26,f14,f3	 f14:0x80000000  f3:0x4f7fffff f26=0xcf7fffff
     367175.000 ns	     36716	80007c3c	40ba5133	sra	x2,x20,x11	 x20:0x00000000 x11:0x000001ba  x2=0x00000000
     367185.000 ns	     36717	80007c40	01e99113	slli	x2,x19,0x1e	 x19:0xffffffff  x2=0xc0000000
     367205.000 ns	     36719	80007c44	f00d0053	fmv.w.x	f0,x26	 x26:0x9fa6bbf0  f0=0x9fa6bbf0
     367235.000 ns	     36722	80007c48	c0051cd3	fcvt.w.s	x25,f10	 f10:0xc32c0000 x25=0xffffff54
     367265.000 ns	     36725	80007c4c	c00b0bd3	fcvt.w.s	x23,f22	 f22:0x7fc00000 x23=0x7fffffff
     367295.000 ns	     36728	80007c50	c01103d3	fcvt.wu.s	x7,f2	  f2:0x473502d8  x7=0x0000b503
     367325.000 ns	     36731	80007c54	20692e53	fsgnjx.s	f28,f18,f6	 f18:0x44dd6000  f6:0x7fc00000 f28=0x44dd6000
     367345.000 ns	     36733	80007c58	7de33813	sltiu	x16,x6,2014	  x6:0x00000001 x16=0x00000001
     367365.000 ns	     36735	80007c5c	281501d3	fmin.s	f3,f10,f1	 f10:0xc32c0000  f1:0x00000000  f3=0xc32c0000
     367385.000 ns	     36737	80007c60	34f96e13	ori	x28,x18,847	 x18:0x7fffffff x28=0x7fffffff
     367395.000 ns	     36738	80007c64	b4ed7593	andi	x11,x26,-1202	 x26:0x9fa6bbf0 x11=0x9fa6bb40
     367435.000 ns	     36742	80007c68	015ff7d3	fadd.s	f15,f31,f21	 f31:0x473502d8 f21:0x7fc00000 f15=0x7fc00000
     367805.000 ns	     36779	80007c6c	029e6bb3	rem	x23,x28,x9	 x28:0x7fffffff  x9:0x80040fe4 x23=0x00040fe3
     367835.000 ns	     36782	80007c70	f00d0c53	fmv.w.x	f24,x26	 x26:0x9fa6bbf0 f24=0x9fa6bbf0
     367855.000 ns	     36784	80007c74	be248193	addi	x3,x9,-1054	  x9:0x80040fe4  x3=0x80040bc6
     367875.000 ns	     36786	80007c78	02813833	mulhu	x16,x2,x8	  x2:0xc0000000  x8:0xfe857b84 x16=0xbee41ca3
     367905.000 ns	     36789	80007c7c	02c92733	mulhsu	x14,x18,x12	 x18:0x7fffffff x12:0x00000000 x14=0x00000000
     367955.000 ns	     36794	80007c80	00f9c3d3	fadd.s	f7,f19,f15	 f19:0x7fc00000 f15:0x7fc00000  f7=0x7fc00000
     367975.000 ns	     36796	80007c84	0027adb3	slt	x27,x15,x2	 x15:0xffffff0d  x2:0xc0000000 x27=0x00000000
     368305.000 ns	     36829	80007c88	18201553	fdiv.s	f10,f0,f2	  f0:0x9fa6bbf0  f2:0x473502d8 f10=0x97b8f07e
     368335.000 ns	     36832	80007c8c	a068aad3	feq.s	x21,f17,f6	 f17:0x473501d8  f6:0x7fc00000 x21=0x00000000
     368355.000 ns	     36834	80007c90	00000013	addi	x0,x0,0	  x0:0x00000000
     368365.000 ns	     36835	80007c94	f503ed13	ori	x26,x7,-176	  x7:0x0000b503 x26=0xffffff53
     368405.000 ns	     36839	80007c98	01a17c53	fadd.s	f24,f2,f26	  f2:0x473502d8 f26:0xcf7fffff f24=0xcf7fff49
     368435.000 ns	     36842	80007c9c	a07fa9d3	feq.s	x19,f31,f7	 f31:0x473502d8  f7:0x7fc00000 x19=0x00000000
     368465.000 ns	     36845	80007ca0	02b3aab3	mulhsu	x21,x7,x11	  x7:0x0000b503 x11:0x9fa6bb40 x21=0x000070e2
     368485.000 ns	     36847	80007ca4	fd31f593	andi	x11,x3,-45	  x3:0x80040bc6 x11=0x80040bc2
     368505.000 ns	     36849	80007ca8	29279c53	fmax.s	f24,f15,f18	 f15:0x7fc00000 f18:0x44dd6000 f24=0x44dd6000
     368535.000 ns	     36852	80007cac	e00a90d3	fclass.s	x1,f21	 f21:0x7fc00000  x1=0x00000200
     368565.000 ns	     36855	80007cb0	f00e08d3	fmv.w.x	f17,x28	 x28:0x7fffffff f17=0x7fffffff
     368595.000 ns	     36858	80007cb4	a07b2553	feq.s	x10,f22,f7	 f22:0x7fc00000  f7:0x7fc00000 x10=0x00000000
     368625.000 ns	     36861	80007cb8	033c5333	divu	x6,x24,x19	 x24:0x00000000 x19:0x00000000  x6=0xffffffff
     368645.000 ns	     36863	80007cbc	86e27f13	andi	x30,x4,-1938	  x4:0x00000001 x30=0x00000000
     368665.000 ns	     36865	80007cc0	21fda8d3	fsgnjx.s	f17,f27,f31	 f27:0x00000000 f31:0x473502d8 f17=0x00000000
     368685.000 ns	     36867	80007cc4	01cef033	and	x0,x29,x28	 x29:0x00000000 x28:0x7fffffff
     368705.000 ns	     36869	80007cc8	c0128f53	fcvt.wu.s	x30,f5	  f5:0x3f800000 x30=0x00000001
     368725.000 ns	     36871	80007ccc	77ec4613	xori	x12,x24,1918	 x24:0x00000000 x12=0x0000077e
     368735.000 ns	     36872	80007cd0	41e70c33	sub	x24,x14,x30	 x14:0x00000000 x30:0x00000001 x24=0xffffffff
     368755.000 ns	     36874	80007cd4	204ca553	fsgnjx.s	f10,f25,f4	 f25:0x473501d8  f4:0x44000000 f10=0x473501d8
     368805.000 ns	     36879	80007cd8	011016d3	fadd.s	f13,f0,f17	  f0:0x9fa6bbf0 f17:0x00000000 f13=0x9fa6bbf0
     368825.000 ns	     36881	80007cdc	019afab3	and	x21,x21,x25	 x21:0x000070e2 x25:0xffffff54 x21=0x00007040
     368845.000 ns	     36883	80007ce0	02e40733	mul	x14,x8,x14	  x8:0xfe857b84 x14:0x00000000 x14=0x00000000
     368865.000 ns	     36885	80007ce4	41538ab3	sub	x21,x7,x21	  x7:0x0000b503 x21:0x000070e2 x21=0x000044c3
     368885.000 ns	     36887	80007ce8	f00b8453	fmv.w.x	f8,x23	 x23:0x00040fe3  f8=0x00040fe3
     368915.000 ns	     36890	80007cec	21c397d3	fsgnjn.s	f15,f7,f28	  f7:0x7fc00000 f28:0x44dd6000 f15=0xffc00000
     368935.000 ns	     36892	80007cf0	b6fb8617	auipc	x12,0xb6fb8	 x12=0x36fbfcf0
     368965.000 ns	     36895	80007cf4	1948f753	fdiv.s	f14,f17,f20	 f17:0x00000000 f20:0x473501d8 f14=0x00000000
     368985.000 ns	     36897	80007cf8	00000013	addi	x0,x0,0	  x0:0x00000000
     369005.000 ns	     36899	80007cfc	a17810d3	flt.s	x1,f16,f23	 f16:0x473502d8 f23:0x00000000  x1=0x00000000
     369035.000 ns	     36902	80007d00	030e85b3	mul	x11,x29,x16	 x29:0x00000000 x16:0xbee41ca3 x11=0x00000000
     369055.000 ns	     36904	80007d04	0133dab3	srl	x21,x7,x19	  x7:0x0000b503 x19:0x00000000 x21=0x0000b503
     369075.000 ns	     36906	80007d08	025caf33	mulhsu	x30,x25,x5	 x25:0xffffff54  x5:0xf0d585cf x30=0xffffff5e
     369095.000 ns	     36908	80007d0c	41c457b3	sra	x15,x8,x28	  x8:0xfe857b84 x28:0x7fffffff x15=0xffffffff
     369115.000 ns	     36910	80007d10	e0048e53	fmv.x.w	x28,f9	  f9:0x7fc00000 x28=0x7fc00000
     369455.000 ns	     36944	80007d14	1885f553	fdiv.s	f10,f11,f8	 f11:0x4effffff  f8:0x00040fe3 f10=0x7f800000
     369485.000 ns	     36947	80007d18	213e1ad3	fsgnjn.s	f21,f28,f19	 f28:0x44dd6000 f19:0x7fc00000 f21=0xc4dd6000
     369515.000 ns	     36950	80007d1c	036b30b3	mulhu	x1,x22,x22	 x22:0x00100082 x22:0x00100082  x1=0x00000100
     369545.000 ns	     36953	80007d20	03d20ab3	mul	x21,x4,x29	  x4:0x00000001 x29:0x00000000 x21=0x00000000
     369565.000 ns	     36955	80007d24	47c7adb7	lui	x27,0x47c7a	 x27=0x47c7a000
     369575.000 ns	     36956	80007d28	40a38733	sub	x14,x7,x10	  x7:0x0000b503 x10:0x00000000 x14=0x0000b503
     369605.000 ns	     36959	80007d2c	10fab8d3	fmul.s	f17,f21,f15	 f21:0xc4dd6000 f15:0xffc00000 f17=0x7fc00000
     369635.000 ns	     36962	80007d30	28268353	fmin.s	f6,f13,f2	 f13:0x9fa6bbf0  f2:0x473502d8  f6=0x9fa6bbf0
     369665.000 ns	     36965	80007d34	288e0ed3	fmin.s	f29,f28,f8	 f28:0x44dd6000  f8:0x00040fe3 f29=0x00040fe3
     369685.000 ns	     36967	80007d38	00e3bd33	sltu	x26,x7,x14	  x7:0x0000b503 x14:0x0000b503 x26=0x00000000
     369695.000 ns	     36968	80007d3c	416e5013	srai	x0,x28,0x16	 x28:0x7fc00000
     370055.000 ns	     37004	80007d40	0381feb3	remu	x29,x3,x24	  x3:0x80040bc6 x24:0xffffffff x29=0x80040bc6
     370075.000 ns	     37006	80007d44	85b57397	auipc	x7,0x85b57	  x7=0x05b5ed44
     370095.000 ns	     37008	80007d48	d0177053	fcvt.s.wu	f0,x14	 x14:0x0000b503  f0=0x47350300
     370115.000 ns	     37010	80007d4c	25748937	lui	x18,0x25748	 x18=0x25748000
     370135.000 ns	     37012	80007d50	d0074cd3	fcvt.s.w	f25,x14	 x14:0x0000b503 f25=0x47350300
     370155.000 ns	     37014	80007d54	01b1aeb3	slt	x29,x3,x27	  x3:0x80040bc6 x27:0x47c7a000 x29=0x00000001
     370165.000 ns	     37015	80007d58	0134f733	and	x14,x9,x19	  x9:0x80040fe4 x19:0x00000000 x14=0x00000000
     370185.000 ns	     37017	80007d5c	a0551253	flt.s	x4,f10,f5	 f10:0x7f800000  f5:0x3f800000  x4=0x00000000
     370215.000 ns	     37020	80007d60	28eb8dd3	fmin.s	f27,f23,f14	 f23:0x00000000 f14:0x00000000 f27=0x00000000
     370235.000 ns	     37022	80007d64	8a4b76b7	lui	x13,0x8a4b7	 x13=0x8a4b7000
     370245.000 ns	     37023	80007d68	0117a233	slt	x4,x15,x17	 x15:0xffffffff x17:0x05a5d5cf  x4=0x00000001
     370275.000 ns	     37026	80007d6c	19bc0c53	fdiv.s	f24,f24,f27	 f24:0x44dd6000 f27:0x00000000 f24=0x7f800000
     370645.000 ns	     37063	80007d70	03bff133	remu	x2,x31,x27	 x31:0x80041024 x27:0x47c7a000  x2=0x383c7024
     370665.000 ns	     37065	80007d74	f6f311b7	lui	x3,0xf6f31	  x3=0xf6f31000
     370675.000 ns	     37066	80007d78	001b9eb3	sll	x29,x23,x1	 x23:0x00040fe3  x1:0x00000100 x29=0x00040fe3
     370695.000 ns	     37068	80007d7c	c005f9d3	fcvt.w.s	x19,f11	 f11:0x4effffff x19=0x7fffff80
     370725.000 ns	     37071	80007d80	a0cb28d3	feq.s	x17,f22,f12	 f22:0x7fc00000 f12:0x00000000 x17=0x00000000
     370745.000 ns	     37073	80007d84	40a75e33	sra	x28,x14,x10	 x14:0x00000000 x10:0x00000000 x28=0x00000000
     370765.000 ns	     37075	80007d88	e0018e53	fmv.x.w	x28,f3	  f3:0xc32c0000 x28=0xc32c0000
     370785.000 ns	     37077	80007d8c	00da9e93	slli	x29,x21,0xd	 x21:0x00000000 x29=0x00000000
     370805.000 ns	     37079	80007d90	c00470d3	fcvt.w.s	x1,f8	  f8:0x00040fe3  x1=0x00000000
     370825.000 ns	     37081	80007d94	011b6b33	or	x22,x22,x17	 x22:0x00100082 x17:0x00000000 x22=0x00100082
     370835.000 ns	     37082	80007d98	014b55b3	srl	x11,x22,x20	 x22:0x00100082 x20:0x00000000 x11=0x00100082
     370855.000 ns	     37084	80007d9c	e00d1dd3	fclass.s	x27,f26	 f26:0xcf7fffff x27=0x00000002
     370875.000 ns	     37086	80007da0	00376ab3	or	x21,x14,x3	 x14:0x00000000  x3:0xf6f31000 x21=0xf6f31000
     370895.000 ns	     37088	80007da4	03179d33	mulh	x26,x15,x17	 x15:0xffffffff x17:0x00000000 x26=0x00000000
     370925.000 ns	     37091	80007da8	28fa0c53	fmin.s	f24,f20,f15	 f20:0x473501d8 f15:0xffc00000 f24=0x473501d8
     370945.000 ns	     37093	80007dac	0139d193	srli	x3,x19,0x13	 x19:0x7fffff80  x3=0x00000fff
     372115.000 ns	     37210	80007db0	580c3bd3	fsqrt.s	f23,f24	 f24:0x473501d8 f23=0x42fffb5e
     372485.000 ns	     37247	80007db4	03c7e933	rem	x18,x15,x28	 x15:0xffffffff x28:0xc32c0000 x18=0xffffffff
     372515.000 ns	     37250	80007db8	e00b1bd3	fclass.s	x23,f22	 f22:0x7fc00000 x23=0x00000200
     372535.000 ns	     37252	80007dbc	00c99813	slli	x16,x19,0xc	 x19:0x7fffff80 x16=0xfff80000
     372555.000 ns	     37254	80007dc0	2028a9d3	fsgnjx.s	f19,f17,f2	 f17:0x7fc00000  f2:0x473502d8 f19=0x7fc00000
     372575.000 ns	     37256	80007dc4	00750933	add	x18,x10,x7	 x10:0x00000000  x7:0x05b5ed44 x18=0x05b5ed44
     372585.000 ns	     37257	80007dc8	32863c13	sltiu	x24,x12,808	 x12:0x36fbfcf0 x24=0x00000000
     372595.000 ns	     37258	80007dcc	00000013	addi	x0,x0,0	  x0:0x00000000
     372615.000 ns	     37260	80007dd0	a10010d3	flt.s	x1,f0,f16	  f0:0x47350300 f16:0x473502d8  x1=0x00000000
     372635.000 ns	     37262	80007dd4	0041cb33	xor	x22,x3,x4	  x3:0x00000fff  x4:0x00000001 x22=0x00000ffe
     372675.000 ns	     37266	80007dd8	01980e53	fadd.s	f28,f16,f25	 f16:0x473502d8 f25:0x47350300 f28=0x47b502ec
     372695.000 ns	     37268	80007ddc	b30f2993	slti	x19,x30,-1232	 x30:0xffffff5e x19=0x00000000
     372735.000 ns	     37272	80007de0	0035f9d3	fadd.s	f19,f11,f3	 f11:0x4effffff  f3:0xc32c0000 f19=0x4efffffd
     372765.000 ns	     37275	80007de4	e00e18d3	fclass.s	x17,f28	 f28:0x47b502ec x17=0x00000040
     372795.000 ns	     37278	80007de8	c019fbd3	fcvt.wu.s	x23,f19	 f19:0x4efffffd x23=0x7ffffe80
     372815.000 ns	     37280	80007dec	00c9dc93	srli	x25,x19,0xc	 x19:0x00000000 x25=0x00000000
     372825.000 ns	     37281	80007df0	00fc0133	add	x2,x24,x15	 x24:0x00000000 x15:0xffffffff  x2=0xffffffff
     372845.000 ns	     37283	80007df4	c01b0bd3	fcvt.wu.s	x23,f22	 f22:0x7fc00000 x23=0xffffffff
     372875.000 ns	     37286	80007df8	03c715b3	mulh	x11,x14,x28	 x14:0x00000000 x28:0xc32c0000 x11=0x00000000
     372895.000 ns	     37288	80007dfc	01941a93	slli	x21,x8,0x19	  x8:0xfe857b84 x21=0x08000000
     372905.000 ns	     37289	80007e00	4186d913	srai	x18,x13,0x18	 x13:0x8a4b7000 x18=0xffffff8a
     372915.000 ns	     37290	80007e04	00000013	addi	x0,x0,0	  x0:0x00000000
     372925.000 ns	     37291	80007e08	bb0ecb93	xori	x23,x29,-1104	 x29:0x00000000 x23=0xfffffbb0
     372935.000 ns	     37292	80007e0c	013f4633	xor	x12,x30,x19	 x30:0xffffff5e x19:0x00000000 x12=0xffffff5e
     374105.000 ns	     37409	80007e10	580e99d3	fsqrt.s	f19,f29	 f29:0x00040fe3 f19=0x1f3ac312
     374125.000 ns	     37411	80007e14	16db1b17	auipc	x22,0x16db1	 x22=0x96db8e14
     374135.000 ns	     37412	80007e18	00cec833	xor	x16,x29,x12	 x29:0x00000000 x12:0xffffff5e x16=0xffffff5e
     374145.000 ns	     37413	80007e1c	63c3f213	andi	x4,x7,1596	  x7:0x05b5ed44  x4=0x00000404
     374155.000 ns	     37414	80007e20	000b5ab3	srl	x21,x22,x0	 x22:0x96db8e14  x0:0x00000000 x21=0x96db8e14
     374165.000 ns	     37415	80007e24	00000013	addi	x0,x0,0	  x0:0x00000000
     374175.000 ns	     37416	80007e28	00437533	and	x10,x6,x4	  x6:0xffffffff  x4:0x00000404 x10=0x00000404
     374195.000 ns	     37418	80007e2c	021383b3	mul	x7,x7,x1	  x7:0x05b5ed44  x1:0x00000000  x7=0x00000000
     374215.000 ns	     37420	80007e30	0071e133	or	x2,x3,x7	  x3:0x00000fff  x7:0x05b5ed44  x2=0x00000fff
     374255.000 ns	     37424	80007e34	0156ffd3	fadd.s	f31,f13,f21	 f13:0x9fa6bbf0 f21:0xc4dd6000 f31=0xc4dd6000
     374275.000 ns	     37426	80007e38	017f5793	srli	x15,x30,0x17	 x30:0xffffff5e x15=0x000001ff
     374285.000 ns	     37427	80007e3c	413c5b33	sra	x22,x24,x19	 x24:0x00000000 x19:0x00000000 x22=0x00000000
     374315.000 ns	     37430	80007e40	1871f8d3	fdiv.s	f17,f3,f7	  f3:0xc32c0000  f7:0x7fc00000 f17=0x7fc00000
     374685.000 ns	     37467	80007e44	024cfab3	remu	x21,x25,x4	 x25:0x00000000  x4:0x00000404 x21=0x00000000
     374715.000 ns	     37470	80007e48	28fe16d3	fmax.s	f13,f28,f15	 f28:0x47b502ec f15:0xffc00000 f13=0x47b502ec
     374735.000 ns	     37472	80007e4c	0aebb593	sltiu	x11,x23,174	 x23:0xfffffbb0 x11=0x00000000
     375095.000 ns	     37508	80007e50	026660b3	rem	x1,x12,x6	 x12:0xffffff5e  x6:0xffffffff  x1=0x00000000
     375115.000 ns	     37510	80007e54	001b63b3	or	x7,x22,x1	 x22:0x00000000  x1:0x00000000  x7=0x00000000
     375135.000 ns	     37512	80007e58	a1f09e53	flt.s	x28,f1,f31	  f1:0x00000000 f31:0xc4dd6000 x28=0x00000000
     375165.000 ns	     37515	80007e5c	020dde33	divu	x28,x27,x0	 x27:0x00000002  x0:0x00000000 x28=0xffffffff
     375195.000 ns	     37518	80007e60	a0010c53	fle.s	x24,f2,f0	  f2:0x473502d8  f0:0x47350300 x24=0x00000001
     375215.000 ns	     37520	80007e64	062fce93	xori	x29,x31,98	 x31:0x80041024 x29=0x80041046
     375235.000 ns	     37522	80007e68	03eb1133	mulh	x2,x22,x30	 x22:0x00000000 x30:0xffffff5e  x2=0x00000000
     375255.000 ns	     37524	80007e6c	40fe80b3	sub	x1,x29,x15	 x29:0x00000000 x15:0x000001ff  x1=0x80040e47
     375275.000 ns	     37526	80007e70	e0059053	fclass.s	x0,f11	 f11:0x4effffff
     375295.000 ns	     37528	80007e74	e1d0e793	ori	x15,x1,-483	  x1:0x00000000 x15=0xfffffe5f
     375305.000 ns	     37529	80007e78	fa8ce317	auipc	x6,0xfa8ce	  x6=0x7a8d5e78
     375325.000 ns	     37531	80007e7c	e00b8e53	fmv.x.w	x28,f23	 f23:0x42fffb5e x28=0x42fffb5e
     375355.000 ns	     37534	80007e80	a1261253	flt.s	x4,f12,f18	 f12:0x00000000 f18:0x44dd6000  x4=0x00000001
     375385.000 ns	     37537	80007e84	28a79853	fmax.s	f16,f15,f10	 f15:0xffc00000 f10:0x7f800000 f16=0x7f800000
     375435.000 ns	     37542	80007e88	09c984d3	fsub.s	f9,f19,f28	 f19:0x1f3ac312 f28:0x47b502ec  f9=0xc7b502ec
     375455.000 ns	     37544	80007e8c	41e856b3	sra	x13,x16,x30	 x16:0xffffff5e x30:0xffffff5e x13=0xffffffff
     375475.000 ns	     37546	80007e90	21fb2fd3	fsgnjx.s	f31,f22,f31	 f22:0x7fc00000 f31:0xc4dd6000 f31=0xffc00000
     375495.000 ns	     37548	80007e94	41c9d213	srai	x4,x19,0x1c	 x19:0x00000000  x4=0x00000000
     375515.000 ns	     37550	80007e98	03446c33	rem	x24,x8,x20	  x8:0xfe857b84 x20:0x00000000 x24=0xfe857b84
     375535.000 ns	     37552	80007e9c	64cdc613	xori	x12,x27,1612	 x27:0x00000002 x12=0x0000064e
     375555.000 ns	     37554	80007ea0	20a089d3	fsgnj.s	f19,f1,f10	  f1:0x00000000 f10:0x7f800000 f19=0x00000000
     375575.000 ns	     37556	80007ea4	01614b33	xor	x22,x2,x22	  x2:0x00000000 x22:0x00000000 x22=0x00000000
     375585.000 ns	     37557	80007ea8	671c7793	andi	x15,x24,1649	 x24:0xfe857b84 x15=0x00000200
     375595.000 ns	     37558	80007eac	002ada93	srli	x21,x21,0x2	 x21:0x00000000 x21=0x00000000
     375615.000 ns	     37560	80007eb0	02b99a33	mulh	x20,x19,x11	 x19:0x00000000 x11:0x00000000 x20=0x00000000
     375645.000 ns	     37563	80007eb4	29778fd3	fmin.s	f31,f15,f23	 f15:0xffc00000 f23:0x42fffb5e f31=0x42fffb5e
     375665.000 ns	     37565	80007eb8	00000013	addi	x0,x0,0	  x0:0x00000000
     375685.000 ns	     37567	80007ebc	e0098ad3	fmv.x.w	x21,f19	 f19:0x00000000 x21=0x00000000
     376055.000 ns	     37604	80007ec0	0300c1b3	div	x3,x1,x16	  x1:0x80040e47 x16:0xffffff5e  x3=0x00ca3f1f
     376085.000 ns	     37607	80007ec4	d01bf253	fcvt.s.wu	f4,x23	 x23:0xfffffbb0  f4=0x4f7ffffb
     376115.000 ns	     37610	80007ec8	c0193cd3	fcvt.wu.s	x25,f18	 f18:0x44dd6000 x25=0x000006eb
     376135.000 ns	     37612	80007ecc	011ed133	srl	x2,x29,x17	 x29:0x80041046 x17:0x00000040  x2=0x80041046
     376145.000 ns	     37613	80007ed0	015f5013	srli	x0,x30,0x15	 x30:0xffffff5e
     376165.000 ns	     37615	80007ed4	033cc033	div	x0,x25,x19	 x25:0x000006eb x19:0x00000000
     376195.000 ns	     37618	80007ed8	f0088153	fmv.w.x	f2,x17	 x17:0x00000040  f2=0x00000040
     376225.000 ns	     37621	80007edc	21489353	fsgnjn.s	f6,f17,f20	 f17:0x7fc00000 f20:0x473501d8  f6=0xffc00000
     376255.000 ns	     37624	80007ee0	d0177f53	fcvt.s.wu	f30,x14	 x14:0x00000000 f30=0x00000000
     376275.000 ns	     37626	80007ee4	41ecdf13	srai	x30,x25,0x1e	 x25:0x000006eb x30=0x00000000
     376285.000 ns	     37627	80007ee8	47b1df37	lui	x30,0x47b1d	 x30=0x47b1d000
     376295.000 ns	     37628	80007eec	418a50b3	sra	x1,x20,x24	 x20:0x00000000 x24:0xfe857b84  x1=0x00000000
     376305.000 ns	     37629	80007ef0	0a54ec13	ori	x24,x9,165	  x9:0x80040fe4 x24=0x80040fe5
     376315.000 ns	     37630	80007ef4	01716633	or	x12,x2,x23	  x2:0x80041046 x23:0xfffffbb0 x12=0xfffffbf6
     376335.000 ns	     37632	80007ef8	027079b3	remu	x19,x0,x7	  x0:0x00000000  x7:0x00000000 x19=0x00000000
     376355.000 ns	     37634	80007efc	00841913	slli	x18,x8,0x8	  x8:0xfe857b84 x18=0x857b8400
     376365.000 ns	     37635	80007f00	00000013	addi	x0,x0,0	  x0:0x00000000
     377535.000 ns	     37752	80007f04	58011b53	fsqrt.s	f22,f2	  f2:0x00000040 f22=0x1f3504de
     377905.000 ns	     37789	80007f08	03dae733	rem	x14,x21,x29	 x21:0x00000000 x29:0x80041046 x14=0x00000000
     377925.000 ns	     37791	80007f0c	011fe033	or	x0,x31,x17	 x31:0x80041024 x17:0x00000040
     377935.000 ns	     37792	80007f10	b3cc4b13	xori	x22,x24,-1220	 x24:0x80040fe5 x22=0x7ffbf4d9
     377945.000 ns	     37793	80007f14	abb9db97	auipc	x23,0xabb9d	 x23=0x2bba4f14
     377975.000 ns	     37796	80007f18	18337fd3	fdiv.s	f31,f6,f3	  f6:0xffc00000  f3:0xc32c0000 f31=0x7fc00000
     378015.000 ns	     37800	80007f1c	580099d3	fsqrt.s	f19,f1	  f1:0x00000000 f19=0x00000000
     378045.000 ns	     37803	80007f20	d01183d3	fcvt.s.wu	f7,x3	  x3:0x00ca3f1f  f7=0x4b4a3f1f
     378075.000 ns	     37806	80007f24	20c12a53	fsgnjx.s	f20,f2,f12	  f2:0x00000040 f12:0x00000000 f20=0x00000040
     378095.000 ns	     37808	80007f28	01fa6e33	or	x28,x20,x31	 x20:0x00000000 x31:0x80041024 x28=0x80041024
     378115.000 ns	     37810	80007f2c	d0039a53	fcvt.s.w	f20,x7	  x7:0x00000000 f20=0x00000000
     378135.000 ns	     37812	80007f30	01581093	slli	x1,x16,0x15	 x16:0xffffff5e  x1=0xebc00000
     378175.000 ns	     37816	80007f34	01b972d3	fadd.s	f5,f18,f27	 f18:0x44dd6000 f27:0x00000000  f5=0x44dd6000
     379155.000 ns	     37914	80007f38	580909d3	fsqrt.s	f19,f18	 f18:0x44dd6000 f19=0x4228553e
     379175.000 ns	     37916	80007f3c	af7fe013	ori	x0,x31,-1289	 x31:0x80041024
     379185.000 ns	     37917	80007f40	00039893	slli	x17,x7,0x0	  x7:0x00000000 x17=0x00000000
     379205.000 ns	     37919	80007f44	035d8133	mul	x2,x27,x21	 x27:0x00000002 x21:0x00000000  x2=0x00000000
     379225.000 ns	     37921	80007f48	8774e437	lui	x8,0x8774e	  x8=0x8774e000
     379245.000 ns	     37923	80007f4c	e00781d3	fmv.x.w	x3,f15	 f15:0xffc00000  x3=0xffc00000
     379615.000 ns	     37960	80007f50	037df433	remu	x8,x27,x23	 x27:0x00000002 x23:0x2bba4f14  x8=0x00000002
     379635.000 ns	     37962	80007f54	00000013	addi	x0,x0,0	  x0:0x00000000
     379655.000 ns	     37964	80007f58	e0058753	fmv.x.w	x14,f11	 f11:0x4effffff x14=0x4effffff
     379675.000 ns	     37966	80007f5c	012318b3	sll	x17,x6,x18	  x6:0x7a8d5e78 x18:0x857b8400 x17=0x7a8d5e78
     379685.000 ns	     37967	80007f60	00000013	addi	x0,x0,0	  x0:0x00000000
     379695.000 ns	     37968	80007f64	36e74b93	xori	x23,x14,878	 x14:0x4effffff x23=0x4efffc91
     379715.000 ns	     37970	80007f68	216a2453	fsgnjx.s	f8,f20,f22	 f20:0x00000000 f22:0x1f3504de  f8=0x00000000
     379745.000 ns	     37973	80007f6c	a1daa153	feq.s	x2,f21,f29	 f21:0xc4dd6000 f29:0x00040fe3  x2=0x00000000
     380925.000 ns	     38091	80007f70	5809f053	fsqrt.s	f0,f19	 f19:0x4228553e  f0=0x406e0e9a
     380945.000 ns	     38093	80007f74	86443693	sltiu	x13,x8,-1948	  x8:0x00000002 x13=0x00000001
     380955.000 ns	     38094	80007f78	404a5193	srai	x3,x20,0x4	 x20:0x00000000  x3=0x00000000
     380965.000 ns	     38095	80007f7c	b354f593	andi	x11,x9,-1227	  x9:0x80040fe4 x11=0x80040b24
     380985.000 ns	     38097	80007f80	a0f61753	flt.s	x14,f12,f15	 f12:0x00000000 f15:0xffc00000 x14=0x00000000
     381015.000 ns	     38100	80007f84	02ec4433	div	x8,x24,x14	 x24:0x80040fe5 x14:0x4effffff  x8=0xffffffff
     381035.000 ns	     38102	80007f88	4115d813	srai	x16,x11,0x11	 x11:0x80040b24 x16=0xffffc002
     381045.000 ns	     38103	80007f8c	01dbd933	srl	x18,x23,x29	 x23:0x4efffc91 x29:0x80041046 x18=0x013bfff2
     381055.000 ns	     38104	80007f90	413cd313	srai	x6,x25,0x13	 x25:0x000006eb  x6=0x00000000
     381075.000 ns	     38106	80007f94	a0f49cd3	flt.s	x25,f9,f15	  f9:0xc7b502ec f15:0xffc00000 x25=0x00000000
     381105.000 ns	     38109	80007f98	035038b3	mulhu	x17,x0,x21	  x0:0x00000000 x21:0x00000000 x17=0x00000000
     381125.000 ns	     38111	80007f9c	415f8db3	sub	x27,x31,x21	 x31:0x80041024 x21:0x00000000 x27=0x80041024
     381145.000 ns	     38113	80007fa0	d00e4d53	fcvt.s.w	f26,x28	 x28:0x80041024 f26=0xcefff7e0
     381515.000 ns	     38150	80007fa4	021ddcb3	divu	x25,x27,x1	 x27:0x00000002  x1:0xebc00000 x25=0x00000000
     381565.000 ns	     38155	80007fa8	0899fa53	fsub.s	f20,f19,f9	 f19:0x4228553e  f9:0xc7b502ec f20=0x47b517f6
     381595.000 ns	     38158	80007fac	a0390c53	fle.s	x24,f18,f3	 f18:0x44dd6000  f3:0xc32c0000 x24=0x00000000
     381625.000 ns	     38161	80007fb0	c01cf553	fcvt.wu.s	x10,f25	 f25:0x47350300 x10=0x0000b503
     381645.000 ns	     38163	80007fb4	bf035117	auipc	x2,0xbf035	  x2=0x3f03cfb4
     381655.000 ns	     38164	80007fb8	9b463113	sltiu	x2,x12,-1612	 x12:0xfffffbf6  x2=0x00000000
     381675.000 ns	     38166	80007fbc	c01ef053	fcvt.wu.s	x0,f29	 f29:0x00040fe3
     381695.000 ns	     38168	80007fc0	00e34ab3	xor	x21,x6,x14	  x6:0x00000000 x14:0x00000000 x21=0x00000000
     381705.000 ns	     38169	80007fc4	0133fbb3	and	x23,x7,x19	  x7:0x00000000 x19:0x00000000 x23=0x00000000
     381715.000 ns	     38170	80007fc8	01c15cb3	srl	x25,x2,x28	  x2:0x00000000 x28:0x80041024 x25=0x00000000
     381755.000 ns	     38174	80007fcc	09057e53	fsub.s	f28,f10,f16	 f10:0x7f800000 f16:0x7f800000 f28=0x80000000
     381775.000 ns	     38176	80007fd0	010fd413	srli	x8,x31,0x10	 x31:0x80041024  x8=0x00008004
     381785.000 ns	     38177	80007fd4	41a3dd13	srai	x26,x7,0x1a	  x7:0x00000000 x26=0x00000000
     381795.000 ns	     38178	80007fd8	015e3b33	sltu	x22,x28,x21	 x28:0x80041024 x21:0x00000000 x22=0x00000000
     381825.000 ns	     38181	80007fdc	580791d3	fsqrt.s	f3,f15	 f15:0xffc00000  f3=0x7fc00000
     381855.000 ns	     38184	80007fe0	e0098a53	fmv.x.w	x20,f19	 f19:0x4228553e x20=0x4228553e
     381885.000 ns	     38187	80007fe4	c01817d3	fcvt.wu.s	x15,f16	 f16:0x7f800000 x15=0xffffffff
     381915.000 ns	     38190	80007fe8	c0007753	fcvt.w.s	x14,f0	  f0:0x406e0e9a x14=0x00000003
     381935.000 ns	     38192	80007fec	402a0833	sub	x16,x20,x2	 x20:0x4228553e  x2:0x00000000 x16=0x4228553e
     381945.000 ns	     38193	80007ff0	01801c33	sll	x24,x0,x24	  x0:0x00000000 x24:0x00000000 x24=0x00000000
     381955.000 ns	     38194	80007ff4	00854e33	xor	x28,x10,x8	 x10:0x0000b503  x8:0x00008004 x28=0x00003507
     381975.000 ns	     38196	80007ff8	a1b42bd3	feq.s	x23,f8,f27	  f8:0x00000000 f27:0x00000000 x23=0x00000001
     381995.000 ns	     38198	80007ffc	407f5bb3	sra	x23,x30,x7	 x30:0x47b1d000  x7:0x00000000 x23=0x47b1d000
     382015.000 ns	     38200	80008000	f00f85d3	fmv.w.x	f11,x31	 x31:0x80041024 f11=0x80041024
     382385.000 ns	     38237	80008004	02594933	div	x18,x18,x5	 x18:0x013bfff2  x5:0xf0d585cf x18=0x00000000
     382415.000 ns	     38240	80008008	e0091cd3	fclass.s	x25,f18	 f18:0x44dd6000 x25=0x00000040
     382435.000 ns	     38242	8000800c	00cd7b33	and	x22,x26,x12	 x26:0x00000000 x12:0xfffffbf6 x22=0x00000000
     382455.000 ns	     38244	80008010	026f4ab3	div	x21,x30,x6	 x30:0x47b1d000  x6:0x00000000 x21=0xffffffff
     382475.000 ns	     38246	80008014	5bb28993	addi	x19,x5,1467	  x5:0xf0d585cf x19=0xf0d58b8a
     382835.000 ns	     38282	80008018	02e0d833	divu	x16,x1,x14	  x1:0xebc00000 x14:0x00000003 x16=0x4e955555
     383205.000 ns	     38319	8000801c	02a1ff33	remu	x30,x3,x10	  x3:0x00000000 x10:0x0000b503 x30=0x00000000
     383235.000 ns	     38322	80008020	03dd3233	mulhu	x4,x26,x29	 x26:0x00000000 x29:0x80041046  x4=0x00000000
     383265.000 ns	     38325	80008024	032a0cb3	mul	x25,x20,x18	 x20:0x4228553e x18:0x00000000 x25=0x00000000
     383295.000 ns	     38328	80008028	025a99b3	mulh	x19,x21,x5	 x21:0xffffffff  x5:0xf0d585cf x19=0x00000000
     383315.000 ns	     38330	8000802c	003a38b3	sltu	x17,x20,x3	 x20:0x4228553e  x3:0x00000000 x17=0x00000000
     383325.000 ns	     38331	80008030	40d68633	sub	x12,x13,x13	 x13:0x00000001 x13:0x00000001 x12=0x00000000
     383345.000 ns	     38333	80008034	02d837b3	mulhu	x15,x16,x13	 x16:0x4e955555 x13:0x00000001 x15=0x00000000
     383375.000 ns	     38336	80008038	a0528453	fle.s	x8,f5,f5	  f5:0x44dd6000  f5:0x44dd6000  x8=0x00000001
     383395.000 ns	     38338	8000803c	c608e997	auipc	x19,0xc608e	 x19=0x4609603c
     383415.000 ns	     38340	80008040	036a4833	div	x16,x20,x22	 x20:0x4228553e x22:0x00000000 x16=0xffffffff
     383445.000 ns	     38343	80008044	292996d3	fmax.s	f13,f19,f18	 f19:0x4228553e f18:0x44dd6000 f13=0x44dd6000
     383475.000 ns	     38346	80008048	c0132b53	fcvt.wu.s	x22,f6	  f6:0xffc00000 x22=0xffffffff
     383525.000 ns	     38351	8000804c	00677553	fadd.s	f10,f14,f6	 f14:0x00000000  f6:0xffc00000 f10=0x7fc00000
     383895.000 ns	     38388	80008050	0295cd33	div	x26,x11,x9	 x11:0x80040b24  x9:0x80040fe4 x26=0x00000001
     384265.000 ns	     38425	80008054	02d7cb33	div	x22,x15,x13	 x15:0x00000000 x13:0x00000001 x22=0x00000000
     384285.000 ns	     38427	80008058	00e11133	sll	x2,x2,x14	  x2:0x00000000 x14:0x00000003  x2=0x00000000
     384305.000 ns	     38429	8000805c	20d62b53	fsgnjx.s	f22,f12,f13	 f12:0x00000000 f13:0x44dd6000 f22=0x00000000
     384325.000 ns	     38431	80008060	81effd13	andi	x26,x31,-2018	 x31:0x80041024 x26=0x80041004
     384335.000 ns	     38432	80008064	414550b3	sra	x1,x10,x20	 x10:0x0000b503 x20:0x4228553e  x1=0x00000000
     384365.000 ns	     38435	80008068	10b14053	fmul.s	f0,f2,f11	  f2:0x00000040 f11:0x80041024  f0=0x80000000
     384385.000 ns	     38437	8000806c	63213db7	lui	x27,0x63213	 x27=0x63213000
     384405.000 ns	     38439	80008070	a134acd3	feq.s	x25,f9,f19	  f9:0xc7b502ec f19:0x4228553e x25=0x00000000
     384435.000 ns	     38442	80008074	c002fc53	fcvt.w.s	x24,f5	  f5:0x44dd6000 x24=0x000006eb
     384475.000 ns	     38446	80008078	19207153	fdiv.s	f2,f0,f18	  f0:0x80000000 f18:0x44dd6000  f2=0x80000000
     384495.000 ns	     38448	8000807c	409158b3	sra	x17,x2,x9	  x2:0x00000000  x9:0x80040fe4 x17=0x00000000
     384505.000 ns	     38449	80008080	406dd1b3	sra	x3,x27,x6	 x27:0x63213000  x6:0x00000000  x3=0x63213000
     384525.000 ns	     38451	80008084	02ab8733	mul	x14,x23,x10	 x23:0x47b1d000 x10:0x0000b503 x14=0x8f257000
     384545.000 ns	     38453	80008088	7ec8f413	andi	x8,x17,2028	 x17:0x00000000  x8=0x00000000
     384555.000 ns	     38454	8000808c	41d6dc13	srai	x24,x13,0x1d	 x13:0x00000001 x24=0x00000000
     384575.000 ns	     38456	80008090	03ea07b3	mul	x15,x20,x30	 x20:0x4228553e x30:0x00000000 x15=0x00000000
     384605.000 ns	     38459	80008094	214308d3	fsgnj.s	f17,f6,f20	  f6:0xffc00000 f20:0x47b517f6 f17=0x7fc00000
     384635.000 ns	     38462	80008098	c007f7d3	fcvt.w.s	x15,f15	 f15:0xffc00000 x15=0x7fffffff
     384655.000 ns	     38464	8000809c	b9952613	slti	x12,x10,-1127	 x10:0x0000b503 x12=0x00000000
     384675.000 ns	     38466	800080a0	200a1f53	fsgnjn.s	f30,f20,f0	 f20:0x47b517f6  f0:0x80000000 f30=0x47b517f6
     384695.000 ns	     38468	800080a4	00a48cb3	add	x25,x9,x10	  x9:0x80040fe4 x10:0x0000b503 x25=0x8004c4e7
     384705.000 ns	     38469	800080a8	00000013	addi	x0,x0,0	  x0:0x00000000
     384725.000 ns	     38471	800080ac	d0100253	fcvt.s.wu	f4,x0	  x0:0x00000000  f4=0x00000000
     384775.000 ns	     38476	800080b0	083b7e53	fsub.s	f28,f22,f3	 f22:0x00000000  f3:0x7fc00000 f28=0x7fc00000
     384805.000 ns	     38479	800080b4	29f09f53	fmax.s	f30,f1,f31	  f1:0x00000000 f31:0x7fc00000 f30=0x00000000
     384835.000 ns	     38482	800080b8	c013ac53	fcvt.wu.s	x24,f7	  f7:0x4b4a3f1f x24=0x00ca3f1f
     384865.000 ns	     38485	800080bc	f00b8a53	fmv.w.x	f20,x23	 x23:0x47b1d000 f20=0x47b1d000
     384885.000 ns	     38487	800080c0	f20c6193	ori	x3,x24,-224	 x24:0x00ca3f1f  x3=0xffffff3f
     384905.000 ns	     38489	800080c4	a0d42d53	feq.s	x26,f8,f13	  f8:0x00000000 f13:0x44dd6000 x26=0x00000000
     384925.000 ns	     38491	800080c8	01b5feb3	and	x29,x11,x27	 x11:0x80040b24 x27:0x63213000 x29=0x00000000
     384945.000 ns	     38493	800080cc	299186d3	fmin.s	f13,f3,f25	  f3:0x7fc00000 f25:0x47350300 f13=0x47350300
     384965.000 ns	     38495	800080d0	40305993	srai	x19,x0,0x3	  x0:0x00000000 x19=0x00000000
     384985.000 ns	     38497	800080d4	0330c433	div	x8,x1,x19	  x1:0x00000000 x19:0x4609603c  x8=0xffffffff
     385015.000 ns	     38500	800080d8	022d0233	mul	x4,x26,x2	 x26:0x00000000  x2:0x00000000  x4=0x00000000
     385045.000 ns	     38503	800080dc	a18cad53	feq.s	x26,f25,f24	 f25:0x47350300 f24:0x473501d8 x26=0x00000000
     385065.000 ns	     38505	800080e0	41605a13	srai	x20,x0,0x16	  x0:0x00000000 x20=0x00000000
     385095.000 ns	     38508	800080e4	5808c253	fsqrt.s	f4,f17	 f17:0x7fc00000  f4=0x7fc00000
     385115.000 ns	     38510	800080e8	00af07b3	add	x15,x30,x10	 x30:0x00000000 x10:0x0000b503 x15=0x0000b503
     385135.000 ns	     38512	800080ec	e00f1d53	fclass.s	x26,f30	 f30:0x00000000 x26=0x00000010
     385165.000 ns	     38515	800080f0	a1f6a5d3	feq.s	x11,f13,f31	 f13:0x47350300 f31:0x7fc00000 x11=0x00000000
     385195.000 ns	     38518	800080f4	d00124d3	fcvt.s.w	f9,x2	  x2:0x00000000  f9=0x00000000
     385225.000 ns	     38521	800080f8	28e78253	fmin.s	f4,f15,f14	 f15:0xffc00000 f14:0x00000000  f4=0x00000000
     385255.000 ns	     38524	800080fc	d001f153	fcvt.s.w	f2,x3	  x3:0xffffff3f  f2=0xc3410000
     385285.000 ns	     38527	80008100	205227d3	fsgnjx.s	f15,f4,f5	  f4:0x00000000  f5:0x44dd6000 f15=0x00000000
     385305.000 ns	     38529	80008104	00e3fab3	and	x21,x7,x14	  x7:0x00000000 x14:0x8f257000 x21=0x00000000
     385315.000 ns	     38530	80008108	0193ec33	or	x24,x7,x25	  x7:0x00000000 x25:0x8004c4e7 x24=0x8004c4e7
     385345.000 ns	     38533	8000810c	580180d3	fsqrt.s	f1,f3	  f3:0x7fc00000  f1=0x7fc00000
     385375.000 ns	     38536	80008110	c01afd53	fcvt.wu.s	x26,f21	 f21:0xc4dd6000 x26=0x000006eb
     385405.000 ns	     38539	80008114	032b2f33	mulhsu	x30,x22,x18	 x22:0x00000000 x18:0x00000000 x30=0x00000000
     385435.000 ns	     38542	80008118	d01f31d3	fcvt.s.wu	f3,x30	 x30:0x00000000  f3=0x00000000
     385465.000 ns	     38545	8000811c	0217ef33	rem	x30,x15,x1	 x15:0x0000b503  x1:0x00000000 x30=0x0000b503
     385485.000 ns	     38547	80008120	0069f9b3	and	x19,x19,x6	 x19:0x00000000  x6:0x00000000 x19=0x00000000
     385505.000 ns	     38549	80008124	02619c33	mulh	x24,x3,x6	  x3:0xffffff3f  x6:0x00000000 x24=0x00000000
     385875.000 ns	     38586	80008128	03a34ab3	div	x21,x6,x26	  x6:0x00000000 x26:0x000006eb x21=0x00000000
     385905.000 ns	     38589	8000812c	a1f29ed3	flt.s	x29,f5,f31	  f5:0x44dd6000 f31:0x7fc00000 x29=0x00000000
     385935.000 ns	     38592	80008130	03197b33	remu	x22,x18,x17	 x18:0x00000000 x17:0x00000000 x22=0x00000000
     385955.000 ns	     38594	80008134	00000013	addi	x0,x0,0	  x0:0x00000000
     385965.000 ns	     38595	80008138	019127b3	slt	x15,x2,x25	  x2:0x00000000 x25:0x8004c4e7 x15=0x00000000
     385975.000 ns	     38596	8000813c	003fc633	xor	x12,x31,x3	 x31:0x80041024  x3:0xffffff3f x12=0x7ffbef1b
     385995.000 ns	     38598	80008140	a1fe1553	flt.s	x10,f28,f31	 f28:0x7fc00000 f31:0x7fc00000 x10=0x00000000
     386025.000 ns	     38601	80008144	02244233	div	x4,x8,x2	  x8:0xffffffff  x2:0x00000000  x4=0xffffffff
     386055.000 ns	     38604	80008148	28b587d3	fmin.s	f15,f11,f11	 f11:0x80041024 f11:0x80041024 f15=0x80041024
     386075.000 ns	     38606	8000814c	b7957e13	andi	x28,x10,-1159	 x10:0x00000000 x28=0x00000000
     386085.000 ns	     38607	80008150	e1069eb7	lui	x29,0xe1069	 x29=0xe1069000
     386095.000 ns	     38608	80008154	01b44333	xor	x6,x8,x27	  x8:0xffffffff x27:0x63213000  x6=0x9cdecfff
     386115.000 ns	     38610	80008158	20b502d3	fsgnj.s	f5,f10,f11	 f10:0x7fc00000 f11:0x80041024  f5=0xffc00000
     386145.000 ns	     38613	8000815c	c008f053	fcvt.w.s	x0,f17	 f17:0x7fc00000
     386515.000 ns	     38650	80008160	0281cbb3	div	x23,x3,x8	  x3:0xffffff3f  x8:0xffffffff x23=0x000000c1
     386545.000 ns	     38653	80008164	c000fc53	fcvt.w.s	x24,f1	  f1:0x7fc00000 x24=0x7fffffff
     386585.000 ns	     38657	80008168	58052453	fsqrt.s	f8,f10	 f10:0x7fc00000  f8=0x7fc00000
     386605.000 ns	     38659	8000816c	010e5a33	srl	x20,x28,x16	 x28:0x00000000 x16:0xffffffff x20=0x00000000
     386625.000 ns	     38661	80008170	a1f80e53	fle.s	x28,f16,f31	 f16:0x7f800000 f31:0x7fc00000 x28=0x00000000
     386645.000 ns	     38663	80008174	01d69c13	slli	x24,x13,0x1d	 x13:0x00000001 x24=0x20000000
     386665.000 ns	     38665	80008178	03f4a133	mulhsu	x2,x9,x31	  x9:0x80040fe4 x31:0x80041024  x2=0xbffffff0
     386685.000 ns	     38667	8000817c	00083633	sltu	x12,x16,x0	 x16:0xffffffff  x0:0x00000000 x12=0x00000000
     386705.000 ns	     38669	80008180	021d76b3	remu	x13,x26,x1	 x26:0x000006eb  x1:0x00000000 x13=0x000006eb
     386745.000 ns	     38673	80008184	18d47b53	fdiv.s	f22,f8,f13	  f8:0x7fc00000 f13:0x47350300 f22=0x7fc00000
     386775.000 ns	     38676	80008188	a0a42353	feq.s	x6,f8,f10	  f8:0x7fc00000 f10:0x7fc00000  x6=0x00000000
     386795.000 ns	     38678	8000818c	49adb193	sltiu	x3,x27,1178	 x27:0x63213000  x3=0x00000000
     386815.000 ns	     38680	80008190	f0090cd3	fmv.w.x	f25,x18	 x18:0x00000000 f25=0x00000000
     386855.000 ns	     38684	80008194	103775d3	fmul.s	f11,f14,f3	 f14:0x00000000  f3:0x00000000 f11=0x00000000
     386885.000 ns	     38687	80008198	a0df97d3	flt.s	x15,f31,f13	 f31:0x7fc00000 f13:0x47350300 x15=0x00000000
     387255.000 ns	     38724	8000819c	03066cb3	rem	x25,x12,x16	 x12:0x00000000 x16:0xffffffff x25=0x00000000
     387295.000 ns	     38728	800081a0	1885f753	fdiv.s	f14,f11,f8	 f11:0x00000000  f8:0x7fc00000 f14=0x7fc00000
     387315.000 ns	     38730	800081a4	01e45bb3	srl	x23,x8,x30	  x8:0xffffffff x30:0x0000b503 x23=0x1fffffff
     387325.000 ns	     38731	800081a8	c8b2ce37	lui	x28,0xc8b2c	 x28=0xc8b2c000
     387335.000 ns	     38732	800081ac	bafb45b7	lui	x11,0xbafb4	 x11=0xbafb4000
     387345.000 ns	     38733	800081b0	0120f233	and	x4,x1,x18	  x1:0x00000000 x18:0x00000000  x4=0x00000000
     387355.000 ns	     38734	800081b4	0112e1b3	or	x3,x5,x17	  x5:0xf0d585cf x17:0x00000000  x3=0xf0d585cf
     387365.000 ns	     38735	800081b8	01161133	sll	x2,x12,x17	 x12:0x00000000 x17:0x00000000  x2=0x00000000
     387385.000 ns	     38737	800081bc	03f59233	mulh	x4,x11,x31	 x11:0xbafb4000 x31:0x80041024  x4=0x22814792
     387405.000 ns	     38739	800081c0	d49abf13	sltiu	x30,x21,-695	 x21:0x00000000 x30=0x00000001
     387415.000 ns	     38740	800081c4	00000013	addi	x0,x0,0	  x0:0x00000000
     387425.000 ns	     38741	800081c8	01eebdb3	sltu	x27,x29,x30	 x29:0xe1069000 x30:0x0000b503 x27=0x00000000
     387445.000 ns	     38743	800081cc	02051d33	mulh	x26,x10,x0	 x10:0x00000000  x0:0x00000000 x26=0x00000000
     387475.000 ns	     38746	800081d0	29cf95d3	fmax.s	f11,f31,f28	 f31:0x7fc00000 f28:0x7fc00000 f11=0x7fc00000
     387495.000 ns	     38748	800081d4	011701b3	add	x3,x14,x17	 x14:0x8f257000 x17:0x00000000  x3=0x8f257000
     387505.000 ns	     38749	800081d8	9fcc6013	ori	x0,x24,-1540	 x24:0x20000000
     387515.000 ns	     38750	800081dc	01917bb3	and	x23,x2,x25	  x2:0x00000000 x25:0x00000000 x23=0x00000000
     387525.000 ns	     38751	800081e0	00000013	addi	x0,x0,0	  x0:0x00000000
     387535.000 ns	     38752	800081e4	402153b3	sra	x7,x2,x2	  x2:0x00000000  x2:0x00000000  x7=0x00000000
     387895.000 ns	     38788	800081e8	02be61b3	rem	x3,x28,x11	 x28:0xc8b2c000 x11:0xbafb4000  x3=0xc8b2c000
     387935.000 ns	     38792	800081ec	580f0dd3	fsqrt.s	f27,f30	 f30:0x00000000 f27=0x00000000
     387975.000 ns	     38796	800081f0	58063253	fsqrt.s	f4,f12	 f12:0x00000000  f4=0x00000000
     388005.000 ns	     38799	800081f4	293e9853	fmax.s	f16,f29,f19	 f29:0x00040fe3 f19:0x4228553e f16=0x4228553e
     388035.000 ns	     38802	800081f8	03752b33	mulhsu	x22,x10,x23	 x10:0x00000000 x23:0x00000000 x22=0x00000000
     388055.000 ns	     38804	800081fc	7eafb813	sltiu	x16,x31,2026	 x31:0x80041024 x16=0x00000000
     388075.000 ns	     38806	80008200	c0177d53	fcvt.wu.s	x26,f14	 f14:0x7fc00000 x26=0xffffffff
     388095.000 ns	     38808	80008204	4024d733	sra	x14,x9,x2	  x9:0x80040fe4  x2:0x00000000 x14=0x80040fe4
     388455.000 ns	     38844	80008208	03ea5b33	divu	x22,x20,x30	 x20:0x00000000 x30:0x00000001 x22=0x00000000
     388475.000 ns	     38846	8000820c	41e8db13	srai	x22,x17,0x1e	 x17:0x00000000 x22=0x00000000
     388495.000 ns	     38848	80008210	033a9533	mulh	x10,x21,x19	 x21:0x00000000 x19:0x00000000 x10=0x00000000
     388525.000 ns	     38851	80008214	a0d39453	flt.s	x8,f7,f13	  f7:0x4b4a3f1f f13:0x47350300  x8=0x00000000
     388545.000 ns	     38853	80008218	9990c993	xori	x19,x1,-1639	  x1:0x00000000 x19=0xfffff999
     388585.000 ns	     38857	8000821c	09ff2ed3	fsub.s	f29,f30,f31	 f30:0x00000000 f31:0x7fc00000 f29=0x7fc00000
     388605.000 ns	     38859	80008220	400ed893	srai	x17,x29,0x0	 x29:0xe1069000 x17=0xe1069000
     388615.000 ns	     38860	80008224	467e4413	xori	x8,x28,1127	 x28:0xc8b2c000  x8=0xc8b2c467
     388645.000 ns	     38863	80008228	580279d3	fsqrt.s	f19,f4	  f4:0x00000000 f19=0x00000000
     388665.000 ns	     38865	8000822c	a1713993	sltiu	x19,x2,-1513	  x2:0x00000000 x19=0x00000001
     388685.000 ns	     38867	80008230	28998653	fmin.s	f12,f19,f9	 f19:0x00000000  f9:0x00000000 f12=0x00000000
     388705.000 ns	     38869	80008234	018e9e33	sll	x28,x29,x24	 x29:0xe1069000 x24:0x20000000 x28=0xe1069000
     388725.000 ns	     38871	80008238	02a817b3	mulh	x15,x16,x10	 x16:0x00000000 x10:0x00000000 x15=0x00000000
     388765.000 ns	     38875	8000823c	58018bd3	fsqrt.s	f23,f3	  f3:0x00000000 f23=0x00000000
     388785.000 ns	     38877	80008240	01851793	slli	x15,x10,0x18	 x10:0x00000000 x15=0x00000000
     388795.000 ns	     38878	80008244	008cd033	srl	x0,x25,x8	 x25:0x00000000  x8:0xc8b2c467
     388815.000 ns	     38880	80008248	d00bf5d3	fcvt.s.w	f11,x23	 x23:0x00000000 f11=0x00000000
     388835.000 ns	     38882	8000824c	00a02333	slt	x6,x0,x10	  x0:0x00000000 x10:0x00000000  x6=0x00000000
     388845.000 ns	     38883	80008250	005a1a33	sll	x20,x20,x5	 x20:0x00000000  x5:0xf0d585cf x20=0x00000000
     388855.000 ns	     38884	80008254	00ce85b3	add	x11,x29,x12	 x29:0xe1069000 x12:0x00000000 x11=0xe1069000
     388865.000 ns	     38885	80008258	db7478b7	lui	x17,0xdb747	 x17=0xdb747000
     388875.000 ns	     38886	8000825c	413c5d33	sra	x26,x24,x19	 x24:0x20000000 x19:0x00000001 x26=0x10000000
     388895.000 ns	     38888	80008260	a11b9453	flt.s	x8,f23,f17	 f23:0x00000000 f17:0x7fc00000  x8=0x00000000
     388925.000 ns	     38891	80008264	020d3233	mulhu	x4,x26,x0	 x26:0xffffffff  x0:0x00000000  x4=0x00000000
     388945.000 ns	     38893	80008268	55f3bf13	sltiu	x30,x7,1375	  x7:0x00000000 x30=0x00000001
     388955.000 ns	     38894	8000826c	40db0d33	sub	x26,x22,x13	 x22:0x00000000 x13:0x000006eb x26=0xfffff915
     388975.000 ns	     38896	80008270	e0028753	fmv.x.w	x14,f5	  f5:0xffc00000 x14=0xffc00000
     388995.000 ns	     38898	80008274	01415c33	srl	x24,x2,x20	  x2:0x00000000 x20:0x00000000 x24=0x00000000
     389025.000 ns	     38901	80008278	11af47d3	fmul.s	f15,f30,f26	 f30:0x00000000 f26:0xcefff7e0 f15=0x80000000
     389055.000 ns	     38904	8000827c	c00bb453	fcvt.w.s	x8,f23	 f23:0x00000000  x8=0x00000000
     389085.000 ns	     38907	80008280	035daab3	mulhsu	x21,x27,x21	 x27:0x00000000 x21:0x00000000 x21=0x00000000
     389115.000 ns	     38910	80008284	c0061a53	fcvt.w.s	x20,f12	 f12:0x00000000 x20=0x00000000
     389485.000 ns	     38947	80008288	0238c5b3	div	x11,x17,x3	 x17:0xdb747000  x3:0xc8b2c000 x11=0x00000000
     389505.000 ns	     38949	8000828c	dbca8a37	lui	x20,0xdbca8	 x20=0xdbca8000
     389525.000 ns	     38951	80008290	02027233	remu	x4,x4,x0	  x4:0x00000000  x0:0x00000000  x4=0x00000000
     389555.000 ns	     38954	80008294	032ce133	rem	x2,x25,x18	 x25:0x00000000 x18:0x00000000  x2=0x00000000
     389585.000 ns	     38957	80008298	e0028cd3	fmv.x.w	x25,f5	  f5:0xffc00000 x25=0xffc00000
     389615.000 ns	     38960	8000829c	c014bf53	fcvt.wu.s	x30,f9	  f9:0x00000000 x30=0x00000000
     389645.000 ns	     38963	800082a0	0241ea33	rem	x20,x3,x4	  x3:0xc8b2c000  x4:0x00000000 x20=0xc8b2c000
     389665.000 ns	     38965	800082a4	fa026093	ori	x1,x4,-96	  x4:0x00000000  x1=0xffffffa0
     389685.000 ns	     38967	800082a8	03063e33	mulhu	x28,x12,x16	 x12:0x00000000 x16:0x00000000 x28=0x00000000
     389715.000 ns	     38970	800082ac	038b5ab3	divu	x21,x22,x24	 x22:0x00000000 x24:0x00000000 x21=0xffffffff
     389745.000 ns	     38973	800082b0	a16e2753	feq.s	x14,f28,f22	 f28:0x7fc00000 f22:0x7fc00000 x14=0x00000000
     389765.000 ns	     38975	800082b4	016a2f33	slt	x30,x20,x22	 x20:0xc8b2c000 x22:0x00000000 x30=0x00000001
     389775.000 ns	     38976	800082b8	00506f33	or	x30,x0,x5	  x0:0x00000000  x5:0xf0d585cf x30=0xf0d585cf
     389795.000 ns	     38978	800082bc	0329d733	divu	x14,x19,x18	 x19:0x00000001 x18:0x00000000 x14=0xffffffff
     389825.000 ns	     38981	800082c0	295a85d3	fmin.s	f11,f21,f21	 f21:0xc4dd6000 f21:0xc4dd6000 f11=0xc4dd6000
     389845.000 ns	     38983	800082c4	5d876d13	ori	x26,x14,1496	 x14:0xffffffff x26=0xffffffff
     389865.000 ns	     38985	800082c8	20760ed3	fsgnj.s	f29,f12,f7	 f12:0x00000000  f7:0x4b4a3f1f f29=0x00000000
     389915.000 ns	     38990	800082cc	01b27053	fadd.s	f0,f4,f27	  f4:0x00000000 f27:0x00000000  f0=0x00000000
     389935.000 ns	     38992	800082d0	4178d233	sra	x4,x17,x23	 x17:0xdb747000 x23:0x00000000  x4=0xdb747000
     389955.000 ns	     38994	800082d4	c01e78d3	fcvt.wu.s	x17,f28	 f28:0x7fc00000 x17=0xffffffff
     389985.000 ns	     38997	800082d8	d002fed3	fcvt.s.w	f29,x5	  x5:0xf0d585cf f29=0xcd72a7a3
     390005.000 ns	     38999	800082dc	84323337	lui	x6,0x84323	  x6=0x84323000
     390025.000 ns	     39001	800082e0	20ad16d3	fsgnjn.s	f13,f26,f10	 f26:0xcefff7e0 f10:0x7fc00000 f13=0xcefff7e0
     390395.000 ns	     39038	800082e4	035cf633	remu	x12,x25,x21	 x25:0xffc00000 x21:0xffffffff x12=0xffc00000
     390415.000 ns	     39040	800082e8	00ecdbb3	srl	x23,x25,x14	 x25:0xffc00000 x14:0xffffffff x23=0x00000001
     390425.000 ns	     39041	800082ec	010edeb3	srl	x29,x29,x16	 x29:0xe1069000 x16:0x00000000 x29=0xe1069000
     390445.000 ns	     39043	800082f0	a1510ad3	fle.s	x21,f2,f21	  f2:0xc3410000 f21:0xc4dd6000 x21=0x00000000
     390465.000 ns	     39045	800082f4	41ced0b3	sra	x1,x29,x28	 x29:0xe1069000 x28:0x00000000  x1=0xe1069000
     390485.000 ns	     39047	800082f8	a1d68a53	fle.s	x20,f13,f29	 f13:0xcefff7e0 f29:0xcd72a7a3 x20=0x00000001
     390505.000 ns	     39049	800082fc	83eedc37	lui	x24,0x83eed	 x24=0x83eed000
     390515.000 ns	     39050	80008300	419b0533	sub	x10,x22,x25	 x22:0x00000000 x25:0xffc00000 x10=0x00400000
     390525.000 ns	     39051	80008304	004da433	slt	x8,x27,x4	 x27:0x00000000  x4:0xdb747000  x8=0x00000000
     390535.000 ns	     39052	80008308	00000013	addi	x0,x0,0	  x0:0x00000000
     390555.000 ns	     39054	8000830c	03a61433	mulh	x8,x12,x26	 x12:0xffc00000 x26:0xffffffff  x8=0x00000000
     390595.000 ns	     39058	80008310	580439d3	fsqrt.s	f19,f8	  f8:0x7fc00000 f19=0x7fc00000
     390625.000 ns	     39061	80008314	207aa4d3	fsgnjx.s	f9,f21,f7	 f21:0xc4dd6000  f7:0x4b4a3f1f  f9=0xc4dd6000
     390645.000 ns	     39063	80008318	0106a9b3	slt	x19,x13,x16	 x13:0x000006eb x16:0x00000000 x19=0x00000000
     390655.000 ns	     39064	8000831c	00000013	addi	x0,x0,0	  x0:0x00000000
     390665.000 ns	     39065	80008320	40128633	sub	x12,x5,x1	  x5:0xf0d585cf  x1:0xe1069000 x12=0x0fcef5cf
     391025.000 ns	     39101	80008324	023f7933	remu	x18,x30,x3	 x30:0xf0d585cf  x3:0xc8b2c000 x18=0x2822c5cf
     391045.000 ns	     39103	80008328	40208933	sub	x18,x1,x2	  x1:0xe1069000  x2:0x00000000 x18=0xe1069000
     391055.000 ns	     39104	8000832c	01b7c3b3	xor	x7,x15,x27	 x15:0x00000000 x27:0x00000000  x7=0x00000000
     391085.000 ns	     39107	80008330	19247253	fdiv.s	f4,f8,f18	  f8:0x7fc00000 f18:0x44dd6000  f4=0x7fc00000
     391105.000 ns	     39109	80008334	41d0dbb3	sra	x23,x1,x29	  x1:0xe1069000 x29:0xe1069000 x23=0xe1069000
     391135.000 ns	     39112	80008338	105df753	fmul.s	f14,f27,f5	 f27:0x00000000  f5:0xffc00000 f14=0x7fc00000
     391175.000 ns	     39116	8000833c	186ff9d3	fdiv.s	f19,f31,f6	 f31:0x7fc00000  f6:0xffc00000 f19=0x7fc00000
     391545.000 ns	     39153	80008340	034bc033	div	x0,x23,x20	 x23:0xe1069000 x20:0x00000001
     391585.000 ns	     39157	80008344	58088d53	fsqrt.s	f26,f17	 f17:0x7fc00000 f26=0x7fc00000
     391605.000 ns	     39159	80008348	008c7533	and	x10,x24,x8	 x24:0x83eed000  x8:0x00000000 x10=0x00000000
     391625.000 ns	     39161	8000834c	03687b33	remu	x22,x16,x22	 x16:0x00000000 x22:0x00000000 x22=0x00000000
     391655.000 ns	     39164	80008350	216c1553	fsgnjn.s	f10,f24,f22	 f24:0x473501d8 f22:0x7fc00000 f10=0xc73501d8
     391695.000 ns	     39168	80008354	10d21fd3	fmul.s	f31,f4,f13	  f4:0x7fc00000 f13:0xcefff7e0 f31=0x7fc00000
     391715.000 ns	     39170	80008358	a448c513	xori	x10,x17,-1468	 x17:0xffffffff x10=0x000005bb
     391725.000 ns	     39171	8000835c	15c24e93	xori	x29,x4,348	  x4:0xdb747000 x29=0xdb74715c
     392085.000 ns	     39207	80008360	03fe7233	remu	x4,x28,x31	 x28:0x00000000 x31:0x80041024  x4=0x00000000
     392115.000 ns	     39210	80008364	21ce92d3	fsgnjn.s	f5,f29,f28	 f29:0xcd72a7a3 f28:0x7fc00000  f5=0xcd72a7a3
     392135.000 ns	     39212	80008368	017eaeb3	slt	x29,x29,x23	 x29:0xdb74715c x23:0xe1069000 x29=0x00000001
     392165.000 ns	     39215	8000836c	10a612d3	fmul.s	f5,f12,f10	 f12:0x00000000 f10:0xc73501d8  f5=0x80000000
     392195.000 ns	     39218	80008370	a10a1453	flt.s	x8,f20,f16	 f20:0x47b1d000 f16:0x4228553e  x8=0x00000000
     392225.000 ns	     39221	80008374	a0dd06d3	fle.s	x13,f26,f13	 f26:0x7fc00000 f13:0xcefff7e0 x13=0x00000000
     392255.000 ns	     39224	80008378	f00b0fd3	fmv.w.x	f31,x22	 x22:0x00000000 f31=0x00000000
     392275.000 ns	     39226	8000837c	00661513	slli	x10,x12,0x6	 x12:0x0fcef5cf x10=0xf3bd73c0
     392285.000 ns	     39227	80008380	01d8adb3	slt	x27,x17,x29	 x17:0xffffffff x29:0x00000001 x27=0x00000001
     392295.000 ns	     39228	80008384	407c0ab3	sub	x21,x24,x7	 x24:0x83eed000  x7:0x00000000 x21=0x83eed000
     392315.000 ns	     39230	80008388	294b00d3	fmin.s	f1,f22,f20	 f22:0x7fc00000 f20:0x47b1d000  f1=0x47b1d000
     392345.000 ns	     39233	8000838c	a003a553	feq.s	x10,f7,f0	  f7:0x4b4a3f1f  f0:0x00000000 x10=0x00000000
     392375.000 ns	     39236	80008390	a17d1053	flt.s	x0,f26,f23	 f26:0x7fc00000 f23:0x00000000
     392405.000 ns	     39239	80008394	209c03d3	fsgnj.s	f7,f24,f9	 f24:0x473501d8  f9:0xc4dd6000  f7=0xc73501d8
     392425.000 ns	     39241	80008398	12972b93	slti	x23,x14,297	 x14:0xffffffff x23=0x00000001
     392435.000 ns	     39242	8000839c	9cf3ae17	auipc	x28,0x9cf3a	 x28=0x1cf4239c
     392445.000 ns	     39243	800083a0	01202a33	slt	x20,x0,x18	  x0:0x00000000 x18:0xe1069000 x20=0x00000000
     392485.000 ns	     39247	800083a4	00c605d3	fadd.s	f11,f12,f12	 f12:0x00000000 f12:0x00000000 f11=0x00000000
     392515.000 ns	     39250	800083a8	c008fc53	fcvt.w.s	x24,f17	 f17:0x7fc00000 x24=0x7fffffff
     392535.000 ns	     39252	800083ac	00dc9793	slli	x15,x25,0xd	 x25:0xffc00000 x15=0x00000000
     392575.000 ns	     39256	800083b0	00387d53	fadd.s	f26,f16,f3	 f16:0x4228553e  f3:0x00000000 f26=0x4228553e
     392605.000 ns	     39259	800083b4	c01180d3	fcvt.wu.s	x1,f3	  f3:0x00000000  x1=0x00000000
     392635.000 ns	     39262	800083b8	d01786d3	fcvt.s.wu	f13,x15	 x15:0x00000000 f13=0x00000000
     392665.000 ns	     39265	800083bc	e0061cd3	fclass.s	x25,f12	 f12:0x00000000 x25=0x00000010
     392685.000 ns	     39267	800083c0	00343033	sltu	x0,x8,x3	  x8:0x00000000  x3:0xc8b2c000
     392705.000 ns	     39269	800083c4	28100653	fmin.s	f12,f0,f1	  f0:0x00000000  f1:0x47b1d000 f12=0x00000000
     392735.000 ns	     39272	800083c8	e0001553	fclass.s	x10,f0	  f0:0x00000000 x10=0x00000010
     392765.000 ns	     39275	800083cc	f0060953	fmv.w.x	f18,x12	 x12:0x0fcef5cf f18=0x0fcef5cf
     392795.000 ns	     39278	800083d0	d0077553	fcvt.s.w	f10,x14	 x14:0xffffffff f10=0xbf800000
     392815.000 ns	     39280	800083d4	00901a13	slli	x20,x0,0x9	  x0:0x00000000 x20=0x00000000
     392835.000 ns	     39282	800083d8	a04c0053	fle.s	x0,f24,f4	 f24:0x473501d8  f4:0x7fc00000
     392865.000 ns	     39285	800083dc	20c082d3	fsgnj.s	f5,f1,f12	  f1:0x47b1d000 f12:0x00000000  f5=0x47b1d000
     392895.000 ns	     39288	800083e0	29f81f53	fmax.s	f30,f16,f31	 f16:0x4228553e f31:0x00000000 f30=0x4228553e
     392915.000 ns	     39290	800083e4	01b99a93	slli	x21,x19,0x1b	 x19:0x00000000 x21=0x00000000
     392935.000 ns	     39292	800083e8	022b7bb3	remu	x23,x22,x2	 x22:0x00000000  x2:0x00000000 x23=0x00000000
     392955.000 ns	     39294	800083ec	01ca1d33	sll	x26,x20,x28	 x20:0x00000000 x28:0x1cf4239c x26=0x00000000
     392965.000 ns	     39295	800083f0	00000013	addi	x0,x0,0	  x0:0x00000000
     392985.000 ns	     39297	800083f4	21479e53	fsgnjn.s	f28,f15,f20	 f15:0x80000000 f20:0x47b1d000 f28=0x80000000
     393015.000 ns	     39300	800083f8	03e83d33	mulhu	x26,x16,x30	 x16:0x00000000 x30:0xf0d585cf x26=0x00000000
     393055.000 ns	     39304	800083fc	11c0f853	fmul.s	f16,f1,f28	  f1:0x47b1d000 f28:0x80000000 f16=0x80000000
     393075.000 ns	     39306	80008400	49790ab7	lui	x21,0x49790	 x21=0x49790000
     393085.000 ns	     39307	80008404	0019da33	srl	x20,x19,x1	 x19:0x00000000  x1:0x00000000 x20=0x00000000
     393125.000 ns	     39311	80008408	00477153	fadd.s	f2,f14,f4	 f14:0x7fc00000  f4:0x7fc00000  f2=0x7fc00000
     393145.000 ns	     39313	8000840c	11b3a337	lui	x6,0x11b3a	  x6=0x11b3a000
     393505.000 ns	     39349	80008410	03f9c833	div	x16,x19,x31	 x19:0x00000000 x31:0x80041024 x16=0x00000000
     393535.000 ns	     39352	80008414	d00f78d3	fcvt.s.w	f17,x30	 x30:0xf0d585cf f17=0xcd72a7a3
     393575.000 ns	     39356	80008418	10e8b053	fmul.s	f0,f17,f14	 f17:0x7fc00000 f14:0x7fc00000  f0=0x7fc00000
     393605.000 ns	     39359	8000841c	29d410d3	fmax.s	f1,f8,f29	  f8:0x7fc00000 f29:0xcd72a7a3  f1=0xcd72a7a3
     393635.000 ns	     39362	80008420	d01bc4d3	fcvt.s.wu	f9,x23	 x23:0x00000000  f9=0x00000000
     393655.000 ns	     39364	80008424	01655e33	srl	x28,x10,x22	 x10:0x00000010 x22:0x00000000 x28=0x00000010
     393665.000 ns	     39365	80008428	4aa01917	auipc	x18,0x4aa01	 x18=0xcaa09428
     393685.000 ns	     39367	8000842c	c0157bd3	fcvt.wu.s	x23,f10	 f10:0xbf800000 x23=0x00000001
     393715.000 ns	     39370	80008430	02572eb3	mulhsu	x29,x14,x5	 x14:0xffffffff  x5:0xf0d585cf x29=0xffffffff
     393735.000 ns	     39372	80008434	a473f513	andi	x10,x7,-1465	  x7:0x00000000 x10=0x00000000
     394095.000 ns	     39408	80008438	03b77433	remu	x8,x14,x27	 x14:0xffffffff x27:0x00000001  x8=0x00000000
     394125.000 ns	     39411	8000843c	0220ebb3	rem	x23,x1,x2	  x1:0x00000000  x2:0x00000000 x23=0x00000000
     394145.000 ns	     39413	80008440	004a5193	srli	x3,x20,0x4	 x20:0x00000000  x3=0x00000000
     394165.000 ns	     39415	80008444	e0088dd3	fmv.x.w	x27,f17	 f17:0xcd72a7a3 x27=0xcd72a7a3
     394195.000 ns	     39418	80008448	a18596d3	flt.s	x13,f11,f24	 f11:0x00000000 f24:0x473501d8 x13=0x00000001
     394245.000 ns	     39423	8000844c	014e16d3	fadd.s	f13,f28,f20	 f28:0x80000000 f20:0x47b1d000 f13=0x47b1d000
     394265.000 ns	     39425	80008450	010b6133	or	x2,x22,x16	 x22:0x00000000 x16:0x00000000  x2=0x00000000
     394275.000 ns	     39426	80008454	df20a893	slti	x17,x1,-526	  x1:0x00000000 x17=0x00000000
     394285.000 ns	     39427	80008458	00000013	addi	x0,x0,0	  x0:0x00000000
     394305.000 ns	     39429	8000845c	c01fa653	fcvt.wu.s	x12,f31	 f31:0x00000000 x12=0x00000000
     394335.000 ns	     39432	80008460	e00c0c53	fmv.x.w	x24,f24	 f24:0x473501d8 x24=0x473501d8
     394355.000 ns	     39434	80008464	412c0f33	sub	x30,x24,x18	 x24:0x7fffffff x18:0xcaa09428 x30=0x7c946db0
     394385.000 ns	     39437	80008468	101771d3	fmul.s	f3,f14,f1	 f14:0x7fc00000  f1:0xcd72a7a3  f3=0x7fc00000
     394405.000 ns	     39439	8000846c	0022d7b3	srl	x15,x5,x2	  x5:0xf0d585cf  x2:0x00000000 x15=0xf0d585cf
     394425.000 ns	     39441	80008470	027e6f33	rem	x30,x28,x7	 x28:0x00000010  x7:0x00000000 x30=0x00000010
     394455.000 ns	     39444	80008474	c012f953	fcvt.wu.s	x18,f5	  f5:0x47b1d000 x18=0x000163a0
     394485.000 ns	     39447	80008478	21f90753	fsgnj.s	f14,f18,f31	 f18:0x0fcef5cf f31:0x00000000 f14=0x0fcef5cf
     394515.000 ns	     39450	8000847c	a00b9bd3	flt.s	x23,f23,f0	 f23:0x00000000  f0:0x7fc00000 x23=0x00000000
     394535.000 ns	     39452	80008480	95653e13	sltiu	x28,x10,-1706	 x10:0x00000000 x28=0x00000001
     394545.000 ns	     39453	80008484	00efb7b3	sltu	x15,x31,x14	 x31:0x80041024 x14:0xffffffff x15=0x00000001
     394555.000 ns	     39454	80008488	00c73233	sltu	x4,x14,x12	 x14:0xffffffff x12:0x00000000  x4=0x00000000
     394575.000 ns	     39456	8000848c	d0038bd3	fcvt.s.w	f23,x7	  x7:0x00000000 f23=0x00000000
     394625.000 ns	     39461	80008490	0043fa53	fadd.s	f20,f7,f4	  f7:0xc73501d8  f4:0x7fc00000 f20=0x7fc00000
     394645.000 ns	     39463	80008494	2c8e0b37	lui	x22,0x2c8e0	 x22=0x2c8e0000
     394665.000 ns	     39465	80008498	d0054253	fcvt.s.w	f4,x10	 x10:0x00000000  f4=0x00000000
     394685.000 ns	     39467	8000849c	01f5c433	xor	x8,x11,x31	 x11:0x00000000 x31:0x80041024  x8=0x80041024
     394695.000 ns	     39468	800084a0	e732c037	lui	x0,0xe732c	
     394715.000 ns	     39470	800084a4	c0014953	fcvt.w.s	x18,f2	  f2:0x7fc00000 x18=0x7fffffff
     394735.000 ns	     39472	800084a8	c0724393	xori	x7,x4,-1017	  x4:0x00000000  x7=0xfffffc07
     394745.000 ns	     39473	800084ac	00191893	slli	x17,x18,0x1	 x18:0x7fffffff x17=0xfffffffe
     394755.000 ns	     39474	800084b0	8898edb7	lui	x27,0x8898e	 x27=0x8898e000
     394765.000 ns	     39475	800084b4	00000013	addi	x0,x0,0	  x0:0x00000000
     394785.000 ns	     39477	800084b8	a0f9a7d3	feq.s	x15,f19,f15	 f19:0x7fc00000 f15:0x80000000 x15=0x00000000
     394815.000 ns	     39480	800084bc	f00b8a53	fmv.w.x	f20,x23	 x23:0x00000000 f20=0x00000000
     394835.000 ns	     39482	800084c0	7190ceb7	lui	x29,0x7190c	 x29=0x7190c000
     394845.000 ns	     39483	800084c4	c1282313	slti	x6,x16,-1006	 x16:0x00000000  x6=0x00000000
     394855.000 ns	     39484	800084c8	c8287393	andi	x7,x16,-894	 x16:0x00000000  x7=0x00000000
     394875.000 ns	     39486	800084cc	289f0b53	fmin.s	f22,f30,f9	 f30:0x4228553e  f9:0x00000000 f22=0x00000000
     394895.000 ns	     39488	800084d0	400683b3	sub	x7,x13,x0	 x13:0x00000001  x0:0x00000000  x7=0x00000001
     394905.000 ns	     39489	800084d4	015797b3	sll	x15,x15,x21	 x15:0x00000000 x21:0x49790000 x15=0x00000000
     394925.000 ns	     39491	800084d8	219790d3	fsgnjn.s	f1,f15,f25	 f15:0x80000000 f25:0x00000000  f1=0x80000000
     394945.000 ns	     39493	800084dc	015ccd33	xor	x26,x25,x21	 x25:0x00000010 x21:0x49790000 x26=0x49790010
     394965.000 ns	     39495	800084e0	218b2a53	fsgnjx.s	f20,f22,f24	 f22:0x00000000 f24:0x473501d8 f20=0x00000000
     394985.000 ns	     39497	800084e4	00e17cb3	and	x25,x2,x14	  x2:0x00000000 x14:0xffffffff x25=0x00000000
     395005.000 ns	     39499	800084e8	21031253	fsgnjn.s	f4,f6,f16	  f6:0xffc00000 f16:0x80000000  f4=0x7fc00000
     395035.000 ns	     39502	800084ec	e00b97d3	fclass.s	x15,f23	 f23:0x00000000 x15=0x00000010
     395065.000 ns	     39505	800084f0	a1df09d3	fle.s	x19,f30,f29	 f30:0x4228553e f29:0xcd72a7a3 x19=0x00000000
     395085.000 ns	     39507	800084f4	4579af13	slti	x30,x19,1111	 x19:0x00000000 x30=0x00000001
     395095.000 ns	     39508	800084f8	0178e633	or	x12,x17,x23	 x17:0xfffffffe x23:0x00000000 x12=0xfffffffe
     395105.000 ns	     39509	800084fc	01f11393	slli	x7,x2,0x1f	  x2:0x00000000  x7=0x00000000
     395125.000 ns	     39511	80008500	a0df0d53	fle.s	x26,f30,f13	 f30:0x4228553e f13:0x47b1d000 x26=0x00000001
     395155.000 ns	     39514	80008504	c01ebc53	fcvt.wu.s	x24,f29	 f29:0xcd72a7a3 x24=0x0f2a7a30
     395175.000 ns	     39516	80008508	01d01393	slli	x7,x0,0x1d	  x0:0x00000000  x7=0x00000000
     395205.000 ns	     39519	8000850c	11eaf953	fmul.s	f18,f21,f30	 f21:0xc4dd6000 f30:0x4228553e f18=0xc79190b6
     395235.000 ns	     39522	80008510	c01e4f53	fcvt.wu.s	x30,f28	 f28:0x80000000 x30=0x00000000
     395275.000 ns	     39526	80008514	199f7353	fdiv.s	f6,f30,f25	 f30:0x4228553e f25:0x00000000  f6=0x7f800000
     395295.000 ns	     39528	80008518	4bed8a13	addi	x20,x27,1214	 x27:0x8898e000 x20=0x8898e4be
     395315.000 ns	     39530	8000851c	e00f16d3	fclass.s	x13,f30	 f30:0x4228553e x13=0x00000040
     395345.000 ns	     39533	80008520	034113b3	mulh	x7,x2,x20	  x2:0x00000000 x20:0x00000000  x7=0x00000000
     395375.000 ns	     39536	80008524	03efd0b3	divu	x1,x31,x30	 x31:0x80041024 x30:0x00000000  x1=0xffffffff
     395405.000 ns	     39539	80008528	d01a7553	fcvt.s.wu	f10,x20	 x20:0x8898e4be f10=0x4f0898e4
     395775.000 ns	     39576	8000852c	029f7cb3	remu	x25,x30,x9	 x30:0x00000000  x9:0x80040fe4 x25=0x00000000
     395805.000 ns	     39579	80008530	0265bbb3	mulhu	x23,x11,x6	 x11:0x00000000  x6:0x00000000 x23=0x00000000
     395845.000 ns	     39583	80008534	580a78d3	fsqrt.s	f17,f20	 f20:0x00000000 f17=0x00000000
     395865.000 ns	     39585	80008538	40085393	srai	x7,x16,0x0	 x16:0x00000000  x7=0x00000000
     395875.000 ns	     39586	8000853c	01141513	slli	x10,x8,0x11	  x8:0x80041024 x10=0x20480000
     395905.000 ns	     39589	80008540	19ca2dd3	fdiv.s	f27,f20,f28	 f20:0x00000000 f28:0x80000000 f27=0x7fc00000
     395925.000 ns	     39591	80008544	01aeac33	slt	x24,x29,x26	 x29:0x7190c000 x26:0x00000001 x24=0x00000000
     395945.000 ns	     39593	80008548	03e4ec33	rem	x24,x9,x30	  x9:0x80040fe4 x30:0x00000000 x24=0x80040fe4
     395975.000 ns	     39596	8000854c	c004f9d3	fcvt.w.s	x19,f9	  f9:0x00000000 x19=0x00000000
     395995.000 ns	     39598	80008550	005b4ab3	xor	x21,x22,x5	 x22:0x2c8e0000  x5:0xf0d585cf x21=0xdc5b85cf
     396015.000 ns	     39600	80008554	286980d3	fmin.s	f1,f19,f6	 f19:0x7fc00000  f6:0x7f800000  f1=0x7f800000
     396045.000 ns	     39603	80008558	c00a1353	fcvt.w.s	x6,f20	 f20:0x00000000  x6=0x00000000
     396075.000 ns	     39606	8000855c	28b00f53	fmin.s	f30,f0,f11	  f0:0x7fc00000 f11:0x00000000 f30=0x00000000
     396115.000 ns	     39610	80008560	19b77853	fdiv.s	f16,f14,f27	 f14:0x0fcef5cf f27:0x7fc00000 f16=0x7fc00000
     396145.000 ns	     39613	80008564	d01619d3	fcvt.s.wu	f19,x12	 x12:0xfffffffe f19=0x4f7fffff
     396165.000 ns	     39615	80008568	009723b3	slt	x7,x14,x9	 x14:0xffffffff  x9:0x80040fe4  x7=0x00000000
     396175.000 ns	     39616	8000856c	82298217	auipc	x4,0x82298	  x4=0x022a056c
     396205.000 ns	     39619	80008570	117e7a53	fmul.s	f20,f28,f23	 f28:0x80000000 f23:0x00000000 f20=0x80000000
     396225.000 ns	     39621	80008574	00fe5313	srli	x6,x28,0xf	 x28:0x00000001  x6=0x00000000
     396245.000 ns	     39623	80008578	e00a0f53	fmv.x.w	x30,f20	 f20:0x80000000 x30=0x80000000
     396275.000 ns	     39626	8000857c	f0078753	fmv.w.x	f14,x15	 x15:0x00000010 f14=0x00000010
     396305.000 ns	     39629	80008580	29489ed3	fmax.s	f29,f17,f20	 f17:0x00000000 f20:0x80000000 f29=0x00000000
     396325.000 ns	     39631	80008584	40685c93	srai	x25,x16,0x6	 x16:0x00000000 x25=0x00000000
     396685.000 ns	     39667	80008588	0286e333	rem	x6,x13,x8	 x13:0x00000040  x8:0x80041024  x6=0x00000040
     396705.000 ns	     39669	8000858c	7b5e2c37	lui	x24,0x7b5e2	 x24=0x7b5e2000
     396725.000 ns	     39671	80008590	034a2bb3	mulhsu	x23,x20,x20	 x20:0x8898e4be x20:0x8898e4be x23=0xc049e99c
     396745.000 ns	     39673	80008594	a4c4cb13	xori	x22,x9,-1460	  x9:0x80040fe4 x22=0x7ffbf5a8
     396765.000 ns	     39675	80008598	29021353	fmax.s	f6,f4,f16	  f4:0x7fc00000 f16:0x7fc00000  f6=0x7fc00000
     396795.000 ns	     39678	8000859c	c0147953	fcvt.wu.s	x18,f8	  f8:0x7fc00000 x18=0xffffffff
     396825.000 ns	     39681	800085a0	e0070ed3	fmv.x.w	x29,f14	 f14:0x00000010 x29=0x00000010
     396855.000 ns	     39684	800085a4	e0088753	fmv.x.w	x14,f17	 f17:0x00000000 x14=0x00000000
     397225.000 ns	     39721	800085a8	02d6fe33	remu	x28,x13,x13	 x13:0x00000040 x13:0x00000040 x28=0x00000000
     397255.000 ns	     39724	800085ac	e00c96d3	fclass.s	x13,f25	 f25:0x00000000 x13=0x00000010
     397285.000 ns	     39727	800085b0	02e650b3	divu	x1,x12,x14	 x12:0xfffffffe x14:0x00000000  x1=0xffffffff
     397305.000 ns	     39729	800085b4	a3328713	addi	x14,x5,-1485	  x5:0xf0d585cf x14=0xf0d58002
     397315.000 ns	     39730	800085b8	000590b3	sll	x1,x11,x0	 x11:0x00000000  x0:0x00000000  x1=0x00000000
     397335.000 ns	     39732	800085bc	02aa3833	mulhu	x16,x20,x10	 x20:0x8898e4be x10:0x20480000 x16=0x11398798
     397365.000 ns	     39735	800085c0	21b2a353	fsgnjx.s	f6,f5,f27	  f5:0x47b1d000 f27:0x7fc00000  f6=0x47b1d000
     397395.000 ns	     39738	800085c4	e0050b53	fmv.x.w	x22,f10	 f10:0x4f0898e4 x22=0x4f0898e4
     397425.000 ns	     39741	800085c8	033e90b3	mulh	x1,x29,x19	 x29:0x00000010 x19:0x00000000  x1=0x00000000
     397445.000 ns	     39743	800085cc	204e7d13	andi	x26,x28,516	 x28:0x00000000 x26=0x00000000
     397805.000 ns	     39779	800085d0	03754433	div	x8,x10,x23	 x10:0x20480000 x23:0xc049e99c  x8=0x00000000
     397835.000 ns	     39782	800085d4	d00780d3	fcvt.s.w	f1,x15	 x15:0x00000010  f1=0x41800000
     397865.000 ns	     39785	800085d8	c00f7953	fcvt.w.s	x18,f30	 f30:0x00000000 x18=0x00000000
     397885.000 ns	     39787	800085dc	78e1f093	andi	x1,x3,1934	  x3:0x00000000  x1=0x00000000
     397905.000 ns	     39789	800085e0	e00386d3	fmv.x.w	x13,f7	  f7:0xc73501d8 x13=0xc73501d8
     397945.000 ns	     39793	800085e4	192b70d3	fdiv.s	f1,f22,f18	 f22:0x00000000 f18:0xc79190b6  f1=0x80000000
     397965.000 ns	     39795	800085e8	67f5b793	sltiu	x15,x11,1663	 x11:0x00000000 x15=0x00000001
     397975.000 ns	     39796	800085ec	d9e40093	addi	x1,x8,-610	  x8:0x00000000  x1=0xfffffd9e
     397995.000 ns	     39798	800085f0	21f0a4d3	fsgnjx.s	f9,f1,f31	  f1:0x80000000 f31:0x00000000  f9=0x80000000
     398015.000 ns	     39800	800085f4	0158fc33	and	x24,x17,x21	 x17:0xfffffffe x21:0xdc5b85cf x24=0xdc5b85ce
     398035.000 ns	     39802	800085f8	03492233	mulhsu	x4,x18,x20	 x18:0x00000000 x20:0x8898e4be  x4=0x00000000
     398405.000 ns	     39839	800085fc	03494eb3	div	x29,x18,x20	 x18:0x00000000 x20:0x8898e4be x29=0x00000000
     398435.000 ns	     39842	80008600	a1c787d3	fle.s	x15,f15,f28	 f15:0x80000000 f28:0x80000000 x15=0x00000001
     398455.000 ns	     39844	80008604	4bd49817	auipc	x16,0x4bd49	 x16=0xcbd51604
     398465.000 ns	     39845	80008608	596a7b93	andi	x23,x20,1430	 x20:0x8898e4be x23=0x00000496
     398475.000 ns	     39846	8000860c	008eea13	ori	x20,x29,8	 x29:0x00000000 x20=0x00000008
     398485.000 ns	     39847	80008610	012f9bb3	sll	x23,x31,x18	 x31:0x80041024 x18:0x00000000 x23=0x80041024
     398505.000 ns	     39849	80008614	e0021153	fclass.s	x2,f4	  f4:0x7fc00000  x2=0x00000200
     398545.000 ns	     39853	80008618	112ebe53	fmul.s	f28,f29,f18	 f29:0x00000000 f18:0xc79190b6 f28=0x80000000
     398575.000 ns	     39856	8000861c	a04f0b53	fle.s	x22,f30,f4	 f30:0x00000000  f4:0x7fc00000 x22=0x00000000
     398595.000 ns	     39858	80008620	01563833	sltu	x16,x12,x21	 x12:0xfffffffe x21:0xdc5b85cf x16=0x00000000
     398605.000 ns	     39859	80008624	26e9b193	sltiu	x3,x19,622	 x19:0x00000000  x3=0x00000001
     398625.000 ns	     39861	80008628	a1b48ed3	fle.s	x29,f9,f27	  f9:0x80000000 f27:0x7fc00000 x29=0x00000000
     398655.000 ns	     39864	8000862c	a1101753	flt.s	x14,f0,f17	  f0:0x7fc00000 f17:0x00000000 x14=0x00000000
     398685.000 ns	     39867	80008630	03083ab3	mulhu	x21,x16,x16	 x16:0x00000000 x16:0x00000000 x21=0x00000000
     398715.000 ns	     39870	80008634	d0078853	fcvt.s.w	f16,x15	 x15:0x00000001 f16=0x3f800000
     398745.000 ns	     39873	80008638	a0bdaad3	feq.s	x21,f27,f11	 f27:0x7fc00000 f11:0x00000000 x21=0x00000000
     398765.000 ns	     39875	8000863c	41a6d733	sra	x14,x13,x26	 x13:0xc73501d8 x26:0x00000000 x14=0xc73501d8
     398785.000 ns	     39877	80008640	f00008d3	fmv.w.x	f17,x0	  x0:0x00000000 f17=0x00000000
     398805.000 ns	     39879	80008644	00f837b3	sltu	x15,x16,x15	 x16:0x00000000 x15:0x00000001 x15=0x00000001
     398825.000 ns	     39881	80008648	d0142ed3	fcvt.s.wu	f29,x8	  x8:0x00000000 f29=0x00000000
     398845.000 ns	     39883	8000864c	b1afc713	xori	x14,x31,-1254	 x31:0x80041024 x14=0x7ffbeb3e
     398855.000 ns	     39884	80008650	01f5c433	xor	x8,x11,x31	 x11:0x00000000 x31:0x80041024  x8=0x80041024
     398865.000 ns	     39885	80008654	16530393	addi	x7,x6,357	  x6:0x00000040  x7=0x000001a5
     398885.000 ns	     39887	80008658	02d12933	mulhsu	x18,x2,x13	  x2:0x00000200 x13:0xc73501d8 x18=0x0000018e
     398915.000 ns	     39890	8000865c	29ca0253	fmin.s	f4,f20,f28	 f20:0x80000000 f28:0x80000000  f4=0x80000000
     398945.000 ns	     39893	80008660	d01e7453	fcvt.s.wu	f8,x28	 x28:0x00000000  f8=0x00000000
     398975.000 ns	     39896	80008664	20d19853	fsgnjn.s	f16,f3,f13	  f3:0x7fc00000 f13:0x47b1d000 f16=0xffc00000
     399005.000 ns	     39899	80008668	c016f353	fcvt.wu.s	x6,f13	 f13:0x47b1d000  x6=0x000163a0
     399035.000 ns	     39902	8000866c	2035a453	fsgnjx.s	f8,f11,f3	 f11:0x00000000  f3:0x7fc00000  f8=0x00000000
     399065.000 ns	     39905	80008670	034ea6b3	mulhsu	x13,x29,x20	 x29:0x00000000 x20:0x00000008 x13=0x00000000
     399095.000 ns	     39908	80008674	29d39c53	fmax.s	f24,f7,f29	  f7:0xc73501d8 f29:0x00000000 f24=0x00000000
     399125.000 ns	     39911	80008678	02d18333	mul	x6,x3,x13	  x3:0x00000001 x13:0x00000000  x6=0x00000000
     399175.000 ns	     39916	8000867c	008df5d3	fadd.s	f11,f27,f8	 f27:0x7fc00000  f8:0x00000000 f11=0x7fc00000
     399205.000 ns	     39919	80008680	c0097bd3	fcvt.w.s	x23,f18	 f18:0xc79190b6 x23=0x00012321
     399225.000 ns	     39921	80008684	012d35b3	sltu	x11,x26,x18	 x26:0x00000000 x18:0x0000018e x11=0x00000001
     399585.000 ns	     39957	80008688	03fe7833	remu	x16,x28,x31	 x28:0x00000000 x31:0x80041024 x16=0x00000000
     399615.000 ns	     39960	8000868c	033f1bb3	mulh	x23,x30,x19	 x30:0x80000000 x19:0x00000000 x23=0x00000000
     399985.000 ns	     39997	80008690	0344f0b3	remu	x1,x9,x20	  x9:0x80040fe4 x20:0x00000008  x1=0x00000004
     400005.000 ns	     39999	80008694	0022dd93	srli	x27,x5,0x2	  x5:0xf0d585cf x27=0x3c356173
     400035.000 ns	     40002	80008698	10e2f4d3	fmul.s	f9,f5,f14	  f5:0x47b1d000 f14:0x00000010  f9=0x00163a00
     400065.000 ns	     40005	8000869c	f00e8ed3	fmv.w.x	f29,x29	 x29:0x00000000 f29=0x00000000
     400095.000 ns	     40008	800086a0	d01da5d3	fcvt.s.wu	f11,x27	 x27:0x3c356173 f11=0x4e70d586
     400465.000 ns	     40045	800086a4	02c5f633	remu	x12,x11,x12	 x11:0x00000001 x12:0xfffffffe x12=0x00000001
     400495.000 ns	     40048	800086a8	f0098753	fmv.w.x	f14,x19	 x19:0x00000000 f14=0x00000000
     400545.000 ns	     40053	800086ac	08e0fa53	fsub.s	f20,f1,f14	  f1:0x80000000 f14:0x00000010 f20=0x80000000
     400565.000 ns	     40055	800086b0	009c5cb3	srl	x25,x24,x9	 x24:0xdc5b85ce  x9:0x80040fe4 x25=0x0dc5b85c
     400575.000 ns	     40056	800086b4	00f18f33	add	x30,x3,x15	  x3:0x00000001 x15:0x00000001 x30=0x00000002
     400585.000 ns	     40057	800086b8	006f81b3	add	x3,x31,x6	 x31:0x80041024  x6:0x00000000  x3=0x80041024
     400595.000 ns	     40058	800086bc	00dc0633	add	x12,x24,x13	 x24:0xdc5b85ce x13:0x00000000 x12=0xdc5b85ce
     400605.000 ns	     40059	800086c0	0168e933	or	x18,x17,x22	 x17:0xfffffffe x22:0x00000000 x18=0xfffffffe
     400625.000 ns	     40061	800086c4	d016ae53	fcvt.s.wu	f28,x13	 x13:0x00000000 f28=0x00000000
     400645.000 ns	     40063	800086c8	4005dbb3	sra	x23,x11,x0	 x11:0x00000001  x0:0x00000000 x23=0x00000001
     400675.000 ns	     40066	800086cc	107e8553	fmul.s	f10,f29,f7	 f29:0x00000000  f7:0xc73501d8 f10=0x80000000
     400705.000 ns	     40069	800086d0	20ed8ed3	fsgnj.s	f29,f27,f14	 f27:0x7fc00000 f14:0x00000000 f29=0x7fc00000
     401075.000 ns	     40106	800086d4	02847ab3	remu	x21,x8,x8	  x8:0x80041024  x8:0x80041024 x21=0x00000000
     401095.000 ns	     40108	800086d8	00dd5a33	srl	x20,x26,x13	 x26:0x00000000 x13:0x00000000 x20=0x00000000
     401125.000 ns	     40111	800086dc	11cb9f53	fmul.s	f30,f23,f28	 f23:0x00000000 f28:0x00000000 f30=0x00000000
     401155.000 ns	     40114	800086e0	c0124553	fcvt.wu.s	x10,f4	  f4:0x80000000 x10=0x00000000
     401185.000 ns	     40117	800086e4	20150d53	fsgnj.s	f26,f10,f1	 f10:0x80000000  f1:0x80000000 f26=0x80000000
     401205.000 ns	     40119	800086e8	017e5113	srli	x2,x28,0x17	 x28:0x00000000  x2=0x00000000
     401225.000 ns	     40121	800086ec	025f0b33	mul	x22,x30,x5	 x30:0x00000002  x5:0xf0d585cf x22=0xe1ab0b9e
     401255.000 ns	     40124	800086f0	c00a30d3	fcvt.w.s	x1,f20	 f20:0x80000000  x1=0x00000000
     401275.000 ns	     40126	800086f4	015c91b3	sll	x3,x25,x21	 x25:0x0dc5b85c x21:0x00000000  x3=0x0dc5b85c
     401285.000 ns	     40127	800086f8	7883e993	ori	x19,x7,1928	  x7:0x000001a5 x19=0x000007ad
     401305.000 ns	     40129	800086fc	a1a5a7d3	feq.s	x15,f11,f26	 f11:0x4e70d586 f26:0x80000000 x15=0x00000000
     401355.000 ns	     40134	80008700	0147ffd3	fadd.s	f31,f15,f20	 f15:0x80000000 f20:0x80000000 f31=0x80000000
     401375.000 ns	     40136	80008704	00c82eb3	slt	x29,x16,x12	 x16:0x00000000 x12:0xdc5b85ce x29=0x00000000
     401395.000 ns	     40138	80008708	21e488d3	fsgnj.s	f17,f9,f30	  f9:0x00163a00 f30:0x00000000 f17=0x00163a00
     401415.000 ns	     40140	8000870c	01edab33	slt	x22,x27,x30	 x27:0x3c356173 x30:0x00000002 x22=0x00000000
     401435.000 ns	     40142	80008710	c0087453	fcvt.w.s	x8,f16	 f16:0xffc00000  x8=0x7fffffff
     401455.000 ns	     40144	80008714	2de6b897	auipc	x17,0x2de6b	 x17=0xade73714
     401475.000 ns	     40146	80008718	020600b3	mul	x1,x12,x0	 x12:0xdc5b85ce  x0:0x00000000  x1=0x00000000
     401525.000 ns	     40151	8000871c	08b033d3	fsub.s	f7,f0,f11	  f0:0x7fc00000 f11:0x4e70d586  f7=0x7fc00000
     401865.000 ns	     40185	80008720	1955a153	fdiv.s	f2,f11,f21	 f11:0x4e70d586 f21:0xc4dd6000  f2=0xc909208c
     401895.000 ns	     40188	80008724	c00a0653	fcvt.w.s	x12,f20	 f20:0x80000000 x12=0x00000000
     401925.000 ns	     40191	80008728	e00c9853	fclass.s	x16,f25	 f25:0x00000000 x16=0x00000010
     401955.000 ns	     40194	8000872c	032e9033	mulh	x0,x29,x18	 x29:0x00000000 x18:0xfffffffe
     401985.000 ns	     40197	80008730	d01480d3	fcvt.s.wu	f1,x9	  x9:0x80040fe4  f1=0x4f000410
     402015.000 ns	     40200	80008734	c011fed3	fcvt.wu.s	x29,f3	  f3:0x7fc00000 x29=0xffffffff
     402385.000 ns	     40237	80008738	037af633	remu	x12,x21,x23	 x21:0x00000000 x23:0x00000001 x12=0x00000000
     402405.000 ns	     40239	8000873c	00858933	add	x18,x11,x8	 x11:0x00000001  x8:0x7fffffff x18=0x80000000
     402415.000 ns	     40240	80008740	00654133	xor	x2,x10,x6	 x10:0x00000000  x6:0x00000000  x2=0x00000000
     402775.000 ns	     40276	80008744	0380ec33	rem	x24,x1,x24	  x1:0x00000000 x24:0xdc5b85ce x24=0x00000000
     402805.000 ns	     40279	80008748	d01bf5d3	fcvt.s.wu	f11,x23	 x23:0x00000001 f11=0x3f800000
     402825.000 ns	     40281	8000874c	419ad633	sra	x12,x21,x25	 x21:0x00000000 x25:0x0dc5b85c x12=0x00000000
     402855.000 ns	     40284	80008750	580f0253	fsqrt.s	f4,f30	 f30:0x00000000  f4=0x00000000
     402875.000 ns	     40286	80008754	7d167b37	lui	x22,0x7d167	 x22=0x7d167000
     402915.000 ns	     40290	80008758	01513153	fadd.s	f2,f2,f21	  f2:0xc909208c f21:0xc4dd6000  f2=0xc9098f3c
     402945.000 ns	     40293	8000875c	28569dd3	fmax.s	f27,f13,f5	 f13:0x47b1d000  f5:0x47b1d000 f27=0x47b1d000
     402975.000 ns	     40296	80008760	d016f753	fcvt.s.wu	f14,x13	 x13:0x00000000 f14=0x00000000
     402995.000 ns	     40298	80008764	00000013	addi	x0,x0,0	  x0:0x00000000
     403005.000 ns	     40299	80008768	00220ab3	add	x21,x4,x2	  x4:0x00000000  x2:0x00000000 x21=0x00000000
     403015.000 ns	     40300	8000876c	0043d333	srl	x6,x7,x4	  x7:0x000001a5  x4:0x00000000  x6=0x000001a5
     403035.000 ns	     40302	80008770	03e097b3	mulh	x15,x1,x30	  x1:0x00000000 x30:0x00000002 x15=0x00000000
     403065.000 ns	     40305	80008774	e0069453	fclass.s	x8,f13	 f13:0x47b1d000  x8=0x00000040
     403095.000 ns	     40308	80008778	03293b33	mulhu	x22,x18,x18	 x18:0x80000000 x18:0x80000000 x22=0x40000000
     403115.000 ns	     40310	8000877c	7365ae37	lui	x28,0x7365a	 x28=0x7365a000
     403135.000 ns	     40312	80008780	a12b9453	flt.s	x8,f23,f18	 f23:0x00000000 f18:0xc79190b6  x8=0x00000000
     403155.000 ns	     40314	80008784	40ae5213	srai	x4,x28,0xa	 x28:0x00000000  x4=0x001cd968
     403175.000 ns	     40316	80008788	e0069cd3	fclass.s	x25,f13	 f13:0x47b1d000 x25=0x00000040
     403225.000 ns	     40321	8000878c	0814f253	fsub.s	f4,f9,f1	  f9:0x00163a00  f1:0x4f000410  f4=0xcf000410
     403255.000 ns	     40324	80008790	c002fe53	fcvt.w.s	x28,f5	  f5:0x47b1d000 x28=0x000163a0
     403285.000 ns	     40327	80008794	035e4733	div	x14,x28,x21	 x28:0x7365a000 x21:0x00000000 x14=0xffffffff
     403335.000 ns	     40332	80008798	09947bd3	fsub.s	f23,f8,f25	  f8:0x00000000 f25:0x00000000 f23=0x80000000
     403365.000 ns	     40335	8000879c	03a7d733	divu	x14,x15,x26	 x15:0x00000000 x26:0x00000000 x14=0xffffffff
     403395.000 ns	     40338	800087a0	e00519d3	fclass.s	x19,f10	 f10:0x80000000 x19=0x00000008
     403425.000 ns	     40341	800087a4	e00f10d3	fclass.s	x1,f30	 f30:0x00000000  x1=0x00000010
     403455.000 ns	     40344	800087a8	28ad1453	fmax.s	f8,f26,f10	 f26:0x80000000 f10:0x80000000  f8=0x80000000
     403485.000 ns	     40347	800087ac	287a95d3	fmax.s	f11,f21,f7	 f21:0xc4dd6000  f7:0x7fc00000 f11=0xc4dd6000
     403515.000 ns	     40350	800087b0	a0fb28d3	feq.s	x17,f22,f15	 f22:0x00000000 f15:0x80000000 x17=0x00000001
     403545.000 ns	     40353	800087b4	289c1453	fmax.s	f8,f24,f9	 f24:0x00000000  f9:0x00163a00  f8=0x00163a00
     403575.000 ns	     40356	800087b8	03590cb3	mul	x25,x18,x21	 x18:0x80000000 x21:0x00000000 x25=0x00000000
     403595.000 ns	     40358	800087bc	41e75db3	sra	x27,x14,x30	 x14:0xffffffff x30:0x00000002 x27=0xffffffff
     403955.000 ns	     40394	800087c0	0305c933	div	x18,x11,x16	 x11:0x00000001 x16:0x00000010 x18=0x00000000
     403975.000 ns	     40396	800087c4	df8f0693	addi	x13,x30,-520	 x30:0x00000002 x13=0xfffffdfa
     403995.000 ns	     40398	800087c8	280717d3	fmax.s	f15,f14,f0	 f14:0x00000000  f0:0x7fc00000 f15=0x00000000
     404025.000 ns	     40401	800087cc	036e2e33	mulhsu	x28,x28,x22	 x28:0x000163a0 x22:0x40000000 x28=0x000058e8
     404045.000 ns	     40403	800087d0	976a8a13	addi	x20,x21,-1674	 x21:0x00000000 x20=0xfffff976
     404055.000 ns	     40404	800087d4	002e0cb3	add	x25,x28,x2	 x28:0x000058e8  x2:0x00000000 x25=0x000058e8
     404065.000 ns	     40405	800087d8	e3248193	addi	x3,x9,-462	  x9:0x80040fe4  x3=0x80040e16
     404085.000 ns	     40407	800087dc	e00f0953	fmv.x.w	x18,f30	 f30:0x00000000 x18=0x00000000
     404115.000 ns	     40410	800087e0	294591d3	fmax.s	f3,f11,f20	 f11:0xc4dd6000 f20:0x80000000  f3=0x80000000
     404145.000 ns	     40413	800087e4	c018aa53	fcvt.wu.s	x20,f17	 f17:0x00163a00 x20=0x00000000
     404175.000 ns	     40416	800087e8	d00090d3	fcvt.s.w	f1,x1	  x1:0x00000010  f1=0x41800000
     404205.000 ns	     40419	800087ec	287f0553	fmin.s	f10,f30,f7	 f30:0x00000000  f7:0x7fc00000 f10=0x00000000
     404235.000 ns	     40422	800087f0	21ac1bd3	fsgnjn.s	f23,f24,f26	 f24:0x00000000 f26:0x80000000 f23=0x00000000
     404285.000 ns	     40427	800087f4	005c96d3	fadd.s	f13,f25,f5	 f25:0x00000000  f5:0x47b1d000 f13=0x47b1d000
     404315.000 ns	     40430	800087f8	02882733	mulhsu	x14,x16,x8	 x16:0x00000010  x8:0x00000000 x14=0x00000000
     404335.000 ns	     40432	800087fc	407700b3	sub	x1,x14,x7	 x14:0xffffffff  x7:0x000001a5  x1=0xfffffe5b
     404355.000 ns	     40434	80008800	c01873d3	fcvt.wu.s	x7,f16	 f16:0xffc00000  x7=0xffffffff
     404385.000 ns	     40437	80008804	c0027c53	fcvt.w.s	x24,f4	  f4:0xcf000410 x24=0x80000000
     404405.000 ns	     40439	80008808	a9894a93	xori	x21,x18,-1384	 x18:0x00000000 x21=0xfffffa98
     404415.000 ns	     40440	8000880c	01ca5f33	srl	x30,x20,x28	 x20:0x00000000 x28:0x000058e8 x30=0x00000000
     404435.000 ns	     40442	80008810	02e2c8b3	div	x17,x5,x14	  x5:0xf0d585cf x14:0x00000000 x17=0xffffffff
     404455.000 ns	     40444	80008814	5180c337	lui	x6,0x5180c	  x6=0x5180c000
     404475.000 ns	     40446	80008818	c0182ad3	fcvt.wu.s	x21,f16	 f16:0xffc00000 x21=0xffffffff
     404495.000 ns	     40448	8000881c	00322133	slt	x2,x4,x3	  x4:0x001cd968  x3:0x80040e16  x2=0x00000000
     404515.000 ns	     40450	80008820	c008bbd3	fcvt.w.s	x23,f17	 f17:0x00163a00 x23=0x00000000
     404535.000 ns	     40452	80008824	ea494193	xori	x3,x18,-348	 x18:0x00000000  x3=0xfffffea4
     404545.000 ns	     40453	80008828	c4b02793	slti	x15,x0,-949	  x0:0x00000000 x15=0x00000000
     404555.000 ns	     40454	8000882c	00f2c633	xor	x12,x5,x15	  x5:0xf0d585cf x15:0x00000000 x12=0xf0d585cf
     404565.000 ns	     40455	80008830	403bd033	sra	x0,x23,x3	 x23:0x00000000  x3:0xfffffea4
     404575.000 ns	     40456	80008834	0056df13	srli	x30,x13,0x5	 x13:0xfffffdfa x30=0x07ffffef
     404595.000 ns	     40458	80008838	a0728953	fle.s	x18,f5,f7	  f5:0x47b1d000  f7:0x7fc00000 x18=0x00000000
     404625.000 ns	     40461	8000883c	0351bcb3	mulhu	x25,x3,x21	  x3:0xfffffea4 x21:0xffffffff x25=0xfffffea3
     404675.000 ns	     40466	80008840	08047453	fsub.s	f8,f8,f0	  f8:0x00163a00  f0:0x7fc00000  f8=0x7fc00000
     404695.000 ns	     40468	80008844	41825013	srai	x0,x4,0x18	  x4:0x001cd968
     404715.000 ns	     40470	80008848	e00911d3	fclass.s	x3,f18	 f18:0xc79190b6  x3=0x00000002
     404735.000 ns	     40472	8000884c	00000013	addi	x0,x0,0	  x0:0x00000000
     404775.000 ns	     40476	80008850	00489553	fadd.s	f10,f17,f4	 f17:0x00163a00  f4:0xcf000410 f10=0xcf000410
     404795.000 ns	     40478	80008854	01d850b3	srl	x1,x16,x29	 x16:0x00000010 x29:0xffffffff  x1=0x00000000
     404815.000 ns	     40480	80008858	294d9bd3	fmax.s	f23,f27,f20	 f27:0x47b1d000 f20:0x80000000 f23=0x47b1d000
     405185.000 ns	     40517	8000885c	029de433	rem	x8,x27,x9	 x27:0xffffffff  x9:0x80040fe4  x8=0xffffffff
     405555.000 ns	     40554	80008860	039af633	remu	x12,x21,x25	 x21:0xffffffff x25:0xfffffea3 x12=0x0000015c
     405595.000 ns	     40558	80008864	19d593d3	fdiv.s	f7,f11,f29	 f11:0xc4dd6000 f29:0x7fc00000  f7=0x7fc00000
     405625.000 ns	     40561	80008868	28b81753	fmax.s	f14,f16,f11	 f16:0xffc00000 f11:0xc4dd6000 f14=0xc4dd6000
     405645.000 ns	     40563	8000886c	f7592b93	slti	x23,x18,-139	 x18:0x00000000 x23=0x00000000
     405665.000 ns	     40565	80008870	f00206d3	fmv.w.x	f13,x4	  x4:0x001cd968 f13=0x001cd968
     405685.000 ns	     40567	80008874	40375593	srai	x11,x14,0x3	 x14:0x00000000 x11=0x00000000
     405705.000 ns	     40569	80008878	28489253	fmax.s	f4,f17,f4	 f17:0x00163a00  f4:0xcf000410  f4=0x00163a00
     405725.000 ns	     40571	8000887c	40075193	srai	x3,x14,0x0	 x14:0x00000000  x3=0x00000000
     405735.000 ns	     40572	80008880	d15d6113	ori	x2,x26,-747	 x26:0x00000000  x2=0xfffffd15
     405745.000 ns	     40573	80008884	a960a713	slti	x14,x1,-1386	  x1:0x00000000 x14=0x00000000
     405755.000 ns	     40574	80008888	f3fe4093	xori	x1,x28,-193	 x28:0x000058e8  x1=0xffffa7d7
     405765.000 ns	     40575	8000888c	00986cb3	or	x25,x16,x9	 x16:0x00000010  x9:0x80040fe4 x25=0x80040ff4
     405785.000 ns	     40577	80008890	a07307d3	fle.s	x15,f6,f7	  f6:0x47b1d000  f7:0x7fc00000 x15=0x00000000
     405805.000 ns	     40579	80008894	f85b2e93	slti	x29,x22,-123	 x22:0x40000000 x29=0x00000000
     405825.000 ns	     40581	80008898	214d13d3	fsgnjn.s	f7,f26,f20	 f26:0x80000000 f20:0x80000000  f7=0x00000000
     405855.000 ns	     40584	8000889c	d00579d3	fcvt.s.w	f19,x10	 x10:0x00000000 f19=0x00000000
     405875.000 ns	     40586	800088a0	013c1ab3	sll	x21,x24,x19	 x24:0x80000000 x19:0x00000008 x21=0x00000000
     405895.000 ns	     40588	800088a4	d007a5d3	fcvt.s.w	f11,x15	 x15:0x00000000 f11=0x00000000
     406265.000 ns	     40625	800088a8	02dedc33	divu	x24,x29,x13	 x29:0x00000000 x13:0xfffffdfa x24=0x00000000
     406295.000 ns	     40628	800088ac	a0a88853	fle.s	x16,f17,f10	 f17:0x00163a00 f10:0xcf000410 x16=0x00000000
     406665.000 ns	     40665	800088b0	026ade33	divu	x28,x21,x6	 x21:0x00000000  x6:0x5180c000 x28=0x00000000
     406695.000 ns	     40668	800088b4	029c10b3	mulh	x1,x24,x9	 x24:0x00000000  x9:0x80040fe4  x1=0x00000000
     406725.000 ns	     40671	800088b8	e00e9453	fclass.s	x8,f29	 f29:0x7fc00000  x8=0x00000200
     406745.000 ns	     40673	800088bc	0135d313	srli	x6,x11,0x13	 x11:0x00000000  x6=0x00000000
     406755.000 ns	     40674	800088c0	38d9a713	slti	x14,x19,909	 x19:0x00000008 x14=0x00000001
     406775.000 ns	     40676	800088c4	204a9153	fsgnjn.s	f2,f21,f4	 f21:0xc4dd6000  f4:0x00163a00  f2=0xc4dd6000
     406805.000 ns	     40679	800088c8	282d9453	fmax.s	f8,f27,f2	 f27:0x47b1d000  f2:0xc9098f3c  f8=0x47b1d000
     406835.000 ns	     40682	800088cc	d018f953	fcvt.s.wu	f18,x17	 x17:0xffffffff f18=0x4f7fffff
     406885.000 ns	     40687	800088d0	00814253	fadd.s	f4,f2,f8	  f2:0xc4dd6000  f8:0x47b1d000  f4=0x47ae5a80
     406915.000 ns	     40690	800088d4	203b97d3	fsgnjn.s	f15,f23,f3	 f23:0x47b1d000  f3:0x80000000 f15=0x47b1d000
     406935.000 ns	     40692	800088d8	01fe5eb3	srl	x29,x28,x31	 x28:0x00000000 x31:0x80041024 x29=0x00000000
     406945.000 ns	     40693	800088dc	007d09b3	add	x19,x26,x7	 x26:0x00000000  x7:0xffffffff x19=0xffffffff
     406965.000 ns	     40695	800088e0	f00d8153	fmv.w.x	f2,x27	 x27:0xffffffff  f2=0xffffffff
     406995.000 ns	     40698	800088e4	021518b3	mulh	x17,x10,x1	 x10:0x00000000  x1:0x00000000 x17=0x00000000
     407015.000 ns	     40700	800088e8	41865033	sra	x0,x12,x24	 x12:0x0000015c x24:0x00000000
     407035.000 ns	     40702	800088ec	201324d3	fsgnjx.s	f9,f6,f1	  f6:0x47b1d000  f1:0x41800000  f9=0x47b1d000
     407055.000 ns	     40704	800088f0	00e64133	xor	x2,x12,x14	 x12:0x0000015c x14:0x00000001  x2=0x0000015d
     407065.000 ns	     40705	800088f4	5f864f13	xori	x30,x12,1528	 x12:0x0000015c x30=0x000004a4
     407105.000 ns	     40709	800088f8	096f4c53	fsub.s	f24,f30,f22	 f30:0x00000000 f22:0x00000000 f24=0x80000000
     407145.000 ns	     40713	800088fc	10fa1bd3	fmul.s	f23,f20,f15	 f20:0x80000000 f15:0x47b1d000 f23=0x80000000
     407165.000 ns	     40715	80008900	406c5a93	srai	x21,x24,0x6	 x24:0x00000000 x21=0x00000000
     407185.000 ns	     40717	80008904	c00eff53	fcvt.w.s	x30,f29	 f29:0x7fc00000 x30=0x7fffffff
     407215.000 ns	     40720	80008908	200410d3	fsgnjn.s	f1,f8,f0	  f8:0x47b1d000  f0:0x7fc00000  f1=0xc7b1d000
     407235.000 ns	     40722	8000890c	ebfc2cb7	lui	x25,0xebfc2	 x25=0xebfc2000
     407255.000 ns	     40724	80008910	a1ea15d3	flt.s	x11,f20,f30	 f20:0x80000000 f30:0x00000000 x11=0x00000000
     407285.000 ns	     40727	80008914	e0089553	fclass.s	x10,f17	 f17:0x00163a00 x10=0x00000020
     407305.000 ns	     40729	80008918	f7258613	addi	x12,x11,-142	 x11:0x00000000 x12=0xffffff72
     407315.000 ns	     40730	8000891c	ac624893	xori	x17,x4,-1338	  x4:0x001cd968 x17=0xffe323ae
     407325.000 ns	     40731	80008920	c0014b13	xori	x22,x2,-1024	  x2:0x0000015d x22=0xfffffd5d
     407345.000 ns	     40733	80008924	c010f953	fcvt.wu.s	x18,f1	  f1:0xc7b1d000 x18=0x000163a0
     407385.000 ns	     40737	80008928	18680a53	fdiv.s	f20,f16,f6	 f16:0xffc00000  f6:0x47b1d000 f20=0x7fc00000
     407415.000 ns	     40740	8000892c	035cb633	mulhu	x12,x25,x21	 x25:0xebfc2000 x21:0x00000000 x12=0x00000000
     407435.000 ns	     40742	80008930	0fbe8cb7	lui	x25,0xfbe8	 x25=0x0fbe8000
     407455.000 ns	     40744	80008934	02f72a33	mulhsu	x20,x14,x15	 x14:0x00000001 x15:0x00000000 x20=0x00000000
     407485.000 ns	     40747	80008938	d01ff153	fcvt.s.wu	f2,x31	 x31:0x80041024  f2=0x4f000410
     407515.000 ns	     40750	8000893c	02326733	rem	x14,x4,x3	  x4:0x001cd968  x3:0x00000000 x14=0x001cd968
     407535.000 ns	     40752	80008940	0101d713	srli	x14,x3,0x10	  x3:0x00000000 x14=0x00000000
     407555.000 ns	     40754	80008944	c01b7653	fcvt.wu.s	x12,f22	 f22:0x00000000 x12=0x00000000
     407575.000 ns	     40756	80008948	1db7c713	xori	x14,x15,475	 x15:0x00000000 x14=0x000001db
     407905.000 ns	     40789	8000894c	18d7f553	fdiv.s	f10,f15,f13	 f15:0x47b1d000 f13:0x001cd968 f10=0x7f800000
     407935.000 ns	     40792	80008950	a11988d3	fle.s	x17,f19,f17	 f19:0x00000000 f17:0x00163a00 x17=0x00000001
     407955.000 ns	     40794	80008954	00309eb3	sll	x29,x1,x3	  x1:0x00000000  x3:0x00000000 x29=0x00000000
     407975.000 ns	     40796	80008958	a15e1ed3	flt.s	x29,f28,f21	 f28:0x00000000 f21:0xc4dd6000 x29=0x00000000
     408025.000 ns	     40801	8000895c	08be7953	fsub.s	f18,f28,f11	 f28:0x00000000 f11:0x00000000 f18=0x80000000
     408045.000 ns	     40803	80008960	56b9dd37	lui	x26,0x56b9d	 x26=0x56b9d000
     408055.000 ns	     40804	80008964	5d5e8c93	addi	x25,x29,1493	 x29:0x00000000 x25=0x000005d5
     408075.000 ns	     40806	80008968	d0179c53	fcvt.s.wu	f24,x15	 x15:0x00000000 f24=0x00000000
     408105.000 ns	     40809	8000896c	295586d3	fmin.s	f13,f11,f21	 f11:0x00000000 f21:0xc4dd6000 f13=0xc4dd6000
     408135.000 ns	     40812	80008970	c004be53	fcvt.w.s	x28,f9	  f9:0x47b1d000 x28=0x000163a0
     408165.000 ns	     40815	80008974	a1db00d3	fle.s	x1,f22,f29	 f22:0x00000000 f29:0x7fc00000  x1=0x00000000
     408195.000 ns	     40818	80008978	02d537b3	mulhu	x15,x10,x13	 x10:0x00000020 x13:0xfffffdfa x15=0x0000001f
     408225.000 ns	     40821	8000897c	21c3add3	fsgnjx.s	f27,f7,f28	  f7:0x00000000 f28:0x00000000 f27=0x00000000
     408255.000 ns	     40824	80008980	a0708253	fle.s	x4,f1,f7	  f1:0xc7b1d000  f7:0x00000000  x4=0x00000001
     408295.000 ns	     40828	80008984	10279653	fmul.s	f12,f15,f2	 f15:0x47b1d000  f2:0x4f000410 f12=0x5731d5a4
     408325.000 ns	     40831	80008988	20151dd3	fsgnjn.s	f27,f10,f1	 f10:0x7f800000  f1:0xc7b1d000 f27=0x7f800000
     408345.000 ns	     40833	8000898c	82d8fc93	andi	x25,x17,-2003	 x17:0x00000001 x25=0x00000001
     408355.000 ns	     40834	80008990	01e30a33	add	x20,x6,x30	  x6:0x00000000 x30:0x7fffffff x20=0x7fffffff
     408365.000 ns	     40835	80008994	00662ab3	slt	x21,x12,x6	 x12:0x00000000  x6:0x00000000 x21=0x00000000
     408385.000 ns	     40837	80008998	c00e9753	fcvt.w.s	x14,f29	 f29:0x7fc00000 x14=0x7fffffff
     408405.000 ns	     40839	8000899c	85f93193	sltiu	x3,x18,-1953	 x18:0x000163a0  x3=0x00000001
     408435.000 ns	     40842	800089a0	1802fcd3	fdiv.s	f25,f5,f0	  f5:0x47b1d000  f0:0x7fc00000 f25=0x7fc00000
     408455.000 ns	     40844	800089a4	40a388b3	sub	x17,x7,x10	  x7:0xffffffff x10:0x00000020 x17=0xffffffdf
     408495.000 ns	     40848	800089a8	01341953	fadd.s	f18,f8,f19	  f8:0x47b1d000 f19:0x00000000 f18=0x47b1d000
     408515.000 ns	     40850	800089ac	651f6e13	ori	x28,x30,1617	 x30:0x7fffffff x28=0x7fffffff
     408535.000 ns	     40852	800089b0	f0090953	fmv.w.x	f18,x18	 x18:0x000163a0 f18=0x000163a0
     408555.000 ns	     40854	800089b4	e4f62393	slti	x7,x12,-433	 x12:0x00000000  x7=0x00000000
     408565.000 ns	     40855	800089b8	01e50133	add	x2,x10,x30	 x10:0x00000020 x30:0x7fffffff  x2=0x8000001f
     408575.000 ns	     40856	800089bc	0120d233	srl	x4,x1,x18	  x1:0x00000000 x18:0x000163a0  x4=0x00000000
     408585.000 ns	     40857	800089c0	01c31c33	sll	x24,x6,x28	  x6:0x00000000 x28:0x7fffffff x24=0x00000000
     408605.000 ns	     40859	800089c4	a0472253	feq.s	x4,f14,f4	 f14:0xc4dd6000  f4:0x47ae5a80  x4=0x00000000
     408635.000 ns	     40862	800089c8	e0061653	fclass.s	x12,f12	 f12:0x5731d5a4 x12=0x00000040
     408655.000 ns	     40864	800089cc	40b70433	sub	x8,x14,x11	 x14:0x7fffffff x11:0x00000000  x8=0x7fffffff
     408695.000 ns	     40868	800089d0	08414fd3	fsub.s	f31,f2,f4	  f2:0x4f000410  f4:0x47ae5a80 f31=0x4f0002b3
     408725.000 ns	     40871	800089d4	29101f53	fmax.s	f30,f0,f17	  f0:0x7fc00000 f17:0x00163a00 f30=0x00163a00
     408755.000 ns	     40874	800089d8	03d205b3	mul	x11,x4,x29	  x4:0x00000000 x29:0x00000000 x11=0x00000000
     408785.000 ns	     40877	800089dc	e00287d3	fmv.x.w	x15,f5	  f5:0x47b1d000 x15=0x47b1d000
     409155.000 ns	     40914	800089e0	023761b3	rem	x3,x14,x3	 x14:0x7fffffff  x3:0x00000001  x3=0x00000000
     409205.000 ns	     40919	800089e4	00cf8b53	fadd.s	f22,f31,f12	 f31:0x4f0002b3 f12:0x5731d5a4 f22=0x5731d624
     409245.000 ns	     40923	800089e8	11d09a53	fmul.s	f20,f1,f29	  f1:0xc7b1d000 f29:0x7fc00000 f20=0x7fc00000
     409275.000 ns	     40926	800089ec	03f51f33	mulh	x30,x10,x31	 x10:0x00000020 x31:0x80041024 x30=0xfffffff0
     409305.000 ns	     40929	800089f0	296187d3	fmin.s	f15,f3,f22	  f3:0x80000000 f22:0x5731d624 f15=0x80000000
     410485.000 ns	     41047	800089f4	580f8953	fsqrt.s	f18,f31	 f31:0x4f0002b3 f18=0x46b50856
     410515.000 ns	     41050	800089f8	03632733	mulhsu	x14,x6,x22	  x6:0x00000000 x22:0xfffffd5d x14=0x00000000
     410535.000 ns	     41052	800089fc	017b7233	and	x4,x22,x23	 x22:0xfffffd5d x23:0x00000000  x4=0x00000000
     410555.000 ns	     41054	80008a00	c009b353	fcvt.w.s	x6,f19	 f19:0x00000000  x6=0x00000000
     410585.000 ns	     41057	80008a04	e0088ad3	fmv.x.w	x21,f17	 f17:0x00163a00 x21=0x00163a00
     410615.000 ns	     41060	80008a08	28670a53	fmin.s	f20,f14,f6	 f14:0xc4dd6000  f6:0x47b1d000 f20=0xc4dd6000
     410645.000 ns	     41063	80008a0c	029ba3b3	mulhsu	x7,x23,x9	 x23:0x00000000  x9:0x80040fe4  x7=0x00000000
     410665.000 ns	     41065	80008a10	28560693	addi	x13,x12,645	 x12:0x00000040 x13=0x000002c5
     410675.000 ns	     41066	80008a14	a411c993	xori	x19,x3,-1471	  x3:0x00000000 x19=0xfffffa41
     410685.000 ns	     41067	80008a18	002319b3	sll	x19,x6,x2	  x6:0x00000000  x2:0x8000001f x19=0x00000000
     410695.000 ns	     41068	80008a1c	0ca6e513	ori	x10,x13,202	 x13:0x000002c5 x10=0x000002cf
     410715.000 ns	     41070	80008a20	031f86b3	mul	x13,x31,x17	 x31:0x80041024 x17:0xffffffdf x13=0x7f79eb5c
     410735.000 ns	     41072	80008a24	fd0ff117	auipc	x2,0xfd0ff	  x2=0x7d107a24
     410745.000 ns	     41073	80008a28	dd416513	ori	x10,x2,-556	  x2:0x8000001f x10=0xfffffff4
     410755.000 ns	     41074	80008a2c	1ccdc013	xori	x0,x27,460	 x27:0xffffffff
     410765.000 ns	     41075	80008a30	018af233	and	x4,x21,x24	 x21:0x00163a00 x24:0x00000000  x4=0x00000000
     410785.000 ns	     41077	80008a34	29cd9453	fmax.s	f8,f27,f28	 f27:0x7f800000 f28:0x00000000  f8=0x7f800000
     410805.000 ns	     41079	80008a38	40eb5793	srai	x15,x22,0xe	 x22:0xfffffd5d x15=0xffffffff
     410825.000 ns	     41081	80008a3c	216a1453	fsgnjn.s	f8,f20,f22	 f20:0xc4dd6000 f22:0x5731d624  f8=0xc4dd6000
     410845.000 ns	     41083	80008a40	003a23b3	slt	x7,x20,x3	 x20:0x7fffffff  x3:0x00000000  x7=0x00000000
     410865.000 ns	     41085	80008a44	02f4aa33	mulhsu	x20,x9,x15	  x9:0x80040fe4 x15:0xffffffff x20=0x80040fe4
     410885.000 ns	     41087	80008a48	009ddb13	srli	x22,x27,0x9	 x27:0xffffffff x22=0x007fffff
     410905.000 ns	     41089	80008a4c	29271ed3	fmax.s	f29,f14,f18	 f14:0xc4dd6000 f18:0x46b50856 f29=0x46b50856
     410925.000 ns	     41091	80008a50	011c3c33	sltu	x24,x24,x17	 x24:0x00000000 x17:0xffffffdf x24=0x00000001
     410945.000 ns	     41093	80008a54	f00083d3	fmv.w.x	f7,x1	  x1:0x00000000  f7=0x00000000
     410975.000 ns	     41096	80008a58	a0b22653	feq.s	x12,f4,f11	  f4:0x47ae5a80 f11:0x00000000 x12=0x00000000
     410995.000 ns	     41098	80008a5c	00daa233	slt	x4,x21,x13	 x21:0x00163a00 x13:0x7f79eb5c  x4=0x00000001
     411015.000 ns	     41100	80008a60	286910d3	fmax.s	f1,f18,f6	 f18:0x46b50856  f6:0x47b1d000  f1=0x47b1d000
     411045.000 ns	     41103	80008a64	e00283d3	fmv.x.w	x7,f5	  f5:0x47b1d000  x7=0x47b1d000
     411075.000 ns	     41106	80008a68	c00370d3	fcvt.w.s	x1,f6	  f6:0x47b1d000  x1=0x000163a0
     411095.000 ns	     41108	80008a6c	94703a93	sltiu	x21,x0,-1721	  x0:0x00000000 x21=0x00000001
     411105.000 ns	     41109	80008a70	00000013	addi	x0,x0,0	  x0:0x00000000
     411125.000 ns	     41111	80008a74	212a89d3	fsgnj.s	f19,f21,f18	 f21:0xc4dd6000 f18:0x46b50856 f19=0x44dd6000
     411155.000 ns	     41114	80008a78	d006f8d3	fcvt.s.w	f17,x13	 x13:0x7f79eb5c f17=0x4efef3d6
     411175.000 ns	     41116	80008a7c	4c006013	ori	x0,x0,1216	  x0:0x00000000
     411195.000 ns	     41118	80008a80	02bbe733	rem	x14,x23,x11	 x23:0x00000000 x11:0x00000000 x14=0x00000000
     411225.000 ns	     41121	80008a84	03d4f7b3	remu	x15,x9,x29	  x9:0x80040fe4 x29:0x00000000 x15=0x80040fe4
     411245.000 ns	     41123	80008a88	0176fc33	and	x24,x13,x23	 x13:0x7f79eb5c x23:0x00000000 x24=0x00000000
     411265.000 ns	     41125	80008a8c	02ed8133	mul	x2,x27,x14	 x27:0xffffffff x14:0x00000000  x2=0x00000000
     411285.000 ns	     41127	80008a90	00931eb3	sll	x29,x6,x9	  x6:0x00000000  x9:0x80040fe4 x29=0x00000000
     411295.000 ns	     41128	80008a94	4084da33	sra	x20,x9,x8	  x9:0x80040fe4  x8:0x7fffffff x20=0xffffffff
     411305.000 ns	     41129	80008a98	008b7cb3	and	x25,x22,x8	 x22:0x007fffff  x8:0x7fffffff x25=0x007fffff
     411325.000 ns	     41131	80008a9c	02778433	mul	x8,x15,x7	 x15:0x80040fe4  x7:0x47b1d000  x8=0x858d4000
     411365.000 ns	     41135	80008aa0	1182fdd3	fmul.s	f27,f5,f24	  f5:0x47b1d000 f24:0x00000000 f27=0x00000000
     411395.000 ns	     41138	80008aa4	284604d3	fmin.s	f9,f12,f4	 f12:0x5731d5a4  f4:0x47ae5a80  f9=0x47ae5a80
     411425.000 ns	     41141	80008aa8	f00e04d3	fmv.w.x	f9,x28	 x28:0x7fffffff  f9=0x7fffffff
     411445.000 ns	     41143	80008aac	0106a6b3	slt	x13,x13,x16	 x13:0x7f79eb5c x16:0x00000000 x13=0x00000000
     411455.000 ns	     41144	80008ab0	4027dd33	sra	x26,x15,x2	 x15:0x80040fe4  x2:0x00000000 x26=0x80040fe4
     411465.000 ns	     41145	80008ab4	007a4733	xor	x14,x20,x7	 x20:0xffffffff  x7:0x47b1d000 x14=0xb84e2fff
     411485.000 ns	     41147	80008ab8	03835633	divu	x12,x6,x24	  x6:0x00000000 x24:0x00000000 x12=0xffffffff
     411505.000 ns	     41149	80008abc	45bfa6b7	lui	x13,0x45bfa	 x13=0x45bfa000
     411835.000 ns	     41182	80008ac0	18c2bf53	fdiv.s	f30,f5,f12	  f5:0x47b1d000 f12:0x5731d5a4 f30=0x2fb1d000
     411855.000 ns	     41184	80008ac4	4f914237	lui	x4,0x4f914	  x4=0x4f914000
     411875.000 ns	     41186	80008ac8	21ad89d3	fsgnj.s	f19,f27,f26	 f27:0x00000000 f26:0x80000000 f19=0x80000000
     411895.000 ns	     41188	80008acc	2f576693	ori	x13,x14,757	 x14:0xb84e2fff x13=0xb84e2fff
     411905.000 ns	     41189	80008ad0	00000013	addi	x0,x0,0	  x0:0x00000000
     411925.000 ns	     41191	80008ad4	d00af6d3	fcvt.s.w	f13,x21	 x21:0x00000001 f13=0x3f800000
     411955.000 ns	     41194	80008ad8	28901253	fmax.s	f4,f0,f9	  f0:0x7fc00000  f9:0x7fffffff  f4=0x7fc00000
     411975.000 ns	     41196	80008adc	00594db3	xor	x27,x18,x5	 x18:0x000163a0  x5:0xf0d585cf x27=0xf0d4e66f
     411995.000 ns	     41198	80008ae0	e0019653	fclass.s	x12,f3	  f3:0x80000000 x12=0x00000008
     412015.000 ns	     41200	80008ae4	410f50b3	sra	x1,x30,x16	 x30:0xfffffff0 x16:0x00000000  x1=0xfffffff0
     412025.000 ns	     41201	80008ae8	00af97b3	sll	x15,x31,x10	 x31:0x80041024 x10:0xfffffff4 x15=0x02400000
     412035.000 ns	     41202	80008aec	40e4d433	sra	x8,x9,x14	  x9:0x80040fe4 x14:0xb84e2fff  x8=0xffffffff
     412045.000 ns	     41203	80008af0	00c84f33	xor	x30,x16,x12	 x16:0x00000000 x12:0x00000008 x30=0x00000008
     412055.000 ns	     41204	80008af4	eb410e13	addi	x28,x2,-332	  x2:0x00000000 x28=0xfffffeb4
     412065.000 ns	     41205	80008af8	49a30813	addi	x16,x6,1178	  x6:0x00000000 x16=0x0000049a
     412075.000 ns	     41206	80008afc	404c5393	srai	x7,x24,0x4	 x24:0x00000000  x7=0x00000000
     412095.000 ns	     41208	80008b00	a148a6d3	feq.s	x13,f17,f20	 f17:0x4efef3d6 f20:0xc4dd6000 x13=0x00000000
     412125.000 ns	     41211	80008b04	d0177853	fcvt.s.wu	f16,x14	 x14:0xb84e2fff f16=0x4f384e2f
     412145.000 ns	     41213	80008b08	910a0593	addi	x11,x20,-1776	 x20:0xffffffff x11=0xfffff90f
     412165.000 ns	     41215	80008b0c	f00b86d3	fmv.w.x	f13,x23	 x23:0x00000000 f13=0x00000000
     412185.000 ns	     41217	80008b10	8a6beb13	ori	x22,x23,-1882	 x23:0x00000000 x22=0xfffff8a6
     412205.000 ns	     41219	80008b14	03d628b3	mulhsu	x17,x12,x29	 x12:0x00000008 x29:0x00000000 x17=0x00000000
     412235.000 ns	     41222	80008b18	025b08b3	mul	x17,x22,x5	 x22:0x007fffff  x5:0xf0d585cf x17=0x7e464c3a
     412255.000 ns	     41224	80008b1c	40b35db3	sra	x27,x6,x11	  x6:0x00000000 x11:0xfffff90f x27=0x00000000
     412285.000 ns	     41227	80008b20	5801bad3	fsqrt.s	f21,f3	  f3:0x80000000 f21=0x80000000
     412305.000 ns	     41229	80008b24	d2b3c713	xori	x14,x7,-725	  x7:0x00000000 x14=0xfffffd2b
     412315.000 ns	     41230	80008b28	00000013	addi	x0,x0,0	  x0:0x00000000
     412645.000 ns	     41263	80008b2c	18ef2ad3	fdiv.s	f21,f30,f14	 f30:0x2fb1d000 f14:0xc4dd6000 f21=0xaa4a7cbe
     412675.000 ns	     41266	80008b30	a1558953	fle.s	x18,f11,f21	 f11:0x00000000 f21:0x80000000 x18=0x00000000
     412695.000 ns	     41268	80008b34	0171aeb3	slt	x29,x3,x23	  x3:0x00000000 x23:0x00000000 x29=0x00000000
     412705.000 ns	     41269	80008b38	00835393	srli	x7,x6,0x8	  x6:0x00000000  x7=0x00000000
     412725.000 ns	     41271	80008b3c	02d86cb3	rem	x25,x16,x13	 x16:0x0000049a x13:0x00000000 x25=0x0000049a
     412745.000 ns	     41273	80008b40	caecca13	xori	x20,x25,-850	 x25:0x007fffff x20=0xfffff834
     412775.000 ns	     41276	80008b44	10daf553	fmul.s	f10,f21,f13	 f21:0xaa4a7cbe f13:0x00000000 f10=0x80000000
     412815.000 ns	     41280	80008b48	1128c1d3	fmul.s	f3,f17,f18	 f17:0x4efef3d6 f18:0x46b50856  f3=0x56344ab4
     412835.000 ns	     41282	80008b4c	001fd313	srli	x6,x31,0x1	 x31:0x80041024  x6=0x40020812
     412845.000 ns	     41283	80008b50	4139db93	srai	x23,x19,0x13	 x19:0x00000000 x23=0x00000000
     412865.000 ns	     41285	80008b54	027d4333	div	x6,x26,x7	 x26:0x80040fe4  x7:0x00000000  x6=0xffffffff
     412885.000 ns	     41287	80008b58	009f5213	srli	x4,x30,0x9	 x30:0x00000008  x4=0x00000000
     412905.000 ns	     41289	80008b5c	f00307d3	fmv.w.x	f15,x6	  x6:0xffffffff f15=0xffffffff
     412925.000 ns	     41291	80008b60	004afdb3	and	x27,x21,x4	 x21:0x00000001  x4:0x4f914000 x27=0x00000000
     412955.000 ns	     41294	80008b64	1994fcd3	fdiv.s	f25,f9,f25	  f9:0x7fffffff f25:0x7fc00000 f25=0x7fc00000
     412975.000 ns	     41296	80008b68	01ea8333	add	x6,x21,x30	 x21:0x00000001 x30:0x00000008  x6=0x00000009
     412995.000 ns	     41298	80008b6c	20cd96d3	fsgnjn.s	f13,f27,f12	 f27:0x00000000 f12:0x5731d5a4 f13=0x80000000
     413015.000 ns	     41300	80008b70	410dd593	srai	x11,x27,0x10	 x27:0x00000000 x11=0x00000000
     413035.000 ns	     41302	80008b74	d00647d3	fcvt.s.w	f15,x12	 x12:0x00000008 f15=0x41000000
     413065.000 ns	     41305	80008b78	d01e7253	fcvt.s.wu	f4,x28	 x28:0xfffffeb4  f4=0x4f7ffffe
     413085.000 ns	     41307	80008b7c	0029ad33	slt	x26,x19,x2	 x19:0x00000000  x2:0x00000000 x26=0x00000000
     413095.000 ns	     41308	80008b80	f466ad93	slti	x27,x13,-186	 x13:0x00000000 x27=0x00000000
     413125.000 ns	     41311	80008b84	185d0453	fdiv.s	f8,f26,f5	 f26:0x80000000  f5:0x47b1d000  f8=0x80000000
     413155.000 ns	     41314	80008b88	a050a153	feq.s	x2,f1,f5	  f1:0x47b1d000  f5:0x47b1d000  x2=0x00000001
     413185.000 ns	     41317	80008b8c	02327533	remu	x10,x4,x3	  x4:0x00000000  x3:0x00000000 x10=0x00000000
     413205.000 ns	     41319	80008b90	4067dcb3	sra	x25,x15,x6	 x15:0x02400000  x6:0x00000009 x25=0x00012000
     413215.000 ns	     41320	80008b94	34418537	lui	x10,0x34418	 x10=0x34418000
     413225.000 ns	     41321	80008b98	00057bb3	and	x23,x10,x0	 x10:0x00000000  x0:0x00000000 x23=0x00000000
     413245.000 ns	     41323	80008b9c	21592a53	fsgnjx.s	f20,f18,f21	 f18:0x46b50856 f21:0xaa4a7cbe f20=0xc6b50856
     413265.000 ns	     41325	80008ba0	4041d093	srai	x1,x3,0x4	  x3:0x00000000  x1=0x00000000
     413285.000 ns	     41327	80008ba4	21909dd3	fsgnjn.s	f27,f1,f25	  f1:0x47b1d000 f25:0x7fc00000 f27=0xc7b1d000
     413315.000 ns	     41330	80008ba8	d00af3d3	fcvt.s.w	f7,x21	 x21:0x00000001  f7=0x3f800000
     413345.000 ns	     41333	80008bac	e0030ed3	fmv.x.w	x29,f6	  f6:0x47b1d000 x29=0x47b1d000
     413365.000 ns	     41335	80008bb0	01494bb3	xor	x23,x18,x20	 x18:0x00000000 x20:0xfffff834 x23=0xfffff834
     413375.000 ns	     41336	80008bb4	01fa5f33	srl	x30,x20,x31	 x20:0xfffff834 x31:0x80041024 x30=0x0fffff83
     413735.000 ns	     41372	80008bb8	02585eb3	divu	x29,x16,x5	 x16:0x0000049a  x5:0xf0d585cf x29=0x00000000
     413765.000 ns	     41375	80008bbc	02eb2c33	mulhsu	x24,x22,x14	 x22:0xfffff8a6 x14:0xfffffd2b x24=0xfffff8a6
     413785.000 ns	     41377	80008bc0	d904b913	sltiu	x18,x9,-624	  x9:0x80040fe4 x18=0x00000001
     413805.000 ns	     41379	80008bc4	29209ad3	fmax.s	f21,f1,f18	  f1:0x47b1d000 f18:0x46b50856 f21=0x47b1d000
     413835.000 ns	     41382	80008bc8	a05e8ad3	fle.s	x21,f29,f5	 f29:0x46b50856  f5:0x47b1d000 x21=0x00000001
     413855.000 ns	     41384	80008bcc	40f685b3	sub	x11,x13,x15	 x13:0x00000000 x15:0x02400000 x11=0xfdc00000
     413875.000 ns	     41386	80008bd0	20201b53	fsgnjn.s	f22,f0,f2	  f0:0x7fc00000  f2:0x4f000410 f22=0xffc00000
     413905.000 ns	     41389	80008bd4	a1921d53	flt.s	x26,f4,f25	  f4:0x4f7ffffe f25:0x7fc00000 x26=0x00000000
     413935.000 ns	     41392	80008bd8	d01b77d3	fcvt.s.wu	f15,x22	 x22:0xfffff8a6 f15=0x4f7ffff8
     413955.000 ns	     41394	80008bdc	6d353d17	auipc	x26,0x6d353	 x26=0xed35bbdc
     413975.000 ns	     41396	80008be0	a01a87d3	fle.s	x15,f21,f1	 f21:0x47b1d000  f1:0x47b1d000 x15=0x00000001
     414005.000 ns	     41399	80008be4	d01605d3	fcvt.s.wu	f11,x12	 x12:0x00000008 f11=0x41000000
     414035.000 ns	     41402	80008be8	a0d118d3	flt.s	x17,f2,f13	  f2:0x4f000410 f13:0x80000000 x17=0x00000000
     414075.000 ns	     41406	80008bec	11a129d3	fmul.s	f19,f2,f26	  f2:0x4f000410 f26:0x80000000 f19=0x80000000
     414105.000 ns	     41409	80008bf0	a0449353	flt.s	x6,f9,f4	  f9:0x7fffffff  f4:0x4f7ffffe  x6=0x00000000
     414125.000 ns	     41411	80008bf4	77ce4413	xori	x8,x28,1916	 x28:0xfffffeb4  x8=0xfffff9c8
     414485.000 ns	     41447	80008bf8	03a471b3	remu	x3,x8,x26	  x8:0xffffffff x26:0xed35bbdc  x3=0x12ca3dec
     414515.000 ns	     41450	80008bfc	c0119353	fcvt.wu.s	x6,f3	  f3:0x56344ab4  x6=0xffffffff
     414535.000 ns	     41452	80008c00	01ccbe33	sltu	x28,x25,x28	 x25:0x00012000 x28:0xfffffeb4 x28=0x00000001
     414545.000 ns	     41453	80008c04	01072333	slt	x6,x14,x16	 x14:0xfffffd2b x16:0x0000049a  x6=0x00000001
     414575.000 ns	     41456	80008c08	106794d3	fmul.s	f9,f15,f6	 f15:0x4f7ffff8  f6:0x47b1d000  f9=0x57b1cffa
     414605.000 ns	     41459	80008c0c	21e02f53	fsgnjx.s	f30,f0,f30	  f0:0x7fc00000 f30:0x2fb1d000 f30=0x7fc00000
     414635.000 ns	     41462	80008c10	c00c9053	fcvt.w.s	x0,f25	 f25:0x7fc00000
     414665.000 ns	     41465	80008c14	29688ad3	fmin.s	f21,f17,f22	 f17:0x4efef3d6 f22:0xffc00000 f21=0x4efef3d6
     415035.000 ns	     41502	80008c18	03e95bb3	divu	x23,x18,x30	 x18:0x00000001 x30:0x0fffff83 x23=0x00000000
     415055.000 ns	     41504	80008c1c	01073833	sltu	x16,x14,x16	 x14:0xfffffd2b x16:0x0000049a x16=0x00000000
     415085.000 ns	     41507	80008c20	580e4d53	fsqrt.s	f26,f28	 f28:0x00000000 f26=0x00000000
     415115.000 ns	     41510	80008c24	a1af0853	fle.s	x16,f30,f26	 f30:0x7fc00000 f26:0x80000000 x16=0x00000000
     415135.000 ns	     41512	80008c28	89ee4317	auipc	x6,0x89ee4	  x6=0x09eecc28
     415145.000 ns	     41513	80008c2c	012376b3	and	x13,x6,x18	  x6:0x00000001 x18:0x00000001 x13=0x00000000
     415155.000 ns	     41514	80008c30	c15ec393	xori	x7,x29,-1003	 x29:0x00000000  x7=0xfffffc15
     415175.000 ns	     41516	80008c34	0259b1b3	mulhu	x3,x19,x5	 x19:0x00000000  x5:0xf0d585cf  x3=0x00000000
     415195.000 ns	     41518	80008c38	00eb18b3	sll	x17,x22,x14	 x22:0xfffff8a6 x14:0xfffffd2b x17=0xffc53000
     415555.000 ns	     41554	80008c3c	039e69b3	rem	x19,x28,x25	 x28:0x00000001 x25:0x00012000 x19=0x00000001
     415575.000 ns	     41556	80008c40	b50b4993	xori	x19,x22,-1200	 x22:0xfffff8a6 x19=0x000003f6
     415595.000 ns	     41558	80008c44	a1a78453	fle.s	x8,f15,f26	 f15:0x4f7ffff8 f26:0x00000000  x8=0x00000000
     415615.000 ns	     41560	80008c48	b58f0e93	addi	x29,x30,-1192	 x30:0x0fffff83 x29=0x0ffffadb
     415645.000 ns	     41563	80008c4c	1105bd53	fmul.s	f26,f11,f16	 f11:0x41000000 f16:0x4f384e2f f26=0x50b84e30
     415685.000 ns	     41567	80008c50	19657253	fdiv.s	f4,f10,f22	 f10:0x80000000 f22:0xffc00000  f4=0x7fc00000
     415715.000 ns	     41570	80008c54	029da733	mulhsu	x14,x27,x9	 x27:0x00000000  x9:0x80040fe4 x14=0x00000000
     415745.000 ns	     41573	80008c58	a1d12053	feq.s	x0,f2,f29	  f2:0x4f000410 f29:0x46b50856
     415765.000 ns	     41575	80008c5c	416f5db3	sra	x27,x30,x22	 x30:0x0fffff83 x22:0xfffff8a6 x27=0x003ffffe
     415785.000 ns	     41577	80008c60	21199ed3	fsgnjn.s	f29,f19,f17	 f19:0x80000000 f17:0x4efef3d6 f29=0x80000000
     415805.000 ns	     41579	80008c64	013a40b3	xor	x1,x20,x19	 x20:0xfffff834 x19:0x000003f6  x1=0xfffffbc2
     415825.000 ns	     41581	80008c68	c0143d53	fcvt.wu.s	x26,f8	  f8:0x80000000 x26=0x00000000
     415845.000 ns	     41583	80008c6c	00000013	addi	x0,x0,0	  x0:0x00000000
     415865.000 ns	     41585	80008c70	f0028253	fmv.w.x	f4,x5	  x5:0xf0d585cf  f4=0xf0d585cf
     415895.000 ns	     41588	80008c74	e0060ed3	fmv.x.w	x29,f12	 f12:0x5731d5a4 x29=0x5731d5a4
     416265.000 ns	     41625	80008c78	0273f1b3	remu	x3,x7,x7	  x7:0xfffffc15  x7:0xfffffc15  x3=0x00000000
     416295.000 ns	     41628	80008c7c	e0061dd3	fclass.s	x27,f12	 f12:0x5731d5a4 x27=0x00000040
     416315.000 ns	     41630	80008c80	01b5d1b3	srl	x3,x11,x27	 x11:0xfdc00000 x27:0x003ffffe  x3=0xfdc00000
     416335.000 ns	     41632	80008c84	a0982153	feq.s	x2,f16,f9	 f16:0x4f384e2f  f9:0x57b1cffa  x2=0x00000000
     416705.000 ns	     41669	80008c88	025a50b3	divu	x1,x20,x5	 x20:0xfffff834  x5:0xf0d585cf  x1=0x00000001
     416725.000 ns	     41671	80008c8c	0139b233	sltu	x4,x19,x19	 x19:0x000003f6 x19:0x000003f6  x4=0x00000000
     416735.000 ns	     41672	80008c90	00000013	addi	x0,x0,0	  x0:0x00000000
     416775.000 ns	     41676	80008c94	01bc3cd3	fadd.s	f25,f24,f27	 f24:0x00000000 f27:0xc7b1d000 f25=0xc7b1d000
     416795.000 ns	     41678	80008c98	0f17e813	ori	x16,x15,241	 x15:0x00000001 x16=0x000000f1
     416805.000 ns	     41679	80008c9c	00220bb3	add	x23,x4,x2	  x4:0x00000000  x2:0x00000000 x23=0x00000000
     416845.000 ns	     41683	80008ca0	015336d3	fadd.s	f13,f6,f21	  f6:0x47b1d000 f21:0x4efef3d6 f13=0x4efef69e
     416865.000 ns	     41685	80008ca4	00000013	addi	x0,x0,0	  x0:0x00000000
     416875.000 ns	     41686	80008ca8	0008a6b3	slt	x13,x17,x0	 x17:0xffc53000  x0:0x00000000 x13=0x00000001
     416895.000 ns	     41688	80008cac	e00f1553	fclass.s	x10,f30	 f30:0x7fc00000 x10=0x00000200
     416925.000 ns	     41691	80008cb0	c019b153	fcvt.wu.s	x2,f19	 f19:0x80000000  x2=0x00000000
     416975.000 ns	     41696	80008cb4	0972ca53	fsub.s	f20,f5,f23	  f5:0x47b1d000 f23:0x80000000 f20=0x47b1d000
     417345.000 ns	     41733	80008cb8	0239c3b3	div	x7,x19,x3	 x19:0x000003f6  x3:0xfdc00000  x7=0x00000000
     417375.000 ns	     41736	80008cbc	02fc8633	mul	x12,x25,x15	 x25:0x00012000 x15:0x00000001 x12=0x00012000
     417395.000 ns	     41738	80008cc0	bcfac113	xori	x2,x21,-1073	 x21:0x00000001  x2=0xfffffbce
     417415.000 ns	     41740	80008cc4	02de9933	mulh	x18,x29,x13	 x29:0x5731d5a4 x13:0x00000001 x18=0x00000000
     417445.000 ns	     41743	80008cc8	296e9253	fmax.s	f4,f29,f22	 f29:0x80000000 f22:0xffc00000  f4=0x80000000
     417475.000 ns	     41746	80008ccc	a1a80e53	fle.s	x28,f16,f26	 f16:0x4f384e2f f26:0x50b84e30 x28=0x00000001
     417495.000 ns	     41748	80008cd0	00000013	addi	x0,x0,0	  x0:0x00000000
     417505.000 ns	     41749	80008cd4	01f16b33	or	x22,x2,x31	  x2:0xfffffbce x31:0x80041024 x22=0xfffffbee
     417525.000 ns	     41751	80008cd8	030da7b3	mulhsu	x15,x27,x16	 x27:0x00000040 x16:0x000000f1 x15=0x00000000
     417575.000 ns	     41756	80008cdc	08b700d3	fsub.s	f1,f14,f11	 f14:0xc4dd6000 f11:0x41000000  f1=0xc4de6000
     417605.000 ns	     41759	80008ce0	d013cbd3	fcvt.s.wu	f23,x7	  x7:0x00000000 f23=0x00000000
     417635.000 ns	     41762	80008ce4	285f0453	fmin.s	f8,f30,f5	 f30:0x7fc00000  f5:0x47b1d000  f8=0x47b1d000
     417655.000 ns	     41764	80008ce8	d99de393	ori	x7,x27,-615	 x27:0x00000040  x7=0xfffffdd9
     417665.000 ns	     41765	80008cec	1e22e813	ori	x16,x5,482	  x5:0xf0d585cf x16=0xf0d585ef
     418025.000 ns	     41801	80008cf0	03c757b3	divu	x15,x14,x28	 x14:0x00000000 x28:0x00000001 x15=0x00000000
     418055.000 ns	     41804	80008cf4	29ac9753	fmax.s	f14,f25,f26	 f25:0xc7b1d000 f26:0x50b84e30 f14=0x50b84e30
     418085.000 ns	     41807	80008cf8	d01ec653	fcvt.s.wu	f12,x29	 x29:0x5731d5a4 f12=0x4eae63ab
     418105.000 ns	     41809	80008cfc	76c2ae13	slti	x28,x5,1900	  x5:0xf0d585cf x28=0x00000001
     418115.000 ns	     41810	80008d00	01de67b3	or	x15,x28,x29	 x28:0x00000001 x29:0x5731d5a4 x15=0x5731d5a5
     418125.000 ns	     41811	80008d04	00d06bb3	or	x23,x0,x13	  x0:0x00000000 x13:0x00000001 x23=0x00000001
     418145.000 ns	     41813	80008d08	20f31d53	fsgnjn.s	f26,f6,f15	  f6:0x47b1d000 f15:0x4f7ffff8 f26=0xc7b1d000
     419325.000 ns	     41931	80008d0c	5804b2d3	fsqrt.s	f5,f9	  f9:0x57b1cffa  f5=0x4b96dd21
     419355.000 ns	     41934	80008d10	e0010cd3	fmv.x.w	x25,f2	  f2:0x4f000410 x25=0x4f000410
     419385.000 ns	     41937	80008d14	a0472dd3	feq.s	x27,f14,f4	 f14:0x50b84e30  f4:0x80000000 x27=0x00000000
     419435.000 ns	     41942	80008d18	09d9f7d3	fsub.s	f15,f19,f29	 f19:0x80000000 f29:0x80000000 f15=0x00000000
     419465.000 ns	     41945	80008d1c	e0058b53	fmv.x.w	x22,f11	 f11:0x41000000 x22=0x41000000
     419485.000 ns	     41947	80008d20	00298733	add	x14,x19,x2	 x19:0x000003f6  x2:0xfffffbce x14=0xffffffc4
     419505.000 ns	     41949	80008d24	03b070b3	remu	x1,x0,x27	  x0:0x00000000 x27:0x00000000  x1=0x00000000
     419875.000 ns	     41986	80008d28	03536033	rem	x0,x6,x21	  x6:0x09eecc28 x21:0x00000001
     419915.000 ns	     41990	80008d2c	18d7f5d3	fdiv.s	f11,f15,f13	 f15:0x00000000 f13:0x4efef69e f11=0x00000000
     419935.000 ns	     41992	80008d30	0141ab33	slt	x22,x3,x20	  x3:0xfdc00000 x20:0xfffff834 x22=0x00000001
     419955.000 ns	     41994	80008d34	d01e4953	fcvt.s.wu	f18,x28	 x28:0x00000001 f18=0x3f800000
     419985.000 ns	     41997	80008d38	a1ad0653	fle.s	x12,f26,f26	 f26:0xc7b1d000 f26:0xc7b1d000 x12=0x00000001
     420005.000 ns	     41999	80008d3c	00000013	addi	x0,x0,0	  x0:0x00000000
     420025.000 ns	     42001	80008d40	a05c00d3	fle.s	x1,f24,f5	 f24:0x00000000  f5:0x4b96dd21  x1=0x00000001
     420055.000 ns	     42004	80008d44	e0049153	fclass.s	x2,f9	  f9:0x57b1cffa  x2=0x00000040
     420085.000 ns	     42007	80008d48	d016fad3	fcvt.s.wu	f21,x13	 x13:0x00000001 f21=0x3f800000
     420105.000 ns	     42009	80008d4c	13ec7b93	andi	x23,x24,318	 x24:0xfffff8a6 x23=0x00000026
     420115.000 ns	     42010	80008d50	00fbf0b3	and	x1,x23,x15	 x23:0x00000001 x15:0x5731d5a5  x1=0x00000024
     420125.000 ns	     42011	80008d54	901d9537	lui	x10,0x901d9	 x10=0x901d9000
     420135.000 ns	     42012	80008d58	0014bd33	sltu	x26,x9,x1	  x9:0x80040fe4  x1:0x00000001 x26=0x00000000
     420145.000 ns	     42013	80008d5c	16496313	ori	x6,x18,356	 x18:0x00000000  x6=0x00000164
     420165.000 ns	     42015	80008d60	214baf53	fsgnjx.s	f30,f23,f20	 f23:0x00000000 f20:0x47b1d000 f30=0x00000000
     420185.000 ns	     42017	80008d64	00808db3	add	x27,x1,x8	  x1:0x00000024  x8:0x00000000 x27=0x00000024
     420205.000 ns	     42019	80008d68	a12daa53	feq.s	x20,f27,f18	 f27:0xc7b1d000 f18:0x3f800000 x20=0x00000000
     420235.000 ns	     42022	80008d6c	20f99b53	fsgnjn.s	f22,f19,f15	 f19:0x80000000 f15:0x00000000 f22=0x80000000
     420275.000 ns	     42026	80008d70	19c3fc53	fdiv.s	f24,f7,f28	  f7:0x3f800000 f28:0x00000000 f24=0x7f800000
     420305.000 ns	     42029	80008d74	a10009d3	fle.s	x19,f0,f16	  f0:0x7fc00000 f16:0x4f384e2f x19=0x00000000
     420335.000 ns	     42032	80008d78	a1aea1d3	feq.s	x3,f29,f26	 f29:0x80000000 f26:0xc7b1d000  x3=0x00000000
     420365.000 ns	     42035	80008d7c	c0137ed3	fcvt.wu.s	x29,f6	  f6:0x47b1d000 x29=0x000163a0
     420385.000 ns	     42037	80008d80	b183a513	slti	x10,x7,-1256	  x7:0xfffffdd9 x10=0x00000000
     420395.000 ns	     42038	80008d84	2b01c613	xori	x12,x3,688	  x3:0x00000000 x12=0x000002b0
     420415.000 ns	     42040	80008d88	a1d70b53	fle.s	x22,f14,f29	 f14:0x50b84e30 f29:0x80000000 x22=0x00000000
     420445.000 ns	     42043	80008d8c	29fc1153	fmax.s	f2,f24,f31	 f24:0x7f800000 f31:0x4f0002b3  f2=0x7f800000
     420475.000 ns	     42046	80008d90	d00a7453	fcvt.s.w	f8,x20	 x20:0x00000000  f8=0x00000000
     420505.000 ns	     42049	80008d94	28ea99d3	fmax.s	f19,f21,f14	 f21:0x3f800000 f14:0x50b84e30 f19=0x50b84e30
     420875.000 ns	     42086	80008d98	03926033	rem	x0,x4,x25	  x4:0x00000000 x25:0x4f000410
     420905.000 ns	     42089	80008d9c	219b8853	fsgnj.s	f16,f23,f25	 f23:0x00000000 f25:0xc7b1d000 f16=0x80000000
     421275.000 ns	     42126	80008da0	0223e833	rem	x16,x7,x2	  x7:0xfffffdd9  x2:0x00000040 x16=0xffffffd9
     421305.000 ns	     42129	80008da4	286095d3	fmax.s	f11,f1,f6	  f1:0xc4de6000  f6:0x47b1d000 f11=0x47b1d000
     421355.000 ns	     42134	80008da8	085af7d3	fsub.s	f15,f21,f5	 f21:0x3f800000  f5:0x4b96dd21 f15=0xcb96dd20
     421375.000 ns	     42136	80008dac	96054213	xori	x4,x10,-1696	 x10:0x00000000  x4=0xfffff960
     421395.000 ns	     42138	80008db0	218426d3	fsgnjx.s	f13,f8,f24	  f8:0x00000000 f24:0x7f800000 f13=0x00000000
     421415.000 ns	     42140	80008db4	0117c933	xor	x18,x15,x17	 x15:0x5731d5a5 x17:0xffc53000 x18=0xa8f4e5a5
     421435.000 ns	     42142	80008db8	20f811d3	fsgnjn.s	f3,f16,f15	 f16:0x80000000 f15:0xcb96dd20  f3=0x00000000
     421455.000 ns	     42144	80008dbc	40560233	sub	x4,x12,x5	 x12:0x000002b0  x5:0xf0d585cf  x4=0x0f2a7ce1
     421465.000 ns	     42145	80008dc0	c3c00113	addi	x2,x0,-964	  x0:0x00000000  x2=0xfffffc3c
     421485.000 ns	     42147	80008dc4	03d60bb3	mul	x23,x12,x29	 x12:0x000002b0 x29:0x000163a0 x23=0x03bbbe00
     421505.000 ns	     42149	80008dc8	fa2e8313	addi	x6,x29,-94	 x29:0x000163a0  x6=0x00016342
     421535.000 ns	     42152	80008dcc	580cfe53	fsqrt.s	f28,f25	 f25:0xc7b1d000 f28=0x7fc00000
     421555.000 ns	     42154	80008dd0	4191df13	srai	x30,x3,0x19	  x3:0x00000000 x30=0x00000000
     421575.000 ns	     42156	80008dd4	c0097e53	fcvt.w.s	x28,f18	 f18:0x3f800000 x28=0x00000001
     421615.000 ns	     42160	80008dd8	19c54253	fdiv.s	f4,f10,f28	 f10:0x80000000 f28:0x7fc00000  f4=0x7fc00000
     421635.000 ns	     42162	80008ddc	01917933	and	x18,x2,x25	  x2:0xfffffc3c x25:0x4f000410 x18=0x4f000410
     421645.000 ns	     42163	80008de0	c6e53613	sltiu	x12,x10,-914	 x10:0x00000000 x12=0x00000001
     421685.000 ns	     42167	80008de4	01e47ad3	fadd.s	f21,f8,f30	  f8:0x00000000 f30:0x00000000 f21=0x00000000
     421705.000 ns	     42169	80008de8	00c178b3	and	x17,x2,x12	  x2:0xfffffc3c x12:0x000002b0 x17=0x00000000
     421715.000 ns	     42170	80008dec	00000013	addi	x0,x0,0	  x0:0x00000000
     421755.000 ns	     42174	80008df0	00be0953	fadd.s	f18,f28,f11	 f28:0x7fc00000 f11:0x47b1d000 f18=0x7fc00000
     422095.000 ns	     42208	80008df4	1912f553	fdiv.s	f10,f5,f17	  f5:0x4b96dd21 f17:0x4efef3d6 f10=0x3c16dd22
     422115.000 ns	     42210	80008df8	00f8bbb3	sltu	x23,x17,x15	 x17:0x00000000 x15:0x5731d5a5 x23=0x00000001
     422125.000 ns	     42211	80008dfc	002b1b33	sll	x22,x22,x2	 x22:0x00000000  x2:0xfffffc3c x22=0x00000000
     422135.000 ns	     42212	80008e00	40915db3	sra	x27,x2,x9	  x2:0xfffffc3c  x9:0x80040fe4 x27=0xffffffc3
     423305.000 ns	     42329	80008e04	5802ac53	fsqrt.s	f24,f5	  f5:0x4b96dd21 f24=0x458af62f
     423645.000 ns	     42363	80008e08	1853fc53	fdiv.s	f24,f7,f5	  f7:0x3f800000  f5:0x4b96dd21 f24=0x33000000
     423675.000 ns	     42366	80008e0c	c0091053	fcvt.w.s	x0,f18	 f18:0x7fc00000
     423695.000 ns	     42368	80008e10	c90a4a93	xori	x21,x20,-880	 x20:0x00000000 x21=0xfffffc90
     423705.000 ns	     42369	80008e14	0040b1b3	sltu	x3,x1,x4	  x1:0x00000024  x4:0x0f2a7ce1  x3=0x00000001
     423725.000 ns	     42371	80008e18	c0107c53	fcvt.wu.s	x24,f0	  f0:0x7fc00000 x24=0xffffffff
     423745.000 ns	     42373	80008e1c	00000013	addi	x0,x0,0	  x0:0x00000000
     423755.000 ns	     42374	80008e20	00e11013	slli	x0,x2,0xe	  x2:0xfffffc3c
     423765.000 ns	     42375	80008e24	419edeb3	sra	x29,x29,x25	 x29:0x000163a0 x25:0x4f000410 x29=0x00000001
     424125.000 ns	     42411	80008e28	022cdd33	divu	x26,x25,x2	 x25:0x4f000410  x2:0xfffffc3c x26=0x00000000
     424155.000 ns	     42414	80008e2c	d010c553	fcvt.s.wu	f10,x1	  x1:0x00000024 f10=0x42100000
     424175.000 ns	     42416	80008e30	5f7e0793	addi	x15,x28,1527	 x28:0x00000001 x15=0x000005f8
     424185.000 ns	     42417	80008e34	018a9633	sll	x12,x21,x24	 x21:0xfffffc90 x24:0xffffffff x12=0x00000000
     424195.000 ns	     42418	80008e38	e9cebb37	lui	x22,0xe9ceb	 x22=0xe9ceb000
     424205.000 ns	     42419	80008e3c	36b92f13	slti	x30,x18,875	 x18:0x4f000410 x30=0x00000000
     424215.000 ns	     42420	80008e40	00769733	sll	x14,x13,x7	 x13:0x00000001  x7:0xfffffdd9 x14=0x02000000
     424255.000 ns	     42424	80008e44	08bef853	fsub.s	f16,f29,f11	 f29:0x80000000 f11:0x47b1d000 f16=0xc7b1d000
     424275.000 ns	     42426	80008e48	00ccb0b3	sltu	x1,x25,x12	 x25:0x4f000410 x12:0x00000000  x1=0x00000000
     424285.000 ns	     42427	80008e4c	00bac633	xor	x12,x21,x11	 x21:0xfffffc90 x11:0xfdc00000 x12=0x023ffc90
     424305.000 ns	     42429	80008e50	d01ffd53	fcvt.s.wu	f26,x31	 x31:0x80041024 f26=0x4f000410
     424335.000 ns	     42432	80008e54	213b86d3	fsgnj.s	f13,f23,f19	 f23:0x00000000 f19:0x50b84e30 f13=0x00000000
     424705.000 ns	     42469	80008e58	02297133	remu	x2,x18,x2	 x18:0x4f000410  x2:0xfffffc3c  x2=0x4f000410
     424725.000 ns	     42471	80008e5c	01eaa433	slt	x8,x21,x30	 x21:0xfffffc90 x30:0x00000000  x8=0x00000001
     424745.000 ns	     42473	80008e60	28a08dd3	fmin.s	f27,f1,f10	  f1:0xc4de6000 f10:0x42100000 f27=0xc4de6000
     424775.000 ns	     42476	80008e64	21619353	fsgnjn.s	f6,f3,f22	  f3:0x00000000 f22:0x80000000  f6=0x00000000
     424815.000 ns	     42480	80008e68	19e986d3	fdiv.s	f13,f19,f30	 f19:0x50b84e30 f30:0x00000000 f13=0x7f800000
     424845.000 ns	     42483	80008e6c	03c8aab3	mulhsu	x21,x17,x28	 x17:0x00000000 x28:0x00000001 x21=0x00000000
     424865.000 ns	     42485	80008e70	01ec9333	sll	x6,x25,x30	 x25:0x4f000410 x30:0x00000000  x6=0x4f000410
     424875.000 ns	     42486	80008e74	f4e56537	lui	x10,0xf4e56	 x10=0xf4e56000
     424895.000 ns	     42488	80008e78	03778cb3	mul	x25,x15,x23	 x15:0x000005f8 x23:0x00000001 x25=0x000005f8
     424925.000 ns	     42491	80008e7c	03e585b3	mul	x11,x11,x30	 x11:0xfdc00000 x30:0x00000000 x11=0x00000000
     424965.000 ns	     42495	80008e80	11c4fdd3	fmul.s	f27,f9,f28	  f9:0x57b1cffa f28:0x7fc00000 f27=0x7fc00000
     424995.000 ns	     42498	80008e84	035ca3b3	mulhsu	x7,x25,x21	 x25:0x000005f8 x21:0x00000000  x7=0x00000000
     425015.000 ns	     42500	80008e88	00365633	srl	x12,x12,x3	 x12:0x023ffc90  x3:0x00000001 x12=0x011ffe48
     425035.000 ns	     42502	80008e8c	d00eaad3	fcvt.s.w	f21,x29	 x29:0x00000001 f21=0x3f800000
     425055.000 ns	     42504	80008e90	85cf7f13	andi	x30,x30,-1956	 x30:0x00000000 x30=0x00000000
     425075.000 ns	     42506	80008e94	a13ea5d3	feq.s	x11,f29,f19	 f29:0x80000000 f19:0x50b84e30 x11=0x00000000
     425095.000 ns	     42508	80008e98	01565a33	srl	x20,x12,x21	 x12:0x011ffe48 x21:0x00000000 x20=0x011ffe48
     425115.000 ns	     42510	80008e9c	e00a8e53	fmv.x.w	x28,f21	 f21:0x3f800000 x28=0x3f800000
     425145.000 ns	     42513	80008ea0	c01b7353	fcvt.wu.s	x6,f22	 f22:0x80000000  x6=0x00000000
     425515.000 ns	     42550	80008ea4	03b9d3b3	divu	x7,x19,x27	 x19:0x00000000 x27:0xffffffc3  x7=0x00000000
     425565.000 ns	     42555	80008ea8	09d416d3	fsub.s	f13,f8,f29	  f8:0x00000000 f29:0x80000000 f13=0x00000000
     425595.000 ns	     42558	80008eac	f00900d3	fmv.w.x	f1,x18	 x18:0x4f000410  f1=0x4f000410
     425625.000 ns	     42561	80008eb0	e0029353	fclass.s	x6,f5	  f5:0x4b96dd21  x6=0x00000040
     425655.000 ns	     42564	80008eb4	02289733	mulh	x14,x17,x2	 x17:0x00000000  x2:0x4f000410 x14=0x00000000
     425685.000 ns	     42567	80008eb8	020df033	remu	x0,x27,x0	 x27:0xffffffc3  x0:0x00000000
     425705.000 ns	     42569	80008ebc	f5a8c393	xori	x7,x17,-166	 x17:0x00000000  x7=0xffffff5a
     425715.000 ns	     42570	80008ec0	00e1fdb3	and	x27,x3,x14	  x3:0x00000001 x14:0x00000000 x27=0x00000000
     425735.000 ns	     42572	80008ec4	e0011b53	fclass.s	x22,f2	  f2:0x7f800000 x22=0x00000080
     425755.000 ns	     42574	80008ec8	01197bb3	and	x23,x18,x17	 x18:0x4f000410 x17:0x00000000 x23=0x00000000
     425775.000 ns	     42576	80008ecc	c00a2c53	fcvt.w.s	x24,f20	 f20:0x47b1d000 x24=0x000163a0
     425805.000 ns	     42579	80008ed0	a0a48dd3	fle.s	x27,f9,f10	  f9:0x57b1cffa f10:0x42100000 x27=0x00000000
     425835.000 ns	     42582	80008ed4	286d07d3	fmin.s	f15,f26,f6	 f26:0x4f000410  f6:0x00000000 f15=0x00000000
     425865.000 ns	     42585	80008ed8	03f20033	mul	x0,x4,x31	  x4:0x0f2a7ce1 x31:0x80041024
     425885.000 ns	     42587	80008edc	843bb193	sltiu	x3,x23,-1981	 x23:0x00000000  x3=0x00000001
     425905.000 ns	     42589	80008ee0	20c994d3	fsgnjn.s	f9,f19,f12	 f19:0x50b84e30 f12:0x4eae63ab  f9=0xd0b84e30
     425935.000 ns	     42592	80008ee4	a11ea053	feq.s	x0,f29,f17	 f29:0x80000000 f17:0x4efef3d6
     425955.000 ns	     42594	80008ee8	013c8cb3	add	x25,x25,x19	 x25:0x000005f8 x19:0x00000000 x25=0x000005f8
     426315.000 ns	     42630	80008eec	023adab3	divu	x21,x21,x3	 x21:0x00000000  x3:0x00000001 x21=0x00000000
     426345.000 ns	     42633	80008ef0	0244bab3	mulhu	x21,x9,x4	  x9:0x80040fe4  x4:0x0f2a7ce1 x21=0x07957c0b
     426375.000 ns	     42636	80008ef4	03b46e33	rem	x28,x8,x27	  x8:0x00000001 x27:0x00000000 x28=0x00000001
     426405.000 ns	     42639	80008ef8	0304aeb3	mulhsu	x29,x9,x16	  x9:0x80040fe4 x16:0xffffffd9 x29=0x80040ff7
     426775.000 ns	     42676	80008efc	0229fd33	remu	x26,x19,x2	 x19:0x00000000  x2:0x4f000410 x26=0x00000000
     426805.000 ns	     42679	80008f00	034eb0b3	mulhu	x1,x29,x20	 x29:0x80040ff7 x20:0x011ffe48  x1=0x009003b5
     426835.000 ns	     42682	80008f04	c00528d3	fcvt.w.s	x17,f10	 f10:0x42100000 x17=0x00000024
     426865.000 ns	     42685	80008f08	a0eb2453	feq.s	x8,f22,f14	 f22:0x80000000 f14:0x50b84e30  x8=0x00000000
     426915.000 ns	     42690	80008f0c	01880cd3	fadd.s	f25,f16,f24	 f16:0xc7b1d000 f24:0x33000000 f25=0xc7b1d000
     426955.000 ns	     42694	80008f10	1116c653	fmul.s	f12,f13,f17	 f13:0x00000000 f17:0x4efef3d6 f12=0x00000000
     426985.000 ns	     42697	80008f14	e0030c53	fmv.x.w	x24,f6	  f6:0x00000000 x24=0x00000000
     427005.000 ns	     42699	80008f18	018586b3	add	x13,x11,x24	 x11:0x00000000 x24:0x000163a0 x13=0x00000000
     427015.000 ns	     42700	80008f1c	0074fb33	and	x22,x9,x7	  x9:0x80040fe4  x7:0xffffff5a x22=0x80040f40
     427035.000 ns	     42702	80008f20	03b9ce33	div	x28,x19,x27	 x19:0x00000000 x27:0x00000000 x28=0xffffffff
     427065.000 ns	     42705	80008f24	f0040653	fmv.w.x	f12,x8	  x8:0x00000000 f12=0x00000000
     427115.000 ns	     42710	80008f28	09eafa53	fsub.s	f20,f21,f30	 f21:0x3f800000 f30:0x00000000 f20=0x3f800000
     427145.000 ns	     42713	80008f2c	e00381d3	fmv.x.w	x3,f7	  f7:0x3f800000  x3=0x3f800000
     427165.000 ns	     42715	80008f30	4048d093	srai	x1,x17,0x4	 x17:0x00000024  x1=0x00000002
     427175.000 ns	     42716	80008f34	65b90413	addi	x8,x18,1627	 x18:0x4f000410  x8=0x4f000a6b
     427215.000 ns	     42720	80008f38	09587853	fsub.s	f16,f16,f21	 f16:0xc7b1d000 f21:0x3f800000 f16=0xc7b1d080
     427245.000 ns	     42723	80008f3c	021c29b3	mulhsu	x19,x24,x1	 x24:0x00000000  x1:0x00000002 x19=0x00000000
     427295.000 ns	     42728	80008f40	005ef2d3	fadd.s	f5,f29,f5	 f29:0x80000000  f5:0x4b96dd21  f5=0x4b96dd21
     427315.000 ns	     42730	80008f44	00b4d0b3	srl	x1,x9,x11	  x9:0x80040fe4 x11:0x00000000  x1=0x80040fe4
     427355.000 ns	     42734	80008f48	00cf3153	fadd.s	f2,f30,f12	 f30:0x00000000 f12:0x00000000  f2=0x00000000
     427385.000 ns	     42737	80008f4c	0254bf33	mulhu	x30,x9,x5	  x9:0x80040fe4  x5:0xf0d585cf x30=0x786e9530
     427405.000 ns	     42739	80008f50	00b91993	slli	x19,x18,0xb	 x18:0x4f000410 x19=0x00208000
     427415.000 ns	     42740	80008f54	94f72f13	slti	x30,x14,-1713	 x14:0x00000000 x30=0x00000000
     427775.000 ns	     42776	80008f58	0313c633	div	x12,x7,x17	  x7:0xffffff5a x17:0x00000024 x12=0xfffffffc
     427805.000 ns	     42779	80008f5c	d0111053	fcvt.s.wu	f0,x2	  x2:0x4f000410  f0=0x4e9e0008
     428175.000 ns	     42816	80008f60	031241b3	div	x3,x4,x17	  x4:0x0f2a7ce1 x17:0x00000024  x3=0x006bd8cd
     428215.000 ns	     42820	80008f64	58010ed3	fsqrt.s	f29,f2	  f2:0x00000000 f29=0x00000000
     428235.000 ns	     42822	80008f68	41ac5a33	sra	x20,x24,x26	 x24:0x00000000 x26:0x00000000 x20=0x00000000
     428245.000 ns	     42823	80008f6c	005a1093	slli	x1,x20,0x5	 x20:0x011ffe48  x1=0x00000000
     428265.000 ns	     42825	80008f70	20b08cd3	fsgnj.s	f25,f1,f11	  f1:0x4f000410 f11:0x47b1d000 f25=0x4f000410
     428285.000 ns	     42827	80008f74	00fb4ab3	xor	x21,x22,x15	 x22:0x80040f40 x15:0x000005f8 x21=0x80040ab8
     428305.000 ns	     42829	80008f78	02598933	mul	x18,x19,x5	 x19:0x00208000  x5:0xf0d585cf x18=0x7cc78000
     428335.000 ns	     42832	80008f7c	d018f453	fcvt.s.wu	f8,x17	 x17:0x00000024  f8=0x42100000
     428365.000 ns	     42835	80008f80	2142a353	fsgnjx.s	f6,f5,f20	  f5:0x4b96dd21 f20:0x3f800000  f6=0x4b96dd21
     428385.000 ns	     42837	80008f84	008e9b13	slli	x22,x29,0x8	 x29:0x80040ff7 x22=0x040ff700
     428405.000 ns	     42839	80008f88	038aa1b3	mulhsu	x3,x21,x24	 x21:0x80040ab8 x24:0x00000000  x3=0x00000000
     428425.000 ns	     42841	80008f8c	01115c93	srli	x25,x2,0x11	  x2:0x4f000410 x25=0x00002780
     428445.000 ns	     42843	80008f90	02e21033	mulh	x0,x4,x14	  x4:0x0f2a7ce1 x14:0x00000000
     428465.000 ns	     42845	80008f94	23b3f737	lui	x14,0x23b3f	 x14=0x23b3f000
     428825.000 ns	     42881	80008f98	027ddeb3	divu	x29,x27,x7	 x27:0x00000000  x7:0xffffff5a x29=0x00000000
     428855.000 ns	     42884	80008f9c	03329933	mulh	x18,x5,x19	  x5:0xf0d585cf x19:0x00208000 x18=0xfffe131b
     428885.000 ns	     42887	80008fa0	20510653	fsgnj.s	f12,f2,f5	  f2:0x00000000  f5:0x4b96dd21 f12=0x00000000
     429255.000 ns	     42924	80008fa4	0263da33	divu	x20,x7,x6	  x7:0xffffff5a  x6:0x00000040 x20=0x03fffffd
     429275.000 ns	     42926	80008fa8	b4b3acb7	lui	x25,0xb4b3a	 x25=0xb4b3a000
     429285.000 ns	     42927	80008fac	410153b3	sra	x7,x2,x16	  x2:0x4f000410 x16:0xffffffd9  x7=0x00000027
     429305.000 ns	     42929	80008fb0	28149dd3	fmax.s	f27,f9,f1	  f9:0xd0b84e30  f1:0x4f000410 f27=0x4f000410
     429325.000 ns	     42931	80008fb4	4a225997	auipc	x19,0x4a225	 x19=0xca22dfb4
     429365.000 ns	     42935	80008fb8	01cbb753	fadd.s	f14,f23,f28	 f23:0x00000000 f28:0x7fc00000 f14=0x7fc00000
     429385.000 ns	     42937	80008fbc	619e99b7	lui	x19,0x619e9	 x19=0x619e9000
     429405.000 ns	     42939	80008fc0	033c13b3	mulh	x7,x24,x19	 x24:0x00000000 x19:0xca22dfb4  x7=0x00000000
     429435.000 ns	     42942	80008fc4	28468953	fmin.s	f18,f13,f4	 f13:0x00000000  f4:0x7fc00000 f18=0x00000000
     429455.000 ns	     42944	80008fc8	00521993	slli	x19,x4,0x5	  x4:0x0f2a7ce1 x19=0xe54f9c20
     429475.000 ns	     42946	80008fcc	02b057b3	divu	x15,x0,x11	  x0:0x00000000 x11:0x00000000 x15=0xffffffff
     429495.000 ns	     42948	80008fd0	b7ce2513	slti	x10,x28,-1156	 x28:0xffffffff x10=0x00000000
     429515.000 ns	     42950	80008fd4	c00130d3	fcvt.w.s	x1,f2	  f2:0x00000000  x1=0x00000000
     429545.000 ns	     42953	80008fd8	023fcb33	div	x22,x31,x3	 x31:0x80041024  x3:0x00000000 x22=0xffffffff
     429575.000 ns	     42956	80008fdc	02b1a033	mulhsu	x0,x3,x11	  x3:0x00000000 x11:0x00000000
     429595.000 ns	     42958	80008fe0	00499193	slli	x3,x19,0x4	 x19:0xe54f9c20  x3=0x54f9c200
     429615.000 ns	     42960	80008fe4	f0070ad3	fmv.w.x	f21,x14	 x14:0x23b3f000 f21=0x23b3f000
     429985.000 ns	     42997	80008fe8	03c665b3	rem	x11,x12,x28	 x12:0xfffffffc x28:0xffffffff x11=0x00000000
     430015.000 ns	     43000	80008fec	21fbac53	fsgnjx.s	f24,f23,f31	 f23:0x00000000 f31:0x4f0002b3 f24=0x00000000
     430045.000 ns	     43003	80008ff0	0255a333	mulhsu	x6,x11,x5	 x11:0x00000000  x5:0xf0d585cf  x6=0x00000000
     430095.000 ns	     43008	80008ff4	08caa553	fsub.s	f10,f21,f12	 f21:0x23b3f000 f12:0x00000000 f10=0x23b3f000
     430125.000 ns	     43011	80008ff8	02d14833	div	x16,x2,x13	  x2:0x4f000410 x13:0x00000000 x16=0xffffffff
     430145.000 ns	     43013	80008ffc	4445b213	sltiu	x4,x11,1092	 x11:0x00000000  x4=0x00000001
     430165.000 ns	     43015	80009000	28a29ed3	fmax.s	f29,f5,f10	  f5:0x4b96dd21 f10:0x23b3f000 f29=0x4b96dd21
     430185.000 ns	     43017	80009004	414f0033	sub	x0,x30,x20	 x30:0x00000000 x20:0x03fffffd
     430195.000 ns	     43018	80009008	4cca7d13	andi	x26,x20,1228	 x20:0x03fffffd x26=0x000004cc
     430555.000 ns	     43054	8000900c	0302de33	divu	x28,x5,x16	  x5:0xf0d585cf x16:0xffffffff x28=0x00000000
     430575.000 ns	     43056	80009010	00f6de93	srli	x29,x13,0xf	 x13:0x00000000 x29=0x00000000
     430595.000 ns	     43058	80009014	21c9a3d3	fsgnjx.s	f7,f19,f28	 f19:0x50b84e30 f28:0x7fc00000  f7=0x50b84e30
     430625.000 ns	     43061	80009018	03a398b3	mulh	x17,x7,x26	  x7:0x00000000 x26:0x000004cc x17=0x00000000
     430655.000 ns	     43064	8000901c	29e29e53	fmax.s	f28,f5,f30	  f5:0x4b96dd21 f30:0x00000000 f28=0x4b96dd21
     430695.000 ns	     43068	80009020	110cf253	fmul.s	f4,f25,f16	 f25:0x4f000410 f16:0xc7b1d080  f4=0xd731d624
     430725.000 ns	     43071	80009024	a138a5d3	feq.s	x11,f17,f19	 f17:0x4efef3d6 f19:0x50b84e30 x11=0x00000000
     430755.000 ns	     43074	80009028	d01ef053	fcvt.s.wu	f0,x29	 x29:0x00000000  f0=0x00000000
     430785.000 ns	     43077	8000902c	02272f33	mulhsu	x30,x14,x2	 x14:0x23b3f000  x2:0x4f000410 x30=0x0b0487a1
     430805.000 ns	     43079	80009030	ea06a017	auipc	x0,0xea06a	
     430825.000 ns	     43081	80009034	d000f053	fcvt.s.w	f0,x1	  x1:0x00000000  f0=0x00000000
     430855.000 ns	     43084	80009038	c01570d3	fcvt.wu.s	x1,f10	 f10:0x23b3f000  x1=0x00000000
     430895.000 ns	     43088	8000903c	19b696d3	fdiv.s	f13,f13,f27	 f13:0x00000000 f27:0x4f000410 f13=0x00000000
     430925.000 ns	     43091	80009040	e0000e53	fmv.x.w	x28,f0	  f0:0x00000000 x28=0x00000000
     430955.000 ns	     43094	80009044	2081a2d3	fsgnjx.s	f5,f3,f8	  f3:0x00000000  f8:0x42100000  f5=0x00000000
     430975.000 ns	     43096	80009048	0087c3b3	xor	x7,x15,x8	 x15:0xffffffff  x8:0x4f000a6b  x7=0xb0fff594
     430985.000 ns	     43097	8000904c	00fb1193	slli	x3,x22,0xf	 x22:0xffffffff  x3=0xffff8000
     430995.000 ns	     43098	80009050	00b73f33	sltu	x30,x14,x11	 x14:0x23b3f000 x11:0x00000000 x30=0x00000000
     431035.000 ns	     43102	80009054	086d72d3	fsub.s	f5,f26,f6	 f26:0x4f000410  f6:0x4b96dd21  f5=0x4efdacaa
     431065.000 ns	     43105	80009058	e00180d3	fmv.x.w	x1,f3	  f3:0x00000000  x1=0x00000000
     431085.000 ns	     43107	8000905c	01929b93	slli	x23,x5,0x19	  x5:0xf0d585cf x23=0x9e000000
     431095.000 ns	     43108	80009060	409c5e13	srai	x28,x24,0x9	 x24:0x00000000 x28=0x00000000
     431105.000 ns	     43109	80009064	404a5813	srai	x16,x20,0x4	 x20:0x03fffffd x16=0x003fffff
     431125.000 ns	     43111	80009068	a0172553	feq.s	x10,f14,f1	 f14:0x7fc00000  f1:0x4f000410 x10=0x00000000
     431145.000 ns	     43113	8000906c	01fc2f33	slt	x30,x24,x31	 x24:0x00000000 x31:0x80041024 x30=0x00000000
     431165.000 ns	     43115	80009070	289b0d53	fmin.s	f26,f22,f9	 f22:0x80000000  f9:0xd0b84e30 f26=0xd0b84e30
     431535.000 ns	     43152	80009074	0302d433	divu	x8,x5,x16	  x5:0xf0d585cf x16:0x003fffff  x8=0x000003c3
     431555.000 ns	     43154	80009078	00ffda33	srl	x20,x31,x15	 x31:0x80041024 x15:0xffffffff x20=0x00000001
     431565.000 ns	     43155	8000907c	408ad533	sra	x10,x21,x8	 x21:0x80040ab8  x8:0x000003c3 x10=0xf0008157
     431575.000 ns	     43156	80009080	0153f133	and	x2,x7,x21	  x7:0xb0fff594 x21:0x80040ab8  x2=0x80040090
     431585.000 ns	     43157	80009084	01070a33	add	x20,x14,x16	 x14:0x23b3f000 x16:0x003fffff x20=0x23f3efff
     431595.000 ns	     43158	80009088	00000013	addi	x0,x0,0	  x0:0x00000000
     431605.000 ns	     43159	8000908c	a637be13	sltiu	x28,x15,-1437	 x15:0xffffffff x28=0x00000000
     431935.000 ns	     43192	80009090	199a7c53	fdiv.s	f24,f20,f25	 f20:0x3f800000 f25:0x4f000410 f24=0x2f800000
     431965.000 ns	     43195	80009094	c001b753	fcvt.w.s	x14,f3	  f3:0x00000000 x14=0x00000000
     431995.000 ns	     43198	80009098	02b047b3	div	x15,x0,x11	  x0:0x00000000 x11:0x00000000 x15=0xffffffff
     432035.000 ns	     43202	8000909c	11ec32d3	fmul.s	f5,f24,f30	 f24:0x2f800000 f30:0x00000000  f5=0x00000000
     432055.000 ns	     43204	800090a0	1f6f3a93	sltiu	x21,x30,502	 x30:0x00000000 x21=0x00000001
     432075.000 ns	     43206	800090a4	a1dd1353	flt.s	x6,f26,f29	 f26:0xd0b84e30 f29:0x4b96dd21  x6=0x00000001
     432095.000 ns	     43208	800090a8	01f25a13	srli	x20,x4,0x1f	  x4:0x00000001 x20=0x00000000
     432115.000 ns	     43210	800090ac	29e48853	fmin.s	f16,f9,f30	  f9:0xd0b84e30 f30:0x00000000 f16=0xd0b84e30
     432145.000 ns	     43213	800090b0	03415133	divu	x2,x2,x20	  x2:0x80040090 x20:0x23f3efff  x2=0xffffffff
     432175.000 ns	     43216	800090b4	d00b7cd3	fcvt.s.w	f25,x22	 x22:0xffffffff f25=0xbf800000
     432205.000 ns	     43219	800090b8	03c01bb3	mulh	x23,x0,x28	  x0:0x00000000 x28:0x00000000 x23=0x00000000
     432235.000 ns	     43222	800090bc	21290c53	fsgnj.s	f24,f18,f18	 f18:0x00000000 f18:0x00000000 f24=0x00000000
     432265.000 ns	     43225	800090c0	02941a33	mulh	x20,x8,x9	  x8:0x000003c3  x9:0x80040fe4 x20=0xfffffe1e
     432285.000 ns	     43227	800090c4	4135d513	srai	x10,x11,0x13	 x11:0x00000000 x10=0x00000000
     432305.000 ns	     43229	800090c8	c0077153	fcvt.w.s	x2,f14	 f14:0x7fc00000  x2=0x7fffffff
     432325.000 ns	     43231	800090cc	011ba9b3	slt	x19,x23,x17	 x23:0x00000000 x17:0x00000000 x19=0x00000000
     432345.000 ns	     43233	800090d0	281f0e53	fmin.s	f28,f30,f1	 f30:0x00000000  f1:0x4f000410 f28=0x00000000
     432375.000 ns	     43236	800090d4	027f3eb3	mulhu	x29,x30,x7	 x30:0x00000000  x7:0xb0fff594 x29=0x00000000
     432405.000 ns	     43239	800090d8	a0049153	flt.s	x2,f9,f0	  f9:0xd0b84e30  f0:0x00000000  x2=0x00000001
     432435.000 ns	     43242	800090dc	e00a17d3	fclass.s	x15,f20	 f20:0x3f800000 x15=0x00000040
     432455.000 ns	     43244	800090e0	87a55737	lui	x14,0x87a55	 x14=0x87a55000
     432495.000 ns	     43248	800090e4	084fffd3	fsub.s	f31,f31,f4	 f31:0x4f0002b3  f4:0xd731d624 f31=0x5731d6a4
     432515.000 ns	     43250	800090e8	015e6eb3	or	x29,x28,x21	 x28:0x00000000 x21:0x00000001 x29=0x00000001
     432525.000 ns	     43251	800090ec	002ad133	srl	x2,x21,x2	 x21:0x00000001  x2:0x00000001  x2=0x00000000
     432535.000 ns	     43252	800090f0	41d90ab3	sub	x21,x18,x29	 x18:0xfffe131b x29:0x00000000 x21=0xfffe131a
     432555.000 ns	     43254	800090f4	a0eca853	feq.s	x16,f25,f14	 f25:0xbf800000 f14:0x7fc00000 x16=0x00000000
     432585.000 ns	     43257	800090f8	03e368b3	rem	x17,x6,x30	  x6:0x00000001 x30:0x00000000 x17=0x00000001
     432615.000 ns	     43260	800090fc	a0b286d3	fle.s	x13,f5,f11	  f5:0x00000000 f11:0x47b1d000 x13=0x00000001
     432635.000 ns	     43262	80009100	ca726813	ori	x16,x4,-857	  x4:0x00000001 x16=0xfffffca7
     432655.000 ns	     43264	80009104	02e89733	mulh	x14,x17,x14	 x17:0x00000001 x14:0x87a55000 x14=0xffffffff
     432685.000 ns	     43267	80009108	d014bcd3	fcvt.s.wu	f25,x9	  x9:0x80040fe4 f25=0x4f000410
     432715.000 ns	     43270	8000910c	e0058953	fmv.x.w	x18,f11	 f11:0x47b1d000 x18=0x47b1d000
     432745.000 ns	     43273	80009110	d0113853	fcvt.s.wu	f16,x2	  x2:0x00000000 f16=0x00000000
     432775.000 ns	     43276	80009114	e00683d3	fmv.x.w	x7,f13	 f13:0x00000000  x7=0x00000000
     432805.000 ns	     43279	80009118	a02e8453	fle.s	x8,f29,f2	 f29:0x4b96dd21  f2:0x00000000  x8=0x00000000
     432825.000 ns	     43281	8000911c	5675fe13	andi	x28,x11,1383	 x11:0x00000000 x28=0x00000000
     432865.000 ns	     43285	80009120	080a48d3	fsub.s	f17,f20,f0	 f20:0x3f800000  f0:0x00000000 f17=0x3f800000
     432885.000 ns	     43287	80009124	a733ac17	auipc	x24,0xa733a	 x24=0x27343124
     432895.000 ns	     43288	80009128	d6dd8613	addi	x12,x27,-659	 x27:0x00000000 x12=0xfffffd6d
     432905.000 ns	     43289	8000912c	00a778b3	and	x17,x14,x10	 x14:0xffffffff x10:0x00000000 x17=0x00000000
     432915.000 ns	     43290	80009130	01af1c33	sll	x24,x30,x26	 x30:0x00000000 x26:0x000004cc x24=0x00000000
     432935.000 ns	     43292	80009134	c01bc1d3	fcvt.wu.s	x3,f23	 f23:0x00000000  x3=0x00000000
     432955.000 ns	     43294	80009138	00000013	addi	x0,x0,0	  x0:0x00000000
     432975.000 ns	     43296	8000913c	21df23d3	fsgnjx.s	f7,f30,f29	 f30:0x00000000 f29:0x4b96dd21  f7=0x00000000
     432995.000 ns	     43298	80009140	00000013	addi	x0,x0,0	  x0:0x00000000
     433035.000 ns	     43302	80009144	00c276d3	fadd.s	f13,f4,f12	  f4:0xd731d624 f12:0x00000000 f13=0xd731d624
     433065.000 ns	     43305	80009148	d003c553	fcvt.s.w	f10,x7	  x7:0x00000000 f10=0x00000000
     433095.000 ns	     43308	8000914c	d01a7b53	fcvt.s.wu	f22,x20	 x20:0xfffffe1e f22=0x4f7ffffe
     433125.000 ns	     43311	80009150	f0080e53	fmv.w.x	f28,x16	 x16:0xfffffca7 f28=0xfffffca7
     433145.000 ns	     43313	80009154	400fd793	srai	x15,x31,0x0	 x31:0x80041024 x15=0x80041024
     433165.000 ns	     43315	80009158	28ba18d3	fmax.s	f17,f20,f11	 f20:0x3f800000 f11:0x47b1d000 f17=0x47b1d000
     433215.000 ns	     43320	8000915c	089cced3	fsub.s	f29,f25,f9	 f25:0x4f000410  f9:0xd0b84e30 f29=0x50c84eb2
     433235.000 ns	     43322	80009160	ffcb6a13	ori	x20,x22,-4	 x22:0xffffffff x20=0xffffffff
     433595.000 ns	     43358	80009164	02e0ddb3	divu	x27,x1,x14	  x1:0x00000000 x14:0xffffffff x27=0x00000000
     433615.000 ns	     43360	80009168	01879793	slli	x15,x15,0x18	 x15:0x80041024 x15=0x24000000
     433625.000 ns	     43361	8000916c	d3071eb7	lui	x29,0xd3071	 x29=0xd3071000
     433645.000 ns	     43363	80009170	e0031e53	fclass.s	x28,f6	  f6:0x4b96dd21 x28=0x00000040
     433675.000 ns	     43366	80009174	03824eb3	div	x29,x4,x24	  x4:0x00000001 x24:0x00000000 x29=0xffffffff
     433705.000 ns	     43369	80009178	285e1a53	fmax.s	f20,f28,f5	 f28:0xfffffca7  f5:0x00000000 f20=0x00000000
     433735.000 ns	     43372	8000917c	e0021153	fclass.s	x2,f4	  f4:0xd731d624  x2=0x00000002
     433765.000 ns	     43375	80009180	02323233	mulhu	x4,x4,x3	  x4:0x00000001  x3:0x00000000  x4=0x00000000
     433785.000 ns	     43377	80009184	019745b3	xor	x11,x14,x25	 x14:0xffffffff x25:0xb4b3a000 x11=0x4b4c5fff
     433795.000 ns	     43378	80009188	012d3533	sltu	x10,x26,x18	 x26:0x000004cc x18:0x47b1d000 x10=0x00000001
     433805.000 ns	     43379	8000918c	26677c13	andi	x24,x14,614	 x14:0xffffffff x24=0x00000266
     433825.000 ns	     43381	80009190	02a829b3	mulhsu	x19,x16,x10	 x16:0xfffffca7 x10:0x00000000 x19=0xffffffff
     433845.000 ns	     43383	80009194	232b7e13	andi	x28,x22,562	 x22:0xffffffff x28=0x00000232
     433875.000 ns	     43386	80009198	193840d3	fdiv.s	f1,f16,f19	 f16:0x00000000 f19:0x50b84e30  f1=0x00000000
     433905.000 ns	     43389	8000919c	d000ffd3	fcvt.s.w	f31,x1	  x1:0x00000000 f31=0x00000000
     433935.000 ns	     43392	800091a0	e0090953	fmv.x.w	x18,f18	 f18:0x00000000 x18=0x00000000
     433955.000 ns	     43394	800091a4	00869233	sll	x4,x13,x8	 x13:0x00000001  x8:0x00000000  x4=0x00000001
     433965.000 ns	     43395	800091a8	e40b0c93	addi	x25,x22,-448	 x22:0xffffffff x25=0xfffffe3f
     433975.000 ns	     43396	800091ac	0162d113	srli	x2,x5,0x16	  x5:0xf0d585cf  x2=0x000003c3
     433985.000 ns	     43397	800091b0	00492933	slt	x18,x18,x4	 x18:0x00000000  x4:0x00000001 x18=0x00000001
     434005.000 ns	     43399	800091b4	03d71433	mulh	x8,x14,x29	 x14:0xffffffff x29:0xffffffff  x8=0x00000000
     434025.000 ns	     43401	800091b8	edb97013	andi	x0,x18,-293	 x18:0x00000000
     434035.000 ns	     43402	800091bc	00cd9c93	slli	x25,x27,0xc	 x27:0x00000000 x25=0x00000000
     434055.000 ns	     43404	800091c0	a0e49a53	flt.s	x20,f9,f14	  f9:0xd0b84e30 f14:0x7fc00000 x20=0x00000000
     434425.000 ns	     43441	800091c4	02fcd733	divu	x14,x25,x15	 x25:0xfffffe3f x15:0x24000000 x14=0x00000000
     434475.000 ns	     43446	800091c8	01c079d3	fadd.s	f19,f0,f28	  f0:0x00000000 f28:0xfffffca7 f19=0x7fc00000
     434495.000 ns	     43448	800091cc	40068d33	sub	x26,x13,x0	 x13:0x00000001  x0:0x00000000 x26=0x00000001
     434515.000 ns	     43450	800091d0	a06588d3	fle.s	x17,f11,f6	 f11:0x47b1d000  f6:0x4b96dd21 x17=0x00000001
     434565.000 ns	     43455	800091d4	003272d3	fadd.s	f5,f4,f3	  f4:0xd731d624  f3:0x00000000  f5=0xd731d624
     434585.000 ns	     43457	800091d8	2aaffb93	andi	x23,x31,682	 x31:0x80041024 x23=0x00000020
     434605.000 ns	     43459	800091dc	e00a9dd3	fclass.s	x27,f21	 f21:0x23b3f000 x27=0x00000040
     434655.000 ns	     43464	800091e0	090d3b53	fsub.s	f22,f26,f16	 f26:0xd0b84e30 f16:0x00000000 f22=0xd0b84e30
     434685.000 ns	     43467	800091e4	f00c03d3	fmv.w.x	f7,x24	 x24:0x00000266  f7=0x00000266
     434705.000 ns	     43469	800091e8	01d33733	sltu	x14,x6,x29	  x6:0x00000001 x29:0xffffffff x14=0x00000001
     434735.000 ns	     43472	800091ec	193af9d3	fdiv.s	f19,f21,f19	 f21:0x23b3f000 f19:0x7fc00000 f19=0x7fc00000
     434775.000 ns	     43476	800091f0	18a5c7d3	fdiv.s	f15,f11,f10	 f11:0x47b1d000 f10:0x00000000 f15=0x7f800000
     435145.000 ns	     43513	800091f4	0371c9b3	div	x19,x3,x23	  x3:0x00000000 x23:0x00000020 x19=0x00000000
     435175.000 ns	     43516	800091f8	d0077ed3	fcvt.s.w	f29,x14	 x14:0x00000001 f29=0x3f800000
     435195.000 ns	     43518	800091fc	83318193	addi	x3,x3,-1997	  x3:0x00000000  x3=0xfffff833
     435235.000 ns	     43522	80009200	008d39d3	fadd.s	f19,f26,f8	 f26:0xd0b84e30  f8:0x42100000 f19=0xd0b84e2f
     435265.000 ns	     43525	80009204	028bf5b3	remu	x11,x23,x8	 x23:0x00000020  x8:0x00000000 x11=0x00000020
     435285.000 ns	     43527	80009208	3e244113	xori	x2,x8,994	  x8:0x00000000  x2=0x000003e2
     435305.000 ns	     43529	8000920c	e0008853	fmv.x.w	x16,f1	  f1:0x00000000 x16=0x00000000
     435325.000 ns	     43531	80009210	0028b233	sltu	x4,x17,x2	 x17:0x00000001  x2:0x000003c3  x4=0x00000001
     435345.000 ns	     43533	80009214	20dd00d3	fsgnj.s	f1,f26,f13	 f26:0xd0b84e30 f13:0xd731d624  f1=0xd0b84e30
     435365.000 ns	     43535	80009218	e78e0093	addi	x1,x28,-392	 x28:0x00000232  x1=0x000000aa
     435385.000 ns	     43537	8000921c	29818fd3	fmin.s	f31,f3,f24	  f3:0x00000000 f24:0x00000000 f31=0x00000000
     435405.000 ns	     43539	80009220	00000013	addi	x0,x0,0	  x0:0x00000000
     435415.000 ns	     43540	80009224	01144433	xor	x8,x8,x17	  x8:0x00000000 x17:0x00000001  x8=0x00000001
     435425.000 ns	     43541	80009228	ebbba093	slti	x1,x23,-325	 x23:0x00000020  x1=0x00000000
     435435.000 ns	     43542	8000922c	00b69eb3	sll	x29,x13,x11	 x13:0x00000001 x11:0x00000020 x29=0x00000001
     435445.000 ns	     43543	80009230	40fcd413	srai	x8,x25,0xf	 x25:0x00000000  x8=0x00000000
     435455.000 ns	     43544	80009234	a4e5ad13	slti	x26,x11,-1458	 x11:0x00000020 x26=0x00000000
     435465.000 ns	     43545	80009238	410107b3	sub	x15,x2,x16	  x2:0x000003e2 x16:0x00000000 x15=0x000003e2
     435475.000 ns	     43546	8000923c	053ab593	sltiu	x11,x21,83	 x21:0xfffe131a x11=0x00000000
     435495.000 ns	     43548	80009240	0373b533	mulhu	x10,x7,x23	  x7:0x00000000 x23:0x00000020 x10=0x00000000
     435515.000 ns	     43550	80009244	01c5aeb3	slt	x29,x11,x28	 x11:0x00000020 x28:0x00000232 x29=0x00000001
     435535.000 ns	     43552	80009248	28060253	fmin.s	f4,f12,f0	 f12:0x00000000  f0:0x00000000  f4=0x00000000
     435555.000 ns	     43554	8000924c	493e4c93	xori	x25,x28,1171	 x28:0x00000232 x25=0x000006a1
     435575.000 ns	     43556	80009250	02232a33	mulhsu	x20,x6,x2	  x6:0x00000001  x2:0x000003e2 x20=0x00000000
     435605.000 ns	     43559	80009254	03f8acb3	mulhsu	x25,x17,x31	 x17:0x00000001 x31:0x80041024 x25=0x00000000
     435625.000 ns	     43561	80009258	0fbd8a13	addi	x20,x27,251	 x27:0x00000040 x20=0x0000013b
     435655.000 ns	     43564	8000925c	18ae23d3	fdiv.s	f7,f28,f10	 f28:0xfffffca7 f10:0x00000000  f7=0x7fc00000
     435675.000 ns	     43566	80009260	fa844137	lui	x2,0xfa844	  x2=0xfa844000
     435685.000 ns	     43567	80009264	407259b3	sra	x19,x4,x7	  x4:0x00000001  x7:0x00000000 x19=0x00000001
     435695.000 ns	     43568	80009268	0103d5b3	srl	x11,x7,x16	  x7:0x00000000 x16:0x00000000 x11=0x00000000
     435705.000 ns	     43569	8000926c	471d6f13	ori	x30,x26,1137	 x26:0x00000000 x30=0x00000471
     435725.000 ns	     43571	80009270	29d605d3	fmin.s	f11,f12,f29	 f12:0x00000000 f29:0x3f800000 f11=0x00000000
     436095.000 ns	     43608	80009274	02456133	rem	x2,x10,x4	 x10:0x00000000  x4:0x00000001  x2=0x00000000
     436115.000 ns	     43610	80009278	01bd9793	slli	x15,x27,0x1b	 x27:0x00000040 x15=0x00000000
     436125.000 ns	     43611	8000927c	0085beb3	sltu	x29,x11,x8	 x11:0x00000000  x8:0x00000000 x29=0x00000000
     436145.000 ns	     43613	80009280	c011fa53	fcvt.wu.s	x20,f3	  f3:0x00000000 x20=0x00000000
     436165.000 ns	     43615	80009284	009160b3	or	x1,x2,x9	  x2:0x00000000  x9:0x80040fe4  x1=0x80040fe4
     436185.000 ns	     43617	80009288	a171a1d3	feq.s	x3,f3,f23	  f3:0x00000000 f23:0x00000000  x3=0x00000001
     436215.000 ns	     43620	8000928c	2028a9d3	fsgnjx.s	f19,f17,f2	 f17:0x47b1d000  f2:0x00000000 f19=0x47b1d000
     436235.000 ns	     43622	80009290	00c9adb3	slt	x27,x19,x12	 x19:0x00000001 x12:0xfffffd6d x27=0x00000000
     436245.000 ns	     43623	80009294	52bd3013	sltiu	x0,x26,1323	 x26:0x00000000
     436265.000 ns	     43625	80009298	d01af353	fcvt.s.wu	f6,x21	 x21:0xfffe131a  f6=0x4f7ffe13
     436295.000 ns	     43628	8000929c	039100b3	mul	x1,x2,x25	  x2:0x00000000 x25:0x00000000  x1=0x00000000
     436315.000 ns	     43630	800092a0	41a081b3	sub	x3,x1,x26	  x1:0x80040fe4 x26:0x00000000  x3=0x00000000
     436335.000 ns	     43632	800092a4	036a8db3	mul	x27,x21,x22	 x21:0xfffe131a x22:0xffffffff x27=0x0001ece6
     436365.000 ns	     43635	800092a8	a179a953	feq.s	x18,f19,f23	 f19:0x47b1d000 f23:0x00000000 x18=0x00000000
     436395.000 ns	     43638	800092ac	a1769453	flt.s	x8,f13,f23	 f13:0xd731d624 f23:0x00000000  x8=0x00000001
     436415.000 ns	     43640	800092b0	401e0bb3	sub	x23,x28,x1	 x28:0x00000232  x1:0x00000000 x23=0x00000232
     436425.000 ns	     43641	800092b4	bb07ba13	sltiu	x20,x15,-1104	 x15:0x00000000 x20=0x00000001
     436435.000 ns	     43642	800092b8	00ca1e13	slli	x28,x20,0xc	 x20:0x00000000 x28=0x00001000
     436465.000 ns	     43645	800092bc	119b83d3	fmul.s	f7,f23,f25	 f23:0x00000000 f25:0x4f000410  f7=0x00000000
     436505.000 ns	     43649	800092c0	10f1bbd3	fmul.s	f23,f3,f15	  f3:0x00000000 f15:0x7f800000 f23=0x7fc00000
     436525.000 ns	     43651	800092c4	00bfc6b3	xor	x13,x31,x11	 x31:0x80041024 x11:0x00000000 x13=0x80041024
     436545.000 ns	     43653	800092c8	039f8033	mul	x0,x31,x25	 x31:0x80041024 x25:0x00000000
     436575.000 ns	     43656	800092cc	03d6aa33	mulhsu	x20,x13,x29	 x13:0x00000001 x29:0x00000000 x20=0x00000000
     436595.000 ns	     43658	800092d0	402d0033	sub	x0,x26,x2	 x26:0x00000000  x2:0x00000000
     436605.000 ns	     43659	800092d4	41915213	srai	x4,x2,0x19	  x2:0x00000000  x4=0x00000000
     436625.000 ns	     43661	800092d8	031f3bb3	mulhu	x23,x30,x17	 x30:0x00000471 x17:0x00000001 x23=0x00000000
     436645.000 ns	     43663	800092dc	018cd093	srli	x1,x25,0x18	 x25:0x00000000  x1=0x00000000
     436655.000 ns	     43664	800092e0	35b00993	addi	x19,x0,859	  x0:0x00000000 x19=0x0000035b
     436675.000 ns	     43666	800092e4	218f09d3	fsgnj.s	f19,f30,f24	 f30:0x00000000 f24:0x00000000 f19=0x00000000
     436705.000 ns	     43669	800092e8	d0153cd3	fcvt.s.wu	f25,x10	 x10:0x00000000 f25=0x00000000
     436735.000 ns	     43672	800092ec	032e8533	mul	x10,x29,x18	 x29:0x00000000 x18:0x00000000 x10=0x00000000
     436765.000 ns	     43675	800092f0	e00a8153	fmv.x.w	x2,f21	 f21:0x23b3f000  x2=0x23b3f000
     436785.000 ns	     43677	800092f4	004a5813	srli	x16,x20,0x4	 x20:0x00000000 x16=0x00000000
     436825.000 ns	     43681	800092f8	0179c6d3	fadd.s	f13,f19,f23	 f19:0x00000000 f23:0x7fc00000 f13=0x7fc00000
     436845.000 ns	     43683	800092fc	000e0893	addi	x17,x28,0	 x28:0x00001000 x17=0x00001000
     436865.000 ns	     43685	80009300	02421933	mulh	x18,x4,x4	  x4:0x00000000  x4:0x00000000 x18=0x00000000
     436885.000 ns	     43687	80009304	00000013	addi	x0,x0,0	  x0:0x00000000
     436905.000 ns	     43689	80009308	a1a29753	flt.s	x14,f5,f26	  f5:0xd731d624 f26:0xd0b84e30 x14=0x00000001
     438085.000 ns	     43807	8000930c	5808f8d3	fsqrt.s	f17,f17	 f17:0x47b1d000 f17=0x4396dd24
     438105.000 ns	     43809	80009310	c68fbe13	sltiu	x28,x31,-920	 x31:0x80041024 x28=0x00000001
     438115.000 ns	     43810	80009314	00a27933	and	x18,x4,x10	  x4:0x00000000 x10:0x00000000 x18=0x00000000
     438475.000 ns	     43846	80009318	0353dc33	divu	x24,x7,x21	  x7:0x00000000 x21:0xfffe131a x24=0x00000000
     438505.000 ns	     43849	8000931c	21738953	fsgnj.s	f18,f7,f23	  f7:0x00000000 f23:0x7fc00000 f18=0x00000000
     438535.000 ns	     43852	80009320	021f4033	div	x0,x30,x1	 x30:0x00000471  x1:0x00000000
     438565.000 ns	     43855	80009324	a1d41753	flt.s	x14,f8,f29	  f8:0x42100000 f29:0x3f800000 x14=0x00000000
     438595.000 ns	     43858	80009328	a0d688d3	fle.s	x17,f13,f13	 f13:0x7fc00000 f13:0x7fc00000 x17=0x00000000
     438625.000 ns	     43861	8000932c	0272a333	mulhsu	x6,x5,x7	  x5:0xf0d585cf  x7:0x00000000  x6=0x00000000
     438965.000 ns	     43895	80009330	19dd1453	fdiv.s	f8,f26,f29	 f26:0xd0b84e30 f29:0x3f800000  f8=0xd0b84da0
     438995.000 ns	     43898	80009334	034f2b33	mulhsu	x22,x30,x20	 x30:0x00000471 x20:0x00000000 x22=0x00000000
     439025.000 ns	     43901	80009338	291510d3	fmax.s	f1,f10,f17	 f10:0x00000000 f17:0x4396dd24  f1=0x4396dd24
     439055.000 ns	     43904	8000933c	02343f33	mulhu	x30,x8,x3	  x8:0x00000001  x3:0x00000000 x30=0x00000000
     439095.000 ns	     43908	80009340	18164fd3	fdiv.s	f31,f12,f1	 f12:0x00000000  f1:0x4396dd24 f31=0x00000000
     439125.000 ns	     43911	80009344	219795d3	fsgnjn.s	f11,f15,f25	 f15:0x7f800000 f25:0x00000000 f11=0xff800000
     439155.000 ns	     43914	80009348	d007fad3	fcvt.s.w	f21,x15	 x15:0x00000000 f21=0x00000000
     439185.000 ns	     43917	8000934c	a1b32bd3	feq.s	x23,f6,f27	  f6:0x4f7ffe13 f27:0x4f000410 x23=0x00000000
     439205.000 ns	     43919	80009350	c84c2913	slti	x18,x24,-892	 x24:0x00000000 x18=0x00000000
     439225.000 ns	     43921	80009354	02efa933	mulhsu	x18,x31,x14	 x31:0x80041024 x14:0x00000000 x18=0x00000000
     439255.000 ns	     43924	80009358	a06d05d3	fle.s	x11,f26,f6	 f26:0xd0b84e30  f6:0x4f7ffe13 x11=0x00000001
     439275.000 ns	     43926	8000935c	00684db3	xor	x27,x16,x6	 x16:0x00000000  x6:0x00000000 x27=0x00000000
     439295.000 ns	     43928	80009360	c011fad3	fcvt.wu.s	x21,f3	  f3:0x00000000 x21=0x00000000
     439325.000 ns	     43931	80009364	02447bb3	remu	x23,x8,x4	  x8:0x00000001  x4:0x00000000 x23=0x00000001
     439345.000 ns	     43933	80009368	0093df33	srl	x30,x7,x9	  x7:0x00000000  x9:0x80040fe4 x30=0x00000000
     439365.000 ns	     43935	8000936c	e0058f53	fmv.x.w	x30,f11	 f11:0xff800000 x30=0xff800000
     439385.000 ns	     43937	80009370	0127a133	slt	x2,x15,x18	 x15:0x00000000 x18:0x00000000  x2=0x00000000
     439405.000 ns	     43939	80009374	d005f0d3	fcvt.s.w	f1,x11	 x11:0x00000001  f1=0x3f800000
     439425.000 ns	     43941	80009378	01319393	slli	x7,x3,0x13	  x3:0x00000000  x7=0x00000000
     439445.000 ns	     43943	8000937c	213d28d3	fsgnjx.s	f17,f26,f19	 f26:0xd0b84e30 f19:0x00000000 f17=0xd0b84e30
     439475.000 ns	     43946	80009380	a02108d3	fle.s	x17,f2,f2	  f2:0x00000000  f2:0x00000000 x17=0x00000001
     439495.000 ns	     43948	80009384	5b11a413	slti	x8,x3,1457	  x3:0x00000000  x8=0x00000001
     439515.000 ns	     43950	80009388	d00c7253	fcvt.s.w	f4,x24	 x24:0x00000000  f4=0x00000000
     439535.000 ns	     43952	8000938c	41bf58b3	sra	x17,x30,x27	 x30:0xff800000 x27:0x00000000 x17=0xff800000
     439545.000 ns	     43953	80009390	01051793	slli	x15,x10,0x10	 x10:0x00000000 x15=0x00000000
     439565.000 ns	     43955	80009394	28f007d3	fmin.s	f15,f0,f15	  f0:0x00000000 f15:0x7f800000 f15=0x00000000
     439585.000 ns	     43957	80009398	01e95733	srl	x14,x18,x30	 x18:0x00000000 x30:0xff800000 x14=0x00000000
     439625.000 ns	     43961	8000939c	084a0bd3	fsub.s	f23,f20,f4	 f20:0x00000000  f4:0x00000000 f23=0x80000000
     439645.000 ns	     43963	800093a0	b6d29c37	lui	x24,0xb6d29	 x24=0xb6d29000
     439655.000 ns	     43964	800093a4	01eefeb3	and	x29,x29,x30	 x29:0x00000000 x30:0xff800000 x29=0x00000000
     439675.000 ns	     43966	800093a8	a0771053	flt.s	x0,f14,f7	 f14:0x7fc00000  f7:0x00000000
     439725.000 ns	     43971	800093ac	013d86d3	fadd.s	f13,f27,f19	 f27:0x4f000410 f19:0x00000000 f13=0x4f000410
     439745.000 ns	     43973	800093b0	27940f13	addi	x30,x8,633	  x8:0x00000001 x30=0x0000027a
     439755.000 ns	     43974	800093b4	0059e433	or	x8,x19,x5	 x19:0x0000035b  x5:0xf0d585cf  x8=0xf0d587df
     439765.000 ns	     43975	800093b8	01bc55b3	srl	x11,x24,x27	 x24:0xb6d29000 x27:0x00000000 x11=0xb6d29000
     439775.000 ns	     43976	800093bc	005f9bb3	sll	x23,x31,x5	 x31:0x80041024  x5:0xf0d585cf x23=0x08120000
     439795.000 ns	     43978	800093c0	a19d1ad3	flt.s	x21,f26,f25	 f26:0xd0b84e30 f25:0x00000000 x21=0x00000001
     439825.000 ns	     43981	800093c4	20978f53	fsgnj.s	f30,f15,f9	 f15:0x00000000  f9:0xd0b84e30 f30=0x80000000
     439855.000 ns	     43984	800093c8	02797233	remu	x4,x18,x7	 x18:0x00000000  x7:0x00000000  x4=0x00000000
     439885.000 ns	     43987	800093cc	03ce8133	mul	x2,x29,x28	 x29:0x00000000 x28:0x00000001  x2=0x00000000
     439915.000 ns	     43990	800093d0	034b09b3	mul	x19,x22,x20	 x22:0x00000000 x20:0x00000000 x19=0x00000000
     439935.000 ns	     43992	800093d4	013276b3	and	x13,x4,x19	  x4:0x00000000 x19:0x0000035b x13=0x00000000
     439955.000 ns	     43994	800093d8	02fb00b3	mul	x1,x22,x15	 x22:0x00000000 x15:0x00000000  x1=0x00000000
     439975.000 ns	     43996	800093dc	01d40033	add	x0,x8,x29	  x8:0xf0d587df x29:0x00000000
     439995.000 ns	     43998	800093e0	21ee9053	fsgnjn.s	f0,f29,f30	 f29:0x3f800000 f30:0x80000000  f0=0x3f800000
     440015.000 ns	     44000	800093e4	41180333	sub	x6,x16,x17	 x16:0x00000000 x17:0xff800000  x6=0x00800000
     440025.000 ns	     44001	800093e8	012e2633	slt	x12,x28,x18	 x28:0x00000001 x18:0x00000000 x12=0x00000000
     440035.000 ns	     44002	800093ec	001fd8b3	srl	x17,x31,x1	 x31:0x80041024  x1:0x00000000 x17=0x80041024
     440045.000 ns	     44003	800093f0	c8d87e93	andi	x29,x16,-883	 x16:0x00000000 x29=0x00000000
     440055.000 ns	     44004	800093f4	4f38a537	lui	x10,0x4f38a	 x10=0x4f38a000
     440415.000 ns	     44040	800093f8	026e7bb3	remu	x23,x28,x6	 x28:0x00000001  x6:0x00800000 x23=0x00000001
     440445.000 ns	     44043	800093fc	20631153	fsgnjn.s	f2,f6,f6	  f6:0x4f7ffe13  f6:0x4f7ffe13  f2=0xcf7ffe13
     440465.000 ns	     44045	80009400	00abdab3	srl	x21,x23,x10	 x23:0x00000001 x10:0x4f38a000 x21=0x00000001
     440485.000 ns	     44047	80009404	281a1953	fmax.s	f18,f20,f1	 f20:0x00000000  f1:0x3f800000 f18=0x3f800000
     440515.000 ns	     44050	80009408	03a8d033	divu	x0,x17,x26	 x17:0x80041024 x26:0x00000000
     440545.000 ns	     44053	8000940c	0335eeb3	rem	x29,x11,x19	 x11:0xb6d29000 x19:0x00000000 x29=0xb6d29000
     440565.000 ns	     44055	80009410	01fb8cb3	add	x25,x23,x31	 x23:0x00000001 x31:0x80041024 x25=0x80041025
     440575.000 ns	     44056	80009414	f21bed13	ori	x26,x23,-223	 x23:0x00000001 x26=0xffffff21
     440595.000 ns	     44058	80009418	a19c8b53	fle.s	x22,f25,f25	 f25:0x00000000 f25:0x00000000 x22=0x00000001
     440625.000 ns	     44061	8000941c	a0ad18d3	flt.s	x17,f26,f10	 f26:0xd0b84e30 f10:0x00000000 x17=0x00000001
     440995.000 ns	     44098	80009420	03734033	div	x0,x6,x23	  x6:0x00800000 x23:0x00000001
     441015.000 ns	     44100	80009424	407f5593	srai	x11,x30,0x7	 x30:0x0000027a x11=0x00000004
     441025.000 ns	     44101	80009428	0024a6b3	slt	x13,x9,x2	  x9:0x80040fe4  x2:0x00000000 x13=0x00000001
     441035.000 ns	     44102	8000942c	007faf33	slt	x30,x31,x7	 x31:0x80041024  x7:0x00000000 x30=0x00000001
     441045.000 ns	     44103	80009430	00121733	sll	x14,x4,x1	  x4:0x00000000  x1:0x00000000 x14=0x00000000
     441065.000 ns	     44105	80009434	e00a99d3	fclass.s	x19,f21	 f21:0x00000000 x19=0x00000010
     441435.000 ns	     44142	80009438	02d35c33	divu	x24,x6,x13	  x6:0x00800000 x13:0x00000001 x24=0x00800000
     441465.000 ns	     44145	8000943c	03b75db3	divu	x27,x14,x27	 x14:0x00000000 x27:0x00000000 x27=0xffffffff
     441485.000 ns	     44147	80009440	0127fab3	and	x21,x15,x18	 x15:0x00000000 x18:0x00000000 x21=0x00000000
     441505.000 ns	     44149	80009444	0384ae33	mulhsu	x28,x9,x24	  x9:0x80040fe4 x24:0x00800000 x28=0xffc00207
     441535.000 ns	     44152	80009448	d010b653	fcvt.s.wu	f12,x1	  x1:0x00000000 f12=0x00000000
     441555.000 ns	     44154	8000944c	21d9e313	ori	x6,x19,541	 x19:0x00000010  x6=0x0000021d
     441565.000 ns	     44155	80009450	41758033	sub	x0,x11,x23	 x11:0x00000004 x23:0x00000001
     441575.000 ns	     44156	80009454	01bde733	or	x14,x27,x27	 x27:0xffffffff x27:0xffffffff x14=0xffffffff
     441585.000 ns	     44157	80009458	011fc933	xor	x18,x31,x17	 x31:0x80041024 x17:0x00000001 x18=0x80041025
     441615.000 ns	     44160	8000945c	11cb1a53	fmul.s	f20,f22,f28	 f22:0xd0b84e30 f28:0xfffffca7 f20=0x7fc00000
     441645.000 ns	     44163	80009460	217f09d3	fsgnj.s	f19,f30,f23	 f30:0x80000000 f23:0x80000000 f19=0x80000000
     441665.000 ns	     44165	80009464	6e55e713	ori	x14,x11,1765	 x11:0x00000004 x14=0x000006e5
     442025.000 ns	     44201	80009468	02a875b3	remu	x11,x16,x10	 x16:0x00000000 x10:0x4f38a000 x11=0x00000000
     442055.000 ns	     44204	8000946c	038da633	mulhsu	x12,x27,x24	 x27:0xffffffff x24:0x00800000 x12=0xffffffff
     442085.000 ns	     44207	80009470	29900ed3	fmin.s	f29,f0,f25	  f0:0x3f800000 f25:0x00000000 f29=0x00000000
     442105.000 ns	     44209	80009474	00cbd233	srl	x4,x23,x12	 x23:0x00000001 x12:0xffffffff  x4=0x00000000
     442115.000 ns	     44210	80009478	00bda733	slt	x14,x27,x11	 x27:0xffffffff x11:0x00000000 x14=0x00000001
     442475.000 ns	     44246	8000947c	0313d0b3	divu	x1,x7,x17	  x7:0x00000000 x17:0x00000001  x1=0x00000000
     442505.000 ns	     44249	80009480	2098afd3	fsgnjx.s	f31,f17,f9	 f17:0xd0b84e30  f9:0xd0b84e30 f31=0x50b84e30
     442545.000 ns	     44253	80009484	198526d3	fdiv.s	f13,f10,f24	 f10:0x00000000 f24:0x00000000 f13=0x7fc00000
     442565.000 ns	     44255	80009488	baa36113	ori	x2,x6,-1110	  x6:0x0000021d  x2=0xfffffbbf
     442585.000 ns	     44257	8000948c	023fbeb3	mulhu	x29,x31,x3	 x31:0x80041024  x3:0x00000000 x29=0x00000000
     442605.000 ns	     44259	80009490	016aa6b3	slt	x13,x21,x22	 x21:0x00000000 x22:0x00000001 x13=0x00000001
     442615.000 ns	     44260	80009494	018ff833	and	x16,x31,x24	 x31:0x80041024 x24:0x00800000 x16=0x00000000
     442635.000 ns	     44262	80009498	034ad8b3	divu	x17,x21,x20	 x21:0x00000000 x20:0x00000000 x17=0xffffffff
     442665.000 ns	     44265	8000949c	a1728153	fle.s	x2,f5,f23	  f5:0xd731d624 f23:0x80000000  x2=0x00000001
     442695.000 ns	     44268	800094a0	a01ba8d3	feq.s	x17,f23,f1	 f23:0x80000000  f1:0x3f800000 x17=0x00000000
     442715.000 ns	     44270	800094a4	fe53bb13	sltiu	x22,x7,-27	  x7:0x00000000 x22=0x00000001
     442725.000 ns	     44271	800094a8	01bc9593	slli	x11,x25,0x1b	 x25:0x80041025 x11=0x28000000
     442745.000 ns	     44273	800094ac	a07103d3	fle.s	x7,f2,f7	  f2:0xcf7ffe13  f7:0x00000000  x7=0x00000001
     442765.000 ns	     44275	800094b0	3f237593	andi	x11,x6,1010	  x6:0x0000021d x11=0x00000210
     442785.000 ns	     44277	800094b4	d01272d3	fcvt.s.wu	f5,x4	  x4:0x00000000  f5=0x00000000
     442815.000 ns	     44280	800094b8	e0000cd3	fmv.x.w	x25,f0	  f0:0x3f800000 x25=0x3f800000
     442835.000 ns	     44282	800094bc	019f5393	srli	x7,x30,0x19	 x30:0x00000001  x7=0x00000000
     442845.000 ns	     44283	800094c0	76ccf113	andi	x2,x25,1900	 x25:0x3f800000  x2=0x00000000
     442855.000 ns	     44284	800094c4	116a7193	andi	x3,x20,278	 x20:0x00000000  x3=0x00000000
     442875.000 ns	     44286	800094c8	a0720c53	fle.s	x24,f4,f7	  f4:0x00000000  f7:0x00000000 x24=0x00000001
     442895.000 ns	     44288	800094cc	82d78193	addi	x3,x15,-2003	 x15:0x00000000  x3=0xfffff82d
     442915.000 ns	     44290	800094d0	21f4a5d3	fsgnjx.s	f11,f9,f31	  f9:0xd0b84e30 f31:0x50b84e30 f11=0xd0b84e30
     442945.000 ns	     44293	800094d4	02663a33	mulhu	x20,x12,x6	 x12:0xffffffff  x6:0x0000021d x20=0x0000021c
     442975.000 ns	     44296	800094d8	d01a9f53	fcvt.s.wu	f30,x21	 x21:0x00000000 f30=0x00000000
     443005.000 ns	     44299	800094dc	e00695d3	fclass.s	x11,f13	 f13:0x7fc00000 x11=0x00000200
     443035.000 ns	     44302	800094e0	020e8c33	mul	x24,x29,x0	 x29:0x00000000  x0:0x00000000 x24=0x00000000
     443065.000 ns	     44305	800094e4	201629d3	fsgnjx.s	f19,f12,f1	 f12:0x00000000  f1:0x3f800000 f19=0x00000000
     443085.000 ns	     44307	800094e8	41465033	sra	x0,x12,x20	 x12:0xffffffff x20:0x0000021c
     443105.000 ns	     44309	800094ec	03896bb3	rem	x23,x18,x24	 x18:0x80041025 x24:0x00000000 x23=0x80041025
     443145.000 ns	     44313	800094f0	106483d3	fmul.s	f7,f9,f6	  f9:0xd0b84e30  f6:0x4f7ffe13  f7=0xe0b84ccd
     443175.000 ns	     44316	800094f4	28130ed3	fmin.s	f29,f6,f1	  f6:0x4f7ffe13  f1:0x3f800000 f29=0x3f800000
     443205.000 ns	     44319	800094f8	c01af753	fcvt.wu.s	x14,f21	 f21:0x00000000 x14=0x00000000
     443255.000 ns	     44324	800094fc	01ac89d3	fadd.s	f19,f25,f26	 f25:0x00000000 f26:0xd0b84e30 f19=0xd0b84e30
     443275.000 ns	     44326	80009500	01cfe433	or	x8,x31,x28	 x31:0x80041024 x28:0xffc00207  x8=0xffc41227
     443285.000 ns	     44327	80009504	0053d0b3	srl	x1,x7,x5	  x7:0x00000000  x5:0xf0d585cf  x1=0x00000000
     443295.000 ns	     44328	80009508	014315b3	sll	x11,x6,x20	  x6:0x0000021d x20:0x0000021c x11=0xd0000000
     443315.000 ns	     44330	8000950c	28ad9353	fmax.s	f6,f27,f10	 f27:0x4f000410 f10:0x00000000  f6=0x4f000410
     443335.000 ns	     44332	80009510	01207a33	and	x20,x0,x18	  x0:0x00000000 x18:0x80041025 x20=0x00000000
     443355.000 ns	     44334	80009514	e00b80d3	fmv.x.w	x1,f23	 f23:0x80000000  x1=0x80000000
     443375.000 ns	     44336	80009518	01072cb3	slt	x25,x14,x16	 x14:0x00000000 x16:0x00000000 x25=0x00000000
     443385.000 ns	     44337	8000951c	0140b833	sltu	x16,x1,x20	  x1:0x80000000 x20:0x00000000 x16=0x00000000
     443395.000 ns	     44338	80009520	55a6eb13	ori	x22,x13,1370	 x13:0x00000001 x22=0x0000055b
     443415.000 ns	     44340	80009524	21482453	fsgnjx.s	f8,f16,f20	 f16:0x00000000 f20:0x7fc00000  f8=0x00000000
     443445.000 ns	     44343	80009528	284f0ad3	fmin.s	f21,f30,f4	 f30:0x00000000  f4:0x00000000 f21=0x00000000
     443465.000 ns	     44345	8000952c	01dca633	slt	x12,x25,x29	 x25:0x00000000 x29:0x00000000 x12=0x00000000
     443475.000 ns	     44346	80009530	01490133	add	x2,x18,x20	 x18:0x80041025 x20:0x00000000  x2=0x80041025
     443485.000 ns	     44347	80009534	69016e17	auipc	x28,0x69016	 x28=0xe901f534
     443505.000 ns	     44349	80009538	0247fdb3	remu	x27,x15,x4	 x15:0x00000000  x4:0x00000000 x27=0x00000000
     443535.000 ns	     44352	8000953c	21ef9053	fsgnjn.s	f0,f31,f30	 f31:0x50b84e30 f30:0x00000000  f0=0xd0b84e30
     443555.000 ns	     44354	80009540	ea0775b7	lui	x11,0xea077	 x11=0xea077000
     443565.000 ns	     44355	80009544	404ad9b3	sra	x19,x21,x4	 x21:0x00000000  x4:0x00000000 x19=0x00000000
     443575.000 ns	     44356	80009548	007b8f33	add	x30,x23,x7	 x23:0x80041025  x7:0x00000000 x30=0x80041025
     443585.000 ns	     44357	8000954c	cc574893	xori	x17,x14,-827	 x14:0x00000000 x17=0xfffffcc5
     443605.000 ns	     44359	80009550	d00c7a53	fcvt.s.w	f20,x24	 x24:0x00000000 f20=0x00000000
     443635.000 ns	     44362	80009554	024bb133	mulhu	x2,x23,x4	 x23:0x80041025  x4:0x00000000  x2=0x00000000
     443685.000 ns	     44367	80009558	08fb7ed3	fsub.s	f29,f22,f15	 f22:0xd0b84e30 f15:0x00000000 f29=0xd0b84e30
     443705.000 ns	     44369	8000955c	8f143993	sltiu	x19,x8,-1807	  x8:0xffc41227 x19=0x00000001
     443715.000 ns	     44370	80009560	a1e56713	ori	x14,x10,-1506	 x10:0x4f38a000 x14=0xfffffa1e
     443735.000 ns	     44372	80009564	a07d1553	flt.s	x10,f26,f7	 f26:0xd0b84e30  f7:0xe0b84ccd x10=0x00000000
     444105.000 ns	     44409	80009568	03714bb3	div	x23,x2,x23	  x2:0x00000000 x23:0x80041025 x23=0x00000000
     444135.000 ns	     44412	8000956c	a0118053	fle.s	x0,f3,f1	  f3:0x00000000  f1:0x3f800000
     444155.000 ns	     44414	80009570	59f8af13	slti	x30,x17,1439	 x17:0xfffffcc5 x30=0x00000001
     444165.000 ns	     44415	80009574	0020d833	srl	x16,x1,x2	  x1:0x80000000  x2:0x00000000 x16=0x80000000
     444185.000 ns	     44417	80009578	03a93833	mulhu	x16,x18,x26	 x18:0x80041025 x26:0xffffff21 x16=0x80040fb5
     444215.000 ns	     44420	8000957c	027646b3	div	x13,x12,x7	 x12:0x00000000  x7:0x00000000 x13=0xffffffff
     444245.000 ns	     44423	80009580	201d21d3	fsgnjx.s	f3,f26,f1	 f26:0xd0b84e30  f1:0x3f800000  f3=0xd0b84e30
     444275.000 ns	     44426	80009584	a1309ed3	flt.s	x29,f1,f19	  f1:0x3f800000 f19:0xd0b84e30 x29=0x00000000
     444305.000 ns	     44429	80009588	03e11e33	mulh	x28,x2,x30	  x2:0x00000000 x30:0x00000001 x28=0x00000000
     444325.000 ns	     44431	8000958c	c8d33837	lui	x16,0xc8d33	 x16=0xc8d33000
     444355.000 ns	     44434	80009590	10787a53	fmul.s	f20,f16,f7	 f16:0x00000000  f7:0xe0b84ccd f20=0x80000000
     444385.000 ns	     44437	80009594	c013c953	fcvt.wu.s	x18,f7	  f7:0xe0b84ccd x18=0x00000000
     444405.000 ns	     44439	80009598	74960093	addi	x1,x12,1865	 x12:0x00000000  x1=0x00000749
     444415.000 ns	     44440	8000959c	9200ec93	ori	x25,x1,-1760	  x1:0x80000000 x25=0xffffff69
     444435.000 ns	     44442	800095a0	a1548553	fle.s	x10,f9,f21	  f9:0xd0b84e30 f21:0x00000000 x10=0x00000001
     444465.000 ns	     44445	800095a4	c0087353	fcvt.w.s	x6,f16	 f16:0x00000000  x6=0x00000000
     444495.000 ns	     44448	800095a8	20ef15d3	fsgnjn.s	f11,f30,f14	 f30:0x00000000 f14:0x7fc00000 f11=0x80000000
     444865.000 ns	     44485	800095ac	02a17cb3	remu	x25,x2,x10	  x2:0x00000000 x10:0x00000001 x25=0x00000000
     444885.000 ns	     44487	800095b0	001220b3	slt	x1,x4,x1	  x4:0x00000000  x1:0x00000749  x1=0x00000001
     444895.000 ns	     44488	800095b4	adb16513	ori	x10,x2,-1317	  x2:0x00000000 x10=0xfffffadb
     444915.000 ns	     44490	800095b8	02559233	mulh	x4,x11,x5	 x11:0xea077000  x5:0xf0d585cf  x4=0x014d35b4
     444945.000 ns	     44493	800095bc	c0077853	fcvt.w.s	x16,f14	 f14:0x7fc00000 x16=0x7fffffff
     444975.000 ns	     44496	800095c0	f00385d3	fmv.w.x	f11,x7	  x7:0x00000000 f11=0x00000000
     445005.000 ns	     44499	800095c4	a0681e53	flt.s	x28,f16,f6	 f16:0x00000000  f6:0x4f000410 x28=0x00000001
     445035.000 ns	     44502	800095c8	a07828d3	feq.s	x17,f16,f7	 f16:0x00000000  f7:0xe0b84ccd x17=0x00000000
     445405.000 ns	     44539	800095cc	02be5233	divu	x4,x28,x11	 x28:0x00000001 x11:0xea077000  x4=0x00000000
     445425.000 ns	     44541	800095d0	00694a33	xor	x20,x18,x6	 x18:0x00000000  x6:0x00000000 x20=0x00000000
     445445.000 ns	     44543	800095d4	204f9053	fsgnjn.s	f0,f31,f4	 f31:0x50b84e30  f4:0x00000000  f0=0xd0b84e30
     445475.000 ns	     44546	800095d8	024b5433	divu	x8,x22,x4	 x22:0x0000055b  x4:0x00000000  x8=0xffffffff
     445505.000 ns	     44549	800095dc	037e0333	mul	x6,x28,x23	 x28:0x00000001 x23:0x00000000  x6=0x00000000
     445525.000 ns	     44551	800095e0	28bffe93	andi	x29,x31,651	 x31:0x80041024 x29=0x00000000
     445545.000 ns	     44553	800095e4	29721553	fmax.s	f10,f4,f23	  f4:0x00000000 f23:0x80000000 f10=0x00000000
     445565.000 ns	     44555	800095e8	001e5b93	srli	x23,x28,0x1	 x28:0x00000001 x23=0x00000000
     445895.000 ns	     44588	800095ec	186488d3	fdiv.s	f17,f9,f6	  f9:0xd0b84e30  f6:0x4f000410 f17=0xc0b84e30
     445935.000 ns	     44592	800095f0	5808f153	fsqrt.s	f2,f17	 f17:0xd0b84e30  f2=0x7fc00000
     445965.000 ns	     44595	800095f4	03048033	mul	x0,x9,x16	  x9:0x80040fe4 x16:0x7fffffff
     445995.000 ns	     44598	800095f8	03390633	mul	x12,x18,x19	 x18:0x00000000 x19:0x00000001 x12=0x00000000
     446025.000 ns	     44601	800095fc	02489cb3	mulh	x25,x17,x4	 x17:0x00000000  x4:0x00000000 x25=0x00000000
     446045.000 ns	     44603	80009600	013a1533	sll	x10,x20,x19	 x20:0x00000000 x19:0x00000001 x10=0x00000000
     446055.000 ns	     44604	80009604	21746993	ori	x19,x8,535	  x8:0xffffffff x19=0xffffffff
     446065.000 ns	     44605	80009608	00da1613	slli	x12,x20,0xd	 x20:0x00000000 x12=0x00000000
     446085.000 ns	     44607	8000960c	d011fdd3	fcvt.s.wu	f27,x3	  x3:0xfffff82d f27=0x4f7ffff8
     446115.000 ns	     44610	80009610	c01d93d3	fcvt.wu.s	x7,f27	 f27:0x4f000410  x7=0xfffff800
     446165.000 ns	     44615	80009614	08937f53	fsub.s	f30,f6,f9	  f6:0x4f000410  f9:0xd0b84e30 f30=0x50c84eb2
     446205.000 ns	     44619	80009618	1134f153	fmul.s	f2,f9,f19	  f9:0xd0b84e30 f19:0xd0b84e30  f2=0x6204b07d
     446225.000 ns	     44621	8000961c	00e38c33	add	x24,x7,x14	  x7:0xfffff800 x14:0xfffffa1e x24=0xfffff21e
     446245.000 ns	     44623	80009620	031bc9b3	div	x19,x23,x17	 x23:0x00000000 x17:0x00000000 x19=0xffffffff
     446275.000 ns	     44626	80009624	03b4f7b3	remu	x15,x9,x27	  x9:0x80040fe4 x27:0x00000000 x15=0x80040fe4
     446295.000 ns	     44628	80009628	92750d97	auipc	x27,0x92750	 x27=0x12759628
     446315.000 ns	     44630	8000962c	020060b3	rem	x1,x0,x0	  x0:0x00000000  x0:0x00000000  x1=0x00000000
     446335.000 ns	     44632	80009630	ab828093	addi	x1,x5,-1352	  x5:0xf0d585cf  x1=0xf0d58087
     446355.000 ns	     44634	80009634	21c71a53	fsgnjn.s	f20,f14,f28	 f14:0x7fc00000 f28:0xfffffca7 f20=0x7fc00000
     446385.000 ns	     44637	80009638	f00c03d3	fmv.w.x	f7,x24	 x24:0xfffff21e  f7=0xfffff21e
     446425.000 ns	     44641	8000963c	10722b53	fmul.s	f22,f4,f7	  f4:0x00000000  f7:0xe0b84ccd f22=0x7fc00000
     446455.000 ns	     44644	80009640	e0050953	fmv.x.w	x18,f10	 f10:0x00000000 x18=0x00000000
     446485.000 ns	     44647	80009644	c00b2353	fcvt.w.s	x6,f22	 f22:0x7fc00000  x6=0x7fffffff
     446515.000 ns	     44650	80009648	a1f39ad3	flt.s	x21,f7,f31	  f7:0xfffff21e f31:0x50b84e30 x21=0x00000000
     446535.000 ns	     44652	8000964c	00645693	srli	x13,x8,0x6	  x8:0xffffffff x13=0x03ffffff
     446545.000 ns	     44653	80009650	40008f33	sub	x30,x1,x0	  x1:0xf0d58087  x0:0x00000000 x30=0xf0d58087
     446565.000 ns	     44655	80009654	28259553	fmax.s	f10,f11,f2	 f11:0x00000000  f2:0x6204b07d f10=0x6204b07d
     446585.000 ns	     44657	80009658	2885cf37	lui	x30,0x2885c	 x30=0x2885c000
     446605.000 ns	     44659	8000965c	29628953	fmin.s	f18,f5,f22	  f5:0x00000000 f22:0x7fc00000 f18=0x00000000
     446625.000 ns	     44661	80009660	00f40433	add	x8,x8,x15	  x8:0xffffffff x15:0x80040fe4  x8=0x80040fe3
     446655.000 ns	     44664	80009664	1077b253	fmul.s	f4,f15,f7	 f15:0x00000000  f7:0xfffff21e  f4=0x7fc00000
     446675.000 ns	     44666	80009668	009fa9b3	slt	x19,x31,x9	 x31:0x80041024  x9:0x80040fe4 x19=0x00000000
     446695.000 ns	     44668	8000966c	e00d8553	fmv.x.w	x10,f27	 f27:0x4f7ffff8 x10=0x4f7ffff8
     446725.000 ns	     44671	80009670	a0dd11d3	flt.s	x3,f26,f13	 f26:0xd0b84e30 f13:0x7fc00000  x3=0x00000000
     446745.000 ns	     44673	80009674	00b6e9b3	or	x19,x13,x11	 x13:0x03ffffff x11:0xea077000 x19=0xebffffff
     446765.000 ns	     44675	80009678	e00b01d3	fmv.x.w	x3,f22	 f22:0x7fc00000  x3=0x7fc00000
     446795.000 ns	     44678	8000967c	0204de33	divu	x28,x9,x0	  x9:0x80040fe4  x0:0x00000000 x28=0xffffffff
     446835.000 ns	     44682	80009680	18f3a2d3	fdiv.s	f5,f7,f15	  f7:0xfffff21e f15:0x00000000  f5=0x7fc00000
     446855.000 ns	     44684	80009684	01c17ab3	and	x21,x2,x28	  x2:0x00000000 x28:0xffffffff x21=0x00000000
     446865.000 ns	     44685	80009688	000db6b3	sltu	x13,x27,x0	 x27:0x12759628  x0:0x00000000 x13=0x00000000
     446885.000 ns	     44687	8000968c	20580f53	fsgnj.s	f30,f16,f5	 f16:0x00000000  f5:0x7fc00000 f30=0x00000000
     446915.000 ns	     44690	80009690	03560433	mul	x8,x12,x21	 x12:0x00000000 x21:0x00000000  x8=0x00000000
     446945.000 ns	     44693	80009694	a01f9053	flt.s	x0,f31,f1	 f31:0x50b84e30  f1:0x3f800000
     446965.000 ns	     44695	80009698	c01aa613	slti	x12,x21,-1023	 x21:0x00000000 x12=0x00000000
     446975.000 ns	     44696	8000969c	a714ab13	slti	x22,x9,-1423	  x9:0x80040fe4 x22=0x00000001
     446995.000 ns	     44698	800096a0	c0110853	fcvt.wu.s	x16,f2	  f2:0x6204b07d x16=0xffffffff
     447025.000 ns	     44701	800096a4	f00806d3	fmv.w.x	f13,x16	 x16:0x7fffffff f13=0xffffffff
     447065.000 ns	     44705	800096a8	5807fd53	fsqrt.s	f26,f15	 f15:0x00000000 f26=0x00000000
     447085.000 ns	     44707	800096ac	182e0993	addi	x19,x28,386	 x28:0xffffffff x19=0x00000181
     447095.000 ns	     44708	800096b0	ff7cb513	sltiu	x10,x25,-9	 x25:0x00000000 x10=0x00000001
     447115.000 ns	     44710	800096b4	21a81953	fsgnjn.s	f18,f16,f26	 f16:0x00000000 f26:0x00000000 f18=0x80000000
     447145.000 ns	     44713	800096b8	0228dd33	divu	x26,x17,x2	 x17:0x00000000  x2:0x00000000 x26=0xffffffff
     447165.000 ns	     44715	800096bc	0026bd33	sltu	x26,x13,x2	 x13:0x00000000  x2:0x00000000 x26=0x00000000
     447205.000 ns	     44719	800096c0	09f7fcd3	fsub.s	f25,f15,f31	 f15:0x00000000 f31:0x50b84e30 f25=0xd0b84e30
     447235.000 ns	     44722	800096c4	d0152253	fcvt.s.wu	f4,x10	 x10:0x00000001  f4=0x3f800000
     447255.000 ns	     44724	800096c8	41fddc13	srai	x24,x27,0x1f	 x27:0x12759628 x24=0x00000000
     447265.000 ns	     44725	800096cc	41528d33	sub	x26,x5,x21	  x5:0xf0d585cf x21:0x00000000 x26=0xf0d585cf
     447275.000 ns	     44726	800096d0	ff8dc793	xori	x15,x27,-8	 x27:0x12759628 x15=0xed8a69d0
     447285.000 ns	     44727	800096d4	0052d433	srl	x8,x5,x5	  x5:0xf0d585cf  x5:0xf0d585cf  x8=0x0001e1ab
     447305.000 ns	     44729	800096d8	a0f58d53	fle.s	x26,f11,f15	 f11:0x00000000 f15:0x00000000 x26=0x00000001
     447355.000 ns	     44734	800096dc	018e7953	fadd.s	f18,f28,f24	 f28:0xfffffca7 f24:0x00000000 f18=0x7fc00000
     447375.000 ns	     44736	800096e0	01374233	xor	x4,x14,x19	 x14:0xfffffa1e x19:0x00000181  x4=0xfffffb9f
     447735.000 ns	     44772	800096e4	03bfd3b3	divu	x7,x31,x27	 x31:0x80041024 x27:0x12759628  x7=0x00000006
     448105.000 ns	     44809	800096e8	03a850b3	divu	x1,x16,x26	 x16:0xffffffff x26:0x00000001  x1=0xffffffff
     448125.000 ns	     44811	800096ec	40995a93	srai	x21,x18,0x9	 x18:0x00000000 x21=0x00000000
     448145.000 ns	     44813	800096f0	c01b41d3	fcvt.wu.s	x3,f22	 f22:0x7fc00000  x3=0xffffffff
     448165.000 ns	     44815	800096f4	ca6be093	ori	x1,x23,-858	 x23:0x00000000  x1=0xfffffca6
     448175.000 ns	     44816	800096f8	41ed5013	srai	x0,x26,0x1e	 x26:0x00000001
     448185.000 ns	     44817	800096fc	00861e33	sll	x28,x12,x8	 x12:0x00000000  x8:0x0001e1ab x28=0x00000000
     448195.000 ns	     44818	80009700	00dd0533	add	x10,x26,x13	 x26:0x00000001 x13:0x00000000 x10=0x00000001
     448215.000 ns	     44820	80009704	a0708a53	fle.s	x20,f1,f7	  f1:0x3f800000  f7:0xfffff21e x20=0x00000000
     448245.000 ns	     44823	80009708	a0d7ab53	feq.s	x22,f15,f13	 f15:0x00000000 f13:0xffffffff x22=0x00000000
     448265.000 ns	     44825	8000970c	40848ab3	sub	x21,x9,x8	  x9:0x80040fe4  x8:0x0001e1ab x21=0x80022e39
     448285.000 ns	     44827	80009710	f00180d3	fmv.w.x	f1,x3	  x3:0xffffffff  f1=0xffffffff
     448335.000 ns	     44832	80009714	0804fed3	fsub.s	f29,f9,f0	  f9:0xd0b84e30  f0:0xd0b84e30 f29=0x00000000
     448355.000 ns	     44834	80009718	00f25613	srli	x12,x4,0xf	  x4:0xfffffb9f x12=0x0001ffff
     448365.000 ns	     44835	8000971c	01b59b33	sll	x22,x11,x27	 x11:0xea077000 x27:0x12759628 x22=0x07700000
     448385.000 ns	     44837	80009720	e00d8c53	fmv.x.w	x24,f27	 f27:0x4f7ffff8 x24=0x4f7ffff8
     448415.000 ns	     44840	80009724	a16e2cd3	feq.s	x25,f28,f22	 f28:0xfffffca7 f22:0x7fc00000 x25=0x00000000
     448435.000 ns	     44842	80009728	7068a313	slti	x6,x17,1798	 x17:0x00000000  x6=0x00000001
     448455.000 ns	     44844	8000972c	20348953	fsgnj.s	f18,f9,f3	  f9:0xd0b84e30  f3:0xd0b84e30 f18=0xd0b84e30
     448485.000 ns	     44847	80009730	03ee1e33	mulh	x28,x28,x30	 x28:0x00000000 x30:0x2885c000 x28=0x00000000
     448505.000 ns	     44849	80009734	101b7693	andi	x13,x22,257	 x22:0x07700000 x13=0x00000000
     448515.000 ns	     44850	80009738	f1592613	slti	x12,x18,-235	 x18:0x00000000 x12=0x00000000
     448525.000 ns	     44851	8000973c	00da0a33	add	x20,x20,x13	 x20:0x00000000 x13:0x00000000 x20=0x00000000
     448885.000 ns	     44887	80009740	03f75db3	divu	x27,x14,x31	 x14:0xfffffa1e x31:0x80041024 x27=0x00000001
     449255.000 ns	     44924	80009744	028fe433	rem	x8,x31,x8	 x31:0x80041024  x8:0x0001e1ab  x8=0xfffee47b
     449275.000 ns	     44926	80009748	d49195b7	lui	x11,0xd4919	 x11=0xd4919000
     449295.000 ns	     44928	8000974c	a1582853	feq.s	x16,f16,f21	 f16:0x00000000 f21:0x00000000 x16=0x00000001
     449325.000 ns	     44931	80009750	d0167253	fcvt.s.wu	f4,x12	 x12:0x00000000  f4=0x00000000
     449365.000 ns	     44935	80009754	580726d3	fsqrt.s	f13,f14	 f14:0x7fc00000 f13=0x7fc00000
     449395.000 ns	     44938	80009758	20d09bd3	fsgnjn.s	f23,f1,f13	  f1:0xffffffff f13:0xffffffff f23=0xffffffff
     449415.000 ns	     44940	8000975c	17cf4713	xori	x14,x30,380	 x30:0x2885c000 x14=0x2885c17c
     449425.000 ns	     44941	80009760	82b8b513	sltiu	x10,x17,-2005	 x17:0x00000000 x10=0x00000001
     449445.000 ns	     44943	80009764	02def6b3	remu	x13,x29,x13	 x29:0x00000000 x13:0x00000000 x13=0x00000000
     449815.000 ns	     44980	80009768	025a49b3	div	x19,x20,x5	 x20:0x00000000  x5:0xf0d585cf x19=0x00000000
     449835.000 ns	     44982	8000976c	3a27c837	lui	x16,0x3a27c	 x16=0x3a27c000
     449855.000 ns	     44984	80009770	c01537d3	fcvt.wu.s	x15,f10	 f10:0x6204b07d x15=0xffffffff
     449885.000 ns	     44987	80009774	20188a53	fsgnj.s	f20,f17,f1	 f17:0xc0b84e30  f1:0xffffffff f20=0xc0b84e30
     449905.000 ns	     44989	80009778	219ca313	slti	x6,x25,537	 x25:0x00000000  x6=0x00000001
     449915.000 ns	     44990	8000977c	ac672013	slti	x0,x14,-1338	 x14:0x2885c17c
     449925.000 ns	     44991	80009780	408c0e33	sub	x28,x24,x8	 x24:0x4f7ffff8  x8:0xfffee47b x28=0x4f811b7d
     449945.000 ns	     44993	80009784	d0017553	fcvt.s.w	f10,x2	  x2:0x00000000 f10=0x00000000
     449965.000 ns	     44995	80009788	016aa933	slt	x18,x21,x22	 x21:0x80022e39 x22:0x07700000 x18=0x00000001
     449975.000 ns	     44996	8000978c	c1084093	xori	x1,x16,-1008	 x16:0x3a27c000  x1=0xc5d83c10
     449985.000 ns	     44997	80009790	ae242813	slti	x16,x8,-1310	  x8:0xfffee47b x16=0x00000001
     451155.000 ns	     45114	80009794	580fa053	fsqrt.s	f0,f31	 f31:0x50b84e30  f0=0x481997fd
     451175.000 ns	     45116	80009798	411b5693	srai	x13,x22,0x11	 x22:0x07700000 x13=0x000003b8
     451195.000 ns	     45118	8000979c	211faad3	fsgnjx.s	f21,f31,f17	 f31:0x50b84e30 f17:0xc0b84e30 f21=0xd0b84e30
     451235.000 ns	     45122	800097a0	1071b2d3	fmul.s	f5,f3,f7	  f3:0xd0b84e30  f7:0xfffff21e  f5=0x7fc00000
     451255.000 ns	     45124	800097a4	0197db93	srli	x23,x15,0x19	 x15:0xffffffff x23=0x0000007f
     451265.000 ns	     45125	800097a8	41215033	sra	x0,x2,x18	  x2:0x00000000 x18:0x00000001
     451285.000 ns	     45127	800097ac	d011fdd3	fcvt.s.wu	f27,x3	  x3:0xffffffff f27=0x4f7fffff
     451305.000 ns	     45129	800097b0	53384e93	xori	x29,x16,1331	 x16:0x00000001 x29=0x00000532
     451315.000 ns	     45130	800097b4	25d71d17	auipc	x26,0x25d71	 x26=0xa5d7a7b4
     451335.000 ns	     45132	800097b8	02beab33	mulhsu	x22,x29,x11	 x29:0x00000000 x11:0xd4919000 x22=0x00000450
     451355.000 ns	     45134	800097bc	019dd393	srli	x7,x27,0x19	 x27:0x00000001  x7=0x00000000
     451375.000 ns	     45136	800097c0	28f79253	fmax.s	f4,f15,f15	 f15:0x00000000 f15:0x00000000  f4=0x00000000
     451745.000 ns	     45173	800097c4	02ae5633	divu	x12,x28,x10	 x28:0x4f811b7d x10:0x00000001 x12=0x4f811b7d
     451775.000 ns	     45176	800097c8	037f0eb3	mul	x29,x30,x23	 x30:0x2885c000 x23:0x0000007f x29=0x1a5a4000
     451805.000 ns	     45179	800097cc	20d609d3	fsgnj.s	f19,f12,f13	 f12:0x00000000 f13:0x7fc00000 f19=0x00000000
     451835.000 ns	     45182	800097d0	03828d33	mul	x26,x5,x24	  x5:0xf0d585cf x24:0x4f7ffff8 x26=0x41d3d188
     451855.000 ns	     45184	800097d4	010c9813	slli	x16,x25,0x10	 x25:0x00000000 x16=0x00000000
     451865.000 ns	     45185	800097d8	00000013	addi	x0,x0,0	  x0:0x00000000
     451905.000 ns	     45189	800097dc	096f7053	fsub.s	f0,f30,f22	 f30:0x00000000 f22:0x7fc00000  f0=0x7fc00000
     451925.000 ns	     45191	800097e0	018e1cb3	sll	x25,x28,x24	 x28:0x4f811b7d x24:0x4f7ffff8 x25=0x7d000000
     451935.000 ns	     45192	800097e4	00aa26b3	slt	x13,x20,x10	 x20:0x00000000 x10:0x00000001 x13=0x00000001
     451955.000 ns	     45194	800097e8	d00310d3	fcvt.s.w	f1,x6	  x6:0x00000001  f1=0x3f800000
     452325.000 ns	     45231	800097ec	03db7033	remu	x0,x22,x29	 x22:0x00000450 x29:0x1a5a4000
     452345.000 ns	     45233	800097f0	01bef333	and	x6,x29,x27	 x29:0x1a5a4000 x27:0x00000001  x6=0x00000000
     452365.000 ns	     45235	800097f4	f0028e53	fmv.w.x	f28,x5	  x5:0xf0d585cf f28=0xf0d585cf
     452385.000 ns	     45237	800097f8	01a9adb3	slt	x27,x19,x26	 x19:0x00000000 x26:0x41d3d188 x27=0x00000001
     452395.000 ns	     45238	800097fc	00d539b3	sltu	x19,x10,x13	 x10:0x00000001 x13:0x00000001 x19=0x00000000
     452415.000 ns	     45240	80009800	29c48a53	fmin.s	f20,f9,f28	  f9:0xd0b84e30 f28:0xf0d585cf f20=0xf0d585cf
     452445.000 ns	     45243	80009804	d016fad3	fcvt.s.wu	f21,x13	 x13:0x00000001 f21=0x3f800000
     452475.000 ns	     45246	80009808	21e69c53	fsgnjn.s	f24,f13,f30	 f13:0x7fc00000 f30:0x00000000 f24=0xffc00000
     452495.000 ns	     45248	8000980c	e6683693	sltiu	x13,x16,-410	 x16:0x00000000 x13=0x00000001
     452505.000 ns	     45249	80009810	401f5433	sra	x8,x30,x1	 x30:0x2885c000  x1:0xc5d83c10  x8=0x00002885
     452515.000 ns	     45250	80009814	b39c7813	andi	x16,x24,-1223	 x24:0x4f7ffff8 x16=0x4f7ffb38
     452875.000 ns	     45286	80009818	0324f7b3	remu	x15,x9,x18	  x9:0x80040fe4 x18:0x00000001 x15=0x00000000
     452895.000 ns	     45288	8000981c	01647f33	and	x30,x8,x22	  x8:0x00002885 x22:0x00000450 x30=0x00000000
     452915.000 ns	     45290	80009820	a08f09d3	fle.s	x19,f30,f8	 f30:0x00000000  f8:0x00000000 x19=0x00000001
     452935.000 ns	     45292	80009824	0191a233	slt	x4,x3,x25	  x3:0xffffffff x25:0x7d000000  x4=0x00000001
     453295.000 ns	     45328	80009828	02855033	divu	x0,x10,x8	 x10:0x00000001  x8:0x00002885
     453325.000 ns	     45331	8000982c	02b8b133	mulhu	x2,x17,x11	 x17:0x00000000 x11:0xd4919000  x2=0x00000000
     453355.000 ns	     45334	80009830	20c217d3	fsgnjn.s	f15,f4,f12	  f4:0x00000000 f12:0x00000000 f15=0x80000000
     453375.000 ns	     45336	80009834	00e54d33	xor	x26,x10,x14	 x10:0x00000001 x14:0x2885c17c x26=0x2885c17d
     453385.000 ns	     45337	80009838	00fb8133	add	x2,x23,x15	 x23:0x0000007f x15:0x00000000  x2=0x0000007f
     453405.000 ns	     45339	8000983c	c01d7753	fcvt.wu.s	x14,f26	 f26:0x00000000 x14=0x00000000
     453425.000 ns	     45341	80009840	004f9713	slli	x14,x31,0x4	 x31:0x80041024 x14=0x00410240
     453445.000 ns	     45343	80009844	f00d8d53	fmv.w.x	f26,x27	 x27:0x00000001 f26=0x00000001
     453815.000 ns	     45380	80009848	03aec9b3	div	x19,x29,x26	 x29:0x1a5a4000 x26:0x2885c17d x19=0x00000000
     453835.000 ns	     45382	8000984c	00d8beb3	sltu	x29,x17,x13	 x17:0x00000000 x13:0x00000001 x29=0x00000001
     453845.000 ns	     45383	80009850	e4b270b7	lui	x1,0xe4b27	  x1=0xe4b27000
     453855.000 ns	     45384	80009854	2413cd93	xori	x27,x7,577	  x7:0x00000000 x27=0x00000241
     453875.000 ns	     45386	80009858	a18a2053	feq.s	x0,f20,f24	 f20:0xf0d585cf f24:0xffc00000
     453905.000 ns	     45389	8000985c	28910b53	fmin.s	f22,f2,f9	  f2:0x6204b07d  f9:0xd0b84e30 f22=0xd0b84e30
     453935.000 ns	     45392	80009860	d012f7d3	fcvt.s.wu	f15,x5	  x5:0xf0d585cf f15=0x4f70d585
     453975.000 ns	     45396	80009864	19dc7a53	fdiv.s	f20,f24,f29	 f24:0xffc00000 f29:0x00000000 f20=0x7fc00000
     454005.000 ns	     45399	80009868	e0078f53	fmv.x.w	x30,f15	 f15:0x4f70d585 x30=0x4f70d585
     454035.000 ns	     45402	8000986c	a09a9753	flt.s	x14,f21,f9	 f21:0x3f800000  f9:0xd0b84e30 x14=0x00000000
     454055.000 ns	     45404	80009870	012b1433	sll	x8,x22,x18	 x22:0x00000450 x18:0x00000001  x8=0x000008a0
     454075.000 ns	     45406	80009874	f00706d3	fmv.w.x	f13,x14	 x14:0x00000000 f13=0x00000000
     454445.000 ns	     45443	80009878	028fd8b3	divu	x17,x31,x8	 x31:0x80041024  x8:0x00002885 x17=0x000ed7a8
     454815.000 ns	     45480	8000987c	03bed433	divu	x8,x29,x27	 x29:0x00000001 x27:0x00000241  x8=0x00000000
     454835.000 ns	     45482	80009880	013b5533	srl	x10,x22,x19	 x22:0x00000450 x19:0x00000000 x10=0x00000450
     454845.000 ns	     45483	80009884	1fe28b13	addi	x22,x5,510	  x5:0xf0d585cf x22=0xf0d587cd
     454865.000 ns	     45485	80009888	20149f53	fsgnjn.s	f30,f9,f1	  f9:0xd0b84e30  f1:0x3f800000 f30=0xd0b84e30
     456045.000 ns	     45603	8000988c	5807cc53	fsqrt.s	f24,f15	 f15:0x4f70d585 f24=0x472a4b92
     456065.000 ns	     45605	80009890	002b9e33	sll	x28,x23,x2	 x23:0x0000007f  x2:0x0000007f x28=0x80000000
     456425.000 ns	     45641	80009894	031bceb3	div	x29,x23,x17	 x23:0x0000007f x17:0x000ed7a8 x29=0x00000000
     456465.000 ns	     45645	80009898	18a17e53	fdiv.s	f28,f2,f10	  f2:0x6204b07d f10:0x00000000 f28=0x7f800000
     456485.000 ns	     45647	8000989c	00269193	slli	x3,x13,0x2	 x13:0x00000001  x3=0x00000004
     456495.000 ns	     45648	800098a0	6bb52613	slti	x12,x10,1723	 x10:0x00000450 x12=0x00000001
     456515.000 ns	     45650	800098a4	d0010dd3	fcvt.s.w	f27,x2	  x2:0x0000007f f27=0x42fe0000
     456535.000 ns	     45652	800098a8	009f4333	xor	x6,x30,x9	 x30:0x4f70d585  x9:0x80040fe4  x6=0xcf74da61
     456545.000 ns	     45653	800098ac	0c3ea393	slti	x7,x29,195	 x29:0x00000000  x7=0x00000001
     456905.000 ns	     45689	800098b0	02c87633	remu	x12,x16,x12	 x16:0x4f7ffb38 x12:0x00000001 x12=0x00000000
     456925.000 ns	     45691	800098b4	d3d2f393	andi	x7,x5,-707	  x5:0xf0d585cf  x7=0xf0d5850d
     456935.000 ns	     45692	800098b8	01995d13	srli	x26,x18,0x19	 x18:0x00000001 x26=0x00000000
     456945.000 ns	     45693	800098bc	248df1b7	lui	x3,0x248df	  x3=0x248df000
     456965.000 ns	     45695	800098c0	20901bd3	fsgnjn.s	f23,f0,f9	  f0:0x7fc00000  f9:0xd0b84e30 f23=0x7fc00000
     456985.000 ns	     45697	800098c4	00eeaf33	slt	x30,x29,x14	 x29:0x00000000 x14:0x00000000 x30=0x00000000
     456995.000 ns	     45698	800098c8	01bfeeb3	or	x29,x31,x27	 x31:0x80041024 x27:0x00000241 x29=0x80041265
     457005.000 ns	     45699	800098cc	4050d233	sra	x4,x1,x5	  x1:0xe4b27000  x5:0xf0d585cf  x4=0xffffc964
     457015.000 ns	     45700	800098d0	be6a1937	lui	x18,0xbe6a1	 x18=0xbe6a1000
     457025.000 ns	     45701	800098d4	01bf89b3	add	x19,x31,x27	 x31:0x80041024 x27:0x00000241 x19=0x80041265
     457385.000 ns	     45737	800098d8	039551b3	divu	x3,x10,x25	 x10:0x00000450 x25:0x7d000000  x3=0x00000000
     457405.000 ns	     45739	800098dc	0063e833	or	x16,x7,x6	  x7:0xf0d5850d  x6:0xcf74da61 x16=0xfff5df6d
     457425.000 ns	     45741	800098e0	21b70bd3	fsgnj.s	f23,f14,f27	 f14:0x7fc00000 f27:0x42fe0000 f23=0x7fc00000
     457445.000 ns	     45743	800098e4	00854133	xor	x2,x10,x8	 x10:0x00000450  x8:0x00000000  x2=0x00000450
     457485.000 ns	     45747	800098e8	015e04d3	fadd.s	f9,f28,f21	 f28:0x7f800000 f21:0x3f800000  f9=0x7f800000
     457505.000 ns	     45749	800098ec	01d55513	srli	x10,x10,0x1d	 x10:0x00000450 x10=0x00000000
     457525.000 ns	     45751	800098f0	21898dd3	fsgnj.s	f27,f19,f24	 f19:0x00000000 f24:0x472a4b92 f27=0x00000000
     457575.000 ns	     45756	800098f4	0991f053	fsub.s	f0,f3,f25	  f3:0xd0b84e30 f25:0xd0b84e30  f0=0x00000000
     457595.000 ns	     45758	800098f8	015385b3	add	x11,x7,x21	  x7:0xf0d5850d x21:0x80022e39 x11=0x70d7b346
     457625.000 ns	     45761	800098fc	580bf953	fsqrt.s	f18,f23	 f23:0x7fc00000 f18=0x7fc00000
     457645.000 ns	     45763	80009900	40f65b13	srai	x22,x12,0xf	 x12:0x00000000 x22=0x00000000
     457655.000 ns	     45764	80009904	0197ddb3	srl	x27,x15,x25	 x15:0x00000000 x25:0x7d000000 x27=0x00000000
     457665.000 ns	     45765	80009908	013e1a93	slli	x21,x28,0x13	 x28:0x80000000 x21=0x00000000
     457675.000 ns	     45766	8000990c	0010f7b3	and	x15,x1,x1	  x1:0xe4b27000  x1:0xe4b27000 x15=0xe4b27000
     457705.000 ns	     45769	80009910	58074353	fsqrt.s	f6,f14	 f14:0x7fc00000  f6=0x7fc00000
     457735.000 ns	     45772	80009914	c002f9d3	fcvt.w.s	x19,f5	  f5:0x7fc00000 x19=0x7fffffff
     457765.000 ns	     45775	80009918	212124d3	fsgnjx.s	f9,f2,f18	  f2:0x6204b07d f18:0x7fc00000  f9=0x6204b07d
     457795.000 ns	     45778	8000991c	0238b733	mulhu	x14,x17,x3	 x17:0x000ed7a8  x3:0x00000000 x14=0x00000000
     457825.000 ns	     45781	80009920	280b9fd3	fmax.s	f31,f23,f0	 f23:0x7fc00000  f0:0x00000000 f31=0x00000000
     457855.000 ns	     45784	80009924	20a12153	fsgnjx.s	f2,f2,f10	  f2:0x6204b07d f10:0x00000000  f2=0x6204b07d
     457895.000 ns	     45788	80009928	18ca46d3	fdiv.s	f13,f20,f12	 f20:0x7fc00000 f12:0x00000000 f13=0x7fc00000
     457925.000 ns	     45791	8000992c	038b3933	mulhu	x18,x22,x24	 x22:0x00000000 x24:0x4f7ffff8 x18=0x00000000
     457945.000 ns	     45793	80009930	411bd933	sra	x18,x23,x17	 x23:0x0000007f x17:0x000ed7a8 x18=0x00000000
     457965.000 ns	     45795	80009934	e00e0b53	fmv.x.w	x22,f28	 f28:0x7f800000 x22=0x7f800000
     457995.000 ns	     45798	80009938	0351e133	rem	x2,x3,x21	  x3:0x00000000 x21:0x00000000  x2=0x00000000
     458015.000 ns	     45800	8000993c	908c2893	slti	x17,x24,-1784	 x24:0x4f7ffff8 x17=0x00000000
     458025.000 ns	     45801	80009940	00000013	addi	x0,x0,0	  x0:0x00000000
     458045.000 ns	     45803	80009944	e00e98d3	fclass.s	x17,f29	 f29:0x00000000 x17=0x00000010
     458065.000 ns	     45805	80009948	d4023793	sltiu	x15,x4,-704	  x4:0xffffc964 x15=0x00000001
     458105.000 ns	     45809	8000994c	00510a53	fadd.s	f20,f2,f5	  f2:0x6204b07d  f5:0x7fc00000 f20=0x7fc00000
     458135.000 ns	     45812	80009950	2105a8d3	fsgnjx.s	f17,f11,f16	 f11:0x00000000 f16:0x00000000 f17=0x00000000
     458155.000 ns	     45814	80009954	062caa13	slti	x20,x25,98	 x25:0x7d000000 x20=0x00000000
     458175.000 ns	     45816	80009958	21610353	fsgnj.s	f6,f2,f22	  f2:0x6204b07d f22:0xd0b84e30  f6=0xe204b07d
     458195.000 ns	     45818	8000995c	00a4a1b3	slt	x3,x9,x10	  x9:0x80040fe4 x10:0x00000000  x3=0x00000001
     458205.000 ns	     45819	80009960	00000013	addi	x0,x0,0	  x0:0x00000000
     458215.000 ns	     45820	80009964	00397633	and	x12,x18,x3	 x18:0x00000000  x3:0x00000000 x12=0x00000000
     458235.000 ns	     45822	80009968	02eefeb3	remu	x29,x29,x14	 x29:0x80041265 x14:0x00000000 x29=0x80041265
     458265.000 ns	     45825	8000996c	c01a7e53	fcvt.wu.s	x28,f20	 f20:0x7fc00000 x28=0xffffffff
     458635.000 ns	     45862	80009970	02615033	divu	x0,x2,x6	  x2:0x00000000  x6:0xcf74da61
     458655.000 ns	     45864	80009974	00791eb3	sll	x29,x18,x7	 x18:0x00000000  x7:0xf0d5850d x29=0x00000000
     458665.000 ns	     45865	80009978	7e0d7037	lui	x0,0x7e0d7	
     458685.000 ns	     45867	8000997c	20678453	fsgnj.s	f8,f15,f6	 f15:0x4f70d585  f6:0xe204b07d  f8=0xcf70d585
     458705.000 ns	     45869	80009980	00e1ec33	or	x24,x3,x14	  x3:0x00000001 x14:0x00000000 x24=0x00000001
     458715.000 ns	     45870	80009984	00ca2d33	slt	x26,x20,x12	 x20:0x00000000 x12:0x00000000 x26=0x00000000
     458725.000 ns	     45871	80009988	0092ccb3	xor	x25,x5,x9	  x5:0xf0d585cf  x9:0x80040fe4 x25=0x70d18a2b
     458735.000 ns	     45872	8000998c	45c89317	auipc	x6,0x45c89	  x6=0xc5c9298c
     458755.000 ns	     45874	80009990	a0f00453	fle.s	x8,f0,f15	  f0:0x00000000 f15:0x4f70d585  x8=0x00000001
     458775.000 ns	     45876	80009994	00767b33	and	x22,x12,x7	 x12:0x00000000  x7:0xf0d5850d x22=0x00000000
     458805.000 ns	     45879	80009998	18757f53	fdiv.s	f30,f10,f7	 f10:0x00000000  f7:0xfffff21e f30=0x7fc00000
     459175.000 ns	     45916	8000999c	03c4d633	divu	x12,x9,x28	  x9:0x80040fe4 x28:0xffffffff x12=0x00000000
     459225.000 ns	     45921	800099a0	08f2b2d3	fsub.s	f5,f5,f15	  f5:0x7fc00000 f15:0x4f70d585  f5=0x7fc00000
     459245.000 ns	     45923	800099a4	44de1eb7	lui	x29,0x44de1	 x29=0x44de1000
     459275.000 ns	     45926	800099a8	11fa3fd3	fmul.s	f31,f20,f31	 f20:0x7fc00000 f31:0x00000000 f31=0x7fc00000
     459295.000 ns	     45928	800099ac	00276333	or	x6,x14,x2	 x14:0x00000000  x2:0x00000000  x6=0x00000000
     459315.000 ns	     45930	800099b0	213b19d3	fsgnjn.s	f19,f22,f19	 f22:0xd0b84e30 f19:0x00000000 f19=0xd0b84e30
     459345.000 ns	     45933	800099b4	a09800d3	fle.s	x1,f16,f9	 f16:0x00000000  f9:0x6204b07d  x1=0x00000001
     459375.000 ns	     45936	800099b8	03e71033	mulh	x0,x14,x30	 x14:0x00000000 x30:0x00000000
     459745.000 ns	     45973	800099bc	0332f7b3	remu	x15,x5,x19	  x5:0xf0d585cf x19:0x7fffffff x15=0x70d585d0
     459775.000 ns	     45976	800099c0	02f91633	mulh	x12,x18,x15	 x18:0x00000000 x15:0x00000001 x12=0x00000000
     459795.000 ns	     45978	800099c4	73b90a93	addi	x21,x18,1851	 x18:0x00000000 x21=0x0000073b
     459815.000 ns	     45980	800099c8	29b987d3	fmin.s	f15,f19,f27	 f19:0xd0b84e30 f27:0x00000000 f15=0xd0b84e30
     459835.000 ns	     45982	800099cc	40700e33	sub	x28,x0,x7	  x0:0x00000000  x7:0xf0d5850d x28=0x0f2a7af3
     459845.000 ns	     45983	800099d0	01b240b3	xor	x1,x4,x27	  x4:0xffffc964 x27:0x00000000  x1=0xffffc964
     459865.000 ns	     45985	800099d4	2054a1d3	fsgnjx.s	f3,f9,f5	  f9:0x6204b07d  f5:0x7fc00000  f3=0x6204b07d
     459885.000 ns	     45987	800099d8	41905613	srai	x12,x0,0x19	  x0:0x00000000 x12=0x00000000
     459895.000 ns	     45988	800099dc	d67dce13	xori	x28,x27,-665	 x27:0x00000000 x28=0xfffffd67
     459915.000 ns	     45990	800099e0	20f42953	fsgnjx.s	f18,f8,f15	  f8:0xcf70d585 f15:0xd0b84e30 f18=0x4f70d585
     459935.000 ns	     45992	800099e4	003cbb33	sltu	x22,x25,x3	 x25:0x70d18a2b  x3:0x00000001 x22=0x00000000
     459945.000 ns	     45993	800099e8	013c58b3	srl	x17,x24,x19	 x24:0x00000001 x19:0x7fffffff x17=0x00000000
     459955.000 ns	     45994	800099ec	008961b3	or	x3,x18,x8	 x18:0x00000000  x8:0x00000001  x3=0x00000001
     459965.000 ns	     45995	800099f0	00589d13	slli	x26,x17,0x5	 x17:0x00000010 x26=0x00000000
     459985.000 ns	     45997	800099f4	21dd9d53	fsgnjn.s	f26,f27,f29	 f27:0x00000000 f29:0x00000000 f26=0x80000000
     460005.000 ns	     45999	800099f8	571f8b13	addi	x22,x31,1393	 x31:0x80041024 x22=0x80041595
     460025.000 ns	     46001	800099fc	20ec8753	fsgnj.s	f14,f25,f14	 f25:0xd0b84e30 f14:0x7fc00000 f14=0x50b84e30
     460045.000 ns	     46003	80009a00	85278993	addi	x19,x15,-1966	 x15:0x70d585d0 x19=0x70d57e22
     460065.000 ns	     46005	80009a04	213f9ad3	fsgnjn.s	f21,f31,f19	 f31:0x7fc00000 f19:0xd0b84e30 f21=0x7fc00000
     460435.000 ns	     46042	80009a08	039ddd33	divu	x26,x27,x25	 x27:0x00000000 x25:0x70d18a2b x26=0x00000000
     460455.000 ns	     46044	80009a0c	01ec10b3	sll	x1,x24,x30	 x24:0x00000001 x30:0x00000000  x1=0x00000001
     460465.000 ns	     46045	80009a10	00bbb433	sltu	x8,x23,x11	 x23:0x0000007f x11:0x70d7b346  x8=0x00000001
     460485.000 ns	     46047	80009a14	c0142f53	fcvt.wu.s	x30,f8	  f8:0xcf70d585 x30=0xf0d58500
     460515.000 ns	     46050	80009a18	d001f6d3	fcvt.s.w	f13,x3	  x3:0x00000001 f13=0x3f800000
     460545.000 ns	     46053	80009a1c	21f62fd3	fsgnjx.s	f31,f12,f31	 f12:0x00000000 f31:0x7fc00000 f31=0x00000000
     460575.000 ns	     46056	80009a20	029598b3	mulh	x17,x11,x9	 x11:0x70d7b346  x9:0x80040fe4 x17=0xc795f0bc
     460595.000 ns	     46058	80009a24	01d85ab3	srl	x21,x16,x29	 x16:0xfff5df6d x29:0x44de1000 x21=0xfff5df6d
     460615.000 ns	     46060	80009a28	a0a70dd3	fle.s	x27,f14,f10	 f14:0x50b84e30 f10:0x00000000 x27=0x00000000
     460645.000 ns	     46063	80009a2c	a07006d3	fle.s	x13,f0,f7	  f0:0x00000000  f7:0xfffff21e x13=0x00000000
     460675.000 ns	     46066	80009a30	29f80753	fmin.s	f14,f16,f31	 f16:0x00000000 f31:0x00000000 f14=0x00000000
     460705.000 ns	     46069	80009a34	03593bb3	mulhu	x23,x18,x21	 x18:0x00000000 x21:0xfff5df6d x23=0x00000000
     460725.000 ns	     46071	80009a38	41fcd1b3	sra	x3,x25,x31	 x25:0x70d18a2b x31:0x80041024  x3=0x070d18a2
     460765.000 ns	     46075	80009a3c	008090d3	fadd.s	f1,f1,f8	  f1:0x3f800000  f8:0xcf70d585  f1=0xcf70d584
     460785.000 ns	     46077	80009a40	16512f13	slti	x30,x2,357	  x2:0x00000000 x30=0x00000001
     460825.000 ns	     46081	80009a44	01faf9d3	fadd.s	f19,f21,f31	 f21:0x7fc00000 f31:0x00000000 f19=0x7fc00000
     461195.000 ns	     46118	80009a48	02934733	div	x14,x6,x9	  x6:0x00000000  x9:0x80040fe4 x14=0x00000000
     461225.000 ns	     46121	80009a4c	e0068bd3	fmv.x.w	x23,f13	 f13:0x3f800000 x23=0x3f800000
     461255.000 ns	     46124	80009a50	020111b3	mulh	x3,x2,x0	  x2:0x00000000  x0:0x00000000  x3=0x00000000
     461275.000 ns	     46126	80009a54	01b2d713	srli	x14,x5,0x1b	  x5:0xf0d585cf x14=0x0000001e
     461295.000 ns	     46128	80009a58	020ae433	rem	x8,x21,x0	 x21:0xfff5df6d  x0:0x00000000  x8=0xfff5df6d
     461315.000 ns	     46130	80009a5c	410cdc33	sra	x24,x25,x16	 x25:0x70d18a2b x16:0xfff5df6d x24=0x0003868c
     461325.000 ns	     46131	80009a60	0128e533	or	x10,x17,x18	 x17:0xc795f0bc x18:0x00000000 x10=0xc795f0bc
     461345.000 ns	     46133	80009a64	2080afd3	fsgnjx.s	f31,f1,f8	  f1:0xcf70d584  f8:0xcf70d585 f31=0x4f70d584
     461365.000 ns	     46135	80009a68	01a11eb3	sll	x29,x2,x26	  x2:0x00000000 x26:0x00000000 x29=0x00000000
     461385.000 ns	     46137	80009a6c	a1df01d3	fle.s	x3,f30,f29	 f30:0x7fc00000 f29:0x00000000  x3=0x00000000
     461405.000 ns	     46139	80009a70	41f2d893	srai	x17,x5,0x1f	  x5:0xf0d585cf x17=0xffffffff
     461425.000 ns	     46141	80009a74	a1538dd3	fle.s	x27,f7,f21	  f7:0xfffff21e f21:0x7fc00000 x27=0x00000000
     461445.000 ns	     46143	80009a78	01cb0ab3	add	x21,x22,x28	 x22:0x80041595 x28:0xfffffd67 x21=0x800412fc
     461455.000 ns	     46144	80009a7c	40a40cb3	sub	x25,x8,x10	  x8:0xfff5df6d x10:0xc795f0bc x25=0x385feeb1
     461465.000 ns	     46145	80009a80	18024093	xori	x1,x4,384	  x4:0xffffc964  x1=0xffffc8e4
     461475.000 ns	     46146	80009a84	1873ac93	slti	x25,x7,391	  x7:0xf0d5850d x25=0x00000001
     461485.000 ns	     46147	80009a88	cb24f713	andi	x14,x9,-846	  x9:0x80040fe4 x14=0x80040ca0
     461495.000 ns	     46148	80009a8c	00174eb3	xor	x29,x14,x1	 x14:0x0000001e  x1:0xffffc8e4 x29=0x7ffbc444
     461505.000 ns	     46149	80009a90	4101d813	srai	x16,x3,0x10	  x3:0x00000000 x16=0x00000000
     461545.000 ns	     46153	80009a94	09e230d3	fsub.s	f1,f4,f30	  f4:0x00000000 f30:0x7fc00000  f1=0x7fc00000
     461575.000 ns	     46156	80009a98	a0951853	flt.s	x16,f10,f9	 f10:0x00000000  f9:0x6204b07d x16=0x00000001
     461605.000 ns	     46159	80009a9c	f00500d3	fmv.w.x	f1,x10	 x10:0xc795f0bc  f1=0xc795f0bc
     461655.000 ns	     46164	80009aa0	086971d3	fsub.s	f3,f18,f6	 f18:0x4f70d585  f6:0xe204b07d  f3=0x6204b07d
     461685.000 ns	     46167	80009aa4	c01a4b53	fcvt.wu.s	x22,f20	 f20:0x7fc00000 x22=0xffffffff
     461725.000 ns	     46171	80009aa8	113c4ad3	fmul.s	f21,f24,f19	 f24:0x472a4b92 f19:0x7fc00000 f21=0x7fc00000
     461755.000 ns	     46174	80009aac	d00f3053	fcvt.s.w	f0,x30	 x30:0x00000001  f0=0x3f800000
     461775.000 ns	     46176	80009ab0	00000013	addi	x0,x0,0	  x0:0x00000000
     461815.000 ns	     46180	80009ab4	0084a153	fadd.s	f2,f9,f8	  f9:0x6204b07d  f8:0xcf70d585  f2=0x6204b07c
     461845.000 ns	     46183	80009ab8	2138a853	fsgnjx.s	f16,f17,f19	 f17:0x00000000 f19:0x7fc00000 f16=0x00000000
     461865.000 ns	     46185	80009abc	00e15793	srli	x15,x2,0xe	  x2:0x00000000 x15=0x00000000
     461875.000 ns	     46186	80009ac0	d1b48093	addi	x1,x9,-741	  x9:0x80040fe4  x1=0x80040cff
     461885.000 ns	     46187	80009ac4	75247913	andi	x18,x8,1874	  x8:0xfff5df6d x18=0x00000740
     461915.000 ns	     46190	80009ac8	11d57053	fmul.s	f0,f10,f29	 f10:0x00000000 f29:0x00000000  f0=0x00000000
     461945.000 ns	     46193	80009acc	a1062453	feq.s	x8,f12,f16	 f12:0x00000000 f16:0x00000000  x8=0x00000001
     461975.000 ns	     46196	80009ad0	d0059e53	fcvt.s.w	f28,x11	 x11:0x70d7b346 f28=0x4ee1af66
     461995.000 ns	     46198	80009ad4	00ff15b3	sll	x11,x30,x15	 x30:0x00000001 x15:0x00000000 x11=0x00000001
     462005.000 ns	     46199	80009ad8	0197e5b3	or	x11,x15,x25	 x15:0x00000000 x25:0x00000001 x11=0x00000001
     462015.000 ns	     46200	80009adc	01a2cbb3	xor	x23,x5,x26	  x5:0xf0d585cf x26:0x00000000 x23=0xf0d585cf
     462035.000 ns	     46202	80009ae0	207385d3	fsgnj.s	f11,f7,f7	  f7:0xfffff21e  f7:0xfffff21e f11=0xfffff21e
     462065.000 ns	     46205	80009ae4	28dd8d53	fmin.s	f26,f27,f13	 f27:0x00000000 f13:0x3f800000 f26=0x00000000
     462095.000 ns	     46208	80009ae8	20ba8653	fsgnj.s	f12,f21,f11	 f21:0x7fc00000 f11:0xfffff21e f12=0xffc00000
     462125.000 ns	     46211	80009aec	03703db3	mulhu	x27,x0,x23	  x0:0x00000000 x23:0xf0d585cf x27=0x00000000
     462155.000 ns	     46214	80009af0	a126abd3	feq.s	x23,f13,f18	 f13:0x3f800000 f18:0x4f70d585 x23=0x00000000
     462185.000 ns	     46217	80009af4	29949d53	fmax.s	f26,f9,f25	  f9:0x6204b07d f25:0xd0b84e30 f26=0x6204b07d
     463365.000 ns	     46335	80009af8	580e72d3	fsqrt.s	f5,f28	 f28:0x4ee1af66  f5=0x4729f6bc
     463395.000 ns	     46338	80009afc	20858853	fsgnj.s	f16,f11,f8	 f11:0xfffff21e  f8:0xcf70d585 f16=0xfffff21e
     463415.000 ns	     46340	80009b00	0165d833	srl	x16,x11,x22	 x11:0x00000001 x22:0xffffffff x16=0x00000000
     463425.000 ns	     46341	80009b04	00fdb8b3	sltu	x17,x27,x15	 x27:0x00000000 x15:0x00000000 x17=0x00000000
     463435.000 ns	     46342	80009b08	00659333	sll	x6,x11,x6	 x11:0x00000001  x6:0x00000000  x6=0x00000001
     463445.000 ns	     46343	80009b0c	6460cb93	xori	x23,x1,1606	  x1:0x80040cff x23=0x80040ab9
     463475.000 ns	     46346	80009b10	580077d3	fsqrt.s	f15,f0	  f0:0x00000000 f15=0x00000000
     463505.000 ns	     46349	80009b14	c015fc53	fcvt.wu.s	x24,f11	 f11:0xfffff21e x24=0xffffffff
     463535.000 ns	     46352	80009b18	a1ac9853	flt.s	x16,f25,f26	 f25:0xd0b84e30 f26:0x6204b07d x16=0x00000001
     463555.000 ns	     46354	80009b1c	41575e13	srai	x28,x14,0x15	 x14:0x80040ca0 x28=0xfffffc00
     463575.000 ns	     46356	80009b20	031c8bb3	mul	x23,x25,x17	 x25:0x00000001 x17:0x00000000 x23=0x00000000
     463605.000 ns	     46359	80009b24	211da2d3	fsgnjx.s	f5,f27,f17	 f27:0x00000000 f17:0x00000000  f5=0x00000000
     463625.000 ns	     46361	80009b28	8fb25637	lui	x12,0x8fb25	 x12=0x8fb25000
     463645.000 ns	     46363	80009b2c	d00224d3	fcvt.s.w	f9,x4	  x4:0xffffc964  f9=0xc65a7000
     463675.000 ns	     46366	80009b30	c00173d3	fcvt.w.s	x7,f2	  f2:0x6204b07c  x7=0x7fffffff
     463695.000 ns	     46368	80009b34	0085c5b3	xor	x11,x11,x8	 x11:0x00000001  x8:0x00000001 x11=0x00000000
     463715.000 ns	     46370	80009b38	294d9553	fmax.s	f10,f27,f20	 f27:0x00000000 f20:0x7fc00000 f10=0x00000000
     463745.000 ns	     46373	80009b3c	c01e9cd3	fcvt.wu.s	x25,f29	 f29:0x00000000 x25=0x00000000
     464085.000 ns	     46407	80009b40	1964f0d3	fdiv.s	f1,f9,f22	  f9:0xc65a7000 f22:0xd0b84e30  f1=0x34da7000
     464105.000 ns	     46409	80009b44	406ed6b3	sra	x13,x29,x6	 x29:0x7ffbc444  x6:0x00000001 x13=0x3ffde222
     464125.000 ns	     46411	80009b48	280c9c53	fmax.s	f24,f25,f0	 f25:0xd0b84e30  f0:0x00000000 f24=0x00000000
     464495.000 ns	     46448	80009b4c	024d4f33	div	x30,x26,x4	 x26:0x00000000  x4:0xffffc964 x30=0x00000000
     464515.000 ns	     46450	80009b50	bab88413	addi	x8,x17,-1109	 x17:0x00000000  x8=0xfffffbab
     464535.000 ns	     46452	80009b54	d00f4353	fcvt.s.w	f6,x30	 x30:0x00000000  f6=0x00000000
     464565.000 ns	     46455	80009b58	e00b8353	fmv.x.w	x6,f23	 f23:0x7fc00000  x6=0x7fc00000
     464605.000 ns	     46459	80009b5c	58063c53	fsqrt.s	f24,f12	 f12:0xffc00000 f24=0x7fc00000
     464635.000 ns	     46462	80009b60	a08e1bd3	flt.s	x23,f28,f8	 f28:0x4ee1af66  f8:0xcf70d585 x23=0x00000000
     464655.000 ns	     46464	80009b64	6afe2813	slti	x16,x28,1711	 x28:0xfffffc00 x16=0x00000001
     464675.000 ns	     46466	80009b68	02e1b433	mulhu	x8,x3,x14	  x3:0x00000000 x14:0x80040ca0  x8=0x00000000
     464695.000 ns	     46468	80009b6c	009a47b3	xor	x15,x20,x9	 x20:0x00000000  x9:0x80040fe4 x15=0x80040fe4
     464715.000 ns	     46470	80009b70	298a9153	fmax.s	f2,f21,f24	 f21:0x7fc00000 f24:0x7fc00000  f2=0x7fc00000
     464745.000 ns	     46473	80009b74	20c59f53	fsgnjn.s	f30,f11,f12	 f11:0xfffff21e f12:0xffc00000 f30=0x7ffff21e
     464765.000 ns	     46475	80009b78	00110733	add	x14,x2,x1	  x2:0x00000000  x1:0x80040cff x14=0x80040cff
     464775.000 ns	     46476	80009b7c	00787d33	and	x26,x16,x7	 x16:0x00000001  x7:0x7fffffff x26=0x00000001
     464795.000 ns	     46478	80009b80	e00301d3	fmv.x.w	x3,f6	  f6:0x00000000  x3=0x00000000
     464815.000 ns	     46480	80009b84	40498133	sub	x2,x19,x4	 x19:0x70d57e22  x4:0xffffc964  x2=0x70d5b4be
     464855.000 ns	     46484	80009b88	01e93a53	fadd.s	f20,f18,f30	 f18:0x4f70d585 f30:0x7ffff21e f20=0x7fc00000
     464875.000 ns	     46486	80009b8c	0cdb3393	sltiu	x7,x22,205	 x22:0xffffffff  x7=0x00000000
     465205.000 ns	     46519	80009b90	19c90253	fdiv.s	f4,f18,f28	 f18:0x4f70d585 f28:0x4ee1af66  f4=0x3ff0d586
     465225.000 ns	     46521	80009b94	008d3a33	sltu	x20,x26,x8	 x26:0x00000001  x8:0x00000000 x20=0x00000000
     465245.000 ns	     46523	80009b98	c01d0d53	fcvt.wu.s	x26,f26	 f26:0x6204b07d x26=0xffffffff
     465265.000 ns	     46525	80009b9c	00429893	slli	x17,x5,0x4	  x5:0xf0d585cf x17=0x0d585cf0
     465275.000 ns	     46526	80009ba0	008e6633	or	x12,x28,x8	 x28:0xfffffc00  x8:0x00000000 x12=0xfffffc00
     465285.000 ns	     46527	80009ba4	00645b93	srli	x23,x8,0x6	  x8:0x00000000 x23=0x00000000
     465305.000 ns	     46529	80009ba8	20629cd3	fsgnjn.s	f25,f5,f6	  f5:0x00000000  f6:0x00000000 f25=0x80000000
     465325.000 ns	     46531	80009bac	001a23b3	slt	x7,x20,x1	 x20:0x00000000  x1:0x80040cff  x7=0x00000000
     465345.000 ns	     46533	80009bb0	a06b8dd3	fle.s	x27,f23,f6	 f23:0x7fc00000  f6:0x00000000 x27=0x00000000
     465375.000 ns	     46536	80009bb4	02d427b3	mulhsu	x15,x8,x13	  x8:0x00000000 x13:0x3ffde222 x15=0x00000000
     465405.000 ns	     46539	80009bb8	0373cab3	div	x21,x7,x23	  x7:0x00000000 x23:0x00000000 x21=0xffffffff
     465445.000 ns	     46543	80009bbc	1949c153	fdiv.s	f2,f19,f20	 f19:0x7fc00000 f20:0x7fc00000  f2=0x7fc00000
     465475.000 ns	     46546	80009bc0	207f0fd3	fsgnj.s	f31,f30,f7	 f30:0x7ffff21e  f7:0xfffff21e f31=0xfffff21e
     465515.000 ns	     46550	80009bc4	196fff53	fdiv.s	f30,f31,f22	 f31:0x4f70d584 f22:0xd0b84e30 f30=0x7fc00000
     465565.000 ns	     46555	80009bc8	089470d3	fsub.s	f1,f8,f9	  f8:0xcf70d585  f9:0xc65a7000  f1=0xcf70d54e
     465585.000 ns	     46557	80009bcc	009f7433	and	x8,x30,x9	 x30:0x00000000  x9:0x80040fe4  x8=0x00000000
     465595.000 ns	     46558	80009bd0	011d53b3	srl	x7,x26,x17	 x26:0xffffffff x17:0x0d585cf0  x7=0x0000ffff
     465615.000 ns	     46560	80009bd4	e00e1a53	fclass.s	x20,f28	 f28:0x4ee1af66 x20=0x00000040
     465635.000 ns	     46562	80009bd8	a5d00093	addi	x1,x0,-1443	  x0:0x00000000  x1=0xfffffa5d
     465645.000 ns	     46563	80009bdc	35610013	addi	x0,x2,854	  x2:0x70d5b4be
     465655.000 ns	     46564	80009be0	0144df33	srl	x30,x9,x20	  x9:0x80040fe4 x20:0x00000040 x30=0x80040fe4
     465665.000 ns	     46565	80009be4	3e450513	addi	x10,x10,996	 x10:0xc795f0bc x10=0xc795f4a0
     465675.000 ns	     46566	80009be8	82bf6013	ori	x0,x30,-2005	 x30:0x00000000
     465685.000 ns	     46567	80009bec	b7322a93	slti	x21,x4,-1165	  x4:0xffffc964 x21=0x00000001
     465705.000 ns	     46569	80009bf0	c00d3d53	fcvt.w.s	x26,f26	 f26:0x6204b07d x26=0x7fffffff
     465725.000 ns	     46571	80009bf4	0a6b5d97	auipc	x27,0xa6b5	 x27=0x8a6bebf4
     465745.000 ns	     46573	80009bf8	c00e75d3	fcvt.w.s	x11,f28	 f28:0x4ee1af66 x11=0x70d7b300
     465765.000 ns	     46575	80009bfc	01c7ee33	or	x28,x15,x28	 x15:0x00000000 x28:0xfffffc00 x28=0xfffffc00
     465785.000 ns	     46577	80009c00	28b896d3	fmax.s	f13,f17,f11	 f17:0x00000000 f11:0xfffff21e f13=0x00000000
     466155.000 ns	     46614	80009c04	029d6d33	rem	x26,x26,x9	 x26:0x7fffffff  x9:0x80040fe4 x26=0x00040fe3
     466175.000 ns	     46616	80009c08	01e09413	slli	x8,x1,0x1e	  x1:0xfffffa5d  x8=0x40000000
     466535.000 ns	     46652	80009c0c	03dc61b3	rem	x3,x24,x29	 x24:0xffffffff x29:0x7ffbc444  x3=0xffffffff
     466565.000 ns	     46655	80009c10	e00c11d3	fclass.s	x3,f24	 f24:0x7fc00000  x3=0x00000200
     466585.000 ns	     46657	80009c14	fcf10d13	addi	x26,x2,-49	  x2:0x70d5b4be x26=0x70d5b48d
     466605.000 ns	     46659	80009c18	d01e7953	fcvt.s.wu	f18,x28	 x28:0xfffffc00 f18=0x4f7ffffc
     466635.000 ns	     46662	80009c1c	d01dfa53	fcvt.s.wu	f20,x27	 x27:0x8a6bebf4 f20=0x4f0a6beb
     466665.000 ns	     46665	80009c20	c0062e53	fcvt.w.s	x28,f12	 f12:0xffc00000 x28=0x7fffffff
     466685.000 ns	     46667	80009c24	00b04133	xor	x2,x0,x11	  x0:0x00000000 x11:0x70d7b300  x2=0x70d7b300
     466695.000 ns	     46668	80009c28	01ba2cb3	slt	x25,x20,x27	 x20:0x00000040 x27:0x8a6bebf4 x25=0x00000000
     466705.000 ns	     46669	80009c2c	00533833	sltu	x16,x6,x5	  x6:0x7fc00000  x5:0xf0d585cf x16=0x00000001
     466725.000 ns	     46671	80009c30	c012c253	fcvt.wu.s	x4,f5	  f5:0x00000000  x4=0x00000000
     466745.000 ns	     46673	80009c34	6d69ec93	ori	x25,x19,1750	 x19:0x70d57e22 x25=0x70d57ef6
     466785.000 ns	     46677	80009c38	09052d53	fsub.s	f26,f10,f16	 f10:0x00000000 f16:0xfffff21e f26=0x7fc00000
     466805.000 ns	     46679	80009c3c	8d1f8693	addi	x13,x31,-1839	 x31:0x80041024 x13=0x800408f5
     466825.000 ns	     46681	80009c40	20112cd3	fsgnjx.s	f25,f2,f1	  f2:0x7fc00000  f1:0xcf70d54e f25=0xffc00000
     466845.000 ns	     46683	80009c44	db20eb13	ori	x22,x1,-590	  x1:0xfffffa5d x22=0xffffffff
     466855.000 ns	     46684	80009c48	00d4f6b3	and	x13,x9,x13	  x9:0x80040fe4 x13:0x800408f5 x13=0x800408e4
     466875.000 ns	     46686	80009c4c	03039d33	mulh	x26,x7,x16	  x7:0x0000ffff x16:0x00000001 x26=0x00000000
     466895.000 ns	     46688	80009c50	40bfd593	srai	x11,x31,0xb	 x31:0x80041024 x11=0xfff00082
     466905.000 ns	     46689	80009c54	9b66e413	ori	x8,x13,-1610	 x13:0x800408e4  x8=0xfffff9f6
     466925.000 ns	     46691	80009c58	20201c53	fsgnjn.s	f24,f0,f2	  f0:0x00000000  f2:0x7fc00000 f24=0x80000000
     466945.000 ns	     46693	80009c5c	5c764f13	xori	x30,x12,1479	 x12:0xfffffc00 x30=0xfffff9c7
     466955.000 ns	     46694	80009c60	4417f513	andi	x10,x15,1089	 x15:0x00000000 x10=0x00000000
     466975.000 ns	     46696	80009c64	d014fed3	fcvt.s.wu	f29,x9	  x9:0x80040fe4 f29=0x4f00040f
     467005.000 ns	     46699	80009c68	c012bdd3	fcvt.wu.s	x27,f5	  f5:0x00000000 x27=0x00000000
     467035.000 ns	     46702	80009c6c	d00f8353	fcvt.s.w	f6,x31	 x31:0x80041024  f6=0xcefff7df
     467405.000 ns	     46739	80009c70	038c5033	divu	x0,x24,x24	 x24:0xffffffff x24:0xffffffff
     467775.000 ns	     46776	80009c74	0290f7b3	remu	x15,x1,x9	  x1:0xfffffa5d  x9:0x80040fe4 x15=0x7ffbea79
     467795.000 ns	     46778	80009c78	00094633	xor	x12,x18,x0	 x18:0x00000740  x0:0x00000000 x12=0x00000740
     467815.000 ns	     46780	80009c7c	28f38453	fmin.s	f8,f7,f15	  f7:0xfffff21e f15:0x00000000  f8=0x00000000
     467835.000 ns	     46782	80009c80	17483093	sltiu	x1,x16,372	 x16:0x00000001  x1=0x00000001
     467845.000 ns	     46783	80009c84	a379f313	andi	x6,x19,-1481	 x19:0x70d57e22  x6=0x70d57a22
     467865.000 ns	     46785	80009c88	f00604d3	fmv.w.x	f9,x12	 x12:0x00000740  f9=0x00000740
     467885.000 ns	     46787	80009c8c	68240513	addi	x10,x8,1666	  x8:0xfffff9f6 x10=0x00000078
     467905.000 ns	     46789	80009c90	c0127853	fcvt.wu.s	x16,f4	  f4:0x3ff0d586 x16=0x00000001
     467935.000 ns	     46792	80009c94	296d8ed3	fmin.s	f29,f27,f22	 f27:0x00000000 f22:0xd0b84e30 f29=0xd0b84e30
     467965.000 ns	     46795	80009c98	c0148853	fcvt.wu.s	x16,f9	  f9:0x00000740 x16=0x00000000
     467995.000 ns	     46798	80009c9c	03d598b3	mulh	x17,x11,x29	 x11:0xfff00082 x29:0x7ffbc444 x17=0xfff80084
     468025.000 ns	     46801	80009ca0	a0718bd3	fle.s	x23,f3,f7	  f3:0x6204b07d  f7:0xfffff21e x23=0x00000000
     468055.000 ns	     46804	80009ca4	c01cf6d3	fcvt.wu.s	x13,f25	 f25:0xffc00000 x13=0xffffffff
     468085.000 ns	     46807	80009ca8	28911fd3	fmax.s	f31,f2,f9	  f2:0x7fc00000  f9:0x00000740 f31=0x00000740
     468105.000 ns	     46809	80009cac	c2738537	lui	x10,0xc2738	 x10=0xc2738000
     468125.000 ns	     46811	80009cb0	214b8bd3	fsgnj.s	f23,f23,f20	 f23:0x7fc00000 f20:0x4f0a6beb f23=0x7fc00000
     468155.000 ns	     46814	80009cb4	20229a53	fsgnjn.s	f20,f5,f2	  f5:0x00000000  f2:0x7fc00000 f20=0x80000000
     468195.000 ns	     46818	80009cb8	10477b53	fmul.s	f22,f14,f4	 f14:0x00000000  f4:0x3ff0d586 f22=0x00000000
     468225.000 ns	     46821	80009cbc	a08c0ad3	fle.s	x21,f24,f8	 f24:0x80000000  f8:0x00000000 x21=0x00000001
     468595.000 ns	     46858	80009cc0	03957033	remu	x0,x10,x25	 x10:0xc2738000 x25:0x70d57ef6
     468625.000 ns	     46861	80009cc4	a13a01d3	fle.s	x3,f20,f19	 f20:0x80000000 f19:0x7fc00000  x3=0x00000000
     468675.000 ns	     46866	80009cc8	01c1f9d3	fadd.s	f19,f3,f28	  f3:0x6204b07d f28:0x4ee1af66 f19=0x6204b07d
     468695.000 ns	     46868	80009ccc	41ea4c97	auipc	x25,0x41ea4	 x25=0xc1eadccc
     468715.000 ns	     46870	80009cd0	c00c4a53	fcvt.w.s	x20,f24	 f24:0x80000000 x20=0x00000000
     468745.000 ns	     46873	80009cd4	291c1653	fmax.s	f12,f24,f17	 f24:0x80000000 f17:0x00000000 f12=0x00000000
     468775.000 ns	     46876	80009cd8	e0048653	fmv.x.w	x12,f9	  f9:0x00000740 x12=0x00000740
     468815.000 ns	     46880	80009cdc	19a9fad3	fdiv.s	f21,f19,f26	 f19:0x6204b07d f26:0x7fc00000 f21=0x7fc00000
     468835.000 ns	     46882	80009ce0	008e83b3	add	x7,x29,x8	 x29:0x7ffbc444  x8:0xfffff9f6  x7=0x7ffbbe3a
     468855.000 ns	     46884	80009ce4	c017f353	fcvt.wu.s	x6,f15	 f15:0x00000000  x6=0x00000000
     468885.000 ns	     46887	80009ce8	e0089253	fclass.s	x4,f17	 f17:0x00000000  x4=0x00000010
     469255.000 ns	     46924	80009cec	0245deb3	divu	x29,x11,x4	 x11:0xfff00082  x4:0x00000000 x29=0x0fff0008
     469275.000 ns	     46926	80009cf0	d20aca13	xori	x20,x21,-736	 x21:0x00000001 x20=0xfffffd21
     469295.000 ns	     46928	80009cf4	209a18d3	fsgnjn.s	f17,f20,f9	 f20:0x80000000  f9:0x00000740 f17=0x80000000
     469315.000 ns	     46930	80009cf8	01830db3	add	x27,x6,x24	  x6:0x00000000 x24:0xffffffff x27=0xffffffff
     469335.000 ns	     46932	80009cfc	c004b453	fcvt.w.s	x8,f9	  f9:0x00000740  x8=0x00000000
     469355.000 ns	     46934	80009d00	0051d5b3	srl	x11,x3,x5	  x3:0x00000000  x5:0xf0d585cf x11=0x00000000
     469365.000 ns	     46935	80009d04	41930333	sub	x6,x6,x25	  x6:0x00000000 x25:0xc1eadccc  x6=0x3e152334
     469385.000 ns	     46937	80009d08	291786d3	fmin.s	f13,f15,f17	 f15:0x00000000 f17:0x80000000 f13=0x80000000
     469405.000 ns	     46939	80009d0c	977e3213	sltiu	x4,x28,-1673	 x28:0x7fffffff  x4=0x00000001
     469415.000 ns	     46940	80009d10	413685b3	sub	x11,x13,x19	 x13:0xffffffff x19:0x70d57e22 x11=0x8f2a81dd
     469425.000 ns	     46941	80009d14	87be7113	andi	x2,x28,-1925	 x28:0x7fffffff  x2=0x7ffff87b
     469445.000 ns	     46943	80009d18	a09706d3	fle.s	x13,f14,f9	 f14:0x00000000  f9:0x00000740 x13=0x00000001
     469475.000 ns	     46946	80009d1c	e00c03d3	fmv.x.w	x7,f24	 f24:0x80000000  x7=0x80000000
     469505.000 ns	     46949	80009d20	20e492d3	fsgnjn.s	f5,f9,f14	  f9:0x00000740 f14:0x00000000  f5=0x80000740
     469545.000 ns	     46953	80009d24	19147353	fdiv.s	f6,f8,f17	  f8:0x00000000 f17:0x80000000  f6=0x7fc00000
     469915.000 ns	     46990	80009d28	035f7733	remu	x14,x30,x21	 x30:0xfffff9c7 x21:0x00000001 x14=0x00000000
     469935.000 ns	     46992	80009d2c	01656bb3	or	x23,x10,x22	 x10:0xc2738000 x22:0xffffffff x23=0xffffffff
     469965.000 ns	     46995	80009d30	19b772d3	fdiv.s	f5,f14,f27	 f14:0x00000000 f27:0x00000000  f5=0x7fc00000
     469985.000 ns	     46997	80009d34	012c4033	xor	x0,x24,x18	 x24:0xffffffff x18:0x00000740
     470005.000 ns	     46999	80009d38	c01f79d3	fcvt.wu.s	x19,f30	 f30:0x7fc00000 x19=0xffffffff
     470035.000 ns	     47002	80009d3c	f00f0c53	fmv.w.x	f24,x30	 x30:0xfffff9c7 f24=0xfffff9c7
     470055.000 ns	     47004	80009d40	1cc6c693	xori	x13,x13,460	 x13:0x00000001 x13=0x000001cd
     470065.000 ns	     47005	80009d44	daa0e213	ori	x4,x1,-598	  x1:0x00000001  x4=0xfffffdab
     470075.000 ns	     47006	80009d48	0cd57693	andi	x13,x10,205	 x10:0xc2738000 x13=0x00000000
     470085.000 ns	     47007	80009d4c	417b0e33	sub	x28,x22,x23	 x22:0xffffffff x23:0xffffffff x28=0x00000000
     470105.000 ns	     47009	80009d50	217a9e53	fsgnjn.s	f28,f21,f23	 f21:0x7fc00000 f23:0x7fc00000 f28=0xffc00000
     470135.000 ns	     47012	80009d54	02315533	divu	x10,x2,x3	  x2:0x7ffff87b  x3:0x00000000 x10=0xffffffff
     470165.000 ns	     47015	80009d58	a0cb00d3	fle.s	x1,f22,f12	 f22:0x00000000 f12:0x00000000  x1=0x00000001
     470195.000 ns	     47018	80009d5c	e00705d3	fmv.x.w	x11,f14	 f14:0x00000000 x11=0x00000000
     470565.000 ns	     47055	80009d60	026be233	rem	x4,x23,x6	 x23:0xffffffff  x6:0x3e152334  x4=0xffffffff
     470935.000 ns	     47092	80009d64	0323e233	rem	x4,x7,x18	  x7:0x80000000 x18:0x00000740  x4=0xfffffd40
     470955.000 ns	     47094	80009d68	09c66113	ori	x2,x12,156	 x12:0x00000740  x2=0x000007dc
     470965.000 ns	     47095	80009d6c	01076533	or	x10,x14,x16	 x14:0x00000000 x16:0x00000000 x10=0x00000000
     470985.000 ns	     47097	80009d70	29cd1953	fmax.s	f18,f26,f28	 f26:0x7fc00000 f28:0xffc00000 f18=0x7fc00000
     471015.000 ns	     47100	80009d74	02e99ab3	mulh	x21,x19,x14	 x19:0xffffffff x14:0x00000000 x21=0x00000000
     471045.000 ns	     47103	80009d78	f00588d3	fmv.w.x	f17,x11	 x11:0x00000000 f17=0x00000000
     471065.000 ns	     47105	80009d7c	00f8ad33	slt	x26,x17,x15	 x17:0xfff80084 x15:0x7ffbea79 x26=0x00000001
     471075.000 ns	     47106	80009d80	f0e356b7	lui	x13,0xf0e35	 x13=0xf0e35000
     471095.000 ns	     47108	80009d84	e0098a53	fmv.x.w	x20,f19	 f19:0x6204b07d x20=0x6204b07d
     471115.000 ns	     47110	80009d88	014f93b3	sll	x7,x31,x20	 x31:0x80041024 x20:0xfffffd21  x7=0x80000000
     471125.000 ns	     47111	80009d8c	8f17ad93	slti	x27,x15,-1807	 x15:0x7ffbea79 x27=0x00000000
     471135.000 ns	     47112	80009d90	8f56f113	andi	x2,x13,-1803	 x13:0xf0e35000  x2=0xf0e35000
     471155.000 ns	     47114	80009d94	f00c8cd3	fmv.w.x	f25,x25	 x25:0xc1eadccc f25=0xc1eadccc
     471175.000 ns	     47116	80009d98	00000013	addi	x0,x0,0	  x0:0x00000000
     471195.000 ns	     47118	80009d9c	036e1633	mulh	x12,x28,x22	 x28:0x00000000 x22:0xffffffff x12=0x00000000
     471215.000 ns	     47120	80009da0	6fb48693	addi	x13,x9,1787	  x9:0x80040fe4 x13=0x800416df
     471245.000 ns	     47123	80009da4	580e7ad3	fsqrt.s	f21,f28	 f28:0xffc00000 f21=0x7fc00000
     471275.000 ns	     47126	80009da8	d009fc53	fcvt.s.w	f24,x19	 x19:0xffffffff f24=0xbf800000
     471615.000 ns	     47160	80009dac	19dc13d3	fdiv.s	f7,f24,f29	 f24:0xfffff9c7 f29:0xd0b84e30  f7=0x2e000000
     471635.000 ns	     47162	80009db0	00ee9eb3	sll	x29,x29,x14	 x29:0x0fff0008 x14:0x00000000 x29=0x0fff0008
     471655.000 ns	     47164	80009db4	02fab6b3	mulhu	x13,x21,x15	 x21:0x00000000 x15:0x7ffbea79 x13=0x00000000
     471675.000 ns	     47166	80009db8	41e50a33	sub	x20,x10,x30	 x10:0x00000000 x30:0xfffff9c7 x20=0x00000639
     471695.000 ns	     47168	80009dbc	c01dfb53	fcvt.wu.s	x22,f27	 f27:0x00000000 x22=0x00000000
     471715.000 ns	     47170	80009dc0	8d8af913	andi	x18,x21,-1832	 x21:0x00000000 x18=0x00000000
     471725.000 ns	     47171	80009dc4	26ea2793	slti	x15,x20,622	 x20:0x00000639 x15=0x00000000
     471745.000 ns	     47173	80009dc8	d018cbd3	fcvt.s.wu	f23,x17	 x17:0xfff80084 f23=0x4f7ff801
     472115.000 ns	     47210	80009dcc	027059b3	divu	x19,x0,x7	  x0:0x00000000  x7:0x80000000 x19=0x00000000
     472145.000 ns	     47213	80009dd0	293012d3	fmax.s	f5,f0,f19	  f0:0x00000000 f19:0x6204b07d  f5=0x6204b07d
     472175.000 ns	     47216	80009dd4	02e67a33	remu	x20,x12,x14	 x12:0x00000000 x14:0x00000000 x20=0x00000000
     472195.000 ns	     47218	80009dd8	01e15913	srli	x18,x2,0x1e	  x2:0xf0e35000 x18=0x00000003
     472205.000 ns	     47219	80009ddc	f770c413	xori	x8,x1,-137	  x1:0x00000001  x8=0xffffff76
     472215.000 ns	     47220	80009de0	41f957b3	sra	x15,x18,x31	 x18:0x00000000 x31:0x80041024 x15=0x00000000
     472225.000 ns	     47221	80009de4	a574a013	slti	x0,x9,-1449	  x9:0x80040fe4
     472245.000 ns	     47223	80009de8	21c1a5d3	fsgnjx.s	f11,f3,f28	  f3:0x6204b07d f28:0xffc00000 f11=0xe204b07d
     472265.000 ns	     47225	80009dec	00000013	addi	x0,x0,0	  x0:0x00000000
     472285.000 ns	     47227	80009df0	a09a1bd3	flt.s	x23,f20,f9	 f20:0x80000000  f9:0x00000740 x23=0x00000001
     472315.000 ns	     47230	80009df4	214aa453	fsgnjx.s	f8,f21,f20	 f21:0x7fc00000 f20:0x80000000  f8=0xffc00000
     472345.000 ns	     47233	80009df8	025393b3	mulh	x7,x7,x5	  x7:0x80000000  x5:0xf0d585cf  x7=0x07953d18
     472365.000 ns	     47235	80009dfc	cf078213	addi	x4,x15,-784	 x15:0x00000000  x4=0xfffffcf0
     472385.000 ns	     47237	80009e00	03d49433	mulh	x8,x9,x29	  x9:0x80040fe4 x29:0x0fff0008  x8=0xf800c0f6
     472405.000 ns	     47239	80009e04	ecafaa13	slti	x20,x31,-310	 x31:0x80041024 x20=0x00000001
     472415.000 ns	     47240	80009e08	00618ab3	add	x21,x3,x6	  x3:0x00000000  x6:0x3e152334 x21=0x3e152334
     472435.000 ns	     47242	80009e0c	f00b8d53	fmv.w.x	f26,x23	 x23:0x00000001 f26=0x00000001
     472465.000 ns	     47245	80009e10	e0029ad3	fclass.s	x21,f5	  f5:0x6204b07d x21=0x00000040
     472485.000 ns	     47247	80009e14	b40af193	andi	x3,x21,-1216	 x21:0x3e152334  x3=0x00000040
     472845.000 ns	     47283	80009e18	023ee0b3	rem	x1,x29,x3	 x29:0x0fff0008  x3:0x00000000  x1=0x00000008
     472875.000 ns	     47286	80009e1c	02b2feb3	remu	x29,x5,x11	  x5:0xf0d585cf x11:0x00000000 x29=0xf0d585cf
     472895.000 ns	     47288	80009e20	40f5d833	sra	x16,x11,x15	 x11:0x00000000 x15:0x00000000 x16=0x00000000
     472905.000 ns	     47289	80009e24	41a5d813	srai	x16,x11,0x1a	 x11:0x00000000 x16=0x00000000
     472915.000 ns	     47290	80009e28	3d1a6313	ori	x6,x20,977	 x20:0x00000001  x6=0x000003d1
     472925.000 ns	     47291	80009e2c	3893bd93	sltiu	x27,x7,905	  x7:0x07953d18 x27=0x00000000
     472935.000 ns	     47292	80009e30	01c39a33	sll	x20,x7,x28	  x7:0x07953d18 x28:0x00000000 x20=0x07953d18
     472955.000 ns	     47294	80009e34	c00cbf53	fcvt.w.s	x30,f25	 f25:0xc1eadccc x30=0xffffffe3
     472995.000 ns	     47298	80009e38	580575d3	fsqrt.s	f11,f10	 f10:0x00000000 f11=0x00000000
     473025.000 ns	     47301	80009e3c	035f3433	mulhu	x8,x30,x21	 x30:0xffffffe3 x21:0x00000040  x8=0x0000003f
     473055.000 ns	     47304	80009e40	c01a1f53	fcvt.wu.s	x30,f20	 f20:0x80000000 x30=0x00000000
     473075.000 ns	     47306	80009e44	6b964e13	xori	x28,x12,1721	 x12:0x00000000 x28=0x000006b9
     473085.000 ns	     47307	80009e48	01f573b3	and	x7,x10,x31	 x10:0x00000000 x31:0x80041024  x7=0x00000000
     473105.000 ns	     47309	80009e4c	03b3ec33	rem	x24,x7,x27	  x7:0x07953d18 x27:0x00000000 x24=0x00000000
     473125.000 ns	     47311	80009e50	008dbd33	sltu	x26,x27,x8	 x27:0x00000000  x8:0x0000003f x26=0x00000001
     473145.000 ns	     47313	80009e54	0278fbb3	remu	x23,x17,x7	 x17:0xfff80084  x7:0x00000000 x23=0xfff80084
     473175.000 ns	     47316	80009e58	036fddb3	divu	x27,x31,x22	 x31:0x80041024 x22:0x00000000 x27=0xffffffff
     473195.000 ns	     47318	80009e5c	418c5433	sra	x8,x24,x24	 x24:0x00000000 x24:0x00000000  x8=0x00000000
     473215.000 ns	     47320	80009e60	031e8033	mul	x0,x29,x17	 x29:0xf0d585cf x17:0xfff80084
     473235.000 ns	     47322	80009e64	013235b3	sltu	x11,x4,x19	  x4:0xfffffcf0 x19:0x00000000 x11=0x00000000
     473595.000 ns	     47358	80009e68	03dc6933	rem	x18,x24,x29	 x24:0x00000000 x29:0xf0d585cf x18=0x00000000
     473615.000 ns	     47360	80009e6c	011767b3	or	x15,x14,x17	 x14:0x00000000 x17:0xfff80084 x15=0xfff80084
     473625.000 ns	     47361	80009e70	01e7c533	xor	x10,x15,x30	 x15:0x00000000 x30:0x00000000 x10=0xfff80084
     473645.000 ns	     47363	80009e74	218e1ed3	fsgnjn.s	f29,f28,f24	 f28:0xffc00000 f24:0xbf800000 f29=0x7fc00000
     473675.000 ns	     47366	80009e78	20bc98d3	fsgnjn.s	f17,f25,f11	 f25:0xc1eadccc f11:0x00000000 f17=0xc1eadccc
     473705.000 ns	     47369	80009e7c	20ff9253	fsgnjn.s	f4,f31,f15	 f31:0x00000740 f15:0x00000000  f4=0x80000740
     473745.000 ns	     47373	80009e80	18557653	fdiv.s	f12,f10,f5	 f10:0x00000000  f5:0x6204b07d f12=0x00000000
     473765.000 ns	     47375	80009e84	01c77e33	and	x28,x14,x28	 x14:0x00000000 x28:0x000006b9 x28=0x00000000
     473785.000 ns	     47377	80009e88	02121533	mulh	x10,x4,x1	  x4:0xfffffcf0  x1:0x00000008 x10=0xffffffff
     473805.000 ns	     47379	80009e8c	00721013	slli	x0,x4,0x7	  x4:0xfffffcf0
     473815.000 ns	     47380	80009e90	00dc2433	slt	x8,x24,x13	 x24:0x00000000 x13:0x00000000  x8=0x00000000
     473825.000 ns	     47381	80009e94	5296f813	andi	x16,x13,1321	 x13:0x00000000 x16=0x00000000
     473845.000 ns	     47383	80009e98	21a80ad3	fsgnj.s	f21,f16,f26	 f16:0xfffff21e f26:0x00000001 f21=0x7ffff21e
     473865.000 ns	     47385	80009e9c	00ed07b3	add	x15,x26,x14	 x26:0x00000001 x14:0x00000000 x15=0x00000001
     473875.000 ns	     47386	80009ea0	39d5fe93	andi	x29,x11,925	 x11:0x00000000 x29=0x00000000
     473885.000 ns	     47387	80009ea4	00000013	addi	x0,x0,0	  x0:0x00000000
     473895.000 ns	     47388	80009ea8	00000297	auipc	x5,0x0	  x5=0x80009ea8
     473905.000 ns	     47389	80009eac	00c28293	addi	x5,x5,12	  x5:0xf0d585cf  x5=0x80009eb4
     473915.000 ns	     47390	80009eb0	00028067	jalr	x0,x5,0	  x5:0xf0d585cf
     473965.000 ns	     47395	80009eb4	00100193	addi	x3,x0,1	  x0:0x00000000  x3=0x00000001
     473975.000 ns	     47396	80009eb8	00000073	ecall	
     473985.000 ns	     47397	80009ebc	00036f17	auipc	x30,0x36	 x30=0x8003febc
     473995.000 ns	     47398	80009ec0	143f2223	sw	x3,324(x30)	 x30:0x00000000  x3:0x00000001 PA:0xxxxxxxxx
     474015.000 ns	     47400	80009ec4	ff9ff06f	jal	x0,80009ec0	
     474065.000 ns	     47405	80009ebc	00036f17	auipc	x30,0x36	 x30=0x8003febc
     474075.000 ns	     47406	80009ec0	143f2223	sw	x3,324(x30)	 x30:0x8003febc  x3:0x00000001 PA:0xxxxxxxxx
     474095.000 ns	     47408	80009ec4	ff9ff06f	jal	x0,80009ec0	
     474145.000 ns	     47413	80009ebc	00036f17	auipc	x30,0x36	 x30=0x8003febc
     474155.000 ns	     47414	80009ec0	143f2223	sw	x3,324(x30)	 x30:0x8003febc  x3:0x00000001 PA:0xxxxxxxxx
     474175.000 ns	     47416	80009ec4	ff9ff06f	jal	x0,80009ec0	
     474225.000 ns	     47421	80009ebc	00036f17	auipc	x30,0x36	 x30=0x8003febc
     474235.000 ns	     47422	80009ec0	143f2223	sw	x3,324(x30)	 x30:0x8003febc  x3:0x00000001 PA:0xxxxxxxxx
     474255.000 ns	     47424	80009ec4	ff9ff06f	jal	x0,80009ec0	
     474305.000 ns	     47429	80009ebc	00036f17	auipc	x30,0x36	 x30=0x8003febc
     474315.000 ns	     47430	80009ec0	143f2223	sw	x3,324(x30)	 x30:0x8003febc  x3:0x00000001 PA:0xxxxxxxxx
     474335.000 ns	     47432	80009ec4	ff9ff06f	jal	x0,80009ec0	
     474385.000 ns	     47437	80009ebc	00036f17	auipc	x30,0x36	 x30=0x8003febc
     474395.000 ns	     47438	80009ec0	143f2223	sw	x3,324(x30)	 x30:0x8003febc  x3:0x00000001 PA:0xxxxxxxxx
     474415.000 ns	     47440	80009ec4	ff9ff06f	jal	x0,80009ec0	
     474465.000 ns	     47445	80009ebc	00036f17	auipc	x30,0x36	 x30=0x8003febc
     474475.000 ns	     47446	80009ec0	143f2223	sw	x3,324(x30)	 x30:0x8003febc  x3:0x00000001 PA:0xxxxxxxxx
     474495.000 ns	     47448	80009ec4	ff9ff06f	jal	x0,80009ec0	
     474545.000 ns	     47453	80009ebc	00036f17	auipc	x30,0x36	 x30=0x8003febc
     474555.000 ns	     47454	80009ec0	143f2223	sw	x3,324(x30)	 x30:0x8003febc  x3:0x00000001 PA:0xxxxxxxxx
     474575.000 ns	     47456	80009ec4	ff9ff06f	jal	x0,80009ec0	
     474625.000 ns	     47461	80009ebc	00036f17	auipc	x30,0x36	 x30=0x8003febc
     474635.000 ns	     47462	80009ec0	143f2223	sw	x3,324(x30)	 x30:0x8003febc  x3:0x00000001 PA:0xxxxxxxxx
     474655.000 ns	     47464	80009ec4	ff9ff06f	jal	x0,80009ec0	
     474705.000 ns	     47469	80009ebc	00036f17	auipc	x30,0x36	 x30=0x8003febc
     474715.000 ns	     47470	80009ec0	143f2223	sw	x3,324(x30)	 x30:0x8003febc  x3:0x00000001 PA:0xxxxxxxxx
     474735.000 ns	     47472	80009ec4	ff9ff06f	jal	x0,80009ec0	
     474785.000 ns	     47477	80009ebc	00036f17	auipc	x30,0x36	 x30=0x8003febc
     474795.000 ns	     47478	80009ec0	143f2223	sw	x3,324(x30)	 x30:0x8003febc  x3:0x00000001 PA:0xxxxxxxxx
     474815.000 ns	     47480	80009ec4	ff9ff06f	jal	x0,80009ec0	
     474865.000 ns	     47485	80009ebc	00036f17	auipc	x30,0x36	 x30=0x8003febc
     474875.000 ns	     47486	80009ec0	143f2223	sw	x3,324(x30)	 x30:0x8003febc  x3:0x00000001 PA:0xxxxxxxxx
     474895.000 ns	     47488	80009ec4	ff9ff06f	jal	x0,80009ec0	
     474945.000 ns	     47493	80009ebc	00036f17	auipc	x30,0x36	 x30=0x8003febc
     474955.000 ns	     47494	80009ec0	143f2223	sw	x3,324(x30)	 x30:0x8003febc  x3:0x00000001 PA:0xxxxxxxxx
     474975.000 ns	     47496	80009ec4	ff9ff06f	jal	x0,80009ec0	
     475025.000 ns	     47501	80009ebc	00036f17	auipc	x30,0x36	 x30=0x8003febc
     475035.000 ns	     47502	80009ec0	143f2223	sw	x3,324(x30)	 x30:0x8003febc  x3:0x00000001 PA:0xxxxxxxxx
     475055.000 ns	     47504	80009ec4	ff9ff06f	jal	x0,80009ec0	
     475105.000 ns	     47509	80009ebc	00036f17	auipc	x30,0x36	 x30=0x8003febc
     475115.000 ns	     47510	80009ec0	143f2223	sw	x3,324(x30)	 x30:0x8003febc  x3:0x00000001 PA:0xxxxxxxxx
     475135.000 ns	     47512	80009ec4	ff9ff06f	jal	x0,80009ec0	
     475185.000 ns	     47517	80009ebc	00036f17	auipc	x30,0x36	 x30=0x8003febc
     475195.000 ns	     47518	80009ec0	143f2223	sw	x3,324(x30)	 x30:0x8003febc  x3:0x00000001 PA:0xxxxxxxxx
     475215.000 ns	     47520	80009ec4	ff9ff06f	jal	x0,80009ec0	
     475265.000 ns	     47525	80009ebc	00036f17	auipc	x30,0x36	 x30=0x8003febc
     475275.000 ns	     47526	80009ec0	143f2223	sw	x3,324(x30)	 x30:0x8003febc  x3:0x00000001 PA:0xxxxxxxxx
     475295.000 ns	     47528	80009ec4	ff9ff06f	jal	x0,80009ec0	
     475345.000 ns	     47533	80009ebc	00036f17	auipc	x30,0x36	 x30=0x8003febc
     475355.000 ns	     47534	80009ec0	143f2223	sw	x3,324(x30)	 x30:0x8003febc  x3:0x00000001 PA:0xxxxxxxxx
     475375.000 ns	     47536	80009ec4	ff9ff06f	jal	x0,80009ec0	
     475425.000 ns	     47541	80009ebc	00036f17	auipc	x30,0x36	 x30=0x8003febc
     475435.000 ns	     47542	80009ec0	143f2223	sw	x3,324(x30)	 x30:0x8003febc  x3:0x00000001 PA:0xxxxxxxxx
     475455.000 ns	     47544	80009ec4	ff9ff06f	jal	x0,80009ec0	
     475505.000 ns	     47549	80009ebc	00036f17	auipc	x30,0x36	 x30=0x8003febc
     475515.000 ns	     47550	80009ec0	143f2223	sw	x3,324(x30)	 x30:0x8003febc  x3:0x00000001 PA:0xxxxxxxxx
     475535.000 ns	     47552	80009ec4	ff9ff06f	jal	x0,80009ec0	
     475585.000 ns	     47557	80009ebc	00036f17	auipc	x30,0x36	 x30=0x8003febc
     475595.000 ns	     47558	80009ec0	143f2223	sw	x3,324(x30)	 x30:0x8003febc  x3:0x00000001 PA:0xxxxxxxxx
     475615.000 ns	     47560	80009ec4	ff9ff06f	jal	x0,80009ec0	
     475665.000 ns	     47565	80009ebc	00036f17	auipc	x30,0x36	 x30=0x8003febc
     475675.000 ns	     47566	80009ec0	143f2223	sw	x3,324(x30)	 x30:0x8003febc  x3:0x00000001 PA:0xxxxxxxxx
     475695.000 ns	     47568	80009ec4	ff9ff06f	jal	x0,80009ec0	
     475745.000 ns	     47573	80009ebc	00036f17	auipc	x30,0x36	 x30=0x8003febc
     475755.000 ns	     47574	80009ec0	143f2223	sw	x3,324(x30)	 x30:0x8003febc  x3:0x00000001 PA:0xxxxxxxxx
     475775.000 ns	     47576	80009ec4	ff9ff06f	jal	x0,80009ec0	
     475825.000 ns	     47581	80009ebc	00036f17	auipc	x30,0x36	 x30=0x8003febc
     475835.000 ns	     47582	80009ec0	143f2223	sw	x3,324(x30)	 x30:0x8003febc  x3:0x00000001 PA:0xxxxxxxxx
     475855.000 ns	     47584	80009ec4	ff9ff06f	jal	x0,80009ec0	
     475905.000 ns	     47589	80009ebc	00036f17	auipc	x30,0x36	 x30=0x8003febc
     475915.000 ns	     47590	80009ec0	143f2223	sw	x3,324(x30)	 x30:0x8003febc  x3:0x00000001 PA:0xxxxxxxxx
     475935.000 ns	     47592	80009ec4	ff9ff06f	jal	x0,80009ec0	
     475985.000 ns	     47597	80009ebc	00036f17	auipc	x30,0x36	 x30=0x8003febc
     475995.000 ns	     47598	80009ec0	143f2223	sw	x3,324(x30)	 x30:0x8003febc  x3:0x00000001 PA:0xxxxxxxxx
     476015.000 ns	     47600	80009ec4	ff9ff06f	jal	x0,80009ec0	
     476065.000 ns	     47605	80009ebc	00036f17	auipc	x30,0x36	 x30=0x8003febc
     476075.000 ns	     47606	80009ec0	143f2223	sw	x3,324(x30)	 x30:0x8003febc  x3:0x00000001 PA:0xxxxxxxxx
     476095.000 ns	     47608	80009ec4	ff9ff06f	jal	x0,80009ec0	
     476145.000 ns	     47613	80009ebc	00036f17	auipc	x30,0x36	 x30=0x8003febc
     476155.000 ns	     47614	80009ec0	143f2223	sw	x3,324(x30)	 x30:0x8003febc  x3:0x00000001 PA:0xxxxxxxxx
     476175.000 ns	     47616	80009ec4	ff9ff06f	jal	x0,80009ec0	
     476225.000 ns	     47621	80009ebc	00036f17	auipc	x30,0x36	 x30=0x8003febc
     476235.000 ns	     47622	80009ec0	143f2223	sw	x3,324(x30)	 x30:0x8003febc  x3:0x00000001 PA:0xxxxxxxxx
     476255.000 ns	     47624	80009ec4	ff9ff06f	jal	x0,80009ec0	
     476305.000 ns	     47629	80009ebc	00036f17	auipc	x30,0x36	 x30=0x8003febc
     476315.000 ns	     47630	80009ec0	143f2223	sw	x3,324(x30)	 x30:0x8003febc  x3:0x00000001 PA:0xxxxxxxxx
     476335.000 ns	     47632	80009ec4	ff9ff06f	jal	x0,80009ec0	
     476385.000 ns	     47637	80009ebc	00036f17	auipc	x30,0x36	 x30=0x8003febc
     476395.000 ns	     47638	80009ec0	143f2223	sw	x3,324(x30)	 x30:0x8003febc  x3:0x00000001 PA:0xxxxxxxxx
     476415.000 ns	     47640	80009ec4	ff9ff06f	jal	x0,80009ec0	
     476465.000 ns	     47645	80009ebc	00036f17	auipc	x30,0x36	 x30=0x8003febc
     476475.000 ns	     47646	80009ec0	143f2223	sw	x3,324(x30)	 x30:0x8003febc  x3:0x00000001 PA:0xxxxxxxxx
     476495.000 ns	     47648	80009ec4	ff9ff06f	jal	x0,80009ec0	
     476545.000 ns	     47653	80009ebc	00036f17	auipc	x30,0x36	 x30=0x8003febc
     476555.000 ns	     47654	80009ec0	143f2223	sw	x3,324(x30)	 x30:0x8003febc  x3:0x00000001 PA:0xxxxxxxxx
     476575.000 ns	     47656	80009ec4	ff9ff06f	jal	x0,80009ec0	
     476625.000 ns	     47661	80009ebc	00036f17	auipc	x30,0x36	 x30=0x8003febc
     476635.000 ns	     47662	80009ec0	143f2223	sw	x3,324(x30)	 x30:0x8003febc  x3:0x00000001 PA:0xxxxxxxxx
     476655.000 ns	     47664	80009ec4	ff9ff06f	jal	x0,80009ec0	
     476705.000 ns	     47669	80009ebc	00036f17	auipc	x30,0x36	 x30=0x8003febc
     476715.000 ns	     47670	80009ec0	143f2223	sw	x3,324(x30)	 x30:0x8003febc  x3:0x00000001 PA:0xxxxxxxxx
     476735.000 ns	     47672	80009ec4	ff9ff06f	jal	x0,80009ec0	
     476785.000 ns	     47677	80009ebc	00036f17	auipc	x30,0x36	 x30=0x8003febc
     476795.000 ns	     47678	80009ec0	143f2223	sw	x3,324(x30)	 x30:0x8003febc  x3:0x00000001 PA:0xxxxxxxxx
     476815.000 ns	     47680	80009ec4	ff9ff06f	jal	x0,80009ec0	
     476865.000 ns	     47685	80009ebc	00036f17	auipc	x30,0x36	 x30=0x8003febc
     476875.000 ns	     47686	80009ec0	143f2223	sw	x3,324(x30)	 x30:0x8003febc  x3:0x00000001 PA:0xxxxxxxxx
     476895.000 ns	     47688	80009ec4	ff9ff06f	jal	x0,80009ec0	
     476945.000 ns	     47693	80009ebc	00036f17	auipc	x30,0x36	 x30=0x8003febc
     476955.000 ns	     47694	80009ec0	143f2223	sw	x3,324(x30)	 x30:0x8003febc  x3:0x00000001 PA:0xxxxxxxxx
     476975.000 ns	     47696	80009ec4	ff9ff06f	jal	x0,80009ec0	
     477025.000 ns	     47701	80009ebc	00036f17	auipc	x30,0x36	 x30=0x8003febc
     477035.000 ns	     47702	80009ec0	143f2223	sw	x3,324(x30)	 x30:0x8003febc  x3:0x00000001 PA:0xxxxxxxxx
     477055.000 ns	     47704	80009ec4	ff9ff06f	jal	x0,80009ec0	
     477105.000 ns	     47709	80009ebc	00036f17	auipc	x30,0x36	 x30=0x8003febc
     477115.000 ns	     47710	80009ec0	143f2223	sw	x3,324(x30)	 x30:0x8003febc  x3:0x00000001 PA:0xxxxxxxxx
     477135.000 ns	     47712	80009ec4	ff9ff06f	jal	x0,80009ec0	
     477185.000 ns	     47717	80009ebc	00036f17	auipc	x30,0x36	 x30=0x8003febc
     477195.000 ns	     47718	80009ec0	143f2223	sw	x3,324(x30)	 x30:0x8003febc  x3:0x00000001 PA:0xxxxxxxxx
     477215.000 ns	     47720	80009ec4	ff9ff06f	jal	x0,80009ec0	
     477265.000 ns	     47725	80009ebc	00036f17	auipc	x30,0x36	 x30=0x8003febc
     477275.000 ns	     47726	80009ec0	143f2223	sw	x3,324(x30)	 x30:0x8003febc  x3:0x00000001 PA:0xxxxxxxxx
     477295.000 ns	     47728	80009ec4	ff9ff06f	jal	x0,80009ec0	
     477345.000 ns	     47733	80009ebc	00036f17	auipc	x30,0x36	 x30=0x8003febc
     477355.000 ns	     47734	80009ec0	143f2223	sw	x3,324(x30)	 x30:0x8003febc  x3:0x00000001 PA:0xxxxxxxxx
     477375.000 ns	     47736	80009ec4	ff9ff06f	jal	x0,80009ec0	
     477425.000 ns	     47741	80009ebc	00036f17	auipc	x30,0x36	 x30=0x8003febc
     477435.000 ns	     47742	80009ec0	143f2223	sw	x3,324(x30)	 x30:0x8003febc  x3:0x00000001 PA:0xxxxxxxxx
     477455.000 ns	     47744	80009ec4	ff9ff06f	jal	x0,80009ec0	
     477505.000 ns	     47749	80009ebc	00036f17	auipc	x30,0x36	 x30=0x8003febc
     477515.000 ns	     47750	80009ec0	143f2223	sw	x3,324(x30)	 x30:0x8003febc  x3:0x00000001 PA:0xxxxxxxxx
     477535.000 ns	     47752	80009ec4	ff9ff06f	jal	x0,80009ec0	
     477585.000 ns	     47757	80009ebc	00036f17	auipc	x30,0x36	 x30=0x8003febc
     477595.000 ns	     47758	80009ec0	143f2223	sw	x3,324(x30)	 x30:0x8003febc  x3:0x00000001 PA:0xxxxxxxxx
     477615.000 ns	     47760	80009ec4	ff9ff06f	jal	x0,80009ec0	
     477665.000 ns	     47765	80009ebc	00036f17	auipc	x30,0x36	 x30=0x8003febc
     477675.000 ns	     47766	80009ec0	143f2223	sw	x3,324(x30)	 x30:0x8003febc  x3:0x00000001 PA:0xxxxxxxxx
     477695.000 ns	     47768	80009ec4	ff9ff06f	jal	x0,80009ec0	
     477745.000 ns	     47773	80009ebc	00036f17	auipc	x30,0x36	 x30=0x8003febc
     477755.000 ns	     47774	80009ec0	143f2223	sw	x3,324(x30)	 x30:0x8003febc  x3:0x00000001 PA:0xxxxxxxxx
     477775.000 ns	     47776	80009ec4	ff9ff06f	jal	x0,80009ec0	
     477825.000 ns	     47781	80009ebc	00036f17	auipc	x30,0x36	 x30=0x8003febc
     477835.000 ns	     47782	80009ec0	143f2223	sw	x3,324(x30)	 x30:0x8003febc  x3:0x00000001 PA:0xxxxxxxxx
     477855.000 ns	     47784	80009ec4	ff9ff06f	jal	x0,80009ec0	
     477905.000 ns	     47789	80009ebc	00036f17	auipc	x30,0x36	 x30=0x8003febc
     477915.000 ns	     47790	80009ec0	143f2223	sw	x3,324(x30)	 x30:0x8003febc  x3:0x00000001 PA:0xxxxxxxxx
     477935.000 ns	     47792	80009ec4	ff9ff06f	jal	x0,80009ec0	
     477985.000 ns	     47797	80009ebc	00036f17	auipc	x30,0x36	 x30=0x8003febc
     477995.000 ns	     47798	80009ec0	143f2223	sw	x3,324(x30)	 x30:0x8003febc  x3:0x00000001 PA:0xxxxxxxxx
     478015.000 ns	     47800	80009ec4	ff9ff06f	jal	x0,80009ec0	
     478065.000 ns	     47805	80009ebc	00036f17	auipc	x30,0x36	 x30=0x8003febc
     478075.000 ns	     47806	80009ec0	143f2223	sw	x3,324(x30)	 x30:0x8003febc  x3:0x00000001 PA:0xxxxxxxxx
     478095.000 ns	     47808	80009ec4	ff9ff06f	jal	x0,80009ec0	
     478145.000 ns	     47813	80009ebc	00036f17	auipc	x30,0x36	 x30=0x8003febc
     478155.000 ns	     47814	80009ec0	143f2223	sw	x3,324(x30)	 x30:0x8003febc  x3:0x00000001 PA:0xxxxxxxxx
     478175.000 ns	     47816	80009ec4	ff9ff06f	jal	x0,80009ec0	
     478225.000 ns	     47821	80009ebc	00036f17	auipc	x30,0x36	 x30=0x8003febc
     478235.000 ns	     47822	80009ec0	143f2223	sw	x3,324(x30)	 x30:0x8003febc  x3:0x00000001 PA:0xxxxxxxxx
     478255.000 ns	     47824	80009ec4	ff9ff06f	jal	x0,80009ec0	
     478305.000 ns	     47829	80009ebc	00036f17	auipc	x30,0x36	 x30=0x8003febc
     478315.000 ns	     47830	80009ec0	143f2223	sw	x3,324(x30)	 x30:0x8003febc  x3:0x00000001 PA:0xxxxxxxxx
     478335.000 ns	     47832	80009ec4	ff9ff06f	jal	x0,80009ec0	
     478385.000 ns	     47837	80009ebc	00036f17	auipc	x30,0x36	 x30=0x8003febc
     478395.000 ns	     47838	80009ec0	143f2223	sw	x3,324(x30)	 x30:0x8003febc  x3:0x00000001 PA:0xxxxxxxxx
     478415.000 ns	     47840	80009ec4	ff9ff06f	jal	x0,80009ec0	
     478465.000 ns	     47845	80009ebc	00036f17	auipc	x30,0x36	 x30=0x8003febc
     478475.000 ns	     47846	80009ec0	143f2223	sw	x3,324(x30)	 x30:0x8003febc  x3:0x00000001 PA:0xxxxxxxxx
     478495.000 ns	     47848	80009ec4	ff9ff06f	jal	x0,80009ec0	
     478545.000 ns	     47853	80009ebc	00036f17	auipc	x30,0x36	 x30=0x8003febc
     478555.000 ns	     47854	80009ec0	143f2223	sw	x3,324(x30)	 x30:0x8003febc  x3:0x00000001 PA:0xxxxxxxxx
     478575.000 ns	     47856	80009ec4	ff9ff06f	jal	x0,80009ec0	
     478625.000 ns	     47861	80009ebc	00036f17	auipc	x30,0x36	 x30=0x8003febc
     478635.000 ns	     47862	80009ec0	143f2223	sw	x3,324(x30)	 x30:0x8003febc  x3:0x00000001 PA:0xxxxxxxxx
     478655.000 ns	     47864	80009ec4	ff9ff06f	jal	x0,80009ec0	
     478705.000 ns	     47869	80009ebc	00036f17	auipc	x30,0x36	 x30=0x8003febc
     478715.000 ns	     47870	80009ec0	143f2223	sw	x3,324(x30)	 x30:0x8003febc  x3:0x00000001 PA:0xxxxxxxxx
     478735.000 ns	     47872	80009ec4	ff9ff06f	jal	x0,80009ec0	
     478785.000 ns	     47877	80009ebc	00036f17	auipc	x30,0x36	 x30=0x8003febc
     478795.000 ns	     47878	80009ec0	143f2223	sw	x3,324(x30)	 x30:0x8003febc  x3:0x00000001 PA:0xxxxxxxxx
     478815.000 ns	     47880	80009ec4	ff9ff06f	jal	x0,80009ec0	
     478865.000 ns	     47885	80009ebc	00036f17	auipc	x30,0x36	 x30=0x8003febc
     478875.000 ns	     47886	80009ec0	143f2223	sw	x3,324(x30)	 x30:0x8003febc  x3:0x00000001 PA:0xxxxxxxxx
     478895.000 ns	     47888	80009ec4	ff9ff06f	jal	x0,80009ec0	
     478945.000 ns	     47893	80009ebc	00036f17	auipc	x30,0x36	 x30=0x8003febc
     478955.000 ns	     47894	80009ec0	143f2223	sw	x3,324(x30)	 x30:0x8003febc  x3:0x00000001 PA:0xxxxxxxxx
     478975.000 ns	     47896	80009ec4	ff9ff06f	jal	x0,80009ec0	
     479025.000 ns	     47901	80009ebc	00036f17	auipc	x30,0x36	 x30=0x8003febc
     479035.000 ns	     47902	80009ec0	143f2223	sw	x3,324(x30)	 x30:0x8003febc  x3:0x00000001 PA:0xxxxxxxxx
     479055.000 ns	     47904	80009ec4	ff9ff06f	jal	x0,80009ec0	
     479105.000 ns	     47909	80009ebc	00036f17	auipc	x30,0x36	 x30=0x8003febc
     479115.000 ns	     47910	80009ec0	143f2223	sw	x3,324(x30)	 x30:0x8003febc  x3:0x00000001 PA:0xxxxxxxxx
     479135.000 ns	     47912	80009ec4	ff9ff06f	jal	x0,80009ec0	
     479185.000 ns	     47917	80009ebc	00036f17	auipc	x30,0x36	 x30=0x8003febc
     479195.000 ns	     47918	80009ec0	143f2223	sw	x3,324(x30)	 x30:0x8003febc  x3:0x00000001 PA:0xxxxxxxxx
     479215.000 ns	     47920	80009ec4	ff9ff06f	jal	x0,80009ec0	
     479265.000 ns	     47925	80009ebc	00036f17	auipc	x30,0x36	 x30=0x8003febc
     479275.000 ns	     47926	80009ec0	143f2223	sw	x3,324(x30)	 x30:0x8003febc  x3:0x00000001 PA:0xxxxxxxxx
     479295.000 ns	     47928	80009ec4	ff9ff06f	jal	x0,80009ec0	
     479345.000 ns	     47933	80009ebc	00036f17	auipc	x30,0x36	 x30=0x8003febc
     479355.000 ns	     47934	80009ec0	143f2223	sw	x3,324(x30)	 x30:0x8003febc  x3:0x00000001 PA:0xxxxxxxxx
     479375.000 ns	     47936	80009ec4	ff9ff06f	jal	x0,80009ec0	
     479425.000 ns	     47941	80009ebc	00036f17	auipc	x30,0x36	 x30=0x8003febc
     479435.000 ns	     47942	80009ec0	143f2223	sw	x3,324(x30)	 x30:0x8003febc  x3:0x00000001 PA:0xxxxxxxxx
     479455.000 ns	     47944	80009ec4	ff9ff06f	jal	x0,80009ec0	
     479505.000 ns	     47949	80009ebc	00036f17	auipc	x30,0x36	 x30=0x8003febc
     479515.000 ns	     47950	80009ec0	143f2223	sw	x3,324(x30)	 x30:0x8003febc  x3:0x00000001 PA:0xxxxxxxxx
     479535.000 ns	     47952	80009ec4	ff9ff06f	jal	x0,80009ec0	
     479585.000 ns	     47957	80009ebc	00036f17	auipc	x30,0x36	 x30=0x8003febc
     479595.000 ns	     47958	80009ec0	143f2223	sw	x3,324(x30)	 x30:0x8003febc  x3:0x00000001 PA:0xxxxxxxxx
     479615.000 ns	     47960	80009ec4	ff9ff06f	jal	x0,80009ec0	
     479665.000 ns	     47965	80009ebc	00036f17	auipc	x30,0x36	 x30=0x8003febc
     479675.000 ns	     47966	80009ec0	143f2223	sw	x3,324(x30)	 x30:0x8003febc  x3:0x00000001 PA:0xxxxxxxxx
     479695.000 ns	     47968	80009ec4	ff9ff06f	jal	x0,80009ec0	
     479745.000 ns	     47973	80009ebc	00036f17	auipc	x30,0x36	 x30=0x8003febc
     479755.000 ns	     47974	80009ec0	143f2223	sw	x3,324(x30)	 x30:0x8003febc  x3:0x00000001 PA:0xxxxxxxxx
     479775.000 ns	     47976	80009ec4	ff9ff06f	jal	x0,80009ec0	
     479825.000 ns	     47981	80009ebc	00036f17	auipc	x30,0x36	 x30=0x8003febc
     479835.000 ns	     47982	80009ec0	143f2223	sw	x3,324(x30)	 x30:0x8003febc  x3:0x00000001 PA:0xxxxxxxxx
     479855.000 ns	     47984	80009ec4	ff9ff06f	jal	x0,80009ec0	
     479905.000 ns	     47989	80009ebc	00036f17	auipc	x30,0x36	 x30=0x8003febc
     479915.000 ns	     47990	80009ec0	143f2223	sw	x3,324(x30)	 x30:0x8003febc  x3:0x00000001 PA:0xxxxxxxxx
     479935.000 ns	     47992	80009ec4	ff9ff06f	jal	x0,80009ec0	
     479985.000 ns	     47997	80009ebc	00036f17	auipc	x30,0x36	 x30=0x8003febc
     479995.000 ns	     47998	80009ec0	143f2223	sw	x3,324(x30)	 x30:0x8003febc  x3:0x00000001 PA:0xxxxxxxxx
     480015.000 ns	     48000	80009ec4	ff9ff06f	jal	x0,80009ec0	
     480065.000 ns	     48005	80009ebc	00036f17	auipc	x30,0x36	 x30=0x8003febc
     480075.000 ns	     48006	80009ec0	143f2223	sw	x3,324(x30)	 x30:0x8003febc  x3:0x00000001 PA:0xxxxxxxxx
     480095.000 ns	     48008	80009ec4	ff9ff06f	jal	x0,80009ec0	
     480145.000 ns	     48013	80009ebc	00036f17	auipc	x30,0x36	 x30=0x8003febc
     480155.000 ns	     48014	80009ec0	143f2223	sw	x3,324(x30)	 x30:0x8003febc  x3:0x00000001 PA:0xxxxxxxxx
     480175.000 ns	     48016	80009ec4	ff9ff06f	jal	x0,80009ec0	
     480225.000 ns	     48021	80009ebc	00036f17	auipc	x30,0x36	 x30=0x8003febc
     480235.000 ns	     48022	80009ec0	143f2223	sw	x3,324(x30)	 x30:0x8003febc  x3:0x00000001 PA:0xxxxxxxxx
     480255.000 ns	     48024	80009ec4	ff9ff06f	jal	x0,80009ec0	
     480305.000 ns	     48029	80009ebc	00036f17	auipc	x30,0x36	 x30=0x8003febc
     480315.000 ns	     48030	80009ec0	143f2223	sw	x3,324(x30)	 x30:0x8003febc  x3:0x00000001 PA:0xxxxxxxxx
     480335.000 ns	     48032	80009ec4	ff9ff06f	jal	x0,80009ec0	
     480385.000 ns	     48037	80009ebc	00036f17	auipc	x30,0x36	 x30=0x8003febc
     480395.000 ns	     48038	80009ec0	143f2223	sw	x3,324(x30)	 x30:0x8003febc  x3:0x00000001 PA:0xxxxxxxxx
     480415.000 ns	     48040	80009ec4	ff9ff06f	jal	x0,80009ec0	
     480465.000 ns	     48045	80009ebc	00036f17	auipc	x30,0x36	 x30=0x8003febc
     480475.000 ns	     48046	80009ec0	143f2223	sw	x3,324(x30)	 x30:0x8003febc  x3:0x00000001 PA:0xxxxxxxxx
     480495.000 ns	     48048	80009ec4	ff9ff06f	jal	x0,80009ec0	
     480545.000 ns	     48053	80009ebc	00036f17	auipc	x30,0x36	 x30=0x8003febc
     480555.000 ns	     48054	80009ec0	143f2223	sw	x3,324(x30)	 x30:0x8003febc  x3:0x00000001 PA:0xxxxxxxxx
     480575.000 ns	     48056	80009ec4	ff9ff06f	jal	x0,80009ec0	
     480625.000 ns	     48061	80009ebc	00036f17	auipc	x30,0x36	 x30=0x8003febc
     480635.000 ns	     48062	80009ec0	143f2223	sw	x3,324(x30)	 x30:0x8003febc  x3:0x00000001 PA:0xxxxxxxxx
     480655.000 ns	     48064	80009ec4	ff9ff06f	jal	x0,80009ec0	
     480705.000 ns	     48069	80009ebc	00036f17	auipc	x30,0x36	 x30=0x8003febc
     480715.000 ns	     48070	80009ec0	143f2223	sw	x3,324(x30)	 x30:0x8003febc  x3:0x00000001 PA:0xxxxxxxxx
     480735.000 ns	     48072	80009ec4	ff9ff06f	jal	x0,80009ec0	
     480785.000 ns	     48077	80009ebc	00036f17	auipc	x30,0x36	 x30=0x8003febc
     480795.000 ns	     48078	80009ec0	143f2223	sw	x3,324(x30)	 x30:0x8003febc  x3:0x00000001 PA:0xxxxxxxxx
     480815.000 ns	     48080	80009ec4	ff9ff06f	jal	x0,80009ec0	
     480865.000 ns	     48085	80009ebc	00036f17	auipc	x30,0x36	 x30=0x8003febc
     480875.000 ns	     48086	80009ec0	143f2223	sw	x3,324(x30)	 x30:0x8003febc  x3:0x00000001 PA:0xxxxxxxxx
     480895.000 ns	     48088	80009ec4	ff9ff06f	jal	x0,80009ec0	
     480945.000 ns	     48093	80009ebc	00036f17	auipc	x30,0x36	 x30=0x8003febc
     480955.000 ns	     48094	80009ec0	143f2223	sw	x3,324(x30)	 x30:0x8003febc  x3:0x00000001 PA:0xxxxxxxxx
     480975.000 ns	     48096	80009ec4	ff9ff06f	jal	x0,80009ec0	
     481025.000 ns	     48101	80009ebc	00036f17	auipc	x30,0x36	 x30=0x8003febc
     481035.000 ns	     48102	80009ec0	143f2223	sw	x3,324(x30)	 x30:0x8003febc  x3:0x00000001 PA:0xxxxxxxxx
     481055.000 ns	     48104	80009ec4	ff9ff06f	jal	x0,80009ec0	
     481105.000 ns	     48109	80009ebc	00036f17	auipc	x30,0x36	 x30=0x8003febc
     481115.000 ns	     48110	80009ec0	143f2223	sw	x3,324(x30)	 x30:0x8003febc  x3:0x00000001 PA:0xxxxxxxxx
     481135.000 ns	     48112	80009ec4	ff9ff06f	jal	x0,80009ec0	
     481185.000 ns	     48117	80009ebc	00036f17	auipc	x30,0x36	 x30=0x8003febc
     481195.000 ns	     48118	80009ec0	143f2223	sw	x3,324(x30)	 x30:0x8003febc  x3:0x00000001 PA:0xxxxxxxxx
     481215.000 ns	     48120	80009ec4	ff9ff06f	jal	x0,80009ec0	
     481265.000 ns	     48125	80009ebc	00036f17	auipc	x30,0x36	 x30=0x8003febc
     481275.000 ns	     48126	80009ec0	143f2223	sw	x3,324(x30)	 x30:0x8003febc  x3:0x00000001 PA:0xxxxxxxxx
     481295.000 ns	     48128	80009ec4	ff9ff06f	jal	x0,80009ec0	
     481345.000 ns	     48133	80009ebc	00036f17	auipc	x30,0x36	 x30=0x8003febc
     481355.000 ns	     48134	80009ec0	143f2223	sw	x3,324(x30)	 x30:0x8003febc  x3:0x00000001 PA:0xxxxxxxxx
     481375.000 ns	     48136	80009ec4	ff9ff06f	jal	x0,80009ec0	
     481425.000 ns	     48141	80009ebc	00036f17	auipc	x30,0x36	 x30=0x8003febc
     481435.000 ns	     48142	80009ec0	143f2223	sw	x3,324(x30)	 x30:0x8003febc  x3:0x00000001 PA:0xxxxxxxxx
     481455.000 ns	     48144	80009ec4	ff9ff06f	jal	x0,80009ec0	
     481505.000 ns	     48149	80009ebc	00036f17	auipc	x30,0x36	 x30=0x8003febc
     481515.000 ns	     48150	80009ec0	143f2223	sw	x3,324(x30)	 x30:0x8003febc  x3:0x00000001 PA:0xxxxxxxxx
     481535.000 ns	     48152	80009ec4	ff9ff06f	jal	x0,80009ec0	
     481585.000 ns	     48157	80009ebc	00036f17	auipc	x30,0x36	 x30=0x8003febc
     481595.000 ns	     48158	80009ec0	143f2223	sw	x3,324(x30)	 x30:0x8003febc  x3:0x00000001 PA:0xxxxxxxxx
     481615.000 ns	     48160	80009ec4	ff9ff06f	jal	x0,80009ec0	
     481665.000 ns	     48165	80009ebc	00036f17	auipc	x30,0x36	 x30=0x8003febc
     481675.000 ns	     48166	80009ec0	143f2223	sw	x3,324(x30)	 x30:0x8003febc  x3:0x00000001 PA:0xxxxxxxxx
     481695.000 ns	     48168	80009ec4	ff9ff06f	jal	x0,80009ec0	
     481745.000 ns	     48173	80009ebc	00036f17	auipc	x30,0x36	 x30=0x8003febc
     481755.000 ns	     48174	80009ec0	143f2223	sw	x3,324(x30)	 x30:0x8003febc  x3:0x00000001 PA:0xxxxxxxxx
     481775.000 ns	     48176	80009ec4	ff9ff06f	jal	x0,80009ec0	
     481825.000 ns	     48181	80009ebc	00036f17	auipc	x30,0x36	 x30=0x8003febc
     481835.000 ns	     48182	80009ec0	143f2223	sw	x3,324(x30)	 x30:0x8003febc  x3:0x00000001 PA:0xxxxxxxxx
     481855.000 ns	     48184	80009ec4	ff9ff06f	jal	x0,80009ec0	
     481905.000 ns	     48189	80009ebc	00036f17	auipc	x30,0x36	 x30=0x8003febc
     481915.000 ns	     48190	80009ec0	143f2223	sw	x3,324(x30)	 x30:0x8003febc  x3:0x00000001 PA:0xxxxxxxxx
     481935.000 ns	     48192	80009ec4	ff9ff06f	jal	x0,80009ec0	
     481985.000 ns	     48197	80009ebc	00036f17	auipc	x30,0x36	 x30=0x8003febc
     481995.000 ns	     48198	80009ec0	143f2223	sw	x3,324(x30)	 x30:0x8003febc  x3:0x00000001 PA:0xxxxxxxxx
     482015.000 ns	     48200	80009ec4	ff9ff06f	jal	x0,80009ec0	
     482065.000 ns	     48205	80009ebc	00036f17	auipc	x30,0x36	 x30=0x8003febc
     482075.000 ns	     48206	80009ec0	143f2223	sw	x3,324(x30)	 x30:0x8003febc  x3:0x00000001 PA:0xxxxxxxxx
     482095.000 ns	     48208	80009ec4	ff9ff06f	jal	x0,80009ec0	
     482145.000 ns	     48213	80009ebc	00036f17	auipc	x30,0x36	 x30=0x8003febc
     482155.000 ns	     48214	80009ec0	143f2223	sw	x3,324(x30)	 x30:0x8003febc  x3:0x00000001 PA:0xxxxxxxxx
     482175.000 ns	     48216	80009ec4	ff9ff06f	jal	x0,80009ec0	
     482225.000 ns	     48221	80009ebc	00036f17	auipc	x30,0x36	 x30=0x8003febc
     482235.000 ns	     48222	80009ec0	143f2223	sw	x3,324(x30)	 x30:0x8003febc  x3:0x00000001 PA:0xxxxxxxxx
     482255.000 ns	     48224	80009ec4	ff9ff06f	jal	x0,80009ec0	
     482305.000 ns	     48229	80009ebc	00036f17	auipc	x30,0x36	 x30=0x8003febc
     482315.000 ns	     48230	80009ec0	143f2223	sw	x3,324(x30)	 x30:0x8003febc  x3:0x00000001 PA:0xxxxxxxxx
     482335.000 ns	     48232	80009ec4	ff9ff06f	jal	x0,80009ec0	
     482385.000 ns	     48237	80009ebc	00036f17	auipc	x30,0x36	 x30=0x8003febc
     482395.000 ns	     48238	80009ec0	143f2223	sw	x3,324(x30)	 x30:0x8003febc  x3:0x00000001 PA:0xxxxxxxxx
     482415.000 ns	     48240	80009ec4	ff9ff06f	jal	x0,80009ec0	
     482465.000 ns	     48245	80009ebc	00036f17	auipc	x30,0x36	 x30=0x8003febc
     482475.000 ns	     48246	80009ec0	143f2223	sw	x3,324(x30)	 x30:0x8003febc  x3:0x00000001 PA:0xxxxxxxxx
     482495.000 ns	     48248	80009ec4	ff9ff06f	jal	x0,80009ec0	
     482545.000 ns	     48253	80009ebc	00036f17	auipc	x30,0x36	 x30=0x8003febc
     482555.000 ns	     48254	80009ec0	143f2223	sw	x3,324(x30)	 x30:0x8003febc  x3:0x00000001 PA:0xxxxxxxxx
     482575.000 ns	     48256	80009ec4	ff9ff06f	jal	x0,80009ec0	
     482625.000 ns	     48261	80009ebc	00036f17	auipc	x30,0x36	 x30=0x8003febc
     482635.000 ns	     48262	80009ec0	143f2223	sw	x3,324(x30)	 x30:0x8003febc  x3:0x00000001 PA:0xxxxxxxxx
     482655.000 ns	     48264	80009ec4	ff9ff06f	jal	x0,80009ec0	
     482705.000 ns	     48269	80009ebc	00036f17	auipc	x30,0x36	 x30=0x8003febc
     482715.000 ns	     48270	80009ec0	143f2223	sw	x3,324(x30)	 x30:0x8003febc  x3:0x00000001 PA:0xxxxxxxxx
     482735.000 ns	     48272	80009ec4	ff9ff06f	jal	x0,80009ec0	
     482785.000 ns	     48277	80009ebc	00036f17	auipc	x30,0x36	 x30=0x8003febc
     482795.000 ns	     48278	80009ec0	143f2223	sw	x3,324(x30)	 x30:0x8003febc  x3:0x00000001 PA:0xxxxxxxxx
     482815.000 ns	     48280	80009ec4	ff9ff06f	jal	x0,80009ec0	
     482865.000 ns	     48285	80009ebc	00036f17	auipc	x30,0x36	 x30=0x8003febc
     482875.000 ns	     48286	80009ec0	143f2223	sw	x3,324(x30)	 x30:0x8003febc  x3:0x00000001 PA:0xxxxxxxxx
     482895.000 ns	     48288	80009ec4	ff9ff06f	jal	x0,80009ec0	
     482945.000 ns	     48293	80009ebc	00036f17	auipc	x30,0x36	 x30=0x8003febc
     482955.000 ns	     48294	80009ec0	143f2223	sw	x3,324(x30)	 x30:0x8003febc  x3:0x00000001 PA:0xxxxxxxxx
     482975.000 ns	     48296	80009ec4	ff9ff06f	jal	x0,80009ec0	
     483025.000 ns	     48301	80009ebc	00036f17	auipc	x30,0x36	 x30=0x8003febc
     483035.000 ns	     48302	80009ec0	143f2223	sw	x3,324(x30)	 x30:0x8003febc  x3:0x00000001 PA:0xxxxxxxxx
     483055.000 ns	     48304	80009ec4	ff9ff06f	jal	x0,80009ec0	
     483105.000 ns	     48309	80009ebc	00036f17	auipc	x30,0x36	 x30=0x8003febc
     483115.000 ns	     48310	80009ec0	143f2223	sw	x3,324(x30)	 x30:0x8003febc  x3:0x00000001 PA:0xxxxxxxxx
     483135.000 ns	     48312	80009ec4	ff9ff06f	jal	x0,80009ec0	
     483185.000 ns	     48317	80009ebc	00036f17	auipc	x30,0x36	 x30=0x8003febc
     483195.000 ns	     48318	80009ec0	143f2223	sw	x3,324(x30)	 x30:0x8003febc  x3:0x00000001 PA:0xxxxxxxxx
     483215.000 ns	     48320	80009ec4	ff9ff06f	jal	x0,80009ec0	
     483265.000 ns	     48325	80009ebc	00036f17	auipc	x30,0x36	 x30=0x8003febc
     483275.000 ns	     48326	80009ec0	143f2223	sw	x3,324(x30)	 x30:0x8003febc  x3:0x00000001 PA:0xxxxxxxxx
     483295.000 ns	     48328	80009ec4	ff9ff06f	jal	x0,80009ec0	
     483345.000 ns	     48333	80009ebc	00036f17	auipc	x30,0x36	 x30=0x8003febc
     483355.000 ns	     48334	80009ec0	143f2223	sw	x3,324(x30)	 x30:0x8003febc  x3:0x00000001 PA:0xxxxxxxxx
     483375.000 ns	     48336	80009ec4	ff9ff06f	jal	x0,80009ec0	
     483425.000 ns	     48341	80009ebc	00036f17	auipc	x30,0x36	 x30=0x8003febc
     483435.000 ns	     48342	80009ec0	143f2223	sw	x3,324(x30)	 x30:0x8003febc  x3:0x00000001 PA:0xxxxxxxxx
     483455.000 ns	     48344	80009ec4	ff9ff06f	jal	x0,80009ec0	
     483505.000 ns	     48349	80009ebc	00036f17	auipc	x30,0x36	 x30=0x8003febc
     483515.000 ns	     48350	80009ec0	143f2223	sw	x3,324(x30)	 x30:0x8003febc  x3:0x00000001 PA:0xxxxxxxxx
     483535.000 ns	     48352	80009ec4	ff9ff06f	jal	x0,80009ec0	
     483585.000 ns	     48357	80009ebc	00036f17	auipc	x30,0x36	 x30=0x8003febc
     483595.000 ns	     48358	80009ec0	143f2223	sw	x3,324(x30)	 x30:0x8003febc  x3:0x00000001 PA:0xxxxxxxxx
     483615.000 ns	     48360	80009ec4	ff9ff06f	jal	x0,80009ec0	
     483665.000 ns	     48365	80009ebc	00036f17	auipc	x30,0x36	 x30=0x8003febc
     483675.000 ns	     48366	80009ec0	143f2223	sw	x3,324(x30)	 x30:0x8003febc  x3:0x00000001 PA:0xxxxxxxxx
     483695.000 ns	     48368	80009ec4	ff9ff06f	jal	x0,80009ec0	
     483745.000 ns	     48373	80009ebc	00036f17	auipc	x30,0x36	 x30=0x8003febc
     483755.000 ns	     48374	80009ec0	143f2223	sw	x3,324(x30)	 x30:0x8003febc  x3:0x00000001 PA:0xxxxxxxxx
     483775.000 ns	     48376	80009ec4	ff9ff06f	jal	x0,80009ec0	
     483825.000 ns	     48381	80009ebc	00036f17	auipc	x30,0x36	 x30=0x8003febc
     483835.000 ns	     48382	80009ec0	143f2223	sw	x3,324(x30)	 x30:0x8003febc  x3:0x00000001 PA:0xxxxxxxxx
     483855.000 ns	     48384	80009ec4	ff9ff06f	jal	x0,80009ec0	
     483905.000 ns	     48389	80009ebc	00036f17	auipc	x30,0x36	 x30=0x8003febc
     483915.000 ns	     48390	80009ec0	143f2223	sw	x3,324(x30)	 x30:0x8003febc  x3:0x00000001 PA:0xxxxxxxxx
     483935.000 ns	     48392	80009ec4	ff9ff06f	jal	x0,80009ec0	
     483985.000 ns	     48397	80009ebc	00036f17	auipc	x30,0x36	 x30=0x8003febc
     483995.000 ns	     48398	80009ec0	143f2223	sw	x3,324(x30)	 x30:0x8003febc  x3:0x00000001 PA:0xxxxxxxxx
     484015.000 ns	     48400	80009ec4	ff9ff06f	jal	x0,80009ec0	
     484065.000 ns	     48405	80009ebc	00036f17	auipc	x30,0x36	 x30=0x8003febc
     484075.000 ns	     48406	80009ec0	143f2223	sw	x3,324(x30)	 x30:0x8003febc  x3:0x00000001 PA:0xxxxxxxxx
     484095.000 ns	     48408	80009ec4	ff9ff06f	jal	x0,80009ec0	
     484145.000 ns	     48413	80009ebc	00036f17	auipc	x30,0x36	 x30=0x8003febc
     484155.000 ns	     48414	80009ec0	143f2223	sw	x3,324(x30)	 x30:0x8003febc  x3:0x00000001 PA:0xxxxxxxxx
     484175.000 ns	     48416	80009ec4	ff9ff06f	jal	x0,80009ec0	
     484225.000 ns	     48421	80009ebc	00036f17	auipc	x30,0x36	 x30=0x8003febc
     484235.000 ns	     48422	80009ec0	143f2223	sw	x3,324(x30)	 x30:0x8003febc  x3:0x00000001 PA:0xxxxxxxxx
     484255.000 ns	     48424	80009ec4	ff9ff06f	jal	x0,80009ec0	
     484305.000 ns	     48429	80009ebc	00036f17	auipc	x30,0x36	 x30=0x8003febc
     484315.000 ns	     48430	80009ec0	143f2223	sw	x3,324(x30)	 x30:0x8003febc  x3:0x00000001 PA:0xxxxxxxxx
     484335.000 ns	     48432	80009ec4	ff9ff06f	jal	x0,80009ec0	
     484385.000 ns	     48437	80009ebc	00036f17	auipc	x30,0x36	 x30=0x8003febc
     484395.000 ns	     48438	80009ec0	143f2223	sw	x3,324(x30)	 x30:0x8003febc  x3:0x00000001 PA:0xxxxxxxxx
     484415.000 ns	     48440	80009ec4	ff9ff06f	jal	x0,80009ec0	
     484465.000 ns	     48445	80009ebc	00036f17	auipc	x30,0x36	 x30=0x8003febc
     484475.000 ns	     48446	80009ec0	143f2223	sw	x3,324(x30)	 x30:0x8003febc  x3:0x00000001 PA:0xxxxxxxxx
     484495.000 ns	     48448	80009ec4	ff9ff06f	jal	x0,80009ec0	
     484545.000 ns	     48453	80009ebc	00036f17	auipc	x30,0x36	 x30=0x8003febc
     484555.000 ns	     48454	80009ec0	143f2223	sw	x3,324(x30)	 x30:0x8003febc  x3:0x00000001 PA:0xxxxxxxxx
     484575.000 ns	     48456	80009ec4	ff9ff06f	jal	x0,80009ec0	
     484625.000 ns	     48461	80009ebc	00036f17	auipc	x30,0x36	 x30=0x8003febc
     484635.000 ns	     48462	80009ec0	143f2223	sw	x3,324(x30)	 x30:0x8003febc  x3:0x00000001 PA:0xxxxxxxxx
     484655.000 ns	     48464	80009ec4	ff9ff06f	jal	x0,80009ec0	
     484705.000 ns	     48469	80009ebc	00036f17	auipc	x30,0x36	 x30=0x8003febc
     484715.000 ns	     48470	80009ec0	143f2223	sw	x3,324(x30)	 x30:0x8003febc  x3:0x00000001 PA:0xxxxxxxxx
     484735.000 ns	     48472	80009ec4	ff9ff06f	jal	x0,80009ec0	
     484785.000 ns	     48477	80009ebc	00036f17	auipc	x30,0x36	 x30=0x8003febc
     484795.000 ns	     48478	80009ec0	143f2223	sw	x3,324(x30)	 x30:0x8003febc  x3:0x00000001 PA:0xxxxxxxxx
     484815.000 ns	     48480	80009ec4	ff9ff06f	jal	x0,80009ec0	
     484865.000 ns	     48485	80009ebc	00036f17	auipc	x30,0x36	 x30=0x8003febc
     484875.000 ns	     48486	80009ec0	143f2223	sw	x3,324(x30)	 x30:0x8003febc  x3:0x00000001 PA:0xxxxxxxxx
     484895.000 ns	     48488	80009ec4	ff9ff06f	jal	x0,80009ec0	
     484945.000 ns	     48493	80009ebc	00036f17	auipc	x30,0x36	 x30=0x8003febc
     484955.000 ns	     48494	80009ec0	143f2223	sw	x3,324(x30)	 x30:0x8003febc  x3:0x00000001 PA:0xxxxxxxxx
     484975.000 ns	     48496	80009ec4	ff9ff06f	jal	x0,80009ec0	
     485025.000 ns	     48501	80009ebc	00036f17	auipc	x30,0x36	 x30=0x8003febc
     485035.000 ns	     48502	80009ec0	143f2223	sw	x3,324(x30)	 x30:0x8003febc  x3:0x00000001 PA:0xxxxxxxxx
     485055.000 ns	     48504	80009ec4	ff9ff06f	jal	x0,80009ec0	
     485105.000 ns	     48509	80009ebc	00036f17	auipc	x30,0x36	 x30=0x8003febc
     485115.000 ns	     48510	80009ec0	143f2223	sw	x3,324(x30)	 x30:0x8003febc  x3:0x00000001 PA:0xxxxxxxxx
     485135.000 ns	     48512	80009ec4	ff9ff06f	jal	x0,80009ec0	
     485185.000 ns	     48517	80009ebc	00036f17	auipc	x30,0x36	 x30=0x8003febc
     485195.000 ns	     48518	80009ec0	143f2223	sw	x3,324(x30)	 x30:0x8003febc  x3:0x00000001 PA:0xxxxxxxxx
     485215.000 ns	     48520	80009ec4	ff9ff06f	jal	x0,80009ec0	
     485265.000 ns	     48525	80009ebc	00036f17	auipc	x30,0x36	 x30=0x8003febc
     485275.000 ns	     48526	80009ec0	143f2223	sw	x3,324(x30)	 x30:0x8003febc  x3:0x00000001 PA:0xxxxxxxxx
     485295.000 ns	     48528	80009ec4	ff9ff06f	jal	x0,80009ec0	
     485345.000 ns	     48533	80009ebc	00036f17	auipc	x30,0x36	 x30=0x8003febc
     485355.000 ns	     48534	80009ec0	143f2223	sw	x3,324(x30)	 x30:0x8003febc  x3:0x00000001 PA:0xxxxxxxxx
     485375.000 ns	     48536	80009ec4	ff9ff06f	jal	x0,80009ec0	
     485425.000 ns	     48541	80009ebc	00036f17	auipc	x30,0x36	 x30=0x8003febc
     485435.000 ns	     48542	80009ec0	143f2223	sw	x3,324(x30)	 x30:0x8003febc  x3:0x00000001 PA:0xxxxxxxxx
     485455.000 ns	     48544	80009ec4	ff9ff06f	jal	x0,80009ec0	
     485505.000 ns	     48549	80009ebc	00036f17	auipc	x30,0x36	 x30=0x8003febc
     485515.000 ns	     48550	80009ec0	143f2223	sw	x3,324(x30)	 x30:0x8003febc  x3:0x00000001 PA:0xxxxxxxxx
     485535.000 ns	     48552	80009ec4	ff9ff06f	jal	x0,80009ec0	
     485585.000 ns	     48557	80009ebc	00036f17	auipc	x30,0x36	 x30=0x8003febc
     485595.000 ns	     48558	80009ec0	143f2223	sw	x3,324(x30)	 x30:0x8003febc  x3:0x00000001 PA:0xxxxxxxxx
     485615.000 ns	     48560	80009ec4	ff9ff06f	jal	x0,80009ec0	
     485665.000 ns	     48565	80009ebc	00036f17	auipc	x30,0x36	 x30=0x8003febc
     485675.000 ns	     48566	80009ec0	143f2223	sw	x3,324(x30)	 x30:0x8003febc  x3:0x00000001 PA:0xxxxxxxxx
     485695.000 ns	     48568	80009ec4	ff9ff06f	jal	x0,80009ec0	
     485745.000 ns	     48573	80009ebc	00036f17	auipc	x30,0x36	 x30=0x8003febc
     485755.000 ns	     48574	80009ec0	143f2223	sw	x3,324(x30)	 x30:0x8003febc  x3:0x00000001 PA:0xxxxxxxxx
     485775.000 ns	     48576	80009ec4	ff9ff06f	jal	x0,80009ec0	
     485825.000 ns	     48581	80009ebc	00036f17	auipc	x30,0x36	 x30=0x8003febc
     485835.000 ns	     48582	80009ec0	143f2223	sw	x3,324(x30)	 x30:0x8003febc  x3:0x00000001 PA:0xxxxxxxxx
     485855.000 ns	     48584	80009ec4	ff9ff06f	jal	x0,80009ec0	
     485905.000 ns	     48589	80009ebc	00036f17	auipc	x30,0x36	 x30=0x8003febc
     485915.000 ns	     48590	80009ec0	143f2223	sw	x3,324(x30)	 x30:0x8003febc  x3:0x00000001 PA:0xxxxxxxxx
     485935.000 ns	     48592	80009ec4	ff9ff06f	jal	x0,80009ec0	
     485985.000 ns	     48597	80009ebc	00036f17	auipc	x30,0x36	 x30=0x8003febc
     485995.000 ns	     48598	80009ec0	143f2223	sw	x3,324(x30)	 x30:0x8003febc  x3:0x00000001 PA:0xxxxxxxxx
     486015.000 ns	     48600	80009ec4	ff9ff06f	jal	x0,80009ec0	
     486065.000 ns	     48605	80009ebc	00036f17	auipc	x30,0x36	 x30=0x8003febc
     486075.000 ns	     48606	80009ec0	143f2223	sw	x3,324(x30)	 x30:0x8003febc  x3:0x00000001 PA:0xxxxxxxxx
     486095.000 ns	     48608	80009ec4	ff9ff06f	jal	x0,80009ec0	
     486145.000 ns	     48613	80009ebc	00036f17	auipc	x30,0x36	 x30=0x8003febc
     486155.000 ns	     48614	80009ec0	143f2223	sw	x3,324(x30)	 x30:0x8003febc  x3:0x00000001 PA:0xxxxxxxxx
     486175.000 ns	     48616	80009ec4	ff9ff06f	jal	x0,80009ec0	
     486225.000 ns	     48621	80009ebc	00036f17	auipc	x30,0x36	 x30=0x8003febc
     486235.000 ns	     48622	80009ec0	143f2223	sw	x3,324(x30)	 x30:0x8003febc  x3:0x00000001 PA:0xxxxxxxxx
     486255.000 ns	     48624	80009ec4	ff9ff06f	jal	x0,80009ec0	
     486305.000 ns	     48629	80009ebc	00036f17	auipc	x30,0x36	 x30=0x8003febc
     486315.000 ns	     48630	80009ec0	143f2223	sw	x3,324(x30)	 x30:0x8003febc  x3:0x00000001 PA:0xxxxxxxxx
     486335.000 ns	     48632	80009ec4	ff9ff06f	jal	x0,80009ec0	
     486385.000 ns	     48637	80009ebc	00036f17	auipc	x30,0x36	 x30=0x8003febc
     486395.000 ns	     48638	80009ec0	143f2223	sw	x3,324(x30)	 x30:0x8003febc  x3:0x00000001 PA:0xxxxxxxxx
     486415.000 ns	     48640	80009ec4	ff9ff06f	jal	x0,80009ec0	
     486465.000 ns	     48645	80009ebc	00036f17	auipc	x30,0x36	 x30=0x8003febc
     486475.000 ns	     48646	80009ec0	143f2223	sw	x3,324(x30)	 x30:0x8003febc  x3:0x00000001 PA:0xxxxxxxxx
     486495.000 ns	     48648	80009ec4	ff9ff06f	jal	x0,80009ec0	
     486545.000 ns	     48653	80009ebc	00036f17	auipc	x30,0x36	 x30=0x8003febc
     486555.000 ns	     48654	80009ec0	143f2223	sw	x3,324(x30)	 x30:0x8003febc  x3:0x00000001 PA:0xxxxxxxxx
     486575.000 ns	     48656	80009ec4	ff9ff06f	jal	x0,80009ec0	
     486625.000 ns	     48661	80009ebc	00036f17	auipc	x30,0x36	 x30=0x8003febc
     486635.000 ns	     48662	80009ec0	143f2223	sw	x3,324(x30)	 x30:0x8003febc  x3:0x00000001 PA:0xxxxxxxxx
     486655.000 ns	     48664	80009ec4	ff9ff06f	jal	x0,80009ec0	
     486705.000 ns	     48669	80009ebc	00036f17	auipc	x30,0x36	 x30=0x8003febc
     486715.000 ns	     48670	80009ec0	143f2223	sw	x3,324(x30)	 x30:0x8003febc  x3:0x00000001 PA:0xxxxxxxxx
     486735.000 ns	     48672	80009ec4	ff9ff06f	jal	x0,80009ec0	
     486785.000 ns	     48677	80009ebc	00036f17	auipc	x30,0x36	 x30=0x8003febc
     486795.000 ns	     48678	80009ec0	143f2223	sw	x3,324(x30)	 x30:0x8003febc  x3:0x00000001 PA:0xxxxxxxxx
     486815.000 ns	     48680	80009ec4	ff9ff06f	jal	x0,80009ec0	
     486865.000 ns	     48685	80009ebc	00036f17	auipc	x30,0x36	 x30=0x8003febc
     486875.000 ns	     48686	80009ec0	143f2223	sw	x3,324(x30)	 x30:0x8003febc  x3:0x00000001 PA:0xxxxxxxxx
     486895.000 ns	     48688	80009ec4	ff9ff06f	jal	x0,80009ec0	
     486945.000 ns	     48693	80009ebc	00036f17	auipc	x30,0x36	 x30=0x8003febc
     486955.000 ns	     48694	80009ec0	143f2223	sw	x3,324(x30)	 x30:0x8003febc  x3:0x00000001 PA:0xxxxxxxxx
     486975.000 ns	     48696	80009ec4	ff9ff06f	jal	x0,80009ec0	
     487025.000 ns	     48701	80009ebc	00036f17	auipc	x30,0x36	 x30=0x8003febc
     487035.000 ns	     48702	80009ec0	143f2223	sw	x3,324(x30)	 x30:0x8003febc  x3:0x00000001 PA:0xxxxxxxxx
     487055.000 ns	     48704	80009ec4	ff9ff06f	jal	x0,80009ec0	
     487105.000 ns	     48709	80009ebc	00036f17	auipc	x30,0x36	 x30=0x8003febc
     487115.000 ns	     48710	80009ec0	143f2223	sw	x3,324(x30)	 x30:0x8003febc  x3:0x00000001 PA:0xxxxxxxxx
     487135.000 ns	     48712	80009ec4	ff9ff06f	jal	x0,80009ec0	
     487185.000 ns	     48717	80009ebc	00036f17	auipc	x30,0x36	 x30=0x8003febc
     487195.000 ns	     48718	80009ec0	143f2223	sw	x3,324(x30)	 x30:0x8003febc  x3:0x00000001 PA:0xxxxxxxxx
     487215.000 ns	     48720	80009ec4	ff9ff06f	jal	x0,80009ec0	
     487265.000 ns	     48725	80009ebc	00036f17	auipc	x30,0x36	 x30=0x8003febc
     487275.000 ns	     48726	80009ec0	143f2223	sw	x3,324(x30)	 x30:0x8003febc  x3:0x00000001 PA:0xxxxxxxxx
     487295.000 ns	     48728	80009ec4	ff9ff06f	jal	x0,80009ec0	
     487345.000 ns	     48733	80009ebc	00036f17	auipc	x30,0x36	 x30=0x8003febc
     487355.000 ns	     48734	80009ec0	143f2223	sw	x3,324(x30)	 x30:0x8003febc  x3:0x00000001 PA:0xxxxxxxxx
     487375.000 ns	     48736	80009ec4	ff9ff06f	jal	x0,80009ec0	
     487425.000 ns	     48741	80009ebc	00036f17	auipc	x30,0x36	 x30=0x8003febc
     487435.000 ns	     48742	80009ec0	143f2223	sw	x3,324(x30)	 x30:0x8003febc  x3:0x00000001 PA:0xxxxxxxxx
     487455.000 ns	     48744	80009ec4	ff9ff06f	jal	x0,80009ec0	
     487505.000 ns	     48749	80009ebc	00036f17	auipc	x30,0x36	 x30=0x8003febc
     487515.000 ns	     48750	80009ec0	143f2223	sw	x3,324(x30)	 x30:0x8003febc  x3:0x00000001 PA:0xxxxxxxxx
     487535.000 ns	     48752	80009ec4	ff9ff06f	jal	x0,80009ec0	
     487585.000 ns	     48757	80009ebc	00036f17	auipc	x30,0x36	 x30=0x8003febc
     487595.000 ns	     48758	80009ec0	143f2223	sw	x3,324(x30)	 x30:0x8003febc  x3:0x00000001 PA:0xxxxxxxxx
     487615.000 ns	     48760	80009ec4	ff9ff06f	jal	x0,80009ec0	
     487665.000 ns	     48765	80009ebc	00036f17	auipc	x30,0x36	 x30=0x8003febc
     487675.000 ns	     48766	80009ec0	143f2223	sw	x3,324(x30)	 x30:0x8003febc  x3:0x00000001 PA:0xxxxxxxxx
     487695.000 ns	     48768	80009ec4	ff9ff06f	jal	x0,80009ec0	
     487745.000 ns	     48773	80009ebc	00036f17	auipc	x30,0x36	 x30=0x8003febc
     487755.000 ns	     48774	80009ec0	143f2223	sw	x3,324(x30)	 x30:0x8003febc  x3:0x00000001 PA:0xxxxxxxxx
     487775.000 ns	     48776	80009ec4	ff9ff06f	jal	x0,80009ec0	
     487825.000 ns	     48781	80009ebc	00036f17	auipc	x30,0x36	 x30=0x8003febc
     487835.000 ns	     48782	80009ec0	143f2223	sw	x3,324(x30)	 x30:0x8003febc  x3:0x00000001 PA:0xxxxxxxxx
     487855.000 ns	     48784	80009ec4	ff9ff06f	jal	x0,80009ec0	
     487905.000 ns	     48789	80009ebc	00036f17	auipc	x30,0x36	 x30=0x8003febc
     487915.000 ns	     48790	80009ec0	143f2223	sw	x3,324(x30)	 x30:0x8003febc  x3:0x00000001 PA:0xxxxxxxxx
     487935.000 ns	     48792	80009ec4	ff9ff06f	jal	x0,80009ec0	
     487985.000 ns	     48797	80009ebc	00036f17	auipc	x30,0x36	 x30=0x8003febc
     487995.000 ns	     48798	80009ec0	143f2223	sw	x3,324(x30)	 x30:0x8003febc  x3:0x00000001 PA:0xxxxxxxxx
     488015.000 ns	     48800	80009ec4	ff9ff06f	jal	x0,80009ec0	
     488065.000 ns	     48805	80009ebc	00036f17	auipc	x30,0x36	 x30=0x8003febc
     488075.000 ns	     48806	80009ec0	143f2223	sw	x3,324(x30)	 x30:0x8003febc  x3:0x00000001 PA:0xxxxxxxxx
     488095.000 ns	     48808	80009ec4	ff9ff06f	jal	x0,80009ec0	
     488145.000 ns	     48813	80009ebc	00036f17	auipc	x30,0x36	 x30=0x8003febc
     488155.000 ns	     48814	80009ec0	143f2223	sw	x3,324(x30)	 x30:0x8003febc  x3:0x00000001 PA:0xxxxxxxxx
     488175.000 ns	     48816	80009ec4	ff9ff06f	jal	x0,80009ec0	
     488225.000 ns	     48821	80009ebc	00036f17	auipc	x30,0x36	 x30=0x8003febc
     488235.000 ns	     48822	80009ec0	143f2223	sw	x3,324(x30)	 x30:0x8003febc  x3:0x00000001 PA:0xxxxxxxxx
     488255.000 ns	     48824	80009ec4	ff9ff06f	jal	x0,80009ec0	
     488305.000 ns	     48829	80009ebc	00036f17	auipc	x30,0x36	 x30=0x8003febc
     488315.000 ns	     48830	80009ec0	143f2223	sw	x3,324(x30)	 x30:0x8003febc  x3:0x00000001 PA:0xxxxxxxxx
     488335.000 ns	     48832	80009ec4	ff9ff06f	jal	x0,80009ec0	
     488385.000 ns	     48837	80009ebc	00036f17	auipc	x30,0x36	 x30=0x8003febc
     488395.000 ns	     48838	80009ec0	143f2223	sw	x3,324(x30)	 x30:0x8003febc  x3:0x00000001 PA:0xxxxxxxxx
     488415.000 ns	     48840	80009ec4	ff9ff06f	jal	x0,80009ec0	
     488465.000 ns	     48845	80009ebc	00036f17	auipc	x30,0x36	 x30=0x8003febc
     488475.000 ns	     48846	80009ec0	143f2223	sw	x3,324(x30)	 x30:0x8003febc  x3:0x00000001 PA:0xxxxxxxxx
     488495.000 ns	     48848	80009ec4	ff9ff06f	jal	x0,80009ec0	
     488545.000 ns	     48853	80009ebc	00036f17	auipc	x30,0x36	 x30=0x8003febc
     488555.000 ns	     48854	80009ec0	143f2223	sw	x3,324(x30)	 x30:0x8003febc  x3:0x00000001 PA:0xxxxxxxxx
     488575.000 ns	     48856	80009ec4	ff9ff06f	jal	x0,80009ec0	
     488625.000 ns	     48861	80009ebc	00036f17	auipc	x30,0x36	 x30=0x8003febc
     488635.000 ns	     48862	80009ec0	143f2223	sw	x3,324(x30)	 x30:0x8003febc  x3:0x00000001 PA:0xxxxxxxxx
     488655.000 ns	     48864	80009ec4	ff9ff06f	jal	x0,80009ec0	
     488705.000 ns	     48869	80009ebc	00036f17	auipc	x30,0x36	 x30=0x8003febc
     488715.000 ns	     48870	80009ec0	143f2223	sw	x3,324(x30)	 x30:0x8003febc  x3:0x00000001 PA:0xxxxxxxxx
     488735.000 ns	     48872	80009ec4	ff9ff06f	jal	x0,80009ec0	
     488785.000 ns	     48877	80009ebc	00036f17	auipc	x30,0x36	 x30=0x8003febc
     488795.000 ns	     48878	80009ec0	143f2223	sw	x3,324(x30)	 x30:0x8003febc  x3:0x00000001 PA:0xxxxxxxxx
     488815.000 ns	     48880	80009ec4	ff9ff06f	jal	x0,80009ec0	
     488865.000 ns	     48885	80009ebc	00036f17	auipc	x30,0x36	 x30=0x8003febc
     488875.000 ns	     48886	80009ec0	143f2223	sw	x3,324(x30)	 x30:0x8003febc  x3:0x00000001 PA:0xxxxxxxxx
     488895.000 ns	     48888	80009ec4	ff9ff06f	jal	x0,80009ec0	
     488945.000 ns	     48893	80009ebc	00036f17	auipc	x30,0x36	 x30=0x8003febc
     488955.000 ns	     48894	80009ec0	143f2223	sw	x3,324(x30)	 x30:0x8003febc  x3:0x00000001 PA:0xxxxxxxxx
     488975.000 ns	     48896	80009ec4	ff9ff06f	jal	x0,80009ec0	
     489025.000 ns	     48901	80009ebc	00036f17	auipc	x30,0x36	 x30=0x8003febc
     489035.000 ns	     48902	80009ec0	143f2223	sw	x3,324(x30)	 x30:0x8003febc  x3:0x00000001 PA:0xxxxxxxxx
     489055.000 ns	     48904	80009ec4	ff9ff06f	jal	x0,80009ec0	
     489105.000 ns	     48909	80009ebc	00036f17	auipc	x30,0x36	 x30=0x8003febc
     489115.000 ns	     48910	80009ec0	143f2223	sw	x3,324(x30)	 x30:0x8003febc  x3:0x00000001 PA:0xxxxxxxxx
     489135.000 ns	     48912	80009ec4	ff9ff06f	jal	x0,80009ec0	
     489185.000 ns	     48917	80009ebc	00036f17	auipc	x30,0x36	 x30=0x8003febc
     489195.000 ns	     48918	80009ec0	143f2223	sw	x3,324(x30)	 x30:0x8003febc  x3:0x00000001 PA:0xxxxxxxxx
     489215.000 ns	     48920	80009ec4	ff9ff06f	jal	x0,80009ec0	
     489265.000 ns	     48925	80009ebc	00036f17	auipc	x30,0x36	 x30=0x8003febc
     489275.000 ns	     48926	80009ec0	143f2223	sw	x3,324(x30)	 x30:0x8003febc  x3:0x00000001 PA:0xxxxxxxxx
     489295.000 ns	     48928	80009ec4	ff9ff06f	jal	x0,80009ec0	
     489345.000 ns	     48933	80009ebc	00036f17	auipc	x30,0x36	 x30=0x8003febc
     489355.000 ns	     48934	80009ec0	143f2223	sw	x3,324(x30)	 x30:0x8003febc  x3:0x00000001 PA:0xxxxxxxxx
     489375.000 ns	     48936	80009ec4	ff9ff06f	jal	x0,80009ec0	
     489425.000 ns	     48941	80009ebc	00036f17	auipc	x30,0x36	 x30=0x8003febc
     489435.000 ns	     48942	80009ec0	143f2223	sw	x3,324(x30)	 x30:0x8003febc  x3:0x00000001 PA:0xxxxxxxxx
     489455.000 ns	     48944	80009ec4	ff9ff06f	jal	x0,80009ec0	
     489505.000 ns	     48949	80009ebc	00036f17	auipc	x30,0x36	 x30=0x8003febc
     489515.000 ns	     48950	80009ec0	143f2223	sw	x3,324(x30)	 x30:0x8003febc  x3:0x00000001 PA:0xxxxxxxxx
     489535.000 ns	     48952	80009ec4	ff9ff06f	jal	x0,80009ec0	
     489585.000 ns	     48957	80009ebc	00036f17	auipc	x30,0x36	 x30=0x8003febc
     489595.000 ns	     48958	80009ec0	143f2223	sw	x3,324(x30)	 x30:0x8003febc  x3:0x00000001 PA:0xxxxxxxxx
     489615.000 ns	     48960	80009ec4	ff9ff06f	jal	x0,80009ec0	
     489665.000 ns	     48965	80009ebc	00036f17	auipc	x30,0x36	 x30=0x8003febc
     489675.000 ns	     48966	80009ec0	143f2223	sw	x3,324(x30)	 x30:0x8003febc  x3:0x00000001 PA:0xxxxxxxxx
     489695.000 ns	     48968	80009ec4	ff9ff06f	jal	x0,80009ec0	
     489745.000 ns	     48973	80009ebc	00036f17	auipc	x30,0x36	 x30=0x8003febc
     489755.000 ns	     48974	80009ec0	143f2223	sw	x3,324(x30)	 x30:0x8003febc  x3:0x00000001 PA:0xxxxxxxxx
     489775.000 ns	     48976	80009ec4	ff9ff06f	jal	x0,80009ec0	
     489825.000 ns	     48981	80009ebc	00036f17	auipc	x30,0x36	 x30=0x8003febc
     489835.000 ns	     48982	80009ec0	143f2223	sw	x3,324(x30)	 x30:0x8003febc  x3:0x00000001 PA:0xxxxxxxxx
     489855.000 ns	     48984	80009ec4	ff9ff06f	jal	x0,80009ec0	
     489905.000 ns	     48989	80009ebc	00036f17	auipc	x30,0x36	 x30=0x8003febc
     489915.000 ns	     48990	80009ec0	143f2223	sw	x3,324(x30)	 x30:0x8003febc  x3:0x00000001 PA:0xxxxxxxxx
     489935.000 ns	     48992	80009ec4	ff9ff06f	jal	x0,80009ec0	
     489985.000 ns	     48997	80009ebc	00036f17	auipc	x30,0x36	 x30=0x8003febc
     489995.000 ns	     48998	80009ec0	143f2223	sw	x3,324(x30)	 x30:0x8003febc  x3:0x00000001 PA:0xxxxxxxxx
     490015.000 ns	     49000	80009ec4	ff9ff06f	jal	x0,80009ec0	
     490065.000 ns	     49005	80009ebc	00036f17	auipc	x30,0x36	 x30=0x8003febc
     490075.000 ns	     49006	80009ec0	143f2223	sw	x3,324(x30)	 x30:0x8003febc  x3:0x00000001 PA:0xxxxxxxxx
     490095.000 ns	     49008	80009ec4	ff9ff06f	jal	x0,80009ec0	
     490145.000 ns	     49013	80009ebc	00036f17	auipc	x30,0x36	 x30=0x8003febc
     490155.000 ns	     49014	80009ec0	143f2223	sw	x3,324(x30)	 x30:0x8003febc  x3:0x00000001 PA:0xxxxxxxxx
     490175.000 ns	     49016	80009ec4	ff9ff06f	jal	x0,80009ec0	
     490225.000 ns	     49021	80009ebc	00036f17	auipc	x30,0x36	 x30=0x8003febc
     490235.000 ns	     49022	80009ec0	143f2223	sw	x3,324(x30)	 x30:0x8003febc  x3:0x00000001 PA:0xxxxxxxxx
     490255.000 ns	     49024	80009ec4	ff9ff06f	jal	x0,80009ec0	
     490305.000 ns	     49029	80009ebc	00036f17	auipc	x30,0x36	 x30=0x8003febc
     490315.000 ns	     49030	80009ec0	143f2223	sw	x3,324(x30)	 x30:0x8003febc  x3:0x00000001 PA:0xxxxxxxxx
     490335.000 ns	     49032	80009ec4	ff9ff06f	jal	x0,80009ec0	
     490385.000 ns	     49037	80009ebc	00036f17	auipc	x30,0x36	 x30=0x8003febc
     490395.000 ns	     49038	80009ec0	143f2223	sw	x3,324(x30)	 x30:0x8003febc  x3:0x00000001 PA:0xxxxxxxxx
     490415.000 ns	     49040	80009ec4	ff9ff06f	jal	x0,80009ec0	
     490465.000 ns	     49045	80009ebc	00036f17	auipc	x30,0x36	 x30=0x8003febc
     490475.000 ns	     49046	80009ec0	143f2223	sw	x3,324(x30)	 x30:0x8003febc  x3:0x00000001 PA:0xxxxxxxxx
     490495.000 ns	     49048	80009ec4	ff9ff06f	jal	x0,80009ec0	
     490545.000 ns	     49053	80009ebc	00036f17	auipc	x30,0x36	 x30=0x8003febc
     490555.000 ns	     49054	80009ec0	143f2223	sw	x3,324(x30)	 x30:0x8003febc  x3:0x00000001 PA:0xxxxxxxxx
     490575.000 ns	     49056	80009ec4	ff9ff06f	jal	x0,80009ec0	
     490625.000 ns	     49061	80009ebc	00036f17	auipc	x30,0x36	 x30=0x8003febc
     490635.000 ns	     49062	80009ec0	143f2223	sw	x3,324(x30)	 x30:0x8003febc  x3:0x00000001 PA:0xxxxxxxxx
     490655.000 ns	     49064	80009ec4	ff9ff06f	jal	x0,80009ec0	
     490705.000 ns	     49069	80009ebc	00036f17	auipc	x30,0x36	 x30=0x8003febc
     490715.000 ns	     49070	80009ec0	143f2223	sw	x3,324(x30)	 x30:0x8003febc  x3:0x00000001 PA:0xxxxxxxxx
     490735.000 ns	     49072	80009ec4	ff9ff06f	jal	x0,80009ec0	
     490785.000 ns	     49077	80009ebc	00036f17	auipc	x30,0x36	 x30=0x8003febc
     490795.000 ns	     49078	80009ec0	143f2223	sw	x3,324(x30)	 x30:0x8003febc  x3:0x00000001 PA:0xxxxxxxxx
     490815.000 ns	     49080	80009ec4	ff9ff06f	jal	x0,80009ec0	
     490865.000 ns	     49085	80009ebc	00036f17	auipc	x30,0x36	 x30=0x8003febc
     490875.000 ns	     49086	80009ec0	143f2223	sw	x3,324(x30)	 x30:0x8003febc  x3:0x00000001 PA:0xxxxxxxxx
     490895.000 ns	     49088	80009ec4	ff9ff06f	jal	x0,80009ec0	
     490945.000 ns	     49093	80009ebc	00036f17	auipc	x30,0x36	 x30=0x8003febc
     490955.000 ns	     49094	80009ec0	143f2223	sw	x3,324(x30)	 x30:0x8003febc  x3:0x00000001 PA:0xxxxxxxxx
     490975.000 ns	     49096	80009ec4	ff9ff06f	jal	x0,80009ec0	
     491025.000 ns	     49101	80009ebc	00036f17	auipc	x30,0x36	 x30=0x8003febc
     491035.000 ns	     49102	80009ec0	143f2223	sw	x3,324(x30)	 x30:0x8003febc  x3:0x00000001 PA:0xxxxxxxxx
     491055.000 ns	     49104	80009ec4	ff9ff06f	jal	x0,80009ec0	
     491105.000 ns	     49109	80009ebc	00036f17	auipc	x30,0x36	 x30=0x8003febc
     491115.000 ns	     49110	80009ec0	143f2223	sw	x3,324(x30)	 x30:0x8003febc  x3:0x00000001 PA:0xxxxxxxxx
     491135.000 ns	     49112	80009ec4	ff9ff06f	jal	x0,80009ec0	
     491185.000 ns	     49117	80009ebc	00036f17	auipc	x30,0x36	 x30=0x8003febc
     491195.000 ns	     49118	80009ec0	143f2223	sw	x3,324(x30)	 x30:0x8003febc  x3:0x00000001 PA:0xxxxxxxxx
     491215.000 ns	     49120	80009ec4	ff9ff06f	jal	x0,80009ec0	
     491265.000 ns	     49125	80009ebc	00036f17	auipc	x30,0x36	 x30=0x8003febc
     491275.000 ns	     49126	80009ec0	143f2223	sw	x3,324(x30)	 x30:0x8003febc  x3:0x00000001 PA:0xxxxxxxxx
     491295.000 ns	     49128	80009ec4	ff9ff06f	jal	x0,80009ec0	
     491345.000 ns	     49133	80009ebc	00036f17	auipc	x30,0x36	 x30=0x8003febc
     491355.000 ns	     49134	80009ec0	143f2223	sw	x3,324(x30)	 x30:0x8003febc  x3:0x00000001 PA:0xxxxxxxxx
     491375.000 ns	     49136	80009ec4	ff9ff06f	jal	x0,80009ec0	
     491425.000 ns	     49141	80009ebc	00036f17	auipc	x30,0x36	 x30=0x8003febc
     491435.000 ns	     49142	80009ec0	143f2223	sw	x3,324(x30)	 x30:0x8003febc  x3:0x00000001 PA:0xxxxxxxxx
     491455.000 ns	     49144	80009ec4	ff9ff06f	jal	x0,80009ec0	
     491505.000 ns	     49149	80009ebc	00036f17	auipc	x30,0x36	 x30=0x8003febc
     491515.000 ns	     49150	80009ec0	143f2223	sw	x3,324(x30)	 x30:0x8003febc  x3:0x00000001 PA:0xxxxxxxxx
     491535.000 ns	     49152	80009ec4	ff9ff06f	jal	x0,80009ec0	
     491585.000 ns	     49157	80009ebc	00036f17	auipc	x30,0x36	 x30=0x8003febc
     491595.000 ns	     49158	80009ec0	143f2223	sw	x3,324(x30)	 x30:0x8003febc  x3:0x00000001 PA:0xxxxxxxxx
     491615.000 ns	     49160	80009ec4	ff9ff06f	jal	x0,80009ec0	
     491665.000 ns	     49165	80009ebc	00036f17	auipc	x30,0x36	 x30=0x8003febc
     491675.000 ns	     49166	80009ec0	143f2223	sw	x3,324(x30)	 x30:0x8003febc  x3:0x00000001 PA:0xxxxxxxxx
     491695.000 ns	     49168	80009ec4	ff9ff06f	jal	x0,80009ec0	
     491745.000 ns	     49173	80009ebc	00036f17	auipc	x30,0x36	 x30=0x8003febc
     491755.000 ns	     49174	80009ec0	143f2223	sw	x3,324(x30)	 x30:0x8003febc  x3:0x00000001 PA:0xxxxxxxxx
     491775.000 ns	     49176	80009ec4	ff9ff06f	jal	x0,80009ec0	
     491825.000 ns	     49181	80009ebc	00036f17	auipc	x30,0x36	 x30=0x8003febc
     491835.000 ns	     49182	80009ec0	143f2223	sw	x3,324(x30)	 x30:0x8003febc  x3:0x00000001 PA:0xxxxxxxxx
     491855.000 ns	     49184	80009ec4	ff9ff06f	jal	x0,80009ec0	
     491905.000 ns	     49189	80009ebc	00036f17	auipc	x30,0x36	 x30=0x8003febc
     491915.000 ns	     49190	80009ec0	143f2223	sw	x3,324(x30)	 x30:0x8003febc  x3:0x00000001 PA:0xxxxxxxxx
     491935.000 ns	     49192	80009ec4	ff9ff06f	jal	x0,80009ec0	
     491985.000 ns	     49197	80009ebc	00036f17	auipc	x30,0x36	 x30=0x8003febc
     491995.000 ns	     49198	80009ec0	143f2223	sw	x3,324(x30)	 x30:0x8003febc  x3:0x00000001 PA:0xxxxxxxxx
     492015.000 ns	     49200	80009ec4	ff9ff06f	jal	x0,80009ec0	
     492065.000 ns	     49205	80009ebc	00036f17	auipc	x30,0x36	 x30=0x8003febc
     492075.000 ns	     49206	80009ec0	143f2223	sw	x3,324(x30)	 x30:0x8003febc  x3:0x00000001 PA:0xxxxxxxxx
     492095.000 ns	     49208	80009ec4	ff9ff06f	jal	x0,80009ec0	
     492145.000 ns	     49213	80009ebc	00036f17	auipc	x30,0x36	 x30=0x8003febc
     492155.000 ns	     49214	80009ec0	143f2223	sw	x3,324(x30)	 x30:0x8003febc  x3:0x00000001 PA:0xxxxxxxxx
     492175.000 ns	     49216	80009ec4	ff9ff06f	jal	x0,80009ec0	
     492225.000 ns	     49221	80009ebc	00036f17	auipc	x30,0x36	 x30=0x8003febc
     492235.000 ns	     49222	80009ec0	143f2223	sw	x3,324(x30)	 x30:0x8003febc  x3:0x00000001 PA:0xxxxxxxxx
     492255.000 ns	     49224	80009ec4	ff9ff06f	jal	x0,80009ec0	
     492305.000 ns	     49229	80009ebc	00036f17	auipc	x30,0x36	 x30=0x8003febc
     492315.000 ns	     49230	80009ec0	143f2223	sw	x3,324(x30)	 x30:0x8003febc  x3:0x00000001 PA:0xxxxxxxxx
     492335.000 ns	     49232	80009ec4	ff9ff06f	jal	x0,80009ec0	
     492385.000 ns	     49237	80009ebc	00036f17	auipc	x30,0x36	 x30=0x8003febc
     492395.000 ns	     49238	80009ec0	143f2223	sw	x3,324(x30)	 x30:0x8003febc  x3:0x00000001 PA:0xxxxxxxxx
     492415.000 ns	     49240	80009ec4	ff9ff06f	jal	x0,80009ec0	
     492465.000 ns	     49245	80009ebc	00036f17	auipc	x30,0x36	 x30=0x8003febc
     492475.000 ns	     49246	80009ec0	143f2223	sw	x3,324(x30)	 x30:0x8003febc  x3:0x00000001 PA:0xxxxxxxxx
     492495.000 ns	     49248	80009ec4	ff9ff06f	jal	x0,80009ec0	
     492545.000 ns	     49253	80009ebc	00036f17	auipc	x30,0x36	 x30=0x8003febc
     492555.000 ns	     49254	80009ec0	143f2223	sw	x3,324(x30)	 x30:0x8003febc  x3:0x00000001 PA:0xxxxxxxxx
     492575.000 ns	     49256	80009ec4	ff9ff06f	jal	x0,80009ec0	
     492625.000 ns	     49261	80009ebc	00036f17	auipc	x30,0x36	 x30=0x8003febc
     492635.000 ns	     49262	80009ec0	143f2223	sw	x3,324(x30)	 x30:0x8003febc  x3:0x00000001 PA:0xxxxxxxxx
     492655.000 ns	     49264	80009ec4	ff9ff06f	jal	x0,80009ec0	
     492705.000 ns	     49269	80009ebc	00036f17	auipc	x30,0x36	 x30=0x8003febc
     492715.000 ns	     49270	80009ec0	143f2223	sw	x3,324(x30)	 x30:0x8003febc  x3:0x00000001 PA:0xxxxxxxxx
     492735.000 ns	     49272	80009ec4	ff9ff06f	jal	x0,80009ec0	
     492785.000 ns	     49277	80009ebc	00036f17	auipc	x30,0x36	 x30=0x8003febc
     492795.000 ns	     49278	80009ec0	143f2223	sw	x3,324(x30)	 x30:0x8003febc  x3:0x00000001 PA:0xxxxxxxxx
     492815.000 ns	     49280	80009ec4	ff9ff06f	jal	x0,80009ec0	
     492865.000 ns	     49285	80009ebc	00036f17	auipc	x30,0x36	 x30=0x8003febc
     492875.000 ns	     49286	80009ec0	143f2223	sw	x3,324(x30)	 x30:0x8003febc  x3:0x00000001 PA:0xxxxxxxxx
     492895.000 ns	     49288	80009ec4	ff9ff06f	jal	x0,80009ec0	
     492945.000 ns	     49293	80009ebc	00036f17	auipc	x30,0x36	 x30=0x8003febc
     492955.000 ns	     49294	80009ec0	143f2223	sw	x3,324(x30)	 x30:0x8003febc  x3:0x00000001 PA:0xxxxxxxxx
     492975.000 ns	     49296	80009ec4	ff9ff06f	jal	x0,80009ec0	
     493025.000 ns	     49301	80009ebc	00036f17	auipc	x30,0x36	 x30=0x8003febc
     493035.000 ns	     49302	80009ec0	143f2223	sw	x3,324(x30)	 x30:0x8003febc  x3:0x00000001 PA:0xxxxxxxxx
     493055.000 ns	     49304	80009ec4	ff9ff06f	jal	x0,80009ec0	
     493105.000 ns	     49309	80009ebc	00036f17	auipc	x30,0x36	 x30=0x8003febc
     493115.000 ns	     49310	80009ec0	143f2223	sw	x3,324(x30)	 x30:0x8003febc  x3:0x00000001 PA:0xxxxxxxxx
     493135.000 ns	     49312	80009ec4	ff9ff06f	jal	x0,80009ec0	
     493185.000 ns	     49317	80009ebc	00036f17	auipc	x30,0x36	 x30=0x8003febc
     493195.000 ns	     49318	80009ec0	143f2223	sw	x3,324(x30)	 x30:0x8003febc  x3:0x00000001 PA:0xxxxxxxxx
     493215.000 ns	     49320	80009ec4	ff9ff06f	jal	x0,80009ec0	
     493265.000 ns	     49325	80009ebc	00036f17	auipc	x30,0x36	 x30=0x8003febc
     493275.000 ns	     49326	80009ec0	143f2223	sw	x3,324(x30)	 x30:0x8003febc  x3:0x00000001 PA:0xxxxxxxxx
     493295.000 ns	     49328	80009ec4	ff9ff06f	jal	x0,80009ec0	
     493345.000 ns	     49333	80009ebc	00036f17	auipc	x30,0x36	 x30=0x8003febc
     493355.000 ns	     49334	80009ec0	143f2223	sw	x3,324(x30)	 x30:0x8003febc  x3:0x00000001 PA:0xxxxxxxxx
     493375.000 ns	     49336	80009ec4	ff9ff06f	jal	x0,80009ec0	
     493425.000 ns	     49341	80009ebc	00036f17	auipc	x30,0x36	 x30=0x8003febc
     493435.000 ns	     49342	80009ec0	143f2223	sw	x3,324(x30)	 x30:0x8003febc  x3:0x00000001 PA:0xxxxxxxxx
     493455.000 ns	     49344	80009ec4	ff9ff06f	jal	x0,80009ec0	
     493505.000 ns	     49349	80009ebc	00036f17	auipc	x30,0x36	 x30=0x8003febc
     493515.000 ns	     49350	80009ec0	143f2223	sw	x3,324(x30)	 x30:0x8003febc  x3:0x00000001 PA:0xxxxxxxxx
     493535.000 ns	     49352	80009ec4	ff9ff06f	jal	x0,80009ec0	
     493585.000 ns	     49357	80009ebc	00036f17	auipc	x30,0x36	 x30=0x8003febc
     493595.000 ns	     49358	80009ec0	143f2223	sw	x3,324(x30)	 x30:0x8003febc  x3:0x00000001 PA:0xxxxxxxxx
     493615.000 ns	     49360	80009ec4	ff9ff06f	jal	x0,80009ec0	
     493665.000 ns	     49365	80009ebc	00036f17	auipc	x30,0x36	 x30=0x8003febc
     493675.000 ns	     49366	80009ec0	143f2223	sw	x3,324(x30)	 x30:0x8003febc  x3:0x00000001 PA:0xxxxxxxxx
     493695.000 ns	     49368	80009ec4	ff9ff06f	jal	x0,80009ec0	
     493745.000 ns	     49373	80009ebc	00036f17	auipc	x30,0x36	 x30=0x8003febc
     493755.000 ns	     49374	80009ec0	143f2223	sw	x3,324(x30)	 x30:0x8003febc  x3:0x00000001 PA:0xxxxxxxxx
     493775.000 ns	     49376	80009ec4	ff9ff06f	jal	x0,80009ec0	
     493825.000 ns	     49381	80009ebc	00036f17	auipc	x30,0x36	 x30=0x8003febc
     493835.000 ns	     49382	80009ec0	143f2223	sw	x3,324(x30)	 x30:0x8003febc  x3:0x00000001 PA:0xxxxxxxxx
     493855.000 ns	     49384	80009ec4	ff9ff06f	jal	x0,80009ec0	
     493905.000 ns	     49389	80009ebc	00036f17	auipc	x30,0x36	 x30=0x8003febc
     493915.000 ns	     49390	80009ec0	143f2223	sw	x3,324(x30)	 x30:0x8003febc  x3:0x00000001 PA:0xxxxxxxxx
     493935.000 ns	     49392	80009ec4	ff9ff06f	jal	x0,80009ec0	
     493985.000 ns	     49397	80009ebc	00036f17	auipc	x30,0x36	 x30=0x8003febc
     493995.000 ns	     49398	80009ec0	143f2223	sw	x3,324(x30)	 x30:0x8003febc  x3:0x00000001 PA:0xxxxxxxxx
     494015.000 ns	     49400	80009ec4	ff9ff06f	jal	x0,80009ec0	
     494065.000 ns	     49405	80009ebc	00036f17	auipc	x30,0x36	 x30=0x8003febc
     494075.000 ns	     49406	80009ec0	143f2223	sw	x3,324(x30)	 x30:0x8003febc  x3:0x00000001 PA:0xxxxxxxxx
     494095.000 ns	     49408	80009ec4	ff9ff06f	jal	x0,80009ec0	
     494145.000 ns	     49413	80009ebc	00036f17	auipc	x30,0x36	 x30=0x8003febc
     494155.000 ns	     49414	80009ec0	143f2223	sw	x3,324(x30)	 x30:0x8003febc  x3:0x00000001 PA:0xxxxxxxxx
     494175.000 ns	     49416	80009ec4	ff9ff06f	jal	x0,80009ec0	
     494225.000 ns	     49421	80009ebc	00036f17	auipc	x30,0x36	 x30=0x8003febc
     494235.000 ns	     49422	80009ec0	143f2223	sw	x3,324(x30)	 x30:0x8003febc  x3:0x00000001 PA:0xxxxxxxxx
     494255.000 ns	     49424	80009ec4	ff9ff06f	jal	x0,80009ec0	
     494305.000 ns	     49429	80009ebc	00036f17	auipc	x30,0x36	 x30=0x8003febc
     494315.000 ns	     49430	80009ec0	143f2223	sw	x3,324(x30)	 x30:0x8003febc  x3:0x00000001 PA:0xxxxxxxxx
     494335.000 ns	     49432	80009ec4	ff9ff06f	jal	x0,80009ec0	
     494385.000 ns	     49437	80009ebc	00036f17	auipc	x30,0x36	 x30=0x8003febc
     494395.000 ns	     49438	80009ec0	143f2223	sw	x3,324(x30)	 x30:0x8003febc  x3:0x00000001 PA:0xxxxxxxxx
     494415.000 ns	     49440	80009ec4	ff9ff06f	jal	x0,80009ec0	
     494465.000 ns	     49445	80009ebc	00036f17	auipc	x30,0x36	 x30=0x8003febc
     494475.000 ns	     49446	80009ec0	143f2223	sw	x3,324(x30)	 x30:0x8003febc  x3:0x00000001 PA:0xxxxxxxxx
     494495.000 ns	     49448	80009ec4	ff9ff06f	jal	x0,80009ec0	
     494545.000 ns	     49453	80009ebc	00036f17	auipc	x30,0x36	 x30=0x8003febc
     494555.000 ns	     49454	80009ec0	143f2223	sw	x3,324(x30)	 x30:0x8003febc  x3:0x00000001 PA:0xxxxxxxxx
     494575.000 ns	     49456	80009ec4	ff9ff06f	jal	x0,80009ec0	
     494625.000 ns	     49461	80009ebc	00036f17	auipc	x30,0x36	 x30=0x8003febc
     494635.000 ns	     49462	80009ec0	143f2223	sw	x3,324(x30)	 x30:0x8003febc  x3:0x00000001 PA:0xxxxxxxxx
     494655.000 ns	     49464	80009ec4	ff9ff06f	jal	x0,80009ec0	
     494705.000 ns	     49469	80009ebc	00036f17	auipc	x30,0x36	 x30=0x8003febc
     494715.000 ns	     49470	80009ec0	143f2223	sw	x3,324(x30)	 x30:0x8003febc  x3:0x00000001 PA:0xxxxxxxxx
     494735.000 ns	     49472	80009ec4	ff9ff06f	jal	x0,80009ec0	
     494785.000 ns	     49477	80009ebc	00036f17	auipc	x30,0x36	 x30=0x8003febc
     494795.000 ns	     49478	80009ec0	143f2223	sw	x3,324(x30)	 x30:0x8003febc  x3:0x00000001 PA:0xxxxxxxxx
     494815.000 ns	     49480	80009ec4	ff9ff06f	jal	x0,80009ec0	
     494865.000 ns	     49485	80009ebc	00036f17	auipc	x30,0x36	 x30=0x8003febc
     494875.000 ns	     49486	80009ec0	143f2223	sw	x3,324(x30)	 x30:0x8003febc  x3:0x00000001 PA:0xxxxxxxxx
     494895.000 ns	     49488	80009ec4	ff9ff06f	jal	x0,80009ec0	
     494945.000 ns	     49493	80009ebc	00036f17	auipc	x30,0x36	 x30=0x8003febc
     494955.000 ns	     49494	80009ec0	143f2223	sw	x3,324(x30)	 x30:0x8003febc  x3:0x00000001 PA:0xxxxxxxxx
     494975.000 ns	     49496	80009ec4	ff9ff06f	jal	x0,80009ec0	
     495025.000 ns	     49501	80009ebc	00036f17	auipc	x30,0x36	 x30=0x8003febc
     495035.000 ns	     49502	80009ec0	143f2223	sw	x3,324(x30)	 x30:0x8003febc  x3:0x00000001 PA:0xxxxxxxxx
     495055.000 ns	     49504	80009ec4	ff9ff06f	jal	x0,80009ec0	
     495105.000 ns	     49509	80009ebc	00036f17	auipc	x30,0x36	 x30=0x8003febc
     495115.000 ns	     49510	80009ec0	143f2223	sw	x3,324(x30)	 x30:0x8003febc  x3:0x00000001 PA:0xxxxxxxxx
     495135.000 ns	     49512	80009ec4	ff9ff06f	jal	x0,80009ec0	
     495185.000 ns	     49517	80009ebc	00036f17	auipc	x30,0x36	 x30=0x8003febc
     495195.000 ns	     49518	80009ec0	143f2223	sw	x3,324(x30)	 x30:0x8003febc  x3:0x00000001 PA:0xxxxxxxxx
     495215.000 ns	     49520	80009ec4	ff9ff06f	jal	x0,80009ec0	
     495265.000 ns	     49525	80009ebc	00036f17	auipc	x30,0x36	 x30=0x8003febc
     495275.000 ns	     49526	80009ec0	143f2223	sw	x3,324(x30)	 x30:0x8003febc  x3:0x00000001 PA:0xxxxxxxxx
     495295.000 ns	     49528	80009ec4	ff9ff06f	jal	x0,80009ec0	
     495345.000 ns	     49533	80009ebc	00036f17	auipc	x30,0x36	 x30=0x8003febc
     495355.000 ns	     49534	80009ec0	143f2223	sw	x3,324(x30)	 x30:0x8003febc  x3:0x00000001 PA:0xxxxxxxxx
     495375.000 ns	     49536	80009ec4	ff9ff06f	jal	x0,80009ec0	
     495425.000 ns	     49541	80009ebc	00036f17	auipc	x30,0x36	 x30=0x8003febc
     495435.000 ns	     49542	80009ec0	143f2223	sw	x3,324(x30)	 x30:0x8003febc  x3:0x00000001 PA:0xxxxxxxxx
     495455.000 ns	     49544	80009ec4	ff9ff06f	jal	x0,80009ec0	
     495505.000 ns	     49549	80009ebc	00036f17	auipc	x30,0x36	 x30=0x8003febc
     495515.000 ns	     49550	80009ec0	143f2223	sw	x3,324(x30)	 x30:0x8003febc  x3:0x00000001 PA:0xxxxxxxxx
     495535.000 ns	     49552	80009ec4	ff9ff06f	jal	x0,80009ec0	
     495585.000 ns	     49557	80009ebc	00036f17	auipc	x30,0x36	 x30=0x8003febc
     495595.000 ns	     49558	80009ec0	143f2223	sw	x3,324(x30)	 x30:0x8003febc  x3:0x00000001 PA:0xxxxxxxxx
     495615.000 ns	     49560	80009ec4	ff9ff06f	jal	x0,80009ec0	
     495665.000 ns	     49565	80009ebc	00036f17	auipc	x30,0x36	 x30=0x8003febc
     495675.000 ns	     49566	80009ec0	143f2223	sw	x3,324(x30)	 x30:0x8003febc  x3:0x00000001 PA:0xxxxxxxxx
     495695.000 ns	     49568	80009ec4	ff9ff06f	jal	x0,80009ec0	
     495745.000 ns	     49573	80009ebc	00036f17	auipc	x30,0x36	 x30=0x8003febc
     495755.000 ns	     49574	80009ec0	143f2223	sw	x3,324(x30)	 x30:0x8003febc  x3:0x00000001 PA:0xxxxxxxxx
     495775.000 ns	     49576	80009ec4	ff9ff06f	jal	x0,80009ec0	
     495825.000 ns	     49581	80009ebc	00036f17	auipc	x30,0x36	 x30=0x8003febc
     495835.000 ns	     49582	80009ec0	143f2223	sw	x3,324(x30)	 x30:0x8003febc  x3:0x00000001 PA:0xxxxxxxxx
     495855.000 ns	     49584	80009ec4	ff9ff06f	jal	x0,80009ec0	
     495905.000 ns	     49589	80009ebc	00036f17	auipc	x30,0x36	 x30=0x8003febc
     495915.000 ns	     49590	80009ec0	143f2223	sw	x3,324(x30)	 x30:0x8003febc  x3:0x00000001 PA:0xxxxxxxxx
     495935.000 ns	     49592	80009ec4	ff9ff06f	jal	x0,80009ec0	
     495985.000 ns	     49597	80009ebc	00036f17	auipc	x30,0x36	 x30=0x8003febc
     495995.000 ns	     49598	80009ec0	143f2223	sw	x3,324(x30)	 x30:0x8003febc  x3:0x00000001 PA:0xxxxxxxxx
     496015.000 ns	     49600	80009ec4	ff9ff06f	jal	x0,80009ec0	
     496065.000 ns	     49605	80009ebc	00036f17	auipc	x30,0x36	 x30=0x8003febc
     496075.000 ns	     49606	80009ec0	143f2223	sw	x3,324(x30)	 x30:0x8003febc  x3:0x00000001 PA:0xxxxxxxxx
     496095.000 ns	     49608	80009ec4	ff9ff06f	jal	x0,80009ec0	
     496145.000 ns	     49613	80009ebc	00036f17	auipc	x30,0x36	 x30=0x8003febc
     496155.000 ns	     49614	80009ec0	143f2223	sw	x3,324(x30)	 x30:0x8003febc  x3:0x00000001 PA:0xxxxxxxxx
     496175.000 ns	     49616	80009ec4	ff9ff06f	jal	x0,80009ec0	
     496225.000 ns	     49621	80009ebc	00036f17	auipc	x30,0x36	 x30=0x8003febc
     496235.000 ns	     49622	80009ec0	143f2223	sw	x3,324(x30)	 x30:0x8003febc  x3:0x00000001 PA:0xxxxxxxxx
     496255.000 ns	     49624	80009ec4	ff9ff06f	jal	x0,80009ec0	
     496305.000 ns	     49629	80009ebc	00036f17	auipc	x30,0x36	 x30=0x8003febc
     496315.000 ns	     49630	80009ec0	143f2223	sw	x3,324(x30)	 x30:0x8003febc  x3:0x00000001 PA:0xxxxxxxxx
     496335.000 ns	     49632	80009ec4	ff9ff06f	jal	x0,80009ec0	
     496385.000 ns	     49637	80009ebc	00036f17	auipc	x30,0x36	 x30=0x8003febc
     496395.000 ns	     49638	80009ec0	143f2223	sw	x3,324(x30)	 x30:0x8003febc  x3:0x00000001 PA:0xxxxxxxxx
     496415.000 ns	     49640	80009ec4	ff9ff06f	jal	x0,80009ec0	
     496465.000 ns	     49645	80009ebc	00036f17	auipc	x30,0x36	 x30=0x8003febc
     496475.000 ns	     49646	80009ec0	143f2223	sw	x3,324(x30)	 x30:0x8003febc  x3:0x00000001 PA:0xxxxxxxxx
     496495.000 ns	     49648	80009ec4	ff9ff06f	jal	x0,80009ec0	
     496545.000 ns	     49653	80009ebc	00036f17	auipc	x30,0x36	 x30=0x8003febc
     496555.000 ns	     49654	80009ec0	143f2223	sw	x3,324(x30)	 x30:0x8003febc  x3:0x00000001 PA:0xxxxxxxxx
     496575.000 ns	     49656	80009ec4	ff9ff06f	jal	x0,80009ec0	
     496625.000 ns	     49661	80009ebc	00036f17	auipc	x30,0x36	 x30=0x8003febc
     496635.000 ns	     49662	80009ec0	143f2223	sw	x3,324(x30)	 x30:0x8003febc  x3:0x00000001 PA:0xxxxxxxxx
     496655.000 ns	     49664	80009ec4	ff9ff06f	jal	x0,80009ec0	
     496705.000 ns	     49669	80009ebc	00036f17	auipc	x30,0x36	 x30=0x8003febc
     496715.000 ns	     49670	80009ec0	143f2223	sw	x3,324(x30)	 x30:0x8003febc  x3:0x00000001 PA:0xxxxxxxxx
     496735.000 ns	     49672	80009ec4	ff9ff06f	jal	x0,80009ec0	
     496785.000 ns	     49677	80009ebc	00036f17	auipc	x30,0x36	 x30=0x8003febc
     496795.000 ns	     49678	80009ec0	143f2223	sw	x3,324(x30)	 x30:0x8003febc  x3:0x00000001 PA:0xxxxxxxxx
     496815.000 ns	     49680	80009ec4	ff9ff06f	jal	x0,80009ec0	
     496865.000 ns	     49685	80009ebc	00036f17	auipc	x30,0x36	 x30=0x8003febc
     496875.000 ns	     49686	80009ec0	143f2223	sw	x3,324(x30)	 x30:0x8003febc  x3:0x00000001 PA:0xxxxxxxxx
     496895.000 ns	     49688	80009ec4	ff9ff06f	jal	x0,80009ec0	
     496945.000 ns	     49693	80009ebc	00036f17	auipc	x30,0x36	 x30=0x8003febc
     496955.000 ns	     49694	80009ec0	143f2223	sw	x3,324(x30)	 x30:0x8003febc  x3:0x00000001 PA:0xxxxxxxxx
     496975.000 ns	     49696	80009ec4	ff9ff06f	jal	x0,80009ec0	
     497025.000 ns	     49701	80009ebc	00036f17	auipc	x30,0x36	 x30=0x8003febc
     497035.000 ns	     49702	80009ec0	143f2223	sw	x3,324(x30)	 x30:0x8003febc  x3:0x00000001 PA:0xxxxxxxxx
     497055.000 ns	     49704	80009ec4	ff9ff06f	jal	x0,80009ec0	
     497105.000 ns	     49709	80009ebc	00036f17	auipc	x30,0x36	 x30=0x8003febc
     497115.000 ns	     49710	80009ec0	143f2223	sw	x3,324(x30)	 x30:0x8003febc  x3:0x00000001 PA:0xxxxxxxxx
     497135.000 ns	     49712	80009ec4	ff9ff06f	jal	x0,80009ec0	
     497185.000 ns	     49717	80009ebc	00036f17	auipc	x30,0x36	 x30=0x8003febc
     497195.000 ns	     49718	80009ec0	143f2223	sw	x3,324(x30)	 x30:0x8003febc  x3:0x00000001 PA:0xxxxxxxxx
     497215.000 ns	     49720	80009ec4	ff9ff06f	jal	x0,80009ec0	
     497265.000 ns	     49725	80009ebc	00036f17	auipc	x30,0x36	 x30=0x8003febc
     497275.000 ns	     49726	80009ec0	143f2223	sw	x3,324(x30)	 x30:0x8003febc  x3:0x00000001 PA:0xxxxxxxxx
     497295.000 ns	     49728	80009ec4	ff9ff06f	jal	x0,80009ec0	
     497345.000 ns	     49733	80009ebc	00036f17	auipc	x30,0x36	 x30=0x8003febc
     497355.000 ns	     49734	80009ec0	143f2223	sw	x3,324(x30)	 x30:0x8003febc  x3:0x00000001 PA:0xxxxxxxxx
     497375.000 ns	     49736	80009ec4	ff9ff06f	jal	x0,80009ec0	
     497425.000 ns	     49741	80009ebc	00036f17	auipc	x30,0x36	 x30=0x8003febc
     497435.000 ns	     49742	80009ec0	143f2223	sw	x3,324(x30)	 x30:0x8003febc  x3:0x00000001 PA:0xxxxxxxxx
     497455.000 ns	     49744	80009ec4	ff9ff06f	jal	x0,80009ec0	
     497505.000 ns	     49749	80009ebc	00036f17	auipc	x30,0x36	 x30=0x8003febc
     497515.000 ns	     49750	80009ec0	143f2223	sw	x3,324(x30)	 x30:0x8003febc  x3:0x00000001 PA:0xxxxxxxxx
     497535.000 ns	     49752	80009ec4	ff9ff06f	jal	x0,80009ec0	
     497585.000 ns	     49757	80009ebc	00036f17	auipc	x30,0x36	 x30=0x8003febc
     497595.000 ns	     49758	80009ec0	143f2223	sw	x3,324(x30)	 x30:0x8003febc  x3:0x00000001 PA:0xxxxxxxxx
     497615.000 ns	     49760	80009ec4	ff9ff06f	jal	x0,80009ec0	
     497665.000 ns	     49765	80009ebc	00036f17	auipc	x30,0x36	 x30=0x8003febc
     497675.000 ns	     49766	80009ec0	143f2223	sw	x3,324(x30)	 x30:0x8003febc  x3:0x00000001 PA:0xxxxxxxxx
     497695.000 ns	     49768	80009ec4	ff9ff06f	jal	x0,80009ec0	
     497745.000 ns	     49773	80009ebc	00036f17	auipc	x30,0x36	 x30=0x8003febc
     497755.000 ns	     49774	80009ec0	143f2223	sw	x3,324(x30)	 x30:0x8003febc  x3:0x00000001 PA:0xxxxxxxxx
     497775.000 ns	     49776	80009ec4	ff9ff06f	jal	x0,80009ec0	
     497825.000 ns	     49781	80009ebc	00036f17	auipc	x30,0x36	 x30=0x8003febc
     497835.000 ns	     49782	80009ec0	143f2223	sw	x3,324(x30)	 x30:0x8003febc  x3:0x00000001 PA:0xxxxxxxxx
     497855.000 ns	     49784	80009ec4	ff9ff06f	jal	x0,80009ec0	
     497905.000 ns	     49789	80009ebc	00036f17	auipc	x30,0x36	 x30=0x8003febc
     497915.000 ns	     49790	80009ec0	143f2223	sw	x3,324(x30)	 x30:0x8003febc  x3:0x00000001 PA:0xxxxxxxxx
     497935.000 ns	     49792	80009ec4	ff9ff06f	jal	x0,80009ec0	
     497985.000 ns	     49797	80009ebc	00036f17	auipc	x30,0x36	 x30=0x8003febc
     497995.000 ns	     49798	80009ec0	143f2223	sw	x3,324(x30)	 x30:0x8003febc  x3:0x00000001 PA:0xxxxxxxxx
     498015.000 ns	     49800	80009ec4	ff9ff06f	jal	x0,80009ec0	
     498065.000 ns	     49805	80009ebc	00036f17	auipc	x30,0x36	 x30=0x8003febc
     498075.000 ns	     49806	80009ec0	143f2223	sw	x3,324(x30)	 x30:0x8003febc  x3:0x00000001 PA:0xxxxxxxxx
     498095.000 ns	     49808	80009ec4	ff9ff06f	jal	x0,80009ec0	
     498145.000 ns	     49813	80009ebc	00036f17	auipc	x30,0x36	 x30=0x8003febc
     498155.000 ns	     49814	80009ec0	143f2223	sw	x3,324(x30)	 x30:0x8003febc  x3:0x00000001 PA:0xxxxxxxxx
     498175.000 ns	     49816	80009ec4	ff9ff06f	jal	x0,80009ec0	
     498225.000 ns	     49821	80009ebc	00036f17	auipc	x30,0x36	 x30=0x8003febc
     498235.000 ns	     49822	80009ec0	143f2223	sw	x3,324(x30)	 x30:0x8003febc  x3:0x00000001 PA:0xxxxxxxxx
     498255.000 ns	     49824	80009ec4	ff9ff06f	jal	x0,80009ec0	
     498305.000 ns	     49829	80009ebc	00036f17	auipc	x30,0x36	 x30=0x8003febc
     498315.000 ns	     49830	80009ec0	143f2223	sw	x3,324(x30)	 x30:0x8003febc  x3:0x00000001 PA:0xxxxxxxxx
     498335.000 ns	     49832	80009ec4	ff9ff06f	jal	x0,80009ec0	
     498385.000 ns	     49837	80009ebc	00036f17	auipc	x30,0x36	 x30=0x8003febc
     498395.000 ns	     49838	80009ec0	143f2223	sw	x3,324(x30)	 x30:0x8003febc  x3:0x00000001 PA:0xxxxxxxxx
     498415.000 ns	     49840	80009ec4	ff9ff06f	jal	x0,80009ec0	
     498465.000 ns	     49845	80009ebc	00036f17	auipc	x30,0x36	 x30=0x8003febc
     498475.000 ns	     49846	80009ec0	143f2223	sw	x3,324(x30)	 x30:0x8003febc  x3:0x00000001 PA:0xxxxxxxxx
     498495.000 ns	     49848	80009ec4	ff9ff06f	jal	x0,80009ec0	
     498545.000 ns	     49853	80009ebc	00036f17	auipc	x30,0x36	 x30=0x8003febc
     498555.000 ns	     49854	80009ec0	143f2223	sw	x3,324(x30)	 x30:0x8003febc  x3:0x00000001 PA:0xxxxxxxxx
     498575.000 ns	     49856	80009ec4	ff9ff06f	jal	x0,80009ec0	
     498625.000 ns	     49861	80009ebc	00036f17	auipc	x30,0x36	 x30=0x8003febc
     498635.000 ns	     49862	80009ec0	143f2223	sw	x3,324(x30)	 x30:0x8003febc  x3:0x00000001 PA:0xxxxxxxxx
     498655.000 ns	     49864	80009ec4	ff9ff06f	jal	x0,80009ec0	
     498705.000 ns	     49869	80009ebc	00036f17	auipc	x30,0x36	 x30=0x8003febc
     498715.000 ns	     49870	80009ec0	143f2223	sw	x3,324(x30)	 x30:0x8003febc  x3:0x00000001 PA:0xxxxxxxxx
     498735.000 ns	     49872	80009ec4	ff9ff06f	jal	x0,80009ec0	
     498785.000 ns	     49877	80009ebc	00036f17	auipc	x30,0x36	 x30=0x8003febc
     498795.000 ns	     49878	80009ec0	143f2223	sw	x3,324(x30)	 x30:0x8003febc  x3:0x00000001 PA:0xxxxxxxxx
     498815.000 ns	     49880	80009ec4	ff9ff06f	jal	x0,80009ec0	
     498865.000 ns	     49885	80009ebc	00036f17	auipc	x30,0x36	 x30=0x8003febc
     498875.000 ns	     49886	80009ec0	143f2223	sw	x3,324(x30)	 x30:0x8003febc  x3:0x00000001 PA:0xxxxxxxxx
     498895.000 ns	     49888	80009ec4	ff9ff06f	jal	x0,80009ec0	
     498945.000 ns	     49893	80009ebc	00036f17	auipc	x30,0x36	 x30=0x8003febc
     498955.000 ns	     49894	80009ec0	143f2223	sw	x3,324(x30)	 x30:0x8003febc  x3:0x00000001 PA:0xxxxxxxxx
     498975.000 ns	     49896	80009ec4	ff9ff06f	jal	x0,80009ec0	
     499025.000 ns	     49901	80009ebc	00036f17	auipc	x30,0x36	 x30=0x8003febc
     499035.000 ns	     49902	80009ec0	143f2223	sw	x3,324(x30)	 x30:0x8003febc  x3:0x00000001 PA:0xxxxxxxxx
     499055.000 ns	     49904	80009ec4	ff9ff06f	jal	x0,80009ec0	
     499105.000 ns	     49909	80009ebc	00036f17	auipc	x30,0x36	 x30=0x8003febc
     499115.000 ns	     49910	80009ec0	143f2223	sw	x3,324(x30)	 x30:0x8003febc  x3:0x00000001 PA:0xxxxxxxxx
     499135.000 ns	     49912	80009ec4	ff9ff06f	jal	x0,80009ec0	
     499185.000 ns	     49917	80009ebc	00036f17	auipc	x30,0x36	 x30=0x8003febc
     499195.000 ns	     49918	80009ec0	143f2223	sw	x3,324(x30)	 x30:0x8003febc  x3:0x00000001 PA:0xxxxxxxxx
     499215.000 ns	     49920	80009ec4	ff9ff06f	jal	x0,80009ec0	
     499265.000 ns	     49925	80009ebc	00036f17	auipc	x30,0x36	 x30=0x8003febc
     499275.000 ns	     49926	80009ec0	143f2223	sw	x3,324(x30)	 x30:0x8003febc  x3:0x00000001 PA:0xxxxxxxxx
     499295.000 ns	     49928	80009ec4	ff9ff06f	jal	x0,80009ec0	
     499345.000 ns	     49933	80009ebc	00036f17	auipc	x30,0x36	 x30=0x8003febc
     499355.000 ns	     49934	80009ec0	143f2223	sw	x3,324(x30)	 x30:0x8003febc  x3:0x00000001 PA:0xxxxxxxxx
     499375.000 ns	     49936	80009ec4	ff9ff06f	jal	x0,80009ec0	
     499425.000 ns	     49941	80009ebc	00036f17	auipc	x30,0x36	 x30=0x8003febc
     499435.000 ns	     49942	80009ec0	143f2223	sw	x3,324(x30)	 x30:0x8003febc  x3:0x00000001 PA:0xxxxxxxxx
     499455.000 ns	     49944	80009ec4	ff9ff06f	jal	x0,80009ec0	
     499505.000 ns	     49949	80009ebc	00036f17	auipc	x30,0x36	 x30=0x8003febc
     499515.000 ns	     49950	80009ec0	143f2223	sw	x3,324(x30)	 x30:0x8003febc  x3:0x00000001 PA:0xxxxxxxxx
     499535.000 ns	     49952	80009ec4	ff9ff06f	jal	x0,80009ec0	
     499585.000 ns	     49957	80009ebc	00036f17	auipc	x30,0x36	 x30=0x8003febc
     499595.000 ns	     49958	80009ec0	143f2223	sw	x3,324(x30)	 x30:0x8003febc  x3:0x00000001 PA:0xxxxxxxxx
     499615.000 ns	     49960	80009ec4	ff9ff06f	jal	x0,80009ec0	
     499665.000 ns	     49965	80009ebc	00036f17	auipc	x30,0x36	 x30=0x8003febc
     499675.000 ns	     49966	80009ec0	143f2223	sw	x3,324(x30)	 x30:0x8003febc  x3:0x00000001 PA:0xxxxxxxxx
     499695.000 ns	     49968	80009ec4	ff9ff06f	jal	x0,80009ec0	
     499745.000 ns	     49973	80009ebc	00036f17	auipc	x30,0x36	 x30=0x8003febc
     499755.000 ns	     49974	80009ec0	143f2223	sw	x3,324(x30)	 x30:0x8003febc  x3:0x00000001 PA:0xxxxxxxxx
     499775.000 ns	     49976	80009ec4	ff9ff06f	jal	x0,80009ec0	
     499825.000 ns	     49981	80009ebc	00036f17	auipc	x30,0x36	 x30=0x8003febc
     499835.000 ns	     49982	80009ec0	143f2223	sw	x3,324(x30)	 x30:0x8003febc  x3:0x00000001 PA:0xxxxxxxxx
     499855.000 ns	     49984	80009ec4	ff9ff06f	jal	x0,80009ec0	
     499905.000 ns	     49989	80009ebc	00036f17	auipc	x30,0x36	 x30=0x8003febc
     499915.000 ns	     49990	80009ec0	143f2223	sw	x3,324(x30)	 x30:0x8003febc  x3:0x00000001 PA:0xxxxxxxxx
     499935.000 ns	     49992	80009ec4	ff9ff06f	jal	x0,80009ec0	
     499985.000 ns	     49997	80009ebc	00036f17	auipc	x30,0x36	 x30=0x8003febc
