		Time			Cycle	PC		Insn	Decoded instruction	Register and memory contents
         65.000 ns	         5	80000000	f14022f3	csrrs	x5,mhartid,x0	  x0:0x00000000  x5=0xffffff14
         75.000 ns	         6	80000004	00000313	addi	x6,x0,0	  x0:0x00000000  x6=0x00000000
         85.000 ns	         7	80000008	00628263	beq	x5,x6,8000000c	  x5:0x00000000  x6:0x00000000
         95.000 ns	         8	8000000c	00000097	auipc	x1,0x0	  x1=0x8000000c
        105.000 ns	         9	80000010	00c08093	addi	x1,x1,12	  x1:0x00000000  x1=0x80000018
        115.000 ns	        10	80000014	00008067	jalr	x0,x1,0	  x1:0x00000000
        165.000 ns	        15	80000018	40001237	lui	x4,0x40001	  x4=0x40001000
        175.000 ns	        16	8000001c	12020213	addi	x4,x4,288	  x4:0x00000000  x4=0x40001120
        185.000 ns	        17	80000020	30121073	csrrw	x0,misa,x4	  x4:0x00000000
        195.000 ns	        18	80000024	00041a17	auipc	x20,0x41	 x20=0x80041024
        205.000 ns	        19	80000028	000a0a13	addi	x20,x20,0	 x20:0x00000000 x20=0x80041024
        215.000 ns	        20	8000002c	0000a217	auipc	x4,0xa	  x4=0x8000a02c
        225.000 ns	        21	80000030	eb020213	addi	x4,x4,-336	  x4:0x40001120  x4=0x80009edc
        235.000 ns	        22	80000034	00026213	ori	x4,x4,0	  x4:0x40001120  x4=0x80009edc
        245.000 ns	        23	80000038	30521073	csrrw	x0,mtvec,x4	  x4:0x8000a02c
        255.000 ns	        24	8000003c	00000217	auipc	x4,0x0	  x4=0x8000003c
        265.000 ns	        25	80000040	02820213	addi	x4,x4,40	  x4:0x80009edc  x4=0x80000064
        275.000 ns	        26	80000044	34121073	csrrw	x0,mepc,x4	  x4:0x80009edc
        285.000 ns	        27	80000048	00000013	addi	x0,x0,0	  x0:0x00000000
        295.000 ns	        28	8000004c	00004237	lui	x4,0x4	  x4=0x00004000
        305.000 ns	        29	80000050	80020213	addi	x4,x4,-2048	  x4:0x80000064  x4=0x00003800
        315.000 ns	        30	80000054	30021073	csrrw	x0,mstatus,x4	  x4:0x80000064
        325.000 ns	        31	80000058	00000213	addi	x4,x0,0	  x0:0x00000000  x4=0x00000000
        335.000 ns	        32	8000005c	30421073	csrrw	x0,mie,x4	  x4:0x00003800
        345.000 ns	        33	80000060	30200073	mret	
        355.000 ns	        34	80000064	ff800237	lui	x4,0xff800	  x4=0xff800000
        365.000 ns	        35	80000068	fff20213	addi	x4,x4,-1	  x4:0x00000000  x4=0xff7fffff
        385.000 ns	        37	8000006c	f0020053	fmv.w.x	f0,x4	  x4:0x00000000  f0=0xff7fffff
        405.000 ns	        39	80000070	7f800237	lui	x4,0x7f800	  x4=0x7f800000
        415.000 ns	        40	80000074	00120213	addi	x4,x4,1	  x4:0xff7fffff  x4=0x7f800001
        435.000 ns	        42	80000078	f00200d3	fmv.w.x	f1,x4	  x4:0xff7fffff  f1=0x7f800001
        455.000 ns	        44	8000007c	806d6237	lui	x4,0x806d6	  x4=0x806d6000
        465.000 ns	        45	80000080	a5f20213	addi	x4,x4,-1441	  x4:0x7f800001  x4=0x806d5a5f
        485.000 ns	        47	80000084	f0020153	fmv.w.x	f2,x4	  x4:0x7f800001  f2=0x806d5a5f
        505.000 ns	        49	80000088	80000237	lui	x4,0x80000	  x4=0x80000000
        525.000 ns	        51	8000008c	f00201d3	fmv.w.x	f3,x4	  x4:0x806d5a5f  f3=0x80000000
        545.000 ns	        53	80000090	7f800237	lui	x4,0x7f800	  x4=0x7f800000
        565.000 ns	        55	80000094	f0020253	fmv.w.x	f4,x4	  x4:0x80000000  f4=0x7f800000
        585.000 ns	        57	80000098	7f800237	lui	x4,0x7f800	  x4=0x7f800000
        595.000 ns	        58	8000009c	00120213	addi	x4,x4,1	  x4:0x7f800000  x4=0x7f800001
        615.000 ns	        60	800000a0	f00202d3	fmv.w.x	f5,x4	  x4:0x7f800000  f5=0x7f800001
        635.000 ns	        62	800000a4	00000213	addi	x4,x0,0	  x0:0x00000000  x4=0x00000000
        655.000 ns	        64	800000a8	f0020353	fmv.w.x	f6,x4	  x4:0x7f800001  f6=0x00000000
        675.000 ns	        66	800000ac	802c9237	lui	x4,0x802c9	  x4=0x802c9000
        685.000 ns	        67	800000b0	4ad20213	addi	x4,x4,1197	  x4:0x00000000  x4=0x802c94ad
        705.000 ns	        69	800000b4	f00203d3	fmv.w.x	f7,x4	  x4:0x00000000  f7=0x802c94ad
        725.000 ns	        71	800000b8	7f800237	lui	x4,0x7f800	  x4=0x7f800000
        735.000 ns	        72	800000bc	fff20213	addi	x4,x4,-1	  x4:0x802c94ad  x4=0x7f7fffff
        755.000 ns	        74	800000c0	f0020453	fmv.w.x	f8,x4	  x4:0x802c94ad  f8=0x7f7fffff
        775.000 ns	        76	800000c4	c7ddf237	lui	x4,0xc7ddf	  x4=0xc7ddf000
        785.000 ns	        77	800000c8	2c120213	addi	x4,x4,705	  x4:0x7f7fffff  x4=0xc7ddf2c1
        805.000 ns	        79	800000cc	f00204d3	fmv.w.x	f9,x4	  x4:0x7f7fffff  f9=0xc7ddf2c1
        825.000 ns	        81	800000d0	ff800237	lui	x4,0xff800	  x4=0xff800000
        835.000 ns	        82	800000d4	fff20213	addi	x4,x4,-1	  x4:0xc7ddf2c1  x4=0xff7fffff
        855.000 ns	        84	800000d8	f0020553	fmv.w.x	f10,x4	  x4:0xc7ddf2c1 f10=0xff7fffff
        875.000 ns	        86	800000dc	9ee29237	lui	x4,0x9ee29	  x4=0x9ee29000
        885.000 ns	        87	800000e0	81b20213	addi	x4,x4,-2021	  x4:0xff7fffff  x4=0x9ee2881b
        905.000 ns	        89	800000e4	f00205d3	fmv.w.x	f11,x4	  x4:0xff7fffff f11=0x9ee2881b
        925.000 ns	        91	800000e8	80337237	lui	x4,0x80337	  x4=0x80337000
        935.000 ns	        92	800000ec	40620213	addi	x4,x4,1030	  x4:0x9ee2881b  x4=0x80337406
        955.000 ns	        94	800000f0	f0020653	fmv.w.x	f12,x4	  x4:0x9ee2881b f12=0x80337406
        975.000 ns	        96	800000f4	80075237	lui	x4,0x80075	  x4=0x80075000
        985.000 ns	        97	800000f8	4c520213	addi	x4,x4,1221	  x4:0x80337406  x4=0x800754c5
       1005.000 ns	        99	800000fc	f00206d3	fmv.w.x	f13,x4	  x4:0x80337406 f13=0x800754c5
       1025.000 ns	       101	80000100	80000237	lui	x4,0x80000	  x4=0x80000000
       1045.000 ns	       103	80000104	f0020753	fmv.w.x	f14,x4	  x4:0x800754c5 f14=0x80000000
       1065.000 ns	       105	80000108	0058d237	lui	x4,0x58d	  x4=0x0058d000
       1075.000 ns	       106	8000010c	e5220213	addi	x4,x4,-430	  x4:0x80000000  x4=0x0058ce52
       1095.000 ns	       108	80000110	f00207d3	fmv.w.x	f15,x4	  x4:0x80000000 f15=0x0058ce52
       1115.000 ns	       110	80000114	80389237	lui	x4,0x80389	  x4=0x80389000
       1125.000 ns	       111	80000118	6cf20213	addi	x4,x4,1743	  x4:0x0058ce52  x4=0x803896cf
       1145.000 ns	       113	8000011c	f0020853	fmv.w.x	f16,x4	  x4:0x0058ce52 f16=0x803896cf
       1165.000 ns	       115	80000120	7f800237	lui	x4,0x7f800	  x4=0x7f800000
       1185.000 ns	       117	80000124	f00208d3	fmv.w.x	f17,x4	  x4:0x803896cf f17=0x7f800000
       1205.000 ns	       119	80000128	7f800237	lui	x4,0x7f800	  x4=0x7f800000
       1215.000 ns	       120	8000012c	fff20213	addi	x4,x4,-1	  x4:0x7f800000  x4=0x7f7fffff
       1235.000 ns	       122	80000130	f0020953	fmv.w.x	f18,x4	  x4:0x7f800000 f18=0x7f7fffff
       1255.000 ns	       124	80000134	3e01d237	lui	x4,0x3e01d	  x4=0x3e01d000
       1265.000 ns	       125	80000138	92f20213	addi	x4,x4,-1745	  x4:0x7f7fffff  x4=0x3e01c92f
       1285.000 ns	       127	8000013c	f00209d3	fmv.w.x	f19,x4	  x4:0x7f7fffff f19=0x3e01c92f
       1305.000 ns	       129	80000140	7f800237	lui	x4,0x7f800	  x4=0x7f800000
       1315.000 ns	       130	80000144	00120213	addi	x4,x4,1	  x4:0x3e01c92f  x4=0x7f800001
       1335.000 ns	       132	80000148	f0020a53	fmv.w.x	f20,x4	  x4:0x3e01c92f f20=0x7f800001
       1355.000 ns	       134	8000014c	66931237	lui	x4,0x66931	  x4=0x66931000
       1365.000 ns	       135	80000150	bde20213	addi	x4,x4,-1058	  x4:0x7f800001  x4=0x66930bde
       1385.000 ns	       137	80000154	f0020ad3	fmv.w.x	f21,x4	  x4:0x7f800001 f21=0x66930bde
       1405.000 ns	       139	80000158	80000237	lui	x4,0x80000	  x4=0x80000000
       1425.000 ns	       141	8000015c	f0020b53	fmv.w.x	f22,x4	  x4:0x66930bde f22=0x80000000
       1445.000 ns	       143	80000160	80000237	lui	x4,0x80000	  x4=0x80000000
       1465.000 ns	       145	80000164	f0020bd3	fmv.w.x	f23,x4	  x4:0x80000000 f23=0x80000000
       1485.000 ns	       147	80000168	001cd237	lui	x4,0x1cd	  x4=0x001cd000
       1495.000 ns	       148	8000016c	12620213	addi	x4,x4,294	  x4:0x80000000  x4=0x001cd126
       1515.000 ns	       150	80000170	f0020c53	fmv.w.x	f24,x4	  x4:0x80000000 f24=0x001cd126
       1535.000 ns	       152	80000174	8002f237	lui	x4,0x8002f	  x4=0x8002f000
       1545.000 ns	       153	80000178	44020213	addi	x4,x4,1088	  x4:0x001cd126  x4=0x8002f440
       1565.000 ns	       155	8000017c	f0020cd3	fmv.w.x	f25,x4	  x4:0x001cd126 f25=0x8002f440
       1585.000 ns	       157	80000180	7f800237	lui	x4,0x7f800	  x4=0x7f800000
       1595.000 ns	       158	80000184	00120213	addi	x4,x4,1	  x4:0x8002f440  x4=0x7f800001
       1615.000 ns	       160	80000188	f0020d53	fmv.w.x	f26,x4	  x4:0x8002f440 f26=0x7f800001
       1635.000 ns	       162	8000018c	e1f4a237	lui	x4,0xe1f4a	  x4=0xe1f4a000
       1645.000 ns	       163	80000190	5c820213	addi	x4,x4,1480	  x4:0x7f800001  x4=0xe1f4a5c8
       1665.000 ns	       165	80000194	f0020dd3	fmv.w.x	f27,x4	  x4:0x7f800001 f27=0xe1f4a5c8
       1685.000 ns	       167	80000198	0d6a1237	lui	x4,0xd6a1	  x4=0x0d6a1000
       1695.000 ns	       168	8000019c	34a20213	addi	x4,x4,842	  x4:0xe1f4a5c8  x4=0x0d6a134a
       1715.000 ns	       170	800001a0	f0020e53	fmv.w.x	f28,x4	  x4:0xe1f4a5c8 f28=0x0d6a134a
       1735.000 ns	       172	800001a4	00000213	addi	x4,x0,0	  x0:0x00000000  x4=0x00000000
       1755.000 ns	       174	800001a8	f0020ed3	fmv.w.x	f29,x4	  x4:0x0d6a134a f29=0x00000000
       1775.000 ns	       176	800001ac	80000237	lui	x4,0x80000	  x4=0x80000000
       1795.000 ns	       178	800001b0	f0020f53	fmv.w.x	f30,x4	  x4:0x00000000 f30=0x80000000
       1815.000 ns	       180	800001b4	80000237	lui	x4,0x80000	  x4=0x80000000
       1835.000 ns	       182	800001b8	f0020fd3	fmv.w.x	f31,x4	  x4:0x80000000 f31=0x80000000
       1855.000 ns	       184	800001bc	00215073	csrrwi	x0,frm,2	
       1865.000 ns	       185	800001c0	11fab037	lui	x0,0x11fab	
       1875.000 ns	       186	800001c4	01300013	addi	x0,x0,19	  x0:0x00000000
       1885.000 ns	       187	800001c8	800000b7	lui	x1,0x80000	  x1=0x80000000
       1895.000 ns	       188	800001cc	00c00113	addi	x2,x0,12	  x0:0x00000000  x2=0x0000000c
       1905.000 ns	       189	800001d0	faff81b7	lui	x3,0xfaff8	  x3=0xfaff8000
       1915.000 ns	       190	800001d4	0ee18193	addi	x3,x3,238	  x3:0x00000000  x3=0xfaff80ee
       1925.000 ns	       191	800001d8	c0c06237	lui	x4,0xc0c06	  x4=0xc0c06000
       1935.000 ns	       192	800001dc	6bf20213	addi	x4,x4,1727	  x4:0x80000000  x4=0xc0c066bf
       1945.000 ns	       193	800001e0	00000293	addi	x5,x0,0	  x0:0x00000000  x5=0x00000000
       1955.000 ns	       194	800001e4	fce31337	lui	x6,0xfce31	  x6=0xfce31000
       1965.000 ns	       195	800001e8	99430313	addi	x6,x6,-1644	  x6:0x00000000  x6=0xfce30994
       1975.000 ns	       196	800001ec	800003b7	lui	x7,0x80000	  x7=0x80000000
       1985.000 ns	       197	800001f0	e4d0f4b7	lui	x9,0xe4d0f	  x9=0xe4d0f000
       1995.000 ns	       198	800001f4	4a248493	addi	x9,x9,1186	  x9:0x00000000  x9=0xe4d0f4a2
       2005.000 ns	       199	800001f8	5e920537	lui	x10,0x5e920	 x10=0x5e920000
       2015.000 ns	       200	800001fc	32650513	addi	x10,x10,806	 x10:0x00000000 x10=0x5e920326
       2025.000 ns	       201	80000200	800005b7	lui	x11,0x80000	 x11=0x80000000
       2035.000 ns	       202	80000204	00000613	addi	x12,x0,0	  x0:0x00000000 x12=0x00000000
       2045.000 ns	       203	80000208	7f6256b7	lui	x13,0x7f625	 x13=0x7f625000
       2055.000 ns	       204	8000020c	3bf68693	addi	x13,x13,959	 x13:0x00000000 x13=0x7f6253bf
       2065.000 ns	       205	80000210	0d083737	lui	x14,0xd083	 x14=0x0d083000
       2075.000 ns	       206	80000214	4fb70713	addi	x14,x14,1275	 x14:0x00000000 x14=0x0d0834fb
       2085.000 ns	       207	80000218	004587b7	lui	x15,0x458	 x15=0x00458000
       2095.000 ns	       208	8000021c	39078793	addi	x15,x15,912	 x15:0x00000000 x15=0x00458390
       2105.000 ns	       209	80000220	00a00813	addi	x16,x0,10	  x0:0x00000000 x16=0x0000000a
       2115.000 ns	       210	80000224	b35d18b7	lui	x17,0xb35d1	 x17=0xb35d1000
       2125.000 ns	       211	80000228	27788893	addi	x17,x17,631	 x17:0x00000000 x17=0xb35d1277
       2135.000 ns	       212	8000022c	00800913	addi	x18,x0,8	  x0:0x00000000 x18=0x00000008
       2145.000 ns	       213	80000230	800009b7	lui	x19,0x80000	 x19=0x80000000
       2155.000 ns	       214	80000234	00300a93	addi	x21,x0,3	  x0:0x00000000 x21=0x00000003
       2165.000 ns	       215	80000238	f19b2b37	lui	x22,0xf19b2	 x22=0xf19b2000
       2175.000 ns	       216	8000023c	0fcb0b13	addi	x22,x22,252	 x22:0x00000000 x22=0xf19b20fc
       2185.000 ns	       217	80000240	00000b93	addi	x23,x0,0	  x0:0x00000000 x23=0x00000000
       2195.000 ns	       218	80000244	f071fc37	lui	x24,0xf071f	 x24=0xf071f000
       2205.000 ns	       219	80000248	d5ac0c13	addi	x24,x24,-678	 x24:0x00000000 x24=0xf071ed5a
       2215.000 ns	       220	8000024c	00e00c93	addi	x25,x0,14	  x0:0x00000000 x25=0x0000000e
       2225.000 ns	       221	80000250	00000d13	addi	x26,x0,0	  x0:0x00000000 x26=0x00000000
       2235.000 ns	       222	80000254	2ccf7db7	lui	x27,0x2ccf7	 x27=0x2ccf7000
       2245.000 ns	       223	80000258	452d8d93	addi	x27,x27,1106	 x27:0x00000000 x27=0x2ccf7452
       2255.000 ns	       224	8000025c	00c00e13	addi	x28,x0,12	  x0:0x00000000 x28=0x0000000c
       2265.000 ns	       225	80000260	fac04eb7	lui	x29,0xfac04	 x29=0xfac04000
       2275.000 ns	       226	80000264	955e8e93	addi	x29,x29,-1707	 x29:0x00000000 x29=0xfac03955
       2285.000 ns	       227	80000268	00400f13	addi	x30,x0,4	  x0:0x00000000 x30=0x00000004
       2295.000 ns	       228	8000026c	00a00f93	addi	x31,x0,10	  x0:0x00000000 x31=0x0000000a
       2305.000 ns	       229	80000270	00041417	auipc	x8,0x41	  x8=0x80041270
       2315.000 ns	       230	80000274	d7440413	addi	x8,x8,-652	  x8:0x00000000  x8=0x80040fe4
       2325.000 ns	       231	80000278	006eccb3	xor	x25,x29,x6	 x29:0xfac03955  x6:0xfce30994 x25=0x062330c1
       2335.000 ns	       232	8000027c	00c69f97	auipc	x31,0xc69	 x31=0x80c6927c
       2365.000 ns	       235	80000280	10c7fc53	fmul.s	f24,f15,f12	 f15:0x0058ce52 f12:0x80337406 f24=0x80000000
       2385.000 ns	       237	80000284	7639cc97	auipc	x25,0x7639c	 x25=0xf639c284
       2395.000 ns	       238	80000288	01371d33	sll	x26,x14,x19	 x14:0x0d0834fb x19:0x80000000 x26=0x0d0834fb
       2415.000 ns	       240	8000028c	e0029053	fclass.s	x0,f5	  f5:0x7f800001
       2445.000 ns	       243	80000290	d00f28d3	fcvt.s.w	f17,x30	 x30:0x00000004 f17=0x40800000
       2465.000 ns	       245	80000294	01acd2b3	srl	x5,x25,x26	 x25:0xf639c284 x26:0x0d0834fb  x5=0x0000001e
       2475.000 ns	       246	80000298	40e95c93	srai	x25,x18,0xe	 x18:0x00000008 x25=0x00000000
       2495.000 ns	       248	8000029c	28560753	fmin.s	f14,f12,f5	 f12:0x80337406  f5:0x7f800001 f14=0x80337406
       2515.000 ns	       250	800002a0	01bfdb93	srli	x23,x31,0x1b	 x31:0x80c6927c x23=0x00000010
       2535.000 ns	       252	800002a4	c01dad53	fcvt.wu.s	x26,f27	 f27:0xe1f4a5c8 x26=0x00000000
       2565.000 ns	       255	800002a8	03fc3833	mulhu	x16,x24,x31	 x24:0xf071ed5a x31:0x80c6927c x16=0x78f37860
       2935.000 ns	       292	800002ac	02a2d1b3	divu	x3,x5,x10	  x5:0x0000001e x10:0x5e920326  x3=0x00000000
       2975.000 ns	       296	800002b0	580ef453	fsqrt.s	f8,f29	 f29:0x00000000  f8=0x00000000
       2995.000 ns	       298	800002b4	004812b3	sll	x5,x16,x4	 x16:0x78f37860  x4:0xc0c066bf  x5=0x00000000
       3005.000 ns	       299	800002b8	a76997b7	lui	x15,0xa7699	 x15=0xa7699000
       3015.000 ns	       300	800002bc	41da8933	sub	x18,x21,x29	 x21:0x00000003 x29:0xfac03955 x18=0x053fc6ae
       3025.000 ns	       301	800002c0	d880f637	lui	x12,0xd880f	 x12=0xd880f000
       3045.000 ns	       303	800002c4	035835b3	mulhu	x11,x16,x21	 x16:0x78f37860 x21:0x00000003 x11=0x00000001
       3075.000 ns	       306	800002c8	a0fd0ed3	fle.s	x29,f26,f15	 f26:0x7f800001 f15:0x0058ce52 x29=0x00000000
       4115.000 ns	       410	800002cc	580e7953	fsqrt.s	f18,f28	 f28:0x0d6a134a f18=0x26258429
       4145.000 ns	       413	800002d0	f0050cd3	fmv.w.x	f25,x10	 x10:0x5e920326 f25=0x5e920326
       4165.000 ns	       415	800002d4	a8fc3f13	sltiu	x30,x24,-1393	 x24:0xf071ed5a x30=0x00000001
       4175.000 ns	       416	800002d8	00000013	addi	x0,x0,0	  x0:0x00000000
       4195.000 ns	       418	800002dc	e0011953	fclass.s	x18,f2	  f2:0x806d5a5f x18=0x00000004
       4235.000 ns	       422	800002e0	11f2cdd3	fmul.s	f27,f5,f31	  f5:0x7f800001 f31:0x80000000 f27=0x7fc00000
       4255.000 ns	       424	800002e4	40e9d7b3	sra	x15,x19,x14	 x19:0x80000000 x14:0x0d0834fb x15=0xfffffff0
       4275.000 ns	       426	800002e8	293a8c53	fmin.s	f24,f21,f19	 f21:0x66930bde f19:0x3e01c92f f24=0x3e01c92f
       4295.000 ns	       428	800002ec	f9759eb7	lui	x29,0xf9759	 x29=0xf9759000
       4315.000 ns	       430	800002f0	a1d587d3	fle.s	x15,f11,f29	 f11:0x9ee2881b f29:0x00000000 x15=0x00000001
       4345.000 ns	       433	800002f4	d0049553	fcvt.s.w	f10,x9	  x9:0xe4d0f4a2 f10=0xcdd9785a
       4375.000 ns	       436	800002f8	d008f653	fcvt.s.w	f12,x17	 x17:0xb35d1277 f12=0xce9945db
       4395.000 ns	       438	800002fc	40ce5e33	sra	x28,x28,x12	 x28:0x0000000c x12:0xd880f000 x28=0x0000000c
       4405.000 ns	       439	80000300	014d5113	srli	x2,x26,0x14	 x26:0x00000000  x2=0x00000000
       4415.000 ns	       440	80000304	ae5fa1b7	lui	x3,0xae5fa	  x3=0xae5fa000
       4425.000 ns	       441	80000308	407652b3	sra	x5,x12,x7	 x12:0xd880f000  x7:0x80000000  x5=0xd880f000
       4435.000 ns	       442	8000030c	b211ce93	xori	x29,x3,-1247	  x3:0x00000000 x29=0x51a05b21
       4445.000 ns	       443	80000310	014757b3	srl	x15,x14,x20	 x14:0x0d0834fb x20:0x80041024 x15=0x00d0834f
       4455.000 ns	       444	80000314	00a71713	slli	x14,x14,0xa	 x14:0x0d0834fb x14=0x20d3ec00
       4475.000 ns	       446	80000318	02a80033	mul	x0,x16,x10	 x16:0x78f37860 x10:0x5e920326
       4495.000 ns	       448	8000031c	008dc633	xor	x12,x27,x8	 x27:0x2ccf7452  x8:0x80040fe4 x12=0xaccb7bb6
       4515.000 ns	       450	80000320	02628cb3	mul	x25,x5,x6	  x5:0xd880f000  x6:0xfce30994 x25=0x82fac000
       4535.000 ns	       452	80000324	fd52a313	slti	x6,x5,-43	  x5:0xd880f000  x6=0x00000001
       4545.000 ns	       453	80000328	018ece33	xor	x28,x29,x24	 x29:0x51a05b21 x24:0xf071ed5a x28=0xa1d1b67b
       4555.000 ns	       454	8000032c	011343b3	xor	x7,x6,x17	  x6:0xfce30994 x17:0xb35d1277  x7=0xb35d1276
       4575.000 ns	       456	80000330	29ef0f53	fmin.s	f30,f30,f30	 f30:0x80000000 f30:0x80000000 f30=0x80000000
       4625.000 ns	       461	80000334	01797453	fadd.s	f8,f18,f23	 f18:0x26258429 f23:0x80000000  f8=0x26258429
       4675.000 ns	       466	80000338	09eb40d3	fsub.s	f1,f22,f30	 f22:0x80000000 f30:0x80000000  f1=0x00000000
       4715.000 ns	       470	8000033c	1864f5d3	fdiv.s	f11,f9,f6	  f9:0xc7ddf2c1  f6:0x00000000 f11=0xff800000
       4735.000 ns	       472	80000340	41825593	srai	x11,x4,0x18	  x4:0xc0c066bf x11=0xffffffc0
       4745.000 ns	       473	80000344	010a2333	slt	x6,x20,x16	 x20:0x80041024 x16:0x78f37860  x6=0x00000001
       4765.000 ns	       475	80000348	03ac9133	mulh	x2,x25,x26	 x25:0x82fac000 x26:0x00000000  x2=0x00000000
       4795.000 ns	       478	8000034c	20911553	fsgnjn.s	f10,f2,f9	  f2:0x806d5a5f  f9:0xc7ddf2c1 f10=0x006d5a5f
       4815.000 ns	       480	80000350	40475cb3	sra	x25,x14,x4	 x14:0x20d3ec00  x4:0xc0c066bf x25=0x00000000
       4825.000 ns	       481	80000354	01b7c7b3	xor	x15,x15,x27	 x15:0x00d0834f x27:0x2ccf7452 x15=0x2c1ff71d
       4835.000 ns	       482	80000358	406f5db3	sra	x27,x30,x6	 x30:0x00000001  x6:0x00000001 x27=0x00000000
       5165.000 ns	       515	8000035c	19247553	fdiv.s	f10,f8,f18	  f8:0x26258429 f18:0x26258429 f10=0x3f69ab86
       5535.000 ns	       552	80000360	02f3fb33	remu	x22,x7,x15	  x7:0xb35d1276 x15:0x2c1ff71d x22=0x02dd3602
       5565.000 ns	       555	80000364	d001bb53	fcvt.s.w	f22,x3	  x3:0xae5fa000 f22=0xcea340c0
       5595.000 ns	       558	80000368	c01e3dd3	fcvt.wu.s	x27,f28	 f28:0x0d6a134a x27=0x00000000
       5625.000 ns	       561	8000036c	28520d53	fmin.s	f26,f4,f5	  f4:0x7f800000  f5:0x7f800001 f26=0x7f800000
       5655.000 ns	       564	80000370	20fa8e53	fsgnj.s	f28,f21,f15	 f21:0x66930bde f15:0x0058ce52 f28=0x66930bde
       5675.000 ns	       566	80000374	0153df13	srli	x30,x7,0x15	  x7:0xb35d1276 x30=0x0000059a
       5705.000 ns	       569	80000378	10177453	fmul.s	f8,f14,f1	 f14:0x80337406  f1:0x00000000  f8=0x80000000
       5735.000 ns	       572	8000037c	028f27b3	mulhsu	x15,x30,x8	 x30:0x00000001  x8:0x80040fe4 x15=0x000002cd
       5755.000 ns	       574	80000380	0135a733	slt	x14,x11,x19	 x11:0xffffffc0 x19:0x80000000 x14=0x00000000
       5795.000 ns	       578	80000384	00b5a853	fadd.s	f16,f11,f11	 f11:0xff800000 f11:0xff800000 f16=0x80000000
       5815.000 ns	       580	80000388	a5ad9c97	auipc	x25,0xa5ad9	 x25=0x25ad9388
       5825.000 ns	       581	8000038c	ed57b013	sltiu	x0,x15,-299	 x15:0x000002cd
       5835.000 ns	       582	80000390	001e89b3	add	x19,x29,x1	 x29:0x51a05b21  x1:0x80000000 x19=0xd1a05b21
       5855.000 ns	       584	80000394	e00d0853	fmv.x.w	x16,f26	 f26:0x7f800000 x16=0x7f800000
       5885.000 ns	       587	80000398	29fd1a53	fmax.s	f20,f26,f31	 f26:0x7f800000 f31:0x80000000 f20=0x7f800000
       5905.000 ns	       589	8000039c	0087d733	srl	x14,x15,x8	 x15:0x000002cd  x8:0x80040fe4 x14=0x0000002c
       5915.000 ns	       590	800003a0	3d4cbeb7	lui	x29,0x3d4cb	 x29=0x3d4cb000
       5935.000 ns	       592	800003a4	a1a3aed3	feq.s	x29,f7,f26	  f7:0x802c94ad f26:0x7f800000 x29=0x00000000
       5955.000 ns	       594	800003a8	018111b3	sll	x3,x2,x24	  x2:0x00000000 x24:0xf071ed5a  x3=0x00000000
       5965.000 ns	       595	800003ac	0124fc33	and	x24,x9,x18	  x9:0xe4d0f4a2 x18:0x00000004 x24=0x00000000
       5995.000 ns	       598	800003b0	19d8bd53	fdiv.s	f26,f17,f29	 f17:0x40800000 f29:0x00000000 f26=0x7f800000
       6365.000 ns	       635	800003b4	03ca5133	divu	x2,x20,x28	 x20:0x80041024 x28:0xa1d1b67b  x2=0x00000000
       6405.000 ns	       639	800003b8	11053853	fmul.s	f16,f10,f16	 f10:0x3f69ab86 f16:0x80000000 f16=0x80000000
       6425.000 ns	       641	800003bc	0055fab3	and	x21,x11,x5	 x11:0xffffffc0  x5:0xd880f000 x21=0xd880f000
       6445.000 ns	       643	800003c0	03aaac33	mulhsu	x24,x21,x26	 x21:0x00000003 x26:0x00000000 x24=0x00000000
       6465.000 ns	       645	800003c4	408403b3	sub	x7,x8,x8	  x8:0x80040fe4  x8:0x80040fe4  x7=0x00000000
       6475.000 ns	       646	800003c8	2728f537	lui	x10,0x2728f	 x10=0x2728f000
       6495.000 ns	       648	800003cc	20d82d53	fsgnjx.s	f26,f16,f13	 f16:0x80000000 f13:0x800754c5 f26=0x00000000
       6525.000 ns	       651	800003d0	c00b7ad3	fcvt.w.s	x21,f22	 f22:0xcea340c0 x21=0x51a06000
       6555.000 ns	       654	800003d4	e0090d53	fmv.x.w	x26,f18	 f18:0x26258429 x26=0x26258429
       6575.000 ns	       656	800003d8	014a43b3	xor	x7,x20,x20	 x20:0x80041024 x20:0x80041024  x7=0x00000000
       6585.000 ns	       657	800003dc	212294b7	lui	x9,0x21229	  x9=0x21229000
       6605.000 ns	       659	800003e0	20af97d3	fsgnjn.s	f15,f31,f10	 f31:0x80000000 f10:0x3f69ab86 f15=0x80000000
       6645.000 ns	       663	800003e4	580b45d3	fsqrt.s	f11,f22	 f22:0xcea340c0 f11=0x7fc00000
       6665.000 ns	       665	800003e8	00a0cbb3	xor	x23,x1,x10	  x1:0x80000000 x10:0x2728f000 x23=0xa728f000
       6675.000 ns	       666	800003ec	00dd5213	srli	x4,x26,0xd	 x26:0x26258429  x4=0x0001312c
       6685.000 ns	       667	800003f0	01197ab3	and	x21,x18,x17	 x18:0x00000004 x17:0xb35d1277 x21=0x00000004
       6695.000 ns	       668	800003f4	40c90eb3	sub	x29,x18,x12	 x18:0x00000004 x12:0xaccb7bb6 x29=0x5334844e
       6715.000 ns	       670	800003f8	21461253	fsgnjn.s	f4,f12,f20	 f12:0xce9945db f20:0x7f800000  f4=0xce9945db
       6735.000 ns	       672	800003fc	401adb93	srai	x23,x21,0x1	 x21:0x00000004 x23=0x00000002
       7095.000 ns	       708	80000400	029eceb3	div	x29,x29,x9	 x29:0x5334844e  x9:0x21229000 x29=0x00000002
       7125.000 ns	       711	80000404	21b38253	fsgnj.s	f4,f7,f27	  f7:0x802c94ad f27:0x7fc00000  f4=0x002c94ad
       7145.000 ns	       713	80000408	0055d313	srli	x6,x11,0x5	 x11:0xffffffc0  x6=0x07fffffe
       7155.000 ns	       714	8000040c	66ee4013	xori	x0,x28,1646	 x28:0xa1d1b67b
       7165.000 ns	       715	80000410	018cdb33	srl	x22,x25,x24	 x25:0x25ad9388 x24:0x00000000 x22=0x25ad9388
       7175.000 ns	       716	80000414	00cd18b3	sll	x17,x26,x12	 x26:0x26258429 x12:0xaccb7bb6 x17=0x0a400000
       7195.000 ns	       718	80000418	e00d0b53	fmv.x.w	x22,f26	 f26:0x00000000 x22=0x00000000
       7225.000 ns	       721	8000041c	a12004d3	fle.s	x9,f0,f18	  f0:0xff7fffff f18:0x26258429  x9=0x00000001
       7255.000 ns	       724	80000420	03fc26b3	mulhsu	x13,x24,x31	 x24:0x00000000 x31:0x80c6927c x13=0x00000000
       7275.000 ns	       726	80000424	01dc44b3	xor	x9,x24,x29	 x24:0x00000000 x29:0x00000002  x9=0x00000002
       7295.000 ns	       728	80000428	f00605d3	fmv.w.x	f11,x12	 x12:0xaccb7bb6 f11=0xaccb7bb6
       7325.000 ns	       731	8000042c	f00d07d3	fmv.w.x	f15,x26	 x26:0x26258429 f15=0x26258429
       7355.000 ns	       734	80000430	e0008053	fmv.x.w	x0,f1	  f1:0x00000000
       7375.000 ns	       736	80000434	01555793	srli	x15,x10,0x15	 x10:0x2728f000 x15=0x00000139
       7395.000 ns	       738	80000438	02ea2133	mulhsu	x2,x20,x14	 x20:0x80041024 x14:0x0000002c  x2=0xffffffea
       7415.000 ns	       740	8000043c	de9f3593	sltiu	x11,x30,-535	 x30:0x0000059a x11=0x00000001
       7435.000 ns	       742	80000440	a1631353	flt.s	x6,f6,f22	  f6:0x00000000 f22:0xcea340c0  x6=0x00000000
       7455.000 ns	       744	80000444	0ef3f817	auipc	x16,0xef3f	 x16=0x8ef3f444
       7465.000 ns	       745	80000448	ebb82013	slti	x0,x16,-325	 x16:0x7f800000
       7505.000 ns	       749	8000044c	084a70d3	fsub.s	f1,f20,f4	 f20:0x7f800000  f4:0x002c94ad  f1=0x7f800000
       7535.000 ns	       752	80000450	20940f53	fsgnj.s	f30,f8,f9	  f8:0x80000000  f9:0xc7ddf2c1 f30=0x80000000
       7905.000 ns	       789	80000454	02eeeab3	rem	x21,x29,x14	 x29:0x00000002 x14:0x0000002c x21=0x00000002
       7925.000 ns	       791	80000458	4022d913	srai	x18,x5,0x2	  x5:0xd880f000 x18=0xf6203c00
       7935.000 ns	       792	8000045c	00000013	addi	x0,x0,0	  x0:0x00000000
       7945.000 ns	       793	80000460	411a5493	srai	x9,x20,0x11	 x20:0x80041024  x9=0xffffc002
       7965.000 ns	       795	80000464	03b89833	mulh	x16,x17,x27	 x17:0x0a400000 x27:0x00000000 x16=0x00000000
       7995.000 ns	       798	80000468	f0030c53	fmv.w.x	f24,x6	  x6:0x00000000 f24=0x00000000
       8025.000 ns	       801	8000046c	02726133	rem	x2,x4,x7	  x4:0x0001312c  x7:0x00000000  x2=0x0001312c
       8045.000 ns	       803	80000470	00000013	addi	x0,x0,0	  x0:0x00000000
       8055.000 ns	       804	80000474	016d77b3	and	x15,x26,x22	 x26:0x26258429 x22:0x00000000 x15=0x00000000
       8065.000 ns	       805	80000478	41cd5f13	srai	x30,x26,0x1c	 x26:0x26258429 x30=0x00000002
       8085.000 ns	       807	8000047c	a10821d3	feq.s	x3,f16,f16	 f16:0x80000000 f16:0x80000000  x3=0x00000001
       8115.000 ns	       810	80000480	e0029dd3	fclass.s	x27,f5	  f5:0x7f800001 x27=0x00000100
       8155.000 ns	       814	80000484	10db9cd3	fmul.s	f25,f23,f13	 f23:0x80000000 f13:0x800754c5 f25=0x00000000
       8185.000 ns	       817	80000488	20739fd3	fsgnjn.s	f31,f7,f7	  f7:0x802c94ad  f7:0x802c94ad f31=0x002c94ad
       8205.000 ns	       819	8000048c	00219893	slli	x17,x3,0x2	  x3:0x00000001 x17=0x00000004
       8215.000 ns	       820	80000490	41875c93	srai	x25,x14,0x18	 x14:0x0000002c x25=0x00000000
       8225.000 ns	       821	80000494	01fbbdb3	sltu	x27,x23,x31	 x23:0x00000002 x31:0x80c6927c x27=0x00000001
       8245.000 ns	       823	80000498	204488d3	fsgnj.s	f17,f9,f4	  f9:0xc7ddf2c1  f4:0x002c94ad f17=0x47ddf2c1
       8275.000 ns	       826	8000049c	204caad3	fsgnjx.s	f21,f25,f4	 f25:0x00000000  f4:0x002c94ad f21=0x00000000
       8295.000 ns	       828	800004a0	00cb9e33	sll	x28,x23,x12	 x23:0x00000002 x12:0xaccb7bb6 x28=0x00800000
       8305.000 ns	       829	800004a4	00de71b3	and	x3,x28,x13	 x28:0xa1d1b67b x13:0x00000000  x3=0x00000000
       8325.000 ns	       831	800004a8	c00b7dd3	fcvt.w.s	x27,f22	 f22:0xcea340c0 x27=0x51a06000
       8355.000 ns	       834	800004ac	d01eff53	fcvt.s.wu	f30,x29	 x29:0x00000002 f30=0x40000000
       8375.000 ns	       836	800004b0	402e8eb3	sub	x29,x29,x2	 x29:0x00000002  x2:0x0001312c x29=0xfffeced6
       8385.000 ns	       837	800004b4	00e1d513	srli	x10,x3,0xe	  x3:0x00000000 x10=0x00000000
       8415.000 ns	       840	800004b8	18034753	fdiv.s	f14,f6,f0	  f6:0x00000000  f0:0xff7fffff f14=0x80000000
       8435.000 ns	       842	800004bc	007c6033	or	x0,x24,x7	 x24:0x00000000  x7:0x00000000
       8455.000 ns	       844	800004c0	a0f98c53	fle.s	x24,f19,f15	 f19:0x3e01c92f f15:0x26258429 x24=0x00000000
       8485.000 ns	       847	800004c4	a04c1053	flt.s	x0,f24,f4	 f24:0x00000000  f4:0x002c94ad
       8505.000 ns	       849	800004c8	01e29ab3	sll	x21,x5,x30	  x5:0xd880f000 x30:0x00000002 x21=0x6203c000
       8525.000 ns	       851	800004cc	212d1953	fsgnjn.s	f18,f26,f18	 f26:0x00000000 f18:0x26258429 f18=0x80000000
       8575.000 ns	       856	800004d0	01f979d3	fadd.s	f19,f18,f31	 f18:0x26258429 f31:0x002c94ad f19=0x002c94ad
       8595.000 ns	       858	800004d4	01a312b3	sll	x5,x6,x26	  x6:0x00000000 x26:0x26258429  x5=0x00000000
       8615.000 ns	       860	800004d8	e00d9dd3	fclass.s	x27,f27	 f27:0x7fc00000 x27=0x00000200
       8635.000 ns	       862	800004dc	c928e4b7	lui	x9,0xc928e	  x9=0xc928e000
       8655.000 ns	       864	800004e0	a16796d3	flt.s	x13,f15,f22	 f15:0x26258429 f22:0xcea340c0 x13=0x00000000
       8675.000 ns	       866	800004e4	00609b13	slli	x22,x1,0x6	  x1:0x80000000 x22=0x00000000
       8685.000 ns	       867	800004e8	63ab6693	ori	x13,x22,1594	 x22:0x00000000 x13=0x0000063a
       8705.000 ns	       869	800004ec	d01d7153	fcvt.s.wu	f2,x26	 x26:0x26258429  f2=0x4e189610
       8735.000 ns	       872	800004f0	a1749853	flt.s	x16,f9,f23	  f9:0xc7ddf2c1 f23:0x80000000 x16=0x00000001
       9105.000 ns	       909	800004f4	03ece033	rem	x0,x25,x30	 x25:0x00000000 x30:0x00000002
       9135.000 ns	       912	800004f8	e00d91d3	fclass.s	x3,f27	 f27:0x7fc00000  x3=0x00000200
       9155.000 ns	       914	800004fc	00517333	and	x6,x2,x5	  x2:0x0001312c  x5:0x00000000  x6=0x00000000
       9165.000 ns	       915	80000500	004235b3	sltu	x11,x4,x4	  x4:0x0001312c  x4:0x0001312c x11=0x00000000
       9195.000 ns	       918	80000504	107f77d3	fmul.s	f15,f30,f7	 f30:0x40000000  f7:0x802c94ad f15=0x8059295a
       9225.000 ns	       921	80000508	28669253	fmax.s	f4,f13,f6	 f13:0x800754c5  f6:0x00000000  f4=0x00000000
       9255.000 ns	       924	8000050c	033b1633	mulh	x12,x22,x19	 x22:0x00000000 x19:0xd1a05b21 x12=0x00000000
       9285.000 ns	       927	80000510	020164b3	rem	x9,x2,x0	  x2:0x0001312c  x0:0x00000000  x9=0x0001312c
       9655.000 ns	       964	80000514	03da5b33	divu	x22,x20,x29	 x20:0x80041024 x29:0xfffeced6 x22=0x00000000
       9675.000 ns	       966	80000518	40eadf93	srai	x31,x21,0xe	 x21:0x6203c000 x31=0x0001880f
       9695.000 ns	       968	8000051c	02f6eb33	rem	x22,x13,x15	 x13:0x0000063a x15:0x00000000 x22=0x0000063a
       9745.000 ns	       973	80000520	01291153	fadd.s	f2,f18,f18	 f18:0x80000000 f18:0x80000000  f2=0x80000000
       9775.000 ns	       976	80000524	20cb1353	fsgnjn.s	f6,f22,f12	 f22:0xcea340c0 f12:0xce9945db  f6=0x4ea340c0
       9805.000 ns	       979	80000528	e00411d3	fclass.s	x3,f8	  f8:0x80000000  x3=0x00000008
       9825.000 ns	       981	8000052c	0161f933	and	x18,x3,x22	  x3:0x00000200 x22:0x0000063a x18=0x00000008
       9845.000 ns	       983	80000530	032692b3	mulh	x5,x13,x18	 x13:0x0000063a x18:0xf6203c00  x5=0x00000000
       9865.000 ns	       985	80000534	00000013	addi	x0,x0,0	  x0:0x00000000
       9875.000 ns	       986	80000538	e47eb313	sltiu	x6,x29,-441	 x29:0xfffeced6  x6=0x00000001
       9885.000 ns	       987	8000053c	d98b0793	addi	x15,x22,-616	 x22:0x0000063a x15=0x000003d2
       9915.000 ns	       990	80000540	5805a9d3	fsqrt.s	f19,f11	 f11:0xaccb7bb6 f19=0x7fc00000
      10285.000 ns	      1027	80000544	03c2d633	divu	x12,x5,x28	  x5:0x00000000 x28:0x00800000 x12=0x00000000
      10305.000 ns	      1029	80000548	01bb3333	sltu	x6,x22,x27	 x22:0x0000063a x27:0x00000200  x6=0x00000000
      10325.000 ns	      1031	8000054c	d009f453	fcvt.s.w	f8,x19	 x19:0xd1a05b21  f8=0xce397e93
      10345.000 ns	      1033	80000550	01bdbdb3	sltu	x27,x27,x27	 x27:0x00000200 x27:0x00000200 x27=0x00000000
      10355.000 ns	      1034	80000554	1376e113	ori	x2,x13,311	 x13:0x0000063a  x2=0x0000073f
      10395.000 ns	      1038	80000558	019cf5d3	fadd.s	f11,f25,f25	 f25:0x00000000 f25:0x00000000 f11=0x00000000
      10425.000 ns	      1041	8000055c	a04d0c53	fle.s	x24,f26,f4	 f26:0x00000000  f4:0x00000000 x24=0x00000001
      10465.000 ns	      1045	80000560	11cc73d3	fmul.s	f7,f24,f28	 f24:0x00000000 f28:0x66930bde  f7=0x00000000
      10485.000 ns	      1047	80000564	415d5113	srai	x2,x26,0x15	 x26:0x26258429  x2=0x00000131
      10505.000 ns	      1049	80000568	025032b3	mulhu	x5,x0,x5	  x0:0x00000000  x5:0x00000000  x5=0x00000000
      10535.000 ns	      1052	8000056c	f0068ed3	fmv.w.x	f29,x13	 x13:0x0000063a f29=0x0000063a
      10585.000 ns	      1057	80000570	015f4753	fadd.s	f14,f30,f21	 f30:0x40000000 f21:0x00000000 f14=0x40000000
      10615.000 ns	      1060	80000574	026b96b3	mulh	x13,x23,x6	 x23:0x00000002  x6:0x00000000 x13=0x00000000
      10645.000 ns	      1063	80000578	c012f1d3	fcvt.wu.s	x3,f5	  f5:0x7f800001  x3=0xffffffff
      11015.000 ns	      1100	8000057c	02f4e833	rem	x16,x9,x15	  x9:0x0001312c x15:0x000003d2 x16=0x0000035e
      11035.000 ns	      1102	80000580	01a7cfb3	xor	x31,x15,x26	 x15:0x000003d2 x26:0x26258429 x31=0x262587fb
      11055.000 ns	      1104	80000584	a02a25d3	feq.s	x11,f20,f2	 f20:0x7f800000  f2:0x80000000 x11=0x00000000
      11075.000 ns	      1106	80000588	01cf74b3	and	x9,x30,x28	 x30:0x00000002 x28:0x00800000  x9=0x00000000
      11085.000 ns	      1107	8000058c	41b20f33	sub	x30,x4,x27	  x4:0x0001312c x27:0x00000000 x30=0x0001312c
      11095.000 ns	      1108	80000590	00631193	slli	x3,x6,0x6	  x6:0x00000000  x3=0x00000000
      11115.000 ns	      1110	80000594	a1f39353	flt.s	x6,f7,f31	  f7:0x00000000 f31:0x002c94ad  x6=0x00000001
      11145.000 ns	      1113	80000598	d00ea5d3	fcvt.s.w	f11,x29	 x29:0xfffeced6 f11=0xc7989500
      11175.000 ns	      1116	8000059c	e00c15d3	fclass.s	x11,f24	 f24:0x00000000 x11=0x00000010
      11205.000 ns	      1119	800005a0	283197d3	fmax.s	f15,f3,f3	  f3:0x80000000  f3:0x80000000 f15=0x80000000
      11225.000 ns	      1121	800005a4	448efd93	andi	x27,x29,1096	 x29:0xfffeced6 x27=0x00000440
      11235.000 ns	      1122	800005a8	00e76cb3	or	x25,x14,x14	 x14:0x0000002c x14:0x0000002c x25=0x0000002c
      11265.000 ns	      1125	800005ac	58028153	fsqrt.s	f2,f5	  f5:0x7f800001  f2=0x7fc00000
      11295.000 ns	      1128	800005b0	e0020f53	fmv.x.w	x30,f4	  f4:0x00000000 x30=0x00000000
      11315.000 ns	      1130	800005b4	01889c13	slli	x24,x17,0x18	 x17:0x00000004 x24=0x04000000
      11355.000 ns	      1134	800005b8	08d6ff53	fsub.s	f30,f13,f13	 f13:0x800754c5 f13:0x800754c5 f30=0x00000000
      11385.000 ns	      1137	800005bc	29811053	fmax.s	f0,f2,f24	  f2:0x7fc00000 f24:0x00000000  f0=0x00000000
      11755.000 ns	      1174	800005c0	024e6f33	rem	x30,x28,x4	 x28:0x00800000  x4:0x0001312c x30=0x0000729c
      11785.000 ns	      1177	800005c4	a10d0153	fle.s	x2,f26,f16	 f26:0x00000000 f16:0x80000000  x2=0x00000001
      11815.000 ns	      1180	800005c8	29020853	fmin.s	f16,f4,f16	  f4:0x00000000 f16:0x80000000 f16=0x80000000
      11845.000 ns	      1183	800005cc	206992d3	fsgnjn.s	f5,f19,f6	 f19:0x7fc00000  f6:0x4ea340c0  f5=0xffc00000
      12215.000 ns	      1220	800005d0	0354d5b3	divu	x11,x9,x21	  x9:0x00000000 x21:0x6203c000 x11=0x00000000
      12245.000 ns	      1223	800005d4	d00008d3	fcvt.s.w	f17,x0	  x0:0x00000000 f17=0x00000000
      12265.000 ns	      1225	800005d8	01b7fd33	and	x26,x15,x27	 x15:0x000003d2 x27:0x00000440 x26=0x00000040
      12285.000 ns	      1227	800005dc	a08116d3	flt.s	x13,f2,f8	  f2:0x7fc00000  f8:0xce397e93 x13=0x00000000
      12315.000 ns	      1230	800005e0	c014fd53	fcvt.wu.s	x26,f9	  f9:0xc7ddf2c1 x26=0x0001bbe5
      12355.000 ns	      1234	800005e4	1804fa53	fdiv.s	f20,f9,f0	  f9:0xc7ddf2c1  f0:0x00000000 f20=0xff800000
      12375.000 ns	      1236	800005e8	010e8c33	add	x24,x29,x16	 x29:0xfffeced6 x16:0x0000035e x24=0xfffed234
      12395.000 ns	      1238	800005ec	f0008553	fmv.w.x	f10,x1	  x1:0x80000000 f10=0x80000000
      12425.000 ns	      1241	800005f0	20a2af53	fsgnjx.s	f30,f5,f10	  f5:0xffc00000 f10:0x3f69ab86 f30=0x7fc00000
      12445.000 ns	      1243	800005f4	40d352b3	sra	x5,x6,x13	  x6:0x00000001 x13:0x00000000  x5=0x00000001
      12455.000 ns	      1244	800005f8	00845eb3	srl	x29,x8,x8	  x8:0x80040fe4  x8:0x80040fe4 x29=0x080040fe
      12475.000 ns	      1246	800005fc	03702ab3	mulhsu	x21,x0,x23	  x0:0x00000000 x23:0x00000002 x21=0x00000000
      12495.000 ns	      1248	80000600	00000013	addi	x0,x0,0	  x0:0x00000000
      12505.000 ns	      1249	80000604	009cabb3	slt	x23,x25,x9	 x25:0x0000002c  x9:0x00000000 x23=0x00000000
      12545.000 ns	      1253	80000608	0914b9d3	fsub.s	f19,f9,f17	  f9:0xc7ddf2c1 f17:0x00000000 f19=0xc7ddf2c1
      12575.000 ns	      1256	8000060c	03554333	div	x6,x10,x21	 x10:0x00000000 x21:0x00000000  x6=0xffffffff
      12595.000 ns	      1258	80000610	017ac7b3	xor	x15,x21,x23	 x21:0x00000000 x23:0x00000000 x15=0x00000000
      12605.000 ns	      1259	80000614	41855113	srai	x2,x10,0x18	 x10:0x00000000  x2=0x00000000
      12615.000 ns	      1260	80000618	41795cb3	sra	x25,x18,x23	 x18:0x00000008 x23:0x00000000 x25=0x00000008
      12625.000 ns	      1261	8000061c	01feb133	sltu	x2,x29,x31	 x29:0x080040fe x31:0x262587fb  x2=0x00000001
      12635.000 ns	      1262	80000620	004cde13	srli	x28,x25,0x4	 x25:0x0000002c x28=0x00000000
      12645.000 ns	      1263	80000624	b2fe2e97	auipc	x29,0xb2fe2	 x29=0x32fe2624
      12655.000 ns	      1264	80000628	b1003793	sltiu	x15,x0,-1264	  x0:0x00000000 x15=0x00000001
      12675.000 ns	      1266	8000062c	c00dfc53	fcvt.w.s	x24,f27	 f27:0x7fc00000 x24=0x7fffffff
      12705.000 ns	      1269	80000630	a07a0c53	fle.s	x24,f20,f7	 f20:0xff800000  f7:0x00000000 x24=0x00000001
      12735.000 ns	      1272	80000634	29aa8053	fmin.s	f0,f21,f26	 f21:0x00000000 f26:0x00000000  f0=0x00000000
      12765.000 ns	      1275	80000638	f0098053	fmv.w.x	f0,x19	 x19:0xd1a05b21  f0=0xd1a05b21
      12795.000 ns	      1278	8000063c	200127d3	fsgnjx.s	f15,f2,f0	  f2:0x7fc00000  f0:0x00000000 f15=0xffc00000
      12815.000 ns	      1280	80000640	9df18813	addi	x16,x3,-1569	  x3:0x00000000 x16=0xfffff9df
      12825.000 ns	      1281	80000644	76954fb7	lui	x31,0x76954	 x31=0x76954000
      12845.000 ns	      1283	80000648	a13a0053	fle.s	x0,f20,f19	 f20:0xff800000 f19:0xc7ddf2c1
      12895.000 ns	      1288	8000064c	09b53bd3	fsub.s	f23,f10,f27	 f10:0x80000000 f27:0x7fc00000 f23=0x7fc00000
      12915.000 ns	      1290	80000650	8cde6313	ori	x6,x28,-1843	 x28:0x00000000  x6=0xfffff8cd
      12925.000 ns	      1291	80000654	2bd6b017	auipc	x0,0x2bd6b	
      13285.000 ns	      1327	80000658	03e64133	div	x2,x12,x30	 x12:0x00000000 x30:0x0000729c  x2=0x00000000
      13305.000 ns	      1329	8000065c	00454e33	xor	x28,x10,x4	 x10:0x00000000  x4:0x0001312c x28=0x0001312c
      13335.000 ns	      1332	80000660	109d73d3	fmul.s	f7,f26,f9	 f26:0x00000000  f9:0xc7ddf2c1  f7=0x80000000
      13355.000 ns	      1334	80000664	220e2d13	slti	x26,x28,544	 x28:0x00000000 x26=0x00000000
      13365.000 ns	      1335	80000668	a934ec13	ori	x24,x9,-1389	  x9:0x00000000 x24=0xfffffa93
      13385.000 ns	      1337	8000066c	c01b0dd3	fcvt.wu.s	x27,f22	 f22:0xcea340c0 x27=0x51a06000
      13405.000 ns	      1339	80000670	fdf67e13	andi	x28,x12,-33	 x12:0x00000000 x28=0x00000000
      13415.000 ns	      1340	80000674	283c7d93	andi	x27,x24,643	 x24:0xfffffa93 x27=0x00000283
      13425.000 ns	      1341	80000678	77cf2317	auipc	x6,0x77cf2	  x6=0xf7cf2678
      13445.000 ns	      1343	8000067c	03e52fb3	mulhsu	x31,x10,x30	 x10:0x00000000 x30:0x0000729c x31=0x00000000
      13485.000 ns	      1347	80000680	11f39453	fmul.s	f8,f7,f31	  f7:0x80000000 f31:0x002c94ad  f8=0x80000000
      13505.000 ns	      1349	80000684	00000013	addi	x0,x0,0	  x0:0x00000000
      13525.000 ns	      1351	80000688	e00e06d3	fmv.x.w	x13,f28	 f28:0x66930bde x13=0x66930bde
      13545.000 ns	      1353	8000068c	41cf5993	srai	x19,x30,0x1c	 x30:0x0000729c x19=0x00000000
      13565.000 ns	      1355	80000690	03e3a2b3	mulhsu	x5,x7,x30	  x7:0x00000000 x30:0x0000729c  x5=0x00000000
      13595.000 ns	      1358	80000694	03970833	mul	x16,x14,x25	 x14:0x0000002c x25:0x00000008 x16=0x00000160
      13615.000 ns	      1360	80000698	00621d93	slli	x27,x4,0x6	  x4:0x0001312c x27=0x004c4b00
      13635.000 ns	      1362	8000069c	28741353	fmax.s	f6,f8,f7	  f8:0x80000000  f7:0x80000000  f6=0x80000000
      13655.000 ns	      1364	800006a0	413f5833	sra	x16,x30,x19	 x30:0x0000729c x19:0x00000000 x16=0x0000729c
      13665.000 ns	      1365	800006a4	985ff013	andi	x0,x31,-1659	 x31:0x00000000
      13675.000 ns	      1366	800006a8	017b8ab3	add	x21,x23,x23	 x23:0x00000000 x23:0x00000000 x21=0x00000000
      13695.000 ns	      1368	800006ac	02301c33	mulh	x24,x0,x3	  x0:0x00000000  x3:0x00000000 x24=0x00000000
      13725.000 ns	      1371	800006b0	036c8cb3	mul	x25,x25,x22	 x25:0x00000008 x22:0x0000063a x25=0x000031d0
      13745.000 ns	      1373	800006b4	f57bce13	xori	x28,x23,-169	 x23:0x00000000 x28=0xffffff57
      13785.000 ns	      1377	800006b8	012b0053	fadd.s	f0,f22,f18	 f22:0xcea340c0 f18:0x80000000  f0=0xcea340c0
      13815.000 ns	      1380	800006bc	a1b021d3	feq.s	x3,f0,f27	  f0:0xd1a05b21 f27:0x7fc00000  x3=0x00000000
      13845.000 ns	      1383	800006c0	02761233	mulh	x4,x12,x7	 x12:0x00000000  x7:0x00000000  x4=0x00000000
      13865.000 ns	      1385	800006c4	01155313	srli	x6,x10,0x11	 x10:0x00000000  x6=0x00000000
      13875.000 ns	      1386	800006c8	019a9b33	sll	x22,x21,x25	 x21:0x00000000 x25:0x000031d0 x22=0x00000000
      13895.000 ns	      1388	800006cc	e00995d3	fclass.s	x11,f19	 f19:0xc7ddf2c1 x11=0x00000002
      14265.000 ns	      1425	800006d0	039f4bb3	div	x23,x30,x25	 x30:0x0000729c x25:0x000031d0 x23=0x00000002
      14295.000 ns	      1428	800006d4	02970233	mul	x4,x14,x9	 x14:0x0000002c  x9:0x00000000  x4=0x00000000
      14325.000 ns	      1431	800006d8	02c86e33	rem	x28,x16,x12	 x16:0x0000729c x12:0x00000000 x28=0x0000729c
      14345.000 ns	      1433	800006dc	01c5cdb3	xor	x27,x11,x28	 x11:0x00000002 x28:0xffffff57 x27=0x0000729e
      14365.000 ns	      1435	800006e0	d00709d3	fcvt.s.w	f19,x14	 x14:0x0000002c f19=0x42300000
      14395.000 ns	      1438	800006e4	215c1353	fsgnjn.s	f6,f24,f21	 f24:0x00000000 f21:0x00000000  f6=0x80000000
      14425.000 ns	      1441	800006e8	289b05d3	fmin.s	f11,f22,f9	 f22:0xcea340c0  f9:0xc7ddf2c1 f11=0xcea340c0
      14445.000 ns	      1443	800006ec	63bf7593	andi	x11,x30,1595	 x30:0x0000729c x11=0x00000218
      14455.000 ns	      1444	800006f0	6b161837	lui	x16,0x6b161	 x16=0x6b161000
      14475.000 ns	      1446	800006f4	d008f6d3	fcvt.s.w	f13,x17	 x17:0x00000004 f13=0x40800000
      14495.000 ns	      1448	800006f8	fa794713	xori	x14,x18,-89	 x18:0x00000008 x14=0xffffffaf
      14505.000 ns	      1449	800006fc	011f4d33	xor	x26,x30,x17	 x30:0x0000729c x17:0x00000004 x26=0x00007298
      14525.000 ns	      1451	80000700	20e7a953	fsgnjx.s	f18,f15,f14	 f15:0xffc00000 f14:0x40000000 f18=0xffc00000
      14555.000 ns	      1454	80000704	29bc1853	fmax.s	f16,f24,f27	 f24:0x00000000 f27:0x7fc00000 f16=0x00000000
      14585.000 ns	      1457	80000708	29b01653	fmax.s	f12,f0,f27	  f0:0xcea340c0 f27:0x7fc00000 f12=0xcea340c0
      14605.000 ns	      1459	8000070c	64d82193	slti	x3,x16,1613	 x16:0x6b161000  x3=0x00000000
      14615.000 ns	      1460	80000710	01ad5c13	srli	x24,x26,0x1a	 x26:0x00007298 x24=0x00000000
      14625.000 ns	      1461	80000714	00c08ab3	add	x21,x1,x12	  x1:0x80000000 x12:0x00000000 x21=0x80000000
      14645.000 ns	      1463	80000718	a1df1853	flt.s	x16,f30,f29	 f30:0x7fc00000 f29:0x0000063a x16=0x00000000
      14675.000 ns	      1466	8000071c	d0123a53	fcvt.s.wu	f20,x4	  x4:0x00000000 f20=0x00000000
      14705.000 ns	      1469	80000720	d012fd53	fcvt.s.wu	f26,x5	  x5:0x00000000 f26=0x00000000
      14725.000 ns	      1471	80000724	01715b33	srl	x22,x2,x23	  x2:0x00000000 x23:0x00000002 x22=0x00000000
      14745.000 ns	      1473	80000728	214429d3	fsgnjx.s	f19,f8,f20	  f8:0x80000000 f20:0x00000000 f19=0x80000000
      14775.000 ns	      1476	8000072c	a1bf9d53	flt.s	x26,f31,f27	 f31:0x002c94ad f27:0x7fc00000 x26=0x00000000
      14825.000 ns	      1481	80000730	00891253	fadd.s	f4,f18,f8	 f18:0xffc00000  f8:0x80000000  f4=0x7fc00000
      14855.000 ns	      1484	80000734	a06b1f53	flt.s	x30,f22,f6	 f22:0xcea340c0  f6:0x80000000 x30=0x00000001
      14875.000 ns	      1486	80000738	4b852313	slti	x6,x10,1208	 x10:0x00000000  x6=0x00000001
      14895.000 ns	      1488	8000073c	21e5a153	fsgnjx.s	f2,f11,f30	 f11:0xcea340c0 f30:0x7fc00000  f2=0xcea340c0
      14925.000 ns	      1491	80000740	e00b9f53	fclass.s	x30,f23	 f23:0x7fc00000 x30=0x00000200
      15295.000 ns	      1528	80000744	03e3ed33	rem	x26,x7,x30	  x7:0x00000000 x30:0x00000001 x26=0x00000000
      15345.000 ns	      1533	80000748	0817f953	fsub.s	f18,f15,f1	 f15:0xffc00000  f1:0x7f800000 f18=0x7fc00000
      15375.000 ns	      1536	8000074c	a02789d3	fle.s	x19,f15,f2	 f15:0xffc00000  f2:0xcea340c0 x19=0x00000000
      15405.000 ns	      1539	80000750	283300d3	fmin.s	f1,f6,f3	  f6:0x80000000  f3:0x80000000  f1=0x80000000
      15435.000 ns	      1542	80000754	03a14bb3	div	x23,x2,x26	  x2:0x00000000 x26:0x00000000 x23=0xffffffff
      15455.000 ns	      1544	80000758	1195b693	sltiu	x13,x11,281	 x11:0x00000218 x13=0x00000000
      15465.000 ns	      1545	8000075c	002197b3	sll	x15,x3,x2	  x3:0x00000000  x2:0x00000000 x15=0x00000000
      15475.000 ns	      1546	80000760	e033f013	andi	x0,x7,-509	  x7:0x00000000
      15485.000 ns	      1547	80000764	0091bb33	sltu	x22,x3,x9	  x3:0x00000000  x9:0x00000000 x22=0x00000000
      15495.000 ns	      1548	80000768	0114f633	and	x12,x9,x17	  x9:0x00000000 x17:0x00000004 x12=0x00000000
      15515.000 ns	      1550	8000076c	e00e08d3	fmv.x.w	x17,f28	 f28:0x66930bde x17=0x66930bde
      15535.000 ns	      1552	80000770	0043d933	srl	x18,x7,x4	  x7:0x00000000  x4:0x00000000 x18=0x00000000
      15555.000 ns	      1554	80000774	c0152253	fcvt.wu.s	x4,f10	 f10:0x80000000  x4=0x00000000
      15605.000 ns	      1559	80000778	09a27e53	fsub.s	f28,f4,f26	  f4:0x7fc00000 f26:0x00000000 f28=0x7fc00000
      15625.000 ns	      1561	8000077c	2c106493	ori	x9,x0,705	  x0:0x00000000  x9=0x000002c1
      15635.000 ns	      1562	80000780	00000013	addi	x0,x0,0	  x0:0x00000000
      15655.000 ns	      1564	80000784	21c0a3d3	fsgnjx.s	f7,f1,f28	  f1:0x80000000 f28:0x7fc00000  f7=0x80000000
      15705.000 ns	      1569	80000788	091274d3	fsub.s	f9,f4,f17	  f4:0x7fc00000 f17:0x00000000  f9=0x7fc00000
      15725.000 ns	      1571	8000078c	850ac513	xori	x10,x21,-1968	 x21:0x80000000 x10=0x7ffff850
      15745.000 ns	      1573	80000790	c01af253	fcvt.wu.s	x4,f21	 f21:0x00000000  x4=0x00000000
      15765.000 ns	      1575	80000794	dbdc9637	lui	x12,0xdbdc9	 x12=0xdbdc9000
      15785.000 ns	      1577	80000798	a0c89353	flt.s	x6,f17,f12	 f17:0x00000000 f12:0xcea340c0  x6=0x00000000
      15815.000 ns	      1580	8000079c	c012f653	fcvt.wu.s	x12,f5	  f5:0xffc00000 x12=0xffffffff
      15835.000 ns	      1582	800007a0	01f5d513	srli	x10,x11,0x1f	 x11:0x00000218 x10=0x00000000
      15845.000 ns	      1583	800007a4	40e706b3	sub	x13,x14,x14	 x14:0xffffffaf x14:0xffffffaf x13=0x00000000
      15855.000 ns	      1584	800007a8	41b60e33	sub	x28,x12,x27	 x12:0xffffffff x27:0x0000729e x28=0xffff8d61
      15865.000 ns	      1585	800007ac	01603d33	sltu	x26,x0,x22	  x0:0x00000000 x22:0x00000000 x26=0x00000000
      15875.000 ns	      1586	800007b0	01605e13	srli	x28,x0,0x16	  x0:0x00000000 x28=0x00000000
      15885.000 ns	      1587	800007b4	01ded013	srli	x0,x29,0x1d	 x29:0x32fe2624
      15895.000 ns	      1588	800007b8	013d1e13	slli	x28,x26,0x13	 x26:0x00000000 x28=0x00000000
      15905.000 ns	      1589	800007bc	29a02897	auipc	x17,0x29a02	 x17=0xa9a027bc
      15915.000 ns	      1590	800007c0	01d61613	slli	x12,x12,0x1d	 x12:0xffffffff x12=0xe0000000
      15925.000 ns	      1591	800007c4	2d51cb93	xori	x23,x3,725	  x3:0x00000000 x23=0x000002d5
      15935.000 ns	      1592	800007c8	005dd933	srl	x18,x27,x5	 x27:0x0000729e  x5:0x00000000 x18=0x0000729e
      15945.000 ns	      1593	800007cc	6d714913	xori	x18,x2,1751	  x2:0x00000000 x18=0x000006d7
      15955.000 ns	      1594	800007d0	004fe4b3	or	x9,x31,x4	 x31:0x00000000  x4:0x00000000  x9=0x00000000
      15975.000 ns	      1596	800007d4	21649bd3	fsgnjn.s	f23,f9,f22	  f9:0x7fc00000 f22:0xcea340c0 f23=0x7fc00000
      15995.000 ns	      1598	800007d8	012674b3	and	x9,x12,x18	 x12:0xe0000000 x18:0x000006d7  x9=0x00000000
      16015.000 ns	      1600	800007dc	28f11453	fmax.s	f8,f2,f15	  f2:0xcea340c0 f15:0xffc00000  f8=0xcea340c0
      16035.000 ns	      1602	800007e0	02c1deb7	lui	x29,0x2c1d	 x29=0x02c1d000
      16045.000 ns	      1603	800007e4	00000013	addi	x0,x0,0	  x0:0x00000000
      16065.000 ns	      1605	800007e8	02dfb333	mulhu	x6,x31,x13	 x31:0x00000000 x13:0x00000000  x6=0x00000000
      16085.000 ns	      1607	800007ec	449e7313	andi	x6,x28,1097	 x28:0x00000000  x6=0x00000000
      16095.000 ns	      1608	800007f0	78533693	sltiu	x13,x6,1925	  x6:0x00000000 x13=0x00000001
      16115.000 ns	      1610	800007f4	29e68b53	fmin.s	f22,f13,f30	 f13:0x40800000 f30:0x7fc00000 f22=0x40800000
      16145.000 ns	      1613	800007f8	0204d233	divu	x4,x9,x0	  x9:0x00000000  x0:0x00000000  x4=0xffffffff
      16185.000 ns	      1617	800007fc	1801fc53	fdiv.s	f24,f3,f0	  f3:0x80000000  f0:0xcea340c0 f24=0x00000000
      16205.000 ns	      1619	80000800	5c2e4d37	lui	x26,0x5c2e4	 x26=0x5c2e4000
      16225.000 ns	      1621	80000804	21550653	fsgnj.s	f12,f10,f21	 f10:0x80000000 f21:0x00000000 f12=0x00000000
      16245.000 ns	      1623	80000808	27336713	ori	x14,x6,627	  x6:0x00000000 x14=0x00000273
      16265.000 ns	      1625	8000080c	216c2153	fsgnjx.s	f2,f24,f22	 f24:0x00000000 f22:0x40800000  f2=0x00000000
      16295.000 ns	      1628	80000810	025262b3	rem	x5,x4,x5	  x4:0xffffffff  x5:0x00000000  x5=0xffffffff
      16315.000 ns	      1630	80000814	015c9d93	slli	x27,x25,0x15	 x25:0x000031d0 x27=0x3a000000
      16355.000 ns	      1634	80000818	091a7d53	fsub.s	f26,f20,f17	 f20:0x00000000 f17:0x00000000 f26=0x80000000
      16385.000 ns	      1637	8000081c	284394d3	fmax.s	f9,f7,f4	  f7:0x80000000  f4:0x7fc00000  f9=0x80000000
      16415.000 ns	      1640	80000820	e0011053	fclass.s	x0,f2	  f2:0x00000000
      16435.000 ns	      1642	80000824	41735813	srai	x16,x6,0x17	  x6:0x00000000 x16=0x00000000
      16455.000 ns	      1644	80000828	20092053	fsgnjx.s	f0,f18,f0	 f18:0x7fc00000  f0:0xcea340c0  f0=0xffc00000
      16475.000 ns	      1646	8000082c	574ffd93	andi	x27,x31,1396	 x31:0x00000000 x27=0x00000000
      16495.000 ns	      1648	80000830	204ca1d3	fsgnjx.s	f3,f25,f4	 f25:0x00000000  f4:0x7fc00000  f3=0x00000000
      16525.000 ns	      1651	80000834	c0101653	fcvt.wu.s	x12,f0	  f0:0xffc00000 x12=0xffffffff
      16555.000 ns	      1654	80000838	e00e9fd3	fclass.s	x31,f29	 f29:0x0000063a x31=0x00000020
      16575.000 ns	      1656	8000083c	526edf17	auipc	x30,0x526ed	 x30=0xd26ed83c
      16595.000 ns	      1658	80000840	0267b533	mulhu	x10,x15,x6	 x15:0x00000000  x6:0x00000000 x10=0x00000000
      16615.000 ns	      1660	80000844	419d58b3	sra	x17,x26,x25	 x26:0x5c2e4000 x25:0x000031d0 x17=0x00005c2e
      16625.000 ns	      1661	80000848	bfac7513	andi	x10,x24,-1030	 x24:0x00000000 x10=0x00000000
      16645.000 ns	      1663	8000084c	d01e7553	fcvt.s.wu	f10,x28	 x28:0x00000000 f10=0x00000000
      16675.000 ns	      1666	80000850	a1ada1d3	feq.s	x3,f27,f26	 f27:0x7fc00000 f26:0x80000000  x3=0x00000000
      16695.000 ns	      1668	80000854	00000013	addi	x0,x0,0	  x0:0x00000000
      16715.000 ns	      1670	80000858	299d1453	fmax.s	f8,f26,f25	 f26:0x80000000 f25:0x00000000  f8=0x00000000
      16755.000 ns	      1674	8000085c	580671d3	fsqrt.s	f3,f12	 f12:0x00000000  f3=0x00000000
      16795.000 ns	      1678	80000860	5802fd53	fsqrt.s	f26,f5	  f5:0xffc00000 f26=0x7fc00000
      16815.000 ns	      1680	80000864	4e07f497	auipc	x9,0x4e07f	  x9=0xce07f864
      16835.000 ns	      1682	80000868	e0040dd3	fmv.x.w	x27,f8	  f8:0x00000000 x27=0x00000000
      16865.000 ns	      1685	8000086c	02a1fc33	remu	x24,x3,x10	  x3:0x00000000 x10:0x00000000 x24=0x00000000
      17235.000 ns	      1722	80000870	032efd33	remu	x26,x29,x18	 x29:0x02c1d000 x18:0x000006d7 x26=0x000006b0
      17255.000 ns	      1724	80000874	3dae7993	andi	x19,x28,986	 x28:0x00000000 x19=0x00000000
      17275.000 ns	      1726	80000878	c00bc853	fcvt.w.s	x16,f23	 f23:0x7fc00000 x16=0x7fffffff
      17295.000 ns	      1728	8000087c	00767c33	and	x24,x12,x7	 x12:0xffffffff  x7:0x00000000 x24=0x00000000
      17655.000 ns	      1764	80000880	03a3d8b3	divu	x17,x7,x26	  x7:0x00000000 x26:0x000006b0 x17=0x00000000
      17685.000 ns	      1767	80000884	21959a53	fsgnjn.s	f20,f11,f25	 f11:0xcea340c0 f25:0x00000000 f20=0xcea340c0
      17725.000 ns	      1771	80000888	58023ad3	fsqrt.s	f21,f4	  f4:0x7fc00000 f21=0x7fc00000
      17745.000 ns	      1773	8000088c	00000013	addi	x0,x0,0	  x0:0x00000000
      17755.000 ns	      1774	80000890	08c9c813	xori	x16,x19,140	 x19:0x00000000 x16=0x0000008c
      17765.000 ns	      1775	80000894	9eb10193	addi	x3,x2,-1557	  x2:0x00000000  x3=0xfffff9eb
      17775.000 ns	      1776	80000898	884f0813	addi	x16,x30,-1916	 x30:0xd26ed83c x16=0xd26ed0c0
      17795.000 ns	      1778	8000089c	a04b2053	feq.s	x0,f22,f4	 f22:0x40800000  f4:0x7fc00000
      17825.000 ns	      1781	800008a0	e0079fd3	fclass.s	x31,f15	 f15:0xffc00000 x31=0x00000200
      17855.000 ns	      1784	800008a4	03834fb3	div	x31,x6,x24	  x6:0x00000000 x24:0x00000000 x31=0xffffffff
      18225.000 ns	      1821	800008a8	0345df33	divu	x30,x11,x20	 x11:0x00000218 x20:0x80041024 x30=0x00000000
      18245.000 ns	      1823	800008ac	41985693	srai	x13,x16,0x19	 x16:0xd26ed0c0 x13=0xffffffe9
      18275.000 ns	      1826	800008b0	18087bd3	fdiv.s	f23,f16,f0	 f16:0x00000000  f0:0xffc00000 f23=0x7fc00000
      18295.000 ns	      1828	800008b4	00000013	addi	x0,x0,0	  x0:0x00000000
      18315.000 ns	      1830	800008b8	e0001dd3	fclass.s	x27,f0	  f0:0xffc00000 x27=0x00000200
      18345.000 ns	      1833	800008bc	c01bc7d3	fcvt.wu.s	x15,f23	 f23:0x7fc00000 x15=0xffffffff
      18365.000 ns	      1835	800008c0	0151bbb3	sltu	x23,x3,x21	  x3:0xfffff9eb x21:0x80000000 x23=0x00000000
      18385.000 ns	      1837	800008c4	28191353	fmax.s	f6,f18,f1	 f18:0x7fc00000  f1:0x80000000  f6=0x80000000
      18435.000 ns	      1842	800008c8	083d8053	fsub.s	f0,f27,f3	 f27:0x7fc00000  f3:0x00000000  f0=0x7fc00000
      18465.000 ns	      1845	800008cc	a16116d3	flt.s	x13,f2,f22	  f2:0x00000000 f22:0x40800000 x13=0x00000001
      18495.000 ns	      1848	800008d0	c009ce53	fcvt.w.s	x28,f19	 f19:0x80000000 x28=0x00000000
      18515.000 ns	      1850	800008d4	12a12593	slti	x11,x2,298	  x2:0x00000000 x11=0x00000001
      18535.000 ns	      1852	800008d8	e00d9653	fclass.s	x12,f27	 f27:0x7fc00000 x12=0x00000200
      18555.000 ns	      1854	800008dc	01b58933	add	x18,x11,x27	 x11:0x00000218 x27:0x00000200 x18=0x00000201
      18575.000 ns	      1856	800008e0	20598653	fsgnj.s	f12,f19,f5	 f19:0x80000000  f5:0xffc00000 f12=0x80000000
      18595.000 ns	      1858	800008e4	4f206013	ori	x0,x0,1266	  x0:0x00000000
      18635.000 ns	      1862	800008e8	085c22d3	fsub.s	f5,f24,f5	 f24:0x00000000  f5:0xffc00000  f5=0x7fc00000
      18665.000 ns	      1865	800008ec	f00707d3	fmv.w.x	f15,x14	 x14:0x00000273 f15=0x00000273
      18695.000 ns	      1868	800008f0	20fc9a53	fsgnjn.s	f20,f25,f15	 f25:0x00000000 f15:0xffc00000 f20=0x80000000
      18745.000 ns	      1873	800008f4	09574953	fsub.s	f18,f14,f21	 f14:0x40000000 f21:0x7fc00000 f18=0x7fc00000
      18775.000 ns	      1876	800008f8	21512253	fsgnjx.s	f4,f2,f21	  f2:0x00000000 f21:0x7fc00000  f4=0x00000000
      18805.000 ns	      1879	800008fc	20098b53	fsgnj.s	f22,f19,f0	 f19:0x80000000  f0:0x7fc00000 f22=0x00000000
      18825.000 ns	      1881	80000900	00000013	addi	x0,x0,0	  x0:0x00000000
      18845.000 ns	      1883	80000904	c0079053	fcvt.w.s	x0,f15	 f15:0x00000273
      18865.000 ns	      1885	80000908	01f322b3	slt	x5,x6,x31	  x6:0x00000000 x31:0xffffffff  x5=0x00000000
      18875.000 ns	      1886	8000090c	00000013	addi	x0,x0,0	  x0:0x00000000
      18895.000 ns	      1888	80000910	a1d828d3	feq.s	x17,f16,f29	 f16:0x00000000 f29:0x0000063a x17=0x00000000
      18915.000 ns	      1890	80000914	a7252f93	slti	x31,x10,-1422	 x10:0x00000000 x31=0x00000000
      18925.000 ns	      1891	80000918	e2a96a93	ori	x21,x18,-470	 x18:0x00000201 x21=0xfffffe2b
      18935.000 ns	      1892	8000091c	01e454b3	srl	x9,x8,x30	  x8:0x80040fe4 x30:0x00000000  x9=0x80040fe4
      19295.000 ns	      1928	80000920	03485cb3	divu	x25,x16,x20	 x16:0xd26ed0c0 x20:0x80041024 x25=0x00000001
      19315.000 ns	      1930	80000924	01edddb3	srl	x27,x27,x30	 x27:0x00000200 x30:0x00000000 x27=0x00000200
      19335.000 ns	      1932	80000928	c0154253	fcvt.wu.s	x4,f10	 f10:0x00000000  x4=0x00000000
      19365.000 ns	      1935	8000092c	02fab4b3	mulhu	x9,x21,x15	 x21:0xfffffe2b x15:0xffffffff  x9=0xfffffe2a
      19395.000 ns	      1938	80000930	c01589d3	fcvt.wu.s	x19,f11	 f11:0xcea340c0 x19=0x51a06000
      19425.000 ns	      1941	80000934	20a692d3	fsgnjn.s	f5,f13,f10	 f13:0x40800000 f10:0x00000000  f5=0xc0800000
      19455.000 ns	      1944	80000938	a05485d3	fle.s	x11,f9,f5	  f9:0x80000000  f5:0x7fc00000 x11=0x00000000
      19475.000 ns	      1946	8000093c	4051d893	srai	x17,x3,0x5	  x3:0xfffff9eb x17=0xffffffcf
      19505.000 ns	      1949	80000940	580bf8d3	fsqrt.s	f17,f23	 f23:0x7fc00000 f17=0x7fc00000
      19535.000 ns	      1952	80000944	28ed0dd3	fmin.s	f27,f26,f14	 f26:0x7fc00000 f14:0x40000000 f27=0x40000000
      19565.000 ns	      1955	80000948	d002b053	fcvt.s.w	f0,x5	  x5:0x00000000  f0=0x00000000
      19585.000 ns	      1957	8000094c	01c2c933	xor	x18,x5,x28	  x5:0x00000000 x28:0x00000000 x18=0x00000000
      19595.000 ns	      1958	80000950	130b3c93	sltiu	x25,x22,304	 x22:0x00000000 x25=0x00000001
      19955.000 ns	      1994	80000954	03425333	divu	x6,x4,x20	  x4:0x00000000 x20:0x80041024  x6=0x00000000
      19975.000 ns	      1996	80000958	00d85d13	srli	x26,x16,0xd	 x16:0xd26ed0c0 x26=0x00069376
      19995.000 ns	      1998	8000095c	21072c53	fsgnjx.s	f24,f14,f16	 f14:0x40000000 f16:0x00000000 f24=0x40000000
      20025.000 ns	      2001	80000960	039791b3	mulh	x3,x15,x25	 x15:0xffffffff x25:0x00000001  x3=0xffffffff
      20045.000 ns	      2003	80000964	41048c33	sub	x24,x9,x16	  x9:0xfffffe2a x16:0xd26ed0c0 x24=0x2d912d6a
      20065.000 ns	      2005	80000968	03ec16b3	mulh	x13,x24,x30	 x24:0x00000000 x30:0x00000000 x13=0x00000000
      20085.000 ns	      2007	8000096c	c6356897	auipc	x17,0xc6356	 x17=0x4635696c
      20095.000 ns	      2008	80000970	00cf57b3	srl	x15,x30,x12	 x30:0x00000000 x12:0x00000200 x15=0x00000000
      20105.000 ns	      2009	80000974	00adc733	xor	x14,x27,x10	 x27:0x00000200 x10:0x00000000 x14=0x00000200
      20115.000 ns	      2010	80000978	415a8833	sub	x16,x21,x21	 x21:0xfffffe2b x21:0xfffffe2b x16=0x00000000
      20125.000 ns	      2011	8000097c	00f0d993	srli	x19,x1,0xf	  x1:0x80000000 x19=0x00010000
      20485.000 ns	      2047	80000980	0387c5b3	div	x11,x15,x24	 x15:0x00000000 x24:0x2d912d6a x11=0x00000000
      20505.000 ns	      2049	80000984	0f123f93	sltiu	x31,x4,241	  x4:0x00000000 x31=0x00000001
      20515.000 ns	      2050	80000988	00000013	addi	x0,x0,0	  x0:0x00000000
      20535.000 ns	      2052	8000098c	29d61053	fmax.s	f0,f12,f29	 f12:0x80000000 f29:0x0000063a  f0=0x0000063a
      20575.000 ns	      2056	80000990	193e11d3	fdiv.s	f3,f28,f19	 f28:0x7fc00000 f19:0x80000000  f3=0x7fc00000
      20625.000 ns	      2061	80000994	0988fe53	fsub.s	f28,f17,f24	 f17:0x7fc00000 f24:0x40000000 f28=0x7fc00000
      20645.000 ns	      2063	80000998	0020f933	and	x18,x1,x2	  x1:0x80000000  x2:0x00000000 x18=0x00000000
      20655.000 ns	      2064	8000099c	010dd213	srli	x4,x27,0x10	 x27:0x00000200  x4=0x00000000
      20665.000 ns	      2065	800009a0	01ffa633	slt	x12,x31,x31	 x31:0x00000001 x31:0x00000001 x12=0x00000000
      20685.000 ns	      2067	800009a4	d0089ad3	fcvt.s.w	f21,x17	 x17:0x4635696c f21=0x4e8c6ad2
      20715.000 ns	      2070	800009a8	03d68333	mul	x6,x13,x29	 x13:0x00000000 x29:0x02c1d000  x6=0x00000000
      20745.000 ns	      2073	800009ac	a1fe0ed3	fle.s	x29,f28,f31	 f28:0x7fc00000 f31:0x002c94ad x29=0x00000000
      20775.000 ns	      2076	800009b0	29d29d53	fmax.s	f26,f5,f29	  f5:0xc0800000 f29:0x0000063a f26=0x0000063a
      20805.000 ns	      2079	800009b4	c01b7bd3	fcvt.wu.s	x23,f22	 f22:0x00000000 x23=0x00000000
      20825.000 ns	      2081	800009b8	e6602c93	slti	x25,x0,-410	  x0:0x00000000 x25=0x00000000
      20845.000 ns	      2083	800009bc	02c2c833	div	x16,x5,x12	  x5:0x00000000 x12:0x00000000 x16=0xffffffff
      20865.000 ns	      2085	800009c0	410f5933	sra	x18,x30,x16	 x30:0x00000000 x16:0x00000000 x18=0x00000000
      20895.000 ns	      2088	800009c4	199d7653	fdiv.s	f12,f26,f25	 f26:0x0000063a f25:0x00000000 f12=0x7f800000
      20915.000 ns	      2090	800009c8	008944b3	xor	x9,x18,x8	 x18:0x00000000  x8:0x80040fe4  x9=0x80040fe4
      20925.000 ns	      2091	800009cc	016f5c33	srl	x24,x30,x22	 x30:0x00000000 x22:0x00000000 x24=0x00000000
      20935.000 ns	      2092	800009d0	40fd51b3	sra	x3,x26,x15	 x26:0x00069376 x15:0x00000000  x3=0x00069376
      22105.000 ns	      2209	800009d4	580ff8d3	fsqrt.s	f17,f31	 f31:0x002c94ad f17=0x1f74108a
      22135.000 ns	      2212	800009d8	c017a8d3	fcvt.wu.s	x17,f15	 f15:0x00000273 x17=0x00000000
      22155.000 ns	      2214	800009dc	003534b3	sltu	x9,x10,x3	 x10:0x00000000  x3:0x00069376  x9=0x00000001
      22165.000 ns	      2215	800009e0	006e7333	and	x6,x28,x6	 x28:0x00000000  x6:0x00000000  x6=0x00000000
      22175.000 ns	      2216	800009e4	007e9633	sll	x12,x29,x7	 x29:0x00000000  x7:0x00000000 x12=0x00000000
      22185.000 ns	      2217	800009e8	188eb193	sltiu	x3,x29,392	 x29:0x00000000  x3=0x00000001
      22205.000 ns	      2219	800009ec	a0fb02d3	fle.s	x5,f22,f15	 f22:0x00000000 f15:0x00000273  x5=0x00000001
      22235.000 ns	      2222	800009f0	e00e08d3	fmv.x.w	x17,f28	 f28:0x7fc00000 x17=0x7fc00000
      22255.000 ns	      2224	800009f4	00ff9b13	slli	x22,x31,0xf	 x31:0x00000001 x22=0x00008000
      22615.000 ns	      2260	800009f8	03b26933	rem	x18,x4,x27	  x4:0x00000000 x27:0x00000200 x18=0x00000000
      22665.000 ns	      2265	800009fc	08057753	fsub.s	f14,f10,f0	 f10:0x00000000  f0:0x0000063a f14=0x8000063a
      22705.000 ns	      2269	80000a00	18a5fc53	fdiv.s	f24,f11,f10	 f11:0xcea340c0 f10:0x00000000 f24=0xff800000
      22725.000 ns	      2271	80000a04	41cfd533	sra	x10,x31,x28	 x31:0x00000001 x28:0x00000000 x10=0x00000001
      22735.000 ns	      2272	80000a08	007889b3	add	x19,x17,x7	 x17:0x7fc00000  x7:0x00000000 x19=0x7fc00000
      22745.000 ns	      2273	80000a0c	019b1033	sll	x0,x22,x25	 x22:0x00008000 x25:0x00000000
      23105.000 ns	      2309	80000a10	03fadeb3	divu	x29,x21,x31	 x21:0xfffffe2b x31:0x00000001 x29=0xfffffe2b
      23125.000 ns	      2311	80000a14	592c8613	addi	x12,x25,1426	 x25:0x00000000 x12=0x00000592
      23135.000 ns	      2312	80000a18	40978933	sub	x18,x15,x9	 x15:0x00000000  x9:0x00000001 x18=0xffffffff
      23145.000 ns	      2313	80000a1c	01a4c4b3	xor	x9,x9,x26	  x9:0x00000001 x26:0x00069376  x9=0x00069377
      23165.000 ns	      2315	80000a20	29a29453	fmax.s	f8,f5,f26	  f5:0xc0800000 f26:0x0000063a  f8=0x0000063a
      23185.000 ns	      2317	80000a24	f854f393	andi	x7,x9,-123	  x9:0x00000001  x7=0x00069305
      23205.000 ns	      2319	80000a28	02660f33	mul	x30,x12,x6	 x12:0x00000592  x6:0x00000000 x30=0x00000000
      23225.000 ns	      2321	80000a2c	012c4333	xor	x6,x24,x18	 x24:0x00000000 x18:0xffffffff  x6=0xffffffff
      23235.000 ns	      2322	80000a30	86bb4b13	xori	x22,x22,-1941	 x22:0x00008000 x22=0xffff786b
      23255.000 ns	      2324	80000a34	02fc97b3	mulh	x15,x25,x15	 x25:0x00000000 x15:0x00000000 x15=0x00000000
      23625.000 ns	      2361	80000a38	03be4fb3	div	x31,x28,x27	 x28:0x00000000 x27:0x00000200 x31=0x00000000
      23645.000 ns	      2363	80000a3c	0043aeb3	slt	x29,x7,x4	  x7:0x00069305  x4:0x00000000 x29=0x00000000
      23655.000 ns	      2364	80000a40	01c5a633	slt	x12,x11,x28	 x11:0x00000000 x28:0x00000000 x12=0x00000000
      23685.000 ns	      2367	80000a44	580378d3	fsqrt.s	f17,f6	  f6:0x80000000 f17=0x80000000
      23715.000 ns	      2370	80000a48	d01fc0d3	fcvt.s.wu	f1,x31	 x31:0x00000000  f1=0x00000000
      23735.000 ns	      2372	80000a4c	00000013	addi	x0,x0,0	  x0:0x00000000
      23755.000 ns	      2374	80000a50	a1f714d3	flt.s	x9,f14,f31	 f14:0x8000063a f31:0x002c94ad  x9=0x00000001
      23785.000 ns	      2377	80000a54	e0078bd3	fmv.x.w	x23,f15	 f15:0x00000273 x23=0x00000273
      23805.000 ns	      2379	80000a58	00461e33	sll	x28,x12,x4	 x12:0x00000000  x4:0x00000000 x28=0x00000000
      23825.000 ns	      2381	80000a5c	216f8453	fsgnj.s	f8,f31,f22	 f31:0x002c94ad f22:0x00000000  f8=0x002c94ad
      23845.000 ns	      2383	80000a60	00000013	addi	x0,x0,0	  x0:0x00000000
      23885.000 ns	      2387	80000a64	01f67753	fadd.s	f14,f12,f31	 f12:0x7f800000 f31:0x002c94ad f14=0x7f800000
      23905.000 ns	      2389	80000a68	00000013	addi	x0,x0,0	  x0:0x00000000
      23915.000 ns	      2390	80000a6c	785db793	sltiu	x15,x27,1925	 x27:0x00000200 x15=0x00000001
      23935.000 ns	      2392	80000a70	0390b4b3	mulhu	x9,x1,x25	  x1:0x80000000 x25:0x00000000  x9=0x00000000
      23955.000 ns	      2394	80000a74	00000013	addi	x0,x0,0	  x0:0x00000000
      23965.000 ns	      2395	80000a78	918cb493	sltiu	x9,x25,-1768	 x25:0x00000000  x9=0x00000001
      24005.000 ns	      2399	80000a7c	08bab853	fsub.s	f16,f21,f11	 f21:0x4e8c6ad2 f11:0xcea340c0 f16=0x4f17d5c9
      24025.000 ns	      2401	80000a80	41df5613	srai	x12,x30,0x1d	 x30:0x00000000 x12=0x00000000
      24045.000 ns	      2403	80000a84	c01d7953	fcvt.wu.s	x18,f26	 f26:0x0000063a x18=0x00000000
      24065.000 ns	      2405	80000a88	01107233	and	x4,x0,x17	  x0:0x00000000 x17:0x7fc00000  x4=0x00000000
      24085.000 ns	      2407	80000a8c	a0738753	fle.s	x14,f7,f7	  f7:0x80000000  f7:0x80000000 x14=0x00000001
      24115.000 ns	      2410	80000a90	a0dc1d53	flt.s	x26,f24,f13	 f24:0xff800000 f13:0x40800000 x26=0x00000001
      24135.000 ns	      2412	80000a94	013c02b3	add	x5,x24,x19	 x24:0x00000000 x19:0x7fc00000  x5=0x7fc00000
      24155.000 ns	      2414	80000a98	298d9bd3	fmax.s	f23,f27,f24	 f27:0x40000000 f24:0xff800000 f23=0x40000000
      24175.000 ns	      2416	80000a9c	00b5f233	and	x4,x11,x11	 x11:0x00000000 x11:0x00000000  x4=0x00000000
      24195.000 ns	      2418	80000aa0	a14107d3	fle.s	x15,f2,f20	  f2:0x00000000 f20:0x80000000 x15=0x00000001
      24215.000 ns	      2420	80000aa4	001af7b3	and	x15,x21,x1	 x21:0xfffffe2b  x1:0x80000000 x15=0x80000000
      24235.000 ns	      2422	80000aa8	028189b3	mul	x19,x3,x8	  x3:0x00000001  x8:0x80040fe4 x19=0x80040fe4
      24255.000 ns	      2424	80000aac	01399193	slli	x3,x19,0x13	 x19:0x7fc00000  x3=0x7f200000
      24275.000 ns	      2426	80000ab0	20af2b53	fsgnjx.s	f22,f30,f10	 f30:0x7fc00000 f10:0x00000000 f22=0x7fc00000
      24305.000 ns	      2429	80000ab4	c0180553	fcvt.wu.s	x10,f16	 f16:0x4f17d5c9 x10=0x97d5c900
      24335.000 ns	      2432	80000ab8	f00884d3	fmv.w.x	f9,x17	 x17:0x7fc00000  f9=0x7fc00000
      24365.000 ns	      2435	80000abc	d0077953	fcvt.s.w	f18,x14	 x14:0x00000001 f18=0x3f800000
      24405.000 ns	      2439	80000ac0	58033253	fsqrt.s	f4,f6	  f6:0x80000000  f4=0x80000000
      24425.000 ns	      2441	80000ac4	0109d813	srli	x16,x19,0x10	 x19:0x80040fe4 x16=0x00008004
      24435.000 ns	      2442	80000ac8	01b9f1b3	and	x3,x19,x27	 x19:0x80040fe4 x27:0x00000200  x3=0x00000200
      24445.000 ns	      2443	80000acc	9cfa8f93	addi	x31,x21,-1585	 x21:0xfffffe2b x31=0xfffff7fa
      24455.000 ns	      2444	80000ad0	400f0133	sub	x2,x30,x0	 x30:0x00000000  x0:0x00000000  x2=0x00000000
      24475.000 ns	      2446	80000ad4	f0030053	fmv.w.x	f0,x6	  x6:0xffffffff  f0=0xffffffff
      24495.000 ns	      2448	80000ad8	01b5e2b3	or	x5,x11,x27	 x11:0x00000000 x27:0x00000200  x5=0x00000200
      24505.000 ns	      2449	80000adc	00c90d33	add	x26,x18,x12	 x18:0x00000000 x12:0x00000000 x26=0x00000000
      24525.000 ns	      2451	80000ae0	02b47833	remu	x16,x8,x11	  x8:0x80040fe4 x11:0x00000000 x16=0x80040fe4
      24545.000 ns	      2453	80000ae4	00c007b3	add	x15,x0,x12	  x0:0x00000000 x12:0x00000000 x15=0x00000000
      24555.000 ns	      2454	80000ae8	00da28b3	slt	x17,x20,x13	 x20:0x80041024 x13:0x00000000 x17=0x00000001
      24575.000 ns	      2456	80000aec	287108d3	fmin.s	f17,f2,f7	  f2:0x00000000  f7:0x80000000 f17=0x80000000
      24605.000 ns	      2459	80000af0	029934b3	mulhu	x9,x18,x9	 x18:0x00000000  x9:0x00000001  x9=0x00000000
      24635.000 ns	      2462	80000af4	e0038d53	fmv.x.w	x26,f7	  f7:0x80000000 x26=0x80000000
      24655.000 ns	      2464	80000af8	c422e617	auipc	x12,0xc422e	 x12=0x4422eaf8
      24665.000 ns	      2465	80000afc	d8ee7e13	andi	x28,x28,-626	 x28:0x00000000 x28=0x00000000
      24685.000 ns	      2467	80000b00	032f5c33	divu	x24,x30,x18	 x30:0x00000000 x18:0x00000000 x24=0xffffffff
      24705.000 ns	      2469	80000b04	010d2933	slt	x18,x26,x16	 x26:0x80000000 x16:0x80040fe4 x18=0x00000001
      24715.000 ns	      2470	80000b08	a5650913	addi	x18,x10,-1450	 x10:0x97d5c900 x18=0x97d5c356
      24735.000 ns	      2472	80000b0c	f00982d3	fmv.w.x	f5,x19	 x19:0x80040fe4  f5=0x80040fe4
      24765.000 ns	      2475	80000b10	297a1c53	fmax.s	f24,f20,f23	 f20:0x80000000 f23:0x40000000 f24=0x40000000
      24795.000 ns	      2478	80000b14	216426d3	fsgnjx.s	f13,f8,f22	  f8:0x002c94ad f22:0x7fc00000 f13=0x002c94ad
      24825.000 ns	      2481	80000b18	28bd9853	fmax.s	f16,f27,f11	 f27:0x40000000 f11:0xcea340c0 f16=0x40000000
      24855.000 ns	      2484	80000b1c	c005fcd3	fcvt.w.s	x25,f11	 f11:0xcea340c0 x25=0x51a06000
      24875.000 ns	      2486	80000b20	b4716d93	ori	x27,x2,-1209	  x2:0x00000000 x27=0xfffffb47
      24885.000 ns	      2487	80000b24	006bc633	xor	x12,x23,x6	 x23:0x00000273  x6:0xffffffff x12=0xfffffd8c
      24895.000 ns	      2488	80000b28	00a8ff33	and	x30,x17,x10	 x17:0x00000001 x10:0x97d5c900 x30=0x00000000
      24905.000 ns	      2489	80000b2c	404f5193	srai	x3,x30,0x4	 x30:0x00000000  x3=0x00000000
      24925.000 ns	      2491	80000b30	20629ed3	fsgnjn.s	f29,f5,f6	  f5:0x80040fe4  f6:0x80000000 f29=0x00040fe4
      24975.000 ns	      2496	80000b34	00f20bd3	fadd.s	f23,f4,f15	  f4:0x80000000 f15:0x00000273 f23=0x00000273
      25005.000 ns	      2499	80000b38	20ee0653	fsgnj.s	f12,f28,f14	 f28:0x7fc00000 f14:0x7f800000 f12=0x7fc00000
      25375.000 ns	      2536	80000b3c	03b1e7b3	rem	x15,x3,x27	  x3:0x00000000 x27:0xfffffb47 x15=0x00000000
      25405.000 ns	      2539	80000b40	e0050753	fmv.x.w	x14,f10	 f10:0x00000000 x14=0x00000000
      25425.000 ns	      2541	80000b44	6a2c35b7	lui	x11,0x6a2c3	 x11=0x6a2c3000
      25445.000 ns	      2543	80000b48	02319633	mulh	x12,x3,x3	  x3:0x00000000  x3:0x00000000 x12=0x00000000
      25815.000 ns	      2580	80000b4c	02b2fe33	remu	x28,x5,x11	  x5:0x00000200 x11:0x00000000 x28=0x00000200
      25835.000 ns	      2582	80000b50	41e3d933	sra	x18,x7,x30	  x7:0x00069305 x30:0x00000000 x18=0x00069305
      25855.000 ns	      2584	80000b54	a1651953	flt.s	x18,f10,f22	 f10:0x00000000 f22:0x7fc00000 x18=0x00000000
      25885.000 ns	      2587	80000b58	e0098dd3	fmv.x.w	x27,f19	 f19:0x80000000 x27=0x80000000
      25915.000 ns	      2590	80000b5c	f00b0d53	fmv.w.x	f26,x22	 x22:0xffff786b f26=0xffff786b
      26285.000 ns	      2627	80000b60	0354c5b3	div	x11,x9,x21	  x9:0x00000000 x21:0xfffffe2b x11=0x00000000
      26305.000 ns	      2629	80000b64	412dd2b3	sra	x5,x27,x18	 x27:0x80000000 x18:0x00000000  x5=0x80000000
      26315.000 ns	      2630	80000b68	64e3b813	sltiu	x16,x7,1614	  x7:0x00069305 x16=0x00000000
      26335.000 ns	      2632	80000b6c	217d2153	fsgnjx.s	f2,f26,f23	 f26:0xffff786b f23:0x00000273  f2=0xffff786b
      26355.000 ns	      2634	80000b70	00000013	addi	x0,x0,0	  x0:0x00000000
      26375.000 ns	      2636	80000b74	c00caf53	fcvt.w.s	x30,f25	 f25:0x00000000 x30=0x00000000
      26405.000 ns	      2639	80000b78	20a70953	fsgnj.s	f18,f14,f10	 f14:0x7f800000 f10:0x00000000 f18=0x7f800000
      26435.000 ns	      2642	80000b7c	e00001d3	fmv.x.w	x3,f0	  f0:0xffffffff  x3=0xffffffff
      26465.000 ns	      2645	80000b80	29e78a53	fmin.s	f20,f15,f30	 f15:0x00000273 f30:0x7fc00000 f20=0x00000273
      26495.000 ns	      2648	80000b84	03d0b633	mulhu	x12,x1,x29	  x1:0x80000000 x29:0x00000000 x12=0x00000000
      26865.000 ns	      2685	80000b88	0264c333	div	x6,x9,x6	  x9:0x00000000  x6:0xffffffff  x6=0x00000000
      26895.000 ns	      2688	80000b8c	a17c0dd3	fle.s	x27,f24,f23	 f24:0x40000000 f23:0x00000273 x27=0x00000000
      27265.000 ns	      2725	80000b90	02107db3	remu	x27,x0,x1	  x0:0x00000000  x1:0x80000000 x27=0x00000000
      27295.000 ns	      2728	80000b94	02a916b3	mulh	x13,x18,x10	 x18:0x00000000 x10:0x97d5c900 x13=0x00000000
      27315.000 ns	      2730	80000b98	0092a833	slt	x16,x5,x9	  x5:0x80000000  x9:0x00000000 x16=0x00000001
      27335.000 ns	      2732	80000b9c	e00212d3	fclass.s	x5,f4	  f4:0x80000000  x5=0x00000008
      27355.000 ns	      2734	80000ba0	019e9313	slli	x6,x29,0x19	 x29:0x00000000  x6=0x00000000
      27375.000 ns	      2736	80000ba4	d00575d3	fcvt.s.w	f11,x10	 x10:0x97d5c900 f11=0xced0546e
      27425.000 ns	      2741	80000ba8	016bacd3	fadd.s	f25,f23,f22	 f23:0x00000273 f22:0x7fc00000 f25=0x7fc00000
      27455.000 ns	      2744	80000bac	02e33333	mulhu	x6,x6,x14	  x6:0x00000000 x14:0x00000000  x6=0x00000000
      27485.000 ns	      2747	80000bb0	a174a253	feq.s	x4,f9,f23	  f9:0x7fc00000 f23:0x00000273  x4=0x00000000
      27505.000 ns	      2749	80000bb4	380d0d93	addi	x27,x26,896	 x26:0x80000000 x27=0x80000380
      27865.000 ns	      2785	80000bb8	021edf33	divu	x30,x29,x1	 x29:0x00000000  x1:0x80000000 x30=0x00000000
      27885.000 ns	      2787	80000bbc	00bee133	or	x2,x29,x11	 x29:0x00000000 x11:0x00000000  x2=0x00000000
      27895.000 ns	      2788	80000bc0	4078d193	srai	x3,x17,0x7	 x17:0x00000001  x3=0x00000000
      28255.000 ns	      2824	80000bc4	031a56b3	divu	x13,x20,x17	 x20:0x80041024 x17:0x00000001 x13=0x80041024
      28275.000 ns	      2826	80000bc8	08bf47b7	lui	x15,0x8bf4	 x15=0x08bf4000
      28295.000 ns	      2828	80000bcc	a1589653	flt.s	x12,f17,f21	 f17:0x80000000 f21:0x4e8c6ad2 x12=0x00000001
      28315.000 ns	      2830	80000bd0	d9aa5937	lui	x18,0xd9aa5	 x18=0xd9aa5000
      28335.000 ns	      2832	80000bd4	e00913d3	fclass.s	x7,f18	 f18:0x7f800000  x7=0x00000080
      28365.000 ns	      2835	80000bd8	a0361ed3	flt.s	x29,f12,f3	 f12:0x7fc00000  f3:0x7fc00000 x29=0x00000000
      28395.000 ns	      2838	80000bdc	a0828cd3	fle.s	x25,f5,f8	  f5:0x80040fe4  f8:0x002c94ad x25=0x00000001
      28765.000 ns	      2875	80000be0	0356ef33	rem	x30,x13,x21	 x13:0x80041024 x21:0xfffffe2b x30=0xfffffed4
      29135.000 ns	      2912	80000be4	027ed7b3	divu	x15,x29,x7	 x29:0x00000000  x7:0x00000080 x15=0x00000000
      29165.000 ns	      2915	80000be8	031b2d33	mulhsu	x26,x22,x17	 x22:0xffff786b x17:0x00000001 x26=0xffffffff
      29195.000 ns	      2918	80000bec	02f1c633	div	x12,x3,x15	  x3:0x00000000 x15:0x00000000 x12=0xffffffff
      29245.000 ns	      2923	80000bf0	0942f0d3	fsub.s	f1,f5,f20	  f5:0x80040fe4 f20:0x00000273  f1=0x80041257
      29275.000 ns	      2926	80000bf4	e00b0e53	fmv.x.w	x28,f22	 f22:0x7fc00000 x28=0x7fc00000
      29645.000 ns	      2963	80000bf8	03edc533	div	x10,x27,x30	 x27:0x80000380 x30:0xfffffed4 x10=0x006d3a03
      29675.000 ns	      2966	80000bfc	e0048b53	fmv.x.w	x22,f9	  f9:0x7fc00000 x22=0x7fc00000
      30045.000 ns	      3003	80000c00	03756c33	rem	x24,x10,x23	 x10:0x006d3a03 x23:0x00000273 x24=0x000001bb
      30075.000 ns	      3006	80000c04	e0070653	fmv.x.w	x12,f14	 f14:0x7f800000 x12=0x7f800000
      30095.000 ns	      3008	80000c08	6937a293	slti	x5,x15,1683	 x15:0x00000000  x5=0x00000001
      30105.000 ns	      3009	80000c0c	00214ab3	xor	x21,x2,x2	  x2:0x00000000  x2:0x00000000 x21=0x00000000
      30125.000 ns	      3011	80000c10	d00e34d3	fcvt.s.w	f9,x28	 x28:0x7fc00000  f9=0x4eff8000
      30495.000 ns	      3048	80000c14	02765233	divu	x4,x12,x7	 x12:0x7f800000  x7:0x00000080  x4=0x00ff0000
      30515.000 ns	      3050	80000c18	80453813	sltiu	x16,x10,-2044	 x10:0x006d3a03 x16=0x00000001
      30535.000 ns	      3052	80000c1c	d0017bd3	fcvt.s.w	f23,x2	  x2:0x00000000 f23=0x00000000
      30555.000 ns	      3054	80000c20	89ad7393	andi	x7,x26,-1894	 x26:0xffffffff  x7=0xfffff89a
      30565.000 ns	      3055	80000c24	00a9d313	srli	x6,x19,0xa	 x19:0x80040fe4  x6=0x00200103
      30585.000 ns	      3057	80000c28	f00208d3	fmv.w.x	f17,x4	  x4:0x00ff0000 f17=0x00ff0000
      30605.000 ns	      3059	80000c2c	00700133	add	x2,x0,x7	  x0:0x00000000  x7:0xfffff89a  x2=0xfffff89a
      30625.000 ns	      3061	80000c30	d015b453	fcvt.s.wu	f8,x11	 x11:0x00000000  f8=0x00000000
      30655.000 ns	      3064	80000c34	03debeb3	mulhu	x29,x29,x29	 x29:0x00000000 x29:0x00000000 x29=0x00000000
      30675.000 ns	      3066	80000c38	a1c17d13	andi	x26,x2,-1508	  x2:0xfffff89a x26=0xfffff818
      30685.000 ns	      3067	80000c3c	008f0933	add	x18,x30,x8	 x30:0xfffffed4  x8:0x80040fe4 x18=0x80040eb8
      30705.000 ns	      3069	80000c40	e00688d3	fmv.x.w	x17,f13	 f13:0x002c94ad x17=0x002c94ad
      31075.000 ns	      3106	80000c44	03434833	div	x16,x6,x20	  x6:0x00200103 x20:0x80041024 x16=0x00000000
      31125.000 ns	      3111	80000c48	09f72753	fsub.s	f14,f14,f31	 f14:0x7f800000 f31:0x002c94ad f14=0x7f800000
      31155.000 ns	      3114	80000c4c	a0851953	flt.s	x18,f10,f8	 f10:0x00000000  f8:0x00000000 x18=0x00000000
      31175.000 ns	      3116	80000c50	de072793	slti	x15,x14,-544	 x14:0x00000000 x15=0x00000000
      31195.000 ns	      3118	80000c54	c0067e53	fcvt.w.s	x28,f12	 f12:0x7fc00000 x28=0x7fffffff
      31235.000 ns	      3122	80000c58	10b7f8d3	fmul.s	f17,f15,f11	 f15:0x00000273 f11:0xced0546e f17=0x88ff1f64
      31265.000 ns	      3125	80000c5c	0236f333	remu	x6,x13,x3	 x13:0x80041024  x3:0x00000000  x6=0x80041024
      31295.000 ns	      3128	80000c60	035eb2b3	mulhu	x5,x29,x21	 x29:0x00000000 x21:0x00000000  x5=0x00000000
      31325.000 ns	      3131	80000c64	20ef9ed3	fsgnjn.s	f29,f31,f14	 f31:0x002c94ad f14:0x7f800000 f29=0x802c94ad
      31345.000 ns	      3133	80000c68	0081a8b3	slt	x17,x3,x8	  x3:0x00000000  x8:0x80040fe4 x17=0x00000000
      31355.000 ns	      3134	80000c6c	0183f533	and	x10,x7,x24	  x7:0xfffff89a x24:0x000001bb x10=0x0000009a
      31375.000 ns	      3136	80000c70	e00f8d53	fmv.x.w	x26,f31	 f31:0x002c94ad x26=0x002c94ad
      31395.000 ns	      3138	80000c74	d35a0893	addi	x17,x20,-715	 x20:0x80041024 x17=0x80040d59
      31415.000 ns	      3140	80000c78	020c0bb3	mul	x23,x24,x0	 x24:0x000001bb  x0:0x00000000 x23=0x00000000
      31455.000 ns	      3144	80000c7c	18aaf0d3	fdiv.s	f1,f21,f10	 f21:0x4e8c6ad2 f10:0x00000000  f1=0x7f800000
      31475.000 ns	      3146	80000c80	00000013	addi	x0,x0,0	  x0:0x00000000
      31495.000 ns	      3148	80000c84	209c0ad3	fsgnj.s	f21,f24,f9	 f24:0x40000000  f9:0x4eff8000 f21=0x40000000
      31525.000 ns	      3151	80000c88	e0081353	fclass.s	x6,f16	 f16:0x40000000  x6=0x00000040
      31895.000 ns	      3188	80000c8c	03adec33	rem	x24,x27,x26	 x27:0x80000380 x26:0x002c94ad x24=0xfffee033
      31915.000 ns	      3190	80000c90	a313f393	andi	x7,x7,-1487	  x7:0xfffff89a  x7=0xfffff810
      31925.000 ns	      3191	80000c94	0162c233	xor	x4,x5,x22	  x5:0x00000000 x22:0x7fc00000  x4=0x7fc00000
      31955.000 ns	      3194	80000c98	10cbfa53	fmul.s	f20,f23,f12	 f23:0x00000000 f12:0x7fc00000 f20=0x7fc00000
      31975.000 ns	      3196	80000c9c	015f5333	srl	x6,x30,x21	 x30:0xfffffed4 x21:0x00000000  x6=0xfffffed4
      31985.000 ns	      3197	80000ca0	d31ff513	andi	x10,x31,-719	 x31:0xfffff7fa x10=0xfffff530
      31995.000 ns	      3198	80000ca4	016a0233	add	x4,x20,x22	 x20:0x80041024 x22:0x7fc00000  x4=0xffc41024
      32015.000 ns	      3200	80000ca8	d00d7953	fcvt.s.w	f18,x26	 x26:0x002c94ad f18=0x4a3252b4
      32035.000 ns	      3202	80000cac	019a9213	slli	x4,x21,0x19	 x21:0x00000000  x4=0x00000000
      32045.000 ns	      3203	80000cb0	d91aa293	slti	x5,x21,-623	 x21:0x00000000  x5=0x00000000
      32065.000 ns	      3205	80000cb4	a03926d3	feq.s	x13,f18,f3	 f18:0x4a3252b4  f3:0x7fc00000 x13=0x00000000
      32095.000 ns	      3208	80000cb8	213f97d3	fsgnjn.s	f15,f31,f19	 f31:0x002c94ad f19:0x80000000 f15=0x002c94ad
      32115.000 ns	      3210	80000cbc	72af7793	andi	x15,x30,1834	 x30:0xfffffed4 x15=0x00000600
      32135.000 ns	      3212	80000cc0	213b93d3	fsgnjn.s	f7,f23,f19	 f23:0x00000000 f19:0x80000000  f7=0x00000000
      32155.000 ns	      3214	80000cc4	41bbd633	sra	x12,x23,x27	 x23:0x00000000 x27:0x80000380 x12=0x00000000
      32175.000 ns	      3216	80000cc8	e00219d3	fclass.s	x19,f4	  f4:0x80000000 x19=0x00000008
      32195.000 ns	      3218	80000ccc	01a9e6b3	or	x13,x19,x26	 x19:0x80040fe4 x26:0x002c94ad x13=0x002c94ad
      32215.000 ns	      3220	80000cd0	a0632053	feq.s	x0,f6,f6	  f6:0x80000000  f6:0x80000000
      32245.000 ns	      3223	80000cd4	a16184d3	fle.s	x9,f3,f22	  f3:0x7fc00000 f22:0x7fc00000  x9=0x00000000
      32275.000 ns	      3226	80000cd8	d004f4d3	fcvt.s.w	f9,x9	  x9:0x00000000  f9=0x00000000
      32305.000 ns	      3229	80000cdc	c001fb53	fcvt.w.s	x22,f3	  f3:0x7fc00000 x22=0x7fffffff
      32335.000 ns	      3232	80000ce0	03c01e33	mulh	x28,x0,x28	  x0:0x00000000 x28:0x7fffffff x28=0x00000000
      32365.000 ns	      3235	80000ce4	e0040cd3	fmv.x.w	x25,f8	  f8:0x00000000 x25=0x00000000
      32415.000 ns	      3240	80000ce8	09effad3	fsub.s	f21,f31,f30	 f31:0x002c94ad f30:0x7fc00000 f21=0x7fc00000
      32445.000 ns	      3243	80000cec	20eb8a53	fsgnj.s	f20,f23,f14	 f23:0x00000000 f14:0x7f800000 f20=0x00000000
      32465.000 ns	      3245	80000cf0	123c3213	sltiu	x4,x24,291	 x24:0xfffee033  x4=0x00000000
      32475.000 ns	      3246	80000cf4	4139db93	srai	x23,x19,0x13	 x19:0x00000008 x23=0x00000000
      32495.000 ns	      3248	80000cf8	02161333	mulh	x6,x12,x1	 x12:0x00000000  x1:0x80000000  x6=0x00000000
      32515.000 ns	      3250	80000cfc	401d5c93	srai	x25,x26,0x1	 x26:0x002c94ad x25=0x00164a56
      32525.000 ns	      3251	80000d00	4062d913	srai	x18,x5,0x6	  x5:0x00000000 x18=0x00000000
      32545.000 ns	      3253	80000d04	29fb9653	fmax.s	f12,f23,f31	 f23:0x00000000 f31:0x002c94ad f12=0x002c94ad
      32575.000 ns	      3256	80000d08	d006b353	fcvt.s.w	f6,x13	 x13:0x002c94ad  f6=0x4a3252b4
      32595.000 ns	      3258	80000d0c	b4822113	slti	x2,x4,-1208	  x4:0x00000000  x2=0x00000000
      32605.000 ns	      3259	80000d10	b9fcbf13	sltiu	x30,x25,-1121	 x25:0x00164a56 x30=0x00000001
      32615.000 ns	      3260	80000d14	01142933	slt	x18,x8,x17	  x8:0x80040fe4 x17:0x80040d59 x18=0x00000000
      32625.000 ns	      3261	80000d18	fe9dca93	xori	x21,x27,-23	 x27:0x80000380 x21=0x7ffffc69
      32635.000 ns	      3262	80000d1c	415b8bb3	sub	x23,x23,x21	 x23:0x00000000 x21:0x00000000 x23=0x80000397
      32645.000 ns	      3263	80000d20	002e3533	sltu	x10,x28,x2	 x28:0x00000000  x2:0x00000000 x10=0x00000000
      32655.000 ns	      3264	80000d24	011e95b3	sll	x11,x29,x17	 x29:0x00000000 x17:0x80040d59 x11=0x00000000
      32665.000 ns	      3265	80000d28	12294213	xori	x4,x18,290	 x18:0x00000000  x4=0x00000122
      32685.000 ns	      3267	80000d2c	03e22db3	mulhsu	x27,x4,x30	  x4:0x00000000 x30:0x00000001 x27=0x00000000
      32715.000 ns	      3270	80000d30	c014f7d3	fcvt.wu.s	x15,f9	  f9:0x00000000 x15=0x00000000
      32735.000 ns	      3272	80000d34	85a3f193	andi	x3,x7,-1958	  x7:0xfffff810  x3=0xfffff810
      32755.000 ns	      3274	80000d38	036527b3	mulhsu	x15,x10,x22	 x10:0x00000000 x22:0x7fffffff x15=0x00000000
      32785.000 ns	      3277	80000d3c	0255d5b3	divu	x11,x11,x5	 x11:0x00000000  x5:0x00000000 x11=0xffffffff
      32815.000 ns	      3280	80000d40	e00b17d3	fclass.s	x15,f22	 f22:0x7fc00000 x15=0x00000200
      32845.000 ns	      3283	80000d44	21e128d3	fsgnjx.s	f17,f2,f30	  f2:0xffff786b f30:0x7fc00000 f17=0xffff786b
      32875.000 ns	      3286	80000d48	e00001d3	fmv.x.w	x3,f0	  f0:0xffffffff  x3=0xffffffff
      32895.000 ns	      3288	80000d4c	01dddeb3	srl	x29,x27,x29	 x27:0x00000000 x29:0x00000000 x29=0x00000000
      32905.000 ns	      3289	80000d50	74749d37	lui	x26,0x74749	 x26=0x74749000
      32925.000 ns	      3291	80000d54	03089133	mulh	x2,x17,x16	 x17:0x80040d59 x16:0x00000000  x2=0x00000000
      32945.000 ns	      3293	80000d58	01851fb3	sll	x31,x10,x24	 x10:0x00000000 x24:0xfffee033 x31=0x00000000
      32965.000 ns	      3295	80000d5c	295c95d3	fmax.s	f11,f25,f21	 f25:0x7fc00000 f21:0x7fc00000 f11=0x7fc00000
      32995.000 ns	      3298	80000d60	21412553	fsgnjx.s	f10,f2,f20	  f2:0xffff786b f20:0x00000000 f10=0xffff786b
      33025.000 ns	      3301	80000d64	02e92f33	mulhsu	x30,x18,x14	 x18:0x00000000 x14:0x00000000 x30=0x00000000
      33045.000 ns	      3303	80000d68	012a5d33	srl	x26,x20,x18	 x20:0x80041024 x18:0x00000000 x26=0x80041024
      33055.000 ns	      3304	80000d6c	5ccfbb13	sltiu	x22,x31,1484	 x31:0x00000000 x22=0x00000001
      33075.000 ns	      3306	80000d70	03ac29b3	mulhsu	x19,x24,x26	 x24:0xfffee033 x26:0x74749000 x19=0xffff7014
      33095.000 ns	      3308	80000d74	45010893	addi	x17,x2,1104	  x2:0x00000000 x17=0x00000450
      33105.000 ns	      3309	80000d78	1aae4c93	xori	x25,x28,426	 x28:0x00000000 x25=0x000001aa
      33135.000 ns	      3312	80000d7c	1176a9d3	fmul.s	f19,f13,f23	 f13:0x002c94ad f23:0x00000000 f19=0x00000000
      33165.000 ns	      3315	80000d80	203b1f53	fsgnjn.s	f30,f22,f3	 f22:0x7fc00000  f3:0x7fc00000 f30=0xffc00000
      33195.000 ns	      3318	80000d84	030f4fb3	div	x31,x30,x16	 x30:0x00000000 x16:0x00000000 x31=0xffffffff
      33215.000 ns	      3320	80000d88	512f7c13	andi	x24,x30,1298	 x30:0x00000000 x24=0x00000000
      33225.000 ns	      3321	80000d8c	00d79c93	slli	x25,x15,0xd	 x15:0x00000200 x25=0x00400000
      33245.000 ns	      3323	80000d90	21df9e53	fsgnjn.s	f28,f31,f29	 f31:0x002c94ad f29:0x802c94ad f28=0x002c94ad
      33275.000 ns	      3326	80000d94	28600dd3	fmin.s	f27,f0,f6	  f0:0xffffffff  f6:0x4a3252b4 f27=0x4a3252b4
      33295.000 ns	      3328	80000d98	41be59b3	sra	x19,x28,x27	 x28:0x00000000 x27:0x00000000 x19=0x00000000
      33305.000 ns	      3329	80000d9c	9cf7e113	ori	x2,x15,-1585	 x15:0x00000200  x2=0xfffffbcf
      33335.000 ns	      3332	80000da0	195cf053	fdiv.s	f0,f25,f21	 f25:0x7fc00000 f21:0x7fc00000  f0=0x7fc00000
      33355.000 ns	      3334	80000da4	e9bfd597	auipc	x11,0xe9bfd	 x11=0x69bfdda4
      33375.000 ns	      3336	80000da8	28589653	fmax.s	f12,f17,f5	 f17:0xffff786b  f5:0x80040fe4 f12=0x80040fe4
      33395.000 ns	      3338	80000dac	016116b3	sll	x13,x2,x22	  x2:0xfffffbcf x22:0x00000001 x13=0xfffff79e
      33415.000 ns	      3340	80000db0	a04099d3	flt.s	x19,f1,f4	  f1:0x7f800000  f4:0x80000000 x19=0x00000000
      33435.000 ns	      3342	80000db4	0010bfb3	sltu	x31,x1,x1	  x1:0x80000000  x1:0x80000000 x31=0x00000000
      33795.000 ns	      3378	80000db8	03607bb3	remu	x23,x0,x22	  x0:0x00000000 x22:0x00000001 x23=0x00000000
      33825.000 ns	      3381	80000dbc	29f49953	fmax.s	f18,f9,f31	  f9:0x00000000 f31:0x002c94ad f18=0x002c94ad
      33845.000 ns	      3383	80000dc0	00bc4633	xor	x12,x24,x11	 x24:0x00000000 x11:0x69bfdda4 x12=0x69bfdda4
      33865.000 ns	      3385	80000dc4	e00d8253	fmv.x.w	x4,f27	 f27:0x4a3252b4  x4=0x4a3252b4
      33895.000 ns	      3388	80000dc8	d0067453	fcvt.s.w	f8,x12	 x12:0x00000000  f8=0x4ed37fbb
      33915.000 ns	      3390	80000dcc	00e9fdb3	and	x27,x19,x14	 x19:0x00000000 x14:0x00000000 x27=0x00000000
      33925.000 ns	      3391	80000dd0	cba924b7	lui	x9,0xcba92	  x9=0xcba92000
      33935.000 ns	      3392	80000dd4	00115eb3	srl	x29,x2,x1	  x2:0xfffffbcf  x1:0x80000000 x29=0xfffffbcf
      33945.000 ns	      3393	80000dd8	01455bb3	srl	x23,x10,x20	 x10:0x00000000 x20:0x80041024 x23=0x00000000
      33965.000 ns	      3395	80000ddc	d00916d3	fcvt.s.w	f13,x18	 x18:0x00000000 f13=0x00000000
      33995.000 ns	      3398	80000de0	d0157dd3	fcvt.s.wu	f27,x10	 x10:0x00000000 f27=0x00000000
      34025.000 ns	      3401	80000de4	03ca4533	div	x10,x20,x28	 x20:0x80041024 x28:0x00000000 x10=0xffffffff
      34065.000 ns	      3405	80000de8	580cfed3	fsqrt.s	f29,f25	 f25:0x7fc00000 f29=0x7fc00000
      34115.000 ns	      3410	80000dec	012af7d3	fadd.s	f15,f21,f18	 f21:0x7fc00000 f18:0x002c94ad f15=0x7fc00000
      34135.000 ns	      3412	80000df0	404bd893	srai	x17,x23,0x4	 x23:0x00000000 x17=0x00000000
      34175.000 ns	      3416	80000df4	01f70353	fadd.s	f6,f14,f31	 f14:0x7f800000 f31:0x002c94ad  f6=0x7f800000
      34195.000 ns	      3418	80000df8	1cae8537	lui	x10,0x1cae8	 x10=0x1cae8000
      34215.000 ns	      3420	80000dfc	03136733	rem	x14,x6,x17	  x6:0x00000000 x17:0x00000000 x14=0x00000000
      34235.000 ns	      3422	80000e00	ae268293	addi	x5,x13,-1310	 x13:0xfffff79e  x5=0xfffff280
      34255.000 ns	      3424	80000e04	03423ab3	mulhu	x21,x4,x20	  x4:0x4a3252b4 x20:0x80041024 x21=0x251a56d0
      34285.000 ns	      3427	80000e08	e00d1ed3	fclass.s	x29,f26	 f26:0xffff786b x29=0x00000200
      34625.000 ns	      3461	80000e0c	19087753	fdiv.s	f14,f16,f16	 f16:0x40000000 f16:0x40000000 f14=0x3f080b60
      34655.000 ns	      3464	80000e10	031bf133	remu	x2,x23,x17	 x23:0x00000000 x17:0x00000000  x2=0x00000000
      34675.000 ns	      3466	80000e14	e6323c93	sltiu	x25,x4,-413	  x4:0x4a3252b4 x25=0x00000001
      34695.000 ns	      3468	80000e18	28808053	fmin.s	f0,f1,f8	  f1:0x7f800000  f8:0x4ed37fbb  f0=0x4ed37fbb
      35065.000 ns	      3505	80000e1c	025dc9b3	div	x19,x27,x5	 x27:0x00000000  x5:0xfffff280 x19=0x00000000
      35095.000 ns	      3508	80000e20	2163afd3	fsgnjx.s	f31,f7,f22	  f7:0x00000000 f22:0x7fc00000 f31=0x00000000
      35125.000 ns	      3511	80000e24	03a41833	mulh	x16,x8,x26	  x8:0x80040fe4 x26:0x80041024 x16=0x3ffbf00c
      35155.000 ns	      3514	80000e28	299303d3	fmin.s	f7,f6,f25	  f6:0x7f800000 f25:0x7fc00000  f7=0x7f800000
      35175.000 ns	      3516	80000e2c	aa582a93	slti	x21,x16,-1371	 x16:0x3ffbf00c x21=0x00000000
      35215.000 ns	      3520	80000e30	01752ad3	fadd.s	f21,f10,f23	 f10:0xffff786b f23:0x00000000 f21=0x7fc00000
      35235.000 ns	      3522	80000e34	95b23793	sltiu	x15,x4,-1701	  x4:0x4a3252b4 x15=0x00000001
      35255.000 ns	      3524	80000e38	02e2bd33	mulhu	x26,x5,x14	  x5:0xfffff280 x14:0x00000000 x26=0x00000000
      35285.000 ns	      3527	80000e3c	f00688d3	fmv.w.x	f17,x13	 x13:0xfffff79e f17=0xfffff79e
      35315.000 ns	      3530	80000e40	a0778253	fle.s	x4,f15,f7	 f15:0x7fc00000  f7:0x7f800000  x4=0x00000000
      35335.000 ns	      3532	80000e44	01a9a233	slt	x4,x19,x26	 x19:0x00000000 x26:0x00000000  x4=0x00000000
      35355.000 ns	      3534	80000e48	037dadb3	mulhsu	x27,x27,x23	 x27:0x00000000 x23:0x00000000 x27=0x00000000
      35375.000 ns	      3536	80000e4c	00681733	sll	x14,x16,x6	 x16:0x3ffbf00c  x6:0x00000000 x14=0x3ffbf00c
      35385.000 ns	      3537	80000e50	001f6333	or	x6,x30,x1	 x30:0x00000000  x1:0x80000000  x6=0x80000000
      35395.000 ns	      3538	80000e54	416d8133	sub	x2,x27,x22	 x27:0x00000000 x22:0x00000001  x2=0xffffffff
      35425.000 ns	      3541	80000e58	58027853	fsqrt.s	f16,f4	  f4:0x80000000 f16=0x80000000
      35445.000 ns	      3543	80000e5c	006476b3	and	x13,x8,x6	  x8:0x80040fe4  x6:0x80000000 x13=0x80000000
      35465.000 ns	      3545	80000e60	025ab6b3	mulhu	x13,x21,x5	 x21:0x00000000  x5:0xfffff280 x13=0x00000000
      35835.000 ns	      3582	80000e64	029b4ab3	div	x21,x22,x9	 x22:0x00000001  x9:0xcba92000 x21=0x00000000
      35865.000 ns	      3585	80000e68	e0011cd3	fclass.s	x25,f2	  f2:0xffff786b x25=0x00000200
      35895.000 ns	      3588	80000e6c	e00b0bd3	fmv.x.w	x23,f22	 f22:0x7fc00000 x23=0x7fc00000
      35925.000 ns	      3591	80000e70	d0114c53	fcvt.s.wu	f24,x2	  x2:0xffffffff f24=0x4f800000
      35955.000 ns	      3594	80000e74	d00f0bd3	fcvt.s.w	f23,x30	 x30:0x00000000 f23=0x00000000
      35975.000 ns	      3596	80000e78	0094a833	slt	x16,x9,x9	  x9:0xcba92000  x9:0xcba92000 x16=0x00000000
      35995.000 ns	      3598	80000e7c	032833b3	mulhu	x7,x16,x18	 x16:0x3ffbf00c x18:0x00000000  x7=0x00000000
      36025.000 ns	      3601	80000e80	0233bb33	mulhu	x22,x7,x3	  x7:0xfffff810  x3:0xffffffff x22=0x00000000
      36045.000 ns	      3603	80000e84	00000013	addi	x0,x0,0	  x0:0x00000000
      36065.000 ns	      3605	80000e88	a05c0dd3	fle.s	x27,f24,f5	 f24:0x4f800000  f5:0x80040fe4 x27=0x00000000
      36085.000 ns	      3607	80000e8c	010e38b3	sltu	x17,x28,x16	 x28:0x00000000 x16:0x00000000 x17=0x00000000
      37255.000 ns	      3724	80000e90	58007953	fsqrt.s	f18,f0	  f0:0x4ed37fbb f18=0x47248908
      37625.000 ns	      3761	80000e94	02364633	div	x12,x12,x3	 x12:0x69bfdda4  x3:0xffffffff x12=0x9640225c
      37655.000 ns	      3764	80000e98	03a18cb3	mul	x25,x3,x26	  x3:0xffffffff x26:0x00000000 x25=0x00000000
      37685.000 ns	      3767	80000e9c	a1340fd3	fle.s	x31,f8,f19	  f8:0x4ed37fbb f19:0x00000000 x31=0x00000000
      37715.000 ns	      3770	80000ea0	a1858553	fle.s	x10,f11,f24	 f11:0x7fc00000 f24:0x4f800000 x10=0x00000000
      37745.000 ns	      3773	80000ea4	299a0753	fmin.s	f14,f20,f25	 f20:0x00000000 f25:0x7fc00000 f14=0x00000000
      37775.000 ns	      3776	80000ea8	032ddcb3	divu	x25,x27,x18	 x27:0x00000000 x18:0x00000000 x25=0xffffffff
      37805.000 ns	      3779	80000eac	a01d9fd3	flt.s	x31,f27,f1	 f27:0x00000000  f1:0x7f800000 x31=0x00000001
      37825.000 ns	      3781	80000eb0	41a35a93	srai	x21,x6,0x1a	  x6:0x80000000 x21=0xffffffe0
      37845.000 ns	      3783	80000eb4	0334f233	remu	x4,x9,x19	  x9:0xcba92000 x19:0x00000000  x4=0xcba92000
      37875.000 ns	      3786	80000eb8	21eaaa53	fsgnjx.s	f20,f21,f30	 f21:0x7fc00000 f30:0xffc00000 f20=0xffc00000
      37925.000 ns	      3791	80000ebc	0913a453	fsub.s	f8,f7,f17	  f7:0x7f800000 f17:0xfffff79e  f8=0x7fc00000
      37955.000 ns	      3794	80000ec0	02b928b3	mulhsu	x17,x18,x11	 x18:0x00000000 x11:0x69bfdda4 x17=0x00000000
      37985.000 ns	      3797	80000ec4	a1498853	fle.s	x16,f19,f20	 f19:0x00000000 f20:0xffc00000 x16=0x00000000
      38025.000 ns	      3801	80000ec8	185242d3	fdiv.s	f5,f4,f5	  f4:0x80000000  f5:0x80040fe4  f5=0x00000000
      38045.000 ns	      3803	80000ecc	017b9d93	slli	x27,x23,0x17	 x23:0x7fc00000 x27=0x00000000
      38055.000 ns	      3804	80000ed0	01fd1233	sll	x4,x26,x31	 x26:0x00000000 x31:0x00000001  x4=0x00000000
      38075.000 ns	      3806	80000ed4	21449953	fsgnjn.s	f18,f9,f20	  f9:0x00000000 f20:0xffc00000 f18=0x00000000
      38105.000 ns	      3809	80000ed8	d0171553	fcvt.s.wu	f10,x14	 x14:0x3ffbf00c f10=0x4e7fefc0
      38125.000 ns	      3811	80000edc	00c29333	sll	x6,x5,x12	  x5:0xfffff280 x12:0x9640225c  x6=0x00000000
      38135.000 ns	      3812	80000ee0	41587f17	auipc	x30,0x41587	 x30=0xc1587ee0
      38155.000 ns	      3814	80000ee4	d018f1d3	fcvt.s.wu	f3,x17	 x17:0x00000000  f3=0x00000000
      38205.000 ns	      3819	80000ee8	010cad53	fadd.s	f26,f25,f16	 f25:0x7fc00000 f16:0x80000000 f26=0x7fc00000
      38225.000 ns	      3821	80000eec	04955637	lui	x12,0x4955	 x12=0x04955000
      38245.000 ns	      3823	80000ef0	e0009953	fclass.s	x18,f1	  f1:0x7f800000 x18=0x00000080
      38295.000 ns	      3828	80000ef4	00787f53	fadd.s	f30,f16,f7	 f16:0x80000000  f7:0x7f800000 f30=0x7f800000
      38325.000 ns	      3831	80000ef8	a0cbae53	feq.s	x28,f23,f12	 f23:0x00000000 f12:0x80040fe4 x28=0x00000000
      38695.000 ns	      3868	80000efc	029455b3	divu	x11,x8,x9	  x8:0x80040fe4  x9:0xcba92000 x11=0x00000000
      38715.000 ns	      3870	80000f00	93e17893	andi	x17,x2,-1730	  x2:0xffffffff x17=0xfffff93e
      38725.000 ns	      3871	80000f04	0040d4b3	srl	x9,x1,x4	  x1:0x80000000  x4:0x00000000  x9=0x80000000
      38735.000 ns	      3872	80000f08	006ed813	srli	x16,x29,0x6	 x29:0x00000200 x16=0x00000008
      38745.000 ns	      3873	80000f0c	00000013	addi	x0,x0,0	  x0:0x00000000
      38755.000 ns	      3874	80000f10	41a108b3	sub	x17,x2,x26	  x2:0xffffffff x26:0x00000000 x17=0xffffffff
      38775.000 ns	      3876	80000f14	0280b633	mulhu	x12,x1,x8	  x1:0x80000000  x8:0x80040fe4 x12=0x400207f2
      38795.000 ns	      3878	80000f18	00a45f33	srl	x30,x8,x10	  x8:0x80040fe4 x10:0x00000000 x30=0x80040fe4
      38805.000 ns	      3879	80000f1c	418785b3	sub	x11,x15,x24	 x15:0x00000001 x24:0x00000000 x11=0x00000001
      38815.000 ns	      3880	80000f20	00000013	addi	x0,x0,0	  x0:0x00000000
      38835.000 ns	      3882	80000f24	a1a8ad53	feq.s	x26,f17,f26	 f17:0xfffff79e f26:0x7fc00000 x26=0x00000000
      38865.000 ns	      3885	80000f28	e0081b53	fclass.s	x22,f16	 f16:0x80000000 x22=0x00000008
      38895.000 ns	      3888	80000f2c	c0010cd3	fcvt.w.s	x25,f2	  f2:0xffff786b x25=0x7fffffff
      38935.000 ns	      3892	80000f30	1031f0d3	fmul.s	f1,f3,f3	  f3:0x00000000  f3:0x00000000  f1=0x00000000
      38955.000 ns	      3894	80000f34	01f7c6b3	xor	x13,x15,x31	 x15:0x00000001 x31:0x00000001 x13=0x00000000
      38965.000 ns	      3895	80000f38	00c0c533	xor	x10,x1,x12	  x1:0x80000000 x12:0x400207f2 x10=0xc00207f2
      38985.000 ns	      3897	80000f3c	a0971953	flt.s	x18,f14,f9	 f14:0x00000000  f9:0x00000000 x18=0x00000000
      39015.000 ns	      3900	80000f40	a07d9fd3	flt.s	x31,f27,f7	 f27:0x00000000  f7:0x7f800000 x31=0x00000001
      39045.000 ns	      3903	80000f44	e00f1b53	fclass.s	x22,f30	 f30:0x7f800000 x22=0x00000080
      39095.000 ns	      3908	80000f48	088771d3	fsub.s	f3,f14,f8	 f14:0x00000000  f8:0x7fc00000  f3=0x7fc00000
      39145.000 ns	      3913	80000f4c	0058ff53	fadd.s	f30,f17,f5	 f17:0xfffff79e  f5:0x00000000 f30=0x7fc00000
      39165.000 ns	      3915	80000f50	000bd493	srli	x9,x23,0x0	 x23:0x7fc00000  x9=0x7fc00000
      39175.000 ns	      3916	80000f54	40d88ab3	sub	x21,x17,x13	 x17:0xffffffff x13:0x00000000 x21=0xffffffff
      39215.000 ns	      3920	80000f58	09f1c8d3	fsub.s	f17,f3,f31	  f3:0x7fc00000 f31:0x00000000 f17=0x7fc00000
      39245.000 ns	      3923	80000f5c	a173ac53	feq.s	x24,f7,f23	  f7:0x7f800000 f23:0x00000000 x24=0x00000000
      39275.000 ns	      3926	80000f60	c00321d3	fcvt.w.s	x3,f6	  f6:0x7f800000  x3=0x7fffffff
      39305.000 ns	      3929	80000f64	a0d714d3	flt.s	x9,f14,f13	 f14:0x00000000 f13:0x00000000  x9=0x00000000
      39325.000 ns	      3931	80000f68	01a012b3	sll	x5,x0,x26	  x0:0x00000000 x26:0x00000000  x5=0x00000000
      39335.000 ns	      3932	80000f6c	404a8e33	sub	x28,x21,x4	 x21:0xffffffff  x4:0x00000000 x28=0xffffffff
      39695.000 ns	      3968	80000f70	0306f233	remu	x4,x13,x16	 x13:0x00000000 x16:0x00000008  x4=0x00000000
      40065.000 ns	      4005	80000f74	023d6cb3	rem	x25,x26,x3	 x26:0x00000000  x3:0x7fffffff x25=0x00000000
      40095.000 ns	      4008	80000f78	c00cf953	fcvt.w.s	x18,f25	 f25:0x7fc00000 x18=0x7fffffff
      40115.000 ns	      4010	80000f7c	7e643993	sltiu	x19,x8,2022	  x8:0x80040fe4 x19=0x00000000
      40125.000 ns	      4011	80000f80	014f01b3	add	x3,x30,x20	 x30:0x80040fe4 x20:0x80041024  x3=0x00082008
      40145.000 ns	      4013	80000f84	a03c2d53	feq.s	x26,f24,f3	 f24:0x4f800000  f3:0x7fc00000 x26=0x00000000
      40175.000 ns	      4016	80000f88	02745033	divu	x0,x8,x7	  x8:0x80040fe4  x7:0x00000000
      40205.000 ns	      4019	80000f8c	03c18cb3	mul	x25,x3,x28	  x3:0x00082008 x28:0xffffffff x25=0xfff7dff8
      40225.000 ns	      4021	80000f90	694d36b7	lui	x13,0x694d3	 x13=0x694d3000
      40245.000 ns	      4023	80000f94	0225beb3	mulhu	x29,x11,x2	 x11:0x00000001  x2:0xffffffff x29=0x00000000
      40275.000 ns	      4026	80000f98	20368953	fsgnj.s	f18,f13,f3	 f13:0x00000000  f3:0x7fc00000 f18=0x00000000
      40295.000 ns	      4028	80000f9c	40b43213	sltiu	x4,x8,1035	  x8:0x80040fe4  x4=0x00000000
      40305.000 ns	      4029	80000fa0	00d90db3	add	x27,x18,x13	 x18:0x7fffffff x13:0x694d3000 x27=0xe94d2fff
      40325.000 ns	      4031	80000fa4	d00ca7d3	fcvt.s.w	f15,x25	 x25:0xfff7dff8 f15=0xc9020080
      40375.000 ns	      4036	80000fa8	0880bdd3	fsub.s	f27,f1,f8	  f1:0x00000000  f8:0x7fc00000 f27=0x7fc00000
      40405.000 ns	      4039	80000fac	e0018f53	fmv.x.w	x30,f3	  f3:0x7fc00000 x30=0x7fc00000
      40435.000 ns	      4042	80000fb0	e00e17d3	fclass.s	x15,f28	 f28:0x002c94ad x15=0x00000020
      40465.000 ns	      4045	80000fb4	290d1b53	fmax.s	f22,f26,f16	 f26:0x7fc00000 f16:0x80000000 f22=0x80000000
      40485.000 ns	      4047	80000fb8	00aaed33	or	x26,x21,x10	 x21:0xffffffff x10:0xc00207f2 x26=0xffffffff
      40495.000 ns	      4048	80000fbc	005b77b3	and	x15,x22,x5	 x22:0x00000080  x5:0x00000000 x15=0x00000000
      40505.000 ns	      4049	80000fc0	34b88913	addi	x18,x17,843	 x17:0xffffffff x18=0x0000034a
      40865.000 ns	      4085	80000fc4	034c7c33	remu	x24,x24,x20	 x24:0x00000000 x20:0x80041024 x24=0x00000000
      40905.000 ns	      4089	80000fc8	5806bb53	fsqrt.s	f22,f13	 f13:0x00000000 f22=0x00000000
      40925.000 ns	      4091	80000fcc	5a26a313	slti	x6,x13,1442	 x13:0x694d3000  x6=0x00000000
      40935.000 ns	      4092	80000fd0	c751eb13	ori	x22,x3,-907	  x3:0x00082008 x22=0xfffffc7d
      41295.000 ns	      4128	80000fd4	02d056b3	divu	x13,x0,x13	  x0:0x00000000 x13:0x694d3000 x13=0x00000000
      41665.000 ns	      4165	80000fd8	0229c1b3	div	x3,x19,x2	 x19:0x00000000  x2:0xffffffff  x3=0x00000000
      41685.000 ns	      4167	80000fdc	018ac633	xor	x12,x21,x24	 x21:0xffffffff x24:0x00000000 x12=0xffffffff
      41695.000 ns	      4168	80000fe0	edb22813	slti	x16,x4,-293	  x4:0x00000000 x16=0x00000000
      41705.000 ns	      4169	80000fe4	0078e1b3	or	x3,x17,x7	 x17:0xffffffff  x7:0x00000000  x3=0xffffffff
      41725.000 ns	      4171	80000fe8	c0120bd3	fcvt.wu.s	x23,f4	  f4:0x80000000 x23=0x00000000
      41765.000 ns	      4175	80000fec	18362353	fdiv.s	f6,f12,f3	 f12:0x80040fe4  f3:0x7fc00000  f6=0x7fc00000
      41785.000 ns	      4177	80000ff0	0046b9b3	sltu	x19,x13,x4	 x13:0x00000000  x4:0x00000000 x19=0x00000000
      41805.000 ns	      4179	80000ff4	f00603d3	fmv.w.x	f7,x12	 x12:0xffffffff  f7=0xffffffff
      41825.000 ns	      4181	80000ff8	00afecb3	or	x25,x31,x10	 x31:0x00000001 x10:0xc00207f2 x25=0xc00207f3
      42185.000 ns	      4217	80000ffc	039b6db3	rem	x27,x22,x25	 x22:0xfffffc7d x25:0xfff7dff8 x27=0xfffffc7d
      42215.000 ns	      4220	80001000	f0088f53	fmv.w.x	f30,x17	 x17:0xffffffff f30=0xffffffff
      42235.000 ns	      4222	80001004	01019cb3	sll	x25,x3,x16	  x3:0xffffffff x16:0x00000000 x25=0xffffffff
      42245.000 ns	      4223	80001008	0121d793	srli	x15,x3,0x12	  x3:0xffffffff x15=0x00003fff
      42265.000 ns	      4225	8000100c	037da733	mulhsu	x14,x27,x23	 x27:0xfffffc7d x23:0x00000000 x14=0x00000000
      42285.000 ns	      4227	80001010	00bcf5b3	and	x11,x25,x11	 x25:0xffffffff x11:0x00000001 x11=0x00000001
      42305.000 ns	      4229	80001014	d00174d3	fcvt.s.w	f9,x2	  x2:0xffffffff  f9=0xbf800000
      42335.000 ns	      4232	80001018	a0f388d3	fle.s	x17,f7,f15	  f7:0xffffffff f15:0xc9020080 x17=0x00000000
      42355.000 ns	      4234	8000101c	a1724c93	xori	x25,x4,-1513	  x4:0x00000000 x25=0xfffffa17
      42375.000 ns	      4236	80001020	02ea6db3	rem	x27,x20,x14	 x20:0x80041024 x14:0x00000000 x27=0x80041024
      42395.000 ns	      4238	80001024	3495fb13	andi	x22,x11,841	 x11:0x00000001 x22=0x00000001
      42415.000 ns	      4240	80001028	e0091bd3	fclass.s	x23,f18	 f18:0x00000000 x23=0x00000010
      42445.000 ns	      4243	8000102c	213c0bd3	fsgnj.s	f23,f24,f19	 f24:0x4f800000 f19:0x00000000 f23=0x4f800000
      42475.000 ns	      4246	80001030	02378733	mul	x14,x15,x3	 x15:0x00003fff  x3:0xffffffff x14=0xffffc001
      42495.000 ns	      4248	80001034	01075613	srli	x12,x14,0x10	 x14:0x00000000 x12=0x0000ffff
      42505.000 ns	      4249	80001038	00b5d493	srli	x9,x11,0xb	 x11:0x00000001  x9=0x00000000
      42525.000 ns	      4251	8000103c	284887d3	fmin.s	f15,f17,f4	 f17:0x7fc00000  f4:0x80000000 f15=0x80000000
      42545.000 ns	      4253	80001040	e64ea693	slti	x13,x29,-412	 x29:0x00000000 x13=0x00000000
      42565.000 ns	      4255	80001044	02871fb3	mulh	x31,x14,x8	 x14:0xffffc001  x8:0x80040fe4 x31=0x00001ffe
      42595.000 ns	      4258	80001048	a1b69553	flt.s	x10,f13,f27	 f13:0x00000000 f27:0x7fc00000 x10=0x00000000
      42615.000 ns	      4260	8000104c	01e6cd33	xor	x26,x13,x30	 x13:0x00000000 x30:0x7fc00000 x26=0x7fc00000
      42625.000 ns	      4261	80001050	41020833	sub	x16,x4,x16	  x4:0x00000000 x16:0x00000000 x16=0x00000000
      42645.000 ns	      4263	80001054	a0a308d3	fle.s	x17,f6,f10	  f6:0x7fc00000 f10:0x4e7fefc0 x17=0x00000000
      42665.000 ns	      4265	80001058	40c1d893	srai	x17,x3,0xc	  x3:0xffffffff x17=0xffffffff
      43025.000 ns	      4301	8000105c	0366fbb3	remu	x23,x13,x22	 x13:0x00000000 x22:0x00000001 x23=0x00000000
      43055.000 ns	      4304	80001060	03f10033	mul	x0,x2,x31	  x2:0xffffffff x31:0x00001ffe
      43075.000 ns	      4306	80001064	51668a93	addi	x21,x13,1302	 x13:0x00000000 x21=0x00000516
      43085.000 ns	      4307	80001068	000e2d33	slt	x26,x28,x0	 x28:0xffffffff  x0:0x00000000 x26=0x00000001
      43095.000 ns	      4308	8000106c	065f6813	ori	x16,x30,101	 x30:0x7fc00000 x16=0x7fc00065
      43105.000 ns	      4309	80001070	006ef033	and	x0,x29,x6	 x29:0x00000000  x6:0x00000000
      43115.000 ns	      4310	80001074	00b01e33	sll	x28,x0,x11	  x0:0x00000000 x11:0x00000001 x28=0x00000000
      43135.000 ns	      4312	80001078	02ba0f33	mul	x30,x20,x11	 x20:0x80041024 x11:0x00000001 x30=0x80041024
      43155.000 ns	      4314	8000107c	836bb597	auipc	x11,0x836bb	 x11=0x036bc07c
      43175.000 ns	      4316	80001080	e00612d3	fclass.s	x5,f12	 f12:0x80040fe4  x5=0x00000004
      43205.000 ns	      4319	80001084	29730653	fmin.s	f12,f6,f23	  f6:0x7fc00000 f23:0x4f800000 f12=0x4f800000
      43235.000 ns	      4322	80001088	c01797d3	fcvt.wu.s	x15,f15	 f15:0x80000000 x15=0x00000000
      43255.000 ns	      4324	8000108c	0009e633	or	x12,x19,x0	 x19:0x00000000  x0:0x00000000 x12=0x00000000
      43265.000 ns	      4325	80001090	4060d7b3	sra	x15,x1,x6	  x1:0x80000000  x6:0x00000000 x15=0x80000000
      43285.000 ns	      4327	80001094	02662bb3	mulhsu	x23,x12,x6	 x12:0x0000ffff  x6:0x00000000 x23=0x00000000
      43305.000 ns	      4329	80001098	f6533693	sltiu	x13,x6,-155	  x6:0x00000000 x13=0x00000001
      43325.000 ns	      4331	8000109c	d01912d3	fcvt.s.wu	f5,x18	 x18:0x0000034a  f5=0x44528000
      43355.000 ns	      4334	800010a0	21919bd3	fsgnjn.s	f23,f3,f25	  f3:0x7fc00000 f25:0x7fc00000 f23=0xffc00000
      43385.000 ns	      4337	800010a4	e0091b53	fclass.s	x22,f18	 f18:0x00000000 x22=0x00000010
      43415.000 ns	      4340	800010a8	a069a5d3	feq.s	x11,f19,f6	 f19:0x00000000  f6:0x7fc00000 x11=0x00000000
      43465.000 ns	      4345	800010ac	08cb3553	fsub.s	f10,f22,f12	 f22:0x00000000 f12:0x4f800000 f10=0xcf800000
      43485.000 ns	      4347	800010b0	22d17793	andi	x15,x2,557	  x2:0xffffffff x15=0x0000022d
      43495.000 ns	      4348	800010b4	01613633	sltu	x12,x2,x22	  x2:0xffffffff x22:0x00000010 x12=0x00000000
      43505.000 ns	      4349	800010b8	014411b3	sll	x3,x8,x20	  x8:0x80040fe4 x20:0x80041024  x3=0x0040fe40
      43525.000 ns	      4351	800010bc	0370ef33	rem	x30,x1,x23	  x1:0x80000000 x23:0x00000000 x30=0x80000000
      43555.000 ns	      4354	800010c0	a18211d3	flt.s	x3,f4,f24	  f4:0x80000000 f24:0x4f800000  x3=0x00000001
      43575.000 ns	      4356	800010c4	e040cd93	xori	x27,x1,-508	  x1:0x80000000 x27=0x7ffffe04
      43935.000 ns	      4392	800010c8	0350e1b3	rem	x3,x1,x21	  x1:0x80000000 x21:0x00000516  x3=0xfffffffe
      43965.000 ns	      4395	800010cc	21c0a153	fsgnjx.s	f2,f1,f28	  f1:0x00000000 f28:0x002c94ad  f2=0x00000000
      43995.000 ns	      4398	800010d0	d01f89d3	fcvt.s.wu	f19,x31	 x31:0x00001ffe f19=0x45fff000
      44025.000 ns	      4401	800010d4	298016d3	fmax.s	f13,f0,f24	  f0:0x4ed37fbb f24:0x4f800000 f13=0x4f800000
      44395.000 ns	      4438	800010d8	030d5b33	divu	x22,x26,x16	 x26:0x00000001 x16:0x7fc00065 x22=0x00000000
      44425.000 ns	      4441	800010dc	c0179dd3	fcvt.wu.s	x27,f15	 f15:0x80000000 x27=0x00000000
      44455.000 ns	      4444	800010e0	c002f9d3	fcvt.w.s	x19,f5	  f5:0x44528000 x19=0x0000034a
      44475.000 ns	      4446	800010e4	007ed293	srli	x5,x29,0x7	 x29:0x00000000  x5=0x00000000
      44485.000 ns	      4447	800010e8	01d74133	xor	x2,x14,x29	 x14:0xffffc001 x29:0x00000000  x2=0xffffc001
      44505.000 ns	      4449	800010ec	f00d0a53	fmv.w.x	f20,x26	 x26:0x00000001 f20=0x00000001
      44535.000 ns	      4452	800010f0	a09894d3	flt.s	x9,f17,f9	 f17:0x7fc00000  f9:0xbf800000  x9=0x00000000
      44565.000 ns	      4455	800010f4	d00815d3	fcvt.s.w	f11,x16	 x16:0x7fc00065 f11=0x4eff8000
      44585.000 ns	      4457	800010f8	a0b5c513	xori	x10,x11,-1525	 x11:0x00000000 x10=0xfffffa0b
      44595.000 ns	      4458	800010fc	1725fe13	andi	x28,x11,370	 x11:0x00000000 x28=0x00000000
      44605.000 ns	      4459	80001100	40c2dd13	srai	x26,x5,0xc	  x5:0x00000000 x26=0x00000000
      44625.000 ns	      4461	80001104	03a73fb3	mulhu	x31,x14,x26	 x14:0xffffc001 x26:0x00000001 x31=0x00000000
      44645.000 ns	      4463	80001108	40a256b3	sra	x13,x4,x10	  x4:0x00000000 x10:0xfffffa0b x13=0x00000000
      44665.000 ns	      4465	8000110c	c01773d3	fcvt.wu.s	x7,f14	 f14:0x00000000  x7=0x00000000
      44695.000 ns	      4468	80001110	d00034d3	fcvt.s.w	f9,x0	  x0:0x00000000  f9=0x00000000
      44725.000 ns	      4471	80001114	c00ef1d3	fcvt.w.s	x3,f29	 f29:0x7fc00000  x3=0x7fffffff
      44755.000 ns	      4474	80001118	039a3733	mulhu	x14,x20,x25	 x20:0x80041024 x25:0xfffffa17 x14=0x80040d2f
      44785.000 ns	      4477	8000111c	a02e8bd3	fle.s	x23,f29,f2	 f29:0x7fc00000  f2:0x00000000 x23=0x00000000
      44805.000 ns	      4479	80001120	cc41a613	slti	x12,x3,-828	  x3:0x7fffffff x12=0x00000000
      45165.000 ns	      4515	80001124	02856d33	rem	x26,x10,x8	 x10:0xfffffa0b  x8:0x80040fe4 x26=0xfffffa0b
      45215.000 ns	      4520	80001128	08a00053	fsub.s	f0,f0,f10	  f0:0x4ed37fbb f10:0xcf800000  f0=0x4fb4dfef
      45235.000 ns	      4522	8000112c	011e7a93	andi	x21,x28,17	 x28:0x00000000 x21=0x00000000
      45255.000 ns	      4524	80001130	2028a553	fsgnjx.s	f10,f17,f2	 f17:0x7fc00000  f2:0x00000000 f10=0x7fc00000
      45285.000 ns	      4527	80001134	03360933	mul	x18,x12,x19	 x12:0x00000000 x19:0x0000034a x18=0x00000000
      45305.000 ns	      4529	80001138	002f1333	sll	x6,x30,x2	 x30:0x80000000  x2:0xffffc001  x6=0x00000000
      45325.000 ns	      4531	8000113c	201795d3	fsgnjn.s	f11,f15,f1	 f15:0x80000000  f1:0x00000000 f11=0x80000000
      45355.000 ns	      4534	80001140	a06924d3	feq.s	x9,f18,f6	 f18:0x00000000  f6:0x7fc00000  x9=0x00000000
      45385.000 ns	      4537	80001144	03c65233	divu	x4,x12,x28	 x12:0x00000000 x28:0x00000000  x4=0xffffffff
      45405.000 ns	      4539	80001148	44014337	lui	x6,0x44014	  x6=0x44014000
      45415.000 ns	      4540	8000114c	6cf8ba93	sltiu	x21,x17,1743	 x17:0xffffffff x21=0x00000000
      45425.000 ns	      4541	80001150	017b1d13	slli	x26,x22,0x17	 x22:0x00000000 x26=0x00000000
      45465.000 ns	      4545	80001154	0096f553	fadd.s	f10,f13,f9	 f13:0x4f800000  f9:0x00000000 f10=0x4f800000
      45515.000 ns	      4550	80001158	00227ed3	fadd.s	f29,f4,f2	  f4:0x80000000  f2:0x00000000 f29=0x00000000
      45535.000 ns	      4552	8000115c	d80d0c93	addi	x25,x26,-640	 x26:0x00000000 x25=0xfffffd80
      45545.000 ns	      4553	80001160	4f4cd137	lui	x2,0x4f4cd	  x2=0x4f4cd000
      45565.000 ns	      4555	80001164	d008a053	fcvt.s.w	f0,x17	 x17:0xffffffff  f0=0xbf800000
      45615.000 ns	      4560	80001168	094afa53	fsub.s	f20,f21,f20	 f21:0x7fc00000 f20:0x00000001 f20=0x7fc00000
      45635.000 ns	      4562	8000116c	0029a4b3	slt	x9,x19,x2	 x19:0x0000034a  x2:0x4f4cd000  x9=0x00000001
      45645.000 ns	      4563	80001170	3fa36513	ori	x10,x6,1018	  x6:0x44014000 x10=0x440143fa
      45665.000 ns	      4565	80001174	a04414d3	flt.s	x9,f8,f4	  f8:0x7fc00000  f4:0x80000000  x9=0x00000000
      45685.000 ns	      4567	80001178	00110633	add	x12,x2,x1	  x2:0x4f4cd000  x1:0x80000000 x12=0xcf4cd000
      45705.000 ns	      4569	8000117c	038555b3	divu	x11,x10,x24	 x10:0x440143fa x24:0x00000000 x11=0xffffffff
      45735.000 ns	      4572	80001180	a1848c53	fle.s	x24,f9,f24	  f9:0x00000000 f24:0x4f800000 x24=0x00000001
      45765.000 ns	      4575	80001184	e00b07d3	fmv.x.w	x15,f22	 f22:0x00000000 x15=0x00000000
      45795.000 ns	      4578	80001188	28390053	fmin.s	f0,f18,f3	 f18:0x00000000  f3:0x7fc00000  f0=0x00000000
      45815.000 ns	      4580	8000118c	00d7d8b3	srl	x17,x15,x13	 x15:0x00000000 x13:0x00000000 x17=0x00000000
      45825.000 ns	      4581	80001190	00a13db3	sltu	x27,x2,x10	  x2:0x4f4cd000 x10:0x440143fa x27=0x00000000
      45835.000 ns	      4582	80001194	ed9a8213	addi	x4,x21,-295	 x21:0x00000000  x4=0xfffffed9
      45855.000 ns	      4584	80001198	a0b58d53	fle.s	x26,f11,f11	 f11:0x80000000 f11:0x80000000 x26=0x00000001
      45885.000 ns	      4587	8000119c	02c2bbb3	mulhu	x23,x5,x12	  x5:0x00000000 x12:0xcf4cd000 x23=0x00000000
      45905.000 ns	      4589	800011a0	00137c33	and	x24,x6,x1	  x6:0x44014000  x1:0x80000000 x24=0x00000000
      45925.000 ns	      4591	800011a4	2012aa53	fsgnjx.s	f20,f5,f1	  f5:0x44528000  f1:0x00000000 f20=0x44528000
      45955.000 ns	      4594	800011a8	026588b3	mul	x17,x11,x6	 x11:0xffffffff  x6:0x44014000 x17=0xbbfec000
      45985.000 ns	      4597	800011ac	29489253	fmax.s	f4,f17,f20	 f17:0x7fc00000 f20:0x44528000  f4=0x44528000
      46015.000 ns	      4600	800011b0	a09b2b53	feq.s	x22,f22,f9	 f22:0x00000000  f9:0x00000000 x22=0x00000001
      46035.000 ns	      4602	800011b4	009faab3	slt	x21,x31,x9	 x31:0x00000000  x9:0x00000000 x21=0x00000000
      46045.000 ns	      4603	800011b8	77a4a013	slti	x0,x9,1914	  x9:0x00000000
      46065.000 ns	      4605	800011bc	a0979cd3	flt.s	x25,f15,f9	 f15:0x80000000  f9:0x00000000 x25=0x00000000
      46085.000 ns	      4607	800011c0	a3de7917	auipc	x18,0xa3de7	 x18=0x23de81c0
      46105.000 ns	      4609	800011c4	03b051b3	divu	x3,x0,x27	  x0:0x00000000 x27:0x00000000  x3=0xffffffff
      46125.000 ns	      4611	800011c8	00dae9b3	or	x19,x21,x13	 x21:0x00000000 x13:0x00000000 x19=0x00000000
      46145.000 ns	      4613	800011cc	038f67b3	rem	x15,x30,x24	 x30:0x80000000 x24:0x00000000 x15=0x80000000
      46175.000 ns	      4616	800011d0	03319d33	mulh	x26,x3,x19	  x3:0xffffffff x19:0x0000034a x26=0x00000000
      46205.000 ns	      4619	800011d4	a0fa8d53	fle.s	x26,f21,f15	 f21:0x7fc00000 f15:0x80000000 x26=0x00000000
      46235.000 ns	      4622	800011d8	02e5af33	mulhsu	x30,x11,x14	 x11:0xffffffff x14:0x80040d2f x30=0xffffffff
      46265.000 ns	      4625	800011dc	287912d3	fmax.s	f5,f18,f7	 f18:0x00000000  f7:0xffffffff  f5=0x00000000
      46295.000 ns	      4628	800011e0	21cd11d3	fsgnjn.s	f3,f26,f28	 f26:0x7fc00000 f28:0x002c94ad  f3=0xffc00000
      46665.000 ns	      4665	800011e4	02ce5cb3	divu	x25,x28,x12	 x28:0x00000000 x12:0xcf4cd000 x25=0x00000000
      46685.000 ns	      4667	800011e8	0035cc33	xor	x24,x11,x3	 x11:0xffffffff  x3:0xffffffff x24=0x00000000
      46695.000 ns	      4668	800011ec	839ca713	slti	x14,x25,-1991	 x25:0x00000000 x14=0x00000000
      46715.000 ns	      4670	800011f0	03afb5b3	mulhu	x11,x31,x26	 x31:0x00000000 x26:0x00000000 x11=0x00000000
      46745.000 ns	      4673	800011f4	29020f53	fmin.s	f30,f4,f16	  f4:0x44528000 f16:0x80000000 f30=0x80000000
      46765.000 ns	      4675	800011f8	01fd8f33	add	x30,x27,x31	 x27:0x00000000 x31:0x00000000 x30=0x00000000
      46775.000 ns	      4676	800011fc	ec3702b7	lui	x5,0xec370	  x5=0xec370000
      46805.000 ns	      4679	80001200	10493353	fmul.s	f6,f18,f4	 f18:0x00000000  f4:0x44528000  f6=0x00000000
      46825.000 ns	      4681	80001204	19127e93	andi	x29,x4,401	  x4:0xfffffed9 x29=0x00000091
      46835.000 ns	      4682	80001208	00000013	addi	x0,x0,0	  x0:0x00000000
      46855.000 ns	      4684	8000120c	d01b7b53	fcvt.s.wu	f22,x22	 x22:0x00000001 f22=0x3f800000
      46875.000 ns	      4686	80001210	c231b193	sltiu	x3,x3,-989	  x3:0xffffffff  x3=0x00000000
      46895.000 ns	      4688	80001214	e00197d3	fclass.s	x15,f3	  f3:0xffc00000 x15=0x00000200
      46925.000 ns	      4691	80001218	20bf1ed3	fsgnjn.s	f29,f30,f11	 f30:0x80000000 f11:0x80000000 f29=0x00000000
      46955.000 ns	      4694	8000121c	e0040d53	fmv.x.w	x26,f8	  f8:0x7fc00000 x26=0x7fc00000
      46995.000 ns	      4698	80001220	18fe16d3	fdiv.s	f13,f28,f15	 f28:0x002c94ad f15:0x80000000 f13=0xff800000
      47025.000 ns	      4701	80001224	f00487d3	fmv.w.x	f15,x9	  x9:0x00000000 f15=0x00000000
      47045.000 ns	      4703	80001228	00711fb3	sll	x31,x2,x7	  x2:0x4f4cd000  x7:0x00000000 x31=0x4f4cd000
      47055.000 ns	      4704	8000122c	00000013	addi	x0,x0,0	  x0:0x00000000
      47065.000 ns	      4705	80001230	0010ecb3	or	x25,x1,x1	  x1:0x80000000  x1:0x80000000 x25=0x80000000
      47075.000 ns	      4706	80001234	01b80933	add	x18,x16,x27	 x16:0x7fc00065 x27:0x00000000 x18=0x7fc00065
      47095.000 ns	      4708	80001238	c01ca253	fcvt.wu.s	x4,f25	 f25:0x7fc00000  x4=0xffffffff
      47125.000 ns	      4711	8000123c	d00a2d53	fcvt.s.w	f26,x20	 x20:0x80041024 f26=0xcefff7e0
      47155.000 ns	      4714	80001240	0351cf33	div	x30,x3,x21	  x3:0x00000000 x21:0x00000000 x30=0xffffffff
      47175.000 ns	      4716	80001244	40378133	sub	x2,x15,x3	 x15:0x00000200  x3:0x00000000  x2=0x00000200
      47185.000 ns	      4717	80001248	0c5e8113	addi	x2,x29,197	 x29:0x00000091  x2=0x00000156
      47225.000 ns	      4721	8000124c	00f27c53	fadd.s	f24,f4,f15	  f4:0x44528000 f15:0x00000000 f24=0x44528000
      47245.000 ns	      4723	80001250	924be893	ori	x17,x23,-1756	 x23:0x00000000 x17=0xfffff924
      47265.000 ns	      4725	80001254	02d21633	mulh	x12,x4,x13	  x4:0xffffffff x13:0x00000000 x12=0x00000000
      47295.000 ns	      4728	80001258	e0039653	fclass.s	x12,f7	  f7:0xffffffff x12=0x00000200
      47315.000 ns	      4730	8000125c	01f676b3	and	x13,x12,x31	 x12:0x00000000 x31:0x4f4cd000 x13=0x00000000
      47325.000 ns	      4731	80001260	003edd13	srli	x26,x29,0x3	 x29:0x00000091 x26=0x00000012
      47345.000 ns	      4733	80001264	021eb5b3	mulhu	x11,x29,x1	 x29:0x00000091  x1:0x80000000 x11=0x00000048
      47375.000 ns	      4736	80001268	0334d333	divu	x6,x9,x19	  x9:0x00000000 x19:0x00000000  x6=0xffffffff
      47405.000 ns	      4739	8000126c	e00e0953	fmv.x.w	x18,f28	 f28:0x002c94ad x18=0x002c94ad
      47425.000 ns	      4741	80001270	00ef5613	srli	x12,x30,0xe	 x30:0xffffffff x12=0x0003ffff
      47435.000 ns	      4742	80001274	00cf7c33	and	x24,x30,x12	 x30:0xffffffff x12:0x00000200 x24=0x0003ffff
      47445.000 ns	      4743	80001278	3dd77113	andi	x2,x14,989	 x14:0x00000000  x2=0x00000000
      47475.000 ns	      4746	8000127c	19aff753	fdiv.s	f14,f31,f26	 f31:0x00000000 f26:0xcefff7e0 f14=0x80000000
      47495.000 ns	      4748	80001280	dc67b693	sltiu	x13,x15,-570	 x15:0x00000200 x13=0x00000001
      47505.000 ns	      4749	80001284	012f5eb3	srl	x29,x30,x18	 x30:0xffffffff x18:0x002c94ad x29=0x0007ffff
      47515.000 ns	      4750	80001288	000684b3	add	x9,x13,x0	 x13:0x00000000  x0:0x00000000  x9=0x00000001
      47535.000 ns	      4752	8000128c	03c57d33	remu	x26,x10,x28	 x10:0x440143fa x28:0x00000000 x26=0x440143fa
      47555.000 ns	      4754	80001290	00379b93	slli	x23,x15,0x3	 x15:0x00000200 x23=0x00001000
      47565.000 ns	      4755	80001294	00577f33	and	x30,x14,x5	 x14:0x00000000  x5:0xec370000 x30=0x00000000
      47575.000 ns	      4756	80001298	00000013	addi	x0,x0,0	  x0:0x00000000
      47595.000 ns	      4758	8000129c	28128153	fmin.s	f2,f5,f1	  f5:0x00000000  f1:0x00000000  f2=0x00000000
      47625.000 ns	      4761	800012a0	a1401fd3	flt.s	x31,f0,f20	  f0:0x00000000 f20:0x44528000 x31=0x00000001
      47655.000 ns	      4764	800012a4	a04d84d3	fle.s	x9,f27,f4	 f27:0x7fc00000  f4:0x44528000  x9=0x00000000
      47675.000 ns	      4766	800012a8	00d3e3b3	or	x7,x7,x13	  x7:0x00000000 x13:0x00000001  x7=0x00000001
      47715.000 ns	      4770	800012ac	013818d3	fadd.s	f17,f16,f19	 f16:0x80000000 f19:0x45fff000 f17=0x45fff000
      47755.000 ns	      4774	800012b0	1102f4d3	fmul.s	f9,f5,f16	  f5:0x00000000 f16:0x80000000  f9=0x80000000
      47775.000 ns	      4776	800012b4	014784b3	add	x9,x15,x20	 x15:0x00000200 x20:0x80041024  x9=0x80041224
      47785.000 ns	      4777	800012b8	72333193	sltiu	x3,x6,1827	  x6:0xffffffff  x3=0x00000000
      47805.000 ns	      4779	800012bc	025a9bb3	mulh	x23,x21,x5	 x21:0x00000000  x5:0xec370000 x23=0x00000000
      47825.000 ns	      4781	800012c0	01033fb3	sltu	x31,x6,x16	  x6:0xffffffff x16:0x7fc00065 x31=0x00000000
      47845.000 ns	      4783	800012c4	28e382d3	fmin.s	f5,f7,f14	  f7:0xffffffff f14:0x80000000  f5=0x80000000
      47875.000 ns	      4786	800012c8	a1cc93d3	flt.s	x7,f25,f28	 f25:0x7fc00000 f28:0x002c94ad  x7=0x00000000
      47925.000 ns	      4791	800012cc	09b78fd3	fsub.s	f31,f15,f27	 f15:0x00000000 f27:0x7fc00000 f31=0x7fc00000
      47965.000 ns	      4795	800012d0	10a74653	fmul.s	f12,f14,f10	 f14:0x80000000 f10:0x4f800000 f12=0x80000000
      47985.000 ns	      4797	800012d4	01c7d4b3	srl	x9,x15,x28	 x15:0x00000200 x28:0x00000000  x9=0x00000200
      47995.000 ns	      4798	800012d8	b07ee293	ori	x5,x29,-1273	 x29:0x0007ffff  x5=0xffffffff
      48015.000 ns	      4800	800012dc	a17226d3	feq.s	x13,f4,f23	  f4:0x44528000 f23:0xffc00000 x13=0x00000000
      48035.000 ns	      4802	800012e0	0082c333	xor	x6,x5,x8	  x5:0xec370000  x8:0x80040fe4  x6=0x7ffbf01b
      48055.000 ns	      4804	800012e4	03574233	div	x4,x14,x21	 x14:0x00000000 x21:0x00000000  x4=0xffffffff
      48085.000 ns	      4807	800012e8	a0219353	flt.s	x6,f3,f2	  f3:0xffc00000  f2:0x00000000  x6=0x00000000
      48105.000 ns	      4809	800012ec	00000013	addi	x0,x0,0	  x0:0x00000000
      48125.000 ns	      4811	800012f0	0270c3b3	div	x7,x1,x7	  x1:0x80000000  x7:0x00000000  x7=0xffffffff
      48175.000 ns	      4816	800012f4	0978f553	fsub.s	f10,f17,f23	 f17:0x45fff000 f23:0xffc00000 f10=0x7fc00000
      48195.000 ns	      4818	800012f8	29c2f693	andi	x13,x5,668	  x5:0xffffffff x13=0x0000029c
      48215.000 ns	      4820	800012fc	211594d3	fsgnjn.s	f9,f11,f17	 f11:0x80000000 f17:0x45fff000  f9=0x80000000
      48245.000 ns	      4823	80001300	d005f4d3	fcvt.s.w	f9,x11	 x11:0x00000048  f9=0x42900000
      48275.000 ns	      4826	80001304	c00642d3	fcvt.w.s	x5,f12	 f12:0x80000000  x5=0x00000000
      48295.000 ns	      4828	80001308	8b2dc913	xori	x18,x27,-1870	 x27:0x00000000 x18=0xfffff8b2
      48305.000 ns	      4829	8000130c	01566f33	or	x30,x12,x21	 x12:0x0003ffff x21:0x00000000 x30=0x0003ffff
      49475.000 ns	      4946	80001310	580b16d3	fsqrt.s	f13,f22	 f22:0x3f800000 f13=0x3f7fffae
      49505.000 ns	      4949	80001314	e0051fd3	fclass.s	x31,f10	 f10:0x7fc00000 x31=0x00000200
      49525.000 ns	      4951	80001318	dfd00237	lui	x4,0xdfd00	  x4=0xdfd00000
      49535.000 ns	      4952	8000131c	b5fd2893	slti	x17,x26,-1185	 x26:0x440143fa x17=0x00000000
      49545.000 ns	      4953	80001320	40a007b3	sub	x15,x0,x10	  x0:0x00000000 x10:0x440143fa x15=0xbbfebc06
      49565.000 ns	      4955	80001324	038217b3	mulh	x15,x4,x24	  x4:0xdfd00000 x24:0x0003ffff x15=0xffff7f40
      49935.000 ns	      4992	80001328	02d067b3	rem	x15,x0,x13	  x0:0x00000000 x13:0x0000029c x15=0x00000000
      49955.000 ns	      4994	8000132c	01a59393	slli	x7,x11,0x1a	 x11:0x00000048  x7=0x20000000
      49995.000 ns	      4998	80001330	00eca0d3	fadd.s	f1,f25,f14	 f25:0x7fc00000 f14:0x80000000  f1=0x7fc00000
      50025.000 ns	      5001	80001334	21162ed3	fsgnjx.s	f29,f12,f17	 f12:0x80000000 f17:0x45fff000 f29=0x80000000
      50045.000 ns	      5003	80001338	405b5e33	sra	x28,x22,x5	 x22:0x00000001  x5:0x00000000 x28=0x00000001
      50055.000 ns	      5004	8000133c	01a5a533	slt	x10,x11,x26	 x11:0x00000048 x26:0x440143fa x10=0x00000001
      50075.000 ns	      5006	80001340	f00c8553	fmv.w.x	f10,x25	 x25:0x80000000 f10=0x80000000
      50095.000 ns	      5008	80001344	40ae5693	srai	x13,x28,0xa	 x28:0x00000001 x13=0x00000000
      50105.000 ns	      5009	80001348	bd7f4f93	xori	x31,x30,-1065	 x30:0x0003ffff x31=0xfffc0428
      50115.000 ns	      5010	8000134c	01698033	add	x0,x19,x22	 x19:0x00000000 x22:0x00000001
      50135.000 ns	      5012	80001350	02e15833	divu	x16,x2,x14	  x2:0x00000000 x14:0x00000000 x16=0xffffffff
      50155.000 ns	      5014	80001354	00ff18b3	sll	x17,x30,x15	 x30:0x0003ffff x15:0x00000000 x17=0x0003ffff
      50175.000 ns	      5016	80001358	03a63733	mulhu	x14,x12,x26	 x12:0x0003ffff x26:0x440143fa x14=0x00011004
      50195.000 ns	      5018	8000135c	01a63fb3	sltu	x31,x12,x26	 x12:0x0003ffff x26:0x440143fa x31=0x00000001
      50215.000 ns	      5020	80001360	024a8eb3	mul	x29,x21,x4	 x21:0x00000000  x4:0xdfd00000 x29=0x00000000
      50245.000 ns	      5023	80001364	212a0a53	fsgnj.s	f20,f20,f18	 f20:0x44528000 f18:0x00000000 f20=0x44528000
      50265.000 ns	      5025	80001368	91b992b7	lui	x5,0x91b99	  x5=0x91b99000
      50285.000 ns	      5027	8000136c	c019f3d3	fcvt.wu.s	x7,f19	 f19:0x45fff000  x7=0x00001ffe
      50315.000 ns	      5030	80001370	02bb1833	mulh	x16,x22,x11	 x22:0x00000001 x11:0x00000048 x16=0x00000000
      50345.000 ns	      5033	80001374	026907b3	mul	x15,x18,x6	 x18:0xfffff8b2  x6:0x00000000 x15=0x00000000
      50375.000 ns	      5036	80001378	0308b5b3	mulhu	x11,x17,x16	 x17:0x0003ffff x16:0x00000000 x11=0x00000000
      50405.000 ns	      5039	8000137c	0262d6b3	divu	x13,x5,x6	  x5:0x91b99000  x6:0x00000000 x13=0xffffffff
      50425.000 ns	      5041	80001380	006b9833	sll	x16,x23,x6	 x23:0x00000000  x6:0x00000000 x16=0x00000000
      50465.000 ns	      5045	80001384	0074cb53	fadd.s	f22,f9,f7	  f9:0x42900000  f7:0xffffffff f22=0x7fc00000
      50495.000 ns	      5048	80001388	29b80853	fmin.s	f16,f16,f27	 f16:0x80000000 f27:0x7fc00000 f16=0x80000000
      50865.000 ns	      5085	8000138c	03c14f33	div	x30,x2,x28	  x2:0x00000000 x28:0x00000001 x30=0x00000000
      50895.000 ns	      5088	80001390	2061add3	fsgnjx.s	f27,f3,f6	  f3:0xffc00000  f6:0x00000000 f27=0xffc00000
      50925.000 ns	      5091	80001394	c01f75d3	fcvt.wu.s	x11,f30	 f30:0x80000000 x11=0x00000000
      50975.000 ns	      5096	80001398	095d27d3	fsub.s	f15,f26,f21	 f26:0xcefff7e0 f21:0x7fc00000 f15=0x7fc00000
      50995.000 ns	      5098	8000139c	01f306b3	add	x13,x6,x31	  x6:0x00000000 x31:0x00000001 x13=0x00000001
      51005.000 ns	      5099	800013a0	017af1b3	and	x3,x21,x23	 x21:0x00000000 x23:0x00000000  x3=0x00000000
      51025.000 ns	      5101	800013a4	02bb5133	divu	x2,x22,x11	 x22:0x00000001 x11:0x00000000  x2=0xffffffff
      51045.000 ns	      5103	800013a8	bce64e13	xori	x28,x12,-1074	 x12:0x0003ffff x28=0xfffc0431
      51065.000 ns	      5105	800013ac	a0b19053	flt.s	x0,f3,f11	  f3:0xffc00000 f11:0x80000000
      51085.000 ns	      5107	800013b0	001a9713	slli	x14,x21,0x1	 x21:0x00000000 x14=0x00000000
      51095.000 ns	      5108	800013b4	01157b33	and	x22,x10,x17	 x10:0x00000001 x17:0x0003ffff x22=0x00000001
      51115.000 ns	      5110	800013b8	a0ab1dd3	flt.s	x27,f22,f10	 f22:0x7fc00000 f10:0x80000000 x27=0x00000000
      51145.000 ns	      5113	800013bc	f0040653	fmv.w.x	f12,x8	  x8:0x80040fe4 f12=0x80040fe4
      51175.000 ns	      5116	800013c0	a1478b53	fle.s	x22,f15,f20	 f15:0x7fc00000 f20:0x44528000 x22=0x00000000
      51195.000 ns	      5118	800013c4	5a77f913	andi	x18,x15,1447	 x15:0x00000000 x18=0x00000000
      51215.000 ns	      5120	800013c8	02bec733	div	x14,x29,x11	 x29:0x00000000 x11:0x00000000 x14=0xffffffff
      51245.000 ns	      5123	800013cc	a08823d3	feq.s	x7,f16,f8	 f16:0x80000000  f8:0x7fc00000  x7=0x00000000
      51275.000 ns	      5126	800013d0	a00d2753	feq.s	x14,f26,f0	 f26:0xcefff7e0  f0:0x00000000 x14=0x00000000
      51295.000 ns	      5128	800013d4	39994d93	xori	x27,x18,921	 x18:0x00000000 x27=0x00000399
      51655.000 ns	      5164	800013d8	03844e33	div	x28,x8,x24	  x8:0x80040fe4 x24:0x0003ffff x28=0xffffe001
      51685.000 ns	      5167	800013dc	a1dd0253	fle.s	x4,f26,f29	 f26:0xcefff7e0 f29:0x80000000  x4=0x00000001
      51735.000 ns	      5172	800013e0	0919fdd3	fsub.s	f27,f19,f17	 f19:0x45fff000 f17:0x45fff000 f27=0x80000000
      51765.000 ns	      5175	800013e4	a1c69ed3	flt.s	x29,f13,f28	 f13:0x3f7fffae f28:0x002c94ad x29=0x00000000
      51795.000 ns	      5178	800013e8	c006f5d3	fcvt.w.s	x11,f13	 f13:0x3f7fffae x11=0x00000000
      51815.000 ns	      5180	800013ec	00f8d893	srli	x17,x17,0xf	 x17:0x0003ffff x17=0x00000007
      51835.000 ns	      5182	800013f0	f00c8953	fmv.w.x	f18,x25	 x25:0x80000000 f18=0x80000000
      51855.000 ns	      5184	800013f4	f7b54c93	xori	x25,x10,-133	 x10:0x00000001 x25=0xffffff7a
      51865.000 ns	      5185	800013f8	01a0dd13	srli	x26,x1,0x1a	  x1:0x80000000 x26=0x00000020
      51885.000 ns	      5187	800013fc	031c9833	mulh	x16,x25,x17	 x25:0x80000000 x17:0x00000007 x16=0xffffffff
      51915.000 ns	      5190	80001400	02e27db3	remu	x27,x4,x14	  x4:0x00000001 x14:0x00000000 x27=0x00000001
      51935.000 ns	      5192	80001404	01144133	xor	x2,x8,x17	  x8:0x80040fe4 x17:0x00000007  x2=0x80040fe3
      51955.000 ns	      5194	80001408	299c86d3	fmin.s	f13,f25,f25	 f25:0x7fc00000 f25:0x7fc00000 f13=0x7fc00000
      52005.000 ns	      5199	8000140c	012c7f53	fadd.s	f30,f24,f18	 f24:0x44528000 f18:0x80000000 f30=0x44528000
      52035.000 ns	      5202	80001410	289c8a53	fmin.s	f20,f25,f9	 f25:0x7fc00000  f9:0x42900000 f20=0x42900000
      52065.000 ns	      5205	80001414	036ea333	mulhsu	x6,x29,x22	 x29:0x00000000 x22:0x00000000  x6=0x00000000
      52085.000 ns	      5207	80001418	00000013	addi	x0,x0,0	  x0:0x00000000
      52105.000 ns	      5209	8000141c	20b80bd3	fsgnj.s	f23,f16,f11	 f16:0x80000000 f11:0x80000000 f23=0x80000000
      52135.000 ns	      5212	80001420	c017f253	fcvt.wu.s	x4,f15	 f15:0x7fc00000  x4=0xffffffff
      52165.000 ns	      5215	80001424	20b087d3	fsgnj.s	f15,f1,f11	  f1:0x7fc00000 f11:0x80000000 f15=0xffc00000
      52185.000 ns	      5217	80001428	00538e33	add	x28,x7,x5	  x7:0x00000000  x5:0x91b99000 x28=0x91b99000
      52205.000 ns	      5219	8000142c	03431e33	mulh	x28,x6,x20	  x6:0x00000000 x20:0x80041024 x28=0x00000000
      52235.000 ns	      5222	80001430	02609c33	mulh	x24,x1,x6	  x1:0x80000000  x6:0x00000000 x24=0x00000000
      52265.000 ns	      5225	80001434	a1e69bd3	flt.s	x23,f13,f30	 f13:0x7fc00000 f30:0x44528000 x23=0x00000000
      52285.000 ns	      5227	80001438	fb692537	lui	x10,0xfb692	 x10=0xfb692000
      52315.000 ns	      5230	8000143c	101efbd3	fmul.s	f23,f29,f1	 f29:0x80000000  f1:0x7fc00000 f23=0x7fc00000
      52335.000 ns	      5232	80001440	bee94d93	xori	x27,x18,-1042	 x18:0x00000000 x27=0xfffffbee
      52355.000 ns	      5234	80001444	e00f9bd3	fclass.s	x23,f31	 f31:0x7fc00000 x23=0x00000200
      52375.000 ns	      5236	80001448	41305db3	sra	x27,x0,x19	  x0:0x00000000 x19:0x00000000 x27=0x00000000
      52385.000 ns	      5237	8000144c	3c463313	sltiu	x6,x12,964	 x12:0x0003ffff  x6=0x00000000
      52395.000 ns	      5238	80001450	40e45013	srai	x0,x8,0xe	  x8:0x80040fe4
      52755.000 ns	      5274	80001454	02c6ecb3	rem	x25,x13,x12	 x13:0x00000001 x12:0x0003ffff x25=0x00000001
      52805.000 ns	      5279	80001458	0937f9d3	fsub.s	f19,f15,f19	 f15:0xffc00000 f19:0x45fff000 f19=0x7fc00000
      52825.000 ns	      5281	8000145c	00000013	addi	x0,x0,0	  x0:0x00000000
      52845.000 ns	      5283	80001460	03c831b3	mulhu	x3,x16,x28	 x16:0xffffffff x28:0x00000000  x3=0x00000000
      52865.000 ns	      5285	80001464	00d49513	slli	x10,x9,0xd	  x9:0x00000200 x10=0x00400000
      52885.000 ns	      5287	80001468	29d78fd3	fmin.s	f31,f15,f29	 f15:0xffc00000 f29:0x80000000 f31=0x80000000
      52925.000 ns	      5291	8000146c	1853f853	fdiv.s	f16,f7,f5	  f7:0xffffffff  f5:0x80000000 f16=0x7fc00000
      52955.000 ns	      5294	80001470	c01589d3	fcvt.wu.s	x19,f11	 f11:0x80000000 x19=0x00000000
      52985.000 ns	      5297	80001474	d0053ad3	fcvt.s.w	f21,x10	 x10:0x00400000 f21=0x4a800000
      53005.000 ns	      5299	80001478	fac53893	sltiu	x17,x10,-84	 x10:0x00400000 x17=0x00000001
      53025.000 ns	      5301	8000147c	022fb3b3	mulhu	x7,x31,x2	 x31:0x00000001  x2:0x80040fe3  x7=0x00000000
      54205.000 ns	      5419	80001480	580c2dd3	fsqrt.s	f27,f24	 f24:0x44528000 f27=0x4194d892
      54575.000 ns	      5456	80001484	024f51b3	divu	x3,x30,x4	 x30:0x00000000  x4:0xffffffff  x3=0x00000000
      54595.000 ns	      5458	80001488	3d3b8113	addi	x2,x23,979	 x23:0x00000200  x2=0x000005d3
      54615.000 ns	      5460	8000148c	03b77cb3	remu	x25,x14,x27	 x14:0x00000000 x27:0x00000000 x25=0x00000000
      54985.000 ns	      5497	80001490	02d2ebb3	rem	x23,x5,x13	  x5:0x91b99000 x13:0x00000001 x23=0x00000000
      55005.000 ns	      5499	80001494	007923b3	slt	x7,x18,x7	 x18:0x00000000  x7:0x00000000  x7=0x00000000
      55025.000 ns	      5501	80001498	d00afb53	fcvt.s.w	f22,x21	 x21:0x00000000 f22=0x00000000
      55045.000 ns	      5503	8000149c	05b36917	auipc	x18,0x5b36	 x18=0x85b3749c
      55055.000 ns	      5504	800014a0	0114ceb3	xor	x29,x9,x17	  x9:0x00000200 x17:0x00000001 x29=0x00000201
      55065.000 ns	      5505	800014a4	00000013	addi	x0,x0,0	  x0:0x00000000
      55085.000 ns	      5507	800014a8	02b4c133	div	x2,x9,x11	  x9:0x00000200 x11:0x00000000  x2=0xffffffff
      55105.000 ns	      5509	800014ac	9c71f193	andi	x3,x3,-1593	  x3:0x00000000  x3=0x00000000
      55115.000 ns	      5510	800014b0	41cd8633	sub	x12,x27,x28	 x27:0x00000000 x28:0x00000000 x12=0x00000000
      55155.000 ns	      5514	800014b4	091e2c53	fsub.s	f24,f28,f17	 f28:0x002c94ad f17:0x45fff000 f24=0xc5fff000
      55185.000 ns	      5517	800014b8	026568b3	rem	x17,x10,x6	 x10:0x00400000  x6:0x00000000 x17=0x00400000
      55205.000 ns	      5519	800014bc	f0d2de37	lui	x28,0xf0d2d	 x28=0xf0d2d000
      55215.000 ns	      5520	800014c0	86742313	slti	x6,x8,-1945	  x8:0x80040fe4  x6=0x00000001
      55225.000 ns	      5521	800014c4	00d43633	sltu	x12,x8,x13	  x8:0x80040fe4 x13:0x00000001 x12=0x00000000
      55245.000 ns	      5523	800014c8	e0078dd3	fmv.x.w	x27,f15	 f15:0xffc00000 x27=0xffc00000
      55275.000 ns	      5526	800014cc	200a0553	fsgnj.s	f10,f20,f0	 f20:0x42900000  f0:0x00000000 f10=0x42900000
      55295.000 ns	      5528	800014d0	01b00933	add	x18,x0,x27	  x0:0x00000000 x27:0xffc00000 x18=0xffc00000
      55315.000 ns	      5530	800014d4	20bb0653	fsgnj.s	f12,f22,f11	 f22:0x00000000 f11:0x80000000 f12=0x80000000
      55335.000 ns	      5532	800014d8	0e995b97	auipc	x23,0xe995	 x23=0x8e9964d8
      55355.000 ns	      5534	800014dc	d009fc53	fcvt.s.w	f24,x19	 x19:0x00000000 f24=0x00000000
      55395.000 ns	      5538	800014e0	58087853	fsqrt.s	f16,f16	 f16:0x7fc00000 f16=0x7fc00000
      55435.000 ns	      5542	800014e4	580d06d3	fsqrt.s	f13,f26	 f26:0xcefff7e0 f13=0x7fc00000
      55455.000 ns	      5544	800014e8	01449bb3	sll	x23,x9,x20	  x9:0x00000200 x20:0x80041024 x23=0x00002000
      55465.000 ns	      5545	800014ec	41315233	sra	x4,x2,x19	  x2:0xffffffff x19:0x00000000  x4=0xffffffff
      55485.000 ns	      5547	800014f0	03fabdb3	mulhu	x27,x21,x31	 x21:0x00000000 x31:0x00000001 x27=0x00000000
      55515.000 ns	      5550	800014f4	e0068c53	fmv.x.w	x24,f13	 f13:0x7fc00000 x24=0x7fc00000
      55535.000 ns	      5552	800014f8	41ec5e33	sra	x28,x24,x30	 x24:0x00000000 x30:0x00000000 x28=0x7fc00000
      55895.000 ns	      5588	800014fc	030d54b3	divu	x9,x26,x16	 x26:0x00000020 x16:0xffffffff  x9=0x00000000
      55925.000 ns	      5591	80001500	03448933	mul	x18,x9,x20	  x9:0x00000200 x20:0x80041024 x18=0x00000000
      55955.000 ns	      5594	80001504	29721c53	fmax.s	f24,f4,f23	  f4:0x44528000 f23:0x7fc00000 f24=0x44528000
      55985.000 ns	      5597	80001508	a00811d3	flt.s	x3,f16,f0	 f16:0x7fc00000  f0:0x00000000  x3=0x00000000
      56005.000 ns	      5599	8000150c	017999b3	sll	x19,x19,x23	 x19:0x00000000 x23:0x00002000 x19=0x00000000
      56025.000 ns	      5601	80001510	03402833	mulhsu	x16,x0,x20	  x0:0x00000000 x20:0x80041024 x16=0x00000000
      56055.000 ns	      5604	80001514	03ba22b3	mulhsu	x5,x20,x27	 x20:0x80041024 x27:0x00000000  x5=0x00000000
      56085.000 ns	      5607	80001518	03ec4933	div	x18,x24,x30	 x24:0x7fc00000 x30:0x00000000 x18=0xffffffff
      56105.000 ns	      5609	8000151c	16836bb7	lui	x23,0x16836	 x23=0x16836000
      56115.000 ns	      5610	80001520	411d82b3	sub	x5,x27,x17	 x27:0x00000000 x17:0x00400000  x5=0xffc00000
      56125.000 ns	      5611	80001524	cd1d7613	andi	x12,x26,-815	 x26:0x00000020 x12=0x00000000
      56145.000 ns	      5613	80001528	f0028253	fmv.w.x	f4,x5	  x5:0x00000000  f4=0xffc00000
      56175.000 ns	      5616	8000152c	02c7a333	mulhsu	x6,x15,x12	 x15:0x00000000 x12:0x00000000  x6=0x00000000
      56195.000 ns	      5618	80001530	01860633	add	x12,x12,x24	 x12:0x00000000 x24:0x7fc00000 x12=0x7fc00000
      56205.000 ns	      5619	80001534	40d9d913	srai	x18,x19,0xd	 x19:0x00000000 x18=0x00000000
      56215.000 ns	      5620	80001538	a2f28c97	auipc	x25,0xa2f28	 x25=0x22f29538
      56235.000 ns	      5622	8000153c	0265e033	rem	x0,x11,x6	 x11:0x00000000  x6:0x00000000
      56275.000 ns	      5626	80001540	11f67453	fmul.s	f8,f12,f31	 f12:0x80000000 f31:0x80000000  f8=0x00000000
      56305.000 ns	      5629	80001544	c0107ed3	fcvt.wu.s	x29,f0	  f0:0x00000000 x29=0x00000000
      56345.000 ns	      5633	80001548	58008c53	fsqrt.s	f24,f1	  f1:0x7fc00000 f24=0x7fc00000
      56365.000 ns	      5635	8000154c	0087e233	or	x4,x15,x8	 x15:0x00000000  x8:0x80040fe4  x4=0x80040fe4
      56385.000 ns	      5637	80001550	21120ed3	fsgnj.s	f29,f4,f17	  f4:0xffc00000 f17:0x45fff000 f29=0x7fc00000
      56415.000 ns	      5640	80001554	f0078953	fmv.w.x	f18,x15	 x15:0x00000000 f18=0x00000000
      56465.000 ns	      5645	80001558	08c172d3	fsub.s	f5,f2,f12	  f2:0x00000000 f12:0x80000000  f5=0x00000000
      57485.000 ns	      5747	8000155c	58054ed3	fsqrt.s	f29,f10	 f10:0x42900000 f29=0x4107c381
      57505.000 ns	      5749	80001560	013df133	and	x2,x27,x19	 x27:0x00000000 x19:0x00000000  x2=0x00000000
      57515.000 ns	      5750	80001564	403758b3	sra	x17,x14,x3	 x14:0x00000000  x3:0x00000000 x17=0x00000000
      57535.000 ns	      5752	80001568	a1ce1153	flt.s	x2,f28,f28	 f28:0x002c94ad f28:0x002c94ad  x2=0x00000000
      57555.000 ns	      5754	8000156c	01644b33	xor	x22,x8,x22	  x8:0x80040fe4 x22:0x00000000 x22=0x80040fe4
      57595.000 ns	      5758	80001570	01167253	fadd.s	f4,f12,f17	 f12:0x80000000 f17:0x45fff000  f4=0x45fff000
      57625.000 ns	      5761	80001574	e0040153	fmv.x.w	x2,f8	  f8:0x00000000  x2=0x00000000
      57645.000 ns	      5763	80001578	01bc2633	slt	x12,x24,x27	 x24:0x7fc00000 x27:0x00000000 x12=0x00000000
      57655.000 ns	      5764	8000157c	4190d393	srai	x7,x1,0x19	  x1:0x80000000  x7=0xffffffc0
      58015.000 ns	      5800	80001580	02a2ce33	div	x28,x5,x10	  x5:0xffc00000 x10:0x00400000 x28=0xffffffff
      58035.000 ns	      5802	80001584	01615e93	srli	x29,x2,0x16	  x2:0x00000000 x29=0x00000000
      58055.000 ns	      5804	80001588	f00882d3	fmv.w.x	f5,x17	 x17:0x00000000  f5=0x00000000
      58075.000 ns	      5806	8000158c	00000013	addi	x0,x0,0	  x0:0x00000000
      58085.000 ns	      5807	80001590	407355b3	sra	x11,x6,x7	  x6:0x00000000  x7:0xffffffc0 x11=0x00000000
      58115.000 ns	      5810	80001594	580d33d3	fsqrt.s	f7,f26	 f26:0xcefff7e0  f7=0x7fc00000
      58135.000 ns	      5812	80001598	00b99533	sll	x10,x19,x11	 x19:0x00000000 x11:0x00000000 x10=0x00000000
      58145.000 ns	      5813	8000159c	01e096b3	sll	x13,x1,x30	  x1:0x80000000 x30:0x00000000 x13=0x80000000
      58155.000 ns	      5814	800015a0	33d73193	sltiu	x3,x14,829	 x14:0x00000000  x3=0x00000001
      58165.000 ns	      5815	800015a4	f876e913	ori	x18,x13,-121	 x13:0x00000001 x18=0xffffff87
      58185.000 ns	      5817	800015a8	e0080053	fmv.x.w	x0,f16	 f16:0x7fc00000
      58205.000 ns	      5819	800015ac	4132d293	srai	x5,x5,0x13	  x5:0xffc00000  x5=0xfffffff8
      58225.000 ns	      5821	800015b0	d0143fd3	fcvt.s.wu	f31,x8	  x8:0x80040fe4 f31=0x4f000410
      58255.000 ns	      5824	800015b4	028f95b3	mulh	x11,x31,x8	 x31:0x00000001  x8:0x80040fe4 x11=0xffffffff
      58285.000 ns	      5827	800015b8	c01af553	fcvt.wu.s	x10,f21	 f21:0x4a800000 x10=0x00400000
      58315.000 ns	      5830	800015bc	20d01d53	fsgnjn.s	f26,f0,f13	  f0:0x00000000 f13:0x7fc00000 f26=0x80000000
      58345.000 ns	      5833	800015c0	a0ec01d3	fle.s	x3,f24,f14	 f24:0x7fc00000 f14:0x80000000  x3=0x00000000
      58375.000 ns	      5836	800015c4	032a1933	mulh	x18,x20,x18	 x20:0x80041024 x18:0xffffff87 x18=0x0000003c
      58395.000 ns	      5838	800015c8	41fa5693	srai	x13,x20,0x1f	 x20:0x80041024 x13=0xffffffff
      58435.000 ns	      5842	800015cc	01cfa6d3	fadd.s	f13,f31,f28	 f31:0x4f000410 f28:0x002c94ad f13=0x4f000410
      58455.000 ns	      5844	800015d0	411dd2b3	sra	x5,x27,x17	 x27:0x00000000 x17:0x00000000  x5=0x00000000
      58475.000 ns	      5846	800015d4	20900ed3	fsgnj.s	f29,f0,f9	  f0:0x00000000  f9:0x42900000 f29=0x00000000
      58495.000 ns	      5848	800015d8	00000013	addi	x0,x0,0	  x0:0x00000000
      58505.000 ns	      5849	800015dc	00379bb3	sll	x23,x15,x3	 x15:0x00000000  x3:0x00000000 x23=0x00000000
      58515.000 ns	      5850	800015e0	01305213	srli	x4,x0,0x13	  x0:0x00000000  x4=0x00000000
      58525.000 ns	      5851	800015e4	00aa69b3	or	x19,x20,x10	 x20:0x80041024 x10:0x00400000 x19=0x80441024
      58545.000 ns	      5853	800015e8	024a3ab3	mulhu	x21,x20,x4	 x20:0x80041024  x4:0x80040fe4 x21=0x00000000
      58575.000 ns	      5856	800015ec	03472eb3	mulhsu	x29,x14,x20	 x14:0x00000000 x20:0x80041024 x29=0x00000000
      58945.000 ns	      5893	800015f0	03817933	remu	x18,x2,x24	  x2:0x00000000 x24:0x7fc00000 x18=0x00000000
      58975.000 ns	      5896	800015f4	c00ca3d3	fcvt.w.s	x7,f25	 f25:0x7fc00000  x7=0x7fffffff
      59005.000 ns	      5899	800015f8	28c50353	fmin.s	f6,f10,f12	 f10:0x42900000 f12:0x80000000  f6=0x80000000
      59025.000 ns	      5901	800015fc	009dbeb3	sltu	x29,x27,x9	 x27:0x00000000  x9:0x00000000 x29=0x00000000
      59045.000 ns	      5903	80001600	21538653	fsgnj.s	f12,f7,f21	  f7:0x7fc00000 f21:0x4a800000 f12=0x7fc00000
      59075.000 ns	      5906	80001604	c0143353	fcvt.wu.s	x6,f8	  f8:0x00000000  x6=0x00000000
      59105.000 ns	      5909	80001608	a105ad53	feq.s	x26,f11,f16	 f11:0x80000000 f16:0x7fc00000 x26=0x00000000
      59125.000 ns	      5911	8000160c	40e70c33	sub	x24,x14,x14	 x14:0x00000000 x14:0x00000000 x24=0x00000000
      59145.000 ns	      5913	80001610	d00279d3	fcvt.s.w	f19,x4	  x4:0x00000000 f19=0x00000000
      59165.000 ns	      5915	80001614	0077dc93	srli	x25,x15,0x7	 x15:0x00000000 x25=0x00000000
      59195.000 ns	      5918	80001618	101c77d3	fmul.s	f15,f24,f1	 f24:0x7fc00000  f1:0x7fc00000 f15=0x7fc00000
      59215.000 ns	      5920	8000161c	013cb833	sltu	x16,x25,x19	 x25:0x22f29538 x19:0x80441024 x16=0x00000001
      59235.000 ns	      5922	80001620	e00883d3	fmv.x.w	x7,f17	 f17:0x45fff000  x7=0x45fff000
      59255.000 ns	      5924	80001624	4122d833	sra	x16,x5,x18	  x5:0x00000000 x18:0x00000000 x16=0x00000000
      59265.000 ns	      5925	80001628	01368b33	add	x22,x13,x19	 x13:0xffffffff x19:0x80441024 x22=0x80441023
      59275.000 ns	      5926	8000162c	41535633	sra	x12,x6,x21	  x6:0x00000000 x21:0x00000000 x12=0x00000000
      59305.000 ns	      5929	80001630	1082f7d3	fmul.s	f15,f5,f8	  f5:0x00000000  f8:0x00000000 f15=0x00000000
      59325.000 ns	      5931	80001634	4121ddb3	sra	x27,x3,x18	  x3:0x00000000 x18:0x00000000 x27=0x00000000
      59685.000 ns	      5967	80001638	02df7fb3	remu	x31,x30,x13	 x30:0x00000000 x13:0xffffffff x31=0x00000000
      59705.000 ns	      5969	8000163c	00489f33	sll	x30,x17,x4	 x17:0x00000000  x4:0x00000000 x30=0x00000000
      59725.000 ns	      5971	80001640	e00c18d3	fclass.s	x17,f24	 f24:0x7fc00000 x17=0x00000200
      59745.000 ns	      5973	80001644	001f05b3	add	x11,x30,x1	 x30:0x00000000  x1:0x80000000 x11=0x80000000
      59765.000 ns	      5975	80001648	0384c2b3	div	x5,x9,x24	  x9:0x00000000 x24:0x00000000  x5=0xffffffff
      59795.000 ns	      5978	8000164c	0315b1b3	mulhu	x3,x11,x17	 x11:0xffffffff x17:0x00000200  x3=0x00000100
      60165.000 ns	      6015	80001650	03444133	div	x2,x8,x20	  x8:0x80040fe4 x20:0x80041024  x2=0x00000001
      60185.000 ns	      6017	80001654	008ddeb3	srl	x29,x27,x8	 x27:0x00000000  x8:0x80040fe4 x29=0x00000000
      60205.000 ns	      6019	80001658	20ac08d3	fsgnj.s	f17,f24,f10	 f24:0x7fc00000 f10:0x42900000 f17=0x7fc00000
      60225.000 ns	      6021	8000165c	8a9aae93	slti	x29,x21,-1879	 x21:0x00000000 x29=0x00000000
      60235.000 ns	      6022	80001660	d59a2113	slti	x2,x20,-679	 x20:0x80041024  x2=0x00000001
      60245.000 ns	      6023	80001664	003a8e33	add	x28,x21,x3	 x21:0x00000000  x3:0x00000100 x28=0x00000100
      60255.000 ns	      6024	80001668	dcfa9697	auipc	x13,0xdcfa9	 x13=0x5cfaa668
      60275.000 ns	      6026	8000166c	e00592d3	fclass.s	x5,f11	 f11:0x80000000  x5=0x00000008
      60325.000 ns	      6031	80001670	09227d53	fsub.s	f26,f4,f18	  f4:0x45fff000 f18:0x00000000 f26=0x45fff000
      60345.000 ns	      6033	80001674	00be2033	slt	x0,x28,x11	 x28:0x00000100 x11:0x80000000
      60365.000 ns	      6035	80001678	21410653	fsgnj.s	f12,f2,f20	  f2:0x00000000 f20:0x42900000 f12=0x00000000
      60385.000 ns	      6037	8000167c	00fe3b33	sltu	x22,x28,x15	 x28:0x00000100 x15:0x00000000 x22=0x00000000
      60415.000 ns	      6040	80001680	19297653	fdiv.s	f12,f18,f18	 f18:0x00000000 f18:0x00000000 f12=0x7fc00000
      60435.000 ns	      6042	80001684	003bdc93	srli	x25,x23,0x3	 x23:0x00000000 x25=0x00000000
      60455.000 ns	      6044	80001688	026c03b3	mul	x7,x24,x6	 x24:0x00000000  x6:0x00000000  x7=0x00000000
      60485.000 ns	      6047	8000168c	a0db2353	feq.s	x6,f22,f13	 f22:0x00000000 f13:0x4f000410  x6=0x00000000
      60515.000 ns	      6050	80001690	0268ff33	remu	x30,x17,x6	 x17:0x00000200  x6:0x00000000 x30=0x00000200
      60535.000 ns	      6052	80001694	0179c533	xor	x10,x19,x23	 x19:0x80441024 x23:0x00000000 x10=0x80441024
      60545.000 ns	      6053	80001698	01914833	xor	x16,x2,x25	  x2:0x00000001 x25:0x00000000 x16=0x00000001
      60555.000 ns	      6054	8000169c	815675b7	lui	x11,0x81567	 x11=0x81567000
      60595.000 ns	      6058	800016a0	009ff853	fadd.s	f16,f31,f9	 f31:0x4f000410  f9:0x42900000 f16=0x4f000410
      60615.000 ns	      6060	800016a4	3db2d917	auipc	x18,0x3db2d	 x18=0xbdb2e6a4
      60625.000 ns	      6061	800016a8	019b91b3	sll	x3,x23,x25	 x23:0x00000000 x25:0x00000000  x3=0x00000000
      60635.000 ns	      6062	800016ac	00000013	addi	x0,x0,0	  x0:0x00000000
      60645.000 ns	      6063	800016b0	015e9233	sll	x4,x29,x21	 x29:0x00000000 x21:0x00000000  x4=0x00000000
      60655.000 ns	      6064	800016b4	01b43ab3	sltu	x21,x8,x27	  x8:0x80040fe4 x27:0x00000000 x21=0x00000000
      60665.000 ns	      6065	800016b8	372542b7	lui	x5,0x37254	  x5=0x37254000
      60685.000 ns	      6067	800016bc	f00e0dd3	fmv.w.x	f27,x28	 x28:0x00000100 f27=0x00000100
      61055.000 ns	      6104	800016c0	03305833	divu	x16,x0,x19	  x0:0x00000000 x19:0x80441024 x16=0x00000000
      61075.000 ns	      6106	800016c4	00dc79b3	and	x19,x24,x13	 x24:0x00000000 x13:0x5cfaa668 x19=0x00000000
      61085.000 ns	      6107	800016c8	012f92b3	sll	x5,x31,x18	 x31:0x00000000 x18:0xbdb2e6a4  x5=0x00000000
      61125.000 ns	      6111	800016cc	004791d3	fadd.s	f3,f15,f4	 f15:0x00000000  f4:0x45fff000  f3=0x45fff000
      61145.000 ns	      6113	800016d0	00b94eb3	xor	x29,x18,x11	 x18:0xbdb2e6a4 x11:0x81567000 x29=0x3ce496a4
      61165.000 ns	      6115	800016d4	0352dc33	divu	x24,x5,x21	  x5:0x00000000 x21:0x00000000 x24=0xffffffff
      61185.000 ns	      6117	800016d8	00d86f33	or	x30,x16,x13	 x16:0x00000000 x13:0x5cfaa668 x30=0x5cfaa668
      61195.000 ns	      6118	800016dc	8e720b93	addi	x23,x4,-1817	  x4:0x00000000 x23=0xfffff8e7
      61215.000 ns	      6120	800016e0	a041a8d3	feq.s	x17,f3,f4	  f3:0x45fff000  f4:0x45fff000 x17=0x00000001
      61255.000 ns	      6124	800016e4	5803fed3	fsqrt.s	f29,f7	  f7:0x7fc00000 f29=0x7fc00000
      61285.000 ns	      6127	800016e8	e00e0f53	fmv.x.w	x30,f28	 f28:0x002c94ad x30=0x002c94ad
      61315.000 ns	      6130	800016ec	036ab633	mulhu	x12,x21,x22	 x21:0x00000000 x22:0x00000000 x12=0x00000000
      61345.000 ns	      6133	800016f0	037c9ab3	mulh	x21,x25,x23	 x25:0x00000000 x23:0xfffff8e7 x21=0x00000000
      61365.000 ns	      6135	800016f4	4083d133	sra	x2,x7,x8	  x7:0x00000000  x8:0x80040fe4  x2=0x00000000
      61385.000 ns	      6137	800016f8	20ba2853	fsgnjx.s	f16,f20,f11	 f20:0x42900000 f11:0x80000000 f16=0xc2900000
      61415.000 ns	      6140	800016fc	e00c0353	fmv.x.w	x6,f24	 f24:0x7fc00000  x6=0x7fc00000
      61445.000 ns	      6143	80001700	207ca853	fsgnjx.s	f16,f25,f7	 f25:0x7fc00000  f7:0x7fc00000 f16=0x7fc00000
      61465.000 ns	      6145	80001704	000ec1b3	xor	x3,x29,x0	 x29:0x3ce496a4  x0:0x00000000  x3=0x3ce496a4
      61825.000 ns	      6181	80001708	03756bb3	rem	x23,x10,x23	 x10:0x80441024 x23:0xfffff8e7 x23=0xfffffdc1
      61845.000 ns	      6183	8000170c	01346db3	or	x27,x8,x19	  x8:0x80040fe4 x19:0x00000000 x27=0x80040fe4
      62205.000 ns	      6219	80001710	02617033	remu	x0,x2,x6	  x2:0x00000000  x6:0x7fc00000
      63385.000 ns	      6337	80001714	580d7353	fsqrt.s	f6,f26	 f26:0x45fff000  f6=0x42b4ff04
      63405.000 ns	      6339	80001718	00294ab3	xor	x21,x18,x2	 x18:0xbdb2e6a4  x2:0x00000000 x21=0xbdb2e6a4
      63425.000 ns	      6341	8000171c	210603d3	fsgnj.s	f7,f12,f16	 f12:0x7fc00000 f16:0x7fc00000  f7=0x7fc00000
      63475.000 ns	      6346	80001720	01934653	fadd.s	f12,f6,f25	  f6:0x42b4ff04 f25:0x7fc00000 f12=0x7fc00000
      63505.000 ns	      6349	80001724	0301cb33	div	x22,x3,x16	  x3:0x3ce496a4 x16:0x00000000 x22=0xffffffff
      63525.000 ns	      6351	80001728	50697f93	andi	x31,x18,1286	 x18:0xbdb2e6a4 x31=0x00000404
      63545.000 ns	      6353	8000172c	e0051753	fclass.s	x14,f10	 f10:0x42900000 x14=0x00000040
      63575.000 ns	      6356	80001730	03a435b3	mulhu	x11,x8,x26	  x8:0x80040fe4 x26:0x00000000 x11=0x00000000
      63945.000 ns	      6393	80001734	023ecc33	div	x24,x29,x3	 x29:0x3ce496a4  x3:0x3ce496a4 x24=0x00000001
      63975.000 ns	      6396	80001738	03a9d033	divu	x0,x19,x26	 x19:0x00000000 x26:0x00000000
      64005.000 ns	      6399	8000173c	e00b1fd3	fclass.s	x31,f22	 f22:0x00000000 x31=0x00000010
      64035.000 ns	      6402	80001740	03609fb3	mulh	x31,x1,x22	  x1:0x80000000 x22:0xffffffff x31=0x00000000
      64065.000 ns	      6405	80001744	21ab9e53	fsgnjn.s	f28,f23,f26	 f23:0x7fc00000 f26:0x45fff000 f28=0xffc00000
      64085.000 ns	      6407	80001748	0158bab3	sltu	x21,x17,x21	 x17:0x00000001 x21:0xbdb2e6a4 x21=0x00000001
      64105.000 ns	      6409	8000174c	290982d3	fmin.s	f5,f19,f16	 f19:0x00000000 f16:0x7fc00000  f5=0x00000000
      64135.000 ns	      6412	80001750	03d08ab3	mul	x21,x1,x29	  x1:0x80000000 x29:0x3ce496a4 x21=0x00000000
      64185.000 ns	      6417	80001754	09f674d3	fsub.s	f9,f12,f31	 f12:0x7fc00000 f31:0x4f000410  f9=0x7fc00000
      64215.000 ns	      6420	80001758	03170e33	mul	x28,x14,x17	 x14:0x00000040 x17:0x00000001 x28=0x00000040
      64265.000 ns	      6425	8000175c	09827a53	fsub.s	f20,f4,f24	  f4:0x45fff000 f24:0x7fc00000 f20=0x7fc00000
      64295.000 ns	      6428	80001760	03bf9133	mulh	x2,x31,x27	 x31:0x00000000 x27:0x80040fe4  x2=0x00000000
      64315.000 ns	      6430	80001764	9ce56f13	ori	x30,x10,-1586	 x10:0x80441024 x30=0xfffff9ee
      64675.000 ns	      6466	80001768	03d7f3b3	remu	x7,x15,x29	 x15:0x00000000 x29:0x3ce496a4  x7=0x00000000
      64695.000 ns	      6468	8000176c	019ca7b3	slt	x15,x25,x25	 x25:0x00000000 x25:0x00000000 x15=0x00000000
      64705.000 ns	      6469	80001770	74ec3797	auipc	x15,0x74ec3	 x15=0xf4ec4770
      65065.000 ns	      6505	80001774	03dfff33	remu	x30,x31,x29	 x31:0x00000000 x29:0x3ce496a4 x30=0x00000000
      65085.000 ns	      6507	80001778	01b12733	slt	x14,x2,x27	  x2:0x00000000 x27:0x80040fe4 x14=0x00000000
      65095.000 ns	      6508	8000177c	ac806113	ori	x2,x0,-1336	  x0:0x00000000  x2=0xfffffac8
      65115.000 ns	      6510	80001780	033105b3	mul	x11,x2,x19	  x2:0x00000000 x19:0x00000000 x11=0x00000000
      65135.000 ns	      6512	80001784	00000013	addi	x0,x0,0	  x0:0x00000000
      65145.000 ns	      6513	80001788	40e6d3b3	sra	x7,x13,x14	 x13:0x5cfaa668 x14:0x00000000  x7=0x5cfaa668
      65155.000 ns	      6514	8000178c	024f6c93	ori	x25,x30,36	 x30:0x00000000 x25=0x00000024
      65175.000 ns	      6516	80001790	a0929553	flt.s	x10,f5,f9	  f5:0x00000000  f9:0x7fc00000 x10=0x00000000
      65195.000 ns	      6518	80001794	41b6db93	srai	x23,x13,0x1b	 x13:0x5cfaa668 x23=0x0000000b
      65215.000 ns	      6520	80001798	e00c1653	fclass.s	x12,f24	 f24:0x7fc00000 x12=0x00000200
      65265.000 ns	      6525	8000179c	01a297d3	fadd.s	f15,f5,f26	  f5:0x00000000 f26:0x45fff000 f15=0x45fff000
      65295.000 ns	      6528	800017a0	e0090f53	fmv.x.w	x30,f18	 f18:0x00000000 x30=0x00000000
      65315.000 ns	      6530	800017a4	c1963393	sltiu	x7,x12,-999	 x12:0x00000200  x7=0x00000001
      65335.000 ns	      6532	800017a8	037b1d33	mulh	x26,x22,x23	 x22:0xffffffff x23:0x0000000b x26=0xffffffff
      65365.000 ns	      6535	800017ac	210a8653	fsgnj.s	f12,f21,f16	 f21:0x4a800000 f16:0x7fc00000 f12=0x4a800000
      65395.000 ns	      6538	800017b0	c01417d3	fcvt.wu.s	x15,f8	  f8:0x00000000 x15=0x00000000
      65415.000 ns	      6540	800017b4	a85cbd13	sltiu	x26,x25,-1403	 x25:0x00000024 x26=0x00000001
      66585.000 ns	      6657	800017b8	5801be53	fsqrt.s	f28,f3	  f3:0x45fff000 f28=0x42b4ff04
      66605.000 ns	      6659	800017bc	0090bb33	sltu	x22,x1,x9	  x1:0x80000000  x9:0x00000000 x22=0x00000000
      66625.000 ns	      6661	800017c0	29f597d3	fmax.s	f15,f11,f31	 f11:0x80000000 f31:0x4f000410 f15=0x4f000410
      66645.000 ns	      6663	800017c4	013e1493	slli	x9,x28,0x13	 x28:0x00000040  x9=0x02000000
      66655.000 ns	      6664	800017c8	c7fef813	andi	x16,x29,-897	 x29:0x3ce496a4 x16=0x3ce49424
      66665.000 ns	      6665	800017cc	d4414e93	xori	x29,x2,-700	  x2:0xfffffac8 x29=0x0000078c
      66675.000 ns	      6666	800017d0	516cb793	sltiu	x15,x25,1302	 x25:0x00000024 x15=0x00000001
      66695.000 ns	      6668	800017d4	214822d3	fsgnjx.s	f5,f16,f20	 f16:0x7fc00000 f20:0x7fc00000  f5=0x7fc00000
      66715.000 ns	      6670	800017d8	003a1ab3	sll	x21,x20,x3	 x20:0x80041024  x3:0x3ce496a4 x21=0x00410240
      66735.000 ns	      6672	800017dc	a09622d3	feq.s	x5,f12,f9	 f12:0x4a800000  f9:0x7fc00000  x5=0x00000000
      66765.000 ns	      6675	800017e0	d01ff3d3	fcvt.s.wu	f7,x31	 x31:0x00000000  f7=0x00000000
      66795.000 ns	      6678	800017e4	a1280f53	fle.s	x30,f16,f18	 f16:0x7fc00000 f18:0x00000000 x30=0x00000000
      66825.000 ns	      6681	800017e8	21530953	fsgnj.s	f18,f6,f21	  f6:0x42b4ff04 f21:0x4a800000 f18=0x42b4ff04
      66865.000 ns	      6685	800017ec	194db0d3	fdiv.s	f1,f27,f20	 f27:0x00000100 f20:0x7fc00000  f1=0x7fc00000
      66885.000 ns	      6687	800017f0	4c152913	slti	x18,x10,1217	 x10:0x00000000 x18=0x00000001
      66895.000 ns	      6688	800017f4	c2c02d93	slti	x27,x0,-980	  x0:0x00000000 x27=0x00000000
      67255.000 ns	      6724	800017f8	038b79b3	remu	x19,x22,x24	 x22:0x00000000 x24:0x00000001 x19=0x00000000
      67275.000 ns	      6726	800017fc	40c15513	srai	x10,x2,0xc	  x2:0xfffffac8 x10=0xffffffff
      67315.000 ns	      6730	80001800	00e57ed3	fadd.s	f29,f10,f14	 f10:0x42900000 f14:0x80000000 f29=0x42900000
      67365.000 ns	      6735	80001804	09dc7e53	fsub.s	f28,f24,f29	 f24:0x7fc00000 f29:0x7fc00000 f28=0x7fc00000
      67405.000 ns	      6739	80001808	11f7f7d3	fmul.s	f15,f15,f31	 f15:0x4f000410 f31:0x4f000410 f15=0x5e800820
      67445.000 ns	      6743	8000180c	182b14d3	fdiv.s	f9,f22,f2	 f22:0x00000000  f2:0x00000000  f9=0x7fc00000
      67475.000 ns	      6746	80001810	a0c6a253	feq.s	x4,f13,f12	 f13:0x4f000410 f12:0x4a800000  x4=0x00000000
      67495.000 ns	      6748	80001814	1afefa93	andi	x21,x29,431	 x29:0x0000078c x21=0x0000018c
      67525.000 ns	      6751	80001818	5804f7d3	fsqrt.s	f15,f9	  f9:0x7fc00000 f15=0x7fc00000
      67555.000 ns	      6754	8000181c	202da2d3	fsgnjx.s	f5,f27,f2	 f27:0x00000100  f2:0x00000000  f5=0x00000100
      67575.000 ns	      6756	80001820	014a6933	or	x18,x20,x20	 x20:0x80041024 x20:0x80041024 x18=0x80041024
      67595.000 ns	      6758	80001824	03fe4db3	div	x27,x28,x31	 x28:0x00000040 x31:0x00000000 x27=0xffffffff
      67625.000 ns	      6761	80001828	d009fd53	fcvt.s.w	f26,x19	 x19:0x00000000 f26=0x00000000
      67655.000 ns	      6764	8000182c	c0177553	fcvt.wu.s	x10,f14	 f14:0x80000000 x10=0x00000000
      67675.000 ns	      6766	80001830	692bb493	sltiu	x9,x23,1682	 x23:0x0000000b  x9=0x00000001
      67685.000 ns	      6767	80001834	c77f3b97	auipc	x23,0xc77f3	 x23=0x477f4834
      68045.000 ns	      6803	80001838	0264ceb3	div	x29,x9,x6	  x9:0x02000000  x6:0x7fc00000 x29=0x00000000
      68065.000 ns	      6805	8000183c	011f4c33	xor	x24,x30,x17	 x30:0x00000000 x17:0x00000001 x24=0x00000001
      68075.000 ns	      6806	80001840	011b1b33	sll	x22,x22,x17	 x22:0x00000000 x17:0x00000001 x22=0x00000000
      68095.000 ns	      6808	80001844	207e0bd3	fsgnj.s	f23,f28,f7	 f28:0x7fc00000  f7:0x00000000 f23=0x7fc00000
      68115.000 ns	      6810	80001848	40d90eb3	sub	x29,x18,x13	 x18:0x80041024 x13:0x5cfaa668 x29=0x230969bc
      68125.000 ns	      6811	8000184c	404e07b3	sub	x15,x28,x4	 x28:0x00000040  x4:0x00000000 x15=0x00000040
      68135.000 ns	      6812	80001850	d8832693	slti	x13,x6,-632	  x6:0x7fc00000 x13=0x00000000
      68145.000 ns	      6813	80001854	01c89fb3	sll	x31,x17,x28	 x17:0x00000001 x28:0x00000040 x31=0x00000001
      68155.000 ns	      6814	80001858	6fa37513	andi	x10,x6,1786	  x6:0x7fc00000 x10=0x00000000
      68185.000 ns	      6817	8000185c	180530d3	fdiv.s	f1,f10,f0	 f10:0x42900000  f0:0x00000000  f1=0x7f800000
      68215.000 ns	      6820	80001860	020c55b3	divu	x11,x24,x0	 x24:0x00000001  x0:0x00000000 x11=0xffffffff
      68235.000 ns	      6822	80001864	01121733	sll	x14,x4,x17	  x4:0x00000000 x17:0x00000001 x14=0x00000000
      68255.000 ns	      6824	80001868	20901cd3	fsgnjn.s	f25,f0,f9	  f0:0x00000000  f9:0x7fc00000 f25=0x80000000
      68275.000 ns	      6826	8000186c	bfa72d93	slti	x27,x14,-1030	 x14:0x00000000 x27=0x00000000
      68305.000 ns	      6829	80001870	10f79e53	fmul.s	f28,f15,f15	 f15:0x7fc00000 f15:0x7fc00000 f28=0x7fc00000
      68325.000 ns	      6831	80001874	00b58bb3	add	x23,x11,x11	 x11:0xffffffff x11:0xffffffff x23=0xfffffffe
      68345.000 ns	      6833	80001878	c005fe53	fcvt.w.s	x28,f11	 f11:0x80000000 x28=0x00000000
      68365.000 ns	      6835	8000187c	56de2513	slti	x10,x28,1389	 x28:0x00000040 x10=0x00000001
      68375.000 ns	      6836	80001880	003c7db3	and	x27,x24,x3	 x24:0x00000001  x3:0x3ce496a4 x27=0x00000000
      68385.000 ns	      6837	80001884	977043b7	lui	x7,0x97704	  x7=0x97704000
      68745.000 ns	      6873	80001888	03f27eb3	remu	x29,x4,x31	  x4:0x00000000 x31:0x00000001 x29=0x00000000
      68775.000 ns	      6876	8000188c	f0060e53	fmv.w.x	f28,x12	 x12:0x00000200 f28=0x00000200
      68795.000 ns	      6878	80001890	007815b3	sll	x11,x16,x7	 x16:0x3ce49424  x7:0x97704000 x11=0x3ce49424
      68835.000 ns	      6882	80001894	0867ce53	fsub.s	f28,f15,f6	 f15:0x7fc00000  f6:0x42b4ff04 f28=0x7fc00000
      68855.000 ns	      6884	80001898	7a086013	ori	x0,x16,1952	 x16:0x3ce49424
      68875.000 ns	      6886	8000189c	e00e0ad3	fmv.x.w	x21,f28	 f28:0x7fc00000 x21=0x7fc00000
      68895.000 ns	      6888	800018a0	00000013	addi	x0,x0,0	  x0:0x00000000
      68905.000 ns	      6889	800018a4	e1373b93	sltiu	x23,x14,-493	 x14:0x00000000 x23=0x00000001
      68925.000 ns	      6891	800018a8	d00db053	fcvt.s.w	f0,x27	 x27:0x00000000  f0=0x00000000
      68945.000 ns	      6893	800018ac	0051f233	and	x4,x3,x5	  x3:0x3ce496a4  x5:0x00000000  x4=0x00000000
      68965.000 ns	      6895	800018b0	a15d9553	flt.s	x10,f27,f21	 f27:0x00000100 f21:0x4a800000 x10=0x00000001
      68985.000 ns	      6897	800018b4	40b75993	srai	x19,x14,0xb	 x14:0x00000000 x19=0x00000000
      68995.000 ns	      6898	800018b8	dfccd897	auipc	x17,0xdfccd	 x17=0x5fcce8b8
      69015.000 ns	      6900	800018bc	20941253	fsgnjn.s	f4,f8,f9	  f8:0x00000000  f9:0x7fc00000  f4=0x80000000
      69045.000 ns	      6903	800018c0	0338e133	rem	x2,x17,x19	 x17:0x00000001 x19:0x00000000  x2=0x5fcce8b8
      69075.000 ns	      6906	800018c4	c00c9dd3	fcvt.w.s	x27,f25	 f25:0x80000000 x27=0x00000000
      69105.000 ns	      6909	800018c8	20550153	fsgnj.s	f2,f10,f5	 f10:0x42900000  f5:0x00000100  f2=0x42900000
      69125.000 ns	      6911	800018cc	011b6833	or	x16,x22,x17	 x22:0x00000000 x17:0x5fcce8b8 x16=0x5fcce8b8
      69145.000 ns	      6913	800018d0	29a29a53	fmax.s	f20,f5,f26	  f5:0x00000100 f26:0x00000000 f20=0x00000100
      70325.000 ns	      7031	800018d4	580abdd3	fsqrt.s	f27,f21	 f21:0x4a800000 f27=0x44ffffae
      70355.000 ns	      7034	800018d8	28769fd3	fmax.s	f31,f13,f7	 f13:0x4f000410  f7:0x00000000 f31=0x4f000410
      70385.000 ns	      7037	800018dc	0281a733	mulhsu	x14,x3,x8	  x3:0x3ce496a4  x8:0x80040fe4 x14=0x1e7342ab
      70405.000 ns	      7039	800018e0	413d0ab3	sub	x21,x26,x19	 x26:0x00000001 x19:0x00000000 x21=0x00000001
      70415.000 ns	      7040	800018e4	413503b3	sub	x7,x10,x19	 x10:0x00000001 x19:0x00000000  x7=0x00000001
      70435.000 ns	      7042	800018e8	e00b82d3	fmv.x.w	x5,f23	 f23:0x7fc00000  x5=0x7fc00000
      70455.000 ns	      7044	800018ec	405e5993	srai	x19,x28,0x5	 x28:0x00000000 x19=0x00000000
      70475.000 ns	      7046	800018f0	c013c053	fcvt.wu.s	x0,f7	  f7:0x00000000
      70495.000 ns	      7048	800018f4	00000013	addi	x0,x0,0	  x0:0x00000000
      70515.000 ns	      7050	800018f8	c01e7553	fcvt.wu.s	x10,f28	 f28:0x7fc00000 x10=0xffffffff
      70545.000 ns	      7053	800018fc	28f714d3	fmax.s	f9,f14,f15	 f14:0x80000000 f15:0x7fc00000  f9=0x80000000
      70575.000 ns	      7056	80001900	f0068953	fmv.w.x	f18,x13	 x13:0x00000000 f18=0x00000000
      70605.000 ns	      7059	80001904	20270153	fsgnj.s	f2,f14,f2	 f14:0x80000000  f2:0x42900000  f2=0x00000000
      70635.000 ns	      7062	80001908	a10e2f53	feq.s	x30,f28,f16	 f28:0x7fc00000 f16:0x7fc00000 x30=0x00000000
      70665.000 ns	      7065	8000190c	028da6b3	mulhsu	x13,x27,x8	 x27:0x00000000  x8:0x80040fe4 x13=0x00000000
      70685.000 ns	      7067	80001910	014fb5b3	sltu	x11,x31,x20	 x31:0x00000001 x20:0x80041024 x11=0x00000001
      70695.000 ns	      7068	80001914	003faf33	slt	x30,x31,x3	 x31:0x00000001  x3:0x3ce496a4 x30=0x00000001
      70715.000 ns	      7070	80001918	f00d85d3	fmv.w.x	f11,x27	 x27:0x00000000 f11=0x00000000
      71085.000 ns	      7107	8000191c	0394d1b3	divu	x3,x9,x25	  x9:0x00000001 x25:0x00000024  x3=0x00000000
      71115.000 ns	      7110	80001920	c016fad3	fcvt.wu.s	x21,f13	 f13:0x4f000410 x21=0x80041000
      71155.000 ns	      7114	80001924	108619d3	fmul.s	f19,f12,f8	 f12:0x4a800000  f8:0x00000000 f19=0x00000000
      71205.000 ns	      7119	80001928	017b15d3	fadd.s	f11,f22,f23	 f22:0x00000000 f23:0x7fc00000 f11=0x7fc00000
      71235.000 ns	      7122	8000192c	20300a53	fsgnj.s	f20,f0,f3	  f0:0x00000000  f3:0x45fff000 f20=0x00000000
      71265.000 ns	      7125	80001930	d003f653	fcvt.s.w	f12,x7	  x7:0x00000001 f12=0x3f800000
      71295.000 ns	      7128	80001934	f0070453	fmv.w.x	f8,x14	 x14:0x1e7342ab  f8=0x1e7342ab
      71325.000 ns	      7131	80001938	d01cfe53	fcvt.s.wu	f28,x25	 x25:0x00000024 f28=0x42100000
      71345.000 ns	      7133	8000193c	4c7b6513	ori	x10,x22,1223	 x22:0x00000000 x10=0x000004c7
      71705.000 ns	      7169	80001940	031a4033	div	x0,x20,x17	 x20:0x80041024 x17:0x5fcce8b8
      72075.000 ns	      7206	80001944	03a9e3b3	rem	x7,x19,x26	 x19:0x00000000 x26:0x00000001  x7=0x00000000
      72105.000 ns	      7209	80001948	03c11eb3	mulh	x29,x2,x28	  x2:0x5fcce8b8 x28:0x00000000 x29=0x00000000
      72155.000 ns	      7214	8000194c	09660a53	fsub.s	f20,f12,f22	 f12:0x3f800000 f22:0x00000000 f20=0x3f800000
      72175.000 ns	      7216	80001950	008c0933	add	x18,x24,x8	 x24:0x00000001  x8:0x80040fe4 x18=0x80040fe5
      72195.000 ns	      7218	80001954	a1c6a1d3	feq.s	x3,f13,f28	 f13:0x4f000410 f28:0x42100000  x3=0x00000000
      72215.000 ns	      7220	80001958	157f29b7	lui	x19,0x157f2	 x19=0x157f2000
      72245.000 ns	      7223	8000195c	105c29d3	fmul.s	f19,f24,f5	 f24:0x7fc00000  f5:0x00000100 f19=0x7fc00000
      72265.000 ns	      7225	80001960	0059d4b3	srl	x9,x19,x5	 x19:0x00000000  x5:0x7fc00000  x9=0x157f2000
      72285.000 ns	      7227	80001964	e0031dd3	fclass.s	x27,f6	  f6:0x42b4ff04 x27=0x00000040
      72305.000 ns	      7229	80001968	da6207b7	lui	x15,0xda620	 x15=0xda620000
      72325.000 ns	      7231	8000196c	e00515d3	fclass.s	x11,f10	 f10:0x42900000 x11=0x00000040
      72355.000 ns	      7234	80001970	03c02233	mulhsu	x4,x0,x28	  x0:0x00000000 x28:0x00000000  x4=0x00000000
      72375.000 ns	      7236	80001974	016dc933	xor	x18,x27,x22	 x27:0x00000040 x22:0x00000000 x18=0x00000040
      72395.000 ns	      7238	80001978	20558f53	fsgnj.s	f30,f11,f5	 f11:0x7fc00000  f5:0x00000100 f30=0x7fc00000
      72415.000 ns	      7240	8000197c	004db7b3	sltu	x15,x27,x4	 x27:0x00000040  x4:0x00000000 x15=0x00000000
      72435.000 ns	      7242	80001980	209b81d3	fsgnj.s	f3,f23,f9	 f23:0x7fc00000  f9:0x80000000  f3=0xffc00000
      72455.000 ns	      7244	80001984	cae5bc93	sltiu	x25,x11,-850	 x11:0x00000040 x25=0x00000001
      72475.000 ns	      7246	80001988	c01af253	fcvt.wu.s	x4,f21	 f21:0x4a800000  x4=0x00400000
      72505.000 ns	      7249	8000198c	d00e4fd3	fcvt.s.w	f31,x28	 x28:0x00000000 f31=0x00000000
      72525.000 ns	      7251	80001990	00c4b3b3	sltu	x7,x9,x12	  x9:0x157f2000 x12:0x00000200  x7=0x00000000
      72535.000 ns	      7252	80001994	4097d633	sra	x12,x15,x9	 x15:0x00000000  x9:0x157f2000 x12=0x00000000
      72545.000 ns	      7253	80001998	000f9393	slli	x7,x31,0x0	 x31:0x00000001  x7=0x00000001
      72575.000 ns	      7256	8000199c	103b7cd3	fmul.s	f25,f22,f3	 f22:0x00000000  f3:0xffc00000 f25=0x7fc00000
      72595.000 ns	      7258	800019a0	402dd1b3	sra	x3,x27,x2	 x27:0x00000040  x2:0x5fcce8b8  x3=0x00000000
      72605.000 ns	      7259	800019a4	01bdb933	sltu	x18,x27,x27	 x27:0x00000040 x27:0x00000040 x18=0x00000000
      72625.000 ns	      7261	800019a8	c01a7ed3	fcvt.wu.s	x29,f20	 f20:0x3f800000 x29=0x00000001
      72655.000 ns	      7264	800019ac	c013bd53	fcvt.wu.s	x26,f7	  f7:0x00000000 x26=0x00000000
      73025.000 ns	      7301	800019b0	0335fc33	remu	x24,x11,x19	 x11:0x00000040 x19:0x157f2000 x24=0x00000040
      73045.000 ns	      7303	800019b4	00000013	addi	x0,x0,0	  x0:0x00000000
      73055.000 ns	      7304	800019b8	00000013	addi	x0,x0,0	  x0:0x00000000
      73095.000 ns	      7308	800019bc	09e74353	fsub.s	f6,f14,f30	 f14:0x80000000 f30:0x7fc00000  f6=0x7fc00000
      73125.000 ns	      7311	800019c0	e00292d3	fclass.s	x5,f5	  f5:0x00000100  x5=0x00000020
      73145.000 ns	      7313	800019c4	01bf75b3	and	x11,x30,x27	 x30:0x00000001 x27:0x00000040 x11=0x00000000
      73165.000 ns	      7315	800019c8	202303d3	fsgnj.s	f7,f6,f2	  f6:0x7fc00000  f2:0x00000000  f7=0x7fc00000
      73185.000 ns	      7317	800019cc	7b4ba913	slti	x18,x23,1972	 x23:0x00000001 x18=0x00000001
      73205.000 ns	      7319	800019d0	213626d3	fsgnjx.s	f13,f12,f19	 f12:0x3f800000 f19:0x7fc00000 f13=0x3f800000
      73255.000 ns	      7324	800019d4	000e4753	fadd.s	f14,f28,f0	 f28:0x42100000  f0:0x00000000 f14=0x42100000
      73285.000 ns	      7327	800019d8	a0e69cd3	flt.s	x25,f13,f14	 f13:0x3f800000 f14:0x80000000 x25=0x00000001
      73325.000 ns	      7331	800019dc	11d14a53	fmul.s	f20,f2,f29	  f2:0x00000000 f29:0x42900000 f20=0x00000000
      73695.000 ns	      7368	800019e0	03277533	remu	x10,x14,x18	 x14:0x1e7342ab x18:0x00000001 x10=0x00000000
      73725.000 ns	      7371	800019e4	20349e53	fsgnjn.s	f28,f9,f3	  f9:0x80000000  f3:0xffc00000 f28=0x00000000
      73745.000 ns	      7373	800019e8	016f57b3	srl	x15,x30,x22	 x30:0x00000001 x22:0x00000000 x15=0x00000001
      73765.000 ns	      7375	800019ec	e0000353	fmv.x.w	x6,f0	  f0:0x00000000  x6=0x00000000
      73785.000 ns	      7377	800019f0	9937e593	ori	x11,x15,-1645	 x15:0x00000000 x11=0xfffff993
      73795.000 ns	      7378	800019f4	006881b3	add	x3,x17,x6	 x17:0x5fcce8b8  x6:0x00000000  x3=0x5fcce8b8
      73815.000 ns	      7380	800019f8	284e9e53	fmax.s	f28,f29,f4	 f29:0x42900000  f4:0x80000000 f28=0x42900000
      73845.000 ns	      7383	800019fc	a19ba9d3	feq.s	x19,f23,f25	 f23:0x7fc00000 f25:0x7fc00000 x19=0x00000000
      73895.000 ns	      7388	80001a00	003c8b53	fadd.s	f22,f25,f3	 f25:0x7fc00000  f3:0xffc00000 f22=0x7fc00000
      73925.000 ns	      7391	80001a04	03cc0033	mul	x0,x24,x28	 x24:0x00000040 x28:0x00000000
      73945.000 ns	      7393	80001a08	00919233	sll	x4,x3,x9	  x3:0x5fcce8b8  x9:0x157f2000  x4=0x5fcce8b8
      73965.000 ns	      7395	80001a0c	e00d98d3	fclass.s	x17,f27	 f27:0x44ffffae x17=0x00000040
      73995.000 ns	      7398	80001a10	d0191c53	fcvt.s.wu	f24,x18	 x18:0x00000001 f24=0x3f800000
      74025.000 ns	      7401	80001a14	039715b3	mulh	x11,x14,x25	 x14:0x1e7342ab x25:0x00000001 x11=0x00000000
      74075.000 ns	      7406	80001a18	098f1c53	fsub.s	f24,f30,f24	 f30:0x7fc00000 f24:0x3f800000 f24=0x7fc00000
      74105.000 ns	      7409	80001a1c	292f18d3	fmax.s	f17,f30,f18	 f30:0x7fc00000 f18:0x00000000 f17=0x00000000
      74135.000 ns	      7412	80001a20	c00473d3	fcvt.w.s	x7,f8	  f8:0x1e7342ab  x7=0x00000000
      74155.000 ns	      7414	80001a24	ffc3e397	auipc	x7,0xffc3e	  x7=0x7fc3fa24
      74175.000 ns	      7416	80001a28	03cce933	rem	x18,x25,x28	 x25:0x00000001 x28:0x00000000 x18=0x00000001
      74205.000 ns	      7419	80001a2c	e0068fd3	fmv.x.w	x31,f13	 f13:0x3f800000 x31=0x3f800000
      74235.000 ns	      7422	80001a30	a08918d3	flt.s	x17,f18,f8	 f18:0x00000000  f8:0x1e7342ab x17=0x00000001
      74255.000 ns	      7424	80001a34	00000013	addi	x0,x0,0	  x0:0x00000000
      74265.000 ns	      7425	80001a38	2bbf8593	addi	x11,x31,699	 x31:0x3f800000 x11=0x3f8002bb
      74285.000 ns	      7427	80001a3c	a18488d3	fle.s	x17,f9,f24	  f9:0x80000000 f24:0x7fc00000 x17=0x00000000
      74305.000 ns	      7429	80001a40	01902d93	slti	x27,x0,25	  x0:0x00000000 x27=0x00000001
      74315.000 ns	      7430	80001a44	2f3e64b7	lui	x9,0x2f3e6	  x9=0x2f3e6000
      74325.000 ns	      7431	80001a48	69308e37	lui	x28,0x69308	 x28=0x69308000
      74345.000 ns	      7433	80001a4c	d01ebcd3	fcvt.s.wu	f25,x29	 x29:0x00000001 f25=0x3f800000
      74715.000 ns	      7470	80001a50	03cd4933	div	x18,x26,x28	 x26:0x00000000 x28:0x00000000 x18=0x00000000
      74735.000 ns	      7472	80001a54	ebb20813	addi	x16,x4,-325	  x4:0x5fcce8b8 x16=0x5fcce773
      74765.000 ns	      7475	80001a58	182d7dd3	fdiv.s	f27,f26,f2	 f26:0x00000000  f2:0x00000000 f27=0x7fc00000
      74795.000 ns	      7478	80001a5c	02989333	mulh	x6,x17,x9	 x17:0x00000000  x9:0x2f3e6000  x6=0x00000000
      74815.000 ns	      7480	80001a60	0064e7b3	or	x15,x9,x6	  x9:0x2f3e6000  x6:0x00000000 x15=0x2f3e6000
      74855.000 ns	      7484	80001a64	090d4f53	fsub.s	f30,f26,f16	 f26:0x00000000 f16:0x7fc00000 f30=0x7fc00000
      74885.000 ns	      7487	80001a68	c000afd3	fcvt.w.s	x31,f1	  f1:0x7f800000 x31=0x7fffffff
      74905.000 ns	      7489	80001a6c	00aa9d33	sll	x26,x21,x10	 x21:0x80041000 x10:0x00000000 x26=0x80041000
      74915.000 ns	      7490	80001a70	017a4fb3	xor	x31,x20,x23	 x20:0x80041024 x23:0x00000001 x31=0x80041025
      74935.000 ns	      7492	80001a74	a1ff9ad3	flt.s	x21,f31,f31	 f31:0x00000000 f31:0x00000000 x21=0x00000000
      74955.000 ns	      7494	80001a78	01ab9213	slli	x4,x23,0x1a	 x23:0x00000001  x4=0x04000000
      74965.000 ns	      7495	80001a7c	00000013	addi	x0,x0,0	  x0:0x00000000
      74975.000 ns	      7496	80001a80	01362333	slt	x6,x12,x19	 x12:0x00000000 x19:0x00000000  x6=0x00000000
      74985.000 ns	      7497	80001a84	41e5dc13	srai	x24,x11,0x1e	 x11:0x3f8002bb x24=0x00000000
      75345.000 ns	      7533	80001a88	02b5ccb3	div	x25,x11,x11	 x11:0x3f8002bb x11:0x3f8002bb x25=0x00000001
      75365.000 ns	      7535	80001a8c	00e048b3	xor	x17,x0,x14	  x0:0x00000000 x14:0x1e7342ab x17=0x1e7342ab
      75375.000 ns	      7536	80001a90	01a46fb3	or	x31,x8,x26	  x8:0x80040fe4 x26:0x80041000 x31=0x80041fe4
      75395.000 ns	      7538	80001a94	c012cfd3	fcvt.wu.s	x31,f5	  f5:0x00000100 x31=0x00000000
      75415.000 ns	      7540	80001a98	01017533	and	x10,x2,x16	  x2:0x5fcce8b8 x16:0x5fcce773 x10=0x5fcce030
      75445.000 ns	      7543	80001a9c	19adce53	fdiv.s	f28,f27,f26	 f27:0x7fc00000 f26:0x00000000 f28=0x7fc00000
      75465.000 ns	      7545	80001aa0	3f9b4f97	auipc	x31,0x3f9b4	 x31=0xbf9b5aa0
      75485.000 ns	      7547	80001aa4	d00da4d3	fcvt.s.w	f9,x27	 x27:0x00000001  f9=0x3f800000
      75505.000 ns	      7549	80001aa8	c2197a93	andi	x21,x18,-991	 x18:0x00000000 x21=0x00000000
      75545.000 ns	      7553	80001aac	01297753	fadd.s	f14,f18,f18	 f18:0x00000000 f18:0x00000000 f14=0x00000000
      75565.000 ns	      7555	80001ab0	00b61eb3	sll	x29,x12,x11	 x12:0x00000000 x11:0x3f8002bb x29=0x00000000
      75575.000 ns	      7556	80001ab4	61e44c13	xori	x24,x8,1566	  x8:0x80040fe4 x24=0x800409fa
      75585.000 ns	      7557	80001ab8	01b3d7b3	srl	x15,x7,x27	  x7:0x7fc3fa24 x27:0x00000001 x15=0x3fe1fd12
      75595.000 ns	      7558	80001abc	63804f13	xori	x30,x0,1592	  x0:0x00000000 x30=0x00000638
      75625.000 ns	      7561	80001ac0	19bfa7d3	fdiv.s	f15,f31,f27	 f31:0x00000000 f27:0x7fc00000 f15=0x7fc00000
      75645.000 ns	      7563	80001ac4	8b27fb93	andi	x23,x15,-1870	 x15:0x3fe1fd12 x23=0x3fe1f812
      75665.000 ns	      7565	80001ac8	299590d3	fmax.s	f1,f11,f25	 f11:0x7fc00000 f25:0x3f800000  f1=0x3f800000
      75695.000 ns	      7568	80001acc	a12e9cd3	flt.s	x25,f29,f18	 f29:0x42900000 f18:0x00000000 x25=0x00000000
      75725.000 ns	      7571	80001ad0	02703bb3	mulhu	x23,x0,x7	  x0:0x00000000  x7:0x7fc3fa24 x23=0x00000000
      75745.000 ns	      7573	80001ad4	00beef33	or	x30,x29,x11	 x29:0x00000000 x11:0x3f8002bb x30=0x3f8002bb
      75785.000 ns	      7577	80001ad8	088c02d3	fsub.s	f5,f24,f8	 f24:0x7fc00000  f8:0x1e7342ab  f5=0x7fc00000
      75805.000 ns	      7579	80001adc	00ed4d33	xor	x26,x26,x14	 x26:0x80041000 x14:0x1e7342ab x26=0x9e7752ab
      75815.000 ns	      7580	80001ae0	b8aab393	sltiu	x7,x21,-1142	 x21:0x00000000  x7=0x00000001
      75825.000 ns	      7581	80001ae4	497ffd93	andi	x27,x31,1175	 x31:0xbf9b5aa0 x27=0x00000080
      75845.000 ns	      7583	80001ae8	03797b33	remu	x22,x18,x23	 x18:0x00000000 x23:0x00000000 x22=0x00000000
      75865.000 ns	      7585	80001aec	0162c333	xor	x6,x5,x22	  x5:0x00000020 x22:0x00000000  x6=0x00000020
      75895.000 ns	      7588	80001af0	11e277d3	fmul.s	f15,f4,f30	  f4:0x80000000 f30:0x7fc00000 f15=0x7fc00000
      75915.000 ns	      7590	80001af4	41dad593	srai	x11,x21,0x1d	 x21:0x00000000 x11=0x00000000
      75935.000 ns	      7592	80001af8	02cf4ab3	div	x21,x30,x12	 x30:0x3f8002bb x12:0x00000000 x21=0xffffffff
      75955.000 ns	      7594	80001afc	006624b3	slt	x9,x12,x6	 x12:0x00000000  x6:0x00000020  x9=0x00000001
      75965.000 ns	      7595	80001b00	00000013	addi	x0,x0,0	  x0:0x00000000
      75985.000 ns	      7597	80001b04	f00a8fd3	fmv.w.x	f31,x21	 x21:0xffffffff f31=0xffffffff
      76015.000 ns	      7600	80001b08	f0068f53	fmv.w.x	f30,x13	 x13:0x00000000 f30=0x00000000
      76045.000 ns	      7603	80001b0c	f0080b53	fmv.w.x	f22,x16	 x16:0x5fcce773 f22=0x5fcce773
      76065.000 ns	      7605	80001b10	a6aecd13	xori	x26,x29,-1430	 x29:0x00000000 x26=0xfffffa6a
      76085.000 ns	      7607	80001b14	f00f86d3	fmv.w.x	f13,x31	 x31:0xbf9b5aa0 f13=0xbf9b5aa0
      76105.000 ns	      7609	80001b18	01ea05b3	add	x11,x20,x30	 x20:0x80041024 x30:0x3f8002bb x11=0xbf8412df
      76145.000 ns	      7613	80001b1c	082c7453	fsub.s	f8,f24,f2	 f24:0x7fc00000  f2:0x00000000  f8=0x7fc00000
      76165.000 ns	      7615	80001b20	69df6f13	ori	x30,x30,1693	 x30:0x3f8002bb x30=0x3f8006bf
      76175.000 ns	      7616	80001b24	0129ccb3	xor	x25,x19,x18	 x19:0x00000000 x18:0x00000000 x25=0x00000000
      76185.000 ns	      7617	80001b28	3db8ce13	xori	x28,x17,987	 x17:0x1e7342ab x28=0x1e734170
      76205.000 ns	      7619	80001b2c	a15213d3	flt.s	x7,f4,f21	  f4:0x80000000 f21:0x4a800000  x7=0x00000001
      76225.000 ns	      7621	80001b30	4ecc0013	addi	x0,x24,1260	 x24:0x800409fa
      76245.000 ns	      7623	80001b34	c0110153	fcvt.wu.s	x2,f2	  f2:0x00000000  x2=0x00000000
      76285.000 ns	      7627	80001b38	109a2a53	fmul.s	f20,f20,f9	 f20:0x00000000  f9:0x3f800000 f20=0x00000000
      76305.000 ns	      7629	80001b3c	ce543393	sltiu	x7,x8,-795	  x8:0x80040fe4  x7=0x00000001
      76315.000 ns	      7630	80001b40	01411bb3	sll	x23,x2,x20	  x2:0x00000000 x20:0x80041024 x23=0x00000000
      76335.000 ns	      7632	80001b44	a0e2a7d3	feq.s	x15,f5,f14	  f5:0x7fc00000 f14:0x00000000 x15=0x00000000
      76705.000 ns	      7669	80001b48	0309f3b3	remu	x7,x19,x16	 x19:0x00000000 x16:0x5fcce773  x7=0x00000000
      76725.000 ns	      7671	80001b4c	01fed533	srl	x10,x29,x31	 x29:0x00000000 x31:0xbf9b5aa0 x10=0x00000000
      76735.000 ns	      7672	80001b50	414ed713	srai	x14,x29,0x14	 x29:0x00000000 x14=0x00000000
      76745.000 ns	      7673	80001b54	00325d13	srli	x26,x4,0x3	  x4:0x04000000 x26=0x00800000
      76765.000 ns	      7675	80001b58	03f304b3	mul	x9,x6,x31	  x6:0x00000020 x31:0xbf9b5aa0  x9=0xf36b5400
      76795.000 ns	      7678	80001b5c	025e36b3	mulhu	x13,x28,x5	 x28:0x1e734170  x5:0x00000020 x13=0x00000003
      76825.000 ns	      7681	80001b60	e0088553	fmv.x.w	x10,f17	 f17:0x00000000 x10=0x00000000
      76845.000 ns	      7683	80001b64	01a9dcb3	srl	x25,x19,x26	 x19:0x00000000 x26:0x00800000 x25=0x00000000
      76865.000 ns	      7685	80001b68	e00f91d3	fclass.s	x3,f31	 f31:0xffffffff  x3=0x00000200
      76885.000 ns	      7687	80001b6c	00000013	addi	x0,x0,0	  x0:0x00000000
      76895.000 ns	      7688	80001b70	01a39c13	slli	x24,x7,0x1a	  x7:0x00000000 x24=0x00000000
      76915.000 ns	      7690	80001b74	e0031e53	fclass.s	x28,f6	  f6:0x7fc00000 x28=0x00000200
      76935.000 ns	      7692	80001b78	21d32a93	slti	x21,x6,541	  x6:0x00000020 x21=0x00000001
      76965.000 ns	      7695	80001b7c	580776d3	fsqrt.s	f13,f14	 f14:0x00000000 f13=0x00000000
      76995.000 ns	      7698	80001b80	20a6a1d3	fsgnjx.s	f3,f13,f10	 f13:0xbf9b5aa0 f10:0x42900000  f3=0x00000000
      77025.000 ns	      7701	80001b84	a0681853	flt.s	x16,f16,f6	 f16:0x7fc00000  f6:0x7fc00000 x16=0x00000000
      77045.000 ns	      7703	80001b88	0158d393	srli	x7,x17,0x15	 x17:0x1e7342ab  x7=0x000000f3
      77055.000 ns	      7704	80001b8c	0002dc13	srli	x24,x5,0x0	  x5:0x00000020 x24=0x00000020
      77075.000 ns	      7706	80001b90	039cf9b3	remu	x19,x25,x25	 x25:0x00000000 x25:0x00000000 x19=0x00000000
      77115.000 ns	      7710	80001b94	182c7553	fdiv.s	f10,f24,f2	 f24:0x7fc00000  f2:0x00000000 f10=0x7fc00000
      77145.000 ns	      7713	80001b98	e0011553	fclass.s	x10,f2	  f2:0x00000000 x10=0x00000010
      77165.000 ns	      7715	80001b9c	8d782693	slti	x13,x16,-1833	 x16:0x00000000 x13=0x00000000
      77185.000 ns	      7717	80001ba0	02ad2e33	mulhsu	x28,x26,x10	 x26:0x00800000 x10:0x00000010 x28=0x00000000
      77205.000 ns	      7719	80001ba4	01a25693	srli	x13,x4,0x1a	  x4:0x04000000 x13=0x00000001
      77225.000 ns	      7721	80001ba8	02ad87b3	mul	x15,x27,x10	 x27:0x00000080 x10:0x00000010 x15=0x00000800
      77245.000 ns	      7723	80001bac	0051fab3	and	x21,x3,x5	  x3:0x00000200  x5:0x00000020 x21=0x00000000
      77255.000 ns	      7724	80001bb0	9dd0a513	slti	x10,x1,-1571	  x1:0x80000000 x10=0x00000001
      77285.000 ns	      7727	80001bb4	10e870d3	fmul.s	f1,f16,f14	 f16:0x7fc00000 f14:0x00000000  f1=0x7fc00000
      77315.000 ns	      7730	80001bb8	c0057753	fcvt.w.s	x14,f10	 f10:0x7fc00000 x14=0x7fffffff
      77345.000 ns	      7733	80001bbc	a12925d3	feq.s	x11,f18,f18	 f18:0x00000000 f18:0x00000000 x11=0x00000001
      77375.000 ns	      7736	80001bc0	d004b5d3	fcvt.s.w	f11,x9	  x9:0xf36b5400 f11=0xcd494ac0
      77405.000 ns	      7739	80001bc4	f00d0a53	fmv.w.x	f20,x26	 x26:0x00800000 f20=0x00800000
      77775.000 ns	      7776	80001bc8	03804c33	div	x24,x0,x24	  x0:0x00000000 x24:0x00000020 x24=0x00000000
      77805.000 ns	      7779	80001bcc	03368c33	mul	x24,x13,x19	 x13:0x00000001 x19:0x00000000 x24=0x00000000
      77825.000 ns	      7781	80001bd0	40118033	sub	x0,x3,x1	  x3:0x00000200  x1:0x80000000
      77835.000 ns	      7782	80001bd4	007ac4b3	xor	x9,x21,x7	 x21:0x00000000  x7:0x000000f3  x9=0x000000f3
      77855.000 ns	      7784	80001bd8	02fe3ab3	mulhu	x21,x28,x15	 x28:0x00000000 x15:0x00000800 x21=0x00000000
      77875.000 ns	      7786	80001bdc	016eae33	slt	x28,x29,x22	 x29:0x00000000 x22:0x00000000 x28=0x00000000
      77885.000 ns	      7787	80001be0	aefeb793	sltiu	x15,x29,-1297	 x29:0x00000000 x15=0x00000001
      77925.000 ns	      7791	80001be4	01514dd3	fadd.s	f27,f2,f21	  f2:0x00000000 f21:0x4a800000 f27=0x4a800000
      77945.000 ns	      7793	80001be8	40d48733	sub	x14,x9,x13	  x9:0x000000f3 x13:0x00000001 x14=0x000000f2
      77955.000 ns	      7794	80001bec	f690bb13	sltiu	x22,x1,-151	  x1:0x80000000 x22=0x00000001
      77975.000 ns	      7796	80001bf0	a05a0e53	fle.s	x28,f20,f5	 f20:0x00800000  f5:0x7fc00000 x28=0x00000000
      77995.000 ns	      7798	80001bf4	7e162f93	slti	x31,x12,2017	 x12:0x00000000 x31=0x00000001
      78025.000 ns	      7801	80001bf8	58098853	fsqrt.s	f16,f19	 f19:0x7fc00000 f16=0x7fc00000
      78055.000 ns	      7804	80001bfc	a0922953	feq.s	x18,f4,f9	  f4:0x80000000  f9:0x3f800000 x18=0x00000000
      78075.000 ns	      7806	80001c00	09098693	addi	x13,x19,144	 x19:0x00000000 x13=0x00000090
      78095.000 ns	      7808	80001c04	03da89b3	mul	x19,x21,x29	 x21:0x00000000 x29:0x00000000 x19=0x00000000
      78115.000 ns	      7810	80001c08	676661b7	lui	x3,0x67666	  x3=0x67666000
      78475.000 ns	      7846	80001c0c	034fc7b3	div	x15,x31,x20	 x31:0x00000001 x20:0x80041024 x15=0x00000000
      78495.000 ns	      7848	80001c10	00f11fb3	sll	x31,x2,x15	  x2:0x00000000 x15:0x00000001 x31=0x00000000
      78515.000 ns	      7850	80001c14	204c9553	fsgnjn.s	f10,f25,f4	 f25:0x3f800000  f4:0x80000000 f10=0x3f800000
      78535.000 ns	      7852	80001c18	01cd9193	slli	x3,x27,0x1c	 x27:0x00000080  x3=0x00000000
      78555.000 ns	      7854	80001c1c	a05c0153	fle.s	x2,f24,f5	 f24:0x7fc00000  f5:0x7fc00000  x2=0x00000000
      78585.000 ns	      7857	80001c20	c012ffd3	fcvt.wu.s	x31,f5	  f5:0x7fc00000 x31=0xffffffff
      78615.000 ns	      7860	80001c24	a1f498d3	flt.s	x17,f9,f31	  f9:0x3f800000 f31:0xffffffff x17=0x00000000
      78635.000 ns	      7862	80001c28	00993733	sltu	x14,x18,x9	 x18:0x00000000  x9:0x000000f3 x14=0x00000001
      78645.000 ns	      7863	80001c2c	cc33de97	auipc	x29,0xcc33d	 x29=0x4c33ec2c
      78675.000 ns	      7866	80001c30	18d7c2d3	fdiv.s	f5,f15,f13	 f15:0x7fc00000 f13:0x00000000  f5=0x7fc00000
      78695.000 ns	      7868	80001c34	a30c97b7	lui	x15,0xa30c9	 x15=0xa30c9000
      78705.000 ns	      7869	80001c38	01cf1f33	sll	x30,x30,x28	 x30:0x3f8006bf x28:0x00000000 x30=0x3f8006bf
      78715.000 ns	      7870	80001c3c	00000013	addi	x0,x0,0	  x0:0x00000000
      78735.000 ns	      7872	80001c40	e0040853	fmv.x.w	x16,f8	  f8:0x7fc00000 x16=0x7fc00000
      79105.000 ns	      7909	80001c44	02a2cf33	div	x30,x5,x10	  x5:0x00000020 x10:0x00000001 x30=0x00000020
      79135.000 ns	      7912	80001c48	032e13b3	mulh	x7,x28,x18	 x28:0x00000000 x18:0x00000000  x7=0x00000000
      79165.000 ns	      7915	80001c4c	29598553	fmin.s	f10,f19,f21	 f19:0x7fc00000 f21:0x4a800000 f10=0x4a800000
      79195.000 ns	      7918	80001c50	20a7a053	fsgnjx.s	f0,f15,f10	 f15:0x7fc00000 f10:0x3f800000  f0=0x7fc00000
      79235.000 ns	      7922	80001c54	119b7953	fmul.s	f18,f22,f25	 f22:0x5fcce773 f25:0x3f800000 f18=0x5fcce774
      79255.000 ns	      7924	80001c58	00495d93	srli	x27,x18,0x4	 x18:0x00000000 x27=0x00000000
      79265.000 ns	      7925	80001c5c	bc018d13	addi	x26,x3,-1088	  x3:0x00000000 x26=0xfffffbc0
      79275.000 ns	      7926	80001c60	261f2913	slti	x18,x30,609	 x30:0x00000020 x18=0x00000001
      79295.000 ns	      7928	80001c64	e00c8553	fmv.x.w	x10,f25	 f25:0x3f800000 x10=0x3f800000
      79315.000 ns	      7930	80001c68	01d0d7b3	srl	x15,x1,x29	  x1:0x80000000 x29:0x4c33ec2c x15=0x00080000
      79335.000 ns	      7932	80001c6c	a0c90c53	fle.s	x24,f18,f12	 f18:0x5fcce774 f12:0x3f800000 x24=0x00000000
      79355.000 ns	      7934	80001c70	40ee0d33	sub	x26,x28,x14	 x28:0x00000000 x14:0x00000001 x26=0xffffffff
      79375.000 ns	      7936	80001c74	c018f153	fcvt.wu.s	x2,f17	 f17:0x00000000  x2=0x00000000
      79405.000 ns	      7939	80001c78	29271553	fmax.s	f10,f14,f18	 f14:0x00000000 f18:0x5fcce774 f10=0x5fcce774
      79435.000 ns	      7942	80001c7c	d01cfc53	fcvt.s.wu	f24,x25	 x25:0x00000000 f24=0x00000000
      79465.000 ns	      7945	80001c80	039e7e33	remu	x28,x28,x25	 x28:0x00000000 x25:0x00000000 x28=0x00000000
      79495.000 ns	      7948	80001c84	a15e85d3	fle.s	x11,f29,f21	 f29:0x42900000 f21:0x4a800000 x11=0x00000001
      79525.000 ns	      7951	80001c88	20f59d53	fsgnjn.s	f26,f11,f15	 f11:0xcd494ac0 f15:0x7fc00000 f26=0xcd494ac0
      79545.000 ns	      7953	80001c8c	012c4fb3	xor	x31,x24,x18	 x24:0x00000000 x18:0x00000001 x31=0x00000001
      79555.000 ns	      7954	80001c90	000f9293	slli	x5,x31,0x0	 x31:0xffffffff  x5=0x00000001
      79565.000 ns	      7955	80001c94	f37cb393	sltiu	x7,x25,-201	 x25:0x00000000  x7=0x00000001
      79585.000 ns	      7957	80001c98	286d90d3	fmax.s	f1,f27,f6	 f27:0x4a800000  f6:0x7fc00000  f1=0x4a800000
      79615.000 ns	      7960	80001c9c	f00482d3	fmv.w.x	f5,x9	  x9:0x000000f3  f5=0x000000f3
      79985.000 ns	      7997	80001ca0	024c4fb3	div	x31,x24,x4	 x24:0x00000000  x4:0x04000000 x31=0x00000000
      80015.000 ns	      8000	80001ca4	219a17d3	fsgnjn.s	f15,f20,f25	 f20:0x00800000 f25:0x3f800000 f15=0x80800000
      80045.000 ns	      8003	80001ca8	02f53c33	mulhu	x24,x10,x15	 x10:0x3f800000 x15:0x00080000 x24=0x0001fc00
      80065.000 ns	      8005	80001cac	003233b3	sltu	x7,x4,x3	  x4:0x04000000  x3:0x00000000  x7=0x00000000
      80075.000 ns	      8006	80001cb0	1af90593	addi	x11,x18,431	 x18:0x00000001 x11=0x000001b0
      80095.000 ns	      8008	80001cb4	a18288d3	fle.s	x17,f5,f24	  f5:0x000000f3 f24:0x00000000 x17=0x00000000
      80115.000 ns	      8010	80001cb8	00171893	slli	x17,x14,0x1	 x14:0x00000001 x17=0x00000002
      80125.000 ns	      8011	80001cbc	00000013	addi	x0,x0,0	  x0:0x00000000
      80135.000 ns	      8012	80001cc0	01c5f033	and	x0,x11,x28	 x11:0x000001b0 x28:0x00000000
      80145.000 ns	      8013	80001cc4	e56cbb13	sltiu	x22,x25,-426	 x25:0x00000000 x22=0x00000001
      80165.000 ns	      8015	80001cc8	e0080953	fmv.x.w	x18,f16	 f16:0x7fc00000 x18=0x7fc00000
      80185.000 ns	      8017	80001ccc	00432233	slt	x4,x6,x4	  x6:0x00000020  x4:0x04000000  x4=0x00000001
      80205.000 ns	      8019	80001cd0	e00e0ad3	fmv.x.w	x21,f28	 f28:0x7fc00000 x21=0x7fc00000
      80235.000 ns	      8022	80001cd4	03bec833	div	x16,x29,x27	 x29:0x4c33ec2c x27:0x00000000 x16=0xffffffff
      80255.000 ns	      8024	80001cd8	16a20393	addi	x7,x4,362	  x4:0x00000001  x7=0x0000016b
      80275.000 ns	      8026	80001cdc	21e79753	fsgnjn.s	f14,f15,f30	 f15:0x80800000 f30:0x00000000 f14=0x80800000
      80305.000 ns	      8029	80001ce0	033821b3	mulhsu	x3,x16,x19	 x16:0xffffffff x19:0x00000000  x3=0x00000000
      80325.000 ns	      8031	80001ce4	01e3e5b3	or	x11,x7,x30	  x7:0x0000016b x30:0x00000020 x11=0x0000016b
      80345.000 ns	      8033	80001ce8	a19b01d3	fle.s	x3,f22,f25	 f22:0x5fcce773 f25:0x3f800000  x3=0x00000000
      80385.000 ns	      8037	80001cec	19f57f53	fdiv.s	f30,f10,f31	 f10:0x5fcce774 f31:0xffffffff f30=0x7fc00000
      80415.000 ns	      8040	80001cf0	f0038953	fmv.w.x	f18,x7	  x7:0x0000016b f18=0x0000016b
      80435.000 ns	      8042	80001cf4	b5e10513	addi	x10,x2,-1186	  x2:0x00000000 x10=0xfffffb5e
      80475.000 ns	      8046	80001cf8	08dd79d3	fsub.s	f19,f26,f13	 f26:0xcd494ac0 f13:0x00000000 f19=0xcd494ac0
      80495.000 ns	      8048	80001cfc	40c7d533	sra	x10,x15,x12	 x15:0x00080000 x12:0x00000000 x10=0x00080000
      80515.000 ns	      8050	80001d00	a1069953	flt.s	x18,f13,f16	 f13:0x00000000 f16:0x7fc00000 x18=0x00000000
      81695.000 ns	      8168	80001d04	580a93d3	fsqrt.s	f7,f21	 f21:0x4a800000  f7=0x44ffffae
      81715.000 ns	      8170	80001d08	fa4de917	auipc	x18,0xfa4de	 x18=0x7a4dfd08
      81725.000 ns	      8171	80001d0c	00b23b33	sltu	x22,x4,x11	  x4:0x00000001 x11:0x0000016b x22=0x00000001
      81765.000 ns	      8175	80001d10	09777fd3	fsub.s	f31,f14,f23	 f14:0x80800000 f23:0x7fc00000 f31=0x7fc00000
      81785.000 ns	      8177	80001d14	ea246593	ori	x11,x8,-350	  x8:0x80040fe4 x11=0xffffffe6
      81795.000 ns	      8178	80001d18	2d4ee593	ori	x11,x29,724	 x29:0x4c33ec2c x11=0x4c33eefc
      81815.000 ns	      8180	80001d1c	e00f1bd3	fclass.s	x23,f30	 f30:0x7fc00000 x23=0x00000200
      81835.000 ns	      8182	80001d20	c7c50793	addi	x15,x10,-900	 x10:0x00080000 x15=0x0007fc7c
      81855.000 ns	      8184	80001d24	c01e78d3	fcvt.wu.s	x17,f28	 f28:0x7fc00000 x17=0xffffffff
      82225.000 ns	      8221	80001d28	02684533	div	x10,x16,x6	 x16:0xffffffff  x6:0x00000020 x10=0x00000000
      82245.000 ns	      8223	80001d2c	40580533	sub	x10,x16,x5	 x16:0xffffffff  x5:0x00000001 x10=0xfffffffe
      82255.000 ns	      8224	80001d30	dfd07793	andi	x15,x0,-515	  x0:0x00000000 x15=0x00000000
      82265.000 ns	      8225	80001d34	40fe5193	srai	x3,x28,0xf	 x28:0x00000000  x3=0x00000000
      82275.000 ns	      8226	80001d38	0044d233	srl	x4,x9,x4	  x9:0x000000f3  x4:0x00000001  x4=0x00000079
      82285.000 ns	      8227	80001d3c	0169de33	srl	x28,x19,x22	 x19:0x00000000 x22:0x00000001 x28=0x00000000
      82305.000 ns	      8229	80001d40	e00892d3	fclass.s	x5,f17	 f17:0x00000000  x5=0x00000010
      82675.000 ns	      8266	80001d44	037ac9b3	div	x19,x21,x23	 x21:0x7fc00000 x23:0x00000200 x19=0x003fe000
      82705.000 ns	      8269	80001d48	20b684d3	fsgnj.s	f9,f13,f11	 f13:0x00000000 f11:0xcd494ac0  f9=0x80000000
      83075.000 ns	      8306	80001d4c	03dcd4b3	divu	x9,x25,x29	 x25:0x00000000 x29:0x4c33ec2c  x9=0x00000000
      83115.000 ns	      8310	80001d50	11694d53	fmul.s	f26,f18,f22	 f18:0x0000016b f22:0x5fcce773 f26=0x19914619
      83135.000 ns	      8312	80001d54	406886b3	sub	x13,x17,x6	 x17:0xffffffff  x6:0x00000020 x13=0xffffffdf
      83145.000 ns	      8313	80001d58	797a8693	addi	x13,x21,1943	 x21:0x7fc00000 x13=0x7fc00797
      83155.000 ns	      8314	80001d5c	4fa34593	xori	x11,x6,1274	  x6:0x00000020 x11=0x000004da
      83175.000 ns	      8316	80001d60	03351533	mulh	x10,x10,x19	 x10:0xfffffffe x19:0x003fe000 x10=0xffffffff
      83205.000 ns	      8319	80001d64	036cbdb3	mulhu	x27,x25,x22	 x25:0x00000000 x22:0x00000001 x27=0x00000000
      83235.000 ns	      8322	80001d68	211d9cd3	fsgnjn.s	f25,f27,f17	 f27:0x4a800000 f17:0x00000000 f25=0xca800000
      83255.000 ns	      8324	80001d6c	01ea5e93	srli	x29,x20,0x1e	 x20:0x80041024 x29=0x00000002
      83275.000 ns	      8326	80001d70	d007fed3	fcvt.s.w	f29,x15	 x15:0x00000000 f29=0x00000000
      83305.000 ns	      8329	80001d74	f00e8ad3	fmv.w.x	f21,x29	 x29:0x4c33ec2c f21=0x00000002
      83325.000 ns	      8331	80001d78	01f0b7b3	sltu	x15,x1,x31	  x1:0x80000000 x31:0x00000000 x15=0x00000000
      83345.000 ns	      8333	80001d7c	c00f78d3	fcvt.w.s	x17,f30	 f30:0x7fc00000 x17=0x7fffffff
      83365.000 ns	      8335	80001d80	019f6133	or	x2,x30,x25	 x30:0x00000020 x25:0x00000000  x2=0x00000020
      83725.000 ns	      8371	80001d84	0287e7b3	rem	x15,x15,x8	 x15:0x00000000  x8:0x80040fe4 x15=0x00000000
      83745.000 ns	      8373	80001d88	1c02e293	ori	x5,x5,448	  x5:0x00000010  x5=0x000001d0
      83765.000 ns	      8375	80001d8c	a12d1cd3	flt.s	x25,f26,f18	 f26:0x19914619 f18:0x0000016b x25=0x00000000
      83785.000 ns	      8377	80001d90	00000013	addi	x0,x0,0	  x0:0x00000000
      83795.000 ns	      8378	80001d94	4cd1f913	andi	x18,x3,1229	  x3:0x00000000 x18=0x00000000
      83805.000 ns	      8379	80001d98	00e5b933	sltu	x18,x11,x14	 x11:0x000004da x14:0x00000001 x18=0x00000000
      83825.000 ns	      8381	80001d9c	d00e7c53	fcvt.s.w	f24,x28	 x28:0x00000000 f24=0x00000000
      83855.000 ns	      8384	80001da0	c003ae53	fcvt.w.s	x28,f7	  f7:0x44ffffae x28=0x000007ff
      83875.000 ns	      8386	80001da4	0157d9b3	srl	x19,x15,x21	 x15:0x00000000 x21:0x7fc00000 x19=0x00000000
      83895.000 ns	      8388	80001da8	e00b1353	fclass.s	x6,f22	 f22:0x5fcce773  x6=0x00000040
      84265.000 ns	      8425	80001dac	03a6d033	divu	x0,x13,x26	 x13:0x7fc00797 x26:0xffffffff
      84295.000 ns	      8428	80001db0	e00d09d3	fmv.x.w	x19,f26	 f26:0x19914619 x19=0x19914619
      84325.000 ns	      8431	80001db4	02050933	mul	x18,x10,x0	 x10:0xffffffff  x0:0x00000000 x18=0x00000000
      84345.000 ns	      8433	80001db8	00b53333	sltu	x6,x10,x11	 x10:0xffffffff x11:0x000004da  x6=0x00000000
      84355.000 ns	      8434	80001dbc	55caf993	andi	x19,x21,1372	 x21:0x7fc00000 x19=0x00000000
      84375.000 ns	      8436	80001dc0	027cbeb3	mulhu	x29,x25,x7	 x25:0x00000000  x7:0x0000016b x29=0x00000000
      84405.000 ns	      8439	80001dc4	d0102bd3	fcvt.s.wu	f23,x0	  x0:0x00000000 f23=0x00000000
      84435.000 ns	      8442	80001dc8	212daf53	fsgnjx.s	f30,f27,f18	 f27:0x4a800000 f18:0x0000016b f30=0x4a800000
      84455.000 ns	      8444	80001dcc	00bfd293	srli	x5,x31,0xb	 x31:0x00000000  x5=0x00000000
      84475.000 ns	      8446	80001dd0	a1ab0353	fle.s	x6,f22,f26	 f22:0x5fcce773 f26:0x19914619  x6=0x00000000
      84495.000 ns	      8448	80001dd4	01819133	sll	x2,x3,x24	  x3:0x00000000 x24:0x0001fc00  x2=0x00000000
      84515.000 ns	      8450	80001dd8	a0229cd3	flt.s	x25,f5,f2	  f5:0x000000f3  f2:0x00000000 x25=0x00000000
      84535.000 ns	      8452	80001ddc	00cd4eb3	xor	x29,x26,x12	 x26:0xffffffff x12:0x00000000 x29=0xffffffff
      84555.000 ns	      8454	80001de0	03d40b33	mul	x22,x8,x29	  x8:0x80040fe4 x29:0x00000000 x22=0x7ffbf01c
      84605.000 ns	      8459	80001de4	08d901d3	fsub.s	f3,f18,f13	 f18:0x0000016b f13:0x00000000  f3=0x0000016b
      85785.000 ns	      8577	80001de8	5801c8d3	fsqrt.s	f17,f3	  f3:0x00000000 f17=0x1f350684
      85835.000 ns	      8582	80001dec	0042a7d3	fadd.s	f15,f5,f4	  f5:0x000000f3  f4:0x80000000 f15=0x000000f3
      85865.000 ns	      8585	80001df0	a09c1953	flt.s	x18,f24,f9	 f24:0x00000000  f9:0x80000000 x18=0x00000000
      85885.000 ns	      8587	80001df4	4dd03d13	sltiu	x26,x0,1245	  x0:0x00000000 x26=0x00000001
      85895.000 ns	      8588	80001df8	403dd113	srai	x2,x27,0x3	 x27:0x00000000  x2=0x00000000
      85915.000 ns	      8590	80001dfc	a1f206d3	fle.s	x13,f4,f31	  f4:0x80000000 f31:0x7fc00000 x13=0x00000000
      85935.000 ns	      8592	80001e00	01491293	slli	x5,x18,0x14	 x18:0x00000000  x5=0x00000000
      85975.000 ns	      8596	80001e04	085d75d3	fsub.s	f11,f26,f5	 f26:0x19914619  f5:0x000000f3 f11=0x19914619
      86005.000 ns	      8599	80001e08	02d17eb3	remu	x29,x2,x13	  x2:0x00000000 x13:0x00000000 x29=0x00000000
      86025.000 ns	      8601	80001e0c	9a572713	slti	x14,x14,-1627	 x14:0x00000001 x14=0x00000000
      86035.000 ns	      8602	80001e10	016f5033	srl	x0,x30,x22	 x30:0x00000020 x22:0x7ffbf01c
      86065.000 ns	      8605	80001e14	11b47853	fmul.s	f16,f8,f27	  f8:0x7fc00000 f27:0x4a800000 f16=0x7fc00000
      86095.000 ns	      8608	80001e18	02240633	mul	x12,x8,x2	  x8:0x80040fe4  x2:0x00000000 x12=0x00000000
      86465.000 ns	      8645	80001e1c	03666e33	rem	x28,x12,x22	 x12:0x00000000 x22:0x7ffbf01c x28=0x00000000
      86485.000 ns	      8647	80001e20	41bb05b3	sub	x11,x22,x27	 x22:0x7ffbf01c x27:0x00000000 x11=0x7ffbf01c
      86505.000 ns	      8649	80001e24	20649553	fsgnjn.s	f10,f9,f6	  f9:0x80000000  f6:0x7fc00000 f10=0x80000000
      86535.000 ns	      8652	80001e28	02386b33	rem	x22,x16,x3	 x16:0xffffffff  x3:0x00000000 x22=0xffffffff
      86555.000 ns	      8654	80001e2c	19bf4cb7	lui	x25,0x19bf4	 x25=0x19bf4000
      86595.000 ns	      8658	80001e30	017575d3	fadd.s	f11,f10,f23	 f10:0x80000000 f23:0x00000000 f11=0x00000000
      86615.000 ns	      8660	80001e34	005f72b3	and	x5,x30,x5	 x30:0x00000020  x5:0x00000000  x5=0x00000000
      86625.000 ns	      8661	80001e38	4029df13	srai	x30,x19,0x2	 x19:0x00000000 x30=0x00000000
      86635.000 ns	      8662	80001e3c	41a4ddb3	sra	x27,x9,x26	  x9:0x00000000 x26:0x00000001 x27=0x00000000
      86645.000 ns	      8663	80001e40	7e0d4937	lui	x18,0x7e0d4	 x18=0x7e0d4000
      86665.000 ns	      8665	80001e44	e00e9853	fclass.s	x16,f29	 f29:0x00000000 x16=0x00000010
      86695.000 ns	      8668	80001e48	02e62d33	mulhsu	x26,x12,x14	 x12:0x00000000 x14:0x00000000 x26=0x00000000
      86725.000 ns	      8671	80001e4c	02587033	remu	x0,x16,x5	 x16:0x00000010  x5:0x00000000
      86755.000 ns	      8674	80001e50	a0779f53	flt.s	x30,f15,f7	 f15:0x000000f3  f7:0x44ffffae x30=0x00000001
      86785.000 ns	      8677	80001e54	21f61353	fsgnjn.s	f6,f12,f31	 f12:0x3f800000 f31:0x7fc00000  f6=0xbf800000
      86805.000 ns	      8679	80001e58	41a652b3	sra	x5,x12,x26	 x12:0x00000000 x26:0x00000000  x5=0x00000000
      86825.000 ns	      8681	80001e5c	c01c7ed3	fcvt.wu.s	x29,f24	 f24:0x00000000 x29=0x00000000
      87195.000 ns	      8718	80001e60	038a53b3	divu	x7,x20,x24	 x20:0x80041024 x24:0x0001fc00  x7=0x00004083
      87215.000 ns	      8720	80001e64	01d0d693	srli	x13,x1,0x1d	  x1:0x80000000 x13=0x00000004
      87225.000 ns	      8721	80001e68	016762b3	or	x5,x14,x22	 x14:0x00000000 x22:0xffffffff  x5=0xffffffff
      87245.000 ns	      8723	80001e6c	c01f7953	fcvt.wu.s	x18,f30	 f30:0x4a800000 x18=0x00400000
      87295.000 ns	      8728	80001e70	01ab13d3	fadd.s	f7,f22,f26	 f22:0x5fcce773 f26:0x19914619  f7=0x5fcce773
      87315.000 ns	      8730	80001e74	0067eab3	or	x21,x15,x6	 x15:0x00000000  x6:0x00000000 x21=0x00000000
      87325.000 ns	      8731	80001e78	8decb713	sltiu	x14,x25,-1826	 x25:0x19bf4000 x14=0x00000001
      87345.000 ns	      8733	80001e7c	c0107253	fcvt.wu.s	x4,f0	  f0:0x7fc00000  x4=0xffffffff
      87375.000 ns	      8736	80001e80	038e2233	mulhsu	x4,x28,x24	 x28:0x00000000 x24:0x0001fc00  x4=0x00000000
      87405.000 ns	      8739	80001e84	d001f153	fcvt.s.w	f2,x3	  x3:0x00000000  f2=0x00000000
      87425.000 ns	      8741	80001e88	0690cc93	xori	x25,x1,105	  x1:0x80000000 x25=0x80000069
      87445.000 ns	      8743	80001e8c	a18905d3	fle.s	x11,f18,f24	 f18:0x0000016b f24:0x00000000 x11=0x00000000
      87475.000 ns	      8746	80001e90	e00c11d3	fclass.s	x3,f24	 f24:0x00000000  x3=0x00000010
      87505.000 ns	      8749	80001e94	a1c993d3	flt.s	x7,f19,f28	 f19:0xcd494ac0 f28:0x7fc00000  x7=0x00000000
      87535.000 ns	      8752	80001e98	29309753	fmax.s	f14,f1,f19	  f1:0x4a800000 f19:0xcd494ac0 f14=0x4a800000
      87555.000 ns	      8754	80001e9c	01f49d93	slli	x27,x9,0x1f	  x9:0x00000000 x27=0x00000000
      87915.000 ns	      8790	80001ea0	02544e33	div	x28,x8,x5	  x8:0x80040fe4  x5:0xffffffff x28=0x7ffbf01c
      87965.000 ns	      8795	80001ea4	007c0ed3	fadd.s	f29,f24,f7	 f24:0x00000000  f7:0x5fcce773 f29=0x5fcce773
      88005.000 ns	      8799	80001ea8	11d39553	fmul.s	f10,f7,f29	  f7:0x5fcce773 f29:0x00000000 f10=0x7f800000
      88035.000 ns	      8802	80001eac	209619d3	fsgnjn.s	f19,f12,f9	 f12:0x3f800000  f9:0x80000000 f19=0x3f800000
      88055.000 ns	      8804	80001eb0	008896b3	sll	x13,x17,x8	 x17:0x7fffffff  x8:0x80040fe4 x13=0xfffffff0
      88075.000 ns	      8806	80001eb4	f00a86d3	fmv.w.x	f13,x21	 x21:0x00000000 f13=0x00000000
      88105.000 ns	      8809	80001eb8	e0078cd3	fmv.x.w	x25,f15	 f15:0x000000f3 x25=0x000000f3
      88135.000 ns	      8812	80001ebc	020e85b3	mul	x11,x29,x0	 x29:0x00000000  x0:0x00000000 x11=0x00000000
      88165.000 ns	      8815	80001ec0	02c666b3	rem	x13,x12,x12	 x12:0x00000000 x12:0x00000000 x13=0x00000000
      88205.000 ns	      8819	80001ec4	10adf5d3	fmul.s	f11,f27,f10	 f27:0x4a800000 f10:0x7f800000 f11=0x7f800000
      88225.000 ns	      8821	80001ec8	00000013	addi	x0,x0,0	  x0:0x00000000
      88245.000 ns	      8823	80001ecc	03522c33	mulhsu	x24,x4,x21	  x4:0x00000000 x21:0x00000000 x24=0x00000000
      88285.000 ns	      8827	80001ed0	10de7b53	fmul.s	f22,f28,f13	 f28:0x7fc00000 f13:0x00000000 f22=0x7fc00000
      88315.000 ns	      8830	80001ed4	035ff333	remu	x6,x31,x21	 x31:0x00000000 x21:0x00000000  x6=0x00000000
      88345.000 ns	      8833	80001ed8	29ff8a53	fmin.s	f20,f31,f31	 f31:0x7fc00000 f31:0x7fc00000 f20=0x7fc00000
      88375.000 ns	      8836	80001edc	a1ba88d3	fle.s	x17,f21,f27	 f21:0x00000002 f27:0x4a800000 x17=0x00000001
      88405.000 ns	      8839	80001ee0	03a87633	remu	x12,x16,x26	 x16:0x00000010 x26:0x00000000 x12=0x00000010
      88435.000 ns	      8842	80001ee4	a0f32e53	feq.s	x28,f6,f15	  f6:0xbf800000 f15:0x000000f3 x28=0x00000000
      88465.000 ns	      8845	80001ee8	d00c7753	fcvt.s.w	f14,x24	 x24:0x00000000 f14=0x00000000
      88485.000 ns	      8847	80001eec	00956f33	or	x30,x10,x9	 x10:0xffffffff  x9:0x00000000 x30=0xffffffff
      88505.000 ns	      8849	80001ef0	d01d8c53	fcvt.s.wu	f24,x27	 x27:0x00000000 f24=0x00000000
      88525.000 ns	      8851	80001ef4	8f4ecb13	xori	x22,x29,-1804	 x29:0x00000000 x22=0xfffff8f4
      88535.000 ns	      8852	80001ef8	01385993	srli	x19,x16,0x13	 x16:0x00000010 x19=0x00000000
      88555.000 ns	      8854	80001efc	21611053	fsgnjn.s	f0,f2,f22	  f2:0x00000000 f22:0x7fc00000  f0=0x80000000
      88585.000 ns	      8857	80001f00	02740eb3	mul	x29,x8,x7	  x8:0x80040fe4  x7:0x00000000 x29=0x00000000
      88605.000 ns	      8859	80001f04	ee9fb593	sltiu	x11,x31,-279	 x31:0x00000000 x11=0x00000001
      88615.000 ns	      8860	80001f08	0139e5b3	or	x11,x19,x19	 x19:0x00000000 x19:0x00000000 x11=0x00000000
      88625.000 ns	      8861	80001f0c	c17a3893	sltiu	x17,x20,-1001	 x20:0x80041024 x17=0x00000001
      88645.000 ns	      8863	80001f10	026e6933	rem	x18,x28,x6	 x28:0x00000000  x6:0x00000000 x18=0x00000000
      88675.000 ns	      8866	80001f14	c0097bd3	fcvt.w.s	x23,f18	 f18:0x0000016b x23=0x00000000
      88705.000 ns	      8869	80001f18	291d1fd3	fmax.s	f31,f26,f17	 f26:0x19914619 f17:0x1f350684 f31=0x1f350684
      88735.000 ns	      8872	80001f1c	c00f7053	fcvt.w.s	x0,f30	 f30:0x4a800000
      88765.000 ns	      8875	80001f20	c00efdd3	fcvt.w.s	x27,f29	 f29:0x5fcce773 x27=0x7fffffff
      88785.000 ns	      8877	80001f24	40dd5d93	srai	x27,x26,0xd	 x26:0x00000000 x27=0x00000000
      88805.000 ns	      8879	80001f28	a0d3a053	feq.s	x0,f7,f13	  f7:0x5fcce773 f13:0x00000000
      88825.000 ns	      8881	80001f2c	40d25713	srai	x14,x4,0xd	  x4:0x00000000 x14=0x00000000
      88835.000 ns	      8882	80001f30	01458733	add	x14,x11,x20	 x11:0x00000000 x20:0x80041024 x14=0x80041024
      88845.000 ns	      8883	80001f34	408a83b3	sub	x7,x21,x8	 x21:0x00000000  x8:0x80040fe4  x7=0x7ffbf01c
      88865.000 ns	      8885	80001f38	217e97d3	fsgnjn.s	f15,f29,f23	 f29:0x5fcce773 f23:0x00000000 f15=0xdfcce773
      88895.000 ns	      8888	80001f3c	03279633	mulh	x12,x15,x18	 x15:0x00000000 x18:0x00000000 x12=0x00000000
      88915.000 ns	      8890	80001f40	01e997b3	sll	x15,x19,x30	 x19:0x00000000 x30:0xffffffff x15=0x00000000
      88935.000 ns	      8892	80001f44	28b70853	fmin.s	f16,f14,f11	 f14:0x00000000 f11:0x7f800000 f16=0x00000000
      88955.000 ns	      8894	80001f48	0aeeaf13	slti	x30,x29,174	 x29:0x00000000 x30=0x00000001
      88965.000 ns	      8895	80001f4c	4067df93	srai	x31,x15,0x6	 x15:0x00000000 x31=0x00000000
      89325.000 ns	      8931	80001f50	02314f33	div	x30,x2,x3	  x2:0x00000000  x3:0x00000010 x30=0x00000000
      89365.000 ns	      8935	80001f54	19eb7a53	fdiv.s	f20,f22,f30	 f22:0x7fc00000 f30:0x4a800000 f20=0x7fc00000
      89395.000 ns	      8938	80001f58	e00d1953	fclass.s	x18,f26	 f26:0x19914619 x18=0x00000040
      90575.000 ns	      9056	80001f5c	580e88d3	fsqrt.s	f17,f29	 f29:0x5fcce773 f17=0x4fa1f321
      90595.000 ns	      9058	80001f60	12624513	xori	x10,x4,294	  x4:0x00000000 x10=0x00000126
      90615.000 ns	      9060	80001f64	212ea253	fsgnjx.s	f4,f29,f18	 f29:0x5fcce773 f18:0x0000016b  f4=0x5fcce773
      90645.000 ns	      9063	80001f68	e0070cd3	fmv.x.w	x25,f14	 f14:0x00000000 x25=0x00000000
      90665.000 ns	      9065	80001f6c	012a9d13	slli	x26,x21,0x12	 x21:0x00000000 x26=0x00000000
      90685.000 ns	      9067	80001f70	21412d53	fsgnjx.s	f26,f2,f20	  f2:0x00000000 f20:0x7fc00000 f26=0x00000000
      90715.000 ns	      9070	80001f74	a1a81353	flt.s	x6,f16,f26	 f16:0x00000000 f26:0x19914619  x6=0x00000000
      90745.000 ns	      9073	80001f78	210710d3	fsgnjn.s	f1,f14,f16	 f14:0x00000000 f16:0x00000000  f1=0x80000000
      90765.000 ns	      9075	80001f7c	41f50233	sub	x4,x10,x31	 x10:0x00000126 x31:0x00000000  x4=0x00000126
      90775.000 ns	      9076	80001f80	b5572a93	slti	x21,x14,-1195	 x14:0x80041024 x21=0x00000001
      90785.000 ns	      9077	80001f84	00000013	addi	x0,x0,0	  x0:0x00000000
      90795.000 ns	      9078	80001f88	010b4eb3	xor	x29,x22,x16	 x22:0xfffff8f4 x16:0x00000010 x29=0xfffff8e4
      90805.000 ns	      9079	80001f8c	016f1ab3	sll	x21,x30,x22	 x30:0x00000000 x22:0xfffff8f4 x21=0x00000000
      90815.000 ns	      9080	80001f90	01223db3	sltu	x27,x4,x18	  x4:0x00000126 x18:0x00000040 x27=0x00000000
      90835.000 ns	      9082	80001f94	a0318b53	fle.s	x22,f3,f3	  f3:0x0000016b  f3:0x0000016b x22=0x00000001
      90865.000 ns	      9085	80001f98	28309dd3	fmax.s	f27,f1,f3	  f1:0x80000000  f3:0x0000016b f27=0x0000016b
      90885.000 ns	      9087	80001f9c	01ef6833	or	x16,x30,x30	 x30:0x00000000 x30:0x00000000 x16=0x00000000
      90895.000 ns	      9088	80001fa0	413ad9b3	sra	x19,x21,x19	 x21:0x00000000 x19:0x00000000 x19=0x00000000
      90915.000 ns	      9090	80001fa4	03db37b3	mulhu	x15,x22,x29	 x22:0x00000001 x29:0xfffff8e4 x15=0x00000000
      90945.000 ns	      9093	80001fa8	c0132d53	fcvt.wu.s	x26,f6	  f6:0xbf800000 x26=0x00000001
      90975.000 ns	      9096	80001fac	c01bb953	fcvt.wu.s	x18,f23	 f23:0x00000000 x18=0x00000000
      91345.000 ns	      9133	80001fb0	027377b3	remu	x15,x6,x7	  x6:0x00000000  x7:0x7ffbf01c x15=0x00000000
      91365.000 ns	      9135	80001fb4	00f14733	xor	x14,x2,x15	  x2:0x00000000 x15:0x00000000 x14=0x00000000
      91375.000 ns	      9136	80001fb8	00d77233	and	x4,x14,x13	 x14:0x80041024 x13:0x00000000  x4=0x00000000
      91395.000 ns	      9138	80001fbc	021ba6b3	mulhsu	x13,x23,x1	 x23:0x00000000  x1:0x80000000 x13=0x00000000
      91415.000 ns	      9140	80001fc0	018879b3	and	x19,x16,x24	 x16:0x00000000 x24:0x00000000 x19=0x00000000
      91435.000 ns	      9142	80001fc4	a18484d3	fle.s	x9,f9,f24	  f9:0x80000000 f24:0x00000000  x9=0x00000001
      91465.000 ns	      9145	80001fc8	e0079253	fclass.s	x4,f15	 f15:0xdfcce773  x4=0x00000002
      91485.000 ns	      9147	80001fcc	7444b113	sltiu	x2,x9,1860	  x9:0x00000001  x2=0x00000001
      91525.000 ns	      9151	80001fd0	09d070d3	fsub.s	f1,f0,f29	  f0:0x80000000 f29:0x5fcce773  f1=0xdfcce773
      91545.000 ns	      9153	80001fd4	01193033	sltu	x0,x18,x17	 x18:0x00000000 x17:0x00000001
      91585.000 ns	      9157	80001fd8	000827d3	fadd.s	f15,f16,f0	 f16:0x00000000  f0:0x80000000 f15=0x80000000
      91605.000 ns	      9159	80001fdc	002cf6b3	and	x13,x25,x2	 x25:0x00000000  x2:0x00000001 x13=0x00000000
      91625.000 ns	      9161	80001fe0	281d1353	fmax.s	f6,f26,f1	 f26:0x00000000  f1:0xdfcce773  f6=0x00000000
      91665.000 ns	      9165	80001fe4	199b73d3	fdiv.s	f7,f22,f25	 f22:0x7fc00000 f25:0xca800000  f7=0x7fc00000
      91685.000 ns	      9167	80001fe8	5b437d13	andi	x26,x6,1460	  x6:0x00000000 x26=0x00000000
      91705.000 ns	      9169	80001fec	298a97d3	fmax.s	f15,f21,f24	 f21:0x00000002 f24:0x00000000 f15=0x00000002
      91735.000 ns	      9172	80001ff0	e00318d3	fclass.s	x17,f6	  f6:0x00000000 x17=0x00000010
      91775.000 ns	      9176	80001ff4	580bf453	fsqrt.s	f8,f23	 f23:0x00000000  f8=0x00000000
      91795.000 ns	      9178	80001ff8	3d60f113	andi	x2,x1,982	  x1:0x80000000  x2=0x00000000
      92125.000 ns	      9211	80001ffc	19279953	fdiv.s	f18,f15,f18	 f15:0x00000002 f18:0x0000016b f18=0x3434b4b6
      92145.000 ns	      9213	80002000	00b1dbb3	srl	x23,x3,x11	  x3:0x00000010 x11:0x00000000 x23=0x00000010
      92165.000 ns	      9215	80002004	e00592d3	fclass.s	x5,f11	 f11:0x7f800000  x5=0x00000080
      92535.000 ns	      9252	80002008	0360f8b3	remu	x17,x1,x22	  x1:0x80000000 x22:0x00000001 x17=0x00000000
      92555.000 ns	      9254	8000200c	a3c44d17	auipc	x26,0xa3c44	 x26=0x23c4600c
      92565.000 ns	      9255	80002010	414b5c13	srai	x24,x22,0x14	 x22:0x00000001 x24=0x00000000
      92575.000 ns	      9256	80002014	e3a43e93	sltiu	x29,x8,-454	  x8:0x80040fe4 x29=0x00000001
      92595.000 ns	      9258	80002018	d00889d3	fcvt.s.w	f19,x17	 x17:0x00000000 f19=0x00000000
      92615.000 ns	      9260	8000201c	010f6e33	or	x28,x30,x16	 x30:0x00000000 x16:0x00000000 x28=0x00000000
      92625.000 ns	      9261	80002020	006179b3	and	x19,x2,x6	  x2:0x00000000  x6:0x00000000 x19=0x00000000
      92635.000 ns	      9262	80002024	db2b2d13	slti	x26,x22,-590	 x22:0x00000001 x26=0x00000000
      92655.000 ns	      9264	80002028	d013fed3	fcvt.s.wu	f29,x7	  x7:0x7ffbf01c f29=0x4efff7e0
      92685.000 ns	      9267	8000202c	f00583d3	fmv.w.x	f7,x11	 x11:0x00000000  f7=0x00000000
      92715.000 ns	      9270	80002030	0353a4b3	mulhsu	x9,x7,x21	  x7:0x7ffbf01c x21:0x00000000  x9=0x00000000
      92745.000 ns	      9273	80002034	e00f96d3	fclass.s	x13,f31	 f31:0x1f350684 x13=0x00000040
      92765.000 ns	      9275	80002038	01677db3	and	x27,x14,x22	 x14:0x00000000 x22:0x00000001 x27=0x00000000
      92785.000 ns	      9277	8000203c	02c67733	remu	x14,x12,x12	 x12:0x00000000 x12:0x00000000 x14=0x00000000
      92815.000 ns	      9280	80002040	03092b33	mulhsu	x22,x18,x16	 x18:0x00000000 x16:0x00000000 x22=0x00000000
      92845.000 ns	      9283	80002044	02296033	rem	x0,x18,x2	 x18:0x00000000  x2:0x00000000
      92865.000 ns	      9285	80002048	007f6e33	or	x28,x30,x7	 x30:0x00000000  x7:0x7ffbf01c x28=0x7ffbf01c
      92875.000 ns	      9286	8000204c	7375cb93	xori	x23,x11,1847	 x11:0x00000000 x23=0x00000737
      92885.000 ns	      9287	80002050	949e7113	andi	x2,x28,-1719	 x28:0x00000000  x2=0x7ffbf008
      92895.000 ns	      9288	80002054	015d9013	slli	x0,x27,0x15	 x27:0x00000000
      92905.000 ns	      9289	80002058	01493d33	sltu	x26,x18,x20	 x18:0x00000000 x20:0x80041024 x26=0x00000001
      92925.000 ns	      9291	8000205c	21d702d3	fsgnj.s	f5,f14,f29	 f14:0x00000000 f29:0x4efff7e0  f5=0x00000000
      92955.000 ns	      9294	80002060	294d09d3	fmin.s	f19,f26,f20	 f26:0x00000000 f20:0x7fc00000 f19=0x00000000
      92975.000 ns	      9296	80002064	00000013	addi	x0,x0,0	  x0:0x00000000
      92995.000 ns	      9298	80002068	29f69053	fmax.s	f0,f13,f31	 f13:0x00000000 f31:0x1f350684  f0=0x1f350684
      93025.000 ns	      9301	8000206c	03ece333	rem	x6,x25,x30	 x25:0x00000000 x30:0x00000000  x6=0x00000000
      93045.000 ns	      9303	80002070	434df893	andi	x17,x27,1076	 x27:0x00000000 x17=0x00000000
      93055.000 ns	      9304	80002074	55fa2d93	slti	x27,x20,1375	 x20:0x80041024 x27=0x00000001
      93075.000 ns	      9306	80002078	03c707b3	mul	x15,x14,x28	 x14:0x00000000 x28:0x7ffbf01c x15=0x00000000
      93445.000 ns	      9343	8000207c	021555b3	divu	x11,x10,x1	 x10:0x00000126  x1:0x80000000 x11=0x00000000
      93475.000 ns	      9346	80002080	0296fbb3	remu	x23,x13,x9	 x13:0x00000040  x9:0x00000000 x23=0x00000040
      93505.000 ns	      9349	80002084	a03a8f53	fle.s	x30,f21,f3	 f21:0x00000002  f3:0x0000016b x30=0x00000001
      93525.000 ns	      9351	80002088	519c8493	addi	x9,x25,1305	 x25:0x00000000  x9=0x00000519
      93885.000 ns	      9387	8000208c	02dfd133	divu	x2,x31,x13	 x31:0x00000000 x13:0x00000040  x2=0x00000000
      94255.000 ns	      9424	80002090	0371f2b3	remu	x5,x3,x23	  x3:0x00000010 x23:0x00000040  x5=0x00000010
      94285.000 ns	      9427	80002094	20b9a053	fsgnjx.s	f0,f19,f11	 f19:0x00000000 f11:0x7f800000  f0=0x00000000
      94315.000 ns	      9430	80002098	f00d0753	fmv.w.x	f14,x26	 x26:0x00000001 f14=0x00000001
      94335.000 ns	      9432	8000209c	ecc23993	sltiu	x19,x4,-308	  x4:0x00000002 x19=0x00000001
      94345.000 ns	      9433	800020a0	83484e93	xori	x29,x16,-1996	 x16:0x00000000 x29=0xfffff834
      94355.000 ns	      9434	800020a4	01447633	and	x12,x8,x20	  x8:0x80040fe4 x20:0x80041024 x12=0x80040024
      94715.000 ns	      9470	800020a8	037b73b3	remu	x7,x22,x23	 x22:0x00000000 x23:0x00000040  x7=0x00000000
      94735.000 ns	      9472	800020ac	007b5ab3	srl	x21,x22,x7	 x22:0x00000000  x7:0x7ffbf01c x21=0x00000000
      94745.000 ns	      9473	800020b0	01c01db3	sll	x27,x0,x28	  x0:0x00000000 x28:0x7ffbf01c x27=0x00000000
      94755.000 ns	      9474	800020b4	8c0e6893	ori	x17,x28,-1856	 x28:0x7ffbf01c x17=0xfffff8dc
      94765.000 ns	      9475	800020b8	b0320197	auipc	x3,0xb0320	  x3=0x303220b8
      94775.000 ns	      9476	800020bc	0051e8b3	or	x17,x3,x5	  x3:0x00000010  x5:0x00000010 x17=0x303220b8
      94785.000 ns	      9477	800020c0	00d6de13	srli	x28,x13,0xd	 x13:0x00000040 x28=0x00000000
      94795.000 ns	      9478	800020c4	14982313	slti	x6,x16,329	 x16:0x00000000  x6=0x00000001
      94815.000 ns	      9480	800020c8	c0070553	fcvt.w.s	x10,f14	 f14:0x00000001 x10=0x00000000
      94845.000 ns	      9483	800020cc	a17683d3	fle.s	x7,f13,f23	 f13:0x00000000 f23:0x00000000  x7=0x00000001
      94875.000 ns	      9486	800020d0	f0050553	fmv.w.x	f10,x10	 x10:0x00000000 f10=0x00000000
      94895.000 ns	      9488	800020d4	d97cd017	auipc	x0,0xd97cd	
      94905.000 ns	      9489	800020d8	0164f033	and	x0,x9,x22	  x9:0x00000519 x22:0x00000000
      94925.000 ns	      9491	800020dc	203d9353	fsgnjn.s	f6,f27,f3	 f27:0x0000016b  f3:0x0000016b  f6=0x8000016b
      94975.000 ns	      9496	800020e0	00991653	fadd.s	f12,f18,f9	 f18:0x3434b4b6  f9:0x80000000 f12=0x3434b4b6
      95005.000 ns	      9499	800020e4	0256b533	mulhu	x10,x13,x5	 x13:0x00000040  x5:0x00000010 x10=0x00000000
      95025.000 ns	      9501	800020e8	00000013	addi	x0,x0,0	  x0:0x00000000
      95035.000 ns	      9502	800020ec	00281cb3	sll	x25,x16,x2	 x16:0x00000000  x2:0x00000000 x25=0x00000000
      95065.000 ns	      9505	800020f0	19723bd3	fdiv.s	f23,f4,f23	  f4:0x5fcce773 f23:0x00000000 f23=0x7f800000
      95095.000 ns	      9508	800020f4	291b15d3	fmax.s	f11,f22,f17	 f22:0x7fc00000 f17:0x4fa1f321 f11=0x4fa1f321
      95115.000 ns	      9510	800020f8	00000013	addi	x0,x0,0	  x0:0x00000000
      95125.000 ns	      9511	800020fc	006647b3	xor	x15,x12,x6	 x12:0x80040024  x6:0x00000001 x15=0x80040025
      95145.000 ns	      9513	80002100	283109d3	fmin.s	f19,f2,f3	  f2:0x00000000  f3:0x0000016b f19=0x00000000
      95175.000 ns	      9516	80002104	e00292d3	fclass.s	x5,f5	  f5:0x00000000  x5=0x00000010
      95205.000 ns	      9519	80002108	a0e98853	fle.s	x16,f19,f14	 f19:0x00000000 f14:0x00000001 x16=0x00000001
      95225.000 ns	      9521	8000210c	b2cde213	ori	x4,x27,-1236	 x27:0x00000000  x4=0xfffffb2c
      95245.000 ns	      9523	80002110	a1318b53	fle.s	x22,f3,f19	  f3:0x0000016b f19:0x00000000 x22=0x00000000
      95275.000 ns	      9526	80002114	03680bb3	mul	x23,x16,x22	 x16:0x00000001 x22:0x00000000 x23=0x00000000
      95645.000 ns	      9563	80002118	02556ab3	rem	x21,x10,x5	 x10:0x00000000  x5:0x00000010 x21=0x00000000
      95675.000 ns	      9566	8000211c	c01a7cd3	fcvt.wu.s	x25,f20	 f20:0x7fc00000 x25=0xffffffff
      95705.000 ns	      9569	80002120	e0079ed3	fclass.s	x29,f15	 f15:0x00000002 x29=0x00000020
      95725.000 ns	      9571	80002124	40b9d333	sra	x6,x19,x11	 x19:0x00000001 x11:0x00000000  x6=0x00000001
      95745.000 ns	      9573	80002128	0369d533	divu	x10,x19,x22	 x19:0x00000001 x22:0x00000000 x10=0xffffffff
      95775.000 ns	      9576	8000212c	02af3533	mulhu	x10,x30,x10	 x30:0x00000001 x10:0x00000000 x10=0x00000000
      95805.000 ns	      9579	80002130	208e1bd3	fsgnjn.s	f23,f28,f8	 f28:0x7fc00000  f8:0x00000000 f23=0xffc00000
      95825.000 ns	      9581	80002134	000a4bb3	xor	x23,x20,x0	 x20:0x80041024  x0:0x00000000 x23=0x80041024
      95835.000 ns	      9582	80002138	01179193	slli	x3,x15,0x11	 x15:0x80040025  x3=0x004a0000
      95845.000 ns	      9583	8000213c	40720eb3	sub	x29,x4,x7	  x4:0xfffffb2c  x7:0x00000001 x29=0xfffffb2b
      95855.000 ns	      9584	80002140	00000013	addi	x0,x0,0	  x0:0x00000000
      95865.000 ns	      9585	80002144	404cdd13	srai	x26,x25,0x4	 x25:0xffffffff x26=0xffffffff
      95875.000 ns	      9586	80002148	00646833	or	x16,x8,x6	  x8:0x80040fe4  x6:0x00000001 x16=0x80040fe5
      96235.000 ns	      9622	8000214c	026c6fb3	rem	x31,x24,x6	 x24:0x00000000  x6:0x00000001 x31=0x00000000
      96255.000 ns	      9624	80002150	6522e8b7	lui	x17,0x6522e	 x17=0x6522e000
      96265.000 ns	      9625	80002154	00f708b3	add	x17,x14,x15	 x14:0x00000000 x15:0x80040025 x17=0x80040025
      97435.000 ns	      9742	80002158	580ffa53	fsqrt.s	f20,f31	 f31:0x1f350684 f20=0x2f0000fe
      97465.000 ns	      9745	8000215c	c003acd3	fcvt.w.s	x25,f7	  f7:0x00000000 x25=0x00000000
      97515.000 ns	      9750	80002160	01918153	fadd.s	f2,f3,f25	  f3:0x0000016b f25:0xca800000  f2=0xca800000
      97545.000 ns	      9753	80002164	29e29f53	fmax.s	f30,f5,f30	  f5:0x00000000 f30:0x4a800000 f30=0x4a800000
      97575.000 ns	      9756	80002168	029c81b3	mul	x3,x25,x9	 x25:0x00000000  x9:0x00000519  x3=0x00000000
      97595.000 ns	      9758	8000216c	00eb7533	and	x10,x22,x14	 x22:0x00000000 x14:0x00000000 x10=0x00000000
      97615.000 ns	      9760	80002170	28d49fd3	fmax.s	f31,f9,f13	  f9:0x80000000 f13:0x00000000 f31=0x00000000
      97635.000 ns	      9762	80002174	40aa5193	srai	x3,x20,0xa	 x20:0x80041024  x3=0xffe00104
      97645.000 ns	      9763	80002178	01c32833	slt	x16,x6,x28	  x6:0x00000001 x28:0x00000000 x16=0x00000000
      97675.000 ns	      9766	8000217c	18e3a7d3	fdiv.s	f15,f7,f14	  f7:0x00000000 f14:0x00000001 f15=0x00000000
      97695.000 ns	      9768	80002180	fdabb713	sltiu	x14,x23,-38	 x23:0x80041024 x14=0x00000001
      97705.000 ns	      9769	80002184	011164b3	or	x9,x2,x17	  x2:0x00000000 x17:0x80040025  x9=0x80040025
      97715.000 ns	      9770	80002188	4b484d93	xori	x27,x16,1204	 x16:0x00000000 x27=0x000004b4
      97735.000 ns	      9772	8000218c	02b2a3b3	mulhsu	x7,x5,x11	  x5:0x00000010 x11:0x00000000  x7=0x00000000
      97755.000 ns	      9774	80002190	7bc1cc13	xori	x24,x3,1980	  x3:0xffe00104 x24=0xffe006b8
      97765.000 ns	      9775	80002194	001da133	slt	x2,x27,x1	 x27:0x000004b4  x1:0x80000000  x2=0x00000000
      97785.000 ns	      9777	80002198	02a37833	remu	x16,x6,x10	  x6:0x00000001 x10:0x00000000 x16=0x00000001
      97815.000 ns	      9780	8000219c	e00418d3	fclass.s	x17,f8	  f8:0x00000000 x17=0x00000010
      97845.000 ns	      9783	800021a0	c0157bd3	fcvt.wu.s	x23,f10	 f10:0x00000000 x23=0x00000000
      97875.000 ns	      9786	800021a4	207d2e53	fsgnjx.s	f28,f26,f7	 f26:0x00000000  f7:0x00000000 f28=0x00000000
      97895.000 ns	      9788	800021a8	41460eb3	sub	x29,x12,x20	 x12:0x80040024 x20:0x80041024 x29=0xfffff000
      98255.000 ns	      9824	800021ac	031965b3	rem	x11,x18,x17	 x18:0x00000000 x17:0x00000010 x11=0x00000000
      98285.000 ns	      9827	800021b0	297693d3	fmax.s	f7,f13,f23	 f13:0x00000000 f23:0xffc00000  f7=0x00000000
      98315.000 ns	      9830	800021b4	28c48d53	fmin.s	f26,f9,f12	  f9:0x80000000 f12:0x3434b4b6 f26=0x80000000
      98365.000 ns	      9835	800021b8	00c98c53	fadd.s	f24,f19,f12	 f19:0x00000000 f12:0x3434b4b6 f24=0x3434b4b6
      98395.000 ns	      9838	800021bc	03ae0f33	mul	x30,x28,x26	 x28:0x00000000 x26:0xffffffff x30=0x00000000
      98415.000 ns	      9840	800021c0	012cb5b3	sltu	x11,x25,x18	 x25:0x00000000 x18:0x00000000 x11=0x00000000
      98425.000 ns	      9841	800021c4	0065bc33	sltu	x24,x11,x6	 x11:0x00000000  x6:0x00000001 x24=0x00000001
      98445.000 ns	      9843	800021c8	f0028753	fmv.w.x	f14,x5	  x5:0x00000010 f14=0x00000010
      98465.000 ns	      9845	800021cc	013fd913	srli	x18,x31,0x13	 x31:0x00000000 x18=0x00000000
      98475.000 ns	      9846	800021d0	011923b3	slt	x7,x18,x17	 x18:0x00000000 x17:0x00000010  x7=0x00000001
      98495.000 ns	      9848	800021d4	f0058ad3	fmv.w.x	f21,x11	 x11:0x00000000 f21=0x00000000
      98515.000 ns	      9850	800021d8	b9b06497	auipc	x9,0xb9b06	  x9=0x39b081d8
      98535.000 ns	      9852	800021dc	202d95d3	fsgnjn.s	f11,f27,f2	 f27:0x0000016b  f2:0xca800000 f11=0x0000016b
      98905.000 ns	      9889	800021e0	025bd1b3	divu	x3,x23,x5	 x23:0x00000000  x5:0x00000010  x3=0x00000000
      98925.000 ns	      9891	800021e4	40bcdf33	sra	x30,x25,x11	 x25:0x00000000 x11:0x00000000 x30=0x00000000
      98945.000 ns	      9893	800021e8	28cb1553	fmax.s	f10,f22,f12	 f22:0x7fc00000 f12:0x3434b4b6 f10=0x3434b4b6
      98965.000 ns	      9895	800021ec	41f388b3	sub	x17,x7,x31	  x7:0x00000001 x31:0x00000000 x17=0x00000001
      99005.000 ns	      9899	800021f0	09f7f0d3	fsub.s	f1,f15,f31	 f15:0x00000000 f31:0x00000000  f1=0x80000000
      99035.000 ns	      9902	800021f4	a0cb2cd3	feq.s	x25,f22,f12	 f22:0x7fc00000 f12:0x3434b4b6 x25=0x00000000
      99055.000 ns	      9904	800021f8	40f10ab3	sub	x21,x2,x15	  x2:0x00000000 x15:0x80040025 x21=0x7ffbffdb
      99075.000 ns	      9906	800021fc	e00d9853	fclass.s	x16,f27	 f27:0x0000016b x16=0x00000020
      99105.000 ns	      9909	80002200	d003fdd3	fcvt.s.w	f27,x7	  x7:0x00000001 f27=0x3f800000
     100285.000 ns	     10027	80002204	580f1453	fsqrt.s	f8,f30	 f30:0x4a800000  f8=0x44ffffae
     100305.000 ns	     10029	80002208	40525693	srai	x13,x4,0x5	  x4:0xfffffb2c x13=0xffffffd9
     100335.000 ns	     10032	8000220c	19f4f3d3	fdiv.s	f7,f9,f31	  f9:0x80000000 f31:0x00000000  f7=0x7fc00000
     100365.000 ns	     10035	80002210	a1d30953	fle.s	x18,f6,f29	  f6:0x8000016b f29:0x4efff7e0 x18=0x00000001
     100405.000 ns	     10039	80002214	580cfb53	fsqrt.s	f22,f25	 f25:0xca800000 f22=0x7fc00000
     100425.000 ns	     10041	80002218	00449e33	sll	x28,x9,x4	  x9:0x39b081d8  x4:0xfffffb2c x28=0x081d8000
     100435.000 ns	     10042	8000221c	015751b3	srl	x3,x14,x21	 x14:0x00000001 x21:0x7ffbffdb  x3=0x00000000
     100445.000 ns	     10043	80002220	002a53b3	srl	x7,x20,x2	 x20:0x80041024  x2:0x00000000  x7=0x80041024
     100455.000 ns	     10044	80002224	001bac33	slt	x24,x23,x1	 x23:0x00000000  x1:0x80000000 x24=0x00000000
     100465.000 ns	     10045	80002228	007cabb3	slt	x23,x25,x7	 x25:0x00000000  x7:0x00000001 x23=0x00000000
     100475.000 ns	     10046	8000222c	00b6ff33	and	x30,x13,x11	 x13:0xffffffd9 x11:0x00000000 x30=0x00000000
     100495.000 ns	     10048	80002230	204882d3	fsgnj.s	f5,f17,f4	 f17:0x4fa1f321  f4:0x5fcce773  f5=0x4fa1f321
     100515.000 ns	     10050	80002234	0083cc33	xor	x24,x7,x8	  x7:0x80041024  x8:0x80040fe4 x24=0x00001fc0
     100525.000 ns	     10051	80002238	00000013	addi	x0,x0,0	  x0:0x00000000
     100535.000 ns	     10052	8000223c	dd77bf93	sltiu	x31,x15,-553	 x15:0x80040025 x31=0x00000001
     100555.000 ns	     10054	80002240	28a09753	fmax.s	f14,f1,f10	  f1:0x80000000 f10:0x3434b4b6 f14=0x3434b4b6
     100575.000 ns	     10056	80002244	00a045b3	xor	x11,x0,x10	  x0:0x00000000 x10:0x00000000 x11=0x00000000
     100595.000 ns	     10058	80002248	e00702d3	fmv.x.w	x5,f14	 f14:0x3434b4b6  x5=0x3434b4b6
     101545.000 ns	     10153	8000224c	58047553	fsqrt.s	f10,f8	  f8:0x44ffffae f10=0x4235048f
     101575.000 ns	     10156	80002250	f00008d3	fmv.w.x	f17,x0	  x0:0x00000000 f17=0x00000000
     101615.000 ns	     10160	80002254	1021f4d3	fmul.s	f9,f3,f2	  f3:0x0000016b  f2:0xca800000  f9=0x84358000
     101635.000 ns	     10162	80002258	00154fb3	xor	x31,x10,x1	 x10:0x00000000  x1:0x80000000 x31=0x80000000
     101645.000 ns	     10163	8000225c	01523f33	sltu	x30,x4,x21	  x4:0xfffffb2c x21:0x7ffbffdb x30=0x00000000
     101655.000 ns	     10164	80002260	4193dc33	sra	x24,x7,x25	  x7:0x80041024 x25:0x00000000 x24=0x80041024
     101675.000 ns	     10166	80002264	e00f0353	fmv.x.w	x6,f30	 f30:0x4a800000  x6=0x4a800000
     101705.000 ns	     10169	80002268	03413733	mulhu	x14,x2,x20	  x2:0x00000000 x20:0x80041024 x14=0x00000000
     101725.000 ns	     10171	8000226c	40215233	sra	x4,x2,x2	  x2:0x00000000  x2:0x00000000  x4=0x00000000
     101735.000 ns	     10172	80002270	00889033	sll	x0,x17,x8	 x17:0x00000001  x8:0x80040fe4
     101745.000 ns	     10173	80002274	40a506b3	sub	x13,x10,x10	 x10:0x00000000 x10:0x00000000 x13=0x00000000
     101765.000 ns	     10175	80002278	028c2033	mulhsu	x0,x24,x8	 x24:0x80041024  x8:0x80040fe4
     101785.000 ns	     10177	8000227c	40405e93	srai	x29,x0,0x4	  x0:0x00000000 x29=0x00000000
     101795.000 ns	     10178	80002280	40d4ddb3	sra	x27,x9,x13	  x9:0x39b081d8 x13:0x00000000 x27=0x39b081d8
     101805.000 ns	     10179	80002284	00369bb3	sll	x23,x13,x3	 x13:0x00000000  x3:0x00000000 x23=0x00000000
     101825.000 ns	     10181	80002288	03008633	mul	x12,x1,x16	  x1:0x80000000 x16:0x00000020 x12=0x00000000
     101855.000 ns	     10184	8000228c	d01e3953	fcvt.s.wu	f18,x28	 x28:0x081d8000 f18=0x4d01d800
     101895.000 ns	     10188	80002290	10d87953	fmul.s	f18,f16,f13	 f16:0x00000000 f13:0x00000000 f18=0x00000000
     101915.000 ns	     10190	80002294	01f23733	sltu	x14,x4,x31	  x4:0x00000000 x31:0x80000000 x14=0x00000001
     101925.000 ns	     10191	80002298	0f84c193	xori	x3,x9,248	  x9:0x39b081d8  x3=0x39b08120
     101945.000 ns	     10193	8000229c	a187a5d3	feq.s	x11,f15,f24	 f15:0x00000000 f24:0x3434b4b6 x11=0x00000000
     101985.000 ns	     10197	800022a0	119cf3d3	fmul.s	f7,f25,f25	 f25:0xca800000 f25:0xca800000  f7=0x55800000
     102005.000 ns	     10199	800022a4	01e3e2b3	or	x5,x7,x30	  x7:0x80041024 x30:0x00000000  x5=0x80041024
     102015.000 ns	     10200	800022a8	41bf8133	sub	x2,x31,x27	 x31:0x80000000 x27:0x39b081d8  x2=0x464f7e28
     102035.000 ns	     10202	800022ac	e00b0bd3	fmv.x.w	x23,f22	 f22:0x7fc00000 x23=0x7fc00000
     102055.000 ns	     10204	800022b0	41e5d613	srai	x12,x11,0x1e	 x11:0x00000000 x12=0x00000000
     102065.000 ns	     10205	800022b4	00a4e6b3	or	x13,x9,x10	  x9:0x39b081d8 x10:0x00000000 x13=0x39b081d8
     102075.000 ns	     10206	800022b8	00e45133	srl	x2,x8,x14	  x8:0x80040fe4 x14:0x00000001  x2=0x400207f2
     102095.000 ns	     10208	800022bc	a1b2ae53	feq.s	x28,f5,f27	  f5:0x4fa1f321 f27:0x3f800000 x28=0x00000000
     102115.000 ns	     10210	800022c0	417f5293	srai	x5,x30,0x17	 x30:0x00000000  x5=0x00000000
     102135.000 ns	     10212	800022c4	20658653	fsgnj.s	f12,f11,f6	 f11:0x0000016b  f6:0x8000016b f12=0x8000016b
     102155.000 ns	     10214	800022c8	ca376f13	ori	x30,x14,-861	 x14:0x00000001 x30=0xfffffca3
     102175.000 ns	     10216	800022cc	c01d2ed3	fcvt.wu.s	x29,f26	 f26:0x80000000 x29=0x00000000
     102205.000 ns	     10219	800022d0	039d6833	rem	x16,x26,x25	 x26:0xffffffff x25:0x00000000 x16=0xffffffff
     102225.000 ns	     10221	800022d4	0f5e3137	lui	x2,0xf5e3	  x2=0x0f5e3000
     102235.000 ns	     10222	800022d8	01aeb033	sltu	x0,x29,x26	 x29:0x00000000 x26:0xffffffff
     102255.000 ns	     10224	800022dc	d01f2dd3	fcvt.s.wu	f27,x30	 x30:0xfffffca3 f27=0x4f7ffffd
     102275.000 ns	     10226	800022e0	41055113	srai	x2,x10,0x10	 x10:0x00000000  x2=0x00000000
     102285.000 ns	     10227	800022e4	c74c5117	auipc	x2,0xc74c5	  x2=0x474c72e4
     102305.000 ns	     10229	800022e8	0332b933	mulhu	x18,x5,x19	  x5:0x00000000 x19:0x00000001 x18=0x00000000
     102325.000 ns	     10231	800022ec	00a092b3	sll	x5,x1,x10	  x1:0x80000000 x10:0x00000000  x5=0x80000000
     102335.000 ns	     10232	800022f0	40098d33	sub	x26,x19,x0	 x19:0x00000001  x0:0x00000000 x26=0x00000001
     102355.000 ns	     10234	800022f4	02bd0fb3	mul	x31,x26,x11	 x26:0xffffffff x11:0x00000000 x31=0x00000000
     102385.000 ns	     10237	800022f8	0256b9b3	mulhu	x19,x13,x5	 x13:0x39b081d8  x5:0x80000000 x19=0x1cd840ec
     102435.000 ns	     10242	800022fc	0161f453	fadd.s	f8,f3,f22	  f3:0x0000016b f22:0x7fc00000  f8=0x7fc00000
     102455.000 ns	     10244	80002300	e7d7b393	sltiu	x7,x15,-387	 x15:0x80040025  x7=0x00000001
     102475.000 ns	     10246	80002304	d019f053	fcvt.s.wu	f0,x19	 x19:0x1cd840ec  f0=0x4de6c207
     102495.000 ns	     10248	80002308	019b3333	sltu	x6,x22,x25	 x22:0x00000000 x25:0x00000000  x6=0x00000000
     102515.000 ns	     10250	8000230c	f0058953	fmv.w.x	f18,x11	 x11:0x00000000 f18=0x00000000
     102535.000 ns	     10252	80002310	00811a93	slli	x21,x2,0x8	  x2:0x474c72e4 x21=0x4c72e400
     102545.000 ns	     10253	80002314	4a9a2ab7	lui	x21,0x4a9a2	 x21=0x4a9a2000
     102575.000 ns	     10256	80002318	5807c5d3	fsqrt.s	f11,f15	 f15:0x00000000 f11=0x00000000
     102605.000 ns	     10259	8000231c	a16ba5d3	feq.s	x11,f23,f22	 f23:0xffc00000 f22:0x7fc00000 x11=0x00000000
     102635.000 ns	     10262	80002320	a1c805d3	fle.s	x11,f16,f28	 f16:0x00000000 f28:0x00000000 x11=0x00000001
     102665.000 ns	     10265	80002324	036e4eb3	div	x29,x28,x22	 x28:0x00000000 x22:0x00000000 x29=0xffffffff
     102685.000 ns	     10267	80002328	01430633	add	x12,x6,x20	  x6:0x00000000 x20:0x80041024 x12=0x80041024
     102695.000 ns	     10268	8000232c	85347d93	andi	x27,x8,-1965	  x8:0x80040fe4 x27=0x80040840
     102705.000 ns	     10269	80002330	3948e593	ori	x11,x17,916	 x17:0x00000001 x11=0x00000395
     102715.000 ns	     10270	80002334	000105b3	add	x11,x2,x0	  x2:0x474c72e4  x0:0x00000000 x11=0x474c72e4
     102725.000 ns	     10271	80002338	00389713	slli	x14,x17,0x3	 x17:0x00000001 x14=0x00000008
     102745.000 ns	     10273	8000233c	02cea7b3	mulhsu	x15,x29,x12	 x29:0xffffffff x12:0x80041024 x15=0xffffffff
     102765.000 ns	     10275	80002340	895cb593	sltiu	x11,x25,-1899	 x25:0x00000000 x11=0x00000001
     102775.000 ns	     10276	80002344	011033b3	sltu	x7,x0,x17	  x0:0x00000000 x17:0x00000001  x7=0x00000001
     102805.000 ns	     10279	80002348	5807f953	fsqrt.s	f18,f15	 f15:0x00000000 f18=0x00000000
     102825.000 ns	     10281	8000234c	f8dc7893	andi	x17,x24,-115	 x24:0x80041024 x17=0x80041004
     102845.000 ns	     10283	80002350	c006fad3	fcvt.w.s	x21,f13	 f13:0x00000000 x21=0x00000000
     102875.000 ns	     10286	80002354	f0098053	fmv.w.x	f0,x19	 x19:0x1cd840ec  f0=0x1cd840ec
     102905.000 ns	     10289	80002358	03fd9eb3	mulh	x29,x27,x31	 x27:0x80040840 x31:0x00000000 x29=0x00000000
     102925.000 ns	     10291	8000235c	00e21613	slli	x12,x4,0xe	  x4:0x00000000 x12=0x00000000
     103285.000 ns	     10327	80002360	02f767b3	rem	x15,x14,x15	 x14:0x00000008 x15:0xffffffff x15=0x00000000
     103305.000 ns	     10329	80002364	9966ba93	sltiu	x21,x13,-1642	 x13:0x39b081d8 x21=0x00000001
     103315.000 ns	     10330	80002368	010ae733	or	x14,x21,x16	 x21:0x00000000 x16:0xffffffff x14=0xffffffff
     103325.000 ns	     10331	8000236c	039d3393	sltiu	x7,x26,57	 x26:0x00000001  x7=0x00000001
     103335.000 ns	     10332	80002370	093b4c13	xori	x24,x22,147	 x22:0x00000000 x24=0x00000093
     103355.000 ns	     10334	80002374	03dba2b3	mulhsu	x5,x23,x29	 x23:0x7fc00000 x29:0x00000000  x5=0x00000000
     103375.000 ns	     10336	80002378	00000013	addi	x0,x0,0	  x0:0x00000000
     103395.000 ns	     10338	8000237c	03f4ccb3	div	x25,x9,x31	  x9:0x39b081d8 x31:0x00000000 x25=0xffffffff
     103415.000 ns	     10340	80002380	4557bc93	sltiu	x25,x15,1109	 x15:0x00000000 x25=0x00000001
     103455.000 ns	     10344	80002384	0810b1d3	fsub.s	f3,f1,f1	  f1:0x80000000  f1:0x80000000  f3=0x00000000
     103485.000 ns	     10347	80002388	03d75533	divu	x10,x14,x29	 x14:0xffffffff x29:0x00000000 x10=0xffffffff
     103515.000 ns	     10350	8000238c	032903b3	mul	x7,x18,x18	 x18:0x00000000 x18:0x00000000  x7=0x00000000
     103545.000 ns	     10353	80002390	29050fd3	fmin.s	f31,f10,f16	 f10:0x4235048f f16:0x00000000 f31=0x00000000
     103565.000 ns	     10355	80002394	4081df33	sra	x30,x3,x8	  x3:0x39b08120  x8:0x80040fe4 x30=0x039b0812
     103585.000 ns	     10357	80002398	a1c3a753	feq.s	x14,f7,f28	  f7:0x55800000 f28:0x00000000 x14=0x00000000
     103615.000 ns	     10360	8000239c	20e982d3	fsgnj.s	f5,f19,f14	 f19:0x00000000 f14:0x3434b4b6  f5=0x00000000
     103635.000 ns	     10362	800023a0	00263bb3	sltu	x23,x12,x2	 x12:0x00000000  x2:0x474c72e4 x23=0x00000001
     103655.000 ns	     10364	800023a4	e00105d3	fmv.x.w	x11,f2	  f2:0xca800000 x11=0xca800000
     103685.000 ns	     10367	800023a8	03e53d33	mulhu	x26,x10,x30	 x10:0xffffffff x30:0x039b0812 x26=0x039b0811
     103715.000 ns	     10370	800023ac	03d307b3	mul	x15,x6,x29	  x6:0x00000000 x29:0x00000000 x15=0x00000000
     103745.000 ns	     10373	800023b0	d017f253	fcvt.s.wu	f4,x15	 x15:0x00000000  f4=0x00000000
     103785.000 ns	     10377	800023b4	580678d3	fsqrt.s	f17,f12	 f12:0x8000016b f17=0x7fc00000
     103815.000 ns	     10380	800023b8	c01a79d3	fcvt.wu.s	x19,f20	 f20:0x2f0000fe x19=0x00000000
     103865.000 ns	     10385	800023bc	001f27d3	fadd.s	f15,f30,f1	 f30:0x4a800000  f1:0x80000000 f15=0x4a800000
     103885.000 ns	     10387	800023c0	00809c13	slli	x24,x1,0x8	  x1:0x80000000 x24=0x00000000
     103905.000 ns	     10389	800023c4	02785f33	divu	x30,x16,x7	 x16:0xffffffff  x7:0x00000000 x30=0xffffffff
     104275.000 ns	     10426	800023c8	02125833	divu	x16,x4,x1	  x4:0x00000000  x1:0x80000000 x16=0x00000000
     104295.000 ns	     10428	800023cc	01e2ceb3	xor	x29,x5,x30	  x5:0x00000000 x30:0xffffffff x29=0xffffffff
     104315.000 ns	     10430	800023d0	c01fffd3	fcvt.wu.s	x31,f31	 f31:0x00000000 x31=0x00000000
     104355.000 ns	     10434	800023d4	58037f53	fsqrt.s	f30,f6	  f6:0x8000016b f30=0x7fc00000
     104375.000 ns	     10436	800023d8	0045c833	xor	x16,x11,x4	 x11:0xca800000  x4:0x00000000 x16=0xca800000
     104395.000 ns	     10438	800023dc	025fe3b3	rem	x7,x31,x5	 x31:0x00000000  x5:0x00000000  x7=0x00000000
     104415.000 ns	     10440	800023e0	40d208b3	sub	x17,x4,x13	  x4:0x00000000 x13:0x39b081d8 x17=0xc64f7e28
     104425.000 ns	     10441	800023e4	f5baceb7	lui	x29,0xf5bac	 x29=0xf5bac000
     104445.000 ns	     10443	800023e8	20a707d3	fsgnj.s	f15,f14,f10	 f14:0x3434b4b6 f10:0x4235048f f15=0x3434b4b6
     104465.000 ns	     10445	800023ec	91274493	xori	x9,x14,-1774	 x14:0x00000000  x9=0xfffff912
     104485.000 ns	     10447	800023f0	a0200053	fle.s	x0,f0,f2	  f0:0x1cd840ec  f2:0xca800000
     104515.000 ns	     10450	800023f4	f00e0c53	fmv.w.x	f24,x28	 x28:0x00000000 f24=0x00000000
     104545.000 ns	     10453	800023f8	f00302d3	fmv.w.x	f5,x6	  x6:0x00000000  f5=0x00000000
     104575.000 ns	     10456	800023fc	03b33633	mulhu	x12,x6,x27	  x6:0x00000000 x27:0x80040840 x12=0x00000000
     104595.000 ns	     10458	80002400	41eb8c33	sub	x24,x23,x30	 x23:0x00000001 x30:0xffffffff x24=0x00000002
     104615.000 ns	     10460	80002404	28a90853	fmin.s	f16,f18,f10	 f18:0x00000000 f10:0x4235048f f16=0x00000000
     104645.000 ns	     10463	80002408	c0082bd3	fcvt.w.s	x23,f16	 f16:0x00000000 x23=0x00000000
     104675.000 ns	     10466	8000240c	285717d3	fmax.s	f15,f14,f5	 f14:0x3434b4b6  f5:0x00000000 f15=0x3434b4b6
     104695.000 ns	     10468	80002410	00e8d133	srl	x2,x17,x14	 x17:0xc64f7e28 x14:0x00000000  x2=0xc64f7e28
     104715.000 ns	     10470	80002414	0377f1b3	remu	x3,x15,x23	 x15:0x00000000 x23:0x00000000  x3=0x00000000
     104745.000 ns	     10473	80002418	20bf24d3	fsgnjx.s	f9,f30,f11	 f30:0x7fc00000 f11:0x00000000  f9=0x7fc00000
     104775.000 ns	     10476	8000241c	02f9c233	div	x4,x19,x15	 x19:0x00000000 x15:0x00000000  x4=0xffffffff
     104795.000 ns	     10478	80002420	76f1e713	ori	x14,x3,1903	  x3:0x00000000 x14=0x0000076f
     104815.000 ns	     10480	80002424	a0b12053	feq.s	x0,f2,f11	  f2:0xca800000 f11:0x00000000
     104835.000 ns	     10482	80002428	01f02db3	slt	x27,x0,x31	  x0:0x00000000 x31:0x00000000 x27=0x00000000
     104855.000 ns	     10484	8000242c	d016f953	fcvt.s.wu	f18,x13	 x13:0x39b081d8 f18=0x4e66c207
     104875.000 ns	     10486	80002430	01963cb3	sltu	x25,x12,x25	 x12:0x00000000 x25:0x00000001 x25=0x00000001
     104895.000 ns	     10488	80002434	20df2a53	fsgnjx.s	f20,f30,f13	 f30:0x7fc00000 f13:0x00000000 f20=0x7fc00000
     104915.000 ns	     10490	80002438	41088ab3	sub	x21,x17,x16	 x17:0xc64f7e28 x16:0xca800000 x21=0xfbcf7e28
     104925.000 ns	     10491	8000243c	0f403293	sltiu	x5,x0,244	  x0:0x00000000  x5=0x00000001
     104945.000 ns	     10493	80002440	a05a05d3	fle.s	x11,f20,f5	 f20:0x7fc00000  f5:0x00000000 x11=0x00000000
     104975.000 ns	     10496	80002444	03fa22b3	mulhsu	x5,x20,x31	 x20:0x80041024 x31:0x00000000  x5=0x00000000
     105015.000 ns	     10500	80002448	58087cd3	fsqrt.s	f25,f16	 f16:0x00000000 f25=0x00000000
     105045.000 ns	     10503	8000244c	026b7633	remu	x12,x22,x6	 x22:0x00000000  x6:0x00000000 x12=0x00000000
     105075.000 ns	     10506	80002450	032a95b3	mulh	x11,x21,x18	 x21:0xfbcf7e28 x18:0x00000000 x11=0x00000000
     105095.000 ns	     10508	80002454	09ef8c93	addi	x25,x31,158	 x31:0x00000000 x25=0x0000009e
     105105.000 ns	     10509	80002458	0023ebb3	or	x23,x7,x2	  x7:0x00000000  x2:0xc64f7e28 x23=0xc64f7e28
     105465.000 ns	     10545	8000245c	03e1ddb3	divu	x27,x3,x30	  x3:0x00000000 x30:0xffffffff x27=0x00000000
     105485.000 ns	     10547	80002460	40f55733	sra	x14,x10,x15	 x10:0xffffffff x15:0x00000000 x14=0xffffffff
     105495.000 ns	     10548	80002464	014857b3	srl	x15,x16,x20	 x16:0xca800000 x20:0x80041024 x15=0x0ca80000
     105515.000 ns	     10550	80002468	f00283d3	fmv.w.x	f7,x5	  x5:0x00000000  f7=0x00000000
     105545.000 ns	     10553	8000246c	d0177ed3	fcvt.s.wu	f29,x14	 x14:0xffffffff f29=0x4f7fffff
     105565.000 ns	     10555	80002470	00000013	addi	x0,x0,0	  x0:0x00000000
     105925.000 ns	     10591	80002474	02efd4b3	divu	x9,x31,x14	 x31:0x00000000 x14:0xffffffff  x9=0x00000000
     105945.000 ns	     10593	80002478	b054b213	sltiu	x4,x9,-1275	  x9:0xfffff912  x4=0x00000001
     105975.000 ns	     10596	8000247c	193b71d3	fdiv.s	f3,f22,f19	 f22:0x7fc00000 f19:0x00000000  f3=0x7fc00000
     105995.000 ns	     10598	80002480	00000013	addi	x0,x0,0	  x0:0x00000000
     106355.000 ns	     10634	80002484	02df4633	div	x12,x30,x13	 x30:0xffffffff x13:0x39b081d8 x12=0x00000000
     106385.000 ns	     10637	80002488	e0069553	fclass.s	x10,f13	 f13:0x00000000 x10=0x00000010
     106415.000 ns	     10640	8000248c	02449233	mulh	x4,x9,x4	  x9:0x00000000  x4:0x00000001  x4=0x00000000
     106465.000 ns	     10645	80002490	084a3cd3	fsub.s	f25,f20,f4	 f20:0x7fc00000  f4:0x00000000 f25=0x7fc00000
     106495.000 ns	     10648	80002494	c0051fd3	fcvt.w.s	x31,f10	 f10:0x4235048f x31=0x0000002d
     106515.000 ns	     10650	80002498	01b41913	slli	x18,x8,0x1b	  x8:0x80040fe4 x18=0x20000000
     106545.000 ns	     10653	8000249c	18707c53	fdiv.s	f24,f0,f7	  f0:0x1cd840ec  f7:0x00000000 f24=0x7f800000
     106575.000 ns	     10656	800024a0	03c45eb3	divu	x29,x8,x28	  x8:0x80040fe4 x28:0x00000000 x29=0xffffffff
     106615.000 ns	     10660	800024a4	11e703d3	fmul.s	f7,f14,f30	 f14:0x3434b4b6 f30:0x7fc00000  f7=0x7fc00000
     106645.000 ns	     10663	800024a8	0241d633	divu	x12,x3,x4	  x3:0x00000000  x4:0x00000000 x12=0xffffffff
     106675.000 ns	     10666	800024ac	c0138e53	fcvt.wu.s	x28,f7	  f7:0x7fc00000 x28=0xffffffff
     106695.000 ns	     10668	800024b0	40818ab3	sub	x21,x3,x8	  x3:0x00000000  x8:0x80040fe4 x21=0x7ffbf01c
     106705.000 ns	     10669	800024b4	01501113	slli	x2,x0,0x15	  x0:0x00000000  x2=0x00000000
     106725.000 ns	     10671	800024b8	28c181d3	fmin.s	f3,f3,f12	  f3:0x7fc00000 f12:0x8000016b  f3=0x8000016b
     106755.000 ns	     10674	800024bc	21d780d3	fsgnj.s	f1,f15,f29	 f15:0x3434b4b6 f29:0x4f7fffff  f1=0x3434b4b6
     106775.000 ns	     10676	800024c0	00e94eb3	xor	x29,x18,x14	 x18:0x20000000 x14:0xffffffff x29=0xdfffffff
     106785.000 ns	     10677	800024c4	01baa133	slt	x2,x21,x27	 x21:0x7ffbf01c x27:0x00000000  x2=0x00000000
     106795.000 ns	     10678	800024c8	edfa8713	addi	x14,x21,-289	 x21:0x7ffbf01c x14=0x7ffbeefb
     106815.000 ns	     10680	800024cc	f00006d3	fmv.w.x	f13,x0	  x0:0x00000000 f13=0x00000000
     106845.000 ns	     10683	800024d0	a16828d3	feq.s	x17,f16,f22	 f16:0x00000000 f22:0x7fc00000 x17=0x00000000
     106865.000 ns	     10685	800024d4	008166b3	or	x13,x2,x8	  x2:0x00000000  x8:0x80040fe4 x13=0x80040fe4
     106885.000 ns	     10687	800024d8	e00c8fd3	fmv.x.w	x31,f25	 f25:0x7fc00000 x31=0x7fc00000
     106905.000 ns	     10689	800024dc	00000013	addi	x0,x0,0	  x0:0x00000000
     106925.000 ns	     10691	800024e0	a006ab53	feq.s	x22,f13,f0	 f13:0x00000000  f0:0x1cd840ec x22=0x00000000
     106955.000 ns	     10694	800024e4	02be8eb3	mul	x29,x29,x11	 x29:0xdfffffff x11:0x00000000 x29=0x00000000
     106975.000 ns	     10696	800024e8	16471117	auipc	x2,0x16471	  x2=0x964734e8
     106995.000 ns	     10698	800024ec	031b9133	mulh	x2,x23,x17	 x23:0xc64f7e28 x17:0x00000000  x2=0x00000000
     107015.000 ns	     10700	800024f0	41a65893	srai	x17,x12,0x1a	 x12:0xffffffff x17=0xffffffff
     107025.000 ns	     10701	800024f4	01aef633	and	x12,x29,x26	 x29:0x00000000 x26:0x039b0811 x12=0x00000000
     107045.000 ns	     10703	800024f8	290f17d3	fmax.s	f15,f30,f16	 f30:0x7fc00000 f16:0x00000000 f15=0x00000000
     107065.000 ns	     10705	800024fc	003c8db3	add	x27,x25,x3	 x25:0x0000009e  x3:0x00000000 x27=0x0000009e
     107075.000 ns	     10706	80002500	c421fd93	andi	x27,x3,-958	  x3:0x00000000 x27=0x00000000
     107095.000 ns	     10708	80002504	032c8eb3	mul	x29,x25,x18	 x25:0x0000009e x18:0x20000000 x29=0xc0000000
     107465.000 ns	     10745	80002508	02d347b3	div	x15,x6,x13	  x6:0x00000000 x13:0x80040fe4 x15=0x00000000
     107485.000 ns	     10747	8000250c	7da00193	addi	x3,x0,2010	  x0:0x00000000  x3=0x000007da
     107505.000 ns	     10749	80002510	02e91db3	mulh	x27,x18,x14	 x18:0x20000000 x14:0x7ffbeefb x27=0x0fff7ddf
     107535.000 ns	     10752	80002514	20d801d3	fsgnj.s	f3,f16,f13	 f16:0x00000000 f13:0x00000000  f3=0x00000000
     107565.000 ns	     10755	80002518	02ffa7b3	mulhsu	x15,x31,x15	 x31:0x7fc00000 x15:0x00000000 x15=0x00000000
     107615.000 ns	     10760	8000251c	099a74d3	fsub.s	f9,f20,f25	 f20:0x7fc00000 f25:0x7fc00000  f9=0x7fc00000
     107635.000 ns	     10762	80002520	40b1d493	srai	x9,x3,0xb	  x3:0x000007da  x9=0x00000000
     107675.000 ns	     10766	80002524	08399553	fsub.s	f10,f19,f3	 f19:0x00000000  f3:0x00000000 f10=0x80000000
     108015.000 ns	     10800	80002528	182eadd3	fdiv.s	f27,f29,f2	 f29:0x4f7fffff  f2:0xca800000 f27=0xc4000000
     108045.000 ns	     10803	8000252c	f0090cd3	fmv.w.x	f25,x18	 x18:0x20000000 f25=0x20000000
     108065.000 ns	     10805	80002530	400589b3	sub	x19,x11,x0	 x11:0x00000000  x0:0x00000000 x19=0x00000000
     108085.000 ns	     10807	80002534	214f2d53	fsgnjx.s	f26,f30,f20	 f30:0x7fc00000 f20:0x7fc00000 f26=0x7fc00000
     108135.000 ns	     10812	80002538	08823453	fsub.s	f8,f4,f8	  f4:0x00000000  f8:0x7fc00000  f8=0x7fc00000
     108155.000 ns	     10814	8000253c	b61a3893	sltiu	x17,x20,-1183	 x20:0x80041024 x17=0x00000001
     108165.000 ns	     10815	80002540	402edf13	srai	x30,x29,0x2	 x29:0xc0000000 x30=0xf0000000
     108175.000 ns	     10816	80002544	e793e693	ori	x13,x7,-391	  x7:0x00000000 x13=0xfffffe79
     108185.000 ns	     10817	80002548	4064dd93	srai	x27,x9,0x6	  x9:0x00000000 x27=0x00000000
     108195.000 ns	     10818	8000254c	2b86b7b7	lui	x15,0x2b86b	 x15=0x2b86b000
     108205.000 ns	     10819	80002550	010b52b3	srl	x5,x22,x16	 x22:0x00000000 x16:0xca800000  x5=0x00000000
     108225.000 ns	     10821	80002554	a1aaa653	feq.s	x12,f21,f26	 f21:0x00000000 f26:0x7fc00000 x12=0x00000000
     108265.000 ns	     10825	80002558	1166f553	fmul.s	f10,f13,f22	 f13:0x00000000 f22:0x7fc00000 f10=0x7fc00000
     108285.000 ns	     10827	8000255c	432c7037	lui	x0,0x432c7	
     108295.000 ns	     10828	80002560	26d8b237	lui	x4,0x26d8b	  x4=0x26d8b000
     108305.000 ns	     10829	80002564	01091c33	sll	x24,x18,x16	 x18:0x20000000 x16:0xca800000 x24=0x20000000
     108325.000 ns	     10831	80002568	f0058553	fmv.w.x	f10,x11	 x11:0x00000000 f10=0x00000000
     108345.000 ns	     10833	8000256c	f398d637	lui	x12,0xf398d	 x12=0xf398d000
     108375.000 ns	     10836	80002570	580ab1d3	fsqrt.s	f3,f21	 f21:0x00000000  f3=0x00000000
     108395.000 ns	     10838	80002574	fd843513	sltiu	x10,x8,-40	  x8:0x80040fe4 x10=0x00000001
     108755.000 ns	     10874	80002578	02aaf9b3	remu	x19,x21,x10	 x21:0x7ffbf01c x10:0x00000010 x19=0x00000000
     108785.000 ns	     10877	8000257c	d01bf853	fcvt.s.wu	f16,x23	 x23:0xc64f7e28 f16=0x4f464f7e
     108815.000 ns	     10880	80002580	20660f53	fsgnj.s	f30,f12,f6	 f12:0x8000016b  f6:0x8000016b f30=0x8000016b
     108835.000 ns	     10882	80002584	b96bbb13	sltiu	x22,x23,-1130	 x23:0xc64f7e28 x22=0x00000001
     108845.000 ns	     10883	80002588	4351f797	auipc	x15,0x4351f	 x15=0xc3521588
     108855.000 ns	     10884	8000258c	01c288b3	add	x17,x5,x28	  x5:0x00000000 x28:0xffffffff x17=0xffffffff
     108865.000 ns	     10885	80002590	7535eb93	ori	x23,x11,1875	 x11:0x00000000 x23=0x00000753
     108885.000 ns	     10887	80002594	202b0f53	fsgnj.s	f30,f22,f2	 f22:0x7fc00000  f2:0xca800000 f30=0xffc00000
     108915.000 ns	     10890	80002598	02cf95b3	mulh	x11,x31,x12	 x31:0x7fc00000 x12:0xf398d000 x11=0xf9cf81cc
     108935.000 ns	     10892	8000259c	006e2933	slt	x18,x28,x6	 x28:0xffffffff  x6:0x00000000 x18=0x00000001
     108955.000 ns	     10894	800025a0	03cd1eb3	mulh	x29,x26,x28	 x26:0x039b0811 x28:0xffffffff x29=0xffffffff
     108975.000 ns	     10896	800025a4	00a8eab3	or	x21,x17,x10	 x17:0xffffffff x10:0x00000001 x21=0xffffffff
     109335.000 ns	     10932	800025a8	02367533	remu	x10,x12,x3	 x12:0xf398d000  x3:0x000007da x10=0x000005d0
     109365.000 ns	     10935	800025ac	d01e74d3	fcvt.s.wu	f9,x28	 x28:0xffffffff  f9=0x4f7fffff
     109705.000 ns	     10969	800025b0	190088d3	fdiv.s	f17,f1,f16	  f1:0x3434b4b6 f16:0x4f464f7e f17=0x2434b4b6
     109735.000 ns	     10972	800025b4	f0048cd3	fmv.w.x	f25,x9	  x9:0x00000000 f25=0x00000000
     109775.000 ns	     10976	800025b8	580375d3	fsqrt.s	f11,f6	  f6:0x8000016b f11=0x7fc00000
     109795.000 ns	     10978	800025bc	00662fb3	slt	x31,x12,x6	 x12:0xf398d000  x6:0x00000000 x31=0x00000001
     109815.000 ns	     10980	800025c0	d0112dd3	fcvt.s.wu	f27,x2	  x2:0x00000000 f27=0x00000000
     109845.000 ns	     10983	800025c4	026a54b3	divu	x9,x20,x6	 x20:0x80041024  x6:0x00000000  x9=0xffffffff
     109865.000 ns	     10985	800025c8	401359b3	sra	x19,x6,x1	  x6:0x00000000  x1:0x80000000 x19=0x00000000
     109875.000 ns	     10986	800025cc	01108f33	add	x30,x1,x17	  x1:0x80000000 x17:0xffffffff x30=0x7fffffff
     109895.000 ns	     10988	800025d0	20778753	fsgnj.s	f14,f15,f7	 f15:0x00000000  f7:0x7fc00000 f14=0x00000000
     110265.000 ns	     11025	800025d4	02e1eeb3	rem	x29,x3,x14	  x3:0x000007da x14:0x7ffbeefb x29=0x000007da
     110295.000 ns	     11028	800025d8	a1a0a653	feq.s	x12,f1,f26	  f1:0x3434b4b6 f26:0x7fc00000 x12=0x00000000
     110335.000 ns	     11032	800025dc	11aa1e53	fmul.s	f28,f20,f26	 f20:0x7fc00000 f26:0x7fc00000 f28=0x7fc00000
     110355.000 ns	     11034	800025e0	40a6d833	sra	x16,x13,x10	 x13:0xfffffe79 x10:0x000005d0 x16=0xffffffff
     110365.000 ns	     11035	800025e4	fc396593	ori	x11,x18,-61	 x18:0x00000001 x11=0xffffffc3
     110385.000 ns	     11037	800025e8	215b9bd3	fsgnjn.s	f23,f23,f21	 f23:0xffc00000 f21:0x00000000 f23=0xffc00000
     110405.000 ns	     11039	800025ec	20c2ab93	slti	x23,x5,524	  x5:0x00000000 x23=0x00000001
     110415.000 ns	     11040	800025f0	00714ab3	xor	x21,x2,x7	  x2:0x00000000  x7:0x00000000 x21=0x00000000
     110425.000 ns	     11041	800025f4	411bd193	srai	x3,x23,0x11	 x23:0x00000753  x3=0x00000000
     110455.000 ns	     11044	800025f8	1941fad3	fdiv.s	f21,f3,f20	  f3:0x00000000 f20:0x7fc00000 f21=0x7fc00000
     110475.000 ns	     11046	800025fc	c1f23113	sltiu	x2,x4,-993	  x4:0x26d8b000  x2=0x00000001
     110495.000 ns	     11048	80002600	a176a2d3	feq.s	x5,f13,f23	 f13:0x00000000 f23:0xffc00000  x5=0x00000000
     110525.000 ns	     11051	80002604	20449fd3	fsgnjn.s	f31,f9,f4	  f9:0x4f7fffff  f4:0x00000000 f31=0xcf7fffff
     110555.000 ns	     11054	80002608	e0060b53	fmv.x.w	x22,f12	 f12:0x8000016b x22=0x8000016b
     110575.000 ns	     11056	8000260c	b72bdd17	auipc	x26,0xb72bd	 x26=0x372bf60c
     110585.000 ns	     11057	80002610	2c393113	sltiu	x2,x18,707	 x18:0x00000001  x2=0x00000001
     110605.000 ns	     11059	80002614	281712d3	fmax.s	f5,f14,f1	 f14:0x00000000  f1:0x3434b4b6  f5=0x3434b4b6
     110655.000 ns	     11064	80002618	0011fb53	fadd.s	f22,f3,f1	  f3:0x00000000  f1:0x3434b4b6 f22=0x3434b4b6
     110685.000 ns	     11067	8000261c	d0173dd3	fcvt.s.wu	f27,x14	 x14:0x7ffbeefb f27=0x4efff7de
     110715.000 ns	     11070	80002620	a078a7d3	feq.s	x15,f17,f7	 f17:0x2434b4b6  f7:0x7fc00000 x15=0x00000000
     110745.000 ns	     11073	80002624	026954b3	divu	x9,x18,x6	 x18:0x00000001  x6:0x00000000  x9=0xffffffff
     110765.000 ns	     11075	80002628	d68c7e17	auipc	x28,0xd68c7	 x28=0x568c9628
     110785.000 ns	     11077	8000262c	036836b3	mulhu	x13,x16,x22	 x16:0xffffffff x22:0x8000016b x13=0x8000016a
     110825.000 ns	     11081	80002630	580c0bd3	fsqrt.s	f23,f24	 f24:0x7f800000 f23=0x7f800000
     110855.000 ns	     11084	80002634	025f6eb3	rem	x29,x30,x5	 x30:0x7fffffff  x5:0x00000000 x29=0x7fffffff
     110885.000 ns	     11087	80002638	c01f8f53	fcvt.wu.s	x30,f31	 f31:0xcf7fffff x30=0xffffff00
     110915.000 ns	     11090	8000263c	e00507d3	fmv.x.w	x15,f10	 f10:0x00000000 x15=0x00000000
     110935.000 ns	     11092	80002640	4112deb3	sra	x29,x5,x17	  x5:0x00000000 x17:0xffffffff x29=0x00000000
     110955.000 ns	     11094	80002644	29971fd3	fmax.s	f31,f14,f25	 f14:0x00000000 f25:0x00000000 f31=0x00000000
     110975.000 ns	     11096	80002648	3af84893	xori	x17,x16,943	 x16:0xffffffff x17=0xfffffc50
     110985.000 ns	     11097	8000264c	01c94633	xor	x12,x18,x28	 x18:0x00000001 x28:0x568c9628 x12=0x568c9629
     110995.000 ns	     11098	80002650	4e9abc97	auipc	x25,0x4e9ab	 x25=0xce9ad650
     111015.000 ns	     11100	80002654	02beb833	mulhu	x16,x29,x11	 x29:0x00000000 x11:0xffffffc3 x16=0x00000000
     111035.000 ns	     11102	80002658	011347b3	xor	x15,x6,x17	  x6:0x00000000 x17:0xfffffc50 x15=0xfffffc50
     111395.000 ns	     11138	8000265c	039a45b3	div	x11,x20,x25	 x20:0x80041024 x25:0xce9ad650 x11=0x00000002
     111765.000 ns	     11175	80002660	02cd6733	rem	x14,x26,x12	 x26:0x372bf60c x12:0x568c9629 x14=0x372bf60c
     111815.000 ns	     11180	80002664	004f7dd3	fadd.s	f27,f30,f4	 f30:0xffc00000  f4:0x00000000 f27=0x7fc00000
     111845.000 ns	     11183	80002668	037731b3	mulhu	x3,x14,x23	 x14:0x372bf60c x23:0x00000001  x3=0x00000000
     111875.000 ns	     11186	8000266c	a0f31b53	flt.s	x22,f6,f15	  f6:0x8000016b f15:0x00000000 x22=0x00000001
     111905.000 ns	     11189	80002670	028a3533	mulhu	x10,x20,x8	 x20:0x80041024  x8:0x80040fe4 x10=0x40041014
     111925.000 ns	     11191	80002674	0d4a9e37	lui	x28,0xd4a9	 x28=0x0d4a9000
     111945.000 ns	     11193	80002678	f00b82d3	fmv.w.x	f5,x23	 x23:0x00000001  f5=0x00000001
     111965.000 ns	     11195	8000267c	0f1f38b7	lui	x17,0xf1f3	 x17=0x0f1f3000
     111985.000 ns	     11197	80002680	20ba98d3	fsgnjn.s	f17,f21,f11	 f21:0x7fc00000 f11:0x7fc00000 f17=0xffc00000
     112015.000 ns	     11200	80002684	0305dc33	divu	x24,x11,x16	 x11:0x00000002 x16:0x00000000 x24=0xffffffff
     112045.000 ns	     11203	80002688	e00e9dd3	fclass.s	x27,f29	 f29:0x4f7fffff x27=0x00000040
     112065.000 ns	     11205	8000268c	015cc133	xor	x2,x25,x21	 x25:0xce9ad650 x21:0x00000000  x2=0xce9ad650
     112085.000 ns	     11207	80002690	d015f9d3	fcvt.s.wu	f19,x11	 x11:0x00000002 f19=0x40000000
     112115.000 ns	     11210	80002694	28300853	fmin.s	f16,f0,f3	  f0:0x1cd840ec  f3:0x00000000 f16=0x00000000
     112145.000 ns	     11213	80002698	0350e833	rem	x16,x1,x21	  x1:0x80000000 x21:0x00000000 x16=0x80000000
     112175.000 ns	     11216	8000269c	a0399ad3	flt.s	x21,f19,f3	 f19:0x40000000  f3:0x00000000 x21=0x00000000
     112205.000 ns	     11219	800026a0	c01e35d3	fcvt.wu.s	x11,f28	 f28:0x7fc00000 x11=0xffffffff
     112575.000 ns	     11256	800026a4	0397dfb3	divu	x31,x15,x25	 x15:0xfffffc50 x25:0xce9ad650 x31=0x00000001
     112605.000 ns	     11259	800026a8	033ee233	rem	x4,x29,x19	 x29:0x00000000 x19:0x00000000  x4=0x00000000
     112635.000 ns	     11262	800026ac	02bd8eb3	mul	x29,x27,x11	 x27:0x00000040 x11:0xffffffff x29=0xffffffc0
     112655.000 ns	     11264	800026b0	947d7f93	andi	x31,x26,-1721	 x26:0x372bf60c x31=0x372bf004
     112665.000 ns	     11265	800026b4	00e2e5b3	or	x11,x5,x14	  x5:0x00000000 x14:0x372bf60c x11=0x372bf60c
     113025.000 ns	     11301	800026b8	022178b3	remu	x17,x2,x2	  x2:0xce9ad650  x2:0xce9ad650 x17=0x00000000
     113055.000 ns	     11304	800026bc	d01b74d3	fcvt.s.wu	f9,x22	 x22:0x00000001  f9=0x3f800000
     113075.000 ns	     11306	800026c0	811bef13	ori	x30,x23,-2031	 x23:0x00000001 x30=0xfffff811
     113095.000 ns	     11308	800026c4	20ec00d3	fsgnj.s	f1,f24,f14	 f24:0x7f800000 f14:0x00000000  f1=0x7f800000
     113115.000 ns	     11310	800026c8	f04ea613	slti	x12,x29,-252	 x29:0xffffffc0 x12=0x00000000
     113135.000 ns	     11312	800026cc	286184d3	fmin.s	f9,f3,f6	  f3:0x00000000  f6:0x8000016b  f9=0x8000016b
     113165.000 ns	     11315	800026d0	f00a8653	fmv.w.x	f12,x21	 x21:0x00000000 f12=0x00000000
     113195.000 ns	     11318	800026d4	f0080653	fmv.w.x	f12,x16	 x16:0x80000000 f12=0x80000000
     113235.000 ns	     11322	800026d8	580a7b53	fsqrt.s	f22,f20	 f20:0x7fc00000 f22=0x7fc00000
     113255.000 ns	     11324	800026dc	003646b3	xor	x13,x12,x3	 x12:0x00000000  x3:0x00000000 x13=0x00000000
     113265.000 ns	     11325	800026e0	005c9c13	slli	x24,x25,0x5	 x25:0xce9ad650 x24=0xd35aca00
     113275.000 ns	     11326	800026e4	001337b3	sltu	x15,x6,x1	  x6:0x00000000  x1:0x80000000 x15=0x00000001
     113285.000 ns	     11327	800026e8	f7a1af13	slti	x30,x3,-134	  x3:0x00000000 x30=0x00000000
     113295.000 ns	     11328	800026ec	33872b13	slti	x22,x14,824	 x14:0x372bf60c x22=0x00000000
     113315.000 ns	     11330	800026f0	02de2fb3	mulhsu	x31,x28,x13	 x28:0x0d4a9000 x13:0x00000000 x31=0x00000000
     113345.000 ns	     11333	800026f4	03345533	divu	x10,x8,x19	  x8:0x80040fe4 x19:0x00000000 x10=0xffffffff
     113365.000 ns	     11335	800026f8	0028c833	xor	x16,x17,x2	 x17:0x00000000  x2:0xce9ad650 x16=0xce9ad650
     113395.000 ns	     11338	800026fc	5807a9d3	fsqrt.s	f19,f15	 f15:0x00000000 f19=0x00000000
     113445.000 ns	     11343	80002700	001efe53	fadd.s	f28,f29,f1	 f29:0x4f7fffff  f1:0x7f800000 f28=0x7f800000
     113475.000 ns	     11346	80002704	c01981d3	fcvt.wu.s	x3,f19	 f19:0x00000000  x3=0x00000000
     113505.000 ns	     11349	80002708	21540fd3	fsgnj.s	f31,f8,f21	  f8:0x7fc00000 f21:0x7fc00000 f31=0x7fc00000
     113535.000 ns	     11352	8000270c	c00e16d3	fcvt.w.s	x13,f28	 f28:0x7f800000 x13=0x7fffffff
     113575.000 ns	     11356	80002710	11637c53	fmul.s	f24,f6,f22	  f6:0x8000016b f22:0x7fc00000 f24=0x7fc00000
     113595.000 ns	     11358	80002714	40f2dd93	srai	x27,x5,0xf	  x5:0x00000000 x27=0x00000000
     113615.000 ns	     11360	80002718	c01df6d3	fcvt.wu.s	x13,f27	 f27:0x7fc00000 x13=0xffffffff
     113635.000 ns	     11362	8000271c	00e93133	sltu	x2,x18,x14	 x18:0x00000001 x14:0x372bf60c  x2=0x00000001
     113655.000 ns	     11364	80002720	025c06b3	mul	x13,x24,x5	 x24:0xd35aca00  x5:0x00000000 x13=0x00000000
     113675.000 ns	     11366	80002724	00128fb3	add	x31,x5,x1	  x5:0x00000000  x1:0x80000000 x31=0x80000000
     113685.000 ns	     11367	80002728	e03bb313	sltiu	x6,x23,-509	 x23:0x00000001  x6=0x00000001
     114045.000 ns	     11403	8000272c	0381e5b3	rem	x11,x3,x24	  x3:0x00000000 x24:0xd35aca00 x11=0x00000000
     114415.000 ns	     11440	80002730	03cafc33	remu	x24,x21,x28	 x21:0x00000000 x28:0x0d4a9000 x24=0x00000000
     114435.000 ns	     11442	80002734	01bb5033	srl	x0,x22,x27	 x22:0x00000000 x27:0x00000000
     114455.000 ns	     11444	80002738	02564133	div	x2,x12,x5	 x12:0x00000000  x5:0x00000000  x2=0xffffffff
     114475.000 ns	     11446	8000273c	00000013	addi	x0,x0,0	  x0:0x00000000
     114485.000 ns	     11447	80002740	004fec33	or	x24,x31,x4	 x31:0x80000000  x4:0x00000000 x24=0x80000000
     114505.000 ns	     11449	80002744	e00596d3	fclass.s	x13,f11	 f11:0x7fc00000 x13=0x00000200
     114535.000 ns	     11452	80002748	209e9553	fsgnjn.s	f10,f29,f9	 f29:0x4f7fffff  f9:0x8000016b f10=0x4f7fffff
     114555.000 ns	     11454	8000274c	01e41f13	slli	x30,x8,0x1e	  x8:0x80040fe4 x30=0x00000000
     114575.000 ns	     11456	80002750	d0127453	fcvt.s.wu	f8,x4	  x4:0x00000000  f8=0x00000000
     114605.000 ns	     11459	80002754	29fb0153	fmin.s	f2,f22,f31	 f22:0x7fc00000 f31:0x7fc00000  f2=0x7fc00000
     114635.000 ns	     11462	80002758	21109353	fsgnjn.s	f6,f1,f17	  f1:0x7f800000 f17:0xffc00000  f6=0x7f800000
     114655.000 ns	     11464	8000275c	40830733	sub	x14,x6,x8	  x6:0x00000001  x8:0x80040fe4 x14=0x7ffbf01d
     114675.000 ns	     11466	80002760	21808853	fsgnj.s	f16,f1,f24	  f1:0x7f800000 f24:0x7fc00000 f16=0x7f800000
     114705.000 ns	     11469	80002764	0323aab3	mulhsu	x21,x7,x18	  x7:0x00000000 x18:0x00000001 x21=0x00000000
     114725.000 ns	     11471	80002768	583ae893	ori	x17,x21,1411	 x21:0x00000000 x17=0x00000583
     114735.000 ns	     11472	8000276c	6e923b37	lui	x22,0x6e923	 x22=0x6e923000
     114745.000 ns	     11473	80002770	01915c13	srli	x24,x2,0x19	  x2:0xffffffff x24=0x0000007f
     114785.000 ns	     11477	80002774	0124fa53	fadd.s	f20,f9,f18	  f9:0x8000016b f18:0x4e66c207 f20=0x4e66c207
     114825.000 ns	     11481	80002778	18497c53	fdiv.s	f24,f18,f4	 f18:0x4e66c207  f4:0x00000000 f24=0x7f800000
     114845.000 ns	     11483	8000277c	52fe6493	ori	x9,x28,1327	 x28:0x0d4a9000  x9=0x0d4a952f
     114865.000 ns	     11485	80002780	d00172d3	fcvt.s.w	f5,x2	  x2:0xffffffff  f5=0xbf800000
     114895.000 ns	     11488	80002784	212d1f53	fsgnjn.s	f30,f26,f18	 f26:0x7fc00000 f18:0x4e66c207 f30=0xffc00000
     114925.000 ns	     11491	80002788	d00d3453	fcvt.s.w	f8,x26	 x26:0x372bf60c  f8=0x4e5cafd9
     114955.000 ns	     11494	8000278c	203829d3	fsgnjx.s	f19,f16,f3	 f16:0x7f800000  f3:0x00000000 f19=0x7f800000
     114985.000 ns	     11497	80002790	a1d1a553	feq.s	x10,f3,f29	  f3:0x00000000 f29:0x4f7fffff x10=0x00000000
     115035.000 ns	     11502	80002794	004679d3	fadd.s	f19,f12,f4	 f12:0x80000000  f4:0x00000000 f19=0x00000000
     115065.000 ns	     11505	80002798	c01cf053	fcvt.wu.s	x0,f25	 f25:0x00000000
     115095.000 ns	     11508	8000279c	f0058cd3	fmv.w.x	f25,x11	 x11:0x00000000 f25=0x00000000
     115115.000 ns	     11510	800027a0	011f1933	sll	x18,x30,x17	 x30:0x00000000 x17:0x00000583 x18=0x00000000
     115135.000 ns	     11512	800027a4	a098aed3	feq.s	x29,f17,f9	 f17:0xffc00000  f9:0x8000016b x29=0x00000000
     115165.000 ns	     11515	800027a8	d00f1353	fcvt.s.w	f6,x30	 x30:0x00000000  f6=0x00000000
     115185.000 ns	     11517	800027ac	011cd033	srl	x0,x25,x17	 x25:0xce9ad650 x17:0x00000583
     115205.000 ns	     11519	800027b0	03325733	divu	x14,x4,x19	  x4:0x00000000 x19:0x00000000 x14=0xffffffff
     115235.000 ns	     11522	800027b4	02c657b3	divu	x15,x12,x12	 x12:0x00000000 x12:0x00000000 x15=0xffffffff
     115255.000 ns	     11524	800027b8	005fb3b3	sltu	x7,x31,x5	 x31:0x80000000  x5:0x00000000  x7=0x00000000
     115275.000 ns	     11526	800027bc	21d10dd3	fsgnj.s	f27,f2,f29	  f2:0x7fc00000 f29:0x4f7fffff f27=0x7fc00000
     115305.000 ns	     11529	800027c0	03ca24b3	mulhsu	x9,x20,x28	 x20:0x80041024 x28:0x0d4a9000  x9=0xf95aee00
     115325.000 ns	     11531	800027c4	0003fdb3	and	x27,x7,x0	  x7:0x00000000  x0:0x00000000 x27=0x00000000
     115335.000 ns	     11532	800027c8	33c73d13	sltiu	x26,x14,828	 x14:0xffffffff x26=0x00000000
     115355.000 ns	     11534	800027cc	d01a7ad3	fcvt.s.wu	f21,x20	 x20:0x80041024 f21=0x4f000410
     115385.000 ns	     11537	800027d0	03e34033	div	x0,x6,x30	  x6:0x00000001 x30:0x00000000
     115405.000 ns	     11539	800027d4	0166e033	or	x0,x13,x22	 x13:0x00000200 x22:0x6e923000
     115735.000 ns	     11572	800027d8	18aafb53	fdiv.s	f22,f21,f10	 f21:0x4f000410 f10:0x4f7fffff f22=0x3f000410
     115765.000 ns	     11575	800027dc	c00c77d3	fcvt.w.s	x15,f24	 f24:0x7f800000 x15=0x7fffffff
     115785.000 ns	     11577	800027e0	0164e3b3	or	x7,x9,x22	  x9:0xf95aee00 x22:0x6e923000  x7=0xffdafe00
     115795.000 ns	     11578	800027e4	23272d13	slti	x26,x14,562	 x14:0xffffffff x26=0x00000001
     115805.000 ns	     11579	800027e8	1f48fc13	andi	x24,x17,500	 x17:0x00000583 x24=0x00000180
     115815.000 ns	     11580	800027ec	57dbca93	xori	x21,x23,1405	 x23:0x00000001 x21=0x0000057c
     115825.000 ns	     11581	800027f0	e2a04c93	xori	x25,x0,-470	  x0:0x00000000 x25=0xfffffe2a
     115835.000 ns	     11582	800027f4	007b18b3	sll	x17,x22,x7	 x22:0x6e923000  x7:0xffdafe00 x17=0x6e923000
     115855.000 ns	     11584	800027f8	29579f53	fmax.s	f30,f15,f21	 f15:0x00000000 f21:0x4f000410 f30=0x4f000410
     115885.000 ns	     11587	800027fc	d00834d3	fcvt.s.w	f9,x16	 x16:0xce9ad650  f9=0xce4594a7
     115915.000 ns	     11590	80002800	e00286d3	fmv.x.w	x13,f5	  f5:0xbf800000 x13=0xbf800000
     115935.000 ns	     11592	80002804	40d02793	slti	x15,x0,1037	  x0:0x00000000 x15=0x00000001
     115955.000 ns	     11594	80002808	02f79cb3	mulh	x25,x15,x15	 x15:0x7fffffff x15:0x7fffffff x25=0x00000000
     115995.000 ns	     11598	8000280c	11e88c53	fmul.s	f24,f17,f30	 f17:0xffc00000 f30:0x4f000410 f24=0x7fc00000
     116015.000 ns	     11600	80002810	c5252693	slti	x13,x10,-942	 x10:0x00000000 x13=0x00000000
     116035.000 ns	     11602	80002814	214eaf53	fsgnjx.s	f30,f29,f20	 f29:0x4f7fffff f20:0x4e66c207 f30=0x4f7fffff
     116065.000 ns	     11605	80002818	c0162c53	fcvt.wu.s	x24,f12	 f12:0x80000000 x24=0x00000000
     116095.000 ns	     11608	8000281c	039a3b33	mulhu	x22,x20,x25	 x20:0x80041024 x25:0x00000000 x22=0x00000000
     116125.000 ns	     11611	80002820	a07c0fd3	fle.s	x31,f24,f7	 f24:0x7fc00000  f7:0x7fc00000 x31=0x00000000
     116155.000 ns	     11614	80002824	02447833	remu	x16,x8,x4	  x8:0x80040fe4  x4:0x00000000 x16=0x80040fe4
     116185.000 ns	     11617	80002828	2157aa53	fsgnjx.s	f20,f15,f21	 f15:0x00000000 f21:0x4f000410 f20=0x00000000
     116205.000 ns	     11619	8000282c	3071c713	xori	x14,x3,775	  x3:0x00000000 x14=0x00000307
     116225.000 ns	     11621	80002830	286b1453	fmax.s	f8,f22,f6	 f22:0x3f000410  f6:0x00000000  f8=0x3f000410
     116275.000 ns	     11626	80002834	094df453	fsub.s	f8,f27,f20	 f27:0x7fc00000 f20:0x00000000  f8=0x7fc00000
     116305.000 ns	     11629	80002838	026326b3	mulhsu	x13,x6,x6	  x6:0x00000001  x6:0x00000001 x13=0x00000000
     116335.000 ns	     11632	8000283c	03228033	mul	x0,x5,x18	  x5:0x00000000 x18:0x00000000
     116365.000 ns	     11635	80002840	205a2ed3	fsgnjx.s	f29,f20,f5	 f20:0x00000000  f5:0xbf800000 f29=0x80000000
     116385.000 ns	     11637	80002844	40835fb3	sra	x31,x6,x8	  x6:0x00000001  x8:0x80040fe4 x31=0x00000000
     116405.000 ns	     11639	80002848	e0049dd3	fclass.s	x27,f9	  f9:0xce4594a7 x27=0x00000002
     116435.000 ns	     11642	8000284c	f0038ad3	fmv.w.x	f21,x7	  x7:0xffdafe00 f21=0xffdafe00
     116465.000 ns	     11645	80002850	2189ae53	fsgnjx.s	f28,f19,f24	 f19:0x00000000 f24:0x7fc00000 f28=0x00000000
     116485.000 ns	     11647	80002854	00000013	addi	x0,x0,0	  x0:0x00000000
     116505.000 ns	     11649	80002858	21b52bd3	fsgnjx.s	f23,f10,f27	 f10:0x4f7fffff f27:0x7fc00000 f23=0x4f7fffff
     116535.000 ns	     11652	8000285c	d002fad3	fcvt.s.w	f21,x5	  x5:0x00000000 f21=0x00000000
     116555.000 ns	     11654	80002860	00f9fdb3	and	x27,x19,x15	 x19:0x00000000 x15:0x00000001 x27=0x00000000
     116575.000 ns	     11656	80002864	e00795d3	fclass.s	x11,f15	 f15:0x00000000 x11=0x00000010
     116595.000 ns	     11658	80002868	01a89c13	slli	x24,x17,0x1a	 x17:0x6e923000 x24=0x00000000
     116615.000 ns	     11660	8000286c	a1698fd3	fle.s	x31,f19,f22	 f19:0x00000000 f22:0x3f000410 x31=0x00000001
     116645.000 ns	     11663	80002870	a0f59f53	flt.s	x30,f11,f15	 f11:0x7fc00000 f15:0x00000000 x30=0x00000000
     116675.000 ns	     11666	80002874	02a075b3	remu	x11,x0,x10	  x0:0x00000000 x10:0x00000000 x11=0x00000000
     116705.000 ns	     11669	80002878	a033ab53	feq.s	x22,f7,f3	  f7:0x7fc00000  f3:0x00000000 x22=0x00000000
     116735.000 ns	     11672	8000287c	023de9b3	rem	x19,x27,x3	 x27:0x00000000  x3:0x00000000 x19=0x00000000
     116765.000 ns	     11675	80002880	21c711d3	fsgnjn.s	f3,f14,f28	 f14:0x00000000 f28:0x00000000  f3=0x80000000
     116795.000 ns	     11678	80002884	214ba1d3	fsgnjx.s	f3,f23,f20	 f23:0x4f7fffff f20:0x00000000  f3=0x4f7fffff
     117975.000 ns	     11796	80002888	580b7353	fsqrt.s	f6,f22	 f22:0x3f000410  f6=0x3eb50a40
     118005.000 ns	     11799	8000288c	29218c53	fmin.s	f24,f3,f18	  f3:0x4f7fffff f18:0x4e66c207 f24=0x4e66c207
     118035.000 ns	     11802	80002890	02f7bfb3	mulhu	x31,x15,x15	 x15:0x00000001 x15:0x00000001 x31=0x00000000
     118065.000 ns	     11805	80002894	a10f21d3	feq.s	x3,f30,f16	 f30:0x4f7fffff f16:0x7f800000  x3=0x00000000
     118085.000 ns	     11807	80002898	00000013	addi	x0,x0,0	  x0:0x00000000
     118095.000 ns	     11808	8000289c	00fa7f33	and	x30,x20,x15	 x20:0x80041024 x15:0x00000001 x30=0x00000000
     118105.000 ns	     11809	800028a0	00af15b3	sll	x11,x30,x10	 x30:0x00000000 x10:0x00000000 x11=0x00000000
     118125.000 ns	     11811	800028a4	036075b3	remu	x11,x0,x22	  x0:0x00000000 x22:0x00000000 x11=0x00000000
     118145.000 ns	     11813	800028a8	00000013	addi	x0,x0,0	  x0:0x00000000
     118155.000 ns	     11814	800028ac	00e8de33	srl	x28,x17,x14	 x17:0x6e923000 x14:0x00000307 x28=0x00dd2460
     118195.000 ns	     11818	800028b0	0854fc53	fsub.s	f24,f9,f5	  f9:0xce4594a7  f5:0xbf800000 f24=0xce4594a6
     118225.000 ns	     11821	800028b4	c001f353	fcvt.w.s	x6,f3	  f3:0x4f7fffff  x6=0x7fffffff
     118245.000 ns	     11823	800028b8	f3e8dd17	auipc	x26,0xf3e8d	 x26=0x73e8f8b8
     118265.000 ns	     11825	800028bc	02c54b33	div	x22,x10,x12	 x10:0x00000000 x12:0x00000000 x22=0xffffffff
     118315.000 ns	     11830	800028c0	0823f253	fsub.s	f4,f7,f2	  f7:0x7fc00000  f2:0x7fc00000  f4=0x7fc00000
     118345.000 ns	     11833	800028c4	02b2fbb3	remu	x23,x5,x11	  x5:0x00000000 x11:0x00000000 x23=0x00000000
     118375.000 ns	     11836	800028c8	02771e33	mulh	x28,x14,x7	 x14:0x00000307  x7:0xffdafe00 x28=0xffffffff
     118405.000 ns	     11839	800028cc	0240d5b3	divu	x11,x1,x4	  x1:0x80000000  x4:0x00000000 x11=0xffffffff
     118445.000 ns	     11843	800028d0	115ffb53	fmul.s	f22,f31,f21	 f31:0x7fc00000 f21:0x00000000 f22=0x7fc00000
     118495.000 ns	     11848	800028d4	09e41353	fsub.s	f6,f8,f30	  f8:0x7fc00000 f30:0x4f7fffff  f6=0x7fc00000
     118515.000 ns	     11850	800028d8	415b86b3	sub	x13,x23,x21	 x23:0x00000000 x21:0x0000057c x13=0xfffffa84
     118525.000 ns	     11851	800028dc	41b0da93	srai	x21,x1,0x1b	  x1:0x80000000 x21=0xfffffff0
     118545.000 ns	     11853	800028e0	a0ea8cd3	fle.s	x25,f21,f14	 f21:0x00000000 f14:0x00000000 x25=0x00000001
     118565.000 ns	     11855	800028e4	0efba013	slti	x0,x23,239	 x23:0x00000000
     118595.000 ns	     11858	800028e8	18ee7f53	fdiv.s	f30,f28,f14	 f28:0x00000000 f14:0x00000000 f30=0x7fc00000
     118625.000 ns	     11861	800028ec	c00e9753	fcvt.w.s	x14,f29	 f29:0x80000000 x14=0x00000000
     118645.000 ns	     11863	800028f0	618f15b7	lui	x11,0x618f1	 x11=0x618f1000
     118665.000 ns	     11865	800028f4	e0009253	fclass.s	x4,f1	  f1:0x7f800000  x4=0x00000080
     118685.000 ns	     11867	800028f8	7407c913	xori	x18,x15,1856	 x15:0x00000001 x18=0x00000741
     118695.000 ns	     11868	800028fc	0030fb33	and	x22,x1,x3	  x1:0x80000000  x3:0x00000000 x22=0x00000000
     119055.000 ns	     11904	80002900	03aedab3	divu	x21,x29,x26	 x29:0x00000000 x26:0x73e8f8b8 x21=0x00000000
     119085.000 ns	     11907	80002904	e00c0ad3	fmv.x.w	x21,f24	 f24:0xce4594a6 x21=0xce4594a6
     119105.000 ns	     11909	80002908	d4a76d37	lui	x26,0xd4a76	 x26=0xd4a76000
     119465.000 ns	     11945	8000290c	0265ffb3	remu	x31,x11,x6	 x11:0x618f1000  x6:0x7fffffff x31=0x618f1000
     119495.000 ns	     11948	80002910	f0078053	fmv.w.x	f0,x15	 x15:0x00000001  f0=0x00000001
     119525.000 ns	     11951	80002914	28e38053	fmin.s	f0,f7,f14	  f7:0x7fc00000 f14:0x00000000  f0=0x00000000
     119545.000 ns	     11953	80002918	41cd5cb3	sra	x25,x26,x28	 x26:0xd4a76000 x28:0xffffffff x25=0xffffffff
     119555.000 ns	     11954	8000291c	01568833	add	x16,x13,x21	 x13:0xfffffa84 x21:0xce4594a6 x16=0xce458f2a
     119565.000 ns	     11955	80002920	00673233	sltu	x4,x14,x6	 x14:0x00000000  x6:0x7fffffff  x4=0x00000001
     119575.000 ns	     11956	80002924	40498bb3	sub	x23,x19,x4	 x19:0x00000000  x4:0x00000080 x23=0xffffffff
     119615.000 ns	     11960	80002928	01b7c153	fadd.s	f2,f15,f27	 f15:0x00000000 f27:0x7fc00000  f2=0x7fc00000
     119635.000 ns	     11962	8000292c	00531d33	sll	x26,x6,x5	  x6:0x7fffffff  x5:0x00000000 x26=0x7fffffff
     119655.000 ns	     11964	80002930	f00b8cd3	fmv.w.x	f25,x23	 x23:0xffffffff f25=0xffffffff
     119675.000 ns	     11966	80002934	41d805b3	sub	x11,x16,x29	 x16:0xce458f2a x29:0x00000000 x11=0xce458f2a
     119685.000 ns	     11967	80002938	20227313	andi	x6,x4,514	  x4:0x00000001  x6=0x00000000
     119705.000 ns	     11969	8000293c	e00d9753	fclass.s	x14,f27	 f27:0x7fc00000 x14=0x00000200
     119735.000 ns	     11972	80002940	f0068c53	fmv.w.x	f24,x13	 x13:0xfffffa84 f24=0xfffffa84
     119775.000 ns	     11976	80002944	18979153	fdiv.s	f2,f15,f9	 f15:0x00000000  f9:0xce4594a7  f2=0x80000000
     119805.000 ns	     11979	80002948	204d1fd3	fsgnjn.s	f31,f26,f4	 f26:0x7fc00000  f4:0x7fc00000 f31=0xffc00000
     119855.000 ns	     11984	8000294c	00bff053	fadd.s	f0,f31,f11	 f31:0x7fc00000 f11:0x7fc00000  f0=0x7fc00000
     119875.000 ns	     11986	80002950	40cf5b33	sra	x22,x30,x12	 x30:0x00000000 x12:0x00000000 x22=0x00000000
     119895.000 ns	     11988	80002954	02a12b33	mulhsu	x22,x2,x10	  x2:0xffffffff x10:0x00000000 x22=0x00000000
     119925.000 ns	     11991	80002958	20d885d3	fsgnj.s	f11,f17,f13	 f17:0xffc00000 f13:0x00000000 f11=0x7fc00000
     119945.000 ns	     11993	8000295c	01529913	slli	x18,x5,0x15	  x5:0x00000000 x18=0x00000000
     119965.000 ns	     11995	80002960	c00f7dd3	fcvt.w.s	x27,f30	 f30:0x7fc00000 x27=0x7fffffff
     119995.000 ns	     11998	80002964	d00372d3	fcvt.s.w	f5,x6	  x6:0x00000000  f5=0x00000000
     120035.000 ns	     12002	80002968	580d2e53	fsqrt.s	f28,f26	 f26:0x7fc00000 f28=0x7fc00000
     120055.000 ns	     12004	8000296c	018a44b3	xor	x9,x20,x24	 x20:0x80041024 x24:0x00000000  x9=0x80041024
     120075.000 ns	     12006	80002970	038bbcb3	mulhu	x25,x23,x24	 x23:0xffffffff x24:0x00000000 x25=0x00000000
     120095.000 ns	     12008	80002974	410ed493	srai	x9,x29,0x10	 x29:0x00000000  x9=0x00000000
     120115.000 ns	     12010	80002978	03ff2033	mulhsu	x0,x30,x31	 x30:0x00000000 x31:0x618f1000
     120145.000 ns	     12013	8000297c	21f4ab53	fsgnjx.s	f22,f9,f31	  f9:0xce4594a7 f31:0xffc00000 f22=0x4e4594a7
     120175.000 ns	     12016	80002980	21e1a753	fsgnjx.s	f14,f3,f30	  f3:0x4f7fffff f30:0x7fc00000 f14=0x4f7fffff
     120195.000 ns	     12018	80002984	01fbebb3	or	x23,x23,x31	 x23:0xffffffff x31:0x618f1000 x23=0xffffffff
     120205.000 ns	     12019	80002988	9d577893	andi	x17,x14,-1579	 x14:0x00000200 x17=0x00000000
     120225.000 ns	     12021	8000298c	29618753	fmin.s	f14,f3,f22	  f3:0x4f7fffff f22:0x4e4594a7 f14=0x4e4594a7
     120245.000 ns	     12023	80002990	00871e13	slli	x28,x14,0x8	 x14:0x00000200 x28=0x00020000
     120275.000 ns	     12026	80002994	19b6b5d3	fdiv.s	f11,f13,f27	 f13:0x00000000 f27:0x7fc00000 f11=0x7fc00000
     120305.000 ns	     12029	80002998	205414d3	fsgnjn.s	f9,f8,f5	  f8:0x7fc00000  f5:0x00000000  f9=0xffc00000
     120325.000 ns	     12031	8000299c	f95d7e13	andi	x28,x26,-107	 x26:0x7fffffff x28=0x7fffff95
     120345.000 ns	     12033	800029a0	038719b3	mulh	x19,x14,x24	 x14:0x00000200 x24:0x00000000 x19=0x00000000
     120375.000 ns	     12036	800029a4	d00bffd3	fcvt.s.w	f31,x23	 x23:0xffffffff f31=0xbf800000
     120395.000 ns	     12038	800029a8	00279833	sll	x16,x15,x2	 x15:0x00000001  x2:0xffffffff x16=0x80000000
     120415.000 ns	     12040	800029ac	e0091153	fclass.s	x2,f18	 f18:0x4e66c207  x2=0x00000040
     120445.000 ns	     12043	800029b0	e00b0ed3	fmv.x.w	x29,f22	 f22:0x4e4594a7 x29=0x4e4594a7
     120475.000 ns	     12046	800029b4	219e1bd3	fsgnjn.s	f23,f28,f25	 f28:0x7fc00000 f25:0xffffffff f23=0x7fc00000
     120495.000 ns	     12048	800029b8	419fd133	sra	x2,x31,x25	 x31:0x618f1000 x25:0x00000000  x2=0x618f1000
     120505.000 ns	     12049	800029bc	008f87b3	add	x15,x31,x8	 x31:0x618f1000  x8:0x80040fe4 x15=0xe1931fe4
     120525.000 ns	     12051	800029c0	a17521d3	feq.s	x3,f10,f23	 f10:0x4f7fffff f23:0x7fc00000  x3=0x00000000
     120545.000 ns	     12053	800029c4	001e0633	add	x12,x28,x1	 x28:0x7fffff95  x1:0x80000000 x12=0xffffff95
     120555.000 ns	     12054	800029c8	015f9993	slli	x19,x31,0x15	 x31:0x618f1000 x19=0x00000000
     120575.000 ns	     12056	800029cc	e0089e53	fclass.s	x28,f17	 f17:0xffc00000 x28=0x00000200
     120595.000 ns	     12058	800029d0	006398b3	sll	x17,x7,x6	  x7:0xffdafe00  x6:0x00000000 x17=0xffdafe00
     120615.000 ns	     12060	800029d4	a0d821d3	feq.s	x3,f16,f13	 f16:0x7f800000 f13:0x00000000  x3=0x00000000
     120665.000 ns	     12065	800029d8	01c32353	fadd.s	f6,f6,f28	  f6:0x7fc00000 f28:0x7fc00000  f6=0x7fc00000
     120685.000 ns	     12067	800029dc	1bf88eb7	lui	x29,0x1bf88	 x29=0x1bf88000
     120705.000 ns	     12069	800029e0	a02794d3	flt.s	x9,f15,f2	 f15:0x00000000  f2:0x80000000  x9=0x00000000
     120735.000 ns	     12072	800029e4	033952b3	divu	x5,x18,x19	 x18:0x00000000 x19:0x00000000  x5=0xffffffff
     120775.000 ns	     12076	800029e8	580bc8d3	fsqrt.s	f17,f23	 f23:0x7fc00000 f17=0x7fc00000
     120795.000 ns	     12078	800029ec	00f422b3	slt	x5,x8,x15	  x8:0x80040fe4 x15:0xe1931fe4  x5=0x00000001
     120805.000 ns	     12079	800029f0	00c64fb3	xor	x31,x12,x12	 x12:0xffffff95 x12:0xffffff95 x31=0x00000000
     120815.000 ns	     12080	800029f4	01878d33	add	x26,x15,x24	 x15:0xe1931fe4 x24:0x00000000 x26=0xe1931fe4
     120825.000 ns	     12081	800029f8	419057b3	sra	x15,x0,x25	  x0:0x00000000 x25:0x00000000 x15=0x00000000
     120835.000 ns	     12082	800029fc	f1eaf513	andi	x10,x21,-226	 x21:0xce4594a6 x10=0xce459406
     120855.000 ns	     12084	80002a00	f00f8253	fmv.w.x	f4,x31	 x31:0x00000000  f4=0x00000000
     120875.000 ns	     12086	80002a04	41f30c33	sub	x24,x6,x31	  x6:0x00000000 x31:0x00000000 x24=0x00000000
     120895.000 ns	     12088	80002a08	0387f933	remu	x18,x15,x24	 x15:0x00000000 x24:0x00000000 x18=0x00000000
     120925.000 ns	     12091	80002a0c	d016b0d3	fcvt.s.wu	f1,x13	 x13:0xfffffa84  f1=0x4f7ffffb
     120965.000 ns	     12095	80002a10	18884b53	fdiv.s	f22,f16,f8	 f16:0x7f800000  f8:0x7fc00000 f22=0x7fc00000
     120985.000 ns	     12097	80002a14	00a66533	or	x10,x12,x10	 x12:0xffffff95 x10:0xce459406 x10=0xffffff97
     121005.000 ns	     12099	80002a18	e00c12d3	fclass.s	x5,f24	 f24:0xfffffa84  x5=0x00000200
     121045.000 ns	     12103	80002a1c	1957fad3	fdiv.s	f21,f15,f21	 f15:0x00000000 f21:0x00000000 f21=0x7fc00000
     121075.000 ns	     12106	80002a20	28e79bd3	fmax.s	f23,f15,f14	 f15:0x00000000 f14:0x4e4594a7 f23=0x4e4594a7
     121095.000 ns	     12108	80002a24	e6114b93	xori	x23,x2,-415	  x2:0x618f1000 x23=0x9e70ee61
     121115.000 ns	     12110	80002a28	03b104b3	mul	x9,x2,x27	  x2:0x618f1000 x27:0x7fffffff  x9=0x9e70f000
     121145.000 ns	     12113	80002a2c	28370e53	fmin.s	f28,f14,f3	 f14:0x4e4594a7  f3:0x4f7fffff f28=0x4e4594a7
     121165.000 ns	     12115	80002a30	00358e33	add	x28,x11,x3	 x11:0xce458f2a  x3:0x00000000 x28=0xce458f2a
     121175.000 ns	     12116	80002a34	866ea213	slti	x4,x29,-1946	 x29:0x1bf88000  x4=0x00000000
     121185.000 ns	     12117	80002a38	003e1393	slli	x7,x28,0x3	 x28:0x00000200  x7=0x722c7950
     121225.000 ns	     12121	80002a3c	00e441d3	fadd.s	f3,f8,f14	  f8:0x7fc00000 f14:0x4e4594a7  f3=0x7fc00000
     121595.000 ns	     12158	80002a40	035269b3	rem	x19,x4,x21	  x4:0x00000000 x21:0xce4594a6 x19=0x00000000
     121965.000 ns	     12195	80002a44	035ddd33	divu	x26,x27,x21	 x27:0x7fffffff x21:0xce4594a6 x26=0x00000000
     121985.000 ns	     12197	80002a48	c57b8393	addi	x7,x23,-937	 x23:0x9e70ee61  x7=0x9e70eab8
     121995.000 ns	     12198	80002a4c	00c92933	slt	x18,x18,x12	 x18:0x00000000 x12:0xffffff95 x18=0x00000000
     122015.000 ns	     12200	80002a50	e00f0ad3	fmv.x.w	x21,f30	 f30:0x7fc00000 x21=0x7fc00000
     122045.000 ns	     12203	80002a54	287c8f53	fmin.s	f30,f25,f7	 f25:0xffffffff  f7:0x7fc00000 f30=0x7fc00000
     122075.000 ns	     12206	80002a58	a0962cd3	feq.s	x25,f12,f9	 f12:0x80000000  f9:0xffc00000 x25=0x00000000
     122105.000 ns	     12209	80002a5c	c0197dd3	fcvt.wu.s	x27,f18	 f18:0x4e66c207 x27=0x39b081c0
     122155.000 ns	     12214	80002a60	0191b0d3	fadd.s	f1,f3,f25	  f3:0x7fc00000 f25:0xffffffff  f1=0x7fc00000
     122185.000 ns	     12217	80002a64	21962153	fsgnjx.s	f2,f12,f25	 f12:0x80000000 f25:0xffffffff  f2=0x00000000
     122215.000 ns	     12220	80002a68	e0081bd3	fclass.s	x23,f16	 f16:0x7f800000 x23=0x00000080
     122245.000 ns	     12223	80002a6c	033509b3	mul	x19,x10,x19	 x10:0xffffff97 x19:0x00000000 x19=0x00000000
     122265.000 ns	     12225	80002a70	006b28b3	slt	x17,x22,x6	 x22:0x00000000  x6:0x00000000 x17=0x00000000
     122275.000 ns	     12226	80002a74	afd9b613	sltiu	x12,x19,-1283	 x19:0x00000000 x12=0x00000001
     122285.000 ns	     12227	80002a78	d6b90013	addi	x0,x18,-661	 x18:0x00000000
     122295.000 ns	     12228	80002a7c	52c62713	slti	x14,x12,1324	 x12:0xffffff95 x14=0x00000001
     122315.000 ns	     12230	80002a80	283e9dd3	fmax.s	f27,f29,f3	 f29:0x80000000  f3:0x7fc00000 f27=0x80000000
     122345.000 ns	     12233	80002a84	d00878d3	fcvt.s.w	f17,x16	 x16:0x80000000 f17=0xcf000000
     122375.000 ns	     12236	80002a88	02b8bf33	mulhu	x30,x17,x11	 x17:0x00000000 x11:0xce458f2a x30=0x00000000
     122405.000 ns	     12239	80002a8c	e0068d53	fmv.x.w	x26,f13	 f13:0x00000000 x26=0x00000000
     122435.000 ns	     12242	80002a90	291599d3	fmax.s	f19,f11,f17	 f11:0x7fc00000 f17:0xcf000000 f19=0xcf000000
     122455.000 ns	     12244	80002a94	41ae54b3	sra	x9,x28,x26	 x28:0xce458f2a x26:0x00000000  x9=0xce458f2a
     122465.000 ns	     12245	80002a98	a104c893	xori	x17,x9,-1520	  x9:0x9e70f000 x17=0x31ba753a
     122485.000 ns	     12247	80002a9c	a1f59f53	flt.s	x30,f11,f31	 f11:0x7fc00000 f31:0xbf800000 x30=0x00000000
     122505.000 ns	     12249	80002aa0	002c1fb3	sll	x31,x24,x2	 x24:0x00000000  x2:0x618f1000 x31=0x00000000
     122525.000 ns	     12251	80002aa4	210619d3	fsgnjn.s	f19,f12,f16	 f12:0x80000000 f16:0x7f800000 f19=0x80000000
     122545.000 ns	     12253	80002aa8	0109f3b3	and	x7,x19,x16	 x19:0x00000000 x16:0x80000000  x7=0x00000000
     122555.000 ns	     12254	80002aac	86c18813	addi	x16,x3,-1940	  x3:0x00000000 x16=0xfffff86c
     122565.000 ns	     12255	80002ab0	00000013	addi	x0,x0,0	  x0:0x00000000
     122585.000 ns	     12257	80002ab4	288d1553	fmax.s	f10,f26,f8	 f26:0x7fc00000  f8:0x7fc00000 f10=0x7fc00000
     122605.000 ns	     12259	80002ab8	00a002b3	add	x5,x0,x10	  x0:0x00000000 x10:0xffffff97  x5=0xffffff97
     122625.000 ns	     12261	80002abc	c017ff53	fcvt.wu.s	x30,f15	 f15:0x00000000 x30=0x00000000
     122645.000 ns	     12263	80002ac0	c27c4793	xori	x15,x24,-985	 x24:0x00000000 x15=0xfffffc27
     122655.000 ns	     12264	80002ac4	05ba8313	addi	x6,x21,91	 x21:0x7fc00000  x6=0x7fc0005b
     122665.000 ns	     12265	80002ac8	0baa97b7	lui	x15,0xbaa9	 x15=0x0baa9000
     122675.000 ns	     12266	80002acc	00c9d193	srli	x3,x19,0xc	 x19:0x00000000  x3=0x00000000
     122695.000 ns	     12268	80002ad0	03003d33	mulhu	x26,x0,x16	  x0:0x00000000 x16:0xfffff86c x26=0x00000000
     122715.000 ns	     12270	80002ad4	2204a293	slti	x5,x9,544	  x9:0xce458f2a  x5=0x00000001
     122735.000 ns	     12272	80002ad8	0240b5b3	mulhu	x11,x1,x4	  x1:0x80000000  x4:0x00000000 x11=0x00000000
     122755.000 ns	     12274	80002adc	22f6cb17	auipc	x22,0x22f6c	 x22=0xa2f6eadc
     122775.000 ns	     12276	80002ae0	20c7a1d3	fsgnjx.s	f3,f15,f12	 f15:0x00000000 f12:0x80000000  f3=0x80000000
     122805.000 ns	     12279	80002ae4	e0050ad3	fmv.x.w	x21,f10	 f10:0x7fc00000 x21=0x7fc00000
     122825.000 ns	     12281	80002ae8	96198993	addi	x19,x19,-1695	 x19:0x00000000 x19=0xfffff961
     122845.000 ns	     12283	80002aec	283a03d3	fmin.s	f7,f20,f3	 f20:0x00000000  f3:0x80000000  f7=0x80000000
     122875.000 ns	     12286	80002af0	a0ae07d3	fle.s	x15,f28,f10	 f28:0x4e4594a7 f10:0x7fc00000 x15=0x00000000
     122895.000 ns	     12288	80002af4	00000013	addi	x0,x0,0	  x0:0x00000000
     122905.000 ns	     12289	80002af8	00235133	srl	x2,x6,x2	  x6:0x7fc0005b  x2:0x618f1000  x2=0x7fc0005b
     122915.000 ns	     12290	80002afc	b1236813	ori	x16,x6,-1262	  x6:0x7fc0005b x16=0xfffffb5b
     122925.000 ns	     12291	80002b00	016de4b3	or	x9,x27,x22	 x27:0x39b081c0 x22:0xa2f6eadc  x9=0xbbf6ebdc
     122935.000 ns	     12292	80002b04	01c3d2b3	srl	x5,x7,x28	  x7:0x00000000 x28:0xce458f2a  x5=0x00000000
     122945.000 ns	     12293	80002b08	00221913	slli	x18,x4,0x2	  x4:0x00000000 x18=0x00000000
     122955.000 ns	     12294	80002b0c	410c0c33	sub	x24,x24,x16	 x24:0x00000000 x16:0xfffffb5b x24=0x000004a5
     123315.000 ns	     12330	80002b10	03db6233	rem	x4,x22,x29	 x22:0xa2f6eadc x29:0x1bf88000  x4=0xf6e06adc
     123345.000 ns	     12333	80002b14	f0050ad3	fmv.w.x	f21,x10	 x10:0xffffff97 f21=0xffffff97
     123365.000 ns	     12335	80002b18	01bf74b3	and	x9,x30,x27	 x30:0x00000000 x27:0x39b081c0  x9=0x00000000
     123375.000 ns	     12336	80002b1c	c1b50917	auipc	x18,0xc1b50	 x18=0x41b52b1c
     123405.000 ns	     12339	80002b20	19e0f653	fdiv.s	f12,f1,f30	  f1:0x7fc00000 f30:0x7fc00000 f12=0x7fc00000
     123425.000 ns	     12341	80002b24	5bbb2f13	slti	x30,x22,1467	 x22:0xa2f6eadc x30=0x00000001
     123445.000 ns	     12343	80002b28	c0114c53	fcvt.wu.s	x24,f2	  f2:0x00000000 x24=0x00000000
     123475.000 ns	     12346	80002b2c	21648153	fsgnj.s	f2,f9,f22	  f9:0xffc00000 f22:0x7fc00000  f2=0x7fc00000
     123505.000 ns	     12349	80002b30	d0107e53	fcvt.s.wu	f28,x0	  x0:0x00000000 f28=0x00000000
     123535.000 ns	     12352	80002b34	c01448d3	fcvt.wu.s	x17,f8	  f8:0x7fc00000 x17=0xffffffff
     123555.000 ns	     12354	80002b38	ef867493	andi	x9,x12,-264	 x12:0x00000001  x9=0x00000000
     123565.000 ns	     12355	80002b3c	52915e37	lui	x28,0x52915	 x28=0x52915000
     123585.000 ns	     12357	80002b40	03410633	mul	x12,x2,x20	  x2:0x7fc0005b x20:0x80041024 x12=0x7871bccc
     123615.000 ns	     12360	80002b44	03ea9db3	mulh	x27,x21,x30	 x21:0x7fc00000 x30:0x00000001 x27=0x00000000
     123645.000 ns	     12363	80002b48	a0be8fd3	fle.s	x31,f29,f11	 f29:0x80000000 f11:0x7fc00000 x31=0x00000000
     123675.000 ns	     12366	80002b4c	a0e187d3	fle.s	x15,f3,f14	  f3:0x80000000 f14:0x4e4594a7 x15=0x00000001
     123695.000 ns	     12368	80002b50	416ad133	sra	x2,x21,x22	 x21:0x7fc00000 x22:0xa2f6eadc  x2=0x00000007
     123705.000 ns	     12369	80002b54	40415133	sra	x2,x2,x4	  x2:0x7fc0005b  x4:0xf6e06adc  x2=0x00000000
     123725.000 ns	     12371	80002b58	21f89dd3	fsgnjn.s	f27,f17,f31	 f17:0xcf000000 f31:0xbf800000 f27=0x4f000000
     123745.000 ns	     12373	80002b5c	412c0e33	sub	x28,x24,x18	 x24:0x00000000 x18:0x41b52b1c x28=0xbe4ad4e4
     123765.000 ns	     12375	80002b60	20762453	fsgnjx.s	f8,f12,f7	 f12:0x7fc00000  f7:0x80000000  f8=0xffc00000
     123795.000 ns	     12378	80002b64	c00cf9d3	fcvt.w.s	x19,f25	 f25:0xffffffff x19=0x7fffffff
     123825.000 ns	     12381	80002b68	023cabb3	mulhsu	x23,x25,x3	 x25:0x00000000  x3:0x00000000 x23=0x00000000
     123855.000 ns	     12384	80002b6c	298c9753	fmax.s	f14,f25,f24	 f25:0xffffffff f24:0xfffffa84 f14=0x7fc00000
     123895.000 ns	     12388	80002b70	104376d3	fmul.s	f13,f6,f4	  f6:0x7fc00000  f4:0x00000000 f13=0x7fc00000
     123925.000 ns	     12391	80002b74	a15c2ad3	feq.s	x21,f24,f21	 f24:0xfffffa84 f21:0xffffff97 x21=0x00000000
     123965.000 ns	     12395	80002b78	58061cd3	fsqrt.s	f25,f12	 f12:0x7fc00000 f25=0x7fc00000
     123995.000 ns	     12398	80002b7c	02b2b033	mulhu	x0,x5,x11	  x5:0x00000000 x11:0x00000000
     124365.000 ns	     12435	80002b80	02d4c1b3	div	x3,x9,x13	  x9:0x00000000 x13:0xfffffa84  x3=0x00000000
     124385.000 ns	     12437	80002b84	006bf333	and	x6,x23,x6	 x23:0x00000000  x6:0x7fc0005b  x6=0x00000000
     124395.000 ns	     12438	80002b88	f7c16f93	ori	x31,x2,-132	  x2:0x00000000 x31=0xffffff7c
     124415.000 ns	     12440	80002b8c	03de0e33	mul	x28,x28,x29	 x28:0xbe4ad4e4 x29:0x1bf88000 x28=0xb3520000
     124785.000 ns	     12477	80002b90	02484cb3	div	x25,x16,x4	 x16:0xfffffb5b  x4:0xf6e06adc x25=0x00000000
     124815.000 ns	     12480	80002b94	a106a353	feq.s	x6,f13,f16	 f13:0x7fc00000 f16:0x7f800000  x6=0x00000000
     124845.000 ns	     12483	80002b98	f00883d3	fmv.w.x	f7,x17	 x17:0xffffffff  f7=0xffffffff
     124865.000 ns	     12485	80002b9c	01979e93	slli	x29,x15,0x19	 x15:0x00000001 x29=0x02000000
     124885.000 ns	     12487	80002ba0	03d9a7b3	mulhsu	x15,x19,x29	 x19:0x7fffffff x29:0x1bf88000 x15=0x00ffffff
     124925.000 ns	     12491	80002ba4	19f37bd3	fdiv.s	f23,f6,f31	  f6:0x7fc00000 f31:0xbf800000 f23=0x7fc00000
     124955.000 ns	     12494	80002ba8	02a79db3	mulh	x27,x15,x10	 x15:0x00ffffff x10:0xffffff97 x27=0xffffffff
     124975.000 ns	     12496	80002bac	016bd833	srl	x16,x23,x22	 x23:0x00000000 x22:0xa2f6eadc x16=0x00000000
     124995.000 ns	     12498	80002bb0	e00e17d3	fclass.s	x15,f28	 f28:0x00000000 x15=0x00000010
     125015.000 ns	     12500	80002bb4	019d9db3	sll	x27,x27,x25	 x27:0xffffffff x25:0x00000000 x27=0xffffffff
     125035.000 ns	     12502	80002bb8	c01dcf53	fcvt.wu.s	x30,f27	 f27:0x4f000000 x30=0x80000000
     125055.000 ns	     12504	80002bbc	0dddeb93	ori	x23,x27,221	 x27:0xffffffff x23=0xffffffff
     125075.000 ns	     12506	80002bc0	21e4a3d3	fsgnjx.s	f7,f9,f30	  f9:0xffc00000 f30:0x7fc00000  f7=0xffc00000
     125105.000 ns	     12509	80002bc4	e0018153	fmv.x.w	x2,f3	  f3:0x80000000  x2=0x80000000
     125125.000 ns	     12511	80002bc8	003a4fb3	xor	x31,x20,x3	 x20:0x80041024  x3:0x00000000 x31=0x80041024
     125135.000 ns	     12512	80002bcc	2ce0b913	sltiu	x18,x1,718	  x1:0x80000000 x18=0x00000000
     125165.000 ns	     12515	80002bd0	1117f5d3	fmul.s	f11,f15,f17	 f15:0x00000000 f17:0xcf000000 f11=0x80000000
     125195.000 ns	     12518	80002bd4	a0c915d3	flt.s	x11,f18,f12	 f18:0x4e66c207 f12:0x7fc00000 x11=0x00000000
     125235.000 ns	     12522	80002bd8	1936ff53	fdiv.s	f30,f13,f19	 f13:0x7fc00000 f19:0x80000000 f30=0x7fc00000
     125255.000 ns	     12524	80002bdc	01bdb4b3	sltu	x9,x27,x27	 x27:0xffffffff x27:0xffffffff  x9=0x00000000
     125265.000 ns	     12525	80002be0	00cdf4b3	and	x9,x27,x12	 x27:0xffffffff x12:0x7871bccc  x9=0x7871bccc
     125275.000 ns	     12526	80002be4	4f5b9637	lui	x12,0x4f5b9	 x12=0x4f5b9000
     125305.000 ns	     12529	80002be8	580a7353	fsqrt.s	f6,f20	 f20:0x00000000  f6=0x00000000
     125345.000 ns	     12533	80002bec	18514dd3	fdiv.s	f27,f2,f5	  f2:0x7fc00000  f5:0x00000000 f27=0x7fc00000
     125365.000 ns	     12535	80002bf0	880ea813	slti	x16,x29,-1920	 x29:0x02000000 x16=0x00000000
     125385.000 ns	     12537	80002bf4	022315b3	mulh	x11,x6,x2	  x6:0x00000000  x2:0x80000000 x11=0x00000000
     125405.000 ns	     12539	80002bf8	4132d833	sra	x16,x5,x19	  x5:0x00000000 x19:0x7fffffff x16=0x00000000
     125415.000 ns	     12540	80002bfc	403d52b3	sra	x5,x26,x3	 x26:0x00000000  x3:0x00000000  x5=0x00000000
     125435.000 ns	     12542	80002c00	033ba833	mulhsu	x16,x23,x19	 x23:0xffffffff x19:0x7fffffff x16=0xffffffff
     125465.000 ns	     12545	80002c04	c01175d3	fcvt.wu.s	x11,f2	  f2:0x7fc00000 x11=0xffffffff
     125495.000 ns	     12548	80002c08	20402d53	fsgnjx.s	f26,f0,f4	  f0:0x7fc00000  f4:0x00000000 f26=0x7fc00000
     125525.000 ns	     12551	80002c0c	21822e53	fsgnjx.s	f28,f4,f24	  f4:0x00000000 f24:0xfffffa84 f28=0x80000000
     125545.000 ns	     12553	80002c10	0032c5b3	xor	x11,x5,x3	  x5:0x00000000  x3:0x00000000 x11=0x00000000
     125575.000 ns	     12556	80002c14	182ef153	fdiv.s	f2,f29,f2	 f29:0x80000000  f2:0x7fc00000  f2=0x7fc00000
     125595.000 ns	     12558	80002c18	40475693	srai	x13,x14,0x4	 x14:0x00000001 x13=0x00000000
     125605.000 ns	     12559	80002c1c	000c2533	slt	x10,x24,x0	 x24:0x00000000  x0:0x00000000 x10=0x00000000
     125965.000 ns	     12595	80002c20	0349e8b3	rem	x17,x19,x20	 x19:0x7fffffff x20:0x80041024 x17=0x00041023
     125985.000 ns	     12597	80002c24	009c9293	slli	x5,x25,0x9	 x25:0x00000000  x5=0x00000000
     126005.000 ns	     12599	80002c28	20c508d3	fsgnj.s	f17,f10,f12	 f10:0x7fc00000 f12:0x7fc00000 f17=0x7fc00000
     126025.000 ns	     12601	80002c2c	40fdd893	srai	x17,x27,0xf	 x27:0xffffffff x17=0xffffffff
     126045.000 ns	     12603	80002c30	0300b733	mulhu	x14,x1,x16	  x1:0x80000000 x16:0xffffffff x14=0x7fffffff
     126415.000 ns	     12640	80002c34	0225d733	divu	x14,x11,x2	 x11:0x00000000  x2:0x80000000 x14=0x00000000
     126445.000 ns	     12643	80002c38	028b8133	mul	x2,x23,x8	 x23:0xffffffff  x8:0x80040fe4  x2=0x7ffbf01c
     126465.000 ns	     12645	80002c3c	5814bb13	sltiu	x22,x9,1409	  x9:0x7871bccc x22=0x00000000
     126485.000 ns	     12647	80002c40	21692053	fsgnjx.s	f0,f18,f22	 f18:0x4e66c207 f22:0x7fc00000  f0=0x4e66c207
     126505.000 ns	     12649	80002c44	413b5293	srai	x5,x22,0x13	 x22:0xa2f6eadc  x5=0x00000000
     126525.000 ns	     12651	80002c48	21e500d3	fsgnj.s	f1,f10,f30	 f10:0x7fc00000 f30:0x7fc00000  f1=0x7fc00000
     126545.000 ns	     12653	80002c4c	400b56b3	sra	x13,x22,x0	 x22:0x00000000  x0:0x00000000 x13=0x00000000
     126555.000 ns	     12654	80002c50	00bf71b3	and	x3,x30,x11	 x30:0x80000000 x11:0x00000000  x3=0x00000000
     126575.000 ns	     12656	80002c54	21341c53	fsgnjn.s	f24,f8,f19	  f8:0xffc00000 f19:0x80000000 f24=0x7fc00000
     126615.000 ns	     12660	80002c58	19559353	fdiv.s	f6,f11,f21	 f11:0x80000000 f21:0xffffff97  f6=0x7fc00000
     126645.000 ns	     12663	80002c5c	0232af33	mulhsu	x30,x5,x3	  x5:0x00000000  x3:0x00000000 x30=0x00000000
     126675.000 ns	     12666	80002c60	d01f75d3	fcvt.s.wu	f11,x30	 x30:0x80000000 f11=0x00000000
     126705.000 ns	     12669	80002c64	d01e91d3	fcvt.s.wu	f3,x29	 x29:0x02000000  f3=0x4c000000
     126735.000 ns	     12672	80002c68	2151acd3	fsgnjx.s	f25,f3,f21	  f3:0x80000000 f21:0xffffff97 f25=0xcc000000
     126785.000 ns	     12677	80002c6c	094ec3d3	fsub.s	f7,f29,f20	 f29:0x80000000 f20:0x00000000  f7=0x80000000
     126805.000 ns	     12679	80002c70	00b259b3	srl	x19,x4,x11	  x4:0xf6e06adc x11:0x00000000 x19=0xf6e06adc
     126825.000 ns	     12681	80002c74	a13e28d3	feq.s	x17,f28,f19	 f28:0x80000000 f19:0x80000000 x17=0x00000001
     126845.000 ns	     12683	80002c78	005b07b3	add	x15,x22,x5	 x22:0x00000000  x5:0x00000000 x15=0x00000000
     126855.000 ns	     12684	80002c7c	af093d97	auipc	x27,0xaf093	 x27=0x2f095c7c
     126865.000 ns	     12685	80002c80	cec3ae13	slti	x28,x7,-788	  x7:0x00000000 x28=0x00000000
     126875.000 ns	     12686	80002c84	40c8d993	srai	x19,x17,0xc	 x17:0x00000001 x19=0x00000000
     126895.000 ns	     12688	80002c88	03c08fb3	mul	x31,x1,x28	  x1:0x80000000 x28:0xb3520000 x31=0x00000000
     126915.000 ns	     12690	80002c8c	08bc6913	ori	x18,x24,139	 x24:0x00000000 x18=0x0000008b
     126925.000 ns	     12691	80002c90	00ec7b33	and	x22,x24,x14	 x24:0x00000000 x14:0x00000000 x22=0x00000000
     126945.000 ns	     12693	80002c94	03961933	mulh	x18,x12,x25	 x12:0x4f5b9000 x25:0x00000000 x18=0x00000000
     126965.000 ns	     12695	80002c98	01551c93	slli	x25,x10,0x15	 x10:0x00000000 x25=0x00000000
     126975.000 ns	     12696	80002c9c	00000013	addi	x0,x0,0	  x0:0x00000000
     126995.000 ns	     12698	80002ca0	e0010dd3	fmv.x.w	x27,f2	  f2:0x7fc00000 x27=0x7fc00000
     127025.000 ns	     12701	80002ca4	209c2753	fsgnjx.s	f14,f24,f9	 f24:0x7fc00000  f9:0xffc00000 f14=0xffc00000
     127055.000 ns	     12704	80002ca8	a12c0ad3	fle.s	x21,f24,f18	 f24:0x7fc00000 f18:0x4e66c207 x21=0x00000000
     127425.000 ns	     12741	80002cac	02c3d733	divu	x14,x7,x12	  x7:0x00000000 x12:0x4f5b9000 x14=0x00000000
     127455.000 ns	     12744	80002cb0	d01171d3	fcvt.s.wu	f3,x2	  x2:0x7ffbf01c  f3=0x4efff7e0
     127485.000 ns	     12747	80002cb4	d01b7653	fcvt.s.wu	f12,x22	 x22:0x00000000 f12=0x00000000
     127515.000 ns	     12750	80002cb8	c018afd3	fcvt.wu.s	x31,f17	 f17:0x7fc00000 x31=0xffffffff
     127545.000 ns	     12753	80002cbc	e00f1fd3	fclass.s	x31,f30	 f30:0x7fc00000 x31=0x00000200
     127565.000 ns	     12755	80002cc0	501e4a93	xori	x21,x28,1281	 x28:0x00000000 x21=0x00000501
     127585.000 ns	     12757	80002cc4	a17e2e53	feq.s	x28,f28,f23	 f28:0x80000000 f23:0x7fc00000 x28=0x00000000
     127605.000 ns	     12759	80002cc8	46488c93	addi	x25,x17,1124	 x17:0x00000001 x25=0x00000465
     127625.000 ns	     12761	80002ccc	e00012d3	fclass.s	x5,f0	  f0:0x4e66c207  x5=0x00000040
     127655.000 ns	     12764	80002cd0	a1cd8b53	fle.s	x22,f27,f28	 f27:0x7fc00000 f28:0x80000000 x22=0x00000000
     127675.000 ns	     12766	80002cd4	b61fa2b7	lui	x5,0xb61fa	  x5=0xb61fa000
     127695.000 ns	     12768	80002cd8	024225b3	mulhsu	x11,x4,x4	  x4:0xf6e06adc  x4:0xf6e06adc x11=0xf733a73d
     127715.000 ns	     12770	80002cdc	011b5293	srli	x5,x22,0x11	 x22:0x00000000  x5=0x00000000
     127735.000 ns	     12772	80002ce0	a1868b53	fle.s	x22,f13,f24	 f13:0x7fc00000 f24:0x7fc00000 x22=0x00000000
     127755.000 ns	     12774	80002ce4	9f6bc013	xori	x0,x23,-1546	 x23:0xffffffff
     127775.000 ns	     12776	80002ce8	21ff93d3	fsgnjn.s	f7,f31,f31	 f31:0xbf800000 f31:0xbf800000  f7=0x3f800000
     127805.000 ns	     12779	80002cec	20d70bd3	fsgnj.s	f23,f14,f13	 f14:0xffc00000 f13:0x7fc00000 f23=0x7fc00000
     127825.000 ns	     12781	80002cf0	007271b3	and	x3,x4,x7	  x4:0xf6e06adc  x7:0x00000000  x3=0x00000000
     127835.000 ns	     12782	80002cf4	01c70233	add	x4,x14,x28	 x14:0x00000000 x28:0x00000000  x4=0x00000000
     127855.000 ns	     12784	80002cf8	d00b0053	fcvt.s.w	f0,x22	 x22:0x00000000  f0=0x00000000
     127885.000 ns	     12787	80002cfc	20c58253	fsgnj.s	f4,f11,f12	 f11:0x00000000 f12:0x00000000  f4=0x00000000
     127915.000 ns	     12790	80002d00	e0088653	fmv.x.w	x12,f17	 f17:0x7fc00000 x12=0x7fc00000
     127935.000 ns	     12792	80002d04	00e7e133	or	x2,x15,x14	 x15:0x00000000 x14:0x00000000  x2=0x00000000
     127955.000 ns	     12794	80002d08	29d619d3	fmax.s	f19,f12,f29	 f12:0x00000000 f29:0x80000000 f19=0x00000000
     127995.000 ns	     12798	80002d0c	11f374d3	fmul.s	f9,f6,f31	  f6:0x7fc00000 f31:0xbf800000  f9=0x7fc00000
     128025.000 ns	     12801	80002d10	d0047dd3	fcvt.s.w	f27,x8	  x8:0x80040fe4 f27=0xcefff7e0
     128055.000 ns	     12804	80002d14	02170db3	mul	x27,x14,x1	 x14:0x00000000  x1:0x80000000 x27=0x00000000
     128075.000 ns	     12806	80002d18	0013f733	and	x14,x7,x1	  x7:0x00000000  x1:0x80000000 x14=0x00000000
     128085.000 ns	     12807	80002d1c	0080a6b3	slt	x13,x1,x8	  x1:0x80000000  x8:0x80040fe4 x13=0x00000001
     128095.000 ns	     12808	80002d20	002a0b33	add	x22,x20,x2	 x20:0x80041024  x2:0x00000000 x22=0x80041024
     128115.000 ns	     12810	80002d24	290b8653	fmin.s	f12,f23,f16	 f23:0x7fc00000 f16:0x7f800000 f12=0x7f800000
     128145.000 ns	     12813	80002d28	a01a29d3	feq.s	x19,f20,f1	 f20:0x00000000  f1:0x7fc00000 x19=0x00000000
     128175.000 ns	     12816	80002d2c	212e9553	fsgnjn.s	f10,f29,f18	 f29:0x80000000 f18:0x4e66c207 f10=0x80000000
     128205.000 ns	     12819	80002d30	28bd0ed3	fmin.s	f29,f26,f11	 f26:0x7fc00000 f11:0x00000000 f29=0x00000000
     128225.000 ns	     12821	80002d34	015be3b3	or	x7,x23,x21	 x23:0xffffffff x21:0x00000501  x7=0xffffffff
     128235.000 ns	     12822	80002d38	0135d733	srl	x14,x11,x19	 x11:0xf733a73d x19:0x00000000 x14=0xf733a73d
     128245.000 ns	     12823	80002d3c	01f77233	and	x4,x14,x31	 x14:0x00000000 x31:0x00000200  x4=0x00000200
     128265.000 ns	     12825	80002d40	a12d87d3	fle.s	x15,f27,f18	 f27:0xcefff7e0 f18:0x4e66c207 x15=0x00000001
     128285.000 ns	     12827	80002d44	0000df33	srl	x30,x1,x0	  x1:0x80000000  x0:0x00000000 x30=0x80000000
     128305.000 ns	     12829	80002d48	023b37b3	mulhu	x15,x22,x3	 x22:0x80041024  x3:0x00000000 x15=0x00000000
     128325.000 ns	     12831	80002d4c	41c9dd33	sra	x26,x19,x28	 x19:0x00000000 x28:0x00000000 x26=0x00000000
     128335.000 ns	     12832	80002d50	01dfd633	srl	x12,x31,x29	 x31:0x00000200 x29:0x02000000 x12=0x00000200
     128345.000 ns	     12833	80002d54	4a11ef13	ori	x30,x3,1185	  x3:0x00000000 x30=0x000004a1
     128365.000 ns	     12835	80002d58	a0611bd3	flt.s	x23,f2,f6	  f2:0x7fc00000  f6:0x7fc00000 x23=0x00000000
     128395.000 ns	     12838	80002d5c	020f1cb3	mulh	x25,x30,x0	 x30:0x80000000  x0:0x00000000 x25=0x00000000
     128445.000 ns	     12843	80002d60	006f4a53	fadd.s	f20,f30,f6	 f30:0x7fc00000  f6:0x7fc00000 f20=0x7fc00000
     128465.000 ns	     12845	80002d64	007579b3	and	x19,x10,x7	 x10:0x00000000  x7:0xffffffff x19=0x00000000
     128475.000 ns	     12846	80002d68	01654933	xor	x18,x10,x22	 x10:0x00000000 x22:0x80041024 x18=0x80041024
     128495.000 ns	     12848	80002d6c	297007d3	fmin.s	f15,f0,f23	  f0:0x00000000 f23:0x7fc00000 f15=0x00000000
     128525.000 ns	     12851	80002d70	03041c33	mulh	x24,x8,x16	  x8:0x80040fe4 x16:0xffffffff x24=0x00000000
     128555.000 ns	     12854	80002d74	a05d2f53	feq.s	x30,f26,f5	 f26:0x7fc00000  f5:0x00000000 x30=0x00000000
     128575.000 ns	     12856	80002d78	00113333	sltu	x6,x2,x1	  x2:0x00000000  x1:0x80000000  x6=0x00000001
     128935.000 ns	     12892	80002d7c	0277e233	rem	x4,x15,x7	 x15:0x00000000  x7:0xffffffff  x4=0x00000000
     128955.000 ns	     12894	80002d80	00000013	addi	x0,x0,0	  x0:0x00000000
     128965.000 ns	     12895	80002d84	40905313	srai	x6,x0,0x9	  x0:0x00000000  x6=0x00000000
     128975.000 ns	     12896	80002d88	002b5113	srli	x2,x22,0x2	 x22:0x80041024  x2=0x20010409
     128995.000 ns	     12898	80002d8c	c004c953	fcvt.w.s	x18,f9	  f9:0x7fc00000 x18=0x7fffffff
     129015.000 ns	     12900	80002d90	e8baea93	ori	x21,x21,-373	 x21:0x00000501 x21=0xffffff8b
     129375.000 ns	     12936	80002d94	0216deb3	divu	x29,x13,x1	 x13:0x00000001  x1:0x80000000 x29=0x00000000
     129395.000 ns	     12938	80002d98	733755b7	lui	x11,0x73375	 x11=0x73375000
     129415.000 ns	     12940	80002d9c	20702ad3	fsgnjx.s	f21,f0,f7	  f0:0x00000000  f7:0x3f800000 f21=0x00000000
     129445.000 ns	     12943	80002da0	c0079553	fcvt.w.s	x10,f15	 f15:0x00000000 x10=0x00000000
     129465.000 ns	     12945	80002da4	00eb4db3	xor	x27,x22,x14	 x22:0x80041024 x14:0xf733a73d x27=0x7737b719
     129485.000 ns	     12947	80002da8	d01fbb53	fcvt.s.wu	f22,x31	 x31:0x00000200 f22=0x44000000
     129515.000 ns	     12950	80002dac	21418953	fsgnj.s	f18,f3,f20	  f3:0x4efff7e0 f20:0x7fc00000 f18=0x4efff7e0
     129545.000 ns	     12953	80002db0	d01a0053	fcvt.s.wu	f0,x20	 x20:0x80041024  f0=0x4f000410
     129565.000 ns	     12955	80002db4	df1f3793	sltiu	x15,x30,-527	 x30:0x00000000 x15=0x00000001
     129595.000 ns	     12958	80002db8	11477153	fmul.s	f2,f14,f20	 f14:0xffc00000 f20:0x7fc00000  f2=0x7fc00000
     129635.000 ns	     12962	80002dbc	108cb4d3	fmul.s	f9,f25,f8	 f25:0xcc000000  f8:0xffc00000  f9=0x7fc00000
     129655.000 ns	     12964	80002dc0	007ec533	xor	x10,x29,x7	 x29:0x00000000  x7:0xffffffff x10=0xffffffff
     129675.000 ns	     12966	80002dc4	d001f6d3	fcvt.s.w	f13,x3	  x3:0x00000000 f13=0x00000000
     129695.000 ns	     12968	80002dc8	5ab78513	addi	x10,x15,1451	 x15:0x00000001 x10=0x000005ac
     129725.000 ns	     12971	80002dcc	580baad3	fsqrt.s	f21,f23	 f23:0x7fc00000 f21=0x7fc00000
     129755.000 ns	     12974	80002dd0	a0960fd3	fle.s	x31,f12,f9	 f12:0x7f800000  f9:0x7fc00000 x31=0x00000000
     129785.000 ns	     12977	80002dd4	d01977d3	fcvt.s.wu	f15,x18	 x18:0x7fffffff f15=0x4effffff
     129805.000 ns	     12979	80002dd8	00000013	addi	x0,x0,0	  x0:0x00000000
     129815.000 ns	     12980	80002ddc	00df39b3	sltu	x19,x30,x13	 x30:0x00000000 x13:0x00000001 x19=0x00000001
     129835.000 ns	     12982	80002de0	e00b8d53	fmv.x.w	x26,f23	 f23:0x7fc00000 x26=0x7fc00000
     129855.000 ns	     12984	80002de4	40bd5293	srai	x5,x26,0xb	 x26:0x00000000  x5=0x000ff800
     129865.000 ns	     12985	80002de8	407e5233	sra	x4,x28,x7	 x28:0x00000000  x7:0xffffffff  x4=0x00000000
     129885.000 ns	     12987	80002dec	02d28833	mul	x16,x5,x13	  x5:0x00000000 x13:0x00000001 x16=0x000ff800
     130865.000 ns	     13085	80002df0	5801f1d3	fsqrt.s	f3,f3	  f3:0x4efff7e0  f3=0x473501cc
     130885.000 ns	     13087	80002df4	005725b3	slt	x11,x14,x5	 x14:0xf733a73d  x5:0x000ff800 x11=0x00000001
     130905.000 ns	     13089	80002df8	21b62fd3	fsgnjx.s	f31,f12,f27	 f12:0x7f800000 f27:0xcefff7e0 f31=0xff800000
     130925.000 ns	     13091	80002dfc	012b1733	sll	x14,x22,x18	 x22:0x80041024 x18:0x7fffffff x14=0x00000000
     130945.000 ns	     13093	80002e00	212519d3	fsgnjn.s	f19,f10,f18	 f10:0x80000000 f18:0x4efff7e0 f19=0x80000000
     130975.000 ns	     13096	80002e04	02c213b3	mulh	x7,x4,x12	  x4:0x00000000 x12:0x00000200  x7=0x00000000
     131025.000 ns	     13101	80002e08	0045f5d3	fadd.s	f11,f11,f4	 f11:0x00000000  f4:0x00000000 f11=0x00000000
     131045.000 ns	     13103	80002e0c	ed9bd817	auipc	x16,0xed9bd	 x16=0x6d9bfe0c
     131065.000 ns	     13105	80002e10	212ea3d3	fsgnjx.s	f7,f29,f18	 f29:0x00000000 f18:0x4efff7e0  f7=0x00000000
     131435.000 ns	     13142	80002e14	02f145b3	div	x11,x2,x15	  x2:0x20010409 x15:0x00000001 x11=0x20010409
     131465.000 ns	     13145	80002e18	024b99b3	mulh	x19,x23,x4	 x23:0x00000000  x4:0x00000000 x19=0x00000000
     131485.000 ns	     13147	80002e1c	40af02b3	sub	x5,x30,x10	 x30:0x00000000 x10:0x000005ac  x5=0xfffffa54
     131505.000 ns	     13149	80002e20	c0072053	fcvt.w.s	x0,f14	 f14:0xffc00000
     131535.000 ns	     13152	80002e24	a1968253	fle.s	x4,f13,f25	 f13:0x00000000 f25:0xcc000000  x4=0x00000000
     131565.000 ns	     13155	80002e28	214a2653	fsgnjx.s	f12,f20,f20	 f20:0x7fc00000 f20:0x7fc00000 f12=0x7fc00000
     131595.000 ns	     13158	80002e2c	02a406b3	mul	x13,x8,x10	  x8:0x80040fe4 x10:0x000005ac x13=0x170a2130
     131635.000 ns	     13162	80002e30	580e8a53	fsqrt.s	f20,f29	 f29:0x00000000 f20=0x00000000
     131665.000 ns	     13165	80002e34	032ab3b3	mulhu	x7,x21,x18	 x21:0xffffff8b x18:0x7fffffff  x7=0x7fffffc4
     131685.000 ns	     13167	80002e38	958906b7	lui	x13,0x95890	 x13=0x95890000
     131705.000 ns	     13169	80002e3c	a0da8d53	fle.s	x26,f21,f13	 f21:0x7fc00000 f13:0x00000000 x26=0x00000000
     131725.000 ns	     13171	80002e40	18690a97	auipc	x21,0x18690	 x21=0x98692e40
     131735.000 ns	     13172	80002e44	0082ab33	slt	x22,x5,x8	  x5:0xfffffa54  x8:0x80040fe4 x22=0x00000000
     131755.000 ns	     13174	80002e48	21b30dd3	fsgnj.s	f27,f6,f27	  f6:0x7fc00000 f27:0xcefff7e0 f27=0xffc00000
     131785.000 ns	     13177	80002e4c	20dba9d3	fsgnjx.s	f19,f23,f13	 f23:0x7fc00000 f13:0x00000000 f19=0x7fc00000
     131815.000 ns	     13180	80002e50	d0189dd3	fcvt.s.wu	f27,x17	 x17:0x00000001 f27=0x3f800000
     131845.000 ns	     13183	80002e54	201a1e53	fsgnjn.s	f28,f20,f1	 f20:0x00000000  f1:0x7fc00000 f28=0x80000000
     131865.000 ns	     13185	80002e58	44874993	xori	x19,x14,1096	 x14:0x00000000 x19=0x00000448
     131885.000 ns	     13187	80002e5c	d001f353	fcvt.s.w	f6,x3	  x3:0x00000000  f6=0x00000000
     131915.000 ns	     13190	80002e60	e0061e53	fclass.s	x28,f12	 f12:0x7fc00000 x28=0x00000200
     131945.000 ns	     13193	80002e64	03c6aeb3	mulhsu	x29,x13,x28	 x13:0x95890000 x28:0x00000000 x29=0xffffff2b
     131975.000 ns	     13196	80002e68	02b825b3	mulhsu	x11,x16,x11	 x16:0x6d9bfe0c x11:0x20010409 x11=0x0db3ef17
     132345.000 ns	     13233	80002e6c	0331d033	divu	x0,x3,x19	  x3:0x00000000 x19:0x00000448
     132365.000 ns	     13235	80002e70	c8fbeb93	ori	x23,x23,-881	 x23:0x00000000 x23=0xfffffc8f
     132375.000 ns	     13236	80002e74	dbe2e713	ori	x14,x5,-578	  x5:0xfffffa54 x14=0xfffffffe
     132385.000 ns	     13237	80002e78	0081b533	sltu	x10,x3,x8	  x3:0x00000000  x8:0x80040fe4 x10=0x00000001
     132405.000 ns	     13239	80002e7c	a15ca253	feq.s	x4,f25,f21	 f25:0xcc000000 f21:0x7fc00000  x4=0x00000000
     132425.000 ns	     13241	80002e80	41880233	sub	x4,x16,x24	 x16:0x6d9bfe0c x24:0x00000000  x4=0x6d9bfe0c
     132445.000 ns	     13243	80002e84	a1fe91d3	flt.s	x3,f29,f31	 f29:0x00000000 f31:0xff800000  x3=0x00000000
     132485.000 ns	     13247	80002e88	580d48d3	fsqrt.s	f17,f26	 f26:0x7fc00000 f17=0x7fc00000
     132505.000 ns	     13249	80002e8c	014005b3	add	x11,x0,x20	  x0:0x00000000 x20:0x80041024 x11=0x80041024
     132525.000 ns	     13251	80002e90	215392d3	fsgnjn.s	f5,f7,f21	  f7:0x00000000 f21:0x7fc00000  f5=0x80000000
     132575.000 ns	     13256	80002e94	08407453	fsub.s	f8,f0,f4	  f0:0x4f000410  f4:0x00000000  f8=0x4f000410
     132595.000 ns	     13258	80002e98	0069bcb3	sltu	x25,x19,x6	 x19:0x00000448  x6:0x00000000 x25=0x00000000
     132605.000 ns	     13259	80002e9c	003243b3	xor	x7,x4,x3	  x4:0x6d9bfe0c  x3:0x00000000  x7=0x6d9bfe0c
     132625.000 ns	     13261	80002ea0	a0672e53	feq.s	x28,f14,f6	 f14:0xffc00000  f6:0x00000000 x28=0x00000000
     132655.000 ns	     13264	80002ea4	a0610553	fle.s	x10,f2,f6	  f2:0x7fc00000  f6:0x00000000 x10=0x00000000
     132675.000 ns	     13266	80002ea8	00838733	add	x14,x7,x8	  x7:0x6d9bfe0c  x8:0x80040fe4 x14=0xeda00df0
     132695.000 ns	     13268	80002eac	a0270b53	fle.s	x22,f14,f2	 f14:0xffc00000  f2:0x7fc00000 x22=0x00000000
     132715.000 ns	     13270	80002eb0	01aa59b3	srl	x19,x20,x26	 x20:0x80041024 x26:0x00000000 x19=0x80041024
     132725.000 ns	     13271	80002eb4	689c8697	auipc	x13,0x689c8	 x13=0xe89caeb4
     132735.000 ns	     13272	80002eb8	016b9bb3	sll	x23,x23,x22	 x23:0xfffffc8f x22:0x00000000 x23=0xfffffc8f
     132755.000 ns	     13274	80002ebc	e0021ed3	fclass.s	x29,f4	  f4:0x00000000 x29=0x00000010
     132775.000 ns	     13276	80002ec0	40ccdeb3	sra	x29,x25,x12	 x25:0x00000000 x12:0x00000200 x29=0x00000000
     132785.000 ns	     13277	80002ec4	013b9693	slli	x13,x23,0x13	 x23:0xfffffc8f x13=0xe4780000
     132795.000 ns	     13278	80002ec8	26899317	auipc	x6,0x26899	  x6=0xa689bec8
     133155.000 ns	     13314	80002ecc	03764f33	div	x30,x12,x23	 x12:0x00000200 x23:0xfffffc8f x30=0x00000000
     133525.000 ns	     13351	80002ed0	02f1c6b3	div	x13,x3,x15	  x3:0x00000000 x15:0x00000001 x13=0x00000000
     133555.000 ns	     13354	80002ed4	21a1a753	fsgnjx.s	f14,f3,f26	  f3:0x473501cc f26:0x7fc00000 f14=0x473501cc
     133585.000 ns	     13357	80002ed8	c0027ed3	fcvt.w.s	x29,f4	  f4:0x00000000 x29=0x00000000
     133615.000 ns	     13360	80002edc	027727b3	mulhsu	x15,x14,x7	 x14:0xeda00df0  x7:0x6d9bfe0c x15=0xf821f39b
     133635.000 ns	     13362	80002ee0	906b3f93	sltiu	x31,x22,-1786	 x22:0x00000000 x31=0x00000001
     133645.000 ns	     13363	80002ee4	01b51d33	sll	x26,x10,x27	 x10:0x00000000 x27:0x7737b719 x26=0x00000000
     133665.000 ns	     13365	80002ee8	29781dd3	fmax.s	f27,f16,f23	 f16:0x7f800000 f23:0x7fc00000 f27=0x7f800000
     133695.000 ns	     13368	80002eec	0209beb3	mulhu	x29,x19,x0	 x19:0x80041024  x0:0x00000000 x29=0x00000000
     133725.000 ns	     13371	80002ef0	03700d33	mul	x26,x0,x23	  x0:0x00000000 x23:0xfffffc8f x26=0x00000000
     133755.000 ns	     13374	80002ef4	e0091b53	fclass.s	x22,f18	 f18:0x4efff7e0 x22=0x00000040
     133775.000 ns	     13376	80002ef8	00701293	slli	x5,x0,0x7	  x0:0x00000000  x5=0x00000000
     133805.000 ns	     13379	80002efc	190198d3	fdiv.s	f17,f3,f16	  f3:0x473501cc f16:0x7f800000 f17=0x00000000
     133825.000 ns	     13381	80002f00	002e3833	sltu	x16,x28,x2	 x28:0x00000000  x2:0x20010409 x16=0x00000001
     133835.000 ns	     13382	80002f04	002f4233	xor	x4,x30,x2	 x30:0x00000000  x2:0x20010409  x4=0x20010409
     133845.000 ns	     13383	80002f08	01ee3fb3	sltu	x31,x28,x30	 x28:0x00000000 x30:0x00000000 x31=0x00000000
     133855.000 ns	     13384	80002f0c	0184ceb3	xor	x29,x9,x24	  x9:0x7871bccc x24:0x00000000 x29=0x7871bccc
     133865.000 ns	     13385	80002f10	0198bcb3	sltu	x25,x17,x25	 x17:0x00000001 x25:0x00000000 x25=0x00000000
     133875.000 ns	     13386	80002f14	00ac2033	slt	x0,x24,x10	 x24:0x00000000 x10:0x00000000
     133885.000 ns	     13387	80002f18	f7598113	addi	x2,x19,-139	 x19:0x80041024  x2=0x80040f99
     133905.000 ns	     13389	80002f1c	c0057353	fcvt.w.s	x6,f10	 f10:0x80000000  x6=0x00000000
     133925.000 ns	     13391	80002f20	0049a9b3	slt	x19,x19,x4	 x19:0x80041024  x4:0x20010409 x19=0x00000001
     133945.000 ns	     13393	80002f24	c015c5d3	fcvt.wu.s	x11,f11	 f11:0x00000000 x11=0x00000000
     133975.000 ns	     13396	80002f28	d004abd3	fcvt.s.w	f23,x9	  x9:0x7871bccc f23=0x4ef0e37a
     134005.000 ns	     13399	80002f2c	e0041553	fclass.s	x10,f8	  f8:0x4f000410 x10=0x00000040
     134025.000 ns	     13401	80002f30	412456b3	sra	x13,x8,x18	  x8:0x80040fe4 x18:0x7fffffff x13=0xffffffff
     134055.000 ns	     13404	80002f34	184b91d3	fdiv.s	f3,f23,f4	 f23:0x4ef0e37a  f4:0x00000000  f3=0x7f800000
     134075.000 ns	     13406	80002f38	87a5e293	ori	x5,x11,-1926	 x11:0x00000000  x5=0xfffff87a
     134085.000 ns	     13407	80002f3c	00d60c33	add	x24,x12,x13	 x12:0x00000200 x13:0xffffffff x24=0x000001ff
     134115.000 ns	     13410	80002f40	10dc8253	fmul.s	f4,f25,f13	 f25:0xcc000000 f13:0x00000000  f4=0x80000000
     134135.000 ns	     13412	80002f44	015ebab3	sltu	x21,x29,x21	 x29:0x7871bccc x21:0x98692e40 x21=0x00000001
     134155.000 ns	     13414	80002f48	20e92753	fsgnjx.s	f14,f18,f14	 f18:0x4efff7e0 f14:0x473501cc f14=0x4efff7e0
     134175.000 ns	     13416	80002f4c	0169f7b3	and	x15,x19,x22	 x19:0x00000001 x22:0x00000040 x15=0x00000000
     134195.000 ns	     13418	80002f50	f0080b53	fmv.w.x	f22,x16	 x16:0x00000001 f22=0x00000001
     134225.000 ns	     13421	80002f54	02b9e8b3	rem	x17,x19,x11	 x19:0x00000001 x11:0x00000000 x17=0x00000001
     134255.000 ns	     13424	80002f58	21eeac53	fsgnjx.s	f24,f29,f30	 f29:0x00000000 f30:0x7fc00000 f24=0x00000000
     134285.000 ns	     13427	80002f5c	d01c9dd3	fcvt.s.wu	f27,x25	 x25:0x00000000 f27=0x00000000
     134315.000 ns	     13430	80002f60	e00d1ed3	fclass.s	x29,f26	 f26:0x7fc00000 x29=0x00000200
     134335.000 ns	     13432	80002f64	000edd93	srli	x27,x29,0x0	 x29:0x7871bccc x27=0x00000200
     134695.000 ns	     13468	80002f68	03bc4633	div	x12,x24,x27	 x24:0x000001ff x27:0x7737b719 x12=0x00000000
     134725.000 ns	     13471	80002f6c	02cd7733	remu	x14,x26,x12	 x26:0x00000000 x12:0x00000200 x14=0x00000000
     134755.000 ns	     13474	80002f70	c012a253	fcvt.wu.s	x4,f5	  f5:0x80000000  x4=0x00000000
     134785.000 ns	     13477	80002f74	d01ffdd3	fcvt.s.wu	f27,x31	 x31:0x00000000 f27=0x00000000
     134815.000 ns	     13480	80002f78	03fd8ab3	mul	x21,x27,x31	 x27:0x00000200 x31:0x00000000 x21=0x00000000
     135185.000 ns	     13517	80002f7c	03477533	remu	x10,x14,x20	 x14:0x00000000 x20:0x80041024 x10=0x00000000
     135205.000 ns	     13519	80002f80	26d843b7	lui	x7,0x26d84	  x7=0x26d84000
     135215.000 ns	     13520	80002f84	400f0133	sub	x2,x30,x0	 x30:0x00000000  x0:0x00000000  x2=0x00000000
     135225.000 ns	     13521	80002f88	a8120913	addi	x18,x4,-1407	  x4:0x00000000 x18=0xfffffa81
     135245.000 ns	     13523	80002f8c	a0692ed3	feq.s	x29,f18,f6	 f18:0x4efff7e0  f6:0x00000000 x29=0x00000000
     135265.000 ns	     13525	80002f90	00ff5133	srl	x2,x30,x15	 x30:0x00000000 x15:0x00000000  x2=0x00000000
     135625.000 ns	     13561	80002f94	027f58b3	divu	x17,x30,x7	 x30:0x00000000  x7:0x26d84000 x17=0x00000000
     135665.000 ns	     13565	80002f98	580518d3	fsqrt.s	f17,f10	 f10:0x80000000 f17=0x80000000
     135685.000 ns	     13567	80002f9c	00000013	addi	x0,x0,0	  x0:0x00000000
     135705.000 ns	     13569	80002fa0	208986d3	fsgnj.s	f13,f19,f8	 f19:0x7fc00000  f8:0x4f000410 f13=0x7fc00000
     135725.000 ns	     13571	80002fa4	cdc4f597	auipc	x11,0xcdc4f	 x11=0x4dc51fa4
     135745.000 ns	     13573	80002fa8	d00fc8d3	fcvt.s.w	f17,x31	 x31:0x00000000 f17=0x00000000
     135775.000 ns	     13576	80002fac	c00df253	fcvt.w.s	x4,f27	 f27:0x00000000  x4=0x00000000
     135795.000 ns	     13578	80002fb0	40b887b3	sub	x15,x17,x11	 x17:0x00000000 x11:0x4dc51fa4 x15=0xb23ae05c
     135815.000 ns	     13580	80002fb4	c00ca3d3	fcvt.w.s	x7,f25	 f25:0xcc000000  x7=0xfe000000
     135835.000 ns	     13582	80002fb8	00711913	slli	x18,x2,0x7	  x2:0x00000000 x18=0x00000000
     135845.000 ns	     13583	80002fbc	27e62e93	slti	x29,x12,638	 x12:0x00000000 x29=0x00000001
     135865.000 ns	     13585	80002fc0	28618053	fmin.s	f0,f3,f6	  f3:0x7f800000  f6:0x00000000  f0=0x00000000
     135885.000 ns	     13587	80002fc4	408a5f33	sra	x30,x20,x8	 x20:0x80041024  x8:0x80040fe4 x30=0xf8004102
     135905.000 ns	     13589	80002fc8	a05f1053	flt.s	x0,f30,f5	 f30:0x7fc00000  f5:0x80000000
     135935.000 ns	     13592	80002fcc	292381d3	fmin.s	f3,f7,f18	  f7:0x00000000 f18:0x4efff7e0  f3=0x00000000
     135955.000 ns	     13594	80002fd0	01779f33	sll	x30,x15,x23	 x15:0xb23ae05c x23:0xfffffc8f x30=0x702e0000
     135965.000 ns	     13595	80002fd4	8d0db297	auipc	x5,0x8d0db	  x5=0x0d0ddfd4
     135985.000 ns	     13597	80002fd8	e00b87d3	fmv.x.w	x15,f23	 f23:0x4ef0e37a x15=0x4ef0e37a
     136005.000 ns	     13599	80002fdc	376d2693	slti	x13,x26,886	 x26:0x00000000 x13=0x00000001
     136025.000 ns	     13601	80002fe0	a1f99e53	flt.s	x28,f19,f31	 f19:0x7fc00000 f31:0xff800000 x28=0x00000000
     136045.000 ns	     13603	80002fe4	00ce2033	slt	x0,x28,x12	 x28:0x00000000 x12:0x00000000
     136065.000 ns	     13605	80002fe8	c0117553	fcvt.wu.s	x10,f2	  f2:0x7fc00000 x10=0xffffffff
     136085.000 ns	     13607	80002fec	01ddd313	srli	x6,x27,0x1d	 x27:0x00000200  x6=0x00000000
     136105.000 ns	     13609	80002ff0	c01c01d3	fcvt.wu.s	x3,f24	 f24:0x00000000  x3=0x00000000
     136475.000 ns	     13646	80002ff4	02ff7e33	remu	x28,x30,x15	 x30:0x702e0000 x15:0x4ef0e37a x28=0x213d1c86
     136495.000 ns	     13648	80002ff8	017ae2b3	or	x5,x21,x23	 x21:0x00000000 x23:0xfffffc8f  x5=0xfffffc8f
     136505.000 ns	     13649	80002ffc	010a55b3	srl	x11,x20,x16	 x20:0x80041024 x16:0x00000001 x11=0x40020812
     136525.000 ns	     13651	80003000	d0020553	fcvt.s.w	f10,x4	  x4:0x00000000 f10=0x00000000
     136555.000 ns	     13654	80003004	e00e0653	fmv.x.w	x12,f28	 f28:0x80000000 x12=0x80000000
     136925.000 ns	     13691	80003008	03d3ecb3	rem	x25,x7,x29	  x7:0xfe000000 x29:0x00000001 x25=0x00000000
     136965.000 ns	     13695	8000300c	18967153	fdiv.s	f2,f12,f9	 f12:0x7fc00000  f9:0x7fc00000  f2=0x7fc00000
     136985.000 ns	     13697	80003010	00ac6d33	or	x26,x24,x10	 x24:0x000001ff x10:0xffffffff x26=0xffffffff
     136995.000 ns	     13698	80003014	ab4e4813	xori	x16,x28,-1356	 x28:0x213d1c86 x16=0xdec2e632
     137005.000 ns	     13699	80003018	00000013	addi	x0,x0,0	  x0:0x00000000
     137015.000 ns	     13700	8000301c	bf65bc13	sltiu	x24,x11,-1034	 x11:0x40020812 x24=0x00000001
     137025.000 ns	     13701	80003020	00000013	addi	x0,x0,0	  x0:0x00000000
     137035.000 ns	     13702	80003024	5f9bce93	xori	x29,x23,1529	 x23:0xfffffc8f x29=0xfffff976
     137055.000 ns	     13704	80003028	299d0653	fmin.s	f12,f26,f25	 f26:0x7fc00000 f25:0xcc000000 f12=0xcc000000
     137075.000 ns	     13706	8000302c	00ca9293	slli	x5,x21,0xc	 x21:0x00000000  x5=0x00000000
     137115.000 ns	     13710	80003030	08572e53	fsub.s	f28,f14,f5	 f14:0x4efff7e0  f5:0x80000000 f28=0x4efff7e0
     137155.000 ns	     13714	80003034	115e4d53	fmul.s	f26,f28,f21	 f28:0x80000000 f21:0x7fc00000 f26=0x7fc00000
     137175.000 ns	     13716	80003038	0130c8b3	xor	x17,x1,x19	  x1:0x80000000 x19:0x00000001 x17=0x80000001
     137215.000 ns	     13720	8000303c	08ce7e53	fsub.s	f28,f28,f12	 f28:0x4efff7e0 f12:0xcc000000 f28=0x4f01fbf0
     137235.000 ns	     13722	80003040	40ae0cb3	sub	x25,x28,x10	 x28:0x213d1c86 x10:0xffffffff x25=0x213d1c87
     137245.000 ns	     13723	80003044	b75a3d17	auipc	x26,0xb75a3	 x26=0x375a6044
     137265.000 ns	     13725	80003048	c01b7fd3	fcvt.wu.s	x31,f22	 f22:0x00000001 x31=0x00000000
     137295.000 ns	     13728	8000304c	a14e8b53	fle.s	x22,f29,f20	 f29:0x00000000 f20:0x00000000 x22=0x00000001
     137335.000 ns	     13732	80003050	10b97a53	fmul.s	f20,f18,f11	 f18:0x4efff7e0 f11:0x00000000 f20=0x00000000
     137355.000 ns	     13734	80003054	01fddc93	srli	x25,x27,0x1f	 x27:0x00000200 x25=0x00000000
     137365.000 ns	     13735	80003058	01c2ac33	slt	x24,x5,x28	  x5:0x00000000 x28:0x213d1c86 x24=0x00000001
     137385.000 ns	     13737	8000305c	020f2b33	mulhsu	x22,x30,x0	 x30:0x702e0000  x0:0x00000000 x22=0x00000000
     137405.000 ns	     13739	80003060	01403db3	sltu	x27,x0,x20	  x0:0x00000000 x20:0x80041024 x27=0x00000001
     137415.000 ns	     13740	80003064	40465ab3	sra	x21,x12,x4	 x12:0x80000000  x4:0x00000000 x21=0x80000000
     137445.000 ns	     13743	80003068	10c61bd3	fmul.s	f23,f12,f12	 f12:0xcc000000 f12:0xcc000000 f23=0x58800000
     137475.000 ns	     13746	8000306c	29cc9c53	fmax.s	f24,f25,f28	 f25:0xcc000000 f28:0x4f01fbf0 f24=0x4f01fbf0
     137505.000 ns	     13749	80003070	20722153	fsgnjx.s	f2,f4,f7	  f4:0x80000000  f7:0x00000000  f2=0x80000000
     137535.000 ns	     13752	80003074	20a31a53	fsgnjn.s	f20,f6,f10	  f6:0x00000000 f10:0x00000000 f20=0x80000000
     137565.000 ns	     13755	80003078	29ec1bd3	fmax.s	f23,f24,f30	 f24:0x4f01fbf0 f30:0x7fc00000 f23=0x4f01fbf0
     137605.000 ns	     13759	8000307c	1048fe53	fmul.s	f28,f17,f4	 f17:0x00000000  f4:0x80000000 f28=0x80000000
     137975.000 ns	     13796	80003080	0353de33	divu	x28,x7,x21	  x7:0xfe000000 x21:0x80000000 x28=0x00000001
     138345.000 ns	     13833	80003084	034be2b3	rem	x5,x23,x20	 x23:0xfffffc8f x20:0x80041024  x5=0xfffffc8f
     138375.000 ns	     13836	80003088	a09ea8d3	feq.s	x17,f29,f9	 f29:0x00000000  f9:0x7fc00000 x17=0x00000000
     138415.000 ns	     13840	8000308c	19ef9053	fdiv.s	f0,f31,f30	 f31:0xff800000 f30:0x7fc00000  f0=0x7fc00000
     138445.000 ns	     13843	80003090	c0062ed3	fcvt.w.s	x29,f12	 f12:0xcc000000 x29=0xfe000000
     138475.000 ns	     13846	80003094	d0102753	fcvt.s.wu	f14,x0	  x0:0x00000000 f14=0x00000000
     138495.000 ns	     13848	80003098	007138b3	sltu	x17,x2,x7	  x2:0x00000000  x7:0xfe000000 x17=0x00000001
     138505.000 ns	     13849	8000309c	eb362b93	slti	x23,x12,-333	 x12:0x80000000 x23=0x00000001
     138525.000 ns	     13851	800030a0	036aef33	rem	x30,x21,x22	 x21:0x80000000 x22:0x00000000 x30=0x80000000
     138545.000 ns	     13853	800030a4	ec729017	auipc	x0,0xec729	
     138565.000 ns	     13855	800030a8	c01d2c53	fcvt.wu.s	x24,f26	 f26:0x7fc00000 x24=0xffffffff
     138585.000 ns	     13857	800030ac	58032d37	lui	x26,0x58032	 x26=0x58032000
     138595.000 ns	     13858	800030b0	00ba9333	sll	x6,x21,x11	 x21:0x80000000 x11:0x40020812  x6=0x00000000
     138615.000 ns	     13860	800030b4	21c29253	fsgnjn.s	f4,f5,f28	  f5:0x80000000 f28:0x80000000  f4=0x00000000
     138635.000 ns	     13862	800030b8	417b8233	sub	x4,x23,x23	 x23:0x00000001 x23:0x00000001  x4=0x00000000
     138655.000 ns	     13864	800030bc	d01c3b53	fcvt.s.wu	f22,x24	 x24:0xffffffff f22=0x4f800000
     138695.000 ns	     13868	800030c0	18418853	fdiv.s	f16,f3,f4	  f3:0x00000000  f4:0x00000000 f16=0x7fc00000
     138715.000 ns	     13870	800030c4	00769293	slli	x5,x13,0x7	 x13:0x00000001  x5=0x00000080
     138755.000 ns	     13874	800030c8	00957ad3	fadd.s	f21,f10,f9	 f10:0x00000000  f9:0x7fc00000 f21=0x7fc00000
     138795.000 ns	     13878	800030cc	58010c53	fsqrt.s	f24,f2	  f2:0x80000000 f24=0x80000000
     138815.000 ns	     13880	800030d0	40bd5eb3	sra	x29,x26,x11	 x26:0x58032000 x11:0x40020812 x29=0x00001600
     138835.000 ns	     13882	800030d4	e00a0ed3	fmv.x.w	x29,f20	 f20:0x80000000 x29=0x80000000
     138855.000 ns	     13884	800030d8	01561db3	sll	x27,x12,x21	 x12:0x80000000 x21:0x80000000 x27=0x80000000
     138865.000 ns	     13885	800030dc	7561e993	ori	x19,x3,1878	  x3:0x00000000 x19=0x00000756
     138885.000 ns	     13887	800030e0	28a58253	fmin.s	f4,f11,f10	 f11:0x00000000 f10:0x00000000  f4=0x00000000
     138905.000 ns	     13889	800030e4	89397e13	andi	x28,x18,-1901	 x18:0x00000000 x28=0x00000000
     138915.000 ns	     13890	800030e8	69b61f97	auipc	x31,0x69b61	 x31=0xe9b640e8
     139935.000 ns	     13992	800030ec	58047653	fsqrt.s	f12,f8	  f8:0x4f000410 f12=0x46b50a40
     139965.000 ns	     13995	800030f0	a1630753	fle.s	x14,f6,f22	  f6:0x00000000 f22:0x4f800000 x14=0x00000001
     139995.000 ns	     13998	800030f4	a0482353	feq.s	x6,f16,f4	 f16:0x7fc00000  f4:0x00000000  x6=0x00000000
     140015.000 ns	     14000	800030f8	01e0d193	srli	x3,x1,0x1e	  x1:0x80000000  x3=0x00000002
     140025.000 ns	     14001	800030fc	89dd0f17	auipc	x30,0x89dd0	 x30=0x09dd30fc
     140035.000 ns	     14002	80003100	c358f493	andi	x9,x17,-971	 x17:0x00000001  x9=0x00000001
     140045.000 ns	     14003	80003104	00bbc133	xor	x2,x23,x11	 x23:0x00000001 x11:0x40020812  x2=0x40020813
     140065.000 ns	     14005	80003108	0248c133	div	x2,x17,x4	 x17:0x00000001  x4:0x00000000  x2=0xffffffff
     140095.000 ns	     14008	8000310c	a1139253	flt.s	x4,f7,f17	  f7:0x00000000 f17:0x00000000  x4=0x00000000
     140125.000 ns	     14011	80003110	a0a09253	flt.s	x4,f1,f10	  f1:0x7fc00000 f10:0x00000000  x4=0x00000000
     140155.000 ns	     14014	80003114	f00684d3	fmv.w.x	f9,x13	 x13:0x00000001  f9=0x00000001
     140185.000 ns	     14017	80003118	02778b33	mul	x22,x15,x7	 x15:0x4ef0e37a  x7:0xfe000000 x22=0x0c000000
     140205.000 ns	     14019	8000311c	0145d193	srli	x3,x11,0x14	 x11:0x40020812  x3=0x00000400
     140215.000 ns	     14020	80003120	41bf5fb3	sra	x31,x30,x27	 x30:0x09dd30fc x27:0x80000000 x31=0x09dd30fc
     140235.000 ns	     14022	80003124	a0a894d3	flt.s	x9,f17,f10	 f17:0x00000000 f10:0x00000000  x9=0x00000000
     140255.000 ns	     14024	80003128	01d09013	slli	x0,x1,0x1d	  x1:0x80000000
     140265.000 ns	     14025	8000312c	40a48013	addi	x0,x9,1034	  x9:0x00000000
     140275.000 ns	     14026	80003130	013f9013	slli	x0,x31,0x13	 x31:0x09dd30fc
     140295.000 ns	     14028	80003134	f0028853	fmv.w.x	f16,x5	  x5:0x00000080 f16=0x00000080
     140315.000 ns	     14030	80003138	00000013	addi	x0,x0,0	  x0:0x00000000
     140325.000 ns	     14031	8000313c	1db6e297	auipc	x5,0x1db6e	  x5=0x9db7113c
     140335.000 ns	     14032	80003140	0062ef33	or	x30,x5,x6	  x5:0x00000080  x6:0x00000000 x30=0x9db7113c
     140345.000 ns	     14033	80003144	2a303117	auipc	x2,0x2a303	  x2=0xaa306144
     140355.000 ns	     14034	80003148	71b54d93	xori	x27,x10,1819	 x10:0xffffffff x27=0xfffff8e4
     140385.000 ns	     14037	8000314c	19167ed3	fdiv.s	f29,f12,f17	 f12:0x46b50a40 f17:0x00000000 f29=0x7f800000
     140755.000 ns	     14074	80003150	03d9cdb3	div	x27,x19,x29	 x19:0x00000756 x29:0x80000000 x27=0x00000000
     140785.000 ns	     14077	80003154	21a7acd3	fsgnjx.s	f25,f15,f26	 f15:0x4effffff f26:0x7fc00000 f25=0x4effffff
     140815.000 ns	     14080	80003158	292a8153	fmin.s	f2,f21,f18	 f21:0x7fc00000 f18:0x4efff7e0  f2=0x4efff7e0
     140865.000 ns	     14085	8000315c	00917553	fadd.s	f10,f2,f9	  f2:0x80000000  f9:0x00000001 f10=0x4efff7e0
     140895.000 ns	     14088	80003160	c0059ad3	fcvt.w.s	x21,f11	 f11:0x00000000 x21=0x00000000
     140925.000 ns	     14091	80003164	025e8cb3	mul	x25,x29,x5	 x29:0x80000000  x5:0x9db7113c x25=0x00000000
     140955.000 ns	     14094	80003168	d01ef8d3	fcvt.s.wu	f17,x29	 x29:0x80000000 f17=0x4f000000
     140975.000 ns	     14096	8000316c	c61a7eb7	lui	x29,0xc61a7	 x29=0xc61a7000
     140995.000 ns	     14098	80003170	28d612d3	fmax.s	f5,f12,f13	 f12:0x46b50a40 f13:0x7fc00000  f5=0x46b50a40
     141015.000 ns	     14100	80003174	004fa6b3	slt	x13,x31,x4	 x31:0x09dd30fc  x4:0x00000000 x13=0x00000000
     141375.000 ns	     14136	80003178	02fbf5b3	remu	x11,x23,x15	 x23:0x00000001 x15:0x4ef0e37a x11=0x00000001
     141395.000 ns	     14138	8000317c	36c42c37	lui	x24,0x36c42	 x24=0x36c42000
     141405.000 ns	     14139	80003180	babf6a93	ori	x21,x30,-1109	 x30:0x9db7113c x21=0xfffffbbf
     141415.000 ns	     14140	80003184	39127713	andi	x14,x4,913	  x4:0x00000000 x14=0x00000000
     141425.000 ns	     14141	80003188	cae14493	xori	x9,x2,-850	  x2:0xaa306144  x9=0x55cf9dea
     141445.000 ns	     14143	8000318c	a13aa353	feq.s	x6,f21,f19	 f21:0x7fc00000 f19:0x7fc00000  x6=0x00000000
     141495.000 ns	     14148	80003190	099bf053	fsub.s	f0,f23,f25	 f23:0x4f01fbf0 f25:0x4effffff  f0=0x4bfdf800
     141515.000 ns	     14150	80003194	00b35833	srl	x16,x6,x11	  x6:0x00000000 x11:0x00000001 x16=0x00000000
     141535.000 ns	     14152	80003198	034b9ab3	mulh	x21,x23,x20	 x23:0x00000001 x20:0x80041024 x21=0xffffffff
     141555.000 ns	     14154	8000319c	007703b3	add	x7,x14,x7	 x14:0x00000000  x7:0xfe000000  x7=0xfe000000
     141565.000 ns	     14155	800031a0	f63f6137	lui	x2,0xf63f6	  x2=0xf63f6000
     141575.000 ns	     14156	800031a4	9cef2793	slti	x15,x30,-1586	 x30:0x9db7113c x15=0x00000001
     141585.000 ns	     14157	800031a8	0100e033	or	x0,x1,x16	  x1:0x80000000 x16:0x00000000
     141595.000 ns	     14158	800031ac	01825233	srl	x4,x4,x24	  x4:0x00000000 x24:0x36c42000  x4=0x00000000
     141615.000 ns	     14160	800031b0	21208753	fsgnj.s	f14,f1,f18	  f1:0x7fc00000 f18:0x4efff7e0 f14=0x7fc00000
     141635.000 ns	     14162	800031b4	00db5613	srli	x12,x22,0xd	 x22:0x0c000000 x12=0x00006000
     141655.000 ns	     14164	800031b8	03dc1cb3	mulh	x25,x24,x29	 x24:0x36c42000 x29:0xc61a7000 x25=0xf39d38a1
     141675.000 ns	     14166	800031bc	012a03b3	add	x7,x20,x18	 x20:0x80041024 x18:0x00000000  x7=0x80041024
     141695.000 ns	     14168	800031c0	03cab1b3	mulhu	x3,x21,x28	 x21:0xffffffff x28:0x00000000  x3=0x00000000
     141725.000 ns	     14171	800031c4	c01c16d3	fcvt.wu.s	x13,f24	 f24:0x80000000 x13=0x00000000
     141755.000 ns	     14174	800031c8	f00f8dd3	fmv.w.x	f27,x31	 x31:0x09dd30fc f27=0x09dd30fc
     141785.000 ns	     14177	800031cc	03e431b3	mulhu	x3,x8,x30	  x8:0x80040fe4 x30:0x9db7113c  x3=0x4ede0944
     141805.000 ns	     14179	800031d0	e549e493	ori	x9,x19,-428	 x19:0x00000756  x9=0xffffff56
     141815.000 ns	     14180	800031d4	0037d713	srli	x14,x15,0x3	 x15:0x00000001 x14=0x00000000
     141835.000 ns	     14182	800031d8	024d7bb3	remu	x23,x26,x4	 x26:0x58032000  x4:0x00000000 x23=0x58032000
     142205.000 ns	     14219	800031dc	03694733	div	x14,x18,x22	 x18:0x00000000 x22:0x0c000000 x14=0x00000000
     142225.000 ns	     14221	800031e0	00f6e133	or	x2,x13,x15	 x13:0x00000000 x15:0x00000001  x2=0x00000001
     142255.000 ns	     14224	800031e4	19428153	fdiv.s	f2,f5,f20	  f5:0x46b50a40 f20:0x80000000  f2=0xff800000
     142275.000 ns	     14226	800031e8	00ecf1b3	and	x3,x25,x14	 x25:0xf39d38a1 x14:0x00000000  x3=0x00000000
     142295.000 ns	     14228	800031ec	020944b3	div	x9,x18,x0	 x18:0x00000000  x0:0x00000000  x9=0xffffffff
     142325.000 ns	     14231	800031f0	c013f353	fcvt.wu.s	x6,f7	  f7:0x00000000  x6=0x00000000
     142345.000 ns	     14233	800031f4	008be033	or	x0,x23,x8	 x23:0x58032000  x8:0x80040fe4
     142355.000 ns	     14234	800031f8	416bdd33	sra	x26,x23,x22	 x23:0x58032000 x22:0x0c000000 x26=0x58032000
     142715.000 ns	     14270	800031fc	038fdeb3	divu	x29,x31,x24	 x31:0x09dd30fc x24:0x36c42000 x29=0x00000000
     142745.000 ns	     14273	80003200	033ba5b3	mulhsu	x11,x23,x19	 x23:0x58032000 x19:0x00000756 x11=0x00000285
     142765.000 ns	     14275	80003204	00000013	addi	x0,x0,0	  x0:0x00000000
     142805.000 ns	     14279	80003208	001caa53	fadd.s	f20,f25,f1	 f25:0x4effffff  f1:0x7fc00000 f20=0x7fc00000
     142835.000 ns	     14282	8000320c	205c8753	fsgnj.s	f14,f25,f5	 f25:0x4effffff  f5:0x46b50a40 f14=0x4effffff
     142865.000 ns	     14285	80003210	03833bb3	mulhu	x23,x6,x24	  x6:0x00000000 x24:0x36c42000 x23=0x00000000
     142895.000 ns	     14288	80003214	200c81d3	fsgnj.s	f3,f25,f0	 f25:0x4effffff  f0:0x4bfdf800  f3=0x4effffff
     142925.000 ns	     14291	80003218	03b5dfb3	divu	x31,x11,x27	 x11:0x00000285 x27:0x00000000 x31=0xffffffff
     142955.000 ns	     14294	8000321c	20cb1f53	fsgnjn.s	f30,f22,f12	 f22:0x4f800000 f12:0x46b50a40 f30=0xcf800000
     142975.000 ns	     14296	80003220	0139e3b3	or	x7,x19,x19	 x19:0x00000756 x19:0x00000756  x7=0x00000756
     142985.000 ns	     14297	80003224	016393b3	sll	x7,x7,x22	  x7:0x80041024 x22:0x0c000000  x7=0x00000756
     142995.000 ns	     14298	80003228	07c12d97	auipc	x27,0x7c12	 x27=0x87c15228
     143015.000 ns	     14300	8000322c	02df6bb3	rem	x23,x30,x13	 x30:0x9db7113c x13:0x00000000 x23=0x9db7113c
     143065.000 ns	     14305	80003230	08679953	fsub.s	f18,f15,f6	 f15:0x4effffff  f6:0x00000000 f18=0x4effffff
     143095.000 ns	     14308	80003234	d004f953	fcvt.s.w	f18,x9	  x9:0xffffffff f18=0xbf800000
     143115.000 ns	     14310	80003238	01161893	slli	x17,x12,0x11	 x12:0x00006000 x17=0xc0000000
     143135.000 ns	     14312	8000323c	a00dafd3	feq.s	x31,f27,f0	 f27:0x09dd30fc  f0:0x4bfdf800 x31=0x00000000
     143165.000 ns	     14315	80003240	28d08653	fmin.s	f12,f1,f13	  f1:0x7fc00000 f13:0x7fc00000 f12=0x7fc00000
     143195.000 ns	     14318	80003244	02dfc9b3	div	x19,x31,x13	 x31:0x00000000 x13:0x00000000 x19=0xffffffff
     143225.000 ns	     14321	80003248	d018b853	fcvt.s.wu	f16,x17	 x17:0xc0000000 f16=0x4f400000
     143255.000 ns	     14324	8000324c	21009dd3	fsgnjn.s	f27,f1,f16	  f1:0x7fc00000 f16:0x00000080 f27=0xffc00000
     143305.000 ns	     14329	80003250	004a3653	fadd.s	f12,f20,f4	 f20:0x7fc00000  f4:0x00000000 f12=0x7fc00000
     143325.000 ns	     14331	80003254	01f9dc33	srl	x24,x19,x31	 x19:0xffffffff x31:0x00000000 x24=0xffffffff
     143345.000 ns	     14333	80003258	a1262253	feq.s	x4,f12,f18	 f12:0x7fc00000 f18:0xbf800000  x4=0x00000000
     143375.000 ns	     14336	8000325c	283e8453	fmin.s	f8,f29,f3	 f29:0x7f800000  f3:0x4effffff  f8=0x4effffff
     143425.000 ns	     14341	80003260	012f7253	fadd.s	f4,f30,f18	 f30:0xcf800000 f18:0xbf800000  f4=0xcf800000
     143455.000 ns	     14344	80003264	f0040853	fmv.w.x	f16,x8	  x8:0x80040fe4 f16=0x80040fe4
     143475.000 ns	     14346	80003268	49677f93	andi	x31,x14,1174	 x14:0x00000000 x31=0x00000000
     143485.000 ns	     14347	8000326c	016e4933	xor	x18,x28,x22	 x28:0x00000000 x22:0x0c000000 x18=0x0c000000
     143515.000 ns	     14350	80003270	1954f153	fdiv.s	f2,f9,f21	  f9:0x00000001 f21:0x7fc00000  f2=0x7fc00000
     143545.000 ns	     14353	80003274	29e40253	fmin.s	f4,f8,f30	  f8:0x4effffff f30:0xcf800000  f4=0xcf800000
     143575.000 ns	     14356	80003278	a0670fd3	fle.s	x31,f14,f6	 f14:0x4effffff  f6:0x00000000 x31=0x00000000
     143605.000 ns	     14359	8000327c	03869eb3	mulh	x29,x13,x24	 x13:0x00000000 x24:0xffffffff x29=0x00000000
     144785.000 ns	     14477	80003280	5802f7d3	fsqrt.s	f15,f5	  f5:0x46b50a40 f15=0x43183a19
     144805.000 ns	     14479	80003284	66b26117	auipc	x2,0x66b26	  x2=0xe6b29284
     144825.000 ns	     14481	80003288	0370a933	mulhsu	x18,x1,x23	  x1:0x80000000 x23:0x9db7113c x18=0xb1247762
     144875.000 ns	     14486	8000328c	000670d3	fadd.s	f1,f12,f0	 f12:0x7fc00000  f0:0x4bfdf800  f1=0x7fc00000
     144895.000 ns	     14488	80003290	4e4ecb93	xori	x23,x29,1252	 x29:0x00000000 x23=0x000004e4
     144915.000 ns	     14490	80003294	e00c13d3	fclass.s	x7,f24	 f24:0x80000000  x7=0x00000008
     144965.000 ns	     14495	80003298	09900f53	fsub.s	f30,f0,f25	  f0:0x4bfdf800 f25:0x4effffff f30=0xcefc081f
     145005.000 ns	     14499	8000329c	19e5f3d3	fdiv.s	f7,f11,f30	 f11:0x00000000 f30:0xcf800000  f7=0x80000000
     145025.000 ns	     14501	800032a0	1616af13	slti	x30,x13,353	 x13:0x00000000 x30=0x00000001
     145055.000 ns	     14504	800032a4	18c9af53	fdiv.s	f30,f19,f12	 f19:0x7fc00000 f12:0x7fc00000 f30=0x7fc00000
     145075.000 ns	     14506	800032a8	43a9e1b7	lui	x3,0x43a9e	  x3=0x43a9e000
     145085.000 ns	     14507	800032ac	004c5633	srl	x12,x24,x4	 x24:0xffffffff  x4:0x00000000 x12=0xffffffff
     145095.000 ns	     14508	800032b0	00a46233	or	x4,x8,x10	  x8:0x80040fe4 x10:0xffffffff  x4=0xffffffff
     145455.000 ns	     14544	800032b4	02acec33	rem	x24,x25,x10	 x25:0xf39d38a1 x10:0xffffffff x24=0x00000000
     145485.000 ns	     14547	800032b8	211da2d3	fsgnjx.s	f5,f27,f17	 f27:0xffc00000 f17:0x4f000000  f5=0xffc00000
     145515.000 ns	     14550	800032bc	d00f49d3	fcvt.s.w	f19,x30	 x30:0x00000001 f19=0x3f800000
     145545.000 ns	     14553	800032c0	a0311c53	flt.s	x24,f2,f3	  f2:0x7fc00000  f3:0x4effffff x24=0x00000000
     145565.000 ns	     14555	800032c4	c85acd93	xori	x27,x21,-891	 x21:0xffffffff x27=0x0000037a
     145925.000 ns	     14591	800032c8	032c5333	divu	x6,x24,x18	 x24:0x00000000 x18:0xb1247762  x6=0x00000000
     145975.000 ns	     14596	800032cc	09af7e53	fsub.s	f28,f30,f26	 f30:0x7fc00000 f26:0x7fc00000 f28=0x7fc00000
     146005.000 ns	     14599	800032d0	28998953	fmin.s	f18,f19,f9	 f19:0x3f800000  f9:0x00000001 f18=0x00000001
     146035.000 ns	     14602	800032d4	28090a53	fmin.s	f20,f18,f0	 f18:0xbf800000  f0:0x4bfdf800 f20=0x00000001
     146055.000 ns	     14604	800032d8	006821b3	slt	x3,x16,x6	 x16:0x00000000  x6:0x00000000  x3=0x00000000
     146065.000 ns	     14605	800032dc	8e16c217	auipc	x4,0x8e16c	  x4=0x0e16f2dc
     146425.000 ns	     14641	800032e0	02426733	rem	x14,x4,x4	  x4:0xffffffff  x4:0xffffffff x14=0x00000000
     146455.000 ns	     14644	800032e4	03e501b3	mul	x3,x10,x30	 x10:0xffffffff x30:0x00000001  x3=0xffffffff
     146475.000 ns	     14646	800032e8	df948593	addi	x11,x9,-519	  x9:0xffffffff x11=0xfffffdf8
     146485.000 ns	     14647	800032ec	0183e633	or	x12,x7,x24	  x7:0x00000008 x24:0x00000000 x12=0x00000008
     146845.000 ns	     14683	800032f0	0238f933	remu	x18,x17,x3	 x17:0xc0000000  x3:0xffffffff x18=0xc0000000
     147215.000 ns	     14720	800032f4	025d48b3	div	x17,x26,x5	 x26:0x58032000  x5:0x9db7113c x17=0x00000000
     147245.000 ns	     14723	800032f8	036621b3	mulhsu	x3,x12,x22	 x12:0x00000008 x22:0x0c000000  x3=0x00000000
     147275.000 ns	     14726	800032fc	03acaf33	mulhsu	x30,x25,x26	 x25:0xf39d38a1 x26:0x58032000 x30=0xfbbde4c2
     147315.000 ns	     14730	80003300	187c76d3	fdiv.s	f13,f24,f7	 f24:0x80000000  f7:0x80000000 f13=0x7fc00000
     147335.000 ns	     14732	80003304	413c5b33	sra	x22,x24,x19	 x24:0x00000000 x19:0xffffffff x22=0x00000000
     147345.000 ns	     14733	80003308	015fe133	or	x2,x31,x21	 x31:0x00000000 x21:0xffffffff  x2=0xffffffff
     147355.000 ns	     14734	8000330c	c0f1a713	slti	x14,x3,-1009	  x3:0x00000000 x14=0x00000000
     147375.000 ns	     14736	80003310	031d3cb3	mulhu	x25,x26,x17	 x26:0x58032000 x17:0x00000000 x25=0x00000000
     147405.000 ns	     14739	80003314	e00e18d3	fclass.s	x17,f28	 f28:0x7fc00000 x17=0x00000200
     147425.000 ns	     14741	80003318	ea7b9d17	auipc	x26,0xea7b9	 x26=0x6a7bc318
     147785.000 ns	     14777	8000331c	0244d3b3	divu	x7,x9,x4	  x9:0xffffffff  x4:0x0e16f2dc  x7=0x00000012
     147825.000 ns	     14781	80003320	5805c5d3	fsqrt.s	f11,f11	 f11:0x00000000 f11=0x00000000
     147855.000 ns	     14784	80003324	203f9d53	fsgnjn.s	f26,f31,f3	 f31:0xff800000  f3:0x4effffff f26=0xff800000
     147885.000 ns	     14787	80003328	03c642b3	div	x5,x12,x28	 x12:0x00000008 x28:0x00000000  x5=0xffffffff
     147935.000 ns	     14792	8000332c	000eca53	fadd.s	f20,f29,f0	 f29:0x7f800000  f0:0x4bfdf800 f20=0x7f800000
     147955.000 ns	     14794	80003330	009e1113	slli	x2,x28,0x9	 x28:0x00000000  x2=0x00000000
     147965.000 ns	     14795	80003334	000674b3	and	x9,x12,x0	 x12:0x00000008  x0:0x00000000  x9=0x00000000
     147975.000 ns	     14796	80003338	fc8ef193	andi	x3,x29,-56	 x29:0x00000000  x3=0x00000000
     147985.000 ns	     14797	8000333c	0f412193	slti	x3,x2,244	  x2:0x00000000  x3=0x00000001
     148025.000 ns	     14801	80003340	093289d3	fsub.s	f19,f5,f19	  f5:0xffc00000 f19:0x3f800000 f19=0x7fc00000
     148055.000 ns	     14804	80003344	c0032fd3	fcvt.w.s	x31,f6	  f6:0x00000000 x31=0x00000000
     148095.000 ns	     14808	80003348	116547d3	fmul.s	f15,f10,f22	 f10:0x4efff7e0 f22:0x4f800000 f15=0x5efff7e0
     148115.000 ns	     14810	8000334c	000874b3	and	x9,x16,x0	 x16:0x00000000  x0:0x00000000  x9=0x00000000
     148125.000 ns	     14811	80003350	33273217	auipc	x4,0x33273	  x4=0xb3276350
     148135.000 ns	     14812	80003354	00290eb3	add	x29,x18,x2	 x18:0xc0000000  x2:0x00000000 x29=0xc0000000
     148145.000 ns	     14813	80003358	0c056017	auipc	x0,0xc056	
     148505.000 ns	     14849	8000335c	03e74933	div	x18,x14,x30	 x14:0x00000000 x30:0xfbbde4c2 x18=0x00000000
     148535.000 ns	     14852	80003360	21030153	fsgnj.s	f2,f6,f16	  f6:0x00000000 f16:0x80040fe4  f2=0x80000000
     148565.000 ns	     14855	80003364	03fa7d33	remu	x26,x20,x31	 x20:0x80041024 x31:0x00000000 x26=0x80041024
     148585.000 ns	     14857	80003368	01296ab3	or	x21,x18,x18	 x18:0x00000000 x18:0x00000000 x21=0x00000000
     148595.000 ns	     14858	8000336c	4f2c8993	addi	x19,x25,1266	 x25:0x00000000 x19=0x000004f2
     148605.000 ns	     14859	80003370	00000013	addi	x0,x0,0	  x0:0x00000000
     148615.000 ns	     14860	80003374	016d56b3	srl	x13,x26,x22	 x26:0x80041024 x22:0x00000000 x13=0x80041024
     148635.000 ns	     14862	80003378	e0069bd3	fclass.s	x23,f13	 f13:0x7fc00000 x23=0x00000200
     148665.000 ns	     14865	8000337c	29e184d3	fmin.s	f9,f3,f30	  f3:0x4effffff f30:0x7fc00000  f9=0x4effffff
     148685.000 ns	     14867	80003380	9bb87113	andi	x2,x16,-1605	 x16:0x00000000  x2=0x00000000
     148705.000 ns	     14869	80003384	292c01d3	fmin.s	f3,f24,f18	 f24:0x80000000 f18:0x00000001  f3=0x80000000
     148735.000 ns	     14872	80003388	a1ea0ad3	fle.s	x21,f20,f30	 f20:0x7f800000 f30:0x7fc00000 x21=0x00000000
     148775.000 ns	     14876	8000338c	19aba653	fdiv.s	f12,f23,f26	 f23:0x4f01fbf0 f26:0xff800000 f12=0x80000000
     148805.000 ns	     14879	80003390	e00c1853	fclass.s	x16,f24	 f24:0x80000000 x16=0x00000008
     148835.000 ns	     14882	80003394	282a9dd3	fmax.s	f27,f21,f2	 f21:0x7fc00000  f2:0x80000000 f27=0x80000000
     148855.000 ns	     14884	80003398	01355c13	srli	x24,x10,0x13	 x10:0xffffffff x24=0x00001fff
     148865.000 ns	     14885	8000339c	de4fbb13	sltiu	x22,x31,-540	 x31:0x00000000 x22=0x00000001
     148875.000 ns	     14886	800033a0	00e59593	slli	x11,x11,0xe	 x11:0xfffffdf8 x11=0xff7e0000
     150045.000 ns	     15003	800033a4	580b0553	fsqrt.s	f10,f22	 f22:0x4f800000 f10=0x477fffae
     150075.000 ns	     15006	800033a8	280491d3	fmax.s	f3,f9,f0	  f9:0x4effffff  f0:0x4bfdf800  f3=0x4effffff
     150095.000 ns	     15008	800033ac	9aa82593	slti	x11,x16,-1622	 x16:0x00000008 x11=0x00000000
     150115.000 ns	     15010	800033b0	e00c0653	fmv.x.w	x12,f24	 f24:0x80000000 x12=0x80000000
     150135.000 ns	     15012	800033b4	1c1ecf93	xori	x31,x29,449	 x29:0xc0000000 x31=0xc00001c1
     150155.000 ns	     15014	800033b8	e00b9b53	fclass.s	x22,f23	 f23:0x4f01fbf0 x22=0x00000040
     150185.000 ns	     15017	800033bc	03248bb3	mul	x23,x9,x18	  x9:0x00000000 x18:0x00000000 x23=0x00000000
     150215.000 ns	     15020	800033c0	f00d0753	fmv.w.x	f14,x26	 x26:0x80041024 f14=0x80041024
     150235.000 ns	     15022	800033c4	1a270013	addi	x0,x14,418	 x14:0x00000000
     150245.000 ns	     15023	800033c8	0bed6513	ori	x10,x26,190	 x26:0x80041024 x10=0x800410be
     150255.000 ns	     15024	800033cc	002dad33	slt	x26,x27,x2	 x27:0x0000037a  x2:0x00000000 x26=0x00000000
     150265.000 ns	     15025	800033d0	002bfb33	and	x22,x23,x2	 x23:0x00000000  x2:0x00000000 x22=0x00000000
     150285.000 ns	     15027	800033d4	21c801d3	fsgnj.s	f3,f16,f28	 f16:0x80040fe4 f28:0x7fc00000  f3=0x00040fe4
     150655.000 ns	     15064	800033d8	025d67b3	rem	x15,x26,x5	 x26:0x00000000  x5:0xffffffff x15=0x00000000
     150705.000 ns	     15069	800033dc	08132053	fsub.s	f0,f6,f1	  f6:0x00000000  f1:0x7fc00000  f0=0x7fc00000
     150735.000 ns	     15072	800033e0	c01ef353	fcvt.wu.s	x6,f29	 f29:0x7f800000  x6=0xffffffff
     150765.000 ns	     15075	800033e4	2077a853	fsgnjx.s	f16,f15,f7	 f15:0x5efff7e0  f7:0x80000000 f16=0xdefff7e0
     150795.000 ns	     15078	800033e8	02b38133	mul	x2,x7,x11	  x7:0x00000012 x11:0x00000000  x2=0x00000000
     150815.000 ns	     15080	800033ec	0158d833	srl	x16,x17,x21	 x17:0x00000200 x21:0x00000000 x16=0x00000200
     150835.000 ns	     15082	800033f0	21331153	fsgnjn.s	f2,f6,f19	  f6:0x00000000 f19:0x7fc00000  f2=0x80000000
     150855.000 ns	     15084	800033f4	41c48cb3	sub	x25,x9,x28	  x9:0x00000000 x28:0x00000000 x25=0x00000000
     150865.000 ns	     15085	800033f8	0562f193	andi	x3,x5,86	  x5:0xffffffff  x3=0x00000056
     150875.000 ns	     15086	800033fc	001384b3	add	x9,x7,x1	  x7:0x00000012  x1:0x80000000  x9=0x80000012
     150915.000 ns	     15090	80003400	0189f1d3	fadd.s	f3,f19,f24	 f19:0x7fc00000 f24:0x80000000  f3=0x7fc00000
     150935.000 ns	     15092	80003404	ae5d6f93	ori	x31,x26,-1307	 x26:0x00000000 x31=0xfffffae5
     150945.000 ns	     15093	80003408	40e48c33	sub	x24,x9,x14	  x9:0x80000012 x14:0x00000000 x24=0x80000012
     150965.000 ns	     15095	8000340c	03ad5c33	divu	x24,x26,x26	 x26:0x00000000 x26:0x00000000 x24=0xffffffff
     150995.000 ns	     15098	80003410	212d03d3	fsgnj.s	f7,f26,f18	 f26:0xff800000 f18:0x00000001  f7=0x7f800000
     151025.000 ns	     15101	80003414	c01976d3	fcvt.wu.s	x13,f18	 f18:0x00000001 x13=0x00000000
     151395.000 ns	     15138	80003418	03b778b3	remu	x17,x14,x27	 x14:0x00000000 x27:0x0000037a x17=0x00000000
     151425.000 ns	     15141	8000341c	028e1b33	mulh	x22,x28,x8	 x28:0x00000000  x8:0x80040fe4 x22=0x00000000
     151445.000 ns	     15143	80003420	00cc1613	slli	x12,x24,0xc	 x24:0xffffffff x12=0xfffff000
     151455.000 ns	     15144	80003424	00d25e33	srl	x28,x4,x13	  x4:0xb3276350 x13:0x00000000 x28=0xb3276350
     151495.000 ns	     15148	80003428	00b845d3	fadd.s	f11,f16,f11	 f16:0xdefff7e0 f11:0x00000000 f11=0xdefff7e0
     151525.000 ns	     15151	8000342c	e00e84d3	fmv.x.w	x9,f29	 f29:0x7f800000  x9=0x7f800000
     151575.000 ns	     15156	80003430	097901d3	fsub.s	f3,f18,f23	 f18:0x00000001 f23:0x4f01fbf0  f3=0xcf01fbf0
     151595.000 ns	     15158	80003434	01df3ab3	sltu	x21,x30,x29	 x30:0xfbbde4c2 x29:0xc0000000 x21=0x00000000
     151615.000 ns	     15160	80003438	0308b7b3	mulhu	x15,x17,x16	 x17:0x00000000 x16:0x00000200 x15=0x00000000
     151635.000 ns	     15162	8000343c	0091e3b3	or	x7,x3,x9	  x3:0x00000056  x9:0x7f800000  x7=0x7f800056
     151645.000 ns	     15163	80003440	40e75d93	srai	x27,x14,0xe	 x14:0x00000000 x27=0x00000000
     151655.000 ns	     15164	80003444	018bbb33	sltu	x22,x23,x24	 x23:0x00000000 x24:0xffffffff x22=0x00000001
     151675.000 ns	     15166	80003448	03c398b3	mulh	x17,x7,x28	  x7:0x7f800056 x28:0xb3276350 x17=0xd9ba1ddc
     151695.000 ns	     15168	8000344c	ec6f7493	andi	x9,x30,-314	 x30:0xfbbde4c2  x9=0xfbbde4c2
     151715.000 ns	     15170	80003450	a1de2653	feq.s	x12,f28,f29	 f28:0x7fc00000 f29:0x7f800000 x12=0x00000000
     151735.000 ns	     15172	80003454	0085a733	slt	x14,x11,x8	 x11:0x00000000  x8:0x80040fe4 x14=0x00000000
     151755.000 ns	     15174	80003458	21c6a853	fsgnjx.s	f16,f13,f28	 f13:0x7fc00000 f28:0x7fc00000 f16=0x7fc00000
     151785.000 ns	     15177	8000345c	c0197853	fcvt.wu.s	x16,f18	 f18:0x00000001 x16=0x00000000
     151805.000 ns	     15179	80003460	0046f1b3	and	x3,x13,x4	 x13:0x00000000  x4:0xb3276350  x3=0x00000000
     151815.000 ns	     15180	80003464	01c16633	or	x12,x2,x28	  x2:0x00000000 x28:0xb3276350 x12=0xb3276350
     151825.000 ns	     15181	80003468	41635513	srai	x10,x6,0x16	  x6:0xffffffff x10=0xffffffff
     151845.000 ns	     15183	8000346c	e00d08d3	fmv.x.w	x17,f26	 f26:0xff800000 x17=0xff800000
     151875.000 ns	     15186	80003470	a1061e53	flt.s	x28,f12,f16	 f12:0x80000000 f16:0x7fc00000 x28=0x00000000
     151895.000 ns	     15188	80003474	32abf197	auipc	x3,0x32abf	  x3=0xb2ac2474
     151905.000 ns	     15189	80003478	013731b3	sltu	x3,x14,x19	 x14:0x00000000 x19:0x000004f2  x3=0x00000001
     151915.000 ns	     15190	8000347c	00000013	addi	x0,x0,0	  x0:0x00000000
     151925.000 ns	     15191	80003480	3737b297	auipc	x5,0x3737b	  x5=0xb737e480
     152285.000 ns	     15227	80003484	026d7e33	remu	x28,x26,x6	 x26:0x00000000  x6:0xffffffff x28=0x00000000
     152305.000 ns	     15229	80003488	4062dd93	srai	x27,x5,0x6	  x5:0xffffffff x27=0xfedcdf92
     152345.000 ns	     15233	8000348c	0958fad3	fsub.s	f21,f17,f21	 f17:0x4f000000 f21:0x7fc00000 f21=0x7fc00000
     152385.000 ns	     15237	80003490	18e67353	fdiv.s	f6,f12,f14	 f12:0x80000000 f14:0x80041024  f6=0x00000000
     152405.000 ns	     15239	80003494	31ed6c13	ori	x24,x26,798	 x26:0x00000000 x24=0x0000031e
     152415.000 ns	     15240	80003498	0147fc33	and	x24,x15,x20	 x15:0x00000000 x20:0x80041024 x24=0x00000000
     152435.000 ns	     15242	8000349c	e00f0253	fmv.x.w	x4,f30	 f30:0x7fc00000  x4=0x7fc00000
     152455.000 ns	     15244	800034a0	40f00533	sub	x10,x0,x15	  x0:0x00000000 x15:0x00000000 x10=0x00000000
     152475.000 ns	     15246	800034a4	a1cf18d3	flt.s	x17,f30,f28	 f30:0x7fc00000 f28:0x7fc00000 x17=0x00000000
     152505.000 ns	     15249	800034a8	a06b0553	fle.s	x10,f22,f6	 f22:0x4f800000  f6:0x00000000 x10=0x00000000
     152525.000 ns	     15251	800034ac	dc2fbbb7	lui	x23,0xdc2fb	 x23=0xdc2fb000
     152535.000 ns	     15252	800034b0	5634f393	andi	x7,x9,1379	  x9:0xfbbde4c2  x7=0x00000442
     152555.000 ns	     15254	800034b4	2117a5d3	fsgnjx.s	f11,f15,f17	 f15:0x5efff7e0 f17:0x4f000000 f11=0x5efff7e0
     152925.000 ns	     15291	800034b8	021a6db3	rem	x27,x20,x1	 x20:0x80041024  x1:0x80000000 x27=0x80041024
     152955.000 ns	     15294	800034bc	a1622353	feq.s	x6,f4,f22	  f4:0xcf800000 f22:0x4f800000  x6=0x00000000
     152995.000 ns	     15298	800034c0	10551953	fmul.s	f18,f10,f5	 f10:0x477fffae  f5:0xffc00000 f18=0x7fc00000
     153025.000 ns	     15301	800034c4	c016f653	fcvt.wu.s	x12,f13	 f13:0x7fc00000 x12=0xffffffff
     153045.000 ns	     15303	800034c8	41b18b33	sub	x22,x3,x27	  x3:0x00000001 x27:0x80041024 x22=0x7ffbefdd
     153065.000 ns	     15305	800034cc	a01e87d3	fle.s	x15,f29,f1	 f29:0x7f800000  f1:0x7fc00000 x15=0x00000000
     153095.000 ns	     15308	800034d0	02542733	mulhsu	x14,x8,x5	  x8:0x80040fe4  x5:0xb737e480 x14=0xa466f5ff
     153125.000 ns	     15311	800034d4	a0142c53	feq.s	x24,f8,f1	  f8:0x4effffff  f1:0x7fc00000 x24=0x00000000
     153145.000 ns	     15313	800034d8	00a1c2b3	xor	x5,x3,x10	  x3:0x00000001 x10:0x00000000  x5=0x00000001
     153155.000 ns	     15314	800034dc	016b1bb3	sll	x23,x22,x22	 x22:0x7ffbefdd x22:0x7ffbefdd x23=0xa0000000
     153175.000 ns	     15316	800034e0	c008c9d3	fcvt.w.s	x19,f17	 f17:0x4f000000 x19=0x7fffffff
     153205.000 ns	     15319	800034e4	a05417d3	flt.s	x15,f8,f5	  f8:0x4effffff  f5:0xffc00000 x15=0x00000000
     153225.000 ns	     15321	800034e8	00ab0133	add	x2,x22,x10	 x22:0x7ffbefdd x10:0x00000000  x2=0x7ffbefdd
     153245.000 ns	     15323	800034ec	29759e53	fmax.s	f28,f11,f23	 f11:0x5efff7e0 f23:0x4f01fbf0 f28=0x5efff7e0
     153275.000 ns	     15326	800034f0	21429dd3	fsgnjn.s	f27,f5,f20	  f5:0xffc00000 f20:0x7f800000 f27=0xffc00000
     153295.000 ns	     15328	800034f4	1c678893	addi	x17,x15,454	 x15:0x00000000 x17=0x000001c6
     153315.000 ns	     15330	800034f8	026d6d33	rem	x26,x26,x6	 x26:0x00000000  x6:0x00000000 x26=0x00000000
     153335.000 ns	     15332	800034fc	414a8133	sub	x2,x21,x20	 x21:0x00000000 x20:0x80041024  x2=0x7ffbefdc
     153695.000 ns	     15368	80003500	034af8b3	remu	x17,x21,x20	 x21:0x00000000 x20:0x80041024 x17=0x00000000
     153725.000 ns	     15371	80003504	026a6133	rem	x2,x20,x6	 x20:0x80041024  x6:0x00000000  x2=0x80041024
     153745.000 ns	     15373	80003508	00212833	slt	x16,x2,x2	  x2:0x7ffbefdc  x2:0x7ffbefdc x16=0x00000000
     153755.000 ns	     15374	8000350c	317a4213	xori	x4,x20,791	 x20:0x80041024  x4=0x80041333
     154115.000 ns	     15410	80003510	0244deb3	divu	x29,x9,x4	  x9:0xfbbde4c2  x4:0x7fc00000 x29=0x00000001
     154135.000 ns	     15412	80003514	00bcd5b3	srl	x11,x25,x11	 x25:0x00000000 x11:0x00000000 x11=0x00000000
     154145.000 ns	     15413	80003518	00000013	addi	x0,x0,0	  x0:0x00000000
     154185.000 ns	     15417	8000351c	08bafa53	fsub.s	f20,f21,f11	 f21:0x7fc00000 f11:0x5efff7e0 f20=0x7fc00000
     154205.000 ns	     15419	80003520	7fc87513	andi	x10,x16,2044	 x16:0x00000000 x10=0x00000000
     154215.000 ns	     15420	80003524	414b5d13	srai	x26,x22,0x14	 x22:0x7ffbefdd x26=0x000007ff
     154225.000 ns	     15421	80003528	41a35f13	srai	x30,x6,0x1a	  x6:0x00000000 x30=0x00000000
     154235.000 ns	     15422	8000352c	40465013	srai	x0,x12,0x4	 x12:0xffffffff
     154245.000 ns	     15423	80003530	00000013	addi	x0,x0,0	  x0:0x00000000
     154255.000 ns	     15424	80003534	2c1a4293	xori	x5,x20,705	 x20:0x80041024  x5=0x800412e5
     154275.000 ns	     15426	80003538	a0f79bd3	flt.s	x23,f15,f15	 f15:0x5efff7e0 f15:0x5efff7e0 x23=0x00000000
     154305.000 ns	     15429	8000353c	a1449e53	flt.s	x28,f9,f20	  f9:0x4effffff f20:0x7fc00000 x28=0x00000000
     154325.000 ns	     15431	80003540	a887c293	xori	x5,x15,-1400	 x15:0x00000000  x5=0xfffffa88
     154345.000 ns	     15433	80003544	21a71c53	fsgnjn.s	f24,f14,f26	 f14:0x80041024 f26:0xff800000 f24=0x00041024
     154375.000 ns	     15436	80003548	294a1a53	fmax.s	f20,f20,f20	 f20:0x7fc00000 f20:0x7fc00000 f20=0x7fc00000
     154395.000 ns	     15438	8000354c	db022613	slti	x12,x4,-592	  x4:0x80041333 x12=0x00000001
     154425.000 ns	     15441	80003550	580971d3	fsqrt.s	f3,f18	 f18:0x7fc00000  f3=0x7fc00000
     154445.000 ns	     15443	80003554	018fe5b3	or	x11,x31,x24	 x31:0xfffffae5 x24:0x00000000 x11=0xfffffae5
     154465.000 ns	     15445	80003558	e0039f53	fclass.s	x30,f7	  f7:0x7f800000 x30=0x00000080
     154495.000 ns	     15448	8000355c	20480053	fsgnj.s	f0,f16,f4	 f16:0x7fc00000  f4:0xcf800000  f0=0xffc00000
     154865.000 ns	     15485	80003560	029ad2b3	divu	x5,x21,x9	 x21:0x00000000  x9:0xfbbde4c2  x5=0x00000000
     154895.000 ns	     15488	80003564	215e2853	fsgnjx.s	f16,f28,f21	 f28:0x5efff7e0 f21:0x7fc00000 f16=0x5efff7e0
     154925.000 ns	     15491	80003568	a0332bd3	feq.s	x23,f6,f3	  f6:0x00000000  f3:0x7fc00000 x23=0x00000000
     154965.000 ns	     15495	8000356c	19efc453	fdiv.s	f8,f31,f30	 f31:0xff800000 f30:0x7fc00000  f8=0x7fc00000
     154985.000 ns	     15497	80003570	40cdd613	srai	x12,x27,0xc	 x27:0x80041024 x12=0xfff80041
     154995.000 ns	     15498	80003574	01eda233	slt	x4,x27,x30	 x27:0x80041024 x30:0x00000080  x4=0x00000001
     155015.000 ns	     15500	80003578	d00afc53	fcvt.s.w	f24,x21	 x21:0x00000000 f24=0x00000000
     155045.000 ns	     15503	8000357c	02ccb4b3	mulhu	x9,x25,x12	 x25:0x00000000 x12:0xfff80041  x9=0x00000000
     155075.000 ns	     15506	80003580	02172db3	mulhsu	x27,x14,x1	 x14:0xa466f5ff  x1:0x80000000 x27=0xd2337aff
     155095.000 ns	     15508	80003584	001473b3	and	x7,x8,x1	  x8:0x80040fe4  x1:0x80000000  x7=0x80000000
     155105.000 ns	     15509	80003588	01a14bb3	xor	x23,x2,x26	  x2:0x80041024 x26:0x000007ff x23=0x800417db
     155125.000 ns	     15511	8000358c	c005f4d3	fcvt.w.s	x9,f11	 f11:0x5efff7e0  x9=0x7fffffff
     155155.000 ns	     15514	80003590	21581453	fsgnjn.s	f8,f16,f21	 f16:0x5efff7e0 f21:0x7fc00000  f8=0xdefff7e0
     155195.000 ns	     15518	80003594	10023ad3	fmul.s	f21,f4,f0	  f4:0xcf800000  f0:0xffc00000 f21=0x7fc00000
     155215.000 ns	     15520	80003598	016b0333	add	x6,x22,x22	 x22:0x7ffbefdd x22:0x7ffbefdd  x6=0xfff7dfba
     155235.000 ns	     15522	8000359c	28600953	fmin.s	f18,f0,f6	  f0:0xffc00000  f6:0x00000000 f18=0x00000000
     155255.000 ns	     15524	800035a0	0100a633	slt	x12,x1,x16	  x1:0x80000000 x16:0x00000000 x12=0x00000001
     155275.000 ns	     15526	800035a4	a04f99d3	flt.s	x19,f31,f4	 f31:0xff800000  f4:0xcf800000 x19=0x00000001
     155305.000 ns	     15529	800035a8	d007f353	fcvt.s.w	f6,x15	 x15:0x00000000  f6=0x00000000
     155325.000 ns	     15531	800035ac	01adce33	xor	x28,x27,x26	 x27:0xd2337aff x26:0x000007ff x28=0xd2337d00
     155345.000 ns	     15533	800035b0	d00a3053	fcvt.s.w	f0,x20	 x20:0x80041024  f0=0xcefff7e0
     155395.000 ns	     15538	800035b4	00b08d53	fadd.s	f26,f1,f11	  f1:0x7fc00000 f11:0x5efff7e0 f26=0x7fc00000
     155415.000 ns	     15540	800035b8	079eb793	sltiu	x15,x29,121	 x29:0x00000001 x15=0x00000001
     155435.000 ns	     15542	800035bc	292e8b53	fmin.s	f22,f29,f18	 f29:0x7f800000 f18:0x00000000 f22=0x00000000
     155455.000 ns	     15544	800035c0	0045aeb3	slt	x29,x11,x4	 x11:0xfffffae5  x4:0x00000001 x29=0x00000001
     155475.000 ns	     15546	800035c4	c01df6d3	fcvt.wu.s	x13,f27	 f27:0xffc00000 x13=0xffffffff
     155495.000 ns	     15548	800035c8	f9b00313	addi	x6,x0,-101	  x0:0x00000000  x6=0xffffff9b
     155505.000 ns	     15549	800035cc	018a0e33	add	x28,x20,x24	 x20:0x80041024 x24:0x00000000 x28=0x80041024
     155515.000 ns	     15550	800035d0	00d19d33	sll	x26,x3,x13	  x3:0x00000001 x13:0xffffffff x26=0x80000000
     155535.000 ns	     15552	800035d4	a04987d3	fle.s	x15,f19,f4	 f19:0x7fc00000  f4:0xcf800000 x15=0x00000000
     155565.000 ns	     15555	800035d8	f0078953	fmv.w.x	f18,x15	 x15:0x00000001 f18=0x00000000
     155595.000 ns	     15558	800035dc	03b0af33	mulhsu	x30,x1,x27	  x1:0x80000000 x27:0xd2337aff x30=0x96e64280
     155615.000 ns	     15560	800035e0	31d88f93	addi	x31,x17,797	 x17:0x00000000 x31=0x0000031d
     155635.000 ns	     15562	800035e4	03bbb9b3	mulhu	x19,x23,x27	 x23:0x800417db x27:0xd2337aff x19=0x691d19e3
     156005.000 ns	     15599	800035e8	02ed4e33	div	x28,x26,x14	 x26:0x80000000 x14:0xa466f5ff x28=0x00000001
     156035.000 ns	     15602	800035ec	029c95b3	mulh	x11,x25,x9	 x25:0x00000000  x9:0x7fffffff x11=0x00000000
     156055.000 ns	     15604	800035f0	0052d033	srl	x0,x5,x5	  x5:0x00000000  x5:0x00000000
     156075.000 ns	     15606	800035f4	214518d3	fsgnjn.s	f17,f10,f20	 f10:0x477fffae f20:0x7fc00000 f17=0xc77fffae
     156095.000 ns	     15608	800035f8	1d7d2713	slti	x14,x26,471	 x26:0x80000000 x14=0x00000001
     156115.000 ns	     15610	800035fc	20be0d53	fsgnj.s	f26,f28,f11	 f28:0x5efff7e0 f11:0x5efff7e0 f26=0x5efff7e0
     156155.000 ns	     15614	80003600	10d877d3	fmul.s	f15,f16,f13	 f16:0x5efff7e0 f13:0x7fc00000 f15=0x7fc00000
     156175.000 ns	     15616	80003604	00533333	sltu	x6,x6,x5	  x6:0xffffff9b  x5:0x00000000  x6=0x00000000
     156185.000 ns	     15617	80003608	00725f93	srli	x31,x4,0x7	  x4:0x00000001 x31=0x00000000
     156205.000 ns	     15619	8000360c	f00e88d3	fmv.w.x	f17,x29	 x29:0x00000001 f17=0x00000001
     156225.000 ns	     15621	80003610	40c80db3	sub	x27,x16,x12	 x16:0x00000000 x12:0x00000001 x27=0xffffffff
     156245.000 ns	     15623	80003614	e00b13d3	fclass.s	x7,f22	 f22:0x00000000  x7=0x00000010
     156265.000 ns	     15625	80003618	7fad3193	sltiu	x3,x26,2042	 x26:0x80000000  x3=0x00000000
     156305.000 ns	     15629	8000361c	00f7add3	fadd.s	f27,f15,f15	 f15:0x7fc00000 f15:0x7fc00000 f27=0x7fc00000
     156325.000 ns	     15631	80003620	01d43bb3	sltu	x23,x8,x29	  x8:0x80040fe4 x29:0x00000001 x23=0x00000000
     156345.000 ns	     15633	80003624	29419253	fmax.s	f4,f3,f20	  f3:0x7fc00000 f20:0x7fc00000  f4=0x7fc00000
     156375.000 ns	     15636	80003628	a069a6d3	feq.s	x13,f19,f6	 f19:0x7fc00000  f6:0x00000000 x13=0x00000000
     156405.000 ns	     15639	8000362c	a0441253	flt.s	x4,f8,f4	  f8:0xdefff7e0  f4:0x7fc00000  x4=0x00000000
     156435.000 ns	     15642	80003630	211183d3	fsgnj.s	f7,f3,f17	  f3:0x7fc00000 f17:0x00000001  f7=0x7fc00000
     156455.000 ns	     15644	80003634	412787b3	sub	x15,x15,x18	 x15:0x00000000 x18:0x00000000 x15=0x00000000
     156475.000 ns	     15646	80003638	295512d3	fmax.s	f5,f10,f21	 f10:0x477fffae f21:0x7fc00000  f5=0x477fffae
     156505.000 ns	     15649	8000363c	f0030a53	fmv.w.x	f20,x6	  x6:0x00000000 f20=0x00000000
     156535.000 ns	     15652	80003640	f00f07d3	fmv.w.x	f15,x30	 x30:0x96e64280 f15=0x96e64280
     156565.000 ns	     15655	80003644	299c8e53	fmin.s	f28,f25,f25	 f25:0x4effffff f25:0x4effffff f28=0x4effffff
     156935.000 ns	     15692	80003648	027d5833	divu	x16,x26,x7	 x26:0x80000000  x7:0x00000010 x16=0x08000000
     156965.000 ns	     15695	8000364c	a04c12d3	flt.s	x5,f24,f4	 f24:0x00000000  f4:0x7fc00000  x5=0x00000000
     156995.000 ns	     15698	80003650	025fac33	mulhsu	x24,x31,x5	 x31:0x00000000  x5:0x00000000 x24=0x00000000
     157015.000 ns	     15700	80003654	84c51ab7	lui	x21,0x84c51	 x21=0x84c51000
     157055.000 ns	     15704	80003658	082afe53	fsub.s	f28,f21,f2	 f21:0x7fc00000  f2:0x80000000 f28=0x7fc00000
     157075.000 ns	     15706	8000365c	01fe8233	add	x4,x29,x31	 x29:0x00000001 x31:0x00000000  x4=0x00000001
     157095.000 ns	     15708	80003660	208f8ed3	fsgnj.s	f29,f31,f8	 f31:0xff800000  f8:0xdefff7e0 f29=0xff800000
     157115.000 ns	     15710	80003664	41ee84b3	sub	x9,x29,x30	 x29:0x00000001 x30:0x96e64280  x9=0x6919bd81
     157135.000 ns	     15712	80003668	206115d3	fsgnjn.s	f11,f2,f6	  f2:0x80000000  f6:0x00000000 f11=0x80000000
     157175.000 ns	     15716	8000366c	11ecad53	fmul.s	f26,f25,f30	 f25:0x4effffff f30:0x7fc00000 f26=0x7fc00000
     157205.000 ns	     15719	80003670	e00c0653	fmv.x.w	x12,f24	 f24:0x00000000 x12=0x00000000
     157225.000 ns	     15721	80003674	00935113	srli	x2,x6,0x9	  x6:0x00000000  x2=0x00000000
     157235.000 ns	     15722	80003678	4c32cb13	xori	x22,x5,1219	  x5:0x00000000 x22=0x000004c3
     157275.000 ns	     15726	8000367c	015dfad3	fadd.s	f21,f27,f21	 f27:0x7fc00000 f21:0x7fc00000 f21=0x7fc00000
     157295.000 ns	     15728	80003680	01ac93b3	sll	x7,x25,x26	 x25:0x00000000 x26:0x80000000  x7=0x00000000
     157315.000 ns	     15730	80003684	21e00ad3	fsgnj.s	f21,f0,f30	  f0:0xcefff7e0 f30:0x7fc00000 f21=0x4efff7e0
     157335.000 ns	     15732	80003688	011af1b3	and	x3,x21,x17	 x21:0x84c51000 x17:0x00000000  x3=0x00000000
     157355.000 ns	     15734	8000368c	02396333	rem	x6,x18,x3	 x18:0x00000000  x3:0x00000000  x6=0x00000000
     157405.000 ns	     15739	80003690	08a411d3	fsub.s	f3,f8,f10	  f8:0xdefff7e0 f10:0x477fffae  f3=0xdefff7e0
     157435.000 ns	     15742	80003694	21b722d3	fsgnjx.s	f5,f14,f27	 f14:0x80041024 f27:0x7fc00000  f5=0x80041024
     157465.000 ns	     15745	80003698	e00b8b53	fmv.x.w	x22,f23	 f23:0x4f01fbf0 x22=0x4f01fbf0
     157485.000 ns	     15747	8000369c	409d5ab3	sra	x21,x26,x9	 x26:0x80000000  x9:0x6919bd81 x21=0xc0000000
     157495.000 ns	     15748	800036a0	0146cd33	xor	x26,x13,x20	 x13:0x00000000 x20:0x80041024 x26=0x80041024
     157505.000 ns	     15749	800036a4	01924f33	xor	x30,x4,x25	  x4:0x00000001 x25:0x00000000 x30=0x00000001
     157515.000 ns	     15750	800036a8	4dc6c697	auipc	x13,0x4dc6c	 x13=0xcdc6f6a8
     157535.000 ns	     15752	800036ac	28ee9753	fmax.s	f14,f29,f14	 f29:0xff800000 f14:0x80041024 f14=0x80041024
     157565.000 ns	     15755	800036b0	03c6bbb3	mulhu	x23,x13,x28	 x13:0x00000000 x28:0x00000001 x23=0x00000000
     157585.000 ns	     15757	800036b4	b14cc7b7	lui	x15,0xb14cc	 x15=0xb14cc000
     157595.000 ns	     15758	800036b8	00af9893	slli	x17,x31,0xa	 x31:0x00000000 x17=0x00000000
     157605.000 ns	     15759	800036bc	5249bd13	sltiu	x26,x19,1316	 x19:0x691d19e3 x26=0x00000000
     157615.000 ns	     15760	800036c0	00fa4633	xor	x12,x20,x15	 x20:0x80041024 x15:0xb14cc000 x12=0x3148d024
     157625.000 ns	     15761	800036c4	00000013	addi	x0,x0,0	  x0:0x00000000
     157635.000 ns	     15762	800036c8	5235e817	auipc	x16,0x5235e	 x16=0xd23616c8
     157655.000 ns	     15764	800036cc	21e30fd3	fsgnj.s	f31,f6,f30	  f6:0x00000000 f30:0x7fc00000 f31=0x00000000
     157685.000 ns	     15767	800036d0	a01e0dd3	fle.s	x27,f28,f1	 f28:0x7fc00000  f1:0x7fc00000 x27=0x00000000
     157705.000 ns	     15769	800036d4	001af833	and	x16,x21,x1	 x21:0xc0000000  x1:0x80000000 x16=0x80000000
     157725.000 ns	     15771	800036d8	e00815d3	fclass.s	x11,f16	 f16:0x5efff7e0 x11=0x00000040
     157745.000 ns	     15773	800036dc	41cf8b33	sub	x22,x31,x28	 x31:0x00000000 x28:0x00000001 x22=0xffffffff
     157755.000 ns	     15774	800036e0	5ca78213	addi	x4,x15,1482	 x15:0xb14cc000  x4=0xb14cc5ca
     157765.000 ns	     15775	800036e4	5ad71d97	auipc	x27,0x5ad71	 x27=0xdad746e4
     157785.000 ns	     15777	800036e8	02e48b33	mul	x22,x9,x14	  x9:0x6919bd81 x14:0x00000001 x22=0x6919bd81
     157815.000 ns	     15780	800036ec	02479c33	mulh	x24,x15,x4	 x15:0xb14cc000  x4:0xb14cc5ca x24=0x1831b6ba
     157845.000 ns	     15783	800036f0	03939d33	mulh	x26,x7,x25	  x7:0x00000000 x25:0x00000000 x26=0x00000000
     157875.000 ns	     15786	800036f4	d00376d3	fcvt.s.w	f13,x6	  x6:0x00000000 f13=0x00000000
     157895.000 ns	     15788	800036f8	40a1d7b3	sra	x15,x3,x10	  x3:0x00000000 x10:0x00000000 x15=0x00000000
     157905.000 ns	     15789	800036fc	00bf61b3	or	x3,x30,x11	 x30:0x00000001 x11:0x00000040  x3=0x00000041
     157945.000 ns	     15793	80003700	0094f053	fadd.s	f0,f9,f9	  f9:0x4effffff  f9:0x4effffff  f0=0x4f7fffff
     157975.000 ns	     15796	80003704	a08c8e53	fle.s	x28,f25,f8	 f25:0x4effffff  f8:0xdefff7e0 x28=0x00000000
     158005.000 ns	     15799	80003708	03c00533	mul	x10,x0,x28	  x0:0x00000000 x28:0x00000001 x10=0x00000000
     158025.000 ns	     15801	8000370c	40935813	srai	x16,x6,0x9	  x6:0x00000000 x16=0x00000000
     158045.000 ns	     15803	80003710	e0080b53	fmv.x.w	x22,f16	 f16:0x5efff7e0 x22=0x5efff7e0
     158075.000 ns	     15806	80003714	21340453	fsgnj.s	f8,f8,f19	  f8:0xdefff7e0 f19:0x7fc00000  f8=0x5efff7e0
     158105.000 ns	     15809	80003718	212d9fd3	fsgnjn.s	f31,f27,f18	 f27:0x7fc00000 f18:0x00000000 f31=0xffc00000
     158135.000 ns	     15812	8000371c	21bf8f53	fsgnj.s	f30,f31,f27	 f31:0x00000000 f27:0x7fc00000 f30=0x7fc00000
     158155.000 ns	     15814	80003720	00bae4b3	or	x9,x21,x11	 x21:0xc0000000 x11:0x00000040  x9=0xc0000040
     158165.000 ns	     15815	80003724	d92dc113	xori	x2,x27,-622	 x27:0xdad746e4  x2=0x2528bb76
     158175.000 ns	     15816	80003728	0109ffb3	and	x31,x19,x16	 x19:0x691d19e3 x16:0x00000000 x31=0x00000000
     158185.000 ns	     15817	8000372c	d9d87b17	auipc	x22,0xd9d87	 x22=0x59d8a72c
     158205.000 ns	     15819	80003730	a1212d53	feq.s	x26,f2,f18	  f2:0x80000000 f18:0x00000000 x26=0x00000001
     158225.000 ns	     15821	80003734	01d9be33	sltu	x28,x19,x29	 x19:0x691d19e3 x29:0x00000001 x28=0x00000000
     158245.000 ns	     15823	80003738	c00598d3	fcvt.w.s	x17,f11	 f11:0x80000000 x17=0x00000000
     158275.000 ns	     15826	8000373c	02ee1f33	mulh	x30,x28,x14	 x28:0x00000000 x14:0x00000001 x30=0x00000000
     158305.000 ns	     15829	80003740	a0b5a953	feq.s	x18,f11,f11	 f11:0x80000000 f11:0x80000000 x18=0x00000001
     158335.000 ns	     15832	80003744	02cc93b3	mulh	x7,x25,x12	 x25:0x00000000 x12:0x3148d024  x7=0x00000000
     158355.000 ns	     15834	80003748	05e2e313	ori	x6,x5,94	  x5:0x00000000  x6=0x0000005e
     158365.000 ns	     15835	8000374c	00db73b3	and	x7,x22,x13	 x22:0x59d8a72c x13:0xcdc6f6a8  x7=0x49c0a628
     158385.000 ns	     15837	80003750	2115a453	fsgnjx.s	f8,f11,f17	 f11:0x80000000 f17:0x00000001  f8=0x80000000
     158415.000 ns	     15840	80003754	e00e8853	fmv.x.w	x16,f29	 f29:0xff800000 x16=0xff800000
     158445.000 ns	     15843	80003758	c01285d3	fcvt.wu.s	x11,f5	  f5:0x80041024 x11=0x00000000
     158465.000 ns	     15845	8000375c	01cb56b3	srl	x13,x22,x28	 x22:0x59d8a72c x28:0x00000000 x13=0x59d8a72c
     158485.000 ns	     15847	80003760	c0187cd3	fcvt.wu.s	x25,f16	 f16:0x5efff7e0 x25=0xffffffff
     158515.000 ns	     15850	80003764	a0ca8c53	fle.s	x24,f21,f12	 f21:0x4efff7e0 f12:0x80000000 x24=0x00000000
     158535.000 ns	     15852	80003768	00cd52b3	srl	x5,x26,x12	 x26:0x00000001 x12:0x3148d024  x5=0x00000000
     158545.000 ns	     15853	8000376c	dc4a0b13	addi	x22,x20,-572	 x20:0x80041024 x22=0x80040de8
     158565.000 ns	     15855	80003770	d00d7bd3	fcvt.s.w	f23,x26	 x26:0x00000001 f23=0x3f800000
     158585.000 ns	     15857	80003774	0040d2b3	srl	x5,x1,x4	  x1:0x80000000  x4:0xb14cc5ca  x5=0x00200000
     158595.000 ns	     15858	80003778	008471b3	and	x3,x8,x8	  x8:0x80040fe4  x8:0x80040fe4  x3=0x80040fe4
     158605.000 ns	     15859	8000377c	00ef9613	slli	x12,x31,0xe	 x31:0x00000000 x12=0x00000000
     158635.000 ns	     15862	80003780	19d5f4d3	fdiv.s	f9,f11,f29	 f11:0x80000000 f29:0xff800000  f9=0x00000000
     158655.000 ns	     15864	80003784	dee219b7	lui	x19,0xdee21	 x19=0xdee21000
     158675.000 ns	     15866	80003788	20e016d3	fsgnjn.s	f13,f0,f14	  f0:0x4f7fffff f14:0x80041024 f13=0x4f7fffff
     158705.000 ns	     15869	8000378c	a01e0d53	fle.s	x26,f28,f1	 f28:0x7fc00000  f1:0x7fc00000 x26=0x00000000
     158725.000 ns	     15871	80003790	01730633	add	x12,x6,x23	  x6:0x0000005e x23:0x00000000 x12=0x0000005e
     158745.000 ns	     15873	80003794	034a2833	mulhsu	x16,x20,x20	 x20:0x80041024 x20:0x80041024 x16=0xc0000010
     158775.000 ns	     15876	80003798	d01774d3	fcvt.s.wu	f9,x14	 x14:0x00000001  f9=0x3f800000
     158795.000 ns	     15878	8000379c	01d322b3	slt	x5,x6,x29	  x6:0x0000005e x29:0x00000001  x5=0x00000000
     158805.000 ns	     15879	800037a0	0093ec33	or	x24,x7,x9	  x7:0x49c0a628  x9:0xc0000040 x24=0xc9c0a668
     158815.000 ns	     15880	800037a4	30dac697	auipc	x13,0x30dac	 x13=0xb0daf7a4
     158845.000 ns	     15883	800037a8	19a2f2d3	fdiv.s	f5,f5,f26	  f5:0x80041024 f26:0x7fc00000  f5=0x7fc00000
     158875.000 ns	     15886	800037ac	c00d73d3	fcvt.w.s	x7,f26	 f26:0x7fc00000  x7=0x7fffffff
     158905.000 ns	     15889	800037b0	0346b833	mulhu	x16,x13,x20	 x13:0xb0daf7a4 x20:0x80041024 x16=0x58704a64
     158925.000 ns	     15891	800037b4	418b8c33	sub	x24,x23,x24	 x23:0x00000000 x24:0xc9c0a668 x24=0x363f5998
     158935.000 ns	     15892	800037b8	a2343f13	sltiu	x30,x8,-1501	  x8:0x80040fe4 x30=0x00000001
     158965.000 ns	     15895	800037bc	10e27b53	fmul.s	f22,f4,f14	  f4:0x7fc00000 f14:0x80041024 f22=0x7fc00000
     158985.000 ns	     15897	800037c0	00000013	addi	x0,x0,0	  x0:0x00000000
     159005.000 ns	     15899	800037c4	c01a8e53	fcvt.wu.s	x28,f21	 f21:0x4efff7e0 x28=0x7ffbf000
     159025.000 ns	     15901	800037c8	01cbd533	srl	x10,x23,x28	 x23:0x00000000 x28:0x00000000 x10=0x00000000
     159045.000 ns	     15903	800037cc	03f7c533	div	x10,x15,x31	 x15:0x00000000 x31:0x00000000 x10=0xffffffff
     159075.000 ns	     15906	800037d0	f0038ed3	fmv.w.x	f29,x7	  x7:0x7fffffff f29=0x7fffffff
     159095.000 ns	     15908	800037d4	0104de13	srli	x28,x9,0x10	  x9:0xc0000040 x28=0x0000c000
     159105.000 ns	     15909	800037d8	016cfab3	and	x21,x25,x22	 x25:0xffffffff x22:0x80040de8 x21=0x80040de8
     159115.000 ns	     15910	800037dc	41f75513	srai	x10,x14,0x1f	 x14:0x00000001 x10=0x00000000
     159125.000 ns	     15911	800037e0	d2e3b5b7	lui	x11,0xd2e3b	 x11=0xd2e3b000
     159165.000 ns	     15915	800037e4	00061dd3	fadd.s	f27,f12,f0	 f12:0x80000000  f0:0x4f7fffff f27=0x4f7fffff
     159185.000 ns	     15917	800037e8	fc034737	lui	x14,0xfc034	 x14=0xfc034000
     159195.000 ns	     15918	800037ec	00cf1fb3	sll	x31,x30,x12	 x30:0x00000001 x12:0x0000005e x31=0x40000000
     159235.000 ns	     15922	800037f0	00a12553	fadd.s	f10,f2,f10	  f2:0x80000000 f10:0x477fffae f10=0x477fffae
     159265.000 ns	     15925	800037f4	a11413d3	flt.s	x7,f8,f17	  f8:0x80000000 f17:0x00000001  x7=0x00000001
     159285.000 ns	     15927	800037f8	013af233	and	x4,x21,x19	 x21:0x80040de8 x19:0xdee21000  x4=0x80000000
     159305.000 ns	     15929	800037fc	037a0533	mul	x10,x20,x23	 x20:0x80041024 x23:0x00000000 x10=0x00000000
     159325.000 ns	     15931	80003800	8a27e813	ori	x16,x15,-1886	 x15:0x00000000 x16=0xfffff8a2
     159335.000 ns	     15932	80003804	01899793	slli	x15,x19,0x18	 x19:0xdee21000 x15=0x00000000
     159375.000 ns	     15936	80003808	08ee7353	fsub.s	f6,f28,f14	 f28:0x7fc00000 f14:0x80041024  f6=0x7fc00000
     159405.000 ns	     15939	8000380c	a1082f53	feq.s	x30,f16,f16	 f16:0x5efff7e0 f16:0x5efff7e0 x30=0x00000001
     160585.000 ns	     16057	80003810	5808c253	fsqrt.s	f4,f17	 f17:0x00000001  f4=0x1f350483
     160625.000 ns	     16061	80003814	580c1ed3	fsqrt.s	f29,f24	 f24:0x00000000 f29=0x00000000
     160655.000 ns	     16064	80003818	2088a4d3	fsgnjx.s	f9,f17,f8	 f17:0x00000001  f8:0x80000000  f9=0x80000001
     160685.000 ns	     16067	8000381c	28de16d3	fmax.s	f13,f28,f13	 f28:0x7fc00000 f13:0x4f7fffff f13=0x4f7fffff
     160715.000 ns	     16070	80003820	d00f7853	fcvt.s.w	f16,x30	 x30:0x00000001 f16=0x3f800000
     160735.000 ns	     16072	80003824	0064da93	srli	x21,x9,0x6	  x9:0xc0000040 x21=0x03000001
     160755.000 ns	     16074	80003828	d0127853	fcvt.s.wu	f16,x4	  x4:0x80000000 f16=0x4f000000
     160785.000 ns	     16077	8000382c	a1272053	feq.s	x0,f14,f18	 f14:0x80041024 f18:0x00000000
     160815.000 ns	     16080	80003830	02209d33	mulh	x26,x1,x2	  x1:0x80000000  x2:0x2528bb76 x26=0xed6ba245
     160845.000 ns	     16083	80003834	21459d53	fsgnjn.s	f26,f11,f20	 f11:0x80000000 f20:0x00000000 f26=0x80000000
     160865.000 ns	     16085	80003838	01f4de93	srli	x29,x9,0x1f	  x9:0xc0000040 x29=0x00000001
     161225.000 ns	     16121	8000383c	0357ce33	div	x28,x15,x21	 x15:0x00000000 x21:0x03000001 x28=0x00000000
     161245.000 ns	     16123	80003840	003621b3	slt	x3,x12,x3	 x12:0x0000005e  x3:0x80040fe4  x3=0x00000000
     161265.000 ns	     16125	80003844	21cfa0d3	fsgnjx.s	f1,f31,f28	 f31:0xffc00000 f28:0x7fc00000  f1=0xffc00000
     161285.000 ns	     16127	80003848	00ccd793	srli	x15,x25,0xc	 x25:0xffffffff x15=0x000fffff
     161645.000 ns	     16163	8000384c	0219ebb3	rem	x23,x19,x1	 x19:0xdee21000  x1:0x80000000 x23=0xdee21000
     161675.000 ns	     16166	80003850	28748a53	fmin.s	f20,f9,f7	  f9:0x80000001  f7:0x7fc00000 f20=0x80000001
     161695.000 ns	     16168	80003854	c9d87993	andi	x19,x16,-867	 x16:0xfffff8a2 x19=0xfffff880
     161715.000 ns	     16170	80003858	e0021ad3	fclass.s	x21,f4	  f4:0x1f350483 x21=0x00000040
     162085.000 ns	     16207	8000385c	0399fb33	remu	x22,x19,x25	 x19:0xdee21000 x25:0xffffffff x22=0xfffff880
     162115.000 ns	     16210	80003860	a16d03d3	fle.s	x7,f26,f22	 f26:0x80000000 f22:0x7fc00000  x7=0x00000000
     162145.000 ns	     16213	80003864	a1151053	flt.s	x0,f10,f17	 f10:0x477fffae f17:0x00000001
     162195.000 ns	     16218	80003868	08893b53	fsub.s	f22,f18,f8	 f18:0x00000000  f8:0x80000000 f22=0x00000000
     162215.000 ns	     16220	8000386c	1d02a113	slti	x2,x5,464	  x5:0x00000000  x2=0x00000001
     162235.000 ns	     16222	80003870	02e08333	mul	x6,x1,x14	  x1:0x80000000 x14:0xfc034000  x6=0x00000000
     162265.000 ns	     16225	80003874	d00d8753	fcvt.s.w	f14,x27	 x27:0xdad746e4 f14=0xce14a2e4
     162285.000 ns	     16227	80003878	01eb6c33	or	x24,x22,x30	 x22:0xfffff880 x30:0x00000001 x24=0xfffff881
     162305.000 ns	     16229	8000387c	a1969353	flt.s	x6,f13,f25	 f13:0x4f7fffff f25:0x4effffff  x6=0x00000000
     162325.000 ns	     16231	80003880	0035ad33	slt	x26,x11,x3	 x11:0xd2e3b000  x3:0x00000000 x26=0x00000001
     162335.000 ns	     16232	80003884	00000013	addi	x0,x0,0	  x0:0x00000000
     162345.000 ns	     16233	80003888	91324013	xori	x0,x4,-1773	  x4:0x80000000
     162365.000 ns	     16235	8000388c	e0041ad3	fclass.s	x21,f8	  f8:0x80000000 x21=0x00000008
     162385.000 ns	     16237	80003890	ecfcbb13	sltiu	x22,x25,-305	 x25:0xffffffff x22=0x00000000
     162395.000 ns	     16238	80003894	005ce533	or	x10,x25,x5	 x25:0xffffffff  x5:0x00000000 x10=0xffffffff
     162435.000 ns	     16242	80003898	09207453	fsub.s	f8,f0,f18	  f0:0x4f7fffff f18:0x00000000  f8=0x4f7fffff
     162465.000 ns	     16245	8000389c	208b2053	fsgnjx.s	f0,f22,f8	 f22:0x00000000  f8:0x80000000  f0=0x00000000
     162495.000 ns	     16248	800038a0	0316ebb3	rem	x23,x13,x17	 x13:0xb0daf7a4 x17:0x00000000 x23=0xb0daf7a4
     162515.000 ns	     16250	800038a4	3e96a913	slti	x18,x13,1001	 x13:0xb0daf7a4 x18=0x00000001
     162535.000 ns	     16252	800038a8	29331253	fmax.s	f4,f6,f19	  f6:0x7fc00000 f19:0x7fc00000  f4=0x7fc00000
     162555.000 ns	     16254	800038ac	b6b54993	xori	x19,x10,-1173	 x10:0xffffffff x19=0x00000494
     162565.000 ns	     16255	800038b0	417ed133	sra	x2,x29,x23	 x29:0x00000001 x23:0xb0daf7a4  x2=0x00000000
     162585.000 ns	     16257	800038b4	c01afc53	fcvt.wu.s	x24,f21	 f21:0x4efff7e0 x24=0x7ffbf000
     162605.000 ns	     16259	800038b8	01581013	slli	x0,x16,0x15	 x16:0xfffff8a2
     162615.000 ns	     16260	800038bc	010d6913	ori	x18,x26,16	 x26:0x00000001 x18=0x00000011
     162625.000 ns	     16261	800038c0	01b0ecb3	or	x25,x1,x27	  x1:0x80000000 x27:0xdad746e4 x25=0xdad746e4
     162645.000 ns	     16263	800038c4	20068653	fsgnj.s	f12,f13,f0	 f13:0x4f7fffff  f0:0x00000000 f12=0x4f7fffff
     162675.000 ns	     16266	800038c8	a1762353	feq.s	x6,f12,f23	 f12:0x80000000 f23:0x3f800000  x6=0x00000000
     162695.000 ns	     16268	800038cc	332141b7	lui	x3,0x33214	  x3=0x33214000
     162705.000 ns	     16269	800038d0	0062b933	sltu	x18,x5,x6	  x5:0x00000000  x6:0x00000000 x18=0x00000000
     162725.000 ns	     16271	800038d4	20afac53	fsgnjx.s	f24,f31,f10	 f31:0xffc00000 f10:0x477fffae f24=0xffc00000
     163905.000 ns	     16389	800038d8	580db7d3	fsqrt.s	f15,f27	 f27:0x4f7fffff f15=0x47350461
     163925.000 ns	     16391	800038dc	004ddd33	srl	x26,x27,x4	 x27:0xdad746e4  x4:0x80000000 x26=0xdad746e4
     163935.000 ns	     16392	800038e0	014d87b3	add	x15,x27,x20	 x27:0xdad746e4 x20:0x80041024 x15=0x5adb5708
     163945.000 ns	     16393	800038e4	3b502493	slti	x9,x0,949	  x0:0x00000000  x9=0x00000001
     163955.000 ns	     16394	800038e8	ce7a5217	auipc	x4,0xce7a5	  x4=0x4e7a88e8
     163975.000 ns	     16396	800038ec	218f18d3	fsgnjn.s	f17,f30,f24	 f30:0x7fc00000 f24:0xffc00000 f17=0x7fc00000
     163995.000 ns	     16398	800038f0	c1dce393	ori	x7,x25,-995	 x25:0xdad746e4  x7=0xfffffefd
     164035.000 ns	     16402	800038f4	012c71d3	fadd.s	f3,f24,f18	 f24:0xffc00000 f18:0x00000000  f3=0x7fc00000
     164065.000 ns	     16405	800038f8	c0177853	fcvt.wu.s	x16,f14	 f14:0xce14a2e4 x16=0x2528b900
     164095.000 ns	     16408	800038fc	03d031b3	mulhu	x3,x0,x29	  x0:0x00000000 x29:0x00000001  x3=0x00000000
     164115.000 ns	     16410	80003900	48657c93	andi	x25,x10,1158	 x10:0xffffffff x25=0x00000486
     164125.000 ns	     16411	80003904	004b4ab3	xor	x21,x22,x4	 x22:0x00000000  x4:0x4e7a88e8 x21=0x4e7a88e8
     164135.000 ns	     16412	80003908	21324e93	xori	x29,x4,531	  x4:0x4e7a88e8 x29=0x4e7a8afb
     164155.000 ns	     16414	8000390c	293a1cd3	fmax.s	f25,f20,f19	 f20:0x80000001 f19:0x7fc00000 f25=0x80000001
     164175.000 ns	     16416	80003910	004833b3	sltu	x7,x16,x4	 x16:0x2528b900  x4:0x4e7a88e8  x7=0x00000001
     164195.000 ns	     16418	80003914	c0100e53	fcvt.wu.s	x28,f0	  f0:0x00000000 x28=0x00000000
     164235.000 ns	     16422	80003918	1849fed3	fdiv.s	f29,f19,f4	 f19:0x7fc00000  f4:0x7fc00000 f29=0x7fc00000
     164285.000 ns	     16427	8000391c	08fb70d3	fsub.s	f1,f22,f15	 f22:0x00000000 f15:0x47350461  f1=0xc7350461
     164315.000 ns	     16430	80003920	c016fdd3	fcvt.wu.s	x27,f13	 f13:0x4f7fffff x27=0xffffff00
     164345.000 ns	     16433	80003924	c008ccd3	fcvt.w.s	x25,f17	 f17:0x7fc00000 x25=0x7fffffff
     164375.000 ns	     16436	80003928	03c037b3	mulhu	x15,x0,x28	  x0:0x00000000 x28:0x00000000 x15=0x00000000
     164745.000 ns	     16473	8000392c	034046b3	div	x13,x0,x20	  x0:0x00000000 x20:0x80041024 x13=0x00000000
     164785.000 ns	     16477	80003930	58014b53	fsqrt.s	f22,f2	  f2:0x80000000 f22=0x80000000
     164815.000 ns	     16480	80003934	21168453	fsgnj.s	f8,f13,f17	 f13:0x4f7fffff f17:0x7fc00000  f8=0x4f7fffff
     164835.000 ns	     16482	80003938	00c08533	add	x10,x1,x12	  x1:0x80000000 x12:0x0000005e x10=0x8000005e
     164855.000 ns	     16484	8000393c	20282053	fsgnjx.s	f0,f16,f2	 f16:0x4f000000  f2:0x80000000  f0=0xcf000000
     164875.000 ns	     16486	80003940	f635aa93	slti	x21,x11,-157	 x11:0xd2e3b000 x21=0x00000001
     164895.000 ns	     16488	80003944	a17581d3	fle.s	x3,f11,f23	 f11:0x80000000 f23:0x3f800000  x3=0x00000001
     164925.000 ns	     16491	80003948	03f4a1b3	mulhsu	x3,x9,x31	  x9:0x00000001 x31:0x40000000  x3=0x00000000
     164955.000 ns	     16494	8000394c	02632533	mulhsu	x10,x6,x6	  x6:0x00000000  x6:0x00000000 x10=0x00000000
     164985.000 ns	     16497	80003950	03fc8033	mul	x0,x25,x31	 x25:0x7fffffff x31:0x40000000
     165005.000 ns	     16499	80003954	016943b3	xor	x7,x18,x22	 x18:0x00000000 x22:0x00000000  x7=0x00000000
     165025.000 ns	     16501	80003958	c01bf9d3	fcvt.wu.s	x19,f23	 f23:0x3f800000 x19=0x00000001
     165045.000 ns	     16503	8000395c	405c8833	sub	x16,x25,x5	 x25:0x7fffffff  x5:0x00000000 x16=0x7fffffff
     165065.000 ns	     16505	80003960	e00294d3	fclass.s	x9,f5	  f5:0x7fc00000  x9=0x00000200
     165095.000 ns	     16508	80003964	03ecb7b3	mulhu	x15,x25,x30	 x25:0x7fffffff x30:0x00000001 x15=0x00000000
     165125.000 ns	     16511	80003968	02b686b3	mul	x13,x13,x11	 x13:0x00000000 x11:0xd2e3b000 x13=0x00000000
     165155.000 ns	     16514	8000396c	03da22b3	mulhsu	x5,x20,x29	 x20:0x80041024 x29:0x4e7a8afb  x5=0xd8c3f95f
     165175.000 ns	     16516	80003970	01e295b3	sll	x11,x5,x30	  x5:0x00000000 x30:0x00000001 x11=0xb187f2be
     165185.000 ns	     16517	80003974	0bfd8a93	addi	x21,x27,191	 x27:0xffffff00 x21=0xffffffbf
     165545.000 ns	     16553	80003978	0330e133	rem	x2,x1,x19	  x1:0x80000000 x19:0x00000001  x2=0x00000000
     165575.000 ns	     16556	8000397c	c01a7bd3	fcvt.wu.s	x23,f20	 f20:0x80000001 x23=0x00000000
     165605.000 ns	     16559	80003980	03402933	mulhsu	x18,x0,x20	  x0:0x00000000 x20:0x80041024 x18=0x00000000
     165625.000 ns	     16561	80003984	01a6d713	srli	x14,x13,0x1a	 x13:0x00000000 x14=0x00000000
     165635.000 ns	     16562	80003988	00831f93	slli	x31,x6,0x8	  x6:0x00000000 x31=0x00000000
     165675.000 ns	     16566	8000398c	009c7c53	fadd.s	f24,f24,f9	 f24:0xffc00000  f9:0x80000001 f24=0x7fc00000
     165705.000 ns	     16569	80003990	03b03ab3	mulhu	x21,x0,x27	  x0:0x00000000 x27:0xffffff00 x21=0x00000000
     165725.000 ns	     16571	80003994	40948db3	sub	x27,x9,x9	  x9:0x00000200  x9:0x00000200 x27=0x00000000
     165735.000 ns	     16572	80003998	00000013	addi	x0,x0,0	  x0:0x00000000
     165755.000 ns	     16574	8000399c	20ff02d3	fsgnj.s	f5,f30,f15	 f30:0x7fc00000 f15:0x47350461  f5=0x7fc00000
     165785.000 ns	     16577	800039a0	c00c3cd3	fcvt.w.s	x25,f24	 f24:0x7fc00000 x25=0x7fffffff
     165815.000 ns	     16580	800039a4	032f92b3	mulh	x5,x31,x18	 x31:0x00000000 x18:0x00000000  x5=0x00000000
     165835.000 ns	     16582	800039a8	012384b3	add	x9,x7,x18	  x7:0x00000000 x18:0x00000000  x9=0x00000000
     165855.000 ns	     16584	800039ac	c00c7dd3	fcvt.w.s	x27,f24	 f24:0x7fc00000 x27=0x7fffffff
     165885.000 ns	     16587	800039b0	c01341d3	fcvt.wu.s	x3,f6	  f6:0x7fc00000  x3=0xffffffff
     166255.000 ns	     16624	800039b4	0216ebb3	rem	x23,x13,x1	 x13:0x00000000  x1:0x80000000 x23=0x00000000
     166275.000 ns	     16626	800039b8	01568333	add	x6,x13,x21	 x13:0x00000000 x21:0x00000000  x6=0x00000000
     166635.000 ns	     16662	800039bc	033f75b3	remu	x11,x30,x19	 x30:0x00000001 x19:0x00000001 x11=0x00000000
     166655.000 ns	     16664	800039c0	00000013	addi	x0,x0,0	  x0:0x00000000
     166665.000 ns	     16665	800039c4	72de7d13	andi	x26,x28,1837	 x28:0x00000000 x26=0x00000000
     166685.000 ns	     16667	800039c8	219109d3	fsgnj.s	f19,f2,f25	  f2:0x80000000 f25:0x80000001 f19=0x80000000
     166705.000 ns	     16669	800039cc	8d1ffe93	andi	x29,x31,-1839	 x31:0x00000000 x29=0x00000000
     166715.000 ns	     16670	800039d0	ea340d93	addi	x27,x8,-349	  x8:0x80040fe4 x27=0x80040e87
     166725.000 ns	     16671	800039d4	8334f893	andi	x17,x9,-1997	  x9:0x00000000 x17=0x00000000
     166745.000 ns	     16673	800039d8	022ded33	rem	x26,x27,x2	 x27:0x7fffffff  x2:0x00000000 x26=0x80040e87
     166775.000 ns	     16676	800039dc	02000e33	mul	x28,x0,x0	  x0:0x00000000  x0:0x00000000 x28=0x00000000
     166795.000 ns	     16678	800039e0	007068b3	or	x17,x0,x7	  x0:0x00000000  x7:0x00000000 x17=0x00000000
     166805.000 ns	     16679	800039e4	003d78b3	and	x17,x26,x3	 x26:0x80040e87  x3:0xffffffff x17=0x80040e87
     166815.000 ns	     16680	800039e8	a4882193	slti	x3,x16,-1464	 x16:0x7fffffff  x3=0x00000000
     166825.000 ns	     16681	800039ec	0198db93	srli	x23,x17,0x19	 x17:0x00000000 x23=0x00000040
     166845.000 ns	     16683	800039f0	0331b733	mulhu	x14,x3,x19	  x3:0xffffffff x19:0x00000001 x14=0x00000000
     166865.000 ns	     16685	800039f4	00ff1b93	slli	x23,x30,0xf	 x30:0x00000001 x23=0x00008000
     166885.000 ns	     16687	800039f8	d00c8cd3	fcvt.s.w	f25,x25	 x25:0x7fffffff f25=0x4effffff
     166905.000 ns	     16689	800039fc	40015113	srai	x2,x2,0x0	  x2:0x00000000  x2=0x00000000
     166925.000 ns	     16691	80003a00	a12a11d3	flt.s	x3,f20,f18	 f20:0x80000001 f18:0x00000000  x3=0x00000001
     166955.000 ns	     16694	80003a04	213f25d3	fsgnjx.s	f11,f30,f19	 f30:0x7fc00000 f19:0x80000000 f11=0xffc00000
     166975.000 ns	     16696	80003a08	000af333	and	x6,x21,x0	 x21:0x00000000  x0:0x00000000  x6=0x00000000
     167005.000 ns	     16699	80003a0c	58094cd3	fsqrt.s	f25,f18	 f18:0x00000000 f25=0x00000000
     167025.000 ns	     16701	80003a10	00811633	sll	x12,x2,x8	  x2:0x00000000  x8:0x80040fe4 x12=0x00000000
     167035.000 ns	     16702	80003a14	40575733	sra	x14,x14,x5	 x14:0x00000000  x5:0x00000000 x14=0x00000000
     167055.000 ns	     16704	80003a18	c018ffd3	fcvt.wu.s	x31,f17	 f17:0x7fc00000 x31=0xffffffff
     167085.000 ns	     16707	80003a1c	20249953	fsgnjn.s	f18,f9,f2	  f9:0x80000001  f2:0x80000000 f18=0x00000001
     167105.000 ns	     16709	80003a20	00f69bb3	sll	x23,x13,x15	 x13:0x00000000 x15:0x00000000 x23=0x00000000
     167125.000 ns	     16711	80003a24	d016fdd3	fcvt.s.wu	f27,x13	 x13:0x00000000 f27=0x00000000
     167155.000 ns	     16714	80003a28	d013b8d3	fcvt.s.wu	f17,x7	  x7:0x00000000 f17=0x00000000
     167185.000 ns	     16717	80003a2c	d0129ed3	fcvt.s.wu	f29,x5	  x5:0x00000000 f29=0x00000000
     167205.000 ns	     16719	80003a30	79664217	auipc	x4,0x79664	  x4=0xf9667a30
     167225.000 ns	     16721	80003a34	218a2a53	fsgnjx.s	f20,f20,f24	 f20:0x80000001 f24:0x7fc00000 f20=0x80000001
     167255.000 ns	     16724	80003a38	020a6133	rem	x2,x20,x0	 x20:0x80041024  x0:0x00000000  x2=0x80041024
     167285.000 ns	     16727	80003a3c	02ec1133	mulh	x2,x24,x14	 x24:0x7ffbf000 x14:0x00000000  x2=0x00000000
     167305.000 ns	     16729	80003a40	73a13b97	auipc	x23,0x73a13	 x23=0xf3a16a40
     167315.000 ns	     16730	80003a44	c16ac113	xori	x2,x21,-1002	 x21:0x00000000  x2=0xfffffc16
     167325.000 ns	     16731	80003a48	00456033	or	x0,x10,x4	 x10:0x00000000  x4:0xf9667a30
     167345.000 ns	     16733	80003a4c	d01f7b53	fcvt.s.wu	f22,x30	 x30:0x00000001 f22=0x3f800000
     167375.000 ns	     16736	80003a50	e00c9253	fclass.s	x4,f25	 f25:0x00000000  x4=0x00000010
     167395.000 ns	     16738	80003a54	41660eb3	sub	x29,x12,x22	 x12:0x00000000 x22:0x00000000 x29=0x00000000
     167405.000 ns	     16739	80003a58	003bf133	and	x2,x23,x3	 x23:0xf3a16a40  x3:0x00000001  x2=0x00000000
     167425.000 ns	     16741	80003a5c	d013fed3	fcvt.s.wu	f29,x7	  x7:0x00000000 f29=0x00000000
     167455.000 ns	     16744	80003a60	e0078ad3	fmv.x.w	x21,f15	 f15:0x47350461 x21=0x47350461
     167475.000 ns	     16746	80003a64	47717513	andi	x10,x2,1143	  x2:0x00000000 x10=0x00000000
     167485.000 ns	     16747	80003a68	dd6f4193	xori	x3,x30,-554	 x30:0x00000001  x3=0xfffffdd7
     167505.000 ns	     16749	80003a6c	02a54f33	div	x30,x10,x10	 x10:0x00000000 x10:0x00000000 x30=0xffffffff
     167535.000 ns	     16752	80003a70	213f9153	fsgnjn.s	f2,f31,f19	 f31:0xffc00000 f19:0x80000000  f2=0x7fc00000
     167565.000 ns	     16755	80003a74	02750c33	mul	x24,x10,x7	 x10:0x00000000  x7:0x00000000 x24=0x00000000
     167595.000 ns	     16758	80003a78	02be2533	mulhsu	x10,x28,x11	 x28:0x00000000 x11:0x00000000 x10=0x00000000
     167625.000 ns	     16761	80003a7c	a0c32053	feq.s	x0,f6,f12	  f6:0x7fc00000 f12:0x4f7fffff
     167645.000 ns	     16763	80003a80	000f95b3	sll	x11,x31,x0	 x31:0xffffffff  x0:0x00000000 x11=0xffffffff
     167665.000 ns	     16765	80003a84	c012b653	fcvt.wu.s	x12,f5	  f5:0x7fc00000 x12=0xffffffff
     167685.000 ns	     16767	80003a88	00c39833	sll	x16,x7,x12	  x7:0x00000000 x12:0x00000000 x16=0x00000000
     167705.000 ns	     16769	80003a8c	a1bc89d3	fle.s	x19,f25,f27	 f25:0x00000000 f27:0x00000000 x19=0x00000001
     167735.000 ns	     16772	80003a90	a1c706d3	fle.s	x13,f14,f28	 f14:0xce14a2e4 f28:0x7fc00000 x13=0x00000000
     167765.000 ns	     16775	80003a94	02068033	mul	x0,x13,x0	 x13:0x00000000  x0:0x00000000
     168135.000 ns	     16812	80003a98	03bad1b3	divu	x3,x21,x27	 x21:0x47350461 x27:0x80040e87  x3=0x00000000
     168165.000 ns	     16815	80003a9c	02ad56b3	divu	x13,x26,x10	 x26:0x80040e87 x10:0x00000000 x13=0xffffffff
     168195.000 ns	     16818	80003aa0	e0099fd3	fclass.s	x31,f19	 f19:0x80000000 x31=0x00000008
     168225.000 ns	     16821	80003aa4	20bf8453	fsgnj.s	f8,f31,f11	 f31:0xffc00000 f11:0xffc00000  f8=0xffc00000
     168245.000 ns	     16823	80003aa8	009e9133	sll	x2,x29,x9	 x29:0x00000000  x9:0x00000000  x2=0x00000000
     168255.000 ns	     16824	80003aac	00a2c633	xor	x12,x5,x10	  x5:0x00000000 x10:0x00000000 x12=0x00000000
     168265.000 ns	     16825	80003ab0	32bfa6b7	lui	x13,0x32bfa	 x13=0x32bfa000
     168275.000 ns	     16826	80003ab4	00d81cb3	sll	x25,x16,x13	 x16:0x00000000 x13:0xffffffff x25=0x00000000
     168285.000 ns	     16827	80003ab8	006abb33	sltu	x22,x21,x6	 x21:0x47350461  x6:0x00000000 x22=0x00000000
     168305.000 ns	     16829	80003abc	e0040fd3	fmv.x.w	x31,f8	  f8:0xffc00000 x31=0xffc00000
     168335.000 ns	     16832	80003ac0	d00d7a53	fcvt.s.w	f20,x26	 x26:0x80040e87 f20=0xcefff7e2
     168355.000 ns	     16834	80003ac4	00fd1813	slli	x16,x26,0xf	 x26:0x80040e87 x16=0x07438000
     168365.000 ns	     16835	80003ac8	18034c13	xori	x24,x6,384	  x6:0x00000000 x24=0x00000180
     168385.000 ns	     16837	80003acc	29e480d3	fmin.s	f1,f9,f30	  f9:0x80000001 f30:0x7fc00000  f1=0x80000001
     168405.000 ns	     16839	80003ad0	40d85633	sra	x12,x16,x13	 x16:0x07438000 x13:0x32bfa000 x12=0x07438000
     168445.000 ns	     16843	80003ad4	080d34d3	fsub.s	f9,f26,f0	 f26:0x80000000  f0:0xcf000000  f9=0x4f000000
     168465.000 ns	     16845	80003ad8	41dcdfb3	sra	x31,x25,x29	 x25:0x00000000 x29:0x00000000 x31=0x00000000
     168485.000 ns	     16847	80003adc	a0698fd3	fle.s	x31,f19,f6	 f19:0x80000000  f6:0x7fc00000 x31=0x00000000
     168515.000 ns	     16850	80003ae0	e00b1553	fclass.s	x10,f22	 f22:0x3f800000 x10=0x00000040
     168545.000 ns	     16853	80003ae4	02f17333	remu	x6,x2,x15	  x2:0x00000000 x15:0x00000000  x6=0x00000000
     168565.000 ns	     16855	80003ae8	dd0fac97	auipc	x25,0xdd0fa	 x25=0x5d0fdae8
     168585.000 ns	     16857	80003aec	280d8653	fmin.s	f12,f27,f0	 f27:0x00000000  f0:0xcf000000 f12=0xcf000000
     168625.000 ns	     16861	80003af0	580f7e53	fsqrt.s	f28,f30	 f30:0x7fc00000 f28=0x7fc00000
     168965.000 ns	     16895	80003af4	181026d3	fdiv.s	f13,f0,f1	  f0:0xcf000000  f1:0x80000001 f13=0x7f800000
     169005.000 ns	     16899	80003af8	10377cd3	fmul.s	f25,f14,f3	 f14:0xce14a2e4  f3:0x7fc00000 f25=0x7fc00000
     169025.000 ns	     16901	80003afc	405f5b13	srai	x22,x30,0x5	 x30:0xffffffff x22=0xffffffff
     169035.000 ns	     16902	80003b00	bf5fc137	lui	x2,0xbf5fc	  x2=0xbf5fc000
     169055.000 ns	     16904	80003b04	201f0c53	fsgnj.s	f24,f30,f1	 f30:0x7fc00000  f1:0x80000001 f24=0xffc00000
     169075.000 ns	     16906	80003b08	01613e33	sltu	x28,x2,x22	  x2:0x00000000 x22:0xffffffff x28=0x00000001
     169095.000 ns	     16908	80003b0c	28aa1953	fmax.s	f18,f20,f10	 f20:0xcefff7e2 f10:0x477fffae f18=0x477fffae
     169115.000 ns	     16910	80003b10	a221a893	slti	x17,x3,-1502	  x3:0x00000000 x17=0x00000000
     169125.000 ns	     16911	80003b14	00ee1ab3	sll	x21,x28,x14	 x28:0x00000001 x14:0x00000000 x21=0x00000001
     169155.000 ns	     16914	80003b18	114b0453	fmul.s	f8,f22,f20	 f22:0x3f800000 f20:0xcefff7e2  f8=0xcefff7e2
     169525.000 ns	     16951	80003b1c	021461b3	rem	x3,x8,x1	  x8:0x80040fe4  x1:0x80000000  x3=0x80040fe4
     169555.000 ns	     16954	80003b20	a16a81d3	fle.s	x3,f21,f22	 f21:0x4efff7e0 f22:0x3f800000  x3=0x00000000
     169585.000 ns	     16957	80003b24	21998bd3	fsgnj.s	f23,f19,f25	 f19:0x80000000 f25:0x7fc00000 f23=0x00000000
     169605.000 ns	     16959	80003b28	012538b3	sltu	x17,x10,x18	 x10:0x00000040 x18:0x00000000 x17=0x00000000
     169635.000 ns	     16962	80003b2c	10f115d3	fmul.s	f11,f2,f15	  f2:0x7fc00000 f15:0x47350461 f11=0x7fc00000
     169665.000 ns	     16965	80003b30	e00289d3	fmv.x.w	x19,f5	  f5:0x7fc00000 x19=0x7fc00000
     169685.000 ns	     16967	80003b34	2c5d8917	auipc	x18,0x2c5d8	 x18=0xac5dbb34
     169705.000 ns	     16969	80003b38	292e04d3	fmin.s	f9,f28,f18	 f28:0x7fc00000 f18:0x477fffae  f9=0x477fffae
     169725.000 ns	     16971	80003b3c	8aaa8513	addi	x10,x21,-1878	 x21:0x00000001 x10=0xfffff8ab
     169735.000 ns	     16972	80003b40	01455213	srli	x4,x10,0x14	 x10:0x00000040  x4=0x00000fff
     169745.000 ns	     16973	80003b44	00a1e3b3	or	x7,x3,x10	  x3:0x00000000 x10:0x00000040  x7=0xfffff8ab
     169755.000 ns	     16974	80003b48	010bd893	srli	x17,x23,0x10	 x23:0xf3a16a40 x17=0x0000f3a1
     169775.000 ns	     16976	80003b4c	d0134253	fcvt.s.wu	f4,x6	  x6:0x00000000  f4=0x00000000
     169815.000 ns	     16980	80003b50	18988953	fdiv.s	f18,f17,f9	 f17:0x00000000  f9:0x477fffae f18=0x00000000
     169835.000 ns	     16982	80003b54	4083df33	sra	x30,x7,x8	  x7:0xfffff8ab  x8:0x80040fe4 x30=0xffffff8a
     169845.000 ns	     16983	80003b58	001fae33	slt	x28,x31,x1	 x31:0x00000000  x1:0x80000000 x28=0x00000000
     170205.000 ns	     17019	80003b5c	027ae733	rem	x14,x21,x7	 x21:0x00000001  x7:0xfffff8ab x14=0x00000001
     170235.000 ns	     17022	80003b60	d01c1ad3	fcvt.s.wu	f21,x24	 x24:0x00000180 f21=0x43c00000
     170255.000 ns	     17024	80003b64	0183d993	srli	x19,x7,0x18	  x7:0xfffff8ab x19=0x000000ff
     170275.000 ns	     17026	80003b68	204d8f53	fsgnj.s	f30,f27,f4	 f27:0x00000000  f4:0x00000000 f30=0x00000000
     170305.000 ns	     17029	80003b6c	e00615d3	fclass.s	x11,f12	 f12:0xcf000000 x11=0x00000002
     170325.000 ns	     17031	80003b70	00cf3d33	sltu	x26,x30,x12	 x30:0xffffff8a x12:0x07438000 x26=0x00000000
     170345.000 ns	     17033	80003b74	024f3cb3	mulhu	x25,x30,x4	 x30:0xffffff8a  x4:0x00000fff x25=0x00000ffe
     170365.000 ns	     17035	80003b78	0014c833	xor	x16,x9,x1	  x9:0x00000000  x1:0x80000000 x16=0x80000000
     170395.000 ns	     17038	80003b7c	58007253	fsqrt.s	f4,f0	  f0:0xcf000000  f4=0x7fc00000
     170415.000 ns	     17040	80003b80	1fca7e37	lui	x28,0x1fca7	 x28=0x1fca7000
     170435.000 ns	     17042	80003b84	d01282d3	fcvt.s.wu	f5,x5	  x5:0x00000000  f5=0x00000000
     170805.000 ns	     17079	80003b88	0332e8b3	rem	x17,x5,x19	  x5:0x00000000 x19:0x000000ff x17=0x00000000
     170835.000 ns	     17082	80003b8c	022d98b3	mulh	x17,x27,x2	 x27:0x80040e87  x2:0xbf5fc000 x17=0x204f19d4
     170855.000 ns	     17084	80003b90	03643b13	sltiu	x22,x8,54	  x8:0x80040fe4 x22=0x00000000
     170865.000 ns	     17085	80003b94	4107da93	srai	x21,x15,0x10	 x15:0x00000000 x21=0x00000000
     170875.000 ns	     17086	80003b98	0138e033	or	x0,x17,x19	 x17:0x204f19d4 x19:0x000000ff
     170885.000 ns	     17087	80003b9c	00000013	addi	x0,x0,0	  x0:0x00000000
     170905.000 ns	     17089	80003ba0	036d3233	mulhu	x4,x26,x22	 x26:0x00000000 x22:0x00000000  x4=0x00000000
     170935.000 ns	     17092	80003ba4	d01d7653	fcvt.s.wu	f12,x26	 x26:0x00000000 f12=0x00000000
     171305.000 ns	     17129	80003ba8	0385d633	divu	x12,x11,x24	 x11:0x00000002 x24:0x00000180 x12=0x00000000
     171335.000 ns	     17132	80003bac	c01b88d3	fcvt.wu.s	x17,f23	 f23:0x00000000 x17=0x00000000
     171365.000 ns	     17135	80003bb0	e0010f53	fmv.x.w	x30,f2	  f2:0x7fc00000 x30=0x7fc00000
     171385.000 ns	     17137	80003bb4	e1444213	xori	x4,x8,-492	  x8:0x80040fe4  x4=0x7ffbf1f0
     171405.000 ns	     17139	80003bb8	28930dd3	fmin.s	f27,f6,f9	  f6:0x7fc00000  f9:0x477fffae f27=0x477fffae
     171425.000 ns	     17141	80003bbc	00000013	addi	x0,x0,0	  x0:0x00000000
     171435.000 ns	     17142	80003bc0	40aa5ab3	sra	x21,x20,x10	 x20:0x80041024 x10:0xfffff8ab x21=0xfff00082
     171455.000 ns	     17144	80003bc4	e00685d3	fmv.x.w	x11,f13	 f13:0x7f800000 x11=0x7f800000
     171475.000 ns	     17146	80003bc8	16f11ab7	lui	x21,0x16f11	 x21=0x16f11000
     171495.000 ns	     17148	80003bcc	f00f0753	fmv.w.x	f14,x30	 x30:0x7fc00000 f14=0x7fc00000
     171515.000 ns	     17150	80003bd0	009c6ab3	or	x21,x24,x9	 x24:0x00000180  x9:0x00000000 x21=0x00000180
     171525.000 ns	     17151	80003bd4	6f7bb893	sltiu	x17,x23,1783	 x23:0xf3a16a40 x17=0x00000000
     171545.000 ns	     17153	80003bd8	f0030553	fmv.w.x	f10,x6	  x6:0x00000000 f10=0x00000000
     171565.000 ns	     17155	80003bdc	6db5af93	slti	x31,x11,1755	 x11:0x7f800000 x31=0x00000000
     171575.000 ns	     17156	80003be0	89bb2e13	slti	x28,x22,-1893	 x22:0x00000000 x28=0x00000000
     171585.000 ns	     17157	80003be4	01d934b3	sltu	x9,x18,x29	 x18:0xac5dbb34 x29:0x00000000  x9=0x00000000
     171595.000 ns	     17158	80003be8	48bb3397	auipc	x7,0x48bb3	  x7=0xc8bb6be8
     171955.000 ns	     17194	80003bec	027dc333	div	x6,x27,x7	 x27:0x80040e87  x7:0xfffff8ab  x6=0x00000002
     171975.000 ns	     17196	80003bf0	00933bb3	sltu	x23,x6,x9	  x6:0x00000000  x9:0x00000000 x23=0x00000000
     171985.000 ns	     17197	80003bf4	0bbae1b7	lui	x3,0xbbae	  x3=0x0bbae000
     171995.000 ns	     17198	80003bf8	7e3fff13	andi	x30,x31,2019	 x31:0x00000000 x30=0x00000000
     172015.000 ns	     17200	80003bfc	a05d8f53	fle.s	x30,f27,f5	 f27:0x477fffae  f5:0x00000000 x30=0x00000000
     172035.000 ns	     17202	80003c00	015cd733	srl	x14,x25,x21	 x25:0x00000ffe x21:0x00000180 x14=0x00000ffe
     172055.000 ns	     17204	80003c04	c01771d3	fcvt.wu.s	x3,f14	 f14:0x7fc00000  x3=0xffffffff
     172105.000 ns	     17209	80003c08	08f2ffd3	fsub.s	f31,f5,f15	  f5:0x00000000 f15:0x47350461 f31=0xc7350461
     172135.000 ns	     17212	80003c0c	c015fbd3	fcvt.wu.s	x23,f11	 f11:0x7fc00000 x23=0xffffffff
     172165.000 ns	     17215	80003c10	f0070153	fmv.w.x	f2,x14	 x14:0x00000ffe  f2=0x00000ffe
     172185.000 ns	     17217	80003c14	40a5deb3	sra	x29,x11,x10	 x11:0x7f800000 x10:0xfffff8ab x29=0x000ff000
     172195.000 ns	     17218	80003c18	f9677f13	andi	x30,x14,-106	 x14:0x00000ffe x30=0x00000f96
     172205.000 ns	     17219	80003c1c	0187a233	slt	x4,x15,x24	 x15:0x00000000 x24:0x00000180  x4=0x00000001
     172215.000 ns	     17220	80003c20	dbae4f13	xori	x30,x28,-582	 x28:0x00000000 x30=0xfffffdba
     172225.000 ns	     17221	80003c24	4027dbb3	sra	x23,x15,x2	 x15:0x00000000  x2:0xbf5fc000 x23=0x00000000
     172235.000 ns	     17222	80003c28	011ab3b3	sltu	x7,x21,x17	 x21:0x00000180 x17:0x00000000  x7=0x00000000
     172245.000 ns	     17223	80003c2c	01828cb3	add	x25,x5,x24	  x5:0x00000000 x24:0x00000180 x25=0x00000180
     172255.000 ns	     17224	80003c30	874f9b17	auipc	x22,0x874f9	 x22=0x074fcc30
     172275.000 ns	     17226	80003c34	e00b0e53	fmv.x.w	x28,f22	 f22:0x3f800000 x28=0x3f800000
     172295.000 ns	     17228	80003c38	015a89b3	add	x19,x21,x21	 x21:0x00000180 x21:0x00000180 x19=0x00000300
     172315.000 ns	     17230	80003c3c	02661633	mulh	x12,x12,x6	 x12:0x00000000  x6:0x00000002 x12=0x00000000
     172335.000 ns	     17232	80003c40	184f2493	slti	x9,x30,388	 x30:0xfffffdba  x9=0x00000001
     172355.000 ns	     17234	80003c44	e00a0053	fmv.x.w	x0,f20	 f20:0xcefff7e2
     172375.000 ns	     17236	80003c48	015dbab3	sltu	x21,x27,x21	 x27:0x80040e87 x21:0x00000180 x21=0x00000000
     172385.000 ns	     17237	80003c4c	dacee493	ori	x9,x29,-596	 x29:0x000ff000  x9=0xfffffdac
     172415.000 ns	     17240	80003c50	190b84d3	fdiv.s	f9,f23,f16	 f23:0x00000000 f16:0x4f000000  f9=0x00000000
     172435.000 ns	     17242	80003c54	d4c26213	ori	x4,x4,-692	  x4:0x00000001  x4=0xfffffd4d
     172445.000 ns	     17243	80003c58	00b355b3	srl	x11,x6,x11	  x6:0x00000002 x11:0x7f800000 x11=0x00000002
     172455.000 ns	     17244	80003c5c	017621b3	slt	x3,x12,x23	 x12:0x00000000 x23:0x00000000  x3=0x00000000
     172485.000 ns	     17247	80003c60	115993d3	fmul.s	f7,f19,f21	 f19:0x80000000 f21:0x43c00000  f7=0x80000000
     172505.000 ns	     17249	80003c64	00000013	addi	x0,x0,0	  x0:0x00000000
     172525.000 ns	     17251	80003c68	f00c8dd3	fmv.w.x	f27,x25	 x25:0x00000180 f27=0x00000180
     172545.000 ns	     17253	80003c6c	01a979b3	and	x19,x18,x26	 x18:0xac5dbb34 x26:0x00000000 x19=0x00000000
     172565.000 ns	     17255	80003c70	d00abed3	fcvt.s.w	f29,x21	 x21:0x00000000 f29=0x00000000
     172585.000 ns	     17257	80003c74	01b35c13	srli	x24,x6,0x1b	  x6:0x00000002 x24=0x00000000
     172595.000 ns	     17258	80003c78	018bfc33	and	x24,x23,x24	 x23:0x00000000 x24:0x00000180 x24=0x00000000
     172605.000 ns	     17259	80003c7c	41f904b3	sub	x9,x18,x31	 x18:0xac5dbb34 x31:0x00000000  x9=0xac5dbb34
     172615.000 ns	     17260	80003c80	402b5c13	srai	x24,x22,0x2	 x22:0x074fcc30 x24=0x01d3f30c
     172635.000 ns	     17262	80003c84	03522fb3	mulhsu	x31,x4,x21	  x4:0xfffffd4d x21:0x00000000 x31=0x00000000
     172665.000 ns	     17265	80003c88	21129ed3	fsgnjn.s	f29,f5,f17	  f5:0x00000000 f17:0x00000000 f29=0x80000000
     172705.000 ns	     17269	80003c8c	11d97653	fmul.s	f12,f18,f29	 f18:0x00000000 f29:0x00000000 f12=0x80000000
     172725.000 ns	     17271	80003c90	f5832e93	slti	x29,x6,-168	  x6:0x00000002 x29=0x00000000
     172745.000 ns	     17273	80003c94	e00f18d3	fclass.s	x17,f30	 f30:0x00000000 x17=0x00000010
     172765.000 ns	     17275	80003c98	01caddb3	srl	x27,x21,x28	 x21:0x00000000 x28:0x3f800000 x27=0x00000000
     172775.000 ns	     17276	80003c9c	5f3f0813	addi	x16,x30,1523	 x30:0xfffffdba x16=0x000003ad
     172795.000 ns	     17278	80003ca0	d01d70d3	fcvt.s.wu	f1,x26	 x26:0x00000000  f1=0x00000000
     172825.000 ns	     17281	80003ca4	c00abfd3	fcvt.w.s	x31,f21	 f21:0x43c00000 x31=0x00000180
     172855.000 ns	     17284	80003ca8	e0050253	fmv.x.w	x4,f10	 f10:0x00000000  x4=0x00000000
     172895.000 ns	     17288	80003cac	18c83153	fdiv.s	f2,f16,f12	 f16:0x4f000000 f12:0x80000000  f2=0xff800000
     172915.000 ns	     17290	80003cb0	9bf8c013	xori	x0,x17,-1601	 x17:0x00000010
     172935.000 ns	     17292	80003cb4	a1c51353	flt.s	x6,f10,f28	 f10:0x00000000 f28:0x7fc00000  x6=0x00000000
     172955.000 ns	     17294	80003cb8	001b3233	sltu	x4,x22,x1	 x22:0x074fcc30  x1:0x80000000  x4=0x00000001
     172975.000 ns	     17296	80003cbc	c0167053	fcvt.wu.s	x0,f12	 f12:0x80000000
     172995.000 ns	     17298	80003cc0	d7cd0e13	addi	x28,x26,-644	 x26:0x00000000 x28=0xfffffd7c
     173015.000 ns	     17300	80003cc4	d0128653	fcvt.s.wu	f12,x5	  x5:0x00000000 f12=0x00000000
     173035.000 ns	     17302	80003cc8	1bd44f13	xori	x30,x8,445	  x8:0x80040fe4 x30=0x80040e59
     173055.000 ns	     17304	80003ccc	a12da553	feq.s	x10,f27,f18	 f27:0x00000180 f18:0x00000000 x10=0x00000000
     173095.000 ns	     17308	80003cd0	1092c7d3	fmul.s	f15,f5,f9	  f5:0x00000000  f9:0x00000000 f15=0x00000000
     173115.000 ns	     17310	80003cd4	00689393	slli	x7,x17,0x6	 x17:0x00000010  x7=0x00000400
     173135.000 ns	     17312	80003cd8	a1378dd3	fle.s	x27,f15,f19	 f15:0x00000000 f19:0x80000000 x27=0x00000001
     173155.000 ns	     17314	80003cdc	00000013	addi	x0,x0,0	  x0:0x00000000
     173195.000 ns	     17318	80003ce0	087f2253	fsub.s	f4,f30,f7	 f30:0x00000000  f7:0x80000000  f4=0x00000000
     173565.000 ns	     17355	80003ce4	036dcfb3	div	x31,x27,x22	 x27:0x00000001 x22:0x074fcc30 x31=0x00000000
     173615.000 ns	     17360	80003ce8	09cdfd53	fsub.s	f26,f27,f28	 f27:0x00000180 f28:0x7fc00000 f26=0x7fc00000
     173645.000 ns	     17363	80003cec	d0119ed3	fcvt.s.wu	f29,x3	  x3:0x00000000 f29=0x00000000
     174015.000 ns	     17400	80003cf0	031dfe33	remu	x28,x27,x17	 x27:0x00000001 x17:0x00000010 x28=0x00000001
     174035.000 ns	     17402	80003cf4	3d666013	ori	x0,x12,982	 x12:0x00000000
     174055.000 ns	     17404	80003cf8	d01d35d3	fcvt.s.wu	f11,x26	 x26:0x00000000 f11=0x00000000
     174075.000 ns	     17406	80003cfc	8bd48993	addi	x19,x9,-1859	  x9:0xac5dbb34 x19=0xac5db3f1
     174085.000 ns	     17407	80003d00	77d70b93	addi	x23,x14,1917	 x14:0x00000ffe x23=0x0000177b
     174095.000 ns	     17408	80003d04	2270c793	xori	x15,x1,551	  x1:0x80000000 x15=0x80000227
     174115.000 ns	     17410	80003d08	294c9153	fmax.s	f2,f25,f20	 f25:0x7fc00000 f20:0xcefff7e2  f2=0xcefff7e2
     174145.000 ns	     17413	80003d0c	d008f1d3	fcvt.s.w	f3,x17	 x17:0x00000010  f3=0x41800000
     175325.000 ns	     17531	80003d10	580b3d53	fsqrt.s	f26,f22	 f22:0x3f800000 f26=0x3f7fffae
     175345.000 ns	     17533	80003d14	00fbd513	srli	x10,x23,0xf	 x23:0x0000177b x10=0x00000000
     175365.000 ns	     17535	80003d18	283804d3	fmin.s	f9,f16,f3	 f16:0x4f000000  f3:0x41800000  f9=0x41800000
     175385.000 ns	     17537	80003d1c	00cf5713	srli	x14,x30,0xc	 x30:0x80040e59 x14=0x00080040
     175405.000 ns	     17539	80003d20	02e4abb3	mulhsu	x23,x9,x14	  x9:0xac5dbb34 x14:0x00000ffe x23=0xfffd62d8
     175435.000 ns	     17542	80003d24	20b026d3	fsgnjx.s	f13,f0,f11	  f0:0xcf000000 f11:0x00000000 f13=0xcf000000
     175455.000 ns	     17544	80003d28	00000013	addi	x0,x0,0	  x0:0x00000000
     175495.000 ns	     17548	80003d2c	09562253	fsub.s	f4,f12,f21	 f12:0x00000000 f21:0x43c00000  f4=0xc3c00000
     175525.000 ns	     17551	80003d30	2134a7d3	fsgnjx.s	f15,f9,f19	  f9:0x41800000 f19:0x80000000 f15=0xc1800000
     175545.000 ns	     17553	80003d34	68b3d8b7	lui	x17,0x68b3d	 x17=0x68b3d000
     175565.000 ns	     17555	80003d38	03cf3733	mulhu	x14,x30,x28	 x30:0x80040e59 x28:0x00000001 x14=0x00000000
     175585.000 ns	     17557	80003d3c	005b8fb3	add	x31,x23,x5	 x23:0xfffd62d8  x5:0x00000000 x31=0xfffd62d8
     175595.000 ns	     17558	80003d40	00000013	addi	x0,x0,0	  x0:0x00000000
     175605.000 ns	     17559	80003d44	22834913	xori	x18,x6,552	  x6:0x00000000 x18=0x00000228
     175615.000 ns	     17560	80003d48	40715ab3	sra	x21,x2,x7	  x2:0xbf5fc000  x7:0x00000400 x21=0xbf5fc000
     175635.000 ns	     17562	80003d4c	290607d3	fmin.s	f15,f12,f16	 f12:0x00000000 f16:0x4f000000 f15=0x00000000
     175685.000 ns	     17567	80003d50	013b7dd3	fadd.s	f27,f22,f19	 f22:0x3f800000 f19:0x80000000 f27=0x3f800000
     175705.000 ns	     17569	80003d54	b178eb93	ori	x23,x17,-1257	 x17:0x68b3d000 x23=0xfffffb17
     175715.000 ns	     17570	80003d58	00000013	addi	x0,x0,0	  x0:0x00000000
     175725.000 ns	     17571	80003d5c	00657333	and	x6,x10,x6	 x10:0x00000000  x6:0x00000000  x6=0x00000000
     175745.000 ns	     17573	80003d60	d01f7ed3	fcvt.s.wu	f29,x30	 x30:0x80040e59 f29=0x4f00040e
     175775.000 ns	     17576	80003d64	02e1ceb3	div	x29,x3,x14	  x3:0x00000000 x14:0x00000000 x29=0xffffffff
     175795.000 ns	     17578	80003d68	01e465b3	or	x11,x8,x30	  x8:0x80040fe4 x30:0x80040e59 x11=0x80040ffd
     175805.000 ns	     17579	80003d6c	b53d6913	ori	x18,x26,-1197	 x26:0x00000000 x18=0xfffffb53
     175825.000 ns	     17581	80003d70	c004fed3	fcvt.w.s	x29,f9	  f9:0x41800000 x29=0x00000010
     175855.000 ns	     17584	80003d74	21d60553	fsgnj.s	f10,f12,f29	 f12:0x00000000 f29:0x4f00040e f10=0x00000000
     175875.000 ns	     17586	80003d78	25d84a97	auipc	x21,0x25d84	 x21=0xa5d87d78
     175905.000 ns	     17589	80003d7c	58097953	fsqrt.s	f18,f18	 f18:0x00000000 f18=0x00000000
     175935.000 ns	     17592	80003d80	d0174453	fcvt.s.wu	f8,x14	 x14:0x00000000  f8=0x00000000
     175955.000 ns	     17594	80003d84	9353a193	slti	x3,x7,-1739	  x7:0x00000400  x3=0x00000000
     175995.000 ns	     17598	80003d88	00c37053	fadd.s	f0,f6,f12	  f6:0x7fc00000 f12:0x00000000  f0=0x7fc00000
     177045.000 ns	     17703	80003d8c	58080253	fsqrt.s	f4,f16	 f16:0x4f000000  f4=0x46b50482
     177075.000 ns	     17706	80003d90	282496d3	fmax.s	f13,f9,f2	  f9:0x41800000  f2:0xcefff7e2 f13=0x41800000
     177105.000 ns	     17709	80003d94	f0088c53	fmv.w.x	f24,x17	 x17:0x68b3d000 f24=0x68b3d000
     177125.000 ns	     17711	80003d98	00fba033	slt	x0,x23,x15	 x23:0xfffffb17 x15:0x80000227
     177135.000 ns	     17712	80003d9c	15a28117	auipc	x2,0x15a28	  x2=0x95a2bd9c
     177145.000 ns	     17713	80003da0	00911893	slli	x17,x2,0x9	  x2:0xbf5fc000 x17=0x457b3800
     177155.000 ns	     17714	80003da4	00cbfbb3	and	x23,x23,x12	 x23:0xfffffb17 x12:0x00000000 x23=0x00000000
     177175.000 ns	     17716	80003da8	c0163ed3	fcvt.wu.s	x29,f12	 f12:0x00000000 x29=0x00000000
     177205.000 ns	     17719	80003dac	a1172b53	feq.s	x22,f14,f17	 f14:0x7fc00000 f17:0x00000000 x22=0x00000000
     177575.000 ns	     17756	80003db0	0348e6b3	rem	x13,x17,x20	 x17:0x457b3800 x20:0x80041024 x13=0x457b3800
     177605.000 ns	     17759	80003db4	a0b583d3	fle.s	x7,f11,f11	 f11:0x00000000 f11:0x00000000  x7=0x00000001
     177975.000 ns	     17796	80003db8	02285c33	divu	x24,x16,x2	 x16:0x000003ad  x2:0x95a2bd9c x24=0x00000000
     178005.000 ns	     17799	80003dbc	030a9233	mulh	x4,x21,x16	 x21:0xa5d87d78 x16:0x000003ad  x4=0xfffffeb4
     178025.000 ns	     17801	80003dc0	110f12b7	lui	x5,0x110f1	  x5=0x110f1000
     178045.000 ns	     17803	80003dc4	02669833	mulh	x16,x13,x6	 x13:0x457b3800  x6:0x00000000 x16=0x00000000
     178065.000 ns	     17805	80003dc8	74b63813	sltiu	x16,x12,1867	 x12:0x00000000 x16=0x00000001
     178075.000 ns	     17806	80003dcc	407287b3	sub	x15,x5,x7	  x5:0x110f1000  x7:0x00000001 x15=0x110f0fff
     178085.000 ns	     17807	80003dd0	0179dbb3	srl	x23,x19,x23	 x19:0xac5db3f1 x23:0x00000000 x23=0xac5db3f1
     178095.000 ns	     17808	80003dd4	41e3d013	srai	x0,x7,0x1e	  x7:0x00000001
     178125.000 ns	     17811	80003dd8	105033d3	fmul.s	f7,f0,f5	  f0:0x7fc00000  f5:0x00000000  f7=0x7fc00000
     178495.000 ns	     17848	80003ddc	03777933	remu	x18,x14,x23	 x14:0x00000000 x23:0xac5db3f1 x18=0x00000000
     178515.000 ns	     17850	80003de0	e9f08613	addi	x12,x1,-353	  x1:0x80000000 x12=0x7ffffe9f
     178525.000 ns	     17851	80003de4	01fcc3b3	xor	x7,x25,x31	 x25:0x00000180 x31:0xfffd62d8  x7=0xfffd6358
     178535.000 ns	     17852	80003de8	01f1e4b3	or	x9,x3,x31	  x3:0x00000000 x31:0xfffd62d8  x9=0xfffd62d8
     178555.000 ns	     17854	80003dec	c01775d3	fcvt.wu.s	x11,f14	 f14:0x7fc00000 x11=0xffffffff
     178585.000 ns	     17857	80003df0	036546b3	div	x13,x10,x22	 x10:0x00000000 x22:0x00000000 x13=0xffffffff
     178605.000 ns	     17859	80003df4	403e5893	srai	x17,x28,0x3	 x28:0x00000001 x17=0x00000000
     178615.000 ns	     17860	80003df8	c34afd13	andi	x26,x21,-972	 x21:0xa5d87d78 x26=0xa5d87c30
     178645.000 ns	     17863	80003dfc	183f4c53	fdiv.s	f24,f30,f3	 f30:0x00000000  f3:0x41800000 f24=0x00000000
     178675.000 ns	     17866	80003e00	c010b253	fcvt.wu.s	x4,f1	  f1:0x00000000  x4=0x00000000
     178705.000 ns	     17869	80003e04	f0060b53	fmv.w.x	f22,x12	 x12:0x7ffffe9f f22=0x7ffffe9f
     178735.000 ns	     17872	80003e08	03339733	mulh	x14,x7,x19	  x7:0xfffd6358 x19:0xac5db3f1 x14=0x0000da72
     178765.000 ns	     17875	80003e0c	f00b0253	fmv.w.x	f4,x22	 x22:0x00000000  f4=0x00000000
     178795.000 ns	     17878	80003e10	a0129753	flt.s	x14,f5,f1	  f5:0x00000000  f1:0x00000000 x14=0x00000000
     178825.000 ns	     17881	80003e14	03a53bb3	mulhu	x23,x10,x26	 x10:0x00000000 x26:0xa5d87c30 x23=0x00000000
     178855.000 ns	     17884	80003e18	a0730253	fle.s	x4,f6,f7	  f6:0x7fc00000  f7:0x7fc00000  x4=0x00000000
     178885.000 ns	     17887	80003e1c	c00dffd3	fcvt.w.s	x31,f27	 f27:0x3f800000 x31=0x00000001
     179255.000 ns	     17924	80003e20	022ccfb3	div	x31,x25,x2	 x25:0x00000180  x2:0x95a2bd9c x31=0x00000000
     179285.000 ns	     17927	80003e24	03be8b33	mul	x22,x29,x27	 x29:0x00000000 x27:0x00000001 x22=0x00000000
     179655.000 ns	     17964	80003e28	02df5ab3	divu	x21,x30,x13	 x30:0x80040e59 x13:0xffffffff x21=0x00000000
     179685.000 ns	     17967	80003e2c	296f15d3	fmax.s	f11,f30,f22	 f30:0x00000000 f22:0x7ffffe9f f11=0x00000000
     179705.000 ns	     17969	80003e30	002fa033	slt	x0,x31,x2	 x31:0x00000000  x2:0x95a2bd9c
     179715.000 ns	     17970	80003e34	59aa6193	ori	x3,x20,1434	 x20:0x80041024  x3=0x800415be
     179735.000 ns	     17972	80003e38	e0021ad3	fclass.s	x21,f4	  f4:0x00000000 x21=0x00000010
     179765.000 ns	     17975	80003e3c	c00996d3	fcvt.w.s	x13,f19	 f19:0x80000000 x13=0x00000000
     179795.000 ns	     17978	80003e40	c00c0bd3	fcvt.w.s	x23,f24	 f24:0x00000000 x23=0x00000000
     179825.000 ns	     17981	80003e44	21849153	fsgnjn.s	f2,f9,f24	  f9:0x41800000 f24:0x00000000  f2=0xc1800000
     179855.000 ns	     17984	80003e48	02939b33	mulh	x22,x7,x9	  x7:0xfffd6358  x9:0xfffd62d8 x22=0x00000006
     179885.000 ns	     17987	80003e4c	e0039653	fclass.s	x12,f7	  f7:0x7fc00000 x12=0x00000200
     179905.000 ns	     17989	80003e50	212fcf93	xori	x31,x31,530	 x31:0x00000000 x31=0x00000212
     179925.000 ns	     17991	80003e54	29571cd3	fmax.s	f25,f14,f21	 f14:0x7fc00000 f21:0x43c00000 f25=0x43c00000
     179945.000 ns	     17993	80003e58	0112df13	srli	x30,x5,0x11	  x5:0x110f1000 x30=0x00000887
     180305.000 ns	     18029	80003e5c	028055b3	divu	x11,x0,x8	  x0:0x00000000  x8:0x80040fe4 x11=0x00000000
     180325.000 ns	     18031	80003e60	01171eb3	sll	x29,x14,x17	 x14:0x00000000 x17:0x00000000 x29=0x00000000
     180345.000 ns	     18033	80003e64	02a0d4b3	divu	x9,x1,x10	  x1:0x80000000 x10:0x00000000  x9=0xffffffff
     180365.000 ns	     18035	80003e68	34abb313	sltiu	x6,x23,842	 x23:0x00000000  x6=0x00000001
     180375.000 ns	     18036	80003e6c	00dfdcb3	srl	x25,x31,x13	 x31:0x00000212 x13:0x00000000 x25=0x00000212
     180385.000 ns	     18037	80003e70	011acfb3	xor	x31,x21,x17	 x21:0x00000010 x17:0x00000000 x31=0x00000010
     180395.000 ns	     18038	80003e74	6a2bc593	xori	x11,x23,1698	 x23:0x00000000 x11=0x000006a2
     180415.000 ns	     18040	80003e78	a06c83d3	fle.s	x7,f25,f6	 f25:0x43c00000  f6:0x7fc00000  x7=0x00000000
     180435.000 ns	     18042	80003e7c	9b344e93	xori	x29,x8,-1613	  x8:0x80040fe4 x29=0x7ffbf657
     180455.000 ns	     18044	80003e80	20f11fd3	fsgnjn.s	f31,f2,f15	  f2:0xc1800000 f15:0x00000000 f31=0xc1800000
     180485.000 ns	     18047	80003e84	d01173d3	fcvt.s.wu	f7,x2	  x2:0x95a2bd9c  f7=0x4f15a2bd
     180505.000 ns	     18049	80003e88	416bd333	sra	x6,x23,x22	 x23:0x00000000 x22:0x00000006  x6=0x00000000
     180525.000 ns	     18051	80003e8c	284f17d3	fmax.s	f15,f30,f4	 f30:0x00000000  f4:0x00000000 f15=0x00000000
     180575.000 ns	     18056	80003e90	09c178d3	fsub.s	f17,f2,f28	  f2:0xc1800000 f28:0x7fc00000 f17=0x7fc00000
     180595.000 ns	     18058	80003e94	401859b3	sra	x19,x16,x1	 x16:0x00000001  x1:0x80000000 x19=0x00000001
     180605.000 ns	     18059	80003e98	125f6493	ori	x9,x30,293	 x30:0x00000887  x9=0x000009a7
     180625.000 ns	     18061	80003e9c	a0d2ae53	feq.s	x28,f5,f13	  f5:0x00000000 f13:0x41800000 x28=0x00000000
     180645.000 ns	     18063	80003ea0	8da8c393	xori	x7,x17,-1830	 x17:0x00000000  x7=0xfffff8da
     180665.000 ns	     18065	80003ea4	21038453	fsgnj.s	f8,f7,f16	  f7:0x4f15a2bd f16:0x4f000000  f8=0x4f15a2bd
     180695.000 ns	     18068	80003ea8	020ea5b3	mulhsu	x11,x29,x0	 x29:0x7ffbf657  x0:0x00000000 x11=0x00000000
     180715.000 ns	     18070	80003eac	00000013	addi	x0,x0,0	  x0:0x00000000
     180725.000 ns	     18071	80003eb0	406bdc33	sra	x24,x23,x6	 x23:0x00000000  x6:0x00000000 x24=0x00000000
     181085.000 ns	     18107	80003eb4	03fcd2b3	divu	x5,x25,x31	 x25:0x00000212 x31:0x00000010  x5=0x00000021
     181115.000 ns	     18110	80003eb8	a1b913d3	flt.s	x7,f18,f27	 f18:0x00000000 f27:0x3f800000  x7=0x00000001
     181145.000 ns	     18113	80003ebc	c0107ed3	fcvt.wu.s	x29,f0	  f0:0x7fc00000 x29=0xffffffff
     181175.000 ns	     18116	80003ec0	207a8553	fsgnj.s	f10,f21,f7	 f21:0x43c00000  f7:0x4f15a2bd f10=0x43c00000
     181205.000 ns	     18119	80003ec4	e0041fd3	fclass.s	x31,f8	  f8:0x4f15a2bd x31=0x00000040
     181225.000 ns	     18121	80003ec8	fc0d0813	addi	x16,x26,-64	 x26:0xa5d87c30 x16=0xa5d87bf0
     181585.000 ns	     18157	80003ecc	03995eb3	divu	x29,x18,x25	 x18:0x00000000 x25:0x00000212 x29=0x00000000
     181605.000 ns	     18159	80003ed0	01154cb3	xor	x25,x10,x17	 x10:0x00000000 x17:0x00000000 x25=0x00000000
     181625.000 ns	     18161	80003ed4	f00e0ad3	fmv.w.x	f21,x28	 x28:0x00000000 f21=0x00000000
     181655.000 ns	     18164	80003ed8	28a60353	fmin.s	f6,f12,f10	 f12:0x00000000 f10:0x43c00000  f6=0x00000000
     181675.000 ns	     18166	80003edc	013a0b33	add	x22,x20,x19	 x20:0x80041024 x19:0x00000001 x22=0x80041025
     181695.000 ns	     18168	80003ee0	288f9fd3	fmax.s	f31,f31,f8	 f31:0xc1800000  f8:0x4f15a2bd f31=0x4f15a2bd
     181715.000 ns	     18170	80003ee4	649d8e17	auipc	x28,0x649d8	 x28=0xe49dbee4
     182075.000 ns	     18206	80003ee8	03ca6033	rem	x0,x20,x28	 x20:0x80041024 x28:0x00000000
     182095.000 ns	     18208	80003eec	01361d13	slli	x26,x12,0x13	 x12:0x00000200 x26=0x10000000
     182105.000 ns	     18209	80003ef0	e68c2e93	slti	x29,x24,-408	 x24:0x00000000 x29=0x00000000
     182125.000 ns	     18211	80003ef4	21e59c53	fsgnjn.s	f24,f11,f30	 f11:0x00000000 f30:0x00000000 f24=0x80000000
     182155.000 ns	     18214	80003ef8	f00a0153	fmv.w.x	f2,x20	 x20:0x80041024  f2=0x80041024
     182185.000 ns	     18217	80003efc	28f11553	fmax.s	f10,f2,f15	  f2:0xc1800000 f15:0x00000000 f10=0x00000000
     182215.000 ns	     18220	80003f00	02e01833	mulh	x16,x0,x14	  x0:0x00000000 x14:0x00000000 x16=0x00000000
     182245.000 ns	     18223	80003f04	03e902b3	mul	x5,x18,x30	 x18:0x00000000 x30:0x00000887  x5=0x00000000
     182275.000 ns	     18226	80003f08	02c39333	mulh	x6,x7,x12	  x7:0x00000001 x12:0x00000200  x6=0x00000000
     182295.000 ns	     18228	80003f0c	0031ef33	or	x30,x3,x3	  x3:0x800415be  x3:0x800415be x30=0x800415be
     182305.000 ns	     18229	80003f10	b3d64013	xori	x0,x12,-1219	 x12:0x00000200
     182315.000 ns	     18230	80003f14	5e763f93	sltiu	x31,x12,1511	 x12:0x00000200 x31=0x00000001
     182675.000 ns	     18266	80003f18	0273f233	remu	x4,x7,x7	  x7:0x00000001  x7:0x00000001  x4=0x00000000
     182705.000 ns	     18269	80003f1c	037f4033	div	x0,x30,x23	 x30:0x800415be x23:0x00000000
     182725.000 ns	     18271	80003f20	41390db3	sub	x27,x18,x19	 x18:0x00000000 x19:0x00000001 x27=0xffffffff
     182755.000 ns	     18274	80003f24	186a98d3	fdiv.s	f17,f21,f6	 f21:0x00000000  f6:0x00000000 f17=0x7fc00000
     183125.000 ns	     18311	80003f28	03a656b3	divu	x13,x12,x26	 x12:0x00000200 x26:0x10000000 x13=0x00000000
     183155.000 ns	     18314	80003f2c	0310f833	remu	x16,x1,x17	  x1:0x80000000 x17:0x00000000 x16=0x80000000
     183175.000 ns	     18316	80003f30	41b95813	srai	x16,x18,0x1b	 x18:0x00000000 x16=0x00000000
     183195.000 ns	     18318	80003f34	039ad733	divu	x14,x21,x25	 x21:0x00000010 x25:0x00000000 x14=0xffffffff
     183225.000 ns	     18321	80003f38	a01b8cd3	fle.s	x25,f23,f1	 f23:0x00000000  f1:0x00000000 x25=0x00000001
     183245.000 ns	     18323	80003f3c	0e967593	andi	x11,x12,233	 x12:0x00000200 x11=0x00000000
     183255.000 ns	     18324	80003f40	019d5833	srl	x16,x26,x25	 x26:0x10000000 x25:0x00000001 x16=0x08000000
     183275.000 ns	     18326	80003f44	28f81e53	fmax.s	f28,f16,f15	 f16:0x4f000000 f15:0x00000000 f28=0x4f000000
     183305.000 ns	     18329	80003f48	20c21c53	fsgnjn.s	f24,f4,f12	  f4:0x00000000 f12:0x00000000 f24=0x80000000
     183345.000 ns	     18333	80003f4c	580f3f53	fsqrt.s	f30,f30	 f30:0x00000000 f30=0x00000000
     183375.000 ns	     18336	80003f50	a04fa3d3	feq.s	x7,f31,f4	 f31:0x4f15a2bd  f4:0x00000000  x7=0x00000000
     183745.000 ns	     18373	80003f54	02ff49b3	div	x19,x30,x15	 x30:0x800415be x15:0x110f0fff x19=0xfffffff9
     183775.000 ns	     18376	80003f58	c00d7b53	fcvt.w.s	x22,f26	 f26:0x3f7fffae x22=0x00000000
     183805.000 ns	     18379	80003f5c	e0061b53	fclass.s	x22,f12	 f12:0x00000000 x22=0x00000010
     183835.000 ns	     18382	80003f60	d01ff353	fcvt.s.wu	f6,x31	 x31:0x00000001  f6=0x3f800000
     183855.000 ns	     18384	80003f64	004af933	and	x18,x21,x4	 x21:0x00000010  x4:0x00000000 x18=0x00000000
     183875.000 ns	     18386	80003f68	a0389c53	flt.s	x24,f17,f3	 f17:0x7fc00000  f3:0x41800000 x24=0x00000000
     183905.000 ns	     18389	80003f6c	0324d333	divu	x6,x9,x18	  x9:0x000009a7 x18:0x00000000  x6=0xffffffff
     183935.000 ns	     18392	80003f70	29a11253	fmax.s	f4,f2,f26	  f2:0x80041024 f26:0x3f7fffae  f4=0x3f7fffae
     183965.000 ns	     18395	80003f74	a04f2153	feq.s	x2,f30,f4	 f30:0x00000000  f4:0x00000000  x2=0x00000000
     184005.000 ns	     18399	80003f78	580075d3	fsqrt.s	f11,f0	  f0:0x7fc00000 f11=0x7fc00000
     184035.000 ns	     18402	80003f7c	03d8d533	divu	x10,x17,x29	 x17:0x00000000 x29:0x00000000 x10=0xffffffff
     184055.000 ns	     18404	80003f80	00bd5393	srli	x7,x26,0xb	 x26:0x10000000  x7=0x00020000
     184065.000 ns	     18405	80003f84	00d42ab3	slt	x21,x8,x13	  x8:0x80040fe4 x13:0x00000000 x21=0x00000001
     184085.000 ns	     18407	80003f88	d01e7a53	fcvt.s.wu	f20,x28	 x28:0xe49dbee4 f20=0x4f649dbe
     184115.000 ns	     18410	80003f8c	02e499b3	mulh	x19,x9,x14	  x9:0x000009a7 x14:0xffffffff x19=0xffffffff
     184135.000 ns	     18412	80003f90	401b5493	srai	x9,x22,0x1	 x22:0x00000010  x9=0x00000008
     184145.000 ns	     18413	80003f94	7cb4fe13	andi	x28,x9,1995	  x9:0x000009a7 x28=0x00000008
     184165.000 ns	     18415	80003f98	c0137c53	fcvt.wu.s	x24,f6	  f6:0x3f800000 x24=0x00000001
     185145.000 ns	     18513	80003f9c	5804cb53	fsqrt.s	f22,f9	  f9:0x41800000 f22=0x407fffae
     185175.000 ns	     18516	80003fa0	21352253	fsgnjx.s	f4,f10,f19	 f10:0x00000000 f19:0x80000000  f4=0x80000000
     185205.000 ns	     18519	80003fa4	e0001653	fclass.s	x12,f0	  f0:0x7fc00000 x12=0x00000200
     185235.000 ns	     18522	80003fa8	a1db81d3	fle.s	x3,f23,f29	 f23:0x00000000 f29:0x4f00040e  x3=0x00000001
     185605.000 ns	     18559	80003fac	03e869b3	rem	x19,x16,x30	 x16:0x08000000 x30:0x800415be x19=0x08000000
     185625.000 ns	     18561	80003fb0	414e5eb3	sra	x29,x28,x20	 x28:0x00000008 x20:0x80041024 x29=0x00000000
     185635.000 ns	     18562	80003fb4	01af1693	slli	x13,x30,0x1a	 x30:0x800415be x13=0xf8000000
     185655.000 ns	     18564	80003fb8	a01c0353	fle.s	x6,f24,f1	 f24:0x80000000  f1:0x00000000  x6=0x00000001
     185705.000 ns	     18569	80003fbc	09377153	fsub.s	f2,f14,f19	 f14:0x7fc00000 f19:0x80000000  f2=0x7fc00000
     185725.000 ns	     18571	80003fc0	0051aeb3	slt	x29,x3,x5	  x3:0x00000001  x5:0x00000000 x29=0x00000000
     185745.000 ns	     18573	80003fc4	a0eca4d3	feq.s	x9,f25,f14	 f25:0x43c00000 f14:0x7fc00000  x9=0x00000000
     186925.000 ns	     18691	80003fc8	5804ae53	fsqrt.s	f28,f9	  f9:0x41800000 f28=0x407fffae
     186955.000 ns	     18694	80003fcc	0317a833	mulhsu	x16,x15,x17	 x15:0x110f0fff x17:0x00000000 x16=0x00000000
     186985.000 ns	     18697	80003fd0	02cf1833	mulh	x16,x30,x12	 x30:0x800415be x12:0x00000200 x16=0xffffff00
     187005.000 ns	     18699	80003fd4	00099cb3	sll	x25,x19,x0	 x19:0x08000000  x0:0x00000000 x25=0x08000000
     187015.000 ns	     18700	80003fd8	89dc4813	xori	x16,x24,-1891	 x24:0x00000001 x16=0xfffff89c
     187035.000 ns	     18702	80003fdc	02a088b3	mul	x17,x1,x10	  x1:0x80000000 x10:0xffffffff x17=0x80000000
     187065.000 ns	     18705	80003fe0	c01a2b53	fcvt.wu.s	x22,f20	 f20:0x4f649dbe x22=0xe49dbe00
     187095.000 ns	     18708	80003fe4	e00b9053	fclass.s	x0,f23	 f23:0x00000000
     187115.000 ns	     18710	80003fe8	00000013	addi	x0,x0,0	  x0:0x00000000
     187135.000 ns	     18712	80003fec	d0087bd3	fcvt.s.w	f23,x16	 x16:0xfffff89c f23=0xc4ec8000
     187165.000 ns	     18715	80003ff0	021a8b33	mul	x22,x21,x1	 x21:0x00000001  x1:0x80000000 x22=0x80000000
     187195.000 ns	     18718	80003ff4	a02ca5d3	feq.s	x11,f25,f2	 f25:0x43c00000  f2:0x7fc00000 x11=0x00000000
     187215.000 ns	     18720	80003ff8	013134b3	sltu	x9,x2,x19	  x2:0x00000000 x19:0x08000000  x9=0x00000001
     187225.000 ns	     18721	80003ffc	014d9513	slli	x10,x27,0x14	 x27:0xffffffff x10=0xfff00000
     187245.000 ns	     18723	80004000	203725d3	fsgnjx.s	f11,f14,f3	 f14:0x7fc00000  f3:0x41800000 f11=0x7fc00000
     187615.000 ns	     18760	80004004	02ca5b33	divu	x22,x20,x12	 x20:0x80041024 x12:0x00000200 x22=0x00400208
     187635.000 ns	     18762	80004008	415b5b93	srai	x23,x22,0x15	 x22:0x80000000 x23=0x00000002
     187645.000 ns	     18763	8000400c	41dcd513	srai	x10,x25,0x1d	 x25:0x08000000 x10=0x00000000
     187655.000 ns	     18764	80004010	4137dd33	sra	x26,x15,x19	 x15:0x110f0fff x19:0x08000000 x26=0x110f0fff
     187675.000 ns	     18766	80004014	e0019253	fclass.s	x4,f3	  f3:0x41800000  x4=0x00000040
     187695.000 ns	     18768	80004018	0006cd33	xor	x26,x13,x0	 x13:0xf8000000  x0:0x00000000 x26=0xf8000000
     187705.000 ns	     18769	8000401c	002e77b3	and	x15,x28,x2	 x28:0x00000008  x2:0x00000000 x15=0x00000000
     187725.000 ns	     18771	80004020	21fe0d53	fsgnj.s	f26,f28,f31	 f28:0x407fffae f31:0x4f15a2bd f26=0x407fffae
     187745.000 ns	     18773	80004024	00d53633	sltu	x12,x10,x13	 x10:0x00000000 x13:0xf8000000 x12=0x00000001
     187755.000 ns	     18774	80004028	004a7533	and	x10,x20,x4	 x20:0x80041024  x4:0x00000040 x10=0x00000000
     187795.000 ns	     18778	8000402c	093b7253	fsub.s	f4,f22,f19	 f22:0x407fffae f19:0x80000000  f4=0x407fffae
     187815.000 ns	     18780	80004030	00519d93	slli	x27,x3,0x5	  x3:0x00000001 x27=0x00000020
     187825.000 ns	     18781	80004034	011e5113	srli	x2,x28,0x11	 x28:0x00000008  x2=0x00000000
     187845.000 ns	     18783	80004038	c00b05d3	fcvt.w.s	x11,f22	 f22:0x407fffae x11=0x00000004
     187865.000 ns	     18785	8000403c	00215d33	srl	x26,x2,x2	  x2:0x00000000  x2:0x00000000 x26=0x00000000
     187885.000 ns	     18787	80004040	21f016d3	fsgnjn.s	f13,f0,f31	  f0:0x7fc00000 f31:0x4f15a2bd f13=0xffc00000
     187905.000 ns	     18789	80004044	0008db33	srl	x22,x17,x0	 x17:0x80000000  x0:0x00000000 x22=0x80000000
     187915.000 ns	     18790	80004048	40070cb3	sub	x25,x14,x0	 x14:0xffffffff  x0:0x00000000 x25=0xffffffff
     187925.000 ns	     18791	8000404c	010fafb3	slt	x31,x31,x16	 x31:0x00000001 x16:0xfffff89c x31=0x00000000
     187945.000 ns	     18793	80004050	20548453	fsgnj.s	f8,f9,f5	  f9:0x41800000  f5:0x00000000  f8=0x41800000
     187975.000 ns	     18796	80004054	03399033	mulh	x0,x19,x19	 x19:0x08000000 x19:0x08000000
     188005.000 ns	     18799	80004058	02cd2033	mulhsu	x0,x26,x12	 x26:0x00000000 x12:0x00000001
     188035.000 ns	     18802	8000405c	21239b53	fsgnjn.s	f22,f7,f18	  f7:0x4f15a2bd f18:0x00000000 f22=0xcf15a2bd
     188065.000 ns	     18805	80004060	c00effd3	fcvt.w.s	x31,f29	 f29:0x4f00040e x31=0x7fffffff
     188095.000 ns	     18808	80004064	a16c91d3	flt.s	x3,f25,f22	 f25:0x43c00000 f22:0xcf15a2bd  x3=0x00000000
     188125.000 ns	     18811	80004068	a1fc2153	feq.s	x2,f24,f31	 f24:0x80000000 f31:0x4f15a2bd  x2=0x00000000
     188155.000 ns	     18814	8000406c	28ac1ed3	fmax.s	f29,f24,f10	 f24:0x80000000 f10:0x00000000 f29=0x00000000
     188175.000 ns	     18816	80004070	00b99313	slli	x6,x19,0xb	 x19:0x08000000  x6=0x00000000
     188195.000 ns	     18818	80004074	a1eb0d53	fle.s	x26,f22,f30	 f22:0xcf15a2bd f30:0x00000000 x26=0x00000001
     188215.000 ns	     18820	80004078	40e38cb3	sub	x25,x7,x14	  x7:0x00020000 x14:0xffffffff x25=0x00020001
     188225.000 ns	     18821	8000407c	80e2f813	andi	x16,x5,-2034	  x5:0x00000000 x16=0x00000000
     188235.000 ns	     18822	80004080	0189adb3	slt	x27,x19,x24	 x19:0x08000000 x24:0x00000001 x27=0x00000000
     188245.000 ns	     18823	80004084	40f0d733	sra	x14,x1,x15	  x1:0x80000000 x15:0x00000000 x14=0x80000000
     188605.000 ns	     18859	80004088	02d24833	div	x16,x4,x13	  x4:0x00000040 x13:0xf8000000 x16=0x00000000
     188635.000 ns	     18862	8000408c	204ca1d3	fsgnjx.s	f3,f25,f4	 f25:0x43c00000  f4:0x407fffae  f3=0x43c00000
     189815.000 ns	     18980	80004090	580e3ad3	fsqrt.s	f21,f28	 f28:0x407fffae f21=0x3fb5042a
     189835.000 ns	     18982	80004094	4124dc93	srai	x25,x9,0x12	  x9:0x00000001 x25=0x00000000
     190195.000 ns	     19018	80004098	0380d9b3	divu	x19,x1,x24	  x1:0x80000000 x24:0x00000001 x19=0x80000000
     190225.000 ns	     19021	8000409c	d0043053	fcvt.s.w	f0,x8	  x8:0x80040fe4  f0=0xcefff7e1
     190245.000 ns	     19023	800040a0	804107b7	lui	x15,0x80410	 x15=0x80410000
     190265.000 ns	     19025	800040a4	d0100c53	fcvt.s.wu	f24,x0	  x0:0x00000000 f24=0x00000000
     190285.000 ns	     19027	800040a8	f7a2ea93	ori	x21,x5,-134	  x5:0x00000000 x21=0xffffff7a
     190645.000 ns	     19063	800040ac	03445e33	divu	x28,x8,x20	  x8:0x80040fe4 x20:0x80041024 x28=0x00000000
     190675.000 ns	     19066	800040b0	f0078853	fmv.w.x	f16,x15	 x15:0x80410000 f16=0x80410000
     190725.000 ns	     19071	800040b4	00cd7ed3	fadd.s	f29,f26,f12	 f26:0x407fffae f12:0x00000000 f29=0x407fffae
     190755.000 ns	     19074	800040b8	a01e9f53	flt.s	x30,f29,f1	 f29:0x00000000  f1:0x00000000 x30=0x00000000
     190775.000 ns	     19076	800040bc	000e38b3	sltu	x17,x28,x0	 x28:0x00000000  x0:0x00000000 x17=0x00000000
     190795.000 ns	     19078	800040c0	28c48953	fmin.s	f18,f9,f12	  f9:0x41800000 f12:0x00000000 f18=0x00000000
     190815.000 ns	     19080	800040c4	01ac73b3	and	x7,x24,x26	 x24:0x00000001 x26:0x00000001  x7=0x00000001
     190825.000 ns	     19081	800040c8	01b68db3	add	x27,x13,x27	 x13:0xf8000000 x27:0x00000000 x27=0xf8000000
     190865.000 ns	     19085	800040cc	09aaff53	fsub.s	f30,f21,f26	 f21:0x3fb5042a f26:0x407fffae f30=0xc0257d99
     190885.000 ns	     19087	800040d0	01803533	sltu	x10,x0,x24	  x0:0x00000000 x24:0x00000001 x10=0x00000001
     190905.000 ns	     19089	800040d4	e0001253	fclass.s	x4,f0	  f0:0xcefff7e1  x4=0x00000002
     190935.000 ns	     19092	800040d8	a0de12d3	flt.s	x5,f28,f13	 f28:0x407fffae f13:0xffc00000  x5=0x00000000
     190965.000 ns	     19095	800040dc	e0061dd3	fclass.s	x27,f12	 f12:0x00000000 x27=0x00000010
     190995.000 ns	     19098	800040e0	29b09a53	fmax.s	f20,f1,f27	  f1:0x00000000 f27:0x3f800000 f20=0x3f800000
     191025.000 ns	     19101	800040e4	206e8453	fsgnj.s	f8,f29,f6	 f29:0x407fffae  f6:0x3f800000  f8=0x407fffae
     191055.000 ns	     19104	800040e8	e0070ed3	fmv.x.w	x29,f14	 f14:0x7fc00000 x29=0x7fc00000
     191085.000 ns	     19107	800040ec	f0010cd3	fmv.w.x	f25,x2	  x2:0x00000000 f25=0x00000000
     191115.000 ns	     19110	800040f0	03272533	mulhsu	x10,x14,x18	 x14:0x80000000 x18:0x00000000 x10=0x00000000
     191145.000 ns	     19113	800040f4	02694633	div	x12,x18,x6	 x18:0x00000000  x6:0x00000000 x12=0xffffffff
     191175.000 ns	     19116	800040f8	d014f353	fcvt.s.wu	f6,x9	  x9:0x00000001  f6=0x3f800000
     191195.000 ns	     19118	800040fc	45accd93	xori	x27,x25,1114	 x25:0x00000000 x27=0x0000045a
     191235.000 ns	     19122	80004100	01c1ffd3	fadd.s	f31,f3,f28	  f3:0x43c00000 f28:0x407fffae f31=0x43c1ffff
     192415.000 ns	     19240	80004104	580d71d3	fsqrt.s	f3,f26	 f26:0x407fffae  f3=0x3fb5042a
     192435.000 ns	     19242	80004108	00379313	slli	x6,x15,0x3	 x15:0x80410000  x6=0x02080000
     192795.000 ns	     19278	8000410c	03486933	rem	x18,x16,x20	 x16:0x00000000 x20:0x80041024 x18=0x00000000
     192825.000 ns	     19281	80004110	20e390d3	fsgnjn.s	f1,f7,f14	  f7:0x4f15a2bd f14:0x7fc00000  f1=0xcf15a2bd
     192845.000 ns	     19283	80004114	ad1947b7	lui	x15,0xad194	 x15=0xad194000
     192865.000 ns	     19285	80004118	02bcbe33	mulhu	x28,x25,x11	 x25:0x00000000 x11:0x00000004 x28=0x00000000
     192895.000 ns	     19288	8000411c	03e23d33	mulhu	x26,x4,x30	  x4:0x00000002 x30:0x00000000 x26=0x00000000
     192925.000 ns	     19291	80004120	20978b53	fsgnj.s	f22,f15,f9	 f15:0x00000000  f9:0x41800000 f22=0x00000000
     192945.000 ns	     19293	80004124	a3167bb7	lui	x23,0xa3167	 x23=0xa3167000
     192955.000 ns	     19294	80004128	01951fb3	sll	x31,x10,x25	 x10:0x00000000 x25:0x00000000 x31=0x00000000
     192975.000 ns	     19296	8000412c	02128333	mul	x6,x5,x1	  x5:0x00000000  x1:0x80000000  x6=0x00000000
     193005.000 ns	     19299	80004130	c00f09d3	fcvt.w.s	x19,f30	 f30:0xc0257d99 x19=0xfffffffd
     193025.000 ns	     19301	80004134	4e806793	ori	x15,x0,1256	  x0:0x00000000 x15=0x000004e8
     193045.000 ns	     19303	80004138	0388a133	mulhsu	x2,x17,x24	 x17:0x00000000 x24:0x00000001  x2=0x00000000
     193095.000 ns	     19308	8000413c	087af853	fsub.s	f16,f21,f7	 f21:0x3fb5042a  f7:0x4f15a2bd f16=0xcf15a2bc
     193125.000 ns	     19311	80004140	e00d8ad3	fmv.x.w	x21,f27	 f27:0x3f800000 x21=0x3f800000
     193145.000 ns	     19313	80004144	00fb4633	xor	x12,x22,x15	 x22:0x80000000 x15:0x000004e8 x12=0x800004e8
     193155.000 ns	     19314	80004148	77d58113	addi	x2,x11,1917	 x11:0x00000004  x2=0x00000781
     193165.000 ns	     19315	8000414c	4170df93	srai	x31,x1,0x17	  x1:0x80000000 x31=0xffffff00
     193175.000 ns	     19316	80004150	359c6c13	ori	x24,x24,857	 x24:0x00000001 x24=0x00000359
     193185.000 ns	     19317	80004154	419607b3	sub	x15,x12,x25	 x12:0x800004e8 x25:0x00000000 x15=0x800004e8
     193195.000 ns	     19318	80004158	a9076f93	ori	x31,x14,-1392	 x14:0x80000000 x31=0xfffffa90
     193205.000 ns	     19319	8000415c	01111f33	sll	x30,x2,x17	  x2:0x00000781 x17:0x00000000 x30=0x00000781
     193225.000 ns	     19321	80004160	217185d3	fsgnj.s	f11,f3,f23	  f3:0x3fb5042a f23:0xc4ec8000 f11=0xbfb5042a
     193245.000 ns	     19323	80004164	01795893	srli	x17,x18,0x17	 x18:0x00000000 x17=0x00000000
     193255.000 ns	     19324	80004168	01fc8133	add	x2,x25,x31	 x25:0x00000000 x31:0xfffffa90  x2=0xfffffa90
     193265.000 ns	     19325	8000416c	004c1cb3	sll	x25,x24,x4	 x24:0x00000359  x4:0x00000002 x25=0x00000d64
     193275.000 ns	     19326	80004170	e54b0e13	addi	x28,x22,-428	 x22:0x80000000 x28=0x7ffffe54
     193285.000 ns	     19327	80004174	38c03c13	sltiu	x24,x0,908	  x0:0x00000000 x24=0x00000001
     193295.000 ns	     19328	80004178	01b29213	slli	x4,x5,0x1b	  x5:0x00000000  x4=0x00000000
     193305.000 ns	     19329	8000417c	0024b033	sltu	x0,x9,x2	  x9:0x00000001  x2:0xfffffa90
     193665.000 ns	     19365	80004180	02125833	divu	x16,x4,x1	  x4:0x00000002  x1:0x80000000 x16=0x00000000
     193715.000 ns	     19370	80004184	08baf453	fsub.s	f8,f21,f11	 f21:0x3fb5042a f11:0xbfb5042a  f8=0x4035042a
     193735.000 ns	     19372	80004188	cd96c493	xori	x9,x13,-807	 x13:0xf8000000  x9=0x07fffcd9
     193755.000 ns	     19374	8000418c	21b5a7d3	fsgnjx.s	f15,f11,f27	 f11:0xbfb5042a f27:0x3f800000 f15=0xbfb5042a
     193785.000 ns	     19377	80004190	02332cb3	mulhsu	x25,x6,x3	  x6:0x00000000  x3:0x00000000 x25=0x00000000
     193815.000 ns	     19380	80004194	a1b19853	flt.s	x16,f3,f27	  f3:0x3fb5042a f27:0x3f800000 x16=0x00000000
     193845.000 ns	     19383	80004198	026297b3	mulh	x15,x5,x6	  x5:0x00000000  x6:0x00000000 x15=0x00000000
     193865.000 ns	     19385	8000419c	40fd5533	sra	x10,x26,x15	 x26:0x00000000 x15:0x800004e8 x10=0x00000000
     193875.000 ns	     19386	800041a0	40835a93	srai	x21,x6,0x8	  x6:0x00000000 x21=0x00000000
     193895.000 ns	     19388	800041a4	0281bc33	mulhu	x24,x3,x8	  x3:0x00000000  x8:0x80040fe4 x24=0x00000000
     193915.000 ns	     19390	800041a8	01ea5333	srl	x6,x20,x30	 x20:0x80041024 x30:0x00000781  x6=0x40020812
     193925.000 ns	     19391	800041ac	01ff4733	xor	x14,x30,x31	 x30:0x00000781 x31:0xfffffa90 x14=0xfffffd11
     194255.000 ns	     19424	800041b0	19aefad3	fdiv.s	f21,f29,f26	 f29:0x407fffae f26:0x407fffae f21=0x3f96ccb4
     194275.000 ns	     19426	800041b4	0040c233	xor	x4,x1,x4	  x1:0x80000000  x4:0x00000000  x4=0x80000000
     194285.000 ns	     19427	800041b8	00709233	sll	x4,x1,x7	  x1:0x80000000  x7:0x00000001  x4=0x00000000
     194295.000 ns	     19428	800041bc	413f5ab3	sra	x21,x30,x19	 x30:0x00000781 x19:0xfffffffd x21=0x00000000
     194315.000 ns	     19430	800041c0	c0071e53	fcvt.w.s	x28,f14	 f14:0x7fc00000 x28=0x7fffffff
     194335.000 ns	     19432	800041c4	005fe1b3	or	x3,x31,x5	 x31:0xfffffa90  x5:0x00000000  x3=0xfffffa90
     194345.000 ns	     19433	800041c8	a9ea1617	auipc	x12,0xa9ea1	 x12=0x29ea51c8
     194365.000 ns	     19435	800041cc	025e9db3	mulh	x27,x29,x5	 x29:0x7fc00000  x5:0x00000000 x27=0x00000000
     194385.000 ns	     19437	800041d0	a0abeb93	ori	x23,x23,-1526	 x23:0xa3167000 x23=0xfffffa0a
     194395.000 ns	     19438	800041d4	416dd313	srai	x6,x27,0x16	 x27:0x00000000  x6=0x00000000
     194755.000 ns	     19474	800041d8	0222fe33	remu	x28,x5,x2	  x5:0x00000000  x2:0xfffffa90 x28=0x00000000
     194775.000 ns	     19476	800041dc	019e2fb3	slt	x31,x28,x25	 x28:0x7fffffff x25:0x00000000 x31=0x00000000
     194815.000 ns	     19480	800041e0	08a277d3	fsub.s	f15,f4,f10	  f4:0x407fffae f10:0x00000000 f15=0x407fffae
     194835.000 ns	     19482	800041e4	9067f693	andi	x13,x15,-1786	 x15:0x00000000 x13=0x00000000
     194855.000 ns	     19484	800041e8	03c145b3	div	x11,x2,x28	  x2:0xfffffa90 x28:0x00000000 x11=0xffffffff
     194875.000 ns	     19486	800041ec	41e05193	srai	x3,x0,0x1e	  x0:0x00000000  x3=0x00000000
     194885.000 ns	     19487	800041f0	01ba34b3	sltu	x9,x20,x27	 x20:0x80041024 x27:0x00000000  x9=0x00000000
     194895.000 ns	     19488	800041f4	01907293	andi	x5,x0,25	  x0:0x00000000  x5=0x00000000
     194915.000 ns	     19490	800041f8	a02f26d3	feq.s	x13,f30,f2	 f30:0xc0257d99  f2:0x7fc00000 x13=0x00000000
     194945.000 ns	     19493	800041fc	02971f33	mulh	x30,x14,x9	 x14:0xfffffd11  x9:0x00000000 x30=0x00000000
     194975.000 ns	     19496	80004200	a1788e53	fle.s	x28,f17,f23	 f17:0x7fc00000 f23:0xc4ec8000 x28=0x00000000
     194995.000 ns	     19498	80004204	a9516193	ori	x3,x2,-1387	  x2:0xfffffa90  x3=0xfffffa95
     195015.000 ns	     19500	80004208	20d1a153	fsgnjx.s	f2,f3,f13	  f3:0x3fb5042a f13:0xffc00000  f2=0xbfb5042a
     195035.000 ns	     19502	8000420c	d2218f13	addi	x30,x3,-734	  x3:0x00000000 x30=0xfffff7b7
     195395.000 ns	     19538	80004210	021b49b3	div	x19,x22,x1	 x22:0x80000000  x1:0x80000000 x19=0x00000001
     195425.000 ns	     19541	80004214	027b3f33	mulhu	x30,x22,x7	 x22:0x80000000  x7:0x00000001 x30=0x00000000
     195445.000 ns	     19543	80004218	01b31bb3	sll	x23,x6,x27	  x6:0x00000000 x27:0x00000000 x23=0x00000000
     195455.000 ns	     19544	8000421c	003a37b3	sltu	x15,x20,x3	 x20:0x80041024  x3:0xfffffa95 x15=0x00000001
     195815.000 ns	     19580	80004220	0274ce33	div	x28,x9,x7	  x9:0x00000000  x7:0x00000001 x28=0x00000000
     195845.000 ns	     19583	80004224	28a00153	fmin.s	f2,f0,f10	  f0:0xcefff7e1 f10:0x00000000  f2=0xcefff7e1
     195865.000 ns	     19585	80004228	00000013	addi	x0,x0,0	  x0:0x00000000
     195885.000 ns	     19587	8000422c	a0ff1b53	flt.s	x22,f30,f15	 f30:0xc0257d99 f15:0x407fffae x22=0x00000001
     195905.000 ns	     19589	80004230	40b9d1b3	sra	x3,x19,x11	 x19:0x00000001 x11:0xffffffff  x3=0x00000000
     195915.000 ns	     19590	80004234	fbaa0e97	auipc	x29,0xfbaa0	 x29=0x7baa4234
     195925.000 ns	     19591	80004238	0ad12517	auipc	x10,0xad12	 x10=0x8ad16238
     195935.000 ns	     19592	8000423c	fd393b13	sltiu	x22,x18,-45	 x18:0x00000000 x22=0x00000001
     195945.000 ns	     19593	80004240	00510333	add	x6,x2,x5	  x2:0xfffffa90  x5:0x00000000  x6=0xfffffa90
     195965.000 ns	     19595	80004244	0354e033	rem	x0,x9,x21	  x9:0x00000000 x21:0x00000000
     195985.000 ns	     19597	80004248	00c7d893	srli	x17,x15,0xc	 x15:0x00000001 x17=0x00000000
     195995.000 ns	     19598	8000424c	49f7c493	xori	x9,x15,1183	 x15:0x00000001  x9=0x0000049e
     196015.000 ns	     19600	80004250	207c9753	fsgnjn.s	f14,f25,f7	 f25:0x00000000  f7:0x4f15a2bd f14=0x80000000
     196035.000 ns	     19602	80004254	00000013	addi	x0,x0,0	  x0:0x00000000
     196045.000 ns	     19603	80004258	015101b3	add	x3,x2,x21	  x2:0xfffffa90 x21:0x00000000  x3=0xfffffa90
     196065.000 ns	     19605	8000425c	286591d3	fmax.s	f3,f11,f6	 f11:0xbfb5042a  f6:0x3f800000  f3=0x3f800000
     196095.000 ns	     19608	80004260	028fa533	mulhsu	x10,x31,x8	 x31:0x00000000  x8:0x80040fe4 x10=0x00000000
     196125.000 ns	     19611	80004264	a18e0f53	fle.s	x30,f28,f24	 f28:0x407fffae f24:0x00000000 x30=0x00000000
     196145.000 ns	     19613	80004268	000d2033	slt	x0,x26,x0	 x26:0x00000000  x0:0x00000000
     196155.000 ns	     19614	8000426c	29ff6113	ori	x2,x30,671	 x30:0x00000000  x2=0x0000029f
     196175.000 ns	     19616	80004270	a0419853	flt.s	x16,f3,f4	  f3:0x3f800000  f4:0x407fffae x16=0x00000001
     196225.000 ns	     19621	80004274	0146a153	fadd.s	f2,f13,f20	 f13:0xffc00000 f20:0x3f800000  f2=0x7fc00000
     196255.000 ns	     19624	80004278	213b1a53	fsgnjn.s	f20,f22,f19	 f22:0x00000000 f19:0x80000000 f20=0x00000000
     196275.000 ns	     19626	8000427c	01e2fcb3	and	x25,x5,x30	  x5:0x00000000 x30:0x00000000 x25=0x00000000
     196285.000 ns	     19627	80004280	00a9f533	and	x10,x19,x10	 x19:0x00000001 x10:0x00000000 x10=0x00000000
     196305.000 ns	     19629	80004284	a05c2153	feq.s	x2,f24,f5	 f24:0x00000000  f5:0x00000000  x2=0x00000001
     196325.000 ns	     19631	80004288	4533cd93	xori	x27,x7,1107	  x7:0x00000001 x27=0x00000452
     196335.000 ns	     19632	8000428c	41ad5bb3	sra	x23,x26,x26	 x26:0x00000000 x26:0x00000000 x23=0x00000000
     196355.000 ns	     19634	80004290	21932ed3	fsgnjx.s	f29,f6,f25	  f6:0x3f800000 f25:0x00000000 f29=0x3f800000
     196385.000 ns	     19637	80004294	02440b33	mul	x22,x8,x4	  x8:0x80040fe4  x4:0x00000000 x22=0x00000000
     196405.000 ns	     19639	80004298	00c97533	and	x10,x18,x12	 x18:0x00000000 x12:0x29ea51c8 x10=0x00000000
     196415.000 ns	     19640	8000429c	00a01233	sll	x4,x0,x10	  x0:0x00000000 x10:0x00000000  x4=0x00000000
     196435.000 ns	     19642	800042a0	20809153	fsgnjn.s	f2,f1,f8	  f1:0xcf15a2bd  f8:0x4035042a  f2=0xcf15a2bd
     196455.000 ns	     19644	800042a4	003b96b3	sll	x13,x23,x3	 x23:0x00000000  x3:0xfffffa90 x13=0x00000000
     196465.000 ns	     19645	800042a8	01d45813	srli	x16,x8,0x1d	  x8:0x80040fe4 x16=0x00000004
     196825.000 ns	     19681	800042ac	03d57033	remu	x0,x10,x29	 x10:0x00000000 x29:0x7baa4234
     196845.000 ns	     19683	800042b0	0006b9b3	sltu	x19,x13,x0	 x13:0x00000000  x0:0x00000000 x19=0x00000000
     197205.000 ns	     19719	800042b4	02816833	rem	x16,x2,x8	  x2:0x00000001  x8:0x80040fe4 x16=0x00000001
     197225.000 ns	     19721	800042b8	413f8d33	sub	x26,x31,x19	 x31:0x00000000 x19:0x00000001 x26=0x00000000
     197235.000 ns	     19722	800042bc	01133033	sltu	x0,x6,x17	  x6:0xfffffa90 x17:0x00000000
     197255.000 ns	     19724	800042c0	d0037bd3	fcvt.s.w	f23,x6	  x6:0xfffffa90 f23=0xc4ae0000
     197275.000 ns	     19726	800042c4	00c05e33	srl	x28,x0,x12	  x0:0x00000000 x12:0x29ea51c8 x28=0x00000000
     197285.000 ns	     19727	800042c8	e07b7913	andi	x18,x22,-505	 x22:0x00000000 x18=0x00000000
     197315.000 ns	     19730	800042cc	58050bd3	fsqrt.s	f23,f10	 f10:0x00000000 f23=0x00000000
     197345.000 ns	     19733	800042d0	022fbd33	mulhu	x26,x31,x2	 x31:0x00000000  x2:0x00000001 x26=0x00000000
     197365.000 ns	     19735	800042d4	4dff8b93	addi	x23,x31,1247	 x31:0x00000000 x23=0x000004df
     197375.000 ns	     19736	800042d8	015d25b3	slt	x11,x26,x21	 x26:0x00000000 x21:0x00000000 x11=0x00000000
     197385.000 ns	     19737	800042dc	758c8693	addi	x13,x25,1880	 x25:0x00000000 x13=0x00000758
     197405.000 ns	     19739	800042e0	c0039ed3	fcvt.w.s	x29,f7	  f7:0x4f15a2bd x29=0x7fffffff
     197425.000 ns	     19741	800042e4	00624db3	xor	x27,x4,x6	  x4:0x00000000  x6:0xfffffa90 x27=0xfffffa90
     197445.000 ns	     19743	800042e8	201720d3	fsgnjx.s	f1,f14,f1	 f14:0x80000000  f1:0xcf15a2bd  f1=0x00000000
     197465.000 ns	     19745	800042ec	00d76d33	or	x26,x14,x13	 x14:0xfffffd11 x13:0x00000758 x26=0xffffff59
     197485.000 ns	     19747	800042f0	03271bb3	mulh	x23,x14,x18	 x14:0xfffffd11 x18:0x00000000 x23=0x00000000
     197515.000 ns	     19750	800042f4	a0640f53	fle.s	x30,f8,f6	  f8:0x4035042a  f6:0x3f800000 x30=0x00000000
     197535.000 ns	     19752	800042f8	00000013	addi	x0,x0,0	  x0:0x00000000
     197565.000 ns	     19755	800042fc	11fb76d3	fmul.s	f13,f22,f31	 f22:0x00000000 f31:0x43c1ffff f13=0x00000000
     197585.000 ns	     19757	80004300	01fafe33	and	x28,x21,x31	 x21:0x00000000 x31:0x00000000 x28=0x00000000
     197595.000 ns	     19758	80004304	01a37db3	and	x27,x6,x26	  x6:0xfffffa90 x26:0xffffff59 x27=0xfffffa10
     197625.000 ns	     19761	80004308	196ba253	fdiv.s	f4,f23,f22	 f23:0x00000000 f22:0x00000000  f4=0x7fc00000
     197655.000 ns	     19764	8000430c	0332c2b3	div	x5,x5,x19	  x5:0x00000000 x19:0x00000000  x5=0xffffffff
     197705.000 ns	     19769	80004310	008aaa53	fadd.s	f20,f21,f8	 f21:0x3f96ccb4  f8:0x4035042a f20=0x40803542
     197735.000 ns	     19772	80004314	a1cc8753	fle.s	x14,f25,f28	 f25:0x00000000 f28:0x407fffae x14=0x00000001
     197765.000 ns	     19775	80004318	e00c1253	fclass.s	x4,f24	 f24:0x00000000  x4=0x00000010
     197795.000 ns	     19778	8000431c	217703d3	fsgnj.s	f7,f14,f23	 f14:0x80000000 f23:0x00000000  f7=0x00000000
     197815.000 ns	     19780	80004320	d6ec5997	auipc	x19,0xd6ec5	 x19=0x56ec9320
     197825.000 ns	     19781	80004324	00dde233	or	x4,x27,x13	 x27:0xfffffa10 x13:0x00000758  x4=0xffffff58
     198155.000 ns	     19814	80004328	180e8753	fdiv.s	f14,f29,f0	 f29:0x3f800000  f0:0xcefff7e1 f14=0xb0000000
     198175.000 ns	     19816	8000432c	4049d893	srai	x17,x19,0x4	 x19:0x56ec9320 x17=0x056ec932
     198185.000 ns	     19817	80004330	01ea2eb3	slt	x29,x20,x30	 x20:0x80041024 x30:0x00000000 x29=0x00000001
     198205.000 ns	     19819	80004334	a1ef18d3	flt.s	x17,f30,f30	 f30:0xc0257d99 f30:0xc0257d99 x17=0x00000000
     198225.000 ns	     19821	80004338	406e56b3	sra	x13,x28,x6	 x28:0x00000000  x6:0xfffffa90 x13=0x00000000
     198235.000 ns	     19822	8000433c	3288e493	ori	x9,x17,808	 x17:0x00000000  x9=0x00000328
     198245.000 ns	     19823	80004340	4020de13	srai	x28,x1,0x2	  x1:0x80000000 x28=0xe0000000
     198265.000 ns	     19825	80004344	0397ce33	div	x28,x15,x25	 x15:0x00000001 x25:0x00000000 x28=0xffffffff
     198295.000 ns	     19828	80004348	02433533	mulhu	x10,x6,x4	  x6:0xfffffa90  x4:0xffffff58 x10=0xfffff9e8
     198335.000 ns	     19832	8000434c	5809f8d3	fsqrt.s	f17,f19	 f19:0x80000000 f17=0x80000000
     198365.000 ns	     19835	80004350	a03121d3	feq.s	x3,f2,f3	  f2:0xcf15a2bd  f3:0x3f800000  x3=0x00000000
     198415.000 ns	     19840	80004354	0974b2d3	fsub.s	f5,f9,f23	  f9:0x41800000 f23:0x00000000  f5=0x41800000
     198435.000 ns	     19842	80004358	415edc33	sra	x24,x29,x21	 x29:0x00000001 x21:0x00000000 x24=0x00000001
     198455.000 ns	     19844	8000435c	d01b7453	fcvt.s.wu	f8,x22	 x22:0x00000000  f8=0x00000000
     198475.000 ns	     19846	80004360	0046fd33	and	x26,x13,x4	 x13:0x00000000  x4:0xffffff58 x26=0x00000000
     198485.000 ns	     19847	80004364	406d82b3	sub	x5,x27,x6	 x27:0xfffffa10  x6:0xfffffa90  x5=0xffffff80
     198495.000 ns	     19848	80004368	017903b3	add	x7,x18,x23	 x18:0x00000000 x23:0x00000000  x7=0x00000000
     198505.000 ns	     19849	8000436c	2656fe17	auipc	x28,0x2656f	 x28=0xa657336c
     198525.000 ns	     19851	80004370	21d19253	fsgnjn.s	f4,f3,f29	  f3:0x3f800000 f29:0x3f800000  f4=0xbf800000
     198545.000 ns	     19853	80004374	0089de33	srl	x28,x19,x8	 x19:0x56ec9320  x8:0x80040fe4 x28=0x056ec932
     198555.000 ns	     19854	80004378	54a79c97	auipc	x25,0x54a79	 x25=0xd4a7d378
     198565.000 ns	     19855	8000437c	5498c393	xori	x7,x17,1353	 x17:0x00000000  x7=0x00000549
     198575.000 ns	     19856	80004380	01508833	add	x16,x1,x21	  x1:0x80000000 x21:0x00000000 x16=0x80000000
     198595.000 ns	     19858	80004384	03cd88b3	mul	x17,x27,x28	 x27:0xfffffa10 x28:0x056ec932 x17=0xbe356720
     198615.000 ns	     19860	80004388	7148c6b7	lui	x13,0x7148c	 x13=0x7148c000
     198625.000 ns	     19861	8000438c	2330eb13	ori	x22,x1,563	  x1:0x80000000 x22=0x80000233
     198635.000 ns	     19862	80004390	411007b3	sub	x15,x0,x17	  x0:0x00000000 x17:0xbe356720 x15=0x41ca98e0
     198645.000 ns	     19863	80004394	401b5813	srai	x16,x22,0x1	 x22:0x00000000 x16=0xc0000119
     198655.000 ns	     19864	80004398	57063893	sltiu	x17,x12,1392	 x12:0x29ea51c8 x17=0x00000000
     198665.000 ns	     19865	8000439c	008df633	and	x12,x27,x8	 x27:0xfffffa10  x8:0x80040fe4 x12=0x80040a00
     198685.000 ns	     19867	800043a0	d002fe53	fcvt.s.w	f28,x5	  x5:0xffffff80 f28=0xc3000000
     198735.000 ns	     19872	800043a4	096bb653	fsub.s	f12,f23,f22	 f23:0x00000000 f22:0x00000000 f12=0x80000000
     198755.000 ns	     19874	800043a8	41ef5793	srai	x15,x30,0x1e	 x30:0x00000000 x15=0x00000000
     198765.000 ns	     19875	800043ac	008b5c93	srli	x25,x22,0x8	 x22:0x80000233 x25=0x00800002
     198775.000 ns	     19876	800043b0	41425033	sra	x0,x4,x20	  x4:0xffffff58 x20:0x80041024
     198785.000 ns	     19877	800043b4	0647ec13	ori	x24,x15,100	 x15:0x00000000 x24=0x00000064
     198795.000 ns	     19878	800043b8	40675013	srai	x0,x14,0x6	 x14:0x00000001
     199125.000 ns	     19911	800043bc	19072f53	fdiv.s	f30,f14,f16	 f14:0xb0000000 f16:0xcf15a2bc f30=0x20000000
     199165.000 ns	     19915	800043c0	1963f2d3	fdiv.s	f5,f7,f22	  f7:0x00000000 f22:0x00000000  f5=0x7fc00000
     199195.000 ns	     19918	800043c4	c010aed3	fcvt.wu.s	x29,f1	  f1:0x00000000 x29=0x00000000
     199215.000 ns	     19920	800043c8	006b3233	sltu	x4,x22,x6	 x22:0x80000233  x6:0xfffffa90  x4=0x00000001
     199235.000 ns	     19922	800043cc	e00d99d3	fclass.s	x19,f27	 f27:0x3f800000 x19=0x00000040
     199265.000 ns	     19925	800043d0	0345bcb3	mulhu	x25,x11,x20	 x11:0x00000000 x20:0x80041024 x25=0x00000000
     199295.000 ns	     19928	800043d4	c00f4853	fcvt.w.s	x16,f30	 f30:0x20000000 x16=0x00000000
     199315.000 ns	     19930	800043d8	40b55e13	srai	x28,x10,0xb	 x10:0xfffff9e8 x28=0xffffffff
     199335.000 ns	     19932	800043dc	03acc933	div	x18,x25,x26	 x25:0x00000000 x26:0x00000000 x18=0xffffffff
     199365.000 ns	     19935	800043e0	28021c53	fmax.s	f24,f4,f0	  f4:0xbf800000  f0:0xcefff7e1 f24=0xbf800000
     199385.000 ns	     19937	800043e4	0189cdb3	xor	x27,x19,x24	 x19:0x00000040 x24:0x00000064 x27=0x00000024
     199745.000 ns	     19973	800043e8	0227f233	remu	x4,x15,x2	 x15:0x00000000  x2:0x00000001  x4=0x00000000
     199765.000 ns	     19975	800043ec	00baa6b3	slt	x13,x21,x11	 x21:0x00000000 x11:0x00000000 x13=0x00000000
     199785.000 ns	     19977	800043f0	a1eaadd3	feq.s	x27,f21,f30	 f21:0x3f96ccb4 f30:0x20000000 x27=0x00000000
     199815.000 ns	     19980	800043f4	d0129f53	fcvt.s.wu	f30,x5	  x5:0xffffff80 f30=0x4f7fffff
     199835.000 ns	     19982	800043f8	46e6cd93	xori	x27,x13,1134	 x13:0x00000000 x27=0x0000046e
     199855.000 ns	     19984	800043fc	e0030953	fmv.x.w	x18,f6	  f6:0x3f800000 x18=0x3f800000
     200225.000 ns	     20021	80004400	027b7033	remu	x0,x22,x7	 x22:0x80000233  x7:0x00000549
     200255.000 ns	     20024	80004404	03d0bd33	mulhu	x26,x1,x29	  x1:0x80000000 x29:0x00000000 x26=0x00000000
     200305.000 ns	     20029	80004408	098b2c53	fsub.s	f24,f22,f24	 f22:0x00000000 f24:0xbf800000 f24=0x3f800000
     200675.000 ns	     20066	8000440c	036bfab3	remu	x21,x23,x22	 x23:0x00000000 x22:0x80000233 x21=0x00000000
     200695.000 ns	     20068	80004410	561bbf93	sltiu	x31,x23,1377	 x23:0x00000000 x31=0x00000001
     200715.000 ns	     20070	80004414	c00a79d3	fcvt.w.s	x19,f20	 f20:0x40803542 x19=0x00000004
     200735.000 ns	     20072	80004418	30323493	sltiu	x9,x4,771	  x4:0x00000000  x9=0x00000001
     200745.000 ns	     20073	8000441c	001e6733	or	x14,x28,x1	 x28:0xffffffff  x1:0x80000000 x14=0xffffffff
     200765.000 ns	     20075	80004420	e00f8e53	fmv.x.w	x28,f31	 f31:0x43c1ffff x28=0x43c1ffff
     200785.000 ns	     20077	80004424	015f1eb3	sll	x29,x30,x21	 x30:0x00000000 x21:0x00000000 x29=0x00000000
     200795.000 ns	     20078	80004428	d1562b13	slti	x22,x12,-747	 x12:0x80040a00 x22=0x00000001
     200815.000 ns	     20080	8000442c	02d66e33	rem	x28,x12,x13	 x12:0x80040a00 x13:0x00000000 x28=0x80040a00
     200835.000 ns	     20082	80004430	55cfb313	sltiu	x6,x31,1372	 x31:0x00000001  x6=0x00000001
     200855.000 ns	     20084	80004434	02822cb3	mulhsu	x25,x4,x8	  x4:0x00000000  x8:0x80040fe4 x25=0x00000000
     200885.000 ns	     20087	80004438	e0008553	fmv.x.w	x10,f1	  f1:0x00000000 x10=0x00000000
     200915.000 ns	     20090	8000443c	a19519d3	flt.s	x19,f10,f25	 f10:0x00000000 f25:0x00000000 x19=0x00000000
     200935.000 ns	     20092	80004440	19448393	addi	x7,x9,404	  x9:0x00000001  x7=0x00000195
     200955.000 ns	     20094	80004444	c00ca3d3	fcvt.w.s	x7,f25	 f25:0x00000000  x7=0x00000000
     200975.000 ns	     20096	80004448	e28cab37	lui	x22,0xe28ca	 x22=0xe28ca000
     200985.000 ns	     20097	8000444c	53e44513	xori	x10,x8,1342	  x8:0x80040fe4 x10=0x80040ada
     201005.000 ns	     20099	80004450	d014f4d3	fcvt.s.wu	f9,x9	  x9:0x00000001  f9=0x3f800000
     201025.000 ns	     20101	80004454	f2f96813	ori	x16,x18,-209	 x18:0x3f800000 x16=0xffffff2f
     201045.000 ns	     20103	80004458	a1372153	feq.s	x2,f14,f19	 f14:0xb0000000 f19:0x80000000  x2=0x00000000
     201075.000 ns	     20106	8000445c	a1b19f53	flt.s	x30,f3,f27	  f3:0x3f800000 f27:0x3f800000 x30=0x00000000
     201095.000 ns	     20108	80004460	00df73b3	and	x7,x30,x13	 x30:0x00000000 x13:0x00000000  x7=0x00000000
     201115.000 ns	     20110	80004464	d01cf8d3	fcvt.s.wu	f17,x25	 x25:0x00000000 f17=0x00000000
     201145.000 ns	     20113	80004468	a12bacd3	feq.s	x25,f23,f18	 f23:0x00000000 f18:0x00000000 x25=0x00000001
     201175.000 ns	     20116	8000446c	02741833	mulh	x16,x8,x7	  x8:0x80040fe4  x7:0x00000000 x16=0x00000000
     201205.000 ns	     20119	80004470	a0b09c53	flt.s	x24,f1,f11	  f1:0x00000000 f11:0xbfb5042a x24=0x00000000
     201225.000 ns	     20121	80004474	00258233	add	x4,x11,x2	 x11:0x00000000  x2:0x00000000  x4=0x00000000
     201245.000 ns	     20123	80004478	280c94d3	fmax.s	f9,f25,f0	 f25:0x00000000  f0:0xcefff7e1  f9=0x00000000
     201265.000 ns	     20125	8000447c	016ed793	srli	x15,x29,0x16	 x29:0x00000000 x15=0x00000000
     201275.000 ns	     20126	80004480	d073f193	andi	x3,x7,-761	  x7:0x00000000  x3=0x00000000
     201285.000 ns	     20127	80004484	00b2dd93	srli	x27,x5,0xb	  x5:0xffffff80 x27=0x001fffff
     201305.000 ns	     20129	80004488	03480933	mul	x18,x16,x20	 x16:0x00000000 x20:0x80041024 x18=0x00000000
     201325.000 ns	     20131	8000448c	40d3d693	srai	x13,x7,0xd	  x7:0x00000000 x13=0x00000000
     201345.000 ns	     20133	80004490	03d5c633	div	x12,x11,x29	 x11:0x00000000 x29:0x00000000 x12=0xffffffff
     201365.000 ns	     20135	80004494	93402113	slti	x2,x0,-1740	  x0:0x00000000  x2=0x00000000
     201385.000 ns	     20137	80004498	024734b3	mulhu	x9,x14,x4	 x14:0xffffffff  x4:0x00000000  x9=0x00000000
     201415.000 ns	     20140	8000449c	e0090cd3	fmv.x.w	x25,f18	 f18:0x00000000 x25=0x00000000
     201435.000 ns	     20142	800044a0	913e3693	sltiu	x13,x28,-1773	 x28:0x80040a00 x13=0x00000001
     201445.000 ns	     20143	800044a4	92b54213	xori	x4,x10,-1749	 x10:0x80040ada  x4=0x7ffbf3f1
     201465.000 ns	     20145	800044a8	a0090d53	fle.s	x26,f18,f0	 f18:0x00000000  f0:0xcefff7e1 x26=0x00000000
     201495.000 ns	     20148	800044ac	d009f753	fcvt.s.w	f14,x19	 x19:0x00000000 f14=0x00000000
     201515.000 ns	     20150	800044b0	408adb93	srai	x23,x21,0x8	 x21:0x00000000 x23=0x00000000
     201535.000 ns	     20152	800044b4	0279e6b3	rem	x13,x19,x7	 x19:0x00000000  x7:0x00000000 x13=0x00000000
     201555.000 ns	     20154	800044b8	8335fb93	andi	x23,x11,-1997	 x11:0x00000000 x23=0x00000000
     201575.000 ns	     20156	800044bc	285e83d3	fmin.s	f7,f29,f5	 f29:0x3f800000  f5:0x7fc00000  f7=0x3f800000
     201595.000 ns	     20158	800044c0	00af64b3	or	x9,x30,x10	 x30:0x00000000 x10:0x80040ada  x9=0x80040ada
     201615.000 ns	     20160	800044c4	e00b92d3	fclass.s	x5,f23	 f23:0x00000000  x5=0x00000010
     201985.000 ns	     20197	800044c8	029d7733	remu	x14,x26,x9	 x26:0x00000000  x9:0x00000000 x14=0x00000000
     202015.000 ns	     20200	800044cc	02e67d33	remu	x26,x12,x14	 x12:0xffffffff x14:0xffffffff x26=0xffffffff
     202035.000 ns	     20202	800044d0	0094bb33	sltu	x22,x9,x9	  x9:0x80040ada  x9:0x80040ada x22=0x00000000
     202055.000 ns	     20204	800044d4	21e22a53	fsgnjx.s	f20,f4,f30	  f4:0xbf800000 f30:0x4f7fffff f20=0xbf800000
     202085.000 ns	     20207	800044d8	e0021e53	fclass.s	x28,f4	  f4:0xbf800000 x28=0x00000002
     202135.000 ns	     20212	800044dc	09b7c5d3	fsub.s	f11,f15,f27	 f15:0x407fffae f27:0x3f800000 f11=0x403fffae
     202155.000 ns	     20214	800044e0	407e5333	sra	x6,x28,x7	 x28:0x00000002  x7:0x00000000  x6=0x00000002
     202175.000 ns	     20216	800044e4	206124d3	fsgnjx.s	f9,f2,f6	  f2:0xcf15a2bd  f6:0x3f800000  f9=0xcf15a2bd
     202195.000 ns	     20218	800044e8	deab6813	ori	x16,x22,-534	 x22:0x00000000 x16=0xfffffdea
     202205.000 ns	     20219	800044ec	403b5e13	srai	x28,x22,0x3	 x22:0x00000000 x28=0x00000000
     202225.000 ns	     20221	800044f0	a1f814d3	flt.s	x9,f16,f31	 f16:0xcf15a2bc f31:0x43c1ffff  x9=0x00000001
     202255.000 ns	     20224	800044f4	e00d8cd3	fmv.x.w	x25,f27	 f27:0x3f800000 x25=0x3f800000
     202275.000 ns	     20226	800044f8	40875513	srai	x10,x14,0x8	 x14:0x00000000 x10=0x00000000
     202295.000 ns	     20228	800044fc	a0dfa8d3	feq.s	x17,f31,f13	 f31:0x43c1ffff f13:0x00000000 x17=0x00000000
     202315.000 ns	     20230	80004500	7f5e7a93	andi	x21,x28,2037	 x28:0x00000000 x21=0x00000000
     202335.000 ns	     20232	80004504	f00806d3	fmv.w.x	f13,x16	 x16:0xfffffdea f13=0xfffffdea
     202365.000 ns	     20235	80004508	02ab13b3	mulh	x7,x22,x10	 x22:0x00000000 x10:0x00000000  x7=0x00000000
     202395.000 ns	     20238	8000450c	0327b4b3	mulhu	x9,x15,x18	 x15:0x00000000 x18:0x00000000  x9=0x00000000
     202435.000 ns	     20242	80004510	195505d3	fdiv.s	f11,f10,f21	 f10:0x00000000 f21:0x3f96ccb4 f11=0x00000000
     202465.000 ns	     20245	80004514	207f85d3	fsgnj.s	f11,f31,f7	 f31:0x43c1ffff  f7:0x3f800000 f11=0x43c1ffff
     202515.000 ns	     20250	80004518	001775d3	fadd.s	f11,f14,f1	 f14:0x00000000  f1:0x00000000 f11=0x00000000
     202565.000 ns	     20255	8000451c	0195fdd3	fadd.s	f27,f11,f25	 f11:0x43c1ffff f25:0x00000000 f27=0x00000000
     202595.000 ns	     20258	80004520	20771853	fsgnjn.s	f16,f14,f7	 f14:0x00000000  f7:0x3f800000 f16=0x80000000
     202615.000 ns	     20260	80004524	0035d913	srli	x18,x11,0x3	 x11:0x00000000 x18=0x00000000
     202625.000 ns	     20261	80004528	00000013	addi	x0,x0,0	  x0:0x00000000
     202635.000 ns	     20262	8000452c	00c97bb3	and	x23,x18,x12	 x18:0x00000000 x12:0xffffffff x23=0x00000000
     202655.000 ns	     20264	80004530	029cbfb3	mulhu	x31,x25,x9	 x25:0x3f800000  x9:0x00000000 x31=0x00000000
     202675.000 ns	     20266	80004534	00dbb2b3	sltu	x5,x23,x13	 x23:0x00000000 x13:0x00000000  x5=0x00000000
     202715.000 ns	     20270	80004538	01d473d3	fadd.s	f7,f8,f29	  f8:0x00000000 f29:0x3f800000  f7=0x3f800000
     202745.000 ns	     20273	8000453c	c00bf9d3	fcvt.w.s	x19,f23	 f23:0x00000000 x19=0x00000000
     203925.000 ns	     20391	80004540	580c74d3	fsqrt.s	f9,f24	 f24:0x3f800000  f9=0x3f7fffae
     203945.000 ns	     20393	80004544	a7272193	slti	x3,x14,-1422	 x14:0x00000000  x3=0x00000000
     203955.000 ns	     20394	80004548	c7e1fe93	andi	x29,x3,-898	  x3:0x00000000 x29=0x00000000
     203965.000 ns	     20395	8000454c	3407ed97	auipc	x27,0x3407e	 x27=0xb408254c
     203985.000 ns	     20397	80004550	d01174d3	fcvt.s.wu	f9,x2	  x2:0x00000000  f9=0x00000000
     204015.000 ns	     20400	80004554	a1ae8353	fle.s	x6,f29,f26	 f29:0x3f800000 f26:0x407fffae  x6=0x00000001
     204055.000 ns	     20404	80004558	580dfc53	fsqrt.s	f24,f27	 f27:0x00000000 f24=0x00000000
     204395.000 ns	     20438	8000455c	182d72d3	fdiv.s	f5,f26,f2	 f26:0x407fffae  f2:0xcf15a2bd  f5=0xb07fffae
     204415.000 ns	     20440	80004560	cb333d13	sltiu	x26,x6,-845	  x6:0x00000001 x26=0x00000001
     204435.000 ns	     20442	80004564	0222b033	mulhu	x0,x5,x2	  x5:0x00000000  x2:0x00000000
     204455.000 ns	     20444	80004568	011de333	or	x6,x27,x17	 x27:0xb408254c x17:0x00000000  x6=0xb408254c
     204465.000 ns	     20445	8000456c	c9a30393	addi	x7,x6,-870	  x6:0x00000001  x7=0xb40821e6
     204485.000 ns	     20447	80004570	201d8dd3	fsgnj.s	f27,f27,f1	 f27:0x00000000  f1:0x00000000 f27=0x00000000
     204535.000 ns	     20452	80004574	08997f53	fsub.s	f30,f18,f9	 f18:0x00000000  f9:0x00000000 f30=0x80000000
     204565.000 ns	     20455	80004578	a136af53	feq.s	x30,f13,f19	 f13:0xfffffdea f19:0x80000000 x30=0x00000000
     204585.000 ns	     20457	8000457c	017fd713	srli	x14,x31,0x17	 x31:0x00000000 x14=0x00000000
     204595.000 ns	     20458	80004580	000c7233	and	x4,x24,x0	 x24:0x00000000  x0:0x00000000  x4=0x00000000
     204605.000 ns	     20459	80004584	01dd4fb3	xor	x31,x26,x29	 x26:0x00000001 x29:0x00000000 x31=0x00000001
     204625.000 ns	     20461	80004588	215d14d3	fsgnjn.s	f9,f26,f21	 f26:0x407fffae f21:0x3f96ccb4  f9=0xc07fffae
     204665.000 ns	     20465	8000458c	58097153	fsqrt.s	f2,f18	 f18:0x00000000  f2=0x00000000
     204695.000 ns	     20468	80004590	a0d19fd3	flt.s	x31,f3,f13	  f3:0x3f800000 f13:0xfffffdea x31=0x00000000
     204725.000 ns	     20471	80004594	03b39033	mulh	x0,x7,x27	  x7:0xb40821e6 x27:0xb408254c
     204745.000 ns	     20473	80004598	416b5533	sra	x10,x22,x22	 x22:0x00000000 x22:0x00000000 x10=0x00000000
     204785.000 ns	     20477	8000459c	016bf053	fadd.s	f0,f23,f22	 f23:0x00000000 f22:0x00000000  f0=0x00000000
     204805.000 ns	     20479	800045a0	01999913	slli	x18,x19,0x19	 x19:0x00000000 x18=0x00000000
     204815.000 ns	     20480	800045a4	77580313	addi	x6,x16,1909	 x16:0xfffffdea  x6=0x0000055f
     204835.000 ns	     20482	800045a8	032e7733	remu	x14,x28,x18	 x28:0x00000000 x18:0x00000000 x14=0x00000000
     204865.000 ns	     20485	800045ac	0236f6b3	remu	x13,x13,x3	 x13:0x00000000  x3:0x00000000 x13=0x00000000
     204895.000 ns	     20488	800045b0	033359b3	divu	x19,x6,x19	  x6:0x0000055f x19:0x00000000 x19=0xffffffff
     204925.000 ns	     20491	800045b4	f00b0e53	fmv.w.x	f28,x22	 x22:0x00000000 f28=0x00000000
     204955.000 ns	     20494	800045b8	032c1db3	mulh	x27,x24,x18	 x24:0x00000000 x18:0x00000000 x27=0x00000000
     205325.000 ns	     20531	800045bc	028aeab3	rem	x21,x21,x8	 x21:0x00000000  x8:0x80040fe4 x21=0x00000000
     205345.000 ns	     20533	800045c0	4c778713	addi	x14,x15,1223	 x15:0x00000000 x14=0x000004c7
     205355.000 ns	     20534	800045c4	418a5ab3	sra	x21,x20,x24	 x20:0x80041024 x24:0x00000000 x21=0x80041024
     205365.000 ns	     20535	800045c8	b5814913	xori	x18,x2,-1192	  x2:0x00000000 x18=0xfffffb58
     205375.000 ns	     20536	800045cc	4076dd33	sra	x26,x13,x7	 x13:0x00000000  x7:0xb40821e6 x26=0x00000000
     205405.000 ns	     20539	800045d0	11b60c53	fmul.s	f24,f12,f27	 f12:0x80000000 f27:0x00000000 f24=0x80000000
     205455.000 ns	     20544	800045d4	0091b453	fadd.s	f8,f3,f9	  f3:0x3f800000  f9:0xc07fffae  f8=0xc03fffae
     205825.000 ns	     20581	800045d8	02ce7833	remu	x16,x28,x12	 x28:0x00000000 x12:0xffffffff x16=0x00000000
     205865.000 ns	     20585	800045dc	58013153	fsqrt.s	f2,f2	  f2:0x00000000  f2=0x00000000
     205885.000 ns	     20587	800045e0	417454b3	sra	x9,x8,x23	  x8:0x80040fe4 x23:0x00000000  x9=0x80040fe4
     205895.000 ns	     20588	800045e4	38984893	xori	x17,x16,905	 x16:0x00000000 x17=0x00000389
     205915.000 ns	     20590	800045e8	d0107cd3	fcvt.s.wu	f25,x0	  x0:0x00000000 f25=0x00000000
     205935.000 ns	     20592	800045ec	01c5b633	sltu	x12,x11,x28	 x11:0x00000000 x28:0x00000000 x12=0x00000000
     205945.000 ns	     20593	800045f0	4068db93	srai	x23,x17,0x6	 x17:0x00000389 x23=0x0000000e
     205965.000 ns	     20595	800045f4	294e1dd3	fmax.s	f27,f28,f20	 f28:0x00000000 f20:0xbf800000 f27=0x00000000
     205985.000 ns	     20597	800045f8	403d04b3	sub	x9,x26,x3	 x26:0x00000000  x3:0x00000000  x9=0x00000000
     206015.000 ns	     20600	800045fc	18207953	fdiv.s	f18,f0,f2	  f0:0x00000000  f2:0x00000000 f18=0x7fc00000
     206035.000 ns	     20602	80004600	00f88ab3	add	x21,x17,x15	 x17:0x00000389 x15:0x00000000 x21=0x00000389
     206055.000 ns	     20604	80004604	218a1153	fsgnjn.s	f2,f20,f24	 f20:0xbf800000 f24:0x80000000  f2=0x3f800000
     206085.000 ns	     20607	80004608	21c386d3	fsgnj.s	f13,f7,f28	  f7:0x3f800000 f28:0x00000000 f13=0x3f800000
     206115.000 ns	     20610	8000460c	c0168b53	fcvt.wu.s	x22,f13	 f13:0xfffffdea x22=0x00000001
     206135.000 ns	     20612	80004610	76fd8713	addi	x14,x27,1903	 x27:0x00000000 x14=0x0000076f
     206155.000 ns	     20614	80004614	03c3d833	divu	x16,x7,x28	  x7:0xb40821e6 x28:0x00000000 x16=0xffffffff
     206185.000 ns	     20617	80004618	d01df453	fcvt.s.wu	f8,x27	 x27:0x00000000  f8=0x00000000
     206215.000 ns	     20620	8000461c	c00f98d3	fcvt.w.s	x17,f31	 f31:0x43c1ffff x17=0x00000183
     206235.000 ns	     20622	80004620	00d646b3	xor	x13,x12,x13	 x12:0x00000000 x13:0x00000000 x13=0x00000000
     206245.000 ns	     20623	80004624	39ad3993	sltiu	x19,x26,922	 x26:0x00000000 x19=0x00000001
     206265.000 ns	     20625	80004628	023097b3	mulh	x15,x1,x3	  x1:0x80000000  x3:0x00000000 x15=0x00000000
     206295.000 ns	     20628	8000462c	a0e79853	flt.s	x16,f15,f14	 f15:0x407fffae f14:0x00000000 x16=0x00000000
     206315.000 ns	     20630	80004630	00000013	addi	x0,x0,0	  x0:0x00000000
     206355.000 ns	     20634	80004634	006f06d3	fadd.s	f13,f30,f6	 f30:0x80000000  f6:0x3f800000 f13=0x3f800000
     206375.000 ns	     20636	80004638	011a2fb3	slt	x31,x20,x17	 x20:0x80041024 x17:0x00000183 x31=0x00000001
     206385.000 ns	     20637	8000463c	00909d13	slli	x26,x1,0x9	  x1:0x80000000 x26=0x00000000
     206395.000 ns	     20638	80004640	e1b5f217	auipc	x4,0xe1b5f	  x4=0x61b63640
     206415.000 ns	     20640	80004644	c00db8d3	fcvt.w.s	x17,f27	 f27:0x00000000 x17=0x00000000
     206455.000 ns	     20644	80004648	19737fd3	fdiv.s	f31,f6,f23	  f6:0x3f800000 f23:0x00000000 f31=0x7f800000
     206485.000 ns	     20647	8000464c	a0112e53	feq.s	x28,f2,f1	  f2:0x3f800000  f1:0x00000000 x28=0x00000000
     206515.000 ns	     20650	80004650	023ed733	divu	x14,x29,x3	 x29:0x00000000  x3:0x00000000 x14=0xffffffff
     206545.000 ns	     20653	80004654	c01d3dd3	fcvt.wu.s	x27,f26	 f26:0x407fffae x27=0x00000004
     206565.000 ns	     20655	80004658	00088833	add	x16,x17,x0	 x17:0x00000000  x0:0x00000000 x16=0x00000000
     206585.000 ns	     20657	8000465c	f00109d3	fmv.w.x	f19,x2	  x2:0x00000000 f19=0x00000000
     206615.000 ns	     20660	80004660	e0041bd3	fclass.s	x23,f8	  f8:0x00000000 x23=0x00000010
     206635.000 ns	     20662	80004664	004b9733	sll	x14,x23,x4	 x23:0x0000000e  x4:0x61b63640 x14=0x00000010
     206645.000 ns	     20663	80004668	000b7b33	and	x22,x22,x0	 x22:0x00000001  x0:0x00000000 x22=0x00000000
     206665.000 ns	     20665	8000466c	28f783d3	fmin.s	f7,f15,f15	 f15:0x407fffae f15:0x407fffae  f7=0x407fffae
     206695.000 ns	     20668	80004670	210a09d3	fsgnj.s	f19,f20,f16	 f20:0xbf800000 f16:0x80000000 f19=0xbf800000
     206725.000 ns	     20671	80004674	f0040253	fmv.w.x	f4,x8	  x8:0x80040fe4  f4=0x80040fe4
     206755.000 ns	     20674	80004678	02d3c2b3	div	x5,x7,x13	  x7:0xb40821e6 x13:0x00000000  x5=0xffffffff
     206775.000 ns	     20676	8000467c	9a200693	addi	x13,x0,-1630	  x0:0x00000000 x13=0xfffff9a2
     206785.000 ns	     20677	80004680	a8c40313	addi	x6,x8,-1396	  x8:0x80040fe4  x6=0x80040a70
     206805.000 ns	     20679	80004684	038a2533	mulhsu	x10,x20,x24	 x20:0x80041024 x24:0x00000000 x10=0x00000000
     206835.000 ns	     20682	80004688	a1a02053	feq.s	x0,f0,f26	  f0:0x00000000 f26:0x407fffae
     206855.000 ns	     20684	8000468c	00575fb3	srl	x31,x14,x5	 x14:0x00000010  x5:0xffffffff x31=0x00000000
     206865.000 ns	     20685	80004690	4144d313	srai	x6,x9,0x14	  x9:0x00000000  x6=0x00000000
     206885.000 ns	     20687	80004694	28299e53	fmax.s	f28,f19,f2	 f19:0xbf800000  f2:0x3f800000 f28=0x3f800000
     206915.000 ns	     20690	80004698	034535b3	mulhu	x11,x10,x20	 x10:0x00000000 x20:0x80041024 x11=0x00000000
     206935.000 ns	     20692	8000469c	002dd8b3	srl	x17,x27,x2	 x27:0x00000004  x2:0x00000000 x17=0x00000004
     206955.000 ns	     20694	800046a0	a0b72e53	feq.s	x28,f14,f11	 f14:0x00000000 f11:0x00000000 x28=0x00000001
     206985.000 ns	     20697	800046a4	c01eb253	fcvt.wu.s	x4,f29	 f29:0x3f800000  x4=0x00000001
     207015.000 ns	     20700	800046a8	03d0e8b3	rem	x17,x1,x29	  x1:0x80000000 x29:0x00000000 x17=0x80000000
     207035.000 ns	     20702	800046ac	18ed7c13	andi	x24,x26,398	 x26:0x00000000 x24=0x00000000
     207045.000 ns	     20703	800046b0	bfd9a517	auipc	x10,0xbfd9a	 x10=0x3fd9e6b0
     207065.000 ns	     20705	800046b4	c00c7cd3	fcvt.w.s	x25,f24	 f24:0x80000000 x25=0x00000000
     207095.000 ns	     20708	800046b8	211e9ed3	fsgnjn.s	f29,f29,f17	 f29:0x3f800000 f17:0x00000000 f29=0xbf800000
     207115.000 ns	     20710	800046bc	01f3bd33	sltu	x26,x7,x31	  x7:0xb40821e6 x31:0x00000000 x26=0x00000000
     207135.000 ns	     20712	800046c0	21850053	fsgnj.s	f0,f10,f24	 f10:0x00000000 f24:0x80000000  f0=0x80000000
     207165.000 ns	     20715	800046c4	21271c53	fsgnjn.s	f24,f14,f18	 f14:0x00000000 f18:0x7fc00000 f24=0x80000000
     207195.000 ns	     20718	800046c8	d00b7153	fcvt.s.w	f2,x22	 x22:0x00000000  f2=0x00000000
     207215.000 ns	     20720	800046cc	4112d613	srai	x12,x5,0x11	  x5:0xffffffff x12=0xffffffff
     207235.000 ns	     20722	800046d0	c012b9d3	fcvt.wu.s	x19,f5	  f5:0xb07fffae x19=0x00000000
     207265.000 ns	     20725	800046d4	022ba7b3	mulhsu	x15,x23,x2	 x23:0x00000010  x2:0x00000000 x15=0x00000000
     207285.000 ns	     20727	800046d8	18cb7113	andi	x2,x22,396	 x22:0x00000000  x2=0x00000000
     207305.000 ns	     20729	800046dc	e00198d3	fclass.s	x17,f3	  f3:0x3f800000 x17=0x00000040
     207335.000 ns	     20732	800046e0	21f01853	fsgnjn.s	f16,f0,f31	  f0:0x80000000 f31:0x7f800000 f16=0x80000000
     207365.000 ns	     20735	800046e4	c00b2d53	fcvt.w.s	x26,f22	 f22:0x00000000 x26=0x00000000
     207395.000 ns	     20738	800046e8	a027aed3	feq.s	x29,f15,f2	 f15:0x407fffae  f2:0x00000000 x29=0x00000000
     207415.000 ns	     20740	800046ec	01265913	srli	x18,x12,0x12	 x12:0xffffffff x18=0x00003fff
     207425.000 ns	     20741	800046f0	00591533	sll	x10,x18,x5	 x18:0xfffffb58  x5:0xffffffff x10=0x80000000
     207435.000 ns	     20742	800046f4	a88b5797	auipc	x15,0xa88b5	 x15=0x288b96f4
     207455.000 ns	     20744	800046f8	02621133	mulh	x2,x4,x6	  x4:0x00000001  x6:0x00000000  x2=0x00000000
     207485.000 ns	     20747	800046fc	200983d3	fsgnj.s	f7,f19,f0	 f19:0xbf800000  f0:0x80000000  f7=0xbf800000
     207505.000 ns	     20749	80004700	01bc2233	slt	x4,x24,x27	 x24:0x00000000 x27:0x00000004  x4=0x00000001
     207515.000 ns	     20750	80004704	aba22493	slti	x9,x4,-1350	  x4:0x00000001  x9=0x00000000
     207525.000 ns	     20751	80004708	400158b3	sra	x17,x2,x0	  x2:0x00000000  x0:0x00000000 x17=0x00000000
     207885.000 ns	     20787	8000470c	03456133	rem	x2,x10,x20	 x10:0x80000000 x20:0x80041024  x2=0xfffbefdc
     207905.000 ns	     20789	80004710	86e4c313	xori	x6,x9,-1938	  x9:0x00000000  x6=0xfffff86e
     207925.000 ns	     20791	80004714	038c8db3	mul	x27,x25,x24	 x25:0x00000000 x24:0x00000000 x27=0x00000000
     207945.000 ns	     20793	80004718	00152333	slt	x6,x10,x1	 x10:0x80000000  x1:0x80000000  x6=0x00000000
     207955.000 ns	     20794	8000471c	40c05333	sra	x6,x0,x12	  x0:0x00000000 x12:0xffffffff  x6=0x00000000
     207965.000 ns	     20795	80004720	009b6533	or	x10,x22,x9	 x22:0x00000000  x9:0x00000000 x10=0x00000000
     207975.000 ns	     20796	80004724	00d1d3b3	srl	x7,x3,x13	  x3:0x00000000 x13:0xfffff9a2  x7=0x00000000
     208015.000 ns	     20800	80004728	096f45d3	fsub.s	f11,f30,f22	 f30:0x80000000 f22:0x00000000 f11=0x80000000
     208035.000 ns	     20802	8000472c	8a7b7793	andi	x15,x22,-1881	 x22:0x00000000 x15=0x00000000
     208045.000 ns	     20803	80004730	321efc13	andi	x24,x29,801	 x29:0x00000000 x24=0x00000000
     208055.000 ns	     20804	80004734	41255713	srai	x14,x10,0x12	 x10:0x00000000 x14=0x00000000
     208065.000 ns	     20805	80004738	01e89c93	slli	x25,x17,0x1e	 x17:0x00000000 x25=0x00000000
     208085.000 ns	     20807	8000473c	d01578d3	fcvt.s.wu	f17,x10	 x10:0x00000000 f17=0x00000000
     208105.000 ns	     20809	80004740	01a47733	and	x14,x8,x26	  x8:0x80040fe4 x26:0x00000000 x14=0x00000000
     208115.000 ns	     20810	80004744	0109bb33	sltu	x22,x19,x16	 x19:0x00000000 x16:0x00000000 x22=0x00000000
     208135.000 ns	     20812	80004748	f00c8d53	fmv.w.x	f26,x25	 x25:0x00000000 f26=0x00000000
     208165.000 ns	     20815	8000474c	a0c68dd3	fle.s	x27,f13,f12	 f13:0x3f800000 f12:0x80000000 x27=0x00000000
     208185.000 ns	     20817	80004750	08d6f313	andi	x6,x13,141	 x13:0xfffff9a2  x6=0x00000080
     208195.000 ns	     20818	80004754	00922133	slt	x2,x4,x9	  x4:0x00000001  x9:0x00000000  x2=0x00000000
     208205.000 ns	     20819	80004758	01c1b9b3	sltu	x19,x3,x28	  x3:0x00000000 x28:0x00000001 x19=0x00000001
     208225.000 ns	     20821	8000475c	a13317d3	flt.s	x15,f6,f19	  f6:0x3f800000 f19:0xbf800000 x15=0x00000000
     208245.000 ns	     20823	80004760	93c08a93	addi	x21,x1,-1732	  x1:0x80000000 x21=0x7ffff93c
     208265.000 ns	     20825	80004764	c01bf253	fcvt.wu.s	x4,f23	 f23:0x00000000  x4=0x00000000
     208635.000 ns	     20862	80004768	03cbd533	divu	x10,x23,x28	 x23:0x00000010 x28:0x00000001 x10=0x00000010
     208675.000 ns	     20866	8000476c	10a8b953	fmul.s	f18,f17,f10	 f17:0x00000000 f10:0x00000000 f18=0x00000000
     208695.000 ns	     20868	80004770	6ddf1b37	lui	x22,0x6ddf1	 x22=0x6ddf1000
     208705.000 ns	     20869	80004774	00000013	addi	x0,x0,0	  x0:0x00000000
     208725.000 ns	     20871	80004778	d000f853	fcvt.s.w	f16,x1	  x1:0x80000000 f16=0xcf000000
     208775.000 ns	     20876	8000477c	086235d3	fsub.s	f11,f4,f6	  f4:0x80040fe4  f6:0x3f800000 f11=0xbf800000
     208795.000 ns	     20878	80004780	0020db13	srli	x22,x1,0x2	  x1:0x80000000 x22=0x20000000
     208815.000 ns	     20880	80004784	28060653	fmin.s	f12,f12,f0	 f12:0x80000000  f0:0x80000000 f12=0x80000000
     208835.000 ns	     20882	80004788	70f9f893	andi	x17,x19,1807	 x19:0x00000001 x17=0x00000001
     208855.000 ns	     20884	8000478c	e00d1d53	fclass.s	x26,f26	 f26:0x00000000 x26=0x00000010
     208885.000 ns	     20887	80004790	e00c0c53	fmv.x.w	x24,f24	 f24:0x80000000 x24=0x80000000
     208915.000 ns	     20890	80004794	d018aad3	fcvt.s.wu	f21,x17	 x17:0x00000001 f21=0x3f800000
     208935.000 ns	     20892	80004798	00997b33	and	x22,x18,x9	 x18:0x00003fff  x9:0x00000000 x22=0x00000000
     208945.000 ns	     20893	8000479c	01c9a1b3	slt	x3,x19,x28	 x19:0x00000001 x28:0x00000001  x3=0x00000000
     208965.000 ns	     20895	800047a0	03925333	divu	x6,x4,x25	  x4:0x00000000 x25:0x00000000  x6=0xffffffff
     208995.000 ns	     20898	800047a4	29d78553	fmin.s	f10,f15,f29	 f15:0x407fffae f29:0xbf800000 f10=0xbf800000
     209015.000 ns	     20900	800047a8	0024c5b3	xor	x11,x9,x2	  x9:0x00000000  x2:0x00000000 x11=0x00000000
     209035.000 ns	     20902	800047ac	02af38b3	mulhu	x17,x30,x10	 x30:0x00000000 x10:0x00000010 x17=0x00000000
     209065.000 ns	     20905	800047b0	a1961353	flt.s	x6,f12,f25	 f12:0x80000000 f25:0x00000000  x6=0x00000000
     209085.000 ns	     20907	800047b4	0016db13	srli	x22,x13,0x1	 x13:0xfffff9a2 x22=0x7ffffcd1
     209095.000 ns	     20908	800047b8	41bf0d33	sub	x26,x30,x27	 x30:0x00000000 x27:0x00000000 x26=0x00000000
     209105.000 ns	     20909	800047bc	00d36333	or	x6,x6,x13	  x6:0x00000000 x13:0xfffff9a2  x6=0xfffff9a2
     209115.000 ns	     20910	800047c0	2d31f213	andi	x4,x3,723	  x3:0x00000000  x4=0x00000000
     209145.000 ns	     20913	800047c4	188b35d3	fdiv.s	f11,f22,f8	 f22:0x00000000  f8:0x00000000 f11=0x7fc00000
     209165.000 ns	     20915	800047c8	405c8633	sub	x12,x25,x5	 x25:0x00000000  x5:0xffffffff x12=0x00000001
     209185.000 ns	     20917	800047cc	c0082753	fcvt.w.s	x14,f16	 f16:0xcf000000 x14=0x80000000
     209215.000 ns	     20920	800047d0	f00d8b53	fmv.w.x	f22,x27	 x27:0x00000000 f22=0x00000000
     209255.000 ns	     20924	800047d4	5800f053	fsqrt.s	f0,f1	  f1:0x00000000  f0=0x00000000
     209285.000 ns	     20927	800047d8	a12225d3	feq.s	x11,f4,f18	  f4:0x80040fe4 f18:0x00000000 x11=0x00000000
     209305.000 ns	     20929	800047dc	7f9d8117	auipc	x2,0x7f9d8	  x2=0xff9dc7dc
     209325.000 ns	     20931	800047e0	a04badd3	feq.s	x27,f23,f4	 f23:0x00000000  f4:0x80040fe4 x27=0x00000000
     209345.000 ns	     20933	800047e4	00055713	srli	x14,x10,0x0	 x10:0x00000010 x14=0x00000010
     209385.000 ns	     20937	800047e8	00ce43d3	fadd.s	f7,f28,f12	 f28:0x3f800000 f12:0x80000000  f7=0x3f800000
     209415.000 ns	     20940	800047ec	28360153	fmin.s	f2,f12,f3	 f12:0x80000000  f3:0x3f800000  f2=0x80000000
     209435.000 ns	     20942	800047f0	00b79c13	slli	x24,x15,0xb	 x15:0x00000000 x24=0x00000000
     209455.000 ns	     20944	800047f4	d00ca453	fcvt.s.w	f8,x25	 x25:0x00000000  f8=0x00000000
     209475.000 ns	     20946	800047f8	41e9d513	srai	x10,x19,0x1e	 x19:0x00000001 x10=0x00000000
     209485.000 ns	     20947	800047fc	0059fc33	and	x24,x19,x5	 x19:0x00000001  x5:0xffffffff x24=0x00000001
     209515.000 ns	     20950	80004800	10390f53	fmul.s	f30,f18,f3	 f18:0x00000000  f3:0x3f800000 f30=0x00000000
     209535.000 ns	     20952	80004804	40800733	sub	x14,x0,x8	  x0:0x00000000  x8:0x80040fe4 x14=0x7ffbf01c
     209545.000 ns	     20953	80004808	8dd24c93	xori	x25,x4,-1827	  x4:0x00000000 x25=0xfffff8dd
     209555.000 ns	     20954	8000480c	01b65113	srli	x2,x12,0x1b	 x12:0x00000001  x2=0x00000000
     209575.000 ns	     20956	80004810	21881f53	fsgnjn.s	f30,f16,f24	 f16:0xcf000000 f24:0x80000000 f30=0x4f000000
     209605.000 ns	     20959	80004814	e0001ad3	fclass.s	x21,f0	  f0:0x00000000 x21=0x00000010
     209635.000 ns	     20962	80004818	20711a53	fsgnjn.s	f20,f2,f7	  f2:0x80000000  f7:0x3f800000 f20=0x80000000
     209655.000 ns	     20964	8000481c	f38a6e93	ori	x29,x20,-200	 x20:0x80041024 x29=0xffffff3c
     209675.000 ns	     20966	80004820	02278133	mul	x2,x15,x2	 x15:0x00000000  x2:0x00000000  x2=0x00000000
     209705.000 ns	     20969	80004824	c00bfc53	fcvt.w.s	x24,f23	 f23:0x00000000 x24=0x00000000
     209735.000 ns	     20972	80004828	d008b453	fcvt.s.w	f8,x17	 x17:0x00000000  f8=0x00000000
     209765.000 ns	     20975	8000482c	214a09d3	fsgnj.s	f19,f20,f20	 f20:0x80000000 f20:0x80000000 f19=0x80000000
     209785.000 ns	     20977	80004830	8b77b893	sltiu	x17,x15,-1865	 x15:0x00000000 x17=0x00000001
     209805.000 ns	     20979	80004834	21c29853	fsgnjn.s	f16,f5,f28	  f5:0xb07fffae f28:0x3f800000 f16=0xb07fffae
     209825.000 ns	     20981	80004838	902ac793	xori	x15,x21,-1790	 x21:0x00000010 x15=0xfffff912
     209835.000 ns	     20982	8000483c	409f55b3	sra	x11,x30,x9	 x30:0x00000000  x9:0x00000000 x11=0x00000000
     209845.000 ns	     20983	80004840	00958c33	add	x24,x11,x9	 x11:0x00000000  x9:0x00000000 x24=0x00000000
     209865.000 ns	     20985	80004844	03a98c33	mul	x24,x19,x26	 x19:0x00000001 x26:0x00000000 x24=0x00000000
     209895.000 ns	     20988	80004848	03b072b3	remu	x5,x0,x27	  x0:0x00000000 x27:0x00000000  x5=0x00000000
     209915.000 ns	     20990	8000484c	01a694b3	sll	x9,x13,x26	 x13:0xfffff9a2 x26:0x00000000  x9=0xfffff9a2
     209935.000 ns	     20992	80004850	21482053	fsgnjx.s	f0,f16,f20	 f16:0xb07fffae f20:0x80000000  f0=0x307fffae
     209965.000 ns	     20995	80004854	03f68fb3	mul	x31,x13,x31	 x13:0xfffff9a2 x31:0x00000000 x31=0x00000000
     209985.000 ns	     20997	80004858	01bbfcb3	and	x25,x23,x27	 x23:0x00000010 x27:0x00000000 x25=0x00000000
     209995.000 ns	     20998	8000485c	0069c233	xor	x4,x19,x6	 x19:0x00000001  x6:0xfffff9a2  x4=0xfffff9a3
     210015.000 ns	     21000	80004860	21032f53	fsgnjx.s	f30,f6,f16	  f6:0x3f800000 f16:0xb07fffae f30=0xbf800000
     210035.000 ns	     21002	80004864	405e0033	sub	x0,x28,x5	 x28:0x00000001  x5:0x00000000
     210055.000 ns	     21004	80004868	a1bf03d3	fle.s	x7,f30,f27	 f30:0xbf800000 f27:0x00000000  x7=0x00000001
     210085.000 ns	     21007	8000486c	a1c62dd3	feq.s	x27,f12,f28	 f12:0x80000000 f28:0x3f800000 x27=0x00000000
     210115.000 ns	     21010	80004870	d0131f53	fcvt.s.wu	f30,x6	  x6:0xfffff9a2 f30=0x4f7ffff9
     210145.000 ns	     21013	80004874	f0000fd3	fmv.w.x	f31,x0	  x0:0x00000000 f31=0x00000000
     210195.000 ns	     21018	80004878	09f9f4d3	fsub.s	f9,f19,f31	 f19:0x80000000 f31:0x7f800000  f9=0x80000000
     210215.000 ns	     21020	8000487c	01df0133	add	x2,x30,x29	 x30:0x00000000 x29:0xffffff3c  x2=0xffffff3c
     210235.000 ns	     21022	80004880	028ea4b3	mulhsu	x9,x29,x8	 x29:0xffffff3c  x8:0x80040fe4  x9=0xffffff9d
     210255.000 ns	     21024	80004884	007fb3b3	sltu	x7,x31,x7	 x31:0x00000000  x7:0x00000001  x7=0x00000001
     210265.000 ns	     21025	80004888	2a9ccd93	xori	x27,x25,681	 x25:0x00000000 x27=0x000002a9
     210295.000 ns	     21028	8000488c	58083953	fsqrt.s	f18,f16	 f16:0xb07fffae f18=0x7fc00000
     210345.000 ns	     21033	80004890	00e83853	fadd.s	f16,f16,f14	 f16:0xb07fffae f14:0x00000000 f16=0xb07fffae
     210375.000 ns	     21036	80004894	c007f753	fcvt.w.s	x14,f15	 f15:0x407fffae x14=0x00000003
     210395.000 ns	     21038	80004898	014bd8b3	srl	x17,x23,x20	 x23:0x00000010 x20:0x80041024 x17=0x00000001
     210405.000 ns	     21039	8000489c	00056cb3	or	x25,x10,x0	 x10:0x00000000  x0:0x00000000 x25=0x00000000
     210425.000 ns	     21041	800048a0	29808a53	fmin.s	f20,f1,f24	  f1:0x00000000 f24:0x80000000 f20=0x80000000
     210445.000 ns	     21043	800048a4	017d9fb3	sll	x31,x27,x23	 x27:0x000002a9 x23:0x00000010 x31=0x02a90000
     210465.000 ns	     21045	800048a8	02401333	mulh	x6,x0,x4	  x0:0x00000000  x4:0xfffff9a3  x6=0x00000000
     210485.000 ns	     21047	800048ac	01df2033	slt	x0,x30,x29	 x30:0x00000000 x29:0xffffff3c
     210505.000 ns	     21049	800048b0	e00e0b53	fmv.x.w	x22,f28	 f28:0x3f800000 x22=0x3f800000
     210555.000 ns	     21054	800048b4	01fe0e53	fadd.s	f28,f28,f31	 f28:0x3f800000 f31:0x00000000 f28=0x3f800000
     210585.000 ns	     21057	800048b8	a02caed3	feq.s	x29,f25,f2	 f25:0x00000000  f2:0x80000000 x29=0x00000001
     210625.000 ns	     21061	800048bc	10b24b53	fmul.s	f22,f4,f11	  f4:0x80040fe4 f11:0x7fc00000 f22=0x7fc00000
     210655.000 ns	     21064	800048c0	0220a5b3	mulhsu	x11,x1,x2	  x1:0x80000000  x2:0xffffff3c x11=0x80000062
     210685.000 ns	     21067	800048c4	e00397d3	fclass.s	x15,f7	  f7:0x3f800000 x15=0x00000040
     210705.000 ns	     21069	800048c8	01c97633	and	x12,x18,x28	 x18:0x00003fff x28:0x00000001 x12=0x00000001
     210715.000 ns	     21070	800048cc	011ba733	slt	x14,x23,x17	 x23:0x00000010 x17:0x00000001 x14=0x00000000
     210725.000 ns	     21071	800048d0	01d17333	and	x6,x2,x29	  x2:0xffffff3c x29:0x00000001  x6=0x00000000
     210745.000 ns	     21073	800048d4	21918253	fsgnj.s	f4,f3,f25	  f3:0x3f800000 f25:0x00000000  f4=0x3f800000
     210765.000 ns	     21075	800048d8	41feda93	srai	x21,x29,0x1f	 x29:0x00000001 x21=0x00000000
     210785.000 ns	     21077	800048dc	c0161b53	fcvt.wu.s	x22,f12	 f12:0x80000000 x22=0x00000000
     210815.000 ns	     21080	800048e0	0309f9b3	remu	x19,x19,x16	 x19:0x00000001 x16:0x00000000 x19=0x00000001
     210845.000 ns	     21083	800048e4	f0048e53	fmv.w.x	f28,x9	  x9:0xffffff9d f28=0xffffff9d
     210865.000 ns	     21085	800048e8	d45cadb7	lui	x27,0xd45ca	 x27=0xd45ca000
     210885.000 ns	     21087	800048ec	20b02c53	fsgnjx.s	f24,f0,f11	  f0:0x307fffae f11:0x7fc00000 f24=0x307fffae
     210905.000 ns	     21089	800048f0	00ab11b3	sll	x3,x22,x10	 x22:0x00000000 x10:0x00000000  x3=0x00000000
     210925.000 ns	     21091	800048f4	03634fb3	div	x31,x6,x22	  x6:0x00000000 x22:0x00000000 x31=0xffffffff
     210945.000 ns	     21093	800048f8	a7fc2193	slti	x3,x24,-1409	 x24:0x00000000  x3=0x00000000
     210955.000 ns	     21094	800048fc	9abe4193	xori	x3,x28,-1621	 x28:0x00000001  x3=0xfffff9aa
     210975.000 ns	     21096	80004900	e0089dd3	fclass.s	x27,f17	 f17:0x00000000 x27=0x00000010
     210995.000 ns	     21098	80004904	23c1bf93	sltiu	x31,x3,572	  x3:0x00000000 x31=0x00000000
     211025.000 ns	     21101	80004908	18807153	fdiv.s	f2,f0,f8	  f0:0x307fffae  f8:0x00000000  f2=0x7f800000
     211395.000 ns	     21138	8000490c	032bde33	divu	x28,x23,x18	 x23:0x00000010 x18:0x00003fff x28=0x00000000
     211435.000 ns	     21142	80004910	19cd42d3	fdiv.s	f5,f26,f28	 f26:0x00000000 f28:0xffffff9d  f5=0x7fc00000
     211465.000 ns	     21145	80004914	201f9c53	fsgnjn.s	f24,f31,f1	 f31:0x00000000  f1:0x00000000 f24=0x80000000
     211485.000 ns	     21147	80004918	00d41933	sll	x18,x8,x13	  x8:0x80040fe4 x13:0xfffff9a2 x18=0x00103f90
     211525.000 ns	     21151	8000491c	01f4a8d3	fadd.s	f17,f9,f31	  f9:0x80000000 f31:0x00000000 f17=0x00000000
     211555.000 ns	     21154	80004920	20ffafd3	fsgnjx.s	f31,f31,f15	 f31:0x00000000 f15:0x407fffae f31=0x00000000
     211605.000 ns	     21159	80004924	0113fd53	fadd.s	f26,f7,f17	  f7:0x3f800000 f17:0x00000000 f26=0x3f800000
     211625.000 ns	     21161	80004928	006a0133	add	x2,x20,x6	 x20:0x80041024  x6:0x00000000  x2=0x80041024
     211645.000 ns	     21163	8000492c	038277b3	remu	x15,x4,x24	  x4:0xfffff9a3 x24:0x00000000 x15=0xfffff9a3
     211675.000 ns	     21166	80004930	f00d0a53	fmv.w.x	f20,x26	 x26:0x00000000 f20=0x00000000
     211695.000 ns	     21168	80004934	ca747313	andi	x6,x8,-857	  x8:0x80040fe4  x6=0x80040ca4
     211725.000 ns	     21171	80004938	10f6fd53	fmul.s	f26,f13,f15	 f13:0x3f800000 f15:0x407fffae f26=0x407fffae
     211755.000 ns	     21174	8000493c	a1560ed3	fle.s	x29,f12,f21	 f12:0x80000000 f21:0x3f800000 x29=0x00000001
     211775.000 ns	     21176	80004940	01cc62b3	or	x5,x24,x28	 x24:0x00000000 x28:0x00000000  x5=0x00000000
     211795.000 ns	     21178	80004944	e0089253	fclass.s	x4,f17	 f17:0x00000000  x4=0x00000010
     212135.000 ns	     21212	80004948	184d77d3	fdiv.s	f15,f26,f4	 f26:0x407fffae  f4:0x3f800000 f15=0x407ffee6
     212185.000 ns	     21217	8000494c	004503d3	fadd.s	f7,f10,f4	 f10:0xbf800000  f4:0x3f800000  f7=0x00000000
     212555.000 ns	     21254	80004950	03ba4fb3	div	x31,x20,x27	 x20:0x80041024 x27:0x00000010 x31=0xf8004103
     212585.000 ns	     21257	80004954	0367c733	div	x14,x15,x22	 x15:0xfffff9a3 x22:0x00000000 x14=0xffffffff
     212605.000 ns	     21259	80004958	01c5fc33	and	x24,x11,x28	 x11:0x80000062 x28:0x00000000 x24=0x00000000
     212615.000 ns	     21260	8000495c	4192d333	sra	x6,x5,x25	  x5:0x00000000 x25:0x00000000  x6=0x00000000
     212635.000 ns	     21262	80004960	c002ffd3	fcvt.w.s	x31,f5	  f5:0x7fc00000 x31=0x7fffffff
     212655.000 ns	     21264	80004964	b3c8c393	xori	x7,x17,-1220	 x17:0x00000001  x7=0xfffffb3d
     212675.000 ns	     21266	80004968	02ee3eb3	mulhu	x29,x28,x14	 x28:0x00000000 x14:0xffffffff x29=0x00000000
     212695.000 ns	     21268	8000496c	41b505b3	sub	x11,x10,x27	 x10:0x00000000 x27:0x00000010 x11=0xfffffff0
     212715.000 ns	     21270	80004970	28430dd3	fmin.s	f27,f6,f4	  f6:0x3f800000  f4:0x3f800000 f27=0x3f800000
     212735.000 ns	     21272	80004974	01d3e1b3	or	x3,x7,x29	  x7:0xfffffb3d x29:0x00000000  x3=0xfffffb3d
     212745.000 ns	     21273	80004978	5f37c213	xori	x4,x15,1523	 x15:0xfffff9a3  x4=0xfffffc50
     212755.000 ns	     21274	8000497c	b95a2837	lui	x16,0xb95a2	 x16=0xb95a2000
     212765.000 ns	     21275	80004980	01702d33	slt	x26,x0,x23	  x0:0x00000000 x23:0x00000010 x26=0x00000001
     212775.000 ns	     21276	80004984	e3886d93	ori	x27,x16,-456	 x16:0x00000000 x27=0xfffffe38
     213135.000 ns	     21312	80004988	0214ffb3	remu	x31,x9,x1	  x9:0xffffff9d  x1:0x80000000 x31=0x7fffff9d
     213165.000 ns	     21315	8000498c	03e806b3	mul	x13,x16,x30	 x16:0xb95a2000 x30:0x00000000 x13=0x00000000
     213185.000 ns	     21317	80004990	41d40db3	sub	x27,x8,x29	  x8:0x80040fe4 x29:0x00000000 x27=0x80040fe4
     213205.000 ns	     21319	80004994	283d1dd3	fmax.s	f27,f26,f3	 f26:0x407fffae  f3:0x3f800000 f27=0x407fffae
     213235.000 ns	     21322	80004998	f00e0253	fmv.w.x	f4,x28	 x28:0x00000000  f4=0x00000000
     213265.000 ns	     21325	8000499c	a10a15d3	flt.s	x11,f20,f16	 f20:0x00000000 f16:0xb07fffae x11=0x00000000
     213295.000 ns	     21328	800049a0	02a664b3	rem	x9,x12,x10	 x12:0x00000001 x10:0x00000000  x9=0x00000001
     213665.000 ns	     21365	800049a4	033cffb3	remu	x31,x25,x19	 x25:0x00000000 x19:0x00000001 x31=0x00000000
     213685.000 ns	     21367	800049a8	00245e33	srl	x28,x8,x2	  x8:0x80040fe4  x2:0x80041024 x28=0x080040fe
     213715.000 ns	     21370	800049ac	580c7553	fsqrt.s	f10,f24	 f24:0x80000000 f10=0x80000000
     213735.000 ns	     21372	800049b0	460cc4b7	lui	x9,0x460cc	  x9=0x460cc000
     213745.000 ns	     21373	800049b4	41f5df13	srai	x30,x11,0x1f	 x11:0x00000000 x30=0x00000000
     213765.000 ns	     21375	800049b8	29009bd3	fmax.s	f23,f1,f16	  f1:0x00000000 f16:0xb07fffae f23=0x00000000
     213785.000 ns	     21377	800049bc	41d908b3	sub	x17,x18,x29	 x18:0x00103f90 x29:0x00000000 x17=0x00103f90
     213795.000 ns	     21378	800049c0	00a1e833	or	x16,x3,x10	  x3:0xfffffb3d x10:0x00000000 x16=0xfffffb3d
     213815.000 ns	     21380	800049c4	d01979d3	fcvt.s.wu	f19,x18	 x18:0x00103f90 f19=0x4981fc80
     213845.000 ns	     21383	800049c8	037826b3	mulhsu	x13,x16,x23	 x16:0xb95a2000 x23:0x00000010 x13=0xffffffff
     213865.000 ns	     21385	800049cc	99e97013	andi	x0,x18,-1634	 x18:0x00103f90
     213885.000 ns	     21387	800049d0	e0081dd3	fclass.s	x27,f16	 f16:0xb07fffae x27=0x00000002
     213905.000 ns	     21389	800049d4	007b05b3	add	x11,x22,x7	 x22:0x00000000  x7:0xfffffb3d x11=0xfffffb3d
     213935.000 ns	     21392	800049d8	188fadd3	fdiv.s	f27,f31,f8	 f31:0x00000000  f8:0x00000000 f27=0x7fc00000
     213955.000 ns	     21394	800049dc	006d3f33	sltu	x30,x26,x6	 x26:0x00000001  x6:0x00000000 x30=0x00000000
     213975.000 ns	     21396	800049e0	d0198453	fcvt.s.wu	f8,x19	 x19:0x00000001  f8=0x3f800000
     214005.000 ns	     21399	800049e4	a0240b53	fle.s	x22,f8,f2	  f8:0x00000000  f2:0x7f800000 x22=0x00000001
     214035.000 ns	     21402	800049e8	03baaab3	mulhsu	x21,x21,x27	 x21:0x00000000 x27:0x00000002 x21=0x00000000
     214065.000 ns	     21405	800049ec	c015fbd3	fcvt.wu.s	x23,f11	 f11:0x7fc00000 x23=0xffffffff
     214095.000 ns	     21408	800049f0	023326b3	mulhsu	x13,x6,x3	  x6:0x00000000  x3:0xfffffb3d x13=0x00000000
     214125.000 ns	     21411	800049f4	d01f3d53	fcvt.s.wu	f26,x30	 x30:0x00000000 f26=0x00000000
     214155.000 ns	     21414	800049f8	03609833	mulh	x16,x1,x22	  x1:0x80000000 x22:0x00000001 x16=0xffffffff
     214185.000 ns	     21417	800049fc	a09e88d3	fle.s	x17,f29,f9	 f29:0xbf800000  f9:0x80000000 x17=0x00000001
     214555.000 ns	     21454	80004a00	021061b3	rem	x3,x0,x1	  x0:0x00000000  x1:0x80000000  x3=0x00000000
     214585.000 ns	     21457	80004a04	e00907d3	fmv.x.w	x15,f18	 f18:0x7fc00000 x15=0x7fc00000
     214605.000 ns	     21459	80004a08	7d800493	addi	x9,x0,2008	  x0:0x00000000  x9=0x000007d8
     214625.000 ns	     21461	80004a0c	e00988d3	fmv.x.w	x17,f19	 f19:0x4981fc80 x17=0x4981fc80
     214655.000 ns	     21464	80004a10	f00e0f53	fmv.w.x	f30,x28	 x28:0x080040fe f30=0x080040fe
     214675.000 ns	     21466	80004a14	72f7a193	slti	x3,x15,1839	 x15:0x7fc00000  x3=0x00000000
     214685.000 ns	     21467	80004a18	51a21b37	lui	x22,0x51a21	 x22=0x51a21000
     215045.000 ns	     21503	80004a1c	022643b3	div	x7,x12,x2	 x12:0x00000001  x2:0x80041024  x7=0x00000000
     215075.000 ns	     21506	80004a20	d00d33d3	fcvt.s.w	f7,x26	 x26:0x00000001  f7=0x3f800000
     215105.000 ns	     21509	80004a24	20ff25d3	fsgnjx.s	f11,f30,f15	 f30:0x080040fe f15:0x407ffee6 f11=0x080040fe
     215125.000 ns	     21511	80004a28	16b2e793	ori	x15,x5,363	  x5:0x00000000 x15=0x0000016b
     215155.000 ns	     21514	80004a2c	580fa253	fsqrt.s	f4,f31	 f31:0x00000000  f4=0x00000000
     215175.000 ns	     21516	80004a30	00551813	slli	x16,x10,0x5	 x10:0x00000000 x16=0x00000000
     215195.000 ns	     21518	80004a34	f00a06d3	fmv.w.x	f13,x20	 x20:0x80041024 f13=0x80041024
     215245.000 ns	     21523	80004a38	099235d3	fsub.s	f11,f4,f25	  f4:0x00000000 f25:0x00000000 f11=0x80000000
     215265.000 ns	     21525	80004a3c	bdd34b13	xori	x22,x6,-1059	  x6:0x00000000 x22=0xfffffbdd
     215275.000 ns	     21526	80004a40	00000013	addi	x0,x0,0	  x0:0x00000000
     215295.000 ns	     21528	80004a44	03a11d33	mulh	x26,x2,x26	  x2:0x80041024 x26:0x00000001 x26=0xffffffff
     215315.000 ns	     21530	80004a48	40a55e13	srai	x28,x10,0xa	 x10:0x00000000 x28=0x00000000
     215345.000 ns	     21533	80004a4c	58081ed3	fsqrt.s	f29,f16	 f16:0xb07fffae f29=0x7fc00000
     215375.000 ns	     21536	80004a50	a1b999d3	flt.s	x19,f19,f27	 f19:0x4981fc80 f27:0x7fc00000 x19=0x00000000
     215395.000 ns	     21538	80004a54	37ee6893	ori	x17,x28,894	 x28:0x00000000 x17=0x0000037e
     215415.000 ns	     21540	80004a58	20d405d3	fsgnj.s	f11,f8,f13	  f8:0x3f800000 f13:0x80041024 f11=0xbf800000
     215455.000 ns	     21544	80004a5c	109b9bd3	fmul.s	f23,f23,f9	 f23:0x00000000  f9:0x80000000 f23=0x80000000
     215485.000 ns	     21547	80004a60	291f03d3	fmin.s	f7,f30,f17	 f30:0x080040fe f17:0x00000000  f7=0x00000000
     215515.000 ns	     21550	80004a64	030f41b3	div	x3,x30,x16	 x30:0x00000000 x16:0x00000000  x3=0xffffffff
     215545.000 ns	     21553	80004a68	026bc033	div	x0,x23,x6	 x23:0xffffffff  x6:0x00000000
     215575.000 ns	     21556	80004a6c	290991d3	fmax.s	f3,f19,f16	 f19:0x4981fc80 f16:0xb07fffae  f3=0x4981fc80
     215595.000 ns	     21558	80004a70	00000013	addi	x0,x0,0	  x0:0x00000000
     215615.000 ns	     21560	80004a74	e00601d3	fmv.x.w	x3,f12	 f12:0x80000000  x3=0x80000000
     215635.000 ns	     21562	80004a78	0098ac33	slt	x24,x17,x9	 x17:0x0000037e  x9:0x000007d8 x24=0x00000001
     215655.000 ns	     21564	80004a7c	f00406d3	fmv.w.x	f13,x8	  x8:0x80040fe4 f13=0x80040fe4
     215675.000 ns	     21566	80004a80	00735033	srl	x0,x6,x7	  x6:0x00000000  x7:0x00000000
     215695.000 ns	     21568	80004a84	21078dd3	fsgnj.s	f27,f15,f16	 f15:0x407ffee6 f16:0xb07fffae f27=0xc07ffee6
     216065.000 ns	     21605	80004a88	038267b3	rem	x15,x4,x24	  x4:0xfffffc50 x24:0x00000001 x15=0x00000000
     216115.000 ns	     21610	80004a8c	08b2ff53	fsub.s	f30,f5,f11	  f5:0x7fc00000 f11:0xbf800000 f30=0x7fc00000
     216145.000 ns	     21613	80004a90	025e62b3	rem	x5,x28,x5	 x28:0x00000000  x5:0x00000000  x5=0x00000000
     216165.000 ns	     21615	80004a94	05938d13	addi	x26,x7,89	  x7:0x00000000 x26=0x00000059
     216185.000 ns	     21617	80004a98	20be08d3	fsgnj.s	f17,f28,f11	 f28:0xffffff9d f11:0xbf800000 f17=0xffffff9d
     216555.000 ns	     21654	80004a9c	02ee7533	remu	x10,x28,x14	 x28:0x00000000 x14:0xffffffff x10=0x00000000
     216585.000 ns	     21657	80004aa0	02992133	mulhsu	x2,x18,x9	 x18:0x00103f90  x9:0x000007d8  x2=0x00000000
     216605.000 ns	     21659	80004aa4	00adeeb3	or	x29,x27,x10	 x27:0x00000002 x10:0x00000000 x29=0x00000002
     216615.000 ns	     21660	80004aa8	01b3ee33	or	x28,x7,x27	  x7:0x00000000 x27:0x00000002 x28=0x00000002
     216655.000 ns	     21664	80004aac	0828a2d3	fsub.s	f5,f17,f2	 f17:0xffffff9d  f2:0x7f800000  f5=0x7fc00000
     216685.000 ns	     21667	80004ab0	201f88d3	fsgnj.s	f17,f31,f1	 f31:0x00000000  f1:0x00000000 f17=0x00000000
     216705.000 ns	     21669	80004ab4	00862b33	slt	x22,x12,x8	 x12:0x00000001  x8:0x80040fe4 x22=0x00000000
     216715.000 ns	     21670	80004ab8	4160c593	xori	x11,x1,1046	  x1:0x80000000 x11=0x80000416
     216745.000 ns	     21673	80004abc	182af453	fdiv.s	f8,f21,f2	 f21:0x3f800000  f2:0x7f800000  f8=0x00000000
     216775.000 ns	     21676	80004ac0	e0068053	fmv.x.w	x0,f13	 f13:0x80040fe4
     216795.000 ns	     21678	80004ac4	007f9e33	sll	x28,x31,x7	 x31:0x00000000  x7:0x00000000 x28=0x00000000
     216815.000 ns	     21680	80004ac8	285e8b53	fmin.s	f22,f29,f5	 f29:0x7fc00000  f5:0x7fc00000 f22=0x7fc00000
     216845.000 ns	     21683	80004acc	e00c9353	fclass.s	x6,f25	 f25:0x00000000  x6=0x00000010
     216865.000 ns	     21685	80004ad0	f75fb793	sltiu	x15,x31,-139	 x31:0x00000000 x15=0x00000001
     216885.000 ns	     21687	80004ad4	03f53f33	mulhu	x30,x10,x31	 x10:0x00000000 x31:0x00000000 x30=0x00000000
     216905.000 ns	     21689	80004ad8	010ac9b3	xor	x19,x21,x16	 x21:0x00000000 x16:0x00000000 x19=0x00000000
     216915.000 ns	     21690	80004adc	01b6e933	or	x18,x13,x27	 x13:0x00000000 x27:0x00000002 x18=0x00000002
     216925.000 ns	     21691	80004ae0	240eee93	ori	x29,x29,576	 x29:0x00000002 x29=0x00000242
     216945.000 ns	     21693	80004ae4	03908d33	mul	x26,x1,x25	  x1:0x80000000 x25:0x00000000 x26=0x00000000
     216975.000 ns	     21696	80004ae8	a09224d3	feq.s	x9,f4,f9	  f4:0x00000000  f9:0x80000000  x9=0x00000001
     216995.000 ns	     21698	80004aec	001eebb3	or	x23,x29,x1	 x29:0x00000242  x1:0x80000000 x23=0x80000242
     217005.000 ns	     21699	80004af0	005e9733	sll	x14,x29,x5	 x29:0x00000242  x5:0x00000000 x14=0x00000242
     217025.000 ns	     21701	80004af4	02323f33	mulhu	x30,x4,x3	  x4:0xfffffc50  x3:0x80000000 x30=0x7ffffe28
     217075.000 ns	     21706	80004af8	08667cd3	fsub.s	f25,f12,f6	 f12:0x80000000  f6:0x3f800000 f25=0xbf800000
     217105.000 ns	     21709	80004afc	f0010a53	fmv.w.x	f20,x2	  x2:0x00000000 f20=0x00000000
     217475.000 ns	     21746	80004b00	0247ff33	remu	x30,x15,x4	 x15:0x00000001  x4:0xfffffc50 x30=0x00000001
     217505.000 ns	     21749	80004b04	f00304d3	fmv.w.x	f9,x6	  x6:0x00000010  f9=0x00000010
     217525.000 ns	     21751	80004b08	40f40933	sub	x18,x8,x15	  x8:0x80040fe4 x15:0x00000001 x18=0x80040fe3
     217535.000 ns	     21752	80004b0c	16328737	lui	x14,0x16328	 x14=0x16328000
     217555.000 ns	     21754	80004b10	a13b1c53	flt.s	x24,f22,f19	 f22:0x7fc00000 f19:0x4981fc80 x24=0x00000000
     217605.000 ns	     21759	80004b14	0897f953	fsub.s	f18,f15,f9	 f15:0x407ffee6  f9:0x00000010 f18=0x407ffee6
     217625.000 ns	     21761	80004b18	00000013	addi	x0,x0,0	  x0:0x00000000
     217635.000 ns	     21762	80004b1c	00767c33	and	x24,x12,x7	 x12:0x00000001  x7:0x00000000 x24=0x00000000
     217645.000 ns	     21763	80004b20	01b41033	sll	x0,x8,x27	  x8:0x80040fe4 x27:0x00000002
     217655.000 ns	     21764	80004b24	01df2133	slt	x2,x30,x29	 x30:0x00000001 x29:0x00000242  x2=0x00000001
     217665.000 ns	     21765	80004b28	000ef4b3	and	x9,x29,x0	 x29:0x00000242  x0:0x00000000  x9=0x00000000
     217685.000 ns	     21767	80004b2c	20519c53	fsgnjn.s	f24,f3,f5	  f3:0x4981fc80  f5:0x7fc00000 f24=0xc981fc80
     217715.000 ns	     21770	80004b30	0366b2b3	mulhu	x5,x13,x22	 x13:0x00000000 x22:0x00000000  x5=0x00000000
     217735.000 ns	     21772	80004b34	6e298493	addi	x9,x19,1762	 x19:0x00000000  x9=0x000006e2
     217775.000 ns	     21776	80004b38	01a3f853	fadd.s	f16,f7,f26	  f7:0x00000000 f26:0x00000000 f16=0x00000000
     217805.000 ns	     21779	80004b3c	a03d91d3	flt.s	x3,f27,f3	 f27:0xc07ffee6  f3:0x4981fc80  x3=0x00000001
     217835.000 ns	     21782	80004b40	027f39b3	mulhu	x19,x30,x7	 x30:0x00000001  x7:0x00000000 x19=0x00000000
     217855.000 ns	     21784	80004b44	1cd28f93	addi	x31,x5,461	  x5:0x00000000 x31=0x000001cd
     217865.000 ns	     21785	80004b48	40148633	sub	x12,x9,x1	  x9:0x000006e2  x1:0x80000000 x12=0x800006e2
     218225.000 ns	     21821	80004b4c	02384933	div	x18,x16,x3	 x16:0x00000000  x3:0x00000001 x18=0x00000000
     218245.000 ns	     21823	80004b50	01dc8d33	add	x26,x25,x29	 x25:0x00000000 x29:0x00000242 x26=0x00000242
     218255.000 ns	     21824	80004b54	017e5f93	srli	x31,x28,0x17	 x28:0x00000000 x31=0x00000000
     218275.000 ns	     21826	80004b58	0355fe33	remu	x28,x11,x21	 x11:0x80000416 x21:0x00000000 x28=0x80000416
     218295.000 ns	     21828	80004b5c	4495cf13	xori	x30,x11,1097	 x11:0x80000416 x30=0x8000005f
     218315.000 ns	     21830	80004b60	286c9bd3	fmax.s	f23,f25,f6	 f25:0xbf800000  f6:0x3f800000 f23=0x3f800000
     218335.000 ns	     21832	80004b64	8a77b593	sltiu	x11,x15,-1881	 x15:0x00000001 x11=0x00000001
     218345.000 ns	     21833	80004b68	019805b3	add	x11,x16,x25	 x16:0x00000000 x25:0x00000000 x11=0x00000000
     218355.000 ns	     21834	80004b6c	00000013	addi	x0,x0,0	  x0:0x00000000
     218375.000 ns	     21836	80004b70	c0107353	fcvt.wu.s	x6,f0	  f0:0x307fffae  x6=0x00000000
     218395.000 ns	     21838	80004b74	4030dd13	srai	x26,x1,0x3	  x1:0x80000000 x26=0xf0000000
     218405.000 ns	     21839	80004b78	00391893	slli	x17,x18,0x3	 x18:0x00000000 x17=0x00000000
     218765.000 ns	     21875	80004b7c	03b3c233	div	x4,x7,x27	  x7:0x00000000 x27:0x00000002  x4=0x00000000
     218795.000 ns	     21878	80004b80	02dfaeb3	mulhsu	x29,x31,x13	 x31:0x00000000 x13:0x00000000 x29=0x00000000
     218825.000 ns	     21881	80004b84	e0028153	fmv.x.w	x2,f5	  f5:0x7fc00000  x2=0x7fc00000
     218855.000 ns	     21884	80004b88	a17e01d3	fle.s	x3,f28,f23	 f28:0xffffff9d f23:0x3f800000  x3=0x00000000
     219225.000 ns	     21921	80004b8c	0299ffb3	remu	x31,x19,x9	 x19:0x00000000  x9:0x000006e2 x31=0x00000000
     219255.000 ns	     21924	80004b90	216a26d3	fsgnjx.s	f13,f20,f22	 f20:0x00000000 f22:0x7fc00000 f13=0x00000000
     219285.000 ns	     21927	80004b94	21aa20d3	fsgnjx.s	f1,f20,f26	 f20:0x00000000 f26:0x00000000  f1=0x00000000
     219305.000 ns	     21929	80004b98	418852b3	sra	x5,x16,x24	 x16:0x00000000 x24:0x00000000  x5=0x00000000
     219315.000 ns	     21930	80004b9c	4098d593	srai	x11,x17,0x9	 x17:0x00000000 x11=0x00000000
     219335.000 ns	     21932	80004ba0	d00c0853	fcvt.s.w	f16,x24	 x24:0x00000000 f16=0x00000000
     219705.000 ns	     21969	80004ba4	029bdcb3	divu	x25,x23,x9	 x23:0x80000242  x9:0x000006e2 x25=0x001298d8
     219735.000 ns	     21972	80004ba8	20e28d53	fsgnj.s	f26,f5,f14	  f5:0x7fc00000 f14:0x00000000 f26=0x7fc00000
     219755.000 ns	     21974	80004bac	01dad393	srli	x7,x21,0x1d	 x21:0x00000000  x7=0x00000000
     219775.000 ns	     21976	80004bb0	d00c7953	fcvt.s.w	f18,x24	 x24:0x00000000 f18=0x00000000
     219805.000 ns	     21979	80004bb4	032e61b3	rem	x3,x28,x18	 x28:0x80000416 x18:0x00000000  x3=0x80000416
     219825.000 ns	     21981	80004bb8	412c5113	srai	x2,x24,0x12	 x24:0x00000000  x2=0x00000000
     219835.000 ns	     21982	80004bbc	01faa2b3	slt	x5,x21,x31	 x21:0x00000000 x31:0x00000000  x5=0x00000000
     219845.000 ns	     21983	80004bc0	ab07ee93	ori	x29,x15,-1360	 x15:0x00000001 x29=0xfffffab1
     219865.000 ns	     21985	80004bc4	d015fed3	fcvt.s.wu	f29,x11	 x11:0x00000000 f29=0x00000000
     219895.000 ns	     21988	80004bc8	2077a8d3	fsgnjx.s	f17,f15,f7	 f15:0x407ffee6  f7:0x00000000 f17=0x407ffee6
     219925.000 ns	     21991	80004bcc	0334d8b3	divu	x17,x9,x19	  x9:0x000006e2 x19:0x00000000 x17=0xffffffff
     219955.000 ns	     21994	80004bd0	a11d91d3	flt.s	x3,f27,f17	 f27:0xc07ffee6 f17:0x407ffee6  x3=0x00000001
     219975.000 ns	     21996	80004bd4	40f7db93	srai	x23,x15,0xf	 x15:0x00000001 x23=0x00000000
     219995.000 ns	     21998	80004bd8	e00891d3	fclass.s	x3,f17	 f17:0x407ffee6  x3=0x00000040
     220365.000 ns	     22035	80004bdc	02fc7733	remu	x14,x24,x15	 x24:0x00000000 x15:0x00000001 x14=0x00000000
     220395.000 ns	     22038	80004be0	20bda7d3	fsgnjx.s	f15,f27,f11	 f27:0xc07ffee6 f11:0xbf800000 f15=0x407ffee6
     220425.000 ns	     22041	80004be4	a098a353	feq.s	x6,f17,f9	 f17:0x407ffee6  f9:0x00000010  x6=0x00000000
     220455.000 ns	     22044	80004be8	02796633	rem	x12,x18,x7	 x18:0x00000000  x7:0x00000000 x12=0x00000000
     221635.000 ns	     22162	80004bec	580070d3	fsqrt.s	f1,f0	  f0:0x307fffae  f1=0x37b5042a
     221655.000 ns	     22164	80004bf0	68c42913	slti	x18,x8,1676	  x8:0x80040fe4 x18=0x00000001
     221665.000 ns	     22165	80004bf4	407adb13	srai	x22,x21,0x7	 x21:0x00000000 x22=0x00000000
     221675.000 ns	     22166	80004bf8	ea373893	sltiu	x17,x14,-349	 x14:0x00000000 x17=0x00000001
     221685.000 ns	     22167	80004bfc	a9801597	auipc	x11,0xa9801	 x11=0x29805bfc
     222045.000 ns	     22203	80004c00	0281c1b3	div	x3,x3,x8	  x3:0x00000040  x8:0x80040fe4  x3=0x00000000
     222075.000 ns	     22206	80004c04	03be8b33	mul	x22,x29,x27	 x29:0xfffffab1 x27:0x00000002 x22=0xfffff562
     222105.000 ns	     22209	80004c08	02d268b3	rem	x17,x4,x13	  x4:0x00000000 x13:0x00000000 x17=0x00000000
     222145.000 ns	     22213	80004c0c	184c7253	fdiv.s	f4,f24,f4	 f24:0xc981fc80  f4:0x00000000  f4=0xff800000
     222165.000 ns	     22215	80004c10	a0646f97	auipc	x31,0xa0646	 x31=0x2064ac10
     222205.000 ns	     22219	80004c14	01cc7353	fadd.s	f6,f24,f28	 f24:0xc981fc80 f28:0xffffff9d  f6=0x7fc00000
     222235.000 ns	     22222	80004c18	c0027153	fcvt.w.s	x2,f4	  f4:0xff800000  x2=0x80000000
     222265.000 ns	     22225	80004c1c	03011ab3	mulh	x21,x2,x16	  x2:0x00000000 x16:0x00000000 x21=0x00000000
     222285.000 ns	     22227	80004c20	014995b3	sll	x11,x19,x20	 x19:0x00000000 x20:0x80041024 x11=0x00000000
     222305.000 ns	     22229	80004c24	030c5b33	divu	x22,x24,x16	 x24:0x00000000 x16:0x00000000 x22=0xffffffff
     222325.000 ns	     22231	80004c28	00d10bb3	add	x23,x2,x13	  x2:0x80000000 x13:0x00000000 x23=0x80000000
     222335.000 ns	     22232	80004c2c	415b5b93	srai	x23,x22,0x15	 x22:0xffffffff x23=0xffffffff
     222355.000 ns	     22234	80004c30	e00197d3	fclass.s	x15,f3	  f3:0x4981fc80 x15=0x00000040
     222725.000 ns	     22271	80004c34	037d75b3	remu	x11,x26,x23	 x26:0xf0000000 x23:0x80000000 x11=0xf0000000
     222755.000 ns	     22274	80004c38	21758253	fsgnj.s	f4,f11,f23	 f11:0xbf800000 f23:0x3f800000  f4=0x3f800000
     222775.000 ns	     22276	80004c3c	00ae34b3	sltu	x9,x28,x10	 x28:0x80000416 x10:0x00000000  x9=0x00000000
     222785.000 ns	     22277	80004c40	0019ffb3	and	x31,x19,x1	 x19:0x00000000  x1:0x80000000 x31=0x00000000
     222805.000 ns	     22279	80004c44	295e84d3	fmin.s	f9,f29,f21	 f29:0x00000000 f21:0x3f800000  f9=0x00000000
     222835.000 ns	     22282	80004c48	a1bf0353	fle.s	x6,f30,f27	 f30:0x7fc00000 f27:0xc07ffee6  x6=0x00000000
     222855.000 ns	     22284	80004c4c	2818c693	xori	x13,x17,641	 x17:0x00000000 x13=0x00000281
     222865.000 ns	     22285	80004c50	0176deb3	srl	x29,x13,x23	 x13:0x00000000 x23:0xffffffff x29=0x00000000
     222885.000 ns	     22287	80004c54	213e08d3	fsgnj.s	f17,f28,f19	 f28:0xffffff9d f19:0x4981fc80 f17=0x7fffff9d
     222915.000 ns	     22290	80004c58	026d6833	rem	x16,x26,x6	 x26:0xf0000000  x6:0x00000000 x16=0xf0000000
     222945.000 ns	     22293	80004c5c	207c18d3	fsgnjn.s	f17,f24,f7	 f24:0xc981fc80  f7:0x00000000 f17=0xc981fc80
     222975.000 ns	     22296	80004c60	a05224d3	feq.s	x9,f4,f5	  f4:0x3f800000  f5:0x7fc00000  x9=0x00000000
     223025.000 ns	     22301	80004c64	0070f8d3	fadd.s	f17,f1,f7	  f1:0x37b5042a  f7:0x00000000 f17=0x37b5042a
     223045.000 ns	     22303	80004c68	007abab3	sltu	x21,x21,x7	 x21:0x00000000  x7:0x00000000 x21=0x00000000
     223065.000 ns	     22305	80004c6c	e00d02d3	fmv.x.w	x5,f26	 f26:0x7fc00000  x5=0x7fc00000
     223085.000 ns	     22307	80004c70	49aaaf37	lui	x30,0x49aaa	 x30=0x49aaa000
     223095.000 ns	     22308	80004c74	4e94f993	andi	x19,x9,1257	  x9:0x00000000 x19=0x00000000
     223135.000 ns	     22312	80004c78	09cdf6d3	fsub.s	f13,f27,f28	 f27:0xc07ffee6 f28:0xffffff9d f13=0x7fc00000
     223165.000 ns	     22315	80004c7c	a1411553	flt.s	x10,f2,f20	  f2:0x7f800000 f20:0x00000000 x10=0x00000000
     223185.000 ns	     22317	80004c80	40ad5713	srai	x14,x26,0xa	 x26:0xf0000000 x14=0xfffc0000
     223195.000 ns	     22318	80004c84	4960fe17	auipc	x28,0x4960f	 x28=0xc9613c84
     223215.000 ns	     22320	80004c88	03938bb3	mul	x23,x7,x25	  x7:0x00000000 x25:0x001298d8 x23=0x00000000
     223245.000 ns	     22323	80004c8c	a1641353	flt.s	x6,f8,f22	  f8:0x00000000 f22:0x7fc00000  x6=0x00000000
     223275.000 ns	     22326	80004c90	21409cd3	fsgnjn.s	f25,f1,f20	  f1:0x37b5042a f20:0x00000000 f25=0xb7b5042a
     223305.000 ns	     22329	80004c94	a1c6a753	feq.s	x14,f13,f28	 f13:0x7fc00000 f28:0xffffff9d x14=0x00000000
     223325.000 ns	     22331	80004c98	01a3ceb3	xor	x29,x7,x26	  x7:0x00000000 x26:0xf0000000 x29=0xf0000000
     223335.000 ns	     22332	80004c9c	7762e493	ori	x9,x5,1910	  x5:0x7fc00000  x9=0x7fc00776
     223345.000 ns	     22333	80004ca0	00000013	addi	x0,x0,0	  x0:0x00000000
     223355.000 ns	     22334	80004ca4	00780fb3	add	x31,x16,x7	 x16:0xf0000000  x7:0x00000000 x31=0xf0000000
     223375.000 ns	     22336	80004ca8	a0ab29d3	feq.s	x19,f22,f10	 f22:0x7fc00000 f10:0x80000000 x19=0x00000000
     223745.000 ns	     22373	80004cac	0215feb3	remu	x29,x11,x1	 x11:0xf0000000  x1:0x80000000 x29=0x70000000
     223775.000 ns	     22376	80004cb0	02b1ac33	mulhsu	x24,x3,x11	  x3:0x00000000 x11:0xf0000000 x24=0x00000000
     223805.000 ns	     22379	80004cb4	281e13d3	fmax.s	f7,f28,f1	 f28:0xffffff9d  f1:0x37b5042a  f7=0x37b5042a
     223835.000 ns	     22382	80004cb8	e00106d3	fmv.x.w	x13,f2	  f2:0x7f800000 x13=0x7f800000
     223855.000 ns	     22384	80004cbc	003903b3	add	x7,x18,x3	 x18:0x00000001  x3:0x00000000  x7=0x00000001
     223875.000 ns	     22386	80004cc0	a06e16d3	flt.s	x13,f28,f6	 f28:0xffffff9d  f6:0x7fc00000 x13=0x00000000
     223895.000 ns	     22388	80004cc4	41dd5d13	srai	x26,x26,0x1d	 x26:0xf0000000 x26=0xffffffff
     223925.000 ns	     22391	80004cc8	11b17753	fmul.s	f14,f2,f27	  f2:0x7f800000 f27:0xc07ffee6 f14=0xff800000
     223955.000 ns	     22394	80004ccc	f0050d53	fmv.w.x	f26,x10	 x10:0x00000000 f26=0x00000000
     223985.000 ns	     22397	80004cd0	035d8033	mul	x0,x27,x21	 x27:0x00000002 x21:0x00000000
     224035.000 ns	     22402	80004cd4	0176f653	fadd.s	f12,f13,f23	 f13:0x7fc00000 f23:0x3f800000 f12=0x7fc00000
     224065.000 ns	     22405	80004cd8	20dd0b53	fsgnj.s	f22,f26,f13	 f26:0x00000000 f13:0x7fc00000 f22=0x00000000
     224085.000 ns	     22407	80004cdc	019443b3	xor	x7,x8,x25	  x8:0x80040fe4 x25:0x001298d8  x7=0x8016973c
     225255.000 ns	     22524	80004ce0	580238d3	fsqrt.s	f17,f4	  f4:0x3f800000 f17=0x3f7fffae
     225275.000 ns	     22526	80004ce4	019decb3	or	x25,x27,x25	 x27:0x00000002 x25:0x001298d8 x25=0x001298da
     225285.000 ns	     22527	80004ce8	006f0eb3	add	x29,x30,x6	 x30:0x49aaa000  x6:0x00000000 x29=0x49aaa000
     225315.000 ns	     22530	80004cec	11fdf453	fmul.s	f8,f27,f31	 f27:0xc07ffee6 f31:0x00000000  f8=0x80000000
     225345.000 ns	     22533	80004cf0	d01e74d3	fcvt.s.wu	f9,x28	 x28:0xc9613c84  f9=0x4f49613c
     225375.000 ns	     22536	80004cf4	d01ef8d3	fcvt.s.wu	f17,x29	 x29:0x49aaa000 f17=0x4e935540
     225415.000 ns	     22540	80004cf8	580ef2d3	fsqrt.s	f5,f29	 f29:0x00000000  f5=0x00000000
     225465.000 ns	     22545	80004cfc	012171d3	fadd.s	f3,f2,f18	  f2:0x7f800000 f18:0x00000000  f3=0x7f800000
     225495.000 ns	     22548	80004d00	e00017d3	fclass.s	x15,f0	  f0:0x307fffae x15=0x00000040
     225525.000 ns	     22551	80004d04	a1b28dd3	fle.s	x27,f5,f27	  f5:0x00000000 f27:0xc07ffee6 x27=0x00000000
     225545.000 ns	     22553	80004d08	00d51913	slli	x18,x10,0xd	 x10:0x00000000 x18=0x00000000
     225555.000 ns	     22554	80004d0c	014803b3	add	x7,x16,x20	 x16:0xf0000000 x20:0x80041024  x7=0x70041024
     225565.000 ns	     22555	80004d10	00bacbb3	xor	x23,x21,x11	 x21:0x00000000 x11:0xf0000000 x23=0xf0000000
     225585.000 ns	     22557	80004d14	031d5e33	divu	x28,x26,x17	 x26:0xffffffff x17:0x00000000 x28=0xffffffff
     225605.000 ns	     22559	80004d18	00df1cb3	sll	x25,x30,x13	 x30:0x49aaa000 x13:0x00000000 x25=0x49aaa000
     225625.000 ns	     22561	80004d1c	28d28fd3	fmin.s	f31,f5,f13	  f5:0x00000000 f13:0x7fc00000 f31=0x00000000
     225655.000 ns	     22564	80004d20	d0107953	fcvt.s.wu	f18,x0	  x0:0x00000000 f18=0x00000000
     225685.000 ns	     22567	80004d24	0207bcb3	mulhu	x25,x15,x0	 x15:0x00000040  x0:0x00000000 x25=0x00000000
     225715.000 ns	     22570	80004d28	0388fdb3	remu	x27,x17,x24	 x17:0x00000000 x24:0x00000000 x27=0x00000000
     225735.000 ns	     22572	80004d2c	00018fb3	add	x31,x3,x0	  x3:0x00000000  x0:0x00000000 x31=0x00000000
     225745.000 ns	     22573	80004d30	e893e893	ori	x17,x7,-375	  x7:0x70041024 x17=0xfffffead
     226915.000 ns	     22690	80004d34	580afed3	fsqrt.s	f29,f21	 f21:0x3f800000 f29=0x3f7fffae
     226935.000 ns	     22692	80004d38	ac868213	addi	x4,x13,-1336	 x13:0x00000000  x4=0xfffffac8
     226955.000 ns	     22694	80004d3c	a162a653	feq.s	x12,f5,f22	  f5:0x00000000 f22:0x00000000 x12=0x00000001
     226975.000 ns	     22696	80004d40	21790237	lui	x4,0x21790	  x4=0x21790000
     226995.000 ns	     22698	80004d44	f00f8dd3	fmv.w.x	f27,x31	 x31:0x00000000 f27=0x00000000
     227025.000 ns	     22701	80004d48	0399dfb3	divu	x31,x19,x25	 x19:0x00000000 x25:0x00000000 x31=0xffffffff
     227045.000 ns	     22703	80004d4c	01e84c33	xor	x24,x16,x30	 x16:0xf0000000 x30:0x49aaa000 x24=0xb9aaa000
     227055.000 ns	     22704	80004d50	6cf90013	addi	x0,x18,1743	 x18:0x00000000
     227065.000 ns	     22705	80004d54	00a2ebb3	or	x23,x5,x10	  x5:0x7fc00000 x10:0x00000000 x23=0x7fc00000
     227085.000 ns	     22707	80004d58	20482bd3	fsgnjx.s	f23,f16,f4	 f16:0x00000000  f4:0x3f800000 f23=0x00000000
     227115.000 ns	     22710	80004d5c	21141bd3	fsgnjn.s	f23,f8,f17	  f8:0x80000000 f17:0x4e935540 f23=0x80000000
     227145.000 ns	     22713	80004d60	d0153e53	fcvt.s.wu	f28,x10	 x10:0x00000000 f28=0x00000000
     227185.000 ns	     22717	80004d64	1928f1d3	fdiv.s	f3,f17,f18	 f17:0x4e935540 f18:0x00000000  f3=0x7f800000
     227215.000 ns	     22720	80004d68	03f1b033	mulhu	x0,x3,x31	  x3:0x00000000 x31:0xffffffff
     227235.000 ns	     22722	80004d6c	415d0333	sub	x6,x26,x21	 x26:0xffffffff x21:0x00000000  x6=0xffffffff
     227245.000 ns	     22723	80004d70	64a4fd13	andi	x26,x9,1610	  x9:0x7fc00776 x26=0x00000642
     227265.000 ns	     22725	80004d74	03bb7833	remu	x16,x22,x27	 x22:0xffffffff x27:0x00000000 x16=0xffffffff
     227295.000 ns	     22728	80004d78	a182a3d3	feq.s	x7,f5,f24	  f5:0x00000000 f24:0xc981fc80  x7=0x00000000
     227315.000 ns	     22730	80004d7c	00cf7c33	and	x24,x30,x12	 x30:0x49aaa000 x12:0x00000001 x24=0x00000000
     227325.000 ns	     22731	80004d80	00e3bc33	sltu	x24,x7,x14	  x7:0x00000000 x14:0x00000000 x24=0x00000000
     227335.000 ns	     22732	80004d84	82842d13	slti	x26,x8,-2008	  x8:0x80040fe4 x26=0x00000001
     227345.000 ns	     22733	80004d88	01ac4fb3	xor	x31,x24,x26	 x24:0x00000000 x26:0x00000642 x31=0x00000001
     227375.000 ns	     22736	80004d8c	58087353	fsqrt.s	f6,f16	 f16:0x00000000  f6=0x00000000
     227395.000 ns	     22738	80004d90	36e1c493	xori	x9,x3,878	  x3:0x00000000  x9=0x0000036e
     227405.000 ns	     22739	80004d94	caa6f3b7	lui	x7,0xcaa6f	  x7=0xcaa6f000
     227415.000 ns	     22740	80004d98	018d5d93	srli	x27,x26,0x18	 x26:0x00000001 x27=0x00000000
     227425.000 ns	     22741	80004d9c	014e5333	srl	x6,x28,x20	 x28:0xffffffff x20:0x80041024  x6=0x0fffffff
     227445.000 ns	     22743	80004da0	a0738153	fle.s	x2,f7,f7	  f7:0x37b5042a  f7:0x37b5042a  x2=0x00000001
     227465.000 ns	     22745	80004da4	6c61f393	andi	x7,x3,1734	  x3:0x00000000  x7=0x00000000
     227485.000 ns	     22747	80004da8	20fb1e53	fsgnjn.s	f28,f22,f15	 f22:0x00000000 f15:0x407ffee6 f28=0x80000000
     227515.000 ns	     22750	80004dac	202e8a53	fsgnj.s	f20,f29,f2	 f29:0x3f7fffae  f2:0x7f800000 f20=0x3f7fffae
     227535.000 ns	     22752	80004db0	0123a833	slt	x16,x7,x18	  x7:0x00000000 x18:0x00000000 x16=0x00000000
     227555.000 ns	     22754	80004db4	214a00d3	fsgnj.s	f1,f20,f20	 f20:0x3f7fffae f20:0x3f7fffae  f1=0x3f7fffae
     227575.000 ns	     22756	80004db8	88147193	andi	x3,x8,-1919	  x8:0x80040fe4  x3=0x80040880
     228515.000 ns	     22850	80004dbc	5809fdd3	fsqrt.s	f27,f19	 f19:0x4981fc80 f27=0x4480fd1b
     228535.000 ns	     22852	80004dc0	b4d84213	xori	x4,x16,-1203	 x16:0x00000000  x4=0xfffffb4d
     228895.000 ns	     22888	80004dc4	024671b3	remu	x3,x12,x4	 x12:0x00000001  x4:0x21790000  x3=0x00000001
     228925.000 ns	     22891	80004dc8	a1a62f53	feq.s	x30,f12,f26	 f12:0x7fc00000 f26:0x00000000 x30=0x00000000
     228955.000 ns	     22894	80004dcc	e00716d3	fclass.s	x13,f14	 f14:0xff800000 x13=0x00000001
     228985.000 ns	     22897	80004dd0	d01d3dd3	fcvt.s.wu	f27,x26	 x26:0x00000001 f27=0x3f800000
     229015.000 ns	     22900	80004dd4	281f0e53	fmin.s	f28,f30,f1	 f30:0x7fc00000  f1:0x3f7fffae f28=0x3f7fffae
     229045.000 ns	     22903	80004dd8	03f83233	mulhu	x4,x16,x31	 x16:0x00000000 x31:0x00000001  x4=0x00000000
     229075.000 ns	     22906	80004ddc	e00885d3	fmv.x.w	x11,f17	 f17:0x4e935540 x11=0x4e935540
     229105.000 ns	     22909	80004de0	a10a9e53	flt.s	x28,f21,f16	 f21:0x3f800000 f16:0x00000000 x28=0x00000000
     229125.000 ns	     22911	80004de4	010e7233	and	x4,x28,x16	 x28:0xffffffff x16:0x00000000  x4=0x00000000
     229485.000 ns	     22947	80004de8	023e4133	div	x2,x28,x3	 x28:0x00000000  x3:0x00000001  x2=0x00000000
     229525.000 ns	     22951	80004dec	10eaa953	fmul.s	f18,f21,f14	 f21:0x3f800000 f14:0xff800000 f18=0xff800000
     229555.000 ns	     22954	80004df0	02170ab3	mul	x21,x14,x1	 x14:0x00000000  x1:0x80000000 x21=0x00000000
     229575.000 ns	     22956	80004df4	03853593	sltiu	x11,x10,56	 x10:0x00000000 x11=0x00000001
     229595.000 ns	     22958	80004df8	02662d33	mulhsu	x26,x12,x6	 x12:0x00000001  x6:0x0fffffff x26=0x00000000
     229625.000 ns	     22961	80004dfc	02ececb3	rem	x25,x25,x14	 x25:0x00000000 x14:0x00000000 x25=0x00000000
     229655.000 ns	     22964	80004e00	02e91f33	mulh	x30,x18,x14	 x18:0x00000000 x14:0x00000000 x30=0x00000000
     229685.000 ns	     22967	80004e04	03063f33	mulhu	x30,x12,x16	 x12:0x00000001 x16:0x00000000 x30=0x00000000
     229715.000 ns	     22970	80004e08	298b9453	fmax.s	f8,f23,f24	 f23:0x80000000 f24:0xc981fc80  f8=0x80000000
     229735.000 ns	     22972	80004e0c	189d5d37	lui	x26,0x189d5	 x26=0x189d5000
     229755.000 ns	     22974	80004e10	03c477b3	remu	x15,x8,x28	  x8:0x80040fe4 x28:0x00000000 x15=0x80040fe4
     229775.000 ns	     22976	80004e14	000aeab3	or	x21,x21,x0	 x21:0x00000000  x0:0x00000000 x21=0x00000000
     229795.000 ns	     22978	80004e18	28401e53	fmax.s	f28,f0,f4	  f0:0x307fffae  f4:0x3f800000 f28=0x3f800000
     229825.000 ns	     22981	80004e1c	a0010253	fle.s	x4,f2,f0	  f2:0x7f800000  f0:0x307fffae  x4=0x00000000
     229845.000 ns	     22983	80004e20	50b7ca93	xori	x21,x15,1291	 x15:0x80040fe4 x21=0x80040aef
     229865.000 ns	     22985	80004e24	d011a7d3	fcvt.s.wu	f15,x3	  x3:0x00000001 f15=0x3f800000
     229895.000 ns	     22988	80004e28	29b305d3	fmin.s	f11,f6,f27	  f6:0x00000000 f27:0x3f800000 f11=0x00000000
     229915.000 ns	     22990	80004e2c	00583733	sltu	x14,x16,x5	 x16:0x00000000  x5:0x7fc00000 x14=0x00000001
     229935.000 ns	     22992	80004e30	29538cd3	fmin.s	f25,f7,f21	  f7:0x37b5042a f21:0x3f800000 f25=0x37b5042a
     229955.000 ns	     22994	80004e34	7cf72e93	slti	x29,x14,1999	 x14:0x00000000 x29=0x00000001
     229975.000 ns	     22996	80004e38	022016b3	mulh	x13,x0,x2	  x0:0x00000000  x2:0x00000000 x13=0x00000000
     229995.000 ns	     22998	80004e3c	417156b3	sra	x13,x2,x23	  x2:0x00000000 x23:0x7fc00000 x13=0x00000000
     230005.000 ns	     22999	80004e40	01465c13	srli	x24,x12,0x14	 x12:0x00000001 x24=0x00000000
     230045.000 ns	     23003	80004e44	09b806d3	fsub.s	f13,f16,f27	 f16:0x00000000 f27:0x3f800000 f13=0xbf800000
     230065.000 ns	     23005	80004e48	00e70c33	add	x24,x14,x14	 x14:0x00000001 x14:0x00000001 x24=0x00000002
     230075.000 ns	     23006	80004e4c	01c7a233	slt	x4,x15,x28	 x15:0x80040fe4 x28:0x00000000  x4=0x00000001
     230095.000 ns	     23008	80004e50	f00b85d3	fmv.w.x	f11,x23	 x23:0x7fc00000 f11=0x7fc00000
     230115.000 ns	     23010	80004e54	30b3f713	andi	x14,x7,779	  x7:0x00000000 x14=0x00000000
     230125.000 ns	     23011	80004e58	01641813	slli	x16,x8,0x16	  x8:0x80040fe4 x16=0xf9000000
     230165.000 ns	     23015	80004e5c	09ddf353	fsub.s	f6,f27,f29	 f27:0x3f800000 f29:0x3f7fffae  f6=0x36a40000
     230185.000 ns	     23017	80004e60	0058df33	srl	x30,x17,x5	 x17:0xfffffead  x5:0x7fc00000 x30=0xfffffead
     230195.000 ns	     23018	80004e64	33d2e493	ori	x9,x5,829	  x5:0x7fc00000  x9=0x7fc0033d
     230555.000 ns	     23054	80004e68	03a4c6b3	div	x13,x9,x26	  x9:0x0000036e x26:0x189d5000 x13=0x00000005
     230575.000 ns	     23056	80004e6c	fdad6e13	ori	x28,x26,-38	 x26:0x189d5000 x28=0xffffffda
     230595.000 ns	     23058	80004e70	28c49a53	fmax.s	f20,f9,f12	  f9:0x4f49613c f12:0x7fc00000 f20=0x4f49613c
     230615.000 ns	     23060	80004e74	009948b3	xor	x17,x18,x9	 x18:0x00000000  x9:0x7fc0033d x17=0x7fc0033d
     230625.000 ns	     23061	80004e78	00f17f33	and	x30,x2,x15	  x2:0x00000000 x15:0x80040fe4 x30=0x00000000
     230645.000 ns	     23063	80004e7c	c00533d3	fcvt.w.s	x7,f10	 f10:0x80000000  x7=0x00000000
     230665.000 ns	     23065	80004e80	407e07b3	sub	x15,x28,x7	 x28:0xffffffda  x7:0x00000000 x15=0xffffffda
     230685.000 ns	     23067	80004e84	285619d3	fmax.s	f19,f12,f5	 f12:0x7fc00000  f5:0x00000000 f19=0x00000000
     231055.000 ns	     23104	80004e88	02fae933	rem	x18,x21,x15	 x21:0x80040aef x15:0x80040fe4 x18=0xfffffff1
     231085.000 ns	     23107	80004e8c	a1ef8f53	fle.s	x30,f31,f30	 f31:0x00000000 f30:0x7fc00000 x30=0x00000000
     231105.000 ns	     23109	80004e90	00000013	addi	x0,x0,0	  x0:0x00000000
     231125.000 ns	     23111	80004e94	02100cb3	mul	x25,x0,x1	  x0:0x00000000  x1:0x80000000 x25=0x00000000
     231155.000 ns	     23114	80004e98	a1f30753	fle.s	x14,f6,f31	  f6:0x36a40000 f31:0x00000000 x14=0x00000000
     231175.000 ns	     23116	80004e9c	411bd033	sra	x0,x23,x17	 x23:0x7fc00000 x17:0x7fc0033d
     231185.000 ns	     23117	80004ea0	01b15113	srli	x2,x2,0x1b	  x2:0x00000000  x2=0x00000000
     231195.000 ns	     23118	80004ea4	00a5ae33	slt	x28,x11,x10	 x11:0x00000001 x10:0x00000000 x28=0x00000000
     231205.000 ns	     23119	80004ea8	0081db93	srli	x23,x3,0x8	  x3:0x00000001 x23=0x00000000
     231225.000 ns	     23121	80004eac	c0147253	fcvt.wu.s	x4,f8	  f8:0x80000000  x4=0x00000000
     231255.000 ns	     23124	80004eb0	c01c32d3	fcvt.wu.s	x5,f24	 f24:0xc981fc80  x5=0x00103f90
     231275.000 ns	     23126	80004eb4	013be4b3	or	x9,x23,x19	 x23:0x00000000 x19:0x00000000  x9=0x00000000
     231285.000 ns	     23127	80004eb8	c02b0f37	lui	x30,0xc02b0	 x30=0xc02b0000
     231295.000 ns	     23128	80004ebc	d1644613	xori	x12,x8,-746	  x8:0x80040fe4 x12=0x7ffbf2f2
     231305.000 ns	     23129	80004ec0	9f15e993	ori	x19,x11,-1551	 x11:0x00000001 x19=0xfffff9f1
     231325.000 ns	     23131	80004ec4	d00df6d3	fcvt.s.w	f13,x27	 x27:0x00000000 f13=0x00000000
     231355.000 ns	     23134	80004ec8	c00573d3	fcvt.w.s	x7,f10	 f10:0x80000000  x7=0x00000000
     231405.000 ns	     23139	80004ecc	019ec853	fadd.s	f16,f29,f25	 f29:0x3f7fffae f25:0x37b5042a f16=0x3f80008c
     231425.000 ns	     23141	80004ed0	f8592837	lui	x16,0xf8592	 x16=0xf8592000
     231445.000 ns	     23143	80004ed4	a09c85d3	fle.s	x11,f25,f9	 f25:0x37b5042a  f9:0x4f49613c x11=0x00000001
     231475.000 ns	     23146	80004ed8	c01e7dd3	fcvt.wu.s	x27,f28	 f28:0x3f800000 x27=0x00000001
     231495.000 ns	     23148	80004edc	017105b3	add	x11,x2,x23	  x2:0x00000000 x23:0x00000000 x11=0x00000000
     231515.000 ns	     23150	80004ee0	c0087753	fcvt.w.s	x14,f16	 f16:0x3f80008c x14=0x00000001
     231885.000 ns	     23187	80004ee4	034fddb3	divu	x27,x31,x20	 x31:0x00000001 x20:0x80041024 x27=0x00000000
     231905.000 ns	     23189	80004ee8	0102abb3	slt	x23,x5,x16	  x5:0x00103f90 x16:0xf8592000 x23=0x00000000
     232265.000 ns	     23225	80004eec	03446f33	rem	x30,x8,x20	  x8:0x80040fe4 x20:0x80041024 x30=0xffffffc0
     232295.000 ns	     23228	80004ef0	e0080953	fmv.x.w	x18,f16	 f16:0x3f80008c x18=0x3f80008c
     232335.000 ns	     23232	80004ef4	18b9fe53	fdiv.s	f28,f19,f11	 f19:0x00000000 f11:0x7fc00000 f28=0x7fc00000
     232355.000 ns	     23234	80004ef8	23952937	lui	x18,0x23952	 x18=0x23952000
     232375.000 ns	     23236	80004efc	02bad533	divu	x10,x21,x11	 x21:0x80040aef x11:0x00000000 x10=0xffffffff
     232405.000 ns	     23239	80004f00	d00db9d3	fcvt.s.w	f19,x27	 x27:0x00000000 f19=0x00000000
     232435.000 ns	     23242	80004f04	c000fdd3	fcvt.w.s	x27,f1	  f1:0x3f7fffae x27=0x00000000
     232455.000 ns	     23244	80004f08	384a0713	addi	x14,x20,900	 x20:0x80041024 x14=0x800413a8
     232475.000 ns	     23246	80004f0c	29b39053	fmax.s	f0,f7,f27	  f7:0x37b5042a f27:0x3f800000  f0=0x3f800000
     232505.000 ns	     23249	80004f10	02e62133	mulhsu	x2,x12,x14	 x12:0x7ffbf2f2 x14:0x00000001  x2=0x4000033c
     232875.000 ns	     23286	80004f14	02dc6eb3	rem	x29,x24,x13	 x24:0x00000002 x13:0x00000005 x29=0x00000002
     232905.000 ns	     23289	80004f18	212f0453	fsgnj.s	f8,f30,f18	 f30:0x7fc00000 f18:0xff800000  f8=0xffc00000
     232955.000 ns	     23294	80004f1c	019742d3	fadd.s	f5,f14,f25	 f14:0xff800000 f25:0x37b5042a  f5=0xff800000
     232985.000 ns	     23297	80004f20	03222c33	mulhsu	x24,x4,x18	  x4:0x00000000 x18:0x23952000 x24=0x00000000
     233015.000 ns	     23300	80004f24	03b0bf33	mulhu	x30,x1,x27	  x1:0x80000000 x27:0x00000000 x30=0x00000000
     233035.000 ns	     23302	80004f28	50ec0313	addi	x6,x24,1294	 x24:0x00000000  x6=0x0000050e
     233395.000 ns	     23338	80004f2c	03284b33	div	x22,x16,x18	 x16:0xf8592000 x18:0x23952000 x22=0x00000000
     233425.000 ns	     23341	80004f30	03831ab3	mulh	x21,x6,x24	  x6:0x0fffffff x24:0x00000000 x21=0x00000000
     233455.000 ns	     23344	80004f34	21379f53	fsgnjn.s	f30,f15,f19	 f15:0x3f800000 f19:0x00000000 f30=0xbf800000
     233475.000 ns	     23346	80004f38	01aa7d33	and	x26,x20,x26	 x20:0x80041024 x26:0x189d5000 x26=0x00041000
     233495.000 ns	     23348	80004f3c	f0070fd3	fmv.w.x	f31,x14	 x14:0x800413a8 f31=0x800413a8
     233545.000 ns	     23353	80004f40	091677d3	fsub.s	f15,f12,f17	 f12:0x7fc00000 f17:0x4e935540 f15=0x7fc00000
     233565.000 ns	     23355	80004f44	0150bb33	sltu	x22,x1,x21	  x1:0x80000000 x21:0x00000000 x22=0x00000000
     233575.000 ns	     23356	80004f48	00e5c233	xor	x4,x11,x14	 x11:0x00000000 x14:0x800413a8  x4=0x800413a8
     233595.000 ns	     23358	80004f4c	e0088353	fmv.x.w	x6,f17	 f17:0x4e935540  x6=0x4e935540
     233615.000 ns	     23360	80004f50	00c12fb3	slt	x31,x2,x12	  x2:0x4000033c x12:0x7ffbf2f2 x31=0x00000001
     233625.000 ns	     23361	80004f54	8e16e993	ori	x19,x13,-1823	 x13:0x00000005 x19=0xfffff8e5
     233645.000 ns	     23363	80004f58	c01cbed3	fcvt.wu.s	x29,f25	 f25:0x37b5042a x29=0x00000001
     233695.000 ns	     23368	80004f5c	0974f653	fsub.s	f12,f9,f23	  f9:0x4f49613c f23:0x80000000 f12=0x4f49613c
     233715.000 ns	     23370	80004f60	00c3ffb3	and	x31,x7,x12	  x7:0x00000000 x12:0x7ffbf2f2 x31=0x00000000
     233735.000 ns	     23372	80004f64	a1418c53	fle.s	x24,f3,f20	  f3:0x7f800000 f20:0x4f49613c x24=0x00000000
     233755.000 ns	     23374	80004f68	1ce0ef93	ori	x31,x1,462	  x1:0x80000000 x31=0x800001ce
     233775.000 ns	     23376	80004f6c	d006bb53	fcvt.s.w	f22,x13	 x13:0x00000005 f22=0x40a00000
     233795.000 ns	     23378	80004f70	0184bab3	sltu	x21,x9,x24	  x9:0x00000000 x24:0x00000000 x21=0x00000000
     233815.000 ns	     23380	80004f74	02f936b3	mulhu	x13,x18,x15	 x18:0x23952000 x15:0xffffffda x13=0x23951ffa
     234185.000 ns	     23417	80004f78	02e8c733	div	x14,x17,x14	 x17:0x7fc0033d x14:0x800413a8 x14=0x00000000
     234215.000 ns	     23420	80004f7c	c01e9ed3	fcvt.wu.s	x29,f29	 f29:0x3f7fffae x29=0x00000000
     234235.000 ns	     23422	80004f80	d2878693	addi	x13,x15,-728	 x15:0xffffffda x13=0xfffffd02
     234595.000 ns	     23458	80004f84	026c58b3	divu	x17,x24,x6	 x24:0x00000000  x6:0x4e935540 x17=0x00000000
     234615.000 ns	     23460	80004f88	f0e0be13	sltiu	x28,x1,-242	  x1:0x80000000 x28=0x00000001
     234625.000 ns	     23461	80004f8c	84ee3213	sltiu	x4,x28,-1970	 x28:0x00000000  x4=0x00000001
     234645.000 ns	     23463	80004f90	a1f91fd3	flt.s	x31,f18,f31	 f18:0xff800000 f31:0x800413a8 x31=0x00000001
     235015.000 ns	     23500	80004f94	026efeb3	remu	x29,x29,x6	 x29:0x00000000  x6:0x4e935540 x29=0x00000000
     235035.000 ns	     23502	80004f98	410c5913	srai	x18,x24,0x10	 x24:0x00000000 x18=0x00000000
     235055.000 ns	     23504	80004f9c	f00703d3	fmv.w.x	f7,x14	 x14:0x00000000  f7=0x00000000
     235085.000 ns	     23507	80004fa0	d0139c53	fcvt.s.wu	f24,x7	  x7:0x00000000 f24=0x00000000
     235115.000 ns	     23510	80004fa4	c00276d3	fcvt.w.s	x13,f4	  f4:0x3f800000 x13=0x00000001
     235135.000 ns	     23512	80004fa8	87d7cc93	xori	x25,x15,-1923	 x15:0xffffffda x25=0x000007a7
     235145.000 ns	     23513	80004fac	010aa833	slt	x16,x21,x16	 x21:0x00000000 x16:0xf8592000 x16=0x00000000
     235165.000 ns	     23515	80004fb0	021a2fb3	mulhsu	x31,x20,x1	 x20:0x80041024  x1:0x80000000 x31=0xc0020812
     235185.000 ns	     23517	80004fb4	41fb0db3	sub	x27,x22,x31	 x22:0x00000000 x31:0x00000001 x27=0x3ffdf7ee
     235195.000 ns	     23518	80004fb8	01cd3b33	sltu	x22,x26,x28	 x26:0x00041000 x28:0x00000001 x22=0x00000000
     235215.000 ns	     23520	80004fbc	03dfed33	rem	x26,x31,x29	 x31:0xc0020812 x29:0x00000000 x26=0xc0020812
     235235.000 ns	     23522	80004fc0	00272fb3	slt	x31,x14,x2	 x14:0x00000000  x2:0x4000033c x31=0x00000001
     235255.000 ns	     23524	80004fc4	020f6eb3	rem	x29,x30,x0	 x30:0x00000000  x0:0x00000000 x29=0x00000000
     235285.000 ns	     23527	80004fc8	c019f353	fcvt.wu.s	x6,f19	 f19:0x00000000  x6=0x00000000
     235305.000 ns	     23529	80004fcc	00037633	and	x12,x6,x0	  x6:0x4e935540  x0:0x00000000 x12=0x00000000
     235665.000 ns	     23565	80004fd0	028571b3	remu	x3,x10,x8	 x10:0xffffffff  x8:0x80040fe4  x3=0x7ffbf01b
     235695.000 ns	     23568	80004fd4	027399b3	mulh	x19,x7,x7	  x7:0x00000000  x7:0x00000000 x19=0x00000000
     235725.000 ns	     23571	80004fd8	d00bb453	fcvt.s.w	f8,x23	 x23:0x00000000  f8=0x00000000
     235755.000 ns	     23574	80004fdc	20d1a153	fsgnjx.s	f2,f3,f13	  f3:0x7f800000 f13:0x00000000  f2=0x7f800000
     235785.000 ns	     23577	80004fe0	038a1c33	mulh	x24,x20,x24	 x20:0x80041024 x24:0x00000000 x24=0x00000000
     235815.000 ns	     23580	80004fe4	d01b83d3	fcvt.s.wu	f7,x23	 x23:0x00000000  f7=0x00000000
     235845.000 ns	     23583	80004fe8	02639233	mulh	x4,x7,x6	  x7:0x00000000  x6:0x00000000  x4=0x00000000
     235865.000 ns	     23585	80004fec	40efdc13	srai	x24,x31,0xe	 x31:0x00000001 x24=0x00000000
     235905.000 ns	     23589	80004ff0	01ea78d3	fadd.s	f17,f20,f30	 f20:0x4f49613c f30:0xbf800000 f17=0x4f49613b
     235925.000 ns	     23591	80004ff4	01b4ffb3	and	x31,x9,x27	  x9:0x00000000 x27:0x3ffdf7ee x31=0x00000000
     235935.000 ns	     23592	80004ff8	0d020e93	addi	x29,x4,208	  x4:0x00000000 x29=0x000000d0
     235945.000 ns	     23593	80004ffc	40d35b93	srai	x23,x6,0xd	  x6:0x00000000 x23=0x00000000
     235965.000 ns	     23595	80005000	e00a0cd3	fmv.x.w	x25,f20	 f20:0x4f49613c x25=0x4f49613c
     235995.000 ns	     23598	80005004	e00e1e53	fclass.s	x28,f28	 f28:0x7fc00000 x28=0x00000200
     236015.000 ns	     23600	80005008	a5230f13	addi	x30,x6,-1454	  x6:0x00000000 x30=0xfffffa52
     236025.000 ns	     23601	8000500c	00068133	add	x2,x13,x0	 x13:0x00000001  x0:0x00000000  x2=0x00000001
     236035.000 ns	     23602	80005010	f57d0197	auipc	x3,0xf57d0	  x3=0x757d5010
     236045.000 ns	     23603	80005014	01f843b3	xor	x7,x16,x31	 x16:0x00000000 x31:0x00000000  x7=0x00000000
     236065.000 ns	     23605	80005018	c0120ad3	fcvt.wu.s	x21,f4	  f4:0x3f800000 x21=0x00000001
     236085.000 ns	     23607	8000501c	937f4ab7	lui	x21,0x937f4	 x21=0x937f4000
     236105.000 ns	     23609	80005020	02539633	mulh	x12,x7,x5	  x7:0x00000000  x5:0x00103f90 x12=0x00000000
     236155.000 ns	     23614	80005024	09a6fcd3	fsub.s	f25,f13,f26	 f13:0x00000000 f26:0x00000000 f25=0x80000000
     236185.000 ns	     23617	80005028	0381df33	divu	x30,x3,x24	  x3:0x757d5010 x24:0x00000000 x30=0xffffffff
     236205.000 ns	     23619	8000502c	06068693	addi	x13,x13,96	 x13:0x00000001 x13=0x00000061
     236215.000 ns	     23620	80005030	00778e33	add	x28,x15,x7	 x15:0xffffffda  x7:0x00000000 x28=0xffffffda
     236235.000 ns	     23622	80005034	e00d08d3	fmv.x.w	x17,f26	 f26:0x00000000 x17=0x00000000
     236275.000 ns	     23626	80005038	10c82253	fmul.s	f4,f16,f12	 f16:0x3f80008c f12:0x4f49613c  f4=0x4f496218
     236305.000 ns	     23629	8000503c	020ff333	remu	x6,x31,x0	 x31:0x00000000  x0:0x00000000  x6=0x00000000
     236325.000 ns	     23631	80005040	0184f6b3	and	x13,x9,x24	  x9:0x00000000 x24:0x00000000 x13=0x00000000
     236345.000 ns	     23633	80005044	e00c9153	fclass.s	x2,f25	 f25:0x80000000  x2=0x00000008
     236375.000 ns	     23636	80005048	02b10833	mul	x16,x2,x11	  x2:0x00000001 x11:0x00000000 x16=0x00000000
     236395.000 ns	     23638	8000504c	00000013	addi	x0,x0,0	  x0:0x00000000
     236425.000 ns	     23641	80005050	58014153	fsqrt.s	f2,f2	  f2:0x7f800000  f2=0x7f800000
     236455.000 ns	     23644	80005054	a19b8853	fle.s	x16,f23,f25	 f23:0x80000000 f25:0x80000000 x16=0x00000001
     236485.000 ns	     23647	80005058	02e5f8b3	remu	x17,x11,x14	 x11:0x00000000 x14:0x00000000 x17=0x00000000
     236505.000 ns	     23649	8000505c	00000013	addi	x0,x0,0	  x0:0x00000000
     236525.000 ns	     23651	80005060	03b03bb3	mulhu	x23,x0,x27	  x0:0x00000000 x27:0x3ffdf7ee x23=0x00000000
     236575.000 ns	     23656	80005064	08b3c0d3	fsub.s	f1,f7,f11	  f7:0x00000000 f11:0x7fc00000  f1=0x7fc00000
     236945.000 ns	     23693	80005068	03d242b3	div	x5,x4,x29	  x4:0x00000000 x29:0x000000d0  x5=0x00000000
     236975.000 ns	     23696	8000506c	e0019253	fclass.s	x4,f3	  f3:0x7f800000  x4=0x00000080
     236995.000 ns	     23698	80005070	40de8733	sub	x14,x29,x13	 x29:0x000000d0 x13:0x00000000 x14=0x000000d0
     237005.000 ns	     23699	80005074	01a502b3	add	x5,x10,x26	 x10:0xffffffff x26:0xc0020812  x5=0xc0020811
     237025.000 ns	     23701	80005078	c01dbed3	fcvt.wu.s	x29,f27	 f27:0x3f800000 x29=0x00000001
     237055.000 ns	     23704	8000507c	02c7e633	rem	x12,x15,x12	 x15:0xffffffda x12:0x00000000 x12=0xffffffda
     237085.000 ns	     23707	80005080	20451a53	fsgnjn.s	f20,f10,f4	 f10:0x80000000  f4:0x4f496218 f20=0x80000000
     237105.000 ns	     23709	80005084	40675d13	srai	x26,x14,0x6	 x14:0x000000d0 x26=0x00000003
     237115.000 ns	     23710	80005088	40268233	sub	x4,x13,x2	 x13:0x00000000  x2:0x00000008  x4=0xfffffff8
     237125.000 ns	     23711	8000508c	400d5913	srai	x18,x26,0x0	 x26:0xc0020812 x18=0x00000003
     237135.000 ns	     23712	80005090	00b9c2b3	xor	x5,x19,x11	 x19:0x00000000 x11:0x00000000  x5=0x00000000
     237145.000 ns	     23713	80005094	5f7e4113	xori	x2,x28,1527	 x28:0xffffffda  x2=0xfffffa2d
     237175.000 ns	     23716	80005098	5801ced3	fsqrt.s	f29,f3	  f3:0x7f800000 f29=0x7f800000
     237195.000 ns	     23718	8000509c	dcb1df17	auipc	x30,0xdcb1d	 x30=0x5cb2209c
     237215.000 ns	     23720	800050a0	f0000453	fmv.w.x	f8,x0	  x0:0x00000000  f8=0x00000000
     237235.000 ns	     23722	800050a4	0037d133	srl	x2,x15,x3	 x15:0xffffffda  x3:0x757d5010  x2=0x0000ffff
     237245.000 ns	     23723	800050a8	5d93ad93	slti	x27,x7,1497	  x7:0x00000000 x27=0x00000001
     237265.000 ns	     23725	800050ac	20b10bd3	fsgnj.s	f23,f2,f11	  f2:0x7f800000 f11:0x7fc00000 f23=0x7f800000
     237285.000 ns	     23727	800050b0	00421db3	sll	x27,x4,x4	  x4:0xfffffff8  x4:0xfffffff8 x27=0xf8000000
     237325.000 ns	     23731	800050b4	01067353	fadd.s	f6,f12,f16	 f12:0x4f49613c f16:0x3f80008c  f6=0x4f49613c
     237345.000 ns	     23733	800050b8	7111ee13	ori	x28,x3,1809	  x3:0x757d5010 x28=0x757d5711
     237375.000 ns	     23736	800050bc	100b7ed3	fmul.s	f29,f22,f0	 f22:0x40a00000  f0:0x3f800000 f29=0x40a00000
     237405.000 ns	     23739	800050c0	03372133	mulhsu	x2,x14,x19	 x14:0x000000d0 x19:0x00000000  x2=0x00000000
     237455.000 ns	     23744	800050c4	0901f5d3	fsub.s	f11,f3,f16	  f3:0x7f800000 f16:0x3f80008c f11=0x7f800000
     237485.000 ns	     23747	800050c8	d019f6d3	fcvt.s.wu	f13,x19	 x19:0x00000000 f13=0x00000000
     237515.000 ns	     23750	800050cc	28751253	fmax.s	f4,f10,f7	 f10:0x80000000  f7:0x00000000  f4=0x00000000
     237535.000 ns	     23752	800050d0	b54eddb7	lui	x27,0xb54ed	 x27=0xb54ed000
     237555.000 ns	     23754	800050d4	f00309d3	fmv.w.x	f19,x6	  x6:0x00000000 f19=0x00000000
     237585.000 ns	     23757	800050d8	e00b8253	fmv.x.w	x4,f23	 f23:0x7f800000  x4=0x7f800000
     237615.000 ns	     23760	800050dc	e0029753	fclass.s	x14,f5	  f5:0xff800000 x14=0x00000001
     237655.000 ns	     23764	800050e0	580d7d53	fsqrt.s	f26,f26	 f26:0x00000000 f26=0x00000000
     237685.000 ns	     23767	800050e4	205bafd3	fsgnjx.s	f31,f23,f5	 f23:0x7f800000  f5:0xff800000 f31=0xff800000
     237705.000 ns	     23769	800050e8	01749813	slli	x16,x9,0x17	  x9:0x00000000 x16=0x00000000
     238065.000 ns	     23805	800050ec	0349fab3	remu	x21,x19,x20	 x19:0x00000000 x20:0x80041024 x21=0x00000000
     238085.000 ns	     23807	800050f0	1de5dbb7	lui	x23,0x1de5d	 x23=0x1de5d000
     238105.000 ns	     23809	800050f4	026ed5b3	divu	x11,x29,x6	 x29:0x00000001  x6:0x00000000 x11=0xffffffff
     238125.000 ns	     23811	800050f8	b0fb4d13	xori	x26,x22,-1265	 x22:0x00000000 x26=0xfffffb0f
     238135.000 ns	     23812	800050fc	00dea533	slt	x10,x29,x13	 x29:0x00000001 x13:0x00000000 x10=0x00000000
     238155.000 ns	     23814	80005100	a13b0dd3	fle.s	x27,f22,f19	 f22:0x40a00000 f19:0x00000000 x27=0x00000000
     238175.000 ns	     23816	80005104	00f79933	sll	x18,x15,x15	 x15:0xffffffda x15:0xffffffda x18=0x68000000
     238195.000 ns	     23818	80005108	a0e62b53	feq.s	x22,f12,f14	 f12:0x4f49613c f14:0xff800000 x22=0x00000000
     238215.000 ns	     23820	8000510c	01c9a5b3	slt	x11,x19,x28	 x19:0x00000000 x28:0x757d5711 x11=0x00000001
     238225.000 ns	     23821	80005110	3b5ec4b7	lui	x9,0x3b5ec	  x9=0x3b5ec000
     238235.000 ns	     23822	80005114	01856c33	or	x24,x10,x24	 x10:0x00000000 x24:0x00000000 x24=0x00000000
     238245.000 ns	     23823	80005118	419fd693	srai	x13,x31,0x19	 x31:0x00000000 x13=0x00000000
     238265.000 ns	     23825	8000511c	c01b01d3	fcvt.wu.s	x3,f22	 f22:0x40a00000  x3=0x00000005
     238315.000 ns	     23830	80005120	0199c653	fadd.s	f12,f19,f25	 f19:0x00000000 f25:0x80000000 f12=0x80000000
     238335.000 ns	     23832	80005124	01db5393	srli	x7,x22,0x1d	 x22:0x00000000  x7=0x00000000
     238355.000 ns	     23834	80005128	e0038553	fmv.x.w	x10,f7	  f7:0x00000000 x10=0x00000000
     238385.000 ns	     23837	8000512c	c0060ad3	fcvt.w.s	x21,f12	 f12:0x80000000 x21=0x00000000
     238405.000 ns	     23839	80005130	403bd1b3	sra	x3,x23,x3	 x23:0x1de5d000  x3:0x00000005  x3=0x00ef2e80
     238415.000 ns	     23840	80005134	4182d293	srai	x5,x5,0x18	  x5:0x00000000  x5=0x00000000
     238425.000 ns	     23841	80005138	0188abb3	slt	x23,x17,x24	 x17:0x00000000 x24:0x00000000 x23=0x00000000
     238435.000 ns	     23842	8000513c	c09c8f93	addi	x31,x25,-1015	 x25:0x4f49613c x31=0x4f495d45
     238455.000 ns	     23844	80005140	a08d0c53	fle.s	x24,f26,f8	 f26:0x00000000  f8:0x00000000 x24=0x00000001
     238825.000 ns	     23881	80005144	02b563b3	rem	x7,x10,x11	 x10:0x00000000 x11:0x00000001  x7=0x00000000
     238855.000 ns	     23884	80005148	02de1233	mulh	x4,x28,x13	 x28:0x757d5711 x13:0x00000000  x4=0x00000000
     238885.000 ns	     23887	8000514c	d00517d3	fcvt.s.w	f15,x10	 x10:0x00000000 f15=0x00000000
     238935.000 ns	     23892	80005150	01b67bd3	fadd.s	f23,f12,f27	 f12:0x80000000 f27:0x3f800000 f23=0x3f800000
     238965.000 ns	     23895	80005154	c016f1d3	fcvt.wu.s	x3,f13	 f13:0x00000000  x3=0x00000000
     238985.000 ns	     23897	80005158	411b5c13	srai	x24,x22,0x11	 x22:0x00000000 x24=0x00000000
     239005.000 ns	     23899	8000515c	c00c35d3	fcvt.w.s	x11,f24	 f24:0x00000000 x11=0x00000000
     239025.000 ns	     23901	80005160	00f216b3	sll	x13,x4,x15	  x4:0x00000000 x15:0xffffffda x13=0x00000000
     239065.000 ns	     23905	80005164	000507d3	fadd.s	f15,f10,f0	 f10:0x80000000  f0:0x3f800000 f15=0x3f800000
     239095.000 ns	     23908	80005168	023765b3	rem	x11,x14,x3	 x14:0x00000001  x3:0x00000000 x11=0x00000001
     239125.000 ns	     23911	8000516c	290294d3	fmax.s	f9,f5,f16	  f5:0xff800000 f16:0x3f80008c  f9=0x3f80008c
     239155.000 ns	     23914	80005170	a1602fd3	feq.s	x31,f0,f22	  f0:0x3f800000 f22:0x40a00000 x31=0x00000000
     239525.000 ns	     23951	80005174	03ccc2b3	div	x5,x25,x28	 x25:0x4f49613c x28:0x757d5711  x5=0x00000000
     239575.000 ns	     23956	80005178	0924f5d3	fsub.s	f11,f9,f18	  f9:0x3f80008c f18:0xff800000 f11=0x7f800000
     239595.000 ns	     23958	8000517c	01336333	or	x6,x6,x19	  x6:0x00000000 x19:0x00000000  x6=0x00000000
     239625.000 ns	     23961	80005180	100dfe53	fmul.s	f28,f27,f0	 f27:0x3f800000  f0:0x3f800000 f28=0x3f800000
     239655.000 ns	     23964	80005184	212c16d3	fsgnjn.s	f13,f24,f18	 f24:0x00000000 f18:0xff800000 f13=0x00000000
     239675.000 ns	     23966	80005188	d6263113	sltiu	x2,x12,-670	 x12:0xffffffda  x2=0x00000000
     239695.000 ns	     23968	8000518c	d01172d3	fcvt.s.wu	f5,x2	  x2:0x00000000  f5=0x00000000
     239725.000 ns	     23971	80005190	02658b33	mul	x22,x11,x6	 x11:0x00000001  x6:0x00000000 x22=0x00000000
     239755.000 ns	     23974	80005194	c01573d3	fcvt.wu.s	x7,f10	 f10:0x80000000  x7=0x00000000
     239775.000 ns	     23976	80005198	0028fc33	and	x24,x17,x2	 x17:0x00000000  x2:0x00000000 x24=0x00000000
     239785.000 ns	     23977	8000519c	01c0d8b3	srl	x17,x1,x28	  x1:0x80000000 x28:0x757d5711 x17=0x00004000
     239805.000 ns	     23979	800051a0	d014b953	fcvt.s.wu	f18,x9	  x9:0x3b5ec000 f18=0x4e6d7b00
     239835.000 ns	     23982	800051a4	a08f0953	fle.s	x18,f30,f8	 f30:0xbf800000  f8:0x00000000 x18=0x00000001
     239855.000 ns	     23984	800051a8	01c19993	slli	x19,x3,0x1c	  x3:0x00000000 x19=0x00000000
     239875.000 ns	     23986	800051ac	035dbb33	mulhu	x22,x27,x21	 x27:0x00000000 x21:0x00000000 x22=0x00000000
     239895.000 ns	     23988	800051b0	00000013	addi	x0,x0,0	  x0:0x00000000
     239915.000 ns	     23990	800051b4	03769cb3	mulh	x25,x13,x23	 x13:0x00000000 x23:0x00000000 x25=0x00000000
     240285.000 ns	     24027	800051b8	03e8dfb3	divu	x31,x17,x30	 x17:0x00004000 x30:0x5cb2209c x31=0x00000000
     240315.000 ns	     24030	800051bc	28290553	fmin.s	f10,f18,f2	 f18:0x4e6d7b00  f2:0x7f800000 f10=0x4e6d7b00
     240335.000 ns	     24032	800051c0	3ac00613	addi	x12,x0,940	  x0:0x00000000 x12=0x000003ac
     240345.000 ns	     24033	800051c4	0033f033	and	x0,x7,x3	  x7:0x00000000  x3:0x00000000
     240365.000 ns	     24035	800051c8	036d08b3	mul	x17,x26,x22	 x26:0xfffffb0f x22:0x00000000 x17=0x00000000
     240385.000 ns	     24037	800051cc	000238b3	sltu	x17,x4,x0	  x4:0x00000000  x0:0x00000000 x17=0x00000000
     240395.000 ns	     24038	800051d0	009d3b33	sltu	x22,x26,x9	 x26:0xfffffb0f  x9:0x3b5ec000 x22=0x00000000
     241565.000 ns	     24155	800051d4	5804ac53	fsqrt.s	f24,f9	  f9:0x3f80008c f24=0x3f80001e
     241585.000 ns	     24157	800051d8	d25fb6b7	lui	x13,0xd25fb	 x13=0xd25fb000
     241605.000 ns	     24159	800051dc	03615233	divu	x4,x2,x22	  x2:0x00000000 x22:0x00000000  x4=0xffffffff
     241625.000 ns	     24161	800051e0	01269493	slli	x9,x13,0x12	 x13:0x00000000  x9=0xc0000000
     241645.000 ns	     24163	800051e4	29df9dd3	fmax.s	f27,f31,f29	 f31:0xff800000 f29:0x40a00000 f27=0x40a00000
     241665.000 ns	     24165	800051e8	0075ffb3	and	x31,x11,x7	 x11:0x00000001  x7:0x00000000 x31=0x00000000
     241675.000 ns	     24166	800051ec	0192acb3	slt	x25,x5,x25	  x5:0x00000000 x25:0x00000000 x25=0x00000000
     241685.000 ns	     24167	800051f0	40a6cc93	xori	x25,x13,1034	 x13:0xd25fb000 x25=0xd25fb40a
     241695.000 ns	     24168	800051f4	01dd0133	add	x2,x26,x29	 x26:0xfffffb0f x29:0x00000001  x2=0xfffffb10
     241705.000 ns	     24169	800051f8	016ca033	slt	x0,x25,x22	 x25:0x00000000 x22:0x00000000
     241715.000 ns	     24170	800051fc	00aec033	xor	x0,x29,x10	 x29:0x00000001 x10:0x00000000
     241745.000 ns	     24173	80005200	10074453	fmul.s	f8,f14,f0	 f14:0xff800000  f0:0x3f800000  f8=0xff800000
     241775.000 ns	     24176	80005204	213c80d3	fsgnj.s	f1,f25,f19	 f25:0x80000000 f19:0x00000000  f1=0x00000000
     242955.000 ns	     24294	80005208	580dacd3	fsqrt.s	f25,f27	 f27:0x40a00000 f25=0x400f1b8f
     242985.000 ns	     24297	8000520c	025a77b3	remu	x15,x20,x5	 x20:0x80041024  x5:0x00000000 x15=0x80041024
     243005.000 ns	     24299	80005210	14dcc593	xori	x11,x25,333	 x25:0xd25fb40a x11=0xd25fb547
     243015.000 ns	     24300	80005214	01dfed33	or	x26,x31,x29	 x31:0x00000000 x29:0x00000001 x26=0x00000001
     243025.000 ns	     24301	80005218	66df7393	andi	x7,x30,1645	 x30:0x5cb2209c  x7=0x0000000c
     243065.000 ns	     24305	8000521c	01717053	fadd.s	f0,f2,f23	  f2:0x7f800000 f23:0x3f800000  f0=0x7f800000
     243085.000 ns	     24307	80005220	016ddf33	srl	x30,x27,x22	 x27:0x00000000 x22:0x00000000 x30=0x00000000
     243095.000 ns	     24308	80005224	00cbeb33	or	x22,x23,x12	 x23:0x00000000 x12:0x000003ac x22=0x000003ac
     243455.000 ns	     24344	80005228	02234bb3	div	x23,x6,x2	  x6:0x00000000  x2:0xfffffb10 x23=0x00000000
     243485.000 ns	     24347	8000522c	e0050053	fmv.x.w	x0,f10	 f10:0x4e6d7b00
     243515.000 ns	     24350	80005230	d0047ad3	fcvt.s.w	f21,x8	  x8:0x80040fe4 f21=0xcefff7e0
     243885.000 ns	     24387	80005234	032b5833	divu	x16,x22,x18	 x22:0x000003ac x18:0x00000001 x16=0x000003ac
     243915.000 ns	     24390	80005238	e0088853	fmv.x.w	x16,f17	 f17:0x4f49613b x16=0x4f49613b
     243955.000 ns	     24394	8000523c	18a69dd3	fdiv.s	f27,f13,f10	 f13:0x00000000 f10:0x4e6d7b00 f27=0x00000000
     243985.000 ns	     24397	80005240	a17f9e53	flt.s	x28,f31,f23	 f31:0xff800000 f23:0x3f800000 x28=0x00000001
     244035.000 ns	     24402	80005244	00732ad3	fadd.s	f21,f6,f7	  f6:0x4f49613c  f7:0x00000000 f21=0x4f49613c
     244405.000 ns	     24439	80005248	0341d033	divu	x0,x3,x20	  x3:0x00000000 x20:0x80041024
     244425.000 ns	     24441	8000524c	f39ba813	slti	x16,x23,-199	 x23:0x00000000 x16=0x00000000
     244435.000 ns	     24442	80005250	40855733	sra	x14,x10,x8	 x10:0x00000000  x8:0x80040fe4 x14=0x00000000
     244475.000 ns	     24446	80005254	01548b53	fadd.s	f22,f9,f21	  f9:0x3f80008c f21:0x4f49613c f22=0x4f49613c
     244505.000 ns	     24449	80005258	e0028753	fmv.x.w	x14,f5	  f5:0x00000000 x14=0x00000000
     244525.000 ns	     24451	8000525c	fd66f717	auipc	x14,0xfd66f	 x14=0x7d67425c
     244545.000 ns	     24453	80005260	203913d3	fsgnjn.s	f7,f18,f3	 f18:0x4e6d7b00  f3:0x7f800000  f7=0xce6d7b00
     244585.000 ns	     24457	80005264	198613d3	fdiv.s	f7,f12,f24	 f12:0x80000000 f24:0x3f80001e  f7=0x80000000
     244615.000 ns	     24460	80005268	038ac933	div	x18,x21,x24	 x21:0x00000000 x24:0x00000000 x18=0xffffffff
     244635.000 ns	     24462	8000526c	ab6a4a97	auipc	x21,0xab6a4	 x21=0x2b6a926c
     244645.000 ns	     24463	80005270	01f79713	slli	x14,x15,0x1f	 x15:0x80041024 x14=0x00000000
     244665.000 ns	     24465	80005274	a0b727d3	feq.s	x15,f14,f11	 f14:0xff800000 f11:0x7f800000 x15=0x00000000
     244695.000 ns	     24468	80005278	02749033	mulh	x0,x9,x7	  x9:0xc0000000  x7:0x0000000c
     244725.000 ns	     24471	8000527c	d01e7253	fcvt.s.wu	f4,x28	 x28:0x00000001  f4=0x3f800000
     244745.000 ns	     24473	80005280	017763b3	or	x7,x14,x23	 x14:0x00000000 x23:0x00000000  x7=0x00000000
     244765.000 ns	     24475	80005284	21b106d3	fsgnj.s	f13,f2,f27	  f2:0x7f800000 f27:0x00000000 f13=0x7f800000
     244795.000 ns	     24478	80005288	e00c0553	fmv.x.w	x10,f24	 f24:0x3f80001e x10=0x3f80001e
     244825.000 ns	     24481	8000528c	f0098153	fmv.w.x	f2,x19	 x19:0x00000000  f2=0x00000000
     244845.000 ns	     24483	80005290	41328bb3	sub	x23,x5,x19	  x5:0x00000000 x19:0x00000000 x23=0x00000000
     244865.000 ns	     24485	80005294	e00801d3	fmv.x.w	x3,f16	 f16:0x3f80008c  x3=0x3f80008c
     244905.000 ns	     24489	80005298	118977d3	fmul.s	f15,f18,f24	 f18:0x4e6d7b00 f24:0x3f80001e f15=0x4e6d7b38
     244955.000 ns	     24494	8000529c	08993ad3	fsub.s	f21,f18,f9	 f18:0x4e6d7b00  f9:0x3f80008c f21=0x4e6d7b00
     244985.000 ns	     24497	800052a0	2183a053	fsgnjx.s	f0,f7,f24	  f7:0x80000000 f24:0x3f80001e  f0=0x80000000
     245015.000 ns	     24500	800052a4	29ae07d3	fmin.s	f15,f28,f26	 f28:0x3f800000 f26:0x00000000 f15=0x00000000
     245035.000 ns	     24502	800052a8	012a1533	sll	x10,x20,x18	 x20:0x80041024 x18:0xffffffff x10=0x00000000
     245055.000 ns	     24504	800052ac	c0037cd3	fcvt.w.s	x25,f6	  f6:0x4f49613c x25=0x7fffffff
     245085.000 ns	     24507	800052b0	218ba553	fsgnjx.s	f10,f23,f24	 f23:0x3f800000 f24:0x3f80001e f10=0x3f800000
     245115.000 ns	     24510	800052b4	c0007153	fcvt.w.s	x2,f0	  f0:0x80000000  x2=0x00000000
     245135.000 ns	     24512	800052b8	c682fb17	auipc	x22,0xc682f	 x22=0x468342b8
     245145.000 ns	     24513	800052bc	0f820513	addi	x10,x4,248	  x4:0xffffffff x10=0x000000f7
     245165.000 ns	     24515	800052c0	a0f297d3	flt.s	x15,f5,f15	  f5:0x00000000 f15:0x00000000 x15=0x00000000
     245195.000 ns	     24518	800052c4	d012f853	fcvt.s.wu	f16,x5	  x5:0x00000000 f16=0x00000000
     245225.000 ns	     24521	800052c8	21c508d3	fsgnj.s	f17,f10,f28	 f10:0x3f800000 f28:0x3f800000 f17=0x3f800000
     245255.000 ns	     24524	800052cc	02fb88b3	mul	x17,x23,x15	 x23:0x00000000 x15:0x00000000 x17=0x00000000
     245275.000 ns	     24526	800052d0	bb230713	addi	x14,x6,-1102	  x6:0x00000000 x14=0xfffffbb2
     245285.000 ns	     24527	800052d4	d50c2a93	slti	x21,x24,-688	 x24:0x00000000 x21=0x00000000
     245315.000 ns	     24530	800052d8	198872d3	fdiv.s	f5,f16,f24	 f16:0x00000000 f24:0x3f80001e  f5=0x00000000
     245345.000 ns	     24533	800052dc	29a68c53	fmin.s	f24,f13,f26	 f13:0x7f800000 f26:0x00000000 f24=0x00000000
     245365.000 ns	     24535	800052e0	01661013	slli	x0,x12,0x16	 x12:0x000003ac
     245385.000 ns	     24537	800052e4	c009a853	fcvt.w.s	x16,f19	 f19:0x00000000 x16=0x00000000
     245425.000 ns	     24541	800052e8	1123ff53	fmul.s	f30,f7,f18	  f7:0x80000000 f18:0x4e6d7b00 f30=0x80000000
     245455.000 ns	     24544	800052ec	02526f33	rem	x30,x4,x5	  x4:0xffffffff  x5:0x00000000 x30=0xffffffff
     245475.000 ns	     24546	800052f0	01505613	srli	x12,x0,0x15	  x0:0x00000000 x12=0x00000000
     245835.000 ns	     24582	800052f4	03696bb3	rem	x23,x18,x22	 x18:0xffffffff x22:0x468342b8 x23=0xffffffff
     246205.000 ns	     24619	800052f8	02347333	remu	x6,x8,x3	  x8:0x80040fe4  x3:0x3f80008c  x6=0x01040ecc
     246235.000 ns	     24622	800052fc	d01080d3	fcvt.s.wu	f1,x1	  x1:0x80000000  f1=0x4f000000
     246265.000 ns	     24625	80005300	20ff0953	fsgnj.s	f18,f30,f15	 f30:0x80000000 f15:0x00000000 f18=0x00000000
     246285.000 ns	     24627	80005304	fc143213	sltiu	x4,x8,-63	  x8:0x80040fe4  x4=0x00000001
     246305.000 ns	     24629	80005308	f00e0653	fmv.w.x	f12,x28	 x28:0x00000001 f12=0x00000001
     246325.000 ns	     24631	8000530c	01235713	srli	x14,x6,0x12	  x6:0x01040ecc x14=0x00000041
     246335.000 ns	     24632	80005310	003e8bb3	add	x23,x29,x3	 x29:0x00000001  x3:0x3f80008c x23=0x3f80008d
     246355.000 ns	     24634	80005314	e0098553	fmv.x.w	x10,f19	 f19:0x00000000 x10=0x00000000
     246385.000 ns	     24637	80005318	29198c53	fmin.s	f24,f19,f17	 f19:0x00000000 f17:0x3f800000 f24=0x00000000
     246415.000 ns	     24640	8000531c	c01671d3	fcvt.wu.s	x3,f12	 f12:0x00000001  x3=0x00000000
     246785.000 ns	     24677	80005320	0390d933	divu	x18,x1,x25	  x1:0x80000000 x25:0x7fffffff x18=0x00000001
     246825.000 ns	     24681	80005324	10d144d3	fmul.s	f9,f2,f13	  f2:0x00000000 f13:0x7f800000  f9=0x7fc00000
     246855.000 ns	     24684	80005328	c00c2fd3	fcvt.w.s	x31,f24	 f24:0x00000000 x31=0x00000000
     246885.000 ns	     24687	8000532c	29fc92d3	fmax.s	f5,f25,f31	 f25:0x400f1b8f f31:0xff800000  f5=0x400f1b8f
     246915.000 ns	     24690	80005330	c00d7b53	fcvt.w.s	x22,f26	 f26:0x00000000 x22=0x00000000
     246945.000 ns	     24693	80005334	a1d59153	flt.s	x2,f11,f29	 f11:0x7f800000 f29:0x40a00000  x2=0x00000000
     246965.000 ns	     24695	80005338	0110c733	xor	x14,x1,x17	  x1:0x80000000 x17:0x00000000 x14=0x80000000
     246975.000 ns	     24696	8000533c	5f628293	addi	x5,x5,1526	  x5:0x00000000  x5=0x000005f6
     247005.000 ns	     24699	80005340	19d685d3	fdiv.s	f11,f13,f29	 f13:0x7f800000 f29:0x40a00000 f11=0x7f800000
     247375.000 ns	     24736	80005344	02bcec33	rem	x24,x25,x11	 x25:0x7fffffff x11:0xd25fb547 x24=0x24bf6a8d
     247395.000 ns	     24738	80005348	0e3d2297	auipc	x5,0xe3d2	  x5=0x8e3d7348
     247415.000 ns	     24740	8000534c	02b3bab3	mulhu	x21,x7,x11	  x7:0x00000000 x11:0xd25fb547 x21=0x00000000
     247435.000 ns	     24742	80005350	4012df33	sra	x30,x5,x1	  x5:0x000005f6  x1:0x80000000 x30=0x8e3d7348
     247455.000 ns	     24744	80005354	02d08533	mul	x10,x1,x13	  x1:0x80000000 x13:0xd25fb000 x10=0x00000000
     247485.000 ns	     24747	80005358	c016fb53	fcvt.wu.s	x22,f13	 f13:0x7f800000 x22=0xffffffff
     247515.000 ns	     24750	8000535c	03d80c33	mul	x24,x16,x29	 x16:0x00000000 x29:0x00000001 x24=0x00000000
     247535.000 ns	     24752	80005360	b6b0ab13	slti	x22,x1,-1173	  x1:0x80000000 x22=0x00000001
     247895.000 ns	     24788	80005364	036e57b3	divu	x15,x28,x22	 x28:0x00000001 x22:0xffffffff x15=0x00000001
     247925.000 ns	     24791	80005368	28c39ad3	fmax.s	f21,f7,f12	  f7:0x80000000 f12:0x00000001 f21=0x00000001
     247955.000 ns	     24794	8000536c	a0261353	flt.s	x6,f12,f2	 f12:0x00000001  f2:0x00000000  x6=0x00000000
     248325.000 ns	     24831	80005370	0240fb33	remu	x22,x1,x4	  x1:0x80000000  x4:0x00000001 x22=0x00000000
     248355.000 ns	     24834	80005374	f00482d3	fmv.w.x	f5,x9	  x9:0xc0000000  f5=0xc0000000
     248405.000 ns	     24839	80005378	08b5f853	fsub.s	f16,f11,f11	 f11:0x7f800000 f11:0x7f800000 f16=0x80000000
     248445.000 ns	     24843	8000537c	193d9753	fdiv.s	f14,f27,f19	 f27:0x00000000 f19:0x00000000 f14=0x7fc00000
     248475.000 ns	     24846	80005380	299011d3	fmax.s	f3,f0,f25	  f0:0x80000000 f25:0x400f1b8f  f3=0x400f1b8f
     248515.000 ns	     24850	80005384	11c2b3d3	fmul.s	f7,f5,f28	  f5:0xc0000000 f28:0x3f800000  f7=0xc0000000
     248535.000 ns	     24852	80005388	000dcdb3	xor	x27,x27,x0	 x27:0x00000000  x0:0x00000000 x27=0x00000000
     248545.000 ns	     24853	8000538c	01962cb3	slt	x25,x12,x25	 x12:0x00000000 x25:0x7fffffff x25=0x00000001
     248555.000 ns	     24854	80005390	00731533	sll	x10,x6,x7	  x6:0x00000000  x7:0x00000000 x10=0x00000000
     248575.000 ns	     24856	80005394	f00c00d3	fmv.w.x	f1,x24	 x24:0x00000000  f1=0x00000000
     248605.000 ns	     24859	80005398	e00411d3	fclass.s	x3,f8	  f8:0xff800000  x3=0x00000001
     248635.000 ns	     24862	8000539c	212791d3	fsgnjn.s	f3,f15,f18	 f15:0x00000000 f18:0x00000000  f3=0x80000000
     248655.000 ns	     24864	800053a0	4174dc93	srai	x25,x9,0x17	  x9:0xc0000000 x25=0xffffff80
     248675.000 ns	     24866	800053a4	a07f91d3	flt.s	x3,f31,f7	 f31:0xff800000  f7:0xc0000000  x3=0x00000001
     249045.000 ns	     24903	800053a8	03ef6d33	rem	x26,x30,x30	 x30:0x8e3d7348 x30:0x8e3d7348 x26=0x00000000
     249075.000 ns	     24906	800053ac	21748a53	fsgnj.s	f20,f9,f23	  f9:0x7fc00000 f23:0x3f800000 f20=0x7fc00000
     249095.000 ns	     24908	800053b0	006f4c33	xor	x24,x30,x6	 x30:0x8e3d7348  x6:0x00000000 x24=0x8e3d7348
     249105.000 ns	     24909	800053b4	13878213	addi	x4,x15,312	 x15:0x00000001  x4=0x00000139
     249125.000 ns	     24911	800053b8	29f483d3	fmin.s	f7,f9,f31	  f9:0x7fc00000 f31:0xff800000  f7=0xff800000
     249145.000 ns	     24913	800053bc	01d56bb3	or	x23,x10,x29	 x10:0x00000000 x29:0x00000001 x23=0x00000001
     249165.000 ns	     24915	800053c0	212881d3	fsgnj.s	f3,f17,f18	 f17:0x3f800000 f18:0x00000000  f3=0x3f800000
     249185.000 ns	     24917	800053c4	00000013	addi	x0,x0,0	  x0:0x00000000
     249205.000 ns	     24919	800053c8	a18901d3	fle.s	x3,f18,f24	 f18:0x00000000 f24:0x00000000  x3=0x00000001
     249225.000 ns	     24921	800053cc	14f039b7	lui	x19,0x14f03	 x19=0x14f03000
     249585.000 ns	     24957	800053d0	0337c2b3	div	x5,x15,x19	 x15:0x00000001 x19:0x00000000  x5=0x00000000
     249615.000 ns	     24960	800053d4	d00f8f53	fcvt.s.w	f30,x31	 x31:0x00000000 f30=0x00000000
     249635.000 ns	     24962	800053d8	c43191b7	lui	x3,0xc4319	  x3=0xc4319000
     249645.000 ns	     24963	800053dc	01d49493	slli	x9,x9,0x1d	  x9:0xc0000000  x9=0x00000000
     249665.000 ns	     24965	800053e0	2142a253	fsgnjx.s	f4,f5,f20	  f5:0xc0000000 f20:0x7fc00000  f4=0xc0000000
     249695.000 ns	     24968	800053e4	d01ef553	fcvt.s.wu	f10,x29	 x29:0x00000001 f10=0x3f800000
     249725.000 ns	     24971	800053e8	a1aa1853	flt.s	x16,f20,f26	 f20:0x7fc00000 f26:0x00000000 x16=0x00000000
     249755.000 ns	     24974	800053ec	02c2d4b3	divu	x9,x5,x12	  x5:0x00000000 x12:0x00000000  x9=0xffffffff
     249775.000 ns	     24976	800053f0	c7fde217	auipc	x4,0xc7fde	  x4=0x47fe33f0
     249805.000 ns	     24979	800053f4	5803fd53	fsqrt.s	f26,f7	  f7:0xff800000 f26=0x7fc00000
     250945.000 ns	     25093	800053f8	5801b6d3	fsqrt.s	f13,f3	  f3:0x3f800000 f13=0x3f7fffae
     250965.000 ns	     25095	800053fc	37f23793	sltiu	x15,x4,895	  x4:0x47fe33f0 x15=0x00000000
     250995.000 ns	     25098	80005400	11aeabd3	fmul.s	f23,f29,f26	 f29:0x40a00000 f26:0x7fc00000 f23=0x7fc00000
     251015.000 ns	     25100	80005404	00d97c33	and	x24,x18,x13	 x18:0x00000001 x13:0xd25fb000 x24=0x00000000
     251035.000 ns	     25102	80005408	e0098d53	fmv.x.w	x26,f19	 f19:0x00000000 x26=0x00000000
     251375.000 ns	     25136	8000540c	18c6fc53	fdiv.s	f24,f13,f12	 f13:0x3f7fffae f12:0x00000001 f24=0x7e34b47c
     251415.000 ns	     25140	80005410	10259ed3	fmul.s	f29,f11,f2	 f11:0x7f800000  f2:0x00000000 f29=0x7fc00000
     251445.000 ns	     25143	80005414	a1dca6d3	feq.s	x13,f25,f29	 f25:0x400f1b8f f29:0x40a00000 x13=0x00000000
     251475.000 ns	     25146	80005418	a1c59953	flt.s	x18,f11,f28	 f11:0x7f800000 f28:0x3f800000 x18=0x00000000
     251495.000 ns	     25148	8000541c	01ba5c33	srl	x24,x20,x27	 x20:0x80041024 x27:0x00000000 x24=0x80041024
     251505.000 ns	     25149	80005420	8f858b93	addi	x23,x11,-1800	 x11:0xd25fb547 x23=0xd25fae3f
     251515.000 ns	     25150	80005424	01965313	srli	x6,x12,0x19	 x12:0x00000000  x6=0x00000000
     251535.000 ns	     25152	80005428	c0087b53	fcvt.w.s	x22,f16	 f16:0x80000000 x22=0x00000000
     251565.000 ns	     25155	8000542c	a05321d3	feq.s	x3,f6,f5	  f6:0x4f49613c  f5:0xc0000000  x3=0x00000000
     251595.000 ns	     25158	80005430	03270033	mul	x0,x14,x18	 x14:0x80000000 x18:0x00000000
     251615.000 ns	     25160	80005434	014c9fb3	sll	x31,x25,x20	 x25:0xffffff80 x20:0x80041024 x31=0xfffff800
     251645.000 ns	     25163	80005438	180ba353	fdiv.s	f6,f23,f0	 f23:0x7fc00000  f0:0x80000000  f6=0x7fc00000
     251665.000 ns	     25165	8000543c	00000013	addi	x0,x0,0	  x0:0x00000000
     251685.000 ns	     25167	80005440	c001fd53	fcvt.w.s	x26,f3	  f3:0x3f800000 x26=0x00000001
     251705.000 ns	     25169	80005444	40fb51b3	sra	x3,x22,x15	 x22:0x00000000 x15:0x00000000  x3=0x00000000
     251735.000 ns	     25172	80005448	10c87ad3	fmul.s	f21,f16,f12	 f16:0x80000000 f12:0x00000001 f21=0x80000000
     251765.000 ns	     25175	8000544c	a18da5d3	feq.s	x11,f27,f24	 f27:0x00000000 f24:0x7e34b47c x11=0x00000000
     251785.000 ns	     25177	80005450	411a5693	srai	x13,x20,0x11	 x20:0x80041024 x13=0xffffc002
     252145.000 ns	     25213	80005454	02e764b3	rem	x9,x14,x14	 x14:0x80000000 x14:0x80000000  x9=0x00000000
     252175.000 ns	     25216	80005458	e0048553	fmv.x.w	x10,f9	  f9:0x7fc00000 x10=0x7fc00000
     252205.000 ns	     25219	8000545c	02285233	divu	x4,x16,x2	 x16:0x00000000  x2:0x00000000  x4=0xffffffff
     252235.000 ns	     25222	80005460	a1ff8c53	fle.s	x24,f31,f31	 f31:0xff800000 f31:0xff800000 x24=0x00000001
     252255.000 ns	     25224	80005464	01249f93	slli	x31,x9,0x12	  x9:0x00000000 x31=0x00000000
     252265.000 ns	     25225	80005468	07264e13	xori	x28,x12,114	 x12:0x00000000 x28=0x00000072
     252285.000 ns	     25227	8000546c	f0070dd3	fmv.w.x	f27,x14	 x14:0x80000000 f27=0x80000000
     252315.000 ns	     25230	80005470	a17fa1d3	feq.s	x3,f31,f23	 f31:0xff800000 f23:0x7fc00000  x3=0x00000000
     252345.000 ns	     25233	80005474	02f2d5b3	divu	x11,x5,x15	  x5:0x00000000 x15:0x00000000 x11=0xffffffff
     252375.000 ns	     25236	80005478	032624b3	mulhsu	x9,x12,x18	 x12:0x00000000 x18:0x00000000  x9=0x00000000
     252405.000 ns	     25239	8000547c	21e493d3	fsgnjn.s	f7,f9,f30	  f9:0x7fc00000 f30:0x00000000  f7=0xffc00000
     252435.000 ns	     25242	80005480	a0c5a753	feq.s	x14,f11,f12	 f11:0x7f800000 f12:0x00000001 x14=0x00000000
     252465.000 ns	     25245	80005484	c0034f53	fcvt.w.s	x30,f6	  f6:0x7fc00000 x30=0x7fffffff
     252495.000 ns	     25248	80005488	0322d333	divu	x6,x5,x18	  x5:0x00000000 x18:0x00000000  x6=0xffffffff
     252515.000 ns	     25250	8000548c	ab3ceb97	auipc	x23,0xab3ce	 x23=0x2b3d348c
     252525.000 ns	     25251	80005490	0000e633	or	x12,x1,x0	  x1:0x80000000  x0:0x00000000 x12=0x80000000
     252535.000 ns	     25252	80005494	012a29b3	slt	x19,x20,x18	 x20:0x80041024 x18:0x00000000 x19=0x00000001
     252545.000 ns	     25253	80005498	0e834b93	xori	x23,x6,232	  x6:0xffffffff x23=0xffffff17
     252555.000 ns	     25254	8000549c	012a9913	slli	x18,x21,0x12	 x21:0x00000000 x18=0x00000000
     252565.000 ns	     25255	800054a0	001f9313	slli	x6,x31,0x1	 x31:0x00000000  x6=0x00000000
     252925.000 ns	     25291	800054a4	02495eb3	divu	x29,x18,x4	 x18:0x00000000  x4:0xffffffff x29=0x00000000
     252955.000 ns	     25294	800054a8	a17884d3	fle.s	x9,f17,f23	 f17:0x3f800000 f23:0x7fc00000  x9=0x00000000
     252985.000 ns	     25297	800054ac	20b625d3	fsgnjx.s	f11,f12,f11	 f12:0x00000001 f11:0x7f800000 f11=0x00000001
     253035.000 ns	     25302	800054b0	08717953	fsub.s	f18,f2,f7	  f2:0x00000000  f7:0xffc00000 f18=0x7fc00000
     253055.000 ns	     25304	800054b4	35d24293	xori	x5,x4,861	  x4:0xffffffff  x5=0xfffffca2
     253065.000 ns	     25305	800054b8	40e85813	srai	x16,x16,0xe	 x16:0x00000000 x16=0x00000000
     253085.000 ns	     25307	800054bc	21f0a053	fsgnjx.s	f0,f1,f31	  f1:0x00000000 f31:0xff800000  f0=0x80000000
     253125.000 ns	     25311	800054c0	101a0dd3	fmul.s	f27,f20,f1	 f20:0x7fc00000  f1:0x00000000 f27=0x7fc00000
     253145.000 ns	     25313	800054c4	40bfdc93	srai	x25,x31,0xb	 x31:0x00000000 x25=0x00000000
     253165.000 ns	     25315	800054c8	d001f7d3	fcvt.s.w	f15,x3	  x3:0x00000000 f15=0x00000000
     253185.000 ns	     25317	800054cc	00be1033	sll	x0,x28,x11	 x28:0x00000072 x11:0xffffffff
     253195.000 ns	     25318	800054d0	00987eb3	and	x29,x16,x9	 x16:0x00000000  x9:0x00000000 x29=0x00000000
     253205.000 ns	     25319	800054d4	0083ec33	or	x24,x7,x8	  x7:0x00000000  x8:0x80040fe4 x24=0x80040fe4
     253215.000 ns	     25320	800054d8	00e95213	srli	x4,x18,0xe	 x18:0x00000000  x4=0x00000000
     253255.000 ns	     25324	800054dc	014c7c53	fadd.s	f24,f24,f20	 f24:0x7e34b47c f20:0x7fc00000 f24=0x7fc00000
     253285.000 ns	     25327	800054e0	291d82d3	fmin.s	f5,f27,f17	 f27:0x7fc00000 f17:0x3f800000  f5=0x3f800000
     253305.000 ns	     25329	800054e4	7161ab93	slti	x23,x3,1814	  x3:0x00000000 x23=0x00000001
     253325.000 ns	     25331	800054e8	03f73533	mulhu	x10,x14,x31	 x14:0x00000000 x31:0x00000000 x10=0x00000000
     253355.000 ns	     25334	800054ec	020987b3	mul	x15,x19,x0	 x19:0x00000001  x0:0x00000000 x15=0x00000000
     253375.000 ns	     25336	800054f0	00f42033	slt	x0,x8,x15	  x8:0x80040fe4 x15:0x00000000
     253385.000 ns	     25337	800054f4	f8e0cb93	xori	x23,x1,-114	  x1:0x80000000 x23=0x7fffff8e
     253405.000 ns	     25339	800054f8	026d52b3	divu	x5,x26,x6	 x26:0x00000001  x6:0x00000000  x5=0xffffffff
     253435.000 ns	     25342	800054fc	203b05d3	fsgnj.s	f11,f22,f3	 f22:0x4f49613c  f3:0x3f800000 f11=0x4f49613c
     253465.000 ns	     25345	80005500	d0077653	fcvt.s.w	f12,x14	 x14:0x00000000 f12=0x00000000
     253485.000 ns	     25347	80005504	00aa62b3	or	x5,x20,x10	 x20:0x80041024 x10:0x00000000  x5=0x80041024
     253495.000 ns	     25348	80005508	00000013	addi	x0,x0,0	  x0:0x00000000
     253515.000 ns	     25350	8000550c	21131853	fsgnjn.s	f16,f6,f17	  f6:0x7fc00000 f17:0x3f800000 f16=0xffc00000
     253545.000 ns	     25353	80005510	f0098d53	fmv.w.x	f26,x19	 x19:0x00000001 f26=0x00000001
     253565.000 ns	     25355	80005514	00732533	slt	x10,x6,x7	  x6:0x00000000  x7:0x00000000 x10=0x00000000
     253575.000 ns	     25356	80005518	2a097393	andi	x7,x18,672	 x18:0x00000000  x7=0x00000000
     253585.000 ns	     25357	8000551c	00f3b5b3	sltu	x11,x7,x15	  x7:0x00000000 x15:0x00000000 x11=0x00000000
     253605.000 ns	     25359	80005520	0286bdb3	mulhu	x27,x13,x8	 x13:0xffffc002  x8:0x80040fe4 x27=0x8003efe3
     253625.000 ns	     25361	80005524	ff023613	sltiu	x12,x4,-16	  x4:0x00000000 x12=0x00000001
     253635.000 ns	     25362	80005528	41125593	srai	x11,x4,0x11	  x4:0x00000000 x11=0x00000000
     253995.000 ns	     25398	8000552c	02187e33	remu	x28,x16,x1	 x16:0x00000000  x1:0x80000000 x28=0x00000000
     254015.000 ns	     25400	80005530	0046dfb3	srl	x31,x13,x4	 x13:0xffffc002  x4:0x00000000 x31=0xffffc002
     254035.000 ns	     25402	80005534	03c3b6b3	mulhu	x13,x7,x28	  x7:0x00000000 x28:0x00000000 x13=0x00000000
     254065.000 ns	     25405	80005538	035d1e33	mulh	x28,x26,x21	 x26:0x00000001 x21:0x00000000 x28=0x00000000
     254095.000 ns	     25408	8000553c	c0057853	fcvt.w.s	x16,f10	 f10:0x3f800000 x16=0x00000001
     254125.000 ns	     25411	80005540	d0080a53	fcvt.s.w	f20,x16	 x16:0x00000000 f20=0x3f800000
     254145.000 ns	     25413	80005544	24f72893	slti	x17,x14,591	 x14:0x00000000 x17=0x00000001
     254165.000 ns	     25415	80005548	c003c653	fcvt.w.s	x12,f7	  f7:0xffc00000 x12=0x7fffffff
     254185.000 ns	     25417	8000554c	01a423b3	slt	x7,x8,x26	  x8:0x80040fe4 x26:0x00000001  x7=0x00000001
     254195.000 ns	     25418	80005550	dc130ab7	lui	x21,0xdc130	 x21=0xdc130000
     254205.000 ns	     25419	80005554	12fd8f13	addi	x30,x27,303	 x27:0x8003efe3 x30=0x8003f112
     254225.000 ns	     25421	80005558	e0091553	fclass.s	x10,f18	 f18:0x7fc00000 x10=0x00000200
     254255.000 ns	     25424	8000555c	28ec1253	fmax.s	f4,f24,f14	 f24:0x7fc00000 f14:0x7fc00000  f4=0x7fc00000
     254275.000 ns	     25426	80005560	0003e6b3	or	x13,x7,x0	  x7:0x00000001  x0:0x00000000 x13=0x00000001
     254295.000 ns	     25428	80005564	293f9dd3	fmax.s	f27,f31,f19	 f31:0xff800000 f19:0x00000000 f27=0x00000000
     254315.000 ns	     25430	80005568	d0dfbb93	sltiu	x23,x31,-755	 x31:0xffffc002 x23=0x00000001
     254345.000 ns	     25433	8000556c	58027d53	fsqrt.s	f26,f4	  f4:0x7fc00000 f26=0x7fc00000
     254365.000 ns	     25435	80005570	417e5493	srai	x9,x28,0x17	 x28:0x00000000  x9=0x00000000
     254375.000 ns	     25436	80005574	01db49b3	xor	x19,x22,x29	 x22:0x00000000 x29:0x00000000 x19=0x00000000
     254385.000 ns	     25437	80005578	6395bd13	sltiu	x26,x11,1593	 x11:0x00000000 x26=0x00000001
     254395.000 ns	     25438	8000557c	00b307b3	add	x15,x6,x11	  x6:0x00000000 x11:0x00000000 x15=0x00000000
     254425.000 ns	     25441	80005580	190c39d3	fdiv.s	f19,f24,f16	 f24:0x7fc00000 f16:0xffc00000 f19=0x7fc00000
     254455.000 ns	     25444	80005584	03e2b2b3	mulhu	x5,x5,x30	  x5:0x80041024 x30:0x8003f112  x5=0x400400ab
     254475.000 ns	     25446	80005588	006fb233	sltu	x4,x31,x6	 x31:0xffffc002  x6:0x00000000  x4=0x00000000
     254495.000 ns	     25448	8000558c	a0dca653	feq.s	x12,f25,f13	 f25:0x400f1b8f f13:0x3f7fffae x12=0x00000000
     254525.000 ns	     25451	80005590	d01321d3	fcvt.s.wu	f3,x6	  x6:0x00000000  f3=0x00000000
     254565.000 ns	     25455	80005594	1862acd3	fdiv.s	f25,f5,f6	  f5:0x3f800000  f6:0x7fc00000 f25=0x7fc00000
     254595.000 ns	     25458	80005598	a0be04d3	fle.s	x9,f28,f11	 f28:0x3f800000 f11:0x4f49613c  x9=0x00000001
     254635.000 ns	     25462	8000559c	195e2853	fdiv.s	f16,f28,f21	 f28:0x3f800000 f21:0x80000000 f16=0xff800000
     254665.000 ns	     25465	800055a0	c0127653	fcvt.wu.s	x12,f4	  f4:0x7fc00000 x12=0xffffffff
     254685.000 ns	     25467	800055a4	37624693	xori	x13,x4,886	  x4:0x00000000 x13=0x00000376
     254705.000 ns	     25469	800055a8	e0010d53	fmv.x.w	x26,f2	  f2:0x00000000 x26=0x00000000
     254735.000 ns	     25472	800055ac	e00b12d3	fclass.s	x5,f22	 f22:0x4f49613c  x5=0x00000040
     254765.000 ns	     25475	800055b0	20078c53	fsgnj.s	f24,f15,f0	 f15:0x00000000  f0:0x80000000 f24=0x80000000
     254785.000 ns	     25477	800055b4	27007717	auipc	x14,0x27007	 x14=0xa700c5b4
     254795.000 ns	     25478	800055b8	41d80f33	sub	x30,x16,x29	 x16:0x00000001 x29:0x00000000 x30=0x00000001
     254815.000 ns	     25480	800055bc	200405d3	fsgnj.s	f11,f8,f0	  f8:0xff800000  f0:0x80000000 f11=0xff800000
     254845.000 ns	     25483	800055c0	039ecdb3	div	x27,x29,x25	 x29:0x00000000 x25:0x00000000 x27=0xffffffff
     254865.000 ns	     25485	800055c4	00bb8b33	add	x22,x23,x11	 x23:0x00000001 x11:0x00000000 x22=0x00000001
     254875.000 ns	     25486	800055c8	01491bb3	sll	x23,x18,x20	 x18:0x00000000 x20:0x80041024 x23=0x00000000
     254885.000 ns	     25487	800055cc	0003f1b3	and	x3,x7,x0	  x7:0x00000001  x0:0x00000000  x3=0x00000000
     254905.000 ns	     25489	800055d0	03eb07b3	mul	x15,x22,x30	 x22:0x00000001 x30:0x00000001 x15=0x00000001
     254925.000 ns	     25491	800055d4	41350b33	sub	x22,x10,x19	 x10:0x00000200 x19:0x00000000 x22=0x00000200
     254945.000 ns	     25493	800055d8	e0001ad3	fclass.s	x21,f0	  f0:0x80000000 x21=0x00000008
     254975.000 ns	     25496	800055dc	024187b3	mul	x15,x3,x4	  x3:0x00000000  x4:0x00000000 x15=0x00000000
     255005.000 ns	     25499	800055e0	e00f1653	fclass.s	x12,f30	 f30:0x00000000 x12=0x00000010
     255025.000 ns	     25501	800055e4	00ee4933	xor	x18,x28,x14	 x28:0x00000000 x14:0xa700c5b4 x18=0xa700c5b4
     255045.000 ns	     25503	800055e8	a1e91cd3	flt.s	x25,f18,f30	 f18:0x7fc00000 f30:0x00000000 x25=0x00000000
     255075.000 ns	     25506	800055ec	f0068553	fmv.w.x	f10,x13	 x13:0x00000376 f10=0x00000376
     255095.000 ns	     25508	800055f0	01ae0f33	add	x30,x28,x26	 x28:0x00000000 x26:0x00000000 x30=0x00000000
     255115.000 ns	     25510	800055f4	c00d9353	fcvt.w.s	x6,f27	 f27:0x00000000  x6=0x00000000
     255165.000 ns	     25515	800055f8	09def353	fsub.s	f6,f29,f29	 f29:0x7fc00000 f29:0x7fc00000  f6=0x7fc00000
     255185.000 ns	     25517	800055fc	87538993	addi	x19,x7,-1931	  x7:0x00000001 x19=0xfffff876
     255205.000 ns	     25519	80005600	202583d3	fsgnj.s	f7,f11,f2	 f11:0xff800000  f2:0x00000000  f7=0x7f800000
     255225.000 ns	     25521	80005604	017097b3	sll	x15,x1,x23	  x1:0x80000000 x23:0x00000000 x15=0x80000000
     255245.000 ns	     25523	80005608	c0057bd3	fcvt.w.s	x23,f10	 f10:0x00000376 x23=0x00000000
     255275.000 ns	     25526	8000560c	a0911353	flt.s	x6,f2,f9	  f2:0x00000000  f9:0x7fc00000  x6=0x00000000
     255305.000 ns	     25529	80005610	29b18653	fmin.s	f12,f3,f27	  f3:0x00000000 f27:0x00000000 f12=0x00000000
     255675.000 ns	     25566	80005614	031859b3	divu	x19,x16,x17	 x16:0x00000001 x17:0x00000001 x19=0x00000001
     255725.000 ns	     25571	80005618	094cacd3	fsub.s	f25,f25,f20	 f25:0x7fc00000 f20:0x3f800000 f25=0x7fc00000
     255745.000 ns	     25573	8000561c	016ce1b3	or	x3,x25,x22	 x25:0x00000000 x22:0x00000200  x3=0x00000200
     255755.000 ns	     25574	80005620	08e38213	addi	x4,x7,142	  x7:0x00000001  x4=0x0000008f
     255775.000 ns	     25576	80005624	f00e87d3	fmv.w.x	f15,x29	 x29:0x00000000 f15=0x00000000
     255805.000 ns	     25579	80005628	2160a0d3	fsgnjx.s	f1,f1,f22	  f1:0x00000000 f22:0x4f49613c  f1=0x00000000
     255825.000 ns	     25581	8000562c	00000013	addi	x0,x0,0	  x0:0x00000000
     255845.000 ns	     25583	80005630	c01c7953	fcvt.wu.s	x18,f24	 f24:0x80000000 x18=0x00000000
     255875.000 ns	     25586	80005634	02568c33	mul	x24,x13,x5	 x13:0x00000376  x5:0x00000040 x24=0x0000dd80
     255905.000 ns	     25589	80005638	d0137553	fcvt.s.wu	f10,x6	  x6:0x00000000 f10=0x00000000
     255925.000 ns	     25591	8000563c	00cb82b3	add	x5,x23,x12	 x23:0x00000000 x12:0x00000010  x5=0x00000010
     255955.000 ns	     25594	80005640	18257053	fdiv.s	f0,f10,f2	 f10:0x00000000  f2:0x00000000  f0=0x7fc00000
     255985.000 ns	     25597	80005644	c00e7e53	fcvt.w.s	x28,f28	 f28:0x3f800000 x28=0x00000001
     256035.000 ns	     25602	80005648	08ecc153	fsub.s	f2,f25,f14	 f25:0x7fc00000 f14:0x7fc00000  f2=0x7fc00000
     256065.000 ns	     25605	8000564c	036c2133	mulhsu	x2,x24,x22	 x24:0x0000dd80 x22:0x00000200  x2=0x00000000
     256085.000 ns	     25607	80005650	00000013	addi	x0,x0,0	  x0:0x00000000
     256445.000 ns	     25643	80005654	02e14cb3	div	x25,x2,x14	  x2:0x00000000 x14:0xa700c5b4 x25=0x00000000
     256465.000 ns	     25645	80005658	5732ca93	xori	x21,x5,1395	  x5:0x00000010 x21=0x00000563
     256485.000 ns	     25647	8000565c	a11123d3	feq.s	x7,f2,f17	  f2:0x7fc00000 f17:0x3f800000  x7=0x00000000
     256515.000 ns	     25650	80005660	039026b3	mulhsu	x13,x0,x25	  x0:0x00000000 x25:0x00000000 x13=0x00000000
     256535.000 ns	     25652	80005664	74ade313	ori	x6,x27,1866	 x27:0xffffffff  x6=0xffffffff
     256555.000 ns	     25654	80005668	203905d3	fsgnj.s	f11,f18,f3	 f18:0x7fc00000  f3:0x00000000 f11=0x7fc00000
     256575.000 ns	     25656	8000566c	0173d933	srl	x18,x7,x23	  x7:0x00000000 x23:0x00000000 x18=0x00000000
     256595.000 ns	     25658	80005670	299d1853	fmax.s	f16,f26,f25	 f26:0x7fc00000 f25:0x7fc00000 f16=0x7fc00000
     256615.000 ns	     25660	80005674	9b1f8293	addi	x5,x31,-1615	 x31:0xffffc002  x5=0xffffb9b3
     256635.000 ns	     25662	80005678	284c98d3	fmax.s	f17,f25,f4	 f25:0x7fc00000  f4:0x7fc00000 f17=0x7fc00000
     256665.000 ns	     25665	8000567c	f00c0c53	fmv.w.x	f24,x24	 x24:0x0000dd80 f24=0x0000dd80
     256695.000 ns	     25668	80005680	29e006d3	fmin.s	f13,f0,f30	  f0:0x7fc00000 f30:0x00000000 f13=0x00000000
     256715.000 ns	     25670	80005684	e6de7613	andi	x12,x28,-403	 x28:0x00000001 x12=0x00000001
     256725.000 ns	     25671	80005688	a7b34b93	xori	x23,x6,-1413	  x6:0xffffffff x23=0x00000584
     256735.000 ns	     25672	8000568c	00a3c4b3	xor	x9,x7,x10	  x7:0x00000000 x10:0x00000200  x9=0x00000200
     256765.000 ns	     25675	80005690	10d07453	fmul.s	f8,f0,f13	  f0:0x7fc00000 f13:0x00000000  f8=0x7fc00000
     256785.000 ns	     25677	80005694	a2fcf613	andi	x12,x25,-1489	 x25:0x00000000 x12=0x00000000
     256795.000 ns	     25678	80005698	97372613	slti	x12,x14,-1677	 x14:0xa700c5b4 x12=0x00000001
     256805.000 ns	     25679	8000569c	415ddeb3	sra	x29,x27,x21	 x27:0xffffffff x21:0x00000563 x29=0xffffffff
     256835.000 ns	     25682	800056a0	580dcb53	fsqrt.s	f22,f27	 f27:0x00000000 f22=0x00000000
     256875.000 ns	     25686	800056a4	580b05d3	fsqrt.s	f11,f22	 f22:0x4f49613c f11=0x00000000
     257245.000 ns	     25723	800056a8	02957b33	remu	x22,x10,x9	 x10:0x00000200  x9:0x00000200 x22=0x00000000
     257265.000 ns	     25725	800056ac	40b75b33	sra	x22,x14,x11	 x14:0xa700c5b4 x11:0x00000000 x22=0xa700c5b4
     257285.000 ns	     25727	800056b0	02a117b3	mulh	x15,x2,x10	  x2:0x00000000 x10:0x00000200 x15=0x00000000
     257305.000 ns	     25729	800056b4	00000013	addi	x0,x0,0	  x0:0x00000000
     257325.000 ns	     25731	800056b8	03d825b3	mulhsu	x11,x16,x29	 x16:0x00000001 x29:0xffffffff x11=0x00000000
     257695.000 ns	     25768	800056bc	035fe333	rem	x6,x31,x21	 x31:0xffffc002 x21:0x00000563  x6=0xfffffb43
     257725.000 ns	     25771	800056c0	e0008c53	fmv.x.w	x24,f1	  f1:0x00000000 x24=0x00000000
     257755.000 ns	     25774	800056c4	d00d9753	fcvt.s.w	f14,x27	 x27:0xffffffff f14=0xbf800000
     257805.000 ns	     25779	800056c8	00627cd3	fadd.s	f25,f4,f6	  f4:0x7fc00000  f6:0x7fc00000 f25=0x7fc00000
     257825.000 ns	     25781	800056cc	c2756713	ori	x14,x10,-985	 x10:0x00000200 x14=0xfffffe27
     257845.000 ns	     25783	800056d0	20191fd3	fsgnjn.s	f31,f18,f1	 f18:0x7fc00000  f1:0x00000000 f31=0xffc00000
     257885.000 ns	     25787	800056d4	107e7653	fmul.s	f12,f28,f7	 f28:0x3f800000  f7:0x7f800000 f12=0x7f800000
     257905.000 ns	     25789	800056d8	00e499b3	sll	x19,x9,x14	  x9:0x00000200 x14:0xfffffe27 x19=0x00010000
     257925.000 ns	     25791	800056dc	03f58b33	mul	x22,x11,x31	 x11:0x00000000 x31:0xffffc002 x22=0x00000000
     257955.000 ns	     25794	800056e0	e00a1ed3	fclass.s	x29,f20	 f20:0x3f800000 x29=0x00000040
     257985.000 ns	     25797	800056e4	e0040bd3	fmv.x.w	x23,f8	  f8:0x7fc00000 x23=0x7fc00000
     258005.000 ns	     25799	800056e8	00a8e5b3	or	x11,x17,x10	 x17:0x00000001 x10:0x00000200 x11=0x00000201
     258015.000 ns	     25800	800056ec	1af5b113	sltiu	x2,x11,431	 x11:0x00000000  x2=0x00000000
     258035.000 ns	     25802	800056f0	031713b3	mulh	x7,x14,x17	 x14:0xfffffe27 x17:0x00000001  x7=0xffffffff
     258055.000 ns	     25804	800056f4	00094233	xor	x4,x18,x0	 x18:0x00000000  x0:0x00000000  x4=0x00000000
     258065.000 ns	     25805	800056f8	00000013	addi	x0,x0,0	  x0:0x00000000
     258085.000 ns	     25807	800056fc	d000b553	fcvt.s.w	f10,x1	  x1:0x80000000 f10=0xcf000000
     258105.000 ns	     25809	80005700	401c5393	srai	x7,x24,0x1	 x24:0x00000000  x7=0x00000000
     258125.000 ns	     25811	80005704	e00385d3	fmv.x.w	x11,f7	  f7:0x7f800000 x11=0x7f800000
     258145.000 ns	     25813	80005708	00000013	addi	x0,x0,0	  x0:0x00000000
     258155.000 ns	     25814	8000570c	003b12b3	sll	x5,x22,x3	 x22:0x00000000  x3:0x00000200  x5=0x00000000
     258175.000 ns	     25816	80005710	e00b86d3	fmv.x.w	x13,f23	 f23:0x7fc00000 x13=0x7fc00000
     258195.000 ns	     25818	80005714	9bf34193	xori	x3,x6,-1601	  x6:0xfffffb43  x3=0x000002fc
     258215.000 ns	     25820	80005718	c0089fd3	fcvt.w.s	x31,f17	 f17:0x7fc00000 x31=0x7fffffff
     258235.000 ns	     25822	8000571c	15c7b513	sltiu	x10,x15,348	 x15:0x00000000 x10=0x00000001
     258245.000 ns	     25823	80005720	5f11e113	ori	x2,x3,1521	  x3:0x000002fc  x2=0x000007fd
     258265.000 ns	     25825	80005724	21d72a53	fsgnjx.s	f20,f14,f29	 f14:0xbf800000 f29:0x7fc00000 f20=0xbf800000
     258285.000 ns	     25827	80005728	41455393	srai	x7,x10,0x14	 x10:0x00000001  x7=0x00000000
     258295.000 ns	     25828	8000572c	5fa9f217	auipc	x4,0x5fa9f	  x4=0xdfaa472c
     258315.000 ns	     25830	80005730	034c1733	mulh	x14,x24,x20	 x24:0x00000000 x20:0x80041024 x14=0x00000000
     258335.000 ns	     25832	80005734	44148cb7	lui	x25,0x44148	 x25=0x44148000
     258355.000 ns	     25834	80005738	c00024d3	fcvt.w.s	x9,f0	  f0:0x7fc00000  x9=0x7fffffff
     258385.000 ns	     25837	8000573c	030f3bb3	mulhu	x23,x30,x16	 x30:0x00000000 x16:0x00000001 x23=0x00000000
     258405.000 ns	     25839	80005740	c0866693	ori	x13,x12,-1016	 x12:0x00000001 x13=0xfffffc09
     258425.000 ns	     25841	80005744	e0098cd3	fmv.x.w	x25,f19	 f19:0x7fc00000 x25=0x7fc00000
     258445.000 ns	     25843	80005748	0059feb3	and	x29,x19,x5	 x19:0x00010000  x5:0x00000000 x29=0x00000000
     258485.000 ns	     25847	8000574c	0872bbd3	fsub.s	f23,f5,f7	  f5:0x3f800000  f7:0x7f800000 f23=0xff800000
     258515.000 ns	     25850	80005750	a0058fd3	fle.s	x31,f11,f0	 f11:0x00000000  f0:0x7fc00000 x31=0x00000000
     258535.000 ns	     25852	80005754	dae47813	andi	x16,x8,-594	  x8:0x80040fe4 x16=0x80040da4
     258555.000 ns	     25854	80005758	c00d4153	fcvt.w.s	x2,f26	 f26:0x7fc00000  x2=0x7fffffff
     258585.000 ns	     25857	8000575c	c0130353	fcvt.wu.s	x6,f6	  f6:0x7fc00000  x6=0xffffffff
     258605.000 ns	     25859	80005760	0114f6b3	and	x13,x9,x17	  x9:0x7fffffff x17:0x00000001 x13=0x00000001
     258625.000 ns	     25861	80005764	d01caf53	fcvt.s.wu	f30,x25	 x25:0x7fc00000 f30=0x4eff8000
     258645.000 ns	     25863	80005768	4a183293	sltiu	x5,x16,1185	 x16:0x80040da4  x5=0x00000000
     258655.000 ns	     25864	8000576c	40920833	sub	x16,x4,x9	  x4:0xdfaa472c  x9:0x7fffffff x16=0x5faa472d
     259015.000 ns	     25900	80005770	03036333	rem	x6,x6,x16	  x6:0xffffffff x16:0x80040da4  x6=0xffffffff
     259035.000 ns	     25902	80005774	e61b0793	addi	x15,x22,-415	 x22:0x00000000 x15=0xfffffe61
     259045.000 ns	     25903	80005778	01139b93	slli	x23,x7,0x11	  x7:0x00000000 x23=0x00000000
     259065.000 ns	     25905	8000577c	e00e9153	fclass.s	x2,f29	 f29:0x7fc00000  x2=0x00000200
     259095.000 ns	     25908	80005780	03f6b533	mulhu	x10,x13,x31	 x13:0x00000001 x31:0x00000000 x10=0x00000000
     259115.000 ns	     25910	80005784	3d92f213	andi	x4,x5,985	  x5:0x00000000  x4=0x00000000
     259145.000 ns	     25913	80005788	1154fcd3	fmul.s	f25,f9,f21	  f9:0x7fc00000 f21:0x80000000 f25=0x7fc00000
     259175.000 ns	     25916	8000578c	20dba1d3	fsgnjx.s	f3,f23,f13	 f23:0xff800000 f13:0x00000000  f3=0xff800000
     259205.000 ns	     25919	80005790	02821e33	mulh	x28,x4,x8	  x4:0x00000000  x8:0x80040fe4 x28=0x00000000
     259225.000 ns	     25921	80005794	01d03c33	sltu	x24,x0,x29	  x0:0x00000000 x29:0x00000000 x24=0x00000000
     259265.000 ns	     25925	80005798	00a5a5d3	fadd.s	f11,f11,f10	 f11:0x00000000 f10:0xcf000000 f11=0xcf000000
     259285.000 ns	     25927	8000579c	2a687193	andi	x3,x16,678	 x16:0x5faa472d  x3=0x00000224
     259295.000 ns	     25928	800057a0	40b983b3	sub	x7,x19,x11	 x19:0x00010000 x11:0x7f800000  x7=0x80810000
     259305.000 ns	     25929	800057a4	0070b133	sltu	x2,x1,x7	  x1:0x80000000  x7:0x00000000  x2=0x00000001
     259325.000 ns	     25931	800057a8	d01981d3	fcvt.s.wu	f3,x19	 x19:0x00010000  f3=0x47800000
     259365.000 ns	     25935	800057ac	19798053	fdiv.s	f0,f19,f23	 f19:0x7fc00000 f23:0xff800000  f0=0x7fc00000
     259385.000 ns	     25937	800057b0	41c4d793	srai	x15,x9,0x1c	  x9:0x7fffffff x15=0x00000007
     259395.000 ns	     25938	800057b4	408b5d13	srai	x26,x22,0x8	 x22:0x00000000 x26=0x00000000
     259405.000 ns	     25939	800057b8	009588b3	add	x17,x11,x9	 x11:0x7f800000  x9:0x7fffffff x17=0xff7fffff
     259425.000 ns	     25941	800057bc	d017c153	fcvt.s.wu	f2,x15	 x15:0x00000007  f2=0x40e00000
     259445.000 ns	     25943	800057c0	00502c33	slt	x24,x0,x5	  x0:0x00000000  x5:0x00000000 x24=0x00000000
     259465.000 ns	     25945	800057c4	e00889d3	fmv.x.w	x19,f17	 f17:0x7fc00000 x19=0x7fc00000
     259515.000 ns	     25950	800057c8	01dc7553	fadd.s	f10,f24,f29	 f24:0x0000dd80 f29:0x7fc00000 f10=0x7fc00000
     259545.000 ns	     25953	800057cc	024288b3	mul	x17,x5,x4	  x5:0x00000000  x4:0x00000000 x17=0x00000000
     259565.000 ns	     25955	800057d0	6f317a93	andi	x21,x2,1779	  x2:0x00000001 x21=0x00000001
     259585.000 ns	     25957	800057d4	c00af6d3	fcvt.w.s	x13,f21	 f21:0x80000000 x13=0x00000000
     259615.000 ns	     25960	800057d8	d0152dd3	fcvt.s.wu	f27,x10	 x10:0x00000000 f27=0x00000000
     259645.000 ns	     25963	800057dc	03e5ffb3	remu	x31,x11,x30	 x11:0x7f800000 x30:0x00000000 x31=0x7f800000
     259685.000 ns	     25967	800057e0	18b7a2d3	fdiv.s	f5,f15,f11	 f15:0x00000000 f11:0xcf000000  f5=0x80000000
     259715.000 ns	     25970	800057e4	d004ba53	fcvt.s.w	f20,x9	  x9:0x7fffffff f20=0x4f000000
     259735.000 ns	     25972	800057e8	015d0cb3	add	x25,x26,x21	 x26:0x00000000 x21:0x00000001 x25=0x00000001
     259745.000 ns	     25973	800057ec	4057dd93	srai	x27,x15,0x5	 x15:0x00000007 x27=0x00000000
     259755.000 ns	     25974	800057f0	20083593	sltiu	x11,x16,512	 x16:0x5faa472d x11=0x00000000
     259765.000 ns	     25975	800057f4	8c99dbb7	lui	x23,0x8c99d	 x23=0x8c99d000
     259775.000 ns	     25976	800057f8	006c5213	srli	x4,x24,0x6	 x24:0x00000000  x4=0x00000000
     259785.000 ns	     25977	800057fc	473fbe93	sltiu	x29,x31,1139	 x31:0x7f800000 x29=0x00000000
     259805.000 ns	     25979	80005800	a06026d3	feq.s	x13,f0,f6	  f0:0x7fc00000  f6:0x7fc00000 x13=0x00000000
     259825.000 ns	     25981	80005804	417f5f93	srai	x31,x30,0x17	 x30:0x00000000 x31=0x00000000
     259865.000 ns	     25985	80005808	01dbfed3	fadd.s	f29,f23,f29	 f23:0xff800000 f29:0x7fc00000 f29=0x7fc00000
     259885.000 ns	     25987	8000580c	00fc16b3	sll	x13,x24,x15	 x24:0x00000000 x15:0x00000007 x13=0x00000000
     259905.000 ns	     25989	80005810	e00b1253	fclass.s	x4,f22	 f22:0x00000000  x4=0x00000010
     259945.000 ns	     25993	80005814	196f3cd3	fdiv.s	f25,f30,f22	 f30:0x4eff8000 f22:0x00000000 f25=0x7f800000
     259965.000 ns	     25995	80005818	011ffc33	and	x24,x31,x17	 x31:0x00000000 x17:0x00000000 x24=0x00000000
     259985.000 ns	     25997	8000581c	21ce9553	fsgnjn.s	f10,f29,f28	 f29:0x7fc00000 f28:0x3f800000 f10=0xffc00000
     260005.000 ns	     25999	80005820	4405fe13	andi	x28,x11,1088	 x11:0x00000000 x28=0x00000000
     260035.000 ns	     26002	80005824	58049ad3	fsqrt.s	f21,f9	  f9:0x7fc00000 f21=0x7fc00000
     260055.000 ns	     26004	80005828	4182df33	sra	x30,x5,x24	  x5:0x00000000 x24:0x00000000 x30=0x00000000
     260075.000 ns	     26006	8000582c	03abc633	div	x12,x23,x26	 x23:0x8c99d000 x26:0x00000000 x12=0xffffffff
     260095.000 ns	     26008	80005830	97436293	ori	x5,x6,-1676	  x6:0xffffffff  x5=0xffffffff
     260115.000 ns	     26010	80005834	03432bb3	mulhsu	x23,x6,x20	  x6:0xffffffff x20:0x80041024 x23=0xffffffff
     260135.000 ns	     26012	80005838	01ea2fb3	slt	x31,x20,x30	 x20:0x80041024 x30:0x00000000 x31=0x00000001
     260145.000 ns	     26013	8000583c	01ab6133	or	x2,x22,x26	 x22:0x00000000 x26:0x00000000  x2=0x00000000
     260165.000 ns	     26015	80005840	f00b0953	fmv.w.x	f18,x22	 x22:0x00000000 f18=0x00000000
     260195.000 ns	     26018	80005844	20240253	fsgnj.s	f4,f8,f2	  f8:0x7fc00000  f2:0x40e00000  f4=0x7fc00000
     260215.000 ns	     26020	80005848	01148eb3	add	x29,x9,x17	  x9:0x7fffffff x17:0x00000000 x29=0x7fffffff
     260235.000 ns	     26022	8000584c	e00218d3	fclass.s	x17,f4	  f4:0x7fc00000 x17=0x00000200
     260265.000 ns	     26025	80005850	e0009cd3	fclass.s	x25,f1	  f1:0x00000000 x25=0x00000010
     260295.000 ns	     26028	80005854	29091853	fmax.s	f16,f18,f16	 f18:0x00000000 f16:0x7fc00000 f16=0x00000000
     260315.000 ns	     26030	80005858	00000013	addi	x0,x0,0	  x0:0x00000000
     260335.000 ns	     26032	8000585c	a0bd1dd3	flt.s	x27,f26,f11	 f26:0x7fc00000 f11:0xcf000000 x27=0x00000000
     260355.000 ns	     26034	80005860	2d36e893	ori	x17,x13,723	 x13:0x00000000 x17=0x000002d3
     260385.000 ns	     26037	80005864	180c11d3	fdiv.s	f3,f24,f0	 f24:0x0000dd80  f0:0x7fc00000  f3=0x7fc00000
     261565.000 ns	     26155	80005868	580e7fd3	fsqrt.s	f31,f28	 f28:0x3f800000 f31=0x3f7fffae
     261585.000 ns	     26157	8000586c	004a14b3	sll	x9,x20,x4	 x20:0x80041024  x4:0x00000010  x9=0x10240000
     261605.000 ns	     26159	80005870	21e4a353	fsgnjx.s	f6,f9,f30	  f9:0x7fc00000 f30:0x4eff8000  f6=0x7fc00000
     261635.000 ns	     26162	80005874	a0bea353	feq.s	x6,f29,f11	 f29:0x7fc00000 f11:0xcf000000  x6=0x00000000
     261665.000 ns	     26165	80005878	03a1b4b3	mulhu	x9,x3,x26	  x3:0x00000224 x26:0x00000000  x9=0x00000000
     261695.000 ns	     26168	8000587c	f0080853	fmv.w.x	f16,x16	 x16:0x5faa472d f16=0x5faa472d
     261725.000 ns	     26171	80005880	f0038ed3	fmv.w.x	f29,x7	  x7:0x80810000 f29=0x80810000
     261745.000 ns	     26173	80005884	404251b3	sra	x3,x4,x4	  x4:0x00000010  x4:0x00000010  x3=0x00000000
     262105.000 ns	     26209	80005888	034378b3	remu	x17,x6,x20	  x6:0x00000000 x20:0x80041024 x17=0x00000000
     262135.000 ns	     26212	8000588c	03e36db3	rem	x27,x6,x30	  x6:0x00000000 x30:0x00000000 x27=0x00000000
     262175.000 ns	     26216	80005890	111d7753	fmul.s	f14,f26,f17	 f26:0x7fc00000 f17:0x7fc00000 f14=0x7fc00000
     262215.000 ns	     26220	80005894	187974d3	fdiv.s	f9,f18,f7	 f18:0x00000000  f7:0x7f800000  f9=0x00000000
     262235.000 ns	     26222	80005898	01f75913	srli	x18,x14,0x1f	 x14:0x00000000 x18=0x00000000
     262255.000 ns	     26224	8000589c	21588ad3	fsgnj.s	f21,f17,f21	 f17:0x7fc00000 f21:0x7fc00000 f21=0x7fc00000
     262275.000 ns	     26226	800058a0	01e952b3	srl	x5,x18,x30	 x18:0x00000000 x30:0x00000000  x5=0x00000000
     262315.000 ns	     26230	800058a4	00db2253	fadd.s	f4,f22,f13	 f22:0x00000000 f13:0x00000000  f4=0x00000000
     262345.000 ns	     26233	800058a8	e00906d3	fmv.x.w	x13,f18	 f18:0x00000000 x13=0x00000000
     262365.000 ns	     26235	800058ac	017ee233	or	x4,x29,x23	 x29:0x7fffffff x23:0xffffffff  x4=0xffffffff
     262375.000 ns	     26236	800058b0	018ab033	sltu	x0,x21,x24	 x21:0x00000001 x24:0x00000000
     262395.000 ns	     26238	800058b4	21070bd3	fsgnj.s	f23,f14,f16	 f14:0x7fc00000 f16:0x5faa472d f23=0x7fc00000
     262415.000 ns	     26240	800058b8	00000013	addi	x0,x0,0	  x0:0x00000000
     262435.000 ns	     26242	800058bc	c01bf953	fcvt.wu.s	x18,f23	 f23:0x7fc00000 x18=0xffffffff
     262805.000 ns	     26279	800058c0	024c69b3	rem	x19,x24,x4	 x24:0x00000000  x4:0xffffffff x19=0x00000000
     262835.000 ns	     26282	800058c4	c0141bd3	fcvt.wu.s	x23,f8	  f8:0x7fc00000 x23=0xffffffff
     262855.000 ns	     26284	800058c8	00ab3e33	sltu	x28,x22,x10	 x22:0x00000000 x10:0x00000000 x28=0x00000000
     262875.000 ns	     26286	800058cc	21ddacd3	fsgnjx.s	f25,f27,f29	 f27:0x00000000 f29:0x80810000 f25=0x80000000
     262905.000 ns	     26289	800058d0	d01aaf53	fcvt.s.wu	f30,x21	 x21:0x00000001 f30=0x3f800000
     262935.000 ns	     26292	800058d4	20fda0d3	fsgnjx.s	f1,f27,f15	 f27:0x00000000 f15:0x00000000  f1=0x00000000
     262965.000 ns	     26295	800058d8	02ea67b3	rem	x15,x20,x14	 x20:0x80041024 x14:0x00000000 x15=0x80041024
     262995.000 ns	     26298	800058dc	29f31953	fmax.s	f18,f6,f31	  f6:0x7fc00000 f31:0x3f7fffae f18=0x3f7fffae
     263015.000 ns	     26300	800058e0	7e218617	auipc	x12,0x7e218	 x12=0xfe21d8e0
     263055.000 ns	     26304	800058e4	09153353	fsub.s	f6,f10,f17	 f10:0xffc00000 f17:0x7fc00000  f6=0x7fc00000
     263085.000 ns	     26307	800058e8	289c98d3	fmax.s	f17,f25,f9	 f25:0x80000000  f9:0x00000000 f17=0x00000000
     263115.000 ns	     26310	800058ec	282e8ad3	fmin.s	f21,f29,f2	 f29:0x80810000  f2:0x40e00000 f21=0x80810000
     263145.000 ns	     26313	800058f0	03c25ab3	divu	x21,x4,x28	  x4:0xffffffff x28:0x00000000 x21=0xffffffff
     263175.000 ns	     26316	800058f4	0306a733	mulhsu	x14,x13,x16	 x13:0x00000000 x16:0x5faa472d x14=0x00000000
     263205.000 ns	     26319	800058f8	e00e0853	fmv.x.w	x16,f28	 f28:0x3f800000 x16=0x3f800000
     263235.000 ns	     26322	800058fc	a101ae53	feq.s	x28,f3,f16	  f3:0x7fc00000 f16:0x5faa472d x28=0x00000000
     263255.000 ns	     26324	80005900	01b55d33	srl	x26,x10,x27	 x10:0x00000000 x27:0x00000000 x26=0x00000000
     263265.000 ns	     26325	80005904	00e1c133	xor	x2,x3,x14	  x3:0x00000000 x14:0x00000000  x2=0x00000000
     263275.000 ns	     26326	80005908	01a26533	or	x10,x4,x26	  x4:0xffffffff x26:0x00000000 x10=0xffffffff
     263295.000 ns	     26328	8000590c	d0122cd3	fcvt.s.wu	f25,x4	  x4:0xffffffff f25=0x4f800000
     263325.000 ns	     26331	80005910	28049253	fmax.s	f4,f9,f0	  f9:0x00000000  f0:0x7fc00000  f4=0x00000000
     263345.000 ns	     26333	80005914	003096b3	sll	x13,x1,x3	  x1:0x80000000  x3:0x00000000 x13=0x80000000
     263375.000 ns	     26336	80005918	1949f553	fdiv.s	f10,f19,f20	 f19:0x7fc00000 f20:0x4f000000 f10=0x7fc00000
     263415.000 ns	     26340	8000591c	1886b453	fdiv.s	f8,f13,f8	 f13:0x00000000  f8:0x7fc00000  f8=0x7fc00000
     263465.000 ns	     26345	80005920	01ea9653	fadd.s	f12,f21,f30	 f21:0x80810000 f30:0x3f800000 f12=0x3f800000
     263485.000 ns	     26347	80005924	01fbe233	or	x4,x23,x31	 x23:0xffffffff x31:0x00000001  x4=0xffffffff
     263505.000 ns	     26349	80005928	026ab1b3	mulhu	x3,x21,x6	 x21:0xffffffff  x6:0x00000000  x3=0x00000000
     263525.000 ns	     26351	8000592c	00aa1c93	slli	x25,x20,0xa	 x20:0x80041024 x25=0x10409000
     263545.000 ns	     26353	80005930	035496b3	mulh	x13,x9,x21	  x9:0x00000000 x21:0xffffffff x13=0x00000000
     263565.000 ns	     26355	80005934	c22b6013	ori	x0,x22,-990	 x22:0x00000000
     263585.000 ns	     26357	80005938	02bc36b3	mulhu	x13,x24,x11	 x24:0x00000000 x11:0x00000000 x13=0x00000000
     263605.000 ns	     26359	8000593c	c6c74d13	xori	x26,x14,-916	 x14:0x00000000 x26=0xfffffc6c
     263615.000 ns	     26360	80005940	00a79193	slli	x3,x15,0xa	 x15:0x80041024  x3=0x10409000
     263655.000 ns	     26364	80005944	093b7453	fsub.s	f8,f22,f19	 f22:0x00000000 f19:0x7fc00000  f8=0x7fc00000
     263685.000 ns	     26367	80005948	03c34bb3	div	x23,x6,x28	  x6:0x00000000 x28:0x00000000 x23=0xffffffff
     263705.000 ns	     26369	8000594c	001e78b3	and	x17,x28,x1	 x28:0x00000000  x1:0x80000000 x17=0x00000000
     263725.000 ns	     26371	80005950	f00b8653	fmv.w.x	f12,x23	 x23:0xffffffff f12=0xffffffff
     263755.000 ns	     26374	80005954	20c72453	fsgnjx.s	f8,f14,f12	 f14:0x7fc00000 f12:0x3f800000  f8=0xffc00000
     263775.000 ns	     26376	80005958	4603c5b7	lui	x11,0x4603c	 x11=0x4603c000
     263795.000 ns	     26378	8000595c	21c420d3	fsgnjx.s	f1,f8,f28	  f8:0xffc00000 f28:0x3f800000  f1=0xffc00000
     263825.000 ns	     26381	80005960	02fdb233	mulhu	x4,x27,x15	 x27:0x00000000 x15:0x80041024  x4=0x00000000
     263845.000 ns	     26383	80005964	009b55b3	srl	x11,x22,x9	 x22:0x00000000  x9:0x00000000 x11=0x00000000
     263855.000 ns	     26384	80005968	237ec613	xori	x12,x29,567	 x29:0x7fffffff x12=0x7ffffdc8
     263865.000 ns	     26385	8000596c	410cdf33	sra	x30,x25,x16	 x25:0x10409000 x16:0x3f800000 x30=0x10409000
     263875.000 ns	     26386	80005970	01619833	sll	x16,x3,x22	  x3:0x10409000 x22:0x00000000 x16=0x10409000
     263885.000 ns	     26387	80005974	832a4597	auipc	x11,0x832a4	 x11=0x032a9974
     263905.000 ns	     26389	80005978	c01e3053	fcvt.wu.s	x0,f28	 f28:0x3f800000
     263945.000 ns	     26393	8000597c	5806a2d3	fsqrt.s	f5,f13	 f13:0x00000000  f5=0x00000000
     263965.000 ns	     26395	80005980	01968db3	add	x27,x13,x25	 x13:0x00000000 x25:0x10409000 x27=0x10409000
     263985.000 ns	     26397	80005984	0262a7b3	mulhsu	x15,x5,x6	  x5:0x00000000  x6:0x00000000 x15=0x00000000
     264005.000 ns	     26399	80005988	00679033	sll	x0,x15,x6	 x15:0x80041024  x6:0x00000000
     264015.000 ns	     26400	8000598c	1770a993	slti	x19,x1,375	  x1:0x80000000 x19=0x00000001
     264035.000 ns	     26402	80005990	f00806d3	fmv.w.x	f13,x16	 x16:0x10409000 f13=0x10409000
     264055.000 ns	     26404	80005994	40ba8833	sub	x16,x21,x11	 x21:0xffffffff x11:0x032a9974 x16=0xfcd5668b
     264065.000 ns	     26405	80005998	40330333	sub	x6,x6,x3	  x6:0x00000000  x3:0x10409000  x6=0xefbf7000
     264425.000 ns	     26441	8000599c	03d7dfb3	divu	x31,x15,x29	 x15:0x00000000 x29:0x7fffffff x31=0x00000000
     265605.000 ns	     26559	800059a0	580f98d3	fsqrt.s	f17,f31	 f31:0x3f7fffae f17=0x3f35042a
     265635.000 ns	     26562	800059a4	e00c1bd3	fclass.s	x23,f24	 f24:0x0000dd80 x23=0x00000020
     265655.000 ns	     26564	800059a8	40f558b3	sra	x17,x10,x15	 x10:0xffffffff x15:0x00000000 x17=0xffffffff
     265675.000 ns	     26566	800059ac	21d682d3	fsgnj.s	f5,f13,f29	 f13:0x10409000 f29:0x80810000  f5=0x90409000
     265695.000 ns	     26568	800059b0	01609333	sll	x6,x1,x22	  x1:0x80000000 x22:0x00000000  x6=0x80000000
     265705.000 ns	     26569	800059b4	007c86b3	add	x13,x25,x7	 x25:0x10409000  x7:0x80810000 x13=0x90c19000
     265725.000 ns	     26571	800059b8	21f38f53	fsgnj.s	f30,f7,f31	  f7:0x7f800000 f31:0x3f7fffae f30=0x7f800000
     265745.000 ns	     26573	800059bc	79cf0b13	addi	x22,x30,1948	 x30:0x10409000 x22=0x1040979c
     266105.000 ns	     26609	800059c0	031a5b33	divu	x22,x20,x17	 x20:0x80041024 x17:0xffffffff x22=0x00000000
     266125.000 ns	     26611	800059c4	24c8fd93	andi	x27,x17,588	 x17:0xffffffff x27=0x0000024c
     266145.000 ns	     26613	800059c8	03c397b3	mulh	x15,x7,x28	  x7:0x80810000 x28:0x00000000 x15=0x00000000
     266175.000 ns	     26616	800059cc	e00414d3	fclass.s	x9,f8	  f8:0xffc00000  x9=0x00000200
     266205.000 ns	     26619	800059d0	034c9333	mulh	x6,x25,x20	 x25:0x10409000 x20:0x80041024  x6=0xf7dffa08
     266225.000 ns	     26621	800059d4	df88a913	slti	x18,x17,-520	 x17:0xffffffff x18=0x00000000
     266235.000 ns	     26622	800059d8	00caa033	slt	x0,x21,x12	 x21:0xffffffff x12:0x7ffffdc8
     267405.000 ns	     26739	800059dc	580177d3	fsqrt.s	f15,f2	  f2:0x40e00000 f15=0x402953fc
     267425.000 ns	     26741	800059e0	0187d193	srli	x3,x15,0x18	 x15:0x00000000  x3=0x00000000
     267445.000 ns	     26743	800059e4	a01d8253	fle.s	x4,f27,f1	 f27:0x00000000  f1:0xffc00000  x4=0x00000000
     267465.000 ns	     26745	800059e8	9a617f93	andi	x31,x2,-1626	  x2:0x00000000 x31=0x00000000
     267485.000 ns	     26747	800059ec	21c91353	fsgnjn.s	f6,f18,f28	 f18:0x3f7fffae f28:0x3f800000  f6=0xbf7fffae
     267505.000 ns	     26749	800059f0	ed64e613	ori	x12,x9,-298	  x9:0x00000200 x12=0xfffffed6
     267525.000 ns	     26751	800059f4	29538853	fmin.s	f16,f7,f21	  f7:0x7f800000 f21:0x80810000 f16=0x80810000
     267555.000 ns	     26754	800059f8	d013f453	fcvt.s.wu	f8,x7	  x7:0x80810000  f8=0x4f008100
     267585.000 ns	     26757	800059fc	f00d83d3	fmv.w.x	f7,x27	 x27:0x0000024c  f7=0x0000024c
     267625.000 ns	     26761	80005a00	11449f53	fmul.s	f30,f9,f20	  f9:0x00000000 f20:0x4f000000 f30=0x00000000
     267645.000 ns	     26763	80005a04	01b7c2b3	xor	x5,x15,x27	 x15:0x00000000 x27:0x0000024c  x5=0x0000024c
     267665.000 ns	     26765	80005a08	a04889d3	fle.s	x19,f17,f4	 f17:0x3f35042a  f4:0x00000000 x19=0x00000000
     267695.000 ns	     26768	80005a0c	c008a753	fcvt.w.s	x14,f17	 f17:0x3f35042a x14=0x00000000
     267715.000 ns	     26770	80005a10	624d43b7	lui	x7,0x624d4	  x7=0x624d4000
     267735.000 ns	     26772	80005a14	e0048b53	fmv.x.w	x22,f9	  f9:0x00000000 x22=0x00000000
     267765.000 ns	     26775	80005a18	e00398d3	fclass.s	x17,f7	  f7:0x0000024c x17=0x00000020
     267785.000 ns	     26777	80005a1c	41540833	sub	x16,x8,x21	  x8:0x80040fe4 x21:0xffffffff x16=0x80040fe5
     267815.000 ns	     26780	80005a20	18910553	fdiv.s	f10,f2,f9	  f2:0x40e00000  f9:0x00000000 f10=0x7f800000
     267845.000 ns	     26783	80005a24	e00e0853	fmv.x.w	x16,f28	 f28:0x3f800000 x16=0x3f800000
     267865.000 ns	     26785	80005a28	00000013	addi	x0,x0,0	  x0:0x00000000
     267875.000 ns	     26786	80005a2c	014abbb3	sltu	x23,x21,x20	 x21:0xffffffff x20:0x80041024 x23=0x00000000
     267885.000 ns	     26787	80005a30	5a6d0d13	addi	x26,x26,1446	 x26:0xfffffc6c x26=0x00000212
     267895.000 ns	     26788	80005a34	564c2893	slti	x17,x24,1380	 x24:0x00000000 x17=0x00000001
     267915.000 ns	     26790	80005a38	c01d9153	fcvt.wu.s	x2,f27	 f27:0x00000000  x2=0x00000000
     267935.000 ns	     26792	80005a3c	d94bec13	ori	x24,x23,-620	 x23:0x00000000 x24=0xfffffd94
     267955.000 ns	     26794	80005a40	e00a13d3	fclass.s	x7,f20	 f20:0x4f000000  x7=0x00000040
     267985.000 ns	     26797	80005a44	d00573d3	fcvt.s.w	f7,x10	 x10:0xffffffff  f7=0xbf800000
     268005.000 ns	     26799	80005a48	1d1acf13	xori	x30,x21,465	 x21:0xffffffff x30=0xfffffe2e
     268015.000 ns	     26800	80005a4c	30caa493	slti	x9,x21,780	 x21:0xffffffff  x9=0x00000001
     268025.000 ns	     26801	80005a50	0093f833	and	x16,x7,x9	  x7:0x00000040  x9:0x00000200 x16=0x00000000
     268045.000 ns	     26803	80005a54	02c7b033	mulhu	x0,x15,x12	 x15:0x00000000 x12:0xfffffed6
     268065.000 ns	     26805	80005a58	01df9233	sll	x4,x31,x29	 x31:0x00000000 x29:0x7fffffff  x4=0x00000000
     268085.000 ns	     26807	80005a5c	e0060753	fmv.x.w	x14,f12	 f12:0xffffffff x14=0xffffffff
     268105.000 ns	     26809	80005a60	400f0333	sub	x6,x30,x0	 x30:0xfffffe2e  x0:0x00000000  x6=0xfffffe2e
     268115.000 ns	     26810	80005a64	368c5d17	auipc	x26,0x368c5	 x26=0xb68caa64
     268125.000 ns	     26811	80005a68	d3ffbc93	sltiu	x25,x31,-705	 x31:0x00000000 x25=0x00000001
     268145.000 ns	     26813	80005a6c	02f59c33	mulh	x24,x11,x15	 x11:0x032a9974 x15:0x00000000 x24=0x00000000
     268165.000 ns	     26815	80005a70	00503633	sltu	x12,x0,x5	  x0:0x00000000  x5:0x0000024c x12=0x00000001
     268525.000 ns	     26851	80005a74	0253ceb3	div	x29,x7,x5	  x7:0x00000040  x5:0x0000024c x29=0x00000000
     268545.000 ns	     26853	80005a78	1fd5f713	andi	x14,x11,509	 x11:0x032a9974 x14=0x00000174
     268565.000 ns	     26855	80005a7c	037076b3	remu	x13,x0,x23	  x0:0x00000000 x23:0x00000000 x13=0x00000000
     268595.000 ns	     26858	80005a80	d00109d3	fcvt.s.w	f19,x2	  x2:0x00000000 f19=0x00000000
     268625.000 ns	     26861	80005a84	20690153	fsgnj.s	f2,f18,f6	 f18:0x3f7fffae  f6:0xbf7fffae  f2=0xbf7fffae
     268675.000 ns	     26866	80005a88	00d0f0d3	fadd.s	f1,f1,f13	  f1:0xffc00000 f13:0x10409000  f1=0x7fc00000
     268705.000 ns	     26869	80005a8c	03ab3bb3	mulhu	x23,x22,x26	 x22:0x00000000 x26:0xb68caa64 x23=0x00000000
     268735.000 ns	     26872	80005a90	03e983b3	mul	x7,x19,x30	 x19:0x00000000 x30:0xfffffe2e  x7=0x00000000
     269105.000 ns	     26909	80005a94	039674b3	remu	x9,x12,x25	 x12:0x00000001 x25:0x00000001  x9=0x00000000
     269475.000 ns	     26946	80005a98	03e0cf33	div	x30,x1,x30	  x1:0x80000000 x30:0xfffffe2e x30=0x0046514e
     269495.000 ns	     26948	80005a9c	4005dab3	sra	x21,x11,x0	 x11:0x032a9974  x0:0x00000000 x21=0x032a9974
     269515.000 ns	     26950	80005aa0	c01628d3	fcvt.wu.s	x17,f12	 f12:0xffffffff x17=0xffffffff
     269555.000 ns	     26954	80005aa4	118078d3	fmul.s	f17,f0,f24	  f0:0x7fc00000 f24:0x0000dd80 f17=0x7fc00000
     269575.000 ns	     26956	80005aa8	001984b7	lui	x9,0x198	  x9=0x00198000
     269595.000 ns	     26958	80005aac	294e12d3	fmax.s	f5,f28,f20	 f28:0x3f800000 f20:0x4f000000  f5=0x4f000000
     269615.000 ns	     26960	80005ab0	016ce833	or	x16,x25,x22	 x25:0x00000001 x22:0x00000000 x16=0x00000001
     269635.000 ns	     26962	80005ab4	c0159653	fcvt.wu.s	x12,f11	 f11:0xcf000000 x12=0x80000000
     269685.000 ns	     26967	80005ab8	00278453	fadd.s	f8,f15,f2	 f15:0x402953fc  f2:0xbf7fffae  f8=0x3fd2a820
     269715.000 ns	     26970	80005abc	29b019d3	fmax.s	f19,f0,f27	  f0:0x7fc00000 f27:0x00000000 f19=0x00000000
     269735.000 ns	     26972	80005ac0	c9c26513	ori	x10,x4,-868	  x4:0x00000000 x10=0xfffffc9c
     269755.000 ns	     26974	80005ac4	294618d3	fmax.s	f17,f12,f20	 f12:0xffffffff f20:0x4f000000 f17=0x4f000000
     269785.000 ns	     26977	80005ac8	29879553	fmax.s	f10,f15,f24	 f15:0x402953fc f24:0x0000dd80 f10=0x402953fc
     270125.000 ns	     27011	80005acc	18de45d3	fdiv.s	f11,f28,f13	 f28:0x3f800000 f13:0x10409000 f11=0x6eb4b4b6
     270495.000 ns	     27048	80005ad0	02aedf33	divu	x30,x29,x10	 x29:0x00000000 x10:0xfffffc9c x30=0x00000000
     270515.000 ns	     27050	80005ad4	00dec5b3	xor	x11,x29,x13	 x29:0x00000000 x13:0x00000000 x11=0x00000000
     270875.000 ns	     27086	80005ad8	02887eb3	remu	x29,x16,x8	 x16:0x00000001  x8:0x80040fe4 x29=0x00000001
     270895.000 ns	     27088	80005adc	57accf13	xori	x30,x25,1402	 x25:0x00000001 x30=0x0000057b
     270915.000 ns	     27090	80005ae0	d0093553	fcvt.s.w	f10,x18	 x18:0x00000000 f10=0x00000000
     270945.000 ns	     27093	80005ae4	e00d1b53	fclass.s	x22,f26	 f26:0x7fc00000 x22=0x00000200
     270975.000 ns	     27096	80005ae8	d00b8a53	fcvt.s.w	f20,x23	 x23:0x00000000 f20=0x00000000
     271005.000 ns	     27099	80005aec	d01bfe53	fcvt.s.wu	f28,x23	 x23:0x00000000 f28=0x00000000
     271035.000 ns	     27102	80005af0	d0081c53	fcvt.s.w	f24,x16	 x16:0x00000001 f24=0x3f800000
     271075.000 ns	     27106	80005af4	10f97fd3	fmul.s	f31,f18,f15	 f18:0x3f7fffae f15:0x402953fc f31=0x402953c6
     271095.000 ns	     27108	80005af8	003548b3	xor	x17,x10,x3	 x10:0xfffffc9c  x3:0x00000000 x17=0xfffffc9c
     271105.000 ns	     27109	80005afc	00a89eb3	sll	x29,x17,x10	 x17:0xffffffff x10:0xfffffc9c x29=0xc0000000
     271125.000 ns	     27111	80005b00	a1400753	fle.s	x14,f0,f20	  f0:0x7fc00000 f20:0x00000000 x14=0x00000000
     271145.000 ns	     27113	80005b04	86737c13	andi	x24,x6,-1945	  x6:0xfffffe2e x24=0xfffff826
     271155.000 ns	     27114	80005b08	8499a193	slti	x3,x19,-1975	 x19:0x00000000  x3=0x00000000
     271175.000 ns	     27116	80005b0c	21d90c53	fsgnj.s	f24,f18,f29	 f18:0x3f7fffae f29:0x80810000 f24=0xbf7fffae
     271195.000 ns	     27118	80005b10	0123fe33	and	x28,x7,x18	  x7:0x00000000 x18:0x00000000 x28=0x00000000
     271215.000 ns	     27120	80005b14	03860833	mul	x16,x12,x24	 x12:0x80000000 x24:0xfffff826 x16=0x00000000
     271245.000 ns	     27123	80005b18	02c52233	mulhsu	x4,x10,x12	 x10:0xfffffc9c x12:0x80000000  x4=0xfffffe4e
     271265.000 ns	     27125	80005b1c	dac0cd93	xori	x27,x1,-596	  x1:0x80000000 x27=0x7ffffdac
     271275.000 ns	     27126	80005b20	019686b3	add	x13,x13,x25	 x13:0x00000000 x25:0x00000001 x13=0x00000001
     271295.000 ns	     27128	80005b24	d006f153	fcvt.s.w	f2,x13	 x13:0x00000000  f2=0x3f800000
     271315.000 ns	     27130	80005b28	004bdf33	srl	x30,x23,x4	 x23:0x00000000  x4:0xfffffe4e x30=0x00000000
     271325.000 ns	     27131	80005b2c	150f1db7	lui	x27,0x150f1	 x27=0x150f1000
     271345.000 ns	     27133	80005b30	02051233	mulh	x4,x10,x0	 x10:0xfffffc9c  x0:0x00000000  x4=0x00000000
     271375.000 ns	     27136	80005b34	d0067bd3	fcvt.s.w	f23,x12	 x12:0x80000000 f23=0xcf000000
     271405.000 ns	     27139	80005b38	d01d7553	fcvt.s.wu	f10,x26	 x26:0xb68caa64 f10=0x4f368caa
     271425.000 ns	     27141	80005b3c	0158a4b3	slt	x9,x17,x21	 x17:0xfffffc9c x21:0x032a9974  x9=0x00000001
     271455.000 ns	     27144	80005b40	111490d3	fmul.s	f1,f9,f17	  f9:0x00000000 f17:0x4f000000  f1=0x00000000
     271825.000 ns	     27181	80005b44	03d8c233	div	x4,x17,x29	 x17:0xfffffc9c x29:0xc0000000  x4=0x00000000
     271845.000 ns	     27183	80005b48	017877b3	and	x15,x16,x23	 x16:0x00000000 x23:0x00000000 x15=0x00000000
     271855.000 ns	     27184	80005b4c	011817b3	sll	x15,x16,x17	 x16:0x00000000 x17:0xfffffc9c x15=0x00000000
     271865.000 ns	     27185	80005b50	01adceb3	xor	x29,x27,x26	 x27:0x150f1000 x26:0xb68caa64 x29=0xa383ba64
     271885.000 ns	     27187	80005b54	c0137253	fcvt.wu.s	x4,f6	  f6:0xbf7fffae  x4=0x00000000
     272255.000 ns	     27224	80005b58	03566933	rem	x18,x12,x21	 x12:0x80000000 x21:0x032a9974 x18=0xfea7fa20
     272285.000 ns	     27227	80005b5c	036b03b3	mul	x7,x22,x22	 x22:0x00000200 x22:0x00000200  x7=0x00040000
     272305.000 ns	     27229	80005b60	00e292b3	sll	x5,x5,x14	  x5:0x0000024c x14:0x00000000  x5=0x0000024c
     272315.000 ns	     27230	80005b64	4f49bdb7	lui	x27,0x4f49b	 x27=0x4f49b000
     272675.000 ns	     27266	80005b68	02c07133	remu	x2,x0,x12	  x0:0x00000000 x12:0x80000000  x2=0x00000000
     272695.000 ns	     27268	80005b6c	13a63893	sltiu	x17,x12,314	 x12:0x80000000 x17=0x00000000
     272735.000 ns	     27272	80005b70	01a74b53	fadd.s	f22,f14,f26	 f14:0x7fc00000 f26:0x7fc00000 f22=0x7fc00000
     272765.000 ns	     27275	80005b74	0304a7b3	mulhsu	x15,x9,x16	  x9:0x00000001 x16:0x00000000 x15=0x00000000
     272785.000 ns	     27277	80005b78	d8040293	addi	x5,x8,-640	  x8:0x80040fe4  x5=0x80040d64
     272805.000 ns	     27279	80005b7c	c01176d3	fcvt.wu.s	x13,f2	  f2:0x3f800000 x13=0x00000001
     272835.000 ns	     27282	80005b80	a0fd18d3	flt.s	x17,f26,f15	 f26:0x7fc00000 f15:0x402953fc x17=0x00000000
     272865.000 ns	     27285	80005b84	d0182e53	fcvt.s.wu	f28,x16	 x16:0x00000000 f28=0x00000000
     272895.000 ns	     27288	80005b88	0377f033	remu	x0,x15,x23	 x15:0x00000000 x23:0x00000000
     272935.000 ns	     27292	80005b8c	1031f1d3	fmul.s	f3,f3,f3	  f3:0x7fc00000  f3:0x7fc00000  f3=0x7fc00000
     272965.000 ns	     27295	80005b90	d0027dd3	fcvt.s.w	f27,x4	  x4:0x00000000 f27=0x00000000
     272985.000 ns	     27297	80005b94	010805b3	add	x11,x16,x16	 x16:0x00000000 x16:0x00000000 x11=0x00000000
     272995.000 ns	     27298	80005b98	f42c8217	auipc	x4,0xf42c8	  x4=0x742cdb98
     273015.000 ns	     27300	80005b9c	03fb4bb3	div	x23,x22,x31	 x22:0x00000200 x31:0x00000000 x23=0xffffffff
     273035.000 ns	     27302	80005ba0	401dd393	srai	x7,x27,0x1	 x27:0x4f49b000  x7=0x27a4d800
     273055.000 ns	     27304	80005ba4	e0071d53	fclass.s	x26,f14	 f14:0x7fc00000 x26=0x00000200
     273075.000 ns	     27306	80005ba8	01d75b33	srl	x22,x14,x29	 x14:0x00000000 x29:0xa383ba64 x22=0x00000000
     273085.000 ns	     27307	80005bac	005de333	or	x6,x27,x5	 x27:0x4f49b000  x5:0x80040d64  x6=0xcf4dbd64
     273105.000 ns	     27309	80005bb0	032b0db3	mul	x27,x22,x18	 x22:0x00000200 x18:0xfea7fa20 x27=0x00000000
     273125.000 ns	     27311	80005bb4	00bef233	and	x4,x29,x11	 x29:0xa383ba64 x11:0x00000000  x4=0x00000000
     273485.000 ns	     27347	80005bb8	02627e33	remu	x28,x4,x6	  x4:0x742cdb98  x6:0xcf4dbd64 x28=0x00000000
     273505.000 ns	     27349	80005bbc	0020c6b3	xor	x13,x1,x2	  x1:0x80000000  x2:0x00000000 x13=0x80000000
     273515.000 ns	     27350	80005bc0	afa5a713	slti	x14,x11,-1286	 x11:0x00000000 x14=0x00000000
     273545.000 ns	     27353	80005bc4	10938dd3	fmul.s	f27,f7,f9	  f7:0xbf800000  f9:0x00000000 f27=0x80000000
     273575.000 ns	     27356	80005bc8	207a99d3	fsgnjn.s	f19,f21,f7	 f21:0x80810000  f7:0xbf800000 f19=0x00810000
     273605.000 ns	     27359	80005bcc	e00793d3	fclass.s	x7,f15	 f15:0x402953fc  x7=0x00000040
     273625.000 ns	     27361	80005bd0	00f8c3b3	xor	x7,x17,x15	 x17:0x00000000 x15:0x00000000  x7=0x00000000
     273635.000 ns	     27362	80005bd4	402ddc93	srai	x25,x27,0x2	 x27:0x00000000 x25=0x00000000
     273655.000 ns	     27364	80005bd8	03cd5ab3	divu	x21,x26,x28	 x26:0x00000200 x28:0x00000000 x21=0xffffffff
     273685.000 ns	     27367	80005bdc	28339f53	fmax.s	f30,f7,f3	  f7:0xbf800000  f3:0x7fc00000 f30=0xbf800000
     273715.000 ns	     27370	80005be0	c0087353	fcvt.w.s	x6,f16	 f16:0x80810000  x6=0x00000000
     273745.000 ns	     27373	80005be4	03759333	mulh	x6,x11,x23	 x11:0x00000000 x23:0xffffffff  x6=0x00000000
     273765.000 ns	     27375	80005be8	40c753b3	sra	x7,x14,x12	 x14:0x00000000 x12:0x80000000  x7=0x00000000
     273775.000 ns	     27376	80005bec	416086b3	sub	x13,x1,x22	  x1:0x80000000 x22:0x00000000 x13=0x80000000
     273785.000 ns	     27377	80005bf0	002d68b3	or	x17,x26,x2	 x26:0x00000200  x2:0x00000000 x17=0x00000200
     273825.000 ns	     27381	80005bf4	089d43d3	fsub.s	f7,f26,f9	 f26:0x7fc00000  f9:0x00000000  f7=0x7fc00000
     273845.000 ns	     27383	80005bf8	401f07b3	sub	x15,x30,x1	 x30:0x00000000  x1:0x80000000 x15=0x80000000
     273865.000 ns	     27385	80005bfc	20520e53	fsgnj.s	f28,f4,f5	  f4:0x00000000  f5:0x4f000000 f28=0x00000000
     273885.000 ns	     27387	80005c00	01aa6ab3	or	x21,x20,x26	 x20:0x80041024 x26:0x00000200 x21=0x80041224
     273905.000 ns	     27389	80005c04	c00b1753	fcvt.w.s	x14,f22	 f22:0x7fc00000 x14=0x7fffffff
     273925.000 ns	     27391	80005c08	5a367f13	andi	x30,x12,1443	 x12:0x80000000 x30=0x00000000
     273935.000 ns	     27392	80005c0c	9d96a2b7	lui	x5,0x9d96a	  x5=0x9d96a000
     273945.000 ns	     27393	80005c10	c9b97013	andi	x0,x18,-869	 x18:0xfea7fa20
     273965.000 ns	     27395	80005c14	035da9b3	mulhsu	x19,x27,x21	 x27:0x00000000 x21:0x80041224 x19=0x00000000
     273995.000 ns	     27398	80005c18	f00180d3	fmv.w.x	f1,x3	  x3:0x00000000  f1=0x00000000
     274025.000 ns	     27401	80005c1c	211c1ed3	fsgnjn.s	f29,f24,f17	 f24:0xbf7fffae f17:0x4f000000 f29=0xbf7fffae
     274045.000 ns	     27403	80005c20	006605b3	add	x11,x12,x6	 x12:0x80000000  x6:0x00000000 x11=0x80000000
     274065.000 ns	     27405	80005c24	03651cb3	mulh	x25,x10,x22	 x10:0xfffffc9c x22:0x00000000 x25=0x00000000
     274095.000 ns	     27408	80005c28	20110a53	fsgnj.s	f20,f2,f1	  f2:0x3f800000  f1:0x00000000 f20=0x3f800000
     274125.000 ns	     27411	80005c2c	03e86e33	rem	x28,x16,x30	 x16:0x00000000 x30:0x00000000 x28=0x00000000
     274145.000 ns	     27413	80005c30	00000013	addi	x0,x0,0	  x0:0x00000000
     274155.000 ns	     27414	80005c34	40be07b3	sub	x15,x28,x11	 x28:0x00000000 x11:0x80000000 x15=0x80000000
     274165.000 ns	     27415	80005c38	019fa4b3	slt	x9,x31,x25	 x31:0x00000000 x25:0x00000000  x9=0x00000000
     274175.000 ns	     27416	80005c3c	400ed733	sra	x14,x29,x0	 x29:0xa383ba64  x0:0x00000000 x14=0xa383ba64
     274195.000 ns	     27418	80005c40	024557b3	divu	x15,x10,x4	 x10:0xfffffc9c  x4:0x00000000 x15=0xffffffff
     274215.000 ns	     27420	80005c44	5031e893	ori	x17,x3,1283	  x3:0x00000000 x17=0x00000503
     274235.000 ns	     27422	80005c48	202c24d3	fsgnjx.s	f9,f24,f2	 f24:0xbf7fffae  f2:0x3f800000  f9=0xbf7fffae
     274255.000 ns	     27424	80005c4c	01ebe3b3	or	x7,x23,x30	 x23:0xffffffff x30:0x00000000  x7=0xffffffff
     274265.000 ns	     27425	80005c50	34cdf313	andi	x6,x27,844	 x27:0x00000000  x6=0x00000000
     274285.000 ns	     27427	80005c54	20220c53	fsgnj.s	f24,f4,f2	  f4:0x00000000  f2:0x3f800000 f24=0x00000000
     274315.000 ns	     27430	80005c58	d0057b53	fcvt.s.w	f22,x10	 x10:0xfffffc9c f22=0xc4590000
     274335.000 ns	     27432	80005c5c	01c15d33	srl	x26,x2,x28	  x2:0x00000000 x28:0x00000000 x26=0x00000000
     274355.000 ns	     27434	80005c60	03dfa833	mulhsu	x16,x31,x29	 x31:0x00000000 x29:0xa383ba64 x16=0x00000000
     274375.000 ns	     27436	80005c64	b6136b13	ori	x22,x6,-1183	  x6:0x00000000 x22=0xfffffb61
     274395.000 ns	     27438	80005c68	d00ef753	fcvt.s.w	f14,x29	 x29:0xa383ba64 f14=0xceb8f88b
     274425.000 ns	     27441	80005c6c	0227aab3	mulhsu	x21,x15,x2	 x15:0xffffffff  x2:0x00000000 x21=0x00000000
     274455.000 ns	     27444	80005c70	03b8c3b3	div	x7,x17,x27	 x17:0x00000503 x27:0x00000000  x7=0xffffffff
     274475.000 ns	     27446	80005c74	00139793	slli	x15,x7,0x1	  x7:0xffffffff x15=0xfffffffe
     274485.000 ns	     27447	80005c78	b343f613	andi	x12,x7,-1228	  x7:0xffffffff x12=0xfffffb34
     274495.000 ns	     27448	80005c7c	3e547b93	andi	x23,x8,997	  x8:0x80040fe4 x23=0x000003e4
     274515.000 ns	     27450	80005c80	284416d3	fmax.s	f13,f8,f4	  f8:0x3fd2a820  f4:0x00000000 f13=0x3fd2a820
     274535.000 ns	     27452	80005c84	41125213	srai	x4,x4,0x11	  x4:0x00000000  x4=0x00000000
     274545.000 ns	     27453	80005c88	40e20033	sub	x0,x4,x14	  x4:0x00000000 x14:0xa383ba64
     274565.000 ns	     27455	80005c8c	d01588d3	fcvt.s.wu	f17,x11	 x11:0x80000000 f17=0x4f000000
     274595.000 ns	     27458	80005c90	f00e0cd3	fmv.w.x	f25,x28	 x28:0x00000000 f25=0x00000000
     274615.000 ns	     27460	80005c94	41d05c33	sra	x24,x0,x29	  x0:0x00000000 x29:0xa383ba64 x24=0x00000000
     274635.000 ns	     27462	80005c98	a04a9b53	flt.s	x22,f21,f4	 f21:0x80810000  f4:0x00000000 x22=0x00000001
     274665.000 ns	     27465	80005c9c	c015b053	fcvt.wu.s	x0,f11	 f11:0x6eb4b4b6
     274695.000 ns	     27468	80005ca0	29e48453	fmin.s	f8,f9,f30	  f9:0xbf7fffae f30:0xbf800000  f8=0xbf800000
     274715.000 ns	     27470	80005ca4	004ab933	sltu	x18,x21,x4	 x21:0x00000000  x4:0x00000000 x18=0x00000000
     274725.000 ns	     27471	80005ca8	0068dc93	srli	x25,x17,0x6	 x17:0x00000503 x25=0x00000014
     274735.000 ns	     27472	80005cac	402f8333	sub	x6,x31,x2	 x31:0x00000000  x2:0x00000000  x6=0x00000000
     274755.000 ns	     27474	80005cb0	e00c1ad3	fclass.s	x21,f24	 f24:0x00000000 x21=0x00000010
     274785.000 ns	     27477	80005cb4	e00919d3	fclass.s	x19,f18	 f18:0x3f7fffae x19=0x00000040
     274805.000 ns	     27479	80005cb8	005ae6b3	or	x13,x21,x5	 x21:0x00000010  x5:0x9d96a000 x13=0x9d96a010
     274815.000 ns	     27480	80005cbc	47c78293	addi	x5,x15,1148	 x15:0xfffffffe  x5=0x0000047a
     274835.000 ns	     27482	80005cc0	c00673d3	fcvt.w.s	x7,f12	 f12:0xffffffff  x7=0x7fffffff
     274865.000 ns	     27485	80005cc4	29608753	fmin.s	f14,f1,f22	  f1:0x00000000 f22:0xc4590000 f14=0xc4590000
     275235.000 ns	     27522	80005cc8	036fd933	divu	x18,x31,x22	 x31:0x00000000 x22:0x00000001 x18=0x00000000
     275255.000 ns	     27524	80005ccc	013bed33	or	x26,x23,x19	 x23:0x000003e4 x19:0x00000040 x26=0x000003e4
     275265.000 ns	     27525	80005cd0	009b6233	or	x4,x22,x9	 x22:0x00000001  x9:0x00000000  x4=0x00000001
     275285.000 ns	     27527	80005cd4	a1448e53	fle.s	x28,f9,f20	  f9:0xbf7fffae f20:0x3f800000 x28=0x00000001
     275315.000 ns	     27530	80005cd8	d00179d3	fcvt.s.w	f19,x2	  x2:0x00000000 f19=0x00000000
     275685.000 ns	     27567	80005cdc	024bdf33	divu	x30,x23,x4	 x23:0x000003e4  x4:0x00000001 x30=0x000003e4
     275715.000 ns	     27570	80005ce0	29899953	fmax.s	f18,f19,f24	 f19:0x00000000 f24:0x00000000 f18=0x00000000
     275745.000 ns	     27573	80005ce4	e0090bd3	fmv.x.w	x23,f18	 f18:0x3f7fffae x23=0x00000000
     275765.000 ns	     27575	80005ce8	ef128213	addi	x4,x5,-271	  x5:0x0000047a  x4=0x0000036b
     275775.000 ns	     27576	80005cec	41ec08b3	sub	x17,x24,x30	 x24:0x00000000 x30:0x000003e4 x17=0xfffffc1c
     275805.000 ns	     27579	80005cf0	119faed3	fmul.s	f29,f31,f25	 f31:0x402953c6 f25:0x00000000 f29=0x00000000
     275825.000 ns	     27581	80005cf4	f8f90113	addi	x2,x18,-113	 x18:0x00000000  x2=0xffffff8f
     275835.000 ns	     27582	80005cf8	9bb4a793	slti	x15,x9,-1605	  x9:0x00000000 x15=0x00000000
     275875.000 ns	     27586	80005cfc	0044f953	fadd.s	f18,f9,f4	  f9:0xbf7fffae  f4:0x00000000 f18=0xbf7fffae
     275895.000 ns	     27588	80005d00	0009b6b3	sltu	x13,x19,x0	 x19:0x00000040  x0:0x00000000 x13=0x00000000
     275905.000 ns	     27589	80005d04	0192cfb3	xor	x31,x5,x25	  x5:0x0000047a x25:0x00000014 x31=0x0000046e
     275925.000 ns	     27591	80005d08	218fa8d3	fsgnjx.s	f17,f31,f24	 f31:0x402953c6 f24:0x00000000 f17=0x402953c6
     275955.000 ns	     27594	80005d0c	29021b53	fmax.s	f22,f4,f16	  f4:0x00000000 f16:0x80810000 f22=0x00000000
     275985.000 ns	     27597	80005d10	0371e933	rem	x18,x3,x23	  x3:0x00000000 x23:0x00000000 x18=0x00000000
     276005.000 ns	     27599	80005d14	40895f13	srai	x30,x18,0x8	 x18:0x00000000 x30=0x00000000
     276015.000 ns	     27600	80005d18	41f85b33	sra	x22,x16,x31	 x16:0x00000000 x31:0x0000046e x22=0x00000000
     276055.000 ns	     27604	80005d1c	01249653	fadd.s	f12,f9,f18	  f9:0xbf7fffae f18:0xbf7fffae f12=0xbfffffae
     276085.000 ns	     27607	80005d20	0213bdb3	mulhu	x27,x7,x1	  x7:0x7fffffff  x1:0x80000000 x27=0x3fffffff
     276455.000 ns	     27644	80005d24	03555fb3	divu	x31,x10,x21	 x10:0xfffffc9c x21:0x00000010 x31=0x0fffffc9
     276475.000 ns	     27646	80005d28	019c9293	slli	x5,x25,0x19	 x25:0x00000014  x5=0x28000000
     276835.000 ns	     27682	80005d2c	0218d5b3	divu	x11,x17,x1	 x17:0xfffffc1c  x1:0x80000000 x11=0x00000001
     276865.000 ns	     27685	80005d30	28a79ad3	fmax.s	f21,f15,f10	 f15:0x402953fc f10:0x4f368caa f21=0x4f368caa
     276895.000 ns	     27688	80005d34	023f6fb3	rem	x31,x30,x3	 x30:0x00000000  x3:0x00000000 x31=0x00000000
     276935.000 ns	     27692	80005d38	11e1ff53	fmul.s	f30,f3,f30	  f3:0x7fc00000 f30:0xbf800000 f30=0x7fc00000
     276955.000 ns	     27694	80005d3c	ba4a89b7	lui	x19,0xba4a8	 x19=0xba4a8000
     276965.000 ns	     27695	80005d40	d91cbf13	sltiu	x30,x25,-623	 x25:0x00000014 x30=0x00000001
     277325.000 ns	     27731	80005d44	02efc033	div	x0,x31,x14	 x31:0x00000000 x14:0xa383ba64
     277355.000 ns	     27734	80005d48	e0058953	fmv.x.w	x18,f11	 f11:0x6eb4b4b6 x18=0x6eb4b4b6
     277375.000 ns	     27736	80005d4c	a77a6913	ori	x18,x20,-1417	 x20:0x80041024 x18=0xfffffa77
     277395.000 ns	     27738	80005d50	a0942d53	feq.s	x26,f8,f9	  f8:0xbf800000  f9:0xbf7fffae x26=0x00000000
     277415.000 ns	     27740	80005d54	00f67bb3	and	x23,x12,x15	 x12:0xfffffb34 x15:0x00000000 x23=0x00000000
     277435.000 ns	     27742	80005d58	f0098bd3	fmv.w.x	f23,x19	 x19:0xba4a8000 f23=0xba4a8000
     277455.000 ns	     27744	80005d5c	40105793	srai	x15,x0,0x1	  x0:0x00000000 x15=0x00000000
     277465.000 ns	     27745	80005d60	003e1d93	slli	x27,x28,0x3	 x28:0x00000001 x27=0x00000008
     277485.000 ns	     27747	80005d64	d01c9953	fcvt.s.wu	f18,x25	 x25:0x00000014 f18=0x41a00000
     277525.000 ns	     27751	80005d68	10bd05d3	fmul.s	f11,f26,f11	 f26:0x7fc00000 f11:0x6eb4b4b6 f11=0x7fc00000
     277555.000 ns	     27754	80005d6c	211894d3	fsgnjn.s	f9,f17,f17	 f17:0x402953c6 f17:0x402953c6  f9=0xc02953c6
     277575.000 ns	     27756	80005d70	9f14a893	slti	x17,x9,-1551	  x9:0x00000000 x17=0x00000000
     277935.000 ns	     27792	80005d74	0345ddb3	divu	x27,x11,x20	 x11:0x00000001 x20:0x80041024 x27=0x00000000
     277965.000 ns	     27795	80005d78	21048ed3	fsgnj.s	f29,f9,f16	  f9:0xc02953c6 f16:0x80810000 f29=0xc02953c6
     277985.000 ns	     27797	80005d7c	ebe6b713	sltiu	x14,x13,-322	 x13:0x00000000 x14=0x00000001
     277995.000 ns	     27798	80005d80	6b0f7693	andi	x13,x30,1712	 x30:0x00000001 x13=0x00000000
     278005.000 ns	     27799	80005d84	cae7ca93	xori	x21,x15,-850	 x15:0x00000000 x21=0xfffffcae
     278025.000 ns	     27801	80005d88	03bdc133	div	x2,x27,x27	 x27:0x00000000 x27:0x00000000  x2=0xffffffff
     278055.000 ns	     27804	80005d8c	f00e8453	fmv.w.x	f8,x29	 x29:0xa383ba64  f8=0xa383ba64
     278075.000 ns	     27806	80005d90	ac87ae13	slti	x28,x15,-1336	 x15:0x00000000 x28=0x00000000
     278095.000 ns	     27808	80005d94	02b811b3	mulh	x3,x16,x11	 x16:0x00000000 x11:0x00000001  x3=0x00000000
     278125.000 ns	     27811	80005d98	20939853	fsgnjn.s	f16,f7,f9	  f7:0x7fc00000  f9:0xc02953c6 f16=0x7fc00000
     278145.000 ns	     27813	80005d9c	37c2f693	andi	x13,x5,892	  x5:0x28000000 x13=0x00000000
     278165.000 ns	     27815	80005da0	a1dba253	feq.s	x4,f23,f29	 f23:0xba4a8000 f29:0xc02953c6  x4=0x00000000
     278215.000 ns	     27820	80005da4	016bf0d3	fadd.s	f1,f23,f22	 f23:0xba4a8000 f22:0x00000000  f1=0xba4a8000
     278555.000 ns	     27854	80005da8	18abfcd3	fdiv.s	f25,f23,f10	 f23:0xba4a8000 f10:0x4f368caa f25=0xaa4a8000
     278595.000 ns	     27858	80005dac	106519d3	fmul.s	f19,f10,f6	 f10:0x4f368caa  f6:0xbf7fffae f19=0xcf368c6f
     278615.000 ns	     27860	80005db0	01da4d33	xor	x26,x20,x29	 x20:0x80041024 x29:0xa383ba64 x26=0x2387aa40
     278635.000 ns	     27862	80005db4	c0183e53	fcvt.wu.s	x28,f16	 f16:0x7fc00000 x28=0xffffffff
     278655.000 ns	     27864	80005db8	b42be913	ori	x18,x23,-1214	 x23:0x00000000 x18=0xfffffb42
     279015.000 ns	     27900	80005dbc	03da4033	div	x0,x20,x29	 x20:0x80041024 x29:0xa383ba64
     279045.000 ns	     27903	80005dc0	03fb6333	rem	x6,x22,x31	 x22:0x00000000 x31:0x00000000  x6=0x00000000
     279075.000 ns	     27906	80005dc4	285d9b53	fmax.s	f22,f27,f5	 f27:0x80000000  f5:0x4f000000 f22=0x4f000000
     279105.000 ns	     27909	80005dc8	e0049cd3	fclass.s	x25,f9	  f9:0xc02953c6 x25=0x00000002
     279125.000 ns	     27911	80005dcc	014823b3	slt	x7,x16,x20	 x16:0x00000000 x20:0x80041024  x7=0x00000000
     279135.000 ns	     27912	80005dd0	00000013	addi	x0,x0,0	  x0:0x00000000
     279175.000 ns	     27916	80005dd4	08fff6d3	fsub.s	f13,f31,f15	 f31:0x402953c6 f15:0x402953fc f13=0xb7580000
     279195.000 ns	     27918	80005dd8	67605db7	lui	x27,0x67605	 x27=0x67605000
     279205.000 ns	     27919	80005ddc	0037e593	ori	x11,x15,3	 x15:0x00000000 x11=0x00000003
     279225.000 ns	     27921	80005de0	a1be1853	flt.s	x16,f28,f27	 f28:0x00000000 f27:0x80000000 x16=0x00000000
     279245.000 ns	     27923	80005de4	3408f393	andi	x7,x17,832	 x17:0x00000000  x7=0x00000000
     279255.000 ns	     27924	80005de8	001f7033	and	x0,x30,x1	 x30:0x00000001  x1:0x80000000
     279275.000 ns	     27926	80005dec	027b2ab3	mulhsu	x21,x22,x7	 x22:0x00000000  x7:0x00000000 x21=0x00000000
     279295.000 ns	     27928	80005df0	01505233	srl	x4,x0,x21	  x0:0x00000000 x21:0xfffffcae  x4=0x00000000
     279315.000 ns	     27930	80005df4	29ea1f53	fmax.s	f30,f20,f30	 f20:0x3f800000 f30:0x7fc00000 f30=0x3f800000
     279345.000 ns	     27933	80005df8	a0dca153	feq.s	x2,f25,f13	 f25:0xaa4a8000 f13:0xb7580000  x2=0x00000000
     279715.000 ns	     27970	80005dfc	02a6d5b3	divu	x11,x13,x10	 x13:0x00000000 x10:0xfffffc9c x11=0x00000000
     279745.000 ns	     27973	80005e00	a07403d3	fle.s	x7,f8,f7	  f8:0xa383ba64  f7:0x7fc00000  x7=0x00000000
     279765.000 ns	     27975	80005e04	017e1db3	sll	x27,x28,x23	 x28:0xffffffff x23:0x00000000 x27=0xffffffff
     280125.000 ns	     28011	80005e08	032beeb3	rem	x29,x23,x18	 x23:0x00000000 x18:0xfffffb42 x29=0x00000000
     280495.000 ns	     28048	80005e0c	02c4fc33	remu	x24,x9,x12	  x9:0x00000000 x12:0xfffffb34 x24=0x00000000
     280525.000 ns	     28051	80005e10	21cd8253	fsgnj.s	f4,f27,f28	 f27:0x80000000 f28:0x00000000  f4=0x00000000
     280545.000 ns	     28053	80005e14	41d35b93	srai	x23,x6,0x1d	  x6:0x00000000 x23=0x00000000
     280565.000 ns	     28055	80005e18	032f3533	mulhu	x10,x30,x18	 x30:0x00000001 x18:0xfffffb42 x10=0x00000000
     280585.000 ns	     28057	80005e1c	00fa4eb3	xor	x29,x20,x15	 x20:0x80041024 x15:0x00000000 x29=0x80041024
     280595.000 ns	     28058	80005e20	001ec733	xor	x14,x29,x1	 x29:0x00000000  x1:0x80000000 x14=0x00041024
     280615.000 ns	     28060	80005e24	030e12b3	mulh	x5,x28,x16	 x28:0xffffffff x16:0x00000000  x5=0x00000000
     280645.000 ns	     28063	80005e28	a0070253	fle.s	x4,f14,f0	 f14:0xc4590000  f0:0x7fc00000  x4=0x00000000
     280665.000 ns	     28065	80005e2c	4f288f93	addi	x31,x17,1266	 x17:0x00000000 x31=0x000004f2
     280675.000 ns	     28066	80005e30	003972b3	and	x5,x18,x3	 x18:0xfffffb42  x3:0x00000000  x5=0x00000000
     280685.000 ns	     28067	80005e34	0020deb3	srl	x29,x1,x2	  x1:0x80000000  x2:0x00000000 x29=0x80000000
     280695.000 ns	     28068	80005e38	7066ff97	auipc	x31,0x7066f	 x31=0xf0674e38
     280705.000 ns	     28069	80005e3c	019ab3b3	sltu	x7,x21,x25	 x21:0x00000000 x25:0x00000002  x7=0x00000001
     280725.000 ns	     28071	80005e40	a0069053	flt.s	x0,f13,f0	 f13:0xb7580000  f0:0x7fc00000
     280745.000 ns	     28073	80005e44	01515c13	srli	x24,x2,0x15	  x2:0x00000000 x24=0x00000000
     280765.000 ns	     28075	80005e48	c0068f53	fcvt.w.s	x30,f13	 f13:0xb7580000 x30=0x00000000
     280795.000 ns	     28078	80005e4c	a08492d3	flt.s	x5,f9,f8	  f9:0xc02953c6  f8:0xa383ba64  x5=0x00000001
     280815.000 ns	     28080	80005e50	001503b3	add	x7,x10,x1	 x10:0x00000000  x1:0x80000000  x7=0x80000000
     280825.000 ns	     28081	80005e54	01a85e13	srli	x28,x16,0x1a	 x16:0x00000000 x28=0x00000000
     280845.000 ns	     28083	80005e58	a1b50fd3	fle.s	x31,f10,f27	 f10:0x4f368caa f27:0x80000000 x31=0x00000000
     280865.000 ns	     28085	80005e5c	4114df13	srai	x30,x9,0x11	  x9:0x00000000 x30=0x00000000
     280875.000 ns	     28086	80005e60	0156c3b3	xor	x7,x13,x21	 x13:0x00000000 x21:0x00000000  x7=0x00000000
     280885.000 ns	     28087	80005e64	01b95f33	srl	x30,x18,x27	 x18:0xfffffb42 x27:0xffffffff x30=0x00000001
     280925.000 ns	     28091	80005e68	004c7ad3	fadd.s	f21,f24,f4	 f24:0x00000000  f4:0x00000000 f21=0x00000000
     280945.000 ns	     28093	80005e6c	01075b13	srli	x22,x14,0x10	 x14:0x00041024 x22=0x00000004
     281275.000 ns	     28126	80005e70	188f7553	fdiv.s	f10,f30,f8	 f30:0x3f800000  f8:0xa383ba64 f10=0xdb34b4b6
     281295.000 ns	     28128	80005e74	41e0d893	srai	x17,x1,0x1e	  x1:0x80000000 x17=0xfffffffe
     281625.000 ns	     28161	80005e78	18247353	fdiv.s	f6,f8,f2	  f8:0xa383ba64  f2:0x3f800000  f6=0xa383b9fd
     281655.000 ns	     28164	80005e7c	03fc1bb3	mulh	x23,x24,x31	 x24:0x00000000 x31:0x00000000 x23=0x00000000
     281675.000 ns	     28166	80005e80	5046fb93	andi	x23,x13,1284	 x13:0x00000000 x23=0x00000000
     281695.000 ns	     28168	80005e84	a1ff2153	feq.s	x2,f30,f31	 f30:0x3f800000 f31:0x402953c6  x2=0x00000000
     281745.000 ns	     28173	80005e88	005fc353	fadd.s	f6,f31,f5	 f31:0x402953c6  f5:0x4f000000  f6=0x4f000000
     281775.000 ns	     28176	80005e8c	28ac11d3	fmax.s	f3,f24,f10	 f24:0x00000000 f10:0xdb34b4b6  f3=0x00000000
     281815.000 ns	     28180	80005e90	193df9d3	fdiv.s	f19,f27,f19	 f27:0x80000000 f19:0xcf368c6f f19=0x00000000
     281845.000 ns	     28183	80005e94	a1351fd3	flt.s	x31,f10,f19	 f10:0xdb34b4b6 f19:0xcf368c6f x31=0x00000001
     281875.000 ns	     28186	80005e98	20e12c53	fsgnjx.s	f24,f2,f14	  f2:0x3f800000 f14:0xc4590000 f24=0xbf800000
     281895.000 ns	     28188	80005e9c	00000013	addi	x0,x0,0	  x0:0x00000000
     281905.000 ns	     28189	80005ea0	413a5633	sra	x12,x20,x19	 x20:0x80041024 x19:0xba4a8000 x12=0x80041024
     281915.000 ns	     28190	80005ea4	7005e393	ori	x7,x11,1792	 x11:0x00000000  x7=0x00000700
     281925.000 ns	     28191	80005ea8	01a717b3	sll	x15,x14,x26	 x14:0x00041024 x26:0x2387aa40 x15=0x00041024
     281935.000 ns	     28192	80005eac	ff199597	auipc	x11,0xff199	 x11=0x7f19eeac
     281955.000 ns	     28194	80005eb0	029b5c33	divu	x24,x22,x9	 x22:0x00000004  x9:0x00000000 x24=0xffffffff
     281985.000 ns	     28197	80005eb4	02df9633	mulh	x12,x31,x13	 x31:0x00000001 x13:0x00000000 x12=0x00000000
     282025.000 ns	     28201	80005eb8	11cebe53	fmul.s	f28,f29,f28	 f29:0xc02953c6 f28:0x00000000 f28=0x80000000
     282395.000 ns	     28238	80005ebc	0212d1b3	divu	x3,x5,x1	  x5:0x00000001  x1:0x80000000  x3=0x00000000
     282425.000 ns	     28241	80005ec0	e00b0553	fmv.x.w	x10,f22	 f22:0x4f000000 x10=0x4f000000
     282445.000 ns	     28243	80005ec4	00f91293	slli	x5,x18,0xf	 x18:0xfffffb42  x5=0xfda10000
     282455.000 ns	     28244	80005ec8	a6380293	addi	x5,x16,-1437	 x16:0x00000000  x5=0xfffffa63
     282465.000 ns	     28245	80005ecc	3d50c693	xori	x13,x1,981	  x1:0x80000000 x13=0x800003d5
     282475.000 ns	     28246	80005ed0	0e533993	sltiu	x19,x6,229	  x6:0x00000000 x19=0x00000001
     282485.000 ns	     28247	80005ed4	01aec5b3	xor	x11,x29,x26	 x29:0x80000000 x26:0x2387aa40 x11=0xa387aa40
     283655.000 ns	     28364	80005ed8	580287d3	fsqrt.s	f15,f5	  f5:0x4f000000 f15=0x46b50482
     283685.000 ns	     28367	80005edc	d01bcbd3	fcvt.s.wu	f23,x23	 x23:0x00000000 f23=0x00000000
     283715.000 ns	     28370	80005ee0	212dabd3	fsgnjx.s	f23,f27,f18	 f27:0x80000000 f18:0x41a00000 f23=0x80000000
     283735.000 ns	     28372	80005ee4	015485b3	add	x11,x9,x21	  x9:0x00000000 x21:0x00000000 x11=0x00000000
     283755.000 ns	     28374	80005ee8	280e0d53	fmin.s	f26,f28,f0	 f28:0x80000000  f0:0x7fc00000 f26=0x80000000
     283785.000 ns	     28377	80005eec	d00e0e53	fcvt.s.w	f28,x28	 x28:0x00000000 f28=0x00000000
     283805.000 ns	     28379	80005ef0	40d4d033	sra	x0,x9,x13	  x9:0x00000000 x13:0x800003d5
     283815.000 ns	     28380	80005ef4	6e64f893	andi	x17,x9,1766	  x9:0x00000000 x17=0x00000000
     283825.000 ns	     28381	80005ef8	278bf313	andi	x6,x23,632	 x23:0x00000000  x6=0x00000000
     283835.000 ns	     28382	80005efc	00961333	sll	x6,x12,x9	 x12:0x00000000  x9:0x00000000  x6=0x00000000
     283875.000 ns	     28386	80005f00	091d3ad3	fsub.s	f21,f26,f17	 f26:0x80000000 f17:0x402953c6 f21=0xc02953c6
     283895.000 ns	     28388	80005f04	0199d993	srli	x19,x19,0x19	 x19:0x00000001 x19=0x00000000
     283935.000 ns	     28392	80005f08	099b7d53	fsub.s	f26,f22,f25	 f22:0x4f000000 f25:0xaa4a8000 f26=0x4f000000
     283955.000 ns	     28394	80005f0c	5e520493	addi	x9,x4,1509	  x4:0x00000000  x9=0x000005e5
     283975.000 ns	     28396	80005f10	20280153	fsgnj.s	f2,f16,f2	 f16:0x7fc00000  f2:0x3f800000  f2=0x7fc00000
     284005.000 ns	     28399	80005f14	02340533	mul	x10,x8,x3	  x8:0x80040fe4  x3:0x00000000 x10=0x00000000
     284025.000 ns	     28401	80005f18	73b27593	andi	x11,x4,1851	  x4:0x00000000 x11=0x00000000
     284045.000 ns	     28403	80005f1c	d006b553	fcvt.s.w	f10,x13	 x13:0x800003d5 f10=0xcefffff9
     284065.000 ns	     28405	80005f20	f9f9e893	ori	x17,x19,-97	 x19:0x00000000 x17=0xffffff9f
     284085.000 ns	     28407	80005f24	d0101cd3	fcvt.s.wu	f25,x0	  x0:0x00000000 f25=0x00000000
     284115.000 ns	     28410	80005f28	0277a133	mulhsu	x2,x15,x7	 x15:0x00041024  x7:0x00000700  x2=0x00000000
     284165.000 ns	     28415	80005f2c	09b47e53	fsub.s	f28,f8,f27	  f8:0xa383ba64 f27:0x80000000 f28=0xa383ba64
     284195.000 ns	     28418	80005f30	026ff7b3	remu	x15,x31,x6	 x31:0x00000001  x6:0x00000000 x15=0x00000001
     284215.000 ns	     28420	80005f34	fdcd3d13	sltiu	x26,x26,-36	 x26:0x2387aa40 x26=0x00000001
     284225.000 ns	     28421	80005f38	98180513	addi	x10,x16,-1663	 x16:0x00000000 x10=0xfffff981
     284245.000 ns	     28423	80005f3c	02b2b033	mulhu	x0,x5,x11	  x5:0xfffffa63 x11:0x00000000
     284265.000 ns	     28425	80005f40	60d91b17	auipc	x22,0x60d91	 x22=0xe0d96f40
     284285.000 ns	     28427	80005f44	d00474d3	fcvt.s.w	f9,x8	  x8:0x80040fe4  f9=0xcefff7e0
     284325.000 ns	     28431	80005f48	580bcad3	fsqrt.s	f21,f23	 f23:0x80000000 f21=0x80000000
     284375.000 ns	     28436	80005f4c	090df5d3	fsub.s	f11,f27,f16	 f27:0x80000000 f16:0x7fc00000 f11=0x7fc00000
     284425.000 ns	     28441	80005f50	0809b7d3	fsub.s	f15,f19,f0	 f19:0x00000000  f0:0x7fc00000 f15=0x7fc00000
     284455.000 ns	     28444	80005f54	f00a0e53	fmv.w.x	f28,x20	 x20:0x80041024 f28=0x80041024
     284475.000 ns	     28446	80005f58	01bfff33	and	x30,x31,x27	 x31:0x00000001 x27:0xffffffff x30=0x00000001
     284485.000 ns	     28447	80005f5c	0148f333	and	x6,x17,x20	 x17:0xffffff9f x20:0x80041024  x6=0x80041004
     284505.000 ns	     28449	80005f60	287c8653	fmin.s	f12,f25,f7	 f25:0x00000000  f7:0x7fc00000 f12=0x00000000
     284535.000 ns	     28452	80005f64	d009fe53	fcvt.s.w	f28,x19	 x19:0x00000000 f28=0x00000000
     284555.000 ns	     28454	80005f68	01e1b833	sltu	x16,x3,x30	  x3:0x00000000 x30:0x00000001 x16=0x00000001
     284565.000 ns	     28455	80005f6c	f08d3317	auipc	x6,0xf08d3	  x6=0x708d8f6c
     284585.000 ns	     28457	80005f70	a0d59053	flt.s	x0,f11,f13	 f11:0x7fc00000 f13:0xb7580000
     284605.000 ns	     28459	80005f74	006a85b3	add	x11,x21,x6	 x21:0x00000000  x6:0x80041004 x11=0x708d8f6c
     284965.000 ns	     28495	80005f78	02d45633	divu	x12,x8,x13	  x8:0x80040fe4 x13:0x800003d5 x12=0x00000001
     284985.000 ns	     28497	80005f7c	00bddc93	srli	x25,x27,0xb	 x27:0xffffffff x25=0x001fffff
     285345.000 ns	     28533	80005f80	030ac933	div	x18,x21,x16	 x21:0x00000000 x16:0x00000001 x18=0x00000000
     285385.000 ns	     28537	80005f84	19b4b2d3	fdiv.s	f5,f9,f27	  f9:0xcefff7e0 f27:0x80000000  f5=0x7f800000
     285405.000 ns	     28539	80005f88	00e225b3	slt	x11,x4,x14	  x4:0x00000000 x14:0x00041024 x11=0x00000001
     285415.000 ns	     28540	80005f8c	57f01397	auipc	x7,0x57f01	  x7=0xd7f06f8c
     285435.000 ns	     28542	80005f90	c01c7f53	fcvt.wu.s	x30,f24	 f24:0xbf800000 x30=0x00000001
     285475.000 ns	     28546	80005f94	18c701d3	fdiv.s	f3,f14,f12	 f14:0xc4590000 f12:0x00000000  f3=0xff800000
     285845.000 ns	     28583	80005f98	02e0cfb3	div	x31,x1,x14	  x1:0x80000000 x14:0x00041024 x31=0xffffe080
     285865.000 ns	     28585	80005f9c	40f28c33	sub	x24,x5,x15	  x5:0xfffffa63 x15:0x00000001 x24=0xfffffa62
     285885.000 ns	     28587	80005fa0	29f08153	fmin.s	f2,f1,f31	  f1:0xba4a8000 f31:0x402953c6  f2=0xba4a8000
     285905.000 ns	     28589	80005fa4	00142fb3	slt	x31,x8,x1	  x8:0x80040fe4  x1:0x80000000 x31=0x00000000
     285935.000 ns	     28592	80005fa8	116f7cd3	fmul.s	f25,f30,f22	 f30:0x3f800000 f22:0x4f000000 f25=0x4f000000
     285955.000 ns	     28594	80005fac	b6e27117	auipc	x2,0xb6e27	  x2=0x36e2cfac
     285975.000 ns	     28596	80005fb0	a1d71e53	flt.s	x28,f14,f29	 f14:0xc4590000 f29:0xc02953c6 x28=0x00000001
     286005.000 ns	     28599	80005fb4	203d2dd3	fsgnjx.s	f27,f26,f3	 f26:0x4f000000  f3:0xff800000 f27=0xcf000000
     286025.000 ns	     28601	80005fb8	5dc18f93	addi	x31,x3,1500	  x3:0x00000000 x31=0x000005dc
     286035.000 ns	     28602	80005fbc	41b75633	sra	x12,x14,x27	 x14:0x00041024 x27:0xffffffff x12=0x00000000
     286045.000 ns	     28603	80005fc0	01d61db3	sll	x27,x12,x29	 x12:0x00000001 x29:0x80000000 x27=0x00000000
     286065.000 ns	     28605	80005fc4	03063b33	mulhu	x22,x12,x16	 x12:0x00000001 x16:0x00000001 x22=0x00000000
     286095.000 ns	     28608	80005fc8	03e02133	mulhsu	x2,x0,x30	  x0:0x00000000 x30:0x00000001  x2=0x00000000
     286125.000 ns	     28611	80005fcc	e00818d3	fclass.s	x17,f16	 f16:0x7fc00000 x17=0x00000200
     286155.000 ns	     28614	80005fd0	c0157e53	fcvt.wu.s	x28,f10	 f10:0xcefffff9 x28=0x7ffffc80
     286185.000 ns	     28617	80005fd4	e00c17d3	fclass.s	x15,f24	 f24:0xbf800000 x15=0x00000002
     286215.000 ns	     28620	80005fd8	20d40353	fsgnj.s	f6,f8,f13	  f8:0xa383ba64 f13:0xb7580000  f6=0xa383ba64
     286245.000 ns	     28623	80005fdc	e00e0853	fmv.x.w	x16,f28	 f28:0x00000000 x16=0x00000000
     286295.000 ns	     28628	80005fe0	08fb2153	fsub.s	f2,f22,f15	 f22:0x4f000000 f15:0x7fc00000  f2=0x7fc00000
     286325.000 ns	     28631	80005fe4	e0029f53	fclass.s	x30,f5	  f5:0x7f800000 x30=0x00000080
     286355.000 ns	     28634	80005fe8	f00a8f53	fmv.w.x	f30,x21	 x21:0x00000000 f30=0x00000000
     286385.000 ns	     28637	80005fec	a0d62dd3	feq.s	x27,f12,f13	 f12:0x00000000 f13:0xb7580000 x27=0x00000000
     286415.000 ns	     28640	80005ff0	d01affd3	fcvt.s.wu	f31,x21	 x21:0x00000000 f31=0x00000000
     286435.000 ns	     28642	80005ff4	17217c37	lui	x24,0x17217	 x24=0x17217000
     286455.000 ns	     28644	80005ff8	02da2033	mulhsu	x0,x20,x13	 x20:0x80041024 x13:0x800003d5
     286475.000 ns	     28646	80005ffc	01057e33	and	x28,x10,x16	 x10:0xfffff981 x16:0x00000000 x28=0x00000000
     286485.000 ns	     28647	80006000	0079eeb3	or	x29,x19,x7	 x19:0x00000000  x7:0xd7f06f8c x29=0xd7f06f8c
     286495.000 ns	     28648	80006004	00e37ab3	and	x21,x6,x14	  x6:0x708d8f6c x14:0x00041024 x21=0x00040024
     286515.000 ns	     28650	80006008	20db9cd3	fsgnjn.s	f25,f23,f13	 f23:0x80000000 f13:0xb7580000 f25=0x00000000
     286535.000 ns	     28652	8000600c	00678133	add	x2,x15,x6	 x15:0x00000002  x6:0x708d8f6c  x2=0x708d8f6e
     286895.000 ns	     28688	80006010	028df3b3	remu	x7,x27,x8	 x27:0x00000000  x8:0x80040fe4  x7=0x00000000
     286915.000 ns	     28690	80006014	408886b3	sub	x13,x17,x8	 x17:0x00000200  x8:0x80040fe4 x13=0x7ffbf21c
     286935.000 ns	     28692	80006018	03b97d33	remu	x26,x18,x27	 x18:0x00000000 x27:0x00000000 x26=0x00000000
     286965.000 ns	     28695	8000601c	f0028d53	fmv.w.x	f26,x5	  x5:0xfffffa63 f26=0xfffffa63
     286985.000 ns	     28697	80006020	4a8eb213	sltiu	x4,x29,1192	 x29:0xd7f06f8c  x4=0x00000000
     287005.000 ns	     28699	80006024	28879dd3	fmax.s	f27,f15,f8	 f15:0x7fc00000  f8:0xa383ba64 f27=0xa383ba64
     287025.000 ns	     28701	80006028	00782233	slt	x4,x16,x7	 x16:0x00000000  x7:0x00000000  x4=0x00000000
     287035.000 ns	     28702	8000602c	01197933	and	x18,x18,x17	 x18:0x00000000 x17:0x00000200 x18=0x00000000
     287055.000 ns	     28704	80006030	f0038fd3	fmv.w.x	f31,x7	  x7:0x00000000 f31=0x00000000
     287075.000 ns	     28706	80006034	00febc33	sltu	x24,x29,x15	 x29:0xd7f06f8c x15:0x00000002 x24=0x00000000
     287085.000 ns	     28707	80006038	00000013	addi	x0,x0,0	  x0:0x00000000
     287095.000 ns	     28708	8000603c	225d4913	xori	x18,x26,549	 x26:0x00000000 x18=0x00000225
     287125.000 ns	     28711	80006040	18ed3153	fdiv.s	f2,f26,f14	 f26:0xfffffa63 f14:0xc4590000  f2=0x7fc00000
     287495.000 ns	     28748	80006044	02ecfab3	remu	x21,x25,x14	 x25:0x001fffff x14:0x00041024 x21=0x00038f03
     287515.000 ns	     28750	80006048	40275133	sra	x2,x14,x2	 x14:0x00041024  x2:0x708d8f6e  x2=0x00000010
     287535.000 ns	     28752	8000604c	d0101cd3	fcvt.s.wu	f25,x0	  x0:0x00000000 f25=0x00000000
     287555.000 ns	     28754	80006050	5680c993	xori	x19,x1,1384	  x1:0x80000000 x19=0x80000568
     287565.000 ns	     28755	80006054	01bc1f93	slli	x31,x24,0x1b	 x24:0x00000000 x31=0x00000000
     287575.000 ns	     28756	80006058	56672f93	slti	x31,x14,1382	 x14:0x00041024 x31=0x00000000
     287595.000 ns	     28758	8000605c	d00cf953	fcvt.s.w	f18,x25	 x25:0x001fffff f18=0x49fffff8
     287625.000 ns	     28761	80006060	21fe22d3	fsgnjx.s	f5,f28,f31	 f28:0x00000000 f31:0x00000000  f5=0x00000000
     287655.000 ns	     28764	80006064	0389f4b3	remu	x9,x19,x24	 x19:0x80000568 x24:0x00000000  x9=0x80000568
     287675.000 ns	     28766	80006068	01a2edb3	or	x27,x5,x26	  x5:0xfffffa63 x26:0x00000000 x27=0xfffffa63
     288035.000 ns	     28802	8000606c	032e7133	remu	x2,x28,x18	 x28:0x00000000 x18:0x00000225  x2=0x00000000
     288055.000 ns	     28804	80006070	00000013	addi	x0,x0,0	  x0:0x00000000
     288075.000 ns	     28806	80006074	02236133	rem	x2,x6,x2	  x6:0x708d8f6c  x2:0x00000000  x2=0x708d8f6c
     288105.000 ns	     28809	80006078	e00512d3	fclass.s	x5,f10	 f10:0xcefffff9  x5=0x00000002
     288125.000 ns	     28811	8000607c	01b88ab3	add	x21,x17,x27	 x17:0x00000200 x27:0xfffffa63 x21=0xfffffc63
     288135.000 ns	     28812	80006080	4d8aa793	slti	x15,x21,1240	 x21:0x00038f03 x15=0x00000001
     288145.000 ns	     28813	80006084	18943c93	sltiu	x25,x8,393	  x8:0x80040fe4 x25=0x00000000
     288165.000 ns	     28815	80006088	21480e53	fsgnj.s	f28,f16,f20	 f16:0x7fc00000 f20:0x3f800000 f28=0x7fc00000
     288195.000 ns	     28818	8000608c	f00383d3	fmv.w.x	f7,x7	  x7:0x00000000  f7=0x00000000
     288215.000 ns	     28820	80006090	e07d0e93	addi	x29,x26,-505	 x26:0x00000000 x29=0xfffffe07
     288575.000 ns	     28856	80006094	02ee4833	div	x16,x28,x14	 x28:0x00000000 x14:0x00041024 x16=0x00000000
     288595.000 ns	     28858	80006098	41f15533	sra	x10,x2,x31	  x2:0x708d8f6c x31:0x00000000 x10=0x708d8f6c
     288625.000 ns	     28861	8000609c	5804a0d3	fsqrt.s	f1,f9	  f9:0xcefff7e0  f1=0x7fc00000
     288645.000 ns	     28863	800060a0	01309b93	slli	x23,x1,0x13	  x1:0x80000000 x23=0x00000000
     288665.000 ns	     28865	800060a4	d01df453	fcvt.s.wu	f8,x27	 x27:0xfffffa63  f8=0x4f7ffffa
     289005.000 ns	     28899	800060a8	19273453	fdiv.s	f8,f14,f18	 f14:0xc4590000 f18:0x49fffff8  f8=0xb9d90000
     289035.000 ns	     28902	800060ac	21cc1c53	fsgnjn.s	f24,f24,f28	 f24:0xbf800000 f28:0x7fc00000 f24=0xbf800000
     289055.000 ns	     28904	800060b0	8cd32793	slti	x15,x6,-1843	  x6:0x708d8f6c x15=0x00000000
     289075.000 ns	     28906	800060b4	030453b3	divu	x7,x8,x16	  x8:0x80040fe4 x16:0x00000000  x7=0xffffffff
     289095.000 ns	     28908	800060b8	8930c5b7	lui	x11,0x8930c	 x11=0x8930c000
     289135.000 ns	     28912	800060bc	017bf0d3	fadd.s	f1,f23,f23	 f23:0x80000000 f23:0x80000000  f1=0x80000000
     289155.000 ns	     28914	800060c0	0012fab3	and	x21,x5,x1	  x5:0x00000002  x1:0x80000000 x21=0x00000000
     289175.000 ns	     28916	800060c4	a1bc8953	fle.s	x18,f25,f27	 f25:0x00000000 f27:0xa383ba64 x18=0x00000000
     289205.000 ns	     28919	800060c8	28d21d53	fmax.s	f26,f4,f13	  f4:0x00000000 f13:0xb7580000 f26=0x00000000
     289225.000 ns	     28921	800060cc	b6804313	xori	x6,x0,-1176	  x0:0x00000000  x6=0xfffffb68
     289245.000 ns	     28923	800060d0	02cc3933	mulhu	x18,x24,x12	 x24:0x00000000 x12:0x00000000 x18=0x00000000
     289275.000 ns	     28926	800060d4	03a24733	div	x14,x4,x26	  x4:0x00000000 x26:0x00000000 x14=0xffffffff
     289295.000 ns	     28928	800060d8	09d6c337	lui	x6,0x9d6c	  x6=0x09d6c000
     289315.000 ns	     28930	800060dc	a1ad08d3	fle.s	x17,f26,f26	 f26:0x00000000 f26:0x00000000 x17=0x00000001
     289345.000 ns	     28933	800060e0	023568b3	rem	x17,x10,x3	 x10:0x708d8f6c  x3:0x00000000 x17=0x708d8f6c
     289365.000 ns	     28935	800060e4	01885733	srl	x14,x16,x24	 x16:0x00000000 x24:0x00000000 x14=0x00000000
     289385.000 ns	     28937	800060e8	c0167753	fcvt.wu.s	x14,f12	 f12:0x00000000 x14=0x00000000
     289415.000 ns	     28940	800060ec	0355ceb3	div	x29,x11,x21	 x11:0x8930c000 x21:0x00000000 x29=0xffffffff
     289435.000 ns	     28942	800060f0	0040c8b3	xor	x17,x1,x4	  x1:0x80000000  x4:0x00000000 x17=0x80000000
     289445.000 ns	     28943	800060f4	00e21e13	slli	x28,x4,0xe	  x4:0x00000000 x28=0x00000000
     289455.000 ns	     28944	800060f8	0163b9b3	sltu	x19,x7,x22	  x7:0xffffffff x22:0x00000000 x19=0x00000000
     289465.000 ns	     28945	800060fc	533e42b7	lui	x5,0x533e4	  x5=0x533e4000
     289485.000 ns	     28947	80006100	e00d83d3	fmv.x.w	x7,f27	 f27:0xa383ba64  x7=0xa383ba64
     289515.000 ns	     28950	80006104	a15e0853	fle.s	x16,f28,f21	 f28:0x7fc00000 f21:0x80000000 x16=0x00000000
     289545.000 ns	     28953	80006108	20412c53	fsgnjx.s	f24,f2,f4	  f2:0x7fc00000  f4:0x00000000 f24=0x7fc00000
     289575.000 ns	     28956	8000610c	033d9eb3	mulh	x29,x27,x19	 x27:0xfffffa63 x19:0x00000000 x29=0x00000000
     289605.000 ns	     28959	80006110	d007fed3	fcvt.s.w	f29,x15	 x15:0x00000000 f29=0x00000000
     289635.000 ns	     28962	80006114	020c13b3	mulh	x7,x24,x0	 x24:0x00000000  x0:0x00000000  x7=0x00000000
     289655.000 ns	     28964	80006118	00a1d8b3	srl	x17,x3,x10	  x3:0x00000000 x10:0x708d8f6c x17=0x00000000
     289675.000 ns	     28966	8000611c	c009c7d3	fcvt.w.s	x15,f19	 f19:0x00000000 x15=0x00000000
     289705.000 ns	     28969	80006120	c01cf9d3	fcvt.wu.s	x19,f25	 f25:0x00000000 x19=0x00000000
     290075.000 ns	     29006	80006124	028af933	remu	x18,x21,x8	 x21:0x00000000  x8:0x80040fe4 x18=0x00000000
     290125.000 ns	     29011	80006128	080838d3	fsub.s	f17,f16,f0	 f16:0x7fc00000  f0:0x7fc00000 f17=0x7fc00000
     290495.000 ns	     29048	8000612c	03b757b3	divu	x15,x14,x27	 x14:0x00000000 x27:0xfffffa63 x15=0x00000000
     290515.000 ns	     29050	80006130	00d9cdb3	xor	x27,x19,x13	 x19:0x00000000 x13:0x7ffbf21c x27=0x7ffbf21c
     290535.000 ns	     29052	80006134	0325c5b3	div	x11,x11,x18	 x11:0x8930c000 x18:0x00000000 x11=0xffffffff
     290565.000 ns	     29055	80006138	d011fdd3	fcvt.s.wu	f27,x3	  x3:0x00000000 f27=0x00000000
     290585.000 ns	     29057	8000613c	00fb8633	add	x12,x23,x15	 x23:0x00000000 x15:0x00000000 x12=0x00000000
     290605.000 ns	     29059	80006140	02081933	mulh	x18,x16,x0	 x16:0x00000000  x0:0x00000000 x18=0x00000000
     290635.000 ns	     29062	80006144	e00b8553	fmv.x.w	x10,f23	 f23:0x80000000 x10=0x80000000
     290665.000 ns	     29065	80006148	29ba0353	fmin.s	f6,f20,f27	 f20:0x3f800000 f27:0x00000000  f6=0x00000000
     290715.000 ns	     29070	8000614c	08c78f53	fsub.s	f30,f15,f12	 f15:0x7fc00000 f12:0x00000000 f30=0x7fc00000
     290735.000 ns	     29072	80006150	00c23133	sltu	x2,x4,x12	  x4:0x00000000 x12:0x00000000  x2=0x00000000
     290745.000 ns	     29073	80006154	00e404b3	add	x9,x8,x14	  x8:0x80040fe4 x14:0x00000000  x9=0x80040fe4
     290755.000 ns	     29074	80006158	01353733	sltu	x14,x10,x19	 x10:0x80000000 x19:0x00000000 x14=0x00000000
     290765.000 ns	     29075	8000615c	001d8eb3	add	x29,x27,x1	 x27:0x7ffbf21c  x1:0x80000000 x29=0xfffbf21c
     290785.000 ns	     29077	80006160	026f8933	mul	x18,x31,x6	 x31:0x00000000  x6:0x09d6c000 x18=0x00000000
     290815.000 ns	     29080	80006164	e0098ad3	fmv.x.w	x21,f19	 f19:0x00000000 x21=0x00000000
     290845.000 ns	     29083	80006168	e0089253	fclass.s	x4,f17	 f17:0x7fc00000  x4=0x00000200
     290865.000 ns	     29085	8000616c	01269013	slli	x0,x13,0x12	 x13:0x7ffbf21c
     290885.000 ns	     29087	80006170	02f465b3	rem	x11,x8,x15	  x8:0x80040fe4 x15:0x00000000 x11=0x80040fe4
     290915.000 ns	     29090	80006174	a0862f53	feq.s	x30,f12,f8	 f12:0x00000000  f8:0xb9d90000 x30=0x00000000
     290935.000 ns	     29092	80006178	01682cb3	slt	x25,x16,x22	 x16:0x00000000 x22:0x00000000 x25=0x00000000
     290955.000 ns	     29094	8000617c	035e5ab3	divu	x21,x28,x21	 x28:0x00000000 x21:0x00000000 x21=0xffffffff
     290975.000 ns	     29096	80006180	bed10cb7	lui	x25,0xbed10	 x25=0xbed10000
     290985.000 ns	     29097	80006184	41b05133	sra	x2,x0,x27	  x0:0x00000000 x27:0x7ffbf21c  x2=0x00000000
     291005.000 ns	     29099	80006188	03238733	mul	x14,x7,x18	  x7:0x00000000 x18:0x00000000 x14=0x00000000
     291025.000 ns	     29101	8000618c	af6ff893	andi	x17,x31,-1290	 x31:0x00000000 x17=0x00000000
     291045.000 ns	     29103	80006190	f0030d53	fmv.w.x	f26,x6	  x6:0x09d6c000 f26=0x09d6c000
     291075.000 ns	     29106	80006194	023143b3	div	x7,x2,x3	  x2:0x00000000  x3:0x00000000  x7=0xffffffff
     291095.000 ns	     29108	80006198	b9b4ab13	slti	x22,x9,-1125	  x9:0x80040fe4 x22=0x00000001
     291115.000 ns	     29110	8000619c	e0050353	fmv.x.w	x6,f10	 f10:0xcefffff9  x6=0xcefffff9
     291145.000 ns	     29113	800061a0	c0183c53	fcvt.wu.s	x24,f16	 f16:0x7fc00000 x24=0xffffffff
     291165.000 ns	     29115	800061a4	b20ffe13	andi	x28,x31,-1248	 x31:0x00000000 x28=0x00000000
     291185.000 ns	     29117	800061a8	a1409253	flt.s	x4,f1,f20	  f1:0x80000000 f20:0x3f800000  x4=0x00000001
     291205.000 ns	     29119	800061ac	01aa2bb3	slt	x23,x20,x26	 x20:0x80041024 x26:0x00000000 x23=0x00000001
     291215.000 ns	     29120	800061b0	01e2f7b3	and	x15,x5,x30	  x5:0x533e4000 x30:0x00000000 x15=0x00000000
     291225.000 ns	     29121	800061b4	0d298a93	addi	x21,x19,210	 x19:0x00000000 x21=0x000000d2
     291235.000 ns	     29122	800061b8	00a9a533	slt	x10,x19,x10	 x19:0x00000000 x10:0x80000000 x10=0x00000000
     291255.000 ns	     29124	800061bc	02cc9633	mulh	x12,x25,x12	 x25:0xbed10000 x12:0x00000000 x12=0x00000000
     291285.000 ns	     29127	800061c0	a1cc2753	feq.s	x14,f24,f28	 f24:0x7fc00000 f28:0x7fc00000 x14=0x00000000
     291315.000 ns	     29130	800061c4	2039aad3	fsgnjx.s	f21,f19,f3	 f19:0x00000000  f3:0xff800000 f21=0x80000000
     291355.000 ns	     29134	800061c8	11eff853	fmul.s	f16,f31,f30	 f31:0x00000000 f30:0x7fc00000 f16=0x7fc00000
     291405.000 ns	     29139	800061cc	010b9cd3	fadd.s	f25,f23,f16	 f23:0x80000000 f16:0x7fc00000 f25=0x7fc00000
     291435.000 ns	     29142	800061d0	28040053	fmin.s	f0,f8,f0	  f8:0xb9d90000  f0:0x7fc00000  f0=0xb9d90000
     291465.000 ns	     29145	800061d4	d0117e53	fcvt.s.wu	f28,x2	  x2:0x00000000 f28=0x00000000
     291485.000 ns	     29147	800061d8	5545fc13	andi	x24,x11,1364	 x11:0x80040fe4 x24=0x00000544
     291505.000 ns	     29149	800061dc	a0860b53	fle.s	x22,f12,f8	 f12:0x00000000  f8:0xb9d90000 x22=0x00000000
     291525.000 ns	     29151	800061e0	008e7e33	and	x28,x28,x8	 x28:0x00000000  x8:0x80040fe4 x28=0x00000000
     291535.000 ns	     29152	800061e4	0043e833	or	x16,x7,x4	  x7:0xffffffff  x4:0x00000001 x16=0xffffffff
     291545.000 ns	     29153	800061e8	33e3c8b7	lui	x17,0x33e3c	 x17=0x33e3c000
     291555.000 ns	     29154	800061ec	00285e13	srli	x28,x16,0x2	 x16:0x00000000 x28=0x3fffffff
     291575.000 ns	     29156	800061f0	c018f353	fcvt.wu.s	x6,f17	 f17:0x7fc00000  x6=0xffffffff
     291595.000 ns	     29158	800061f4	01510233	add	x4,x2,x21	  x2:0x00000000 x21:0x000000d2  x4=0x000000d2
     291605.000 ns	     29159	800061f8	f2e91897	auipc	x17,0xf2e91	 x17=0x72e971f8
     291615.000 ns	     29160	800061fc	00b79933	sll	x18,x15,x11	 x15:0x00000000 x11:0x80040fe4 x18=0x00000000
     291625.000 ns	     29161	80006200	54a69497	auipc	x9,0x54a69	  x9=0xd4a6f200
     291635.000 ns	     29162	80006204	aa48f693	andi	x13,x17,-1372	 x17:0x72e971f8 x13=0x72e970a0
     291665.000 ns	     29165	80006208	186eb2d3	fdiv.s	f5,f29,f6	 f29:0x00000000  f6:0x00000000  f5=0x7fc00000
     291685.000 ns	     29167	8000620c	01c23733	sltu	x14,x4,x28	  x4:0x000000d2 x28:0x3fffffff x14=0x00000001
     291715.000 ns	     29170	80006210	105003d3	fmul.s	f7,f0,f5	  f0:0xb9d90000  f5:0x7fc00000  f7=0x7fc00000
     291745.000 ns	     29173	80006214	f00f81d3	fmv.w.x	f3,x31	 x31:0x00000000  f3=0x00000000
     291765.000 ns	     29175	80006218	00675eb3	srl	x29,x14,x6	 x14:0x00000001  x6:0xffffffff x29=0x00000000
     291775.000 ns	     29176	8000621c	00000013	addi	x0,x0,0	  x0:0x00000000
     291785.000 ns	     29177	80006220	83e27997	auipc	x19,0x83e27	 x19=0x03e2d220
     291815.000 ns	     29180	80006224	1069c853	fmul.s	f16,f19,f6	 f19:0x00000000  f6:0x00000000 f16=0x00000000
     291845.000 ns	     29183	80006228	03a7dbb3	divu	x23,x15,x26	 x15:0x00000000 x26:0x00000000 x23=0xffffffff
     291865.000 ns	     29185	8000622c	4016dfb3	sra	x31,x13,x1	 x13:0x72e970a0  x1:0x80000000 x31=0x72e970a0
     291885.000 ns	     29187	80006230	d01a36d3	fcvt.s.wu	f13,x20	 x20:0x80041024 f13=0x4f000411
     291915.000 ns	     29190	80006234	02222733	mulhsu	x14,x4,x2	  x4:0x000000d2  x2:0x00000000 x14=0x00000000
     291945.000 ns	     29193	80006238	20ac8953	fsgnj.s	f18,f25,f10	 f25:0x7fc00000 f10:0xcefffff9 f18=0xffc00000
     291975.000 ns	     29196	8000623c	e0010b53	fmv.x.w	x22,f2	  f2:0x7fc00000 x22=0x7fc00000
     292015.000 ns	     29200	80006240	1970f1d3	fdiv.s	f3,f1,f23	  f1:0x80000000 f23:0x80000000  f3=0x7fc00000
     292035.000 ns	     29202	80006244	015f9f93	slli	x31,x31,0x15	 x31:0x72e970a0 x31=0x14000000
     292065.000 ns	     29205	80006248	117cf153	fmul.s	f2,f25,f23	 f25:0x7fc00000 f23:0x80000000  f2=0x7fc00000
     292085.000 ns	     29207	8000624c	00b78533	add	x10,x15,x11	 x15:0x00000000 x11:0x80040fe4 x10=0x80040fe4
     292105.000 ns	     29209	80006250	c00a7bd3	fcvt.w.s	x23,f20	 f20:0x3f800000 x23=0x00000001
     292125.000 ns	     29211	80006254	016d5113	srli	x2,x26,0x16	 x26:0x00000000  x2=0x00000000
     292145.000 ns	     29213	80006258	d00e2b53	fcvt.s.w	f22,x28	 x28:0x3fffffff f22=0x4e800000
     292175.000 ns	     29216	8000625c	02236eb3	rem	x29,x6,x2	  x6:0xffffffff  x2:0x00000000 x29=0xffffffff
     292205.000 ns	     29219	80006260	02b7bc33	mulhu	x24,x15,x11	 x15:0x00000000 x11:0x80040fe4 x24=0x00000000
     292235.000 ns	     29222	80006264	d00a1fd3	fcvt.s.w	f31,x20	 x20:0x80041024 f31=0xcefff7df
     292255.000 ns	     29224	80006268	01d35d33	srl	x26,x6,x29	  x6:0xffffffff x29:0xffffffff x26=0x00000001
     292265.000 ns	     29225	8000626c	003876b3	and	x13,x16,x3	 x16:0xffffffff  x3:0x00000000 x13=0x00000000
     292285.000 ns	     29227	80006270	d00172d3	fcvt.s.w	f5,x2	  x2:0x00000000  f5=0x00000000
     292335.000 ns	     29232	80006274	00f5a1d3	fadd.s	f3,f11,f15	 f11:0x7fc00000 f15:0x7fc00000  f3=0x7fc00000
     292355.000 ns	     29234	80006278	01ed6533	or	x10,x26,x30	 x26:0x00000001 x30:0x00000000 x10=0x00000001
     292715.000 ns	     29270	8000627c	02734b33	div	x22,x6,x7	  x6:0xffffffff  x7:0xffffffff x22=0x00000001
     292745.000 ns	     29273	80006280	f0000253	fmv.w.x	f4,x0	  x0:0x00000000  f4=0x00000000
     292765.000 ns	     29275	80006284	00257833	and	x16,x10,x2	 x10:0x00000001  x2:0x00000000 x16=0x00000000
     292785.000 ns	     29277	80006288	e00e8553	fmv.x.w	x10,f29	 f29:0x00000000 x10=0x00000000
     292805.000 ns	     29279	8000628c	d7962f13	slti	x30,x12,-647	 x12:0x00000000 x30=0x00000000
     292815.000 ns	     29280	80006290	40f8df93	srai	x31,x17,0xf	 x17:0x72e971f8 x31=0x0000e5d2
     292825.000 ns	     29281	80006294	0110e6b3	or	x13,x1,x17	  x1:0x80000000 x17:0x72e971f8 x13=0xf2e971f8
     292835.000 ns	     29282	80006298	346b6117	auipc	x2,0x346b6	  x2=0xb46bc298
     292845.000 ns	     29283	8000629c	dff7f393	andi	x7,x15,-513	 x15:0x00000000  x7=0x00000000
     293205.000 ns	     29319	800062a0	02bc4cb3	div	x25,x24,x11	 x24:0x00000000 x11:0x80040fe4 x25=0x00000000
     293225.000 ns	     29321	800062a4	00ab0333	add	x6,x22,x10	 x22:0x00000001 x10:0x00000000  x6=0x00000001
     293235.000 ns	     29322	800062a8	40530833	sub	x16,x6,x5	  x6:0xffffffff  x5:0x533e4000 x16=0xacc1c001
     293245.000 ns	     29323	800062ac	00f83133	sltu	x2,x16,x15	 x16:0x00000000 x15:0x00000000  x2=0x00000000
     293605.000 ns	     29359	800062b0	0378c2b3	div	x5,x17,x23	 x17:0x72e971f8 x23:0x00000001  x5=0x72e971f8
     293625.000 ns	     29361	800062b4	01bdbf33	sltu	x30,x27,x27	 x27:0x7ffbf21c x27:0x7ffbf21c x30=0x00000000
     293645.000 ns	     29363	800062b8	03e8cab3	div	x21,x17,x30	 x17:0x72e971f8 x30:0x00000000 x21=0xffffffff
     293665.000 ns	     29365	800062bc	00000013	addi	x0,x0,0	  x0:0x00000000
     293675.000 ns	     29366	800062c0	b27f4393	xori	x7,x30,-1241	 x30:0x00000000  x7=0xfffffb27
     293695.000 ns	     29368	800062c4	c00a2153	fcvt.w.s	x2,f20	 f20:0x3f800000  x2=0x00000001
     293715.000 ns	     29370	800062c8	00000013	addi	x0,x0,0	  x0:0x00000000
     293735.000 ns	     29372	800062cc	28719dd3	fmax.s	f27,f3,f7	  f3:0x7fc00000  f7:0x7fc00000 f27=0x7fc00000
     293755.000 ns	     29374	800062d0	215bd737	lui	x14,0x215bd	 x14=0x215bd000
     293765.000 ns	     29375	800062d4	e556cb17	auipc	x22,0xe556c	 x22=0x655722d4
     293785.000 ns	     29377	800062d8	29fb05d3	fmin.s	f11,f22,f31	 f22:0x4e800000 f31:0xcefff7df f11=0xcefff7df
     293815.000 ns	     29380	800062dc	a0598fd3	fle.s	x31,f19,f5	 f19:0x00000000  f5:0x00000000 x31=0x00000001
     293845.000 ns	     29383	800062e0	03ec9933	mulh	x18,x25,x30	 x25:0x00000000 x30:0x00000000 x18=0x00000000
     293875.000 ns	     29386	800062e4	e00018d3	fclass.s	x17,f0	  f0:0xb9d90000 x17=0x00000002
     293925.000 ns	     29391	800062e8	082fffd3	fsub.s	f31,f31,f2	 f31:0xcefff7df  f2:0x7fc00000 f31=0x7fc00000
     293945.000 ns	     29393	800062ec	005fd233	srl	x4,x31,x5	 x31:0x00000001  x5:0x72e971f8  x4=0x00000000
     293955.000 ns	     29394	800062f0	0e5c7113	andi	x2,x24,229	 x24:0x00000000  x2=0x00000000
     293995.000 ns	     29398	800062f4	08f572d3	fsub.s	f5,f10,f15	 f10:0xcefffff9 f15:0x7fc00000  f5=0x7fc00000
     294025.000 ns	     29401	800062f8	02b49c33	mulh	x24,x9,x11	  x9:0xd4a6f200 x11:0x80040fe4 x24=0x15abd6ea
     294045.000 ns	     29403	800062fc	01d99013	slli	x0,x19,0x1d	 x19:0x03e2d220
     294055.000 ns	     29404	80006300	0ded2713	slti	x14,x26,222	 x26:0x00000001 x14=0x00000001
     294075.000 ns	     29406	80006304	f00801d3	fmv.w.x	f3,x16	 x16:0xacc1c001  f3=0xacc1c001
     294095.000 ns	     29408	80006308	c1796117	auipc	x2,0xc1796	  x2=0x4179c308
     294105.000 ns	     29409	8000630c	aea77eb7	lui	x29,0xaea77	 x29=0xaea77000
     294125.000 ns	     29411	80006310	d00775d3	fcvt.s.w	f11,x14	 x14:0x00000001 f11=0x3f800000
     294145.000 ns	     29413	80006314	0d16df37	lui	x30,0xd16d	 x30=0x0d16d000
     294165.000 ns	     29415	80006318	a1c51cd3	flt.s	x25,f10,f28	 f10:0xcefffff9 f28:0x00000000 x25=0x00000001
     294195.000 ns	     29418	8000631c	d006c5d3	fcvt.s.w	f11,x13	 x13:0xf2e971f8 f11=0xcd5168e1
     294215.000 ns	     29420	80006320	6d12e493	ori	x9,x5,1745	  x5:0x72e971f8  x9=0x72e977f9
     294235.000 ns	     29422	80006324	f0010e53	fmv.w.x	f28,x2	  x2:0x4179c308 f28=0x4179c308
     294255.000 ns	     29424	80006328	016bb333	sltu	x6,x23,x22	 x23:0x00000001 x22:0x655722d4  x6=0x00000001
     294265.000 ns	     29425	8000632c	14937c13	andi	x24,x6,329	  x6:0x00000001 x24=0x00000001
     294285.000 ns	     29427	80006330	21b3a4d3	fsgnjx.s	f9,f7,f27	  f7:0x7fc00000 f27:0x7fc00000  f9=0x7fc00000
     294315.000 ns	     29430	80006334	c011f353	fcvt.wu.s	x6,f3	  f3:0xacc1c001  x6=0x00000000
     294345.000 ns	     29433	80006338	d01e2953	fcvt.s.wu	f18,x28	 x28:0x3fffffff f18=0x4e800000
     294375.000 ns	     29436	8000633c	036f8233	mul	x4,x31,x22	 x31:0x00000001 x22:0x655722d4  x4=0x655722d4
     294395.000 ns	     29438	80006340	007a6733	or	x14,x20,x7	 x20:0x80041024  x7:0xfffffb27 x14=0xfffffb27
     294405.000 ns	     29439	80006344	01179d33	sll	x26,x15,x17	 x15:0x00000000 x17:0x00000002 x26=0x00000000
     294765.000 ns	     29475	80006348	02bd5cb3	divu	x25,x26,x11	 x26:0x00000001 x11:0x80040fe4 x25=0x00000000
     294815.000 ns	     29480	8000634c	010df153	fadd.s	f2,f27,f16	 f27:0x7fc00000 f16:0x00000000  f2=0x7fc00000
     294835.000 ns	     29482	80006350	00a09ab3	sll	x21,x1,x10	  x1:0x80000000 x10:0x00000000 x21=0x80000000
     294845.000 ns	     29483	80006354	4500c893	xori	x17,x1,1104	  x1:0x80000000 x17=0x80000450
     294885.000 ns	     29487	80006358	0908cad3	fsub.s	f21,f17,f16	 f17:0x7fc00000 f16:0x00000000 f21=0x7fc00000
     294905.000 ns	     29489	8000635c	0062c933	xor	x18,x5,x6	  x5:0x72e971f8  x6:0x00000000 x18=0x72e971f8
     294915.000 ns	     29490	80006360	00dd9e33	sll	x28,x27,x13	 x27:0x7ffbf21c x13:0xf2e971f8 x28=0x1c000000
     294935.000 ns	     29492	80006364	a1c42d53	feq.s	x26,f8,f28	  f8:0xb9d90000 f28:0x4179c308 x26=0x00000000
     294955.000 ns	     29494	80006368	00419613	slli	x12,x3,0x4	  x3:0x00000000 x12=0x00000000
     294975.000 ns	     29496	8000636c	20999e53	fsgnjn.s	f28,f19,f9	 f19:0x00000000  f9:0x7fc00000 f28=0x80000000
     294995.000 ns	     29498	80006370	01926033	or	x0,x4,x25	  x4:0x655722d4 x25:0x00000000
     295005.000 ns	     29499	80006374	00ba6ab3	or	x21,x20,x11	 x20:0x80041024 x11:0x80040fe4 x21=0x80041fe4
     296175.000 ns	     29616	80006378	580b1c53	fsqrt.s	f24,f22	 f22:0x4e800000 f24=0x46ffffae
     296195.000 ns	     29618	8000637c	d5bfb237	lui	x4,0xd5bfb	  x4=0xd5bfb000
     296205.000 ns	     29619	80006380	01515513	srli	x10,x2,0x15	  x2:0x4179c308 x10=0x0000020b
     296215.000 ns	     29620	80006384	561e8613	addi	x12,x29,1377	 x29:0xaea77000 x12=0xaea77561
     296235.000 ns	     29622	80006388	c00c73d3	fcvt.w.s	x7,f24	 f24:0x46ffffae  x7=0x00007fff
     296605.000 ns	     29659	8000638c	02cff633	remu	x12,x31,x12	 x31:0x00000001 x12:0x00000000 x12=0x00000001
     296625.000 ns	     29661	80006390	01ad8733	add	x14,x27,x26	 x27:0x7ffbf21c x26:0x00000000 x14=0x7ffbf21c
     296645.000 ns	     29663	80006394	e0051153	fclass.s	x2,f10	 f10:0xcefffff9  x2=0x00000002
     296665.000 ns	     29665	80006398	81704713	xori	x14,x0,-2025	  x0:0x00000000 x14=0xfffff817
     296685.000 ns	     29667	8000639c	a0d18f53	fle.s	x30,f3,f13	  f3:0xacc1c001 f13:0x4f000411 x30=0x00000001
     296715.000 ns	     29670	800063a0	28c00153	fmin.s	f2,f0,f12	  f0:0xb9d90000 f12:0x00000000  f2=0xb9d90000
     296745.000 ns	     29673	800063a4	a03029d3	feq.s	x19,f0,f3	  f0:0xb9d90000  f3:0xacc1c001 x19=0x00000000
     296775.000 ns	     29676	800063a8	e0038bd3	fmv.x.w	x23,f7	  f7:0x7fc00000 x23=0x7fc00000
     296805.000 ns	     29679	800063ac	e0018f53	fmv.x.w	x30,f3	  f3:0xacc1c001 x30=0xacc1c001
     296835.000 ns	     29682	800063b0	291e1553	fmax.s	f10,f28,f17	 f28:0x80000000 f17:0x7fc00000 f10=0x80000000
     296855.000 ns	     29684	800063b4	40d608b3	sub	x17,x12,x13	 x12:0x00000001 x13:0xf2e971f8 x17=0x0d168e09
     296865.000 ns	     29685	800063b8	9e148f37	lui	x30,0x9e148	 x30=0x9e148000
     296885.000 ns	     29687	800063bc	c01532d3	fcvt.wu.s	x5,f10	 f10:0x80000000  x5=0x00000000
     296915.000 ns	     29690	800063c0	f0098dd3	fmv.w.x	f27,x19	 x19:0x00000000 f27=0x00000000
     296935.000 ns	     29692	800063c4	ea3a9837	lui	x16,0xea3a9	 x16=0xea3a9000
     296945.000 ns	     29693	800063c8	4e643c93	sltiu	x25,x8,1254	  x8:0x80040fe4 x25=0x00000000
     296965.000 ns	     29695	800063cc	02723533	mulhu	x10,x4,x7	  x4:0xd5bfb000  x7:0x00007fff x10=0x00006adf
     296995.000 ns	     29698	800063d0	037b19b3	mulh	x19,x22,x23	 x22:0x655722d4 x23:0x7fc00000 x19=0x32923ba1
     297365.000 ns	     29735	800063d4	0384d233	divu	x4,x9,x24	  x9:0x72e977f9 x24:0x00000001  x4=0x72e977f9
     297395.000 ns	     29738	800063d8	e0040753	fmv.x.w	x14,f8	  f8:0xb9d90000 x14=0xb9d90000
     297415.000 ns	     29740	800063dc	001378b3	and	x17,x6,x1	  x6:0x00000000  x1:0x80000000 x17=0x00000000
     297445.000 ns	     29743	800063e0	1889f9d3	fdiv.s	f19,f19,f8	 f19:0x00000000  f8:0xb9d90000 f19=0x80000000
     297465.000 ns	     29745	800063e4	01a0c1b3	xor	x3,x1,x26	  x1:0x80000000 x26:0x00000000  x3=0x80000000
     297485.000 ns	     29747	800063e8	20742153	fsgnjx.s	f2,f8,f7	  f8:0xb9d90000  f7:0x7fc00000  f2=0xb9d90000
     297515.000 ns	     29750	800063ec	d00b74d3	fcvt.s.w	f9,x22	 x22:0x655722d4  f9=0x4ecaae45
     297545.000 ns	     29753	800063f0	21cf04d3	fsgnj.s	f9,f30,f28	 f30:0x7fc00000 f28:0x80000000  f9=0xffc00000
     297565.000 ns	     29755	800063f4	403bd8b3	sra	x17,x23,x3	 x23:0x7fc00000  x3:0x80000000 x17=0x7fc00000
     297925.000 ns	     29791	800063f8	02c8dc33	divu	x24,x17,x12	 x17:0x00000000 x12:0x00000001 x24=0x7fc00000
     297955.000 ns	     29794	800063fc	03b38033	mul	x0,x7,x27	  x7:0x00007fff x27:0x7ffbf21c
     297985.000 ns	     29797	80006400	d01e0ad3	fcvt.s.wu	f21,x28	 x28:0x1c000000 f21=0x4de00000
     298005.000 ns	     29799	80006404	40e1d1b3	sra	x3,x3,x14	  x3:0x80000000 x14:0xb9d90000  x3=0x80000000
     298025.000 ns	     29801	80006408	299b9353	fmax.s	f6,f23,f25	 f23:0x80000000 f25:0x7fc00000  f6=0x80000000
     298055.000 ns	     29804	8000640c	d00d7653	fcvt.s.w	f12,x26	 x26:0x00000000 f12=0x00000000
     298085.000 ns	     29807	80006410	d010cdd3	fcvt.s.wu	f27,x1	  x1:0x80000000 f27=0x4f000000
     298115.000 ns	     29810	80006414	e00d8d53	fmv.x.w	x26,f27	 f27:0x00000000 x26=0x4f000000
     298145.000 ns	     29813	80006418	21c28553	fsgnj.s	f10,f5,f28	  f5:0x7fc00000 f28:0x80000000 f10=0xffc00000
     298165.000 ns	     29815	8000641c	8b8f2d93	slti	x27,x30,-1864	 x30:0x9e148000 x27=0x00000001
     298175.000 ns	     29816	80006420	01701733	sll	x14,x0,x23	  x0:0x00000000 x23:0x7fc00000 x14=0x00000000
     298195.000 ns	     29818	80006424	03370733	mul	x14,x14,x19	 x14:0xb9d90000 x19:0x32923ba1 x14=0x00000000
     298225.000 ns	     29821	80006428	c00cf153	fcvt.w.s	x2,f25	 f25:0x7fc00000  x2=0x7fffffff
     298255.000 ns	     29824	8000642c	f00a88d3	fmv.w.x	f17,x21	 x21:0x80041fe4 f17=0x80041fe4
     298275.000 ns	     29826	80006430	40d887b3	sub	x15,x17,x13	 x17:0x7fc00000 x13:0xf2e971f8 x15=0x8cd68e08
     298285.000 ns	     29827	80006434	00dbfc33	and	x24,x23,x13	 x23:0x7fc00000 x13:0xf2e971f8 x24=0x72c00000
     298305.000 ns	     29829	80006438	20e2a6d3	fsgnjx.s	f13,f5,f14	  f5:0x7fc00000 f14:0xc4590000 f13=0xffc00000
     298325.000 ns	     29831	8000643c	0062c1b3	xor	x3,x5,x6	  x5:0x00000000  x6:0x00000000  x3=0x00000000
     298345.000 ns	     29833	80006440	291a9853	fmax.s	f16,f21,f17	 f21:0x4de00000 f17:0x80041fe4 f16=0x4de00000
     298375.000 ns	     29836	80006444	c01e4f53	fcvt.wu.s	x30,f28	 f28:0x80000000 x30=0x00000000
     298405.000 ns	     29839	80006448	d01574d3	fcvt.s.wu	f9,x10	 x10:0x00006adf  f9=0x46d5be00
     298775.000 ns	     29876	8000644c	03d9e533	rem	x10,x19,x29	 x19:0x32923ba1 x29:0xaea77000 x10=0x32923ba1
     298795.000 ns	     29878	80006450	80496313	ori	x6,x18,-2044	 x18:0x72e971f8  x6=0xfffff9fc
     298805.000 ns	     29879	80006454	018b7b33	and	x22,x22,x24	 x22:0x655722d4 x24:0x72c00000 x22=0x60400000
     298815.000 ns	     29880	80006458	01c762b3	or	x5,x14,x28	 x14:0x00000000 x28:0x1c000000  x5=0x1c000000
     298855.000 ns	     29884	8000645c	08a6f3d3	fsub.s	f7,f13,f10	 f13:0xffc00000 f10:0xffc00000  f7=0x7fc00000
     298885.000 ns	     29887	80006460	a14f0f53	fle.s	x30,f30,f20	 f30:0x7fc00000 f20:0x3f800000 x30=0x00000000
     298905.000 ns	     29889	80006464	00539013	slli	x0,x7,0x5	  x7:0x00007fff
     298915.000 ns	     29890	80006468	00ab2fb3	slt	x31,x22,x10	 x22:0x60400000 x10:0x32923ba1 x31=0x00000000
     298935.000 ns	     29892	8000646c	020c49b3	div	x19,x24,x0	 x24:0x72c00000  x0:0x00000000 x19=0xffffffff
     298965.000 ns	     29895	80006470	c0197d53	fcvt.wu.s	x26,f18	 f18:0x4e800000 x26=0x40000000
     298995.000 ns	     29898	80006474	a0bb9153	flt.s	x2,f23,f11	 f23:0x80000000 f11:0xcd5168e1  x2=0x00000000
     299015.000 ns	     29900	80006478	01d7e3b3	or	x7,x15,x29	 x15:0x8cd68e08 x29:0xaea77000  x7=0xaef7fe08
     299375.000 ns	     29936	8000647c	0347e7b3	rem	x15,x15,x20	 x15:0x8cd68e08 x20:0x80041024 x15=0x8cd68e08
     299395.000 ns	     29938	80006480	4d0e62b7	lui	x5,0x4d0e6	  x5=0x4d0e6000
     299415.000 ns	     29940	80006484	a07b8d53	fle.s	x26,f23,f7	 f23:0x80000000  f7:0x7fc00000 x26=0x00000000
     299445.000 ns	     29943	80006488	c0190e53	fcvt.wu.s	x28,f18	 f18:0x4e800000 x28=0x40000000
     299475.000 ns	     29946	8000648c	e00304d3	fmv.x.w	x9,f6	  f6:0x80000000  x9=0x80000000
     299495.000 ns	     29948	80006490	a1333fb7	lui	x31,0xa1333	 x31=0xa1333000
     299505.000 ns	     29949	80006494	00bf6b33	or	x22,x30,x11	 x30:0x00000000 x11:0x80040fe4 x22=0x80040fe4
     299515.000 ns	     29950	80006498	01e52db3	slt	x27,x10,x30	 x10:0x32923ba1 x30:0x00000000 x27=0x00000000
     299525.000 ns	     29951	8000649c	01ba3533	sltu	x10,x20,x27	 x20:0x80041024 x27:0x00000001 x10=0x00000000
     299535.000 ns	     29952	800064a0	ced03913	sltiu	x18,x0,-787	  x0:0x00000000 x18=0x00000001
     299575.000 ns	     29956	800064a4	01c81dd3	fadd.s	f27,f16,f28	 f16:0x4de00000 f28:0x80000000 f27=0x4de00000
     299595.000 ns	     29958	800064a8	51f8ef13	ori	x30,x17,1311	 x17:0x7fc00000 x30=0x7fc0051f
     299605.000 ns	     29959	800064ac	00139633	sll	x12,x7,x1	  x7:0xaef7fe08  x1:0x80000000 x12=0xaef7fe08
     299635.000 ns	     29962	800064b0	114df9d3	fmul.s	f19,f27,f20	 f27:0x4de00000 f20:0x3f800000 f19=0x4de00000
     299655.000 ns	     29964	800064b4	06530213	addi	x4,x6,101	  x6:0xfffff9fc  x4=0xfffffa61
     299665.000 ns	     29965	800064b8	9bd98993	addi	x19,x19,-1603	 x19:0xffffffff x19=0xfffff9bc
     299685.000 ns	     29967	800064bc	205404d3	fsgnj.s	f9,f8,f5	  f8:0xb9d90000  f5:0x7fc00000  f9=0x39d90000
     299715.000 ns	     29970	800064c0	28d20d53	fmin.s	f26,f4,f13	  f4:0x00000000 f13:0xffc00000 f26=0x00000000
     299745.000 ns	     29973	800064c4	02e36633	rem	x12,x6,x14	  x6:0xfffff9fc x14:0x00000000 x12=0xfffff9fc
     299785.000 ns	     29977	800064c8	58027653	fsqrt.s	f12,f4	  f4:0x00000000 f12=0x00000000
     299805.000 ns	     29979	800064cc	00000013	addi	x0,x0,0	  x0:0x00000000
     299815.000 ns	     29980	800064d0	00a96533	or	x10,x18,x10	 x18:0x00000001 x10:0x00000000 x10=0x00000001
     299835.000 ns	     29982	800064d4	c00fffd3	fcvt.w.s	x31,f31	 f31:0x7fc00000 x31=0x7fffffff
     300205.000 ns	     30019	800064d8	03d44b33	div	x22,x8,x29	  x8:0x80040fe4 x29:0xaea77000 x22=0x00000001
     300575.000 ns	     30056	800064dc	0270d9b3	divu	x19,x1,x7	  x1:0x80000000  x7:0xaef7fe08 x19=0x00000000
     300605.000 ns	     30059	800064e0	a13a8853	fle.s	x16,f21,f19	 f21:0x4de00000 f19:0x4de00000 x16=0x00000001
     300635.000 ns	     30062	800064e4	c00d76d3	fcvt.w.s	x13,f26	 f26:0x00000000 x13=0x00000000
     300665.000 ns	     30065	800064e8	02883633	mulhu	x12,x16,x8	 x16:0x00000001  x8:0x80040fe4 x12=0x00000000
     300685.000 ns	     30067	800064ec	016191b3	sll	x3,x3,x22	  x3:0x00000000 x22:0x00000001  x3=0x00000000
     300715.000 ns	     30070	800064f0	19edfdd3	fdiv.s	f27,f27,f30	 f27:0x4de00000 f30:0x7fc00000 f27=0x7fc00000
     300735.000 ns	     30072	800064f4	01ca51b3	srl	x3,x20,x28	 x20:0x80041024 x28:0x40000000  x3=0x80041024
     301095.000 ns	     30108	800064f8	0379feb3	remu	x29,x19,x23	 x19:0x00000000 x23:0x7fc00000 x29=0x00000000
     301125.000 ns	     30111	800064fc	03ba19b3	mulh	x19,x20,x27	 x20:0x80041024 x27:0x00000000 x19=0x00000000
     301145.000 ns	     30113	80006500	01269893	slli	x17,x13,0x12	 x13:0x00000000 x17=0x00000000
     301165.000 ns	     30115	80006504	c012f9d3	fcvt.wu.s	x19,f5	  f5:0x7fc00000 x19=0xffffffff
     301215.000 ns	     30120	80006508	004ef5d3	fadd.s	f11,f29,f4	 f29:0x00000000  f4:0x00000000 f11=0x00000000
     301585.000 ns	     30157	8000650c	0235ceb3	div	x29,x11,x3	 x11:0x80040fe4  x3:0x80041024 x29=0x00000001
     301615.000 ns	     30160	80006510	203199d3	fsgnjn.s	f19,f3,f3	  f3:0xacc1c001  f3:0xacc1c001 f19=0x2cc1c001
     301635.000 ns	     30162	80006514	4008d533	sra	x10,x17,x0	 x17:0x00000000  x0:0x00000000 x10=0x00000000
     301655.000 ns	     30164	80006518	c011ced3	fcvt.wu.s	x29,f3	  f3:0xacc1c001 x29=0x00000000
     301675.000 ns	     30166	8000651c	0083ccb3	xor	x25,x7,x8	  x7:0xaef7fe08  x8:0x80040fe4 x25=0x2ef3f1ec
     301685.000 ns	     30167	80006520	f6accb13	xori	x22,x25,-150	 x25:0x00000000 x22=0xd10c0e86
     302045.000 ns	     30203	80006524	0346fbb3	remu	x23,x13,x20	 x13:0x00000000 x20:0x80041024 x23=0x00000000
     302065.000 ns	     30205	80006528	9c15ed93	ori	x27,x11,-1599	 x11:0x80040fe4 x27=0xffffffe5
     302425.000 ns	     30241	8000652c	02197d33	remu	x26,x18,x1	 x18:0x00000001  x1:0x80000000 x26=0x00000001
     302445.000 ns	     30243	80006530	82332ab7	lui	x21,0x82332	 x21=0x82332000
     302455.000 ns	     30244	80006534	00000013	addi	x0,x0,0	  x0:0x00000000
     302465.000 ns	     30245	80006538	00d9a5b3	slt	x11,x19,x13	 x19:0xffffffff x13:0x00000000 x11=0x00000001
     302475.000 ns	     30246	8000653c	01621493	slli	x9,x4,0x16	  x4:0xfffffa61  x9=0x98400000
     302505.000 ns	     30249	80006540	1053a053	fmul.s	f0,f7,f5	  f7:0x7fc00000  f5:0x7fc00000  f0=0x7fc00000
     302525.000 ns	     30251	80006544	01156bb3	or	x23,x10,x17	 x10:0x00000000 x17:0x00000000 x23=0x00000000
     302535.000 ns	     30252	80006548	40880333	sub	x6,x16,x8	 x16:0x00000001  x8:0x80040fe4  x6=0x7ffbf01d
     302555.000 ns	     30254	8000654c	c019f8d3	fcvt.wu.s	x17,f19	 f19:0x2cc1c001 x17=0x00000000
     302585.000 ns	     30257	80006550	21d416d3	fsgnjn.s	f13,f8,f29	  f8:0xb9d90000 f29:0x00000000 f13=0xb9d90000
     302615.000 ns	     30260	80006554	203f83d3	fsgnj.s	f7,f31,f3	 f31:0x7fc00000  f3:0xacc1c001  f7=0xffc00000
     302645.000 ns	     30263	80006558	a03e2653	feq.s	x12,f28,f3	 f28:0x80000000  f3:0xacc1c001 x12=0x00000000
     302665.000 ns	     30265	8000655c	4021dbb3	sra	x23,x3,x2	  x3:0x80041024  x2:0x00000000 x23=0x80041024
     302685.000 ns	     30267	80006560	d0157353	fcvt.s.wu	f6,x10	 x10:0x00000000  f6=0x00000000
     302705.000 ns	     30269	80006564	ba6bf593	andi	x11,x23,-1114	 x23:0x00000000 x11=0x80041024
     302735.000 ns	     30272	80006568	580ef453	fsqrt.s	f8,f29	 f29:0x00000000  f8=0x00000000
     302755.000 ns	     30274	8000656c	00000013	addi	x0,x0,0	  x0:0x00000000
     302775.000 ns	     30276	80006570	026f0633	mul	x12,x30,x6	 x30:0x7fc0051f  x6:0x7ffbf01d x12=0xe3f2a483
     302795.000 ns	     30278	80006574	000ce233	or	x4,x25,x0	 x25:0x2ef3f1ec  x0:0x00000000  x4=0x2ef3f1ec
     302815.000 ns	     30280	80006578	28dd87d3	fmin.s	f15,f27,f13	 f27:0x7fc00000 f13:0xb9d90000 f15=0xb9d90000
     302845.000 ns	     30283	8000657c	f0050153	fmv.w.x	f2,x10	 x10:0x00000000  f2=0x00000000
     302875.000 ns	     30286	80006580	20a71ed3	fsgnjn.s	f29,f14,f10	 f14:0xc4590000 f10:0xffc00000 f29=0x44590000
     302895.000 ns	     30288	80006584	01d28bb3	add	x23,x5,x29	  x5:0x4d0e6000 x29:0x00000000 x23=0x4d0e6000
     302925.000 ns	     30291	80006588	11df9653	fmul.s	f12,f31,f29	 f31:0x7fc00000 f29:0x44590000 f12=0x7fc00000
     302955.000 ns	     30294	8000658c	c0192ed3	fcvt.wu.s	x29,f18	 f18:0x4e800000 x29=0x40000000
     302975.000 ns	     30296	80006590	5acbfe93	andi	x29,x23,1452	 x23:0x4d0e6000 x29=0x00000000
     302985.000 ns	     30297	80006594	007f48b3	xor	x17,x30,x7	 x30:0x7fc0051f  x7:0xaef7fe08 x17=0xd137fb17
     302995.000 ns	     30298	80006598	00000013	addi	x0,x0,0	  x0:0x00000000
     303015.000 ns	     30300	8000659c	e0058c53	fmv.x.w	x24,f11	 f11:0x00000000 x24=0x00000000
     303035.000 ns	     30302	800065a0	01ddbd33	sltu	x26,x27,x29	 x27:0xffffffe5 x29:0x00000000 x26=0x00000000
     303055.000 ns	     30304	800065a4	a1aa19d3	flt.s	x19,f20,f26	 f20:0x3f800000 f26:0x00000000 x19=0x00000000
     303075.000 ns	     30306	800065a8	010716b3	sll	x13,x14,x16	 x14:0x00000000 x16:0x00000001 x13=0x00000000
     303435.000 ns	     30342	800065ac	0396ddb3	divu	x27,x13,x25	 x13:0x00000000 x25:0x2ef3f1ec x27=0x00000000
     303455.000 ns	     30344	800065b0	015a95b3	sll	x11,x21,x21	 x21:0x82332000 x21:0x82332000 x11=0x82332000
     303465.000 ns	     30345	800065b4	01941613	slli	x12,x8,0x19	  x8:0x80040fe4 x12=0xc8000000
     303485.000 ns	     30347	800065b8	03e1b9b3	mulhu	x19,x3,x30	  x3:0x80041024 x30:0x7fc0051f x19=0x3fe2099d
     303505.000 ns	     30349	800065bc	9e6d77b7	lui	x15,0x9e6d7	 x15=0x9e6d7000
     303535.000 ns	     30352	800065c0	19c24153	fdiv.s	f2,f4,f28	  f4:0x00000000 f28:0x80000000  f2=0x7fc00000
     303555.000 ns	     30354	800065c4	00c9c733	xor	x14,x19,x12	 x19:0x3fe2099d x12:0xc8000000 x14=0xf7e2099d
     303565.000 ns	     30355	800065c8	40f5d913	srai	x18,x11,0xf	 x11:0x82332000 x18=0xffff0466
     303585.000 ns	     30357	800065cc	036b04b3	mul	x9,x22,x22	 x22:0xd10c0e86 x22:0xd10c0e86  x9=0x2962ee24
     303605.000 ns	     30359	800065d0	c9b6a113	slti	x2,x13,-869	 x13:0x00000000  x2=0x00000000
     303615.000 ns	     30360	800065d4	683d0393	addi	x7,x26,1667	 x26:0x00000000  x7=0x00000683
     303635.000 ns	     30362	800065d8	c00e7753	fcvt.w.s	x14,f28	 f28:0x80000000 x14=0x00000000
     303655.000 ns	     30364	800065dc	4090deb3	sra	x29,x1,x9	  x1:0x80000000  x9:0x2962ee24 x29=0xf8000000
     303665.000 ns	     30365	800065e0	01e117b3	sll	x15,x2,x30	  x2:0x00000000 x30:0x7fc0051f x15=0x00000000
     303675.000 ns	     30366	800065e4	400cde33	sra	x28,x25,x0	 x25:0x2ef3f1ec  x0:0x00000000 x28=0x2ef3f1ec
     303695.000 ns	     30368	800065e8	29ff05d3	fmin.s	f11,f30,f31	 f30:0x7fc00000 f31:0x7fc00000 f11=0x7fc00000
     303735.000 ns	     30372	800065ec	1817fed3	fdiv.s	f29,f15,f1	 f15:0xb9d90000  f1:0x80000000 f29=0x7f800000
     303755.000 ns	     30374	800065f0	7a6c8893	addi	x17,x25,1958	 x25:0x2ef3f1ec x17=0x2ef3f992
     303765.000 ns	     30375	800065f4	005efb33	and	x22,x29,x5	 x29:0xf8000000  x5:0x4d0e6000 x22=0x48000000
     303785.000 ns	     30377	800065f8	03560333	mul	x6,x12,x21	 x12:0xc8000000 x21:0x82332000  x6=0x00000000
     303805.000 ns	     30379	800065fc	0dff7c13	andi	x24,x30,223	 x30:0x7fc0051f x24=0x0000001f
     303825.000 ns	     30381	80006600	d00f4853	fcvt.s.w	f16,x30	 x30:0x7fc0051f f16=0x4eff800a
     303865.000 ns	     30385	80006604	10b77053	fmul.s	f0,f14,f11	 f14:0xc4590000 f11:0x7fc00000  f0=0x7fc00000
     303895.000 ns	     30388	80006608	03a9c333	div	x6,x19,x26	 x19:0x3fe2099d x26:0x00000000  x6=0xffffffff
     303915.000 ns	     30390	8000660c	96d73213	sltiu	x4,x14,-1683	 x14:0x00000000  x4=0x00000001
     303955.000 ns	     30394	80006610	01107253	fadd.s	f4,f0,f17	  f0:0x7fc00000 f17:0x80041fe4  f4=0x7fc00000
     303975.000 ns	     30396	80006614	01c681b3	add	x3,x13,x28	 x13:0x00000000 x28:0x2ef3f1ec  x3=0x2ef3f1ec
     303985.000 ns	     30397	80006618	005b3533	sltu	x10,x22,x5	 x22:0x48000000  x5:0x4d0e6000 x10=0x00000001
     303995.000 ns	     30398	8000661c	8b9af797	auipc	x15,0x8b9af	 x15=0x0b9b561c
     304005.000 ns	     30399	80006620	13297837	lui	x16,0x13297	 x16=0x13297000
     304045.000 ns	     30403	80006624	0116f253	fadd.s	f4,f13,f17	 f13:0xb9d90000 f17:0x80041fe4  f4=0xb9d90000
     304065.000 ns	     30405	80006628	0187cb33	xor	x22,x15,x24	 x15:0x0b9b561c x24:0x0000001f x22=0x0b9b5603
     304085.000 ns	     30407	8000662c	20bb0f53	fsgnj.s	f30,f22,f11	 f22:0x4e800000 f11:0x7fc00000 f30=0x4e800000
     304115.000 ns	     30410	80006630	28aa1053	fmax.s	f0,f20,f10	 f20:0x3f800000 f10:0xffc00000  f0=0x3f800000
     304135.000 ns	     30412	80006634	00000013	addi	x0,x0,0	  x0:0x00000000
     304155.000 ns	     30414	80006638	21512f53	fsgnjx.s	f30,f2,f21	  f2:0x7fc00000 f21:0x4de00000 f30=0x7fc00000
     304175.000 ns	     30416	8000663c	00fc89b3	add	x19,x25,x15	 x25:0x2ef3f1ec x15:0x0b9b561c x19=0x3a8f4808
     304195.000 ns	     30418	80006640	020aceb3	div	x29,x21,x0	 x21:0x82332000  x0:0x00000000 x29=0xffffffff
     304215.000 ns	     30420	80006644	005bad33	slt	x26,x23,x5	 x23:0x4d0e6000  x5:0x4d0e6000 x26=0x00000000
     304225.000 ns	     30421	80006648	004a2eb3	slt	x29,x20,x4	 x20:0x80041024  x4:0x00000001 x29=0x00000001
     304235.000 ns	     30422	8000664c	5bb4d197	auipc	x3,0x5bb4d	  x3=0xdbb5364c
     304245.000 ns	     30423	80006650	01469733	sll	x14,x13,x20	 x13:0x00000000 x20:0x80041024 x14=0x00000000
     304255.000 ns	     30424	80006654	016b84b3	add	x9,x23,x22	 x23:0x4d0e6000 x22:0x0b9b5603  x9=0x58a9b603
     304275.000 ns	     30426	80006658	d013fc53	fcvt.s.wu	f24,x7	  x7:0x00000683 f24=0x44d06000
     304305.000 ns	     30429	8000665c	033a0733	mul	x14,x20,x19	 x20:0x80041024 x19:0x3a8f4808 x14=0x50c6a120
     304335.000 ns	     30432	80006660	29c088d3	fmin.s	f17,f1,f28	  f1:0x80000000 f28:0x80000000 f17=0x80000000
     304365.000 ns	     30435	80006664	03ba9ab3	mulh	x21,x21,x27	 x21:0x82332000 x27:0x00000000 x21=0x00000000
     304395.000 ns	     30438	80006668	02d48033	mul	x0,x9,x13	  x9:0x58a9b603 x13:0x00000000
     304425.000 ns	     30441	8000666c	03ba27b3	mulhsu	x15,x20,x27	 x20:0x80041024 x27:0x00000000 x15=0x00000000
     304445.000 ns	     30443	80006670	40ba02b3	sub	x5,x20,x11	 x20:0x80041024 x11:0x82332000  x5=0xfdd0f024
     304465.000 ns	     30445	80006674	e0058c53	fmv.x.w	x24,f11	 f11:0x7fc00000 x24=0x7fc00000
     304505.000 ns	     30449	80006678	1089f7d3	fmul.s	f15,f19,f8	 f19:0x2cc1c001  f8:0x00000000 f15=0x00000000
     304525.000 ns	     30451	8000667c	005b0c33	add	x24,x22,x5	 x22:0x0b9b5603  x5:0xfdd0f024 x24=0x096c4627
     304545.000 ns	     30453	80006680	e00188d3	fmv.x.w	x17,f3	  f3:0xacc1c001 x17=0xacc1c001
     304585.000 ns	     30457	80006684	580c81d3	fsqrt.s	f3,f25	 f25:0x7fc00000  f3=0x7fc00000
     304615.000 ns	     30460	80006688	a1370cd3	fle.s	x25,f14,f19	 f14:0xc4590000 f19:0x2cc1c001 x25=0x00000001
     304645.000 ns	     30463	8000668c	d01e3053	fcvt.s.wu	f0,x28	 x28:0x2ef3f1ec  f0=0x4e3bcfc8
     304675.000 ns	     30466	80006690	e0078ed3	fmv.x.w	x29,f15	 f15:0x00000000 x29=0x00000000
     304695.000 ns	     30468	80006694	013a7233	and	x4,x20,x19	 x20:0x80041024 x19:0x3a8f4808  x4=0x00040000
     304705.000 ns	     30469	80006698	00f09c33	sll	x24,x1,x15	  x1:0x80000000 x15:0x00000000 x24=0x80000000
     304725.000 ns	     30471	8000669c	02c73db3	mulhu	x27,x14,x12	 x14:0x50c6a120 x12:0xc8000000 x27=0x3f1b2de1
     304755.000 ns	     30474	800066a0	28720953	fmin.s	f18,f4,f7	  f4:0xb9d90000  f7:0xffc00000 f18=0xb9d90000
     304785.000 ns	     30477	800066a4	21f40e53	fsgnj.s	f28,f8,f31	  f8:0x00000000 f31:0x7fc00000 f28=0x00000000
     304805.000 ns	     30479	800066a8	dcea6f13	ori	x30,x20,-562	 x20:0x80041024 x30=0xfffffdee
     304825.000 ns	     30481	800066ac	c0077253	fcvt.w.s	x4,f14	 f14:0xc4590000  x4=0x00000364
     304855.000 ns	     30484	800066b0	a07eaf53	feq.s	x30,f29,f7	 f29:0x7f800000  f7:0xffc00000 x30=0x00000000
     304885.000 ns	     30487	800066b4	a0f694d3	flt.s	x9,f13,f15	 f13:0xb9d90000 f15:0x00000000  x9=0x00000001
     304905.000 ns	     30489	800066b8	41ee5c13	srai	x24,x28,0x1e	 x28:0x2ef3f1ec x24=0x00000000
     304925.000 ns	     30491	800066bc	02ac1c33	mulh	x24,x24,x10	 x24:0x80000000 x10:0x00000001 x24=0x00000000
     304945.000 ns	     30493	800066c0	00000013	addi	x0,x0,0	  x0:0x00000000
     304955.000 ns	     30494	800066c4	82e58b13	addi	x22,x11,-2002	 x11:0x82332000 x22=0x8233182e
     304965.000 ns	     30495	800066c8	00a3b733	sltu	x14,x7,x10	  x7:0x00000683 x10:0x00000001 x14=0x00000000
     304975.000 ns	     30496	800066cc	df320b93	addi	x23,x4,-525	  x4:0x00000364 x23=0x00000157
     304995.000 ns	     30498	800066d0	20c0aad3	fsgnjx.s	f21,f1,f12	  f1:0x80000000 f12:0x7fc00000 f21=0x80000000
     305015.000 ns	     30500	800066d4	0147e5b3	or	x11,x15,x20	 x15:0x00000000 x20:0x80041024 x11=0x80041024
     305055.000 ns	     30504	800066d8	08aec153	fsub.s	f2,f29,f10	 f29:0x7f800000 f10:0xffc00000  f2=0x7fc00000
     305075.000 ns	     30506	800066dc	404e5833	sra	x16,x28,x4	 x28:0x2ef3f1ec  x4:0x00000364 x16=0x02ef3f1e
     305435.000 ns	     30542	800066e0	02645c33	divu	x24,x8,x6	  x8:0x80040fe4  x6:0xffffffff x24=0x00000000
     305465.000 ns	     30545	800066e4	f00b87d3	fmv.w.x	f15,x23	 x23:0x00000157 f15=0x00000157
     305485.000 ns	     30547	800066e8	4014d733	sra	x14,x9,x1	  x9:0x00000001  x1:0x80000000 x14=0x00000001
     305495.000 ns	     30548	800066ec	e0094b13	xori	x22,x18,-512	 x18:0xffff0466 x22=0x0000fa66
     305505.000 ns	     30549	800066f0	5c920b93	addi	x23,x4,1481	  x4:0x00000364 x23=0x0000092d
     305535.000 ns	     30552	800066f4	189197d3	fdiv.s	f15,f3,f9	  f3:0x7fc00000  f9:0x39d90000 f15=0x7fc00000
     305905.000 ns	     30589	800066f8	03106fb3	rem	x31,x0,x17	  x0:0x00000000 x17:0xacc1c001 x31=0x00000000
     305925.000 ns	     30591	800066fc	00139913	slli	x18,x7,0x1	  x7:0x00000683 x18=0x00000d06
     305945.000 ns	     30593	80006700	03a185b3	mul	x11,x3,x26	  x3:0xdbb5364c x26:0x00000000 x11=0x00000000
     305965.000 ns	     30595	80006704	01cf37b3	sltu	x15,x30,x28	 x30:0x00000000 x28:0x2ef3f1ec x15=0x00000001
     305975.000 ns	     30596	80006708	006094b3	sll	x9,x1,x6	  x1:0x80000000  x6:0xffffffff  x9=0x00000000
     305995.000 ns	     30598	8000670c	a1aea5d3	feq.s	x11,f29,f26	 f29:0x7f800000 f26:0x00000000 x11=0x00000000
     306365.000 ns	     30635	80006710	02c35bb3	divu	x23,x6,x12	  x6:0xffffffff x12:0xc8000000 x23=0x00000001
     306385.000 ns	     30637	80006714	696a4e13	xori	x28,x20,1686	 x20:0x80041024 x28=0x800416b2
     306405.000 ns	     30639	80006718	e00d9e53	fclass.s	x28,f27	 f27:0x7fc00000 x28=0x00000200
     306435.000 ns	     30642	8000671c	03c6aab3	mulhsu	x21,x13,x28	 x13:0x00000000 x28:0x2ef3f1ec x21=0x00000000
     306455.000 ns	     30644	80006720	7bb48c13	addi	x24,x9,1979	  x9:0x00000000 x24=0x000007bb
     306485.000 ns	     30647	80006724	1816a853	fdiv.s	f16,f13,f1	 f13:0xb9d90000  f1:0x80000000 f16=0x7f800000
     306505.000 ns	     30649	80006728	42957d13	andi	x26,x10,1065	 x10:0x00000001 x26=0x00000001
     306515.000 ns	     30650	8000672c	372a7b13	andi	x22,x20,882	 x20:0x80041024 x22=0x00000020
     306525.000 ns	     30651	80006730	b779eb93	ori	x23,x19,-1161	 x19:0x3a8f4808 x23=0xfffffb7f
     306535.000 ns	     30652	80006734	1f268a93	addi	x21,x13,498	 x13:0x00000000 x21=0x000001f2
     306555.000 ns	     30654	80006738	c017fb53	fcvt.wu.s	x22,f15	 f15:0x7fc00000 x22=0xffffffff
     306585.000 ns	     30657	8000673c	290a17d3	fmax.s	f15,f20,f16	 f20:0x3f800000 f16:0x7f800000 f15=0x7f800000
     306615.000 ns	     30660	80006740	03c1b1b3	mulhu	x3,x3,x28	  x3:0xdbb5364c x28:0x00000200  x3=0x000001b7
     306645.000 ns	     30663	80006744	a1192e53	feq.s	x28,f18,f17	 f18:0xb9d90000 f17:0x80000000 x28=0x00000000
     306665.000 ns	     30665	80006748	a0b14c93	xori	x25,x2,-1525	  x2:0x00000000 x25=0xfffffa0b
     306675.000 ns	     30666	8000674c	10b74313	xori	x6,x14,267	 x14:0x00000001  x6=0x0000010a
     306695.000 ns	     30668	80006750	e00007d3	fmv.x.w	x15,f0	  f0:0x4e3bcfc8 x15=0x4e3bcfc8
     306715.000 ns	     30670	80006754	004b7793	andi	x15,x22,4	 x22:0xffffffff x15=0x00000004
     306735.000 ns	     30672	80006758	d00c7453	fcvt.s.w	f8,x24	 x24:0x000007bb  f8=0x44f76000
     306765.000 ns	     30675	8000675c	0220acb3	mulhsu	x25,x1,x2	  x1:0x80000000  x2:0x00000000 x25=0x00000000
     306785.000 ns	     30677	80006760	0051a133	slt	x2,x3,x5	  x3:0x000001b7  x5:0xfdd0f024  x2=0x00000000
     306805.000 ns	     30679	80006764	e0060cd3	fmv.x.w	x25,f12	 f12:0x7fc00000 x25=0x7fc00000
     306825.000 ns	     30681	80006768	0030b6b3	sltu	x13,x1,x3	  x1:0x80000000  x3:0x000001b7 x13=0x00000000
     306835.000 ns	     30682	8000676c	417bdcb3	sra	x25,x23,x23	 x23:0xfffffb7f x23:0xfffffb7f x25=0xffffffff
     306845.000 ns	     30683	80006770	00939cb3	sll	x25,x7,x9	  x7:0x00000683  x9:0x00000000 x25=0x00000683
     306855.000 ns	     30684	80006774	01411bb3	sll	x23,x2,x20	  x2:0x00000000 x20:0x80041024 x23=0x00000000
     306875.000 ns	     30686	80006778	e00f91d3	fclass.s	x3,f31	 f31:0x7fc00000  x3=0x00000200
     306895.000 ns	     30688	8000677c	011544b3	xor	x9,x10,x17	 x10:0x00000001 x17:0xacc1c001  x9=0xacc1c000
     306905.000 ns	     30689	80006780	011508b3	add	x17,x10,x17	 x10:0x00000001 x17:0xacc1c001 x17=0xacc1c002
     306925.000 ns	     30691	80006784	d00c8753	fcvt.s.w	f14,x25	 x25:0x00000683 f14=0x44d06000
     306945.000 ns	     30693	80006788	019b1013	slli	x0,x22,0x19	 x22:0xffffffff
     306965.000 ns	     30695	8000678c	022e9ab3	mulh	x21,x29,x2	 x29:0x00000000  x2:0x00000000 x21=0x00000000
     306985.000 ns	     30697	80006790	d9db3393	sltiu	x7,x22,-611	 x22:0xffffffff  x7=0x00000000
     306995.000 ns	     30698	80006794	3ce6c913	xori	x18,x13,974	 x13:0x00000000 x18=0x000003ce
     307015.000 ns	     30700	80006798	d018f2d3	fcvt.s.wu	f5,x17	 x17:0xacc1c002  f5=0x4f2cc1c0
     307045.000 ns	     30703	8000679c	c005be53	fcvt.w.s	x28,f11	 f11:0x7fc00000 x28=0x7fffffff
     307075.000 ns	     30706	800067a0	a17901d3	fle.s	x3,f18,f23	 f18:0xb9d90000 f23:0x80000000  x3=0x00000001
     307095.000 ns	     30708	800067a4	01141713	slli	x14,x8,0x11	  x8:0x80040fe4 x14=0x1fc80000
     307455.000 ns	     30744	800067a8	026d6833	rem	x16,x26,x6	 x26:0x00000001  x6:0x0000010a x16=0x00000001
     307475.000 ns	     30746	800067ac	002dbdb3	sltu	x27,x27,x2	 x27:0x3f1b2de1  x2:0x00000000 x27=0x00000000
     307495.000 ns	     30748	800067b0	201eaed3	fsgnjx.s	f29,f29,f1	 f29:0x7f800000  f1:0x80000000 f29=0xff800000
     307525.000 ns	     30751	800067b4	218085d3	fsgnj.s	f11,f1,f24	  f1:0x80000000 f24:0x44d06000 f11=0x00000000
     307555.000 ns	     30754	800067b8	029f1933	mulh	x18,x30,x9	 x30:0x00000000  x9:0xacc1c000 x18=0x00000000
     307575.000 ns	     30756	800067bc	01d39193	slli	x3,x7,0x1d	  x7:0x00000000  x3=0x00000000
     307585.000 ns	     30757	800067c0	00099693	slli	x13,x19,0x0	 x19:0x3a8f4808 x13=0x3a8f4808
     307605.000 ns	     30759	800067c4	0320feb3	remu	x29,x1,x18	  x1:0x80000000 x18:0x00000000 x29=0x80000000
     307635.000 ns	     30762	800067c8	d014fad3	fcvt.s.wu	f21,x9	  x9:0xacc1c000 f21=0x4f2cc1c0
     307665.000 ns	     30765	800067cc	c01a7d53	fcvt.wu.s	x26,f20	 f20:0x3f800000 x26=0x00000001
     307685.000 ns	     30767	800067d0	a8c06893	ori	x17,x0,-1396	  x0:0x00000000 x17=0xfffffa8c
     307695.000 ns	     30768	800067d4	01419833	sll	x16,x3,x20	  x3:0x00000000 x20:0x80041024 x16=0x00000000
     307705.000 ns	     30769	800067d8	00241133	sll	x2,x8,x2	  x8:0x80040fe4  x2:0x00000000  x2=0x80040fe4
     307715.000 ns	     30770	800067dc	012f5013	srli	x0,x30,0x12	 x30:0x00000000
     307745.000 ns	     30773	800067e0	10bc96d3	fmul.s	f13,f25,f11	 f25:0x7fc00000 f11:0x00000000 f13=0x7fc00000
     307775.000 ns	     30776	800067e4	028a36b3	mulhu	x13,x20,x8	 x20:0x80041024  x8:0x80040fe4 x13=0x40041014
     307795.000 ns	     30778	800067e8	012f5013	srli	x0,x30,0x12	 x30:0x00000000
     307805.000 ns	     30779	800067ec	8e1c6713	ori	x14,x24,-1823	 x24:0x000007bb x14=0xfffffffb
     307815.000 ns	     30780	800067f0	00b716b3	sll	x13,x14,x11	 x14:0x1fc80000 x11:0x00000000 x13=0xfffffffb
     307825.000 ns	     30781	800067f4	66b22e13	slti	x28,x4,1643	  x4:0x00000364 x28=0x00000001
     307835.000 ns	     30782	800067f8	0086d233	srl	x4,x13,x8	 x13:0x40041014  x8:0x80040fe4  x4=0x0fffffff
     307845.000 ns	     30783	800067fc	41fb0cb3	sub	x25,x22,x31	 x22:0xffffffff x31:0x00000000 x25=0xffffffff
     307855.000 ns	     30784	80006800	405cdfb3	sra	x31,x25,x5	 x25:0x00000683  x5:0xfdd0f024 x31=0xffffffff
     307865.000 ns	     30785	80006804	97c96d97	auipc	x27,0x97c96	 x27=0x17c9c804
     307885.000 ns	     30787	80006808	0204dd33	divu	x26,x9,x0	  x9:0xacc1c000  x0:0x00000000 x26=0xffffffff
     307905.000 ns	     30789	8000680c	70bc4713	xori	x14,x24,1803	 x24:0x000007bb x14=0x000000b0
     307925.000 ns	     30791	80006810	03046fb3	rem	x31,x8,x16	  x8:0x80040fe4 x16:0x00000000 x31=0x80040fe4
     307955.000 ns	     30794	80006814	02c40cb3	mul	x25,x8,x12	  x8:0x80040fe4 x12:0xc8000000 x25=0x20000000
     307975.000 ns	     30796	80006818	00efd033	srl	x0,x31,x14	 x31:0x80040fe4 x14:0x000000b0
     307995.000 ns	     30798	8000681c	d00eb553	fcvt.s.w	f10,x29	 x29:0x80000000 f10=0xcf000000
     308025.000 ns	     30801	80006820	e00f9053	fclass.s	x0,f31	 f31:0x7fc00000
     308055.000 ns	     30804	80006824	e00a8953	fmv.x.w	x18,f21	 f21:0x4f2cc1c0 x18=0x4f2cc1c0
     308075.000 ns	     30806	80006828	00e4a233	slt	x4,x9,x14	  x9:0xacc1c000 x14:0x000000b0  x4=0x00000001
     308085.000 ns	     30807	8000682c	00a1bf33	sltu	x30,x3,x10	  x3:0x00000000 x10:0x00000001 x30=0x00000001
     308105.000 ns	     30809	80006830	f0088553	fmv.w.x	f10,x17	 x17:0xfffffa8c f10=0xfffffa8c
     308125.000 ns	     30811	80006834	868b0213	addi	x4,x22,-1944	 x22:0xffffffff  x4=0xfffff867
     308135.000 ns	     30812	80006838	23ea6b13	ori	x22,x20,574	 x20:0x80041024 x22=0x8004123e
     308155.000 ns	     30814	8000683c	210192d3	fsgnjn.s	f5,f3,f16	  f3:0x7fc00000 f16:0x7f800000  f5=0xffc00000
     308175.000 ns	     30816	80006840	dd424e13	xori	x28,x4,-556	  x4:0xfffff867 x28=0x000005b3
     308205.000 ns	     30819	80006844	192d0553	fdiv.s	f10,f26,f18	 f26:0x00000000 f18:0xb9d90000 f10=0x80000000
     308235.000 ns	     30822	80006848	03fe16b3	mulh	x13,x28,x31	 x28:0x00000001 x31:0x80040fe4 x13=0xfffffd26
     308255.000 ns	     30824	8000684c	40c75db3	sra	x27,x14,x12	 x14:0x000000b0 x12:0xc8000000 x27=0x000000b0
     308265.000 ns	     30825	80006850	407c52b3	sra	x5,x24,x7	 x24:0x000007bb  x7:0x00000000  x5=0x000007bb
     308285.000 ns	     30827	80006854	02adad33	mulhsu	x26,x27,x10	 x27:0x17c9c804 x10:0x00000001 x26=0x00000000
     308315.000 ns	     30830	80006858	a0fe01d3	fle.s	x3,f28,f15	 f28:0x00000000 f15:0x7f800000  x3=0x00000001
     308335.000 ns	     30832	8000685c	00dceab3	or	x21,x25,x13	 x25:0x20000000 x13:0xfffffd26 x21=0xfffffd26
     308665.000 ns	     30865	80006860	18442c53	fdiv.s	f24,f8,f4	  f8:0x44f76000  f4:0xb9d90000 f24=0xcaaef8eb
     308715.000 ns	     30870	80006864	08967753	fsub.s	f14,f12,f9	 f12:0x7fc00000  f9:0x39d90000 f14=0x7fc00000
     308745.000 ns	     30873	80006868	d00f7953	fcvt.s.w	f18,x30	 x30:0x00000001 f18=0x3f800000
     308775.000 ns	     30876	8000686c	02c094b3	mulh	x9,x1,x12	  x1:0x80000000 x12:0xc8000000  x9=0x1c000000
     308805.000 ns	     30879	80006870	d01e13d3	fcvt.s.wu	f7,x28	 x28:0x000005b3  f7=0x44b66000
     308825.000 ns	     30881	80006874	7ffa7e93	andi	x29,x20,2047	 x20:0x80041024 x29=0x00000024
     308835.000 ns	     30882	80006878	00e719b3	sll	x19,x14,x14	 x14:0x000000b0 x14:0x000000b0 x19=0x00b00000
     308855.000 ns	     30884	8000687c	d01afc53	fcvt.s.wu	f24,x21	 x21:0xfffffd26 f24=0x4f7ffffd
     308875.000 ns	     30886	80006880	96e9b893	sltiu	x17,x19,-1682	 x19:0x3a8f4808 x17=0x00000001
     308895.000 ns	     30888	80006884	21cda553	fsgnjx.s	f10,f27,f28	 f27:0x7fc00000 f28:0x00000000 f10=0x7fc00000
     308915.000 ns	     30890	80006888	f0e43993	sltiu	x19,x8,-242	  x8:0x80040fe4 x19=0x00000001
     308935.000 ns	     30892	8000688c	20931c53	fsgnjn.s	f24,f6,f9	  f6:0x00000000  f9:0x39d90000 f24=0x80000000
     308965.000 ns	     30895	80006890	a0ecafd3	feq.s	x31,f25,f14	 f25:0x7fc00000 f14:0x7fc00000 x31=0x00000000
     309335.000 ns	     30932	80006894	028d52b3	divu	x5,x26,x8	 x26:0x00000000  x8:0x80040fe4  x5=0x00000000
     309385.000 ns	     30937	80006898	00ff3ad3	fadd.s	f21,f30,f15	 f30:0x7fc00000 f15:0x7f800000 f21=0x7fc00000
     309415.000 ns	     30940	8000689c	a1030253	fle.s	x4,f6,f16	  f6:0x00000000 f16:0x7f800000  x4=0x00000001
     309435.000 ns	     30942	800068a0	bbb27537	lui	x10,0xbbb27	 x10=0xbbb27000
     309455.000 ns	     30944	800068a4	28e61ad3	fmax.s	f21,f12,f14	 f12:0x7fc00000 f14:0x7fc00000 f21=0x7fc00000
     309475.000 ns	     30946	800068a8	01cae833	or	x16,x21,x28	 x21:0xfffffd26 x28:0x000005b3 x16=0xfffffdb7
     309495.000 ns	     30948	800068ac	a1680fd3	fle.s	x31,f16,f22	 f16:0x7f800000 f22:0x4e800000 x31=0x00000000
     309515.000 ns	     30950	800068b0	00000013	addi	x0,x0,0	  x0:0x00000000
     309525.000 ns	     30951	800068b4	d5a9ad13	slti	x26,x19,-678	 x19:0x00000001 x26=0x00000000
     309545.000 ns	     30953	800068b8	a1cd21d3	feq.s	x3,f26,f28	 f26:0x00000000 f28:0x00000000  x3=0x00000001
     309565.000 ns	     30955	800068bc	0042cf33	xor	x30,x5,x4	  x5:0x00000000  x4:0x00000001 x30=0x00000001
     309585.000 ns	     30957	800068c0	03d68d33	mul	x26,x13,x29	 x13:0xfffffd26 x29:0x00000024 x26=0xffff9958
     309605.000 ns	     30959	800068c4	018bbb33	sltu	x22,x23,x24	 x23:0x00000000 x24:0x000007bb x22=0x00000001
     309635.000 ns	     30962	800068c8	19792953	fdiv.s	f18,f18,f23	 f18:0x3f800000 f23:0x80000000 f18=0xff800000
     309655.000 ns	     30964	800068cc	00225693	srli	x13,x4,0x2	  x4:0x00000001 x13=0x00000000
     309675.000 ns	     30966	800068d0	28ce9453	fmax.s	f8,f29,f12	 f29:0xff800000 f12:0x7fc00000  f8=0xff800000
     310045.000 ns	     31003	800068d4	03927b33	remu	x22,x4,x25	  x4:0x00000001 x25:0x20000000 x22=0x00000001
     310095.000 ns	     31008	800068d8	012711d3	fadd.s	f3,f14,f18	 f14:0x7fc00000 f18:0xff800000  f3=0x7fc00000
     310125.000 ns	     31011	800068dc	a1228053	fle.s	x0,f5,f18	  f5:0xffc00000 f18:0xff800000
     310155.000 ns	     31014	800068e0	03f30b33	mul	x22,x6,x31	  x6:0x0000010a x31:0x00000000 x22=0x00000000
     310175.000 ns	     31016	800068e4	01aeb1b3	sltu	x3,x29,x26	 x29:0x00000024 x26:0xffff9958  x3=0x00000001
     310185.000 ns	     31017	800068e8	016f6033	or	x0,x30,x22	 x30:0x00000001 x22:0x00000000
     310195.000 ns	     31018	800068ec	8746cf17	auipc	x30,0x8746c	 x30=0x074728ec
     310205.000 ns	     31019	800068f0	407ed5b3	sra	x11,x29,x7	 x29:0x00000024  x7:0x00000000 x11=0x00000024
     310565.000 ns	     31055	800068f4	03877233	remu	x4,x14,x24	 x14:0x000000b0 x24:0x000007bb  x4=0x000000b0
     310935.000 ns	     31092	800068f8	03367d33	remu	x26,x12,x19	 x12:0xc8000000 x19:0x00000001 x26=0x00000000
     310955.000 ns	     31094	800068fc	40605593	srai	x11,x0,0x6	  x0:0x00000000 x11=0x00000000
     310965.000 ns	     31095	80006900	7c910d13	addi	x26,x2,1993	  x2:0x80040fe4 x26=0x800417ad
     310975.000 ns	     31096	80006904	0184dc93	srli	x25,x9,0x18	  x9:0x1c000000 x25=0x0000001c
     311335.000 ns	     31132	80006908	02e145b3	div	x11,x2,x14	  x2:0x80040fe4 x14:0x000000b0 x11=0xff45d75d
     311365.000 ns	     31135	8000690c	203100d3	fsgnj.s	f1,f2,f3	  f2:0x7fc00000  f3:0x7fc00000  f1=0x7fc00000
     311385.000 ns	     31137	80006910	01ef63b3	or	x7,x30,x30	 x30:0x074728ec x30:0x074728ec  x7=0x074728ec
     311395.000 ns	     31138	80006914	08f47393	andi	x7,x8,143	  x8:0x80040fe4  x7=0x00000084
     311415.000 ns	     31140	80006918	209c0453	fsgnj.s	f8,f24,f9	 f24:0x80000000  f9:0x39d90000  f8=0x00000000
     311445.000 ns	     31143	8000691c	e00615d3	fclass.s	x11,f12	 f12:0x7fc00000 x11=0x00000200
     311475.000 ns	     31146	80006920	20288853	fsgnj.s	f16,f17,f2	 f17:0x80000000  f2:0x7fc00000 f16=0x00000000
     311845.000 ns	     31183	80006924	038efd33	remu	x26,x29,x24	 x29:0x00000024 x24:0x000007bb x26=0x00000024
     311875.000 ns	     31186	80006928	29299d53	fmax.s	f26,f19,f18	 f19:0x2cc1c001 f18:0xff800000 f26=0x2cc1c001
     311915.000 ns	     31190	8000692c	1097ca53	fmul.s	f20,f15,f9	 f15:0x7f800000  f9:0x39d90000 f20=0x7f800000
     311965.000 ns	     31195	80006930	08967953	fsub.s	f18,f12,f9	 f12:0x7fc00000  f9:0x39d90000 f18=0x7fc00000
     311985.000 ns	     31197	80006934	40050833	sub	x16,x10,x0	 x10:0xbbb27000  x0:0x00000000 x16=0xbbb27000
     312005.000 ns	     31199	80006938	d00af253	fcvt.s.w	f4,x21	 x21:0xfffffd26  f4=0xc4368000
     312035.000 ns	     31202	8000693c	a1799853	flt.s	x16,f19,f23	 f19:0x2cc1c001 f23:0x80000000 x16=0x00000000
     312055.000 ns	     31204	80006940	41158833	sub	x16,x11,x17	 x11:0x00000200 x17:0x00000001 x16=0x000001ff
     312075.000 ns	     31206	80006944	29870ad3	fmin.s	f21,f14,f24	 f14:0x7fc00000 f24:0x80000000 f21=0x80000000
     312105.000 ns	     31209	80006948	20098153	fsgnj.s	f2,f19,f0	 f19:0x2cc1c001  f0:0x4e3bcfc8  f2=0x2cc1c001
     312155.000 ns	     31214	8000694c	01003153	fadd.s	f2,f0,f16	  f0:0x4e3bcfc8 f16:0x00000000  f2=0x4e3bcfc8
     312525.000 ns	     31251	80006950	0249ff33	remu	x30,x19,x4	 x19:0x00000001  x4:0x000000b0 x30=0x00000001
     312545.000 ns	     31253	80006954	01375213	srli	x4,x14,0x13	 x14:0x000000b0  x4=0x00000000
     312565.000 ns	     31255	80006958	e0051053	fclass.s	x0,f10	 f10:0x7fc00000
     312585.000 ns	     31257	8000695c	d173e893	ori	x17,x7,-745	  x7:0x00000084 x17=0xfffffd97
     312945.000 ns	     31293	80006960	02cb58b3	divu	x17,x22,x12	 x22:0x00000000 x12:0xc8000000 x17=0x00000000
     312975.000 ns	     31296	80006964	d01879d3	fcvt.s.wu	f19,x16	 x16:0x000001ff f19=0x43ff8000
     312995.000 ns	     31298	80006968	3c55f197	auipc	x3,0x3c55f	  x3=0xbc565968
     313005.000 ns	     31299	8000696c	34934113	xori	x2,x6,841	  x6:0x0000010a  x2=0x00000243
     313015.000 ns	     31300	80006970	a2c38d13	addi	x26,x7,-1492	  x7:0x00000084 x26=0xfffffab0
     313035.000 ns	     31302	80006974	026da6b3	mulhsu	x13,x27,x6	 x27:0x000000b0  x6:0x0000010a x13=0x00000000
     313065.000 ns	     31305	80006978	20d48d53	fsgnj.s	f26,f9,f13	  f9:0x39d90000 f13:0x7fc00000 f26=0x39d90000
     313085.000 ns	     31307	8000697c	00fef3b3	and	x7,x29,x15	 x29:0x00000024 x15:0x00000004  x7=0x00000004
     313105.000 ns	     31309	80006980	c017f8d3	fcvt.wu.s	x17,f15	 f15:0x7f800000 x17=0xffffffff
     313125.000 ns	     31311	80006984	01b3a533	slt	x10,x7,x27	  x7:0x00000084 x27:0x000000b0 x10=0x00000001
     313485.000 ns	     31347	80006988	03b7d3b3	divu	x7,x15,x27	 x15:0x00000004 x27:0x000000b0  x7=0x00000000
     313515.000 ns	     31350	8000698c	03e9b7b3	mulhu	x15,x19,x30	 x19:0x00000001 x30:0x00000001 x15=0x00000000
     313535.000 ns	     31352	80006990	00000013	addi	x0,x0,0	  x0:0x00000000
     313545.000 ns	     31353	80006994	008716b3	sll	x13,x14,x8	 x14:0x000000b0  x8:0x80040fe4 x13=0x00000b00
     313555.000 ns	     31354	80006998	b571c897	auipc	x17,0xb571c	 x17=0x35722998
     313575.000 ns	     31356	8000699c	02f2a333	mulhsu	x6,x5,x15	  x5:0x00000000 x15:0x00000000  x6=0x00000000
     313605.000 ns	     31359	800069a0	a1b52053	feq.s	x0,f10,f27	 f10:0x7fc00000 f27:0x7fc00000
     313625.000 ns	     31361	800069a4	f9d40f93	addi	x31,x8,-99	  x8:0x80040fe4 x31=0x80040f81
     313635.000 ns	     31362	800069a8	40348733	sub	x14,x9,x3	  x9:0x1c000000  x3:0xbc565968 x14=0x5fa9a698
     313655.000 ns	     31364	800069ac	d00e7853	fcvt.s.w	f16,x28	 x28:0x000005b3 f16=0x44b66000
     313685.000 ns	     31367	800069b0	20e71053	fsgnjn.s	f0,f14,f14	 f14:0x7fc00000 f14:0x7fc00000  f0=0xffc00000
     313705.000 ns	     31369	800069b4	01c7beb3	sltu	x29,x15,x28	 x15:0x00000000 x28:0x000005b3 x29=0x00000001
     313725.000 ns	     31371	800069b8	a07b12d3	flt.s	x5,f22,f7	 f22:0x4e800000  f7:0x44b66000  x5=0x00000000
     313745.000 ns	     31373	800069bc	01690533	add	x10,x18,x22	 x18:0x4f2cc1c0 x22:0x00000000 x10=0x4f2cc1c0
     313755.000 ns	     31374	800069c0	7bf38317	auipc	x6,0x7bf38	  x6=0xfbf3e9c0
     313795.000 ns	     31378	800069c4	09010453	fsub.s	f8,f2,f16	  f2:0x4e3bcfc8 f16:0x44b66000  f8=0x4e3bcfb1
     313825.000 ns	     31381	800069c8	0258feb3	remu	x29,x17,x5	 x17:0x35722998  x5:0x00000000 x29=0x35722998
     313855.000 ns	     31384	800069cc	e00b1cd3	fclass.s	x25,f22	 f22:0x4e800000 x25=0x00000040
     313885.000 ns	     31387	800069d0	a1048953	fle.s	x18,f9,f16	  f9:0x39d90000 f16:0x44b66000 x18=0x00000001
     313915.000 ns	     31390	800069d4	209890d3	fsgnjn.s	f1,f17,f9	 f17:0x80000000  f9:0x39d90000  f1=0x80000000
     313935.000 ns	     31392	800069d8	40805893	srai	x17,x0,0x8	  x0:0x00000000 x17=0x00000000
     313945.000 ns	     31393	800069dc	4ac88b97	auipc	x23,0x4ac88	 x23=0xcac8e9dc
     313965.000 ns	     31395	800069e0	03674e33	div	x28,x14,x22	 x14:0x5fa9a698 x22:0x00000000 x28=0xffffffff
     314015.000 ns	     31400	800069e4	019512d3	fadd.s	f5,f10,f25	 f10:0x7fc00000 f25:0x7fc00000  f5=0x7fc00000
     314045.000 ns	     31403	800069e8	20088753	fsgnj.s	f14,f17,f0	 f17:0x80000000  f0:0xffc00000 f14=0x80000000
     314075.000 ns	     31406	800069ec	03a9a4b3	mulhsu	x9,x19,x26	 x19:0x00000001 x26:0xfffffab0  x9=0x00000000
     314445.000 ns	     31443	800069f0	022d5833	divu	x16,x26,x2	 x26:0xfffffab0  x2:0x00000243 x16=0x0071302f
     314475.000 ns	     31446	800069f4	d000f9d3	fcvt.s.w	f19,x1	  x1:0x80000000 f19=0xcf000000
     314845.000 ns	     31483	800069f8	02ac52b3	divu	x5,x24,x10	 x24:0x000007bb x10:0x4f2cc1c0  x5=0x00000000
     314865.000 ns	     31485	800069fc	f7f73713	sltiu	x14,x14,-129	 x14:0x5fa9a698 x14=0x00000001
     315225.000 ns	     31521	80006a00	02d441b3	div	x3,x8,x13	  x8:0x80040fe4 x13:0x00000b00  x3=0xfff45d76
     315255.000 ns	     31524	80006a04	c0067153	fcvt.w.s	x2,f12	 f12:0x7fc00000  x2=0x7fffffff
     315285.000 ns	     31527	80006a08	a0921253	flt.s	x4,f4,f9	  f4:0xc4368000  f9:0x39d90000  x4=0x00000001
     315305.000 ns	     31529	80006a0c	411dd513	srai	x10,x27,0x11	 x27:0x000000b0 x10=0x00000000
     315345.000 ns	     31533	80006a10	00171e53	fadd.s	f28,f14,f1	 f14:0x80000000  f1:0x80000000 f28=0x80000000
     315365.000 ns	     31535	80006a14	b2f47613	andi	x12,x8,-1233	  x8:0x80040fe4 x12=0x80040b24
     315375.000 ns	     31536	80006a18	00ab5c13	srli	x24,x22,0xa	 x22:0x00000000 x24=0x00000000
     315415.000 ns	     31540	80006a1c	09eafc53	fsub.s	f24,f21,f30	 f21:0x80000000 f30:0x7fc00000 f24=0x7fc00000
     315435.000 ns	     31542	80006a20	02f22b93	slti	x23,x4,47	  x4:0x00000001 x23=0x00000001
     315455.000 ns	     31544	80006a24	03668db3	mul	x27,x13,x22	 x13:0x00000b00 x22:0x00000000 x27=0x00000000
     315485.000 ns	     31547	80006a28	c016fd53	fcvt.wu.s	x26,f13	 f13:0x7fc00000 x26=0xffffffff
     315515.000 ns	     31550	80006a2c	02f1b233	mulhu	x4,x3,x15	  x3:0xfff45d76 x15:0x00000000  x4=0x00000000
     315545.000 ns	     31553	80006a30	0202b4b3	mulhu	x9,x5,x0	  x5:0x00000000  x0:0x00000000  x9=0x00000000
     315915.000 ns	     31590	80006a34	0216f6b3	remu	x13,x13,x1	 x13:0x00000b00  x1:0x80000000 x13=0x00000b00
     315945.000 ns	     31593	80006a38	a0bd2dd3	feq.s	x27,f26,f11	 f26:0x39d90000 f11:0x00000000 x27=0x00000000
     315965.000 ns	     31595	80006a3c	f5834997	auipc	x19,0xf5834	 x19=0x7583aa3c
     315985.000 ns	     31597	80006a40	02488233	mul	x4,x17,x4	 x17:0x00000000  x4:0x00000000  x4=0x00000000
     316015.000 ns	     31600	80006a44	0383a7b3	mulhsu	x15,x7,x24	  x7:0x00000000 x24:0x00000000 x15=0x00000000
     316035.000 ns	     31602	80006a48	010034b3	sltu	x9,x0,x16	  x0:0x00000000 x16:0x0071302f  x9=0x00000001
     316045.000 ns	     31603	80006a4c	06df2297	auipc	x5,0x6df2	  x5=0x86df8a4c
     316055.000 ns	     31604	80006a50	7e0bc813	xori	x16,x23,2016	 x23:0x00000001 x16=0x000007e1
     316065.000 ns	     31605	80006a54	00000013	addi	x0,x0,0	  x0:0x00000000
     316085.000 ns	     31607	80006a58	d014ff53	fcvt.s.wu	f30,x9	  x9:0x00000001 f30=0x3f800000
     316105.000 ns	     31609	80006a5c	8d17c4b7	lui	x9,0x8d17c	  x9=0x8d17c000
     316125.000 ns	     31611	80006a60	03b67533	remu	x10,x12,x27	 x12:0x80040b24 x27:0x00000000 x10=0x80040b24
     316145.000 ns	     31613	80006a64	4ca5e497	auipc	x9,0x4ca5e	  x9=0xcca64a64
     316155.000 ns	     31614	80006a68	01275793	srli	x15,x14,0x12	 x14:0x00000001 x15=0x00000000
     316175.000 ns	     31616	80006a6c	e0001cd3	fclass.s	x25,f0	  f0:0xffc00000 x25=0x00000200
     316205.000 ns	     31619	80006a70	205b0f53	fsgnj.s	f30,f22,f5	 f22:0x4e800000  f5:0x7fc00000 f30=0x4e800000
     316235.000 ns	     31622	80006a74	f00d8553	fmv.w.x	f10,x27	 x27:0x00000000 f10=0x00000000
     316255.000 ns	     31624	80006a78	005d4733	xor	x14,x26,x5	 x26:0xffffffff  x5:0x86df8a4c x14=0x792075b3
     316275.000 ns	     31626	80006a7c	d007fcd3	fcvt.s.w	f25,x15	 x15:0x00000000 f25=0x00000000
     316315.000 ns	     31630	80006a80	11bc70d3	fmul.s	f1,f24,f27	 f24:0x7fc00000 f27:0x7fc00000  f1=0x7fc00000
     316335.000 ns	     31632	80006a84	00bd4233	xor	x4,x26,x11	 x26:0xffffffff x11:0x00000200  x4=0xfffffdff
     316345.000 ns	     31633	80006a88	00a526b3	slt	x13,x10,x10	 x10:0x80040b24 x10:0x80040b24 x13=0x00000000
     316355.000 ns	     31634	80006a8c	0138f2b3	and	x5,x17,x19	 x17:0x00000000 x19:0x7583aa3c  x5=0x00000000
     316715.000 ns	     31670	80006a90	02357d33	remu	x26,x10,x3	 x10:0x80040b24  x3:0xfff45d76 x26=0x80040b24
     316735.000 ns	     31672	80006a94	00268033	add	x0,x13,x2	 x13:0x00000000  x2:0x7fffffff
     316765.000 ns	     31675	80006a98	58027e53	fsqrt.s	f28,f4	  f4:0xc4368000 f28=0x7fc00000
     316785.000 ns	     31677	80006a9c	00fc45b3	xor	x11,x24,x15	 x24:0x00000000 x15:0x00000000 x11=0x00000000
     316825.000 ns	     31681	80006aa0	01628253	fadd.s	f4,f5,f22	  f5:0x7fc00000 f22:0x4e800000  f4=0x7fc00000
     316855.000 ns	     31684	80006aa4	02ee8c33	mul	x24,x29,x14	 x29:0x35722998 x14:0x792075b3 x24=0x96d58d48
     316875.000 ns	     31686	80006aa8	0152a7b3	slt	x15,x5,x21	  x5:0x00000000 x21:0xfffffd26 x15=0x00000000
     316895.000 ns	     31688	80006aac	f00d00d3	fmv.w.x	f1,x26	 x26:0x80040b24  f1=0x80040b24
     316915.000 ns	     31690	80006ab0	01ad8833	add	x16,x27,x26	 x27:0x00000000 x26:0x80040b24 x16=0x80040b24
     316925.000 ns	     31691	80006ab4	019cd193	srli	x3,x25,0x19	 x25:0x00000200  x3=0x00000000
     316935.000 ns	     31692	80006ab8	00ab3ab3	sltu	x21,x22,x10	 x22:0x00000000 x10:0x80040b24 x21=0x00000001
     316955.000 ns	     31694	80006abc	a0cd8ed3	fle.s	x29,f27,f12	 f27:0x7fc00000 f12:0x7fc00000 x29=0x00000000
     317325.000 ns	     31731	80006ac0	038d4633	div	x12,x26,x24	 x26:0x80040b24 x24:0x96d58d48 x12=0x00000001
     317345.000 ns	     31733	80006ac4	006b5833	srl	x16,x22,x6	 x22:0x00000000  x6:0xfbf3e9c0 x16=0x00000000
     317355.000 ns	     31734	80006ac8	b7ed0713	addi	x14,x26,-1154	 x26:0x80040b24 x14=0x800406a2
     317365.000 ns	     31735	80006acc	006c4b33	xor	x22,x24,x6	 x24:0x96d58d48  x6:0xfbf3e9c0 x22=0x6d266488
     317385.000 ns	     31737	80006ad0	a00a09d3	fle.s	x19,f20,f0	 f20:0x7f800000  f0:0xffc00000 x19=0x00000000
     317415.000 ns	     31740	80006ad4	a0b28e53	fle.s	x28,f5,f11	  f5:0x7fc00000 f11:0x00000000 x28=0x00000000
     317435.000 ns	     31742	80006ad8	1e762213	slti	x4,x12,487	 x12:0x00000001  x4=0x00000001
     317465.000 ns	     31745	80006adc	10fffcd3	fmul.s	f25,f31,f15	 f31:0x7fc00000 f15:0x7f800000 f25=0x7fc00000
     317485.000 ns	     31747	80006ae0	0090aeb3	slt	x29,x1,x9	  x1:0x80000000  x9:0xcca64a64 x29=0x00000001
     317495.000 ns	     31748	80006ae4	c6b49837	lui	x16,0xc6b49	 x16=0xc6b49000
     317515.000 ns	     31750	80006ae8	28ff09d3	fmin.s	f19,f30,f15	 f30:0x4e800000 f15:0x7f800000 f19=0x4e800000
     317535.000 ns	     31752	80006aec	68b8dab7	lui	x21,0x68b8d	 x21=0x68b8d000
     317555.000 ns	     31754	80006af0	d00efe53	fcvt.s.w	f28,x29	 x29:0x00000001 f28=0x3f800000
     317585.000 ns	     31757	80006af4	29ef8253	fmin.s	f4,f31,f30	 f31:0x7fc00000 f30:0x4e800000  f4=0x4e800000
     317605.000 ns	     31759	80006af8	f75cf613	andi	x12,x25,-139	 x25:0x00000200 x12=0x00000200
     317625.000 ns	     31761	80006afc	c01ba653	fcvt.wu.s	x12,f23	 f23:0x80000000 x12=0x00000000
     317655.000 ns	     31764	80006b00	f0028f53	fmv.w.x	f30,x5	  x5:0x00000000 f30=0x00000000
     317685.000 ns	     31767	80006b04	a1eb95d3	flt.s	x11,f23,f30	 f23:0x80000000 f30:0x4e800000 x11=0x00000000
     317715.000 ns	     31770	80006b08	28c612d3	fmax.s	f5,f12,f12	 f12:0x7fc00000 f12:0x7fc00000  f5=0x7fc00000
     317745.000 ns	     31773	80006b0c	03f79ab3	mulh	x21,x15,x31	 x15:0x00000000 x31:0x80040f81 x21=0x00000000
     317765.000 ns	     31775	80006b10	18486813	ori	x16,x16,388	 x16:0xc6b49000 x16=0xc6b49184
     317805.000 ns	     31779	80006b14	08499953	fsub.s	f18,f19,f4	 f19:0x4e800000  f4:0x4e800000 f18=0x80000000
     317825.000 ns	     31781	80006b18	005797b3	sll	x15,x15,x5	 x15:0x00000000  x5:0x00000000 x15=0x00000000
     317855.000 ns	     31784	80006b1c	184ecad3	fdiv.s	f21,f29,f4	 f29:0xff800000  f4:0x4e800000 f21=0xff800000
     317885.000 ns	     31787	80006b20	02e512b3	mulh	x5,x10,x14	 x10:0x80040b24 x14:0x800406a2  x5=0x3ffbf72d
     317905.000 ns	     31789	80006b24	396feb93	ori	x23,x31,918	 x31:0x80040f81 x23=0x80040f97
     317915.000 ns	     31790	80006b28	93214293	xori	x5,x2,-1742	  x2:0x7fffffff  x5=0x800006cd
     317925.000 ns	     31791	80006b2c	00d6df93	srli	x31,x13,0xd	 x13:0x00000000 x31=0x00000000
     317935.000 ns	     31792	80006b30	4066db13	srai	x22,x13,0x6	 x13:0x00000000 x22=0x00000000
     317955.000 ns	     31794	80006b34	e00e08d3	fmv.x.w	x17,f28	 f28:0x3f800000 x17=0x3f800000
     317975.000 ns	     31796	80006b38	e66a2793	slti	x15,x20,-410	 x20:0x80041024 x15=0x00000001
     317995.000 ns	     31798	80006b3c	e00e12d3	fclass.s	x5,f28	 f28:0x3f800000  x5=0x00000040
     318025.000 ns	     31801	80006b40	02059c33	mulh	x24,x11,x0	 x11:0x00000000  x0:0x00000000 x24=0x00000000
     318055.000 ns	     31804	80006b44	027012b3	mulh	x5,x0,x7	  x0:0x00000000  x7:0x00000000  x5=0x00000000
     318085.000 ns	     31807	80006b48	c012fe53	fcvt.wu.s	x28,f5	  f5:0x7fc00000 x28=0xffffffff
     318105.000 ns	     31809	80006b4c	181f6393	ori	x7,x30,385	 x30:0x00000001  x7=0x00000181
     318125.000 ns	     31811	80006b50	20e209d3	fsgnj.s	f19,f4,f14	  f4:0x4e800000 f14:0x80000000 f19=0xce800000
     318145.000 ns	     31813	80006b54	00901fb3	sll	x31,x0,x9	  x0:0x00000000  x9:0xcca64a64 x31=0x00000000
     318155.000 ns	     31814	80006b58	8638adb7	lui	x27,0x8638a	 x27=0x8638a000
     318165.000 ns	     31815	80006b5c	d1ac3013	sltiu	x0,x24,-742	 x24:0x00000000
     318185.000 ns	     31817	80006b60	21af8c53	fsgnj.s	f24,f31,f26	 f31:0x7fc00000 f26:0x39d90000 f24=0x7fc00000
     318205.000 ns	     31819	80006b64	f6d14b13	xori	x22,x2,-147	  x2:0x7fffffff x22=0x80000092
     318225.000 ns	     31821	80006b68	c01a42d3	fcvt.wu.s	x5,f20	 f20:0x7f800000  x5=0xffffffff
     318255.000 ns	     31824	80006b6c	020736b3	mulhu	x13,x14,x0	 x14:0x800406a2  x0:0x00000000 x13=0x00000000
     318285.000 ns	     31827	80006b70	c0120ad3	fcvt.wu.s	x21,f4	  f4:0x4e800000 x21=0x40000000
     318315.000 ns	     31830	80006b74	e00b8353	fmv.x.w	x6,f23	 f23:0x80000000  x6=0x80000000
     318345.000 ns	     31833	80006b78	a16b8ed3	fle.s	x29,f23,f22	 f23:0x80000000 f22:0x4e800000 x29=0x00000001
     318375.000 ns	     31836	80006b7c	20edabd3	fsgnjx.s	f23,f27,f14	 f27:0x7fc00000 f14:0x80000000 f23=0xffc00000
     318395.000 ns	     31838	80006b80	017bcf33	xor	x30,x23,x23	 x23:0x80040f97 x23:0x80040f97 x30=0x00000000
     319565.000 ns	     31955	80006b84	58087cd3	fsqrt.s	f25,f16	 f16:0x44b66000 f25=0x4218c985
     319595.000 ns	     31958	80006b88	219198d3	fsgnjn.s	f17,f3,f25	  f3:0x7fc00000 f25:0x7fc00000 f17=0xffc00000
     319615.000 ns	     31960	80006b8c	6cb70f37	lui	x30,0x6cb70	 x30=0x6cb70000
     319635.000 ns	     31962	80006b90	d01314d3	fcvt.s.wu	f9,x6	  x6:0x80000000  f9=0x4f000000
     319655.000 ns	     31964	80006b94	01c32533	slt	x10,x6,x28	  x6:0x80000000 x28:0xffffffff x10=0x00000001
     319665.000 ns	     31965	80006b98	c8c52d37	lui	x26,0xc8c52	 x26=0xc8c52000
     319675.000 ns	     31966	80006b9c	74dff693	andi	x13,x31,1869	 x31:0x00000000 x13=0x00000000
     319695.000 ns	     31968	80006ba0	d00a4753	fcvt.s.w	f14,x20	 x20:0x80041024 f14=0xcefff7e0
     320035.000 ns	     32002	80006ba4	193b31d3	fdiv.s	f3,f22,f19	 f22:0x4e800000 f19:0xce800000  f3=0xbf000000
     320055.000 ns	     32004	80006ba8	006524b3	slt	x9,x10,x6	 x10:0x00000001  x6:0x80000000  x9=0x00000000
     320065.000 ns	     32005	80006bac	0403f313	andi	x6,x7,64	  x7:0x00000181  x6=0x00000000
     320085.000 ns	     32007	80006bb0	02d9d333	divu	x6,x19,x13	 x19:0x00000000 x13:0x00000000  x6=0xffffffff
     320115.000 ns	     32010	80006bb4	20398a53	fsgnj.s	f20,f19,f3	 f19:0xce800000  f3:0xbf000000 f20=0xce800000
     320145.000 ns	     32013	80006bb8	c000f1d3	fcvt.w.s	x3,f1	  f1:0x80040b24  x3=0x00000000
     320165.000 ns	     32015	80006bbc	0125aeb3	slt	x29,x11,x18	 x11:0x00000000 x18:0x00000001 x29=0x00000001
     320195.000 ns	     32018	80006bc0	11f1a7d3	fmul.s	f15,f3,f31	  f3:0xbf000000 f31:0x7fc00000 f15=0x7fc00000
     320215.000 ns	     32020	80006bc4	00a0d1b3	srl	x3,x1,x10	  x1:0x80000000 x10:0x00000001  x3=0x40000000
     320235.000 ns	     32022	80006bc8	d019f0d3	fcvt.s.wu	f1,x19	 x19:0x00000000  f1=0x00000000
     320275.000 ns	     32026	80006bcc	1911f953	fdiv.s	f18,f3,f17	  f3:0xbf000000 f17:0xffc00000 f18=0x7fc00000
     320295.000 ns	     32028	80006bd0	005052b3	srl	x5,x0,x5	  x0:0x00000000  x5:0xffffffff  x5=0x00000000
     320325.000 ns	     32031	80006bd4	5807f2d3	fsqrt.s	f5,f15	 f15:0x7fc00000  f5=0x7fc00000
     320345.000 ns	     32033	80006bd8	00cba8b3	slt	x17,x23,x12	 x23:0x80040f97 x12:0x00000000 x17=0x00000001
     320365.000 ns	     32035	80006bdc	21c8a653	fsgnjx.s	f12,f17,f28	 f17:0xffc00000 f28:0x3f800000 f12=0xffc00000
     320385.000 ns	     32037	80006be0	4bea5617	auipc	x12,0x4bea5	 x12=0xcbeabbe0
     320395.000 ns	     32038	80006be4	0ec73793	sltiu	x15,x14,236	 x14:0x800406a2 x15=0x00000000
     320415.000 ns	     32040	80006be8	039588b3	mul	x17,x11,x25	 x11:0x00000000 x25:0x00000200 x17=0x00000000
     320445.000 ns	     32043	80006bec	e0041fd3	fclass.s	x31,f8	  f8:0x4e3bcfb1 x31=0x00000040
     320465.000 ns	     32045	80006bf0	0081e6b3	or	x13,x3,x8	  x3:0x40000000  x8:0x80040fe4 x13=0xc0040fe4
     320485.000 ns	     32047	80006bf4	c0020753	fcvt.w.s	x14,f4	  f4:0x4e800000 x14=0x40000000
     320505.000 ns	     32049	80006bf8	43d8bc93	sltiu	x25,x17,1085	 x17:0x00000000 x25=0x00000001
     320525.000 ns	     32051	80006bfc	d014f753	fcvt.s.wu	f14,x9	  x9:0x00000000 f14=0x00000000
     320545.000 ns	     32053	80006c00	a3df4193	xori	x3,x30,-1475	 x30:0x6cb70000  x3=0x9348fa3d
     320555.000 ns	     32054	80006c04	0066a733	slt	x14,x13,x6	 x13:0xc0040fe4  x6:0xffffffff x14=0x00000001
     320565.000 ns	     32055	80006c08	01fb9a93	slli	x21,x23,0x1f	 x23:0x80040f97 x21=0x80000000
     320585.000 ns	     32057	80006c0c	a18da9d3	feq.s	x19,f27,f24	 f27:0x7fc00000 f24:0x7fc00000 x19=0x00000000
     320615.000 ns	     32060	80006c10	d01e7ed3	fcvt.s.wu	f29,x28	 x28:0xffffffff f29=0x4f7fffff
     320645.000 ns	     32063	80006c14	c01cf253	fcvt.wu.s	x4,f25	 f25:0x4218c985  x4=0x00000026
     320675.000 ns	     32066	80006c18	291096d3	fmax.s	f13,f1,f17	  f1:0x00000000 f17:0xffc00000 f13=0x00000000
     320705.000 ns	     32069	80006c1c	e00899d3	fclass.s	x19,f17	 f17:0xffc00000 x19=0x00000200
     320725.000 ns	     32071	80006c20	41bc06b3	sub	x13,x24,x27	 x24:0x00000000 x27:0x8638a000 x13=0x79c76000
     320735.000 ns	     32072	80006c24	8cb63513	sltiu	x10,x12,-1845	 x12:0xcbeabbe0 x10=0x00000001
     320755.000 ns	     32074	80006c28	a1090fd3	fle.s	x31,f18,f16	 f18:0x7fc00000 f16:0x44b66000 x31=0x00000000
     320795.000 ns	     32078	80006c2c	19a536d3	fdiv.s	f13,f10,f26	 f10:0x00000000 f26:0x39d90000 f13=0x00000000
     320825.000 ns	     32081	80006c30	c001b2d3	fcvt.w.s	x5,f3	  f3:0xbf000000  x5=0x00000000
     320855.000 ns	     32084	80006c34	03e52e33	mulhsu	x28,x10,x30	 x10:0x00000001 x30:0x6cb70000 x28=0x00000000
     320875.000 ns	     32086	80006c38	01235133	srl	x2,x6,x18	  x6:0xffffffff x18:0x00000001  x2=0x7fffffff
     320895.000 ns	     32088	80006c3c	20a70c53	fsgnj.s	f24,f14,f10	 f14:0x00000000 f10:0x00000000 f24=0x00000000
     320945.000 ns	     32093	80006c40	089f7753	fsub.s	f14,f30,f9	 f30:0x00000000  f9:0x4f000000 f14=0xcf000000
     320975.000 ns	     32096	80006c44	e0008ed3	fmv.x.w	x29,f1	  f1:0x00000000 x29=0x00000000
     321005.000 ns	     32099	80006c48	e00119d3	fclass.s	x19,f2	  f2:0x4e3bcfc8 x19=0x00000040
     321025.000 ns	     32101	80006c4c	01a0f933	and	x18,x1,x26	  x1:0x80000000 x26:0xc8c52000 x18=0x80000000
     321035.000 ns	     32102	80006c50	017591b3	sll	x3,x11,x23	 x11:0x00000000 x23:0x80040f97  x3=0x00000000
     321055.000 ns	     32104	80006c54	29499ed3	fmax.s	f29,f19,f20	 f19:0xce800000 f20:0xce800000 f29=0xce800000
     321085.000 ns	     32107	80006c58	218b9ad3	fsgnjn.s	f21,f23,f24	 f23:0xffc00000 f24:0x00000000 f21=0xffc00000
     321105.000 ns	     32109	80006c5c	00000013	addi	x0,x0,0	  x0:0x00000000
     321115.000 ns	     32110	80006c60	5b93a113	slti	x2,x7,1465	  x7:0x00000181  x2=0x00000001
     321155.000 ns	     32114	80006c64	018bfb53	fadd.s	f22,f23,f24	 f23:0xffc00000 f24:0x00000000 f22=0x7fc00000
     321185.000 ns	     32117	80006c68	21fc8153	fsgnj.s	f2,f25,f31	 f25:0x4218c985 f31:0x7fc00000  f2=0x4218c985
     321205.000 ns	     32119	80006c6c	a7ed4e13	xori	x28,x26,-1410	 x26:0xc8c52000 x28=0x373ada7e
     321215.000 ns	     32120	80006c70	516f7313	andi	x6,x30,1302	 x30:0x6cb70000  x6=0x00000000
     321235.000 ns	     32122	80006c74	a1b40b53	fle.s	x22,f8,f27	  f8:0x4e3bcfb1 f27:0x7fc00000 x22=0x00000000
     321255.000 ns	     32124	80006c78	00000013	addi	x0,x0,0	  x0:0x00000000
     321265.000 ns	     32125	80006c7c	11612193	slti	x3,x2,278	  x2:0x00000001  x3=0x00000001
     321285.000 ns	     32127	80006c80	a0dda753	feq.s	x14,f27,f13	 f27:0x7fc00000 f13:0x00000000 x14=0x00000000
     321305.000 ns	     32129	80006c84	018fb033	sltu	x0,x31,x24	 x31:0x00000000 x24:0x00000000
     321325.000 ns	     32131	80006c88	e00a03d3	fmv.x.w	x7,f20	 f20:0xce800000  x7=0xce800000
     321345.000 ns	     32133	80006c8c	09730b17	auipc	x22,0x9730	 x22=0x89736c8c
     321355.000 ns	     32134	80006c90	41c056b3	sra	x13,x0,x28	  x0:0x00000000 x28:0x373ada7e x13=0x00000000
     321385.000 ns	     32137	80006c94	109ef753	fmul.s	f14,f29,f9	 f29:0xce800000  f9:0x4f000000 f14=0xde000000
     321405.000 ns	     32139	80006c98	01f2cfb3	xor	x31,x5,x31	  x5:0x00000000 x31:0x00000000 x31=0x00000000
     321415.000 ns	     32140	80006c9c	8ed26c17	auipc	x24,0x8ed26	 x24=0x0ed2cc9c
     321425.000 ns	     32141	80006ca0	000a3cb3	sltu	x25,x20,x0	 x20:0x80041024  x0:0x00000000 x25=0x00000000
     321435.000 ns	     32142	80006ca4	01644d33	xor	x26,x8,x22	  x8:0x80040fe4 x22:0x89736c8c x26=0x09776368
     321445.000 ns	     32143	80006ca8	01e1eeb3	or	x29,x3,x30	  x3:0x00000001 x30:0x6cb70000 x29=0x6cb70001
     321455.000 ns	     32144	80006cac	00519133	sll	x2,x3,x5	  x3:0x00000001  x5:0x00000000  x2=0x00000001
     321465.000 ns	     32145	80006cb0	00000013	addi	x0,x0,0	  x0:0x00000000
     321825.000 ns	     32181	80006cb4	023ceab3	rem	x21,x25,x3	 x25:0x00000000  x3:0x00000001 x21=0x00000000
     321845.000 ns	     32183	80006cb8	01819393	slli	x7,x3,0x18	  x3:0x00000001  x7=0x01000000
     321855.000 ns	     32184	80006cbc	b0d6fb93	andi	x23,x13,-1267	 x13:0x00000000 x23=0x00000000
     321865.000 ns	     32185	80006cc0	01b14133	xor	x2,x2,x27	  x2:0x00000001 x27:0x8638a000  x2=0x8638a001
     321905.000 ns	     32189	80006cc4	013cafd3	fadd.s	f31,f25,f19	 f25:0x4218c985 f19:0xce800000 f31=0xce7fffff
     321925.000 ns	     32191	80006cc8	00000013	addi	x0,x0,0	  x0:0x00000000
     321945.000 ns	     32193	80006ccc	21480fd3	fsgnj.s	f31,f16,f20	 f16:0x44b66000 f20:0xce800000 f31=0xc4b66000
     321965.000 ns	     32195	80006cd0	00000013	addi	x0,x0,0	  x0:0x00000000
     322005.000 ns	     32199	80006cd4	08b82453	fsub.s	f8,f16,f11	 f16:0x44b66000 f11:0x00000000  f8=0x44b66000
     322035.000 ns	     32202	80006cd8	022dae33	mulhsu	x28,x27,x2	 x27:0x8638a000  x2:0x8638a001 x28=0xc026b405
     322055.000 ns	     32204	80006cdc	00ae1733	sll	x14,x28,x10	 x28:0x373ada7e x10:0x00000001 x14=0x804d680a
     322095.000 ns	     32208	80006ce0	0948f3d3	fsub.s	f7,f17,f20	 f17:0xffc00000 f20:0xce800000  f7=0x7fc00000
     322125.000 ns	     32211	80006ce4	02a70033	mul	x0,x14,x10	 x14:0x00000000 x10:0x00000001
     322155.000 ns	     32214	80006ce8	29e50f53	fmin.s	f30,f10,f30	 f10:0x00000000 f30:0x00000000 f30=0x00000000
     322185.000 ns	     32217	80006cec	03c0a233	mulhsu	x4,x1,x28	  x1:0x80000000 x28:0xc026b405  x4=0x9feca5fd
     322205.000 ns	     32219	80006cf0	00c0d9b3	srl	x19,x1,x12	  x1:0x80000000 x12:0xcbeabbe0 x19=0x80000000
     322225.000 ns	     32221	80006cf4	20e92bd3	fsgnjx.s	f23,f18,f14	 f18:0x7fc00000 f14:0xde000000 f23=0xffc00000
     322255.000 ns	     32224	80006cf8	026723b3	mulhsu	x7,x14,x6	 x14:0x804d680a  x6:0x00000000  x7=0x00000000
     322275.000 ns	     32226	80006cfc	401703b3	sub	x7,x14,x1	 x14:0x804d680a  x1:0x80000000  x7=0x004d680a
     322285.000 ns	     32227	80006d00	70e63317	auipc	x6,0x70e63	  x6=0xf0e69d00
     322305.000 ns	     32229	80006d04	029d57b3	divu	x15,x26,x9	 x26:0x09776368  x9:0x00000000 x15=0xffffffff
     322325.000 ns	     32231	80006d08	01f4c4b3	xor	x9,x9,x31	  x9:0x00000000 x31:0x00000000  x9=0x00000000
     322345.000 ns	     32233	80006d0c	d0151153	fcvt.s.wu	f2,x10	 x10:0x00000001  f2=0x3f800000
     322375.000 ns	     32236	80006d10	d01e72d3	fcvt.s.wu	f5,x28	 x28:0xc026b405  f5=0x4f4026b4
     322395.000 ns	     32238	80006d14	010199b3	sll	x19,x3,x16	  x3:0x00000001 x16:0xc6b49184 x19=0x00000010
     322755.000 ns	     32274	80006d18	03de5533	divu	x10,x28,x29	 x28:0xc026b405 x29:0x6cb70001 x10=0x00000001
     323125.000 ns	     32311	80006d1c	03c0ccb3	div	x25,x1,x28	  x1:0x80000000 x28:0xc026b405 x25=0x00000002
     323145.000 ns	     32313	80006d20	01176cb3	or	x25,x14,x17	 x14:0x804d680a x17:0x00000000 x25=0x804d680a
     323155.000 ns	     32314	80006d24	bdaea213	slti	x4,x29,-1062	 x29:0x6cb70001  x4=0x00000000
     323165.000 ns	     32315	80006d28	00a04633	xor	x12,x0,x10	  x0:0x00000000 x10:0x00000001 x12=0x00000001
     323175.000 ns	     32316	80006d2c	00b38233	add	x4,x7,x11	  x7:0x004d680a x11:0x00000000  x4=0x004d680a
     323185.000 ns	     32317	80006d30	002ae733	or	x14,x21,x2	 x21:0x00000000  x2:0x8638a001 x14=0x8638a001
     323195.000 ns	     32318	80006d34	41f05f13	srai	x30,x0,0x1f	  x0:0x00000000 x30=0x00000000
     323215.000 ns	     32320	80006d38	c01dfcd3	fcvt.wu.s	x25,f27	 f27:0x7fc00000 x25=0xffffffff
     323585.000 ns	     32357	80006d3c	03cce233	rem	x4,x25,x28	 x25:0x804d680a x28:0xc026b405  x4=0xffffffff
     323615.000 ns	     32360	80006d40	21491ed3	fsgnjn.s	f29,f18,f20	 f18:0x7fc00000 f20:0xce800000 f29=0x7fc00000
     323645.000 ns	     32363	80006d44	e00f07d3	fmv.x.w	x15,f30	 f30:0x00000000 x15=0x00000000
     323675.000 ns	     32366	80006d48	a12408d3	fle.s	x17,f8,f18	  f8:0x44b66000 f18:0x7fc00000 x17=0x00000000
     323695.000 ns	     32368	80006d4c	66517713	andi	x14,x2,1637	  x2:0x8638a001 x14=0x00000001
     323715.000 ns	     32370	80006d50	c0031bd3	fcvt.w.s	x23,f6	  f6:0x00000000 x23=0x00000000
     323735.000 ns	     32372	80006d54	4030d693	srai	x13,x1,0x3	  x1:0x80000000 x13=0xf0000000
     323755.000 ns	     32374	80006d58	a1ca1553	flt.s	x10,f20,f28	 f20:0xce800000 f28:0x3f800000 x10=0x00000001
     323775.000 ns	     32376	80006d5c	01693233	sltu	x4,x18,x22	 x18:0x80000000 x22:0x89736c8c  x4=0x00000001
     323795.000 ns	     32378	80006d60	290117d3	fmax.s	f15,f2,f16	  f2:0x3f800000 f16:0x44b66000 f15=0x44b66000
     323815.000 ns	     32380	80006d64	4176df33	sra	x30,x13,x23	 x13:0xf0000000 x23:0x00000000 x30=0xf0000000
     323845.000 ns	     32383	80006d68	18fdb1d3	fdiv.s	f3,f27,f15	 f27:0x7fc00000 f15:0x44b66000  f3=0x7fc00000
     323865.000 ns	     32385	80006d6c	010c3fb3	sltu	x31,x24,x16	 x24:0x0ed2cc9c x16:0xc6b49184 x31=0x00000001
     323875.000 ns	     32386	80006d70	11562293	slti	x5,x12,277	 x12:0x00000001  x5=0x00000001
     324235.000 ns	     32422	80006d74	02836733	rem	x14,x6,x8	  x6:0xf0e69d00  x8:0x80040fe4 x14=0xf0e69d00
     324265.000 ns	     32425	80006d78	020fdfb3	divu	x31,x31,x0	 x31:0x00000001  x0:0x00000000 x31=0xffffffff
     324295.000 ns	     32428	80006d7c	e0029753	fclass.s	x14,f5	  f5:0x4f4026b4 x14=0x00000040
     324315.000 ns	     32430	80006d80	404ad893	srai	x17,x21,0x4	 x21:0x00000000 x17=0x00000000
     324325.000 ns	     32431	80006d84	00be3d33	sltu	x26,x28,x11	 x28:0xc026b405 x11:0x00000000 x26=0x00000000
     324335.000 ns	     32432	80006d88	019876b3	and	x13,x16,x25	 x16:0xc6b49184 x25:0xffffffff x13=0xc6b49184
     324345.000 ns	     32433	80006d8c	44f20337	lui	x6,0x44f20	  x6=0x44f20000
     324375.000 ns	     32436	80006d90	182b4953	fdiv.s	f18,f22,f2	 f22:0x7fc00000  f2:0x3f800000 f18=0x7fc00000
     324405.000 ns	     32439	80006d94	20391753	fsgnjn.s	f14,f18,f3	 f18:0x7fc00000  f3:0x7fc00000 f14=0xffc00000
     324425.000 ns	     32441	80006d98	0135fcb3	and	x25,x11,x19	 x11:0x00000000 x19:0x00000010 x25=0x00000000
     324455.000 ns	     32444	80006d9c	181615d3	fdiv.s	f11,f12,f1	 f12:0xffc00000  f1:0x00000000 f11=0x7fc00000
     324485.000 ns	     32447	80006da0	0250bdb3	mulhu	x27,x1,x5	  x1:0x80000000  x5:0x00000001 x27=0x00000000
     324505.000 ns	     32449	80006da4	417ed133	sra	x2,x29,x23	 x29:0x6cb70001 x23:0x00000000  x2=0x6cb70001
     324525.000 ns	     32451	80006da8	d01db9d3	fcvt.s.wu	f19,x27	 x27:0x00000000 f19=0x00000000
     324545.000 ns	     32453	80006dac	41075bb3	sra	x23,x14,x16	 x14:0x00000040 x16:0xc6b49184 x23=0x00000004
     324565.000 ns	     32455	80006db0	02bf87b3	mul	x15,x31,x11	 x31:0xffffffff x11:0x00000000 x15=0x00000000
     324595.000 ns	     32458	80006db4	a0158cd3	fle.s	x25,f11,f1	 f11:0x7fc00000  f1:0x00000000 x25=0x00000000
     324615.000 ns	     32460	80006db8	40c48c33	sub	x24,x9,x12	  x9:0x00000000 x12:0x00000001 x24=0xffffffff
     324625.000 ns	     32461	80006dbc	c9cbeb93	ori	x23,x23,-868	 x23:0x00000004 x23=0xfffffc9c
     324635.000 ns	     32462	80006dc0	e5c71637	lui	x12,0xe5c71	 x12=0xe5c71000
     324645.000 ns	     32463	80006dc4	0073f3b3	and	x7,x7,x7	  x7:0x004d680a  x7:0x004d680a  x7=0x004d680a
     324655.000 ns	     32464	80006dc8	40170fb3	sub	x31,x14,x1	 x14:0x00000040  x1:0x80000000 x31=0x80000040
     324665.000 ns	     32465	80006dcc	cec6e613	ori	x12,x13,-788	 x13:0xc6b49184 x12=0xfffffdec
     324675.000 ns	     32466	80006dd0	00d7ab33	slt	x22,x15,x13	 x15:0x00000000 x13:0xc6b49184 x22=0x00000000
     324685.000 ns	     32467	80006dd4	0bc27613	andi	x12,x4,188	  x4:0x00000001 x12=0x00000000
     324705.000 ns	     32469	80006dd8	038e84b3	mul	x9,x29,x24	 x29:0x6cb70001 x24:0xffffffff  x9=0x9348ffff
     324725.000 ns	     32471	80006ddc	c1250237	lui	x4,0xc1250	  x4=0xc1250000
     324755.000 ns	     32474	80006de0	10a572d3	fmul.s	f5,f10,f10	 f10:0x00000000 f10:0x00000000  f5=0x00000000
     324805.000 ns	     32479	80006de4	088798d3	fsub.s	f17,f15,f8	 f15:0x44b66000  f8:0x44b66000 f17=0x80000000
     324835.000 ns	     32482	80006de8	a0728953	fle.s	x18,f5,f7	  f5:0x00000000  f7:0x7fc00000 x18=0x00000000
     324855.000 ns	     32484	80006dec	40a85613	srai	x12,x16,0xa	 x16:0xc6b49184 x12=0xfff1ad24
     325215.000 ns	     32520	80006df0	03355bb3	divu	x23,x10,x19	 x10:0x00000001 x19:0x00000010 x23=0x00000000
     325235.000 ns	     32522	80006df4	8ccdf313	andi	x6,x27,-1844	 x27:0x00000000  x6=0x00000000
     325255.000 ns	     32524	80006df8	a0a6ac53	feq.s	x24,f13,f10	 f13:0x00000000 f10:0x00000000 x24=0x00000001
     325295.000 ns	     32528	80006dfc	11a2f553	fmul.s	f10,f5,f26	  f5:0x00000000 f26:0x39d90000 f10=0x00000000
     325315.000 ns	     32530	80006e00	c8467913	andi	x18,x12,-892	 x12:0xfff1ad24 x18=0xfff1ac04
     325335.000 ns	     32532	80006e04	c00332d3	fcvt.w.s	x5,f6	  f6:0x00000000  x5=0x00000000
     325355.000 ns	     32534	80006e08	0544f697	auipc	x13,0x544f	 x13=0x85455e08
     325365.000 ns	     32535	80006e0c	5c322797	auipc	x15,0x5c322	 x15=0xdc328e0c
     325375.000 ns	     32536	80006e10	4079d8b3	sra	x17,x19,x7	 x19:0x00000010  x7:0x004d680a x17=0x00000000
     325385.000 ns	     32537	80006e14	01629cb3	sll	x25,x5,x22	  x5:0x00000000 x22:0x00000000 x25=0x00000000
     325405.000 ns	     32539	80006e18	e0071ad3	fclass.s	x21,f14	 f14:0xffc00000 x21=0x00000200
     325425.000 ns	     32541	80006e1c	f14e2b93	slti	x23,x28,-236	 x28:0xc026b405 x23=0x00000001
     325445.000 ns	     32543	80006e20	02ce0833	mul	x16,x28,x12	 x28:0xc026b405 x12:0xfff1ad24 x16=0xa0cdb1b4
     325475.000 ns	     32546	80006e24	204e18d3	fsgnjn.s	f17,f28,f4	 f28:0x3f800000  f4:0x4e800000 f17=0xbf800000
     325505.000 ns	     32549	80006e28	a18fab53	feq.s	x22,f31,f24	 f31:0xc4b66000 f24:0x00000000 x22=0x00000000
     325525.000 ns	     32551	80006e2c	01ee9c13	slli	x24,x29,0x1e	 x29:0x6cb70001 x24=0x40000000
     325885.000 ns	     32587	80006e30	021a4b33	div	x22,x20,x1	 x20:0x80041024  x1:0x80000000 x22=0x00000000
     325905.000 ns	     32589	80006e34	001ed1b3	srl	x3,x29,x1	 x29:0x6cb70001  x1:0x80000000  x3=0x6cb70001
     325935.000 ns	     32592	80006e38	114ef8d3	fmul.s	f17,f29,f20	 f29:0x7fc00000 f20:0xce800000 f17=0x7fc00000
     325965.000 ns	     32595	80006e3c	c0050f53	fcvt.w.s	x30,f10	 f10:0x00000000 x30=0x00000000
     325985.000 ns	     32597	80006e40	fcee7013	andi	x0,x28,-50	 x28:0xc026b405
     325995.000 ns	     32598	80006e44	41e85b93	srai	x23,x16,0x1e	 x16:0xa0cdb1b4 x23=0xfffffffe
     326005.000 ns	     32599	80006e48	4305fe13	andi	x28,x11,1072	 x11:0x00000000 x28=0x00000000
     326015.000 ns	     32600	80006e4c	00b11e33	sll	x28,x2,x11	  x2:0x6cb70001 x11:0x00000000 x28=0x6cb70001
     326035.000 ns	     32602	80006e50	f0010153	fmv.w.x	f2,x2	  x2:0x6cb70001  f2=0x6cb70001
     326065.000 ns	     32605	80006e54	a0832c53	feq.s	x24,f6,f8	  f6:0x00000000  f8:0x44b66000 x24=0x00000000
     326095.000 ns	     32608	80006e58	d0119ad3	fcvt.s.wu	f21,x3	  x3:0x6cb70001 f21=0x4ed96e00
     326115.000 ns	     32610	80006e5c	00000013	addi	x0,x0,0	  x0:0x00000000
     326125.000 ns	     32611	80006e60	61a98d93	addi	x27,x19,1562	 x19:0x00000010 x27=0x0000062a
     326135.000 ns	     32612	80006e64	012e5113	srli	x2,x28,0x12	 x28:0x6cb70001  x2=0x00001b2d
     326145.000 ns	     32613	80006e68	40685133	sra	x2,x16,x6	 x16:0xa0cdb1b4  x6:0x00000000  x2=0xa0cdb1b4
     326165.000 ns	     32615	80006e6c	21d92ad3	fsgnjx.s	f21,f18,f29	 f18:0x7fc00000 f29:0x7fc00000 f21=0x7fc00000
     326185.000 ns	     32617	80006e70	41445f13	srai	x30,x8,0x14	  x8:0x80040fe4 x30=0xfffff800
     326195.000 ns	     32618	80006e74	b634f693	andi	x13,x9,-1181	  x9:0x9348ffff x13=0x9348fb63
     326205.000 ns	     32619	80006e78	89347c93	andi	x25,x8,-1901	  x8:0x80040fe4 x25=0x80040880
     326225.000 ns	     32621	80006e7c	296b1353	fmax.s	f6,f22,f22	 f22:0x7fc00000 f22:0x7fc00000  f6=0x7fc00000
     326255.000 ns	     32624	80006e80	03abc1b3	div	x3,x23,x26	 x23:0xfffffffe x26:0x00000000  x3=0xffffffff
     326285.000 ns	     32627	80006e84	0226b8b3	mulhu	x17,x13,x2	 x13:0x9348fb63  x2:0xa0cdb1b4 x17=0x5c83f4cc
     326315.000 ns	     32630	80006e88	d0147753	fcvt.s.wu	f14,x8	  x8:0x80040fe4 f14=0x4f00040f
     326335.000 ns	     32632	80006e8c	003a9393	slli	x7,x21,0x3	 x21:0x00000200  x7=0x00001000
     326355.000 ns	     32634	80006e90	d018f353	fcvt.s.wu	f6,x17	 x17:0x5c83f4cc  f6=0x4eb907e9
     326375.000 ns	     32636	80006e94	00819733	sll	x14,x3,x8	  x3:0xffffffff  x8:0x80040fe4 x14=0xfffffff0
     326405.000 ns	     32639	80006e98	1042f653	fmul.s	f12,f5,f4	  f5:0x00000000  f4:0x4e800000 f12=0x00000000
     326435.000 ns	     32642	80006e9c	29970bd3	fmin.s	f23,f14,f25	 f14:0x4f00040f f25:0x4218c985 f23=0x4218c985
     326465.000 ns	     32645	80006ea0	287790d3	fmax.s	f1,f15,f7	 f15:0x44b66000  f7:0x7fc00000  f1=0x44b66000
     326505.000 ns	     32649	80006ea4	18403e53	fdiv.s	f28,f0,f4	  f0:0xffc00000  f4:0x4e800000 f28=0x7fc00000
     326525.000 ns	     32651	80006ea8	48c12693	slti	x13,x2,1164	  x2:0xa0cdb1b4 x13=0x00000001
     326535.000 ns	     32652	80006eac	1aada317	auipc	x6,0x1aada	  x6=0x9aae0eac
     326545.000 ns	     32653	80006eb0	0168b733	sltu	x14,x17,x22	 x17:0x5c83f4cc x22:0x00000000 x14=0x00000000
     326565.000 ns	     32655	80006eb4	21499dd3	fsgnjn.s	f27,f19,f20	 f19:0x00000000 f20:0xce800000 f27=0x00000000
     326585.000 ns	     32657	80006eb8	6da9ae13	slti	x28,x19,1754	 x19:0x00000010 x28=0x00000001
     326945.000 ns	     32693	80006ebc	02d15233	divu	x4,x2,x13	  x2:0xa0cdb1b4 x13:0x00000001  x4=0xa0cdb1b4
     326965.000 ns	     32695	80006ec0	01857533	and	x10,x10,x24	 x10:0x00000001 x24:0x00000000 x10=0x00000000
     326985.000 ns	     32697	80006ec4	21c50353	fsgnj.s	f6,f10,f28	 f10:0x00000000 f28:0x7fc00000  f6=0x00000000
     327005.000 ns	     32699	80006ec8	6705aa93	slti	x21,x11,1648	 x11:0x00000000 x21=0x00000001
     327025.000 ns	     32701	80006ecc	c016ffd3	fcvt.wu.s	x31,f13	 f13:0x00000000 x31=0x00000000
     327395.000 ns	     32738	80006ed0	03ba52b3	divu	x5,x20,x27	 x20:0x80041024 x27:0x0000062a  x5=0x0014c4a2
     327415.000 ns	     32740	80006ed4	01c68633	add	x12,x13,x28	 x13:0x00000001 x28:0x00000001 x12=0x00000002
     327435.000 ns	     32742	80006ed8	20339cd3	fsgnjn.s	f25,f7,f3	  f7:0x7fc00000  f3:0x7fc00000 f25=0xffc00000
     327455.000 ns	     32744	80006edc	40050fb3	sub	x31,x10,x0	 x10:0x00000000  x0:0x00000000 x31=0x00000000
     327815.000 ns	     32780	80006ee0	031c5633	divu	x12,x24,x17	 x24:0x00000000 x17:0x5c83f4cc x12=0x00000000
     327835.000 ns	     32782	80006ee4	40e25933	sra	x18,x4,x14	  x4:0xa0cdb1b4 x14:0x00000000 x18=0xa0cdb1b4
     327845.000 ns	     32783	80006ee8	00f59633	sll	x12,x11,x15	 x11:0x00000000 x15:0xdc328e0c x12=0x00000000
     327855.000 ns	     32784	80006eec	0072e5b3	or	x11,x5,x7	  x5:0x0014c4a2  x7:0x00001000 x11=0x0014d4a2
     327875.000 ns	     32786	80006ef0	034a83b3	mul	x7,x21,x20	 x21:0x00000001 x20:0x80041024  x7=0x80041024
     327915.000 ns	     32790	80006ef4	115bfdd3	fmul.s	f27,f23,f21	 f23:0x4218c985 f21:0x7fc00000 f27=0x7fc00000
     327945.000 ns	     32793	80006ef8	28b39353	fmax.s	f6,f7,f11	  f7:0x7fc00000 f11:0x7fc00000  f6=0x7fc00000
     327965.000 ns	     32795	80006efc	01c0b133	sltu	x2,x1,x28	  x1:0x80000000 x28:0x00000001  x2=0x00000000
     327975.000 ns	     32796	80006f00	411c5613	srai	x12,x24,0x11	 x24:0x00000000 x12=0x00000000
     327985.000 ns	     32797	80006f04	19398493	addi	x9,x19,403	 x19:0x00000010  x9=0x000001a3
     327995.000 ns	     32798	80006f08	019a7c33	and	x24,x20,x25	 x20:0x80041024 x25:0x80040880 x24=0x80040000
     328015.000 ns	     32800	80006f0c	29ab13d3	fmax.s	f7,f22,f26	 f22:0x7fc00000 f26:0x39d90000  f7=0x39d90000
     328045.000 ns	     32803	80006f10	03ce81b3	mul	x3,x29,x28	 x29:0x6cb70001 x28:0x00000001  x3=0x6cb70001
     328075.000 ns	     32806	80006f14	a16d8bd3	fle.s	x23,f27,f22	 f27:0x7fc00000 f22:0x7fc00000 x23=0x00000000
     328445.000 ns	     32843	80006f18	02d6c5b3	div	x11,x13,x13	 x13:0x00000001 x13:0x00000001 x11=0x00000001
     328475.000 ns	     32846	80006f1c	a137a1d3	feq.s	x3,f15,f19	 f15:0x44b66000 f19:0x00000000  x3=0x00000000
     328505.000 ns	     32849	80006f20	036d6733	rem	x14,x26,x22	 x26:0x00000000 x22:0x00000000 x14=0x00000000
     328535.000 ns	     32852	80006f24	02db8033	mul	x0,x23,x13	 x23:0x00000000 x13:0x00000001
     328565.000 ns	     32855	80006f28	d01abcd3	fcvt.s.wu	f25,x21	 x21:0x00000001 f25=0x3f800000
     328595.000 ns	     32858	80006f2c	d0069153	fcvt.s.w	f2,x13	 x13:0x00000001  f2=0x3f800000
     328625.000 ns	     32861	80006f30	a0b10ad3	fle.s	x21,f2,f11	  f2:0x6cb70001 f11:0x7fc00000 x21=0x00000000
     328675.000 ns	     32866	80006f34	09cc2053	fsub.s	f0,f24,f28	 f24:0x00000000 f28:0x7fc00000  f0=0x7fc00000
     328695.000 ns	     32868	80006f38	012defb3	or	x31,x27,x18	 x27:0x0000062a x18:0xa0cdb1b4 x31=0xa0cdb7be
     328705.000 ns	     32869	80006f3c	088ba793	slti	x15,x23,136	 x23:0x00000000 x15=0x00000001
     328735.000 ns	     32872	80006f40	580b07d3	fsqrt.s	f15,f22	 f22:0x7fc00000 f15=0x7fc00000
     328785.000 ns	     32877	80006f44	00b872d3	fadd.s	f5,f16,f11	 f16:0x44b66000 f11:0x7fc00000  f5=0x7fc00000
     328805.000 ns	     32879	80006f48	29e56f93	ori	x31,x10,670	 x10:0x00000000 x31=0x0000029e
     328815.000 ns	     32880	80006f4c	00852733	slt	x14,x10,x8	 x10:0x00000000  x8:0x80040fe4 x14=0x00000000
     328835.000 ns	     32882	80006f50	e0091cd3	fclass.s	x25,f18	 f18:0x7fc00000 x25=0x00000200
     328855.000 ns	     32884	80006f54	4fc86f93	ori	x31,x16,1276	 x16:0xa0cdb1b4 x31=0xa0cdb5fc
     328865.000 ns	     32885	80006f58	d3f3e593	ori	x11,x7,-705	  x7:0x80041024 x11=0xfffffd3f
     328875.000 ns	     32886	80006f5c	b6c9ba93	sltiu	x21,x19,-1172	 x19:0x00000010 x21=0x00000001
     328895.000 ns	     32888	80006f60	f0008d53	fmv.w.x	f26,x1	  x1:0x80000000 f26=0x80000000
     328925.000 ns	     32891	80006f64	207d8953	fsgnj.s	f18,f27,f7	 f27:0x7fc00000  f7:0x39d90000 f18=0x7fc00000
     328945.000 ns	     32893	80006f68	00000013	addi	x0,x0,0	  x0:0x00000000
     328955.000 ns	     32894	80006f6c	00f0e8b3	or	x17,x1,x15	  x1:0x80000000 x15:0x00000001 x17=0x80000001
     328965.000 ns	     32895	80006f70	a291e013	ori	x0,x3,-1495	  x3:0x00000000
     328985.000 ns	     32897	80006f74	02d2b633	mulhu	x12,x5,x13	  x5:0x0014c4a2 x13:0x00000001 x12=0x00000000
     329005.000 ns	     32899	80006f78	01aa9f93	slli	x31,x21,0x1a	 x21:0x00000001 x31=0x04000000
     329015.000 ns	     32900	80006f7c	cbc40c97	auipc	x25,0xcbc40	 x25=0x4bc46f7c
     329025.000 ns	     32901	80006f80	0043cfb3	xor	x31,x7,x4	  x7:0x80041024  x4:0xa0cdb1b4 x31=0x20c9a190
     329035.000 ns	     32902	80006f84	408dde33	sra	x28,x27,x8	 x27:0x0000062a  x8:0x80040fe4 x28=0x00000062
     329055.000 ns	     32904	80006f88	c01734d3	fcvt.wu.s	x9,f14	 f14:0x4f00040f  x9=0x80040f00
     329075.000 ns	     32906	80006f8c	00000013	addi	x0,x0,0	  x0:0x00000000
     329095.000 ns	     32908	80006f90	a1309353	flt.s	x6,f1,f19	  f1:0x44b66000 f19:0x00000000  x6=0x00000000
     329115.000 ns	     32910	80006f94	005a0cb3	add	x25,x20,x5	 x20:0x80041024  x5:0x0014c4a2 x25=0x8018d4c6
     329475.000 ns	     32946	80006f98	0343ef33	rem	x30,x7,x20	  x7:0x80041024 x20:0x80041024 x30=0x00000000
     329845.000 ns	     32983	80006f9c	028accb3	div	x25,x21,x8	 x21:0x00000001  x8:0x80040fe4 x25=0x00000000
     329875.000 ns	     32986	80006fa0	03a4f633	remu	x12,x9,x26	  x9:0x80040f00 x26:0x00000000 x12=0x80040f00
     329905.000 ns	     32989	80006fa4	210728d3	fsgnjx.s	f17,f14,f16	 f14:0x4f00040f f16:0x44b66000 f17=0x4f00040f
     329935.000 ns	     32992	80006fa8	a00801d3	fle.s	x3,f16,f0	 f16:0x44b66000  f0:0x7fc00000  x3=0x00000000
     329955.000 ns	     32994	80006fac	01619d13	slli	x26,x3,0x16	  x3:0x00000000 x26=0x00000000
     329975.000 ns	     32996	80006fb0	c01b7753	fcvt.wu.s	x14,f22	 f22:0x7fc00000 x14=0xffffffff
     329995.000 ns	     32998	80006fb4	015cedb3	or	x27,x25,x21	 x25:0x00000000 x21:0x00000001 x27=0x00000001
     330015.000 ns	     33000	80006fb8	024a0ab3	mul	x21,x20,x4	 x20:0x80041024  x4:0xa0cdb1b4 x21=0x3ed83d50
     330035.000 ns	     33002	80006fbc	789b8e13	addi	x28,x23,1929	 x23:0x00000000 x28=0x00000789
     330055.000 ns	     33004	80006fc0	21809753	fsgnjn.s	f14,f1,f24	  f1:0x44b66000 f24:0x00000000 f14=0xc4b66000
     330085.000 ns	     33007	80006fc4	e00082d3	fmv.x.w	x5,f1	  f1:0x44b66000  x5=0x44b66000
     330105.000 ns	     33009	80006fc8	4d5d8197	auipc	x3,0x4d5d8	  x3=0xcd5defc8
     330115.000 ns	     33010	80006fcc	76788213	addi	x4,x17,1895	 x17:0x80000001  x4=0x80000768
     330475.000 ns	     33046	80006fd0	0337fab3	remu	x21,x15,x19	 x15:0x00000001 x19:0x00000010 x21=0x00000001
     330495.000 ns	     33048	80006fd4	013b8b33	add	x22,x23,x19	 x23:0x00000000 x19:0x00000010 x22=0x00000010
     330505.000 ns	     33049	80006fd8	40e55213	srai	x4,x10,0xe	 x10:0x00000000  x4=0x00000000
     330515.000 ns	     33050	80006fdc	2fe7aa97	auipc	x21,0x2fe7a	 x21=0xafe80fdc
     330555.000 ns	     33054	80006fe0	01fc70d3	fadd.s	f1,f24,f31	 f24:0x00000000 f31:0xc4b66000  f1=0xc4b66000
     330585.000 ns	     33057	80006fe4	a12ca753	feq.s	x14,f25,f18	 f25:0x3f800000 f18:0x7fc00000 x14=0x00000000
     330605.000 ns	     33059	80006fe8	01de6c33	or	x24,x28,x29	 x28:0x00000789 x29:0x6cb70001 x24=0x6cb70789
     330615.000 ns	     33060	80006fec	41a78833	sub	x16,x15,x26	 x15:0x00000001 x26:0x00000000 x16=0x00000001
     330625.000 ns	     33061	80006ff0	00ef1813	slli	x16,x30,0xe	 x30:0x00000000 x16=0x00000000
     330665.000 ns	     33065	80006ff4	00b8f1d3	fadd.s	f3,f17,f11	 f17:0x4f00040f f11:0x7fc00000  f3=0x7fc00000
     330685.000 ns	     33067	80006ff8	00c55313	srli	x6,x10,0xc	 x10:0x00000000  x6=0x00000000
     330705.000 ns	     33069	80006ffc	d0079dd3	fcvt.s.w	f27,x15	 x15:0x00000001 f27=0x3f800000
     330725.000 ns	     33071	80007000	df37a393	slti	x7,x15,-525	 x15:0x00000001  x7=0x00000000
     330735.000 ns	     33072	80007004	00ca5793	srli	x15,x20,0xc	 x20:0x80041024 x15=0x00080041
     330755.000 ns	     33074	80007008	21a107d3	fsgnj.s	f15,f2,f26	  f2:0x3f800000 f26:0x80000000 f15=0xbf800000
     330785.000 ns	     33077	8000700c	205b0e53	fsgnj.s	f28,f22,f5	 f22:0x7fc00000  f5:0x7fc00000 f28=0x7fc00000
     330815.000 ns	     33080	80007010	d011f053	fcvt.s.wu	f0,x3	  x3:0xcd5defc8  f0=0x4f4d5def
     330845.000 ns	     33083	80007014	02eea8b3	mulhsu	x17,x29,x14	 x29:0x6cb70001 x14:0x00000000 x17=0x00000000
     330865.000 ns	     33085	80007018	40cb0133	sub	x2,x22,x12	 x22:0x00000010 x12:0x80040f00  x2=0x7ffbf110
     330885.000 ns	     33087	8000701c	031917b3	mulh	x15,x18,x17	 x18:0xa0cdb1b4 x17:0x00000000 x15=0x00000000
     330915.000 ns	     33090	80007020	a02899d3	flt.s	x19,f17,f2	 f17:0x4f00040f  f2:0x3f800000 x19=0x00000000
     331285.000 ns	     33127	80007024	0231ecb3	rem	x25,x3,x3	  x3:0xcd5defc8  x3:0xcd5defc8 x25=0x00000000
     331335.000 ns	     33132	80007028	01c67653	fadd.s	f12,f12,f28	 f12:0x00000000 f28:0x7fc00000 f12=0x7fc00000
     331365.000 ns	     33135	8000702c	281604d3	fmin.s	f9,f12,f1	 f12:0x00000000  f1:0xc4b66000  f9=0xc4b66000
     331385.000 ns	     33137	80007030	6c51e117	auipc	x2,0x6c51e	  x2=0xec525030
     331405.000 ns	     33139	80007034	02005eb3	divu	x29,x0,x0	  x0:0x00000000  x0:0x00000000 x29=0xffffffff
     331445.000 ns	     33143	80007038	11effa53	fmul.s	f20,f31,f30	 f31:0xc4b66000 f30:0x00000000 f20=0x80000000
     331475.000 ns	     33146	8000703c	e00185d3	fmv.x.w	x11,f3	  f3:0x7fc00000 x11=0x7fc00000
     331495.000 ns	     33148	80007040	00bf6db3	or	x27,x30,x11	 x30:0x00000000 x11:0xfffffd3f x27=0x7fc00000
     331505.000 ns	     33149	80007044	332b3eb7	lui	x29,0x332b3	 x29=0x332b3000
     331515.000 ns	     33150	80007048	c720ce93	xori	x29,x1,-910	  x1:0x80000000 x29=0x7ffffc72
     331535.000 ns	     33152	8000704c	03145233	divu	x4,x8,x17	  x8:0x80040fe4 x17:0x00000000  x4=0xffffffff
     331565.000 ns	     33155	80007050	03298833	mul	x16,x19,x18	 x19:0x00000000 x18:0xa0cdb1b4 x16=0x00000000
     331585.000 ns	     33157	80007054	002845b3	xor	x11,x16,x2	 x16:0x00000000  x2:0xec525030 x11=0xec525030
     331605.000 ns	     33159	80007058	a15e2d53	feq.s	x26,f28,f21	 f28:0x7fc00000 f21:0x7fc00000 x26=0x00000000
     331625.000 ns	     33161	8000705c	00e03f33	sltu	x30,x0,x14	  x0:0x00000000 x14:0x00000000 x30=0x00000000
     331645.000 ns	     33163	80007060	c006ab53	fcvt.w.s	x22,f13	 f13:0x00000000 x22=0x00000000
     331695.000 ns	     33168	80007064	018e7653	fadd.s	f12,f28,f24	 f28:0x7fc00000 f24:0x00000000 f12=0x7fc00000
     331725.000 ns	     33171	80007068	c003bc53	fcvt.w.s	x24,f7	  f7:0x39d90000 x24=0x00000001
     331775.000 ns	     33176	8000706c	01024ad3	fadd.s	f21,f4,f16	  f4:0x4e800000 f16:0x44b66000 f21=0x4e80000b
     331795.000 ns	     33178	80007070	009eaf33	slt	x30,x29,x9	 x29:0x7ffffc72  x9:0x80040f00 x30=0x00000000
     332155.000 ns	     33214	80007074	03ba7eb3	remu	x29,x20,x27	 x20:0x80041024 x27:0x7fc00000 x29=0x00441024
     332195.000 ns	     33218	80007078	11cfb653	fmul.s	f12,f31,f28	 f31:0xc4b66000 f28:0x7fc00000 f12=0x7fc00000
     332215.000 ns	     33220	8000707c	8e0f4993	xori	x19,x30,-1824	 x30:0x00000000 x19=0xfffff8e0
     332575.000 ns	     33256	80007080	03f7f233	remu	x4,x15,x31	 x15:0x00000000 x31:0x20c9a190  x4=0x00000000
     332595.000 ns	     33258	80007084	4409a793	slti	x15,x19,1088	 x19:0x00000000 x15=0x00000001
     332615.000 ns	     33260	80007088	a0380053	fle.s	x0,f16,f3	 f16:0x44b66000  f3:0x7fc00000
     332645.000 ns	     33263	8000708c	21eca5d3	fsgnjx.s	f11,f25,f30	 f25:0x3f800000 f30:0x00000000 f11=0x3f800000
     332675.000 ns	     33266	80007090	a0bb0353	fle.s	x6,f22,f11	 f22:0x7fc00000 f11:0x7fc00000  x6=0x00000000
     332705.000 ns	     33269	80007094	209128d3	fsgnjx.s	f17,f2,f9	  f2:0x3f800000  f9:0xc4b66000 f17=0xbf800000
     332735.000 ns	     33272	80007098	a1d693d3	flt.s	x7,f13,f29	 f13:0x00000000 f29:0x7fc00000  x7=0x00000000
     332765.000 ns	     33275	8000709c	a19b22d3	feq.s	x5,f22,f25	 f22:0x7fc00000 f25:0x3f800000  x5=0x00000000
     332795.000 ns	     33278	800070a0	c0143153	fcvt.wu.s	x2,f8	  f8:0x44b66000  x2=0x000005b3
     332825.000 ns	     33281	800070a4	a19105d3	fle.s	x11,f2,f25	  f2:0x3f800000 f25:0x3f800000 x11=0x00000001
     332845.000 ns	     33283	800070a8	fc7ff613	andi	x12,x31,-57	 x31:0x20c9a190 x12=0x20c9a180
     332855.000 ns	     33284	800070ac	7c877597	auipc	x11,0x7c877	 x11=0xfc87e0ac
     332865.000 ns	     33285	800070b0	e546c393	xori	x7,x13,-428	 x13:0x00000001  x7=0xfffffe55
     332875.000 ns	     33286	800070b4	01fc5b93	srli	x23,x24,0x1f	 x24:0x00000001 x23=0x00000000
     332885.000 ns	     33287	800070b8	009c9d13	slli	x26,x25,0x9	 x25:0x00000000 x26=0x00000000
     332905.000 ns	     33289	800070bc	e0001cd3	fclass.s	x25,f0	  f0:0x4f4d5def x25=0x00000040
     332925.000 ns	     33291	800070c0	9f34f613	andi	x12,x9,-1549	  x9:0x80040f00 x12=0x80040900
     332945.000 ns	     33293	800070c4	c01a81d3	fcvt.wu.s	x3,f21	 f21:0x4e80000b  x3=0x40000580
     332965.000 ns	     33295	800070c8	75c3f493	andi	x9,x7,1884	  x7:0xfffffe55  x9=0x00000654
     332985.000 ns	     33297	800070cc	f00f80d3	fmv.w.x	f1,x31	 x31:0x20c9a190  f1=0x20c9a190
     333005.000 ns	     33299	800070d0	00d8b1b3	sltu	x3,x17,x13	 x17:0x00000000 x13:0x00000001  x3=0x00000001
     333015.000 ns	     33300	800070d4	01b212b3	sll	x5,x4,x27	  x4:0x00000000 x27:0x7fc00000  x5=0x00000000
     333025.000 ns	     33301	800070d8	40485133	sra	x2,x16,x4	 x16:0x00000000  x4:0x00000000  x2=0x00000000
     333035.000 ns	     33302	800070dc	c8002013	slti	x0,x0,-896	  x0:0x00000000
     333055.000 ns	     33304	800070e0	a0448153	fle.s	x2,f9,f4	  f9:0xc4b66000  f4:0x4e800000  x2=0x00000001
     333075.000 ns	     33306	800070e4	019f5493	srli	x9,x30,0x19	 x30:0x00000000  x9=0x00000000
     333085.000 ns	     33307	800070e8	00a21913	slli	x18,x4,0xa	  x4:0x00000000 x18=0x00000000
     333095.000 ns	     33308	800070ec	40e057b3	sra	x15,x0,x14	  x0:0x00000000 x14:0x00000000 x15=0x00000000
     333115.000 ns	     33310	800070f0	210f0953	fsgnj.s	f18,f30,f16	 f30:0x00000000 f16:0x44b66000 f18=0x00000000
     333165.000 ns	     33315	800070f4	0047b553	fadd.s	f10,f15,f4	 f15:0xbf800000  f4:0x4e800000 f10=0x4e7fffff
     333195.000 ns	     33318	800070f8	a1dd1bd3	flt.s	x23,f26,f29	 f26:0x80000000 f29:0x7fc00000 x23=0x00000000
     333215.000 ns	     33320	800070fc	11e40893	addi	x17,x8,286	  x8:0x80040fe4 x17=0x80041102
     333235.000 ns	     33322	80007100	e00b1653	fclass.s	x12,f22	 f22:0x7fc00000 x12=0x00000200
     333265.000 ns	     33325	80007104	d0122053	fcvt.s.wu	f0,x4	  x4:0x00000000  f0=0x00000000
     333295.000 ns	     33328	80007108	20099e53	fsgnjn.s	f28,f19,f0	 f19:0x00000000  f0:0x4f4d5def f28=0x80000000
     333325.000 ns	     33331	8000710c	c01b35d3	fcvt.wu.s	x11,f22	 f22:0x7fc00000 x11=0xffffffff
     333355.000 ns	     33334	80007110	03d53b33	mulhu	x22,x10,x29	 x10:0x00000000 x29:0x00441024 x22=0x00000000
     333375.000 ns	     33336	80007114	0153a333	slt	x6,x7,x21	  x7:0xfffffe55 x21:0xafe80fdc  x6=0x00000000
     333385.000 ns	     33337	80007118	41a9d233	sra	x4,x19,x26	 x19:0xfffff8e0 x26:0x00000000  x4=0xfffff8e0
     333395.000 ns	     33338	8000711c	f84b4613	xori	x12,x22,-124	 x22:0x00000000 x12=0xffffff84
     333415.000 ns	     33340	80007120	f00203d3	fmv.w.x	f7,x4	  x4:0x00000000  f7=0xfffff8e0
     333435.000 ns	     33342	80007124	4058d613	srai	x12,x17,0x5	 x17:0x80041102 x12=0xfc002088
     333445.000 ns	     33343	80007128	400ad913	srai	x18,x21,0x0	 x21:0xafe80fdc x18=0xafe80fdc
     333465.000 ns	     33345	8000712c	d0187a53	fcvt.s.wu	f20,x16	 x16:0x00000000 f20=0x00000000
     333495.000 ns	     33348	80007130	29b316d3	fmax.s	f13,f6,f27	  f6:0x7fc00000 f27:0x3f800000 f13=0x3f800000
     333525.000 ns	     33351	80007134	20638bd3	fsgnj.s	f23,f7,f6	  f7:0xfffff8e0  f6:0x7fc00000 f23=0x7ffff8e0
     333555.000 ns	     33354	80007138	c009c053	fcvt.w.s	x0,f19	 f19:0x00000000
     333575.000 ns	     33356	8000713c	bb67ed37	lui	x26,0xbb67e	 x26=0xbb67e000
     333585.000 ns	     33357	80007140	49104313	xori	x6,x0,1169	  x0:0x00000000  x6=0x00000491
     333595.000 ns	     33358	80007144	77084593	xori	x11,x16,1904	 x16:0x00000000 x11=0x00000770
     333615.000 ns	     33360	80007148	213a02d3	fsgnj.s	f5,f20,f19	 f20:0x00000000 f19:0x00000000  f5=0x00000000
     333635.000 ns	     33362	8000714c	00d4cc33	xor	x24,x9,x13	  x9:0x00000000 x13:0x00000001 x24=0x00000001
     333645.000 ns	     33363	80007150	40285913	srai	x18,x16,0x2	 x16:0x00000000 x18=0x00000000
     333655.000 ns	     33364	80007154	21da2613	slti	x12,x20,541	 x20:0x80041024 x12=0x00000001
     333675.000 ns	     33366	80007158	0205ab33	mulhsu	x22,x11,x0	 x11:0x00000770  x0:0x00000000 x22=0x00000000
     333695.000 ns	     33368	8000715c	41900e33	sub	x28,x0,x25	  x0:0x00000000 x25:0x00000040 x28=0xffffffc0
     333715.000 ns	     33370	80007160	f0060bd3	fmv.w.x	f23,x12	 x12:0x00000001 f23=0x00000001
     333745.000 ns	     33373	80007164	02198eb3	mul	x29,x19,x1	 x19:0xfffff8e0  x1:0x80000000 x29=0x00000000
     333765.000 ns	     33375	80007168	e8244d93	xori	x27,x8,-382	  x8:0x80040fe4 x27=0x7ffbf166
     333775.000 ns	     33376	8000716c	01896333	or	x6,x18,x24	 x18:0x00000000 x24:0x00000001  x6=0x00000001
     333785.000 ns	     33377	80007170	01b50533	add	x10,x10,x27	 x10:0x00000000 x27:0x7fc00000 x10=0x7ffbf166
     333795.000 ns	     33378	80007174	0002bd33	sltu	x26,x5,x0	  x5:0x00000000  x0:0x00000000 x26=0x00000000
     333805.000 ns	     33379	80007178	106bbe93	sltiu	x29,x23,262	 x23:0x00000000 x29=0x00000001
     333815.000 ns	     33380	8000717c	41a8df13	srai	x30,x17,0x1a	 x17:0x80041102 x30=0xffffffe0
     333825.000 ns	     33381	80007180	018be4b3	or	x9,x23,x24	 x23:0x00000000 x24:0x00000001  x9=0x00000001
     333835.000 ns	     33382	80007184	40da8633	sub	x12,x21,x13	 x21:0xafe80fdc x13:0x00000001 x12=0xafe80fdb
     333855.000 ns	     33384	80007188	21661dd3	fsgnjn.s	f27,f12,f22	 f12:0x7fc00000 f22:0x7fc00000 f27=0xffc00000
     333875.000 ns	     33386	8000718c	a2e6e7b7	lui	x15,0xa2e6e	 x15=0xa2e6e000
     333885.000 ns	     33387	80007190	402a5393	srai	x7,x20,0x2	 x20:0x80041024  x7=0xe0010409
     333895.000 ns	     33388	80007194	417d5a93	srai	x21,x26,0x17	 x26:0x00000000 x21=0x00000000
     333905.000 ns	     33389	80007198	00000013	addi	x0,x0,0	  x0:0x00000000
     333925.000 ns	     33391	8000719c	a1a41bd3	flt.s	x23,f8,f26	  f8:0x44b66000 f26:0x80000000 x23=0x00000000
     333965.000 ns	     33395	800071a0	11e806d3	fmul.s	f13,f16,f30	 f16:0x44b66000 f30:0x00000000 f13=0x00000000
     333985.000 ns	     33397	800071a4	002fff33	and	x30,x31,x2	 x31:0x20c9a190  x2:0x00000001 x30=0x00000000
     333995.000 ns	     33398	800071a8	3215c817	auipc	x16,0x3215c	 x16=0xb21631a8
     334015.000 ns	     33400	800071ac	20dba0d3	fsgnjx.s	f1,f23,f13	 f23:0x00000001 f13:0x00000000  f1=0x00000001
     334035.000 ns	     33402	800071b0	00f7ce33	xor	x28,x15,x15	 x15:0xa2e6e000 x15:0xa2e6e000 x28=0x00000000
     334055.000 ns	     33404	800071b4	03012d33	mulhsu	x26,x2,x16	  x2:0x00000001 x16:0xb21631a8 x26=0x00000000
     334075.000 ns	     33406	800071b8	40936313	ori	x6,x6,1033	  x6:0x00000001  x6=0x00000409
     334435.000 ns	     33442	800071bc	02a4cf33	div	x30,x9,x10	  x9:0x00000001 x10:0x7ffbf166 x30=0x00000000
     334455.000 ns	     33444	800071c0	00a14c33	xor	x24,x2,x10	  x2:0x00000001 x10:0x7ffbf166 x24=0x7ffbf167
     334465.000 ns	     33445	800071c4	15e7b993	sltiu	x19,x15,350	 x15:0xa2e6e000 x19=0x00000000
     334475.000 ns	     33446	800071c8	e3f394b7	lui	x9,0xe3f39	  x9=0xe3f39000
     334495.000 ns	     33448	800071cc	027537b3	mulhu	x15,x10,x7	 x10:0x7ffbf166  x7:0xe0010409 x15=0x6ffcf539
     334515.000 ns	     33450	800071d0	01ce8fb3	add	x31,x29,x28	 x29:0x00000001 x28:0x00000000 x31=0x00000001
     334555.000 ns	     33454	800071d4	09168dd3	fsub.s	f27,f13,f17	 f13:0x00000000 f17:0xbf800000 f27=0x3f800000
     334585.000 ns	     33457	800071d8	29bc01d3	fmin.s	f3,f24,f27	 f24:0x00000000 f27:0xffc00000  f3=0x00000000
     334605.000 ns	     33459	800071dc	00000013	addi	x0,x0,0	  x0:0x00000000
     334615.000 ns	     33460	800071e0	01f993b3	sll	x7,x19,x31	 x19:0x00000000 x31:0x00000001  x7=0x00000000
     334635.000 ns	     33462	800071e4	a00898d3	flt.s	x17,f17,f0	 f17:0xbf800000  f0:0x00000000 x17=0x00000001
     335005.000 ns	     33499	800071e8	02a341b3	div	x3,x6,x10	  x6:0x00000409 x10:0x7ffbf166  x3=0x00000000
     335025.000 ns	     33501	800071ec	013436b3	sltu	x13,x8,x19	  x8:0x80040fe4 x19:0x00000000 x13=0x00000000
     335045.000 ns	     33503	800071f0	29751753	fmax.s	f14,f10,f23	 f10:0x4e7fffff f23:0x00000001 f14=0x4e7fffff
     336225.000 ns	     33621	800071f4	580bf4d3	fsqrt.s	f9,f23	 f23:0x00000001  f9=0x1f350483
     336255.000 ns	     33624	800071f8	0239e3b3	rem	x7,x19,x3	 x19:0x00000000  x3:0x00000000  x7=0x00000000
     336275.000 ns	     33626	800071fc	01e7b5b3	sltu	x11,x15,x30	 x15:0x6ffcf539 x30:0x00000000 x11=0x00000000
     336285.000 ns	     33627	80007200	0105d793	srli	x15,x11,0x10	 x11:0x00000770 x15=0x00000000
     336295.000 ns	     33628	80007204	e4acbb13	sltiu	x22,x25,-438	 x25:0x00000040 x22=0x00000001
     336305.000 ns	     33629	80007208	01772833	slt	x16,x14,x23	 x14:0x00000000 x23:0x00000000 x16=0x00000000
     336325.000 ns	     33631	8000720c	02f684b3	mul	x9,x13,x15	 x13:0x00000000 x15:0x00000000  x9=0x00000000
     336695.000 ns	     33668	80007210	021fd233	divu	x4,x31,x1	 x31:0x00000001  x1:0x80000000  x4=0x00000000
     336715.000 ns	     33670	80007214	70a12193	slti	x3,x2,1802	  x2:0x00000001  x3=0x00000001
     336725.000 ns	     33671	80007218	a38b7f13	andi	x30,x22,-1480	 x22:0x00000001 x30=0x00000000
     336745.000 ns	     33673	8000721c	f00a0453	fmv.w.x	f8,x20	 x20:0x80041024  f8=0x80041024
     336795.000 ns	     33678	80007220	0127f653	fadd.s	f12,f15,f18	 f15:0xbf800000 f18:0x00000000 f12=0xbf800000
     336815.000 ns	     33680	80007224	0064dc13	srli	x24,x9,0x6	  x9:0x00000000 x24=0x00000000
     336825.000 ns	     33681	80007228	4126d193	srai	x3,x13,0x12	 x13:0x00000000  x3=0x00000000
     336835.000 ns	     33682	8000722c	01bcefb3	or	x31,x25,x27	 x25:0x00000040 x27:0x7ffbf166 x31=0x7ffbf166
     336855.000 ns	     33684	80007230	a1bd9d53	flt.s	x26,f27,f27	 f27:0x3f800000 f27:0x3f800000 x26=0x00000000
     336875.000 ns	     33686	80007234	b8144713	xori	x14,x8,-1151	  x8:0x80040fe4 x14=0x7ffbf465
     336915.000 ns	     33690	80007238	09908653	fsub.s	f12,f1,f25	  f1:0x00000001 f25:0x3f800000 f12=0xbf800000
     336935.000 ns	     33692	8000723c	00e57ab3	and	x21,x10,x14	 x10:0x7ffbf166 x14:0x00000000 x21=0x7ffbf064
     336955.000 ns	     33694	80007240	a07c84d3	fle.s	x9,f25,f7	 f25:0x3f800000  f7:0xfffff8e0  x9=0x00000000
     336985.000 ns	     33697	80007244	a06fadd3	feq.s	x27,f31,f6	 f31:0xc4b66000  f6:0x7fc00000 x27=0x00000000
     337005.000 ns	     33699	80007248	401bd4b3	sra	x9,x23,x1	 x23:0x00000000  x1:0x80000000  x9=0x00000000
     337025.000 ns	     33701	8000724c	03827d33	remu	x26,x4,x24	  x4:0x00000000 x24:0x00000000 x26=0x00000000
     337045.000 ns	     33703	80007250	3afbce93	xori	x29,x23,943	 x23:0x00000000 x29=0x000003af
     337055.000 ns	     33704	80007254	0547b113	sltiu	x2,x15,84	 x15:0x00000000  x2=0x00000001
     337085.000 ns	     33707	80007258	1069c353	fmul.s	f6,f19,f6	 f19:0x00000000  f6:0x7fc00000  f6=0x7fc00000
     337115.000 ns	     33710	8000725c	03abdf33	divu	x30,x23,x26	 x23:0x00000000 x26:0x00000000 x30=0xffffffff
     337145.000 ns	     33713	80007260	d018bcd3	fcvt.s.wu	f25,x17	 x17:0x00000001 f25=0x3f800000
     337185.000 ns	     33717	80007264	19687053	fdiv.s	f0,f16,f22	 f16:0x44b66000 f22:0x7fc00000  f0=0x7fc00000
     337205.000 ns	     33719	80007268	00457cb3	and	x25,x10,x4	 x10:0x7ffbf166  x4:0x00000000 x25=0x00000000
     337215.000 ns	     33720	8000726c	410e5533	sra	x10,x28,x16	 x28:0x00000000 x16:0x00000000 x10=0x00000000
     337235.000 ns	     33722	80007270	c01ffdd3	fcvt.wu.s	x27,f31	 f31:0xc4b66000 x27=0x000005b3
     337265.000 ns	     33725	80007274	a01b2fd3	feq.s	x31,f22,f1	 f22:0x7fc00000  f1:0x00000001 x31=0x00000000
     337295.000 ns	     33728	80007278	c003fdd3	fcvt.w.s	x27,f7	  f7:0xfffff8e0 x27=0x7fffffff
     337325.000 ns	     33731	8000727c	02724d33	div	x26,x4,x7	  x4:0x00000000  x7:0x00000000 x26=0xffffffff
     337355.000 ns	     33734	80007280	2172a8d3	fsgnjx.s	f17,f5,f23	  f5:0x00000000 f23:0x00000001 f17=0x00000000
     337375.000 ns	     33736	80007284	00000013	addi	x0,x0,0	  x0:0x00000000
     337385.000 ns	     33737	80007288	7c88a993	slti	x19,x17,1992	 x17:0x00000001 x19=0x00000001
     337395.000 ns	     33738	8000728c	00299613	slli	x12,x19,0x2	 x19:0x00000000 x12=0x00000004
     337405.000 ns	     33739	80007290	01494fb3	xor	x31,x18,x20	 x18:0x00000000 x20:0x80041024 x31=0x80041024
     337425.000 ns	     33741	80007294	02dc72b3	remu	x5,x24,x13	 x24:0x00000000 x13:0x00000000  x5=0x00000000
     337455.000 ns	     33744	80007298	20f015d3	fsgnjn.s	f11,f0,f15	  f0:0x7fc00000 f15:0xbf800000 f11=0x7fc00000
     337475.000 ns	     33746	8000729c	b12e7693	andi	x13,x28,-1262	 x28:0x00000000 x13=0x00000000
     337485.000 ns	     33747	800072a0	2955e3b7	lui	x7,0x2955e	  x7=0x2955e000
     337505.000 ns	     33749	800072a4	a0061cd3	flt.s	x25,f12,f0	 f12:0xbf800000  f0:0x7fc00000 x25=0x00000000
     337535.000 ns	     33752	800072a8	d01eac53	fcvt.s.wu	f24,x29	 x29:0x000003af f24=0x446bc000
     337565.000 ns	     33755	800072ac	202d9853	fsgnjn.s	f16,f27,f2	 f27:0x3f800000  f2:0x3f800000 f16=0xbf800000
     337595.000 ns	     33758	800072b0	e0071bd3	fclass.s	x23,f14	 f14:0x4e7fffff x23=0x00000040
     337625.000 ns	     33761	800072b4	f00b8953	fmv.w.x	f18,x23	 x23:0x00000000 f18=0x00000040
     337645.000 ns	     33763	800072b8	41858333	sub	x6,x11,x24	 x11:0x00000000 x24:0x00000000  x6=0x00000000
     337655.000 ns	     33764	800072bc	b5fb7813	andi	x16,x22,-1185	 x22:0x00000001 x16=0x00000001
     337665.000 ns	     33765	800072c0	5cca6613	ori	x12,x20,1484	 x20:0x80041024 x12=0x800415ec
     337695.000 ns	     33768	800072c4	5803ff53	fsqrt.s	f30,f7	  f7:0xfffff8e0 f30=0x7fc00000
     337715.000 ns	     33770	800072c8	6a7f4217	auipc	x4,0x6a7f4	  x4=0xea7fb2c8
     337735.000 ns	     33772	800072cc	f00608d3	fmv.w.x	f17,x12	 x12:0x800415ec f17=0x800415ec
     337755.000 ns	     33774	800072d0	01829233	sll	x4,x5,x24	  x5:0x00000000 x24:0x00000000  x4=0x00000000
     337775.000 ns	     33776	800072d4	025da333	mulhsu	x6,x27,x5	 x27:0x7fffffff  x5:0x00000000  x6=0x00000000
     337795.000 ns	     33778	800072d8	01b80033	add	x0,x16,x27	 x16:0x00000001 x27:0x7fffffff
     337815.000 ns	     33780	800072dc	d01db8d3	fcvt.s.wu	f17,x27	 x27:0x7fffffff f17=0x4f000000
     338185.000 ns	     33817	800072e0	028efcb3	remu	x25,x29,x8	 x29:0x000003af  x8:0x80040fe4 x25=0x000003af
     338205.000 ns	     33819	800072e4	01839393	slli	x7,x7,0x18	  x7:0x2955e000  x7=0x00000000
     338215.000 ns	     33820	800072e8	01651e93	slli	x29,x10,0x16	 x10:0x00000000 x29=0x00000000
     338225.000 ns	     33821	800072ec	40040b33	sub	x22,x8,x0	  x8:0x80040fe4  x0:0x00000000 x22=0x80040fe4
     338235.000 ns	     33822	800072f0	e4c3ec13	ori	x24,x7,-436	  x7:0x00000000 x24=0xfffffe4c
     339405.000 ns	     33939	800072f4	580115d3	fsqrt.s	f11,f2	  f2:0x3f800000 f11=0x3f7fffae
     339435.000 ns	     33942	800072f8	02fbe6b3	rem	x13,x23,x15	 x23:0x00000040 x15:0x00000000 x13=0x00000040
     339465.000 ns	     33945	800072fc	c0064e53	fcvt.w.s	x28,f12	 f12:0xbf800000 x28=0xffffffff
     339485.000 ns	     33947	80007300	f3552213	slti	x4,x10,-203	 x10:0x00000000  x4=0x00000000
     339495.000 ns	     33948	80007304	00753f33	sltu	x30,x10,x7	 x10:0x00000000  x7:0x00000000 x30=0x00000000
     339515.000 ns	     33950	80007308	e00f9653	fclass.s	x12,f31	 f31:0xc4b66000 x12=0x00000002
     339535.000 ns	     33952	8000730c	6f2df393	andi	x7,x27,1778	 x27:0x7fffffff  x7=0x000006f2
     339545.000 ns	     33953	80007310	41dad733	sra	x14,x21,x29	 x21:0x7ffbf064 x29:0x00000000 x14=0x7ffbf064
     339565.000 ns	     33955	80007314	21281053	fsgnjn.s	f0,f16,f18	 f16:0xbf800000 f18:0x00000040  f0=0xbf800000
     339615.000 ns	     33960	80007318	00bd05d3	fadd.s	f11,f26,f11	 f26:0x80000000 f11:0x3f7fffae f11=0x3f7fffae
     340795.000 ns	     34078	8000731c	58077b53	fsqrt.s	f22,f14	 f14:0x4e7fffff f22=0x46b50461
     340815.000 ns	     34080	80007320	00fcd4b3	srl	x9,x25,x15	 x25:0x000003af x15:0x00000000  x9=0x000003af
     340825.000 ns	     34081	80007324	8263e393	ori	x7,x7,-2010	  x7:0x000006f2  x7=0xfffffef6
     340845.000 ns	     34083	80007328	03670cb3	mul	x25,x14,x22	 x14:0x7ffbf064 x22:0x80040fe4 x25=0x8107f510
     340865.000 ns	     34085	8000732c	40315613	srai	x12,x2,0x3	  x2:0x00000001 x12=0x00000000
     340885.000 ns	     34087	80007330	e00094d3	fclass.s	x9,f1	  f1:0x00000001  x9=0x00000020
     340915.000 ns	     34090	80007334	03399e33	mulh	x28,x19,x19	 x19:0x00000001 x19:0x00000001 x28=0x00000000
     340935.000 ns	     34092	80007338	0139d3b3	srl	x7,x19,x19	 x19:0x00000001 x19:0x00000001  x7=0x00000000
     340945.000 ns	     34093	8000733c	5d266e93	ori	x29,x12,1490	 x12:0x00000000 x29=0x000005d2
     340965.000 ns	     34095	80007340	c00e0bd3	fcvt.w.s	x23,f28	 f28:0x80000000 x23=0x00000000
     340995.000 ns	     34098	80007344	c0031253	fcvt.w.s	x4,f6	  f6:0x7fc00000  x4=0x7fffffff
     341025.000 ns	     34101	80007348	f0040c53	fmv.w.x	f24,x8	  x8:0x80040fe4 f24=0x80040fe4
     341055.000 ns	     34104	8000734c	d01bff53	fcvt.s.wu	f30,x23	 x23:0x00000000 f30=0x00000000
     341075.000 ns	     34106	80007350	a7ed2f93	slti	x31,x26,-1410	 x26:0xffffffff x31=0x00000000
     341085.000 ns	     34107	80007354	a62dc137	lui	x2,0xa62dc	  x2=0xa62dc000
     341095.000 ns	     34108	80007358	01bf1a93	slli	x21,x30,0x1b	 x30:0x00000000 x21=0x00000000
     341115.000 ns	     34110	8000735c	e00482d3	fmv.x.w	x5,f9	  f9:0x1f350483  x5=0x1f350483
     341135.000 ns	     34112	80007360	405cd393	srai	x7,x25,0x5	 x25:0x8107f510  x7=0xfc083fa8
     341155.000 ns	     34114	80007364	02ac94b3	mulh	x9,x25,x10	 x25:0x8107f510 x10:0x00000000  x9=0x00000000
     341175.000 ns	     34116	80007368	002658b3	srl	x17,x12,x2	 x12:0x00000000  x2:0xa62dc000 x17=0x00000000
     341185.000 ns	     34117	8000736c	01188db3	add	x27,x17,x17	 x17:0x00000001 x17:0x00000001 x27=0x00000000
     341205.000 ns	     34119	80007370	21008f53	fsgnj.s	f30,f1,f16	  f1:0x00000001 f16:0xbf800000 f30=0x80000001
     341235.000 ns	     34122	80007374	c00ea253	fcvt.w.s	x4,f29	 f29:0x7fc00000  x4=0x7fffffff
     341255.000 ns	     34124	80007378	5c63b737	lui	x14,0x5c63b	 x14=0x5c63b000
     341275.000 ns	     34126	8000737c	0348aeb3	mulhsu	x29,x17,x20	 x17:0x00000000 x20:0x80041024 x29=0x00000000
     341295.000 ns	     34128	80007380	01870fb3	add	x31,x14,x24	 x14:0x7ffbf064 x24:0xfffffe4c x31=0x5c63ae4c
     341315.000 ns	     34130	80007384	03660f33	mul	x30,x12,x22	 x12:0x00000000 x22:0x80040fe4 x30=0x00000000
     341345.000 ns	     34133	80007388	03260333	mul	x6,x12,x18	 x12:0x00000000 x18:0x00000000  x6=0x00000000
     341365.000 ns	     34135	8000738c	01eefb33	and	x22,x29,x30	 x29:0x00000000 x30:0x00000000 x22=0x00000000
     341375.000 ns	     34136	80007390	52226c13	ori	x24,x4,1314	  x4:0x7fffffff x24=0x7fffffff
     341385.000 ns	     34137	80007394	69780f93	addi	x31,x16,1687	 x16:0x00000001 x31=0x00000698
     341395.000 ns	     34138	80007398	c38d7813	andi	x16,x26,-968	 x26:0xffffffff x16=0xfffffc38
     341405.000 ns	     34139	8000739c	00509593	slli	x11,x1,0x5	  x1:0x80000000 x11=0x00000000
     341415.000 ns	     34140	800073a0	00c99d33	sll	x26,x19,x12	 x19:0x00000001 x12:0x00000000 x26=0x00000001
     341425.000 ns	     34141	800073a4	417cd713	srai	x14,x25,0x17	 x25:0x8107f510 x14=0xffffff02
     341435.000 ns	     34142	800073a8	01a09593	slli	x11,x1,0x1a	  x1:0x80000000 x11=0x00000000
     341445.000 ns	     34143	800073ac	aedb6f13	ori	x30,x22,-1299	 x22:0x00000000 x30=0xfffffaed
     341455.000 ns	     34144	800073b0	acb87b13	andi	x22,x16,-1333	 x16:0xfffffc38 x22=0xfffff808
     341475.000 ns	     34146	800073b4	a0a31bd3	flt.s	x23,f6,f10	  f6:0x7fc00000 f10:0x4e7fffff x23=0x00000000
     341845.000 ns	     34183	800073b8	036e7933	remu	x18,x28,x22	 x28:0x00000000 x22:0x00000000 x18=0x00000000
     341875.000 ns	     34186	800073bc	20ab2dd3	fsgnjx.s	f27,f22,f10	 f22:0x46b50461 f10:0x4e7fffff f27=0x46b50461
     341905.000 ns	     34189	800073c0	03d539b3	mulhu	x19,x10,x29	 x10:0x00000000 x29:0x00000000 x19=0x00000000
     341935.000 ns	     34192	800073c4	02a2d633	divu	x12,x5,x10	  x5:0x1f350483 x10:0x00000000 x12=0xffffffff
     341965.000 ns	     34195	800073c8	d007b953	fcvt.s.w	f18,x15	 x15:0x00000000 f18=0x00000000
     341985.000 ns	     34197	800073cc	00b5e9b3	or	x19,x11,x11	 x11:0x00000000 x11:0x00000000 x19=0x00000000
     342005.000 ns	     34199	800073d0	a1a00fd3	fle.s	x31,f0,f26	  f0:0xbf800000 f26:0x80000000 x31=0x00000001
     342035.000 ns	     34202	800073d4	022f16b3	mulh	x13,x30,x2	 x30:0xfffffaed  x2:0xa62dc000 x13=0x000001c7
     342055.000 ns	     34204	800073d8	00af8d33	add	x26,x31,x10	 x31:0x00000001 x10:0x00000000 x26=0x00000001
     342075.000 ns	     34206	800073dc	f00d8553	fmv.w.x	f10,x27	 x27:0x00000000 f10=0x00000000
     342095.000 ns	     34208	800073e0	aa723393	sltiu	x7,x4,-1369	  x4:0x7fffffff  x7=0x00000001
     342125.000 ns	     34211	800073e4	10d9f153	fmul.s	f2,f19,f13	 f19:0x00000000 f13:0x00000000  f2=0x00000000
     342165.000 ns	     34215	800073e8	192d71d3	fdiv.s	f3,f26,f18	 f26:0x80000000 f18:0x00000000  f3=0x7fc00000
     342535.000 ns	     34252	800073ec	034f7533	remu	x10,x30,x20	 x30:0xfffffaed x20:0x80041024 x10=0x7ffbeac9
     342565.000 ns	     34255	800073f0	a0ac1dd3	flt.s	x27,f24,f10	 f24:0x80040fe4 f10:0x00000000 x27=0x00000001
     342595.000 ns	     34258	800073f4	03353f33	mulhu	x30,x10,x19	 x10:0x7ffbeac9 x19:0x00000000 x30=0x00000000
     342625.000 ns	     34261	800073f8	0213bb33	mulhu	x22,x7,x1	  x7:0x00000001  x1:0x80000000 x22=0x00000000
     342645.000 ns	     34263	800073fc	413d56b3	sra	x13,x26,x19	 x26:0x00000001 x19:0x00000000 x13=0x00000001
     342655.000 ns	     34264	80007400	00779713	slli	x14,x15,0x7	 x15:0x00000000 x14=0x00000000
     342675.000 ns	     34266	80007404	02a882b3	mul	x5,x17,x10	 x17:0x00000000 x10:0x7ffbeac9  x5=0x00000000
     342705.000 ns	     34269	80007408	f0010653	fmv.w.x	f12,x2	  x2:0xa62dc000 f12=0xa62dc000
     342745.000 ns	     34273	8000740c	58064753	fsqrt.s	f14,f12	 f12:0xbf800000 f14=0x7fc00000
     342765.000 ns	     34275	80007410	409a5593	srai	x11,x20,0x9	 x20:0x80041024 x11=0xffc00208
     343125.000 ns	     34311	80007414	0287f2b3	remu	x5,x15,x8	 x15:0x00000000  x8:0x80040fe4  x5=0x00000000
     343145.000 ns	     34313	80007418	00000013	addi	x0,x0,0	  x0:0x00000000
     343155.000 ns	     34314	8000741c	006f1993	slli	x19,x30,0x6	 x30:0x00000000 x19=0x00000000
     343165.000 ns	     34315	80007420	01de24b3	slt	x9,x28,x29	 x28:0x00000000 x29:0x00000000  x9=0x00000000
     343185.000 ns	     34317	80007424	a1b81f53	flt.s	x30,f16,f27	 f16:0xbf800000 f27:0x46b50461 x30=0x00000001
     343215.000 ns	     34320	80007428	20d181d3	fsgnj.s	f3,f3,f13	  f3:0x7fc00000 f13:0x00000000  f3=0x7fc00000
     343235.000 ns	     34322	8000742c	88e92f13	slti	x30,x18,-1906	 x18:0x00000000 x30=0x00000000
     343245.000 ns	     34323	80007430	01a1e533	or	x10,x3,x26	  x3:0x00000000 x26:0x00000001 x10=0x00000001
     343255.000 ns	     34324	80007434	01c3edb3	or	x27,x7,x28	  x7:0x00000001 x28:0x00000000 x27=0x00000001
     343265.000 ns	     34325	80007438	bd5c0e13	addi	x28,x24,-1067	 x24:0x7fffffff x28=0x7ffffbd4
     343625.000 ns	     34361	8000743c	03bb72b3	remu	x5,x22,x27	 x22:0x00000000 x27:0x00000001  x5=0x00000000
     343645.000 ns	     34363	80007440	01e19c33	sll	x24,x3,x30	  x3:0x00000000 x30:0x00000000 x24=0x00000000
     343665.000 ns	     34365	80007444	28809453	fmax.s	f8,f1,f8	  f1:0x00000001  f8:0x80041024  f8=0x00000001
     343685.000 ns	     34367	80007448	e7898313	addi	x6,x19,-392	 x19:0x00000000  x6=0xfffffe78
     343705.000 ns	     34369	8000744c	d00e0b53	fcvt.s.w	f22,x28	 x28:0x7ffffbd4 f22=0x4efffff7
     344045.000 ns	     34403	80007450	190df9d3	fdiv.s	f19,f27,f16	 f27:0x46b50461 f16:0xbf800000 f19=0xc63b32ae
     344415.000 ns	     34440	80007454	0394c933	div	x18,x9,x25	  x9:0x00000000 x25:0x8107f510 x18=0x00000000
     344785.000 ns	     34477	80007458	0394c633	div	x12,x9,x25	  x9:0x00000000 x25:0x8107f510 x12=0x00000000
     344805.000 ns	     34479	8000745c	01eac233	xor	x4,x21,x30	 x21:0x00000000 x30:0x00000000  x4=0x00000000
     344825.000 ns	     34481	80007460	f0028f53	fmv.w.x	f30,x5	  x5:0x00000000 f30=0x00000000
     344845.000 ns	     34483	80007464	012c93b3	sll	x7,x25,x18	 x25:0x8107f510 x18:0x00000000  x7=0x8107f510
     344865.000 ns	     34485	80007468	02fd5f33	divu	x30,x26,x15	 x26:0x00000001 x15:0x00000000 x30=0xffffffff
     344895.000 ns	     34488	8000746c	028cbeb3	mulhu	x29,x25,x8	 x25:0x8107f510  x8:0x80040fe4 x29=0x408606aa
     344915.000 ns	     34490	80007470	40a5d013	srai	x0,x11,0xa	 x11:0xffc00208
     344925.000 ns	     34491	80007474	82e8a013	slti	x0,x17,-2002	 x17:0x00000000
     344935.000 ns	     34492	80007478	40e604b3	sub	x9,x12,x14	 x12:0x00000000 x14:0x00000000  x9=0x00000000
     344955.000 ns	     34494	8000747c	03053633	mulhu	x12,x10,x16	 x10:0x00000001 x16:0xfffffc38 x12=0x00000000
     344975.000 ns	     34496	80007480	c7f48d13	addi	x26,x9,-897	  x9:0x00000000 x26=0xfffffc7f
     344995.000 ns	     34498	80007484	21a49453	fsgnjn.s	f8,f9,f26	  f9:0x1f350483 f26:0x80000000  f8=0x1f350483
     345035.000 ns	     34502	80007488	11140c53	fmul.s	f24,f8,f17	  f8:0x00000001 f17:0x4f000000 f24=0x2eb50484
     345065.000 ns	     34505	8000748c	0321f233	remu	x4,x3,x18	  x3:0x00000000 x18:0x00000000  x4=0x00000000
     345095.000 ns	     34508	80007490	285e1253	fmax.s	f4,f28,f5	 f28:0x80000000  f5:0x00000000  f4=0x00000000
     345125.000 ns	     34511	80007494	20862ad3	fsgnjx.s	f21,f12,f8	 f12:0xa62dc000  f8:0x1f350483 f21=0xa62dc000
     345155.000 ns	     34514	80007498	28ef86d3	fmin.s	f13,f31,f14	 f31:0xc4b66000 f14:0x7fc00000 f13=0xc4b66000
     345525.000 ns	     34551	8000749c	0217ceb3	div	x29,x15,x1	 x15:0x00000000  x1:0x80000000 x29=0x00000000
     345545.000 ns	     34553	800074a0	01a0f9b3	and	x19,x1,x26	  x1:0x80000000 x26:0xfffffc7f x19=0x80000000
     345585.000 ns	     34557	800074a4	09077453	fsub.s	f8,f14,f16	 f14:0x7fc00000 f16:0xbf800000  f8=0x7fc00000
     345605.000 ns	     34559	800074a8	416509b3	sub	x19,x10,x22	 x10:0x00000001 x22:0x00000000 x19=0x00000001
     345625.000 ns	     34561	800074ac	282e9153	fmax.s	f2,f29,f2	 f29:0x7fc00000  f2:0x00000000  f2=0x00000000
     345645.000 ns	     34563	800074b0	009a1313	slli	x6,x20,0x9	 x20:0x80041024  x6=0x08204800
     345655.000 ns	     34564	800074b4	403405b3	sub	x11,x8,x3	  x8:0x80040fe4  x3:0x00000000 x11=0x80040fe4
     345675.000 ns	     34566	800074b8	02e8d333	divu	x6,x17,x14	 x17:0x00000000 x14:0x00000000  x6=0xffffffff
     345715.000 ns	     34570	800074bc	19840f53	fdiv.s	f30,f8,f24	  f8:0x7fc00000 f24:0x2eb50484 f30=0x7fc00000
     345745.000 ns	     34573	800074c0	e00d92d3	fclass.s	x5,f27	 f27:0x46b50461  x5=0x00000040
     345775.000 ns	     34576	800074c4	c016f4d3	fcvt.wu.s	x9,f13	 f13:0xc4b66000  x9=0x000005b3
     345805.000 ns	     34579	800074c8	d0022853	fcvt.s.w	f16,x4	  x4:0x00000000 f16=0x00000000
     345825.000 ns	     34581	800074cc	01359d93	slli	x27,x11,0x13	 x11:0x80040fe4 x27=0x7f200000
     345845.000 ns	     34583	800074d0	a1e32fd3	feq.s	x31,f6,f30	  f6:0x7fc00000 f30:0x7fc00000 x31=0x00000000
     345865.000 ns	     34585	800074d4	5da23137	lui	x2,0x5da23	  x2=0x5da23000
     345875.000 ns	     34586	800074d8	00bd36b3	sltu	x13,x26,x11	 x26:0xfffffc7f x11:0x80040fe4 x13=0x00000000
     345885.000 ns	     34587	800074dc	7e6c3693	sltiu	x13,x24,2022	 x24:0x00000000 x13=0x00000001
     345895.000 ns	     34588	800074e0	41e25193	srai	x3,x4,0x1e	  x4:0x00000000  x3=0x00000000
     345905.000 ns	     34589	800074e4	00197033	and	x0,x18,x1	 x18:0x00000000  x1:0x80000000
     345915.000 ns	     34590	800074e8	01c07b33	and	x22,x0,x28	  x0:0x00000000 x28:0x7ffffbd4 x22=0x00000000
     345925.000 ns	     34591	800074ec	007d2fb3	slt	x31,x26,x7	 x26:0xfffffc7f  x7:0x8107f510 x31=0x00000000
     345945.000 ns	     34593	800074f0	207b8fd3	fsgnj.s	f31,f23,f7	 f23:0x00000001  f7:0xfffff8e0 f31=0x80000001
     345995.000 ns	     34598	800074f4	08d3c153	fsub.s	f2,f7,f13	  f7:0xfffff8e0 f13:0xc4b66000  f2=0x7fc00000
     346015.000 ns	     34600	800074f8	7bafc513	xori	x10,x31,1978	 x31:0x00000000 x10=0x000007ba
     346025.000 ns	     34601	800074fc	b2f32593	slti	x11,x6,-1233	  x6:0xffffffff x11=0x00000000
     346045.000 ns	     34603	80007500	e00e95d3	fclass.s	x11,f29	 f29:0x7fc00000 x11=0x00000200
     346075.000 ns	     34606	80007504	02ba0eb3	mul	x29,x20,x11	 x20:0x80041024 x11:0x80040fe4 x29=0x08204800
     346095.000 ns	     34608	80007508	f8203597	auipc	x11,0xf8203	 x11=0x7820a508
     346115.000 ns	     34610	8000750c	29e486d3	fmin.s	f13,f9,f30	  f9:0x1f350483 f30:0x7fc00000 f13=0x1f350483
     346135.000 ns	     34612	80007510	013f4733	xor	x14,x30,x19	 x30:0xffffffff x19:0x00000001 x14=0xfffffffe
     346495.000 ns	     34648	80007514	039b5833	divu	x16,x22,x25	 x22:0x00000000 x25:0x8107f510 x16=0x00000000
     346525.000 ns	     34651	80007518	a1c41053	flt.s	x0,f8,f28	  f8:0x7fc00000 f28:0x80000000
     346545.000 ns	     34653	8000751c	411c5d33	sra	x26,x24,x17	 x24:0x00000000 x17:0x00000000 x26=0x00000000
     346565.000 ns	     34655	80007520	a05a1553	flt.s	x10,f20,f5	 f20:0x00000000  f5:0x00000000 x10=0x00000000
     346585.000 ns	     34657	80007524	d8df4693	xori	x13,x30,-627	 x30:0xffffffff x13=0x00000272
     346595.000 ns	     34658	80007528	014a86b3	add	x13,x21,x20	 x21:0x00000000 x20:0x80041024 x13=0x80041024
     346615.000 ns	     34660	8000752c	03d92d33	mulhsu	x26,x18,x29	 x18:0x00000000 x29:0x08204800 x26=0x00000000
     346635.000 ns	     34662	80007530	00d7df13	srli	x30,x15,0xd	 x15:0x00000000 x30=0x00000000
     346675.000 ns	     34666	80007534	09d62853	fsub.s	f16,f12,f29	 f12:0xa62dc000 f29:0x7fc00000 f16=0x7fc00000
     346715.000 ns	     34670	80007538	580730d3	fsqrt.s	f1,f14	 f14:0x7fc00000  f1=0x7fc00000
     346735.000 ns	     34672	8000753c	01750c33	add	x24,x10,x23	 x10:0x00000000 x23:0x00000000 x24=0x00000000
     346755.000 ns	     34674	80007540	f0018853	fmv.w.x	f16,x3	  x3:0x00000000 f16=0x00000000
     346785.000 ns	     34677	80007544	e0051253	fclass.s	x4,f10	 f10:0x00000000  x4=0x00000010
     346815.000 ns	     34680	80007548	027828b3	mulhsu	x17,x16,x7	 x16:0x00000000  x7:0x8107f510 x17=0x00000000
     346835.000 ns	     34682	8000754c	000e2733	slt	x14,x28,x0	 x28:0x7ffffbd4  x0:0x00000000 x14=0x00000000
     346845.000 ns	     34683	80007550	00d897b3	sll	x15,x17,x13	 x17:0x00000000 x13:0x80041024 x15=0x00000000
     346865.000 ns	     34685	80007554	e0001e53	fclass.s	x28,f0	  f0:0xbf800000 x28=0x00000002
     346885.000 ns	     34687	80007558	00000013	addi	x0,x0,0	  x0:0x00000000
     346895.000 ns	     34688	8000755c	e1d68993	addi	x19,x13,-483	 x13:0x80041024 x19=0x80040e41
     346915.000 ns	     34690	80007560	213fa7d3	fsgnjx.s	f15,f31,f19	 f31:0x80000001 f19:0xc63b32ae f15=0x00000001
     346945.000 ns	     34693	80007564	215006d3	fsgnj.s	f13,f0,f21	  f0:0xbf800000 f21:0xa62dc000 f13=0xbf800000
     346975.000 ns	     34696	80007568	0362ac33	mulhsu	x24,x5,x22	  x5:0x00000040 x22:0x00000000 x24=0x00000000
     346995.000 ns	     34698	8000756c	af84bc13	sltiu	x24,x9,-1288	  x9:0x000005b3 x24=0x00000001
     347015.000 ns	     34700	80007570	d01c9bd3	fcvt.s.wu	f23,x25	 x25:0x8107f510 f23=0x4f0107f5
     347035.000 ns	     34702	80007574	40315b13	srai	x22,x2,0x3	  x2:0x5da23000 x22=0x0bb44600
     347055.000 ns	     34704	80007578	0259b5b3	mulhu	x11,x19,x5	 x19:0x80040e41  x5:0x00000040 x11=0x00000020
     347075.000 ns	     34706	8000757c	006b5f13	srli	x30,x22,0x6	 x22:0x00000000 x30=0x002ed118
     347095.000 ns	     34708	80007580	c001f953	fcvt.w.s	x18,f3	  f3:0x7fc00000 x18=0x7fffffff
     347125.000 ns	     34711	80007584	03d4b633	mulhu	x12,x9,x29	  x9:0x000005b3 x29:0x08204800 x12=0x0000002e
     347155.000 ns	     34714	80007588	21161ed3	fsgnjn.s	f29,f12,f17	 f12:0xa62dc000 f17:0x4f000000 f29=0xa62dc000
     347185.000 ns	     34717	8000758c	a0322ed3	feq.s	x29,f4,f3	  f4:0x00000000  f3:0x7fc00000 x29=0x00000000
     347215.000 ns	     34720	80007590	294b0053	fmin.s	f0,f22,f20	 f22:0x4efffff7 f20:0x00000000  f0=0x00000000
     347235.000 ns	     34722	80007594	01948f33	add	x30,x9,x25	  x9:0x000005b3 x25:0x8107f510 x30=0x8107fac3
     347245.000 ns	     34723	80007598	00b00233	add	x4,x0,x11	  x0:0x00000000 x11:0x00000020  x4=0x00000020
     347605.000 ns	     34759	8000759c	02525333	divu	x6,x4,x5	  x4:0x00000010  x5:0x00000040  x6=0x00000000
     347635.000 ns	     34762	800075a0	a0082253	feq.s	x4,f16,f0	 f16:0x00000000  f0:0x00000000  x4=0x00000001
     347655.000 ns	     34764	800075a4	41038033	sub	x0,x7,x16	  x7:0x8107f510 x16:0x00000000
     347665.000 ns	     34765	800075a8	06e28813	addi	x16,x5,110	  x5:0x00000040 x16=0x000000ae
     347675.000 ns	     34766	800075ac	40d686b3	sub	x13,x13,x13	 x13:0x80041024 x13:0x80041024 x13=0x00000000
     348035.000 ns	     34802	800075b0	036152b3	divu	x5,x2,x22	  x2:0x5da23000 x22:0x0bb44600  x5=0x00000008
     348055.000 ns	     34804	800075b4	006a0233	add	x4,x20,x6	 x20:0x80041024  x6:0x00000000  x4=0x80041024
     348065.000 ns	     34805	800075b8	00139f33	sll	x30,x7,x1	  x7:0x8107f510  x1:0x80000000 x30=0x8107f510
     348075.000 ns	     34806	800075bc	3cd44593	xori	x11,x8,973	  x8:0x80040fe4 x11=0x80040c29
     348085.000 ns	     34807	800075c0	000e1ab3	sll	x21,x28,x0	 x28:0x00000002  x0:0x00000000 x21=0x00000002
     348105.000 ns	     34809	800075c4	e00398d3	fclass.s	x17,f7	  f7:0xfffff8e0 x17=0x00000200
     348135.000 ns	     34812	800075c8	037b7fb3	remu	x31,x22,x23	 x22:0x0bb44600 x23:0x00000000 x31=0x0bb44600
     348165.000 ns	     34815	800075cc	21210b53	fsgnj.s	f22,f2,f18	  f2:0x7fc00000 f18:0x00000000 f22=0x7fc00000
     349345.000 ns	     34933	800075d0	5805ab53	fsqrt.s	f22,f11	 f11:0x3f7fffae f22=0x3f35042a
     349375.000 ns	     34936	800075d4	d0091bd3	fcvt.s.w	f23,x18	 x18:0x7fffffff f23=0x4effffff
     349745.000 ns	     34973	800075d8	027952b3	divu	x5,x18,x7	 x18:0x7fffffff  x7:0x8107f510  x5=0x00000000
     349765.000 ns	     34975	800075dc	a52e7613	andi	x12,x28,-1454	 x28:0x00000002 x12=0x00000002
     349785.000 ns	     34977	800075e0	d009f953	fcvt.s.w	f18,x19	 x19:0x80040e41 f18=0xcefff7e3
     349805.000 ns	     34979	800075e4	001b9f33	sll	x30,x23,x1	 x23:0x00000000  x1:0x80000000 x30=0x00000000
     349815.000 ns	     34980	800075e8	00da36b3	sltu	x13,x20,x13	 x20:0x80041024 x13:0x00000000 x13=0x00000000
     349825.000 ns	     34981	800075ec	72652b93	slti	x23,x10,1830	 x10:0x00000000 x23=0x00000001
     349835.000 ns	     34982	800075f0	00d4adb3	slt	x27,x9,x13	  x9:0x000005b3 x13:0x00000000 x27=0x00000000
     349845.000 ns	     34983	800075f4	02b78793	addi	x15,x15,43	 x15:0x00000000 x15=0x0000002b
     349855.000 ns	     34984	800075f8	512a6397	auipc	x7,0x512a6	  x7=0xd12ad5f8
     349865.000 ns	     34985	800075fc	8fa27593	andi	x11,x4,-1798	  x4:0x80041024 x11=0x80041020
     349875.000 ns	     34986	80007600	01b02e33	slt	x28,x0,x27	  x0:0x00000000 x27:0x00000000 x28=0x00000000
     349895.000 ns	     34988	80007604	a1eb86d3	fle.s	x13,f23,f30	 f23:0x4effffff f30:0x7fc00000 x13=0x00000000
     349915.000 ns	     34990	80007608	01d379b3	and	x19,x6,x29	  x6:0x00000000 x29:0x00000000 x19=0x00000000
     350275.000 ns	     35026	8000760c	03916c33	rem	x24,x2,x25	  x2:0x5da23000 x25:0x8107f510 x24=0x5da23000
     350305.000 ns	     35029	80007610	29510cd3	fmin.s	f25,f2,f21	  f2:0x7fc00000 f21:0xa62dc000 f25=0xa62dc000
     350335.000 ns	     35032	80007614	208a82d3	fsgnj.s	f5,f21,f8	 f21:0xa62dc000  f8:0x7fc00000  f5=0x262dc000
     350355.000 ns	     35034	80007618	0146e8b3	or	x17,x13,x20	 x13:0x00000000 x20:0x80041024 x17=0x80041024
     350395.000 ns	     35038	8000761c	0085fbd3	fadd.s	f23,f11,f8	 f11:0x3f7fffae  f8:0x7fc00000 f23=0x7fc00000
     350765.000 ns	     35075	80007620	0313c5b3	div	x11,x7,x17	  x7:0xd12ad5f8 x17:0x00000200 x11=0x00000000
     350785.000 ns	     35077	80007624	00e2d4b3	srl	x9,x5,x14	  x5:0x00000000 x14:0x00000000  x9=0x00000000
     350795.000 ns	     35078	80007628	00000013	addi	x0,x0,0	  x0:0x00000000
     350815.000 ns	     35080	8000762c	e0020053	fmv.x.w	x0,f4	  f4:0x00000000
     350845.000 ns	     35083	80007630	f00c0a53	fmv.w.x	f20,x24	 x24:0x5da23000 f20=0x5da23000
     350865.000 ns	     35085	80007634	00000013	addi	x0,x0,0	  x0:0x00000000
     350875.000 ns	     35086	80007638	9acb6eb7	lui	x29,0x9acb6	 x29=0x9acb6000
     350885.000 ns	     35087	8000763c	87078493	addi	x9,x15,-1936	 x15:0x0000002b  x9=0xfffff89b
     350895.000 ns	     35088	80007640	1623fe13	andi	x28,x7,354	  x7:0xd12ad5f8 x28=0x00000160
     351255.000 ns	     35124	80007644	03cee733	rem	x14,x29,x28	 x29:0x9acb6000 x28:0x00000000 x14=0xfffffec0
     351275.000 ns	     35126	80007648	f8ea6113	ori	x2,x20,-114	 x20:0x80041024  x2=0xffffffae
     351605.000 ns	     35159	8000764c	192c7253	fdiv.s	f4,f24,f18	 f24:0x2eb50484 f18:0xcefff7e3  f4=0x9f350484
     351655.000 ns	     35164	80007650	0806a2d3	fsub.s	f5,f13,f0	 f13:0xbf800000  f0:0x00000000  f5=0xbf800000
     351685.000 ns	     35167	80007654	d01916d3	fcvt.s.wu	f13,x18	 x18:0x7fffffff f13=0x4effffff
     351715.000 ns	     35170	80007658	291f0f53	fmin.s	f30,f30,f17	 f30:0x7fc00000 f17:0x4f000000 f30=0x4f000000
     351755.000 ns	     35174	8000765c	1872fc53	fdiv.s	f24,f5,f7	  f5:0xbf800000  f7:0xfffff8e0 f24=0x7fc00000
     351785.000 ns	     35177	80007660	a1720b53	fle.s	x22,f4,f23	  f4:0x9f350484 f23:0x7fc00000 x22=0x00000000
     351815.000 ns	     35180	80007664	282a0b53	fmin.s	f22,f20,f2	 f20:0x5da23000  f2:0x7fc00000 f22=0x5da23000
     351845.000 ns	     35183	80007668	a1440d53	fle.s	x26,f8,f20	  f8:0x7fc00000 f20:0x5da23000 x26=0x00000000
     351875.000 ns	     35186	8000766c	d0187ed3	fcvt.s.wu	f29,x16	 x16:0x000000ae f29=0x432e0000
     351905.000 ns	     35189	80007670	e0041ad3	fclass.s	x21,f8	  f8:0x7fc00000 x21=0x00000200
     352245.000 ns	     35223	80007674	1895f2d3	fdiv.s	f5,f11,f9	 f11:0x3f7fffae  f9:0x1f350483  f5=0x5fb4b47c
     352275.000 ns	     35226	80007678	e00a11d3	fclass.s	x3,f20	 f20:0x5da23000  x3=0x00000040
     352305.000 ns	     35229	8000767c	0267b733	mulhu	x14,x15,x6	 x15:0x0000002b  x6:0x00000000 x14=0x00000000
     352675.000 ns	     35266	80007680	0239cdb3	div	x27,x19,x3	 x19:0x00000000  x3:0x00000040 x27=0x00000000
     352705.000 ns	     35269	80007684	20fd2053	fsgnjx.s	f0,f26,f15	 f26:0x80000000 f15:0x00000001  f0=0x80000000
     352735.000 ns	     35272	80007688	e0098f53	fmv.x.w	x30,f19	 f19:0xc63b32ae x30=0xc63b32ae
     352765.000 ns	     35275	8000768c	a0011e53	flt.s	x28,f2,f0	  f2:0x7fc00000  f0:0x80000000 x28=0x00000000
     352795.000 ns	     35278	80007690	203e94d3	fsgnjn.s	f9,f29,f3	 f29:0x432e0000  f3:0x7fc00000  f9=0xc32e0000
     352825.000 ns	     35281	80007694	21e31253	fsgnjn.s	f4,f6,f30	  f6:0x7fc00000 f30:0x4f000000  f4=0xffc00000
     352865.000 ns	     35285	80007698	1978ffd3	fdiv.s	f31,f17,f23	 f17:0x4f000000 f23:0x7fc00000 f31=0x7fc00000
     352895.000 ns	     35288	8000769c	e0058c53	fmv.x.w	x24,f11	 f11:0x3f7fffae x24=0x3f7fffae
     352925.000 ns	     35291	800076a0	28888dd3	fmin.s	f27,f17,f8	 f17:0x4f000000  f8:0x7fc00000 f27=0x4f000000
     352945.000 ns	     35293	800076a4	8a7b7213	andi	x4,x22,-1881	 x22:0x00000000  x4=0x00000000
     353305.000 ns	     35329	800076a8	039d5733	divu	x14,x26,x25	 x26:0x00000000 x25:0x8107f510 x14=0x00000000
     353325.000 ns	     35331	800076ac	8c9108b7	lui	x17,0x8c910	 x17=0x8c910000
     353335.000 ns	     35332	800076b0	00000013	addi	x0,x0,0	  x0:0x00000000
     353695.000 ns	     35368	800076b4	03ef7233	remu	x4,x30,x30	 x30:0xc63b32ae x30:0xc63b32ae  x4=0x00000000
     353725.000 ns	     35371	800076b8	024ba233	mulhsu	x4,x23,x4	 x23:0x00000001  x4:0x00000000  x4=0x00000000
     353745.000 ns	     35373	800076bc	002079b3	and	x19,x0,x2	  x0:0x00000000  x2:0xffffffae x19=0x00000000
     353765.000 ns	     35375	800076c0	03521233	mulh	x4,x4,x21	  x4:0x00000000 x21:0x00000200  x4=0x00000000
     353785.000 ns	     35377	800076c4	406483b3	sub	x7,x9,x6	  x9:0xfffff89b  x6:0x00000000  x7=0xfffff89b
     353805.000 ns	     35379	800076c8	c0132ad3	fcvt.wu.s	x21,f6	  f6:0x7fc00000 x21=0xffffffff
     353835.000 ns	     35382	800076cc	e00291d3	fclass.s	x3,f5	  f5:0x5fb4b47c  x3=0x00000040
     354205.000 ns	     35419	800076d0	02fa4133	div	x2,x20,x15	 x20:0x80041024 x15:0x0000002b  x2=0xfd060c49
     354225.000 ns	     35421	800076d4	565ac813	xori	x16,x21,1381	 x21:0xffffffff x16=0xfffffa9a
     354265.000 ns	     35425	800076d8	083af6d3	fsub.s	f13,f21,f3	 f21:0xa62dc000  f3:0x7fc00000 f13=0x7fc00000
     354295.000 ns	     35428	800076dc	039aa933	mulhsu	x18,x21,x25	 x21:0xffffffff x25:0x8107f510 x18=0xffffffff
     354345.000 ns	     35433	800076e0	01a3b053	fadd.s	f0,f7,f26	  f7:0xfffff8e0 f26:0x80000000  f0=0x7fc00000
     354375.000 ns	     35436	800076e4	03c809b3	mul	x19,x16,x28	 x16:0xfffffa9a x28:0x00000000 x19=0x00000000
     354395.000 ns	     35438	800076e8	006216b3	sll	x13,x4,x6	  x4:0x00000000  x6:0x00000000 x13=0x00000000
     354415.000 ns	     35440	800076ec	0268c633	div	x12,x17,x6	 x17:0x8c910000  x6:0x00000000 x12=0xffffffff
     354445.000 ns	     35443	800076f0	03d1a233	mulhsu	x4,x3,x29	  x3:0x00000040 x29:0x9acb6000  x4=0x00000026
     354465.000 ns	     35445	800076f4	012a8cb3	add	x25,x21,x18	 x21:0xffffffff x18:0xffffffff x25=0xfffffffe
     354495.000 ns	     35448	800076f8	118cff53	fmul.s	f30,f25,f24	 f25:0xa62dc000 f24:0x7fc00000 f30=0x7fc00000
     354515.000 ns	     35450	800076fc	52bf6613	ori	x12,x30,1323	 x30:0xc63b32ae x12=0xc63b37af
     354525.000 ns	     35451	80007700	ceb56e13	ori	x28,x10,-789	 x10:0x00000000 x28=0xfffffceb
     354535.000 ns	     35452	80007704	41c35013	srai	x0,x6,0x1c	  x6:0x00000000
     354555.000 ns	     35454	80007708	c003fb53	fcvt.w.s	x22,f7	  f7:0xfffff8e0 x22=0x7fffffff
     354585.000 ns	     35457	8000770c	f0028f53	fmv.w.x	f30,x5	  x5:0x00000000 f30=0x00000000
     354605.000 ns	     35459	80007710	41f309b3	sub	x19,x6,x31	  x6:0x00000000 x31:0x0bb44600 x19=0xf44bba00
     354615.000 ns	     35460	80007714	40a25a93	srai	x21,x4,0xa	  x4:0x00000026 x21=0x00000000
     354625.000 ns	     35461	80007718	d5e16393	ori	x7,x2,-674	  x2:0xfd060c49  x7=0xfffffd5f
     354635.000 ns	     35462	8000771c	00000013	addi	x0,x0,0	  x0:0x00000000
     354655.000 ns	     35464	80007720	c00577d3	fcvt.w.s	x15,f10	 f10:0x00000000 x15=0x00000000
     354685.000 ns	     35467	80007724	e00592d3	fclass.s	x5,f11	 f11:0x3f7fffae  x5=0x00000040
     354715.000 ns	     35470	80007728	a040acd3	feq.s	x25,f1,f4	  f1:0x7fc00000  f4:0xffc00000 x25=0x00000000
     354735.000 ns	     35472	8000772c	5d144193	xori	x3,x8,1489	  x8:0x80040fe4  x3=0x80040a35
     354755.000 ns	     35474	80007730	28401ed3	fmax.s	f29,f0,f4	  f0:0x7fc00000  f4:0xffc00000 f29=0x7fc00000
     354775.000 ns	     35476	80007734	01c1a7b3	slt	x15,x3,x28	  x3:0x00000040 x28:0xfffffceb x15=0x00000001
     354795.000 ns	     35478	80007738	213f96d3	fsgnjn.s	f13,f31,f19	 f31:0x7fc00000 f19:0xc63b32ae f13=0x7fc00000
     354815.000 ns	     35480	8000773c	0110d893	srli	x17,x1,0x11	  x1:0x80000000 x17=0x00004000
     355175.000 ns	     35516	80007740	034fd033	divu	x0,x31,x20	 x31:0x0bb44600 x20:0x80041024
     355225.000 ns	     35521	80007744	09ddfc53	fsub.s	f24,f27,f29	 f27:0x4f000000 f29:0x7fc00000 f24=0x7fc00000
     355255.000 ns	     35524	80007748	0209d8b3	divu	x17,x19,x0	 x19:0xf44bba00  x0:0x00000000 x17=0xffffffff
     355625.000 ns	     35561	8000774c	0274d733	divu	x14,x9,x7	  x9:0xfffff89b  x7:0xfffffd5f x14=0x00000000
     355655.000 ns	     35564	80007750	a1de2d53	feq.s	x26,f28,f29	 f28:0x80000000 f29:0x7fc00000 x26=0x00000000
     355685.000 ns	     35567	80007754	a0272fd3	feq.s	x31,f14,f2	 f14:0x7fc00000  f2:0x7fc00000 x31=0x00000000
     355725.000 ns	     35571	80007758	18b387d3	fdiv.s	f15,f7,f11	  f7:0xfffff8e0 f11:0x3f7fffae f15=0x7fc00000
     355745.000 ns	     35573	8000775c	ca08b193	sltiu	x3,x17,-864	 x17:0xffffffff  x3=0x00000000
     355755.000 ns	     35574	80007760	1fb47513	andi	x10,x8,507	  x8:0x80040fe4 x10=0x000001e0
     355765.000 ns	     35575	80007764	008d5bb3	srl	x23,x26,x8	 x26:0x00000000  x8:0x80040fe4 x23=0x00000000
     355775.000 ns	     35576	80007768	fb837c13	andi	x24,x6,-72	  x6:0x00000000 x24=0x00000000
     355785.000 ns	     35577	8000776c	df842513	slti	x10,x8,-520	  x8:0x80040fe4 x10=0x00000001
     356145.000 ns	     35613	80007770	025976b3	remu	x13,x18,x5	 x18:0xffffffff  x5:0x00000040 x13=0x0000003f
     356195.000 ns	     35618	80007774	09e383d3	fsub.s	f7,f7,f30	  f7:0xfffff8e0 f30:0x00000000  f7=0x7fc00000
     356225.000 ns	     35621	80007778	a19b28d3	feq.s	x17,f22,f25	 f22:0x5da23000 f25:0xa62dc000 x17=0x00000000
     356245.000 ns	     35623	8000777c	409b0d33	sub	x26,x22,x9	 x22:0x7fffffff  x9:0xfffff89b x26=0x80000764
     356255.000 ns	     35624	80007780	00509eb3	sll	x29,x1,x5	  x1:0x80000000  x5:0x00000040 x29=0x80000000
     356265.000 ns	     35625	80007784	00ba1193	slli	x3,x20,0xb	 x20:0x80041024  x3=0x20812000
     356305.000 ns	     35629	80007788	004c7c53	fadd.s	f24,f24,f4	 f24:0x7fc00000  f4:0xffc00000 f24=0x7fc00000
     356675.000 ns	     35666	8000778c	03aa7b33	remu	x22,x20,x26	 x20:0x80041024 x26:0x80000764 x22=0x000408c0
     356705.000 ns	     35669	80007790	209515d3	fsgnjn.s	f11,f10,f9	 f10:0x00000000  f9:0xc32e0000 f11=0x00000000
     356725.000 ns	     35671	80007794	a0e0e713	ori	x14,x1,-1522	  x1:0x80000000 x14=0xfffffa0e
     356745.000 ns	     35673	80007798	0287b033	mulhu	x0,x15,x8	 x15:0x00000001  x8:0x80040fe4
     356765.000 ns	     35675	8000779c	006ce633	or	x12,x25,x6	 x25:0x00000000  x6:0x00000000 x12=0x00000000
     356785.000 ns	     35677	800077a0	e0000cd3	fmv.x.w	x25,f0	  f0:0x7fc00000 x25=0x7fc00000
     356805.000 ns	     35679	800077a4	ec598237	lui	x4,0xec598	  x4=0xec598000
     356815.000 ns	     35680	800077a8	3b937993	andi	x19,x6,953	  x6:0x00000000 x19=0x00000000
     356835.000 ns	     35682	800077ac	a1590ad3	fle.s	x21,f18,f21	 f18:0xcefff7e3 f21:0xa62dc000 x21=0x00000001
     357205.000 ns	     35719	800077b0	02f4e1b3	rem	x3,x9,x15	  x9:0xfffff89b x15:0x00000001  x3=0x00000000
     357225.000 ns	     35721	800077b4	d2934b93	xori	x23,x6,-727	  x6:0x00000000 x23=0xfffffd29
     357235.000 ns	     35722	800077b8	c932ea93	ori	x21,x5,-877	  x5:0x00000040 x21=0xfffffcd3
     357255.000 ns	     35724	800077bc	20710c53	fsgnj.s	f24,f2,f7	  f2:0x7fc00000  f7:0x7fc00000 f24=0x7fc00000
     357285.000 ns	     35727	800077c0	e00f83d3	fmv.x.w	x7,f31	 f31:0x7fc00000  x7=0x7fc00000
     357305.000 ns	     35729	800077c4	76f07217	auipc	x4,0x76f07	  x4=0xf6f0e7c4
     357325.000 ns	     35731	800077c8	c0003953	fcvt.w.s	x18,f0	  f0:0x7fc00000 x18=0x7fffffff
     357355.000 ns	     35734	800077cc	21e58553	fsgnj.s	f10,f11,f30	 f11:0x00000000 f30:0x00000000 f10=0x00000000
     357385.000 ns	     35737	800077d0	29e58c53	fmin.s	f24,f11,f30	 f11:0x00000000 f30:0x00000000 f24=0x00000000
     357415.000 ns	     35740	800077d4	28b29353	fmax.s	f6,f5,f11	  f5:0x5fb4b47c f11:0x00000000  f6=0x5fb4b47c
     357445.000 ns	     35743	800077d8	a1441dd3	flt.s	x27,f8,f20	  f8:0x7fc00000 f20:0x5da23000 x27=0x00000000
     357475.000 ns	     35746	800077dc	210b9cd3	fsgnjn.s	f25,f23,f16	 f23:0x7fc00000 f16:0x00000000 f25=0xffc00000
     357495.000 ns	     35748	800077e0	402c52b3	sra	x5,x24,x2	 x24:0x00000000  x2:0xfd060c49  x5=0x00000000
     357505.000 ns	     35749	800077e4	019de3b3	or	x7,x27,x25	 x27:0x00000000 x25:0x7fc00000  x7=0x7fc00000
     357515.000 ns	     35750	800077e8	404cd033	sra	x0,x25,x4	 x25:0x7fc00000  x4:0xf6f0e7c4
     357525.000 ns	     35751	800077ec	01c9cc33	xor	x24,x19,x28	 x19:0x00000000 x28:0xfffffceb x24=0xfffffceb
     357545.000 ns	     35753	800077f0	29d011d3	fmax.s	f3,f0,f29	  f0:0x7fc00000 f29:0x7fc00000  f3=0x7fc00000
     357565.000 ns	     35755	800077f4	00000013	addi	x0,x0,0	  x0:0x00000000
     357585.000 ns	     35757	800077f8	027414b3	mulh	x9,x8,x7	  x8:0x80040fe4  x7:0x7fc00000  x9=0xc02206ee
     357625.000 ns	     35761	800077fc	186ffe53	fdiv.s	f28,f31,f6	 f31:0x7fc00000  f6:0x5fb4b47c f28=0x7fc00000
     357665.000 ns	     35765	80007800	192070d3	fdiv.s	f1,f0,f18	  f0:0x7fc00000 f18:0xcefff7e3  f1=0x7fc00000
     357695.000 ns	     35768	80007804	d00f30d3	fcvt.s.w	f1,x30	 x30:0xc63b32ae  f1=0xce671336
     357715.000 ns	     35770	80007808	c363ac93	slti	x25,x7,-970	  x7:0x7fc00000 x25=0x00000000
     357725.000 ns	     35771	8000780c	01281c13	slli	x24,x16,0x12	 x16:0xfffffa9a x24=0xea680000
     357755.000 ns	     35774	80007810	580641d3	fsqrt.s	f3,f12	 f12:0xa62dc000  f3=0x7fc00000
     357775.000 ns	     35776	80007814	b8d5c193	xori	x3,x11,-1139	 x11:0x00000000  x3=0xfffffb8d
     357795.000 ns	     35778	80007818	202692d3	fsgnjn.s	f5,f13,f2	 f13:0x7fc00000  f2:0x7fc00000  f5=0xffc00000
     357825.000 ns	     35781	8000781c	031233b3	mulhu	x7,x4,x17	  x4:0xf6f0e7c4 x17:0x00000000  x7=0x00000000
     357845.000 ns	     35783	80007820	494ea837	lui	x16,0x494ea	 x16=0x494ea000
     357855.000 ns	     35784	80007824	7b46c493	xori	x9,x13,1972	 x13:0x0000003f  x9=0x0000078b
     357875.000 ns	     35786	80007828	a05a8ad3	fle.s	x21,f21,f5	 f21:0xa62dc000  f5:0xffc00000 x21=0x00000000
     357895.000 ns	     35788	8000782c	00afc533	xor	x10,x31,x10	 x31:0x00000000 x10:0x00000001 x10=0x00000001
     357935.000 ns	     35792	80007830	01580753	fadd.s	f14,f16,f21	 f16:0x00000000 f21:0xa62dc000 f14=0xa62dc000
     357965.000 ns	     35795	80007834	03eb1933	mulh	x18,x22,x30	 x22:0x000408c0 x30:0xc63b32ae x18=0xffff16f3
     357995.000 ns	     35798	80007838	c0027cd3	fcvt.w.s	x25,f4	  f4:0xffc00000 x25=0x7fffffff
     358365.000 ns	     35835	8000783c	0346ffb3	remu	x31,x13,x20	 x13:0x0000003f x20:0x80041024 x31=0x0000003f
     358395.000 ns	     35838	80007840	03090333	mul	x6,x18,x16	 x18:0xffff16f3 x16:0x494ea000  x6=0xb761e000
     358425.000 ns	     35841	80007844	f0088b53	fmv.w.x	f22,x17	 x17:0x00000000 f22=0x00000000
     358455.000 ns	     35844	80007848	286d0dd3	fmin.s	f27,f26,f6	 f26:0x80000000  f6:0x5fb4b47c f27=0x80000000
     358485.000 ns	     35847	8000784c	d000bc53	fcvt.s.w	f24,x1	  x1:0x80000000 f24=0xcf000000
     358505.000 ns	     35849	80007850	f94be313	ori	x6,x23,-108	 x23:0xfffffd29  x6=0xffffffbd
     358525.000 ns	     35851	80007854	20b72153	fsgnjx.s	f2,f14,f11	 f14:0xa62dc000 f11:0x00000000  f2=0xa62dc000
     358555.000 ns	     35854	80007858	a1990bd3	fle.s	x23,f18,f25	 f18:0xcefff7e3 f25:0xffc00000 x23=0x00000000
     358585.000 ns	     35857	8000785c	c0057ad3	fcvt.w.s	x21,f10	 f10:0x00000000 x21=0x00000000
     358625.000 ns	     35861	80007860	18ff2953	fdiv.s	f18,f30,f15	 f30:0x00000000 f15:0x7fc00000 f18=0x7fc00000
     358995.000 ns	     35898	80007864	022dc1b3	div	x3,x27,x2	 x27:0x00000000  x2:0xfd060c49  x3=0x00000000
     359025.000 ns	     35901	80007868	a189a3d3	feq.s	x7,f19,f24	 f19:0xc63b32ae f24:0xcf000000  x7=0x00000000
     359045.000 ns	     35903	8000786c	01615f93	srli	x31,x2,0x16	  x2:0xfd060c49 x31=0x000003f4
     359055.000 ns	     35904	80007870	4332e837	lui	x16,0x4332e	 x16=0x4332e000
     359065.000 ns	     35905	80007874	690feb13	ori	x22,x31,1680	 x31:0x0000003f x22=0x000007f4
     359085.000 ns	     35907	80007878	f00b82d3	fmv.w.x	f5,x23	 x23:0x00000000  f5=0x00000000
     359105.000 ns	     35909	8000787c	df992c13	slti	x24,x18,-519	 x18:0xffff16f3 x24=0x00000001
     359135.000 ns	     35912	80007880	580cf053	fsqrt.s	f0,f25	 f25:0xffc00000  f0=0x7fc00000
     359155.000 ns	     35914	80007884	40a95813	srai	x16,x18,0xa	 x18:0xffff16f3 x16=0xffffffc5
     359165.000 ns	     35915	80007888	01048e33	add	x28,x9,x16	  x9:0x0000078b x16:0x4332e000 x28=0x00000750
     359175.000 ns	     35916	8000788c	40acdb13	srai	x22,x25,0xa	 x25:0x7fffffff x22=0x001fffff
     359185.000 ns	     35917	80007890	675a3c13	sltiu	x24,x20,1653	 x20:0x80041024 x24=0x00000000
     359195.000 ns	     35918	80007894	411fd133	sra	x2,x31,x17	 x31:0x000003f4 x17:0x00000000  x2=0x000003f4
     359555.000 ns	     35954	80007898	02425f33	divu	x30,x4,x4	  x4:0xf6f0e7c4  x4:0xf6f0e7c4 x30=0x00000001
     359585.000 ns	     35957	8000789c	038161b3	rem	x3,x2,x24	  x2:0xfd060c49 x24:0x00000000  x3=0x000003f4
     359615.000 ns	     35960	800078a0	e0039853	fclass.s	x16,f7	  f7:0x7fc00000 x16=0x00000200
     359635.000 ns	     35962	800078a4	00000013	addi	x0,x0,0	  x0:0x00000000
     359995.000 ns	     35998	800078a8	023d7833	remu	x16,x26,x3	 x26:0x80000764  x3:0x000003f4 x16=0x00000120
     360025.000 ns	     36001	800078ac	02c9aab3	mulhsu	x21,x19,x12	 x19:0x00000000 x12:0x00000000 x21=0x00000000
     360055.000 ns	     36004	800078b0	e0009753	fclass.s	x14,f1	  f1:0xce671336 x14=0x00000002
     360085.000 ns	     36007	800078b4	20ef02d3	fsgnj.s	f5,f30,f14	 f30:0x00000000 f14:0xa62dc000  f5=0x80000000
     360105.000 ns	     36009	800078b8	019a5833	srl	x16,x20,x25	 x20:0x80041024 x25:0x7fffffff x16=0x00000001
     360125.000 ns	     36011	800078bc	e0010bd3	fmv.x.w	x23,f2	  f2:0xa62dc000 x23=0xa62dc000
     360155.000 ns	     36014	800078c0	200b8ad3	fsgnj.s	f21,f23,f0	 f23:0x7fc00000  f0:0x7fc00000 f21=0x7fc00000
     360185.000 ns	     36017	800078c4	a1fba053	feq.s	x0,f23,f31	 f23:0x7fc00000 f31:0x7fc00000
     360215.000 ns	     36020	800078c8	020f32b3	mulhu	x5,x30,x0	 x30:0x00000001  x0:0x00000000  x5=0x00000000
     360245.000 ns	     36023	800078cc	21d71853	fsgnjn.s	f16,f14,f29	 f14:0xa62dc000 f29:0x7fc00000 f16=0xa62dc000
     360265.000 ns	     36025	800078d0	42f6ceb7	lui	x29,0x42f6c	 x29=0x42f6c000
     360275.000 ns	     36026	800078d4	01a9fbb3	and	x23,x19,x26	 x19:0x00000000 x26:0x80000764 x23=0x00000000
     360315.000 ns	     36030	800078d8	00981853	fadd.s	f16,f16,f9	 f16:0xa62dc000  f9:0xc32e0000 f16=0xc32e0000
     360345.000 ns	     36033	800078dc	03ac2733	mulhsu	x14,x24,x26	 x24:0x00000000 x26:0x80000764 x14=0x00000000
     360375.000 ns	     36036	800078e0	03f398b3	mulh	x17,x7,x31	  x7:0x00000000 x31:0x000003f4 x17=0x00000000
     360395.000 ns	     36038	800078e4	01521b93	slli	x23,x4,0x15	  x4:0xf6f0e7c4 x23=0xf8800000
     360415.000 ns	     36040	800078e8	d00ff253	fcvt.s.w	f4,x31	 x31:0x000003f4  f4=0x447d0000
     360445.000 ns	     36043	800078ec	03712633	mulhsu	x12,x2,x23	  x2:0x000003f4 x23:0x00000000 x12=0x000003d6
     360465.000 ns	     36045	800078f0	01f59e13	slli	x28,x11,0x1f	 x11:0x00000000 x28=0x00000000
     360475.000 ns	     36046	800078f4	00000013	addi	x0,x0,0	  x0:0x00000000
     360495.000 ns	     36048	800078f8	03b83733	mulhu	x14,x16,x27	 x16:0x00000001 x27:0x00000000 x14=0x00000000
     360515.000 ns	     36050	800078fc	01231113	slli	x2,x6,0x12	  x6:0xffffffbd  x2=0xfef40000
     360525.000 ns	     36051	80007900	ba94e393	ori	x7,x9,-1111	  x9:0x0000078b  x7=0xffffffab
     360545.000 ns	     36053	80007904	028bbcb3	mulhu	x25,x23,x8	 x23:0xf8800000  x8:0x80040fe4 x25=0x7c43f16c
     360565.000 ns	     36055	80007908	66fe6993	ori	x19,x28,1647	 x28:0x00000000 x19=0x0000066f
     360575.000 ns	     36056	8000790c	00378fb3	add	x31,x15,x3	 x15:0x00000001  x3:0x000003f4 x31=0x000003f5
     360595.000 ns	     36058	80007910	03bdfeb3	remu	x29,x27,x27	 x27:0x00000000 x27:0x00000000 x29=0x00000000
     360965.000 ns	     36095	80007914	030f5633	divu	x12,x30,x16	 x30:0x00000001 x16:0x00000001 x12=0x00000001
     360985.000 ns	     36097	80007918	010f3d33	sltu	x26,x30,x16	 x30:0x00000001 x16:0x00000001 x26=0x00000000
     361015.000 ns	     36100	8000791c	580d07d3	fsqrt.s	f15,f26	 f26:0x80000000 f15=0x80000000
     361045.000 ns	     36103	80007920	d0088453	fcvt.s.w	f8,x17	 x17:0x00000000  f8=0x00000000
     361075.000 ns	     36106	80007924	03f23733	mulhu	x14,x4,x31	  x4:0xf6f0e7c4 x31:0x000003f5 x14=0x000003d1
     361445.000 ns	     36143	80007928	0329e833	rem	x16,x19,x18	 x19:0x0000066f x18:0xffff16f3 x16=0x0000066f
     361475.000 ns	     36146	8000792c	a1222bd3	feq.s	x23,f4,f18	  f4:0x447d0000 f18:0x7fc00000 x23=0x00000000
     361495.000 ns	     36148	80007930	0960eb97	auipc	x23,0x960e	 x23=0x89615930
     361515.000 ns	     36150	80007934	20468a53	fsgnj.s	f20,f13,f4	 f13:0x7fc00000  f4:0x447d0000 f20=0x7fc00000
     361535.000 ns	     36152	80007938	e489af93	slti	x31,x19,-440	 x19:0x0000066f x31=0x00000000
     361565.000 ns	     36155	8000793c	580b1ed3	fsqrt.s	f29,f22	 f22:0x00000000 f29=0x00000000
     361585.000 ns	     36157	80007940	01a248b3	xor	x17,x4,x26	  x4:0xf6f0e7c4 x26:0x00000000 x17=0xf6f0e7c4
     361595.000 ns	     36158	80007944	00000013	addi	x0,x0,0	  x0:0x00000000
     361615.000 ns	     36160	80007948	03021933	mulh	x18,x4,x16	  x4:0xf6f0e7c4 x16:0x0000066f x18=0xffffffc5
     361635.000 ns	     36162	8000794c	c318cd93	xori	x27,x17,-975	 x17:0xf6f0e7c4 x27=0x090f1bf5
     361995.000 ns	     36198	80007950	02f0f3b3	remu	x7,x1,x15	  x1:0x80000000 x15:0x00000001  x7=0x00000000
     362015.000 ns	     36200	80007954	0040f9b3	and	x19,x1,x4	  x1:0x80000000  x4:0xf6f0e7c4 x19=0x80000000
     362025.000 ns	     36201	80007958	de792d13	slti	x26,x18,-537	 x18:0xffffffc5 x26=0x00000000
     362035.000 ns	     36202	8000795c	01813bb3	sltu	x23,x2,x24	  x2:0xfef40000 x24:0x00000000 x23=0x00000000
     362045.000 ns	     36203	80007960	0104f1b3	and	x3,x9,x16	  x9:0x0000078b x16:0x0000066f  x3=0x0000060b
     362065.000 ns	     36205	80007964	03bc8933	mul	x18,x25,x27	 x25:0x7c43f16c x27:0x090f1bf5 x18=0x08d0705c
     362085.000 ns	     36207	80007968	0619fb13	andi	x22,x19,97	 x19:0x80000000 x22=0x00000000
     362115.000 ns	     36210	8000796c	105dbf53	fmul.s	f30,f27,f5	 f27:0x80000000  f5:0x80000000 f30=0x00000000
     362135.000 ns	     36212	80007970	a51b0913	addi	x18,x22,-1455	 x22:0x001fffff x18=0xfffffa51
     362145.000 ns	     36213	80007974	55590037	lui	x0,0x55590	
     362165.000 ns	     36215	80007978	e0058ad3	fmv.x.w	x21,f11	 f11:0x00000000 x21=0x00000000
     362185.000 ns	     36217	8000797c	ca5fa113	slti	x2,x31,-859	 x31:0x00000000  x2=0x00000000
     362195.000 ns	     36218	80007980	40548133	sub	x2,x9,x5	  x9:0x0000078b  x5:0x00000000  x2=0x0000078b
     362205.000 ns	     36219	80007984	af957793	andi	x15,x10,-1287	 x10:0x00000001 x15=0x00000001
     362225.000 ns	     36221	80007988	292e1bd3	fmax.s	f23,f28,f18	 f28:0x7fc00000 f18:0x7fc00000 f23=0x7fc00000
     362265.000 ns	     36225	8000798c	580cb7d3	fsqrt.s	f15,f25	 f25:0xffc00000 f15=0x7fc00000
     362285.000 ns	     36227	80007990	65c05337	lui	x6,0x65c05	  x6=0x65c05000
     362295.000 ns	     36228	80007994	01aad033	srl	x0,x21,x26	 x21:0x00000000 x26:0x00000000
     362305.000 ns	     36229	80007998	915a0313	addi	x6,x20,-1771	 x20:0x80041024  x6=0x80040939
     362315.000 ns	     36230	8000799c	69d02793	slti	x15,x0,1693	  x0:0x00000000 x15=0x00000001
     362325.000 ns	     36231	800079a0	560361b7	lui	x3,0x56036	  x3=0x56036000
     362335.000 ns	     36232	800079a4	415a8933	sub	x18,x21,x21	 x21:0x00000000 x21:0x00000000 x18=0x00000000
     362345.000 ns	     36233	800079a8	aa1f3f13	sltiu	x30,x30,-1375	 x30:0x00000001 x30=0x00000001
     362365.000 ns	     36235	800079ac	f00685d3	fmv.w.x	f11,x13	 x13:0x0000003f f11=0x0000003f
     362395.000 ns	     36238	800079b0	0274dbb3	divu	x23,x9,x7	  x9:0x0000078b  x7:0x00000000 x23=0xffffffff
     362415.000 ns	     36240	800079b4	db16a297	auipc	x5,0xdb16a	  x5=0x5b1719b4
     362425.000 ns	     36241	800079b8	17f67f17	auipc	x30,0x17f67	 x30=0x97f6e9b8
     362445.000 ns	     36243	800079bc	294d1bd3	fmax.s	f23,f26,f20	 f26:0x80000000 f20:0x7fc00000 f23=0x80000000
     362465.000 ns	     36245	800079c0	0054ef33	or	x30,x9,x5	  x9:0x0000078b  x5:0x5b1719b4 x30=0x5b171fbf
     362475.000 ns	     36246	800079c4	00deda93	srli	x21,x29,0xd	 x29:0x00000000 x21=0x00000000
     362485.000 ns	     36247	800079c8	32f37013	andi	x0,x6,815	  x6:0x80040939
     362495.000 ns	     36248	800079cc	01dd5013	srli	x0,x26,0x1d	 x26:0x00000000
     362505.000 ns	     36249	800079d0	00000013	addi	x0,x0,0	  x0:0x00000000
     362525.000 ns	     36251	800079d4	29e79dd3	fmax.s	f27,f15,f30	 f15:0x7fc00000 f30:0x00000000 f27=0x00000000
     362555.000 ns	     36254	800079d8	03082233	mulhsu	x4,x16,x16	 x16:0x0000066f x16:0x0000066f  x4=0x00000000
     362575.000 ns	     36256	800079dc	40dbd913	srai	x18,x23,0xd	 x23:0xffffffff x18=0xffffffff
     362935.000 ns	     36292	800079e0	029cd133	divu	x2,x25,x9	 x25:0x7c43f16c  x9:0x0000078b  x2=0x0010796e
     362955.000 ns	     36294	800079e4	01a71833	sll	x16,x14,x26	 x14:0x000003d1 x26:0x00000000 x16=0x000003d1
     362965.000 ns	     36295	800079e8	99174293	xori	x5,x14,-1647	 x14:0x000003d1  x5=0xfffffa40
     362985.000 ns	     36297	800079ec	0362e233	rem	x4,x5,x22	  x5:0x5b1719b4 x22:0x00000000  x4=0xfffffa40
     363005.000 ns	     36299	800079f0	2a37a193	slti	x3,x15,675	 x15:0x00000001  x3=0x00000001
     363015.000 ns	     36300	800079f4	00e9adb3	slt	x27,x19,x14	 x19:0x80000000 x14:0x000003d1 x27=0x00000001
     363035.000 ns	     36302	800079f8	03f19c33	mulh	x24,x3,x31	  x3:0x56036000 x31:0x00000000 x24=0x00000000
     363055.000 ns	     36304	800079fc	016944b3	xor	x9,x18,x22	 x18:0xffffffff x22:0x00000000  x9=0xffffffff
     363065.000 ns	     36305	80007a00	009c8e33	add	x28,x25,x9	 x25:0x7c43f16c  x9:0x0000078b x28=0x7c43f16b
     363075.000 ns	     36306	80007a04	271a4017	auipc	x0,0x271a4	
     363095.000 ns	     36308	80007a08	21008153	fsgnj.s	f2,f1,f16	  f1:0xce671336 f16:0xc32e0000  f2=0xce671336
     363125.000 ns	     36311	80007a0c	a1719dd3	flt.s	x27,f3,f23	  f3:0x7fc00000 f23:0x80000000 x27=0x00000000
     363155.000 ns	     36314	80007a10	02501ab3	mulh	x21,x0,x5	  x0:0x00000000  x5:0xfffffa40 x21=0x00000000
     363175.000 ns	     36316	80007a14	72ba3313	sltiu	x6,x20,1835	 x20:0x80041024  x6=0x00000000
     363195.000 ns	     36318	80007a18	21a12953	fsgnjx.s	f18,f2,f26	  f2:0xce671336 f26:0x80000000 f18=0x4e671336
     363215.000 ns	     36320	80007a1c	01648637	lui	x12,0x1648	 x12=0x01648000
     363235.000 ns	     36322	80007a20	e0061c53	fclass.s	x24,f12	 f12:0xa62dc000 x24=0x00000002
     363265.000 ns	     36325	80007a24	c012f853	fcvt.wu.s	x16,f5	  f5:0x80000000 x16=0x00000000
     363285.000 ns	     36327	80007a28	d20a8313	addi	x6,x21,-736	 x21:0x00000000  x6=0xfffffd20
     363295.000 ns	     36328	80007a2c	416b8fb3	sub	x31,x23,x22	 x23:0xffffffff x22:0x00000000 x31=0xffffffff
     363325.000 ns	     36331	80007a30	19ad72d3	fdiv.s	f5,f26,f26	 f26:0x80000000 f26:0x80000000  f5=0x7fc00000
     363345.000 ns	     36333	80007a34	41a188b3	sub	x17,x3,x26	  x3:0x00000001 x26:0x00000000 x17=0x00000001
     363365.000 ns	     36335	80007a38	d0063b53	fcvt.s.w	f22,x12	 x12:0x01648000 f22=0x4bb24000
     363395.000 ns	     36338	80007a3c	d009f8d3	fcvt.s.w	f17,x19	 x19:0x80000000 f17=0xcf000000
     363425.000 ns	     36341	80007a40	d003c353	fcvt.s.w	f6,x7	  x7:0x00000000  f6=0x00000000
     363455.000 ns	     36344	80007a44	034cabb3	mulhsu	x23,x25,x20	 x25:0x7c43f16c x20:0x80041024 x23=0x3e23f19b
     363485.000 ns	     36347	80007a48	034b27b3	mulhsu	x15,x22,x20	 x22:0x00000000 x20:0x80041024 x15=0x00000000
     363505.000 ns	     36349	80007a4c	00206eb3	or	x29,x0,x2	  x0:0x00000000  x2:0x0010796e x29=0x0010796e
     363865.000 ns	     36385	80007a50	038bf833	remu	x16,x23,x24	 x23:0x3e23f19b x24:0x00000002 x16=0x00000001
     364235.000 ns	     36422	80007a54	03e3fe33	remu	x28,x7,x30	  x7:0x00000000 x30:0x5b171fbf x28=0x00000000
     364265.000 ns	     36425	80007a58	a17d2053	feq.s	x0,f26,f23	 f26:0x80000000 f23:0x80000000
     364285.000 ns	     36427	80007a5c	d5728193	addi	x3,x5,-681	  x5:0xfffffa40  x3=0xfffff797
     364295.000 ns	     36428	80007a60	01240133	add	x2,x8,x18	  x8:0x80040fe4 x18:0xffffffff  x2=0x80040fe3
     364305.000 ns	     36429	80007a64	01d71493	slli	x9,x14,0x1d	 x14:0x000003d1  x9=0x20000000
     364315.000 ns	     36430	80007a68	3a588e93	addi	x29,x17,933	 x17:0x00000001 x29=0x000003a6
     364335.000 ns	     36432	80007a6c	031985b3	mul	x11,x19,x17	 x19:0x80000000 x17:0x00000001 x11=0x80000000
     364355.000 ns	     36434	80007a70	906d3e93	sltiu	x29,x26,-1786	 x26:0x00000000 x29=0x00000001
     364375.000 ns	     36436	80007a74	e00312d3	fclass.s	x5,f6	  f6:0x00000000  x5=0x00000010
     364395.000 ns	     36438	80007a78	00f52db3	slt	x27,x10,x15	 x10:0x00000001 x15:0x00000000 x27=0x00000000
     364755.000 ns	     36474	80007a7c	03466233	rem	x4,x12,x20	 x12:0x01648000 x20:0x80041024  x4=0x01648000
     364775.000 ns	     36476	80007a80	0016f833	and	x16,x13,x1	 x13:0x0000003f  x1:0x80000000 x16=0x00000000
     364795.000 ns	     36478	80007a84	29f905d3	fmin.s	f11,f18,f31	 f18:0x4e671336 f31:0x7fc00000 f11=0x4e671336
     364825.000 ns	     36481	80007a88	d0147ed3	fcvt.s.wu	f29,x8	  x8:0x80040fe4 f29=0x4f00040f
     364855.000 ns	     36484	80007a8c	20c4a0d3	fsgnjx.s	f1,f9,f12	  f9:0xc32e0000 f12:0xa62dc000  f1=0x432e0000
     364885.000 ns	     36487	80007a90	a0dd2c53	feq.s	x24,f26,f13	 f26:0x80000000 f13:0x7fc00000 x24=0x00000000
     364935.000 ns	     36492	80007a94	01d8f053	fadd.s	f0,f17,f29	 f17:0xcf000000 f29:0x4f00040f  f0=0x4881e000
     364955.000 ns	     36494	80007a98	56fe3693	sltiu	x13,x28,1391	 x28:0x00000000 x13=0x00000001
     364965.000 ns	     36495	80007a9c	00e6de93	srli	x29,x13,0xe	 x13:0x0000003f x29=0x00000000
     364975.000 ns	     36496	80007aa0	01b4bd33	sltu	x26,x9,x27	  x9:0x20000000 x27:0x00000000 x26=0x00000000
     365015.000 ns	     36500	80007aa4	08dbfbd3	fsub.s	f23,f23,f13	 f23:0x80000000 f13:0x7fc00000 f23=0x7fc00000
     365045.000 ns	     36503	80007aa8	20fc1853	fsgnjn.s	f16,f24,f15	 f24:0xcf000000 f15:0x7fc00000 f16=0xcf000000
     365065.000 ns	     36505	80007aac	01fdf3b3	and	x7,x27,x31	 x27:0x00000000 x31:0xffffffff  x7=0x00000000
     365075.000 ns	     36506	80007ab0	0156d613	srli	x12,x13,0x15	 x13:0x00000001 x12=0x00000000
     365085.000 ns	     36507	80007ab4	008bc333	xor	x6,x23,x8	 x23:0x3e23f19b  x8:0x80040fe4  x6=0xbe27fe7f
     365105.000 ns	     36509	80007ab8	025ea9b3	mulhsu	x19,x29,x5	 x29:0x00000000  x5:0x00000010 x19=0x00000000
     365125.000 ns	     36511	80007abc	63e08f13	addi	x30,x1,1598	  x1:0x80000000 x30=0x8000063e
     365135.000 ns	     36512	80007ac0	014e5bb3	srl	x23,x28,x20	 x28:0x00000000 x20:0x80041024 x23=0x00000000
     365145.000 ns	     36513	80007ac4	01da12b3	sll	x5,x20,x29	 x20:0x80041024 x29:0x00000000  x5=0x80041024
     365165.000 ns	     36515	80007ac8	03cf3db3	mulhu	x27,x30,x28	 x30:0x8000063e x28:0x00000000 x27=0x00000000
     365195.000 ns	     36518	80007acc	02101733	mulh	x14,x0,x1	  x0:0x00000000  x1:0x80000000 x14=0x00000000
     365215.000 ns	     36520	80007ad0	0190ecb3	or	x25,x1,x25	  x1:0x80000000 x25:0x7c43f16c x25=0xfc43f16c
     365225.000 ns	     36521	80007ad4	015f9693	slli	x13,x31,0x15	 x31:0xffffffff x13=0xffe00000
     365235.000 ns	     36522	80007ad8	00000013	addi	x0,x0,0	  x0:0x00000000
     365245.000 ns	     36523	80007adc	aae9f913	andi	x18,x19,-1362	 x19:0x00000000 x18=0x00000000
     365285.000 ns	     36527	80007ae0	016c7dd3	fadd.s	f27,f24,f22	 f24:0xcf000000 f22:0x4bb24000 f27=0xcefd3700
     365315.000 ns	     36530	80007ae4	02bb3d33	mulhu	x26,x22,x11	 x22:0x00000000 x11:0x80000000 x26=0x00000000
     365335.000 ns	     36532	80007ae8	006f9633	sll	x12,x31,x6	 x31:0xffffffff  x6:0xbe27fe7f x12=0x80000000
     365345.000 ns	     36533	80007aec	edebb513	sltiu	x10,x23,-290	 x23:0x00000000 x10=0x00000001
     365365.000 ns	     36535	80007af0	a1308753	fle.s	x14,f1,f19	  f1:0x432e0000 f19:0xc63b32ae x14=0x00000000
     365395.000 ns	     36538	80007af4	d00c1e53	fcvt.s.w	f28,x24	 x24:0x00000000 f28=0x00000000
     365415.000 ns	     36540	80007af8	001191b3	sll	x3,x3,x1	  x3:0xfffff797  x1:0x80000000  x3=0xfffff797
     365425.000 ns	     36541	80007afc	00717bb3	and	x23,x2,x7	  x2:0x80040fe3  x7:0x00000000 x23=0x00000000
     365445.000 ns	     36543	80007b00	02f7c7b3	div	x15,x15,x15	 x15:0x00000000 x15:0x00000000 x15=0xffffffff
     365465.000 ns	     36545	80007b04	00e3b933	sltu	x18,x7,x14	  x7:0x00000000 x14:0x00000000 x18=0x00000000
     365475.000 ns	     36546	80007b08	019e79b3	and	x19,x28,x25	 x28:0x00000000 x25:0xfc43f16c x19=0x00000000
     365495.000 ns	     36548	80007b0c	29049753	fmax.s	f14,f9,f16	  f9:0xc32e0000 f16:0xcf000000 f14=0xc32e0000
     365515.000 ns	     36550	80007b10	017563b3	or	x7,x10,x23	 x10:0x00000001 x23:0x00000000  x7=0x00000001
     365535.000 ns	     36552	80007b14	a13d25d3	feq.s	x11,f26,f19	 f26:0x80000000 f19:0xc63b32ae x11=0x00000000
     365565.000 ns	     36555	80007b18	027b0c33	mul	x24,x22,x7	 x22:0x00000000  x7:0x00000000 x24=0x00000000
     365585.000 ns	     36557	80007b1c	01e99713	slli	x14,x19,0x1e	 x19:0x00000000 x14=0x00000000
     365605.000 ns	     36559	80007b20	d011f053	fcvt.s.wu	f0,x3	  x3:0xfffff797  f0=0x4f7ffff7
     365975.000 ns	     36596	80007b24	02234c33	div	x24,x6,x2	  x6:0xbe27fe7f  x2:0x80040fe3 x24=0x00000000
     366005.000 ns	     36599	80007b28	20d620d3	fsgnjx.s	f1,f12,f13	 f12:0xa62dc000 f13:0x7fc00000  f1=0xa62dc000
     366035.000 ns	     36602	80007b2c	c00df553	fcvt.w.s	x10,f27	 f27:0xcefd3700 x10=0x7e9b8000
     366065.000 ns	     36605	80007b30	a0701653	flt.s	x12,f0,f7	  f0:0x4f7ffff7  f7:0x7fc00000 x12=0x00000000
     366105.000 ns	     36609	80007b34	1031c1d3	fmul.s	f3,f3,f3	  f3:0x7fc00000  f3:0x7fc00000  f3=0x7fc00000
     366125.000 ns	     36611	80007b38	004da933	slt	x18,x27,x4	 x27:0x00000000  x4:0x01648000 x18=0x00000001
     366135.000 ns	     36612	80007b3c	01471e33	sll	x28,x14,x20	 x14:0x00000000 x20:0x80041024 x28=0x00000000
     366155.000 ns	     36614	80007b40	a10188d3	fle.s	x17,f3,f16	  f3:0x7fc00000 f16:0xcf000000 x17=0x00000000
     366185.000 ns	     36617	80007b44	e0051753	fclass.s	x14,f10	 f10:0x00000000 x14=0x00000010
     366215.000 ns	     36620	80007b48	039b0033	mul	x0,x22,x25	 x22:0x00000000 x25:0xfc43f16c
     366235.000 ns	     36622	80007b4c	41285993	srai	x19,x16,0x12	 x16:0x00000000 x19=0x00000000
     366245.000 ns	     36623	80007b50	00cf07b3	add	x15,x30,x12	 x30:0x8000063e x12:0x00000000 x15=0x8000063e
     366255.000 ns	     36624	80007b54	0066af33	slt	x30,x13,x6	 x13:0xffe00000  x6:0xbe27fe7f x30=0x00000000
     366265.000 ns	     36625	80007b58	2bce4193	xori	x3,x28,700	 x28:0x00000000  x3=0x000002bc
     366275.000 ns	     36626	80007b5c	8fc0ac97	auipc	x25,0x8fc0a	 x25=0x0fc11b5c
     366295.000 ns	     36628	80007b60	a057a053	feq.s	x0,f15,f5	 f15:0x7fc00000  f5:0x7fc00000
     366325.000 ns	     36631	80007b64	03a25ab3	divu	x21,x4,x26	  x4:0x01648000 x26:0x00000000 x21=0xffffffff
     366345.000 ns	     36633	80007b68	016f3e33	sltu	x28,x30,x22	 x30:0x00000000 x22:0x00000000 x28=0x00000000
     366355.000 ns	     36634	80007b6c	09088293	addi	x5,x17,144	 x17:0x00000000  x5=0x00000090
     366375.000 ns	     36636	80007b70	020161b3	rem	x3,x2,x0	  x2:0x80040fe3  x0:0x00000000  x3=0x80040fe3
     366745.000 ns	     36673	80007b74	0276ffb3	remu	x31,x13,x7	 x13:0xffe00000  x7:0x00000001 x31=0x00000000
     366765.000 ns	     36675	80007b78	0176c7b3	xor	x15,x13,x23	 x13:0xffe00000 x23:0x00000000 x15=0xffe00000
     366785.000 ns	     36677	80007b7c	02979733	mulh	x14,x15,x9	 x15:0x8000063e  x9:0x20000000 x14=0xfffc0000
     366835.000 ns	     36682	80007b80	01933553	fadd.s	f10,f6,f25	  f6:0x00000000 f25:0xffc00000 f10=0x7fc00000
     366855.000 ns	     36684	80007b84	6d67ac93	slti	x25,x15,1750	 x15:0xffe00000 x25=0x00000001
     366865.000 ns	     36685	80007b88	00000013	addi	x0,x0,0	  x0:0x00000000
     366885.000 ns	     36687	80007b8c	28f40ed3	fmin.s	f29,f8,f15	  f8:0x00000000 f15:0x7fc00000 f29=0x00000000
     366905.000 ns	     36689	80007b90	15c6b297	auipc	x5,0x15c6b	  x5=0x95c72b90
     366925.000 ns	     36691	80007b94	219225d3	fsgnjx.s	f11,f4,f25	  f4:0x447d0000 f25:0xffc00000 f11=0xc47d0000
     366945.000 ns	     36693	80007b98	011bd8b3	srl	x17,x23,x17	 x23:0x00000000 x17:0x00000000 x17=0x00000000
     366965.000 ns	     36695	80007b9c	a1c724d3	feq.s	x9,f14,f28	 f14:0xc32e0000 f28:0x00000000  x9=0x00000000
     367005.000 ns	     36699	80007ba0	105b94d3	fmul.s	f9,f23,f5	 f23:0x7fc00000  f5:0x7fc00000  f9=0x7fc00000
     367025.000 ns	     36701	80007ba4	01a55e93	srli	x29,x10,0x1a	 x10:0x7e9b8000 x29=0x0000001f
     367045.000 ns	     36703	80007ba8	d0147853	fcvt.s.wu	f16,x8	  x8:0x80040fe4 f16=0x4f00040f
     367075.000 ns	     36706	80007bac	029e8cb3	mul	x25,x29,x9	 x29:0x00000000  x9:0x00000000 x25=0x00000000
     367105.000 ns	     36709	80007bb0	02b29833	mulh	x16,x5,x11	  x5:0x95c72b90 x11:0x00000000 x16=0x00000000
     367135.000 ns	     36712	80007bb4	030dc4b3	div	x9,x27,x16	 x27:0x00000000 x16:0x00000000  x9=0xffffffff
     367155.000 ns	     36714	80007bb8	00da1c93	slli	x25,x20,0xd	 x20:0x80041024 x25=0x82048000
     367515.000 ns	     36750	80007bbc	02fc62b3	rem	x5,x24,x15	 x24:0x00000000 x15:0xffe00000  x5=0x00000000
     367545.000 ns	     36753	80007bc0	03a8f4b3	remu	x9,x17,x26	 x17:0x00000000 x26:0x00000000  x9=0x00000000
     367575.000 ns	     36756	80007bc4	20db93d3	fsgnjn.s	f7,f23,f13	 f23:0x7fc00000 f13:0x7fc00000  f7=0xffc00000
     367605.000 ns	     36759	80007bc8	c00a7fd3	fcvt.w.s	x31,f20	 f20:0x7fc00000 x31=0x7fffffff
     367635.000 ns	     36762	80007bcc	e0048fd3	fmv.x.w	x31,f9	  f9:0x7fc00000 x31=0x7fc00000
     367655.000 ns	     36764	80007bd0	01e005b3	add	x11,x0,x30	  x0:0x00000000 x30:0x00000000 x11=0x00000000
     368015.000 ns	     36800	80007bd4	0235c633	div	x12,x11,x3	 x11:0x00000000  x3:0x80040fe3 x12=0x00000000
     368035.000 ns	     36802	80007bd8	00e04bb3	xor	x23,x0,x14	  x0:0x00000000 x14:0xfffc0000 x23=0xfffc0000
     368055.000 ns	     36804	80007bdc	c013fd53	fcvt.wu.s	x26,f7	  f7:0xffc00000 x26=0xffffffff
     368085.000 ns	     36807	80007be0	202fa0d3	fsgnjx.s	f1,f31,f2	 f31:0x7fc00000  f2:0xce671336  f1=0xffc00000
     368105.000 ns	     36809	80007be4	000cdc13	srli	x24,x25,0x0	 x25:0x82048000 x24=0x82048000
     368115.000 ns	     36810	80007be8	011514b3	sll	x9,x10,x17	 x10:0x7e9b8000 x17:0x00000000  x9=0x7e9b8000
     368475.000 ns	     36846	80007bec	03d1d4b3	divu	x9,x3,x29	  x3:0x80040fe3 x29:0x0000001f  x9=0x042129cd
     368505.000 ns	     36849	80007bf0	a0c30ad3	fle.s	x21,f6,f12	  f6:0x00000000 f12:0xa62dc000 x21=0x00000000
     368525.000 ns	     36851	80007bf4	00b7de33	srl	x28,x15,x11	 x15:0xffe00000 x11:0x00000000 x28=0xffe00000
     368535.000 ns	     36852	80007bf8	0039c9b3	xor	x19,x19,x3	 x19:0x00000000  x3:0x80040fe3 x19=0x80040fe3
     368545.000 ns	     36853	80007bfc	00dd8d33	add	x26,x27,x13	 x27:0x00000000 x13:0xffe00000 x26=0xffe00000
     368575.000 ns	     36856	80007c00	11f0fbd3	fmul.s	f23,f1,f31	  f1:0xffc00000 f31:0x7fc00000 f23=0x7fc00000
     368945.000 ns	     36893	80007c04	027bc3b3	div	x7,x23,x7	 x23:0xfffc0000  x7:0x00000001  x7=0xfffc0000
     368975.000 ns	     36896	80007c08	d01d7253	fcvt.s.wu	f4,x26	 x26:0xffe00000  f4=0x4f7fe000
     368995.000 ns	     36898	80007c0c	dd1f6913	ori	x18,x30,-559	 x30:0x00000000 x18=0xfffffdd1
     369005.000 ns	     36899	80007c10	00000013	addi	x0,x0,0	  x0:0x00000000
     369015.000 ns	     36900	80007c14	01eb3233	sltu	x4,x22,x30	 x22:0x00000000 x30:0x00000000  x4=0x00000000
     369035.000 ns	     36902	80007c18	02fa1333	mulh	x6,x20,x15	 x20:0x80041024 x15:0xffe00000  x6=0x000fff7d
     369065.000 ns	     36905	80007c1c	292b97d3	fmax.s	f15,f23,f18	 f23:0x7fc00000 f18:0x4e671336 f15=0x4e671336
     369085.000 ns	     36907	80007c20	007d1c93	slli	x25,x26,0x7	 x26:0xffe00000 x25=0xf0000000
     369105.000 ns	     36909	80007c24	0279a833	mulhsu	x16,x19,x7	 x19:0x80040fe3  x7:0xfffc0000 x16=0x80060fd2
     369125.000 ns	     36911	80007c28	01fd21b3	slt	x3,x26,x31	 x26:0xffe00000 x31:0x7fc00000  x3=0x00000001
     369135.000 ns	     36912	80007c2c	99e39c17	auipc	x24,0x99e39	 x24=0x19e40c2c
     369155.000 ns	     36914	80007c30	03547033	remu	x0,x8,x21	  x8:0x80040fe4 x21:0x00000000
     369185.000 ns	     36917	80007c34	a1509953	flt.s	x18,f1,f21	  f1:0xffc00000 f21:0x7fc00000 x18=0x00000000
     369205.000 ns	     36919	80007c38	013b29b3	slt	x19,x22,x19	 x22:0x00000000 x19:0x80040fe3 x19=0x00000000
     369225.000 ns	     36921	80007c3c	03070333	mul	x6,x14,x16	 x14:0xfffc0000 x16:0x80060fd2  x6=0xc0b80000
     369275.000 ns	     36926	80007c40	09487453	fsub.s	f8,f16,f20	 f16:0x4f00040f f20:0x7fc00000  f8=0x7fc00000
     369295.000 ns	     36928	80007c44	8da66793	ori	x15,x12,-1830	 x12:0x00000000 x15=0xfffff8da
     369305.000 ns	     36929	80007c48	002ee733	or	x14,x29,x2	 x29:0x0000001f  x2:0x80040fe3 x14=0x80040fff
     369325.000 ns	     36931	80007c4c	29500fd3	fmin.s	f31,f0,f21	  f0:0x4f7ffff7 f21:0x7fc00000 f31=0x4f7ffff7
     369355.000 ns	     36934	80007c50	29059353	fmax.s	f6,f11,f16	 f11:0xc47d0000 f16:0x4f00040f  f6=0x4f00040f
     369375.000 ns	     36936	80007c54	87172293	slti	x5,x14,-1935	 x14:0x80040fff  x5=0x00000001
     369395.000 ns	     36938	80007c58	d01395d3	fcvt.s.wu	f11,x7	  x7:0xfffc0000 f11=0x4f7ffc00
     369425.000 ns	     36941	80007c5c	209f11d3	fsgnjn.s	f3,f30,f9	 f30:0x00000000  f9:0x7fc00000  f3=0x80000000
     369445.000 ns	     36943	80007c60	af93b493	sltiu	x9,x7,-1287	  x7:0xfffc0000  x9=0x00000001
     369805.000 ns	     36979	80007c64	0236e7b3	rem	x15,x13,x3	 x13:0xffe00000  x3:0x00000001 x15=0x00000000
     369825.000 ns	     36981	80007c68	21731a97	auipc	x21,0x21731	 x21=0xa1738c68
     369845.000 ns	     36983	80007c6c	c012f353	fcvt.wu.s	x6,f5	  f5:0x7fc00000  x6=0xffffffff
     369865.000 ns	     36985	80007c70	001e0fb3	add	x31,x28,x1	 x28:0xffe00000  x1:0x80000000 x31=0x7fe00000
     369885.000 ns	     36987	80007c74	a19f2753	feq.s	x14,f30,f25	 f30:0x00000000 f25:0xffc00000 x14=0x00000000
     369915.000 ns	     36990	80007c78	f00b84d3	fmv.w.x	f9,x23	 x23:0xfffc0000  f9=0xfffc0000
     369935.000 ns	     36992	80007c7c	01574333	xor	x6,x14,x21	 x14:0x00000000 x21:0xa1738c68  x6=0xa1738c68
     369955.000 ns	     36994	80007c80	033f91b3	mulh	x3,x31,x19	 x31:0x7fe00000 x19:0x00000000  x3=0x00000000
     369985.000 ns	     36997	80007c84	e00a14d3	fclass.s	x9,f20	 f20:0x7fc00000  x9=0x00000200
     370005.000 ns	     36999	80007c88	bdbac913	xori	x18,x21,-1061	 x21:0xa1738c68 x18=0x5e8c77b3
     370015.000 ns	     37000	80007c8c	77dec8b7	lui	x17,0x77dec	 x17=0x77dec000
     370035.000 ns	     37002	80007c90	a0ec89d3	fle.s	x19,f25,f14	 f25:0xffc00000 f14:0xc32e0000 x19=0x00000000
     370065.000 ns	     37005	80007c94	20da9d53	fsgnjn.s	f26,f21,f13	 f21:0x7fc00000 f13:0x7fc00000 f26=0xffc00000
     370085.000 ns	     37007	80007c98	01eef933	and	x18,x29,x30	 x29:0x0000001f x30:0x00000000 x18=0x00000000
     370105.000 ns	     37009	80007c9c	21db08d3	fsgnj.s	f17,f22,f29	 f22:0x4bb24000 f29:0x00000000 f17=0x4bb24000
     370125.000 ns	     37011	80007ca0	ef2ad637	lui	x12,0xef2ad	 x12=0xef2ad000
     370485.000 ns	     37047	80007ca4	03c067b3	rem	x15,x0,x28	  x0:0x00000000 x28:0xffe00000 x15=0x00000000
     370535.000 ns	     37052	80007ca8	01eab9d3	fadd.s	f19,f21,f30	 f21:0x7fc00000 f30:0x00000000 f19=0x7fc00000
     370555.000 ns	     37054	80007cac	3cb42393	slti	x7,x8,971	  x8:0x80040fe4  x7=0x00000001
     370575.000 ns	     37056	80007cb0	a06b9bd3	flt.s	x23,f23,f6	 f23:0x7fc00000  f6:0x4f00040f x23=0x00000000
     370595.000 ns	     37058	80007cb4	01f298b3	sll	x17,x5,x31	  x5:0x00000001 x31:0x7fe00000 x17=0x00000001
     370605.000 ns	     37059	80007cb8	016bdfb3	srl	x31,x23,x22	 x23:0x00000000 x22:0x00000000 x31=0x00000000
     370615.000 ns	     37060	80007cbc	01718ab3	add	x21,x3,x23	  x3:0x00000000 x23:0x00000000 x21=0x00000000
     370625.000 ns	     37061	80007cc0	9f964613	xori	x12,x12,-1543	 x12:0xef2ad000 x12=0x10d529f9
     370985.000 ns	     37097	80007cc4	02a85b33	divu	x22,x16,x10	 x16:0x80060fd2 x10:0x7e9b8000 x22=0x00000001
     371005.000 ns	     37099	80007cc8	01f37fb3	and	x31,x6,x31	  x6:0xa1738c68 x31:0x00000000 x31=0x00000000
     371025.000 ns	     37101	80007ccc	02090133	mul	x2,x18,x0	 x18:0x00000000  x0:0x00000000  x2=0x00000000
     371065.000 ns	     37105	80007cd0	116ef953	fmul.s	f18,f29,f22	 f29:0x00000000 f22:0x4bb24000 f18=0x00000000
     371435.000 ns	     37142	80007cd4	0258cb33	div	x22,x17,x5	 x17:0x00000001  x5:0x00000001 x22=0x00000001
     371455.000 ns	     37144	80007cd8	dc94c993	xori	x19,x9,-567	  x9:0x00000200 x19=0xffffffc9
     371465.000 ns	     37145	80007cdc	24983913	sltiu	x18,x16,585	 x16:0x80060fd2 x18=0x00000000
     371825.000 ns	     37181	80007ce0	031a4e33	div	x28,x20,x17	 x20:0x80041024 x17:0x00000001 x28=0x80041024
     371855.000 ns	     37184	80007ce4	02573033	mulhu	x0,x14,x5	 x14:0x00000000  x5:0x00000001
     371875.000 ns	     37186	80007ce8	ea98a293	slti	x5,x17,-343	 x17:0x00000001  x5=0x00000000
     371895.000 ns	     37188	80007cec	287f8753	fmin.s	f14,f31,f7	 f31:0x4f7ffff7  f7:0xffc00000 f14=0x4f7ffff7
     371915.000 ns	     37190	80007cf0	40b95193	srai	x3,x18,0xb	 x18:0x00000000  x3=0x00000000
     371925.000 ns	     37191	80007cf4	01430db3	add	x27,x6,x20	  x6:0xa1738c68 x20:0x80041024 x27=0x21779c8c
     371935.000 ns	     37192	80007cf8	d343b617	auipc	x12,0xd343b	 x12=0x53442cf8
     371955.000 ns	     37194	80007cfc	d0088953	fcvt.s.w	f18,x17	 x17:0x00000001 f18=0x3f800000
     371985.000 ns	     37197	80007d00	212382d3	fsgnj.s	f5,f7,f18	  f7:0xffc00000 f18:0x00000000  f5=0x7fc00000
     372005.000 ns	     37199	80007d04	e9166313	ori	x6,x12,-367	 x12:0x53442cf8  x6=0xfffffef9
     372015.000 ns	     37200	80007d08	e6142293	slti	x5,x8,-415	  x8:0x80040fe4  x5=0x00000001
     372025.000 ns	     37201	80007d0c	01e3ce33	xor	x28,x7,x30	  x7:0x00000001 x30:0x00000000 x28=0x00000001
     372035.000 ns	     37202	80007d10	838b4d13	xori	x26,x22,-1992	 x22:0x00000001 x26=0xfffff839
     372045.000 ns	     37203	80007d14	00ab2bb3	slt	x23,x22,x10	 x22:0x00000001 x10:0x7e9b8000 x23=0x00000001
     372075.000 ns	     37206	80007d18	580143d3	fsqrt.s	f7,f2	  f2:0xce671336  f7=0x7fc00000
     372105.000 ns	     37209	80007d1c	d0067dd3	fcvt.s.w	f27,x12	 x12:0x53442cf8 f27=0x4ea68859
     372145.000 ns	     37213	80007d20	11707dd3	fmul.s	f27,f0,f23	  f0:0x4f7ffff7 f23:0x7fc00000 f27=0x7fc00000
     372175.000 ns	     37216	80007d24	c018b9d3	fcvt.wu.s	x19,f17	 f17:0x4bb24000 x19=0x01648000
     372545.000 ns	     37253	80007d28	02cbc2b3	div	x5,x23,x12	 x23:0x00000001 x12:0x53442cf8  x5=0x00000000
     372575.000 ns	     37256	80007d2c	a0571853	flt.s	x16,f14,f5	 f14:0x4f7ffff7  f5:0x7fc00000 x16=0x00000000
     372595.000 ns	     37258	80007d30	000c4733	xor	x14,x24,x0	 x24:0x19e40c2c  x0:0x00000000 x14=0x19e40c2c
     372615.000 ns	     37260	80007d34	c00af2d3	fcvt.w.s	x5,f21	 f21:0x7fc00000  x5=0x7fffffff
     372645.000 ns	     37263	80007d38	e0028053	fmv.x.w	x0,f5	  f5:0x7fc00000
     372665.000 ns	     37265	80007d3c	014d1893	slli	x17,x26,0x14	 x26:0xfffff839 x17=0x83900000
     372675.000 ns	     37266	80007d40	7b27a893	slti	x17,x15,1970	 x15:0x00000000 x17=0x00000001
     372715.000 ns	     37270	80007d44	094d1fd3	fsub.s	f31,f26,f20	 f26:0xffc00000 f20:0x7fc00000 f31=0x7fc00000
     373085.000 ns	     37307	80007d48	03ca79b3	remu	x19,x20,x28	 x20:0x80041024 x28:0x00000001 x19=0x00000000
     373115.000 ns	     37310	80007d4c	c00f0dd3	fcvt.w.s	x27,f30	 f30:0x00000000 x27=0x00000000
     373135.000 ns	     37312	80007d50	008636b3	sltu	x13,x12,x8	 x12:0x53442cf8  x8:0x80040fe4 x13=0x00000001
     373145.000 ns	     37313	80007d54	9f0d4393	xori	x7,x26,-1552	 x26:0xfffff839  x7=0x000001c9
     373155.000 ns	     37314	80007d58	00fea033	slt	x0,x29,x15	 x29:0x0000001f x15:0x00000000
     373165.000 ns	     37315	80007d5c	40f80733	sub	x14,x16,x15	 x16:0x00000000 x15:0x00000000 x14=0x00000000
     373185.000 ns	     37317	80007d60	020028b3	mulhsu	x17,x0,x0	  x0:0x00000000  x0:0x00000000 x17=0x00000000
     373205.000 ns	     37319	80007d64	00000013	addi	x0,x0,0	  x0:0x00000000
     373225.000 ns	     37321	80007d68	f00d0453	fmv.w.x	f8,x26	 x26:0xfffff839  f8=0xfffff839
     373265.000 ns	     37325	80007d6c	190f7953	fdiv.s	f18,f30,f16	 f30:0x00000000 f16:0x4f00040f f18=0x00000000
     373295.000 ns	     37328	80007d70	02bcc4b3	div	x9,x25,x11	 x25:0xf0000000 x11:0x00000000  x9=0xffffffff
     373325.000 ns	     37331	80007d74	208727d3	fsgnjx.s	f15,f14,f8	 f14:0x4f7ffff7  f8:0xfffff839 f15=0xcf7ffff7
     373695.000 ns	     37368	80007d78	0340c633	div	x12,x1,x20	  x1:0x80000000 x20:0x80041024 x12=0x00000001
     373715.000 ns	     37370	80007d7c	01c81213	slli	x4,x16,0x1c	 x16:0x00000000  x4=0x00000000
     373725.000 ns	     37371	80007d80	00c908b3	add	x17,x18,x12	 x18:0x00000000 x12:0x00000001 x17=0x00000001
     373745.000 ns	     37373	80007d84	2135aad3	fsgnjx.s	f21,f11,f19	 f11:0x4f7ffc00 f19:0x7fc00000 f21=0x4f7ffc00
     373775.000 ns	     37376	80007d88	203c2ed3	fsgnjx.s	f29,f24,f3	 f24:0xcf000000  f3:0x80000000 f29=0x4f000000
     373795.000 ns	     37378	80007d8c	ed2b8997	auipc	x19,0xed2b8	 x19=0x6d2bfd8c
     373805.000 ns	     37379	80007d90	2b59fd13	andi	x26,x19,693	 x19:0x00000000 x26=0x00000084
     373815.000 ns	     37380	80007d94	00389ab3	sll	x21,x17,x3	 x17:0x00000001  x3:0x00000000 x21=0x00000001
     373835.000 ns	     37382	80007d98	a1290353	fle.s	x6,f18,f18	 f18:0x00000000 f18:0x00000000  x6=0x00000001
     373865.000 ns	     37385	80007d9c	297c9ad3	fmax.s	f21,f25,f23	 f25:0xffc00000 f23:0x7fc00000 f21=0x7fc00000
     373885.000 ns	     37387	80007da0	417a52b3	sra	x5,x20,x23	 x20:0x80041024 x23:0x00000001  x5=0xc0020812
     373925.000 ns	     37391	80007da4	0050f553	fadd.s	f10,f1,f5	  f1:0xffc00000  f5:0x7fc00000 f10=0x7fc00000
     373955.000 ns	     37394	80007da8	20bda0d3	fsgnjx.s	f1,f27,f11	 f27:0x7fc00000 f11:0x4f7ffc00  f1=0x7fc00000
     373975.000 ns	     37396	80007dac	00000013	addi	x0,x0,0	  x0:0x00000000
     373985.000 ns	     37397	80007db0	41f207b3	sub	x15,x4,x31	  x4:0x00000000 x31:0x00000000 x15=0x00000000
     373995.000 ns	     37398	80007db4	00c81e93	slli	x29,x16,0xc	 x16:0x00000000 x29=0x00000000
     374005.000 ns	     37399	80007db8	e410bf93	sltiu	x31,x1,-447	  x1:0x80000000 x31=0x00000001
     374015.000 ns	     37400	80007dbc	00cc51b3	srl	x3,x24,x12	 x24:0x19e40c2c x12:0x00000001  x3=0x0cf20616
     374035.000 ns	     37402	80007dc0	285298d3	fmax.s	f17,f5,f5	  f5:0x7fc00000  f5:0x7fc00000 f17=0x7fc00000
     374055.000 ns	     37404	80007dc4	0076e233	or	x4,x13,x7	 x13:0x00000001  x7:0x000001c9  x4=0x000001c9
     374075.000 ns	     37406	80007dc8	c01ab8d3	fcvt.wu.s	x17,f21	 f21:0x7fc00000 x17=0xffffffff
     374105.000 ns	     37409	80007dcc	2027a753	fsgnjx.s	f14,f15,f2	 f15:0xcf7ffff7  f2:0xce671336 f14=0x4f7ffff7
     374125.000 ns	     37411	80007dd0	a0d00693	addi	x13,x0,-1523	  x0:0x00000000 x13=0xfffffa0d
     374145.000 ns	     37413	80007dd4	c0143253	fcvt.wu.s	x4,f8	  f8:0xfffff839  x4=0xffffffff
     374165.000 ns	     37415	80007dd8	00000013	addi	x0,x0,0	  x0:0x00000000
     374175.000 ns	     37416	80007ddc	01b09113	slli	x2,x1,0x1b	  x1:0x80000000  x2=0x00000000
     374195.000 ns	     37418	80007de0	03e4d1b3	divu	x3,x9,x30	  x9:0xffffffff x30:0x00000000  x3=0xffffffff
     374215.000 ns	     37420	80007de4	01c5eab3	or	x21,x11,x28	 x11:0x00000000 x28:0x00000001 x21=0x00000001
     374225.000 ns	     37421	80007de8	01f7fb33	and	x22,x15,x31	 x15:0x00000000 x31:0x00000001 x22=0x00000000
     374245.000 ns	     37423	80007dec	e00c14d3	fclass.s	x9,f24	 f24:0xcf000000  x9=0x00000002
     374275.000 ns	     37426	80007df0	d01ff8d3	fcvt.s.wu	f17,x31	 x31:0x00000001 f17=0x3f800000
     374305.000 ns	     37429	80007df4	d00d76d3	fcvt.s.w	f13,x26	 x26:0x00000084 f13=0x43040000
     374325.000 ns	     37431	80007df8	010c2533	slt	x10,x24,x16	 x24:0x19e40c2c x16:0x00000000 x10=0x00000000
     374335.000 ns	     37432	80007dfc	00ec9cb3	sll	x25,x25,x14	 x25:0xf0000000 x14:0x00000000 x25=0xf0000000
     374375.000 ns	     37436	80007e00	018093d3	fadd.s	f7,f1,f24	  f1:0x7fc00000 f24:0xcf000000  f7=0x7fc00000
     374395.000 ns	     37438	80007e04	7e316b93	ori	x23,x2,2019	  x2:0x00000000 x23=0x000007e3
     374405.000 ns	     37439	80007e08	f2fc1d17	auipc	x26,0xf2fc1	 x26=0x72fc8e08
     374425.000 ns	     37441	80007e0c	21af8853	fsgnj.s	f16,f31,f26	 f31:0x7fc00000 f26:0xffc00000 f16=0xffc00000
     374445.000 ns	     37443	80007e10	2dccc313	xori	x6,x25,732	 x25:0xf0000000  x6=0xf00002dc
     374455.000 ns	     37444	80007e14	400158b3	sra	x17,x2,x0	  x2:0x00000000  x0:0x00000000 x17=0x00000000
     374475.000 ns	     37446	80007e18	f00808d3	fmv.w.x	f17,x16	 x16:0x00000000 f17=0x00000000
     374495.000 ns	     37448	80007e1c	002086b3	add	x13,x1,x2	  x1:0x80000000  x2:0x00000000 x13=0x80000000
     374515.000 ns	     37450	80007e20	290b9c53	fmax.s	f24,f23,f16	 f23:0x7fc00000 f16:0xffc00000 f24=0x7fc00000
     374545.000 ns	     37453	80007e24	21e1ab53	fsgnjx.s	f22,f3,f30	  f3:0x80000000 f30:0x00000000 f22=0x80000000
     374575.000 ns	     37456	80007e28	02c20633	mul	x12,x4,x12	  x4:0xffffffff x12:0x00000001 x12=0xffffffff
     374605.000 ns	     37459	80007e2c	030829b3	mulhsu	x19,x16,x16	 x16:0x00000000 x16:0x00000000 x19=0x00000000
     374645.000 ns	     37463	80007e30	1900f953	fdiv.s	f18,f1,f16	  f1:0x7fc00000 f16:0xffc00000 f18=0x7fc00000
     374665.000 ns	     37465	80007e34	096eca93	xori	x21,x29,150	 x29:0x00000000 x21=0x00000096
     374685.000 ns	     37467	80007e38	03dd7333	remu	x6,x26,x29	 x26:0x72fc8e08 x29:0x00000000  x6=0x72fc8e08
     374705.000 ns	     37469	80007e3c	01ad4db3	xor	x27,x26,x26	 x26:0x72fc8e08 x26:0x72fc8e08 x27=0x00000000
     374725.000 ns	     37471	80007e40	210c8dd3	fsgnj.s	f27,f25,f16	 f25:0xffc00000 f16:0xffc00000 f27=0xffc00000
     374755.000 ns	     37474	80007e44	21a61c53	fsgnjn.s	f24,f12,f26	 f12:0xa62dc000 f26:0xffc00000 f24=0x262dc000
     374775.000 ns	     37476	80007e48	404902b3	sub	x5,x18,x4	 x18:0x00000000  x4:0xffffffff  x5=0x00000001
     374795.000 ns	     37478	80007e4c	027a86b3	mul	x13,x21,x7	 x21:0x00000096  x7:0x000001c9 x13=0x00010bc6
     374815.000 ns	     37480	80007e50	4034d133	sra	x2,x9,x3	  x9:0x00000002  x3:0xffffffff  x2=0x00000000
     374835.000 ns	     37482	80007e54	036e8133	mul	x2,x29,x22	 x29:0x00000000 x22:0x00000000  x2=0x00000000
     374865.000 ns	     37485	80007e58	03c99bb3	mulh	x23,x19,x28	 x19:0x00000000 x28:0x00000001 x23=0x00000000
     375235.000 ns	     37522	80007e5c	03c748b3	div	x17,x14,x28	 x14:0x00000000 x28:0x00000001 x17=0x00000000
     375255.000 ns	     37524	80007e60	de9a4293	xori	x5,x20,-535	 x20:0x80041024  x5=0x7ffbedcd
     375265.000 ns	     37525	80007e64	01da92b3	sll	x5,x21,x29	 x21:0x00000096 x29:0x00000000  x5=0x00000096
     375285.000 ns	     37527	80007e68	29340653	fmin.s	f12,f8,f19	  f8:0xfffff839 f19:0x7fc00000 f12=0x7fc00000
     375305.000 ns	     37529	80007e6c	88203c93	sltiu	x25,x0,-1918	  x0:0x00000000 x25=0x00000001
     375315.000 ns	     37530	80007e70	016ddc93	srli	x25,x27,0x16	 x27:0x00000000 x25=0x00000000
     375325.000 ns	     37531	80007e74	61a7a613	slti	x12,x15,1562	 x15:0x00000000 x12=0x00000001
     375335.000 ns	     37532	80007e78	01e06f33	or	x30,x0,x30	  x0:0x00000000 x30:0x00000000 x30=0x00000000
     375355.000 ns	     37534	80007e7c	f0070353	fmv.w.x	f6,x14	 x14:0x00000000  f6=0x00000000
     375385.000 ns	     37537	80007e80	d0029453	fcvt.s.w	f8,x5	  x5:0x00000096  f8=0x43160000
     375415.000 ns	     37540	80007e84	21989cd3	fsgnjn.s	f25,f17,f25	 f17:0x00000000 f25:0xffc00000 f25=0x00000000
     375435.000 ns	     37542	80007e88	014fd013	srli	x0,x31,0x14	 x31:0x00000001
     375455.000 ns	     37544	80007e8c	03161733	mulh	x14,x12,x17	 x12:0x00000001 x17:0x00000000 x14=0x00000000
     375495.000 ns	     37548	80007e90	580cbe53	fsqrt.s	f28,f25	 f25:0x00000000 f28=0x00000000
     375525.000 ns	     37551	80007e94	28b690d3	fmax.s	f1,f13,f11	 f13:0x43040000 f11:0x4f7ffc00  f1=0x4f7ffc00
     375545.000 ns	     37553	80007e98	2d096b13	ori	x22,x18,720	 x18:0x00000000 x22=0x000002d0
     375555.000 ns	     37554	80007e9c	006e5393	srli	x7,x28,0x6	 x28:0x00000001  x7=0x00000000
     375565.000 ns	     37555	80007ea0	dc730b13	addi	x22,x6,-569	  x6:0x72fc8e08 x22=0x72fc8bcf
     375595.000 ns	     37558	80007ea4	19337fd3	fdiv.s	f31,f6,f19	  f6:0x00000000 f19:0x7fc00000 f31=0x7fc00000
     375615.000 ns	     37560	80007ea8	01a6cc33	xor	x24,x13,x26	 x13:0x00010bc6 x26:0x72fc8e08 x24=0x72fd85ce
     375655.000 ns	     37564	80007eac	019cffd3	fadd.s	f31,f25,f25	 f25:0x00000000 f25:0x00000000 f31=0x00000000
     375685.000 ns	     37567	80007eb0	e00382d3	fmv.x.w	x5,f7	  f7:0x7fc00000  x5=0x7fc00000
     375705.000 ns	     37569	80007eb4	41a205b3	sub	x11,x4,x26	  x4:0xffffffff x26:0x72fc8e08 x11=0x8d0371f7
     375715.000 ns	     37570	80007eb8	005ddc13	srli	x24,x27,0x5	 x27:0x00000000 x24=0x00000000
     375735.000 ns	     37572	80007ebc	c018fe53	fcvt.wu.s	x28,f17	 f17:0x00000000 x28=0x00000000
     375775.000 ns	     37576	80007ec0	18467bd3	fdiv.s	f23,f12,f4	 f12:0x7fc00000  f4:0x4f7fe000 f23=0x7fc00000
     375805.000 ns	     37579	80007ec4	c00faed3	fcvt.w.s	x29,f31	 f31:0x00000000 x29=0x00000000
     375825.000 ns	     37581	80007ec8	00214d33	xor	x26,x2,x2	  x2:0x00000000  x2:0x00000000 x26=0x00000000
     375835.000 ns	     37582	80007ecc	01ca8fb3	add	x31,x21,x28	 x21:0x00000096 x28:0x00000000 x31=0x00000096
     375855.000 ns	     37584	80007ed0	21e71cd3	fsgnjn.s	f25,f14,f30	 f14:0x4f7ffff7 f30:0x00000000 f25=0xcf7ffff7
     375885.000 ns	     37587	80007ed4	21c48a53	fsgnj.s	f20,f9,f28	  f9:0xfffc0000 f28:0x00000000 f20=0x7ffc0000
     375905.000 ns	     37589	80007ed8	5aba2113	slti	x2,x20,1451	 x20:0x80041024  x2=0x00000001
     375925.000 ns	     37591	80007edc	027e3033	mulhu	x0,x28,x7	 x28:0x00000000  x7:0x00000000
     375955.000 ns	     37594	80007ee0	c00775d3	fcvt.w.s	x11,f14	 f14:0x4f7ffff7 x11=0x7fffffff
     375985.000 ns	     37597	80007ee4	03800ab3	mul	x21,x0,x24	  x0:0x00000000 x24:0x00000000 x21=0x00000000
     376005.000 ns	     37599	80007ee8	00e4eeb3	or	x29,x9,x14	  x9:0x00000002 x14:0x00000000 x29=0x00000002
     376025.000 ns	     37601	80007eec	02429733	mulh	x14,x5,x4	  x5:0x7fc00000  x4:0xffffffff x14=0xffffffff
     376055.000 ns	     37604	80007ef0	024288b3	mul	x17,x5,x4	  x5:0x7fc00000  x4:0xffffffff x17=0x80400000
     376085.000 ns	     37607	80007ef4	a1828353	fle.s	x6,f5,f24	  f5:0x7fc00000 f24:0x262dc000  x6=0x00000000
     376105.000 ns	     37609	80007ef8	01045693	srli	x13,x8,0x10	  x8:0x80040fe4 x13=0x00008004
     376115.000 ns	     37610	80007efc	fd0db713	sltiu	x14,x27,-48	 x27:0x00000000 x14=0x00000001
     376125.000 ns	     37611	80007f00	39784c93	xori	x25,x16,919	 x16:0x00000000 x25=0x00000397
     376145.000 ns	     37613	80007f04	f00b0e53	fmv.w.x	f28,x22	 x22:0x72fc8bcf f28=0x72fc8bcf
     376195.000 ns	     37618	80007f08	01c070d3	fadd.s	f1,f0,f28	  f0:0x4f7ffff7 f28:0x00000000  f1=0x72fc8bcf
     376215.000 ns	     37620	80007f0c	00857cb3	and	x25,x10,x8	 x10:0x00000000  x8:0x80040fe4 x25=0x00000000
     376225.000 ns	     37621	80007f10	211fad17	auipc	x26,0x211fa	 x26=0xa1201f10
     376235.000 ns	     37622	80007f14	00000013	addi	x0,x0,0	  x0:0x00000000
     376255.000 ns	     37624	80007f18	f00a0a53	fmv.w.x	f20,x20	 x20:0x80041024 f20=0x80041024
     376275.000 ns	     37626	80007f1c	006ddc33	srl	x24,x27,x6	 x27:0x00000000  x6:0x00000000 x24=0x00000000
     376295.000 ns	     37628	80007f20	024b09b3	mul	x19,x22,x4	 x22:0x72fc8bcf  x4:0xffffffff x19=0x8d037431
     376325.000 ns	     37631	80007f24	034635b3	mulhu	x11,x12,x20	 x12:0x00000001 x20:0x80041024 x11=0x00000000
     376345.000 ns	     37633	80007f28	005c6133	or	x2,x24,x5	 x24:0x00000000  x5:0x7fc00000  x2=0x7fc00000
     376365.000 ns	     37635	80007f2c	026fbdb3	mulhu	x27,x31,x6	 x31:0x00000096  x6:0x00000000 x27=0x00000000
     376395.000 ns	     37638	80007f30	03858cb3	mul	x25,x11,x24	 x11:0x00000000 x24:0x00000000 x25=0x00000000
     376415.000 ns	     37640	80007f34	00098ab3	add	x21,x19,x0	 x19:0x8d037431  x0:0x00000000 x21=0x8d037431
     376425.000 ns	     37641	80007f38	011d9633	sll	x12,x27,x17	 x27:0x00000000 x17:0x80400000 x12=0x00000000
     376435.000 ns	     37642	80007f3c	273a3813	sltiu	x16,x20,627	 x20:0x80041024 x16=0x00000000
     376455.000 ns	     37644	80007f40	02f8dc33	divu	x24,x17,x15	 x17:0x80400000 x15:0x00000000 x24=0xffffffff
     376485.000 ns	     37647	80007f44	c012f053	fcvt.wu.s	x0,f5	  f5:0x7fc00000
     376505.000 ns	     37649	80007f48	000911b3	sll	x3,x18,x0	 x18:0x00000000  x0:0x00000000  x3=0x00000000
     376515.000 ns	     37650	80007f4c	009e9493	slli	x9,x29,0x9	 x29:0x00000002  x9=0x00000400
     376535.000 ns	     37652	80007f50	f0038ad3	fmv.w.x	f21,x7	  x7:0x00000000 f21=0x00000000
     376555.000 ns	     37654	80007f54	14aacd93	xori	x27,x21,330	 x21:0x8d037431 x27=0x8d03757b
     376585.000 ns	     37657	80007f58	11acf5d3	fmul.s	f11,f25,f26	 f25:0xcf7ffff7 f26:0xffc00000 f11=0x7fc00000
     376615.000 ns	     37660	80007f5c	0207b133	mulhu	x2,x15,x0	 x15:0x00000000  x0:0x00000000  x2=0x00000000
     376645.000 ns	     37663	80007f60	a01b9ed3	flt.s	x29,f23,f1	 f23:0x7fc00000  f1:0x72fc8bcf x29=0x00000000
     376665.000 ns	     37665	80007f64	76de9337	lui	x6,0x76de9	  x6=0x76de9000
     376685.000 ns	     37667	80007f68	a09c1bd3	flt.s	x23,f24,f9	 f24:0x262dc000  f9:0xfffc0000 x23=0x00000000
     377055.000 ns	     37704	80007f6c	026476b3	remu	x13,x8,x6	  x8:0x80040fe4  x6:0x00000000 x13=0x09257fe4
     377085.000 ns	     37707	80007f70	03a58033	mul	x0,x11,x26	 x11:0x00000000 x26:0xa1201f10
     377105.000 ns	     37709	80007f74	415de197	auipc	x3,0x415de	  x3=0xc15e5f74
     377125.000 ns	     37711	80007f78	c001b053	fcvt.w.s	x0,f3	  f3:0x80000000
     377155.000 ns	     37714	80007f7c	e00184d3	fmv.x.w	x9,f3	  f3:0x80000000  x9=0x80000000
     377175.000 ns	     37716	80007f80	01f2ff33	and	x30,x5,x31	  x5:0x7fc00000 x31:0x00000096 x30=0x00000000
     377185.000 ns	     37717	80007f84	6d8bcf13	xori	x30,x23,1752	 x23:0x00000000 x30=0x000006d8
     377205.000 ns	     37719	80007f88	d01ef4d3	fcvt.s.wu	f9,x29	 x29:0x00000000  f9=0x00000000
     377235.000 ns	     37722	80007f8c	03649b33	mulh	x22,x9,x22	  x9:0x80000000 x22:0x72fc8bcf x22=0xc681ba18
     377275.000 ns	     37726	80007f90	58064653	fsqrt.s	f12,f12	 f12:0x7fc00000 f12=0x7fc00000
     377295.000 ns	     37728	80007f94	00b69633	sll	x12,x13,x11	 x13:0x09257fe4 x11:0x00000000 x12=0x09257fe4
     377315.000 ns	     37730	80007f98	a05185d3	fle.s	x11,f3,f5	  f3:0x80000000  f5:0x7fc00000 x11=0x00000000
     377345.000 ns	     37733	80007f9c	a05d1bd3	flt.s	x23,f26,f5	 f26:0xffc00000  f5:0x7fc00000 x23=0x00000000
     377365.000 ns	     37735	80007fa0	00c2ff33	and	x30,x5,x12	  x5:0x7fc00000 x12:0x09257fe4 x30=0x09000000
     377375.000 ns	     37736	80007fa4	0076dd13	srli	x26,x13,0x7	 x13:0x09257fe4 x26=0x00124aff
     377385.000 ns	     37737	80007fa8	404c8ab3	sub	x21,x25,x4	 x25:0x00000000  x4:0xffffffff x21=0x00000001
     377395.000 ns	     37738	80007fac	0058cdb3	xor	x27,x17,x5	 x17:0x80400000  x5:0x7fc00000 x27=0xff800000
     377415.000 ns	     37740	80007fb0	d0124253	fcvt.s.wu	f4,x4	  x4:0xffffffff  f4=0x4f800000
     377445.000 ns	     37743	80007fb4	03c908b3	mul	x17,x18,x28	 x18:0x00000000 x28:0x00000000 x17=0x00000000
     377465.000 ns	     37745	80007fb8	61708c97	auipc	x25,0x61708	 x25=0xe170ffb8
     377485.000 ns	     37747	80007fbc	03880133	mul	x2,x16,x24	 x16:0x00000000 x24:0xffffffff  x2=0x00000000
     377505.000 ns	     37749	80007fc0	4159d5b3	sra	x11,x19,x21	 x19:0x8d037431 x21:0x00000001 x11=0xc681ba18
     377515.000 ns	     37750	80007fc4	000603b3	add	x7,x12,x0	 x12:0x09257fe4  x0:0x00000000  x7=0x09257fe4
     377525.000 ns	     37751	80007fc8	289da213	slti	x4,x27,649	 x27:0xff800000  x4=0x00000001
     377535.000 ns	     37752	80007fcc	01bd9533	sll	x10,x27,x27	 x27:0xff800000 x27:0xff800000 x10=0xff800000
     377555.000 ns	     37754	80007fd0	f0010553	fmv.w.x	f10,x2	  x2:0x00000000 f10=0x00000000
     377585.000 ns	     37757	80007fd4	20bd2fd3	fsgnjx.s	f31,f26,f11	 f26:0xffc00000 f11:0x7fc00000 f31=0xffc00000
     377605.000 ns	     37759	80007fd8	1ac7ea93	ori	x21,x15,428	 x15:0x00000000 x21=0x000001ac
     377625.000 ns	     37761	80007fdc	a13c8cd3	fle.s	x25,f25,f19	 f25:0xcf7ffff7 f19:0x7fc00000 x25=0x00000000
     377995.000 ns	     37798	80007fe0	02c96233	rem	x4,x18,x12	 x18:0x00000000 x12:0x09257fe4  x4=0x00000000
     378025.000 ns	     37801	80007fe4	a0b61153	flt.s	x2,f12,f11	 f12:0x7fc00000 f11:0x7fc00000  x2=0x00000000
     378055.000 ns	     37804	80007fe8	d00e86d3	fcvt.s.w	f13,x29	 x29:0x00000000 f13=0x00000000
     378075.000 ns	     37806	80007fec	41a586b3	sub	x13,x11,x26	 x11:0xc681ba18 x26:0x00124aff x13=0xc66f6f19
     378085.000 ns	     37807	80007ff0	4a25e493	ori	x9,x11,1186	 x11:0xc681ba18  x9=0xc681beba
     378095.000 ns	     37808	80007ff4	0179d593	srli	x11,x19,0x17	 x19:0x8d037431 x11=0x0000011a
     378455.000 ns	     37844	80007ff8	02dc5633	divu	x12,x24,x13	 x24:0xffffffff x13:0xc66f6f19 x12=0x00000001
     378495.000 ns	     37848	80007ffc	58057ad3	fsqrt.s	f21,f10	 f10:0x00000000 f21=0x00000000
     378525.000 ns	     37851	80008000	a04b85d3	fle.s	x11,f23,f4	 f23:0x7fc00000  f4:0x4f800000 x11=0x00000000
     378545.000 ns	     37853	80008004	958c8617	auipc	x12,0x958c8	 x12=0x158d0004
     378565.000 ns	     37855	80008008	29f80d53	fmin.s	f26,f16,f31	 f16:0xffc00000 f31:0xffc00000 f26=0x7fc00000
     378595.000 ns	     37858	8000800c	f0068453	fmv.w.x	f8,x13	 x13:0xc66f6f19  f8=0xc66f6f19
     378625.000 ns	     37861	80008010	e00693d3	fclass.s	x7,f13	 f13:0x00000000  x7=0x00000010
     378655.000 ns	     37864	80008014	d01c0ed3	fcvt.s.wu	f29,x24	 x24:0xffffffff f29=0x4f800000
     378675.000 ns	     37866	80008018	24a58697	auipc	x13,0x24a58	 x13=0xa4a60018
     378695.000 ns	     37868	8000801c	c014f853	fcvt.wu.s	x16,f9	  f9:0x00000000 x16=0x00000000
     378715.000 ns	     37870	80008020	8572cb93	xori	x23,x5,-1961	  x5:0x7fc00000 x23=0x803ff857
     378725.000 ns	     37871	80008024	018f74b3	and	x9,x30,x24	 x30:0x09000000 x24:0xffffffff  x9=0x09000000
     378735.000 ns	     37872	80008028	41bbd233	sra	x4,x23,x27	 x23:0x00000000 x27:0xff800000  x4=0x803ff857
     378745.000 ns	     37873	8000802c	75852f93	slti	x31,x10,1880	 x10:0xff800000 x31=0x00000001
     378755.000 ns	     37874	80008030	6574c793	xori	x15,x9,1623	  x9:0x09000000 x15=0x09000657
     378765.000 ns	     37875	80008034	a7660493	addi	x9,x12,-1418	 x12:0x158d0004  x9=0x158cfa7a
     378775.000 ns	     37876	80008038	010ad393	srli	x7,x21,0x10	 x21:0x000001ac  x7=0x00000000
     378785.000 ns	     37877	8000803c	0129a833	slt	x16,x19,x18	 x19:0x8d037431 x18:0x00000000 x16=0x00000001
     378795.000 ns	     37878	80008040	01b7f633	and	x12,x15,x27	 x15:0x09000657 x27:0xff800000 x12=0x09000000
     378815.000 ns	     37880	80008044	212a90d3	fsgnjn.s	f1,f21,f18	 f21:0x00000000 f18:0x7fc00000  f1=0x80000000
     378835.000 ns	     37882	80008048	f38e4213	xori	x4,x28,-200	 x28:0x00000000  x4=0xffffff38
     378845.000 ns	     37883	8000804c	35377c13	andi	x24,x14,851	 x14:0x00000001 x24=0x00000001
     378865.000 ns	     37885	80008050	c013fcd3	fcvt.wu.s	x25,f7	  f7:0x7fc00000 x25=0xffffffff
     378885.000 ns	     37887	80008054	729ede97	auipc	x29,0x729ed	 x29=0xf29f5054
     378905.000 ns	     37889	80008058	213d0bd3	fsgnj.s	f23,f26,f19	 f26:0x7fc00000 f19:0x7fc00000 f23=0x7fc00000
     378925.000 ns	     37891	8000805c	40948633	sub	x12,x9,x9	  x9:0x158cfa7a  x9:0x158cfa7a x12=0x00000000
     378955.000 ns	     37894	80008060	18b50453	fdiv.s	f8,f10,f11	 f10:0x00000000 f11:0x7fc00000  f8=0x7fc00000
     378975.000 ns	     37896	80008064	a3fd3213	sltiu	x4,x26,-1473	 x26:0x00124aff  x4=0x00000001
     378995.000 ns	     37898	80008068	a0fa9353	flt.s	x6,f21,f15	 f21:0x00000000 f15:0xcf7ffff7  x6=0x00000000
     379025.000 ns	     37901	8000806c	c01ec753	fcvt.wu.s	x14,f29	 f29:0x4f800000 x14=0x00000000
     379045.000 ns	     37903	80008070	23f6ad13	slti	x26,x13,575	 x13:0xa4a60018 x26=0x00000001
     379055.000 ns	     37904	80008074	4163db33	sra	x22,x7,x22	  x7:0x00000000 x22:0xc681ba18 x22=0x00000000
     379065.000 ns	     37905	80008078	591f8193	addi	x3,x31,1425	 x31:0x00000001  x3=0x00000592
     379075.000 ns	     37906	8000807c	00a009b3	add	x19,x0,x10	  x0:0x00000000 x10:0xff800000 x19=0xff800000
     379085.000 ns	     37907	80008080	01aed2b3	srl	x5,x29,x26	 x29:0xf29f5054 x26:0x00000001  x5=0x794fa82a
     379095.000 ns	     37908	80008084	01333833	sltu	x16,x6,x19	  x6:0x00000000 x19:0x8d037431 x16=0x00000001
     379115.000 ns	     37910	80008088	035a8533	mul	x10,x21,x21	 x21:0x000001ac x21:0x000001ac x10=0x0002cb90
     379485.000 ns	     37947	8000808c	03f9f833	remu	x16,x19,x31	 x19:0xff800000 x31:0x00000001 x16=0x00000000
     379855.000 ns	     37984	80008090	02d1f733	remu	x14,x3,x13	  x3:0x00000592 x13:0xa4a60018 x14=0x00000592
     379875.000 ns	     37986	80008094	40c35233	sra	x4,x6,x12	  x6:0x00000000 x12:0x00000000  x4=0x00000000
     380235.000 ns	     38022	80008098	034f6b33	rem	x22,x30,x20	 x30:0x09000000 x20:0x80041024 x22=0x09000000
     380275.000 ns	     38026	8000809c	11517b53	fmul.s	f22,f2,f21	  f2:0xce671336 f21:0x00000000 f22=0x80000000
     380295.000 ns	     38028	800080a0	5e0bfab7	lui	x21,0x5e0bf	 x21=0x5e0bf000
     380305.000 ns	     38029	800080a4	e415fdb7	lui	x27,0xe415f	 x27=0xe415f000
     380315.000 ns	     38030	800080a8	010634b3	sltu	x9,x12,x16	 x12:0x00000000 x16:0x00000000  x9=0x00000000
     380325.000 ns	     38031	800080ac	014f5b13	srli	x22,x30,0x14	 x30:0x09000000 x22=0x00000090
     380685.000 ns	     38067	800080b0	02877533	remu	x10,x14,x8	 x14:0x00000592  x8:0x80040fe4 x10=0x00000592
     380715.000 ns	     38070	800080b4	03d62d33	mulhsu	x26,x12,x29	 x12:0x00000000 x29:0xf29f5054 x26=0x00000000
     380745.000 ns	     38073	800080b8	d00c0e53	fcvt.s.w	f28,x24	 x24:0x00000001 f28=0x3f800000
     380765.000 ns	     38075	800080bc	016fd033	srl	x0,x31,x22	 x31:0x00000001 x22:0x00000090
     380775.000 ns	     38076	800080c0	01a637b3	sltu	x15,x12,x26	 x12:0x00000000 x26:0x00000000 x15=0x00000000
     380795.000 ns	     38078	800080c4	f0030953	fmv.w.x	f18,x6	  x6:0x00000000 f18=0x00000000
     380845.000 ns	     38083	800080c8	01117fd3	fadd.s	f31,f2,f17	  f2:0xce671336 f17:0x00000000 f31=0xce671336
     380865.000 ns	     38085	800080cc	9fc382b7	lui	x5,0x9fc38	  x5=0x9fc38000
     380875.000 ns	     38086	800080d0	cf837e37	lui	x28,0xcf837	 x28=0xcf837000
     380885.000 ns	     38087	800080d4	007996b3	sll	x13,x19,x7	 x19:0xff800000  x7:0x00000000 x13=0xff800000
     380905.000 ns	     38089	800080d8	c000ab53	fcvt.w.s	x22,f1	  f1:0x80000000 x22=0x00000000
     380945.000 ns	     38093	800080dc	580bf9d3	fsqrt.s	f19,f23	 f23:0x7fc00000 f19=0x7fc00000
     380975.000 ns	     38096	800080e0	a1d911d3	flt.s	x3,f18,f29	 f18:0x00000000 f29:0x4f800000  x3=0x00000001
     381025.000 ns	     38101	800080e4	01e61fd3	fadd.s	f31,f12,f30	 f12:0x7fc00000 f30:0x00000000 f31=0x7fc00000
     381055.000 ns	     38104	800080e8	03d791b3	mulh	x3,x15,x29	 x15:0x00000000 x29:0xf29f5054  x3=0x00000000
     381075.000 ns	     38106	800080ec	00791f33	sll	x30,x18,x7	 x18:0x00000000  x7:0x00000000 x30=0x00000000
     381095.000 ns	     38108	800080f0	030252b3	divu	x5,x4,x16	  x4:0x00000000 x16:0x00000000  x5=0xffffffff
     381115.000 ns	     38110	800080f4	45bcab93	slti	x23,x25,1115	 x25:0xffffffff x23=0x00000001
     381125.000 ns	     38111	800080f8	15a63813	sltiu	x16,x12,346	 x12:0x00000000 x16=0x00000001
     381145.000 ns	     38113	800080fc	c01d8553	fcvt.wu.s	x10,f27	 f27:0xffc00000 x10=0xffffffff
     381175.000 ns	     38116	80008100	a015af53	feq.s	x30,f11,f1	 f11:0x7fc00000  f1:0x80000000 x30=0x00000000
     381205.000 ns	     38119	80008104	a1eb2c53	feq.s	x24,f22,f30	 f22:0x80000000 f30:0x00000000 x24=0x00000001
     381235.000 ns	     38122	80008108	02e72d33	mulhsu	x26,x14,x14	 x14:0x00000592 x14:0x00000592 x26=0x00000000
     381255.000 ns	     38124	8000810c	40ff82b3	sub	x5,x31,x15	 x31:0x00000001 x15:0x00000000  x5=0x00000001
     381275.000 ns	     38126	80008110	c00bf6d3	fcvt.w.s	x13,f23	 f23:0x7fc00000 x13=0x7fffffff
     381295.000 ns	     38128	80008114	36173513	sltiu	x10,x14,865	 x14:0x00000592 x10=0x00000000
     381305.000 ns	     38129	80008118	01fff533	and	x10,x31,x31	 x31:0x00000001 x31:0x00000001 x10=0x00000001
     381315.000 ns	     38130	8000811c	59353a93	sltiu	x21,x10,1427	 x10:0xffffffff x21=0x00000001
     381325.000 ns	     38131	80008120	400cdb13	srai	x22,x25,0x0	 x25:0xffffffff x22=0xffffffff
     381335.000 ns	     38132	80008124	004b3833	sltu	x16,x22,x4	 x22:0x00000000  x4:0x00000000 x16=0x00000000
     381345.000 ns	     38133	80008128	00854b33	xor	x22,x10,x8	 x10:0x00000001  x8:0x80040fe4 x22=0x80040fe5
     381365.000 ns	     38135	8000812c	213f2353	fsgnjx.s	f6,f30,f19	 f30:0x00000000 f19:0x7fc00000  f6=0x00000000
     381735.000 ns	     38172	80008130	03c0f5b3	remu	x11,x1,x28	  x1:0x80000000 x28:0xcf837000 x11=0x80000000
     381755.000 ns	     38174	80008134	01a922b3	slt	x5,x18,x26	 x18:0x00000000 x26:0x00000000  x5=0x00000000
     381775.000 ns	     38176	80008138	c0117953	fcvt.wu.s	x18,f2	  f2:0xce671336 x18=0x39c4cd80
     382145.000 ns	     38213	8000813c	0348efb3	rem	x31,x17,x20	 x17:0x00000000 x20:0x80041024 x31=0x00000000
     382175.000 ns	     38216	80008140	03e801b3	mul	x3,x16,x30	 x16:0x00000000 x30:0x00000000  x3=0x00000000
     382195.000 ns	     38218	80008144	68e76d13	ori	x26,x14,1678	 x14:0x00000592 x26=0x0000079e
     382215.000 ns	     38220	80008148	28688953	fmin.s	f18,f17,f6	 f17:0x00000000  f6:0x00000000 f18=0x00000000
     382245.000 ns	     38223	8000814c	03134fb3	div	x31,x6,x17	  x6:0x00000000 x17:0x00000000 x31=0xffffffff
     382265.000 ns	     38225	80008150	53fc4c93	xori	x25,x24,1343	 x24:0x00000001 x25=0x0000053e
     382305.000 ns	     38229	80008154	09448f53	fsub.s	f30,f9,f20	  f9:0x00000000 f20:0x80041024 f30=0x00041024
     382335.000 ns	     38232	80008158	204b15d3	fsgnjn.s	f11,f22,f4	 f22:0x80000000  f4:0x4f800000 f11=0x80000000
     382365.000 ns	     38235	8000815c	215f2fd3	fsgnjx.s	f31,f30,f21	 f30:0x00041024 f21:0x00000000 f31=0x00041024
     382385.000 ns	     38237	80008160	00bf63b3	or	x7,x30,x11	 x30:0x00000000 x11:0x80000000  x7=0x80000000
     382395.000 ns	     38238	80008164	0004b2b3	sltu	x5,x9,x0	  x9:0x00000000  x0:0x00000000  x5=0x00000000
     382405.000 ns	     38239	80008168	40315c93	srai	x25,x2,0x3	  x2:0x00000000 x25=0x00000000
     382415.000 ns	     38240	8000816c	1bb40a93	addi	x21,x8,443	  x8:0x80040fe4 x21=0x8004119f
     382425.000 ns	     38241	80008170	013107b3	add	x15,x2,x19	  x2:0x00000000 x19:0xff800000 x15=0xff800000
     382445.000 ns	     38243	80008174	d0114853	fcvt.s.wu	f16,x2	  x2:0x00000000 f16=0x00000000
     382475.000 ns	     38246	80008178	e0058fd3	fmv.x.w	x31,f11	 f11:0x80000000 x31=0x80000000
     382505.000 ns	     38249	8000817c	c01df9d3	fcvt.wu.s	x19,f27	 f27:0xffc00000 x19=0xffffffff
     382535.000 ns	     38252	80008180	03ae3cb3	mulhu	x25,x28,x26	 x28:0xcf837000 x26:0x0000079e x25=0x0000062c
     382555.000 ns	     38254	80008184	300e8893	addi	x17,x29,768	 x29:0xf29f5054 x17=0xf29f5354
     382575.000 ns	     38256	80008188	f0028ad3	fmv.w.x	f21,x5	  x5:0x00000000 f21=0x00000000
     382605.000 ns	     38259	8000818c	20aa8053	fsgnj.s	f0,f21,f10	 f21:0x00000000 f10:0x00000000  f0=0x00000000
     382635.000 ns	     38262	80008190	02c78db3	mul	x27,x15,x12	 x15:0xff800000 x12:0x00000000 x27=0x00000000
     382685.000 ns	     38267	80008194	089d70d3	fsub.s	f1,f26,f9	 f26:0x7fc00000  f9:0x00000000  f1=0x7fc00000
     382715.000 ns	     38270	80008198	d01cb7d3	fcvt.s.wu	f15,x25	 x25:0x0000062c f15=0x44c58000
     382745.000 ns	     38273	8000819c	031eaf33	mulhsu	x30,x29,x17	 x29:0xf29f5054 x17:0xf29f5354 x30=0xf3524687
     382775.000 ns	     38276	800081a0	033cbd33	mulhu	x26,x25,x19	 x25:0x0000062c x19:0xffffffff x26=0x0000062b
     382805.000 ns	     38279	800081a4	215508d3	fsgnj.s	f17,f10,f21	 f10:0x00000000 f21:0x00000000 f17=0x00000000
     382825.000 ns	     38281	800081a8	00000013	addi	x0,x0,0	  x0:0x00000000
     382845.000 ns	     38283	800081ac	21400953	fsgnj.s	f18,f0,f20	  f0:0x00000000 f20:0x80041024 f18=0x80000000
     382875.000 ns	     38286	800081b0	e00b11d3	fclass.s	x3,f22	 f22:0x80000000  x3=0x00000008
     382905.000 ns	     38289	800081b4	03808933	mul	x18,x1,x24	  x1:0x80000000 x24:0x00000001 x18=0x80000000
     382935.000 ns	     38292	800081b8	20b5a853	fsgnjx.s	f16,f11,f11	 f11:0x80000000 f11:0x80000000 f16=0x00000000
     383305.000 ns	     38329	800081bc	02fc58b3	divu	x17,x24,x15	 x24:0x00000001 x15:0xff800000 x17=0x00000000
     383335.000 ns	     38332	800081c0	c00d93d3	fcvt.w.s	x7,f27	 f27:0xffc00000  x7=0x7fffffff
     383365.000 ns	     38335	800081c4	03733633	mulhu	x12,x6,x23	  x6:0x00000000 x23:0x00000001 x12=0x00000000
     383385.000 ns	     38337	800081c8	00000013	addi	x0,x0,0	  x0:0x00000000
     383745.000 ns	     38373	800081cc	038b6533	rem	x10,x22,x24	 x22:0x80040fe5 x24:0x00000001 x10=0x00000000
     383775.000 ns	     38376	800081d0	291f1b53	fmax.s	f22,f30,f17	 f30:0x00041024 f17:0x00000000 f22=0x00041024
     383805.000 ns	     38379	800081d4	f00c8353	fmv.w.x	f6,x25	 x25:0x0000062c  f6=0x0000062c
     383825.000 ns	     38381	800081d8	37da2893	slti	x17,x20,893	 x20:0x80041024 x17=0x00000001
     383835.000 ns	     38382	800081dc	4bde3b97	auipc	x23,0x4bde3	 x23=0xcbdeb1dc
     383845.000 ns	     38383	800081e0	b2753293	sltiu	x5,x10,-1241	 x10:0x00000000  x5=0x00000001
     383855.000 ns	     38384	800081e4	adbfc3b7	lui	x7,0xadbfc	  x7=0xadbfc000
     383865.000 ns	     38385	800081e8	fa5fe513	ori	x10,x31,-91	 x31:0x80000000 x10=0xffffffa5
     383885.000 ns	     38387	800081ec	02398233	mul	x4,x19,x3	 x19:0xffffffff  x3:0x00000008  x4=0xfffffff8
     383905.000 ns	     38389	800081f0	bd126d93	ori	x27,x4,-1071	  x4:0x00000000 x27=0xfffffff9
     383915.000 ns	     38390	800081f4	00fed913	srli	x18,x29,0xf	 x29:0xf29f5054 x18=0x0001e53e
     383925.000 ns	     38391	800081f8	00cc9293	slli	x5,x25,0xc	 x25:0x0000062c  x5=0x0062c000
     384285.000 ns	     38427	800081fc	03776533	rem	x10,x14,x23	 x14:0x00000592 x23:0xcbdeb1dc x10=0x00000592
     384305.000 ns	     38429	80008200	44b7ff97	auipc	x31,0x44b7f	 x31=0xc4b87200
     385475.000 ns	     38546	80008204	580f3fd3	fsqrt.s	f31,f30	 f30:0x00041024 f31=0x1f3ac36a
     385505.000 ns	     38549	80008208	213f89d3	fsgnj.s	f19,f31,f19	 f31:0x00041024 f19:0x7fc00000 f19=0x1f3ac36a
     385535.000 ns	     38552	8000820c	d01dcc53	fcvt.s.wu	f24,x27	 x27:0xfffffff9 f24=0x4f800000
     385555.000 ns	     38554	80008210	01a08333	add	x6,x1,x26	  x1:0x80000000 x26:0x0000062b  x6=0x8000062b
     385565.000 ns	     38555	80008214	01671d93	slli	x27,x14,0x16	 x14:0x00000592 x27=0x64800000
     385585.000 ns	     38557	80008218	e00a16d3	fclass.s	x13,f20	 f20:0x80041024 x13=0x00000004
     385615.000 ns	     38560	8000821c	20e01dd3	fsgnjn.s	f27,f0,f14	  f0:0x00000000 f14:0x4f7ffff7 f27=0x80000000
     385635.000 ns	     38562	80008220	41cb5933	sra	x18,x22,x28	 x22:0x80040fe5 x28:0xcf837000 x18=0x80040fe5
     385645.000 ns	     38563	80008224	0095d133	srl	x2,x11,x9	 x11:0x80000000  x9:0x00000000  x2=0x80000000
     385675.000 ns	     38566	80008228	580678d3	fsqrt.s	f17,f12	 f12:0x7fc00000 f17=0x7fc00000
     386045.000 ns	     38603	8000822c	025242b3	div	x5,x4,x5	  x4:0xfffffff8  x5:0x0062c000  x5=0x00000000
     386095.000 ns	     38608	80008230	08727653	fsub.s	f12,f4,f7	  f4:0x4f800000  f7:0x7fc00000 f12=0x7fc00000
     386125.000 ns	     38611	80008234	02c94233	div	x4,x18,x12	 x18:0x80040fe5 x12:0x00000000  x4=0xffffffff
     386155.000 ns	     38614	80008238	29048dd3	fmin.s	f27,f9,f16	  f9:0x00000000 f16:0x00000000 f27=0x00000000
     386185.000 ns	     38617	8000823c	a10aaed3	feq.s	x29,f21,f16	 f21:0x00000000 f16:0x00000000 x29=0x00000001
     386215.000 ns	     38620	80008240	28580d53	fmin.s	f26,f16,f5	 f16:0x00000000  f5:0x7fc00000 f26=0x00000000
     386235.000 ns	     38622	80008244	b5b1d617	auipc	x12,0xb5b1d	 x12=0x35b25244
     386245.000 ns	     38623	80008248	01a226b3	slt	x13,x4,x26	  x4:0xffffffff x26:0x0000062b x13=0x00000001
     386255.000 ns	     38624	8000824c	00019a93	slli	x21,x3,0x0	  x3:0x00000008 x21=0x00000008
     386265.000 ns	     38625	80008250	015d8633	add	x12,x27,x21	 x27:0x64800000 x21:0x8004119f x12=0x64800008
     386285.000 ns	     38627	80008254	f0038c53	fmv.w.x	f24,x7	  x7:0xadbfc000 f24=0xadbfc000
     386305.000 ns	     38629	80008258	41408ab3	sub	x21,x1,x20	  x1:0x80000000 x20:0x80041024 x21=0xfffbefdc
     386325.000 ns	     38631	8000825c	a0891d53	flt.s	x26,f18,f8	 f18:0x80000000  f8:0x7fc00000 x26=0x00000000
     386345.000 ns	     38633	80008260	ea563993	sltiu	x19,x12,-347	 x12:0x64800008 x19=0x00000001
     386355.000 ns	     38634	80008264	4031df13	srai	x30,x3,0x3	  x3:0x00000008 x30=0x00000001
     386365.000 ns	     38635	80008268	7e39e293	ori	x5,x19,2019	 x19:0xffffffff  x5=0x000007e3
     386375.000 ns	     38636	8000826c	00503bb3	sltu	x23,x0,x5	  x0:0x00000000  x5:0x00000000 x23=0x00000001
     386385.000 ns	     38637	80008270	0099db13	srli	x22,x19,0x9	 x19:0x00000001 x22=0x00000000
     386405.000 ns	     38639	80008274	f00a87d3	fmv.w.x	f15,x21	 x21:0xfffbefdc f15=0xfffbefdc
     386435.000 ns	     38642	80008278	027829b3	mulhsu	x19,x16,x7	 x16:0x00000000  x7:0xadbfc000 x19=0x00000000
     386465.000 ns	     38645	8000827c	03ac3833	mulhu	x16,x24,x26	 x24:0x00000001 x26:0x00000000 x16=0x00000000
     386485.000 ns	     38647	80008280	cfdff217	auipc	x4,0xcfdff	  x4=0x4fe07280
     386495.000 ns	     38648	80008284	782c0613	addi	x12,x24,1922	 x24:0x00000001 x12=0x00000783
     386505.000 ns	     38649	80008288	c2c6b293	sltiu	x5,x13,-980	 x13:0x00000001  x5=0x00000001
     386515.000 ns	     38650	8000828c	e94fe293	ori	x5,x31,-364	 x31:0xc4b87200  x5=0xfffffe94
     386535.000 ns	     38652	80008290	c01092d3	fcvt.wu.s	x5,f1	  f1:0x7fc00000  x5=0xffffffff
     386555.000 ns	     38654	80008294	ed48e693	ori	x13,x17,-300	 x17:0x00000001 x13=0xfffffed5
     386565.000 ns	     38655	80008298	40d8c313	xori	x6,x17,1037	 x17:0x00000001  x6=0x0000040c
     386575.000 ns	     38656	8000829c	01ac6133	or	x2,x24,x26	 x24:0x00000001 x26:0x00000000  x2=0x00000001
     386595.000 ns	     38658	800082a0	02b805b3	mul	x11,x16,x11	 x16:0x00000000 x11:0x80000000 x11=0x00000000
     386615.000 ns	     38660	800082a4	00e98133	add	x2,x19,x14	 x19:0x00000000 x14:0x00000592  x2=0x00000592
     386625.000 ns	     38661	800082a8	409ad033	sra	x0,x21,x9	 x21:0xfffbefdc  x9:0x00000000
     386645.000 ns	     38663	800082ac	03fc2333	mulhsu	x6,x24,x31	 x24:0x00000001 x31:0xc4b87200  x6=0x00000000
     386665.000 ns	     38665	800082b0	2498d017	auipc	x0,0x2498d	
     386685.000 ns	     38667	800082b4	e0099fd3	fclass.s	x31,f19	 f19:0x1f3ac36a x31=0x00000040
     386725.000 ns	     38671	800082b8	18c0f4d3	fdiv.s	f9,f1,f12	  f1:0x7fc00000 f12:0x7fc00000  f9=0x7fc00000
     386745.000 ns	     38673	800082bc	48247293	andi	x5,x8,1154	  x8:0x80040fe4  x5=0x00000480
     386765.000 ns	     38675	800082c0	03a03cb3	mulhu	x25,x0,x26	  x0:0x00000000 x26:0x00000000 x25=0x00000000
     386785.000 ns	     38677	800082c4	62a98a93	addi	x21,x19,1578	 x19:0x00000000 x21=0x0000062a
     386795.000 ns	     38678	800082c8	0f31f793	andi	x15,x3,243	  x3:0x00000008 x15=0x00000000
     386805.000 ns	     38679	800082cc	bf4fb393	sltiu	x7,x31,-1036	 x31:0x00000040  x7=0x00000001
     386825.000 ns	     38681	800082d0	21989f53	fsgnjn.s	f30,f17,f25	 f17:0x7fc00000 f25:0xcf7ffff7 f30=0x7fc00000
     386845.000 ns	     38683	800082d4	01a13bb3	sltu	x23,x2,x26	  x2:0x00000592 x26:0x00000000 x23=0x00000000
     386855.000 ns	     38684	800082d8	410a83b3	sub	x7,x21,x16	 x21:0x0000062a x16:0x00000000  x7=0x0000062a
     386875.000 ns	     38686	800082dc	205c05d3	fsgnj.s	f11,f24,f5	 f24:0xadbfc000  f5:0x7fc00000 f11=0x2dbfc000
     386905.000 ns	     38689	800082e0	0299c5b3	div	x11,x19,x9	 x19:0x00000000  x9:0x00000000 x11=0xffffffff
     386925.000 ns	     38691	800082e4	65036513	ori	x10,x6,1616	  x6:0x00000000 x10=0x00000650
     386935.000 ns	     38692	800082e8	41505713	srai	x14,x0,0x15	  x0:0x00000000 x14=0x00000000
     386955.000 ns	     38694	800082ec	c00a3b53	fcvt.w.s	x22,f20	 f20:0x80041024 x22=0x00000000
     386975.000 ns	     38696	800082f0	001c3e33	sltu	x28,x24,x1	 x24:0x00000001  x1:0x80000000 x28=0x00000001
     386985.000 ns	     38697	800082f4	00b45113	srli	x2,x8,0xb	  x8:0x80040fe4  x2=0x00100081
     387015.000 ns	     38700	800082f8	18d57053	fdiv.s	f0,f10,f13	 f10:0x00000000 f13:0x00000000  f0=0x7fc00000
     387045.000 ns	     38703	800082fc	d004f153	fcvt.s.w	f2,x9	  x9:0x00000000  f2=0x00000000
     387065.000 ns	     38705	80008300	007be4b3	or	x9,x23,x7	 x23:0x00000000  x7:0x0000062a  x9=0x0000062a
     387085.000 ns	     38707	80008304	e0081cd3	fclass.s	x25,f16	 f16:0x00000000 x25=0x00000010
     387115.000 ns	     38710	80008308	293b9753	fmax.s	f14,f23,f19	 f23:0x7fc00000 f19:0x1f3ac36a f14=0x1f3ac36a
     387145.000 ns	     38713	8000830c	a0a72653	feq.s	x12,f14,f10	 f14:0x4f7ffff7 f10:0x00000000 x12=0x00000000
     387175.000 ns	     38716	80008310	291a9153	fmax.s	f2,f21,f17	 f21:0x00000000 f17:0x7fc00000  f2=0x00000000
     387195.000 ns	     38718	80008314	384c8613	addi	x12,x25,900	 x25:0x00000010 x12=0x00000394
     387215.000 ns	     38720	80008318	21519153	fsgnjn.s	f2,f3,f21	  f3:0x80000000 f21:0x00000000  f2=0x80000000
     387245.000 ns	     38723	8000831c	e0071e53	fclass.s	x28,f14	 f14:0x1f3ac36a x28=0x00000040
     387275.000 ns	     38726	80008320	e00182d3	fmv.x.w	x5,f3	  f3:0x80000000  x5=0x80000000
     387295.000 ns	     38728	80008324	23e2ec93	ori	x25,x5,574	  x5:0x00000480 x25=0x8000023e
     387305.000 ns	     38729	80008328	41cb55b3	sra	x11,x22,x28	 x22:0x00000000 x28:0x00000040 x11=0x00000000
     387315.000 ns	     38730	8000832c	00fea4b3	slt	x9,x29,x15	 x29:0x00000001 x15:0x00000000  x9=0x00000000
     387325.000 ns	     38731	80008330	4d7bf393	andi	x7,x23,1239	 x23:0x00000000  x7=0x00000000
     387335.000 ns	     38732	80008334	0081b533	sltu	x10,x3,x8	  x3:0x00000008  x8:0x80040fe4 x10=0x00000001
     387355.000 ns	     38734	80008338	c00a84d3	fcvt.w.s	x9,f21	 f21:0x00000000  x9=0x00000000
     387405.000 ns	     38739	8000833c	018e8dd3	fadd.s	f27,f29,f24	 f29:0x4f800000 f24:0xadbfc000 f27=0x4f800000
     387425.000 ns	     38741	80008340	006135b3	sltu	x11,x2,x6	  x2:0x00100081  x6:0x00000000 x11=0x00000000
     387435.000 ns	     38742	80008344	01d55193	srli	x3,x10,0x1d	 x10:0x00000001  x3=0x00000000
     387465.000 ns	     38745	80008348	188c7a53	fdiv.s	f20,f24,f8	 f24:0xadbfc000  f8:0x7fc00000 f20=0x7fc00000
     387485.000 ns	     38747	8000834c	00c376b3	and	x13,x6,x12	  x6:0x00000000 x12:0x00000394 x13=0x00000000
     387505.000 ns	     38749	80008350	a0471bd3	flt.s	x23,f14,f4	 f14:0x1f3ac36a  f4:0x4f800000 x23=0x00000001
     387875.000 ns	     38786	80008354	037c4033	div	x0,x24,x23	 x24:0x00000001 x23:0x00000000
     387915.000 ns	     38790	80008358	11ba75d3	fmul.s	f11,f20,f27	 f20:0x7fc00000 f27:0x4f800000 f11=0x7fc00000
     387945.000 ns	     38793	8000835c	28180b53	fmin.s	f22,f16,f1	 f16:0x00000000  f1:0x7fc00000 f22=0x00000000
     387965.000 ns	     38795	80008360	70b10213	addi	x4,x2,1803	  x2:0x00100081  x4=0x0010078c
     387985.000 ns	     38797	80008364	03a00c33	mul	x24,x0,x26	  x0:0x00000000 x26:0x00000000 x24=0x00000000
     388005.000 ns	     38799	80008368	01dc9f33	sll	x30,x25,x29	 x25:0x8000023e x29:0x00000001 x30=0x0000047c
     388045.000 ns	     38803	8000836c	0012fdd3	fadd.s	f27,f5,f1	  f5:0x7fc00000  f1:0x7fc00000 f27=0x7fc00000
     388075.000 ns	     38806	80008370	02f19db3	mulh	x27,x3,x15	  x3:0x00000000 x15:0x00000000 x27=0x00000000
     388105.000 ns	     38809	80008374	024683b3	mul	x7,x13,x4	 x13:0x00000000  x4:0x0010078c  x7=0x00000000
     388145.000 ns	     38813	80008378	18dca9d3	fdiv.s	f19,f25,f13	 f25:0xcf7ffff7 f13:0x00000000 f19=0xff800000
     388175.000 ns	     38816	8000837c	a0db91d3	flt.s	x3,f23,f13	 f23:0x7fc00000 f13:0x00000000  x3=0x00000000
     388195.000 ns	     38818	80008380	01e6a7b3	slt	x15,x13,x30	 x13:0x00000000 x30:0x0000047c x15=0x00000001
     388215.000 ns	     38820	80008384	033a11b3	mulh	x3,x20,x19	 x20:0x80041024 x19:0x00000000  x3=0x00000000
     388245.000 ns	     38823	80008388	c001bad3	fcvt.w.s	x21,f3	  f3:0x80000000 x21=0x00000000
     388275.000 ns	     38826	8000838c	d00f0453	fcvt.s.w	f8,x30	 x30:0x0000047c  f8=0x448f8000
     388305.000 ns	     38829	80008390	21f983d3	fsgnj.s	f7,f19,f31	 f19:0xff800000 f31:0x1f3ac36a  f7=0x7f800000
     388335.000 ns	     38832	80008394	f00900d3	fmv.w.x	f1,x18	 x18:0x80040fe5  f1=0x80040fe5
     388355.000 ns	     38834	80008398	00d933b3	sltu	x7,x18,x13	 x18:0x80040fe5 x13:0x00000000  x7=0x00000000
     388365.000 ns	     38835	8000839c	ec840a97	auipc	x21,0xec840	 x21=0x6c84839c
     388375.000 ns	     38836	800083a0	40be5d33	sra	x26,x28,x11	 x28:0x00000040 x11:0x00000000 x26=0x00000040
     388395.000 ns	     38838	800083a4	c00d3b53	fcvt.w.s	x22,f26	 f26:0x00000000 x22=0x00000000
     388435.000 ns	     38842	800083a8	10ca9253	fmul.s	f4,f21,f12	 f21:0x00000000 f12:0x7fc00000  f4=0x7fc00000
     388485.000 ns	     38847	800083ac	09647953	fsub.s	f18,f8,f22	  f8:0x448f8000 f22:0x00000000 f18=0x448f8000
     388505.000 ns	     38849	800083b0	c81251b7	lui	x3,0xc8125	  x3=0xc8125000
     388515.000 ns	     38850	800083b4	50510c93	addi	x25,x2,1285	  x2:0x00100081 x25=0x00100586
     388525.000 ns	     38851	800083b8	00c2b4b3	sltu	x9,x5,x12	  x5:0x80000000 x12:0x00000394  x9=0x00000000
     388535.000 ns	     38852	800083bc	56e0f8b7	lui	x17,0x56e0f	 x17=0x56e0f000
     388555.000 ns	     38854	800083c0	203894d3	fsgnjn.s	f9,f17,f3	 f17:0x7fc00000  f3:0x80000000  f9=0x7fc00000
     388585.000 ns	     38857	800083c4	e00a8553	fmv.x.w	x10,f21	 f21:0x00000000 x10=0x00000000
     388605.000 ns	     38859	800083c8	7dbabf13	sltiu	x30,x21,2011	 x21:0x6c84839c x30=0x00000000
     388625.000 ns	     38861	800083cc	02b0fdb3	remu	x27,x1,x11	  x1:0x80000000 x11:0x00000000 x27=0x80000000
     388645.000 ns	     38863	800083d0	8ca0aa93	slti	x21,x1,-1846	  x1:0x80000000 x21=0x00000001
     388655.000 ns	     38864	800083d4	86777993	andi	x19,x14,-1945	 x14:0x00000000 x19=0x00000000
     388675.000 ns	     38866	800083d8	038ad7b3	divu	x15,x21,x24	 x21:0x6c84839c x24:0x00000000 x15=0xffffffff
     388695.000 ns	     38868	800083dc	0024d793	srli	x15,x9,0x2	  x9:0x00000000 x15=0x00000000
     388705.000 ns	     38869	800083e0	dd2d0f93	addi	x31,x26,-558	 x26:0x00000040 x31=0xfffffe12
     388725.000 ns	     38871	800083e4	e0011bd3	fclass.s	x23,f2	  f2:0x80000000 x23=0x00000008
     388755.000 ns	     38874	800083e8	c00dfed3	fcvt.w.s	x29,f27	 f27:0x7fc00000 x29=0x7fffffff
     388775.000 ns	     38876	800083ec	4012d593	srai	x11,x5,0x1	  x5:0x80000000 x11=0xc0000000
     388785.000 ns	     38877	800083f0	2ac62c13	slti	x24,x12,684	 x12:0x00000394 x24=0x00000000
     388795.000 ns	     38878	800083f4	40c0da93	srai	x21,x1,0xc	  x1:0x80000000 x21=0xfff80000
     388805.000 ns	     38879	800083f8	26a80913	addi	x18,x16,618	 x16:0x00000000 x18=0x0000026a
     388825.000 ns	     38881	800083fc	02f5ceb3	div	x29,x11,x15	 x11:0xc0000000 x15:0x00000000 x29=0xffffffff
     388865.000 ns	     38885	80008400	11eba3d3	fmul.s	f7,f23,f30	 f23:0x7fc00000 f30:0x7fc00000  f7=0x7fc00000
     388895.000 ns	     38888	80008404	a135a1d3	feq.s	x3,f11,f19	 f11:0x7fc00000 f19:0xff800000  x3=0x00000000
     388935.000 ns	     38892	80008408	580295d3	fsqrt.s	f11,f5	  f5:0x7fc00000 f11=0x7fc00000
     388955.000 ns	     38894	8000840c	0110cab3	xor	x21,x1,x17	  x1:0x80000000 x17:0x56e0f000 x21=0xd6e0f000
     388975.000 ns	     38896	80008410	d012f353	fcvt.s.wu	f6,x5	  x5:0x80000000  f6=0x4f000000
     389005.000 ns	     38899	80008414	a0f29cd3	flt.s	x25,f5,f15	  f5:0x7fc00000 f15:0xfffbefdc x25=0x00000000
     389035.000 ns	     38902	80008418	c01493d3	fcvt.wu.s	x7,f9	  f9:0x7fc00000  x7=0xffffffff
     389065.000 ns	     38905	8000841c	20cd2853	fsgnjx.s	f16,f26,f12	 f26:0x00000000 f12:0x7fc00000 f16=0x00000000
     389095.000 ns	     38908	80008420	f0080c53	fmv.w.x	f24,x16	 x16:0x00000000 f24=0x00000000
     389125.000 ns	     38911	80008424	21fd1453	fsgnjn.s	f8,f26,f31	 f26:0x00000000 f31:0x1f3ac36a  f8=0x80000000
     389145.000 ns	     38913	80008428	00c9e633	or	x12,x19,x12	 x19:0x00000000 x12:0x00000394 x12=0x00000394
     389165.000 ns	     38915	8000842c	a0099653	flt.s	x12,f19,f0	 f19:0xff800000  f0:0x7fc00000 x12=0x00000000
     389185.000 ns	     38917	80008430	01a2a6b3	slt	x13,x5,x26	  x5:0x80000000 x26:0x00000040 x13=0x00000001
     389195.000 ns	     38918	80008434	07a8f313	andi	x6,x17,122	 x17:0x56e0f000  x6=0x00000000
     389215.000 ns	     38920	80008438	c0129ad3	fcvt.wu.s	x21,f5	  f5:0x7fc00000 x21=0xffffffff
     389235.000 ns	     38922	8000843c	01fe7333	and	x6,x28,x31	 x28:0x00000040 x31:0xfffffe12  x6=0x00000000
     389265.000 ns	     38925	80008440	193cfbd3	fdiv.s	f23,f25,f19	 f25:0xcf7ffff7 f19:0xff800000 f23=0x00000000
     389295.000 ns	     38928	80008444	20ae0453	fsgnj.s	f8,f28,f10	 f28:0x3f800000 f10:0x00000000  f8=0x3f800000
     389315.000 ns	     38930	80008448	01944fb3	xor	x31,x8,x25	  x8:0x80040fe4 x25:0x00000000 x31=0x80040fe4
     389325.000 ns	     38931	8000844c	e6c59f97	auipc	x31,0xe6c59	 x31=0x66c6144c
     389335.000 ns	     38932	80008450	4189d8b3	sra	x17,x19,x24	 x19:0x00000000 x24:0x00000000 x17=0x00000000
     389355.000 ns	     38934	80008454	284882d3	fmin.s	f5,f17,f4	 f17:0x7fc00000  f4:0x7fc00000  f5=0x7fc00000
     389385.000 ns	     38937	80008458	20188253	fsgnj.s	f4,f17,f1	 f17:0x7fc00000  f1:0x80040fe5  f4=0xffc00000
     389405.000 ns	     38939	8000845c	00c67033	and	x0,x12,x12	 x12:0x00000000 x12:0x00000000
     389425.000 ns	     38941	80008460	02b19f33	mulh	x30,x3,x11	  x3:0x00000000 x11:0xc0000000 x30=0x00000000
     389795.000 ns	     38978	80008464	025bfab3	remu	x21,x23,x5	 x23:0x00000008  x5:0x80000000 x21=0x00000008
     389825.000 ns	     38981	80008468	29c79753	fmax.s	f14,f15,f28	 f15:0xfffbefdc f28:0x3f800000 f14=0x3f800000
     389855.000 ns	     38984	8000846c	28879f53	fmax.s	f30,f15,f8	 f15:0xfffbefdc  f8:0x3f800000 f30=0x3f800000
     389885.000 ns	     38987	80008470	28fc15d3	fmax.s	f11,f24,f15	 f24:0x00000000 f15:0xfffbefdc f11=0x00000000
     389925.000 ns	     38991	80008474	1881b7d3	fdiv.s	f15,f3,f8	  f3:0x80000000  f8:0x3f800000 f15=0x80000000
     389945.000 ns	     38993	80008478	00f04fb3	xor	x31,x0,x15	  x0:0x00000000 x15:0x00000000 x31=0x00000000
     389965.000 ns	     38995	8000847c	c00073d3	fcvt.w.s	x7,f0	  f0:0x7fc00000  x7=0x7fffffff
     389985.000 ns	     38997	80008480	1765b1b7	lui	x3,0x1765b	  x3=0x1765b000
     389995.000 ns	     38998	80008484	01ca0db3	add	x27,x20,x28	 x20:0x80041024 x28:0x00000040 x27=0x80041064
     390015.000 ns	     39000	80008488	c0187ad3	fcvt.wu.s	x21,f16	 f16:0x00000000 x21=0x00000000
     390035.000 ns	     39002	8000848c	017edb33	srl	x22,x29,x23	 x29:0xffffffff x23:0x00000008 x22=0x00ffffff
     390055.000 ns	     39004	80008490	21670ed3	fsgnj.s	f29,f14,f22	 f14:0x3f800000 f22:0x00000000 f29=0x3f800000
     390085.000 ns	     39007	80008494	02808033	mul	x0,x1,x8	  x1:0x80000000  x8:0x80040fe4
     390105.000 ns	     39009	80008498	00ab5293	srli	x5,x22,0xa	 x22:0x00ffffff  x5=0x00003fff
     390115.000 ns	     39010	8000849c	00000013	addi	x0,x0,0	  x0:0x00000000
     390135.000 ns	     39012	800084a0	a0581b53	flt.s	x22,f16,f5	 f16:0x00000000  f5:0x7fc00000 x22=0x00000000
     390155.000 ns	     39014	800084a4	01761613	slli	x12,x12,0x17	 x12:0x00000000 x12=0x00000000
     390175.000 ns	     39016	800084a8	e0088153	fmv.x.w	x2,f17	 f17:0x7fc00000  x2=0x7fc00000
     390215.000 ns	     39020	800084ac	11faf8d3	fmul.s	f17,f21,f31	 f21:0x00000000 f31:0x1f3ac36a f17=0x00000000
     390235.000 ns	     39022	800084b0	c33bbf13	sltiu	x30,x23,-973	 x23:0x00000008 x30=0x00000001
     390265.000 ns	     39025	800084b4	18c0f0d3	fdiv.s	f1,f1,f12	  f1:0x80040fe5 f12:0x7fc00000  f1=0x7fc00000
     390305.000 ns	     39029	800084b8	5800b453	fsqrt.s	f8,f1	  f1:0x80040fe5  f8=0x7fc00000
     390325.000 ns	     39031	800084bc	33d53613	sltiu	x12,x10,829	 x10:0x00000000 x12=0x00000001
     390355.000 ns	     39034	800084c0	580a8c53	fsqrt.s	f24,f21	 f21:0x00000000 f24=0x00000000
     390385.000 ns	     39037	800084c4	c017fc53	fcvt.wu.s	x24,f15	 f15:0x80000000 x24=0x00000000
     390405.000 ns	     39039	800084c8	0126a833	slt	x16,x13,x18	 x13:0x00000001 x18:0x0000026a x16=0x00000001
     390445.000 ns	     39043	800084cc	09b62ad3	fsub.s	f21,f12,f27	 f12:0x7fc00000 f27:0x7fc00000 f21=0x7fc00000
     390475.000 ns	     39046	800084d0	c01fff53	fcvt.wu.s	x30,f31	 f31:0x1f3ac36a x30=0x00000000
     390505.000 ns	     39049	800084d4	c01894d3	fcvt.wu.s	x9,f17	 f17:0x00000000  x9=0x00000000
     390525.000 ns	     39051	800084d8	56160d93	addi	x27,x12,1377	 x12:0x00000001 x27=0x00000562
     390535.000 ns	     39052	800084dc	6acab713	sltiu	x14,x21,1708	 x21:0x00000000 x14=0x00000001
     390565.000 ns	     39055	800084e0	580579d3	fsqrt.s	f19,f10	 f10:0x00000000 f19=0x00000000
     390595.000 ns	     39058	800084e4	f0070a53	fmv.w.x	f20,x14	 x14:0x00000000 f20=0x00000001
     390965.000 ns	     39095	800084e8	0307f133	remu	x2,x15,x16	 x15:0x00000000 x16:0x00000001  x2=0x00000000
     390995.000 ns	     39098	800084ec	d0157c53	fcvt.s.wu	f24,x10	 x10:0x00000000 f24=0x00000000
     391025.000 ns	     39101	800084f0	03e4e033	rem	x0,x9,x30	  x9:0x00000000 x30:0x00000000
     391045.000 ns	     39103	800084f4	01018833	add	x16,x3,x16	  x3:0x1765b000 x16:0x00000001 x16=0x1765b001
     391065.000 ns	     39105	800084f8	02f58e33	mul	x28,x11,x15	 x11:0xc0000000 x15:0x00000000 x28=0x00000000
     391085.000 ns	     39107	800084fc	04bc6c93	ori	x25,x24,75	 x24:0x00000000 x25=0x0000004b
     391095.000 ns	     39108	80008500	004f9f33	sll	x30,x31,x4	 x31:0x00000000  x4:0x0010078c x30=0x00000000
     391115.000 ns	     39110	80008504	20e01d53	fsgnjn.s	f26,f0,f14	  f0:0x7fc00000 f14:0x3f800000 f26=0xffc00000
     391145.000 ns	     39113	80008508	c013a553	fcvt.wu.s	x10,f7	  f7:0x7fc00000 x10=0xffffffff
     391175.000 ns	     39116	8000850c	21db20d3	fsgnjx.s	f1,f22,f29	 f22:0x00000000 f29:0x3f800000  f1=0x00000000
     391205.000 ns	     39119	80008510	a0fd9bd3	flt.s	x23,f27,f15	 f27:0x7fc00000 f15:0x80000000 x23=0x00000000
     391225.000 ns	     39121	80008514	00271533	sll	x10,x14,x2	 x14:0x00000001  x2:0x00000000 x10=0x00000001
     391235.000 ns	     39122	80008518	01573933	sltu	x18,x14,x21	 x14:0x00000001 x21:0x00000000 x18=0x00000000
     391255.000 ns	     39124	8000851c	d01d1dd3	fcvt.s.wu	f27,x26	 x26:0x00000040 f27=0x42800000
     391285.000 ns	     39127	80008520	293110d3	fmax.s	f1,f2,f19	  f2:0x80000000 f19:0x00000000  f1=0x00000000
     391655.000 ns	     39164	80008524	0231df33	divu	x30,x3,x3	  x3:0x1765b000  x3:0x1765b000 x30=0x00000001
     391675.000 ns	     39166	80008528	01ff0933	add	x18,x30,x31	 x30:0x00000000 x31:0x00000000 x18=0x00000001
     391705.000 ns	     39169	8000852c	182d89d3	fdiv.s	f19,f27,f2	 f27:0x42800000  f2:0x80000000 f19=0xff800000
     391725.000 ns	     39171	80008530	084d8237	lui	x4,0x84d8	  x4=0x084d8000
     391745.000 ns	     39173	80008534	03ed0d33	mul	x26,x26,x30	 x26:0x00000040 x30:0x00000001 x26=0x00000040
     391765.000 ns	     39175	80008538	018c9913	slli	x18,x25,0x18	 x25:0x0000004b x18=0x4b000000
     391775.000 ns	     39176	8000853c	01a52ab3	slt	x21,x10,x26	 x10:0x00000001 x26:0x00000040 x21=0x00000001
     391785.000 ns	     39177	80008540	52254e93	xori	x29,x10,1314	 x10:0x00000001 x29=0x00000523
     391815.000 ns	     39180	80008544	196eb7d3	fdiv.s	f15,f29,f22	 f29:0x3f800000 f22:0x00000000 f15=0x7f800000
     392185.000 ns	     39217	80008548	0234cc33	div	x24,x9,x3	  x9:0x00000000  x3:0x1765b000 x24=0x00000000
     392215.000 ns	     39220	8000854c	02ed12b3	mulh	x5,x26,x14	 x26:0x00000040 x14:0x00000001  x5=0x00000000
     392265.000 ns	     39225	80008550	00fb7853	fadd.s	f16,f22,f15	 f22:0x00000000 f15:0x7f800000 f16=0x7f800000
     392315.000 ns	     39230	80008554	003081d3	fadd.s	f3,f1,f3	  f1:0x00000000  f3:0x80000000  f3=0x80000000
     392345.000 ns	     39233	80008558	025be1b3	rem	x3,x23,x5	 x23:0x00000000  x5:0x00000000  x3=0x00000000
     392365.000 ns	     39235	8000855c	00159933	sll	x18,x11,x1	 x11:0xc0000000  x1:0x80000000 x18=0xc0000000
     392725.000 ns	     39271	80008560	024be533	rem	x10,x23,x4	 x23:0x00000000  x4:0x084d8000 x10=0x00000000
     392745.000 ns	     39273	80008564	013a75b3	and	x11,x20,x19	 x20:0x80041024 x19:0x00000000 x11=0x00000000
     392765.000 ns	     39275	80008568	a11522d3	feq.s	x5,f10,f17	 f10:0x00000000 f17:0x00000000  x5=0x00000001
     393135.000 ns	     39312	8000856c	02cb7733	remu	x14,x22,x12	 x22:0x00000000 x12:0x00000001 x14=0x00000000
     393175.000 ns	     39316	80008570	18e5a353	fdiv.s	f6,f11,f14	 f11:0x00000000 f14:0x3f800000  f6=0x00000000
     393195.000 ns	     39318	80008574	00941cb3	sll	x25,x8,x9	  x8:0x80040fe4  x9:0x00000000 x25=0x80040fe4
     393205.000 ns	     39319	80008578	26783fb7	lui	x31,0x26783	 x31=0x26783000
     393225.000 ns	     39321	8000857c	0296aab3	mulhsu	x21,x13,x9	 x13:0x00000001  x9:0x00000000 x21=0x00000000
     393245.000 ns	     39323	80008580	010842b3	xor	x5,x16,x16	 x16:0x1765b001 x16:0x1765b001  x5=0x00000000
     393255.000 ns	     39324	80008584	005e6ab3	or	x21,x28,x5	 x28:0x00000000  x5:0x00000001 x21=0x00000000
     393275.000 ns	     39326	80008588	20dc1fd3	fsgnjn.s	f31,f24,f13	 f24:0x00000000 f13:0x00000000 f31=0x80000000
     393295.000 ns	     39328	8000858c	54e28a93	addi	x21,x5,1358	  x5:0x00000000 x21=0x0000054e
     393335.000 ns	     39332	80008590	08f27b53	fsub.s	f22,f4,f15	  f4:0xffc00000 f15:0x7f800000 f22=0x7fc00000
     393705.000 ns	     39369	80008594	03b0dfb3	divu	x31,x1,x27	  x1:0x80000000 x27:0x00000562 x31=0x0017c786
     393725.000 ns	     39371	80008598	40a5dd33	sra	x26,x11,x10	 x11:0x00000000 x10:0x00000000 x26=0x00000000
     393735.000 ns	     39372	8000859c	01ece533	or	x10,x25,x30	 x25:0x80040fe4 x30:0x00000001 x10=0x80040fe5
     393755.000 ns	     39374	800085a0	29fa1ad3	fmax.s	f21,f20,f31	 f20:0x00000001 f31:0x80000000 f21=0x00000001
     393775.000 ns	     39376	800085a4	00ca1233	sll	x4,x20,x12	 x20:0x80041024 x12:0x00000001  x4=0x00082048
     393795.000 ns	     39378	800085a8	02dd3133	mulhu	x2,x26,x13	 x26:0x00000000 x13:0x00000001  x2=0x00000000
     393815.000 ns	     39380	800085ac	4069d393	srai	x7,x19,0x6	 x19:0x00000000  x7=0x00000000
     393855.000 ns	     39384	800085b0	09d17d53	fsub.s	f26,f2,f29	  f2:0x80000000 f29:0x3f800000 f26=0xbf800000
     393895.000 ns	     39388	800085b4	10e37653	fmul.s	f12,f6,f14	  f6:0x00000000 f14:0x3f800000 f12=0x00000000
     393915.000 ns	     39390	800085b8	00000013	addi	x0,x0,0	  x0:0x00000000
     393935.000 ns	     39392	800085bc	f00686d3	fmv.w.x	f13,x13	 x13:0x00000001 f13=0x00000001
     394305.000 ns	     39429	800085c0	0390d8b3	divu	x17,x1,x25	  x1:0x80000000 x25:0x80040fe4 x17=0x00000000
     394335.000 ns	     39432	800085c4	c01cfb53	fcvt.wu.s	x22,f25	 f25:0xcf7ffff7 x22=0xfffff700
     394365.000 ns	     39435	800085c8	f00f01d3	fmv.w.x	f3,x30	 x30:0x00000001  f3=0x00000001
     394385.000 ns	     39437	800085cc	410dd493	srai	x9,x27,0x10	 x27:0x00000562  x9=0x00000000
     394395.000 ns	     39438	800085d0	00d21b13	slli	x22,x4,0xd	  x4:0x00082048 x22=0x04090000
     394405.000 ns	     39439	800085d4	00771e93	slli	x29,x14,0x7	 x14:0x00000000 x29=0x00000000
     394425.000 ns	     39441	800085d8	c0029cd3	fcvt.w.s	x25,f5	  f5:0x7fc00000 x25=0x7fffffff
     394455.000 ns	     39444	800085dc	208912d3	fsgnjn.s	f5,f18,f8	 f18:0x448f8000  f8:0x7fc00000  f5=0xc48f8000
     394475.000 ns	     39446	800085e0	ff536613	ori	x12,x6,-11	  x6:0x00000000 x12=0xfffffff5
     394495.000 ns	     39448	800085e4	e0050553	fmv.x.w	x10,f10	 f10:0x00000000 x10=0x00000000
     394525.000 ns	     39451	800085e8	20ef8b53	fsgnj.s	f22,f31,f14	 f31:0x80000000 f14:0x3f800000 f22=0x00000000
     394895.000 ns	     39488	800085ec	02d669b3	rem	x19,x12,x13	 x12:0xfffffff5 x13:0x00000001 x19=0x00000000
     394915.000 ns	     39490	800085f0	2f8eb117	auipc	x2,0x2f8eb	  x2=0xaf8f35f0
     394935.000 ns	     39492	800085f4	d0077353	fcvt.s.w	f6,x14	 x14:0x00000000  f6=0x00000000
     394965.000 ns	     39495	800085f8	03803333	mulhu	x6,x0,x24	  x0:0x00000000 x24:0x00000000  x6=0x00000000
     394995.000 ns	     39498	800085fc	2123a053	fsgnjx.s	f0,f7,f18	  f7:0x7fc00000 f18:0x448f8000  f0=0x7fc00000
     395015.000 ns	     39500	80008600	00bb2033	slt	x0,x22,x11	 x22:0x04090000 x11:0x00000000
     395025.000 ns	     39501	80008604	006caf33	slt	x30,x25,x6	 x25:0x7fffffff  x6:0x00000000 x30=0x00000000
     395035.000 ns	     39502	80008608	09e59bb7	lui	x23,0x9e59	 x23=0x09e59000
     395075.000 ns	     39506	8000860c	01a20b53	fadd.s	f22,f4,f26	  f4:0xffc00000 f26:0xbf800000 f22=0x7fc00000
     395105.000 ns	     39509	80008610	c01f7cd3	fcvt.wu.s	x25,f30	 f30:0x3f800000 x25=0x00000001
     395125.000 ns	     39511	80008614	01b15113	srli	x2,x2,0x1b	  x2:0xaf8f35f0  x2=0x00000015
     395135.000 ns	     39512	80008618	d6372313	slti	x6,x14,-669	 x14:0x00000000  x6=0x00000000
     395495.000 ns	     39548	8000861c	0289fc33	remu	x24,x19,x8	 x19:0x00000000  x8:0x80040fe4 x24=0x00000000
     395525.000 ns	     39551	80008620	02b108b3	mul	x17,x2,x11	  x2:0x00000015 x11:0x00000000 x17=0x00000000
     395545.000 ns	     39553	80008624	011e1833	sll	x16,x28,x17	 x28:0x00000000 x17:0x00000000 x16=0x00000000
     395565.000 ns	     39555	80008628	293597d3	fmax.s	f15,f11,f19	 f11:0x00000000 f19:0xff800000 f15=0x00000000
     395595.000 ns	     39558	8000862c	037f88b3	mul	x17,x31,x23	 x31:0x0017c786 x23:0x09e59000 x17=0x91196000
     395625.000 ns	     39561	80008630	e0008ed3	fmv.x.w	x29,f1	  f1:0x00000000 x29=0x00000000
     395665.000 ns	     39565	80008634	1147f5d3	fmul.s	f11,f15,f20	 f15:0x00000000 f20:0x00000001 f11=0x00000000
     395695.000 ns	     39568	80008638	d003fe53	fcvt.s.w	f28,x7	  x7:0x00000000 f28=0x00000000
     395725.000 ns	     39571	8000863c	20b91553	fsgnjn.s	f10,f18,f11	 f18:0x448f8000 f11:0x00000000 f10=0xc48f8000
     395745.000 ns	     39573	80008640	41db5993	srai	x19,x22,0x1d	 x22:0x04090000 x19=0x00000000
     395765.000 ns	     39575	80008644	a13c81d3	fle.s	x3,f25,f19	 f25:0xcf7ffff7 f19:0xff800000  x3=0x00000000
     395795.000 ns	     39578	80008648	209093d3	fsgnjn.s	f7,f1,f9	  f1:0x00000000  f9:0x7fc00000  f7=0x80000000
     395825.000 ns	     39581	8000864c	28b98653	fmin.s	f12,f19,f11	 f19:0xff800000 f11:0x00000000 f12=0xff800000
     395865.000 ns	     39585	80008650	113a7953	fmul.s	f18,f20,f19	 f20:0x00000001 f19:0xff800000 f18=0xff800000
     395895.000 ns	     39588	80008654	2175a3d3	fsgnjx.s	f7,f11,f23	 f11:0x00000000 f23:0x00000000  f7=0x00000000
     395925.000 ns	     39591	80008658	20d825d3	fsgnjx.s	f11,f16,f13	 f16:0x7f800000 f13:0x00000001 f11=0x7f800000
     395945.000 ns	     39593	8000865c	eb78ef93	ori	x31,x17,-329	 x17:0x91196000 x31=0xfffffeb7
     395965.000 ns	     39595	80008660	c0064353	fcvt.w.s	x6,f12	 f12:0xff800000  x6=0x80000000
     395985.000 ns	     39597	80008664	013d8033	add	x0,x27,x19	 x27:0x00000562 x19:0x00000000
     395995.000 ns	     39598	80008668	0082e7b3	or	x15,x5,x8	  x5:0x00000000  x8:0x80040fe4 x15=0x80040fe4
     396005.000 ns	     39599	8000866c	0e23a1b7	lui	x3,0xe23a	  x3=0x0e23a000
     396015.000 ns	     39600	80008670	778b4f13	xori	x30,x22,1912	 x22:0x04090000 x30=0x04090778
     396055.000 ns	     39604	80008674	098bf4d3	fsub.s	f9,f23,f24	 f23:0x00000000 f24:0x00000000  f9=0x80000000
     396075.000 ns	     39606	80008678	419c55b3	sra	x11,x24,x25	 x24:0x00000000 x25:0x00000001 x11=0x00000000
     396085.000 ns	     39607	8000867c	40b20c33	sub	x24,x4,x11	  x4:0x00082048 x11:0x00000000 x24=0x00082048
     396115.000 ns	     39610	80008680	105e75d3	fmul.s	f11,f28,f5	 f28:0x00000000  f5:0xc48f8000 f11=0x80000000
     396145.000 ns	     39613	80008684	29cf1cd3	fmax.s	f25,f30,f28	 f30:0x3f800000 f28:0x00000000 f25=0x3f800000
     396175.000 ns	     39616	80008688	c005fed3	fcvt.w.s	x29,f11	 f11:0x80000000 x29=0x00000000
     396195.000 ns	     39618	8000868c	01fc94b3	sll	x9,x25,x31	 x25:0x00000001 x31:0xfffffeb7  x9=0x00800000
     396215.000 ns	     39620	80008690	e0009253	fclass.s	x4,f1	  f1:0x00000000  x4=0x00000010
     396235.000 ns	     39622	80008694	dbde96b7	lui	x13,0xdbde9	 x13=0xdbde9000
     396245.000 ns	     39623	80008698	01871593	slli	x11,x14,0x18	 x14:0x00000000 x11=0x00000000
     396265.000 ns	     39625	8000869c	027d0ab3	mul	x21,x26,x7	 x26:0x00000000  x7:0x00000000 x21=0x00000000
     396295.000 ns	     39628	800086a0	21b19ed3	fsgnjn.s	f29,f3,f27	  f3:0x00000001 f27:0x42800000 f29=0x80000001
     396335.000 ns	     39632	800086a4	115eba53	fmul.s	f20,f29,f21	 f29:0x3f800000 f21:0x00000001 f20=0x80000000
     396375.000 ns	     39636	800086a8	1801b3d3	fdiv.s	f7,f3,f0	  f3:0x00000001  f0:0x7fc00000  f7=0x7fc00000
     396395.000 ns	     39638	800086ac	00a9c733	xor	x14,x19,x10	 x19:0x00000000 x10:0x00000000 x14=0x00000000
     396405.000 ns	     39639	800086b0	40e90cb3	sub	x25,x18,x14	 x18:0xc0000000 x14:0x00000000 x25=0xc0000000
     396415.000 ns	     39640	800086b4	79c7a237	lui	x4,0x79c7a	  x4=0x79c7a000
     396445.000 ns	     39643	800086b8	10bb7853	fmul.s	f16,f22,f11	 f22:0x7fc00000 f11:0x80000000 f16=0x7fc00000
     396465.000 ns	     39645	800086bc	4575e393	ori	x7,x11,1111	 x11:0x00000000  x7=0x00000457
     396475.000 ns	     39646	800086c0	0139fbb3	and	x23,x19,x19	 x19:0x00000000 x19:0x00000000 x23=0x00000000
     396485.000 ns	     39647	800086c4	3e2dac93	slti	x25,x27,994	 x27:0x00000562 x25=0x00000000
     396505.000 ns	     39649	800086c8	f0080d53	fmv.w.x	f26,x16	 x16:0x00000000 f26=0x00000000
     396525.000 ns	     39651	800086cc	0036a333	slt	x6,x13,x3	 x13:0xdbde9000  x3:0x0e23a000  x6=0x00000001
     396545.000 ns	     39653	800086d0	02efafb3	mulhsu	x31,x31,x14	 x31:0xfffffeb7 x14:0x00000000 x31=0x00000000
     396575.000 ns	     39656	800086d4	a076a953	feq.s	x18,f13,f7	 f13:0x00000001  f7:0x7fc00000 x18=0x00000000
     396595.000 ns	     39658	800086d8	017ac333	xor	x6,x21,x23	 x21:0x00000000 x23:0x00000000  x6=0x00000000
     396625.000 ns	     39661	800086dc	58027353	fsqrt.s	f6,f4	  f4:0xffc00000  f6=0x7fc00000
     396655.000 ns	     39664	800086e0	20189253	fsgnjn.s	f4,f17,f1	 f17:0x00000000  f1:0x00000000  f4=0x80000000
     396685.000 ns	     39667	800086e4	29c302d3	fmin.s	f5,f6,f28	  f6:0x7fc00000 f28:0x00000000  f5=0x00000000
     396705.000 ns	     39669	800086e8	57088613	addi	x12,x17,1392	 x17:0x91196000 x12=0x91196570
     396715.000 ns	     39670	800086ec	419501b3	sub	x3,x10,x25	 x10:0x00000000 x25:0x00000000  x3=0x00000000
     396725.000 ns	     39671	800086f0	7b996c93	ori	x25,x18,1977	 x18:0x00000000 x25=0x000007b9
     396745.000 ns	     39673	800086f4	28e81ed3	fmax.s	f29,f16,f14	 f16:0x7fc00000 f14:0x3f800000 f29=0x3f800000
     396785.000 ns	     39677	800086f8	19c476d3	fdiv.s	f13,f8,f28	  f8:0x7fc00000 f28:0x00000000 f13=0x7fc00000
     396805.000 ns	     39679	800086fc	f6abf537	lui	x10,0xf6abf	 x10=0xf6abf000
     396825.000 ns	     39681	80008700	c00a32d3	fcvt.w.s	x5,f20	 f20:0x80000000  x5=0x00000000
     396845.000 ns	     39683	80008704	42ad2e93	slti	x29,x26,1066	 x26:0x00000000 x29=0x00000001
     396865.000 ns	     39685	80008708	210420d3	fsgnjx.s	f1,f8,f16	  f8:0x7fc00000 f16:0x7fc00000  f1=0x7fc00000
     396905.000 ns	     39689	8000870c	118219d3	fmul.s	f19,f4,f24	  f4:0x80000000 f24:0x00000000 f19=0x80000000
     396935.000 ns	     39692	80008710	217a80d3	fsgnj.s	f1,f21,f23	 f21:0x00000001 f23:0x00000000  f1=0x00000001
     396965.000 ns	     39695	80008714	03fee233	rem	x4,x29,x31	 x29:0x00000001 x31:0x00000000  x4=0x00000001
     396985.000 ns	     39697	80008718	92dfc893	xori	x17,x31,-1747	 x31:0x00000000 x17=0xfffff92d
     397015.000 ns	     39700	8000871c	102bfb53	fmul.s	f22,f23,f2	 f23:0x00000000  f2:0x80000000 f22=0x80000000
     397065.000 ns	     39705	80008720	019ffd53	fadd.s	f26,f31,f25	 f31:0x80000000 f25:0x3f800000 f26=0x3f800000
     397095.000 ns	     39708	80008724	e00a0bd3	fmv.x.w	x23,f20	 f20:0x80000000 x23=0x80000000
     397125.000 ns	     39711	80008728	f00685d3	fmv.w.x	f11,x13	 x13:0xdbde9000 f11=0xdbde9000
     397145.000 ns	     39713	8000872c	4174dcb3	sra	x25,x9,x23	  x9:0x00800000 x23:0x80000000 x25=0x00800000
     397155.000 ns	     39714	80008730	466c8793	addi	x15,x25,1126	 x25:0x000007b9 x15=0x00800466
     397165.000 ns	     39715	80008734	77e13993	sltiu	x19,x2,1918	  x2:0x00000015 x19=0x00000001
     397175.000 ns	     39716	80008738	018dc733	xor	x14,x27,x24	 x27:0x00000562 x24:0x00082048 x14=0x0008252a
     397185.000 ns	     39717	8000873c	4108dd33	sra	x26,x17,x16	 x17:0xfffff92d x16:0x00000000 x26=0xfffff92d
     397195.000 ns	     39718	80008740	008175b3	and	x11,x2,x8	  x2:0x00000015  x8:0x80040fe4 x11=0x00000004
     398365.000 ns	     39835	80008744	580d1653	fsqrt.s	f12,f26	 f26:0x3f800000 f12=0x3f7fffae
     399545.000 ns	     39953	80008748	580effd3	fsqrt.s	f31,f29	 f29:0x3f800000 f31=0x3f7fffae
     399575.000 ns	     39956	8000874c	d00c8fd3	fcvt.s.w	f31,x25	 x25:0x00800000 f31=0x4b000000
     399605.000 ns	     39959	80008750	21ac1a53	fsgnjn.s	f20,f24,f26	 f24:0x00000000 f26:0x3f800000 f20=0x80000000
     399635.000 ns	     39962	80008754	a19f2e53	feq.s	x28,f30,f25	 f30:0x3f800000 f25:0x3f800000 x28=0x00000001
     399655.000 ns	     39964	80008758	003bf8b3	and	x17,x23,x3	 x23:0x80000000  x3:0x00000000 x17=0x00000000
     399675.000 ns	     39966	8000875c	027ca033	mulhsu	x0,x25,x7	 x25:0x00800000  x7:0x00000457
     399695.000 ns	     39968	80008760	009d9893	slli	x17,x27,0x9	 x27:0x00000562 x17=0x000ac400
     399715.000 ns	     39970	80008764	21af8fd3	fsgnj.s	f31,f31,f26	 f31:0x4b000000 f26:0x3f800000 f31=0x4b000000
     399735.000 ns	     39972	80008768	bf6f7613	andi	x12,x30,-1034	 x30:0x04090778 x12=0x04090370
     399745.000 ns	     39973	8000876c	41cc88b3	sub	x17,x25,x28	 x25:0x00800000 x28:0x00000001 x17=0x007fffff
     399755.000 ns	     39974	80008770	2a6b8593	addi	x11,x23,678	 x23:0x80000000 x11=0x800002a6
     399775.000 ns	     39976	80008774	21f09dd3	fsgnjn.s	f27,f1,f31	  f1:0x00000001 f31:0x4b000000 f27=0x80000001
     399805.000 ns	     39979	80008778	0227bf33	mulhu	x30,x15,x2	 x15:0x00800466  x2:0x00000015 x30=0x00000000
     399835.000 ns	     39982	8000877c	d007fa53	fcvt.s.w	f20,x15	 x15:0x00800466 f20=0x4b000466
     399875.000 ns	     39986	80008780	18667dd3	fdiv.s	f27,f12,f6	 f12:0x3f7fffae  f6:0x7fc00000 f27=0x7fc00000
     399905.000 ns	     39989	80008784	c01cfbd3	fcvt.wu.s	x23,f25	 f25:0x3f800000 x23=0x00000001
     400275.000 ns	     40026	80008788	03a55733	divu	x14,x10,x26	 x10:0xf6abf000 x26:0xfffff92d x14=0x00000000
     400295.000 ns	     40028	8000878c	017b8833	add	x16,x23,x23	 x23:0x00000001 x23:0x00000001 x16=0x00000002
     400655.000 ns	     40064	80008790	03946233	rem	x4,x8,x25	  x8:0x80040fe4 x25:0x00800000  x4=0xff840fe4
     401025.000 ns	     40101	80008794	02d17fb3	remu	x31,x2,x13	  x2:0x00000015 x13:0xdbde9000 x31=0x00000015
     401045.000 ns	     40103	80008798	00d9a533	slt	x10,x19,x13	 x19:0x00000001 x13:0xdbde9000 x10=0x00000000
     401055.000 ns	     40104	8000879c	e1278193	addi	x3,x15,-494	 x15:0x00800466  x3=0x00800278
     401075.000 ns	     40106	800087a0	206423d3	fsgnjx.s	f7,f8,f6	  f8:0x7fc00000  f6:0x7fc00000  f7=0x7fc00000
     401095.000 ns	     40108	800087a4	415f56b3	sra	x13,x30,x21	 x30:0x00000000 x21:0x00000000 x13=0x00000000
     401105.000 ns	     40109	800087a8	ffc9fa93	andi	x21,x19,-4	 x19:0x00000001 x21=0x00000000
     401145.000 ns	     40113	800087ac	094afd53	fsub.s	f26,f21,f20	 f21:0x00000001 f20:0x4b000466 f26=0xcb000466
     401165.000 ns	     40115	800087b0	66db3813	sltiu	x16,x22,1645	 x22:0x04090000 x16=0x00000000
     401175.000 ns	     40116	800087b4	00601293	slli	x5,x0,0x6	  x0:0x00000000  x5=0x00000000
     401185.000 ns	     40117	800087b8	8f9442b7	lui	x5,0x8f944	  x5=0x8f944000
     401205.000 ns	     40119	800087bc	f0098553	fmv.w.x	f10,x19	 x19:0x00000001 f10=0x00000001
     401225.000 ns	     40121	800087c0	01d59d13	slli	x26,x11,0x1d	 x11:0x800002a6 x26=0xc0000000
     401245.000 ns	     40123	800087c4	e0069153	fclass.s	x2,f13	 f13:0x7fc00000  x2=0x00000200
     401285.000 ns	     40127	800087c8	10a49a53	fmul.s	f20,f9,f10	  f9:0x80000000 f10:0x00000001 f20=0x80000000
     401305.000 ns	     40129	800087cc	b6b54293	xori	x5,x10,-1173	 x10:0x00000000  x5=0xfffffb6b
     401325.000 ns	     40131	800087d0	f0058053	fmv.w.x	f0,x11	 x11:0x800002a6  f0=0x800002a6
     401355.000 ns	     40134	800087d4	a11c0dd3	fle.s	x27,f24,f17	 f24:0x00000000 f17:0x00000000 x27=0x00000001
     401375.000 ns	     40136	800087d8	01e32ab3	slt	x21,x6,x30	  x6:0x00000000 x30:0x00000000 x21=0x00000000
     401415.000 ns	     40140	800087dc	01e5ced3	fadd.s	f29,f11,f30	 f11:0xdbde9000 f30:0x3f800000 f29=0xdbde9000
     401435.000 ns	     40142	800087e0	40058833	sub	x16,x11,x0	 x11:0x800002a6  x0:0x00000000 x16=0x800002a6
     401465.000 ns	     40145	800087e4	5809f2d3	fsqrt.s	f5,f19	 f19:0x80000000  f5=0x80000000
     401495.000 ns	     40148	800087e8	c01d06d3	fcvt.wu.s	x13,f26	 f26:0xcb000466 x13=0x00800466
     401525.000 ns	     40151	800087ec	032cfcb3	remu	x25,x25,x18	 x25:0x00800000 x18:0x00000000 x25=0x00800000
     401565.000 ns	     40155	800087f0	580814d3	fsqrt.s	f9,f16	 f16:0x7fc00000  f9=0x7fc00000
     401595.000 ns	     40158	800087f4	034807b3	mul	x15,x16,x20	 x16:0x800002a6 x20:0x80041024 x15=0x0ac2bf58
     401615.000 ns	     40160	800087f8	412fd693	srai	x13,x31,0x12	 x31:0x00000015 x13=0x00000000
     401645.000 ns	     40163	800087fc	18a978d3	fdiv.s	f17,f18,f10	 f18:0xff800000 f10:0x00000001 f17=0xff800000
     401675.000 ns	     40166	80008800	e00202d3	fmv.x.w	x5,f4	  f4:0x80000000  x5=0x80000000
     402045.000 ns	     40203	80008804	0229d233	divu	x4,x19,x2	 x19:0x00000001  x2:0x00000200  x4=0x00000000
     402065.000 ns	     40205	80008808	01d835b3	sltu	x11,x16,x29	 x16:0x800002a6 x29:0x00000001 x11=0x00000000
     402075.000 ns	     40206	8000880c	5553ad93	slti	x27,x7,1365	  x7:0x00000457 x27=0x00000001
     402095.000 ns	     40208	80008810	a06817d3	flt.s	x15,f16,f6	 f16:0x7fc00000  f6:0x7fc00000 x15=0x00000000
     402125.000 ns	     40211	80008814	d0177cd3	fcvt.s.wu	f25,x14	 x14:0x00000000 f25=0x00000000
     402145.000 ns	     40213	80008818	4065d893	srai	x17,x11,0x6	 x11:0x00000000 x17=0x00000000
     402155.000 ns	     40214	8000881c	89c77593	andi	x11,x14,-1892	 x14:0x00000000 x11=0x00000000
     402175.000 ns	     40216	80008820	291089d3	fmin.s	f19,f1,f17	  f1:0x00000001 f17:0xff800000 f19=0xff800000
     402545.000 ns	     40253	80008824	03c3e3b3	rem	x7,x7,x28	  x7:0x00000457 x28:0x00000001  x7=0x00000000
     402565.000 ns	     40255	80008828	00559033	sll	x0,x11,x5	 x11:0x00000000  x5:0x80000000
     402575.000 ns	     40256	8000882c	4148d6b3	sra	x13,x17,x20	 x17:0x00000000 x20:0x80041024 x13=0x00000000
     402585.000 ns	     40257	80008830	41b7d713	srai	x14,x15,0x1b	 x15:0x00000000 x14=0x00000000
     402605.000 ns	     40259	80008834	291715d3	fmax.s	f11,f14,f17	 f14:0x3f800000 f17:0xff800000 f11=0x3f800000
     402625.000 ns	     40261	80008838	b37f7513	andi	x10,x30,-1225	 x30:0x00000000 x10=0x00000000
     402645.000 ns	     40263	8000883c	29d992d3	fmax.s	f5,f19,f29	 f19:0xff800000 f29:0xdbde9000  f5=0xdbde9000
     402675.000 ns	     40266	80008840	a0d311d3	flt.s	x3,f6,f13	  f6:0x7fc00000 f13:0x7fc00000  x3=0x00000000
     402695.000 ns	     40268	80008844	00210733	add	x14,x2,x2	  x2:0x00000200  x2:0x00000200 x14=0x00000400
     402705.000 ns	     40269	80008848	ff92bd93	sltiu	x27,x5,-7	  x5:0x80000000 x27=0x00000001
     402715.000 ns	     40270	8000884c	01b002b3	add	x5,x0,x27	  x0:0x00000000 x27:0x00000001  x5=0x00000001
     402725.000 ns	     40271	80008850	43c26d97	auipc	x27,0x43c26	 x27=0xc3c2e850
     402735.000 ns	     40272	80008854	01e4d4b3	srl	x9,x9,x30	  x9:0x00800000 x30:0x00000000  x9=0x00800000
     402755.000 ns	     40274	80008858	c01b78d3	fcvt.wu.s	x17,f22	 f22:0x80000000 x17=0x00000000
     402795.000 ns	     40278	8000885c	196e93d3	fdiv.s	f7,f29,f22	 f29:0xdbde9000 f22:0x80000000  f7=0x7f800000
     402825.000 ns	     40281	80008860	284b08d3	fmin.s	f17,f22,f4	 f22:0x80000000  f4:0x80000000 f17=0x80000000
     402845.000 ns	     40283	80008864	cb61a6b7	lui	x13,0xcb61a	 x13=0xcb61a000
     402855.000 ns	     40284	80008868	0f074c13	xori	x24,x14,240	 x14:0x00000400 x24=0x000004f0
     402875.000 ns	     40286	8000886c	a06a9c53	flt.s	x24,f21,f6	 f21:0x00000001  f6:0x7fc00000 x24=0x00000000
     402895.000 ns	     40288	80008870	00de0cb3	add	x25,x28,x13	 x28:0x00000001 x13:0xcb61a000 x25=0xcb61a001
     402925.000 ns	     40291	80008874	112820d3	fmul.s	f1,f16,f18	 f16:0x7fc00000 f18:0xff800000  f1=0x7fc00000
     402945.000 ns	     40293	80008878	00693233	sltu	x4,x18,x6	 x18:0x00000000  x6:0x00000000  x4=0x00000000
     402965.000 ns	     40295	8000887c	c014f2d3	fcvt.wu.s	x5,f9	  f9:0x7fc00000  x5=0xffffffff
     402985.000 ns	     40297	80008880	005aff33	and	x30,x21,x5	 x21:0x00000000  x5:0x00000001 x30=0x00000000
     403005.000 ns	     40299	80008884	205489d3	fsgnj.s	f19,f9,f5	  f9:0x7fc00000  f5:0xdbde9000 f19=0xffc00000
     403025.000 ns	     40301	80008888	9635e137	lui	x2,0x9635e	  x2=0x9635e000
     403045.000 ns	     40303	8000888c	a0960cd3	fle.s	x25,f12,f9	 f12:0x3f7fffae  f9:0x7fc00000 x25=0x00000000
     403065.000 ns	     40305	80008890	40155933	sra	x18,x10,x1	 x10:0x00000000  x1:0x80000000 x18=0x00000000
     403105.000 ns	     40309	80008894	08048553	fsub.s	f10,f9,f0	  f9:0x7fc00000  f0:0x800002a6 f10=0x7fc00000
     403145.000 ns	     40313	80008898	11317553	fmul.s	f10,f2,f19	  f2:0x80000000 f19:0xffc00000 f10=0x7fc00000
     403175.000 ns	     40316	8000889c	0216bc33	mulhu	x24,x13,x1	 x13:0xcb61a000  x1:0x80000000 x24=0x65b0d000
     403205.000 ns	     40319	800088a0	f00e0fd3	fmv.w.x	f31,x28	 x28:0x00000001 f31=0x00000001
     403235.000 ns	     40322	800088a4	02b24bb3	div	x23,x4,x11	  x4:0x00000000 x11:0x00000000 x23=0xffffffff
     403605.000 ns	     40359	800088a8	03d1f233	remu	x4,x3,x29	  x3:0x00000000 x29:0x00000001  x4=0x00000000
     403635.000 ns	     40362	800088ac	d00516d3	fcvt.s.w	f13,x10	 x10:0x00000000 f13=0x00000000
     403675.000 ns	     40366	800088b0	19a4fe53	fdiv.s	f28,f9,f26	  f9:0x7fc00000 f26:0xcb000466 f28=0x7fc00000
     403705.000 ns	     40369	800088b4	c017c3d3	fcvt.wu.s	x7,f15	 f15:0x00000000  x7=0x00000000
     403735.000 ns	     40372	800088b8	21798ad3	fsgnj.s	f21,f19,f23	 f19:0xffc00000 f23:0x00000000 f21=0x7fc00000
     403765.000 ns	     40375	800088bc	029e1eb3	mulh	x29,x28,x9	 x28:0x00000001  x9:0x00800000 x29=0x00000000
     404135.000 ns	     40412	800088c0	02c56633	rem	x12,x10,x12	 x10:0x00000000 x12:0x04090370 x12=0x00000000
     404155.000 ns	     40414	800088c4	40585033	sra	x0,x16,x5	 x16:0x800002a6  x5:0xffffffff
     404175.000 ns	     40416	800088c8	21cc0ad3	fsgnj.s	f21,f24,f28	 f24:0x00000000 f28:0x7fc00000 f21=0x00000000
     404205.000 ns	     40419	800088cc	c01d3ed3	fcvt.wu.s	x29,f26	 f26:0xcb000466 x29=0x00800466
     404235.000 ns	     40422	800088d0	039cc033	div	x0,x25,x25	 x25:0x00000000 x25:0x00000000
     404285.000 ns	     40427	800088d4	09dc7b53	fsub.s	f22,f24,f29	 f24:0x00000000 f29:0xdbde9000 f22=0x5bde9000
     404305.000 ns	     40429	800088d8	8fb0ae93	slti	x29,x1,-1797	  x1:0x80000000 x29=0x00000001
     404325.000 ns	     40431	800088dc	d008fdd3	fcvt.s.w	f27,x17	 x17:0x00000000 f27=0x00000000
     404355.000 ns	     40434	800088e0	28859853	fmax.s	f16,f11,f8	 f11:0x3f800000  f8:0x7fc00000 f16=0x3f800000
     404385.000 ns	     40437	800088e4	a17411d3	flt.s	x3,f8,f23	  f8:0x7fc00000 f23:0x00000000  x3=0x00000000
     404755.000 ns	     40474	800088e8	03367933	remu	x18,x12,x19	 x12:0x00000000 x19:0x00000001 x18=0x00000000
     405125.000 ns	     40511	800088ec	02e652b3	divu	x5,x12,x14	 x12:0x00000000 x14:0x00000400  x5=0x00000000
     405155.000 ns	     40514	800088f0	02375cb3	divu	x25,x14,x3	 x14:0x00000400  x3:0x00000000 x25=0xffffffff
     405175.000 ns	     40516	800088f4	c6a7e713	ori	x14,x15,-918	 x15:0x00000000 x14=0xfffffc6a
     405185.000 ns	     40517	800088f8	826f8293	addi	x5,x31,-2010	 x31:0x00000015  x5=0xfffff83b
     405195.000 ns	     40518	800088fc	416dd693	srai	x13,x27,0x16	 x27:0xc3c2e850 x13=0xffffff0f
     405205.000 ns	     40519	80008900	40a456b3	sra	x13,x8,x10	  x8:0x80040fe4 x10:0x00000000 x13=0x80040fe4
     405225.000 ns	     40521	80008904	297c12d3	fmax.s	f5,f24,f23	 f24:0x00000000 f23:0x00000000  f5=0x00000000
     405255.000 ns	     40524	80008908	03818db3	mul	x27,x3,x24	  x3:0x00000000 x24:0x65b0d000 x27=0x00000000
     405625.000 ns	     40561	8000890c	03fbd333	divu	x6,x23,x31	 x23:0xffffffff x31:0x00000015  x6=0x0c30c30c
     405655.000 ns	     40564	80008910	02850233	mul	x4,x10,x8	 x10:0x00000000  x8:0x80040fe4  x4=0x00000000
     405675.000 ns	     40566	80008914	417cd633	sra	x12,x25,x23	 x25:0xffffffff x23:0xffffffff x12=0xffffffff
     405685.000 ns	     40567	80008918	9aad5917	auipc	x18,0x9aad5	 x18=0x1aadd918
     405695.000 ns	     40568	8000891c	00186f33	or	x30,x16,x1	 x16:0x800002a6  x1:0x80000000 x30=0x800002a6
     405715.000 ns	     40570	80008920	a04da053	feq.s	x0,f27,f4	 f27:0x00000000  f4:0x80000000
     405735.000 ns	     40572	80008924	41abd793	srai	x15,x23,0x1a	 x23:0xffffffff x15=0xffffffff
     406905.000 ns	     40689	80008928	580b77d3	fsqrt.s	f15,f22	 f22:0x5bde9000 f15=0x4da8c8ab
     406935.000 ns	     40692	8000892c	29b19153	fmax.s	f2,f3,f27	  f3:0x00000001 f27:0x00000000  f2=0x00000001
     406965.000 ns	     40695	80008930	210f27d3	fsgnjx.s	f15,f30,f16	 f30:0x3f800000 f16:0x3f800000 f15=0x3f800000
     406985.000 ns	     40697	80008934	a3e3bb93	sltiu	x23,x7,-1474	  x7:0x00000000 x23=0x00000001
     407345.000 ns	     40733	80008938	026a7d33	remu	x26,x20,x6	 x20:0x80041024  x6:0x0c30c30c x26=0x061c71ac
     407365.000 ns	     40735	8000893c	011ddf33	srl	x30,x27,x17	 x27:0x00000000 x17:0x00000000 x30=0x00000000
     407375.000 ns	     40736	80008940	019494b3	sll	x9,x9,x25	  x9:0x00800000 x25:0xffffffff  x9=0x00000000
     407405.000 ns	     40739	80008944	1119f6d3	fmul.s	f13,f19,f17	 f19:0xffc00000 f17:0x80000000 f13=0x7fc00000
     407425.000 ns	     40741	80008948	0111e933	or	x18,x3,x17	  x3:0x00000000 x17:0x00000000 x18=0x00000000
     407445.000 ns	     40743	8000894c	d00339d3	fcvt.s.w	f19,x6	  x6:0x0c30c30c f19=0x4d430c31
     407465.000 ns	     40745	80008950	0116e1b3	or	x3,x13,x17	 x13:0x80040fe4 x17:0x00000000  x3=0x80040fe4
     407475.000 ns	     40746	80008954	01050f33	add	x30,x10,x16	 x10:0x00000000 x16:0x800002a6 x30=0x800002a6
     407495.000 ns	     40748	80008958	e00e89d3	fmv.x.w	x19,f29	 f29:0xdbde9000 x19=0xdbde9000
     407515.000 ns	     40750	8000895c	00000013	addi	x0,x0,0	  x0:0x00000000
     407535.000 ns	     40752	80008960	0239b1b3	mulhu	x3,x19,x3	 x19:0xdbde9000  x3:0x80040fe4  x3=0x6df2c520
     407875.000 ns	     40786	80008964	18f17f53	fdiv.s	f30,f2,f15	  f2:0x00000001 f15:0x3f800000 f30=0x00000000
     407895.000 ns	     40788	80008968	54d2a013	slti	x0,x5,1357	  x5:0xfffff83b
     408255.000 ns	     40824	8000896c	02e85533	divu	x10,x16,x14	 x16:0x800002a6 x14:0xfffffc6a x10=0x00000000
     408275.000 ns	     40826	80008970	00d5edb3	or	x27,x11,x13	 x11:0x00000000 x13:0x80040fe4 x27=0x80040fe4
     408295.000 ns	     40828	80008974	02d11f33	mulh	x30,x2,x13	  x2:0x9635e000 x13:0x80040fe4 x30=0x34e36246
     408325.000 ns	     40831	80008978	02013d33	mulhu	x26,x2,x0	  x2:0x9635e000  x0:0x00000000 x26=0x00000000
     408345.000 ns	     40833	8000897c	40155a93	srai	x21,x10,0x1	 x10:0x00000000 x21=0x00000000
     408365.000 ns	     40835	80008980	21580b53	fsgnj.s	f22,f16,f21	 f16:0x3f800000 f21:0x00000000 f22=0x3f800000
     408385.000 ns	     40837	80008984	01a3d913	srli	x18,x7,0x1a	  x7:0x00000000 x18=0x00000000
     408405.000 ns	     40839	80008988	c0132b53	fcvt.wu.s	x22,f6	  f6:0x7fc00000 x22=0xffffffff
     408425.000 ns	     40841	8000898c	4164dd93	srai	x27,x9,0x16	  x9:0x00000000 x27=0x00000000
     408445.000 ns	     40843	80008990	027ee5b3	rem	x11,x29,x7	 x29:0x00000001  x7:0x00000000 x11=0x00000001
     408495.000 ns	     40848	80008994	00462dd3	fadd.s	f27,f12,f4	 f12:0x3f7fffae  f4:0x80000000 f27=0x3f7fffae
     408515.000 ns	     40850	80008998	004dd033	srl	x0,x27,x4	 x27:0x00000000  x4:0x00000000
     408525.000 ns	     40851	8000899c	12318013	addi	x0,x3,291	  x3:0x6df2c520
     408535.000 ns	     40852	800089a0	4129d5b3	sra	x11,x19,x18	 x19:0xdbde9000 x18:0x00000000 x11=0xdbde9000
     408545.000 ns	     40853	800089a4	a61b8593	addi	x11,x23,-1439	 x23:0x00000001 x11=0xfffffa62
     408565.000 ns	     40855	800089a8	a0b89153	flt.s	x2,f17,f11	 f17:0x80000000 f11:0x3f800000  x2=0x00000001
     408585.000 ns	     40857	800089ac	12f9f113	andi	x2,x19,303	 x19:0xdbde9000  x2=0x00000000
     408595.000 ns	     40858	800089b0	00000013	addi	x0,x0,0	  x0:0x00000000
     408615.000 ns	     40860	800089b4	c01ef953	fcvt.wu.s	x18,f29	 f29:0xdbde9000 x18=0x00000000
     408985.000 ns	     40897	800089b8	03d35533	divu	x10,x6,x29	  x6:0x0c30c30c x29:0x00000001 x10=0x0c30c30c
     409015.000 ns	     40900	800089bc	c00877d3	fcvt.w.s	x15,f16	 f16:0x3f800000 x15=0x00000001
     409045.000 ns	     40903	800089c0	20271dd3	fsgnjn.s	f27,f14,f2	 f14:0x3f800000  f2:0x00000001 f27=0xbf800000
     409075.000 ns	     40906	800089c4	02231c33	mulh	x24,x6,x2	  x6:0x0c30c30c  x2:0x00000000 x24=0x00000000
     409095.000 ns	     40908	800089c8	a8bf6e93	ori	x29,x30,-1397	 x30:0x34e36246 x29=0xfffffacf
     410265.000 ns	     41025	800089cc	58083f53	fsqrt.s	f30,f16	 f16:0x3f800000 f30=0x3f7fffae
     410295.000 ns	     41028	800089d0	e00609d3	fmv.x.w	x19,f12	 f12:0x3f7fffae x19=0x3f7fffae
     410335.000 ns	     41032	800089d4	10c3f3d3	fmul.s	f7,f7,f12	  f7:0x7f800000 f12:0x3f7fffae  f7=0x7f800000
     410355.000 ns	     41034	800089d8	01f1cab3	xor	x21,x3,x31	  x3:0x6df2c520 x31:0x00000015 x21=0x6df2c535
     410375.000 ns	     41036	800089dc	212e9f53	fsgnjn.s	f30,f29,f18	 f29:0xdbde9000 f18:0xff800000 f30=0x5bde9000
     410745.000 ns	     41073	800089e0	02da5eb3	divu	x29,x20,x13	 x20:0x80041024 x13:0x80040fe4 x29=0x00000001
     410775.000 ns	     41076	800089e4	e00718d3	fclass.s	x17,f14	 f14:0x3f800000 x17=0x00000040
     410805.000 ns	     41079	800089e8	e00e1753	fclass.s	x14,f28	 f28:0x7fc00000 x14=0x00000200
     410825.000 ns	     41081	800089ec	4176d133	sra	x2,x13,x23	 x13:0x80040fe4 x23:0x00000001  x2=0xc00207f2
     411185.000 ns	     41117	800089f0	030671b3	remu	x3,x12,x16	 x12:0xffffffff x16:0x800002a6  x3=0x7ffffd59
     411205.000 ns	     41119	800089f4	41c5db13	srai	x22,x11,0x1c	 x11:0xfffffa62 x22=0xffffffff
     411225.000 ns	     41121	800089f8	284a9553	fmax.s	f10,f21,f4	 f21:0x00000000  f4:0x80000000 f10=0x00000000
     411245.000 ns	     41123	800089fc	6102bcb7	lui	x25,0x6102b	 x25=0x6102b000
     411255.000 ns	     41124	80008a00	016554b3	srl	x9,x10,x22	 x10:0x0c30c30c x22:0xffffffff  x9=0x00000000
     411265.000 ns	     41125	80008a04	6c54ad13	slti	x26,x9,1733	  x9:0x00000000 x26=0x00000001
     411285.000 ns	     41127	80008a08	03e2aeb3	mulhsu	x29,x5,x30	  x5:0xfffff83b x30:0x34e36246 x29=0xfffffe65
     411305.000 ns	     41129	80008a0c	003c14b3	sll	x9,x24,x3	 x24:0x00000000  x3:0x7ffffd59  x9=0x00000000
     411325.000 ns	     41131	80008a10	d01b7bd3	fcvt.s.wu	f23,x22	 x22:0xffffffff f23=0x4f7fffff
     411355.000 ns	     41134	80008a14	c002f7d3	fcvt.w.s	x15,f5	  f5:0x00000000 x15=0x00000000
     411375.000 ns	     41136	80008a18	01f86c33	or	x24,x16,x31	 x16:0x800002a6 x31:0x00000015 x24=0x800002b7
     411395.000 ns	     41138	80008a1c	e0071353	fclass.s	x6,f14	 f14:0x3f800000  x6=0x00000040
     411435.000 ns	     41142	80008a20	18a9c9d3	fdiv.s	f19,f19,f10	 f19:0x4d430c31 f10:0x00000000 f19=0x7f800000
     411455.000 ns	     41144	80008a24	408d0cb3	sub	x25,x26,x8	 x26:0x00000001  x8:0x80040fe4 x25=0x7ffbf01d
     411495.000 ns	     41148	80008a28	08b97753	fsub.s	f14,f18,f11	 f18:0xff800000 f11:0x3f800000 f14=0xff800000
     411545.000 ns	     41153	80008a2c	09a577d3	fsub.s	f15,f10,f26	 f10:0x00000000 f26:0xcb000466 f15=0x4b000466
     411565.000 ns	     41155	80008a30	41d25393	srai	x7,x4,0x1d	  x4:0x00000000  x7=0x00000000
     411575.000 ns	     41156	80008a34	8c8be393	ori	x7,x23,-1848	 x23:0x00000001  x7=0xfffff8c9
     411585.000 ns	     41157	80008a38	50b46713	ori	x14,x8,1291	  x8:0x80040fe4 x14=0x80040fef
     411605.000 ns	     41159	80008a3c	e0041053	fclass.s	x0,f8	  f8:0x7fc00000
     411645.000 ns	     41163	80008a40	10b77b53	fmul.s	f22,f14,f11	 f14:0xff800000 f11:0x3f800000 f22=0xff800000
     411675.000 ns	     41166	80008a44	283f14d3	fmax.s	f9,f30,f3	 f30:0x5bde9000  f3:0x00000001  f9=0x5bde9000
     411705.000 ns	     41169	80008a48	f00085d3	fmv.w.x	f11,x1	  x1:0x80000000 f11=0x80000000
     411735.000 ns	     41172	80008a4c	d00af253	fcvt.s.w	f4,x21	 x21:0x6df2c535  f4=0x4edbe58a
     411765.000 ns	     41175	80008a50	031a93b3	mulh	x7,x21,x17	 x21:0x6df2c535 x17:0x00000040  x7=0x0000001b
     411785.000 ns	     41177	80008a54	010bd633	srl	x12,x23,x16	 x23:0x00000001 x16:0x800002a6 x12=0x00000000
     411795.000 ns	     41178	80008a58	7f4f6313	ori	x6,x30,2036	 x30:0x34e36246  x6=0x34e367f6
     411815.000 ns	     41180	80008a5c	a0b385d3	fle.s	x11,f7,f11	  f7:0x7f800000 f11:0x80000000 x11=0x00000000
     412185.000 ns	     41217	80008a60	03c9ec33	rem	x24,x19,x28	 x19:0x3f7fffae x28:0x00000001 x24=0x00000000
     412215.000 ns	     41220	80008a64	a0bcacd3	feq.s	x25,f25,f11	 f25:0x00000000 f11:0x80000000 x25=0x00000001
     412245.000 ns	     41223	80008a68	c0143e53	fcvt.wu.s	x28,f8	  f8:0x7fc00000 x28=0xffffffff
     412265.000 ns	     41225	80008a6c	01fe9c33	sll	x24,x29,x31	 x29:0xfffffe65 x31:0x00000015 x24=0xcca00000
     412285.000 ns	     41227	80008a70	201f28d3	fsgnjx.s	f17,f30,f1	 f30:0x5bde9000  f1:0x7fc00000 f17=0x5bde9000
     412315.000 ns	     41230	80008a74	025f2233	mulhsu	x4,x30,x5	 x30:0x34e36246  x5:0xfffff83b  x4=0x34e360ab
     412335.000 ns	     41232	80008a78	01e384b3	add	x9,x7,x30	  x7:0x0000001b x30:0x34e36246  x9=0x34e36261
     412355.000 ns	     41234	80008a7c	e00c0853	fmv.x.w	x16,f24	 f24:0x00000000 x16=0x00000000
     412385.000 ns	     41237	80008a80	030b2033	mulhsu	x0,x22,x16	 x22:0xffffffff x16:0x800002a6
     412405.000 ns	     41239	80008a84	00000013	addi	x0,x0,0	  x0:0x00000000
     412415.000 ns	     41240	80008a88	4168d733	sra	x14,x17,x22	 x17:0x00000040 x22:0xffffffff x14=0x00000000
     412775.000 ns	     41276	80008a8c	022e4733	div	x14,x28,x2	 x28:0xffffffff  x2:0xc00207f2 x14=0x00000000
     412805.000 ns	     41279	80008a90	c01cfbd3	fcvt.wu.s	x23,f25	 f25:0x00000000 x23=0x00000000
     412855.000 ns	     41284	80008a94	013a4e53	fadd.s	f28,f20,f19	 f20:0x80000000 f19:0x7f800000 f28=0x7f800000
     412875.000 ns	     41286	80008a98	016ce9b3	or	x19,x25,x22	 x25:0x00000001 x22:0xffffffff x19=0xffffffff
     412895.000 ns	     41288	80008a9c	28c58353	fmin.s	f6,f11,f12	 f11:0x80000000 f12:0x3f7fffae  f6=0x80000000
     412925.000 ns	     41291	80008aa0	03a6ac33	mulhsu	x24,x13,x26	 x13:0x80040fe4 x26:0x00000001 x24=0xffffffff
     412945.000 ns	     41293	80008aa4	00000013	addi	x0,x0,0	  x0:0x00000000
     412965.000 ns	     41295	80008aa8	21312353	fsgnjx.s	f6,f2,f19	  f2:0x00000001 f19:0x7f800000  f6=0x00000001
     413335.000 ns	     41332	80008aac	0270d533	divu	x10,x1,x7	  x1:0x80000000  x7:0x0000001b x10=0x04bda12f
     413365.000 ns	     41335	80008ab0	c000f353	fcvt.w.s	x6,f1	  f1:0x7fc00000  x6=0x7fffffff
     413385.000 ns	     41337	80008ab4	00e33d33	sltu	x26,x6,x14	  x6:0x34e367f6 x14:0x00000000 x26=0x00000000
     413405.000 ns	     41339	80008ab8	02839b33	mulh	x22,x7,x8	  x7:0x0000001b  x8:0x80040fe4 x22=0xfffffff2
     413435.000 ns	     41342	80008abc	28eb1d53	fmax.s	f26,f22,f14	 f22:0xff800000 f14:0xff800000 f26=0xff800000
     413465.000 ns	     41345	80008ac0	03908eb3	mul	x29,x1,x25	  x1:0x80000000 x25:0x00000001 x29=0x80000000
     413835.000 ns	     41382	80008ac4	03db59b3	divu	x19,x22,x29	 x22:0xfffffff2 x29:0xfffffe65 x19=0x00000001
     413855.000 ns	     41384	80008ac8	005514b3	sll	x9,x10,x5	 x10:0x04bda12f  x5:0xfffff83b  x9=0x78000000
     414215.000 ns	     41420	80008acc	03c57133	remu	x2,x10,x28	 x10:0x04bda12f x28:0xffffffff  x2=0x04bda12f
     414235.000 ns	     41422	80008ad0	683c8493	addi	x9,x25,1667	 x25:0x00000001  x9=0x00000684
     414255.000 ns	     41424	80008ad4	d00c7a53	fcvt.s.w	f20,x24	 x24:0xffffffff f20=0xbf800000
     414275.000 ns	     41426	80008ad8	00998ab3	add	x21,x19,x9	 x19:0x00000001  x9:0x78000000 x21=0x00000685
     414285.000 ns	     41427	80008adc	014ad833	srl	x16,x21,x20	 x21:0x6df2c535 x20:0x80041024 x16=0x00000068
     414295.000 ns	     41428	80008ae0	01a0a7b3	slt	x15,x1,x26	  x1:0x80000000 x26:0x00000000 x15=0x00000001
     414315.000 ns	     41430	80008ae4	f00307d3	fmv.w.x	f15,x6	  x6:0x7fffffff f15=0x7fffffff
     414335.000 ns	     41432	80008ae8	51592d93	slti	x27,x18,1301	 x18:0x00000000 x27=0x00000001
     414365.000 ns	     41435	80008aec	1813f353	fdiv.s	f6,f7,f1	  f7:0x7f800000  f1:0x7fc00000  f6=0x7fc00000
     414415.000 ns	     41440	80008af0	091dbb53	fsub.s	f22,f27,f17	 f27:0xbf800000 f17:0x5bde9000 f22=0xdbde9000
     414445.000 ns	     41443	80008af4	287e1c53	fmax.s	f24,f28,f7	 f28:0x7f800000  f7:0x7f800000 f24=0x7f800000
     414475.000 ns	     41446	80008af8	e0048553	fmv.x.w	x10,f9	  f9:0x5bde9000 x10=0x5bde9000
     414505.000 ns	     41449	80008afc	20a39653	fsgnjn.s	f12,f7,f10	  f7:0x7f800000 f10:0x00000000 f12=0xff800000
     414525.000 ns	     41451	80008b00	214c4813	xori	x16,x24,532	 x24:0xffffffff x16=0xfffffdeb
     414535.000 ns	     41452	80008b04	00dfdd13	srli	x26,x31,0xd	 x31:0x00000015 x26=0x00000000
     414555.000 ns	     41454	80008b08	02de3833	mulhu	x16,x28,x13	 x28:0xffffffff x13:0x80040fe4 x16=0x80040fe3
     414575.000 ns	     41456	80008b0c	41b08bb3	sub	x23,x1,x27	  x1:0x80000000 x27:0x00000001 x23=0x7fffffff
     414935.000 ns	     41492	80008b10	02846333	rem	x6,x8,x8	  x8:0x80040fe4  x8:0x80040fe4  x6=0x00000000
     414955.000 ns	     41494	80008b14	ee74ef13	ori	x30,x9,-281	  x9:0x00000684 x30=0xfffffee7
     415315.000 ns	     41530	80008b18	03de48b3	div	x17,x28,x29	 x28:0xffffffff x29:0x80000000 x17=0x00000000
     415335.000 ns	     41532	80008b1c	001638b3	sltu	x17,x12,x1	 x12:0x00000000  x1:0x80000000 x17=0x00000001
     415345.000 ns	     41533	80008b20	00000013	addi	x0,x0,0	  x0:0x00000000
     415355.000 ns	     41534	80008b24	0096e6b3	or	x13,x13,x9	 x13:0x80040fe4  x9:0x00000684 x13=0x80040fe4
     415365.000 ns	     41535	80008b28	0168de33	srl	x28,x17,x22	 x17:0x00000001 x22:0xfffffff2 x28=0x00000000
     415375.000 ns	     41536	80008b2c	001d0bb3	add	x23,x26,x1	 x26:0x00000000  x1:0x80000000 x23=0x80000000
     415395.000 ns	     41538	80008b30	d001a153	fcvt.s.w	f2,x3	  x3:0x7ffffd59  f2=0x4efffffb
     415415.000 ns	     41540	80008b34	41c383b3	sub	x7,x7,x28	  x7:0x0000001b x28:0x00000000  x7=0x0000001b
     415425.000 ns	     41541	80008b38	01925713	srli	x14,x4,0x19	  x4:0x34e360ab x14=0x0000001a
     415445.000 ns	     41543	80008b3c	d013fad3	fcvt.s.wu	f21,x7	  x7:0x0000001b f21=0x41d80000
     415465.000 ns	     41545	80008b40	0f1d0893	addi	x17,x26,241	 x26:0x00000000 x17=0x000000f1
     415485.000 ns	     41547	80008b44	031d14b3	mulh	x9,x26,x17	 x26:0x00000000 x17:0x00000001  x9=0x00000000
     415505.000 ns	     41549	80008b48	00270cb3	add	x25,x14,x2	 x14:0x0000001a  x2:0x04bda12f x25=0x04bda149
     415525.000 ns	     41551	80008b4c	282487d3	fmin.s	f15,f9,f2	  f9:0x5bde9000  f2:0x4efffffb f15=0x4efffffb
     415555.000 ns	     41554	80008b50	f00787d3	fmv.w.x	f15,x15	 x15:0x00000001 f15=0x00000001
     415575.000 ns	     41556	80008b54	00a3fbb3	and	x23,x7,x10	  x7:0x0000001b x10:0x5bde9000 x23=0x00000000
     415585.000 ns	     41557	80008b58	00f35213	srli	x4,x6,0xf	  x6:0x00000000  x4=0x00000000
     415595.000 ns	     41558	80008b5c	21d1fb97	auipc	x23,0x21d1f	 x23=0xa1d27b5c
     415615.000 ns	     41560	80008b60	e0080fd3	fmv.x.w	x31,f16	 f16:0x3f800000 x31=0x3f800000
     415645.000 ns	     41563	80008b64	a05e9cd3	flt.s	x25,f29,f5	 f29:0xdbde9000  f5:0x00000000 x25=0x00000001
     415665.000 ns	     41565	80008b68	412bdfb3	sra	x31,x23,x18	 x23:0xa1d27b5c x18:0x00000000 x31=0xa1d27b5c
     415685.000 ns	     41567	80008b6c	28651dd3	fmax.s	f27,f10,f6	 f10:0x00000000  f6:0x7fc00000 f27=0x00000000
     415715.000 ns	     41570	80008b70	e00694d3	fclass.s	x9,f13	 f13:0x7fc00000  x9=0x00000200
     415745.000 ns	     41573	80008b74	29d28653	fmin.s	f12,f5,f29	  f5:0x00000000 f29:0xdbde9000 f12=0xdbde9000
     415765.000 ns	     41575	80008b78	403d55b3	sra	x11,x26,x3	 x26:0x00000000  x3:0x7ffffd59 x11=0x00000000
     415785.000 ns	     41577	80008b7c	0273bc33	mulhu	x24,x7,x7	  x7:0x0000001b  x7:0x0000001b x24=0x00000000
     415805.000 ns	     41579	80008b80	00401613	slli	x12,x0,0x4	  x0:0x00000000 x12=0x00000000
     415825.000 ns	     41581	80008b84	a1868cd3	fle.s	x25,f13,f24	 f13:0x7fc00000 f24:0x7f800000 x25=0x00000000
     415865.000 ns	     41585	80008b88	18803c53	fdiv.s	f24,f0,f8	  f0:0x800002a6  f8:0x7fc00000 f24=0x7fc00000
     415895.000 ns	     41588	80008b8c	02085333	divu	x6,x16,x0	 x16:0x80040fe3  x0:0x00000000  x6=0xffffffff
     415915.000 ns	     41590	80008b90	3475b913	sltiu	x18,x11,839	 x11:0x00000000 x18=0x00000001
     415935.000 ns	     41592	80008b94	e00603d3	fmv.x.w	x7,f12	 f12:0xdbde9000  x7=0xdbde9000
     415955.000 ns	     41594	80008b98	c4697717	auipc	x14,0xc4697	 x14=0x4469fb98
     415965.000 ns	     41595	80008b9c	41f65b13	srai	x22,x12,0x1f	 x12:0x00000000 x22=0x00000000
     415985.000 ns	     41597	80008ba0	02b7c333	div	x6,x15,x11	 x15:0x00000001 x11:0x00000000  x6=0xffffffff
     416015.000 ns	     41600	80008ba4	02909533	mulh	x10,x1,x9	  x1:0x80000000  x9:0x00000200 x10=0xffffff00
     416045.000 ns	     41603	80008ba8	02bc08b3	mul	x17,x24,x11	 x24:0x00000000 x11:0x00000000 x17=0x00000000
     416065.000 ns	     41605	80008bac	400b8c33	sub	x24,x23,x0	 x23:0xa1d27b5c  x0:0x00000000 x24=0xa1d27b5c
     416425.000 ns	     41641	80008bb0	02565c33	divu	x24,x12,x5	 x12:0x00000000  x5:0xfffff83b x24=0x00000000
     416455.000 ns	     41644	80008bb4	d005b6d3	fcvt.s.w	f13,x11	 x11:0x00000000 f13=0x00000000
     416475.000 ns	     41646	80008bb8	0037ceb3	xor	x29,x15,x3	 x15:0x00000001  x3:0x7ffffd59 x29=0x7ffffd58
     416495.000 ns	     41648	80008bbc	d00e2453	fcvt.s.w	f8,x28	 x28:0x00000000  f8=0x00000000
     416515.000 ns	     41650	80008bc0	41d5deb3	sra	x29,x11,x29	 x11:0x00000000 x29:0x80000000 x29=0x00000000
     416525.000 ns	     41651	80008bc4	18fac513	xori	x10,x21,399	 x21:0x00000685 x10=0x0000070a
     416565.000 ns	     41655	80008bc8	01ed75d3	fadd.s	f11,f26,f30	 f26:0xff800000 f30:0x5bde9000 f11=0xff800000
     416605.000 ns	     41659	80008bcc	114d9c53	fmul.s	f24,f27,f20	 f27:0x00000000 f20:0xbf800000 f24=0x80000000
     416625.000 ns	     41661	80008bd0	40ae5793	srai	x15,x28,0xa	 x28:0x00000000 x15=0x00000000
     416635.000 ns	     41662	80008bd4	00abd4b3	srl	x9,x23,x10	 x23:0xa1d27b5c x10:0x0000070a  x9=0x0028749e
     416655.000 ns	     41664	80008bd8	d011f5d3	fcvt.s.wu	f11,x3	  x3:0x7ffffd59 f11=0x4efffffa
     416675.000 ns	     41666	80008bdc	411054b3	sra	x9,x0,x17	  x0:0x00000000 x17:0x00000000  x9=0x00000000
     416685.000 ns	     41667	80008be0	eaa18393	addi	x7,x3,-342	  x3:0x7ffffd59  x7=0x7ffffc03
     416695.000 ns	     41668	80008be4	7568c513	xori	x10,x17,1878	 x17:0x00000000 x10=0x00000756
     416705.000 ns	     41669	80008be8	00d7dfb3	srl	x31,x15,x13	 x15:0x00000000 x13:0x80040fe4 x31=0x00000000
     416725.000 ns	     41671	80008bec	a1951b53	flt.s	x22,f10,f25	 f10:0x00000000 f25:0x00000000 x22=0x00000000
     416755.000 ns	     41674	80008bf0	219c8553	fsgnj.s	f10,f25,f25	 f25:0x00000000 f25:0x00000000 f10=0x00000000
     416795.000 ns	     41678	80008bf4	1166ffd3	fmul.s	f31,f13,f22	 f13:0x00000000 f22:0xdbde9000 f31=0x80000000
     416825.000 ns	     41681	80008bf8	03dace33	div	x28,x21,x29	 x21:0x00000685 x29:0x00000000 x28=0xffffffff
     416845.000 ns	     41683	80008bfc	40628733	sub	x14,x5,x6	  x5:0xfffff83b  x6:0xffffffff x14=0xfffff83c
     416865.000 ns	     41685	80008c00	038d84b3	mul	x9,x27,x24	 x27:0x00000001 x24:0x00000000  x9=0x00000000
     416895.000 ns	     41688	80008c04	a0309753	flt.s	x14,f1,f3	  f1:0x7fc00000  f3:0x00000001 x14=0x00000000
     416925.000 ns	     41691	80008c08	e0010253	fmv.x.w	x4,f2	  f2:0x4efffffb  x4=0x4efffffb
     416965.000 ns	     41695	80008c0c	580d78d3	fsqrt.s	f17,f26	 f26:0xff800000 f17=0x7fc00000
     416995.000 ns	     41698	80008c10	e00f0e53	fmv.x.w	x28,f30	 f30:0x5bde9000 x28=0x5bde9000
     417015.000 ns	     41700	80008c14	41fbdc33	sra	x24,x23,x31	 x23:0xa1d27b5c x31:0x00000000 x24=0xa1d27b5c
     417035.000 ns	     41702	80008c18	e0018753	fmv.x.w	x14,f3	  f3:0x00000001 x14=0x00000001
     417055.000 ns	     41704	80008c1c	2c056b97	auipc	x23,0x2c056	 x23=0xac05ec1c
     417075.000 ns	     41706	80008c20	c00a7c53	fcvt.w.s	x24,f20	 f20:0xbf800000 x24=0x00000001
     417105.000 ns	     41709	80008c24	029e2db3	mulhsu	x27,x28,x9	 x28:0x5bde9000  x9:0x00000000 x27=0x00000000
     417125.000 ns	     41711	80008c28	012d8ab3	add	x21,x27,x18	 x27:0x00000001 x18:0x00000001 x21=0x00000001
     417145.000 ns	     41713	80008c2c	03952e33	mulhsu	x28,x10,x25	 x10:0x00000756 x25:0x00000000 x28=0x00000000
     417185.000 ns	     41717	80008c30	188bf7d3	fdiv.s	f15,f23,f8	 f23:0x4f7fffff  f8:0x00000000 f15=0x7f800000
     417205.000 ns	     41719	80008c34	01ed6bb3	or	x23,x26,x30	 x26:0x00000000 x30:0xfffffee7 x23=0xfffffee7
     417225.000 ns	     41721	80008c38	d00d2bd3	fcvt.s.w	f23,x26	 x26:0x00000000 f23=0x00000000
     417275.000 ns	     41726	80008c3c	084c79d3	fsub.s	f19,f24,f4	 f24:0x80000000  f4:0x4edbe58a f19=0xcedbe58a
     417295.000 ns	     41728	80008c40	40fed833	sra	x16,x29,x15	 x29:0x00000000 x15:0x00000000 x16=0x00000000
     417305.000 ns	     41729	80008c44	011d0cb3	add	x25,x26,x17	 x26:0x00000000 x17:0x00000000 x25=0x00000000
     417325.000 ns	     41731	80008c48	a0799ad3	flt.s	x21,f19,f7	 f19:0xcedbe58a  f7:0x7f800000 x21=0x00000001
     417355.000 ns	     41734	80008c4c	c00277d3	fcvt.w.s	x15,f4	  f4:0x4edbe58a x15=0x6df2c500
     417375.000 ns	     41736	80008c50	4081dd33	sra	x26,x3,x8	  x3:0x7ffffd59  x8:0x80040fe4 x26=0x07ffffd5
     417385.000 ns	     41737	80008c54	00000013	addi	x0,x0,0	  x0:0x00000000
     417405.000 ns	     41739	80008c58	a0c60b53	fle.s	x22,f12,f12	 f12:0xdbde9000 f12:0xdbde9000 x22=0x00000001
     417425.000 ns	     41741	80008c5c	0150ceb3	xor	x29,x1,x21	  x1:0x80000000 x21:0x00000001 x29=0x80000001
     417445.000 ns	     41743	80008c60	0223ab33	mulhsu	x22,x7,x2	  x7:0x7ffffc03  x2:0x04bda12f x22=0x025ed084
     417465.000 ns	     41745	80008c64	019b5a93	srli	x21,x22,0x19	 x22:0x00000001 x21=0x00000001
     417485.000 ns	     41747	80008c68	d01488d3	fcvt.s.wu	f17,x9	  x9:0x00000000 f17=0x00000000
     417505.000 ns	     41749	80008c6c	00000013	addi	x0,x0,0	  x0:0x00000000
     417515.000 ns	     41750	80008c70	77bfec13	ori	x24,x31,1915	 x31:0x00000000 x24=0x0000077b
     417535.000 ns	     41752	80008c74	219a9353	fsgnjn.s	f6,f21,f25	 f21:0x41d80000 f25:0x00000000  f6=0xc1d80000
     417555.000 ns	     41754	80008c78	4528a593	slti	x11,x17,1106	 x17:0x00000000 x11=0x00000001
     417575.000 ns	     41756	80008c7c	03f1e033	rem	x0,x3,x31	  x3:0x7ffffd59 x31:0x00000000
     417605.000 ns	     41759	80008c80	c013fc53	fcvt.wu.s	x24,f7	  f7:0x7f800000 x24=0xffffffff
     417635.000 ns	     41762	80008c84	e00918d3	fclass.s	x17,f18	 f18:0xff800000 x17=0x00000001
     417675.000 ns	     41766	80008c88	18f2f653	fdiv.s	f12,f5,f15	  f5:0x00000000 f15:0x7f800000 f12=0x00000000
     417695.000 ns	     41768	80008c8c	009b04b3	add	x9,x22,x9	 x22:0x025ed084  x9:0x00000000  x9=0x025ed084
     417705.000 ns	     41769	80008c90	40925d93	srai	x27,x4,0x9	  x4:0x4efffffb x27=0x00277fff
     417715.000 ns	     41770	80008c94	07613d97	auipc	x27,0x7613	 x27=0x8761bc94
     417735.000 ns	     41772	80008c98	c006b953	fcvt.w.s	x18,f13	 f13:0x00000000 x18=0x00000000
     417765.000 ns	     41775	80008c9c	21ca1c53	fsgnjn.s	f24,f20,f28	 f20:0xbf800000 f28:0x7f800000 f24=0xbf800000
     417785.000 ns	     41777	80008ca0	2dfe6b93	ori	x23,x28,735	 x28:0x00000000 x23=0x000002df
     418145.000 ns	     41813	80008ca4	03336d33	rem	x26,x6,x19	  x6:0xffffffff x19:0x00000001 x26=0x00000000
     418165.000 ns	     41815	80008ca8	00000013	addi	x0,x0,0	  x0:0x00000000
     418175.000 ns	     41816	80008cac	01bcbc33	sltu	x24,x25,x27	 x25:0x00000000 x27:0x8761bc94 x24=0x00000001
     418195.000 ns	     41818	80008cb0	039ba233	mulhsu	x4,x23,x25	 x23:0x000002df x25:0x00000000  x4=0x00000000
     418235.000 ns	     41822	80008cb4	58002a53	fsqrt.s	f20,f0	  f0:0x800002a6 f20=0x7fc00000
     418605.000 ns	     41859	80008cb8	0290c1b3	div	x3,x1,x9	  x1:0x80000000  x9:0x025ed084  x3=0xffffffca
     418645.000 ns	     41863	80008cbc	117fa353	fmul.s	f6,f31,f23	 f31:0x80000000 f23:0x00000000  f6=0x80000000
     418665.000 ns	     41865	80008cc0	01e35133	srl	x2,x6,x30	  x6:0xffffffff x30:0xfffffee7  x2=0x01ffffff
     418675.000 ns	     41866	80008cc4	4133deb3	sra	x29,x7,x19	  x7:0x7ffffc03 x19:0x00000001 x29=0x3ffffe01
     418685.000 ns	     41867	80008cc8	1bb18d97	auipc	x27,0x1bb18	 x27=0x9bb20cc8
     418695.000 ns	     41868	80008ccc	18daf517	auipc	x10,0x18daf	 x10=0x98db7ccc
     418705.000 ns	     41869	80008cd0	004766b3	or	x13,x14,x4	 x14:0x00000001  x4:0x00000000 x13=0x00000001
     418715.000 ns	     41870	80008cd4	01f11eb3	sll	x29,x2,x31	  x2:0x01ffffff x31:0x00000000 x29=0x01ffffff
     418725.000 ns	     41871	80008cd8	01339293	slli	x5,x7,0x13	  x7:0x7ffffc03  x5=0xe0180000
     418745.000 ns	     41873	80008cdc	f0070e53	fmv.w.x	f28,x14	 x14:0x00000001 f28=0x00000001
     418765.000 ns	     41875	80008ce0	004aaf13	slti	x30,x21,4	 x21:0x00000001 x30=0x00000001
     418775.000 ns	     41876	80008ce4	00aa9513	slli	x10,x21,0xa	 x21:0x00000001 x10=0x00000400
     418805.000 ns	     41879	80008ce8	580678d3	fsqrt.s	f17,f12	 f12:0x00000000 f17=0x00000000
     418835.000 ns	     41882	80008cec	291086d3	fmin.s	f13,f1,f17	  f1:0x7fc00000 f17:0x00000000 f13=0x00000000
     418855.000 ns	     41884	80008cf0	10fc9717	auipc	x14,0x10fc9	 x14=0x90fd1cf0
     418875.000 ns	     41886	80008cf4	d00e7c53	fcvt.s.w	f24,x28	 x28:0x00000000 f24=0x00000000
     418905.000 ns	     41889	80008cf8	28ea0a53	fmin.s	f20,f20,f14	 f20:0x7fc00000 f14:0xff800000 f20=0xff800000
     419275.000 ns	     41926	80008cfc	02985bb3	divu	x23,x16,x9	 x16:0x00000000  x9:0x025ed084 x23=0x00000000
     419305.000 ns	     41929	80008d00	a15f1153	flt.s	x2,f30,f21	 f30:0x5bde9000 f21:0x41d80000  x2=0x00000000
     419325.000 ns	     41931	80008d04	01f517b3	sll	x15,x10,x31	 x10:0x00000400 x31:0x00000000 x15=0x00000400
     419685.000 ns	     41967	80008d08	031843b3	div	x7,x16,x17	 x16:0x00000000 x17:0x00000001  x7=0x00000000
     419715.000 ns	     41970	80008d0c	03cf4333	div	x6,x30,x28	 x30:0x00000001 x28:0x00000000  x6=0xffffffff
     419745.000 ns	     41973	80008d10	d014fc53	fcvt.s.wu	f24,x9	  x9:0x025ed084 f24=0x4c17b421
     419765.000 ns	     41975	80008d14	c6c00713	addi	x14,x0,-916	  x0:0x00000000 x14=0xfffffc6c
     419775.000 ns	     41976	80008d18	28f0e637	lui	x12,0x28f0e	 x12=0x28f0e000
     420135.000 ns	     42012	80008d1c	03df54b3	divu	x9,x30,x29	 x30:0x00000001 x29:0x01ffffff  x9=0x00000000
     420165.000 ns	     42015	80008d20	29a98853	fmin.s	f16,f19,f26	 f19:0xcedbe58a f26:0xff800000 f16=0xff800000
     420195.000 ns	     42018	80008d24	f00d07d3	fmv.w.x	f15,x26	 x26:0x00000000 f15=0x00000000
     420215.000 ns	     42020	80008d28	00a54cb3	xor	x25,x10,x10	 x10:0x00000400 x10:0x00000400 x25=0x00000000
     420255.000 ns	     42024	80008d2c	08d376d3	fsub.s	f13,f6,f13	  f6:0x80000000 f13:0x00000000 f13=0x80000000
     420275.000 ns	     42026	80008d30	d8c67213	andi	x4,x12,-628	 x12:0x28f0e000  x4=0x28f0e000
     420295.000 ns	     42028	80008d34	c00e7dd3	fcvt.w.s	x27,f28	 f28:0x00000001 x27=0x00000000
     420315.000 ns	     42030	80008d38	b3e8c8b7	lui	x17,0xb3e8c	 x17=0xb3e8c000
     420325.000 ns	     42031	80008d3c	1b5eeb93	ori	x23,x29,437	 x29:0x01ffffff x23=0x01ffffff
     420345.000 ns	     42033	80008d40	03a0fe33	remu	x28,x1,x26	  x1:0x80000000 x26:0x00000000 x28=0x80000000
     420365.000 ns	     42035	80008d44	40870033	sub	x0,x14,x8	 x14:0xfffffc6c  x8:0x80040fe4
     420395.000 ns	     42038	80008d48	5802ff53	fsqrt.s	f30,f5	  f5:0x00000000 f30=0x00000000
     420445.000 ns	     42043	80008d4c	098e82d3	fsub.s	f5,f29,f24	 f29:0xdbde9000 f24:0x4c17b421  f5=0xdbde9000
     420465.000 ns	     42045	80008d50	40078933	sub	x18,x15,x0	 x15:0x00000400  x0:0x00000000 x18=0x00000400
     420825.000 ns	     42081	80008d54	02c1e533	rem	x10,x3,x12	  x3:0xffffffca x12:0x28f0e000 x10=0xffffffca
     420855.000 ns	     42084	80008d58	c01f2ed3	fcvt.wu.s	x29,f30	 f30:0x00000000 x29=0x00000000
     420905.000 ns	     42089	80008d5c	004a4fd3	fadd.s	f31,f20,f4	 f20:0xff800000  f4:0x4edbe58a f31=0xff800000
     420945.000 ns	     42093	80008d60	580797d3	fsqrt.s	f15,f15	 f15:0x00000000 f15=0x00000000
     420965.000 ns	     42095	80008d64	01fe2733	slt	x14,x28,x31	 x28:0x80000000 x31:0x00000000 x14=0x00000001
     420985.000 ns	     42097	80008d68	c00b06d3	fcvt.w.s	x13,f22	 f22:0xdbde9000 x13=0x80000000
     421015.000 ns	     42100	80008d6c	d01671d3	fcvt.s.wu	f3,x12	 x12:0x28f0e000  f3=0x4e23c380
     421035.000 ns	     42102	80008d70	40cfdb93	srai	x23,x31,0xc	 x31:0x00000000 x23=0x00000000
     421055.000 ns	     42104	80008d74	a03e1ed3	flt.s	x29,f28,f3	 f28:0x00000001  f3:0x4e23c380 x29=0x00000001
     421075.000 ns	     42106	80008d78	4399ae13	slti	x28,x19,1081	 x19:0x00000001 x28=0x00000001
     421115.000 ns	     42110	80008d7c	005cf153	fadd.s	f2,f25,f5	 f25:0x00000000  f5:0xdbde9000  f2=0xdbde9000
     421155.000 ns	     42114	80008d80	11cdf753	fmul.s	f14,f27,f28	 f27:0x00000000 f28:0x00000001 f14=0x00000000
     421175.000 ns	     42116	80008d84	00b7d213	srli	x4,x15,0xb	 x15:0x00000400  x4=0x00000000
     421185.000 ns	     42117	80008d88	c2ac3d17	auipc	x26,0xc2ac3	 x26=0x42acbd88
     421205.000 ns	     42119	80008d8c	a07694d3	flt.s	x9,f13,f7	 f13:0x80000000  f7:0x7f800000  x9=0x00000001
     421255.000 ns	     42124	80008d90	0189cfd3	fadd.s	f31,f19,f24	 f19:0xcedbe58a f24:0x4c17b421 f31=0xced727e9
     421625.000 ns	     42161	80008d94	02aed133	divu	x2,x29,x10	 x29:0x00000001 x10:0xffffffca  x2=0x00000000
     421645.000 ns	     42163	80008d98	41cf5b93	srai	x23,x30,0x1c	 x30:0x00000001 x23=0x00000000
     421665.000 ns	     42165	80008d9c	a16226d3	feq.s	x13,f4,f22	  f4:0x4edbe58a f22:0xdbde9000 x13=0x00000000
     421695.000 ns	     42168	80008da0	03b54b33	div	x22,x10,x27	 x10:0xffffffca x27:0x00000000 x22=0xffffffff
     421725.000 ns	     42171	80008da4	a1719cd3	flt.s	x25,f3,f23	  f3:0x4e23c380 f23:0x00000000 x25=0x00000000
     421745.000 ns	     42173	80008da8	0121e533	or	x10,x3,x18	  x3:0xffffffca x18:0x00000400 x10=0xffffffca
     421755.000 ns	     42174	80008dac	41ad56b3	sra	x13,x26,x26	 x26:0x42acbd88 x26:0x42acbd88 x13=0x0042acbd
     421775.000 ns	     42176	80008db0	c0068cd3	fcvt.w.s	x25,f13	 f13:0x80000000 x25=0x00000000
     421795.000 ns	     42178	80008db4	01d28fb3	add	x31,x5,x29	  x5:0xe0180000 x29:0x00000001 x31=0xe0180001
     421805.000 ns	     42179	80008db8	00615b93	srli	x23,x2,0x6	  x2:0x00000000 x23=0x00000000
     421825.000 ns	     42181	80008dbc	d0052353	fcvt.s.w	f6,x10	 x10:0xffffffca  f6=0xc2580000
     421855.000 ns	     42184	80008dc0	e00d0753	fmv.x.w	x14,f26	 f26:0xff800000 x14=0xff800000
     421875.000 ns	     42186	80008dc4	01e6dcb3	srl	x25,x13,x30	 x13:0x0042acbd x30:0x00000001 x25=0x0021565e
     421895.000 ns	     42188	80008dc8	e00e01d3	fmv.x.w	x3,f28	 f28:0x00000001  x3=0x00000001
     421925.000 ns	     42191	80008dcc	03a108b3	mul	x17,x2,x26	  x2:0x00000000 x26:0x42acbd88 x17=0x00000000
     421945.000 ns	     42193	80008dd0	013eafb3	slt	x31,x29,x19	 x29:0x00000001 x19:0x00000001 x31=0x00000000
     421975.000 ns	     42196	80008dd4	1019f253	fmul.s	f4,f19,f1	 f19:0xcedbe58a  f1:0x7fc00000  f4=0x7fc00000
     422015.000 ns	     42200	80008dd8	103bf3d3	fmul.s	f7,f23,f3	 f23:0x00000000  f3:0x4e23c380  f7=0x00000000
     422045.000 ns	     42203	80008ddc	f0050cd3	fmv.w.x	f25,x10	 x10:0xffffffca f25=0xffffffca
     422415.000 ns	     42240	80008de0	03944233	div	x4,x8,x25	  x8:0x80040fe4 x25:0x0021565e  x4=0xfffffc2a
     422435.000 ns	     42242	80008de4	00dca233	slt	x4,x25,x13	 x25:0x0021565e x13:0x0042acbd  x4=0x00000001
     422445.000 ns	     42243	80008de8	01d973b3	and	x7,x18,x29	 x18:0x00000400 x29:0x00000001  x7=0x00000000
     422455.000 ns	     42244	80008dec	01bf61b3	or	x3,x30,x27	 x30:0x00000001 x27:0x00000000  x3=0x00000001
     422465.000 ns	     42245	80008df0	01729993	slli	x19,x5,0x17	  x5:0xe0180000 x19=0x00000000
     422485.000 ns	     42247	80008df4	28df8ad3	fmin.s	f21,f31,f13	 f31:0xced727e9 f13:0x80000000 f21=0xced727e9
     422515.000 ns	     42250	80008df8	29e78dd3	fmin.s	f27,f15,f30	 f15:0x00000000 f30:0x00000000 f27=0x00000000
     422545.000 ns	     42253	80008dfc	a13323d3	feq.s	x7,f6,f19	  f6:0xc2580000 f19:0xcedbe58a  x7=0x00000000
     422585.000 ns	     42257	80008e00	18661d53	fdiv.s	f26,f12,f6	 f12:0x00000000  f6:0xc2580000 f26=0x80000000
     422615.000 ns	     42260	80008e04	d00344d3	fcvt.s.w	f9,x6	  x6:0xffffffff  f9=0xbf800000
     422635.000 ns	     42262	80008e08	fad74493	xori	x9,x14,-83	 x14:0xff800000  x9=0x007fffad
     422655.000 ns	     42264	80008e0c	21fe88d3	fsgnj.s	f17,f29,f31	 f29:0xdbde9000 f31:0xced727e9 f17=0xdbde9000
     422685.000 ns	     42267	80008e10	d0077fd3	fcvt.s.w	f31,x14	 x14:0xff800000 f31=0xcb000000
     422705.000 ns	     42269	80008e14	c8a48337	lui	x6,0xc8a48	  x6=0xc8a48000
     422715.000 ns	     42270	80008e18	004d5713	srli	x14,x26,0x4	 x26:0x42acbd88 x14=0x042acbd8
     422725.000 ns	     42271	80008e1c	de706e93	ori	x29,x0,-537	  x0:0x00000000 x29=0xfffffde7
     422735.000 ns	     42272	80008e20	41a9d513	srai	x10,x19,0x1a	 x19:0x00000000 x10=0x00000000
     422755.000 ns	     42274	80008e24	e00284d3	fmv.x.w	x9,f5	  f5:0xdbde9000  x9=0xdbde9000
     422785.000 ns	     42277	80008e28	292e05d3	fmin.s	f11,f28,f18	 f28:0x00000001 f18:0xff800000 f11=0xff800000
     422815.000 ns	     42280	80008e2c	20922253	fsgnjx.s	f4,f4,f9	  f4:0x7fc00000  f9:0xbf800000  f4=0xffc00000
     423185.000 ns	     42317	80008e30	024ed933	divu	x18,x29,x4	 x29:0xfffffde7  x4:0x00000001 x18=0xfffffde7
     423205.000 ns	     42319	80008e34	90af6593	ori	x11,x30,-1782	 x30:0x00000001 x11=0xfffff90b
     423215.000 ns	     42320	80008e38	d3cbf197	auipc	x3,0xd3cbf	  x3=0x53cc7e38
     423235.000 ns	     42322	80008e3c	c015f3d3	fcvt.wu.s	x7,f11	 f11:0xff800000  x7=0x00000000
     423265.000 ns	     42325	80008e40	f00386d3	fmv.w.x	f13,x7	  x7:0x00000000 f13=0x00000000
     423295.000 ns	     42328	80008e44	20bc00d3	fsgnj.s	f1,f24,f11	 f24:0x4c17b421 f11:0xff800000  f1=0xcc17b421
     423315.000 ns	     42330	80008e48	400fde13	srai	x28,x31,0x0	 x31:0x00000000 x28=0x00000000
     423325.000 ns	     42331	80008e4c	013cf6b3	and	x13,x25,x19	 x25:0x0021565e x19:0x00000000 x13=0x00000000
     423335.000 ns	     42332	80008e50	52107813	andi	x16,x0,1313	  x0:0x00000000 x16=0x00000000
     423355.000 ns	     42334	80008e54	c01ffad3	fcvt.wu.s	x21,f31	 f31:0xcb000000 x21=0x00800000
     423375.000 ns	     42336	80008e58	75e82993	slti	x19,x16,1886	 x16:0x00000000 x19=0x00000001
     423385.000 ns	     42337	80008e5c	411d5633	sra	x12,x26,x17	 x26:0x42acbd88 x17:0x00000000 x12=0x42acbd88
     423405.000 ns	     42339	80008e60	e0098653	fmv.x.w	x12,f19	 f19:0xcedbe58a x12=0xcedbe58a
     423435.000 ns	     42342	80008e64	29ab8d53	fmin.s	f26,f23,f26	 f23:0x00000000 f26:0x80000000 f26=0x80000000
     423465.000 ns	     42345	80008e68	c0040353	fcvt.w.s	x6,f8	  f8:0x00000000  x6=0x00000000
     423495.000 ns	     42348	80008e6c	d0097f53	fcvt.s.w	f30,x18	 x18:0xfffffde7 f30=0xc4064000
     423515.000 ns	     42350	80008e70	9318a893	slti	x17,x17,-1743	 x17:0x00000000 x17=0x00000000
     423525.000 ns	     42351	80008e74	01ac97b3	sll	x15,x25,x26	 x25:0x0021565e x26:0x42acbd88 x15=0x21565e00
     423535.000 ns	     42352	80008e78	00494533	xor	x10,x18,x4	 x18:0xfffffde7  x4:0x00000001 x10=0xfffffde6
     423545.000 ns	     42353	80008e7c	abcd9fb7	lui	x31,0xabcd9	 x31=0xabcd9000
     423565.000 ns	     42355	80008e80	a0230bd3	fle.s	x23,f6,f2	  f6:0xc2580000  f2:0xdbde9000 x23=0x00000000
     423585.000 ns	     42357	80008e84	3f0db113	sltiu	x2,x27,1008	 x27:0x00000000  x2=0x00000001
     423945.000 ns	     42393	80008e88	02b07b33	remu	x22,x0,x11	  x0:0x00000000 x11:0xfffff90b x22=0x00000000
     423975.000 ns	     42396	80008e8c	0394b233	mulhu	x4,x9,x25	  x9:0xdbde9000 x25:0x0021565e  x4=0x001ca1de
     423995.000 ns	     42398	80008e90	e2476613	ori	x12,x14,-476	 x14:0x042acbd8 x12=0xfffffffc
     424015.000 ns	     42400	80008e94	a051a253	feq.s	x4,f3,f5	  f3:0x4e23c380  f5:0xdbde9000  x4=0x00000000
     424045.000 ns	     42403	80008e98	201a85d3	fsgnj.s	f11,f21,f1	 f21:0xced727e9  f1:0xcc17b421 f11=0xced727e9
     424065.000 ns	     42405	80008e9c	00fca7b3	slt	x15,x25,x15	 x25:0x0021565e x15:0x21565e00 x15=0x00000001
     424075.000 ns	     42406	80008ea0	41ff55b3	sra	x11,x30,x31	 x30:0x00000001 x31:0xabcd9000 x11=0x00000001
     424085.000 ns	     42407	80008ea4	005eb633	sltu	x12,x29,x5	 x29:0xfffffde7  x5:0xe0180000 x12=0x00000000
     424105.000 ns	     42409	80008ea8	e0079f53	fclass.s	x30,f15	 f15:0x00000000 x30=0x00000010
     424135.000 ns	     42412	80008eac	a0a92c53	feq.s	x24,f18,f10	 f18:0xff800000 f10:0x00000000 x24=0x00000000
     424505.000 ns	     42449	80008eb0	02285b33	divu	x22,x16,x2	 x16:0x00000000  x2:0x00000001 x22=0x00000000
     424535.000 ns	     42452	80008eb4	29310c53	fmin.s	f24,f2,f19	  f2:0xdbde9000 f19:0xcedbe58a f24=0xdbde9000
     424555.000 ns	     42454	80008eb8	004d5f13	srli	x30,x26,0x4	 x26:0x42acbd88 x30=0x042acbd8
     424575.000 ns	     42456	80008ebc	a04f2cd3	feq.s	x25,f30,f4	 f30:0xc4064000  f4:0xffc00000 x25=0x00000000
     424595.000 ns	     42458	80008ec0	00aa8eb3	add	x29,x21,x10	 x21:0x00800000 x10:0xfffffde6 x29=0x007ffde6
     424955.000 ns	     42494	80008ec4	03a45633	divu	x12,x8,x26	  x8:0x80040fe4 x26:0x42acbd88 x12=0x00000001
     424995.000 ns	     42498	80008ec8	10c290d3	fmul.s	f1,f5,f12	  f5:0xdbde9000 f12:0x00000000  f1=0x80000000
     425015.000 ns	     42500	80008ecc	017ebcb3	sltu	x25,x29,x23	 x29:0x007ffde6 x23:0x00000000 x25=0x00000000
     425035.000 ns	     42502	80008ed0	214e9353	fsgnjn.s	f6,f29,f20	 f29:0xdbde9000 f20:0xff800000  f6=0x5bde9000
     425055.000 ns	     42504	80008ed4	0f478d13	addi	x26,x15,244	 x15:0x00000001 x26=0x000000f5
     425065.000 ns	     42505	80008ed8	9bbb9f97	auipc	x31,0x9bbb9	 x31=0x1bbc1ed8
     425085.000 ns	     42507	80008edc	0247bdb3	mulhu	x27,x15,x4	 x15:0x00000001  x4:0x00000000 x27=0x00000000
     425105.000 ns	     42509	80008ee0	00000013	addi	x0,x0,0	  x0:0x00000000
     425115.000 ns	     42510	80008ee4	7e684993	xori	x19,x16,2022	 x16:0x00000000 x19=0x000007e6
     425135.000 ns	     42512	80008ee8	a0ff8cd3	fle.s	x25,f31,f15	 f31:0xcb000000 f15:0x00000000 x25=0x00000001
     425165.000 ns	     42515	80008eec	289017d3	fmax.s	f15,f0,f9	  f0:0x800002a6  f9:0xbf800000 f15=0x800002a6
     425185.000 ns	     42517	80008ef0	0150b233	sltu	x4,x1,x21	  x1:0x80000000 x21:0x00800000  x4=0x00000000
     425195.000 ns	     42518	80008ef4	007ad713	srli	x14,x21,0x7	 x21:0x00800000 x14=0x00010000
     425205.000 ns	     42519	80008ef8	00445133	srl	x2,x8,x4	  x8:0x80040fe4  x4:0x00000000  x2=0x80040fe4
     425225.000 ns	     42521	80008efc	a021aed3	feq.s	x29,f3,f2	  f3:0x4e23c380  f2:0xdbde9000 x29=0x00000000
     425245.000 ns	     42523	80008f00	0015abb3	slt	x23,x11,x1	 x11:0x00000001  x1:0x80000000 x23=0x00000000
     425265.000 ns	     42525	80008f04	e00e8ed3	fmv.x.w	x29,f29	 f29:0xdbde9000 x29=0xdbde9000
     425285.000 ns	     42527	80008f08	00d94133	xor	x2,x18,x13	 x18:0xfffffde7 x13:0x00000000  x2=0xfffffde7
     425295.000 ns	     42528	80008f0c	01dd8033	add	x0,x27,x29	 x27:0x00000000 x29:0xdbde9000
     425325.000 ns	     42531	80008f10	10ed3253	fmul.s	f4,f26,f14	 f26:0x80000000 f14:0x00000000  f4=0x80000000
     425355.000 ns	     42534	80008f14	c0154bd3	fcvt.wu.s	x23,f10	 f10:0x00000000 x23=0x00000000
     425375.000 ns	     42536	80008f18	01c308b3	add	x17,x6,x28	  x6:0x00000000 x28:0x00000000 x17=0x00000000
     425415.000 ns	     42540	80008f1c	0914ff53	fsub.s	f30,f9,f17	  f9:0xbf800000 f17:0xdbde9000 f30=0x5bde9000
     425445.000 ns	     42543	80008f20	a0a52bd3	feq.s	x23,f10,f10	 f10:0x00000000 f10:0x00000000 x23=0x00000001
     425475.000 ns	     42546	80008f24	e00e0753	fmv.x.w	x14,f28	 f28:0x00000001 x14=0x00000001
     425505.000 ns	     42549	80008f28	e0050dd3	fmv.x.w	x27,f10	 f10:0x00000000 x27=0x00000000
     425525.000 ns	     42551	80008f2c	00000013	addi	x0,x0,0	  x0:0x00000000
     425885.000 ns	     42587	80008f30	032b57b3	divu	x15,x22,x18	 x22:0x00000000 x18:0xfffffde7 x15=0x00000000
     425915.000 ns	     42590	80008f34	29f019d3	fmax.s	f19,f0,f31	  f0:0x800002a6 f31:0xcb000000 f19=0x800002a6
     425945.000 ns	     42593	80008f38	c0017ed3	fcvt.w.s	x29,f2	  f2:0xdbde9000 x29=0x80000000
     425975.000 ns	     42596	80008f3c	029d2833	mulhsu	x16,x26,x9	 x26:0x000000f5  x9:0xdbde9000 x16=0x000000d2
     425995.000 ns	     42598	80008f40	4059d613	srai	x12,x19,0x5	 x19:0x000007e6 x12=0x0000003f
     426015.000 ns	     42600	80008f44	02d41733	mulh	x14,x8,x13	  x8:0x80040fe4 x13:0x00000000 x14=0x00000000
     426035.000 ns	     42602	80008f48	0aa43293	sltiu	x5,x8,170	  x8:0x80040fe4  x5=0x00000000
     426055.000 ns	     42604	80008f4c	a1448e53	fle.s	x28,f9,f20	  f9:0xbf800000 f20:0xff800000 x28=0x00000000
     426085.000 ns	     42607	80008f50	d018c5d3	fcvt.s.wu	f11,x17	 x17:0x00000000 f11=0x00000000
     426105.000 ns	     42609	80008f54	f5a36f13	ori	x30,x6,-166	  x6:0x00000000 x30=0xffffff5a
     426115.000 ns	     42610	80008f58	01111f13	slli	x30,x2,0x11	  x2:0xfffffde7 x30=0xfbce0000
     426125.000 ns	     42611	80008f5c	01c70233	add	x4,x14,x28	 x14:0x00000000 x28:0x00000000  x4=0x00000000
     426135.000 ns	     42612	80008f60	80c83f13	sltiu	x30,x16,-2036	 x16:0x000000d2 x30=0x00000001
     426145.000 ns	     42613	80008f64	01cc6e33	or	x28,x24,x28	 x24:0x00000000 x28:0x00000000 x28=0x00000000
     426155.000 ns	     42614	80008f68	00083733	sltu	x14,x16,x0	 x16:0x000000d2  x0:0x00000000 x14=0x00000000
     426165.000 ns	     42615	80008f6c	01515633	srl	x12,x2,x21	  x2:0xfffffde7 x21:0x00800000 x12=0xfffffde7
     426175.000 ns	     42616	80008f70	4950a893	slti	x17,x1,1173	  x1:0x80000000 x17=0x00000001
     426185.000 ns	     42617	80008f74	da2f6a93	ori	x21,x30,-606	 x30:0x00000001 x21=0xfffffda3
     426195.000 ns	     42618	80008f78	5d0b0393	addi	x7,x22,1488	 x22:0x00000000  x7=0x000005d0
     426205.000 ns	     42619	80008f7c	a2e58893	addi	x17,x11,-1490	 x11:0x00000001 x17=0xfffffa2f
     426225.000 ns	     42621	80008f80	f00f8bd3	fmv.w.x	f23,x31	 x31:0x1bbc1ed8 f23=0x1bbc1ed8
     426255.000 ns	     42624	80008f84	d0013353	fcvt.s.w	f6,x2	  x2:0xfffffde7  f6=0xc4064000
     426275.000 ns	     42626	80008f88	0c1cf713	andi	x14,x25,193	 x25:0x00000001 x14=0x00000001
     426285.000 ns	     42627	80008f8c	8106a593	slti	x11,x13,-2032	 x13:0x00000000 x11=0x00000000
     426305.000 ns	     42629	80008f90	e0038d53	fmv.x.w	x26,f7	  f7:0x00000000 x26=0x00000000
     426325.000 ns	     42631	80008f94	0101b4b3	sltu	x9,x3,x16	  x3:0x53cc7e38 x16:0x000000d2  x9=0x00000000
     426335.000 ns	     42632	80008f98	01b19f33	sll	x30,x3,x27	  x3:0x53cc7e38 x27:0x00000000 x30=0x53cc7e38
     426345.000 ns	     42633	80008f9c	007cc733	xor	x14,x25,x7	 x25:0x00000001  x7:0x000005d0 x14=0x000005d1
     426705.000 ns	     42669	80008fa0	02caf233	remu	x4,x21,x12	 x21:0xfffffda3 x12:0xfffffde7  x4=0xfffffda3
     427075.000 ns	     42706	80008fa4	0279ee33	rem	x28,x19,x7	 x19:0x000007e6  x7:0x000005d0 x28=0x00000216
     427095.000 ns	     42708	80008fa8	8a776497	auipc	x9,0x8a776	  x9=0x0a77efa8
     427105.000 ns	     42709	80008fac	0047d033	srl	x0,x15,x4	 x15:0x00000000  x4:0xfffffda3
     427115.000 ns	     42710	80008fb0	0115af33	slt	x30,x11,x17	 x11:0x00000000 x17:0xfffffa2f x30=0x00000000
     427475.000 ns	     42746	80008fb4	027ceeb3	rem	x29,x25,x7	 x25:0x00000001  x7:0x000005d0 x29=0x00000001
     427505.000 ns	     42749	80008fb8	03528b33	mul	x22,x5,x21	  x5:0x00000000 x21:0xfffffda3 x22=0x00000000
     427525.000 ns	     42751	80008fbc	0045f4b3	and	x9,x11,x4	 x11:0x00000000  x4:0xfffffda3  x9=0x00000000
     427545.000 ns	     42753	80008fc0	d017b853	fcvt.s.wu	f16,x15	 x15:0x00000000 f16=0x00000000
     427565.000 ns	     42755	80008fc4	0af62393	slti	x7,x12,175	 x12:0xfffffde7  x7=0x00000001
     427585.000 ns	     42757	80008fc8	a0381dd3	flt.s	x27,f16,f3	 f16:0x00000000  f3:0x4e23c380 x27=0x00000001
     427605.000 ns	     42759	80008fcc	49996e13	ori	x28,x18,1177	 x18:0xfffffde7 x28=0xfffffdff
     427615.000 ns	     42760	80008fd0	006b9613	slli	x12,x23,0x6	 x23:0x00000001 x12=0x00000040
     427625.000 ns	     42761	80008fd4	00e85d33	srl	x26,x16,x14	 x16:0x000000d2 x14:0x000005d1 x26=0x00000000
     427635.000 ns	     42762	80008fd8	41e2d2b3	sra	x5,x5,x30	  x5:0x00000000 x30:0x00000000  x5=0x00000000
     427645.000 ns	     42763	80008fdc	01baadb3	slt	x27,x21,x27	 x21:0xfffffda3 x27:0x00000001 x27=0x00000001
     427655.000 ns	     42764	80008fe0	28aeff93	andi	x31,x29,650	 x29:0x00000001 x31=0x00000000
     427665.000 ns	     42765	80008fe4	00000013	addi	x0,x0,0	  x0:0x00000000
     427675.000 ns	     42766	80008fe8	109a6813	ori	x16,x20,265	 x20:0x80041024 x16=0x8004112d
     427685.000 ns	     42767	80008fec	da16a7b7	lui	x15,0xda16a	 x15=0xda16a000
     427695.000 ns	     42768	80008ff0	01558db3	add	x27,x11,x21	 x11:0x00000000 x21:0xfffffda3 x27=0xfffffda3
     427705.000 ns	     42769	80008ff4	40635233	sra	x4,x6,x6	  x6:0x00000000  x6:0x00000000  x4=0x00000000
     427725.000 ns	     42771	80008ff8	20a09a53	fsgnjn.s	f20,f1,f10	  f1:0x80000000 f10:0x00000000 f20=0x80000000
     427745.000 ns	     42773	80008ffc	4115d513	srai	x10,x11,0x11	 x11:0x00000000 x10=0x00000000
     427755.000 ns	     42774	80009000	41235733	sra	x14,x6,x18	  x6:0x00000000 x18:0xfffffde7 x14=0x00000000
     427785.000 ns	     42777	80009004	10251953	fmul.s	f18,f10,f2	 f10:0x00000000  f2:0xdbde9000 f18=0x80000000
     427815.000 ns	     42780	80009008	c01e8753	fcvt.wu.s	x14,f29	 f29:0xdbde9000 x14=0x00000000
     427845.000 ns	     42783	8000900c	03ad1533	mulh	x10,x26,x26	 x26:0x00000000 x26:0x00000000 x10=0x00000000
     427875.000 ns	     42786	80009010	d00935d3	fcvt.s.w	f11,x18	 x18:0xfffffde7 f11=0xc4064000
     428245.000 ns	     42823	80009014	03b9e5b3	rem	x11,x19,x27	 x19:0x000007e6 x27:0xfffffda3 x11=0x000000cf
     428265.000 ns	     42825	80009018	197e8593	addi	x11,x29,407	 x29:0x00000001 x11=0x00000198
     428285.000 ns	     42827	8000901c	20258253	fsgnj.s	f4,f11,f2	 f11:0xc4064000  f2:0xdbde9000  f4=0xc4064000
     428315.000 ns	     42830	80009020	0356a333	mulhsu	x6,x13,x21	 x13:0x00000000 x21:0xfffffda3  x6=0x00000000
     428335.000 ns	     42832	80009024	417105b3	sub	x11,x2,x23	  x2:0xfffffde7 x23:0x00000001 x11=0xfffffde6
     428355.000 ns	     42834	80009028	03f248b3	div	x17,x4,x31	  x4:0x00000000 x31:0x00000000 x17=0xffffffff
     428385.000 ns	     42837	8000902c	c01fc553	fcvt.wu.s	x10,f31	 f31:0xcb000000 x10=0x00800000
     428405.000 ns	     42839	80009030	9bb7bb17	auipc	x22,0x9bb7b	 x22=0x1bb84030
     428425.000 ns	     42841	80009034	d01775d3	fcvt.s.wu	f11,x14	 x14:0x00000000 f11=0x00000000
     428465.000 ns	     42845	80009038	10d4f2d3	fmul.s	f5,f9,f13	  f9:0xbf800000 f13:0x00000000  f5=0x80000000
     428495.000 ns	     42848	8000903c	d01c4953	fcvt.s.wu	f18,x24	 x24:0x00000000 f18=0x00000000
     428525.000 ns	     42851	80009040	283c82d3	fmin.s	f5,f25,f3	 f25:0xffffffca  f3:0x4e23c380  f5=0x4e23c380
     428545.000 ns	     42853	80009044	85a57913	andi	x18,x10,-1958	 x10:0x00800000 x18=0x00800000
     428585.000 ns	     42857	80009048	08cc4dd3	fsub.s	f27,f24,f12	 f24:0xdbde9000 f12:0x00000000 f27=0xdbde9000
     428625.000 ns	     42861	8000904c	10631553	fmul.s	f10,f6,f6	  f6:0xc4064000  f6:0xc4064000 f10=0x488cce20
     428655.000 ns	     42864	80009050	a1842653	feq.s	x12,f8,f24	  f8:0x00000000 f24:0xdbde9000 x12=0x00000000
     428675.000 ns	     42866	80009054	01215693	srli	x13,x2,0x12	  x2:0xfffffde7 x13=0x00003fff
     428695.000 ns	     42868	80009058	f00107d3	fmv.w.x	f15,x2	  x2:0xfffffde7 f15=0xfffffde7
     429065.000 ns	     42905	8000905c	0358c733	div	x14,x17,x21	 x17:0xffffffff x21:0xfffffda3 x14=0x00000000
     429095.000 ns	     42908	80009060	218925d3	fsgnjx.s	f11,f18,f24	 f18:0x00000000 f24:0xdbde9000 f11=0x80000000
     429115.000 ns	     42910	80009064	8bb57213	andi	x4,x10,-1861	 x10:0x00800000  x4=0x00800000
     429125.000 ns	     42911	80009068	27bd0213	addi	x4,x26,635	 x26:0x00000000  x4=0x0000027b
     429145.000 ns	     42913	8000906c	029d1f33	mulh	x30,x26,x9	 x26:0x00000000  x9:0x00000000 x30=0x00000000
     429485.000 ns	     42947	80009070	1802f853	fdiv.s	f16,f5,f0	  f5:0x4e23c380  f0:0x800002a6 f16=0xff800000
     429515.000 ns	     42950	80009074	02f318b3	mulh	x17,x6,x15	  x6:0x00000000 x15:0xda16a000 x17=0x00000000
     429885.000 ns	     42987	80009078	022cec33	rem	x24,x25,x2	 x25:0x00000001  x2:0xfffffde7 x24=0x00000001
     429905.000 ns	     42989	8000907c	00000013	addi	x0,x0,0	  x0:0x00000000
     429925.000 ns	     42991	80009080	28240753	fmin.s	f14,f8,f2	  f8:0x00000000  f2:0xdbde9000 f14=0xdbde9000
     429955.000 ns	     42994	80009084	02a414b3	mulh	x9,x8,x10	  x8:0x80040fe4 x10:0x00800000  x9=0xffc00207
     430325.000 ns	     43031	80009088	02107bb3	remu	x23,x0,x1	  x0:0x00000000  x1:0x80000000 x23=0x00000000
     430355.000 ns	     43034	8000908c	e00a1b53	fclass.s	x22,f20	 f20:0x80000000 x22=0x00000008
     430375.000 ns	     43036	80009090	0114bbb3	sltu	x23,x9,x17	  x9:0xffc00207 x17:0x00000000 x23=0x00000000
     430385.000 ns	     43037	80009094	00ca84b3	add	x9,x21,x12	 x21:0xfffffda3 x12:0x00000000  x9=0xfffffda3
     430395.000 ns	     43038	80009098	ce7e3c93	sltiu	x25,x28,-793	 x28:0xfffffdff x25=0x00000000
     430415.000 ns	     43040	8000909c	035e37b3	mulhu	x15,x28,x21	 x28:0xfffffdff x21:0xfffffda3 x15=0xfffffba2
     430445.000 ns	     43043	800090a0	a1f0a2d3	feq.s	x5,f1,f31	  f1:0x80000000 f31:0xcb000000  x5=0x00000000
     430475.000 ns	     43046	800090a4	d01e2ad3	fcvt.s.wu	f21,x28	 x28:0xfffffdff f21=0x4f7ffffe
     430505.000 ns	     43049	800090a8	f0070e53	fmv.w.x	f28,x14	 x14:0x00000000 f28=0x00000000
     430545.000 ns	     43053	800090ac	119483d3	fmul.s	f7,f9,f25	  f9:0xbf800000 f25:0xffffffca  f7=0x7fc00000
     430575.000 ns	     43056	800090b0	e0008cd3	fmv.x.w	x25,f1	  f1:0x80000000 x25=0x80000000
     430595.000 ns	     43058	800090b4	a0e72e93	slti	x29,x14,-1522	 x14:0x00000000 x29=0x00000000
     430615.000 ns	     43060	800090b8	03d17f33	remu	x30,x2,x29	  x2:0xfffffde7 x29:0x00000001 x30=0xfffffde7
     430635.000 ns	     43062	800090bc	41c58e33	sub	x28,x11,x28	 x11:0xfffffde6 x28:0xfffffdff x28=0xffffffe7
     430655.000 ns	     43064	800090c0	296098d3	fmax.s	f17,f1,f22	  f1:0x80000000 f22:0xdbde9000 f17=0x80000000
     430685.000 ns	     43067	800090c4	a0378ad3	fle.s	x21,f15,f3	 f15:0xfffffde7  f3:0x4e23c380 x21=0x00000000
     430715.000 ns	     43070	800090c8	c011fb53	fcvt.wu.s	x22,f3	  f3:0x4e23c380 x22=0x28f0e000
     430735.000 ns	     43072	800090cc	0107d6b3	srl	x13,x15,x16	 x15:0xfffffba2 x16:0x8004112d x13=0x0007ffff
     430755.000 ns	     43074	800090d0	034529b3	mulhsu	x19,x10,x20	 x10:0x00800000 x20:0x80041024 x19=0x00400208
     430775.000 ns	     43076	800090d4	8fd1cf17	auipc	x30,0x8fd1c	 x30=0x0fd250d4
     430795.000 ns	     43078	800090d8	a1a08153	fle.s	x2,f1,f26	  f1:0x80000000 f26:0x80000000  x2=0x00000001
     431165.000 ns	     43115	800090dc	0326e533	rem	x10,x13,x18	 x13:0x0007ffff x18:0x00800000 x10=0x0007ffff
     431185.000 ns	     43117	800090e0	0141d533	srl	x10,x3,x20	  x3:0x53cc7e38 x20:0x80041024 x10=0x053cc7e3
     431205.000 ns	     43119	800090e4	299f9353	fmax.s	f6,f31,f25	 f31:0xcb000000 f25:0xffffffca  f6=0xcb000000
     431575.000 ns	     43156	800090e8	02a55f33	divu	x30,x10,x10	 x10:0x0007ffff x10:0x0007ffff x30=0x00000001
     431605.000 ns	     43159	800090ec	20c21a53	fsgnjn.s	f20,f4,f12	  f4:0xc4064000 f12:0x00000000 f20=0xc4064000
     431625.000 ns	     43161	800090f0	01b73bb3	sltu	x23,x14,x27	 x14:0x00000000 x27:0xfffffda3 x23=0x00000001
     431645.000 ns	     43163	800090f4	c011c5d3	fcvt.wu.s	x11,f3	  f3:0x4e23c380 x11=0x28f0e000
     432015.000 ns	     43200	800090f8	034ff6b3	remu	x13,x31,x20	 x31:0x00000000 x20:0x80041024 x13=0x00000000
     432045.000 ns	     43203	800090fc	02fe26b3	mulhsu	x13,x28,x15	 x28:0xffffffe7 x15:0xfffffba2 x13=0xffffffe7
     432075.000 ns	     43206	80009100	c016f653	fcvt.wu.s	x12,f13	 f13:0x00000000 x12=0x00000000
     432125.000 ns	     43211	80009104	0922a753	fsub.s	f14,f5,f18	  f5:0x4e23c380 f18:0x00000000 f14=0x4e23c380
     432155.000 ns	     43214	80009108	20df0253	fsgnj.s	f4,f30,f13	 f30:0x5bde9000 f13:0x00000000  f4=0x5bde9000
     432175.000 ns	     43216	8000910c	0dd52993	slti	x19,x10,221	 x10:0x053cc7e3 x19=0x00000000
     432195.000 ns	     43218	80009110	c011f3d3	fcvt.wu.s	x7,f3	  f3:0x4e23c380  x7=0x28f0e000
     432215.000 ns	     43220	80009114	62df0493	addi	x9,x30,1581	 x30:0x00000001  x9=0x0000062e
     432225.000 ns	     43221	80009118	0162d5b3	srl	x11,x5,x22	  x5:0x00000000 x22:0x28f0e000 x11=0x00000000
     432235.000 ns	     43222	8000911c	da593017	auipc	x0,0xda593	
     432265.000 ns	     43225	80009120	580ef1d3	fsqrt.s	f3,f29	 f29:0xdbde9000  f3=0x7fc00000
     432295.000 ns	     43228	80009124	c00614d3	fcvt.w.s	x9,f12	 f12:0x00000000  x9=0x00000000
     432315.000 ns	     43230	80009128	41738133	sub	x2,x7,x23	  x7:0x28f0e000 x23:0x00000001  x2=0x28f0dfff
     432335.000 ns	     43232	8000912c	28759453	fmax.s	f8,f11,f7	 f11:0x80000000  f7:0x7fc00000  f8=0x80000000
     432365.000 ns	     43235	80009130	027035b3	mulhu	x11,x0,x7	  x0:0x00000000  x7:0x28f0e000 x11=0x00000000
     432395.000 ns	     43238	80009134	20cf0453	fsgnj.s	f8,f30,f12	 f30:0x5bde9000 f12:0x00000000  f8=0x5bde9000
     432425.000 ns	     43241	80009138	a14622d3	feq.s	x5,f12,f20	 f12:0x00000000 f20:0xc4064000  x5=0x00000000
     432445.000 ns	     43243	8000913c	00019113	slli	x2,x3,0x0	  x3:0x53cc7e38  x2=0x53cc7e38
     432455.000 ns	     43244	80009140	7e0c0313	addi	x6,x24,2016	 x24:0x00000001  x6=0x000007e1
     432475.000 ns	     43246	80009144	a17287d3	fle.s	x15,f5,f23	  f5:0x4e23c380 f23:0x1bbc1ed8 x15=0x00000000
     432505.000 ns	     43249	80009148	03fdb2b3	mulhu	x5,x27,x31	 x27:0xfffffda3 x31:0x00000000  x5=0x00000000
     432525.000 ns	     43251	8000914c	95137913	andi	x18,x6,-1711	  x6:0x000007e1 x18=0x00000141
     432535.000 ns	     43252	80009150	74ceceb7	lui	x29,0x74cec	 x29=0x74cec000
     432545.000 ns	     43253	80009154	69e1c393	xori	x7,x3,1694	  x3:0x53cc7e38  x7=0x53cc78a6
     432565.000 ns	     43255	80009158	a09d8753	fle.s	x14,f27,f9	 f27:0xdbde9000  f9:0xbf800000 x14=0x00000001
     432585.000 ns	     43257	8000915c	00343f33	sltu	x30,x8,x3	  x8:0x80040fe4  x3:0x53cc7e38 x30=0x00000000
     432605.000 ns	     43259	80009160	c01dff53	fcvt.wu.s	x30,f27	 f27:0xdbde9000 x30=0x00000000
     432625.000 ns	     43261	80009164	b2fb2113	slti	x2,x22,-1233	 x22:0x28f0e000  x2=0x00000000
     432645.000 ns	     43263	80009168	c0117dd3	fcvt.wu.s	x27,f2	  f2:0xdbde9000 x27=0x00000000
     432665.000 ns	     43265	8000916c	6abaeb93	ori	x23,x21,1707	 x21:0x00000000 x23=0x000006ab
     432675.000 ns	     43266	80009170	013f3033	sltu	x0,x30,x19	 x30:0x00000000 x19:0x00000000
     432695.000 ns	     43268	80009174	a08aadd3	feq.s	x27,f21,f8	 f21:0x4f7ffffe  f8:0x5bde9000 x27=0x00000000
     432715.000 ns	     43270	80009178	4ac9af13	slti	x30,x19,1196	 x19:0x00000000 x30=0x00000001
     432735.000 ns	     43272	8000917c	02215333	divu	x6,x2,x2	  x2:0x00000000  x2:0x00000000  x6=0xffffffff
     432765.000 ns	     43275	80009180	d0022353	fcvt.s.w	f6,x4	  x4:0x0000027b  f6=0x441ec000
     432795.000 ns	     43278	80009184	02a8a133	mulhsu	x2,x17,x10	 x17:0x00000000 x10:0x053cc7e3  x2=0x00000000
     432835.000 ns	     43282	80009188	580df8d3	fsqrt.s	f17,f27	 f27:0xdbde9000 f17=0x7fc00000
     432875.000 ns	     43286	8000918c	10358d53	fmul.s	f26,f11,f3	 f11:0x80000000  f3:0x7fc00000 f26=0x7fc00000
     432895.000 ns	     43288	80009190	00445d13	srli	x26,x8,0x4	  x8:0x80040fe4 x26=0x080040fe
     432935.000 ns	     43292	80009194	01de7d53	fadd.s	f26,f28,f29	 f28:0x00000000 f29:0xdbde9000 f26=0xdbde9000
     432955.000 ns	     43294	80009198	01d5ecb3	or	x25,x11,x29	 x11:0x00000000 x29:0x74cec000 x25=0x74cec000
     432965.000 ns	     43295	8000919c	0100d533	srl	x10,x1,x16	  x1:0x80000000 x16:0x8004112d x10=0x00040000
     432975.000 ns	     43296	800091a0	01f74ab3	xor	x21,x14,x31	 x14:0x00000001 x31:0x00000000 x21=0x00000001
     432995.000 ns	     43298	800091a4	0337b4b3	mulhu	x9,x15,x19	 x15:0x00000000 x19:0x00000000  x9=0x00000000
     433015.000 ns	     43300	800091a8	40265f13	srai	x30,x12,0x2	 x12:0x00000000 x30=0x00000000
     433025.000 ns	     43301	800091ac	18418a93	addi	x21,x3,388	  x3:0x53cc7e38 x21=0x53cc7fbc
     433035.000 ns	     43302	800091b0	00cf9533	sll	x10,x31,x12	 x31:0x00000000 x12:0x00000000 x10=0x00000000
     433045.000 ns	     43303	800091b4	41ac5e93	srai	x29,x24,0x1a	 x24:0x00000001 x29=0x00000000
     433075.000 ns	     43306	800091b8	107477d3	fmul.s	f15,f8,f7	  f8:0x5bde9000  f7:0x7fc00000 f15=0x7fc00000
     433115.000 ns	     43310	800091bc	10fc8453	fmul.s	f8,f25,f15	 f25:0xffffffca f15:0xfffffde7  f8=0x7fc00000
     433135.000 ns	     43312	800091c0	d303bd93	sltiu	x27,x7,-720	  x7:0x53cc78a6 x27=0x00000001
     433145.000 ns	     43313	800091c4	00b08333	add	x6,x1,x11	  x1:0x80000000 x11:0x00000000  x6=0x80000000
     433155.000 ns	     43314	800091c8	003165b3	or	x11,x2,x3	  x2:0x00000000  x3:0x53cc7e38 x11=0x53cc7e38
     433175.000 ns	     43316	800091cc	289d8d53	fmin.s	f26,f27,f9	 f27:0xdbde9000  f9:0xbf800000 f26=0xdbde9000
     433195.000 ns	     43318	800091d0	00ed2833	slt	x16,x26,x14	 x26:0x080040fe x14:0x00000001 x16=0x00000000
     433205.000 ns	     43319	800091d4	01c19693	slli	x13,x3,0x1c	  x3:0x53cc7e38 x13=0x80000000
     433215.000 ns	     43320	800091d8	006df333	and	x6,x27,x6	 x27:0x00000001  x6:0x80000000  x6=0x00000000
     433235.000 ns	     43322	800091dc	a1548053	fle.s	x0,f9,f21	  f9:0xbf800000 f21:0x4f7ffffe
     433265.000 ns	     43325	800091e0	02e72eb3	mulhsu	x29,x14,x14	 x14:0x00000001 x14:0x00000001 x29=0x00000000
     433635.000 ns	     43362	800091e4	0364c933	div	x18,x9,x22	  x9:0x00000000 x22:0x28f0e000 x18=0x00000000
     433665.000 ns	     43365	800091e8	c008fb53	fcvt.w.s	x22,f17	 f17:0x7fc00000 x22=0x7fffffff
     434035.000 ns	     43402	800091ec	03565733	divu	x14,x12,x21	 x12:0x00000000 x21:0x53cc7fbc x14=0x00000000
     434055.000 ns	     43404	800091f0	8015fe13	andi	x28,x11,-2047	 x11:0x53cc7e38 x28=0x53cc7800
     434065.000 ns	     43405	800091f4	7e60dd17	auipc	x26,0x7e60d	 x26=0xfe6161f4
     434085.000 ns	     43407	800091f8	21b21353	fsgnjn.s	f6,f4,f27	  f4:0x5bde9000 f27:0xdbde9000  f6=0x5bde9000
     434115.000 ns	     43410	800091fc	02600cb3	mul	x25,x0,x6	  x0:0x00000000  x6:0x00000000 x25=0x00000000
     434135.000 ns	     43412	80009200	01c2feb3	and	x29,x5,x28	  x5:0x00000000 x28:0x53cc7800 x29=0x00000000
     434145.000 ns	     43413	80009204	00fc1733	sll	x14,x24,x15	 x24:0x00000001 x15:0x00000000 x14=0x00000001
     434165.000 ns	     43415	80009208	21e72453	fsgnjx.s	f8,f14,f30	 f14:0x4e23c380 f30:0x5bde9000  f8=0x4e23c380
     434185.000 ns	     43417	8000920c	00000013	addi	x0,x0,0	  x0:0x00000000
     434195.000 ns	     43418	80009210	f9715317	auipc	x6,0xf9715	  x6=0x7971e210
     434205.000 ns	     43419	80009214	01c0c8b3	xor	x17,x1,x28	  x1:0x80000000 x28:0x53cc7800 x17=0xd3cc7800
     434215.000 ns	     43420	80009218	408e5213	srai	x4,x28,0x8	 x28:0x53cc7800  x4=0x0053cc78
     434575.000 ns	     43456	8000921c	026c7bb3	remu	x23,x24,x6	 x24:0x00000001  x6:0x7971e210 x23=0x00000001
     434605.000 ns	     43459	80009220	28fe07d3	fmin.s	f15,f28,f15	 f28:0x00000000 f15:0x7fc00000 f15=0x00000000
     434625.000 ns	     43461	80009224	00000013	addi	x0,x0,0	  x0:0x00000000
     434665.000 ns	     43465	80009228	09af70d3	fsub.s	f1,f30,f26	 f30:0x5bde9000 f26:0xdbde9000  f1=0x5c5e9000
     434685.000 ns	     43467	8000922c	017e12b3	sll	x5,x28,x23	 x28:0x53cc7800 x23:0x00000001  x5=0xa798f000
     434705.000 ns	     43469	80009230	02081d33	mulh	x26,x16,x0	 x16:0x00000000  x0:0x00000000 x26=0x00000000
     434735.000 ns	     43472	80009234	20efa4d3	fsgnjx.s	f9,f31,f14	 f31:0xcb000000 f14:0x4e23c380  f9=0xcb000000
     434765.000 ns	     43475	80009238	032094b3	mulh	x9,x1,x18	  x1:0x80000000 x18:0x00000000  x9=0x00000000
     434785.000 ns	     43477	8000923c	00000013	addi	x0,x0,0	  x0:0x00000000
     434805.000 ns	     43479	80009240	03a7ceb3	div	x29,x15,x26	 x15:0x00000000 x26:0x00000000 x29=0xffffffff
     434825.000 ns	     43481	80009244	7324e213	ori	x4,x9,1842	  x9:0x00000000  x4=0x00000732
     434855.000 ns	     43484	80009248	58067bd3	fsqrt.s	f23,f12	 f12:0x00000000 f23=0x00000000
     434875.000 ns	     43486	8000924c	0119a9b3	slt	x19,x19,x17	 x19:0x00000000 x17:0xd3cc7800 x19=0x00000000
     434885.000 ns	     43487	80009250	411305b3	sub	x11,x6,x17	  x6:0x7971e210 x17:0xd3cc7800 x11=0xa5a56a10
     434895.000 ns	     43488	80009254	bfa60b13	addi	x22,x12,-1030	 x12:0x00000000 x22=0xfffffbfa
     435255.000 ns	     43524	80009258	0216eb33	rem	x22,x13,x1	 x13:0x80000000  x1:0x80000000 x22=0x00000000
     435285.000 ns	     43527	8000925c	0222ad33	mulhsu	x26,x5,x2	  x5:0xa798f000  x2:0x00000000 x26=0x00000000
     435325.000 ns	     43531	80009260	10fdc653	fmul.s	f12,f27,f15	 f27:0xdbde9000 f15:0x00000000 f12=0x80000000
     435355.000 ns	     43534	80009264	02713333	mulhu	x6,x2,x7	  x2:0x00000000  x7:0x53cc78a6  x6=0x00000000
     435375.000 ns	     43536	80009268	56346f93	ori	x31,x8,1379	  x8:0x80040fe4 x31=0x80040fe7
     435395.000 ns	     43538	8000926c	03025fb3	divu	x31,x4,x16	  x4:0x00000732 x16:0x00000000 x31=0xffffffff
     435425.000 ns	     43541	80009270	02aa88b3	mul	x17,x21,x10	 x21:0x53cc7fbc x10:0x00000000 x17=0x00000000
     435445.000 ns	     43543	80009274	41e88b33	sub	x22,x17,x30	 x17:0xd3cc7800 x30:0x00000000 x22=0x00000000
     435455.000 ns	     43544	80009278	831cf993	andi	x19,x25,-1999	 x25:0x00000000 x19=0x00000000
     435465.000 ns	     43545	8000927c	a4d8a513	slti	x10,x17,-1459	 x17:0x00000000 x10=0x00000000
     435475.000 ns	     43546	80009280	0193aab3	slt	x21,x7,x25	  x7:0x53cc78a6 x25:0x00000000 x21=0x00000000
     435495.000 ns	     43548	80009284	21ee1253	fsgnjn.s	f4,f28,f30	 f28:0x00000000 f30:0x5bde9000  f4=0x80000000
     435515.000 ns	     43550	80009288	0013c533	xor	x10,x7,x1	  x7:0x53cc78a6  x1:0x80000000 x10=0xd3cc78a6
     435535.000 ns	     43552	8000928c	03880e33	mul	x28,x16,x24	 x16:0x00000000 x24:0x00000001 x28=0x00000000
     435565.000 ns	     43555	80009290	f0018cd3	fmv.w.x	f25,x3	  x3:0x53cc7e38 f25=0x53cc7e38
     435585.000 ns	     43557	80009294	0142bdb3	sltu	x27,x5,x20	  x5:0xa798f000 x20:0x80041024 x27=0x00000000
     435595.000 ns	     43558	80009298	5e5b0493	addi	x9,x22,1509	 x22:0x00000000  x9=0x000005e5
     435625.000 ns	     43561	8000929c	1077f1d3	fmul.s	f3,f15,f7	 f15:0x00000000  f7:0x7fc00000  f3=0x7fc00000
     435645.000 ns	     43563	800092a0	aa2c2893	slti	x17,x24,-1374	 x24:0x00000001 x17=0x00000000
     435665.000 ns	     43565	800092a4	29161bd3	fmax.s	f23,f12,f17	 f12:0x80000000 f17:0x7fc00000 f23=0x80000000
     435695.000 ns	     43568	800092a8	29c71fd3	fmax.s	f31,f14,f28	 f14:0x4e23c380 f28:0x00000000 f31=0x4e23c380
     435725.000 ns	     43571	800092ac	02660633	mul	x12,x12,x6	 x12:0x00000000  x6:0x00000000 x12=0x00000000
     435755.000 ns	     43574	800092b0	28f58053	fmin.s	f0,f11,f15	 f11:0x80000000 f15:0x00000000  f0=0x80000000
     435785.000 ns	     43577	800092b4	29ec1753	fmax.s	f14,f24,f30	 f24:0xdbde9000 f30:0x5bde9000 f14=0x5bde9000
     435805.000 ns	     43579	800092b8	27a4a693	slti	x13,x9,634	  x9:0x000005e5 x13=0x00000000
     435825.000 ns	     43581	800092bc	f00a0853	fmv.w.x	f16,x20	 x20:0x80041024 f16=0x80041024
     435845.000 ns	     43583	800092c0	0004ffb3	and	x31,x9,x0	  x9:0x000005e5  x0:0x00000000 x31=0x00000000
     435865.000 ns	     43585	800092c4	026b3bb3	mulhu	x23,x22,x6	 x22:0x00000000  x6:0x00000000 x23=0x00000000
     435885.000 ns	     43587	800092c8	700e2317	auipc	x6,0x700e2	  x6=0xf00eb2c8
     435905.000 ns	     43589	800092cc	a0388353	fle.s	x6,f17,f3	 f17:0x7fc00000  f3:0x7fc00000  x6=0x00000000
     435935.000 ns	     43592	800092d0	a05c8653	fle.s	x12,f25,f5	 f25:0x53cc7e38  f5:0x4e23c380 x12=0x00000000
     435965.000 ns	     43595	800092d4	c018fbd3	fcvt.wu.s	x23,f17	 f17:0x7fc00000 x23=0xffffffff
     435995.000 ns	     43598	800092d8	e0000fd3	fmv.x.w	x31,f0	  f0:0x80000000 x31=0x80000000
     436015.000 ns	     43600	800092dc	5229a613	slti	x12,x19,1314	 x19:0x00000000 x12=0x00000001
     436025.000 ns	     43601	800092e0	e65b7d93	andi	x27,x22,-411	 x22:0x00000000 x27=0x00000000
     436035.000 ns	     43602	800092e4	73570893	addi	x17,x14,1845	 x14:0x00000001 x17=0x00000736
     436045.000 ns	     43603	800092e8	01720233	add	x4,x4,x23	  x4:0x00000732 x23:0xffffffff  x4=0x00000731
     436065.000 ns	     43605	800092ec	2144ae53	fsgnjx.s	f28,f9,f20	  f9:0xcb000000 f20:0xc4064000 f28=0x4b000000
     436085.000 ns	     43607	800092f0	41e05633	sra	x12,x0,x30	  x0:0x00000000 x30:0x00000000 x12=0x00000000
     436105.000 ns	     43609	800092f4	03e04eb3	div	x29,x0,x30	  x0:0x00000000 x30:0x00000000 x29=0xffffffff
     436135.000 ns	     43612	800092f8	a0219cd3	flt.s	x25,f3,f2	  f3:0x7fc00000  f2:0xdbde9000 x25=0x00000000
     436155.000 ns	     43614	800092fc	64db4313	xori	x6,x22,1613	 x22:0x00000000  x6=0x0000064d
     436175.000 ns	     43616	80009300	039d19b3	mulh	x19,x26,x25	 x26:0x00000000 x25:0x00000000 x19=0x00000000
     436195.000 ns	     43618	80009304	41c653b3	sra	x7,x12,x28	 x12:0x00000000 x28:0x00000000  x7=0x00000000
     436555.000 ns	     43654	80009308	024465b3	rem	x11,x8,x4	  x8:0x80040fe4  x4:0x00000731 x11=0xffffff20
     436575.000 ns	     43656	8000930c	013ecc33	xor	x24,x29,x19	 x29:0xffffffff x19:0x00000000 x24=0xffffffff
     436585.000 ns	     43657	80009310	01adb733	sltu	x14,x27,x26	 x27:0x00000000 x26:0x00000000 x14=0x00000000
     436605.000 ns	     43659	80009314	e0019e53	fclass.s	x28,f3	  f3:0x7fc00000 x28=0x00000200
     436635.000 ns	     43662	80009318	28c29953	fmax.s	f18,f5,f12	  f5:0x4e23c380 f12:0x80000000 f18=0x4e23c380
     436665.000 ns	     43665	8000931c	29461a53	fmax.s	f20,f12,f20	 f12:0x80000000 f20:0xc4064000 f20=0x80000000
     436695.000 ns	     43668	80009320	a0d58ed3	fle.s	x29,f11,f13	 f11:0x80000000 f13:0x00000000 x29=0x00000001
     436715.000 ns	     43670	80009324	0080c333	xor	x6,x1,x8	  x1:0x80000000  x8:0x80040fe4  x6=0x00040fe4
     436725.000 ns	     43671	80009328	00fb8733	add	x14,x23,x15	 x23:0xffffffff x15:0x00000000 x14=0xffffffff
     436745.000 ns	     43673	8000932c	e00504d3	fmv.x.w	x9,f10	 f10:0x488cce20  x9=0x488cce20
     436795.000 ns	     43678	80009330	09593053	fsub.s	f0,f18,f21	 f18:0x4e23c380 f21:0x4f7ffffe  f0=0xcf570f1e
     436815.000 ns	     43680	80009334	4a470913	addi	x18,x14,1188	 x14:0xffffffff x18=0x000004a3
     436835.000 ns	     43682	80009338	02bd9f33	mulh	x30,x27,x11	 x27:0x00000000 x11:0xffffff20 x30=0x00000000
     437205.000 ns	     43719	8000933c	03146733	rem	x14,x8,x17	  x8:0x80040fe4 x17:0x00000736 x14=0xffffffb2
     437235.000 ns	     43722	80009340	02700ab3	mul	x21,x0,x7	  x0:0x00000000  x7:0x00000000 x21=0x00000000
     437255.000 ns	     43724	80009344	0039ebb3	or	x23,x19,x3	 x19:0x00000000  x3:0x53cc7e38 x23=0x53cc7e38
     437275.000 ns	     43726	80009348	e0009153	fclass.s	x2,f1	  f1:0x5c5e9000  x2=0x00000040
     437295.000 ns	     43728	8000934c	581b8113	addi	x2,x23,1409	 x23:0xffffffff  x2=0x53cc83b9
     437305.000 ns	     43729	80009350	5db0fb93	andi	x23,x1,1499	  x1:0x80000000 x23=0x00000000
     437325.000 ns	     43731	80009354	21159a53	fsgnjn.s	f20,f11,f17	 f11:0x80000000 f17:0x7fc00000 f20=0x80000000
     437345.000 ns	     43733	80009358	628a2c13	slti	x24,x20,1576	 x20:0x80041024 x24=0x00000001
     437355.000 ns	     43734	8000935c	00000013	addi	x0,x0,0	  x0:0x00000000
     437375.000 ns	     43736	80009360	a17a2e53	feq.s	x28,f20,f23	 f20:0x80000000 f23:0x80000000 x28=0x00000001
     437395.000 ns	     43738	80009364	00bf0133	add	x2,x30,x11	 x30:0x00000000 x11:0xffffff20  x2=0xffffff20
     437425.000 ns	     43741	80009368	191efc53	fdiv.s	f24,f29,f17	 f29:0xdbde9000 f17:0x7fc00000 f24=0x7fc00000
     437795.000 ns	     43778	8000936c	02af6233	rem	x4,x30,x10	 x30:0x00000000 x10:0xd3cc78a6  x4=0x00000000
     437825.000 ns	     43781	80009370	038a06b3	mul	x13,x20,x24	 x20:0x80041024 x24:0x00000001 x13=0x80041024
     437855.000 ns	     43784	80009374	f00c0b53	fmv.w.x	f22,x24	 x24:0x00000001 f22=0x00000001
     437885.000 ns	     43787	80009378	a1410853	fle.s	x16,f2,f20	  f2:0xdbde9000 f20:0x80000000 x16=0x00000001
     437935.000 ns	     43792	8000937c	0936c353	fsub.s	f6,f13,f19	 f13:0x00000000 f19:0x800002a6  f6=0x000002a6
     437965.000 ns	     43795	80009380	f00d8253	fmv.w.x	f4,x27	 x27:0x00000000  f4=0x00000000
     437995.000 ns	     43798	80009384	02442333	mulhsu	x6,x8,x4	  x8:0x80040fe4  x4:0x00000000  x6=0x00000000
     438015.000 ns	     43800	80009388	004a25b3	slt	x11,x20,x4	 x20:0x80041024  x4:0x00000000 x11=0x00000001
     438055.000 ns	     43804	8000938c	087435d3	fsub.s	f11,f8,f7	  f8:0x4e23c380  f7:0x7fc00000 f11=0x7fc00000
     438085.000 ns	     43807	80009390	038ea833	mulhsu	x16,x29,x24	 x29:0x00000001 x24:0x00000001 x16=0x00000000
     438115.000 ns	     43810	80009394	203b1d53	fsgnjn.s	f26,f22,f3	 f22:0x00000001  f3:0x7fc00000 f26=0x80000001
     438145.000 ns	     43813	80009398	e00b1253	fclass.s	x4,f22	 f22:0x00000001  x4=0x00000020
     438165.000 ns	     43815	8000939c	ef380a93	addi	x21,x16,-269	 x16:0x00000000 x21=0xfffffef3
     438185.000 ns	     43817	800093a0	0362b5b3	mulhu	x11,x5,x22	  x5:0xa798f000 x22:0x00000000 x11=0x00000000
     438215.000 ns	     43820	800093a4	20f39f53	fsgnjn.s	f30,f7,f15	  f7:0x7fc00000 f15:0x00000000 f30=0xffc00000
     438245.000 ns	     43823	800093a8	20ea93d3	fsgnjn.s	f7,f21,f14	 f21:0x4f7ffffe f14:0x5bde9000  f7=0xcf7ffffe
     438265.000 ns	     43825	800093ac	01034d33	xor	x26,x6,x16	  x6:0x00000000 x16:0x00000000 x26=0x00000000
     438285.000 ns	     43827	800093b0	026dadb3	mulhsu	x27,x27,x6	 x27:0x00000000  x6:0x00000000 x27=0x00000000
     438315.000 ns	     43830	800093b4	28338853	fmin.s	f16,f7,f3	  f7:0xcf7ffffe  f3:0x7fc00000 f16=0xcf7ffffe
     438335.000 ns	     43832	800093b8	8f3dc213	xori	x4,x27,-1805	 x27:0x00000000  x4=0xfffff8f3
     438355.000 ns	     43834	800093bc	e0079ed3	fclass.s	x29,f15	 f15:0x00000000 x29=0x00000010
     438385.000 ns	     43837	800093c0	d00f23d3	fcvt.s.w	f7,x30	 x30:0x00000000  f7=0x00000000
     438405.000 ns	     43839	800093c4	aa7c0993	addi	x19,x24,-1369	 x24:0x00000001 x19=0xfffffaa8
     438415.000 ns	     43840	800093c8	3de63193	sltiu	x3,x12,990	 x12:0x00000000  x3=0x00000001
     438435.000 ns	     43842	800093cc	e00f9cd3	fclass.s	x25,f31	 f31:0x4e23c380 x25=0x00000040
     438455.000 ns	     43844	800093d0	48f4a213	slti	x4,x9,1167	  x9:0x488cce20  x4=0x00000000
     438465.000 ns	     43845	800093d4	01525fb3	srl	x31,x4,x21	  x4:0xfffff8f3 x21:0xfffffef3 x31=0x00000000
     438475.000 ns	     43846	800093d8	403a8db3	sub	x27,x21,x3	 x21:0xfffffef3  x3:0x00000001 x27=0xfffffef2
     438495.000 ns	     43848	800093dc	e00d1f53	fclass.s	x30,f26	 f26:0x80000001 x30=0x00000004
     438525.000 ns	     43851	800093e0	c01e7bd3	fcvt.wu.s	x23,f28	 f28:0x4b000000 x23=0x00800000
     438575.000 ns	     43856	800093e4	018d72d3	fadd.s	f5,f26,f24	 f26:0x80000001 f24:0x7fc00000  f5=0x7fc00000
     438595.000 ns	     43858	800093e8	00ace6b3	or	x13,x25,x10	 x25:0x00000040 x10:0xd3cc78a6 x13=0xd3cc78e6
     438615.000 ns	     43860	800093ec	02a713b3	mulh	x7,x14,x10	 x14:0xffffffb2 x10:0xd3cc78a6  x7=0x0000000d
     438985.000 ns	     43897	800093f0	03d7d9b3	divu	x19,x15,x29	 x15:0x00000000 x29:0x00000010 x19=0x00000000
     439005.000 ns	     43899	800093f4	7eff3193	sltiu	x3,x30,2031	 x30:0x00000004  x3=0x00000001
     439015.000 ns	     43900	800093f8	000d6533	or	x10,x26,x0	 x26:0x00000000  x0:0x00000000 x10=0x00000000
     439025.000 ns	     43901	800093fc	4152dcb3	sra	x25,x5,x21	  x5:0xa798f000 x21:0xfffffef3 x25=0xfffff4f3
     439045.000 ns	     43903	80009400	0368a9b3	mulhsu	x19,x17,x22	 x17:0x00000736 x22:0x00000000 x19=0x00000000
     439095.000 ns	     43908	80009404	08158553	fsub.s	f10,f11,f1	 f11:0x7fc00000  f1:0x5c5e9000 f10=0x7fc00000
     439115.000 ns	     43910	80009408	af838e97	auipc	x29,0xaf838	 x29=0x2f841408
     439145.000 ns	     43913	8000940c	5803f5d3	fsqrt.s	f11,f7	  f7:0x00000000 f11=0x00000000
     439175.000 ns	     43916	80009410	a1d92fd3	feq.s	x31,f18,f29	 f18:0x4e23c380 f29:0xdbde9000 x31=0x00000000
     439195.000 ns	     43918	80009414	40688133	sub	x2,x17,x6	 x17:0x00000736  x6:0x00000000  x2=0x00000736
     439215.000 ns	     43920	80009418	02440233	mul	x4,x8,x4	  x8:0x80040fe4  x4:0x00000000  x4=0x00000000
     439245.000 ns	     43923	8000941c	21eb28d3	fsgnjx.s	f17,f22,f30	 f22:0x00000001 f30:0xffc00000 f17=0x80000001
     439275.000 ns	     43926	80009420	0209c633	div	x12,x19,x0	 x19:0x00000000  x0:0x00000000 x12=0xffffffff
     439305.000 ns	     43929	80009424	21f0a753	fsgnjx.s	f14,f1,f31	  f1:0x5c5e9000 f31:0x4e23c380 f14=0x5c5e9000
     439335.000 ns	     43932	80009428	02919633	mulh	x12,x3,x9	  x3:0x00000001  x9:0x488cce20 x12=0x00000000
     439355.000 ns	     43934	8000942c	00fe5933	srl	x18,x28,x15	 x28:0x00000001 x15:0x00000000 x18=0x00000001
     439375.000 ns	     43936	80009430	20669a53	fsgnjn.s	f20,f13,f6	 f13:0x00000000  f6:0x000002a6 f20=0x80000000
     439395.000 ns	     43938	80009434	0078a033	slt	x0,x17,x7	 x17:0x00000736  x7:0x0000000d
     439415.000 ns	     43940	80009438	02aa9633	mulh	x12,x21,x10	 x21:0xfffffef3 x10:0x00000000 x12=0x00000000
     439435.000 ns	     43942	8000943c	17eca893	slti	x17,x25,382	 x25:0xfffff4f3 x17=0x00000001
     439455.000 ns	     43944	80009440	035f29b3	mulhsu	x19,x30,x21	 x30:0x00000004 x21:0xfffffef3 x19=0x00000003
     439485.000 ns	     43947	80009444	289c1553	fmax.s	f10,f24,f9	 f24:0x7fc00000  f9:0xcb000000 f10=0xcb000000
     439515.000 ns	     43950	80009448	e0000153	fmv.x.w	x2,f0	  f0:0xcf570f1e  x2=0xcf570f1e
     439545.000 ns	     43953	8000944c	02d5aeb3	mulhsu	x29,x11,x13	 x11:0x00000000 x13:0xd3cc78e6 x29=0x00000000
     439565.000 ns	     43955	80009450	41ebd493	srai	x9,x23,0x1e	 x23:0x00800000  x9=0x00000000
     439575.000 ns	     43956	80009454	7b6f2793	slti	x15,x30,1974	 x30:0x00000004 x15=0x00000001
     439585.000 ns	     43957	80009458	0d0a6b17	auipc	x22,0xd0a6	 x22=0x8d0af458
     439625.000 ns	     43961	8000945c	004f93d3	fadd.s	f7,f31,f4	 f31:0x4e23c380  f4:0x00000000  f7=0x4e23c380
     439645.000 ns	     43963	80009460	b266b613	sltiu	x12,x13,-1242	 x13:0xd3cc78e6 x12=0x00000001
     439655.000 ns	     43964	80009464	99fd2f13	slti	x30,x26,-1633	 x26:0x00000000 x30=0x00000000
     439675.000 ns	     43966	80009468	034986b3	mul	x13,x19,x20	 x19:0x00000003 x20:0x80041024 x13=0x800c306c
     439705.000 ns	     43969	8000946c	03f442b3	div	x5,x8,x31	  x8:0x80040fe4 x31:0x00000000  x5=0xffffffff
     439735.000 ns	     43972	80009470	218a2a53	fsgnjx.s	f20,f20,f24	 f20:0x80000000 f24:0x7fc00000 f20=0x80000000
     439775.000 ns	     43976	80009474	181f7fd3	fdiv.s	f31,f30,f1	 f30:0xffc00000  f1:0x5c5e9000 f31=0x7fc00000
     439805.000 ns	     43979	80009478	21ac9bd3	fsgnjn.s	f23,f25,f26	 f25:0x53cc7e38 f26:0x80000001 f23=0x53cc7e38
     439855.000 ns	     43984	8000947c	0888f453	fsub.s	f8,f17,f8	 f17:0x80000001  f8:0x4e23c380  f8=0xce23c380
     439875.000 ns	     43986	80009480	be3e2f13	slti	x30,x28,-1053	 x28:0x00000001 x30=0x00000000
     439895.000 ns	     43988	80009484	a0f90ad3	fle.s	x21,f18,f15	 f18:0x4e23c380 f15:0x00000000 x21=0x00000000
     439935.000 ns	     43992	80009488	11297153	fmul.s	f2,f18,f18	 f18:0x4e23c380 f18:0x4e23c380  f2=0x5cd18514
     439955.000 ns	     43994	8000948c	f6703993	sltiu	x19,x0,-153	  x0:0x00000000 x19=0x00000001
     439975.000 ns	     43996	80009490	a1581dd3	flt.s	x27,f16,f21	 f16:0xcf7ffffe f21:0x4f7ffffe x27=0x00000001
     441155.000 ns	     44114	80009494	580e7153	fsqrt.s	f2,f28	 f28:0x4b000000  f2=0x44b50482
     441185.000 ns	     44117	80009498	282007d3	fmin.s	f15,f0,f2	  f0:0xcf570f1e  f2:0x5cd18514 f15=0xcf570f1e
     441205.000 ns	     44119	8000949c	019d8833	add	x16,x27,x25	 x27:0x00000001 x25:0xfffff4f3 x16=0xfffff4f4
     441215.000 ns	     44120	800094a0	001c6633	or	x12,x24,x1	 x24:0x00000001  x1:0x80000000 x12=0x80000001
     441235.000 ns	     44122	800094a4	02373e33	mulhu	x28,x14,x3	 x14:0xffffffb2  x3:0x00000001 x28=0x00000000
     441285.000 ns	     44127	800094a8	093bf353	fsub.s	f6,f23,f19	 f23:0x53cc7e38 f19:0x800002a6  f6=0x53cc7e38
     441305.000 ns	     44129	800094ac	4149dab3	sra	x21,x19,x20	 x19:0x00000001 x20:0x80041024 x21=0x00000000
     441315.000 ns	     44130	800094b0	63cdc113	xori	x2,x27,1596	 x27:0x00000001  x2=0x0000063d
     441675.000 ns	     44166	800094b4	038b7033	remu	x0,x22,x24	 x22:0x8d0af458 x24:0x00000001
     441705.000 ns	     44169	800094b8	0269a7b3	mulhsu	x15,x19,x6	 x19:0x00000001  x6:0x00000000 x15=0x00000000
     441725.000 ns	     44171	800094bc	404e81b3	sub	x3,x29,x4	 x29:0x00000000  x4:0x00000000  x3=0x00000000
     441745.000 ns	     44173	800094c0	a07ba2d3	feq.s	x5,f23,f7	 f23:0x53cc7e38  f7:0x4e23c380  x5=0x00000000
     441785.000 ns	     44177	800094c4	19892dd3	fdiv.s	f27,f18,f24	 f18:0x4e23c380 f24:0x7fc00000 f27=0x7fc00000
     441805.000 ns	     44179	800094c8	6f9ff893	andi	x17,x31,1785	 x31:0x00000000 x17=0x00000000
     441815.000 ns	     44180	800094cc	98142193	slti	x3,x8,-1663	  x8:0x80040fe4  x3=0x00000001
     441825.000 ns	     44181	800094d0	007ae6b3	or	x13,x21,x7	 x21:0x00000000  x7:0x0000000d x13=0x0000000d
     441845.000 ns	     44183	800094d4	20969ed3	fsgnjn.s	f29,f13,f9	 f13:0x00000000  f9:0xcb000000 f29=0x00000000
     441875.000 ns	     44186	800094d8	a1f12753	feq.s	x14,f2,f31	  f2:0x44b50482 f31:0x7fc00000 x14=0x00000000
     441905.000 ns	     44189	800094dc	035257b3	divu	x15,x4,x21	  x4:0x00000000 x21:0x00000000 x15=0xffffffff
     441925.000 ns	     44191	800094e0	01cddf93	srli	x31,x27,0x1c	 x27:0x00000001 x31=0x00000000
     441945.000 ns	     44193	800094e4	28c91d53	fmax.s	f26,f18,f12	 f18:0x4e23c380 f12:0x80000000 f26=0x4e23c380
     442315.000 ns	     44230	800094e8	02f043b3	div	x7,x0,x15	  x0:0x00000000 x15:0xffffffff  x7=0x00000000
     442345.000 ns	     44233	800094ec	e00b8fd3	fmv.x.w	x31,f23	 f23:0x53cc7e38 x31=0x53cc7e38
     442375.000 ns	     44236	800094f0	28a01ad3	fmax.s	f21,f0,f10	  f0:0xcf570f1e f10:0xcb000000 f21=0xcb000000
     442395.000 ns	     44238	800094f4	007a81b3	add	x3,x21,x7	 x21:0x00000000  x7:0x00000000  x3=0x00000000
     442405.000 ns	     44239	800094f8	00f21c13	slli	x24,x4,0xf	  x4:0x00000000 x24=0x00000000
     442415.000 ns	     44240	800094fc	0019cd33	xor	x26,x19,x1	 x19:0x00000001  x1:0x80000000 x26=0x80000001
     442425.000 ns	     44241	80009500	00959f33	sll	x30,x11,x9	 x11:0x00000000  x9:0x00000000 x30=0x00000000
     442435.000 ns	     44242	80009504	01afbcb3	sltu	x25,x31,x26	 x31:0x53cc7e38 x26:0x00000000 x25=0x00000001
     442445.000 ns	     44243	80009508	f221b8b7	lui	x17,0xf221b	 x17=0xf221b000
     442455.000 ns	     44244	8000950c	4068d193	srai	x3,x17,0x6	 x17:0x00000000  x3=0xffc886c0
     442465.000 ns	     44245	80009510	00000013	addi	x0,x0,0	  x0:0x00000000
     442485.000 ns	     44247	80009514	a15711d3	flt.s	x3,f14,f21	 f14:0x5c5e9000 f21:0xcb000000  x3=0x00000000
     442505.000 ns	     44249	80009518	415e0fb3	sub	x31,x28,x21	 x28:0x00000000 x21:0x00000000 x31=0x00000000
     442525.000 ns	     44251	8000951c	f0038a53	fmv.w.x	f20,x7	  x7:0x00000000 f20=0x00000000
     442545.000 ns	     44253	80009520	00d8a3b3	slt	x7,x17,x13	 x17:0xf221b000 x13:0x0000000d  x7=0x00000001
     442565.000 ns	     44255	80009524	a1c30ad3	fle.s	x21,f6,f28	  f6:0x53cc7e38 f28:0x4b000000 x21=0x00000000
     442585.000 ns	     44257	80009528	41165293	srai	x5,x12,0x11	 x12:0x80000001  x5=0xffffc000
     442945.000 ns	     44293	8000952c	02c2d233	divu	x4,x5,x12	  x5:0x00000000 x12:0x80000001  x4=0x00000001
     442965.000 ns	     44295	80009530	1693aa93	slti	x21,x7,361	  x7:0x00000001 x21=0x00000001
     442975.000 ns	     44296	80009534	98c32493	slti	x9,x6,-1652	  x6:0x00000000  x9=0x00000000
     443005.000 ns	     44299	80009538	18d38fd3	fdiv.s	f31,f7,f13	  f7:0x4e23c380 f13:0x00000000 f31=0x7f800000
     443035.000 ns	     44302	8000953c	02adfd33	remu	x26,x27,x10	 x27:0x00000001 x10:0x00000000 x26=0x00000001
     443065.000 ns	     44305	80009540	20f49353	fsgnjn.s	f6,f9,f15	  f9:0xcb000000 f15:0xcf570f1e  f6=0x4b000000
     443095.000 ns	     44308	80009544	f00a0e53	fmv.w.x	f28,x20	 x20:0x80041024 f28=0x80041024
     443115.000 ns	     44310	80009548	40e15693	srai	x13,x2,0xe	  x2:0x0000063d x13=0x00000000
     443125.000 ns	     44311	8000954c	016329b3	slt	x19,x6,x22	  x6:0x00000000 x22:0x8d0af458 x19=0x00000000
     443135.000 ns	     44312	80009550	af5af213	andi	x4,x21,-1291	 x21:0x00000001  x4=0x00000001
     443155.000 ns	     44314	80009554	c00e2bd3	fcvt.w.s	x23,f28	 f28:0x80041024 x23=0x00000000
     443175.000 ns	     44316	80009558	00527d33	and	x26,x4,x5	  x4:0x00000001  x5:0xffffc000 x26=0x00000000
     443195.000 ns	     44318	8000955c	a02d83d3	fle.s	x7,f27,f2	 f27:0x7fc00000  f2:0x44b50482  x7=0x00000000
     443215.000 ns	     44320	80009560	41725593	srai	x11,x4,0x17	  x4:0x00000001 x11=0x00000000
     443225.000 ns	     44321	80009564	81f66bb7	lui	x23,0x81f66	 x23=0x81f66000
     443265.000 ns	     44325	80009568	09fb73d3	fsub.s	f7,f22,f31	 f22:0x00000001 f31:0x7f800000  f7=0xff800000
     443295.000 ns	     44328	8000956c	2098a853	fsgnjx.s	f16,f17,f9	 f17:0x80000001  f9:0xcb000000 f16=0x00000001
     443325.000 ns	     44331	80009570	033a0f33	mul	x30,x20,x19	 x20:0x80041024 x19:0x00000000 x30=0x00000000
     443355.000 ns	     44334	80009574	e00283d3	fmv.x.w	x7,f5	  f5:0x7fc00000  x7=0x7fc00000
     443385.000 ns	     44337	80009578	202a97d3	fsgnjn.s	f15,f21,f2	 f21:0xcb000000  f2:0x44b50482 f15=0xcb000000
     443755.000 ns	     44374	8000957c	03787933	remu	x18,x16,x23	 x16:0xfffff4f4 x23:0x81f66000 x18=0x7e0994f4
     443775.000 ns	     44376	80009580	3873fe93	andi	x29,x7,903	  x7:0x7fc00000 x29=0x00000000
     443795.000 ns	     44378	80009584	02f58eb3	mul	x29,x11,x15	 x11:0x00000000 x15:0xffffffff x29=0x00000000
     443825.000 ns	     44381	80009588	e00e1253	fclass.s	x4,f28	 f28:0x80041024  x4=0x00000004
     443855.000 ns	     44384	8000958c	28c885d3	fmin.s	f11,f17,f12	 f17:0x80000001 f12:0x80000000 f11=0x80000001
     443895.000 ns	     44388	80009590	580f24d3	fsqrt.s	f9,f30	 f30:0xffc00000  f9=0x7fc00000
     443925.000 ns	     44391	80009594	02c032b3	mulhu	x5,x0,x12	  x0:0x00000000 x12:0x80000001  x5=0x00000000
     443945.000 ns	     44393	80009598	0131b333	sltu	x6,x3,x19	  x3:0x00000000 x19:0x00000000  x6=0x00000000
     443965.000 ns	     44395	8000959c	d006c853	fcvt.s.w	f16,x13	 x13:0x00000000 f16=0x00000000
     443995.000 ns	     44398	800095a0	d01911d3	fcvt.s.wu	f3,x18	 x18:0x7e0994f4  f3=0x4efc1329
     444025.000 ns	     44401	800095a4	a0fa1053	flt.s	x0,f20,f15	 f20:0x00000000 f15:0xcb000000
     444045.000 ns	     44403	800095a8	01d17f33	and	x30,x2,x29	  x2:0x0000063d x29:0x00000000 x30=0x00000000
     444065.000 ns	     44405	800095ac	a17a2c53	feq.s	x24,f20,f23	 f20:0x00000000 f23:0x53cc7e38 x24=0x00000000
     444435.000 ns	     44442	800095b0	027448b3	div	x17,x8,x7	  x8:0x80040fe4  x7:0x7fc00000 x17=0xffffffff
     444465.000 ns	     44445	800095b4	d0058253	fcvt.s.w	f4,x11	 x11:0x00000000  f4=0x00000000
     444835.000 ns	     44482	800095b8	0285d133	divu	x2,x11,x8	 x11:0x00000000  x8:0x80040fe4  x2=0x00000000
     444865.000 ns	     44485	800095bc	02a97f33	remu	x30,x18,x10	 x18:0x7e0994f4 x10:0x00000000 x30=0x7e0994f4
     444895.000 ns	     44488	800095c0	03adb733	mulhu	x14,x27,x26	 x27:0x00000001 x26:0x00000000 x14=0x00000000
     444925.000 ns	     44491	800095c4	e0038353	fmv.x.w	x6,f7	  f7:0xff800000  x6=0xff800000
     444945.000 ns	     44493	800095c8	001db4b3	sltu	x9,x27,x1	 x27:0x00000001  x1:0x80000000  x9=0x00000001
     444955.000 ns	     44494	800095cc	00000013	addi	x0,x0,0	  x0:0x00000000
     444995.000 ns	     44498	800095d0	097f1b53	fsub.s	f22,f30,f23	 f30:0xffc00000 f23:0x53cc7e38 f22=0x7fc00000
     445015.000 ns	     44500	800095d4	01250d33	add	x26,x10,x18	 x10:0x00000000 x18:0x7e0994f4 x26=0x7e0994f4
     445035.000 ns	     44502	800095d8	c0067153	fcvt.w.s	x2,f12	 f12:0x80000000  x2=0x00000000
     445065.000 ns	     44505	800095dc	d0077a53	fcvt.s.w	f20,x14	 x14:0x00000000 f20=0x00000000
     445105.000 ns	     44509	800095e0	58062f53	fsqrt.s	f30,f12	 f12:0x80000000 f30=0x80000000
     445135.000 ns	     44512	800095e4	a04809d3	fle.s	x19,f16,f4	 f16:0x00000000  f4:0x00000000 x19=0x00000001
     445165.000 ns	     44515	800095e8	02e336b3	mulhu	x13,x6,x14	  x6:0xff800000 x14:0x00000000 x13=0x00000000
     445195.000 ns	     44518	800095ec	02822f33	mulhsu	x30,x4,x8	  x4:0x00000004  x8:0x80040fe4 x30=0x00000002
     445215.000 ns	     44520	800095f0	408e0eb3	sub	x29,x28,x8	 x28:0x00000000  x8:0x80040fe4 x29=0x7ffbf01c
     445235.000 ns	     44522	800095f4	c0160f53	fcvt.wu.s	x30,f12	 f12:0x80000000 x30=0x00000000
     445285.000 ns	     44527	800095f8	010611d3	fadd.s	f3,f12,f16	 f12:0x80000000 f16:0x00000000  f3=0x00000000
     445325.000 ns	     44531	800095fc	1015ffd3	fmul.s	f31,f11,f1	 f11:0x80000001  f1:0x5c5e9000 f31=0x91de9001
     445355.000 ns	     44534	80009600	20328653	fsgnj.s	f12,f5,f3	  f5:0x7fc00000  f3:0x00000000 f12=0x7fc00000
     445375.000 ns	     44536	80009604	be68b013	sltiu	x0,x17,-1050	 x17:0xffffffff
     445405.000 ns	     44539	80009608	5805f553	fsqrt.s	f10,f11	 f11:0x80000001 f10=0x7fc00000
     445425.000 ns	     44541	8000960c	f6c46793	ori	x15,x8,-148	  x8:0x80040fe4 x15=0xffffffec
     445435.000 ns	     44542	80009610	407783b3	sub	x7,x15,x7	 x15:0xffffffff  x7:0x7fc00000  x7=0x803fffec
     445455.000 ns	     44544	80009614	020dc633	div	x12,x27,x0	 x27:0x00000001  x0:0x00000000 x12=0xffffffff
     445485.000 ns	     44547	80009618	2188acd3	fsgnjx.s	f25,f17,f24	 f17:0x80000001 f24:0x7fc00000 f25=0x80000001
     445515.000 ns	     44550	8000961c	02bc06b3	mul	x13,x24,x11	 x24:0x00000000 x11:0x00000000 x13=0x00000000
     445545.000 ns	     44553	80009620	286a99d3	fmax.s	f19,f21,f6	 f21:0xcb000000  f6:0x4b000000 f19=0x4b000000
     445575.000 ns	     44556	80009624	d016fad3	fcvt.s.wu	f21,x13	 x13:0x00000000 f21=0x00000000
     445595.000 ns	     44558	80009628	40145113	srai	x2,x8,0x1	  x8:0x80040fe4  x2=0xc00207f2
     445615.000 ns	     44560	8000962c	c006f353	fcvt.w.s	x6,f13	 f13:0x00000000  x6=0x00000000
     445635.000 ns	     44562	80009630	03878393	addi	x7,x15,56	 x15:0xffffffec  x7=0x00000024
     445655.000 ns	     44564	80009634	0396a333	mulhsu	x6,x13,x25	 x13:0x00000000 x25:0x00000001  x6=0x00000000
     445685.000 ns	     44567	80009638	0208aeb3	mulhsu	x29,x17,x0	 x17:0xffffffff  x0:0x00000000 x29=0x00000000
     445705.000 ns	     44569	8000963c	e6360513	addi	x10,x12,-413	 x12:0xffffffff x10=0xfffffe62
     445725.000 ns	     44571	80009640	a194ad53	feq.s	x26,f9,f25	  f9:0x7fc00000 f25:0x80000001 x26=0x00000000
     445745.000 ns	     44573	80009644	4e3142b7	lui	x5,0x4e314	  x5=0x4e314000
     445785.000 ns	     44577	80009648	09fdf853	fsub.s	f16,f27,f31	 f27:0x7fc00000 f31:0x91de9001 f16=0x7fc00000
     445815.000 ns	     44580	8000964c	a0650f53	fle.s	x30,f10,f6	 f10:0x7fc00000  f6:0x4b000000 x30=0x00000000
     445835.000 ns	     44582	80009650	01e8a7b3	slt	x15,x17,x30	 x17:0xffffffff x30:0x00000000 x15=0x00000001
     445845.000 ns	     44583	80009654	40e6d713	srai	x14,x13,0xe	 x13:0x00000000 x14=0x00000000
     445865.000 ns	     44585	80009658	a0ef2253	feq.s	x4,f30,f14	 f30:0x80000000 f14:0x5c5e9000  x4=0x00000000
     445885.000 ns	     44587	8000965c	00b25513	srli	x10,x4,0xb	  x4:0x00000004 x10=0x00000000
     445905.000 ns	     44589	80009660	c016a2d3	fcvt.wu.s	x5,f13	 f13:0x00000000  x5=0x00000000
     445925.000 ns	     44591	80009664	0087db33	srl	x22,x15,x8	 x15:0x00000001  x8:0x80040fe4 x22=0x00000000
     445935.000 ns	     44592	80009668	bd6d2913	slti	x18,x26,-1066	 x26:0x00000000 x18=0x00000000
     445955.000 ns	     44594	8000966c	c01bced3	fcvt.wu.s	x29,f23	 f23:0x53cc7e38 x29=0xffffffff
     446325.000 ns	     44631	80009670	02115333	divu	x6,x2,x1	  x2:0xc00207f2  x1:0x80000000  x6=0x00000001
     446355.000 ns	     44634	80009674	20199a53	fsgnjn.s	f20,f19,f1	 f19:0x4b000000  f1:0x5c5e9000 f20=0xcb000000
     446375.000 ns	     44636	80009678	36f83c93	sltiu	x25,x16,879	 x16:0xfffff4f4 x25=0x00000000
     446395.000 ns	     44638	8000967c	f0080653	fmv.w.x	f12,x16	 x16:0xfffff4f4 f12=0xfffff4f4
     446415.000 ns	     44640	80009680	90f00d93	addi	x27,x0,-1777	  x0:0x00000000 x27=0xfffff90f
     446425.000 ns	     44641	80009684	f2f34993	xori	x19,x6,-209	  x6:0x00000001 x19=0xffffff2e
     446445.000 ns	     44643	80009688	d01971d3	fcvt.s.wu	f3,x18	 x18:0x00000000  f3=0x00000000
     446475.000 ns	     44646	8000968c	a0009e53	flt.s	x28,f1,f0	  f1:0x5c5e9000  f0:0xcf570f1e x28=0x00000000
     446505.000 ns	     44649	80009690	f00987d3	fmv.w.x	f15,x19	 x19:0xffffff2e f15=0xffffff2e
     446525.000 ns	     44651	80009694	00000013	addi	x0,x0,0	  x0:0x00000000
     446545.000 ns	     44653	80009698	28548553	fmin.s	f10,f9,f5	  f9:0x7fc00000  f5:0x7fc00000 f10=0x7fc00000
     446575.000 ns	     44656	8000969c	0331a1b3	mulhsu	x3,x3,x19	  x3:0x00000000 x19:0xffffff2e  x3=0x00000000
     446605.000 ns	     44659	800096a0	02505b33	divu	x22,x0,x5	  x0:0x00000000  x5:0x00000000 x22=0xffffffff
     446635.000 ns	     44662	800096a4	e0040fd3	fmv.x.w	x31,f8	  f8:0xce23c380 x31=0xce23c380
     446665.000 ns	     44665	800096a8	02318bb3	mul	x23,x3,x3	  x3:0x00000000  x3:0x00000000 x23=0x00000000
     446685.000 ns	     44667	800096ac	40f907b3	sub	x15,x18,x15	 x18:0x00000000 x15:0x00000001 x15=0xffffffff
     446695.000 ns	     44668	800096b0	00000013	addi	x0,x0,0	  x0:0x00000000
     446705.000 ns	     44669	800096b4	0059cd33	xor	x26,x19,x5	 x19:0xffffff2e  x5:0x00000000 x26=0xffffff2e
     446715.000 ns	     44670	800096b8	bf94f113	andi	x2,x9,-1031	  x9:0x00000001  x2=0x00000001
     446725.000 ns	     44671	800096bc	4d1b0b13	addi	x22,x22,1233	 x22:0xffffffff x22=0x000004d0
     447085.000 ns	     44707	800096c0	030fd533	divu	x10,x31,x16	 x31:0xce23c380 x16:0xfffff4f4 x10=0x00000000
     447105.000 ns	     44709	800096c4	003c2cb3	slt	x25,x24,x3	 x24:0x00000000  x3:0x00000000 x25=0x00000000
     447115.000 ns	     44710	800096c8	41cf5393	srai	x7,x30,0x1c	 x30:0x00000000  x7=0x00000000
     447135.000 ns	     44712	800096cc	03c67e33	remu	x28,x12,x28	 x12:0xffffffff x28:0x00000000 x28=0xffffffff
     447165.000 ns	     44715	800096d0	03e9c9b3	div	x19,x19,x30	 x19:0xffffff2e x30:0x00000000 x19=0xffffffff
     447185.000 ns	     44717	800096d4	41690033	sub	x0,x18,x22	 x18:0x00000000 x22:0x000004d0
     447205.000 ns	     44719	800096d8	219e94d3	fsgnjn.s	f9,f29,f25	 f29:0x00000000 f25:0x80000001  f9=0x00000000
     447235.000 ns	     44722	800096dc	286c9dd3	fmax.s	f27,f25,f6	 f25:0x80000001  f6:0x4b000000 f27=0x4b000000
     447255.000 ns	     44724	800096e0	4c7e0f93	addi	x31,x28,1223	 x28:0xffffffff x31=0x000004c6
     447275.000 ns	     44726	800096e4	29d39a53	fmax.s	f20,f7,f29	  f7:0xff800000 f29:0x00000000 f20=0x00000000
     447295.000 ns	     44728	800096e8	40090933	sub	x18,x18,x0	 x18:0x00000000  x0:0x00000000 x18=0x00000000
     447305.000 ns	     44729	800096ec	873f4393	xori	x7,x30,-1933	 x30:0x00000000  x7=0xfffff873
     447665.000 ns	     44765	800096f0	0312fbb3	remu	x23,x5,x17	  x5:0x00000000 x17:0xffffffff x23=0x00000000
     447685.000 ns	     44767	800096f4	01ca5233	srl	x4,x20,x28	 x20:0x80041024 x28:0xffffffff  x4=0x00000001
     447695.000 ns	     44768	800096f8	01d0d7b3	srl	x15,x1,x29	  x1:0x80000000 x29:0xffffffff x15=0x00000001
     447715.000 ns	     44770	800096fc	c01d9ad3	fcvt.wu.s	x21,f27	 f27:0x4b000000 x21=0x00800000
     447735.000 ns	     44772	80009700	01db5313	srli	x6,x22,0x1d	 x22:0x000004d0  x6=0x00000000
     447755.000 ns	     44774	80009704	20f3a5d3	fsgnjx.s	f11,f7,f15	  f7:0xff800000 f15:0xffffff2e f11=0x7f800000
     447785.000 ns	     44777	80009708	211080d3	fsgnj.s	f1,f1,f17	  f1:0x5c5e9000 f17:0x80000001  f1=0xdc5e9000
     447805.000 ns	     44779	8000970c	22840f13	addi	x30,x8,552	  x8:0x80040fe4 x30=0x8004120c
     447845.000 ns	     44783	80009710	08d9bcd3	fsub.s	f25,f19,f13	 f19:0x4b000000 f13:0x00000000 f25=0x4b000000
     447865.000 ns	     44785	80009714	40c15233	sra	x4,x2,x12	  x2:0x00000001 x12:0xffffffff  x4=0x00000000
     447885.000 ns	     44787	80009718	c0169953	fcvt.wu.s	x18,f13	 f13:0x00000000 x18=0x00000000
     447915.000 ns	     44790	8000971c	a1b9a953	feq.s	x18,f19,f27	 f19:0x4b000000 f27:0x4b000000 x18=0x00000001
     448285.000 ns	     44827	80009720	031ad633	divu	x12,x21,x17	 x21:0x00800000 x17:0xffffffff x12=0x00000000
     448305.000 ns	     44829	80009724	d0412193	slti	x3,x2,-764	  x2:0x00000001  x3=0x00000000
     448315.000 ns	     44830	80009728	e4d36b93	ori	x23,x6,-435	  x6:0x00000000 x23=0xfffffe4d
     448335.000 ns	     44832	8000972c	03ef8fb3	mul	x31,x31,x30	 x31:0x000004c6 x30:0x8004120c x31=0x136e2548
     448355.000 ns	     44834	80009730	411d8fb3	sub	x31,x27,x17	 x27:0xfffff90f x17:0xffffffff x31=0xfffff910
     448365.000 ns	     44835	80009734	01465d93	srli	x27,x12,0x14	 x12:0x00000000 x27=0x00000000
     448375.000 ns	     44836	80009738	4144d3b3	sra	x7,x9,x20	  x9:0x00000001 x20:0x80041024  x7=0x00000000
     448395.000 ns	     44838	8000973c	02cacbb3	div	x23,x21,x12	 x21:0x00800000 x12:0x00000000 x23=0xffffffff
     448425.000 ns	     44841	80009740	29b411d3	fmax.s	f3,f8,f27	  f8:0xce23c380 f27:0x4b000000  f3=0x4b000000
     448445.000 ns	     44843	80009744	7311a493	slti	x9,x3,1841	  x3:0x00000000  x9=0x00000001
     448465.000 ns	     44845	80009748	0308b6b3	mulhu	x13,x17,x16	 x17:0xffffffff x16:0xfffff4f4 x13=0xfffff4f3
     448485.000 ns	     44847	8000974c	22a87313	andi	x6,x16,554	 x16:0xfffff4f4  x6=0x00000020
     448495.000 ns	     44848	80009750	015d97b3	sll	x15,x27,x21	 x27:0x00000000 x21:0x00800000 x15=0x00000000
     448525.000 ns	     44851	80009754	58020ad3	fsqrt.s	f21,f4	  f4:0x00000000 f21=0x00000000
     448545.000 ns	     44853	80009758	00bd47b3	xor	x15,x26,x11	 x26:0xffffff2e x11:0x00000000 x15=0xffffff2e
     448555.000 ns	     44854	8000975c	667d8813	addi	x16,x27,1639	 x27:0x00000000 x16=0x00000667
     448575.000 ns	     44856	80009760	a0120153	fle.s	x2,f4,f1	  f4:0x00000000  f1:0xdc5e9000  x2=0x00000000
     448595.000 ns	     44858	80009764	e796a993	slti	x19,x13,-391	 x13:0xfffff4f3 x19=0x00000001
     448625.000 ns	     44861	80009768	11c81ed3	fmul.s	f29,f16,f28	 f16:0x7fc00000 f28:0x80041024 f29=0x7fc00000
     448645.000 ns	     44863	8000976c	5aeff713	andi	x14,x31,1454	 x31:0xfffff910 x14=0x00000100
     448685.000 ns	     44867	80009770	013e1fd3	fadd.s	f31,f28,f19	 f28:0x80041024 f19:0x4b000000 f31=0x4b000000
     448715.000 ns	     44870	80009774	02822bb3	mulhsu	x23,x4,x8	  x4:0x00000000  x8:0x80040fe4 x23=0x00000000
     448735.000 ns	     44872	80009778	43f60317	auipc	x6,0x43f60	  x6=0xc3f69778
     448755.000 ns	     44874	8000977c	d005f853	fcvt.s.w	f16,x11	 x11:0x00000000 f16=0x00000000
     449125.000 ns	     44911	80009780	031f71b3	remu	x3,x30,x17	 x30:0x8004120c x17:0xffffffff  x3=0x8004120c
     449155.000 ns	     44914	80009784	a03794d3	flt.s	x9,f15,f3	 f15:0xffffff2e  f3:0x4b000000  x9=0x00000000
     449185.000 ns	     44917	80009788	29d113d3	fmax.s	f7,f2,f29	  f2:0x44b50482 f29:0x7fc00000  f7=0x44b50482
     449525.000 ns	     44951	8000978c	1929f2d3	fdiv.s	f5,f19,f18	 f19:0x4b000000 f18:0x4e23c380  f5=0x3c000000
     449545.000 ns	     44953	80009790	000e2cb3	slt	x25,x28,x0	 x28:0xffffffff  x0:0x00000000 x25=0x00000001
     449555.000 ns	     44954	80009794	00da1893	slli	x17,x20,0xd	 x20:0x80041024 x17=0x82048000
     449565.000 ns	     44955	80009798	003e39b3	sltu	x19,x28,x3	 x28:0xffffffff  x3:0x8004120c x19=0x00000000
     449585.000 ns	     44957	8000979c	a0801653	flt.s	x12,f0,f8	  f0:0xcf570f1e  f8:0xce23c380 x12=0x00000001
     449955.000 ns	     44994	800097a0	03a06eb3	rem	x29,x0,x26	  x0:0x00000000 x26:0xffffff2e x29=0x00000000
     449985.000 ns	     44997	800097a4	a0e6a5d3	feq.s	x11,f13,f14	 f13:0x00000000 f14:0x5c5e9000 x11=0x00000000
     450035.000 ns	     45002	800097a8	00fc9a53	fadd.s	f20,f25,f15	 f25:0x4b000000 f15:0xffffff2e f20=0x7fc00000
     450065.000 ns	     45005	800097ac	a0db28d3	feq.s	x17,f22,f13	 f22:0x7fc00000 f13:0x00000000 x17=0x00000000
     450095.000 ns	     45008	800097b0	c00e7753	fcvt.w.s	x14,f28	 f28:0x80041024 x14=0x00000000
     450115.000 ns	     45010	800097b4	019efbb3	and	x23,x29,x25	 x29:0x00000000 x25:0x00000001 x23=0x00000000
     450125.000 ns	     45011	800097b8	00000013	addi	x0,x0,0	  x0:0x00000000
     450145.000 ns	     45013	800097bc	29971953	fmax.s	f18,f14,f25	 f14:0x5c5e9000 f25:0x4b000000 f18=0x5c5e9000
     450175.000 ns	     45016	800097c0	03892bb3	mulhsu	x23,x18,x24	 x18:0x00000001 x24:0x00000000 x23=0x00000000
     450205.000 ns	     45019	800097c4	e00c08d3	fmv.x.w	x17,f24	 f24:0x7fc00000 x17=0x7fc00000
     450235.000 ns	     45022	800097c8	28941b53	fmax.s	f22,f8,f9	  f8:0xce23c380  f9:0x00000000 f22=0x00000000
     450265.000 ns	     45025	800097cc	29628f53	fmin.s	f30,f5,f22	  f5:0x3c000000 f22:0x7fc00000 f30=0x00000000
     450295.000 ns	     45028	800097d0	a1ef27d3	feq.s	x15,f30,f30	 f30:0x80000000 f30:0x80000000 x15=0x00000001
     450325.000 ns	     45031	800097d4	a0e30ad3	fle.s	x21,f6,f14	  f6:0x4b000000 f14:0x5c5e9000 x21=0x00000001
     450345.000 ns	     45033	800097d8	00333533	sltu	x10,x6,x3	  x6:0xc3f69778  x3:0x8004120c x10=0x00000000
     450365.000 ns	     45035	800097dc	02debcb3	mulhu	x25,x29,x13	 x29:0x00000000 x13:0xfffff4f3 x25=0x00000000
     450385.000 ns	     45037	800097e0	b7556d13	ori	x26,x10,-1163	 x10:0x00000000 x26=0xfffffb75
     450405.000 ns	     45039	800097e4	e0068153	fmv.x.w	x2,f13	 f13:0x00000000  x2=0x00000000
     450425.000 ns	     45041	800097e8	00429fb3	sll	x31,x5,x4	  x5:0x00000000  x4:0x00000000 x31=0x00000000
     450435.000 ns	     45042	800097ec	445c6e13	ori	x28,x24,1093	 x24:0x00000000 x28=0x00000445
     450445.000 ns	     45043	800097f0	3c60c2b7	lui	x5,0x3c60c	  x5=0x3c60c000
     450485.000 ns	     45047	800097f4	08b7fe53	fsub.s	f28,f15,f11	 f15:0xffffff2e f11:0x7f800000 f28=0x7fc00000
     450515.000 ns	     45050	800097f8	d0131653	fcvt.s.wu	f12,x6	  x6:0xc3f69778 f12=0x4f43f697
     450535.000 ns	     45052	800097fc	4040de13	srai	x28,x1,0x4	  x1:0x80000000 x28=0xf8000000
     450545.000 ns	     45053	80009800	00619eb3	sll	x29,x3,x6	  x3:0x8004120c  x6:0xc3f69778 x29=0x0c000000
     450555.000 ns	     45054	80009804	40a20bb3	sub	x23,x4,x10	  x4:0x00000000 x10:0x00000000 x23=0x00000000
     450565.000 ns	     45055	80009808	00c0b7b3	sltu	x15,x1,x12	  x1:0x80000000 x12:0x00000001 x15=0x00000000
     450605.000 ns	     45059	8000980c	0170b053	fadd.s	f0,f1,f23	  f1:0xdc5e9000 f23:0x53cc7e38  f0=0xdc5e8f99
     450635.000 ns	     45062	80009810	c01975d3	fcvt.wu.s	x11,f18	 f18:0x5c5e9000 x11=0xffffffff
     450655.000 ns	     45064	80009814	00fcdd33	srl	x26,x25,x15	 x25:0x00000000 x15:0x00000000 x26=0x00000000
     450675.000 ns	     45066	80009818	031ca633	mulhsu	x12,x25,x17	 x25:0x00000000 x17:0x7fc00000 x12=0x00000000
     450695.000 ns	     45068	8000981c	018739b3	sltu	x19,x14,x24	 x14:0x00000000 x24:0x00000000 x19=0x00000000
     450705.000 ns	     45069	80009820	01ead833	srl	x16,x21,x30	 x21:0x00000001 x30:0x8004120c x16=0x00000000
     451065.000 ns	     45105	80009824	035ac133	div	x2,x21,x21	 x21:0x00000001 x21:0x00000001  x2=0x00000001
     451095.000 ns	     45108	80009828	206da9d3	fsgnjx.s	f19,f27,f6	 f27:0x4b000000  f6:0x4b000000 f19=0x4b000000
     451115.000 ns	     45110	8000982c	412f8033	sub	x0,x31,x18	 x31:0x00000000 x18:0x00000001
     451145.000 ns	     45113	80009830	580e06d3	fsqrt.s	f13,f28	 f28:0x7fc00000 f13=0x7fc00000
     451165.000 ns	     45115	80009834	411adcb3	sra	x25,x21,x17	 x21:0x00000001 x17:0x7fc00000 x25=0x00000001
     451205.000 ns	     45119	80009838	09fd7053	fsub.s	f0,f26,f31	 f26:0x4e23c380 f31:0x4b000000  f0=0x4e21c380
     451235.000 ns	     45122	8000983c	c0047553	fcvt.w.s	x10,f8	  f8:0xce23c380 x10=0x28f0e000
     451265.000 ns	     45125	80009840	28ff85d3	fmin.s	f11,f31,f15	 f31:0x4b000000 f15:0xffffff2e f11=0x4b000000
     451295.000 ns	     45128	80009844	2134add3	fsgnjx.s	f27,f9,f19	  f9:0x00000000 f19:0x4b000000 f27=0x00000000
     451315.000 ns	     45130	80009848	01c246b3	xor	x13,x4,x28	  x4:0x00000000 x28:0xf8000000 x13=0xf8000000
     451355.000 ns	     45134	8000984c	01e41d53	fadd.s	f26,f8,f30	  f8:0xce23c380 f30:0x00000000 f26=0xce23c380
     451375.000 ns	     45136	80009850	6840fb97	auipc	x23,0x6840f	 x23=0xe8418850
     451705.000 ns	     45169	80009854	18b5af53	fdiv.s	f30,f11,f11	 f11:0x4b000000 f11:0x4b000000 f30=0x3f000000
     452075.000 ns	     45206	80009858	0352f733	remu	x14,x5,x21	  x5:0x3c60c000 x21:0x00000001 x14=0x00000000
     452105.000 ns	     45209	8000985c	21291ed3	fsgnjn.s	f29,f18,f18	 f18:0x5c5e9000 f18:0x5c5e9000 f29=0xdc5e9000
     452135.000 ns	     45212	80009860	02e3f633	remu	x12,x7,x14	  x7:0x00000000 x14:0x00000000 x12=0x00000000
     452165.000 ns	     45215	80009864	a0410d53	fle.s	x26,f2,f4	  f2:0x44b50482  f4:0x00000000 x26=0x00000000
     452185.000 ns	     45217	80009868	f21d8013	addi	x0,x27,-223	 x27:0x00000000
     452545.000 ns	     45253	8000986c	039c63b3	rem	x7,x24,x25	 x24:0x00000000 x25:0x00000001  x7=0x00000000
     452575.000 ns	     45256	80009870	c002f5d3	fcvt.w.s	x11,f5	  f5:0x3c000000 x11=0x00000000
     452595.000 ns	     45258	80009874	41578c33	sub	x24,x15,x21	 x15:0x00000000 x21:0x00000001 x24=0xffffffff
     452605.000 ns	     45259	80009878	41048bb3	sub	x23,x9,x16	  x9:0x00000000 x16:0x00000000 x23=0x00000000
     452625.000 ns	     45261	8000987c	29a48753	fmin.s	f14,f9,f26	  f9:0x00000000 f26:0xce23c380 f14=0xce23c380
     452645.000 ns	     45263	80009880	00000013	addi	x0,x0,0	  x0:0x00000000
     452665.000 ns	     45265	80009884	03a0cfb3	div	x31,x1,x26	  x1:0x80000000 x26:0x00000000 x31=0xffffffff
     452695.000 ns	     45268	80009888	29881cd3	fmax.s	f25,f16,f24	 f16:0x00000000 f24:0x7fc00000 f25=0x00000000
     452715.000 ns	     45270	8000988c	37628113	addi	x2,x5,886	  x5:0x3c60c000  x2=0x3c60c376
     452725.000 ns	     45271	80009890	00f336b3	sltu	x13,x6,x15	  x6:0xc3f69778 x15:0x00000000 x13=0x00000000
     452735.000 ns	     45272	80009894	f2a87b13	andi	x22,x16,-214	 x16:0x00000000 x22=0x00000000
     452745.000 ns	     45273	80009898	8d402393	slti	x7,x0,-1836	  x0:0x00000000  x7=0x00000000
     452765.000 ns	     45275	8000989c	02dbd9b3	divu	x19,x23,x13	 x23:0x00000000 x13:0x00000000 x19=0xffffffff
     452785.000 ns	     45277	800098a0	01b05bb3	srl	x23,x0,x27	  x0:0x00000000 x27:0x00000000 x23=0x00000000
     452795.000 ns	     45278	800098a4	01a29613	slli	x12,x5,0x1a	  x5:0x3c60c000 x12=0x00000000
     452815.000 ns	     45280	800098a8	e0008653	fmv.x.w	x12,f1	  f1:0xdc5e9000 x12=0xdc5e9000
     452835.000 ns	     45282	800098ac	00911993	slli	x19,x2,0x9	  x2:0x3c60c376 x19=0xc186ec00
     452855.000 ns	     45284	800098b0	20518ad3	fsgnj.s	f21,f3,f5	  f3:0x4b000000  f5:0x3c000000 f21=0x4b000000
     452875.000 ns	     45286	800098b4	41cf8133	sub	x2,x31,x28	 x31:0xffffffff x28:0xf8000000  x2=0x07ffffff
     452885.000 ns	     45287	800098b8	c65aee97	auipc	x29,0xc65ae	 x29=0x465b78b8
     452905.000 ns	     45289	800098bc	c01d14d3	fcvt.wu.s	x9,f26	 f26:0xce23c380  x9=0x28f0e000
     452925.000 ns	     45291	800098c0	44a74f17	auipc	x30,0x44a74	 x30=0xc4a7d8c0
     452945.000 ns	     45293	800098c4	21ca87d3	fsgnj.s	f15,f21,f28	 f21:0x4b000000 f28:0x7fc00000 f15=0x4b000000
     452975.000 ns	     45296	800098c8	f0040a53	fmv.w.x	f20,x8	  x8:0x80040fe4 f20=0x80040fe4
     453005.000 ns	     45299	800098cc	a0838353	fle.s	x6,f7,f8	  f7:0x44b50482  f8:0xce23c380  x6=0x00000000
     453035.000 ns	     45302	800098d0	29079c53	fmax.s	f24,f15,f16	 f15:0x4b000000 f16:0x00000000 f24=0x4b000000
     453405.000 ns	     45339	800098d4	0339c4b3	div	x9,x19,x19	 x19:0xc186ec00 x19:0xc186ec00  x9=0x00000001
     453425.000 ns	     45341	800098d8	0044dc33	srl	x24,x9,x4	  x9:0x28f0e000  x4:0x00000000 x24=0x00000001
     453445.000 ns	     45343	800098dc	a0be9153	flt.s	x2,f29,f11	 f29:0xdc5e9000 f11:0x4b000000  x2=0x00000001
     453475.000 ns	     45346	800098e0	03563933	mulhu	x18,x12,x21	 x12:0xdc5e9000 x21:0x00000001 x18=0x00000000
     453505.000 ns	     45349	800098e4	a1a79153	flt.s	x2,f15,f26	 f15:0x4b000000 f26:0xce23c380  x2=0x00000000
     453545.000 ns	     45353	800098e8	1834fc53	fdiv.s	f24,f9,f3	  f9:0x00000000  f3:0x4b000000 f24=0x00000000
     453565.000 ns	     45355	800098ec	0af98893	addi	x17,x19,175	 x19:0xc186ec00 x17=0xc186ecaf
     453585.000 ns	     45357	800098f0	a0498c53	fle.s	x24,f19,f4	 f19:0x4b000000  f4:0x00000000 x24=0x00000000
     453615.000 ns	     45360	800098f4	d00e7a53	fcvt.s.w	f20,x28	 x28:0xf8000000 f20=0xcd000000
     454795.000 ns	     45478	800098f8	580f7553	fsqrt.s	f10,f30	 f30:0x3f000000 f10=0x3eb50482
     455165.000 ns	     45515	800098fc	02a9c933	div	x18,x19,x10	 x19:0xc186ec00 x10:0x28f0e000 x18=0xffffffff
     455505.000 ns	     45549	80009900	1910bd53	fdiv.s	f26,f1,f17	  f1:0xdc5e9000 f17:0x80000001 f26=0x7f800000
     455535.000 ns	     45552	80009904	c01df3d3	fcvt.wu.s	x7,f27	 f27:0x00000000  x7=0x00000000
     455565.000 ns	     45555	80009908	281c99d3	fmax.s	f19,f25,f1	 f25:0x00000000  f1:0xdc5e9000 f19=0x00000000
     455585.000 ns	     45557	8000990c	a4ce8613	addi	x12,x29,-1460	 x29:0x465b78b8 x12=0x465b7304
     455595.000 ns	     45558	80009910	579d3bb7	lui	x23,0x579d3	 x23=0x579d3000
     456765.000 ns	     45675	80009914	580ffed3	fsqrt.s	f29,f31	 f31:0x4b000000 f29=0x44b50482
     456785.000 ns	     45677	80009918	41aa81b3	sub	x3,x21,x26	 x21:0x00000001 x26:0x00000000  x3=0x00000001
     456805.000 ns	     45679	8000991c	f00980d3	fmv.w.x	f1,x19	 x19:0xc186ec00  f1=0xc186ec00
     456835.000 ns	     45682	80009920	03a124b3	mulhsu	x9,x2,x26	  x2:0x00000000 x26:0x00000000  x9=0x00000000
     456855.000 ns	     45684	80009924	1d622013	slti	x0,x4,470	  x4:0x00000000
     456875.000 ns	     45686	80009928	a1b803d3	fle.s	x7,f16,f27	 f16:0x00000000 f27:0x00000000  x7=0x00000001
     456895.000 ns	     45688	8000992c	01b78f33	add	x30,x15,x27	 x15:0x00000000 x27:0x00000000 x30=0x00000000
     458065.000 ns	     45805	80009930	580bb8d3	fsqrt.s	f17,f23	 f23:0x53cc7e38 f17=0x49a1c986
     458095.000 ns	     45808	80009934	2106a0d3	fsgnjx.s	f1,f13,f16	 f13:0x7fc00000 f16:0x00000000  f1=0x7fc00000
     458125.000 ns	     45811	80009938	29c31ad3	fmax.s	f21,f6,f28	  f6:0x4b000000 f28:0x7fc00000 f21=0x4b000000
     458495.000 ns	     45848	8000993c	0231e333	rem	x6,x3,x3	  x3:0x00000001  x3:0x00000001  x6=0x00000000
     458515.000 ns	     45850	80009940	2905ddb7	lui	x27,0x2905d	 x27=0x2905d000
     458525.000 ns	     45851	80009944	e0c30793	addi	x15,x6,-500	  x6:0x00000000 x15=0xfffffe0c
     458545.000 ns	     45853	80009948	a1042053	feq.s	x0,f8,f16	  f8:0xce23c380 f16:0x00000000
     458565.000 ns	     45855	8000994c	00000013	addi	x0,x0,0	  x0:0x00000000
     458575.000 ns	     45856	80009950	017af2b3	and	x5,x21,x23	 x21:0x00000001 x23:0x579d3000  x5=0x00000000
     458615.000 ns	     45860	80009954	002096d3	fadd.s	f13,f1,f2	  f1:0x7fc00000  f2:0x44b50482 f13=0x7fc00000
     459795.000 ns	     45978	80009958	58053fd3	fsqrt.s	f31,f10	 f10:0x3eb50482 f31=0x3e9837af
     459825.000 ns	     45981	8000995c	a00598d3	flt.s	x17,f11,f0	 f11:0x4b000000  f0:0x4e21c380 x17=0x00000001
     459845.000 ns	     45983	80009960	01d0d1b3	srl	x3,x1,x29	  x1:0x80000000 x29:0x465b78b8  x3=0x00000080
     460205.000 ns	     46019	80009964	02aad833	divu	x16,x21,x10	 x21:0x00000001 x10:0x28f0e000 x16=0x00000000
     460225.000 ns	     46021	80009968	420f0ab7	lui	x21,0x420f0	 x21=0x420f0000
     460235.000 ns	     46022	8000996c	008f5f93	srli	x31,x30,0x8	 x30:0x00000000 x31=0x00000000
     460275.000 ns	     46026	80009970	097803d3	fsub.s	f7,f16,f23	 f16:0x00000000 f23:0x53cc7e38  f7=0xd3cc7e38
     460305.000 ns	     46029	80009974	d00cf1d3	fcvt.s.w	f3,x25	 x25:0x00000001  f3=0x3f800000
     460335.000 ns	     46032	80009978	21b51e53	fsgnjn.s	f28,f10,f27	 f10:0x3eb50482 f27:0x00000000 f28=0xbeb50482
     460365.000 ns	     46035	8000997c	29c91753	fmax.s	f14,f18,f28	 f18:0x5c5e9000 f28:0x7fc00000 f14=0x5c5e9000
     460385.000 ns	     46037	80009980	00a015b3	sll	x11,x0,x10	  x0:0x00000000 x10:0x28f0e000 x11=0x00000000
     460395.000 ns	     46038	80009984	de1661b7	lui	x3,0xde166	  x3=0xde166000
     460405.000 ns	     46039	80009988	01a6e033	or	x0,x13,x26	 x13:0x00000000 x26:0x00000000
     460415.000 ns	     46040	8000998c	014b5693	srli	x13,x22,0x14	 x22:0x00000000 x13=0x00000000
     460435.000 ns	     46042	80009990	208188d3	fsgnj.s	f17,f3,f8	  f3:0x3f800000  f8:0xce23c380 f17=0xbf800000
     460455.000 ns	     46044	80009994	b879a993	slti	x19,x19,-1145	 x19:0xc186ec00 x19=0x00000001
     460465.000 ns	     46045	80009998	491c7f93	andi	x31,x24,1169	 x24:0x00000000 x31=0x00000000
     460485.000 ns	     46047	8000999c	21641253	fsgnjn.s	f4,f8,f22	  f8:0xce23c380 f22:0x00000000  f4=0xce23c380
     460515.000 ns	     46050	800099a0	c002f1d3	fcvt.w.s	x3,f5	  f5:0x3c000000  x3=0x00000000
     460545.000 ns	     46053	800099a4	21bb9dd3	fsgnjn.s	f27,f23,f27	 f23:0x53cc7e38 f27:0x00000000 f27=0xd3cc7e38
     460575.000 ns	     46056	800099a8	a0d88ad3	fle.s	x21,f17,f13	 f17:0xbf800000 f13:0x7fc00000 x21=0x00000000
     460595.000 ns	     46058	800099ac	f8e1b793	sltiu	x15,x3,-114	  x3:0x00000000 x15=0x00000001
     460615.000 ns	     46060	800099b0	a103a953	feq.s	x18,f7,f16	  f7:0xd3cc7e38 f16:0x00000000 x18=0x00000000
     460645.000 ns	     46063	800099b4	c000fbd3	fcvt.w.s	x23,f1	  f1:0x7fc00000 x23=0x7fffffff
     460675.000 ns	     46066	800099b8	0231fbb3	remu	x23,x3,x3	  x3:0x00000000  x3:0x00000000 x23=0x00000000
     460695.000 ns	     46068	800099bc	e4f47113	andi	x2,x8,-433	  x8:0x80040fe4  x2=0x80040e44
     460705.000 ns	     46069	800099c0	0069ff33	and	x30,x19,x6	 x19:0x00000001  x6:0x00000000 x30=0x00000000
     460715.000 ns	     46070	800099c4	fecf8d93	addi	x27,x31,-20	 x31:0x00000000 x27=0xffffffec
     460725.000 ns	     46071	800099c8	a8ce8b93	addi	x23,x29,-1396	 x29:0x465b78b8 x23=0x465b7344
     460735.000 ns	     46072	800099cc	70fc6613	ori	x12,x24,1807	 x24:0x00000000 x12=0x0000070f
     460755.000 ns	     46074	800099d0	f00b8ed3	fmv.w.x	f29,x23	 x23:0x00000000 f29=0x465b7344
     461935.000 ns	     46192	800099d4	580bc4d3	fsqrt.s	f9,f23	 f23:0x53cc7e38  f9=0x49a1c986
     461965.000 ns	     46195	800099d8	f00f0f53	fmv.w.x	f30,x30	 x30:0x00000000 f30=0x00000000
     461995.000 ns	     46198	800099dc	a1302853	feq.s	x16,f0,f19	  f0:0x4e21c380 f19:0x00000000 x16=0x00000000
     462025.000 ns	     46201	800099e0	c003ab53	fcvt.w.s	x22,f7	  f7:0xd3cc7e38 x22=0x80000000
     462045.000 ns	     46203	800099e4	40e35833	sra	x16,x6,x14	  x6:0x00000000 x14:0x00000000 x16=0x00000000
     462065.000 ns	     46205	800099e8	20de06d3	fsgnj.s	f13,f28,f13	 f28:0xbeb50482 f13:0x7fc00000 f13=0x3eb50482
     462095.000 ns	     46208	800099ec	a1e18253	fle.s	x4,f3,f30	  f3:0x3f800000 f30:0x00000000  x4=0x00000000
     462115.000 ns	     46210	800099f0	00eacab3	xor	x21,x21,x14	 x21:0x00000000 x14:0x00000000 x21=0x00000000
     462135.000 ns	     46212	800099f4	21cf0c53	fsgnj.s	f24,f30,f28	 f30:0x00000000 f28:0xbeb50482 f24=0x80000000
     462155.000 ns	     46214	800099f8	01302bb3	slt	x23,x0,x19	  x0:0x00000000 x19:0x00000001 x23=0x00000001
     462175.000 ns	     46216	800099fc	a0018cd3	fle.s	x25,f3,f0	  f3:0x3f800000  f0:0x4e21c380 x25=0x00000001
     462195.000 ns	     46218	80009a00	0114d9b3	srl	x19,x9,x17	  x9:0x00000000 x17:0x00000001 x19=0x00000000
     462215.000 ns	     46220	80009a04	e00509d3	fmv.x.w	x19,f10	 f10:0x3eb50482 x19=0x3eb50482
     462235.000 ns	     46222	80009a08	009abb33	sltu	x22,x21,x9	 x21:0x00000000  x9:0x00000000 x22=0x00000000
     462245.000 ns	     46223	80009a0c	00000013	addi	x0,x0,0	  x0:0x00000000
     462265.000 ns	     46225	80009a10	a1f2a053	feq.s	x0,f5,f31	  f5:0x3c000000 f31:0x3e9837af
     462295.000 ns	     46228	80009a14	03f58c33	mul	x24,x11,x31	 x11:0x00000000 x31:0x00000000 x24=0x00000000
     462335.000 ns	     46232	80009a18	19c09853	fdiv.s	f16,f1,f28	  f1:0x7fc00000 f28:0xbeb50482 f16=0x7fc00000
     462365.000 ns	     46235	80009a1c	28519153	fmax.s	f2,f3,f5	  f3:0x3f800000  f5:0x3c000000  f2=0x3f800000
     462395.000 ns	     46238	80009a20	29060a53	fmin.s	f20,f12,f16	 f12:0x4f43f697 f16:0x7fc00000 f20=0x4f43f697
     462425.000 ns	     46241	80009a24	02c82533	mulhsu	x10,x16,x12	 x16:0x00000000 x12:0x0000070f x10=0x00000000
     462445.000 ns	     46243	80009a28	00d49c33	sll	x24,x9,x13	  x9:0x00000000 x13:0x00000000 x24=0x00000000
     462455.000 ns	     46244	80009a2c	000a2fb3	slt	x31,x20,x0	 x20:0x80041024  x0:0x00000000 x31=0x00000001
     462465.000 ns	     46245	80009a30	00d84e33	xor	x28,x16,x13	 x16:0x00000000 x13:0x00000000 x28=0x00000000
     462475.000 ns	     46246	80009a34	013eb933	sltu	x18,x29,x19	 x29:0x465b78b8 x19:0x3eb50482 x18=0x00000000
     462485.000 ns	     46247	80009a38	01dd02b3	add	x5,x26,x29	 x26:0x00000000 x29:0x465b78b8  x5=0x465b78b8
     462505.000 ns	     46249	80009a3c	21f88dd3	fsgnj.s	f27,f17,f31	 f17:0xbf800000 f31:0x3e9837af f27=0x3f800000
     462555.000 ns	     46254	80009a40	09a67853	fsub.s	f16,f12,f26	 f12:0x4f43f697 f26:0x7f800000 f16=0xff800000
     462585.000 ns	     46257	80009a44	286c0253	fmin.s	f4,f24,f6	 f24:0x80000000  f6:0x4b000000  f4=0x80000000
     462955.000 ns	     46294	80009a48	034c59b3	divu	x19,x24,x20	 x24:0x00000000 x20:0x80041024 x19=0x00000000
     462975.000 ns	     46296	80009a4c	00c1a033	slt	x0,x3,x12	  x3:0x00000000 x12:0x0000070f
     463005.000 ns	     46299	80009a50	11a51553	fmul.s	f10,f10,f26	 f10:0x3eb50482 f26:0x7f800000 f10=0x7f800000
     463025.000 ns	     46301	80009a54	0078f9b3	and	x19,x17,x7	 x17:0x00000001  x7:0x00000001 x19=0x00000001
     463055.000 ns	     46304	80009a58	108446d3	fmul.s	f13,f8,f8	  f8:0xce23c380  f8:0xce23c380 f13=0x5cd18514
     463075.000 ns	     46306	80009a5c	d5d3bfb7	lui	x31,0xd5d3b	 x31=0xd5d3b000
     463095.000 ns	     46308	80009a60	a0760e53	fle.s	x28,f12,f7	 f12:0x4f43f697  f7:0xd3cc7e38 x28=0x00000000
     463125.000 ns	     46311	80009a64	024ee2b3	rem	x5,x29,x4	 x29:0x465b78b8  x4:0x00000000  x5=0x465b78b8
     463155.000 ns	     46314	80009a68	e00a0f53	fmv.x.w	x30,f20	 f20:0x4f43f697 x30=0x4f43f697
     463175.000 ns	     46316	80009a6c	01ee8d33	add	x26,x29,x30	 x29:0x465b78b8 x30:0x00000000 x26=0x959f6f4f
     463185.000 ns	     46317	80009a70	e4bb7d93	andi	x27,x22,-437	 x22:0x00000000 x27=0x00000000
     463545.000 ns	     46353	80009a74	03a05233	divu	x4,x0,x26	  x0:0x00000000 x26:0x00000000  x4=0x00000000
     463575.000 ns	     46356	80009a78	e0088953	fmv.x.w	x18,f17	 f17:0xbf800000 x18=0xbf800000
     463595.000 ns	     46358	80009a7c	f2807cb7	lui	x25,0xf2807	 x25=0xf2807000
     463625.000 ns	     46361	80009a80	11c5fbd3	fmul.s	f23,f11,f28	 f11:0x4b000000 f28:0xbeb50482 f23=0xca350482
     463645.000 ns	     46363	80009a84	01e463b3	or	x7,x8,x30	  x8:0x80040fe4 x30:0x4f43f697  x7=0xcf47fff7
     463655.000 ns	     46364	80009a88	019b4133	xor	x2,x22,x25	 x22:0x00000000 x25:0xf2807000  x2=0xf2807000
     463675.000 ns	     46366	80009a8c	f00b8853	fmv.w.x	f16,x23	 x23:0x00000001 f16=0x00000001
     463705.000 ns	     46369	80009a90	29129b53	fmax.s	f22,f5,f17	  f5:0x3c000000 f17:0xbf800000 f22=0x3c000000
     463725.000 ns	     46371	80009a94	417d8cb3	sub	x25,x27,x23	 x27:0x00000000 x23:0x00000001 x25=0xffffffff
     463735.000 ns	     46372	80009a98	0110d133	srl	x2,x1,x17	  x1:0x80000000 x17:0x00000001  x2=0x40000000
     463745.000 ns	     46373	80009a9c	fa70f213	andi	x4,x1,-89	  x1:0x80000000  x4=0x80000000
     463765.000 ns	     46375	80009aa0	d01c76d3	fcvt.s.wu	f13,x24	 x24:0x00000000 f13=0x00000000
     463795.000 ns	     46378	80009aa4	f00b8d53	fmv.w.x	f26,x23	 x23:0x00000001 f26=0x00000001
     463825.000 ns	     46381	80009aa8	027b0cb3	mul	x25,x22,x7	 x22:0x00000000  x7:0xcf47fff7 x25=0x00000000
     463855.000 ns	     46384	80009aac	02af6d33	rem	x26,x30,x10	 x30:0x4f43f697 x10:0x00000000 x26=0x4f43f697
     463875.000 ns	     46386	80009ab0	40828f33	sub	x30,x5,x8	  x5:0x465b78b8  x8:0x80040fe4 x30=0xc65768d4
     463895.000 ns	     46388	80009ab4	a09a15d3	flt.s	x11,f20,f9	 f20:0x4f43f697  f9:0x49a1c986 x11=0x00000000
     463925.000 ns	     46391	80009ab8	202cadd3	fsgnjx.s	f27,f25,f2	 f25:0x00000000  f2:0x3f800000 f27=0x00000000
     463945.000 ns	     46393	80009abc	00000013	addi	x0,x0,0	  x0:0x00000000
     463965.000 ns	     46395	80009ac0	0269ae33	mulhsu	x28,x19,x6	 x19:0x00000001  x6:0x00000000 x28=0x00000000
     463995.000 ns	     46398	80009ac4	c01e7753	fcvt.wu.s	x14,f28	 f28:0xbeb50482 x14=0x00000000
     464025.000 ns	     46401	80009ac8	c0181bd3	fcvt.wu.s	x23,f16	 f16:0x00000001 x23=0x00000000
     464045.000 ns	     46403	80009acc	f72d8213	addi	x4,x27,-142	 x27:0x00000000  x4=0xffffff72
     464055.000 ns	     46404	80009ad0	01d70cb3	add	x25,x14,x29	 x14:0x00000000 x29:0x465b78b8 x25=0x465b78b8
     464065.000 ns	     46405	80009ad4	00000013	addi	x0,x0,0	  x0:0x00000000
     464075.000 ns	     46406	80009ad8	00dc38b3	sltu	x17,x24,x13	 x24:0x00000000 x13:0x00000000 x17=0x00000000
     464085.000 ns	     46407	80009adc	755dbf13	sltiu	x30,x27,1877	 x27:0x00000000 x30=0x00000001
     464105.000 ns	     46409	80009ae0	03b0cd33	div	x26,x1,x27	  x1:0x80000000 x27:0x00000000 x26=0xffffffff
     464155.000 ns	     46414	80009ae4	096df8d3	fsub.s	f17,f27,f22	 f27:0x00000000 f22:0x3c000000 f17=0xbc000000
     464185.000 ns	     46417	80009ae8	e00913d3	fclass.s	x7,f18	 f18:0x5c5e9000  x7=0x00000040
     464215.000 ns	     46420	80009aec	038395b3	mulh	x11,x7,x24	  x7:0xcf47fff7 x24:0x00000000 x11=0x00000000
     464245.000 ns	     46423	80009af0	d007bed3	fcvt.s.w	f29,x15	 x15:0x00000001 f29=0x3f800000
     464265.000 ns	     46425	80009af4	40a7d333	sra	x6,x15,x10	 x15:0x00000001 x10:0x00000000  x6=0x00000001
     464285.000 ns	     46427	80009af8	29511753	fmax.s	f14,f2,f21	  f2:0x3f800000 f21:0x4b000000 f14=0x4b000000
     464305.000 ns	     46429	80009afc	00df6eb3	or	x29,x30,x13	 x30:0x00000001 x13:0x00000000 x29=0x00000001
     464315.000 ns	     46430	80009b00	6e36c813	xori	x16,x13,1763	 x13:0x00000000 x16=0x000006e3
     464335.000 ns	     46432	80009b04	033f2633	mulhsu	x12,x30,x19	 x30:0x00000001 x19:0x00000001 x12=0x00000000
     464365.000 ns	     46435	80009b08	d00a1053	fcvt.s.w	f0,x20	 x20:0x80041024  f0=0xcefff7df
     464385.000 ns	     46437	80009b0c	00d91033	sll	x0,x18,x13	 x18:0xbf800000 x13:0x00000000
     464395.000 ns	     46438	80009b10	00000013	addi	x0,x0,0	  x0:0x00000000
     464405.000 ns	     46439	80009b14	417b8933	sub	x18,x23,x23	 x23:0x00000000 x23:0x00000000 x18=0x00000000
     464425.000 ns	     46441	80009b18	0222b733	mulhu	x14,x5,x2	  x5:0x465b78b8  x2:0x40000000 x14=0x1196de2e
     464445.000 ns	     46443	80009b1c	4102d193	srai	x3,x5,0x10	  x5:0x465b78b8  x3=0x0000465b
     464465.000 ns	     46445	80009b20	033e2bb3	mulhsu	x23,x28,x19	 x28:0x00000000 x19:0x00000001 x23=0x00000000
     464495.000 ns	     46448	80009b24	037de3b3	rem	x7,x27,x23	 x27:0x00000000 x23:0x00000000  x7=0x00000000
     464835.000 ns	     46482	80009b28	19a97553	fdiv.s	f10,f18,f26	 f18:0x5c5e9000 f26:0x00000001 f10=0x7f800000
     464855.000 ns	     46484	80009b2c	41a15533	sra	x10,x2,x26	  x2:0x40000000 x26:0xffffffff x10=0x00000000
     464875.000 ns	     46486	80009b30	206ca0d3	fsgnjx.s	f1,f25,f6	 f25:0x00000000  f6:0x4b000000  f1=0x00000000
     464895.000 ns	     46488	80009b34	66653b17	auipc	x22,0x66653	 x22=0xe665cb34
     464905.000 ns	     46489	80009b38	002aab33	slt	x22,x21,x2	 x21:0x00000000  x2:0x40000000 x22=0x00000001
     464925.000 ns	     46491	80009b3c	28168253	fmin.s	f4,f13,f1	 f13:0x00000000  f1:0x00000000  f4=0x00000000
     464945.000 ns	     46493	80009b40	01575193	srli	x3,x14,0x15	 x14:0x1196de2e  x3=0x0000008c
     465305.000 ns	     46529	80009b44	02e94133	div	x2,x18,x14	 x18:0x00000000 x14:0x1196de2e  x2=0x00000000
     465335.000 ns	     46532	80009b48	02e7b5b3	mulhu	x11,x15,x14	 x15:0x00000001 x14:0x1196de2e x11=0x00000000
     465375.000 ns	     46536	80009b4c	58043ad3	fsqrt.s	f21,f8	  f8:0xce23c380 f21=0x7fc00000
     465715.000 ns	     46570	80009b50	18e83d53	fdiv.s	f26,f16,f14	 f16:0x00000001 f14:0x4b000000 f26=0x00000000
     465745.000 ns	     46573	80009b54	28919d53	fmax.s	f26,f3,f9	  f3:0x3f800000  f9:0x49a1c986 f26=0x49a1c986
     465775.000 ns	     46576	80009b58	03500333	mul	x6,x0,x21	  x0:0x00000000 x21:0x00000000  x6=0x00000000
     465805.000 ns	     46579	80009b5c	c01f7ed3	fcvt.wu.s	x29,f30	 f30:0x00000000 x29=0x00000000
     465835.000 ns	     46582	80009b60	a1072cd3	feq.s	x25,f14,f16	 f14:0x4b000000 f16:0x00000001 x25=0x00000000
     466175.000 ns	     46616	80009b64	18f1bbd3	fdiv.s	f23,f3,f15	  f3:0x3f800000 f15:0x4b000000 f23=0x33800000
     466195.000 ns	     46618	80009b68	c286bd93	sltiu	x27,x13,-984	 x13:0x00000000 x27=0x00000001
     466205.000 ns	     46619	80009b6c	0160bb33	sltu	x22,x1,x22	  x1:0x80000000 x22:0x00000001 x22=0x00000000
     466215.000 ns	     46620	80009b70	40e15593	srai	x11,x2,0xe	  x2:0x00000000 x11=0x00000000
     466235.000 ns	     46622	80009b74	02042933	mulhsu	x18,x8,x0	  x8:0x80040fe4  x0:0x00000000 x18=0x00000000
     466575.000 ns	     46656	80009b78	19014cd3	fdiv.s	f25,f2,f16	  f2:0x3f800000 f16:0x00000001 f25=0x7e34b4b6
     466595.000 ns	     46658	80009b7c	014d5d13	srli	x26,x26,0x14	 x26:0xffffffff x26=0x00000fff
     466615.000 ns	     46660	80009b80	02461933	mulh	x18,x12,x4	 x12:0x00000000  x4:0xffffff72 x18=0x00000000
     466645.000 ns	     46663	80009b84	03d708b3	mul	x17,x14,x29	 x14:0x1196de2e x29:0x00000000 x17=0x00000000
     466665.000 ns	     46665	80009b88	00e59d13	slli	x26,x11,0xe	 x11:0x00000000 x26=0x00000000
     466685.000 ns	     46667	80009b8c	031ed9b3	divu	x19,x29,x17	 x29:0x00000000 x17:0x00000000 x19=0xffffffff
     466705.000 ns	     46669	80009b90	411cdb13	srai	x22,x25,0x11	 x25:0x00000000 x22=0x00000000
     466715.000 ns	     46670	80009b94	000ecfb3	xor	x31,x29,x0	 x29:0x00000000  x0:0x00000000 x31=0x00000000
     466725.000 ns	     46671	80009b98	48bfb613	sltiu	x12,x31,1163	 x31:0xd5d3b000 x12=0x00000001
     466755.000 ns	     46674	80009b9c	11549ed3	fmul.s	f29,f9,f21	  f9:0x49a1c986 f21:0x7fc00000 f29=0x7fc00000
     466785.000 ns	     46677	80009ba0	f0028f53	fmv.w.x	f30,x5	  x5:0x465b78b8 f30=0x465b78b8
     466805.000 ns	     46679	80009ba4	09ba0613	addi	x12,x20,155	 x20:0x80041024 x12=0x800410bf
     466825.000 ns	     46681	80009ba8	d00c7fd3	fcvt.s.w	f31,x24	 x24:0x00000000 f31=0x00000000
     466865.000 ns	     46685	80009bac	104071d3	fmul.s	f3,f0,f4	  f0:0xcefff7df  f4:0x00000000  f3=0x80000000
     466895.000 ns	     46688	80009bb0	212990d3	fsgnjn.s	f1,f19,f18	 f19:0x00000000 f18:0x5c5e9000  f1=0x80000000
     466915.000 ns	     46690	80009bb4	41f95913	srai	x18,x18,0x1f	 x18:0x00000000 x18=0x00000000
     466935.000 ns	     46692	80009bb8	209c9753	fsgnjn.s	f14,f25,f9	 f25:0x7e34b4b6  f9:0x49a1c986 f14=0xfe34b4b6
     468115.000 ns	     46810	80009bbc	5807f653	fsqrt.s	f12,f15	 f15:0x4b000000 f12=0x44b50482
     468135.000 ns	     46812	80009bc0	a4ed0c93	addi	x25,x26,-1458	 x26:0x00000000 x25=0xfffffa4e
     468175.000 ns	     46816	80009bc4	08878253	fsub.s	f4,f15,f8	 f15:0x4b000000  f8:0xce23c380  f4=0x4e25c380
     468205.000 ns	     46819	80009bc8	c0107e53	fcvt.wu.s	x28,f0	  f0:0xcefff7df x28=0x7ffbef80
     468235.000 ns	     46822	80009bcc	20ab99d3	fsgnjn.s	f19,f23,f10	 f23:0x33800000 f10:0x7f800000 f19=0xb3800000
     468265.000 ns	     46825	80009bd0	f00d0953	fmv.w.x	f18,x26	 x26:0x00000000 f18=0x00000000
     468285.000 ns	     46827	80009bd4	0014ab33	slt	x22,x9,x1	  x9:0x00000000  x1:0x80000000 x22=0x00000000
     468305.000 ns	     46829	80009bd8	28138053	fmin.s	f0,f7,f1	  f7:0xd3cc7e38  f1:0x80000000  f0=0xd3cc7e38
     468335.000 ns	     46832	80009bdc	02a1dd33	divu	x26,x3,x10	  x3:0x0000008c x10:0x00000000 x26=0xffffffff
     468375.000 ns	     46836	80009be0	1143c5d3	fmul.s	f11,f7,f20	  f7:0xd3cc7e38 f20:0x4f43f697 f11=0xe39c891f
     468405.000 ns	     46839	80009be4	037417b3	mulh	x15,x8,x23	  x8:0x80040fe4 x23:0x00000000 x15=0x00000000
     468425.000 ns	     46841	80009be8	f5534113	xori	x2,x6,-171	  x6:0x00000000  x2=0xffffff55
     468435.000 ns	     46842	80009bec	01902fb3	slt	x31,x0,x25	  x0:0x00000000 x25:0xfffffa4e x31=0x00000000
     468455.000 ns	     46844	80009bf0	a1a10253	fle.s	x4,f2,f26	  f2:0x3f800000 f26:0x49a1c986  x4=0x00000001
     468825.000 ns	     46881	80009bf4	03ea63b3	rem	x7,x20,x30	 x20:0x80041024 x30:0x00000001  x7=0x00000000
     468865.000 ns	     46885	80009bf8	10c391d3	fmul.s	f3,f7,f12	  f7:0xd3cc7e38 f12:0x44b50482  f3=0xd91098d7
     468915.000 ns	     46890	80009bfc	01b37cd3	fadd.s	f25,f6,f27	  f6:0x4b000000 f27:0x00000000 f25=0x4b000000
     468935.000 ns	     46892	80009c00	0154a233	slt	x4,x9,x21	  x9:0x00000000 x21:0x00000000  x4=0x00000000
     468955.000 ns	     46894	80009c04	a17083d3	fle.s	x7,f1,f23	  f1:0x80000000 f23:0x33800000  x7=0x00000001
     468975.000 ns	     46896	80009c08	6d4bf537	lui	x10,0x6d4bf	 x10=0x6d4bf000
     468995.000 ns	     46898	80009c0c	0323b2b3	mulhu	x5,x7,x18	  x7:0x00000001 x18:0x00000000  x5=0x00000000
     469025.000 ns	     46901	80009c10	28f480d3	fmin.s	f1,f9,f15	  f9:0x49a1c986 f15:0x4b000000  f1=0x49a1c986
     469045.000 ns	     46903	80009c14	8c633213	sltiu	x4,x6,-1850	  x6:0x00000000  x4=0x00000001
     469065.000 ns	     46905	80009c18	21230653	fsgnj.s	f12,f6,f18	  f6:0x4b000000 f18:0x00000000 f12=0x4b000000
     469105.000 ns	     46909	80009c1c	10c6fcd3	fmul.s	f25,f13,f12	 f13:0x00000000 f12:0x44b50482 f25=0x00000000
     469135.000 ns	     46912	80009c20	03f74db3	div	x27,x14,x31	 x14:0x1196de2e x31:0x00000000 x27=0xffffffff
     469155.000 ns	     46914	80009c24	01d93233	sltu	x4,x18,x29	 x18:0x00000000 x29:0x00000000  x4=0x00000000
     469165.000 ns	     46915	80009c28	d8abab13	slti	x22,x23,-630	 x23:0x00000000 x22=0x00000000
     469185.000 ns	     46917	80009c2c	a17b07d3	fle.s	x15,f22,f23	 f22:0x3c000000 f23:0x33800000 x15=0x00000000
     469205.000 ns	     46919	80009c30	41485e33	sra	x28,x16,x20	 x16:0x000006e3 x20:0x80041024 x28=0x0000006e
     469225.000 ns	     46921	80009c34	d016fb53	fcvt.s.wu	f22,x13	 x13:0x00000000 f22=0x00000000
     469245.000 ns	     46923	80009c38	35cd8613	addi	x12,x27,860	 x27:0xffffffff x12=0x0000035b
     469575.000 ns	     46956	80009c3c	1899f1d3	fdiv.s	f3,f19,f9	 f19:0xb3800000  f9:0x49a1c986  f3=0xa9000000
     469595.000 ns	     46958	80009c40	409ad593	srai	x11,x21,0x9	 x21:0x00000000 x11=0x00000000
     469615.000 ns	     46960	80009c44	03601bb3	mulh	x23,x0,x22	  x0:0x00000000 x22:0x00000000 x23=0x00000000
     469635.000 ns	     46962	80009c48	7c808993	addi	x19,x1,1992	  x1:0x80000000 x19=0x800007c8
     469655.000 ns	     46964	80009c4c	c0163ad3	fcvt.wu.s	x21,f12	 f12:0x4b000000 x21=0x00800000
     469675.000 ns	     46966	80009c50	01bbbfb3	sltu	x31,x23,x27	 x23:0x00000000 x27:0xffffffff x31=0x00000001
     469695.000 ns	     46968	80009c54	03dec2b3	div	x5,x29,x29	 x29:0x00000000 x29:0x00000000  x5=0xffffffff
     469745.000 ns	     46973	80009c58	09bf95d3	fsub.s	f11,f31,f27	 f31:0x00000000 f27:0x00000000 f11=0x80000000
     469765.000 ns	     46975	80009c5c	010acdb3	xor	x27,x21,x16	 x21:0x00800000 x16:0x000006e3 x27=0x008006e3
     469775.000 ns	     46976	80009c60	419f5c93	srai	x25,x30,0x19	 x30:0x00000001 x25=0x00000000
     469785.000 ns	     46977	80009c64	75989397	auipc	x7,0x75989	  x7=0xf5992c64
     469795.000 ns	     46978	80009c68	117c0293	addi	x5,x24,279	 x24:0x00000000  x5=0x00000117
     469805.000 ns	     46979	80009c6c	01125213	srli	x4,x4,0x11	  x4:0x00000000  x4=0x00000000
     469825.000 ns	     46981	80009c70	036514b3	mulh	x9,x10,x22	 x10:0x6d4bf000 x22:0x00000000  x9=0x00000000
     469855.000 ns	     46984	80009c74	21782c53	fsgnjx.s	f24,f16,f23	 f16:0x00000001 f23:0x33800000 f24=0x00000001
     469875.000 ns	     46986	80009c78	41975c93	srai	x25,x14,0x19	 x14:0x1196de2e x25=0x00000008
     469895.000 ns	     46988	80009c7c	02ea2333	mulhsu	x6,x20,x14	 x20:0x80041024 x14:0x1196de2e  x6=0xf734d860
     469915.000 ns	     46990	80009c80	00f412b3	sll	x5,x8,x15	  x8:0x80040fe4 x15:0x00000000  x5=0x80040fe4
     469935.000 ns	     46992	80009c84	c0027853	fcvt.w.s	x16,f4	  f4:0x4e25c380 x16=0x2970e000
     469955.000 ns	     46994	80009c88	f8e52293	slti	x5,x10,-114	 x10:0x6d4bf000  x5=0x00000000
     469965.000 ns	     46995	80009c8c	412fdab3	sra	x21,x31,x18	 x31:0x00000001 x18:0x00000000 x21=0x00000001
     469985.000 ns	     46997	80009c90	29e60953	fmin.s	f18,f12,f30	 f12:0x4b000000 f30:0x465b78b8 f18=0x465b78b8
     470355.000 ns	     47034	80009c94	022a68b3	rem	x17,x20,x2	 x20:0x80041024  x2:0xffffff55 x17=0xffffff82
     470385.000 ns	     47037	80009c98	20c92e53	fsgnjx.s	f28,f18,f12	 f18:0x465b78b8 f12:0x4b000000 f28=0x465b78b8
     470405.000 ns	     47039	80009c9c	4051d6b3	sra	x13,x3,x5	  x3:0x0000008c  x5:0x00000000 x13=0x0000008c
     471575.000 ns	     47156	80009ca0	580c7c53	fsqrt.s	f24,f24	 f24:0x00000001 f24=0x1f350483
     471605.000 ns	     47159	80009ca4	20210f53	fsgnj.s	f30,f2,f2	  f2:0x3f800000  f2:0x3f800000 f30=0x3f800000
     471635.000 ns	     47162	80009ca8	28d902d3	fmin.s	f5,f18,f13	 f18:0x465b78b8 f13:0x00000000  f5=0x00000000
     471665.000 ns	     47165	80009cac	d003bad3	fcvt.s.w	f21,x7	  x7:0xf5992c64 f21=0xcd266d3a
     471705.000 ns	     47169	80009cb0	18e5c5d3	fdiv.s	f11,f11,f14	 f11:0x80000000 f14:0xfe34b4b6 f11=0x00000000
     471725.000 ns	     47171	80009cb4	01e39333	sll	x6,x7,x30	  x7:0xf5992c64 x30:0x00000001  x6=0xeb3258c8
     471745.000 ns	     47173	80009cb8	217f8753	fsgnj.s	f14,f31,f23	 f31:0x00000000 f23:0x33800000 f14=0x00000000
     471775.000 ns	     47176	80009cbc	0270b1b3	mulhu	x3,x1,x7	  x1:0x80000000  x7:0xf5992c64  x3=0x7acc9632
     471795.000 ns	     47178	80009cc0	002a9cb3	sll	x25,x21,x2	 x21:0x00000001  x2:0xffffff55 x25=0x00200000
     471825.000 ns	     47181	80009cc4	5802ffd3	fsqrt.s	f31,f5	  f5:0x00000000 f31=0x00000000
     471875.000 ns	     47186	80009cc8	01ac9a53	fadd.s	f20,f25,f26	 f25:0x00000000 f26:0x49a1c986 f20=0x49a1c986
     471895.000 ns	     47188	80009ccc	00321193	slli	x3,x4,0x3	  x4:0x00000000  x3=0x00000000
     472255.000 ns	     47224	80009cd0	03bfd133	divu	x2,x31,x27	 x31:0x00000001 x27:0x008006e3  x2=0x00000000
     472275.000 ns	     47226	80009cd4	00985f93	srli	x31,x16,0x9	 x16:0x2970e000 x31=0x0014b870
     472295.000 ns	     47228	80009cd8	e00c07d3	fmv.x.w	x15,f24	 f24:0x1f350483 x15=0x1f350483
     472315.000 ns	     47230	80009cdc	52aec913	xori	x18,x29,1322	 x29:0x00000000 x18=0x0000052a
     473485.000 ns	     47347	80009ce0	580a75d3	fsqrt.s	f11,f20	 f20:0x49a1c986 f11=0x448fe79c
     473505.000 ns	     47349	80009ce4	01fbbb33	sltu	x22,x23,x31	 x23:0x00000000 x31:0x0014b870 x22=0x00000001
     473525.000 ns	     47351	80009ce8	021401b3	mul	x3,x8,x1	  x8:0x80040fe4  x1:0x80000000  x3=0x00000000
     473555.000 ns	     47354	80009cec	c0147353	fcvt.wu.s	x6,f8	  f8:0xce23c380  x6=0x28f0e000
     473575.000 ns	     47356	80009cf0	00116333	or	x6,x2,x1	  x2:0x00000000  x1:0x80000000  x6=0x80000000
     473595.000 ns	     47358	80009cf4	a1aead53	feq.s	x26,f29,f26	 f29:0x7fc00000 f26:0x49a1c986 x26=0x00000000
     473635.000 ns	     47362	80009cf8	118524d3	fmul.s	f9,f10,f24	 f10:0x7f800000 f24:0x1f350483  f9=0x7f800000
     473655.000 ns	     47364	80009cfc	416b5493	srai	x9,x22,0x16	 x22:0x00000001  x9=0x00000000
     473675.000 ns	     47366	80009d00	02f80d33	mul	x26,x16,x15	 x16:0x2970e000 x15:0x1f350483 x26=0x5842a000
     473695.000 ns	     47368	80009d04	0115eeb3	or	x29,x11,x17	 x11:0x00000000 x17:0xffffff82 x29=0xffffff82
     473705.000 ns	     47369	80009d08	01a1d293	srli	x5,x3,0x1a	  x3:0x00000000  x5=0x00000000
     473715.000 ns	     47370	80009d0c	56906293	ori	x5,x0,1385	  x0:0x00000000  x5=0x00000569
     473735.000 ns	     47372	80009d10	a00419d3	flt.s	x19,f8,f0	  f8:0xce23c380  f0:0xd3cc7e38 x19=0x00000000
     473765.000 ns	     47375	80009d14	032f8133	mul	x2,x31,x18	 x31:0x0014b870 x18:0x0000052a  x2=0x6b007260
     473785.000 ns	     47377	80009d18	b8cf2493	slti	x9,x30,-1140	 x30:0x00000001  x9=0x00000000
     473795.000 ns	     47378	80009d1c	01e00e33	add	x28,x0,x30	  x0:0x00000000 x30:0x00000001 x28=0x00000001
     473805.000 ns	     47379	80009d20	53425017	auipc	x0,0x53425	
     473815.000 ns	     47380	80009d24	01545f13	srli	x30,x8,0x15	  x8:0x80040fe4 x30=0x00000400
     473825.000 ns	     47381	80009d28	002313b3	sll	x7,x6,x2	  x6:0x80000000  x2:0x6b007260  x7=0x80000000
     473845.000 ns	     47383	80009d2c	21b521d3	fsgnjx.s	f3,f10,f27	 f10:0x7f800000 f27:0x00000000  f3=0x7f800000
     473865.000 ns	     47385	80009d30	01fa8533	add	x10,x21,x31	 x21:0x00000001 x31:0x0014b870 x10=0x0014b871
     474225.000 ns	     47421	80009d34	02d8fb33	remu	x22,x17,x13	 x17:0xffffff82 x13:0x0000008c x22=0x00000082
     474255.000 ns	     47424	80009d38	031316b3	mulh	x13,x6,x17	  x6:0x80000000 x17:0xffffff82 x13=0x0000003f
     474285.000 ns	     47427	80009d3c	029eb6b3	mulhu	x13,x29,x9	 x29:0xffffff82  x9:0x00000000 x13=0x00000000
     474305.000 ns	     47429	80009d40	00e05313	srli	x6,x0,0xe	  x0:0x00000000  x6=0x00000000
     474315.000 ns	     47430	80009d44	011d9013	slli	x0,x27,0x11	 x27:0x008006e3
     474325.000 ns	     47431	80009d48	f5bcac13	slti	x24,x25,-165	 x25:0x00200000 x24=0x00000000
     474365.000 ns	     47435	80009d4c	00309353	fadd.s	f6,f1,f3	  f1:0x49a1c986  f3:0x7f800000  f6=0x7f800000
     474735.000 ns	     47472	80009d50	03d85bb3	divu	x23,x16,x29	 x16:0x2970e000 x29:0xffffff82 x23=0x00000000
     474755.000 ns	     47474	80009d54	00af9313	slli	x6,x31,0xa	 x31:0x0014b870  x6=0x52e1c000
     474765.000 ns	     47475	80009d58	91e47e93	andi	x29,x8,-1762	  x8:0x80040fe4 x29=0x80040904
     474775.000 ns	     47476	80009d5c	29f1c213	xori	x4,x3,671	  x3:0x00000000  x4=0x0000029f
     474785.000 ns	     47477	80009d60	407358b3	sra	x17,x6,x7	  x6:0x52e1c000  x7:0x80000000 x17=0x52e1c000
     474805.000 ns	     47479	80009d64	d01f71d3	fcvt.s.wu	f3,x30	 x30:0x00000400  f3=0x44800000
     474855.000 ns	     47484	80009d68	086ef9d3	fsub.s	f19,f29,f6	 f29:0x7fc00000  f6:0x7f800000 f19=0x7fc00000
     474885.000 ns	     47487	80009d6c	a16a2753	feq.s	x14,f20,f22	 f20:0x49a1c986 f22:0x00000000 x14=0x00000000
     475255.000 ns	     47524	80009d70	03b24533	div	x10,x4,x27	  x4:0x0000029f x27:0x008006e3 x10=0x00000000
     475275.000 ns	     47526	80009d74	5b91cc93	xori	x25,x3,1465	  x3:0x00000000 x25=0x000005b9
     475285.000 ns	     47527	80009d78	60c48397	auipc	x7,0x60c48	  x7=0xe0c51d78
     475305.000 ns	     47529	80009d7c	28231ad3	fmax.s	f21,f6,f2	  f6:0x7f800000  f2:0x3f800000 f21=0x7f800000
     475335.000 ns	     47532	80009d80	c00499d3	fcvt.w.s	x19,f9	  f9:0x7f800000 x19=0x7fffffff
     475365.000 ns	     47535	80009d84	c0084753	fcvt.w.s	x14,f16	 f16:0x00000001 x14=0x00000000
     475385.000 ns	     47537	80009d88	d01cf293	andi	x5,x25,-767	 x25:0x000005b9  x5=0x00000501
     475395.000 ns	     47538	80009d8c	41a75d93	srai	x27,x14,0x1a	 x14:0x00000000 x27=0x00000000
     475415.000 ns	     47540	80009d90	a01727d3	feq.s	x15,f14,f1	 f14:0x00000000  f1:0x49a1c986 x15=0x00000000
     475435.000 ns	     47542	80009d94	0142bfb3	sltu	x31,x5,x20	  x5:0x00000501 x20:0x80041024 x31=0x00000001
     475445.000 ns	     47543	80009d98	00fc9e93	slli	x29,x25,0xf	 x25:0x000005b9 x29=0x02dc8000
     475455.000 ns	     47544	80009d9c	41ff5613	srai	x12,x30,0x1f	 x30:0x00000400 x12=0x00000000
     475465.000 ns	     47545	80009da0	402bd193	srai	x3,x23,0x2	 x23:0x00000000  x3=0x00000000
     475485.000 ns	     47547	80009da4	023d7e33	remu	x28,x26,x3	 x26:0x5842a000  x3:0x00000000 x28=0x5842a000
     475505.000 ns	     47549	80009da8	01f68933	add	x18,x13,x31	 x13:0x00000000 x31:0x00000001 x18=0x00000001
     475525.000 ns	     47551	80009dac	29fa8a53	fmin.s	f20,f21,f31	 f21:0x7f800000 f31:0x00000000 f20=0x00000000
     475545.000 ns	     47553	80009db0	00f55993	srli	x19,x10,0xf	 x10:0x00000000 x19=0x00000000
     475565.000 ns	     47555	80009db4	0316bd33	mulhu	x26,x13,x17	 x13:0x00000000 x17:0x52e1c000 x26=0x00000000
     475595.000 ns	     47558	80009db8	21738ed3	fsgnj.s	f29,f7,f23	  f7:0xd3cc7e38 f23:0x33800000 f29=0x53cc7e38
     475615.000 ns	     47560	80009dbc	537f2293	slti	x5,x30,1335	 x30:0x00000400  x5=0x00000001
     475625.000 ns	     47561	80009dc0	006c61b3	or	x3,x24,x6	 x24:0x00000000  x6:0x52e1c000  x3=0x52e1c000
     475645.000 ns	     47563	80009dc4	020532b3	mulhu	x5,x10,x0	 x10:0x00000000  x0:0x00000000  x5=0x00000000
     475675.000 ns	     47566	80009dc8	02b809b3	mul	x19,x16,x11	 x16:0x2970e000 x11:0x00000000 x19=0x00000000
     475695.000 ns	     47568	80009dcc	00000013	addi	x0,x0,0	  x0:0x00000000
     475705.000 ns	     47569	80009dd0	003615b3	sll	x11,x12,x3	 x12:0x00000000  x3:0x52e1c000 x11=0x00000000
     476065.000 ns	     47605	80009dd4	0281d3b3	divu	x7,x3,x8	  x3:0x52e1c000  x8:0x80040fe4  x7=0x00000000
     476095.000 ns	     47608	80009dd8	a1f89253	flt.s	x4,f17,f31	 f17:0xbc000000 f31:0x00000000  x4=0x00000001
     477275.000 ns	     47726	80009ddc	5800fc53	fsqrt.s	f24,f1	  f1:0x49a1c986 f24=0x448fe79c
     477295.000 ns	     47728	80009de0	001af833	and	x16,x21,x1	 x21:0x00000001  x1:0x80000000 x16=0x00000000
     477305.000 ns	     47729	80009de4	88370f97	auipc	x31,0x88370	 x31=0x08379de4
     477325.000 ns	     47731	80009de8	038327b3	mulhsu	x15,x6,x24	  x6:0x52e1c000 x24:0x00000000 x15=0x00000000
     477345.000 ns	     47733	80009dec	41c2d333	sra	x6,x5,x28	  x5:0x00000000 x28:0x5842a000  x6=0x00000000
     477365.000 ns	     47735	80009df0	f0078353	fmv.w.x	f6,x15	 x15:0x00000000  f6=0x00000000
     477405.000 ns	     47739	80009df4	10bc7f53	fmul.s	f30,f24,f11	 f24:0x448fe79c f11:0x448fe79c f30=0x49a1c924
     477435.000 ns	     47742	80009df8	a1e01f53	flt.s	x30,f0,f30	  f0:0xd3cc7e38 f30:0x3f800000 x30=0x00000001
     477465.000 ns	     47745	80009dfc	206da953	fsgnjx.s	f18,f27,f6	 f27:0x00000000  f6:0x00000000 f18=0x00000000
     477495.000 ns	     47748	80009e00	20f4af53	fsgnjx.s	f30,f9,f15	  f9:0x7f800000 f15:0x4b000000 f30=0x7f800000
     477515.000 ns	     47750	80009e04	257bfc13	andi	x24,x23,599	 x23:0x00000000 x24=0x00000000
     477525.000 ns	     47751	80009e08	003479b3	and	x19,x8,x3	  x8:0x80040fe4  x3:0x52e1c000 x19=0x00000000
     477535.000 ns	     47752	80009e0c	e7cba517	auipc	x10,0xe7cba	 x10=0x67cc3e0c
     477555.000 ns	     47754	80009e10	e0000153	fmv.x.w	x2,f0	  f0:0xd3cc7e38  x2=0xd3cc7e38
     477585.000 ns	     47757	80009e14	02fefdb3	remu	x27,x29,x15	 x29:0x02dc8000 x15:0x00000000 x27=0x02dc8000
     477605.000 ns	     47759	80009e18	00fe4bb3	xor	x23,x28,x15	 x28:0x5842a000 x15:0x00000000 x23=0x5842a000
     477615.000 ns	     47760	80009e1c	f7af7993	andi	x19,x30,-134	 x30:0x00000001 x19=0x00000000
     477655.000 ns	     47764	80009e20	090926d3	fsub.s	f13,f18,f16	 f18:0x00000000 f16:0x00000001 f13=0x80000001
     477675.000 ns	     47766	80009e24	00391f13	slli	x30,x18,0x3	 x18:0x00000001 x30=0x00000008
     477695.000 ns	     47768	80009e28	c00873d3	fcvt.w.s	x7,f16	 f16:0x00000001  x7=0x00000000
     477725.000 ns	     47771	80009e2c	f0000fd3	fmv.w.x	f31,x0	  x0:0x00000000 f31=0x00000000
     477775.000 ns	     47776	80009e30	0902a2d3	fsub.s	f5,f5,f16	  f5:0x00000000 f16:0x00000001  f5=0x80000001
     477805.000 ns	     47779	80009e34	027173b3	remu	x7,x2,x7	  x2:0xd3cc7e38  x7:0x00000000  x7=0xd3cc7e38
     477825.000 ns	     47781	80009e38	40e1dab3	sra	x21,x3,x14	  x3:0x52e1c000 x14:0x00000000 x21=0x52e1c000
     477835.000 ns	     47782	80009e3c	019f2db3	slt	x27,x30,x25	 x30:0x00000008 x25:0x000005b9 x27=0x00000001
     477845.000 ns	     47783	80009e40	012505b3	add	x11,x10,x18	 x10:0x67cc3e0c x18:0x00000001 x11=0x67cc3e0d
     477865.000 ns	     47785	80009e44	29c902d3	fmin.s	f5,f18,f28	 f18:0x00000000 f28:0x465b78b8  f5=0x00000000
     477895.000 ns	     47788	80009e48	0232a133	mulhsu	x2,x5,x3	  x5:0x00000000  x3:0x52e1c000  x2=0x00000000
     477915.000 ns	     47790	80009e4c	00c9e4b3	or	x9,x19,x12	 x19:0x00000000 x12:0x00000000  x9=0x00000000
     477935.000 ns	     47792	80009e50	e00b1653	fclass.s	x12,f22	 f22:0x00000000 x12=0x00000010
     477955.000 ns	     47794	80009e54	60378e17	auipc	x28,0x60378	 x28=0xe0381e54
     478315.000 ns	     47830	80009e58	028dd633	divu	x12,x27,x8	 x27:0x00000001  x8:0x80040fe4 x12=0x00000000
     478335.000 ns	     47832	80009e5c	0180aeb3	slt	x29,x1,x24	  x1:0x80000000 x24:0x00000000 x29=0x00000001
     478355.000 ns	     47834	80009e60	f0000f53	fmv.w.x	f30,x0	  x0:0x00000000 f30=0x00000000
     478385.000 ns	     47837	80009e64	d01b2953	fcvt.s.wu	f18,x22	 x22:0x00000082 f18=0x43020000
     478405.000 ns	     47839	80009e68	01c0aeb3	slt	x29,x1,x28	  x1:0x80000000 x28:0xe0381e54 x29=0x00000001
     478425.000 ns	     47841	80009e6c	0300d333	divu	x6,x1,x16	  x1:0x80000000 x16:0x00000000  x6=0xffffffff
     478475.000 ns	     47846	80009e70	081e9d53	fsub.s	f26,f29,f1	 f29:0x53cc7e38  f1:0x49a1c986 f26=0x53cc7e2d
     478525.000 ns	     47851	80009e74	0962a3d3	fsub.s	f7,f5,f22	  f5:0x00000000 f22:0x00000000  f7=0x80000000
     478545.000 ns	     47853	80009e78	909e0137	lui	x2,0x909e0	  x2=0x909e0000
     478565.000 ns	     47855	80009e7c	f0020ed3	fmv.w.x	f29,x4	  x4:0x00000001 f29=0x00000001
     478585.000 ns	     47857	80009e80	db1d7493	andi	x9,x26,-591	 x26:0x00000000  x9=0x00000000
     478595.000 ns	     47858	80009e84	013b5d13	srli	x26,x22,0x13	 x22:0x00000082 x26=0x00000000
     478635.000 ns	     47862	80009e88	095198d3	fsub.s	f17,f3,f21	  f3:0x44800000 f21:0x7f800000 f17=0xff800000
     478665.000 ns	     47865	80009e8c	201126d3	fsgnjx.s	f13,f2,f1	  f2:0x3f800000  f1:0x49a1c986 f13=0x3f800000
     478695.000 ns	     47868	80009e90	20b39a53	fsgnjn.s	f20,f7,f11	  f7:0x80000000 f11:0x448fe79c f20=0x80000000
     478725.000 ns	     47871	80009e94	c00d79d3	fcvt.w.s	x19,f26	 f26:0x53cc7e2d x19=0x7fffffff
     478745.000 ns	     47873	80009e98	00dc8f33	add	x30,x25,x13	 x25:0x000005b9 x13:0x00000000 x30=0x000005b9
     478765.000 ns	     47875	80009e9c	e00c9553	fclass.s	x10,f25	 f25:0x00000000 x10=0x00000010
     479135.000 ns	     47912	80009ea0	0392e9b3	rem	x19,x5,x25	  x5:0x00000000 x25:0x000005b9 x19=0x00000000
     479165.000 ns	     47915	80009ea4	20029fd3	fsgnjn.s	f31,f5,f0	  f5:0x00000000  f0:0xd3cc7e38 f31=0x00000000
     479195.000 ns	     47918	80009ea8	28540dd3	fmin.s	f27,f8,f5	  f8:0xce23c380  f5:0x00000000 f27=0xce23c380
     479225.000 ns	     47921	80009eac	0267ae33	mulhsu	x28,x15,x6	 x15:0x00000000  x6:0xffffffff x28=0x00000000
     479245.000 ns	     47923	80009eb0	01140f33	add	x30,x8,x17	  x8:0x80040fe4 x17:0x52e1c000 x30=0xd2e5cfe4
     479255.000 ns	     47924	80009eb4	408e56b3	sra	x13,x28,x8	 x28:0x00000000  x8:0x80040fe4 x13=0x00000000
     479265.000 ns	     47925	80009eb8	00000097	auipc	x1,0x0	  x1=0x80009eb8
     479275.000 ns	     47926	80009ebc	00c08093	addi	x1,x1,12	  x1:0x80000000  x1=0x80009ec4
     479285.000 ns	     47927	80009ec0	00008067	jalr	x0,x1,0	  x1:0x80000000
     479335.000 ns	     47932	80009ec4	00100193	addi	x3,x0,1	  x0:0x00000000  x3=0x00000001
     479345.000 ns	     47933	80009ec8	00000073	ecall	
     479355.000 ns	     47934	80009ecc	00036f17	auipc	x30,0x36	 x30=0x8003fecc
     479365.000 ns	     47935	80009ed0	123f2a23	sw	x3,308(x30)	 x30:0xd2e5cfe4  x3:0x00000001 PA:0xxxxxxxxx
     479385.000 ns	     47937	80009ed4	ff9ff06f	jal	x0,80009ed0	
     479435.000 ns	     47942	80009ecc	00036f17	auipc	x30,0x36	 x30=0x8003fecc
     479445.000 ns	     47943	80009ed0	123f2a23	sw	x3,308(x30)	 x30:0x8003fecc  x3:0x00000001 PA:0xxxxxxxxx
     479465.000 ns	     47945	80009ed4	ff9ff06f	jal	x0,80009ed0	
     479515.000 ns	     47950	80009ecc	00036f17	auipc	x30,0x36	 x30=0x8003fecc
     479525.000 ns	     47951	80009ed0	123f2a23	sw	x3,308(x30)	 x30:0x8003fecc  x3:0x00000001 PA:0xxxxxxxxx
     479545.000 ns	     47953	80009ed4	ff9ff06f	jal	x0,80009ed0	
     479595.000 ns	     47958	80009ecc	00036f17	auipc	x30,0x36	 x30=0x8003fecc
     479605.000 ns	     47959	80009ed0	123f2a23	sw	x3,308(x30)	 x30:0x8003fecc  x3:0x00000001 PA:0xxxxxxxxx
     479625.000 ns	     47961	80009ed4	ff9ff06f	jal	x0,80009ed0	
     479675.000 ns	     47966	80009ecc	00036f17	auipc	x30,0x36	 x30=0x8003fecc
     479685.000 ns	     47967	80009ed0	123f2a23	sw	x3,308(x30)	 x30:0x8003fecc  x3:0x00000001 PA:0xxxxxxxxx
     479705.000 ns	     47969	80009ed4	ff9ff06f	jal	x0,80009ed0	
     479755.000 ns	     47974	80009ecc	00036f17	auipc	x30,0x36	 x30=0x8003fecc
     479765.000 ns	     47975	80009ed0	123f2a23	sw	x3,308(x30)	 x30:0x8003fecc  x3:0x00000001 PA:0xxxxxxxxx
     479785.000 ns	     47977	80009ed4	ff9ff06f	jal	x0,80009ed0	
     479835.000 ns	     47982	80009ecc	00036f17	auipc	x30,0x36	 x30=0x8003fecc
     479845.000 ns	     47983	80009ed0	123f2a23	sw	x3,308(x30)	 x30:0x8003fecc  x3:0x00000001 PA:0xxxxxxxxx
     479865.000 ns	     47985	80009ed4	ff9ff06f	jal	x0,80009ed0	
     479915.000 ns	     47990	80009ecc	00036f17	auipc	x30,0x36	 x30=0x8003fecc
     479925.000 ns	     47991	80009ed0	123f2a23	sw	x3,308(x30)	 x30:0x8003fecc  x3:0x00000001 PA:0xxxxxxxxx
     479945.000 ns	     47993	80009ed4	ff9ff06f	jal	x0,80009ed0	
     479995.000 ns	     47998	80009ecc	00036f17	auipc	x30,0x36	 x30=0x8003fecc
     480005.000 ns	     47999	80009ed0	123f2a23	sw	x3,308(x30)	 x30:0x8003fecc  x3:0x00000001 PA:0xxxxxxxxx
     480025.000 ns	     48001	80009ed4	ff9ff06f	jal	x0,80009ed0	
     480075.000 ns	     48006	80009ecc	00036f17	auipc	x30,0x36	 x30=0x8003fecc
     480085.000 ns	     48007	80009ed0	123f2a23	sw	x3,308(x30)	 x30:0x8003fecc  x3:0x00000001 PA:0xxxxxxxxx
     480105.000 ns	     48009	80009ed4	ff9ff06f	jal	x0,80009ed0	
     480155.000 ns	     48014	80009ecc	00036f17	auipc	x30,0x36	 x30=0x8003fecc
     480165.000 ns	     48015	80009ed0	123f2a23	sw	x3,308(x30)	 x30:0x8003fecc  x3:0x00000001 PA:0xxxxxxxxx
     480185.000 ns	     48017	80009ed4	ff9ff06f	jal	x0,80009ed0	
     480235.000 ns	     48022	80009ecc	00036f17	auipc	x30,0x36	 x30=0x8003fecc
     480245.000 ns	     48023	80009ed0	123f2a23	sw	x3,308(x30)	 x30:0x8003fecc  x3:0x00000001 PA:0xxxxxxxxx
     480265.000 ns	     48025	80009ed4	ff9ff06f	jal	x0,80009ed0	
     480315.000 ns	     48030	80009ecc	00036f17	auipc	x30,0x36	 x30=0x8003fecc
     480325.000 ns	     48031	80009ed0	123f2a23	sw	x3,308(x30)	 x30:0x8003fecc  x3:0x00000001 PA:0xxxxxxxxx
     480345.000 ns	     48033	80009ed4	ff9ff06f	jal	x0,80009ed0	
     480395.000 ns	     48038	80009ecc	00036f17	auipc	x30,0x36	 x30=0x8003fecc
     480405.000 ns	     48039	80009ed0	123f2a23	sw	x3,308(x30)	 x30:0x8003fecc  x3:0x00000001 PA:0xxxxxxxxx
     480425.000 ns	     48041	80009ed4	ff9ff06f	jal	x0,80009ed0	
     480475.000 ns	     48046	80009ecc	00036f17	auipc	x30,0x36	 x30=0x8003fecc
     480485.000 ns	     48047	80009ed0	123f2a23	sw	x3,308(x30)	 x30:0x8003fecc  x3:0x00000001 PA:0xxxxxxxxx
     480505.000 ns	     48049	80009ed4	ff9ff06f	jal	x0,80009ed0	
     480555.000 ns	     48054	80009ecc	00036f17	auipc	x30,0x36	 x30=0x8003fecc
     480565.000 ns	     48055	80009ed0	123f2a23	sw	x3,308(x30)	 x30:0x8003fecc  x3:0x00000001 PA:0xxxxxxxxx
     480585.000 ns	     48057	80009ed4	ff9ff06f	jal	x0,80009ed0	
     480635.000 ns	     48062	80009ecc	00036f17	auipc	x30,0x36	 x30=0x8003fecc
     480645.000 ns	     48063	80009ed0	123f2a23	sw	x3,308(x30)	 x30:0x8003fecc  x3:0x00000001 PA:0xxxxxxxxx
     480665.000 ns	     48065	80009ed4	ff9ff06f	jal	x0,80009ed0	
     480715.000 ns	     48070	80009ecc	00036f17	auipc	x30,0x36	 x30=0x8003fecc
     480725.000 ns	     48071	80009ed0	123f2a23	sw	x3,308(x30)	 x30:0x8003fecc  x3:0x00000001 PA:0xxxxxxxxx
     480745.000 ns	     48073	80009ed4	ff9ff06f	jal	x0,80009ed0	
     480795.000 ns	     48078	80009ecc	00036f17	auipc	x30,0x36	 x30=0x8003fecc
     480805.000 ns	     48079	80009ed0	123f2a23	sw	x3,308(x30)	 x30:0x8003fecc  x3:0x00000001 PA:0xxxxxxxxx
     480825.000 ns	     48081	80009ed4	ff9ff06f	jal	x0,80009ed0	
     480875.000 ns	     48086	80009ecc	00036f17	auipc	x30,0x36	 x30=0x8003fecc
     480885.000 ns	     48087	80009ed0	123f2a23	sw	x3,308(x30)	 x30:0x8003fecc  x3:0x00000001 PA:0xxxxxxxxx
     480905.000 ns	     48089	80009ed4	ff9ff06f	jal	x0,80009ed0	
     480955.000 ns	     48094	80009ecc	00036f17	auipc	x30,0x36	 x30=0x8003fecc
     480965.000 ns	     48095	80009ed0	123f2a23	sw	x3,308(x30)	 x30:0x8003fecc  x3:0x00000001 PA:0xxxxxxxxx
     480985.000 ns	     48097	80009ed4	ff9ff06f	jal	x0,80009ed0	
     481035.000 ns	     48102	80009ecc	00036f17	auipc	x30,0x36	 x30=0x8003fecc
     481045.000 ns	     48103	80009ed0	123f2a23	sw	x3,308(x30)	 x30:0x8003fecc  x3:0x00000001 PA:0xxxxxxxxx
     481065.000 ns	     48105	80009ed4	ff9ff06f	jal	x0,80009ed0	
     481115.000 ns	     48110	80009ecc	00036f17	auipc	x30,0x36	 x30=0x8003fecc
     481125.000 ns	     48111	80009ed0	123f2a23	sw	x3,308(x30)	 x30:0x8003fecc  x3:0x00000001 PA:0xxxxxxxxx
     481145.000 ns	     48113	80009ed4	ff9ff06f	jal	x0,80009ed0	
     481195.000 ns	     48118	80009ecc	00036f17	auipc	x30,0x36	 x30=0x8003fecc
     481205.000 ns	     48119	80009ed0	123f2a23	sw	x3,308(x30)	 x30:0x8003fecc  x3:0x00000001 PA:0xxxxxxxxx
     481225.000 ns	     48121	80009ed4	ff9ff06f	jal	x0,80009ed0	
     481275.000 ns	     48126	80009ecc	00036f17	auipc	x30,0x36	 x30=0x8003fecc
     481285.000 ns	     48127	80009ed0	123f2a23	sw	x3,308(x30)	 x30:0x8003fecc  x3:0x00000001 PA:0xxxxxxxxx
     481305.000 ns	     48129	80009ed4	ff9ff06f	jal	x0,80009ed0	
     481355.000 ns	     48134	80009ecc	00036f17	auipc	x30,0x36	 x30=0x8003fecc
     481365.000 ns	     48135	80009ed0	123f2a23	sw	x3,308(x30)	 x30:0x8003fecc  x3:0x00000001 PA:0xxxxxxxxx
     481385.000 ns	     48137	80009ed4	ff9ff06f	jal	x0,80009ed0	
     481435.000 ns	     48142	80009ecc	00036f17	auipc	x30,0x36	 x30=0x8003fecc
     481445.000 ns	     48143	80009ed0	123f2a23	sw	x3,308(x30)	 x30:0x8003fecc  x3:0x00000001 PA:0xxxxxxxxx
     481465.000 ns	     48145	80009ed4	ff9ff06f	jal	x0,80009ed0	
     481515.000 ns	     48150	80009ecc	00036f17	auipc	x30,0x36	 x30=0x8003fecc
     481525.000 ns	     48151	80009ed0	123f2a23	sw	x3,308(x30)	 x30:0x8003fecc  x3:0x00000001 PA:0xxxxxxxxx
     481545.000 ns	     48153	80009ed4	ff9ff06f	jal	x0,80009ed0	
     481595.000 ns	     48158	80009ecc	00036f17	auipc	x30,0x36	 x30=0x8003fecc
     481605.000 ns	     48159	80009ed0	123f2a23	sw	x3,308(x30)	 x30:0x8003fecc  x3:0x00000001 PA:0xxxxxxxxx
     481625.000 ns	     48161	80009ed4	ff9ff06f	jal	x0,80009ed0	
     481675.000 ns	     48166	80009ecc	00036f17	auipc	x30,0x36	 x30=0x8003fecc
     481685.000 ns	     48167	80009ed0	123f2a23	sw	x3,308(x30)	 x30:0x8003fecc  x3:0x00000001 PA:0xxxxxxxxx
     481705.000 ns	     48169	80009ed4	ff9ff06f	jal	x0,80009ed0	
     481755.000 ns	     48174	80009ecc	00036f17	auipc	x30,0x36	 x30=0x8003fecc
     481765.000 ns	     48175	80009ed0	123f2a23	sw	x3,308(x30)	 x30:0x8003fecc  x3:0x00000001 PA:0xxxxxxxxx
     481785.000 ns	     48177	80009ed4	ff9ff06f	jal	x0,80009ed0	
     481835.000 ns	     48182	80009ecc	00036f17	auipc	x30,0x36	 x30=0x8003fecc
     481845.000 ns	     48183	80009ed0	123f2a23	sw	x3,308(x30)	 x30:0x8003fecc  x3:0x00000001 PA:0xxxxxxxxx
     481865.000 ns	     48185	80009ed4	ff9ff06f	jal	x0,80009ed0	
     481915.000 ns	     48190	80009ecc	00036f17	auipc	x30,0x36	 x30=0x8003fecc
     481925.000 ns	     48191	80009ed0	123f2a23	sw	x3,308(x30)	 x30:0x8003fecc  x3:0x00000001 PA:0xxxxxxxxx
     481945.000 ns	     48193	80009ed4	ff9ff06f	jal	x0,80009ed0	
     481995.000 ns	     48198	80009ecc	00036f17	auipc	x30,0x36	 x30=0x8003fecc
     482005.000 ns	     48199	80009ed0	123f2a23	sw	x3,308(x30)	 x30:0x8003fecc  x3:0x00000001 PA:0xxxxxxxxx
     482025.000 ns	     48201	80009ed4	ff9ff06f	jal	x0,80009ed0	
     482075.000 ns	     48206	80009ecc	00036f17	auipc	x30,0x36	 x30=0x8003fecc
     482085.000 ns	     48207	80009ed0	123f2a23	sw	x3,308(x30)	 x30:0x8003fecc  x3:0x00000001 PA:0xxxxxxxxx
     482105.000 ns	     48209	80009ed4	ff9ff06f	jal	x0,80009ed0	
     482155.000 ns	     48214	80009ecc	00036f17	auipc	x30,0x36	 x30=0x8003fecc
     482165.000 ns	     48215	80009ed0	123f2a23	sw	x3,308(x30)	 x30:0x8003fecc  x3:0x00000001 PA:0xxxxxxxxx
     482185.000 ns	     48217	80009ed4	ff9ff06f	jal	x0,80009ed0	
     482235.000 ns	     48222	80009ecc	00036f17	auipc	x30,0x36	 x30=0x8003fecc
     482245.000 ns	     48223	80009ed0	123f2a23	sw	x3,308(x30)	 x30:0x8003fecc  x3:0x00000001 PA:0xxxxxxxxx
     482265.000 ns	     48225	80009ed4	ff9ff06f	jal	x0,80009ed0	
     482315.000 ns	     48230	80009ecc	00036f17	auipc	x30,0x36	 x30=0x8003fecc
     482325.000 ns	     48231	80009ed0	123f2a23	sw	x3,308(x30)	 x30:0x8003fecc  x3:0x00000001 PA:0xxxxxxxxx
     482345.000 ns	     48233	80009ed4	ff9ff06f	jal	x0,80009ed0	
     482395.000 ns	     48238	80009ecc	00036f17	auipc	x30,0x36	 x30=0x8003fecc
     482405.000 ns	     48239	80009ed0	123f2a23	sw	x3,308(x30)	 x30:0x8003fecc  x3:0x00000001 PA:0xxxxxxxxx
     482425.000 ns	     48241	80009ed4	ff9ff06f	jal	x0,80009ed0	
     482475.000 ns	     48246	80009ecc	00036f17	auipc	x30,0x36	 x30=0x8003fecc
     482485.000 ns	     48247	80009ed0	123f2a23	sw	x3,308(x30)	 x30:0x8003fecc  x3:0x00000001 PA:0xxxxxxxxx
     482505.000 ns	     48249	80009ed4	ff9ff06f	jal	x0,80009ed0	
     482555.000 ns	     48254	80009ecc	00036f17	auipc	x30,0x36	 x30=0x8003fecc
     482565.000 ns	     48255	80009ed0	123f2a23	sw	x3,308(x30)	 x30:0x8003fecc  x3:0x00000001 PA:0xxxxxxxxx
     482585.000 ns	     48257	80009ed4	ff9ff06f	jal	x0,80009ed0	
     482635.000 ns	     48262	80009ecc	00036f17	auipc	x30,0x36	 x30=0x8003fecc
     482645.000 ns	     48263	80009ed0	123f2a23	sw	x3,308(x30)	 x30:0x8003fecc  x3:0x00000001 PA:0xxxxxxxxx
     482665.000 ns	     48265	80009ed4	ff9ff06f	jal	x0,80009ed0	
     482715.000 ns	     48270	80009ecc	00036f17	auipc	x30,0x36	 x30=0x8003fecc
     482725.000 ns	     48271	80009ed0	123f2a23	sw	x3,308(x30)	 x30:0x8003fecc  x3:0x00000001 PA:0xxxxxxxxx
     482745.000 ns	     48273	80009ed4	ff9ff06f	jal	x0,80009ed0	
     482795.000 ns	     48278	80009ecc	00036f17	auipc	x30,0x36	 x30=0x8003fecc
     482805.000 ns	     48279	80009ed0	123f2a23	sw	x3,308(x30)	 x30:0x8003fecc  x3:0x00000001 PA:0xxxxxxxxx
     482825.000 ns	     48281	80009ed4	ff9ff06f	jal	x0,80009ed0	
     482875.000 ns	     48286	80009ecc	00036f17	auipc	x30,0x36	 x30=0x8003fecc
     482885.000 ns	     48287	80009ed0	123f2a23	sw	x3,308(x30)	 x30:0x8003fecc  x3:0x00000001 PA:0xxxxxxxxx
     482905.000 ns	     48289	80009ed4	ff9ff06f	jal	x0,80009ed0	
     482955.000 ns	     48294	80009ecc	00036f17	auipc	x30,0x36	 x30=0x8003fecc
     482965.000 ns	     48295	80009ed0	123f2a23	sw	x3,308(x30)	 x30:0x8003fecc  x3:0x00000001 PA:0xxxxxxxxx
     482985.000 ns	     48297	80009ed4	ff9ff06f	jal	x0,80009ed0	
     483035.000 ns	     48302	80009ecc	00036f17	auipc	x30,0x36	 x30=0x8003fecc
     483045.000 ns	     48303	80009ed0	123f2a23	sw	x3,308(x30)	 x30:0x8003fecc  x3:0x00000001 PA:0xxxxxxxxx
     483065.000 ns	     48305	80009ed4	ff9ff06f	jal	x0,80009ed0	
     483115.000 ns	     48310	80009ecc	00036f17	auipc	x30,0x36	 x30=0x8003fecc
     483125.000 ns	     48311	80009ed0	123f2a23	sw	x3,308(x30)	 x30:0x8003fecc  x3:0x00000001 PA:0xxxxxxxxx
     483145.000 ns	     48313	80009ed4	ff9ff06f	jal	x0,80009ed0	
     483195.000 ns	     48318	80009ecc	00036f17	auipc	x30,0x36	 x30=0x8003fecc
     483205.000 ns	     48319	80009ed0	123f2a23	sw	x3,308(x30)	 x30:0x8003fecc  x3:0x00000001 PA:0xxxxxxxxx
     483225.000 ns	     48321	80009ed4	ff9ff06f	jal	x0,80009ed0	
     483275.000 ns	     48326	80009ecc	00036f17	auipc	x30,0x36	 x30=0x8003fecc
     483285.000 ns	     48327	80009ed0	123f2a23	sw	x3,308(x30)	 x30:0x8003fecc  x3:0x00000001 PA:0xxxxxxxxx
     483305.000 ns	     48329	80009ed4	ff9ff06f	jal	x0,80009ed0	
     483355.000 ns	     48334	80009ecc	00036f17	auipc	x30,0x36	 x30=0x8003fecc
     483365.000 ns	     48335	80009ed0	123f2a23	sw	x3,308(x30)	 x30:0x8003fecc  x3:0x00000001 PA:0xxxxxxxxx
     483385.000 ns	     48337	80009ed4	ff9ff06f	jal	x0,80009ed0	
     483435.000 ns	     48342	80009ecc	00036f17	auipc	x30,0x36	 x30=0x8003fecc
     483445.000 ns	     48343	80009ed0	123f2a23	sw	x3,308(x30)	 x30:0x8003fecc  x3:0x00000001 PA:0xxxxxxxxx
     483465.000 ns	     48345	80009ed4	ff9ff06f	jal	x0,80009ed0	
     483515.000 ns	     48350	80009ecc	00036f17	auipc	x30,0x36	 x30=0x8003fecc
     483525.000 ns	     48351	80009ed0	123f2a23	sw	x3,308(x30)	 x30:0x8003fecc  x3:0x00000001 PA:0xxxxxxxxx
     483545.000 ns	     48353	80009ed4	ff9ff06f	jal	x0,80009ed0	
     483595.000 ns	     48358	80009ecc	00036f17	auipc	x30,0x36	 x30=0x8003fecc
     483605.000 ns	     48359	80009ed0	123f2a23	sw	x3,308(x30)	 x30:0x8003fecc  x3:0x00000001 PA:0xxxxxxxxx
     483625.000 ns	     48361	80009ed4	ff9ff06f	jal	x0,80009ed0	
     483675.000 ns	     48366	80009ecc	00036f17	auipc	x30,0x36	 x30=0x8003fecc
     483685.000 ns	     48367	80009ed0	123f2a23	sw	x3,308(x30)	 x30:0x8003fecc  x3:0x00000001 PA:0xxxxxxxxx
     483705.000 ns	     48369	80009ed4	ff9ff06f	jal	x0,80009ed0	
     483755.000 ns	     48374	80009ecc	00036f17	auipc	x30,0x36	 x30=0x8003fecc
     483765.000 ns	     48375	80009ed0	123f2a23	sw	x3,308(x30)	 x30:0x8003fecc  x3:0x00000001 PA:0xxxxxxxxx
     483785.000 ns	     48377	80009ed4	ff9ff06f	jal	x0,80009ed0	
     483835.000 ns	     48382	80009ecc	00036f17	auipc	x30,0x36	 x30=0x8003fecc
     483845.000 ns	     48383	80009ed0	123f2a23	sw	x3,308(x30)	 x30:0x8003fecc  x3:0x00000001 PA:0xxxxxxxxx
     483865.000 ns	     48385	80009ed4	ff9ff06f	jal	x0,80009ed0	
     483915.000 ns	     48390	80009ecc	00036f17	auipc	x30,0x36	 x30=0x8003fecc
     483925.000 ns	     48391	80009ed0	123f2a23	sw	x3,308(x30)	 x30:0x8003fecc  x3:0x00000001 PA:0xxxxxxxxx
     483945.000 ns	     48393	80009ed4	ff9ff06f	jal	x0,80009ed0	
     483995.000 ns	     48398	80009ecc	00036f17	auipc	x30,0x36	 x30=0x8003fecc
     484005.000 ns	     48399	80009ed0	123f2a23	sw	x3,308(x30)	 x30:0x8003fecc  x3:0x00000001 PA:0xxxxxxxxx
     484025.000 ns	     48401	80009ed4	ff9ff06f	jal	x0,80009ed0	
     484075.000 ns	     48406	80009ecc	00036f17	auipc	x30,0x36	 x30=0x8003fecc
     484085.000 ns	     48407	80009ed0	123f2a23	sw	x3,308(x30)	 x30:0x8003fecc  x3:0x00000001 PA:0xxxxxxxxx
     484105.000 ns	     48409	80009ed4	ff9ff06f	jal	x0,80009ed0	
     484155.000 ns	     48414	80009ecc	00036f17	auipc	x30,0x36	 x30=0x8003fecc
     484165.000 ns	     48415	80009ed0	123f2a23	sw	x3,308(x30)	 x30:0x8003fecc  x3:0x00000001 PA:0xxxxxxxxx
     484185.000 ns	     48417	80009ed4	ff9ff06f	jal	x0,80009ed0	
     484235.000 ns	     48422	80009ecc	00036f17	auipc	x30,0x36	 x30=0x8003fecc
     484245.000 ns	     48423	80009ed0	123f2a23	sw	x3,308(x30)	 x30:0x8003fecc  x3:0x00000001 PA:0xxxxxxxxx
     484265.000 ns	     48425	80009ed4	ff9ff06f	jal	x0,80009ed0	
     484315.000 ns	     48430	80009ecc	00036f17	auipc	x30,0x36	 x30=0x8003fecc
     484325.000 ns	     48431	80009ed0	123f2a23	sw	x3,308(x30)	 x30:0x8003fecc  x3:0x00000001 PA:0xxxxxxxxx
     484345.000 ns	     48433	80009ed4	ff9ff06f	jal	x0,80009ed0	
     484395.000 ns	     48438	80009ecc	00036f17	auipc	x30,0x36	 x30=0x8003fecc
     484405.000 ns	     48439	80009ed0	123f2a23	sw	x3,308(x30)	 x30:0x8003fecc  x3:0x00000001 PA:0xxxxxxxxx
     484425.000 ns	     48441	80009ed4	ff9ff06f	jal	x0,80009ed0	
     484475.000 ns	     48446	80009ecc	00036f17	auipc	x30,0x36	 x30=0x8003fecc
     484485.000 ns	     48447	80009ed0	123f2a23	sw	x3,308(x30)	 x30:0x8003fecc  x3:0x00000001 PA:0xxxxxxxxx
     484505.000 ns	     48449	80009ed4	ff9ff06f	jal	x0,80009ed0	
     484555.000 ns	     48454	80009ecc	00036f17	auipc	x30,0x36	 x30=0x8003fecc
     484565.000 ns	     48455	80009ed0	123f2a23	sw	x3,308(x30)	 x30:0x8003fecc  x3:0x00000001 PA:0xxxxxxxxx
     484585.000 ns	     48457	80009ed4	ff9ff06f	jal	x0,80009ed0	
     484635.000 ns	     48462	80009ecc	00036f17	auipc	x30,0x36	 x30=0x8003fecc
     484645.000 ns	     48463	80009ed0	123f2a23	sw	x3,308(x30)	 x30:0x8003fecc  x3:0x00000001 PA:0xxxxxxxxx
     484665.000 ns	     48465	80009ed4	ff9ff06f	jal	x0,80009ed0	
     484715.000 ns	     48470	80009ecc	00036f17	auipc	x30,0x36	 x30=0x8003fecc
     484725.000 ns	     48471	80009ed0	123f2a23	sw	x3,308(x30)	 x30:0x8003fecc  x3:0x00000001 PA:0xxxxxxxxx
     484745.000 ns	     48473	80009ed4	ff9ff06f	jal	x0,80009ed0	
     484795.000 ns	     48478	80009ecc	00036f17	auipc	x30,0x36	 x30=0x8003fecc
     484805.000 ns	     48479	80009ed0	123f2a23	sw	x3,308(x30)	 x30:0x8003fecc  x3:0x00000001 PA:0xxxxxxxxx
     484825.000 ns	     48481	80009ed4	ff9ff06f	jal	x0,80009ed0	
     484875.000 ns	     48486	80009ecc	00036f17	auipc	x30,0x36	 x30=0x8003fecc
     484885.000 ns	     48487	80009ed0	123f2a23	sw	x3,308(x30)	 x30:0x8003fecc  x3:0x00000001 PA:0xxxxxxxxx
     484905.000 ns	     48489	80009ed4	ff9ff06f	jal	x0,80009ed0	
     484955.000 ns	     48494	80009ecc	00036f17	auipc	x30,0x36	 x30=0x8003fecc
     484965.000 ns	     48495	80009ed0	123f2a23	sw	x3,308(x30)	 x30:0x8003fecc  x3:0x00000001 PA:0xxxxxxxxx
     484985.000 ns	     48497	80009ed4	ff9ff06f	jal	x0,80009ed0	
     485035.000 ns	     48502	80009ecc	00036f17	auipc	x30,0x36	 x30=0x8003fecc
     485045.000 ns	     48503	80009ed0	123f2a23	sw	x3,308(x30)	 x30:0x8003fecc  x3:0x00000001 PA:0xxxxxxxxx
     485065.000 ns	     48505	80009ed4	ff9ff06f	jal	x0,80009ed0	
     485115.000 ns	     48510	80009ecc	00036f17	auipc	x30,0x36	 x30=0x8003fecc
     485125.000 ns	     48511	80009ed0	123f2a23	sw	x3,308(x30)	 x30:0x8003fecc  x3:0x00000001 PA:0xxxxxxxxx
     485145.000 ns	     48513	80009ed4	ff9ff06f	jal	x0,80009ed0	
     485195.000 ns	     48518	80009ecc	00036f17	auipc	x30,0x36	 x30=0x8003fecc
     485205.000 ns	     48519	80009ed0	123f2a23	sw	x3,308(x30)	 x30:0x8003fecc  x3:0x00000001 PA:0xxxxxxxxx
     485225.000 ns	     48521	80009ed4	ff9ff06f	jal	x0,80009ed0	
     485275.000 ns	     48526	80009ecc	00036f17	auipc	x30,0x36	 x30=0x8003fecc
     485285.000 ns	     48527	80009ed0	123f2a23	sw	x3,308(x30)	 x30:0x8003fecc  x3:0x00000001 PA:0xxxxxxxxx
     485305.000 ns	     48529	80009ed4	ff9ff06f	jal	x0,80009ed0	
     485355.000 ns	     48534	80009ecc	00036f17	auipc	x30,0x36	 x30=0x8003fecc
     485365.000 ns	     48535	80009ed0	123f2a23	sw	x3,308(x30)	 x30:0x8003fecc  x3:0x00000001 PA:0xxxxxxxxx
     485385.000 ns	     48537	80009ed4	ff9ff06f	jal	x0,80009ed0	
     485435.000 ns	     48542	80009ecc	00036f17	auipc	x30,0x36	 x30=0x8003fecc
     485445.000 ns	     48543	80009ed0	123f2a23	sw	x3,308(x30)	 x30:0x8003fecc  x3:0x00000001 PA:0xxxxxxxxx
     485465.000 ns	     48545	80009ed4	ff9ff06f	jal	x0,80009ed0	
     485515.000 ns	     48550	80009ecc	00036f17	auipc	x30,0x36	 x30=0x8003fecc
     485525.000 ns	     48551	80009ed0	123f2a23	sw	x3,308(x30)	 x30:0x8003fecc  x3:0x00000001 PA:0xxxxxxxxx
     485545.000 ns	     48553	80009ed4	ff9ff06f	jal	x0,80009ed0	
     485595.000 ns	     48558	80009ecc	00036f17	auipc	x30,0x36	 x30=0x8003fecc
     485605.000 ns	     48559	80009ed0	123f2a23	sw	x3,308(x30)	 x30:0x8003fecc  x3:0x00000001 PA:0xxxxxxxxx
     485625.000 ns	     48561	80009ed4	ff9ff06f	jal	x0,80009ed0	
     485675.000 ns	     48566	80009ecc	00036f17	auipc	x30,0x36	 x30=0x8003fecc
     485685.000 ns	     48567	80009ed0	123f2a23	sw	x3,308(x30)	 x30:0x8003fecc  x3:0x00000001 PA:0xxxxxxxxx
     485705.000 ns	     48569	80009ed4	ff9ff06f	jal	x0,80009ed0	
     485755.000 ns	     48574	80009ecc	00036f17	auipc	x30,0x36	 x30=0x8003fecc
     485765.000 ns	     48575	80009ed0	123f2a23	sw	x3,308(x30)	 x30:0x8003fecc  x3:0x00000001 PA:0xxxxxxxxx
     485785.000 ns	     48577	80009ed4	ff9ff06f	jal	x0,80009ed0	
     485835.000 ns	     48582	80009ecc	00036f17	auipc	x30,0x36	 x30=0x8003fecc
     485845.000 ns	     48583	80009ed0	123f2a23	sw	x3,308(x30)	 x30:0x8003fecc  x3:0x00000001 PA:0xxxxxxxxx
     485865.000 ns	     48585	80009ed4	ff9ff06f	jal	x0,80009ed0	
     485915.000 ns	     48590	80009ecc	00036f17	auipc	x30,0x36	 x30=0x8003fecc
     485925.000 ns	     48591	80009ed0	123f2a23	sw	x3,308(x30)	 x30:0x8003fecc  x3:0x00000001 PA:0xxxxxxxxx
     485945.000 ns	     48593	80009ed4	ff9ff06f	jal	x0,80009ed0	
     485995.000 ns	     48598	80009ecc	00036f17	auipc	x30,0x36	 x30=0x8003fecc
     486005.000 ns	     48599	80009ed0	123f2a23	sw	x3,308(x30)	 x30:0x8003fecc  x3:0x00000001 PA:0xxxxxxxxx
     486025.000 ns	     48601	80009ed4	ff9ff06f	jal	x0,80009ed0	
     486075.000 ns	     48606	80009ecc	00036f17	auipc	x30,0x36	 x30=0x8003fecc
     486085.000 ns	     48607	80009ed0	123f2a23	sw	x3,308(x30)	 x30:0x8003fecc  x3:0x00000001 PA:0xxxxxxxxx
     486105.000 ns	     48609	80009ed4	ff9ff06f	jal	x0,80009ed0	
     486155.000 ns	     48614	80009ecc	00036f17	auipc	x30,0x36	 x30=0x8003fecc
     486165.000 ns	     48615	80009ed0	123f2a23	sw	x3,308(x30)	 x30:0x8003fecc  x3:0x00000001 PA:0xxxxxxxxx
     486185.000 ns	     48617	80009ed4	ff9ff06f	jal	x0,80009ed0	
     486235.000 ns	     48622	80009ecc	00036f17	auipc	x30,0x36	 x30=0x8003fecc
     486245.000 ns	     48623	80009ed0	123f2a23	sw	x3,308(x30)	 x30:0x8003fecc  x3:0x00000001 PA:0xxxxxxxxx
     486265.000 ns	     48625	80009ed4	ff9ff06f	jal	x0,80009ed0	
     486315.000 ns	     48630	80009ecc	00036f17	auipc	x30,0x36	 x30=0x8003fecc
     486325.000 ns	     48631	80009ed0	123f2a23	sw	x3,308(x30)	 x30:0x8003fecc  x3:0x00000001 PA:0xxxxxxxxx
     486345.000 ns	     48633	80009ed4	ff9ff06f	jal	x0,80009ed0	
     486395.000 ns	     48638	80009ecc	00036f17	auipc	x30,0x36	 x30=0x8003fecc
     486405.000 ns	     48639	80009ed0	123f2a23	sw	x3,308(x30)	 x30:0x8003fecc  x3:0x00000001 PA:0xxxxxxxxx
     486425.000 ns	     48641	80009ed4	ff9ff06f	jal	x0,80009ed0	
     486475.000 ns	     48646	80009ecc	00036f17	auipc	x30,0x36	 x30=0x8003fecc
     486485.000 ns	     48647	80009ed0	123f2a23	sw	x3,308(x30)	 x30:0x8003fecc  x3:0x00000001 PA:0xxxxxxxxx
     486505.000 ns	     48649	80009ed4	ff9ff06f	jal	x0,80009ed0	
     486555.000 ns	     48654	80009ecc	00036f17	auipc	x30,0x36	 x30=0x8003fecc
     486565.000 ns	     48655	80009ed0	123f2a23	sw	x3,308(x30)	 x30:0x8003fecc  x3:0x00000001 PA:0xxxxxxxxx
     486585.000 ns	     48657	80009ed4	ff9ff06f	jal	x0,80009ed0	
     486635.000 ns	     48662	80009ecc	00036f17	auipc	x30,0x36	 x30=0x8003fecc
     486645.000 ns	     48663	80009ed0	123f2a23	sw	x3,308(x30)	 x30:0x8003fecc  x3:0x00000001 PA:0xxxxxxxxx
     486665.000 ns	     48665	80009ed4	ff9ff06f	jal	x0,80009ed0	
     486715.000 ns	     48670	80009ecc	00036f17	auipc	x30,0x36	 x30=0x8003fecc
     486725.000 ns	     48671	80009ed0	123f2a23	sw	x3,308(x30)	 x30:0x8003fecc  x3:0x00000001 PA:0xxxxxxxxx
     486745.000 ns	     48673	80009ed4	ff9ff06f	jal	x0,80009ed0	
     486795.000 ns	     48678	80009ecc	00036f17	auipc	x30,0x36	 x30=0x8003fecc
     486805.000 ns	     48679	80009ed0	123f2a23	sw	x3,308(x30)	 x30:0x8003fecc  x3:0x00000001 PA:0xxxxxxxxx
     486825.000 ns	     48681	80009ed4	ff9ff06f	jal	x0,80009ed0	
     486875.000 ns	     48686	80009ecc	00036f17	auipc	x30,0x36	 x30=0x8003fecc
     486885.000 ns	     48687	80009ed0	123f2a23	sw	x3,308(x30)	 x30:0x8003fecc  x3:0x00000001 PA:0xxxxxxxxx
     486905.000 ns	     48689	80009ed4	ff9ff06f	jal	x0,80009ed0	
     486955.000 ns	     48694	80009ecc	00036f17	auipc	x30,0x36	 x30=0x8003fecc
     486965.000 ns	     48695	80009ed0	123f2a23	sw	x3,308(x30)	 x30:0x8003fecc  x3:0x00000001 PA:0xxxxxxxxx
     486985.000 ns	     48697	80009ed4	ff9ff06f	jal	x0,80009ed0	
     487035.000 ns	     48702	80009ecc	00036f17	auipc	x30,0x36	 x30=0x8003fecc
     487045.000 ns	     48703	80009ed0	123f2a23	sw	x3,308(x30)	 x30:0x8003fecc  x3:0x00000001 PA:0xxxxxxxxx
     487065.000 ns	     48705	80009ed4	ff9ff06f	jal	x0,80009ed0	
     487115.000 ns	     48710	80009ecc	00036f17	auipc	x30,0x36	 x30=0x8003fecc
     487125.000 ns	     48711	80009ed0	123f2a23	sw	x3,308(x30)	 x30:0x8003fecc  x3:0x00000001 PA:0xxxxxxxxx
     487145.000 ns	     48713	80009ed4	ff9ff06f	jal	x0,80009ed0	
     487195.000 ns	     48718	80009ecc	00036f17	auipc	x30,0x36	 x30=0x8003fecc
     487205.000 ns	     48719	80009ed0	123f2a23	sw	x3,308(x30)	 x30:0x8003fecc  x3:0x00000001 PA:0xxxxxxxxx
     487225.000 ns	     48721	80009ed4	ff9ff06f	jal	x0,80009ed0	
     487275.000 ns	     48726	80009ecc	00036f17	auipc	x30,0x36	 x30=0x8003fecc
     487285.000 ns	     48727	80009ed0	123f2a23	sw	x3,308(x30)	 x30:0x8003fecc  x3:0x00000001 PA:0xxxxxxxxx
     487305.000 ns	     48729	80009ed4	ff9ff06f	jal	x0,80009ed0	
     487355.000 ns	     48734	80009ecc	00036f17	auipc	x30,0x36	 x30=0x8003fecc
     487365.000 ns	     48735	80009ed0	123f2a23	sw	x3,308(x30)	 x30:0x8003fecc  x3:0x00000001 PA:0xxxxxxxxx
     487385.000 ns	     48737	80009ed4	ff9ff06f	jal	x0,80009ed0	
     487435.000 ns	     48742	80009ecc	00036f17	auipc	x30,0x36	 x30=0x8003fecc
     487445.000 ns	     48743	80009ed0	123f2a23	sw	x3,308(x30)	 x30:0x8003fecc  x3:0x00000001 PA:0xxxxxxxxx
     487465.000 ns	     48745	80009ed4	ff9ff06f	jal	x0,80009ed0	
     487515.000 ns	     48750	80009ecc	00036f17	auipc	x30,0x36	 x30=0x8003fecc
     487525.000 ns	     48751	80009ed0	123f2a23	sw	x3,308(x30)	 x30:0x8003fecc  x3:0x00000001 PA:0xxxxxxxxx
     487545.000 ns	     48753	80009ed4	ff9ff06f	jal	x0,80009ed0	
     487595.000 ns	     48758	80009ecc	00036f17	auipc	x30,0x36	 x30=0x8003fecc
     487605.000 ns	     48759	80009ed0	123f2a23	sw	x3,308(x30)	 x30:0x8003fecc  x3:0x00000001 PA:0xxxxxxxxx
     487625.000 ns	     48761	80009ed4	ff9ff06f	jal	x0,80009ed0	
     487675.000 ns	     48766	80009ecc	00036f17	auipc	x30,0x36	 x30=0x8003fecc
     487685.000 ns	     48767	80009ed0	123f2a23	sw	x3,308(x30)	 x30:0x8003fecc  x3:0x00000001 PA:0xxxxxxxxx
     487705.000 ns	     48769	80009ed4	ff9ff06f	jal	x0,80009ed0	
     487755.000 ns	     48774	80009ecc	00036f17	auipc	x30,0x36	 x30=0x8003fecc
     487765.000 ns	     48775	80009ed0	123f2a23	sw	x3,308(x30)	 x30:0x8003fecc  x3:0x00000001 PA:0xxxxxxxxx
     487785.000 ns	     48777	80009ed4	ff9ff06f	jal	x0,80009ed0	
     487835.000 ns	     48782	80009ecc	00036f17	auipc	x30,0x36	 x30=0x8003fecc
     487845.000 ns	     48783	80009ed0	123f2a23	sw	x3,308(x30)	 x30:0x8003fecc  x3:0x00000001 PA:0xxxxxxxxx
     487865.000 ns	     48785	80009ed4	ff9ff06f	jal	x0,80009ed0	
     487915.000 ns	     48790	80009ecc	00036f17	auipc	x30,0x36	 x30=0x8003fecc
     487925.000 ns	     48791	80009ed0	123f2a23	sw	x3,308(x30)	 x30:0x8003fecc  x3:0x00000001 PA:0xxxxxxxxx
     487945.000 ns	     48793	80009ed4	ff9ff06f	jal	x0,80009ed0	
     487995.000 ns	     48798	80009ecc	00036f17	auipc	x30,0x36	 x30=0x8003fecc
     488005.000 ns	     48799	80009ed0	123f2a23	sw	x3,308(x30)	 x30:0x8003fecc  x3:0x00000001 PA:0xxxxxxxxx
     488025.000 ns	     48801	80009ed4	ff9ff06f	jal	x0,80009ed0	
     488075.000 ns	     48806	80009ecc	00036f17	auipc	x30,0x36	 x30=0x8003fecc
     488085.000 ns	     48807	80009ed0	123f2a23	sw	x3,308(x30)	 x30:0x8003fecc  x3:0x00000001 PA:0xxxxxxxxx
     488105.000 ns	     48809	80009ed4	ff9ff06f	jal	x0,80009ed0	
     488155.000 ns	     48814	80009ecc	00036f17	auipc	x30,0x36	 x30=0x8003fecc
     488165.000 ns	     48815	80009ed0	123f2a23	sw	x3,308(x30)	 x30:0x8003fecc  x3:0x00000001 PA:0xxxxxxxxx
     488185.000 ns	     48817	80009ed4	ff9ff06f	jal	x0,80009ed0	
     488235.000 ns	     48822	80009ecc	00036f17	auipc	x30,0x36	 x30=0x8003fecc
     488245.000 ns	     48823	80009ed0	123f2a23	sw	x3,308(x30)	 x30:0x8003fecc  x3:0x00000001 PA:0xxxxxxxxx
     488265.000 ns	     48825	80009ed4	ff9ff06f	jal	x0,80009ed0	
     488315.000 ns	     48830	80009ecc	00036f17	auipc	x30,0x36	 x30=0x8003fecc
     488325.000 ns	     48831	80009ed0	123f2a23	sw	x3,308(x30)	 x30:0x8003fecc  x3:0x00000001 PA:0xxxxxxxxx
     488345.000 ns	     48833	80009ed4	ff9ff06f	jal	x0,80009ed0	
     488395.000 ns	     48838	80009ecc	00036f17	auipc	x30,0x36	 x30=0x8003fecc
     488405.000 ns	     48839	80009ed0	123f2a23	sw	x3,308(x30)	 x30:0x8003fecc  x3:0x00000001 PA:0xxxxxxxxx
     488425.000 ns	     48841	80009ed4	ff9ff06f	jal	x0,80009ed0	
     488475.000 ns	     48846	80009ecc	00036f17	auipc	x30,0x36	 x30=0x8003fecc
     488485.000 ns	     48847	80009ed0	123f2a23	sw	x3,308(x30)	 x30:0x8003fecc  x3:0x00000001 PA:0xxxxxxxxx
     488505.000 ns	     48849	80009ed4	ff9ff06f	jal	x0,80009ed0	
     488555.000 ns	     48854	80009ecc	00036f17	auipc	x30,0x36	 x30=0x8003fecc
     488565.000 ns	     48855	80009ed0	123f2a23	sw	x3,308(x30)	 x30:0x8003fecc  x3:0x00000001 PA:0xxxxxxxxx
     488585.000 ns	     48857	80009ed4	ff9ff06f	jal	x0,80009ed0	
     488635.000 ns	     48862	80009ecc	00036f17	auipc	x30,0x36	 x30=0x8003fecc
     488645.000 ns	     48863	80009ed0	123f2a23	sw	x3,308(x30)	 x30:0x8003fecc  x3:0x00000001 PA:0xxxxxxxxx
     488665.000 ns	     48865	80009ed4	ff9ff06f	jal	x0,80009ed0	
     488715.000 ns	     48870	80009ecc	00036f17	auipc	x30,0x36	 x30=0x8003fecc
     488725.000 ns	     48871	80009ed0	123f2a23	sw	x3,308(x30)	 x30:0x8003fecc  x3:0x00000001 PA:0xxxxxxxxx
     488745.000 ns	     48873	80009ed4	ff9ff06f	jal	x0,80009ed0	
     488795.000 ns	     48878	80009ecc	00036f17	auipc	x30,0x36	 x30=0x8003fecc
     488805.000 ns	     48879	80009ed0	123f2a23	sw	x3,308(x30)	 x30:0x8003fecc  x3:0x00000001 PA:0xxxxxxxxx
     488825.000 ns	     48881	80009ed4	ff9ff06f	jal	x0,80009ed0	
     488875.000 ns	     48886	80009ecc	00036f17	auipc	x30,0x36	 x30=0x8003fecc
     488885.000 ns	     48887	80009ed0	123f2a23	sw	x3,308(x30)	 x30:0x8003fecc  x3:0x00000001 PA:0xxxxxxxxx
     488905.000 ns	     48889	80009ed4	ff9ff06f	jal	x0,80009ed0	
     488955.000 ns	     48894	80009ecc	00036f17	auipc	x30,0x36	 x30=0x8003fecc
     488965.000 ns	     48895	80009ed0	123f2a23	sw	x3,308(x30)	 x30:0x8003fecc  x3:0x00000001 PA:0xxxxxxxxx
     488985.000 ns	     48897	80009ed4	ff9ff06f	jal	x0,80009ed0	
     489035.000 ns	     48902	80009ecc	00036f17	auipc	x30,0x36	 x30=0x8003fecc
     489045.000 ns	     48903	80009ed0	123f2a23	sw	x3,308(x30)	 x30:0x8003fecc  x3:0x00000001 PA:0xxxxxxxxx
     489065.000 ns	     48905	80009ed4	ff9ff06f	jal	x0,80009ed0	
     489115.000 ns	     48910	80009ecc	00036f17	auipc	x30,0x36	 x30=0x8003fecc
     489125.000 ns	     48911	80009ed0	123f2a23	sw	x3,308(x30)	 x30:0x8003fecc  x3:0x00000001 PA:0xxxxxxxxx
     489145.000 ns	     48913	80009ed4	ff9ff06f	jal	x0,80009ed0	
     489195.000 ns	     48918	80009ecc	00036f17	auipc	x30,0x36	 x30=0x8003fecc
     489205.000 ns	     48919	80009ed0	123f2a23	sw	x3,308(x30)	 x30:0x8003fecc  x3:0x00000001 PA:0xxxxxxxxx
     489225.000 ns	     48921	80009ed4	ff9ff06f	jal	x0,80009ed0	
     489275.000 ns	     48926	80009ecc	00036f17	auipc	x30,0x36	 x30=0x8003fecc
     489285.000 ns	     48927	80009ed0	123f2a23	sw	x3,308(x30)	 x30:0x8003fecc  x3:0x00000001 PA:0xxxxxxxxx
     489305.000 ns	     48929	80009ed4	ff9ff06f	jal	x0,80009ed0	
     489355.000 ns	     48934	80009ecc	00036f17	auipc	x30,0x36	 x30=0x8003fecc
     489365.000 ns	     48935	80009ed0	123f2a23	sw	x3,308(x30)	 x30:0x8003fecc  x3:0x00000001 PA:0xxxxxxxxx
     489385.000 ns	     48937	80009ed4	ff9ff06f	jal	x0,80009ed0	
     489435.000 ns	     48942	80009ecc	00036f17	auipc	x30,0x36	 x30=0x8003fecc
     489445.000 ns	     48943	80009ed0	123f2a23	sw	x3,308(x30)	 x30:0x8003fecc  x3:0x00000001 PA:0xxxxxxxxx
     489465.000 ns	     48945	80009ed4	ff9ff06f	jal	x0,80009ed0	
     489515.000 ns	     48950	80009ecc	00036f17	auipc	x30,0x36	 x30=0x8003fecc
     489525.000 ns	     48951	80009ed0	123f2a23	sw	x3,308(x30)	 x30:0x8003fecc  x3:0x00000001 PA:0xxxxxxxxx
     489545.000 ns	     48953	80009ed4	ff9ff06f	jal	x0,80009ed0	
     489595.000 ns	     48958	80009ecc	00036f17	auipc	x30,0x36	 x30=0x8003fecc
     489605.000 ns	     48959	80009ed0	123f2a23	sw	x3,308(x30)	 x30:0x8003fecc  x3:0x00000001 PA:0xxxxxxxxx
     489625.000 ns	     48961	80009ed4	ff9ff06f	jal	x0,80009ed0	
     489675.000 ns	     48966	80009ecc	00036f17	auipc	x30,0x36	 x30=0x8003fecc
     489685.000 ns	     48967	80009ed0	123f2a23	sw	x3,308(x30)	 x30:0x8003fecc  x3:0x00000001 PA:0xxxxxxxxx
     489705.000 ns	     48969	80009ed4	ff9ff06f	jal	x0,80009ed0	
     489755.000 ns	     48974	80009ecc	00036f17	auipc	x30,0x36	 x30=0x8003fecc
     489765.000 ns	     48975	80009ed0	123f2a23	sw	x3,308(x30)	 x30:0x8003fecc  x3:0x00000001 PA:0xxxxxxxxx
     489785.000 ns	     48977	80009ed4	ff9ff06f	jal	x0,80009ed0	
     489835.000 ns	     48982	80009ecc	00036f17	auipc	x30,0x36	 x30=0x8003fecc
     489845.000 ns	     48983	80009ed0	123f2a23	sw	x3,308(x30)	 x30:0x8003fecc  x3:0x00000001 PA:0xxxxxxxxx
     489865.000 ns	     48985	80009ed4	ff9ff06f	jal	x0,80009ed0	
     489915.000 ns	     48990	80009ecc	00036f17	auipc	x30,0x36	 x30=0x8003fecc
     489925.000 ns	     48991	80009ed0	123f2a23	sw	x3,308(x30)	 x30:0x8003fecc  x3:0x00000001 PA:0xxxxxxxxx
     489945.000 ns	     48993	80009ed4	ff9ff06f	jal	x0,80009ed0	
     489995.000 ns	     48998	80009ecc	00036f17	auipc	x30,0x36	 x30=0x8003fecc
     490005.000 ns	     48999	80009ed0	123f2a23	sw	x3,308(x30)	 x30:0x8003fecc  x3:0x00000001 PA:0xxxxxxxxx
     490025.000 ns	     49001	80009ed4	ff9ff06f	jal	x0,80009ed0	
     490075.000 ns	     49006	80009ecc	00036f17	auipc	x30,0x36	 x30=0x8003fecc
     490085.000 ns	     49007	80009ed0	123f2a23	sw	x3,308(x30)	 x30:0x8003fecc  x3:0x00000001 PA:0xxxxxxxxx
     490105.000 ns	     49009	80009ed4	ff9ff06f	jal	x0,80009ed0	
     490155.000 ns	     49014	80009ecc	00036f17	auipc	x30,0x36	 x30=0x8003fecc
     490165.000 ns	     49015	80009ed0	123f2a23	sw	x3,308(x30)	 x30:0x8003fecc  x3:0x00000001 PA:0xxxxxxxxx
     490185.000 ns	     49017	80009ed4	ff9ff06f	jal	x0,80009ed0	
     490235.000 ns	     49022	80009ecc	00036f17	auipc	x30,0x36	 x30=0x8003fecc
     490245.000 ns	     49023	80009ed0	123f2a23	sw	x3,308(x30)	 x30:0x8003fecc  x3:0x00000001 PA:0xxxxxxxxx
     490265.000 ns	     49025	80009ed4	ff9ff06f	jal	x0,80009ed0	
     490315.000 ns	     49030	80009ecc	00036f17	auipc	x30,0x36	 x30=0x8003fecc
     490325.000 ns	     49031	80009ed0	123f2a23	sw	x3,308(x30)	 x30:0x8003fecc  x3:0x00000001 PA:0xxxxxxxxx
     490345.000 ns	     49033	80009ed4	ff9ff06f	jal	x0,80009ed0	
     490395.000 ns	     49038	80009ecc	00036f17	auipc	x30,0x36	 x30=0x8003fecc
     490405.000 ns	     49039	80009ed0	123f2a23	sw	x3,308(x30)	 x30:0x8003fecc  x3:0x00000001 PA:0xxxxxxxxx
     490425.000 ns	     49041	80009ed4	ff9ff06f	jal	x0,80009ed0	
     490475.000 ns	     49046	80009ecc	00036f17	auipc	x30,0x36	 x30=0x8003fecc
     490485.000 ns	     49047	80009ed0	123f2a23	sw	x3,308(x30)	 x30:0x8003fecc  x3:0x00000001 PA:0xxxxxxxxx
     490505.000 ns	     49049	80009ed4	ff9ff06f	jal	x0,80009ed0	
     490555.000 ns	     49054	80009ecc	00036f17	auipc	x30,0x36	 x30=0x8003fecc
     490565.000 ns	     49055	80009ed0	123f2a23	sw	x3,308(x30)	 x30:0x8003fecc  x3:0x00000001 PA:0xxxxxxxxx
     490585.000 ns	     49057	80009ed4	ff9ff06f	jal	x0,80009ed0	
     490635.000 ns	     49062	80009ecc	00036f17	auipc	x30,0x36	 x30=0x8003fecc
     490645.000 ns	     49063	80009ed0	123f2a23	sw	x3,308(x30)	 x30:0x8003fecc  x3:0x00000001 PA:0xxxxxxxxx
     490665.000 ns	     49065	80009ed4	ff9ff06f	jal	x0,80009ed0	
     490715.000 ns	     49070	80009ecc	00036f17	auipc	x30,0x36	 x30=0x8003fecc
     490725.000 ns	     49071	80009ed0	123f2a23	sw	x3,308(x30)	 x30:0x8003fecc  x3:0x00000001 PA:0xxxxxxxxx
     490745.000 ns	     49073	80009ed4	ff9ff06f	jal	x0,80009ed0	
     490795.000 ns	     49078	80009ecc	00036f17	auipc	x30,0x36	 x30=0x8003fecc
     490805.000 ns	     49079	80009ed0	123f2a23	sw	x3,308(x30)	 x30:0x8003fecc  x3:0x00000001 PA:0xxxxxxxxx
     490825.000 ns	     49081	80009ed4	ff9ff06f	jal	x0,80009ed0	
     490875.000 ns	     49086	80009ecc	00036f17	auipc	x30,0x36	 x30=0x8003fecc
     490885.000 ns	     49087	80009ed0	123f2a23	sw	x3,308(x30)	 x30:0x8003fecc  x3:0x00000001 PA:0xxxxxxxxx
     490905.000 ns	     49089	80009ed4	ff9ff06f	jal	x0,80009ed0	
     490955.000 ns	     49094	80009ecc	00036f17	auipc	x30,0x36	 x30=0x8003fecc
     490965.000 ns	     49095	80009ed0	123f2a23	sw	x3,308(x30)	 x30:0x8003fecc  x3:0x00000001 PA:0xxxxxxxxx
     490985.000 ns	     49097	80009ed4	ff9ff06f	jal	x0,80009ed0	
     491035.000 ns	     49102	80009ecc	00036f17	auipc	x30,0x36	 x30=0x8003fecc
     491045.000 ns	     49103	80009ed0	123f2a23	sw	x3,308(x30)	 x30:0x8003fecc  x3:0x00000001 PA:0xxxxxxxxx
     491065.000 ns	     49105	80009ed4	ff9ff06f	jal	x0,80009ed0	
     491115.000 ns	     49110	80009ecc	00036f17	auipc	x30,0x36	 x30=0x8003fecc
     491125.000 ns	     49111	80009ed0	123f2a23	sw	x3,308(x30)	 x30:0x8003fecc  x3:0x00000001 PA:0xxxxxxxxx
     491145.000 ns	     49113	80009ed4	ff9ff06f	jal	x0,80009ed0	
     491195.000 ns	     49118	80009ecc	00036f17	auipc	x30,0x36	 x30=0x8003fecc
     491205.000 ns	     49119	80009ed0	123f2a23	sw	x3,308(x30)	 x30:0x8003fecc  x3:0x00000001 PA:0xxxxxxxxx
     491225.000 ns	     49121	80009ed4	ff9ff06f	jal	x0,80009ed0	
     491275.000 ns	     49126	80009ecc	00036f17	auipc	x30,0x36	 x30=0x8003fecc
     491285.000 ns	     49127	80009ed0	123f2a23	sw	x3,308(x30)	 x30:0x8003fecc  x3:0x00000001 PA:0xxxxxxxxx
     491305.000 ns	     49129	80009ed4	ff9ff06f	jal	x0,80009ed0	
     491355.000 ns	     49134	80009ecc	00036f17	auipc	x30,0x36	 x30=0x8003fecc
     491365.000 ns	     49135	80009ed0	123f2a23	sw	x3,308(x30)	 x30:0x8003fecc  x3:0x00000001 PA:0xxxxxxxxx
     491385.000 ns	     49137	80009ed4	ff9ff06f	jal	x0,80009ed0	
     491435.000 ns	     49142	80009ecc	00036f17	auipc	x30,0x36	 x30=0x8003fecc
     491445.000 ns	     49143	80009ed0	123f2a23	sw	x3,308(x30)	 x30:0x8003fecc  x3:0x00000001 PA:0xxxxxxxxx
     491465.000 ns	     49145	80009ed4	ff9ff06f	jal	x0,80009ed0	
     491515.000 ns	     49150	80009ecc	00036f17	auipc	x30,0x36	 x30=0x8003fecc
     491525.000 ns	     49151	80009ed0	123f2a23	sw	x3,308(x30)	 x30:0x8003fecc  x3:0x00000001 PA:0xxxxxxxxx
     491545.000 ns	     49153	80009ed4	ff9ff06f	jal	x0,80009ed0	
     491595.000 ns	     49158	80009ecc	00036f17	auipc	x30,0x36	 x30=0x8003fecc
     491605.000 ns	     49159	80009ed0	123f2a23	sw	x3,308(x30)	 x30:0x8003fecc  x3:0x00000001 PA:0xxxxxxxxx
     491625.000 ns	     49161	80009ed4	ff9ff06f	jal	x0,80009ed0	
     491675.000 ns	     49166	80009ecc	00036f17	auipc	x30,0x36	 x30=0x8003fecc
     491685.000 ns	     49167	80009ed0	123f2a23	sw	x3,308(x30)	 x30:0x8003fecc  x3:0x00000001 PA:0xxxxxxxxx
     491705.000 ns	     49169	80009ed4	ff9ff06f	jal	x0,80009ed0	
     491755.000 ns	     49174	80009ecc	00036f17	auipc	x30,0x36	 x30=0x8003fecc
     491765.000 ns	     49175	80009ed0	123f2a23	sw	x3,308(x30)	 x30:0x8003fecc  x3:0x00000001 PA:0xxxxxxxxx
     491785.000 ns	     49177	80009ed4	ff9ff06f	jal	x0,80009ed0	
     491835.000 ns	     49182	80009ecc	00036f17	auipc	x30,0x36	 x30=0x8003fecc
     491845.000 ns	     49183	80009ed0	123f2a23	sw	x3,308(x30)	 x30:0x8003fecc  x3:0x00000001 PA:0xxxxxxxxx
     491865.000 ns	     49185	80009ed4	ff9ff06f	jal	x0,80009ed0	
     491915.000 ns	     49190	80009ecc	00036f17	auipc	x30,0x36	 x30=0x8003fecc
     491925.000 ns	     49191	80009ed0	123f2a23	sw	x3,308(x30)	 x30:0x8003fecc  x3:0x00000001 PA:0xxxxxxxxx
     491945.000 ns	     49193	80009ed4	ff9ff06f	jal	x0,80009ed0	
     491995.000 ns	     49198	80009ecc	00036f17	auipc	x30,0x36	 x30=0x8003fecc
     492005.000 ns	     49199	80009ed0	123f2a23	sw	x3,308(x30)	 x30:0x8003fecc  x3:0x00000001 PA:0xxxxxxxxx
     492025.000 ns	     49201	80009ed4	ff9ff06f	jal	x0,80009ed0	
     492075.000 ns	     49206	80009ecc	00036f17	auipc	x30,0x36	 x30=0x8003fecc
     492085.000 ns	     49207	80009ed0	123f2a23	sw	x3,308(x30)	 x30:0x8003fecc  x3:0x00000001 PA:0xxxxxxxxx
     492105.000 ns	     49209	80009ed4	ff9ff06f	jal	x0,80009ed0	
     492155.000 ns	     49214	80009ecc	00036f17	auipc	x30,0x36	 x30=0x8003fecc
     492165.000 ns	     49215	80009ed0	123f2a23	sw	x3,308(x30)	 x30:0x8003fecc  x3:0x00000001 PA:0xxxxxxxxx
     492185.000 ns	     49217	80009ed4	ff9ff06f	jal	x0,80009ed0	
     492235.000 ns	     49222	80009ecc	00036f17	auipc	x30,0x36	 x30=0x8003fecc
     492245.000 ns	     49223	80009ed0	123f2a23	sw	x3,308(x30)	 x30:0x8003fecc  x3:0x00000001 PA:0xxxxxxxxx
     492265.000 ns	     49225	80009ed4	ff9ff06f	jal	x0,80009ed0	
     492315.000 ns	     49230	80009ecc	00036f17	auipc	x30,0x36	 x30=0x8003fecc
     492325.000 ns	     49231	80009ed0	123f2a23	sw	x3,308(x30)	 x30:0x8003fecc  x3:0x00000001 PA:0xxxxxxxxx
     492345.000 ns	     49233	80009ed4	ff9ff06f	jal	x0,80009ed0	
     492395.000 ns	     49238	80009ecc	00036f17	auipc	x30,0x36	 x30=0x8003fecc
     492405.000 ns	     49239	80009ed0	123f2a23	sw	x3,308(x30)	 x30:0x8003fecc  x3:0x00000001 PA:0xxxxxxxxx
     492425.000 ns	     49241	80009ed4	ff9ff06f	jal	x0,80009ed0	
     492475.000 ns	     49246	80009ecc	00036f17	auipc	x30,0x36	 x30=0x8003fecc
     492485.000 ns	     49247	80009ed0	123f2a23	sw	x3,308(x30)	 x30:0x8003fecc  x3:0x00000001 PA:0xxxxxxxxx
     492505.000 ns	     49249	80009ed4	ff9ff06f	jal	x0,80009ed0	
     492555.000 ns	     49254	80009ecc	00036f17	auipc	x30,0x36	 x30=0x8003fecc
     492565.000 ns	     49255	80009ed0	123f2a23	sw	x3,308(x30)	 x30:0x8003fecc  x3:0x00000001 PA:0xxxxxxxxx
     492585.000 ns	     49257	80009ed4	ff9ff06f	jal	x0,80009ed0	
     492635.000 ns	     49262	80009ecc	00036f17	auipc	x30,0x36	 x30=0x8003fecc
     492645.000 ns	     49263	80009ed0	123f2a23	sw	x3,308(x30)	 x30:0x8003fecc  x3:0x00000001 PA:0xxxxxxxxx
     492665.000 ns	     49265	80009ed4	ff9ff06f	jal	x0,80009ed0	
     492715.000 ns	     49270	80009ecc	00036f17	auipc	x30,0x36	 x30=0x8003fecc
     492725.000 ns	     49271	80009ed0	123f2a23	sw	x3,308(x30)	 x30:0x8003fecc  x3:0x00000001 PA:0xxxxxxxxx
     492745.000 ns	     49273	80009ed4	ff9ff06f	jal	x0,80009ed0	
     492795.000 ns	     49278	80009ecc	00036f17	auipc	x30,0x36	 x30=0x8003fecc
     492805.000 ns	     49279	80009ed0	123f2a23	sw	x3,308(x30)	 x30:0x8003fecc  x3:0x00000001 PA:0xxxxxxxxx
     492825.000 ns	     49281	80009ed4	ff9ff06f	jal	x0,80009ed0	
     492875.000 ns	     49286	80009ecc	00036f17	auipc	x30,0x36	 x30=0x8003fecc
     492885.000 ns	     49287	80009ed0	123f2a23	sw	x3,308(x30)	 x30:0x8003fecc  x3:0x00000001 PA:0xxxxxxxxx
     492905.000 ns	     49289	80009ed4	ff9ff06f	jal	x0,80009ed0	
     492955.000 ns	     49294	80009ecc	00036f17	auipc	x30,0x36	 x30=0x8003fecc
     492965.000 ns	     49295	80009ed0	123f2a23	sw	x3,308(x30)	 x30:0x8003fecc  x3:0x00000001 PA:0xxxxxxxxx
     492985.000 ns	     49297	80009ed4	ff9ff06f	jal	x0,80009ed0	
     493035.000 ns	     49302	80009ecc	00036f17	auipc	x30,0x36	 x30=0x8003fecc
     493045.000 ns	     49303	80009ed0	123f2a23	sw	x3,308(x30)	 x30:0x8003fecc  x3:0x00000001 PA:0xxxxxxxxx
     493065.000 ns	     49305	80009ed4	ff9ff06f	jal	x0,80009ed0	
     493115.000 ns	     49310	80009ecc	00036f17	auipc	x30,0x36	 x30=0x8003fecc
     493125.000 ns	     49311	80009ed0	123f2a23	sw	x3,308(x30)	 x30:0x8003fecc  x3:0x00000001 PA:0xxxxxxxxx
     493145.000 ns	     49313	80009ed4	ff9ff06f	jal	x0,80009ed0	
     493195.000 ns	     49318	80009ecc	00036f17	auipc	x30,0x36	 x30=0x8003fecc
     493205.000 ns	     49319	80009ed0	123f2a23	sw	x3,308(x30)	 x30:0x8003fecc  x3:0x00000001 PA:0xxxxxxxxx
     493225.000 ns	     49321	80009ed4	ff9ff06f	jal	x0,80009ed0	
     493275.000 ns	     49326	80009ecc	00036f17	auipc	x30,0x36	 x30=0x8003fecc
     493285.000 ns	     49327	80009ed0	123f2a23	sw	x3,308(x30)	 x30:0x8003fecc  x3:0x00000001 PA:0xxxxxxxxx
     493305.000 ns	     49329	80009ed4	ff9ff06f	jal	x0,80009ed0	
     493355.000 ns	     49334	80009ecc	00036f17	auipc	x30,0x36	 x30=0x8003fecc
     493365.000 ns	     49335	80009ed0	123f2a23	sw	x3,308(x30)	 x30:0x8003fecc  x3:0x00000001 PA:0xxxxxxxxx
     493385.000 ns	     49337	80009ed4	ff9ff06f	jal	x0,80009ed0	
     493435.000 ns	     49342	80009ecc	00036f17	auipc	x30,0x36	 x30=0x8003fecc
     493445.000 ns	     49343	80009ed0	123f2a23	sw	x3,308(x30)	 x30:0x8003fecc  x3:0x00000001 PA:0xxxxxxxxx
     493465.000 ns	     49345	80009ed4	ff9ff06f	jal	x0,80009ed0	
     493515.000 ns	     49350	80009ecc	00036f17	auipc	x30,0x36	 x30=0x8003fecc
     493525.000 ns	     49351	80009ed0	123f2a23	sw	x3,308(x30)	 x30:0x8003fecc  x3:0x00000001 PA:0xxxxxxxxx
     493545.000 ns	     49353	80009ed4	ff9ff06f	jal	x0,80009ed0	
     493595.000 ns	     49358	80009ecc	00036f17	auipc	x30,0x36	 x30=0x8003fecc
     493605.000 ns	     49359	80009ed0	123f2a23	sw	x3,308(x30)	 x30:0x8003fecc  x3:0x00000001 PA:0xxxxxxxxx
     493625.000 ns	     49361	80009ed4	ff9ff06f	jal	x0,80009ed0	
     493675.000 ns	     49366	80009ecc	00036f17	auipc	x30,0x36	 x30=0x8003fecc
     493685.000 ns	     49367	80009ed0	123f2a23	sw	x3,308(x30)	 x30:0x8003fecc  x3:0x00000001 PA:0xxxxxxxxx
     493705.000 ns	     49369	80009ed4	ff9ff06f	jal	x0,80009ed0	
     493755.000 ns	     49374	80009ecc	00036f17	auipc	x30,0x36	 x30=0x8003fecc
     493765.000 ns	     49375	80009ed0	123f2a23	sw	x3,308(x30)	 x30:0x8003fecc  x3:0x00000001 PA:0xxxxxxxxx
     493785.000 ns	     49377	80009ed4	ff9ff06f	jal	x0,80009ed0	
     493835.000 ns	     49382	80009ecc	00036f17	auipc	x30,0x36	 x30=0x8003fecc
     493845.000 ns	     49383	80009ed0	123f2a23	sw	x3,308(x30)	 x30:0x8003fecc  x3:0x00000001 PA:0xxxxxxxxx
     493865.000 ns	     49385	80009ed4	ff9ff06f	jal	x0,80009ed0	
     493915.000 ns	     49390	80009ecc	00036f17	auipc	x30,0x36	 x30=0x8003fecc
     493925.000 ns	     49391	80009ed0	123f2a23	sw	x3,308(x30)	 x30:0x8003fecc  x3:0x00000001 PA:0xxxxxxxxx
     493945.000 ns	     49393	80009ed4	ff9ff06f	jal	x0,80009ed0	
     493995.000 ns	     49398	80009ecc	00036f17	auipc	x30,0x36	 x30=0x8003fecc
     494005.000 ns	     49399	80009ed0	123f2a23	sw	x3,308(x30)	 x30:0x8003fecc  x3:0x00000001 PA:0xxxxxxxxx
     494025.000 ns	     49401	80009ed4	ff9ff06f	jal	x0,80009ed0	
     494075.000 ns	     49406	80009ecc	00036f17	auipc	x30,0x36	 x30=0x8003fecc
     494085.000 ns	     49407	80009ed0	123f2a23	sw	x3,308(x30)	 x30:0x8003fecc  x3:0x00000001 PA:0xxxxxxxxx
     494105.000 ns	     49409	80009ed4	ff9ff06f	jal	x0,80009ed0	
     494155.000 ns	     49414	80009ecc	00036f17	auipc	x30,0x36	 x30=0x8003fecc
     494165.000 ns	     49415	80009ed0	123f2a23	sw	x3,308(x30)	 x30:0x8003fecc  x3:0x00000001 PA:0xxxxxxxxx
     494185.000 ns	     49417	80009ed4	ff9ff06f	jal	x0,80009ed0	
     494235.000 ns	     49422	80009ecc	00036f17	auipc	x30,0x36	 x30=0x8003fecc
     494245.000 ns	     49423	80009ed0	123f2a23	sw	x3,308(x30)	 x30:0x8003fecc  x3:0x00000001 PA:0xxxxxxxxx
     494265.000 ns	     49425	80009ed4	ff9ff06f	jal	x0,80009ed0	
     494315.000 ns	     49430	80009ecc	00036f17	auipc	x30,0x36	 x30=0x8003fecc
     494325.000 ns	     49431	80009ed0	123f2a23	sw	x3,308(x30)	 x30:0x8003fecc  x3:0x00000001 PA:0xxxxxxxxx
     494345.000 ns	     49433	80009ed4	ff9ff06f	jal	x0,80009ed0	
     494395.000 ns	     49438	80009ecc	00036f17	auipc	x30,0x36	 x30=0x8003fecc
     494405.000 ns	     49439	80009ed0	123f2a23	sw	x3,308(x30)	 x30:0x8003fecc  x3:0x00000001 PA:0xxxxxxxxx
     494425.000 ns	     49441	80009ed4	ff9ff06f	jal	x0,80009ed0	
     494475.000 ns	     49446	80009ecc	00036f17	auipc	x30,0x36	 x30=0x8003fecc
     494485.000 ns	     49447	80009ed0	123f2a23	sw	x3,308(x30)	 x30:0x8003fecc  x3:0x00000001 PA:0xxxxxxxxx
     494505.000 ns	     49449	80009ed4	ff9ff06f	jal	x0,80009ed0	
     494555.000 ns	     49454	80009ecc	00036f17	auipc	x30,0x36	 x30=0x8003fecc
     494565.000 ns	     49455	80009ed0	123f2a23	sw	x3,308(x30)	 x30:0x8003fecc  x3:0x00000001 PA:0xxxxxxxxx
     494585.000 ns	     49457	80009ed4	ff9ff06f	jal	x0,80009ed0	
     494635.000 ns	     49462	80009ecc	00036f17	auipc	x30,0x36	 x30=0x8003fecc
     494645.000 ns	     49463	80009ed0	123f2a23	sw	x3,308(x30)	 x30:0x8003fecc  x3:0x00000001 PA:0xxxxxxxxx
     494665.000 ns	     49465	80009ed4	ff9ff06f	jal	x0,80009ed0	
     494715.000 ns	     49470	80009ecc	00036f17	auipc	x30,0x36	 x30=0x8003fecc
     494725.000 ns	     49471	80009ed0	123f2a23	sw	x3,308(x30)	 x30:0x8003fecc  x3:0x00000001 PA:0xxxxxxxxx
     494745.000 ns	     49473	80009ed4	ff9ff06f	jal	x0,80009ed0	
     494795.000 ns	     49478	80009ecc	00036f17	auipc	x30,0x36	 x30=0x8003fecc
     494805.000 ns	     49479	80009ed0	123f2a23	sw	x3,308(x30)	 x30:0x8003fecc  x3:0x00000001 PA:0xxxxxxxxx
     494825.000 ns	     49481	80009ed4	ff9ff06f	jal	x0,80009ed0	
     494875.000 ns	     49486	80009ecc	00036f17	auipc	x30,0x36	 x30=0x8003fecc
     494885.000 ns	     49487	80009ed0	123f2a23	sw	x3,308(x30)	 x30:0x8003fecc  x3:0x00000001 PA:0xxxxxxxxx
     494905.000 ns	     49489	80009ed4	ff9ff06f	jal	x0,80009ed0	
     494955.000 ns	     49494	80009ecc	00036f17	auipc	x30,0x36	 x30=0x8003fecc
     494965.000 ns	     49495	80009ed0	123f2a23	sw	x3,308(x30)	 x30:0x8003fecc  x3:0x00000001 PA:0xxxxxxxxx
     494985.000 ns	     49497	80009ed4	ff9ff06f	jal	x0,80009ed0	
     495035.000 ns	     49502	80009ecc	00036f17	auipc	x30,0x36	 x30=0x8003fecc
     495045.000 ns	     49503	80009ed0	123f2a23	sw	x3,308(x30)	 x30:0x8003fecc  x3:0x00000001 PA:0xxxxxxxxx
     495065.000 ns	     49505	80009ed4	ff9ff06f	jal	x0,80009ed0	
     495115.000 ns	     49510	80009ecc	00036f17	auipc	x30,0x36	 x30=0x8003fecc
     495125.000 ns	     49511	80009ed0	123f2a23	sw	x3,308(x30)	 x30:0x8003fecc  x3:0x00000001 PA:0xxxxxxxxx
     495145.000 ns	     49513	80009ed4	ff9ff06f	jal	x0,80009ed0	
     495195.000 ns	     49518	80009ecc	00036f17	auipc	x30,0x36	 x30=0x8003fecc
     495205.000 ns	     49519	80009ed0	123f2a23	sw	x3,308(x30)	 x30:0x8003fecc  x3:0x00000001 PA:0xxxxxxxxx
     495225.000 ns	     49521	80009ed4	ff9ff06f	jal	x0,80009ed0	
     495275.000 ns	     49526	80009ecc	00036f17	auipc	x30,0x36	 x30=0x8003fecc
     495285.000 ns	     49527	80009ed0	123f2a23	sw	x3,308(x30)	 x30:0x8003fecc  x3:0x00000001 PA:0xxxxxxxxx
     495305.000 ns	     49529	80009ed4	ff9ff06f	jal	x0,80009ed0	
     495355.000 ns	     49534	80009ecc	00036f17	auipc	x30,0x36	 x30=0x8003fecc
     495365.000 ns	     49535	80009ed0	123f2a23	sw	x3,308(x30)	 x30:0x8003fecc  x3:0x00000001 PA:0xxxxxxxxx
     495385.000 ns	     49537	80009ed4	ff9ff06f	jal	x0,80009ed0	
     495435.000 ns	     49542	80009ecc	00036f17	auipc	x30,0x36	 x30=0x8003fecc
     495445.000 ns	     49543	80009ed0	123f2a23	sw	x3,308(x30)	 x30:0x8003fecc  x3:0x00000001 PA:0xxxxxxxxx
     495465.000 ns	     49545	80009ed4	ff9ff06f	jal	x0,80009ed0	
     495515.000 ns	     49550	80009ecc	00036f17	auipc	x30,0x36	 x30=0x8003fecc
     495525.000 ns	     49551	80009ed0	123f2a23	sw	x3,308(x30)	 x30:0x8003fecc  x3:0x00000001 PA:0xxxxxxxxx
     495545.000 ns	     49553	80009ed4	ff9ff06f	jal	x0,80009ed0	
     495595.000 ns	     49558	80009ecc	00036f17	auipc	x30,0x36	 x30=0x8003fecc
     495605.000 ns	     49559	80009ed0	123f2a23	sw	x3,308(x30)	 x30:0x8003fecc  x3:0x00000001 PA:0xxxxxxxxx
     495625.000 ns	     49561	80009ed4	ff9ff06f	jal	x0,80009ed0	
     495675.000 ns	     49566	80009ecc	00036f17	auipc	x30,0x36	 x30=0x8003fecc
     495685.000 ns	     49567	80009ed0	123f2a23	sw	x3,308(x30)	 x30:0x8003fecc  x3:0x00000001 PA:0xxxxxxxxx
     495705.000 ns	     49569	80009ed4	ff9ff06f	jal	x0,80009ed0	
     495755.000 ns	     49574	80009ecc	00036f17	auipc	x30,0x36	 x30=0x8003fecc
     495765.000 ns	     49575	80009ed0	123f2a23	sw	x3,308(x30)	 x30:0x8003fecc  x3:0x00000001 PA:0xxxxxxxxx
     495785.000 ns	     49577	80009ed4	ff9ff06f	jal	x0,80009ed0	
     495835.000 ns	     49582	80009ecc	00036f17	auipc	x30,0x36	 x30=0x8003fecc
     495845.000 ns	     49583	80009ed0	123f2a23	sw	x3,308(x30)	 x30:0x8003fecc  x3:0x00000001 PA:0xxxxxxxxx
     495865.000 ns	     49585	80009ed4	ff9ff06f	jal	x0,80009ed0	
     495915.000 ns	     49590	80009ecc	00036f17	auipc	x30,0x36	 x30=0x8003fecc
     495925.000 ns	     49591	80009ed0	123f2a23	sw	x3,308(x30)	 x30:0x8003fecc  x3:0x00000001 PA:0xxxxxxxxx
     495945.000 ns	     49593	80009ed4	ff9ff06f	jal	x0,80009ed0	
     495995.000 ns	     49598	80009ecc	00036f17	auipc	x30,0x36	 x30=0x8003fecc
     496005.000 ns	     49599	80009ed0	123f2a23	sw	x3,308(x30)	 x30:0x8003fecc  x3:0x00000001 PA:0xxxxxxxxx
     496025.000 ns	     49601	80009ed4	ff9ff06f	jal	x0,80009ed0	
     496075.000 ns	     49606	80009ecc	00036f17	auipc	x30,0x36	 x30=0x8003fecc
     496085.000 ns	     49607	80009ed0	123f2a23	sw	x3,308(x30)	 x30:0x8003fecc  x3:0x00000001 PA:0xxxxxxxxx
     496105.000 ns	     49609	80009ed4	ff9ff06f	jal	x0,80009ed0	
     496155.000 ns	     49614	80009ecc	00036f17	auipc	x30,0x36	 x30=0x8003fecc
     496165.000 ns	     49615	80009ed0	123f2a23	sw	x3,308(x30)	 x30:0x8003fecc  x3:0x00000001 PA:0xxxxxxxxx
     496185.000 ns	     49617	80009ed4	ff9ff06f	jal	x0,80009ed0	
     496235.000 ns	     49622	80009ecc	00036f17	auipc	x30,0x36	 x30=0x8003fecc
     496245.000 ns	     49623	80009ed0	123f2a23	sw	x3,308(x30)	 x30:0x8003fecc  x3:0x00000001 PA:0xxxxxxxxx
     496265.000 ns	     49625	80009ed4	ff9ff06f	jal	x0,80009ed0	
     496315.000 ns	     49630	80009ecc	00036f17	auipc	x30,0x36	 x30=0x8003fecc
     496325.000 ns	     49631	80009ed0	123f2a23	sw	x3,308(x30)	 x30:0x8003fecc  x3:0x00000001 PA:0xxxxxxxxx
     496345.000 ns	     49633	80009ed4	ff9ff06f	jal	x0,80009ed0	
     496395.000 ns	     49638	80009ecc	00036f17	auipc	x30,0x36	 x30=0x8003fecc
     496405.000 ns	     49639	80009ed0	123f2a23	sw	x3,308(x30)	 x30:0x8003fecc  x3:0x00000001 PA:0xxxxxxxxx
     496425.000 ns	     49641	80009ed4	ff9ff06f	jal	x0,80009ed0	
     496475.000 ns	     49646	80009ecc	00036f17	auipc	x30,0x36	 x30=0x8003fecc
     496485.000 ns	     49647	80009ed0	123f2a23	sw	x3,308(x30)	 x30:0x8003fecc  x3:0x00000001 PA:0xxxxxxxxx
     496505.000 ns	     49649	80009ed4	ff9ff06f	jal	x0,80009ed0	
     496555.000 ns	     49654	80009ecc	00036f17	auipc	x30,0x36	 x30=0x8003fecc
     496565.000 ns	     49655	80009ed0	123f2a23	sw	x3,308(x30)	 x30:0x8003fecc  x3:0x00000001 PA:0xxxxxxxxx
     496585.000 ns	     49657	80009ed4	ff9ff06f	jal	x0,80009ed0	
     496635.000 ns	     49662	80009ecc	00036f17	auipc	x30,0x36	 x30=0x8003fecc
     496645.000 ns	     49663	80009ed0	123f2a23	sw	x3,308(x30)	 x30:0x8003fecc  x3:0x00000001 PA:0xxxxxxxxx
     496665.000 ns	     49665	80009ed4	ff9ff06f	jal	x0,80009ed0	
     496715.000 ns	     49670	80009ecc	00036f17	auipc	x30,0x36	 x30=0x8003fecc
     496725.000 ns	     49671	80009ed0	123f2a23	sw	x3,308(x30)	 x30:0x8003fecc  x3:0x00000001 PA:0xxxxxxxxx
     496745.000 ns	     49673	80009ed4	ff9ff06f	jal	x0,80009ed0	
     496795.000 ns	     49678	80009ecc	00036f17	auipc	x30,0x36	 x30=0x8003fecc
     496805.000 ns	     49679	80009ed0	123f2a23	sw	x3,308(x30)	 x30:0x8003fecc  x3:0x00000001 PA:0xxxxxxxxx
     496825.000 ns	     49681	80009ed4	ff9ff06f	jal	x0,80009ed0	
     496875.000 ns	     49686	80009ecc	00036f17	auipc	x30,0x36	 x30=0x8003fecc
     496885.000 ns	     49687	80009ed0	123f2a23	sw	x3,308(x30)	 x30:0x8003fecc  x3:0x00000001 PA:0xxxxxxxxx
     496905.000 ns	     49689	80009ed4	ff9ff06f	jal	x0,80009ed0	
     496955.000 ns	     49694	80009ecc	00036f17	auipc	x30,0x36	 x30=0x8003fecc
     496965.000 ns	     49695	80009ed0	123f2a23	sw	x3,308(x30)	 x30:0x8003fecc  x3:0x00000001 PA:0xxxxxxxxx
     496985.000 ns	     49697	80009ed4	ff9ff06f	jal	x0,80009ed0	
     497035.000 ns	     49702	80009ecc	00036f17	auipc	x30,0x36	 x30=0x8003fecc
     497045.000 ns	     49703	80009ed0	123f2a23	sw	x3,308(x30)	 x30:0x8003fecc  x3:0x00000001 PA:0xxxxxxxxx
     497065.000 ns	     49705	80009ed4	ff9ff06f	jal	x0,80009ed0	
     497115.000 ns	     49710	80009ecc	00036f17	auipc	x30,0x36	 x30=0x8003fecc
     497125.000 ns	     49711	80009ed0	123f2a23	sw	x3,308(x30)	 x30:0x8003fecc  x3:0x00000001 PA:0xxxxxxxxx
     497145.000 ns	     49713	80009ed4	ff9ff06f	jal	x0,80009ed0	
     497195.000 ns	     49718	80009ecc	00036f17	auipc	x30,0x36	 x30=0x8003fecc
     497205.000 ns	     49719	80009ed0	123f2a23	sw	x3,308(x30)	 x30:0x8003fecc  x3:0x00000001 PA:0xxxxxxxxx
     497225.000 ns	     49721	80009ed4	ff9ff06f	jal	x0,80009ed0	
     497275.000 ns	     49726	80009ecc	00036f17	auipc	x30,0x36	 x30=0x8003fecc
     497285.000 ns	     49727	80009ed0	123f2a23	sw	x3,308(x30)	 x30:0x8003fecc  x3:0x00000001 PA:0xxxxxxxxx
     497305.000 ns	     49729	80009ed4	ff9ff06f	jal	x0,80009ed0	
     497355.000 ns	     49734	80009ecc	00036f17	auipc	x30,0x36	 x30=0x8003fecc
     497365.000 ns	     49735	80009ed0	123f2a23	sw	x3,308(x30)	 x30:0x8003fecc  x3:0x00000001 PA:0xxxxxxxxx
     497385.000 ns	     49737	80009ed4	ff9ff06f	jal	x0,80009ed0	
     497435.000 ns	     49742	80009ecc	00036f17	auipc	x30,0x36	 x30=0x8003fecc
     497445.000 ns	     49743	80009ed0	123f2a23	sw	x3,308(x30)	 x30:0x8003fecc  x3:0x00000001 PA:0xxxxxxxxx
     497465.000 ns	     49745	80009ed4	ff9ff06f	jal	x0,80009ed0	
     497515.000 ns	     49750	80009ecc	00036f17	auipc	x30,0x36	 x30=0x8003fecc
     497525.000 ns	     49751	80009ed0	123f2a23	sw	x3,308(x30)	 x30:0x8003fecc  x3:0x00000001 PA:0xxxxxxxxx
     497545.000 ns	     49753	80009ed4	ff9ff06f	jal	x0,80009ed0	
     497595.000 ns	     49758	80009ecc	00036f17	auipc	x30,0x36	 x30=0x8003fecc
     497605.000 ns	     49759	80009ed0	123f2a23	sw	x3,308(x30)	 x30:0x8003fecc  x3:0x00000001 PA:0xxxxxxxxx
     497625.000 ns	     49761	80009ed4	ff9ff06f	jal	x0,80009ed0	
     497675.000 ns	     49766	80009ecc	00036f17	auipc	x30,0x36	 x30=0x8003fecc
     497685.000 ns	     49767	80009ed0	123f2a23	sw	x3,308(x30)	 x30:0x8003fecc  x3:0x00000001 PA:0xxxxxxxxx
     497705.000 ns	     49769	80009ed4	ff9ff06f	jal	x0,80009ed0	
     497755.000 ns	     49774	80009ecc	00036f17	auipc	x30,0x36	 x30=0x8003fecc
     497765.000 ns	     49775	80009ed0	123f2a23	sw	x3,308(x30)	 x30:0x8003fecc  x3:0x00000001 PA:0xxxxxxxxx
     497785.000 ns	     49777	80009ed4	ff9ff06f	jal	x0,80009ed0	
     497835.000 ns	     49782	80009ecc	00036f17	auipc	x30,0x36	 x30=0x8003fecc
     497845.000 ns	     49783	80009ed0	123f2a23	sw	x3,308(x30)	 x30:0x8003fecc  x3:0x00000001 PA:0xxxxxxxxx
     497865.000 ns	     49785	80009ed4	ff9ff06f	jal	x0,80009ed0	
     497915.000 ns	     49790	80009ecc	00036f17	auipc	x30,0x36	 x30=0x8003fecc
     497925.000 ns	     49791	80009ed0	123f2a23	sw	x3,308(x30)	 x30:0x8003fecc  x3:0x00000001 PA:0xxxxxxxxx
     497945.000 ns	     49793	80009ed4	ff9ff06f	jal	x0,80009ed0	
     497995.000 ns	     49798	80009ecc	00036f17	auipc	x30,0x36	 x30=0x8003fecc
     498005.000 ns	     49799	80009ed0	123f2a23	sw	x3,308(x30)	 x30:0x8003fecc  x3:0x00000001 PA:0xxxxxxxxx
     498025.000 ns	     49801	80009ed4	ff9ff06f	jal	x0,80009ed0	
     498075.000 ns	     49806	80009ecc	00036f17	auipc	x30,0x36	 x30=0x8003fecc
     498085.000 ns	     49807	80009ed0	123f2a23	sw	x3,308(x30)	 x30:0x8003fecc  x3:0x00000001 PA:0xxxxxxxxx
     498105.000 ns	     49809	80009ed4	ff9ff06f	jal	x0,80009ed0	
     498155.000 ns	     49814	80009ecc	00036f17	auipc	x30,0x36	 x30=0x8003fecc
     498165.000 ns	     49815	80009ed0	123f2a23	sw	x3,308(x30)	 x30:0x8003fecc  x3:0x00000001 PA:0xxxxxxxxx
     498185.000 ns	     49817	80009ed4	ff9ff06f	jal	x0,80009ed0	
     498235.000 ns	     49822	80009ecc	00036f17	auipc	x30,0x36	 x30=0x8003fecc
     498245.000 ns	     49823	80009ed0	123f2a23	sw	x3,308(x30)	 x30:0x8003fecc  x3:0x00000001 PA:0xxxxxxxxx
     498265.000 ns	     49825	80009ed4	ff9ff06f	jal	x0,80009ed0	
     498315.000 ns	     49830	80009ecc	00036f17	auipc	x30,0x36	 x30=0x8003fecc
     498325.000 ns	     49831	80009ed0	123f2a23	sw	x3,308(x30)	 x30:0x8003fecc  x3:0x00000001 PA:0xxxxxxxxx
     498345.000 ns	     49833	80009ed4	ff9ff06f	jal	x0,80009ed0	
     498395.000 ns	     49838	80009ecc	00036f17	auipc	x30,0x36	 x30=0x8003fecc
     498405.000 ns	     49839	80009ed0	123f2a23	sw	x3,308(x30)	 x30:0x8003fecc  x3:0x00000001 PA:0xxxxxxxxx
     498425.000 ns	     49841	80009ed4	ff9ff06f	jal	x0,80009ed0	
     498475.000 ns	     49846	80009ecc	00036f17	auipc	x30,0x36	 x30=0x8003fecc
     498485.000 ns	     49847	80009ed0	123f2a23	sw	x3,308(x30)	 x30:0x8003fecc  x3:0x00000001 PA:0xxxxxxxxx
     498505.000 ns	     49849	80009ed4	ff9ff06f	jal	x0,80009ed0	
     498555.000 ns	     49854	80009ecc	00036f17	auipc	x30,0x36	 x30=0x8003fecc
     498565.000 ns	     49855	80009ed0	123f2a23	sw	x3,308(x30)	 x30:0x8003fecc  x3:0x00000001 PA:0xxxxxxxxx
     498585.000 ns	     49857	80009ed4	ff9ff06f	jal	x0,80009ed0	
     498635.000 ns	     49862	80009ecc	00036f17	auipc	x30,0x36	 x30=0x8003fecc
     498645.000 ns	     49863	80009ed0	123f2a23	sw	x3,308(x30)	 x30:0x8003fecc  x3:0x00000001 PA:0xxxxxxxxx
     498665.000 ns	     49865	80009ed4	ff9ff06f	jal	x0,80009ed0	
     498715.000 ns	     49870	80009ecc	00036f17	auipc	x30,0x36	 x30=0x8003fecc
     498725.000 ns	     49871	80009ed0	123f2a23	sw	x3,308(x30)	 x30:0x8003fecc  x3:0x00000001 PA:0xxxxxxxxx
     498745.000 ns	     49873	80009ed4	ff9ff06f	jal	x0,80009ed0	
     498795.000 ns	     49878	80009ecc	00036f17	auipc	x30,0x36	 x30=0x8003fecc
     498805.000 ns	     49879	80009ed0	123f2a23	sw	x3,308(x30)	 x30:0x8003fecc  x3:0x00000001 PA:0xxxxxxxxx
     498825.000 ns	     49881	80009ed4	ff9ff06f	jal	x0,80009ed0	
     498875.000 ns	     49886	80009ecc	00036f17	auipc	x30,0x36	 x30=0x8003fecc
     498885.000 ns	     49887	80009ed0	123f2a23	sw	x3,308(x30)	 x30:0x8003fecc  x3:0x00000001 PA:0xxxxxxxxx
     498905.000 ns	     49889	80009ed4	ff9ff06f	jal	x0,80009ed0	
     498955.000 ns	     49894	80009ecc	00036f17	auipc	x30,0x36	 x30=0x8003fecc
     498965.000 ns	     49895	80009ed0	123f2a23	sw	x3,308(x30)	 x30:0x8003fecc  x3:0x00000001 PA:0xxxxxxxxx
     498985.000 ns	     49897	80009ed4	ff9ff06f	jal	x0,80009ed0	
     499035.000 ns	     49902	80009ecc	00036f17	auipc	x30,0x36	 x30=0x8003fecc
     499045.000 ns	     49903	80009ed0	123f2a23	sw	x3,308(x30)	 x30:0x8003fecc  x3:0x00000001 PA:0xxxxxxxxx
     499065.000 ns	     49905	80009ed4	ff9ff06f	jal	x0,80009ed0	
     499115.000 ns	     49910	80009ecc	00036f17	auipc	x30,0x36	 x30=0x8003fecc
     499125.000 ns	     49911	80009ed0	123f2a23	sw	x3,308(x30)	 x30:0x8003fecc  x3:0x00000001 PA:0xxxxxxxxx
     499145.000 ns	     49913	80009ed4	ff9ff06f	jal	x0,80009ed0	
     499195.000 ns	     49918	80009ecc	00036f17	auipc	x30,0x36	 x30=0x8003fecc
     499205.000 ns	     49919	80009ed0	123f2a23	sw	x3,308(x30)	 x30:0x8003fecc  x3:0x00000001 PA:0xxxxxxxxx
     499225.000 ns	     49921	80009ed4	ff9ff06f	jal	x0,80009ed0	
     499275.000 ns	     49926	80009ecc	00036f17	auipc	x30,0x36	 x30=0x8003fecc
     499285.000 ns	     49927	80009ed0	123f2a23	sw	x3,308(x30)	 x30:0x8003fecc  x3:0x00000001 PA:0xxxxxxxxx
     499305.000 ns	     49929	80009ed4	ff9ff06f	jal	x0,80009ed0	
     499355.000 ns	     49934	80009ecc	00036f17	auipc	x30,0x36	 x30=0x8003fecc
     499365.000 ns	     49935	80009ed0	123f2a23	sw	x3,308(x30)	 x30:0x8003fecc  x3:0x00000001 PA:0xxxxxxxxx
     499385.000 ns	     49937	80009ed4	ff9ff06f	jal	x0,80009ed0	
     499435.000 ns	     49942	80009ecc	00036f17	auipc	x30,0x36	 x30=0x8003fecc
     499445.000 ns	     49943	80009ed0	123f2a23	sw	x3,308(x30)	 x30:0x8003fecc  x3:0x00000001 PA:0xxxxxxxxx
     499465.000 ns	     49945	80009ed4	ff9ff06f	jal	x0,80009ed0	
     499515.000 ns	     49950	80009ecc	00036f17	auipc	x30,0x36	 x30=0x8003fecc
     499525.000 ns	     49951	80009ed0	123f2a23	sw	x3,308(x30)	 x30:0x8003fecc  x3:0x00000001 PA:0xxxxxxxxx
     499545.000 ns	     49953	80009ed4	ff9ff06f	jal	x0,80009ed0	
     499595.000 ns	     49958	80009ecc	00036f17	auipc	x30,0x36	 x30=0x8003fecc
     499605.000 ns	     49959	80009ed0	123f2a23	sw	x3,308(x30)	 x30:0x8003fecc  x3:0x00000001 PA:0xxxxxxxxx
     499625.000 ns	     49961	80009ed4	ff9ff06f	jal	x0,80009ed0	
     499675.000 ns	     49966	80009ecc	00036f17	auipc	x30,0x36	 x30=0x8003fecc
     499685.000 ns	     49967	80009ed0	123f2a23	sw	x3,308(x30)	 x30:0x8003fecc  x3:0x00000001 PA:0xxxxxxxxx
     499705.000 ns	     49969	80009ed4	ff9ff06f	jal	x0,80009ed0	
     499755.000 ns	     49974	80009ecc	00036f17	auipc	x30,0x36	 x30=0x8003fecc
     499765.000 ns	     49975	80009ed0	123f2a23	sw	x3,308(x30)	 x30:0x8003fecc  x3:0x00000001 PA:0xxxxxxxxx
     499785.000 ns	     49977	80009ed4	ff9ff06f	jal	x0,80009ed0	
     499835.000 ns	     49982	80009ecc	00036f17	auipc	x30,0x36	 x30=0x8003fecc
     499845.000 ns	     49983	80009ed0	123f2a23	sw	x3,308(x30)	 x30:0x8003fecc  x3:0x00000001 PA:0xxxxxxxxx
     499865.000 ns	     49985	80009ed4	ff9ff06f	jal	x0,80009ed0	
     499915.000 ns	     49990	80009ecc	00036f17	auipc	x30,0x36	 x30=0x8003fecc
     499925.000 ns	     49991	80009ed0	123f2a23	sw	x3,308(x30)	 x30:0x8003fecc  x3:0x00000001 PA:0xxxxxxxxx
     499945.000 ns	     49993	80009ed4	ff9ff06f	jal	x0,80009ed0	
