		Time			Cycle	PC		Insn	Decoded instruction	Register and memory contents
         65.000 ns	         5	80000000	f14022f3	csrrs	x5,mhartid,x0	  x0:0x00000000  x5=0xffffff14
         75.000 ns	         6	80000004	00000313	addi	x6,x0,0	  x0:0x00000000  x6=0x00000000
         85.000 ns	         7	80000008	00628263	beq	x5,x6,8000000c	  x5:0x00000000  x6:0x00000000
         95.000 ns	         8	8000000c	00000117	auipc	x2,0x0	  x2=0x8000000c
        105.000 ns	         9	80000010	00c10113	addi	x2,x2,12	  x2:0x00000000  x2=0x80000018
        115.000 ns	        10	80000014	00010067	jalr	x0,x2,0	  x2:0x00000000
        165.000 ns	        15	80000018	40001837	lui	x16,0x40001	 x16=0x40001000
        175.000 ns	        16	8000001c	12080813	addi	x16,x16,288	 x16:0x00000000 x16=0x40001120
        185.000 ns	        17	80000020	30181073	csrrw	x0,misa,x16	 x16:0x00000000
        195.000 ns	        18	80000024	00041597	auipc	x11,0x41	 x11=0x80041024
        205.000 ns	        19	80000028	00058593	addi	x11,x11,0	 x11:0x00000000 x11=0x80041024
        215.000 ns	        20	8000002c	0000a817	auipc	x16,0xa	 x16=0x8000a02c
        225.000 ns	        21	80000030	e9c80813	addi	x16,x16,-356	 x16:0x40001120 x16=0x80009ec8
        235.000 ns	        22	80000034	00086813	ori	x16,x16,0	 x16:0x40001120 x16=0x80009ec8
        245.000 ns	        23	80000038	30581073	csrrw	x0,mtvec,x16	 x16:0x8000a02c
        255.000 ns	        24	8000003c	00000817	auipc	x16,0x0	 x16=0x8000003c
        265.000 ns	        25	80000040	02880813	addi	x16,x16,40	 x16:0x80009ec8 x16=0x80000064
        275.000 ns	        26	80000044	34181073	csrrw	x0,mepc,x16	 x16:0x80009ec8
        285.000 ns	        27	80000048	00000013	addi	x0,x0,0	  x0:0x00000000
        295.000 ns	        28	8000004c	00004837	lui	x16,0x4	 x16=0x00004000
        305.000 ns	        29	80000050	80080813	addi	x16,x16,-2048	 x16:0x80000064 x16=0x00003800
        315.000 ns	        30	80000054	30081073	csrrw	x0,mstatus,x16	 x16:0x80000064
        325.000 ns	        31	80000058	00000813	addi	x16,x0,0	  x0:0x00000000 x16=0x00000000
        335.000 ns	        32	8000005c	30481073	csrrw	x0,mie,x16	 x16:0x00003800
        345.000 ns	        33	80000060	30200073	mret	
        355.000 ns	        34	80000064	7f800837	lui	x16,0x7f800	 x16=0x7f800000
        365.000 ns	        35	80000068	fff80813	addi	x16,x16,-1	 x16:0x00000000 x16=0x7f7fffff
        385.000 ns	        37	8000006c	f0080053	fmv.w.x	f0,x16	 x16:0x00000000  f0=0x7f7fffff
        405.000 ns	        39	80000070	53481837	lui	x16,0x53481	 x16=0x53481000
        415.000 ns	        40	80000074	b5080813	addi	x16,x16,-1200	 x16:0x7f7fffff x16=0x53480b50
        435.000 ns	        42	80000078	f00800d3	fmv.w.x	f1,x16	 x16:0x7f7fffff  f1=0x53480b50
        455.000 ns	        44	8000007c	006fa837	lui	x16,0x6fa	 x16=0x006fa000
        465.000 ns	        45	80000080	78980813	addi	x16,x16,1929	 x16:0x53480b50 x16=0x006fa789
        485.000 ns	        47	80000084	f0080153	fmv.w.x	f2,x16	 x16:0x53480b50  f2=0x006fa789
        505.000 ns	        49	80000088	80000837	lui	x16,0x80000	 x16=0x80000000
        525.000 ns	        51	8000008c	f00801d3	fmv.w.x	f3,x16	 x16:0x006fa789  f3=0x80000000
        545.000 ns	        53	80000090	00000813	addi	x16,x0,0	  x0:0x00000000 x16=0x00000000
        565.000 ns	        55	80000094	f0080253	fmv.w.x	f4,x16	 x16:0x80000000  f4=0x00000000
        585.000 ns	        57	80000098	f72e7837	lui	x16,0xf72e7	 x16=0xf72e7000
        595.000 ns	        58	8000009c	07e80813	addi	x16,x16,126	 x16:0x00000000 x16=0xf72e707e
        615.000 ns	        60	800000a0	f00802d3	fmv.w.x	f5,x16	 x16:0x00000000  f5=0xf72e707e
        635.000 ns	        62	800000a4	7fc00837	lui	x16,0x7fc00	 x16=0x7fc00000
        655.000 ns	        64	800000a8	f0080353	fmv.w.x	f6,x16	 x16:0xf72e707e  f6=0x7fc00000
        675.000 ns	        66	800000ac	ff800837	lui	x16,0xff800	 x16=0xff800000
        685.000 ns	        67	800000b0	fff80813	addi	x16,x16,-1	 x16:0x7fc00000 x16=0xff7fffff
        705.000 ns	        69	800000b4	f00803d3	fmv.w.x	f7,x16	 x16:0x7fc00000  f7=0xff7fffff
        725.000 ns	        71	800000b8	7f800837	lui	x16,0x7f800	 x16=0x7f800000
        745.000 ns	        73	800000bc	f0080453	fmv.w.x	f8,x16	 x16:0xff7fffff  f8=0x7f800000
        765.000 ns	        75	800000c0	00000813	addi	x16,x0,0	  x0:0x00000000 x16=0x00000000
        785.000 ns	        77	800000c4	f00804d3	fmv.w.x	f9,x16	 x16:0x7f800000  f9=0x00000000
        805.000 ns	        79	800000c8	7f800837	lui	x16,0x7f800	 x16=0x7f800000
        825.000 ns	        81	800000cc	f0080553	fmv.w.x	f10,x16	 x16:0x00000000 f10=0x7f800000
        845.000 ns	        83	800000d0	7f800837	lui	x16,0x7f800	 x16=0x7f800000
        865.000 ns	        85	800000d4	f00805d3	fmv.w.x	f11,x16	 x16:0x7f800000 f11=0x7f800000
        885.000 ns	        87	800000d8	00000813	addi	x16,x0,0	  x0:0x00000000 x16=0x00000000
        905.000 ns	        89	800000dc	f0080653	fmv.w.x	f12,x16	 x16:0x7f800000 f12=0x00000000
        925.000 ns	        91	800000e0	806f8837	lui	x16,0x806f8	 x16=0x806f8000
        935.000 ns	        92	800000e4	8ce80813	addi	x16,x16,-1842	 x16:0x00000000 x16=0x806f78ce
        955.000 ns	        94	800000e8	f00806d3	fmv.w.x	f13,x16	 x16:0x00000000 f13=0x806f78ce
        975.000 ns	        96	800000ec	7f800837	lui	x16,0x7f800	 x16=0x7f800000
        985.000 ns	        97	800000f0	00180813	addi	x16,x16,1	 x16:0x806f78ce x16=0x7f800001
       1005.000 ns	        99	800000f4	f0080753	fmv.w.x	f14,x16	 x16:0x806f78ce f14=0x7f800001
       1025.000 ns	       101	800000f8	7f800837	lui	x16,0x7f800	 x16=0x7f800000
       1035.000 ns	       102	800000fc	fff80813	addi	x16,x16,-1	 x16:0x7f800001 x16=0x7f7fffff
       1055.000 ns	       104	80000100	f00807d3	fmv.w.x	f15,x16	 x16:0x7f800001 f15=0x7f7fffff
       1075.000 ns	       106	80000104	00000813	addi	x16,x0,0	  x0:0x00000000 x16=0x00000000
       1095.000 ns	       108	80000108	f0080853	fmv.w.x	f16,x16	 x16:0x7f7fffff f16=0x00000000
       1115.000 ns	       110	8000010c	7f800837	lui	x16,0x7f800	 x16=0x7f800000
       1125.000 ns	       111	80000110	00180813	addi	x16,x16,1	 x16:0x00000000 x16=0x7f800001
       1145.000 ns	       113	80000114	f00808d3	fmv.w.x	f17,x16	 x16:0x00000000 f17=0x7f800001
       1165.000 ns	       115	80000118	7f800837	lui	x16,0x7f800	 x16=0x7f800000
       1175.000 ns	       116	8000011c	00180813	addi	x16,x16,1	 x16:0x7f800001 x16=0x7f800001
       1195.000 ns	       118	80000120	f0080953	fmv.w.x	f18,x16	 x16:0x7f800001 f18=0x7f800001
       1215.000 ns	       120	80000124	7fc00837	lui	x16,0x7fc00	 x16=0x7fc00000
       1235.000 ns	       122	80000128	f00809d3	fmv.w.x	f19,x16	 x16:0x7f800001 f19=0x7fc00000
       1255.000 ns	       124	8000012c	88b60837	lui	x16,0x88b60	 x16=0x88b60000
       1265.000 ns	       125	80000130	43d80813	addi	x16,x16,1085	 x16:0x7fc00000 x16=0x88b6043d
       1285.000 ns	       127	80000134	f0080a53	fmv.w.x	f20,x16	 x16:0x7fc00000 f20=0x88b6043d
       1305.000 ns	       129	80000138	7f800837	lui	x16,0x7f800	 x16=0x7f800000
       1315.000 ns	       130	8000013c	fff80813	addi	x16,x16,-1	 x16:0x88b6043d x16=0x7f7fffff
       1335.000 ns	       132	80000140	f0080ad3	fmv.w.x	f21,x16	 x16:0x88b6043d f21=0x7f7fffff
       1355.000 ns	       134	80000144	00000813	addi	x16,x0,0	  x0:0x00000000 x16=0x00000000
       1375.000 ns	       136	80000148	f0080b53	fmv.w.x	f22,x16	 x16:0x7f7fffff f22=0x00000000
       1395.000 ns	       138	8000014c	7f800837	lui	x16,0x7f800	 x16=0x7f800000
       1405.000 ns	       139	80000150	00180813	addi	x16,x16,1	 x16:0x00000000 x16=0x7f800001
       1425.000 ns	       141	80000154	f0080bd3	fmv.w.x	f23,x16	 x16:0x00000000 f23=0x7f800001
       1445.000 ns	       143	80000158	7fc00837	lui	x16,0x7fc00	 x16=0x7fc00000
       1465.000 ns	       145	8000015c	f0080c53	fmv.w.x	f24,x16	 x16:0x7f800001 f24=0x7fc00000
       1485.000 ns	       147	80000160	7f800837	lui	x16,0x7f800	 x16=0x7f800000
       1505.000 ns	       149	80000164	f0080cd3	fmv.w.x	f25,x16	 x16:0x7fc00000 f25=0x7f800000
       1525.000 ns	       151	80000168	5cc4f837	lui	x16,0x5cc4f	 x16=0x5cc4f000
       1535.000 ns	       152	8000016c	eb080813	addi	x16,x16,-336	 x16:0x7f800000 x16=0x5cc4eeb0
       1555.000 ns	       154	80000170	f0080d53	fmv.w.x	f26,x16	 x16:0x7f800000 f26=0x5cc4eeb0
       1575.000 ns	       156	80000174	806f8837	lui	x16,0x806f8	 x16=0x806f8000
       1585.000 ns	       157	80000178	66380813	addi	x16,x16,1635	 x16:0x5cc4eeb0 x16=0x806f8663
       1605.000 ns	       159	8000017c	f0080dd3	fmv.w.x	f27,x16	 x16:0x5cc4eeb0 f27=0x806f8663
       1625.000 ns	       161	80000180	7f800837	lui	x16,0x7f800	 x16=0x7f800000
       1635.000 ns	       162	80000184	00180813	addi	x16,x16,1	 x16:0x806f8663 x16=0x7f800001
       1655.000 ns	       164	80000188	f0080e53	fmv.w.x	f28,x16	 x16:0x806f8663 f28=0x7f800001
       1675.000 ns	       166	8000018c	7f800837	lui	x16,0x7f800	 x16=0x7f800000
       1685.000 ns	       167	80000190	fff80813	addi	x16,x16,-1	 x16:0x7f800001 x16=0x7f7fffff
       1705.000 ns	       169	80000194	f0080ed3	fmv.w.x	f29,x16	 x16:0x7f800001 f29=0x7f7fffff
       1725.000 ns	       171	80000198	7f800837	lui	x16,0x7f800	 x16=0x7f800000
       1745.000 ns	       173	8000019c	f0080f53	fmv.w.x	f30,x16	 x16:0x7f7fffff f30=0x7f800000
       1765.000 ns	       175	800001a0	00412837	lui	x16,0x412	 x16=0x00412000
       1775.000 ns	       176	800001a4	ac180813	addi	x16,x16,-1343	 x16:0x7f800000 x16=0x00411ac1
       1795.000 ns	       178	800001a8	f0080fd3	fmv.w.x	f31,x16	 x16:0x7f800000 f31=0x00411ac1
       1815.000 ns	       180	800001ac	0021d073	csrrwi	x0,frm,3	
       1825.000 ns	       181	800001b0	00300013	addi	x0,x0,3	  x0:0x00000000
       1835.000 ns	       182	800001b4	f84270b7	lui	x1,0xf8427	  x1=0xf8427000
       1845.000 ns	       183	800001b8	b4208093	addi	x1,x1,-1214	  x1:0x00000000  x1=0xf8426b42
       1855.000 ns	       184	800001bc	f9972137	lui	x2,0xf9972	  x2=0xf9972000
       1865.000 ns	       185	800001c0	41810113	addi	x2,x2,1048	  x2:0x80000018  x2=0xf9972418
       1875.000 ns	       186	800001c4	800001b7	lui	x3,0x80000	  x3=0x80000000
       1885.000 ns	       187	800001c8	00000213	addi	x4,x0,0	  x0:0x00000000  x4=0x00000000
       1895.000 ns	       188	800001cc	00000293	addi	x5,x0,0	  x0:0x00000000  x5=0x00000000
       1905.000 ns	       189	800001d0	fca95337	lui	x6,0xfca95	  x6=0xfca95000
       1915.000 ns	       190	800001d4	83930313	addi	x6,x6,-1991	  x6:0x00000000  x6=0xfca94839
       1925.000 ns	       191	800001d8	aed163b7	lui	x7,0xaed16	  x7=0xaed16000
       1935.000 ns	       192	800001dc	ea838393	addi	x7,x7,-344	  x7:0x00000000  x7=0xaed15ea8
       1945.000 ns	       193	800001e0	4c948437	lui	x8,0x4c948	  x8=0x4c948000
       1955.000 ns	       194	800001e4	ecc40413	addi	x8,x8,-308	  x8:0x00000000  x8=0x4c947ecc
       1965.000 ns	       195	800001e8	f4c404b7	lui	x9,0xf4c40	  x9=0xf4c40000
       1975.000 ns	       196	800001ec	49048493	addi	x9,x9,1168	  x9:0x00000000  x9=0xf4c40490
       1985.000 ns	       197	800001f0	80000537	lui	x10,0x80000	 x10=0x80000000
       1995.000 ns	       198	800001f4	00a00613	addi	x12,x0,10	  x0:0x00000000 x12=0x0000000a
       2005.000 ns	       199	800001f8	00000693	addi	x13,x0,0	  x0:0x00000000 x13=0x00000000
       2015.000 ns	       200	800001fc	28d48737	lui	x14,0x28d48	 x14=0x28d48000
       2025.000 ns	       201	80000200	f7870713	addi	x14,x14,-136	 x14:0x00000000 x14=0x28d47f78
       2035.000 ns	       202	80000204	800007b7	lui	x15,0x80000	 x15=0x80000000
       2045.000 ns	       203	80000208	00f00813	addi	x16,x0,15	  x0:0x00000000 x16=0x0000000f
       2055.000 ns	       204	8000020c	00000893	addi	x17,x0,0	  x0:0x00000000 x17=0x00000000
       2065.000 ns	       205	80000210	f7452937	lui	x18,0xf7452	 x18=0xf7452000
       2075.000 ns	       206	80000214	ce890913	addi	x18,x18,-792	 x18:0x00000000 x18=0xf7451ce8
       2085.000 ns	       207	80000218	800379b7	lui	x19,0x80037	 x19=0x80037000
       2095.000 ns	       208	8000021c	a1898993	addi	x19,x19,-1512	 x19:0x00000000 x19=0x80036a18
       2105.000 ns	       209	80000220	4d2faa37	lui	x20,0x4d2fa	 x20=0x4d2fa000
       2115.000 ns	       210	80000224	efca0a13	addi	x20,x20,-260	 x20:0x00000000 x20=0x4d2f9efc
       2125.000 ns	       211	80000228	80000ab7	lui	x21,0x80000	 x21=0x80000000
       2135.000 ns	       212	8000022c	ffce2b37	lui	x22,0xffce2	 x22=0xffce2000
       2145.000 ns	       213	80000230	833b0b13	addi	x22,x22,-1997	 x22:0x00000000 x22=0xffce1833
       2155.000 ns	       214	80000234	6906cbb7	lui	x23,0x6906c	 x23=0x6906c000
       2165.000 ns	       215	80000238	83db8b93	addi	x23,x23,-1987	 x23:0x00000000 x23=0x6906b83d
       2175.000 ns	       216	8000023c	00d00c13	addi	x24,x0,13	  x0:0x00000000 x24=0x0000000d
       2185.000 ns	       217	80000240	80000cb7	lui	x25,0x80000	 x25=0x80000000
       2195.000 ns	       218	80000244	00b00d13	addi	x26,x0,11	  x0:0x00000000 x26=0x0000000b
       2205.000 ns	       219	80000248	00000d93	addi	x27,x0,0	  x0:0x00000000 x27=0x00000000
       2215.000 ns	       220	8000024c	00500e93	addi	x29,x0,5	  x0:0x00000000 x29=0x00000005
       2225.000 ns	       221	80000250	d29a4f37	lui	x30,0xd29a4	 x30=0xd29a4000
       2235.000 ns	       222	80000254	889f0f13	addi	x30,x30,-1911	 x30:0x00000000 x30=0xd29a3889
       2245.000 ns	       223	80000258	00000f93	addi	x31,x0,0	  x0:0x00000000 x31=0x00000000
       2255.000 ns	       224	8000025c	00041e17	auipc	x28,0x41	 x28=0x8004125c
       2265.000 ns	       225	80000260	d88e0e13	addi	x28,x28,-632	 x28:0x00000000 x28=0x80040fe4
       2275.000 ns	       226	80000264	400b5bb3	sra	x23,x22,x0	 x22:0xffce1833  x0:0x00000000 x23=0xffce1833
       2635.000 ns	       262	80000268	039f6ab3	rem	x21,x30,x25	 x30:0xd29a3889 x25:0x80000000 x21=0xd29a3889
       2665.000 ns	       265	8000026c	d00699d3	fcvt.s.w	f19,x13	 x13:0x00000000 f19=0x00000000
       2695.000 ns	       268	80000270	a1042dd3	feq.s	x27,f8,f16	  f8:0x7f800000 f16:0x00000000 x27=0x00000000
       2715.000 ns	       270	80000274	00ea5a33	srl	x20,x20,x14	 x20:0x4d2f9efc x14:0x28d47f78 x20=0x0000004d
       2735.000 ns	       272	80000278	a0b91ad3	flt.s	x21,f18,f11	 f18:0x7f800001 f11:0x7f800000 x21=0x00000000
       2755.000 ns	       274	8000027c	01ea5cb3	srl	x25,x20,x30	 x20:0x4d2f9efc x30:0xd29a3889 x25=0x00000000
       2765.000 ns	       275	80000280	ddf58013	addi	x0,x11,-545	 x11:0x80041024
       2775.000 ns	       276	80000284	0143e633	or	x12,x7,x20	  x7:0xaed15ea8 x20:0x0000004d x12=0xaed15eed
       2795.000 ns	       278	80000288	216b89d3	fsgnj.s	f19,f23,f22	 f23:0x7f800001 f22:0x00000000 f19=0x7f800001
       2825.000 ns	       281	8000028c	03cd20b3	mulhsu	x1,x26,x28	 x26:0x0000000b x28:0x80040fe4  x1=0x00000005
       2845.000 ns	       283	80000290	002f7db3	and	x27,x30,x2	 x30:0xd29a3889  x2:0xf9972418 x27=0xd0922008
       2855.000 ns	       284	80000294	688d4193	xori	x3,x26,1672	 x26:0x0000000b  x3=0x00000683
       2865.000 ns	       285	80000298	0129e3b3	or	x7,x19,x18	 x19:0x80036a18 x18:0xf7451ce8  x7=0xf7477ef8
       2875.000 ns	       286	8000029c	01a46cb3	or	x25,x8,x26	  x8:0x4c947ecc x26:0x0000000b x25=0x4c947ecf
       2885.000 ns	       287	800002a0	73616d17	auipc	x26,0x73616	 x26=0xf36162a0
       2895.000 ns	       288	800002a4	017a9213	slli	x4,x21,0x17	 x21:0x00000000  x4=0x00000000
       2905.000 ns	       289	800002a8	0a804d93	xori	x27,x0,168	  x0:0x00000000 x27=0x000000a8
       2915.000 ns	       290	800002ac	044059b7	lui	x19,0x4405	 x19=0x04405000
       3275.000 ns	       326	800002b0	023addb3	divu	x27,x21,x3	 x21:0x00000000  x3:0x00000683 x27=0x00000000
       3305.000 ns	       329	800002b4	c00471d3	fcvt.w.s	x3,f8	  f8:0x7f800000  x3=0x7fffffff
       3335.000 ns	       332	800002b8	28aa9cd3	fmax.s	f25,f21,f10	 f21:0x7f7fffff f10:0x7f800000 f25=0x7f800000
       3355.000 ns	       334	800002bc	a7933b37	lui	x22,0xa7933	 x22=0xa7933000
       3365.000 ns	       335	800002c0	40e286b3	sub	x13,x5,x14	  x5:0x00000000 x14:0x28d47f78 x13=0xd72b8088
       3395.000 ns	       338	800002c4	10a215d3	fmul.s	f11,f4,f10	  f4:0x00000000 f10:0x7f800000 f11=0x7fc00000
       3425.000 ns	       341	800002c8	025af2b3	remu	x5,x21,x5	 x21:0x00000000  x5:0x00000000  x5=0x00000000
       3455.000 ns	       344	800002cc	d0190453	fcvt.s.wu	f8,x18	 x18:0xf7451ce8  f8=0x4f77451d
       3495.000 ns	       348	800002d0	197af5d3	fdiv.s	f11,f21,f23	 f21:0x7f7fffff f23:0x7f800001 f11=0x7fc00000
       3865.000 ns	       385	800002d4	02144833	div	x16,x8,x1	  x8:0x4c947ecc  x1:0x00000005 x16=0x0f50e628
       3905.000 ns	       389	800002d8	1811cbd3	fdiv.s	f23,f3,f1	  f3:0x80000000  f1:0x53480b50 f23=0x80000000
       3925.000 ns	       391	800002dc	019c68b3	or	x17,x24,x25	 x24:0x0000000d x25:0x4c947ecf x17=0x4c947ecf
       3945.000 ns	       393	800002e0	28950753	fmin.s	f14,f10,f9	 f10:0x7f800000  f9:0x00000000 f14=0x00000000
       3965.000 ns	       395	800002e4	ffd43f13	sltiu	x30,x8,-3	  x8:0x4c947ecc x30=0x00000001
       3985.000 ns	       397	800002e8	c0177953	fcvt.wu.s	x18,f14	 f14:0x00000000 x18=0x00000000
       4005.000 ns	       399	800002ec	2a88b693	sltiu	x13,x17,680	 x17:0x4c947ecf x13=0x00000000
       4025.000 ns	       401	800002f0	20b2a4d3	fsgnjx.s	f9,f5,f11	  f5:0xf72e707e f11:0x7fc00000  f9=0xf72e707e
       4055.000 ns	       404	800002f4	c001f653	fcvt.w.s	x12,f3	  f3:0x80000000 x12=0x00000000
       4085.000 ns	       407	800002f8	a1ff9453	flt.s	x8,f31,f31	 f31:0x00411ac1 f31:0x00411ac1  x8=0x00000000
       4115.000 ns	       410	800002fc	037cb6b3	mulhu	x13,x25,x23	 x25:0x4c947ecf x23:0xffce1833 x13=0x4c85910b
       4145.000 ns	       413	80000300	21cca3d3	fsgnjx.s	f7,f25,f28	 f25:0x7f800000 f28:0x7f800001  f7=0x7f800000
       4175.000 ns	       416	80000304	032c6db3	rem	x27,x24,x18	 x24:0x0000000d x18:0x00000000 x27=0x0000000d
       4215.000 ns	       420	80000308	5803f4d3	fsqrt.s	f9,f7	  f7:0x7f800000  f9=0x7f800000
       4585.000 ns	       457	8000030c	02a654b3	divu	x9,x12,x10	 x12:0x00000000 x10:0x80000000  x9=0x00000000
       4615.000 ns	       460	80000310	02dd1a33	mulh	x20,x26,x13	 x26:0xf36162a0 x13:0x4c85910b x20=0xfc3a53b9
       4645.000 ns	       463	80000314	203fa053	fsgnjx.s	f0,f31,f3	 f31:0x00411ac1  f3:0x80000000  f0=0x80411ac1
       4675.000 ns	       466	80000318	e00c8853	fmv.x.w	x16,f25	 f25:0x7f800000 x16=0x7f800000
       4705.000 ns	       469	8000031c	d017cbd3	fcvt.s.wu	f23,x15	 x15:0x80000000 f23=0x4f000000
       4725.000 ns	       471	80000320	c6916e93	ori	x29,x2,-919	  x2:0xf9972418 x29=0xfffffc79
       4745.000 ns	       473	80000324	f00307d3	fmv.w.x	f15,x6	  x6:0xfca94839 f15=0xfca94839
       4765.000 ns	       475	80000328	6b528093	addi	x1,x5,1717	  x5:0x00000000  x1=0x000006b5
       4775.000 ns	       476	8000032c	012079b3	and	x19,x0,x18	  x0:0x00000000 x18:0x00000000 x19=0x00000000
       4805.000 ns	       479	80000330	11faf553	fmul.s	f10,f21,f31	 f21:0x7f7fffff f31:0x00411ac1 f10=0x40023582
       4835.000 ns	       482	80000334	c0020d53	fcvt.w.s	x26,f4	  f4:0x00000000 x26=0x00000000
       5175.000 ns	       516	80000338	185eb3d3	fdiv.s	f7,f29,f5	 f29:0x7f7fffff  f5:0xf72e707e  f7=0xc7800000
       5205.000 ns	       519	8000033c	e0041753	fclass.s	x14,f8	  f8:0x4f77451d x14=0x00000040
       5225.000 ns	       521	80000340	f0750e93	addi	x29,x10,-249	 x10:0x80000000 x29=0x7fffff07
       5235.000 ns	       522	80000344	01681e93	slli	x29,x16,0x16	 x16:0x7f800000 x29=0x00000000
       5255.000 ns	       524	80000348	20dd08d3	fsgnj.s	f17,f26,f13	 f26:0x5cc4eeb0 f13:0x806f78ce f17=0xdcc4eeb0
       5275.000 ns	       526	8000034c	00000013	addi	x0,x0,0	  x0:0x00000000
       5285.000 ns	       527	80000350	008379b3	and	x19,x6,x8	  x6:0xfca94839  x8:0x00000000 x19=0x00000000
       5305.000 ns	       529	80000354	214326d3	fsgnjx.s	f13,f6,f20	  f6:0x7fc00000 f20:0x88b6043d f13=0xffc00000
       5335.000 ns	       532	80000358	29ee0953	fmin.s	f18,f28,f30	 f28:0x7f800001 f30:0x7f800000 f18=0x7f800000
       5365.000 ns	       535	8000035c	e0078853	fmv.x.w	x16,f15	 f15:0xfca94839 x16=0xfca94839
       5395.000 ns	       538	80000360	f0098c53	fmv.w.x	f24,x19	 x19:0x00000000 f24=0x00000000
       5415.000 ns	       540	80000364	01b2c033	xor	x0,x5,x27	  x5:0x00000000 x27:0x0000000d
       5435.000 ns	       542	80000368	a05e0053	fle.s	x0,f28,f5	 f28:0x7f800001  f5:0xf72e707e
       5805.000 ns	       579	8000036c	02d86b33	rem	x22,x16,x13	 x16:0xfca94839 x13:0x4c85910b x22=0xfca94839
       5825.000 ns	       581	80000370	6cc16c93	ori	x25,x2,1740	  x2:0xf9972418 x25=0xf99726dc
       5835.000 ns	       582	80000374	40d25a93	srai	x21,x4,0xd	  x4:0x00000000 x21=0x00000000
       5855.000 ns	       584	80000378	292c0d53	fmin.s	f26,f24,f18	 f24:0x00000000 f18:0x7f800000 f26=0x00000000
       5885.000 ns	       587	8000037c	f00489d3	fmv.w.x	f19,x9	  x9:0x00000000 f19=0x00000000
       5905.000 ns	       589	80000380	40fa5fb3	sra	x31,x20,x15	 x20:0xfc3a53b9 x15:0x80000000 x31=0xfc3a53b9
       5925.000 ns	       591	80000384	208d8fd3	fsgnj.s	f31,f27,f8	 f27:0x806f8663  f8:0x4f77451d f31=0x006f8663
       5955.000 ns	       594	80000388	298c0353	fmin.s	f6,f24,f24	 f24:0x00000000 f24:0x00000000  f6=0x00000000
       5985.000 ns	       597	8000038c	20472e53	fsgnjx.s	f28,f14,f4	 f14:0x00000000  f4:0x00000000 f28=0x00000000
       6005.000 ns	       599	80000390	0b254e93	xori	x29,x10,178	 x10:0x80000000 x29=0x800000b2
       6025.000 ns	       601	80000394	d015fbd3	fcvt.s.wu	f23,x11	 x11:0x80041024 f23=0x4f000410
       6045.000 ns	       603	80000398	00000013	addi	x0,x0,0	  x0:0x00000000
       6065.000 ns	       605	8000039c	e00314d3	fclass.s	x9,f6	  f6:0x00000000  x9=0x00000010
       6095.000 ns	       608	800003a0	0229b1b3	mulhu	x3,x19,x2	 x19:0x00000000  x2:0xf9972418  x3=0x00000000
       6125.000 ns	       611	800003a4	200299d3	fsgnjn.s	f19,f5,f0	  f5:0xf72e707e  f0:0x80411ac1 f19=0x772e707e
       6155.000 ns	       614	800003a8	0339d833	divu	x16,x19,x19	 x19:0x00000000 x19:0x00000000 x16=0xffffffff
       6175.000 ns	       616	800003ac	7c8b6693	ori	x13,x22,1992	 x22:0xfca94839 x13=0xfca94ff9
       6185.000 ns	       617	800003b0	00e7d813	srli	x16,x15,0xe	 x15:0x80000000 x16=0x00020000
       6205.000 ns	       619	800003b4	213c1553	fsgnjn.s	f10,f24,f19	 f24:0x00000000 f19:0x772e707e f10=0x80000000
       6235.000 ns	       622	800003b8	036f9533	mulh	x10,x31,x22	 x31:0xfc3a53b9 x22:0xfca94839 x10=0x000c9821
       6255.000 ns	       624	800003bc	000793b3	sll	x7,x15,x0	 x15:0x80000000  x0:0x00000000  x7=0x80000000
       6265.000 ns	       625	800003c0	01ed5a93	srli	x21,x26,0x1e	 x26:0x00000000 x21=0x00000000
       6285.000 ns	       627	800003c4	030a0fb3	mul	x31,x20,x16	 x20:0xfc3a53b9 x16:0x00020000 x31=0xa7720000
       6315.000 ns	       630	800003c8	20378653	fsgnj.s	f12,f15,f3	 f15:0xfca94839  f3:0x80000000 f12=0xfca94839
       6335.000 ns	       632	800003cc	41b35693	srai	x13,x6,0x1b	  x6:0xfca94839 x13=0xffffffff
       6695.000 ns	       668	800003d0	02fd43b3	div	x7,x26,x15	 x26:0x00000000 x15:0x80000000  x7=0x00000000
       6715.000 ns	       670	800003d4	fbd54a13	xori	x20,x10,-67	 x10:0x000c9821 x20=0xfff3679c
       6735.000 ns	       672	800003d8	f0010dd3	fmv.w.x	f27,x2	  x2:0xf9972418 f27=0xf9972418
       6775.000 ns	       676	800003dc	10f38e53	fmul.s	f28,f7,f15	  f7:0xc7800000 f15:0xfca94839 f28=0x7f800000
       6825.000 ns	       681	800003e0	00bc7753	fadd.s	f14,f24,f11	 f24:0x00000000 f11:0x7fc00000 f14=0x7fc00000
       6845.000 ns	       683	800003e4	00d93933	sltu	x18,x18,x13	 x18:0x00000000 x13:0xffffffff x18=0x00000001
       6855.000 ns	       684	800003e8	00000013	addi	x0,x0,0	  x0:0x00000000
       7215.000 ns	       720	800003ec	02904a33	div	x20,x0,x9	  x0:0x00000000  x9:0x00000010 x20=0x00000000
       7235.000 ns	       722	800003f0	00e7e333	or	x6,x15,x14	 x15:0x80000000 x14:0x00000040  x6=0x80000040
       7245.000 ns	       723	800003f4	0156e333	or	x6,x13,x21	 x13:0xffffffff x21:0x00000000  x6=0xffffffff
       7255.000 ns	       724	800003f8	01399013	slli	x0,x19,0x13	 x19:0x00000000
       7275.000 ns	       726	800003fc	219d0b53	fsgnj.s	f22,f26,f25	 f26:0x00000000 f25:0x7f800000 f22=0x00000000
       7315.000 ns	       730	80000400	11c347d3	fmul.s	f15,f6,f28	  f6:0x00000000 f28:0x7f800000 f15=0x7fc00000
       7335.000 ns	       732	80000404	87d02213	slti	x4,x0,-1923	  x0:0x00000000  x4=0x00000000
       7345.000 ns	       733	80000408	406d5fb3	sra	x31,x26,x6	 x26:0x00000000  x6:0xffffffff x31=0x00000000
       7365.000 ns	       735	8000040c	037d18b3	mulh	x17,x26,x23	 x26:0x00000000 x23:0xffce1833 x17=0x00000000
       7385.000 ns	       737	80000410	01f054b3	srl	x9,x0,x31	  x0:0x00000000 x31:0xa7720000  x9=0x00000000
       7395.000 ns	       738	80000414	40ee0233	sub	x4,x28,x14	 x28:0x80040fe4 x14:0x00000040  x4=0x80040fa4
       7415.000 ns	       740	80000418	217b8ad3	fsgnj.s	f21,f23,f23	 f23:0x4f000410 f23:0x4f000410 f21=0x4f000410
       7445.000 ns	       743	8000041c	d00ea4d3	fcvt.s.w	f9,x29	 x29:0x800000b2  f9=0xceffffff
       7465.000 ns	       745	80000420	c5a37213	andi	x4,x6,-934	  x6:0xffffffff  x4=0xfffffc5a
       7485.000 ns	       747	80000424	0347da33	divu	x20,x15,x20	 x15:0x80000000 x20:0x00000000 x20=0xffffffff
       7505.000 ns	       749	80000428	40d0d6b3	sra	x13,x1,x13	  x1:0x000006b5 x13:0xffffffff x13=0x00000000
       7515.000 ns	       750	8000042c	3291e293	ori	x5,x3,809	  x3:0x00000000  x5=0x00000329
       7535.000 ns	       752	80000430	a1e50c53	fle.s	x24,f10,f30	 f10:0x80000000 f30:0x7f800000 x24=0x00000001
       7555.000 ns	       754	80000434	c9b7aa13	slti	x20,x15,-869	 x15:0x80000000 x20=0x00000001
       7575.000 ns	       756	80000438	d00d99d3	fcvt.s.w	f19,x27	 x27:0x0000000d f19=0x41500000
       7945.000 ns	       793	8000043c	03b6c533	div	x10,x13,x27	 x13:0x00000000 x27:0x0000000d x10=0x00000000
       7975.000 ns	       796	80000440	20a2a7d3	fsgnjx.s	f15,f5,f10	  f5:0xf72e707e f10:0x80000000 f15=0x772e707e
       8015.000 ns	       800	80000444	103d9d53	fmul.s	f26,f27,f3	 f27:0xf9972418  f3:0x80000000 f26=0x00000000
       8035.000 ns	       802	80000448	01eec833	xor	x16,x29,x30	 x29:0x800000b2 x30:0x00000001 x16=0x800000b3
       8055.000 ns	       804	8000044c	a07d2cd3	feq.s	x25,f26,f7	 f26:0x00000000  f7:0xc7800000 x25=0x00000000
       8075.000 ns	       806	80000450	74996913	ori	x18,x18,1865	 x18:0x00000001 x18=0x00000749
       8085.000 ns	       807	80000454	b7dafb93	andi	x23,x21,-1155	 x21:0x00000000 x23=0x00000000
       8105.000 ns	       809	80000458	21401b53	fsgnjn.s	f22,f0,f20	  f0:0x80411ac1 f20:0x88b6043d f22=0x00411ac1
       8135.000 ns	       812	8000045c	a19caa53	feq.s	x20,f25,f25	 f25:0x7f800000 f25:0x7f800000 x20=0x00000001
       8155.000 ns	       814	80000460	01c2d6b3	srl	x13,x5,x28	  x5:0x00000329 x28:0x80040fe4 x13=0x00000032
       8195.000 ns	       818	80000464	01e9f6d3	fadd.s	f13,f19,f30	 f19:0x41500000 f30:0x7f800000 f13=0x7f800000
       8215.000 ns	       820	80000468	40e5d893	srai	x17,x11,0xe	 x11:0x80041024 x17=0xfffe0010
       8235.000 ns	       822	8000046c	0380b433	mulhu	x8,x1,x24	  x1:0x000006b5 x24:0x00000001  x8=0x00000000
       8265.000 ns	       825	80000470	d0047753	fcvt.s.w	f14,x8	  x8:0x00000000 f14=0x00000000
       8285.000 ns	       827	80000474	01ecd6b3	srl	x13,x25,x30	 x25:0x00000000 x30:0x00000001 x13=0x00000000
       8295.000 ns	       828	80000478	00000013	addi	x0,x0,0	  x0:0x00000000
       8315.000 ns	       830	8000047c	28b01dd3	fmax.s	f27,f0,f11	  f0:0x80411ac1 f11:0x7fc00000 f27=0x80411ac1
       8345.000 ns	       833	80000480	a05424d3	feq.s	x9,f8,f5	  f8:0x4f77451d  f5:0xf72e707e  x9=0x00000000
       8365.000 ns	       835	80000484	fb977193	andi	x3,x14,-71	 x14:0x00000040  x3=0x00000000
       8405.000 ns	       839	80000488	009979d3	fadd.s	f19,f18,f9	 f18:0x7f800000  f9:0xceffffff f19=0x7f800000
       8435.000 ns	       842	8000048c	f00c8553	fmv.w.x	f10,x25	 x25:0x00000000 f10=0x00000000
       8465.000 ns	       845	80000490	023f0cb3	mul	x25,x30,x3	 x30:0x00000001  x3:0x00000000 x25=0x00000000
       8515.000 ns	       850	80000494	09483153	fsub.s	f2,f16,f20	 f16:0x00000000 f20:0x88b6043d  f2=0x08b6043d
       8535.000 ns	       852	80000498	70db3a17	auipc	x20,0x70db3	 x20=0xf0db3498
       8555.000 ns	       854	8000049c	02a29533	mulh	x10,x5,x10	  x5:0x00000329 x10:0x00000000 x10=0x00000000
       8925.000 ns	       891	800004a0	031af4b3	remu	x9,x21,x17	 x21:0x00000000 x17:0xfffe0010  x9=0x00000000
       8945.000 ns	       893	800004a4	8672ae93	slti	x29,x5,-1945	  x5:0x00000329 x29=0x00000000
       8955.000 ns	       894	800004a8	9440f393	andi	x7,x1,-1724	  x1:0x000006b5  x7=0x00000004
       8965.000 ns	       895	800004ac	008556b3	srl	x13,x10,x8	 x10:0x00000000  x8:0x00000000 x13=0x00000000
       8985.000 ns	       897	800004b0	a0cc2fd3	feq.s	x31,f24,f12	 f24:0x00000000 f12:0xfca94839 x31=0x00000000
       9015.000 ns	       900	800004b4	a11d9fd3	flt.s	x31,f27,f17	 f27:0x80411ac1 f17:0xdcc4eeb0 x31=0x00000000
       9035.000 ns	       902	800004b8	0709c937	lui	x18,0x709c	 x18=0x0709c000
       9045.000 ns	       903	800004bc	c1173217	auipc	x4,0xc1173	  x4=0x411734bc
       9085.000 ns	       907	800004c0	0151f953	fadd.s	f18,f3,f21	  f3:0x80000000 f21:0x4f000410 f18=0x4f000410
       9115.000 ns	       910	800004c4	285a8053	fmin.s	f0,f21,f5	 f21:0x4f000410  f5:0xf72e707e  f0=0xf72e707e
       9135.000 ns	       912	800004c8	01610833	add	x16,x2,x22	  x2:0xf9972418 x22:0xfca94839 x16=0xf6406c51
       9145.000 ns	       913	800004cc	b1a5e693	ori	x13,x11,-1254	 x11:0x80041024 x13=0xfffffb3e
       9165.000 ns	       915	800004d0	a00219d3	flt.s	x19,f4,f0	  f4:0x00000000  f0:0xf72e707e x19=0x00000000
       9195.000 ns	       918	800004d4	039b84b3	mul	x9,x23,x25	 x23:0x00000000 x25:0x00000000  x9=0x00000000
       9215.000 ns	       920	800004d8	41870eb3	sub	x29,x14,x24	 x14:0x00000040 x24:0x00000001 x29=0x0000003f
       9225.000 ns	       921	800004dc	36f33a13	sltiu	x20,x6,879	  x6:0xffffffff x20=0x00000000
       9245.000 ns	       923	800004e0	a0a116d3	flt.s	x13,f2,f10	  f2:0x08b6043d f10:0x00000000 x13=0x00000000
       9275.000 ns	       926	800004e4	03ddaf33	mulhsu	x30,x27,x29	 x27:0x0000000d x29:0x0000003f x30=0x00000000
       9295.000 ns	       928	800004e8	006edb33	srl	x22,x29,x6	 x29:0x0000003f  x6:0xffffffff x22=0x00000000
       9305.000 ns	       929	800004ec	67679337	lui	x6,0x67679	  x6=0x67679000
       9325.000 ns	       931	800004f0	297987d3	fmin.s	f15,f19,f23	 f19:0x7f800000 f23:0x4f000410 f15=0x4f000410
       9355.000 ns	       934	800004f4	a0529f53	flt.s	x30,f5,f5	  f5:0xf72e707e  f5:0xf72e707e x30=0x00000000
       9375.000 ns	       936	800004f8	000a3833	sltu	x16,x20,x0	 x20:0x00000000  x0:0x00000000 x16=0x00000000
       9395.000 ns	       938	800004fc	e0099253	fclass.s	x4,f19	 f19:0x7f800000  x4=0x00000080
       9415.000 ns	       940	80000500	00e88d33	add	x26,x17,x14	 x17:0xfffe0010 x14:0x00000040 x26=0xfffe0050
       9425.000 ns	       941	80000504	01a6db33	srl	x22,x13,x26	 x13:0x00000000 x26:0x00000000 x22=0x00000000
       9435.000 ns	       942	80000508	4d5a4193	xori	x3,x20,1237	 x20:0x00000000  x3=0x000004d5
       9445.000 ns	       943	8000050c	0063acb3	slt	x25,x7,x6	  x7:0x00000004  x6:0x67679000 x25=0x00000001
       9465.000 ns	       945	80000510	d00ac4d3	fcvt.s.w	f9,x21	 x21:0x00000000  f9=0x00000000
       9515.000 ns	       950	80000514	007612d3	fadd.s	f5,f12,f7	 f12:0xfca94839  f7:0xc7800000  f5=0xfca94839
       9545.000 ns	       953	80000518	a1588c53	fle.s	x24,f17,f21	 f17:0xdcc4eeb0 f21:0x4f000410 x24=0x00000001
       9565.000 ns	       955	8000051c	412a5bb3	sra	x23,x20,x18	 x20:0x00000000 x18:0x0709c000 x23=0x00000000
       9585.000 ns	       957	80000520	a1df9453	flt.s	x8,f31,f29	 f31:0x006f8663 f29:0x7f7fffff  x8=0x00000001
       9615.000 ns	       960	80000524	20e19a53	fsgnjn.s	f20,f3,f14	  f3:0x80000000 f14:0x00000000 f20=0x80000000
       9635.000 ns	       962	80000528	32e6ec13	ori	x24,x13,814	 x13:0x00000000 x24=0x0000032e
       9675.000 ns	       966	8000052c	092f3b53	fsub.s	f22,f30,f18	 f30:0x7f800000 f18:0x4f000410 f22=0x7f800000
       9705.000 ns	       969	80000530	298187d3	fmin.s	f15,f3,f24	  f3:0x80000000 f24:0x00000000 f15=0x80000000
       9735.000 ns	       972	80000534	201d9ad3	fsgnjn.s	f21,f27,f1	 f27:0x80411ac1  f1:0x53480b50 f21=0x80411ac1
       9765.000 ns	       975	80000538	02020b33	mul	x22,x4,x0	  x4:0x00000080  x0:0x00000000 x22=0x00000000
       9805.000 ns	       979	8000053c	18fa7153	fdiv.s	f2,f20,f15	 f20:0x80000000 f15:0x80000000  f2=0x7fc00000
       9825.000 ns	       981	80000540	87d76613	ori	x12,x14,-1923	 x14:0x00000040 x12=0xfffff87d
       9835.000 ns	       982	80000544	01bd5a93	srli	x21,x26,0x1b	 x26:0xfffe0050 x21=0x0000001f
       9865.000 ns	       985	80000548	58077e53	fsqrt.s	f28,f14	 f14:0x00000000 f28=0x00000000
      11005.000 ns	      1099	8000054c	580ef7d3	fsqrt.s	f15,f29	 f29:0x7f7fffff f15=0x5f350461
      11025.000 ns	      1101	80000550	b1213c97	auipc	x25,0xb1213	 x25=0x31213550
      11035.000 ns	      1102	80000554	019f71b3	and	x3,x30,x25	 x30:0x00000000 x25:0x00000001  x3=0x00000000
      11055.000 ns	      1104	80000558	c011fad3	fcvt.wu.s	x21,f3	  f3:0x80000000 x21=0x00000000
      11075.000 ns	      1106	8000055c	01b808b3	add	x17,x16,x27	 x16:0x00000000 x27:0x0000000d x17=0x0000000d
      11095.000 ns	      1108	80000560	21088d53	fsgnj.s	f26,f17,f16	 f17:0xdcc4eeb0 f16:0x00000000 f26=0x5cc4eeb0
      11125.000 ns	      1111	80000564	29b415d3	fmax.s	f11,f8,f27	  f8:0x4f77451d f27:0x80411ac1 f11=0x4f77451d
      11145.000 ns	      1113	80000568	38daaf93	slti	x31,x21,909	 x21:0x00000000 x31=0x00000001
      11505.000 ns	      1149	8000056c	022a5fb3	divu	x31,x20,x2	 x20:0x00000000  x2:0xf9972418 x31=0x00000000
      11525.000 ns	      1151	80000570	7b88afb7	lui	x31,0x7b88a	 x31=0x7b88a000
      11545.000 ns	      1153	80000574	c01b7953	fcvt.wu.s	x18,f22	 f22:0x7f800000 x18=0xffffffff
      11575.000 ns	      1156	80000578	205293d3	fsgnjn.s	f7,f5,f5	  f5:0xfca94839  f5:0xfca94839  f7=0x7ca94839
      11595.000 ns	      1158	8000057c	009a7033	and	x0,x20,x9	 x20:0x00000000  x9:0x00000000
      11605.000 ns	      1159	80000580	00bf9913	slli	x18,x31,0xb	 x31:0x7b88a000 x18=0x45000000
      11615.000 ns	      1160	80000584	0027fc33	and	x24,x15,x2	 x15:0x80000000  x2:0xf9972418 x24=0x80000000
      11625.000 ns	      1161	80000588	0099d713	srli	x14,x19,0x9	 x19:0x00000000 x14=0x00000000
      11635.000 ns	      1162	8000058c	91f12793	slti	x15,x2,-1761	  x2:0xf9972418 x15=0x00000001
      11645.000 ns	      1163	80000590	25336613	ori	x12,x6,595	  x6:0x67679000 x12=0x67679253
      11655.000 ns	      1164	80000594	00250633	add	x12,x10,x2	 x10:0x00000000  x2:0xf9972418 x12=0xf9972418
      11695.000 ns	      1168	80000598	016843d3	fadd.s	f7,f16,f22	 f16:0x00000000 f22:0x7f800000  f7=0x7f800000
      11725.000 ns	      1171	8000059c	d0153ed3	fcvt.s.wu	f29,x10	 x10:0x00000000 f29=0x00000000
      11745.000 ns	      1173	800005a0	0135a333	slt	x6,x11,x19	 x11:0x80041024 x19:0x00000000  x6=0x00000001
      11755.000 ns	      1174	800005a4	1cb96893	ori	x17,x18,459	 x18:0x45000000 x17=0x450001cb
      11765.000 ns	      1175	800005a8	c5750793	addi	x15,x10,-937	 x10:0x00000000 x15=0xfffffc57
      11775.000 ns	      1176	800005ac	001e5f33	srl	x30,x28,x1	 x28:0x80040fe4  x1:0x000006b5 x30=0x00000400
      11785.000 ns	      1177	800005b0	00d1d613	srli	x12,x3,0xd	  x3:0x00000000 x12=0x00000000
      11795.000 ns	      1178	800005b4	00be4a33	xor	x20,x28,x11	 x28:0x80040fe4 x11:0x80041024 x20=0x00001fc0
      11805.000 ns	      1179	800005b8	00c36c33	or	x24,x6,x12	  x6:0x00000001 x12:0xf9972418 x24=0x00000001
      11825.000 ns	      1181	800005bc	d00d10d3	fcvt.s.w	f1,x26	 x26:0xfffe0050  f1=0xc7ffd800
      11845.000 ns	      1183	800005c0	5385cb93	xori	x23,x11,1336	 x11:0x80041024 x23=0x8004151c
      11855.000 ns	      1184	800005c4	00f79b33	sll	x22,x15,x15	 x15:0xfffffc57 x15:0xfffffc57 x22=0x2b800000
      11875.000 ns	      1186	800005c8	02993a33	mulhu	x20,x18,x9	 x18:0x45000000  x9:0x00000000 x20=0x00000000
      11895.000 ns	      1188	800005cc	0fd32c13	slti	x24,x6,253	  x6:0x00000001 x24=0x00000001
      11915.000 ns	      1190	800005d0	e00a8853	fmv.x.w	x16,f21	 f21:0x80411ac1 x16=0x80411ac1
      11935.000 ns	      1192	800005d4	341dcb13	xori	x22,x27,833	 x27:0x0000000d x22=0x0000034c
      11955.000 ns	      1194	800005d8	d00637d3	fcvt.s.w	f15,x12	 x12:0x00000000 f15=0x00000000
      11985.000 ns	      1197	800005dc	a1051fd3	flt.s	x31,f10,f16	 f10:0x00000000 f16:0x00000000 x31=0x00000000
      12005.000 ns	      1199	800005e0	0066de93	srli	x29,x13,0x6	 x13:0x00000000 x29=0x00000000
      12025.000 ns	      1201	800005e4	217f1e53	fsgnjn.s	f28,f30,f23	 f30:0x7f800000 f23:0x4f000410 f28=0xff800000
      12045.000 ns	      1203	800005e8	5f21a893	slti	x17,x3,1522	  x3:0x00000000 x17=0x00000001
      12055.000 ns	      1204	800005ec	41e8d4b3	sra	x9,x17,x30	 x17:0x450001cb x30:0x00000400  x9=0x00000001
      12075.000 ns	      1206	800005f0	025b91b3	mulh	x3,x23,x5	 x23:0x8004151c  x5:0x00000329  x3=0xfffffe6b
      12105.000 ns	      1209	800005f4	c00e7053	fcvt.w.s	x0,f28	 f28:0xff800000
      12145.000 ns	      1213	800005f8	1146b853	fmul.s	f16,f13,f20	 f13:0x7f800000 f20:0x80000000 f16=0x7fc00000
      12515.000 ns	      1250	800005fc	023bf9b3	remu	x19,x23,x3	 x23:0x8004151c  x3:0xfffffe6b x19=0x8004151c
      12545.000 ns	      1253	80000600	290c1d53	fmax.s	f26,f24,f16	 f24:0x00000000 f16:0x7fc00000 f26=0x00000000
      12575.000 ns	      1256	80000604	d00c78d3	fcvt.s.w	f17,x24	 x24:0x00000001 f17=0x3f800000
      12595.000 ns	      1258	80000608	414f5933	sra	x18,x30,x20	 x30:0x00000400 x20:0x00000000 x18=0x00000400
      12615.000 ns	      1260	8000060c	02863ab3	mulhu	x21,x12,x8	 x12:0x00000000  x8:0x00000001 x21=0x00000000
      12985.000 ns	      1297	80000610	0269f733	remu	x14,x19,x6	 x19:0x8004151c  x6:0x00000001 x14=0x00000000
      13015.000 ns	      1300	80000614	a05e9053	flt.s	x0,f29,f5	 f29:0x00000000  f5:0xfca94839
      13045.000 ns	      1303	80000618	03fa16b3	mulh	x13,x20,x31	 x20:0x00000000 x31:0x00000000 x13=0x00000000
      13075.000 ns	      1306	8000061c	e0090253	fmv.x.w	x4,f18	 f18:0x4f000410  x4=0x4f000410
      13105.000 ns	      1309	80000620	037bb9b3	mulhu	x19,x23,x23	 x23:0x8004151c x23:0x8004151c x19=0x4004152c
      13135.000 ns	      1312	80000624	21590853	fsgnj.s	f16,f18,f21	 f18:0x4f000410 f21:0x80411ac1 f16=0xcf000410
      13155.000 ns	      1314	80000628	011ad4b3	srl	x9,x21,x17	 x21:0x00000000 x17:0x00000001  x9=0x00000000
      13165.000 ns	      1315	8000062c	411edc13	srai	x24,x29,0x11	 x29:0x00000000 x24=0x00000000
      13185.000 ns	      1317	80000630	031e9c33	mulh	x24,x29,x17	 x29:0x00000000 x17:0x00000001 x24=0x00000000
      13215.000 ns	      1320	80000634	28d18b53	fmin.s	f22,f3,f13	  f3:0x80000000 f13:0x7f800000 f22=0x80000000
      13245.000 ns	      1323	80000638	e00391d3	fclass.s	x3,f7	  f7:0x7f800000  x3=0x00000080
      13275.000 ns	      1326	8000063c	e00e8853	fmv.x.w	x16,f29	 f29:0x00000000 x16=0x00000000
      13295.000 ns	      1328	80000640	7bde9037	lui	x0,0x7bde9	
      13325.000 ns	      1331	80000644	1055c053	fmul.s	f0,f11,f5	 f11:0x4f77451d  f5:0xfca94839  f0=0xff800000
      13345.000 ns	      1333	80000648	002f1fb3	sll	x31,x30,x2	 x30:0x00000400  x2:0xf9972418 x31=0x00000000
      13365.000 ns	      1335	8000064c	027727b3	mulhsu	x15,x14,x7	 x14:0x00000000  x7:0x00000004 x15=0x00000000
      13385.000 ns	      1337	80000650	403c8733	sub	x14,x25,x3	 x25:0x31213550  x3:0x00000080 x14=0x312134d0
      13395.000 ns	      1338	80000654	400a8bb3	sub	x23,x21,x0	 x21:0x00000000  x0:0x00000000 x23=0x00000000
      13405.000 ns	      1339	80000658	014ddab3	srl	x21,x27,x20	 x27:0x0000000d x20:0x00000000 x21=0x0000000d
      13415.000 ns	      1340	8000065c	40025233	sra	x4,x4,x0	  x4:0x4f000410  x0:0x00000000  x4=0x4f000410
      13425.000 ns	      1341	80000660	e9dd2f93	slti	x31,x26,-355	 x26:0xfffe0050 x31=0x00000001
      13435.000 ns	      1342	80000664	091f8493	addi	x9,x31,145	 x31:0x00000000  x9=0x00000092
      13455.000 ns	      1344	80000668	c0100453	fcvt.wu.s	x8,f0	  f0:0xff800000  x8=0x00000000
      13495.000 ns	      1348	8000066c	112af6d3	fmul.s	f13,f21,f18	 f21:0x80411ac1 f18:0x4f000410 f13=0x8f8239a4
      13525.000 ns	      1351	80000670	20cda8d3	fsgnjx.s	f17,f27,f12	 f27:0x80411ac1 f12:0xfca94839 f17=0x00411ac1
      13555.000 ns	      1354	80000674	038ddb33	divu	x22,x27,x24	 x27:0x0000000d x24:0x00000000 x22=0xffffffff
      13575.000 ns	      1356	80000678	00fca2b3	slt	x5,x25,x15	 x25:0x31213550 x15:0x00000000  x5=0x00000000
      13585.000 ns	      1357	8000067c	0f6af293	andi	x5,x21,246	 x21:0x0000000d  x5=0x00000004
      13605.000 ns	      1359	80000680	d001f6d3	fcvt.s.w	f13,x3	  x3:0x00000080 f13=0x43000000
      13635.000 ns	      1362	80000684	210b99d3	fsgnjn.s	f19,f23,f16	 f23:0x4f000410 f16:0xcf000410 f19=0x4f000410
      13665.000 ns	      1365	80000688	20c79453	fsgnjn.s	f8,f15,f12	 f15:0x00000000 f12:0xfca94839  f8=0x00000000
      13685.000 ns	      1367	8000068c	018f5733	srl	x14,x30,x24	 x30:0x00000400 x24:0x00000000 x14=0x00000400
      13695.000 ns	      1368	80000690	9e50cb13	xori	x22,x1,-1563	  x1:0x000006b5 x22=0xffffff50
      13715.000 ns	      1370	80000694	289991d3	fmax.s	f3,f19,f9	 f19:0x4f000410  f9:0x00000000  f3=0x4f000410
      13745.000 ns	      1373	80000698	e0078f53	fmv.x.w	x30,f15	 f15:0x00000000 x30=0x00000000
      13775.000 ns	      1376	8000069c	c0089d53	fcvt.w.s	x26,f17	 f17:0x00411ac1 x26=0x00000000
      14145.000 ns	      1413	800006a0	0213e9b3	rem	x19,x7,x1	  x7:0x00000004  x1:0x000006b5 x19=0x00000004
      14165.000 ns	      1415	800006a4	00645413	srli	x8,x8,0x6	  x8:0x00000000  x8=0x00000000
      14525.000 ns	      1451	800006a8	02665033	divu	x0,x12,x6	 x12:0x00000000  x6:0x00000001
      14555.000 ns	      1454	800006ac	28c787d3	fmin.s	f15,f15,f12	 f15:0x00000000 f12:0xfca94839 f15=0xfca94839
      14575.000 ns	      1456	800006b0	01025c33	srl	x24,x4,x16	  x4:0x4f000410 x16:0x00000000 x24=0x4f000410
      14585.000 ns	      1457	800006b4	01221893	slli	x17,x4,0x12	  x4:0x4f000410 x17=0x10400000
      14595.000 ns	      1458	800006b8	09b16993	ori	x19,x2,155	  x2:0xf9972418 x19=0xf997249b
      14615.000 ns	      1460	800006bc	205a8f53	fsgnj.s	f30,f21,f5	 f21:0x80411ac1  f5:0xfca94839 f30=0x80411ac1
      14645.000 ns	      1463	800006c0	02418d33	mul	x26,x3,x4	  x3:0x00000080  x4:0x4f000410 x26=0x80020800
      14665.000 ns	      1465	800006c4	01b86b33	or	x22,x16,x27	 x16:0x00000000 x27:0x0000000d x22=0x0000000d
      14685.000 ns	      1467	800006c8	a07e9c53	flt.s	x24,f29,f7	 f29:0x00000000  f7:0x7f800000 x24=0x00000001
      14705.000 ns	      1469	800006cc	4073ef13	ori	x30,x7,1031	  x7:0x00000004 x30=0x00000407
      14715.000 ns	      1470	800006d0	62665b37	lui	x22,0x62665	 x22=0x62665000
      15885.000 ns	      1587	800006d4	5801fd53	fsqrt.s	f26,f3	  f3:0x4f000410 f26=0x46b50a40
      16255.000 ns	      1624	800006d8	03214533	div	x10,x2,x18	  x2:0xf9972418 x18:0x00000400 x10=0xfffe65ca
      16275.000 ns	      1626	800006dc	b4ed7913	andi	x18,x26,-1202	 x26:0x80020800 x18=0x80020800
      16285.000 ns	      1627	800006e0	018363b3	or	x7,x6,x24	  x6:0x00000001 x24:0x00000001  x7=0x00000001
      16305.000 ns	      1629	800006e4	a034acd3	feq.s	x25,f9,f3	  f9:0x00000000  f3:0x4f000410 x25=0x00000000
      16325.000 ns	      1631	800006e8	5808e993	ori	x19,x17,1408	 x17:0x10400000 x19=0x10400580
      16335.000 ns	      1632	800006ec	43d1cdb7	lui	x27,0x43d1c	 x27=0x43d1c000
      16355.000 ns	      1634	800006f0	a15686d3	fle.s	x13,f13,f21	 f13:0x43000000 f21:0x80411ac1 x13=0x00000000
      16385.000 ns	      1637	800006f4	29be8d53	fmin.s	f26,f29,f27	 f29:0x00000000 f27:0x80411ac1 f26=0x80411ac1
      16425.000 ns	      1641	800006f8	19f176d3	fdiv.s	f13,f2,f31	  f2:0x7fc00000 f31:0x006f8663 f13=0x7fc00000
      16445.000 ns	      1643	800006fc	a03de693	ori	x13,x27,-1533	 x27:0x43d1c000 x13=0xfffffa03
      16465.000 ns	      1645	80000700	e00f0353	fmv.x.w	x6,f30	 f30:0x80411ac1  x6=0x80411ac1
      16485.000 ns	      1647	80000704	018a5a13	srli	x20,x20,0x18	 x20:0x00000000 x20=0x00000000
      16515.000 ns	      1650	80000708	5806b653	fsqrt.s	f12,f13	 f13:0x7fc00000 f12=0x7fc00000
      16535.000 ns	      1652	8000070c	00000013	addi	x0,x0,0	  x0:0x00000000
      16555.000 ns	      1654	80000710	c0157a53	fcvt.wu.s	x20,f10	 f10:0x00000000 x20=0x00000000
      16585.000 ns	      1657	80000714	037887b3	mul	x15,x17,x23	 x17:0x10400000 x23:0x00000000 x15=0x00000000
      16615.000 ns	      1660	80000718	29be90d3	fmax.s	f1,f29,f27	 f29:0x00000000 f27:0x80411ac1  f1=0x00000000
      16635.000 ns	      1662	8000071c	010a5ab3	srl	x21,x20,x16	 x20:0x00000000 x16:0x00000000 x21=0x00000000
      16655.000 ns	      1664	80000720	297e9dd3	fmax.s	f27,f29,f23	 f29:0x00000000 f23:0x4f000410 f27=0x4f000410
      16685.000 ns	      1667	80000724	29ee8c53	fmin.s	f24,f29,f30	 f29:0x00000000 f30:0x80411ac1 f24=0x80411ac1
      17055.000 ns	      1704	80000728	03ef68b3	rem	x17,x30,x30	 x30:0x00000407 x30:0x00000407 x17=0x00000000
      17075.000 ns	      1706	8000072c	11432e93	slti	x29,x6,276	  x6:0x80411ac1 x29=0x00000001
      17085.000 ns	      1707	80000730	00b98bb3	add	x23,x19,x11	 x19:0x10400580 x11:0x80041024 x23=0x904415a4
      17095.000 ns	      1708	80000734	00aea833	slt	x16,x29,x10	 x29:0x00000000 x10:0xfffe65ca x16=0x00000000
      17105.000 ns	      1709	80000738	409c5993	srai	x19,x24,0x9	 x24:0x00000001 x19=0x00000000
      17115.000 ns	      1710	8000073c	019406b3	add	x13,x8,x25	  x8:0x00000000 x25:0x00000000 x13=0x00000000
      17125.000 ns	      1711	80000740	013b2eb3	slt	x29,x22,x19	 x22:0x62665000 x19:0x10400580 x29=0x00000000
      17145.000 ns	      1713	80000744	d01b37d3	fcvt.s.wu	f15,x22	 x22:0x62665000 f15=0x4ec4cca0
      17175.000 ns	      1716	80000748	c002fcd3	fcvt.w.s	x25,f5	  f5:0xfca94839 x25=0x80000000
      17195.000 ns	      1718	8000074c	eeab4f93	xori	x31,x22,-278	 x22:0x62665000 x31=0x9d99aeea
      17205.000 ns	      1719	80000750	3f694b97	auipc	x23,0x3f694	 x23=0xbf694750
      17225.000 ns	      1721	80000754	e00510d3	fclass.s	x1,f10	 f10:0x00000000  x1=0x00000010
      17255.000 ns	      1724	80000758	2033aed3	fsgnjx.s	f29,f7,f3	  f7:0x7f800000  f3:0x4f000410 f29=0x7f800000
      17295.000 ns	      1728	8000075c	11dbf053	fmul.s	f0,f23,f29	 f23:0x4f000410 f29:0x00000000  f0=0x7f800000
      17325.000 ns	      1731	80000760	29d59953	fmax.s	f18,f11,f29	 f11:0x4f77451d f29:0x7f800000 f18=0x7f800000
      17695.000 ns	      1768	80000764	02664333	div	x6,x12,x6	 x12:0x00000000  x6:0x80411ac1  x6=0x00000000
      18065.000 ns	      1805	80000768	038a4333	div	x6,x20,x24	 x20:0x00000000 x24:0x00000001  x6=0x00000000
      18105.000 ns	      1809	8000076c	18032353	fdiv.s	f6,f6,f0	  f6:0x00000000  f0:0x7f800000  f6=0x00000000
      18145.000 ns	      1813	80000770	580d1a53	fsqrt.s	f20,f26	 f26:0x80411ac1 f20=0x7fc00000
      18175.000 ns	      1816	80000774	21ff0353	fsgnj.s	f6,f30,f31	 f30:0x80411ac1 f31:0x006f8663  f6=0x00411ac1
      18215.000 ns	      1820	80000778	103c4053	fmul.s	f0,f24,f3	 f24:0x80411ac1  f3:0x4f000410  f0=0x8f8239a4
      18235.000 ns	      1822	8000077c	1626a693	slti	x13,x13,354	 x13:0x00000000 x13=0x00000001
      18245.000 ns	      1823	80000780	58fbe313	ori	x6,x23,1423	 x23:0xbf694750  x6=0xbf6947df
      18285.000 ns	      1827	80000784	00917753	fadd.s	f14,f2,f9	  f2:0x7fc00000  f9:0x00000000 f14=0x7fc00000
      18305.000 ns	      1829	80000788	40edd793	srai	x15,x27,0xe	 x27:0x43d1c000 x15=0x00010f47
      18315.000 ns	      1830	8000078c	c573ff17	auipc	x30,0xc573f	 x30=0x4573f78c
      18325.000 ns	      1831	80000790	01b63633	sltu	x12,x12,x27	 x12:0x00000000 x27:0x43d1c000 x12=0x00000001
      18345.000 ns	      1833	80000794	202cac53	fsgnjx.s	f24,f25,f2	 f25:0x7f800000  f2:0x7fc00000 f24=0x7f800000
      18375.000 ns	      1836	80000798	f0028c53	fmv.w.x	f24,x5	  x5:0x00000004 f24=0x00000004
      18405.000 ns	      1839	8000079c	2039ac53	fsgnjx.s	f24,f19,f3	 f19:0x4f000410  f3:0x4f000410 f24=0x4f000410
      18435.000 ns	      1842	800007a0	c00774d3	fcvt.w.s	x9,f14	 f14:0x7fc00000  x9=0x7fffffff
      18455.000 ns	      1844	800007a4	40e85c93	srai	x25,x16,0xe	 x16:0x00000000 x25=0x00000000
      18465.000 ns	      1845	800007a8	c8612313	slti	x6,x2,-890	  x2:0xf9972418  x6=0x00000001
      18475.000 ns	      1846	800007ac	daefa293	slti	x5,x31,-594	 x31:0x9d99aeea  x5=0x00000001
      18485.000 ns	      1847	800007b0	7bba7b93	andi	x23,x20,1979	 x20:0x00000000 x23=0x00000000
      18495.000 ns	      1848	800007b4	09686f13	ori	x30,x16,150	 x16:0x00000000 x30=0x00000096
      18505.000 ns	      1849	800007b8	00255a93	srli	x21,x10,0x2	 x10:0xfffe65ca x21=0x3fff9972
      18535.000 ns	      1852	800007bc	192873d3	fdiv.s	f7,f16,f18	 f16:0xcf000410 f18:0x7f800000  f7=0x80000000
      18575.000 ns	      1856	800007c0	18121dd3	fdiv.s	f27,f4,f1	  f4:0x00000000  f1:0x00000000 f27=0x7fc00000
      18605.000 ns	      1859	800007c4	d0048053	fcvt.s.w	f0,x9	  x9:0x7fffffff  f0=0x4effffff
      18635.000 ns	      1862	800007c8	a0ed0cd3	fle.s	x25,f26,f14	 f26:0x80411ac1 f14:0x7fc00000 x25=0x00000000
      18655.000 ns	      1864	800007cc	73a4a913	slti	x18,x9,1850	  x9:0x7fffffff x18=0x00000000
      18675.000 ns	      1866	800007d0	02392433	mulhsu	x8,x18,x3	 x18:0x80020800  x3:0x00000080  x8=0x00000000
      18695.000 ns	      1868	800007d4	11ab2217	auipc	x4,0x11ab2	  x4=0x91ab27d4
      18705.000 ns	      1869	800007d8	40be57b3	sra	x15,x28,x11	 x28:0x80040fe4 x11:0x80041024 x15=0xf80040fe
      18715.000 ns	      1870	800007dc	40d8dd13	srai	x26,x17,0xd	 x17:0x00000000 x26=0x00000000
      18725.000 ns	      1871	800007e0	00e196b3	sll	x13,x3,x14	  x3:0x00000080 x14:0x00000400 x13=0x00000080
      18735.000 ns	      1872	800007e4	01ada193	slti	x3,x27,26	 x27:0x43d1c000  x3=0x00000000
      19095.000 ns	      1908	800007e8	02ead733	divu	x14,x21,x14	 x21:0x3fff9972 x14:0x00000400 x14=0x000fffe6
      19125.000 ns	      1911	800007ec	025497b3	mulh	x15,x9,x5	  x9:0x7fffffff  x5:0x00000001 x15=0x00000000
      19155.000 ns	      1914	800007f0	29568553	fmin.s	f10,f13,f21	 f13:0x7fc00000 f21:0x80411ac1 f10=0x80411ac1
      19185.000 ns	      1917	800007f4	e00f83d3	fmv.x.w	x7,f31	 f31:0x006f8663  x7=0x006f8663
      19215.000 ns	      1920	800007f8	028ce233	rem	x4,x25,x8	 x25:0x00000000  x8:0x00000000  x4=0x00000000
      20395.000 ns	      2038	800007fc	580ba053	fsqrt.s	f0,f23	 f23:0x4f000410  f0=0x46b50a40
      20415.000 ns	      2040	80000800	462c1037	lui	x0,0x462c1	
      20425.000 ns	      2041	80000804	a2a03a13	sltiu	x20,x0,-1494	  x0:0x00000000 x20=0x00000001
      20445.000 ns	      2043	80000808	21f5a9d3	fsgnjx.s	f19,f11,f31	 f11:0x4f77451d f31:0x006f8663 f19=0x4f77451d
      20815.000 ns	      2080	8000080c	02def633	remu	x12,x29,x13	 x29:0x00000000 x13:0x00000080 x12=0x00000000
      20835.000 ns	      2082	80000810	019f1a33	sll	x20,x30,x25	 x30:0x00000096 x25:0x00000000 x20=0x00000096
      20855.000 ns	      2084	80000814	f00f86d3	fmv.w.x	f13,x31	 x31:0x9d99aeea f13=0x9d99aeea
      21225.000 ns	      2121	80000818	036344b3	div	x9,x6,x22	  x6:0x00000001 x22:0x62665000  x9=0x00000000
      21255.000 ns	      2124	8000081c	a02c97d3	flt.s	x15,f25,f2	 f25:0x7f800000  f2:0x7fc00000 x15=0x00000000
      21295.000 ns	      2128	80000820	580eb9d3	fsqrt.s	f19,f29	 f29:0x7f800000 f19=0x7f800000
      21315.000 ns	      2130	80000824	00d7de93	srli	x29,x15,0xd	 x15:0x00000000 x29=0x00000000
      21325.000 ns	      2131	80000828	4f1b4a13	xori	x20,x22,1265	 x22:0x62665000 x20=0x626654f1
      21345.000 ns	      2133	8000082c	f00581d3	fmv.w.x	f3,x11	 x11:0x80041024  f3=0x80041024
      21375.000 ns	      2136	80000830	024b8c33	mul	x24,x23,x4	 x23:0x00000000  x4:0x00000000 x24=0x00000000
      21405.000 ns	      2139	80000834	f00f0653	fmv.w.x	f12,x30	 x30:0x00000096 f12=0x00000096
      21425.000 ns	      2141	80000838	0156db33	srl	x22,x13,x21	 x13:0x00000080 x21:0x3fff9972 x22=0x00000000
      22435.000 ns	      2242	8000083c	5807c8d3	fsqrt.s	f17,f15	 f15:0x4ec4cca0 f17=0x471eb6e8
      22455.000 ns	      2244	80000840	412d8bb3	sub	x23,x27,x18	 x27:0x43d1c000 x18:0x00000000 x23=0x43d1c000
      22465.000 ns	      2245	80000844	01693cb3	sltu	x25,x18,x22	 x18:0x00000000 x22:0x00000000 x25=0x00000000
      22485.000 ns	      2247	80000848	032d2db3	mulhsu	x27,x26,x18	 x26:0x00000000 x18:0x00000000 x27=0x00000000
      22505.000 ns	      2249	8000084c	b0bd0993	addi	x19,x26,-1269	 x26:0x00000000 x19=0xfffffb0b
      22525.000 ns	      2251	80000850	02981bb3	mulh	x23,x16,x9	 x16:0x00000000  x9:0x00000000 x23=0x00000000
      22545.000 ns	      2253	80000854	01efd2b3	srl	x5,x31,x30	 x31:0x9d99aeea x30:0x00000096  x5=0x00000276
      22555.000 ns	      2254	80000858	b13ded93	ori	x27,x27,-1261	 x27:0x00000000 x27=0xfffffb13
      22565.000 ns	      2255	8000085c	3fb26c93	ori	x25,x4,1019	  x4:0x00000000 x25=0x000003fb
      22575.000 ns	      2256	80000860	012870b3	and	x1,x16,x18	 x16:0x00000000 x18:0x00000000  x1=0x00000000
      22585.000 ns	      2257	80000864	266d3297	auipc	x5,0x266d3	  x5=0xa66d3864
      22605.000 ns	      2259	80000868	02435933	divu	x18,x6,x4	  x6:0x00000001  x4:0x00000000 x18=0xffffffff
      22975.000 ns	      2296	8000086c	034a7933	remu	x18,x20,x20	 x20:0x626654f1 x20:0x626654f1 x18=0x00000000
      23015.000 ns	      2300	80000870	580a4f53	fsqrt.s	f30,f20	 f20:0x7fc00000 f30=0x7fc00000
      23035.000 ns	      2302	80000874	8bf90397	auipc	x7,0x8bf90	  x7=0x0bf90874
      23055.000 ns	      2304	80000878	a1498ad3	fle.s	x21,f19,f20	 f19:0x7f800000 f20:0x7fc00000 x21=0x00000000
      23085.000 ns	      2307	8000087c	e00c9c53	fclass.s	x24,f25	 f25:0x7f800000 x24=0x00000080
      23115.000 ns	      2310	80000880	d01dfd53	fcvt.s.wu	f26,x27	 x27:0xfffffb13 f26=0x4f7ffffb
      23135.000 ns	      2312	80000884	40b2d233	sra	x4,x5,x11	  x5:0xa66d3864 x11:0x80041024  x4=0xfa66d386
      23155.000 ns	      2314	80000888	f00786d3	fmv.w.x	f13,x15	 x15:0x00000000 f13=0x00000000
      23185.000 ns	      2317	8000088c	a0fb0653	fle.s	x12,f22,f15	 f22:0x80000000 f15:0x4ec4cca0 x12=0x00000001
      23215.000 ns	      2320	80000890	c010fcd3	fcvt.wu.s	x25,f1	  f1:0x00000000 x25=0x00000000
      23235.000 ns	      2322	80000894	5fecaa13	slti	x20,x25,1534	 x25:0x000003fb x20=0x00000001
      23245.000 ns	      2323	80000898	d89f3c17	auipc	x24,0xd89f3	 x24=0x589f3898
      23255.000 ns	      2324	8000089c	1192bc93	sltiu	x25,x5,281	  x5:0xa66d3864 x25=0x00000000
      23275.000 ns	      2326	800008a0	29ae97d3	fmax.s	f15,f29,f26	 f29:0x7f800000 f26:0x4f7ffffb f15=0x7f800000
      23305.000 ns	      2329	800008a4	d0121253	fcvt.s.wu	f4,x4	  x4:0xfa66d386  f4=0x4f7a66d3
      23325.000 ns	      2331	800008a8	7b98e837	lui	x16,0x7b98e	 x16=0x7b98e000
      23345.000 ns	      2333	800008ac	037d2233	mulhsu	x4,x26,x23	 x26:0x00000000 x23:0x00000000  x4=0x00000000
      23365.000 ns	      2335	800008b0	41d05f93	srai	x31,x0,0x1d	  x0:0x00000000 x31=0x00000000
      23375.000 ns	      2336	800008b4	862d6c13	ori	x24,x26,-1950	 x26:0x00000000 x24=0xfffff862
      23385.000 ns	      2337	800008b8	2c80fb37	lui	x22,0x2c80f	 x22=0x2c80f000
      23395.000 ns	      2338	800008bc	016879b3	and	x19,x16,x22	 x16:0x7b98e000 x22:0x00000000 x19=0x2880e000
      23415.000 ns	      2340	800008c0	035473b3	remu	x7,x8,x21	  x8:0x00000000 x21:0x00000000  x7=0x00000000
      23445.000 ns	      2343	800008c4	c015f1d3	fcvt.wu.s	x3,f11	 f11:0x4f77451d  x3=0xf7451d00
      23475.000 ns	      2346	800008c8	0323ac33	mulhsu	x24,x7,x18	  x7:0x00000000 x18:0x00000000 x24=0x00000000
      23495.000 ns	      2348	800008cc	41070633	sub	x12,x14,x16	 x14:0x000fffe6 x16:0x7b98e000 x12=0x84771fe6
      23505.000 ns	      2349	800008d0	002b9093	slli	x1,x23,0x2	 x23:0x00000000  x1=0x00000000
      23515.000 ns	      2350	800008d4	406607b3	sub	x15,x12,x6	 x12:0x00000001  x6:0x00000001 x15=0x84771fe5
      23525.000 ns	      2351	800008d8	50a03013	sltiu	x0,x0,1290	  x0:0x00000000
      23545.000 ns	      2353	800008dc	03013233	mulhu	x4,x2,x16	  x2:0xf9972418 x16:0x7b98e000  x4=0x7880aa79
      23575.000 ns	      2356	800008e0	e00e8653	fmv.x.w	x12,f29	 f29:0x7f800000 x12=0x7f800000
      23615.000 ns	      2360	800008e4	11e07f53	fmul.s	f30,f0,f30	  f0:0x46b50a40 f30:0x7fc00000 f30=0x7fc00000
      23645.000 ns	      2363	800008e8	21d70a53	fsgnj.s	f20,f14,f29	 f14:0x7fc00000 f29:0x7f800000 f20=0x7fc00000
      24015.000 ns	      2400	800008ec	02f1d333	divu	x6,x3,x15	  x3:0xf7451d00 x15:0x84771fe5  x6=0x00000001
      24045.000 ns	      2403	800008f0	c00638d3	fcvt.w.s	x17,f12	 f12:0x00000096 x17=0x00000000
      24065.000 ns	      2405	800008f4	fc8c7217	auipc	x4,0xfc8c7	  x4=0x7c8c78f4
      24075.000 ns	      2406	800008f8	0034eeb3	or	x29,x9,x3	  x9:0x00000000  x3:0xf7451d00 x29=0xf7451d00
      24095.000 ns	      2408	800008fc	a0202ed3	feq.s	x29,f0,f2	  f0:0x46b50a40  f2:0x7fc00000 x29=0x00000000
      24115.000 ns	      2410	80000900	00fb5213	srli	x4,x22,0xf	 x22:0x2c80f000  x4=0x00005901
      24135.000 ns	      2412	80000904	297f1953	fmax.s	f18,f30,f23	 f30:0x7fc00000 f23:0x4f000410 f18=0x4f000410
      24175.000 ns	      2416	80000908	18e67053	fdiv.s	f0,f12,f14	 f12:0x00000096 f14:0x7fc00000  f0=0x7fc00000
      24195.000 ns	      2418	8000090c	0122edb3	or	x27,x5,x18	  x5:0xa66d3864 x18:0x00000000 x27=0xa66d3864
      24555.000 ns	      2454	80000910	02f6c933	div	x18,x13,x15	 x13:0x00000080 x15:0x84771fe5 x18=0x00000000
      24575.000 ns	      2456	80000914	5da8d7b7	lui	x15,0x5da8d	 x15=0x5da8d000
      24585.000 ns	      2457	80000918	008dd693	srli	x13,x27,0x8	 x27:0xa66d3864 x13=0x00a66d38
      24605.000 ns	      2459	8000091c	020b1eb3	mulh	x29,x22,x0	 x22:0x2c80f000  x0:0x00000000 x29=0x00000000
      24625.000 ns	      2461	80000920	5436aa13	slti	x20,x13,1347	 x13:0x00000080 x20=0x00000000
      24635.000 ns	      2462	80000924	4109d9b3	sra	x19,x19,x16	 x19:0x2880e000 x16:0x7b98e000 x19=0x2880e000
      24995.000 ns	      2498	80000928	03e8c9b3	div	x19,x17,x30	 x17:0x00000000 x30:0x00000096 x19=0x00000000
      25025.000 ns	      2501	8000092c	02c58c33	mul	x24,x11,x12	 x11:0x80041024 x12:0x7f800000 x24=0xee000000
      25055.000 ns	      2504	80000930	a1249fd3	flt.s	x31,f9,f18	  f9:0x00000000 f18:0x4f000410 x31=0x00000001
      25075.000 ns	      2506	80000934	01480733	add	x14,x16,x20	 x16:0x7b98e000 x20:0x00000000 x14=0x7b98e000
      25095.000 ns	      2508	80000938	03802a33	mulhsu	x20,x0,x24	  x0:0x00000000 x24:0xee000000 x20=0x00000000
      25115.000 ns	      2510	8000093c	e09ea493	slti	x9,x29,-503	 x29:0x00000000  x9=0x00000000
      25135.000 ns	      2512	80000940	c009bfd3	fcvt.w.s	x31,f19	 f19:0x7f800000 x31=0x7fffffff
      25155.000 ns	      2514	80000944	88fccb13	xori	x22,x25,-1905	 x25:0x00000000 x22=0xfffff88f
      25175.000 ns	      2516	80000948	029826b3	mulhsu	x13,x16,x9	 x16:0x7b98e000  x9:0x00000000 x13=0x00000000
      25205.000 ns	      2519	8000094c	039133b3	mulhu	x7,x2,x25	  x2:0xf9972418 x25:0x00000000  x7=0x00000000
      25235.000 ns	      2522	80000950	d013f3d3	fcvt.s.wu	f7,x7	  x7:0x00000000  f7=0x00000000
      25265.000 ns	      2525	80000954	a09998d3	flt.s	x17,f19,f9	 f19:0x7f800000  f9:0x00000000 x17=0x00000000
      25295.000 ns	      2528	80000958	0218e0b3	rem	x1,x17,x1	 x17:0x00000000  x1:0x00000000  x1=0x00000000
      25325.000 ns	      2531	8000095c	029b5a33	divu	x20,x22,x9	 x22:0xfffff88f  x9:0x00000000 x20=0xffffffff
      25355.000 ns	      2534	80000960	29088cd3	fmin.s	f25,f17,f16	 f17:0x471eb6e8 f16:0xcf000410 f25=0xcf000410
      25375.000 ns	      2536	80000964	00568bb3	add	x23,x13,x5	 x13:0x00000000  x5:0xa66d3864 x23=0xa66d3864
      25395.000 ns	      2538	80000968	28661e53	fmax.s	f28,f12,f6	 f12:0x00000096  f6:0x00411ac1 f28=0x00411ac1
      25425.000 ns	      2541	8000096c	a0001253	flt.s	x4,f0,f0	  f0:0x7fc00000  f0:0x7fc00000  x4=0x00000000
      25455.000 ns	      2544	80000970	a09290d3	flt.s	x1,f5,f9	  f5:0xfca94839  f9:0x00000000  x1=0x00000001
      25475.000 ns	      2546	80000974	01a8b333	sltu	x6,x17,x26	 x17:0x00000000 x26:0x00000000  x6=0x00000000
      25485.000 ns	      2547	80000978	40b35533	sra	x10,x6,x11	  x6:0x00000001 x11:0x80041024 x10=0x00000000
      25495.000 ns	      2548	8000097c	40895893	srai	x17,x18,0x8	 x18:0x00000000 x17=0x00000000
      25855.000 ns	      2584	80000980	03066833	rem	x16,x12,x16	 x12:0x7f800000 x16:0x7b98e000 x16=0x03e72000
      25875.000 ns	      2586	80000984	e59b8f93	addi	x31,x23,-423	 x23:0xa66d3864 x31=0xa66d36bd
      25885.000 ns	      2587	80000988	c4644813	xori	x16,x8,-954	  x8:0x00000000 x16=0xfffffc46
      25905.000 ns	      2589	8000098c	e00697d3	fclass.s	x15,f13	 f13:0x00000000 x15=0x00000010
      25935.000 ns	      2592	80000990	c0017753	fcvt.w.s	x14,f2	  f2:0x7fc00000 x14=0x7fffffff
      25975.000 ns	      2596	80000994	580ea053	fsqrt.s	f0,f29	 f29:0x7f800000  f0=0x7f800000
      25995.000 ns	      2598	80000998	00b43a33	sltu	x20,x8,x11	  x8:0x00000000 x11:0x80041024 x20=0x00000001
      26015.000 ns	      2600	8000099c	28c39d53	fmax.s	f26,f7,f12	  f7:0x00000000 f12:0x00000096 f26=0x00000096
      26035.000 ns	      2602	800009a0	00c2f333	and	x6,x5,x12	  x5:0xa66d3864 x12:0x7f800000  x6=0x26000000
      26045.000 ns	      2603	800009a4	0010a433	slt	x8,x1,x1	  x1:0x00000001  x1:0x00000001  x8=0x00000000
      27115.000 ns	      2710	800009a8	5805f4d3	fsqrt.s	f9,f11	 f11:0x4f77451d  f9=0x472ed87b
      27135.000 ns	      2712	800009ac	4176d093	srai	x1,x13,0x17	 x13:0x00000000  x1=0x00000000
      27155.000 ns	      2714	800009b0	c0017853	fcvt.w.s	x16,f2	  f2:0x7fc00000 x16=0x7fffffff
      27175.000 ns	      2716	800009b4	00b8aeb3	slt	x29,x17,x11	 x17:0x00000000 x11:0x80041024 x29=0x00000000
      27185.000 ns	      2717	800009b8	007228b3	slt	x17,x4,x7	  x4:0x00000000  x7:0x00000000 x17=0x00000000
      27205.000 ns	      2719	800009bc	a0fc8dd3	fle.s	x27,f25,f15	 f25:0xcf000410 f15:0x7f800000 x27=0x00000001
      27575.000 ns	      2756	800009c0	03e6f533	remu	x10,x13,x30	 x13:0x00000000 x30:0x00000096 x10=0x00000000
      27595.000 ns	      2758	800009c4	41cedb93	srai	x23,x29,0x1c	 x29:0x00000000 x23=0x00000000
      27605.000 ns	      2759	800009c8	01c59193	slli	x3,x11,0x1c	 x11:0x80041024  x3=0x40000000
      27625.000 ns	      2761	800009cc	03ad8933	mul	x18,x27,x26	 x27:0x00000001 x26:0x00000000 x18=0x00000000
      27645.000 ns	      2763	800009d0	4049d4b3	sra	x9,x19,x4	 x19:0x00000000  x4:0x00000000  x9=0x00000000
      27665.000 ns	      2765	800009d4	030f9533	mulh	x10,x31,x16	 x31:0xa66d36bd x16:0x7fffffff x10=0xd3369b5e
      27695.000 ns	      2768	800009d8	a08312d3	flt.s	x5,f6,f8	  f6:0x00411ac1  f8:0x00000000  x5=0x00000000
      27735.000 ns	      2772	800009dc	580771d3	fsqrt.s	f3,f14	 f14:0x7fc00000  f3=0x7fc00000
      27775.000 ns	      2776	800009e0	10b80953	fmul.s	f18,f16,f11	 f16:0xcf000410 f11:0x4f77451d f18=0xdef74cf6
      27805.000 ns	      2779	800009e4	f0070753	fmv.w.x	f14,x14	 x14:0x7fffffff f14=0x7fffffff
      27825.000 ns	      2781	800009e8	b391f7b7	lui	x15,0xb391f	 x15=0xb391f000
      27845.000 ns	      2783	800009ec	028750b3	divu	x1,x14,x8	 x14:0x7fffffff  x8:0x00000000  x1=0xffffffff
      27865.000 ns	      2785	800009f0	31dbc813	xori	x16,x23,797	 x23:0x00000000 x16=0x0000031d
      27875.000 ns	      2786	800009f4	00ffa3b3	slt	x7,x31,x15	 x31:0xa66d36bd x15:0xb391f000  x7=0x00000001
      27885.000 ns	      2787	800009f8	004b12b3	sll	x5,x22,x4	 x22:0xfffff88f  x4:0x00000000  x5=0xfffff88f
      27895.000 ns	      2788	800009fc	00163c33	sltu	x24,x12,x1	 x12:0x7f800000  x1:0xffffffff x24=0x00000001
      28255.000 ns	      2824	80000a00	03ba6533	rem	x10,x20,x27	 x20:0x00000001 x27:0x00000001 x10=0x00000000
      28285.000 ns	      2827	80000a04	20d60353	fsgnj.s	f6,f12,f13	 f12:0x00000096 f13:0x00000000  f6=0x00000096
      28315.000 ns	      2830	80000a08	c0037453	fcvt.w.s	x8,f6	  f6:0x00411ac1  x8=0x00000000
      28335.000 ns	      2832	80000a0c	f34e4a93	xori	x21,x28,-204	 x28:0x80040fe4 x21=0x7ffbf0d0
      28355.000 ns	      2834	80000a10	29bf1e53	fmax.s	f28,f30,f27	 f30:0x7fc00000 f27:0x7fc00000 f28=0x7fc00000
      28375.000 ns	      2836	80000a14	bb0ac713	xori	x14,x21,-1104	 x21:0x00000000 x14=0x80040b60
      28395.000 ns	      2838	80000a18	21141b53	fsgnjn.s	f22,f8,f17	  f8:0x00000000 f17:0x471eb6e8 f22=0x80000000
      28415.000 ns	      2840	80000a1c	40d0d333	sra	x6,x1,x13	  x1:0xffffffff x13:0x00000000  x6=0xffffffff
      28425.000 ns	      2841	80000a20	00ccd793	srli	x15,x25,0xc	 x25:0x00000000 x15=0x00000000
      28465.000 ns	      2845	80000a24	004ac8d3	fadd.s	f17,f21,f4	 f21:0x80411ac1  f4:0x4f7a66d3 f17=0x4f7a66d3
      28495.000 ns	      2848	80000a28	0319f6b3	remu	x13,x19,x17	 x19:0x00000000 x17:0x00000000 x13=0x00000000
      28525.000 ns	      2851	80000a2c	c01c4c53	fcvt.wu.s	x24,f24	 f24:0x4f000410 x24=0x80041000
      28555.000 ns	      2854	80000a30	c002f653	fcvt.w.s	x12,f5	  f5:0xfca94839 x12=0x80000000
      28575.000 ns	      2856	80000a34	009a1213	slli	x4,x20,0x9	 x20:0x00000001  x4=0x00000200
      29745.000 ns	      2973	80000a38	58034d53	fsqrt.s	f26,f6	  f6:0x00000096 f26=0x1f350556
      29765.000 ns	      2975	80000a3c	abefdc97	auipc	x25,0xabefd	 x25=0x2befda3c
      29785.000 ns	      2977	80000a40	03b48f33	mul	x30,x9,x27	  x9:0x00000000 x27:0x00000001 x30=0x00000000
      29805.000 ns	      2979	80000a44	01929c93	slli	x25,x5,0x19	  x5:0xfffff88f x25=0x1e000000
      29815.000 ns	      2980	80000a48	018dd213	srli	x4,x27,0x18	 x27:0x00000001  x4=0x00000000
      29825.000 ns	      2981	80000a4c	3b104993	xori	x19,x0,945	  x0:0x00000000 x19=0x000003b1
      29835.000 ns	      2982	80000a50	01c39613	slli	x12,x7,0x1c	  x7:0x00000001 x12=0x10000000
      29855.000 ns	      2984	80000a54	02952db3	mulhsu	x27,x10,x9	 x10:0x00000000  x9:0x00000000 x27=0x00000000
      29875.000 ns	      2986	80000a58	06cb4c13	xori	x24,x22,108	 x22:0xfffff88f x24=0xfffff8e3
      29915.000 ns	      2990	80000a5c	090ec153	fsub.s	f2,f29,f16	 f29:0x7f800000 f16:0xcf000410  f2=0x7f800000
      29935.000 ns	      2992	80000a60	013909b3	add	x19,x18,x19	 x18:0x00000000 x19:0x000003b1 x19=0x000003b1
      29945.000 ns	      2993	80000a64	d62e6413	ori	x8,x28,-670	 x28:0x80040fe4  x8=0xffffffe6
      29955.000 ns	      2994	80000a68	01e8dc93	srli	x25,x17,0x1e	 x17:0x00000000 x25=0x00000000
      29985.000 ns	      2997	80000a6c	103e44d3	fmul.s	f9,f28,f3	 f28:0x7fc00000  f3:0x7fc00000  f9=0x7fc00000
      30005.000 ns	      2999	80000a70	00ff3933	sltu	x18,x30,x15	 x30:0x00000000 x15:0x00000000 x18=0x00000000
      30365.000 ns	      3035	80000a74	03c6c9b3	div	x19,x13,x28	 x13:0x00000000 x28:0x80040fe4 x19=0x00000000
      30385.000 ns	      3037	80000a78	0181fc33	and	x24,x3,x24	  x3:0x40000000 x24:0xfffff8e3 x24=0x40000000
      30405.000 ns	      3039	80000a7c	f00b0c53	fmv.w.x	f24,x22	 x22:0xfffff88f f24=0xfffff88f
      30425.000 ns	      3041	80000a80	7474ef13	ori	x30,x9,1863	  x9:0x00000000 x30=0x00000747
      30445.000 ns	      3043	80000a84	d014f5d3	fcvt.s.wu	f11,x9	  x9:0x00000000 f11=0x00000000
      30475.000 ns	      3046	80000a88	28fb84d3	fmin.s	f9,f23,f15	 f23:0x4f000410 f15:0x7f800000  f9=0x4f000410
      30505.000 ns	      3049	80000a8c	c00009d3	fcvt.w.s	x19,f0	  f0:0x7f800000 x19=0x7fffffff
      30535.000 ns	      3052	80000a90	a13c9653	flt.s	x12,f25,f19	 f25:0xcf000410 f19:0x7f800000 x12=0x00000001
      30565.000 ns	      3055	80000a94	c0151553	fcvt.wu.s	x10,f10	 f10:0x80411ac1 x10=0x00000000
      30585.000 ns	      3057	80000a98	0117de93	srli	x29,x15,0x11	 x15:0x00000000 x29=0x00000000
      30595.000 ns	      3058	80000a9c	40b50a33	sub	x20,x10,x11	 x10:0x00000000 x11:0x80041024 x20=0x7ffbefdc
      30615.000 ns	      3060	80000aa0	c00776d3	fcvt.w.s	x13,f14	 f14:0x7fffffff x13=0x7fffffff
      30635.000 ns	      3062	80000aa4	6b890293	addi	x5,x18,1720	 x18:0x00000000  x5=0x000006b8
      30645.000 ns	      3063	80000aa8	01627b33	and	x22,x4,x22	  x4:0x00000000 x22:0xfffff88f x22=0x00000000
      30655.000 ns	      3064	80000aac	0014d3b3	srl	x7,x9,x1	  x9:0x00000000  x1:0xffffffff  x7=0x00000000
      30665.000 ns	      3065	80000ab0	33878913	addi	x18,x15,824	 x15:0x00000000 x18=0x00000338
      30675.000 ns	      3066	80000ab4	29bd2b13	slti	x22,x26,667	 x26:0x00000000 x22=0x00000001
      30685.000 ns	      3067	80000ab8	004bca33	xor	x20,x23,x4	 x23:0x00000000  x4:0x00000000 x20=0x00000000
      30705.000 ns	      3069	80000abc	29198653	fmin.s	f12,f19,f17	 f19:0x7f800000 f17:0x4f7a66d3 f12=0x4f7a66d3
      30725.000 ns	      3071	80000ac0	1465fa97	auipc	x21,0x1465f	 x21=0x9465fac0
      30735.000 ns	      3072	80000ac4	00197f33	and	x30,x18,x1	 x18:0x00000338  x1:0xffffffff x30=0x00000338
      30755.000 ns	      3074	80000ac8	a0e286d3	fle.s	x13,f5,f14	  f5:0xfca94839 f14:0x7fffffff x13=0x00000000
      30785.000 ns	      3077	80000acc	d0128253	fcvt.s.wu	f4,x5	  x5:0x000006b8  f4=0x44d70000
      30815.000 ns	      3080	80000ad0	a199ad53	feq.s	x26,f19,f25	 f19:0x7f800000 f25:0xcf000410 x26=0x00000000
      30855.000 ns	      3084	80000ad4	193015d3	fdiv.s	f11,f0,f19	  f0:0x7f800000 f19:0x7f800000 f11=0x7fc00000
      30875.000 ns	      3086	80000ad8	72e14813	xori	x16,x2,1838	  x2:0xf9972418 x16=0xf9972336
      30885.000 ns	      3087	80000adc	00000013	addi	x0,x0,0	  x0:0x00000000
      30905.000 ns	      3089	80000ae0	a0710953	fle.s	x18,f2,f7	  f2:0x7f800000  f7:0x00000000 x18=0x00000000
      30935.000 ns	      3092	80000ae4	03571533	mulh	x10,x14,x21	 x14:0x80040b60 x21:0x9465fac0 x10=0x35cb4f6f
      30965.000 ns	      3095	80000ae8	035e2433	mulhsu	x8,x28,x21	 x28:0x80040fe4 x21:0x9465fac0  x8=0xb5cf5d6e
      30995.000 ns	      3098	80000aec	e00f0953	fmv.x.w	x18,f30	 f30:0x7fc00000 x18=0x7fc00000
      31025.000 ns	      3101	80000af0	20eb15d3	fsgnjn.s	f11,f22,f14	 f22:0x80000000 f14:0x7fffffff f11=0x80000000
      31395.000 ns	      3138	80000af4	0388d633	divu	x12,x17,x24	 x17:0x00000000 x24:0x40000000 x12=0x00000000
      31415.000 ns	      3140	80000af8	0cd3b393	sltiu	x7,x7,205	  x7:0x00000000  x7=0x00000001
      31425.000 ns	      3141	80000afc	593ab013	sltiu	x0,x21,1427	 x21:0x9465fac0
      31435.000 ns	      3142	80000b00	4f57b417	auipc	x8,0x4f57b	  x8=0xcf57bb00
      31465.000 ns	      3145	80000b04	10297bd3	fmul.s	f23,f18,f2	 f18:0xdef74cf6  f2:0x7f800000 f23=0xff800000
      31835.000 ns	      3182	80000b08	035cf8b3	remu	x17,x25,x21	 x25:0x00000000 x21:0x9465fac0 x17=0x00000000
      31865.000 ns	      3185	80000b0c	a1a804d3	fle.s	x9,f16,f26	 f16:0xcf000410 f26:0x1f350556  x9=0x00000001
      31885.000 ns	      3187	80000b10	01cdac33	slt	x24,x27,x28	 x27:0x00000000 x28:0x80040fe4 x24=0x00000000
      31895.000 ns	      3188	80000b14	000d9e93	slli	x29,x27,0x0	 x27:0x00000000 x29=0x00000000
      31905.000 ns	      3189	80000b18	20f7fd13	andi	x26,x15,527	 x15:0x00000000 x26=0x00000000
      31915.000 ns	      3190	80000b1c	0022f3b3	and	x7,x5,x2	  x5:0x000006b8  x2:0xf9972418  x7=0x00000418
      31935.000 ns	      3192	80000b20	03dbeb33	rem	x22,x23,x29	 x23:0x00000000 x29:0x00000000 x22=0x00000000
      31965.000 ns	      3195	80000b24	02781bb3	mulh	x23,x16,x7	 x16:0xf9972336  x7:0x00000001 x23=0xffffffe5
      31985.000 ns	      3197	80000b28	872eba13	sltiu	x20,x29,-1934	 x29:0x00000000 x20=0x00000001
      32025.000 ns	      3201	80000b2c	08faf453	fsub.s	f8,f21,f15	 f21:0x80411ac1 f15:0x7f800000  f8=0xff800000
      32065.000 ns	      3205	80000b30	580b9cd3	fsqrt.s	f25,f23	 f23:0xff800000 f25=0x7fc00000
      32115.000 ns	      3210	80000b34	00e296d3	fadd.s	f13,f5,f14	  f5:0xfca94839 f14:0x7fffffff f13=0x7fc00000
      32135.000 ns	      3212	80000b38	466ea393	slti	x7,x29,1126	 x29:0x00000000  x7=0x00000001
      32145.000 ns	      3213	80000b3c	002db233	sltu	x4,x27,x2	 x27:0x00000000  x2:0xf9972418  x4=0x00000001
      32165.000 ns	      3215	80000b40	d01d0953	fcvt.s.wu	f18,x26	 x26:0x00000000 f18=0x00000000
      32195.000 ns	      3218	80000b44	d01f7c53	fcvt.s.wu	f24,x30	 x30:0x00000338 f24=0x444e0000
      32215.000 ns	      3220	80000b48	407e88b3	sub	x17,x29,x7	 x29:0x00000000  x7:0x00000001 x17=0xffffffff
      32235.000 ns	      3222	80000b4c	a1320ed3	fle.s	x29,f4,f19	  f4:0x44d70000 f19:0x7f800000 x29=0x00000001
      32265.000 ns	      3225	80000b50	e00206d3	fmv.x.w	x13,f4	  f4:0x44d70000 x13=0x44d70000
      32305.000 ns	      3229	80000b54	5802ff53	fsqrt.s	f30,f5	  f5:0xfca94839 f30=0x7fc00000
      32325.000 ns	      3231	80000b58	406e0833	sub	x16,x28,x6	 x28:0x80040fe4  x6:0xffffffff x16=0x80040fe5
      32345.000 ns	      3233	80000b5c	031eb433	mulhu	x8,x29,x17	 x29:0x00000001 x17:0xffffffff  x8=0x00000000
      32385.000 ns	      3237	80000b60	11187753	fmul.s	f14,f16,f17	 f16:0xcf000410 f17:0x4f7a66d3 f14=0xdefa6ec6
      32415.000 ns	      3240	80000b64	d0174b53	fcvt.s.wu	f22,x14	 x14:0x80040b60 f22=0x4f00040b
      32435.000 ns	      3242	80000b68	00dfbdb3	sltu	x27,x31,x13	 x31:0xa66d36bd x13:0x44d70000 x27=0x00000000
      32445.000 ns	      3243	80000b6c	010927b3	slt	x15,x18,x16	 x18:0x7fc00000 x16:0x80040fe5 x15=0x00000000
      32465.000 ns	      3245	80000b70	f0030bd3	fmv.w.x	f23,x6	  x6:0xffffffff f23=0xffffffff
      32495.000 ns	      3248	80000b74	03a403b3	mul	x7,x8,x26	  x8:0x00000000 x26:0x00000000  x7=0x00000000
      32515.000 ns	      3250	80000b78	001da833	slt	x16,x27,x1	 x27:0x00000000  x1:0xffffffff x16=0x00000000
      32535.000 ns	      3252	80000b7c	a1eb9253	flt.s	x4,f23,f30	 f23:0xffffffff f30:0x7fc00000  x4=0x00000000
      32555.000 ns	      3254	80000b80	01d138b3	sltu	x17,x2,x29	  x2:0xf9972418 x29:0x00000001 x17=0x00000000
      32575.000 ns	      3256	80000b84	a13897d3	flt.s	x15,f17,f19	 f17:0x4f7a66d3 f19:0x7f800000 x15=0x00000001
      32595.000 ns	      3258	80000b88	b3122817	auipc	x16,0xb3122	 x16=0x33122b88
      32615.000 ns	      3260	80000b8c	e0088653	fmv.x.w	x12,f17	 f17:0x4f7a66d3 x12=0x4f7a66d3
      32655.000 ns	      3264	80000b90	194df153	fdiv.s	f2,f27,f20	 f27:0x7fc00000 f20:0x7fc00000  f2=0x7fc00000
      32675.000 ns	      3266	80000b94	007887b3	add	x15,x17,x7	 x17:0x00000000  x7:0x00000000 x15=0x00000000
      32695.000 ns	      3268	80000b98	c00c2cd3	fcvt.w.s	x25,f24	 f24:0x444e0000 x25=0x00000338
      32725.000 ns	      3271	80000b9c	f00d88d3	fmv.w.x	f17,x27	 x27:0x00000000 f17=0x00000000
      32745.000 ns	      3273	80000ba0	00900633	add	x12,x0,x9	  x0:0x00000000  x9:0x00000001 x12=0x00000001
      32785.000 ns	      3277	80000ba4	0800c8d3	fsub.s	f17,f1,f0	  f1:0x00000000  f0:0x7f800000 f17=0xff800000
      32805.000 ns	      3279	80000ba8	9c382a93	slti	x21,x16,-1597	 x16:0x33122b88 x21=0x00000000
      32815.000 ns	      3280	80000bac	32e2aa13	slti	x20,x5,814	  x5:0x000006b8 x20=0x00000000
      32825.000 ns	      3281	80000bb0	42df3193	sltiu	x3,x30,1069	 x30:0x00000338  x3=0x00000001
      32845.000 ns	      3283	80000bb4	e00602d3	fmv.x.w	x5,f12	 f12:0x4f7a66d3  x5=0x4f7a66d3
      32895.000 ns	      3288	80000bb8	018b26d3	fadd.s	f13,f22,f24	 f22:0x4f00040b f24:0x444e0000 f13=0x4f00040e
      32915.000 ns	      3290	80000bbc	004e7413	andi	x8,x28,4	 x28:0x80040fe4  x8=0x00000004
      32935.000 ns	      3292	80000bc0	283d9753	fmax.s	f14,f27,f3	 f27:0x7fc00000  f3:0x7fc00000 f14=0x7fc00000
      32955.000 ns	      3294	80000bc4	83feebb7	lui	x23,0x83fee	 x23=0x83fee000
      32975.000 ns	      3296	80000bc8	e0051ed3	fclass.s	x29,f10	 f10:0x80411ac1 x29=0x00000004
      33005.000 ns	      3299	80000bcc	20a68bd3	fsgnj.s	f23,f13,f10	 f13:0x4f00040e f10:0x80411ac1 f23=0xcf00040e
      33025.000 ns	      3301	80000bd0	c3fb4013	xori	x0,x22,-961	 x22:0x00000000
      33035.000 ns	      3302	80000bd4	01759c13	slli	x24,x11,0x17	 x11:0x80041024 x24=0x12000000
      33055.000 ns	      3304	80000bd8	029d1d33	mulh	x26,x26,x9	 x26:0x00000000  x9:0x00000001 x26=0x00000000
      33395.000 ns	      3338	80000bdc	18a809d3	fdiv.s	f19,f16,f10	 f16:0xcf000410 f10:0x80411ac1 f19=0x7f800000
      33425.000 ns	      3341	80000be0	03cc0f33	mul	x30,x24,x28	 x24:0x12000000 x28:0x80040fe4 x30=0x08000000
      33455.000 ns	      3344	80000be4	e00b0453	fmv.x.w	x8,f22	 f22:0x4f00040b  x8=0x4f00040b
      33485.000 ns	      3347	80000be8	e00b9bd3	fclass.s	x23,f23	 f23:0xcf00040e x23=0x00000002
      34665.000 ns	      3465	80000bec	58064f53	fsqrt.s	f30,f12	 f12:0x4f7a66d3 f30=0x47310f49
      34685.000 ns	      3467	80000bf0	007680b3	add	x1,x13,x7	 x13:0x44d70000  x7:0x00000000  x1=0x44d70000
      34695.000 ns	      3468	80000bf4	07202d13	slti	x26,x0,114	  x0:0x00000000 x26=0x00000001
      34725.000 ns	      3471	80000bf8	180e74d3	fdiv.s	f9,f28,f0	 f28:0x7fc00000  f0:0x7f800000  f9=0x7fc00000
      34755.000 ns	      3474	80000bfc	291c8fd3	fmin.s	f31,f25,f17	 f25:0x7fc00000 f17:0xff800000 f31=0xff800000
      34785.000 ns	      3477	80000c00	a06f09d3	fle.s	x19,f30,f6	 f30:0x47310f49  f6:0x00000096 x19=0x00000000
      34825.000 ns	      3481	80000c04	18f47453	fdiv.s	f8,f8,f15	  f8:0xff800000 f15:0x7f800000  f8=0x7fc00000
      34855.000 ns	      3484	80000c08	e00c9dd3	fclass.s	x27,f25	 f25:0x7fc00000 x27=0x00000200
      35225.000 ns	      3521	80000c0c	02816333	rem	x6,x2,x8	  x2:0xf9972418  x8:0x4f00040b  x6=0xf9972418
      35245.000 ns	      3523	80000c10	01bc8833	add	x16,x25,x27	 x25:0x00000338 x27:0x00000200 x16=0x00000538
      35255.000 ns	      3524	80000c14	88200693	addi	x13,x0,-1918	  x0:0x00000000 x13=0xfffff882
      35275.000 ns	      3526	80000c18	e0088253	fmv.x.w	x4,f17	 f17:0xff800000  x4=0xff800000
      35295.000 ns	      3528	80000c1c	01129393	slli	x7,x5,0x11	  x5:0x4f7a66d3  x7=0xcda60000
      35315.000 ns	      3530	80000c20	e0090a53	fmv.x.w	x20,f18	 f18:0x00000000 x20=0x00000000
      35335.000 ns	      3532	80000c24	bd8de513	ori	x10,x27,-1064	 x27:0x00000200 x10=0xfffffbd8
      35345.000 ns	      3533	80000c28	0006d393	srli	x7,x13,0x0	 x13:0xfffff882  x7=0xfffff882
      35365.000 ns	      3535	80000c2c	20bd1953	fsgnjn.s	f18,f26,f11	 f26:0x1f350556 f11:0x80000000 f18=0x1f350556
      35395.000 ns	      3538	80000c30	28cc1b53	fmax.s	f22,f24,f12	 f24:0x444e0000 f12:0x4f7a66d3 f22=0x4f7a66d3
      35415.000 ns	      3540	80000c34	01c51d33	sll	x26,x10,x28	 x10:0xfffffbd8 x28:0x80040fe4 x26=0xffffbd80
      35425.000 ns	      3541	80000c38	7e936f37	lui	x30,0x7e936	 x30=0x7e936000
      35455.000 ns	      3544	80000c3c	10133a53	fmul.s	f20,f6,f1	  f6:0x00000096  f1:0x00000000 f20=0x00000000
      35475.000 ns	      3546	80000c40	00074c33	xor	x24,x14,x0	 x14:0x80040b60  x0:0x00000000 x24=0x80040b60
      35835.000 ns	      3582	80000c44	025cc4b3	div	x9,x25,x5	 x25:0x00000338  x5:0x4f7a66d3  x9=0x00000000
      35865.000 ns	      3585	80000c48	214612d3	fsgnjn.s	f5,f12,f20	 f12:0x4f7a66d3 f20:0x00000000  f5=0xcf7a66d3
      35885.000 ns	      3587	80000c4c	01182333	slt	x6,x16,x17	 x16:0x00000538 x17:0x00000000  x6=0x00000000
      35905.000 ns	      3589	80000c50	a04290d3	flt.s	x1,f5,f4	  f5:0xcf7a66d3  f4:0x44d70000  x1=0x00000001
      35925.000 ns	      3591	80000c54	41dc53b3	sra	x7,x24,x29	 x24:0x80040b60 x29:0x00000004  x7=0xf80040b6
      35945.000 ns	      3593	80000c58	d006fa53	fcvt.s.w	f20,x13	 x13:0xfffff882 f20=0xc4efc000
      35965.000 ns	      3595	80000c5c	00ce6533	or	x10,x28,x12	 x28:0x80040fe4 x12:0x00000001 x10=0x80040fe5
      35985.000 ns	      3597	80000c60	c000f953	fcvt.w.s	x18,f1	  f1:0x00000000 x18=0x00000000
      36005.000 ns	      3599	80000c64	419f6513	ori	x10,x30,1049	 x30:0x7e936000 x10=0x7e936419
      36025.000 ns	      3601	80000c68	02789833	mulh	x16,x17,x7	 x17:0x00000000  x7:0xf80040b6 x16=0x00000000
      36055.000 ns	      3604	80000c6c	20610c53	fsgnj.s	f24,f2,f6	  f2:0x7fc00000  f6:0x00000096 f24=0x7fc00000
      36075.000 ns	      3606	80000c70	b3e7b713	sltiu	x14,x15,-1218	 x15:0x00000000 x14=0x00000001
      36405.000 ns	      3639	80000c74	184571d3	fdiv.s	f3,f10,f4	 f10:0x80411ac1  f4:0x44d70000  f3=0x80000000
      36435.000 ns	      3642	80000c78	024d1db3	mulh	x27,x26,x4	 x26:0xffffbd80  x4:0xff800000 x27=0x00000021
      36455.000 ns	      3644	80000c7c	3a1ebc93	sltiu	x25,x29,929	 x29:0x00000004 x25=0x00000001
      36475.000 ns	      3646	80000c80	2055abd3	fsgnjx.s	f23,f11,f5	 f11:0x80000000  f5:0xcf7a66d3 f23=0x00000000
      36505.000 ns	      3649	80000c84	a1100a53	fle.s	x20,f0,f17	  f0:0x7f800000 f17:0xff800000 x20=0x00000000
      36525.000 ns	      3651	80000c88	00000013	addi	x0,x0,0	  x0:0x00000000
      36535.000 ns	      3652	80000c8c	41b35893	srai	x17,x6,0x1b	  x6:0x00000000 x17=0x00000000
      36555.000 ns	      3654	80000c90	296e9b53	fmax.s	f22,f29,f22	 f29:0x7f800000 f22:0x4f7a66d3 f22=0x7f800000
      36585.000 ns	      3657	80000c94	037816b3	mulh	x13,x16,x23	 x16:0x00000000 x23:0x00000002 x13=0x00000000
      36615.000 ns	      3660	80000c98	29bc99d3	fmax.s	f19,f25,f27	 f25:0x7fc00000 f27:0x7fc00000 f19=0x7fc00000
      36645.000 ns	      3663	80000c9c	206a2853	fsgnjx.s	f16,f20,f6	 f20:0xc4efc000  f6:0x00000096 f16=0xc4efc000
      36675.000 ns	      3666	80000ca0	c01c42d3	fcvt.wu.s	x5,f24	 f24:0x7fc00000  x5=0xffffffff
      37045.000 ns	      3703	80000ca4	03837433	remu	x8,x6,x24	  x6:0x00000000 x24:0x80040b60  x8=0x00000000
      37065.000 ns	      3705	80000ca8	e240f993	andi	x19,x1,-476	  x1:0x00000001 x19=0x00000000
      37425.000 ns	      3741	80000cac	021469b3	rem	x19,x8,x1	  x8:0x00000000  x1:0x00000001 x19=0x00000000
      37455.000 ns	      3744	80000cb0	29b894d3	fmax.s	f9,f17,f27	 f17:0xff800000 f27:0x7fc00000  f9=0xff800000
      37475.000 ns	      3746	80000cb4	00e3cfb3	xor	x31,x7,x14	  x7:0xf80040b6 x14:0x00000001 x31=0xf80040b7
      37495.000 ns	      3748	80000cb8	02bbbdb3	mulhu	x27,x23,x11	 x23:0x00000002 x11:0x80041024 x27=0x00000001
      37525.000 ns	      3751	80000cbc	2099ac53	fsgnjx.s	f24,f19,f9	 f19:0x7fc00000  f9:0xff800000 f24=0xffc00000
      37555.000 ns	      3754	80000cc0	03395433	divu	x8,x18,x19	 x18:0x00000000 x19:0x00000000  x8=0xffffffff
      37575.000 ns	      3756	80000cc4	f7eef313	andi	x6,x29,-130	 x29:0x00000004  x6=0x00000004
      37595.000 ns	      3758	80000cc8	202c1e53	fsgnjn.s	f28,f24,f2	 f24:0xffc00000  f2:0x7fc00000 f28=0xffc00000
      37965.000 ns	      3795	80000ccc	03c4c3b3	div	x7,x9,x28	  x9:0x00000000 x28:0x80040fe4  x7=0x00000000
      37995.000 ns	      3798	80000cd0	e00a8553	fmv.x.w	x10,f21	 f21:0x80411ac1 x10=0x80411ac1
      38025.000 ns	      3801	80000cd4	020c3ab3	mulhu	x21,x24,x0	 x24:0x80040b60  x0:0x00000000 x21=0x00000000
      38045.000 ns	      3803	80000cd8	e41f90b7	lui	x1,0xe41f9	  x1=0xe41f9000
      38075.000 ns	      3806	80000cdc	5802fbd3	fsqrt.s	f23,f5	  f5:0xcf7a66d3 f23=0x7fc00000
      38095.000 ns	      3808	80000ce0	00000013	addi	x0,x0,0	  x0:0x00000000
      38105.000 ns	      3809	80000ce4	69972193	slti	x3,x14,1689	 x14:0x00000001  x3=0x00000001
      38115.000 ns	      3810	80000ce8	009f71b3	and	x3,x30,x9	 x30:0x7e936000  x9:0x00000000  x3=0x00000000
      38125.000 ns	      3811	80000cec	01411f33	sll	x30,x2,x20	  x2:0xf9972418 x20:0x00000000 x30=0xf9972418
      38155.000 ns	      3814	80000cf0	110d7f53	fmul.s	f30,f26,f16	 f26:0x1f350556 f16:0xc4efc000 f30=0xa4a987bf
      38185.000 ns	      3817	80000cf4	217c9c53	fsgnjn.s	f24,f25,f23	 f25:0x7fc00000 f23:0x7fc00000 f24=0xffc00000
      38205.000 ns	      3819	80000cf8	04e8e793	ori	x15,x17,78	 x17:0x00000000 x15=0x0000004e
      38225.000 ns	      3821	80000cfc	a13d8bd3	fle.s	x23,f27,f19	 f27:0x7fc00000 f19:0x7fc00000 x23=0x00000000
      38255.000 ns	      3824	80000d00	205f9f53	fsgnjn.s	f30,f31,f5	 f31:0xff800000  f5:0xcf7a66d3 f30=0x7f800000
      38275.000 ns	      3826	80000d04	4177d613	srai	x12,x15,0x17	 x15:0x0000004e x12=0x00000000
      38295.000 ns	      3828	80000d08	e0060053	fmv.x.w	x0,f12	 f12:0x4f7a66d3
      38325.000 ns	      3831	80000d0c	295819d3	fmax.s	f19,f16,f21	 f16:0xc4efc000 f21:0x80411ac1 f19=0x80411ac1
      38355.000 ns	      3834	80000d10	d01af753	fcvt.s.wu	f14,x21	 x21:0x00000000 f14=0x00000000
      38385.000 ns	      3837	80000d14	f00a0653	fmv.w.x	f12,x20	 x20:0x00000000 f12=0x00000000
      38415.000 ns	      3840	80000d18	21b52bd3	fsgnjx.s	f23,f10,f27	 f10:0x80411ac1 f27:0x7fc00000 f23=0x80411ac1
      38435.000 ns	      3842	80000d1c	5596e393	ori	x7,x13,1369	 x13:0x00000000  x7=0x00000559
      38445.000 ns	      3843	80000d20	004217b3	sll	x15,x4,x4	  x4:0xff800000  x4:0xff800000 x15=0xff800000
      38455.000 ns	      3844	80000d24	01f833b3	sltu	x7,x16,x31	 x16:0x00000000 x31:0xf80040b7  x7=0x00000001
      38465.000 ns	      3845	80000d28	80b4bb37	lui	x22,0x80b4b	 x22=0x80b4b000
      38485.000 ns	      3847	80000d2c	20282ad3	fsgnjx.s	f21,f16,f2	 f16:0xc4efc000  f2:0x7fc00000 f21=0xc4efc000
      38515.000 ns	      3850	80000d30	02f821b3	mulhsu	x3,x16,x15	 x16:0x00000000 x15:0xff800000  x3=0x00000000
      38535.000 ns	      3852	80000d34	d3378793	addi	x15,x15,-717	 x15:0xff800000 x15=0xff7ffd33
      38545.000 ns	      3853	80000d38	0173f8b3	and	x17,x7,x23	  x7:0x00000001 x23:0x00000000 x17=0x00000000
      38905.000 ns	      3889	80000d3c	0398f633	remu	x12,x17,x25	 x17:0x00000000 x25:0x00000001 x12=0x00000000
      38935.000 ns	      3892	80000d40	03597bb3	remu	x23,x18,x21	 x18:0x00000000 x21:0x00000000 x23=0x00000000
      39305.000 ns	      3929	80000d44	0282f933	remu	x18,x5,x8	  x5:0xffffffff  x8:0xffffffff x18=0x00000000
      39355.000 ns	      3934	80000d48	09e8a053	fsub.s	f0,f17,f30	 f17:0xff800000 f30:0x7f800000  f0=0x80000000
      39385.000 ns	      3937	80000d4c	a13d23d3	feq.s	x7,f26,f19	 f26:0x1f350556 f19:0x80411ac1  x7=0x00000000
      39415.000 ns	      3940	80000d50	02718c33	mul	x24,x3,x7	  x3:0x00000000  x7:0x00000001 x24=0x00000000
      39435.000 ns	      3942	80000d54	41768433	sub	x8,x13,x23	 x13:0x00000000 x23:0x00000000  x8=0x00000000
      39445.000 ns	      3943	80000d58	4476a713	slti	x14,x13,1095	 x13:0x00000000 x14=0x00000001
      39465.000 ns	      3945	80000d5c	034e49b3	div	x19,x28,x20	 x28:0x80040fe4 x20:0x00000000 x19=0xffffffff
      39495.000 ns	      3948	80000d60	217388d3	fsgnj.s	f17,f7,f23	  f7:0x00000000 f23:0x80411ac1 f17=0x80000000
      39525.000 ns	      3951	80000d64	d013f3d3	fcvt.s.wu	f7,x7	  x7:0x00000000  f7=0x00000000
      39545.000 ns	      3953	80000d68	3f0a2293	slti	x5,x20,1008	 x20:0x00000000  x5=0x00000001
      39565.000 ns	      3955	80000d6c	e0019a53	fclass.s	x20,f3	  f3:0x80000000 x20=0x00000008
      39585.000 ns	      3957	80000d70	0070dcb3	srl	x25,x1,x7	  x1:0xe41f9000  x7:0x00000000 x25=0xe41f9000
      39605.000 ns	      3959	80000d74	293299d3	fmax.s	f19,f5,f19	  f5:0xcf7a66d3 f19:0x80411ac1 f19=0x80411ac1
      39625.000 ns	      3961	80000d78	00061c93	slli	x25,x12,0x0	 x12:0x00000000 x25=0x00000000
      39665.000 ns	      3965	80000d7c	082c71d3	fsub.s	f3,f24,f2	 f24:0xffc00000  f2:0x7fc00000  f3=0x7fc00000
      39685.000 ns	      3967	80000d80	0093a233	slt	x4,x7,x9	  x7:0x00000000  x9:0x00000000  x4=0x00000000
      39705.000 ns	      3969	80000d84	c018f8d3	fcvt.wu.s	x17,f17	 f17:0x80000000 x17=0x00000000
      39725.000 ns	      3971	80000d88	01b34cb3	xor	x25,x6,x27	  x6:0x00000004 x27:0x00000001 x25=0x00000005
      39745.000 ns	      3973	80000d8c	a05e24d3	feq.s	x9,f28,f5	 f28:0xffc00000  f5:0xcf7a66d3  x9=0x00000000
      39765.000 ns	      3975	80000d90	00000013	addi	x0,x0,0	  x0:0x00000000
      39775.000 ns	      3976	80000d94	013ac1b3	xor	x3,x21,x19	 x21:0x00000000 x19:0xffffffff  x3=0xffffffff
      39785.000 ns	      3977	80000d98	8295a213	slti	x4,x11,-2007	 x11:0x80041024  x4=0x00000001
      39795.000 ns	      3978	80000d9c	41ef5333	sra	x6,x30,x30	 x30:0xf9972418 x30:0xf9972418  x6=0xfffffff9
      39805.000 ns	      3979	80000da0	01648eb3	add	x29,x9,x22	  x9:0x00000000 x22:0x80b4b000 x29=0x80b4b000
      39815.000 ns	      3980	80000da4	40fad313	srai	x6,x21,0xf	 x21:0x00000000  x6=0x00000000
      39835.000 ns	      3982	80000da8	d001a8d3	fcvt.s.w	f17,x3	  x3:0xffffffff f17=0xbf800000
      40205.000 ns	      4019	80000dac	034b5f33	divu	x30,x22,x20	 x22:0x80b4b000 x20:0x00000008 x30=0x10169600
      40225.000 ns	      4021	80000db0	01d52533	slt	x10,x10,x29	 x10:0x80411ac1 x29:0x80b4b000 x10=0x00000001
      40245.000 ns	      4023	80000db4	e00b8fd3	fmv.x.w	x31,f23	 f23:0x80411ac1 x31=0x80411ac1
      40265.000 ns	      4025	80000db8	41f17917	auipc	x18,0x41f17	 x18=0xc1f17db8
      40285.000 ns	      4027	80000dbc	c0157753	fcvt.wu.s	x14,f10	 f10:0x80411ac1 x14=0x00000000
      40315.000 ns	      4030	80000dc0	a1ee2453	feq.s	x8,f28,f30	 f28:0xffc00000 f30:0x7f800000  x8=0x00000000
      40335.000 ns	      4032	80000dc4	ab36ac93	slti	x25,x13,-1357	 x13:0x00000000 x25=0x00000000
      40355.000 ns	      4034	80000dc8	0372e933	rem	x18,x5,x23	  x5:0x00000001 x23:0x00000000 x18=0x00000001
      40375.000 ns	      4036	80000dcc	01fd2833	slt	x16,x26,x31	 x26:0xffffbd80 x31:0x80411ac1 x16=0x00000000
      40385.000 ns	      4037	80000dd0	1111e913	ori	x18,x3,273	  x3:0xffffffff x18=0xffffffff
      40405.000 ns	      4039	80000dd4	29968253	fmin.s	f4,f13,f25	 f13:0x4f00040e f25:0x7fc00000  f4=0x4f00040e
      40435.000 ns	      4042	80000dd8	e0038953	fmv.x.w	x18,f7	  f7:0x00000000 x18=0x00000000
      40465.000 ns	      4045	80000ddc	e00c07d3	fmv.x.w	x15,f24	 f24:0xffc00000 x15=0xffc00000
      40495.000 ns	      4048	80000de0	28ea8cd3	fmin.s	f25,f21,f14	 f21:0xc4efc000 f14:0x00000000 f25=0xc4efc000
      40525.000 ns	      4051	80000de4	291b92d3	fmax.s	f5,f23,f17	 f23:0x80411ac1 f17:0xbf800000  f5=0x80411ac1
      40555.000 ns	      4054	80000de8	a01d07d3	fle.s	x15,f26,f1	 f26:0x1f350556  f1:0x00000000 x15=0x00000000
      40595.000 ns	      4058	80000dec	580bbf53	fsqrt.s	f30,f23	 f23:0x80411ac1 f30=0x7fc00000
      40625.000 ns	      4061	80000df0	02c2b233	mulhu	x4,x5,x12	  x5:0x00000001 x12:0x00000000  x4=0x00000000
      40655.000 ns	      4064	80000df4	f0078953	fmv.w.x	f18,x15	 x15:0x00000000 f18=0x00000000
      40685.000 ns	      4067	80000df8	c0001a53	fcvt.w.s	x20,f0	  f0:0x80000000 x20=0x00000000
      40705.000 ns	      4069	80000dfc	00285993	srli	x19,x16,0x2	 x16:0x00000000 x19=0x00000000
      40725.000 ns	      4071	80000e00	28fc1bd3	fmax.s	f23,f24,f15	 f24:0xffc00000 f15:0x7f800000 f23=0x7f800000
      40745.000 ns	      4073	80000e04	019486b3	add	x13,x9,x25	  x9:0x00000000 x25:0x00000000 x13=0x00000000
      40755.000 ns	      4074	80000e08	007739b3	sltu	x19,x14,x7	 x14:0x00000000  x7:0x00000000 x19=0x00000000
      40775.000 ns	      4076	80000e0c	c016f653	fcvt.wu.s	x12,f13	 f13:0x4f00040e x12=0x80040e00
      40795.000 ns	      4078	80000e10	000bfd33	and	x26,x23,x0	 x23:0x00000000  x0:0x00000000 x26=0x00000000
      40815.000 ns	      4080	80000e14	e0019c53	fclass.s	x24,f3	  f3:0x7fc00000 x24=0x00000200
      40835.000 ns	      4082	80000e18	0090f333	and	x6,x1,x9	  x1:0xe41f9000  x9:0x00000000  x6=0x00000000
      40855.000 ns	      4084	80000e1c	027b2233	mulhsu	x4,x22,x7	 x22:0x80b4b000  x7:0x00000000  x4=0x00000000
      40885.000 ns	      4087	80000e20	03ad48b3	div	x17,x26,x26	 x26:0x00000000 x26:0x00000000 x17=0xffffffff
      40915.000 ns	      4090	80000e24	f0098dd3	fmv.w.x	f27,x19	 x19:0x00000000 f27=0x00000000
      40935.000 ns	      4092	80000e28	9f35a793	slti	x15,x11,-1549	 x11:0x80041024 x15=0x00000001
      40945.000 ns	      4093	80000e2c	002958b3	srl	x17,x18,x2	 x18:0x00000000  x2:0xf9972418 x17=0x00000000
      40955.000 ns	      4094	80000e30	007e9713	slli	x14,x29,0x7	 x29:0x80b4b000 x14=0x5a580000
      41315.000 ns	      4130	80000e34	02266033	rem	x0,x12,x2	 x12:0x80040e00  x2:0xf9972418
      42495.000 ns	      4248	80000e38	580245d3	fsqrt.s	f11,f4	  f4:0x4f00040e f11=0x46b50a3e
      42515.000 ns	      4250	80000e3c	f3f93693	sltiu	x13,x18,-193	 x18:0x00000000 x13=0x00000001
      42535.000 ns	      4252	80000e40	29fd1f53	fmax.s	f30,f26,f31	 f26:0x1f350556 f31:0xff800000 f30=0x1f350556
      42585.000 ns	      4257	80000e44	01fff153	fadd.s	f2,f31,f31	 f31:0xff800000 f31:0xff800000  f2=0x80000000
      42605.000 ns	      4259	80000e48	003d16b3	sll	x13,x26,x3	 x26:0x00000000  x3:0xffffffff x13=0x00000000
      42645.000 ns	      4263	80000e4c	01aef9d3	fadd.s	f19,f29,f26	 f29:0x7f800000 f26:0x1f350556 f19=0x7f800000
      42675.000 ns	      4266	80000e50	0370c633	div	x12,x1,x23	  x1:0xe41f9000 x23:0x00000000 x12=0xffffffff
      42695.000 ns	      4268	80000e54	01b60bb3	add	x23,x12,x27	 x12:0x80040e00 x27:0x00000001 x23=0x00000000
      42715.000 ns	      4270	80000e58	02de3033	mulhu	x0,x28,x13	 x28:0x80040fe4 x13:0x00000000
      42745.000 ns	      4273	80000e5c	030e9d33	mulh	x26,x29,x16	 x29:0x80b4b000 x16:0x00000000 x26=0x00000000
      42775.000 ns	      4276	80000e60	a1bc29d3	feq.s	x19,f24,f27	 f24:0xffc00000 f27:0x00000000 x19=0x00000000
      42805.000 ns	      4279	80000e64	028559b3	divu	x19,x10,x8	 x10:0x00000001  x8:0x00000000 x19=0xffffffff
      43175.000 ns	      4316	80000e68	0338ddb3	divu	x27,x17,x19	 x17:0x00000000 x19:0x00000000 x27=0x00000000
      43205.000 ns	      4319	80000e6c	03e6a1b3	mulhsu	x3,x13,x30	 x13:0x00000000 x30:0x10169600  x3=0x00000000
      44385.000 ns	      4437	80000e70	58027553	fsqrt.s	f10,f4	  f4:0x4f00040e f10=0x46b50a3e
      44415.000 ns	      4440	80000e74	02801533	mulh	x10,x0,x8	  x0:0x00000000  x8:0x00000000 x10=0x00000000
      44435.000 ns	      4442	80000e78	38ebc093	xori	x1,x23,910	 x23:0x00000000  x1=0x0000038e
      44795.000 ns	      4478	80000e7c	0219fd33	remu	x26,x19,x1	 x19:0xffffffff  x1:0xe41f9000 x26=0x000000ff
      44815.000 ns	      4480	80000e80	00000013	addi	x0,x0,0	  x0:0x00000000
      44825.000 ns	      4481	80000e84	41b9d6b3	sra	x13,x19,x27	 x19:0xffffffff x27:0x00000000 x13=0xffffffff
      44845.000 ns	      4483	80000e88	e0089f53	fclass.s	x30,f17	 f17:0xbf800000 x30=0x00000002
      44865.000 ns	      4485	80000e8c	00000013	addi	x0,x0,0	  x0:0x00000000
      44895.000 ns	      4488	80000e90	104c76d3	fmul.s	f13,f24,f4	 f24:0xffc00000  f4:0x4f00040e f13=0x7fc00000
      44915.000 ns	      4490	80000e94	00000013	addi	x0,x0,0	  x0:0x00000000
      44935.000 ns	      4492	80000e98	033c3433	mulhu	x8,x24,x19	 x24:0x00000200 x19:0xffffffff  x8=0x000001ff
      44975.000 ns	      4496	80000e9c	104af353	fmul.s	f6,f21,f4	 f21:0xc4efc000  f4:0x4f00040e  f6=0xd46fc798
      44995.000 ns	      4498	80000ea0	bb048097	auipc	x1,0xbb048	  x1=0x3b048ea0
      45005.000 ns	      4499	80000ea4	1dca7693	andi	x13,x20,476	 x20:0x00000000 x13=0x00000000
      45025.000 ns	      4501	80000ea8	e00b08d3	fmv.x.w	x17,f22	 f22:0x7f800000 x17=0x7f800000
      45045.000 ns	      4503	80000eac	40c85a93	srai	x21,x16,0xc	 x16:0x00000000 x21=0x00000000
      45055.000 ns	      4504	80000eb0	017cbf33	sltu	x30,x25,x23	 x25:0x00000000 x23:0x00000000 x30=0x00000000
      45075.000 ns	      4506	80000eb4	202d0fd3	fsgnj.s	f31,f26,f2	 f26:0x1f350556  f2:0x80000000 f31=0x9f350556
      45095.000 ns	      4508	80000eb8	00000013	addi	x0,x0,0	  x0:0x00000000
      45115.000 ns	      4510	80000ebc	a14b0053	fle.s	x0,f22,f20	 f22:0x7f800000 f20:0xc4efc000
      45145.000 ns	      4513	80000ec0	03eaffb3	remu	x31,x21,x30	 x21:0x00000000 x30:0x00000000 x31=0x00000000
      45175.000 ns	      4516	80000ec4	028a8db3	mul	x27,x21,x8	 x21:0x00000000  x8:0x000001ff x27=0x00000000
      45545.000 ns	      4553	80000ec8	03adc233	div	x4,x27,x26	 x27:0x00000000 x26:0x000000ff  x4=0x00000000
      45565.000 ns	      4555	80000ecc	014f70b3	and	x1,x30,x20	 x30:0x00000000 x20:0x00000000  x1=0x00000000
      45585.000 ns	      4557	80000ed0	c016fed3	fcvt.wu.s	x29,f13	 f13:0x7fc00000 x29=0xffffffff
      45605.000 ns	      4559	80000ed4	344b0613	addi	x12,x22,836	 x22:0x80b4b000 x12=0x80b4b344
      45625.000 ns	      4561	80000ed8	03f0af33	mulhsu	x30,x1,x31	  x1:0x00000000 x31:0x00000000 x30=0x00000000
      45995.000 ns	      4598	80000edc	02b77b33	remu	x22,x14,x11	 x14:0x5a580000 x11:0x80041024 x22=0x5a580000
      46015.000 ns	      4600	80000ee0	00000013	addi	x0,x0,0	  x0:0x00000000
      46025.000 ns	      4601	80000ee4	006039b3	sltu	x19,x0,x6	  x0:0x00000000  x6:0x00000000 x19=0x00000000
      46045.000 ns	      4603	80000ee8	21e22853	fsgnjx.s	f16,f4,f30	  f4:0x4f00040e f30:0x1f350556 f16=0x4f00040e
      46065.000 ns	      4605	80000eec	00fdd713	srli	x14,x27,0xf	 x27:0x00000000 x14=0x00000000
      46075.000 ns	      4606	80000ef0	00fc5a93	srli	x21,x24,0xf	 x24:0x00000200 x21=0x00000000
      46085.000 ns	      4607	80000ef4	00c7c233	xor	x4,x15,x12	 x15:0x00000001 x12:0x80b4b344  x4=0x80b4b345
      46105.000 ns	      4609	80000ef8	03d4aa33	mulhsu	x20,x9,x29	  x9:0x00000000 x29:0xffffffff x20=0x00000000
      46135.000 ns	      4612	80000efc	f0038dd3	fmv.w.x	f27,x7	  x7:0x00000000 f27=0x00000000
      46155.000 ns	      4614	80000f00	00000013	addi	x0,x0,0	  x0:0x00000000
      46175.000 ns	      4616	80000f04	a0620853	fle.s	x16,f4,f6	  f4:0x4f00040e  f6:0xd46fc798 x16=0x00000000
      46225.000 ns	      4621	80000f08	01707753	fadd.s	f14,f0,f23	  f0:0x80000000 f23:0x7f800000 f14=0x7f800000
      46245.000 ns	      4623	80000f0c	00960c33	add	x24,x12,x9	 x12:0x80b4b344  x9:0x00000000 x24=0x80b4b344
      46255.000 ns	      4624	80000f10	d25d6913	ori	x18,x26,-731	 x26:0x000000ff x18=0xfffffdff
      46275.000 ns	      4626	80000f14	29748bd3	fmin.s	f23,f9,f23	  f9:0xff800000 f23:0x7f800000 f23=0xff800000
      46295.000 ns	      4628	80000f18	00f95e93	srli	x29,x18,0xf	 x18:0x00000000 x29=0x0001ffff
      46315.000 ns	      4630	80000f1c	03a588b3	mul	x17,x11,x26	 x11:0x80041024 x26:0x000000ff x17=0x840c13dc
      46335.000 ns	      4632	80000f20	69dc0513	addi	x10,x24,1693	 x24:0x80b4b344 x10=0x80b4b9e1
      46355.000 ns	      4634	80000f24	20469ed3	fsgnjn.s	f29,f13,f4	 f13:0x7fc00000  f4:0x4f00040e f29=0xffc00000
      46375.000 ns	      4636	80000f28	00f34bb3	xor	x23,x6,x15	  x6:0x00000000 x15:0x00000001 x23=0x00000001
      46395.000 ns	      4638	80000f2c	a1832c53	feq.s	x24,f6,f24	  f6:0xd46fc798 f24:0xffc00000 x24=0x00000000
      46415.000 ns	      4640	80000f30	00f6d713	srli	x14,x13,0xf	 x13:0x00000000 x14=0x00000000
      46435.000 ns	      4642	80000f34	280b15d3	fmax.s	f11,f22,f0	 f22:0x7f800000  f0:0x80000000 f11=0x7f800000
      46455.000 ns	      4644	80000f38	23ff8b13	addi	x22,x31,575	 x31:0x00000000 x22=0x0000023f
      46475.000 ns	      4646	80000f3c	a08688d3	fle.s	x17,f13,f8	 f13:0x7fc00000  f8:0x7fc00000 x17=0x00000000
      46505.000 ns	      4649	80000f40	29f282d3	fmin.s	f5,f5,f31	  f5:0x80411ac1 f31:0x9f350556  f5=0x9f350556
      46535.000 ns	      4652	80000f44	f0028c53	fmv.w.x	f24,x5	  x5:0x00000001 f24=0x00000001
      46555.000 ns	      4654	80000f48	00f0a033	slt	x0,x1,x15	  x1:0x00000000 x15:0x00000001
      46575.000 ns	      4656	80000f4c	e0028a53	fmv.x.w	x20,f5	  f5:0x9f350556 x20=0x9f350556
      46595.000 ns	      4658	80000f50	f0738a13	addi	x20,x7,-249	  x7:0x00000000 x20=0xffffff07
      46605.000 ns	      4659	80000f54	143bff93	andi	x31,x23,323	 x23:0x00000001 x31=0x00000001
      46615.000 ns	      4660	80000f58	006b0333	add	x6,x22,x6	 x22:0x0000023f  x6:0x00000000  x6=0x0000023f
      46975.000 ns	      4696	80000f5c	03c17333	remu	x6,x2,x28	  x2:0xf9972418 x28:0x80040fe4  x6=0x79931434
      47005.000 ns	      4699	80000f60	03b25233	divu	x4,x4,x27	  x4:0x80b4b345 x27:0x00000000  x4=0xffffffff
      47025.000 ns	      4701	80000f64	41c103b3	sub	x7,x2,x28	  x2:0xf9972418 x28:0x80040fe4  x7=0x79931434
      47035.000 ns	      4702	80000f68	9bcf3813	sltiu	x16,x30,-1604	 x30:0x00000000 x16=0x00000001
      47045.000 ns	      4703	80000f6c	c5083213	sltiu	x4,x16,-944	 x16:0x00000000  x4=0x00000001
      47055.000 ns	      4704	80000f70	01789913	slli	x18,x17,0x17	 x17:0x00000000 x18=0x00000000
      47075.000 ns	      4706	80000f74	e00e11d3	fclass.s	x3,f28	 f28:0xffc00000  x3=0x00000200
      47095.000 ns	      4708	80000f78	40d95e93	srai	x29,x18,0xd	 x18:0xfffffdff x29=0x00000000
      47105.000 ns	      4709	80000f7c	4eb8fd13	andi	x26,x17,1259	 x17:0x00000000 x26=0x00000000
      47125.000 ns	      4711	80000f80	d003fd53	fcvt.s.w	f26,x7	  x7:0x79931434 f26=0x4ef32628
      47495.000 ns	      4748	80000f84	0302c333	div	x6,x5,x16	  x5:0x00000001 x16:0x00000001  x6=0x00000001
      47535.000 ns	      4752	80000f88	100bf453	fmul.s	f8,f23,f0	 f23:0xff800000  f0:0x80000000  f8=0x7fc00000
      47585.000 ns	      4757	80000f8c	008a7653	fadd.s	f12,f20,f8	 f20:0xc4efc000  f8:0x7fc00000 f12=0x7fc00000
      47615.000 ns	      4760	80000f90	022924b3	mulhsu	x9,x18,x2	 x18:0x00000000  x2:0xf9972418  x9=0x00000000
      47645.000 ns	      4763	80000f94	02bca1b3	mulhsu	x3,x25,x11	 x25:0x00000000 x11:0x80041024  x3=0x00000000
      47665.000 ns	      4765	80000f98	013f1713	slli	x14,x30,0x13	 x30:0x00000000 x14=0x00000000
      47675.000 ns	      4766	80000f9c	0149d4b3	srl	x9,x19,x20	 x19:0x00000000 x20:0xffffff07  x9=0x00000000
      47695.000 ns	      4768	80000fa0	a0d98053	fle.s	x0,f19,f13	 f19:0x7f800000 f13:0x7fc00000
      48875.000 ns	      4886	80000fa4	58053653	fsqrt.s	f12,f10	 f10:0x46b50a3e f12=0x43183a18
      48895.000 ns	      4888	80000fa8	46dcfc13	andi	x24,x25,1133	 x25:0x00000000 x24=0x00000000
      48905.000 ns	      4889	80000fac	411a0333	sub	x6,x20,x17	 x20:0xffffff07 x17:0x00000000  x6=0xffffff07
      48925.000 ns	      4891	80000fb0	c01b2253	fcvt.wu.s	x4,f22	 f22:0x7f800000  x4=0xffffffff
      48945.000 ns	      4893	80000fb4	01d9de93	srli	x29,x19,0x1d	 x19:0x00000000 x29=0x00000000
      48965.000 ns	      4895	80000fb8	c00678d3	fcvt.w.s	x17,f12	 f12:0x43183a18 x17=0x00000098
      48985.000 ns	      4897	80000fbc	40dd8233	sub	x4,x27,x13	 x27:0x00000000 x13:0x00000000  x4=0x00000000
      49005.000 ns	      4899	80000fc0	296e9c53	fmax.s	f24,f29,f22	 f29:0xffc00000 f22:0x7f800000 f24=0x7f800000
      49025.000 ns	      4901	80000fc4	62f14993	xori	x19,x2,1583	  x2:0xf9972418 x19=0xf9972237
      49035.000 ns	      4902	80000fc8	009fccb3	xor	x25,x31,x9	 x31:0x00000001  x9:0x00000000 x25=0x00000001
      49045.000 ns	      4903	80000fcc	86413093	sltiu	x1,x2,-1948	  x2:0xf9972418  x1=0x00000001
      49065.000 ns	      4905	80000fd0	e0060ed3	fmv.x.w	x29,f12	 f12:0x43183a18 x29=0x43183a18
      49105.000 ns	      4909	80000fd4	580cfbd3	fsqrt.s	f23,f25	 f25:0xc4efc000 f23=0x7fc00000
      49125.000 ns	      4911	80000fd8	00000013	addi	x0,x0,0	  x0:0x00000000
      49135.000 ns	      4912	80000fdc	07730e93	addi	x29,x6,119	  x6:0xffffff07 x29=0xffffff7e
      49465.000 ns	      4945	80000fe0	19467353	fdiv.s	f6,f12,f20	 f12:0x43183a18 f20:0xc4efc000  f6=0xbe176c89
      49495.000 ns	      4948	80000fe4	0316bd33	mulhu	x26,x13,x17	 x13:0x00000000 x17:0x00000098 x26=0x00000000
      49515.000 ns	      4950	80000fe8	00ec8c33	add	x24,x25,x14	 x25:0x00000001 x14:0x00000000 x24=0x00000001
      49525.000 ns	      4951	80000fec	41e85a33	sra	x20,x16,x30	 x16:0x00000001 x30:0x00000000 x20=0x00000001
      49555.000 ns	      4954	80000ff0	11507f53	fmul.s	f30,f0,f21	  f0:0x80000000 f21:0xc4efc000 f30=0x00000000
      49595.000 ns	      4958	80000ff4	11f57fd3	fmul.s	f31,f10,f31	 f10:0x46b50a3e f31:0x9f350556 f31=0xa6800404
      49615.000 ns	      4960	80000ff8	6cae5db7	lui	x27,0x6cae5	 x27=0x6cae5000
      49625.000 ns	      4961	80000ffc	10570f93	addi	x31,x14,261	 x14:0x00000000 x31=0x00000105
      49645.000 ns	      4963	80001000	03271bb3	mulh	x23,x14,x18	 x14:0x00000000 x18:0x00000000 x23=0x00000000
      49665.000 ns	      4965	80001004	9ff57813	andi	x16,x10,-1537	 x10:0x80b4b9e1 x16=0x80b4b9e1
      49685.000 ns	      4967	80001008	e0078fd3	fmv.x.w	x31,f15	 f15:0x7f800000 x31=0x7f800000
      49725.000 ns	      4971	8000100c	580073d3	fsqrt.s	f7,f0	  f0:0x80000000  f7=0x80000000
      50095.000 ns	      5008	80001010	02c26a33	rem	x20,x4,x12	  x4:0x00000000 x12:0x80b4b344 x20=0x00000000
      50115.000 ns	      5010	80001014	018c5393	srli	x7,x24,0x18	 x24:0x00000001  x7=0x00000000
      50135.000 ns	      5012	80001018	0376e533	rem	x10,x13,x23	 x13:0x00000000 x23:0x00000000 x10=0x00000000
      50155.000 ns	      5014	8000101c	010799b3	sll	x19,x15,x16	 x15:0x00000001 x16:0x80b4b9e1 x19=0x00000002
      50175.000 ns	      5016	80001020	034107b3	mul	x15,x2,x20	  x2:0xf9972418 x20:0x00000000 x15=0x00000000
      50195.000 ns	      5018	80001024	a3837493	andi	x9,x6,-1480	  x6:0xffffff07  x9=0xfffffa00
      50215.000 ns	      5020	80001028	c0097b53	fcvt.w.s	x22,f18	 f18:0x00000000 x22=0x00000000
      50235.000 ns	      5022	8000102c	ffb73013	sltiu	x0,x14,-5	 x14:0x00000000
      51405.000 ns	      5139	80001030	580d0253	fsqrt.s	f4,f26	 f26:0x4ef32628  f4=0x47306acb
      51455.000 ns	      5144	80001034	08a9f1d3	fsub.s	f3,f19,f10	 f19:0x7f800000 f10:0x46b50a3e  f3=0x7f800000
      51475.000 ns	      5146	80001038	00e71233	sll	x4,x14,x14	 x14:0x00000000 x14:0x00000000  x4=0x00000000
      51505.000 ns	      5149	8000103c	580e8253	fsqrt.s	f4,f29	 f29:0xffc00000  f4=0x7fc00000
      51525.000 ns	      5151	80001040	0009c7b3	xor	x15,x19,x0	 x19:0x00000002  x0:0x00000000 x15=0x00000002
      51545.000 ns	      5153	80001044	02fe8533	mul	x10,x29,x15	 x29:0xffffff7e x15:0x00000000 x10=0xfffffefc
      51565.000 ns	      5155	80001048	da0bad93	slti	x27,x23,-608	 x23:0x00000000 x27=0x00000000
      51585.000 ns	      5157	8000104c	c00cf9d3	fcvt.w.s	x19,f25	 f25:0xc4efc000 x19=0x0000077e
      51615.000 ns	      5160	80001050	a0f88353	fle.s	x6,f17,f15	 f17:0xbf800000 f15:0x7f800000  x6=0x00000001
      51645.000 ns	      5163	80001054	c018f8d3	fcvt.wu.s	x17,f17	 f17:0xbf800000 x17=0x00000001
      52015.000 ns	      5200	80001058	0389f9b3	remu	x19,x19,x24	 x19:0x0000077e x24:0x00000001 x19=0x00000000
      52035.000 ns	      5202	8000105c	01971333	sll	x6,x14,x25	 x14:0x00000000 x25:0x00000001  x6=0x00000000
      52045.000 ns	      5203	80001060	01c2b733	sltu	x14,x5,x28	  x5:0x00000001 x28:0x80040fe4 x14=0x00000001
      52065.000 ns	      5205	80001064	02751833	mulh	x16,x10,x7	 x10:0xfffffefc  x7:0x00000000 x16=0x00000000
      52085.000 ns	      5207	80001068	008111b3	sll	x3,x2,x8	  x2:0xf9972418  x8:0x000001ff  x3=0x00000000
      52105.000 ns	      5209	8000106c	f0090c53	fmv.w.x	f24,x18	 x18:0x00000000 f24=0x00000000
      52125.000 ns	      5211	80001070	86f3b493	sltiu	x9,x7,-1937	  x7:0x00000000  x9=0x00000001
      52135.000 ns	      5212	80001074	01b99e93	slli	x29,x19,0x1b	 x19:0x00000000 x29=0x00000000
      52145.000 ns	      5213	80001078	004ed993	srli	x19,x29,0x4	 x29:0xffffff7e x19=0x00000000
      52155.000 ns	      5214	8000107c	c64fca13	xori	x20,x31,-924	 x31:0x7f800000 x20=0x807ffc64
      52195.000 ns	      5218	80001080	0099cc53	fadd.s	f24,f19,f9	 f19:0x7f800000  f9:0xff800000 f24=0x80000000
      52215.000 ns	      5220	80001084	f9c1f513	andi	x10,x3,-100	  x3:0x00000000 x10=0x00000000
      52225.000 ns	      5221	80001088	40070eb3	sub	x29,x14,x0	 x14:0x00000001  x0:0x00000000 x29=0x00000001
      52235.000 ns	      5222	8000108c	401edfb3	sra	x31,x29,x1	 x29:0x00000000  x1:0x00000001 x31=0x00000000
      52245.000 ns	      5223	80001090	60cb8293	addi	x5,x23,1548	 x23:0x00000000  x5=0x0000060c
      52255.000 ns	      5224	80001094	63a27a13	andi	x20,x4,1594	  x4:0x00000000 x20=0x00000000
      52265.000 ns	      5225	80001098	01af1933	sll	x18,x30,x26	 x30:0x00000000 x26:0x00000000 x18=0x00000000
      52285.000 ns	      5227	8000109c	c00ff753	fcvt.w.s	x14,f31	 f31:0xa6800404 x14=0x00000000
      52305.000 ns	      5229	800010a0	01291513	slli	x10,x18,0x12	 x18:0x00000000 x10=0x00000000
      52315.000 ns	      5230	800010a4	00c246b3	xor	x13,x4,x12	  x4:0x00000000 x12:0x80b4b344 x13=0x80b4b344
      52335.000 ns	      5232	800010a8	022a8733	mul	x14,x21,x2	 x21:0x00000000  x2:0xf9972418 x14=0x00000000
      52365.000 ns	      5235	800010ac	d0111253	fcvt.s.wu	f4,x2	  x2:0xf9972418  f4=0x4f799724
      52395.000 ns	      5238	800010b0	e0079453	fclass.s	x8,f15	 f15:0x7f800000  x8=0x00000080
      52415.000 ns	      5240	800010b4	0e1c0f93	addi	x31,x24,225	 x24:0x00000001 x31=0x000000e2
      52425.000 ns	      5241	800010b8	01a253b3	srl	x7,x4,x26	  x4:0x00000000 x26:0x00000000  x7=0x00000000
      52435.000 ns	      5242	800010bc	00000013	addi	x0,x0,0	  x0:0x00000000
      52455.000 ns	      5244	800010c0	02e562b3	rem	x5,x10,x14	 x10:0x00000000 x14:0x00000000  x5=0x00000000
      52485.000 ns	      5247	800010c4	d00ef453	fcvt.s.w	f8,x29	 x29:0x00000001  f8=0x3f800000
      52515.000 ns	      5250	800010c8	02329f33	mulh	x30,x5,x3	  x5:0x00000000  x3:0x00000000 x30=0x00000000
      52535.000 ns	      5252	800010cc	0038d033	srl	x0,x17,x3	 x17:0x00000001  x3:0x00000000
      52555.000 ns	      5254	800010d0	f00b8853	fmv.w.x	f16,x23	 x23:0x00000000 f16=0x00000000
      52575.000 ns	      5256	800010d4	01ddea33	or	x20,x27,x29	 x27:0x00000000 x29:0x00000001 x20=0x00000001
      52595.000 ns	      5258	800010d8	e00791d3	fclass.s	x3,f15	 f15:0x7f800000  x3=0x00000080
      52635.000 ns	      5262	800010dc	108df653	fmul.s	f12,f27,f8	 f27:0x00000000  f8:0x3f800000 f12=0x00000000
      52665.000 ns	      5265	800010e0	29120cd3	fmin.s	f25,f4,f17	  f4:0x4f799724 f17:0xbf800000 f25=0xbf800000
      52695.000 ns	      5268	800010e4	28981853	fmax.s	f16,f16,f9	 f16:0x00000000  f9:0xff800000 f16=0x00000000
      52725.000 ns	      5271	800010e8	21d213d3	fsgnjn.s	f7,f4,f29	  f4:0x4f799724 f29:0xffc00000  f7=0x4f799724
      52745.000 ns	      5273	800010ec	6a205f37	lui	x30,0x6a205	 x30=0x6a205000
      52765.000 ns	      5275	800010f0	f0050853	fmv.w.x	f16,x10	 x10:0x00000000 f16=0x00000000
      52785.000 ns	      5277	800010f4	bdd9e193	ori	x3,x19,-1059	 x19:0x00000000  x3=0xfffffbdd
      52795.000 ns	      5278	800010f8	01b76b33	or	x22,x14,x27	 x14:0x00000000 x27:0x00000000 x22=0x00000000
      52815.000 ns	      5280	800010fc	f00b85d3	fmv.w.x	f11,x23	 x23:0x00000000 f11=0x00000000
      52845.000 ns	      5283	80001100	f00386d3	fmv.w.x	f13,x7	  x7:0x00000000 f13=0x00000000
      52865.000 ns	      5285	80001104	012c91b3	sll	x3,x25,x18	 x25:0x00000001 x18:0x00000000  x3=0x00000001
      52875.000 ns	      5286	80001108	00181313	slli	x6,x16,0x1	 x16:0x00000000  x6=0x00000000
      52895.000 ns	      5288	8000110c	f0040a53	fmv.w.x	f20,x8	  x8:0x00000080 f20=0x00000080
      52915.000 ns	      5290	80001110	401edf93	srai	x31,x29,0x1	 x29:0x00000001 x31=0x00000000
      52935.000 ns	      5292	80001114	288c1353	fmax.s	f6,f24,f8	 f24:0x80000000  f8:0x3f800000  f6=0x3f800000
      52985.000 ns	      5297	80001118	09004a53	fsub.s	f20,f0,f16	  f0:0x80000000 f16:0x00000000 f20=0x80000000
      53015.000 ns	      5300	8000111c	d010c753	fcvt.s.wu	f14,x1	  x1:0x00000001 f14=0x3f800000
      53355.000 ns	      5334	80001120	19f27cd3	fdiv.s	f25,f4,f31	  f4:0x4f799724 f31:0xa6800404 f25=0xe8302e75
      53385.000 ns	      5337	80001124	213222d3	fsgnjx.s	f5,f4,f19	  f4:0x4f799724 f19:0x7f800000  f5=0x4f799724
      53405.000 ns	      5339	80001128	497c7c93	andi	x25,x24,1175	 x24:0x00000001 x25=0x00000001
      53425.000 ns	      5341	8000112c	e00996d3	fclass.s	x13,f19	 f19:0x7f800000 x13=0x00000080
      53445.000 ns	      5343	80001130	c49bac93	slti	x25,x23,-951	 x23:0x00000000 x25=0x00000000
      53455.000 ns	      5344	80001134	00000013	addi	x0,x0,0	  x0:0x00000000
      53465.000 ns	      5345	80001138	34bcb093	sltiu	x1,x25,843	 x25:0x00000001  x1=0x00000001
      53505.000 ns	      5349	8000113c	00227d53	fadd.s	f26,f4,f2	  f4:0x4f799724  f2:0x80000000 f26=0x4f799724
      53525.000 ns	      5351	80001140	413e2f13	slti	x30,x28,1043	 x28:0x80040fe4 x30=0x00000001
      53535.000 ns	      5352	80001144	0149a233	slt	x4,x19,x20	 x19:0x00000000 x20:0x00000001  x4=0x00000001
      53545.000 ns	      5353	80001148	009b9093	slli	x1,x23,0x9	 x23:0x00000000  x1=0x00000000
      53555.000 ns	      5354	8000114c	01fe4933	xor	x18,x28,x31	 x28:0x80040fe4 x31:0x00000000 x18=0x80040fe4
      53575.000 ns	      5356	80001150	020a1933	mulh	x18,x20,x0	 x20:0x00000001  x0:0x00000000 x18=0x00000000
      53605.000 ns	      5359	80001154	e00a04d3	fmv.x.w	x9,f20	 f20:0x80000000  x9=0x80000000
      53625.000 ns	      5361	80001158	fe787a97	auipc	x21,0xfe787	 x21=0x7e788158
      53655.000 ns	      5364	8000115c	580cb7d3	fsqrt.s	f15,f25	 f25:0xe8302e75 f15=0x7fc00000
      53705.000 ns	      5369	80001160	01fc3353	fadd.s	f6,f24,f31	 f24:0x80000000 f31:0xa6800404  f6=0xa6800404
      53725.000 ns	      5371	80001164	00d38ab3	add	x21,x7,x13	  x7:0x00000000 x13:0x00000080 x21=0x00000080
      53765.000 ns	      5375	80001168	0179f1d3	fadd.s	f3,f19,f23	 f19:0x7f800000 f23:0x7fc00000  f3=0x7fc00000
      53785.000 ns	      5377	8000116c	f2d40393	addi	x7,x8,-211	  x8:0x00000080  x7=0xffffffad
      53825.000 ns	      5381	80001170	00d3fa53	fadd.s	f20,f7,f13	  f7:0x4f799724 f13:0x00000000 f20=0x4f799724
      53855.000 ns	      5384	80001174	c01ffb53	fcvt.wu.s	x22,f31	 f31:0xa6800404 x22=0x00000000
      53875.000 ns	      5386	80001178	004ed433	srl	x8,x29,x4	 x29:0x00000001  x4:0x00000001  x8=0x00000000
      53905.000 ns	      5389	8000117c	11b07053	fmul.s	f0,f0,f27	  f0:0x80000000 f27:0x00000000  f0=0x80000000
      53925.000 ns	      5391	80001180	41a6dcb3	sra	x25,x13,x26	 x13:0x00000080 x26:0x00000000 x25=0x00000080
      53945.000 ns	      5393	80001184	e00a08d3	fmv.x.w	x17,f20	 f20:0x4f799724 x17=0x4f799724
      53965.000 ns	      5395	80001188	cd4a2b97	auipc	x23,0xcd4a2	 x23=0x4d4a3188
      53975.000 ns	      5396	8000118c	90762993	slti	x19,x12,-1785	 x12:0x80b4b344 x19=0x00000001
      53995.000 ns	      5398	80001190	29731dd3	fmax.s	f27,f6,f23	  f6:0xa6800404 f23:0x7fc00000 f27=0xa6800404
      54015.000 ns	      5400	80001194	632e3d93	sltiu	x27,x28,1586	 x28:0x80040fe4 x27=0x00000000
      54025.000 ns	      5401	80001198	c7d2fb13	andi	x22,x5,-899	  x5:0x00000000 x22=0x00000000
      54035.000 ns	      5402	8000119c	b373a293	slti	x5,x7,-1225	  x7:0xffffffad  x5=0x00000000
      54045.000 ns	      5403	800011a0	8aa42313	slti	x6,x8,-1878	  x8:0x00000000  x6=0x00000000
      54065.000 ns	      5405	800011a4	21fe9b53	fsgnjn.s	f22,f29,f31	 f29:0xffc00000 f31:0xa6800404 f22=0x7fc00000
      54085.000 ns	      5407	800011a8	cde32bb7	lui	x23,0xcde32	 x23=0xcde32000
      54105.000 ns	      5409	800011ac	204c1653	fsgnjn.s	f12,f24,f4	 f24:0x80000000  f4:0x4f799724 f12=0x80000000
      54125.000 ns	      5411	800011b0	7ebd6f13	ori	x30,x26,2027	 x26:0x00000000 x30=0x000007eb
      54155.000 ns	      5414	800011b4	19288fd3	fdiv.s	f31,f17,f18	 f17:0xbf800000 f18:0x00000000 f31=0xff800000
      54185.000 ns	      5417	800011b8	c01b7553	fcvt.wu.s	x10,f22	 f22:0x7fc00000 x10=0xffffffff
      54205.000 ns	      5419	800011bc	01f703b3	add	x7,x14,x31	 x14:0x00000000 x31:0x00000000  x7=0x00000000
      54225.000 ns	      5421	800011c0	03ed2733	mulhsu	x14,x26,x30	 x26:0x00000000 x30:0x000007eb x14=0x00000000
      54245.000 ns	      5423	800011c4	01a5a8b3	slt	x17,x11,x26	 x11:0x80041024 x26:0x00000000 x17=0x00000001
      54265.000 ns	      5425	800011c8	a0a6a653	feq.s	x12,f13,f10	 f13:0x00000000 f10:0x46b50a3e x12=0x00000000
      54295.000 ns	      5428	800011cc	20c30b53	fsgnj.s	f22,f6,f12	  f6:0xa6800404 f12:0x80000000 f22=0xa6800404
      54325.000 ns	      5431	800011d0	c00c7ed3	fcvt.w.s	x29,f24	 f24:0x80000000 x29=0x00000000
      54355.000 ns	      5434	800011d4	e0090cd3	fmv.x.w	x25,f18	 f18:0x00000000 x25=0x00000000
      54375.000 ns	      5436	800011d8	00000013	addi	x0,x0,0	  x0:0x00000000
      54405.000 ns	      5439	800011dc	106479d3	fmul.s	f19,f8,f6	  f8:0x3f800000  f6:0xa6800404 f19=0xa6800404
      54435.000 ns	      5442	800011e0	a1952053	feq.s	x0,f10,f25	 f10:0x46b50a3e f25:0xe8302e75
      54455.000 ns	      5444	800011e4	01f46533	or	x10,x8,x31	  x8:0x00000000 x31:0x00000000 x10=0x00000000
      55625.000 ns	      5561	800011e8	5803f0d3	fsqrt.s	f1,f7	  f7:0x4f799724  f1=0x47307c76
      55645.000 ns	      5563	800011ec	00575913	srli	x18,x14,0x5	 x14:0x00000000 x18=0x00000000
      55655.000 ns	      5564	800011f0	00629c93	slli	x25,x5,0x6	  x5:0x00000000 x25=0x00000000
      55675.000 ns	      5566	800011f4	c011c753	fcvt.wu.s	x14,f3	  f3:0x7fc00000 x14=0xffffffff
      56045.000 ns	      5603	800011f8	0225e233	rem	x4,x11,x2	 x11:0x80041024  x2:0xf9972418  x4=0xf9cc625c
      56075.000 ns	      5606	800011fc	03ba1933	mulh	x18,x20,x27	 x20:0x00000001 x27:0x00000000 x18=0x00000000
      56095.000 ns	      5608	80001200	f576ad13	slti	x26,x13,-169	 x13:0x00000080 x26=0x00000000
      56105.000 ns	      5609	80001204	00f38b33	add	x22,x7,x15	  x7:0x00000000 x15:0x00000002 x22=0x00000002
      56115.000 ns	      5610	80001208	00581413	slli	x8,x16,0x5	 x16:0x00000000  x8=0x00000000
      56135.000 ns	      5612	8000120c	0208ebb3	rem	x23,x17,x0	 x17:0x00000001  x0:0x00000000 x23=0x00000001
      56155.000 ns	      5614	80001210	01742433	slt	x8,x8,x23	  x8:0x00000000 x23:0xcde32000  x8=0x00000001
      56165.000 ns	      5615	80001214	0044a833	slt	x16,x9,x4	  x9:0x80000000  x4:0xf9cc625c x16=0x00000001
      56175.000 ns	      5616	80001218	8337ae93	slti	x29,x15,-1997	 x15:0x00000002 x29=0x00000000
      56205.000 ns	      5619	8000121c	11b77753	fmul.s	f14,f14,f27	 f14:0x3f800000 f27:0xa6800404 f14=0xa6800404
      56235.000 ns	      5622	80001220	a06b0f53	fle.s	x30,f22,f6	 f22:0xa6800404  f6:0xa6800404 x30=0x00000001
      56255.000 ns	      5624	80001224	00000013	addi	x0,x0,0	  x0:0x00000000
      56275.000 ns	      5626	80001228	d002b653	fcvt.s.w	f12,x5	  x5:0x00000000 f12=0x00000000
      56305.000 ns	      5629	8000122c	03c6b333	mulhu	x6,x13,x28	 x13:0x00000080 x28:0x80040fe4  x6=0x00000040
      56675.000 ns	      5666	80001230	0230ecb3	rem	x25,x1,x3	  x1:0x00000000  x3:0x00000001 x25=0x00000000
      56695.000 ns	      5668	80001234	00161fb3	sll	x31,x12,x1	 x12:0x00000000  x1:0x00000000 x31=0x00000000
      56725.000 ns	      5671	80001238	580e9353	fsqrt.s	f6,f29	 f29:0xffc00000  f6=0x7fc00000
      56755.000 ns	      5674	8000123c	a14a9453	flt.s	x8,f21,f20	 f21:0xc4efc000 f20:0x4f799724  x8=0x00000001
      56775.000 ns	      5676	80001240	01764b33	xor	x22,x12,x23	 x12:0x00000000 x23:0x00000001 x22=0x00000001
      56785.000 ns	      5677	80001244	7f953717	auipc	x14,0x7f953	 x14=0xff954244
      56825.000 ns	      5681	80001248	09c516d3	fsub.s	f13,f10,f28	 f10:0x46b50a3e f28:0xffc00000 f13=0x7fc00000
      56845.000 ns	      5683	8000124c	01d7bf33	sltu	x30,x15,x29	 x15:0x00000002 x29:0x00000000 x30=0x00000000
      56855.000 ns	      5684	80001250	a3187813	andi	x16,x16,-1487	 x16:0x00000001 x16=0x00000001
      56865.000 ns	      5685	80001254	3c4ae993	ori	x19,x21,964	 x21:0x00000080 x19=0x000003c4
      56875.000 ns	      5686	80001258	416b5993	srai	x19,x22,0x16	 x22:0x00000001 x19=0x00000000
      56905.000 ns	      5689	8000125c	1808f153	fdiv.s	f2,f17,f0	 f17:0xbf800000  f0:0x80000000  f2=0x7f800000
      56925.000 ns	      5691	80001260	cf94ba13	sltiu	x20,x9,-775	  x9:0x80000000 x20=0x00000001
      56965.000 ns	      5695	80001264	01d67b53	fadd.s	f22,f12,f29	 f12:0x00000000 f29:0xffc00000 f22=0x7fc00000
      56995.000 ns	      5698	80001268	0330e7b3	rem	x15,x1,x19	  x1:0x00000000 x19:0x00000000 x15=0x00000000
      57025.000 ns	      5701	8000126c	a1038ed3	fle.s	x29,f7,f16	  f7:0x4f799724 f16:0x00000000 x29=0x00000000
      57075.000 ns	      5706	80001270	093c76d3	fsub.s	f13,f24,f19	 f24:0x80000000 f19:0xa6800404 f13=0x26800404
      57095.000 ns	      5708	80001274	f0c12313	slti	x6,x2,-244	  x2:0xf9972418  x6=0x00000001
      57115.000 ns	      5710	80001278	02f99ab3	mulh	x21,x19,x15	 x19:0x00000000 x15:0x00000000 x21=0x00000000
      57155.000 ns	      5714	8000127c	580f72d3	fsqrt.s	f5,f30	 f30:0x00000000  f5=0x00000000
      57525.000 ns	      5751	80001280	02dbd0b3	divu	x1,x23,x13	 x23:0x00000001 x13:0x00000080  x1=0x00000000
      57545.000 ns	      5753	80001284	a7c5c613	xori	x12,x11,-1412	 x11:0x80041024 x12=0x7ffbea58
      57555.000 ns	      5754	80001288	f79c5d97	auipc	x27,0xf79c5	 x27=0x779c6288
      57575.000 ns	      5756	8000128c	d010fb53	fcvt.s.wu	f22,x1	  x1:0x00000000 f22=0x00000000
      57605.000 ns	      5759	80001290	f00f0fd3	fmv.w.x	f31,x30	 x30:0x00000000 f31=0x00000000
      57635.000 ns	      5762	80001294	039f67b3	rem	x15,x30,x25	 x30:0x00000000 x25:0x00000000 x15=0x00000000
      57655.000 ns	      5764	80001298	01711493	slli	x9,x2,0x17	  x2:0xf9972418  x9=0x0c000000
      57665.000 ns	      5765	8000129c	41f30cb3	sub	x25,x6,x31	  x6:0x00000001 x31:0x00000000 x25=0x00000001
      57675.000 ns	      5766	800012a0	08d84693	xori	x13,x16,141	 x16:0x00000001 x13=0x0000008c
      57695.000 ns	      5768	800012a4	c015f653	fcvt.wu.s	x12,f11	 f11:0x00000000 x12=0x00000000
      58065.000 ns	      5805	800012a8	028051b3	divu	x3,x0,x8	  x0:0x00000000  x8:0x00000001  x3=0x00000000
      58435.000 ns	      5842	800012ac	0347d433	divu	x8,x15,x20	 x15:0x00000000 x20:0x00000001  x8=0x00000000
      58485.000 ns	      5847	800012b0	085201d3	fsub.s	f3,f4,f5	  f4:0x4f799724  f5:0x00000000  f3=0x4f799724
      58515.000 ns	      5850	800012b4	d00948d3	fcvt.s.w	f17,x18	 x18:0x00000000 f17=0x00000000
      58545.000 ns	      5853	800012b8	0223a7b3	mulhsu	x15,x7,x2	  x7:0x00000000  x2:0xf9972418 x15=0x00000000
      58565.000 ns	      5855	800012bc	00261333	sll	x6,x12,x2	 x12:0x00000000  x2:0xf9972418  x6=0x00000000
      58575.000 ns	      5856	800012c0	00f8e333	or	x6,x17,x15	 x17:0x00000001 x15:0x00000000  x6=0x00000001
      58595.000 ns	      5858	800012c4	a0658c53	fle.s	x24,f11,f6	 f11:0x00000000  f6:0x7fc00000 x24=0x00000000
      58965.000 ns	      5895	800012c8	0399d6b3	divu	x13,x19,x25	 x19:0x00000000 x25:0x00000001 x13=0x00000000
      58995.000 ns	      5898	800012cc	296984d3	fmin.s	f9,f19,f22	 f19:0xa6800404 f22:0x00000000  f9=0xa6800404
      59025.000 ns	      5901	800012d0	29a383d3	fmin.s	f7,f7,f26	  f7:0x4f799724 f26:0x4f799724  f7=0x4f799724
      59065.000 ns	      5905	800012d4	10d2fa53	fmul.s	f20,f5,f13	  f5:0x00000000 f13:0x26800404 f20=0x00000000
      59085.000 ns	      5907	800012d8	87b83b13	sltiu	x22,x16,-1925	 x16:0x00000001 x22=0x00000001
      59105.000 ns	      5909	800012dc	a1d80fd3	fle.s	x31,f16,f29	 f16:0x00000000 f29:0xffc00000 x31=0x00000000
      59125.000 ns	      5911	800012e0	f3368a13	addi	x20,x13,-205	 x13:0x00000000 x20=0xffffff33
      59145.000 ns	      5913	800012e4	a0e927d3	feq.s	x15,f18,f14	 f18:0x00000000 f14:0xa6800404 x15=0x00000000
      59165.000 ns	      5915	800012e8	97456813	ori	x16,x10,-1676	 x10:0x00000000 x16=0xfffff974
      59195.000 ns	      5918	800012ec	192d7653	fdiv.s	f12,f26,f18	 f26:0x4f799724 f18:0x00000000 f12=0x7f800000
      59235.000 ns	      5922	800012f0	10c8f653	fmul.s	f12,f17,f12	 f17:0x00000000 f12:0x00000000 f12=0x7fc00000
      59255.000 ns	      5924	800012f4	a2840a13	addi	x20,x8,-1496	  x8:0x00000000 x20=0xfffffa28
      59275.000 ns	      5926	800012f8	29058853	fmin.s	f16,f11,f16	 f11:0x00000000 f16:0x00000000 f16=0x00000000
      59305.000 ns	      5929	800012fc	e00b00d3	fmv.x.w	x1,f22	 f22:0x00000000  x1=0x00000000
      59335.000 ns	      5932	80001300	20f72753	fsgnjx.s	f14,f14,f15	 f14:0xa6800404 f15:0x7fc00000 f14=0xa6800404
      59355.000 ns	      5934	80001304	41485233	sra	x4,x16,x20	 x16:0xfffff974 x20:0xfffffa28  x4=0xfffffff9
      59375.000 ns	      5936	80001308	21612d53	fsgnjx.s	f26,f2,f22	  f2:0x7f800000 f22:0x00000000 f26=0x7f800000
      59405.000 ns	      5939	8000130c	e00c00d3	fmv.x.w	x1,f24	 f24:0x80000000  x1=0x80000000
      59425.000 ns	      5941	80001310	2fd52a13	slti	x20,x10,765	 x10:0x00000000 x20=0x00000001
      59445.000 ns	      5943	80001314	d00171d3	fcvt.s.w	f3,x2	  x2:0xf9972418  f3=0xcccd1b7d
      59465.000 ns	      5945	80001318	01eb1293	slli	x5,x22,0x1e	 x22:0x00000001  x5=0x40000000
      59485.000 ns	      5947	8000131c	21488353	fsgnj.s	f6,f17,f20	 f17:0x00000000 f20:0x00000000  f6=0x00000000
      59505.000 ns	      5949	80001320	acac7713	andi	x14,x24,-1334	 x24:0x00000000 x14=0x00000000
      59525.000 ns	      5951	80001324	e0099253	fclass.s	x4,f19	 f19:0xa6800404  x4=0x00000002
      59545.000 ns	      5953	80001328	0044c333	xor	x6,x9,x4	  x9:0x0c000000  x4:0xfffffff9  x6=0x0c000002
      59905.000 ns	      5989	8000132c	0393d6b3	divu	x13,x7,x25	  x7:0x00000000 x25:0x00000001 x13=0x00000000
      59935.000 ns	      5992	80001330	02273fb3	mulhu	x31,x14,x2	 x14:0x00000000  x2:0xf9972418 x31=0x00000000
      59985.000 ns	      5997	80001334	0828b653	fsub.s	f12,f17,f2	 f17:0x00000000  f2:0x7f800000 f12=0xff800000
      60015.000 ns	      6000	80001338	20a89953	fsgnjn.s	f18,f17,f10	 f17:0x00000000 f10:0x46b50a3e f18=0x80000000
      60035.000 ns	      6002	8000133c	0e49fc93	andi	x25,x19,228	 x19:0x00000000 x25=0x00000000
      60065.000 ns	      6005	80001340	18a601d3	fdiv.s	f3,f12,f10	 f12:0xff800000 f10:0x46b50a3e  f3=0xff800000
      60085.000 ns	      6007	80001344	2ca9d7b7	lui	x15,0x2ca9d	 x15=0x2ca9d000
      60115.000 ns	      6010	80001348	11c3a653	fmul.s	f12,f7,f28	  f7:0x4f799724 f28:0xffc00000 f12=0x7fc00000
      60165.000 ns	      6015	8000134c	011fa6d3	fadd.s	f13,f31,f17	 f31:0x00000000 f17:0x00000000 f13=0x00000000
      60185.000 ns	      6017	80001350	00005c33	srl	x24,x0,x0	  x0:0x00000000  x0:0x00000000 x24=0x00000000
      60205.000 ns	      6019	80001354	d010f853	fcvt.s.wu	f16,x1	  x1:0x80000000 f16=0x4f000000
      60235.000 ns	      6022	80001358	0275bfb3	mulhu	x31,x11,x7	 x11:0x80041024  x7:0x00000000 x31=0x00000000
      60255.000 ns	      6024	8000135c	00092733	slt	x14,x18,x0	 x18:0x00000000  x0:0x00000000 x14=0x00000000
      60265.000 ns	      6025	80001360	00adb433	sltu	x8,x27,x10	 x27:0x779c6288 x10:0x00000000  x8=0x00000000
      60275.000 ns	      6026	80001364	41645617	auipc	x12,0x41645	 x12=0xc1646364
      60295.000 ns	      6028	80001368	03e8e6b3	rem	x13,x17,x30	 x17:0x00000001 x30:0x00000000 x13=0x00000001
      60325.000 ns	      6031	8000136c	28b303d3	fmin.s	f7,f6,f11	  f6:0x00000000 f11:0x00000000  f7=0x00000000
      60355.000 ns	      6034	80001370	c0139453	fcvt.wu.s	x8,f7	  f7:0x4f799724  x8=0x00000000
      60395.000 ns	      6038	80001374	1061cdd3	fmul.s	f27,f3,f6	  f3:0xff800000  f6:0x00000000 f27=0x7fc00000
      60415.000 ns	      6040	80001378	00000013	addi	x0,x0,0	  x0:0x00000000
      60425.000 ns	      6041	8000137c	41bf5033	sra	x0,x30,x27	 x30:0x00000000 x27:0x779c6288
      60785.000 ns	      6077	80001380	0300f9b3	remu	x19,x1,x16	  x1:0x80000000 x16:0xfffff974 x19=0x80000000
      60835.000 ns	      6082	80001384	01680753	fadd.s	f14,f16,f22	 f16:0x4f000000 f22:0x00000000 f14=0x4f000000
      60855.000 ns	      6084	80001388	66d88613	addi	x12,x17,1645	 x17:0x00000001 x12=0x0000066e
      60865.000 ns	      6085	8000138c	ed08ea13	ori	x20,x17,-304	 x17:0x00000001 x20=0xfffffed1
      60875.000 ns	      6086	80001390	789b7b13	andi	x22,x22,1929	 x22:0x00000001 x22=0x00000001
      60885.000 ns	      6087	80001394	d5316d93	ori	x27,x2,-685	  x2:0xf9972418 x27=0xfffffd5b
      60895.000 ns	      6088	80001398	f22ce393	ori	x7,x25,-222	 x25:0x00000000  x7=0xffffff22
      60915.000 ns	      6090	8000139c	a04524d3	feq.s	x9,f10,f4	 f10:0x46b50a3e  f4:0x4f799724  x9=0x00000000
      60945.000 ns	      6093	800013a0	20a82d53	fsgnjx.s	f26,f16,f10	 f16:0x4f000000 f10:0x46b50a3e f26=0x4f000000
      60975.000 ns	      6096	800013a4	a1580ad3	fle.s	x21,f16,f21	 f16:0x4f000000 f21:0xc4efc000 x21=0x00000000
      61005.000 ns	      6099	800013a8	a1c78dd3	fle.s	x27,f15,f28	 f15:0x7fc00000 f28:0xffc00000 x27=0x00000000
      61045.000 ns	      6103	800013ac	10e2f453	fmul.s	f8,f5,f14	  f5:0x00000000 f14:0x4f000000  f8=0x00000000
      61075.000 ns	      6106	800013b0	c00c94d3	fcvt.w.s	x9,f25	 f25:0xe8302e75  x9=0x80000000
      61095.000 ns	      6108	800013b4	419b5093	srai	x1,x22,0x19	 x22:0x00000001  x1=0x00000000
      61105.000 ns	      6109	800013b8	01fadf13	srli	x30,x21,0x1f	 x21:0x00000000 x30=0x00000000
      61125.000 ns	      6111	800013bc	a1149f53	flt.s	x30,f9,f17	  f9:0xa6800404 f17:0x00000000 x30=0x00000001
      62305.000 ns	      6229	800013c0	580d1f53	fsqrt.s	f30,f26	 f26:0x4f000000 f30=0x46b50482
      62325.000 ns	      6231	800013c4	00bd7db3	and	x27,x26,x11	 x26:0x00000000 x11:0x80041024 x27=0x00000000
      62345.000 ns	      6233	800013c8	02335f33	divu	x30,x6,x3	  x6:0x0c000002  x3:0x00000000 x30=0xffffffff
      62365.000 ns	      6235	800013cc	5d5f58b7	lui	x17,0x5d5f5	 x17=0x5d5f5000
      62375.000 ns	      6236	800013d0	e35bc097	auipc	x1,0xe35bc	  x1=0x635bd3d0
      62385.000 ns	      6237	800013d4	19c56913	ori	x18,x10,412	 x10:0x00000000 x18=0x0000019c
      62395.000 ns	      6238	800013d8	01a937b3	sltu	x15,x18,x26	 x18:0x00000000 x26:0x00000000 x15=0x00000000
      62425.000 ns	      6241	800013dc	580c38d3	fsqrt.s	f17,f24	 f24:0x80000000 f17=0x80000000
      62445.000 ns	      6243	800013e0	01b3d533	srl	x10,x7,x27	  x7:0xffffff22 x27:0x00000000 x10=0xffffff22
      62455.000 ns	      6244	800013e4	01f38eb3	add	x29,x7,x31	  x7:0xffffff22 x31:0x00000000 x29=0xffffff22
      62475.000 ns	      6246	800013e8	f00c0dd3	fmv.w.x	f27,x24	 x24:0x00000000 f27=0x00000000
      62495.000 ns	      6248	800013ec	7e1f2313	slti	x6,x30,2017	 x30:0xffffffff  x6=0x00000001
      62515.000 ns	      6250	800013f0	f0020bd3	fmv.w.x	f23,x4	  x4:0x00000002 f23=0x00000002
      62545.000 ns	      6253	800013f4	28bf1b53	fmax.s	f22,f30,f11	 f30:0x46b50482 f11:0x00000000 f22=0x46b50482
      62595.000 ns	      6258	800013f8	00723653	fadd.s	f12,f4,f7	  f4:0x4f799724  f7:0x00000000 f12=0x4f799724
      62615.000 ns	      6260	800013fc	41d3df33	sra	x30,x7,x29	  x7:0xffffff22 x29:0xffffff22 x30=0xffffffc8
      62625.000 ns	      6261	80001400	25e77013	andi	x0,x14,606	 x14:0x00000000
      62645.000 ns	      6263	80001404	280989d3	fmin.s	f19,f19,f0	 f19:0xa6800404  f0:0x80000000 f19=0xa6800404
      63015.000 ns	      6300	80001408	02567eb3	remu	x29,x12,x5	 x12:0x0000066e  x5:0x40000000 x29=0x0000066e
      63035.000 ns	      6302	8000140c	15952293	slti	x5,x10,345	 x10:0xffffff22  x5=0x00000001
      63055.000 ns	      6304	80001410	d00d7dd3	fcvt.s.w	f27,x26	 x26:0x00000000 f27=0x00000000
      63085.000 ns	      6307	80001414	28b09fd3	fmax.s	f31,f1,f11	  f1:0x47307c76 f11:0x00000000 f31=0x47307c76
      63115.000 ns	      6310	80001418	02919eb3	mulh	x29,x3,x9	  x3:0x00000000  x9:0x80000000 x29=0x00000000
      63145.000 ns	      6313	8000141c	d00bacd3	fcvt.s.w	f25,x23	 x23:0x00000001 f25=0x3f800000
      63165.000 ns	      6315	80001420	00000013	addi	x0,x0,0	  x0:0x00000000
      63185.000 ns	      6317	80001424	a15813d3	flt.s	x7,f16,f21	 f16:0x4f000000 f21:0xc4efc000  x7=0x00000000
      63205.000 ns	      6319	80001428	0003ceb3	xor	x29,x7,x0	  x7:0xffffff22  x0:0x00000000 x29=0x00000000
      63245.000 ns	      6323	8000142c	01ce25d3	fadd.s	f11,f28,f28	 f28:0xffc00000 f28:0xffc00000 f11=0x7fc00000
      63265.000 ns	      6325	80001430	01831b33	sll	x22,x6,x24	  x6:0x00000001 x24:0x00000000 x22=0x00000001
      63285.000 ns	      6327	80001434	20a69dd3	fsgnjn.s	f27,f13,f10	 f13:0x00000000 f10:0x46b50a3e f27=0x80000000
      63315.000 ns	      6330	80001438	a0259bd3	flt.s	x23,f11,f2	 f11:0x7fc00000  f2:0x7f800000 x23=0x00000000
      63345.000 ns	      6333	8000143c	a07c1fd3	flt.s	x31,f24,f7	 f24:0x80000000  f7:0x00000000 x31=0x00000000
      63365.000 ns	      6335	80001440	41a4de93	srai	x29,x9,0x1a	  x9:0x80000000 x29=0xffffffe0
      63385.000 ns	      6337	80001444	21252bd3	fsgnjx.s	f23,f10,f18	 f10:0x46b50a3e f18:0x80000000 f23=0xc6b50a3e
      63405.000 ns	      6339	80001448	014e5313	srli	x6,x28,0x14	 x28:0x80040fe4  x6=0x00000800
      63435.000 ns	      6342	8000144c	11b072d3	fmul.s	f5,f0,f27	  f0:0x80000000 f27:0x80000000  f5=0x00000000
      63465.000 ns	      6345	80001450	c018f6d3	fcvt.wu.s	x13,f17	 f17:0x80000000 x13=0x00000000
      63505.000 ns	      6349	80001454	5803fdd3	fsqrt.s	f27,f7	  f7:0x00000000 f27=0x00000000
      63875.000 ns	      6386	80001458	032ff0b3	remu	x1,x31,x18	 x31:0x00000000 x18:0x0000019c  x1=0x00000000
      63895.000 ns	      6388	8000145c	00c09fb3	sll	x31,x1,x12	  x1:0x635bd3d0 x12:0x0000066e x31=0x00000000
      63905.000 ns	      6389	80001460	e666f013	andi	x0,x13,-410	 x13:0x00000000
      63915.000 ns	      6390	80001464	003cdd33	srl	x26,x25,x3	 x25:0x00000000  x3:0x00000000 x26=0x00000000
      63925.000 ns	      6391	80001468	f6efbb93	sltiu	x23,x31,-146	 x31:0x00000000 x23=0x00000001
      63945.000 ns	      6393	8000146c	e00d01d3	fmv.x.w	x3,f26	 f26:0x4f000000  x3=0x4f000000
      63975.000 ns	      6396	80001470	a028a8d3	feq.s	x17,f17,f2	 f17:0x80000000  f2:0x7f800000 x17=0x00000000
      63995.000 ns	      6398	80001474	bb8c8f13	addi	x30,x25,-1096	 x25:0x00000000 x30=0xfffffbb8
      64015.000 ns	      6400	80001478	028706b3	mul	x13,x14,x8	 x14:0x00000000  x8:0x00000000 x13=0x00000000
      64035.000 ns	      6402	8000147c	5f34ba13	sltiu	x20,x9,1523	  x9:0x80000000 x20=0x00000000
      64055.000 ns	      6404	80001480	02fb02b3	mul	x5,x22,x15	 x22:0x00000001 x15:0x00000000  x5=0x00000000
      64105.000 ns	      6409	80001484	08117d53	fsub.s	f26,f2,f1	  f2:0x7f800000  f1:0x47307c76 f26=0x7f800000
      64135.000 ns	      6412	80001488	e0030853	fmv.x.w	x16,f6	  f6:0x00000000 x16=0x00000000
      64165.000 ns	      6415	8000148c	033f3933	mulhu	x18,x30,x19	 x30:0xfffffbb8 x19:0x80000000 x18=0x7ffffddc
      64195.000 ns	      6418	80001490	d016b1d3	fcvt.s.wu	f3,x13	 x13:0x00000000  f3=0x00000000
      64215.000 ns	      6420	80001494	01b65713	srli	x14,x12,0x1b	 x12:0x0000066e x14=0x00000000
      64235.000 ns	      6422	80001498	03c2aab3	mulhsu	x21,x5,x28	  x5:0x00000000 x28:0x80040fe4 x21=0x00000000
      64255.000 ns	      6424	8000149c	00521cb3	sll	x25,x4,x5	  x4:0x00000002  x5:0x00000000 x25=0x00000002
      64275.000 ns	      6426	800014a0	a090add3	feq.s	x27,f1,f9	  f1:0x47307c76  f9:0xa6800404 x27=0x00000000
      64295.000 ns	      6428	800014a4	01c209b3	add	x19,x4,x28	  x4:0x00000002 x28:0x80040fe4 x19=0x80040fe6
      64315.000 ns	      6430	800014a8	d00b79d3	fcvt.s.w	f19,x22	 x22:0x00000001 f19=0x3f800000
      64335.000 ns	      6432	800014ac	506ef213	andi	x4,x29,1286	 x29:0xffffffe0  x4=0x00000500
      64355.000 ns	      6434	800014b0	c0067ad3	fcvt.w.s	x21,f12	 f12:0x4f799724 x21=0x7fffffff
      64385.000 ns	      6437	800014b4	03228833	mul	x16,x5,x18	  x5:0x00000000 x18:0x7ffffddc x16=0x00000000
      64415.000 ns	      6440	800014b8	f00e0053	fmv.w.x	f0,x28	 x28:0x80040fe4  f0=0x80040fe4
      64435.000 ns	      6442	800014bc	9054fb97	auipc	x23,0x9054f	 x23=0x105504bc
      64445.000 ns	      6443	800014c0	00c87db3	and	x27,x16,x12	 x16:0x00000000 x12:0x0000066e x27=0x00000000
      64455.000 ns	      6444	800014c4	418c0633	sub	x12,x24,x24	 x24:0x00000000 x24:0x00000000 x12=0x00000000
      64475.000 ns	      6446	800014c8	02eb68b3	rem	x17,x22,x14	 x22:0x00000001 x14:0x00000000 x17=0x00000001
      64845.000 ns	      6483	800014cc	039bfeb3	remu	x29,x23,x25	 x23:0x105504bc x25:0x00000002 x29=0x00000000
      64875.000 ns	      6486	800014d0	a0308bd3	fle.s	x23,f1,f3	  f1:0x47307c76  f3:0x00000000 x23=0x00000000
      64895.000 ns	      6488	800014d4	00000013	addi	x0,x0,0	  x0:0x00000000
      64925.000 ns	      6491	800014d8	18f0fa53	fdiv.s	f20,f1,f15	  f1:0x47307c76 f15:0x7fc00000 f20=0x7fc00000
      64945.000 ns	      6493	800014dc	41fedf93	srai	x31,x29,0x1f	 x29:0x00000000 x31=0x00000000
      64965.000 ns	      6495	800014e0	c01e7353	fcvt.wu.s	x6,f28	 f28:0xffc00000  x6=0xffffffff
      64995.000 ns	      6498	800014e4	f0080dd3	fmv.w.x	f27,x16	 x16:0x00000000 f27=0x00000000
      65025.000 ns	      6501	800014e8	a06e1fd3	flt.s	x31,f28,f6	 f28:0xffc00000  f6:0x00000000 x31=0x00000000
      65055.000 ns	      6504	800014ec	c007f1d3	fcvt.w.s	x3,f15	 f15:0x7fc00000  x3=0x7fffffff
      65075.000 ns	      6506	800014f0	01535713	srli	x14,x6,0x15	  x6:0xffffffff x14=0x000007ff
      65085.000 ns	      6507	800014f4	40fc5f93	srai	x31,x24,0xf	 x24:0x00000000 x31=0x00000000
      65095.000 ns	      6508	800014f8	41e15933	sra	x18,x2,x30	  x2:0xf9972418 x30:0xfffffbb8 x18=0xfffffff9
      65115.000 ns	      6510	800014fc	21f921d3	fsgnjx.s	f3,f18,f31	 f18:0x80000000 f31:0x47307c76  f3=0x80000000
      65135.000 ns	      6512	80001500	0157fd33	and	x26,x15,x21	 x15:0x00000000 x21:0x7fffffff x26=0x00000000
      65155.000 ns	      6514	80001504	20a72cd3	fsgnjx.s	f25,f14,f10	 f14:0x4f000000 f10:0x46b50a3e f25=0x4f000000
      65185.000 ns	      6517	80001508	d019f653	fcvt.s.wu	f12,x19	 x19:0x80040fe6 f12=0x4f00040f
      65205.000 ns	      6519	8000150c	00be2b33	slt	x22,x28,x11	 x28:0x80040fe4 x11:0x80041024 x22=0x00000001
      65225.000 ns	      6521	80001510	28a20bd3	fmin.s	f23,f4,f10	  f4:0x4f799724 f10:0x46b50a3e f23=0x46b50a3e
      65245.000 ns	      6523	80001514	009709b3	add	x19,x14,x9	 x14:0x000007ff  x9:0x80000000 x19=0x800007ff
      65255.000 ns	      6524	80001518	00000013	addi	x0,x0,0	  x0:0x00000000
      65275.000 ns	      6526	8000151c	207e9ed3	fsgnjn.s	f29,f29,f7	 f29:0xffc00000  f7:0x00000000 f29=0xffc00000
      65305.000 ns	      6529	80001520	e00c89d3	fmv.x.w	x19,f25	 f25:0x4f000000 x19=0x4f000000
      65325.000 ns	      6531	80001524	01231d13	slli	x26,x6,0x12	  x6:0xffffffff x26=0xfffc0000
      65345.000 ns	      6533	80001528	0297beb3	mulhu	x29,x15,x9	 x15:0x00000000  x9:0x80000000 x29=0x00000000
      65365.000 ns	      6535	8000152c	01789cb3	sll	x25,x17,x23	 x17:0x00000001 x23:0x00000000 x25=0x00000001
      65385.000 ns	      6537	80001530	d01917d3	fcvt.s.wu	f15,x18	 x18:0xfffffff9 f15=0x4f7fffff
      65415.000 ns	      6540	80001534	c000fbd3	fcvt.w.s	x23,f1	  f1:0x47307c76 x23=0x0000b07c
      65435.000 ns	      6542	80001538	004542b3	xor	x5,x10,x4	 x10:0xffffff22  x4:0x00000500  x5=0xfffffa22
      65795.000 ns	      6578	8000153c	029d62b3	rem	x5,x26,x9	 x26:0xfffc0000  x9:0x80000000  x5=0xfffc0000
      65825.000 ns	      6581	80001540	c0021cd3	fcvt.w.s	x25,f4	  f4:0x4f799724 x25=0x7fffffff
      65865.000 ns	      6585	80001544	18417153	fdiv.s	f2,f2,f4	  f2:0x7f800000  f4:0x4f799724  f2=0x7f800000
      65895.000 ns	      6588	80001548	03b25933	divu	x18,x4,x27	  x4:0x00000500 x27:0x00000000 x18=0xffffffff
      65915.000 ns	      6590	8000154c	28a53193	sltiu	x3,x10,650	 x10:0xffffff22  x3=0x00000000
      65925.000 ns	      6591	80001550	414c59b3	sra	x19,x24,x20	 x24:0x00000000 x20:0x00000000 x19=0x00000000
      65935.000 ns	      6592	80001554	013503b3	add	x7,x10,x19	 x10:0xffffff22 x19:0x4f000000  x7=0xffffff22
      65945.000 ns	      6593	80001558	00a9a233	slt	x4,x19,x10	 x19:0x4f000000 x10:0xffffff22  x4=0x00000000
      65965.000 ns	      6595	8000155c	a1a2aed3	feq.s	x29,f5,f26	  f5:0x00000000 f26:0x7f800000 x29=0x00000000
      66335.000 ns	      6632	80001560	03e0c733	div	x14,x1,x30	  x1:0x00000000 x30:0xfffffbb8 x14=0x00000000
      66375.000 ns	      6636	80001564	1007f5d3	fmul.s	f11,f15,f0	 f15:0x4f7fffff  f0:0x80040fe4 f11=0x8e01fc80
      66395.000 ns	      6638	80001568	00060533	add	x10,x12,x0	 x12:0x00000000  x0:0x00000000 x10=0x00000000
      66405.000 ns	      6639	8000156c	9c03cf13	xori	x30,x7,-1600	  x7:0xffffff22 x30=0x000006e2
      66425.000 ns	      6641	80001570	02ea92b3	mulh	x5,x21,x14	 x21:0x7fffffff x14:0x00000000  x5=0x00000000
      66455.000 ns	      6644	80001574	c01d44d3	fcvt.wu.s	x9,f26	 f26:0x7f800000  x9=0xffffffff
      66475.000 ns	      6646	80001578	1003bb13	sltiu	x22,x7,256	  x7:0xffffff22 x22=0x00000000
      66485.000 ns	      6647	8000157c	01e91333	sll	x6,x18,x30	 x18:0xffffffff x30:0x000006e2  x6=0xfffffffc
      66505.000 ns	      6649	80001580	c0003d53	fcvt.w.s	x26,f0	  f0:0x80040fe4 x26=0x00000000
      66525.000 ns	      6651	80001584	fa8bcd93	xori	x27,x23,-88	 x23:0x0000b07c x27=0xffff4fd4
      66545.000 ns	      6653	80001588	c01d23d3	fcvt.wu.s	x7,f26	 f26:0x7f800000  x7=0xffffffff
      66565.000 ns	      6655	8000158c	a2504293	xori	x5,x0,-1499	  x0:0x00000000  x5=0xfffffa25
      66585.000 ns	      6657	80001590	d0197653	fcvt.s.wu	f12,x18	 x18:0xffffffff f12=0x4f7fffff
      66615.000 ns	      6660	80001594	a1439fd3	flt.s	x31,f7,f20	  f7:0x00000000 f20:0x7fc00000 x31=0x00000000
      66635.000 ns	      6662	80001598	403edb33	sra	x22,x29,x3	 x29:0x00000000  x3:0x00000000 x22=0x00000000
      66655.000 ns	      6664	8000159c	29a614d3	fmax.s	f9,f12,f26	 f12:0x4f7fffff f26:0x7f800000  f9=0x7f800000
      66685.000 ns	      6667	800015a0	03e512b3	mulh	x5,x10,x30	 x10:0x00000000 x30:0x000006e2  x5=0x00000000
      66715.000 ns	      6670	800015a4	f00b84d3	fmv.w.x	f9,x23	 x23:0x0000b07c  f9=0x0000b07c
      66745.000 ns	      6673	800015a8	c01cf553	fcvt.wu.s	x10,f25	 f25:0x4f000000 x10=0x80000000
      66775.000 ns	      6676	800015ac	a1ef8953	fle.s	x18,f31,f30	 f31:0x47307c76 f30:0x46b50482 x18=0x00000000
      66795.000 ns	      6678	800015b0	1a92cf13	xori	x30,x5,425	  x5:0x00000000 x30=0x000001a9
      66805.000 ns	      6679	800015b4	fbf5b393	sltiu	x7,x11,-65	 x11:0x80041024  x7=0x00000001
      66825.000 ns	      6681	800015b8	e00588d3	fmv.x.w	x17,f11	 f11:0x8e01fc80 x17=0x8e01fc80
      66855.000 ns	      6684	800015bc	d0187453	fcvt.s.wu	f8,x16	 x16:0x00000000  f8=0x00000000
      66885.000 ns	      6687	800015c0	e00e0cd3	fmv.x.w	x25,f28	 f28:0xffc00000 x25=0xffc00000
      66915.000 ns	      6690	800015c4	028382b3	mul	x5,x7,x8	  x7:0x00000001  x8:0x00000000  x5=0x00000000
      66935.000 ns	      6692	800015c8	946b0513	addi	x10,x22,-1722	 x22:0x00000000 x10=0xfffff946
      66945.000 ns	      6693	800015cc	012bddb3	srl	x27,x23,x18	 x23:0x0000b07c x18:0x00000000 x27=0x0000b07c
      66975.000 ns	      6696	800015d0	19138dd3	fdiv.s	f27,f7,f17	  f7:0x00000000 f17:0x80000000 f27=0x7fc00000
      67005.000 ns	      6699	800015d4	c007b2d3	fcvt.w.s	x5,f15	 f15:0x4f7fffff  x5=0x7fffffff
      67035.000 ns	      6702	800015d8	a17e92d3	flt.s	x5,f29,f23	 f29:0xffc00000 f23:0x46b50a3e  x5=0x00000000
      67055.000 ns	      6704	800015dc	7a672b93	slti	x23,x14,1958	 x14:0x00000000 x23=0x00000001
      67065.000 ns	      6705	800015e0	01401633	sll	x12,x0,x20	  x0:0x00000000 x20:0x00000000 x12=0x00000000
      67075.000 ns	      6706	800015e4	40ac8033	sub	x0,x25,x10	 x25:0xffc00000 x10:0xfffff946
      67095.000 ns	      6708	800015e8	c000cc53	fcvt.w.s	x24,f1	  f1:0x47307c76 x24=0x0000b07c
      67145.000 ns	      6713	800015ec	093e7753	fsub.s	f14,f28,f19	 f28:0xffc00000 f19:0x3f800000 f14=0x7fc00000
      67175.000 ns	      6716	800015f0	a0c484d3	fle.s	x9,f9,f12	  f9:0x0000b07c f12:0x4f7fffff  x9=0x00000001
      67215.000 ns	      6720	800015f4	58097753	fsqrt.s	f14,f18	 f18:0x80000000 f14=0x80000000
      67235.000 ns	      6722	800015f8	41e7db13	srai	x22,x15,0x1e	 x15:0x00000000 x22=0x00000000
      67255.000 ns	      6724	800015fc	a07fa953	feq.s	x18,f31,f7	 f31:0x47307c76  f7:0x00000000 x18=0x00000000
      67275.000 ns	      6726	80001600	00000013	addi	x0,x0,0	  x0:0x00000000
      67285.000 ns	      6727	80001604	001611b3	sll	x3,x12,x1	 x12:0x00000000  x1:0x00000000  x3=0x00000000
      67295.000 ns	      6728	80001608	01adca33	xor	x20,x27,x26	 x27:0x0000b07c x26:0x00000000 x20=0x0000b07c
      67315.000 ns	      6730	8000160c	29370d53	fmin.s	f26,f14,f19	 f14:0x80000000 f19:0x3f800000 f26=0x80000000
      67335.000 ns	      6732	80001610	4093dc13	srai	x24,x7,0x9	  x7:0x00000001 x24=0x00000000
      67355.000 ns	      6734	80001614	21639fd3	fsgnjn.s	f31,f7,f22	  f7:0x00000000 f22:0x46b50482 f31=0x80000000
      67375.000 ns	      6736	80001618	01b5d733	srl	x14,x11,x27	 x11:0x80041024 x27:0x0000b07c x14=0x00000008
      67395.000 ns	      6738	8000161c	03b1a6b3	mulhsu	x13,x3,x27	  x3:0x00000000 x27:0x0000b07c x13=0x00000000
      67425.000 ns	      6741	80001620	20bc84d3	fsgnj.s	f9,f25,f11	 f25:0x4f000000 f11:0x8e01fc80  f9=0xcf000000
      67455.000 ns	      6744	80001624	21e7ae53	fsgnjx.s	f28,f15,f30	 f15:0x4f7fffff f30:0x46b50482 f28=0x4f7fffff
      67825.000 ns	      6781	80001628	0350d9b3	divu	x19,x1,x21	  x1:0x00000000 x21:0x7fffffff x19=0x00000000
      67855.000 ns	      6784	8000162c	d005b3d3	fcvt.s.w	f7,x11	 x11:0x80041024  f7=0xcefff7e0
      67875.000 ns	      6786	80001630	00000013	addi	x0,x0,0	  x0:0x00000000
      67895.000 ns	      6788	80001634	21eb86d3	fsgnj.s	f13,f23,f30	 f23:0x46b50a3e f30:0x46b50482 f13=0x46b50a3e
      67925.000 ns	      6791	80001638	02f916b3	mulh	x13,x18,x15	 x18:0x00000000 x15:0x00000000 x13=0x00000000
      68295.000 ns	      6828	8000163c	027ae733	rem	x14,x21,x7	 x21:0x7fffffff  x7:0x00000001 x14=0x00000000
      68315.000 ns	      6830	80001640	888c0793	addi	x15,x24,-1912	 x24:0x00000000 x15=0xfffff888
      68335.000 ns	      6832	80001644	a03a1ad3	flt.s	x21,f20,f3	 f20:0x7fc00000  f3:0x80000000 x21=0x00000000
      68365.000 ns	      6835	80001648	a1a80253	fle.s	x4,f16,f26	 f16:0x4f000000 f26:0x80000000  x4=0x00000000
      68415.000 ns	      6840	8000164c	00032553	fadd.s	f10,f6,f0	  f6:0x00000000  f0:0x80040fe4 f10=0x80040fe4
      68435.000 ns	      6842	80001650	0093eab3	or	x21,x7,x9	  x7:0x00000001  x9:0x00000001 x21=0x00000001
      68465.000 ns	      6845	80001654	1026fb53	fmul.s	f22,f13,f2	 f13:0x46b50a3e  f2:0x7f800000 f22=0x7f800000
      68495.000 ns	      6848	80001658	298a0553	fmin.s	f10,f20,f24	 f20:0x7fc00000 f24:0x80000000 f10=0x80000000
      68525.000 ns	      6851	8000165c	e0080453	fmv.x.w	x8,f16	 f16:0x4f000000  x8=0x4f000000
      68555.000 ns	      6854	80001660	f00a83d3	fmv.w.x	f7,x21	 x21:0x00000001  f7=0x00000001
      68585.000 ns	      6857	80001664	a0b28bd3	fle.s	x23,f5,f11	  f5:0x00000000 f11:0x8e01fc80 x23=0x00000000
      68605.000 ns	      6859	80001668	c3b47c17	auipc	x24,0xc3b47	 x24=0x43b48668
      68625.000 ns	      6861	8000166c	219d1a53	fsgnjn.s	f20,f26,f25	 f26:0x80000000 f25:0x4f000000 f20=0x80000000
      68645.000 ns	      6863	80001670	1755cf93	xori	x31,x11,373	 x11:0x80041024 x31=0x80041151
      68665.000 ns	      6865	80001674	a1cd8853	fle.s	x16,f27,f28	 f27:0x7fc00000 f28:0x4f7fffff x16=0x00000000
      68715.000 ns	      6870	80001678	088b70d3	fsub.s	f1,f22,f8	 f22:0x7f800000  f8:0x00000000  f1=0x7f800000
      68735.000 ns	      6872	8000167c	eb1b7c17	auipc	x24,0xeb1b7	 x24=0x6b1b867c
      68755.000 ns	      6874	80001680	e0091553	fclass.s	x10,f18	 f18:0x80000000 x10=0x00000008
      68775.000 ns	      6876	80001684	015dad33	slt	x26,x27,x21	 x27:0x0000b07c x21:0x00000001 x26=0x00000000
      68795.000 ns	      6878	80001688	a1e80dd3	fle.s	x27,f16,f30	 f16:0x4f000000 f30:0x46b50482 x27=0x00000000
      68825.000 ns	      6881	8000168c	c015f953	fcvt.wu.s	x18,f11	 f11:0x8e01fc80 x18=0x00000000
      68855.000 ns	      6884	80001690	02eabdb3	mulhu	x27,x21,x14	 x21:0x00000001 x14:0x00000000 x27=0x00000000
      68885.000 ns	      6887	80001694	a1079ad3	flt.s	x21,f15,f16	 f15:0x4f7fffff f16:0x4f000000 x21=0x00000000
      68905.000 ns	      6889	80001698	0083ceb3	xor	x29,x7,x8	  x7:0x00000001  x8:0x4f000000 x29=0x4f000001
      68925.000 ns	      6891	8000169c	028394b3	mulh	x9,x7,x8	  x7:0x00000001  x8:0x4f000000  x9=0x00000000
      68945.000 ns	      6893	800016a0	013cdab3	srl	x21,x25,x19	 x25:0xffc00000 x19:0x00000000 x21=0xffc00000
      68955.000 ns	      6894	800016a4	5992f893	andi	x17,x5,1433	  x5:0x00000000 x17=0x00000000
      68965.000 ns	      6895	800016a8	01c3f433	and	x8,x7,x28	  x7:0x00000001 x28:0x80040fe4  x8=0x00000000
      68995.000 ns	      6898	800016ac	58070ad3	fsqrt.s	f21,f14	 f14:0x80000000 f21=0x80000000
      69015.000 ns	      6900	800016b0	77ab2f13	slti	x30,x22,1914	 x22:0x00000000 x30=0x00000001
      69025.000 ns	      6901	800016b4	413d5393	srai	x7,x26,0x13	 x26:0x00000000  x7=0x00000000
      69045.000 ns	      6903	800016b8	a17a21d3	feq.s	x3,f20,f23	 f20:0x80000000 f23:0x46b50a3e  x3=0x00000000
      69075.000 ns	      6906	800016bc	20a21a53	fsgnjn.s	f20,f4,f10	  f4:0x4f799724 f10:0x80000000 f20=0x4f799724
      69105.000 ns	      6909	800016c0	e00c0053	fmv.x.w	x0,f24	 f24:0x80000000
      69135.000 ns	      6912	800016c4	d0057c53	fcvt.s.w	f24,x10	 x10:0x00000008 f24=0x41000000
      69175.000 ns	      6916	800016c8	19bea6d3	fdiv.s	f13,f29,f27	 f29:0xffc00000 f27:0x7fc00000 f13=0x7fc00000
      69205.000 ns	      6919	800016cc	29371853	fmax.s	f16,f14,f19	 f14:0x80000000 f19:0x3f800000 f16=0x3f800000
      69235.000 ns	      6922	800016d0	f00b03d3	fmv.w.x	f7,x22	 x22:0x00000000  f7=0x00000000
      69265.000 ns	      6925	800016d4	e00a17d3	fclass.s	x15,f20	 f20:0x4f799724 x15=0x00000040
      69295.000 ns	      6928	800016d8	c01a2a53	fcvt.wu.s	x20,f20	 f20:0x4f799724 x20=0xf9972400
      69325.000 ns	      6931	800016dc	e0088053	fmv.x.w	x0,f17	 f17:0x80000000
      69345.000 ns	      6933	800016e0	d2bfca13	xori	x20,x31,-725	 x31:0x80041151 x20=0x7ffbec7a
      69385.000 ns	      6937	800016e4	09e97953	fsub.s	f18,f18,f30	 f18:0x80000000 f30:0x46b50482 f18=0xc6b50482
      69415.000 ns	      6940	800016e8	d0000553	fcvt.s.w	f10,x0	  x0:0x00000000 f10=0x00000000
      69445.000 ns	      6943	800016ec	03d7beb3	mulhu	x29,x15,x29	 x15:0x00000040 x29:0x4f000001 x29=0x00000013
      69465.000 ns	      6945	800016f0	86c12193	slti	x3,x2,-1940	  x2:0xf9972418  x3=0x00000001
      69485.000 ns	      6947	800016f4	a0658f53	fle.s	x30,f11,f6	 f11:0x8e01fc80  f6:0x00000000 x30=0x00000001
      69505.000 ns	      6949	800016f8	00e130b3	sltu	x1,x2,x14	  x2:0xf9972418 x14:0x00000000  x1=0x00000000
      69515.000 ns	      6950	800016fc	3aa56917	auipc	x18,0x3aa56	 x18=0xbaa576fc
      69535.000 ns	      6952	80001700	f0018153	fmv.w.x	f2,x3	  x3:0x00000001  f2=0x00000001
      69585.000 ns	      6957	80001704	0980bed3	fsub.s	f29,f1,f24	  f1:0x7f800000 f24:0x41000000 f29=0x7f800000
      69615.000 ns	      6960	80001708	a07616d3	flt.s	x13,f12,f7	 f12:0x4f7fffff  f7:0x00000000 x13=0x00000000
      69635.000 ns	      6962	8000170c	00902233	slt	x4,x0,x9	  x0:0x00000000  x9:0x00000000  x4=0x00000000
      69645.000 ns	      6963	80001710	14477c93	andi	x25,x14,324	 x14:0x00000000 x25=0x00000000
      69655.000 ns	      6964	80001714	2a222d13	slti	x26,x4,674	  x4:0x00000000 x26=0x00000001
      69675.000 ns	      6966	80001718	021e8eb3	mul	x29,x29,x1	 x29:0x00000013  x1:0x00000000 x29=0x00000000
      69705.000 ns	      6969	8000171c	20d28853	fsgnj.s	f16,f5,f13	  f5:0x00000000 f13:0x7fc00000 f16=0x00000000
      69725.000 ns	      6971	80001720	40dd8833	sub	x16,x27,x13	 x27:0x00000000 x13:0x00000000 x16=0x00000000
      69735.000 ns	      6972	80001724	e0dbc613	xori	x12,x23,-499	 x23:0x00000000 x12=0xfffffe0d
      69755.000 ns	      6974	80001728	28df0ed3	fmin.s	f29,f30,f13	 f30:0x46b50482 f13:0x7fc00000 f29=0x46b50482
      69775.000 ns	      6976	8000172c	0049eeb3	or	x29,x19,x4	 x19:0x00000000  x4:0x00000000 x29=0x00000000
      69795.000 ns	      6978	80001730	f0030353	fmv.w.x	f6,x6	  x6:0xfffffffc  f6=0xfffffffc
      69815.000 ns	      6980	80001734	01cbcfb3	xor	x31,x23,x28	 x23:0x00000000 x28:0x80040fe4 x31=0x80040fe4
      69835.000 ns	      6982	80001738	28881353	fmax.s	f6,f16,f8	 f16:0x00000000  f8:0x00000000  f6=0x00000000
      69855.000 ns	      6984	8000173c	28754537	lui	x10,0x28754	 x10=0x28754000
      69865.000 ns	      6985	80001740	f5826b17	auipc	x22,0xf5826	 x22=0x75827740
      69895.000 ns	      6988	80001744	1116f5d3	fmul.s	f11,f13,f17	 f13:0x7fc00000 f17:0x80000000 f11=0x7fc00000
      69915.000 ns	      6990	80001748	a457aa37	lui	x20,0xa457a	 x20=0xa457a000
      69925.000 ns	      6991	8000174c	b3eb2c13	slti	x24,x22,-1218	 x22:0x75827740 x24=0x00000000
      69945.000 ns	      6993	80001750	c00f9653	fcvt.w.s	x12,f31	 f31:0x80000000 x12=0x00000000
      69985.000 ns	      6997	80001754	5803f3d3	fsqrt.s	f7,f7	  f7:0x00000000  f7=0x00000000
      70015.000 ns	      7000	80001758	204096d3	fsgnjn.s	f13,f1,f4	  f1:0x7f800000  f4:0x4f799724 f13=0xff800000
      70045.000 ns	      7003	8000175c	f00b8b53	fmv.w.x	f22,x23	 x23:0x00000000 f22=0x00000000
      70075.000 ns	      7006	80001760	c018fa53	fcvt.wu.s	x20,f17	 f17:0x80000000 x20=0x00000000
      70105.000 ns	      7009	80001764	a09f2b53	feq.s	x22,f30,f9	 f30:0x46b50482  f9:0xcf000000 x22=0x00000000
      70135.000 ns	      7012	80001768	d0117fd3	fcvt.s.wu	f31,x2	  x2:0xf9972418 f31=0x4f799724
      70155.000 ns	      7014	8000176c	018c36b3	sltu	x13,x24,x24	 x24:0x00000000 x24:0x00000000 x13=0x00000000
      70165.000 ns	      7015	80001770	0183ab33	slt	x22,x7,x24	  x7:0x00000000 x24:0x00000000 x22=0x00000000
      70175.000 ns	      7016	80001774	00000013	addi	x0,x0,0	  x0:0x00000000
      70195.000 ns	      7018	80001778	c01ca7d3	fcvt.wu.s	x15,f25	 f25:0x4f000000 x15=0x80000000
      70235.000 ns	      7022	8000177c	18347853	fdiv.s	f16,f8,f3	  f8:0x00000000  f3:0x80000000 f16=0x7fc00000
      70255.000 ns	      7024	80001780	11720293	addi	x5,x4,279	  x4:0x00000000  x5=0x00000117
      70275.000 ns	      7026	80001784	d0031cd3	fcvt.s.w	f25,x6	  x6:0xfffffffc f25=0xc0800000
      70295.000 ns	      7028	80001788	1ac60cb7	lui	x25,0x1ac60	 x25=0x1ac60000
      70305.000 ns	      7029	8000178c	01cf83b3	add	x7,x31,x28	 x31:0x80040fe4 x28:0x80040fe4  x7=0x00081fc8
      70325.000 ns	      7031	80001790	03f41b33	mulh	x22,x8,x31	  x8:0x00000000 x31:0x80040fe4 x22=0x00000000
      70345.000 ns	      7033	80001794	00ae73b3	and	x7,x28,x10	 x28:0x80040fe4 x10:0x28754000  x7=0x00040000
      70355.000 ns	      7034	80001798	0065deb3	srl	x29,x11,x6	 x11:0x80041024  x6:0xfffffffc x29=0x00000008
      70365.000 ns	      7035	8000179c	011dc7b3	xor	x15,x27,x17	 x27:0x00000000 x17:0x00000000 x15=0x00000000
      70375.000 ns	      7036	800017a0	8d19d837	lui	x16,0x8d19d	 x16=0x8d19d000
      70395.000 ns	      7038	800017a4	a07920d3	feq.s	x1,f18,f7	 f18:0xc6b50482  f7:0x00000000  x1=0x00000000
      70415.000 ns	      7040	800017a8	00e5e433	or	x8,x11,x14	 x11:0x80041024 x14:0x00000000  x8=0x80041024
      70425.000 ns	      7041	800017ac	00000013	addi	x0,x0,0	  x0:0x00000000
      70445.000 ns	      7043	800017b0	03d808b3	mul	x17,x16,x29	 x16:0x8d19d000 x29:0x00000008 x17=0x68ce8000
      70465.000 ns	      7045	800017b4	01282a33	slt	x20,x16,x18	 x16:0x8d19d000 x18:0xbaa576fc x20=0x00000001
      70485.000 ns	      7047	800017b8	a07aadd3	feq.s	x27,f21,f7	 f21:0x80000000  f7:0x00000000 x27=0x00000001
      70505.000 ns	      7049	800017bc	6d1fe293	ori	x5,x31,1745	 x31:0x80040fe4  x5=0x80040ff5
      70515.000 ns	      7050	800017c0	00e59f13	slli	x30,x11,0xe	 x11:0x80041024 x30=0x04090000
      70535.000 ns	      7052	800017c4	c0167653	fcvt.wu.s	x12,f12	 f12:0x4f7fffff x12=0xffffff00
      70555.000 ns	      7054	800017c8	e5210c93	addi	x25,x2,-430	  x2:0xf9972418 x25=0xf997226a
      70915.000 ns	      7090	800017cc	032ecf33	div	x30,x29,x18	 x29:0x00000008 x18:0xbaa576fc x30=0x00000000
      70965.000 ns	      7095	800017d0	081073d3	fsub.s	f7,f0,f1	  f0:0x80040fe4  f1:0x7f800000  f7=0xff800000
      70985.000 ns	      7097	800017d4	d24e7eb7	lui	x29,0xd24e7	 x29=0xd24e7000
      70995.000 ns	      7098	800017d8	ca1adf97	auipc	x31,0xca1ad	 x31=0x4a1ae7d8
      71005.000 ns	      7099	800017dc	f37ccb13	xori	x22,x25,-201	 x25:0xf997226a x22=0x0668dd5d
      71035.000 ns	      7102	800017e0	11400d53	fmul.s	f26,f0,f20	  f0:0x80040fe4 f20:0x4f799724 f26=0x8dfd76ae
      71065.000 ns	      7105	800017e4	21559ed3	fsgnjn.s	f29,f11,f21	 f11:0x7fc00000 f21:0x80000000 f29=0x7fc00000
      71085.000 ns	      7107	800017e8	41ccd913	srai	x18,x25,0x1c	 x25:0xf997226a x18=0xffffffff
      71105.000 ns	      7109	800017ec	a08a8353	fle.s	x6,f21,f8	 f21:0x80000000  f8:0x00000000  x6=0x00000001
      71135.000 ns	      7112	800017f0	28049653	fmax.s	f12,f9,f0	  f9:0xcf000000  f0:0x80040fe4 f12=0x80040fe4
      71165.000 ns	      7115	800017f4	0280afb3	mulhsu	x31,x1,x8	  x1:0x00000000  x8:0x80041024 x31=0x00000000
      71185.000 ns	      7117	800017f8	01ca1093	slli	x1,x20,0x1c	 x20:0x00000001  x1=0x10000000
      71195.000 ns	      7118	800017fc	0028d2b3	srl	x5,x17,x2	 x17:0x68ce8000  x2:0xf9972418  x5=0x00000068
      71205.000 ns	      7119	80001800	001593b3	sll	x7,x11,x1	 x11:0x80041024  x1:0x00000000  x7=0x80041024
      71215.000 ns	      7120	80001804	60a3d437	lui	x8,0x60a3d	  x8=0x60a3d000
      71225.000 ns	      7121	80001808	43213813	sltiu	x16,x2,1074	  x2:0xf9972418 x16=0x00000000
      71245.000 ns	      7123	8000180c	039d1bb3	mulh	x23,x26,x25	 x26:0x00000001 x25:0xf997226a x23=0xffffffff
      72425.000 ns	      7241	80001810	580fce53	fsqrt.s	f28,f31	 f31:0x4f799724 f28=0x47307c76
      72445.000 ns	      7243	80001814	00e05213	srli	x4,x0,0xe	  x0:0x00000000  x4=0x00000000
      72455.000 ns	      7244	80001818	4066d033	sra	x0,x13,x6	 x13:0x00000000  x6:0x00000001
      72485.000 ns	      7247	8000181c	5800cb53	fsqrt.s	f22,f1	  f1:0x7f800000 f22=0x7f800000
      72505.000 ns	      7249	80001820	01f2d933	srl	x18,x5,x31	  x5:0x00000068 x31:0x00000000 x18=0x00000068
      72525.000 ns	      7251	80001824	0330c233	div	x4,x1,x19	  x1:0x10000000 x19:0x00000000  x4=0xffffffff
      72545.000 ns	      7253	80001828	4054d213	srai	x4,x9,0x5	  x9:0x00000000  x4=0x00000000
      72565.000 ns	      7255	8000182c	a1012c53	feq.s	x24,f2,f16	  f2:0x00000001 f16:0x7fc00000 x24=0x00000000
      72585.000 ns	      7257	80001830	409300b3	sub	x1,x6,x9	  x6:0x00000001  x9:0x00000000  x1=0x00000001
      72605.000 ns	      7259	80001834	c01a4f53	fcvt.wu.s	x30,f20	 f20:0x4f799724 x30=0xf9972400
      72625.000 ns	      7261	80001838	00671bb3	sll	x23,x14,x6	 x14:0x00000000  x6:0x00000001 x23=0x00000000
      72635.000 ns	      7262	8000183c	fc3cf493	andi	x9,x25,-61	 x25:0xf997226a  x9=0xf9972242
      72655.000 ns	      7264	80001840	29a403d3	fmin.s	f7,f8,f26	  f8:0x00000000 f26:0x8dfd76ae  f7=0x8dfd76ae
      72685.000 ns	      7267	80001844	033e0eb3	mul	x29,x28,x19	 x28:0x80040fe4 x19:0x00000000 x29=0x00000000
      73055.000 ns	      7304	80001848	035ed733	divu	x14,x29,x21	 x29:0xd24e7000 x21:0xffc00000 x14=0x00000000
      73075.000 ns	      7306	8000184c	9cc1b293	sltiu	x5,x3,-1588	  x3:0x00000001  x5=0x00000001
      73085.000 ns	      7307	80001850	010da2b3	slt	x5,x27,x16	 x27:0x00000001 x16:0x00000000  x5=0x00000000
      74255.000 ns	      7424	80001854	580e76d3	fsqrt.s	f13,f28	 f28:0x47307c76 f13=0x42f99682
      74285.000 ns	      7427	80001858	c003f553	fcvt.w.s	x10,f7	  f7:0x8dfd76ae x10=0x00000000
      74305.000 ns	      7429	8000185c	a92bbb93	sltiu	x23,x23,-1390	 x23:0x00000000 x23=0x00000001
      74315.000 ns	      7430	80001860	01bdd693	srli	x13,x27,0x1b	 x27:0x00000001 x13=0x00000000
      74355.000 ns	      7434	80001864	08ef9253	fsub.s	f4,f31,f14	 f31:0x4f799724 f14:0x80000000  f4=0x4f799724
      74375.000 ns	      7436	80001868	015166b3	or	x13,x2,x21	  x2:0xf9972418 x21:0xffc00000 x13=0xffd72418
      74395.000 ns	      7438	8000186c	f00a89d3	fmv.w.x	f19,x21	 x21:0xffc00000 f19=0xffc00000
      74735.000 ns	      7472	80001870	194d74d3	fdiv.s	f9,f26,f20	 f26:0x8dfd76ae f20:0x4f799724  f9=0xfdfd76ae
      74755.000 ns	      7474	80001874	014cdc13	srli	x24,x25,0x14	 x25:0xf997226a x24=0x00000f99
      74765.000 ns	      7475	80001878	264d3813	sltiu	x16,x26,612	 x26:0x00000001 x16=0x00000001
      74785.000 ns	      7477	8000187c	02bf9333	mulh	x6,x31,x11	 x31:0x00000000 x11:0x80041024  x6=0x00000000
      74815.000 ns	      7480	80001880	a14f8453	fle.s	x8,f31,f20	 f31:0x4f799724 f20:0x4f799724  x8=0x00000001
      74845.000 ns	      7483	80001884	20261053	fsgnjn.s	f0,f12,f2	 f12:0x80040fe4  f2:0x00000001  f0=0x80040fe4
      75215.000 ns	      7520	80001888	02c1f1b3	remu	x3,x3,x12	  x3:0x00000001 x12:0xffffff00  x3=0x00000001
      75265.000 ns	      7525	8000188c	00be14d3	fadd.s	f9,f28,f11	 f28:0x47307c76 f11:0x7fc00000  f9=0x7fc00000
      75295.000 ns	      7528	80001890	03160833	mul	x16,x12,x17	 x12:0xffffff00 x17:0x68ce8000 x16=0x31800000
      75315.000 ns	      7530	80001894	01111893	slli	x17,x2,0x11	  x2:0xf9972418 x17=0x48300000
      75325.000 ns	      7531	80001898	407f80b3	sub	x1,x31,x7	 x31:0x00000000  x7:0x80041024  x1=0x7ffbefdc
      75355.000 ns	      7534	8000189c	10e47fd3	fmul.s	f31,f8,f14	  f8:0x00000000 f14:0x80000000 f31=0x80000000
      75375.000 ns	      7536	800018a0	db89e013	ori	x0,x19,-584	 x19:0x00000000
      75395.000 ns	      7538	800018a4	024ef033	remu	x0,x29,x4	 x29:0x00000000  x4:0x00000000
      75425.000 ns	      7541	800018a8	a15fa353	feq.s	x6,f31,f21	 f31:0x80000000 f21:0x80000000  x6=0x00000001
      75455.000 ns	      7544	800018ac	a0148553	fle.s	x10,f9,f1	  f9:0x7fc00000  f1:0x7f800000 x10=0x00000000
      75485.000 ns	      7547	800018b0	02c688b3	mul	x17,x13,x12	 x13:0xffd72418 x12:0xffffff00 x17=0x28dbe800
      75515.000 ns	      7550	800018b4	d0007ed3	fcvt.s.w	f29,x0	  x0:0x00000000 f29=0x00000000
      75535.000 ns	      7552	800018b8	01d7f0b3	and	x1,x15,x29	 x15:0x00000000 x29:0x00000000  x1=0x00000000
      75555.000 ns	      7554	800018bc	020fd433	divu	x8,x31,x0	 x31:0x00000000  x0:0x00000000  x8=0xffffffff
      75575.000 ns	      7556	800018c0	a00f3613	sltiu	x12,x30,-1536	 x30:0xf9972400 x12=0x00000001
      75595.000 ns	      7558	800018c4	02a379b3	remu	x19,x6,x10	  x6:0x00000001 x10:0x00000000 x19=0x00000001
      75615.000 ns	      7560	800018c8	4bf9e713	ori	x14,x19,1215	 x19:0x00000000 x14=0x000004bf
      75635.000 ns	      7562	800018cc	036f8733	mul	x14,x31,x22	 x31:0x00000000 x22:0x0668dd5d x14=0x00000000
      75655.000 ns	      7564	800018d0	00c183b3	add	x7,x3,x12	  x3:0x00000001 x12:0x00000001  x7=0x00000002
      75685.000 ns	      7567	800018d4	10dfcc53	fmul.s	f24,f31,f13	 f31:0x80000000 f13:0x42f99682 f24=0x80000000
      75705.000 ns	      7569	800018d8	00000013	addi	x0,x0,0	  x0:0x00000000
      75725.000 ns	      7571	800018dc	c016f353	fcvt.wu.s	x6,f13	 f13:0x42f99682  x6=0x0000007c
      75775.000 ns	      7576	800018e0	091d3d53	fsub.s	f26,f26,f17	 f26:0x8dfd76ae f17:0x80000000 f26=0x8dfd76ae
      75795.000 ns	      7578	800018e4	41c587b3	sub	x15,x11,x28	 x11:0x80041024 x28:0x80040fe4 x15=0x00000040
      75815.000 ns	      7580	800018e8	20f7a7d3	fsgnjx.s	f15,f15,f15	 f15:0x4f7fffff f15:0x4f7fffff f15=0x4f7fffff
      75835.000 ns	      7582	800018ec	0121beb3	sltu	x29,x3,x18	  x3:0x00000001 x18:0x00000068 x29=0x00000001
      76195.000 ns	      7618	800018f0	0281f8b3	remu	x17,x3,x8	  x3:0x00000001  x8:0xffffffff x17=0x00000001
      76565.000 ns	      7655	800018f4	02276a33	rem	x20,x14,x2	 x14:0x00000000  x2:0xf9972418 x20=0x00000000
      76585.000 ns	      7657	800018f8	96156a93	ori	x21,x10,-1695	 x10:0x00000000 x21=0xfffff961
      76615.000 ns	      7660	800018fc	1969a2d3	fdiv.s	f5,f19,f22	 f19:0xffc00000 f22:0x7f800000  f5=0x7fc00000
      76645.000 ns	      7663	80001900	d00cc353	fcvt.s.w	f6,x25	 x25:0xf997226a  f6=0xcccd1bb3
      76675.000 ns	      7666	80001904	02483c33	mulhu	x24,x16,x4	 x16:0x31800000  x4:0x00000000 x24=0x00000000
      76705.000 ns	      7669	80001908	a18628d3	feq.s	x17,f12,f24	 f12:0x80040fe4 f24:0x80000000 x17=0x00000000
      76725.000 ns	      7671	8000190c	010e7a33	and	x20,x28,x16	 x28:0x80040fe4 x16:0x31800000 x20=0x00000000
      76745.000 ns	      7673	80001910	03dd3cb3	mulhu	x25,x26,x29	 x26:0x00000001 x29:0x00000001 x25=0x00000000
      76775.000 ns	      7676	80001914	a06a1ed3	flt.s	x29,f20,f6	 f20:0x4f799724  f6:0xcccd1bb3 x29=0x00000000
      76795.000 ns	      7678	80001918	40c509b3	sub	x19,x10,x12	 x10:0x00000000 x12:0x00000001 x19=0xffffffff
      76835.000 ns	      7682	8000191c	0893fdd3	fsub.s	f27,f7,f9	  f7:0x8dfd76ae  f9:0x7fc00000 f27=0x7fc00000
      76865.000 ns	      7685	80001920	e0099ad3	fclass.s	x21,f19	 f19:0xffc00000 x21=0x00000200
      76895.000 ns	      7688	80001924	02f9beb3	mulhu	x29,x19,x15	 x19:0xffffffff x15:0x00000040 x29=0x0000003f
      76915.000 ns	      7690	80001928	00305fb3	srl	x31,x0,x3	  x0:0x00000000  x3:0x00000001 x31=0x00000000
      76925.000 ns	      7691	8000192c	00f1f533	and	x10,x3,x15	  x3:0x00000001 x15:0x00000040 x10=0x00000000
      76945.000 ns	      7693	80001930	a1192053	feq.s	x0,f18,f17	 f18:0xc6b50482 f17:0x80000000
      76965.000 ns	      7695	80001934	01810b33	add	x22,x2,x24	  x2:0xf9972418 x24:0x00000000 x22=0xf9972418
      76985.000 ns	      7697	80001938	e00b02d3	fmv.x.w	x5,f22	 f22:0x7f800000  x5=0x7f800000
      77015.000 ns	      7700	8000193c	02150a33	mul	x20,x10,x1	 x10:0x00000000  x1:0x00000000 x20=0x00000000
      77035.000 ns	      7702	80001940	0086d7b3	srl	x15,x13,x8	 x13:0xffd72418  x8:0xffffffff x15=0x00000001
      77055.000 ns	      7704	80001944	d0050753	fcvt.s.w	f14,x10	 x10:0x00000000 f14=0x00000000
      77095.000 ns	      7708	80001948	11a3f253	fmul.s	f4,f7,f26	  f7:0x8dfd76ae f26:0x8dfd76ae  f4=0x5c7af3cb
      77125.000 ns	      7711	8000194c	a181afd3	feq.s	x31,f3,f24	  f3:0x80000000 f24:0x80000000 x31=0x00000001
      77145.000 ns	      7713	80001950	00d29a93	slli	x21,x5,0xd	  x5:0x7f800000 x21=0x00000000
      77155.000 ns	      7714	80001954	c4e1ed13	ori	x26,x3,-946	  x3:0x00000001 x26=0xfffffc4f
      77175.000 ns	      7716	80001958	03e299b3	mulh	x19,x5,x30	  x5:0x7f800000 x30:0xf9972400 x19=0xfccec66e
      77205.000 ns	      7719	8000195c	a197a653	feq.s	x12,f15,f25	 f15:0x4f7fffff f25:0xc0800000 x12=0x00000000
      77235.000 ns	      7722	80001960	039c9833	mulh	x16,x25,x25	 x25:0x00000000 x25:0x00000000 x16=0x00000000
      77265.000 ns	      7725	80001964	f0020d53	fmv.w.x	f26,x4	  x4:0x00000000 f26=0x00000000
      77295.000 ns	      7728	80001968	211b0353	fsgnj.s	f6,f22,f17	 f22:0x7f800000 f17:0x80000000  f6=0xff800000
      77325.000 ns	      7731	8000196c	c001f1d3	fcvt.w.s	x3,f3	  f3:0x80000000  x3=0x00000000
      77355.000 ns	      7734	80001970	e00d03d3	fmv.x.w	x7,f26	 f26:0x00000000  x7=0x00000000
      77375.000 ns	      7736	80001974	4167d813	srai	x16,x15,0x16	 x15:0x00000001 x16=0x00000000
      77395.000 ns	      7738	80001978	a1c30353	fle.s	x6,f6,f28	  f6:0xff800000 f28:0x47307c76  x6=0x00000001
      77415.000 ns	      7740	8000197c	00b9a613	slti	x12,x19,11	 x19:0xfccec66e x12=0x00000001
      77435.000 ns	      7742	80001980	295f9fd3	fmax.s	f31,f31,f21	 f31:0x80000000 f21:0x80000000 f31=0x80000000
      77465.000 ns	      7745	80001984	a15a8a53	fle.s	x20,f21,f21	 f21:0x80000000 f21:0x80000000 x20=0x00000001
      77495.000 ns	      7748	80001988	02c299b3	mulh	x19,x5,x12	  x5:0x7f800000 x12:0x00000001 x19=0x00000000
      77515.000 ns	      7750	8000198c	03bc8193	addi	x3,x25,59	 x25:0x00000000  x3=0x0000003b
      77535.000 ns	      7752	80001990	c0087053	fcvt.w.s	x0,f16	 f16:0x7fc00000
      77565.000 ns	      7755	80001994	e00716d3	fclass.s	x13,f14	 f14:0x00000000 x13=0x00000010
      77615.000 ns	      7760	80001998	01163e53	fadd.s	f28,f12,f17	 f12:0x80040fe4 f17:0x80000000 f28=0x80040fe4
      77635.000 ns	      7762	8000199c	85d17993	andi	x19,x2,-1955	  x2:0xf9972418 x19=0xf9972018
      77645.000 ns	      7763	800019a0	5c75fb93	andi	x23,x11,1479	 x11:0x80041024 x23=0x00000004
      77655.000 ns	      7764	800019a4	d7b08d93	addi	x27,x1,-645	  x1:0x00000000 x27=0xfffffd7b
      77675.000 ns	      7766	800019a8	f0068cd3	fmv.w.x	f25,x13	 x13:0x00000010 f25=0x00000010
      77705.000 ns	      7769	800019ac	29ca0353	fmin.s	f6,f20,f28	 f20:0x4f799724 f28:0x80040fe4  f6=0x80040fe4
      77735.000 ns	      7772	800019b0	a1070fd3	fle.s	x31,f14,f16	 f14:0x00000000 f16:0x7fc00000 x31=0x00000000
      78105.000 ns	      7809	800019b4	03a16533	rem	x10,x2,x26	  x2:0xf9972418 x26:0xfffffc4f x10=0xfffffffa
      78135.000 ns	      7812	800019b8	0321a8b3	mulhsu	x17,x3,x18	  x3:0x0000003b x18:0x00000068 x17=0x00000000
      78155.000 ns	      7814	800019bc	380877b7	lui	x15,0x38087	 x15=0x38087000
      78515.000 ns	      7850	800019c0	0255efb3	rem	x31,x11,x5	 x11:0x80041024  x5:0x7f800000 x31=0xff841024
      78885.000 ns	      7887	800019c4	03abe4b3	rem	x9,x23,x26	 x23:0x00000004 x26:0xfffffc4f  x9=0x00000004
      78915.000 ns	      7890	800019c8	c00a7fd3	fcvt.w.s	x31,f20	 f20:0x4f799724 x31=0x7fffffff
      78945.000 ns	      7893	800019cc	03bc24b3	mulhsu	x9,x24,x27	 x24:0x00000000 x27:0xfffffd7b  x9=0x00000000
      78965.000 ns	      7895	800019d0	83edb817	auipc	x16,0x83edb	 x16=0x03edc9d0
      78985.000 ns	      7897	800019d4	0333b2b3	mulhu	x5,x7,x19	  x7:0x00000000 x19:0xf9972018  x5=0x00000000
      79005.000 ns	      7899	800019d8	0164d993	srli	x19,x9,0x16	  x9:0x00000000 x19=0x00000000
      79025.000 ns	      7901	800019dc	212f8cd3	fsgnj.s	f25,f31,f18	 f31:0x80000000 f18:0xc6b50482 f25=0x80000000
      79045.000 ns	      7903	800019e0	edb2c1b7	lui	x3,0xedb2c	  x3=0xedb2c000
      79055.000 ns	      7904	800019e4	4ecb7393	andi	x7,x22,1260	 x22:0xf9972418  x7=0x00000408
      79065.000 ns	      7905	800019e8	624fa293	slti	x5,x31,1572	 x31:0x7fffffff  x5=0x00000000
      79075.000 ns	      7906	800019ec	40fd5393	srai	x7,x26,0xf	 x26:0xfffffc4f  x7=0xffffffff
      79085.000 ns	      7907	800019f0	41e65093	srai	x1,x12,0x1e	 x12:0x00000001  x1=0x00000000
      79105.000 ns	      7909	800019f4	f0080fd3	fmv.w.x	f31,x16	 x16:0x03edc9d0 f31=0x03edc9d0
      79135.000 ns	      7912	800019f8	f0010a53	fmv.w.x	f20,x2	  x2:0xf9972418 f20=0xf9972418
      79155.000 ns	      7914	800019fc	0198d733	srl	x14,x17,x25	 x17:0x00000000 x25:0x00000000 x14=0x00000000
      79195.000 ns	      7918	80001a00	08c491d3	fsub.s	f3,f9,f12	  f9:0x7fc00000 f12:0x80040fe4  f3=0x7fc00000
      79215.000 ns	      7920	80001a04	0135d0b3	srl	x1,x11,x19	 x11:0x80041024 x19:0x00000000  x1=0x80041024
      79245.000 ns	      7923	80001a08	580af253	fsqrt.s	f4,f21	 f21:0x80000000  f4=0x80000000
      79275.000 ns	      7926	80001a0c	d01830d3	fcvt.s.wu	f1,x16	 x16:0x03edc9d0  f1=0x4c7b7274
      79315.000 ns	      7930	80001a10	191b32d3	fdiv.s	f5,f22,f17	 f22:0x7f800000 f17:0x80000000  f5=0xff800000
      79345.000 ns	      7933	80001a14	a17620d3	feq.s	x1,f12,f23	 f12:0x80040fe4 f23:0x46b50a3e  x1=0x00000000
      79715.000 ns	      7970	80001a18	023c5933	divu	x18,x24,x3	 x24:0x00000000  x3:0xedb2c000 x18=0x00000000
      79735.000 ns	      7972	80001a1c	40b18b33	sub	x22,x3,x11	  x3:0xedb2c000 x11:0x80041024 x22=0x6daeafdc
      79745.000 ns	      7973	80001a20	00bb9c93	slli	x25,x23,0xb	 x23:0x00000004 x25=0x00002000
      79755.000 ns	      7974	80001a24	0026d813	srli	x16,x13,0x2	 x13:0x00000010 x16=0x00000004
      79775.000 ns	      7976	80001a28	a1c30ed3	fle.s	x29,f6,f28	  f6:0x80040fe4 f28:0x80040fe4 x29=0x00000001
      79795.000 ns	      7978	80001a2c	8f0b6913	ori	x18,x22,-1808	 x22:0x6daeafdc x18=0xfffffffc
      79805.000 ns	      7979	80001a30	00000013	addi	x0,x0,0	  x0:0x00000000
      79815.000 ns	      7980	80001a34	00884fb3	xor	x31,x16,x8	 x16:0x00000004  x8:0xffffffff x31=0xfffffffb
      79845.000 ns	      7983	80001a38	104f28d3	fmul.s	f17,f30,f4	 f30:0x46b50482  f4:0x80000000 f17=0x80000000
      79875.000 ns	      7986	80001a3c	e0068753	fmv.x.w	x14,f13	 f13:0x42f99682 x14=0x42f99682
      79905.000 ns	      7989	80001a40	210e1c53	fsgnjn.s	f24,f28,f16	 f28:0x80040fe4 f16:0x7fc00000 f24=0x80040fe4
      79935.000 ns	      7992	80001a44	03c6a7b3	mulhsu	x15,x13,x28	 x13:0x00000010 x28:0x80040fe4 x15=0x00000008
      79965.000 ns	      7995	80001a48	d01e7bd3	fcvt.s.wu	f23,x28	 x28:0x80040fe4 f23=0x4f00040f
      79985.000 ns	      7997	80001a4c	01226433	or	x8,x4,x18	  x4:0x00000000 x18:0xfffffffc  x8=0xfffffffc
      79995.000 ns	      7998	80001a50	0026b1b3	sltu	x3,x13,x2	 x13:0x00000010  x2:0xf9972418  x3=0x00000001
      80015.000 ns	      8000	80001a54	035bb833	mulhu	x16,x23,x21	 x23:0x00000004 x21:0x00000000 x16=0x00000000
      80045.000 ns	      8003	80001a58	0200b1b3	mulhu	x3,x1,x0	  x1:0x00000000  x0:0x00000000  x3=0x00000000
      80075.000 ns	      8006	80001a5c	290c0053	fmin.s	f0,f24,f16	 f24:0x80040fe4 f16:0x7fc00000  f0=0x80040fe4
      80105.000 ns	      8009	80001a60	288992d3	fmax.s	f5,f19,f8	 f19:0xffc00000  f8:0x00000000  f5=0x00000000
      80135.000 ns	      8012	80001a64	03dfaab3	mulhsu	x21,x31,x29	 x31:0xfffffffb x29:0x00000001 x21=0xffffffff
      80165.000 ns	      8015	80001a68	c00f00d3	fcvt.w.s	x1,f30	 f30:0x46b50482  x1=0x00005a82
      80195.000 ns	      8018	80001a6c	0234bdb3	mulhu	x27,x9,x3	  x9:0x00000000  x3:0x00000000 x27=0x00000000
      80225.000 ns	      8021	80001a70	d00dc2d3	fcvt.s.w	f5,x27	 x27:0xfffffd7b  f5=0x00000000
      80245.000 ns	      8023	80001a74	013e7f33	and	x30,x28,x19	 x28:0x80040fe4 x19:0x00000000 x30=0x00000000
      80255.000 ns	      8024	80001a78	00af93b3	sll	x7,x31,x10	 x31:0xfffffffb x10:0xfffffffa  x7=0xec000000
      80275.000 ns	      8026	80001a7c	a0b527d3	feq.s	x15,f10,f11	 f10:0x00000000 f11:0x7fc00000 x15=0x00000000
      80295.000 ns	      8028	80001a80	01471db3	sll	x27,x14,x20	 x14:0x42f99682 x20:0x00000001 x27=0x85f32d04
      80325.000 ns	      8031	80001a84	10b6f053	fmul.s	f0,f13,f11	 f13:0x42f99682 f11:0x7fc00000  f0=0x7fc00000
      80345.000 ns	      8033	80001a88	596dfb97	auipc	x23,0x596df	 x23=0xd96e0a88
      80355.000 ns	      8034	80001a8c	0044d493	srli	x9,x9,0x4	  x9:0x00000000  x9=0x00000000
      80365.000 ns	      8035	80001a90	39137a93	andi	x21,x6,913	  x6:0x00000001 x21=0x00000001
      80375.000 ns	      8036	80001a94	00e99bb3	sll	x23,x19,x14	 x19:0x00000000 x14:0x42f99682 x23=0x00000000
      80395.000 ns	      8038	80001a98	21d2a4d3	fsgnjx.s	f9,f5,f29	  f5:0x00000000 f29:0x00000000  f9=0x00000000
      80425.000 ns	      8041	80001a9c	210825d3	fsgnjx.s	f11,f16,f16	 f16:0x7fc00000 f16:0x7fc00000 f11=0x7fc00000
      80445.000 ns	      8043	80001aa0	01d509b3	add	x19,x10,x29	 x10:0xfffffffa x29:0x00000001 x19=0xfffffffb
      80455.000 ns	      8044	80001aa4	018b9d33	sll	x26,x23,x24	 x23:0x00000000 x24:0x00000000 x26=0x00000000
      80475.000 ns	      8046	80001aa8	a18e86d3	fle.s	x13,f29,f24	 f29:0x00000000 f24:0x80040fe4 x13=0x00000000
      80495.000 ns	      8048	80001aac	41105cb3	sra	x25,x0,x17	  x0:0x00000000 x17:0x00000000 x25=0x00000000
      80515.000 ns	      8050	80001ab0	e0031f53	fclass.s	x30,f6	  f6:0x80040fe4 x30=0x00000004
      80535.000 ns	      8052	80001ab4	4c21f813	andi	x16,x3,1218	  x3:0x00000000 x16=0x00000000
      80545.000 ns	      8053	80001ab8	4123dbb3	sra	x23,x7,x18	  x7:0xec000000 x18:0xfffffffc x23=0xfffffffe
      80565.000 ns	      8055	80001abc	c008bc53	fcvt.w.s	x24,f17	 f17:0x80000000 x24=0x00000000
      80595.000 ns	      8058	80001ac0	21cf84d3	fsgnj.s	f9,f31,f28	 f31:0x03edc9d0 f28:0x80040fe4  f9=0x83edc9d0
      80625.000 ns	      8061	80001ac4	a06617d3	flt.s	x15,f12,f6	 f12:0x80040fe4  f6:0x80040fe4 x15=0x00000000
      80655.000 ns	      8064	80001ac8	03620a33	mul	x20,x4,x22	  x4:0x00000000 x22:0x6daeafdc x20=0x00000000
      80685.000 ns	      8067	80001acc	28e68b53	fmin.s	f22,f13,f14	 f13:0x42f99682 f14:0x00000000 f22=0x00000000
      80715.000 ns	      8070	80001ad0	0251c633	div	x12,x3,x5	  x3:0x00000000  x5:0x00000000 x12=0xffffffff
      80745.000 ns	      8073	80001ad4	a19b9d53	flt.s	x26,f23,f25	 f23:0x4f00040f f25:0x80000000 x26=0x00000000
      80775.000 ns	      8076	80001ad8	e0079cd3	fclass.s	x25,f15	 f15:0x4f7fffff x25=0x00000040
      80805.000 ns	      8079	80001adc	037f9db3	mulh	x27,x31,x23	 x31:0xfffffffb x23:0xfffffffe x27=0x00000000
      80835.000 ns	      8082	80001ae0	c0160653	fcvt.wu.s	x12,f12	 f12:0x80040fe4 x12=0x00000000
      80865.000 ns	      8085	80001ae4	d013f653	fcvt.s.wu	f12,x7	  x7:0xec000000 f12=0x4f6c0000
      80895.000 ns	      8088	80001ae8	29c117d3	fmax.s	f15,f2,f28	  f2:0x00000001 f28:0x80040fe4 f15=0x00000001
      80925.000 ns	      8091	80001aec	a0499753	flt.s	x14,f19,f4	 f19:0xffc00000  f4:0x80000000 x14=0x00000000
      80975.000 ns	      8096	80001af0	09847d53	fsub.s	f26,f8,f24	  f8:0x00000000 f24:0x80040fe4 f26=0x00040fe4
      81005.000 ns	      8099	80001af4	d0154653	fcvt.s.wu	f12,x10	 x10:0xfffffffa f12=0x4f800000
      81025.000 ns	      8101	80001af8	05bd4e93	xori	x29,x26,91	 x26:0x00000000 x29=0x0000005b
      81035.000 ns	      8102	80001afc	b551a937	lui	x18,0xb551a	 x18=0xb551a000
      81045.000 ns	      8103	80001b00	000ba333	slt	x6,x23,x0	 x23:0xfffffffe  x0:0x00000000  x6=0x00000001
      81065.000 ns	      8105	80001b04	281f87d3	fmin.s	f15,f31,f1	 f31:0x03edc9d0  f1:0x4c7b7274 f15=0x03edc9d0
      81085.000 ns	      8107	80001b08	00000013	addi	x0,x0,0	  x0:0x00000000
      81095.000 ns	      8108	80001b0c	01d520b3	slt	x1,x10,x29	 x10:0xfffffffa x29:0x0000005b  x1=0x00000001
      81105.000 ns	      8109	80001b10	40f15813	srai	x16,x2,0xf	  x2:0xf9972418 x16=0xfffff32e
      81115.000 ns	      8110	80001b14	c895e437	lui	x8,0xc895e	  x8=0xc895e000
      81135.000 ns	      8112	80001b18	026a16b3	mulh	x13,x20,x6	 x20:0x00000000  x6:0x00000001 x13=0x00000000
      81155.000 ns	      8114	80001b1c	01366933	or	x18,x12,x19	 x12:0x00000000 x19:0xfffffffb x18=0xfffffffb
      81175.000 ns	      8116	80001b20	032a9233	mulh	x4,x21,x18	 x21:0x00000001 x18:0xb551a000  x4=0xffffffff
      81205.000 ns	      8119	80001b24	034c98b3	mulh	x17,x25,x20	 x25:0x00000040 x20:0x00000000 x17=0x00000000
      81225.000 ns	      8121	80001b28	2f0a0a93	addi	x21,x20,752	 x20:0x00000000 x21=0x000002f0
      81585.000 ns	      8157	80001b2c	028edab3	divu	x21,x29,x8	 x29:0x0000005b  x8:0xc895e000 x21=0x00000000
      81615.000 ns	      8160	80001b30	02d17cb3	remu	x25,x2,x13	  x2:0xf9972418 x13:0x00000000 x25=0xf9972418
      81645.000 ns	      8163	80001b34	e0001453	fclass.s	x8,f0	  f0:0x7fc00000  x8=0x00000200
      81675.000 ns	      8166	80001b38	a15fa753	feq.s	x14,f31,f21	 f31:0x03edc9d0 f21:0x80000000 x14=0x00000000
      81705.000 ns	      8169	80001b3c	a12f82d3	fle.s	x5,f31,f18	 f31:0x03edc9d0 f18:0xc6b50482  x5=0x00000000
      81735.000 ns	      8172	80001b40	020be8b3	rem	x17,x23,x0	 x23:0xfffffffe  x0:0x00000000 x17=0xfffffffe
      81755.000 ns	      8174	80001b44	41217213	andi	x4,x2,1042	  x2:0xf9972418  x4=0x00000410
      81765.000 ns	      8175	80001b48	0164e333	or	x6,x9,x22	  x9:0x00000000 x22:0x6daeafdc  x6=0x6daeafdc
      81785.000 ns	      8177	80001b4c	28650cd3	fmin.s	f25,f10,f6	 f10:0x00000000  f6:0x80040fe4 f25=0x80040fe4
      81825.000 ns	      8181	80001b50	19ada9d3	fdiv.s	f19,f27,f26	 f27:0x7fc00000 f26:0x00040fe4 f19=0x7fc00000
      81855.000 ns	      8184	80001b54	e00b0853	fmv.x.w	x16,f22	 f22:0x00000000 x16=0x00000000
      81885.000 ns	      8187	80001b58	e0000ad3	fmv.x.w	x21,f0	  f0:0x7fc00000 x21=0x7fc00000
      81915.000 ns	      8190	80001b5c	284b0753	fmin.s	f14,f22,f4	 f22:0x00000000  f4:0x80000000 f14=0x80000000
      81935.000 ns	      8192	80001b60	80a47893	andi	x17,x8,-2038	  x8:0x00000200 x17=0x00000000
      81955.000 ns	      8194	80001b64	a0139553	flt.s	x10,f7,f1	  f7:0x8dfd76ae  f1:0x4c7b7274 x10=0x00000001
      81985.000 ns	      8197	80001b68	a0149ad3	flt.s	x21,f9,f1	  f9:0x83edc9d0  f1:0x4c7b7274 x21=0x00000001
      82035.000 ns	      8202	80001b6c	08bef553	fsub.s	f10,f29,f11	 f29:0x00000000 f11:0x7fc00000 f10=0x7fc00000
      82405.000 ns	      8239	80001b70	03ce79b3	remu	x19,x28,x28	 x28:0x80040fe4 x28:0x80040fe4 x19=0x00000000
      82445.000 ns	      8243	80001b74	193e7653	fdiv.s	f12,f28,f19	 f28:0x80040fe4 f19:0x7fc00000 f12=0x7fc00000
      82815.000 ns	      8280	80001b78	0261edb3	rem	x27,x3,x6	  x3:0x00000000  x6:0x6daeafdc x27=0x00000000
      82845.000 ns	      8283	80001b7c	e0048353	fmv.x.w	x6,f9	  f9:0x83edc9d0  x6=0x83edc9d0
      82875.000 ns	      8286	80001b80	f00585d3	fmv.w.x	f11,x11	 x11:0x80041024 f11=0x80041024
      82895.000 ns	      8288	80001b84	00416433	or	x8,x2,x4	  x2:0xf9972418  x4:0x00000410  x8=0xf9972418
      82905.000 ns	      8289	80001b88	8e618a37	lui	x20,0x8e618	 x20=0x8e618000
      82915.000 ns	      8290	80001b8c	408bd293	srai	x5,x23,0x8	 x23:0xfffffffe  x5=0xffffffff
      82935.000 ns	      8292	80001b90	d00dadd3	fcvt.s.w	f27,x27	 x27:0x00000000 f27=0x00000000
      82965.000 ns	      8295	80001b94	20dc1dd3	fsgnjn.s	f27,f24,f13	 f24:0x80040fe4 f13:0x42f99682 f27=0x80040fe4
      82995.000 ns	      8298	80001b98	20b32e53	fsgnjx.s	f28,f6,f11	  f6:0x80040fe4 f11:0x80041024 f28=0x00040fe4
      83025.000 ns	      8301	80001b9c	c019f8d3	fcvt.wu.s	x17,f19	 f19:0x7fc00000 x17=0xffffffff
      83055.000 ns	      8304	80001ba0	f0020253	fmv.w.x	f4,x4	  x4:0x00000410  f4=0x00000410
      83075.000 ns	      8306	80001ba4	e28f37b7	lui	x15,0xe28f3	 x15=0xe28f3000
      83095.000 ns	      8308	80001ba8	023112b3	mulh	x5,x2,x3	  x2:0xf9972418  x3:0x00000000  x5=0x00000000
      83115.000 ns	      8310	80001bac	9bc50c93	addi	x25,x10,-1604	 x10:0x00000001 x25=0xfffff9bd
      83135.000 ns	      8312	80001bb0	021b3833	mulhu	x16,x22,x1	 x22:0x6daeafdc  x1:0x00000001 x16=0x00000000
      83155.000 ns	      8314	80001bb4	400d5733	sra	x14,x26,x0	 x26:0x00000000  x0:0x00000000 x14=0x00000000
      83165.000 ns	      8315	80001bb8	79faad97	auipc	x27,0x79faa	 x27=0xf9fabbb8
      83525.000 ns	      8351	80001bbc	0243fa33	remu	x20,x7,x4	  x7:0xec000000  x4:0x00000410 x20=0x000001f0
      83545.000 ns	      8353	80001bc0	40d956b3	sra	x13,x18,x13	 x18:0xfffffffb x13:0x00000000 x13=0xfffffffb
      83905.000 ns	      8389	80001bc4	03cffd33	remu	x26,x31,x28	 x31:0xfffffffb x28:0x80040fe4 x26=0x7ffbf017
      83925.000 ns	      8391	80001bc8	65463d93	sltiu	x27,x12,1620	 x12:0x00000000 x27=0x00000001
      83935.000 ns	      8392	80001bcc	9d1b8a13	addi	x20,x23,-1583	 x23:0xfffffffe x20=0xfffff9cf
      83955.000 ns	      8394	80001bd0	29060053	fmin.s	f0,f12,f16	 f12:0x7fc00000 f16:0x7fc00000  f0=0x7fc00000
      83985.000 ns	      8397	80001bd4	206414d3	fsgnjn.s	f9,f8,f6	  f8:0x00000000  f6:0x80040fe4  f9=0x00000000
      84355.000 ns	      8434	80001bd8	03e1ebb3	rem	x23,x3,x30	  x3:0x00000000 x30:0x00000004 x23=0x00000000
      84375.000 ns	      8436	80001bdc	601db313	sltiu	x6,x27,1537	 x27:0x00000001  x6=0x00000001
      84395.000 ns	      8438	80001be0	a0ae1bd3	flt.s	x23,f28,f10	 f28:0x00040fe4 f10:0x7fc00000 x23=0x00000000
      84415.000 ns	      8440	80001be4	c8c63b93	sltiu	x23,x12,-884	 x12:0x00000000 x23=0x00000001
      84425.000 ns	      8441	80001be8	f121f693	andi	x13,x3,-238	  x3:0x00000000 x13=0x00000000
      84435.000 ns	      8442	80001bec	feeef693	andi	x13,x29,-18	 x29:0x0000005b x13=0x0000004a
      84445.000 ns	      8443	80001bf0	a8a70413	addi	x8,x14,-1398	 x14:0x00000000  x8=0xfffffa8a
      84465.000 ns	      8445	80001bf4	291c94d3	fmax.s	f9,f25,f17	 f25:0x80040fe4 f17:0x80000000  f9=0x80000000
      84485.000 ns	      8447	80001bf8	00d02333	slt	x6,x0,x13	  x0:0x00000000 x13:0x0000004a  x6=0x00000001
      84495.000 ns	      8448	80001bfc	4049d933	sra	x18,x19,x4	 x19:0x00000000  x4:0x00000410 x18=0x00000000
      84505.000 ns	      8449	80001c00	9b59fa13	andi	x20,x19,-1611	 x19:0x00000000 x20=0x00000000
      84525.000 ns	      8451	80001c04	297312d3	fmax.s	f5,f6,f23	  f6:0x80040fe4 f23:0x4f00040f  f5=0x4f00040f
      84555.000 ns	      8454	80001c08	e0011cd3	fclass.s	x25,f2	  f2:0x00000001 x25=0x00000020
      84605.000 ns	      8459	80001c0c	08407b53	fsub.s	f22,f0,f4	  f0:0x7fc00000  f4:0x00000410 f22=0x7fc00000
      84635.000 ns	      8462	80001c10	21400ad3	fsgnj.s	f21,f0,f20	  f0:0x7fc00000 f20:0xf9972418 f21=0xffc00000
      84655.000 ns	      8464	80001c14	be708d13	addi	x26,x1,-1049	  x1:0x00000001 x26=0xfffffbe8
      84675.000 ns	      8466	80001c18	02843fb3	mulhu	x31,x8,x8	  x8:0xfffffa8a  x8:0xfffffa8a x31=0xfffff514
      84705.000 ns	      8469	80001c1c	c01a1453	fcvt.wu.s	x8,f20	 f20:0xf9972418  x8=0x00000000
      84735.000 ns	      8472	80001c20	29b28fd3	fmin.s	f31,f5,f27	  f5:0x4f00040f f27:0x80040fe4 f31=0x80040fe4
      84765.000 ns	      8475	80001c24	a14228d3	feq.s	x17,f4,f20	  f4:0x00000410 f20:0xf9972418 x17=0x00000000
      84795.000 ns	      8478	80001c28	024909b3	mul	x19,x18,x4	 x18:0x00000000  x4:0x00000410 x19=0x00000000
      84815.000 ns	      8480	80001c2c	01465793	srli	x15,x12,0x14	 x12:0x00000000 x15=0x00000000
      84825.000 ns	      8481	80001c30	01107333	and	x6,x0,x17	  x0:0x00000000 x17:0x00000000  x6=0x00000000
      84835.000 ns	      8482	80001c34	00000013	addi	x0,x0,0	  x0:0x00000000
      84845.000 ns	      8483	80001c38	b7984f13	xori	x30,x16,-1159	 x16:0x00000000 x30=0xfffffb79
      84855.000 ns	      8484	80001c3c	774bea93	ori	x21,x23,1908	 x23:0x00000001 x21=0x00000775
      84865.000 ns	      8485	80001c40	01b400b3	add	x1,x8,x27	  x8:0x00000000 x27:0x00000001  x1=0x00000001
      84885.000 ns	      8487	80001c44	a18792d3	flt.s	x5,f15,f24	 f15:0x03edc9d0 f24:0x80040fe4  x5=0x00000000
      86065.000 ns	      8605	80001c48	5800f4d3	fsqrt.s	f9,f1	  f1:0x4c7b7274  f9=0x45b1cc7d
      86095.000 ns	      8608	80001c4c	02944c33	div	x24,x8,x9	  x8:0x00000000  x9:0x00000000 x24=0xffffffff
      86125.000 ns	      8611	80001c50	20252053	fsgnjx.s	f0,f10,f2	 f10:0x7fc00000  f2:0x00000001  f0=0x7fc00000
      86145.000 ns	      8613	80001c54	2fd8ed97	auipc	x27,0x2fd8e	 x27=0xafd8fc54
      86165.000 ns	      8615	80001c58	a1552753	feq.s	x14,f10,f21	 f10:0x7fc00000 f21:0xffc00000 x14=0x00000000
      86195.000 ns	      8618	80001c5c	211184d3	fsgnj.s	f9,f3,f17	  f3:0x7fc00000 f17:0x80000000  f9=0xffc00000
      86225.000 ns	      8621	80001c60	20b01653	fsgnjn.s	f12,f0,f11	  f0:0x7fc00000 f11:0x80041024 f12=0x7fc00000
      86245.000 ns	      8623	80001c64	01471b93	slli	x23,x14,0x14	 x14:0x00000000 x23=0x00000000
      86255.000 ns	      8624	80001c68	482e2417	auipc	x8,0x482e2	  x8=0xc82e3c68
      86265.000 ns	      8625	80001c6c	06ebc893	xori	x17,x23,110	 x23:0x00000001 x17=0x0000006e
      86295.000 ns	      8628	80001c70	18b4c2d3	fdiv.s	f5,f9,f11	  f9:0xffc00000 f11:0x80041024  f5=0x7fc00000
      86325.000 ns	      8631	80001c74	c019f653	fcvt.wu.s	x12,f19	 f19:0x7fc00000 x12=0xffffffff
      86345.000 ns	      8633	80001c78	41bed6b3	sra	x13,x29,x27	 x29:0x0000005b x27:0xafd8fc54 x13=0x00000000
      86355.000 ns	      8634	80001c7c	41e3d613	srai	x12,x7,0x1e	  x7:0xec000000 x12=0xffffffff
      86365.000 ns	      8635	80001c80	40e05213	srai	x4,x0,0xe	  x0:0x00000000  x4=0x00000000
      86375.000 ns	      8636	80001c84	01f38c33	add	x24,x7,x31	  x7:0xec000000 x31:0xfffff514 x24=0xebfff514
      86395.000 ns	      8638	80001c88	02823f33	mulhu	x30,x4,x8	  x4:0x00000410  x8:0xc82e3c68 x30=0x00000000
      86425.000 ns	      8641	80001c8c	295481d3	fmin.s	f3,f9,f21	  f9:0xffc00000 f21:0xffc00000  f3=0x7fc00000
      86445.000 ns	      8643	80001c90	4147d513	srai	x10,x15,0x14	 x15:0x00000000 x10=0x00000000
      86485.000 ns	      8647	80001c94	0006bdd3	fadd.s	f27,f13,f0	 f13:0x42f99682  f0:0x7fc00000 f27=0x7fc00000
      86505.000 ns	      8649	80001c98	6e0e3d13	sltiu	x26,x28,1760	 x28:0x80040fe4 x26=0x00000000
      86515.000 ns	      8650	80001c9c	00b72533	slt	x10,x14,x11	 x14:0x00000000 x11:0x80041024 x10=0x00000000
      86525.000 ns	      8651	80001ca0	00f69ab3	sll	x21,x13,x15	 x13:0x00000000 x15:0x00000000 x21=0x00000000
      86535.000 ns	      8652	80001ca4	ca8c7913	andi	x18,x24,-856	 x24:0xebfff514 x18=0xebfff400
      86545.000 ns	      8653	80001ca8	3b06ec93	ori	x25,x13,944	 x13:0x00000000 x25=0x000003b0
      86565.000 ns	      8655	80001cac	038b3833	mulhu	x16,x22,x24	 x22:0x6daeafdc x24:0xebfff514 x16=0x651d0570
      86595.000 ns	      8658	80001cb0	d01f35d3	fcvt.s.wu	f11,x30	 x30:0x00000000 f11=0x00000000
      86615.000 ns	      8660	80001cb4	00000013	addi	x0,x0,0	  x0:0x00000000
      86635.000 ns	      8662	80001cb8	e0010a53	fmv.x.w	x20,f2	  f2:0x00000001 x20=0x00000001
      86655.000 ns	      8664	80001cbc	01ca5393	srli	x7,x20,0x1c	 x20:0x00000000  x7=0x00000000
      86665.000 ns	      8665	80001cc0	94b67c13	andi	x24,x12,-1717	 x12:0xffffffff x24=0xfffff94b
      86675.000 ns	      8666	80001cc4	cf22ed93	ori	x27,x5,-782	  x5:0x00000000 x27=0xfffffcf2
      86685.000 ns	      8667	80001cc8	017e92b3	sll	x5,x29,x23	 x29:0x0000005b x23:0x00000000  x5=0x0000005b
      86705.000 ns	      8669	80001ccc	e0099253	fclass.s	x4,f19	 f19:0x7fc00000  x4=0x00000200
      86725.000 ns	      8671	80001cd0	0174c1b3	xor	x3,x9,x23	  x9:0x00000000 x23:0x00000000  x3=0x00000000
      86735.000 ns	      8672	80001cd4	416e0c33	sub	x24,x28,x22	 x28:0x80040fe4 x22:0x6daeafdc x24=0x12556008
      86755.000 ns	      8674	80001cd8	287f1053	fmax.s	f0,f30,f7	 f30:0x46b50482  f7:0x8dfd76ae  f0=0x46b50482
      86785.000 ns	      8677	80001cdc	c0148353	fcvt.wu.s	x6,f9	  f9:0xffc00000  x6=0xffffffff
      86805.000 ns	      8679	80001ce0	942b8f13	addi	x30,x23,-1726	 x23:0x00000000 x30=0xfffff942
      86815.000 ns	      8680	80001ce4	c4913693	sltiu	x13,x2,-951	  x2:0xf9972418 x13=0x00000001
      86825.000 ns	      8681	80001ce8	f6168b13	addi	x22,x13,-159	 x13:0x00000000 x22=0xffffff62
      86845.000 ns	      8683	80001cec	29901253	fmax.s	f4,f0,f25	  f0:0x46b50482 f25:0x80040fe4  f4=0x46b50482
      86865.000 ns	      8685	80001cf0	01f25493	srli	x9,x4,0x1f	  x4:0x00000200  x9=0x00000000
      86885.000 ns	      8687	80001cf4	296d8253	fmin.s	f4,f27,f22	 f27:0x7fc00000 f22:0x7fc00000  f4=0x7fc00000
      86915.000 ns	      8690	80001cf8	209a1c53	fsgnjn.s	f24,f20,f9	 f20:0xf9972418  f9:0xffc00000 f24=0x79972418
      86965.000 ns	      8695	80001cfc	01c40e53	fadd.s	f28,f8,f28	  f8:0x00000000 f28:0x00040fe4 f28=0x00040fe4
      86985.000 ns	      8697	80001d00	008ab7b3	sltu	x15,x21,x8	 x21:0x00000000  x8:0xc82e3c68 x15=0x00000001
      86995.000 ns	      8698	80001d04	00615393	srli	x7,x2,0x6	  x2:0xf9972418  x7=0x03e65c90
      87015.000 ns	      8700	80001d08	021f8bb3	mul	x23,x31,x1	 x31:0xfffff514  x1:0x00000001 x23=0xfffff514
      87035.000 ns	      8702	80001d0c	5d073213	sltiu	x4,x14,1488	 x14:0x00000000  x4=0x00000001
      87395.000 ns	      8738	80001d10	022252b3	divu	x5,x4,x2	  x4:0x00000200  x2:0xf9972418  x5=0x00000000
      87415.000 ns	      8740	80001d14	2f5e5497	auipc	x9,0x2f5e5	  x9=0xaf5e6d14
      87435.000 ns	      8742	80001d18	21ea1b53	fsgnjn.s	f22,f20,f30	 f20:0xf9972418 f30:0x46b50482 f22=0xf9972418
      87465.000 ns	      8745	80001d1c	e00d1cd3	fclass.s	x25,f26	 f26:0x00040fe4 x25=0x00000020
      87515.000 ns	      8750	80001d20	08f22053	fsub.s	f0,f4,f15	  f4:0x7fc00000 f15:0x03edc9d0  f0=0x7fc00000
      87545.000 ns	      8753	80001d24	a1689853	flt.s	x16,f17,f22	 f17:0x80000000 f22:0xf9972418 x16=0x00000000
      87575.000 ns	      8756	80001d28	f00a8253	fmv.w.x	f4,x21	 x21:0x00000000  f4=0x00000000
      87605.000 ns	      8759	80001d2c	03015533	divu	x10,x2,x16	  x2:0xf9972418 x16:0x00000000 x10=0xffffffff
      87625.000 ns	      8761	80001d30	1ff07313	andi	x6,x0,511	  x0:0x00000000  x6=0x00000000
      87635.000 ns	      8762	80001d34	013dda33	srl	x20,x27,x19	 x27:0xfffffcf2 x19:0x00000000 x20=0xfffffcf2
      87655.000 ns	      8764	80001d38	c00274d3	fcvt.w.s	x9,f4	  f4:0x00000000  x9=0x00000000
      87695.000 ns	      8768	80001d3c	188ec153	fdiv.s	f2,f29,f8	 f29:0x00000000  f8:0x00000000  f2=0x7fc00000
      87715.000 ns	      8770	80001d40	23c3fe93	andi	x29,x7,572	  x7:0x03e65c90 x29=0x00000010
      87735.000 ns	      8772	80001d44	f00709d3	fmv.w.x	f19,x14	 x14:0x00000000 f19=0x00000000
      87765.000 ns	      8775	80001d48	a010a653	feq.s	x12,f1,f1	  f1:0x4c7b7274  f1:0x4c7b7274 x12=0x00000001
      87795.000 ns	      8778	80001d4c	20c72ad3	fsgnjx.s	f21,f14,f12	 f14:0x80000000 f12:0x7fc00000 f21=0x80000000
      87815.000 ns	      8780	80001d50	01a66fb3	or	x31,x12,x26	 x12:0x00000001 x26:0x00000000 x31=0x00000001
      88175.000 ns	      8816	80001d54	03425933	divu	x18,x4,x20	  x4:0x00000001 x20:0xfffffcf2 x18=0x00000000
      88205.000 ns	      8819	80001d58	d012ff53	fcvt.s.wu	f30,x5	  x5:0x00000000 f30=0x00000000
      88225.000 ns	      8821	80001d5c	01aafcb3	and	x25,x21,x26	 x21:0x00000000 x26:0x00000000 x25=0x00000000
      88265.000 ns	      8825	80001d60	083d77d3	fsub.s	f15,f26,f3	 f26:0x00040fe4  f3:0x7fc00000 f15=0x7fc00000
      88295.000 ns	      8828	80001d64	213416d3	fsgnjn.s	f13,f8,f19	  f8:0x00000000 f19:0x00000000 f13=0x80000000
      88325.000 ns	      8831	80001d68	d0187ed3	fcvt.s.wu	f29,x16	 x16:0x00000000 f29=0x00000000
      88345.000 ns	      8833	80001d6c	00000013	addi	x0,x0,0	  x0:0x00000000
      88365.000 ns	      8835	80001d70	033931b3	mulhu	x3,x18,x19	 x18:0x00000000 x19:0x00000000  x3=0x00000000
      88385.000 ns	      8837	80001d74	df3b3e93	sltiu	x29,x22,-525	 x22:0xffffff62 x29=0x00000000
      88425.000 ns	      8841	80001d78	00b2f553	fadd.s	f10,f5,f11	  f5:0x7fc00000 f11:0x00000000 f10=0x7fc00000
      88455.000 ns	      8844	80001d7c	032bd4b3	divu	x9,x23,x18	 x23:0xfffff514 x18:0x00000000  x9=0xffffffff
      88485.000 ns	      8847	80001d80	208f1753	fsgnjn.s	f14,f30,f8	 f30:0x00000000  f8:0x00000000 f14=0x80000000
      88515.000 ns	      8850	80001d84	29070c53	fmin.s	f24,f14,f16	 f14:0x80000000 f16:0x7fc00000 f24=0x80000000
      88535.000 ns	      8852	80001d88	011f5d33	srl	x26,x30,x17	 x30:0xfffff942 x17:0x0000006e x26=0x0003ffff
      88575.000 ns	      8856	80001d8c	0929b253	fsub.s	f4,f19,f18	 f19:0x00000000 f18:0xc6b50482  f4=0x46b50482
      88605.000 ns	      8859	80001d90	219d2ed3	fsgnjx.s	f29,f26,f25	 f26:0x00040fe4 f25:0x80040fe4 f29=0x80040fe4
      88625.000 ns	      8861	80001d94	008eaa33	slt	x20,x29,x8	 x29:0x00000000  x8:0xc82e3c68 x20=0x00000000
      88635.000 ns	      8862	80001d98	0002f3b3	and	x7,x5,x0	  x5:0x00000000  x0:0x00000000  x7=0x00000000
      88655.000 ns	      8864	80001d9c	e0069f53	fclass.s	x30,f13	 f13:0x80000000 x30=0x00000008
      88675.000 ns	      8866	80001da0	1f1d3837	lui	x16,0x1f1d3	 x16=0x1f1d3000
      88685.000 ns	      8867	80001da4	01b184b3	add	x9,x3,x27	  x3:0x00000000 x27:0xfffffcf2  x9=0xfffffcf2
      88695.000 ns	      8868	80001da8	00f35c33	srl	x24,x6,x15	  x6:0x00000000 x15:0x00000001 x24=0x00000000
      88705.000 ns	      8869	80001dac	fd297613	andi	x12,x18,-46	 x18:0x00000000 x12=0x00000000
      88745.000 ns	      8873	80001db0	09f99dd3	fsub.s	f27,f19,f31	 f19:0x00000000 f31:0x80040fe4 f27=0x00040fe4
      88765.000 ns	      8875	80001db4	00000013	addi	x0,x0,0	  x0:0x00000000
      88785.000 ns	      8877	80001db8	d0039a53	fcvt.s.w	f20,x7	  x7:0x00000000 f20=0x00000000
      88805.000 ns	      8879	80001dbc	00c96733	or	x14,x18,x12	 x18:0x00000000 x12:0x00000000 x14=0x00000000
      88815.000 ns	      8880	80001dc0	01cb53b3	srl	x7,x22,x28	 x22:0xffffff62 x28:0x80040fe4  x7=0x0ffffff6
      88825.000 ns	      8881	80001dc4	f8796993	ori	x19,x18,-121	 x18:0x00000000 x19=0xffffff87
      88865.000 ns	      8885	80001dc8	013f43d3	fadd.s	f7,f30,f19	 f30:0x00000000 f19:0x00000000  f7=0x00000000
      88895.000 ns	      8888	80001dcc	21cda953	fsgnjx.s	f18,f27,f28	 f27:0x00040fe4 f28:0x00040fe4 f18=0x00040fe4
      89265.000 ns	      8925	80001dd0	0305f6b3	remu	x13,x11,x16	 x11:0x80041024 x16:0x1f1d3000 x13=0x038f5024
      89285.000 ns	      8927	80001dd4	012b43b3	xor	x7,x22,x18	 x22:0xffffff62 x18:0x00000000  x7=0xffffff62
      89295.000 ns	      8928	80001dd8	418b8433	sub	x8,x23,x24	 x23:0xfffff514 x24:0x00000000  x8=0xfffff514
      89315.000 ns	      8930	80001ddc	20f722d3	fsgnjx.s	f5,f14,f15	 f14:0x80000000 f15:0x7fc00000  f5=0x80000000
      89335.000 ns	      8932	80001de0	00ebd333	srl	x6,x23,x14	 x23:0xfffff514 x14:0x00000000  x6=0xfffff514
      89345.000 ns	      8933	80001de4	40b5dcb3	sra	x25,x11,x11	 x11:0x80041024 x11:0x80041024 x25=0xf8004102
      89365.000 ns	      8935	80001de8	e0039353	fclass.s	x6,f7	  f7:0x00000000  x6=0x00000010
      89395.000 ns	      8938	80001dec	c00b77d3	fcvt.w.s	x15,f22	 f22:0xf9972418 x15=0x80000000
      89425.000 ns	      8941	80001df0	a1c221d3	feq.s	x3,f4,f28	  f4:0x46b50482 f28:0x00040fe4  x3=0x00000000
      89455.000 ns	      8944	80001df4	a10c8553	fle.s	x10,f25,f16	 f25:0x80040fe4 f16:0x7fc00000 x10=0x00000000
      89485.000 ns	      8947	80001df8	0344ab33	mulhsu	x22,x9,x20	  x9:0xfffffcf2 x20:0x00000000 x22=0x00000000
      89505.000 ns	      8949	80001dfc	00c81693	slli	x13,x16,0xc	 x16:0x1f1d3000 x13=0xd3000000
      89515.000 ns	      8950	80001e00	3225c513	xori	x10,x11,802	 x11:0x80041024 x10=0x80041306
      89525.000 ns	      8951	80001e04	01b7ec33	or	x24,x15,x27	 x15:0x80000000 x27:0xfffffcf2 x24=0xfffffcf2
      89535.000 ns	      8952	80001e08	01458fb3	add	x31,x11,x20	 x11:0x80041024 x20:0x00000000 x31=0x80041024
      89545.000 ns	      8953	80001e0c	01631933	sll	x18,x6,x22	  x6:0x00000010 x22:0x00000000 x18=0x00000010
      89555.000 ns	      8954	80001e10	018100b3	add	x1,x2,x24	  x2:0xf9972418 x24:0xfffffcf2  x1=0xf997210a
      89575.000 ns	      8956	80001e14	0248bb33	mulhu	x22,x17,x4	 x17:0x0000006e  x4:0x00000001 x22=0x00000000
      89615.000 ns	      8960	80001e18	18d5f853	fdiv.s	f16,f11,f13	 f11:0x00000000 f13:0x80000000 f16=0x7fc00000
      89635.000 ns	      8962	80001e1c	00cfd8b3	srl	x17,x31,x12	 x31:0x80041024 x12:0x00000000 x17=0x80041024
      89665.000 ns	      8965	80001e20	189373d3	fdiv.s	f7,f6,f9	  f6:0x80040fe4  f9:0xffc00000  f7=0x7fc00000
      90035.000 ns	      9002	80001e24	03fd63b3	rem	x7,x26,x31	 x26:0x0003ffff x31:0x80041024  x7=0x0003ffff
      90085.000 ns	      9007	80001e28	00d6b753	fadd.s	f14,f13,f13	 f13:0x80000000 f13:0x80000000 f14=0x80000000
      90455.000 ns	      9044	80001e2c	0327da33	divu	x20,x15,x18	 x15:0x80000000 x18:0x00000010 x20=0x08000000
      90485.000 ns	      9047	80001e30	292d0253	fmin.s	f4,f26,f18	 f26:0x00040fe4 f18:0x00040fe4  f4=0x00040fe4
      90515.000 ns	      9050	80001e34	03983f33	mulhu	x30,x16,x25	 x16:0x1f1d3000 x25:0xf8004102 x30=0x1e244e66
      90535.000 ns	      9052	80001e38	412388b3	sub	x17,x7,x18	  x7:0x0003ffff x18:0x00000010 x17=0x0003ffef
      90555.000 ns	      9054	80001e3c	a0eca953	feq.s	x18,f25,f14	 f25:0x80040fe4 f14:0x80000000 x18=0x00000000
      90585.000 ns	      9057	80001e40	a0ad0053	fle.s	x0,f26,f10	 f26:0x00040fe4 f10:0x7fc00000
      90615.000 ns	      9060	80001e44	f0088bd3	fmv.w.x	f23,x17	 x17:0x0003ffef f23=0x0003ffef
      90645.000 ns	      9063	80001e48	d015b353	fcvt.s.wu	f6,x11	 x11:0x80041024  f6=0x4f000411
      90675.000 ns	      9066	80001e4c	c0167ed3	fcvt.wu.s	x29,f12	 f12:0x7fc00000 x29=0xffffffff
      90695.000 ns	      9068	80001e50	e78669b7	lui	x19,0xe7866	 x19=0xe7866000
      91055.000 ns	      9104	80001e54	02f56f33	rem	x30,x10,x15	 x10:0x80041306 x15:0x80000000 x30=0x80041306
      91085.000 ns	      9107	80001e58	037b8fb3	mul	x31,x23,x23	 x23:0xfffff514 x23:0xfffff514 x31=0x00774990
      91115.000 ns	      9110	80001e5c	c01bfa53	fcvt.wu.s	x20,f23	 f23:0x0003ffef x20=0x00000000
      91135.000 ns	      9112	80001e60	015b1d13	slli	x26,x22,0x15	 x22:0x00000000 x26=0x00000000
      91145.000 ns	      9113	80001e64	51674397	auipc	x7,0x51674	  x7=0xd1675e64
      91155.000 ns	      9114	80001e68	b6040f93	addi	x31,x8,-1184	  x8:0xfffff514 x31=0xfffff074
      91165.000 ns	      9115	80001e6c	010d4733	xor	x14,x26,x16	 x26:0x00000000 x16:0x1f1d3000 x14=0x1f1d3000
      91185.000 ns	      9117	80001e70	f00186d3	fmv.w.x	f13,x3	  x3:0x00000000 f13=0x00000000
      91215.000 ns	      9120	80001e74	a10982d3	fle.s	x5,f19,f16	 f19:0x00000000 f16:0x7fc00000  x5=0x00000000
      91235.000 ns	      9122	80001e78	00000013	addi	x0,x0,0	  x0:0x00000000
      91245.000 ns	      9123	80001e7c	40c05ab3	sra	x21,x0,x12	  x0:0x00000000 x12:0x00000000 x21=0x00000000
      91265.000 ns	      9125	80001e80	a0101c53	flt.s	x24,f0,f1	  f0:0x7fc00000  f1:0x4c7b7274 x24=0x00000000
      91295.000 ns	      9128	80001e84	c00b7ed3	fcvt.w.s	x29,f22	 f22:0xf9972418 x29=0x80000000
      91665.000 ns	      9165	80001e88	03edc233	div	x4,x27,x30	 x27:0xfffffcf2 x30:0x80041306  x4=0x00000000
      91715.000 ns	      9170	80001e8c	0190f253	fadd.s	f4,f1,f25	  f1:0x4c7b7274 f25:0x80040fe4  f4=0x4c7b7274
      91735.000 ns	      9172	80001e90	5f5bf313	andi	x6,x23,1525	 x23:0xfffff514  x6=0x00000514
      91745.000 ns	      9173	80001e94	01f6b6b3	sltu	x13,x13,x31	 x13:0xd3000000 x31:0xfffff074 x13=0x00000001
      91755.000 ns	      9174	80001e98	018c2b33	slt	x22,x24,x24	 x24:0x00000000 x24:0x00000000 x22=0x00000000
      91765.000 ns	      9175	80001e9c	83614293	xori	x5,x2,-1994	  x2:0xf9972418  x5=0x0668dc2e
      91785.000 ns	      9177	80001ea0	21ae9753	fsgnjn.s	f14,f29,f26	 f29:0x80040fe4 f26:0x00040fe4 f14=0x80040fe4
      91815.000 ns	      9180	80001ea4	f0048753	fmv.w.x	f14,x9	  x9:0xfffffcf2 f14=0xfffffcf2
      91835.000 ns	      9182	80001ea8	c4e74793	xori	x15,x14,-946	 x14:0x1f1d3000 x15=0xe0e2cc4e
      91845.000 ns	      9183	80001eac	011c1513	slli	x10,x24,0x11	 x24:0x00000000 x10=0x00000000
      91855.000 ns	      9184	80001eb0	405c5a13	srai	x20,x24,0x5	 x24:0x00000000 x20=0x00000000
      91865.000 ns	      9185	80001eb4	00626433	or	x8,x4,x6	  x4:0x00000000  x6:0x00000514  x8=0x00000514
      91875.000 ns	      9186	80001eb8	ffa82d13	slti	x26,x16,-6	 x16:0x1f1d3000 x26=0x00000000
      91905.000 ns	      9189	80001ebc	10a773d3	fmul.s	f7,f14,f10	 f14:0xfffffcf2 f10:0x7fc00000  f7=0x7fc00000
      91935.000 ns	      9192	80001ec0	a0cb9ed3	flt.s	x29,f23,f12	 f23:0x0003ffef f12:0x7fc00000 x29=0x00000000
      91965.000 ns	      9195	80001ec4	02201eb3	mulh	x29,x0,x2	  x0:0x00000000  x2:0xf9972418 x29=0x00000000
      91985.000 ns	      9197	80001ec8	6f299f37	lui	x30,0x6f299	 x30=0x6f299000
      91995.000 ns	      9198	80001ecc	40225c93	srai	x25,x4,0x2	  x4:0x00000000 x25=0x00000000
      92005.000 ns	      9199	80001ed0	0165cdb3	xor	x27,x11,x22	 x11:0x80041024 x22:0x00000000 x27=0x80041024
      92015.000 ns	      9200	80001ed4	01fa1f13	slli	x30,x20,0x1f	 x20:0x00000000 x30=0x00000000
      92025.000 ns	      9201	80001ed8	925e3a13	sltiu	x20,x28,-1755	 x28:0x80040fe4 x20=0x00000001
      92035.000 ns	      9202	80001edc	395e4213	xori	x4,x28,917	 x28:0x80040fe4  x4=0x80040c71
      92045.000 ns	      9203	80001ee0	41bcd833	sra	x16,x25,x27	 x25:0x00000000 x27:0x80041024 x16=0x00000000
      92405.000 ns	      9239	80001ee4	0341edb3	rem	x27,x3,x20	  x3:0x00000000 x20:0x00000001 x27=0x00000000
      92435.000 ns	      9242	80001ee8	03da50b3	divu	x1,x20,x29	 x20:0x00000001 x29:0x00000000  x1=0xffffffff
      92455.000 ns	      9244	80001eec	00a211b3	sll	x3,x4,x10	  x4:0x80040c71 x10:0x00000000  x3=0x80040c71
      92475.000 ns	      9246	80001ef0	02408233	mul	x4,x1,x4	  x1:0xffffffff  x4:0x80040c71  x4=0x7ffbf38f
      92495.000 ns	      9248	80001ef4	ee4ac213	xori	x4,x21,-284	 x21:0x00000000  x4=0xfffffee4
      92505.000 ns	      9249	80001ef8	01195c93	srli	x25,x18,0x11	 x18:0x00000000 x25=0x00000000
      92515.000 ns	      9250	80001efc	01f58ab3	add	x21,x11,x31	 x11:0x80041024 x31:0xfffff074 x21=0x80040098
      92535.000 ns	      9252	80001f00	d0190353	fcvt.s.wu	f6,x18	 x18:0x00000000  f6=0x00000000
      92555.000 ns	      9254	80001f04	00a71293	slli	x5,x14,0xa	 x14:0x1f1d3000  x5=0x74c00000
      92575.000 ns	      9256	80001f08	0306a6b3	mulhsu	x13,x13,x16	 x13:0x00000001 x16:0x00000000 x13=0x00000000
      92595.000 ns	      9258	80001f0c	00679f93	slli	x31,x15,0x6	 x15:0xe0e2cc4e x31=0x38b31380
      92615.000 ns	      9260	80001f10	0396a533	mulhsu	x10,x13,x25	 x13:0x00000000 x25:0x00000000 x10=0x00000000
      92635.000 ns	      9262	80001f14	001660b3	or	x1,x12,x1	 x12:0x00000000  x1:0xffffffff  x1=0xffffffff
      92645.000 ns	      9263	80001f18	7c8c42b7	lui	x5,0x7c8c4	  x5=0x7c8c4000
      92655.000 ns	      9264	80001f1c	3210eb13	ori	x22,x1,801	  x1:0xffffffff x22=0xffffffff
      92675.000 ns	      9266	80001f20	e00f0ed3	fmv.x.w	x29,f30	 f30:0x00000000 x29=0x00000000
      92705.000 ns	      9269	80001f24	c01ef253	fcvt.wu.s	x4,f29	 f29:0x80040fe4  x4=0x00000000
      92735.000 ns	      9272	80001f28	21da2bd3	fsgnjx.s	f23,f20,f29	 f20:0x00000000 f29:0x80040fe4 f23=0x80000000
      92785.000 ns	      9277	80001f2c	0842fb53	fsub.s	f22,f5,f4	  f5:0x80000000  f4:0x4c7b7274 f22=0xcc7b7274
      92815.000 ns	      9280	80001f30	c017a4d3	fcvt.wu.s	x9,f15	 f15:0x7fc00000  x9=0xffffffff
      92835.000 ns	      9282	80001f34	00000013	addi	x0,x0,0	  x0:0x00000000
      92845.000 ns	      9283	80001f38	9ee77813	andi	x16,x14,-1554	 x14:0x1f1d3000 x16=0x1f1d3000
      92865.000 ns	      9285	80001f3c	21f71fd3	fsgnjn.s	f31,f14,f31	 f14:0xfffffcf2 f31:0x80040fe4 f31=0x7ffffcf2
      92895.000 ns	      9288	80001f40	f0048fd3	fmv.w.x	f31,x9	  x9:0xffffffff f31=0xffffffff
      92945.000 ns	      9293	80001f44	08df7bd3	fsub.s	f23,f30,f13	 f30:0x00000000 f13:0x00000000 f23=0x80000000
      92965.000 ns	      9295	80001f48	01a0afb3	slt	x31,x1,x26	  x1:0xffffffff x26:0x00000000 x31=0x00000001
      92985.000 ns	      9297	80001f4c	03f22033	mulhsu	x0,x4,x31	  x4:0x00000000 x31:0x38b31380
      93015.000 ns	      9300	80001f50	28a38553	fmin.s	f10,f7,f10	  f7:0x7fc00000 f10:0x7fc00000 f10=0x7fc00000
      93035.000 ns	      9302	80001f54	417a8433	sub	x8,x21,x23	 x21:0x80040098 x23:0xfffff514  x8=0x80040b84
      93055.000 ns	      9304	80001f58	03badb33	divu	x22,x21,x27	 x21:0x80040098 x27:0x00000000 x22=0xffffffff
      93085.000 ns	      9307	80001f5c	293f1d53	fmax.s	f26,f30,f19	 f30:0x00000000 f19:0x00000000 f26=0x00000000
      93105.000 ns	      9309	80001f60	4ee1a993	slti	x19,x3,1262	  x3:0x80040c71 x19=0x00000001
      93125.000 ns	      9311	80001f64	211da153	fsgnjx.s	f2,f27,f17	 f27:0x00040fe4 f17:0x80000000  f2=0x80040fe4
      93155.000 ns	      9314	80001f68	d0019cd3	fcvt.s.w	f25,x3	  x3:0x80040c71 f25=0xcefff7e7
      93185.000 ns	      9317	80001f6c	0398d733	divu	x14,x17,x25	 x17:0x0003ffef x25:0x00000000 x14=0xffffffff
      93215.000 ns	      9320	80001f70	285a81d3	fmin.s	f3,f21,f5	 f21:0x80000000  f5:0x80000000  f3=0x80000000
      93235.000 ns	      9322	80001f74	00fde2b3	or	x5,x27,x15	 x27:0x00000000 x15:0xe0e2cc4e  x5=0xe0e2cc4e
      93245.000 ns	      9323	80001f78	411cde93	srai	x29,x25,0x11	 x25:0x00000000 x29=0x00000000
      93255.000 ns	      9324	80001f7c	01972db3	slt	x27,x14,x25	 x14:0xffffffff x25:0x00000000 x27=0x00000001
      93275.000 ns	      9326	80001f80	0244a7b3	mulhsu	x15,x9,x4	  x9:0xffffffff  x4:0x00000000 x15=0x00000000
      93305.000 ns	      9329	80001f84	02c97933	remu	x18,x18,x12	 x18:0x00000000 x12:0x00000000 x18=0x00000000
      93325.000 ns	      9331	80001f88	1aacaa93	slti	x21,x25,426	 x25:0x00000000 x21=0x00000001
      93345.000 ns	      9333	80001f8c	20169cd3	fsgnjn.s	f25,f13,f1	 f13:0x00000000  f1:0x4c7b7274 f25=0x80000000
      93375.000 ns	      9336	80001f90	29e986d3	fmin.s	f13,f19,f30	 f19:0x00000000 f30:0x00000000 f13=0x00000000
      93425.000 ns	      9341	80001f94	09068e53	fsub.s	f28,f13,f16	 f13:0x00000000 f16:0x7fc00000 f28=0x7fc00000
      93445.000 ns	      9343	80001f98	00852433	slt	x8,x10,x8	 x10:0x00000000  x8:0x80040b84  x8=0x00000000
      93455.000 ns	      9344	80001f9c	0018f0b3	and	x1,x17,x1	 x17:0x0003ffef  x1:0xffffffff  x1=0x0003ffef
      93465.000 ns	      9345	80001fa0	9b8c4a13	xori	x20,x24,-1608	 x24:0x00000000 x20=0xfffff9b8
      93475.000 ns	      9346	80001fa4	06d5f793	andi	x15,x11,109	 x11:0x80041024 x15=0x00000024
      93485.000 ns	      9347	80001fa8	01a29f33	sll	x30,x5,x26	  x5:0xe0e2cc4e x26:0x00000000 x30=0xe0e2cc4e
      93505.000 ns	      9349	80001fac	f00905d3	fmv.w.x	f11,x18	 x18:0x00000000 f11=0x00000000
      93535.000 ns	      9352	80001fb0	21ef12d3	fsgnjn.s	f5,f30,f30	 f30:0x00000000 f30:0x00000000  f5=0x80000000
      93555.000 ns	      9354	80001fb4	402a83b3	sub	x7,x21,x2	 x21:0x00000001  x2:0xf9972418  x7=0x0668dbe9
      93585.000 ns	      9357	80001fb8	18eff153	fdiv.s	f2,f31,f14	 f31:0xffffffff f14:0xfffffcf2  f2=0x7fc00000
      93605.000 ns	      9359	80001fbc	406c5eb3	sra	x29,x24,x6	 x24:0x00000000  x6:0x00000514 x29=0x00000000
      93965.000 ns	      9395	80001fc0	021252b3	divu	x5,x4,x1	  x4:0x00000000  x1:0x0003ffef  x5=0x00000000
      93985.000 ns	      9397	80001fc4	01485d13	srli	x26,x16,0x14	 x16:0x1f1d3000 x26=0x000001f1
      93995.000 ns	      9398	80001fc8	01a4a9b3	slt	x19,x9,x26	  x9:0xffffffff x26:0x00000000 x19=0x00000001
      94015.000 ns	      9400	80001fcc	e0031453	fclass.s	x8,f6	  f6:0x00000000  x8=0x00000010
      94035.000 ns	      9402	80001fd0	402d5093	srai	x1,x26,0x2	 x26:0x000001f1  x1=0x0000007c
      94045.000 ns	      9403	80001fd4	245f6813	ori	x16,x30,581	 x30:0xe0e2cc4e x16=0xe0e2ce4f
      94065.000 ns	      9405	80001fd8	c016fbd3	fcvt.wu.s	x23,f13	 f13:0x00000000 x23=0x00000000
      94095.000 ns	      9408	80001fdc	292397d3	fmax.s	f15,f7,f18	  f7:0x7fc00000 f18:0x00040fe4 f15=0x00040fe4
      94115.000 ns	      9410	80001fe0	01595433	srl	x8,x18,x21	 x18:0x00000000 x21:0x00000001  x8=0x00000000
      94125.000 ns	      9411	80001fe4	bda14893	xori	x17,x2,-1062	  x2:0xf9972418 x17=0x0668dfc2
      94145.000 ns	      9413	80001fe8	29e41853	fmax.s	f16,f8,f30	  f8:0x00000000 f30:0x00000000 f16=0x00000000
      94175.000 ns	      9416	80001fec	29810f53	fmin.s	f30,f2,f24	  f2:0x7fc00000 f24:0x80000000 f30=0x80000000
      94195.000 ns	      9418	80001ff0	00000013	addi	x0,x0,0	  x0:0x00000000
      94205.000 ns	      9419	80001ff4	005fbf33	sltu	x30,x31,x5	 x31:0x00000001  x5:0x00000000 x30=0x00000000
      94225.000 ns	      9421	80001ff8	c00103d3	fcvt.w.s	x7,f2	  f2:0x7fc00000  x7=0x7fffffff
      94265.000 ns	      9425	80001ffc	10237a53	fmul.s	f20,f6,f2	  f6:0x00000000  f2:0x7fc00000 f20=0x7fc00000
      94285.000 ns	      9427	80002000	68546d13	ori	x26,x8,1669	  x8:0x00000000 x26=0x00000685
      94305.000 ns	      9429	80002004	d013f353	fcvt.s.wu	f6,x7	  x7:0x7fffffff  f6=0x4effffff
      94335.000 ns	      9432	80002008	d017f453	fcvt.s.wu	f8,x15	 x15:0x00000024  f8=0x42100000
      94365.000 ns	      9435	8000200c	e00d8cd3	fmv.x.w	x25,f27	 f27:0x00040fe4 x25=0x00040fe4
      94385.000 ns	      9437	80002010	00cf8b33	add	x22,x31,x12	 x31:0x00000001 x12:0x00000000 x22=0x00000001
      94395.000 ns	      9438	80002014	41028d33	sub	x26,x5,x16	  x5:0x00000000 x16:0xe0e2ce4f x26=0x1f1d31b1
      94415.000 ns	      9440	80002018	0293b2b3	mulhu	x5,x7,x9	  x7:0x7fffffff  x9:0xffffffff  x5=0x7ffffffe
      94435.000 ns	      9442	8000201c	009c44b3	xor	x9,x24,x9	 x24:0x00000000  x9:0xffffffff  x9=0xffffffff
      94455.000 ns	      9444	80002020	c002fbd3	fcvt.w.s	x23,f5	  f5:0x80000000 x23=0x00000000
      94485.000 ns	      9447	80002024	d0199c53	fcvt.s.wu	f24,x19	 x19:0x00000001 f24=0x3f800000
      94535.000 ns	      9452	80002028	0844f4d3	fsub.s	f9,f9,f4	  f9:0xffc00000  f4:0x4c7b7274  f9=0x7fc00000
      94575.000 ns	      9456	8000202c	102534d3	fmul.s	f9,f10,f2	 f10:0x7fc00000  f2:0x7fc00000  f9=0x7fc00000
      94595.000 ns	      9458	80002030	1c0bb793	sltiu	x15,x23,448	 x23:0x00000000 x15=0x00000001
      94615.000 ns	      9460	80002034	c0007a53	fcvt.w.s	x20,f0	  f0:0x7fc00000 x20=0x7fffffff
      94635.000 ns	      9462	80002038	00a99293	slli	x5,x19,0xa	 x19:0x00000001  x5=0x00000400
      94645.000 ns	      9463	8000203c	40d5d193	srai	x3,x11,0xd	 x11:0x80041024  x3=0xfffc0020
      94665.000 ns	      9465	80002040	e0038753	fmv.x.w	x14,f7	  f7:0x7fc00000 x14=0x7fc00000
      94685.000 ns	      9467	80002044	415ad513	srai	x10,x21,0x15	 x21:0x00000001 x10=0x00000000
      94705.000 ns	      9469	80002048	c00188d3	fcvt.w.s	x17,f3	  f3:0x80000000 x17=0x00000000
      94735.000 ns	      9472	8000204c	d00a79d3	fcvt.s.w	f19,x20	 x20:0x7fffffff f19=0x4effffff
      94765.000 ns	      9475	80002050	029e9433	mulh	x8,x29,x9	 x29:0x00000000  x9:0xffffffff  x8=0x00000000
      94795.000 ns	      9478	80002054	a164a6d3	feq.s	x13,f9,f22	  f9:0x7fc00000 f22:0xcc7b7274 x13=0x00000000
      94815.000 ns	      9480	80002058	419c5eb3	sra	x29,x24,x25	 x24:0x00000000 x25:0x00040fe4 x29=0x00000000
      94835.000 ns	      9482	8000205c	29ec13d3	fmax.s	f7,f24,f30	 f24:0x3f800000 f30:0x80000000  f7=0x3f800000
      94865.000 ns	      9485	80002060	d00673d3	fcvt.s.w	f7,x12	 x12:0x00000000  f7=0x00000000
      94895.000 ns	      9488	80002064	a0522ad3	feq.s	x21,f4,f5	  f4:0x4c7b7274  f5:0x80000000 x21=0x00000000
      94925.000 ns	      9491	80002068	214009d3	fsgnj.s	f19,f0,f20	  f0:0x7fc00000 f20:0x7fc00000 f19=0x7fc00000
      94955.000 ns	      9494	8000206c	e00498d3	fclass.s	x17,f9	  f9:0x7fc00000 x17=0x00000200
      94985.000 ns	      9497	80002070	283907d3	fmin.s	f15,f18,f3	 f18:0x00040fe4  f3:0x80000000 f15=0x80000000
      95015.000 ns	      9500	80002074	285c9753	fmax.s	f14,f25,f5	 f25:0x80000000  f5:0x80000000 f14=0x80000000
      95055.000 ns	      9504	80002078	101cf953	fmul.s	f18,f25,f1	 f25:0x80000000  f1:0x4c7b7274 f18=0x80000000
      95075.000 ns	      9506	8000207c	41fd5393	srai	x7,x26,0x1f	 x26:0x1f1d31b1  x7=0x00000000
      95095.000 ns	      9508	80002080	a06f2f53	feq.s	x30,f30,f6	 f30:0x80000000  f6:0x4effffff x30=0x00000000
      95125.000 ns	      9511	80002084	290c0a53	fmin.s	f20,f24,f16	 f24:0x3f800000 f16:0x00000000 f20=0x00000000
      95155.000 ns	      9514	80002088	20d12b53	fsgnjx.s	f22,f2,f13	  f2:0x7fc00000 f13:0x00000000 f22=0x7fc00000
      95175.000 ns	      9516	8000208c	001872b3	and	x5,x16,x1	 x16:0xe0e2ce4f  x1:0x0000007c  x5=0x0000004c
      95185.000 ns	      9517	80002090	c4e2fd93	andi	x27,x5,-946	  x5:0x00000400 x27=0x0000004c
      95205.000 ns	      9519	80002094	c01aa2d3	fcvt.wu.s	x5,f21	 f21:0x80000000  x5=0x00000000
      95235.000 ns	      9522	80002098	c0120953	fcvt.wu.s	x18,f4	  f4:0x4c7b7274 x18=0x03edc9d0
      95255.000 ns	      9524	8000209c	01a7b9b3	sltu	x19,x15,x26	 x15:0x00000001 x26:0x1f1d31b1 x19=0x00000001
      95275.000 ns	      9526	800020a0	a1712dd3	feq.s	x27,f2,f23	  f2:0x7fc00000 f23:0x80000000 x27=0x00000000
      95305.000 ns	      9529	800020a4	280e8fd3	fmin.s	f31,f29,f0	 f29:0x80040fe4  f0:0x7fc00000 f31=0x80040fe4
      95335.000 ns	      9532	800020a8	02362333	mulhsu	x6,x12,x3	 x12:0x00000000  x3:0xfffc0020  x6=0x00000000
      95355.000 ns	      9534	800020ac	00e53eb3	sltu	x29,x10,x14	 x10:0x00000000 x14:0x7fc00000 x29=0x00000001
      95375.000 ns	      9536	800020b0	2189aad3	fsgnjx.s	f21,f19,f24	 f19:0x7fc00000 f24:0x3f800000 f21=0x7fc00000
      95395.000 ns	      9538	800020b4	01ebdc93	srli	x25,x23,0x1e	 x23:0x00000000 x25=0x00000000
      95405.000 ns	      9539	800020b8	016f38b3	sltu	x17,x30,x22	 x30:0x00000000 x22:0x00000001 x17=0x00000001
      95425.000 ns	      9541	800020bc	c017f953	fcvt.wu.s	x18,f15	 f15:0x80000000 x18=0x00000000
      95455.000 ns	      9544	800020c0	d0187c53	fcvt.s.wu	f24,x16	 x16:0xe0e2ce4f f24=0x4f60e2ce
      95475.000 ns	      9546	800020c4	74f48513	addi	x10,x9,1871	  x9:0xffffffff x10=0x0000074e
      95485.000 ns	      9547	800020c8	41240333	sub	x6,x8,x18	  x8:0x00000000 x18:0x00000000  x6=0x00000000
      95495.000 ns	      9548	800020cc	01a0f233	and	x4,x1,x26	  x1:0x0000007c x26:0x1f1d31b1  x4=0x00000030
      95515.000 ns	      9550	800020d0	a02e0953	fle.s	x18,f28,f2	 f28:0x7fc00000  f2:0x7fc00000 x18=0x00000000
      95545.000 ns	      9553	800020d4	20789053	fsgnjn.s	f0,f17,f7	 f17:0x80000000  f7:0x00000000  f0=0x80000000
      95575.000 ns	      9556	800020d8	20a01e53	fsgnjn.s	f28,f0,f10	  f0:0x7fc00000 f10:0x7fc00000 f28=0x80000000
      95945.000 ns	      9593	800020dc	02997bb3	remu	x23,x18,x9	 x18:0x00000000  x9:0xffffffff x23=0x00000000
      95965.000 ns	      9595	800020e0	0141d693	srli	x13,x3,0x14	  x3:0xfffc0020 x13=0x00000fff
      96005.000 ns	      9599	800020e4	0981f053	fsub.s	f0,f3,f24	  f3:0x80000000 f24:0x4f60e2ce  f0=0xcf60e2ce
      96025.000 ns	      9601	800020e8	00b78c33	add	x24,x15,x11	 x15:0x00000001 x11:0x80041024 x24=0x80041025
      96045.000 ns	      9603	800020ec	c0000d53	fcvt.w.s	x26,f0	  f0:0xcf60e2ce x26=0x80000000
      96075.000 ns	      9606	800020f0	032bcdb3	div	x27,x23,x18	 x23:0x00000000 x18:0x00000000 x27=0xffffffff
      96105.000 ns	      9609	800020f4	210ea053	fsgnjx.s	f0,f29,f16	 f29:0x80040fe4 f16:0x00000000  f0=0x80040fe4
      96475.000 ns	      9646	800020f8	029c7b33	remu	x22,x24,x9	 x24:0x80041025  x9:0xffffffff x22=0x80041025
      96515.000 ns	      9650	800020fc	1036f953	fmul.s	f18,f13,f3	 f13:0x00000000  f3:0x80000000 f18=0x80000000
      96535.000 ns	      9652	80002100	00000013	addi	x0,x0,0	  x0:0x00000000
      96555.000 ns	      9654	80002104	03770233	mul	x4,x14,x23	 x14:0x7fc00000 x23:0x00000000  x4=0x00000000
      96575.000 ns	      9656	80002108	016d1233	sll	x4,x26,x22	 x26:0x80000000 x22:0x80041025  x4=0x00000000
      96585.000 ns	      9657	8000210c	4a8d8037	lui	x0,0x4a8d8	
      96595.000 ns	      9658	80002110	ef263c17	auipc	x24,0xef263	 x24=0x6f265110
      96605.000 ns	      9659	80002114	facd33b7	lui	x7,0xfacd3	  x7=0xfacd3000
      96615.000 ns	      9660	80002118	dfe52797	auipc	x15,0xdfe52	 x15=0x5fe54118
      96625.000 ns	      9661	8000211c	00e84eb3	xor	x29,x16,x14	 x16:0xe0e2ce4f x14:0x7fc00000 x29=0x9f22ce4f
      96645.000 ns	      9663	80002120	d00f9ad3	fcvt.s.w	f21,x31	 x31:0x00000001 f21=0x3f800000
      96675.000 ns	      9666	80002124	d0177853	fcvt.s.wu	f16,x14	 x14:0x7fc00000 f16=0x4eff8000
      96705.000 ns	      9669	80002128	03db1933	mulh	x18,x22,x29	 x22:0x80041025 x29:0x9f22ce4f x18=0x306d0f47
      96725.000 ns	      9671	8000212c	403fd933	sra	x18,x31,x3	 x31:0x00000001  x3:0xfffc0020 x18=0x00000001
      96735.000 ns	      9672	80002130	015a1f13	slli	x30,x20,0x15	 x20:0x7fffffff x30=0xffe00000
      96745.000 ns	      9673	80002134	363fb813	sltiu	x16,x31,867	 x31:0x00000001 x16=0x00000001
      96755.000 ns	      9674	80002138	2e337393	andi	x7,x6,739	  x6:0x00000000  x7=0x00000000
      96765.000 ns	      9675	8000213c	41aa50b3	sra	x1,x20,x26	 x20:0x7fffffff x26:0x80000000  x1=0x7fffffff
      96785.000 ns	      9677	80002140	028a13b3	mulh	x7,x20,x8	 x20:0x7fffffff  x8:0x00000000  x7=0x00000000
      96805.000 ns	      9679	80002144	0082d213	srli	x4,x5,0x8	  x5:0x00000000  x4=0x00000000
      96825.000 ns	      9681	80002148	035630b3	mulhu	x1,x12,x21	 x12:0x00000000 x21:0x00000000  x1=0x00000000
      96855.000 ns	      9684	8000214c	218598d3	fsgnjn.s	f17,f11,f24	 f11:0x00000000 f24:0x4f60e2ce f17=0x80000000
      96875.000 ns	      9686	80002150	11e62413	slti	x8,x12,286	 x12:0x00000000  x8=0x00000001
      96895.000 ns	      9688	80002154	e0031053	fclass.s	x0,f6	  f6:0x4effffff
      96915.000 ns	      9690	80002158	5a592093	slti	x1,x18,1445	 x18:0x00000001  x1=0x00000001
      96935.000 ns	      9692	8000215c	f0018d53	fmv.w.x	f26,x3	  x3:0xfffc0020 f26=0xfffc0020
      96965.000 ns	      9695	80002160	c0029b53	fcvt.w.s	x22,f5	  f5:0x80000000 x22=0x00000000
      96985.000 ns	      9697	80002164	40b4d493	srai	x9,x9,0xb	  x9:0xffffffff  x9=0xffffffff
      96995.000 ns	      9698	80002168	0195c333	xor	x6,x11,x25	 x11:0x80041024 x25:0x00000000  x6=0x80041024
      97005.000 ns	      9699	8000216c	00000013	addi	x0,x0,0	  x0:0x00000000
      97015.000 ns	      9700	80002170	0119d493	srli	x9,x19,0x11	 x19:0x00000001  x9=0x00000000
      97035.000 ns	      9702	80002174	035ff2b3	remu	x5,x31,x21	 x31:0x00000001 x21:0x00000000  x5=0x00000001
      97065.000 ns	      9705	80002178	02ae2cb3	mulhsu	x25,x28,x10	 x28:0x80040fe4 x10:0x0000074e x25=0xfffffc59
      97095.000 ns	      9708	8000217c	f0048153	fmv.w.x	f2,x9	  x9:0x00000000  f2=0x00000000
      97115.000 ns	      9710	80002180	419cd8b3	sra	x17,x25,x25	 x25:0xfffffc59 x25:0xfffffc59 x17=0xffffffff
      97125.000 ns	      9711	80002184	134576b7	lui	x13,0x13457	 x13=0x13457000
      97155.000 ns	      9714	80002188	184538d3	fdiv.s	f17,f10,f4	 f10:0x7fc00000  f4:0x4c7b7274 f17=0x7fc00000
      97185.000 ns	      9717	8000218c	03741db3	mulh	x27,x8,x23	  x8:0x00000001 x23:0x00000000 x27=0x00000000
      98365.000 ns	      9835	80002190	58044ad3	fsqrt.s	f21,f8	  f8:0x42100000 f21=0x404ba4f0
      98735.000 ns	      9872	80002194	034574b3	remu	x9,x10,x20	 x10:0x0000074e x20:0x7fffffff  x9=0x0000074e
      98755.000 ns	      9874	80002198	0009c4b3	xor	x9,x19,x0	 x19:0x00000001  x0:0x00000000  x9=0x00000001
      99115.000 ns	      9910	8000219c	03dec3b3	div	x7,x29,x29	 x29:0x9f22ce4f x29:0x9f22ce4f  x7=0x00000001
      99145.000 ns	      9913	800021a0	03b3fc33	remu	x24,x7,x27	  x7:0x00000000 x27:0x00000000 x24=0x00000001
      99165.000 ns	      9915	800021a4	01be23b3	slt	x7,x28,x27	 x28:0x80040fe4 x27:0x00000000  x7=0x00000001
      99525.000 ns	      9951	800021a8	03cd4fb3	div	x31,x26,x28	 x26:0x80000000 x28:0x80040fe4 x31=0x00000001
      99895.000 ns	      9988	800021ac	02dd6a33	rem	x20,x26,x13	 x26:0x80000000 x13:0x13457000 x20=0xf3a0a000
      99925.000 ns	      9991	800021b0	e0048453	fmv.x.w	x8,f9	  f9:0x7fc00000  x8=0x7fc00000
      99955.000 ns	      9994	800021b4	21c782d3	fsgnj.s	f5,f15,f28	 f15:0x80000000 f28:0x80000000  f5=0x80000000
      99975.000 ns	      9996	800021b8	007ad293	srli	x5,x21,0x7	 x21:0x00000000  x5=0x00000000
     100015.000 ns	     10000	800021bc	082a7fd3	fsub.s	f31,f20,f2	 f20:0x00000000  f2:0x00000000 f31=0x80000000
     100045.000 ns	     10003	800021c0	027b9b33	mulh	x22,x23,x7	 x23:0x00000000  x7:0x00000001 x22=0x00000000
     100075.000 ns	     10006	800021c4	29cf98d3	fmax.s	f17,f31,f28	 f31:0x80000000 f28:0x80000000 f17=0x80000000
     100115.000 ns	     10010	800021c8	100574d3	fmul.s	f9,f10,f0	 f10:0x7fc00000  f0:0x80040fe4  f9=0x7fc00000
     100135.000 ns	     10012	800021cc	cf32f637	lui	x12,0xcf32f	 x12=0xcf32f000
     100145.000 ns	     10013	800021d0	00db86b3	add	x13,x23,x13	 x23:0x00000000 x13:0x13457000 x13=0x13457000
     100155.000 ns	     10014	800021d4	40885333	sra	x6,x16,x8	 x16:0x00000001  x8:0x7fc00000  x6=0x00000001
     100165.000 ns	     10015	800021d8	4dfff6b7	lui	x13,0x4dfff	 x13=0x4dfff000
     100185.000 ns	     10017	800021dc	a19f83d3	fle.s	x7,f31,f25	 f31:0x80000000 f25:0x80000000  x7=0x00000001
     100205.000 ns	     10019	800021e0	40750bb3	sub	x23,x10,x7	 x10:0x0000074e  x7:0x00000001 x23=0x0000074d
     100225.000 ns	     10021	800021e4	21b02253	fsgnjx.s	f4,f0,f27	  f0:0x80040fe4 f27:0x00040fe4  f4=0x80040fe4
     100265.000 ns	     10025	800021e8	105473d3	fmul.s	f7,f8,f5	  f8:0x42100000  f5:0x80000000  f7=0x80000000
     100635.000 ns	     10062	800021ec	034053b3	divu	x7,x0,x20	  x0:0x00000000 x20:0xf3a0a000  x7=0x00000000
     100655.000 ns	     10064	800021f0	007353b3	srl	x7,x6,x7	  x6:0x00000001  x7:0x00000001  x7=0x00000001
     100675.000 ns	     10066	800021f4	e0049bd3	fclass.s	x23,f9	  f9:0x7fc00000 x23=0x00000200
     100705.000 ns	     10069	800021f8	f0070253	fmv.w.x	f4,x14	 x14:0x7fc00000  f4=0x7fc00000
     100735.000 ns	     10072	800021fc	e00c09d3	fmv.x.w	x19,f24	 f24:0x4f60e2ce x19=0x4f60e2ce
     100765.000 ns	     10075	80002200	03ef2833	mulhsu	x16,x30,x30	 x30:0xffe00000 x30:0xffe00000 x16=0xffe00400
     100815.000 ns	     10080	80002204	09bef553	fsub.s	f10,f29,f27	 f29:0x80040fe4 f27:0x00040fe4 f10=0x80081fc8
     100835.000 ns	     10082	80002208	01d6a3b3	slt	x7,x13,x29	 x13:0x4dfff000 x29:0x9f22ce4f  x7=0x00000000
     100875.000 ns	     10086	8000220c	017b1ad3	fadd.s	f21,f22,f23	 f22:0x7fc00000 f23:0x80000000 f21=0x7fc00000
     100905.000 ns	     10089	80002210	20882853	fsgnjx.s	f16,f16,f8	 f16:0x4eff8000  f8:0x42100000 f16=0x4eff8000
     100925.000 ns	     10091	80002214	015ab1b3	sltu	x3,x21,x21	 x21:0x00000000 x21:0x00000000  x3=0x00000000
     100945.000 ns	     10093	80002218	21791ad3	fsgnjn.s	f21,f18,f23	 f18:0x80000000 f23:0x80000000 f21=0x00000000
     100965.000 ns	     10095	8000221c	008b91b3	sll	x3,x23,x8	 x23:0x00000200  x8:0x7fc00000  x3=0x00000200
     100985.000 ns	     10097	80002220	21b91a53	fsgnjn.s	f20,f18,f27	 f18:0x80000000 f27:0x00040fe4 f20=0x80000000
     102165.000 ns	     10215	80002224	580c73d3	fsqrt.s	f7,f24	 f24:0x4f60e2ce  f7=0x471f04b5
     102195.000 ns	     10218	80002228	e0058453	fmv.x.w	x8,f11	 f11:0x00000000  x8=0x00000000
     102245.000 ns	     10223	8000222c	016b7353	fadd.s	f6,f22,f22	 f22:0x7fc00000 f22:0x7fc00000  f6=0x7fc00000
     102265.000 ns	     10225	80002230	01455893	srli	x17,x10,0x14	 x10:0x0000074e x17=0x00000000
     102285.000 ns	     10227	80002234	0352e233	rem	x4,x5,x21	  x5:0x00000000 x21:0x00000000  x4=0x00000000
     102315.000 ns	     10230	80002238	e00d13d3	fclass.s	x7,f26	 f26:0xfffc0020  x7=0x00000200
     102335.000 ns	     10232	8000223c	00af5f13	srli	x30,x30,0xa	 x30:0xffe00000 x30=0x003ff800
     102355.000 ns	     10234	80002240	0274a233	mulhsu	x4,x9,x7	  x9:0x00000001  x7:0x00000200  x4=0x00000000
     102375.000 ns	     10236	80002244	2cc58093	addi	x1,x11,716	 x11:0x80041024  x1=0x800412f0
     102735.000 ns	     10272	80002248	023a64b3	rem	x9,x20,x3	 x20:0xf3a0a000  x3:0x00000200  x9=0x00000000
     103105.000 ns	     10309	8000224c	03eb5eb3	divu	x29,x22,x30	 x22:0x00000000 x30:0x003ff800 x29=0x00000000
     103125.000 ns	     10311	80002250	003758b3	srl	x17,x14,x3	 x14:0x7fc00000  x3:0x00000200 x17=0x7fc00000
     103135.000 ns	     10312	80002254	013134b3	sltu	x9,x2,x19	  x2:0xf9972418 x19:0x4f60e2ce  x9=0x00000000
     103155.000 ns	     10314	80002258	0321a1b3	mulhsu	x3,x3,x18	  x3:0x00000200 x18:0x00000001  x3=0x00000000
     103185.000 ns	     10317	8000225c	a0c70bd3	fle.s	x23,f14,f12	 f14:0x80000000 f12:0x7fc00000 x23=0x00000000
     103205.000 ns	     10319	80002260	00d55db3	srl	x27,x10,x13	 x10:0x0000074e x13:0x4dfff000 x27=0x0000074e
     103225.000 ns	     10321	80002264	029ee033	rem	x0,x29,x9	 x29:0x00000000  x9:0x00000000
     103245.000 ns	     10323	80002268	000bbdb3	sltu	x27,x23,x0	 x23:0x00000000  x0:0x00000000 x27=0x00000000
     103255.000 ns	     10324	8000226c	01c10933	add	x18,x2,x28	  x2:0xf9972418 x28:0x80040fe4 x18=0x799b33fc
     103615.000 ns	     10360	80002270	0211ed33	rem	x26,x3,x1	  x3:0x00000000  x1:0x800412f0 x26=0x00000000
     103645.000 ns	     10363	80002274	d00b4bd3	fcvt.s.w	f23,x22	 x22:0x00000000 f23=0x00000000
     103665.000 ns	     10365	80002278	017746b3	xor	x13,x14,x23	 x14:0x7fc00000 x23:0x00000000 x13=0x7fc00000
     103675.000 ns	     10366	8000227c	019a34b3	sltu	x9,x20,x25	 x20:0xf3a0a000 x25:0xfffffc59  x9=0x00000001
     103695.000 ns	     10368	80002280	a134add3	feq.s	x27,f9,f19	  f9:0x7fc00000 f19:0x7fc00000 x27=0x00000000
     103715.000 ns	     10370	80002284	0181f4b3	and	x9,x3,x24	  x3:0x00000000 x24:0x00000001  x9=0x00000000
     103735.000 ns	     10372	80002288	294395d3	fmax.s	f11,f7,f20	  f7:0x471f04b5 f20:0x80000000 f11=0x471f04b5
     103755.000 ns	     10374	8000228c	01cebbb3	sltu	x23,x29,x28	 x29:0x00000000 x28:0x80040fe4 x23=0x00000001
     103775.000 ns	     10376	80002290	a17c0cd3	fle.s	x25,f24,f23	 f24:0x4f60e2ce f23:0x00000000 x25=0x00000000
     103795.000 ns	     10378	80002294	6675cc97	auipc	x25,0x6675c	 x25=0xe675e294
     103815.000 ns	     10380	80002298	29c804d3	fmin.s	f9,f16,f28	 f16:0x4eff8000 f28:0x80000000  f9=0x80000000
     103845.000 ns	     10383	8000229c	a1fb1853	flt.s	x16,f22,f31	 f22:0x7fc00000 f31:0x80000000 x16=0x00000000
     103875.000 ns	     10386	800022a0	212e21d3	fsgnjx.s	f3,f28,f18	 f28:0x80000000 f18:0x80000000  f3=0x00000000
     104245.000 ns	     10423	800022a4	02e15833	divu	x16,x2,x14	  x2:0xf9972418 x14:0x7fc00000 x16=0x00000001
     104275.000 ns	     10426	800022a8	02b31833	mulh	x16,x6,x11	  x6:0x00000001 x11:0x80041024 x16=0xffffffff
     104305.000 ns	     10429	800022ac	29bd82d3	fmin.s	f5,f27,f27	 f27:0x00040fe4 f27:0x00040fe4  f5=0x00040fe4
     104355.000 ns	     10434	800022b0	0810a653	fsub.s	f12,f1,f1	  f1:0x4c7b7274  f1:0x4c7b7274 f12=0x80000000
     104385.000 ns	     10437	800022b4	f00c88d3	fmv.w.x	f17,x25	 x25:0xe675e294 f17=0xe675e294
     104415.000 ns	     10440	800022b8	c008f453	fcvt.w.s	x8,f17	 f17:0x80000000  x8=0x80000000
     104435.000 ns	     10442	800022bc	00c85793	srli	x15,x16,0xc	 x16:0xffffffff x15=0x000fffff
     104445.000 ns	     10443	800022c0	011d9f33	sll	x30,x27,x17	 x27:0x00000000 x17:0x7fc00000 x30=0x00000000
     104455.000 ns	     10444	800022c4	b86e7b37	lui	x22,0xb86e7	 x22=0xb86e7000
     104465.000 ns	     10445	800022c8	4146d933	sra	x18,x13,x20	 x13:0x7fc00000 x20:0xf3a0a000 x18=0x7fc00000
     104485.000 ns	     10447	800022cc	2179a8d3	fsgnjx.s	f17,f19,f23	 f19:0x7fc00000 f23:0x00000000 f17=0x7fc00000
     104505.000 ns	     10449	800022d0	01dbdc33	srl	x24,x23,x29	 x23:0x00000001 x29:0x00000000 x24=0x00000001
     104525.000 ns	     10451	800022d4	20058ed3	fsgnj.s	f29,f11,f0	 f11:0x471f04b5  f0:0x80040fe4 f29=0xc71f04b5
     104565.000 ns	     10455	800022d8	580cfe53	fsqrt.s	f28,f25	 f25:0x80000000 f28=0x80000000
     104605.000 ns	     10459	800022dc	58067bd3	fsqrt.s	f23,f12	 f12:0x80000000 f23=0x80000000
     104625.000 ns	     10461	800022e0	cce6ba13	sltiu	x20,x13,-818	 x13:0x7fc00000 x20=0x00000001
     104645.000 ns	     10463	800022e4	a00d1c53	flt.s	x24,f26,f0	 f26:0xfffc0020  f0:0x80040fe4 x24=0x00000000
     104985.000 ns	     10497	800022e8	18557353	fdiv.s	f6,f10,f5	 f10:0x80081fc8  f5:0x00040fe4  f6=0xbd378298
     105005.000 ns	     10499	800022ec	0063c9b3	xor	x19,x7,x6	  x7:0x00000200  x6:0x00000001 x19=0x00000201
     105365.000 ns	     10535	800022f0	0341f233	remu	x4,x3,x20	  x3:0x00000000 x20:0x00000001  x4=0x00000000
     105395.000 ns	     10538	800022f4	a03201d3	fle.s	x3,f4,f3	  f4:0x7fc00000  f3:0x00000000  x3=0x00000000
     105415.000 ns	     10540	800022f8	84b4f513	andi	x10,x9,-1973	  x9:0x00000000 x10=0x00000000
     105435.000 ns	     10542	800022fc	038374b3	remu	x9,x6,x24	  x6:0x00000001 x24:0x00000000  x9=0x00000001
     105455.000 ns	     10544	80002300	9f2f06b7	lui	x13,0x9f2f0	 x13=0x9f2f0000
     105475.000 ns	     10546	80002304	20d19453	fsgnjn.s	f8,f3,f13	  f3:0x00000000 f13:0x00000000  f8=0x80000000
     105845.000 ns	     10583	80002308	0320c3b3	div	x7,x1,x18	  x1:0x800412f0 x18:0x7fc00000  x7=0xffffffff
     105865.000 ns	     10585	8000230c	00000013	addi	x0,x0,0	  x0:0x00000000
     105895.000 ns	     10588	80002310	190bfdd3	fdiv.s	f27,f23,f16	 f23:0x80000000 f16:0x4eff8000 f27=0x80000000
     105925.000 ns	     10591	80002314	296b1dd3	fmax.s	f27,f22,f22	 f22:0x7fc00000 f22:0x7fc00000 f27=0x7fc00000
     105955.000 ns	     10594	80002318	a0de0453	fle.s	x8,f28,f13	 f28:0x80000000 f13:0x00000000  x8=0x00000001
     105975.000 ns	     10596	8000231c	1ac1ea13	ori	x20,x3,428	  x3:0x00000000 x20=0x000001ac
     105995.000 ns	     10598	80002320	0310a7b3	mulhsu	x15,x1,x17	  x1:0x800412f0 x17:0x7fc00000 x15=0xc0220873
     106015.000 ns	     10600	80002324	01f28233	add	x4,x5,x31	  x5:0x00000000 x31:0x00000001  x4=0x00000001
     106025.000 ns	     10601	80002328	96440813	addi	x16,x8,-1692	  x8:0x00000001 x16=0xfffff965
     106385.000 ns	     10637	8000232c	031bfab3	remu	x21,x23,x17	 x23:0x00000001 x17:0x7fc00000 x21=0x00000001
     106435.000 ns	     10642	80002330	01f41653	fadd.s	f12,f8,f31	  f8:0x80000000 f31:0x80000000 f12=0x80000000
     106455.000 ns	     10644	80002334	0054feb3	and	x29,x9,x5	  x9:0x00000001  x5:0x00000000 x29=0x00000000
     106465.000 ns	     10645	80002338	00f6bbb3	sltu	x23,x13,x15	 x13:0x9f2f0000 x15:0xc0220873 x23=0x00000001
     106485.000 ns	     10647	8000233c	e0080253	fmv.x.w	x4,f16	 f16:0x4eff8000  x4=0x4eff8000
     106505.000 ns	     10649	80002340	00c15413	srli	x8,x2,0xc	  x2:0xf9972418  x8=0x000f9972
     106515.000 ns	     10650	80002344	000ffab3	and	x21,x31,x0	 x31:0x00000001  x0:0x00000000 x21=0x00000000
     106525.000 ns	     10651	80002348	e191b493	sltiu	x9,x3,-487	  x3:0x00000000  x9=0x00000001
     106885.000 ns	     10687	8000234c	031d4733	div	x14,x26,x17	 x26:0x00000000 x17:0x7fc00000 x14=0x00000000
     106905.000 ns	     10689	80002350	0013b933	sltu	x18,x7,x1	  x7:0xffffffff  x1:0x800412f0 x18=0x00000000
     106925.000 ns	     10691	80002354	20410f53	fsgnj.s	f30,f2,f4	  f2:0x00000000  f4:0x7fc00000 f30=0x00000000
     106945.000 ns	     10693	80002358	012b1413	slli	x8,x22,0x12	 x22:0xb86e7000  x8=0xc0000000
     106955.000 ns	     10694	8000235c	40088933	sub	x18,x17,x0	 x17:0x7fc00000  x0:0x00000000 x18=0x7fc00000
     106965.000 ns	     10695	80002360	0102f8b3	and	x17,x5,x16	  x5:0x00000000 x16:0xfffff965 x17=0x00000000
     106985.000 ns	     10697	80002364	023a2cb3	mulhsu	x25,x20,x3	 x20:0x000001ac  x3:0x00000000 x25=0x00000000
     107015.000 ns	     10700	80002368	e00a02d3	fmv.x.w	x5,f20	 f20:0x80000000  x5=0x80000000
     107045.000 ns	     10703	8000236c	e00d8453	fmv.x.w	x8,f27	 f27:0x7fc00000  x8=0x7fc00000
     107075.000 ns	     10706	80002370	e0088dd3	fmv.x.w	x27,f17	 f17:0x7fc00000 x27=0x7fc00000
     107125.000 ns	     10711	80002374	097d4ad3	fsub.s	f21,f26,f23	 f26:0xfffc0020 f23:0x80000000 f21=0x7fc00000
     107165.000 ns	     10715	80002378	580d3bd3	fsqrt.s	f23,f26	 f26:0xfffc0020 f23=0x7fc00000
     107185.000 ns	     10717	8000237c	01aaedb3	or	x27,x21,x26	 x21:0x00000000 x26:0x00000000 x27=0x00000000
     107195.000 ns	     10718	80002380	01fa5f93	srli	x31,x20,0x1f	 x20:0x000001ac x31=0x00000000
     107215.000 ns	     10720	80002384	c001cdd3	fcvt.w.s	x27,f3	  f3:0x00000000 x27=0x00000000
     107235.000 ns	     10722	80002388	008ecdb3	xor	x27,x29,x8	 x29:0x00000000  x8:0x7fc00000 x27=0x7fc00000
     107265.000 ns	     10725	8000238c	105bb4d3	fmul.s	f9,f23,f5	 f23:0x7fc00000  f5:0x00040fe4  f9=0x7fc00000
     107285.000 ns	     10727	80002390	901a8193	addi	x3,x21,-1791	 x21:0x00000000  x3=0xfffff901
     107315.000 ns	     10730	80002394	580c9553	fsqrt.s	f10,f25	 f25:0x80000000 f10=0x80000000
     107335.000 ns	     10732	80002398	0129feb3	and	x29,x19,x18	 x19:0x00000201 x18:0x7fc00000 x29=0x00000000
     107355.000 ns	     10734	8000239c	033cac33	mulhsu	x24,x25,x19	 x25:0x00000000 x19:0x00000201 x24=0x00000000
     107375.000 ns	     10736	800023a0	01215d93	srli	x27,x2,0x12	  x2:0xf9972418 x27=0x00003e65
     107385.000 ns	     10737	800023a4	00afc333	xor	x6,x31,x10	 x31:0x00000000 x10:0x00000000  x6=0x00000000
     107405.000 ns	     10739	800023a8	c0141053	fcvt.wu.s	x0,f8	  f8:0x80000000
     107435.000 ns	     10742	800023ac	03e4b9b3	mulhu	x19,x9,x30	  x9:0x00000001 x30:0x00000000 x19=0x00000000
     107485.000 ns	     10747	800023b0	082bfe53	fsub.s	f28,f23,f2	 f23:0x7fc00000  f2:0x00000000 f28=0x7fc00000
     107515.000 ns	     10750	800023b4	21080c53	fsgnj.s	f24,f16,f16	 f16:0x4eff8000 f16:0x4eff8000 f24=0x4eff8000
     107535.000 ns	     10752	800023b8	84138b93	addi	x23,x7,-1983	  x7:0xffffffff x23=0xfffff840
     107555.000 ns	     10754	800023bc	028b3bb3	mulhu	x23,x22,x8	 x22:0xb86e7000  x8:0x7fc00000 x23=0x5c091c64
     107575.000 ns	     10756	800023c0	413ecf93	xori	x31,x29,1043	 x29:0x00000000 x31=0x00000413
     107595.000 ns	     10758	800023c4	f00b04d3	fmv.w.x	f9,x22	 x22:0xb86e7000  f9=0xb86e7000
     107625.000 ns	     10761	800023c8	03ca3eb3	mulhu	x29,x20,x28	 x20:0x000001ac x28:0x80040fe4 x29=0x000000d6
     107645.000 ns	     10763	800023cc	6e580c97	auipc	x25,0x6e580	 x25=0xee5823cc
     107675.000 ns	     10766	800023d0	19ab18d3	fdiv.s	f17,f22,f26	 f22:0x7fc00000 f26:0xfffc0020 f17=0x7fc00000
     107715.000 ns	     10770	800023d4	183e0ed3	fdiv.s	f29,f28,f3	 f28:0x7fc00000  f3:0x00000000 f29=0x7fc00000
     107745.000 ns	     10773	800023d8	03340d33	mul	x26,x8,x19	  x8:0x7fc00000 x19:0x00000000 x26=0x00000000
     107775.000 ns	     10776	800023dc	0267ad33	mulhsu	x26,x15,x6	 x15:0xc0220873  x6:0x00000000 x26=0x00000000
     107805.000 ns	     10779	800023e0	03f407b3	mul	x15,x8,x31	  x8:0x7fc00000 x31:0x00000413 x15=0x7b400000
     107835.000 ns	     10782	800023e4	28159653	fmax.s	f12,f11,f1	 f11:0x471f04b5  f1:0x4c7b7274 f12=0x4c7b7274
     107855.000 ns	     10784	800023e8	13903293	sltiu	x5,x0,313	  x0:0x00000000  x5=0x00000001
     107875.000 ns	     10786	800023ec	a04917d3	flt.s	x15,f18,f4	 f18:0x80000000  f4:0x7fc00000 x15=0x00000000
     107895.000 ns	     10788	800023f0	0063e233	or	x4,x7,x6	  x7:0xffffffff  x6:0x00000000  x4=0xffffffff
     107905.000 ns	     10789	800023f4	00495db3	srl	x27,x18,x4	 x18:0x7fc00000  x4:0x4eff8000 x27=0x00000000
     107915.000 ns	     10790	800023f8	4ff9ea93	ori	x21,x19,1279	 x19:0x00000000 x21=0x000004ff
     107925.000 ns	     10791	800023fc	bc814793	xori	x15,x2,-1080	  x2:0xf9972418 x15=0x0668dfd0
     107945.000 ns	     10793	80002400	d00ef053	fcvt.s.w	f0,x29	 x29:0x000000d6  f0=0x43560000
     107965.000 ns	     10795	80002404	49d04513	xori	x10,x0,1181	  x0:0x00000000 x10=0x0000049d
     107985.000 ns	     10797	80002408	c01f79d3	fcvt.wu.s	x19,f30	 f30:0x00000000 x19=0x00000000
     108025.000 ns	     10801	8000240c	19cefed3	fdiv.s	f29,f29,f28	 f29:0x7fc00000 f28:0x7fc00000 f29=0x7fc00000
     108055.000 ns	     10804	80002410	d014f1d3	fcvt.s.wu	f3,x9	  x9:0x00000001  f3=0x3f800000
     108085.000 ns	     10807	80002414	a1708a53	fle.s	x20,f1,f23	  f1:0x4c7b7274 f23:0x7fc00000 x20=0x00000000
     108105.000 ns	     10809	80002418	01ee3233	sltu	x4,x28,x30	 x28:0x80040fe4 x30:0x00000000  x4=0x00000000
     108115.000 ns	     10810	8000241c	00dcb933	sltu	x18,x25,x13	 x25:0xee5823cc x13:0x9f2f0000 x18=0x00000000
     108135.000 ns	     10812	80002420	e00c1ed3	fclass.s	x29,f24	 f24:0x4eff8000 x29=0x00000040
     108155.000 ns	     10814	80002424	00000013	addi	x0,x0,0	  x0:0x00000000
     108515.000 ns	     10850	80002428	02f451b3	divu	x3,x8,x15	  x8:0x7fc00000 x15:0x0668dfd0  x3=0x00000013
     108545.000 ns	     10853	8000242c	289e0d53	fmin.s	f26,f28,f9	 f28:0x7fc00000  f9:0xb86e7000 f26=0xb86e7000
     108595.000 ns	     10858	80002430	09df7b53	fsub.s	f22,f30,f29	 f30:0x00000000 f29:0x7fc00000 f22=0x7fc00000
     108625.000 ns	     10861	80002434	29f415d3	fmax.s	f11,f8,f31	  f8:0x80000000 f31:0x80000000 f11=0x80000000
     108655.000 ns	     10864	80002438	02f42c33	mulhsu	x24,x8,x15	  x8:0x7fc00000 x15:0x0668dfd0 x24=0x0332d5b0
     108685.000 ns	     10867	8000243c	c002ffd3	fcvt.w.s	x31,f5	  f5:0x00040fe4 x31=0x00000000
     108715.000 ns	     10870	80002440	284f83d3	fmin.s	f7,f31,f4	 f31:0x80000000  f4:0x7fc00000  f7=0x80000000
     108735.000 ns	     10872	80002444	00699613	slli	x12,x19,0x6	 x19:0x00000000 x12=0x00000000
     109095.000 ns	     10908	80002448	02bb7c33	remu	x24,x22,x11	 x22:0xb86e7000 x11:0x80041024 x24=0x386a5fdc
     109115.000 ns	     10910	8000244c	01a48bb3	add	x23,x9,x26	  x9:0x00000001 x26:0x00000000 x23=0x00000001
     109125.000 ns	     10911	80002450	92208713	addi	x14,x1,-1758	  x1:0x800412f0 x14=0x80040c12
     109145.000 ns	     10913	80002454	c01f7ad3	fcvt.wu.s	x21,f30	 f30:0x00000000 x21=0x00000000
     109165.000 ns	     10915	80002458	45873f13	sltiu	x30,x14,1112	 x14:0x00000000 x30=0x00000000
     109525.000 ns	     10951	8000245c	0363c733	div	x14,x7,x22	  x7:0xffffffff x22:0xb86e7000 x14=0x00000000
     109555.000 ns	     10954	80002460	028d9bb3	mulh	x23,x27,x8	 x27:0x00000000  x8:0x7fc00000 x23=0x00000000
     109585.000 ns	     10957	80002464	29a890d3	fmax.s	f1,f17,f26	 f17:0x7fc00000 f26:0xb86e7000  f1=0xb86e7000
     109605.000 ns	     10959	80002468	00720ab3	add	x21,x4,x7	  x4:0x00000000  x7:0xffffffff x21=0xffffffff
     109625.000 ns	     10961	8000246c	02f104b3	mul	x9,x2,x15	  x2:0xf9972418 x15:0x0668dfd0  x9=0xacfe3b80
     109645.000 ns	     10963	80002470	58d8a093	slti	x1,x17,1421	 x17:0x00000000  x1=0x00000001
     109665.000 ns	     10965	80002474	c001cdd3	fcvt.w.s	x27,f3	  f3:0x3f800000 x27=0x00000001
     109685.000 ns	     10967	80002478	01569433	sll	x8,x13,x21	 x13:0x9f2f0000 x21:0xffffffff  x8=0x00000000
     109715.000 ns	     10970	8000247c	18ae7b53	fdiv.s	f22,f28,f10	 f28:0x7fc00000 f10:0x80000000 f22=0x7fc00000
     109735.000 ns	     10972	80002480	9a5d2993	slti	x19,x26,-1627	 x26:0x00000000 x19=0x00000000
     110095.000 ns	     11008	80002484	03dbfab3	remu	x21,x23,x29	 x23:0x00000000 x29:0x00000040 x21=0x00000000
     110115.000 ns	     11010	80002488	01f81833	sll	x16,x16,x31	 x16:0xfffff965 x31:0x00000000 x16=0xfffff965
     110135.000 ns	     11012	8000248c	03833f33	mulhu	x30,x6,x24	  x6:0x00000000 x24:0x386a5fdc x30=0x00000000
     110165.000 ns	     11015	80002490	d0080ad3	fcvt.s.w	f21,x16	 x16:0xfffff965 f21=0xc4d36000
     110185.000 ns	     11017	80002494	90380793	addi	x15,x16,-1789	 x16:0xfffff965 x15=0xfffff268
     110205.000 ns	     11019	80002498	a0cc07d3	fle.s	x15,f24,f12	 f24:0x4eff8000 f12:0x4c7b7274 x15=0x00000000
     110575.000 ns	     11056	8000249c	0369c433	div	x8,x19,x22	 x19:0x00000000 x22:0xb86e7000  x8=0x00000000
     110605.000 ns	     11059	800024a0	028eb333	mulhu	x6,x29,x8	 x29:0x00000040  x8:0x00000000  x6=0x00000000
     110625.000 ns	     11061	800024a4	40b400b3	sub	x1,x8,x11	  x8:0x00000000 x11:0x80041024  x1=0x7ffbefdc
     110635.000 ns	     11062	800024a8	4b962b13	slti	x22,x12,1209	 x12:0x00000000 x22=0x00000001
     110655.000 ns	     11064	800024ac	a1ca90d3	flt.s	x1,f21,f28	 f21:0xc4d36000 f28:0x7fc00000  x1=0x00000000
     110685.000 ns	     11067	800024b0	29739253	fmax.s	f4,f7,f23	  f7:0x80000000 f23:0x7fc00000  f4=0x80000000
     110715.000 ns	     11070	800024b4	29c30a53	fmin.s	f20,f6,f28	  f6:0xbd378298 f28:0x7fc00000 f20=0xbd378298
     110745.000 ns	     11073	800024b8	025db4b3	mulhu	x9,x27,x5	 x27:0x00000001  x5:0x00000001  x9=0x00000000
     110775.000 ns	     11076	800024bc	02816233	rem	x4,x2,x8	  x2:0xf9972418  x8:0x00000000  x4=0xf9972418
     110805.000 ns	     11079	800024c0	e0078353	fmv.x.w	x6,f15	 f15:0x80000000  x6=0x80000000
     110835.000 ns	     11082	800024c4	e0080853	fmv.x.w	x16,f16	 f16:0x4eff8000 x16=0x4eff8000
     110865.000 ns	     11085	800024c8	e00d12d3	fclass.s	x5,f26	 f26:0xb86e7000  x5=0x00000002
     110885.000 ns	     11087	800024cc	409e5993	srai	x19,x28,0x9	 x28:0x80040fe4 x19=0xffc00207
     110895.000 ns	     11088	800024d0	4023d993	srai	x19,x7,0x2	  x7:0xffffffff x19=0xffffffff
     110905.000 ns	     11089	800024d4	00000013	addi	x0,x0,0	  x0:0x00000000
     110915.000 ns	     11090	800024d8	cd677f13	andi	x30,x14,-810	 x14:0x00000000 x30=0x00000000
     110935.000 ns	     11092	800024dc	a0ee94d3	flt.s	x9,f29,f14	 f29:0x7fc00000 f14:0x80000000  x9=0x00000000
     110955.000 ns	     11094	800024e0	01b9d933	srl	x18,x19,x27	 x19:0xffffffff x27:0x00000001 x18=0x7fffffff
     110965.000 ns	     11095	800024e4	01fde733	or	x14,x27,x31	 x27:0x00000001 x31:0x00000000 x14=0x00000001
     110985.000 ns	     11097	800024e8	29fc0153	fmin.s	f2,f24,f31	 f24:0x4eff8000 f31:0x80000000  f2=0x80000000
     111005.000 ns	     11099	800024ec	00ba3cb3	sltu	x25,x20,x11	 x20:0x00000000 x11:0x80041024 x25=0x00000001
     111035.000 ns	     11102	800024f0	1157f4d3	fmul.s	f9,f15,f21	 f15:0x80000000 f21:0xc4d36000  f9=0x00000000
     111055.000 ns	     11104	800024f4	5ce6f217	auipc	x4,0x5ce6f	  x4=0xdce714f4
     111075.000 ns	     11106	800024f8	e0090fd3	fmv.x.w	x31,f18	 f18:0x80000000 x31=0x80000000
     111105.000 ns	     11109	800024fc	032fb2b3	mulhu	x5,x31,x18	 x31:0x00000000 x18:0x7fffffff  x5=0x3fffffff
     111155.000 ns	     11114	80002500	01b79c53	fadd.s	f24,f15,f27	 f15:0x80000000 f27:0x7fc00000 f24=0x7fc00000
     111185.000 ns	     11117	80002504	d00efe53	fcvt.s.w	f28,x29	 x29:0x00000040 f28=0x42800000
     111215.000 ns	     11120	80002508	c0188253	fcvt.wu.s	x4,f17	 f17:0x7fc00000  x4=0xffffffff
     111235.000 ns	     11122	8000250c	41e750b3	sra	x1,x14,x30	 x14:0x00000001 x30:0x00000000  x1=0x00000001
     111245.000 ns	     11123	80002510	40d6d893	srai	x17,x13,0xd	 x13:0x9f2f0000 x17=0xfffcf978
     111265.000 ns	     11125	80002514	d0164553	fcvt.s.wu	f10,x12	 x12:0x00000000 f10=0x00000000
     111295.000 ns	     11128	80002518	d0114b53	fcvt.s.wu	f22,x2	  x2:0xf9972418 f22=0x4f799724
     111315.000 ns	     11130	8000251c	403189b3	sub	x19,x3,x3	  x3:0x00000013  x3:0x00000013 x19=0x00000000
     111325.000 ns	     11131	80002520	00ae6d33	or	x26,x28,x10	 x28:0x80040fe4 x10:0x0000049d x26=0x80040ffd
     111335.000 ns	     11132	80002524	58cf6c13	ori	x24,x30,1420	 x30:0x00000000 x24=0x0000058c
     111345.000 ns	     11133	80002528	01dcccb3	xor	x25,x25,x29	 x25:0x00000001 x29:0x00000040 x25=0x00000041
     111355.000 ns	     11134	8000252c	01dc1bb3	sll	x23,x24,x29	 x24:0x386a5fdc x29:0x00000040 x23=0x0000058c
     111385.000 ns	     11137	80002530	117317d3	fmul.s	f15,f6,f23	  f6:0xbd378298 f23:0x7fc00000 f15=0x7fc00000
     111405.000 ns	     11139	80002534	01a110b3	sll	x1,x2,x26	  x2:0xf9972418 x26:0x80040ffd  x1=0x00000000
     111425.000 ns	     11141	80002538	29f38853	fmin.s	f16,f7,f31	  f7:0x80000000 f31:0x80000000 f16=0x80000000
     111455.000 ns	     11144	8000253c	21d71c53	fsgnjn.s	f24,f14,f29	 f14:0x80000000 f29:0x7fc00000 f24=0x80000000
     111485.000 ns	     11147	80002540	0318a4b3	mulhsu	x9,x17,x17	 x17:0xfffcf978 x17:0xfffcf978  x9=0xfffcf981
     111515.000 ns	     11150	80002544	214a9153	fsgnjn.s	f2,f21,f20	 f21:0xc4d36000 f20:0xbd378298  f2=0x44d36000
     111535.000 ns	     11152	80002548	00000013	addi	x0,x0,0	  x0:0x00000000
     111545.000 ns	     11153	8000254c	005d0ab3	add	x21,x26,x5	 x26:0x80040ffd  x5:0x3fffffff x21=0xc0040ffc
     111565.000 ns	     11155	80002550	038ca6b3	mulhsu	x13,x25,x24	 x25:0x00000041 x24:0x0000058c x13=0x00000000
     111585.000 ns	     11157	80002554	39810f13	addi	x30,x2,920	  x2:0xf9972418 x30=0xf99727b0
     111595.000 ns	     11158	80002558	f56bd837	lui	x16,0xf56bd	 x16=0xf56bd000
     111615.000 ns	     11160	8000255c	a0150753	fle.s	x14,f10,f1	 f10:0x00000000  f1:0xb86e7000 x14=0x00000000
     111985.000 ns	     11197	80002560	03a34d33	div	x26,x6,x26	  x6:0x80000000 x26:0x80040ffd x26=0x00000001
     112005.000 ns	     11199	80002564	d85f2313	slti	x6,x30,-635	 x30:0xf99727b0  x6=0x00000001
     112015.000 ns	     11200	80002568	414ed713	srai	x14,x29,0x14	 x29:0x00000040 x14=0x00000000
     112035.000 ns	     11202	8000256c	c0147853	fcvt.wu.s	x16,f8	  f8:0x80000000 x16=0x00000000
     112065.000 ns	     11205	80002570	a06017d3	flt.s	x15,f0,f6	  f0:0x43560000  f6:0xbd378298 x15=0x00000000
     112085.000 ns	     11207	80002574	00000013	addi	x0,x0,0	  x0:0x00000000
     112095.000 ns	     11208	80002578	0c59b913	sltiu	x18,x19,197	 x19:0x00000000 x18=0x00000001
     112105.000 ns	     11209	8000257c	a546e193	ori	x3,x13,-1452	 x13:0x00000000  x3=0xfffffa54
     112125.000 ns	     11211	80002580	28cc88d3	fmin.s	f17,f25,f12	 f25:0x80000000 f12:0x4c7b7274 f17=0x80000000
     112145.000 ns	     11213	80002584	0072d933	srl	x18,x5,x7	  x5:0x3fffffff  x7:0xffffffff x18=0x00000000
     112155.000 ns	     11214	80002588	000f48b3	xor	x17,x30,x0	 x30:0xf99727b0  x0:0x00000000 x17=0xf99727b0
     112175.000 ns	     11216	8000258c	033baa33	mulhsu	x20,x23,x19	 x23:0x0000058c x19:0x00000000 x20=0x00000000
     112225.000 ns	     11221	80002590	08fdffd3	fsub.s	f31,f27,f15	 f27:0x7fc00000 f15:0x7fc00000 f31=0x7fc00000
     112255.000 ns	     11224	80002594	0285f733	remu	x14,x11,x8	 x11:0x80041024  x8:0x00000000 x14=0x80041024
     112285.000 ns	     11227	80002598	d00e85d3	fcvt.s.w	f11,x29	 x29:0x00000040 f11=0x42800000
     112305.000 ns	     11229	8000259c	3eca0a93	addi	x21,x20,1004	 x20:0x00000000 x21=0x000003ec
     112315.000 ns	     11230	800025a0	01f188b3	add	x17,x3,x31	  x3:0xfffffa54 x31:0x80000000 x17=0x7ffffa54
     112675.000 ns	     11266	800025a4	02aa6bb3	rem	x23,x20,x10	 x20:0x00000000 x10:0x0000049d x23=0x00000000
     112705.000 ns	     11269	800025a8	28381ad3	fmax.s	f21,f16,f3	 f16:0x80000000  f3:0x3f800000 f21=0x3f800000
     112735.000 ns	     11272	800025ac	283c8853	fmin.s	f16,f25,f3	 f25:0x80000000  f3:0x3f800000 f16=0x80000000
     113105.000 ns	     11309	800025b0	0249e3b3	rem	x7,x19,x4	 x19:0x00000000  x4:0xffffffff  x7=0x00000000
     113135.000 ns	     11312	800025b4	e00f16d3	fclass.s	x13,f30	 f30:0x00000000 x13=0x00000010
     113155.000 ns	     11314	800025b8	00000013	addi	x0,x0,0	  x0:0x00000000
     113175.000 ns	     11316	800025bc	029ead33	mulhsu	x26,x29,x9	 x29:0x00000040  x9:0xfffcf981 x26=0x0000003f
     113195.000 ns	     11318	800025c0	4047d413	srai	x8,x15,0x4	 x15:0x00000000  x8=0x00000000
     113205.000 ns	     11319	800025c4	415ddeb3	sra	x29,x27,x21	 x27:0x00000001 x21:0x000003ec x29=0x00000000
     113215.000 ns	     11320	800025c8	00724833	xor	x16,x4,x7	  x4:0xffffffff  x7:0x00000000 x16=0xffffffff
     113225.000 ns	     11321	800025cc	01479b33	sll	x22,x15,x20	 x15:0x00000000 x20:0x00000000 x22=0x00000000
     114395.000 ns	     11438	800025d0	580b7453	fsqrt.s	f8,f22	 f22:0x4f799724  f8=0x47307c76
     114765.000 ns	     11475	800025d4	03e964b3	rem	x9,x18,x30	 x18:0x00000000 x30:0xf99727b0  x9=0x00000000
     114785.000 ns	     11477	800025d8	962d8217	auipc	x4,0x962d8	  x4=0x162da5d8
     114805.000 ns	     11479	800025dc	20161a53	fsgnjn.s	f20,f12,f1	 f12:0x4c7b7274  f1:0xb86e7000 f20=0x4c7b7274
     114825.000 ns	     11481	800025e0	0080ed33	or	x26,x1,x8	  x1:0x00000000  x8:0x00000000 x26=0x00000000
     114835.000 ns	     11482	800025e4	001db033	sltu	x0,x27,x1	 x27:0x00000001  x1:0x00000000
     114845.000 ns	     11483	800025e8	402dd393	srai	x7,x27,0x2	 x27:0x00000001  x7=0x00000000
     114865.000 ns	     11485	800025ec	20e19b53	fsgnjn.s	f22,f3,f14	  f3:0x3f800000 f14:0x80000000 f22=0x3f800000
     114905.000 ns	     11489	800025f0	11304ed3	fmul.s	f29,f0,f19	  f0:0x43560000 f19:0x7fc00000 f29=0x7fc00000
     114925.000 ns	     11491	800025f4	002579b3	and	x19,x10,x2	 x10:0x0000049d  x2:0xf9972418 x19=0x00000418
     114935.000 ns	     11492	800025f8	00f19eb3	sll	x29,x3,x15	  x3:0xfffffa54 x15:0x00000000 x29=0xfffffa54
     114955.000 ns	     11494	800025fc	0295fcb3	remu	x25,x11,x9	 x11:0x80041024  x9:0x00000000 x25=0x80041024
     114975.000 ns	     11496	80002600	0191dc13	srli	x24,x3,0x19	  x3:0xfffffa54 x24=0x0000007f
     114985.000 ns	     11497	80002604	00000013	addi	x0,x0,0	  x0:0x00000000
     115005.000 ns	     11499	80002608	20d70fd3	fsgnj.s	f31,f14,f13	 f14:0x80000000 f13:0x00000000 f31=0x00000000
     115025.000 ns	     11501	8000260c	a0942a13	slti	x20,x8,-1527	  x8:0x00000000 x20=0x00000000
     115045.000 ns	     11503	80002610	c00aa253	fcvt.w.s	x4,f21	 f21:0x3f800000  x4=0x00000001
     115065.000 ns	     11505	80002614	406a09b3	sub	x19,x20,x6	 x20:0x00000000  x6:0x00000001 x19=0xffffffff
     115075.000 ns	     11506	80002618	01499613	slli	x12,x19,0x14	 x19:0x00000418 x12=0xfff00000
     115085.000 ns	     11507	8000261c	7dae8993	addi	x19,x29,2010	 x29:0xfffffa54 x19=0x0000022e
     115095.000 ns	     11508	80002620	ead0e993	ori	x19,x1,-339	  x1:0x00000000 x19=0xfffffead
     115105.000 ns	     11509	80002624	92f63493	sltiu	x9,x12,-1745	 x12:0xfff00000  x9=0x00000001
     115465.000 ns	     11545	80002628	03bde0b3	rem	x1,x27,x27	 x27:0x00000001 x27:0x00000001  x1=0x00000000
     115495.000 ns	     11548	8000262c	a1459853	flt.s	x16,f11,f20	 f11:0x42800000 f20:0x4c7b7274 x16=0x00000001
     115515.000 ns	     11550	80002630	00df9493	slli	x9,x31,0xd	 x31:0x80000000  x9=0x00000000
     115525.000 ns	     11551	80002634	40a4da13	srai	x20,x9,0xa	  x9:0x00000001 x20=0x00000000
     115535.000 ns	     11552	80002638	013cea33	or	x20,x25,x19	 x25:0x80041024 x19:0xfffffead x20=0xfffffead
     115555.000 ns	     11554	8000263c	20f18dd3	fsgnj.s	f27,f3,f15	  f3:0x3f800000 f15:0x7fc00000 f27=0x3f800000
     115585.000 ns	     11557	80002640	218e29d3	fsgnjx.s	f19,f28,f24	 f28:0x42800000 f24:0x80000000 f19=0xc2800000
     115615.000 ns	     11560	80002644	21af9553	fsgnjn.s	f10,f31,f26	 f31:0x00000000 f26:0xb86e7000 f10=0x00000000
     115645.000 ns	     11563	80002648	a17e26d3	feq.s	x13,f28,f23	 f28:0x42800000 f23:0x7fc00000 x13=0x00000000
     115675.000 ns	     11566	8000264c	d0018353	fcvt.s.w	f6,x3	  x3:0xfffffa54  f6=0xc4b58000
     115695.000 ns	     11568	80002650	00f0b533	sltu	x10,x1,x15	  x1:0x00000000 x15:0x00000000 x10=0x00000000
     115705.000 ns	     11569	80002654	0030de93	srli	x29,x1,0x3	  x1:0x00000000 x29=0x00000000
     115715.000 ns	     11570	80002658	017dafb3	slt	x31,x27,x23	 x27:0x00000001 x23:0x00000000 x31=0x00000000
     115725.000 ns	     11571	8000265c	002f82b3	add	x5,x31,x2	 x31:0x80000000  x2:0xf9972418  x5=0xf9972418
     115735.000 ns	     11572	80002660	289caa37	lui	x20,0x289ca	 x20=0x289ca000
     115765.000 ns	     11575	80002664	11dd3453	fmul.s	f8,f26,f29	 f26:0xb86e7000 f29:0x7fc00000  f8=0x7fc00000
     115785.000 ns	     11577	80002668	d5e32713	slti	x14,x6,-674	  x6:0x00000001 x14=0x00000000
     116145.000 ns	     11613	8000266c	02bde533	rem	x10,x27,x11	 x27:0x00000001 x11:0x80041024 x10=0x00000001
     116175.000 ns	     11616	80002670	026e1f33	mulh	x30,x28,x6	 x28:0x80040fe4  x6:0x00000001 x30=0xffffffff
     116205.000 ns	     11619	80002674	02e0cbb3	div	x23,x1,x14	  x1:0x00000000 x14:0x00000000 x23=0xffffffff
     116235.000 ns	     11622	80002678	0298dcb3	divu	x25,x17,x9	 x17:0x7ffffa54  x9:0x00000000 x25=0xffffffff
     116265.000 ns	     11625	8000267c	f00d8e53	fmv.w.x	f28,x27	 x27:0x00000001 f28=0x00000001
     116285.000 ns	     11627	80002680	2f67ab93	slti	x23,x15,758	 x15:0x00000000 x23=0x00000001
     116295.000 ns	     11628	80002684	013ade93	srli	x29,x21,0x13	 x21:0x000003ec x29=0x00000000
     116305.000 ns	     11629	80002688	01688fb3	add	x31,x17,x22	 x17:0x7ffffa54 x22:0x00000000 x31=0x7ffffa54
     116315.000 ns	     11630	8000268c	01230433	add	x8,x6,x18	  x6:0x00000001 x18:0x00000000  x8=0x00000001
     116335.000 ns	     11632	80002690	e0019553	fclass.s	x10,f3	  f3:0x3f800000 x10=0x00000040
     116705.000 ns	     11669	80002694	0341f6b3	remu	x13,x3,x20	  x3:0xfffffa54 x20:0x289ca000 x13=0x0c543a54
     116725.000 ns	     11671	80002698	00000013	addi	x0,x0,0	  x0:0x00000000
     116735.000 ns	     11672	8000269c	01421093	slli	x1,x4,0x14	  x4:0x00000001  x1=0x00100000
     116745.000 ns	     11673	800026a0	b6382493	slti	x9,x16,-1181	 x16:0x00000001  x9=0x00000000
     116765.000 ns	     11675	800026a4	d017f8d3	fcvt.s.wu	f17,x15	 x15:0x00000000 f17=0x00000000
     116785.000 ns	     11677	800026a8	38529217	auipc	x4,0x38529	  x4=0xb852b6a8
     116805.000 ns	     11679	800026ac	02970033	mul	x0,x14,x9	 x14:0x00000000  x9:0x00000000
     116835.000 ns	     11682	800026b0	027a98b3	mulh	x17,x21,x7	 x21:0x000003ec  x7:0x00000000 x17=0x00000000
     116865.000 ns	     11685	800026b4	a14d9353	flt.s	x6,f27,f20	 f27:0x3f800000 f20:0x4c7b7274  x6=0x00000001
     116885.000 ns	     11687	800026b8	c9bf6013	ori	x0,x30,-869	 x30:0xffffffff
     116895.000 ns	     11688	800026bc	008f8eb3	add	x29,x31,x8	 x31:0x7ffffa54  x8:0x00000001 x29=0x7ffffa55
     116905.000 ns	     11689	800026c0	40b807b3	sub	x15,x16,x11	 x16:0x00000001 x11:0x80041024 x15=0x7ffbefdd
     116915.000 ns	     11690	800026c4	4bf8e093	ori	x1,x17,1215	 x17:0x00000000  x1=0x000004bf
     116935.000 ns	     11692	800026c8	c00af6d3	fcvt.w.s	x13,f21	 f21:0x3f800000 x13=0x00000001
     116955.000 ns	     11694	800026cc	00c0e4b3	or	x9,x1,x12	  x1:0x00100000 x12:0xfff00000  x9=0xfff004bf
     116965.000 ns	     11695	800026d0	01d52b33	slt	x22,x10,x29	 x10:0x00000040 x29:0x7ffffa55 x22=0x00000001
     117325.000 ns	     11731	800026d4	02a479b3	remu	x19,x8,x10	  x8:0x00000001 x10:0x00000040 x19=0x00000001
     117345.000 ns	     11733	800026d8	014d3433	sltu	x8,x26,x20	 x26:0x00000000 x20:0x289ca000  x8=0x00000001
     117365.000 ns	     11735	800026dc	03db9cb3	mulh	x25,x23,x29	 x23:0x00000001 x29:0x7ffffa55 x25=0x00000000
     117395.000 ns	     11738	800026e0	e00c87d3	fmv.x.w	x15,f25	 f25:0x80000000 x15=0x80000000
     117425.000 ns	     11741	800026e4	03ac26b3	mulhsu	x13,x24,x26	 x24:0x0000007f x26:0x00000000 x13=0x00000000
     117455.000 ns	     11744	800026e8	e00f0353	fmv.x.w	x6,f30	 f30:0x00000000  x6=0x00000000
     117495.000 ns	     11748	800026ec	18ed78d3	fdiv.s	f17,f26,f14	 f26:0xb86e7000 f14:0x80000000 f17=0x7f800000
     117515.000 ns	     11750	800026f0	017d1a33	sll	x20,x26,x23	 x26:0x00000000 x23:0x00000001 x20=0x00000000
     117535.000 ns	     11752	800026f4	e00f90d3	fclass.s	x1,f31	 f31:0x00000000  x1=0x00000010
     117565.000 ns	     11755	800026f8	288c93d3	fmax.s	f7,f25,f8	 f25:0x80000000  f8:0x7fc00000  f7=0x80000000
     117595.000 ns	     11758	800026fc	a1d701d3	fle.s	x3,f14,f29	 f14:0x80000000 f29:0x7fc00000  x3=0x00000000
     117615.000 ns	     11760	80002700	f7773eb7	lui	x29,0xf7773	 x29=0xf7773000
     117635.000 ns	     11762	80002704	c00006d3	fcvt.w.s	x13,f0	  f0:0x43560000 x13=0x000000d6
     117655.000 ns	     11764	80002708	32057013	andi	x0,x10,800	 x10:0x00000040
     117665.000 ns	     11765	8000270c	01c29333	sll	x6,x5,x28	  x5:0xf9972418 x28:0x80040fe4  x6=0x99724180
     117695.000 ns	     11768	80002710	1023fe53	fmul.s	f28,f7,f2	  f7:0x80000000  f2:0x44d36000 f28=0x80000000
     117725.000 ns	     11771	80002714	202e1153	fsgnjn.s	f2,f28,f2	 f28:0x00000001  f2:0x44d36000  f2=0x80000000
     117755.000 ns	     11774	80002718	a1488d53	fle.s	x26,f17,f20	 f17:0x7f800000 f20:0x4c7b7274 x26=0x00000000
     117785.000 ns	     11777	8000271c	d017f653	fcvt.s.wu	f12,x15	 x15:0x80000000 f12=0x4f000000
     117815.000 ns	     11780	80002720	a0cd9d53	flt.s	x26,f27,f12	 f27:0x3f800000 f12:0x4c7b7274 x26=0x00000001
     117835.000 ns	     11782	80002724	0048d313	srli	x6,x17,0x4	 x17:0x00000000  x6=0x00000000
     117855.000 ns	     11784	80002728	e0090053	fmv.x.w	x0,f18	 f18:0x80000000
     118225.000 ns	     11821	8000272c	03a84233	div	x4,x16,x26	 x16:0x00000001 x26:0x00000001  x4=0x00000001
     118255.000 ns	     11824	80002730	02849ab3	mulh	x21,x9,x8	  x9:0xfff004bf  x8:0x00000001 x21=0xffffffff
     118295.000 ns	     11828	80002734	11dffbd3	fmul.s	f23,f31,f29	 f31:0x00000000 f29:0x7fc00000 f23=0x7fc00000
     118345.000 ns	     11833	80002738	080e8ad3	fsub.s	f21,f29,f0	 f29:0x7fc00000  f0:0x43560000 f21=0x7fc00000
     118365.000 ns	     11835	8000273c	01c371b3	and	x3,x6,x28	  x6:0x00000000 x28:0x80040fe4  x3=0x00000000
     118405.000 ns	     11839	80002740	09fa90d3	fsub.s	f1,f21,f31	 f21:0x7fc00000 f31:0x00000000  f1=0x7fc00000
     118425.000 ns	     11841	80002744	00a7d513	srli	x10,x15,0xa	 x15:0x80000000 x10=0x00200000
     118435.000 ns	     11842	80002748	0164dc33	srl	x24,x9,x22	  x9:0xfff004bf x22:0x00000001 x24=0x7ff8025f
     118445.000 ns	     11843	8000274c	51bef093	andi	x1,x29,1307	 x29:0xf7773000  x1=0x00000000
     118455.000 ns	     11844	80002750	84106913	ori	x18,x0,-1983	  x0:0x00000000 x18=0xfffff841
     118475.000 ns	     11846	80002754	f00583d3	fmv.w.x	f7,x11	 x11:0x80041024  f7=0x80041024
     118515.000 ns	     11850	80002758	18ad00d3	fdiv.s	f1,f26,f10	 f26:0xb86e7000 f10:0x00000000  f1=0xff800000
     118555.000 ns	     11854	8000275c	116b95d3	fmul.s	f11,f23,f22	 f23:0x7fc00000 f22:0x3f800000 f11=0x7fc00000
     118585.000 ns	     11857	80002760	e0019d53	fclass.s	x26,f3	  f3:0x3f800000 x26=0x00000040
     118605.000 ns	     11859	80002764	e3944db7	lui	x27,0xe3944	 x27=0xe3944000
     118635.000 ns	     11862	80002768	10717fd3	fmul.s	f31,f2,f7	  f2:0x80000000  f7:0x80041024 f31=0x00000000
     118665.000 ns	     11865	8000276c	a1680ed3	fle.s	x29,f16,f22	 f16:0x80000000 f22:0x3f800000 x29=0x00000001
     118705.000 ns	     11869	80002770	1888fb53	fdiv.s	f22,f17,f8	 f17:0x7f800000  f8:0x7fc00000 f22=0x7fc00000
     118735.000 ns	     11872	80002774	21669ad3	fsgnjn.s	f21,f13,f22	 f13:0x00000000 f22:0x3f800000 f21=0x80000000
     118765.000 ns	     11875	80002778	020ada33	divu	x20,x21,x0	 x21:0xffffffff  x0:0x00000000 x20=0xffffffff
     118785.000 ns	     11877	8000277c	01d49713	slli	x14,x9,0x1d	  x9:0xfff004bf x14=0xe0000000
     118805.000 ns	     11879	80002780	a1b62953	feq.s	x18,f12,f27	 f12:0x4f000000 f27:0x3f800000 x18=0x00000000
     118825.000 ns	     11881	80002784	c45b4b13	xori	x22,x22,-955	 x22:0x00000001 x22=0xfffffc44
     118845.000 ns	     11883	80002788	28c79ad3	fmax.s	f21,f15,f12	 f15:0x7fc00000 f12:0x4f000000 f21=0x4f000000
     118875.000 ns	     11886	8000278c	21031753	fsgnjn.s	f14,f6,f16	  f6:0xc4b58000 f16:0x80000000 f14=0x44b58000
     118905.000 ns	     11889	80002790	d01ff153	fcvt.s.wu	f2,x31	 x31:0x7ffffa54  f2=0x4efffff4
     118935.000 ns	     11892	80002794	e0039b53	fclass.s	x22,f7	  f7:0x80041024 x22=0x00000004
     118955.000 ns	     11894	80002798	4f772713	slti	x14,x14,1271	 x14:0xe0000000 x14=0x00000001
     118975.000 ns	     11896	8000279c	0350a833	mulhsu	x16,x1,x21	  x1:0x00000000 x21:0xffffffff x16=0x00000000
     119005.000 ns	     11899	800027a0	03ab1633	mulh	x12,x22,x26	 x22:0x00000004 x26:0x00000040 x12=0x00000000
     119025.000 ns	     11901	800027a4	68853d13	sltiu	x26,x10,1672	 x10:0x00200000 x26=0x00000000
     119035.000 ns	     11902	800027a8	40eb8733	sub	x14,x23,x14	 x23:0x00000001 x14:0x00000001 x14=0x00000000
     119055.000 ns	     11904	800027ac	a087a953	feq.s	x18,f15,f8	 f15:0x7fc00000  f8:0x7fc00000 x18=0x00000000
     119075.000 ns	     11906	800027b0	9912df97	auipc	x31,0x9912d	 x31=0x1912f7b0
     119085.000 ns	     11907	800027b4	414d5cb3	sra	x25,x26,x20	 x26:0x00000000 x20:0xffffffff x25=0x00000000
     119095.000 ns	     11908	800027b8	00d58333	add	x6,x11,x13	 x11:0x80041024 x13:0x000000d6  x6=0x800410fa
     119105.000 ns	     11909	800027bc	001194b3	sll	x9,x3,x1	  x3:0x00000000  x1:0x00000000  x9=0x00000000
     119125.000 ns	     11911	800027c0	a1630f53	fle.s	x30,f6,f22	  f6:0xc4b58000 f22:0x7fc00000 x30=0x00000000
     119145.000 ns	     11913	800027c4	00d91a33	sll	x20,x18,x13	 x18:0x00000000 x13:0x000000d6 x20=0x00000000
     119165.000 ns	     11915	800027c8	c0117c53	fcvt.wu.s	x24,f2	  f2:0x4efffff4 x24=0x7ffffa00
     119185.000 ns	     11917	800027cc	002c5d33	srl	x26,x24,x2	 x24:0x7ff8025f  x2:0xf9972418 x26=0x0000007f
     119195.000 ns	     11918	800027d0	01e9fa33	and	x20,x19,x30	 x19:0x00000001 x30:0x00000000 x20=0x00000000
     119205.000 ns	     11919	800027d4	00641813	slli	x16,x8,0x6	  x8:0x00000001 x16=0x00000040
     119215.000 ns	     11920	800027d8	00610433	add	x8,x2,x6	  x2:0xf9972418  x6:0x800410fa  x8=0x799b3512
     119235.000 ns	     11922	800027dc	a16a01d3	fle.s	x3,f20,f22	 f20:0x4c7b7274 f22:0x7fc00000  x3=0x00000000
     119255.000 ns	     11924	800027e0	011e6933	or	x18,x28,x17	 x28:0x80040fe4 x17:0x00000000 x18=0x80040fe4
     119265.000 ns	     11925	800027e4	01057c33	and	x24,x10,x16	 x10:0x00200000 x16:0x00000040 x24=0x00000000
     119285.000 ns	     11927	800027e8	02f5a833	mulhsu	x16,x11,x15	 x11:0x80041024 x15:0x80000000 x16=0xc0020812
     119305.000 ns	     11929	800027ec	00a13933	sltu	x18,x2,x10	  x2:0xf9972418 x10:0x00200000 x18=0x00000000
     119315.000 ns	     11930	800027f0	41f28533	sub	x10,x5,x31	  x5:0xf9972418 x31:0x1912f7b0 x10=0xe0842c68
     119325.000 ns	     11931	800027f4	d8d4cb93	xori	x23,x9,-627	  x9:0x00000000 x23=0xfffffd8d
     119335.000 ns	     11932	800027f8	14c6a9b7	lui	x19,0x14c6a	 x19=0x14c6a000
     119345.000 ns	     11933	800027fc	85c8ce93	xori	x29,x17,-1956	 x17:0x00000000 x29=0xfffff85c
     119355.000 ns	     11934	80002800	60413813	sltiu	x16,x2,1540	  x2:0xf9972418 x16=0x00000000
     119715.000 ns	     11970	80002804	028757b3	divu	x15,x14,x8	 x14:0x00000000  x8:0x799b3512 x15=0x00000000
     119735.000 ns	     11972	80002808	b852ec93	ori	x25,x5,-1147	  x5:0xf9972418 x25=0xffffff9d
     119755.000 ns	     11974	8000280c	a11f0753	fle.s	x14,f30,f17	 f30:0x00000000 f17:0x7f800000 x14=0x00000001
     120125.000 ns	     12011	80002810	02534c33	div	x24,x6,x5	  x6:0x800410fa  x5:0xf9972418 x24=0x00000013
     120495.000 ns	     12048	80002814	02ddf433	remu	x8,x27,x13	 x27:0xe3944000 x13:0x000000d6  x8=0x0000002a
     120545.000 ns	     12053	80002818	087dfb53	fsub.s	f22,f27,f7	 f27:0x3f800000  f7:0x80041024 f22=0x3f800000
     120565.000 ns	     12055	8000281c	a2c24693	xori	x13,x4,-1492	  x4:0x00000001 x13=0xfffffa2d
     120585.000 ns	     12057	80002820	a07492d3	flt.s	x5,f9,f7	  f9:0x00000000  f7:0x80041024  x5=0x00000000
     120615.000 ns	     12060	80002824	02fa5933	divu	x18,x20,x15	 x20:0x00000000 x15:0x00000000 x18=0xffffffff
     120655.000 ns	     12064	80002828	5806fad3	fsqrt.s	f21,f13	 f13:0x00000000 f21=0x00000000
     120685.000 ns	     12067	8000282c	a0270953	fle.s	x18,f14,f2	 f14:0x44b58000  f2:0x4efffff4 x18=0x00000001
     120715.000 ns	     12070	80002830	f00b8fd3	fmv.w.x	f31,x23	 x23:0xfffffd8d f31=0xfffffd8d
     120745.000 ns	     12073	80002834	e00c0f53	fmv.x.w	x30,f24	 f24:0x80000000 x30=0x80000000
     120775.000 ns	     12076	80002838	d01f8653	fcvt.s.wu	f12,x31	 x31:0x1912f7b0 f12=0x4dc897be
     120795.000 ns	     12078	8000283c	00000013	addi	x0,x0,0	  x0:0x00000000
     120805.000 ns	     12079	80002840	00d55033	srl	x0,x10,x13	 x10:0xe0842c68 x13:0xfffffa2d
     120825.000 ns	     12081	80002844	20c31453	fsgnjn.s	f8,f6,f12	  f6:0xc4b58000 f12:0x4dc897be  f8=0xc4b58000
     120855.000 ns	     12084	80002848	f0060b53	fmv.w.x	f22,x12	 x12:0x00000000 f22=0x00000000
     120875.000 ns	     12086	8000284c	01e350b3	srl	x1,x6,x30	  x6:0x800410fa x30:0x80000000  x1=0x800410fa
     120885.000 ns	     12087	80002850	016fd613	srli	x12,x31,0x16	 x31:0x1912f7b0 x12=0x00000064
     120895.000 ns	     12088	80002854	0197d293	srli	x5,x15,0x19	 x15:0x00000000  x5=0x00000000
     120915.000 ns	     12090	80002858	28f18d53	fmin.s	f26,f3,f15	  f3:0x3f800000 f15:0x7fc00000 f26=0x3f800000
     120945.000 ns	     12093	8000285c	205c9553	fsgnjn.s	f10,f25,f5	 f25:0x80000000  f5:0x00040fe4 f10=0x80000000
     122125.000 ns	     12211	80002860	58017bd3	fsqrt.s	f23,f2	  f2:0x4efffff4 f23=0x473504a7
     122155.000 ns	     12214	80002864	21379253	fsgnjn.s	f4,f15,f19	 f15:0x7fc00000 f19:0xc2800000  f4=0x7fc00000
     122195.000 ns	     12218	80002868	580c8753	fsqrt.s	f14,f25	 f25:0x80000000 f14=0x80000000
     122215.000 ns	     12220	8000286c	017524b3	slt	x9,x10,x23	 x10:0xe0842c68 x23:0xfffffd8d  x9=0x00000001
     122235.000 ns	     12222	80002870	c00371d3	fcvt.w.s	x3,f6	  f6:0xc4b58000  x3=0x000005ac
     122265.000 ns	     12225	80002874	d00d19d3	fcvt.s.w	f19,x26	 x26:0x0000007f f19=0x42fe0000
     122285.000 ns	     12227	80002878	ad6bd937	lui	x18,0xad6bd	 x18=0xad6bd000
     122305.000 ns	     12229	8000287c	c00189d3	fcvt.w.s	x19,f3	  f3:0x3f800000 x19=0x00000001
     122335.000 ns	     12232	80002880	a0ee0c53	fle.s	x24,f28,f14	 f28:0x80000000 f14:0x80000000 x24=0x00000001
     122375.000 ns	     12236	80002884	103888d3	fmul.s	f17,f17,f3	 f17:0x7f800000  f3:0x3f800000 f17=0x7f800000
     122395.000 ns	     12238	80002888	01927f33	and	x30,x4,x25	  x4:0x00000001 x25:0xffffff9d x30=0x00000001
     122755.000 ns	     12274	8000288c	02675d33	divu	x26,x14,x6	 x14:0x00000001  x6:0x800410fa x26=0x00000000
     122775.000 ns	     12276	80002890	406f5c13	srai	x24,x30,0x6	 x30:0x80000000 x24=0x00000000
     122815.000 ns	     12280	80002894	012985d3	fadd.s	f11,f19,f18	 f19:0x42fe0000 f18:0x80000000 f11=0x42fe0000
     122835.000 ns	     12282	80002898	0ad72b37	lui	x22,0xad72	 x22=0x0ad72000
     123195.000 ns	     12318	8000289c	03f6d3b3	divu	x7,x13,x31	 x13:0xfffffa2d x31:0x1912f7b0  x7=0x0000000a
     123225.000 ns	     12321	800028a0	a0cd9cd3	flt.s	x25,f27,f12	 f27:0x3f800000 f12:0x4dc897be x25=0x00000001
     123245.000 ns	     12323	800028a4	01eba1b3	slt	x3,x23,x30	 x23:0xfffffd8d x30:0x00000001  x3=0x00000001
     123605.000 ns	     12359	800028a8	0323da33	divu	x20,x7,x18	  x7:0x0000000a x18:0xad6bd000 x20=0x00000000
     123625.000 ns	     12361	800028ac	d939ec93	ori	x25,x19,-621	 x19:0x00000001 x25=0xfffffd93
     123655.000 ns	     12364	800028b0	58027653	fsqrt.s	f12,f4	  f4:0x7fc00000 f12=0x7fc00000
     123675.000 ns	     12366	800028b4	0182deb3	srl	x29,x5,x24	  x5:0x00000000 x24:0x00000000 x29=0x00000000
     123685.000 ns	     12367	800028b8	01e42ab3	slt	x21,x8,x30	  x8:0x0000002a x30:0x00000001 x21=0x00000000
     123705.000 ns	     12369	800028bc	2174a3d3	fsgnjx.s	f7,f9,f23	  f9:0x00000000 f23:0x473504a7  f7=0x00000000
     123725.000 ns	     12371	800028c0	00fa0f33	add	x30,x20,x15	 x20:0x00000000 x15:0x00000000 x30=0x00000000
     123735.000 ns	     12372	800028c4	40748b33	sub	x22,x9,x7	  x9:0x00000001  x7:0x0000000a x22=0xfffffff7
     123755.000 ns	     12374	800028c8	20aa1853	fsgnjn.s	f16,f20,f10	 f20:0x4c7b7274 f10:0x80000000 f16=0x4c7b7274
     123775.000 ns	     12376	800028cc	e4b0a393	slti	x7,x1,-437	  x1:0x800410fa  x7=0x00000001
     123795.000 ns	     12378	800028d0	e0008353	fmv.x.w	x6,f1	  f1:0xff800000  x6=0xff800000
     123815.000 ns	     12380	800028d4	79880e97	auipc	x29,0x79880	 x29=0xf98828d4
     124175.000 ns	     12416	800028d8	0216f1b3	remu	x3,x13,x1	 x13:0xfffffa2d  x1:0x800410fa  x3=0x7ffbe933
     124215.000 ns	     12420	800028dc	580c75d3	fsqrt.s	f11,f24	 f24:0x80000000 f11=0x80000000
     124585.000 ns	     12457	800028e0	0268fb33	remu	x22,x17,x6	 x17:0x00000000  x6:0xff800000 x22=0x00000000
     124605.000 ns	     12459	800028e4	01c009b3	add	x19,x0,x28	  x0:0x00000000 x28:0x80040fe4 x19=0x80040fe4
     124625.000 ns	     12461	800028e8	0207fd33	remu	x26,x15,x0	 x15:0x00000000  x0:0x00000000 x26=0x00000000
     124645.000 ns	     12463	800028ec	004956b3	srl	x13,x18,x4	 x18:0xad6bd000  x4:0x00000001 x13=0x56b5e800
     124665.000 ns	     12465	800028f0	d01cf4d3	fcvt.s.wu	f9,x25	 x25:0xfffffd93  f9=0x4f7ffffd
     124685.000 ns	     12467	800028f4	1f6dbc13	sltiu	x24,x27,502	 x27:0xe3944000 x24=0x00000000
     124695.000 ns	     12468	800028f8	01975993	srli	x19,x14,0x19	 x14:0x00000001 x19=0x00000000
     124715.000 ns	     12470	800028fc	03a5d733	divu	x14,x11,x26	 x11:0x80041024 x26:0x00000000 x14=0xffffffff
     125085.000 ns	     12507	80002900	037b5ab3	divu	x21,x22,x23	 x22:0x00000000 x23:0xfffffd8d x21=0x00000000
     125115.000 ns	     12510	80002904	20e3add3	fsgnjx.s	f27,f7,f14	  f7:0x00000000 f14:0x80000000 f27=0x80000000
     125145.000 ns	     12513	80002908	288d8dd3	fmin.s	f27,f27,f8	 f27:0x3f800000  f8:0xc4b58000 f27=0xc4b58000
     125165.000 ns	     12515	8000290c	558ec993	xori	x19,x29,1368	 x29:0xf98828d4 x19=0xf9882d8c
     125185.000 ns	     12517	80002910	c005f1d3	fcvt.w.s	x3,f11	 f11:0x80000000  x3=0x00000000
     125215.000 ns	     12520	80002914	c01ef353	fcvt.wu.s	x6,f29	 f29:0x7fc00000  x6=0xffffffff
     125245.000 ns	     12523	80002918	d017a6d3	fcvt.s.wu	f13,x15	 x15:0x00000000 f13=0x00000000
     125265.000 ns	     12525	8000291c	40ce5513	srai	x10,x28,0xc	 x28:0x80040fe4 x10=0xfff80040
     125625.000 ns	     12561	80002920	03385f33	divu	x30,x16,x19	 x16:0x00000000 x19:0xf9882d8c x30=0x00000000
     125655.000 ns	     12564	80002924	d0144853	fcvt.s.wu	f16,x8	  x8:0x0000002a f16=0x42280000
     125675.000 ns	     12566	80002928	509d8193	addi	x3,x27,1289	 x27:0xe3944000  x3=0xe3944509
     125695.000 ns	     12568	8000292c	0323b433	mulhu	x8,x7,x18	  x7:0x00000001 x18:0xad6bd000  x8=0x00000000
     126065.000 ns	     12605	80002930	022ff233	remu	x4,x31,x2	 x31:0x1912f7b0  x2:0xf9972418  x4=0x1912f7b0
     126095.000 ns	     12608	80002934	02c61633	mulh	x12,x12,x12	 x12:0x00000064 x12:0x00000064 x12=0x00000000
     126115.000 ns	     12610	80002938	0090e833	or	x16,x1,x9	  x1:0x800410fa  x9:0x00000001 x16=0x800410fb
     126475.000 ns	     12646	8000293c	03956cb3	rem	x25,x10,x25	 x10:0xfff80040 x25:0xfffffd93 x25=0xffffff9c
     126495.000 ns	     12648	80002940	41fc0533	sub	x10,x24,x31	 x24:0x00000000 x31:0x1912f7b0 x10=0xe6ed0850
     126855.000 ns	     12684	80002944	03bbd533	divu	x10,x23,x27	 x23:0xfffffd8d x27:0xe3944000 x10=0x00000001
     126875.000 ns	     12686	80002948	00f05033	srl	x0,x0,x15	  x0:0x00000000 x15:0x00000000
     126895.000 ns	     12688	8000294c	c00bc453	fcvt.w.s	x8,f23	 f23:0x473504a7  x8=0x0000b505
     126915.000 ns	     12690	80002950	8ab3bb93	sltiu	x23,x7,-1877	  x7:0x00000001 x23=0x00000001
     126935.000 ns	     12692	80002954	e00b1dd3	fclass.s	x27,f22	 f22:0x00000000 x27=0x00000010
     126955.000 ns	     12694	80002958	3e3742b7	lui	x5,0x3e374	  x5=0x3e374000
     126965.000 ns	     12695	8000295c	b428b393	sltiu	x7,x17,-1214	 x17:0x00000000  x7=0x00000001
     126975.000 ns	     12696	80002960	40dc8d13	addi	x26,x25,1037	 x25:0xffffff9c x26=0x000003a9
     126995.000 ns	     12698	80002964	a0218fd3	fle.s	x31,f3,f2	  f3:0x3f800000  f2:0x4efffff4 x31=0x00000001
     127025.000 ns	     12701	80002968	211d0653	fsgnj.s	f12,f26,f17	 f26:0x3f800000 f17:0x7f800000 f12=0x3f800000
     127055.000 ns	     12704	8000296c	a08d1ad3	flt.s	x21,f26,f8	 f26:0x3f800000  f8:0xc4b58000 x21=0x00000000
     127085.000 ns	     12707	80002970	21d42653	fsgnjx.s	f12,f8,f29	  f8:0xc4b58000 f29:0x7fc00000 f12=0xc4b58000
     127105.000 ns	     12709	80002974	00aa8a93	addi	x21,x21,10	 x21:0x00000000 x21=0x0000000a
     127145.000 ns	     12713	80002978	00a1ffd3	fadd.s	f31,f3,f10	  f3:0x3f800000 f10:0x80000000 f31=0x3f800000
     127175.000 ns	     12716	8000297c	d000fc53	fcvt.s.w	f24,x1	  x1:0x800410fa f24=0xcefff7de
     127205.000 ns	     12719	80002980	210e09d3	fsgnj.s	f19,f28,f16	 f28:0x80000000 f16:0x42280000 f19=0x00000000
     127225.000 ns	     12721	80002984	41a509b3	sub	x19,x10,x26	 x10:0x00000001 x26:0x000003a9 x19=0xfffffc58
     127235.000 ns	     12722	80002988	01670c93	addi	x25,x14,22	 x14:0xffffffff x25=0x00000015
     127265.000 ns	     12725	8000298c	18af71d3	fdiv.s	f3,f30,f10	 f30:0x00000000 f10:0x80000000  f3=0x7fc00000
     127295.000 ns	     12728	80002990	03e973b3	remu	x7,x18,x30	 x18:0xad6bd000 x30:0x00000000  x7=0xad6bd000
     127315.000 ns	     12730	80002994	9c0aaf13	slti	x30,x21,-1600	 x21:0x0000000a x30=0x00000000
     127335.000 ns	     12732	80002998	a0458c53	fle.s	x24,f11,f4	 f11:0x80000000  f4:0x7fc00000 x24=0x00000000
     127355.000 ns	     12734	8000299c	00000013	addi	x0,x0,0	  x0:0x00000000
     127395.000 ns	     12738	800029a0	00ca4753	fadd.s	f14,f20,f12	 f20:0x4c7b7274 f12:0xc4b58000 f14=0x4c7b7109
     127425.000 ns	     12741	800029a4	d01d3a53	fcvt.s.wu	f20,x26	 x26:0x000003a9 f20=0x446a4000
     127445.000 ns	     12743	800029a8	afb98193	addi	x3,x19,-1285	 x19:0xfffffc58  x3=0xfffff753
     127465.000 ns	     12745	800029ac	03fcadb3	mulhsu	x27,x25,x31	 x25:0x00000015 x31:0x00000001 x27=0x00000000
     127485.000 ns	     12747	800029b0	3880ed37	lui	x26,0x3880e	 x26=0x3880e000
     127505.000 ns	     12749	800029b4	d0177953	fcvt.s.wu	f18,x14	 x14:0xffffffff f18=0x4f7fffff
     127875.000 ns	     12786	800029b8	02b1c333	div	x6,x3,x11	  x3:0xfffff753 x11:0x80041024  x6=0x00000000
     127895.000 ns	     12788	800029bc	009befb3	or	x31,x23,x9	 x23:0x00000001  x9:0x00000001 x31=0x00000001
     127905.000 ns	     12789	800029c0	418856b3	sra	x13,x16,x24	 x16:0x800410fb x24:0x00000000 x13=0x800410fb
     127925.000 ns	     12791	800029c4	e00418d3	fclass.s	x17,f8	  f8:0xc4b58000 x17=0x00000002
     127955.000 ns	     12794	800029c8	d005f1d3	fcvt.s.w	f3,x11	 x11:0x80041024  f3=0xcefff7df
     128325.000 ns	     12831	800029cc	0223c4b3	div	x9,x7,x2	  x7:0xad6bd000  x2:0xf9972418  x9=0x0000000c
     128355.000 ns	     12834	800029d0	a0d30f53	fle.s	x30,f6,f13	  f6:0xc4b58000 f13:0x00000000 x30=0x00000001
     128375.000 ns	     12836	800029d4	de8dc693	xori	x13,x27,-536	 x27:0x00000000 x13=0xfffffde8
     128385.000 ns	     12837	800029d8	aec2b713	sltiu	x14,x5,-1300	  x5:0x3e374000 x14=0x00000001
     128395.000 ns	     12838	800029dc	0037ab33	slt	x22,x15,x3	 x15:0x00000000  x3:0xfffff753 x22=0x00000000
     128405.000 ns	     12839	800029e0	01cb3ab3	sltu	x21,x22,x28	 x22:0x00000000 x28:0x80040fe4 x21=0x00000001
     128765.000 ns	     12875	800029e4	03e7e8b3	rem	x17,x15,x30	 x15:0x00000000 x30:0x00000001 x17=0x00000000
     129105.000 ns	     12909	800029e8	1852fc53	fdiv.s	f24,f5,f5	  f5:0x00040fe4  f5:0x00040fe4 f24=0x3cb78297
     129125.000 ns	     12911	800029ec	d88b6093	ori	x1,x22,-632	 x22:0x00000000  x1=0xfffffd88
     129135.000 ns	     12912	800029f0	00c19433	sll	x8,x3,x12	  x3:0xfffff753 x12:0x00000000  x8=0xfffff753
     129495.000 ns	     12948	800029f4	02aedfb3	divu	x31,x29,x10	 x29:0xf98828d4 x10:0x00000001 x31=0xf98828d4
     129525.000 ns	     12951	800029f8	c0097fd3	fcvt.w.s	x31,f18	 f18:0x4f7fffff x31=0x7fffffff
     129545.000 ns	     12953	800029fc	412bd793	srai	x15,x23,0x12	 x23:0x00000001 x15=0x00000000
     129555.000 ns	     12954	80002a00	01d51f93	slli	x31,x10,0x1d	 x10:0x00000001 x31=0x20000000
     129595.000 ns	     12958	80002a04	09e8f4d3	fsub.s	f9,f17,f30	 f17:0x7f800000 f30:0x00000000  f9=0x7f800000
     129615.000 ns	     12960	80002a08	5c278713	addi	x14,x15,1474	 x15:0x00000000 x14=0x000005c2
     129625.000 ns	     12961	80002a0c	00f01a13	slli	x20,x0,0xf	  x0:0x00000000 x20=0x00000000
     129635.000 ns	     12962	80002a10	2b7354b7	lui	x9,0x2b735	  x9=0x2b735000
     129645.000 ns	     12963	80002a14	01fd2333	slt	x6,x26,x31	 x26:0x3880e000 x31:0x20000000  x6=0x00000000
     129665.000 ns	     12965	80002a18	d00da753	fcvt.s.w	f14,x27	 x27:0x00000000 f14=0x00000000
     129695.000 ns	     12968	80002a1c	026c64b3	rem	x9,x24,x6	 x24:0x00000000  x6:0x00000000  x9=0x00000000
     129715.000 ns	     12970	80002a20	00dd1893	slli	x17,x26,0xd	 x26:0x3880e000 x17=0x1c000000
     130075.000 ns	     13006	80002a24	02816ab3	rem	x21,x2,x8	  x2:0xf9972418  x8:0xfffff753 x21=0xfffffb65
     130095.000 ns	     13008	80002a28	621d0f93	addi	x31,x26,1569	 x26:0x3880e000 x31=0x3880e621
     130105.000 ns	     13009	80002a2c	fd63bc97	auipc	x25,0xfd63b	 x25=0x7d63da2c
     130125.000 ns	     13011	80002a30	21ea8753	fsgnj.s	f14,f21,f30	 f21:0x00000000 f30:0x00000000 f14=0x00000000
     130155.000 ns	     13014	80002a34	a06a8bd3	fle.s	x23,f21,f6	 f21:0x00000000  f6:0xc4b58000 x23=0x00000000
     130185.000 ns	     13017	80002a38	298f9453	fmax.s	f8,f31,f24	 f31:0x3f800000 f24:0x3cb78297  f8=0x3f800000
     130215.000 ns	     13020	80002a3c	02c61833	mulh	x16,x12,x12	 x12:0x00000000 x12:0x00000000 x16=0x00000000
     130245.000 ns	     13023	80002a40	e0051753	fclass.s	x14,f10	 f10:0x80000000 x14=0x00000008
     130265.000 ns	     13025	80002a44	00420833	add	x16,x4,x4	  x4:0x1912f7b0  x4:0x1912f7b0 x16=0x3225ef60
     130285.000 ns	     13027	80002a48	d0082453	fcvt.s.w	f8,x16	 x16:0x00000000  f8=0x4e4897be
     130315.000 ns	     13030	80002a4c	02bc8fb3	mul	x31,x25,x11	 x25:0x7d63da2c x11:0x80041024 x31=0x485d6e30
     130345.000 ns	     13033	80002a50	214816d3	fsgnjn.s	f13,f16,f20	 f16:0x42280000 f20:0x446a4000 f13=0xc2280000
     130365.000 ns	     13035	80002a54	00a55213	srli	x4,x10,0xa	 x10:0x00000001  x4=0x00000000
     130725.000 ns	     13071	80002a58	0304f433	remu	x8,x9,x16	  x9:0x00000000 x16:0x3225ef60  x8=0x00000000
     130755.000 ns	     13074	80002a5c	c0024853	fcvt.w.s	x16,f4	  f4:0x7fc00000 x16=0x7fffffff
     130775.000 ns	     13076	80002a60	012570b3	and	x1,x10,x18	 x10:0x00000001 x18:0xad6bd000  x1=0x00000000
     130785.000 ns	     13077	80002a64	40785cb3	sra	x25,x16,x7	 x16:0x7fffffff  x7:0xad6bd000 x25=0x7fffffff
     130795.000 ns	     13078	80002a68	010ab033	sltu	x0,x21,x16	 x21:0xfffffb65 x16:0x7fffffff
     130805.000 ns	     13079	80002a6c	01a19533	sll	x10,x3,x26	  x3:0xfffff753 x26:0x3880e000 x10=0xfffff753
     130815.000 ns	     13080	80002a70	0096cb33	xor	x22,x13,x9	 x13:0xfffffde8  x9:0x00000000 x22=0xfffffde8
     130825.000 ns	     13081	80002a74	9cc2c393	xori	x7,x5,-1588	  x5:0x3e374000  x7=0xc1c8b9cc
     130845.000 ns	     13083	80002a78	d00e3253	fcvt.s.w	f4,x28	 x28:0x80040fe4  f4=0xcefff7e1
     131215.000 ns	     13120	80002a7c	033cfeb3	remu	x29,x25,x19	 x25:0x7fffffff x19:0xfffffc58 x29=0x7fffffff
     131585.000 ns	     13157	80002a80	02d27bb3	remu	x23,x4,x13	  x4:0x00000000 x13:0xfffffde8 x23=0x00000000
     131615.000 ns	     13160	80002a84	28031bd3	fmax.s	f23,f6,f0	  f6:0xc4b58000  f0:0x43560000 f23=0x43560000
     131635.000 ns	     13162	80002a88	01b12bb3	slt	x23,x2,x27	  x2:0xf9972418 x27:0x00000000 x23=0x00000001
     131645.000 ns	     13163	80002a8c	01cf5c33	srl	x24,x30,x28	 x30:0x00000001 x28:0x80040fe4 x24=0x00000000
     131655.000 ns	     13164	80002a90	00fb5293	srli	x5,x22,0xf	 x22:0xfffffde8  x5=0x0001ffff
     131695.000 ns	     13168	80002a94	01d4f6d3	fadd.s	f13,f9,f29	  f9:0x7f800000 f29:0x7fc00000 f13=0x7fc00000
     131715.000 ns	     13170	80002a98	416b5d13	srai	x26,x22,0x16	 x22:0xfffffde8 x26=0xffffffff
     131725.000 ns	     13171	80002a9c	40eece93	xori	x29,x29,1038	 x29:0x7fffffff x29=0x7ffffbf1
     132055.000 ns	     13204	80002aa0	186009d3	fdiv.s	f19,f0,f6	  f0:0x43560000  f6:0xc4b58000 f19=0xbdf2ec4e
     132075.000 ns	     13206	80002aa4	8bb47e93	andi	x29,x8,-1861	  x8:0x00000000 x29=0x00000000
     132085.000 ns	     13207	80002aa8	007758b3	srl	x17,x14,x7	 x14:0x00000008  x7:0xc1c8b9cc x17=0x00000000
     132445.000 ns	     13243	80002aac	02737db3	remu	x27,x6,x7	  x6:0x00000000  x7:0xc1c8b9cc x27=0x00000000
     132465.000 ns	     13245	80002ab0	27b07893	andi	x17,x0,635	  x0:0x00000000 x17=0x00000000
     132475.000 ns	     13246	80002ab4	4107d193	srai	x3,x15,0x10	 x15:0x00000000  x3=0x00000000
     132485.000 ns	     13247	80002ab8	fbda7f97	auipc	x31,0xfbda7	 x31=0x7bda9ab8
     132505.000 ns	     13249	80002abc	c018f1d3	fcvt.wu.s	x3,f17	 f17:0x7f800000  x3=0xffffffff
     132525.000 ns	     13251	80002ac0	4181dcb3	sra	x25,x3,x24	  x3:0x00000000 x24:0x00000000 x25=0xffffffff
     132545.000 ns	     13253	80002ac4	d00707d3	fcvt.s.w	f15,x14	 x14:0x00000008 f15=0x41000000
     132575.000 ns	     13256	80002ac8	02a09833	mulh	x16,x1,x10	  x1:0x00000000 x10:0xfffff753 x16=0x00000000
     132595.000 ns	     13258	80002acc	0066e0b3	or	x1,x13,x6	 x13:0xfffffde8  x6:0x00000000  x1=0xfffffde8
     132615.000 ns	     13260	80002ad0	28bb8253	fmin.s	f4,f23,f11	 f23:0x43560000 f11:0x80000000  f4=0x80000000
     132985.000 ns	     13297	80002ad4	0321fd33	remu	x26,x3,x18	  x3:0xffffffff x18:0xad6bd000 x26=0x52942fff
     133005.000 ns	     13299	80002ad8	003c3733	sltu	x14,x24,x3	 x24:0x00000000  x3:0xffffffff x14=0x00000001
     133015.000 ns	     13300	80002adc	a316bf17	auipc	x30,0xa316b	 x30=0x2316dadc
     133035.000 ns	     13302	80002ae0	a07b1fd3	flt.s	x31,f22,f7	 f22:0x00000000  f7:0x00000000 x31=0x00000000
     133065.000 ns	     13305	80002ae4	a1579a53	flt.s	x20,f15,f21	 f15:0x41000000 f21:0x00000000 x20=0x00000000
     133085.000 ns	     13307	80002ae8	41e6dc93	srai	x25,x13,0x1e	 x13:0xfffffde8 x25=0xffffffff
     133095.000 ns	     13308	80002aec	000d9313	slli	x6,x27,0x0	 x27:0x00000000  x6=0x00000000
     133115.000 ns	     13310	80002af0	03dc7233	remu	x4,x24,x29	 x24:0x00000000 x29:0x00000000  x4=0x00000000
     133135.000 ns	     13312	80002af4	5afc5817	auipc	x16,0x5afc5	 x16=0xdafc7af4
     133145.000 ns	     13313	80002af8	00dd9693	slli	x13,x27,0xd	 x27:0x00000000 x13=0x00000000
     133165.000 ns	     13315	80002afc	c0167d53	fcvt.wu.s	x26,f12	 f12:0xc4b58000 x26=0x000005ac
     133185.000 ns	     13317	80002b00	00e4d2b3	srl	x5,x9,x14	  x9:0x00000000 x14:0x00000001  x5=0x00000000
     133205.000 ns	     13319	80002b04	c012b3d3	fcvt.wu.s	x7,f5	  f5:0x00040fe4  x7=0x00000000
     133235.000 ns	     13322	80002b08	0342a4b3	mulhsu	x9,x5,x20	  x5:0x0001ffff x20:0x00000000  x9=0x00000000
     133265.000 ns	     13325	80002b0c	032e1433	mulh	x8,x28,x18	 x28:0x80040fe4 x18:0xad6bd000  x8=0x2948c88f
     133285.000 ns	     13327	80002b10	8bcf0e93	addi	x29,x30,-1860	 x30:0x2316dadc x29=0x2316d398
     133305.000 ns	     13329	80002b14	20ac27d3	fsgnjx.s	f15,f24,f10	 f24:0x3cb78297 f10:0x80000000 f15=0xbcb78297
     133675.000 ns	     13366	80002b18	02bafcb3	remu	x25,x21,x11	 x21:0xfffffb65 x11:0x80041024 x25=0x7ffbeb41
     133695.000 ns	     13368	80002b1c	40e98a33	sub	x20,x19,x14	 x19:0xfffffc58 x14:0x00000001 x20=0xfffffc57
     133705.000 ns	     13369	80002b20	0108b4b3	sltu	x9,x17,x16	 x17:0x00000000 x16:0xdafc7af4  x9=0x00000001
     133725.000 ns	     13371	80002b24	218b0b53	fsgnj.s	f22,f22,f24	 f22:0x00000000 f24:0x3cb78297 f22=0x00000000
     133775.000 ns	     13376	80002b28	09ce3153	fsub.s	f2,f28,f28	 f28:0x80000000 f28:0x80000000  f2=0x00000000
     133805.000 ns	     13379	80002b2c	213e2453	fsgnjx.s	f8,f28,f19	 f28:0x80000000 f19:0xbdf2ec4e  f8=0x00000000
     133835.000 ns	     13382	80002b30	c0109bd3	fcvt.wu.s	x23,f1	  f1:0xff800000 x23=0x00000000
     133865.000 ns	     13385	80002b34	d00f9a53	fcvt.s.w	f20,x31	 x31:0x00000000 f20=0x00000000
     133895.000 ns	     13388	80002b38	031e7633	remu	x12,x28,x17	 x28:0x80040fe4 x17:0x00000000 x12=0x80040fe4
     133925.000 ns	     13391	80002b3c	03a319b3	mulh	x19,x6,x26	  x6:0x00000000 x26:0x000005ac x19=0x00000000
     133965.000 ns	     13395	80002b40	1863fad3	fdiv.s	f21,f7,f6	  f7:0x00000000  f6:0xc4b58000 f21=0x80000000
     133995.000 ns	     13398	80002b44	d007fad3	fcvt.s.w	f21,x15	 x15:0x00000000 f21=0x00000000
     134015.000 ns	     13400	80002b48	018dd8b3	srl	x17,x27,x24	 x27:0x00000000 x24:0x00000000 x17=0x00000000
     134035.000 ns	     13402	80002b4c	0335dcb3	divu	x25,x11,x19	 x11:0x80041024 x19:0x00000000 x25=0xffffffff
     134075.000 ns	     13406	80002b50	186500d3	fdiv.s	f1,f10,f6	 f10:0x80000000  f6:0xc4b58000  f1=0x00000000
     134125.000 ns	     13411	80002b54	09e790d3	fsub.s	f1,f15,f30	 f15:0xbcb78297 f30:0x00000000  f1=0xbcb78297
     134145.000 ns	     13413	80002b58	01896633	or	x12,x18,x24	 x18:0xad6bd000 x24:0x00000000 x12=0xad6bd000
     134165.000 ns	     13415	80002b5c	02bc3633	mulhu	x12,x24,x11	 x24:0x00000000 x11:0x80041024 x12=0x00000000
     134185.000 ns	     13417	80002b60	409e0233	sub	x4,x28,x9	 x28:0x80040fe4  x9:0x00000001  x4=0x80040fe3
     134215.000 ns	     13420	80002b64	18eb3353	fdiv.s	f6,f22,f14	 f22:0x00000000 f14:0x00000000  f6=0x7fc00000
     134245.000 ns	     13423	80002b68	d01aaad3	fcvt.s.wu	f21,x21	 x21:0xfffffb65 f21=0x4f7ffffc
     134275.000 ns	     13426	80002b6c	02c64f33	div	x30,x12,x12	 x12:0x00000000 x12:0x00000000 x30=0xffffffff
     134295.000 ns	     13428	80002b70	01b7eab3	or	x21,x15,x27	 x15:0x00000000 x27:0x00000000 x21=0x00000000
     134315.000 ns	     13430	80002b74	e00f0ad3	fmv.x.w	x21,f30	 f30:0x00000000 x21=0x00000000
     134345.000 ns	     13433	80002b78	292f0e53	fmin.s	f28,f30,f18	 f30:0x00000000 f18:0x4f7fffff f28=0x00000000
     134385.000 ns	     13437	80002b7c	188e77d3	fdiv.s	f15,f28,f8	 f28:0x80000000  f8:0x00000000 f15=0x7fc00000
     134755.000 ns	     13474	80002b80	03985d33	divu	x26,x16,x25	 x16:0xdafc7af4 x25:0xffffffff x26=0x00000000
     134775.000 ns	     13476	80002b84	015a1db3	sll	x27,x20,x21	 x20:0xfffffc57 x21:0x00000000 x27=0xfffffc57
     134785.000 ns	     13477	80002b88	407cd193	srai	x3,x25,0x7	 x25:0xffffffff  x3=0xffffffff
     134805.000 ns	     13479	80002b8c	d00076d3	fcvt.s.w	f13,x0	  x0:0x00000000 f13=0x00000000
     134825.000 ns	     13481	80002b90	01cb70b3	and	x1,x22,x28	 x22:0xfffffde8 x28:0x80040fe4  x1=0x80040de0
     134845.000 ns	     13483	80002b94	a0af0653	fle.s	x12,f30,f10	 f30:0x00000000 f10:0x80000000 x12=0x00000001
     134875.000 ns	     13486	80002b98	a0cb1f53	flt.s	x30,f22,f12	 f22:0x00000000 f12:0xc4b58000 x30=0x00000000
     134905.000 ns	     13489	80002b9c	f0078453	fmv.w.x	f8,x15	 x15:0x00000000  f8=0x00000000
     134935.000 ns	     13492	80002ba0	21461953	fsgnjn.s	f18,f12,f20	 f12:0xc4b58000 f20:0x00000000 f18=0xc4b58000
     134965.000 ns	     13495	80002ba4	03cf3933	mulhu	x18,x30,x28	 x30:0x00000000 x28:0x80040fe4 x18=0x00000000
     135335.000 ns	     13532	80002ba8	03de7833	remu	x16,x28,x29	 x28:0x80040fe4 x29:0x2316d398 x16=0x16bf951c
     135355.000 ns	     13534	80002bac	01bc5713	srli	x14,x24,0x1b	 x24:0x00000000 x14=0x00000000
     135375.000 ns	     13536	80002bb0	282591d3	fmax.s	f3,f11,f2	 f11:0x80000000  f2:0x00000000  f3=0x00000000
     135405.000 ns	     13539	80002bb4	0241ab33	mulhsu	x22,x3,x4	  x3:0xffffffff  x4:0x80040fe3 x22=0xffffffff
     135745.000 ns	     13573	80002bb8	18c67553	fdiv.s	f10,f12,f12	 f12:0xc4b58000 f12:0xc4b58000 f10=0x3f4e07d2
     135765.000 ns	     13575	80002bbc	014663b3	or	x7,x12,x20	 x12:0x00000001 x20:0xfffffc57  x7=0xfffffc57
     136095.000 ns	     13608	80002bc0	197ba853	fdiv.s	f16,f23,f23	 f23:0x43560000 f23:0x43560000 f16=0x3fba48b5
     136125.000 ns	     13611	80002bc4	21e32953	fsgnjx.s	f18,f6,f30	  f6:0x7fc00000 f30:0x00000000 f18=0x7fc00000
     136495.000 ns	     13648	80002bc8	0230dbb3	divu	x23,x1,x3	  x1:0x80040de0  x3:0xffffffff x23=0x00000000
     136525.000 ns	     13651	80002bcc	c001f4d3	fcvt.w.s	x9,f3	  f3:0x00000000  x9=0x00000000
     136545.000 ns	     13653	80002bd0	013fdeb3	srl	x29,x31,x19	 x31:0x00000000 x19:0x00000000 x29=0x00000000
     136565.000 ns	     13655	80002bd4	033453b3	divu	x7,x8,x19	  x8:0x2948c88f x19:0x00000000  x7=0xffffffff
     136585.000 ns	     13657	80002bd8	003dbcb3	sltu	x25,x27,x3	 x27:0xfffffc57  x3:0xffffffff x25=0x00000001
     136595.000 ns	     13658	80002bdc	40a85433	sra	x8,x16,x10	 x16:0x16bf951c x10:0xfffff753  x8=0x000002d7
     136615.000 ns	     13660	80002be0	e00e8c53	fmv.x.w	x24,f29	 f29:0x7fc00000 x24=0x7fc00000
     136645.000 ns	     13663	80002be4	28bb0753	fmin.s	f14,f22,f11	 f22:0x00000000 f11:0x80000000 f14=0x80000000
     136675.000 ns	     13666	80002be8	024519b3	mulh	x19,x10,x4	 x10:0xfffff753  x4:0x80040fe3 x19=0x00000456
     136705.000 ns	     13669	80002bec	e00c1bd3	fclass.s	x23,f24	 f24:0x3cb78297 x23=0x00000040
     136725.000 ns	     13671	80002bf0	000ba6b3	slt	x13,x23,x0	 x23:0x00000000  x0:0x00000000 x13=0x00000000
     136735.000 ns	     13672	80002bf4	22d18213	addi	x4,x3,557	  x3:0xffffffff  x4=0x0000022c
     136745.000 ns	     13673	80002bf8	88c63193	sltiu	x3,x12,-1908	 x12:0x00000001  x3=0x00000001
     136755.000 ns	     13674	80002bfc	688ccc13	xori	x24,x25,1672	 x25:0x00000001 x24=0x00000689
     136775.000 ns	     13676	80002c00	030db733	mulhu	x14,x27,x16	 x27:0xfffffc57 x16:0x16bf951c x14=0x16bf94c8
     136795.000 ns	     13678	80002c04	362ee797	auipc	x15,0x362ee	 x15=0xb62f0c04
     136805.000 ns	     13679	80002c08	acb87513	andi	x10,x16,-1333	 x16:0x16bf951c x10=0x16bf9008
     136815.000 ns	     13680	80002c0c	1abd2c13	slti	x24,x26,427	 x26:0x00000000 x24=0x00000001
     136845.000 ns	     13683	80002c10	100078d3	fmul.s	f17,f0,f0	  f0:0x43560000  f0:0x43560000 f17=0x4732e400
     136865.000 ns	     13685	80002c14	01f81fb3	sll	x31,x16,x31	 x16:0x16bf951c x31:0x00000000 x31=0x16bf951c
     136875.000 ns	     13686	80002c18	01181d33	sll	x26,x16,x17	 x16:0x16bf951c x17:0x00000000 x26=0x16bf951c
     136915.000 ns	     13690	80002c1c	080104d3	fsub.s	f9,f2,f0	  f2:0x00000000  f0:0x43560000  f9=0xc3560000
     136935.000 ns	     13692	80002c20	3accb693	sltiu	x13,x25,940	 x25:0x00000001 x13=0x00000001
     136965.000 ns	     13695	80002c24	19fe2453	fdiv.s	f8,f28,f31	 f28:0x00000000 f31:0x3f800000  f8=0x00000000
     137335.000 ns	     13732	80002c28	022960b3	rem	x1,x18,x2	 x18:0x00000000  x2:0xf9972418  x1=0x00000000
     137355.000 ns	     13734	80002c2c	010a8eb3	add	x29,x21,x16	 x21:0x00000000 x16:0x16bf951c x29=0x16bf951c
     137375.000 ns	     13736	80002c30	21a69d53	fsgnjn.s	f26,f13,f26	 f13:0x00000000 f26:0x3f800000 f26=0x80000000
     137405.000 ns	     13739	80002c34	20760053	fsgnj.s	f0,f12,f7	 f12:0xc4b58000  f7:0x00000000  f0=0x44b58000
     137775.000 ns	     13776	80002c38	024f5933	divu	x18,x30,x4	 x30:0x00000000  x4:0x0000022c x18=0x00000000
     138145.000 ns	     13813	80002c3c	030b4eb3	div	x29,x22,x16	 x22:0xffffffff x16:0x16bf951c x29=0x00000000
     138165.000 ns	     13815	80002c40	00f3eeb3	or	x29,x7,x15	  x7:0xffffffff x15:0xb62f0c04 x29=0xffffffff
     138525.000 ns	     13851	80002c44	022df6b3	remu	x13,x27,x2	 x27:0xfffffc57  x2:0xf9972418 x13=0x0668d83f
     138555.000 ns	     13854	80002c48	a0332fd3	feq.s	x31,f6,f3	  f6:0x7fc00000  f3:0x00000000 x31=0x00000000
     138585.000 ns	     13857	80002c4c	d003fe53	fcvt.s.w	f28,x7	  x7:0xffffffff f28=0xbf800000
     138605.000 ns	     13859	80002c50	b5037513	andi	x10,x6,-1200	  x6:0x00000000 x10=0x00000000
     138615.000 ns	     13860	80002c54	ebeaaa13	slti	x20,x21,-322	 x21:0x00000000 x20=0x00000000
     138635.000 ns	     13862	80002c58	f00b07d3	fmv.w.x	f15,x22	 x22:0xffffffff f15=0xffffffff
     138655.000 ns	     13864	80002c5c	00bb68b3	or	x17,x22,x11	 x22:0xffffffff x11:0x80041024 x17=0xffffffff
     138675.000 ns	     13866	80002c60	282517d3	fmax.s	f15,f10,f2	 f10:0x3f4e07d2  f2:0x00000000 f15=0x3f4e07d2
     138725.000 ns	     13871	80002c64	09d92053	fsub.s	f0,f18,f29	 f18:0x7fc00000 f29:0x7fc00000  f0=0x7fc00000
     138745.000 ns	     13873	80002c68	00000013	addi	x0,x0,0	  x0:0x00000000
     138765.000 ns	     13875	80002c6c	e00f9a53	fclass.s	x20,f31	 f31:0x3f800000 x20=0x00000040
     138785.000 ns	     13877	80002c70	417e5fb3	sra	x31,x28,x23	 x28:0x80040fe4 x23:0x00000040 x31=0x80040fe4
     138805.000 ns	     13879	80002c74	d0022253	fcvt.s.w	f4,x4	  x4:0x0000022c  f4=0x440b0000
     138825.000 ns	     13881	80002c78	80c6c417	auipc	x8,0x80c6c	  x8=0x00c6ec78
     138845.000 ns	     13883	80002c7c	03900733	mul	x14,x0,x25	  x0:0x00000000 x25:0x00000001 x14=0x00000000
     138865.000 ns	     13885	80002c80	404e5cb3	sra	x25,x28,x4	 x28:0x80040fe4  x4:0x0000022c x25=0xfff80040
     138875.000 ns	     13886	80002c84	016b2f33	slt	x30,x22,x22	 x22:0xffffffff x22:0xffffffff x30=0x00000000
     138885.000 ns	     13887	80002c88	3526ad13	slti	x26,x13,850	 x13:0x0668d83f x26=0x00000000
     138905.000 ns	     13889	80002c8c	e00e0053	fmv.x.w	x0,f28	 f28:0xbf800000
     138925.000 ns	     13891	80002c90	016a0433	add	x8,x20,x22	 x20:0x00000040 x22:0xffffffff  x8=0x0000003f
     138935.000 ns	     13892	80002c94	41d25f33	sra	x30,x4,x29	  x4:0x0000022c x29:0xffffffff x30=0x00000000
     138945.000 ns	     13893	80002c98	b10d8097	auipc	x1,0xb10d8	  x1=0x310dac98
     138955.000 ns	     13894	80002c9c	40cc0e93	addi	x29,x24,1036	 x24:0x00000001 x29=0x0000040d
     138965.000 ns	     13895	80002ca0	0094f733	and	x14,x9,x9	  x9:0x00000000  x9:0x00000000 x14=0x00000000
     138975.000 ns	     13896	80002ca4	01094233	xor	x4,x18,x16	 x18:0x00000000 x16:0x16bf951c  x4=0x16bf951c
     138985.000 ns	     13897	80002ca8	01c4f533	and	x10,x9,x28	  x9:0x00000000 x28:0x80040fe4 x10=0x00000000
     138995.000 ns	     13898	80002cac	00000013	addi	x0,x0,0	  x0:0x00000000
     139015.000 ns	     13900	80002cb0	2187a453	fsgnjx.s	f8,f15,f24	 f15:0x3f4e07d2 f24:0x3cb78297  f8=0x3f4e07d2
     139045.000 ns	     13903	80002cb4	28a11653	fmax.s	f12,f2,f10	  f2:0x00000000 f10:0x3f4e07d2 f12=0x3f4e07d2
     139075.000 ns	     13906	80002cb8	c000b0d3	fcvt.w.s	x1,f1	  f1:0xbcb78297  x1=0x00000000
     139105.000 ns	     13909	80002cbc	02f3bcb3	mulhu	x25,x7,x15	  x7:0xffffffff x15:0xb62f0c04 x25=0xb62f0c03
     139475.000 ns	     13946	80002cc0	03b9c8b3	div	x17,x19,x27	 x19:0x00000456 x27:0xfffffc57 x17=0xffffffff
     139515.000 ns	     13950	80002cc4	18b874d3	fdiv.s	f9,f16,f11	 f16:0x3fba48b5 f11:0x80000000  f9=0xff800000
     139545.000 ns	     13953	80002cc8	02997833	remu	x16,x18,x9	 x18:0x00000000  x9:0x00000000 x16=0x00000000
     139565.000 ns	     13955	80002ccc	00b72cb3	slt	x25,x14,x11	 x14:0x00000000 x11:0x80041024 x25=0x00000000
     139585.000 ns	     13957	80002cd0	03ef5033	divu	x0,x30,x30	 x30:0x00000000 x30:0x00000000
     139615.000 ns	     13960	80002cd4	290f8953	fmin.s	f18,f31,f16	 f31:0x3f800000 f16:0x3fba48b5 f18=0x3f800000
     139645.000 ns	     13963	80002cd8	0222ba33	mulhu	x20,x5,x2	  x5:0x00000000  x2:0xf9972418 x20=0x00000000
     139665.000 ns	     13965	80002cdc	41775c93	srai	x25,x14,0x17	 x14:0x00000000 x25=0x00000000
     139675.000 ns	     13966	80002ce0	01b03f33	sltu	x30,x0,x27	  x0:0x00000000 x27:0xfffffc57 x30=0x00000001
     139695.000 ns	     13968	80002ce4	21642353	fsgnjx.s	f6,f8,f22	  f8:0x3f4e07d2 f22:0x00000000  f6=0x3f4e07d2
     139725.000 ns	     13971	80002ce8	215fa953	fsgnjx.s	f18,f31,f21	 f31:0x3f800000 f21:0x4f7ffffc f18=0x3f800000
     139775.000 ns	     13976	80002cec	0109fed3	fadd.s	f29,f19,f16	 f19:0xbdf2ec4e f16:0x3fba48b5 f29=0x3fab19f0
     139795.000 ns	     13978	80002cf0	01b16633	or	x12,x2,x27	  x2:0xf9972418 x27:0xfffffc57 x12=0xfffffc5f
     139805.000 ns	     13979	80002cf4	010da533	slt	x10,x27,x16	 x27:0xfffffc57 x16:0x00000000 x10=0x00000001
     139815.000 ns	     13980	80002cf8	00ced613	srli	x12,x29,0xc	 x29:0x0000040d x12=0x00000000
     139835.000 ns	     13982	80002cfc	e0009053	fclass.s	x0,f1	  f1:0xbcb78297
     139855.000 ns	     13984	80002d00	002481b3	add	x3,x9,x2	  x9:0x00000000  x2:0xf9972418  x3=0xf9972418
     139865.000 ns	     13985	80002d04	163cf513	andi	x10,x25,355	 x25:0x00000000 x10=0x00000000
     139875.000 ns	     13986	80002d08	006ef1b3	and	x3,x29,x6	 x29:0x0000040d  x6:0x00000000  x3=0x00000000
     139895.000 ns	     13988	80002d0c	f0070f53	fmv.w.x	f30,x14	 x14:0x00000000 f30=0x00000000
     139915.000 ns	     13990	80002d10	5ce38037	lui	x0,0x5ce38	
     139935.000 ns	     13992	80002d14	214a9e53	fsgnjn.s	f28,f21,f20	 f21:0x4f7ffffc f20:0x00000000 f28=0xcf7ffffc
     139985.000 ns	     13997	80002d18	09267c53	fsub.s	f24,f12,f18	 f12:0x3f4e07d2 f18:0x3f800000 f24=0xbe47e0b8
     140015.000 ns	     14000	80002d1c	e0040253	fmv.x.w	x4,f8	  f8:0x3f4e07d2  x4=0x3f4e07d2
     140355.000 ns	     14034	80002d20	188ea653	fdiv.s	f12,f29,f8	 f29:0x3fab19f0  f8:0x3f4e07d2 f12=0x3fd498f8
     140385.000 ns	     14037	80002d24	d010c353	fcvt.s.wu	f6,x1	  x1:0x00000000  f6=0x00000000
     140405.000 ns	     14039	80002d28	b3e9cb93	xori	x23,x19,-1218	 x19:0x00000456 x23=0xffffff68
     140415.000 ns	     14040	80002d2c	00bcd993	srli	x19,x25,0xb	 x25:0x00000000 x19=0x00000000
     140435.000 ns	     14042	80002d30	02379fb3	mulh	x31,x15,x3	 x15:0xb62f0c04  x3:0x00000000 x31=0x00000000
     140455.000 ns	     14044	80002d34	00000013	addi	x0,x0,0	  x0:0x00000000
     140475.000 ns	     14046	80002d38	20820353	fsgnj.s	f6,f4,f8	  f4:0x440b0000  f8:0x3f4e07d2  f6=0x440b0000
     140495.000 ns	     14048	80002d3c	00000013	addi	x0,x0,0	  x0:0x00000000
     140535.000 ns	     14052	80002d40	003020d3	fadd.s	f1,f0,f3	  f0:0x7fc00000  f3:0x00000000  f1=0x7fc00000
     140555.000 ns	     14054	80002d44	40ee0533	sub	x10,x28,x14	 x28:0x80040fe4 x14:0x00000000 x10=0x80040fe4
     140565.000 ns	     14055	80002d48	412602b3	sub	x5,x12,x18	 x12:0x00000000 x18:0x00000000  x5=0x00000000
     140585.000 ns	     14057	80002d4c	a1b61dd3	flt.s	x27,f12,f27	 f12:0x3fd498f8 f27:0xc4b58000 x27=0x00000000
     140625.000 ns	     14061	80002d50	11ba7753	fmul.s	f14,f20,f27	 f20:0x00000000 f27:0xc4b58000 f14=0x80000000
     140655.000 ns	     14064	80002d54	21421653	fsgnjn.s	f12,f4,f20	  f4:0x440b0000 f20:0x00000000 f12=0xc40b0000
     140685.000 ns	     14067	80002d58	d01674d3	fcvt.s.wu	f9,x12	 x12:0x00000000  f9=0x00000000
     140715.000 ns	     14070	80002d5c	a0522a53	feq.s	x20,f4,f5	  f4:0x440b0000  f5:0x00040fe4 x20=0x00000000
     140735.000 ns	     14072	80002d60	41f189b3	sub	x19,x3,x31	  x3:0x00000000 x31:0x00000000 x19=0x00000000
     140745.000 ns	     14073	80002d64	01ad2fb3	slt	x31,x26,x26	 x26:0x00000000 x26:0x00000000 x31=0x00000000
     140755.000 ns	     14074	80002d68	0068d633	srl	x12,x17,x6	 x17:0xffffffff  x6:0x00000000 x12=0xffffffff
     140765.000 ns	     14075	80002d6c	00000013	addi	x0,x0,0	  x0:0x00000000
     140785.000 ns	     14077	80002d70	e00f1bd3	fclass.s	x23,f30	 f30:0x00000000 x23=0x00000010
     140805.000 ns	     14079	80002d74	00ea0db3	add	x27,x20,x14	 x20:0x00000000 x14:0x00000000 x27=0x00000000
     140815.000 ns	     14080	80002d78	00684eb3	xor	x29,x16,x6	 x16:0x00000000  x6:0x00000000 x29=0x00000000
     140835.000 ns	     14082	80002d7c	03a01733	mulh	x14,x0,x26	  x0:0x00000000 x26:0x00000000 x14=0x00000000
     140855.000 ns	     14084	80002d80	00f6db13	srli	x22,x13,0xf	 x13:0x0668d83f x22=0x00000cd1
     140865.000 ns	     14085	80002d84	799a2c13	slti	x24,x20,1945	 x20:0x00000000 x24=0x00000001
     140875.000 ns	     14086	80002d88	009d9233	sll	x4,x27,x9	 x27:0x00000000  x9:0x00000000  x4=0x00000000
     140895.000 ns	     14088	80002d8c	02047433	remu	x8,x8,x0	  x8:0x0000003f  x0:0x00000000  x8=0x0000003f
     140925.000 ns	     14091	80002d90	a1f2a3d3	feq.s	x7,f5,f31	  f5:0x00040fe4 f31:0x3f800000  x7=0x00000000
     140945.000 ns	     14093	80002d94	408d3a93	sltiu	x21,x26,1032	 x26:0x00000000 x21=0x00000001
     141305.000 ns	     14129	80002d98	03e87933	remu	x18,x16,x30	 x16:0x00000000 x30:0x00000001 x18=0x00000000
     141335.000 ns	     14132	80002d9c	217da653	fsgnjx.s	f12,f27,f23	 f27:0xc4b58000 f23:0x43560000 f12=0xc4b58000
     141355.000 ns	     14134	80002da0	d3a32d13	slti	x26,x6,-710	  x6:0x00000000 x26=0x00000000
     141685.000 ns	     14167	80002da4	195e78d3	fdiv.s	f17,f28,f21	 f28:0xcf7ffffc f21:0x4f7ffffc f17=0xbf7ffffc
     141715.000 ns	     14170	80002da8	03b28db3	mul	x27,x5,x27	  x5:0x00000000 x27:0x00000000 x27=0x00000000
     141755.000 ns	     14174	80002dac	580c7c53	fsqrt.s	f24,f24	 f24:0xbe47e0b8 f24=0x7fc00000
     141795.000 ns	     14178	80002db0	11873753	fmul.s	f14,f14,f24	 f14:0x80000000 f24:0xbe47e0b8 f14=0x7fc00000
     141845.000 ns	     14183	80002db4	00aef0d3	fadd.s	f1,f29,f10	 f29:0x3fab19f0 f10:0x3f4e07d2  f1=0x40090eec
     141875.000 ns	     14186	80002db8	e00f0853	fmv.x.w	x16,f30	 f30:0x00000000 x16=0x00000000
     141895.000 ns	     14188	80002dbc	0118bfb3	sltu	x31,x17,x17	 x17:0xffffffff x17:0xffffffff x31=0x00000000
     141915.000 ns	     14190	80002dc0	f0020453	fmv.w.x	f8,x4	  x4:0x00000000  f8=0x00000000
     141955.000 ns	     14194	80002dc4	580635d3	fsqrt.s	f11,f12	 f12:0xc4b58000 f11=0x7fc00000
     141985.000 ns	     14197	80002dc8	03ce2833	mulhsu	x16,x28,x28	 x28:0x80040fe4 x28:0x80040fe4 x16=0xc0000010
     142005.000 ns	     14199	80002dcc	41d5dd93	srai	x27,x11,0x1d	 x11:0x80041024 x27=0xfffffffc
     142045.000 ns	     14203	80002dd0	09a6f953	fsub.s	f18,f13,f26	 f13:0x00000000 f26:0x80000000 f18=0x00000000
     142075.000 ns	     14206	80002dd4	c01416d3	fcvt.wu.s	x13,f8	  f8:0x00000000 x13=0x00000000
     142095.000 ns	     14208	80002dd8	00e6f7b3	and	x15,x13,x14	 x13:0x0668d83f x14:0x00000000 x15=0x00000000
     142115.000 ns	     14210	80002ddc	c00301d3	fcvt.w.s	x3,f6	  f6:0x440b0000  x3=0x0000022c
     142145.000 ns	     14213	80002de0	295886d3	fmin.s	f13,f17,f21	 f17:0xbf7ffffc f21:0x4f7ffffc f13=0xbf7ffffc
     142165.000 ns	     14215	80002de4	40878533	sub	x10,x15,x8	 x15:0x00000000  x8:0x0000003f x10=0xffffffc1
     142185.000 ns	     14217	80002de8	e00602d3	fmv.x.w	x5,f12	 f12:0xc4b58000  x5=0xc4b58000
     142215.000 ns	     14220	80002dec	e00108d3	fmv.x.w	x17,f2	  f2:0x00000000 x17=0x00000000
     142245.000 ns	     14223	80002df0	a0f50dd3	fle.s	x27,f10,f15	 f10:0x3f4e07d2 f15:0x3f4e07d2 x27=0x00000001
     142275.000 ns	     14226	80002df4	c0107dd3	fcvt.wu.s	x27,f0	  f0:0x7fc00000 x27=0xffffffff
     142295.000 ns	     14228	80002df8	21dbf793	andi	x15,x23,541	 x23:0x00000010 x15=0x00000010
     142305.000 ns	     14229	80002dfc	00000013	addi	x0,x0,0	  x0:0x00000000
     142315.000 ns	     14230	80002e00	00000013	addi	x0,x0,0	  x0:0x00000000
     142335.000 ns	     14232	80002e04	03a33633	mulhu	x12,x6,x26	  x6:0x00000000 x26:0x00000000 x12=0x00000000
     142365.000 ns	     14235	80002e08	02faaeb3	mulhsu	x29,x21,x15	 x21:0x00000001 x15:0x00000010 x29=0x00000000
     142385.000 ns	     14237	80002e0c	4185af93	slti	x31,x11,1048	 x11:0x80041024 x31=0x00000001
     142395.000 ns	     14238	80002e10	63163413	sltiu	x8,x12,1585	 x12:0x00000000  x8=0x00000001
     142415.000 ns	     14240	80002e14	c00e7f53	fcvt.w.s	x30,f28	 f28:0xcf7ffffc x30=0x80000000
     142445.000 ns	     14243	80002e18	21d5aed3	fsgnjx.s	f29,f11,f29	 f11:0x7fc00000 f29:0x3fab19f0 f29=0x7fc00000
     142475.000 ns	     14246	80002e1c	03ade9b3	rem	x19,x27,x26	 x27:0xffffffff x26:0x00000000 x19=0xffffffff
     142505.000 ns	     14249	80002e20	219a0ed3	fsgnj.s	f29,f20,f25	 f20:0x00000000 f25:0x80000000 f29=0x80000000
     142525.000 ns	     14251	80002e24	017ade93	srli	x29,x21,0x17	 x21:0x00000001 x29=0x00000000
     142535.000 ns	     14252	80002e28	00f6b233	sltu	x4,x13,x15	 x13:0x00000000 x15:0x00000010  x4=0x00000001
     142545.000 ns	     14253	80002e2c	001e3eb3	sltu	x29,x28,x1	 x28:0x80040fe4  x1:0x00000000 x29=0x00000000
     142555.000 ns	     14254	80002e30	012e9413	slli	x8,x29,0x12	 x29:0x00000000  x8=0x00000000
     142575.000 ns	     14256	80002e34	c01f47d3	fcvt.wu.s	x15,f30	 f30:0x00000000 x15=0x00000000
     142605.000 ns	     14259	80002e38	d00b3553	fcvt.s.w	f10,x22	 x22:0x00000cd1 f10=0x454d1000
     142625.000 ns	     14261	80002e3c	0155a2b3	slt	x5,x11,x21	 x11:0x80041024 x21:0x00000001  x5=0x00000001
     142645.000 ns	     14263	80002e40	21e610d3	fsgnjn.s	f1,f12,f30	 f12:0xc4b58000 f30:0x00000000  f1=0xc4b58000
     142665.000 ns	     14265	80002e44	81842c93	slti	x25,x8,-2024	  x8:0x00000000 x25=0x00000000
     142685.000 ns	     14267	80002e48	c01ac653	fcvt.wu.s	x12,f21	 f21:0x4f7ffffc x12=0xfffffc00
     142705.000 ns	     14269	80002e4c	df2aba93	sltiu	x21,x21,-526	 x21:0x00000001 x21=0x00000001
     142735.000 ns	     14272	80002e50	58088d53	fsqrt.s	f26,f17	 f17:0xbf7ffffc f26=0x7fc00000
     142755.000 ns	     14274	80002e54	9725c413	xori	x8,x11,-1678	 x11:0x80041024  x8=0x7ffbe956
     142775.000 ns	     14276	80002e58	02769933	mulh	x18,x13,x7	 x13:0x00000000  x7:0x00000000 x18=0x00000000
     142795.000 ns	     14278	80002e5c	4137d1b3	sra	x3,x15,x19	 x15:0x00000000 x19:0xffffffff  x3=0x00000000
     142815.000 ns	     14280	80002e60	03c28033	mul	x0,x5,x28	  x5:0x00000001 x28:0x80040fe4
     143185.000 ns	     14317	80002e64	036257b3	divu	x15,x4,x22	  x4:0x00000001 x22:0x00000cd1 x15=0x00000000
     143215.000 ns	     14320	80002e68	209e1f53	fsgnjn.s	f30,f28,f9	 f28:0xcf7ffffc  f9:0x00000000 f30=0xcf7ffffc
     143255.000 ns	     14324	80002e6c	580c79d3	fsqrt.s	f19,f24	 f24:0x7fc00000 f19=0x7fc00000
     143305.000 ns	     14329	80002e70	01d775d3	fadd.s	f11,f14,f29	 f14:0x7fc00000 f29:0x80000000 f11=0x7fc00000
     143345.000 ns	     14333	80002e74	5804cad3	fsqrt.s	f21,f9	  f9:0x00000000 f21=0x00000000
     143365.000 ns	     14335	80002e78	00000013	addi	x0,x0,0	  x0:0x00000000
     143725.000 ns	     14371	80002e7c	022de2b3	rem	x5,x27,x2	 x27:0xffffffff  x2:0xf9972418  x5=0xffffffff
     143745.000 ns	     14373	80002e80	00ee4fb3	xor	x31,x28,x14	 x28:0x80040fe4 x14:0x00000000 x31=0x80040fe4
     143755.000 ns	     14374	80002e84	00000013	addi	x0,x0,0	  x0:0x00000000
     143775.000 ns	     14376	80002e88	a1e1a353	feq.s	x6,f3,f30	  f3:0x00000000 f30:0xcf7ffffc  x6=0x00000000
     143805.000 ns	     14379	80002e8c	033e8033	mul	x0,x29,x19	 x29:0x00000000 x19:0xffffffff
     143825.000 ns	     14381	80002e90	410d5733	sra	x14,x26,x16	 x26:0x00000000 x16:0xc0000010 x14=0x00000000
     143835.000 ns	     14382	80002e94	417250b3	sra	x1,x4,x23	  x4:0x00000001 x23:0x00000010  x1=0x00000000
     143855.000 ns	     14384	80002e98	a0a882d3	fle.s	x5,f17,f10	 f17:0xbf7ffffc f10:0x454d1000  x5=0x00000001
     143875.000 ns	     14386	80002e9c	9a9017b7	lui	x15,0x9a901	 x15=0x9a901000
     143885.000 ns	     14387	80002ea0	01d7c6b3	xor	x13,x15,x29	 x15:0x00000000 x29:0x00000000 x13=0x9a901000
     143905.000 ns	     14389	80002ea4	021aceb3	div	x29,x21,x1	 x21:0x00000001  x1:0x00000000 x29=0xffffffff
     143925.000 ns	     14391	80002ea8	97327313	andi	x6,x4,-1677	  x4:0x00000001  x6=0x00000001
     143945.000 ns	     14393	80002eac	29241353	fmax.s	f6,f8,f18	  f8:0x00000000 f18:0x00000000  f6=0x00000000
     143965.000 ns	     14395	80002eb0	394e2393	slti	x7,x28,916	 x28:0x80040fe4  x7=0x00000001
     144005.000 ns	     14399	80002eb4	01ab70d3	fadd.s	f1,f22,f26	 f22:0x00000000 f26:0x7fc00000  f1=0x7fc00000
     144025.000 ns	     14401	80002eb8	0140db33	srl	x22,x1,x20	  x1:0x00000000 x20:0x00000000 x22=0x00000000
     144045.000 ns	     14403	80002ebc	d01f2553	fcvt.s.wu	f10,x30	 x30:0x80000000 f10=0x4f000000
     144065.000 ns	     14405	80002ec0	00000013	addi	x0,x0,0	  x0:0x00000000
     144425.000 ns	     14441	80002ec4	03c242b3	div	x5,x4,x28	  x4:0x00000001 x28:0x80040fe4  x5=0x00000000
     144445.000 ns	     14443	80002ec8	4be85937	lui	x18,0x4be85	 x18=0x4be85000
     144455.000 ns	     14444	80002ecc	00000013	addi	x0,x0,0	  x0:0x00000000
     144465.000 ns	     14445	80002ed0	008b9d93	slli	x27,x23,0x8	 x23:0x00000010 x27=0x00001000
     144475.000 ns	     14446	80002ed4	078efc13	andi	x24,x29,120	 x29:0xffffffff x24=0x00000078
     144495.000 ns	     14448	80002ed8	e0050cd3	fmv.x.w	x25,f10	 f10:0x4f000000 x25=0x4f000000
     144515.000 ns	     14450	80002edc	00b738b3	sltu	x17,x14,x11	 x14:0x00000000 x11:0x80041024 x17=0x00000001
     144525.000 ns	     14451	80002ee0	d1be2313	slti	x6,x28,-741	 x28:0x80040fe4  x6=0x00000001
     144545.000 ns	     14453	80002ee4	a0c327d3	feq.s	x15,f6,f12	  f6:0x00000000 f12:0xc4b58000 x15=0x00000000
     144915.000 ns	     14490	80002ee8	022e7cb3	remu	x25,x28,x2	 x28:0x80040fe4  x2:0xf9972418 x25=0x80040fe4
     144935.000 ns	     14492	80002eec	40ead7b3	sra	x15,x21,x14	 x21:0x00000001 x14:0x00000000 x15=0x00000001
     144955.000 ns	     14494	80002ef0	03f08cb3	mul	x25,x1,x31	  x1:0x00000000 x31:0x80040fe4 x25=0x00000000
     145005.000 ns	     14499	80002ef4	018cfe53	fadd.s	f28,f25,f24	 f25:0x80000000 f24:0x7fc00000 f28=0x7fc00000
     145025.000 ns	     14501	80002ef8	7dc8ea13	ori	x20,x17,2012	 x17:0x00000001 x20=0x000007dd
     145045.000 ns	     14503	80002efc	29e59e53	fmax.s	f28,f11,f30	 f11:0x7fc00000 f30:0xcf7ffffc f28=0xcf7ffffc
     145065.000 ns	     14505	80002f00	f3a4ae93	slti	x29,x9,-198	  x9:0x00000000 x29=0x00000000
     145075.000 ns	     14506	80002f04	0095adb3	slt	x27,x11,x9	 x11:0x80041024  x9:0x00000000 x27=0x00000001
     145095.000 ns	     14508	80002f08	03b38db3	mul	x27,x7,x27	  x7:0x00000001 x27:0x00001000 x27=0x00000001
     145115.000 ns	     14510	80002f0c	f7698313	addi	x6,x19,-138	 x19:0xffffffff  x6=0xffffff75
     145135.000 ns	     14512	80002f10	f00c8653	fmv.w.x	f12,x25	 x25:0x00000000 f12=0x00000000
     145165.000 ns	     14515	80002f14	a0e52b53	feq.s	x22,f10,f14	 f10:0x4f000000 f14:0x7fc00000 x22=0x00000000
     145185.000 ns	     14517	80002f18	406d8733	sub	x14,x27,x6	 x27:0x00000001  x6:0xffffff75 x14=0x0000008c
     145195.000 ns	     14518	80002f1c	35758193	addi	x3,x11,855	 x11:0x80041024  x3=0x8004137b
     145555.000 ns	     14554	80002f20	0236f833	remu	x16,x13,x3	 x13:0x9a901000  x3:0x00000000 x16=0x1a8bfc85
     145585.000 ns	     14557	80002f24	d00194d3	fcvt.s.w	f9,x3	  x3:0x00000000  f9=0xcefff7d9
     145615.000 ns	     14560	80002f28	a1fb1553	flt.s	x10,f22,f31	 f22:0x00000000 f31:0x3f800000 x10=0x00000001
     145665.000 ns	     14565	80002f2c	005aa5d3	fadd.s	f11,f21,f5	 f21:0x00000000  f5:0x00040fe4 f11=0x00040fe4
     145685.000 ns	     14567	80002f30	2b927793	andi	x15,x4,697	  x4:0x00000001 x15=0x00000001
     145705.000 ns	     14569	80002f34	02e13433	mulhu	x8,x2,x14	  x2:0xf9972418 x14:0x0000008c  x8=0x00000088
     145735.000 ns	     14572	80002f38	02903c33	mulhu	x24,x0,x9	  x0:0x00000000  x9:0x00000000 x24=0x00000000
     145765.000 ns	     14575	80002f3c	038cadb3	mulhsu	x27,x25,x24	 x25:0x00000000 x24:0x00000078 x27=0x00000000
     145795.000 ns	     14578	80002f40	d0027ed3	fcvt.s.w	f29,x4	  x4:0x00000001 f29=0x3f800000
     145825.000 ns	     14581	80002f44	03a119b3	mulh	x19,x2,x26	  x2:0xf9972418 x26:0x00000000 x19=0x00000000
     145855.000 ns	     14584	80002f48	039a6eb3	rem	x29,x20,x25	 x20:0x000007dd x25:0x00000000 x29=0x000007dd
     145885.000 ns	     14587	80002f4c	d01234d3	fcvt.s.wu	f9,x4	  x4:0x00000001  f9=0x3f800000
     145915.000 ns	     14590	80002f50	03c2b233	mulhu	x4,x5,x28	  x5:0x00000000 x28:0x80040fe4  x4=0x00000000
     145935.000 ns	     14592	80002f54	fe143393	sltiu	x7,x8,-31	  x8:0x00000088  x7=0x00000001
     146295.000 ns	     14628	80002f58	03d55333	divu	x6,x10,x29	 x10:0x00000001 x29:0x000007dd  x6=0x00000000
     146315.000 ns	     14630	80002f5c	00e7e1b3	or	x3,x15,x14	 x15:0x00000001 x14:0x0000008c  x3=0x0000008d
     146675.000 ns	     14666	80002f60	03c6f033	remu	x0,x13,x28	 x13:0x9a901000 x28:0x80040fe4
     146705.000 ns	     14669	80002f64	f00181d3	fmv.w.x	f3,x3	  x3:0x8004137b  f3=0x0000008d
     146735.000 ns	     14672	80002f68	20b922d3	fsgnjx.s	f5,f18,f11	 f18:0x00000000 f11:0x00040fe4  f5=0x00000000
     146755.000 ns	     14674	80002f6c	14bb8993	addi	x19,x23,331	 x23:0x00000010 x19=0x0000015b
     146765.000 ns	     14675	80002f70	c5f6af17	auipc	x30,0xc5f6a	 x30=0x45f6cf70
     146785.000 ns	     14677	80002f74	a0998253	fle.s	x4,f19,f9	 f19:0x7fc00000  f9:0x3f800000  x4=0x00000000
     146815.000 ns	     14680	80002f78	e0020fd3	fmv.x.w	x31,f4	  f4:0x440b0000 x31=0x440b0000
     146835.000 ns	     14682	80002f7c	d3346013	ori	x0,x8,-717	  x8:0x00000088
     146845.000 ns	     14683	80002f80	7169c913	xori	x18,x19,1814	 x19:0x0000015b x18=0x0000064d
     146865.000 ns	     14685	80002f84	d0117253	fcvt.s.wu	f4,x2	  x2:0xf9972418  f4=0x4f799724
     146885.000 ns	     14687	80002f88	01c85f13	srli	x30,x16,0x1c	 x16:0x1a8bfc85 x30=0x00000001
     146905.000 ns	     14689	80002f8c	208b1e53	fsgnjn.s	f28,f22,f8	 f22:0x00000000  f8:0x00000000 f28=0x80000000
     147275.000 ns	     14726	80002f90	023666b3	rem	x13,x12,x3	 x12:0xfffffc00  x3:0x0000008d x13=0xffffffdb
     147645.000 ns	     14763	80002f94	03c5d0b3	divu	x1,x11,x28	 x11:0x80041024 x28:0x80040fe4  x1=0x00000001
     147665.000 ns	     14765	80002f98	416dd413	srai	x8,x27,0x16	 x27:0x00000000  x8=0x00000000
     147685.000 ns	     14767	80002f9c	03b8deb3	divu	x29,x17,x27	 x17:0x00000001 x27:0x00000000 x29=0xffffffff
     147715.000 ns	     14770	80002fa0	a1c3acd3	feq.s	x25,f7,f28	  f7:0x00000000 f28:0x80000000 x25=0x00000001
     147745.000 ns	     14773	80002fa4	f0078bd3	fmv.w.x	f23,x15	 x15:0x00000001 f23=0x00000001
     147775.000 ns	     14776	80002fa8	a05a8a53	fle.s	x20,f21,f5	 f21:0x00000000  f5:0x00000000 x20=0x00000001
     147815.000 ns	     14780	80002fac	10c27ad3	fmul.s	f21,f4,f12	  f4:0x4f799724 f12:0x00000000 f21=0x00000000
     147845.000 ns	     14783	80002fb0	c0152bd3	fcvt.wu.s	x23,f10	 f10:0x4f000000 x23=0x80000000
     147865.000 ns	     14785	80002fb4	00000013	addi	x0,x0,0	  x0:0x00000000
     147885.000 ns	     14787	80002fb8	d0167dd3	fcvt.s.wu	f27,x12	 x12:0xfffffc00 f27=0x4f7ffffc
     147915.000 ns	     14790	80002fbc	d018f0d3	fcvt.s.wu	f1,x17	 x17:0x00000001  f1=0x3f800000
     147935.000 ns	     14792	80002fc0	0088bab3	sltu	x21,x17,x8	 x17:0x00000001  x8:0x00000000 x21=0x00000000
     147955.000 ns	     14794	80002fc4	a0a312d3	flt.s	x5,f6,f10	  f6:0x00000000 f10:0x4f000000  x5=0x00000001
     147985.000 ns	     14797	80002fc8	e0000fd3	fmv.x.w	x31,f0	  f0:0x7fc00000 x31=0x7fc00000
     148005.000 ns	     14799	80002fcc	00f49ab3	sll	x21,x9,x15	  x9:0x00000000 x15:0x00000001 x21=0x00000000
     148015.000 ns	     14800	80002fd0	011a34b3	sltu	x9,x20,x17	 x20:0x00000001 x17:0x00000001  x9=0x00000000
     148045.000 ns	     14803	80002fd4	115c7853	fmul.s	f16,f24,f21	 f24:0x7fc00000 f21:0x00000000 f16=0x7fc00000
     148095.000 ns	     14808	80002fd8	09f40253	fsub.s	f4,f8,f31	  f8:0x00000000 f31:0x3f800000  f4=0xbf800000
     148145.000 ns	     14813	80002fdc	0989a753	fsub.s	f14,f19,f24	 f19:0x7fc00000 f24:0x7fc00000 f14=0x7fc00000
     148175.000 ns	     14816	80002fe0	f00f8653	fmv.w.x	f12,x31	 x31:0x7fc00000 f12=0x7fc00000
     148195.000 ns	     14818	80002fe4	00f55993	srli	x19,x10,0xf	 x10:0x00000001 x19=0x00000000
     148215.000 ns	     14820	80002fe8	29078753	fmin.s	f14,f15,f16	 f15:0x3f4e07d2 f16:0x7fc00000 f14=0x3f4e07d2
     148235.000 ns	     14822	80002fec	56cb3313	sltiu	x6,x22,1388	 x22:0x00000000  x6=0x00000001
     148245.000 ns	     14823	80002ff0	85c43313	sltiu	x6,x8,-1956	  x8:0x00000000  x6=0x00000001
     148255.000 ns	     14824	80002ff4	00804033	xor	x0,x0,x8	  x0:0x00000000  x8:0x00000000
     148275.000 ns	     14826	80002ff8	d01f4ad3	fcvt.s.wu	f21,x30	 x30:0x00000001 f21=0x3f800000
     148295.000 ns	     14828	80002ffc	01bb27b3	slt	x15,x22,x27	 x22:0x00000000 x27:0x00000000 x15=0x00000000
     148325.000 ns	     14831	80003000	5802b153	fsqrt.s	f2,f5	  f5:0x00000000  f2=0x00000000
     148355.000 ns	     14834	80003004	d01dfcd3	fcvt.s.wu	f25,x27	 x27:0x00000000 f25=0x00000000
     148375.000 ns	     14836	80003008	0096dab3	srl	x21,x13,x9	 x13:0xffffffdb  x9:0x00000000 x21=0xffffffdb
     148395.000 ns	     14838	8000300c	a007a053	feq.s	x0,f15,f0	 f15:0x3f4e07d2  f0:0x7fc00000
     148765.000 ns	     14875	80003010	026dda33	divu	x20,x27,x6	 x27:0x00000000  x6:0x00000001 x20=0x00000000
     148795.000 ns	     14878	80003014	025d3f33	mulhu	x30,x26,x5	 x26:0x00000000  x5:0x00000001 x30=0x00000000
     148825.000 ns	     14881	80003018	027697b3	mulh	x15,x13,x7	 x13:0xffffffdb  x7:0x00000001 x15=0xffffffff
     148845.000 ns	     14883	8000301c	5eb7ff13	andi	x30,x15,1515	 x15:0x00000000 x30=0x000005eb
     148865.000 ns	     14885	80003020	c018b753	fcvt.wu.s	x14,f17	 f17:0xbf7ffffc x14=0x00000001
     148895.000 ns	     14888	80003024	c017fbd3	fcvt.wu.s	x23,f15	 f15:0x3f4e07d2 x23=0x00000000
     148915.000 ns	     14890	80003028	000e6fb3	or	x31,x28,x0	 x28:0x80040fe4  x0:0x00000000 x31=0x80040fe4
     148935.000 ns	     14892	8000302c	d0078ad3	fcvt.s.w	f21,x15	 x15:0xffffffff f21=0xbf800000
     148955.000 ns	     14894	80003030	01419d33	sll	x26,x3,x20	  x3:0x0000008d x20:0x00000000 x26=0x0000008d
     148975.000 ns	     14896	80003034	03970533	mul	x10,x14,x25	 x14:0x00000001 x25:0x00000001 x10=0x00000001
     148995.000 ns	     14898	80003038	01262833	slt	x16,x12,x18	 x12:0xfffffc00 x18:0x0000064d x16=0x00000001
     149005.000 ns	     14899	8000303c	017a16b3	sll	x13,x20,x23	 x20:0x00000000 x23:0x00000000 x13=0x00000000
     149015.000 ns	     14900	80003040	00ad70b3	and	x1,x26,x10	 x26:0x0000008d x10:0x00000001  x1=0x00000001
     149035.000 ns	     14902	80003044	0318aa33	mulhsu	x20,x17,x17	 x17:0x00000001 x17:0x00000001 x20=0x00000000
     149065.000 ns	     14905	80003048	28cd9bd3	fmax.s	f23,f27,f12	 f27:0x4f7ffffc f12:0x7fc00000 f23=0x4f7ffffc
     149095.000 ns	     14908	8000304c	c0110253	fcvt.wu.s	x4,f2	  f2:0x00000000  x4=0x00000000
     149135.000 ns	     14912	80003050	102e05d3	fmul.s	f11,f28,f2	 f28:0x80000000  f2:0x00000000 f11=0x80000000
     149155.000 ns	     14914	80003054	4134dcb3	sra	x25,x9,x19	  x9:0x00000000 x19:0x00000000 x25=0x00000000
     149175.000 ns	     14916	80003058	02974eb3	div	x29,x14,x9	 x14:0x00000001  x9:0x00000000 x29=0xffffffff
     149195.000 ns	     14918	8000305c	d6972913	slti	x18,x14,-663	 x14:0x00000001 x18=0x00000000
     149215.000 ns	     14920	80003060	c0107ed3	fcvt.wu.s	x29,f0	  f0:0x7fc00000 x29=0xffffffff
     149235.000 ns	     14922	80003064	00a5dab3	srl	x21,x11,x10	 x11:0x80041024 x10:0x00000001 x21=0x40020812
     149255.000 ns	     14924	80003068	d00ef2d3	fcvt.s.w	f5,x29	 x29:0xffffffff  f5=0xbf800000
     149285.000 ns	     14927	8000306c	037121b3	mulhsu	x3,x2,x23	  x2:0xf9972418 x23:0x00000000  x3=0x00000000
     149315.000 ns	     14930	80003070	f0058dd3	fmv.w.x	f27,x11	 x11:0x80041024 f27=0x80041024
     149335.000 ns	     14932	80003074	753b3913	sltiu	x18,x22,1875	 x22:0x00000000 x18=0x00000001
     149355.000 ns	     14934	80003078	c012a253	fcvt.wu.s	x4,f5	  f5:0xbf800000  x4=0x00000001
     149375.000 ns	     14936	8000307c	015a7f33	and	x30,x20,x21	 x20:0x00000000 x21:0x40020812 x30=0x00000000
     149735.000 ns	     14972	80003080	02b0cdb3	div	x27,x1,x11	  x1:0x00000001 x11:0x80041024 x27=0x00000000
     149755.000 ns	     14974	80003084	401ed313	srai	x6,x29,0x1	 x29:0xffffffff  x6=0xffffffff
     150115.000 ns	     15010	80003088	02c0d7b3	divu	x15,x1,x12	  x1:0x00000001 x12:0xfffffc00 x15=0x00000000
     150135.000 ns	     15012	8000308c	b69fb213	sltiu	x4,x31,-1175	 x31:0x80040fe4  x4=0x00000001
     150175.000 ns	     15016	80003090	08f8f2d3	fsub.s	f5,f17,f15	 f17:0xbf7ffffc f15:0x3f4e07d2  f5=0xbfe703e7
     150195.000 ns	     15018	80003094	00000013	addi	x0,x0,0	  x0:0x00000000
     150205.000 ns	     15019	80003098	01862033	slt	x0,x12,x24	 x12:0xfffffc00 x24:0x00000000
     151375.000 ns	     15136	8000309c	58052cd3	fsqrt.s	f25,f10	 f10:0x4f000000 f25=0x46b50482
     151405.000 ns	     15139	800030a0	28bb9ad3	fmax.s	f21,f23,f11	 f23:0x4f7ffffc f11:0x80000000 f21=0x4f7ffffc
     151425.000 ns	     15141	800030a4	ba8bb413	sltiu	x8,x23,-1112	 x23:0x00000000  x8=0x00000001
     151435.000 ns	     15142	800030a8	00d15233	srl	x4,x2,x13	  x2:0xf9972418 x13:0x00000000  x4=0xf9972418
     151455.000 ns	     15144	800030ac	207b9853	fsgnjn.s	f16,f23,f7	 f23:0x4f7ffffc  f7:0x00000000 f16=0xcf7ffffc
     151475.000 ns	     15146	800030b0	9e127013	andi	x0,x4,-1567	  x4:0x00000001
     151495.000 ns	     15148	800030b4	a1172953	feq.s	x18,f14,f17	 f14:0x3f4e07d2 f17:0xbf7ffffc x18=0x00000000
     151525.000 ns	     15151	800030b8	e00d8953	fmv.x.w	x18,f27	 f27:0x80041024 x18=0x80041024
     151545.000 ns	     15153	800030bc	000e6a33	or	x20,x28,x0	 x28:0x80040fe4  x0:0x00000000 x20=0x80040fe4
     151575.000 ns	     15156	800030c0	58097853	fsqrt.s	f16,f18	 f18:0x00000000 f16=0x00000000
     151605.000 ns	     15159	800030c4	029ba733	mulhsu	x14,x23,x9	 x23:0x00000000  x9:0x00000000 x14=0x00000000
     151645.000 ns	     15163	800030c8	580d7b53	fsqrt.s	f22,f26	 f26:0x7fc00000 f22=0x7fc00000
     151675.000 ns	     15166	800030cc	025814b3	mulh	x9,x16,x5	 x16:0x00000001  x5:0x00000001  x9=0x00000000
     151695.000 ns	     15168	800030d0	4cc10d17	auipc	x26,0x4cc10	 x26=0xccc130d0
     151715.000 ns	     15170	800030d4	d0151053	fcvt.s.wu	f0,x10	 x10:0x00000001  f0=0x3f800000
     151735.000 ns	     15172	800030d8	24de4893	xori	x17,x28,589	 x28:0x80040fe4 x17=0x80040da9
     151745.000 ns	     15173	800030dc	0092ccb3	xor	x25,x5,x9	  x5:0x00000001  x9:0x00000000 x25=0x00000001
     151765.000 ns	     15175	800030e0	e00c96d3	fclass.s	x13,f25	 f25:0x46b50482 x13=0x00000040
     151795.000 ns	     15178	800030e4	e00a1853	fclass.s	x16,f20	 f20:0x00000000 x16=0x00000010
     151825.000 ns	     15181	800030e8	f0068c53	fmv.w.x	f24,x13	 x13:0x00000040 f24=0x00000040
     151855.000 ns	     15184	800030ec	0283a533	mulhsu	x10,x7,x8	  x7:0x00000001  x8:0x00000001 x10=0x00000000
     151875.000 ns	     15186	800030f0	29731f37	lui	x30,0x29731	 x30=0x29731000
     151895.000 ns	     15188	800030f4	02f88733	mul	x14,x17,x15	 x17:0x80040da9 x15:0x00000000 x14=0x00000000
     151925.000 ns	     15191	800030f8	02631233	mulh	x4,x6,x6	  x6:0xffffffff  x6:0xffffffff  x4=0x00000000
     151955.000 ns	     15194	800030fc	e0098853	fmv.x.w	x16,f19	 f19:0x7fc00000 x16=0x7fc00000
     151985.000 ns	     15197	80003100	039fbbb3	mulhu	x23,x31,x25	 x31:0x80040fe4 x25:0x00000001 x23=0x00000000
     152015.000 ns	     15200	80003104	299797d3	fmax.s	f15,f15,f25	 f15:0x3f4e07d2 f25:0x46b50482 f15=0x46b50482
     152035.000 ns	     15202	80003108	a775ee93	ori	x29,x11,-1417	 x11:0x80041024 x29=0xfffffa77
     152045.000 ns	     15203	8000310c	402301b3	sub	x3,x6,x2	  x6:0xffffffff  x2:0xf9972418  x3=0x0668dbe7
     152055.000 ns	     15204	80003110	41d0df33	sra	x30,x1,x29	  x1:0x00000001 x29:0xffffffff x30=0x00000000
     152095.000 ns	     15208	80003114	092b39d3	fsub.s	f19,f22,f18	 f22:0x7fc00000 f18:0x00000000 f19=0x7fc00000
     152115.000 ns	     15210	80003118	57972a37	lui	x20,0x57972	 x20=0x57972000
     152135.000 ns	     15212	8000311c	e0079853	fclass.s	x16,f15	 f15:0x46b50482 x16=0x00000040
     152165.000 ns	     15215	80003120	216c99d3	fsgnjn.s	f19,f25,f22	 f25:0x46b50482 f22:0x7fc00000 f19=0xc6b50482
     152185.000 ns	     15217	80003124	d310fa13	andi	x20,x1,-719	  x1:0x00000001 x20=0x00000001
     152205.000 ns	     15219	80003128	e0011ed3	fclass.s	x29,f2	  f2:0x00000000 x29=0x00000010
     152235.000 ns	     15222	8000312c	a0dc8753	fle.s	x14,f25,f13	 f25:0x46b50482 f13:0xbf7ffffc x14=0x00000000
     152265.000 ns	     15225	80003130	299e97d3	fmax.s	f15,f29,f25	 f29:0x3f800000 f25:0x46b50482 f15=0x46b50482
     152295.000 ns	     15228	80003134	d0117953	fcvt.s.wu	f18,x2	  x2:0xf9972418 f18=0x4f799724
     152665.000 ns	     15265	80003138	03aaecb3	rem	x25,x21,x26	 x21:0x40020812 x26:0xccc130d0 x25=0x0cc338e2
     152685.000 ns	     15267	8000313c	00000013	addi	x0,x0,0	  x0:0x00000000
     152695.000 ns	     15268	80003140	0035cfb3	xor	x31,x11,x3	 x11:0x80041024  x3:0x0668dbe7 x31=0x866ccbc3
     152725.000 ns	     15271	80003144	10b3a153	fmul.s	f2,f7,f11	  f7:0x00000000 f11:0x80000000  f2=0x80000000
     152755.000 ns	     15274	80003148	f00e04d3	fmv.w.x	f9,x28	 x28:0x80040fe4  f9=0x80040fe4
     152775.000 ns	     15276	8000314c	01130bb3	add	x23,x6,x17	  x6:0xffffffff x17:0x80040da9 x23=0x80040da8
     152785.000 ns	     15277	80003150	00d3a2b3	slt	x5,x7,x13	  x7:0x00000001 x13:0x00000040  x5=0x00000001
     152805.000 ns	     15279	80003154	20f68553	fsgnj.s	f10,f13,f15	 f13:0xbf7ffffc f15:0x46b50482 f10=0x3f7ffffc
     152825.000 ns	     15281	80003158	001e4db3	xor	x27,x28,x1	 x28:0x80040fe4  x1:0x00000001 x27=0x80040fe5
     152835.000 ns	     15282	8000315c	0023bdb3	sltu	x27,x7,x2	  x7:0x00000001  x2:0xf9972418 x27=0x00000001
     152855.000 ns	     15284	80003160	20328053	fsgnj.s	f0,f5,f3	  f5:0xbfe703e7  f3:0x0000008d  f0=0x3fe703e7
     152885.000 ns	     15287	80003164	20d42853	fsgnjx.s	f16,f8,f13	  f8:0x00000000 f13:0xbf7ffffc f16=0x80000000
     152915.000 ns	     15290	80003168	c00112d3	fcvt.w.s	x5,f2	  f2:0x80000000  x5=0x00000000
     153285.000 ns	     15327	8000316c	03f067b3	rem	x15,x0,x31	  x0:0x00000000 x31:0x866ccbc3 x15=0x00000000
     153305.000 ns	     15329	80003170	be483313	sltiu	x6,x16,-1052	 x16:0x00000040  x6=0x00000001
     153325.000 ns	     15331	80003174	03de3ab3	mulhu	x21,x28,x29	 x28:0x80040fe4 x29:0x00000010 x21=0x00000008
     153355.000 ns	     15334	80003178	29898253	fmin.s	f4,f19,f24	 f19:0xc6b50482 f24:0x00000040  f4=0xc6b50482
     153385.000 ns	     15337	8000317c	d00e7ad3	fcvt.s.w	f21,x28	 x28:0x80040fe4 f21=0xcefff7e0
     153415.000 ns	     15340	80003180	02bd23b3	mulhsu	x7,x26,x11	 x26:0xccc130d0 x11:0x80041024  x7=0xe65fc831
     153435.000 ns	     15342	80003184	41da0633	sub	x12,x20,x29	 x20:0x00000001 x29:0x00000010 x12=0xfffffff1
     153455.000 ns	     15344	80003188	c008fc53	fcvt.w.s	x24,f17	 f17:0xbf7ffffc x24=0x00000000
     153485.000 ns	     15347	8000318c	20752453	fsgnjx.s	f8,f10,f7	 f10:0x3f7ffffc  f7:0x00000000  f8=0x3f7ffffc
     153515.000 ns	     15350	80003190	e0008653	fmv.x.w	x12,f1	  f1:0x3f800000 x12=0x3f800000
     154695.000 ns	     15468	80003194	5801fdd3	fsqrt.s	f27,f3	  f3:0x0000008d f27=0x1f35054a
     154725.000 ns	     15471	80003198	d00bfa53	fcvt.s.w	f20,x23	 x23:0x80040da8 f20=0xcefff7e4
     154745.000 ns	     15473	8000319c	01a1b233	sltu	x4,x3,x26	  x3:0x0668dbe7 x26:0xccc130d0  x4=0x00000001
     154755.000 ns	     15474	800031a0	411fdb93	srai	x23,x31,0x11	 x31:0x866ccbc3 x23=0xffffc336
     154765.000 ns	     15475	800031a4	07273793	sltiu	x15,x14,114	 x14:0x00000000 x15=0x00000001
     154785.000 ns	     15477	800031a8	c00814d3	fcvt.w.s	x9,f16	 f16:0x80000000  x9=0x00000000
     154805.000 ns	     15479	800031ac	41d55ab3	sra	x21,x10,x29	 x10:0x00000000 x29:0x00000010 x21=0x00000000
     154845.000 ns	     15483	800031b0	08ec8653	fsub.s	f12,f25,f14	 f25:0x46b50482 f14:0x3f4e07d2 f12=0x46b502e6
     154865.000 ns	     15485	800031b4	01e974b3	and	x9,x18,x30	 x18:0x80041024 x30:0x00000000  x9=0x00000000
     154875.000 ns	     15486	800031b8	01096f33	or	x30,x18,x16	 x18:0x80041024 x16:0x00000040 x30=0x80041064
     154885.000 ns	     15487	800031bc	7999ad93	slti	x27,x19,1945	 x19:0x00000000 x27=0x00000001
     154895.000 ns	     15488	800031c0	00179213	slli	x4,x15,0x1	 x15:0x00000001  x4=0x00000002
     154915.000 ns	     15490	800031c4	c0129c53	fcvt.wu.s	x24,f5	  f5:0xbfe703e7 x24=0x00000001
     154945.000 ns	     15493	800031c8	c01b4253	fcvt.wu.s	x4,f22	 f22:0x7fc00000  x4=0xffffffff
     155285.000 ns	     15527	800031cc	18af70d3	fdiv.s	f1,f30,f10	 f30:0xcf7ffffc f10:0x3f7ffffc  f1=0xcfffff38
     155315.000 ns	     15530	800031d0	c0169cd3	fcvt.wu.s	x25,f13	 f13:0xbf7ffffc x25=0x00000000
     155335.000 ns	     15532	800031d4	404f0333	sub	x6,x30,x4	 x30:0x80041064  x4:0xffffffff  x6=0x80041065
     155355.000 ns	     15534	800031d8	20a01f53	fsgnjn.s	f30,f0,f10	  f0:0x3fe703e7 f10:0x3f7ffffc f30=0xbfe703e7
     155385.000 ns	     15537	800031dc	03de88b3	mul	x17,x29,x29	 x29:0x00000010 x29:0x00000010 x17=0x00000100
     155415.000 ns	     15540	800031e0	d0037c53	fcvt.s.w	f24,x6	  x6:0x80041065 f24=0xcefff7df
     155435.000 ns	     15542	800031e4	0c758d93	addi	x27,x11,199	 x11:0x80041024 x27=0x800410eb
     155455.000 ns	     15544	800031e8	a0e383d3	fle.s	x7,f7,f14	  f7:0x00000000 f14:0x3f4e07d2  x7=0x00000001
     155485.000 ns	     15547	800031ec	d0129353	fcvt.s.wu	f6,x5	  x5:0x00000000  f6=0x00000000
     155515.000 ns	     15550	800031f0	20df09d3	fsgnj.s	f19,f30,f13	 f30:0xbfe703e7 f13:0xbf7ffffc f19=0xbfe703e7
     155885.000 ns	     15587	800031f4	031042b3	div	x5,x0,x17	  x0:0x00000000 x17:0x00000100  x5=0x00000000
     155905.000 ns	     15589	800031f8	00530eb3	add	x29,x6,x5	  x6:0x80041065  x5:0x00000000 x29=0x80041065
     155915.000 ns	     15590	800031fc	0b5eba97	auipc	x21,0xb5eb	 x21=0x8b5ee1fc
     155935.000 ns	     15592	80003200	e00d1353	fclass.s	x6,f26	 f26:0x7fc00000  x6=0x00000200
     155985.000 ns	     15597	80003204	019ebcd3	fadd.s	f25,f29,f25	 f29:0x3f800000 f25:0x46b50482 f25=0x46b50682
     156005.000 ns	     15599	80003208	ae530893	addi	x17,x6,-1307	  x6:0x00000200 x17=0xfffffce5
     156015.000 ns	     15600	8000320c	414b5c33	sra	x24,x22,x20	 x22:0x00000000 x20:0x00000001 x24=0x00000000
     156025.000 ns	     15601	80003210	00741233	sll	x4,x8,x7	  x8:0x00000001  x7:0x00000001  x4=0x00000002
     156035.000 ns	     15602	80003214	6f24f293	andi	x5,x9,1778	  x9:0x00000000  x5=0x00000000
     156045.000 ns	     15603	80003218	4fc6fc13	andi	x24,x13,1276	 x13:0x00000040 x24=0x00000040
     156065.000 ns	     15605	8000321c	d00aa5d3	fcvt.s.w	f11,x21	 x21:0x8b5ee1fc f11=0xcee9423d
     156095.000 ns	     15608	80003220	033a67b3	rem	x15,x20,x19	 x20:0x00000001 x19:0x00000000 x15=0x00000001
     156115.000 ns	     15610	80003224	1c90f793	andi	x15,x1,457	  x1:0x00000001 x15=0x00000001
     156145.000 ns	     15613	80003228	19024e53	fdiv.s	f28,f4,f16	  f4:0xc6b50482 f16:0x80000000 f28=0x7f800000
     156185.000 ns	     15617	8000322c	1161bf53	fmul.s	f30,f3,f22	  f3:0x0000008d f22:0x7fc00000 f30=0x7fc00000
     156525.000 ns	     15651	80003230	18d7b1d3	fdiv.s	f3,f15,f13	 f15:0x46b50482 f13:0xbf7ffffc  f3=0xc6bb32c4
     156545.000 ns	     15653	80003234	003244b3	xor	x9,x4,x3	  x4:0x00000002  x3:0x0668dbe7  x9=0x0668dbe5
     156565.000 ns	     15655	80003238	a05412d3	flt.s	x5,f8,f5	  f8:0x3f7ffffc  f5:0xbfe703e7  x5=0x00000000
     156585.000 ns	     15657	8000323c	7e514093	xori	x1,x2,2021	  x2:0xf9972418  x1=0xf99723fd
     156595.000 ns	     15658	80003240	21864f93	xori	x31,x12,536	 x12:0x3f800000 x31=0x3f800218
     156615.000 ns	     15660	80003244	020c8ab3	mul	x21,x25,x0	 x25:0x00000000  x0:0x00000000 x21=0x00000000
     156645.000 ns	     15663	80003248	0200c433	div	x8,x1,x0	  x1:0xf99723fd  x0:0x00000000  x8=0xffffffff
     156665.000 ns	     15665	8000324c	00000013	addi	x0,x0,0	  x0:0x00000000
     156675.000 ns	     15666	80003250	01399d93	slli	x27,x19,0x13	 x19:0x00000000 x27=0x00000000
     156685.000 ns	     15667	80003254	01008ab3	add	x21,x1,x16	  x1:0xf99723fd x16:0x00000040 x21=0xf997243d
     156705.000 ns	     15669	80003258	02589933	mulh	x18,x17,x5	 x17:0xfffffce5  x5:0x00000000 x18=0x00000000
     156735.000 ns	     15672	8000325c	a0be9453	flt.s	x8,f29,f11	 f29:0x3f800000 f11:0xcee9423d  x8=0x00000000
     156765.000 ns	     15675	80003260	03361bb3	mulh	x23,x12,x19	 x12:0x3f800000 x19:0x00000000 x23=0x00000000
     156785.000 ns	     15677	80003264	482f2f13	slti	x30,x30,1154	 x30:0x80041064 x30=0x00000001
     156805.000 ns	     15679	80003268	020ef733	remu	x14,x29,x0	 x29:0x80041065  x0:0x00000000 x14=0x80041065
     156825.000 ns	     15681	8000326c	c00c0313	addi	x6,x24,-1024	 x24:0x00000040  x6=0xfffffc40
     156845.000 ns	     15683	80003270	02c5a933	mulhsu	x18,x11,x12	 x11:0x80041024 x12:0x3f800000 x18=0xe0410200
     156865.000 ns	     15685	80003274	0159a733	slt	x14,x19,x21	 x19:0x00000000 x21:0xf997243d x14=0x00000000
     156875.000 ns	     15686	80003278	01c9ca33	xor	x20,x19,x28	 x19:0x00000000 x28:0x80040fe4 x20=0x80040fe4
     156905.000 ns	     15689	8000327c	58037dd3	fsqrt.s	f27,f6	  f6:0x00000000 f27=0x00000000
     156935.000 ns	     15692	80003280	024927b3	mulhsu	x15,x18,x4	 x18:0xe0410200  x4:0x00000002 x15=0xffffffff
     156965.000 ns	     15695	80003284	03798f33	mul	x30,x19,x23	 x19:0x00000000 x23:0x00000000 x30=0x00000000
     156985.000 ns	     15697	80003288	843f6c93	ori	x25,x30,-1981	 x30:0x00000001 x25=0xfffff843
     156995.000 ns	     15698	8000328c	44ffe993	ori	x19,x31,1103	 x31:0x3f800218 x19=0x3f80065f
     157005.000 ns	     15699	80003290	0182d333	srl	x6,x5,x24	  x5:0x00000000 x24:0x00000040  x6=0x00000000
     157015.000 ns	     15700	80003294	c412af37	lui	x30,0xc412a	 x30=0xc412a000
     157035.000 ns	     15702	80003298	c01d3f53	fcvt.wu.s	x30,f26	 f26:0x7fc00000 x30=0xffffffff
     157065.000 ns	     15705	8000329c	20cd0c53	fsgnj.s	f24,f26,f12	 f26:0x7fc00000 f12:0x46b502e6 f24=0x7fc00000
     157085.000 ns	     15707	800032a0	0139d4b3	srl	x9,x19,x19	 x19:0x3f80065f x19:0x3f80065f  x9=0x00000000
     157095.000 ns	     15708	800032a4	01819213	slli	x4,x3,0x18	  x3:0x0668dbe7  x4=0xe7000000
     157105.000 ns	     15709	800032a8	01c91db3	sll	x27,x18,x28	 x18:0xe0410200 x28:0x80040fe4 x27=0x04102000
     157125.000 ns	     15711	800032ac	f00282d3	fmv.w.x	f5,x5	  x5:0x00000000  f5=0x00000000
     157145.000 ns	     15713	800032b0	40fa5033	sra	x0,x20,x15	 x20:0x80040fe4 x15:0xffffffff
     157165.000 ns	     15715	800032b4	035339b3	mulhu	x19,x6,x21	  x6:0x00000000 x21:0xf997243d x19=0x00000000
     157195.000 ns	     15718	800032b8	e0028253	fmv.x.w	x4,f5	  f5:0x00000000  x4=0x00000000
     157225.000 ns	     15721	800032bc	c00d73d3	fcvt.w.s	x7,f26	 f26:0x7fc00000  x7=0x7fffffff
     157245.000 ns	     15723	800032c0	9b2fa017	auipc	x0,0x9b2fa	
     157265.000 ns	     15725	800032c4	d00478d3	fcvt.s.w	f17,x8	  x8:0x00000000 f17=0x00000000
     157285.000 ns	     15727	800032c8	01a95f33	srl	x30,x18,x26	 x18:0xe0410200 x26:0xccc130d0 x30=0x0000e041
     157295.000 ns	     15728	800032cc	d2856537	lui	x10,0xd2856	 x10=0xd2856000
     157315.000 ns	     15730	800032d0	f0038553	fmv.w.x	f10,x7	  x7:0x7fffffff f10=0x7fffffff
     157335.000 ns	     15732	800032d4	01625393	srli	x7,x4,0x16	  x4:0x00000000  x7=0x00000000
     157355.000 ns	     15734	800032d8	a06099d3	flt.s	x19,f1,f6	  f1:0xcfffff38  f6:0x00000000 x19=0x00000001
     157385.000 ns	     15737	800032dc	c00d7053	fcvt.w.s	x0,f26	 f26:0x7fc00000
     157415.000 ns	     15740	800032e0	21f39053	fsgnjn.s	f0,f7,f31	  f7:0x00000000 f31:0x3f800000  f0=0x80000000
     157445.000 ns	     15743	800032e4	02715c33	divu	x24,x2,x7	  x2:0xf9972418  x7:0x00000000 x24=0xffffffff
     157815.000 ns	     15780	800032e8	0399d733	divu	x14,x19,x25	 x19:0x00000001 x25:0xfffff843 x14=0x00000000
     157835.000 ns	     15782	800032ec	40045913	srai	x18,x8,0x0	  x8:0x00000000 x18=0x00000000
     157855.000 ns	     15784	800032f0	c00e7fd3	fcvt.w.s	x31,f28	 f28:0x7f800000 x31=0x7fffffff
     157885.000 ns	     15787	800032f4	d016fdd3	fcvt.s.wu	f27,x13	 x13:0x00000040 f27=0x42800000
     157915.000 ns	     15790	800032f8	a106abd3	feq.s	x23,f13,f16	 f13:0xbf7ffffc f16:0x80000000 x23=0x00000000
     157935.000 ns	     15792	800032fc	0099d813	srli	x16,x19,0x9	 x19:0x00000001 x16=0x00000000
     157955.000 ns	     15794	80003300	d0127853	fcvt.s.wu	f16,x4	  x4:0x00000000 f16=0x00000000
     157985.000 ns	     15797	80003304	e0038ed3	fmv.x.w	x29,f7	  f7:0x00000000 x29=0x00000000
     158005.000 ns	     15799	80003308	ac20bd13	sltiu	x26,x1,-1342	  x1:0xf99723fd x26=0x00000001
     158015.000 ns	     15800	8000330c	000ad333	srl	x6,x21,x0	 x21:0xf997243d  x0:0x00000000  x6=0xf997243d
     158025.000 ns	     15801	80003310	00132c33	slt	x24,x6,x1	  x6:0x00000000  x1:0xf99723fd x24=0x00000000
     158045.000 ns	     15803	80003314	a0cd06d3	fle.s	x13,f26,f12	 f26:0x7fc00000 f12:0x46b502e6 x13=0x00000000
     158075.000 ns	     15806	80003318	21ca9353	fsgnjn.s	f6,f21,f28	 f21:0xcefff7e0 f28:0x7f800000  f6=0xcefff7e0
     158095.000 ns	     15808	8000331c	01785413	srli	x8,x16,0x17	 x16:0x00000000  x8=0x00000000
     158115.000 ns	     15810	80003320	d01e74d3	fcvt.s.wu	f9,x28	 x28:0x80040fe4  f9=0x4f00040f
     158145.000 ns	     15813	80003324	29841e53	fmax.s	f28,f8,f24	  f8:0x3f7ffffc f24:0x7fc00000 f28=0x3f7ffffc
     158175.000 ns	     15816	80003328	c01dbcd3	fcvt.wu.s	x25,f27	 f27:0x42800000 x25=0x00000040
     158545.000 ns	     15853	8000332c	02325833	divu	x16,x4,x3	  x4:0x00000000  x3:0x0668dbe7 x16=0x00000000
     158565.000 ns	     15855	80003330	54ddb793	sltiu	x15,x27,1357	 x27:0x04102000 x15=0x00000000
     158575.000 ns	     15856	80003334	00000013	addi	x0,x0,0	  x0:0x00000000
     158595.000 ns	     15858	80003338	03363d33	mulhu	x26,x12,x19	 x12:0x3f800000 x19:0x00000001 x26=0x00000000
     158615.000 ns	     15860	8000333c	01eae7b3	or	x15,x21,x30	 x21:0xf997243d x30:0x0000e041 x15=0xf997e47d
     158635.000 ns	     15862	80003340	c004fed3	fcvt.w.s	x29,f9	  f9:0x4f00040f x29=0x7fffffff
     158655.000 ns	     15864	80003344	4174dbb3	sra	x23,x9,x23	  x9:0x00000000 x23:0x00000000 x23=0x00000000
     158675.000 ns	     15866	80003348	2162a3d3	fsgnjx.s	f7,f5,f22	  f5:0x00000000 f22:0x7fc00000  f7=0x00000000
     158695.000 ns	     15868	8000334c	ccd7e613	ori	x12,x15,-819	 x15:0xf997e47d x12=0xfffffcfd
     158715.000 ns	     15870	80003350	a17d8853	fle.s	x16,f27,f23	 f27:0x42800000 f23:0x4f7ffffc x16=0x00000001
     158745.000 ns	     15873	80003354	2087ac53	fsgnjx.s	f24,f15,f8	 f15:0x46b50482  f8:0x3f7ffffc f24=0x46b50482
     158765.000 ns	     15875	80003358	160e2913	slti	x18,x28,352	 x28:0x80040fe4 x18=0x00000001
     158775.000 ns	     15876	8000335c	4f66ccb7	lui	x25,0x4f66c	 x25=0x4f66c000
     158785.000 ns	     15877	80003360	014fdc93	srli	x25,x31,0x14	 x31:0x7fffffff x25=0x000007ff
     159115.000 ns	     15910	80003364	18bbb7d3	fdiv.s	f15,f23,f11	 f23:0x4f7ffffc f11:0xcee9423d f15=0xbffffffc
     159485.000 ns	     15947	80003368	03194733	div	x14,x18,x17	 x18:0x00000001 x17:0xfffffce5 x14=0x00000000
     159505.000 ns	     15949	8000336c	015798b3	sll	x17,x15,x21	 x15:0xf997e47d x21:0xf997243d x17=0xa0000000
     159535.000 ns	     15952	80003370	106bf4d3	fmul.s	f9,f23,f6	 f23:0x4f7ffffc  f6:0xcefff7e0  f9=0xdefff7dc
     159585.000 ns	     15957	80003374	010d0f53	fadd.s	f30,f26,f16	 f26:0x7fc00000 f16:0x00000000 f30=0x7fc00000
     159605.000 ns	     15959	80003378	10a51e97	auipc	x29,0x10a51	 x29=0x90a54378
     159615.000 ns	     15960	8000337c	00000013	addi	x0,x0,0	  x0:0x00000000
     159975.000 ns	     15996	80003380	026f4f33	div	x30,x30,x6	 x30:0x0000e041  x6:0xf997243d x30=0x00000000
     159995.000 ns	     15998	80003384	41e35c93	srai	x25,x6,0x1e	  x6:0xf997243d x25=0xffffffff
     160015.000 ns	     16000	80003388	03faa8b3	mulhsu	x17,x21,x31	 x21:0xf997243d x31:0x7fffffff x17=0xfccb921e
     160045.000 ns	     16003	8000338c	217d2353	fsgnjx.s	f6,f26,f23	 f26:0x7fc00000 f23:0x4f7ffffc  f6=0x7fc00000
     160065.000 ns	     16005	80003390	01c108b3	add	x17,x2,x28	  x2:0xf9972418 x28:0x80040fe4 x17=0x799b33fc
     160095.000 ns	     16008	80003394	19a7c7d3	fdiv.s	f15,f15,f26	 f15:0xbffffffc f26:0x7fc00000 f15=0x7fc00000
     160135.000 ns	     16012	80003398	115181d3	fmul.s	f3,f3,f21	  f3:0xc6bb32c4 f21:0xcefff7e0  f3=0x563b2cd3
     160505.000 ns	     16049	8000339c	03d3dc33	divu	x24,x7,x29	  x7:0x00000000 x29:0x90a54378 x24=0x00000000
     160525.000 ns	     16051	800033a0	01c69233	sll	x4,x13,x28	 x13:0x00000000 x28:0x80040fe4  x4=0x00000000
     160535.000 ns	     16052	800033a4	4156de93	srai	x29,x13,0x15	 x13:0x00000000 x29=0x00000000
     160545.000 ns	     16053	800033a8	ebabf193	andi	x3,x23,-326	 x23:0x00000000  x3=0x00000000
     160555.000 ns	     16054	800033ac	72f73e93	sltiu	x29,x14,1839	 x14:0x00000000 x29=0x00000001
     160575.000 ns	     16056	800033b0	025db933	mulhu	x18,x27,x5	 x27:0x04102000  x5:0x00000000 x18=0x00000000
     160605.000 ns	     16059	800033b4	d01b71d3	fcvt.s.wu	f3,x22	 x22:0x00000000  f3=0x00000000
     160625.000 ns	     16061	800033b8	00082933	slt	x18,x16,x0	 x16:0x00000001  x0:0x00000000 x18=0x00000000
     160645.000 ns	     16063	800033bc	f0030753	fmv.w.x	f14,x6	  x6:0xf997243d f14=0xf997243d
     160665.000 ns	     16065	800033c0	414c5d33	sra	x26,x24,x20	 x24:0x00000000 x20:0x80040fe4 x26=0x00000000
     160685.000 ns	     16067	800033c4	207e03d3	fsgnj.s	f7,f28,f7	 f28:0x3f7ffffc  f7:0x00000000  f7=0x3f7ffffc
     160715.000 ns	     16070	800033c8	21b6a3d3	fsgnjx.s	f7,f13,f27	 f13:0xbf7ffffc f27:0x42800000  f7=0xbf7ffffc
     161085.000 ns	     16107	800033cc	02297eb3	remu	x29,x18,x2	 x18:0x00000000  x2:0xf9972418 x29=0x00000000
     161105.000 ns	     16109	800033d0	00a2d093	srli	x1,x5,0xa	  x5:0x00000000  x1=0x00000000
     161465.000 ns	     16145	800033d4	03f5e9b3	rem	x19,x11,x31	 x11:0x80041024 x31:0x7fffffff x19=0x80041024
     161495.000 ns	     16148	800033d8	d0177f53	fcvt.s.wu	f30,x14	 x14:0x00000000 f30=0x00000000
     161525.000 ns	     16151	800033dc	20ac07d3	fsgnj.s	f15,f24,f10	 f24:0x46b50482 f10:0x7fffffff f15=0x46b50482
     161555.000 ns	     16154	800033e0	28c19853	fmax.s	f16,f3,f12	  f3:0x00000000 f12:0x46b502e6 f16=0x46b502e6
     161585.000 ns	     16157	800033e4	025b0ab3	mul	x21,x22,x5	 x22:0x00000000  x5:0x00000000 x21=0x00000000
     161615.000 ns	     16160	800033e8	a138a853	feq.s	x16,f17,f19	 f17:0x00000000 f19:0xbfe703e7 x16=0x00000000
     161655.000 ns	     16164	800033ec	10069cd3	fmul.s	f25,f13,f0	 f13:0xbf7ffffc  f0:0x80000000 f25=0x00000000
     161685.000 ns	     16167	800033f0	d0167353	fcvt.s.wu	f6,x12	 x12:0xfffffcfd  f6=0x4f7ffffc
     161705.000 ns	     16169	800033f4	a1daf913	andi	x18,x21,-1507	 x21:0x00000000 x18=0x00000000
     161745.000 ns	     16173	800033f8	0076fc53	fadd.s	f24,f13,f7	 f13:0xbf7ffffc  f7:0xbf7ffffc f24=0xbffffffc
     161775.000 ns	     16176	800033fc	037c38b3	mulhu	x17,x24,x23	 x24:0x00000000 x23:0x00000000 x17=0x00000000
     161805.000 ns	     16179	80003400	03598033	mul	x0,x19,x21	 x19:0x80041024 x21:0x00000000
     161855.000 ns	     16184	80003404	00652253	fadd.s	f4,f10,f6	 f10:0x7fffffff  f6:0x4f7ffffc  f4=0x7fc00000
     161885.000 ns	     16187	80003408	03e25ab3	divu	x21,x4,x30	  x4:0x00000000 x30:0x00000000 x21=0xffffffff
     161935.000 ns	     16192	8000340c	00543d53	fadd.s	f26,f8,f5	  f8:0x3f7ffffc  f5:0x00000000 f26=0x3f7ffffc
     161965.000 ns	     16195	80003410	a0d601d3	fle.s	x3,f12,f13	 f12:0x46b502e6 f13:0xbf7ffffc  x3=0x00000000
     161985.000 ns	     16197	80003414	00000013	addi	x0,x0,0	  x0:0x00000000
     162005.000 ns	     16199	80003418	03fa2d33	mulhsu	x26,x20,x31	 x20:0x80040fe4 x31:0x7fffffff x26=0xc00207f2
     162025.000 ns	     16201	8000341c	18deb213	sltiu	x4,x29,397	 x29:0x00000000  x4=0x00000001
     162035.000 ns	     16202	80003420	a3120d13	addi	x26,x4,-1487	  x4:0x00000000 x26=0xfffffa32
     162045.000 ns	     16203	80003424	414288b3	sub	x17,x5,x20	  x5:0x00000000 x20:0x80040fe4 x17=0x7ffbf01c
     162055.000 ns	     16204	80003428	001d9093	slli	x1,x27,0x1	 x27:0x04102000  x1=0x08204000
     162075.000 ns	     16206	8000342c	02d9b733	mulhu	x14,x19,x13	 x19:0x80041024 x13:0x00000000 x14=0x00000000
     162095.000 ns	     16208	80003430	01cf2633	slt	x12,x30,x28	 x30:0x00000000 x28:0x80040fe4 x12=0x00000000
     162105.000 ns	     16209	80003434	00000013	addi	x0,x0,0	  x0:0x00000000
     162115.000 ns	     16210	80003438	002a5f93	srli	x31,x20,0x2	 x20:0x80040fe4 x31=0x200103f9
     162475.000 ns	     16246	8000343c	02f87fb3	remu	x31,x16,x15	 x16:0x00000000 x15:0xf997e47d x31=0x00000000
     162495.000 ns	     16248	80003440	00a93b33	sltu	x22,x18,x10	 x18:0x00000000 x10:0xd2856000 x22=0x00000001
     162515.000 ns	     16250	80003444	035724b3	mulhsu	x9,x14,x21	 x14:0x00000000 x21:0xffffffff  x9=0x00000000
     162555.000 ns	     16254	80003448	1023fad3	fmul.s	f21,f7,f2	  f7:0xbf7ffffc  f2:0x80000000 f21=0x00000000
     162585.000 ns	     16257	8000344c	034514b3	mulh	x9,x10,x20	 x10:0xd2856000 x20:0x80040fe4  x9=0x16bc9742
     163765.000 ns	     16375	80003450	580e93d3	fsqrt.s	f7,f29	 f29:0x3f800000  f7=0x3f7fffae
     163795.000 ns	     16378	80003454	21851653	fsgnjn.s	f12,f10,f24	 f10:0x7fffffff f24:0xbffffffc f12=0x7fffffff
     164165.000 ns	     16415	80003458	026661b3	rem	x3,x12,x6	 x12:0x00000000  x6:0xf997243d  x3=0x00000000
     164185.000 ns	     16417	8000345c	00000013	addi	x0,x0,0	  x0:0x00000000
     164195.000 ns	     16418	80003460	41948333	sub	x6,x9,x25	  x9:0x16bc9742 x25:0xffffffff  x6=0x16bc9743
     164205.000 ns	     16419	80003464	019e62b3	or	x5,x28,x25	 x28:0x80040fe4 x25:0xffffffff  x5=0xffffffff
     164215.000 ns	     16420	80003468	01e9ccb3	xor	x25,x19,x30	 x19:0x80041024 x30:0x00000000 x25=0x80041024
     164225.000 ns	     16421	8000346c	b3e37713	andi	x14,x6,-1218	  x6:0x16bc9743 x14=0x16bc9302
     164245.000 ns	     16423	80003470	e0059a53	fclass.s	x20,f11	 f11:0xcee9423d x20=0x00000002
     164275.000 ns	     16426	80003474	02e70db3	mul	x27,x14,x14	 x14:0x00000000 x14:0x00000000 x27=0x975b4c04
     164305.000 ns	     16429	80003478	20f62853	fsgnjx.s	f16,f12,f15	 f12:0x7fffffff f15:0x46b50482 f16=0x7fffffff
     164675.000 ns	     16466	8000347c	03b9d433	divu	x8,x19,x27	 x19:0x80041024 x27:0x975b4c04  x8=0x00000000
     164705.000 ns	     16469	80003480	02067233	remu	x4,x12,x0	 x12:0x00000000  x0:0x00000000  x4=0x00000000
     164735.000 ns	     16472	80003484	c01c7853	fcvt.wu.s	x16,f24	 f24:0xbffffffc x16=0x00000001
     164765.000 ns	     16475	80003488	28ed8553	fmin.s	f10,f27,f14	 f27:0x42800000 f14:0xf997243d f10=0xf997243d
     164795.000 ns	     16478	8000348c	a01b0953	fle.s	x18,f22,f1	 f22:0x7fc00000  f1:0xcfffff38 x18=0x00000000
     164815.000 ns	     16480	80003490	f1f2c293	xori	x5,x5,-225	  x5:0xffffffff  x5=0x000000e0
     164855.000 ns	     16484	80003494	007f7753	fadd.s	f14,f30,f7	 f30:0x00000000  f7:0x3f7fffae f14=0x3f7fffae
     164875.000 ns	     16486	80003498	419b0433	sub	x8,x22,x25	 x22:0x00000001 x25:0x80041024  x8=0x7ffbefdd
     164885.000 ns	     16487	8000349c	01c3b033	sltu	x0,x7,x28	  x7:0x00000000 x28:0x80040fe4
     164895.000 ns	     16488	800034a0	418c8fb3	sub	x31,x25,x24	 x25:0x80041024 x24:0x00000000 x31=0x80041024
     164905.000 ns	     16489	800034a4	01bd9b13	slli	x22,x27,0x1b	 x27:0x975b4c04 x22=0x20000000
     164915.000 ns	     16490	800034a8	41395d13	srai	x26,x18,0x13	 x18:0x00000000 x26=0x00000000
     164925.000 ns	     16491	800034ac	01f3d313	srli	x6,x7,0x1f	  x7:0x00000000  x6=0x00000000
     164935.000 ns	     16492	800034b0	01650ab3	add	x21,x10,x22	 x10:0xd2856000 x22:0x20000000 x21=0xf2856000
     164955.000 ns	     16494	800034b4	e00c0f53	fmv.x.w	x30,f24	 f24:0xbffffffc x30=0xbffffffc
     164985.000 ns	     16497	800034b8	21479153	fsgnjn.s	f2,f15,f20	 f15:0x46b50482 f20:0xcefff7e4  f2=0x46b50482
     165025.000 ns	     16501	800034bc	190cfed3	fdiv.s	f29,f25,f16	 f25:0x00000000 f16:0x7fffffff f29=0x7fc00000
     165045.000 ns	     16503	800034c0	38f22613	slti	x12,x4,911	  x4:0x00000000 x12=0x00000001
     165055.000 ns	     16504	800034c4	0029dbb3	srl	x23,x19,x2	 x19:0x80041024  x2:0xf9972418 x23=0x00000080
     165075.000 ns	     16506	800034c8	28e68553	fmin.s	f10,f13,f14	 f13:0xbf7ffffc f14:0x3f7fffae f10=0xbf7ffffc
     165105.000 ns	     16509	800034cc	e00194d3	fclass.s	x9,f3	  f3:0x00000000  x9=0x00000010
     165145.000 ns	     16513	800034d0	1102ff53	fmul.s	f30,f5,f16	  f5:0x00000000 f16:0x7fffffff f30=0x7fc00000
     165175.000 ns	     16516	800034d4	289f8cd3	fmin.s	f25,f31,f9	 f31:0x3f800000  f9:0xdefff7dc f25=0xdefff7dc
     165195.000 ns	     16518	800034d8	00981733	sll	x14,x16,x9	 x16:0x00000001  x9:0x00000010 x14=0x00010000
     165215.000 ns	     16520	800034dc	d01b75d3	fcvt.s.wu	f11,x22	 x22:0x20000000 f11=0x4e000000
     165235.000 ns	     16522	800034e0	008717b3	sll	x15,x14,x8	 x14:0x16bc9302  x8:0x7ffbefdd x15=0x00000000
     165245.000 ns	     16523	800034e4	011f8933	add	x18,x31,x17	 x31:0x80041024 x17:0x7ffbf01c x18=0x00000040
     165265.000 ns	     16525	800034e8	a0908053	fle.s	x0,f1,f9	  f1:0xcfffff38  f9:0xdefff7dc
     165285.000 ns	     16527	800034ec	00589513	slli	x10,x17,0x5	 x17:0x7ffbf01c x10=0xff7e0380
     165295.000 ns	     16528	800034f0	39c30393	addi	x7,x6,924	  x6:0x00000000  x7=0x0000039c
     165305.000 ns	     16529	800034f4	0f6dc313	xori	x6,x27,246	 x27:0x975b4c04  x6=0x975b4cf2
     165325.000 ns	     16531	800034f8	e0018f53	fmv.x.w	x30,f3	  f3:0x00000000 x30=0x00000000
     165355.000 ns	     16534	800034fc	20601253	fsgnjn.s	f4,f0,f6	  f0:0x80000000  f6:0x4f7ffffc  f4=0x80000000
     165385.000 ns	     16537	80003500	c015a1d3	fcvt.wu.s	x3,f11	 f11:0x4e000000  x3=0x20000000
     165405.000 ns	     16539	80003504	01dfcfb3	xor	x31,x31,x29	 x31:0x80041024 x29:0x00000000 x31=0x80041024
     165425.000 ns	     16541	80003508	03af5d33	divu	x26,x30,x26	 x30:0x00000000 x26:0x00000000 x26=0xffffffff
     165445.000 ns	     16543	8000350c	01848a33	add	x20,x9,x24	  x9:0x00000010 x24:0x00000000 x20=0x00000010
     165465.000 ns	     16545	80003510	21d514d3	fsgnjn.s	f9,f10,f29	 f10:0xbf7ffffc f29:0x7fc00000  f9=0xbf7ffffc
     165495.000 ns	     16548	80003514	21fc0d53	fsgnj.s	f26,f24,f31	 f24:0xbffffffc f31:0x3f800000 f26=0x3ffffffc
     165525.000 ns	     16551	80003518	02ac1033	mulh	x0,x24,x10	 x24:0x00000000 x10:0xff7e0380
     165555.000 ns	     16554	8000351c	d01940d3	fcvt.s.wu	f1,x18	 x18:0x00000040  f1=0x42800000
     165585.000 ns	     16557	80003520	02153033	mulhu	x0,x10,x1	 x10:0xff7e0380  x1:0x08204000
     165605.000 ns	     16559	80003524	1ce71f17	auipc	x30,0x1ce71	 x30=0x9ce74524
     165625.000 ns	     16561	80003528	a1412953	feq.s	x18,f2,f20	  f2:0x46b50482 f20:0xcefff7e4 x18=0x00000000
     165995.000 ns	     16598	8000352c	02c0d933	divu	x18,x1,x12	  x1:0x08204000 x12:0x00000001 x18=0x08204000
     166025.000 ns	     16601	80003530	02982fb3	mulhsu	x31,x16,x9	 x16:0x00000001  x9:0x00000010 x31=0x00000000
     166365.000 ns	     16635	80003534	194170d3	fdiv.s	f1,f2,f20	  f2:0x46b50482 f20:0xcefff7e4  f1=0xb7350482
     166415.000 ns	     16640	80003538	001c8553	fadd.s	f10,f25,f1	 f25:0xdefff7dc  f1:0x42800000 f10=0xdefff7dc
     166435.000 ns	     16642	8000353c	00952233	slt	x4,x10,x9	 x10:0xff7e0380  x9:0x00000010  x4=0x00000001
     166455.000 ns	     16644	80003540	a1659d53	flt.s	x26,f11,f22	 f11:0x4e000000 f22:0x7fc00000 x26=0x00000000
     166475.000 ns	     16646	80003544	012d03b3	add	x7,x26,x18	 x26:0xffffffff x18:0x08204000  x7=0x08204000
     166485.000 ns	     16647	80003548	0052f2b3	and	x5,x5,x5	  x5:0x000000e0  x5:0x000000e0  x5=0x000000e0
     166495.000 ns	     16648	8000354c	aa817713	andi	x14,x2,-1368	  x2:0xf9972418 x14=0xf9972008
     166515.000 ns	     16650	80003550	21d695d3	fsgnjn.s	f11,f13,f29	 f13:0xbf7ffffc f29:0x7fc00000 f11=0xbf7ffffc
     166545.000 ns	     16653	80003554	e0081b53	fclass.s	x22,f16	 f16:0x7fffffff x22=0x00000200
     166585.000 ns	     16657	80003558	580c8953	fsqrt.s	f18,f25	 f25:0xdefff7dc f18=0x7fc00000
     166605.000 ns	     16659	8000355c	01f5c633	xor	x12,x11,x31	 x11:0x80041024 x31:0x00000000 x12=0x80041024
     166625.000 ns	     16661	80003560	20d28653	fsgnj.s	f12,f5,f13	  f5:0x00000000 f13:0xbf7ffffc f12=0x80000000
     166655.000 ns	     16664	80003564	298611d3	fmax.s	f3,f12,f24	 f12:0x7fffffff f24:0xbffffffc  f3=0x80000000
     166675.000 ns	     16666	80003568	96618793	addi	x15,x3,-1690	  x3:0x20000000 x15=0x1ffff966
     166685.000 ns	     16667	8000356c	d54e8213	addi	x4,x29,-684	 x29:0x00000000  x4=0xfffffd54
     166705.000 ns	     16669	80003570	282801d3	fmin.s	f3,f16,f2	 f16:0x7fffffff  f2:0x46b50482  f3=0x46b50482
     166725.000 ns	     16671	80003574	018c9293	slli	x5,x25,0x18	 x25:0x80041024  x5=0x24000000
     166745.000 ns	     16673	80003578	d01c2ad3	fcvt.s.wu	f21,x24	 x24:0x00000000 f21=0x00000000
     166775.000 ns	     16676	8000357c	022b3c33	mulhu	x24,x22,x2	 x22:0x00000200  x2:0xf9972418 x24=0x000001f3
     166795.000 ns	     16678	80003580	40e95313	srai	x6,x18,0xe	 x18:0x08204000  x6=0x00002081
     166825.000 ns	     16681	80003584	11b3fad3	fmul.s	f21,f7,f27	  f7:0x3f7fffae f27:0x42800000 f21=0x427fffae
     166855.000 ns	     16684	80003588	290919d3	fmax.s	f19,f18,f16	 f18:0x7fc00000 f16:0x7fffffff f19=0x7fc00000
     166885.000 ns	     16687	8000358c	c0047ad3	fcvt.w.s	x21,f8	  f8:0x3f7ffffc x21=0x00000000
     166905.000 ns	     16689	80003590	01f5ab33	slt	x22,x11,x31	 x11:0x80041024 x31:0x00000000 x22=0x00000001
     166915.000 ns	     16690	80003594	2a60f993	andi	x19,x1,678	  x1:0x08204000 x19=0x00000000
     166935.000 ns	     16692	80003598	a01ea953	feq.s	x18,f29,f1	 f29:0x7fc00000  f1:0xb7350482 x18=0x00000000
     166955.000 ns	     16694	8000359c	1bfe2c13	slti	x24,x28,447	 x28:0x80040fe4 x24=0x00000001
     166975.000 ns	     16696	800035a0	29eb9153	fmax.s	f2,f23,f30	 f23:0x4f7ffffc f30:0x7fc00000  f2=0x4f7ffffc
     167005.000 ns	     16699	800035a4	03169933	mulh	x18,x13,x17	 x13:0x00000000 x17:0x7ffbf01c x18=0x00000000
     167025.000 ns	     16701	800035a8	961e7f93	andi	x31,x28,-1695	 x28:0x80040fe4 x31=0x80040960
     168195.000 ns	     16818	800035ac	5801b153	fsqrt.s	f2,f3	  f3:0x46b50482  f2=0x431837af
     168565.000 ns	     16855	800035b0	02c8cd33	div	x26,x17,x12	 x17:0x7ffbf01c x12:0x80041024 x26=0xffffffff
     168585.000 ns	     16857	800035b4	0953f793	andi	x15,x7,149	  x7:0x08204000 x15=0x00000000
     168605.000 ns	     16859	800035b8	28e80453	fmin.s	f8,f16,f14	 f16:0x7fffffff f14:0x3f7fffae  f8=0x3f7fffae
     168635.000 ns	     16862	800035bc	a1e18053	fle.s	x0,f3,f30	  f3:0x46b50482 f30:0x7fc00000
     169005.000 ns	     16899	800035c0	0282fb33	remu	x22,x5,x8	  x5:0x24000000  x8:0x7ffbefdd x22=0x24000000
     169025.000 ns	     16901	800035c4	007f1713	slli	x14,x30,0x7	 x30:0x9ce74524 x14=0x73a29200
     169035.000 ns	     16902	800035c8	01daadb3	slt	x27,x21,x29	 x21:0x00000000 x29:0x00000000 x27=0x00000000
     169055.000 ns	     16904	800035cc	20f513d3	fsgnjn.s	f7,f10,f15	 f10:0xdefff7dc f15:0x46b50482  f7=0xdefff7dc
     169075.000 ns	     16906	800035d0	00000013	addi	x0,x0,0	  x0:0x00000000
     169085.000 ns	     16907	800035d4	07d13393	sltiu	x7,x2,125	  x2:0xf9972418  x7=0x00000000
     169095.000 ns	     16908	800035d8	414dd493	srai	x9,x27,0x14	 x27:0x00000000  x9=0x00000000
     169105.000 ns	     16909	800035dc	01b7b3b3	sltu	x7,x15,x27	 x15:0x00000000 x27:0x00000000  x7=0x00000000
     169465.000 ns	     16945	800035e0	036fc733	div	x14,x31,x22	 x31:0x80040960 x22:0x24000000 x14=0xfffffffd
     169485.000 ns	     16947	800035e4	40c35e93	srai	x29,x6,0xc	  x6:0x00002081 x29=0x00000002
     169525.000 ns	     16951	800035e8	010f1853	fadd.s	f16,f30,f16	 f30:0x7fc00000 f16:0x7fffffff f16=0x7fc00000
     169545.000 ns	     16953	800035ec	39e8c493	xori	x9,x17,926	 x17:0x7ffbf01c  x9=0x7ffbf382
     169565.000 ns	     16955	800035f0	e00614d3	fclass.s	x9,f12	 f12:0x80000000  x9=0x00000008
     169595.000 ns	     16958	800035f4	a1550953	fle.s	x18,f10,f21	 f10:0xdefff7dc f21:0x427fffae x18=0x00000001
     169625.000 ns	     16961	800035f8	c00977d3	fcvt.w.s	x15,f18	 f18:0x7fc00000 x15=0x7fffffff
     169645.000 ns	     16963	800035fc	3b6ac993	xori	x19,x21,950	 x21:0x00000000 x19=0x000003b6
     169665.000 ns	     16965	80003600	c0032dd3	fcvt.w.s	x27,f6	  f6:0x4f7ffffc x27=0x7fffffff
     169715.000 ns	     16970	80003604	0199f9d3	fadd.s	f19,f19,f25	 f19:0x7fc00000 f25:0xdefff7dc f19=0x7fc00000
     169735.000 ns	     16972	80003608	41a486b3	sub	x13,x9,x26	  x9:0x00000008 x26:0xffffffff x13=0x00000009
     169755.000 ns	     16974	8000360c	c0149c53	fcvt.wu.s	x24,f9	  f9:0xbf7ffffc x24=0x00000000
     169785.000 ns	     16977	80003610	20310dd3	fsgnj.s	f27,f2,f3	  f2:0x431837af  f3:0x46b50482 f27=0x431837af
     169805.000 ns	     16979	80003614	bc942893	slti	x17,x8,-1079	  x8:0x7ffbefdd x17=0x00000000
     169815.000 ns	     16980	80003618	009366b3	or	x13,x6,x9	  x6:0x00002081  x9:0x00000008 x13=0x00002089
     169825.000 ns	     16981	8000361c	01d8d613	srli	x12,x17,0x1d	 x17:0x7ffbf01c x12=0x00000000
     169845.000 ns	     16983	80003620	0216a4b3	mulhsu	x9,x13,x1	 x13:0x00000009  x1:0x08204000  x9=0x00000108
     169865.000 ns	     16985	80003624	015097b3	sll	x15,x1,x21	  x1:0x08204000 x21:0x00000000 x15=0x08204000
     169885.000 ns	     16987	80003628	c01bf8d3	fcvt.wu.s	x17,f23	 f23:0x4f7ffffc x17=0xfffffc00
     169915.000 ns	     16990	8000362c	022a2533	mulhsu	x10,x20,x2	 x20:0x00000010  x2:0xf9972418 x10=0x0000000f
     169945.000 ns	     16993	80003630	e0069d53	fclass.s	x26,f13	 f13:0xbf7ffffc x26=0x00000002
     169965.000 ns	     16995	80003634	404a5793	srai	x15,x20,0x4	 x20:0x00000010 x15=0x00000001
     169975.000 ns	     16996	80003638	40af01b3	sub	x3,x30,x10	 x30:0x9ce74524 x10:0x0000000f  x3=0x9ce74515
     169995.000 ns	     16998	8000363c	03b997b3	mulh	x15,x19,x27	 x19:0x000003b6 x27:0x7fffffff x15=0x000001da
     170015.000 ns	     17000	80003640	00dbb2b3	sltu	x5,x23,x13	 x23:0x00000080 x13:0x00002089  x5=0x00000001
     170035.000 ns	     17002	80003644	e00b89d3	fmv.x.w	x19,f23	 f23:0x4f7ffffc x19=0x4f7ffffc
     170065.000 ns	     17005	80003648	d0197f53	fcvt.s.wu	f30,x18	 x18:0x00000001 f30=0x3f800000
     170085.000 ns	     17007	8000364c	e8752993	slti	x19,x10,-377	 x10:0x0000000f x19=0x00000000
     170095.000 ns	     17008	80003650	41ff5293	srai	x5,x30,0x1f	 x30:0x9ce74524  x5=0xffffffff
     170105.000 ns	     17009	80003654	343b6213	ori	x4,x22,835	 x22:0x24000000  x4=0x24000343
     170465.000 ns	     17045	80003658	0292d3b3	divu	x7,x5,x9	  x5:0x00000001  x9:0x00000108  x7=0x00f83e0f
     170485.000 ns	     17047	8000365c	008139b3	sltu	x19,x2,x8	  x2:0xf9972418  x8:0x7ffbefdd x19=0x00000000
     170505.000 ns	     17049	80003660	c0163553	fcvt.wu.s	x10,f12	 f12:0x80000000 x10=0x00000000
     170535.000 ns	     17052	80003664	039c1333	mulh	x6,x24,x25	 x24:0x00000000 x25:0x80041024  x6=0x00000000
     170555.000 ns	     17054	80003668	0029ff33	and	x30,x19,x2	 x19:0x00000000  x2:0xf9972418 x30=0x00000000
     170565.000 ns	     17055	8000366c	01135833	srl	x16,x6,x17	  x6:0x00000000 x17:0xfffffc00 x16=0x00000000
     170575.000 ns	     17056	80003670	2d853c93	sltiu	x25,x10,728	 x10:0x00000000 x25=0x00000001
     170595.000 ns	     17058	80003674	c00f26d3	fcvt.w.s	x13,f30	 f30:0x3f800000 x13=0x00000001
     170615.000 ns	     17060	80003678	00263d33	sltu	x26,x12,x2	 x12:0x00000000  x2:0xf9972418 x26=0x00000001
     170625.000 ns	     17061	8000367c	308cf013	andi	x0,x25,776	 x25:0x00000001
     170635.000 ns	     17062	80003680	017dad33	slt	x26,x27,x23	 x27:0x7fffffff x23:0x00000080 x26=0x00000000
     170645.000 ns	     17063	80003684	01d1b933	sltu	x18,x3,x29	  x3:0x9ce74515 x29:0x00000002 x18=0x00000000
     170665.000 ns	     17065	80003688	d01ffb53	fcvt.s.wu	f22,x31	 x31:0x80040960 f22=0x4f000409
     170705.000 ns	     17069	8000368c	11daf9d3	fmul.s	f19,f21,f29	 f21:0x427fffae f29:0x7fc00000 f19=0x7fc00000
     170735.000 ns	     17072	80003690	a0552ed3	feq.s	x29,f10,f5	 f10:0xdefff7dc  f5:0x00000000 x29=0x00000000
     170755.000 ns	     17074	80003694	0086bf33	sltu	x30,x13,x8	 x13:0x00000001  x8:0x7ffbefdd x30=0x00000001
     170775.000 ns	     17076	80003698	f00d0bd3	fmv.w.x	f23,x26	 x26:0x00000000 f23=0x00000000
     170805.000 ns	     17079	8000369c	f00784d3	fmv.w.x	f9,x15	 x15:0x000001da  f9=0x000001da
     170825.000 ns	     17081	800036a0	9a110193	addi	x3,x2,-1631	  x2:0xf9972418  x3=0xf9971db9
     170835.000 ns	     17082	800036a4	ab784f93	xori	x31,x16,-1353	 x16:0x00000000 x31=0xfffffab7
     170845.000 ns	     17083	800036a8	404dd9b3	sra	x19,x27,x4	 x27:0x7fffffff  x4:0x24000343 x19=0x0fffffff
     170865.000 ns	     17085	800036ac	d011ff53	fcvt.s.wu	f30,x3	  x3:0xf9971db9 f30=0x4f79971d
     170885.000 ns	     17087	800036b0	010eefb3	or	x31,x29,x16	 x29:0x00000000 x16:0x00000000 x31=0x00000000
     170905.000 ns	     17089	800036b4	28581253	fmax.s	f4,f16,f5	 f16:0x7fc00000  f5:0x00000000  f4=0x00000000
     170935.000 ns	     17092	800036b8	e00e0653	fmv.x.w	x12,f28	 f28:0x3f7ffffc x12=0x3f7ffffc
     170955.000 ns	     17094	800036bc	00f25393	srli	x7,x4,0xf	  x4:0x24000343  x7=0x00004800
     170975.000 ns	     17096	800036c0	a1d92d53	feq.s	x26,f18,f29	 f18:0x7fc00000 f29:0x7fc00000 x26=0x00000000
     170995.000 ns	     17098	800036c4	002e7eb3	and	x29,x28,x2	 x28:0x80040fe4  x2:0xf9972418 x29=0x80040400
     171005.000 ns	     17099	800036c8	015e5c13	srli	x24,x28,0x15	 x28:0x80040fe4 x24=0x00000400
     171025.000 ns	     17101	800036cc	a0c08553	fle.s	x10,f1,f12	  f1:0xb7350482 f12:0x80000000 x10=0x00000001
     171045.000 ns	     17103	800036d0	017c1ab3	sll	x21,x24,x23	 x24:0x00000000 x23:0x00000080 x21=0x00000400
     171055.000 ns	     17104	800036d4	ca3b4d17	auipc	x26,0xca3b4	 x26=0x4a3b76d4
     171065.000 ns	     17105	800036d8	41b1dfb3	sra	x31,x3,x27	  x3:0xf9971db9 x27:0x7fffffff x31=0xffffffff
     171105.000 ns	     17109	800036dc	082125d3	fsub.s	f11,f2,f2	  f2:0x431837af  f2:0x431837af f11=0x80000000
     171135.000 ns	     17112	800036e0	e0049c53	fclass.s	x24,f9	  f9:0x000001da x24=0x00000020
     171155.000 ns	     17114	800036e4	c97a44b7	lui	x9,0xc97a4	  x9=0xc97a4000
     171175.000 ns	     17116	800036e8	03060fb3	mul	x31,x12,x16	 x12:0x3f7ffffc x16:0x00000000 x31=0x00000000
     171205.000 ns	     17119	800036ec	d00721d3	fcvt.s.w	f3,x14	 x14:0xfffffffd  f3=0xc0400000
     171235.000 ns	     17122	800036f0	02529bb3	mulh	x23,x5,x5	  x5:0xffffffff  x5:0xffffffff x23=0x00000000
     171255.000 ns	     17124	800036f4	05fb0217	auipc	x4,0x5fb0	  x4=0x85fb36f4
     171265.000 ns	     17125	800036f8	0004de93	srli	x29,x9,0x0	  x9:0xc97a4000 x29=0xc97a4000
     171275.000 ns	     17126	800036fc	98cfa393	slti	x7,x31,-1652	 x31:0x00000000  x7=0x00000000
     171295.000 ns	     17128	80003700	d0147353	fcvt.s.wu	f6,x8	  x8:0x7ffbefdd  f6=0x4efff7df
     171315.000 ns	     17130	80003704	01a7f033	and	x0,x15,x26	 x15:0x000001da x26:0x4a3b76d4
     171325.000 ns	     17131	80003708	ed61f413	andi	x8,x3,-298	  x3:0xf9971db9  x8=0xf9971c90
     171345.000 ns	     17133	8000370c	02f3bfb3	mulhu	x31,x7,x15	  x7:0x00000000 x15:0x000001da x31=0x00000000
     171375.000 ns	     17136	80003710	c00cbdd3	fcvt.w.s	x27,f25	 f25:0xdefff7dc x27=0x80000000
     171395.000 ns	     17138	80003714	00161433	sll	x8,x12,x1	 x12:0x3f7ffffc  x1:0x08204000  x8=0x3f7ffffc
     171405.000 ns	     17139	80003718	016bba33	sltu	x20,x23,x22	 x23:0x00000000 x22:0x24000000 x20=0x00000001
     171415.000 ns	     17140	8000371c	01775193	srli	x3,x14,0x17	 x14:0xfffffffd  x3=0x000001ff
     171435.000 ns	     17142	80003720	0276d433	divu	x8,x13,x7	 x13:0x00000001  x7:0x00000000  x8=0xffffffff
     171455.000 ns	     17144	80003724	00c40cb3	add	x25,x8,x12	  x8:0x3f7ffffc x12:0x3f7ffffc x25=0x3f7ffffb
     171465.000 ns	     17145	80003728	f6b74b13	xori	x22,x14,-149	 x14:0xfffffffd x22=0x00000096
     171475.000 ns	     17146	8000372c	a7a27093	andi	x1,x4,-1414	  x4:0x85fb36f4  x1=0x85fb3270
     171495.000 ns	     17148	80003730	21aa88d3	fsgnj.s	f17,f21,f26	 f21:0x427fffae f26:0x3ffffffc f17=0x427fffae
     171525.000 ns	     17151	80003734	29e39f53	fmax.s	f30,f7,f30	  f7:0xdefff7dc f30:0x4f79971d f30=0x4f79971d
     171545.000 ns	     17153	80003738	01b222b3	slt	x5,x4,x27	  x4:0x85fb36f4 x27:0x80000000  x5=0x00000000
     171555.000 ns	     17154	8000373c	7bd0e713	ori	x14,x1,1981	  x1:0x85fb3270 x14=0x85fb37fd
     171575.000 ns	     17156	80003740	02b3b733	mulhu	x14,x7,x11	  x7:0x00000000 x11:0x80041024 x14=0x00000000
     171595.000 ns	     17158	80003744	007157b3	srl	x15,x2,x7	  x2:0xf9972418  x7:0x00000000 x15=0xf9972418
     171615.000 ns	     17160	80003748	a1fe1c53	flt.s	x24,f28,f31	 f28:0x3f7ffffc f31:0x3f800000 x24=0x00000001
     171645.000 ns	     17163	8000374c	02312fb3	mulhsu	x31,x2,x3	  x2:0xf9972418  x3:0x000001ff x31=0xfffffff3
     171665.000 ns	     17165	80003750	dea98d13	addi	x26,x19,-534	 x19:0x0fffffff x26=0x0ffffde9
     171675.000 ns	     17166	80003754	01d19233	sll	x4,x3,x29	  x3:0x000001ff x29:0xc97a4000  x4=0x000001ff
     171685.000 ns	     17167	80003758	00903333	sltu	x6,x0,x9	  x0:0x00000000  x9:0xc97a4000  x6=0x00000001
     171705.000 ns	     17169	8000375c	f00c0553	fmv.w.x	f10,x24	 x24:0x00000001 f10=0x00000001
     171725.000 ns	     17171	80003760	0184ad33	slt	x26,x9,x24	  x9:0xc97a4000 x24:0x00000001 x26=0x00000001
     171745.000 ns	     17173	80003764	20d92c53	fsgnjx.s	f24,f18,f13	 f18:0x7fc00000 f13:0xbf7ffffc f24=0xffc00000
     171765.000 ns	     17175	80003768	402a8f33	sub	x30,x21,x2	 x21:0x00000400  x2:0xf9972418 x30=0x0668dfe8
     171775.000 ns	     17176	8000376c	003e50b3	srl	x1,x28,x3	 x28:0x80040fe4  x3:0x000001ff  x1=0x00000001
     171785.000 ns	     17177	80003770	eea6ab93	slti	x23,x13,-278	 x13:0x00000001 x23=0x00000000
     172145.000 ns	     17213	80003774	02feea33	rem	x20,x29,x15	 x29:0xc97a4000 x15:0xf9972418 x20=0xfcc11f40
     172165.000 ns	     17215	80003778	3e774513	xori	x10,x14,999	 x14:0x00000000 x10=0x000003e7
     172185.000 ns	     17217	8000377c	f0038653	fmv.w.x	f12,x7	  x7:0x00000000 f12=0x00000000
     172235.000 ns	     17222	80003780	010e0453	fadd.s	f8,f28,f16	 f28:0x3f7ffffc f16:0x7fc00000  f8=0x7fc00000
     172255.000 ns	     17224	80003784	b242f193	andi	x3,x5,-1244	  x5:0x00000000  x3=0x00000000
     172265.000 ns	     17225	80003788	e370fd93	andi	x27,x1,-457	  x1:0x00000001 x27=0x00000001
     172275.000 ns	     17226	8000378c	4b25e997	auipc	x19,0x4b25e	 x19=0xcb26178c
     172285.000 ns	     17227	80003790	ae183413	sltiu	x8,x16,-1311	 x16:0x00000000  x8=0x00000001
     172295.000 ns	     17228	80003794	89783d93	sltiu	x27,x16,-1897	 x16:0x00000000 x27=0x00000001
     172305.000 ns	     17229	80003798	0ec40197	auipc	x3,0xec40	  x3=0x8ec43798
     172315.000 ns	     17230	8000379c	618fc393	xori	x7,x31,1560	 x31:0xfffffff3  x7=0xfffff9eb
     172335.000 ns	     17232	800037a0	212ea9d3	fsgnjx.s	f19,f29,f18	 f29:0x7fc00000 f18:0x7fc00000 f19=0x7fc00000
     172365.000 ns	     17235	800037a4	02389ab3	mulh	x21,x17,x3	 x17:0xfffffc00  x3:0x8ec43798 x21=0x000001c4
     172385.000 ns	     17237	800037a8	01a32eb3	slt	x29,x6,x26	  x6:0x00000001 x26:0x00000001 x29=0x00000000
     172405.000 ns	     17239	800037ac	02ee3ab3	mulhu	x21,x28,x14	 x28:0x80040fe4 x14:0x00000000 x21=0x00000000
     172435.000 ns	     17242	800037b0	c019f653	fcvt.wu.s	x12,f19	 f19:0x7fc00000 x12=0xffffffff
     172465.000 ns	     17245	800037b4	29810653	fmin.s	f12,f2,f24	  f2:0x431837af f24:0xffc00000 f12=0x431837af
     172495.000 ns	     17248	800037b8	29da1bd3	fmax.s	f23,f20,f29	 f20:0xcefff7e4 f29:0x7fc00000 f23=0xcefff7e4
     172515.000 ns	     17250	800037bc	4e874d13	xori	x26,x14,1256	 x14:0x00000000 x26=0x000004e8
     172525.000 ns	     17251	800037c0	405b0ab3	sub	x21,x22,x5	 x22:0x00000096  x5:0x00000000 x21=0x00000096
     172545.000 ns	     17253	800037c4	286b9853	fmax.s	f16,f23,f6	 f23:0xcefff7e4  f6:0x4efff7df f16=0x4efff7df
     172915.000 ns	     17290	800037c8	0399d6b3	divu	x13,x19,x25	 x19:0xcb26178c x25:0x3f7ffffb x13=0x00000003
     172955.000 ns	     17294	800037cc	18c2fa53	fdiv.s	f20,f5,f12	  f5:0x00000000 f12:0x431837af f20=0x00000000
     172975.000 ns	     17296	800037d0	014ad633	srl	x12,x21,x20	 x21:0x00000096 x20:0xfcc11f40 x12=0x00000096
     172985.000 ns	     17297	800037d4	0027a533	slt	x10,x15,x2	 x15:0xf9972418  x2:0xf9972418 x10=0x00000000
     172995.000 ns	     17298	800037d8	00000013	addi	x0,x0,0	  x0:0x00000000
     173015.000 ns	     17300	800037dc	20192853	fsgnjx.s	f16,f18,f1	 f18:0x7fc00000  f1:0xb7350482 f16=0xffc00000
     173035.000 ns	     17302	800037e0	01fc8833	add	x16,x25,x31	 x25:0x3f7ffffb x31:0xfffffff3 x16=0x3f7fffee
     173055.000 ns	     17304	800037e4	d01b3353	fcvt.s.wu	f6,x22	 x22:0x00000096  f6=0x43160000
     173095.000 ns	     17308	800037e8	115b2953	fmul.s	f18,f22,f21	 f22:0x4f000409 f21:0x427fffae f18=0x520003df
     173135.000 ns	     17312	800037ec	11509cd3	fmul.s	f25,f1,f21	  f1:0xb7350482 f21:0x427fffae f25=0xba350448
     173165.000 ns	     17315	800037f0	213d8053	fsgnj.s	f0,f27,f19	 f27:0x431837af f19:0x7fc00000  f0=0x431837af
     173195.000 ns	     17318	800037f4	28ef1553	fmax.s	f10,f30,f14	 f30:0x4f79971d f14:0x3f7fffae f10=0x4f79971d
     173215.000 ns	     17320	800037f8	4011d833	sra	x16,x3,x1	  x3:0x8ec43798  x1:0x00000001 x16=0xc7621bcc
     173225.000 ns	     17321	800037fc	01201533	sll	x10,x0,x18	  x0:0x00000000 x18:0x00000000 x10=0x00000000
     173235.000 ns	     17322	80003800	00fad433	srl	x8,x21,x15	 x21:0x00000096 x15:0xf9972418  x8=0x00000000
     173265.000 ns	     17325	80003804	10958453	fmul.s	f8,f11,f9	 f11:0x80000000  f9:0x000001da  f8=0x80000000
     173295.000 ns	     17328	80003808	a12f8753	fle.s	x14,f31,f18	 f31:0x3f800000 f18:0x520003df x14=0x00000001
     173635.000 ns	     17362	8000380c	1800a5d3	fdiv.s	f11,f1,f0	  f1:0xb7350482  f0:0x431837af f11=0xb3659caa
     173685.000 ns	     17367	80003810	09880e53	fsub.s	f28,f16,f24	 f16:0xffc00000 f24:0xffc00000 f28=0x7fc00000
     173715.000 ns	     17370	80003814	284b8953	fmin.s	f18,f23,f4	 f23:0xcefff7e4  f4:0x00000000 f18=0xcefff7e4
     173745.000 ns	     17373	80003818	20fe9d53	fsgnjn.s	f26,f29,f15	 f29:0x7fc00000 f15:0x46b50482 f26=0xffc00000
     173765.000 ns	     17375	8000381c	005fcfb3	xor	x31,x31,x5	 x31:0xfffffff3  x5:0x00000000 x31=0xfffffff3
     173785.000 ns	     17377	80003820	a01e2853	feq.s	x16,f28,f1	 f28:0x7fc00000  f1:0xb7350482 x16=0x00000000
     173815.000 ns	     17380	80003824	02df2b33	mulhsu	x22,x30,x13	 x30:0x0668dfe8 x13:0x00000003 x22=0x00000000
     173845.000 ns	     17383	80003828	e00302d3	fmv.x.w	x5,f6	  f6:0x43160000  x5=0x43160000
     173865.000 ns	     17385	8000382c	074581b7	lui	x3,0x7458	  x3=0x07458000
     174225.000 ns	     17421	80003830	0392e733	rem	x14,x5,x25	  x5:0x43160000 x25:0x3f7ffffb x14=0x03960005
     174265.000 ns	     17425	80003834	18ea7c53	fdiv.s	f24,f20,f14	 f20:0x00000000 f14:0x3f7fffae f24=0x00000000
     174305.000 ns	     17429	80003838	580478d3	fsqrt.s	f17,f8	  f8:0x80000000 f17=0x80000000
     174325.000 ns	     17431	8000383c	4158db93	srai	x23,x17,0x15	 x17:0xfffffc00 x23=0xffffffff
     174335.000 ns	     17432	80003840	00c04ab3	xor	x21,x0,x12	  x0:0x00000000 x12:0x00000096 x21=0x00000096
     174345.000 ns	     17433	80003844	f32ccb93	xori	x23,x25,-206	 x25:0x3f7ffffb x23=0xc08000c9
     174365.000 ns	     17435	80003848	020bbc33	mulhu	x24,x23,x0	 x23:0xffffffff  x0:0x00000000 x24=0x00000000
     174395.000 ns	     17438	8000384c	a0350053	fle.s	x0,f10,f3	 f10:0x4f79971d  f3:0xc0400000
     174415.000 ns	     17440	80003850	c14cc393	xori	x7,x25,-1004	 x25:0x3f7ffffb  x7=0xc08003ef
     174425.000 ns	     17441	80003854	00278cb3	add	x25,x15,x2	 x15:0xf9972418  x2:0xf9972418 x25=0xf32e4830
     174445.000 ns	     17443	80003858	20b6ab53	fsgnjx.s	f22,f13,f11	 f13:0xbf7ffffc f11:0xb3659caa f22=0x3f7ffffc
     174465.000 ns	     17445	8000385c	40ad5533	sra	x10,x26,x10	 x26:0x000004e8 x10:0x00000000 x10=0x000004e8
     174485.000 ns	     17447	80003860	a0cf9a53	flt.s	x20,f31,f12	 f31:0x3f800000 f12:0x431837af x20=0x00000001
     174515.000 ns	     17450	80003864	a05e1ad3	flt.s	x21,f28,f5	 f28:0x7fc00000  f5:0x00000000 x21=0x00000000
     174535.000 ns	     17452	80003868	d801b8b7	lui	x17,0xd801b	 x17=0xd801b000
     174555.000 ns	     17454	8000386c	03a61d33	mulh	x26,x12,x26	 x12:0x00000096 x26:0x000004e8 x26=0x00000000
     174585.000 ns	     17457	80003870	a0daad53	feq.s	x26,f21,f13	 f21:0x427fffae f13:0xbf7ffffc x26=0x00000000
     174615.000 ns	     17460	80003874	0271abb3	mulhsu	x23,x3,x7	  x3:0x07458000  x7:0xc08003ef x23=0x0577c2dc
     174645.000 ns	     17463	80003878	c0047d53	fcvt.w.s	x26,f8	  f8:0x80000000 x26=0x00000000
     174665.000 ns	     17465	8000387c	48387693	andi	x13,x16,1155	 x16:0x00000000 x13=0x00000000
     174685.000 ns	     17467	80003880	d01193d3	fcvt.s.wu	f7,x3	  x3:0x07458000  f7=0x4ce8b000
     174715.000 ns	     17470	80003884	210e85d3	fsgnj.s	f11,f29,f16	 f29:0x7fc00000 f16:0xffc00000 f11=0xffc00000
     174745.000 ns	     17473	80003888	02cb1433	mulh	x8,x22,x12	 x22:0x00000000 x12:0x00000096  x8=0x00000000
     174775.000 ns	     17476	8000388c	209506d3	fsgnj.s	f13,f10,f9	 f10:0x4f79971d  f9:0x000001da f13=0x4f79971d
     174795.000 ns	     17478	80003890	010ea533	slt	x10,x29,x16	 x29:0x00000000 x16:0x00000000 x10=0x00000000
     174805.000 ns	     17479	80003894	03b6a813	slti	x16,x13,59	 x13:0x00000000 x16=0x00000001
     174825.000 ns	     17481	80003898	a1e3a2d3	feq.s	x5,f7,f30	  f7:0x4ce8b000 f30:0x4f79971d  x5=0x00000000
     174855.000 ns	     17484	8000389c	21d29cd3	fsgnjn.s	f25,f5,f29	  f5:0x00000000 f29:0x7fc00000 f25=0x80000000
     174885.000 ns	     17487	800038a0	d018fcd3	fcvt.s.wu	f25,x17	 x17:0xd801b000 f25=0x4f5801b0
     174915.000 ns	     17490	800038a4	02993fb3	mulhu	x31,x18,x9	 x18:0x00000000  x9:0xc97a4000 x31=0x00000000
     174955.000 ns	     17494	800038a8	5805f1d3	fsqrt.s	f3,f11	 f11:0xffc00000  f3=0x7fc00000
     174985.000 ns	     17497	800038ac	a1cda953	feq.s	x18,f27,f28	 f27:0x431837af f28:0x7fc00000 x18=0x00000000
     175005.000 ns	     17499	800038b0	006e8f33	add	x30,x29,x6	 x29:0x00000000  x6:0x00000001 x30=0x00000001
     175365.000 ns	     17535	800038b4	033550b3	divu	x1,x10,x19	 x10:0x00000000 x19:0xcb26178c  x1=0x00000000
     175395.000 ns	     17538	800038b8	217087d3	fsgnj.s	f15,f1,f23	  f1:0xb7350482 f23:0xcefff7e4 f15=0xb7350482
     175415.000 ns	     17540	800038bc	36c5c513	xori	x10,x11,876	 x11:0x80041024 x10=0x80041348
     175435.000 ns	     17542	800038c0	d008f9d3	fcvt.s.w	f19,x17	 x17:0xd801b000 f19=0xce1ff940
     175475.000 ns	     17546	800038c4	10e02753	fmul.s	f14,f0,f14	  f0:0x431837af f14:0x3f7fffae f14=0x4318377e
     175495.000 ns	     17548	800038c8	408ed433	sra	x8,x29,x8	 x29:0x00000000  x8:0x00000000  x8=0x00000000
     175515.000 ns	     17550	800038cc	29ba9bd3	fmax.s	f23,f21,f27	 f21:0x427fffae f27:0x431837af f23=0x431837af
     175545.000 ns	     17553	800038d0	c0084253	fcvt.w.s	x4,f16	 f16:0xffc00000  x4=0x7fffffff
     175565.000 ns	     17555	800038d4	00dd3633	sltu	x12,x26,x13	 x26:0x00000000 x13:0x00000000 x12=0x00000000
     175575.000 ns	     17556	800038d8	ae0ec537	lui	x10,0xae0ec	 x10=0xae0ec000
     175585.000 ns	     17557	800038dc	41255013	srai	x0,x10,0x12	 x10:0x80041348
     175595.000 ns	     17558	800038e0	f904e793	ori	x15,x9,-112	  x9:0xc97a4000 x15=0xffffff90
     175605.000 ns	     17559	800038e4	0136e4b3	or	x9,x13,x19	 x13:0x00000000 x19:0xcb26178c  x9=0xcb26178c
     175635.000 ns	     17562	800038e8	1131f853	fmul.s	f16,f3,f19	  f3:0x7fc00000 f19:0xce1ff940 f16=0x7fc00000
     175665.000 ns	     17565	800038ec	e0019a53	fclass.s	x20,f3	  f3:0x7fc00000 x20=0x00000200
     175705.000 ns	     17569	800038f0	182e7753	fdiv.s	f14,f28,f2	 f28:0x7fc00000  f2:0x431837af f14=0x7fc00000
     175735.000 ns	     17572	800038f4	0257f4b3	remu	x9,x15,x5	 x15:0xffffff90  x5:0x00000000  x9=0xffffff90
     176105.000 ns	     17609	800038f8	0242c033	div	x0,x5,x4	  x5:0x00000000  x4:0x7fffffff
     176125.000 ns	     17611	800038fc	23468993	addi	x19,x13,564	 x13:0x00000000 x19=0x00000234
     176135.000 ns	     17612	80003900	d02caf93	slti	x31,x25,-766	 x25:0xf32e4830 x31=0x00000001
     176165.000 ns	     17615	80003904	18b272d3	fdiv.s	f5,f4,f11	  f4:0x00000000 f11:0xffc00000  f5=0x7fc00000
     176195.000 ns	     17618	80003908	a1cf99d3	flt.s	x19,f31,f28	 f31:0x3f800000 f28:0x7fc00000 x19=0x00000000
     176225.000 ns	     17621	8000390c	c01102d3	fcvt.wu.s	x5,f2	  f2:0x431837af  x5=0x00000098
     176265.000 ns	     17625	80003910	10c712d3	fmul.s	f5,f14,f12	 f14:0x7fc00000 f12:0x431837af  f5=0x7fc00000
     176285.000 ns	     17627	80003914	4104d097	auipc	x1,0x4104d	  x1=0xc1050914
     176295.000 ns	     17628	80003918	419ed813	srai	x16,x29,0x19	 x29:0x00000000 x16=0x00000000
     176305.000 ns	     17629	8000391c	01451b33	sll	x22,x10,x20	 x10:0xae0ec000 x20:0x00000200 x22=0xae0ec000
     176665.000 ns	     17665	80003920	022757b3	divu	x15,x14,x2	 x14:0x03960005  x2:0xf9972418 x15=0x00000000
     176685.000 ns	     17667	80003924	016bd313	srli	x6,x23,0x16	 x23:0x0577c2dc  x6=0x00000015
     176695.000 ns	     17668	80003928	4087dbb3	sra	x23,x15,x8	 x15:0x00000000  x8:0x00000000 x23=0x00000000
     176705.000 ns	     17669	8000392c	01eb5433	srl	x8,x22,x30	 x22:0xae0ec000 x30:0x00000001  x8=0x57076000
     176715.000 ns	     17670	80003930	41f85013	srai	x0,x16,0x1f	 x16:0x00000000
     176725.000 ns	     17671	80003934	00360933	add	x18,x12,x3	 x12:0x00000000  x3:0x07458000 x18=0x07458000
     176765.000 ns	     17675	80003938	00f13dd3	fadd.s	f27,f2,f15	  f2:0x431837af f15:0xb7350482 f27=0x431837af
     177945.000 ns	     17793	8000393c	580ff0d3	fsqrt.s	f1,f31	 f31:0x3f800000  f1=0x3f7fffae
     177975.000 ns	     17796	80003940	d005fcd3	fcvt.s.w	f25,x11	 x11:0x80041024 f25=0xcefff7df
     177995.000 ns	     17798	80003944	40720bb3	sub	x23,x4,x7	  x4:0x7fffffff  x7:0xc08003ef x23=0xbf7ffc10
     178355.000 ns	     17834	80003948	02adebb3	rem	x23,x27,x10	 x27:0x00000001 x10:0xae0ec000 x23=0x00000001
     178375.000 ns	     17836	8000394c	28033a93	sltiu	x21,x6,640	  x6:0x00000015 x21=0x00000001
     178385.000 ns	     17837	80003950	c127f193	andi	x3,x15,-1006	 x15:0x00000000  x3=0x00000000
     178405.000 ns	     17839	80003954	c0047753	fcvt.w.s	x14,f8	  f8:0x80000000 x14=0x00000000
     178425.000 ns	     17841	80003958	41815193	srai	x3,x2,0x18	  x2:0xf9972418  x3=0xfffffff9
     178445.000 ns	     17843	8000395c	c00bb553	fcvt.w.s	x10,f23	 f23:0x431837af x10=0x00000099
     178465.000 ns	     17845	80003960	585d49b7	lui	x19,0x585d4	 x19=0x585d4000
     178485.000 ns	     17847	80003964	28439553	fmax.s	f10,f7,f4	  f7:0x4ce8b000  f4:0x00000000 f10=0x4ce8b000
     178505.000 ns	     17849	80003968	4d7c7e93	andi	x29,x24,1239	 x24:0x00000000 x29=0x00000000
     178525.000 ns	     17851	8000396c	0208c433	div	x8,x17,x0	 x17:0xd801b000  x0:0x00000000  x8=0xffffffff
     178555.000 ns	     17854	80003970	035c0b33	mul	x22,x24,x21	 x24:0x00000000 x21:0x00000001 x22=0x00000000
     178585.000 ns	     17857	80003974	a0640cd3	fle.s	x25,f8,f6	  f8:0x80000000  f6:0x43160000 x25=0x00000001
     178615.000 ns	     17860	80003978	e00586d3	fmv.x.w	x13,f11	 f11:0xffc00000 x13=0xffc00000
     178645.000 ns	     17863	8000397c	283800d3	fmin.s	f1,f16,f3	 f16:0x7fc00000  f3:0x7fc00000  f1=0x7fc00000
     178665.000 ns	     17865	80003980	00009c33	sll	x24,x1,x0	  x1:0xc1050914  x0:0x00000000 x24=0xc1050914
     178675.000 ns	     17866	80003984	00000013	addi	x0,x0,0	  x0:0x00000000
     178695.000 ns	     17868	80003988	03067ab3	remu	x21,x12,x16	 x12:0x00000000 x16:0x00000000 x21=0x00000000
     179035.000 ns	     17902	8000398c	18090e53	fdiv.s	f28,f18,f0	 f18:0xcefff7e4  f0:0x431837af f28=0xcb225776
     179065.000 ns	     17905	80003990	a08103d3	fle.s	x7,f2,f8	  f2:0x431837af  f8:0x80000000  x7=0x00000000
     179085.000 ns	     17907	80003994	f7b78c93	addi	x25,x15,-133	 x15:0x00000000 x25=0xffffff7b
     179105.000 ns	     17909	80003998	a0630753	fle.s	x14,f6,f6	  f6:0x43160000  f6:0x43160000 x14=0x00000001
     179125.000 ns	     17911	8000399c	a4593613	sltiu	x12,x18,-1467	 x18:0x07458000 x12=0x00000001
     179145.000 ns	     17913	800039a0	293d9653	fmax.s	f12,f27,f19	 f27:0x431837af f19:0xce1ff940 f12=0x431837af
     179175.000 ns	     17916	800039a4	a1031553	flt.s	x10,f6,f16	  f6:0x43160000 f16:0x7fc00000 x10=0x00000000
     179195.000 ns	     17918	800039a8	404409b3	sub	x19,x8,x4	  x8:0xffffffff  x4:0x7fffffff x19=0x80000000
     179205.000 ns	     17919	800039ac	001f48b3	xor	x17,x30,x1	 x30:0x00000001  x1:0xc1050914 x17=0xc1050915
     179225.000 ns	     17921	800039b0	20670ad3	fsgnj.s	f21,f14,f6	 f14:0x7fc00000  f6:0x43160000 f21=0x7fc00000
     179275.000 ns	     17926	800039b4	08f4a4d3	fsub.s	f9,f9,f15	  f9:0x000001da f15:0xb7350482  f9=0x37350482
     179645.000 ns	     17963	800039b8	032aef33	rem	x30,x21,x18	 x21:0x00000000 x18:0x07458000 x30=0x00000000
     179665.000 ns	     17965	800039bc	01412ab3	slt	x21,x2,x20	  x2:0xf9972418 x20:0x00000200 x21=0x00000001
     179685.000 ns	     17967	800039c0	218490d3	fsgnjn.s	f1,f9,f24	  f9:0x37350482 f24:0x00000000  f1=0xb7350482
     179705.000 ns	     17969	800039c4	f479c797	auipc	x15,0xf479c	 x15=0x7479f9c4
     179725.000 ns	     17971	800039c8	c016f853	fcvt.wu.s	x16,f13	 f13:0x4f79971d x16=0xf9971d00
     180905.000 ns	     18089	800039cc	58061ad3	fsqrt.s	f21,f12	 f12:0x431837af f21=0x40d74402
     180935.000 ns	     18092	800039d0	c0097753	fcvt.w.s	x14,f18	 f18:0xcefff7e4 x14=0x7ffbf200
     180955.000 ns	     18094	800039d4	00332333	slt	x6,x6,x3	  x6:0x00000015  x3:0xfffffff9  x6=0x00000000
     180965.000 ns	     18095	800039d8	403dd633	sra	x12,x27,x3	 x27:0x00000001  x3:0xfffffff9 x12=0x00000000
     180985.000 ns	     18097	800039dc	20ec2d53	fsgnjx.s	f26,f24,f14	 f24:0x00000000 f14:0x7fc00000 f26=0x00000000
     181005.000 ns	     18099	800039e0	019399b3	sll	x19,x7,x25	  x7:0x00000000 x25:0xffffff7b x19=0x00000000
     181015.000 ns	     18100	800039e4	012e5633	srl	x12,x28,x18	 x28:0x80040fe4 x18:0x07458000 x12=0x80040fe4
     181025.000 ns	     18101	800039e8	00b453b3	srl	x7,x8,x11	  x8:0xffffffff x11:0x80041024  x7=0x0fffffff
     181055.000 ns	     18104	800039ec	1821f7d3	fdiv.s	f15,f3,f2	  f3:0x7fc00000  f2:0x431837af f15=0x7fc00000
     181085.000 ns	     18107	800039f0	03b41933	mulh	x18,x8,x27	  x8:0xffffffff x27:0x00000001 x18=0xffffffff
     181105.000 ns	     18109	800039f4	8c022393	slti	x7,x4,-1856	  x4:0x7fffffff  x7=0x00000000
     181115.000 ns	     18110	800039f8	3c36a813	slti	x16,x13,963	 x13:0xffc00000 x16=0x00000001
     181135.000 ns	     18112	800039fc	03d912b3	mulh	x5,x18,x29	 x18:0xffffffff x29:0x00000000  x5=0x00000000
     181165.000 ns	     18115	80003a00	21652953	fsgnjx.s	f18,f10,f22	 f10:0x4ce8b000 f22:0x3f7ffffc f18=0x4ce8b000
     181185.000 ns	     18117	80003a04	016cc7b3	xor	x15,x25,x22	 x25:0xffffff7b x22:0x00000000 x15=0xffffff7b
     181195.000 ns	     18118	80003a08	346cc693	xori	x13,x25,838	 x25:0xffffff7b x13=0xfffffc3d
     181205.000 ns	     18119	80003a0c	00b00333	add	x6,x0,x11	  x0:0x00000000 x11:0x80041024  x6=0x80041024
     181225.000 ns	     18121	80003a10	286283d3	fmin.s	f7,f5,f6	  f5:0x7fc00000  f6:0x43160000  f7=0x43160000
     181245.000 ns	     18123	80003a14	bbab0893	addi	x17,x22,-1094	 x22:0x00000000 x17=0xfffffbba
     181265.000 ns	     18125	80003a18	e00a14d3	fclass.s	x9,f20	 f20:0x00000000  x9=0x00000010
     181605.000 ns	     18159	80003a1c	1959b253	fdiv.s	f4,f19,f21	 f19:0xce1ff940 f21:0x40d74402  f4=0xcce7160e
     181635.000 ns	     18162	80003a20	28259c53	fmax.s	f24,f11,f2	 f11:0xffc00000  f2:0x431837af f24=0x431837af
     181665.000 ns	     18165	80003a24	214b8fd3	fsgnj.s	f31,f23,f20	 f23:0x431837af f20:0x00000000 f31=0x431837af
     181715.000 ns	     18170	80003a28	08edfa53	fsub.s	f20,f27,f14	 f27:0x431837af f14:0x7fc00000 f20=0x7fc00000
     181735.000 ns	     18172	80003a2c	410d09b3	sub	x19,x26,x16	 x26:0x00000000 x16:0x00000001 x19=0xffffffff
     181755.000 ns	     18174	80003a30	f0038453	fmv.w.x	f8,x7	  x7:0x00000000  f8=0x00000000
     181785.000 ns	     18177	80003a34	c00d0353	fcvt.w.s	x6,f26	 f26:0x00000000  x6=0x00000000
     181815.000 ns	     18180	80003a38	03698033	mul	x0,x19,x22	 x19:0xffffffff x22:0x00000000
     181855.000 ns	     18184	80003a3c	1099fdd3	fmul.s	f27,f19,f9	 f19:0xce1ff940  f9:0x37350482 f27=0xc5e23c16
     181875.000 ns	     18186	80003a40	2aa7ff13	andi	x30,x15,682	 x15:0xffffff7b x30=0x0000022a
     181895.000 ns	     18188	80003a44	a0819553	flt.s	x10,f3,f8	  f3:0x7fc00000  f8:0x00000000 x10=0x00000000
     181925.000 ns	     18191	80003a48	03231c33	mulh	x24,x6,x18	  x6:0x00000000 x18:0xffffffff x24=0x00000000
     181945.000 ns	     18193	80003a4c	00421d33	sll	x26,x4,x4	  x4:0x7fffffff  x4:0x7fffffff x26=0x80000000
     181965.000 ns	     18195	80003a50	299e8fd3	fmin.s	f31,f29,f25	 f29:0x7fc00000 f25:0xcefff7df f31=0xcefff7df
     181985.000 ns	     18197	80003a54	004efd33	and	x26,x29,x4	 x29:0x00000000  x4:0x7fffffff x26=0x00000000
     181995.000 ns	     18198	80003a58	7bbdb193	sltiu	x3,x27,1979	 x27:0x00000001  x3=0x00000001
     183165.000 ns	     18315	80003a5c	580c34d3	fsqrt.s	f9,f24	 f24:0x431837af  f9=0x40d74402
     183195.000 ns	     18318	80003a60	212b1ed3	fsgnjn.s	f29,f22,f18	 f22:0x3f7ffffc f18:0x4ce8b000 f29=0xbf7ffffc
     183215.000 ns	     18320	80003a64	f4614017	auipc	x0,0xf4614	
     183225.000 ns	     18321	80003a68	cd461f37	lui	x30,0xcd461	 x30=0xcd461000
     183265.000 ns	     18325	80003a6c	00fa7b53	fadd.s	f22,f20,f15	 f20:0x7fc00000 f15:0x7fc00000 f22=0x7fc00000
     183315.000 ns	     18330	80003a70	018779d3	fadd.s	f19,f14,f24	 f14:0x7fc00000 f24:0x431837af f19=0x7fc00000
     183345.000 ns	     18333	80003a74	29840c53	fmin.s	f24,f8,f24	  f8:0x00000000 f24:0x431837af f24=0x00000000
     183365.000 ns	     18335	80003a78	01b7bd33	sltu	x26,x15,x27	 x15:0xffffff7b x27:0x00000001 x26=0x00000000
     183385.000 ns	     18337	80003a7c	218aae53	fsgnjx.s	f28,f21,f24	 f21:0x40d74402 f24:0x00000000 f28=0x40d74402
     183415.000 ns	     18340	80003a80	d0009053	fcvt.s.w	f0,x1	  x1:0xc1050914  f0=0xce7bebdb
     183435.000 ns	     18342	80003a84	9659bd93	sltiu	x27,x19,-1691	 x19:0xffffffff x27=0x00000000
     183795.000 ns	     18378	80003a88	02fdebb3	rem	x23,x27,x15	 x27:0x00000001 x15:0xffffff7b x23=0x00000000
     183815.000 ns	     18380	80003a8c	00ee4233	xor	x4,x28,x14	 x28:0x80040fe4 x14:0x7ffbf200  x4=0xfffffde4
     183835.000 ns	     18382	80003a90	c0044d53	fcvt.w.s	x26,f8	  f8:0x00000000 x26=0x00000000
     183865.000 ns	     18385	80003a94	a00f2353	feq.s	x6,f30,f0	 f30:0x4f79971d  f0:0xce7bebdb  x6=0x00000000
     183885.000 ns	     18387	80003a98	00dee333	or	x6,x29,x13	 x29:0x00000000 x13:0xfffffc3d  x6=0xfffffc3d
     183895.000 ns	     18388	80003a9c	66a33517	auipc	x10,0x66a33	 x10=0xe6a36a9c
     183905.000 ns	     18389	80003aa0	df14e713	ori	x14,x9,-527	  x9:0x00000010 x14=0xfffffdf1
     183915.000 ns	     18390	80003aa4	00000013	addi	x0,x0,0	  x0:0x00000000
     183925.000 ns	     18391	80003aa8	0014e733	or	x14,x9,x1	  x9:0x00000010  x1:0xc1050914 x14=0xc1050914
     183945.000 ns	     18393	80003aac	e00e04d3	fmv.x.w	x9,f28	 f28:0x40d74402  x9=0x40d74402
     183975.000 ns	     18396	80003ab0	21899153	fsgnjn.s	f2,f19,f24	 f19:0x7fc00000 f24:0x00000000  f2=0xffc00000
     184005.000 ns	     18399	80003ab4	a1a62b53	feq.s	x22,f12,f26	 f12:0x431837af f26:0x00000000 x22=0x00000000
     184035.000 ns	     18402	80003ab8	216b8fd3	fsgnj.s	f31,f23,f22	 f23:0x431837af f22:0x7fc00000 f31=0x431837af
     185215.000 ns	     18520	80003abc	5803a853	fsqrt.s	f16,f7	  f7:0x43160000 f16=0x40d4212a
     185245.000 ns	     18523	80003ac0	20bb93d3	fsgnjn.s	f7,f23,f11	 f23:0x431837af f11:0xffc00000  f7=0x431837af
     185275.000 ns	     18526	80003ac4	20fc2053	fsgnjx.s	f0,f24,f15	 f24:0x00000000 f15:0x7fc00000  f0=0x00000000
     185305.000 ns	     18529	80003ac8	c004f7d3	fcvt.w.s	x15,f9	  f9:0x40d74402 x15=0x00000006
     185335.000 ns	     18532	80003acc	f00f84d3	fmv.w.x	f9,x31	 x31:0x00000001  f9=0x00000001
     185355.000 ns	     18534	80003ad0	003f94b3	sll	x9,x31,x3	 x31:0x00000001  x3:0x00000001  x9=0x00000002
     185365.000 ns	     18535	80003ad4	4dfb7bb7	lui	x23,0x4dfb7	 x23=0x4dfb7000
     185385.000 ns	     18537	80003ad8	20421e53	fsgnjn.s	f28,f4,f4	  f4:0xcce7160e  f4:0xcce7160e f28=0x4ce7160e
     185415.000 ns	     18540	80003adc	f00908d3	fmv.w.x	f17,x18	 x18:0xffffffff f17=0xffffffff
     185445.000 ns	     18543	80003ae0	d00aa4d3	fcvt.s.w	f9,x21	 x21:0x00000001  f9=0x3f800000
     185465.000 ns	     18545	80003ae4	01871d93	slli	x27,x14,0x18	 x14:0xc1050914 x27=0x14000000
     185485.000 ns	     18547	80003ae8	02a8bbb3	mulhu	x23,x17,x10	 x17:0xfffffbba x10:0xe6a36a9c x23=0xe6a366c2
     185515.000 ns	     18550	80003aec	20bb25d3	fsgnjx.s	f11,f22,f11	 f22:0x7fc00000 f11:0xffc00000 f11=0xffc00000
     185545.000 ns	     18553	80003af0	03aeceb3	div	x29,x29,x26	 x29:0x00000000 x26:0x00000000 x29=0xffffffff
     185565.000 ns	     18555	80003af4	010396b3	sll	x13,x7,x16	  x7:0x00000000 x16:0x00000001 x13=0x00000000
     185585.000 ns	     18557	80003af8	a1aa2b53	feq.s	x22,f20,f26	 f20:0x7fc00000 f26:0x00000000 x22=0x00000000
     185605.000 ns	     18559	80003afc	400ada93	srai	x21,x21,0x0	 x21:0x00000001 x21=0x00000001
     185615.000 ns	     18560	80003b00	00995293	srli	x5,x18,0x9	 x18:0xffffffff  x5=0x007fffff
     185635.000 ns	     18562	80003b04	213d0153	fsgnj.s	f2,f26,f19	 f26:0x00000000 f19:0x7fc00000  f2=0x00000000
     185665.000 ns	     18565	80003b08	a1211853	flt.s	x16,f2,f18	  f2:0xffc00000 f18:0x4ce8b000 x16=0x00000001
     185695.000 ns	     18568	80003b0c	c01e77d3	fcvt.wu.s	x15,f28	 f28:0x4ce7160e x15=0x0738b070
     186065.000 ns	     18605	80003b10	0266d4b3	divu	x9,x13,x6	 x13:0x00000000  x6:0xfffffc3d  x9=0x00000000
     186085.000 ns	     18607	80003b14	011c43b3	xor	x7,x24,x17	 x24:0x00000000 x17:0xfffffbba  x7=0xfffffbba
     186095.000 ns	     18608	80003b18	97ee6293	ori	x5,x28,-1666	 x28:0x80040fe4  x5=0xfffffffe
     186115.000 ns	     18610	80003b1c	a0a98dd3	fle.s	x27,f19,f10	 f19:0x7fc00000 f10:0x4ce8b000 x27=0x00000000
     186145.000 ns	     18613	80003b20	c016fed3	fcvt.wu.s	x29,f13	 f13:0x4f79971d x29=0xf9971d00
     186515.000 ns	     18650	80003b24	02e7d733	divu	x14,x15,x14	 x15:0x0738b070 x14:0xc1050914 x14=0x00000000
     186565.000 ns	     18655	80003b28	007640d3	fadd.s	f1,f12,f7	 f12:0x431837af  f7:0x431837af  f1=0x439837af
     186605.000 ns	     18659	80003b2c	58022c53	fsqrt.s	f24,f4	  f4:0xcce7160e f24=0x7fc00000
     186625.000 ns	     18661	80003b30	f5b02813	slti	x16,x0,-165	  x0:0x00000000 x16=0x00000000
     186655.000 ns	     18664	80003b34	1828a553	fdiv.s	f10,f17,f2	 f17:0xffffffff  f2:0x00000000 f10=0x7fc00000
     186685.000 ns	     18667	80003b38	a1bf0c53	fle.s	x24,f30,f27	 f30:0x4f79971d f27:0xc5e23c16 x24=0x00000000
     186705.000 ns	     18669	80003b3c	01a25eb3	srl	x29,x4,x26	  x4:0xfffffde4 x26:0x00000000 x29=0xfffffde4
     186735.000 ns	     18672	80003b40	1957fd53	fdiv.s	f26,f15,f21	 f15:0x7fc00000 f21:0x40d74402 f26=0x7fc00000
     186765.000 ns	     18675	80003b44	c005fed3	fcvt.w.s	x29,f11	 f11:0xffc00000 x29=0x7fffffff
     186795.000 ns	     18678	80003b48	e00a9d53	fclass.s	x26,f21	 f21:0x40d74402 x26=0x00000040
     186835.000 ns	     18682	80003b4c	10133e53	fmul.s	f28,f6,f1	  f6:0x43160000  f1:0x439837af f28=0x47326142
     186865.000 ns	     18685	80003b50	02ca8533	mul	x10,x21,x12	 x21:0x00000001 x12:0x80040fe4 x10=0x80040fe4
     186885.000 ns	     18687	80003b54	00e028b3	slt	x17,x0,x14	  x0:0x00000000 x14:0x00000000 x17=0x00000000
     186905.000 ns	     18689	80003b58	e00481d3	fmv.x.w	x3,f9	  f9:0x3f800000  x3=0x3f800000
     186925.000 ns	     18691	80003b5c	70544013	xori	x0,x8,1797	  x8:0xffffffff
     186965.000 ns	     18695	80003b60	0004a353	fadd.s	f6,f9,f0	  f9:0x3f800000  f0:0x00000000  f6=0x3f800000
     186985.000 ns	     18697	80003b64	c61c2b13	slti	x22,x24,-927	 x24:0x00000000 x22=0x00000000
     187005.000 ns	     18699	80003b68	a0d91ad3	flt.s	x21,f18,f13	 f18:0x4ce8b000 f13:0x4f79971d x21=0x00000001
     187045.000 ns	     18703	80003b6c	580886d3	fsqrt.s	f13,f17	 f17:0xffffffff f13=0x7fc00000
     187075.000 ns	     18706	80003b70	f00107d3	fmv.w.x	f15,x2	  x2:0xf9972418 f15=0xf9972418
     187095.000 ns	     18708	80003b74	2613fe93	andi	x29,x7,609	  x7:0xfffffbba x29=0x00000220
     187105.000 ns	     18709	80003b78	01e51eb3	sll	x29,x10,x30	 x10:0x80040fe4 x30:0xcd461000 x29=0x80040fe4
     187115.000 ns	     18710	80003b7c	01fd1093	slli	x1,x26,0x1f	 x26:0x00000040  x1=0x00000000
     187135.000 ns	     18712	80003b80	c01212d3	fcvt.wu.s	x5,f4	  f4:0xcce7160e  x5=0x0738b070
     187155.000 ns	     18714	80003b84	73e44493	xori	x9,x8,1854	  x8:0xffffffff  x9=0xfffff8c1
     187175.000 ns	     18716	80003b88	03a43833	mulhu	x16,x8,x26	  x8:0xffffffff x26:0x00000040 x16=0x0000003f
     187205.000 ns	     18719	80003b8c	0202f733	remu	x14,x5,x0	  x5:0x0738b070  x0:0x00000000 x14=0x0738b070
     187235.000 ns	     18722	80003b90	209404d3	fsgnj.s	f9,f8,f9	  f8:0x00000000  f9:0x3f800000  f9=0x00000000
     187255.000 ns	     18724	80003b94	0183a933	slt	x18,x7,x24	  x7:0xfffffbba x24:0x00000000 x18=0x00000001
     187275.000 ns	     18726	80003b98	f00d8853	fmv.w.x	f16,x27	 x27:0x00000000 f16=0x00000000
     187305.000 ns	     18729	80003b9c	03440233	mul	x4,x8,x20	  x8:0xffffffff x20:0x00000200  x4=0xfffffe00
     187675.000 ns	     18766	80003ba0	0307f9b3	remu	x19,x15,x16	 x15:0x0738b070 x16:0x0000003f x19=0x00000012
     187705.000 ns	     18769	80003ba4	20832c53	fsgnjx.s	f24,f6,f8	  f6:0x3f800000  f8:0x00000000 f24=0x3f800000
     187735.000 ns	     18772	80003ba8	f00a0653	fmv.w.x	f12,x20	 x20:0x00000200 f12=0x00000200
     188105.000 ns	     18809	80003bac	026ae233	rem	x4,x21,x6	 x21:0x00000001  x6:0xfffffc3d  x4=0x00000001
     188125.000 ns	     18811	80003bb0	402ed393	srai	x7,x29,0x2	 x29:0x80040fe4  x7=0xe00103f9
     188165.000 ns	     18815	80003bb4	00b177d3	fadd.s	f15,f2,f11	  f2:0x00000000 f11:0xffc00000 f15=0x7fc00000
     188535.000 ns	     18852	80003bb8	03e9ceb3	div	x29,x19,x30	 x19:0x00000012 x30:0xcd461000 x29=0x00000000
     188565.000 ns	     18855	80003bbc	03d7cbb3	div	x23,x15,x29	 x15:0x0738b070 x29:0x80040fe4 x23=0xffffffff
     188585.000 ns	     18857	80003bc0	e8637237	lui	x4,0xe8637	  x4=0xe8637000
     188605.000 ns	     18859	80003bc4	c004fb53	fcvt.w.s	x22,f9	  f9:0x00000000 x22=0x00000000
     188635.000 ns	     18862	80003bc8	d000ffd3	fcvt.s.w	f31,x1	  x1:0x00000000 f31=0x00000000
     188655.000 ns	     18864	80003bcc	007bf6b3	and	x13,x23,x7	 x23:0xffffffff  x7:0xe00103f9 x13=0xe00103f9
     188675.000 ns	     18866	80003bd0	039f2c33	mulhsu	x24,x30,x25	 x30:0xcd461000 x25:0xffffff7b x24=0xcd46101a
     188705.000 ns	     18869	80003bd4	c01670d3	fcvt.wu.s	x1,f12	 f12:0x00000200  x1=0x00000000
     188735.000 ns	     18872	80003bd8	e0040dd3	fmv.x.w	x27,f8	  f8:0x00000000 x27=0x00000000
     188755.000 ns	     18874	80003bdc	000c20b3	slt	x1,x24,x0	 x24:0xcd46101a  x0:0x00000000  x1=0x00000001
     188775.000 ns	     18876	80003be0	a02b1253	flt.s	x4,f22,f2	 f22:0x7fc00000  f2:0x00000000  x4=0x00000000
     188795.000 ns	     18878	80003be4	004a1333	sll	x6,x20,x4	 x20:0x00000200  x4:0xe8637000  x6=0x00000200
     188805.000 ns	     18879	80003be8	413a8233	sub	x4,x21,x19	 x21:0x00000001 x19:0x00000012  x4=0xffffffef
     188815.000 ns	     18880	80003bec	aa81bb93	sltiu	x23,x3,-1368	  x3:0x3f800000 x23=0x00000001
     188835.000 ns	     18882	80003bf0	29839ed3	fmax.s	f29,f7,f24	  f7:0x431837af f24:0x3f800000 f29=0x431837af
     188855.000 ns	     18884	80003bf4	00008b33	add	x22,x1,x0	  x1:0x00000001  x0:0x00000000 x22=0x00000001
     188875.000 ns	     18886	80003bf8	21fdadd3	fsgnjx.s	f27,f27,f31	 f27:0xc5e23c16 f31:0x00000000 f27=0xc5e23c16
     188905.000 ns	     18889	80003bfc	a0691dd3	flt.s	x27,f18,f6	 f18:0x4ce8b000  f6:0x3f800000 x27=0x00000000
     188925.000 ns	     18891	80003c00	00b75313	srli	x6,x14,0xb	 x14:0x0738b070  x6=0x0000e716
     188935.000 ns	     18892	80003c04	409904b3	sub	x9,x18,x9	 x18:0x00000001  x9:0xfffff8c1  x9=0x00000740
     188945.000 ns	     18893	80003c08	0158de93	srli	x29,x17,0x15	 x17:0x00000000 x29=0x00000000
     188965.000 ns	     18895	80003c0c	c00f93d3	fcvt.w.s	x7,f31	 f31:0x00000000  x7=0x00000000
     188995.000 ns	     18898	80003c10	e00f0dd3	fmv.x.w	x27,f30	 f30:0x4f79971d x27=0x4f79971d
     189365.000 ns	     18935	80003c14	02984a33	div	x20,x16,x9	 x16:0x0000003f  x9:0x00000740 x20=0x00000000
     189385.000 ns	     18937	80003c18	6bc67b13	andi	x22,x12,1724	 x12:0x80040fe4 x22=0x000006a4
     189405.000 ns	     18939	80003c1c	a0c58b53	fle.s	x22,f11,f12	 f11:0xffc00000 f12:0x00000200 x22=0x00000000
     189435.000 ns	     18942	80003c20	02e829b3	mulhsu	x19,x16,x14	 x16:0x0000003f x14:0x0738b070 x19=0x00000001
     189465.000 ns	     18945	80003c24	219e1153	fsgnjn.s	f2,f28,f25	 f28:0x47326142 f25:0xcefff7df  f2=0x47326142
     189485.000 ns	     18947	80003c28	01e09893	slli	x17,x1,0x1e	  x1:0x00000001 x17=0x40000000
     189505.000 ns	     18949	80003c2c	e00e13d3	fclass.s	x7,f28	 f28:0x47326142  x7=0x00000040
     189535.000 ns	     18952	80003c30	21aa1653	fsgnjn.s	f12,f20,f26	 f20:0x7fc00000 f26:0x7fc00000 f12=0xffc00000
     189565.000 ns	     18955	80003c34	299c9353	fmax.s	f6,f25,f25	 f25:0xcefff7df f25:0xcefff7df  f6=0xcefff7df
     189595.000 ns	     18958	80003c38	028fb9b3	mulhu	x19,x31,x8	 x31:0x00000001  x8:0xffffffff x19=0x00000000
     189625.000 ns	     18961	80003c3c	034dc933	div	x18,x27,x20	 x27:0x4f79971d x20:0x00000000 x18=0xffffffff
     189655.000 ns	     18964	80003c40	02522f33	mulhsu	x30,x4,x5	  x4:0xffffffef  x5:0x0738b070 x30=0xffffffff
     189705.000 ns	     18969	80003c44	097a31d3	fsub.s	f3,f20,f23	 f20:0x7fc00000 f23:0x431837af  f3=0x7fc00000
     189735.000 ns	     18972	80003c48	e0048ed3	fmv.x.w	x29,f9	  f9:0x00000000 x29=0x00000000
     189755.000 ns	     18974	80003c4c	015ed093	srli	x1,x29,0x15	 x29:0x00000000  x1=0x00000000
     190925.000 ns	     19091	80003c50	5800c7d3	fsqrt.s	f15,f1	  f1:0x439837af f15=0x418b9570
     190945.000 ns	     19093	80003c54	665b2613	slti	x12,x22,1637	 x22:0x00000000 x12=0x00000001
     190965.000 ns	     19095	80003c58	c00f26d3	fcvt.w.s	x13,f30	 f30:0x4f79971d x13=0x7fffffff
     190985.000 ns	     19097	80003c5c	005d1a13	slli	x20,x26,0x5	 x26:0x00000040 x20=0x00000800
     190995.000 ns	     19098	80003c60	0026b6b3	sltu	x13,x13,x2	 x13:0x7fffffff  x2:0xf9972418 x13=0x00000001
     191005.000 ns	     19099	80003c64	c12db793	sltiu	x15,x27,-1006	 x27:0x4f79971d x15=0x00000001
     191025.000 ns	     19101	80003c68	03d54a33	div	x20,x10,x29	 x10:0x80040fe4 x29:0x00000000 x20=0xffffffff
     191055.000 ns	     19104	80003c6c	286310d3	fmax.s	f1,f6,f6	  f6:0xcefff7df  f6:0xcefff7df  f1=0xcefff7df
     191085.000 ns	     19107	80003c70	020acfb3	div	x31,x21,x0	 x21:0x00000001  x0:0x00000000 x31=0xffffffff
     191135.000 ns	     19112	80003c74	004b7a53	fadd.s	f20,f22,f4	 f22:0x7fc00000  f4:0xcce7160e f20=0x7fc00000
     191155.000 ns	     19114	80003c78	0129e033	or	x0,x19,x18	 x19:0x00000000 x18:0xffffffff
     191185.000 ns	     19117	80003c7c	580297d3	fsqrt.s	f15,f5	  f5:0x7fc00000 f15=0x7fc00000
     191205.000 ns	     19119	80003c80	57f02497	auipc	x9,0x57f02	  x9=0xd7f05c80
     191215.000 ns	     19120	80003c84	00000013	addi	x0,x0,0	  x0:0x00000000
     191245.000 ns	     19123	80003c88	18d27f53	fdiv.s	f30,f4,f13	  f4:0xcce7160e f13:0x7fc00000 f30=0x7fc00000
     191615.000 ns	     19160	80003c8c	02907333	remu	x6,x0,x9	  x0:0x00000000  x9:0xd7f05c80  x6=0x00000000
     191645.000 ns	     19163	80003c90	29d608d3	fmin.s	f17,f12,f29	 f12:0xffc00000 f29:0x431837af f17=0x431837af
     191665.000 ns	     19165	80003c94	00fd1913	slli	x18,x26,0xf	 x26:0x00000040 x18=0x00200000
     191675.000 ns	     19166	80003c98	41d3d933	sra	x18,x7,x29	  x7:0x00000040 x29:0x00000000 x18=0x00000040
     191685.000 ns	     19167	80003c9c	411bdb13	srai	x22,x23,0x11	 x23:0x00000001 x22=0x00000000
     191705.000 ns	     19169	80003ca0	a0208053	fle.s	x0,f1,f2	  f1:0xcefff7df  f2:0x47326142
     191735.000 ns	     19172	80003ca4	02df1ab3	mulh	x21,x30,x13	 x30:0xffffffff x13:0x00000001 x21=0xffffffff
     191765.000 ns	     19175	80003ca8	a03e2553	feq.s	x10,f28,f3	 f28:0x47326142  f3:0x7fc00000 x10=0x00000000
     191785.000 ns	     19177	80003cac	01bffa33	and	x20,x31,x27	 x31:0xffffffff x27:0x4f79971d x20=0x4f79971d
     191805.000 ns	     19179	80003cb0	03863bb3	mulhu	x23,x12,x24	 x12:0x00000001 x24:0xcd46101a x23=0x00000000
     191845.000 ns	     19183	80003cb4	580783d3	fsqrt.s	f7,f15	 f15:0x7fc00000  f7=0x7fc00000
     191865.000 ns	     19185	80003cb8	00000013	addi	x0,x0,0	  x0:0x00000000
     191885.000 ns	     19187	80003cbc	f0038553	fmv.w.x	f10,x7	  x7:0x00000040 f10=0x00000040
     191925.000 ns	     19191	80003cc0	189e36d3	fdiv.s	f13,f28,f9	 f28:0x47326142  f9:0x00000000 f13=0x7f800000
     191945.000 ns	     19193	80003cc4	01f0c0b3	xor	x1,x1,x31	  x1:0x00000000 x31:0xffffffff  x1=0xffffffff
     191955.000 ns	     19194	80003cc8	6e2a8d37	lui	x26,0x6e2a8	 x26=0x6e2a8000
     191995.000 ns	     19198	80003ccc	00784b53	fadd.s	f22,f16,f7	 f16:0x00000000  f7:0x7fc00000 f22=0x7fc00000
     192025.000 ns	     19201	80003cd0	a000a4d3	feq.s	x9,f1,f0	  f1:0xcefff7df  f0:0x00000000  x9=0x00000000
     192045.000 ns	     19203	80003cd4	00c75eb3	srl	x29,x14,x12	 x14:0x0738b070 x12:0x00000001 x29=0x039c5838
     192055.000 ns	     19204	80003cd8	016687b3	add	x15,x13,x22	 x13:0x00000001 x22:0x00000000 x15=0x00000001
     192075.000 ns	     19206	80003cdc	a0910f53	fle.s	x30,f2,f9	  f2:0x47326142  f9:0x00000000 x30=0x00000000
     192095.000 ns	     19208	80003ce0	2ebcff93	andi	x31,x25,747	 x25:0xffffff7b x31=0x0000026b
     192115.000 ns	     19210	80003ce4	287384d3	fmin.s	f9,f7,f7	  f7:0x7fc00000  f7:0x7fc00000  f9=0x7fc00000
     192155.000 ns	     19214	80003ce8	1142ffd3	fmul.s	f31,f5,f20	  f5:0x7fc00000 f20:0x7fc00000 f31=0x7fc00000
     192175.000 ns	     19216	80003cec	8446e993	ori	x19,x13,-1980	 x13:0x00000001 x19=0xfffff845
     192195.000 ns	     19218	80003cf0	f0080dd3	fmv.w.x	f27,x16	 x16:0x0000003f f27=0x0000003f
     192215.000 ns	     19220	80003cf4	360cbc13	sltiu	x24,x25,864	 x25:0xffffff7b x24=0x00000000
     192225.000 ns	     19221	80003cf8	06e5c793	xori	x15,x11,110	 x11:0x80041024 x15=0x8004104a
     192245.000 ns	     19223	80003cfc	286d9353	fmax.s	f6,f27,f6	 f27:0x0000003f  f6:0xcefff7df  f6=0x0000003f
     192275.000 ns	     19226	80003d00	032c3833	mulhu	x16,x24,x18	 x24:0x00000000 x18:0x00000040 x16=0x00000000
     192305.000 ns	     19229	80003d04	026b8833	mul	x16,x23,x6	 x23:0x00000000  x6:0x00000000 x16=0x00000000
     192335.000 ns	     19232	80003d08	038c8fb3	mul	x31,x25,x24	 x25:0xffffff7b x24:0x00000000 x31=0x00000000
     192365.000 ns	     19235	80003d0c	c01d0553	fcvt.wu.s	x10,f26	 f26:0x7fc00000 x10=0xffffffff
     192395.000 ns	     19238	80003d10	f00683d3	fmv.w.x	f7,x13	 x13:0x00000001  f7=0x00000001
     192425.000 ns	     19241	80003d14	03b8a933	mulhsu	x18,x17,x27	 x17:0x40000000 x27:0x4f79971d x18=0x13de65c7
     192445.000 ns	     19243	80003d18	a4d14613	xori	x12,x2,-1459	  x2:0xf9972418 x12=0x0668de55
     192465.000 ns	     19245	80003d1c	c003f853	fcvt.w.s	x16,f7	  f7:0x00000001 x16=0x00000000
     192495.000 ns	     19248	80003d20	a0301053	flt.s	x0,f0,f3	  f0:0x00000000  f3:0x7fc00000
     192525.000 ns	     19251	80003d24	02bdbdb3	mulhu	x27,x27,x11	 x27:0x4f79971d x11:0x80041024 x27=0x27be0e77
     192555.000 ns	     19254	80003d28	205487d3	fsgnj.s	f15,f9,f5	  f9:0x7fc00000  f5:0x7fc00000 f15=0x7fc00000
     192575.000 ns	     19256	80003d2c	00a0b233	sltu	x4,x1,x10	  x1:0xffffffff x10:0xffffffff  x4=0x00000000
     192935.000 ns	     19292	80003d30	03d5fa33	remu	x20,x11,x29	 x11:0x80041024 x29:0x039c5838 x20=0x01a4007c
     192965.000 ns	     19295	80003d34	02a900b3	mul	x1,x18,x10	 x18:0x13de65c7 x10:0xffffffff  x1=0xec219a39
     192985.000 ns	     19297	80003d38	01e78533	add	x10,x15,x30	 x15:0x8004104a x30:0x00000000 x10=0x8004104a
     193005.000 ns	     19299	80003d3c	031d8cb3	mul	x25,x27,x17	 x27:0x27be0e77 x17:0x40000000 x25=0xc0000000
     193035.000 ns	     19302	80003d40	f00f8153	fmv.w.x	f2,x31	 x31:0x00000000  f2=0x00000000
     193055.000 ns	     19304	80003d44	41c68d33	sub	x26,x13,x28	 x13:0x00000001 x28:0x80040fe4 x26=0x7ffbf01d
     193065.000 ns	     19305	80003d48	03f18d17	auipc	x26,0x3f18	 x26=0x83f1bd48
     193075.000 ns	     19306	80003d4c	41c086b3	sub	x13,x1,x28	  x1:0xec219a39 x28:0x80040fe4 x13=0x6c1d8a55
     193105.000 ns	     19309	80003d50	113074d3	fmul.s	f9,f0,f19	  f0:0x00000000 f19:0x7fc00000  f9=0x7fc00000
     193125.000 ns	     19311	80003d54	de8b4313	xori	x6,x22,-536	 x22:0x00000000  x6=0xfffffde8
     193155.000 ns	     19314	80003d58	580f7a53	fsqrt.s	f20,f30	 f30:0x7fc00000 f20=0x7fc00000
     193185.000 ns	     19317	80003d5c	0204e6b3	rem	x13,x9,x0	  x9:0x00000000  x0:0x00000000 x13=0x00000000
     193215.000 ns	     19320	80003d60	02511533	mulh	x10,x2,x5	  x2:0xf9972418  x5:0x0738b070 x10=0xffd1b6a1
     193235.000 ns	     19322	80003d64	408e0fb3	sub	x31,x28,x8	 x28:0x80040fe4  x8:0xffffffff x31=0x80040fe5
     193275.000 ns	     19326	80003d68	09814553	fsub.s	f10,f2,f24	  f2:0x00000000 f24:0x3f800000 f10=0xbf800000
     193305.000 ns	     19329	80003d6c	c016c853	fcvt.wu.s	x16,f13	 f13:0x7f800000 x16=0xffffffff
     193325.000 ns	     19331	80003d70	e3eb8197	auipc	x3,0xe3eb8	  x3=0x63ebbd70
     193335.000 ns	     19332	80003d74	003ff1b3	and	x3,x31,x3	 x31:0x80040fe5  x3:0x3f800000  x3=0x00000d60
     193355.000 ns	     19334	80003d78	0240c833	div	x16,x1,x4	  x1:0xec219a39  x4:0x00000000 x16=0xffffffff
     193385.000 ns	     19337	80003d7c	a10087d3	fle.s	x15,f1,f16	  f1:0xcefff7df f16:0x00000000 x15=0x00000001
     193755.000 ns	     19374	80003d80	03f87ab3	remu	x21,x16,x31	 x16:0xffffffff x31:0x80040fe5 x21=0x7ffbf01a
     193775.000 ns	     19376	80003d84	09626297	auipc	x5,0x9626	  x5=0x89629d84
     193785.000 ns	     19377	80003d88	00000013	addi	x0,x0,0	  x0:0x00000000
     193805.000 ns	     19379	80003d8c	284a0853	fmin.s	f16,f20,f4	 f20:0x7fc00000  f4:0xcce7160e f16=0xcce7160e
     193825.000 ns	     19381	80003d90	00310b33	add	x22,x2,x3	  x2:0xf9972418  x3:0x00000d60 x22=0xf9973178
     193865.000 ns	     19385	80003d94	0999fdd3	fsub.s	f27,f19,f25	 f19:0x7fc00000 f25:0xcefff7df f27=0x7fc00000
     193915.000 ns	     19390	80003d98	0833a753	fsub.s	f14,f7,f3	  f7:0x00000001  f3:0x7fc00000 f14=0x7fc00000
     193945.000 ns	     19393	80003d9c	c01077d3	fcvt.wu.s	x15,f0	  f0:0x00000000 x15=0x00000000
     193985.000 ns	     19397	80003da0	1137be53	fmul.s	f28,f15,f19	 f15:0x7fc00000 f19:0x7fc00000 f28=0x7fc00000
     194015.000 ns	     19400	80003da4	21502ed3	fsgnjx.s	f29,f0,f21	  f0:0x00000000 f21:0x40d74402 f29=0x00000000
     194035.000 ns	     19402	80003da8	01f49f33	sll	x30,x9,x31	  x9:0x00000000 x31:0x80040fe5 x30=0x00000000
     194055.000 ns	     19404	80003dac	e00e8753	fmv.x.w	x14,f29	 f29:0x00000000 x14=0x00000000
     194075.000 ns	     19406	80003db0	00000013	addi	x0,x0,0	  x0:0x00000000
     194085.000 ns	     19407	80003db4	00cf6b33	or	x22,x30,x12	 x30:0x00000000 x12:0x0668de55 x22=0x0668de55
     194095.000 ns	     19408	80003db8	00021613	slli	x12,x4,0x0	  x4:0x00000000 x12=0x00000000
     194105.000 ns	     19409	80003dbc	01d54c33	xor	x24,x10,x29	 x10:0xffd1b6a1 x29:0x039c5838 x24=0xfc4dee99
     194465.000 ns	     19445	80003dc0	0330c833	div	x16,x1,x19	  x1:0xec219a39 x19:0xfffff845 x16=0x000291f7
     194485.000 ns	     19447	80003dc4	09289197	auipc	x3,0x9289	  x3=0x8928cdc4
     194505.000 ns	     19449	80003dc8	a1438c53	fle.s	x24,f7,f20	  f7:0x00000001 f20:0x7fc00000 x24=0x00000000
     194545.000 ns	     19453	80003dcc	1802f253	fdiv.s	f4,f5,f0	  f5:0x7fc00000  f0:0x00000000  f4=0x7fc00000
     194565.000 ns	     19455	80003dd0	a3b1d537	lui	x10,0xa3b1d	 x10=0xa3b1d000
     194595.000 ns	     19458	80003dd4	580f8553	fsqrt.s	f10,f31	 f31:0x7fc00000 f10=0x7fc00000
     194625.000 ns	     19461	80003dd8	025382b3	mul	x5,x7,x5	  x7:0x00000040  x5:0x89629d84  x5=0x58a76100
     194655.000 ns	     19464	80003ddc	c0123bd3	fcvt.wu.s	x23,f4	  f4:0x7fc00000 x23=0xffffffff
     194685.000 ns	     19467	80003de0	a117abd3	feq.s	x23,f15,f17	 f15:0x7fc00000 f17:0x431837af x23=0x00000000
     194715.000 ns	     19470	80003de4	a08a9cd3	flt.s	x25,f21,f8	 f21:0x40d74402  f8:0x00000000 x25=0x00000000
     194745.000 ns	     19473	80003de8	d002b8d3	fcvt.s.w	f17,x5	  x5:0x58a76100 f17=0x4eb14ec2
     194775.000 ns	     19476	80003dec	a17e9f53	flt.s	x30,f29,f23	 f29:0x00000000 f23:0x431837af x30=0x00000001
     194805.000 ns	     19479	80003df0	02dfbb33	mulhu	x22,x31,x13	 x31:0x80040fe5 x13:0x00000000 x22=0x00000000
     194835.000 ns	     19482	80003df4	f00c8fd3	fmv.w.x	f31,x25	 x25:0x00000000 f31=0x00000000
     194865.000 ns	     19485	80003df8	29d71bd3	fmax.s	f23,f14,f29	 f14:0x7fc00000 f29:0x00000000 f23=0x00000000
     194895.000 ns	     19488	80003dfc	21e523d3	fsgnjx.s	f7,f10,f30	 f10:0x7fc00000 f30:0x7fc00000  f7=0x7fc00000
     194925.000 ns	     19491	80003e00	02fe6833	rem	x16,x28,x15	 x28:0x80040fe4 x15:0x00000000 x16=0x80040fe4
     194945.000 ns	     19493	80003e04	01a29893	slli	x17,x5,0x1a	  x5:0x58a76100 x17=0x00000000
     194965.000 ns	     19495	80003e08	c0017853	fcvt.w.s	x16,f2	  f2:0x00000000 x16=0x00000000
     194985.000 ns	     19497	80003e0c	41985fb3	sra	x31,x16,x25	 x16:0x80040fe4 x25:0x00000000 x31=0x00000000
     194995.000 ns	     19498	80003e10	01337833	and	x16,x6,x19	  x6:0xfffffde8 x19:0xfffff845 x16=0xfffff840
     195005.000 ns	     19499	80003e14	00ccdcb3	srl	x25,x25,x12	 x25:0x00000000 x12:0x00000000 x25=0x00000000
     195035.000 ns	     19502	80003e18	115e0fd3	fmul.s	f31,f28,f21	 f28:0x7fc00000 f21:0x40d74402 f31=0x7fc00000
     195055.000 ns	     19504	80003e1c	01d89a93	slli	x21,x17,0x1d	 x17:0x00000000 x21=0x00000000
     195075.000 ns	     19506	80003e20	035d8ab3	mul	x21,x27,x21	 x27:0x27be0e77 x21:0x7ffbf01a x21=0x00000000
     195095.000 ns	     19508	80003e24	01376bb3	or	x23,x14,x19	 x14:0x00000000 x19:0xfffff845 x23=0xfffff845
     195115.000 ns	     19510	80003e28	e00782d3	fmv.x.w	x5,f15	 f15:0x7fc00000  x5=0x7fc00000
     195145.000 ns	     19513	80003e2c	a1141ed3	flt.s	x29,f8,f17	  f8:0x00000000 f17:0x4eb14ec2 x29=0x00000001
     195165.000 ns	     19515	80003e30	003be7b3	or	x15,x23,x3	 x23:0xfffff845  x3:0x8928cdc4 x15=0xfffffdc5
     195185.000 ns	     19517	80003e34	e0058253	fmv.x.w	x4,f11	 f11:0xffc00000  x4=0xffc00000
     195215.000 ns	     19520	80003e38	e0048d53	fmv.x.w	x26,f9	  f9:0x7fc00000 x26=0x7fc00000
     195245.000 ns	     19523	80003e3c	c009b353	fcvt.w.s	x6,f19	 f19:0x7fc00000  x6=0x7fffffff
     195265.000 ns	     19525	80003e40	00b3ab33	slt	x22,x7,x11	  x7:0x00000040 x11:0x80041024 x22=0x00000000
     195275.000 ns	     19526	80003e44	010ae333	or	x6,x21,x16	 x21:0x00000000 x16:0xfffff840  x6=0xfffff840
     195285.000 ns	     19527	80003e48	01e4f833	and	x16,x9,x30	  x9:0x00000000 x30:0x00000001 x16=0x00000000
     195295.000 ns	     19528	80003e4c	3e416413	ori	x8,x2,996	  x2:0xf9972418  x8=0xf99727fc
     195305.000 ns	     19529	80003e50	6024b293	sltiu	x5,x9,1538	  x9:0x00000000  x5=0x00000001
     195315.000 ns	     19530	80003e54	00000013	addi	x0,x0,0	  x0:0x00000000
     195335.000 ns	     19532	80003e58	208c81d3	fsgnj.s	f3,f25,f8	 f25:0xcefff7df  f8:0x00000000  f3=0x4efff7df
     195365.000 ns	     19535	80003e5c	029644b3	div	x9,x12,x9	 x12:0x00000000  x9:0x00000000  x9=0xffffffff
     195395.000 ns	     19538	80003e60	03df9333	mulh	x6,x31,x29	 x31:0x00000000 x29:0x00000001  x6=0x00000000
     195445.000 ns	     19543	80003e64	08bdba53	fsub.s	f20,f27,f11	 f27:0x7fc00000 f11:0xffc00000 f20=0x7fc00000
     195465.000 ns	     19545	80003e68	8363a897	auipc	x17,0x8363a	 x17=0x0363de68
     195495.000 ns	     19548	80003e6c	19e07ad3	fdiv.s	f21,f0,f30	  f0:0x00000000 f30:0x7fc00000 f21=0x7fc00000
     195515.000 ns	     19550	80003e70	1f916d13	ori	x26,x2,505	  x2:0xf9972418 x26=0xf99725f9
     195535.000 ns	     19552	80003e74	d013cc53	fcvt.s.wu	f24,x7	  x7:0x00000040 f24=0x42800000
     195555.000 ns	     19554	80003e78	21c20f13	addi	x30,x4,540	  x4:0xffc00000 x30=0xffc0021c
     195565.000 ns	     19555	80003e7c	01fbeb33	or	x22,x23,x31	 x23:0xfffff845 x31:0x00000000 x22=0xfffff845
     195585.000 ns	     19557	80003e80	a16f0dd3	fle.s	x27,f30,f22	 f30:0x7fc00000 f22:0x7fc00000 x27=0x00000000
     195615.000 ns	     19560	80003e84	03140bb3	mul	x23,x8,x17	  x8:0xf99727fc x17:0x0363de68 x23=0xe488c660
     195635.000 ns	     19562	80003e88	00000013	addi	x0,x0,0	  x0:0x00000000
     195655.000 ns	     19564	80003e8c	a0a70b53	fle.s	x22,f14,f10	 f14:0x7fc00000 f10:0x7fc00000 x22=0x00000000
     195685.000 ns	     19567	80003e90	025388b3	mul	x17,x7,x5	  x7:0x00000040  x5:0x00000001 x17=0x00000040
     196055.000 ns	     19604	80003e94	03d34633	div	x12,x6,x29	  x6:0x00000000 x29:0x00000001 x12=0x00000000
     196085.000 ns	     19607	80003e98	a1c90ed3	fle.s	x29,f18,f28	 f18:0x4ce8b000 f28:0x7fc00000 x29=0x00000000
     196115.000 ns	     19610	80003e9c	02c744b3	div	x9,x14,x12	 x14:0x00000000 x12:0x00000000  x9=0xffffffff
     196145.000 ns	     19613	80003ea0	208889d3	fsgnj.s	f19,f17,f8	 f17:0x4eb14ec2  f8:0x00000000 f19=0x4eb14ec2
     196165.000 ns	     19615	80003ea4	412003b3	sub	x7,x0,x18	  x0:0x00000000 x18:0x13de65c7  x7=0xec219a39
     196185.000 ns	     19617	80003ea8	d00920d3	fcvt.s.w	f1,x18	 x18:0x13de65c7  f1=0x4d9ef32f
     196225.000 ns	     19621	80003eac	182e47d3	fdiv.s	f15,f28,f2	 f28:0x7fc00000  f2:0x00000000 f15=0x7fc00000
     196255.000 ns	     19624	80003eb0	0300b233	mulhu	x4,x1,x16	  x1:0xec219a39 x16:0x00000000  x4=0x00000000
     196285.000 ns	     19627	80003eb4	28ba1e53	fmax.s	f28,f20,f11	 f20:0x7fc00000 f11:0xffc00000 f28=0x7fc00000
     196315.000 ns	     19630	80003eb8	f00b0f53	fmv.w.x	f30,x22	 x22:0x00000000 f30=0x00000000
     196685.000 ns	     19667	80003ebc	02f0cc33	div	x24,x1,x15	  x1:0xec219a39 x15:0xfffffdc5 x24=0x0008e86a
     196715.000 ns	     19670	80003ec0	a1272853	feq.s	x16,f14,f18	 f14:0x7fc00000 f18:0x4ce8b000 x16=0x00000000
     196745.000 ns	     19673	80003ec4	c0052053	fcvt.w.s	x0,f10	 f10:0x7fc00000
     197115.000 ns	     19710	80003ec8	025b5b33	divu	x22,x22,x5	 x22:0x00000000  x5:0x00000001 x22=0x00000000
     197135.000 ns	     19712	80003ecc	010c5733	srl	x14,x24,x16	 x24:0x0008e86a x16:0x00000000 x14=0x0008e86a
     197175.000 ns	     19716	80003ed0	091f7d53	fsub.s	f26,f30,f17	 f30:0x00000000 f17:0x4eb14ec2 f26=0xceb14ec2
     197195.000 ns	     19718	80003ed4	37d7b437	lui	x8,0x37d7b	  x8=0x37d7b000
     197205.000 ns	     19719	80003ed8	40775d93	srai	x27,x14,0x7	 x14:0x0008e86a x27=0x000011d0
     197215.000 ns	     19720	80003edc	812b0c17	auipc	x24,0x812b0	 x24=0x012b3edc
     197575.000 ns	     19756	80003ee0	02aef9b3	remu	x19,x29,x10	 x29:0x00000000 x10:0xa3b1d000 x19=0x00000000
     197605.000 ns	     19759	80003ee4	c01426d3	fcvt.wu.s	x13,f8	  f8:0x00000000 x13=0x00000000
     197625.000 ns	     19761	80003ee8	01778b33	add	x22,x15,x23	 x15:0xfffffdc5 x23:0xe488c660 x22=0xe488c425
     197645.000 ns	     19763	80003eec	c001f8d3	fcvt.w.s	x17,f3	  f3:0x4efff7df x17=0x7ffbef80
     197675.000 ns	     19766	80003ef0	d010bfd3	fcvt.s.wu	f31,x1	  x1:0xec219a39 f31=0x4f6c219b
     197695.000 ns	     19768	80003ef4	00183393	sltiu	x7,x16,1	 x16:0x00000000  x7=0x00000001
     197705.000 ns	     19769	80003ef8	75bd8313	addi	x6,x27,1883	 x27:0x000011d0  x6=0x0000192b
     197715.000 ns	     19770	80003efc	00774f33	xor	x30,x14,x7	 x14:0x0008e86a  x7:0xec219a39 x30=0x0008e86b
     197725.000 ns	     19771	80003f00	fc9eb513	sltiu	x10,x29,-55	 x29:0x00000000 x10=0x00000001
     197735.000 ns	     19772	80003f04	63b00313	addi	x6,x0,1595	  x0:0x00000000  x6=0x0000063b
     197745.000 ns	     19773	80003f08	0071eab3	or	x21,x3,x7	  x3:0x8928cdc4  x7:0x00000001 x21=0x8928cdc5
     197755.000 ns	     19774	80003f0c	403d08b3	sub	x17,x26,x3	 x26:0xf99725f9  x3:0x8928cdc4 x17=0x706e5835
     197775.000 ns	     19776	80003f10	a08f0bd3	fle.s	x23,f30,f8	 f30:0x00000000  f8:0x00000000 x23=0x00000001
     197795.000 ns	     19778	80003f14	01f6c8b3	xor	x17,x13,x31	 x13:0x00000000 x31:0x00000000 x17=0x00000000
     197815.000 ns	     19780	80003f18	e00e8b53	fmv.x.w	x22,f29	 f29:0x00000000 x22=0x00000000
     197855.000 ns	     19784	80003f1c	580b3a53	fsqrt.s	f20,f22	 f22:0x7fc00000 f20=0x7fc00000
     197875.000 ns	     19786	80003f20	40ec5713	srai	x14,x24,0xe	 x24:0x012b3edc x14=0x000004ac
     197885.000 ns	     19787	80003f24	0096cc33	xor	x24,x13,x9	 x13:0x00000000  x9:0xffffffff x24=0xffffffff
     197895.000 ns	     19788	80003f28	0166dab3	srl	x21,x13,x22	 x13:0x00000000 x22:0x00000000 x21=0x00000000
     197925.000 ns	     19791	80003f2c	1115b7d3	fmul.s	f15,f11,f17	 f11:0xffc00000 f17:0x4eb14ec2 f15=0x7fc00000
     197955.000 ns	     19794	80003f30	d017f0d3	fcvt.s.wu	f1,x15	 x15:0xfffffdc5  f1=0x4f7ffffd
     197985.000 ns	     19797	80003f34	29df9953	fmax.s	f18,f31,f29	 f31:0x4f6c219b f29:0x00000000 f18=0x4f6c219b
     198005.000 ns	     19799	80003f38	4065da93	srai	x21,x11,0x6	 x11:0x80041024 x21=0xfe001040
     198025.000 ns	     19801	80003f3c	d01e3553	fcvt.s.wu	f10,x28	 x28:0x80040fe4 f10=0x4f000410
     198045.000 ns	     19803	80003f40	00000013	addi	x0,x0,0	  x0:0x00000000
     198055.000 ns	     19804	80003f44	22ff0213	addi	x4,x30,559	 x30:0x0008e86b  x4=0x0008ea9a
     198075.000 ns	     19806	80003f48	214005d3	fsgnj.s	f11,f0,f20	  f0:0x00000000 f20:0x7fc00000 f11=0x00000000
     198095.000 ns	     19808	80003f4c	411c54b3	sra	x9,x24,x17	 x24:0xffffffff x17:0x00000000  x9=0xffffffff
     198105.000 ns	     19809	80003f50	a387bc93	sltiu	x25,x15,-1480	 x15:0xfffffdc5 x25=0x00000000
     198125.000 ns	     19811	80003f54	a00d83d3	fle.s	x7,f27,f0	 f27:0x7fc00000  f0:0x00000000  x7=0x00000000
     198145.000 ns	     19813	80003f58	6796d2b7	lui	x5,0x6796d	  x5=0x6796d000
     198165.000 ns	     19815	80003f5c	287d92d3	fmax.s	f5,f27,f7	 f27:0x7fc00000  f7:0x7fc00000  f5=0x7fc00000
     198195.000 ns	     19818	80003f60	e0001dd3	fclass.s	x27,f0	  f0:0x00000000 x27=0x00000010
     198235.000 ns	     19822	80003f64	114c3253	fmul.s	f4,f24,f20	 f24:0x42800000 f20:0x7fc00000  f4=0x7fc00000
     198255.000 ns	     19824	80003f68	41b08d33	sub	x26,x1,x27	  x1:0xec219a39 x27:0x00000010 x26=0xec219a29
     198265.000 ns	     19825	80003f6c	01b271b3	and	x3,x4,x27	  x4:0x0008ea9a x27:0x00000010  x3=0x00000010
     198285.000 ns	     19827	80003f70	02790d33	mul	x26,x18,x7	 x18:0x13de65c7  x7:0x00000000 x26=0x00000000
     198315.000 ns	     19830	80003f74	a1739553	flt.s	x10,f7,f23	  f7:0x7fc00000 f23:0x00000000 x10=0x00000000
     198355.000 ns	     19834	80003f78	580a7153	fsqrt.s	f2,f20	 f20:0x7fc00000  f2=0x7fc00000
     198375.000 ns	     19836	80003f7c	40d4db93	srai	x23,x9,0xd	  x9:0xffffffff x23=0xffffffff
     198385.000 ns	     19837	80003f80	00785833	srl	x16,x16,x7	 x16:0x00000000  x7:0x00000000 x16=0x00000000
     198395.000 ns	     19838	80003f84	006ff033	and	x0,x31,x6	 x31:0x00000000  x6:0x0000063b
     198415.000 ns	     19840	80003f88	c0183053	fcvt.wu.s	x0,f16	 f16:0xcce7160e
     198445.000 ns	     19843	80003f8c	03aac433	div	x8,x21,x26	 x21:0xfe001040 x26:0x00000000  x8=0xffffffff
     198465.000 ns	     19845	80003f90	081d2293	slti	x5,x26,129	 x26:0x00000000  x5=0x00000001
     198475.000 ns	     19846	80003f94	005edc33	srl	x24,x29,x5	 x29:0x00000000  x5:0x6796d000 x24=0x00000000
     198495.000 ns	     19848	80003f98	d004b353	fcvt.s.w	f6,x9	  x9:0xffffffff  f6=0xbf800000
     198525.000 ns	     19851	80003f9c	e0019a53	fclass.s	x20,f3	  f3:0x4efff7df x20=0x00000040
     198545.000 ns	     19853	80003fa0	01adab33	slt	x22,x27,x26	 x27:0x00000010 x26:0x00000000 x22=0x00000000
     198565.000 ns	     19855	80003fa4	e00313d3	fclass.s	x7,f6	  f6:0xbf800000  x7=0x00000002
     198595.000 ns	     19858	80003fa8	287f8353	fmin.s	f6,f31,f7	 f31:0x4f6c219b  f7:0x7fc00000  f6=0x4f6c219b
     198645.000 ns	     19863	80003fac	083af9d3	fsub.s	f19,f21,f3	 f21:0x7fc00000  f3:0x4efff7df f19=0x7fc00000
     198665.000 ns	     19865	80003fb0	01831393	slli	x7,x6,0x18	  x6:0x0000063b  x7=0x3b000000
     198675.000 ns	     19866	80003fb4	00bc1313	slli	x6,x24,0xb	 x24:0x00000000  x6=0x00000000
     199035.000 ns	     19902	80003fb8	0287d0b3	divu	x1,x15,x8	 x15:0xfffffdc5  x8:0xffffffff  x1=0x00000000
     199065.000 ns	     19905	80003fbc	e00b8dd3	fmv.x.w	x27,f23	 f23:0x00000000 x27=0x00000000
     199085.000 ns	     19907	80003fc0	8a8c2a93	slti	x21,x24,-1880	 x24:0x00000000 x21=0x00000000
     199105.000 ns	     19909	80003fc4	02cff933	remu	x18,x31,x12	 x31:0x00000000 x12:0x00000000 x18=0x00000000
     199135.000 ns	     19912	80003fc8	03bf1a33	mulh	x20,x30,x27	 x30:0x0008e86b x27:0x00000000 x20=0x00000000
     199155.000 ns	     19914	80003fcc	01785c13	srli	x24,x16,0x17	 x16:0x00000000 x24=0x00000000
     199165.000 ns	     19915	80003fd0	41945293	srai	x5,x8,0x19	  x8:0xffffffff  x5=0xffffffff
     199185.000 ns	     19917	80003fd4	a024ac53	feq.s	x24,f9,f2	  f9:0x7fc00000  f2:0x7fc00000 x24=0x00000000
     199215.000 ns	     19920	80003fd8	a10a9ed3	flt.s	x29,f21,f16	 f21:0x7fc00000 f16:0xcce7160e x29=0x00000000
     199235.000 ns	     19922	80003fdc	011374b3	and	x9,x6,x17	  x6:0x00000000 x17:0x00000000  x9=0x00000000
     199245.000 ns	     19923	80003fe0	00eb9233	sll	x4,x23,x14	 x23:0xffffffff x14:0x000004ac  x4=0xfffff000
     199255.000 ns	     19924	80003fe4	a36d0db7	lui	x27,0xa36d0	 x27=0xa36d0000
     199275.000 ns	     19926	80003fe8	210e04d3	fsgnj.s	f9,f28,f16	 f28:0x7fc00000 f16:0xcce7160e  f9=0xffc00000
     199305.000 ns	     19929	80003fec	02288433	mul	x8,x17,x2	 x17:0x00000000  x2:0xf9972418  x8=0x00000000
     199325.000 ns	     19931	80003ff0	571d1437	lui	x8,0x571d1	  x8=0x571d1000
     199335.000 ns	     19932	80003ff4	017f2833	slt	x16,x30,x23	 x30:0x0008e86b x23:0xffffffff x16=0x00000000
     199345.000 ns	     19933	80003ff8	14082693	slti	x13,x16,320	 x16:0x00000000 x13=0x00000001
     199365.000 ns	     19935	80003ffc	d00b8f53	fcvt.s.w	f30,x23	 x23:0xffffffff f30=0xbf800000
     199395.000 ns	     19938	80004000	a1cb0f53	fle.s	x30,f22,f28	 f22:0x7fc00000 f28:0x7fc00000 x30=0x00000000
     199425.000 ns	     19941	80004004	206c9b53	fsgnjn.s	f22,f25,f6	 f25:0xcefff7df  f6:0x4f6c219b f22=0xcefff7df
     199445.000 ns	     19943	80004008	5f048913	addi	x18,x9,1520	  x9:0x00000000 x18=0x000005f0
     199455.000 ns	     19944	8000400c	00549213	slli	x4,x9,0x5	  x9:0x00000000  x4=0x00000000
     199465.000 ns	     19945	80004010	01672633	slt	x12,x14,x22	 x14:0x000004ac x22:0x00000000 x12=0x00000000
     199485.000 ns	     19947	80004014	c00ffed3	fcvt.w.s	x29,f31	 f31:0x4f6c219b x29=0x7fffffff
     199505.000 ns	     19949	80004018	fa3aaf13	slti	x30,x21,-93	 x21:0x00000000 x30=0x00000000
     199515.000 ns	     19950	8000401c	f9c34d93	xori	x27,x6,-100	  x6:0x00000000 x27=0xffffff9c
     199535.000 ns	     19952	80004020	a1490853	fle.s	x16,f18,f20	 f18:0x4f6c219b f20:0x7fc00000 x16=0x00000000
     199565.000 ns	     19955	80004024	020ce6b3	rem	x13,x25,x0	 x25:0x00000000  x0:0x00000000 x13=0x00000000
     199595.000 ns	     19958	80004028	29748753	fmin.s	f14,f9,f23	  f9:0xffc00000 f23:0x00000000 f14=0x00000000
     199615.000 ns	     19960	8000402c	01599433	sll	x8,x19,x21	 x19:0x00000000 x21:0x00000000  x8=0x00000000
     199625.000 ns	     19961	80004030	013a9293	slli	x5,x21,0x13	 x21:0x00000000  x5=0x00000000
     199645.000 ns	     19963	80004034	d001f2d3	fcvt.s.w	f5,x3	  x3:0x00000010  f5=0x41800000
     199675.000 ns	     19966	80004038	025d00b3	mul	x1,x26,x5	 x26:0x00000000  x5:0xffffffff  x1=0x00000000
     199725.000 ns	     19971	8000403c	0995c353	fsub.s	f6,f11,f25	 f11:0x00000000 f25:0xcefff7df  f6=0x4efff7df
     199755.000 ns	     19974	80004040	0339f6b3	remu	x13,x19,x19	 x19:0x00000000 x19:0x00000000 x13=0x00000000
     199785.000 ns	     19977	80004044	a1448b53	fle.s	x22,f9,f20	  f9:0xffc00000 f20:0x7fc00000 x22=0x00000000
     199825.000 ns	     19981	80004048	18947fd3	fdiv.s	f31,f8,f9	  f8:0x00000000  f9:0xffc00000 f31=0x7fc00000
     199855.000 ns	     19984	8000404c	c00fafd3	fcvt.w.s	x31,f31	 f31:0x4f6c219b x31=0x7fffffff
     199875.000 ns	     19986	80004050	01c67f33	and	x30,x12,x28	 x12:0x00000000 x28:0x80040fe4 x30=0x00000000
     199885.000 ns	     19987	80004054	0134a233	slt	x4,x9,x19	  x9:0x00000000 x19:0x00000000  x4=0x00000000
     199925.000 ns	     19991	80004058	00257753	fadd.s	f14,f10,f2	 f10:0x4f000410  f2:0x7fc00000 f14=0x7fc00000
     199955.000 ns	     19994	8000405c	f00e8fd3	fmv.w.x	f31,x29	 x29:0x7fffffff f31=0x7fffffff
     199985.000 ns	     19997	80004060	20d087d3	fsgnj.s	f15,f1,f13	  f1:0x4f7ffffd f13:0x7f800000 f15=0x4f7ffffd
     200015.000 ns	     20000	80004064	28879753	fmax.s	f14,f15,f8	 f15:0x7fc00000  f8:0x00000000 f14=0x4f7ffffd
     200035.000 ns	     20002	80004068	0130b7b3	sltu	x15,x1,x19	  x1:0x00000000 x19:0x00000000 x15=0x00000000
     200045.000 ns	     20003	8000406c	408353b3	sra	x7,x6,x8	  x6:0x00000000  x8:0x00000000  x7=0x00000000
     200065.000 ns	     20005	80004070	299294d3	fmax.s	f9,f5,f25	  f5:0x41800000 f25:0xcefff7df  f9=0x41800000
     200095.000 ns	     20008	80004074	a1ee99d3	flt.s	x19,f29,f30	 f29:0x00000000 f30:0xbf800000 x19=0x00000000
     200125.000 ns	     20011	80004078	21b60e53	fsgnj.s	f28,f12,f27	 f12:0xffc00000 f27:0x7fc00000 f28=0x7fc00000
     200145.000 ns	     20013	8000407c	9fe69217	auipc	x4,0x9fe69	  x4=0x1fe6d07c
     200165.000 ns	     20015	80004080	e0050553	fmv.x.w	x10,f10	 f10:0x4f000410 x10=0x4f000410
     200195.000 ns	     20018	80004084	029e7c33	remu	x24,x28,x9	 x28:0x80040fe4  x9:0x00000000 x24=0x80040fe4
     200215.000 ns	     20020	80004088	40be8fb3	sub	x31,x29,x11	 x29:0x7fffffff x11:0x80041024 x31=0xfffbefdb
     200225.000 ns	     20021	8000408c	40cdddb3	sra	x27,x27,x12	 x27:0xffffff9c x12:0x00000000 x27=0xffffff9c
     200245.000 ns	     20023	80004090	219801d3	fsgnj.s	f3,f16,f25	 f16:0xcce7160e f25:0xcefff7df  f3=0xcce7160e
     200275.000 ns	     20026	80004094	02e60ab3	mul	x21,x12,x14	 x12:0x00000000 x14:0x000004ac x21=0x00000000
     200295.000 ns	     20028	80004098	0047ed33	or	x26,x15,x4	 x15:0x00000000  x4:0x1fe6d07c x26=0x1fe6d07c
     200655.000 ns	     20064	8000409c	03bf4633	div	x12,x30,x27	 x30:0x00000000 x27:0xffffff9c x12=0x00000000
     200675.000 ns	     20066	800040a0	417cd733	sra	x14,x25,x23	 x25:0x00000000 x23:0xffffffff x14=0x00000000
     200695.000 ns	     20068	800040a4	0344b1b3	mulhu	x3,x9,x20	  x9:0x00000000 x20:0x00000000  x3=0x00000000
     200725.000 ns	     20071	800040a8	023617b3	mulh	x15,x12,x3	 x12:0x00000000  x3:0x00000010 x15=0x00000000
     200745.000 ns	     20073	800040ac	40e6dc13	srai	x24,x13,0xe	 x13:0x00000000 x24=0x00000000
     200765.000 ns	     20075	800040b0	29fe0e53	fmin.s	f28,f28,f31	 f28:0x7fc00000 f31:0x7fffffff f28=0x7fc00000
     200795.000 ns	     20078	800040b4	a1f591d3	flt.s	x3,f11,f31	 f11:0x00000000 f31:0x7fffffff  x3=0x00000000
     200825.000 ns	     20081	800040b8	a1a48bd3	fle.s	x23,f9,f26	  f9:0x41800000 f26:0xceb14ec2 x23=0x00000000
     200845.000 ns	     20083	800040bc	40f87c17	auipc	x24,0x40f87	 x24=0xc0f8b0bc
     200875.000 ns	     20086	800040c0	193f3d53	fdiv.s	f26,f30,f19	 f30:0xbf800000 f19:0x7fc00000 f26=0x7fc00000
     200905.000 ns	     20089	800040c4	28a21853	fmax.s	f16,f4,f10	  f4:0x7fc00000 f10:0x4f000410 f16=0x4f000410
     200945.000 ns	     20093	800040c8	11357053	fmul.s	f0,f10,f19	 f10:0x4f000410 f19:0x7fc00000  f0=0x7fc00000
     200975.000 ns	     20096	800040cc	a06f9853	flt.s	x16,f31,f6	 f31:0x7fffffff  f6:0x4efff7df x16=0x00000000
     200995.000 ns	     20098	800040d0	41e65c33	sra	x24,x12,x30	 x12:0x00000000 x30:0x00000000 x24=0x00000000
     201015.000 ns	     20100	800040d4	033a37b3	mulhu	x15,x20,x19	 x20:0x00000000 x19:0x00000000 x15=0x00000000
     201035.000 ns	     20102	800040d8	01a57a33	and	x20,x10,x26	 x10:0x4f000410 x26:0x1fe6d07c x20=0x0f000010
     201055.000 ns	     20104	800040dc	c00e7953	fcvt.w.s	x18,f28	 f28:0x7fc00000 x18=0x7fffffff
     201075.000 ns	     20106	800040e0	004d0a33	add	x20,x26,x4	 x26:0x1fe6d07c  x4:0x1fe6d07c x20=0x3fcda0f8
     201085.000 ns	     20107	800040e4	08352e97	auipc	x29,0x8352	 x29=0x883560e4
     201125.000 ns	     20111	800040e8	0137a9d3	fadd.s	f19,f15,f19	 f15:0x4f7ffffd f19:0x7fc00000 f19=0x7fc00000
     201155.000 ns	     20114	800040ec	a15ca6d3	feq.s	x13,f25,f21	 f25:0xcefff7df f21:0x7fc00000 x13=0x00000000
     201175.000 ns	     20116	800040f0	005fdc33	srl	x24,x31,x5	 x31:0xfffbefdb  x5:0x00000000 x24=0xfffbefdb
     201185.000 ns	     20117	800040f4	3bc63f93	sltiu	x31,x12,956	 x12:0x00000000 x31=0x00000001
     201195.000 ns	     20118	800040f8	0165a733	slt	x14,x11,x22	 x11:0x80041024 x22:0x00000000 x14=0x00000001
     201205.000 ns	     20119	800040fc	01cc6013	ori	x0,x24,28	 x24:0xfffbefdb
     201215.000 ns	     20120	80004100	836ec417	auipc	x8,0x836ec	  x8=0x036f0100
     201235.000 ns	     20122	80004104	d01471d3	fcvt.s.wu	f3,x8	  x8:0x00000000  f3=0x4c5bc040
     201265.000 ns	     20125	80004108	d01675d3	fcvt.s.wu	f11,x12	 x12:0x00000000 f11=0x00000000
     201295.000 ns	     20128	8000410c	f0070553	fmv.w.x	f10,x14	 x14:0x00000001 f10=0x00000001
     201665.000 ns	     20165	80004110	0286ef33	rem	x30,x13,x8	 x13:0x00000000  x8:0x036f0100 x30=0x00000000
     201685.000 ns	     20167	80004114	01ffe533	or	x10,x31,x31	 x31:0x00000001 x31:0x00000001 x10=0x00000001
     201695.000 ns	     20168	80004118	01c15913	srli	x18,x2,0x1c	  x2:0xf9972418 x18=0x0000000f
     201705.000 ns	     20169	8000411c	00d404b3	add	x9,x8,x13	  x8:0x036f0100 x13:0x00000000  x9=0x036f0100
     201725.000 ns	     20171	80004120	03482a33	mulhsu	x20,x16,x20	 x16:0x00000000 x20:0x3fcda0f8 x20=0x00000000
     201755.000 ns	     20174	80004124	20068b53	fsgnj.s	f22,f13,f0	 f13:0x7f800000  f0:0x7fc00000 f22=0x7f800000
     201775.000 ns	     20176	80004128	015561b3	or	x3,x10,x21	 x10:0x00000001 x21:0x00000000  x3=0x00000001
     201785.000 ns	     20177	8000412c	f1568413	addi	x8,x13,-235	 x13:0x00000000  x8=0xffffff15
     201805.000 ns	     20179	80004130	03603833	mulhu	x16,x0,x22	  x0:0x00000000 x22:0x00000000 x16=0x00000000
     201835.000 ns	     20182	80004134	202c2bd3	fsgnjx.s	f23,f24,f2	 f24:0x42800000  f2:0x7fc00000 f23=0x42800000
     201855.000 ns	     20184	80004138	001e21b3	slt	x3,x28,x1	 x28:0x80040fe4  x1:0x00000000  x3=0x00000001
     201875.000 ns	     20186	8000413c	e0038453	fmv.x.w	x8,f7	  f7:0x7fc00000  x8=0x7fc00000
     201905.000 ns	     20189	80004140	f00c0853	fmv.w.x	f16,x24	 x24:0xfffbefdb f16=0xfffbefdb
     201925.000 ns	     20191	80004144	00864fb3	xor	x31,x12,x8	 x12:0x00000000  x8:0x7fc00000 x31=0x7fc00000
     201945.000 ns	     20193	80004148	20e09553	fsgnjn.s	f10,f1,f14	  f1:0x4f7ffffd f14:0x4f7ffffd f10=0xcf7ffffd
     201985.000 ns	     20197	8000414c	119c7fd3	fmul.s	f31,f24,f25	 f24:0x42800000 f25:0xcefff7df f31=0xd1fff7e0
     202005.000 ns	     20199	80004150	40e15233	sra	x4,x2,x14	  x2:0xf9972418 x14:0x00000001  x4=0xfccb920c
     202015.000 ns	     20200	80004154	3592afb7	lui	x31,0x3592a	 x31=0x3592a000
     202035.000 ns	     20202	80004158	d0147d53	fcvt.s.wu	f26,x8	  x8:0x7fc00000 f26=0x4eff8000
     202055.000 ns	     20204	8000415c	00281533	sll	x10,x16,x2	 x16:0x00000000  x2:0xf9972418 x10=0x00000000
     202075.000 ns	     20206	80004160	a13eac53	feq.s	x24,f29,f19	 f29:0x00000000 f19:0x7fc00000 x24=0x00000000
     202095.000 ns	     20208	80004164	000fb7b3	sltu	x15,x31,x0	 x31:0x3592a000  x0:0x00000000 x15=0x00000000
     202115.000 ns	     20210	80004168	d0027753	fcvt.s.w	f14,x4	  x4:0xfccb920c f14=0xcc4d1b7d
     202135.000 ns	     20212	8000416c	00364933	xor	x18,x12,x3	 x12:0x00000000  x3:0x00000001 x18=0x00000001
     202165.000 ns	     20215	80004170	58067a53	fsqrt.s	f20,f12	 f12:0xffc00000 f20=0x7fc00000
     202195.000 ns	     20218	80004174	a0451c53	flt.s	x24,f10,f4	 f10:0xcf7ffffd  f4:0x7fc00000 x24=0x00000000
     202215.000 ns	     20220	80004178	2a134b93	xori	x23,x6,673	  x6:0x00000000 x23=0x000002a1
     202225.000 ns	     20221	8000417c	0109c0b3	xor	x1,x19,x16	 x19:0x00000000 x16:0x00000000  x1=0x00000000
     202245.000 ns	     20223	80004180	e0059653	fclass.s	x12,f11	 f11:0x00000000 x12=0x00000010
     202285.000 ns	     20227	80004184	10c17dd3	fmul.s	f27,f2,f12	  f2:0x7fc00000 f12:0xffc00000 f27=0x7fc00000
     202655.000 ns	     20264	80004188	02e7d0b3	divu	x1,x15,x14	 x15:0x00000000 x14:0x00000001  x1=0x00000000
     202685.000 ns	     20267	8000418c	03428ab3	mul	x21,x5,x20	  x5:0x00000000 x20:0x00000000 x21=0x00000000
     202705.000 ns	     20269	80004190	017ba0b3	slt	x1,x23,x23	 x23:0x000002a1 x23:0x000002a1  x1=0x00000000
     202715.000 ns	     20270	80004194	00fcbbb3	sltu	x23,x25,x15	 x25:0x00000000 x15:0x00000000 x23=0x00000000
     202725.000 ns	     20271	80004198	087fa093	slti	x1,x31,135	 x31:0x3592a000  x1=0x00000000
     202745.000 ns	     20273	8000419c	a1d798d3	flt.s	x17,f15,f29	 f15:0x4f7ffffd f29:0x00000000 x17=0x00000000
     202765.000 ns	     20275	800041a0	01bce733	or	x14,x25,x27	 x25:0x00000000 x27:0xffffff9c x14=0xffffff9c
     202795.000 ns	     20278	800041a4	1945f4d3	fdiv.s	f9,f11,f20	 f11:0x00000000 f20:0x7fc00000  f9=0x7fc00000
     202825.000 ns	     20281	800041a8	d018f653	fcvt.s.wu	f12,x17	 x17:0x00000000 f12=0x00000000
     202845.000 ns	     20283	800041ac	0012a033	slt	x0,x5,x1	  x5:0x00000000  x1:0x00000000
     202855.000 ns	     20284	800041b0	15692193	slti	x3,x18,342	 x18:0x00000001  x3=0x00000001
     202875.000 ns	     20286	800041b4	e0048ad3	fmv.x.w	x21,f9	  f9:0x7fc00000 x21=0x7fc00000
     202895.000 ns	     20288	800041b8	01d09db3	sll	x27,x1,x29	  x1:0x00000000 x29:0x883560e4 x27=0x00000000
     203255.000 ns	     20324	800041bc	02edcab3	div	x21,x27,x14	 x27:0xffffff9c x14:0xffffff9c x21=0x00000000
     203275.000 ns	     20326	800041c0	012d01b3	add	x3,x26,x18	 x26:0x1fe6d07c x18:0x00000001  x3=0x1fe6d07d
     203295.000 ns	     20328	800041c4	c008c3d3	fcvt.w.s	x7,f17	 f17:0x4eb14ec2  x7=0x58a76100
     203315.000 ns	     20330	800041c8	916f4f13	xori	x30,x30,-1770	 x30:0x00000000 x30=0xfffff916
     203325.000 ns	     20331	800041cc	c6332ab7	lui	x21,0xc6332	 x21=0xc6332000
     203345.000 ns	     20333	800041d0	03dfaa33	mulhsu	x20,x31,x29	 x31:0x3592a000 x29:0x883560e4 x20=0x1c8110a1
     203365.000 ns	     20335	800041d4	00962d33	slt	x26,x12,x9	 x12:0x00000010  x9:0x036f0100 x26=0x00000001
     203385.000 ns	     20337	800041d8	a1ca9553	flt.s	x10,f21,f28	 f21:0x7fc00000 f28:0x7fc00000 x10=0x00000000
     203405.000 ns	     20339	800041dc	72adec93	ori	x25,x27,1834	 x27:0x00000000 x25=0x0000072a
     203415.000 ns	     20340	800041e0	0114c4b3	xor	x9,x9,x17	  x9:0x036f0100 x17:0x00000000  x9=0x036f0100
     203435.000 ns	     20342	800041e4	284309d3	fmin.s	f19,f6,f4	  f6:0x4efff7df  f4:0x7fc00000 f19=0x4efff7df
     203805.000 ns	     20379	800041e8	03f0dd33	divu	x26,x1,x31	  x1:0x00000000 x31:0x3592a000 x26=0x00000000
     203845.000 ns	     20383	800041ec	19caacd3	fdiv.s	f25,f21,f28	 f21:0x7fc00000 f28:0x7fc00000 f25=0x7fc00000
     203865.000 ns	     20385	800041f0	1f506493	ori	x9,x0,501	  x0:0x00000000  x9=0x000001f5
     203875.000 ns	     20386	800041f4	8d3ba317	auipc	x6,0x8d3ba	  x6=0x0d3be1f4
     203885.000 ns	     20387	800041f8	01bf1233	sll	x4,x30,x27	 x30:0xfffff916 x27:0x00000000  x4=0xfffff916
     203895.000 ns	     20388	800041fc	40a86193	ori	x3,x16,1034	 x16:0x00000000  x3=0x0000040a
     203915.000 ns	     20390	80004200	a02c8c53	fle.s	x24,f25,f2	 f25:0x7fc00000  f2:0x7fc00000 x24=0x00000000
     203965.000 ns	     20395	80004204	0075f153	fadd.s	f2,f11,f7	 f11:0x00000000  f7:0x7fc00000  f2=0x7fc00000
     203985.000 ns	     20397	80004208	41cbdb33	sra	x22,x23,x28	 x23:0x00000000 x28:0x80040fe4 x22=0x00000000
     203995.000 ns	     20398	8000420c	00000013	addi	x0,x0,0	  x0:0x00000000
     204005.000 ns	     20399	80004210	dc2d7c93	andi	x25,x26,-574	 x26:0x00000000 x25=0x00000000
     204045.000 ns	     20403	80004214	00cab9d3	fadd.s	f19,f21,f12	 f21:0x7fc00000 f12:0x00000000 f19=0x7fc00000
     204085.000 ns	     20407	80004218	10949453	fmul.s	f8,f9,f9	  f9:0x7fc00000  f9:0x7fc00000  f8=0x7fc00000
     204105.000 ns	     20409	8000421c	40e5d833	sra	x16,x11,x14	 x11:0x80041024 x14:0xffffff9c x16=0xfffffff8
     204125.000 ns	     20411	80004220	c002f3d3	fcvt.w.s	x7,f5	  f5:0x41800000  x7=0x00000010
     204145.000 ns	     20413	80004224	0135bdb3	sltu	x27,x11,x19	 x11:0x80041024 x19:0x00000000 x27=0x00000000
     204155.000 ns	     20414	80004228	0098eb33	or	x22,x17,x9	 x17:0x00000000  x9:0x000001f5 x22=0x000001f5
     204165.000 ns	     20415	8000422c	00831993	slli	x19,x6,0x8	  x6:0x0d3be1f4 x19=0x3be1f400
     204185.000 ns	     20417	80004230	03698933	mul	x18,x19,x22	 x19:0x00000000 x22:0x00000000 x18=0x31328400
     204205.000 ns	     20419	80004234	00000013	addi	x0,x0,0	  x0:0x00000000
     204245.000 ns	     20423	80004238	08cff4d3	fsub.s	f9,f31,f12	 f31:0xd1fff7e0 f12:0x00000000  f9=0xd1fff7e0
     204265.000 ns	     20425	8000423c	40070233	sub	x4,x14,x0	 x14:0xffffff9c  x0:0x00000000  x4=0xffffff9c
     204275.000 ns	     20426	80004240	01f85933	srl	x18,x16,x31	 x16:0xfffffff8 x31:0x3592a000 x18=0xfffffff8
     204295.000 ns	     20428	80004244	a1a41353	flt.s	x6,f8,f26	  f8:0x7fc00000 f26:0x4eff8000  x6=0x00000000
     204325.000 ns	     20431	80004248	038acdb3	div	x27,x21,x24	 x21:0xc6332000 x24:0x00000000 x27=0xffffffff
     204375.000 ns	     20436	8000424c	015c7b53	fadd.s	f22,f24,f21	 f24:0x42800000 f21:0x7fc00000 f22=0x7fc00000
     204395.000 ns	     20438	80004250	1a9bc193	xori	x3,x23,425	 x23:0x00000000  x3=0x000001a9
     204405.000 ns	     20439	80004254	01330633	add	x12,x6,x19	  x6:0x00000000 x19:0x3be1f400 x12=0x3be1f400
     204425.000 ns	     20441	80004258	a1270953	fle.s	x18,f14,f18	 f14:0xcc4d1b7d f18:0x4f6c219b x18=0x00000001
     204475.000 ns	     20446	8000425c	00792153	fadd.s	f2,f18,f7	 f18:0x4f6c219b  f7:0x7fc00000  f2=0x7fc00000
     204495.000 ns	     20448	80004260	fe8e4713	xori	x14,x28,-24	 x28:0x80040fe4 x14=0x7ffbf00c
     204515.000 ns	     20450	80004264	207a28d3	fsgnjx.s	f17,f20,f7	 f20:0x7fc00000  f7:0x7fc00000 f17=0x7fc00000
     204545.000 ns	     20453	80004268	295308d3	fmin.s	f17,f6,f21	  f6:0x4efff7df f21:0x7fc00000 f17=0x4efff7df
     204565.000 ns	     20455	8000426c	00765bb3	srl	x23,x12,x7	 x12:0x3be1f400  x7:0x00000010 x23=0x00003be1
     204585.000 ns	     20457	80004270	02b0a6b3	mulhsu	x13,x1,x11	  x1:0x00000000 x11:0x80041024 x13=0x00000000
     204635.000 ns	     20462	80004274	017a38d3	fadd.s	f17,f20,f23	 f20:0x7fc00000 f23:0x42800000 f17=0x7fc00000
     204655.000 ns	     20464	80004278	017d3eb3	sltu	x29,x26,x23	 x26:0x00000000 x23:0x00003be1 x29=0x00000001
     204675.000 ns	     20466	8000427c	f00885d3	fmv.w.x	f11,x17	 x17:0x00000000 f11=0x00000000
     204705.000 ns	     20469	80004280	031603b3	mul	x7,x12,x17	 x12:0x3be1f400 x17:0x00000000  x7=0x00000000
     204725.000 ns	     20471	80004284	40bd5013	srai	x0,x26,0xb	 x26:0x00000000
     204735.000 ns	     20472	80004288	40455f33	sra	x30,x10,x4	 x10:0x00000000  x4:0xffffff9c x30=0x00000000
     204755.000 ns	     20474	8000428c	a11928d3	feq.s	x17,f18,f17	 f18:0x4f6c219b f17:0x7fc00000 x17=0x00000000
     204785.000 ns	     20477	80004290	20e21753	fsgnjn.s	f14,f4,f14	  f4:0x7fc00000 f14:0xcc4d1b7d f14=0x7fc00000
     204815.000 ns	     20480	80004294	0238b9b3	mulhu	x19,x17,x3	 x17:0x00000000  x3:0x000001a9 x19=0x00000000
     204845.000 ns	     20483	80004298	202bad53	fsgnjx.s	f26,f23,f2	 f23:0x42800000  f2:0x7fc00000 f26=0x42800000
     204865.000 ns	     20485	8000429c	54b63093	sltiu	x1,x12,1355	 x12:0x3be1f400  x1=0x00000000
     204885.000 ns	     20487	800042a0	c01702d3	fcvt.wu.s	x5,f14	 f14:0x7fc00000  x5=0xffffffff
     204905.000 ns	     20489	800042a4	407bdc93	srai	x25,x23,0x7	 x23:0x00003be1 x25=0x00000077
     204925.000 ns	     20491	800042a8	02a65bb3	divu	x23,x12,x10	 x12:0x3be1f400 x10:0x00000000 x23=0xffffffff
     204965.000 ns	     20495	800042ac	193f4b53	fdiv.s	f22,f30,f19	 f30:0xbf800000 f19:0x7fc00000 f22=0x7fc00000
     204995.000 ns	     20498	800042b0	21aa2953	fsgnjx.s	f18,f20,f26	 f20:0x7fc00000 f26:0x42800000 f18=0x7fc00000
     205015.000 ns	     20500	800042b4	d4226837	lui	x16,0xd4226	 x16=0xd4226000
     205025.000 ns	     20501	800042b8	006c51b3	srl	x3,x24,x6	 x24:0x00000000  x6:0x00000000  x3=0x00000000
     205045.000 ns	     20503	800042bc	21be9ed3	fsgnjn.s	f29,f29,f27	 f29:0x00000000 f27:0x7fc00000 f29=0x80000000
     205065.000 ns	     20505	800042c0	006d3e93	sltiu	x29,x26,6	 x26:0x00000000 x29=0x00000001
     205085.000 ns	     20507	800042c4	206e0dd3	fsgnj.s	f27,f28,f6	 f28:0x7fc00000  f6:0x4efff7df f27=0x7fc00000
     205105.000 ns	     20509	800042c8	69635d97	auipc	x27,0x69635	 x27=0xe96392c8
     205115.000 ns	     20510	800042cc	2735fd37	lui	x26,0x2735f	 x26=0x2735f000
     205145.000 ns	     20513	800042d0	580e22d3	fsqrt.s	f5,f28	 f28:0x7fc00000  f5=0x7fc00000
     205165.000 ns	     20515	800042d4	00000013	addi	x0,x0,0	  x0:0x00000000
     205185.000 ns	     20517	800042d8	03d28eb3	mul	x29,x5,x29	  x5:0xffffffff x29:0x00000001 x29=0xffffffff
     205215.000 ns	     20520	800042dc	e0060653	fmv.x.w	x12,f12	 f12:0x00000000 x12=0x00000000
     205245.000 ns	     20523	800042e0	a0ae2ad3	feq.s	x21,f28,f10	 f28:0x7fc00000 f10:0xcf7ffffd x21=0x00000000
     205275.000 ns	     20526	800042e4	a0728453	fle.s	x8,f5,f7	  f5:0x7fc00000  f7:0x7fc00000  x8=0x00000000
     205295.000 ns	     20528	800042e8	2df7cf13	xori	x30,x15,735	 x15:0x00000000 x30=0x000002df
     205315.000 ns	     20530	800042ec	02a796b3	mulh	x13,x15,x10	 x15:0x00000000 x10:0x00000000 x13=0x00000000
     205365.000 ns	     20535	800042f0	092b7253	fsub.s	f4,f22,f18	 f22:0x7fc00000 f18:0x7fc00000  f4=0x7fc00000
     205385.000 ns	     20537	800042f4	8afe6913	ori	x18,x28,-1873	 x28:0x80040fe4 x18=0xffffffef
     205395.000 ns	     20538	800042f8	0133d293	srli	x5,x7,0x13	  x7:0x00000000  x5=0x00000000
     205755.000 ns	     20574	800042fc	024bdc33	divu	x24,x23,x4	 x23:0xffffffff  x4:0xffffff9c x24=0x00000001
     205805.000 ns	     20579	80004300	007878d3	fadd.s	f17,f16,f7	 f16:0xfffbefdb  f7:0x7fc00000 f17=0x7fc00000
     205855.000 ns	     20584	80004304	00db0f53	fadd.s	f30,f22,f13	 f22:0x7fc00000 f13:0x7f800000 f30=0x7fc00000
     205875.000 ns	     20586	80004308	dd86ef13	ori	x30,x13,-552	 x13:0x00000000 x30=0xfffffdd8
     205885.000 ns	     20587	8000430c	13af4293	xori	x5,x30,314	 x30:0x000002df  x5=0xfffffce2
     205905.000 ns	     20589	80004310	207e2fd3	fsgnjx.s	f31,f28,f7	 f28:0x7fc00000  f7:0x7fc00000 f31=0x7fc00000
     205925.000 ns	     20591	80004314	c8aeeb93	ori	x23,x29,-886	 x29:0xffffffff x23=0xffffffff
     205935.000 ns	     20592	80004318	e809fb93	andi	x23,x19,-384	 x19:0x00000000 x23=0x00000000
     205955.000 ns	     20594	8000431c	293613d3	fmax.s	f7,f12,f19	 f12:0x00000000 f19:0x7fc00000  f7=0x00000000
     205975.000 ns	     20596	80004320	003e16b3	sll	x13,x28,x3	 x28:0x80040fe4  x3:0x00000000 x13=0x80040fe4
     205985.000 ns	     20597	80004324	68ae3617	auipc	x12,0x68ae3	 x12=0xe8ae7324
     205995.000 ns	     20598	80004328	efb9bc13	sltiu	x24,x19,-261	 x19:0x00000000 x24=0x00000001
     206005.000 ns	     20599	8000432c	00000013	addi	x0,x0,0	  x0:0x00000000
     206035.000 ns	     20602	80004330	101ff4d3	fmul.s	f9,f31,f1	 f31:0x7fc00000  f1:0x4f7ffffd  f9=0x7fc00000
     206065.000 ns	     20605	80004334	a0f9a853	feq.s	x16,f19,f15	 f19:0x7fc00000 f15:0x4f7ffffd x16=0x00000000
     206095.000 ns	     20608	80004338	20998cd3	fsgnj.s	f25,f19,f9	 f19:0x7fc00000  f9:0x7fc00000 f25=0x7fc00000
     206115.000 ns	     20610	8000433c	d10f6b13	ori	x22,x30,-752	 x30:0xfffffdd8 x22=0xfffffdd8
     206135.000 ns	     20612	80004340	a1dd0dd3	fle.s	x27,f26,f29	 f26:0x42800000 f29:0x80000000 x27=0x00000000
     206155.000 ns	     20614	80004344	014f9db3	sll	x27,x31,x20	 x31:0x3592a000 x20:0x1c8110a1 x27=0x6b254000
     206165.000 ns	     20615	80004348	31fa8793	addi	x15,x21,799	 x21:0x00000000 x15=0x0000031f
     206175.000 ns	     20616	8000434c	0004fa33	and	x20,x9,x0	  x9:0x000001f5  x0:0x00000000 x20=0x00000000
     206195.000 ns	     20618	80004350	035ecc33	div	x24,x29,x21	 x29:0xffffffff x21:0x00000000 x24=0xffffffff
     206225.000 ns	     20621	80004354	28621b53	fmax.s	f22,f4,f6	  f4:0x7fc00000  f6:0x4efff7df f22=0x4efff7df
     206245.000 ns	     20623	80004358	019c61b3	or	x3,x24,x25	 x24:0xffffffff x25:0x00000077  x3=0xffffffff
     206255.000 ns	     20624	8000435c	010e1513	slli	x10,x28,0x10	 x28:0x80040fe4 x10=0x0fe40000
     206275.000 ns	     20626	80004360	f00b8b53	fmv.w.x	f22,x23	 x23:0x00000000 f22=0x00000000
     206295.000 ns	     20628	80004364	01a8d033	srl	x0,x17,x26	 x17:0x00000000 x26:0x2735f000
     206305.000 ns	     20629	80004368	0080a3b3	slt	x7,x1,x8	  x1:0x00000000  x8:0x00000000  x7=0x00000000
     206325.000 ns	     20631	8000436c	f00b8453	fmv.w.x	f8,x23	 x23:0x00000000  f8=0x00000000
     206345.000 ns	     20633	80004370	01295cb3	srl	x25,x18,x18	 x18:0xffffffef x18:0xffffffef x25=0x0001ffff
     206375.000 ns	     20636	80004374	580f75d3	fsqrt.s	f11,f30	 f30:0x7fc00000 f11=0x7fc00000
     206395.000 ns	     20638	80004378	01de8cb3	add	x25,x29,x29	 x29:0xffffffff x29:0xffffffff x25=0xfffffffe
     206405.000 ns	     20639	8000437c	00326233	or	x4,x4,x3	  x4:0xffffff9c  x3:0xffffffff  x4=0xffffffff
     206415.000 ns	     20640	80004380	40c7d693	srai	x13,x15,0xc	 x15:0x0000031f x13=0x00000000
     206425.000 ns	     20641	80004384	e049b513	sltiu	x10,x19,-508	 x19:0x00000000 x10=0x00000001
     206445.000 ns	     20643	80004388	e0028053	fmv.x.w	x0,f5	  f5:0x7fc00000
     206475.000 ns	     20646	8000438c	2057a953	fsgnjx.s	f18,f15,f5	 f15:0x4f7ffffd  f5:0x7fc00000 f18=0x4f7ffffd
     206505.000 ns	     20649	80004390	a07307d3	fle.s	x15,f6,f7	  f6:0x4efff7df  f7:0x00000000 x15=0x00000000
     206535.000 ns	     20652	80004394	21352ed3	fsgnjx.s	f29,f10,f19	 f10:0xcf7ffffd f19:0x7fc00000 f29=0xcf7ffffd
     206555.000 ns	     20654	80004398	000e1d93	slli	x27,x28,0x0	 x28:0x80040fe4 x27=0x80040fe4
     206575.000 ns	     20656	8000439c	a0ae0b53	fle.s	x22,f28,f10	 f28:0x7fc00000 f10:0xcf7ffffd x22=0x00000000
     206595.000 ns	     20658	800043a0	01bb2d33	slt	x26,x22,x27	 x22:0xfffffdd8 x27:0x6b254000 x26=0x00000000
     206605.000 ns	     20659	800043a4	00afb533	sltu	x10,x31,x10	 x31:0x3592a000 x10:0x00000001 x10=0x00000000
     206625.000 ns	     20661	800043a8	2009a9d3	fsgnjx.s	f19,f19,f0	 f19:0x7fc00000  f0:0x7fc00000 f19=0x7fc00000
     206655.000 ns	     20664	800043ac	d0061dd3	fcvt.s.w	f27,x12	 x12:0xe8ae7324 f27=0xcdba8c66
     206675.000 ns	     20666	800043b0	44e4b397	auipc	x7,0x44e4b	  x7=0xc4e4f3b0
     206685.000 ns	     20667	800043b4	206fc713	xori	x14,x31,518	 x31:0x3592a000 x14=0x3592a206
     206695.000 ns	     20668	800043b8	0026fab3	and	x21,x13,x2	 x13:0x00000000  x2:0xf9972418 x21=0x00000000
     206705.000 ns	     20669	800043bc	00000013	addi	x0,x0,0	  x0:0x00000000
     206725.000 ns	     20671	800043c0	03d63bb3	mulhu	x23,x12,x29	 x12:0xe8ae7324 x29:0xffffffff x23=0xe8ae7323
     206755.000 ns	     20674	800043c4	20438353	fsgnj.s	f6,f7,f4	  f7:0x00000000  f4:0x7fc00000  f6=0x00000000
     206785.000 ns	     20677	800043c8	c01cfdd3	fcvt.wu.s	x27,f25	 f25:0x7fc00000 x27=0xffffffff
     206805.000 ns	     20679	800043cc	00796033	or	x0,x18,x7	 x18:0xffffffef  x7:0xc4e4f3b0
     207165.000 ns	     20715	800043d0	03c9e933	rem	x18,x19,x28	 x19:0x00000000 x28:0x80040fe4 x18=0x00000000
     207185.000 ns	     20717	800043d4	01877eb3	and	x29,x14,x24	 x14:0x3592a206 x24:0xffffffff x29=0x3592a206
     207205.000 ns	     20719	800043d8	034c5f33	divu	x30,x24,x20	 x24:0xffffffff x20:0x00000000 x30=0xffffffff
     207225.000 ns	     20721	800043dc	01c19813	slli	x16,x3,0x1c	  x3:0xffffffff x16=0xf0000000
     207235.000 ns	     20722	800043e0	8c7af813	andi	x16,x21,-1849	 x21:0x00000000 x16=0x00000000
     207245.000 ns	     20723	800043e4	00f4e2b3	or	x5,x9,x15	  x9:0x000001f5 x15:0x00000000  x5=0x000001f5
     207265.000 ns	     20725	800043e8	21b40dd3	fsgnj.s	f27,f8,f27	  f8:0x00000000 f27:0xcdba8c66 f27=0x80000000
     207295.000 ns	     20728	800043ec	2142a5d3	fsgnjx.s	f11,f5,f20	  f5:0x7fc00000 f20:0x7fc00000 f11=0x7fc00000
     207315.000 ns	     20730	800043f0	000abdb3	sltu	x27,x21,x0	 x21:0x00000000  x0:0x00000000 x27=0x00000000
     207335.000 ns	     20732	800043f4	a1f312d3	flt.s	x5,f6,f31	  f6:0x00000000 f31:0x7fc00000  x5=0x00000000
     207375.000 ns	     20736	800043f8	102c7053	fmul.s	f0,f24,f2	 f24:0x42800000  f2:0x7fc00000  f0=0x7fc00000
     207425.000 ns	     20741	800043fc	00a77153	fadd.s	f2,f14,f10	 f14:0x7fc00000 f10:0xcf7ffffd  f2=0x7fc00000
     207455.000 ns	     20744	80004400	03b874b3	remu	x9,x16,x27	 x16:0x00000000 x27:0x00000000  x9=0x00000000
     207475.000 ns	     20746	80004404	0186d513	srli	x10,x13,0x18	 x13:0x00000000 x10=0x00000000
     207495.000 ns	     20748	80004408	f0000953	fmv.w.x	f18,x0	  x0:0x00000000 f18=0x00000000
     207515.000 ns	     20750	8000440c	00383cb3	sltu	x25,x16,x3	 x16:0x00000000  x3:0xffffffff x25=0x00000001
     207525.000 ns	     20751	80004410	01e1f1b3	and	x3,x3,x30	  x3:0xffffffff x30:0xffffffff  x3=0xffffffff
     207555.000 ns	     20754	80004414	5809f8d3	fsqrt.s	f17,f19	 f19:0x7fc00000 f17=0x7fc00000
     207925.000 ns	     20791	80004418	02ee46b3	div	x13,x28,x14	 x28:0x80040fe4 x14:0x3592a206 x13=0xfffffffe
     207955.000 ns	     20794	8000441c	037aac33	mulhsu	x24,x21,x23	 x21:0x00000000 x23:0xe8ae7323 x24=0x00000000
     208325.000 ns	     20831	80004420	03994f33	div	x30,x18,x25	 x18:0x00000000 x25:0x00000001 x30=0x00000000
     208345.000 ns	     20833	80004424	91114793	xori	x15,x2,-1775	  x2:0xf9972418 x15=0x0668dd09
     208355.000 ns	     20834	80004428	0104eb33	or	x22,x9,x16	  x9:0x00000000 x16:0x00000000 x22=0x00000000
     208365.000 ns	     20835	8000442c	012d38b3	sltu	x17,x26,x18	 x26:0x00000000 x18:0x00000000 x17=0x00000000
     208385.000 ns	     20837	80004430	29ed80d3	fmin.s	f1,f27,f30	 f27:0x80000000 f30:0x7fc00000  f1=0x80000000
     208415.000 ns	     20840	80004434	d01981d3	fcvt.s.wu	f3,x19	 x19:0x00000000  f3=0x00000000
     208445.000 ns	     20843	80004438	208c8753	fsgnj.s	f14,f25,f8	 f25:0x7fc00000  f8:0x00000000 f14=0x7fc00000
     208475.000 ns	     20846	8000443c	c01671d3	fcvt.wu.s	x3,f12	 f12:0x00000000  x3=0x00000000
     208505.000 ns	     20849	80004440	034bf033	remu	x0,x23,x20	 x23:0xe8ae7323 x20:0x00000000
     208525.000 ns	     20851	80004444	d668ac13	slti	x24,x17,-666	 x17:0x00000000 x24=0x00000000
     208545.000 ns	     20853	80004448	023862b3	rem	x5,x16,x3	 x16:0x00000000  x3:0x00000000  x5=0x00000000
     208565.000 ns	     20855	8000444c	0895ae93	slti	x29,x11,137	 x11:0x80041024 x29=0x00000001
     208575.000 ns	     20856	80004450	01c0d713	srli	x14,x1,0x1c	  x1:0x00000000 x14=0x00000000
     208595.000 ns	     20858	80004454	c001a453	fcvt.w.s	x8,f3	  f3:0x00000000  x8=0x00000000
     208615.000 ns	     20860	80004458	00141433	sll	x8,x8,x1	  x8:0x00000000  x1:0x00000000  x8=0x00000000
     208625.000 ns	     20861	8000445c	00000013	addi	x0,x0,0	  x0:0x00000000
     208635.000 ns	     20862	80004460	00aab4b3	sltu	x9,x21,x10	 x21:0x00000000 x10:0x00000000  x9=0x00000000
     208995.000 ns	     20898	80004464	037cdbb3	divu	x23,x25,x23	 x25:0x00000001 x23:0xe8ae7323 x23=0x00000000
     209025.000 ns	     20901	80004468	29c989d3	fmin.s	f19,f19,f28	 f19:0x7fc00000 f28:0x7fc00000 f19=0x7fc00000
     209045.000 ns	     20903	8000446c	410c8cb3	sub	x25,x25,x16	 x25:0x00000001 x16:0x00000000 x25=0x00000001
     209055.000 ns	     20904	80004470	79d16513	ori	x10,x2,1949	  x2:0xf9972418 x10=0xf997279d
     209075.000 ns	     20906	80004474	c00874d3	fcvt.w.s	x9,f16	 f16:0xfffbefdb  x9=0x7fffffff
     209105.000 ns	     20909	80004478	d0048cd3	fcvt.s.w	f25,x9	  x9:0x00000000 f25=0x4effffff
     209125.000 ns	     20911	8000447c	ae7feeb7	lui	x29,0xae7fe	 x29=0xae7fe000
     209135.000 ns	     20912	80004480	01652033	slt	x0,x10,x22	 x10:0xf997279d x22:0x00000000
     209155.000 ns	     20914	80004484	294f18d3	fmax.s	f17,f30,f20	 f30:0x7fc00000 f20:0x7fc00000 f17=0x7fc00000
     209185.000 ns	     20917	80004488	29e09253	fmax.s	f4,f1,f30	  f1:0x80000000 f30:0x7fc00000  f4=0x80000000
     209215.000 ns	     20920	8000448c	026bb233	mulhu	x4,x23,x6	 x23:0x00000000  x6:0x00000000  x4=0x00000000
     209245.000 ns	     20923	80004490	f00e0653	fmv.w.x	f12,x28	 x28:0x80040fe4 f12=0x80040fe4
     209265.000 ns	     20925	80004494	415b5733	sra	x14,x22,x21	 x22:0x00000000 x21:0x00000000 x14=0x00000000
     209285.000 ns	     20927	80004498	e00c0cd3	fmv.x.w	x25,f24	 f24:0x42800000 x25=0x42800000
     209315.000 ns	     20930	8000449c	206a2853	fsgnjx.s	f16,f20,f6	 f20:0x7fc00000  f6:0x00000000 f16=0x7fc00000
     209345.000 ns	     20933	800044a0	0214e433	rem	x8,x9,x1	  x9:0x7fffffff  x1:0x00000000  x8=0x7fffffff
     209365.000 ns	     20935	800044a4	00374333	xor	x6,x14,x3	 x14:0x00000000  x3:0x00000000  x6=0x00000000
     209375.000 ns	     20936	800044a8	00197433	and	x8,x18,x1	 x18:0x00000000  x1:0x00000000  x8=0x00000000
     209385.000 ns	     20937	800044ac	00cc5eb3	srl	x29,x24,x12	 x24:0x00000000 x12:0xe8ae7324 x29=0x00000000
     209405.000 ns	     20939	800044b0	f0090dd3	fmv.w.x	f27,x18	 x18:0x00000000 f27=0x00000000
     209425.000 ns	     20941	800044b4	c0e63793	sltiu	x15,x12,-1010	 x12:0xe8ae7324 x15=0x00000001
     209445.000 ns	     20943	800044b8	21c2a6d3	fsgnjx.s	f13,f5,f28	  f5:0x7fc00000 f28:0x7fc00000 f13=0x7fc00000
     209465.000 ns	     20945	800044bc	afff8bb7	lui	x23,0xafff8	 x23=0xafff8000
     209475.000 ns	     20946	800044c0	01b20833	add	x16,x4,x27	  x4:0x00000000 x27:0x00000000 x16=0x00000000
     209505.000 ns	     20949	800044c4	106a0c53	fmul.s	f24,f20,f6	 f20:0x7fc00000  f6:0x00000000 f24=0x7fc00000
     209535.000 ns	     20952	800044c8	e0050bd3	fmv.x.w	x23,f10	 f10:0xcf7ffffd x23=0xcf7ffffd
     209565.000 ns	     20955	800044cc	a00f8753	fle.s	x14,f31,f0	 f31:0x7fc00000  f0:0x7fc00000 x14=0x00000000
     209615.000 ns	     20960	800044d0	0995f5d3	fsub.s	f11,f11,f25	 f11:0x7fc00000 f25:0x4effffff f11=0x7fc00000
     209635.000 ns	     20962	800044d4	83166a13	ori	x20,x12,-1999	 x12:0xe8ae7324 x20=0xfffffb35
     209655.000 ns	     20964	800044d8	020377b3	remu	x15,x6,x0	  x6:0x00000000  x0:0x00000000 x15=0x00000000
     209675.000 ns	     20966	800044dc	00d6a0b3	slt	x1,x13,x13	 x13:0xfffffffe x13:0xfffffffe  x1=0x00000000
     209695.000 ns	     20968	800044e0	c011c9d3	fcvt.wu.s	x19,f3	  f3:0x00000000 x19=0x00000000
     210065.000 ns	     21005	800044e4	029cf633	remu	x12,x25,x9	 x25:0x42800000  x9:0x7fffffff x12=0x42800000
     210085.000 ns	     21007	800044e8	01a7d6b3	srl	x13,x15,x26	 x15:0x00000000 x26:0x00000000 x13=0x00000000
     210105.000 ns	     21009	800044ec	022b98b3	mulh	x17,x23,x2	 x23:0xcf7ffffd  x2:0xf9972418 x17=0x0136dda9
     210125.000 ns	     21011	800044f0	0030d013	srli	x0,x1,0x3	  x1:0x00000000
     210135.000 ns	     21012	800044f4	15532293	slti	x5,x6,341	  x6:0x00000000  x5=0x00000001
     210145.000 ns	     21013	800044f8	0076dd93	srli	x27,x13,0x7	 x13:0x00000000 x27=0x00000000
     210165.000 ns	     21015	800044fc	a08aa953	feq.s	x18,f21,f8	 f21:0x7fc00000  f8:0x00000000 x18=0x00000000
     210535.000 ns	     21052	80004500	02b3e033	rem	x0,x7,x11	  x7:0xc4e4f3b0 x11:0x80041024
     210565.000 ns	     21055	80004504	e00d1d53	fclass.s	x26,f26	 f26:0x42800000 x26=0x00000040
     210605.000 ns	     21059	80004508	10fc26d3	fmul.s	f13,f24,f15	 f24:0x7fc00000 f15:0x4f7ffffd f13=0x7fc00000
     210635.000 ns	     21062	8000450c	f0050ad3	fmv.w.x	f21,x10	 x10:0xf997279d f21=0xf997279d
     210665.000 ns	     21065	80004510	20ff15d3	fsgnjn.s	f11,f30,f15	 f30:0x7fc00000 f15:0x4f7ffffd f11=0xffc00000
     210695.000 ns	     21068	80004514	a1c28853	fle.s	x16,f5,f28	  f5:0x7fc00000 f28:0x7fc00000 x16=0x00000000
     210725.000 ns	     21071	80004518	283690d3	fmax.s	f1,f13,f3	 f13:0x7fc00000  f3:0x00000000  f1=0x00000000
     210755.000 ns	     21074	8000451c	a1a02753	feq.s	x14,f0,f26	  f0:0x7fc00000 f26:0x42800000 x14=0x00000000
     210785.000 ns	     21077	80004520	e0071053	fclass.s	x0,f14	 f14:0x7fc00000
     210835.000 ns	     21082	80004524	082492d3	fsub.s	f5,f9,f2	  f9:0x7fc00000  f2:0x7fc00000  f5=0x7fc00000
     210855.000 ns	     21084	80004528	a777be93	sltiu	x29,x15,-1417	 x15:0x00000000 x29=0x00000001
     210875.000 ns	     21086	8000452c	c0071653	fcvt.w.s	x12,f14	 f14:0x7fc00000 x12=0x7fffffff
     210905.000 ns	     21089	80004530	a15c8f53	fle.s	x30,f25,f21	 f25:0x4effffff f21:0xf997279d x30=0x00000000
     210935.000 ns	     21092	80004534	c00288d3	fcvt.w.s	x17,f5	  f5:0x7fc00000 x17=0x7fffffff
     210955.000 ns	     21094	80004538	01cbc2b3	xor	x5,x23,x28	 x23:0xcf7ffffd x28:0x80040fe4  x5=0x4f7bf019
     210975.000 ns	     21096	8000453c	03e176b3	remu	x13,x2,x30	  x2:0xf9972418 x30:0x00000000 x13=0xf9972418
     211005.000 ns	     21099	80004540	a0b727d3	feq.s	x15,f14,f11	 f14:0x7fc00000 f11:0xffc00000 x15=0x00000000
     211025.000 ns	     21101	80004544	01433033	sltu	x0,x6,x20	  x6:0x00000000 x20:0xfffffb35
     211045.000 ns	     21103	80004548	a04aa7d3	feq.s	x15,f21,f4	 f21:0xf997279d  f4:0x80000000 x15=0x00000000
     211095.000 ns	     21108	8000454c	088fcfd3	fsub.s	f31,f31,f8	 f31:0x7fc00000  f8:0x00000000 f31=0x7fc00000
     211125.000 ns	     21111	80004550	c00973d3	fcvt.w.s	x7,f18	 f18:0x00000000  x7=0x00000000
     211155.000 ns	     21114	80004554	035d1db3	mulh	x27,x26,x21	 x26:0x00000040 x21:0x00000000 x27=0x00000000
     211205.000 ns	     21119	80004558	087fa4d3	fsub.s	f9,f31,f7	 f31:0x7fc00000  f7:0x00000000  f9=0x7fc00000
     211225.000 ns	     21121	8000455c	417c5a93	srai	x21,x24,0x17	 x24:0x00000000 x21=0x00000000
     211245.000 ns	     21123	80004560	f00b0153	fmv.w.x	f2,x22	 x22:0x00000000  f2=0x00000000
     211285.000 ns	     21127	80004564	5802fd53	fsqrt.s	f26,f5	  f5:0x7fc00000 f26=0x7fc00000
     211305.000 ns	     21129	80004568	004c0eb3	add	x29,x24,x4	 x24:0x00000000  x4:0x00000000 x29=0x00000000
     211325.000 ns	     21131	8000456c	d00c95d3	fcvt.s.w	f11,x25	 x25:0x42800000 f11=0x4e850000
     211355.000 ns	     21134	80004570	a05ca9d3	feq.s	x19,f25,f5	 f25:0x4effffff  f5:0x7fc00000 x19=0x00000000
     211385.000 ns	     21137	80004574	030330b3	mulhu	x1,x6,x16	  x6:0x00000000 x16:0x00000000  x1=0x00000000
     211405.000 ns	     21139	80004578	01d33bb3	sltu	x23,x6,x29	  x6:0x00000000 x29:0x00000000 x23=0x00000000
     211435.000 ns	     21142	8000457c	113b2453	fmul.s	f8,f22,f19	 f22:0x00000000 f19:0x7fc00000  f8=0x7fc00000
     211455.000 ns	     21144	80004580	408489b3	sub	x19,x9,x8	  x9:0x7fffffff  x8:0x00000000 x19=0x7fffffff
     211475.000 ns	     21146	80004584	0360e2b3	rem	x5,x1,x22	  x1:0x00000000 x22:0x00000000  x5=0x00000000
     211505.000 ns	     21149	80004588	c000f0d3	fcvt.w.s	x1,f1	  f1:0x00000000  x1=0x00000000
     211535.000 ns	     21152	8000458c	2027a4d3	fsgnjx.s	f9,f15,f2	 f15:0x4f7ffffd  f2:0x00000000  f9=0x4f7ffffd
     211565.000 ns	     21155	80004590	e0099353	fclass.s	x6,f19	 f19:0x7fc00000  x6=0x00000200
     211615.000 ns	     21160	80004594	00f07fd3	fadd.s	f31,f0,f15	  f0:0x7fc00000 f15:0x4f7ffffd f31=0x7fc00000
     211645.000 ns	     21163	80004598	d0182353	fcvt.s.wu	f6,x16	 x16:0x00000000  f6=0x00000000
     211675.000 ns	     21166	8000459c	a18f9853	flt.s	x16,f31,f24	 f31:0x7fc00000 f24:0x7fc00000 x16=0x00000000
     211695.000 ns	     21168	800045a0	40c45993	srai	x19,x8,0xc	  x8:0x00000000 x19=0x00000000
     211705.000 ns	     21169	800045a4	01800bb3	add	x23,x0,x24	  x0:0x00000000 x24:0x00000000 x23=0x00000000
     211715.000 ns	     21170	800045a8	4152d6b3	sra	x13,x5,x21	  x5:0x00000000 x21:0x00000000 x13=0x00000000
     211725.000 ns	     21171	800045ac	1a97b313	sltiu	x6,x15,425	 x15:0x00000000  x6=0x00000001
     211735.000 ns	     21172	800045b0	002fa3b3	slt	x7,x31,x2	 x31:0x3592a000  x2:0xf9972418  x7=0x00000000
     211745.000 ns	     21173	800045b4	0b6fce93	xori	x29,x31,182	 x31:0x3592a000 x29=0x3592a0b6
     211765.000 ns	     21175	800045b8	036e4fb3	div	x31,x28,x22	 x28:0x80040fe4 x22:0x00000000 x31=0xffffffff
     211785.000 ns	     21177	800045bc	00000013	addi	x0,x0,0	  x0:0x00000000
     211795.000 ns	     21178	800045c0	36b4c093	xori	x1,x9,875	  x9:0x7fffffff  x1=0x7ffffc94
     211805.000 ns	     21179	800045c4	0103fd33	and	x26,x7,x16	  x7:0x00000000 x16:0x00000000 x26=0x00000000
     211825.000 ns	     21181	800045c8	c01ba7d3	fcvt.wu.s	x15,f23	 f23:0x42800000 x15=0x00000040
     211845.000 ns	     21183	800045cc	01f563b3	or	x7,x10,x31	 x10:0xf997279d x31:0xffffffff  x7=0xffffffff
     211855.000 ns	     21184	800045d0	0074aeb3	slt	x29,x9,x7	  x9:0x7fffffff  x7:0x00000000 x29=0x00000000
     211865.000 ns	     21185	800045d4	00251313	slli	x6,x10,0x2	 x10:0xf997279d  x6=0xe65c9e74
     211885.000 ns	     21187	800045d8	03586db3	rem	x27,x16,x21	 x16:0x00000000 x21:0x00000000 x27=0x00000000
     211915.000 ns	     21190	800045dc	e00a9b53	fclass.s	x22,f21	 f21:0xf997279d x22=0x00000002
     211935.000 ns	     21192	800045e0	6f839237	lui	x4,0x6f839	  x4=0x6f839000
     211955.000 ns	     21194	800045e4	20982953	fsgnjx.s	f18,f16,f9	 f16:0x7fc00000  f9:0x4f7ffffd f18=0x7fc00000
     211975.000 ns	     21196	800045e8	00e8cfb3	xor	x31,x17,x14	 x17:0x7fffffff x14:0x00000000 x31=0x7fffffff
     211995.000 ns	     21198	800045ec	214a2d53	fsgnjx.s	f26,f20,f20	 f20:0x7fc00000 f20:0x7fc00000 f26=0x7fc00000
     212015.000 ns	     21200	800045f0	01bbbb33	sltu	x22,x23,x27	 x23:0x00000000 x27:0x00000000 x22=0x00000000
     212035.000 ns	     21202	800045f4	f0068753	fmv.w.x	f14,x13	 x13:0x00000000 f14=0x00000000
     212055.000 ns	     21204	800045f8	20277413	andi	x8,x14,514	 x14:0x00000000  x8=0x00000000
     212065.000 ns	     21205	800045fc	4157d033	sra	x0,x15,x21	 x15:0x00000040 x21:0x00000000
     212075.000 ns	     21206	80004600	405b0233	sub	x4,x22,x5	 x22:0x00000000  x5:0x00000000  x4=0x00000000
     212095.000 ns	     21208	80004604	02269533	mulh	x10,x13,x2	 x13:0x00000000  x2:0xf9972418 x10=0x00000000
     212135.000 ns	     21212	80004608	183db9d3	fdiv.s	f19,f27,f3	 f27:0x00000000  f3:0x00000000 f19=0x7fc00000
     212165.000 ns	     21215	8000460c	c01199d3	fcvt.wu.s	x19,f3	  f3:0x00000000 x19=0x00000000
     212185.000 ns	     21217	80004610	00d38eb3	add	x29,x7,x13	  x7:0xffffffff x13:0x00000000 x29=0xffffffff
     212195.000 ns	     21218	80004614	41718933	sub	x18,x3,x23	  x3:0x00000000 x23:0x00000000 x18=0x00000000
     212215.000 ns	     21220	80004618	03ae72b3	remu	x5,x28,x26	 x28:0x80040fe4 x26:0x00000000  x5=0x80040fe4
     212235.000 ns	     21222	8000461c	52dce093	ori	x1,x25,1325	 x25:0x42800000  x1=0x4280052d
     212245.000 ns	     21223	80004620	407589b3	sub	x19,x11,x7	 x11:0x80041024  x7:0xffffffff x19=0x80041025
     212275.000 ns	     21226	80004624	1927f7d3	fdiv.s	f15,f15,f18	 f15:0x4f7ffffd f18:0x7fc00000 f15=0x7fc00000
     212295.000 ns	     21228	80004628	00df7f33	and	x30,x30,x13	 x30:0x00000000 x13:0x00000000 x30=0x00000000
     212315.000 ns	     21230	8000462c	28499353	fmax.s	f6,f19,f4	 f19:0x7fc00000  f4:0x80000000  f6=0x80000000
     212345.000 ns	     21233	80004630	a0d61a53	flt.s	x20,f12,f13	 f12:0x80040fe4 f13:0x7fc00000 x20=0x00000000
     212385.000 ns	     21237	80004634	1876f0d3	fdiv.s	f1,f13,f7	 f13:0x7fc00000  f7:0x00000000  f1=0x7fc00000
     212415.000 ns	     21240	80004638	218f01d3	fsgnj.s	f3,f30,f24	 f30:0x7fc00000 f24:0x7fc00000  f3=0x7fc00000
     212455.000 ns	     21244	8000463c	58007ad3	fsqrt.s	f21,f0	  f0:0x7fc00000 f21=0x7fc00000
     212475.000 ns	     21246	80004640	002e7cb3	and	x25,x28,x2	 x28:0x80040fe4  x2:0xf9972418 x25=0x80040400
     212485.000 ns	     21247	80004644	00000013	addi	x0,x0,0	  x0:0x00000000
     212505.000 ns	     21249	80004648	d01276d3	fcvt.s.wu	f13,x4	  x4:0x00000000 f13=0x00000000
     212535.000 ns	     21252	8000464c	29a88453	fmin.s	f8,f17,f26	 f17:0x7fc00000 f26:0x7fc00000  f8=0x7fc00000
     212565.000 ns	     21255	80004650	28ea95d3	fmax.s	f11,f21,f14	 f21:0x7fc00000 f14:0x00000000 f11=0x00000000
     212595.000 ns	     21258	80004654	e00097d3	fclass.s	x15,f1	  f1:0x7fc00000 x15=0x00000200
     212615.000 ns	     21260	80004658	00db61b3	or	x3,x22,x13	 x22:0x00000000 x13:0x00000000  x3=0x00000000
     212625.000 ns	     21261	8000465c	0712b7b7	lui	x15,0x712b	 x15=0x0712b000
     212645.000 ns	     21263	80004660	a0772a53	feq.s	x20,f14,f7	 f14:0x00000000  f7:0x00000000 x20=0x00000001
     212675.000 ns	     21266	80004664	20ed0653	fsgnj.s	f12,f26,f14	 f26:0x7fc00000 f14:0x00000000 f12=0x7fc00000
     212715.000 ns	     21270	80004668	19227953	fdiv.s	f18,f4,f18	  f4:0x80000000 f18:0x7fc00000 f18=0x7fc00000
     212735.000 ns	     21272	8000466c	72e26e93	ori	x29,x4,1838	  x4:0x00000000 x29=0x0000072e
     212745.000 ns	     21273	80004670	00a754b3	srl	x9,x14,x10	 x14:0x00000000 x10:0x00000000  x9=0x00000000
     212765.000 ns	     21275	80004674	d0189453	fcvt.s.wu	f8,x17	 x17:0x7fffffff  f8=0x4effffff
     212785.000 ns	     21277	80004678	00ff4c33	xor	x24,x30,x15	 x30:0x00000000 x15:0x0712b000 x24=0x0712b000
     212795.000 ns	     21278	8000467c	0061f7b3	and	x15,x3,x6	  x3:0x00000000  x6:0xe65c9e74 x15=0x00000000
     212805.000 ns	     21279	80004680	0003adb3	slt	x27,x7,x0	  x7:0xffffffff  x0:0x00000000 x27=0x00000001
     212815.000 ns	     21280	80004684	00782f33	slt	x30,x16,x7	 x16:0x00000000  x7:0xffffffff x30=0x00000000
     212825.000 ns	     21281	80004688	c8c60eb7	lui	x29,0xc8c60	 x29=0xc8c60000
     212835.000 ns	     21282	8000468c	5b37fc93	andi	x25,x15,1459	 x15:0x00000000 x25=0x00000000
     212865.000 ns	     21285	80004690	182744d3	fdiv.s	f9,f14,f2	 f14:0x00000000  f2:0x00000000  f9=0x7fc00000
     212885.000 ns	     21287	80004694	01bed433	srl	x8,x29,x27	 x29:0xc8c60000 x27:0x00000001  x8=0x64630000
     212905.000 ns	     21289	80004698	02dd6033	rem	x0,x26,x13	 x26:0x00000000 x13:0x00000000
     212955.000 ns	     21294	8000469c	00a6b353	fadd.s	f6,f13,f10	 f13:0x00000000 f10:0xcf7ffffd  f6=0xcf7ffffd
     212975.000 ns	     21296	800046a0	7aefa3b7	lui	x7,0x7aefa	  x7=0x7aefa000
     212985.000 ns	     21297	800046a4	ff75a713	slti	x14,x11,-9	 x11:0x80041024 x14=0x00000001
     212995.000 ns	     21298	800046a8	00000013	addi	x0,x0,0	  x0:0x00000000
     213025.000 ns	     21301	800046ac	10657cd3	fmul.s	f25,f10,f6	 f10:0xcf7ffffd  f6:0xcf7ffffd f25=0x5f7ffffa
     213055.000 ns	     21304	800046b0	c007f7d3	fcvt.w.s	x15,f15	 f15:0x7fc00000 x15=0x7fffffff
     213085.000 ns	     21307	800046b4	d01b3653	fcvt.s.wu	f12,x22	 x22:0x00000000 f12=0x00000000
     213115.000 ns	     21310	800046b8	c01ebed3	fcvt.wu.s	x29,f29	 f29:0xcf7ffffd x29=0xfffffd00
     213145.000 ns	     21313	800046bc	a0e88ed3	fle.s	x29,f17,f14	 f17:0x7fc00000 f14:0x00000000 x29=0x00000000
     213175.000 ns	     21316	800046c0	c016a753	fcvt.wu.s	x14,f13	 f13:0x00000000 x14=0x00000000
     213205.000 ns	     21319	800046c4	02cf1fb3	mulh	x31,x30,x12	 x30:0x00000000 x12:0x7fffffff x31=0x00000000
     213235.000 ns	     21322	800046c8	29ff04d3	fmin.s	f9,f30,f31	 f30:0x7fc00000 f31:0x7fc00000  f9=0x7fc00000
     213265.000 ns	     21325	800046cc	029a0eb3	mul	x29,x20,x9	 x20:0x00000001  x9:0x00000000 x29=0x00000000
     213285.000 ns	     21327	800046d0	01d938b3	sltu	x17,x18,x29	 x18:0x00000000 x29:0x00000000 x17=0x00000000
     213305.000 ns	     21329	800046d4	21000cd3	fsgnj.s	f25,f0,f16	  f0:0x7fc00000 f16:0x7fc00000 f25=0x7fc00000
     213335.000 ns	     21332	800046d8	d019f0d3	fcvt.s.wu	f1,x19	 x19:0x80041025  f1=0x4f000410
     213355.000 ns	     21334	800046dc	cba14813	xori	x16,x2,-838	  x2:0xf9972418 x16=0x0668d8a2
     213385.000 ns	     21337	800046e0	11eafdd3	fmul.s	f27,f21,f30	 f21:0x7fc00000 f30:0x7fc00000 f27=0x7fc00000
     213425.000 ns	     21341	800046e4	1939ffd3	fdiv.s	f31,f19,f19	 f19:0x7fc00000 f19:0x7fc00000 f31=0x7fc00000
     213445.000 ns	     21343	800046e8	003cf3b3	and	x7,x25,x3	 x25:0x00000000  x3:0x00000000  x7=0x00000000
     213455.000 ns	     21344	800046ec	01c00cb3	add	x25,x0,x28	  x0:0x00000000 x28:0x80040fe4 x25=0x80040fe4
     213475.000 ns	     21346	800046f0	f00a0b53	fmv.w.x	f22,x20	 x20:0x00000001 f22=0x00000001
     213495.000 ns	     21348	800046f4	00e1e833	or	x16,x3,x14	  x3:0x00000000 x14:0x00000000 x16=0x00000000
     213855.000 ns	     21384	800046f8	02b7f333	remu	x6,x15,x11	 x15:0x7fffffff x11:0x80041024  x6=0x7fffffff
     213885.000 ns	     21387	800046fc	c01bf2d3	fcvt.wu.s	x5,f23	 f23:0x42800000  x5=0x00000040
     213915.000 ns	     21390	80004700	02334533	div	x10,x6,x3	  x6:0x7fffffff  x3:0x00000000 x10=0xffffffff
     213935.000 ns	     21392	80004704	00828633	add	x12,x5,x8	  x5:0x00000040  x8:0x64630000 x12=0x64630040
     213945.000 ns	     21393	80004708	2e09ba93	sltiu	x21,x19,736	 x19:0x80041025 x21=0x00000000
     213965.000 ns	     21395	8000470c	295b9053	fmax.s	f0,f23,f21	 f23:0x42800000 f21:0x7fc00000  f0=0x42800000
     213995.000 ns	     21398	80004710	a01f8553	fle.s	x10,f31,f1	 f31:0x7fc00000  f1:0x4f000410 x10=0x00000000
     214015.000 ns	     21400	80004714	9bfce293	ori	x5,x25,-1601	 x25:0x80040fe4  x5=0xffffffff
     214035.000 ns	     21402	80004718	20e911d3	fsgnjn.s	f3,f18,f14	 f18:0x7fc00000 f14:0x00000000  f3=0xffc00000
     214055.000 ns	     21404	8000471c	00263db3	sltu	x27,x12,x2	 x12:0x64630040  x2:0xf9972418 x27=0x00000001
     214085.000 ns	     21407	80004720	18da05d3	fdiv.s	f11,f20,f13	 f20:0x7fc00000 f13:0x00000000 f11=0x7fc00000
     214125.000 ns	     21411	80004724	11120253	fmul.s	f4,f4,f17	  f4:0x80000000 f17:0x7fc00000  f4=0x7fc00000
     214165.000 ns	     21415	80004728	19c932d3	fdiv.s	f5,f18,f28	 f18:0x7fc00000 f28:0x7fc00000  f5=0x7fc00000
     214185.000 ns	     21417	8000472c	00bb70b3	and	x1,x22,x11	 x22:0x00000000 x11:0x80041024  x1=0x00000000
     214195.000 ns	     21418	80004730	aa9e3d93	sltiu	x27,x28,-1367	 x28:0x80040fe4 x27=0x00000001
     214235.000 ns	     21422	80004734	08824153	fsub.s	f2,f4,f8	  f4:0x7fc00000  f8:0x4effffff  f2=0x7fc00000
     214255.000 ns	     21424	80004738	35bc0797	auipc	x15,0x35bc0	 x15=0xb5bc4738
     214265.000 ns	     21425	8000473c	0967cd93	xori	x27,x15,150	 x15:0x7fffffff x27=0xb5bc47ae
     214285.000 ns	     21427	80004740	023d8ab3	mul	x21,x27,x3	 x27:0x00000001  x3:0x00000000 x21=0x00000000
     214305.000 ns	     21429	80004744	00cfe9b3	or	x19,x31,x12	 x31:0x00000000 x12:0x64630040 x19=0x64630040
     214325.000 ns	     21431	80004748	a0b58253	fle.s	x4,f11,f11	 f11:0x7fc00000 f11:0x7fc00000  x4=0x00000000
     214695.000 ns	     21468	8000474c	02bbd2b3	divu	x5,x23,x11	 x23:0x00000000 x11:0x80041024  x5=0x00000000
     214715.000 ns	     21470	80004750	40aad9b3	sra	x19,x21,x10	 x21:0x00000000 x10:0x00000000 x19=0x00000000
     214725.000 ns	     21471	80004754	00321fb3	sll	x31,x4,x3	  x4:0x00000000  x3:0x00000000 x31=0x00000000
     214745.000 ns	     21473	80004758	020816b3	mulh	x13,x16,x0	 x16:0x00000000  x0:0x00000000 x13=0x00000000
     214775.000 ns	     21476	8000475c	c00bb853	fcvt.w.s	x16,f23	 f23:0x42800000 x16=0x00000040
     214795.000 ns	     21478	80004760	29466d93	ori	x27,x12,660	 x12:0x64630040 x27=0x646302d4
     214805.000 ns	     21479	80004764	4191db13	srai	x22,x3,0x19	  x3:0x00000000 x22=0x00000000
     214815.000 ns	     21480	80004768	56c84893	xori	x17,x16,1388	 x16:0x00000040 x17=0x0000052c
     214825.000 ns	     21481	8000476c	014781b3	add	x3,x15,x20	 x15:0xb5bc4738 x20:0x00000001  x3=0xb5bc4739
     214845.000 ns	     21483	80004770	a028a4d3	feq.s	x9,f17,f2	 f17:0x7fc00000  f2:0x7fc00000  x9=0x00000000
     214865.000 ns	     21485	80004774	01285c93	srli	x25,x16,0x12	 x16:0x00000040 x25=0x00000000
     214875.000 ns	     21486	80004778	4070d533	sra	x10,x1,x7	  x1:0x00000000  x7:0x00000000 x10=0x00000000
     214885.000 ns	     21487	8000477c	01c7fab3	and	x21,x15,x28	 x15:0xb5bc4738 x28:0x80040fe4 x21=0x80040720
     214895.000 ns	     21488	80004780	00401693	slli	x13,x0,0x4	  x0:0x00000000 x13=0x00000000
     214935.000 ns	     21492	80004784	08b93253	fsub.s	f4,f18,f11	 f18:0x7fc00000 f11:0x7fc00000  f4=0x7fc00000
     214965.000 ns	     21495	80004788	c0003ed3	fcvt.w.s	x29,f0	  f0:0x42800000 x29=0x00000040
     214985.000 ns	     21497	8000478c	fc6bb393	sltiu	x7,x23,-58	 x23:0x00000000  x7=0x00000001
     215005.000 ns	     21499	80004790	03a2bf33	mulhu	x30,x5,x26	  x5:0x00000000 x26:0x00000000 x30=0x00000000
     215055.000 ns	     21504	80004794	01b97953	fadd.s	f18,f18,f27	 f18:0x7fc00000 f27:0x7fc00000 f18=0x7fc00000
     215075.000 ns	     21506	80004798	406f5013	srai	x0,x30,0x6	 x30:0x00000000
     215435.000 ns	     21542	8000479c	03ca7033	remu	x0,x20,x28	 x20:0x00000001 x28:0x80040fe4
     215465.000 ns	     21545	800047a0	03c5a733	mulhsu	x14,x11,x28	 x11:0x80041024 x28:0x80040fe4 x14=0xc0000030
     215495.000 ns	     21548	800047a4	02d98433	mul	x8,x19,x13	 x19:0x00000000 x13:0x00000000  x8=0x00000000
     215515.000 ns	     21550	800047a8	f395ceb7	lui	x29,0xf395c	 x29=0xf395c000
     215875.000 ns	     21586	800047ac	031fed33	rem	x26,x31,x17	 x31:0x00000000 x17:0x0000052c x26=0x00000000
     215895.000 ns	     21588	800047b0	01f14233	xor	x4,x2,x31	  x2:0xf9972418 x31:0x00000000  x4=0xf9972418
     215915.000 ns	     21590	800047b4	214e06d3	fsgnj.s	f13,f28,f20	 f28:0x7fc00000 f20:0x7fc00000 f13=0x7fc00000
     216285.000 ns	     21627	800047b8	0382c6b3	div	x13,x5,x24	  x5:0x00000000 x24:0x0712b000 x13=0x00000000
     216315.000 ns	     21630	800047bc	a11180d3	fle.s	x1,f3,f17	  f3:0xffc00000 f17:0x7fc00000  x1=0x00000000
     216345.000 ns	     21633	800047c0	c01c89d3	fcvt.wu.s	x19,f25	 f25:0x7fc00000 x19=0xffffffff
     216365.000 ns	     21635	800047c4	72d8bd93	sltiu	x27,x17,1837	 x17:0x0000052c x27=0x00000001
     216375.000 ns	     21636	800047c8	0186ba33	sltu	x20,x13,x24	 x13:0x00000000 x24:0x0712b000 x20=0x00000001
     216395.000 ns	     21638	800047cc	20db82d3	fsgnj.s	f5,f23,f13	 f23:0x42800000 f13:0x7fc00000  f5=0x42800000
     216425.000 ns	     21641	800047d0	e0030953	fmv.x.w	x18,f6	  f6:0xcf7ffffd x18=0xcf7ffffd
     216445.000 ns	     21643	800047d4	41815693	srai	x13,x2,0x18	  x2:0xf9972418 x13=0xfffffff9
     216455.000 ns	     21644	800047d8	47240913	addi	x18,x8,1138	  x8:0x00000000 x18=0x00000472
     216475.000 ns	     21646	800047dc	c00ffcd3	fcvt.w.s	x25,f31	 f31:0x7fc00000 x25=0x7fffffff
     216495.000 ns	     21648	800047e0	00169013	slli	x0,x13,0x1	 x13:0xfffffff9
     216515.000 ns	     21650	800047e4	c00f9ed3	fcvt.w.s	x29,f31	 f31:0x7fc00000 x29=0x7fffffff
     216565.000 ns	     21655	800047e8	08077a53	fsub.s	f20,f14,f0	 f14:0x00000000  f0:0x42800000 f20=0xc2800000
     216605.000 ns	     21659	800047ec	580ffcd3	fsqrt.s	f25,f31	 f31:0x7fc00000 f25=0x7fc00000
     216635.000 ns	     21662	800047f0	021b6833	rem	x16,x22,x1	 x22:0x00000000  x1:0x00000000 x16=0x00000000
     216665.000 ns	     21665	800047f4	28309ad3	fmax.s	f21,f1,f3	  f1:0x4f000410  f3:0xffc00000 f21=0x4f000410
     216685.000 ns	     21667	800047f8	e3a73013	sltiu	x0,x14,-454	 x14:0xc0000030
     216695.000 ns	     21668	800047fc	a81022b7	lui	x5,0xa8102	  x5=0xa8102000
     216705.000 ns	     21669	80004800	402fd913	srai	x18,x31,0x2	 x31:0x00000000 x18=0x00000000
     216715.000 ns	     21670	80004804	1a9e0213	addi	x4,x28,425	 x28:0x80040fe4  x4=0x8004118d
     217075.000 ns	     21706	80004808	038866b3	rem	x13,x16,x24	 x16:0x00000000 x24:0x0712b000 x13=0x00000000
     217095.000 ns	     21708	8000480c	01144733	xor	x14,x8,x17	  x8:0x00000000 x17:0x0000052c x14=0x0000052c
     217135.000 ns	     21712	80004810	007948d3	fadd.s	f17,f18,f7	 f18:0x7fc00000  f7:0x00000000 f17=0x7fc00000
     217165.000 ns	     21715	80004814	c00a2f53	fcvt.w.s	x30,f20	 f20:0xc2800000 x30=0xffffffc0
     217195.000 ns	     21718	80004818	029adc33	divu	x24,x21,x9	 x21:0x80040720  x9:0x00000000 x24=0xffffffff
     217215.000 ns	     21720	8000481c	273a88b7	lui	x17,0x273a8	 x17=0x273a8000
     217225.000 ns	     21721	80004820	01c9abb3	slt	x23,x19,x28	 x19:0xffffffff x28:0x80040fe4 x23=0x00000000
     217235.000 ns	     21722	80004824	003f1fb3	sll	x31,x30,x3	 x30:0xffffffc0  x3:0xb5bc4739 x31=0x80000000
     217245.000 ns	     21723	80004828	01fdf933	and	x18,x27,x31	 x27:0x00000001 x31:0x00000000 x18=0x00000000
     217265.000 ns	     21725	8000482c	f00986d3	fmv.w.x	f13,x19	 x19:0xffffffff f13=0xffffffff
     217285.000 ns	     21727	80004830	9515ec93	ori	x25,x11,-1711	 x11:0x80041024 x25=0xfffff975
     217305.000 ns	     21729	80004834	0235a633	mulhsu	x12,x11,x3	 x11:0x80041024  x3:0xb5bc4739 x12=0xa524bec9
     217335.000 ns	     21732	80004838	a14c1053	flt.s	x0,f24,f20	 f24:0x7fc00000 f20:0xc2800000
     217365.000 ns	     21735	8000483c	e00587d3	fmv.x.w	x15,f11	 f11:0x7fc00000 x15=0x7fc00000
     217395.000 ns	     21738	80004840	03a03033	mulhu	x0,x0,x26	  x0:0x00000000 x26:0x00000000
     217425.000 ns	     21741	80004844	c00e7ad3	fcvt.w.s	x21,f28	 f28:0x7fc00000 x21=0x7fffffff
     217455.000 ns	     21744	80004848	e0031753	fclass.s	x14,f6	  f6:0xcf7ffffd x14=0x00000002
     217475.000 ns	     21746	8000484c	01aa4733	xor	x14,x20,x26	 x20:0x00000001 x26:0x00000000 x14=0x00000001
     217485.000 ns	     21747	80004850	41565d13	srai	x26,x12,0x15	 x12:0xa524bec9 x26=0xfffffd29
     217505.000 ns	     21749	80004854	216112d3	fsgnjn.s	f5,f2,f22	  f2:0x7fc00000 f22:0x00000001  f5=0xffc00000
     217535.000 ns	     21752	80004858	20f327d3	fsgnjx.s	f15,f6,f15	  f6:0xcf7ffffd f15:0x7fc00000 f15=0xcf7ffffd
     217555.000 ns	     21754	8000485c	9b366737	lui	x14,0x9b366	 x14=0x9b366000
     217575.000 ns	     21756	80004860	a1649bd3	flt.s	x23,f9,f22	  f9:0x7fc00000 f22:0x00000001 x23=0x00000000
     217595.000 ns	     21758	80004864	405c8633	sub	x12,x25,x5	 x25:0xfffff975  x5:0xa8102000 x12=0x57efd975
     217625.000 ns	     21761	80004868	19527653	fdiv.s	f12,f4,f21	  f4:0x7fc00000 f21:0x4f000410 f12=0x7fc00000
     217645.000 ns	     21763	8000486c	ffa68717	auipc	x14,0xffa68	 x14=0x7fa6c86c
     217665.000 ns	     21765	80004870	036cc333	div	x6,x25,x22	 x25:0xfffff975 x22:0x00000000  x6=0xffffffff
     217685.000 ns	     21767	80004874	0115d2b3	srl	x5,x11,x17	 x11:0x80041024 x17:0x273a8000  x5=0x80041024
     217705.000 ns	     21769	80004878	f0050f53	fmv.w.x	f30,x10	 x10:0x00000000 f30=0x00000000
     217725.000 ns	     21771	8000487c	e09aae93	slti	x29,x21,-503	 x21:0x7fffffff x29=0x00000000
     217735.000 ns	     21772	80004880	11cbd8b7	lui	x17,0x11cbd	 x17=0x11cbd000
     217755.000 ns	     21774	80004884	02dcd1b3	divu	x3,x25,x13	 x25:0xfffff975 x13:0x00000000  x3=0xffffffff
     217775.000 ns	     21776	80004888	b8883013	sltiu	x0,x16,-1144	 x16:0x00000000
     218135.000 ns	     21812	8000488c	03fcdbb3	divu	x23,x25,x31	 x25:0xfffff975 x31:0x80000000 x23=0x00000001
     218165.000 ns	     21815	80004890	023b0333	mul	x6,x22,x3	 x22:0x00000000  x3:0xffffffff  x6=0x00000000
     218205.000 ns	     21819	80004894	194fb553	fdiv.s	f10,f31,f20	 f31:0x7fc00000 f20:0xc2800000 f10=0x7fc00000
     218575.000 ns	     21856	80004898	02cf78b3	remu	x17,x30,x12	 x30:0xffffffc0 x12:0x57efd975 x17=0x50204cd6
     218595.000 ns	     21858	8000489c	7c4e6713	ori	x14,x28,1988	 x28:0x80040fe4 x14=0x80040fe4
     218605.000 ns	     21859	800048a0	412a0c33	sub	x24,x20,x18	 x20:0x00000001 x18:0x00000000 x24=0x00000001
     218625.000 ns	     21861	800048a4	20d6a1d3	fsgnjx.s	f3,f13,f13	 f13:0xffffffff f13:0xffffffff  f3=0x7fffffff
     218645.000 ns	     21863	800048a8	00a19513	slli	x10,x3,0xa	  x3:0xffffffff x10=0xfffffc00
     218675.000 ns	     21866	800048ac	11a87453	fmul.s	f8,f16,f26	 f16:0x7fc00000 f26:0x7fc00000  f8=0x7fc00000
     218705.000 ns	     21869	800048b0	03de9433	mulh	x8,x29,x29	 x29:0x00000000 x29:0x00000000  x8=0x00000000
     218725.000 ns	     21871	800048b4	01d244b3	xor	x9,x4,x29	  x4:0x8004118d x29:0x00000000  x9=0x8004118d
     218745.000 ns	     21873	800048b8	f00e8bd3	fmv.w.x	f23,x29	 x29:0x00000000 f23=0x00000000
     218775.000 ns	     21876	800048bc	29fc8c53	fmin.s	f24,f25,f31	 f25:0x7fc00000 f31:0x7fc00000 f24=0x7fc00000
     218795.000 ns	     21878	800048c0	01218bb3	add	x23,x3,x18	  x3:0xffffffff x18:0x00000000 x23=0xffffffff
     218815.000 ns	     21880	800048c4	28038153	fmin.s	f2,f7,f0	  f7:0x00000000  f0:0x42800000  f2=0x00000000
     218835.000 ns	     21882	800048c8	41255713	srai	x14,x10,0x12	 x10:0xfffffc00 x14=0xffffffff
     218845.000 ns	     21883	800048cc	413980b3	sub	x1,x19,x19	 x19:0xffffffff x19:0xffffffff  x1=0x00000000
     218865.000 ns	     21885	800048d0	202c1853	fsgnjn.s	f16,f24,f2	 f24:0x7fc00000  f2:0x00000000 f16=0xffc00000
     219235.000 ns	     21922	800048d4	03826833	rem	x16,x4,x24	  x4:0x8004118d x24:0x00000001 x16=0x00000000
     219265.000 ns	     21925	800048d8	28fd8e53	fmin.s	f28,f27,f15	 f27:0x7fc00000 f15:0xcf7ffffd f28=0xcf7ffffd
     219295.000 ns	     21928	800048dc	f00f82d3	fmv.w.x	f5,x31	 x31:0x80000000  f5=0x80000000
     219325.000 ns	     21931	800048e0	c0127dd3	fcvt.wu.s	x27,f4	  f4:0x7fc00000 x27=0xffffffff
     219365.000 ns	     21935	800048e4	58087dd3	fsqrt.s	f27,f16	 f16:0xffc00000 f27=0x7fc00000
     219385.000 ns	     21937	800048e8	01539433	sll	x8,x7,x21	  x7:0x00000001 x21:0x7fffffff  x8=0x80000000
     219425.000 ns	     21941	800048ec	0940f3d3	fsub.s	f7,f1,f20	  f1:0x4f000410 f20:0xc2800000  f7=0x4f000410
     219445.000 ns	     21943	800048f0	00a5d1b3	srl	x3,x11,x10	 x11:0x80041024 x10:0xfffffc00  x3=0x80041024
     219465.000 ns	     21945	800048f4	c016fdd3	fcvt.wu.s	x27,f13	 f13:0xffffffff x27=0xffffffff
     219495.000 ns	     21948	800048f8	295d84d3	fmin.s	f9,f27,f21	 f27:0x7fc00000 f21:0x4f000410  f9=0x4f000410
     219515.000 ns	     21950	800048fc	00ac83b3	add	x7,x25,x10	 x25:0xfffff975 x10:0xfffffc00  x7=0xfffff575
     219535.000 ns	     21952	80004900	a04901d3	fle.s	x3,f18,f4	 f18:0x7fc00000  f4:0x7fc00000  x3=0x00000000
     219555.000 ns	     21954	80004904	01abaab3	slt	x21,x23,x26	 x23:0xffffffff x26:0xfffffd29 x21=0x00000000
     219565.000 ns	     21955	80004908	df1af813	andi	x16,x21,-527	 x21:0x7fffffff x16=0x00000000
     219575.000 ns	     21956	8000490c	010e5933	srl	x18,x28,x16	 x28:0x80040fe4 x16:0x00000000 x18=0x80040fe4
     219595.000 ns	     21958	80004910	a03c9853	flt.s	x16,f25,f3	 f25:0x7fc00000  f3:0x7fffffff x16=0x00000000
     219635.000 ns	     21962	80004914	580cfad3	fsqrt.s	f21,f25	 f25:0x7fc00000 f21=0x7fc00000
     219665.000 ns	     21965	80004918	e00e9f53	fclass.s	x30,f29	 f29:0xcf7ffffd x30=0x00000002
     219695.000 ns	     21968	8000491c	021bec33	rem	x24,x23,x1	 x23:0xffffffff  x1:0x00000000 x24=0xffffffff
     219715.000 ns	     21970	80004920	01c4e8b3	or	x17,x9,x28	  x9:0x8004118d x28:0x80040fe4 x17=0x80041fed
     219745.000 ns	     21973	80004924	11787ed3	fmul.s	f29,f16,f23	 f16:0xffc00000 f23:0x00000000 f29=0x7fc00000
     219765.000 ns	     21975	80004928	006be7b3	or	x15,x23,x6	 x23:0xffffffff  x6:0x00000000 x15=0xffffffff
     219785.000 ns	     21977	8000492c	21e51053	fsgnjn.s	f0,f10,f30	 f10:0x7fc00000 f30:0x00000000  f0=0xffc00000
     219815.000 ns	     21980	80004930	c00f31d3	fcvt.w.s	x3,f30	 f30:0x00000000  x3=0x00000000
     219845.000 ns	     21983	80004934	a1530ed3	fle.s	x29,f6,f21	  f6:0xcf7ffffd f21:0x7fc00000 x29=0x00000000
     219865.000 ns	     21985	80004938	1f76b517	auipc	x10,0x1f76b	 x10=0x9f76f938
     219885.000 ns	     21987	8000493c	c018c2d3	fcvt.wu.s	x5,f17	 f17:0x7fc00000  x5=0xffffffff
     219905.000 ns	     21989	80004940	6ba8f097	auipc	x1,0x6ba8f	  x1=0xeba93940
     219925.000 ns	     21991	80004944	289e8f53	fmin.s	f30,f29,f9	 f29:0x7fc00000  f9:0x4f000410 f30=0x4f000410
     219945.000 ns	     21993	80004948	00e69313	slli	x6,x13,0xe	 x13:0x00000000  x6=0x00000000
     219965.000 ns	     21995	8000494c	02e51c33	mulh	x24,x10,x14	 x10:0x9f76f938 x14:0xffffffff x24=0x00000000
     219985.000 ns	     21997	80004950	0cd58a93	addi	x21,x11,205	 x11:0x80041024 x21=0x800410f1
     219995.000 ns	     21998	80004954	ee4c8d93	addi	x27,x25,-284	 x25:0xfffff975 x27=0xfffff859
     220005.000 ns	     21999	80004958	e46cc013	xori	x0,x25,-442	 x25:0xfffff975
     220015.000 ns	     22000	8000495c	01c448b3	xor	x17,x8,x28	  x8:0x80000000 x28:0x80040fe4 x17=0x00040fe4
     220035.000 ns	     22002	80004960	02cb30b3	mulhu	x1,x22,x12	 x22:0x00000000 x12:0x57efd975  x1=0x00000000
     220055.000 ns	     22004	80004964	da512393	slti	x7,x2,-603	  x2:0xf9972418  x7=0x00000001
     220075.000 ns	     22006	80004968	c01883d3	fcvt.wu.s	x7,f17	 f17:0x7fc00000  x7=0xffffffff
     220105.000 ns	     22009	8000496c	a1f0aa53	feq.s	x20,f1,f31	  f1:0x4f000410 f31:0x7fc00000 x20=0x00000000
     220135.000 ns	     22012	80004970	c00090d3	fcvt.w.s	x1,f1	  f1:0x4f000410  x1=0x7fffffff
     221315.000 ns	     22130	80004974	580f7c53	fsqrt.s	f24,f30	 f30:0x4f000410 f24=0x46b50a40
     221345.000 ns	     22133	80004978	a16d1753	flt.s	x14,f26,f22	 f26:0x7fc00000 f22:0x00000001 x14=0x00000000
     221375.000 ns	     22136	8000497c	02f902b3	mul	x5,x18,x15	 x18:0x80040fe4 x15:0xffffffff  x5=0x7ffbf01c
     221405.000 ns	     22139	80004980	03d0cc33	div	x24,x1,x29	  x1:0x7fffffff x29:0x00000000 x24=0xffffffff
     221455.000 ns	     22144	80004984	090bcc53	fsub.s	f24,f23,f16	 f23:0x00000000 f16:0xffc00000 f24=0x7fc00000
     221485.000 ns	     22147	80004988	200c1353	fsgnjn.s	f6,f24,f0	 f24:0x46b50a40  f0:0xffc00000  f6=0x7fc00000
     221505.000 ns	     22149	8000498c	01442033	slt	x0,x8,x20	  x8:0x80000000 x20:0x00000000
     221515.000 ns	     22150	80004990	00d98033	add	x0,x19,x13	 x19:0xffffffff x13:0x00000000
     221525.000 ns	     22151	80004994	825ae397	auipc	x7,0x825ae	  x7=0x025b2994
     221535.000 ns	     22152	80004998	615bb013	sltiu	x0,x23,1557	 x23:0xffffffff
     221575.000 ns	     22156	8000499c	091bf053	fsub.s	f0,f23,f17	 f23:0x00000000 f17:0x7fc00000  f0=0x7fc00000
     221945.000 ns	     22193	800049a0	02c5e7b3	rem	x15,x11,x12	 x11:0x80041024 x12:0x57efd975 x15=0xd7f3e999
     221975.000 ns	     22196	800049a4	21000653	fsgnj.s	f12,f0,f16	  f0:0x7fc00000 f16:0xffc00000 f12=0xffc00000
     221995.000 ns	     22198	800049a8	5018f913	andi	x18,x17,1281	 x17:0x00040fe4 x18=0x00000500
     222005.000 ns	     22199	800049ac	005d5d33	srl	x26,x26,x5	 x26:0xfffffd29  x5:0x7ffbf01c x26=0x0000000f
     222015.000 ns	     22200	800049b0	00000013	addi	x0,x0,0	  x0:0x00000000
     222035.000 ns	     22202	800049b4	c01e1a53	fcvt.wu.s	x20,f28	 f28:0xcf7ffffd x20=0xfffffd00
     222055.000 ns	     22204	800049b8	00e5afb3	slt	x31,x11,x14	 x11:0x80041024 x14:0x00000000 x31=0x00000001
     222065.000 ns	     22205	800049bc	d9eeb713	sltiu	x14,x29,-610	 x29:0x00000000 x14=0x00000001
     222085.000 ns	     22207	800049c0	202585d3	fsgnj.s	f11,f11,f2	 f11:0x7fc00000  f2:0x00000000 f11=0x7fc00000
     222115.000 ns	     22210	800049c4	28be9453	fmax.s	f8,f29,f11	 f29:0x7fc00000 f11:0x7fc00000  f8=0x7fc00000
     222135.000 ns	     22212	800049c8	de9eac93	slti	x25,x29,-535	 x29:0x00000000 x25=0x00000000
     222145.000 ns	     22213	800049cc	53f82a93	slti	x21,x16,1343	 x16:0x00000000 x21=0x00000001
     222155.000 ns	     22214	800049d0	3a2b63b7	lui	x7,0x3a2b6	  x7=0x3a2b6000
     222195.000 ns	     22218	800049d4	086faa53	fsub.s	f20,f31,f6	 f31:0x7fc00000  f6:0x7fc00000 f20=0x7fc00000
     222215.000 ns	     22220	800049d8	013f7233	and	x4,x30,x19	 x30:0x00000002 x19:0xffffffff  x4=0x00000002
     222235.000 ns	     22222	800049dc	c0097653	fcvt.w.s	x12,f18	 f18:0x7fc00000 x12=0x7fffffff
     222265.000 ns	     22225	800049e0	037b3233	mulhu	x4,x22,x23	 x22:0x00000000 x23:0xffffffff  x4=0x00000000
     222295.000 ns	     22228	800049e4	a0d01cd3	flt.s	x25,f0,f13	  f0:0x7fc00000 f13:0xffffffff x25=0x00000000
     222315.000 ns	     22230	800049e8	405f51b3	sra	x3,x30,x5	 x30:0x00000002  x5:0x7ffbf01c  x3=0x00000000
     222675.000 ns	     22266	800049ec	03fdd233	divu	x4,x27,x31	 x27:0xfffff859 x31:0x00000001  x4=0xfffff859
     223045.000 ns	     22303	800049f0	02e04333	div	x6,x0,x14	  x0:0x00000000 x14:0x00000001  x6=0x00000000
     223075.000 ns	     22306	800049f4	20d612d3	fsgnjn.s	f5,f12,f13	 f12:0xffc00000 f13:0xffffffff  f5=0x7fc00000
     223445.000 ns	     22343	800049f8	03ae64b3	rem	x9,x28,x26	 x28:0x80040fe4 x26:0x0000000f  x9=0xffffffff
     223465.000 ns	     22345	800049fc	01444733	xor	x14,x8,x20	  x8:0x80000000 x20:0xfffffd00 x14=0x7ffffd00
     223475.000 ns	     22346	80004a00	3c793213	sltiu	x4,x18,967	 x18:0x00000500  x4=0x00000000
     223485.000 ns	     22347	80004a04	00000013	addi	x0,x0,0	  x0:0x00000000
     223505.000 ns	     22349	80004a08	29758b53	fmin.s	f22,f11,f23	 f11:0x7fc00000 f23:0x00000000 f22=0x00000000
     223555.000 ns	     22354	80004a0c	00c47253	fadd.s	f4,f8,f12	  f8:0x7fc00000 f12:0xffc00000  f4=0x7fc00000
     223585.000 ns	     22357	80004a10	207d86d3	fsgnj.s	f13,f27,f7	 f27:0x7fc00000  f7:0x4f000410 f13=0x7fc00000
     223605.000 ns	     22359	80004a14	00e526b3	slt	x13,x10,x14	 x10:0x9f76f938 x14:0x7ffffd00 x13=0x00000001
     223615.000 ns	     22360	80004a18	01e0cc33	xor	x24,x1,x30	  x1:0x7fffffff x30:0x00000002 x24=0x7ffffffd
     223655.000 ns	     22364	80004a1c	019112d3	fadd.s	f5,f2,f25	  f2:0x00000000 f25:0x7fc00000  f5=0x7fc00000
     223685.000 ns	     22367	80004a20	d015bfd3	fcvt.s.wu	f31,x11	 x11:0x80041024 f31=0x4f000411
     223705.000 ns	     22369	80004a24	002a9c33	sll	x24,x21,x2	 x21:0x00000001  x2:0xf9972418 x24=0x01000000
     223725.000 ns	     22371	80004a28	201ea5d3	fsgnjx.s	f11,f29,f1	 f29:0x7fc00000  f1:0x4f000410 f11=0x7fc00000
     223755.000 ns	     22374	80004a2c	21b2acd3	fsgnjx.s	f25,f5,f27	  f5:0x7fc00000 f27:0x7fc00000 f25=0x7fc00000
     223775.000 ns	     22376	80004a30	012e02b3	add	x5,x28,x18	 x28:0x80040fe4 x18:0x00000500  x5=0x800414e4
     223795.000 ns	     22378	80004a34	020132b3	mulhu	x5,x2,x0	  x2:0xf9972418  x0:0x00000000  x5=0x00000000
     223825.000 ns	     22381	80004a38	d00e0253	fcvt.s.w	f4,x28	 x28:0x80040fe4  f4=0xcefff7e0
     223865.000 ns	     22385	80004a3c	580e3453	fsqrt.s	f8,f28	 f28:0xcf7ffffd  f8=0x7fc00000
     223895.000 ns	     22388	80004a40	20832d53	fsgnjx.s	f26,f6,f8	  f6:0x7fc00000  f8:0x7fc00000 f26=0x7fc00000
     223915.000 ns	     22390	80004a44	418b0933	sub	x18,x22,x24	 x22:0x00000000 x24:0x01000000 x18=0xff000000
     223925.000 ns	     22391	80004a48	00dfaa33	slt	x20,x31,x13	 x31:0x00000001 x13:0x00000001 x20=0x00000000
     223945.000 ns	     22393	80004a4c	a15992d3	flt.s	x5,f19,f21	 f19:0x7fc00000 f21:0x7fc00000  x5=0x00000000
     223975.000 ns	     22396	80004a50	02f08bb3	mul	x23,x1,x15	  x1:0x7fffffff x15:0xd7f3e999 x23=0xa80c1667
     223995.000 ns	     22398	80004a54	36c08513	addi	x10,x1,876	  x1:0x7fffffff x10=0x8000036b
     224005.000 ns	     22399	80004a58	014cd7b3	srl	x15,x25,x20	 x25:0x00000000 x20:0x00000000 x15=0x00000000
     224025.000 ns	     22401	80004a5c	a03c8753	fle.s	x14,f25,f3	 f25:0x7fc00000  f3:0x7fffffff x14=0x00000000
     224055.000 ns	     22404	80004a60	c00477d3	fcvt.w.s	x15,f8	  f8:0x7fc00000 x15=0x7fffffff
     224075.000 ns	     22406	80004a64	590d3737	lui	x14,0x590d3	 x14=0x590d3000
     224095.000 ns	     22408	80004a68	d019a253	fcvt.s.wu	f4,x19	 x19:0xffffffff  f4=0x4f800000
     224115.000 ns	     22410	80004a6c	01b3b7b3	sltu	x15,x7,x27	  x7:0x3a2b6000 x27:0xfffff859 x15=0x00000001
     224135.000 ns	     22412	80004a70	c00d7753	fcvt.w.s	x14,f26	 f26:0x7fc00000 x14=0x7fffffff
     224155.000 ns	     22414	80004a74	008e81b3	add	x3,x29,x8	 x29:0x00000000  x8:0x80000000  x3=0x80000000
     224185.000 ns	     22417	80004a78	182ff053	fdiv.s	f0,f31,f2	 f31:0x4f000411  f2:0x00000000  f0=0x7f800000
     224555.000 ns	     22454	80004a7c	03ef7d33	remu	x26,x30,x30	 x30:0x00000002 x30:0x00000002 x26=0x00000000
     224575.000 ns	     22456	80004a80	009a5813	srli	x16,x20,0x9	 x20:0x00000000 x16=0x00000000
     224585.000 ns	     22457	80004a84	d79c2c13	slti	x24,x24,-647	 x24:0x01000000 x24=0x00000000
     224605.000 ns	     22459	80004a88	a0e08653	fle.s	x12,f1,f14	  f1:0x4f000410 f14:0x00000000 x12=0x00000000
     224635.000 ns	     22462	80004a8c	03d93ab3	mulhu	x21,x18,x29	 x18:0xff000000 x29:0x00000000 x21=0x00000000
     224665.000 ns	     22465	80004a90	f00a8153	fmv.w.x	f2,x21	 x21:0x00000001  f2=0x00000000
     224695.000 ns	     22468	80004a94	035e60b3	rem	x1,x28,x21	 x28:0x80040fe4 x21:0x00000000  x1=0x80040fe4
     225065.000 ns	     22505	80004a98	023ed8b3	divu	x17,x29,x3	 x29:0x00000000  x3:0x80000000 x17=0x00000000
     225085.000 ns	     22507	80004a9c	002663b3	or	x7,x12,x2	 x12:0x00000000  x2:0xf9972418  x7=0xf9972418
     225095.000 ns	     22508	80004aa0	0e026313	ori	x6,x4,224	  x4:0x00000000  x6=0x000000e0
     225105.000 ns	     22509	80004aa4	39cacb93	xori	x23,x21,924	 x21:0x00000000 x23=0x0000039c
     225125.000 ns	     22511	80004aa8	027587b3	mul	x15,x11,x7	 x11:0x80041024  x7:0xf9972418 x15=0x1be29360
     225145.000 ns	     22513	80004aac	2207a293	slti	x5,x15,544	 x15:0x00000001  x5=0x00000000
     225155.000 ns	     22514	80004ab0	00b55013	srli	x0,x10,0xb	 x10:0x8000036b
     225515.000 ns	     22550	80004ab4	02a04233	div	x4,x0,x10	  x0:0x00000000 x10:0x8000036b  x4=0x00000000
     225545.000 ns	     22553	80004ab8	20ef08d3	fsgnj.s	f17,f30,f14	 f30:0x4f000410 f14:0x00000000 f17=0x4f000410
     225565.000 ns	     22555	80004abc	a1329317	auipc	x6,0xa1329	  x6=0x2132dabc
     225575.000 ns	     22556	80004ac0	01933633	sltu	x12,x6,x25	  x6:0x000000e0 x25:0x00000000 x12=0x00000000
     225595.000 ns	     22558	80004ac4	c003f053	fcvt.w.s	x0,f7	  f7:0x4f000410
     225625.000 ns	     22561	80004ac8	02f73533	mulhu	x10,x14,x15	 x14:0x7fffffff x15:0x1be29360 x10=0x0df149af
     225655.000 ns	     22564	80004acc	0283a9b3	mulhsu	x19,x7,x8	  x7:0xf9972418  x8:0x80000000 x19=0xfccb920c
     225675.000 ns	     22566	80004ad0	010649b3	xor	x19,x12,x16	 x12:0x00000000 x16:0x00000000 x19=0x00000000
     225715.000 ns	     22570	80004ad4	08c2b853	fsub.s	f16,f5,f12	  f5:0x7fc00000 f12:0xffc00000 f16=0x7fc00000
     225735.000 ns	     22572	80004ad8	5be1a013	slti	x0,x3,1470	  x3:0x80000000
     225745.000 ns	     22573	80004adc	002679b3	and	x19,x12,x2	 x12:0x00000000  x2:0xf9972418 x19=0x00000000
     225765.000 ns	     22575	80004ae0	215607d3	fsgnj.s	f15,f12,f21	 f12:0xffc00000 f21:0x7fc00000 f15=0x7fc00000
     225785.000 ns	     22577	80004ae4	01c3bf33	sltu	x30,x7,x28	  x7:0xf9972418 x28:0x80040fe4 x30=0x00000000
     225825.000 ns	     22581	80004ae8	08838bd3	fsub.s	f23,f7,f8	  f7:0x4f000410  f8:0x7fc00000 f23=0x7fc00000
     225855.000 ns	     22584	80004aec	a0bb2cd3	feq.s	x25,f22,f11	 f22:0x00000000 f11:0x7fc00000 x25=0x00000000
     225905.000 ns	     22589	80004af0	0863aa53	fsub.s	f20,f7,f6	  f7:0x4f000410  f6:0x7fc00000 f20=0x7fc00000
     225935.000 ns	     22592	80004af4	d01172d3	fcvt.s.wu	f5,x2	  x2:0xf9972418  f5=0x4f799724
     225965.000 ns	     22595	80004af8	a1220a53	fle.s	x20,f4,f18	  f4:0x4f800000 f18:0x7fc00000 x20=0x00000000
     226015.000 ns	     22600	80004afc	092b17d3	fsub.s	f15,f22,f18	 f22:0x00000000 f18:0x7fc00000 f15=0x7fc00000
     226045.000 ns	     22603	80004b00	02bc8333	mul	x6,x25,x11	 x25:0x00000000 x11:0x80041024  x6=0x00000000
     226075.000 ns	     22606	80004b04	033c4fb3	div	x31,x24,x19	 x24:0x00000000 x19:0x00000000 x31=0xffffffff
     226105.000 ns	     22609	80004b08	e00f81d3	fmv.x.w	x3,f31	 f31:0x4f000411  x3=0x4f000411
     226125.000 ns	     22611	80004b0c	004439b3	sltu	x19,x8,x4	  x8:0x80000000  x4:0x00000000 x19=0x00000000
     226135.000 ns	     22612	80004b10	01ca7533	and	x10,x20,x28	 x20:0x00000000 x28:0x80040fe4 x10=0x00000000
     226145.000 ns	     22613	80004b14	9e5ca897	auipc	x17,0x9e5ca	 x17=0x1e5ceb14
     226165.000 ns	     22615	80004b18	c01f77d3	fcvt.wu.s	x15,f30	 f30:0x4f000410 x15=0x80041000
     226195.000 ns	     22618	80004b1c	e00d9753	fclass.s	x14,f27	 f27:0x7fc00000 x14=0x00000200
     226215.000 ns	     22620	80004b20	40fdd293	srai	x5,x27,0xf	 x27:0xfffff859  x5=0xffffffff
     226225.000 ns	     22621	80004b24	eff21cb7	lui	x25,0xeff21	 x25=0xeff21000
     226245.000 ns	     22623	80004b28	02acff33	remu	x30,x25,x10	 x25:0x00000000 x10:0x00000000 x30=0xeff21000
     226265.000 ns	     22625	80004b2c	003b27b3	slt	x15,x22,x3	 x22:0x00000000  x3:0x4f000411 x15=0x00000001
     226275.000 ns	     22626	80004b30	001b2633	slt	x12,x22,x1	 x22:0x00000000  x1:0x80040fe4 x12=0x00000000
     226285.000 ns	     22627	80004b34	0b8b0913	addi	x18,x22,184	 x22:0x00000000 x18=0x000000b8
     226295.000 ns	     22628	80004b38	a866c893	xori	x17,x13,-1402	 x13:0x00000001 x17=0xfffffa87
     226315.000 ns	     22630	80004b3c	02879c33	mulh	x24,x15,x8	 x15:0x00000001  x8:0x80000000 x24=0xffffffff
     226345.000 ns	     22633	80004b40	e00d1753	fclass.s	x14,f26	 f26:0x7fc00000 x14=0x00000200
     226385.000 ns	     22637	80004b44	11b27253	fmul.s	f4,f4,f27	  f4:0x4f800000 f27:0x7fc00000  f4=0x7fc00000
     226415.000 ns	     22640	80004b48	20eb8053	fsgnj.s	f0,f23,f14	 f23:0x7fc00000 f14:0x00000000  f0=0x7fc00000
     226445.000 ns	     22643	80004b4c	e00b8353	fmv.x.w	x6,f23	 f23:0x7fc00000  x6=0x7fc00000
     226465.000 ns	     22645	80004b50	01792933	slt	x18,x18,x23	 x18:0x000000b8 x23:0x0000039c x18=0x00000001
     226485.000 ns	     22647	80004b54	28ef9153	fmax.s	f2,f31,f14	 f31:0x4f000411 f14:0x00000000  f2=0x4f000411
     226505.000 ns	     22649	80004b58	97cec413	xori	x8,x29,-1668	 x29:0x00000000  x8=0xfffff97c
     226535.000 ns	     22652	80004b5c	10e8f553	fmul.s	f10,f17,f14	 f17:0x4f000410 f14:0x00000000 f10=0x00000000
     226555.000 ns	     22654	80004b60	00241fb3	sll	x31,x8,x2	  x8:0x80000000  x2:0xf9972418 x31=0x7c000000
     226565.000 ns	     22655	80004b64	8efad297	auipc	x5,0x8efad	  x5=0x0efb1b64
     226585.000 ns	     22657	80004b68	a0558ad3	fle.s	x21,f11,f5	 f11:0x7fc00000  f5:0x4f799724 x21=0x00000000
     226605.000 ns	     22659	80004b6c	fcd67093	andi	x1,x12,-51	 x12:0x00000000  x1=0x00000000
     226615.000 ns	     22660	80004b70	d5395db7	lui	x27,0xd5395	 x27=0xd5395000
     226645.000 ns	     22663	80004b74	18414bd3	fdiv.s	f23,f2,f4	  f2:0x4f000411  f4:0x7fc00000 f23=0x7fc00000
     226675.000 ns	     22666	80004b78	21611153	fsgnjn.s	f2,f2,f22	  f2:0x4f000411 f22:0x00000000  f2=0xcf000411
     226705.000 ns	     22669	80004b7c	c01a87d3	fcvt.wu.s	x15,f21	 f21:0x7fc00000 x15=0xffffffff
     226725.000 ns	     22671	80004b80	002bd4b3	srl	x9,x23,x2	 x23:0x0000039c  x2:0xf9972418  x9=0x00000000
     226735.000 ns	     22672	80004b84	2876b293	sltiu	x5,x13,647	 x13:0x00000001  x5=0x00000001
     226755.000 ns	     22674	80004b88	206cabd3	fsgnjx.s	f23,f25,f6	 f25:0x7fc00000  f6:0x7fc00000 f23=0x7fc00000
     226785.000 ns	     22677	80004b8c	a0050353	fle.s	x6,f10,f0	 f10:0x00000000  f0:0x7fc00000  x6=0x00000000
     226805.000 ns	     22679	80004b90	8d822313	slti	x6,x4,-1832	  x4:0x00000000  x6=0x00000000
     226825.000 ns	     22681	80004b94	202e9cd3	fsgnjn.s	f25,f29,f2	 f29:0x7fc00000  f2:0xcf000411 f25=0x7fc00000
     226845.000 ns	     22683	80004b98	f2df32b7	lui	x5,0xf2df3	  x5=0xf2df3000
     226865.000 ns	     22685	80004b9c	024ed4b3	divu	x9,x29,x4	 x29:0x00000000  x4:0x00000000  x9=0xffffffff
     227235.000 ns	     22722	80004ba0	02e776b3	remu	x13,x14,x14	 x14:0x00000200 x14:0x00000200 x13=0x00000000
     227265.000 ns	     22725	80004ba4	02ca4a33	div	x20,x20,x12	 x20:0x00000000 x12:0x00000000 x20=0xffffffff
     227295.000 ns	     22728	80004ba8	03319933	mulh	x18,x3,x19	  x3:0x4f000411 x19:0x00000000 x18=0x00000000
     227315.000 ns	     22730	80004bac	401484b3	sub	x9,x9,x1	  x9:0xffffffff  x1:0x00000000  x9=0xffffffff
     227325.000 ns	     22731	80004bb0	00a96533	or	x10,x18,x10	 x18:0x00000000 x10:0x00000000 x10=0x00000000
     227335.000 ns	     22732	80004bb4	0056ab33	slt	x22,x13,x5	 x13:0x00000000  x5:0xf2df3000 x22=0x00000000
     227345.000 ns	     22733	80004bb8	53b1a213	slti	x4,x3,1339	  x3:0x4f000411  x4=0x00000000
     227385.000 ns	     22737	80004bbc	09393b53	fsub.s	f22,f18,f19	 f18:0x7fc00000 f19:0x7fc00000 f22=0x7fc00000
     227755.000 ns	     22774	80004bc0	0340dab3	divu	x21,x1,x20	  x1:0x00000000 x20:0xffffffff x21=0x00000000
     227775.000 ns	     22776	80004bc4	00000013	addi	x0,x0,0	  x0:0x00000000
     227805.000 ns	     22779	80004bc8	198efed3	fdiv.s	f29,f29,f24	 f29:0x7fc00000 f24:0x7fc00000 f29=0x7fc00000
     227855.000 ns	     22784	80004bcc	01d67953	fadd.s	f18,f12,f29	 f12:0xffc00000 f29:0x7fc00000 f18=0x7fc00000
     227885.000 ns	     22787	80004bd0	2189a7d3	fsgnjx.s	f15,f19,f24	 f19:0x7fc00000 f24:0x7fc00000 f15=0x7fc00000
     227905.000 ns	     22789	80004bd4	40605f33	sra	x30,x0,x6	  x0:0x00000000  x6:0x00000000 x30=0x00000000
     227925.000 ns	     22791	80004bd8	a0fa0053	fle.s	x0,f20,f15	 f20:0x7fc00000 f15:0x7fc00000
     227965.000 ns	     22795	80004bdc	580a77d3	fsqrt.s	f15,f20	 f20:0x7fc00000 f15=0x7fc00000
     227995.000 ns	     22798	80004be0	d00cbdd3	fcvt.s.w	f27,x25	 x25:0xeff21000 f27=0xcd806f80
     228025.000 ns	     22801	80004be4	21389ad3	fsgnjn.s	f21,f17,f19	 f17:0x4f000410 f19:0x7fc00000 f21=0xcf000410
     228045.000 ns	     22803	80004be8	8fe7f013	andi	x0,x15,-1794	 x15:0xffffffff
     228085.000 ns	     22807	80004bec	08bacc53	fsub.s	f24,f21,f11	 f21:0xcf000410 f11:0x7fc00000 f24=0x7fc00000
     228115.000 ns	     22810	80004bf0	024fdfb3	divu	x31,x31,x4	 x31:0x7c000000  x4:0x00000000 x31=0xffffffff
     228135.000 ns	     22812	80004bf4	0186b9b3	sltu	x19,x13,x24	 x13:0x00000000 x24:0xffffffff x19=0x00000001
     228145.000 ns	     22813	80004bf8	005823b3	slt	x7,x16,x5	 x16:0x00000000  x5:0xf2df3000  x7=0x00000000
     228165.000 ns	     22815	80004bfc	a19d0ad3	fle.s	x21,f26,f25	 f26:0x7fc00000 f25:0x7fc00000 x21=0x00000000
     228195.000 ns	     22818	80004c00	a1acabd3	feq.s	x23,f25,f26	 f25:0x7fc00000 f26:0x7fc00000 x23=0x00000000
     228245.000 ns	     22823	80004c04	012b19d3	fadd.s	f19,f22,f18	 f22:0x7fc00000 f18:0x7fc00000 f19=0x7fc00000
     228275.000 ns	     22826	80004c08	a17d9b53	flt.s	x22,f27,f23	 f27:0xcd806f80 f23:0x7fc00000 x22=0x00000000
     228305.000 ns	     22829	80004c0c	a11f2c53	feq.s	x24,f30,f17	 f30:0x4f000410 f17:0x4f000410 x24=0x00000001
     228355.000 ns	     22834	80004c10	09d633d3	fsub.s	f7,f12,f29	 f12:0xffc00000 f29:0x7fc00000  f7=0x7fc00000
     228375.000 ns	     22836	80004c14	00e88033	add	x0,x17,x14	 x17:0xfffffa87 x14:0x00000200
     228395.000 ns	     22838	80004c18	a102a253	feq.s	x4,f5,f16	  f5:0x4f799724 f16:0x7fc00000  x4=0x00000000
     228425.000 ns	     22841	80004c1c	c006cf53	fcvt.w.s	x30,f13	 f13:0x7fc00000 x30=0x7fffffff
     228445.000 ns	     22843	80004c20	41dc0633	sub	x12,x24,x29	 x24:0x00000001 x29:0x00000000 x12=0x00000001
     228465.000 ns	     22845	80004c24	d014f753	fcvt.s.wu	f14,x9	  x9:0xffffffff f14=0x4f7fffff
     228495.000 ns	     22848	80004c28	a1162653	feq.s	x12,f12,f17	 f12:0xffc00000 f17:0x4f000410 x12=0x00000000
     228515.000 ns	     22850	80004c2c	40ea0d33	sub	x26,x20,x14	 x20:0xffffffff x14:0x00000200 x26=0xfffffdff
     228545.000 ns	     22853	80004c30	11ee7053	fmul.s	f0,f28,f30	 f28:0xcf7ffffd f30:0x4f000410  f0=0xdf00040e
     228565.000 ns	     22855	80004c34	0115cab3	xor	x21,x11,x17	 x11:0x80041024 x17:0xfffffa87 x21=0x7ffbeaa3
     228585.000 ns	     22857	80004c38	d0017fd3	fcvt.s.w	f31,x2	  x2:0xf9972418 f31=0xcccd1b7d
     228605.000 ns	     22859	80004c3c	d0bc4093	xori	x1,x24,-757	 x24:0x00000001  x1=0xfffffd0a
     228615.000 ns	     22860	80004c40	00000013	addi	x0,x0,0	  x0:0x00000000
     228625.000 ns	     22861	80004c44	00ab6b33	or	x22,x22,x10	 x22:0x00000000 x10:0x00000000 x22=0x00000000
     228635.000 ns	     22862	80004c48	017e39b3	sltu	x19,x28,x23	 x28:0x80040fe4 x23:0x00000000 x19=0x00000000
     228645.000 ns	     22863	80004c4c	004c9713	slli	x14,x25,0x4	 x25:0xeff21000 x14=0xff210000
     228665.000 ns	     22865	80004c50	20b62653	fsgnjx.s	f12,f12,f11	 f12:0xffc00000 f11:0x7fc00000 f12=0xffc00000
     228685.000 ns	     22867	80004c54	e1f0cd17	auipc	x26,0xe1f0c	 x26=0x61f10c54
     228705.000 ns	     22869	80004c58	e00c0cd3	fmv.x.w	x25,f24	 f24:0x7fc00000 x25=0x7fc00000
     228745.000 ns	     22873	80004c5c	5809fc53	fsqrt.s	f24,f19	 f19:0x7fc00000 f24=0x7fc00000
     228775.000 ns	     22876	80004c60	e00187d3	fmv.x.w	x15,f3	  f3:0x7fffffff x15=0x7fffffff
     228805.000 ns	     22879	80004c64	02e31933	mulh	x18,x6,x14	  x6:0x00000000 x14:0xff210000 x18=0x00000000
     228835.000 ns	     22882	80004c68	c015cf53	fcvt.wu.s	x30,f11	 f11:0x7fc00000 x30=0xffffffff
     228875.000 ns	     22886	80004c6c	580009d3	fsqrt.s	f19,f0	  f0:0xdf00040e f19=0x7fc00000
     228895.000 ns	     22888	80004c70	414c8433	sub	x8,x25,x20	 x25:0x7fc00000 x20:0xffffffff  x8=0x7fc00001
     228915.000 ns	     22890	80004c74	29900a53	fmin.s	f20,f0,f25	  f0:0xdf00040e f25:0x7fc00000 f20=0xdf00040e
     228945.000 ns	     22893	80004c78	03f434b3	mulhu	x9,x8,x31	  x8:0xfffff97c x31:0xffffffff  x9=0x7fc00000
     228965.000 ns	     22895	80004c7c	01041d13	slli	x26,x8,0x10	  x8:0x7fc00001 x26=0x00010000
     228975.000 ns	     22896	80004c80	4150d693	srai	x13,x1,0x15	  x1:0xfffffd0a x13=0xffffffff
     229335.000 ns	     22932	80004c84	03a5dab3	divu	x21,x11,x26	 x11:0x80041024 x26:0x61f10c54 x21=0x00008004
     229375.000 ns	     22936	80004c88	1886f553	fdiv.s	f10,f13,f8	 f13:0x7fc00000  f8:0x7fc00000 f10=0x7fc00000
     229405.000 ns	     22939	80004c8c	d0161e53	fcvt.s.wu	f28,x12	 x12:0x00000000 f28=0x00000000
     229435.000 ns	     22942	80004c90	29b41fd3	fmax.s	f31,f8,f27	  f8:0x7fc00000 f27:0xcd806f80 f31=0xcd806f80
     229465.000 ns	     22945	80004c94	d01d71d3	fcvt.s.wu	f3,x26	 x26:0x00010000  f3=0x47800000
     229485.000 ns	     22947	80004c98	1a2e8013	addi	x0,x29,418	 x29:0x00000000
     229495.000 ns	     22948	80004c9c	014a1713	slli	x14,x20,0x14	 x20:0xffffffff x14=0xfff00000
     229515.000 ns	     22950	80004ca0	295c1753	fmax.s	f14,f24,f21	 f24:0x7fc00000 f21:0xcf000410 f14=0xcf000410
     229535.000 ns	     22952	80004ca4	ad65bf13	sltiu	x30,x11,-1322	 x11:0x80041024 x30=0x00000001
     229555.000 ns	     22954	80004ca8	e00b14d3	fclass.s	x9,f22	 f22:0x7fc00000  x9=0x00000200
     229925.000 ns	     22991	80004cac	02bfd633	divu	x12,x31,x11	 x31:0xffffffff x11:0x80041024 x12=0x00000001
     229955.000 ns	     22994	80004cb0	e0088f53	fmv.x.w	x30,f17	 f17:0x4f000410 x30=0x4f000410
     229975.000 ns	     22996	80004cb4	41bd5893	srai	x17,x26,0x1b	 x26:0x00010000 x17=0x00000000
     229985.000 ns	     22997	80004cb8	003e0eb3	add	x29,x28,x3	 x28:0x80040fe4  x3:0x4f000411 x29=0xcf0413f5
     229995.000 ns	     22998	80004cbc	01f8f933	and	x18,x17,x31	 x17:0xfffffa87 x31:0xffffffff x18=0x00000000
     230005.000 ns	     22999	80004cc0	00b662b3	or	x5,x12,x11	 x12:0x00000001 x11:0x80041024  x5=0x80041025
     230025.000 ns	     23001	80004cc4	a1edabd3	feq.s	x23,f27,f30	 f27:0xcd806f80 f30:0x4f000410 x23=0x00000000
     230075.000 ns	     23006	80004cc8	0972b153	fsub.s	f2,f5,f23	  f5:0x4f799724 f23:0x7fc00000  f2=0x7fc00000
     230105.000 ns	     23009	80004ccc	020392b3	mulh	x5,x7,x0	  x7:0x00000000  x0:0x00000000  x5=0x00000000
     230155.000 ns	     23014	80004cd0	00f27ed3	fadd.s	f29,f4,f15	  f4:0x7fc00000 f15:0x7fc00000 f29=0x7fc00000
     230185.000 ns	     23017	80004cd4	c01fb4d3	fcvt.wu.s	x9,f31	 f31:0xcd806f80  x9=0x100df000
     230235.000 ns	     23022	80004cd8	09daf353	fsub.s	f6,f21,f29	 f21:0xcf000410 f29:0x7fc00000  f6=0x7fc00000
     230265.000 ns	     23025	80004cdc	d002fd53	fcvt.s.w	f26,x5	  x5:0x00000000 f26=0x00000000
     230295.000 ns	     23028	80004ce0	0250c0b3	div	x1,x1,x5	  x1:0xfffffd0a  x5:0x00000000  x1=0xffffffff
     230315.000 ns	     23030	80004ce4	01182fb3	slt	x31,x16,x17	 x16:0x00000000 x17:0x00000000 x31=0x00000000
     230325.000 ns	     23031	80004ce8	00b0beb3	sltu	x29,x1,x11	  x1:0xffffffff x11:0x80041024 x29=0x00000000
     230685.000 ns	     23067	80004cec	02be6433	rem	x8,x28,x11	 x28:0x80040fe4 x11:0x80041024  x8=0xffffffc0
     230705.000 ns	     23069	80004cf0	9c2e2013	slti	x0,x28,-1598	 x28:0x80040fe4
     230715.000 ns	     23070	80004cf4	41dd57b3	sra	x15,x26,x29	 x26:0x00010000 x29:0x00000000 x15=0x00010000
     230755.000 ns	     23074	80004cf8	01091753	fadd.s	f14,f18,f16	 f18:0x7fc00000 f16:0x7fc00000 f14=0x7fc00000
     231095.000 ns	     23108	80004cfc	191fb153	fdiv.s	f2,f31,f17	 f31:0xcd806f80 f17:0x4f000410  f2=0xbd806f80
     231125.000 ns	     23111	80004d00	28a59553	fmax.s	f10,f11,f10	 f11:0x7fc00000 f10:0x7fc00000 f10=0x7fc00000
     231175.000 ns	     23116	80004d04	08bdf7d3	fsub.s	f15,f27,f11	 f27:0xcd806f80 f11:0x7fc00000 f15=0x7fc00000
     231205.000 ns	     23119	80004d08	213e2853	fsgnjx.s	f16,f28,f19	 f28:0x00000000 f19:0x7fc00000 f16=0x00000000
     231235.000 ns	     23122	80004d0c	f0080cd3	fmv.w.x	f25,x16	 x16:0x00000000 f25=0x00000000
     231265.000 ns	     23125	80004d10	03ddd3b3	divu	x7,x27,x29	 x27:0xd5395000 x29:0x00000000  x7=0xffffffff
     231285.000 ns	     23127	80004d14	412456b3	sra	x13,x8,x18	  x8:0xffffffc0 x18:0x00000000 x13=0xffffffc0
     231325.000 ns	     23131	80004d18	09020753	fsub.s	f14,f4,f16	  f4:0x7fc00000 f16:0x00000000 f14=0x7fc00000
     231345.000 ns	     23133	80004d1c	01bf5d93	srli	x27,x30,0x1b	 x30:0x4f000410 x27=0x00000009
     231365.000 ns	     23135	80004d20	a17721d3	feq.s	x3,f14,f23	 f14:0x7fc00000 f23:0x7fc00000  x3=0x00000000
     231395.000 ns	     23138	80004d24	c006ad53	fcvt.w.s	x26,f13	 f13:0x7fc00000 x26=0x7fffffff
     231425.000 ns	     23141	80004d28	02ea16b3	mulh	x13,x20,x14	 x20:0xffffffff x14:0xfff00000 x13=0x00000000
     231445.000 ns	     23143	80004d2c	41f0d6b3	sra	x13,x1,x31	  x1:0xffffffff x31:0x00000000 x13=0xffffffff
     231455.000 ns	     23144	80004d30	01cb19b3	sll	x19,x22,x28	 x22:0x00000000 x28:0x80040fe4 x19=0x00000000
     231465.000 ns	     23145	80004d34	009b1d13	slli	x26,x22,0x9	 x22:0x00000000 x26=0x00000000
     231475.000 ns	     23146	80004d38	828b3f13	sltiu	x30,x22,-2008	 x22:0x00000000 x30=0x00000001
     231495.000 ns	     23148	80004d3c	025cf2b3	remu	x5,x25,x5	 x25:0x7fc00000  x5:0x00000000  x5=0x7fc00000
     231515.000 ns	     23150	80004d40	01047c33	and	x24,x8,x16	  x8:0xffffffc0 x16:0x00000000 x24=0x00000000
     231535.000 ns	     23152	80004d44	f00c0153	fmv.w.x	f2,x24	 x24:0x00000001  f2=0x00000000
     231555.000 ns	     23154	80004d48	008566b3	or	x13,x10,x8	 x10:0x00000000  x8:0xffffffc0 x13=0xffffffc0
     231585.000 ns	     23157	80004d4c	11784f53	fmul.s	f30,f16,f23	 f16:0x00000000 f23:0x7fc00000 f30=0x7fc00000
     231605.000 ns	     23159	80004d50	006e89b3	add	x19,x29,x6	 x29:0x00000000  x6:0x00000000 x19=0x00000000
     231625.000 ns	     23161	80004d54	c00703d3	fcvt.w.s	x7,f14	 f14:0x7fc00000  x7=0x7fffffff
     231655.000 ns	     23164	80004d58	c00cf9d3	fcvt.w.s	x19,f25	 f25:0x00000000 x19=0x00000000
     231685.000 ns	     23167	80004d5c	a0511dd3	flt.s	x27,f2,f5	  f2:0x00000000  f5:0x4f799724 x27=0x00000001
     231715.000 ns	     23170	80004d60	a05226d3	feq.s	x13,f4,f5	  f4:0x7fc00000  f5:0x4f799724 x13=0x00000000
     231735.000 ns	     23172	80004d64	03ff1897	auipc	x17,0x3ff1	 x17=0x83ff5d64
     231745.000 ns	     23173	80004d68	9ed7a313	slti	x6,x15,-1555	 x15:0x00010000  x6=0x00000000
     231755.000 ns	     23174	80004d6c	00d6d2b3	srl	x5,x13,x13	 x13:0x00000000 x13:0x00000000  x5=0x00000000
     231775.000 ns	     23176	80004d70	20620e53	fsgnj.s	f28,f4,f6	  f4:0x7fc00000  f6:0x7fc00000 f28=0x7fc00000
     232145.000 ns	     23213	80004d74	039ed233	divu	x4,x29,x25	 x29:0x00000000 x25:0x7fc00000  x4=0x00000000
     232175.000 ns	     23216	80004d78	f0080d53	fmv.w.x	f26,x16	 x16:0x00000000 f26=0x00000000
     232195.000 ns	     23218	80004d7c	013f5733	srl	x14,x30,x19	 x30:0x00000001 x19:0x00000000 x14=0x00000001
     232215.000 ns	     23220	80004d80	029aa633	mulhsu	x12,x21,x9	 x21:0x00008004  x9:0x100df000 x12=0x00000807
     232245.000 ns	     23223	80004d84	2076abd3	fsgnjx.s	f23,f13,f7	 f13:0x7fc00000  f7:0x7fc00000 f23=0x7fc00000
     232275.000 ns	     23226	80004d88	214aa253	fsgnjx.s	f4,f21,f20	 f21:0xcf000410 f20:0xdf00040e  f4=0x4f000410
     232295.000 ns	     23228	80004d8c	8412b837	lui	x16,0x8412b	 x16=0x8412b000
     232305.000 ns	     23229	80004d90	01eb5c93	srli	x25,x22,0x1e	 x22:0x00000000 x25=0x00000000
     232315.000 ns	     23230	80004d94	20b16213	ori	x4,x2,523	  x2:0xf9972418  x4=0xf997261b
     232335.000 ns	     23232	80004d98	e0051d53	fclass.s	x26,f10	 f10:0x7fc00000 x26=0x00000200
     232365.000 ns	     23235	80004d9c	20e512d3	fsgnjn.s	f5,f10,f14	 f10:0x7fc00000 f14:0x7fc00000  f5=0xffc00000
     232395.000 ns	     23238	80004da0	d0083653	fcvt.s.w	f12,x16	 x16:0x8412b000 f12=0xcef7daa0
     232415.000 ns	     23240	80004da4	008e8fb3	add	x31,x29,x8	 x29:0x00000000  x8:0xffffffc0 x31=0xffffffc0
     232435.000 ns	     23242	80004da8	a1a30b53	fle.s	x22,f6,f26	  f6:0x7fc00000 f26:0x00000000 x22=0x00000000
     232465.000 ns	     23245	80004dac	f0088b53	fmv.w.x	f22,x17	 x17:0x83ff5d64 f22=0x83ff5d64
     232485.000 ns	     23247	80004db0	018d66b3	or	x13,x26,x24	 x26:0x00000200 x24:0x00000000 x13=0x00000200
     232495.000 ns	     23248	80004db4	00cd5713	srli	x14,x26,0xc	 x26:0x00000200 x14=0x00000000
     232515.000 ns	     23250	80004db8	286d19d3	fmax.s	f19,f26,f6	 f26:0x00000000  f6:0x7fc00000 f19=0x00000000
     232535.000 ns	     23252	80004dbc	698e2fb7	lui	x31,0x698e2	 x31=0x698e2000
     232555.000 ns	     23254	80004dc0	d018c7d3	fcvt.s.wu	f15,x17	 x17:0x83ff5d64 f15=0x4f03ff5d
     232925.000 ns	     23291	80004dc4	03f2e233	rem	x4,x5,x31	  x5:0x00000000 x31:0xffffffc0  x4=0x00000000
     232945.000 ns	     23293	80004dc8	83e1bc93	sltiu	x25,x3,-1986	  x3:0x00000000 x25=0x00000001
     232955.000 ns	     23294	80004dcc	80c87913	andi	x18,x16,-2036	 x16:0x8412b000 x18=0x8412b000
     232975.000 ns	     23296	80004dd0	e00d92d3	fclass.s	x5,f27	 f27:0xcd806f80  x5=0x00000002
     233005.000 ns	     23299	80004dd4	d0183d53	fcvt.s.wu	f26,x16	 x16:0x8412b000 f26=0x4f0412b0
     233025.000 ns	     23301	80004dd8	0191d093	srli	x1,x3,0x19	  x3:0x00000000  x1=0x00000000
     233045.000 ns	     23303	80004ddc	20631253	fsgnjn.s	f4,f6,f6	  f6:0x7fc00000  f6:0x7fc00000  f4=0xffc00000
     233075.000 ns	     23306	80004de0	c01afd53	fcvt.wu.s	x26,f21	 f21:0xcf000410 x26=0x80041000
     233115.000 ns	     23310	80004de4	117ba653	fmul.s	f12,f23,f23	 f23:0x7fc00000 f23:0x7fc00000 f12=0x7fc00000
     233135.000 ns	     23312	80004de8	151d0437	lui	x8,0x151d0	  x8=0x151d0000
     233155.000 ns	     23314	80004dec	28ab10d3	fmax.s	f1,f22,f10	 f22:0x83ff5d64 f10:0x7fc00000  f1=0x83ff5d64
     233525.000 ns	     23351	80004df0	0289d2b3	divu	x5,x19,x8	 x19:0x00000000  x8:0xffffffc0  x5=0x00000000
     233555.000 ns	     23354	80004df4	03dd3d33	mulhu	x26,x26,x29	 x26:0x80041000 x29:0x00000000 x26=0x00000000
     233575.000 ns	     23356	80004df8	41e2da33	sra	x20,x5,x30	  x5:0x00000000 x30:0x00000001 x20=0x00000000
     233595.000 ns	     23358	80004dfc	0371f0b3	remu	x1,x3,x23	  x3:0x00000000 x23:0x00000000  x1=0x00000000
     233615.000 ns	     23360	80004e00	00975f13	srli	x30,x14,0x9	 x14:0x00000000 x30=0x00000000
     233635.000 ns	     23362	80004e04	a0549c53	flt.s	x24,f9,f5	  f9:0x4f000410  f5:0xffc00000 x24=0x00000000
     233665.000 ns	     23365	80004e08	a0e12653	feq.s	x12,f2,f14	  f2:0x00000000 f14:0x7fc00000 x12=0x00000000
     233685.000 ns	     23367	80004e0c	010cd637	lui	x12,0x10cd	 x12=0x010cd000
     233705.000 ns	     23369	80004e10	03269b33	mulh	x22,x13,x18	 x13:0x00000200 x18:0x8412b000 x22=0xffffff08
     233735.000 ns	     23372	80004e14	2015a353	fsgnjx.s	f6,f11,f1	 f11:0x7fc00000  f1:0x83ff5d64  f6=0xffc00000
     233765.000 ns	     23375	80004e18	d00dfa53	fcvt.s.w	f20,x27	 x27:0x00000001 f20=0x3f800000
     233785.000 ns	     23377	80004e1c	ec4c6613	ori	x12,x24,-316	 x24:0x00000000 x12=0xfffffec4
     233825.000 ns	     23381	80004e20	00d0f6d3	fadd.s	f13,f1,f13	  f1:0x83ff5d64 f13:0x7fc00000 f13=0x7fc00000
     233845.000 ns	     23383	80004e24	94633e93	sltiu	x29,x6,-1722	  x6:0x00000000 x29=0x00000001
     233855.000 ns	     23384	80004e28	0015c1b3	xor	x3,x11,x1	 x11:0x80041024  x1:0x00000000  x3=0x80041024
     233875.000 ns	     23386	80004e2c	a0782b53	feq.s	x22,f16,f7	 f16:0x00000000  f7:0x7fc00000 x22=0x00000000
     234245.000 ns	     23423	80004e30	0297dab3	divu	x21,x15,x9	 x15:0x00010000  x9:0x100df000 x21=0x00000000
     234275.000 ns	     23426	80004e34	f00d8cd3	fmv.w.x	f25,x27	 x27:0x00000001 f25=0x00000001
     234295.000 ns	     23428	80004e38	173a7f13	andi	x30,x20,371	 x20:0x00000000 x30=0x00000000
     234305.000 ns	     23429	80004e3c	0f77f693	andi	x13,x15,247	 x15:0x00010000 x13=0x00000000
     234315.000 ns	     23430	80004e40	01dd7db3	and	x27,x26,x29	 x26:0x00000000 x29:0x00000001 x27=0x00000000
     234325.000 ns	     23431	80004e44	fa94a617	auipc	x12,0xfa94a	 x12=0x7a94ee44
     234345.000 ns	     23433	80004e48	c014cc53	fcvt.wu.s	x24,f9	  f9:0x4f000410 x24=0x80041000
     234375.000 ns	     23436	80004e4c	200f8fd3	fsgnj.s	f31,f31,f0	 f31:0xcd806f80  f0:0xdf00040e f31=0xcd806f80
     234405.000 ns	     23439	80004e50	e00316d3	fclass.s	x13,f6	  f6:0xffc00000 x13=0x00000200
     234435.000 ns	     23442	80004e54	a1691353	flt.s	x6,f18,f22	 f18:0x7fc00000 f22:0x83ff5d64  x6=0x00000000
     234455.000 ns	     23444	80004e58	00f3aab3	slt	x21,x7,x15	  x7:0x7fffffff x15:0x00010000 x21=0x00000000
     234485.000 ns	     23447	80004e5c	10067c53	fmul.s	f24,f12,f0	 f12:0x7fc00000  f0:0xdf00040e f24=0x7fc00000
     234505.000 ns	     23449	80004e60	00000013	addi	x0,x0,0	  x0:0x00000000
     234525.000 ns	     23451	80004e64	a0110053	fle.s	x0,f2,f1	  f2:0x00000000  f1:0x83ff5d64
     234555.000 ns	     23454	80004e68	e0068053	fmv.x.w	x0,f13	 f13:0x7fc00000
     234575.000 ns	     23456	80004e6c	41655993	srai	x19,x10,0x16	 x10:0x00000000 x19=0x00000000
     234595.000 ns	     23458	80004e70	d01aa153	fcvt.s.wu	f2,x21	 x21:0x00000000  f2=0x00000000
     234625.000 ns	     23461	80004e74	d00c77d3	fcvt.s.w	f15,x24	 x24:0x80041000 f15=0xcefff7e0
     234645.000 ns	     23463	80004e78	4161d813	srai	x16,x3,0x16	  x3:0x80041024 x16=0xfffffe00
     235005.000 ns	     23499	80004e7c	038af2b3	remu	x5,x21,x24	 x21:0x00000000 x24:0x80041000  x5=0x00000000
     235055.000 ns	     23504	80004e80	090c7b53	fsub.s	f22,f24,f16	 f24:0x7fc00000 f16:0x00000000 f22=0x7fc00000
     235075.000 ns	     23506	80004e84	41bc0b13	addi	x22,x24,1051	 x24:0x80041000 x22=0x8004141b
     235085.000 ns	     23507	80004e88	00c9e033	or	x0,x19,x12	 x19:0x00000000 x12:0x7a94ee44
     235445.000 ns	     23543	80004e8c	03df4633	div	x12,x30,x29	 x30:0x00000000 x29:0x00000001 x12=0x00000000
     235465.000 ns	     23545	80004e90	2a6ec313	xori	x6,x29,678	 x29:0x00000001  x6=0x000002a7
     235475.000 ns	     23546	80004e94	00af1513	slli	x10,x30,0xa	 x30:0x00000000 x10=0x00000000
     235505.000 ns	     23549	80004e98	18ee2b53	fdiv.s	f22,f28,f14	 f28:0x7fc00000 f14:0x7fc00000 f22=0x7fc00000
     235525.000 ns	     23551	80004e9c	40eb5333	sra	x6,x22,x14	 x22:0x8004141b x14:0x00000000  x6=0x8004141b
     235535.000 ns	     23552	80004ea0	011b9b13	slli	x22,x23,0x11	 x23:0x00000000 x22=0x00000000
     235545.000 ns	     23553	80004ea4	00af57b3	srl	x15,x30,x10	 x30:0x00000000 x10:0x00000000 x15=0x00000000
     235565.000 ns	     23555	80004ea8	036d00b3	mul	x1,x26,x22	 x26:0x00000000 x22:0x8004141b  x1=0x00000000
     235595.000 ns	     23558	80004eac	e00d88d3	fmv.x.w	x17,f27	 f27:0xcd806f80 x17=0xcd806f80
     235625.000 ns	     23561	80004eb0	c0102dd3	fcvt.wu.s	x27,f0	  f0:0xdf00040e x27=0x00000000
     235655.000 ns	     23564	80004eb4	f00d0153	fmv.w.x	f2,x26	 x26:0x00000000  f2=0x00000000
     235675.000 ns	     23566	80004eb8	00000013	addi	x0,x0,0	  x0:0x00000000
     235715.000 ns	     23570	80004ebc	080548d3	fsub.s	f17,f10,f0	 f10:0x7fc00000  f0:0xdf00040e f17=0x7fc00000
     235735.000 ns	     23572	80004ec0	2facc413	xori	x8,x25,762	 x25:0x00000001  x8=0x000002fb
     235745.000 ns	     23573	80004ec4	01c4ccb3	xor	x25,x9,x28	  x9:0x100df000 x28:0x80040fe4 x25=0x9009ffe4
     235775.000 ns	     23576	80004ec8	113d2b53	fmul.s	f22,f26,f19	 f26:0x4f0412b0 f19:0x00000000 f22=0x00000000
     235805.000 ns	     23579	80004ecc	c00c1553	fcvt.w.s	x10,f24	 f24:0x7fc00000 x10=0x7fffffff
     235835.000 ns	     23582	80004ed0	285b96d3	fmax.s	f13,f23,f5	 f23:0x7fc00000  f5:0xffc00000 f13=0x7fc00000
     235875.000 ns	     23586	80004ed4	11b0f853	fmul.s	f16,f1,f27	  f1:0x83ff5d64 f27:0xcd806f80 f16=0x12001deb
     235895.000 ns	     23588	80004ed8	00e1b0b3	sltu	x1,x3,x14	  x3:0x80041024 x14:0x00000000  x1=0x00000000
     235905.000 ns	     23589	80004edc	44a12313	slti	x6,x2,1098	  x2:0xf9972418  x6=0x00000001
     235925.000 ns	     23591	80004ee0	a1312fd3	feq.s	x31,f2,f19	  f2:0x00000000 f19:0x00000000 x31=0x00000001
     236295.000 ns	     23628	80004ee4	032ac6b3	div	x13,x21,x18	 x21:0x00000000 x18:0x8412b000 x13=0x00000000
     236325.000 ns	     23631	80004ee8	a0fc2fd3	feq.s	x31,f24,f15	 f24:0x7fc00000 f15:0xcefff7e0 x31=0x00000000
     236365.000 ns	     23635	80004eec	10fa87d3	fmul.s	f15,f21,f15	 f21:0xcf000410 f15:0xcefff7e0 f15=0x5e800000
     236395.000 ns	     23638	80004ef0	a1c32bd3	feq.s	x23,f6,f28	  f6:0xffc00000 f28:0x7fc00000 x23=0x00000000
     236415.000 ns	     23640	80004ef4	fb1e2713	slti	x14,x28,-79	 x28:0x80040fe4 x14=0x00000001
     236435.000 ns	     23642	80004ef8	21358053	fsgnj.s	f0,f11,f19	 f11:0x7fc00000 f19:0x00000000  f0=0x7fc00000
     236465.000 ns	     23645	80004efc	f0048453	fmv.w.x	f8,x9	  x9:0x100df000  f8=0x100df000
     236485.000 ns	     23647	80004f00	018c9f93	slli	x31,x25,0x18	 x25:0x9009ffe4 x31=0xe4000000
     236495.000 ns	     23648	80004f04	79330413	addi	x8,x6,1939	  x6:0x00000001  x8=0x00000794
     236535.000 ns	     23652	80004f08	093724d3	fsub.s	f9,f14,f19	 f14:0x7fc00000 f19:0x00000000  f9=0x7fc00000
     236565.000 ns	     23655	80004f0c	c01cf553	fcvt.wu.s	x10,f25	 f25:0x00000001 x10=0x00000000
     236595.000 ns	     23658	80004f10	a1d4afd3	feq.s	x31,f9,f29	  f9:0x7fc00000 f29:0x7fc00000 x31=0x00000000
     236625.000 ns	     23661	80004f14	21349d53	fsgnjn.s	f26,f9,f19	  f9:0x7fc00000 f19:0x00000000 f26=0xffc00000
     236655.000 ns	     23664	80004f18	d0194053	fcvt.s.wu	f0,x18	 x18:0x8412b000  f0=0x4f0412b0
     236675.000 ns	     23666	80004f1c	012a9c33	sll	x24,x21,x18	 x21:0x00000000 x18:0x8412b000 x24=0x00000000
     236705.000 ns	     23669	80004f20	10adced3	fmul.s	f29,f27,f10	 f27:0xcd806f80 f10:0x7fc00000 f29=0x7fc00000
     236735.000 ns	     23672	80004f24	03d7a333	mulhsu	x6,x15,x29	 x15:0x00000000 x29:0x00000001  x6=0x00000000
     236755.000 ns	     23674	80004f28	00146633	or	x12,x8,x1	  x8:0x00000794  x1:0x00000000 x12=0x00000794
     236765.000 ns	     23675	80004f2c	5fc4ca93	xori	x21,x9,1532	  x9:0x100df000 x21=0x100df5fc
     236785.000 ns	     23677	80004f30	e00b0c53	fmv.x.w	x24,f22	 f22:0x00000000 x24=0x00000000
     236825.000 ns	     23681	80004f34	18461dd3	fdiv.s	f27,f12,f4	 f12:0x7fc00000  f4:0xffc00000 f27=0x7fc00000
     236855.000 ns	     23684	80004f38	a0d28f53	fle.s	x30,f5,f13	  f5:0xffc00000 f13:0x7fc00000 x30=0x00000000
     236885.000 ns	     23687	80004f3c	21288753	fsgnj.s	f14,f17,f18	 f17:0x7fc00000 f18:0x7fc00000 f14=0x7fc00000
     236905.000 ns	     23689	80004f40	00a3d893	srli	x17,x7,0xa	  x7:0x7fffffff x17=0x001fffff
     236925.000 ns	     23691	80004f44	03bd88b3	mul	x17,x27,x27	 x27:0x00000000 x27:0x00000000 x17=0x00000000
     236975.000 ns	     23696	80004f48	0819f153	fsub.s	f2,f19,f1	 f19:0x00000000  f1:0x83ff5d64  f2=0x03ff5d64
     236995.000 ns	     23698	80004f4c	00f98233	add	x4,x19,x15	 x19:0x00000000 x15:0x00000000  x4=0x00000000
     237355.000 ns	     23734	80004f50	02cde7b3	rem	x15,x27,x12	 x27:0x00000000 x12:0x00000794 x15=0x00000000
     237375.000 ns	     23736	80004f54	1deef193	andi	x3,x29,478	 x29:0x00000001  x3=0x00000000
     237385.000 ns	     23737	80004f58	00efb3b3	sltu	x7,x31,x14	 x31:0x00000000 x14:0x00000001  x7=0x00000001
     237395.000 ns	     23738	80004f5c	0181deb3	srl	x29,x3,x24	  x3:0x80041024 x24:0x00000000 x29=0x00000000
     237415.000 ns	     23740	80004f60	038b0f33	mul	x30,x22,x24	 x22:0x00000000 x24:0x00000000 x30=0x00000000
     237445.000 ns	     23743	80004f64	d00a71d3	fcvt.s.w	f3,x20	 x20:0x00000000  f3=0x00000000
     237465.000 ns	     23745	80004f68	bb49ea93	ori	x21,x19,-1100	 x19:0x00000000 x21=0xfffffbb4
     237475.000 ns	     23746	80004f6c	00129b13	slli	x22,x5,0x1	  x5:0x00000000 x22=0x00000000
     237505.000 ns	     23749	80004f70	10cd7553	fmul.s	f10,f26,f12	 f26:0xffc00000 f12:0x7fc00000 f10=0x7fc00000
     237525.000 ns	     23751	80004f74	01cf0933	add	x18,x30,x28	 x30:0x00000000 x28:0x80040fe4 x18=0x80040fe4
     237535.000 ns	     23752	80004f78	01a89093	slli	x1,x17,0x1a	 x17:0x00000000  x1=0x00000000
     237545.000 ns	     23753	80004f7c	01371913	slli	x18,x14,0x13	 x14:0x00000001 x18=0x00080000
     237555.000 ns	     23754	80004f80	42153893	sltiu	x17,x10,1057	 x10:0x00000000 x17=0x00000001
     237575.000 ns	     23756	80004f84	a1610953	fle.s	x18,f2,f22	  f2:0x03ff5d64 f22:0x00000000 x18=0x00000000
     237605.000 ns	     23759	80004f88	02d32433	mulhsu	x8,x6,x13	  x6:0x00000000 x13:0x00000000  x8=0x00000000
     237625.000 ns	     23761	80004f8c	4034d693	srai	x13,x9,0x3	  x9:0x100df000 x13=0x0201be00
     237635.000 ns	     23762	80004f90	40dd03b3	sub	x7,x26,x13	 x26:0x00000000 x13:0x00000000  x7=0xfdfe4200
     237655.000 ns	     23764	80004f94	e0020853	fmv.x.w	x16,f4	  f4:0xffc00000 x16=0xffc00000
     237675.000 ns	     23766	80004f98	406b5bb3	sra	x23,x22,x6	 x22:0x00000000  x6:0x00000000 x23=0x00000000
     237695.000 ns	     23768	80004f9c	d00df253	fcvt.s.w	f4,x27	 x27:0x00000000  f4=0x00000000
     237725.000 ns	     23771	80004fa0	0210ebb3	rem	x23,x1,x1	  x1:0x00000000  x1:0x00000000 x23=0x00000000
     237755.000 ns	     23774	80004fa4	a04b04d3	fle.s	x9,f22,f4	 f22:0x00000000  f4:0x00000000  x9=0x00000001
     237785.000 ns	     23777	80004fa8	a1c00d53	fle.s	x26,f0,f28	  f0:0x4f0412b0 f28:0x7fc00000 x26=0x00000000
     237805.000 ns	     23779	80004fac	8ca37b13	andi	x22,x6,-1846	  x6:0x00000000 x22=0x00000000
     238165.000 ns	     23815	80004fb0	0390dcb3	divu	x25,x1,x25	  x1:0x00000000 x25:0x9009ffe4 x25=0x00000000
     238195.000 ns	     23818	80004fb4	0247feb3	remu	x29,x15,x4	 x15:0x00000000  x4:0x00000000 x29=0x00000000
     238225.000 ns	     23821	80004fb8	e00c9653	fclass.s	x12,f25	 f25:0x00000001 x12=0x00000020
     238255.000 ns	     23824	80004fbc	2054a653	fsgnjx.s	f12,f9,f5	  f9:0x7fc00000  f5:0xffc00000 f12=0xffc00000
     238625.000 ns	     23861	80004fc0	029cd2b3	divu	x5,x25,x9	 x25:0x00000000  x9:0x00000001  x5=0x00000000
     238655.000 ns	     23864	80004fc4	c0114053	fcvt.wu.s	x0,f2	  f2:0x03ff5d64
     238685.000 ns	     23867	80004fc8	a028a8d3	feq.s	x17,f17,f2	 f17:0x7fc00000  f2:0x03ff5d64 x17=0x00000000
     238705.000 ns	     23869	80004fcc	8be78b13	addi	x22,x15,-1858	 x15:0x00000000 x22=0xfffff8be
     238725.000 ns	     23871	80004fd0	21b02153	fsgnjx.s	f2,f0,f27	  f0:0x4f0412b0 f27:0x7fc00000  f2=0x4f0412b0
     239095.000 ns	     23908	80004fd4	02d348b3	div	x17,x6,x13	  x6:0x00000000 x13:0x0201be00 x17=0x00000000
     239125.000 ns	     23911	80004fd8	035914b3	mulh	x9,x18,x21	 x18:0x00000000 x21:0xfffffbb4  x9=0x00000000
     239165.000 ns	     23915	80004fdc	10fd8553	fmul.s	f10,f27,f15	 f27:0x7fc00000 f15:0x5e800000 f10=0x7fc00000
     239195.000 ns	     23918	80004fe0	020711b3	mulh	x3,x14,x0	 x14:0x00000001  x0:0x00000000  x3=0x00000000
     239215.000 ns	     23920	80004fe4	00458bb3	add	x23,x11,x4	 x11:0x80041024  x4:0x00000000 x23=0x80041024
     239235.000 ns	     23922	80004fe8	03188c33	mul	x24,x17,x17	 x17:0x00000000 x17:0x00000000 x24=0x00000000
     239255.000 ns	     23924	80004fec	01d8e333	or	x6,x17,x29	 x17:0x00000000 x29:0x00000000  x6=0x00000000
     239265.000 ns	     23925	80004ff0	5f18a913	slti	x18,x17,1521	 x17:0x00000000 x18=0x00000001
     239285.000 ns	     23927	80004ff4	e00b0253	fmv.x.w	x4,f22	 f22:0x00000000  x4=0x00000000
     239315.000 ns	     23930	80004ff8	c00d22d3	fcvt.w.s	x5,f26	 f26:0xffc00000  x5=0x7fffffff
     239335.000 ns	     23932	80004ffc	417dd2b3	sra	x5,x27,x23	 x27:0x00000000 x23:0x80041024  x5=0x00000000
     239345.000 ns	     23933	80005000	0091e7b3	or	x15,x3,x9	  x3:0x00000000  x9:0x00000000 x15=0x00000000
     239355.000 ns	     23934	80005004	40bc89b3	sub	x19,x25,x11	 x25:0x00000000 x11:0x80041024 x19=0x7ffbefdc
     239375.000 ns	     23936	80005008	02f681b3	mul	x3,x13,x15	 x13:0x0201be00 x15:0x00000000  x3=0x00000000
     239395.000 ns	     23938	8000500c	ebd0cc17	auipc	x24,0xebd0c	 x24=0x6bd1100c
     239405.000 ns	     23939	80005010	22356b93	ori	x23,x10,547	 x10:0x00000000 x23=0x00000223
     239425.000 ns	     23941	80005014	a13996d3	flt.s	x13,f19,f19	 f19:0x00000000 f19:0x00000000 x13=0x00000000
     239445.000 ns	     23943	80005018	00631eb3	sll	x29,x6,x6	  x6:0x00000000  x6:0x00000000 x29=0x00000000
     239455.000 ns	     23944	8000501c	010c9b13	slli	x22,x25,0x10	 x25:0x00000000 x22=0x00000000
     239465.000 ns	     23945	80005020	00aa3b33	sltu	x22,x20,x10	 x20:0x00000000 x10:0x00000000 x22=0x00000000
     239475.000 ns	     23946	80005024	e5256197	auipc	x3,0xe5256	  x3=0x6525b024
     239485.000 ns	     23947	80005028	0079fbb3	and	x23,x19,x7	 x19:0x7ffbefdc  x7:0xfdfe4200 x23=0x7dfa4200
     239505.000 ns	     23949	8000502c	218385d3	fsgnj.s	f11,f7,f24	  f7:0x7fc00000 f24:0x7fc00000 f11=0x7fc00000
     239535.000 ns	     23952	80005030	a14a97d3	flt.s	x15,f21,f20	 f21:0xcf000410 f20:0x3f800000 x15=0x00000001
     239555.000 ns	     23954	80005034	7afee937	lui	x18,0x7afee	 x18=0x7afee000
     239575.000 ns	     23956	80005038	020684b3	mul	x9,x13,x0	 x13:0x00000000  x0:0x00000000  x9=0x00000000
     239605.000 ns	     23959	8000503c	c018f553	fcvt.wu.s	x10,f17	 f17:0x7fc00000 x10=0xffffffff
     239625.000 ns	     23961	80005040	41d85293	srai	x5,x16,0x1d	 x16:0xffc00000  x5=0xffffffff
     239635.000 ns	     23962	80005044	01a28eb3	add	x29,x5,x26	  x5:0x00000000 x26:0x00000000 x29=0xffffffff
     239645.000 ns	     23963	80005048	41b28493	addi	x9,x5,1051	  x5:0x00000000  x9=0x0000041a
     239655.000 ns	     23964	8000504c	f6c12893	slti	x17,x2,-148	  x2:0xf9972418 x17=0x00000001
     239665.000 ns	     23965	80005050	4082d313	srai	x6,x5,0x8	  x5:0xffffffff  x6=0xffffffff
     239675.000 ns	     23966	80005054	01df1d13	slli	x26,x30,0x1d	 x30:0x00000000 x26=0x00000000
     239685.000 ns	     23967	80005058	0184fd33	and	x26,x9,x24	  x9:0x0000041a x24:0x6bd1100c x26=0x00000008
     239705.000 ns	     23969	8000505c	21161753	fsgnjn.s	f14,f12,f17	 f12:0xffc00000 f17:0x7fc00000 f14=0xffc00000
     239725.000 ns	     23971	80005060	28d7ef93	ori	x31,x15,653	 x15:0x00000001 x31=0x0000028d
     239735.000 ns	     23972	80005064	41245193	srai	x3,x8,0x12	  x8:0x00000000  x3=0x00000000
     239765.000 ns	     23975	80005068	5808f2d3	fsqrt.s	f5,f17	 f17:0x7fc00000  f5=0x7fc00000
     239785.000 ns	     23977	8000506c	01975bb3	srl	x23,x14,x25	 x14:0x00000001 x25:0x00000000 x23=0x00000001
     239795.000 ns	     23978	80005070	40a40333	sub	x6,x8,x10	  x8:0x00000000 x10:0xffffffff  x6=0x00000001
     239815.000 ns	     23980	80005074	024eac33	mulhsu	x24,x29,x4	 x29:0xffffffff  x4:0x00000000 x24=0x00000000
     239835.000 ns	     23982	80005078	004f5fb3	srl	x31,x30,x4	 x30:0x00000000  x4:0x00000000 x31=0x00000000
     239855.000 ns	     23984	8000507c	03e1b6b3	mulhu	x13,x3,x30	  x3:0x00000000 x30:0x00000000 x13=0x00000000
     240225.000 ns	     24021	80005080	03c3fbb3	remu	x23,x7,x28	  x7:0xfdfe4200 x28:0x80040fe4 x23=0x7dfa321c
     240275.000 ns	     24026	80005084	087e7e53	fsub.s	f28,f28,f7	 f28:0x7fc00000  f7:0x7fc00000 f28=0x7fc00000
     240295.000 ns	     24028	80005088	00338c33	add	x24,x7,x3	  x7:0xfdfe4200  x3:0x00000000 x24=0xfdfe4200
     240305.000 ns	     24029	8000508c	827f0b13	addi	x22,x30,-2009	 x30:0x00000000 x22=0xfffff827
     240325.000 ns	     24031	80005090	d01b7953	fcvt.s.wu	f18,x22	 x22:0x00000000 f18=0x4f7ffff8
     240355.000 ns	     24034	80005094	a1340353	fle.s	x6,f8,f19	  f8:0x100df000 f19:0x00000000  x6=0x00000000
     240385.000 ns	     24037	80005098	21e8a1d3	fsgnjx.s	f3,f17,f30	 f17:0x7fc00000 f30:0x7fc00000  f3=0x7fc00000
     240405.000 ns	     24039	8000509c	00917db3	and	x27,x2,x9	  x2:0xf9972418  x9:0x0000041a x27=0x00000418
     240425.000 ns	     24041	800050a0	c016fc53	fcvt.wu.s	x24,f13	 f13:0x7fc00000 x24=0xffffffff
     240445.000 ns	     24043	800050a4	00355733	srl	x14,x10,x3	 x10:0xffffffff  x3:0x00000000 x14=0xffffffff
     240465.000 ns	     24045	800050a8	a1879453	flt.s	x8,f15,f24	 f15:0x5e800000 f24:0x7fc00000  x8=0x00000000
     240495.000 ns	     24048	800050ac	03d70533	mul	x10,x14,x29	 x14:0x00000001 x29:0xffffffff x10=0x00000001
     240515.000 ns	     24050	800050b0	00333033	sltu	x0,x6,x3	  x6:0x00000000  x3:0x00000000
     240525.000 ns	     24051	800050b4	40145393	srai	x7,x8,0x1	  x8:0x00000000  x7=0x00000000
     240545.000 ns	     24053	800050b8	039308b3	mul	x17,x6,x25	  x6:0x00000000 x25:0x00000000 x17=0x00000000
     240575.000 ns	     24056	800050bc	a13f10d3	flt.s	x1,f30,f19	 f30:0x7fc00000 f19:0x00000000  x1=0x00000000
     240595.000 ns	     24058	800050c0	007193b3	sll	x7,x3,x7	  x3:0x00000000  x7:0x00000000  x7=0x00000000
     240625.000 ns	     24061	800050c4	110c8dd3	fmul.s	f27,f25,f16	 f25:0x00000001 f16:0x12001deb f27=0x00000001
     240655.000 ns	     24064	800050c8	a11118d3	flt.s	x17,f2,f17	  f2:0x4f0412b0 f17:0x7fc00000 x17=0x00000000
     240675.000 ns	     24066	800050cc	46cb0393	addi	x7,x22,1132	 x22:0xfffff827  x7=0xfffffc93
     240685.000 ns	     24067	800050d0	01d10db3	add	x27,x2,x29	  x2:0xf9972418 x29:0xffffffff x27=0xf9972417
     240705.000 ns	     24069	800050d4	a14a2353	feq.s	x6,f20,f20	 f20:0x3f800000 f20:0x3f800000  x6=0x00000001
     240735.000 ns	     24072	800050d8	a01812d3	flt.s	x5,f16,f1	 f16:0x12001deb  f1:0x83ff5d64  x5=0x00000000
     241105.000 ns	     24109	800050dc	03d872b3	remu	x5,x16,x29	 x16:0xffc00000 x29:0xffffffff  x5=0xffc00000
     241125.000 ns	     24111	800050e0	639cf893	andi	x17,x25,1593	 x25:0x00000000 x17=0x00000000
     241145.000 ns	     24113	800050e4	a1c4a8d3	feq.s	x17,f9,f28	  f9:0x7fc00000 f28:0x7fc00000 x17=0x00000000
     241165.000 ns	     24115	800050e8	002a02b3	add	x5,x20,x2	 x20:0x00000000  x2:0xf9972418  x5=0xf9972418
     241185.000 ns	     24117	800050ec	f0078853	fmv.w.x	f16,x15	 x15:0x00000001 f16=0x00000001
     241555.000 ns	     24154	800050f0	03854433	div	x8,x10,x24	 x10:0x00000001 x24:0xffffffff  x8=0xffffffff
     241585.000 ns	     24157	800050f4	29210553	fmin.s	f10,f2,f18	  f2:0x4f0412b0 f18:0x4f7ffff8 f10=0x4f0412b0
     241615.000 ns	     24160	800050f8	297507d3	fmin.s	f15,f10,f23	 f10:0x7fc00000 f23:0x7fc00000 f15=0x4f0412b0
     241645.000 ns	     24163	800050fc	c0067853	fcvt.w.s	x16,f12	 f12:0xffc00000 x16=0x7fffffff
     241665.000 ns	     24165	80005100	8b0fc013	xori	x0,x31,-1872	 x31:0x00000000
     241685.000 ns	     24167	80005104	e00a1553	fclass.s	x10,f20	 f20:0x3f800000 x10=0x00000040
     241705.000 ns	     24169	80005108	00c0d093	srli	x1,x1,0xc	  x1:0x00000000  x1=0x00000000
     241735.000 ns	     24172	8000510c	19c2f6d3	fdiv.s	f13,f5,f28	  f5:0x7fc00000 f28:0x7fc00000 f13=0x7fc00000
     241765.000 ns	     24175	80005110	a07ca653	feq.s	x12,f25,f7	 f25:0x00000001  f7:0x7fc00000 x12=0x00000000
     241785.000 ns	     24177	80005114	b768da97	auipc	x21,0xb768d	 x21=0x37692114
     241805.000 ns	     24179	80005118	f00c8853	fmv.w.x	f16,x25	 x25:0x00000000 f16=0x00000000
     241825.000 ns	     24181	8000511c	01eea1b3	slt	x3,x29,x30	 x29:0xffffffff x30:0x00000000  x3=0x00000001
     241865.000 ns	     24185	80005120	00aa0153	fadd.s	f2,f20,f10	 f20:0x3f800000 f10:0x4f0412b0  f2=0x4f0412b0
     241885.000 ns	     24187	80005124	c646d937	lui	x18,0xc646d	 x18=0xc646d000
     241895.000 ns	     24188	80005128	00a3bcb3	sltu	x25,x7,x10	  x7:0xfffffc93 x10:0x00000040 x25=0x00000000
     241905.000 ns	     24189	8000512c	00b49d93	slli	x27,x9,0xb	  x9:0x0000041a x27=0x0020d000
     241915.000 ns	     24190	80005130	00a69533	sll	x10,x13,x10	 x13:0x00000000 x10:0x00000040 x10=0x00000000
     241935.000 ns	     24192	80005134	d01090d3	fcvt.s.wu	f1,x1	  x1:0x00000000  f1=0x00000000
     241955.000 ns	     24194	80005138	2e3f4b13	xori	x22,x30,739	 x30:0x00000000 x22=0x000002e3
     241975.000 ns	     24196	8000513c	a1a6a653	feq.s	x12,f13,f26	 f13:0x7fc00000 f26:0xffc00000 x12=0x00000000
     241995.000 ns	     24198	80005140	0b403c17	auipc	x24,0xb403	 x24=0x8b408140
     242015.000 ns	     24200	80005144	032509b3	mul	x19,x10,x18	 x10:0x00000000 x18:0xc646d000 x19=0x00000000
     243195.000 ns	     24318	80005148	580a7053	fsqrt.s	f0,f20	 f20:0x3f800000  f0=0x3f7fffae
     243225.000 ns	     24321	8000514c	20252dd3	fsgnjx.s	f27,f10,f2	 f10:0x4f0412b0  f2:0x4f0412b0 f27=0x4f0412b0
     243255.000 ns	     24324	80005150	022cb7b3	mulhu	x15,x25,x2	 x25:0x00000000  x2:0xf9972418 x15=0x00000000
     243275.000 ns	     24326	80005154	012f8db3	add	x27,x31,x18	 x31:0x00000000 x18:0xc646d000 x27=0xc646d000
     243285.000 ns	     24327	80005158	00cc5e93	srli	x29,x24,0xc	 x24:0x8b408140 x29=0x0008b408
     243295.000 ns	     24328	8000515c	015c1933	sll	x18,x24,x21	 x24:0x8b408140 x21:0x37692114 x18=0x14000000
     243315.000 ns	     24330	80005160	03da21b3	mulhsu	x3,x20,x29	 x20:0x00000000 x29:0xffffffff  x3=0x00000000
     243345.000 ns	     24333	80005164	20839753	fsgnjn.s	f14,f7,f8	  f7:0x7fc00000  f8:0x100df000 f14=0xffc00000
     243395.000 ns	     24338	80005168	0973f3d3	fsub.s	f7,f7,f23	  f7:0x7fc00000 f23:0x7fc00000  f7=0x7fc00000
     243425.000 ns	     24341	8000516c	e0051253	fclass.s	x4,f10	 f10:0x4f0412b0  x4=0x00000040
     243465.000 ns	     24345	80005170	100317d3	fmul.s	f15,f6,f0	  f6:0xffc00000  f0:0x3f7fffae f15=0x7fc00000
     243495.000 ns	     24348	80005174	29bd9353	fmax.s	f6,f27,f27	 f27:0x4f0412b0 f27:0x4f0412b0  f6=0x4f0412b0
     243515.000 ns	     24350	80005178	74d41337	lui	x6,0x74d41	  x6=0x74d41000
     243525.000 ns	     24351	8000517c	015cd6b3	srl	x13,x25,x21	 x25:0x00000000 x21:0x37692114 x13=0x00000000
     243535.000 ns	     24352	80005180	011d6fb3	or	x31,x26,x17	 x26:0x00000008 x17:0x00000000 x31=0x00000008
     243555.000 ns	     24354	80005184	0340d0b3	divu	x1,x1,x20	  x1:0x00000000 x20:0x00000000  x1=0xffffffff
     243585.000 ns	     24357	80005188	e0020453	fmv.x.w	x8,f4	  f4:0x00000000  x8=0x00000000
     243955.000 ns	     24394	8000518c	0262c933	div	x18,x5,x6	  x5:0xf9972418  x6:0x74d41000 x18=0x00000000
     244325.000 ns	     24431	80005190	038dfdb3	remu	x27,x27,x24	 x27:0xc646d000 x24:0x8b408140 x27=0x3b064ec0
     244695.000 ns	     24468	80005194	0295d8b3	divu	x17,x11,x9	 x11:0x80041024  x9:0x0000041a x17=0x001f3624
     244725.000 ns	     24471	80005198	02703db3	mulhu	x27,x0,x7	  x0:0x00000000  x7:0xfffffc93 x27=0x00000000
     244745.000 ns	     24473	8000519c	815bf393	andi	x7,x23,-2027	 x23:0x7dfa321c  x7=0x7dfa3014
     244765.000 ns	     24475	800051a0	030b07b3	mul	x15,x22,x16	 x22:0x000002e3 x16:0x7fffffff x15=0x7ffffd1d
     244795.000 ns	     24478	800051a4	d00275d3	fcvt.s.w	f11,x4	  x4:0x00000040 f11=0x42800000
     244845.000 ns	     24483	800051a8	0806b253	fsub.s	f4,f13,f0	 f13:0x7fc00000  f0:0x3f7fffae  f4=0x7fc00000
     244865.000 ns	     24485	800051ac	403ad213	srai	x4,x21,0x3	 x21:0x37692114  x4=0x06ed2422
     244875.000 ns	     24486	800051b0	401a5a13	srai	x20,x20,0x1	 x20:0x00000000 x20=0x00000000
     244895.000 ns	     24488	800051b4	02ff31b3	mulhu	x3,x30,x15	 x30:0x00000000 x15:0x7ffffd1d  x3=0x00000000
     244925.000 ns	     24491	800051b8	a15329d3	feq.s	x19,f6,f21	  f6:0x4f0412b0 f21:0xcf000410 x19=0x00000000
     244945.000 ns	     24493	800051bc	002cb7b3	sltu	x15,x25,x2	 x25:0x00000000  x2:0xf9972418 x15=0x00000001
     244955.000 ns	     24494	800051c0	014cbfb3	sltu	x31,x25,x20	 x25:0x00000000 x20:0x00000000 x31=0x00000000
     244965.000 ns	     24495	800051c4	29ecb993	sltiu	x19,x25,670	 x25:0x00000000 x19=0x00000001
     244985.000 ns	     24497	800051c8	c01bf3d3	fcvt.wu.s	x7,f23	 f23:0x7fc00000  x7=0xffffffff
     245015.000 ns	     24500	800051cc	a0e49953	flt.s	x18,f9,f14	  f9:0x7fc00000 f14:0xffc00000 x18=0x00000000
     245035.000 ns	     24502	800051d0	00fdcdb3	xor	x27,x27,x15	 x27:0x00000000 x15:0x00000001 x27=0x00000001
     245045.000 ns	     24503	800051d4	415b54b3	sra	x9,x22,x21	 x22:0x000002e3 x21:0x37692114  x9=0x00000000
     245405.000 ns	     24539	800051d8	03def933	remu	x18,x29,x29	 x29:0x0008b408 x29:0x0008b408 x18=0x00000000
     245425.000 ns	     24541	800051dc	407bdb93	srai	x23,x23,0x7	 x23:0x7dfa321c x23=0x00fbf464
     245435.000 ns	     24542	800051e0	007b2433	slt	x8,x22,x7	 x22:0x000002e3  x7:0xffffffff  x8=0x00000000
     245455.000 ns	     24544	800051e4	e00d17d3	fclass.s	x15,f26	 f26:0xffc00000 x15=0x00000200
     245475.000 ns	     24546	800051e8	e4e94837	lui	x16,0xe4e94	 x16=0xe4e94000
     245495.000 ns	     24548	800051ec	f0098053	fmv.w.x	f0,x19	 x19:0x00000001  f0=0x00000001
     245515.000 ns	     24550	800051f0	00495a33	srl	x20,x18,x4	 x18:0x00000000  x4:0x06ed2422 x20=0x00000000
     245545.000 ns	     24553	800051f4	19a9f2d3	fdiv.s	f5,f19,f26	 f19:0x00000000 f26:0xffc00000  f5=0x7fc00000
     245565.000 ns	     24555	800051f8	00d19313	slli	x6,x3,0xd	  x3:0x00000000  x6=0x00000000
     245585.000 ns	     24557	800051fc	e00c9453	fclass.s	x8,f25	 f25:0x00000001  x8=0x00000020
     245625.000 ns	     24561	80005200	5800ac53	fsqrt.s	f24,f1	  f1:0x00000000 f24=0x00000000
     245645.000 ns	     24563	80005204	7fcebc93	sltiu	x25,x29,2044	 x29:0x0008b408 x25=0x00000000
     245685.000 ns	     24567	80005208	0198f253	fadd.s	f4,f17,f25	 f17:0x7fc00000 f25:0x00000001  f4=0x7fc00000
     245725.000 ns	     24571	8000520c	1092f0d3	fmul.s	f1,f5,f9	  f5:0x7fc00000  f9:0x7fc00000  f1=0x7fc00000
     245755.000 ns	     24574	80005210	20f30553	fsgnj.s	f10,f6,f15	  f6:0x4f0412b0 f15:0x7fc00000 f10=0x4f0412b0
     245775.000 ns	     24576	80005214	01479eb3	sll	x29,x15,x20	 x15:0x00000200 x20:0x00000000 x29=0x00000200
     245785.000 ns	     24577	80005218	00969913	slli	x18,x13,0x9	 x13:0x00000000 x18=0x00000000
     245805.000 ns	     24579	8000521c	a1798553	fle.s	x10,f19,f23	 f19:0x00000000 f23:0x7fc00000 x10=0x00000000
     245835.000 ns	     24582	80005220	e00f8853	fmv.x.w	x16,f31	 f31:0xcd806f80 x16=0xcd806f80
     245865.000 ns	     24585	80005224	026a7833	remu	x16,x20,x6	 x20:0x00000000  x6:0x00000000 x16=0x00000000
     245895.000 ns	     24588	80005228	0201c933	div	x18,x3,x0	  x3:0x00000000  x0:0x00000000 x18=0xffffffff
     245915.000 ns	     24590	8000522c	00015c93	srli	x25,x2,0x0	  x2:0xf9972418 x25=0xf9972418
     245925.000 ns	     24591	80005230	d7b8b197	auipc	x3,0xd7b8b	  x3=0x57b90230
     245935.000 ns	     24592	80005234	004e9bb3	sll	x23,x29,x4	 x29:0x00000200  x4:0x06ed2422 x23=0x00000800
     246265.000 ns	     24625	80005238	192cfdd3	fdiv.s	f27,f25,f18	 f25:0x00000001 f18:0x4f7ffff8 f27=0x00000000
     246295.000 ns	     24628	8000523c	03e41bb3	mulh	x23,x8,x30	  x8:0x00000020 x30:0x00000000 x23=0x00000000
     246315.000 ns	     24630	80005240	01415013	srli	x0,x2,0x14	  x2:0xf9972418
     246335.000 ns	     24632	80005244	f0028bd3	fmv.w.x	f23,x5	  x5:0xf9972418 f23=0xf9972418
     246355.000 ns	     24634	80005248	00000013	addi	x0,x0,0	  x0:0x00000000
     246375.000 ns	     24636	8000524c	d0009ad3	fcvt.s.w	f21,x1	  x1:0xffffffff f21=0xbf800000
     246745.000 ns	     24673	80005250	024cda33	divu	x20,x25,x4	 x25:0xf9972418  x4:0x06ed2422 x20=0x00000024
     246765.000 ns	     24675	80005254	00271a13	slli	x20,x14,0x2	 x14:0xffffffff x20=0xfffffffc
     246785.000 ns	     24677	80005258	21d60953	fsgnj.s	f18,f12,f29	 f12:0xffc00000 f29:0x7fc00000 f18=0x7fc00000
     246805.000 ns	     24679	8000525c	2ac2b293	sltiu	x5,x5,684	  x5:0xf9972418  x5=0x00000000
     246845.000 ns	     24683	80005260	092d7653	fsub.s	f12,f26,f18	 f26:0xffc00000 f18:0x7fc00000 f12=0x7fc00000
     246865.000 ns	     24685	80005264	2ba99d97	auipc	x27,0x2ba99	 x27=0xaba9e264
     246885.000 ns	     24687	80005268	03c73cb3	mulhu	x25,x14,x28	 x14:0xffffffff x28:0x80040fe4 x25=0x80040fe3
     246915.000 ns	     24690	8000526c	e00a00d3	fmv.x.w	x1,f20	 f20:0x3f800000  x1=0x3f800000
     246935.000 ns	     24692	80005270	4ea17493	andi	x9,x2,1258	  x2:0xf9972418  x9=0x00000408
     246945.000 ns	     24693	80005274	014e2db3	slt	x27,x28,x20	 x28:0x80040fe4 x20:0xfffffffc x27=0x00000001
     246965.000 ns	     24695	80005278	a16e16d3	flt.s	x13,f28,f22	 f28:0x7fc00000 f22:0x00000000 x13=0x00000000
     247305.000 ns	     24729	8000527c	18258c53	fdiv.s	f24,f11,f2	 f11:0x42800000  f2:0x4f0412b0 f24=0x32800000
     247325.000 ns	     24731	80005280	00000013	addi	x0,x0,0	  x0:0x00000000
     247685.000 ns	     24767	80005284	03c472b3	remu	x5,x8,x28	  x8:0x00000020 x28:0x80040fe4  x5=0x00000020
     247735.000 ns	     24772	80005288	00987e53	fadd.s	f28,f16,f9	 f16:0x00000000  f9:0x7fc00000 f28=0x7fc00000
     247765.000 ns	     24775	8000528c	d00a7a53	fcvt.s.w	f20,x20	 x20:0xfffffffc f20=0xc0800000
     247785.000 ns	     24777	80005290	00db2633	slt	x12,x22,x13	 x22:0x000002e3 x13:0x00000000 x12=0x00000000
     247815.000 ns	     24780	80005294	19d39fd3	fdiv.s	f31,f7,f29	  f7:0x7fc00000 f29:0x7fc00000 f31=0x7fc00000
     247835.000 ns	     24782	80005298	d4adc0b7	lui	x1,0xd4adc	  x1=0xd4adc000
     247845.000 ns	     24783	8000529c	014d6633	or	x12,x26,x20	 x26:0x00000008 x20:0xfffffffc x12=0xfffffffc
     247855.000 ns	     24784	800052a0	00e72eb3	slt	x29,x14,x14	 x14:0xffffffff x14:0xffffffff x29=0x00000000
     247875.000 ns	     24786	800052a4	c01980d3	fcvt.wu.s	x1,f19	 f19:0x00000000  x1=0x00000000
     247905.000 ns	     24789	800052a8	02f4af33	mulhsu	x30,x9,x15	  x9:0x00000408 x15:0x00000200 x30=0x00000000
     247925.000 ns	     24791	800052ac	416bdb33	sra	x22,x23,x22	 x23:0x00000000 x22:0x000002e3 x22=0x00000000
     247935.000 ns	     24792	800052b0	00646933	or	x18,x8,x6	  x8:0x00000020  x6:0x00000000 x18=0x00000020
     247945.000 ns	     24793	800052b4	409609b3	sub	x19,x12,x9	 x12:0xfffffffc  x9:0x00000408 x19=0xfffffbf4
     247965.000 ns	     24795	800052b8	2073a853	fsgnjx.s	f16,f7,f7	  f7:0x7fc00000  f7:0x7fc00000 f16=0x7fc00000
     247985.000 ns	     24797	800052bc	099b3d97	auipc	x27,0x99b3	 x27=0x899b82bc
     248005.000 ns	     24799	800052c0	c00c7ed3	fcvt.w.s	x29,f24	 f24:0x32800000 x29=0x00000000
     248025.000 ns	     24801	800052c4	e1752093	slti	x1,x10,-489	 x10:0x00000000  x1=0x00000000
     248035.000 ns	     24802	800052c8	01a3f4b3	and	x9,x7,x26	  x7:0xffffffff x26:0x00000008  x9=0x00000008
     248045.000 ns	     24803	800052cc	00c311b3	sll	x3,x6,x12	  x6:0x00000000 x12:0xfffffffc  x3=0x00000000
     248075.000 ns	     24806	800052d0	193bb553	fdiv.s	f10,f23,f19	 f23:0xf9972418 f19:0x00000000 f10=0xff800000
     248095.000 ns	     24808	800052d4	236b2093	slti	x1,x22,566	 x22:0x00000000  x1=0x00000001
     248105.000 ns	     24809	800052d8	4138d8b3	sra	x17,x17,x19	 x17:0x001f3624 x19:0xfffffbf4 x17=0x00000001
     248125.000 ns	     24811	800052dc	291c8153	fmin.s	f2,f25,f17	 f25:0x00000001 f17:0x7fc00000  f2=0x00000001
     248145.000 ns	     24813	800052e0	41ea8733	sub	x14,x21,x30	 x21:0x37692114 x30:0x00000000 x14=0x37692114
     248165.000 ns	     24815	800052e4	a05227d3	feq.s	x15,f4,f5	  f4:0x7fc00000  f5:0x7fc00000 x15=0x00000000
     248185.000 ns	     24817	800052e8	20c1a513	slti	x10,x3,524	  x3:0x00000000 x10=0x00000001
     248205.000 ns	     24819	800052ec	a1228b53	fle.s	x22,f5,f18	  f5:0x7fc00000 f18:0x7fc00000 x22=0x00000000
     248235.000 ns	     24822	800052f0	e0071453	fclass.s	x8,f14	 f14:0xffc00000  x8=0x00000200
     248255.000 ns	     24824	800052f4	00000013	addi	x0,x0,0	  x0:0x00000000
     248275.000 ns	     24826	800052f8	c01ebcd3	fcvt.wu.s	x25,f29	 f29:0x7fc00000 x25=0xffffffff
     248305.000 ns	     24829	800052fc	0257a0b3	mulhsu	x1,x15,x5	 x15:0x00000000  x5:0x00000020  x1=0x00000000
     248325.000 ns	     24831	80005300	ead2fc13	andi	x24,x5,-339	  x5:0x00000020 x24=0x00000020
     248365.000 ns	     24835	80005304	00490fd3	fadd.s	f31,f18,f4	 f18:0x7fc00000  f4:0x7fc00000 f31=0x7fc00000
     248385.000 ns	     24837	80005308	00df6233	or	x4,x30,x13	 x30:0x00000000 x13:0x00000000  x4=0x00000000
     248395.000 ns	     24838	8000530c	0030a833	slt	x16,x1,x3	  x1:0x00000000  x3:0x00000000 x16=0x00000000
     248415.000 ns	     24840	80005310	d001f9d3	fcvt.s.w	f19,x3	  x3:0x00000000 f19=0x00000000
     248435.000 ns	     24842	80005314	ad2db613	sltiu	x12,x27,-1326	 x27:0x899b82bc x12=0x00000001
     248455.000 ns	     24844	80005318	03dba6b3	mulhsu	x13,x23,x29	 x23:0x00000000 x29:0x00000000 x13=0x00000000
     248475.000 ns	     24846	8000531c	00efe2b3	or	x5,x31,x14	 x31:0x00000000 x14:0x37692114  x5=0x37692114
     248495.000 ns	     24848	80005320	d01aa5d3	fcvt.s.wu	f11,x21	 x21:0x37692114 f11=0x4e5da485
     248515.000 ns	     24850	80005324	3403c393	xori	x7,x7,832	  x7:0xffffffff  x7=0xfffffcbf
     248535.000 ns	     24852	80005328	d00dfd53	fcvt.s.w	f26,x27	 x27:0x899b82bc f26=0xceecc8fa
     248555.000 ns	     24854	8000532c	01b94933	xor	x18,x18,x27	 x18:0x00000020 x27:0x899b82bc x18=0x899b829c
     248565.000 ns	     24855	80005330	416e5313	srai	x6,x28,0x16	 x28:0x80040fe4  x6=0xfffffe00
     248575.000 ns	     24856	80005334	b3f36613	ori	x12,x6,-1217	  x6:0x00000000 x12=0xffffff3f
     248595.000 ns	     24858	80005338	20ef2f53	fsgnjx.s	f30,f30,f14	 f30:0x7fc00000 f14:0xffc00000 f30=0xffc00000
     248615.000 ns	     24860	8000533c	00000013	addi	x0,x0,0	  x0:0x00000000
     248635.000 ns	     24862	80005340	20d5a653	fsgnjx.s	f12,f11,f13	 f11:0x4e5da485 f13:0x7fc00000 f12=0x4e5da485
     248655.000 ns	     24864	80005344	00e85613	srli	x12,x16,0xe	 x16:0x00000000 x12=0x00000000
     248675.000 ns	     24866	80005348	a067afd3	feq.s	x31,f15,f6	 f15:0x7fc00000  f6:0x4f0412b0 x31=0x00000000
     248705.000 ns	     24869	8000534c	037d89b3	mul	x19,x27,x23	 x27:0x899b82bc x23:0x00000000 x19=0x00000000
     248735.000 ns	     24872	80005350	030abd33	mulhu	x26,x21,x16	 x21:0x37692114 x16:0x00000000 x26=0x00000000
     248755.000 ns	     24874	80005354	0093c8b3	xor	x17,x7,x9	  x7:0xfffffcbf  x9:0x00000008 x17=0xfffffcb7
     248775.000 ns	     24876	80005358	031d93b3	mulh	x7,x27,x17	 x27:0x899b82bc x17:0x00000001  x7=0x00000184
     248805.000 ns	     24879	8000535c	f0068053	fmv.w.x	f0,x13	 x13:0x00000000  f0=0x00000000
     248825.000 ns	     24881	80005360	8687e413	ori	x8,x15,-1944	 x15:0x00000000  x8=0xfffff868
     249185.000 ns	     24917	80005364	0272deb3	divu	x29,x5,x7	  x5:0x37692114  x7:0x00000184 x29=0x00248f42
     249205.000 ns	     24919	80005368	01b2c9b3	xor	x19,x5,x27	  x5:0x37692114 x27:0x899b82bc x19=0xbef2a3a8
     249225.000 ns	     24921	8000536c	03f0c733	div	x14,x1,x31	  x1:0x00000000 x31:0x00000000 x14=0xffffffff
     249255.000 ns	     24924	80005370	f00d0853	fmv.w.x	f16,x26	 x26:0x00000000 f16=0x00000000
     249285.000 ns	     24927	80005374	f00e0dd3	fmv.w.x	f27,x28	 x28:0x80040fe4 f27=0x80040fe4
     249315.000 ns	     24930	80005378	f00c8a53	fmv.w.x	f20,x25	 x25:0xffffffff f20=0xffffffff
     249685.000 ns	     24967	8000537c	02e9ebb3	rem	x23,x19,x14	 x19:0xbef2a3a8 x14:0xffffffff x23=0x00000000
     249715.000 ns	     24970	80005380	02472933	mulhsu	x18,x14,x4	 x14:0xffffffff  x4:0x00000000 x18=0x00000000
     249745.000 ns	     24973	80005384	02dd3a33	mulhu	x20,x26,x13	 x26:0x00000000 x13:0x00000000 x20=0x00000000
     249775.000 ns	     24976	80005388	2168a753	fsgnjx.s	f14,f17,f22	 f17:0x7fc00000 f22:0x00000000 f14=0x7fc00000
     249805.000 ns	     24979	8000538c	0307a1b3	mulhsu	x3,x15,x16	 x15:0x00000000 x16:0x00000000  x3=0x00000000
     249825.000 ns	     24981	80005390	0095f1b3	and	x3,x11,x9	 x11:0x80041024  x9:0x00000008  x3=0x00000000
     249835.000 ns	     24982	80005394	edc63793	sltiu	x15,x12,-292	 x12:0x00000000 x15=0x00000001
     249855.000 ns	     24984	80005398	21bc9053	fsgnjn.s	f0,f25,f27	 f25:0x00000001 f27:0x80040fe4  f0=0x00000001
     249885.000 ns	     24987	8000539c	e0088fd3	fmv.x.w	x31,f17	 f17:0x7fc00000 x31=0x7fc00000
     249905.000 ns	     24989	800053a0	013e8f33	add	x30,x29,x19	 x29:0x00248f42 x19:0xbef2a3a8 x30=0xbf1732ea
     249925.000 ns	     24991	800053a4	215320d3	fsgnjx.s	f1,f6,f21	  f6:0x4f0412b0 f21:0xbf800000  f1=0xcf0412b0
     249955.000 ns	     24994	800053a8	023a6633	rem	x12,x20,x3	 x20:0x00000000  x3:0x00000000 x12=0x00000000
     249975.000 ns	     24996	800053ac	00d6bc33	sltu	x24,x13,x13	 x13:0x00000000 x13:0x00000000 x24=0x00000000
     249995.000 ns	     24998	800053b0	e0081c53	fclass.s	x24,f16	 f16:0x00000000 x24=0x00000010
     250015.000 ns	     25000	800053b4	404ed713	srai	x14,x29,0x4	 x29:0x00248f42 x14=0x000248f4
     250035.000 ns	     25002	800053b8	d00747d3	fcvt.s.w	f15,x14	 x14:0xffffffff f15=0x48123d00
     250065.000 ns	     25005	800053bc	d015fed3	fcvt.s.wu	f29,x11	 x11:0x80041024 f29=0x4f000410
     250085.000 ns	     25007	800053c0	2ed866b7	lui	x13,0x2ed86	 x13=0x2ed86000
     250105.000 ns	     25009	800053c4	d012fc53	fcvt.s.wu	f24,x5	  x5:0x37692114 f24=0x4e5da484
     250125.000 ns	     25011	800053c8	00b15833	srl	x16,x2,x11	  x2:0xf9972418 x11:0x80041024 x16=0x0f997241
     250145.000 ns	     25013	800053cc	d01c37d3	fcvt.s.wu	f15,x24	 x24:0x00000010 f15=0x41800000
     250165.000 ns	     25015	800053d0	00371813	slli	x16,x14,0x3	 x14:0x000248f4 x16=0x001247a0
     250205.000 ns	     25019	800053d4	09722d53	fsub.s	f26,f4,f23	  f4:0x7fc00000 f23:0xf9972418 f26=0x7fc00000
     250255.000 ns	     25024	800053d8	00f63ed3	fadd.s	f29,f12,f15	 f12:0x4e5da485 f15:0x41800000 f29=0x4e5da486
     250275.000 ns	     25026	800053dc	00797fb3	and	x31,x18,x7	 x18:0x00000000  x7:0x00000184 x31=0x00000000
     250285.000 ns	     25027	800053e0	b4b7d517	auipc	x10,0xb4b7d	 x10=0x34b823e0
     250305.000 ns	     25029	800053e4	d009c6d3	fcvt.s.w	f13,x19	 x19:0xbef2a3a8 f13=0xce821ab9
     250325.000 ns	     25031	800053e8	10092893	slti	x17,x18,256	 x18:0x00000000 x17=0x00000001
     250335.000 ns	     25032	800053ec	01210ab3	add	x21,x2,x18	  x2:0xf9972418 x18:0x00000000 x21=0xf9972418
     250345.000 ns	     25033	800053f0	1f39b393	sltiu	x7,x19,499	 x19:0xbef2a3a8  x7=0x00000000
     250365.000 ns	     25035	800053f4	a0358d53	fle.s	x26,f11,f3	 f11:0x4e5da485  f3:0x7fc00000 x26=0x00000000
     250405.000 ns	     25039	800053f8	101928d3	fmul.s	f17,f18,f1	 f18:0x7fc00000  f1:0xcf0412b0 f17=0x7fc00000
     250425.000 ns	     25041	800053fc	00dc8db3	add	x27,x25,x13	 x25:0xffffffff x13:0x2ed86000 x27=0x2ed85fff
     250785.000 ns	     25077	80005400	03dce2b3	rem	x5,x25,x29	 x25:0xffffffff x29:0x00248f42  x5=0xffffffff
     250805.000 ns	     25079	80005404	40aed433	sra	x8,x29,x10	 x29:0x00248f42 x10:0x34b823e0  x8=0x00248f42
     250825.000 ns	     25081	80005408	03dc0f33	mul	x30,x24,x29	 x24:0x00000010 x29:0x00248f42 x30=0x0248f420
     250855.000 ns	     25084	8000540c	21018353	fsgnj.s	f6,f3,f16	  f3:0x7fc00000 f16:0x00000000  f6=0x7fc00000
     250875.000 ns	     25086	80005410	01c6c6b3	xor	x13,x13,x28	 x13:0x2ed86000 x28:0x80040fe4 x13=0xaedc6fe4
     250885.000 ns	     25087	80005414	01d81a93	slli	x21,x16,0x1d	 x16:0x001247a0 x21=0x00000000
     251245.000 ns	     25123	80005418	03307833	remu	x16,x0,x19	  x0:0x00000000 x19:0xbef2a3a8 x16=0x00000000
     251275.000 ns	     25126	8000541c	a05e8553	fle.s	x10,f29,f5	 f29:0x4e5da486  f5:0x7fc00000 x10=0x00000000
     251295.000 ns	     25128	80005420	0c98f793	andi	x15,x17,201	 x17:0x00000001 x15=0x00000001
     251305.000 ns	     25129	80005424	00e69213	slli	x4,x13,0xe	 x13:0xaedc6fe4  x4=0x1bf90000
     251315.000 ns	     25130	80005428	418a5413	srai	x8,x20,0x18	 x20:0x00000000  x8=0x00000000
     251325.000 ns	     25131	8000542c	725dcd37	lui	x26,0x725dc	 x26=0x725dc000
     251335.000 ns	     25132	80005430	00000013	addi	x0,x0,0	  x0:0x00000000
     251355.000 ns	     25134	80005434	218a9e53	fsgnjn.s	f28,f21,f24	 f21:0xbf800000 f24:0x4e5da484 f28=0xbf800000
     251375.000 ns	     25136	80005438	00000013	addi	x0,x0,0	  x0:0x00000000
     251395.000 ns	     25138	8000543c	28d51bd3	fmax.s	f23,f10,f13	 f10:0xff800000 f13:0xce821ab9 f23=0xce821ab9
     251445.000 ns	     25143	80005440	09f77553	fsub.s	f10,f14,f31	 f14:0x7fc00000 f31:0x7fc00000 f10=0x7fc00000
     251465.000 ns	     25145	80005444	5ae5cd13	xori	x26,x11,1454	 x11:0x80041024 x26=0x8004158a
     251475.000 ns	     25146	80005448	015d8fb3	add	x31,x27,x21	 x27:0x2ed85fff x21:0x00000000 x31=0x2ed85fff
     251485.000 ns	     25147	8000544c	41895e93	srai	x29,x18,0x18	 x18:0x00000000 x29=0x00000000
     251495.000 ns	     25148	80005450	4f6ee297	auipc	x5,0x4f6ee	  x5=0xcf6f3450
     251515.000 ns	     25150	80005454	032d3fb3	mulhu	x31,x26,x18	 x26:0x8004158a x18:0x00000000 x31=0x00000000
     251535.000 ns	     25152	80005458	c4c790b7	lui	x1,0xc4c79	  x1=0xc4c79000
     251555.000 ns	     25154	8000545c	02aa6ab3	rem	x21,x20,x10	 x20:0x00000000 x10:0x00000000 x21=0x00000000
     251585.000 ns	     25157	80005460	f00e04d3	fmv.w.x	f9,x28	 x28:0x80040fe4  f9=0x80040fe4
     251635.000 ns	     25162	80005464	09e302d3	fsub.s	f5,f6,f30	  f6:0x7fc00000 f30:0xffc00000  f5=0x7fc00000
     251655.000 ns	     25164	80005468	01627733	and	x14,x4,x22	  x4:0x1bf90000 x22:0x00000000 x14=0x00000000
     251665.000 ns	     25165	8000546c	01082633	slt	x12,x16,x16	 x16:0x00000000 x16:0x00000000 x12=0x00000000
     251675.000 ns	     25166	80005470	016203b3	add	x7,x4,x22	  x4:0x1bf90000 x22:0x00000000  x7=0x1bf90000
     251705.000 ns	     25169	80005474	184b7253	fdiv.s	f4,f22,f4	 f22:0x00000000  f4:0x7fc00000  f4=0x7fc00000
     251735.000 ns	     25172	80005478	036021b3	mulhsu	x3,x0,x22	  x0:0x00000000 x22:0x00000000  x3=0x00000000
     251765.000 ns	     25175	8000547c	03b58b33	mul	x22,x11,x27	 x11:0x80041024 x27:0x2ed85fff x22=0x1c696fdc
     251795.000 ns	     25178	80005480	21f283d3	fsgnj.s	f7,f5,f31	  f5:0x7fc00000 f31:0x7fc00000  f7=0x7fc00000
     251825.000 ns	     25181	80005484	f00c09d3	fmv.w.x	f19,x24	 x24:0x00000010 f19=0x00000010
     251845.000 ns	     25183	80005488	019acd33	xor	x26,x21,x25	 x21:0x00000000 x25:0xffffffff x26=0xffffffff
     251865.000 ns	     25185	8000548c	21f18353	fsgnj.s	f6,f3,f31	  f3:0x7fc00000 f31:0x7fc00000  f6=0x7fc00000
     251895.000 ns	     25188	80005490	a1841d53	flt.s	x26,f8,f24	  f8:0x100df000 f24:0x4e5da484 x26=0x00000001
     252265.000 ns	     25225	80005494	031bdfb3	divu	x31,x23,x17	 x23:0x00000000 x17:0x00000001 x31=0x00000000
     252295.000 ns	     25228	80005498	037f64b3	rem	x9,x30,x23	 x30:0x0248f420 x23:0x00000000  x9=0x0248f420
     252315.000 ns	     25230	8000549c	01cba233	slt	x4,x23,x28	 x23:0x00000000 x28:0x80040fe4  x4=0x00000000
     252325.000 ns	     25231	800054a0	3e530b37	lui	x22,0x3e530	 x22=0x3e530000
     252345.000 ns	     25233	800054a4	21cd2353	fsgnjx.s	f6,f26,f28	 f26:0x7fc00000 f28:0xbf800000  f6=0xffc00000
     252365.000 ns	     25235	800054a8	01cfe0b3	or	x1,x31,x28	 x31:0x00000000 x28:0x80040fe4  x1=0x80040fe4
     252385.000 ns	     25237	800054ac	21588c53	fsgnj.s	f24,f17,f21	 f17:0x7fc00000 f21:0xbf800000 f24=0xffc00000
     252415.000 ns	     25240	800054b0	e0050a53	fmv.x.w	x20,f10	 f10:0x7fc00000 x20=0x7fc00000
     252465.000 ns	     25245	800054b4	09347fd3	fsub.s	f31,f8,f19	  f8:0x100df000 f19:0x00000010 f31=0x100df000
     252485.000 ns	     25247	800054b8	01dfa733	slt	x14,x31,x29	 x31:0x00000000 x29:0x00000000 x14=0x00000000
     252495.000 ns	     25248	800054bc	009549b3	xor	x19,x10,x9	 x10:0x00000000  x9:0x0248f420 x19=0x0248f420
     252515.000 ns	     25250	800054c0	e00f1353	fclass.s	x6,f30	 f30:0xffc00000  x6=0x00000200
     252535.000 ns	     25252	800054c4	41fdd633	sra	x12,x27,x31	 x27:0x2ed85fff x31:0x00000000 x12=0x2ed85fff
     252555.000 ns	     25254	800054c8	a12a04d3	fle.s	x9,f20,f18	 f20:0xffffffff f18:0x7fc00000  x9=0x00000000
     252585.000 ns	     25257	800054cc	29c408d3	fmin.s	f17,f8,f28	  f8:0x100df000 f28:0xbf800000 f17=0xbf800000
     252615.000 ns	     25260	800054d0	c00d77d3	fcvt.w.s	x15,f26	 f26:0x7fc00000 x15=0x7fffffff
     252635.000 ns	     25262	800054d4	0151ec33	or	x24,x3,x21	  x3:0x00000000 x21:0x00000000 x24=0x00000000
     252995.000 ns	     25298	800054d8	033242b3	div	x5,x4,x19	  x4:0x00000000 x19:0x0248f420  x5=0x00000000
     253025.000 ns	     25301	800054dc	e0000fd3	fmv.x.w	x31,f0	  f0:0x00000001 x31=0x00000001
     253045.000 ns	     25303	800054e0	7eaf8a13	addi	x20,x31,2026	 x31:0x00000000 x20=0x000007eb
     253055.000 ns	     25304	800054e4	00977fb3	and	x31,x14,x9	 x14:0x00000000  x9:0x00000000 x31=0x00000000
     253085.000 ns	     25307	800054e8	18361953	fdiv.s	f18,f12,f3	 f12:0x4e5da485  f3:0x7fc00000 f18=0x7fc00000
     253135.000 ns	     25312	800054ec	09a8c7d3	fsub.s	f15,f17,f26	 f17:0xbf800000 f26:0x7fc00000 f15=0x7fc00000
     253155.000 ns	     25314	800054f0	0e9f2a97	auipc	x21,0xe9f2	 x21=0x8e9f74f0
     253165.000 ns	     25315	800054f4	53996013	ori	x0,x18,1337	 x18:0x00000000
     253185.000 ns	     25317	800054f8	a02c0853	fle.s	x16,f24,f2	 f24:0xffc00000  f2:0x00000001 x16=0x00000000
     253215.000 ns	     25320	800054fc	29c18e53	fmin.s	f28,f3,f28	  f3:0x7fc00000 f28:0xbf800000 f28=0xbf800000
     253585.000 ns	     25357	80005500	03bad633	divu	x12,x21,x27	 x21:0x8e9f74f0 x27:0x2ed85fff x12=0x00000003
     253605.000 ns	     25359	80005504	41e4d513	srai	x10,x9,0x1e	  x9:0x00000000 x10=0x00000000
     253615.000 ns	     25360	80005508	409fdcb3	sra	x25,x31,x9	 x31:0x00000000  x9:0x00000000 x25=0x00000000
     253635.000 ns	     25362	8000550c	e00102d3	fmv.x.w	x5,f2	  f2:0x00000001  x5=0x00000001
     253655.000 ns	     25364	80005510	40db0333	sub	x6,x22,x13	 x22:0x3e530000 x13:0xaedc6fe4  x6=0x8f76901c
     253665.000 ns	     25365	80005514	009824b3	slt	x9,x16,x9	 x16:0x00000000  x9:0x00000000  x9=0x00000000
     253675.000 ns	     25366	80005518	00dc5b33	srl	x22,x24,x13	 x24:0x00000000 x13:0xaedc6fe4 x22=0x00000000
     253695.000 ns	     25368	8000551c	e0080c53	fmv.x.w	x24,f16	 f16:0x00000000 x24=0x00000000
     253725.000 ns	     25371	80005520	034a0f33	mul	x30,x20,x20	 x20:0x000007eb x20:0x000007eb x30=0x003eb1b9
     253755.000 ns	     25374	80005524	28169fd3	fmax.s	f31,f13,f1	 f13:0xce821ab9  f1:0xcf0412b0 f31=0xce821ab9
     253785.000 ns	     25377	80005528	03886833	rem	x16,x16,x24	 x16:0x00000000 x24:0x00000000 x16=0x00000000
     253815.000 ns	     25380	8000552c	c013fa53	fcvt.wu.s	x20,f7	  f7:0x7fc00000 x20=0xffffffff
     253845.000 ns	     25383	80005530	28100ad3	fmin.s	f21,f0,f1	  f0:0x00000001  f1:0xcf0412b0 f21=0xcf0412b0
     253865.000 ns	     25385	80005534	001514b3	sll	x9,x10,x1	 x10:0x00000000  x1:0x80040fe4  x9=0x00000000
     253885.000 ns	     25387	80005538	02ce81b3	mul	x3,x29,x12	 x29:0x00000000 x12:0x00000003  x3=0x00000000
     253915.000 ns	     25390	8000553c	e0069053	fclass.s	x0,f13	 f13:0xce821ab9
     253945.000 ns	     25393	80005540	03697833	remu	x16,x18,x22	 x18:0x00000000 x22:0x00000000 x16=0x00000000
     253975.000 ns	     25396	80005544	c01076d3	fcvt.wu.s	x13,f0	  f0:0x00000001 x13=0x00000000
     253995.000 ns	     25398	80005548	016837b3	sltu	x15,x16,x22	 x16:0x00000000 x22:0x00000000 x15=0x00000000
     254015.000 ns	     25400	8000554c	036eedb3	rem	x27,x29,x22	 x29:0x00000000 x22:0x00000000 x27=0x00000000
     254045.000 ns	     25403	80005550	298000d3	fmin.s	f1,f0,f24	  f0:0x00000001 f24:0xffc00000  f1=0x00000001
     254065.000 ns	     25405	80005554	01d71c13	slli	x24,x14,0x1d	 x14:0x00000000 x24=0x00000000
     254075.000 ns	     25406	80005558	01cda3b3	slt	x7,x27,x28	 x27:0x00000000 x28:0x80040fe4  x7=0x00000000
     254095.000 ns	     25408	8000555c	03b5e833	rem	x16,x11,x27	 x11:0x80041024 x27:0x00000000 x16=0x80041024
     254125.000 ns	     25411	80005560	028f1933	mulh	x18,x30,x8	 x30:0x003eb1b9  x8:0x00000000 x18=0x00000000
     254155.000 ns	     25414	80005564	03c9bcb3	mulhu	x25,x19,x28	 x19:0x0248f420 x28:0x80040fe4 x25=0x01248358
     254175.000 ns	     25416	80005568	009a5ab3	srl	x21,x20,x9	 x20:0xffffffff  x9:0x00000000 x21=0xffffffff
     254185.000 ns	     25417	8000556c	0053d033	srl	x0,x7,x5	  x7:0x00000000  x5:0x00000001
     254225.000 ns	     25421	80005570	01347753	fadd.s	f14,f8,f19	  f8:0x100df000 f19:0x00000010 f14=0x100df000
     254255.000 ns	     25424	80005574	c004f953	fcvt.w.s	x18,f9	  f9:0x80040fe4 x18=0x00000000
     254285.000 ns	     25427	80005578	d0049153	fcvt.s.w	f2,x9	  x9:0x00000000  f2=0x00000000
     254305.000 ns	     25429	8000557c	018af633	and	x12,x21,x24	 x21:0xffffffff x24:0x00000000 x12=0x00000000
     254315.000 ns	     25430	80005580	01ae26b3	slt	x13,x28,x26	 x28:0x80040fe4 x26:0x00000001 x13=0x00000001
     254345.000 ns	     25433	80005584	183dfed3	fdiv.s	f29,f27,f3	 f27:0x80040fe4  f3:0x7fc00000 f29=0x7fc00000
     254375.000 ns	     25436	80005588	c00a9853	fcvt.w.s	x16,f21	 f21:0xcf0412b0 x16=0x80000000
     254395.000 ns	     25438	8000558c	401b5f93	srai	x31,x22,0x1	 x22:0x00000000 x31=0x00000000
     254415.000 ns	     25440	80005590	d01f9c53	fcvt.s.wu	f24,x31	 x31:0x00000000 f24=0x00000000
     254435.000 ns	     25442	80005594	924da013	slti	x0,x27,-1756	 x27:0x00000000
     254455.000 ns	     25444	80005598	a05d0353	fle.s	x6,f26,f5	 f26:0x7fc00000  f5:0x7fc00000  x6=0x00000000
     254485.000 ns	     25447	8000559c	e00891d3	fclass.s	x3,f17	 f17:0xbf800000  x3=0x00000002
     254515.000 ns	     25450	800055a0	214c2a53	fsgnjx.s	f20,f24,f20	 f24:0x00000000 f20:0xffffffff f20=0x80000000
     254545.000 ns	     25453	800055a4	a0cda7d3	feq.s	x15,f27,f12	 f27:0x80040fe4 f12:0x4e5da485 x15=0x00000000
     254575.000 ns	     25456	800055a8	d007ad53	fcvt.s.w	f26,x15	 x15:0x00000000 f26=0x00000000
     254605.000 ns	     25459	800055ac	03e500b3	mul	x1,x10,x30	 x10:0x00000000 x30:0x003eb1b9  x1=0x00000000
     254635.000 ns	     25462	800055b0	f00b0ed3	fmv.w.x	f29,x22	 x22:0x00000000 f29=0x00000000
     254655.000 ns	     25464	800055b4	41155b33	sra	x22,x10,x17	 x10:0x00000000 x17:0x00000001 x22=0x00000000
     254675.000 ns	     25466	800055b8	a1e48753	fle.s	x14,f9,f30	  f9:0x80040fe4 f30:0xffc00000 x14=0x00000000
     254695.000 ns	     25468	800055bc	8944c693	xori	x13,x9,-1900	  x9:0x00000000 x13=0xfffff894
     254715.000 ns	     25470	800055c0	024c4933	div	x18,x24,x4	 x24:0x00000000  x4:0x00000000 x18=0xffffffff
     254765.000 ns	     25475	800055c4	09cec553	fsub.s	f10,f29,f28	 f29:0x00000000 f28:0xbf800000 f10=0x3f800000
     254795.000 ns	     25478	800055c8	027f6db3	rem	x27,x30,x7	 x30:0x003eb1b9  x7:0x00000000 x27=0x003eb1b9
     254815.000 ns	     25480	800055cc	00a2ebb3	or	x23,x5,x10	  x5:0x00000001 x10:0x00000000 x23=0x00000001
     254835.000 ns	     25482	800055d0	02d6afb3	mulhsu	x31,x13,x13	 x13:0xfffff894 x13:0xfffff894 x31=0xfffff894
     254855.000 ns	     25484	800055d4	006054b3	srl	x9,x0,x6	  x0:0x00000000  x6:0x00000000  x9=0x00000000
     254885.000 ns	     25487	800055d8	103d36d3	fmul.s	f13,f26,f3	 f26:0x00000000  f3:0x7fc00000 f13=0x7fc00000
     254905.000 ns	     25489	800055dc	d3e61937	lui	x18,0xd3e61	 x18=0xd3e61000
     254915.000 ns	     25490	800055e0	00c679b3	and	x19,x12,x12	 x12:0x00000000 x12:0x00000000 x19=0x00000000
     254935.000 ns	     25492	800055e4	02a54eb3	div	x29,x10,x10	 x10:0x00000000 x10:0x00000000 x29=0xffffffff
     254955.000 ns	     25494	800055e8	006cb733	sltu	x14,x25,x6	 x25:0x01248358  x6:0x00000000 x14=0x00000000
     254975.000 ns	     25496	800055ec	02a693b3	mulh	x7,x13,x10	 x13:0xfffff894 x10:0x00000000  x7=0x00000000
     254995.000 ns	     25498	800055f0	004b0bb3	add	x23,x22,x4	 x22:0x00000000  x4:0x00000000 x23=0x00000000
     255005.000 ns	     25499	800055f4	42b95537	lui	x10,0x42b95	 x10=0x42b95000
     255015.000 ns	     25500	800055f8	01c01fb3	sll	x31,x0,x28	  x0:0x00000000 x28:0x80040fe4 x31=0x00000000
     255035.000 ns	     25502	800055fc	02987db3	remu	x27,x16,x9	 x16:0x80000000  x9:0x00000000 x27=0x80000000
     255065.000 ns	     25505	80005600	a15e1553	flt.s	x10,f28,f21	 f28:0xbf800000 f21:0xcf0412b0 x10=0x00000000
     255085.000 ns	     25507	80005604	015c08b3	add	x17,x24,x21	 x24:0x00000000 x21:0xffffffff x17=0xffffffff
     255105.000 ns	     25509	80005608	29f78ed3	fmin.s	f29,f15,f31	 f15:0x7fc00000 f31:0xce821ab9 f29=0xce821ab9
     255145.000 ns	     25513	8000560c	18010153	fdiv.s	f2,f2,f0	  f2:0x00000000  f0:0x00000001  f2=0x00000000
     255165.000 ns	     25515	80005610	019ccc33	xor	x24,x25,x25	 x25:0x01248358 x25:0x01248358 x24=0x00000000
     255175.000 ns	     25516	80005614	41e35313	srai	x6,x6,0x1e	  x6:0x00000000  x6=0x00000000
     255185.000 ns	     25517	80005618	4007d833	sra	x16,x15,x0	 x15:0x00000000  x0:0x00000000 x16=0x00000000
     255195.000 ns	     25518	8000561c	413d5c33	sra	x24,x26,x19	 x26:0x00000001 x19:0x00000000 x24=0x00000001
     255205.000 ns	     25519	80005620	01d75fb3	srl	x31,x14,x29	 x14:0x00000000 x29:0xffffffff x31=0x00000000
     255215.000 ns	     25520	80005624	00ebd2b3	srl	x5,x23,x14	 x23:0x00000000 x14:0x00000000  x5=0x00000000
     255235.000 ns	     25522	80005628	d00bf9d3	fcvt.s.w	f19,x23	 x23:0x00000000 f19=0x00000000
     255265.000 ns	     25525	8000562c	a0f704d3	fle.s	x9,f14,f15	 f14:0x100df000 f15:0x7fc00000  x9=0x00000000
     255285.000 ns	     25527	80005630	01cad6b3	srl	x13,x21,x28	 x21:0xffffffff x28:0x80040fe4 x13=0x0fffffff
     255295.000 ns	     25528	80005634	008d50b3	srl	x1,x26,x8	 x26:0x00000001  x8:0x00000000  x1=0x00000001
     255315.000 ns	     25530	80005638	f00e8853	fmv.w.x	f16,x29	 x29:0xffffffff f16=0xffffffff
     255345.000 ns	     25533	8000563c	02e19433	mulh	x8,x3,x14	  x3:0x00000002 x14:0x00000000  x8=0x00000000
     255365.000 ns	     25535	80005640	55ded0b7	lui	x1,0x55ded	  x1=0x55ded000
     255375.000 ns	     25536	80005644	0115dd13	srli	x26,x11,0x11	 x11:0x80041024 x26=0x00004002
     255385.000 ns	     25537	80005648	d617ff13	andi	x30,x15,-671	 x15:0x00000000 x30=0x00000000
     255395.000 ns	     25538	8000564c	013cacb3	slt	x25,x25,x19	 x25:0x01248358 x19:0x00000000 x25=0x00000000
     255415.000 ns	     25540	80005650	29148a53	fmin.s	f20,f9,f17	  f9:0x80040fe4 f17:0xbf800000 f20=0xbf800000
     255445.000 ns	     25543	80005654	21be9fd3	fsgnjn.s	f31,f29,f27	 f29:0xce821ab9 f27:0x80040fe4 f31=0x4e821ab9
     255465.000 ns	     25545	80005658	0097db93	srli	x23,x15,0x9	 x15:0x00000000 x23=0x00000000
     255475.000 ns	     25546	8000565c	007994b3	sll	x9,x19,x7	 x19:0x00000000  x7:0x00000000  x9=0x00000000
     255495.000 ns	     25548	80005660	213ba2d3	fsgnjx.s	f5,f23,f19	 f23:0xce821ab9 f19:0x00000000  f5=0xce821ab9
     255525.000 ns	     25551	80005664	021aa8b3	mulhsu	x17,x21,x1	 x21:0xffffffff  x1:0x55ded000 x17=0xffffffff
     255545.000 ns	     25553	80005668	00ac5bb3	srl	x23,x24,x10	 x24:0x00000001 x10:0x00000000 x23=0x00000001
     255555.000 ns	     25554	8000566c	409a5093	srai	x1,x20,0x9	 x20:0xffffffff  x1=0xffffffff
     255565.000 ns	     25555	80005670	7059f993	andi	x19,x19,1797	 x19:0x00000000 x19=0x00000000
     255585.000 ns	     25557	80005674	a008a0d3	feq.s	x1,f17,f0	 f17:0xbf800000  f0:0x00000001  x1=0x00000000
     255615.000 ns	     25560	80005678	20c508d3	fsgnj.s	f17,f10,f12	 f10:0x3f800000 f12:0x4e5da485 f17=0x3f800000
     255635.000 ns	     25562	8000567c	41855db3	sra	x27,x10,x24	 x10:0x00000000 x24:0x00000001 x27=0x00000000
     255675.000 ns	     25566	80005680	0067c0d3	fadd.s	f1,f15,f6	 f15:0x7fc00000  f6:0xffc00000  f1=0x7fc00000
     255705.000 ns	     25569	80005684	03f40db3	mul	x27,x8,x31	  x8:0x00000000 x31:0x00000000 x27=0x00000000
     255725.000 ns	     25571	80005688	01d81813	slli	x16,x16,0x1d	 x16:0x00000000 x16=0x00000000
     255735.000 ns	     25572	8000568c	01b85533	srl	x10,x16,x27	 x16:0x00000000 x27:0x00000000 x10=0x00000000
     255755.000 ns	     25574	80005690	e00f8653	fmv.x.w	x12,f31	 f31:0x4e821ab9 x12=0x4e821ab9
     255775.000 ns	     25576	80005694	00b54b33	xor	x22,x10,x11	 x10:0x00000000 x11:0x80041024 x22=0x80041024
     255795.000 ns	     25578	80005698	036e9433	mulh	x8,x29,x22	 x29:0xffffffff x22:0x00000000  x8=0x00000000
     255825.000 ns	     25581	8000569c	281f88d3	fmin.s	f17,f31,f1	 f31:0x4e821ab9  f1:0x7fc00000 f17=0x4e821ab9
     255855.000 ns	     25584	800056a0	f0010dd3	fmv.w.x	f27,x2	  x2:0xf9972418 f27=0xf9972418
     255875.000 ns	     25586	800056a4	f3d7ae93	slti	x29,x15,-195	 x15:0x00000000 x29=0x00000000
     255895.000 ns	     25588	800056a8	c00bfbd3	fcvt.w.s	x23,f23	 f23:0xce821ab9 x23=0x410d5c80
     255915.000 ns	     25590	800056ac	00bcdcb3	srl	x25,x25,x11	 x25:0x00000000 x11:0x80041024 x25=0x00000000
     255935.000 ns	     25592	800056b0	d009f6d3	fcvt.s.w	f13,x19	 x19:0x00000000 f13=0x00000000
     255955.000 ns	     25594	800056b4	00b130b3	sltu	x1,x2,x11	  x2:0xf9972418 x11:0x80041024  x1=0x00000000
     255965.000 ns	     25595	800056b8	619bafb7	lui	x31,0x619ba	 x31=0x619ba000
     255985.000 ns	     25597	800056bc	219c1053	fsgnjn.s	f0,f24,f25	 f24:0x00000000 f25:0x00000001  f0=0x80000000
     256015.000 ns	     25600	800056c0	c01bf8d3	fcvt.wu.s	x17,f23	 f23:0xce821ab9 x17=0x410d5c80
     256035.000 ns	     25602	800056c4	005bf8b3	and	x17,x23,x5	 x23:0x410d5c80  x5:0x00000000 x17=0x00000000
     256045.000 ns	     25603	800056c8	40c50db3	sub	x27,x10,x12	 x10:0x00000000 x12:0x4e821ab9 x27=0xb17de547
     256055.000 ns	     25604	800056cc	799e2f13	slti	x30,x28,1945	 x28:0x80040fe4 x30=0x00000001
     256075.000 ns	     25606	800056d0	d01d2853	fcvt.s.wu	f16,x26	 x26:0x00004002 f16=0x46800400
     256105.000 ns	     25609	800056d4	20a528d3	fsgnjx.s	f17,f10,f10	 f10:0x3f800000 f10:0x3f800000 f17=0x3f800000
     256125.000 ns	     25611	800056d8	a76eaf93	slti	x31,x29,-1418	 x29:0x00000000 x31=0x00000000
     256145.000 ns	     25613	800056dc	d0180fd3	fcvt.s.wu	f31,x16	 x16:0x00000000 f31=0x00000000
     256165.000 ns	     25615	800056e0	bc6c2213	slti	x4,x24,-1082	 x24:0x00000001  x4=0x00000000
     256195.000 ns	     25618	800056e4	19228dd3	fdiv.s	f27,f5,f18	  f5:0xce821ab9 f18:0x7fc00000 f27=0x7fc00000
     256225.000 ns	     25621	800056e8	d01f7853	fcvt.s.wu	f16,x30	 x30:0x00000001 f16=0x3f800000
     256255.000 ns	     25624	800056ec	033f37b3	mulhu	x15,x30,x19	 x30:0x00000001 x19:0x00000000 x15=0x00000000
     256275.000 ns	     25626	800056f0	f2652313	slti	x6,x10,-218	 x10:0x00000000  x6=0x00000000
     256285.000 ns	     25627	800056f4	019bf1b3	and	x3,x23,x25	 x23:0x410d5c80 x25:0x00000000  x3=0x00000000
     256305.000 ns	     25629	800056f8	c00e9a53	fcvt.w.s	x20,f29	 f29:0xce821ab9 x20=0xbef2a380
     256335.000 ns	     25632	800056fc	029a3db3	mulhu	x27,x20,x9	 x20:0xffffffff  x9:0x00000000 x27=0x00000000
     256365.000 ns	     25635	80005700	e0041d53	fclass.s	x26,f8	  f8:0x100df000 x26=0x00000040
     256395.000 ns	     25638	80005704	a0758a53	fle.s	x20,f11,f7	 f11:0x4e5da485  f7:0x7fc00000 x20=0x00000000
     256425.000 ns	     25641	80005708	e0089453	fclass.s	x8,f17	 f17:0x3f800000  x8=0x00000040
     256445.000 ns	     25643	8000570c	3566b913	sltiu	x18,x13,854	 x13:0x0fffffff x18=0x00000000
     256465.000 ns	     25645	80005710	e00c01d3	fmv.x.w	x3,f24	 f24:0x00000000  x3=0x00000000
     256485.000 ns	     25647	80005714	00813b33	sltu	x22,x2,x8	  x2:0xf9972418  x8:0x00000040 x22=0x00000000
     256495.000 ns	     25648	80005718	0096e933	or	x18,x13,x9	 x13:0x0fffffff  x9:0x00000000 x18=0x0fffffff
     256515.000 ns	     25650	8000571c	0234ca33	div	x20,x9,x3	  x9:0x00000000  x3:0x00000000 x20=0xffffffff
     256535.000 ns	     25652	80005720	007d2a33	slt	x20,x26,x7	 x26:0x00000040  x7:0x00000000 x20=0x00000000
     256555.000 ns	     25654	80005724	024fa1b3	mulhsu	x3,x31,x4	 x31:0x00000000  x4:0x00000000  x3=0x00000000
     256585.000 ns	     25657	80005728	e00f16d3	fclass.s	x13,f30	 f30:0xffc00000 x13=0x00000200
     256605.000 ns	     25659	8000572c	00000013	addi	x0,x0,0	  x0:0x00000000
     256645.000 ns	     25663	80005730	08729ad3	fsub.s	f21,f5,f7	  f5:0xce821ab9  f7:0x7fc00000 f21=0x7fc00000
     256675.000 ns	     25666	80005734	a19c0253	fle.s	x4,f24,f25	 f24:0x00000000 f25:0x00000001  x4=0x00000001
     256695.000 ns	     25668	80005738	00dd9a13	slli	x20,x27,0xd	 x27:0x00000000 x20=0x00000000
     257055.000 ns	     25704	8000573c	03e05c33	divu	x24,x0,x30	  x0:0x00000000 x30:0x00000001 x24=0x00000000
     258235.000 ns	     25822	80005740	58070653	fsqrt.s	f12,f14	 f14:0x100df000 f12=0x2748ba42
     258255.000 ns	     25824	80005744	94902193	slti	x3,x0,-1719	  x0:0x00000000  x3=0x00000000
     258265.000 ns	     25825	80005748	41aed393	srai	x7,x29,0x1a	 x29:0x00000000  x7=0x00000000
     258275.000 ns	     25826	8000574c	9f2b7c93	andi	x25,x22,-1550	 x22:0x00000000 x25=0x00000000
     258285.000 ns	     25827	80005750	01ec00b3	add	x1,x24,x30	 x24:0x00000000 x30:0x00000001  x1=0x00000001
     258305.000 ns	     25829	80005754	c015ffd3	fcvt.wu.s	x31,f11	 f11:0x4e5da485 x31=0x37692140
     258325.000 ns	     25831	80005758	4175d333	sra	x6,x11,x23	 x11:0x80041024 x23:0x410d5c80  x6=0x80041024
     258345.000 ns	     25833	8000575c	a01d8753	fle.s	x14,f27,f1	 f27:0x7fc00000  f1:0x7fc00000 x14=0x00000000
     258375.000 ns	     25836	80005760	c00807d3	fcvt.w.s	x15,f16	 f16:0x3f800000 x15=0x00000001
     258395.000 ns	     25838	80005764	016edb13	srli	x22,x29,0x16	 x29:0x00000000 x22=0x00000000
     258405.000 ns	     25839	80005768	073f6693	ori	x13,x30,115	 x30:0x00000001 x13=0x00000073
     258415.000 ns	     25840	8000576c	cb3ff497	auipc	x9,0xcb3ff	  x9=0x4b40476c
     258435.000 ns	     25842	80005770	02841d33	mulh	x26,x8,x8	  x8:0x00000040  x8:0x00000040 x26=0x00000000
     258485.000 ns	     25847	80005774	01fc7053	fadd.s	f0,f24,f31	 f24:0x00000000 f31:0x00000000  f0=0x00000000
     258505.000 ns	     25849	80005778	8d1eb393	sltiu	x7,x29,-1839	 x29:0x00000000  x7=0x00000001
     258515.000 ns	     25850	8000577c	45bdf813	andi	x16,x27,1115	 x27:0x00000000 x16=0x00000000
     258535.000 ns	     25852	80005780	a1539ad3	flt.s	x21,f7,f21	  f7:0x7fc00000 f21:0x7fc00000 x21=0x00000000
     258555.000 ns	     25854	80005784	00ef1ab3	sll	x21,x30,x14	 x30:0x00000001 x14:0x00000000 x21=0x00000001
     258565.000 ns	     25855	80005788	411dd893	srai	x17,x27,0x11	 x27:0x00000000 x17=0x00000000
     258575.000 ns	     25856	8000578c	afa74e93	xori	x29,x14,-1286	 x14:0x00000000 x29=0xfffffafa
     258585.000 ns	     25857	80005790	00b273b3	and	x7,x4,x11	  x4:0x00000001 x11:0x80041024  x7=0x00000000
     258605.000 ns	     25859	80005794	a0ed84d3	fle.s	x9,f27,f14	 f27:0x7fc00000 f14:0x100df000  x9=0x00000000
     258625.000 ns	     25861	80005798	015e7eb3	and	x29,x28,x21	 x28:0x80040fe4 x21:0x00000001 x29=0x00000000
     258635.000 ns	     25862	8000579c	b5238c93	addi	x25,x7,-1198	  x7:0x00000000 x25=0xfffffb52
     258655.000 ns	     25864	800057a0	a1b1a853	feq.s	x16,f3,f27	  f3:0x7fc00000 f27:0x7fc00000 x16=0x00000000
     258675.000 ns	     25866	800057a4	406ad8b3	sra	x17,x21,x6	 x21:0x00000001  x6:0x80041024 x17=0x00000000
     258685.000 ns	     25867	800057a8	fa7cfd93	andi	x27,x25,-89	 x25:0xfffffb52 x27=0xfffffb02
     258695.000 ns	     25868	800057ac	017c08b3	add	x17,x24,x23	 x24:0x00000000 x23:0x410d5c80 x17=0x410d5c80
     258715.000 ns	     25870	800057b0	c001fad3	fcvt.w.s	x21,f3	  f3:0x7fc00000 x21=0x7fffffff
     258745.000 ns	     25873	800057b4	c00413d3	fcvt.w.s	x7,f8	  f8:0x100df000  x7=0x00000000
     258765.000 ns	     25875	800057b8	40da8833	sub	x16,x21,x13	 x21:0x7fffffff x13:0x00000073 x16=0x7fffff8c
     258785.000 ns	     25877	800057bc	0248a7b3	mulhsu	x15,x17,x4	 x17:0x410d5c80  x4:0x00000001 x15=0x00000000
     258805.000 ns	     25879	800057c0	00ca1a93	slli	x21,x20,0xc	 x20:0x00000000 x21=0x00000000
     258815.000 ns	     25880	800057c4	416881b3	sub	x3,x17,x22	 x17:0x410d5c80 x22:0x00000000  x3=0x410d5c80
     258835.000 ns	     25882	800057c8	029d8d33	mul	x26,x27,x9	 x27:0xfffffb02  x9:0x00000000 x26=0x00000000
     258855.000 ns	     25884	800057cc	0058d933	srl	x18,x17,x5	 x17:0x410d5c80  x5:0x00000000 x18=0x410d5c80
     258865.000 ns	     25885	800057d0	4163d833	sra	x16,x7,x22	  x7:0x00000000 x22:0x00000000 x16=0x00000000
     258895.000 ns	     25888	800057d4	19ab74d3	fdiv.s	f9,f22,f26	 f22:0x00000000 f26:0x00000000  f9=0x7fc00000
     258915.000 ns	     25890	800057d8	40b680b3	sub	x1,x13,x11	 x13:0x00000073 x11:0x80041024  x1=0x7ffbf04f
     258935.000 ns	     25892	800057dc	03b4beb3	mulhu	x29,x9,x27	  x9:0x00000000 x27:0xfffffb02 x29=0x00000000
     258955.000 ns	     25894	800057e0	408b5533	sra	x10,x22,x8	 x22:0x00000000  x8:0x00000040 x10=0x00000000
     258975.000 ns	     25896	800057e4	02dc9833	mulh	x16,x25,x13	 x25:0xfffffb52 x13:0x00000073 x16=0xffffffff
     259005.000 ns	     25899	800057e8	03331f33	mulh	x30,x6,x19	  x6:0x80041024 x19:0x00000000 x30=0x00000000
     259025.000 ns	     25901	800057ec	011d8633	add	x12,x27,x17	 x27:0xfffffb02 x17:0x410d5c80 x12=0x410d5782
     259045.000 ns	     25903	800057f0	21782653	fsgnjx.s	f12,f16,f23	 f16:0x3f800000 f23:0xce821ab9 f12=0xbf800000
     259075.000 ns	     25906	800057f4	e00f1353	fclass.s	x6,f30	 f30:0xffc00000  x6=0x00000200
     259095.000 ns	     25908	800057f8	58753617	auipc	x12,0x58753	 x12=0xd87587f8
     259105.000 ns	     25909	800057fc	b9abeb93	ori	x23,x23,-1126	 x23:0x410d5c80 x23=0xffffff9a
     259115.000 ns	     25910	80005800	007252b3	srl	x5,x4,x7	  x4:0x00000001  x7:0x00000000  x5=0x00000001
     259155.000 ns	     25914	80005804	09f0b7d3	fsub.s	f15,f1,f31	  f1:0x7fc00000 f31:0x00000000 f15=0x7fc00000
     259185.000 ns	     25917	80005808	e00e8353	fmv.x.w	x6,f29	 f29:0xce821ab9  x6=0xce821ab9
     259215.000 ns	     25920	8000580c	a0382ad3	feq.s	x21,f16,f3	 f16:0x3f800000  f3:0x7fc00000 x21=0x00000000
     259245.000 ns	     25923	80005810	c00f7ad3	fcvt.w.s	x21,f30	 f30:0xffc00000 x21=0x7fffffff
     259275.000 ns	     25926	80005814	e0058c53	fmv.x.w	x24,f11	 f11:0x4e5da485 x24=0x4e5da485
     259295.000 ns	     25928	80005818	4e500f13	addi	x30,x0,1253	  x0:0x00000000 x30=0x000004e5
     259315.000 ns	     25930	8000581c	290f04d3	fmin.s	f9,f30,f16	 f30:0xffc00000 f16:0x3f800000  f9=0x3f800000
     259335.000 ns	     25932	80005820	5eb13e93	sltiu	x29,x2,1515	  x2:0xf9972418 x29=0x00000000
     259345.000 ns	     25933	80005824	b4175397	auipc	x7,0xb4175	  x7=0x3417a824
     259355.000 ns	     25934	80005828	e923dd37	lui	x26,0xe923d	 x26=0xe923d000
     259375.000 ns	     25936	8000582c	a0ee8ed3	fle.s	x29,f29,f14	 f29:0xce821ab9 f14:0x100df000 x29=0x00000001
     259395.000 ns	     25938	80005830	00613933	sltu	x18,x2,x6	  x2:0xf9972418  x6:0xce821ab9 x18=0x00000000
     259405.000 ns	     25939	80005834	825b3013	sltiu	x0,x22,-2011	 x22:0x00000000
     259415.000 ns	     25940	80005838	8c44ba93	sltiu	x21,x9,-1852	  x9:0x00000000 x21=0x00000001
     259435.000 ns	     25942	8000583c	d014f853	fcvt.s.wu	f16,x9	  x9:0x00000000 f16=0x00000000
     259465.000 ns	     25945	80005840	e0098ad3	fmv.x.w	x21,f19	 f19:0x00000000 x21=0x00000000
     259495.000 ns	     25948	80005844	21faab53	fsgnjx.s	f22,f21,f31	 f21:0x7fc00000 f31:0x00000000 f22=0x7fc00000
     259515.000 ns	     25950	80005848	c67ad417	auipc	x8,0xc67ad	  x8=0x467b2848
     259525.000 ns	     25951	8000584c	01652bb3	slt	x23,x10,x22	 x10:0x00000000 x22:0x00000000 x23=0x00000000
     259885.000 ns	     25987	80005850	03e7ef33	rem	x30,x15,x30	 x15:0x00000000 x30:0x000004e5 x30=0x00000000
     259915.000 ns	     25990	80005854	f0030bd3	fmv.w.x	f23,x6	  x6:0xce821ab9 f23=0xce821ab9
     259935.000 ns	     25992	80005858	00a4ab33	slt	x22,x9,x10	  x9:0x00000000 x10:0x00000000 x22=0x00000000
     259955.000 ns	     25994	8000585c	03568a33	mul	x20,x13,x21	 x13:0x00000073 x21:0x00000000 x20=0x00000000
     259975.000 ns	     25996	80005860	000d3bb3	sltu	x23,x26,x0	 x26:0xe923d000  x0:0x00000000 x23=0x00000000
     259985.000 ns	     25997	80005864	413ddc13	srai	x24,x27,0x13	 x27:0xfffffb02 x24=0xffffffff
     259995.000 ns	     25998	80005868	013170b3	and	x1,x2,x19	  x2:0xf9972418 x19:0x00000000  x1=0x00000000
     260015.000 ns	     26000	8000586c	f00a0953	fmv.w.x	f18,x20	 x20:0x00000000 f18=0x00000000
     260385.000 ns	     26037	80005870	03c1e8b3	rem	x17,x3,x28	  x3:0x410d5c80 x28:0x80040fe4 x17=0x410d5c80
     260415.000 ns	     26040	80005874	d01dfb53	fcvt.s.wu	f22,x27	 x27:0xfffffb02 f22=0x4f7ffffb
     260445.000 ns	     26043	80005878	020c2bb3	mulhsu	x23,x24,x0	 x24:0xffffffff  x0:0x00000000 x23=0x00000000
     260815.000 ns	     26080	8000587c	02cb4433	div	x8,x22,x12	 x22:0x00000000 x12:0xd87587f8  x8=0x00000000
     260835.000 ns	     26082	80005880	3941f793	andi	x15,x3,916	  x3:0x410d5c80 x15=0x00000080
     260855.000 ns	     26084	80005884	f00d07d3	fmv.w.x	f15,x26	 x26:0xe923d000 f15=0xe923d000
     260885.000 ns	     26087	80005888	d00300d3	fcvt.s.w	f1,x6	  x6:0xce821ab9  f1=0xce45f795
     260905.000 ns	     26089	8000588c	886c3093	sltiu	x1,x24,-1914	 x24:0xffffffff  x1=0x00000000
     260935.000 ns	     26092	80005890	58031fd3	fsqrt.s	f31,f6	  f6:0xffc00000 f31=0x7fc00000
     260965.000 ns	     26095	80005894	a07b8653	fle.s	x12,f23,f7	 f23:0xce821ab9  f7:0x7fc00000 x12=0x00000000
     260995.000 ns	     26098	80005898	02a1a033	mulhsu	x0,x3,x10	  x3:0x410d5c80 x10:0x00000000
     261025.000 ns	     26101	8000589c	299b1ad3	fmax.s	f21,f22,f25	 f22:0x4f7ffffb f25:0x00000001 f21=0x4f7ffffb
     261045.000 ns	     26103	800058a0	c82a7813	andi	x16,x20,-894	 x20:0x00000000 x16=0x00000000
     261055.000 ns	     26104	800058a4	0127dfb3	srl	x31,x15,x18	 x15:0x00000080 x18:0x00000000 x31=0x00000080
     261075.000 ns	     26106	800058a8	a1a10253	fle.s	x4,f2,f26	  f2:0x00000000 f26:0x00000000  x4=0x00000001
     261105.000 ns	     26109	800058ac	a17cafd3	feq.s	x31,f25,f23	 f25:0x00000001 f23:0xce821ab9 x31=0x00000000
     261135.000 ns	     26112	800058b0	d006ff53	fcvt.s.w	f30,x13	 x13:0x00000073 f30=0x42e60000
     261165.000 ns	     26115	800058b4	21529253	fsgnjn.s	f4,f5,f21	  f5:0xce821ab9 f21:0x4f7ffffb  f4=0xce821ab9
     261185.000 ns	     26117	800058b8	d1674c13	xori	x24,x14,-746	 x14:0x00000000 x24=0xfffffd16
     261195.000 ns	     26118	800058bc	403a0ab3	sub	x21,x20,x3	 x20:0x00000000  x3:0x410d5c80 x21=0xbef2a380
     261205.000 ns	     26119	800058c0	0128d533	srl	x10,x17,x18	 x17:0x410d5c80 x18:0x00000000 x10=0x410d5c80
     261245.000 ns	     26123	800058c4	004ff1d3	fadd.s	f3,f31,f4	 f31:0x7fc00000  f4:0xce821ab9  f3=0x7fc00000
     261265.000 ns	     26125	800058c8	4943deb7	lui	x29,0x4943d	 x29=0x4943d000
     261275.000 ns	     26126	800058cc	b34a2893	slti	x17,x20,-1228	 x20:0x00000000 x17=0x00000000
     261285.000 ns	     26127	800058d0	01a33533	sltu	x10,x6,x26	  x6:0xce821ab9 x26:0xe923d000 x10=0x00000001
     261305.000 ns	     26129	800058d4	03723233	mulhu	x4,x4,x23	  x4:0x00000001 x23:0x00000000  x4=0x00000000
     261325.000 ns	     26131	800058d8	00c8dd13	srli	x26,x17,0xc	 x17:0x00000000 x26=0x00000000
     261355.000 ns	     26134	800058dc	19397cd3	fdiv.s	f25,f18,f19	 f18:0x00000000 f19:0x00000000 f25=0x7fc00000
     261725.000 ns	     26171	800058e0	02ff5633	divu	x12,x30,x15	 x30:0x00000000 x15:0x00000080 x12=0x00000000
     261745.000 ns	     26173	800058e4	01a5ffb3	and	x31,x11,x26	 x11:0x80041024 x26:0x00000000 x31=0x00000000
     261765.000 ns	     26175	800058e8	035f1b33	mulh	x22,x30,x21	 x30:0x00000000 x21:0xbef2a380 x22=0x00000000
     261795.000 ns	     26178	800058ec	036be0b3	rem	x1,x23,x22	 x23:0x00000000 x22:0x00000000  x1=0x00000000
     262165.000 ns	     26215	800058f0	0269ddb3	divu	x27,x19,x6	 x19:0x00000000  x6:0xce821ab9 x27=0x00000000
     262185.000 ns	     26217	800058f4	00fddd33	srl	x26,x27,x15	 x27:0xfffffb02 x15:0x00000080 x26=0x00000000
     262205.000 ns	     26219	800058f8	212d0e53	fsgnj.s	f28,f26,f18	 f26:0x00000000 f18:0x00000000 f28=0x00000000
     262225.000 ns	     26221	800058fc	44a34e93	xori	x29,x6,1098	  x6:0xce821ab9 x29=0xce821ef3
     262235.000 ns	     26222	80005900	40e20cb3	sub	x25,x4,x14	  x4:0x00000000 x14:0x00000000 x25=0x00000000
     262255.000 ns	     26224	80005904	a0cf17d3	flt.s	x15,f30,f12	 f30:0x42e60000 f12:0xbf800000 x15=0x00000000
     262275.000 ns	     26226	80005908	b6153a93	sltiu	x21,x10,-1183	 x10:0x00000001 x21=0x00000001
     262295.000 ns	     26228	8000590c	03812833	mulhsu	x16,x2,x24	  x2:0xf9972418 x24:0xfffffd16 x16=0xf997242a
     262325.000 ns	     26231	80005910	03933833	mulhu	x16,x6,x25	  x6:0xce821ab9 x25:0x00000000 x16=0x00000000
     262375.000 ns	     26236	80005914	092c8c53	fsub.s	f24,f25,f18	 f25:0x7fc00000 f18:0x00000000 f24=0x7fc00000
     262395.000 ns	     26238	80005918	004e8ab3	add	x21,x29,x4	 x29:0xce821ef3  x4:0x00000000 x21=0xce821ef3
     262405.000 ns	     26239	8000591c	01e8dc13	srli	x24,x17,0x1e	 x17:0x00000000 x24=0x00000000
     262415.000 ns	     26240	80005920	405b5693	srai	x13,x22,0x5	 x22:0x00000000 x13=0x00000000
     262425.000 ns	     26241	80005924	40628f93	addi	x31,x5,1030	  x5:0x00000001 x31=0x00000407
     262435.000 ns	     26242	80005928	8b65ed93	ori	x27,x11,-1866	 x11:0x80041024 x27=0xfffff8b6
     262455.000 ns	     26244	8000592c	d00bcf53	fcvt.s.w	f30,x23	 x23:0x00000000 f30=0x00000000
     262475.000 ns	     26246	80005930	00000013	addi	x0,x0,0	  x0:0x00000000
     262485.000 ns	     26247	80005934	41c100b3	sub	x1,x2,x28	  x2:0xf9972418 x28:0x80040fe4  x1=0x79931434
     262495.000 ns	     26248	80005938	01462b33	slt	x22,x12,x20	 x12:0x00000000 x20:0x00000000 x22=0x00000000
     262515.000 ns	     26250	8000593c	a0db0ed3	fle.s	x29,f22,f13	 f22:0x4f7ffffb f13:0x00000000 x29=0x00000000
     262545.000 ns	     26253	80005940	20d006d3	fsgnj.s	f13,f0,f13	  f0:0x00000000 f13:0x00000000 f13=0x00000000
     262565.000 ns	     26255	80005944	0c3c6b13	ori	x22,x24,195	 x24:0x00000000 x22=0x000000c3
     262585.000 ns	     26257	80005948	2011aad3	fsgnjx.s	f21,f3,f1	  f3:0x7fc00000  f1:0xce45f795 f21=0xffc00000
     262615.000 ns	     26260	8000594c	0349b533	mulhu	x10,x19,x20	 x19:0x00000000 x20:0x00000000 x10=0x00000000
     262645.000 ns	     26263	80005950	a0d598d3	flt.s	x17,f11,f13	 f11:0x4e5da485 f13:0x00000000 x17=0x00000000
     262665.000 ns	     26265	80005954	d4a91c17	auipc	x24,0xd4a91	 x24=0x54a96954
     262685.000 ns	     26267	80005958	28b392d3	fmax.s	f5,f7,f11	  f7:0x7fc00000 f11:0x4e5da485  f5=0x4e5da485
     262715.000 ns	     26270	8000595c	e0080b53	fmv.x.w	x22,f16	 f16:0x00000000 x22=0x00000000
     262745.000 ns	     26273	80005960	02e886b3	mul	x13,x17,x14	 x17:0x00000000 x14:0x00000000 x13=0x00000000
     262765.000 ns	     26275	80005964	405f5d93	srai	x27,x30,0x5	 x30:0x00000000 x27=0x00000000
     262785.000 ns	     26277	80005968	29ef0553	fmin.s	f10,f30,f30	 f30:0x00000000 f30:0x00000000 f10=0x00000000
     262805.000 ns	     26279	8000596c	013084b3	add	x9,x1,x19	  x1:0x79931434 x19:0x00000000  x9=0x79931434
     262825.000 ns	     26281	80005970	e0048353	fmv.x.w	x6,f9	  f9:0x3f800000  x6=0x3f800000
     262855.000 ns	     26284	80005974	a0cba953	feq.s	x18,f23,f12	 f23:0xce821ab9 f12:0xbf800000 x18=0x00000000
     262885.000 ns	     26287	80005978	03ceb0b3	mulhu	x1,x29,x28	 x29:0x00000000 x28:0x80040fe4  x1=0x00000000
     262915.000 ns	     26290	8000597c	28f198d3	fmax.s	f17,f3,f15	  f3:0x7fc00000 f15:0xe923d000 f17=0xe923d000
     262945.000 ns	     26293	80005980	c0049dd3	fcvt.w.s	x27,f9	  f9:0x3f800000 x27=0x00000001
     262975.000 ns	     26296	80005984	20fa2ed3	fsgnjx.s	f29,f20,f15	 f20:0xbf800000 f15:0xe923d000 f29=0x3f800000
     263025.000 ns	     26301	80005988	0938c8d3	fsub.s	f17,f17,f19	 f17:0xe923d000 f19:0x00000000 f17=0xe923d000
     263045.000 ns	     26303	8000598c	00d812b3	sll	x5,x16,x13	 x16:0x00000000 x13:0x00000000  x5=0x00000000
     263055.000 ns	     26304	80005990	0140b3b3	sltu	x7,x1,x20	  x1:0x00000000 x20:0x00000000  x7=0x00000000
     263085.000 ns	     26307	80005994	18db00d3	fdiv.s	f1,f22,f13	 f22:0x4f7ffffb f13:0x00000000  f1=0x7f800000
     263105.000 ns	     26309	80005998	40280f33	sub	x30,x16,x2	 x16:0x00000000  x2:0xf9972418 x30=0x0668dbe8
     263115.000 ns	     26310	8000599c	010291b3	sll	x3,x5,x16	  x5:0x00000000 x16:0x00000000  x3=0x00000000
     263125.000 ns	     26311	800059a0	404f5bb3	sra	x23,x30,x4	 x30:0x00000000  x4:0x00000000 x23=0x0668dbe8
     263145.000 ns	     26313	800059a4	c01f08d3	fcvt.wu.s	x17,f30	 f30:0x00000000 x17=0x00000000
     263175.000 ns	     26316	800059a8	d01379d3	fcvt.s.wu	f19,x6	  x6:0x3f800000 f19=0x4e7e0000
     263225.000 ns	     26321	800059ac	004d8553	fadd.s	f10,f27,f4	 f27:0x7fc00000  f4:0xce821ab9 f10=0x7fc00000
     263255.000 ns	     26324	800059b0	0302e733	rem	x14,x5,x16	  x5:0x00000000 x16:0x00000000 x14=0x00000000
     263275.000 ns	     26326	800059b4	4192da33	sra	x20,x5,x25	  x5:0x00000000 x25:0x00000000 x20=0x00000000
     263285.000 ns	     26327	800059b8	8a9e8493	addi	x9,x29,-1879	 x29:0x00000000  x9=0xfffff8a9
     263295.000 ns	     26328	800059bc	00000013	addi	x0,x0,0	  x0:0x00000000
     263315.000 ns	     26330	800059c0	202210d3	fsgnjn.s	f1,f4,f2	  f4:0xce821ab9  f2:0x00000000  f1=0xce821ab9
     263345.000 ns	     26333	800059c4	036ceb33	rem	x22,x25,x22	 x25:0x00000000 x22:0x00000000 x22=0x00000000
     263365.000 ns	     26335	800059c8	00d57cb3	and	x25,x10,x13	 x10:0x00000000 x13:0x00000000 x25=0x00000000
     263375.000 ns	     26336	800059cc	01d0c1b3	xor	x3,x1,x29	  x1:0x00000000 x29:0x00000000  x3=0x00000000
     263395.000 ns	     26338	800059d0	c00d1d53	fcvt.w.s	x26,f26	 f26:0x00000000 x26=0x00000000
     263415.000 ns	     26340	800059d4	0029cd33	xor	x26,x19,x2	 x19:0x00000000  x2:0xf9972418 x26=0xf9972418
     263425.000 ns	     26341	800059d8	400fd1b3	sra	x3,x31,x0	 x31:0x00000407  x0:0x00000000  x3=0x00000407
     263445.000 ns	     26343	800059dc	a0411f53	flt.s	x30,f2,f4	  f2:0x00000000  f4:0xce821ab9 x30=0x00000000
     263465.000 ns	     26345	800059e0	730afdb7	lui	x27,0x730af	 x27=0x730af000
     263475.000 ns	     26346	800059e4	40965813	srai	x16,x12,0x9	 x12:0x00000000 x16=0x00000000
     263485.000 ns	     26347	800059e8	7a59ef13	ori	x30,x19,1957	 x19:0x00000000 x30=0x000007a5
     263495.000 ns	     26348	800059ec	00000013	addi	x0,x0,0	  x0:0x00000000
     263505.000 ns	     26349	800059f0	f8b63417	auipc	x8,0xf8b63	  x8=0x78b689f0
     263515.000 ns	     26350	800059f4	9cd73713	sltiu	x14,x14,-1587	 x14:0x00000000 x14=0x00000001
     263535.000 ns	     26352	800059f8	f00f8a53	fmv.w.x	f20,x31	 x31:0x00000407 f20=0x00000407
     263565.000 ns	     26355	800059fc	03091bb3	mulh	x23,x18,x16	 x18:0x00000000 x16:0x00000000 x23=0x00000000
     263595.000 ns	     26358	80005a00	d01d4253	fcvt.s.wu	f4,x26	 x26:0xf9972418  f4=0x4f799724
     263615.000 ns	     26360	80005a04	68a3ca37	lui	x20,0x68a3c	 x20=0x68a3c000
     263635.000 ns	     26362	80005a08	a0999353	flt.s	x6,f19,f9	 f19:0x4e7e0000  f9:0x3f800000  x6=0x00000000
     263655.000 ns	     26364	80005a0c	70920a13	addi	x20,x4,1801	  x4:0x00000000 x20=0x00000709
     263675.000 ns	     26366	80005a10	e00214d3	fclass.s	x9,f4	  f4:0x4f799724  x9=0x00000040
     264045.000 ns	     26403	80005a14	038a51b3	divu	x3,x20,x24	 x20:0x68a3c000 x24:0x54a96954  x3=0x00000000
     264415.000 ns	     26440	80005a18	022ae3b3	rem	x7,x21,x2	 x21:0xce821ef3  x2:0xf9972418  x7=0xfb60224b
     264435.000 ns	     26442	80005a1c	018983b3	add	x7,x19,x24	 x19:0x00000000 x24:0x54a96954  x7=0x54a96954
     264455.000 ns	     26444	80005a20	d002c7d3	fcvt.s.w	f15,x5	  x5:0x00000000 f15=0x00000000
     264485.000 ns	     26447	80005a24	21661753	fsgnjn.s	f14,f12,f22	 f12:0xbf800000 f22:0x4f7ffffb f14=0xbf800000
     264515.000 ns	     26450	80005a28	20b4a253	fsgnjx.s	f4,f9,f11	  f9:0x3f800000 f11:0x4e5da485  f4=0x3f800000
     264545.000 ns	     26453	80005a2c	031b99b3	mulh	x19,x23,x17	 x23:0x00000000 x17:0x00000000 x19=0x00000000
     264575.000 ns	     26456	80005a30	a08e29d3	feq.s	x19,f28,f8	 f28:0x00000000  f8:0x100df000 x19=0x00000000
     264595.000 ns	     26458	80005a34	00000013	addi	x0,x0,0	  x0:0x00000000
     264615.000 ns	     26460	80005a38	03156cb3	rem	x25,x10,x17	 x10:0x00000000 x17:0x00000000 x25=0x00000000
     264665.000 ns	     26465	80005a3c	0885f053	fsub.s	f0,f11,f8	 f11:0x4e5da485  f8:0x100df000  f0=0x4e5da485
     264685.000 ns	     26467	80005a40	0198aa33	slt	x20,x17,x25	 x17:0x00000000 x25:0x00000000 x20=0x00000000
     264705.000 ns	     26469	80005a44	20a701d3	fsgnj.s	f3,f14,f10	 f14:0xbf800000 f10:0x7fc00000  f3=0x3f800000
     264735.000 ns	     26472	80005a48	021f32b3	mulhu	x5,x30,x1	 x30:0x000007a5  x1:0x00000000  x5=0x00000000
     264765.000 ns	     26475	80005a4c	21861553	fsgnjn.s	f10,f12,f24	 f12:0xbf800000 f24:0x7fc00000 f10=0xbf800000
     264785.000 ns	     26477	80005a50	b92a6013	ori	x0,x20,-1134	 x20:0x00000000
     264805.000 ns	     26479	80005a54	d00a3d53	fcvt.s.w	f26,x20	 x20:0x00000000 f26=0x00000000
     264825.000 ns	     26481	80005a58	bf7286b7	lui	x13,0xbf728	 x13=0xbf728000
     264845.000 ns	     26483	80005a5c	0366b2b3	mulhu	x5,x13,x22	 x13:0x00000000 x22:0x00000000  x5=0x00000000
     264865.000 ns	     26485	80005a60	09c45f97	auipc	x31,0x9c45	 x31=0x89c4aa60
     264885.000 ns	     26487	80005a64	e00c9c53	fclass.s	x24,f25	 f25:0x7fc00000 x24=0x00000200
     264905.000 ns	     26489	80005a68	01fe1a93	slli	x21,x28,0x1f	 x28:0x80040fe4 x21=0x00000000
     264915.000 ns	     26490	80005a6c	41a182b3	sub	x5,x3,x26	  x3:0x00000000 x26:0xf9972418  x5=0x0668dbe8
     264935.000 ns	     26492	80005a70	0248b833	mulhu	x16,x17,x4	 x17:0x00000000  x4:0x00000000 x16=0x00000000
     264955.000 ns	     26494	80005a74	003d1c13	slli	x24,x26,0x3	 x26:0xf9972418 x24=0xccb920c0
     264965.000 ns	     26495	80005a78	40d75213	srai	x4,x14,0xd	 x14:0x00000001  x4=0x00000000
     264985.000 ns	     26497	80005a7c	027a9433	mulh	x8,x21,x7	 x21:0x00000000  x7:0x54a96954  x8=0x00000000
     265005.000 ns	     26499	80005a80	0132dd13	srli	x26,x5,0x13	  x5:0x0668dbe8 x26=0x000000cd
     265035.000 ns	     26502	80005a84	187274d3	fdiv.s	f9,f4,f7	  f4:0x3f800000  f7:0x7fc00000  f9=0x7fc00000
     265055.000 ns	     26504	80005a88	00000013	addi	x0,x0,0	  x0:0x00000000
     265065.000 ns	     26505	80005a8c	00b6b633	sltu	x12,x13,x11	 x13:0xbf728000 x11:0x80041024 x12=0x00000000
     265085.000 ns	     26507	80005a90	c013f4d3	fcvt.wu.s	x9,f7	  f7:0x7fc00000  x9=0xffffffff
     265105.000 ns	     26509	80005a94	008a1d33	sll	x26,x20,x8	 x20:0x00000000  x8:0x00000000 x26=0x00000000
     265115.000 ns	     26510	80005a98	01c6bab3	sltu	x21,x13,x28	 x13:0xbf728000 x28:0x80040fe4 x21=0x00000000
     265135.000 ns	     26512	80005a9c	29fd0153	fmin.s	f2,f26,f31	 f26:0x00000000 f31:0x7fc00000  f2=0x00000000
     265165.000 ns	     26515	80005aa0	039389b3	mul	x19,x7,x25	  x7:0x54a96954 x25:0x00000000 x19=0x00000000
     265195.000 ns	     26518	80005aa4	288707d3	fmin.s	f15,f14,f8	 f14:0xbf800000  f8:0x100df000 f15=0xbf800000
     265225.000 ns	     26521	80005aa8	d00e4e53	fcvt.s.w	f28,x28	 x28:0x80040fe4 f28=0xcefff7e0
     265245.000 ns	     26523	80005aac	aa8859b7	lui	x19,0xaa885	 x19=0xaa885000
     265255.000 ns	     26524	80005ab0	a2e7c193	xori	x3,x15,-1490	 x15:0x00000000  x3=0xfffffa2e
     265275.000 ns	     26526	80005ab4	02c172b3	remu	x5,x2,x12	  x2:0xf9972418 x12:0x00000000  x5=0xf9972418
     265305.000 ns	     26529	80005ab8	d00a30d3	fcvt.s.w	f1,x20	 x20:0x00000000  f1=0x00000000
     265345.000 ns	     26533	80005abc	580ac553	fsqrt.s	f10,f21	 f21:0xffc00000 f10=0x7fc00000
     265365.000 ns	     26535	80005ac0	669a6a13	ori	x20,x20,1641	 x20:0x00000000 x20=0x00000669
     265385.000 ns	     26537	80005ac4	2128abd3	fsgnjx.s	f23,f17,f18	 f17:0xe923d000 f18:0x00000000 f23=0xe923d000
     265415.000 ns	     26540	80005ac8	215c9b53	fsgnjn.s	f22,f25,f21	 f25:0x7fc00000 f21:0xffc00000 f22=0x7fc00000
     265435.000 ns	     26542	80005acc	40ce5713	srai	x14,x28,0xc	 x28:0x80040fe4 x14=0xfff80040
     265445.000 ns	     26543	80005ad0	40e553b3	sra	x7,x10,x14	 x10:0x00000000 x14:0x00000001  x7=0x00000000
     265455.000 ns	     26544	80005ad4	01021693	slli	x13,x4,0x10	  x4:0x00000000 x13=0x00000000
     265465.000 ns	     26545	80005ad8	00dafcb3	and	x25,x21,x13	 x21:0x00000000 x13:0xbf728000 x25=0x00000000
     265475.000 ns	     26546	80005adc	01ec9e93	slli	x29,x25,0x1e	 x25:0x00000000 x29=0x00000000
     265495.000 ns	     26548	80005ae0	d012f753	fcvt.s.wu	f14,x5	  x5:0xf9972418 f14=0x4f799724
     265525.000 ns	     26551	80005ae4	027fe033	rem	x0,x31,x7	 x31:0x89c4aa60  x7:0x00000000
     265555.000 ns	     26554	80005ae8	a0e81bd3	flt.s	x23,f16,f14	 f16:0x00000000 f14:0x4f799724 x23=0x00000001
     265585.000 ns	     26557	80005aec	21c010d3	fsgnjn.s	f1,f0,f28	  f0:0x4e5da485 f28:0xcefff7e0  f1=0x4e5da485
     265615.000 ns	     26560	80005af0	03aaeeb3	rem	x29,x21,x26	 x21:0x00000000 x26:0x00000000 x29=0x00000000
     265635.000 ns	     26562	80005af4	01241193	slli	x3,x8,0x12	  x8:0x00000000  x3=0x00000000
     265645.000 ns	     26563	80005af8	0189fdb3	and	x27,x19,x24	 x19:0xaa885000 x24:0xccb920c0 x27=0x88880000
     265655.000 ns	     26564	80005afc	01f28b33	add	x22,x5,x31	  x5:0xf9972418 x31:0x89c4aa60 x22=0x835bce78
     265665.000 ns	     26565	80005b00	e246e793	ori	x15,x13,-476	 x13:0x00000000 x15=0xfffffe24
     265675.000 ns	     26566	80005b04	0081b333	sltu	x6,x3,x8	  x3:0x00000000  x8:0x00000000  x6=0x00000000
     265685.000 ns	     26567	80005b08	00b91ab3	sll	x21,x18,x11	 x18:0x00000000 x11:0x80041024 x21=0x00000000
     265695.000 ns	     26568	80005b0c	01eda9b3	slt	x19,x27,x30	 x27:0x88880000 x30:0x000007a5 x19=0x00000001
     265715.000 ns	     26570	80005b10	021e98b3	mulh	x17,x29,x1	 x29:0x00000000  x1:0x00000000 x17=0x00000000
     266895.000 ns	     26688	80005b14	580a77d3	fsqrt.s	f15,f20	 f20:0x00000407 f15=0x1f350a36
     266915.000 ns	     26690	80005b18	00000013	addi	x0,x0,0	  x0:0x00000000
     266925.000 ns	     26691	80005b1c	00085013	srli	x0,x16,0x0	 x16:0x00000000
     266935.000 ns	     26692	80005b20	40325d93	srai	x27,x4,0x3	  x4:0x00000000 x27=0x00000000
     266955.000 ns	     26694	80005b24	03b3f933	remu	x18,x7,x27	  x7:0x00000000 x27:0x88880000 x18=0x00000000
     266985.000 ns	     26697	80005b28	20d21c53	fsgnjn.s	f24,f4,f13	  f4:0x3f800000 f13:0x00000000 f24=0xbf800000
     267015.000 ns	     26700	80005b2c	03f19633	mulh	x12,x3,x31	  x3:0x00000000 x31:0x89c4aa60 x12=0x00000000
     267045.000 ns	     26703	80005b30	e00802d3	fmv.x.w	x5,f16	 f16:0x00000000  x5=0x00000000
     267065.000 ns	     26705	80005b34	00232cb3	slt	x25,x6,x2	  x6:0x00000000  x2:0xf9972418 x25=0x00000000
     267075.000 ns	     26706	80005b38	7daf8813	addi	x16,x31,2010	 x31:0x89c4aa60 x16=0x89c4b23a
     267095.000 ns	     26708	80005b3c	c01b74d3	fcvt.wu.s	x9,f22	 f22:0x7fc00000  x9=0xffffffff
     267115.000 ns	     26710	80005b40	6d852213	slti	x4,x10,1752	 x10:0x00000000  x4=0x00000001
     267125.000 ns	     26711	80005b44	01b71493	slli	x9,x14,0x1b	 x14:0xfff80040  x9=0x00000000
     267145.000 ns	     26713	80005b48	29ef1153	fmax.s	f2,f30,f30	 f30:0x00000000 f30:0x00000000  f2=0x00000000
     267175.000 ns	     26716	80005b4c	e00b80d3	fmv.x.w	x1,f23	 f23:0xe923d000  x1=0xe923d000
     267545.000 ns	     26753	80005b50	03e14f33	div	x30,x2,x30	  x2:0xf9972418 x30:0x000007a5 x30=0xffff295b
     267585.000 ns	     26757	80005b54	18e33753	fdiv.s	f14,f6,f14	  f6:0xffc00000 f14:0x4f799724 f14=0x7fc00000
     267605.000 ns	     26759	80005b58	01f86433	or	x8,x16,x31	 x16:0x89c4b23a x31:0x89c4aa60  x8=0x89c4ba7a
     267615.000 ns	     26760	80005b5c	0a896893	ori	x17,x18,168	 x18:0x00000000 x17=0x000000a8
     267635.000 ns	     26762	80005b60	d01d72d3	fcvt.s.wu	f5,x26	 x26:0x00000000  f5=0x00000000
     267655.000 ns	     26764	80005b64	0191a2b3	slt	x5,x3,x25	  x3:0x00000000 x25:0x00000000  x5=0x00000000
     267685.000 ns	     26767	80005b68	580e0cd3	fsqrt.s	f25,f28	 f28:0xcefff7e0 f25=0x7fc00000
     267715.000 ns	     26770	80005b6c	e0009bd3	fclass.s	x23,f1	  f1:0x4e5da485 x23=0x00000040
     267745.000 ns	     26773	80005b70	e0099253	fclass.s	x4,f19	 f19:0x4e7e0000  x4=0x00000040
     267765.000 ns	     26775	80005b74	007b41b3	xor	x3,x22,x7	 x22:0x835bce78  x7:0x00000000  x3=0x835bce78
     267805.000 ns	     26779	80005b78	01d5fbd3	fadd.s	f23,f11,f29	 f11:0x4e5da485 f29:0x3f800000 f23=0x4e5da485
     267825.000 ns	     26781	80005b7c	01d4d813	srli	x16,x9,0x1d	  x9:0x00000000 x16=0x00000000
     267835.000 ns	     26782	80005b80	01664d33	xor	x26,x12,x22	 x12:0x00000000 x22:0x835bce78 x26=0x835bce78
     268195.000 ns	     26818	80005b84	0335c6b3	div	x13,x11,x19	 x11:0x80041024 x19:0x00000001 x13=0x80041024
     268215.000 ns	     26820	80005b88	e9147693	andi	x13,x8,-367	  x8:0x89c4ba7a x13=0x89c4ba10
     268225.000 ns	     26821	80005b8c	403adf93	srai	x31,x21,0x3	 x21:0x00000000 x31=0x00000000
     268245.000 ns	     26823	80005b90	29bb9d53	fmax.s	f26,f23,f27	 f23:0x4e5da485 f27:0x7fc00000 f26=0x4e5da485
     268265.000 ns	     26825	80005b94	4acbc513	xori	x10,x23,1196	 x23:0x00000040 x10=0x000004ec
     268275.000 ns	     26826	80005b98	3f078213	addi	x4,x15,1008	 x15:0xfffffe24  x4=0x00000214
     268305.000 ns	     26829	80005b9c	5803fcd3	fsqrt.s	f25,f7	  f7:0x7fc00000 f25=0x7fc00000
     268335.000 ns	     26832	80005ba0	28d71bd3	fmax.s	f23,f14,f13	 f14:0x7fc00000 f13:0x00000000 f23=0x00000000
     268355.000 ns	     26834	80005ba4	7a92e497	auipc	x9,0x7a92e	  x9=0xfa933ba4
     268395.000 ns	     26838	80005ba8	0082ff53	fadd.s	f30,f5,f8	  f5:0x00000000  f8:0x100df000 f30=0x100df000
     268415.000 ns	     26840	80005bac	00b13833	sltu	x16,x2,x11	  x2:0xf9972418 x11:0x80041024 x16=0x00000000
     268435.000 ns	     26842	80005bb0	e00589d3	fmv.x.w	x19,f11	 f11:0x4e5da485 x19=0x4e5da485
     268455.000 ns	     26844	80005bb4	01f88a33	add	x20,x17,x31	 x17:0x000000a8 x31:0x00000000 x20=0x000000a8
     268465.000 ns	     26845	80005bb8	01064cb3	xor	x25,x12,x16	 x12:0x00000000 x16:0x00000000 x25=0x00000000
     268485.000 ns	     26847	80005bbc	28e70dd3	fmin.s	f27,f14,f14	 f14:0x7fc00000 f14:0x7fc00000 f27=0x7fc00000
     268515.000 ns	     26850	80005bc0	d004fcd3	fcvt.s.w	f25,x9	  x9:0xfa933ba4 f25=0xccad988b
     268545.000 ns	     26853	80005bc4	a1fe2c53	feq.s	x24,f28,f31	 f28:0xcefff7e0 f31:0x7fc00000 x24=0x00000000
     268565.000 ns	     26855	80005bc8	00c1c533	xor	x10,x3,x12	  x3:0x835bce78 x12:0x00000000 x10=0x835bce78
     268895.000 ns	     26888	80005bcc	183645d3	fdiv.s	f11,f12,f3	 f12:0xbf800000  f3:0x3f800000 f11=0xbf7fff38
     268915.000 ns	     26890	80005bd0	40f55a33	sra	x20,x10,x15	 x10:0x000004ec x15:0xfffffe24 x20=0xf835bce7
     268935.000 ns	     26892	80005bd4	a04423d3	feq.s	x7,f8,f4	  f8:0x100df000  f4:0x3f800000  x7=0x00000000
     268965.000 ns	     26895	80005bd8	21119353	fsgnjn.s	f6,f3,f17	  f3:0x3f800000 f17:0xe923d000  f6=0x3f800000
     268995.000 ns	     26898	80005bdc	201e1cd3	fsgnjn.s	f25,f28,f1	 f28:0xcefff7e0  f1:0x4e5da485 f25=0xcefff7e0
     269015.000 ns	     26900	80005be0	8d13a513	slti	x10,x7,-1839	  x7:0x00000000 x10=0x00000000
     270185.000 ns	     27017	80005be4	58007cd3	fsqrt.s	f25,f0	  f0:0x4e5da485 f25=0x469cb99a
     270215.000 ns	     27020	80005be8	03e92cb3	mulhsu	x25,x18,x30	 x18:0x00000000 x30:0xffff295b x25=0x00000000
     270585.000 ns	     27057	80005bec	02b37fb3	remu	x31,x6,x11	  x6:0x00000000 x11:0x80041024 x31=0x00000000
     270605.000 ns	     27059	80005bf0	01750f33	add	x30,x10,x23	 x10:0x00000000 x23:0x00000040 x30=0x00000040
     270625.000 ns	     27061	80005bf4	28448153	fmin.s	f2,f9,f4	  f9:0x7fc00000  f4:0x3f800000  f2=0x3f800000
     270665.000 ns	     27065	80005bf8	19828753	fdiv.s	f14,f5,f24	  f5:0x00000000 f24:0xbf800000 f14=0x80000000
     270695.000 ns	     27068	80005bfc	a1878453	fle.s	x8,f15,f24	 f15:0x1f350a36 f24:0xbf800000  x8=0x00000000
     270715.000 ns	     27070	80005c00	0178c9b3	xor	x19,x17,x23	 x17:0x000000a8 x23:0x00000040 x19=0x000000e8
     270725.000 ns	     27071	80005c04	00b7b0b3	sltu	x1,x15,x11	 x15:0xfffffe24 x11:0x80041024  x1=0x00000000
     270745.000 ns	     27073	80005c08	03ddcb33	div	x22,x27,x29	 x27:0x00000000 x29:0x00000000 x22=0xffffffff
     270765.000 ns	     27075	80005c0c	0040ebb3	or	x23,x1,x4	  x1:0xe923d000  x4:0x00000214 x23=0x00000214
     271125.000 ns	     27111	80005c10	034b46b3	div	x13,x22,x20	 x22:0xffffffff x20:0xf835bce7 x13=0x00000000
     271145.000 ns	     27113	80005c14	01e11c93	slli	x25,x2,0x1e	  x2:0xf9972418 x25=0x00000000
     271165.000 ns	     27115	80005c18	c01276d3	fcvt.wu.s	x13,f4	  f4:0x3f800000 x13=0x00000001
     271185.000 ns	     27117	80005c1c	4011ddb3	sra	x27,x3,x1	  x3:0x835bce78  x1:0x00000000 x27=0x835bce78
     271205.000 ns	     27119	80005c20	20eb02d3	fsgnj.s	f5,f22,f14	 f22:0x7fc00000 f14:0x80000000  f5=0xffc00000
     271235.000 ns	     27122	80005c24	210f8253	fsgnj.s	f4,f31,f16	 f31:0x7fc00000 f16:0x00000000  f4=0x7fc00000
     271255.000 ns	     27124	80005c28	019310b3	sll	x1,x6,x25	  x6:0x00000000 x25:0x00000000  x1=0x00000000
     271265.000 ns	     27125	80005c2c	50f84613	xori	x12,x16,1295	 x16:0x00000000 x12=0x0000050f
     271275.000 ns	     27126	80005c30	0169e233	or	x4,x19,x22	 x19:0x000000e8 x22:0xffffffff  x4=0xffffffff
     271285.000 ns	     27127	80005c34	014867b3	or	x15,x16,x20	 x16:0x00000000 x20:0xf835bce7 x15=0xf835bce7
     271315.000 ns	     27130	80005c38	580637d3	fsqrt.s	f15,f12	 f12:0xbf800000 f15=0x7fc00000
     272455.000 ns	     27244	80005c3c	580cf5d3	fsqrt.s	f11,f25	 f25:0x469cb99a f11=0x430da2ab
     272475.000 ns	     27246	80005c40	00000013	addi	x0,x0,0	  x0:0x00000000
     272485.000 ns	     27247	80005c44	4bbd7c93	andi	x25,x26,1211	 x26:0x835bce78 x25=0x00000438
     272505.000 ns	     27249	80005c48	e00f08d3	fmv.x.w	x17,f30	 f30:0x100df000 x17=0x100df000
     272535.000 ns	     27252	80005c4c	e00e86d3	fmv.x.w	x13,f29	 f29:0x3f800000 x13=0x3f800000
     272575.000 ns	     27256	80005c50	10497ed3	fmul.s	f29,f18,f4	 f18:0x00000000  f4:0x7fc00000 f29=0x7fc00000
     272605.000 ns	     27259	80005c54	021ebd33	mulhu	x26,x29,x1	 x29:0x00000000  x1:0x00000000 x26=0x00000000
     272645.000 ns	     27263	80005c58	112d7ad3	fmul.s	f21,f26,f18	 f26:0x4e5da485 f18:0x00000000 f21=0x00000000
     272675.000 ns	     27266	80005c5c	f0028bd3	fmv.w.x	f23,x5	  x5:0x00000000 f23=0x00000000
     272715.000 ns	     27270	80005c60	189a4153	fdiv.s	f2,f20,f9	 f20:0x00000407  f9:0x7fc00000  f2=0x7fc00000
     272735.000 ns	     27272	80005c64	00000013	addi	x0,x0,0	  x0:0x00000000
     272755.000 ns	     27274	80005c68	e0050cd3	fmv.x.w	x25,f10	 f10:0x7fc00000 x25=0x7fc00000
     272785.000 ns	     27277	80005c6c	0259e0b3	rem	x1,x19,x5	 x19:0x000000e8  x5:0x00000000  x1=0x000000e8
     272815.000 ns	     27280	80005c70	28590ad3	fmin.s	f21,f18,f5	 f18:0x00000000  f5:0xffc00000 f21=0x00000000
     272845.000 ns	     27283	80005c74	c01b7253	fcvt.wu.s	x4,f22	 f22:0x7fc00000  x4=0xffffffff
     272865.000 ns	     27285	80005c78	0015a733	slt	x14,x11,x1	 x11:0x80041024  x1:0x000000e8 x14=0x00000001
     272875.000 ns	     27286	80005c7c	a11c8d13	addi	x26,x25,-1519	 x25:0x7fc00000 x26=0x7fbffa11
     272885.000 ns	     27287	80005c80	000b56b3	srl	x13,x22,x0	 x22:0xffffffff  x0:0x00000000 x13=0xffffffff
     272915.000 ns	     27290	80005c84	104fc2d3	fmul.s	f5,f31,f4	 f31:0x7fc00000  f4:0x7fc00000  f5=0x7fc00000
     272935.000 ns	     27292	80005c88	d4a9f813	andi	x16,x19,-694	 x19:0x000000e8 x16=0x00000048
     272945.000 ns	     27293	80005c8c	9213f713	andi	x14,x7,-1759	  x7:0x00000000 x14=0x00000000
     272955.000 ns	     27294	80005c90	c8577a93	andi	x21,x14,-891	 x14:0x00000001 x21=0x00000000
     272965.000 ns	     27295	80005c94	011cdd93	srli	x27,x25,0x11	 x25:0x7fc00000 x27=0x00003fe0
     272985.000 ns	     27297	80005c98	c00c79d3	fcvt.w.s	x19,f24	 f24:0xbf800000 x19=0x00000001
     273015.000 ns	     27300	80005c9c	f00409d3	fmv.w.x	f19,x8	  x8:0x00000000 f19=0x00000000
     273045.000 ns	     27303	80005ca0	d018f4d3	fcvt.s.wu	f9,x17	 x17:0x100df000  f9=0x4d806f80
     273075.000 ns	     27306	80005ca4	20aa9453	fsgnjn.s	f8,f21,f10	 f21:0x00000000 f10:0x7fc00000  f8=0x80000000
     273095.000 ns	     27308	80005ca8	01488db3	add	x27,x17,x20	 x17:0x100df000 x20:0xf835bce7 x27=0x0843ace7
     273105.000 ns	     27309	80005cac	482e4493	xori	x9,x28,1154	 x28:0x80040fe4  x9=0x80040b66
     273115.000 ns	     27310	80005cb0	01d0a2b3	slt	x5,x1,x29	  x1:0x000000e8 x29:0x00000000  x5=0x00000000
     273125.000 ns	     27311	80005cb4	01d63833	sltu	x16,x12,x29	 x12:0x0000050f x29:0x00000000 x16=0x00000000
     273135.000 ns	     27312	80005cb8	01b0da93	srli	x21,x1,0x1b	  x1:0x000000e8 x21=0x00000000
     273145.000 ns	     27313	80005cbc	00bb5d13	srli	x26,x22,0xb	 x22:0xffffffff x26=0x001fffff
     273165.000 ns	     27315	80005cc0	02ea79b3	remu	x19,x20,x14	 x20:0xf835bce7 x14:0x00000000 x19=0xf835bce7
     273195.000 ns	     27318	80005cc4	020af3b3	remu	x7,x21,x0	 x21:0x00000000  x0:0x00000000  x7=0x00000000
     273215.000 ns	     27320	80005cc8	004e5eb3	srl	x29,x28,x4	 x28:0x80040fe4  x4:0xffffffff x29=0x00000001
     273225.000 ns	     27321	80005ccc	00588ab3	add	x21,x17,x5	 x17:0x100df000  x5:0x00000000 x21=0x100df000
     273255.000 ns	     27324	80005cd0	11e77a53	fmul.s	f20,f14,f30	 f14:0x80000000 f30:0x100df000 f20=0x80000000
     273275.000 ns	     27326	80005cd4	00000013	addi	x0,x0,0	  x0:0x00000000
     273295.000 ns	     27328	80005cd8	212d09d3	fsgnj.s	f19,f26,f18	 f26:0x4e5da485 f18:0x00000000 f19=0x4e5da485
     273315.000 ns	     27330	80005cdc	0068c9b3	xor	x19,x17,x6	 x17:0x100df000  x6:0x00000000 x19=0x100df000
     273325.000 ns	     27331	80005ce0	247df013	andi	x0,x27,583	 x27:0x0843ace7
     273355.000 ns	     27334	80005ce4	1929b7d3	fdiv.s	f15,f19,f18	 f19:0x4e5da485 f18:0x00000000 f15=0x7f800000
     273725.000 ns	     27371	80005ce8	02295eb3	divu	x29,x18,x2	 x18:0x00000000  x2:0xf9972418 x29=0x00000000
     273745.000 ns	     27373	80005cec	003eb633	sltu	x12,x29,x3	 x29:0x00000001  x3:0x835bce78 x12=0x00000001
     273765.000 ns	     27375	80005cf0	a09f9a53	flt.s	x20,f31,f9	 f31:0x7fc00000  f9:0x4d806f80 x20=0x00000000
     274945.000 ns	     27493	80005cf4	58007853	fsqrt.s	f16,f0	  f0:0x4e5da485 f16=0x469cb99a
     274975.000 ns	     27496	80005cf8	20062053	fsgnjx.s	f0,f12,f0	 f12:0xbf800000  f0:0x4e5da485  f0=0xbf800000
     274995.000 ns	     27498	80005cfc	9bd7e913	ori	x18,x15,-1603	 x15:0xf835bce7 x18=0xfffffdff
     275005.000 ns	     27499	80005d00	40945493	srai	x9,x8,0x9	  x8:0x00000000  x9=0x00000000
     275025.000 ns	     27501	80005d04	d0167d53	fcvt.s.wu	f26,x12	 x12:0x00000001 f26=0x3f800000
     275045.000 ns	     27503	80005d08	40b65033	sra	x0,x12,x11	 x12:0x00000001 x11:0x80041024
     275055.000 ns	     27504	80005d0c	2d7a6a37	lui	x20,0x2d7a6	 x20=0x2d7a6000
     275065.000 ns	     27505	80005d10	0046d9b3	srl	x19,x13,x4	 x13:0xffffffff  x4:0xffffffff x19=0x00000001
     275085.000 ns	     27507	80005d14	020e12b3	mulh	x5,x28,x0	 x28:0x80040fe4  x0:0x00000000  x5=0x00000000
     275105.000 ns	     27509	80005d18	01e6ad33	slt	x26,x13,x30	 x13:0xffffffff x30:0x00000040 x26=0x00000001
     275125.000 ns	     27511	80005d1c	e00f04d3	fmv.x.w	x9,f30	 f30:0x100df000  x9=0x100df000
     275145.000 ns	     27513	80005d20	00000013	addi	x0,x0,0	  x0:0x00000000
     275165.000 ns	     27515	80005d24	d00f3cd3	fcvt.s.w	f25,x30	 x30:0x00000040 f25=0x42800000
     275215.000 ns	     27520	80005d28	0942bd53	fsub.s	f26,f5,f20	  f5:0x7fc00000 f20:0x80000000 f26=0x7fc00000
     275245.000 ns	     27523	80005d2c	f00e0353	fmv.w.x	f6,x28	 x28:0x80040fe4  f6=0x80040fe4
     275275.000 ns	     27526	80005d30	0209cfb3	div	x31,x19,x0	 x19:0x00000001  x0:0x00000000 x31=0xffffffff
     275295.000 ns	     27528	80005d34	00cd4fb3	xor	x31,x26,x12	 x26:0x00000001 x12:0x00000001 x31=0x00000000
     276465.000 ns	     27645	80005d38	580c8e53	fsqrt.s	f28,f25	 f25:0x42800000 f28=0x40ffffae
     276505.000 ns	     27649	80005d3c	1963f453	fdiv.s	f8,f7,f22	  f7:0x7fc00000 f22:0x7fc00000  f8=0x7fc00000
     276525.000 ns	     27651	80005d40	55994c17	auipc	x24,0x55994	 x24=0xd5999d40
     276535.000 ns	     27652	80005d44	00000013	addi	x0,x0,0	  x0:0x00000000
     276895.000 ns	     27688	80005d48	03764733	div	x14,x12,x23	 x12:0x00000001 x23:0x00000214 x14=0x00000000
     276935.000 ns	     27692	80005d4c	5802a753	fsqrt.s	f14,f5	  f5:0x7fc00000 f14=0x7fc00000
     276955.000 ns	     27694	80005d50	e5cf0b93	addi	x23,x30,-420	 x30:0x00000040 x23=0xfffffe9c
     276995.000 ns	     27698	80005d54	09909e53	fsub.s	f28,f1,f25	  f1:0x4e5da485 f25:0x42800000 f28=0x4e5da484
     277015.000 ns	     27700	80005d58	414959b3	sra	x19,x18,x20	 x18:0xfffffdff x20:0x2d7a6000 x19=0xfffffdff
     277025.000 ns	     27701	80005d5c	01c25513	srli	x10,x4,0x1c	  x4:0xffffffff x10=0x0000000f
     277045.000 ns	     27703	80005d60	a12aaf53	feq.s	x30,f21,f18	 f21:0x00000000 f18:0x00000000 x30=0x00000001
     277385.000 ns	     27737	80005d64	1930c853	fdiv.s	f16,f1,f19	  f1:0x4e5da485 f19:0x4e5da485 f16=0x3f5da486
     277415.000 ns	     27740	80005d68	d01580d3	fcvt.s.wu	f1,x11	 x11:0x80041024  f1=0x4f000410
     277435.000 ns	     27742	80005d6c	ccc3f413	andi	x8,x7,-820	  x7:0x00000000  x8=0x00000000
     277445.000 ns	     27743	80005d70	01bafcb3	and	x25,x21,x27	 x21:0x100df000 x27:0x0843ace7 x25=0x0001a000
     277465.000 ns	     27745	80005d74	d00cb1d3	fcvt.s.w	f3,x25	 x25:0x7fc00000  f3=0x47d00000
     277485.000 ns	     27747	80005d78	4032d433	sra	x8,x5,x3	  x5:0x00000000  x3:0x835bce78  x8=0x00000000
     277495.000 ns	     27748	80005d7c	00959a33	sll	x20,x11,x9	 x11:0x80041024  x9:0x100df000 x20=0x80041024
     277505.000 ns	     27749	80005d80	40b9d793	srai	x15,x19,0xb	 x19:0xfffffdff x15=0xffffffff
     277515.000 ns	     27750	80005d84	01a03033	sltu	x0,x0,x26	  x0:0x00000000 x26:0x00000001
     277535.000 ns	     27752	80005d88	c016fdd3	fcvt.wu.s	x27,f13	 f13:0x00000000 x27=0x00000000
     277555.000 ns	     27754	80005d8c	008f9f93	slli	x31,x31,0x8	 x31:0x00000000 x31=0x00000000
     277575.000 ns	     27756	80005d90	038cbbb3	mulhu	x23,x25,x24	 x25:0x0001a000 x24:0xd5999d40 x23=0x00015b19
     277945.000 ns	     27793	80005d94	024d4bb3	div	x23,x26,x4	 x26:0x00000001  x4:0xffffffff x23=0xffffffff
     278315.000 ns	     27830	80005d98	029df433	remu	x8,x27,x9	 x27:0x00000000  x9:0x100df000  x8=0x00000000
     278345.000 ns	     27833	80005d9c	a0511dd3	flt.s	x27,f2,f5	  f2:0x7fc00000  f5:0x7fc00000 x27=0x00000000
     278365.000 ns	     27835	80005da0	00e45793	srli	x15,x8,0xe	  x8:0x00000000 x15=0x00000000
     278385.000 ns	     27837	80005da4	20b79453	fsgnjn.s	f8,f15,f11	 f15:0x7f800000 f11:0x430da2ab  f8=0xff800000
     278405.000 ns	     27839	80005da8	01541d33	sll	x26,x8,x21	  x8:0x00000000 x21:0x100df000 x26=0x00000000
     278425.000 ns	     27841	80005dac	0262a2b3	mulhsu	x5,x5,x6	  x5:0x00000000  x6:0x00000000  x5=0x00000000
     278445.000 ns	     27843	80005db0	00c630b3	sltu	x1,x12,x12	 x12:0x00000001 x12:0x00000001  x1=0x00000000
     278455.000 ns	     27844	80005db4	013fd533	srl	x10,x31,x19	 x31:0x00000000 x19:0xfffffdff x10=0x00000000
     278485.000 ns	     27847	80005db8	10ab11d3	fmul.s	f3,f22,f10	 f22:0x7fc00000 f10:0x7fc00000  f3=0x7fc00000
     278505.000 ns	     27849	80005dbc	0157c2b3	xor	x5,x15,x21	 x15:0x00000000 x21:0x100df000  x5=0x100df000
     278525.000 ns	     27851	80005dc0	29ce11d3	fmax.s	f3,f28,f28	 f28:0x4e5da484 f28:0x4e5da484  f3=0x4e5da484
     278555.000 ns	     27854	80005dc4	290412d3	fmax.s	f5,f8,f16	  f8:0xff800000 f16:0x3f5da486  f5=0x3f5da486
     278585.000 ns	     27857	80005dc8	e0069453	fclass.s	x8,f13	 f13:0x00000000  x8=0x00000010
     278605.000 ns	     27859	80005dcc	010dd533	srl	x10,x27,x16	 x27:0x00000000 x16:0x00000000 x10=0x00000000
     278615.000 ns	     27860	80005dd0	00095d13	srli	x26,x18,0x0	 x18:0xfffffdff x26=0xfffffdff
     278625.000 ns	     27861	80005dd4	00400933	add	x18,x0,x4	  x0:0x00000000  x4:0xffffffff x18=0xffffffff
     278645.000 ns	     27863	80005dd8	e00118d3	fclass.s	x17,f2	  f2:0x7fc00000 x17=0x00000200
     278665.000 ns	     27865	80005ddc	01411913	slli	x18,x2,0x14	  x2:0xf9972418 x18=0x41800000
     278675.000 ns	     27866	80005de0	04446937	lui	x18,0x4446	 x18=0x04446000
     279035.000 ns	     27902	80005de4	0392c833	div	x16,x5,x25	  x5:0x100df000 x25:0x0001a000 x16=0x000009e1
     279055.000 ns	     27904	80005de8	40778c33	sub	x24,x15,x7	 x15:0x00000000  x7:0x00000000 x24=0x00000000
     279085.000 ns	     27907	80005dec	11a6ff53	fmul.s	f30,f13,f26	 f13:0x00000000 f26:0x7fc00000 f30=0x7fc00000
     279115.000 ns	     27910	80005df0	20c8a3d3	fsgnjx.s	f7,f17,f12	 f17:0xe923d000 f12:0xbf800000  f7=0x6923d000
     279155.000 ns	     27914	80005df4	1171fdd3	fmul.s	f27,f3,f23	  f3:0x4e5da484 f23:0x00000000 f27=0x00000000
     279185.000 ns	     27917	80005df8	02ee14b3	mulh	x9,x28,x14	 x28:0x80040fe4 x14:0x00000000  x9=0x00000000
     279205.000 ns	     27919	80005dfc	019f8ab3	add	x21,x31,x25	 x31:0x00000000 x25:0x0001a000 x21=0x0001a000
     279225.000 ns	     27921	80005e00	a13cafd3	feq.s	x31,f25,f19	 f25:0x42800000 f19:0x4e5da485 x31=0x00000000
     279265.000 ns	     27925	80005e04	580b9dd3	fsqrt.s	f27,f23	 f23:0x00000000 f27=0x00000000
     279295.000 ns	     27928	80005e08	e00092d3	fclass.s	x5,f1	  f1:0x4f000410  x5=0x00000040
     279345.000 ns	     27933	80005e0c	08484dd3	fsub.s	f27,f16,f4	 f16:0x3f5da486  f4:0x7fc00000 f27=0x7fc00000
     279365.000 ns	     27935	80005e10	0003ab33	slt	x22,x7,x0	  x7:0x00000000  x0:0x00000000 x22=0x00000000
     279375.000 ns	     27936	80005e14	40f682b3	sub	x5,x13,x15	 x13:0xffffffff x15:0x00000000  x5=0xffffffff
     279395.000 ns	     27938	80005e18	288a0d53	fmin.s	f26,f20,f8	 f20:0x80000000  f8:0xff800000 f26=0xff800000
     279415.000 ns	     27940	80005e1c	00addb13	srli	x22,x27,0xa	 x27:0x00000000 x22=0x00000000
     279435.000 ns	     27942	80005e20	037d31b3	mulhu	x3,x26,x23	 x26:0xfffffdff x23:0xffffffff  x3=0xfffffdfe
     279465.000 ns	     27945	80005e24	280c9e53	fmax.s	f28,f25,f0	 f25:0x42800000  f0:0xbf800000 f28=0x42800000
     279495.000 ns	     27948	80005e28	033f01b3	mul	x3,x30,x19	 x30:0x00000001 x19:0xfffffdff  x3=0xfffffdff
     279515.000 ns	     27950	80005e2c	6246a513	slti	x10,x13,1572	 x13:0xffffffff x10=0x00000001
     279535.000 ns	     27952	80005e30	21470bd3	fsgnj.s	f23,f14,f20	 f14:0x7fc00000 f20:0x80000000 f23=0xffc00000
     279565.000 ns	     27955	80005e34	f00a05d3	fmv.w.x	f11,x20	 x20:0x80041024 f11=0x80041024
     279585.000 ns	     27957	80005e38	91ee9b17	auipc	x22,0x91ee9	 x22=0x11eeee38
     279605.000 ns	     27959	80005e3c	e00217d3	fclass.s	x15,f4	  f4:0x7fc00000 x15=0x00000200
     279625.000 ns	     27961	80005e40	0017bbb3	sltu	x23,x15,x1	 x15:0x00000000  x1:0x00000000 x23=0x00000000
     279635.000 ns	     27962	80005e44	0128ccb3	xor	x25,x17,x18	 x17:0x00000200 x18:0x04446000 x25=0x04446200
     279655.000 ns	     27964	80005e48	020b58b3	divu	x17,x22,x0	 x22:0x11eeee38  x0:0x00000000 x17=0xffffffff
     279705.000 ns	     27969	80005e4c	08097653	fsub.s	f12,f18,f0	 f18:0x00000000  f0:0xbf800000 f12=0x3f800000
     279735.000 ns	     27972	80005e50	213180d3	fsgnj.s	f1,f3,f19	  f3:0x4e5da484 f19:0x4e5da485  f1=0x4e5da484
     279765.000 ns	     27975	80005e54	03fed7b3	divu	x15,x29,x31	 x29:0x00000000 x31:0x00000000 x15=0xffffffff
     279785.000 ns	     27977	80005e58	57f18ab7	lui	x21,0x57f18	 x21=0x57f18000
     279805.000 ns	     27979	80005e5c	d0131bd3	fcvt.s.wu	f23,x6	  x6:0x00000000 f23=0x00000000
     279835.000 ns	     27982	80005e60	28e683d3	fmin.s	f7,f13,f14	 f13:0x00000000 f14:0x7fc00000  f7=0x00000000
     279855.000 ns	     27984	80005e64	01a1da93	srli	x21,x3,0x1a	  x3:0xfffffdff x21=0x0000003f
     279865.000 ns	     27985	80005e68	00d41913	slli	x18,x8,0xd	  x8:0x00000010 x18=0x00020000
     279875.000 ns	     27986	80005e6c	01987333	and	x6,x16,x25	 x16:0x000009e1 x25:0x04446200  x6=0x00000000
     279895.000 ns	     27988	80005e70	034139b3	mulhu	x19,x2,x20	  x2:0xf9972418 x20:0x80041024 x19=0x7ccf8825
     279915.000 ns	     27990	80005e74	002f0b33	add	x22,x30,x2	 x30:0x00000001  x2:0xf9972418 x22=0xf9972419
     279935.000 ns	     27992	80005e78	a004a053	feq.s	x0,f9,f0	  f9:0x4d806f80  f0:0xbf800000
     279965.000 ns	     27995	80005e7c	0260ddb3	divu	x27,x1,x6	  x1:0x00000000  x6:0x00000000 x27=0xffffffff
     279985.000 ns	     27997	80005e80	40a24293	xori	x5,x4,1034	  x4:0xffffffff  x5=0xfffffbf5
     280015.000 ns	     28000	80005e84	58071653	fsqrt.s	f12,f14	 f14:0x7fc00000 f12=0x7fc00000
     280035.000 ns	     28002	80005e88	40c45893	srai	x17,x8,0xc	  x8:0x00000010 x17=0x00000000
     280055.000 ns	     28004	80005e8c	c010f253	fcvt.wu.s	x4,f1	  f1:0x4e5da484  x4=0x37692100
     280075.000 ns	     28006	80005e90	224fa337	lui	x6,0x224fa	  x6=0x224fa000
     280095.000 ns	     28008	80005e94	20b68e53	fsgnj.s	f28,f13,f11	 f13:0x00000000 f11:0x80041024 f28=0x80000000
     280135.000 ns	     28012	80005e98	102cf353	fmul.s	f6,f25,f2	 f25:0x42800000  f2:0x7fc00000  f6=0x7fc00000
     280175.000 ns	     28016	80005e9c	19e32753	fdiv.s	f14,f6,f30	  f6:0x80040fe4 f30:0x7fc00000 f14=0x7fc00000
     280545.000 ns	     28053	80005ea0	0255cf33	div	x30,x11,x5	 x11:0x80041024  x5:0xfffffbf5 x30=0x001fa7ee
     280575.000 ns	     28056	80005ea4	28009dd3	fmax.s	f27,f1,f0	  f1:0x4e5da484  f0:0xbf800000 f27=0x4e5da484
     280595.000 ns	     28058	80005ea8	01d8d293	srli	x5,x17,0x1d	 x17:0x00000000  x5=0x00000000
     280605.000 ns	     28059	80005eac	002a1bb3	sll	x23,x20,x2	 x20:0x80041024  x2:0xf9972418 x23=0x24000000
     280615.000 ns	     28060	80005eb0	01670db3	add	x27,x14,x22	 x14:0x00000000 x22:0xf9972419 x27=0xf9972419
     280625.000 ns	     28061	80005eb4	00d5ad33	slt	x26,x11,x13	 x11:0x80041024 x13:0xffffffff x26=0x00000001
     280645.000 ns	     28063	80005eb8	029ac4b3	div	x9,x21,x9	 x21:0x0000003f  x9:0x00000000  x9=0xffffffff
     280665.000 ns	     28065	80005ebc	1a3c0793	addi	x15,x24,419	 x24:0x00000000 x15=0x000001a3
     280685.000 ns	     28067	80005ec0	03ae2bb3	mulhsu	x23,x28,x26	 x28:0x80040fe4 x26:0x00000001 x23=0xffffffff
     280705.000 ns	     28069	80005ec4	00662c33	slt	x24,x12,x6	 x12:0x00000001  x6:0x224fa000 x24=0x00000001
     280725.000 ns	     28071	80005ec8	a1c51d53	flt.s	x26,f10,f28	 f10:0x7fc00000 f28:0x80000000 x26=0x00000000
     280755.000 ns	     28074	80005ecc	20aba753	fsgnjx.s	f14,f23,f10	 f23:0x00000000 f10:0x7fc00000 f14=0x00000000
     280785.000 ns	     28077	80005ed0	28fe9753	fmax.s	f14,f29,f15	 f29:0x7fc00000 f15:0x7f800000 f14=0x7f800000
     280805.000 ns	     28079	80005ed4	008b1f93	slli	x31,x22,0x8	 x22:0xf9972419 x31=0x97241900
     280825.000 ns	     28081	80005ed8	d0114053	fcvt.s.wu	f0,x2	  x2:0xf9972418  f0=0x4f799724
     280845.000 ns	     28083	80005edc	41770333	sub	x6,x14,x23	 x14:0x00000000 x23:0xffffffff  x6=0x00000001
     280855.000 ns	     28084	80005ee0	40a0d1b3	sra	x3,x1,x10	  x1:0x00000000 x10:0x00000001  x3=0x00000000
     281215.000 ns	     28120	80005ee4	035ae3b3	rem	x7,x21,x21	 x21:0x0000003f x21:0x0000003f  x7=0x00000000
     281245.000 ns	     28123	80005ee8	c01c9453	fcvt.wu.s	x8,f25	 f25:0x42800000  x8=0x00000040
     281275.000 ns	     28126	80005eec	20f38ad3	fsgnj.s	f21,f7,f15	  f7:0x00000000 f15:0x7f800000 f21=0x00000000
     281295.000 ns	     28128	80005ef0	008fb833	sltu	x16,x31,x8	 x31:0x97241900  x8:0x00000040 x16=0x00000000
     281305.000 ns	     28129	80005ef4	409b5b33	sra	x22,x22,x9	 x22:0xf9972419  x9:0xffffffff x22=0xffffffff
     281325.000 ns	     28131	80005ef8	292b1953	fmax.s	f18,f22,f18	 f22:0x7fc00000 f18:0x00000000 f18=0x00000000
     281345.000 ns	     28133	80005efc	00335b93	srli	x23,x6,0x3	  x6:0x00000001 x23=0x00000000
     281705.000 ns	     28169	80005f00	03bac3b3	div	x7,x21,x27	 x21:0x0000003f x27:0xf9972419  x7=0x00000000
     282075.000 ns	     28206	80005f04	03c96333	rem	x6,x18,x28	 x18:0x00020000 x28:0x80040fe4  x6=0x00020000
     282105.000 ns	     28209	80005f08	28ad89d3	fmin.s	f19,f27,f10	 f27:0x4e5da484 f10:0x7fc00000 f19=0x4e5da484
     282125.000 ns	     28211	80005f0c	acd70093	addi	x1,x14,-1331	 x14:0x00000000  x1=0xfffffacd
     282135.000 ns	     28212	80005f10	6f7fc293	xori	x5,x31,1783	 x31:0x97241900  x5=0x97241ff7
     282175.000 ns	     28216	80005f14	0195a5d3	fadd.s	f11,f11,f25	 f11:0x80041024 f25:0x42800000 f11=0x42800000
     282215.000 ns	     28220	80005f18	195ecf53	fdiv.s	f30,f29,f21	 f29:0x7fc00000 f21:0x00000000 f30=0x7fc00000
     282555.000 ns	     28254	80005f1c	193df253	fdiv.s	f4,f27,f19	 f27:0x4e5da484 f19:0x4e5da484  f4=0x3f5da484
     282575.000 ns	     28256	80005f20	00000013	addi	x0,x0,0	  x0:0x00000000
     282595.000 ns	     28258	80005f24	032ab3b3	mulhu	x7,x21,x18	 x21:0x0000003f x18:0x00020000  x7=0x00000000
     282615.000 ns	     28260	80005f28	01779f13	slli	x30,x15,0x17	 x15:0x000001a3 x30=0xd1800000
     282625.000 ns	     28261	80005f2c	000084b3	add	x9,x1,x0	  x1:0xfffffacd  x0:0x00000000  x9=0xfffffacd
     282635.000 ns	     28262	80005f30	00000013	addi	x0,x0,0	  x0:0x00000000
     282655.000 ns	     28264	80005f34	d016b7d3	fcvt.s.wu	f15,x13	 x13:0xffffffff f15=0x4f800000
     282675.000 ns	     28266	80005f38	416dd733	sra	x14,x27,x22	 x27:0xf9972419 x22:0xffffffff x14=0xffffffff
     282685.000 ns	     28267	80005f3c	01c2d513	srli	x10,x5,0x1c	  x5:0x97241ff7 x10=0x00000009
     282705.000 ns	     28269	80005f40	a173a553	feq.s	x10,f7,f23	  f7:0x00000000 f23:0x00000000 x10=0x00000001
     282725.000 ns	     28271	80005f44	40db5b33	sra	x22,x22,x13	 x22:0xffffffff x13:0xffffffff x22=0xffffffff
     282735.000 ns	     28272	80005f48	01395d33	srl	x26,x18,x19	 x18:0x00020000 x19:0x7ccf8825 x26=0x00001000
     282745.000 ns	     28273	80005f4c	00eed493	srli	x9,x29,0xe	 x29:0x00000000  x9=0x00000000
     282755.000 ns	     28274	80005f50	70176213	ori	x4,x14,1793	 x14:0xffffffff  x4=0xffffffff
     282775.000 ns	     28276	80005f54	c00089d3	fcvt.w.s	x19,f1	  f1:0x4e5da484 x19=0x37692100
     282795.000 ns	     28278	80005f58	0014f433	and	x8,x9,x1	  x9:0x00000000  x1:0xfffffacd  x8=0x00000000
     282815.000 ns	     28280	80005f5c	d0017c53	fcvt.s.w	f24,x2	  x2:0xf9972418 f24=0xcccd1b7d
     282835.000 ns	     28282	80005f60	002a8eb3	add	x29,x21,x2	 x21:0x0000003f  x2:0xf9972418 x29=0xf9972457
     282855.000 ns	     28284	80005f64	0260a933	mulhsu	x18,x1,x6	  x1:0xfffffacd  x6:0x00020000 x18=0xffffffff
     282885.000 ns	     28287	80005f68	d006f553	fcvt.s.w	f10,x13	 x13:0xffffffff f10=0xbf800000
     282905.000 ns	     28289	80005f6c	01309013	slli	x0,x1,0x13	  x1:0xfffffacd
     282915.000 ns	     28290	80005f70	01351a33	sll	x20,x10,x19	 x10:0x00000001 x19:0x37692100 x20=0x00000001
     282925.000 ns	     28291	80005f74	00000013	addi	x0,x0,0	  x0:0x00000000
     282945.000 ns	     28293	80005f78	28319153	fmax.s	f2,f3,f3	  f3:0x4e5da484  f3:0x4e5da484  f2=0x4e5da484
     282965.000 ns	     28295	80005f7c	d1127693	andi	x13,x4,-751	  x4:0xffffffff x13=0xfffffd11
     282985.000 ns	     28297	80005f80	29099153	fmax.s	f2,f19,f16	 f19:0x4e5da484 f16:0x3f5da486  f2=0x4e5da484
     283005.000 ns	     28299	80005f84	00074fb3	xor	x31,x14,x0	 x14:0xffffffff  x0:0x00000000 x31=0xffffffff
     283015.000 ns	     28300	80005f88	00a5beb3	sltu	x29,x11,x10	 x11:0x80041024 x10:0x00000001 x29=0x00000000
     283035.000 ns	     28302	80005f8c	a15c88d3	fle.s	x17,f25,f21	 f25:0x42800000 f21:0x00000000 x17=0x00000000
     283065.000 ns	     28305	80005f90	029b1eb3	mulh	x29,x22,x9	 x22:0xffffffff  x9:0x00000000 x29=0x00000000
     283095.000 ns	     28308	80005f94	03eebeb3	mulhu	x29,x29,x30	 x29:0x00000000 x30:0xd1800000 x29=0x00000000
     283115.000 ns	     28310	80005f98	995c1a37	lui	x20,0x995c1	 x20=0x995c1000
     283125.000 ns	     28311	80005f9c	a6652613	slti	x12,x10,-1434	 x10:0x00000001 x12=0x00000000
     283135.000 ns	     28312	80005fa0	407e5993	srai	x19,x28,0x7	 x28:0x80040fe4 x19=0xff00081f
     283145.000 ns	     28313	80005fa4	6f8f4493	xori	x9,x30,1784	 x30:0xd1800000  x9=0xd18006f8
     283505.000 ns	     28349	80005fa8	02495ab3	divu	x21,x18,x4	 x18:0xffffffff  x4:0xffffffff x21=0x00000001
     283535.000 ns	     28352	80005fac	a15a89d3	fle.s	x19,f21,f21	 f21:0x00000000 f21:0x00000000 x19=0x00000001
     283555.000 ns	     28354	80005fb0	40a80933	sub	x18,x16,x10	 x16:0x00000000 x10:0x00000001 x18=0xffffffff
     283575.000 ns	     28356	80005fb4	e00883d3	fmv.x.w	x7,f17	 f17:0xe923d000  x7=0xe923d000
     283605.000 ns	     28359	80005fb8	c011f3d3	fcvt.wu.s	x7,f3	  f3:0x4e5da484  x7=0x37692100
     283635.000 ns	     28362	80005fbc	213ea8d3	fsgnjx.s	f17,f29,f19	 f29:0x7fc00000 f19:0x4e5da484 f17=0x7fc00000
     283655.000 ns	     28364	80005fc0	01d17cb3	and	x25,x2,x29	  x2:0xf9972418 x29:0x00000000 x25=0x00000000
     283675.000 ns	     28366	80005fc4	c001cb53	fcvt.w.s	x22,f3	  f3:0x4e5da484 x22=0x37692100
     284045.000 ns	     28403	80005fc8	02fcd733	divu	x14,x25,x15	 x25:0x04446200 x15:0x000001a3 x14=0x00000000
     284065.000 ns	     28405	80005fcc	c7c48793	addi	x15,x9,-900	  x9:0xd18006f8 x15=0xd1800374
     284085.000 ns	     28407	80005fd0	c01206d3	fcvt.wu.s	x13,f4	  f4:0x3f5da484 x13=0x00000001
     284115.000 ns	     28410	80005fd4	e0020f53	fmv.x.w	x30,f4	  f4:0x3f5da484 x30=0x3f5da484
     284145.000 ns	     28413	80005fd8	03db4fb3	div	x31,x22,x29	 x22:0x37692100 x29:0x00000000 x31=0xffffffff
     284175.000 ns	     28416	80005fdc	03a889b3	mul	x19,x17,x26	 x17:0x00000000 x26:0x00001000 x19=0x00000000
     284205.000 ns	     28419	80005fe0	e00c0653	fmv.x.w	x12,f24	 f24:0xcccd1b7d x12=0xcccd1b7d
     284235.000 ns	     28422	80005fe4	d01efbd3	fcvt.s.wu	f23,x29	 x29:0x00000000 f23=0x00000000
     284255.000 ns	     28424	80005fe8	c90f0e93	addi	x29,x30,-880	 x30:0x3f5da484 x29=0x3f5da114
     284265.000 ns	     28425	80005fec	00275b13	srli	x22,x14,0x2	 x14:0x00000000 x22=0x00000000
     284285.000 ns	     28427	80005ff0	a0799b53	flt.s	x22,f19,f7	 f19:0x4e5da484  f7:0x00000000 x22=0x00000000
     284305.000 ns	     28429	80005ff4	f3844793	xori	x15,x8,-200	  x8:0x00000000 x15=0xffffff38
     284635.000 ns	     28462	80005ff8	181137d3	fdiv.s	f15,f2,f1	  f2:0x4e5da484  f1:0x4e5da484 f15=0x3f5da484
     284655.000 ns	     28464	80005ffc	0075a333	slt	x6,x11,x7	 x11:0x80041024  x7:0x37692100  x6=0x00000001
     284675.000 ns	     28466	80006000	a09202d3	fle.s	x5,f4,f9	  f4:0x3f5da484  f9:0x4d806f80  x5=0x00000001
     284715.000 ns	     28470	80006004	58047d53	fsqrt.s	f26,f8	  f8:0xff800000 f26=0x7fc00000
     284745.000 ns	     28473	80006008	f00d0a53	fmv.w.x	f20,x26	 x26:0x00001000 f20=0x00001000
     284765.000 ns	     28475	8000600c	0197d233	srl	x4,x15,x25	 x15:0xffffff38 x25:0x00000000  x4=0xffffff38
     284785.000 ns	     28477	80006010	03170833	mul	x16,x14,x17	 x14:0x00000000 x17:0x00000000 x16=0x00000000
     284815.000 ns	     28480	80006014	29b199d3	fmax.s	f19,f3,f27	  f3:0x4e5da484 f27:0x4e5da484 f19=0x4e5da484
     284835.000 ns	     28482	80006018	01029fb3	sll	x31,x5,x16	  x5:0x00000001 x16:0x00000000 x31=0x00000001
     284855.000 ns	     28484	8000601c	e0059f53	fclass.s	x30,f11	 f11:0x42800000 x30=0x00000040
     284875.000 ns	     28486	80006020	01b19ab3	sll	x21,x3,x27	  x3:0x00000000 x27:0xf9972419 x21=0x00000000
     284915.000 ns	     28490	80006024	08407dd3	fsub.s	f27,f0,f4	  f0:0x4f799724  f4:0x3f5da484 f27=0x4f799723
     284945.000 ns	     28493	80006028	02f927b3	mulhsu	x15,x18,x15	 x18:0xffffffff x15:0xffffff38 x15=0xffffffff
     284965.000 ns	     28495	8000602c	00000013	addi	x0,x0,0	  x0:0x00000000
     284985.000 ns	     28497	80006030	0200b1b3	mulhu	x3,x1,x0	  x1:0xfffffacd  x0:0x00000000  x3=0x00000000
     285015.000 ns	     28500	80006034	d01df953	fcvt.s.wu	f18,x27	 x27:0xf9972419 f18=0x4f799724
     285045.000 ns	     28503	80006038	c0153f53	fcvt.wu.s	x30,f10	 f10:0xbf800000 x30=0x00000001
     285075.000 ns	     28506	8000603c	f00680d3	fmv.w.x	f1,x13	 x13:0x00000001  f1=0x00000001
     285105.000 ns	     28509	80006040	037b8bb3	mul	x23,x23,x23	 x23:0x00000000 x23:0x00000000 x23=0x00000000
     285125.000 ns	     28511	80006044	00e59193	slli	x3,x11,0xe	 x11:0x80041024  x3=0x04090000
     285145.000 ns	     28513	80006048	0219b0b3	mulhu	x1,x19,x1	 x19:0x00000000  x1:0xfffffacd  x1=0x00000000
     285165.000 ns	     28515	8000604c	00000013	addi	x0,x0,0	  x0:0x00000000
     285185.000 ns	     28517	80006050	204dac53	fsgnjx.s	f24,f27,f4	 f27:0x4f799723  f4:0x3f5da484 f24=0x4f799723
     285205.000 ns	     28519	80006054	ae777837	lui	x16,0xae777	 x16=0xae777000
     285225.000 ns	     28521	80006058	e00999d3	fclass.s	x19,f19	 f19:0x4e5da484 x19=0x00000040
     285245.000 ns	     28523	8000605c	5273cab7	lui	x21,0x5273c	 x21=0x5273c000
     285255.000 ns	     28524	80006060	00b85093	srli	x1,x16,0xb	 x16:0xae777000  x1=0x0015ceee
     285265.000 ns	     28525	80006064	0020dbb3	srl	x23,x1,x2	  x1:0x00000000  x2:0xf9972418 x23=0x00000000
     285285.000 ns	     28527	80006068	a06ca953	feq.s	x18,f25,f6	 f25:0x42800000  f6:0x7fc00000 x18=0x00000000
     285315.000 ns	     28530	8000606c	039a5eb3	divu	x29,x20,x25	 x20:0x995c1000 x25:0x00000000 x29=0xffffffff
     285345.000 ns	     28533	80006070	20649e53	fsgnjn.s	f28,f9,f6	  f9:0x4d806f80  f6:0x7fc00000 f28=0xcd806f80
     285365.000 ns	     28535	80006074	4178dc33	sra	x24,x17,x23	 x17:0x00000000 x23:0x00000000 x24=0x00000000
     285385.000 ns	     28537	80006078	f00f84d3	fmv.w.x	f9,x31	 x31:0x00000001  f9=0x00000001
     285405.000 ns	     28539	8000607c	41f78b33	sub	x22,x15,x31	 x15:0xffffffff x31:0x00000001 x22=0xfffffffe
     285425.000 ns	     28541	80006080	a0fd04d3	fle.s	x9,f26,f15	 f26:0x7fc00000 f15:0x3f5da484  x9=0x00000000
     285445.000 ns	     28543	80006084	002b4833	xor	x16,x22,x2	 x22:0x00000000  x2:0xf9972418 x16=0x0668dbe6
     285465.000 ns	     28545	80006088	a1320953	fle.s	x18,f4,f19	  f4:0x3f5da484 f19:0x4e5da484 x18=0x00000001
     285485.000 ns	     28547	8000608c	37347493	andi	x9,x8,883	  x8:0x00000000  x9=0x00000000
     285505.000 ns	     28549	80006090	021c38b3	mulhu	x17,x24,x1	 x24:0x00000000  x1:0x0015ceee x17=0x00000000
     285525.000 ns	     28551	80006094	418f5013	srai	x0,x30,0x18	 x30:0x00000001
     285535.000 ns	     28552	80006098	015d71b3	and	x3,x26,x21	 x26:0x00001000 x21:0x5273c000  x3=0x00000000
     285555.000 ns	     28554	8000609c	28f91cd3	fmax.s	f25,f18,f15	 f18:0x4f799724 f15:0x3f5da484 f25=0x4f799724
     285575.000 ns	     28556	800060a0	1a81af93	slti	x31,x3,424	  x3:0x04090000 x31=0x00000001
     285595.000 ns	     28558	800060a4	e0001353	fclass.s	x6,f0	  f0:0x4f799724  x6=0x00000040
     285615.000 ns	     28560	800060a8	00000013	addi	x0,x0,0	  x0:0x00000000
     285655.000 ns	     28564	800060ac	097829d3	fsub.s	f19,f16,f23	 f16:0x3f5da486 f23:0x00000000 f19=0x3f5da486
     285675.000 ns	     28566	800060b0	003980b3	add	x1,x19,x3	 x19:0x00000040  x3:0x00000000  x1=0x00000040
     285685.000 ns	     28567	800060b4	0057d713	srli	x14,x15,0x5	 x15:0xffffffff x14=0x07ffffff
     285725.000 ns	     28571	800060b8	01e3f3d3	fadd.s	f7,f7,f30	  f7:0x00000000 f30:0x7fc00000  f7=0x7fc00000
     286095.000 ns	     28608	800060bc	03eb7d33	remu	x26,x22,x30	 x22:0xfffffffe x30:0x00000001 x26=0x00000000
     286115.000 ns	     28610	800060c0	00cd9d33	sll	x26,x27,x12	 x27:0xf9972419 x12:0xcccd1b7d x26=0x20000000
     286125.000 ns	     28611	800060c4	0160dd33	srl	x26,x1,x22	  x1:0x00000040 x22:0xfffffffe x26=0x00000000
     286455.000 ns	     28644	800060c8	19284153	fdiv.s	f2,f16,f18	 f16:0x3f5da486 f18:0x4f799724  f2=0x2f5da486
     286475.000 ns	     28646	800060cc	01dbd333	srl	x6,x23,x29	 x23:0x00000000 x29:0xffffffff  x6=0x00000000
     286485.000 ns	     28647	800060d0	93e98293	addi	x5,x19,-1730	 x19:0x00000040  x5=0xfffff97e
     286505.000 ns	     28649	800060d4	e0000a53	fmv.x.w	x20,f0	  f0:0x4f799724 x20=0x4f799724
     286535.000 ns	     28652	800060d8	f00f8153	fmv.w.x	f2,x31	 x31:0x00000001  f2=0x00000001
     286555.000 ns	     28654	800060dc	0173bab3	sltu	x21,x7,x23	  x7:0x37692100 x23:0x00000000 x21=0x00000000
     286575.000 ns	     28656	800060e0	039bd833	divu	x16,x23,x25	 x23:0x00000000 x25:0x00000000 x16=0xffffffff
     286595.000 ns	     28658	800060e4	01a5c6b3	xor	x13,x11,x26	 x11:0x80041024 x26:0x00000000 x13=0x80041024
     286605.000 ns	     28659	800060e8	b071d337	lui	x6,0xb071d	  x6=0xb071d000
     287775.000 ns	     28776	800060ec	5802f7d3	fsqrt.s	f15,f5	  f5:0x3f5da486 f15=0x3f1cb99b
     287795.000 ns	     28778	800060f0	e7cb8797	auipc	x15,0xe7cb8	 x15=0x67cbe0f0
     287805.000 ns	     28779	800060f4	01175b13	srli	x22,x14,0x11	 x14:0x07ffffff x22=0x000003ff
     287815.000 ns	     28780	800060f8	744196b7	lui	x13,0x74419	 x13=0x74419000
     287825.000 ns	     28781	800060fc	0083c8b3	xor	x17,x7,x8	  x7:0x37692100  x8:0x00000000 x17=0x37692100
     287845.000 ns	     28783	80006100	288a1653	fmax.s	f12,f20,f8	 f20:0x00001000  f8:0xff800000 f12=0x00001000
     287865.000 ns	     28785	80006104	419188b3	sub	x17,x3,x25	  x3:0x00000000 x25:0x00000000 x17=0x00000000
     287885.000 ns	     28787	80006108	212d9653	fsgnjn.s	f12,f27,f18	 f27:0x4f799723 f18:0x4f799724 f12=0xcf799723
     287905.000 ns	     28789	8000610c	0073ba33	sltu	x20,x7,x7	  x7:0x37692100  x7:0x37692100 x20=0x00000000
     287925.000 ns	     28791	80006110	d01f16d3	fcvt.s.wu	f13,x30	 x30:0x00000001 f13=0x3f800000
     287945.000 ns	     28793	80006114	01bc20b3	slt	x1,x24,x27	 x24:0x00000000 x27:0xf9972419  x1=0x00000000
     287955.000 ns	     28794	80006118	0ba6f793	andi	x15,x13,186	 x13:0x74419000 x15=0x00000000
     287965.000 ns	     28795	8000611c	00000013	addi	x0,x0,0	  x0:0x00000000
     287975.000 ns	     28796	80006120	00721433	sll	x8,x4,x7	  x4:0xffffff38  x7:0x37692100  x8=0xffffff38
     287995.000 ns	     28798	80006124	d018f153	fcvt.s.wu	f2,x17	 x17:0x00000000  f2=0x00000000
     288025.000 ns	     28801	80006128	c01070d3	fcvt.wu.s	x1,f0	  f0:0x4f799724  x1=0xf9972400
     288055.000 ns	     28804	8000612c	a0388253	fle.s	x4,f17,f3	 f17:0x7fc00000  f3:0x4e5da484  x4=0x00000000
     288085.000 ns	     28807	80006130	a1940953	fle.s	x18,f8,f25	  f8:0xff800000 f25:0x4f799724 x18=0x00000001
     288455.000 ns	     28844	80006134	0307f1b3	remu	x3,x15,x16	 x15:0x00000000 x16:0xffffffff  x3=0x00000000
     288475.000 ns	     28846	80006138	00000013	addi	x0,x0,0	  x0:0x00000000
     288495.000 ns	     28848	8000613c	f0070d53	fmv.w.x	f26,x14	 x14:0x07ffffff f26=0x07ffffff
     288515.000 ns	     28850	80006140	60f40993	addi	x19,x8,1551	  x8:0xffffff38 x19=0x00000547
     288545.000 ns	     28853	80006144	11e320d3	fmul.s	f1,f6,f30	  f6:0x7fc00000 f30:0x7fc00000  f1=0x7fc00000
     288565.000 ns	     28855	80006148	00f6c233	xor	x4,x13,x15	 x13:0x74419000 x15:0x00000000  x4=0x74419000
     288575.000 ns	     28856	8000614c	01029c93	slli	x25,x5,0x10	  x5:0xfffff97e x25=0xf97e0000
     288605.000 ns	     28859	80006150	10188fd3	fmul.s	f31,f17,f1	 f17:0x7fc00000  f1:0x7fc00000 f31=0x7fc00000
     288635.000 ns	     28862	80006154	032f0ab3	mul	x21,x30,x18	 x30:0x00000001 x18:0x00000001 x21=0x00000001
     288655.000 ns	     28864	80006158	76643c97	auipc	x25,0x76643	 x25=0xf6649158
     288675.000 ns	     28866	8000615c	e0021f53	fclass.s	x30,f4	  f4:0x3f5da484 x30=0x00000040
     288695.000 ns	     28868	80006160	2ac66993	ori	x19,x12,684	 x12:0xcccd1b7d x19=0xcccd1bfd
     288705.000 ns	     28869	80006164	a80d6b93	ori	x23,x26,-1408	 x26:0x00000000 x23=0xfffffa80
     289065.000 ns	     28905	80006168	02cbd0b3	divu	x1,x23,x12	 x23:0x00000000 x12:0xcccd1b7d  x1=0x00000001
     289095.000 ns	     28908	8000616c	d005f153	fcvt.s.w	f2,x11	 x11:0x80041024  f2=0xcefff7df
     289125.000 ns	     28911	80006170	e00b1f53	fclass.s	x30,f22	 f22:0x7fc00000 x30=0x00000200
     289155.000 ns	     28914	80006174	a128a753	feq.s	x14,f17,f18	 f17:0x7fc00000 f18:0x4f799724 x14=0x00000000
     289185.000 ns	     28917	80006178	e00e1ad3	fclass.s	x21,f28	 f28:0xcd806f80 x21=0x00000002
     289205.000 ns	     28919	8000617c	01f97733	and	x14,x18,x31	 x18:0x00000001 x31:0x00000001 x14=0x00000001
     289565.000 ns	     28955	80006180	0285dd33	divu	x26,x11,x8	 x11:0x80041024  x8:0xffffff38 x26=0x00000000
     289595.000 ns	     28958	80006184	297c18d3	fmax.s	f17,f24,f23	 f24:0x4f799723 f23:0x00000000 f17=0x4f799723
     289645.000 ns	     28963	80006188	093dc9d3	fsub.s	f19,f27,f19	 f27:0x4f799723 f19:0x3f5da486 f19=0x4f799723
     289665.000 ns	     28965	8000618c	7f16cf93	xori	x31,x13,2033	 x13:0x74419000 x31=0x744197f1
     289685.000 ns	     28967	80006190	a1922d53	feq.s	x26,f4,f25	  f4:0x3f5da484 f25:0x4f799724 x26=0x00000000
     289715.000 ns	     28970	80006194	c014cfd3	fcvt.wu.s	x31,f9	  f9:0x00000001 x31=0x00000000
     289735.000 ns	     28972	80006198	4001dc93	srai	x25,x3,0x0	  x3:0x00000000 x25=0x00000000
     289745.000 ns	     28973	8000619c	00000013	addi	x0,x0,0	  x0:0x00000000
     289765.000 ns	     28975	800061a0	020b2bb3	mulhsu	x23,x22,x0	 x22:0x000003ff  x0:0x00000000 x23=0x00000000
     289795.000 ns	     28978	800061a4	a0f187d3	fle.s	x15,f3,f15	  f3:0x4e5da484 f15:0x3f1cb99b x15=0x00000000
     289815.000 ns	     28980	800061a8	00e307b3	add	x15,x6,x14	  x6:0xb071d000 x14:0x00000001 x15=0xb071d001
     289845.000 ns	     28983	800061ac	10aa7553	fmul.s	f10,f20,f10	 f20:0x00001000 f10:0xbf800000 f10=0x80001000
     289875.000 ns	     28986	800061b0	a0558bd3	fle.s	x23,f11,f5	 f11:0x42800000  f5:0x3f5da486 x23=0x00000000
     289895.000 ns	     28988	800061b4	009dbdb3	sltu	x27,x27,x9	 x27:0xf9972419  x9:0x00000000 x27=0x00000000
     289905.000 ns	     28989	800061b8	41cb5493	srai	x9,x22,0x1c	 x22:0x000003ff  x9=0x00000000
     289915.000 ns	     28990	800061bc	41c35093	srai	x1,x6,0x1c	  x6:0xb071d000  x1=0xfffffffb
     289935.000 ns	     28992	800061c0	023939b3	mulhu	x19,x18,x3	 x18:0x00000001  x3:0x00000000 x19=0x00000000
     289955.000 ns	     28994	800061c4	015e2233	slt	x4,x28,x21	 x28:0x80040fe4 x21:0x00000002  x4=0x00000001
     289975.000 ns	     28996	800061c8	28cc9553	fmax.s	f10,f25,f12	 f25:0x4f799724 f12:0xcf799723 f10=0x4f799724
     290005.000 ns	     28999	800061cc	038fbbb3	mulhu	x23,x31,x24	 x31:0x00000000 x24:0x00000000 x23=0x00000000
     290035.000 ns	     29002	800061d0	29501e53	fmax.s	f28,f0,f21	  f0:0x4f799724 f21:0x00000000 f28=0x4f799724
     290065.000 ns	     29005	800061d4	e0021f53	fclass.s	x30,f4	  f4:0x3f5da484 x30=0x00000040
     290095.000 ns	     29008	800061d8	02a0a733	mulhsu	x14,x1,x10	  x1:0xfffffffb x10:0x00000001 x14=0xffffffff
     290125.000 ns	     29011	800061dc	e0018ad3	fmv.x.w	x21,f3	  f3:0x4e5da484 x21=0x4e5da484
     290145.000 ns	     29013	800061e0	00000013	addi	x0,x0,0	  x0:0x00000000
     290155.000 ns	     29014	800061e4	89916313	ori	x6,x2,-1895	  x2:0xf9972418  x6=0xfffffc99
     290175.000 ns	     29016	800061e8	02096333	rem	x6,x18,x0	 x18:0x00000001  x0:0x00000000  x6=0x00000001
     290195.000 ns	     29018	800061ec	e7b4f413	andi	x8,x9,-389	  x9:0x00000000  x8=0x00000000
     290215.000 ns	     29020	800061f0	a0a913d3	flt.s	x7,f18,f10	 f18:0x4f799724 f10:0x4f799724  x7=0x00000000
     290235.000 ns	     29022	800061f4	00000013	addi	x0,x0,0	  x0:0x00000000
     290245.000 ns	     29023	800061f8	01d31cb3	sll	x25,x6,x29	  x6:0x00000001 x29:0xffffffff x25=0x80000000
     290255.000 ns	     29024	800061fc	01269433	sll	x8,x13,x18	 x13:0x74419000 x18:0x00000001  x8=0xe8832000
     290265.000 ns	     29025	80006200	9aa1e513	ori	x10,x3,-1622	  x3:0x00000000 x10=0xfffff9aa
     290285.000 ns	     29027	80006204	028cb6b3	mulhu	x13,x25,x8	 x25:0x80000000  x8:0x00000000 x13=0x74419000
     290305.000 ns	     29029	80006208	4152db93	srai	x23,x5,0x15	  x5:0xfffff97e x23=0xffffffff
     290325.000 ns	     29031	8000620c	02e602b3	mul	x5,x12,x14	 x12:0xcccd1b7d x14:0xffffffff  x5=0x3332e483
     290355.000 ns	     29034	80006210	a149a3d3	feq.s	x7,f19,f20	 f19:0x4f799723 f20:0x00001000  x7=0x00000000
     290375.000 ns	     29036	80006214	0108ad33	slt	x26,x17,x16	 x17:0x00000000 x16:0xffffffff x26=0x00000000
     291545.000 ns	     29153	80006218	58081353	fsqrt.s	f6,f16	 f16:0x3f5da486  f6=0x3f1cb99b
     291915.000 ns	     29190	8000621c	02cdd4b3	divu	x9,x27,x12	 x27:0x00000000 x12:0xcccd1b7d  x9=0x00000000
     291935.000 ns	     29192	80006220	41f05933	sra	x18,x0,x31	  x0:0x00000000 x31:0x00000000 x18=0x00000000
     291945.000 ns	     29193	80006224	3509c637	lui	x12,0x3509c	 x12=0x3509c000
     291965.000 ns	     29195	80006228	a07a11d3	flt.s	x3,f20,f7	 f20:0x00001000  f7:0x7fc00000  x3=0x00000000
     292335.000 ns	     29232	8000622c	03626eb3	rem	x29,x4,x22	  x4:0x00000001 x22:0x000003ff x29=0x00000001
     292355.000 ns	     29234	80006230	002462b3	or	x5,x8,x2	  x8:0xe8832000  x2:0xf9972418  x5=0xf9972418
     292365.000 ns	     29235	80006234	0076a2b3	slt	x5,x13,x7	 x13:0x74419000  x7:0x00000000  x5=0x00000000
     292375.000 ns	     29236	80006238	d112e793	ori	x15,x5,-751	  x5:0x3332e483 x15=0xfffffd11
     292385.000 ns	     29237	8000623c	01b553b3	srl	x7,x10,x27	 x10:0xfffff9aa x27:0x00000000  x7=0xfffff9aa
     292405.000 ns	     29239	80006240	202c21d3	fsgnjx.s	f3,f24,f2	 f24:0x4f799723  f2:0xcefff7df  f3=0xcf799723
     292435.000 ns	     29242	80006244	f0070853	fmv.w.x	f16,x14	 x14:0xffffffff f16=0xffffffff
     292455.000 ns	     29244	80006248	2a988693	addi	x13,x17,681	 x17:0x00000000 x13=0x000002a9
     292475.000 ns	     29246	8000624c	a06a29d3	feq.s	x19,f20,f6	 f20:0x00001000  f6:0x3f1cb99b x19=0x00000000
     292505.000 ns	     29249	80006250	c000fcd3	fcvt.w.s	x25,f1	  f1:0x7fc00000 x25=0x7fffffff
     292535.000 ns	     29252	80006254	a184a7d3	feq.s	x15,f9,f24	  f9:0x00000001 f24:0x4f799723 x15=0x00000000
     292555.000 ns	     29254	80006258	0052cf33	xor	x30,x5,x5	  x5:0x00000000  x5:0x00000000 x30=0x00000000
     292575.000 ns	     29256	8000625c	0340eb33	rem	x22,x1,x20	  x1:0xfffffffb x20:0x00000000 x22=0xfffffffb
     292605.000 ns	     29259	80006260	c00ec553	fcvt.w.s	x10,f29	 f29:0x7fc00000 x10=0x7fffffff
     292625.000 ns	     29261	80006264	1b32ed13	ori	x26,x5,435	  x5:0x00000000 x26=0x000001b3
     292645.000 ns	     29263	80006268	a0bf8bd3	fle.s	x23,f31,f11	 f31:0x7fc00000 f11:0x42800000 x23=0x00000000
     292675.000 ns	     29266	8000626c	c000c0d3	fcvt.w.s	x1,f1	  f1:0x7fc00000  x1=0x7fffffff
     292695.000 ns	     29268	80006270	e2a66a13	ori	x20,x12,-470	 x12:0x3509c000 x20=0xfffffe2a
     293055.000 ns	     29304	80006274	02e0c833	div	x16,x1,x14	  x1:0x7fffffff x14:0xffffffff x16=0x80000001
     293085.000 ns	     29307	80006278	035e87b3	mul	x15,x29,x21	 x29:0x00000001 x21:0x4e5da484 x15=0x4e5da484
     293105.000 ns	     29309	8000627c	dc03a693	slti	x13,x7,-576	  x7:0xfffff9aa x13=0x00000001
     293125.000 ns	     29311	80006280	20680953	fsgnj.s	f18,f16,f6	 f16:0xffffffff  f6:0x3f1cb99b f18=0x7fffffff
     293465.000 ns	     29345	80006284	1869f853	fdiv.s	f16,f19,f6	 f19:0x4f799723  f6:0x3f1cb99b f16=0x4fcbd83d
     293495.000 ns	     29348	80006288	d005c853	fcvt.s.w	f16,x11	 x11:0x80041024 f16=0xcefff7e0
     293525.000 ns	     29351	8000628c	a0fc9253	flt.s	x4,f25,f15	 f25:0x4f799724 f15:0x3f1cb99b  x4=0x00000000
     293545.000 ns	     29353	80006290	12a20e93	addi	x29,x4,298	  x4:0x00000001 x29=0x0000012a
     293565.000 ns	     29355	80006294	c01b2753	fcvt.wu.s	x14,f22	 f22:0x7fc00000 x14=0xffffffff
     293595.000 ns	     29358	80006298	a0e08d53	fle.s	x26,f1,f14	  f1:0x7fc00000 f14:0x7f800000 x26=0x00000000
     293625.000 ns	     29361	8000629c	d00a8753	fcvt.s.w	f14,x21	 x21:0x4e5da484 f14=0x4e9cbb49
     293675.000 ns	     29366	800062a0	01bb8453	fadd.s	f8,f23,f27	 f23:0x00000000 f27:0x4f799723  f8=0x4f799723
     294045.000 ns	     29403	800062a4	0301f2b3	remu	x5,x3,x16	  x3:0x00000000 x16:0x80000001  x5=0x00000000
     294065.000 ns	     29405	800062a8	01396c33	or	x24,x18,x19	 x18:0x00000000 x19:0x00000000 x24=0x00000000
     294085.000 ns	     29407	800062ac	296992d3	fmax.s	f5,f19,f22	 f19:0x4f799723 f22:0x7fc00000  f5=0x4f799723
     294115.000 ns	     29410	800062b0	03b72cb3	mulhsu	x25,x14,x27	 x14:0xffffffff x27:0x00000000 x25=0x00000000
     294135.000 ns	     29412	800062b4	00286fb3	or	x31,x16,x2	 x16:0x80000001  x2:0xf9972418 x31=0xf9972419
     294145.000 ns	     29413	800062b8	005a0533	add	x10,x20,x5	 x20:0xfffffe2a  x5:0x00000000 x10=0xfffffe2a
     294165.000 ns	     29415	800062bc	033841b3	div	x3,x16,x19	 x16:0x80000001 x19:0x00000000  x3=0xffffffff
     294185.000 ns	     29417	800062c0	005bb433	sltu	x8,x23,x5	 x23:0x00000000  x5:0x00000000  x8=0x00000000
     294205.000 ns	     29419	800062c4	03b25bb3	divu	x23,x4,x27	  x4:0x00000000 x27:0x00000000 x23=0xffffffff
     294235.000 ns	     29422	800062c8	03d53633	mulhu	x12,x10,x29	 x10:0xfffffe2a x29:0x0000012a x12=0x00000129
     294265.000 ns	     29425	800062cc	a08987d3	fle.s	x15,f19,f8	 f19:0x4f799723  f8:0x4f799723 x15=0x00000001
     294635.000 ns	     29462	800062d0	03c3fdb3	remu	x27,x7,x28	  x7:0xfffff9aa x28:0x80040fe4 x27=0x7ffbe9c6
     294655.000 ns	     29464	800062d4	425df8b7	lui	x17,0x425df	 x17=0x425df000
     294665.000 ns	     29465	800062d8	00859e93	slli	x29,x11,0x8	 x11:0x80041024 x29=0x04102400
     294675.000 ns	     29466	800062dc	525f4013	xori	x0,x30,1317	 x30:0x00000000
     294685.000 ns	     29467	800062e0	52944793	xori	x15,x8,1321	  x8:0x00000000 x15=0x00000529
     294695.000 ns	     29468	800062e4	01cd2fb3	slt	x31,x26,x28	 x26:0x00000000 x28:0x80040fe4 x31=0x00000000
     294715.000 ns	     29470	800062e8	03fdc033	div	x0,x27,x31	 x27:0x7ffbe9c6 x31:0xf9972419
     294735.000 ns	     29472	800062ec	00be2b33	slt	x22,x28,x11	 x28:0x80040fe4 x11:0x80041024 x22=0x00000001
     294755.000 ns	     29474	800062f0	297a9153	fmax.s	f2,f21,f23	 f21:0x00000000 f23:0x00000000  f2=0x00000000
     294785.000 ns	     29477	800062f4	a1e59ed3	flt.s	x29,f11,f30	 f11:0x42800000 f30:0x7fc00000 x29=0x00000000
     294815.000 ns	     29480	800062f8	d01e1553	fcvt.s.wu	f10,x28	 x28:0x80040fe4 f10=0x4f00040f
     294845.000 ns	     29483	800062fc	0385c033	div	x0,x11,x24	 x11:0x80041024 x24:0x00000000
     294865.000 ns	     29485	80006300	00545b13	srli	x22,x8,0x5	  x8:0x00000000 x22=0x00000000
     294875.000 ns	     29486	80006304	50db2293	slti	x5,x22,1293	 x22:0x00000001  x5=0x00000001
     294895.000 ns	     29488	80006308	f0078853	fmv.w.x	f16,x15	 x15:0x00000529 f16=0x00000529
     294925.000 ns	     29491	8000630c	a1dd8dd3	fle.s	x27,f27,f29	 f27:0x4f799723 f29:0x7fc00000 x27=0x00000000
     294955.000 ns	     29494	80006310	02033ab3	mulhu	x21,x6,x0	  x6:0x00000001  x0:0x00000000 x21=0x00000000
     294975.000 ns	     29496	80006314	00cbc7b3	xor	x15,x23,x12	 x23:0xffffffff x12:0x00000129 x15=0xfffffed6
     295335.000 ns	     29532	80006318	02126db3	rem	x27,x4,x1	  x4:0x00000000  x1:0x7fffffff x27=0x00000000
     295355.000 ns	     29534	8000631c	71e29bb7	lui	x23,0x71e29	 x23=0x71e29000
     295365.000 ns	     29535	80006320	008822b3	slt	x5,x16,x8	 x16:0x80000001  x8:0x00000000  x5=0x00000001
     295375.000 ns	     29536	80006324	37db7713	andi	x14,x22,893	 x22:0x00000000 x14=0x00000000
     295385.000 ns	     29537	80006328	001c26b3	slt	x13,x24,x1	 x24:0x00000000  x1:0x7fffffff x13=0x00000001
     295405.000 ns	     29539	8000632c	e00692d3	fclass.s	x5,f13	 f13:0x3f800000  x5=0x00000040
     295775.000 ns	     29576	80006330	03137cb3	remu	x25,x6,x17	  x6:0x00000001 x17:0x425df000 x25=0x00000001
     295805.000 ns	     29579	80006334	f0020553	fmv.w.x	f10,x4	  x4:0x00000000 f10=0x00000000
     295835.000 ns	     29582	80006338	e00c0ad3	fmv.x.w	x21,f24	 f24:0x4f799723 x21=0x4f799723
     295855.000 ns	     29584	8000633c	00861033	sll	x0,x12,x8	 x12:0x00000129  x8:0x00000000
     295885.000 ns	     29587	80006340	10f64653	fmul.s	f12,f12,f15	 f12:0xcf799723 f15:0x3f1cb99b f12=0xcf18cd0f
     295905.000 ns	     29589	80006344	41c35d33	sra	x26,x6,x28	  x6:0x00000001 x28:0x80040fe4 x26=0x00000000
     295925.000 ns	     29591	80006348	a1c593d3	flt.s	x7,f11,f28	 f11:0x42800000 f28:0x4f799724  x7=0x00000001
     295955.000 ns	     29594	8000634c	a13baad3	feq.s	x21,f23,f19	 f23:0x00000000 f19:0x4f799723 x21=0x00000000
     295985.000 ns	     29597	80006350	c008f753	fcvt.w.s	x14,f17	 f17:0x4f799723 x14=0x7fffffff
     297165.000 ns	     29715	80006354	580e3a53	fsqrt.s	f20,f28	 f28:0x4f799724 f20=0x47307c76
     297195.000 ns	     29718	80006358	c0180f53	fcvt.wu.s	x30,f16	 f16:0x00000529 x30=0x00000000
     297225.000 ns	     29721	8000635c	e00e99d3	fclass.s	x19,f29	 f29:0x7fc00000 x19=0x00000200
     297275.000 ns	     29726	80006360	007fba53	fadd.s	f20,f31,f7	 f31:0x7fc00000  f7:0x7fc00000 f20=0x7fc00000
     297295.000 ns	     29728	80006364	00d01a93	slli	x21,x0,0xd	  x0:0x00000000 x21=0x00000000
     297305.000 ns	     29729	80006368	01778933	add	x18,x15,x23	 x15:0xfffffed6 x23:0x71e29000 x18=0x71e28ed6
     297665.000 ns	     29765	8000636c	0276d833	divu	x16,x13,x7	 x13:0x00000001  x7:0x00000001 x16=0x00000001
     297685.000 ns	     29767	80006370	feb50613	addi	x12,x10,-21	 x10:0xfffffe2a x12=0xfffffe15
     297695.000 ns	     29768	80006374	01c218b3	sll	x17,x4,x28	  x4:0x00000000 x28:0x80040fe4 x17=0x00000000
     297715.000 ns	     29770	80006378	023023b3	mulhsu	x7,x0,x3	  x0:0x00000000  x3:0xffffffff  x7=0x00000000
     297735.000 ns	     29772	8000637c	00a71cb3	sll	x25,x14,x10	 x14:0x7fffffff x10:0xfffffe2a x25=0xfffffc00
     297745.000 ns	     29773	80006380	01aa72b3	and	x5,x20,x26	 x20:0xfffffe2a x26:0x00000000  x5=0x00000000
     297755.000 ns	     29774	80006384	01059913	slli	x18,x11,0x10	 x11:0x80041024 x18=0x10240000
     297765.000 ns	     29775	80006388	00181ab3	sll	x21,x16,x1	 x16:0x00000001  x1:0x7fffffff x21=0x80000000
     297785.000 ns	     29777	8000638c	c01cbfd3	fcvt.wu.s	x31,f25	 f25:0x4f799724 x31=0xf9972400
     298155.000 ns	     29814	80006390	03036933	rem	x18,x6,x16	  x6:0x00000001 x16:0x00000001 x18=0x00000000
     298175.000 ns	     29816	80006394	45b2cb37	lui	x22,0x45b2c	 x22=0x45b2c000
     298195.000 ns	     29818	80006398	2036a6d3	fsgnjx.s	f13,f13,f3	 f13:0x3f800000  f3:0xcf799723 f13=0xbf800000
     298215.000 ns	     29820	8000639c	01d38833	add	x16,x7,x29	  x7:0x00000000 x29:0x00000000 x16=0x00000000
     298235.000 ns	     29822	800063a0	d001fe53	fcvt.s.w	f28,x3	  x3:0xffffffff f28=0xbf800000
     298275.000 ns	     29826	800063a4	187af4d3	fdiv.s	f9,f21,f7	 f21:0x00000000  f7:0x7fc00000  f9=0x7fc00000
     298295.000 ns	     29828	800063a8	2d598e93	addi	x29,x19,725	 x19:0x00000200 x29=0x000004d5
     298315.000 ns	     29830	800063ac	d00d8b53	fcvt.s.w	f22,x27	 x27:0x00000000 f22=0x00000000
     298345.000 ns	     29833	800063b0	28ea0153	fmin.s	f2,f20,f14	 f20:0x7fc00000 f14:0x4e9cbb49  f2=0x4e9cbb49
     298375.000 ns	     29836	800063b4	d0097cd3	fcvt.s.w	f25,x18	 x18:0x00000000 f25=0x00000000
     298405.000 ns	     29839	800063b8	a02ea553	feq.s	x10,f29,f2	 f29:0x7fc00000  f2:0x4e9cbb49 x10=0x00000000
     298445.000 ns	     29843	800063bc	1923b853	fdiv.s	f16,f7,f18	  f7:0x7fc00000 f18:0x7fffffff f16=0x7fc00000
     298465.000 ns	     29845	800063c0	52088c13	addi	x24,x17,1312	 x17:0x00000000 x24=0x00000520
     298825.000 ns	     29881	800063c4	021941b3	div	x3,x18,x1	 x18:0x00000000  x1:0x7fffffff  x3=0x00000000
     298855.000 ns	     29884	800063c8	21db8a53	fsgnj.s	f20,f23,f29	 f23:0x00000000 f29:0x7fc00000 f20=0x00000000
     298875.000 ns	     29886	800063cc	405a5ab3	sra	x21,x20,x5	 x20:0xfffffe2a  x5:0x00000000 x21=0xfffffe2a
     298895.000 ns	     29888	800063d0	c003b0d3	fcvt.w.s	x1,f7	  f7:0x7fc00000  x1=0x7fffffff
     298945.000 ns	     29893	800063d4	00ed81d3	fadd.s	f3,f27,f14	 f27:0x4f799723 f14:0x4e9cbb49  f3=0x4fa3fa64
     298965.000 ns	     29895	800063d8	016b5bb3	srl	x23,x22,x22	 x22:0x45b2c000 x22:0x45b2c000 x23=0x45b2c000
     298985.000 ns	     29897	800063dc	0253a9b3	mulhsu	x19,x7,x5	  x7:0x00000000  x5:0x00000000 x19=0x00000000
     299005.000 ns	     29899	800063e0	8cc9a993	slti	x19,x19,-1844	 x19:0x00000200 x19=0x00000000
     299025.000 ns	     29901	800063e4	c016f6d3	fcvt.wu.s	x13,f13	 f13:0xbf800000 x13=0x00000001
     299045.000 ns	     29903	800063e8	01915f13	srli	x30,x2,0x19	  x2:0xf9972418 x30=0x0000007c
     299405.000 ns	     29939	800063ec	02657633	remu	x12,x10,x6	 x10:0x00000000  x6:0x00000001 x12=0x00000000
     299435.000 ns	     29942	800063f0	c00648d3	fcvt.w.s	x17,f12	 f12:0xcf18cd0f x17=0x80000000
     299465.000 ns	     29945	800063f4	a1862ad3	feq.s	x21,f12,f24	 f12:0xcf18cd0f f24:0x4f799723 x21=0x00000000
     299515.000 ns	     29950	800063f8	01148453	fadd.s	f8,f9,f17	  f9:0x7fc00000 f17:0x4f799723  f8=0x7fc00000
     299535.000 ns	     29952	800063fc	01d930b3	sltu	x1,x18,x29	 x18:0x00000000 x29:0x000004d5  x1=0x00000001
     299545.000 ns	     29953	80006400	0059c9b3	xor	x19,x19,x5	 x19:0x00000000  x5:0x00000000 x19=0x00000000
     299555.000 ns	     29954	80006404	003d4933	xor	x18,x26,x3	 x26:0x00000000  x3:0x00000000 x18=0x00000000
     299575.000 ns	     29956	80006408	a1bda753	feq.s	x14,f27,f27	 f27:0x4f799723 f27:0x4f799723 x14=0x00000001
     299605.000 ns	     29959	8000640c	025c8733	mul	x14,x25,x5	 x25:0xfffffc00  x5:0x00000000 x14=0x00000000
     299625.000 ns	     29961	80006410	01e4d733	srl	x14,x9,x30	  x9:0x00000000 x30:0x0000007c x14=0x00000000
     299655.000 ns	     29964	80006414	11cec4d3	fmul.s	f9,f29,f28	 f29:0x7fc00000 f28:0xbf800000  f9=0x7fc00000
     299685.000 ns	     29967	80006418	c0117b53	fcvt.wu.s	x22,f2	  f2:0x4e9cbb49 x22=0x4e5da480
     299725.000 ns	     29971	8000641c	19d9f653	fdiv.s	f12,f19,f29	 f19:0x4f799723 f29:0x7fc00000 f12=0x7fc00000
     299755.000 ns	     29974	80006420	03016f33	rem	x30,x2,x16	  x2:0xf9972418 x16:0x00000000 x30=0xf9972418
     299775.000 ns	     29976	80006424	00bfb633	sltu	x12,x31,x11	 x31:0xf9972400 x11:0x80041024 x12=0x00000000
     299785.000 ns	     29977	80006428	00000013	addi	x0,x0,0	  x0:0x00000000
     299805.000 ns	     29979	8000642c	e0030b53	fmv.x.w	x22,f6	  f6:0x3f1cb99b x22=0x3f1cb99b
     300175.000 ns	     30016	80006430	03d55833	divu	x16,x10,x29	 x10:0x00000000 x29:0x000004d5 x16=0x00000000
     300195.000 ns	     30018	80006434	00000013	addi	x0,x0,0	  x0:0x00000000
     300205.000 ns	     30019	80006438	003cd933	srl	x18,x25,x3	 x25:0xfffffc00  x3:0x00000000 x18=0xfffffc00
     300215.000 ns	     30020	8000643c	01e6f7b3	and	x15,x13,x30	 x13:0x00000001 x30:0xf9972418 x15=0x00000000
     300225.000 ns	     30021	80006440	00b65813	srli	x16,x12,0xb	 x12:0x00000000 x16=0x00000000
     300235.000 ns	     30022	80006444	1c6ba793	slti	x15,x23,454	 x23:0x45b2c000 x15=0x00000000
     300245.000 ns	     30023	80006448	01161493	slli	x9,x12,0x11	 x12:0x00000000  x9=0x00000000
     300265.000 ns	     30025	8000644c	0333afb3	mulhsu	x31,x7,x19	  x7:0x00000000 x19:0x00000000 x31=0x00000000
     300285.000 ns	     30027	80006450	01321833	sll	x16,x4,x19	  x4:0x00000000 x19:0x00000000 x16=0x00000000
     300295.000 ns	     30028	80006454	8a750b13	addi	x22,x10,-1881	 x10:0x00000000 x22=0xfffff8a7
     300305.000 ns	     30029	80006458	012f9a93	slli	x21,x31,0x12	 x31:0x00000000 x21=0x00000000
     300315.000 ns	     30030	8000645c	005eba33	sltu	x20,x29,x5	 x29:0x000004d5  x5:0x00000000 x20=0x00000000
     300335.000 ns	     30032	80006460	f00e8fd3	fmv.w.x	f31,x29	 x29:0x000004d5 f31=0x000004d5
     300365.000 ns	     30035	80006464	f0018153	fmv.w.x	f2,x3	  x3:0x00000000  f2=0x00000000
     300395.000 ns	     30038	80006468	21b69253	fsgnjn.s	f4,f13,f27	 f13:0xbf800000 f27:0x4f799723  f4=0xbf800000
     300435.000 ns	     30042	8000646c	1167cb53	fmul.s	f22,f15,f22	 f15:0x3f1cb99b f22:0x00000000 f22=0x00000000
     300465.000 ns	     30045	80006470	21e59953	fsgnjn.s	f18,f11,f30	 f11:0x42800000 f30:0x7fc00000 f18=0xc2800000
     300485.000 ns	     30047	80006474	41f0dd13	srai	x26,x1,0x1f	  x1:0x00000001 x26=0x00000000
     300505.000 ns	     30049	80006478	a11d1053	flt.s	x0,f26,f17	 f26:0x07ffffff f17:0x4f799723
     300535.000 ns	     30052	8000647c	28a289d3	fmin.s	f19,f5,f10	  f5:0x4f799723 f10:0x00000000 f19=0x00000000
     300555.000 ns	     30054	80006480	01c73533	sltu	x10,x14,x28	 x14:0x00000000 x28:0x80040fe4 x10=0x00000001
     300575.000 ns	     30056	80006484	0203acb3	mulhsu	x25,x7,x0	  x7:0x00000000  x0:0x00000000 x25=0x00000000
     300605.000 ns	     30059	80006488	d0019ad3	fcvt.s.w	f21,x3	  x3:0x00000000 f21=0x00000000
     300635.000 ns	     30062	8000648c	d0120bd3	fcvt.s.wu	f23,x4	  x4:0x00000000 f23=0x00000000
     300665.000 ns	     30065	80006490	d0137cd3	fcvt.s.wu	f25,x6	  x6:0x00000001 f25=0x3f800000
     300695.000 ns	     30068	80006494	c00e09d3	fcvt.w.s	x19,f28	 f28:0xbf800000 x19=0xffffffff
     301065.000 ns	     30105	80006498	03e448b3	div	x17,x8,x30	  x8:0x00000000 x30:0xf9972418 x17=0x00000000
     301095.000 ns	     30108	8000649c	20b89fd3	fsgnjn.s	f31,f17,f11	 f17:0x4f799723 f11:0x42800000 f31=0xcf799723
     301125.000 ns	     30111	800064a0	d0137dd3	fcvt.s.wu	f27,x6	  x6:0x00000001 f27=0x3f800000
     301165.000 ns	     30115	800064a4	19dd73d3	fdiv.s	f7,f26,f29	 f26:0x07ffffff f29:0x7fc00000  f7=0x7fc00000
     301195.000 ns	     30118	800064a8	0311b3b3	mulhu	x7,x3,x17	  x3:0x00000000 x17:0x00000000  x7=0x00000000
     301225.000 ns	     30121	800064ac	c0060dd3	fcvt.w.s	x27,f12	 f12:0x7fc00000 x27=0x7fffffff
     301245.000 ns	     30123	800064b0	3937b7b7	lui	x15,0x3937b	 x15=0x3937b000
     301275.000 ns	     30126	800064b4	18cd7cd3	fdiv.s	f25,f26,f12	 f26:0x07ffffff f12:0x7fc00000 f25=0x7fc00000
     301645.000 ns	     30163	800064b8	036be833	rem	x16,x23,x22	 x23:0x45b2c000 x22:0xfffff8a7 x16=0x00000004
     301665.000 ns	     30165	800064bc	cb344c13	xori	x24,x8,-845	  x8:0x00000000 x24=0xfffffcb3
     301685.000 ns	     30167	800064c0	a0f496d3	flt.s	x13,f9,f15	  f9:0x7fc00000 f15:0x3f1cb99b x13=0x00000000
     301715.000 ns	     30170	800064c4	f00f0153	fmv.w.x	f2,x30	 x30:0xf9972418  f2=0xf9972418
     301745.000 ns	     30173	800064c8	02996b33	rem	x22,x18,x9	 x18:0xfffffc00  x9:0x00000000 x22=0xfffffc00
     301775.000 ns	     30176	800064cc	027c9233	mulh	x4,x25,x7	 x25:0x00000000  x7:0x00000000  x4=0x00000000
     301805.000 ns	     30179	800064d0	214c9153	fsgnjn.s	f2,f25,f20	 f25:0x7fc00000 f20:0x00000000  f2=0xffc00000
     301835.000 ns	     30182	800064d4	03110b33	mul	x22,x2,x17	  x2:0xf9972418 x17:0x00000000 x22=0x00000000
     301855.000 ns	     30184	800064d8	00035793	srli	x15,x6,0x0	  x6:0x00000001 x15=0x00000001
     301865.000 ns	     30185	800064dc	00735913	srli	x18,x6,0x7	  x6:0x00000001 x18=0x00000000
     301885.000 ns	     30187	800064e0	d019f353	fcvt.s.wu	f6,x19	 x19:0xffffffff  f6=0x4f7fffff
     301915.000 ns	     30190	800064e4	f00b01d3	fmv.w.x	f3,x22	 x22:0x00000000  f3=0x00000000
     301945.000 ns	     30193	800064e8	c00674d3	fcvt.w.s	x9,f12	 f12:0x7fc00000  x9=0x7fffffff
     301965.000 ns	     30195	800064ec	00a94333	xor	x6,x18,x10	 x18:0x00000000 x10:0x00000001  x6=0x00000001
     301985.000 ns	     30197	800064f0	e00f0c53	fmv.x.w	x24,f30	 f30:0x7fc00000 x24=0x7fc00000
     302025.000 ns	     30201	800064f4	5804f7d3	fsqrt.s	f15,f9	  f9:0x7fc00000 f15=0x7fc00000
     302055.000 ns	     30204	800064f8	21aaa653	fsgnjx.s	f12,f21,f26	 f21:0x00000000 f26:0x07ffffff f12=0x00000000
     302085.000 ns	     30207	800064fc	02b5aab3	mulhsu	x21,x11,x11	 x11:0x80041024 x11:0x80041024 x21=0xc0000010
     302105.000 ns	     30209	80006500	40f05633	sra	x12,x0,x15	  x0:0x00000000 x15:0x00000001 x12=0x00000000
     302115.000 ns	     30210	80006504	49dd8213	addi	x4,x27,1181	 x27:0x7fffffff  x4=0x8000049c
     302125.000 ns	     30211	80006508	d2dd7993	andi	x19,x26,-723	 x26:0x00000000 x19=0x00000000
     302145.000 ns	     30213	8000650c	02c2d2b3	divu	x5,x5,x12	  x5:0x00000000 x12:0x00000000  x5=0xffffffff
     302175.000 ns	     30216	80006510	a1938453	fle.s	x8,f7,f25	  f7:0x7fc00000 f25:0x7fc00000  x8=0x00000000
     302195.000 ns	     30218	80006514	00669493	slli	x9,x13,0x6	 x13:0x00000000  x9=0x00000000
     302215.000 ns	     30220	80006518	20848753	fsgnj.s	f14,f9,f8	  f9:0x7fc00000  f8:0x7fc00000 f14=0x7fc00000
     302245.000 ns	     30223	8000651c	a0960953	fle.s	x18,f12,f9	 f12:0x00000000  f9:0x7fc00000 x18=0x00000000
     302275.000 ns	     30226	80006520	20161b53	fsgnjn.s	f22,f12,f1	 f12:0x00000000  f1:0x7fc00000 f22=0x80000000
     302315.000 ns	     30230	80006524	580b92d3	fsqrt.s	f5,f23	 f23:0x00000000  f5=0x00000000
     302335.000 ns	     30232	80006528	00000013	addi	x0,x0,0	  x0:0x00000000
     302355.000 ns	     30234	8000652c	e00f84d3	fmv.x.w	x9,f31	 f31:0xcf799723  x9=0xcf799723
     302385.000 ns	     30237	80006530	e0098553	fmv.x.w	x10,f19	 f19:0x00000000 x10=0x00000000
     302415.000 ns	     30240	80006534	a01c2bd3	feq.s	x23,f24,f1	 f24:0x4f799723  f1:0x7fc00000 x23=0x00000000
     302455.000 ns	     30244	80006538	11f141d3	fmul.s	f3,f2,f31	  f2:0xffc00000 f31:0xcf799723  f3=0x7fc00000
     302475.000 ns	     30246	8000653c	3e664013	xori	x0,x12,998	 x12:0x00000000
     302495.000 ns	     30248	80006540	21dfaed3	fsgnjx.s	f29,f31,f29	 f31:0xcf799723 f29:0x7fc00000 f29=0xcf799723
     302525.000 ns	     30251	80006544	28280553	fmin.s	f10,f16,f2	 f16:0x7fc00000  f2:0xffc00000 f10=0x7fc00000
     302555.000 ns	     30254	80006548	038981b3	mul	x3,x19,x24	 x19:0x00000000 x24:0x7fc00000  x3=0x00000000
     302575.000 ns	     30256	8000654c	d536f293	andi	x5,x13,-685	 x13:0x00000000  x5=0x00000000
     302595.000 ns	     30258	80006550	205aa9d3	fsgnjx.s	f19,f21,f5	 f21:0x00000000  f5:0x00000000 f19=0x00000000
     302625.000 ns	     30261	80006554	e00393d3	fclass.s	x7,f7	  f7:0x7fc00000  x7=0x00000200
     302645.000 ns	     30263	80006558	40c75013	srai	x0,x14,0xc	 x14:0x00000000
     302655.000 ns	     30264	8000655c	00185393	srli	x7,x16,0x1	 x16:0x00000004  x7=0x00000002
     302665.000 ns	     30265	80006560	01c27d33	and	x26,x4,x28	  x4:0x8000049c x28:0x80040fe4 x26=0x80000484
     302685.000 ns	     30267	80006564	032849b3	div	x19,x16,x18	 x16:0x00000004 x18:0x00000000 x19=0xffffffff
     302705.000 ns	     30269	80006568	bc992d13	slti	x26,x18,-1079	 x18:0x00000000 x26=0x00000000
     302725.000 ns	     30271	8000656c	c01afed3	fcvt.wu.s	x29,f21	 f21:0x00000000 x29=0x00000000
     302755.000 ns	     30274	80006570	29110053	fmin.s	f0,f2,f17	  f2:0xffc00000 f17:0x4f799723  f0=0x4f799723
     302785.000 ns	     30277	80006574	03d97eb3	remu	x29,x18,x29	 x18:0x00000000 x29:0x00000000 x29=0x00000000
     302805.000 ns	     30279	80006578	95e83413	sltiu	x8,x16,-1698	 x16:0x00000004  x8=0x00000001
     302815.000 ns	     30280	8000657c	015c60b3	or	x1,x24,x21	 x24:0x7fc00000 x21:0xc0000010  x1=0xffc00010
     302835.000 ns	     30282	80006580	d00cf853	fcvt.s.w	f16,x25	 x25:0x00000000 f16=0x00000000
     302855.000 ns	     30284	80006584	2255b293	sltiu	x5,x11,549	 x11:0x80041024  x5=0x00000000
     302865.000 ns	     30285	80006588	01478533	add	x10,x15,x20	 x15:0x00000001 x20:0x00000000 x10=0x00000001
     303195.000 ns	     30318	8000658c	191d39d3	fdiv.s	f19,f26,f17	 f26:0x07ffffff f17:0x4f799723 f19=0x78000000
     303215.000 ns	     30320	80006590	6fa2a293	slti	x5,x5,1786	  x5:0x00000000  x5=0x00000001
     303225.000 ns	     30321	80006594	01a3d433	srl	x8,x7,x26	  x7:0x00000002 x26:0x00000000  x8=0x00000002
     303585.000 ns	     30357	80006598	02f24633	div	x12,x4,x15	  x4:0x8000049c x15:0x00000001 x12=0x8000049c
     303605.000 ns	     30359	8000659c	01712333	slt	x6,x2,x23	  x2:0xf9972418 x23:0x00000000  x6=0x00000001
     303615.000 ns	     30360	800065a0	408fd433	sra	x8,x31,x8	 x31:0x00000000  x8:0x00000002  x8=0x00000000
     303625.000 ns	     30361	800065a4	01a2d193	srli	x3,x5,0x1a	  x5:0x00000001  x3=0x00000000
     303645.000 ns	     30363	800065a8	f0000f53	fmv.w.x	f30,x0	  x0:0x00000000 f30=0x00000000
     303665.000 ns	     30365	800065ac	01b20fb3	add	x31,x4,x27	  x4:0x8000049c x27:0x7fffffff x31=0x0000049b
     303675.000 ns	     30366	800065b0	ce5c7a13	andi	x20,x24,-795	 x24:0x7fc00000 x20=0x7fc00000
     303705.000 ns	     30369	800065b4	580bb8d3	fsqrt.s	f17,f23	 f23:0x00000000 f17=0x00000000
     303735.000 ns	     30372	800065b8	03d92db3	mulhsu	x27,x18,x29	 x18:0x00000000 x29:0x00000000 x27=0x00000000
     303765.000 ns	     30375	800065bc	025aa1b3	mulhsu	x3,x21,x5	 x21:0xc0000010  x5:0x00000001  x3=0xffffffff
     303795.000 ns	     30378	800065c0	a0918753	fle.s	x14,f3,f9	  f3:0x7fc00000  f9:0x7fc00000 x14=0x00000000
     303825.000 ns	     30381	800065c4	a14f86d3	fle.s	x13,f31,f20	 f31:0xcf799723 f20:0x00000000 x13=0x00000001
     303845.000 ns	     30383	800065c8	da7d8497	auipc	x9,0xda7d8	  x9=0x5a7de5c8
     303865.000 ns	     30385	800065cc	02ebeab3	rem	x21,x23,x14	 x23:0x00000000 x14:0x00000000 x21=0x00000000
     303885.000 ns	     30387	800065d0	015ae8b3	or	x17,x21,x21	 x21:0xc0000010 x21:0xc0000010 x17=0x00000000
     303905.000 ns	     30389	800065d4	c01c92d3	fcvt.wu.s	x5,f25	 f25:0x7fc00000  x5=0xffffffff
     303925.000 ns	     30391	800065d8	c8012013	slti	x0,x2,-896	  x2:0xf9972418
     303945.000 ns	     30393	800065dc	e0029f53	fclass.s	x30,f5	  f5:0x00000000 x30=0x00000010
     303975.000 ns	     30396	800065e0	0281d833	divu	x16,x3,x8	  x3:0xffffffff  x8:0x00000000 x16=0xffffffff
     304005.000 ns	     30399	800065e4	03c2b233	mulhu	x4,x5,x28	  x5:0xffffffff x28:0x80040fe4  x4=0x80040fe3
     304375.000 ns	     30436	800065e8	029ad8b3	divu	x17,x21,x9	 x21:0x00000000  x9:0x5a7de5c8 x17=0x00000000
     304395.000 ns	     30438	800065ec	015074b3	and	x9,x0,x21	  x0:0x00000000 x21:0x00000000  x9=0x00000000
     304405.000 ns	     30439	800065f0	40aadb13	srai	x22,x21,0xa	 x21:0x00000000 x22=0x00000000
     304425.000 ns	     30441	800065f4	d00b9753	fcvt.s.w	f14,x23	 x23:0x00000000 f14=0x00000000
     304455.000 ns	     30444	800065f8	02f9a933	mulhsu	x18,x19,x15	 x19:0xffffffff x15:0x00000001 x18=0xffffffff
     304485.000 ns	     30447	800065fc	d00cfb53	fcvt.s.w	f22,x25	 x25:0x00000000 f22=0x00000000
     304505.000 ns	     30449	80006600	400cd793	srai	x15,x25,0x0	 x25:0x00000000 x15=0x00000000
     304515.000 ns	     30450	80006604	bfc30c97	auipc	x25,0xbfc30	 x25=0x3fc36604
     304525.000 ns	     30451	80006608	475864b7	lui	x9,0x47586	  x9=0x47586000
     304535.000 ns	     30452	8000660c	34e42913	slti	x18,x8,846	  x8:0x00000000 x18=0x00000001
     304545.000 ns	     30453	80006610	cdb10193	addi	x3,x2,-805	  x2:0xf9972418  x3=0xf99720f3
     304905.000 ns	     30489	80006614	021e4b33	div	x22,x28,x1	 x28:0x80040fe4  x1:0xffc00010 x22=0x000001ff
     304925.000 ns	     30491	80006618	00000013	addi	x0,x0,0	  x0:0x00000000
     304935.000 ns	     30492	8000661c	00880833	add	x16,x16,x8	 x16:0xffffffff  x8:0x00000000 x16=0xffffffff
     304945.000 ns	     30493	80006620	00cf8633	add	x12,x31,x12	 x31:0x0000049b x12:0x8000049c x12=0x80000937
     304975.000 ns	     30496	80006624	199c81d3	fdiv.s	f3,f25,f25	 f25:0x7fc00000 f25:0x7fc00000  f3=0x7fc00000
     304995.000 ns	     30498	80006628	48f93093	sltiu	x1,x18,1167	 x18:0x00000001  x1=0x00000001
     305015.000 ns	     30500	8000662c	f0000253	fmv.w.x	f4,x0	  x0:0x00000000  f4=0x00000000
     305385.000 ns	     30537	80006630	0328e6b3	rem	x13,x17,x18	 x17:0x00000000 x18:0x00000001 x13=0x00000000
     305435.000 ns	     30542	80006634	01f3fbd3	fadd.s	f23,f7,f31	  f7:0x7fc00000 f31:0xcf799723 f23=0x7fc00000
     305455.000 ns	     30544	80006638	b37e0293	addi	x5,x28,-1225	 x28:0x80040fe4  x5=0x80040b1b
     305465.000 ns	     30545	8000663c	1bf70313	addi	x6,x14,447	 x14:0x00000000  x6=0x000001bf
     305485.000 ns	     30547	80006640	29841853	fmax.s	f16,f8,f24	  f8:0x7fc00000 f24:0x4f799723 f16=0x4f799723
     305505.000 ns	     30549	80006644	407d50b3	sra	x1,x26,x7	 x26:0x00000000  x7:0x00000002  x1=0x00000000
     305515.000 ns	     30550	80006648	000c9fb3	sll	x31,x25,x0	 x25:0x3fc36604  x0:0x00000000 x31=0x3fc36604
     305525.000 ns	     30551	8000664c	01542bb3	slt	x23,x8,x21	  x8:0x00000000 x21:0x00000000 x23=0x00000000
     305545.000 ns	     30553	80006650	a1ee14d3	flt.s	x9,f28,f30	 f28:0xbf800000 f30:0x00000000  x9=0x00000001
     305565.000 ns	     30555	80006654	00291893	slli	x17,x18,0x2	 x18:0x00000001 x17=0x00000004
     305585.000 ns	     30557	80006658	20ef1653	fsgnjn.s	f12,f30,f14	 f30:0x00000000 f14:0x00000000 f12=0x80000000
     305605.000 ns	     30559	8000665c	0cdfbe93	sltiu	x29,x31,205	 x31:0x3fc36604 x29=0x00000000
     305615.000 ns	     30560	80006660	00577fb3	and	x31,x14,x5	 x14:0x00000000  x5:0x80040b1b x31=0x00000000
     305635.000 ns	     30562	80006664	0398b8b3	mulhu	x17,x17,x25	 x17:0x00000004 x25:0x3fc36604 x17=0x00000000
     305655.000 ns	     30564	80006668	00951eb3	sll	x29,x10,x9	 x10:0x00000001  x9:0x00000001 x29=0x00000002
     305685.000 ns	     30567	8000666c	10e8f4d3	fmul.s	f9,f17,f14	 f17:0x00000000 f14:0x00000000  f9=0x00000000
     305705.000 ns	     30569	80006670	01358db3	add	x27,x11,x19	 x11:0x80041024 x19:0xffffffff x27=0x80041023
     305725.000 ns	     30571	80006674	a1248453	fle.s	x8,f9,f18	  f9:0x00000000 f18:0xc2800000  x8=0x00000000
     305755.000 ns	     30574	80006678	f0000d53	fmv.w.x	f26,x0	  x0:0x00000000 f26=0x00000000
     305785.000 ns	     30577	8000667c	e0070653	fmv.x.w	x12,f14	 f14:0x00000000 x12=0x00000000
     305815.000 ns	     30580	80006680	d017ccd3	fcvt.s.wu	f25,x15	 x15:0x00000000 f25=0x00000000
     305835.000 ns	     30582	80006684	01cf1513	slli	x10,x30,0x1c	 x30:0x00000010 x10=0x00000000
     305855.000 ns	     30584	80006688	28ca92d3	fmax.s	f5,f21,f12	 f21:0x00000000 f12:0x80000000  f5=0x00000000
     306195.000 ns	     30618	8000668c	19f9fcd3	fdiv.s	f25,f19,f31	 f19:0x78000000 f31:0xcf799723 f25=0xe8000000
     306215.000 ns	     30620	80006690	01f49bb3	sll	x23,x9,x31	  x9:0x00000001 x31:0x00000000 x23=0x00000001
     306235.000 ns	     30622	80006694	29db0553	fmin.s	f10,f22,f29	 f22:0x00000000 f29:0xcf799723 f10=0xcf799723
     306255.000 ns	     30624	80006698	00b08833	add	x16,x1,x11	  x1:0x00000000 x11:0x80041024 x16=0x80041024
     306265.000 ns	     30625	8000669c	00cadc33	srl	x24,x21,x12	 x21:0x00000000 x12:0x00000000 x24=0x00000000
     306275.000 ns	     30626	800066a0	84362c97	auipc	x25,0x84362	 x25=0x043686a0
     306295.000 ns	     30628	800066a4	28cd1753	fmax.s	f14,f26,f12	 f26:0x00000000 f12:0x80000000 f14=0x00000000
     306315.000 ns	     30630	800066a8	006d23b3	slt	x7,x26,x6	 x26:0x00000000  x6:0x000001bf  x7=0x00000001
     306325.000 ns	     30631	800066ac	40568733	sub	x14,x13,x5	 x13:0x00000000  x5:0x80040b1b x14=0x7ffbf4e5
     306335.000 ns	     30632	800066b0	eda64e93	xori	x29,x12,-294	 x12:0x00000000 x29=0xfffffeda
     306355.000 ns	     30634	800066b4	c01241d3	fcvt.wu.s	x3,f4	  f4:0x00000000  x3=0x00000000
     306385.000 ns	     30637	800066b8	21011ed3	fsgnjn.s	f29,f2,f16	  f2:0xffc00000 f16:0x4f799723 f29=0xffc00000
     306405.000 ns	     30639	800066bc	41095fb3	sra	x31,x18,x16	 x18:0x00000001 x16:0x80041024 x31=0x00000000
     306425.000 ns	     30641	800066c0	029d1233	mulh	x4,x26,x9	 x26:0x00000000  x9:0x00000001  x4=0x00000000
     306465.000 ns	     30645	800066c4	18c617d3	fdiv.s	f15,f12,f12	 f12:0x80000000 f12:0x80000000 f15=0x7fc00000
     306495.000 ns	     30648	800066c8	d002f1d3	fcvt.s.w	f3,x5	  x5:0x80040b1b  f3=0xcefff7e9
     306515.000 ns	     30650	800066cc	00565713	srli	x14,x12,0x5	 x12:0x00000000 x14=0x00000000
     306525.000 ns	     30651	800066d0	00394b33	xor	x22,x18,x3	 x18:0x00000001  x3:0x00000000 x22=0x00000001
     306535.000 ns	     30652	800066d4	4104ddb3	sra	x27,x9,x16	  x9:0x00000001 x16:0x80041024 x27=0x00000000
     306545.000 ns	     30653	800066d8	419d5fb3	sra	x31,x26,x25	 x26:0x00000000 x25:0x043686a0 x31=0x00000000
     306565.000 ns	     30655	800066dc	a1410853	fle.s	x16,f2,f20	  f2:0xffc00000 f20:0x00000000 x16=0x00000000
     306595.000 ns	     30658	800066e0	a0f926d3	feq.s	x13,f18,f15	 f18:0xc2800000 f15:0x7fc00000 x13=0x00000000
     306615.000 ns	     30660	800066e4	01cb93b3	sll	x7,x23,x28	 x23:0x00000001 x28:0x80040fe4  x7=0x00000010
     306635.000 ns	     30662	800066e8	02d9f433	remu	x8,x19,x13	 x19:0xffffffff x13:0x00000000  x8=0xffffffff
     306655.000 ns	     30664	800066ec	01a3d733	srl	x14,x7,x26	  x7:0x00000001 x26:0x00000000 x14=0x00000010
     306675.000 ns	     30666	800066f0	a05a0bd3	fle.s	x23,f20,f5	 f20:0x00000000  f5:0x00000000 x23=0x00000001
     306695.000 ns	     30668	800066f4	01d00eb3	add	x29,x0,x29	  x0:0x00000000 x29:0xfffffeda x29=0xfffffeda
     306705.000 ns	     30669	800066f8	40008fb3	sub	x31,x1,x0	  x1:0x00000000  x0:0x00000000 x31=0x00000000
     307035.000 ns	     30702	800066fc	193e1e53	fdiv.s	f28,f28,f19	 f28:0xbf800000 f19:0x78000000 f28=0x86800000
     307055.000 ns	     30704	80006700	012fdbb3	srl	x23,x31,x18	 x31:0x00000000 x18:0x00000001 x23=0x00000000
     307065.000 ns	     30705	80006704	0b68c897	auipc	x17,0xb68c	 x17=0x8b692704
     307105.000 ns	     30709	80006708	01d590d3	fadd.s	f1,f11,f29	 f11:0x42800000 f29:0xffc00000  f1=0x7fc00000
     307135.000 ns	     30712	8000670c	036fbdb3	mulhu	x27,x31,x22	 x31:0x00000000 x22:0x00000001 x27=0x00000000
     307155.000 ns	     30714	80006710	41735913	srai	x18,x6,0x17	  x6:0x000001bf x18=0x00000000
     307165.000 ns	     30715	80006714	f42c7213	andi	x4,x24,-190	 x24:0x00000000  x4=0x00000000
     307175.000 ns	     30716	80006718	85726e93	ori	x29,x4,-1961	  x4:0x00000000 x29=0xfffff857
     307185.000 ns	     30717	8000671c	000b5b93	srli	x23,x22,0x0	 x22:0x00000001 x23=0x00000001
     307205.000 ns	     30719	80006720	21d1a5d3	fsgnjx.s	f11,f3,f29	  f3:0xcefff7e9 f29:0xffc00000 f11=0x4efff7e9
     307235.000 ns	     30722	80006724	a0098653	fle.s	x12,f19,f0	 f19:0x78000000  f0:0x4f799723 x12=0x00000000
     307275.000 ns	     30726	80006728	580bffd3	fsqrt.s	f31,f23	 f23:0x7fc00000 f31=0x7fc00000
     307305.000 ns	     30729	8000672c	036f86b3	mul	x13,x31,x22	 x31:0x00000000 x22:0x00000001 x13=0x00000000
     307325.000 ns	     30731	80006730	0106bb33	sltu	x22,x13,x16	 x13:0x00000000 x16:0x00000000 x22=0x00000000
     307365.000 ns	     30735	80006734	016b0753	fadd.s	f14,f22,f22	 f22:0x00000000 f22:0x00000000 f14=0x00000000
     307395.000 ns	     30738	80006738	c0054b53	fcvt.w.s	x22,f10	 f10:0xcf799723 x22=0x80000000
     307445.000 ns	     30743	8000673c	01798bd3	fadd.s	f23,f19,f23	 f19:0x78000000 f23:0x7fc00000 f23=0x7fc00000
     307465.000 ns	     30745	80006740	014d69b3	or	x19,x26,x20	 x26:0x00000000 x20:0x7fc00000 x19=0x7fc00000
     307475.000 ns	     30746	80006744	4f7ca193	slti	x3,x25,1271	 x25:0x043686a0  x3=0x00000000
     307835.000 ns	     30782	80006748	03ceedb3	rem	x27,x29,x28	 x29:0xfffff857 x28:0x80040fe4 x27=0xfffff857
     307855.000 ns	     30784	8000674c	012203b3	add	x7,x4,x18	  x4:0x00000000 x18:0x00000000  x7=0x00000000
     307875.000 ns	     30786	80006750	a0702853	feq.s	x16,f0,f7	  f0:0x4f799723  f7:0x7fc00000 x16=0x00000000
     307895.000 ns	     30788	80006754	01931eb3	sll	x29,x6,x25	  x6:0x000001bf x25:0x043686a0 x29=0x000001bf
     307915.000 ns	     30790	80006758	d00318d3	fcvt.s.w	f17,x6	  x6:0x000001bf f17=0x43df8000
     307945.000 ns	     30793	8000675c	02d15a33	divu	x20,x2,x13	  x2:0xf9972418 x13:0x00000000 x20=0xffffffff
     307965.000 ns	     30795	80006760	010ba4b3	slt	x9,x23,x16	 x23:0x00000001 x16:0x00000000  x9=0x00000000
     307985.000 ns	     30797	80006764	c0187ad3	fcvt.wu.s	x21,f16	 f16:0x4f799723 x21=0xf9972300
     308015.000 ns	     30800	80006768	29969453	fmax.s	f8,f13,f25	 f13:0xbf800000 f25:0xe8000000  f8=0xbf800000
     308045.000 ns	     30803	8000676c	c0177d53	fcvt.wu.s	x26,f14	 f14:0x00000000 x26=0x00000000
     308065.000 ns	     30805	80006770	01a609b3	add	x19,x12,x26	 x12:0x00000000 x26:0x00000000 x19=0x00000000
     308075.000 ns	     30806	80006774	00fb0633	add	x12,x22,x15	 x22:0x80000000 x15:0x00000000 x12=0x80000000
     308085.000 ns	     30807	80006778	01fe1093	slli	x1,x28,0x1f	 x28:0x80040fe4  x1=0x00000000
     308095.000 ns	     30808	8000677c	00000013	addi	x0,x0,0	  x0:0x00000000
     308105.000 ns	     30809	80006780	fc387613	andi	x12,x16,-61	 x16:0x00000000 x12=0x00000000
     308115.000 ns	     30810	80006784	af2bd9b7	lui	x19,0xaf2bd	 x19=0xaf2bd000
     308475.000 ns	     30846	80006788	02e561b3	rem	x3,x10,x14	 x10:0x00000000 x14:0x00000010  x3=0x00000000
     308845.000 ns	     30883	8000678c	034e41b3	div	x3,x28,x20	 x28:0x80040fe4 x20:0xffffffff  x3=0x7ffbf01c
     308885.000 ns	     30887	80006790	18ce7cd3	fdiv.s	f25,f28,f12	 f28:0x86800000 f12:0x80000000 f25=0x7f800000
     308915.000 ns	     30890	80006794	02fb91b3	mulh	x3,x23,x15	 x23:0x00000001 x15:0x00000000  x3=0x00000000
     308945.000 ns	     30893	80006798	21c00f53	fsgnj.s	f30,f0,f28	  f0:0x4f799723 f28:0x86800000 f30=0xcf799723
     308975.000 ns	     30896	8000679c	0321ecb3	rem	x25,x3,x18	  x3:0x00000000 x18:0x00000000 x25=0x00000000
     308995.000 ns	     30898	800067a0	00284633	xor	x12,x16,x2	 x16:0x00000000  x2:0xf9972418 x12=0xf9972418
     309005.000 ns	     30899	800067a4	40115933	sra	x18,x2,x1	  x2:0xf9972418  x1:0x00000000 x18=0xf9972418
     309025.000 ns	     30901	800067a8	204e8653	fsgnj.s	f12,f29,f4	 f29:0xffc00000  f4:0x00000000 f12=0x7fc00000
     309055.000 ns	     30904	800067ac	0214e333	rem	x6,x9,x1	  x9:0x00000000  x1:0x00000000  x6=0x00000000
     309085.000 ns	     30907	800067b0	c010c653	fcvt.wu.s	x12,f1	  f1:0x7fc00000 x12=0xffffffff
     309105.000 ns	     30909	800067b4	406bd913	srai	x18,x23,0x6	 x23:0x00000001 x18=0x00000000
     309125.000 ns	     30911	800067b8	02374833	div	x16,x14,x3	 x14:0x00000010  x3:0x00000000 x16=0xffffffff
     309155.000 ns	     30914	800067bc	2065afd3	fsgnjx.s	f31,f11,f6	 f11:0x4efff7e9  f6:0x4f7fffff f31=0x4efff7e9
     309185.000 ns	     30917	800067c0	038e16b3	mulh	x13,x28,x24	 x28:0x80040fe4 x24:0x00000000 x13=0x00000000
     309215.000 ns	     30920	800067c4	219d9d53	fsgnjn.s	f26,f27,f25	 f27:0x3f800000 f25:0x7f800000 f26=0xbf800000
     309235.000 ns	     30922	800067c8	41e10f33	sub	x30,x2,x30	  x2:0xf9972418 x30:0x00000010 x30=0xf9972408
     309255.000 ns	     30924	800067cc	e00e10d3	fclass.s	x1,f28	 f28:0x86800000  x1=0x00000002
     309285.000 ns	     30927	800067d0	d01c0b53	fcvt.s.wu	f22,x24	 x24:0x00000000 f22=0x00000000
     309305.000 ns	     30929	800067d4	0004c1b3	xor	x3,x9,x0	  x9:0x00000000  x0:0x00000000  x3=0x00000000
     309315.000 ns	     30930	800067d8	00671a13	slli	x20,x14,0x6	 x14:0x00000010 x20=0x00000400
     309335.000 ns	     30932	800067dc	e00c13d3	fclass.s	x7,f24	 f24:0x4f799723  x7=0x00000040
     309365.000 ns	     30935	800067e0	020989b3	mul	x19,x19,x0	 x19:0xaf2bd000  x0:0x00000000 x19=0x00000000
     309385.000 ns	     30937	800067e4	007cdf93	srli	x31,x25,0x7	 x25:0x00000000 x31=0x00000000
     309395.000 ns	     30938	800067e8	b8f5aeb7	lui	x29,0xb8f5a	 x29=0xb8f5a000
     309415.000 ns	     30940	800067ec	f0098453	fmv.w.x	f8,x19	 x19:0x00000000  f8=0x00000000
     309435.000 ns	     30942	800067f0	002a7bb3	and	x23,x20,x2	 x20:0x00000400  x2:0xf9972418 x23=0x00000400
     309445.000 ns	     30943	800067f4	01125a13	srli	x20,x4,0x11	  x4:0x00000000 x20=0x00000000
     309475.000 ns	     30946	800067f8	101d9a53	fmul.s	f20,f27,f1	 f27:0x3f800000  f1:0x7fc00000 f20=0x7fc00000
     309495.000 ns	     30948	800067fc	003ca733	slt	x14,x25,x3	 x25:0x00000000  x3:0x00000000 x14=0x00000000
     309515.000 ns	     30950	80006800	d01c7453	fcvt.s.wu	f8,x24	 x24:0x00000000  f8=0x00000000
     309535.000 ns	     30952	80006804	01cf9b13	slli	x22,x31,0x1c	 x31:0x00000000 x22=0x00000000
     309545.000 ns	     30953	80006808	415c84b3	sub	x9,x25,x21	 x25:0x00000000 x21:0xf9972300  x9=0x0668dd00
     309565.000 ns	     30955	8000680c	a15fafd3	feq.s	x31,f31,f21	 f31:0x4efff7e9 f21:0x00000000 x31=0x00000000
     309935.000 ns	     30992	80006810	0303cab3	div	x21,x7,x16	  x7:0x00000040 x16:0xffffffff x21=0xffffffc0
     309965.000 ns	     30995	80006814	02e26733	rem	x14,x4,x14	  x4:0x00000000 x14:0x00000000 x14=0x00000000
     309985.000 ns	     30997	80006818	414b0bb3	sub	x23,x22,x20	 x22:0x00000000 x20:0x00000000 x23=0x00000000
     309995.000 ns	     30998	8000681c	415e5a33	sra	x20,x28,x21	 x28:0x80040fe4 x21:0xffffffc0 x20=0x80040fe4
     310015.000 ns	     31000	80006820	e0071853	fclass.s	x16,f14	 f14:0x00000000 x16=0x00000010
     310045.000 ns	     31003	80006824	02b00c33	mul	x24,x0,x11	  x0:0x00000000 x11:0x80041024 x24=0x00000000
     310065.000 ns	     31005	80006828	b32bf713	andi	x14,x23,-1230	 x23:0x00000000 x14=0x00000000
     310085.000 ns	     31007	8000682c	02a1a9b3	mulhsu	x19,x3,x10	  x3:0x00000000 x10:0x00000000 x19=0x00000000
     310105.000 ns	     31009	80006830	01bb5833	srl	x16,x22,x27	 x22:0x00000000 x27:0xfffff857 x16=0x00000000
     310115.000 ns	     31010	80006834	84fe6393	ori	x7,x28,-1969	 x28:0x80040fe4  x7=0xffffffef
     310125.000 ns	     31011	80006838	00f7eb33	or	x22,x15,x15	 x15:0x00000000 x15:0x00000000 x22=0x00000000
     310145.000 ns	     31013	8000683c	033fdab3	divu	x21,x31,x19	 x31:0x00000000 x19:0x00000000 x21=0xffffffff
     310515.000 ns	     31050	80006840	028e5233	divu	x4,x28,x8	 x28:0x80040fe4  x8:0xffffffff  x4=0x00000000
     310545.000 ns	     31053	80006844	d010b1d3	fcvt.s.wu	f3,x1	  x1:0x00000002  f3=0x40000000
     310565.000 ns	     31055	80006848	018a01b3	add	x3,x20,x24	 x20:0x80040fe4 x24:0x00000000  x3=0x80040fe4
     310925.000 ns	     31091	8000684c	0276feb3	remu	x29,x13,x7	 x13:0x00000000  x7:0xffffffef x29=0x00000000
     310965.000 ns	     31095	80006850	5807c153	fsqrt.s	f2,f15	 f15:0x7fc00000  f2=0x7fc00000
     310985.000 ns	     31097	80006854	01ed8b33	add	x22,x27,x30	 x27:0xfffff857 x30:0xf9972408 x22=0xf9971c5f
     310995.000 ns	     31098	80006858	00016a33	or	x20,x2,x0	  x2:0xf9972418  x0:0x00000000 x20=0xf9972418
     311015.000 ns	     31100	8000685c	f00b86d3	fmv.w.x	f13,x23	 x23:0x00000000 f13=0x00000000
     311045.000 ns	     31103	80006860	e0050753	fmv.x.w	x14,f10	 f10:0xcf799723 x14=0xcf799723
     311075.000 ns	     31106	80006864	21201753	fsgnjn.s	f14,f0,f18	  f0:0x4f799723 f18:0xc2800000 f14=0x4f799723
     311105.000 ns	     31109	80006868	c0067bd3	fcvt.w.s	x23,f12	 f12:0x7fc00000 x23=0x7fffffff
     311135.000 ns	     31112	8000686c	a113af53	feq.s	x30,f7,f17	  f7:0x7fc00000 f17:0x43df8000 x30=0x00000000
     311155.000 ns	     31114	80006870	928b2513	slti	x10,x22,-1752	 x22:0xf9971c5f x10=0x00000001
     311165.000 ns	     31115	80006874	00fb8f33	add	x30,x23,x15	 x23:0x7fffffff x15:0x00000000 x30=0x7fffffff
     311175.000 ns	     31116	80006878	6b767f37	lui	x30,0x6b767	 x30=0x6b767000
     311185.000 ns	     31117	8000687c	00cc9433	sll	x8,x25,x12	 x25:0x00000000 x12:0xffffffff  x8=0x00000000
     311205.000 ns	     31119	80006880	a108ab53	feq.s	x22,f17,f16	 f17:0x43df8000 f16:0x4f799723 x22=0x00000000
     311235.000 ns	     31122	80006884	21acabd3	fsgnjx.s	f23,f25,f26	 f25:0x7f800000 f26:0xbf800000 f23=0xff800000
     311265.000 ns	     31125	80006888	02fe6f33	rem	x30,x28,x15	 x28:0x80040fe4 x15:0x00000000 x30=0x80040fe4
     311295.000 ns	     31128	8000688c	c008f053	fcvt.w.s	x0,f17	 f17:0x43df8000
     311325.000 ns	     31131	80006890	f0010053	fmv.w.x	f0,x2	  x2:0xf9972418  f0=0xf9972418
     311355.000 ns	     31134	80006894	c01e71d3	fcvt.wu.s	x3,f28	 f28:0x86800000  x3=0x00000000
     311375.000 ns	     31136	80006898	01e39093	slli	x1,x7,0x1e	  x7:0xffffffef  x1=0xc0000000
     311395.000 ns	     31138	8000689c	d01f7853	fcvt.s.wu	f16,x30	 x30:0x80040fe4 f16=0x4f00040f
     311435.000 ns	     31142	800068a0	18b4fdd3	fdiv.s	f27,f9,f11	  f9:0x00000000 f11:0x4efff7e9 f27=0x00000000
     311455.000 ns	     31144	800068a4	00de4533	xor	x10,x28,x13	 x28:0x80040fe4 x13:0x00000000 x10=0x80040fe4
     311465.000 ns	     31145	800068a8	012c1413	slli	x8,x24,0x12	 x24:0x00000000  x8=0x00000000
     311485.000 ns	     31147	800068ac	c0051653	fcvt.w.s	x12,f10	 f10:0xcf799723 x12=0x80000000
     311515.000 ns	     31150	800068b0	f00087d3	fmv.w.x	f15,x1	  x1:0xc0000000 f15=0xc0000000
     311535.000 ns	     31152	800068b4	5174c393	xori	x7,x9,1303	  x9:0x0668dd00  x7=0x0668d817
     311555.000 ns	     31154	800068b8	c01341d3	fcvt.wu.s	x3,f6	  f6:0x4f7fffff  x3=0xffffff00
     311575.000 ns	     31156	800068bc	e7b44393	xori	x7,x8,-389	  x8:0x00000000  x7=0xfffffe7b
     311595.000 ns	     31158	800068c0	212d8ad3	fsgnj.s	f21,f27,f18	 f27:0x00000000 f18:0xc2800000 f21=0x80000000
     311615.000 ns	     31160	800068c4	415ada13	srai	x20,x21,0x15	 x21:0xffffffff x20=0xffffffff
     311975.000 ns	     31196	800068c8	02315fb3	divu	x31,x2,x3	  x2:0xf9972418  x3:0xffffff00 x31=0x00000000
     312005.000 ns	     31199	800068cc	03859db3	mulh	x27,x11,x24	 x11:0x80041024 x24:0x00000000 x27=0x00000000
     312035.000 ns	     31202	800068d0	d0053fd3	fcvt.s.w	f31,x10	 x10:0x80040fe4 f31=0xcefff7e1
     312065.000 ns	     31205	800068d4	a12f0753	fle.s	x14,f30,f18	 f30:0xcf799723 f18:0xc2800000 x14=0x00000001
     312085.000 ns	     31207	800068d8	011d2ab3	slt	x21,x26,x17	 x26:0x00000000 x17:0x8b692704 x21=0x00000000
     312105.000 ns	     31209	800068dc	a1f81253	flt.s	x4,f16,f31	 f16:0x4f00040f f31:0xcefff7e1  x4=0x00000000
     312135.000 ns	     31212	800068e0	e00690d3	fclass.s	x1,f13	 f13:0x00000000  x1=0x00000010
     312155.000 ns	     31214	800068e4	0148beb3	sltu	x29,x17,x20	 x17:0x8b692704 x20:0xffffffff x29=0x00000001
     312175.000 ns	     31216	800068e8	02691033	mulh	x0,x18,x6	 x18:0x00000000  x6:0x00000000
     312195.000 ns	     31218	800068ec	01b5c0b3	xor	x1,x11,x27	 x11:0x80041024 x27:0x00000000  x1=0x80041024
     312225.000 ns	     31221	800068f0	103ffd53	fmul.s	f26,f31,f3	 f31:0xcefff7e1  f3:0x40000000 f26=0xcf7ff7e2
     312255.000 ns	     31224	800068f4	a02598d3	flt.s	x17,f11,f2	 f11:0x4efff7e9  f2:0x7fc00000 x17=0x00000000
     312285.000 ns	     31227	800068f8	a0d89253	flt.s	x4,f17,f13	 f17:0x43df8000 f13:0x00000000  x4=0x00000000
     312315.000 ns	     31230	800068fc	a1f497d3	flt.s	x15,f9,f31	  f9:0x00000000 f31:0xcefff7e1 x15=0x00000000
     312335.000 ns	     31232	80006900	00bd5513	srli	x10,x26,0xb	 x26:0x00000000 x10=0x00000000
     312355.000 ns	     31234	80006904	e0080dd3	fmv.x.w	x27,f16	 f16:0x4f00040f x27=0x4f00040f
     312405.000 ns	     31239	80006908	08eccbd3	fsub.s	f23,f25,f14	 f25:0x7f800000 f14:0x4f799723 f23=0x7f800000
     312455.000 ns	     31244	8000690c	09a57353	fsub.s	f6,f10,f26	 f10:0xcf799723 f26:0xcf7ff7e2  f6=0x4ccc17e0
     312485.000 ns	     31247	80006910	289f8153	fmin.s	f2,f31,f9	 f31:0xcefff7e1  f9:0x00000000  f2=0xcefff7e1
     312825.000 ns	     31281	80006914	19c074d3	fdiv.s	f9,f0,f28	  f0:0xf9972418 f28:0x86800000  f9=0x7f800000
     312855.000 ns	     31284	80006918	284882d3	fmin.s	f5,f17,f4	 f17:0x43df8000  f4:0x00000000  f5=0x00000000
     312885.000 ns	     31287	8000691c	03a97833	remu	x16,x18,x26	 x18:0x00000000 x26:0x00000000 x16=0x00000000
     313255.000 ns	     31324	80006920	02e94f33	div	x30,x18,x14	 x18:0x00000000 x14:0x00000001 x30=0x00000000
     313275.000 ns	     31326	80006924	00ece633	or	x12,x25,x14	 x25:0x00000000 x14:0x00000001 x12=0x00000001
     313295.000 ns	     31328	80006928	034d32b3	mulhu	x5,x26,x20	 x26:0x00000000 x20:0xffffffff  x5=0x00000000
     313325.000 ns	     31331	8000692c	21390153	fsgnj.s	f2,f18,f19	 f18:0xc2800000 f19:0x78000000  f2=0x42800000
     313355.000 ns	     31334	80006930	d0083d53	fcvt.s.w	f26,x16	 x16:0x00000000 f26=0x00000000
     313385.000 ns	     31337	80006934	d00c75d3	fcvt.s.w	f11,x24	 x24:0x00000000 f11=0x00000000
     313415.000 ns	     31340	80006938	299210d3	fmax.s	f1,f4,f25	  f4:0x00000000 f25:0x7f800000  f1=0x7f800000
     313445.000 ns	     31343	8000693c	020a93b3	mulh	x7,x21,x0	 x21:0x00000000  x0:0x00000000  x7=0x00000000
     313475.000 ns	     31346	80006940	c0108453	fcvt.wu.s	x8,f1	  f1:0x7f800000  x8=0xffffffff
     313495.000 ns	     31348	80006944	aadf7693	andi	x13,x30,-1363	 x30:0x00000000 x13=0x00000000
     313515.000 ns	     31350	80006948	e00387d3	fmv.x.w	x15,f7	  f7:0x7fc00000 x15=0x7fc00000
     313535.000 ns	     31352	8000694c	007f1cb3	sll	x25,x30,x7	 x30:0x00000000  x7:0x00000000 x25=0x00000000
     313545.000 ns	     31353	80006950	86788f93	addi	x31,x17,-1945	 x17:0x00000000 x31=0xfffff867
     313555.000 ns	     31354	80006954	418c5ab3	sra	x21,x24,x24	 x24:0x00000000 x24:0x00000000 x21=0x00000000
     313575.000 ns	     31356	80006958	298185d3	fmin.s	f11,f3,f24	  f3:0x40000000 f24:0x4f799723 f11=0x40000000
     313625.000 ns	     31361	8000695c	08cb73d3	fsub.s	f7,f22,f12	 f22:0x00000000 f12:0x7fc00000  f7=0x7fc00000
     313655.000 ns	     31364	80006960	027bfa33	remu	x20,x23,x7	 x23:0x7fffffff  x7:0x00000000 x20=0x7fffffff
     313675.000 ns	     31366	80006964	91930a13	addi	x20,x6,-1767	  x6:0x00000000 x20=0xfffff919
     313695.000 ns	     31368	80006968	035020b3	mulhsu	x1,x0,x21	  x0:0x00000000 x21:0x00000000  x1=0x00000000
     313735.000 ns	     31372	8000696c	18befcd3	fdiv.s	f25,f29,f11	 f29:0xffc00000 f11:0x40000000 f25=0x7fc00000
     313755.000 ns	     31374	80006970	6305c637	lui	x12,0x6305c	 x12=0x6305c000
     313775.000 ns	     31376	80006974	20e20453	fsgnj.s	f8,f4,f14	  f4:0x00000000 f14:0x4f799723  f8=0x00000000
     313795.000 ns	     31378	80006978	00881c13	slli	x24,x16,0x8	 x16:0x00000000 x24=0x00000000
     313805.000 ns	     31379	8000697c	b5494b13	xori	x22,x18,-1196	 x18:0x00000000 x22=0xfffffb54
     313815.000 ns	     31380	80006980	403ed7b3	sra	x15,x29,x3	 x29:0x00000001  x3:0xffffff00 x15=0x00000001
     313825.000 ns	     31381	80006984	00cee633	or	x12,x29,x12	 x29:0x00000001 x12:0x6305c000 x12=0x6305c001
     313845.000 ns	     31383	80006988	c01071d3	fcvt.wu.s	x3,f0	  f0:0xf9972418  x3=0x00000000
     313875.000 ns	     31386	8000698c	d0103553	fcvt.s.wu	f10,x0	  x0:0x00000000 f10=0x00000000
     315055.000 ns	     31504	80006990	580593d3	fsqrt.s	f7,f11	 f11:0x40000000  f7=0x3f350482
     315085.000 ns	     31507	80006994	a1fa2f53	feq.s	x30,f20,f31	 f20:0x7fc00000 f31:0xcefff7e1 x30=0x00000000
     315115.000 ns	     31510	80006998	03347c33	remu	x24,x8,x19	  x8:0xffffffff x19:0x00000000 x24=0xffffffff
     315485.000 ns	     31547	8000699c	02e951b3	divu	x3,x18,x14	 x18:0x00000000 x14:0x00000001  x3=0x00000000
     315505.000 ns	     31549	800069a0	41e906b3	sub	x13,x18,x30	 x18:0x00000000 x30:0x00000000 x13=0x00000000
     315515.000 ns	     31550	800069a4	01c9a633	slt	x12,x19,x28	 x19:0x00000000 x28:0x80040fe4 x12=0x00000000
     315535.000 ns	     31552	800069a8	e00314d3	fclass.s	x9,f6	  f6:0x4ccc17e0  x9=0x00000040
     315565.000 ns	     31555	800069ac	022bb433	mulhu	x8,x23,x2	 x23:0x7fffffff  x2:0xf9972418  x8=0x7ccb920b
     315595.000 ns	     31558	800069b0	a03707d3	fle.s	x15,f14,f3	 f14:0x4f799723  f3:0x40000000 x15=0x00000000
     315625.000 ns	     31561	800069b4	208c2853	fsgnjx.s	f16,f24,f8	 f24:0x4f799723  f8:0x00000000 f16=0x4f799723
     315645.000 ns	     31563	800069b8	40605c33	sra	x24,x0,x6	  x0:0x00000000  x6:0x00000000 x24=0x00000000
     315655.000 ns	     31564	800069bc	71ca0a13	addi	x20,x20,1820	 x20:0xfffff919 x20=0x00000035
     316015.000 ns	     31600	800069c0	03f2d1b3	divu	x3,x5,x31	  x5:0x00000000 x31:0xfffff867  x3=0x00000000
     316045.000 ns	     31603	800069c4	02e7a433	mulhsu	x8,x15,x14	 x15:0x00000000 x14:0x00000001  x8=0x00000000
     316065.000 ns	     31605	800069c8	000a9b33	sll	x22,x21,x0	 x21:0x00000000  x0:0x00000000 x22=0x00000000
     316085.000 ns	     31607	800069cc	a17f9253	flt.s	x4,f31,f23	 f31:0xcefff7e1 f23:0x7f800000  x4=0x00000001
     316105.000 ns	     31609	800069d0	01d89993	slli	x19,x17,0x1d	 x17:0x00000000 x19=0x00000000
     316115.000 ns	     31610	800069d4	d8a48293	addi	x5,x9,-630	  x9:0x00000040  x5=0xfffffdca
     316135.000 ns	     31612	800069d8	03c40433	mul	x8,x8,x28	  x8:0x00000000 x28:0x80040fe4  x8=0x00000000
     316165.000 ns	     31615	800069dc	c0140f53	fcvt.wu.s	x30,f8	  f8:0x00000000 x30=0x00000000
     316195.000 ns	     31618	800069e0	03783533	mulhu	x10,x16,x23	 x16:0x00000000 x23:0x7fffffff x10=0x00000000
     316225.000 ns	     31621	800069e4	036a1cb3	mulh	x25,x20,x22	 x20:0x00000035 x22:0x00000000 x25=0x00000000
     316255.000 ns	     31624	800069e8	c0093d53	fcvt.w.s	x26,f18	 f18:0xc2800000 x26=0xffffffc0
     316275.000 ns	     31626	800069ec	011120b3	slt	x1,x2,x17	  x2:0xf9972418 x17:0x00000000  x1=0x00000001
     316305.000 ns	     31629	800069f0	19d48953	fdiv.s	f18,f9,f29	  f9:0x7f800000 f29:0xffc00000 f18=0x7fc00000
     316325.000 ns	     31631	800069f4	019e48b3	xor	x17,x28,x25	 x28:0x80040fe4 x25:0x00000000 x17=0x80040fe4
     316335.000 ns	     31632	800069f8	014bec33	or	x24,x23,x20	 x23:0x7fffffff x20:0x00000035 x24=0x7fffffff
     316355.000 ns	     31634	800069fc	28231ed3	fmax.s	f29,f6,f2	  f6:0x4ccc17e0  f2:0x42800000 f29=0x4ccc17e0
     316405.000 ns	     31639	80006a00	0037b6d3	fadd.s	f13,f15,f3	 f15:0xc0000000  f3:0x40000000 f13=0x00000000
     316435.000 ns	     31642	80006a04	d00ccb53	fcvt.s.w	f22,x25	 x25:0x00000000 f22=0x00000000
     316465.000 ns	     31645	80006a08	c00677d3	fcvt.w.s	x15,f12	 f12:0x7fc00000 x15=0x7fffffff
     316485.000 ns	     31647	80006a0c	01468233	add	x4,x13,x20	 x13:0x00000000 x20:0x00000035  x4=0x00000035
     316505.000 ns	     31649	80006a10	d00696d3	fcvt.s.w	f13,x13	 x13:0x00000000 f13=0x00000000
     316525.000 ns	     31651	80006a14	402f07b3	sub	x15,x30,x2	 x30:0x00000000  x2:0xf9972418 x15=0x0668dbe8
     316545.000 ns	     31653	80006a18	28f019d3	fmax.s	f19,f0,f15	  f0:0xf9972418 f15:0xc0000000 f19=0xc0000000
     316575.000 ns	     31656	80006a1c	030b7d33	remu	x26,x22,x16	 x22:0x00000000 x16:0x00000000 x26=0x00000000
     316595.000 ns	     31658	80006a20	40b9da33	sra	x20,x19,x11	 x19:0x00000000 x11:0x80041024 x20=0x00000000
     316625.000 ns	     31661	80006a24	580575d3	fsqrt.s	f11,f10	 f10:0x00000000 f11=0x00000000
     316995.000 ns	     31698	80006a28	02fa68b3	rem	x17,x20,x15	 x20:0x00000035 x15:0x0668dbe8 x17=0x00000000
     317015.000 ns	     31700	80006a2c	e9231ab7	lui	x21,0xe9231	 x21=0xe9231000
     317035.000 ns	     31702	80006a30	031d2733	mulhsu	x14,x26,x17	 x26:0x00000000 x17:0x00000000 x14=0x00000000
     317065.000 ns	     31705	80006a34	20d597d3	fsgnjn.s	f15,f11,f13	 f11:0x00000000 f13:0x00000000 f15=0x80000000
     317095.000 ns	     31708	80006a38	022731b3	mulhu	x3,x14,x2	 x14:0x00000000  x2:0xf9972418  x3=0x00000000
     317115.000 ns	     31710	80006a3c	94953a93	sltiu	x21,x10,-1719	 x10:0x00000000 x21=0x00000001
     317125.000 ns	     31711	80006a40	0009d513	srli	x10,x19,0x0	 x19:0x00000000 x10=0x00000000
     317145.000 ns	     31713	80006a44	0236e533	rem	x10,x13,x3	 x13:0x00000000  x3:0x00000000 x10=0x00000000
     317175.000 ns	     31716	80006a48	a0412fd3	feq.s	x31,f2,f4	  f2:0x42800000  f4:0x00000000 x31=0x00000000
     317205.000 ns	     31719	80006a4c	a05017d3	flt.s	x15,f0,f5	  f0:0xf9972418  f5:0x00000000 x15=0x00000001
     317235.000 ns	     31722	80006a50	d00379d3	fcvt.s.w	f19,x6	  x6:0x00000000 f19=0x00000000
     317275.000 ns	     31726	80006a54	11baffd3	fmul.s	f31,f21,f27	 f21:0x80000000 f27:0x00000000 f31=0x80000000
     317305.000 ns	     31729	80006a58	02d71fb3	mulh	x31,x14,x13	 x14:0x00000000 x13:0x00000000 x31=0x00000000
     317325.000 ns	     31731	80006a5c	667ae293	ori	x5,x21,1639	 x21:0x00000001  x5=0x00000667
     317335.000 ns	     31732	80006a60	7d067eb7	lui	x29,0x7d067	 x29=0x7d067000
     317345.000 ns	     31733	80006a64	40175b13	srai	x22,x14,0x1	 x14:0x00000000 x22=0x00000000
     317365.000 ns	     31735	80006a68	03f0fdb3	remu	x27,x1,x31	  x1:0x00000001 x31:0x00000000 x27=0x00000001
     317395.000 ns	     31738	80006a6c	293a1453	fmax.s	f8,f20,f19	 f20:0x7fc00000 f19:0x00000000  f8=0x00000000
     317445.000 ns	     31743	80006a70	007c7cd3	fadd.s	f25,f24,f7	 f24:0x4f799723  f7:0x3f350482 f25=0x4f799723
     317465.000 ns	     31745	80006a74	9737eb97	auipc	x23,0x9737e	 x23=0x17384a74
     317495.000 ns	     31748	80006a78	101bcf53	fmul.s	f30,f23,f1	 f23:0x7f800000  f1:0x7f800000 f30=0x7f800000
     317515.000 ns	     31750	80006a7c	9436c513	xori	x10,x13,-1725	 x13:0x00000000 x10=0xfffff943
     317525.000 ns	     31751	80006a80	00639e93	slli	x29,x7,0x6	  x7:0x00000000 x29=0x00000000
     317535.000 ns	     31752	80006a84	40a55fb3	sra	x31,x10,x10	 x10:0x00000000 x10:0x00000000 x31=0xffffff28
     317555.000 ns	     31754	80006a88	a12e0953	fle.s	x18,f28,f18	 f28:0x86800000 f18:0x7fc00000 x18=0x00000000
     317575.000 ns	     31756	80006a8c	41c58933	sub	x18,x11,x28	 x11:0x80041024 x28:0x80040fe4 x18=0x00000040
     317585.000 ns	     31757	80006a90	41ae86b3	sub	x13,x29,x26	 x29:0x00000000 x26:0x00000000 x13=0x00000000
     317595.000 ns	     31758	80006a94	f07efa93	andi	x21,x29,-249	 x29:0x00000000 x21=0x00000000
     317615.000 ns	     31760	80006a98	205d2753	fsgnjx.s	f14,f26,f5	 f26:0x00000000  f5:0x00000000 f14=0x00000000
     317635.000 ns	     31762	80006a9c	01a701b3	add	x3,x14,x26	 x14:0x00000000 x26:0x00000000  x3=0x00000000
     317645.000 ns	     31763	80006aa0	003bdeb3	srl	x29,x23,x3	 x23:0x17384a74  x3:0x00000000 x29=0x17384a74
     317675.000 ns	     31766	80006aa4	196afcd3	fdiv.s	f25,f21,f22	 f21:0x80000000 f22:0x00000000 f25=0x7fc00000
     317705.000 ns	     31769	80006aa8	e00f9cd3	fclass.s	x25,f31	 f31:0x80000000 x25=0x00000008
     318885.000 ns	     31887	80006aac	5808ab53	fsqrt.s	f22,f17	 f17:0x43df8000 f22=0x41a92395
     318905.000 ns	     31889	80006ab0	48bd6d93	ori	x27,x26,1163	 x26:0x00000000 x27=0x0000048b
     318925.000 ns	     31891	80006ab4	20439a53	fsgnjn.s	f20,f7,f4	  f7:0x3f350482  f4:0x00000000 f20=0xbf350482
     318955.000 ns	     31894	80006ab8	e0040b53	fmv.x.w	x22,f8	  f8:0x00000000 x22=0x00000000
     318985.000 ns	     31897	80006abc	a0e2a2d3	feq.s	x5,f5,f14	  f5:0x00000000 f14:0x00000000  x5=0x00000001
     319005.000 ns	     31899	80006ac0	001b0b33	add	x22,x22,x1	 x22:0x00000000  x1:0x00000001 x22=0x00000001
     319025.000 ns	     31901	80006ac4	a12206d3	fle.s	x13,f4,f18	  f4:0x00000000 f18:0x7fc00000 x13=0x00000000
     319045.000 ns	     31903	80006ac8	d959c993	xori	x19,x19,-619	 x19:0x00000000 x19=0xfffffd95
     319065.000 ns	     31905	80006acc	f00a00d3	fmv.w.x	f1,x20	 x20:0x00000000  f1=0x00000000
     319085.000 ns	     31907	80006ad0	005d4b33	xor	x22,x26,x5	 x26:0x00000000  x5:0x00000001 x22=0x00000001
     319105.000 ns	     31909	80006ad4	e00217d3	fclass.s	x15,f4	  f4:0x00000000 x15=0x00000010
     319125.000 ns	     31911	80006ad8	01619c13	slli	x24,x3,0x16	  x3:0x00000000 x24=0x00000000
     319135.000 ns	     31912	80006adc	7d00cb93	xori	x23,x1,2000	  x1:0x00000001 x23=0x000007d1
     319145.000 ns	     31913	80006ae0	01f19933	sll	x18,x3,x31	  x3:0x00000000 x31:0xffffff28 x18=0x00000000
     319155.000 ns	     31914	80006ae4	01418033	add	x0,x3,x20	  x3:0x00000000 x20:0x00000000
     319165.000 ns	     31915	80006ae8	40585233	sra	x4,x16,x5	 x16:0x00000000  x5:0x00000001  x4=0x00000000
     319185.000 ns	     31917	80006aec	d01a16d3	fcvt.s.wu	f13,x20	 x20:0x00000000 f13=0x00000000
     319205.000 ns	     31919	80006af0	401a5eb3	sra	x29,x20,x1	 x20:0x00000000  x1:0x00000001 x29=0x00000000
     319225.000 ns	     31921	80006af4	c00bfd53	fcvt.w.s	x26,f23	 f23:0x7f800000 x26=0x7fffffff
     319245.000 ns	     31923	80006af8	01dd6ab3	or	x21,x26,x29	 x26:0x00000000 x29:0x17384a74 x21=0x7fffffff
     319265.000 ns	     31925	80006afc	28eb8353	fmin.s	f6,f23,f14	 f23:0x7f800000 f14:0x00000000  f6=0x00000000
     319295.000 ns	     31928	80006b00	20849b53	fsgnjn.s	f22,f9,f8	  f9:0x7f800000  f8:0x00000000 f22=0xff800000
     319325.000 ns	     31931	80006b04	e0070653	fmv.x.w	x12,f14	 f14:0x00000000 x12=0x00000000
     319345.000 ns	     31933	80006b08	41a208b3	sub	x17,x4,x26	  x4:0x00000000 x26:0x7fffffff x17=0x80000001
     319355.000 ns	     31934	80006b0c	ca00e293	ori	x5,x1,-864	  x1:0x00000001  x5=0xfffffca1
     319375.000 ns	     31936	80006b10	c0197a53	fcvt.wu.s	x20,f18	 f18:0x7fc00000 x20=0xffffffff
     319395.000 ns	     31938	80006b14	0d932013	slti	x0,x6,217	  x6:0x00000000
     319415.000 ns	     31940	80006b18	d01cf3d3	fcvt.s.wu	f7,x25	 x25:0x00000008  f7=0x41000000
     319435.000 ns	     31942	80006b1c	d4eccc37	lui	x24,0xd4ecc	 x24=0xd4ecc000
     319445.000 ns	     31943	80006b20	df0a8537	lui	x10,0xdf0a8	 x10=0xdf0a8000
     319455.000 ns	     31944	80006b24	00000013	addi	x0,x0,0	  x0:0x00000000
     319465.000 ns	     31945	80006b28	0089eeb3	or	x29,x19,x8	 x19:0xfffffd95  x8:0x00000000 x29=0xfffffd95
     319485.000 ns	     31947	80006b2c	200b2cd3	fsgnjx.s	f25,f22,f0	 f22:0xff800000  f0:0xf9972418 f25=0x7f800000
     319525.000 ns	     31951	80006b30	18d372d3	fdiv.s	f5,f6,f13	  f6:0x00000000 f13:0x00000000  f5=0x7fc00000
     319565.000 ns	     31955	80006b34	58027b53	fsqrt.s	f22,f4	  f4:0x00000000 f22=0x00000000
     319585.000 ns	     31957	80006b38	540b1197	auipc	x3,0x540b1	  x3=0xd40b7b38
     319605.000 ns	     31959	80006b3c	215c2853	fsgnjx.s	f16,f24,f21	 f24:0x4f799723 f21:0x80000000 f16=0xcf799723
     319625.000 ns	     31961	80006b40	c6826293	ori	x5,x4,-920	  x4:0x00000000  x5=0xfffffc68
     319635.000 ns	     31962	80006b44	00c4d1b3	srl	x3,x9,x12	  x9:0x00000040 x12:0x00000000  x3=0x00000040
     319645.000 ns	     31963	80006b48	40470bb3	sub	x23,x14,x4	 x14:0x00000000  x4:0x00000000 x23=0x00000000
     319665.000 ns	     31965	80006b4c	21d70dd3	fsgnj.s	f27,f14,f29	 f14:0x00000000 f29:0x4ccc17e0 f27=0x00000000
     320035.000 ns	     32002	80006b50	03b8d2b3	divu	x5,x17,x27	 x17:0x80000001 x27:0x0000048b  x5=0x001c2ce7
     320065.000 ns	     32005	80006b54	214a93d3	fsgnjn.s	f7,f21,f20	 f21:0x80000000 f20:0xbf350482  f7=0x00000000
     320095.000 ns	     32008	80006b58	a0d9aad3	feq.s	x21,f19,f13	 f19:0x00000000 f13:0x00000000 x21=0x00000001
     320125.000 ns	     32011	80006b5c	036286b3	mul	x13,x5,x22	  x5:0x001c2ce7 x22:0x00000001 x13=0x001c2ce7
     320145.000 ns	     32013	80006b60	01e91a33	sll	x20,x18,x30	 x18:0x00000000 x30:0x00000000 x20=0x00000000
     320155.000 ns	     32014	80006b64	40055513	srai	x10,x10,0x0	 x10:0xdf0a8000 x10=0xdf0a8000
     320165.000 ns	     32015	80006b68	5a084493	xori	x9,x16,1440	 x16:0x00000000  x9=0x000005a0
     320525.000 ns	     32051	80006b6c	039b4333	div	x6,x22,x25	 x22:0x00000001 x25:0x00000008  x6=0x00000000
     320895.000 ns	     32088	80006b70	03376033	rem	x0,x14,x19	 x14:0x00000000 x19:0xfffffd95
     320915.000 ns	     32090	80006b74	005190b3	sll	x1,x3,x5	  x3:0x00000040  x5:0x001c2ce7  x1=0x00002000
     320925.000 ns	     32091	80006b78	00c16033	or	x0,x2,x12	  x2:0xf9972418 x12:0x00000000
     320935.000 ns	     32092	80006b7c	004a77b3	and	x15,x20,x4	 x20:0x00000000  x4:0x00000000 x15=0x00000000
     320945.000 ns	     32093	80006b80	015b7fb3	and	x31,x22,x21	 x22:0x00000001 x21:0x00000001 x31=0x00000001
     320955.000 ns	     32094	80006b84	2895c037	lui	x0,0x2895c	
     320965.000 ns	     32095	80006b88	0a758d13	addi	x26,x11,167	 x11:0x80041024 x26=0x800410cb
     320985.000 ns	     32097	80006b8c	20631fd3	fsgnjn.s	f31,f6,f6	  f6:0x00000000  f6:0x00000000 f31=0x80000000
     321005.000 ns	     32099	80006b90	ffdc1db7	lui	x27,0xffdc1	 x27=0xffdc1000
     321015.000 ns	     32100	80006b94	40f6dfb3	sra	x31,x13,x15	 x13:0x001c2ce7 x15:0x00000000 x31=0x001c2ce7
     321035.000 ns	     32102	80006b98	032938b3	mulhu	x17,x18,x18	 x18:0x00000000 x18:0x00000000 x17=0x00000000
     321065.000 ns	     32105	80006b9c	21b01853	fsgnjn.s	f16,f0,f27	  f0:0xf9972418 f27:0x00000000 f16=0xf9972418
     321095.000 ns	     32108	80006ba0	0386a633	mulhsu	x12,x13,x24	 x13:0x001c2ce7 x24:0xd4ecc000 x12=0x00176f3d
     321115.000 ns	     32110	80006ba4	40075e93	srai	x29,x14,0x0	 x14:0x00000000 x29=0x00000000
     321155.000 ns	     32114	80006ba8	09fec153	fsub.s	f2,f29,f31	 f29:0x4ccc17e0 f31:0x80000000  f2=0x4ccc17e0
     321185.000 ns	     32117	80006bac	0263eb33	rem	x22,x7,x6	  x7:0x00000000  x6:0x00000000 x22=0x00000000
     321205.000 ns	     32119	80006bb0	5f1ee493	ori	x9,x29,1521	 x29:0x00000000  x9=0x000005f1
     321565.000 ns	     32155	80006bb4	0211fc33	remu	x24,x3,x1	  x3:0x00000040  x1:0x00002000 x24=0x00000040
     321585.000 ns	     32157	80006bb8	00c19413	slli	x8,x3,0xc	  x3:0x00000040  x8=0x00040000
     321605.000 ns	     32159	80006bbc	a04aafd3	feq.s	x31,f21,f4	 f21:0x80000000  f4:0x00000000 x31=0x00000001
     321635.000 ns	     32162	80006bc0	218fa053	fsgnjx.s	f0,f31,f24	 f31:0x80000000 f24:0x4f799723  f0=0x80000000
     321655.000 ns	     32164	80006bc4	d1096b17	auipc	x22,0xd1096	 x22=0x5109cbc4
     322015.000 ns	     32200	80006bc8	02b75d33	divu	x26,x14,x11	 x14:0x00000000 x11:0x80041024 x26=0x00000000
     322045.000 ns	     32203	80006bcc	28569853	fmax.s	f16,f13,f5	 f13:0x00000000  f5:0x7fc00000 f16=0x00000000
     322075.000 ns	     32206	80006bd0	2011a3d3	fsgnjx.s	f7,f3,f1	  f3:0x40000000  f1:0x00000000  f7=0x40000000
     322095.000 ns	     32208	80006bd4	00000013	addi	x0,x0,0	  x0:0x00000000
     323265.000 ns	     32325	80006bd8	580892d3	fsqrt.s	f5,f17	 f17:0x43df8000  f5=0x41a92395
     323295.000 ns	     32328	80006bdc	0315a933	mulhsu	x18,x11,x17	 x11:0x80041024 x17:0x00000000 x18=0x00000000
     323315.000 ns	     32330	80006be0	40825793	srai	x15,x4,0x8	  x4:0x00000000 x15=0x00000000
     323325.000 ns	     32331	80006be4	cbb30d93	addi	x27,x6,-837	  x6:0x00000000 x27=0xfffffcbb
     323685.000 ns	     32367	80006be8	02a849b3	div	x19,x16,x10	 x16:0x00000000 x10:0xdf0a8000 x19=0x00000000
     323705.000 ns	     32369	80006bec	00c45eb3	srl	x29,x8,x12	  x8:0x00040000 x12:0x00176f3d x29=0x00000000
     323715.000 ns	     32370	80006bf0	00cfd693	srli	x13,x31,0xc	 x31:0x00000001 x13=0x00000000
     323725.000 ns	     32371	80006bf4	2c778f13	addi	x30,x15,711	 x15:0x00000000 x30=0x000002c7
     323745.000 ns	     32373	80006bf8	e00803d3	fmv.x.w	x7,f16	 f16:0x00000000  x7=0x00000000
     323765.000 ns	     32375	80006bfc	009e9613	slli	x12,x29,0x9	 x29:0x00000000 x12=0x00000000
     323795.000 ns	     32378	80006c00	58004453	fsqrt.s	f8,f0	  f0:0x80000000  f8=0x80000000
     323825.000 ns	     32381	80006c04	d00aa353	fcvt.s.w	f6,x21	 x21:0x00000001  f6=0x3f800000
     323855.000 ns	     32384	80006c08	d01a22d3	fcvt.s.wu	f5,x20	 x20:0x00000000  f5=0x00000000
     323875.000 ns	     32386	80006c0c	41325193	srai	x3,x4,0x13	  x4:0x00000000  x3=0x00000000
     323885.000 ns	     32387	80006c10	2a378013	addi	x0,x15,675	 x15:0x00000000
     323895.000 ns	     32388	80006c14	00da5093	srli	x1,x20,0xd	 x20:0x00000000  x1=0x00000000
     323915.000 ns	     32390	80006c18	e0061c53	fclass.s	x24,f12	 f12:0x7fc00000 x24=0x00000200
     323935.000 ns	     32392	80006c1c	00e3c933	xor	x18,x7,x14	  x7:0x00000000 x14:0x00000000 x18=0x00000000
     323955.000 ns	     32394	80006c20	d01baed3	fcvt.s.wu	f29,x23	 x23:0x00000000 f29=0x00000000
     323985.000 ns	     32397	80006c24	28de8353	fmin.s	f6,f29,f13	 f29:0x4ccc17e0 f13:0x00000000  f6=0x00000000
     324005.000 ns	     32399	80006c28	00000013	addi	x0,x0,0	  x0:0x00000000
     324025.000 ns	     32401	80006c2c	21f6a2d3	fsgnjx.s	f5,f13,f31	 f13:0x00000000 f31:0x80000000  f5=0x80000000
     324045.000 ns	     32403	80006c30	41fb86b3	sub	x13,x23,x31	 x23:0x00000000 x31:0x00000001 x13=0xffffffff
     324055.000 ns	     32404	80006c34	40d8e893	ori	x17,x17,1037	 x17:0x00000000 x17=0x0000040d
     324065.000 ns	     32405	80006c38	013cfab3	and	x21,x25,x19	 x25:0x00000008 x19:0x00000000 x21=0x00000000
     324075.000 ns	     32406	80006c3c	b32c0193	addi	x3,x24,-1230	 x24:0x00000200  x3=0xfffffd32
     324085.000 ns	     32407	80006c40	41d703b3	sub	x7,x14,x29	 x14:0x00000000 x29:0x00000000  x7=0x00000000
     324095.000 ns	     32408	80006c44	003ac833	xor	x16,x21,x3	 x21:0x00000000  x3:0x00000000 x16=0xfffffd32
     324115.000 ns	     32410	80006c48	030a28b3	mulhsu	x17,x20,x16	 x20:0x00000000 x16:0x00000000 x17=0x00000000
     324135.000 ns	     32412	80006c4c	01beb733	sltu	x14,x29,x27	 x29:0x00000000 x27:0xfffffcbb x14=0x00000001
     324155.000 ns	     32414	80006c50	031269b3	rem	x19,x4,x17	  x4:0x00000000 x17:0x00000000 x19=0x00000000
     324185.000 ns	     32417	80006c54	211aaed3	fsgnjx.s	f29,f21,f17	 f21:0x80000000 f17:0x43df8000 f29=0x80000000
     324205.000 ns	     32419	80006c58	00f52bb3	slt	x23,x10,x15	 x10:0xdf0a8000 x15:0x00000000 x23=0x00000001
     324225.000 ns	     32421	80006c5c	e00c9853	fclass.s	x16,f25	 f25:0x7f800000 x16=0x00000080
     324275.000 ns	     32426	80006c60	09807253	fsub.s	f4,f0,f24	  f0:0x80000000 f24:0x4f799723  f4=0xcf799723
     324295.000 ns	     32428	80006c64	d6e86613	ori	x12,x16,-658	 x16:0x00000080 x12=0xfffffdee
     324315.000 ns	     32430	80006c68	21a52253	fsgnjx.s	f4,f10,f26	 f10:0x00000000 f26:0x00000000  f4=0x00000000
     324355.000 ns	     32434	80006c6c	5806f6d3	fsqrt.s	f13,f13	 f13:0x00000000 f13=0x00000000
     324385.000 ns	     32437	80006c70	a14318d3	flt.s	x17,f6,f20	  f6:0x00000000 f20:0xbf350482 x17=0x00000000
     324405.000 ns	     32439	80006c74	0129b7b3	sltu	x15,x19,x18	 x19:0x00000000 x18:0x00000000 x15=0x00000000
     324415.000 ns	     32440	80006c78	400c5733	sra	x14,x24,x0	 x24:0x00000200  x0:0x00000000 x14=0x00000200
     324425.000 ns	     32441	80006c7c	2143c893	xori	x17,x7,532	  x7:0x00000000 x17=0x00000214
     324435.000 ns	     32442	80006c80	405853b3	sra	x7,x16,x5	 x16:0x00000080  x5:0x001c2ce7  x7=0x00000001
     324445.000 ns	     32443	80006c84	3d9e4313	xori	x6,x28,985	 x28:0x80040fe4  x6=0x80040c3d
     324455.000 ns	     32444	80006c88	1ed12213	slti	x4,x2,493	  x2:0xf9972418  x4=0x00000001
     324475.000 ns	     32446	80006c8c	032098b3	mulh	x17,x1,x18	  x1:0x00000000 x18:0x00000000 x17=0x00000000
     324505.000 ns	     32449	80006c90	c008bed3	fcvt.w.s	x29,f17	 f17:0x43df8000 x29=0x000001bf
     324555.000 ns	     32454	80006c94	01b2b053	fadd.s	f0,f5,f27	  f5:0x80000000 f27:0x00000000  f0=0x00000000
     324605.000 ns	     32459	80006c98	0901f4d3	fsub.s	f9,f3,f16	  f3:0x40000000 f16:0x00000000  f9=0x40000000
     324625.000 ns	     32461	80006c9c	fefa2313	slti	x6,x20,-17	 x20:0x00000000  x6=0x00000000
     324635.000 ns	     32462	80006ca0	00879bb3	sll	x23,x15,x8	 x15:0x00000000  x8:0x00040000 x23=0x00000000
     324655.000 ns	     32464	80006ca4	a07a09d3	fle.s	x19,f20,f7	 f20:0xbf350482  f7:0x40000000 x19=0x00000001
     324685.000 ns	     32467	80006ca8	a1b02753	feq.s	x14,f0,f27	  f0:0x00000000 f27:0x00000000 x14=0x00000001
     324705.000 ns	     32469	80006cac	4028d693	srai	x13,x17,0x2	 x17:0x00000000 x13=0x00000000
     324715.000 ns	     32470	80006cb0	01624ab3	xor	x21,x4,x22	  x4:0x00000001 x22:0x5109cbc4 x21=0x5109cbc5
     324735.000 ns	     32472	80006cb4	03416bb3	rem	x23,x2,x20	  x2:0xf9972418 x20:0x00000000 x23=0xf9972418
     324755.000 ns	     32474	80006cb8	48ac7f37	lui	x30,0x48ac7	 x30=0x48ac7000
     324765.000 ns	     32475	80006cbc	00d42d33	slt	x26,x8,x13	  x8:0x00040000 x13:0x00000000 x26=0x00000000
     324785.000 ns	     32477	80006cc0	c01cc553	fcvt.wu.s	x10,f25	 f25:0x7f800000 x10=0xffffffff
     324805.000 ns	     32479	80006cc4	6a100d93	addi	x27,x0,1697	  x0:0x00000000 x27=0x000006a1
     324825.000 ns	     32481	80006cc8	d015f853	fcvt.s.wu	f16,x11	 x11:0x80041024 f16=0x4f000410
     324875.000 ns	     32486	80006ccc	00e978d3	fadd.s	f17,f18,f14	 f18:0x7fc00000 f14:0x00000000 f17=0x7fc00000
     324905.000 ns	     32489	80006cd0	d0051453	fcvt.s.w	f8,x10	 x10:0xffffffff  f8=0xbf800000
     324935.000 ns	     32492	80006cd4	025539b3	mulhu	x19,x10,x5	 x10:0xffffffff  x5:0x001c2ce7 x19=0x001c2ce6
     324955.000 ns	     32494	80006cd8	8126bf13	sltiu	x30,x13,-2030	 x13:0x00000000 x30=0x00000001
     324965.000 ns	     32495	80006cdc	fafbec13	ori	x24,x23,-81	 x23:0xf9972418 x24=0xffffffbf
     324975.000 ns	     32496	80006ce0	0174af33	slt	x30,x9,x23	  x9:0x000005f1 x23:0xf9972418 x30=0x00000000
     324985.000 ns	     32497	80006ce4	007a9613	slli	x12,x21,0x7	 x21:0x5109cbc5 x12=0x84e5e280
     325025.000 ns	     32501	80006ce8	096cc8d3	fsub.s	f17,f25,f22	 f25:0x7f800000 f22:0x00000000 f17=0x7f800000
     325055.000 ns	     32504	80006cec	03fa1f33	mulh	x30,x20,x31	 x20:0x00000000 x31:0x00000001 x30=0x00000000
     325075.000 ns	     32506	80006cf0	00ff09b3	add	x19,x30,x15	 x30:0x00000000 x15:0x00000000 x19=0x00000000
     325095.000 ns	     32508	80006cf4	03277cb3	remu	x25,x14,x18	 x14:0x00000001 x18:0x00000000 x25=0x00000001
     325465.000 ns	     32545	80006cf8	028ad333	divu	x6,x21,x8	 x21:0x5109cbc5  x8:0x00040000  x6=0x00001442
     325485.000 ns	     32547	80006cfc	2c668993	addi	x19,x13,710	 x13:0x00000000 x19=0x000002c6
     325505.000 ns	     32549	80006d00	207f9553	fsgnjn.s	f10,f31,f7	 f31:0x80000000  f7:0x40000000 f10=0x80000000
     325525.000 ns	     32551	80006d04	00289493	slli	x9,x17,0x2	 x17:0x00000000  x9=0x00000000
     325545.000 ns	     32553	80006d08	f0030453	fmv.w.x	f8,x6	  x6:0x00001442  f8=0x00001442
     325565.000 ns	     32555	80006d0c	41800633	sub	x12,x0,x24	  x0:0x00000000 x24:0xffffffbf x12=0x00000041
     325575.000 ns	     32556	80006d10	001e0233	add	x4,x28,x1	 x28:0x80040fe4  x1:0x00000000  x4=0x80040fe4
     325585.000 ns	     32557	80006d14	01e39d13	slli	x26,x7,0x1e	  x7:0x00000001 x26=0x40000000
     325615.000 ns	     32560	80006d18	58094fd3	fsqrt.s	f31,f18	 f18:0x7fc00000 f31=0x7fc00000
     325645.000 ns	     32563	80006d1c	021e4033	div	x0,x28,x1	 x28:0x80040fe4  x1:0x00000000
     326015.000 ns	     32600	80006d20	03a46833	rem	x16,x8,x26	  x8:0x00040000 x26:0x40000000 x16=0x00040000
     326035.000 ns	     32602	80006d24	d289eb13	ori	x22,x19,-728	 x19:0x000002c6 x22=0xffffffee
     326065.000 ns	     32605	80006d28	10ebbbd3	fmul.s	f23,f23,f14	 f23:0x7f800000 f14:0x00000000 f23=0x7fc00000
     326085.000 ns	     32607	80006d2c	01db9913	slli	x18,x23,0x1d	 x23:0xf9972418 x18=0x00000000
     326105.000 ns	     32609	80006d30	a1ef80d3	fle.s	x1,f31,f30	 f31:0x7fc00000 f30:0x7f800000  x1=0x00000000
     326135.000 ns	     32612	80006d34	21b691d3	fsgnjn.s	f3,f13,f27	 f13:0x00000000 f27:0x00000000  f3=0x80000000
     326155.000 ns	     32614	80006d38	00fcca33	xor	x20,x25,x15	 x25:0x00000001 x15:0x00000000 x20=0x00000001
     326165.000 ns	     32615	80006d3c	011bbb33	sltu	x22,x23,x17	 x23:0xf9972418 x17:0x00000000 x22=0x00000000
     326175.000 ns	     32616	80006d40	00715993	srli	x19,x2,0x7	  x2:0xf9972418 x19=0x01f32e48
     326185.000 ns	     32617	80006d44	00eb1c33	sll	x24,x22,x14	 x22:0xffffffee x14:0x00000001 x24=0x00000000
     326195.000 ns	     32618	80006d48	756fbb93	sltiu	x23,x31,1878	 x31:0x00000001 x23=0x00000001
     326225.000 ns	     32621	80006d4c	580fb853	fsqrt.s	f16,f31	 f31:0x7fc00000 f16=0x7fc00000
     326255.000 ns	     32624	80006d50	02e40bb3	mul	x23,x8,x14	  x8:0x00040000 x14:0x00000001 x23=0x00040000
     326275.000 ns	     32626	80006d54	008d9193	slli	x3,x27,0x8	 x27:0x000006a1  x3=0x0006a100
     326295.000 ns	     32628	80006d58	033a3b33	mulhu	x22,x20,x19	 x20:0x00000001 x19:0x01f32e48 x22=0x00000000
     326325.000 ns	     32631	80006d5c	02be93b3	mulh	x7,x29,x11	 x29:0x000001bf x11:0x80041024  x7=0xffffff20
     326355.000 ns	     32634	80006d60	028928b3	mulhsu	x17,x18,x8	 x18:0x00000000  x8:0x00040000 x17=0x00000000
     326375.000 ns	     32636	80006d64	546b7993	andi	x19,x22,1350	 x22:0x00000000 x19=0x00000000
     326395.000 ns	     32638	80006d68	039bba33	mulhu	x20,x23,x25	 x23:0x00040000 x25:0x00000001 x20=0x00000000
     326445.000 ns	     32643	80006d6c	00fb7653	fadd.s	f12,f22,f15	 f22:0x00000000 f15:0x80000000 f12=0x80000000
     326465.000 ns	     32645	80006d70	015b5793	srli	x15,x22,0x15	 x22:0x00000000 x15=0x00000000
     326485.000 ns	     32647	80006d74	0349cb33	div	x22,x19,x20	 x19:0x00000000 x20:0x00000000 x22=0xffffffff
     326535.000 ns	     32652	80006d78	088e72d3	fsub.s	f5,f28,f8	 f28:0x86800000  f8:0x00001442  f5=0x86800000
     326555.000 ns	     32654	80006d7c	40e85813	srai	x16,x16,0xe	 x16:0x00040000 x16=0x00000010
     326565.000 ns	     32655	80006d80	c90e2297	auipc	x5,0xc90e2	  x5=0x490e8d80
     326585.000 ns	     32657	80006d84	c01938d3	fcvt.wu.s	x17,f18	 f18:0x7fc00000 x17=0xffffffff
     326605.000 ns	     32659	80006d88	4a4ba413	slti	x8,x23,1188	 x23:0x00040000  x8=0x00000000
     326625.000 ns	     32661	80006d8c	0322d8b3	divu	x17,x5,x18	  x5:0x490e8d80 x18:0x00000000 x17=0xffffffff
     326665.000 ns	     32665	80006d90	1141fad3	fmul.s	f21,f3,f20	  f3:0x80000000 f20:0xbf350482 f21=0x00000000
     326695.000 ns	     32668	80006d94	0331e733	rem	x14,x3,x19	  x3:0x0006a100 x19:0x00000000 x14=0x0006a100
     326725.000 ns	     32671	80006d98	e0039cd3	fclass.s	x25,f7	  f7:0x40000000 x25=0x00000040
     326745.000 ns	     32673	80006d9c	00510933	add	x18,x2,x5	  x2:0xf9972418  x5:0x490e8d80 x18=0x42a5b198
     326755.000 ns	     32674	80006da0	7039ac93	slti	x25,x19,1795	 x19:0x00000000 x25=0x00000001
     326765.000 ns	     32675	80006da4	0010a3b3	slt	x7,x1,x1	  x1:0x00000000  x1:0x00000000  x7=0x00000000
     326785.000 ns	     32677	80006da8	029b16b3	mulh	x13,x22,x9	 x22:0xffffffff  x9:0x00000000 x13=0x00000000
     326805.000 ns	     32679	80006dac	0194a9b3	slt	x19,x9,x25	  x9:0x00000000 x25:0x00000001 x19=0x00000001
     326815.000 ns	     32680	80006db0	010adcb3	srl	x25,x21,x16	 x21:0x5109cbc5 x16:0x00000010 x25=0x00005109
     326825.000 ns	     32681	80006db4	40ad5e93	srai	x29,x26,0xa	 x26:0x40000000 x29=0x00100000
     326845.000 ns	     32683	80006db8	02c82d33	mulhsu	x26,x16,x12	 x16:0x00000010 x12:0x00000041 x26=0x00000000
     326865.000 ns	     32685	80006dbc	4da4fc93	andi	x25,x9,1242	  x9:0x00000000 x25=0x00000000
     326885.000 ns	     32687	80006dc0	a01f9a53	flt.s	x20,f31,f1	 f31:0x7fc00000  f1:0x00000000 x20=0x00000000
     326915.000 ns	     32690	80006dc4	a0221a53	flt.s	x20,f4,f2	  f4:0x00000000  f2:0x4ccc17e0 x20=0x00000001
     326955.000 ns	     32694	80006dc8	193d7953	fdiv.s	f18,f26,f19	 f26:0x00000000 f19:0x00000000 f18=0x7fc00000
     326985.000 ns	     32697	80006dcc	f0050953	fmv.w.x	f18,x10	 x10:0xffffffff f18=0xffffffff
     327005.000 ns	     32699	80006dd0	41ec5c93	srai	x25,x24,0x1e	 x24:0x00000000 x25=0x00000000
     327025.000 ns	     32701	80006dd4	02201533	mulh	x10,x0,x2	  x0:0x00000000  x2:0xf9972418 x10=0x00000000
     327055.000 ns	     32704	80006dd8	a0a9a953	feq.s	x18,f19,f10	 f19:0x00000000 f10:0x80000000 x18=0x00000001
     327075.000 ns	     32706	80006ddc	00000013	addi	x0,x0,0	  x0:0x00000000
     327115.000 ns	     32710	80006de0	0173fd53	fadd.s	f26,f7,f23	  f7:0x40000000 f23:0x7fc00000 f26=0x7fc00000
     327145.000 ns	     32713	80006de4	a1f413d3	flt.s	x7,f8,f31	  f8:0x00001442 f31:0x7fc00000  x7=0x00000000
     327175.000 ns	     32716	80006de8	29e314d3	fmax.s	f9,f6,f30	  f6:0x00000000 f30:0x7f800000  f9=0x7f800000
     327545.000 ns	     32753	80006dec	023be4b3	rem	x9,x23,x3	 x23:0x00040000  x3:0x0006a100  x9=0x00040000
     327565.000 ns	     32755	80006df0	013ff333	and	x6,x31,x19	 x31:0x00000001 x19:0x00000001  x6=0x00000001
     327585.000 ns	     32757	80006df4	c0137353	fcvt.wu.s	x6,f6	  f6:0x00000000  x6=0x00000000
     327625.000 ns	     32761	80006df8	103a3d53	fmul.s	f26,f20,f3	 f20:0xbf350482  f3:0x80000000 f26=0x00000000
     327645.000 ns	     32763	80006dfc	00b1bcb3	sltu	x25,x3,x11	  x3:0x0006a100 x11:0x80041024 x25=0x00000001
     328005.000 ns	     32799	80006e00	0294ebb3	rem	x23,x9,x9	  x9:0x00040000  x9:0x00040000 x23=0x00000000
     328025.000 ns	     32801	80006e04	419c5b33	sra	x22,x24,x25	 x24:0x00000000 x25:0x00000000 x22=0x00000000
     328045.000 ns	     32803	80006e08	03439eb3	mulh	x29,x7,x20	  x7:0x00000000 x20:0x00000001 x29=0x00000000
     328075.000 ns	     32806	80006e0c	20a005d3	fsgnj.s	f11,f0,f10	  f0:0x00000000 f10:0x80000000 f11=0x80000000
     328095.000 ns	     32808	80006e10	839f6397	auipc	x7,0x839f6	  x7=0x039fce10
     328455.000 ns	     32844	80006e14	024c7cb3	remu	x25,x24,x4	 x24:0x00000000  x4:0x80040fe4 x25=0x00000000
     328475.000 ns	     32846	80006e18	00aa7f33	and	x30,x20,x10	 x20:0x00000001 x10:0x00000000 x30=0x00000000
     328485.000 ns	     32847	80006e1c	017d2d33	slt	x26,x26,x23	 x26:0x00000000 x23:0x00000000 x26=0x00000000
     328845.000 ns	     32883	80006e20	027de8b3	rem	x17,x27,x7	 x27:0x000006a1  x7:0x039fce10 x17=0x000006a1
     328865.000 ns	     32885	80006e24	9887e513	ori	x10,x15,-1656	 x15:0x00000000 x10=0xfffff988
     328885.000 ns	     32887	80006e28	290e0f53	fmin.s	f30,f28,f16	 f28:0x86800000 f16:0x7fc00000 f30=0x86800000
     328915.000 ns	     32890	80006e2c	21b92953	fsgnjx.s	f18,f18,f27	 f18:0xffffffff f27:0x00000000 f18=0xffffffff
     328945.000 ns	     32893	80006e30	21c10153	fsgnj.s	f2,f2,f28	  f2:0x4ccc17e0 f28:0x86800000  f2=0xcccc17e0
     328975.000 ns	     32896	80006e34	f00c88d3	fmv.w.x	f17,x25	 x25:0x00000000 f17=0x00000000
     329005.000 ns	     32899	80006e38	f0088d53	fmv.w.x	f26,x17	 x17:0x000006a1 f26=0x000006a1
     329025.000 ns	     32901	80006e3c	40a00bb3	sub	x23,x0,x10	  x0:0x00000000 x10:0xfffff988 x23=0x00000678
     329035.000 ns	     32902	80006e40	37134293	xori	x5,x6,881	  x6:0x00000000  x5=0x00000371
     329045.000 ns	     32903	80006e44	01304c33	xor	x24,x0,x19	  x0:0x00000000 x19:0x00000001 x24=0x00000001
     329055.000 ns	     32904	80006e48	01de4933	xor	x18,x28,x29	 x28:0x80040fe4 x29:0x00000000 x18=0x80040fe4
     329075.000 ns	     32906	80006e4c	03d8d4b3	divu	x9,x17,x29	 x17:0x000006a1 x29:0x00000000  x9=0xffffffff
     329095.000 ns	     32908	80006e50	01041533	sll	x10,x8,x16	  x8:0x00000000 x16:0x00000010 x10=0x00000000
     329115.000 ns	     32910	80006e54	037a1ab3	mulh	x21,x20,x23	 x20:0x00000001 x23:0x00000678 x21=0x00000000
     329155.000 ns	     32914	80006e58	580091d3	fsqrt.s	f3,f1	  f1:0x00000000  f3=0x00000000
     329175.000 ns	     32916	80006e5c	01a45613	srli	x12,x8,0x1a	  x8:0x00000000 x12=0x00000000
     329195.000 ns	     32918	80006e60	29f91dd3	fmax.s	f27,f18,f31	 f18:0xffffffff f31:0x7fc00000 f27=0x7fc00000
     329225.000 ns	     32921	80006e64	d01b9cd3	fcvt.s.wu	f25,x23	 x23:0x00000678 f25=0x44cf0000
     329275.000 ns	     32926	80006e68	0820a253	fsub.s	f4,f1,f2	  f1:0x00000000  f2:0xcccc17e0  f4=0x4ccc17e0
     329295.000 ns	     32928	80006e6c	403a5313	srai	x6,x20,0x3	 x20:0x00000001  x6=0x00000000
     329305.000 ns	     32929	80006e70	00000013	addi	x0,x0,0	  x0:0x00000000
     329315.000 ns	     32930	80006e74	48d40193	addi	x3,x8,1165	  x8:0x00000000  x3=0x0000048d
     329335.000 ns	     32932	80006e78	02de2bb3	mulhsu	x23,x28,x13	 x28:0x80040fe4 x13:0x00000000 x23=0x00000000
     329365.000 ns	     32935	80006e7c	a1ae2f53	feq.s	x30,f28,f26	 f28:0x86800000 f26:0x000006a1 x30=0x00000000
     329385.000 ns	     32937	80006e80	4175dd93	srai	x27,x11,0x17	 x11:0x80041024 x27=0xffffff00
     329395.000 ns	     32938	80006e84	c66ca493	slti	x9,x25,-922	 x25:0x00000000  x9=0x00000000
     329415.000 ns	     32940	80006e88	c003fed3	fcvt.w.s	x29,f7	  f7:0x40000000 x29=0x00000002
     329445.000 ns	     32943	80006e8c	e00b96d3	fclass.s	x13,f23	 f23:0x7fc00000 x13=0x00000200
     329475.000 ns	     32946	80006e90	0322a3b3	mulhsu	x7,x5,x18	  x5:0x00000371 x18:0x80040fe4  x7=0x000001b8
     329505.000 ns	     32949	80006e94	a0c70853	fle.s	x16,f14,f12	 f14:0x00000000 f12:0x80000000 x16=0x00000001
     329525.000 ns	     32951	80006e98	016e5f33	srl	x30,x28,x22	 x28:0x80040fe4 x22:0x00000000 x30=0x80040fe4
     329535.000 ns	     32952	80006e9c	01173db3	sltu	x27,x14,x17	 x14:0x0006a100 x17:0x000006a1 x27=0x00000000
     329565.000 ns	     32955	80006ea0	580338d3	fsqrt.s	f17,f6	  f6:0x00000000 f17=0x00000000
     329595.000 ns	     32958	80006ea4	f00482d3	fmv.w.x	f5,x9	  x9:0x00000000  f5=0x00000000
     329615.000 ns	     32960	80006ea8	42880f13	addi	x30,x16,1064	 x16:0x00000001 x30=0x00000429
     329625.000 ns	     32961	80006eac	e6476e93	ori	x29,x14,-412	 x14:0x0006a100 x29=0xffffff64
     329645.000 ns	     32963	80006eb0	a1b410d3	flt.s	x1,f8,f27	  f8:0x00001442 f27:0x7fc00000  x1=0x00000000
     329675.000 ns	     32966	80006eb4	e0018c53	fmv.x.w	x24,f3	  f3:0x00000000 x24=0x00000000
     329695.000 ns	     32968	80006eb8	faf46a93	ori	x21,x8,-81	  x8:0x00000000 x21=0xffffffaf
     330055.000 ns	     33004	80006ebc	0309e233	rem	x4,x19,x16	 x19:0x00000001 x16:0x00000001  x4=0x00000000
     330085.000 ns	     33007	80006ec0	c0083b53	fcvt.w.s	x22,f16	 f16:0x7fc00000 x22=0x7fffffff
     330105.000 ns	     33009	80006ec4	41910833	sub	x16,x2,x25	  x2:0xf9972418 x25:0x00000000 x16=0xf9972418
     330125.000 ns	     33011	80006ec8	c00c7ad3	fcvt.w.s	x21,f24	 f24:0x4f799723 x21=0x7fffffff
     330155.000 ns	     33014	80006ecc	02ff5fb3	divu	x31,x30,x15	 x30:0x00000429 x15:0x00000000 x31=0xffffffff
     330175.000 ns	     33016	80006ed0	40b45d33	sra	x26,x8,x11	  x8:0x00000000 x11:0x80041024 x26=0x00000000
     330185.000 ns	     33017	80006ed4	410c0033	sub	x0,x24,x16	 x24:0x00000000 x16:0xf9972418
     330195.000 ns	     33018	80006ed8	01f34333	xor	x6,x6,x31	  x6:0x00000000 x31:0xffffffff  x6=0xffffffff
     330205.000 ns	     33019	80006edc	d0ff9cb7	lui	x25,0xd0ff9	 x25=0xd0ff9000
     330215.000 ns	     33020	80006ee0	0195d233	srl	x4,x11,x25	 x11:0x80041024 x25:0x00000000  x4=0x80041024
     330235.000 ns	     33022	80006ee4	293213d3	fmax.s	f7,f4,f19	  f4:0x4ccc17e0 f19:0x00000000  f7=0x4ccc17e0
     330255.000 ns	     33024	80006ee8	01df3533	sltu	x10,x30,x29	 x30:0x00000429 x29:0xffffff64 x10=0x00000001
     330615.000 ns	     33060	80006eec	03e96f33	rem	x30,x18,x30	 x18:0x80040fe4 x30:0x00000429 x30=0xfffffd7a
     330645.000 ns	     33063	80006ef0	f00c0053	fmv.w.x	f0,x24	 x24:0x00000000  f0=0x00000000
     331825.000 ns	     33181	80006ef4	580d3cd3	fsqrt.s	f25,f26	 f26:0x000006a1 f25=0x1f350de2
     331855.000 ns	     33184	80006ef8	0281d033	divu	x0,x3,x8	  x3:0x0000048d  x8:0x00000000
     331875.000 ns	     33186	80006efc	c7a1cb17	auipc	x22,0xc7a1c	 x22=0x47a22efc
     331885.000 ns	     33187	80006f00	01ebd0b3	srl	x1,x23,x30	 x23:0x00000000 x30:0xfffffd7a  x1=0x00000000
     331895.000 ns	     33188	80006f04	00e94233	xor	x4,x18,x14	 x18:0x80040fe4 x14:0x0006a100  x4=0x8002aee4
     331935.000 ns	     33192	80006f08	01edb653	fadd.s	f12,f27,f30	 f27:0x7fc00000 f30:0x86800000 f12=0x7fc00000
     331965.000 ns	     33195	80006f0c	d00812d3	fcvt.s.w	f5,x16	 x16:0xf9972418  f5=0xcccd1b7d
     331995.000 ns	     33198	80006f10	21c720d3	fsgnjx.s	f1,f14,f28	 f14:0x00000000 f28:0x86800000  f1=0x80000000
     332015.000 ns	     33200	80006f14	167c0293	addi	x5,x24,359	 x24:0x00000000  x5=0x00000167
     332035.000 ns	     33202	80006f18	216787d3	fsgnj.s	f15,f15,f22	 f15:0x80000000 f22:0x00000000 f15=0x00000000
     332055.000 ns	     33204	80006f1c	417c0833	sub	x16,x24,x23	 x24:0x00000000 x23:0x00000000 x16=0x00000000
     332065.000 ns	     33205	80006f20	a8a9cc13	xori	x24,x19,-1398	 x19:0x00000001 x24=0xfffffa8b
     332085.000 ns	     33207	80006f24	c004f853	fcvt.w.s	x16,f9	  f9:0x7f800000 x16=0x7fffffff
     332105.000 ns	     33209	80006f28	01279fb3	sll	x31,x15,x18	 x15:0x00000000 x18:0x80040fe4 x31=0x00000000
     332135.000 ns	     33212	80006f2c	18807153	fdiv.s	f2,f0,f8	  f0:0x00000000  f8:0x00001442  f2=0x00000000
     332165.000 ns	     33215	80006f30	21ae2453	fsgnjx.s	f8,f28,f26	 f28:0x86800000 f26:0x000006a1  f8=0x86800000
     332195.000 ns	     33218	80006f34	03dd80b3	mul	x1,x27,x29	 x27:0x00000000 x29:0xffffff64  x1=0x00000000
     332215.000 ns	     33220	80006f38	a8fd2a37	lui	x20,0xa8fd2	 x20=0xa8fd2000
     332225.000 ns	     33221	80006f3c	00d52633	slt	x12,x10,x13	 x10:0x00000001 x13:0x00000200 x12=0x00000001
     332235.000 ns	     33222	80006f40	010a5013	srli	x0,x20,0x10	 x20:0x00000001
     332255.000 ns	     33224	80006f44	29a90ad3	fmin.s	f21,f18,f26	 f18:0xffffffff f26:0x000006a1 f21=0x000006a1
     332275.000 ns	     33226	80006f48	7848c793	xori	x15,x17,1924	 x17:0x000006a1 x15=0x00000125
     332285.000 ns	     33227	80006f4c	001b9d93	slli	x27,x23,0x1	 x23:0x00000000 x27=0x00000000
     332305.000 ns	     33229	80006f50	033e10b3	mulh	x1,x28,x19	 x28:0x80040fe4 x19:0x00000001  x1=0xffffffff
     332325.000 ns	     33231	80006f54	4076d513	srai	x10,x13,0x7	 x13:0x00000200 x10=0x00000004
     332345.000 ns	     33233	80006f58	f0020453	fmv.w.x	f8,x4	  x4:0x8002aee4  f8=0x8002aee4
     332375.000 ns	     33236	80006f5c	a1c20cd3	fle.s	x25,f4,f28	  f4:0x4ccc17e0 f28:0x86800000 x25=0x00000000
     332405.000 ns	     33239	80006f60	c000c253	fcvt.w.s	x4,f1	  f1:0x80000000  x4=0x00000000
     332435.000 ns	     33242	80006f64	02ee8eb3	mul	x29,x29,x14	 x29:0xffffff64 x14:0x0006a100 x29=0xfbf5e400
     332455.000 ns	     33244	80006f68	fd0ae193	ori	x3,x21,-48	 x21:0x7fffffff  x3=0xffffffff
     332475.000 ns	     33246	80006f6c	0345a833	mulhsu	x16,x11,x20	 x11:0x80041024 x20:0xa8fd2000 x16=0xab841e9c
     332495.000 ns	     33248	80006f70	002d3933	sltu	x18,x26,x2	 x26:0x00000000  x2:0xf9972418 x18=0x00000001
     332515.000 ns	     33250	80006f74	03f8fdb3	remu	x27,x17,x31	 x17:0x000006a1 x31:0x00000000 x27=0x000006a1
     333695.000 ns	     33368	80006f78	5803bdd3	fsqrt.s	f27,f7	  f7:0x4ccc17e0 f27=0x4621a106
     333715.000 ns	     33370	80006f7c	9db06c13	ori	x24,x0,-1573	  x0:0x00000000 x24=0xfffff9db
     333735.000 ns	     33372	80006f80	f0078fd3	fmv.w.x	f31,x15	 x15:0x00000125 f31=0x00000125
     333765.000 ns	     33375	80006f84	0282fcb3	remu	x25,x5,x8	  x5:0x00000167  x8:0x00000000 x25=0x00000167
     333785.000 ns	     33377	80006f88	0113c2b3	xor	x5,x7,x17	  x7:0x000001b8 x17:0x000006a1  x5=0x00000719
     333795.000 ns	     33378	80006f8c	2183f393	andi	x7,x7,536	  x7:0x000001b8  x7=0x00000018
     333805.000 ns	     33379	80006f90	005556b3	srl	x13,x10,x5	 x10:0x00000004  x5:0x00000167 x13=0x00000000
     333815.000 ns	     33380	80006f94	97f02b93	slti	x23,x0,-1665	  x0:0x00000000 x23=0x00000000
     333835.000 ns	     33382	80006f98	a16f2f53	feq.s	x30,f30,f22	 f30:0x86800000 f22:0x00000000 x30=0x00000000
     333865.000 ns	     33385	80006f9c	a0ec92d3	flt.s	x5,f25,f14	 f25:0x1f350de2 f14:0x00000000  x5=0x00000000
     334235.000 ns	     33422	80006fa0	02be6433	rem	x8,x28,x11	 x28:0x80040fe4 x11:0x80041024  x8=0xffffffc0
     334285.000 ns	     33427	80006fa4	086b7dd3	fsub.s	f27,f22,f6	 f22:0x00000000  f6:0x00000000 f27=0x80000000
     334305.000 ns	     33429	80006fa8	009f9bb3	sll	x23,x31,x9	 x31:0x00000000  x9:0x00000000 x23=0x00000000
     334315.000 ns	     33430	80006fac	e2c73b13	sltiu	x22,x14,-468	 x14:0x0006a100 x22=0x00000001
     334325.000 ns	     33431	80006fb0	00c9cbb3	xor	x23,x19,x12	 x19:0x00000001 x12:0x00000001 x23=0x00000000
     334335.000 ns	     33432	80006fb4	00000013	addi	x0,x0,0	  x0:0x00000000
     334345.000 ns	     33433	80006fb8	41238333	sub	x6,x7,x18	  x7:0x00000018 x18:0x00000001  x6=0x00000017
     334365.000 ns	     33435	80006fbc	c00a74d3	fcvt.w.s	x9,f20	 f20:0xbf350482  x9=0x00000000
     334385.000 ns	     33437	80006fc0	01535213	srli	x4,x6,0x15	  x6:0xffffffff  x4=0x00000000
     334405.000 ns	     33439	80006fc4	20b415d3	fsgnjn.s	f11,f8,f11	  f8:0x8002aee4 f11:0x80000000 f11=0x0002aee4
     334435.000 ns	     33442	80006fc8	206f87d3	fsgnj.s	f15,f31,f6	 f31:0x00000125  f6:0x00000000 f15=0x00000125
     334455.000 ns	     33444	80006fcc	001e5c33	srl	x24,x28,x1	 x28:0x80040fe4  x1:0xffffffff x24=0x00000001
     334475.000 ns	     33446	80006fd0	a11a1cd3	flt.s	x25,f20,f17	 f20:0xbf350482 f17:0x00000000 x25=0x00000001
     334495.000 ns	     33448	80006fd4	001e5d33	srl	x26,x28,x1	 x28:0x80040fe4  x1:0xffffffff x26=0x00000001
     334515.000 ns	     33450	80006fd8	03530933	mul	x18,x6,x21	  x6:0x00000017 x21:0x7fffffff x18=0x7fffffe9
     334555.000 ns	     33454	80006fdc	11e9b753	fmul.s	f14,f19,f30	 f19:0x00000000 f30:0x86800000 f14=0x80000000
     334575.000 ns	     33456	80006fe0	001acbb3	xor	x23,x21,x1	 x21:0x7fffffff  x1:0xffffffff x23=0x80000000
     334595.000 ns	     33458	80006fe4	024102b3	mul	x5,x2,x4	  x2:0xf9972418  x4:0x00000000  x5=0x00000000
     334625.000 ns	     33461	80006fe8	031998b3	mulh	x17,x19,x17	 x19:0x00000001 x17:0x000006a1 x17=0x00000000
     334655.000 ns	     33464	80006fec	a13726d3	feq.s	x13,f14,f19	 f14:0x80000000 f19:0x00000000 x13=0x00000001
     334685.000 ns	     33467	80006ff0	c0197253	fcvt.wu.s	x4,f18	 f18:0xffffffff  x4=0xffffffff
     334715.000 ns	     33470	80006ff4	c00b3a53	fcvt.w.s	x20,f22	 f22:0x00000000 x20=0x00000000
     334735.000 ns	     33472	80006ff8	4fcbef13	ori	x30,x23,1276	 x23:0x80000000 x30=0x800004fc
     334755.000 ns	     33474	80006ffc	f0030053	fmv.w.x	f0,x6	  x6:0x00000017  f0=0x00000017
     334775.000 ns	     33476	80007000	46c0cf13	xori	x30,x1,1132	  x1:0xffffffff x30=0xfffffb93
     334795.000 ns	     33478	80007004	02123c33	mulhu	x24,x4,x1	  x4:0xffffffff  x1:0xffffffff x24=0xfffffffe
     334825.000 ns	     33481	80007008	a0070c53	fle.s	x24,f14,f0	 f14:0x80000000  f0:0x00000017 x24=0x00000001
     334845.000 ns	     33483	8000700c	007269b3	or	x19,x4,x7	  x4:0xffffffff  x7:0x00000018 x19=0xffffffff
     334875.000 ns	     33486	80007010	580da353	fsqrt.s	f6,f27	 f27:0x80000000  f6=0x80000000
     334895.000 ns	     33488	80007014	fe503f13	sltiu	x30,x0,-27	  x0:0x00000000 x30=0x00000001
     334915.000 ns	     33490	80007018	205494d3	fsgnjn.s	f9,f9,f5	  f9:0x7f800000  f5:0xcccd1b7d  f9=0x7f800000
     334935.000 ns	     33492	8000701c	01b85bb3	srl	x23,x16,x27	 x16:0xab841e9c x27:0x000006a1 x23=0x55c20f4e
     334945.000 ns	     33493	80007020	a58c4093	xori	x1,x24,-1448	 x24:0x00000001  x1=0xfffffa59
     334955.000 ns	     33494	80007024	13386093	ori	x1,x16,307	 x16:0xab841e9c  x1=0xab841fbf
     334965.000 ns	     33495	80007028	405fd193	srai	x3,x31,0x5	 x31:0x00000000  x3=0x00000000
     334975.000 ns	     33496	8000702c	0047a7b3	slt	x15,x15,x4	 x15:0x00000125  x4:0xffffffff x15=0x00000000
     334985.000 ns	     33497	80007030	00525833	srl	x16,x4,x5	  x4:0xffffffff  x5:0x00000000 x16=0xffffffff
     334995.000 ns	     33498	80007034	41ce5713	srai	x14,x28,0x1c	 x28:0x80040fe4 x14=0xfffffff8
     335015.000 ns	     33500	80007038	29560cd3	fmin.s	f25,f12,f21	 f12:0x7fc00000 f21:0x000006a1 f25=0x000006a1
     335045.000 ns	     33503	8000703c	e00b94d3	fclass.s	x9,f23	 f23:0x7fc00000  x9=0x00000200
     335075.000 ns	     33506	80007040	29398bd3	fmin.s	f23,f19,f19	 f19:0x00000000 f19:0x00000000 f23=0x00000000
     335095.000 ns	     33508	80007044	0153d6b3	srl	x13,x7,x21	  x7:0x00000018 x21:0x7fffffff x13=0x00000000
     335455.000 ns	     33544	80007048	039f4833	div	x16,x30,x25	 x30:0x00000001 x25:0x00000001 x16=0x00000001
     335475.000 ns	     33546	8000704c	5d58ab13	slti	x22,x17,1493	 x17:0x00000000 x22=0x00000001
     335835.000 ns	     33582	80007050	029b4eb3	div	x29,x22,x9	 x22:0x00000001  x9:0x00000200 x29=0x00000000
     335855.000 ns	     33584	80007054	00ae79b3	and	x19,x28,x10	 x28:0x80040fe4 x10:0x00000004 x19=0x00000004
     335875.000 ns	     33586	80007058	03d4c033	div	x0,x9,x29	  x9:0x00000200 x29:0x00000000
     335895.000 ns	     33588	8000705c	9df0a637	lui	x12,0x9df0a	 x12=0x9df0a000
     335905.000 ns	     33589	80007060	6a38c897	auipc	x17,0x6a38c	 x17=0xea393060
     335915.000 ns	     33590	80007064	011dd833	srl	x16,x27,x17	 x27:0x000006a1 x17:0x00000000 x16=0x000006a1
     335925.000 ns	     33591	80007068	38050493	addi	x9,x10,896	 x10:0x00000004  x9=0x00000384
     335935.000 ns	     33592	8000706c	01a932b3	sltu	x5,x18,x26	 x18:0x7fffffe9 x26:0x00000001  x5=0x00000000
     335945.000 ns	     33593	80007070	00000013	addi	x0,x0,0	  x0:0x00000000
     335955.000 ns	     33594	80007074	01740833	add	x16,x8,x23	  x8:0xffffffc0 x23:0x55c20f4e x16=0x55c20f0e
     336315.000 ns	     33630	80007078	029360b3	rem	x1,x6,x9	  x6:0x00000017  x9:0x00000384  x1=0x00000017
     336345.000 ns	     33633	8000707c	02078f33	mul	x30,x15,x0	 x15:0x00000000  x0:0x00000000 x30=0x00000000
     336365.000 ns	     33635	80007080	1bc54813	xori	x16,x10,444	 x10:0x00000004 x16=0x000001b8
     336375.000 ns	     33636	80007084	00000013	addi	x0,x0,0	  x0:0x00000000
     336405.000 ns	     33639	80007088	580e7b53	fsqrt.s	f22,f28	 f28:0x86800000 f22=0x7fc00000
     336425.000 ns	     33641	8000708c	8be4ba13	sltiu	x20,x9,-1858	  x9:0x00000384 x20=0x00000001
     336465.000 ns	     33645	80007090	01f69b53	fadd.s	f22,f13,f31	 f13:0x00000000 f31:0x00000125 f22=0x00000125
     336495.000 ns	     33648	80007094	02335cb3	divu	x25,x6,x3	  x6:0x00000017  x3:0x00000000 x25=0xffffffff
     336525.000 ns	     33651	80007098	f00f0a53	fmv.w.x	f20,x30	 x30:0x00000000 f20=0x00000000
     336545.000 ns	     33653	8000709c	3f62c893	xori	x17,x5,1014	  x5:0x00000000 x17=0x000003f6
     336555.000 ns	     33654	800070a0	23526f93	ori	x31,x4,565	  x4:0xffffffff x31=0xffffffff
     336575.000 ns	     33656	800070a4	28cc91d3	fmax.s	f3,f25,f12	 f25:0x000006a1 f12:0x7fc00000  f3=0x000006a1
     336595.000 ns	     33658	800070a8	01c79a33	sll	x20,x15,x28	 x15:0x00000000 x28:0x80040fe4 x20=0x00000000
     336615.000 ns	     33660	800070ac	e00c8053	fmv.x.w	x0,f25	 f25:0x000006a1
     336645.000 ns	     33663	800070b0	d00d7d53	fcvt.s.w	f26,x26	 x26:0x00000001 f26=0x3f800000
     336675.000 ns	     33666	800070b4	299403d3	fmin.s	f7,f8,f25	  f8:0x8002aee4 f25:0x000006a1  f7=0x8002aee4
     336705.000 ns	     33669	800070b8	a138a2d3	feq.s	x5,f17,f19	 f17:0x00000000 f19:0x00000000  x5=0x00000001
     336725.000 ns	     33671	800070bc	4fbb91b7	lui	x3,0x4fbb9	  x3=0x4fbb9000
     336745.000 ns	     33673	800070c0	02ffb333	mulhu	x6,x31,x15	 x31:0xffffffff x15:0x00000000  x6=0x00000000
     336775.000 ns	     33676	800070c4	023b21b3	mulhsu	x3,x22,x3	 x22:0x00000001  x3:0x00000000  x3=0x00000000
     336795.000 ns	     33678	800070c8	00ab0833	add	x16,x22,x10	 x22:0x00000001 x10:0x00000004 x16=0x00000005
     336805.000 ns	     33679	800070cc	9e907eb7	lui	x29,0x9e907	 x29=0x9e907000
     336815.000 ns	     33680	800070d0	daa4b893	sltiu	x17,x9,-598	  x9:0x00000384 x17=0x00000001
     336835.000 ns	     33682	800070d4	c018ffd3	fcvt.wu.s	x31,f17	 f17:0x00000000 x31=0x00000000
     336865.000 ns	     33685	800070d8	218f9853	fsgnjn.s	f16,f31,f24	 f31:0x00000125 f24:0x4f799723 f16=0x80000125
     336895.000 ns	     33688	800070dc	c01b7d53	fcvt.wu.s	x26,f22	 f22:0x00000125 x26=0x00000000
     336935.000 ns	     33692	800070e0	19f9f5d3	fdiv.s	f11,f19,f31	 f19:0x00000000 f31:0x00000125 f11=0x00000000
     336965.000 ns	     33695	800070e4	21920953	fsgnj.s	f18,f4,f25	  f4:0x4ccc17e0 f25:0x000006a1 f18=0x4ccc17e0
     336985.000 ns	     33697	800070e8	80ec6b97	auipc	x23,0x80ec6	 x23=0x00ecd0e8
     337005.000 ns	     33699	800070ec	03abab33	mulhsu	x22,x23,x26	 x23:0x55c20f4e x26:0x00000000 x22=0x00000000
     337375.000 ns	     33736	800070f0	029dc0b3	div	x1,x27,x9	 x27:0x000006a1  x9:0x00000384  x1=0x00000001
     337715.000 ns	     33770	800070f4	188d7153	fdiv.s	f2,f26,f8	 f26:0x3f800000  f8:0x8002aee4  f2=0xfe34b4b6
     337735.000 ns	     33772	800070f8	7d55f513	andi	x10,x11,2005	 x11:0x80041024 x10=0x00000004
     337755.000 ns	     33774	800070fc	a16a89d3	fle.s	x19,f21,f22	 f21:0x000006a1 f22:0x00000125 x19=0x00000000
     337785.000 ns	     33777	80007100	e0009d53	fclass.s	x26,f1	  f1:0x80000000 x26=0x00000008
     337805.000 ns	     33779	80007104	2476c793	xori	x15,x13,583	 x13:0x00000000 x15=0x00000247
     337835.000 ns	     33782	80007108	18b94ad3	fdiv.s	f21,f18,f11	 f18:0x4ccc17e0 f11:0x00000000 f21=0x7f800000
     337865.000 ns	     33785	8000710c	a1bf2bd3	feq.s	x23,f30,f27	 f30:0x86800000 f27:0x80000000 x23=0x00000000
     337895.000 ns	     33788	80007110	20e118d3	fsgnjn.s	f17,f2,f14	  f2:0xfe34b4b6 f14:0x80000000 f17=0x7e34b4b6
     337925.000 ns	     33791	80007114	21b72e53	fsgnjx.s	f28,f14,f27	 f14:0x80000000 f27:0x80000000 f28=0x00000000
     337955.000 ns	     33794	80007118	20c00353	fsgnj.s	f6,f0,f12	  f0:0x00000017 f12:0x7fc00000  f6=0x00000017
     337975.000 ns	     33796	8000711c	1b41f893	andi	x17,x3,436	  x3:0x00000000 x17=0x00000000
     337985.000 ns	     33797	80007120	002a7a33	and	x20,x20,x2	 x20:0x00000000  x2:0xf9972418 x20=0x00000000
     338005.000 ns	     33799	80007124	c0123cd3	fcvt.wu.s	x25,f4	  f4:0x4ccc17e0 x25=0x0660bf00
     338025.000 ns	     33801	80007128	0100c233	xor	x4,x1,x16	  x1:0x00000001 x16:0x00000005  x4=0x00000004
     338045.000 ns	     33803	8000712c	c00ebd53	fcvt.w.s	x26,f29	 f29:0x80000000 x26=0x00000000
     338075.000 ns	     33806	80007130	28420853	fmin.s	f16,f4,f4	  f4:0x4ccc17e0  f4:0x4ccc17e0 f16=0x4ccc17e0
     338105.000 ns	     33809	80007134	a11a9dd3	flt.s	x27,f21,f17	 f21:0x7f800000 f17:0x7e34b4b6 x27=0x00000000
     338125.000 ns	     33811	80007138	40d48fb3	sub	x31,x9,x13	  x9:0x00000384 x13:0x00000000 x31=0x00000384
     338135.000 ns	     33812	8000713c	a309a993	slti	x19,x19,-1488	 x19:0x00000000 x19=0x00000000
     338145.000 ns	     33813	80007140	40760f33	sub	x30,x12,x7	 x12:0x9df0a000  x7:0x00000018 x30=0x9df09fe8
     338155.000 ns	     33814	80007144	0066adb3	slt	x27,x13,x6	 x13:0x00000000  x6:0x00000000 x27=0x00000000
     338165.000 ns	     33815	80007148	01dd5f13	srli	x30,x26,0x1d	 x26:0x00000000 x30=0x00000000
     338185.000 ns	     33817	8000714c	a13c0753	fle.s	x14,f24,f19	 f24:0x4f799723 f19:0x00000000 x14=0x00000000
     338205.000 ns	     33819	80007150	4083d0b3	sra	x1,x7,x8	  x7:0x00000018  x8:0xffffffc0  x1=0x00000018
     338215.000 ns	     33820	80007154	40d6d893	srai	x17,x13,0xd	 x13:0x00000000 x17=0x00000000
     338225.000 ns	     33821	80007158	aec28093	addi	x1,x5,-1300	  x5:0x00000001  x1=0xfffffaed
     338245.000 ns	     33823	8000715c	e0011353	fclass.s	x6,f2	  f2:0xfe34b4b6  x6=0x00000002
     338275.000 ns	     33826	80007160	03b78cb3	mul	x25,x15,x27	 x15:0x00000247 x27:0x00000000 x25=0x00000000
     338305.000 ns	     33829	80007164	0394f3b3	remu	x7,x9,x25	  x9:0x00000384 x25:0x0660bf00  x7=0x00000384
     338335.000 ns	     33832	80007168	f00783d3	fmv.w.x	f7,x15	 x15:0x00000247  f7=0x00000247
     338355.000 ns	     33834	8000716c	411bd893	srai	x17,x23,0x11	 x23:0x00000000 x17=0x00000000
     338375.000 ns	     33836	80007170	a09213d3	flt.s	x7,f4,f9	  f4:0x4ccc17e0  f9:0x7f800000  x7=0x00000001
     338745.000 ns	     33873	80007174	02a5c9b3	div	x19,x11,x10	 x11:0x80041024 x10:0x00000004 x19=0xe0010409
     338765.000 ns	     33875	80007178	012a9d13	slli	x26,x21,0x12	 x21:0x7fffffff x26=0xfffc0000
     338775.000 ns	     33876	8000717c	01972533	slt	x10,x14,x25	 x14:0x00000000 x25:0x00000000 x10=0x00000000
     338815.000 ns	     33880	80007180	017f10d3	fadd.s	f1,f30,f23	 f30:0x86800000 f23:0x00000000  f1=0x86800000
     338835.000 ns	     33882	80007184	0150dd13	srli	x26,x1,0x15	  x1:0xfffffaed x26=0x000007ff
     338855.000 ns	     33884	80007188	03b8aeb3	mulhsu	x29,x17,x27	 x17:0x00000000 x27:0x00000000 x29=0x00000000
     338885.000 ns	     33887	8000718c	0280bbb3	mulhu	x23,x1,x8	  x1:0xfffffaed  x8:0xffffffc0 x23=0xfffffaad
     338915.000 ns	     33890	80007190	f00288d3	fmv.w.x	f17,x5	  x5:0x00000001 f17=0x00000001
     338945.000 ns	     33893	80007194	02b13eb3	mulhu	x29,x2,x11	  x2:0xf9972418 x11:0x80041024 x29=0x7ccf8825
     338965.000 ns	     33895	80007198	4e92ca13	xori	x20,x5,1257	  x5:0x00000001 x20=0x000004e8
     338985.000 ns	     33897	8000719c	29338d53	fmin.s	f26,f7,f19	  f7:0x00000247 f19:0x00000000 f26=0x00000000
     339015.000 ns	     33900	800071a0	0363bb33	mulhu	x22,x7,x22	  x7:0x00000001 x22:0x00000000 x22=0x00000000
     339045.000 ns	     33903	800071a4	a1f11ed3	flt.s	x29,f2,f31	  f2:0xfe34b4b6 f31:0x00000125 x29=0x00000001
     339065.000 ns	     33905	800071a8	403703b3	sub	x7,x14,x3	 x14:0x00000000  x3:0x00000000  x7=0x00000000
     339085.000 ns	     33907	800071ac	0369d8b3	divu	x17,x19,x22	 x19:0xe0010409 x22:0x00000000 x17=0xffffffff
     339105.000 ns	     33909	800071b0	003b86b3	add	x13,x23,x3	 x23:0xfffffaad  x3:0x00000000 x13=0xfffffaad
     339135.000 ns	     33912	800071b4	11fe73d3	fmul.s	f7,f28,f31	 f28:0x00000000 f31:0x00000125  f7=0x00000000
     339165.000 ns	     33915	800071b8	c0194c53	fcvt.wu.s	x24,f18	 f18:0x4ccc17e0 x24=0x0660bf00
     339185.000 ns	     33917	800071bc	c3cef693	andi	x13,x29,-964	 x29:0x00000001 x13=0x00000000
     339205.000 ns	     33919	800071c0	029192b3	mulh	x5,x3,x9	  x3:0x00000000  x9:0x00000384  x5=0x00000000
     339225.000 ns	     33921	800071c4	01e46eb3	or	x29,x8,x30	  x8:0xffffffc0 x30:0x00000000 x29=0xffffffc0
     339235.000 ns	     33922	800071c8	40525833	sra	x16,x4,x5	  x4:0x00000004  x5:0x00000000 x16=0x00000004
     339265.000 ns	     33925	800071cc	11c538d3	fmul.s	f17,f10,f28	 f10:0x80000000 f28:0x00000000 f17=0x80000000
     339635.000 ns	     33962	800071d0	0324cc33	div	x24,x9,x18	  x9:0x00000384 x18:0x7fffffe9 x24=0x00000000
     339665.000 ns	     33965	800071d4	a1ad0353	fle.s	x6,f26,f26	 f26:0x00000000 f26:0x00000000  x6=0x00000001
     339685.000 ns	     33967	800071d8	857e8793	addi	x15,x29,-1961	 x29:0xffffffc0 x15=0xfffff817
     339695.000 ns	     33968	800071dc	41a65c93	srai	x25,x12,0x1a	 x12:0x9df0a000 x25=0xffffffe7
     339715.000 ns	     33970	800071e0	f0050b53	fmv.w.x	f22,x10	 x10:0x00000000 f22=0x00000000
     339735.000 ns	     33972	800071e4	40a1ddb3	sra	x27,x3,x10	  x3:0x00000000 x10:0x00000000 x27=0x00000000
     339755.000 ns	     33974	800071e8	02650933	mul	x18,x10,x6	 x10:0x00000000  x6:0x00000001 x18=0x00000000
     339785.000 ns	     33977	800071ec	a0621f53	flt.s	x30,f4,f6	  f4:0x4ccc17e0  f6:0x00000017 x30=0x00000000
     339805.000 ns	     33979	800071f0	018c7c33	and	x24,x24,x24	 x24:0x00000000 x24:0x00000000 x24=0x00000000
     339825.000 ns	     33981	800071f4	210a91d3	fsgnjn.s	f3,f21,f16	 f21:0x7f800000 f16:0x4ccc17e0  f3=0xff800000
     339845.000 ns	     33983	800071f8	01f4a8b3	slt	x17,x9,x31	  x9:0x00000384 x31:0x00000384 x17=0x00000000
     339855.000 ns	     33984	800071fc	ddb88cb7	lui	x25,0xddb88	 x25=0xddb88000
     339885.000 ns	     33987	80007200	111034d3	fmul.s	f9,f0,f17	  f0:0x00000017 f17:0x80000000  f9=0x80000000
     339915.000 ns	     33990	80007204	28c30fd3	fmin.s	f31,f6,f12	  f6:0x00000017 f12:0x7fc00000 f31=0x00000017
     340285.000 ns	     34027	80007208	030446b3	div	x13,x8,x16	  x8:0xffffffc0 x16:0x00000004 x13=0xfffffff0
     340305.000 ns	     34029	8000720c	007dfb33	and	x22,x27,x7	 x27:0x00000000  x7:0x00000000 x22=0x00000000
     340315.000 ns	     34030	80007210	276393b7	lui	x7,0x27639	  x7=0x27639000
     340335.000 ns	     34032	80007214	02da27b3	mulhsu	x15,x20,x13	 x20:0x000004e8 x13:0xfffffff0 x15=0x000004e7
     340365.000 ns	     34035	80007218	025169b3	rem	x19,x2,x5	  x2:0xf9972418  x5:0x00000000 x19=0xf9972418
     340385.000 ns	     34037	8000721c	0eac6513	ori	x10,x24,234	 x24:0x00000000 x10=0x000000ea
     340405.000 ns	     34039	80007220	a13c2d53	feq.s	x26,f24,f19	 f24:0x4f799723 f19:0x00000000 x26=0x00000000
     340425.000 ns	     34041	80007224	005f5993	srli	x19,x30,0x5	 x30:0x00000000 x19=0x00000000
     340785.000 ns	     34077	80007228	0281c433	div	x8,x3,x8	  x3:0x00000000  x8:0xffffffc0  x8=0x00000000
     340805.000 ns	     34079	8000722c	00000013	addi	x0,x0,0	  x0:0x00000000
     340815.000 ns	     34080	80007230	018cdb93	srli	x23,x25,0x18	 x25:0xddb88000 x23=0x000000dd
     340845.000 ns	     34083	80007234	10cd7253	fmul.s	f4,f26,f12	 f26:0x00000000 f12:0x7fc00000  f4=0x7fc00000
     340865.000 ns	     34085	80007238	4181dc93	srai	x25,x3,0x18	  x3:0x00000000 x25=0x00000000
     340885.000 ns	     34087	8000723c	e0069353	fclass.s	x6,f13	 f13:0x00000000  x6=0x00000010
     340915.000 ns	     34090	80007240	e00c18d3	fclass.s	x17,f24	 f24:0x4f799723 x17=0x00000040
     340945.000 ns	     34093	80007244	a11e0ad3	fle.s	x21,f28,f17	 f28:0x00000000 f17:0x80000000 x21=0x00000001
     340975.000 ns	     34096	80007248	0268ac33	mulhsu	x24,x17,x6	 x17:0x00000040  x6:0x00000010 x24=0x00000000
     340995.000 ns	     34098	8000724c	40905693	srai	x13,x0,0x9	  x0:0x00000000 x13=0x00000000
     341015.000 ns	     34100	80007250	29fc92d3	fmax.s	f5,f25,f31	 f25:0x000006a1 f31:0x00000017  f5=0x000006a1
     341035.000 ns	     34102	80007254	9fad7b13	andi	x22,x26,-1542	 x26:0x00000000 x22=0x00000000
     341045.000 ns	     34103	80007258	000d9fb3	sll	x31,x27,x0	 x27:0x00000000  x0:0x00000000 x31=0x00000000
     341055.000 ns	     34104	8000725c	41385c13	srai	x24,x16,0x13	 x16:0x00000004 x24=0x00000000
     341075.000 ns	     34106	80007260	a05f0253	fle.s	x4,f30,f5	 f30:0x86800000  f5:0x000006a1  x4=0x00000001
     341105.000 ns	     34109	80007264	f00d0e53	fmv.w.x	f28,x26	 x26:0x00000000 f28=0x00000000
     341145.000 ns	     34113	80007268	1868a5d3	fdiv.s	f11,f17,f6	 f17:0x80000000  f6:0x00000017 f11=0x80000000
     341515.000 ns	     34150	8000726c	02b84833	div	x16,x16,x11	 x16:0x00000004 x11:0x80041024 x16=0x00000000
     341535.000 ns	     34152	80007270	7b286793	ori	x15,x16,1970	 x16:0x00000004 x15=0x000007b2
     341575.000 ns	     34156	80007274	0066f953	fadd.s	f18,f13,f6	 f13:0x00000000  f6:0x00000017 f18=0x00000017
     341595.000 ns	     34158	80007278	403c5db3	sra	x27,x24,x3	 x24:0x00000000  x3:0x00000000 x27=0x00000000
     341615.000 ns	     34160	8000727c	c00cf053	fcvt.w.s	x0,f25	 f25:0x000006a1
     341635.000 ns	     34162	80007280	1fab2a13	slti	x20,x22,506	 x22:0x00000000 x20=0x00000001
     341645.000 ns	     34163	80007284	005702b3	add	x5,x14,x5	 x14:0x00000000  x5:0x00000000  x5=0x00000000
     341655.000 ns	     34164	80007288	016edb93	srli	x23,x29,0x16	 x29:0xffffffc0 x23=0x000003ff
     341665.000 ns	     34165	8000728c	4111d193	srai	x3,x3,0x11	  x3:0x00000000  x3=0x00000000
     341685.000 ns	     34167	80007290	21600fd3	fsgnj.s	f31,f0,f22	  f0:0x00000017 f22:0x00000000 f31=0x00000017
     342055.000 ns	     34204	80007294	029e51b3	divu	x3,x28,x9	 x28:0x80040fe4  x9:0x00000384  x3=0x002469d4
     342075.000 ns	     34206	80007298	baa2cf13	xori	x30,x5,-1110	  x5:0x00000000 x30=0xfffffbaa
     342095.000 ns	     34208	8000729c	d00877d3	fcvt.s.w	f15,x16	 x16:0x00000000 f15=0x00000000
     342115.000 ns	     34210	800072a0	00b73533	sltu	x10,x14,x11	 x14:0x00000000 x11:0x80041024 x10=0x00000001
     342145.000 ns	     34213	800072a4	5800f153	fsqrt.s	f2,f1	  f1:0x86800000  f2=0x7fc00000
     342165.000 ns	     34215	800072a8	4147d413	srai	x8,x15,0x14	 x15:0x000007b2  x8=0x00000000
     342175.000 ns	     34216	800072ac	2980f613	andi	x12,x1,664	  x1:0xfffffaed x12=0x00000288
     342185.000 ns	     34217	800072b0	008c8bb3	add	x23,x25,x8	 x25:0x00000000  x8:0x00000000 x23=0x00000000
     342205.000 ns	     34219	800072b4	039dc2b3	div	x5,x27,x25	 x27:0x00000000 x25:0x00000000  x5=0xffffffff
     342235.000 ns	     34222	800072b8	21d51153	fsgnjn.s	f2,f10,f29	 f10:0x80000000 f29:0x80000000  f2=0x00000000
     342255.000 ns	     34224	800072bc	01423533	sltu	x10,x4,x20	  x4:0x00000001 x20:0x00000001 x10=0x00000000
     342265.000 ns	     34225	800072c0	00000013	addi	x0,x0,0	  x0:0x00000000
     342275.000 ns	     34226	800072c4	95576d13	ori	x26,x14,-1707	 x14:0x00000000 x26=0xfffff955
     342285.000 ns	     34227	800072c8	01d70333	add	x6,x14,x29	 x14:0x00000000 x29:0xffffffc0  x6=0xffffffc0
     342305.000 ns	     34229	800072cc	02abb1b3	mulhu	x3,x23,x10	 x23:0x00000000 x10:0x00000000  x3=0x00000000
     342325.000 ns	     34231	800072d0	00000013	addi	x0,x0,0	  x0:0x00000000
     342335.000 ns	     34232	800072d4	0181b933	sltu	x18,x3,x24	  x3:0x00000000 x24:0x00000000 x18=0x00000000
     342355.000 ns	     34234	800072d8	21742653	fsgnjx.s	f12,f8,f23	  f8:0x8002aee4 f23:0x00000000 f12=0x8002aee4
     342385.000 ns	     34237	800072dc	e00f87d3	fmv.x.w	x15,f31	 f31:0x00000017 x15=0x00000017
     342415.000 ns	     34240	800072e0	03bdba33	mulhu	x20,x27,x27	 x27:0x00000000 x27:0x00000000 x20=0x00000000
     342445.000 ns	     34243	800072e4	0368c533	div	x10,x17,x22	 x17:0x00000040 x22:0x00000000 x10=0xffffffff
     342465.000 ns	     34245	800072e8	003b4a33	xor	x20,x22,x3	 x22:0x00000000  x3:0x00000000 x20=0x00000000
     342475.000 ns	     34246	800072ec	9008ab13	slti	x22,x17,-1792	 x17:0x00000040 x22=0x00000000
     342495.000 ns	     34248	800072f0	21dc08d3	fsgnj.s	f17,f24,f29	 f24:0x4f799723 f29:0x80000000 f17=0xcf799723
     342515.000 ns	     34250	800072f4	00a119b3	sll	x19,x2,x10	  x2:0xf9972418 x10:0xffffffff x19=0x00000000
     342525.000 ns	     34251	800072f8	4cf9e213	ori	x4,x19,1231	 x19:0x00000000  x4=0x000004cf
     342535.000 ns	     34252	800072fc	2076cd13	xori	x26,x13,519	 x13:0x00000000 x26=0x00000207
     342545.000 ns	     34253	80007300	008882b3	add	x5,x17,x8	 x17:0x00000040  x8:0x00000000  x5=0x00000040
     342565.000 ns	     34255	80007304	0336efb3	rem	x31,x13,x19	 x13:0x00000000 x19:0x00000000 x31=0x00000000
     342595.000 ns	     34258	80007308	02431633	mulh	x12,x6,x4	  x6:0xffffffc0  x4:0x000004cf x12=0xffffffff
     342625.000 ns	     34261	8000730c	03623b33	mulhu	x22,x4,x22	  x4:0x000004cf x22:0x00000000 x22=0x00000000
     342655.000 ns	     34264	80007310	03c89eb3	mulh	x29,x17,x28	 x17:0x00000040 x28:0x80040fe4 x29=0xffffffe0
     342675.000 ns	     34266	80007314	d2760c13	addi	x24,x12,-729	 x12:0xffffffff x24=0xfffffd26
     342695.000 ns	     34268	80007318	039f52b3	divu	x5,x30,x25	 x30:0xfffffbaa x25:0x00000000  x5=0xffffffff
     342715.000 ns	     34270	8000731c	41355533	sra	x10,x10,x19	 x10:0xffffffff x19:0x00000000 x10=0xffffffff
     342735.000 ns	     34272	80007320	e0001b53	fclass.s	x22,f0	  f0:0x00000017 x22=0x00000020
     342755.000 ns	     34274	80007324	25d5e293	ori	x5,x11,605	 x11:0x80041024  x5=0x8004127d
     342765.000 ns	     34275	80007328	a6a43513	sltiu	x10,x8,-1430	  x8:0x00000000 x10=0x00000001
     342795.000 ns	     34278	8000732c	19b62b53	fdiv.s	f22,f12,f27	 f12:0x8002aee4 f27:0x80000000 f22=0x7f800000
     342815.000 ns	     34280	80007330	4008df93	srai	x31,x17,0x0	 x17:0x00000040 x31=0x00000040
     342825.000 ns	     34281	80007334	40060533	sub	x10,x12,x0	 x12:0xffffffff  x0:0x00000000 x10=0xffffffff
     342845.000 ns	     34283	80007338	28f90553	fmin.s	f10,f18,f15	 f18:0x00000017 f15:0x00000000 f10=0x00000000
     343215.000 ns	     34320	8000733c	03ffc533	div	x10,x31,x31	 x31:0x00000040 x31:0x00000040 x10=0x00000001
     343235.000 ns	     34322	80007340	01ee5d13	srli	x26,x28,0x1e	 x28:0x80040fe4 x26=0x00000002
     343245.000 ns	     34323	80007344	009dd533	srl	x10,x27,x9	 x27:0x00000000  x9:0x00000384 x10=0x00000000
     343265.000 ns	     34325	80007348	21618d53	fsgnj.s	f26,f3,f22	  f3:0xff800000 f22:0x7f800000 f26=0x7f800000
     343285.000 ns	     34327	8000734c	4132de93	srai	x29,x5,0x13	  x5:0x8004127d x29=0xfffff000
     343305.000 ns	     34329	80007350	a1161253	flt.s	x4,f12,f17	 f12:0x8002aee4 f17:0xcf799723  x4=0x00000000
     343325.000 ns	     34331	80007354	001b4b13	xori	x22,x22,1	 x22:0x00000020 x22=0x00000021
     343345.000 ns	     34333	80007358	29c60c53	fmin.s	f24,f12,f28	 f12:0x8002aee4 f28:0x00000000 f24=0x8002aee4
     343375.000 ns	     34336	8000735c	d001ffd3	fcvt.s.w	f31,x3	  x3:0x00000000 f31=0x00000000
     343395.000 ns	     34338	80007360	01d8b233	sltu	x4,x17,x29	 x17:0x00000040 x29:0xfffff000  x4=0x00000001
     343415.000 ns	     34340	80007364	c01139d3	fcvt.wu.s	x19,f2	  f2:0x00000000 x19=0x00000000
     343445.000 ns	     34343	80007368	032547b3	div	x15,x10,x18	 x10:0x00000000 x18:0x00000000 x15=0xffffffff
     343465.000 ns	     34345	8000736c	41828a33	sub	x20,x5,x24	  x5:0x8004127d x24:0xfffffd26 x20=0x80041557
     343475.000 ns	     34346	80007370	00094d33	xor	x26,x18,x0	 x18:0x00000000  x0:0x00000000 x26=0x00000000
     343485.000 ns	     34347	80007374	b3c98013	addi	x0,x19,-1220	 x19:0x00000000
     343505.000 ns	     34349	80007378	c00abcd3	fcvt.w.s	x25,f21	 f21:0x7f800000 x25=0x7fffffff
     343525.000 ns	     34351	8000737c	59c0af13	slti	x30,x1,1436	  x1:0xfffffaed x30=0x00000001
     343545.000 ns	     34353	80007380	03981433	mulh	x8,x16,x25	 x16:0x00000000 x25:0x7fffffff  x8=0x00000000
     343565.000 ns	     34355	80007384	73818c93	addi	x25,x3,1848	  x3:0x00000000 x25=0x00000738
     343585.000 ns	     34357	80007388	a12d8053	fle.s	x0,f27,f18	 f27:0x80000000 f18:0x00000017
     343605.000 ns	     34359	8000738c	11f48a93	addi	x21,x9,287	  x9:0x00000384 x21=0x000004a3
     343615.000 ns	     34360	80007390	a5216513	ori	x10,x2,-1454	  x2:0xf9972418 x10=0xfffffe5a
     343975.000 ns	     34396	80007394	024ed333	divu	x6,x29,x4	 x29:0xfffff000  x4:0x00000001  x6=0xfffff000
     344005.000 ns	     34399	80007398	281b0ed3	fmin.s	f29,f22,f1	 f22:0x7f800000  f1:0x86800000 f29=0x86800000
     344375.000 ns	     34436	8000739c	0360ca33	div	x20,x1,x22	  x1:0xfffffaed x22:0x00000021 x20=0xffffffd9
     344395.000 ns	     34438	800073a0	ac804313	xori	x6,x0,-1336	  x0:0x00000000  x6=0xfffffac8
     344425.000 ns	     34441	800073a4	19eb3353	fdiv.s	f6,f22,f30	 f22:0x7f800000 f30:0x86800000  f6=0xff800000
     344455.000 ns	     34444	800073a8	d01f7253	fcvt.s.wu	f4,x30	 x30:0x00000001  f4=0x3f800000
     344495.000 ns	     34448	800073ac	19317dd3	fdiv.s	f27,f2,f19	  f2:0x00000000 f19:0x00000000 f27=0x7fc00000
     344525.000 ns	     34451	800073b0	a1928b53	fle.s	x22,f5,f25	  f5:0x000006a1 f25:0x000006a1 x22=0x00000001
     344895.000 ns	     34488	800073b4	02a67ab3	remu	x21,x12,x10	 x12:0xffffffff x10:0xfffffe5a x21=0x000001a5
     344925.000 ns	     34491	800073b8	c0117b53	fcvt.wu.s	x22,f2	  f2:0x00000000 x22=0x00000000
     344945.000 ns	     34493	800073bc	03117093	andi	x1,x2,49	  x2:0xf9972418  x1=0x00000010
     344955.000 ns	     34494	800073c0	41bada13	srai	x20,x21,0x1b	 x21:0x000001a5 x20=0x00000000
     344975.000 ns	     34496	800073c4	02e548b3	div	x17,x10,x14	 x10:0xfffffe5a x14:0x00000000 x17=0xffffffff
     344995.000 ns	     34498	800073c8	41995233	sra	x4,x18,x25	 x18:0x00000000 x25:0x00000738  x4=0x00000000
     345025.000 ns	     34501	800073cc	18fdfdd3	fdiv.s	f27,f27,f15	 f27:0x7fc00000 f15:0x00000000 f27=0x7fc00000
     345055.000 ns	     34504	800073d0	211814d3	fsgnjn.s	f9,f16,f17	 f16:0x4ccc17e0 f17:0xcf799723  f9=0x4ccc17e0
     345075.000 ns	     34506	800073d4	00c3d8b3	srl	x17,x7,x12	  x7:0x27639000 x12:0xffffffff x17=0x00000000
     345095.000 ns	     34508	800073d8	02cdaa33	mulhsu	x20,x27,x12	 x27:0x00000000 x12:0xffffffff x20=0x00000000
     345115.000 ns	     34510	800073dc	15638897	auipc	x17,0x15638	 x17=0x9563f3dc
     345125.000 ns	     34511	800073e0	0135a633	slt	x12,x11,x19	 x11:0x80041024 x19:0x00000000 x12=0x00000001
     345485.000 ns	     34547	800073e4	027a50b3	divu	x1,x20,x7	 x20:0x00000000  x7:0x27639000  x1=0x00000000
     345505.000 ns	     34549	800073e8	007c19b3	sll	x19,x24,x7	 x24:0xfffffd26  x7:0x27639000 x19=0xfffffd26
     345535.000 ns	     34552	800073ec	1943f553	fdiv.s	f10,f7,f20	  f7:0x00000000 f20:0x00000000 f10=0x7fc00000
     345555.000 ns	     34554	800073f0	015aeab3	or	x21,x21,x21	 x21:0x000001a5 x21:0x000001a5 x21=0x000001a5
     345575.000 ns	     34556	800073f4	e00003d3	fmv.x.w	x7,f0	  f0:0x00000017  x7=0x00000017
     345605.000 ns	     34559	800073f8	032fd233	divu	x4,x31,x18	 x31:0x00000040 x18:0x00000000  x4=0xffffffff
     345625.000 ns	     34561	800073fc	013eb4b3	sltu	x9,x29,x19	 x29:0xfffff000 x19:0xfffffd26  x9=0x00000001
     345645.000 ns	     34563	80007400	c00a04d3	fcvt.w.s	x9,f20	 f20:0x00000000  x9=0x00000000
     345675.000 ns	     34566	80007404	02fab2b3	mulhu	x5,x21,x15	 x21:0x000001a5 x15:0xffffffff  x5=0x000001a4
     345705.000 ns	     34569	80007408	d01f7ad3	fcvt.s.wu	f21,x30	 x30:0x00000001 f21=0x3f800000
     345735.000 ns	     34572	8000740c	034e0fb3	mul	x31,x28,x20	 x28:0x80040fe4 x20:0x00000000 x31=0x00000000
     345755.000 ns	     34574	80007410	01598933	add	x18,x19,x21	 x19:0xfffffd26 x21:0x000001a5 x18=0xfffffecb
     345775.000 ns	     34576	80007414	0361d033	divu	x0,x3,x22	  x3:0x00000000 x22:0x00000000
     345795.000 ns	     34578	80007418	9bbb8013	addi	x0,x23,-1605	 x23:0x00000000
     345815.000 ns	     34580	8000741c	2022a753	fsgnjx.s	f14,f5,f2	  f5:0x000006a1  f2:0x00000000 f14=0x000006a1
     345835.000 ns	     34582	80007420	16f5d4b7	lui	x9,0x16f5d	  x9=0x16f5d000
     345845.000 ns	     34583	80007424	01935493	srli	x9,x6,0x19	  x6:0xfffffac8  x9=0x0000007f
     345875.000 ns	     34586	80007428	10112953	fmul.s	f18,f2,f1	  f2:0x00000000  f1:0x86800000 f18=0x80000000
     345895.000 ns	     34588	8000742c	01c583b3	add	x7,x11,x28	 x11:0x80041024 x28:0x80040fe4  x7=0x00082008
     345905.000 ns	     34589	80007430	00f683b3	add	x7,x13,x15	 x13:0x00000000 x15:0xffffffff  x7=0xffffffff
     345915.000 ns	     34590	80007434	41998a33	sub	x20,x19,x25	 x19:0xfffffd26 x25:0x00000738 x20=0xfffff5ee
     345955.000 ns	     34594	80007438	0110f053	fadd.s	f0,f1,f17	  f1:0x86800000 f17:0xcf799723  f0=0xcf799723
     345985.000 ns	     34597	8000743c	032328b3	mulhsu	x17,x6,x18	  x6:0xfffffac8 x18:0xfffffecb x17=0xfffffac8
     346005.000 ns	     34599	80007440	01dd1733	sll	x14,x26,x29	 x26:0x00000000 x29:0xfffff000 x14=0x00000000
     346015.000 ns	     34600	80007444	2737a993	slti	x19,x15,627	 x15:0xffffffff x19=0x00000001
     346035.000 ns	     34602	80007448	d005fdd3	fcvt.s.w	f27,x11	 x11:0x80041024 f27=0xcefff7df
     346065.000 ns	     34605	8000744c	d01a7a53	fcvt.s.wu	f20,x20	 x20:0xfffff5ee f20=0x4f7ffff5
     346095.000 ns	     34608	80007450	d00df4d3	fcvt.s.w	f9,x27	 x27:0x00000000  f9=0x00000000
     346125.000 ns	     34611	80007454	d00dacd3	fcvt.s.w	f25,x27	 x27:0x00000000 f25=0x00000000
     346145.000 ns	     34613	80007458	01214533	xor	x10,x2,x18	  x2:0xf9972418 x18:0xfffffecb x10=0x0668dad3
     346155.000 ns	     34614	8000745c	3a1c9db7	lui	x27,0x3a1c9	 x27=0x3a1c9000
     346165.000 ns	     34615	80007460	01b13a33	sltu	x20,x2,x27	  x2:0xf9972418 x27:0x00000000 x20=0x00000000
     346185.000 ns	     34617	80007464	20121c53	fsgnjn.s	f24,f4,f1	  f4:0x3f800000  f1:0x86800000 f24=0x3f800000
     346205.000 ns	     34619	80007468	ad3d0d93	addi	x27,x26,-1325	 x26:0x00000000 x27=0xfffffad3
     346565.000 ns	     34655	8000746c	032bd9b3	divu	x19,x23,x18	 x23:0x00000000 x18:0xfffffecb x19=0x00000000
     346595.000 ns	     34658	80007470	c01bfb53	fcvt.wu.s	x22,f23	 f23:0x00000000 x22=0x00000000
     346625.000 ns	     34661	80007474	28608b53	fmin.s	f22,f1,f6	  f1:0x86800000  f6:0xff800000 f22=0xff800000
     346645.000 ns	     34663	80007478	41af5cb3	sra	x25,x30,x26	 x30:0x00000001 x26:0x00000000 x25=0x00000001
     346665.000 ns	     34665	8000747c	e00f0353	fmv.x.w	x6,f30	 f30:0x86800000  x6=0x86800000
     346685.000 ns	     34667	80007480	01ea40b3	xor	x1,x20,x30	 x20:0x00000000 x30:0x00000001  x1=0x00000001
     346695.000 ns	     34668	80007484	6abaf893	andi	x17,x21,1707	 x21:0x000001a5 x17=0x000000a1
     346705.000 ns	     34669	80007488	013760b3	or	x1,x14,x19	 x14:0x00000000 x19:0x00000000  x1=0x00000000
     346725.000 ns	     34671	8000748c	20be1e53	fsgnjn.s	f28,f28,f11	 f28:0x00000000 f11:0x80000000 f28=0x00000000
     346765.000 ns	     34675	80007490	10497dd3	fmul.s	f27,f18,f4	 f18:0x80000000  f4:0x3f800000 f27=0x80000000
     346785.000 ns	     34677	80007494	41a55033	sra	x0,x10,x26	 x10:0x0668dad3 x26:0x00000000
     346805.000 ns	     34679	80007498	21ae82d3	fsgnj.s	f5,f29,f26	 f29:0x86800000 f26:0x7f800000  f5=0x06800000
     346835.000 ns	     34682	8000749c	034447b3	div	x15,x8,x20	  x8:0x00000000 x20:0x00000000 x15=0xffffffff
     346855.000 ns	     34684	800074a0	00fcd293	srli	x5,x25,0xf	 x25:0x00000001  x5=0x00000000
     346865.000 ns	     34685	800074a4	01bbb833	sltu	x16,x23,x27	 x23:0x00000000 x27:0xfffffad3 x16=0x00000001
     346885.000 ns	     34687	800074a8	c0053753	fcvt.w.s	x14,f10	 f10:0x7fc00000 x14=0x7fffffff
     346915.000 ns	     34690	800074ac	c01527d3	fcvt.wu.s	x15,f10	 f10:0x7fc00000 x15=0xffffffff
     346945.000 ns	     34693	800074b0	03132fb3	mulhsu	x31,x6,x17	  x6:0x86800000 x17:0x000000a1 x31=0xffffffb3
     347315.000 ns	     34730	800074b4	039fd233	divu	x4,x31,x25	 x31:0x00000000 x25:0x00000001  x4=0xffffffb3
     347335.000 ns	     34732	800074b8	01e5feb3	and	x29,x11,x30	 x11:0x80041024 x30:0x00000001 x29=0x00000000
     347345.000 ns	     34733	800074bc	e3414397	auipc	x7,0xe3414	  x7=0x6341b4bc
     347375.000 ns	     34736	800074c0	18a27753	fdiv.s	f14,f4,f10	  f4:0x3f800000 f10:0x7fc00000 f14=0x7fc00000
     347415.000 ns	     34740	800074c4	1892a7d3	fdiv.s	f15,f5,f9	  f5:0x06800000  f9:0x00000000 f15=0x7f800000
     347455.000 ns	     34744	800074c8	108b7dd3	fmul.s	f27,f22,f8	 f22:0xff800000  f8:0x8002aee4 f27=0x7f800000
     347475.000 ns	     34746	800074cc	6b77aa93	slti	x21,x15,1719	 x15:0xffffffff x21=0x00000001
     347485.000 ns	     34747	800074d0	8ee79a37	lui	x20,0x8ee79	 x20=0x8ee79000
     347505.000 ns	     34749	800074d4	033a9db3	mulh	x27,x21,x19	 x21:0x000001a5 x19:0x00000000 x27=0x00000000
     347535.000 ns	     34752	800074d8	03f3a6b3	mulhsu	x13,x7,x31	  x7:0x6341b4bc x31:0xffffffb3 x13=0x6341b49e
     347555.000 ns	     34754	800074dc	001216b3	sll	x13,x4,x1	  x4:0xffffffb3  x1:0x00000000 x13=0xffffffb3
     347565.000 ns	     34755	800074e0	005a1093	slli	x1,x20,0x5	 x20:0x8ee79000  x1=0xdcf20000
     347575.000 ns	     34756	800074e4	004fa613	slti	x12,x31,4	 x31:0xffffffb3 x12=0x00000001
     347905.000 ns	     34789	800074e8	195a7953	fdiv.s	f18,f20,f21	 f20:0x4f7ffff5 f21:0x3f800000 f18=0x4f7fff2d
     347925.000 ns	     34791	800074ec	0164af33	slt	x30,x9,x22	  x9:0x0000007f x22:0x00000000 x30=0x00000000
     347935.000 ns	     34792	800074f0	364fad13	slti	x26,x31,868	 x31:0xffffffb3 x26=0x00000001
     347955.000 ns	     34794	800074f4	a164a453	feq.s	x8,f9,f22	  f9:0x00000000 f22:0xff800000  x8=0x00000000
     347985.000 ns	     34797	800074f8	299a05d3	fmin.s	f11,f20,f25	 f20:0x4f7ffff5 f25:0x00000000 f11=0x00000000
     348005.000 ns	     34799	800074fc	00f991b3	sll	x3,x19,x15	 x19:0x00000000 x15:0xffffffff  x3=0x00000000
     348365.000 ns	     34835	80007500	02ca4333	div	x6,x20,x12	 x20:0x8ee79000 x12:0x00000001  x6=0x8ee79000
     348395.000 ns	     34838	80007504	214c84d3	fsgnj.s	f9,f25,f20	 f25:0x00000000 f20:0x4f7ffff5  f9=0x00000000
     348435.000 ns	     34842	80007508	580bfed3	fsqrt.s	f29,f23	 f23:0x00000000 f29=0x00000000
     348465.000 ns	     34845	8000750c	02f93a33	mulhu	x20,x18,x15	 x18:0xfffffecb x15:0xffffffff x20=0xfffffeca
     348495.000 ns	     34848	80007510	c01f17d3	fcvt.wu.s	x15,f30	 f30:0x86800000 x15=0x00000000
     348525.000 ns	     34851	80007514	020ffc33	remu	x24,x31,x0	 x31:0xffffffb3  x0:0x00000000 x24=0xffffffb3
     348555.000 ns	     34854	80007518	a18c8f53	fle.s	x30,f25,f24	 f25:0x00000000 f24:0x3f800000 x30=0x00000001
     348925.000 ns	     34891	8000751c	03e8efb3	rem	x31,x17,x30	 x17:0x000000a1 x30:0x00000000 x31=0x00000000
     348945.000 ns	     34893	80007520	cc0ba613	slti	x12,x23,-832	 x23:0x00000000 x12=0x00000000
     348965.000 ns	     34895	80007524	c01b3053	fcvt.wu.s	x0,f22	 f22:0xff800000
     348995.000 ns	     34898	80007528	20a28c53	fsgnj.s	f24,f5,f10	  f5:0x06800000 f10:0x7fc00000 f24=0x06800000
     349045.000 ns	     34903	8000752c	09c60d53	fsub.s	f26,f12,f28	 f12:0x8002aee4 f28:0x00000000 f26=0x8002aee4
     349065.000 ns	     34905	80007530	00611d13	slli	x26,x2,0x6	  x2:0xf9972418 x26=0x65c90600
     349075.000 ns	     34906	80007534	01e69db3	sll	x27,x13,x30	 x13:0xffffffb3 x30:0x00000001 x27=0xffffff66
     349085.000 ns	     34907	80007538	7e1f0193	addi	x3,x30,2017	 x30:0x00000001  x3=0x000007e2
     349125.000 ns	     34911	8000753c	00b5cd53	fadd.s	f26,f11,f11	 f11:0x00000000 f11:0x00000000 f26=0x00000000
     349155.000 ns	     34914	80007540	206f0553	fsgnj.s	f10,f30,f6	 f30:0x86800000  f6:0xff800000 f10=0x86800000
     349175.000 ns	     34916	80007544	2dcdee93	ori	x29,x27,732	 x27:0xffffff66 x29=0xfffffffe
     349185.000 ns	     34917	80007548	009ce4b3	or	x9,x25,x9	 x25:0x00000001  x9:0x0000007f  x9=0x0000007f
     349195.000 ns	     34918	8000754c	0073abb3	slt	x23,x7,x7	  x7:0x6341b4bc  x7:0x6341b4bc x23=0x00000000
     349205.000 ns	     34919	80007550	006d9233	sll	x4,x27,x6	 x27:0xffffff66  x6:0x8ee79000  x4=0xffffff66
     349215.000 ns	     34920	80007554	00ef4933	xor	x18,x30,x14	 x30:0x00000001 x14:0x7fffffff x18=0x7ffffffe
     349235.000 ns	     34922	80007558	c014f3d3	fcvt.wu.s	x7,f9	  f9:0x00000000  x7=0x00000000
     349265.000 ns	     34925	8000755c	02c14333	div	x6,x2,x12	  x2:0xf9972418 x12:0x00000000  x6=0xffffffff
     349635.000 ns	     34962	80007560	023ce533	rem	x10,x25,x3	 x25:0x00000001  x3:0x000007e2 x10=0x00000001
     349685.000 ns	     34967	80007564	0899f953	fsub.s	f18,f19,f9	 f19:0x00000000  f9:0x00000000 f18=0x80000000
     349715.000 ns	     34970	80007568	02b48933	mul	x18,x9,x11	  x9:0x0000007f x11:0x80041024 x18=0x820401dc
     349735.000 ns	     34972	8000756c	004f0db3	add	x27,x30,x4	 x30:0x00000001  x4:0xffffff66 x27=0xffffff67
     349755.000 ns	     34974	80007570	a1db8bd3	fle.s	x23,f23,f29	 f23:0x00000000 f29:0x00000000 x23=0x00000001
     349775.000 ns	     34976	80007574	79c33293	sltiu	x5,x6,1948	  x6:0xffffffff  x5=0x00000000
     349785.000 ns	     34977	80007578	c4d89f37	lui	x30,0xc4d89	 x30=0xc4d89000
     349805.000 ns	     34979	8000757c	038fb933	mulhu	x18,x31,x24	 x31:0x00000000 x24:0xffffffb3 x18=0x00000000
     349825.000 ns	     34981	80007580	414f8bb3	sub	x23,x31,x20	 x31:0x00000000 x20:0xfffffeca x23=0x00000136
     349845.000 ns	     34983	80007584	c01e2fd3	fcvt.wu.s	x31,f28	 f28:0x00000000 x31=0x00000000
     349875.000 ns	     34986	80007588	03731433	mulh	x8,x6,x23	  x6:0xffffffff x23:0x00000001  x8=0xffffffff
     349895.000 ns	     34988	8000758c	41b8d913	srai	x18,x17,0x1b	 x17:0x000000a1 x18=0x00000000
     349905.000 ns	     34989	80007590	00025513	srli	x10,x4,0x0	  x4:0xffffff66 x10=0xffffff66
     350265.000 ns	     35025	80007594	03d56033	rem	x0,x10,x29	 x10:0x00000001 x29:0xfffffffe
     350295.000 ns	     35028	80007598	28218cd3	fmin.s	f25,f3,f2	  f3:0xff800000  f2:0x00000000 f25=0xff800000
     351475.000 ns	     35146	8000759c	580a7553	fsqrt.s	f10,f20	 f20:0x4f7ffff5 f10=0x4735045a
     351495.000 ns	     35148	800075a0	01dcf033	and	x0,x25,x29	 x25:0x00000001 x29:0xfffffffe
     351505.000 ns	     35149	800075a4	2e386513	ori	x10,x16,739	 x16:0x00000001 x10=0x000002e3
     351525.000 ns	     35151	800075a8	02b40fb3	mul	x31,x8,x11	  x8:0xffffffff x11:0x80041024 x31=0x7ffbefdc
     351545.000 ns	     35153	800075ac	01525293	srli	x5,x4,0x15	  x4:0xffffff66  x5=0x000007ff
     351585.000 ns	     35157	800075b0	08a071d3	fsub.s	f3,f0,f10	  f0:0xcf799723 f10:0x4735045a  f3=0xcf7997d8
     351615.000 ns	     35160	800075b4	215aa753	fsgnjx.s	f14,f21,f21	 f21:0x3f800000 f21:0x3f800000 f14=0x3f800000
     351645.000 ns	     35163	800075b8	d0089bd3	fcvt.s.w	f23,x17	 x17:0x000000a1 f23=0x43210000
     351665.000 ns	     35165	800075bc	9c696097	auipc	x1,0x9c696	  x1=0x1c69d5bc
     351685.000 ns	     35167	800075c0	021e0db3	mul	x27,x28,x1	 x28:0x80040fe4  x1:0xdcf20000 x27=0xd8b85f70
     351705.000 ns	     35169	800075c4	1cc0f913	andi	x18,x1,460	  x1:0xdcf20000 x18=0x0000018c
     351715.000 ns	     35170	800075c8	559f5297	auipc	x5,0x559f5	  x5=0xd59fc5c8
     351725.000 ns	     35171	800075cc	00000013	addi	x0,x0,0	  x0:0x00000000
     351765.000 ns	     35175	800075d0	015a7f53	fadd.s	f30,f20,f21	 f20:0x4f7ffff5 f21:0x3f800000 f30=0x4f7ffff5
     351785.000 ns	     35177	800075d4	00d99433	sll	x8,x19,x13	 x19:0x00000000 x13:0xffffffb3  x8=0x00000000
     351795.000 ns	     35178	800075d8	7320e613	ori	x12,x1,1842	  x1:0x1c69d5bc x12=0x1c69d7be
     351815.000 ns	     35180	800075dc	e0061c53	fclass.s	x24,f12	 f12:0x8002aee4 x24=0x00000004
     351835.000 ns	     35182	800075e0	01ab0733	add	x14,x22,x26	 x22:0x00000000 x26:0x65c90600 x14=0x65c90600
     352195.000 ns	     35218	800075e4	030ddfb3	divu	x31,x27,x16	 x27:0xd8b85f70 x16:0x00000001 x31=0xd8b85f70
     352215.000 ns	     35220	800075e8	00135fb3	srl	x31,x6,x1	  x6:0xffffffff  x1:0x1c69d5bc x31=0x0000000f
     352225.000 ns	     35221	800075ec	01e07633	and	x12,x0,x30	  x0:0x00000000 x30:0xc4d89000 x12=0x00000000
     352235.000 ns	     35222	800075f0	47f8b393	sltiu	x7,x17,1151	 x17:0x000000a1  x7=0x00000001
     352255.000 ns	     35224	800075f4	03649233	mulh	x4,x9,x22	  x9:0x0000007f x22:0x00000000  x4=0x00000000
     352275.000 ns	     35226	800075f8	ae9796b7	lui	x13,0xae979	 x13=0xae979000
     352295.000 ns	     35228	800075fc	02b18333	mul	x6,x3,x11	  x3:0x000007e2 x11:0x80041024  x6=0x20073bc8
     352315.000 ns	     35230	80007600	0143cf33	xor	x30,x7,x20	  x7:0x00000001 x20:0xfffffeca x30=0xfffffecb
     352325.000 ns	     35231	80007604	017a9d33	sll	x26,x21,x23	 x21:0x00000001 x23:0x00000136 x26=0x00400000
     352335.000 ns	     35232	80007608	84cda713	slti	x14,x27,-1972	 x27:0xd8b85f70 x14=0x00000001
     352365.000 ns	     35235	8000760c	5803b8d3	fsqrt.s	f17,f7	  f7:0x00000000 f17=0x00000000
     352705.000 ns	     35269	80007610	18453253	fdiv.s	f4,f10,f4	 f10:0x4735045a  f4:0x3f800000  f4=0x473503cd
     352725.000 ns	     35271	80007614	017a7eb3	and	x29,x20,x23	 x20:0xfffffeca x23:0x00000136 x29=0x00000002
     352735.000 ns	     35272	80007618	00a66633	or	x12,x12,x10	 x12:0x00000000 x10:0x000002e3 x12=0x000002e3
     352755.000 ns	     35274	8000761c	02896eb3	rem	x29,x18,x8	 x18:0x0000018c  x8:0x00000000 x29=0x0000018c
     352785.000 ns	     35277	80007620	03dc3ab3	mulhu	x21,x24,x29	 x24:0x00000004 x29:0x00000002 x21=0x00000000
     353155.000 ns	     35314	80007624	03ddd933	divu	x18,x27,x29	 x27:0xd8b85f70 x29:0x0000018c x18=0x008c1a19
     353185.000 ns	     35317	80007628	c015fd53	fcvt.wu.s	x26,f11	 f11:0x00000000 x26=0x00000000
     353205.000 ns	     35319	8000762c	005cb733	sltu	x14,x25,x5	 x25:0x00000001  x5:0xd59fc5c8 x14=0x00000001
     353235.000 ns	     35322	80007630	58037fd3	fsqrt.s	f31,f6	  f6:0xff800000 f31=0x7fc00000
     353255.000 ns	     35324	80007634	4165d433	sra	x8,x11,x22	 x11:0x80041024 x22:0x00000000  x8=0x80041024
     353615.000 ns	     35360	80007638	02d75233	divu	x4,x14,x13	 x14:0x00000001 x13:0xae979000  x4=0x00000000
     353655.000 ns	     35364	8000763c	116cc7d3	fmul.s	f15,f25,f22	 f25:0xff800000 f22:0xff800000 f15=0x7f800000
     353675.000 ns	     35366	80007640	b3c0fb13	andi	x22,x1,-1220	  x1:0x1c69d5bc x22=0x1c69d13c
     353685.000 ns	     35367	80007644	012a3bb3	sltu	x23,x20,x18	 x20:0xfffffeca x18:0x008c1a19 x23=0x00000000
     353705.000 ns	     35369	80007648	03d3b333	mulhu	x6,x7,x29	  x7:0x00000001 x29:0x0000018c  x6=0x00000000
     353725.000 ns	     35371	8000764c	0003cdb3	xor	x27,x7,x0	  x7:0x00000001  x0:0x00000000 x27=0x00000001
     353735.000 ns	     35372	80007650	014800b3	add	x1,x16,x20	 x16:0x00000001 x20:0xfffffeca  x1=0xfffffecb
     353745.000 ns	     35373	80007654	003a9e93	slli	x29,x21,0x3	 x21:0x00000000 x29=0x00000000
     353755.000 ns	     35374	80007658	008ca033	slt	x0,x25,x8	 x25:0x00000001  x8:0x80041024
     353765.000 ns	     35375	8000765c	78d3ae93	slti	x29,x7,1933	  x7:0x00000001 x29=0x00000001
     353775.000 ns	     35376	80007660	01831c93	slli	x25,x6,0x18	  x6:0x00000000 x25=0x00000000
     353795.000 ns	     35378	80007664	03adf233	remu	x4,x27,x26	 x27:0x00000001 x26:0x00000000  x4=0x00000001
     353825.000 ns	     35381	80007668	02992eb3	mulhsu	x29,x18,x9	 x18:0x008c1a19  x9:0x0000007f x29=0x00000000
     353855.000 ns	     35384	8000766c	c016fdd3	fcvt.wu.s	x27,f13	 f13:0x00000000 x27=0x00000000
     353875.000 ns	     35386	80007670	00f0bf33	sltu	x30,x1,x15	  x1:0xfffffecb x15:0x00000000 x30=0x00000000
     353895.000 ns	     35388	80007674	a1059353	flt.s	x6,f11,f16	 f11:0x00000000 f16:0x4ccc17e0  x6=0x00000001
     353915.000 ns	     35390	80007678	418103b3	sub	x7,x2,x24	  x2:0xf9972418 x24:0x00000004  x7=0xf9972414
     353925.000 ns	     35391	8000767c	f59b3a93	sltiu	x21,x22,-167	 x22:0x1c69d13c x21=0x00000001
     353935.000 ns	     35392	80007680	014492b3	sll	x5,x9,x20	  x9:0x0000007f x20:0xfffffeca  x5=0x0001fc00
     353955.000 ns	     35394	80007684	29b586d3	fmin.s	f13,f11,f27	 f11:0x00000000 f27:0x7f800000 f13=0x00000000
     353985.000 ns	     35397	80007688	d01509d3	fcvt.s.wu	f19,x10	 x10:0x000002e3 f19=0x4438c000
     354015.000 ns	     35400	8000768c	204d9d53	fsgnjn.s	f26,f27,f4	 f27:0x7f800000  f4:0x473503cd f26=0xff800000
     354035.000 ns	     35402	80007690	40775fb3	sra	x31,x14,x7	 x14:0x00000001  x7:0xf9972414 x31=0x00000000
     354055.000 ns	     35404	80007694	215aa253	fsgnjx.s	f4,f21,f21	 f21:0x3f800000 f21:0x3f800000  f4=0x3f800000
     354085.000 ns	     35407	80007698	f0050ad3	fmv.w.x	f21,x10	 x10:0x000002e3 f21=0x000002e3
     354105.000 ns	     35409	8000769c	00000013	addi	x0,x0,0	  x0:0x00000000
     354125.000 ns	     35411	800076a0	a1f596d3	flt.s	x13,f11,f31	 f11:0x00000000 f31:0x7fc00000 x13=0x00000000
     354145.000 ns	     35413	800076a4	1e40c813	xori	x16,x1,484	  x1:0xfffffecb x16=0xffffff2f
     354155.000 ns	     35414	800076a8	c9670f93	addi	x31,x14,-874	 x14:0x00000001 x31=0xfffffc97
     354175.000 ns	     35416	800076ac	c0127a53	fcvt.wu.s	x20,f4	  f4:0x3f800000 x20=0x00000001
     354545.000 ns	     35453	800076b0	0282f8b3	remu	x17,x5,x8	  x5:0x0001fc00  x8:0x80041024 x17=0x0001fc00
     354565.000 ns	     35455	800076b4	007a51b3	srl	x3,x20,x7	 x20:0x00000001  x7:0xf9972414  x3=0x00000000
     354575.000 ns	     35456	800076b8	75e8c613	xori	x12,x17,1886	 x17:0x0001fc00 x12=0x0001fb5e
     354585.000 ns	     35457	800076bc	f7714413	xori	x8,x2,-137	  x2:0xf9972418  x8=0x0668db6f
     354595.000 ns	     35458	800076c0	01d236b3	sltu	x13,x4,x29	  x4:0x00000001 x29:0x00000000 x13=0x00000000
     354615.000 ns	     35460	800076c4	c000f9d3	fcvt.w.s	x19,f1	  f1:0x86800000 x19=0x00000000
     354645.000 ns	     35463	800076c8	21dba453	fsgnjx.s	f8,f23,f29	 f23:0x43210000 f29:0x00000000  f8=0x43210000
     354675.000 ns	     35466	800076cc	c00c29d3	fcvt.w.s	x19,f24	 f24:0x06800000 x19=0x00000000
     355045.000 ns	     35503	800076d0	029dceb3	div	x29,x27,x9	 x27:0x00000000  x9:0x0000007f x29=0x00000000
     355065.000 ns	     35505	800076d4	01473833	sltu	x16,x14,x20	 x14:0x00000001 x20:0x00000001 x16=0x00000000
     355075.000 ns	     35506	800076d8	1c23fd13	andi	x26,x7,450	  x7:0xf9972414 x26=0x00000000
     355085.000 ns	     35507	800076dc	41085413	srai	x8,x16,0x10	 x16:0xffffff2f  x8=0x00000000
     355105.000 ns	     35509	800076e0	e00e0653	fmv.x.w	x12,f28	 f28:0x00000000 x12=0x00000000
     355125.000 ns	     35511	800076e4	01ca3b33	sltu	x22,x20,x28	 x20:0x00000001 x28:0x80040fe4 x22=0x00000001
     355135.000 ns	     35512	800076e8	d62a2693	slti	x13,x20,-670	 x20:0x00000001 x13=0x00000000
     355145.000 ns	     35513	800076ec	00958233	add	x4,x11,x9	 x11:0x80041024  x9:0x0000007f  x4=0x800410a3
     355155.000 ns	     35514	800076f0	415cd093	srai	x1,x25,0x15	 x25:0x00000000  x1=0x00000000
     356325.000 ns	     35631	800076f4	580214d3	fsqrt.s	f9,f4	  f4:0x3f800000  f9=0x3f7fffae
     356355.000 ns	     35634	800076f8	f00a8153	fmv.w.x	f2,x21	 x21:0x00000001  f2=0x00000001
     356405.000 ns	     35639	800076fc	092992d3	fsub.s	f5,f19,f18	 f19:0x4438c000 f18:0x80000000  f5=0x4438c000
     356425.000 ns	     35641	80007700	0a522513	slti	x10,x4,165	  x4:0x800410a3 x10=0x00000001
     356435.000 ns	     35642	80007704	015c0f33	add	x30,x24,x21	 x24:0x00000004 x21:0x00000001 x30=0x00000005
     356455.000 ns	     35644	80007708	298a88d3	fmin.s	f17,f21,f24	 f21:0x000002e3 f24:0x06800000 f17=0x000002e3
     356485.000 ns	     35647	8000770c	02f53bb3	mulhu	x23,x10,x15	 x10:0x00000001 x15:0x00000000 x23=0x00000000
     356515.000 ns	     35650	80007710	292919d3	fmax.s	f19,f18,f18	 f18:0x80000000 f18:0x80000000 f19=0x80000000
     356545.000 ns	     35653	80007714	03d30eb3	mul	x29,x6,x29	  x6:0x00000001 x29:0x00000000 x29=0x00000000
     356575.000 ns	     35656	80007718	20e2a453	fsgnjx.s	f8,f5,f14	  f5:0x4438c000 f14:0x3f800000  f8=0x4438c000
     356595.000 ns	     35658	8000771c	01139a13	slli	x20,x7,0x11	  x7:0xf9972414 x20=0x48280000
     356615.000 ns	     35660	80007720	a0f580d3	fle.s	x1,f11,f15	 f11:0x00000000 f15:0x7f800000  x1=0x00000001
     356645.000 ns	     35663	80007724	e00499d3	fclass.s	x19,f9	  f9:0x3f7fffae x19=0x00000040
     356675.000 ns	     35666	80007728	c01af253	fcvt.wu.s	x4,f21	 f21:0x000002e3  x4=0x00000000
     356695.000 ns	     35668	8000772c	0df54513	xori	x10,x10,223	 x10:0x00000001 x10=0x000000de
     356715.000 ns	     35670	80007730	f00a8c53	fmv.w.x	f24,x21	 x21:0x00000001 f24=0x00000001
     356745.000 ns	     35673	80007734	d0144f53	fcvt.s.wu	f30,x8	  x8:0x00000000 f30=0x00000000
     356765.000 ns	     35675	80007738	009cdcb3	srl	x25,x25,x9	 x25:0x00000000  x9:0x0000007f x25=0x00000000
     356775.000 ns	     35676	8000773c	67b34b93	xori	x23,x6,1659	  x6:0x00000001 x23=0x0000067a
     356785.000 ns	     35677	80007740	003deb33	or	x22,x27,x3	 x27:0x00000000  x3:0x00000000 x22=0x00000000
     356805.000 ns	     35679	80007744	21461653	fsgnjn.s	f12,f12,f20	 f12:0x8002aee4 f20:0x4f7ffff5 f12=0x8002aee4
     356855.000 ns	     35684	80007748	019e1cd3	fadd.s	f25,f28,f25	 f28:0x00000000 f25:0xff800000 f25=0xff800000
     356885.000 ns	     35687	8000774c	d000cad3	fcvt.s.w	f21,x1	  x1:0x00000001 f21=0x3f800000
     356915.000 ns	     35690	80007750	03a95b33	divu	x22,x18,x26	 x18:0x008c1a19 x26:0x00000000 x22=0xffffffff
     357285.000 ns	     35727	80007754	021afcb3	remu	x25,x21,x1	 x21:0x00000001  x1:0x00000001 x25=0x00000000
     357305.000 ns	     35729	80007758	409d0733	sub	x14,x26,x9	 x26:0x00000000  x9:0x0000007f x14=0xffffff81
     357315.000 ns	     35730	8000775c	00ccbcb3	sltu	x25,x25,x12	 x25:0x00000000 x12:0x00000000 x25=0x00000000
     357335.000 ns	     35732	80007760	289e8e53	fmin.s	f28,f29,f9	 f29:0x00000000  f9:0x3f7fffae f28=0x00000000
     357355.000 ns	     35734	80007764	0157d793	srli	x15,x15,0x15	 x15:0x00000000 x15=0x00000000
     357375.000 ns	     35736	80007768	a16d2d53	feq.s	x26,f26,f22	 f26:0xff800000 f22:0xff800000 x26=0x00000001
     357395.000 ns	     35738	8000776c	0100adb3	slt	x27,x1,x16	  x1:0x00000001 x16:0x00000000 x27=0x00000000
     357415.000 ns	     35740	80007770	02c95033	divu	x0,x18,x12	 x18:0x008c1a19 x12:0x00000000
     358595.000 ns	     35858	80007774	58017b53	fsqrt.s	f22,f2	  f2:0x00000001 f22=0x1f350483
     358635.000 ns	     35862	80007778	19d413d3	fdiv.s	f7,f8,f29	  f8:0x4438c000 f29:0x00000000  f7=0x7f800000
     358665.000 ns	     35865	8000777c	29e30053	fmin.s	f0,f6,f30	  f6:0xff800000 f30:0x00000000  f0=0xff800000
     358685.000 ns	     35867	80007780	01a56eb3	or	x29,x10,x26	 x10:0x000000de x26:0x00000001 x29=0x000000df
     358705.000 ns	     35869	80007784	28bf0bd3	fmin.s	f23,f30,f11	 f30:0x00000000 f11:0x00000000 f23=0x00000000
     358725.000 ns	     35871	80007788	017d5a13	srli	x20,x26,0x17	 x26:0x00000001 x20=0x00000000
     358745.000 ns	     35873	8000778c	21bc2d53	fsgnjx.s	f26,f24,f27	 f24:0x00000001 f27:0x7f800000 f26=0x00000001
     358775.000 ns	     35876	80007790	c0144953	fcvt.wu.s	x18,f8	  f8:0x4438c000 x18=0x000002e3
     359145.000 ns	     35913	80007794	0294d7b3	divu	x15,x9,x9	  x9:0x0000007f  x9:0x0000007f x15=0x00000001
     359165.000 ns	     35915	80007798	fdff0f13	addi	x30,x30,-33	 x30:0x00000005 x30=0xffffffe4
     359185.000 ns	     35917	8000779c	d00e9853	fcvt.s.w	f16,x29	 x29:0x000000df f16=0x435f0000
     359215.000 ns	     35920	800077a0	e0031ed3	fclass.s	x29,f6	  f6:0xff800000 x29=0x00000001
     359245.000 ns	     35923	800077a4	e00c9553	fclass.s	x10,f25	 f25:0xff800000 x10=0x00000001
     359265.000 ns	     35925	800077a8	41560ab3	sub	x21,x12,x21	 x12:0x00000000 x21:0x00000001 x21=0xffffffff
     359275.000 ns	     35926	800077ac	01108db3	add	x27,x1,x17	  x1:0x00000001 x17:0x0001fc00 x27=0x0001fc01
     359285.000 ns	     35927	800077b0	400a58b3	sra	x17,x20,x0	 x20:0x00000000  x0:0x00000000 x17=0x00000000
     359315.000 ns	     35930	800077b4	11297353	fmul.s	f6,f18,f18	 f18:0x80000000 f18:0x80000000  f6=0x00000000
     359335.000 ns	     35932	800077b8	004b79b3	and	x19,x22,x4	 x22:0xffffffff  x4:0x00000000 x19=0x00000000
     359345.000 ns	     35933	800077bc	01f13833	sltu	x16,x2,x31	  x2:0xf9972418 x31:0xfffffc97 x16=0x00000001
     359355.000 ns	     35934	800077c0	012d1013	slli	x0,x26,0x12	 x26:0x00000001
     359365.000 ns	     35935	800077c4	00190833	add	x16,x18,x1	 x18:0x000002e3  x1:0x00000001 x16=0x000002e4
     359385.000 ns	     35937	800077c8	21ed2153	fsgnjx.s	f2,f26,f30	 f26:0x00000001 f30:0x00000000  f2=0x00000001
     359405.000 ns	     35939	800077cc	01f2eeb3	or	x29,x5,x31	  x5:0x0001fc00 x31:0xfffffc97 x29=0xfffffc97
     359425.000 ns	     35941	800077d0	02fd3f33	mulhu	x30,x26,x15	 x26:0x00000001 x15:0x00000001 x30=0x00000000
     359445.000 ns	     35943	800077d4	01cee1b3	or	x3,x29,x28	 x29:0x00000001 x28:0x80040fe4  x3=0xfffffff7
     359455.000 ns	     35944	800077d8	00b23033	sltu	x0,x4,x11	  x4:0x00000000 x11:0x80041024
     359465.000 ns	     35945	800077dc	01345413	srli	x8,x8,0x13	  x8:0x00000000  x8=0x00000000
     359495.000 ns	     35948	800077e0	19097d53	fdiv.s	f26,f18,f16	 f18:0x80000000 f16:0x435f0000 f26=0x80000000
     359515.000 ns	     35950	800077e4	4ad323b7	lui	x7,0x4ad32	  x7=0x4ad32000
     359875.000 ns	     35986	800077e8	02a7feb3	remu	x29,x15,x10	 x15:0x00000001 x10:0x00000001 x29=0x00000000
     359905.000 ns	     35989	800077ec	e0018bd3	fmv.x.w	x23,f3	  f3:0xcf7997d8 x23=0xcf7997d8
     359935.000 ns	     35992	800077f0	a1c38f53	fle.s	x30,f7,f28	  f7:0x7f800000 f28:0x00000000 x30=0x00000000
     359955.000 ns	     35994	800077f4	01f98ab3	add	x21,x19,x31	 x19:0x00000000 x31:0xfffffc97 x21=0xfffffc97
     359975.000 ns	     35996	800077f8	e0081353	fclass.s	x6,f16	 f16:0x435f0000  x6=0x00000040
     359995.000 ns	     35998	800077fc	006ad093	srli	x1,x21,0x6	 x21:0xffffffff  x1=0x03fffff2
     360005.000 ns	     35999	80007800	379eb993	sltiu	x19,x29,889	 x29:0x00000000 x19=0x00000001
     360015.000 ns	     36000	80007804	005206b3	add	x13,x4,x5	  x4:0x00000000  x5:0x0001fc00 x13=0x0001fc00
     360035.000 ns	     36002	80007808	28b99f53	fmax.s	f30,f19,f11	 f19:0x80000000 f11:0x00000000 f30=0x00000000
     360085.000 ns	     36007	8000780c	09078f53	fsub.s	f30,f15,f16	 f15:0x7f800000 f16:0x435f0000 f30=0x7f800000
     360115.000 ns	     36010	80007810	a0820353	fle.s	x6,f4,f8	  f4:0x3f800000  f8:0x4438c000  x6=0x00000001
     360135.000 ns	     36012	80007814	000d6333	or	x6,x26,x0	 x26:0x00000001  x0:0x00000000  x6=0x00000001
     360145.000 ns	     36013	80007818	897ea193	slti	x3,x29,-1897	 x29:0x00000000  x3=0x00000000
     360155.000 ns	     36014	8000781c	00a03fb3	sltu	x31,x0,x10	  x0:0x00000000 x10:0x00000001 x31=0x00000001
     360165.000 ns	     36015	80007820	3d790f13	addi	x30,x18,983	 x18:0x000002e3 x30=0x000006ba
     360525.000 ns	     36051	80007824	03bbef33	rem	x30,x23,x27	 x23:0xcf7997d8 x27:0x0001fc01 x30=0xffffe04c
     360545.000 ns	     36053	80007828	00f533b3	sltu	x7,x10,x15	 x10:0x00000001 x15:0x00000001  x7=0x00000000
     360555.000 ns	     36054	8000782c	10198213	addi	x4,x19,257	 x19:0x00000001  x4=0x00000102
     361725.000 ns	     36171	80007830	580248d3	fsqrt.s	f17,f4	  f4:0x3f800000 f17=0x3f7fffae
     362095.000 ns	     36208	80007834	033f7433	remu	x8,x30,x19	 x30:0xffffe04c x19:0x00000001  x8=0x00000000
     362125.000 ns	     36211	80007838	e00f8bd3	fmv.x.w	x23,f31	 f31:0x7fc00000 x23=0x7fc00000
     362495.000 ns	     36248	8000783c	02f179b3	remu	x19,x2,x15	  x2:0xf9972418 x15:0x00000001 x19=0x00000000
     362515.000 ns	     36250	80007840	4eba4513	xori	x10,x20,1259	 x20:0x00000000 x10=0x000004eb
     362525.000 ns	     36251	80007844	41bb5813	srai	x16,x22,0x1b	 x22:0xffffffff x16=0xffffffff
     362535.000 ns	     36252	80007848	ff827293	andi	x5,x4,-8	  x4:0x00000102  x5=0x00000100
     362555.000 ns	     36254	8000784c	21340353	fsgnj.s	f6,f8,f19	  f8:0x4438c000 f19:0x80000000  f6=0xc438c000
     362575.000 ns	     36256	80007850	5d862613	slti	x12,x12,1496	 x12:0x00000000 x12=0x00000001
     362585.000 ns	     36257	80007854	c1697b37	lui	x22,0xc1697	 x22=0xc1697000
     362605.000 ns	     36259	80007858	20b024d3	fsgnjx.s	f9,f0,f11	  f0:0xff800000 f11:0x00000000  f9=0xff800000
     362635.000 ns	     36262	8000785c	e0029bd3	fclass.s	x23,f5	  f5:0x4438c000 x23=0x00000040
     362665.000 ns	     36265	80007860	e00b9853	fclass.s	x16,f23	 f23:0x00000000 x16=0x00000010
     362695.000 ns	     36268	80007864	c00d4953	fcvt.w.s	x18,f26	 f26:0x80000000 x18=0x00000000
     362745.000 ns	     36273	80007868	08928b53	fsub.s	f22,f5,f9	  f5:0x4438c000  f9:0xff800000 f22=0x7f800000
     362765.000 ns	     36275	8000786c	912347b7	lui	x15,0x91234	 x15=0x91234000
     362775.000 ns	     36276	80007870	41778933	sub	x18,x15,x23	 x15:0x00000001 x23:0x00000040 x18=0x91233fc0
     362785.000 ns	     36277	80007874	26e88a93	addi	x21,x17,622	 x17:0x00000000 x21=0x0000026e
     362795.000 ns	     36278	80007878	0062d793	srli	x15,x5,0x6	  x5:0x00000100 x15=0x00000004
     362815.000 ns	     36280	8000787c	e0091753	fclass.s	x14,f18	 f18:0x80000000 x14=0x00000008
     362865.000 ns	     36285	80007880	092d94d3	fsub.s	f9,f27,f18	 f27:0x7f800000 f18:0x80000000  f9=0x7f800000
     362915.000 ns	     36290	80007884	093c7753	fsub.s	f14,f24,f19	 f24:0x00000001 f19:0x80000000 f14=0x00000001
     362945.000 ns	     36293	80007888	d00e7053	fcvt.s.w	f0,x28	 x28:0x80040fe4  f0=0xcefff7e0
     362975.000 ns	     36296	8000788c	a0d4a3d3	feq.s	x7,f9,f13	  f9:0x7f800000 f13:0x00000000  x7=0x00000000
     362995.000 ns	     36298	80007890	aae1bb93	sltiu	x23,x3,-1362	  x3:0x00000000 x23=0x00000001
     363005.000 ns	     36299	80007894	3339b893	sltiu	x17,x19,819	 x19:0x00000000 x17=0x00000001
     363025.000 ns	     36301	80007898	e0058553	fmv.x.w	x10,f11	 f11:0x00000000 x10=0x00000000
     363055.000 ns	     36304	8000789c	e0080853	fmv.x.w	x16,f16	 f16:0x435f0000 x16=0x435f0000
     363075.000 ns	     36306	800078a0	76679717	auipc	x14,0x76679	 x14=0xf66808a0
     363095.000 ns	     36308	800078a4	02508fb3	mul	x31,x1,x5	  x1:0x03fffff2  x5:0x00000100 x31=0xfffff200
     363115.000 ns	     36310	800078a8	40470b33	sub	x22,x14,x4	 x14:0x00000008  x4:0x00000102 x22=0xf668079e
     363135.000 ns	     36312	800078ac	f00980d3	fmv.w.x	f1,x19	 x19:0x00000000  f1=0x00000000
     363155.000 ns	     36314	800078b0	957006b7	lui	x13,0x95700	 x13=0x95700000
     363175.000 ns	     36316	800078b4	03958433	mul	x8,x11,x25	 x11:0x80041024 x25:0x00000000  x8=0x00000000
     363205.000 ns	     36319	800078b8	a0738ad3	fle.s	x21,f7,f7	  f7:0x7f800000  f7:0x7f800000 x21=0x00000001
     363235.000 ns	     36322	800078bc	287f8cd3	fmin.s	f25,f31,f7	 f31:0x7fc00000  f7:0x7f800000 f25=0x7f800000
     363255.000 ns	     36324	800078c0	4097d833	sra	x16,x15,x9	 x15:0x00000004  x9:0x0000007f x16=0x00000000
     363275.000 ns	     36326	800078c4	d0093b53	fcvt.s.w	f22,x18	 x18:0x91233fc0 f22=0xceddb981
     363295.000 ns	     36328	800078c8	00dce9b3	or	x19,x25,x13	 x25:0x00000000 x13:0x95700000 x19=0x95700000
     363315.000 ns	     36330	800078cc	d00f4453	fcvt.s.w	f8,x30	 x30:0xffffe04c  f8=0xc5fda000
     363335.000 ns	     36332	800078d0	86236213	ori	x4,x6,-1950	  x6:0x00000001  x4=0xfffff863
     363345.000 ns	     36333	800078d4	0054b1b3	sltu	x3,x9,x5	  x9:0x0000007f  x5:0x00000100  x3=0x00000001
     363365.000 ns	     36335	800078d8	c007f853	fcvt.w.s	x16,f15	 f15:0x7f800000 x16=0x7fffffff
     363385.000 ns	     36337	800078dc	3cb92213	slti	x4,x18,971	 x18:0x91233fc0  x4=0x00000001
     363395.000 ns	     36338	800078e0	01ab5d93	srli	x27,x22,0x1a	 x22:0xf668079e x27=0x0000003d
     363415.000 ns	     36340	800078e4	c0067453	fcvt.w.s	x8,f12	 f12:0x8002aee4  x8=0x00000000
     363445.000 ns	     36343	800078e8	21f88cd3	fsgnj.s	f25,f17,f31	 f17:0x3f7fffae f31:0x7fc00000 f25=0x3f7fffae
     363475.000 ns	     36346	800078ec	e00413d3	fclass.s	x7,f8	  f8:0xc5fda000  x7=0x00000002
     363505.000 ns	     36349	800078f0	f00802d3	fmv.w.x	f5,x16	 x16:0x7fffffff  f5=0x7fffffff
     363535.000 ns	     36352	800078f4	206909d3	fsgnj.s	f19,f18,f6	 f18:0x80000000  f6:0xc438c000 f19=0x80000000
     363565.000 ns	     36355	800078f8	281d0953	fmin.s	f18,f26,f1	 f26:0x80000000  f1:0x00000000 f18=0x80000000
     363585.000 ns	     36357	800078fc	0174df93	srli	x31,x9,0x17	  x9:0x0000007f x31=0x00000000
     363605.000 ns	     36359	80007900	c0150c53	fcvt.wu.s	x24,f10	 f10:0x4735045a x24=0x0000b504
     363635.000 ns	     36362	80007904	c0120653	fcvt.wu.s	x12,f4	  f4:0x3f800000 x12=0x00000001
     363665.000 ns	     36365	80007908	e0091ed3	fclass.s	x29,f18	 f18:0x80000000 x29=0x00000008
     363685.000 ns	     36367	8000790c	b80e8f37	lui	x30,0xb80e8	 x30=0xb80e8000
     363705.000 ns	     36369	80007910	d01a3fd3	fcvt.s.wu	f31,x20	 x20:0x00000000 f31=0x00000000
     363745.000 ns	     36373	80007914	5806f453	fsqrt.s	f8,f13	 f13:0x00000000  f8=0x00000000
     363775.000 ns	     36376	80007918	c00cf653	fcvt.w.s	x12,f25	 f25:0x3f7fffae x12=0x00000000
     363815.000 ns	     36380	8000791c	18e3cbd3	fdiv.s	f23,f7,f14	  f7:0x7f800000 f14:0x00000001 f23=0x7f800000
     363845.000 ns	     36383	80007920	c0079453	fcvt.w.s	x8,f15	 f15:0x7f800000  x8=0x7fffffff
     363865.000 ns	     36385	80007924	4126d233	sra	x4,x13,x18	 x13:0x95700000 x18:0x91233fc0  x4=0x95700000
     363885.000 ns	     36387	80007928	21d99ed3	fsgnjn.s	f29,f19,f29	 f19:0x80000000 f29:0x00000000 f29=0x80000000
     364255.000 ns	     36424	8000792c	0384e9b3	rem	x19,x9,x24	  x9:0x0000007f x24:0x0000b504 x19=0x0000007f
     364295.000 ns	     36428	80007930	18b3fbd3	fdiv.s	f23,f7,f11	  f7:0x7f800000 f11:0x00000000 f23=0x7f800000
     364315.000 ns	     36430	80007934	013e27b3	slt	x15,x28,x19	 x28:0x80040fe4 x19:0x0000007f x15=0x00000001
     364675.000 ns	     36466	80007938	021458b3	divu	x17,x8,x1	  x8:0x7fffffff  x1:0x03fffff2 x17=0x00000020
     364705.000 ns	     36469	8000793c	a08e23d3	feq.s	x7,f28,f8	 f28:0x00000000  f8:0x00000000  x7=0x00000001
     364735.000 ns	     36472	80007940	295407d3	fmin.s	f15,f8,f21	  f8:0x00000000 f21:0x3f800000 f15=0x00000000
     364755.000 ns	     36474	80007944	1e594993	xori	x19,x18,485	 x18:0x91233fc0 x19=0x91233e25
     364775.000 ns	     36476	80007948	d01d23d3	fcvt.s.wu	f7,x26	 x26:0x00000001  f7=0x3f800000
     364805.000 ns	     36479	8000794c	03d738b3	mulhu	x17,x14,x29	 x14:0xf66808a0 x29:0x00000008 x17=0x00000007
     364835.000 ns	     36482	80007950	20f30a53	fsgnj.s	f20,f6,f15	  f6:0xc438c000 f15:0x00000000 f20=0x4438c000
     364865.000 ns	     36485	80007954	e0050853	fmv.x.w	x16,f10	 f10:0x4735045a x16=0x4735045a
     364895.000 ns	     36488	80007958	a1429053	flt.s	x0,f5,f20	  f5:0x7fffffff f20:0x4438c000
     364945.000 ns	     36493	8000795c	00aa7e53	fadd.s	f28,f20,f10	 f20:0x4438c000 f10:0x4735045a f28=0x4737e75a
     364975.000 ns	     36496	80007960	c01176d3	fcvt.wu.s	x13,f2	  f2:0x00000001 x13=0x00000000
     365005.000 ns	     36499	80007964	030bbfb3	mulhu	x31,x23,x16	 x23:0x00000001 x16:0x4735045a x31=0x00000000
     365375.000 ns	     36536	80007968	033b5233	divu	x4,x22,x19	 x22:0xf668079e x19:0x91233e25  x4=0x00000001
     365405.000 ns	     36539	8000796c	02b23733	mulhu	x14,x4,x11	  x4:0x95700000 x11:0x80041024 x14=0x00000000
     365425.000 ns	     36541	80007970	41efdbb3	sra	x23,x31,x30	 x31:0x00000000 x30:0xb80e8000 x23=0x00000000
     365435.000 ns	     36542	80007974	41625833	sra	x16,x4,x22	  x4:0x00000001 x22:0xf668079e x16=0x00000000
     365455.000 ns	     36544	80007978	c0143953	fcvt.wu.s	x18,f8	  f8:0x00000000 x18=0x00000000
     365485.000 ns	     36547	8000797c	02e566b3	rem	x13,x10,x14	 x10:0x00000000 x14:0x00000000 x13=0x00000000
     365505.000 ns	     36549	80007980	1bf5ef93	ori	x31,x11,447	 x11:0x80041024 x31=0x800411bf
     365515.000 ns	     36550	80007984	400d0bb3	sub	x23,x26,x0	 x26:0x00000001  x0:0x00000000 x23=0x00000001
     365525.000 ns	     36551	80007988	d6c35397	auipc	x7,0xd6c35	  x7=0x56c3c988
     365545.000 ns	     36553	8000798c	02c3aeb3	mulhsu	x29,x7,x12	  x7:0x00000001 x12:0x00000000 x29=0x00000000
     365585.000 ns	     36557	80007990	11b67453	fmul.s	f8,f12,f27	 f12:0x8002aee4 f27:0x7f800000  f8=0xff800000
     365605.000 ns	     36559	80007994	00447ab3	and	x21,x8,x4	  x8:0x7fffffff  x4:0x00000001 x21=0x00000001
     365615.000 ns	     36560	80007998	0131b333	sltu	x6,x3,x19	  x3:0x00000001 x19:0x91233e25  x6=0x00000001
     365625.000 ns	     36561	8000799c	4a198297	auipc	x5,0x4a198	  x5=0xca19f99c
     365635.000 ns	     36562	800079a0	01e857b3	srl	x15,x16,x30	 x16:0x00000000 x30:0xb80e8000 x15=0x00000000
     365655.000 ns	     36564	800079a4	c0109ad3	fcvt.wu.s	x21,f1	  f1:0x00000000 x21=0x00000000
     365685.000 ns	     36567	800079a8	032ce3b3	rem	x7,x25,x18	 x25:0x00000000 x18:0x00000000  x7=0x00000000
     365705.000 ns	     36569	800079ac	007554b3	srl	x9,x10,x7	 x10:0x00000000  x7:0x56c3c988  x9=0x00000000
     365715.000 ns	     36570	800079b0	0120cc33	xor	x24,x1,x18	  x1:0x03fffff2 x18:0x00000000 x24=0x03fffff2
     365725.000 ns	     36571	800079b4	9f086e93	ori	x29,x16,-1552	 x16:0x00000000 x29=0xfffff9f0
     365735.000 ns	     36572	800079b8	8d64d937	lui	x18,0x8d64d	 x18=0x8d64d000
     366905.000 ns	     36689	800079bc	580143d3	fsqrt.s	f7,f2	  f2:0x00000001  f7=0x1f350483
     366935.000 ns	     36692	800079c0	21e2acd3	fsgnjx.s	f25,f5,f30	  f5:0x7fffffff f30:0x7f800000 f25=0x7fffffff
     366955.000 ns	     36694	800079c4	b32fcf97	auipc	x31,0xb32fc	 x31=0x333039c4
     366975.000 ns	     36696	800079c8	20c99cd3	fsgnjn.s	f25,f19,f12	 f19:0x80000000 f12:0x8002aee4 f25=0x00000000
     367005.000 ns	     36699	800079cc	a1ff11d3	flt.s	x3,f30,f31	 f30:0x7f800000 f31:0x00000000  x3=0x00000000
     367035.000 ns	     36702	800079d0	02078c33	mul	x24,x15,x0	 x15:0x00000000  x0:0x00000000 x24=0x00000000
     367065.000 ns	     36705	800079d4	c0089453	fcvt.w.s	x8,f17	 f17:0x3f7fffae  x8=0x00000000
     367095.000 ns	     36708	800079d8	029c68b3	rem	x17,x24,x9	 x24:0x00000000  x9:0x00000000 x17=0x00000000
     367115.000 ns	     36710	800079dc	6d3de393	ori	x7,x27,1747	 x27:0x0000003d  x7=0x000006ff
     367475.000 ns	     36746	800079e0	03bbf033	remu	x0,x23,x27	 x23:0x00000001 x27:0x0000003d
     367495.000 ns	     36748	800079e4	40658ab3	sub	x21,x11,x6	 x11:0x80041024  x6:0x00000001 x21=0x80041023
     367505.000 ns	     36749	800079e8	002ee3b3	or	x7,x29,x2	 x29:0xfffff9f0  x2:0xf9972418  x7=0xfffffdf8
     367535.000 ns	     36752	800079ec	580c8253	fsqrt.s	f4,f25	 f25:0x00000000  f4=0x00000000
     367565.000 ns	     36755	800079f0	c00a0a53	fcvt.w.s	x20,f20	 f20:0x4438c000 x20=0x000002e3
     367585.000 ns	     36757	800079f4	00559893	slli	x17,x11,0x5	 x11:0x80041024 x17=0x00820480
     367595.000 ns	     36758	800079f8	0070a2b3	slt	x5,x1,x7	  x1:0x03fffff2  x7:0xfffffdf8  x5=0x00000000
     367615.000 ns	     36760	800079fc	28cc8053	fmin.s	f0,f25,f12	 f25:0x00000000 f12:0x8002aee4  f0=0x8002aee4
     367645.000 ns	     36763	80007a00	023ca8b3	mulhsu	x17,x25,x3	 x25:0x00000000  x3:0x00000000 x17=0x00000000
     367665.000 ns	     36765	80007a04	00000013	addi	x0,x0,0	  x0:0x00000000
     367705.000 ns	     36769	80007a08	08647753	fsub.s	f14,f8,f6	  f8:0xff800000  f6:0xc438c000 f14=0xff800000
     367735.000 ns	     36772	80007a0c	29a49ed3	fmax.s	f29,f9,f26	  f9:0x7f800000 f26:0x80000000 f29=0x7f800000
     367775.000 ns	     36776	80007a10	5801fa53	fsqrt.s	f20,f3	  f3:0xcf7997d8 f20=0x7fc00000
     367795.000 ns	     36778	80007a14	01b62933	slt	x18,x12,x27	 x12:0x00000000 x27:0x0000003d x18=0x00000001
     367805.000 ns	     36779	80007a18	00589ab3	sll	x21,x17,x5	 x17:0x00000000  x5:0x00000000 x21=0x00000000
     367825.000 ns	     36781	80007a1c	20b92c53	fsgnjx.s	f24,f18,f11	 f18:0x80000000 f11:0x00000000 f24=0x80000000
     367855.000 ns	     36784	80007a20	a151ab53	feq.s	x22,f3,f21	  f3:0xcf7997d8 f21:0x3f800000 x22=0x00000000
     367875.000 ns	     36786	80007a24	89140093	addi	x1,x8,-1903	  x8:0x00000000  x1=0xfffff891
     367885.000 ns	     36787	80007a28	00303333	sltu	x6,x0,x3	  x0:0x00000000  x3:0x00000000  x6=0x00000000
     367905.000 ns	     36789	80007a2c	c00228d3	fcvt.w.s	x17,f4	  f4:0x00000000 x17=0x00000000
     367935.000 ns	     36792	80007a30	025d6a33	rem	x20,x26,x5	 x26:0x00000001  x5:0x00000000 x20=0x00000001
     368305.000 ns	     36829	80007a34	0378c9b3	div	x19,x17,x23	 x17:0x00000000 x23:0x00000001 x19=0x00000000
     368335.000 ns	     36832	80007a38	e0099a53	fclass.s	x20,f19	 f19:0x80000000 x20=0x00000008
     368355.000 ns	     36834	80007a3c	00925c93	srli	x25,x4,0x9	  x4:0x00000001 x25=0x00000000
     368375.000 ns	     36836	80007a40	a1599fd3	flt.s	x31,f19,f21	 f19:0x80000000 f21:0x3f800000 x31=0x00000001
     368395.000 ns	     36838	80007a44	01b58eb3	add	x29,x11,x27	 x11:0x80041024 x27:0x0000003d x29=0x80041061
     368405.000 ns	     36839	80007a48	00653fb3	sltu	x31,x10,x6	 x10:0x00000000  x6:0x00000000 x31=0x00000000
     368415.000 ns	     36840	80007a4c	00000013	addi	x0,x0,0	  x0:0x00000000
     368435.000 ns	     36842	80007a50	28369d53	fmax.s	f26,f13,f3	 f13:0x00000000  f3:0xcf7997d8 f26=0x00000000
     368455.000 ns	     36844	80007a54	7cd8a793	slti	x15,x17,1997	 x17:0x00000000 x15=0x00000001
     368465.000 ns	     36845	80007a58	41ae81b3	sub	x3,x29,x26	 x29:0x80041061 x26:0x00000001  x3=0x80041060
     368485.000 ns	     36847	80007a5c	a1c18953	fle.s	x18,f3,f28	  f3:0xcf7997d8 f28:0x4737e75a x18=0x00000001
     368505.000 ns	     36849	80007a60	873d7b93	andi	x23,x26,-1933	 x26:0x00000001 x23=0x00000001
     368535.000 ns	     36852	80007a64	109cf353	fmul.s	f6,f25,f9	 f25:0x00000000  f9:0x7f800000  f6=0x7fc00000
     368565.000 ns	     36855	80007a68	03242bb3	mulhsu	x23,x8,x18	  x8:0x00000000 x18:0x00000001 x23=0x00000000
     368585.000 ns	     36857	80007a6c	01c636b3	sltu	x13,x12,x28	 x12:0x00000000 x28:0x80040fe4 x13=0x00000001
     368625.000 ns	     36861	80007a70	0987fad3	fsub.s	f21,f15,f24	 f15:0x00000000 f24:0x80000000 f21=0x00000000
     368655.000 ns	     36864	80007a74	c01cfdd3	fcvt.wu.s	x27,f25	 f25:0x00000000 x27=0x00000000
     368685.000 ns	     36867	80007a78	c01df353	fcvt.wu.s	x6,f27	 f27:0x7f800000  x6=0xffffffff
     368705.000 ns	     36869	80007a7c	004f4bb3	xor	x23,x30,x4	 x30:0xb80e8000  x4:0x00000001 x23=0xb80e8001
     368725.000 ns	     36871	80007a80	205ea653	fsgnjx.s	f12,f29,f5	 f29:0x7f800000  f5:0x7fffffff f12=0x7f800000
     368755.000 ns	     36874	80007a84	03310ab3	mul	x21,x2,x19	  x2:0xf9972418 x19:0x00000000 x21=0x00000000
     368775.000 ns	     36876	80007a88	009b5093	srli	x1,x22,0x9	 x22:0x00000000  x1=0x00000000
     368815.000 ns	     36880	80007a8c	0169fad3	fadd.s	f21,f19,f22	 f19:0x80000000 f22:0xceddb981 f21=0xceddb981
     368835.000 ns	     36882	80007a90	4140dfb3	sra	x31,x1,x20	  x1:0xfffff891 x20:0x00000008 x31=0x00000000
     368845.000 ns	     36883	80007a94	0060d2b3	srl	x5,x1,x6	  x1:0x00000000  x6:0xffffffff  x5=0x00000000
     368855.000 ns	     36884	80007a98	67098413	addi	x8,x19,1648	 x19:0x00000000  x8=0x00000670
     368865.000 ns	     36885	80007a9c	01689633	sll	x12,x17,x22	 x17:0x00000000 x22:0x00000000 x12=0x00000000
     368885.000 ns	     36887	80007aa0	29919f53	fmax.s	f30,f3,f25	  f3:0xcf7997d8 f25:0x00000000 f30=0x00000000
     368915.000 ns	     36890	80007aa4	03f67cb3	remu	x25,x12,x31	 x12:0x00000000 x31:0x00000000 x25=0x00000000
     368955.000 ns	     36894	80007aa8	11e933d3	fmul.s	f7,f18,f30	 f18:0x80000000 f30:0x00000000  f7=0x80000000
     368985.000 ns	     36897	80007aac	d01e7453	fcvt.s.wu	f8,x28	 x28:0x80040fe4  f8=0x4f00040f
     369015.000 ns	     36900	80007ab0	a0e69c53	flt.s	x24,f13,f14	 f13:0x00000000 f14:0xff800000 x24=0x00000000
     369055.000 ns	     36904	80007ab4	18390ad3	fdiv.s	f21,f18,f3	 f18:0x80000000  f3:0xcf7997d8 f21=0x00000000
     369085.000 ns	     36907	80007ab8	d00ff753	fcvt.s.w	f14,x31	 x31:0x00000000 f14=0x00000000
     369105.000 ns	     36909	80007abc	2f171a97	auipc	x21,0x2f171	 x21=0xaf178abc
     369125.000 ns	     36911	80007ac0	294d1dd3	fmax.s	f27,f26,f20	 f26:0x00000000 f20:0x7fc00000 f27=0x00000000
     369155.000 ns	     36914	80007ac4	c00977d3	fcvt.w.s	x15,f18	 f18:0x80000000 x15=0x00000000
     369195.000 ns	     36918	80007ac8	194334d3	fdiv.s	f9,f6,f20	  f6:0x7fc00000 f20:0x7fc00000  f9=0x7fc00000
     369215.000 ns	     36920	80007acc	cc75ab97	auipc	x23,0xcc75a	 x23=0x4c761acc
     369245.000 ns	     36923	80007ad0	5807a853	fsqrt.s	f16,f15	 f15:0x00000000 f16=0x00000000
     369265.000 ns	     36925	80007ad4	01f0f633	and	x12,x1,x31	  x1:0x00000000 x31:0x00000000 x12=0x00000000
     369275.000 ns	     36926	80007ad8	c1792a97	auipc	x21,0xc1792	 x21=0x41799ad8
     369285.000 ns	     36927	80007adc	17d42813	slti	x16,x8,381	  x8:0x00000670 x16=0x00000000
     369305.000 ns	     36929	80007ae0	f00a0cd3	fmv.w.x	f25,x20	 x20:0x00000008 f25=0x00000008
     369335.000 ns	     36932	80007ae4	029a12b3	mulh	x5,x20,x9	 x20:0x00000008  x9:0x00000000  x5=0x00000000
     369355.000 ns	     36934	80007ae8	e7469db7	lui	x27,0xe7469	 x27=0xe7469000
     369365.000 ns	     36935	80007aec	01b31893	slli	x17,x6,0x1b	  x6:0xffffffff x17=0xf8000000
     369375.000 ns	     36936	80007af0	0152df33	srl	x30,x5,x21	  x5:0x00000000 x21:0x41799ad8 x30=0x00000000
     369385.000 ns	     36937	80007af4	01c3cb33	xor	x22,x7,x28	  x7:0xfffffdf8 x28:0x80040fe4 x22=0x7ffbf21c
     369745.000 ns	     36973	80007af8	0260cdb3	div	x27,x1,x6	  x1:0x00000000  x6:0xffffffff x27=0x00000000
     369775.000 ns	     36976	80007afc	02413ab3	mulhu	x21,x2,x4	  x2:0xf9972418  x4:0x00000001 x21=0x00000000
     369805.000 ns	     36979	80007b00	02181c33	mulh	x24,x16,x1	 x16:0x00000000  x1:0x00000000 x24=0x00000000
     369835.000 ns	     36982	80007b04	038f84b3	mul	x9,x31,x24	 x31:0x00000000 x24:0x00000000  x9=0x00000000
     369865.000 ns	     36985	80007b08	023c0733	mul	x14,x24,x3	 x24:0x00000000  x3:0x80041060 x14=0x00000000
     369885.000 ns	     36987	80007b0c	24a1ae93	slti	x29,x3,586	  x3:0x80041060 x29=0x00000001
     369895.000 ns	     36988	80007b10	01d830b3	sltu	x1,x16,x29	 x16:0x00000000 x29:0x80041061  x1=0x00000001
     369925.000 ns	     36991	80007b14	10a37053	fmul.s	f0,f6,f10	  f6:0x7fc00000 f10:0x4735045a  f0=0x7fc00000
     369945.000 ns	     36993	80007b18	01f21f33	sll	x30,x4,x31	  x4:0x00000001 x31:0x00000000 x30=0x00000001
     369965.000 ns	     36995	80007b1c	28a38c53	fmin.s	f24,f7,f10	  f7:0x80000000 f10:0x4735045a f24=0x80000000
     369995.000 ns	     36998	80007b20	02ba0a33	mul	x20,x20,x11	 x20:0x00000008 x11:0x80041024 x20=0x00208120
     370015.000 ns	     37000	80007b24	00195fb3	srl	x31,x18,x1	 x18:0x00000001  x1:0x00000001 x31=0x00000000
     370055.000 ns	     37004	80007b28	0154f253	fadd.s	f4,f9,f21	  f9:0x7fc00000 f21:0x00000000  f4=0x7fc00000
     370085.000 ns	     37007	80007b2c	d0103c53	fcvt.s.wu	f24,x0	  x0:0x00000000 f24=0x00000000
     370105.000 ns	     37009	80007b30	005b2d33	slt	x26,x22,x5	 x22:0x7ffbf21c  x5:0x00000000 x26=0x00000000
     370115.000 ns	     37010	80007b34	bf9fbe93	sltiu	x29,x31,-1031	 x31:0x00000000 x29=0x00000001
     370475.000 ns	     37046	80007b38	021b5db3	divu	x27,x22,x1	 x22:0x7ffbf21c  x1:0x00000001 x27=0x7ffbf21c
     370505.000 ns	     37049	80007b3c	20e11653	fsgnjn.s	f12,f2,f14	  f2:0x00000001 f14:0x00000000 f12=0x80000001
     370535.000 ns	     37052	80007b40	f0068153	fmv.w.x	f2,x13	 x13:0x00000001  f2=0x00000001
     370565.000 ns	     37055	80007b44	e00d14d3	fclass.s	x9,f26	 f26:0x00000000  x9=0x00000010
     370585.000 ns	     37057	80007b48	b5c50e93	addi	x29,x10,-1188	 x10:0x00000000 x29=0xfffffb5c
     370595.000 ns	     37058	80007b4c	40355693	srai	x13,x10,0x3	 x10:0x00000000 x13=0x00000000
     370615.000 ns	     37060	80007b50	28f00153	fmin.s	f2,f0,f15	  f0:0x7fc00000 f15:0x00000000  f2=0x00000000
     370635.000 ns	     37062	80007b54	019d5493	srli	x9,x26,0x19	 x26:0x00000000  x9=0x00000000
     370995.000 ns	     37098	80007b58	022afeb3	remu	x29,x21,x2	 x21:0x00000000  x2:0xf9972418 x29=0x00000000
     371025.000 ns	     37101	80007b5c	c0041cd3	fcvt.w.s	x25,f8	  f8:0x4f00040f x25=0x7fffffff
     371045.000 ns	     37103	80007b60	146a7493	andi	x9,x20,326	 x20:0x00208120  x9=0x00000100
     371055.000 ns	     37104	80007b64	3b670713	addi	x14,x14,950	 x14:0x00000000 x14=0x000003b6
     371065.000 ns	     37105	80007b68	01a984b3	add	x9,x19,x26	 x19:0x00000000 x26:0x00000000  x9=0x00000000
     371075.000 ns	     37106	80007b6c	012d5c13	srli	x24,x26,0x12	 x26:0x00000000 x24=0x00000000
     371085.000 ns	     37107	80007b70	0ff9e893	ori	x17,x19,255	 x19:0x00000000 x17=0x000000ff
     371105.000 ns	     37109	80007b74	a1e60353	fle.s	x6,f12,f30	 f12:0x80000001 f30:0x00000000  x6=0x00000001
     371135.000 ns	     37112	80007b78	d0150753	fcvt.s.wu	f14,x10	 x10:0x00000000 f14=0x00000000
     371165.000 ns	     37115	80007b7c	a1b49853	flt.s	x16,f9,f27	  f9:0x7fc00000 f27:0x00000000 x16=0x00000000
     371185.000 ns	     37117	80007b80	41870f33	sub	x30,x14,x24	 x14:0x000003b6 x24:0x00000000 x30=0x000003b6
     371195.000 ns	     37118	80007b84	e8344493	xori	x9,x8,-381	  x8:0x00000670  x9=0xfffff8f3
     371225.000 ns	     37121	80007b88	10517dd3	fmul.s	f27,f2,f5	  f2:0x00000000  f5:0x7fffffff f27=0x7fc00000
     371255.000 ns	     37124	80007b8c	e0070cd3	fmv.x.w	x25,f14	 f14:0x00000000 x25=0x00000000
     371275.000 ns	     37126	80007b90	783a6913	ori	x18,x20,1923	 x20:0x00208120 x18=0x002087a3
     371285.000 ns	     37127	80007b94	015a57b3	srl	x15,x20,x21	 x20:0x00208120 x21:0x00000000 x15=0x00208120
     371305.000 ns	     37129	80007b98	2073a853	fsgnjx.s	f16,f7,f7	  f7:0x80000000  f7:0x80000000 f16=0x00000000
     371335.000 ns	     37132	80007b9c	03d5df33	divu	x30,x11,x29	 x11:0x80041024 x29:0x00000000 x30=0xffffffff
     371355.000 ns	     37134	80007ba0	41bf8c33	sub	x24,x31,x27	 x31:0x00000000 x27:0x7ffbf21c x24=0x80040de4
     371365.000 ns	     37135	80007ba4	2a08ea97	auipc	x21,0x2a08e	 x21=0xaa095ba4
     371375.000 ns	     37136	80007ba8	227de813	ori	x16,x27,551	 x27:0x7ffbf21c x16=0x7ffbf23f
     371385.000 ns	     37137	80007bac	84c10097	auipc	x1,0x84c10	  x1=0x04c17bac
     371395.000 ns	     37138	80007bb0	401b54b3	sra	x9,x22,x1	 x22:0x7ffbf21c  x1:0x00000001  x9=0x0007ffbf
     371415.000 ns	     37140	80007bb4	e0010c53	fmv.x.w	x24,f2	  f2:0x00000000 x24=0x00000000
     371435.000 ns	     37142	80007bb8	019cd313	srli	x6,x25,0x19	 x25:0x00000000  x6=0x00000000
     371455.000 ns	     37144	80007bbc	28cc07d3	fmin.s	f15,f24,f12	 f24:0x00000000 f12:0x80000001 f15=0x80000001
     371485.000 ns	     37147	80007bc0	a0962d53	feq.s	x26,f12,f9	 f12:0x80000001  f9:0x7fc00000 x26=0x00000000
     371505.000 ns	     37149	80007bc4	0141b8b3	sltu	x17,x3,x20	  x3:0x80041060 x20:0x00208120 x17=0x00000000
     371515.000 ns	     37150	80007bc8	01d7bfb3	sltu	x31,x15,x29	 x15:0x00208120 x29:0x00000000 x31=0x00000000
     371535.000 ns	     37152	80007bcc	29f08d53	fmin.s	f26,f1,f31	  f1:0x00000000 f31:0x00000000 f26=0x00000000
     371565.000 ns	     37155	80007bd0	205b8a53	fsgnj.s	f20,f23,f5	 f23:0x7f800000  f5:0x7fffffff f20=0x7f800000
     371585.000 ns	     37157	80007bd4	002a68b3	or	x17,x20,x2	 x20:0x00208120  x2:0xf9972418 x17=0xf9b7a538
     371605.000 ns	     37159	80007bd8	a02e1053	flt.s	x0,f28,f2	 f28:0x4737e75a  f2:0x00000000
     371625.000 ns	     37161	80007bdc	2f2ae613	ori	x12,x21,754	 x21:0xaa095ba4 x12=0xaa095bf6
     371635.000 ns	     37162	80007be0	d47d3293	sltiu	x5,x26,-697	 x26:0x00000000  x5=0x00000001
     371655.000 ns	     37164	80007be4	e0010c53	fmv.x.w	x24,f2	  f2:0x00000000 x24=0x00000000
     371675.000 ns	     37166	80007be8	40305db3	sra	x27,x0,x3	  x0:0x00000000  x3:0x80041060 x27=0x00000000
     371685.000 ns	     37167	80007bec	bba0f213	andi	x4,x1,-1094	  x1:0x04c17bac  x4=0x04c17ba8
     371725.000 ns	     37171	80007bf0	00e988d3	fadd.s	f17,f19,f14	 f19:0x80000000 f14:0x00000000 f17=0x00000000
     371745.000 ns	     37173	80007bf4	01848c33	add	x24,x9,x24	  x9:0x0007ffbf x24:0x00000000 x24=0x0007ffbf
     371755.000 ns	     37174	80007bf8	3ad83c17	auipc	x24,0x3ad83	 x24=0xbad8abf8
     371775.000 ns	     37176	80007bfc	024906b3	mul	x13,x18,x4	 x18:0x002087a3  x4:0x04c17ba8 x13=0x846753f8
     371805.000 ns	     37179	80007c00	e00e8753	fmv.x.w	x14,f29	 f29:0x7f800000 x14=0x7f800000
     371825.000 ns	     37181	80007c04	00f9bdb3	sltu	x27,x19,x15	 x19:0x00000000 x15:0x00208120 x27=0x00000001
     371835.000 ns	     37182	80007c08	202ffc93	andi	x25,x31,514	 x31:0x00000000 x25=0x00000000
     371855.000 ns	     37184	80007c0c	03fa09b3	mul	x19,x20,x31	 x20:0x00208120 x31:0x00000000 x19=0x00000000
     373035.000 ns	     37302	80007c10	58042853	fsqrt.s	f16,f8	  f8:0x4f00040f f16=0x46b50a40
     373065.000 ns	     37305	80007c14	037a3db3	mulhu	x27,x20,x23	 x20:0x00208120 x23:0x4c761acc x27=0x0009b554
     373085.000 ns	     37307	80007c18	40d68b33	sub	x22,x13,x13	 x13:0x846753f8 x13:0x846753f8 x22=0x00000000
     373105.000 ns	     37309	80007c1c	036c01b3	mul	x3,x24,x22	 x24:0xbad8abf8 x22:0x7ffbf21c  x3=0x00000000
     373125.000 ns	     37311	80007c20	00000013	addi	x0,x0,0	  x0:0x00000000
     373135.000 ns	     37312	80007c24	013f5093	srli	x1,x30,0x13	 x30:0xffffffff  x1=0x00001fff
     373145.000 ns	     37313	80007c28	8813f293	andi	x5,x7,-1919	  x7:0xfffffdf8  x5=0xfffff880
     373155.000 ns	     37314	80007c2c	40b4d3b3	sra	x7,x9,x11	  x9:0x0007ffbf x11:0x80041024  x7=0x00007ffb
     373165.000 ns	     37315	80007c30	010f0833	add	x16,x30,x16	 x30:0xffffffff x16:0x7ffbf23f x16=0x7ffbf23e
     373175.000 ns	     37316	80007c34	410687b3	sub	x15,x13,x16	 x13:0x846753f8 x16:0x7ffbf23f x15=0x046b61ba
     373185.000 ns	     37317	80007c38	41998933	sub	x18,x19,x25	 x19:0x00000000 x25:0x00000000 x18=0x00000000
     373195.000 ns	     37318	80007c3c	40cd5633	sra	x12,x26,x12	 x26:0x00000000 x12:0xaa095bf6 x12=0x00000000
     373205.000 ns	     37319	80007c40	696e6813	ori	x16,x28,1686	 x28:0x80040fe4 x16=0x80040ff6
     373245.000 ns	     37323	80007c44	0803f753	fsub.s	f14,f7,f0	  f7:0x80000000  f0:0x7fc00000 f14=0x7fc00000
     373275.000 ns	     37326	80007c48	d000f953	fcvt.s.w	f18,x1	  x1:0x00001fff f18=0x45fff800
     373305.000 ns	     37329	80007c4c	d005b2d3	fcvt.s.w	f5,x11	 x11:0x80041024  f5=0xcefff7e0
     373335.000 ns	     37332	80007c50	29c49453	fmax.s	f8,f9,f28	  f9:0x7fc00000 f28:0x4737e75a  f8=0x4737e75a
     373365.000 ns	     37335	80007c54	a1c5a953	feq.s	x18,f11,f28	 f11:0x00000000 f28:0x4737e75a x18=0x00000000
     373385.000 ns	     37337	80007c58	41c4d513	srai	x10,x9,0x1c	  x9:0x0007ffbf x10=0x00000000
     373395.000 ns	     37338	80007c5c	00e053b3	srl	x7,x0,x14	  x0:0x00000000 x14:0x7f800000  x7=0x00000000
     373415.000 ns	     37340	80007c60	024b12b3	mulh	x5,x22,x4	 x22:0x00000000  x4:0x04c17ba8  x5=0x00000000
     373465.000 ns	     37345	80007c64	00ed7653	fadd.s	f12,f26,f14	 f26:0x00000000 f14:0x7fc00000 f12=0x7fc00000
     373505.000 ns	     37349	80007c68	580f7553	fsqrt.s	f10,f30	 f30:0x00000000 f10=0x00000000
     373875.000 ns	     37386	80007c6c	035856b3	divu	x13,x16,x21	 x16:0x80040ff6 x21:0xaa095ba4 x13=0x00000000
     373895.000 ns	     37388	80007c70	bb8fad13	slti	x26,x31,-1096	 x31:0x00000000 x26=0x00000000
     373915.000 ns	     37390	80007c74	f00d0853	fmv.w.x	f16,x26	 x26:0x00000000 f16=0x00000000
     373945.000 ns	     37393	80007c78	281a99d3	fmax.s	f19,f21,f1	 f21:0x00000000  f1:0x00000000 f19=0x00000000
     374315.000 ns	     37430	80007c7c	02b7e0b3	rem	x1,x15,x11	 x15:0x046b61ba x11:0x80041024  x1=0x046b61ba
     374355.000 ns	     37434	80007c80	580ecbd3	fsqrt.s	f23,f29	 f29:0x7f800000 f23=0x7f800000
     374385.000 ns	     37437	80007c84	e00f8ed3	fmv.x.w	x29,f31	 f31:0x00000000 x29=0x00000000
     374405.000 ns	     37439	80007c88	e1a6beb7	lui	x29,0xe1a6b	 x29=0xe1a6b000
     374415.000 ns	     37440	80007c8c	015d5c33	srl	x24,x26,x21	 x26:0x00000000 x21:0xaa095ba4 x24=0x00000000
     374435.000 ns	     37442	80007c90	e00809d3	fmv.x.w	x19,f16	 f16:0x00000000 x19=0x00000000
     374465.000 ns	     37445	80007c94	d0184ed3	fcvt.s.wu	f29,x16	 x16:0x80040ff6 f29=0x4f000410
     374485.000 ns	     37447	80007c98	00000013	addi	x0,x0,0	  x0:0x00000000
     374495.000 ns	     37448	80007c9c	00376233	or	x4,x14,x3	 x14:0x7f800000  x3:0x00000000  x4=0x7f800000
     374515.000 ns	     37450	80007ca0	e00900d3	fmv.x.w	x1,f18	 f18:0x45fff800  x1=0x45fff800
     374535.000 ns	     37452	80007ca4	01e49833	sll	x16,x9,x30	  x9:0x0007ffbf x30:0xffffffff x16=0x80000000
     374555.000 ns	     37454	80007ca8	28fc0fd3	fmin.s	f31,f24,f15	 f24:0x00000000 f15:0x80000001 f31=0x80000001
     374575.000 ns	     37456	80007cac	0003c033	xor	x0,x7,x0	  x7:0x00000000  x0:0x00000000
     374605.000 ns	     37459	80007cb0	10bc7b53	fmul.s	f22,f24,f11	 f24:0x00000000 f11:0x00000000 f22=0x00000000
     374625.000 ns	     37461	80007cb4	1b044613	xori	x12,x8,432	  x8:0x00000670 x12=0x000007c0
     374635.000 ns	     37462	80007cb8	00107d33	and	x26,x0,x1	  x0:0x00000000  x1:0x45fff800 x26=0x00000000
     374655.000 ns	     37464	80007cbc	f0030dd3	fmv.w.x	f27,x6	  x6:0x00000000 f27=0x00000000
     374675.000 ns	     37466	80007cc0	00570eb3	add	x29,x14,x5	 x14:0x7f800000  x5:0x00000000 x29=0x7f800000
     374705.000 ns	     37469	80007cc4	187a1b53	fdiv.s	f22,f20,f7	 f20:0x7f800000  f7:0x80000000 f22=0xff800000
     374735.000 ns	     37472	80007cc8	f0060dd3	fmv.w.x	f27,x12	 x12:0x000007c0 f27=0x000007c0
     374765.000 ns	     37475	80007ccc	20ae98d3	fsgnjn.s	f17,f29,f10	 f29:0x4f000410 f10:0x00000000 f17=0xcf000410
     374795.000 ns	     37478	80007cd0	20cd80d3	fsgnj.s	f1,f27,f12	 f27:0x000007c0 f12:0x7fc00000  f1=0x000007c0
     374815.000 ns	     37480	80007cd4	0038d633	srl	x12,x17,x3	 x17:0xf9b7a538  x3:0x00000000 x12=0xf9b7a538
     374845.000 ns	     37483	80007cd8	5801fdd3	fsqrt.s	f27,f3	  f3:0xcf7997d8 f27=0x7fc00000
     374875.000 ns	     37486	80007cdc	28b896d3	fmax.s	f13,f17,f11	 f17:0xcf000410 f11:0x00000000 f13=0x00000000
     374895.000 ns	     37488	80007ce0	40d95a93	srai	x21,x18,0xd	 x18:0x00000000 x21=0x00000000
     374905.000 ns	     37489	80007ce4	01927ab3	and	x21,x4,x25	  x4:0x7f800000 x25:0x00000000 x21=0x00000000
     374925.000 ns	     37491	80007ce8	026ca9b3	mulhsu	x19,x25,x6	 x25:0x00000000  x6:0x00000000 x19=0x00000000
     374955.000 ns	     37494	80007cec	033f71b3	remu	x3,x30,x19	 x30:0xffffffff x19:0x00000000  x3=0xffffffff
     374975.000 ns	     37496	80007cf0	0088dc93	srli	x25,x17,0x8	 x17:0xf9b7a538 x25=0x00f9b7a5
     374985.000 ns	     37497	80007cf4	41085633	sra	x12,x16,x16	 x16:0x80000000 x16:0x80000000 x12=0x80000000
     375005.000 ns	     37499	80007cf8	023499b3	mulh	x19,x9,x3	  x9:0x0007ffbf  x3:0xffffffff x19=0xffffffff
     375025.000 ns	     37501	80007cfc	013d09b3	add	x19,x26,x19	 x26:0x00000000 x19:0x00000000 x19=0xffffffff
     375045.000 ns	     37503	80007d00	29a48ad3	fmin.s	f21,f9,f26	  f9:0x7fc00000 f26:0x00000000 f21=0x00000000
     375075.000 ns	     37506	80007d04	f0018753	fmv.w.x	f14,x3	  x3:0xffffffff f14=0xffffffff
     375105.000 ns	     37509	80007d08	a0b589d3	fle.s	x19,f11,f11	 f11:0x00000000 f11:0x00000000 x19=0x00000001
     375125.000 ns	     37511	80007d0c	41275493	srai	x9,x14,0x12	 x14:0x7f800000  x9=0x00001fe0
     375135.000 ns	     37512	80007d10	f868c513	xori	x10,x17,-122	 x17:0xf9b7a538 x10=0x06485abe
     375165.000 ns	     37515	80007d14	58053b53	fsqrt.s	f22,f10	 f10:0x00000000 f22=0x00000000
     375185.000 ns	     37517	80007d18	00c67fb3	and	x31,x12,x12	 x12:0x80000000 x12:0x80000000 x31=0x80000000
     375195.000 ns	     37518	80007d1c	01d63c33	sltu	x24,x12,x29	 x12:0x80000000 x29:0x7f800000 x24=0x00000000
     375215.000 ns	     37520	80007d20	2131a953	fsgnjx.s	f18,f3,f19	  f3:0xcf7997d8 f19:0x00000000 f18=0xcf7997d8
     375245.000 ns	     37523	80007d24	e00c93d3	fclass.s	x7,f25	 f25:0x00000008  x7=0x00000020
     375275.000 ns	     37526	80007d28	e0071dd3	fclass.s	x27,f14	 f14:0xffffffff x27=0x00000200
     375645.000 ns	     37563	80007d2c	039ad3b3	divu	x7,x21,x25	 x21:0x00000000 x25:0x00f9b7a5  x7=0x00000000
     375695.000 ns	     37568	80007d30	0874fbd3	fsub.s	f23,f9,f7	  f9:0x7fc00000  f7:0x80000000 f23=0x7fc00000
     375715.000 ns	     37570	80007d34	b95eea13	ori	x20,x29,-1131	 x29:0x7f800000 x20=0xfffffb95
     375725.000 ns	     37571	80007d38	01c10eb3	add	x29,x2,x28	  x2:0xf9972418 x28:0x80040fe4 x29=0x799b33fc
     375745.000 ns	     37573	80007d3c	e00d0653	fmv.x.w	x12,f26	 f26:0x00000000 x12=0x00000000
     375765.000 ns	     37575	80007d40	0010f733	and	x14,x1,x1	  x1:0x45fff800  x1:0x45fff800 x14=0x45fff800
     375775.000 ns	     37576	80007d44	00000013	addi	x0,x0,0	  x0:0x00000000
     375795.000 ns	     37578	80007d48	c00ef9d3	fcvt.w.s	x19,f29	 f29:0x4f000410 x19=0x7fffffff
     375835.000 ns	     37582	80007d4c	195a9d53	fdiv.s	f26,f21,f21	 f21:0x00000000 f21:0x00000000 f26=0x7fc00000
     375865.000 ns	     37585	80007d50	c0047253	fcvt.w.s	x4,f8	  f8:0x4737e75a  x4=0x0000b7e7
     375905.000 ns	     37589	80007d54	58094ed3	fsqrt.s	f29,f18	 f18:0xcf7997d8 f29=0x7fc00000
     375925.000 ns	     37591	80007d58	41bdd613	srai	x12,x27,0x1b	 x27:0x00000200 x12=0x00000000
     375935.000 ns	     37592	80007d5c	01ac7033	and	x0,x24,x26	 x24:0x00000000 x26:0x00000000
     375945.000 ns	     37593	80007d60	50e2b693	sltiu	x13,x5,1294	  x5:0x00000000 x13=0x00000001
     375955.000 ns	     37594	80007d64	001771b3	and	x3,x14,x1	 x14:0x45fff800  x1:0x45fff800  x3=0x45fff800
     375985.000 ns	     37597	80007d68	58097153	fsqrt.s	f2,f18	 f18:0xcf7997d8  f2=0x7fc00000
     376355.000 ns	     37634	80007d6c	03d2fb33	remu	x22,x5,x29	  x5:0x00000000 x29:0x799b33fc x22=0x00000000
     376385.000 ns	     37637	80007d70	201e2753	fsgnjx.s	f14,f28,f1	 f28:0x4737e75a  f1:0x000007c0 f14=0x4737e75a
     376405.000 ns	     37639	80007d74	04eafd13	andi	x26,x21,78	 x21:0x00000000 x26=0x00000000
     376425.000 ns	     37641	80007d78	02f53933	mulhu	x18,x10,x15	 x10:0x06485abe x15:0x046b61ba x18=0x001bc40e
     376475.000 ns	     37646	80007d7c	00147dd3	fadd.s	f27,f8,f1	  f8:0x4737e75a  f1:0x000007c0 f27=0x4737e75a
     376505.000 ns	     37649	80007d80	d0070553	fcvt.s.w	f10,x14	 x14:0x45fff800 f10=0x4e8bfff0
     376555.000 ns	     37654	80007d84	0916a753	fsub.s	f14,f13,f17	 f13:0x00000000 f17:0xcf000410 f14=0x4f000410
     376595.000 ns	     37658	80007d88	580fa4d3	fsqrt.s	f9,f31	 f31:0x80000001  f9=0x7fc00000
     376615.000 ns	     37660	80007d8c	00000013	addi	x0,x0,0	  x0:0x00000000
     376625.000 ns	     37661	80007d90	415f5433	sra	x8,x30,x21	 x30:0xffffffff x21:0x00000000  x8=0xffffffff
     376635.000 ns	     37662	80007d94	d5a30293	addi	x5,x6,-678	  x6:0x00000000  x5=0xfffffd5a
     376645.000 ns	     37663	80007d98	e5360e97	auipc	x29,0xe5360	 x29=0x65367d98
     376675.000 ns	     37666	80007d9c	100eb6d3	fmul.s	f13,f29,f0	 f29:0x7fc00000  f0:0x7fc00000 f13=0x7fc00000
     376705.000 ns	     37669	80007da0	e0030a53	fmv.x.w	x20,f6	  f6:0x7fc00000 x20=0x7fc00000
     376735.000 ns	     37672	80007da4	202289d3	fsgnj.s	f19,f5,f2	  f5:0xcefff7e0  f2:0x7fc00000 f19=0x4efff7e0
     376755.000 ns	     37674	80007da8	00dda9b3	slt	x19,x27,x13	 x27:0x00000200 x13:0x00000001 x19=0x00000000
     377115.000 ns	     37710	80007dac	0305d2b3	divu	x5,x11,x16	 x11:0x80041024 x16:0x80000000  x5=0x00000001
     377135.000 ns	     37712	80007db0	0c0a0293	addi	x5,x20,192	 x20:0x7fc00000  x5=0x7fc000c0
     377145.000 ns	     37713	80007db4	0069fcb3	and	x25,x19,x6	 x19:0x00000000  x6:0x00000000 x25=0x00000000
     377155.000 ns	     37714	80007db8	26f8c193	xori	x3,x17,623	 x17:0xf9b7a538  x3=0xf9b7a757
     377175.000 ns	     37716	80007dbc	d00c2d53	fcvt.s.w	f26,x24	 x24:0x00000000 f26=0x00000000
     377205.000 ns	     37719	80007dc0	c0002853	fcvt.w.s	x16,f0	  f0:0x7fc00000 x16=0x7fffffff
     377225.000 ns	     37721	80007dc4	00c2a4b3	slt	x9,x5,x12	  x5:0x7fc000c0 x12:0x00000000  x9=0x00000000
     377245.000 ns	     37723	80007dc8	f0058ed3	fmv.w.x	f29,x11	 x11:0x80041024 f29=0x80041024
     377615.000 ns	     37760	80007dcc	03d17533	remu	x10,x2,x29	  x2:0xf9972418 x29:0x65367d98 x10=0x2f2a28e8
     377635.000 ns	     37762	80007dd0	001cf233	and	x4,x25,x1	 x25:0x00000000  x1:0x45fff800  x4=0x00000000
     377645.000 ns	     37763	80007dd4	40b45b93	srai	x23,x8,0xb	  x8:0xffffffff x23=0xffffffff
     377655.000 ns	     37764	80007dd8	69207c93	andi	x25,x0,1682	  x0:0x00000000 x25=0x00000000
     377675.000 ns	     37766	80007ddc	a1182753	feq.s	x14,f16,f17	 f16:0x00000000 f17:0xcf000410 x14=0x00000000
     377705.000 ns	     37769	80007de0	e00b8953	fmv.x.w	x18,f23	 f23:0x7fc00000 x18=0x7fc00000
     378075.000 ns	     37806	80007de4	02d4d1b3	divu	x3,x9,x13	  x9:0x00000000 x13:0x00000001  x3=0x00000000
     379255.000 ns	     37924	80007de8	58047653	fsqrt.s	f12,f8	  f8:0x4737e75a f12=0x43020a08
     379285.000 ns	     37927	80007dec	e00a19d3	fclass.s	x19,f20	 f20:0x7f800000 x19=0x00000080
     379315.000 ns	     37930	80007df0	20c497d3	fsgnjn.s	f15,f9,f12	  f9:0x7fc00000 f12:0x43020a08 f15=0xffc00000
     379335.000 ns	     37932	80007df4	146a0e97	auipc	x29,0x146a0	 x29=0x946a7df4
     379355.000 ns	     37934	80007df8	20240dd3	fsgnj.s	f27,f8,f2	  f8:0x4737e75a  f2:0x7fc00000 f27=0x4737e75a
     379375.000 ns	     37936	80007dfc	0191fb33	and	x22,x3,x25	  x3:0x00000000 x25:0x00000000 x22=0x00000000
     379385.000 ns	     37937	80007e00	3818f613	andi	x12,x17,897	 x17:0xf9b7a538 x12=0x00000100
     379395.000 ns	     37938	80007e04	00000013	addi	x0,x0,0	  x0:0x00000000
     379415.000 ns	     37940	80007e08	e00680d3	fmv.x.w	x1,f13	 f13:0x7fc00000  x1=0x7fc00000
     379445.000 ns	     37943	80007e0c	0265ffb3	remu	x31,x11,x6	 x11:0x80041024  x6:0x00000000 x31=0x80041024
     379465.000 ns	     37945	80007e10	01c50a33	add	x20,x10,x28	 x10:0x2f2a28e8 x28:0x80040fe4 x20=0xaf2e38cc
     379825.000 ns	     37981	80007e14	025fcab3	div	x21,x31,x5	 x31:0x80041024  x5:0x7fc000c0 x21=0xffffffff
     379855.000 ns	     37984	80007e18	c01c7553	fcvt.wu.s	x10,f24	 f24:0x00000000 x10=0x00000000
     379875.000 ns	     37986	80007e1c	01708333	add	x6,x1,x23	  x1:0x7fc00000 x23:0xffffffff  x6=0x7fbfffff
     379895.000 ns	     37988	80007e20	20c51a53	fsgnjn.s	f20,f10,f12	 f10:0x4e8bfff0 f12:0x43020a08 f20=0xce8bfff0
     379925.000 ns	     37991	80007e24	024518b3	mulh	x17,x10,x4	 x10:0x00000000  x4:0x00000000 x17=0x00000000
     379945.000 ns	     37993	80007e28	008f3eb3	sltu	x29,x30,x8	 x30:0xffffffff  x8:0xffffffff x29=0x00000000
     379955.000 ns	     37994	80007e2c	0029fa33	and	x20,x19,x2	 x19:0x00000080  x2:0xf9972418 x20=0x00000000
     379965.000 ns	     37995	80007e30	17a9a7b7	lui	x15,0x17a9a	 x15=0x17a9a000
     379975.000 ns	     37996	80007e34	01201893	slli	x17,x0,0x12	  x0:0x00000000 x17=0x00000000
     379995.000 ns	     37998	80007e38	f0098fd3	fmv.w.x	f31,x19	 x19:0x00000080 f31=0x00000080
     380025.000 ns	     38001	80007e3c	0275d3b3	divu	x7,x11,x7	 x11:0x80041024  x7:0x00000000  x7=0xffffffff
     380055.000 ns	     38004	80007e40	02a47eb3	remu	x29,x8,x10	  x8:0xffffffff x10:0x00000000 x29=0xffffffff
     380085.000 ns	     38007	80007e44	f00e0b53	fmv.w.x	f22,x28	 x28:0x80040fe4 f22=0x80040fe4
     380105.000 ns	     38009	80007e48	a76f3b13	sltiu	x22,x30,-1418	 x30:0xffffffff x22=0x00000000
     380125.000 ns	     38011	80007e4c	29d981d3	fmin.s	f3,f19,f29	 f19:0x4efff7e0 f29:0x80041024  f3=0x80041024
     380145.000 ns	     38013	80007e50	00a87033	and	x0,x16,x10	 x16:0x7fffffff x10:0x00000000
     380165.000 ns	     38015	80007e54	e0010bd3	fmv.x.w	x23,f2	  f2:0x7fc00000 x23=0x7fc00000
     380185.000 ns	     38017	80007e58	712e2813	slti	x16,x28,1810	 x28:0x80040fe4 x16=0x00000001
     380195.000 ns	     38018	80007e5c	5719e993	ori	x19,x19,1393	 x19:0x00000080 x19=0x000005f1
     380215.000 ns	     38020	80007e60	d00cfc53	fcvt.s.w	f24,x25	 x25:0x00000000 f24=0x00000000
     380235.000 ns	     38022	80007e64	824c3f93	sltiu	x31,x24,-2012	 x24:0x00000000 x31=0x00000001
     380255.000 ns	     38024	80007e68	e0080dd3	fmv.x.w	x27,f16	 f16:0x00000000 x27=0x00000000
     380275.000 ns	     38026	80007e6c	017ae033	or	x0,x21,x23	 x21:0xffffffff x23:0x7fc00000
     380295.000 ns	     38028	80007e70	a03882d3	fle.s	x5,f17,f3	 f17:0xcf000410  f3:0x80041024  x5=0x00000001
     380325.000 ns	     38031	80007e74	e0099ed3	fclass.s	x29,f19	 f19:0x4efff7e0 x29=0x00000040
     380695.000 ns	     38068	80007e78	02bc44b3	div	x9,x24,x11	 x24:0x00000000 x11:0x80041024  x9=0x00000000
     380725.000 ns	     38071	80007e7c	e00e00d3	fmv.x.w	x1,f28	 f28:0x4737e75a  x1=0x4737e75a
     380745.000 ns	     38073	80007e80	d831b693	sltiu	x13,x3,-637	  x3:0x00000000 x13=0x00000001
     380755.000 ns	     38074	80007e84	01d0c733	xor	x14,x1,x29	  x1:0x4737e75a x29:0x00000040 x14=0x4737e71a
     381115.000 ns	     38110	80007e88	02284d33	div	x26,x16,x2	 x16:0x00000001  x2:0xf9972418 x26=0x00000000
     381135.000 ns	     38112	80007e8c	01f5e833	or	x16,x11,x31	 x11:0x80041024 x31:0x00000001 x16=0x80041025
     381145.000 ns	     38113	80007e90	00325093	srli	x1,x4,0x3	  x4:0x00000000  x1=0x00000000
     381165.000 ns	     38115	80007e94	a1cd1853	flt.s	x16,f26,f28	 f26:0x00000000 f28:0x4737e75a x16=0x00000001
     381185.000 ns	     38117	80007e98	caec4217	auipc	x4,0xcaec4	  x4=0x4aecbe98
     381205.000 ns	     38119	80007e9c	c01679d3	fcvt.wu.s	x19,f12	 f12:0x43020a08 x19=0x00000082
     381235.000 ns	     38122	80007ea0	d013c2d3	fcvt.s.wu	f5,x7	  x7:0xffffffff  f5=0x4f800000
     381255.000 ns	     38124	80007ea4	a6b1e313	ori	x6,x3,-1429	  x3:0x00000000  x6=0xfffffa6b
     381275.000 ns	     38126	80007ea8	0319d933	divu	x18,x19,x17	 x19:0x00000082 x17:0x00000000 x18=0xffffffff
     381295.000 ns	     38128	80007eac	0d884d97	auipc	x27,0xd884	 x27=0x8d88beac
     381305.000 ns	     38129	80007eb0	378b8893	addi	x17,x23,888	 x23:0x7fc00000 x17=0x7fc00378
     381315.000 ns	     38130	80007eb4	01a59993	slli	x19,x11,0x1a	 x11:0x80041024 x19=0x90000000
     381335.000 ns	     38132	80007eb8	20360153	fsgnj.s	f2,f12,f3	 f12:0x43020a08  f3:0x80041024  f2=0xc3020a08
     381355.000 ns	     38134	80007ebc	01bc1f13	slli	x30,x24,0x1b	 x24:0x00000000 x30=0x00000000
     381375.000 ns	     38136	80007ec0	d01c1853	fcvt.s.wu	f16,x24	 x24:0x00000000 f16=0x00000000
     381395.000 ns	     38138	80007ec4	00e43833	sltu	x16,x8,x14	  x8:0xffffffff x14:0x4737e71a x16=0x00000000
     381405.000 ns	     38139	80007ec8	00e9acb3	slt	x25,x19,x14	 x19:0x90000000 x14:0x4737e71a x25=0x00000001
     381425.000 ns	     38141	80007ecc	03a58b33	mul	x22,x11,x26	 x11:0x80041024 x26:0x00000000 x22=0x00000000
     381455.000 ns	     38144	80007ed0	20ffa353	fsgnjx.s	f6,f31,f15	 f31:0x00000080 f15:0xffc00000  f6=0x80000080
     381475.000 ns	     38146	80007ed4	003b16b3	sll	x13,x22,x3	 x22:0x00000000  x3:0x00000000 x13=0x00000000
     381495.000 ns	     38148	80007ed8	e00308d3	fmv.x.w	x17,f6	  f6:0x80000080 x17=0x80000080
     381535.000 ns	     38152	80007edc	580d7dd3	fsqrt.s	f27,f26	 f26:0x00000000 f27=0x00000000
     381565.000 ns	     38155	80007ee0	a0252dd3	feq.s	x27,f10,f2	 f10:0x4e8bfff0  f2:0xc3020a08 x27=0x00000000
     381595.000 ns	     38158	80007ee4	2155a1d3	fsgnjx.s	f3,f11,f21	 f11:0x00000000 f21:0x00000000  f3=0x00000000
     381615.000 ns	     38160	80007ee8	d0ad4713	xori	x14,x26,-758	 x26:0x00000000 x14=0xfffffd0a
     381625.000 ns	     38161	80007eec	0054a8b3	slt	x17,x9,x5	  x9:0x00000000  x5:0x00000001 x17=0x00000001
     381635.000 ns	     38162	80007ef0	01fc9c13	slli	x24,x25,0x1f	 x25:0x00000001 x24=0x80000000
     381665.000 ns	     38165	80007ef4	1878b053	fdiv.s	f0,f17,f7	 f17:0xcf000410  f7:0x80000000  f0=0x7f800000
     381695.000 ns	     38168	80007ef8	d012ff53	fcvt.s.wu	f30,x5	  x5:0x00000001 f30=0x3f800000
     381715.000 ns	     38170	80007efc	00bceeb3	or	x29,x25,x11	 x25:0x00000001 x11:0x80041024 x29=0x80041025
     381725.000 ns	     38171	80007f00	df130793	addi	x15,x6,-527	  x6:0xfffffa6b x15=0xfffff85c
     381735.000 ns	     38172	80007f04	001ac833	xor	x16,x21,x1	 x21:0xffffffff  x1:0x00000000 x16=0xffffffff
     381775.000 ns	     38176	80007f08	01b4f7d3	fadd.s	f15,f9,f27	  f9:0x7fc00000 f27:0x00000000 f15=0x7fc00000
     381805.000 ns	     38179	80007f0c	291216d3	fmax.s	f13,f4,f17	  f4:0x7fc00000 f17:0xcf000410 f13=0xcf000410
     381825.000 ns	     38181	80007f10	003c9cb3	sll	x25,x25,x3	 x25:0x00000001  x3:0x00000000 x25=0x00000001
     381845.000 ns	     38183	80007f14	a0ff1dd3	flt.s	x27,f30,f15	 f30:0x3f800000 f15:0x7fc00000 x27=0x00000000
     381865.000 ns	     38185	80007f18	00786a33	or	x20,x16,x7	 x16:0xffffffff  x7:0xffffffff x20=0xffffffff
     381885.000 ns	     38187	80007f1c	a05422d3	feq.s	x5,f8,f5	  f8:0x4737e75a  f5:0x4f800000  x5=0x00000000
     381915.000 ns	     38190	80007f20	021918b3	mulh	x17,x18,x1	 x18:0xffffffff  x1:0x00000000 x17=0x00000000
     381945.000 ns	     38193	80007f24	c00c8553	fcvt.w.s	x10,f25	 f25:0x00000008 x10=0x00000000
     381965.000 ns	     38195	80007f28	002f0eb3	add	x29,x30,x2	 x30:0x00000000  x2:0xf9972418 x29=0xf9972418
     381995.000 ns	     38198	80007f2c	58012c53	fsqrt.s	f24,f2	  f2:0xc3020a08 f24=0x7fc00000
     382025.000 ns	     38201	80007f30	21c1a653	fsgnjx.s	f12,f3,f28	  f3:0x00000000 f28:0x4737e75a f12=0x00000000
     382045.000 ns	     38203	80007f34	00eccb33	xor	x22,x25,x14	 x25:0x00000001 x14:0xfffffd0a x22=0xfffffd0b
     382055.000 ns	     38204	80007f38	cdffc493	xori	x9,x31,-801	 x31:0x00000001  x9=0xfffffcde
     382065.000 ns	     38205	80007f3c	6d83ba13	sltiu	x20,x7,1752	  x7:0xffffffff x20=0x00000000
     382085.000 ns	     38207	80007f40	28d31153	fmax.s	f2,f6,f13	  f6:0x80000080 f13:0xcf000410  f2=0x80000080
     382115.000 ns	     38210	80007f44	a193aad3	feq.s	x21,f7,f25	  f7:0x80000000 f25:0x00000008 x21=0x00000000
     382135.000 ns	     38212	80007f48	00650b33	add	x22,x10,x6	 x10:0x00000000  x6:0xfffffa6b x22=0xfffffa6b
     382145.000 ns	     38213	80007f4c	40335093	srai	x1,x6,0x3	  x6:0xfffffa6b  x1=0xffffff4d
     382165.000 ns	     38215	80007f50	02f783b3	mul	x7,x15,x15	 x15:0xfffff85c x15:0xfffff85c  x7=0x003a6110
     382185.000 ns	     38217	80007f54	36b7cb13	xori	x22,x15,875	 x15:0xfffff85c x22=0xfffffb37
     382205.000 ns	     38219	80007f58	a11c0dd3	fle.s	x27,f24,f17	 f24:0x7fc00000 f17:0xcf000410 x27=0x00000000
     382235.000 ns	     38222	80007f5c	02f4bbb3	mulhu	x23,x9,x15	  x9:0xfffffcde x15:0xfffff85c x23=0xfffff53a
     382255.000 ns	     38224	80007f60	a6817993	andi	x19,x2,-1432	  x2:0xf9972418 x19=0xf9972008
     382275.000 ns	     38226	80007f64	285e97d3	fmax.s	f15,f29,f5	 f29:0x80041024  f5:0x4f800000 f15=0x4f800000
     382305.000 ns	     38229	80007f68	d01891d3	fcvt.s.wu	f3,x17	 x17:0x00000000  f3=0x00000000
     382325.000 ns	     38231	80007f6c	289a9d17	auipc	x26,0x289a9	 x26=0xa89b0f6c
     382345.000 ns	     38233	80007f70	e00904d3	fmv.x.w	x9,f18	 f18:0xcf7997d8  x9=0xcf7997d8
     382385.000 ns	     38237	80007f74	103f71d3	fmul.s	f3,f30,f3	 f30:0x3f800000  f3:0x00000000  f3=0x00000000
     382405.000 ns	     38239	80007f78	418c5513	srai	x10,x24,0x18	 x24:0x80000000 x10=0xffffff80
     382425.000 ns	     38241	80007f7c	a1f98fd3	fle.s	x31,f19,f31	 f19:0x4efff7e0 f31:0x00000080 x31=0x00000000
     382455.000 ns	     38244	80007f80	e0061f53	fclass.s	x30,f12	 f12:0x00000000 x30=0x00000010
     382475.000 ns	     38246	80007f84	01f5d493	srli	x9,x11,0x1f	 x11:0x80041024  x9=0x00000001
     382495.000 ns	     38248	80007f88	a1111fd3	flt.s	x31,f2,f17	  f2:0x80000080 f17:0xcf000410 x31=0x00000000
     382525.000 ns	     38251	80007f8c	2164a8d3	fsgnjx.s	f17,f9,f22	  f9:0x7fc00000 f22:0x80040fe4 f17=0xffc00000
     382545.000 ns	     38253	80007f90	a971fb93	andi	x23,x3,-1385	  x3:0x00000000 x23=0x00000000
     382555.000 ns	     38254	80007f94	0180bcb3	sltu	x25,x1,x24	  x1:0xffffff4d x24:0x80000000 x25=0x00000000
     382575.000 ns	     38256	80007f98	a04f8c53	fle.s	x24,f31,f4	 f31:0x00000080  f4:0x7fc00000 x24=0x00000000
     382605.000 ns	     38259	80007f9c	a147aed3	feq.s	x29,f15,f20	 f15:0x4f800000 f20:0xce8bfff0 x29=0x00000000
     382635.000 ns	     38262	80007fa0	a0cca253	feq.s	x4,f25,f12	 f25:0x00000008 f12:0x00000000  x4=0x00000000
     382655.000 ns	     38264	80007fa4	016e63b3	or	x7,x28,x22	 x28:0x80040fe4 x22:0xfffffb37  x7=0xfffffff7
     382675.000 ns	     38266	80007fa8	a1d429d3	feq.s	x19,f8,f29	  f8:0x4737e75a f29:0x80041024 x19=0x00000000
     382695.000 ns	     38268	80007fac	4013db33	sra	x22,x7,x1	  x7:0x003a6110  x1:0xffffff4d x22=0xffffffff
     382705.000 ns	     38269	80007fb0	0108e2b3	or	x5,x17,x16	 x17:0x00000000 x16:0xffffffff  x5=0xffffffff
     382725.000 ns	     38271	80007fb4	e0001d53	fclass.s	x26,f0	  f0:0x7f800000 x26=0x00000080
     382745.000 ns	     38273	80007fb8	0169df33	srl	x30,x19,x22	 x19:0x00000000 x22:0xffffffff x30=0x00000000
     383915.000 ns	     38390	80007fbc	5807b053	fsqrt.s	f0,f15	 f15:0x4f800000  f0=0x477fffae
     383955.000 ns	     38394	80007fc0	58064d53	fsqrt.s	f26,f12	 f12:0x00000000 f26=0x00000000
     383985.000 ns	     38397	80007fc4	d01cfe53	fcvt.s.wu	f28,x25	 x25:0x00000000 f28=0x00000000
     384005.000 ns	     38399	80007fc8	40250633	sub	x12,x10,x2	 x10:0xffffff80  x2:0xf9972418 x12=0x0668db68
     384045.000 ns	     38403	80007fcc	08bffbd3	fsub.s	f23,f31,f11	 f31:0x00000080 f11:0x00000000 f23=0x00000080
     384065.000 ns	     38405	80007fd0	e4594993	xori	x19,x18,-443	 x18:0xffffffff x19=0x000001ba
     384075.000 ns	     38406	80007fd4	41be0733	sub	x14,x28,x27	 x28:0x80040fe4 x27:0x00000000 x14=0x80040fe4
     384095.000 ns	     38408	80007fd8	c011ffd3	fcvt.wu.s	x31,f3	  f3:0x00000000 x31=0x00000000
     384115.000 ns	     38410	80007fdc	6eb9a893	slti	x17,x19,1771	 x19:0x000001ba x17=0x00000001
     384125.000 ns	     38411	80007fe0	5e8f4a13	xori	x20,x30,1512	 x30:0x00000000 x20=0x000005e8
     384145.000 ns	     38413	80007fe4	219d1fd3	fsgnjn.s	f31,f26,f25	 f26:0x00000000 f25:0x00000008 f31=0x80000000
     384165.000 ns	     38415	80007fe8	01d3e9b3	or	x19,x7,x29	  x7:0xfffffff7 x29:0x00000000 x19=0xfffffff7
     384175.000 ns	     38416	80007fec	00000013	addi	x0,x0,0	  x0:0x00000000
     384185.000 ns	     38417	80007ff0	40dd0d33	sub	x26,x26,x13	 x26:0x00000080 x13:0x00000000 x26=0x00000080
     384205.000 ns	     38419	80007ff4	e00c16d3	fclass.s	x13,f24	 f24:0x7fc00000 x13=0x00000200
     384235.000 ns	     38422	80007ff8	c01d0f53	fcvt.wu.s	x30,f26	 f26:0x00000000 x30=0x00000000
     384255.000 ns	     38424	80007ffc	a9f0ae93	slti	x29,x1,-1377	  x1:0xffffff4d x29=0x00000000
     384275.000 ns	     38426	80008000	e00106d3	fmv.x.w	x13,f2	  f2:0x80000080 x13=0x80000080
     384315.000 ns	     38430	80008004	1911b4d3	fdiv.s	f9,f3,f17	  f3:0x00000000 f17:0xffc00000  f9=0x7fc00000
     384335.000 ns	     38432	80008008	004f2eb3	slt	x29,x30,x4	 x30:0x00000000  x4:0x00000000 x29=0x00000000
     384365.000 ns	     38435	8000800c	580fa2d3	fsqrt.s	f5,f31	 f31:0x80000000  f5=0x80000000
     384405.000 ns	     38439	80008010	10a07ed3	fmul.s	f29,f0,f10	  f0:0x477fffae f10:0x4e8bfff0 f29=0x568bffc3
     384445.000 ns	     38443	80008014	189c4f53	fdiv.s	f30,f24,f9	 f24:0x7fc00000  f9:0x7fc00000 f30=0x7fc00000
     384465.000 ns	     38445	80008018	f4243813	sltiu	x16,x8,-190	  x8:0xffffffff x16=0x00000000
     384485.000 ns	     38447	8000801c	207a08d3	fsgnj.s	f17,f20,f7	 f20:0xce8bfff0  f7:0x80000000 f17=0xce8bfff0
     384505.000 ns	     38449	80008020	54cb5797	auipc	x15,0x54cb5	 x15=0xd4cbd020
     384515.000 ns	     38450	80008024	a2dee493	ori	x9,x29,-1491	 x29:0x00000000  x9=0xfffffa2d
     384535.000 ns	     38452	80008028	c01916d3	fcvt.wu.s	x13,f18	 f18:0xcf7997d8 x13=0xf997d800
     384555.000 ns	     38454	8000802c	404fd693	srai	x13,x31,0x4	 x31:0x00000000 x13=0x00000000
     384585.000 ns	     38457	80008030	5803fc53	fsqrt.s	f24,f7	  f7:0x80000000 f24=0x80000000
     384605.000 ns	     38459	80008034	ab032a93	slti	x21,x6,-1360	  x6:0xfffffa6b x21=0x00000001
     384615.000 ns	     38460	80008038	416e52b3	sra	x5,x28,x22	 x28:0x80040fe4 x22:0xffffffff  x5=0xffffffff
     384625.000 ns	     38461	8000803c	00000013	addi	x0,x0,0	  x0:0x00000000
     384635.000 ns	     38462	80008040	f5423213	sltiu	x4,x4,-172	  x4:0x00000000  x4=0x00000001
     385505.000 ns	     38549	80008044	580e95d3	fsqrt.s	f11,f29	 f29:0x568bffc3 f11=0x4b05dd48
     385525.000 ns	     38551	80008048	2bb9e493	ori	x9,x19,699	 x19:0xfffffff7  x9=0xffffffff
     385545.000 ns	     38553	8000804c	c019a0d3	fcvt.wu.s	x1,f19	 f19:0x4efff7e0  x1=0x7ffbf000
     385565.000 ns	     38555	80008050	52fd4813	xori	x16,x26,1327	 x26:0x00000080 x16=0x000005af
     385585.000 ns	     38557	80008054	a1809ed3	flt.s	x29,f1,f24	  f1:0x000007c0 f24:0x80000000 x29=0x00000000
     385605.000 ns	     38559	80008058	01e536b3	sltu	x13,x10,x30	 x10:0xffffff80 x30:0x00000000 x13=0x00000000
     385615.000 ns	     38560	8000805c	3e4fbf93	sltiu	x31,x31,996	 x31:0x00000000 x31=0x00000001
     385625.000 ns	     38561	80008060	015c26b3	slt	x13,x24,x21	 x24:0x00000000 x21:0x00000001 x13=0x00000001
     385635.000 ns	     38562	80008064	01bc96b3	sll	x13,x25,x27	 x25:0x00000000 x27:0x00000000 x13=0x00000000
     385645.000 ns	     38563	80008068	f62a4993	xori	x19,x20,-158	 x20:0x000005e8 x19=0xfffffa8a
     385655.000 ns	     38564	8000806c	4117d493	srai	x9,x15,0x11	 x15:0xd4cbd020  x9=0xffffea65
     385665.000 ns	     38565	80008070	018e93b3	sll	x7,x29,x24	 x29:0x00000000 x24:0x00000000  x7=0x00000000
     385685.000 ns	     38567	80008074	d01f72d3	fcvt.s.wu	f5,x30	 x30:0x00000000  f5=0x00000000
     385705.000 ns	     38569	80008078	313cb493	sltiu	x9,x25,787	 x25:0x00000000  x9=0x00000001
     385725.000 ns	     38571	8000807c	d01d1253	fcvt.s.wu	f4,x26	 x26:0x00000080  f4=0x43000000
     385745.000 ns	     38573	80008080	babdf213	andi	x4,x27,-1109	 x27:0x00000000  x4=0x00000000
     385765.000 ns	     38575	80008084	285d95d3	fmax.s	f11,f27,f5	 f27:0x00000000  f5:0x00000000 f11=0x00000000
     385795.000 ns	     38578	80008088	c00c0b53	fcvt.w.s	x22,f24	 f24:0x80000000 x22=0x00000000
     385825.000 ns	     38581	8000808c	02436f33	rem	x30,x6,x4	  x6:0xfffffa6b  x4:0x00000000 x30=0xfffffa6b
     385855.000 ns	     38584	80008090	29b815d3	fmax.s	f11,f16,f27	 f16:0x00000000 f27:0x00000000 f11=0x00000000
     386225.000 ns	     38621	80008094	032a5eb3	divu	x29,x20,x18	 x20:0x000005e8 x18:0xffffffff x29=0x00000000
     386255.000 ns	     38624	80008098	a01f0053	fle.s	x0,f30,f1	 f30:0x7fc00000  f1:0x000007c0
     386295.000 ns	     38628	8000809c	108ff3d3	fmul.s	f7,f31,f8	 f31:0x80000000  f8:0x4737e75a  f7=0x80000000
     386345.000 ns	     38633	800080a0	010af1d3	fadd.s	f3,f21,f16	 f21:0x00000000 f16:0x00000000  f3=0x00000000
     386365.000 ns	     38635	800080a4	37092f13	slti	x30,x18,880	 x18:0xffffffff x30=0x00000001
     386375.000 ns	     38636	800080a8	0119fb33	and	x22,x19,x17	 x19:0xfffffa8a x17:0x00000001 x22=0x00000000
     386385.000 ns	     38637	800080ac	7723f097	auipc	x1,0x7723f	  x1=0xf72470ac
     386395.000 ns	     38638	800080b0	0134dc93	srli	x25,x9,0x13	  x9:0x00000001 x25=0x00000000
     386405.000 ns	     38639	800080b4	41bd0c33	sub	x24,x26,x27	 x26:0x00000080 x27:0x00000000 x24=0x00000080
     386415.000 ns	     38640	800080b8	674ac893	xori	x17,x21,1652	 x21:0x00000001 x17=0x00000675
     386435.000 ns	     38642	800080bc	e00c1953	fclass.s	x18,f24	 f24:0x80000000 x18=0x00000008
     386805.000 ns	     38679	800080c0	03f5c0b3	div	x1,x11,x31	 x11:0x80041024 x31:0x00000001  x1=0x80041024
     386825.000 ns	     38681	800080c4	352f7b93	andi	x23,x30,850	 x30:0x00000001 x23=0x00000000
     386835.000 ns	     38682	800080c8	012f5713	srli	x14,x30,0x12	 x30:0x00000001 x14=0x00000000
     386855.000 ns	     38684	800080cc	037882b3	mul	x5,x17,x23	 x17:0x00000675 x23:0x00000000  x5=0x00000000
     386875.000 ns	     38686	800080d0	003432b3	sltu	x5,x8,x3	  x8:0xffffffff  x3:0x00000000  x5=0x00000000
     386905.000 ns	     38689	800080d4	105b43d3	fmul.s	f7,f22,f5	 f22:0x80040fe4  f5:0x00000000  f7=0x80000000
     386925.000 ns	     38691	800080d8	00b03d33	sltu	x26,x0,x11	  x0:0x00000000 x11:0x80041024 x26=0x00000001
     386945.000 ns	     38693	800080dc	29ca04d3	fmin.s	f9,f20,f28	 f20:0xce8bfff0 f28:0x00000000  f9=0xce8bfff0
     386965.000 ns	     38695	800080e0	004378b3	and	x17,x6,x4	  x6:0xfffffa6b  x4:0x00000000 x17=0x00000000
     386985.000 ns	     38697	800080e4	c01b3a53	fcvt.wu.s	x20,f22	 f22:0x80040fe4 x20=0x00000000
     387005.000 ns	     38699	800080e8	5e43fa13	andi	x20,x7,1508	  x7:0x00000000 x20=0x00000000
     387015.000 ns	     38700	800080ec	00159733	sll	x14,x11,x1	 x11:0x80041024  x1:0x80041024 x14=0x00410240
     387035.000 ns	     38702	800080f0	280f80d3	fmin.s	f1,f31,f0	 f31:0x80000000  f0:0x477fffae  f1=0x80000000
     387055.000 ns	     38704	800080f4	4192d093	srai	x1,x5,0x19	  x5:0x00000000  x1=0x00000000
     387065.000 ns	     38705	800080f8	41275d13	srai	x26,x14,0x12	 x14:0x00410240 x26=0x00000010
     387075.000 ns	     38706	800080fc	4f8b5b17	auipc	x22,0x4f8b5	 x22=0xcf8bd0fc
     387105.000 ns	     38709	80008100	18bdf853	fdiv.s	f16,f27,f11	 f27:0x00000000 f11:0x00000000 f16=0x7fc00000
     387135.000 ns	     38712	80008104	d00c21d3	fcvt.s.w	f3,x24	 x24:0x00000080  f3=0x43000000
     387155.000 ns	     38714	80008108	f793e517	auipc	x10,0xf793e	 x10=0x77946108
     387515.000 ns	     38750	8000810c	038deeb3	rem	x29,x27,x24	 x27:0x00000000 x24:0x00000080 x29=0x00000000
     387555.000 ns	     38754	80008110	5802bc53	fsqrt.s	f24,f5	  f5:0x00000000 f24=0x00000000
     387575.000 ns	     38756	80008114	41ca8433	sub	x8,x21,x28	 x21:0x00000001 x28:0x80040fe4  x8=0x7ffbf01d
     387605.000 ns	     38759	80008118	580df553	fsqrt.s	f10,f27	 f27:0x00000000 f10=0x00000000
     387625.000 ns	     38761	8000811c	894861b7	lui	x3,0x89486	  x3=0x89486000
     387645.000 ns	     38763	80008120	20d1af53	fsgnjx.s	f30,f3,f13	  f3:0x43000000 f13:0xcf000410 f30=0xc3000000
     387665.000 ns	     38765	80008124	00000013	addi	x0,x0,0	  x0:0x00000000
     387675.000 ns	     38766	80008128	009c1bb3	sll	x23,x24,x9	 x24:0x00000080  x9:0x00000001 x23=0x00000100
     387695.000 ns	     38768	8000812c	03a28c33	mul	x24,x5,x26	  x5:0x00000000 x26:0x00000010 x24=0x00000000
     387715.000 ns	     38770	80008130	f8294537	lui	x10,0xf8294	 x10=0xf8294000
     387725.000 ns	     38771	80008134	40450633	sub	x12,x10,x4	 x10:0x77946108  x4:0x00000000 x12=0xf8294000
     387735.000 ns	     38772	80008138	40cbd533	sra	x10,x23,x12	 x23:0x00000100 x12:0x0668db68 x10=0x00000100
     387745.000 ns	     38773	8000813c	00db82b3	add	x5,x23,x13	 x23:0x00000100 x13:0x00000000  x5=0x00000100
     387765.000 ns	     38775	80008140	d0077553	fcvt.s.w	f10,x14	 x14:0x00410240 f10=0x4a820480
     387785.000 ns	     38777	80008144	01049bb3	sll	x23,x9,x16	  x9:0x00000001 x16:0x000005af x23=0x00008000
     387805.000 ns	     38779	80008148	c00cfa53	fcvt.w.s	x20,f25	 f25:0x00000008 x20=0x00000000
     387835.000 ns	     38782	8000814c	03d5bfb3	mulhu	x31,x11,x29	 x11:0x80041024 x29:0x00000000 x31=0x00000000
     387855.000 ns	     38784	80008150	c5c56213	ori	x4,x10,-932	 x10:0x00000100  x4=0xfffffd5c
     387865.000 ns	     38785	80008154	40e857b3	sra	x15,x16,x14	 x16:0x000005af x14:0x00410240 x15=0x000005af
     387885.000 ns	     38787	80008158	2063aed3	fsgnjx.s	f29,f7,f6	  f7:0x80000000  f6:0x80000080 f29=0x00000000
     387905.000 ns	     38789	8000815c	01f53fb3	sltu	x31,x10,x31	 x10:0x00000100 x31:0x00000000 x31=0x00000000
     387925.000 ns	     38791	80008160	0213ca33	div	x20,x7,x1	  x7:0x00000000  x1:0x00000000 x20=0xffffffff
     387945.000 ns	     38793	80008164	01801033	sll	x0,x0,x24	  x0:0x00000000 x24:0x00000000
     387965.000 ns	     38795	80008168	033004b3	mul	x9,x0,x19	  x0:0x00000000 x19:0xfffffa8a  x9=0x00000000
     387995.000 ns	     38798	8000816c	a1638c53	fle.s	x24,f7,f22	  f7:0x80000000 f22:0x80040fe4 x24=0x00000000
     388035.000 ns	     38802	80008170	580c78d3	fsqrt.s	f17,f24	 f24:0x00000000 f17=0x00000000
     388055.000 ns	     38804	80008174	e48d7ab7	lui	x21,0xe48d7	 x21=0xe48d7000
     388075.000 ns	     38806	80008178	29318753	fmin.s	f14,f3,f19	  f3:0x43000000 f19:0x4efff7e0 f14=0x43000000
     388125.000 ns	     38811	8000817c	016df953	fadd.s	f18,f27,f22	 f27:0x00000000 f22:0x80040fe4 f18=0x80040fe4
     388165.000 ns	     38815	80008180	18b13ed3	fdiv.s	f29,f2,f11	  f2:0x80000080 f11:0x00000000 f29=0xff800000
     388185.000 ns	     38817	80008184	01dd1813	slli	x16,x26,0x1d	 x26:0x00000010 x16=0x00000000
     388205.000 ns	     38819	80008188	a0de81d3	fle.s	x3,f29,f13	 f29:0xff800000 f13:0xcf000410  x3=0x00000001
     388575.000 ns	     38856	8000818c	02fefcb3	remu	x25,x29,x15	 x29:0x00000000 x15:0x000005af x25=0x00000000
     388625.000 ns	     38861	80008190	08f5ff53	fsub.s	f30,f11,f15	 f11:0x00000000 f15:0x4f800000 f30=0xcf800000
     388655.000 ns	     38864	80008194	f0030f53	fmv.w.x	f30,x6	  x6:0xfffffa6b f30=0xfffffa6b
     388685.000 ns	     38867	80008198	a1100f53	fle.s	x30,f0,f17	  f0:0x477fffae f17:0x00000000 x30=0x00000000
     388705.000 ns	     38869	8000819c	00e8ecb3	or	x25,x17,x14	 x17:0x00000000 x14:0x00410240 x25=0x00410240
     388715.000 ns	     38870	800081a0	0107dc93	srli	x25,x15,0x10	 x15:0x000005af x25=0x00000000
     388725.000 ns	     38871	800081a4	8f17cf13	xori	x30,x15,-1807	 x15:0x000005af x30=0xfffffd5e
     388735.000 ns	     38872	800081a8	41a85013	srai	x0,x16,0x1a	 x16:0x00000000
     388745.000 ns	     38873	800081ac	7c885497	auipc	x9,0x7c885	  x9=0xfc88d1ac
     388765.000 ns	     38875	800081b0	e0050553	fmv.x.w	x10,f10	 f10:0x4a820480 x10=0x4a820480
     388785.000 ns	     38877	800081b4	2efca993	slti	x19,x25,751	 x25:0x00000000 x19=0x00000001
     388805.000 ns	     38879	800081b8	a1c90453	fle.s	x8,f18,f28	 f18:0x80040fe4 f28:0x00000000  x8=0x00000001
     388835.000 ns	     38882	800081bc	f00d8d53	fmv.w.x	f26,x27	 x27:0x00000000 f26=0x00000000
     388885.000 ns	     38887	800081c0	08d179d3	fsub.s	f19,f2,f13	  f2:0x80000080 f13:0xcf000410 f19=0x4f000410
     388915.000 ns	     38890	800081c4	20f7a7d3	fsgnjx.s	f15,f15,f15	 f15:0x4f800000 f15:0x4f800000 f15=0x4f800000
     388945.000 ns	     38893	800081c8	03f55f33	divu	x30,x10,x31	 x10:0x4a820480 x31:0x00000000 x30=0xffffffff
     388965.000 ns	     38895	800081cc	ee180a93	addi	x21,x16,-287	 x16:0x00000000 x21=0xfffffee1
     388975.000 ns	     38896	800081d0	536b4413	xori	x8,x22,1334	 x22:0xcf8bd0fc  x8=0xcf8bd5ca
     388985.000 ns	     38897	800081d4	00000013	addi	x0,x0,0	  x0:0x00000000
     389005.000 ns	     38899	800081d8	a1550753	fle.s	x14,f10,f21	 f10:0x4a820480 f21:0x00000000 x14=0x00000000
     389025.000 ns	     38901	800081dc	00567633	and	x12,x12,x5	 x12:0xf8294000  x5:0x00000100 x12=0x00000000
     389035.000 ns	     38902	800081e0	40288733	sub	x14,x17,x2	 x17:0x00000000  x2:0xf9972418 x14=0x0668dbe8
     389045.000 ns	     38903	800081e4	003f3cb3	sltu	x25,x30,x3	 x30:0xffffffff  x3:0x00000001 x25=0x00000000
     389055.000 ns	     38904	800081e8	00cd4b33	xor	x22,x26,x12	 x26:0x00000010 x12:0x00000000 x22=0x00000010
     389075.000 ns	     38906	800081ec	d018f7d3	fcvt.s.wu	f15,x17	 x17:0x00000000 f15=0x00000000
     389105.000 ns	     38909	800081f0	20d390d3	fsgnjn.s	f1,f7,f13	  f7:0x80000000 f13:0xcf000410  f1=0x00000000
     389125.000 ns	     38911	800081f4	1e08c297	auipc	x5,0x1e08c	  x5=0x9e0941f4
     389135.000 ns	     38912	800081f8	40dfdeb3	sra	x29,x31,x13	 x31:0x00000000 x13:0x00000000 x29=0x00000000
     389495.000 ns	     38948	800081fc	03506eb3	rem	x29,x0,x21	  x0:0x00000000 x21:0xfffffee1 x29=0x00000000
     389515.000 ns	     38950	80008200	003730b3	sltu	x1,x14,x3	 x14:0x0668dbe8  x3:0x00000001  x1=0x00000000
     389535.000 ns	     38952	80008204	a01898d3	flt.s	x17,f17,f1	 f17:0x00000000  f1:0x00000000 x17=0x00000000
     389565.000 ns	     38955	80008208	02151633	mulh	x12,x10,x1	 x10:0x4a820480  x1:0x00000000 x12=0x00000000
     389585.000 ns	     38957	8000820c	000c76b3	and	x13,x24,x0	 x24:0x00000000  x0:0x00000000 x13=0x00000000
     389605.000 ns	     38959	80008210	03d388b3	mul	x17,x7,x29	  x7:0x00000000 x29:0x00000000 x17=0x00000000
     389625.000 ns	     38961	80008214	41b80933	sub	x18,x16,x27	 x16:0x00000000 x27:0x00000000 x18=0x00000000
     389635.000 ns	     38962	80008218	2b3efe93	andi	x29,x29,691	 x29:0x00000000 x29=0x00000000
     389645.000 ns	     38963	8000821c	01da9693	slli	x13,x21,0x1d	 x21:0xfffffee1 x13=0x20000000
     389665.000 ns	     38965	80008220	031874b3	remu	x9,x16,x17	 x16:0x00000000 x17:0x00000000  x9=0x00000000
     390035.000 ns	     39002	80008224	02a9c533	div	x10,x19,x10	 x19:0x00000001 x10:0x4a820480 x10=0x00000000
     390085.000 ns	     39007	80008228	084407d3	fsub.s	f15,f8,f4	  f8:0x4737e75a  f4:0x43000000 f15=0x4737675a
     390105.000 ns	     39009	8000822c	8a33e913	ori	x18,x7,-1885	  x7:0x00000000 x18=0xfffff8a3
     390125.000 ns	     39011	80008230	e00d9853	fclass.s	x16,f27	 f27:0x00000000 x16=0x00000010
     390155.000 ns	     39014	80008234	e00518d3	fclass.s	x17,f10	 f10:0x4a820480 x17=0x00000040
     390175.000 ns	     39016	80008238	d3ae2a93	slti	x21,x28,-710	 x28:0x80040fe4 x21=0x00000001
     390195.000 ns	     39018	8000823c	206316d3	fsgnjn.s	f13,f6,f6	  f6:0x80000080  f6:0x80000080 f13=0x00000080
     390225.000 ns	     39021	80008240	29b795d3	fmax.s	f11,f15,f27	 f15:0x4737675a f27:0x00000000 f11=0x4737675a
     390255.000 ns	     39024	80008244	e00f0dd3	fmv.x.w	x27,f30	 f30:0xfffffa6b x27=0xfffffa6b
     390285.000 ns	     39027	80008248	039eb533	mulhu	x10,x29,x25	 x29:0x00000000 x25:0x00000000 x10=0x00000000
     390315.000 ns	     39030	8000824c	e00781d3	fmv.x.w	x3,f15	 f15:0x4737675a  x3=0x4737675a
     390335.000 ns	     39032	80008250	4e752a93	slti	x21,x10,1255	 x10:0x00000000 x21=0x00000001
     390345.000 ns	     39033	80008254	015b5093	srli	x1,x22,0x15	 x22:0x00000010  x1=0x00000000
     390365.000 ns	     39035	80008258	28b99353	fmax.s	f6,f19,f11	 f19:0x4f000410 f11:0x4737675a  f6=0x4f000410
     390385.000 ns	     39037	8000825c	03bffa37	lui	x20,0x3bff	 x20=0x03bff000
     390395.000 ns	     39038	80008260	40845a33	sra	x20,x8,x8	  x8:0xcf8bd5ca  x8:0xcf8bd5ca x20=0xfff3e2f5
     390415.000 ns	     39040	80008264	c006fb53	fcvt.w.s	x22,f13	 f13:0x00000080 x22=0x00000000
     390435.000 ns	     39042	80008268	01a60733	add	x14,x12,x26	 x12:0x00000000 x26:0x00000010 x14=0x00000010
     390455.000 ns	     39044	8000826c	029c8033	mul	x0,x25,x9	 x25:0x00000000  x9:0x00000000
     390485.000 ns	     39047	80008270	02ba8633	mul	x12,x21,x11	 x21:0x00000001 x11:0x80041024 x12=0x80041024
     390535.000 ns	     39052	80008274	087cbe53	fsub.s	f28,f25,f7	 f25:0x00000008  f7:0x80000000 f28=0x00000008
     390565.000 ns	     39055	80008278	2148a953	fsgnjx.s	f18,f17,f20	 f17:0x00000000 f20:0xce8bfff0 f18=0x80000000
     390585.000 ns	     39057	8000827c	01029b93	slli	x23,x5,0x10	  x5:0x9e0941f4 x23=0x41f40000
     390605.000 ns	     39059	80008280	c00cf753	fcvt.w.s	x14,f25	 f25:0x00000008 x14=0x00000000
     390625.000 ns	     39061	80008284	410add13	srai	x26,x21,0x10	 x21:0x00000001 x26=0x00000000
     390645.000 ns	     39063	80008288	02d1ab33	mulhsu	x22,x3,x13	  x3:0x4737675a x13:0x20000000 x22=0x08e6eceb
     390665.000 ns	     39065	8000828c	46ba3c93	sltiu	x25,x20,1131	 x20:0xfff3e2f5 x25=0x00000000
     390685.000 ns	     39067	80008290	d01b3753	fcvt.s.wu	f14,x22	 x22:0x08e6eceb f14=0x4d0e6ecf
     390705.000 ns	     39069	80008294	00000013	addi	x0,x0,0	  x0:0x00000000
     391065.000 ns	     39105	80008298	0346fcb3	remu	x25,x13,x20	 x13:0x20000000 x20:0xfff3e2f5 x25=0x20000000
     391095.000 ns	     39108	8000829c	f00a0ad3	fmv.w.x	f21,x20	 x20:0xfff3e2f5 f21=0xfff3e2f5
     391115.000 ns	     39110	800082a0	006c4313	xori	x6,x24,6	 x24:0x00000000  x6=0x00000006
     391125.000 ns	     39111	800082a4	41e59317	auipc	x6,0x41e59	  x6=0xc1e612a4
     391145.000 ns	     39113	800082a8	a0258453	fle.s	x8,f11,f2	 f11:0x4737675a  f2:0x80000080  x8=0x00000000
     391175.000 ns	     39116	800082ac	20f50053	fsgnj.s	f0,f10,f15	 f10:0x4a820480 f15:0x4737675a  f0=0x4a820480
     391205.000 ns	     39119	800082b0	02730d33	mul	x26,x6,x7	  x6:0xc1e612a4  x7:0x00000000 x26=0x00000000
     391255.000 ns	     39124	800082b4	015d73d3	fadd.s	f7,f26,f21	 f26:0x00000000 f21:0xfff3e2f5  f7=0x7fc00000
     392435.000 ns	     39242	800082b8	58070bd3	fsqrt.s	f23,f14	 f14:0x4d0e6ecf f23=0x45c96d92
     392465.000 ns	     39245	800082bc	a0ae27d3	feq.s	x15,f28,f10	 f28:0x00000008 f10:0x4a820480 x15=0x00000000
     392485.000 ns	     39247	800082c0	df3eff13	andi	x30,x29,-525	 x29:0x00000000 x30=0x00000000
     392495.000 ns	     39248	800082c4	009bfa33	and	x20,x23,x9	 x23:0x41f40000  x9:0x00000000 x20=0x00000000
     392505.000 ns	     39249	800082c8	405c5813	srai	x16,x24,0x5	 x24:0x00000000 x16=0x00000000
     392515.000 ns	     39250	800082cc	8ffff813	andi	x16,x31,-1793	 x31:0x00000000 x16=0x00000000
     392525.000 ns	     39251	800082d0	403bd693	srai	x13,x23,0x3	 x23:0x41f40000 x13=0x083e8000
     392545.000 ns	     39253	800082d4	e0028c53	fmv.x.w	x24,f5	  f5:0x00000000 x24=0x00000000
     392565.000 ns	     39255	800082d8	018a5213	srli	x4,x20,0x18	 x20:0x00000000  x4=0x00000000
     392575.000 ns	     39256	800082dc	4044dd33	sra	x26,x9,x4	  x9:0x00000000  x4:0xfffffd5c x26=0x00000000
     392585.000 ns	     39257	800082e0	01b004b3	add	x9,x0,x27	  x0:0x00000000 x27:0xfffffa6b  x9=0xfffffa6b
     392605.000 ns	     39259	800082e4	21fda4d3	fsgnjx.s	f9,f27,f31	 f27:0x00000000 f31:0x80000000  f9=0x80000000
     392625.000 ns	     39261	800082e8	406f08b3	sub	x17,x30,x6	 x30:0x00000000  x6:0xc1e612a4 x17=0x3e19ed5c
     392645.000 ns	     39263	800082ec	20171153	fsgnjn.s	f2,f14,f1	 f14:0x4d0e6ecf  f1:0x00000000  f2=0xcd0e6ecf
     392695.000 ns	     39268	800082f0	09aefdd3	fsub.s	f27,f29,f26	 f29:0xff800000 f26:0x00000000 f27=0xff800000
     393065.000 ns	     39305	800082f4	037d4933	div	x18,x26,x23	 x26:0x00000000 x23:0x41f40000 x18=0x00000000
     393085.000 ns	     39307	800082f8	01639293	slli	x5,x7,0x16	  x7:0x00000000  x5=0x00000000
     393105.000 ns	     39309	800082fc	d01773d3	fcvt.s.wu	f7,x14	 x14:0x00000000  f7=0x00000000
     393135.000 ns	     39312	80008300	a02c0b53	fle.s	x22,f24,f2	 f24:0x00000000  f2:0xcd0e6ecf x22=0x00000000
     393165.000 ns	     39315	80008304	e00d1dd3	fclass.s	x27,f26	 f26:0x00000000 x27=0x00000010
     393215.000 ns	     39320	80008308	08628e53	fsub.s	f28,f5,f6	  f5:0x00000000  f6:0x4f000410 f28=0xcf000410
     393235.000 ns	     39322	8000830c	9bba0cb7	lui	x25,0x9bba0	 x25=0x9bba0000
     393595.000 ns	     39358	80008310	022950b3	divu	x1,x18,x2	 x18:0x00000000  x2:0xf9972418  x1=0x00000000
     393615.000 ns	     39360	80008314	cb38fd97	auipc	x27,0xcb38f	 x27=0x4b397314
     393635.000 ns	     39362	80008318	036129b3	mulhsu	x19,x2,x22	  x2:0xf9972418 x22:0x00000000 x19=0x00000000
     393655.000 ns	     39364	8000831c	00000013	addi	x0,x0,0	  x0:0x00000000
     393665.000 ns	     39365	80008320	9b88bf13	sltiu	x30,x17,-1608	 x17:0x3e19ed5c x30=0x00000001
     393685.000 ns	     39367	80008324	03aac6b3	div	x13,x21,x26	 x21:0x00000001 x26:0x00000000 x13=0xffffffff
     393705.000 ns	     39369	80008328	005b5633	srl	x12,x22,x5	 x22:0x00000000  x5:0x00000000 x12=0x00000000
     393725.000 ns	     39371	8000832c	d01c7ed3	fcvt.s.wu	f29,x24	 x24:0x00000000 f29=0x00000000
     393745.000 ns	     39373	80008330	d252fa17	auipc	x20,0xd252f	 x20=0x52537330
     393755.000 ns	     39374	80008334	3b946c13	ori	x24,x8,953	  x8:0x00000000 x24=0x000003b9
     393775.000 ns	     39376	80008338	02e5d933	divu	x18,x11,x14	 x11:0x80041024 x14:0x00000000 x18=0xffffffff
     393795.000 ns	     39378	8000833c	01186633	or	x12,x16,x17	 x16:0x00000000 x17:0x3e19ed5c x12=0x3e19ed5c
     393815.000 ns	     39380	80008340	d0107953	fcvt.s.wu	f18,x0	  x0:0x00000000 f18=0x00000000
     393835.000 ns	     39382	80008344	13a56d13	ori	x26,x10,314	 x10:0x00000000 x26=0x0000013a
     393855.000 ns	     39384	80008348	a03182d3	fle.s	x5,f3,f3	  f3:0x43000000  f3:0x43000000  x5=0x00000001
     393875.000 ns	     39386	8000834c	3667ba13	sltiu	x20,x15,870	 x15:0x00000000 x20=0x00000001
     393885.000 ns	     39387	80008350	01b21b93	slli	x23,x4,0x1b	  x4:0x00000000 x23=0x00000000
     393905.000 ns	     39389	80008354	03333433	mulhu	x8,x6,x19	  x6:0xc1e612a4 x19:0x00000000  x8=0x00000000
     393925.000 ns	     39391	80008358	9974a813	slti	x16,x9,-1641	  x9:0xfffffa6b x16=0x00000000
     393945.000 ns	     39393	8000835c	0215fbb3	remu	x23,x11,x1	 x11:0x80041024  x1:0x00000000 x23=0x80041024
     393965.000 ns	     39395	80008360	86a90337	lui	x6,0x86a90	  x6=0x86a90000
     393985.000 ns	     39397	80008364	29dd93d3	fmax.s	f7,f27,f29	 f27:0xff800000 f29:0x00000000  f7=0x00000000
     394005.000 ns	     39399	80008368	017b9b93	slli	x23,x23,0x17	 x23:0x80041024 x23=0x12000000
     394025.000 ns	     39401	8000836c	d00093d3	fcvt.s.w	f7,x1	  x1:0x00000000  f7=0x00000000
     394045.000 ns	     39403	80008370	00000013	addi	x0,x0,0	  x0:0x00000000
     394055.000 ns	     39404	80008374	016d29b3	slt	x19,x26,x22	 x26:0x0000013a x22:0x00000000 x19=0x00000000
     394065.000 ns	     39405	80008378	b8677d93	andi	x27,x14,-1146	 x14:0x00000000 x27=0x00000000
     394085.000 ns	     39407	8000837c	21208553	fsgnj.s	f10,f1,f18	  f1:0x00000000 f18:0x00000000 f10=0x00000000
     394105.000 ns	     39409	80008380	27492917	auipc	x18,0x27492	 x18=0xa749a380
     394465.000 ns	     39445	80008384	02d37db3	remu	x27,x6,x13	  x6:0x86a90000 x13:0xffffffff x27=0x86a90000
     394495.000 ns	     39448	80008388	c017f753	fcvt.wu.s	x14,f15	 f15:0x4737675a x14=0x0000b767
     394515.000 ns	     39450	8000838c	411ad533	sra	x10,x21,x17	 x21:0x00000001 x17:0x3e19ed5c x10=0x00000000
     394525.000 ns	     39451	80008390	0406ac93	slti	x25,x13,64	 x13:0xffffffff x25=0x00000001
     394545.000 ns	     39453	80008394	d00f0fd3	fcvt.s.w	f31,x30	 x30:0x00000001 f31=0x3f800000
     394595.000 ns	     39458	80008398	00d07c53	fadd.s	f24,f0,f13	  f0:0x4a820480 f13:0x00000080 f24=0x4a820480
     394615.000 ns	     39460	8000839c	012da2b3	slt	x5,x27,x18	 x27:0x86a90000 x18:0xa749a380  x5=0x00000001
     394635.000 ns	     39462	800083a0	02f6adb3	mulhsu	x27,x13,x15	 x13:0xffffffff x15:0x00000000 x27=0x00000000
     394675.000 ns	     39466	800083a4	10b9fed3	fmul.s	f29,f19,f11	 f19:0x4f000410 f11:0x4737675a f29=0x56b76d2c
     394705.000 ns	     39469	800083a8	214196d3	fsgnjn.s	f13,f3,f20	  f3:0x43000000 f20:0xce8bfff0 f13=0x43000000
     394725.000 ns	     39471	800083ac	008f1eb3	sll	x29,x30,x8	 x30:0x00000001  x8:0x00000000 x29=0x00000001
     394745.000 ns	     39473	800083b0	c01e7953	fcvt.wu.s	x18,f28	 f28:0xcf000410 x18=0x80041000
     394765.000 ns	     39475	800083b4	00000013	addi	x0,x0,0	  x0:0x00000000
     394775.000 ns	     39476	800083b8	01aaeeb3	or	x29,x21,x26	 x21:0x00000001 x26:0x0000013a x29=0x0000013b
     394785.000 ns	     39477	800083bc	01b634b3	sltu	x9,x12,x27	 x12:0x3e19ed5c x27:0x00000000  x9=0x00000000
     394795.000 ns	     39478	800083c0	00403bb3	sltu	x23,x0,x4	  x0:0x00000000  x4:0x00000000 x23=0x00000000
     394815.000 ns	     39480	800083c4	a08328d3	feq.s	x17,f6,f8	  f6:0x4f000410  f8:0x4737e75a x17=0x00000000
     394835.000 ns	     39482	800083c8	40ffdc13	srai	x24,x31,0xf	 x31:0x00000000 x24=0x00000000
     394855.000 ns	     39484	800083cc	281e8cd3	fmin.s	f25,f29,f1	 f29:0x56b76d2c  f1:0x00000000 f25=0x00000000
     394885.000 ns	     39487	800083d0	d01c0dd3	fcvt.s.wu	f27,x24	 x24:0x000003b9 f27=0x00000000
     394905.000 ns	     39489	800083d4	00000013	addi	x0,x0,0	  x0:0x00000000
     394915.000 ns	     39490	800083d8	006647b3	xor	x15,x12,x6	 x12:0x3e19ed5c  x6:0x86a90000 x15=0xb8b0ed5c
     394925.000 ns	     39491	800083dc	00ee9fb3	sll	x31,x29,x14	 x29:0x0000013b x14:0x0000b767 x31=0x00009d80
     394945.000 ns	     39493	800083e0	d0107a53	fcvt.s.wu	f20,x0	  x0:0x00000000 f20=0x00000000
     394975.000 ns	     39496	800083e4	20382dd3	fsgnjx.s	f27,f16,f3	 f16:0x7fc00000  f3:0x43000000 f27=0x7fc00000
     395005.000 ns	     39499	800083e8	e00c0dd3	fmv.x.w	x27,f24	 f24:0x4a820480 x27=0x4a820480
     395025.000 ns	     39501	800083ec	00000013	addi	x0,x0,0	  x0:0x00000000
     395045.000 ns	     39503	800083f0	033a37b3	mulhu	x15,x20,x19	 x20:0x00000001 x19:0x00000000 x15=0x00000000
     395065.000 ns	     39505	800083f4	00969813	slli	x16,x13,0x9	 x13:0xffffffff x16=0xfffffe00
     395075.000 ns	     39506	800083f8	01999293	slli	x5,x19,0x19	 x19:0x00000000  x5=0x00000000
     395085.000 ns	     39507	800083fc	017ee9b3	or	x19,x29,x23	 x29:0x0000013b x23:0x00000000 x19=0x0000013b
     395125.000 ns	     39511	80008400	01df4e53	fadd.s	f28,f30,f29	 f30:0xfffffa6b f29:0x56b76d2c f28=0x7fc00000
     395145.000 ns	     39513	80008404	00098b33	add	x22,x19,x0	 x19:0x00000000  x0:0x00000000 x22=0x0000013b
     395505.000 ns	     39549	80008408	03f1f233	remu	x4,x3,x31	  x3:0x4737675a x31:0x00009d80  x4=0x000029da
     395525.000 ns	     39551	8000840c	9d89a413	slti	x8,x19,-1576	 x19:0x0000013b  x8=0x00000000
     395535.000 ns	     39552	80008410	011f58b3	srl	x17,x30,x17	 x30:0x00000001 x17:0x00000000 x17=0x00000001
     395555.000 ns	     39554	80008414	c003f253	fcvt.w.s	x4,f7	  f7:0x00000000  x4=0x00000000
     395575.000 ns	     39556	80008418	004adbb3	srl	x23,x21,x4	 x21:0x00000001  x4:0x000029da x23=0x00000001
     395585.000 ns	     39557	8000841c	00fc9333	sll	x6,x25,x15	 x25:0x00000001 x15:0x00000000  x6=0x00000001
     395605.000 ns	     39559	80008420	f0020d53	fmv.w.x	f26,x4	  x4:0x00000000 f26=0x00000000
     395625.000 ns	     39561	80008424	e176f813	andi	x16,x13,-489	 x13:0xffffffff x16=0xfffffe17
     395635.000 ns	     39562	80008428	4797fd17	auipc	x26,0x4797f	 x26=0xc7987428
     395645.000 ns	     39563	8000842c	01d19a33	sll	x20,x3,x29	  x3:0x4737675a x29:0x0000013b x20=0xd0000000
     395685.000 ns	     39567	80008430	017e2bd3	fadd.s	f23,f28,f23	 f28:0x7fc00000 f23:0x45c96d92 f23=0x7fc00000
     395705.000 ns	     39569	80008434	98660193	addi	x3,x12,-1658	 x12:0x3e19ed5c  x3=0x3e19e6e2
     395725.000 ns	     39571	80008438	21bf28d3	fsgnjx.s	f17,f30,f27	 f30:0xfffffa6b f27:0x7fc00000 f17=0xfffffa6b
     395745.000 ns	     39573	8000843c	00971793	slli	x15,x14,0x9	 x14:0x0000b767 x15=0x016ece00
     395775.000 ns	     39576	80008440	580929d3	fsqrt.s	f19,f18	 f18:0x00000000 f19=0x00000000
     395805.000 ns	     39579	80008444	c01573d3	fcvt.wu.s	x7,f10	 f10:0x00000000  x7=0x00000000
     395835.000 ns	     39582	80008448	20f3a453	fsgnjx.s	f8,f7,f15	  f7:0x00000000 f15:0x4737675a  f8=0x00000000
     396205.000 ns	     39619	8000844c	03d25233	divu	x4,x4,x29	  x4:0x00000000 x29:0x0000013b  x4=0x00000000
     396235.000 ns	     39622	80008450	03b23233	mulhu	x4,x4,x27	  x4:0x00000000 x27:0x4a820480  x4=0x00000000
     396255.000 ns	     39624	80008454	3a22c293	xori	x5,x5,930	  x5:0x00000000  x5=0x000003a2
     396275.000 ns	     39626	80008458	c018ff53	fcvt.wu.s	x30,f17	 f17:0xfffffa6b x30=0xffffffff
     396295.000 ns	     39628	8000845c	41715633	sra	x12,x2,x23	  x2:0xf9972418 x23:0x00000001 x12=0xfccb920c
     396315.000 ns	     39630	80008460	c00d7ad3	fcvt.w.s	x21,f26	 f26:0x00000000 x21=0x00000000
     396345.000 ns	     39633	80008464	a1a22a53	feq.s	x20,f4,f26	  f4:0x43000000 f26:0x00000000 x20=0x00000000
     396375.000 ns	     39636	80008468	20b300d3	fsgnj.s	f1,f6,f11	  f6:0x4f000410 f11:0x4737675a  f1=0x4f000410
     396405.000 ns	     39639	8000846c	e00798d3	fclass.s	x17,f15	 f15:0x4737675a x17=0x00000040
     396435.000 ns	     39642	80008470	20f69953	fsgnjn.s	f18,f13,f15	 f13:0x43000000 f15:0x4737675a f18=0xc3000000
     396455.000 ns	     39644	80008474	012ffc33	and	x24,x31,x18	 x31:0x00009d80 x18:0x80041000 x24=0x00001000
     396465.000 ns	     39645	80008478	00653fb3	sltu	x31,x10,x6	 x10:0x00000000  x6:0x00000001 x31=0x00000001
     396825.000 ns	     39681	8000847c	03b658b3	divu	x17,x12,x27	 x12:0xfccb920c x27:0x4a820480 x17=0x00000003
     396845.000 ns	     39683	80008480	00000013	addi	x0,x0,0	  x0:0x00000000
     396865.000 ns	     39685	80008484	03ab8a33	mul	x20,x23,x26	 x23:0x00000001 x26:0xc7987428 x20=0xc7987428
     396885.000 ns	     39687	80008488	d8e56893	ori	x17,x10,-626	 x10:0x00000000 x17=0xfffffd8e
     397245.000 ns	     39723	8000848c	02db46b3	div	x13,x22,x13	 x22:0x0000013b x13:0xffffffff x13=0xfffffec5
     397275.000 ns	     39726	80008490	a09388d3	fle.s	x17,f7,f9	  f7:0x00000000  f9:0x80000000 x17=0x00000001
     397295.000 ns	     39728	80008494	017fd193	srli	x3,x31,0x17	 x31:0x00000001  x3=0x00000000
     397305.000 ns	     39729	80008498	01b39693	slli	x13,x7,0x1b	  x7:0x00000000 x13=0x00000000
     397325.000 ns	     39731	8000849c	a0532ed3	feq.s	x29,f6,f5	  f6:0x4f000410  f5:0x00000000 x29=0x00000000
     397345.000 ns	     39733	800084a0	2ac8f537	lui	x10,0x2ac8f	 x10=0x2ac8f000
     397365.000 ns	     39735	800084a4	c01e24d3	fcvt.wu.s	x9,f28	 f28:0x7fc00000  x9=0xffffffff
     397395.000 ns	     39738	800084a8	c01f08d3	fcvt.wu.s	x17,f30	 f30:0xfffffa6b x17=0xffffffff
     397425.000 ns	     39741	800084ac	e00802d3	fmv.x.w	x5,f16	 f16:0x7fc00000  x5=0x7fc00000
     397445.000 ns	     39743	800084b0	00cbdc93	srli	x25,x23,0xc	 x23:0x00000001 x25=0x00000000
     397475.000 ns	     39746	800084b4	18afba53	fdiv.s	f20,f31,f10	 f31:0x3f800000 f10:0x00000000 f20=0x7f800000
     397505.000 ns	     39749	800084b8	a1d588d3	fle.s	x17,f11,f29	 f11:0x4737675a f29:0x56b76d2c x17=0x00000001
     397525.000 ns	     39751	800084bc	00a11713	slli	x14,x2,0xa	  x2:0xf9972418 x14=0x5c906000
     397885.000 ns	     39787	800084c0	0255d6b3	divu	x13,x11,x5	 x11:0x80041024  x5:0x7fc00000 x13=0x00000001
     398255.000 ns	     39824	800084c4	025269b3	rem	x19,x4,x5	  x4:0x00000000  x5:0x7fc00000 x19=0x00000000
     398285.000 ns	     39827	800084c8	c004f4d3	fcvt.w.s	x9,f9	  f9:0x80000000  x9=0x00000000
     398315.000 ns	     39830	800084cc	f00380d3	fmv.w.x	f1,x7	  x7:0x00000000  f1=0x00000000
     398345.000 ns	     39833	800084d0	e0061453	fclass.s	x8,f12	 f12:0x00000000  x8=0x00000010
     398375.000 ns	     39836	800084d4	21c10453	fsgnj.s	f8,f2,f28	  f2:0xcd0e6ecf f28:0x7fc00000  f8=0x4d0e6ecf
     398405.000 ns	     39839	800084d8	28551ed3	fmax.s	f29,f10,f5	 f10:0x00000000  f5:0x00000000 f29=0x00000000
     398425.000 ns	     39841	800084dc	01dd87b3	add	x15,x27,x29	 x27:0x4a820480 x29:0x00000000 x15=0x4a820480
     398435.000 ns	     39842	800084e0	41dddf33	sra	x30,x27,x29	 x27:0x4a820480 x29:0x00000000 x30=0x4a820480
     398455.000 ns	     39844	800084e4	a16391d3	flt.s	x3,f7,f22	  f7:0x00000000 f22:0x80040fe4  x3=0x00000000
     398485.000 ns	     39847	800084e8	02027ab3	remu	x21,x4,x0	  x4:0x00000000  x0:0x00000000 x21=0x00000000
     398515.000 ns	     39850	800084ec	292d82d3	fmin.s	f5,f27,f18	 f27:0x7fc00000 f18:0xc3000000  f5=0xc3000000
     398545.000 ns	     39853	800084f0	d0087753	fcvt.s.w	f14,x16	 x16:0xfffffe17 f14=0xc3f48000
     398565.000 ns	     39855	800084f4	01ccbab3	sltu	x21,x25,x28	 x25:0x00000000 x28:0x80040fe4 x21=0x00000001
     398605.000 ns	     39859	800084f8	081dc9d3	fsub.s	f19,f27,f1	 f27:0x7fc00000  f1:0x00000000 f19=0x7fc00000
     398625.000 ns	     39861	800084fc	00995933	srl	x18,x18,x9	 x18:0x80041000  x9:0x00000000 x18=0x80041000
     398985.000 ns	     39897	80008500	035feab3	rem	x21,x31,x21	 x31:0x00000001 x21:0x00000001 x21=0x00000000
     399015.000 ns	     39900	80008504	e0068cd3	fmv.x.w	x25,f13	 f13:0x43000000 x25=0x43000000
     399035.000 ns	     39902	80008508	013901b3	add	x3,x18,x19	 x18:0x80041000 x19:0x00000000  x3=0x80041000
     399045.000 ns	     39903	8000850c	e1a0e217	auipc	x4,0xe1a0e	  x4=0x61a1650c
     399065.000 ns	     39905	80008510	216ba653	fsgnjx.s	f12,f23,f22	 f23:0x7fc00000 f22:0x80040fe4 f12=0xffc00000
     399105.000 ns	     39909	80008514	108bf6d3	fmul.s	f13,f23,f8	 f23:0x7fc00000  f8:0x4d0e6ecf f13=0x7fc00000
     399135.000 ns	     39912	80008518	02519ab3	mulh	x21,x3,x5	  x3:0x80041000  x5:0x7fc00000 x21=0xc02206fc
     399165.000 ns	     39915	8000851c	f00b8cd3	fmv.w.x	f25,x23	 x23:0x00000001 f25=0x00000001
     399185.000 ns	     39917	80008520	0167fcb3	and	x25,x15,x22	 x15:0x4a820480 x22:0x0000013b x25=0x00000000
     399195.000 ns	     39918	80008524	416e5233	sra	x4,x28,x22	 x28:0x80040fe4 x22:0x0000013b  x4=0xfffffff0
     399225.000 ns	     39921	80008528	580d0cd3	fsqrt.s	f25,f26	 f26:0x00000000 f25=0x00000000
     399595.000 ns	     39958	8000852c	02da6f33	rem	x30,x20,x13	 x20:0xc7987428 x13:0x00000001 x30=0x00000000
     399625.000 ns	     39961	80008530	a00cac53	feq.s	x24,f25,f0	 f25:0x00000000  f0:0x4a820480 x24=0x00000000
     399995.000 ns	     39998	80008534	03665933	divu	x18,x12,x22	 x12:0xfccb920c x22:0x0000013b x18=0x00cd723d
     401175.000 ns	     40116	80008538	580242d3	fsqrt.s	f5,f4	  f4:0x43000000  f5=0x40b50482
     401195.000 ns	     40118	8000853c	01167bb3	and	x23,x12,x17	 x12:0xfccb920c x17:0x00000001 x23=0x00000000
     401205.000 ns	     40119	80008540	009d9913	slli	x18,x27,0x9	 x27:0x4a820480 x18=0x04090000
     401225.000 ns	     40121	80008544	c0004653	fcvt.w.s	x12,f0	  f0:0x4a820480 x12=0x00410240
     401255.000 ns	     40124	80008548	02a8b6b3	mulhu	x13,x17,x10	 x17:0x00000001 x10:0x2ac8f000 x13=0x00000000
     401285.000 ns	     40127	8000854c	f00b83d3	fmv.w.x	f7,x23	 x23:0x00000000  f7=0x00000000
     401315.000 ns	     40130	80008550	d01abd53	fcvt.s.wu	f26,x21	 x21:0xc02206fc f26=0x4f402207
     401345.000 ns	     40133	80008554	21f8a1d3	fsgnjx.s	f3,f17,f31	 f17:0xfffffa6b f31:0x3f800000  f3=0xfffffa6b
     401375.000 ns	     40136	80008558	f00c03d3	fmv.w.x	f7,x24	 x24:0x00000000  f7=0x00000000
     401395.000 ns	     40138	8000855c	411dd793	srai	x15,x27,0x11	 x27:0x4a820480 x15=0x00002541
     401415.000 ns	     40140	80008560	a0b78453	fle.s	x8,f15,f11	 f15:0x4737675a f11:0x4737675a  x8=0x00000001
     401435.000 ns	     40142	80008564	00fd5f13	srli	x30,x26,0xf	 x26:0xc7987428 x30=0x00018f30
     401445.000 ns	     40143	80008568	00fb9d13	slli	x26,x23,0xf	 x23:0x00000000 x26=0x00000000
     401455.000 ns	     40144	8000856c	431dc013	xori	x0,x27,1073	 x27:0x4a820480
     401465.000 ns	     40145	80008570	018ad9b3	srl	x19,x21,x24	 x21:0xc02206fc x24:0x00000000 x19=0xc02206fc
     401475.000 ns	     40146	80008574	e10fd297	auipc	x5,0xe10fd	  x5=0x61105574
     401485.000 ns	     40147	80008578	80b93b13	sltiu	x22,x18,-2037	 x18:0x04090000 x22=0x00000001
     401505.000 ns	     40149	8000857c	c00c8dd3	fcvt.w.s	x27,f25	 f25:0x00000000 x27=0x00000000
     401525.000 ns	     40151	80008580	01864833	xor	x16,x12,x24	 x12:0x00410240 x24:0x00000000 x16=0x00410240
     401535.000 ns	     40152	80008584	41e7d033	sra	x0,x15,x30	 x15:0x00002541 x30:0x00018f30
     401575.000 ns	     40156	80008588	08e2fa53	fsub.s	f20,f5,f14	  f5:0x40b50482 f14:0xc3f48000 f20=0x43f75412
     401595.000 ns	     40158	8000858c	00a3d633	srl	x12,x7,x10	  x7:0x00000000 x10:0x2ac8f000 x12=0x00000000
     401605.000 ns	     40159	80008590	d833a017	auipc	x0,0xd833a	
     401625.000 ns	     40161	80008594	d01e24d3	fcvt.s.wu	f9,x28	 x28:0x80040fe4  f9=0x4f000410
     401655.000 ns	     40164	80008598	21299fd3	fsgnjn.s	f31,f19,f18	 f19:0x7fc00000 f18:0xc3000000 f31=0x7fc00000
     401705.000 ns	     40169	8000859c	010f4853	fadd.s	f16,f30,f16	 f30:0xfffffa6b f16:0x7fc00000 f16=0x7fc00000
     401725.000 ns	     40171	800085a0	00b31f13	slli	x30,x6,0xb	  x6:0x00000001 x30=0x00000800
     401735.000 ns	     40172	800085a4	302e3fb7	lui	x31,0x302e3	 x31=0x302e3000
     402905.000 ns	     40289	800085a8	5804c053	fsqrt.s	f0,f9	  f9:0x4f000410  f0=0x46b50a40
     402935.000 ns	     40292	800085ac	03293db3	mulhu	x27,x18,x18	 x18:0x04090000 x18:0x04090000 x27=0x00104851
     402955.000 ns	     40294	800085b0	9c25e7b7	lui	x15,0x9c25e	 x15=0x9c25e000
     402965.000 ns	     40295	800085b4	413ad2b3	sra	x5,x21,x19	 x21:0xc02206fc x19:0xc02206fc  x5=0xfffffffc
     402975.000 ns	     40296	800085b8	019c1c13	slli	x24,x24,0x19	 x24:0x00000000 x24=0x00000000
     402995.000 ns	     40298	800085bc	e0069953	fclass.s	x18,f13	 f13:0x7fc00000 x18=0x00000200
     403025.000 ns	     40301	800085c0	d009f7d3	fcvt.s.w	f15,x19	 x19:0xc02206fc f15=0xce7f77e4
     403045.000 ns	     40303	800085c4	01390933	add	x18,x18,x19	 x18:0x00000200 x19:0xc02206fc x18=0xc02208fc
     403065.000 ns	     40305	800085c8	a0639553	flt.s	x10,f7,f6	  f7:0x00000000  f6:0x4f000410 x10=0x00000001
     403095.000 ns	     40308	800085cc	21ce9d53	fsgnjn.s	f26,f29,f28	 f29:0x00000000 f28:0x7fc00000 f26=0x80000000
     403115.000 ns	     40310	800085d0	00e13433	sltu	x8,x2,x14	  x2:0xf9972418 x14:0x5c906000  x8=0x00000000
     403475.000 ns	     40346	800085d4	02aa5eb3	divu	x29,x20,x10	 x20:0xc7987428 x10:0x00000001 x29=0xc7987428
     403495.000 ns	     40348	800085d8	78f77f97	auipc	x31,0x78f77	 x31=0xf8f7f5d8
     403505.000 ns	     40349	800085dc	c0217617	auipc	x12,0xc0217	 x12=0x4021f5dc
     403515.000 ns	     40350	800085e0	41b9ab17	auipc	x22,0x41b9a	 x22=0xc1ba25e0
     403535.000 ns	     40352	800085e4	c0151653	fcvt.wu.s	x12,f10	 f10:0x00000000 x12=0x00000000
     403555.000 ns	     40354	800085e8	00000013	addi	x0,x0,0	  x0:0x00000000
     403585.000 ns	     40357	800085ec	10487153	fmul.s	f2,f16,f4	 f16:0x7fc00000  f4:0x43000000  f2=0x7fc00000
     403635.000 ns	     40362	800085f0	08357a53	fsub.s	f20,f10,f3	 f10:0x00000000  f3:0xfffffa6b f20=0x7fc00000
     403665.000 ns	     40365	800085f4	02b890b3	mulh	x1,x17,x11	 x17:0x00000001 x11:0x80041024  x1=0xffffffff
     403685.000 ns	     40367	800085f8	0171d793	srli	x15,x3,0x17	  x3:0x80041000 x15=0x00000100
     403705.000 ns	     40369	800085fc	c0117653	fcvt.wu.s	x12,f2	  f2:0x7fc00000 x12=0xffffffff
     403735.000 ns	     40372	80008600	a0e29f53	flt.s	x30,f5,f14	  f5:0x40b50482 f14:0xc3f48000 x30=0x00000000
     403765.000 ns	     40375	80008604	209baf53	fsgnjx.s	f30,f23,f9	 f23:0x7fc00000  f9:0x4f000410 f30=0x7fc00000
     403785.000 ns	     40377	80008608	01175b13	srli	x22,x14,0x11	 x14:0x5c906000 x22=0x00002e48
     403795.000 ns	     40378	8000860c	4095d433	sra	x8,x11,x9	 x11:0x80041024  x9:0x00000000  x8=0x80041024
     403825.000 ns	     40381	80008610	19324553	fdiv.s	f10,f4,f19	  f4:0x43000000 f19:0x7fc00000 f10=0x7fc00000
     403855.000 ns	     40384	80008614	d00894d3	fcvt.s.w	f9,x17	 x17:0x00000001  f9=0x3f800000
     403875.000 ns	     40386	80008618	314a7b37	lui	x22,0x314a7	 x22=0x314a7000
     403895.000 ns	     40388	8000861c	03f22f33	mulhsu	x30,x4,x31	  x4:0xfffffff0 x31:0xf8f7f5d8 x30=0xfffffff0
     403945.000 ns	     40393	80008620	09d0a953	fsub.s	f18,f1,f29	  f1:0x00000000 f29:0x00000000 f18=0x80000000
     403965.000 ns	     40395	80008624	c757e493	ori	x9,x15,-907	 x15:0x00000100  x9=0xfffffd75
     403975.000 ns	     40396	80008628	4172dc13	srai	x24,x5,0x17	  x5:0xfffffffc x24=0xffffffff
     403995.000 ns	     40398	8000862c	03a6b4b3	mulhu	x9,x13,x26	 x13:0x00000000 x26:0x00000000  x9=0x00000000
     404035.000 ns	     40402	80008630	10cff553	fmul.s	f10,f31,f12	 f31:0x7fc00000 f12:0xffc00000 f10=0x7fc00000
     404065.000 ns	     40405	80008634	f00e8fd3	fmv.w.x	f31,x29	 x29:0xc7987428 f31=0xc7987428
     404095.000 ns	     40408	80008638	a001a253	feq.s	x4,f3,f0	  f3:0xfffffa6b  f0:0x46b50a40  x4=0x00000000
     404115.000 ns	     40410	8000863c	012ed413	srli	x8,x29,0x12	 x29:0xc7987428  x8=0x000031e6
     404125.000 ns	     40411	80008640	00479193	slli	x3,x15,0x4	 x15:0x00000100  x3=0x00001000
     404485.000 ns	     40447	80008644	03564833	div	x16,x12,x21	 x12:0xffffffff x21:0xc02206fc x16=0x00000000
     404855.000 ns	     40484	80008648	03c9d2b3	divu	x5,x19,x28	 x19:0xc02206fc x28:0x80040fe4  x5=0x00000001
     404875.000 ns	     40486	8000864c	40028433	sub	x8,x5,x0	  x5:0xfffffffc  x0:0x00000000  x8=0x00000001
     404895.000 ns	     40488	80008650	029654b3	divu	x9,x12,x9	 x12:0xffffffff  x9:0x00000000  x9=0xffffffff
     404925.000 ns	     40491	80008654	03a43233	mulhu	x4,x8,x26	  x8:0x000031e6 x26:0x00000000  x4=0x00000000
     404955.000 ns	     40494	80008658	d000f953	fcvt.s.w	f18,x1	  x1:0xffffffff f18=0xbf800000
     404975.000 ns	     40496	8000865c	0032e433	or	x8,x5,x3	  x5:0x00000001  x3:0x00001000  x8=0x00001001
     404995.000 ns	     40498	80008660	20220553	fsgnj.s	f10,f4,f2	  f4:0x43000000  f2:0x7fc00000 f10=0x43000000
     405015.000 ns	     40500	80008664	00998233	add	x4,x19,x9	 x19:0xc02206fc  x9:0xffffffff  x4=0xc02206fb
     405035.000 ns	     40502	80008668	c01bf753	fcvt.wu.s	x14,f23	 f23:0x7fc00000 x14=0xffffffff
     405075.000 ns	     40506	8000866c	19f11153	fdiv.s	f2,f2,f31	  f2:0x7fc00000 f31:0xc7987428  f2=0x7fc00000
     405115.000 ns	     40510	80008670	10160553	fmul.s	f10,f12,f1	 f12:0xffc00000  f1:0x00000000 f10=0x7fc00000
     405135.000 ns	     40512	80008674	40b4ac97	auipc	x25,0x40b4a	 x25=0xc0b52674
     405145.000 ns	     40513	80008678	00ac31b3	sltu	x3,x24,x10	 x24:0xffffffff x10:0x00000001  x3=0x00000000
     405155.000 ns	     40514	8000867c	004f57b3	srl	x15,x30,x4	 x30:0xfffffff0  x4:0xc02206fb x15=0x0000001f
     405165.000 ns	     40515	80008680	99a8f297	auipc	x5,0x99a8f	  x5=0x19a97680
     405175.000 ns	     40516	80008684	01a71a93	slli	x21,x14,0x1a	 x14:0xffffffff x21=0xfc000000
     405185.000 ns	     40517	80008688	c9ce0217	auipc	x4,0xc9ce0	  x4=0x49ce8688
     405195.000 ns	     40518	8000868c	407cd093	srai	x1,x25,0x7	 x25:0xc0b52674  x1=0xff816a4c
     405215.000 ns	     40520	80008690	e00e1953	fclass.s	x18,f28	 f28:0x7fc00000 x18=0x00000200
     405235.000 ns	     40522	80008694	4bc707b7	lui	x15,0x4bc70	 x15=0x4bc70000
     405275.000 ns	     40526	80008698	012b74d3	fadd.s	f9,f22,f18	 f22:0x80040fe4 f18:0xbf800000  f9=0xbf800000
     405305.000 ns	     40529	8000869c	033339b3	mulhu	x19,x6,x19	  x6:0x00000001 x19:0xc02206fc x19=0x00000000
     405335.000 ns	     40532	800086a0	d0157553	fcvt.s.wu	f10,x10	 x10:0x00000001 f10=0x3f800000
     405355.000 ns	     40534	800086a4	84d2f437	lui	x8,0x84d2f	  x8=0x84d2f000
     405365.000 ns	     40535	800086a8	00000013	addi	x0,x0,0	  x0:0x00000000
     405375.000 ns	     40536	800086ac	4072d393	srai	x7,x5,0x7	  x5:0x19a97680  x7=0x003352ed
     405395.000 ns	     40538	800086b0	c01db553	fcvt.wu.s	x10,f27	 f27:0x7fc00000 x10=0xffffffff
     405425.000 ns	     40541	800086b4	20018f53	fsgnj.s	f30,f3,f0	  f3:0xfffffa6b  f0:0x46b50a40 f30=0x7ffffa6b
     405455.000 ns	     40544	800086b8	03818833	mul	x16,x3,x24	  x3:0x00000000 x24:0xffffffff x16=0x00000000
     405475.000 ns	     40546	800086bc	004a90b3	sll	x1,x21,x4	 x21:0xfc000000  x4:0x49ce8688  x1=0x00000000
     405835.000 ns	     40582	800086c0	0286f8b3	remu	x17,x13,x8	 x13:0x00000000  x8:0x84d2f000 x17=0x00000000
     405865.000 ns	     40585	800086c4	e0059bd3	fclass.s	x23,f11	 f11:0x4737675a x23=0x00000040
     405885.000 ns	     40587	800086c8	00b35f33	srl	x30,x6,x11	  x6:0x00000001 x11:0x80041024 x30=0x00000000
     405895.000 ns	     40588	800086cc	71f08793	addi	x15,x1,1823	  x1:0x00000000 x15=0x0000071f
     405905.000 ns	     40589	800086d0	9bcc7513	andi	x10,x24,-1604	 x24:0xffffffff x10=0xfffff9bc
     405925.000 ns	     40591	800086d4	c01b31d3	fcvt.wu.s	x3,f22	 f22:0x80040fe4  x3=0x00000000
     405945.000 ns	     40593	800086d8	00d0d213	srli	x4,x1,0xd	  x1:0x00000000  x4=0x00000000
     405965.000 ns	     40595	800086dc	284f0d53	fmin.s	f26,f30,f4	 f30:0x7ffffa6b  f4:0x43000000 f26=0x43000000
     405995.000 ns	     40598	800086e0	02167333	remu	x6,x12,x1	 x12:0xffffffff  x1:0x00000000  x6=0xffffffff
     406025.000 ns	     40601	800086e4	20fd8e53	fsgnj.s	f28,f27,f15	 f27:0x7fc00000 f15:0xce7f77e4 f28=0xffc00000
     406055.000 ns	     40604	800086e8	03a87a33	remu	x20,x16,x26	 x16:0x00000000 x26:0x00000000 x20=0x00000000
     406085.000 ns	     40607	800086ec	034874b3	remu	x9,x16,x20	 x16:0x00000000 x20:0xc7987428  x9=0x00000000
     406115.000 ns	     40610	800086f0	02134533	div	x10,x6,x1	  x6:0xffffffff  x1:0x00000000 x10=0xffffffff
     406165.000 ns	     40615	800086f4	082016d3	fsub.s	f13,f0,f2	  f0:0x46b50a40  f2:0x7fc00000 f13=0x7fc00000
     406195.000 ns	     40618	800086f8	031f5c33	divu	x24,x30,x17	 x30:0x00000000 x17:0x00000000 x24=0xffffffff
     406535.000 ns	     40652	800086fc	18e4fbd3	fdiv.s	f23,f9,f14	  f9:0xbf800000 f14:0xc3f48000 f23=0x3b136872
     406565.000 ns	     40655	80008700	f00f08d3	fmv.w.x	f17,x30	 x30:0x00000000 f17=0x00000000
     406595.000 ns	     40658	80008704	205d9b53	fsgnjn.s	f22,f27,f5	 f27:0x7fc00000  f5:0x40b50482 f22=0xffc00000
     406615.000 ns	     40660	80008708	26034293	xori	x5,x6,608	  x6:0xffffffff  x5=0xfffffd9f
     406645.000 ns	     40663	8000870c	102b77d3	fmul.s	f15,f22,f2	 f22:0xffc00000  f2:0x7fc00000 f15=0x7fc00000
     406665.000 ns	     40665	80008710	9f986193	ori	x3,x16,-1543	 x16:0x00000000  x3=0xfffff9f9
     406675.000 ns	     40666	80008714	005bbf33	sltu	x30,x23,x5	 x23:0x00000040  x5:0xfffffd9f x30=0x00000001
     406685.000 ns	     40667	80008718	d1233913	sltiu	x18,x6,-750	  x6:0xffffffff x18=0x00000000
     406705.000 ns	     40669	8000871c	02912033	mulhsu	x0,x2,x9	  x2:0xf9972418  x9:0x00000000
     406725.000 ns	     40671	80008720	0025dfb3	srl	x31,x11,x2	 x11:0x80041024  x2:0xf9972418 x31=0x00000080
     406735.000 ns	     40672	80008724	01b81e93	slli	x29,x16,0x1b	 x16:0x00000000 x29=0x00000000
     406755.000 ns	     40674	80008728	29d417d3	fmax.s	f15,f8,f29	  f8:0x4d0e6ecf f29:0x00000000 f15=0x4d0e6ecf
     406775.000 ns	     40676	8000872c	01ca9393	slli	x7,x21,0x1c	 x21:0xfc000000  x7=0x00000000
     406795.000 ns	     40678	80008730	20592953	fsgnjx.s	f18,f18,f5	 f18:0xbf800000  f5:0x40b50482 f18=0xbf800000
     406825.000 ns	     40681	80008734	28bc8553	fmin.s	f10,f25,f11	 f25:0x00000000 f11:0x4737675a f10=0x00000000
     406855.000 ns	     40684	80008738	c01f0c53	fcvt.wu.s	x24,f30	 f30:0x7ffffa6b x24=0xffffffff
     406885.000 ns	     40687	8000873c	e00f0d53	fmv.x.w	x26,f30	 f30:0x7ffffa6b x26=0x7ffffa6b
     406915.000 ns	     40690	80008740	20608453	fsgnj.s	f8,f1,f6	  f1:0x00000000  f6:0x4f000410  f8=0x00000000
     406945.000 ns	     40693	80008744	d010b3d3	fcvt.s.wu	f7,x1	  x1:0x00000000  f7=0x00000000
     406965.000 ns	     40695	80008748	00b09713	slli	x14,x1,0xb	  x1:0x00000000 x14=0x00000000
     406975.000 ns	     40696	8000874c	00035a33	srl	x20,x6,x0	  x6:0xffffffff  x0:0x00000000 x20=0xffffffff
     406995.000 ns	     40698	80008750	20299ed3	fsgnjn.s	f29,f19,f2	 f19:0x7fc00000  f2:0x7fc00000 f29=0xffc00000
     407025.000 ns	     40701	80008754	d01706d3	fcvt.s.wu	f13,x14	 x14:0x00000000 f13=0x00000000
     407045.000 ns	     40703	80008758	018bf933	and	x18,x23,x24	 x23:0x00000040 x24:0xffffffff x18=0x00000040
     407065.000 ns	     40705	8000875c	02208cb3	mul	x25,x1,x2	  x1:0x00000000  x2:0xf9972418 x25=0x00000000
     408245.000 ns	     40823	80008760	580c76d3	fsqrt.s	f13,f24	 f24:0x4a820480 f13=0x45010113
     408275.000 ns	     40826	80008764	039b3eb3	mulhu	x29,x22,x25	 x22:0x314a7000 x25:0x00000000 x29=0x00000000
     408305.000 ns	     40829	80008768	c00c7b53	fcvt.w.s	x22,f24	 f24:0x4a820480 x22=0x00410240
     408335.000 ns	     40832	8000876c	29b18853	fmin.s	f16,f3,f27	  f3:0xfffffa6b f27:0x7fc00000 f16=0x7fc00000
     408365.000 ns	     40835	80008770	e00e9bd3	fclass.s	x23,f29	 f29:0xffc00000 x23=0x00000200
     408385.000 ns	     40837	80008774	40f909b3	sub	x19,x18,x15	 x18:0x00000040 x15:0x0000071f x19=0xfffff921
     408415.000 ns	     40840	80008778	113390d3	fmul.s	f1,f7,f19	  f7:0x00000000 f19:0x7fc00000  f1=0x7fc00000
     408435.000 ns	     40842	8000877c	0143d313	srli	x6,x7,0x14	  x7:0x00000000  x6=0x00000000
     408455.000 ns	     40844	80008780	a0229a53	flt.s	x20,f5,f2	  f5:0x40b50482  f2:0x7fc00000 x20=0x00000000
     408485.000 ns	     40847	80008784	02043ab3	mulhu	x21,x8,x0	  x8:0x84d2f000  x0:0x00000000 x21=0x00000000
     408515.000 ns	     40850	80008788	2162afd3	fsgnjx.s	f31,f5,f22	  f5:0x40b50482 f22:0xffc00000 f31=0xc0b50482
     408535.000 ns	     40852	8000878c	0004b1b3	sltu	x3,x9,x0	  x9:0x00000000  x0:0x00000000  x3=0x00000000
     408545.000 ns	     40853	80008790	00e8ad33	slt	x26,x17,x14	 x17:0x00000000 x14:0x00000000 x26=0x00000000
     408555.000 ns	     40854	80008794	c02cb393	sltiu	x7,x25,-1022	 x25:0x00000000  x7=0x00000001
     408565.000 ns	     40855	80008798	01995533	srl	x10,x18,x25	 x18:0x00000040 x25:0x00000000 x10=0x00000040
     408595.000 ns	     40858	8000879c	10852dd3	fmul.s	f27,f10,f8	 f10:0x00000000  f8:0x00000000 f27=0x00000000
     408615.000 ns	     40860	800087a0	41be8a33	sub	x20,x29,x27	 x29:0x00000000 x27:0x00104851 x20=0xffefb7af
     408645.000 ns	     40863	800087a4	11d09ad3	fmul.s	f21,f1,f29	  f1:0x7fc00000 f29:0xffc00000 f21=0x7fc00000
     408665.000 ns	     40865	800087a8	7f937993	andi	x19,x6,2041	  x6:0x00000000 x19=0x00000000
     408685.000 ns	     40867	800087ac	d0144453	fcvt.s.wu	f8,x8	  x8:0x84d2f000  f8=0x4f04d2f0
     408705.000 ns	     40869	800087b0	184c4893	xori	x17,x24,388	 x24:0xffffffff x17=0xfffffe7b
     408725.000 ns	     40871	800087b4	02108333	mul	x6,x1,x1	  x1:0x00000000  x1:0x00000000  x6=0x00000000
     408765.000 ns	     40875	800087b8	18862ed3	fdiv.s	f29,f12,f8	 f12:0xffc00000  f8:0x4f04d2f0 f29=0x7fc00000
     408785.000 ns	     40877	800087bc	2e33eb93	ori	x23,x7,739	  x7:0x00000001 x23=0x000002e3
     408805.000 ns	     40879	800087c0	e00690d3	fclass.s	x1,f13	 f13:0x45010113  x1=0x00000040
     408825.000 ns	     40881	800087c4	16a8f793	andi	x15,x17,362	 x17:0xfffffe7b x15=0x0000006a
     408835.000 ns	     40882	800087c8	96a74713	xori	x14,x14,-1686	 x14:0x00000000 x14=0xfffff96a
     408845.000 ns	     40883	800087cc	da76bcb7	lui	x25,0xda76b	 x25=0xda76b000
     408865.000 ns	     40885	800087d0	c00d9753	fcvt.w.s	x14,f27	 f27:0x00000000 x14=0x00000000
     408895.000 ns	     40888	800087d4	a18b98d3	flt.s	x17,f23,f24	 f23:0x3b136872 f24:0x4a820480 x17=0x00000001
     408915.000 ns	     40890	800087d8	0bfb3913	sltiu	x18,x22,191	 x22:0x00410240 x18=0x00000000
     408955.000 ns	     40894	800087dc	00043dd3	fadd.s	f27,f8,f0	  f8:0x4f04d2f0  f0:0x46b50a40 f27=0x4f04d34b
     408975.000 ns	     40896	800087e0	517ce093	ori	x1,x25,1303	 x25:0xda76b000  x1=0xda76b517
     408995.000 ns	     40898	800087e4	a1529753	flt.s	x14,f5,f21	  f5:0x40b50482 f21:0x7fc00000 x14=0x00000000
     409025.000 ns	     40901	800087e8	20ec8dd3	fsgnj.s	f27,f25,f14	 f25:0x00000000 f14:0xc3f48000 f27=0x80000000
     409055.000 ns	     40904	800087ec	c016bc53	fcvt.wu.s	x24,f13	 f13:0x45010113 x24=0x00000811
     409085.000 ns	     40907	800087f0	025abdb3	mulhu	x27,x21,x5	 x21:0x00000000  x5:0xfffffd9f x27=0x00000000
     409115.000 ns	     40910	800087f4	20d397d3	fsgnjn.s	f15,f7,f13	  f7:0x00000000 f13:0x45010113 f15=0x80000000
     409135.000 ns	     40912	800087f8	01d56033	or	x0,x10,x29	 x10:0x00000040 x29:0x00000000
     409145.000 ns	     40913	800087fc	00e59db3	sll	x27,x11,x14	 x11:0x80041024 x14:0x00000000 x27=0x80041024
     409155.000 ns	     40914	80008800	0031a8b3	slt	x17,x3,x3	  x3:0x00000000  x3:0x00000000 x17=0x00000000
     409165.000 ns	     40915	80008804	d5318537	lui	x10,0xd5318	 x10=0xd5318000
     409175.000 ns	     40916	80008808	00000013	addi	x0,x0,0	  x0:0x00000000
     409185.000 ns	     40917	8000880c	405153b3	sra	x7,x2,x5	  x2:0xf9972418  x5:0xfffffd9f  x7=0xffffffff
     409205.000 ns	     40919	80008810	c0067ed3	fcvt.w.s	x29,f12	 f12:0xffc00000 x29=0x7fffffff
     409225.000 ns	     40921	80008814	0151ec33	or	x24,x3,x21	  x3:0x00000000 x21:0x00000000 x24=0x00000000
     409245.000 ns	     40923	80008818	c01bced3	fcvt.wu.s	x29,f23	 f23:0x3b136872 x29=0x00000000
     409275.000 ns	     40926	8000881c	0278aab3	mulhsu	x21,x17,x7	 x17:0x00000000  x7:0xffffffff x21=0x00000000
     409305.000 ns	     40929	80008820	a19880d3	fle.s	x1,f17,f25	 f17:0x00000000 f25:0x00000000  x1=0x00000001
     409335.000 ns	     40932	80008824	28c78553	fmin.s	f10,f15,f12	 f15:0x80000000 f12:0xffc00000 f10=0x80000000
     409365.000 ns	     40935	80008828	026883b3	mul	x7,x17,x6	 x17:0x00000000  x6:0x00000000  x7=0x00000000
     409395.000 ns	     40938	8000882c	a134aa53	feq.s	x20,f9,f19	  f9:0xbf800000 f19:0x7fc00000 x20=0x00000000
     409415.000 ns	     40940	80008830	01332533	slt	x10,x6,x19	  x6:0x00000000 x19:0x00000000 x10=0x00000000
     409435.000 ns	     40942	80008834	e00510d3	fclass.s	x1,f10	 f10:0x80000000  x1=0x00000008
     409805.000 ns	     40979	80008838	0221c7b3	div	x15,x3,x2	  x3:0x00000000  x2:0xf9972418 x15=0x00000000
     409835.000 ns	     40982	8000883c	031364b3	rem	x9,x6,x17	  x6:0x00000000 x17:0x00000000  x9=0x00000000
     409875.000 ns	     40986	80008840	192c81d3	fdiv.s	f3,f25,f18	 f25:0x00000000 f18:0xbf800000  f3=0x80000000
     409905.000 ns	     40989	80008844	29eb8bd3	fmin.s	f23,f23,f30	 f23:0x3b136872 f30:0x7ffffa6b f23=0x3b136872
     409935.000 ns	     40992	80008848	02a547b3	div	x15,x10,x10	 x10:0x00000000 x10:0x00000000 x15=0xffffffff
     409955.000 ns	     40994	8000884c	00baccb3	xor	x25,x21,x11	 x21:0x00000000 x11:0x80041024 x25=0x80041024
     409965.000 ns	     40995	80008850	8e1d4b93	xori	x23,x26,-1823	 x26:0x00000000 x23=0xfffff8e1
     409975.000 ns	     40996	80008854	42e3cf93	xori	x31,x7,1070	  x7:0x00000000 x31=0x0000042e
     409985.000 ns	     40997	80008858	00955833	srl	x16,x10,x9	 x10:0x00000000  x9:0x00000000 x16=0x00000000
     410005.000 ns	     40999	8000885c	d01ffe53	fcvt.s.wu	f28,x31	 x31:0x00000080 f28=0x4485c000
     410035.000 ns	     41002	80008860	c0197053	fcvt.wu.s	x0,f18	 f18:0xbf800000
     410065.000 ns	     41005	80008864	0221adb3	mulhsu	x27,x3,x2	  x3:0x00000000  x2:0xf9972418 x27=0x00000000
     410085.000 ns	     41007	80008868	40375633	sra	x12,x14,x3	 x14:0x00000000  x3:0x00000000 x12=0x00000000
     410105.000 ns	     41009	8000886c	03b8cbb3	div	x23,x17,x27	 x17:0x00000000 x27:0x00000000 x23=0xffffffff
     410135.000 ns	     41012	80008870	a0a41553	flt.s	x10,f8,f10	  f8:0x4f04d2f0 f10:0x80000000 x10=0x00000000
     410165.000 ns	     41015	80008874	20c186d3	fsgnj.s	f13,f3,f12	  f3:0x80000000 f12:0xffc00000 f13=0x80000000
     410185.000 ns	     41017	80008878	0cf28397	auipc	x7,0xcf28	  x7=0x8cf30878
     410195.000 ns	     41018	8000887c	005fd533	srl	x10,x31,x5	 x31:0x0000042e  x5:0xfffffd9f x10=0x00000000
     410205.000 ns	     41019	80008880	002d2bb3	slt	x23,x26,x2	 x26:0x00000000  x2:0xf9972418 x23=0x00000000
     410215.000 ns	     41020	80008884	012fb533	sltu	x10,x31,x18	 x31:0x0000042e x18:0x00000000 x10=0x00000000
     410235.000 ns	     41022	80008888	e00487d3	fmv.x.w	x15,f9	  f9:0xbf800000 x15=0xbf800000
     410255.000 ns	     41024	8000888c	00000013	addi	x0,x0,0	  x0:0x00000000
     410285.000 ns	     41027	80008890	106f9a53	fmul.s	f20,f31,f6	 f31:0xc0b50482  f6:0x4f000410 f20=0xd0350a40
     410305.000 ns	     41029	80008894	0180b533	sltu	x10,x1,x24	  x1:0x00000008 x24:0x00000000 x10=0x00000000
     410325.000 ns	     41031	80008898	0303e9b3	rem	x19,x7,x16	  x7:0x8cf30878 x16:0x00000000 x19=0x8cf30878
     410365.000 ns	     41035	8000889c	10c17c53	fmul.s	f24,f2,f12	  f2:0x7fc00000 f12:0xffc00000 f24=0x7fc00000
     410385.000 ns	     41037	800088a0	364d2197	auipc	x3,0x364d2	  x3=0xb64da8a0
     410405.000 ns	     41039	800088a4	03f502b3	mul	x5,x10,x31	 x10:0x00000000 x31:0x0000042e  x5=0x00000000
     410425.000 ns	     41041	800088a8	8547ab13	slti	x22,x15,-1964	 x15:0xbf800000 x22=0x00000001
     410445.000 ns	     41043	800088ac	a1b7a253	feq.s	x4,f15,f27	 f15:0x80000000 f27:0x80000000  x4=0x00000001
     410495.000 ns	     41048	800088b0	011d10d3	fadd.s	f1,f26,f17	 f26:0x43000000 f17:0x00000000  f1=0x43000000
     410515.000 ns	     41050	800088b4	017b1013	slli	x0,x22,0x17	 x22:0x00000001
     410535.000 ns	     41052	800088b8	20cc1553	fsgnjn.s	f10,f24,f12	 f24:0x7fc00000 f12:0xffc00000 f10=0x7fc00000
     410565.000 ns	     41055	800088bc	29138553	fmin.s	f10,f7,f17	  f7:0x00000000 f17:0x00000000 f10=0x00000000
     410595.000 ns	     41058	800088c0	0202ba33	mulhu	x20,x5,x0	  x5:0x00000000  x0:0x00000000 x20=0x00000000
     410625.000 ns	     41061	800088c4	033116b3	mulh	x13,x2,x19	  x2:0xf9972418 x19:0x8cf30878 x13=0x02e16de6
     410645.000 ns	     41063	800088c8	3924c793	xori	x15,x9,914	  x9:0x00000000 x15=0x00000392
     410665.000 ns	     41065	800088cc	21dbabd3	fsgnjx.s	f23,f23,f29	 f23:0x3b136872 f29:0x7fc00000 f23=0x3b136872
     410695.000 ns	     41068	800088d0	03d23a33	mulhu	x20,x4,x29	  x4:0x00000001 x29:0x00000000 x20=0x00000000
     410715.000 ns	     41070	800088d4	5b5f9337	lui	x6,0x5b5f9	  x6=0x5b5f9000
     410735.000 ns	     41072	800088d8	21999dd3	fsgnjn.s	f27,f19,f25	 f19:0x7fc00000 f25:0x00000000 f27=0xffc00000
     411105.000 ns	     41109	800088dc	03fbda33	divu	x20,x23,x31	 x23:0x00000000 x31:0x0000042e x20=0x00000000
     411125.000 ns	     41111	800088e0	00a41933	sll	x18,x8,x10	  x8:0x84d2f000 x10:0x00000000 x18=0x84d2f000
     411145.000 ns	     41113	800088e4	e00916d3	fclass.s	x13,f18	 f18:0xbf800000 x13=0x00000002
     411185.000 ns	     41117	800088e8	18eaf1d3	fdiv.s	f3,f21,f14	 f21:0x7fc00000 f14:0xc3f48000  f3=0x7fc00000
     411235.000 ns	     41122	800088ec	083f76d3	fsub.s	f13,f30,f3	 f30:0x7ffffa6b  f3:0x80000000 f13=0x7fc00000
     411285.000 ns	     41127	800088f0	096e3253	fsub.s	f4,f28,f22	 f28:0x4485c000 f22:0xffc00000  f4=0x7fc00000
     411315.000 ns	     41130	800088f4	0247b533	mulhu	x10,x15,x4	 x15:0x00000392  x4:0x00000001 x10=0x00000000
     411345.000 ns	     41133	800088f8	021d00b3	mul	x1,x26,x1	 x26:0x00000000  x1:0x00000008  x1=0x00000000
     411395.000 ns	     41138	800088fc	09eff9d3	fsub.s	f19,f31,f30	 f31:0xc0b50482 f30:0x7ffffa6b f19=0x7fc00000
     411425.000 ns	     41141	80008900	20e299d3	fsgnjn.s	f19,f5,f14	  f5:0x40b50482 f14:0xc3f48000 f19=0x40b50482
     411445.000 ns	     41143	80008904	40915413	srai	x8,x2,0x9	  x2:0xf9972418  x8=0xfffccb92
     411455.000 ns	     41144	80008908	01431333	sll	x6,x6,x20	  x6:0x5b5f9000 x20:0x00000000  x6=0x5b5f9000
     411465.000 ns	     41145	8000890c	410258b3	sra	x17,x4,x16	  x4:0x00000001 x16:0x00000000 x17=0x00000001
     411485.000 ns	     41147	80008910	e0058453	fmv.x.w	x8,f11	 f11:0x4737675a  x8=0x4737675a
     411505.000 ns	     41149	80008914	002100b3	add	x1,x2,x2	  x2:0xf9972418  x2:0xf9972418  x1=0xf32e4830
     411515.000 ns	     41150	80008918	d980ec13	ori	x24,x1,-616	  x1:0x00000000 x24=0xfffffdb8
     411525.000 ns	     41151	8000891c	413ddc93	srai	x25,x27,0x13	 x27:0x00000000 x25=0x00000000
     411535.000 ns	     41152	80008920	491b0993	addi	x19,x22,1169	 x22:0x00000001 x19=0x00000492
     411865.000 ns	     41185	80008924	1804a853	fdiv.s	f16,f9,f0	  f9:0xbf800000  f0:0x46b50a40 f16=0xb80e1dd2
     411895.000 ns	     41188	80008928	208a0cd3	fsgnj.s	f25,f20,f8	 f20:0xd0350a40  f8:0x4f04d2f0 f25=0x50350a40
     411915.000 ns	     41190	8000892c	00656d33	or	x26,x10,x6	 x10:0x00000000  x6:0x5b5f9000 x26=0x5b5f9000
     411925.000 ns	     41191	80008930	00000013	addi	x0,x0,0	  x0:0x00000000
     411935.000 ns	     41192	80008934	00520cb3	add	x25,x4,x5	  x4:0x00000001  x5:0x00000000 x25=0x00000001
     411955.000 ns	     41194	80008938	f00389d3	fmv.w.x	f19,x7	  x7:0x8cf30878 f19=0x8cf30878
     411975.000 ns	     41196	8000893c	8bc52093	slti	x1,x10,-1860	 x10:0x00000000  x1=0x00000000
     411985.000 ns	     41197	80008940	60b609b7	lui	x19,0x60b60	 x19=0x60b60000
     411995.000 ns	     41198	80008944	00000013	addi	x0,x0,0	  x0:0x00000000
     412005.000 ns	     41199	80008948	012b5813	srli	x16,x22,0x12	 x22:0x00000001 x16=0x00000000
     412015.000 ns	     41200	8000894c	ab224bb7	lui	x23,0xab224	 x23=0xab224000
     412035.000 ns	     41202	80008950	29d60e53	fmin.s	f28,f12,f29	 f12:0xffc00000 f29:0x7fc00000 f28=0x7fc00000
     412065.000 ns	     41205	80008954	218c9a53	fsgnjn.s	f20,f25,f24	 f25:0x50350a40 f24:0x7fc00000 f20=0xd0350a40
     412085.000 ns	     41207	80008958	00000013	addi	x0,x0,0	  x0:0x00000000
     412095.000 ns	     41208	8000895c	565e8393	addi	x7,x29,1381	 x29:0x00000000  x7=0x00000565
     412135.000 ns	     41212	80008960	0010fad3	fadd.s	f21,f1,f1	  f1:0x43000000  f1:0x43000000 f21=0x43800000
     412155.000 ns	     41214	80008964	0169c3b3	xor	x7,x19,x22	 x19:0x60b60000 x22:0x00000001  x7=0x60b60001
     412165.000 ns	     41215	80008968	017496b3	sll	x13,x9,x23	  x9:0x00000000 x23:0xab224000 x13=0x00000000
     412525.000 ns	     41251	8000896c	027aef33	rem	x30,x21,x7	 x21:0x00000000  x7:0x00000565 x30=0x00000000
     412555.000 ns	     41254	80008970	e0069dd3	fclass.s	x27,f13	 f13:0x7fc00000 x27=0x00000200
     412585.000 ns	     41257	80008974	20792053	fsgnjx.s	f0,f18,f7	 f18:0xbf800000  f7:0x00000000  f0=0xbf800000
     412605.000 ns	     41259	80008978	51bf1917	auipc	x18,0x51bf1	 x18=0xd1bf9978
     412615.000 ns	     41260	8000897c	019f4833	xor	x16,x30,x25	 x30:0x00000000 x25:0x00000001 x16=0x00000001
     412625.000 ns	     41261	80008980	78b57293	andi	x5,x10,1931	 x10:0x00000000  x5=0x00000000
     412635.000 ns	     41262	80008984	00000013	addi	x0,x0,0	  x0:0x00000000
     412655.000 ns	     41264	80008988	a0532853	feq.s	x16,f6,f5	  f6:0x4f000410  f5:0x40b50482 x16=0x00000000
     412685.000 ns	     41267	8000898c	d01f7353	fcvt.s.wu	f6,x30	 x30:0x00000000  f6=0x00000000
     412735.000 ns	     41272	80008990	01cd9cd3	fadd.s	f25,f27,f28	 f27:0xffc00000 f28:0x7fc00000 f25=0x7fc00000
     412765.000 ns	     41275	80008994	d01aff53	fcvt.s.wu	f30,x21	 x21:0x00000000 f30=0x00000000
     412785.000 ns	     41277	80008998	01ff9c93	slli	x25,x31,0x1f	 x31:0x0000042e x25=0x00000000
     412805.000 ns	     41279	8000899c	208f0453	fsgnj.s	f8,f30,f8	 f30:0x00000000  f8:0x4f04d2f0  f8=0x00000000
     412825.000 ns	     41281	800089a0	2dda2337	lui	x6,0x2dda2	  x6=0x2dda2000
     412835.000 ns	     41282	800089a4	01453333	sltu	x6,x10,x20	 x10:0x00000000 x20:0x00000000  x6=0x00000000
     412845.000 ns	     41283	800089a8	63d38813	addi	x16,x7,1597	  x7:0x60b60001 x16=0x60b6063e
     412865.000 ns	     41285	800089ac	02615db3	divu	x27,x2,x6	  x2:0xf9972418  x6:0x2dda2000 x27=0xffffffff
     412885.000 ns	     41287	800089b0	002a5f93	srli	x31,x20,0x2	 x20:0x00000000 x31=0x00000000
     413245.000 ns	     41323	800089b4	02b6fab3	remu	x21,x13,x11	 x13:0x00000000 x11:0x80041024 x21=0x00000000
     413265.000 ns	     41325	800089b8	018e3b33	sltu	x22,x28,x24	 x28:0x80040fe4 x24:0xfffffdb8 x22=0x00000001
     413275.000 ns	     41326	800089bc	ae326a93	ori	x21,x4,-1309	  x4:0x00000001 x21=0xfffffae3
     413635.000 ns	     41362	800089c0	024cdd33	divu	x26,x25,x4	 x25:0x00000000  x4:0x00000001 x26=0x00000000
     413665.000 ns	     41365	800089c4	219d09d3	fsgnj.s	f19,f26,f25	 f26:0x43000000 f25:0x7fc00000 f19=0x43000000
     413695.000 ns	     41368	800089c8	d0189053	fcvt.s.wu	f0,x17	 x17:0x00000001  f0=0x3f800000
     413725.000 ns	     41371	800089cc	20ef0f53	fsgnj.s	f30,f30,f14	 f30:0x00000000 f14:0xc3f48000 f30=0x80000000
     413755.000 ns	     41374	800089d0	a0089ed3	flt.s	x29,f17,f0	 f17:0x00000000  f0:0x3f800000 x29=0x00000001
     413775.000 ns	     41376	800089d4	2288e893	ori	x17,x17,552	 x17:0x00000001 x17=0x00000229
     413785.000 ns	     41377	800089d8	40593493	sltiu	x9,x18,1029	 x18:0xd1bf9978  x9=0x00000000
     413795.000 ns	     41378	800089dc	6d783693	sltiu	x13,x16,1751	 x16:0x60b6063e x13=0x00000000
     413805.000 ns	     41379	800089e0	00000013	addi	x0,x0,0	  x0:0x00000000
     413845.000 ns	     41383	800089e4	01847cd3	fadd.s	f25,f8,f24	  f8:0x00000000 f24:0x7fc00000 f25=0x7fc00000
     414215.000 ns	     41420	800089e8	0304fbb3	remu	x23,x9,x16	  x9:0x00000000 x16:0x60b6063e x23=0x00000000
     414235.000 ns	     41422	800089ec	00b30533	add	x10,x6,x11	  x6:0x00000000 x11:0x80041024 x10=0x80041024
     414245.000 ns	     41423	800089f0	01b9d913	srli	x18,x19,0x1b	 x19:0x60b60000 x18=0x0000000c
     414255.000 ns	     41424	800089f4	2e749017	auipc	x0,0x2e749	
     414275.000 ns	     41426	800089f8	c00202d3	fcvt.w.s	x5,f4	  f4:0x7fc00000  x5=0x7fffffff
     414305.000 ns	     41429	800089fc	a09329d3	feq.s	x19,f6,f9	  f6:0x00000000  f9:0xbf800000 x19=0x00000000
     414325.000 ns	     41431	80008a00	0145d813	srli	x16,x11,0x14	 x11:0x80041024 x16=0x00000800
     414335.000 ns	     41432	80008a04	00da1d13	slli	x26,x20,0xd	 x20:0x00000000 x26=0x00000000
     414355.000 ns	     41434	80008a08	d015bdd3	fcvt.s.wu	f27,x11	 x11:0x80041024 f27=0x4f000411
     414375.000 ns	     41436	80008a0c	00000013	addi	x0,x0,0	  x0:0x00000000
     414395.000 ns	     41438	80008a10	c00bf853	fcvt.w.s	x16,f23	 f23:0x3b136872 x16=0x00000000
     414425.000 ns	     41441	80008a14	c00ef353	fcvt.w.s	x6,f29	 f29:0x7fc00000  x6=0x7fffffff
     414445.000 ns	     41443	80008a18	010f37b3	sltu	x15,x30,x16	 x30:0x00000000 x16:0x00000000 x15=0x00000000
     414465.000 ns	     41445	80008a1c	218e2f53	fsgnjx.s	f30,f28,f24	 f28:0x7fc00000 f24:0x7fc00000 f30=0x7fc00000
     414485.000 ns	     41447	80008a20	77815b17	auipc	x22,0x77815	 x22=0xf781da20
     414495.000 ns	     41448	80008a24	00ed8f33	add	x30,x27,x14	 x27:0xffffffff x14:0x00000000 x30=0xffffffff
     414505.000 ns	     41449	80008a28	ec5a2d93	slti	x27,x20,-315	 x20:0x00000000 x27=0x00000000
     414515.000 ns	     41450	80008a2c	00849ab3	sll	x21,x9,x8	  x9:0x00000000  x8:0x4737675a x21=0x00000000
     414525.000 ns	     41451	80008a30	5ad6ac13	slti	x24,x13,1453	 x13:0x00000000 x24=0x00000001
     414535.000 ns	     41452	80008a34	40685fb3	sra	x31,x16,x6	 x16:0x00000000  x6:0x7fffffff x31=0x00000000
     414545.000 ns	     41453	80008a38	412ad393	srai	x7,x21,0x12	 x21:0x00000000  x7=0x00000000
     414555.000 ns	     41454	80008a3c	0194ff33	and	x30,x9,x25	  x9:0x00000000 x25:0x00000000 x30=0x00000000
     414575.000 ns	     41456	80008a40	c006fcd3	fcvt.w.s	x25,f13	 f13:0x7fc00000 x25=0x7fffffff
     414595.000 ns	     41458	80008a44	4b63ef13	ori	x30,x7,1206	  x7:0x00000000 x30=0x000004b6
     414605.000 ns	     41459	80008a48	00cf9913	slli	x18,x31,0xc	 x31:0x00000000 x18=0x00000000
     414625.000 ns	     41461	80008a4c	e0049a53	fclass.s	x20,f9	  f9:0xbf800000 x20=0x00000002
     414645.000 ns	     41463	80008a50	01ffc6b3	xor	x13,x31,x31	 x31:0x00000000 x31:0x00000000 x13=0x00000000
     414655.000 ns	     41464	80008a54	00975233	srl	x4,x14,x9	 x14:0x00000000  x9:0x00000000  x4=0x00000000
     415015.000 ns	     41500	80008a58	03c648b3	div	x17,x12,x28	 x12:0x00000000 x28:0x80040fe4 x17=0x00000000
     415035.000 ns	     41502	80008a5c	00485a93	srli	x21,x16,0x4	 x16:0x00000000 x21=0x00000000
     415045.000 ns	     41503	80008a60	f5c5b913	sltiu	x18,x11,-164	 x11:0x80041024 x18=0x00000001
     415055.000 ns	     41504	80008a64	9fb72d93	slti	x27,x14,-1541	 x14:0x00000000 x27=0x00000000
     415065.000 ns	     41505	80008a68	00840533	add	x10,x8,x8	  x8:0x4737675a  x8:0x4737675a x10=0x8e6eceb4
     415075.000 ns	     41506	80008a6c	012d80b3	add	x1,x27,x18	 x27:0x00000000 x18:0x00000001  x1=0x00000001
     415085.000 ns	     41507	80008a70	01f6cd33	xor	x26,x13,x31	 x13:0x00000000 x31:0x00000000 x26=0x00000000
     415105.000 ns	     41509	80008a74	a1d481d3	fle.s	x3,f9,f29	  f9:0xbf800000 f29:0x7fc00000  x3=0x00000000
     415125.000 ns	     41511	80008a78	01828b33	add	x22,x5,x24	  x5:0x7fffffff x24:0x00000001 x22=0x80000000
     415135.000 ns	     41512	80008a7c	005199b3	sll	x19,x3,x5	  x3:0x00000000  x5:0x7fffffff x19=0x00000000
     415145.000 ns	     41513	80008a80	003fb8b3	sltu	x17,x31,x3	 x31:0x00000000  x3:0x00000000 x17=0x00000000
     415165.000 ns	     41515	80008a84	03c480b3	mul	x1,x9,x28	  x9:0x00000000 x28:0x80040fe4  x1=0x00000000
     415185.000 ns	     41517	80008a88	01729233	sll	x4,x5,x23	  x5:0x7fffffff x23:0x00000000  x4=0x7fffffff
     415195.000 ns	     41518	80008a8c	019f1f13	slli	x30,x30,0x19	 x30:0x000004b6 x30=0x6c000000
     415215.000 ns	     41520	80008a90	03659db3	mulh	x27,x11,x22	 x11:0x80041024 x22:0x80000000 x27=0x3ffdf7ee
     415245.000 ns	     41523	80008a94	d0139c53	fcvt.s.wu	f24,x7	  x7:0x00000000 f24=0x00000000
     415275.000 ns	     41526	80008a98	218584d3	fsgnj.s	f9,f11,f24	 f11:0x4737675a f24:0x7fc00000  f9=0x4737675a
     415295.000 ns	     41528	80008a9c	0167c333	xor	x6,x15,x22	 x15:0x00000000 x22:0x80000000  x6=0x80000000
     415315.000 ns	     41530	80008aa0	285281d3	fmin.s	f3,f5,f5	  f5:0x40b50482  f5:0x40b50482  f3=0x40b50482
     416495.000 ns	     41648	80008aa4	5800a053	fsqrt.s	f0,f1	  f1:0x43000000  f0=0x40b50482
     416525.000 ns	     41651	80008aa8	296713d3	fmax.s	f7,f14,f22	 f14:0xc3f48000 f22:0xffc00000  f7=0xc3f48000
     416555.000 ns	     41654	80008aac	d0051653	fcvt.s.w	f12,x10	 x10:0x8e6eceb4 f12=0xcee32262
     416575.000 ns	     41656	80008ab0	9682c693	xori	x13,x5,-1688	  x5:0x7fffffff x13=0x80000697
     416595.000 ns	     41658	80008ab4	c001a1d3	fcvt.w.s	x3,f3	  f3:0x40b50482  x3=0x00000005
     416625.000 ns	     41661	80008ab8	c00122d3	fcvt.w.s	x5,f2	  f2:0x7fc00000  x5=0x7fffffff
     416655.000 ns	     41664	80008abc	031ba0b3	mulhsu	x1,x23,x17	 x23:0x00000000 x17:0x00000000  x1=0x00000000
     416685.000 ns	     41667	80008ac0	28f594d3	fmax.s	f9,f11,f15	 f11:0x4737675a f15:0x80000000  f9=0x4737675a
     416705.000 ns	     41669	80008ac4	017a5513	srli	x10,x20,0x17	 x20:0x00000002 x10=0x00000000
     416715.000 ns	     41670	80008ac8	0072e633	or	x12,x5,x7	  x5:0x7fffffff  x7:0x00000000 x12=0x7fffffff
     416735.000 ns	     41672	80008acc	21e89c53	fsgnjn.s	f24,f17,f30	 f17:0x00000000 f30:0x7fc00000 f24=0x80000000
     416755.000 ns	     41674	80008ad0	01d0b0b3	sltu	x1,x1,x29	  x1:0x00000000 x29:0x00000001  x1=0x00000001
     416775.000 ns	     41676	80008ad4	d00cc4d3	fcvt.s.w	f9,x25	 x25:0x7fffffff  f9=0x4f000000
     416795.000 ns	     41678	80008ad8	01035d33	srl	x26,x6,x16	  x6:0x80000000 x16:0x00000000 x26=0x80000000
     416815.000 ns	     41680	80008adc	02f126b3	mulhsu	x13,x2,x15	  x2:0xf9972418 x15:0x00000000 x13=0x00000000
     416835.000 ns	     41682	80008ae0	6dad3793	sltiu	x15,x26,1754	 x26:0x00000000 x15=0x00000000
     416845.000 ns	     41683	80008ae4	01f59a93	slli	x21,x11,0x1f	 x11:0x80041024 x21=0x00000000
     416855.000 ns	     41684	80008ae8	41a9d3b3	sra	x7,x19,x26	 x19:0x00000000 x26:0x80000000  x7=0x00000000
     416865.000 ns	     41685	80008aec	6a532993	slti	x19,x6,1701	  x6:0x80000000 x19=0x00000001
     416875.000 ns	     41686	80008af0	01c85913	srli	x18,x16,0x1c	 x16:0x00000000 x18=0x00000000
     416885.000 ns	     41687	80008af4	41250033	sub	x0,x10,x18	 x10:0x00000000 x18:0x00000001
     416905.000 ns	     41689	80008af8	d0052f53	fcvt.s.w	f30,x10	 x10:0x00000000 f30=0x00000000
     416935.000 ns	     41692	80008afc	a15b1553	flt.s	x10,f22,f21	 f22:0xffc00000 f21:0x43800000 x10=0x00000000
     416955.000 ns	     41694	80008b00	db44bd17	auipc	x26,0xdb44b	 x26=0x5b453b00
     416965.000 ns	     41695	80008b04	41b3dfb3	sra	x31,x7,x27	  x7:0x00000000 x27:0x3ffdf7ee x31=0x00000000
     416985.000 ns	     41697	80008b08	0296f733	remu	x14,x13,x9	 x13:0x00000000  x9:0x00000000 x14=0x00000000
     417355.000 ns	     41734	80008b0c	034751b3	divu	x3,x14,x20	 x14:0x00000000 x20:0x00000002  x3=0x00000000
     417725.000 ns	     41771	80008b10	0285d433	divu	x8,x11,x8	 x11:0x80041024  x8:0x4737675a  x8=0x00000001
     417755.000 ns	     41774	80008b14	216782d3	fsgnj.s	f5,f15,f22	 f15:0x80000000 f22:0xffc00000  f5=0x80000000
     417775.000 ns	     41776	80008b18	00ec5893	srli	x17,x24,0xe	 x24:0x00000001 x17=0x00000000
     417795.000 ns	     41778	80008b1c	200081d3	fsgnj.s	f3,f1,f0	  f1:0x43000000  f0:0x40b50482  f3=0x43000000
     417825.000 ns	     41781	80008b20	c0067f53	fcvt.w.s	x30,f12	 f12:0xcee32262 x30=0x71913100
     417855.000 ns	     41784	80008b24	21ab11d3	fsgnjn.s	f3,f22,f26	 f22:0xffc00000 f26:0x43000000  f3=0xffc00000
     417885.000 ns	     41787	80008b28	29fe0fd3	fmin.s	f31,f28,f31	 f28:0x7fc00000 f31:0xc0b50482 f31=0xc0b50482
     417925.000 ns	     41791	80008b2c	188619d3	fdiv.s	f19,f12,f8	 f12:0xcee32262  f8:0x00000000 f19=0xff800000
     417975.000 ns	     41796	80008b30	08f07bd3	fsub.s	f23,f0,f15	  f0:0x40b50482 f15:0x80000000 f23=0x40b50482
     418005.000 ns	     41799	80008b34	e0071bd3	fclass.s	x23,f14	 f14:0xc3f48000 x23=0x00000002
     418025.000 ns	     41801	80008b38	8e763693	sltiu	x13,x12,-1817	 x12:0x7fffffff x13=0x00000001
     418045.000 ns	     41803	80008b3c	a1289a53	flt.s	x20,f17,f18	 f17:0x00000000 f18:0xbf800000 x20=0x00000000
     418065.000 ns	     41805	80008b40	013c5c93	srli	x25,x24,0x13	 x24:0x00000001 x25=0x00000000
     418095.000 ns	     41808	80008b44	10394ed3	fmul.s	f29,f18,f3	 f18:0xbf800000  f3:0xffc00000 f29=0x7fc00000
     418115.000 ns	     41810	80008b48	4148d4b3	sra	x9,x17,x20	 x17:0x00000000 x20:0x00000000  x9=0x00000000
     418125.000 ns	     41811	80008b4c	41f70733	sub	x14,x14,x31	 x14:0x00000000 x31:0x00000000 x14=0x00000000
     418145.000 ns	     41813	80008b50	f0098e53	fmv.w.x	f28,x19	 x19:0x00000001 f28=0x00000001
     418165.000 ns	     41815	80008b54	3ff5a993	slti	x19,x11,1023	 x11:0x80041024 x19=0x00000001
     418185.000 ns	     41817	80008b58	a02b1ad3	flt.s	x21,f22,f2	 f22:0xffc00000  f2:0x7fc00000 x21=0x00000000
     418205.000 ns	     41819	80008b5c	00000013	addi	x0,x0,0	  x0:0x00000000
     418225.000 ns	     41821	80008b60	20c91fd3	fsgnjn.s	f31,f18,f12	 f18:0xbf800000 f12:0xcee32262 f31=0x3f800000
     418255.000 ns	     41824	80008b64	023cb533	mulhu	x10,x25,x3	 x25:0x00000000  x3:0x00000000 x10=0x00000000
     418275.000 ns	     41826	80008b68	005f04b3	add	x9,x30,x5	 x30:0x71913100  x5:0x7fffffff  x9=0xf19130ff
     418315.000 ns	     41830	80008b6c	09447f53	fsub.s	f30,f8,f20	  f8:0x00000000 f20:0xd0350a40 f30=0x50350a40
     418345.000 ns	     41833	80008b70	a1a29753	flt.s	x14,f5,f26	  f5:0x80000000 f26:0x43000000 x14=0x00000001
     418375.000 ns	     41836	80008b74	03181c33	mulh	x24,x16,x17	 x16:0x00000000 x17:0x00000000 x24=0x00000000
     418395.000 ns	     41838	80008b78	ffe28513	addi	x10,x5,-2	  x5:0x7fffffff x10=0x7ffffffd
     418415.000 ns	     41840	80008b7c	02ee8a33	mul	x20,x29,x14	 x29:0x00000001 x14:0x00000001 x20=0x00000001
     418445.000 ns	     41843	80008b80	0208c733	div	x14,x17,x0	 x17:0x00000000  x0:0x00000000 x14=0xffffffff
     418815.000 ns	     41880	80008b84	0366e033	rem	x0,x13,x22	 x13:0x00000001 x22:0x80000000
     418845.000 ns	     41883	80008b88	a1032753	feq.s	x14,f6,f16	  f6:0x00000000 f16:0xb80e1dd2 x14=0x00000000
     418875.000 ns	     41886	80008b8c	21e49cd3	fsgnjn.s	f25,f9,f30	  f9:0x4f000000 f30:0x50350a40 f25=0xcf000000
     418895.000 ns	     41888	80008b90	01b3d893	srli	x17,x7,0x1b	  x7:0x00000000 x17=0x00000000
     418915.000 ns	     41890	80008b94	f0088c53	fmv.w.x	f24,x17	 x17:0x00000000 f24=0x00000000
     419285.000 ns	     41927	80008b98	03b36ab3	rem	x21,x6,x27	  x6:0x80000000 x27:0x3ffdf7ee x21=0xfffbefdc
     419315.000 ns	     41930	80008b9c	c013bb53	fcvt.wu.s	x22,f7	  f7:0xc3f48000 x22=0x000001e9
     419345.000 ns	     41933	80008ba0	a06889d3	fle.s	x19,f17,f6	 f17:0x00000000  f6:0x00000000 x19=0x00000001
     419365.000 ns	     41935	80008ba4	0122deb3	srl	x29,x5,x18	  x5:0x7fffffff x18:0x00000000 x29=0x7fffffff
     419375.000 ns	     41936	80008ba8	be90a493	slti	x9,x1,-1047	  x1:0x00000001  x9=0x00000000
     419395.000 ns	     41938	80008bac	c01c7ed3	fcvt.wu.s	x29,f24	 f24:0x00000000 x29=0x00000000
     419765.000 ns	     41975	80008bb0	022afeb3	remu	x29,x21,x2	 x21:0xfffbefdc  x2:0xf9972418 x29=0x0664cbc4
     419815.000 ns	     41980	80008bb4	096af953	fsub.s	f18,f21,f22	 f21:0x43800000 f22:0xffc00000 f18=0x7fc00000
     419835.000 ns	     41982	80008bb8	00389f93	slli	x31,x17,0x3	 x17:0x00000000 x31=0x00000000
     419845.000 ns	     41983	80008bbc	00b95c93	srli	x25,x18,0xb	 x18:0x00000000 x25=0x00000000
     419855.000 ns	     41984	80008bc0	003786b3	add	x13,x15,x3	 x15:0x00000000  x3:0x00000000 x13=0x00000000
     419885.000 ns	     41987	80008bc4	18252453	fdiv.s	f8,f10,f2	 f10:0x00000000  f2:0x7fc00000  f8=0x7fc00000
     420255.000 ns	     42024	80008bc8	021560b3	rem	x1,x10,x1	 x10:0x7ffffffd  x1:0x00000001  x1=0x00000000
     420285.000 ns	     42027	80008bcc	0397a833	mulhsu	x16,x15,x25	 x15:0x00000000 x25:0x00000000 x16=0x00000000
     420305.000 ns	     42029	80008bd0	36b60f93	addi	x31,x12,875	 x12:0x7fffffff x31=0x8000036a
     420315.000 ns	     42030	80008bd4	4109df93	srai	x31,x19,0x10	 x19:0x00000001 x31=0x00000000
     420675.000 ns	     42066	80008bd8	0284dab3	divu	x21,x9,x8	  x9:0x00000000  x8:0x00000001 x21=0x00000000
     420705.000 ns	     42069	80008bdc	d012fa53	fcvt.s.wu	f20,x5	  x5:0x7fffffff f20=0x4effffff
     420725.000 ns	     42071	80008be0	00c0cab3	xor	x21,x1,x12	  x1:0x00000000 x12:0x7fffffff x21=0x7fffffff
     420735.000 ns	     42072	80008be4	e8aac993	xori	x19,x21,-374	 x21:0x00000000 x19=0x80000175
     420755.000 ns	     42074	80008be8	03d53833	mulhu	x16,x10,x29	 x10:0x7ffffffd x29:0x0664cbc4 x16=0x033265e1
     420795.000 ns	     42078	80008bec	11fd0d53	fmul.s	f26,f26,f31	 f26:0x43000000 f31:0x3f800000 f26=0x43000000
     420815.000 ns	     42080	80008bf0	3953ca13	xori	x20,x7,917	  x7:0x00000000 x20=0x00000395
     420835.000 ns	     42082	80008bf4	f00c0153	fmv.w.x	f2,x24	 x24:0x00000000  f2=0x00000000
     420865.000 ns	     42085	80008bf8	e00f0a53	fmv.x.w	x20,f30	 f30:0x50350a40 x20=0x50350a40
     420885.000 ns	     42087	80008bfc	0080db33	srl	x22,x1,x8	  x1:0x00000000  x8:0x00000001 x22=0x00000000
     420905.000 ns	     42089	80008c00	280080d3	fmin.s	f1,f1,f0	  f1:0x43000000  f0:0x40b50482  f1=0x40b50482
     420945.000 ns	     42093	80008c04	19f6cdd3	fdiv.s	f27,f13,f31	 f13:0x7fc00000 f31:0x3f800000 f27=0x7fc00000
     420965.000 ns	     42095	80008c08	00a17ab3	and	x21,x2,x10	  x2:0xf9972418 x10:0x7ffffffd x21=0x79972418
     420985.000 ns	     42097	80008c0c	027293b3	mulh	x7,x5,x7	  x5:0x7fffffff  x7:0x00000000  x7=0x00000000
     422165.000 ns	     42215	80008c10	5804bb53	fsqrt.s	f22,f9	  f9:0x4f000000 f22=0x46b50482
     422185.000 ns	     42217	80008c14	b10f4513	xori	x10,x30,-1264	 x30:0x71913100 x10=0x8e6eca10
     422205.000 ns	     42219	80008c18	a09f2fd3	feq.s	x31,f30,f9	 f30:0x50350a40  f9:0x4f000000 x31=0x00000000
     422235.000 ns	     42222	80008c1c	c00e24d3	fcvt.w.s	x9,f28	 f28:0x00000001  x9=0x00000000
     422255.000 ns	     42224	80008c20	32180237	lui	x4,0x32180	  x4=0x32180000
     422275.000 ns	     42226	80008c24	02d349b3	div	x19,x6,x13	  x6:0x80000000 x13:0x00000000 x19=0xffffffff
     422295.000 ns	     42228	80008c28	01571513	slli	x10,x14,0x15	 x14:0x00000000 x10=0x00000000
     422315.000 ns	     42230	80008c2c	a041a8d3	feq.s	x17,f3,f4	  f3:0xffc00000  f4:0x7fc00000 x17=0x00000000
     422335.000 ns	     42232	80008c30	930dfc93	andi	x25,x27,-1744	 x27:0x3ffdf7ee x25=0x3ffdf120
     422345.000 ns	     42233	80008c34	40408833	sub	x16,x1,x4	  x1:0x00000000  x4:0x32180000 x16=0xcde80000
     422355.000 ns	     42234	80008c38	00000013	addi	x0,x0,0	  x0:0x00000000
     422365.000 ns	     42235	80008c3c	014a0233	add	x4,x20,x20	 x20:0x50350a40 x20:0x50350a40  x4=0xa06a1480
     422385.000 ns	     42237	80008c40	d000fcd3	fcvt.s.w	f25,x1	  x1:0x00000000 f25=0x00000000
     422755.000 ns	     42274	80008c44	03dc64b3	rem	x9,x24,x29	 x24:0x00000000 x29:0x0664cbc4  x9=0x00000000
     422805.000 ns	     42279	80008c48	097c40d3	fsub.s	f1,f24,f23	 f24:0x00000000 f23:0x40b50482  f1=0xc0b50482
     422825.000 ns	     42281	80008c4c	9405ed93	ori	x27,x11,-1728	 x11:0x80041024 x27=0xfffff964
     422845.000 ns	     42283	80008c50	21000bd3	fsgnj.s	f23,f0,f16	  f0:0x40b50482 f16:0xb80e1dd2 f23=0xc0b50482
     422875.000 ns	     42286	80008c54	03f06cb3	rem	x25,x0,x31	  x0:0x00000000 x31:0x00000000 x25=0x00000000
     422905.000 ns	     42289	80008c58	a06809d3	fle.s	x19,f16,f6	 f16:0xb80e1dd2  f6:0x00000000 x19=0x00000001
     423275.000 ns	     42326	80008c5c	03024833	div	x16,x4,x16	  x4:0xa06a1480 x16:0xcde80000 x16=0x00000001
     423295.000 ns	     42328	80008c60	00000013	addi	x0,x0,0	  x0:0x00000000
     423305.000 ns	     42329	80008c64	404c0d33	sub	x26,x24,x4	 x24:0x00000000  x4:0xa06a1480 x26=0x5f95eb80
     423325.000 ns	     42331	80008c68	03a12a33	mulhsu	x20,x2,x26	  x2:0xf9972418 x26:0x5b453b00 x20=0xfd9b5577
     423355.000 ns	     42334	80008c6c	289a1b53	fmax.s	f22,f20,f9	 f20:0x4effffff  f9:0x4f000000 f22=0x4f000000
     423375.000 ns	     42336	80008c70	0175bcb3	sltu	x25,x11,x23	 x11:0x80041024 x23:0x00000002 x25=0x00000000
     424545.000 ns	     42453	80008c74	580f81d3	fsqrt.s	f3,f31	 f31:0x3f800000  f3=0x3f7fffae
     424565.000 ns	     42455	80008c78	00000013	addi	x0,x0,0	  x0:0x00000000
     424575.000 ns	     42456	80008c7c	0103c033	xor	x0,x7,x16	  x7:0x00000000 x16:0x00000001
     424595.000 ns	     42458	80008c80	03c8a533	mulhsu	x10,x17,x28	 x17:0x00000000 x28:0x80040fe4 x10=0x00000000
     424625.000 ns	     42461	80008c84	28cc0953	fmin.s	f18,f24,f12	 f24:0x00000000 f12:0xcee32262 f18=0xcee32262
     424645.000 ns	     42463	80008c88	2c5ce2b7	lui	x5,0x2c5ce	  x5=0x2c5ce000
     424655.000 ns	     42464	80008c8c	012537b3	sltu	x15,x10,x18	 x10:0x00000000 x18:0x00000000 x15=0x00000000
     424665.000 ns	     42465	80008c90	ba77e493	ori	x9,x15,-1113	 x15:0x00000000  x9=0xfffffba7
     424675.000 ns	     42466	80008c94	01255733	srl	x14,x10,x18	 x10:0x00000000 x18:0x00000000 x14=0x00000000
     425035.000 ns	     42502	80008c98	0335d7b3	divu	x15,x11,x19	 x11:0x80041024 x19:0x00000001 x15=0x80041024
     425065.000 ns	     42505	80008c9c	031ac4b3	div	x9,x21,x17	 x21:0x79972418 x17:0x00000000  x9=0xffffffff
     425095.000 ns	     42508	80008ca0	f00383d3	fmv.w.x	f7,x7	  x7:0x00000000  f7=0x00000000
     425125.000 ns	     42511	80008ca4	a1080c53	fle.s	x24,f16,f16	 f16:0xb80e1dd2 f16:0xb80e1dd2 x24=0x00000001
     425155.000 ns	     42514	80008ca8	03c68bb3	mul	x23,x13,x28	 x13:0x00000000 x28:0x80040fe4 x23=0x00000000
     425175.000 ns	     42516	80008cac	ff677c93	andi	x25,x14,-10	 x14:0x00000000 x25=0x00000000
     425185.000 ns	     42517	80008cb0	12c60013	addi	x0,x12,300	 x12:0x7fffffff
     425205.000 ns	     42519	80008cb4	e0039753	fclass.s	x14,f7	  f7:0x00000000 x14=0x00000010
     425225.000 ns	     42521	80008cb8	db618e93	addi	x29,x3,-586	  x3:0x00000000 x29=0xfffffdb6
     425245.000 ns	     42523	80008cbc	026f2bb3	mulhsu	x23,x30,x6	 x30:0x71913100  x6:0x80000000 x23=0x38c89880
     425275.000 ns	     42526	80008cc0	03e426b3	mulhsu	x13,x8,x30	  x8:0x00000001 x30:0x71913100 x13=0x00000000
     425645.000 ns	     42563	80008cc4	03c6d633	divu	x12,x13,x28	 x13:0x00000000 x28:0x80040fe4 x12=0x00000000
     425675.000 ns	     42566	80008cc8	a16d1453	flt.s	x8,f26,f22	 f26:0x43000000 f22:0x4f000000  x8=0x00000001
     425695.000 ns	     42568	80008ccc	00435693	srli	x13,x6,0x4	  x6:0x80000000 x13=0x08000000
     425715.000 ns	     42570	80008cd0	205e2d53	fsgnjx.s	f26,f28,f5	 f28:0x00000001  f5:0x80000000 f26=0x80000001
     425735.000 ns	     42572	80008cd4	00eb16b3	sll	x13,x22,x14	 x22:0x00000000 x14:0x00000010 x13=0x00000000
     425755.000 ns	     42574	80008cd8	031a5bb3	divu	x23,x20,x17	 x20:0xfd9b5577 x17:0x00000000 x23=0xffffffff
     425795.000 ns	     42578	80008cdc	10953353	fmul.s	f6,f10,f9	 f10:0x00000000  f9:0x4f000000  f6=0x00000000
     426165.000 ns	     42615	80008ce0	02b351b3	divu	x3,x6,x11	  x6:0x80000000 x11:0x80041024  x3=0x00000000
     426185.000 ns	     42617	80008ce4	0031db33	srl	x22,x3,x3	  x3:0x00000000  x3:0x00000000 x22=0x00000000
     426195.000 ns	     42618	80008ce8	41770eb3	sub	x29,x14,x23	 x14:0x00000010 x23:0xffffffff x29=0x00000011
     426205.000 ns	     42619	80008cec	00000013	addi	x0,x0,0	  x0:0x00000000
     426215.000 ns	     42620	80008cf0	413209b3	sub	x19,x4,x19	  x4:0xa06a1480 x19:0x00000001 x19=0xa06a147f
     426235.000 ns	     42622	80008cf4	c017c953	fcvt.wu.s	x18,f15	 f15:0x80000000 x18=0x00000000
     426265.000 ns	     42625	80008cf8	287b12d3	fmax.s	f5,f22,f7	 f22:0x4f000000  f7:0x00000000  f5=0x4f000000
     426295.000 ns	     42628	80008cfc	03a31033	mulh	x0,x6,x26	  x6:0x80000000 x26:0x5f95eb80
     426315.000 ns	     42630	80008d00	78f72997	auipc	x19,0x78f72	 x19=0xf8f7ad00
     426335.000 ns	     42632	80008d04	d01c8c53	fcvt.s.wu	f24,x25	 x25:0x00000000 f24=0x00000000
     426355.000 ns	     42634	80008d08	01085b93	srli	x23,x16,0x10	 x16:0x00000001 x23=0x00000000
     426365.000 ns	     42635	80008d0c	41dad9b3	sra	x19,x21,x29	 x21:0x79972418 x29:0x00000011 x19=0x00003ccb
     426385.000 ns	     42637	80008d10	036f57b3	divu	x15,x30,x22	 x30:0x71913100 x22:0x00000000 x15=0xffffffff
     426405.000 ns	     42639	80008d14	01662ab3	slt	x21,x12,x22	 x12:0x00000000 x22:0x00000000 x21=0x00000000
     426415.000 ns	     42640	80008d18	00621f93	slli	x31,x4,0x6	  x4:0xa06a1480 x31=0x1a852000
     426435.000 ns	     42642	80008d1c	c017f653	fcvt.wu.s	x12,f15	 f15:0x80000000 x12=0x00000000
     426465.000 ns	     42645	80008d20	02d4fdb3	remu	x27,x9,x13	  x9:0xffffffff x13:0x00000000 x27=0xffffffff
     426485.000 ns	     42647	80008d24	6f597d93	andi	x27,x18,1781	 x18:0x00000000 x27=0x00000000
     426505.000 ns	     42649	80008d28	21621ed3	fsgnjn.s	f29,f4,f22	  f4:0x7fc00000 f22:0x4f000000 f29=0xffc00000
     426535.000 ns	     42652	80008d2c	0322b1b3	mulhu	x3,x5,x18	  x5:0x2c5ce000 x18:0x00000000  x3=0x00000000
     426565.000 ns	     42655	80008d30	d00f0bd3	fcvt.s.w	f23,x30	 x30:0x71913100 f23=0x4ee32262
     426585.000 ns	     42657	80008d34	40445933	sra	x18,x8,x4	  x8:0x00000001  x4:0xa06a1480 x18=0x00000001
     426595.000 ns	     42658	80008d38	00ea1533	sll	x10,x20,x14	 x20:0xfd9b5577 x14:0x00000010 x10=0x55770000
     426615.000 ns	     42660	80008d3c	e0018bd3	fmv.x.w	x23,f3	  f3:0x3f7fffae x23=0x3f7fffae
     426635.000 ns	     42662	80008d40	00000013	addi	x0,x0,0	  x0:0x00000000
     426655.000 ns	     42664	80008d44	e0079453	fclass.s	x8,f15	 f15:0x80000000  x8=0x00000008
     426675.000 ns	     42666	80008d48	35786a93	ori	x21,x16,855	 x16:0x00000001 x21=0x00000357
     426695.000 ns	     42668	80008d4c	e00e9453	fclass.s	x8,f29	 f29:0xffc00000  x8=0x00000200
     426715.000 ns	     42670	80008d50	00bf89b3	add	x19,x31,x11	 x31:0x1a852000 x11:0x80041024 x19=0x9a893024
     426745.000 ns	     42673	80008d54	18adf353	fdiv.s	f6,f27,f10	 f27:0x7fc00000 f10:0x00000000  f6=0x7fc00000
     426765.000 ns	     42675	80008d58	4c2b7013	andi	x0,x22,1218	 x22:0x00000000
     426775.000 ns	     42676	80008d5c	00035c13	srli	x24,x6,0x0	  x6:0x80000000 x24=0x80000000
     426815.000 ns	     42680	80008d60	017478d3	fadd.s	f17,f8,f23	  f8:0x7fc00000 f23:0x4ee32262 f17=0x7fc00000
     426845.000 ns	     42683	80008d64	21421753	fsgnjn.s	f14,f4,f20	  f4:0x7fc00000 f20:0x4effffff f14=0xffc00000
     426865.000 ns	     42685	80008d68	01d57333	and	x6,x10,x29	 x10:0x55770000 x29:0x00000011  x6=0x00000000
     426875.000 ns	     42686	80008d6c	e40b7713	andi	x14,x22,-448	 x22:0x00000000 x14=0x00000000
     426895.000 ns	     42688	80008d70	d0060a53	fcvt.s.w	f20,x12	 x12:0x00000000 f20=0x00000000
     426925.000 ns	     42691	80008d74	28710e53	fmin.s	f28,f2,f7	  f2:0x00000000  f7:0x00000000 f28=0x00000000
     426955.000 ns	     42694	80008d78	a13797d3	flt.s	x15,f15,f19	 f15:0x80000000 f19:0xff800000 x15=0x00000000
     426975.000 ns	     42696	80008d7c	40738493	addi	x9,x7,1031	  x7:0x00000000  x9=0x00000407
     426995.000 ns	     42698	80008d80	d002a353	fcvt.s.w	f6,x5	  x5:0x2c5ce000  f6=0x4e317380
     427025.000 ns	     42701	80008d84	0211c033	div	x0,x3,x1	  x3:0x00000000  x1:0x00000000
     427045.000 ns	     42703	80008d88	e0731f37	lui	x30,0xe0731	 x30=0xe0731000
     427055.000 ns	     42704	80008d8c	007ecdb3	xor	x27,x29,x7	 x29:0x00000011  x7:0x00000000 x27=0x00000011
     427065.000 ns	     42705	80008d90	00633cb3	sltu	x25,x6,x6	  x6:0x00000000  x6:0x00000000 x25=0x00000000
     427085.000 ns	     42707	80008d94	02eecab3	div	x21,x29,x14	 x29:0x00000011 x14:0x00000000 x21=0xffffffff
     427455.000 ns	     42744	80008d98	0334c3b3	div	x7,x9,x19	  x9:0x00000407 x19:0x9a893024  x7=0x00000000
     427485.000 ns	     42747	80008d9c	207b0353	fsgnj.s	f6,f22,f7	 f22:0x4f000000  f7:0x00000000  f6=0x4f000000
     427505.000 ns	     42749	80008da0	00c327b3	slt	x15,x6,x12	  x6:0x00000000 x12:0x00000000 x15=0x00000000
     427525.000 ns	     42751	80008da4	d012fbd3	fcvt.s.wu	f23,x5	  x5:0x2c5ce000 f23=0x4e317380
     427545.000 ns	     42753	80008da8	003e8033	add	x0,x29,x3	 x29:0x00000011  x3:0x00000000
     427555.000 ns	     42754	80008dac	7d162893	slti	x17,x12,2001	 x12:0x00000000 x17=0x00000001
     427565.000 ns	     42755	80008db0	41ba7d13	andi	x26,x20,1051	 x20:0xfd9b5577 x26=0x00000413
     427575.000 ns	     42756	80008db4	00a42fb3	slt	x31,x8,x10	  x8:0x00000200 x10:0x55770000 x31=0x00000001
     427595.000 ns	     42758	80008db8	e0011753	fclass.s	x14,f2	  f2:0x00000000 x14=0x00000010
     427625.000 ns	     42761	80008dbc	e00f0b53	fmv.x.w	x22,f30	 f30:0x50350a40 x22=0x50350a40
     427655.000 ns	     42764	80008dc0	d00474d3	fcvt.s.w	f9,x8	  x8:0x00000200  f9=0x44000000
     427685.000 ns	     42767	80008dc4	a15a8253	fle.s	x4,f21,f21	 f21:0x43800000 f21:0x43800000  x4=0x00000001
     427705.000 ns	     42769	80008dc8	d2748d13	addi	x26,x9,-729	  x9:0x00000407 x26=0x0000012e
     427725.000 ns	     42771	80008dcc	29548853	fmin.s	f16,f9,f21	  f9:0x44000000 f21:0x43800000 f16=0x43800000
     427745.000 ns	     42773	80008dd0	41aeda33	sra	x20,x29,x26	 x29:0x00000011 x26:0x00000413 x20=0x00000000
     427765.000 ns	     42775	80008dd4	d0043153	fcvt.s.w	f2,x8	  x8:0x00000200  f2=0x44000000
     427795.000 ns	     42778	80008dd8	033f29b3	mulhsu	x19,x30,x19	 x30:0xe0731000 x19:0x9a893024 x19=0xecf44f44
     427815.000 ns	     42780	80008ddc	00d1f533	and	x10,x3,x13	  x3:0x00000000 x13:0x00000000 x10=0x00000000
     427825.000 ns	     42781	80008de0	6610e313	ori	x6,x1,1633	  x1:0x00000000  x6=0x00000661
     428185.000 ns	     42817	80008de4	0339c7b3	div	x15,x19,x19	 x19:0xecf44f44 x19:0xecf44f44 x15=0x00000001
     428225.000 ns	     42821	80008de8	106caed3	fmul.s	f29,f25,f6	 f25:0x00000000  f6:0x4f000000 f29=0x00000000
     428245.000 ns	     42823	80008dec	25d5d617	auipc	x12,0x25d5d	 x12=0xa5d65dec
     428255.000 ns	     42824	80008df0	01d61813	slli	x16,x12,0x1d	 x12:0x00000000 x16=0x80000000
     428275.000 ns	     42826	80008df4	02dc1fb3	mulh	x31,x24,x13	 x24:0x80000000 x13:0x00000000 x31=0x00000000
     428305.000 ns	     42829	80008df8	a0a21053	flt.s	x0,f4,f10	  f4:0x7fc00000 f10:0x00000000
     428325.000 ns	     42831	80008dfc	00000013	addi	x0,x0,0	  x0:0x00000000
     428345.000 ns	     42833	80008e00	d0143bd3	fcvt.s.wu	f23,x8	  x8:0x00000200 f23=0x44000000
     428365.000 ns	     42835	80008e04	7bf8f513	andi	x10,x17,1983	 x17:0x00000001 x10=0x00000001
     428725.000 ns	     42871	80008e08	02a6f033	remu	x0,x13,x10	 x13:0x00000000 x10:0x00000000
     428755.000 ns	     42874	80008e0c	f00183d3	fmv.w.x	f7,x3	  x3:0x00000000  f7=0x00000000
     428775.000 ns	     42876	80008e10	74a66c13	ori	x24,x12,1866	 x12:0xa5d65dec x24=0xa5d65fee
     428795.000 ns	     42878	80008e14	21fb2253	fsgnjx.s	f4,f22,f31	 f22:0x4f000000 f31:0x3f800000  f4=0x4f000000
     428815.000 ns	     42880	80008e18	002bdf13	srli	x30,x23,0x2	 x23:0x3f7fffae x30=0x0fdfffeb
     428825.000 ns	     42881	80008e1c	6f4e4713	xori	x14,x28,1780	 x28:0x80040fe4 x14=0x80040910
     428845.000 ns	     42883	80008e20	e00d0553	fmv.x.w	x10,f26	 f26:0x80000001 x10=0x80000001
     428895.000 ns	     42888	80008e24	081572d3	fsub.s	f5,f10,f1	 f10:0x00000000  f1:0xc0b50482  f5=0x40b50482
     428915.000 ns	     42890	80008e28	00bf5033	srl	x0,x30,x11	 x30:0x0fdfffeb x11:0x80041024
     428945.000 ns	     42893	80008e2c	580479d3	fsqrt.s	f19,f8	  f8:0x7fc00000 f19=0x7fc00000
     428975.000 ns	     42896	80008e30	039f07b3	mul	x15,x30,x25	 x30:0x0fdfffeb x25:0x00000000 x15=0x00000000
     429005.000 ns	     42899	80008e34	201fa6d3	fsgnjx.s	f13,f31,f1	 f31:0x3f800000  f1:0xc0b50482 f13=0xbf800000
     429025.000 ns	     42901	80008e38	2e827793	andi	x15,x4,744	  x4:0x00000001 x15=0x00000000
     429385.000 ns	     42937	80008e3c	035deeb3	rem	x29,x27,x21	 x27:0x00000011 x21:0xffffffff x29=0x00000000
     429415.000 ns	     42940	80008e40	201210d3	fsgnjn.s	f1,f4,f1	  f4:0x4f000000  f1:0xc0b50482  f1=0x4f000000
     429435.000 ns	     42942	80008e44	961f2313	slti	x6,x30,-1695	 x30:0x0fdfffeb  x6=0x00000000
     429445.000 ns	     42943	80008e48	417cdd13	srai	x26,x25,0x17	 x25:0x00000000 x26=0x00000000
     429465.000 ns	     42945	80008e4c	a0902dd3	feq.s	x27,f0,f9	  f0:0x40b50482  f9:0x44000000 x27=0x00000000
     429485.000 ns	     42947	80008e50	0092d2b3	srl	x5,x5,x9	  x5:0x2c5ce000  x9:0x00000407  x5=0x0058b9c0
     429505.000 ns	     42949	80008e54	026449b3	div	x19,x8,x6	  x8:0x00000200  x6:0x00000000 x19=0xffffffff
     429525.000 ns	     42951	80008e58	0122a3b3	slt	x7,x5,x18	  x5:0x2c5ce000 x18:0x00000001  x7=0x00000000
     429885.000 ns	     42987	80008e5c	03344fb3	div	x31,x8,x19	  x8:0x00000200 x19:0xffffffff x31=0xfffffe00
     429905.000 ns	     42989	80008e60	01b9c7b3	xor	x15,x19,x27	 x19:0xffffffff x27:0x00000000 x15=0xffffffff
     430265.000 ns	     43025	80008e64	028640b3	div	x1,x12,x8	 x12:0xa5d65dec  x8:0x00000200  x1=0xffd2eb2f
     430315.000 ns	     43030	80008e68	00bdf9d3	fadd.s	f19,f27,f11	 f27:0x7fc00000 f11:0x4737675a f19=0x7fc00000
     430345.000 ns	     43033	80008e6c	029e02b3	mul	x5,x28,x9	 x28:0x80040fe4  x9:0x00000407  x5=0x905bff3c
     430375.000 ns	     43036	80008e70	d005fed3	fcvt.s.w	f29,x11	 x11:0x80041024 f29=0xcefff7df
     430405.000 ns	     43039	80008e74	020109b3	mul	x19,x2,x0	  x2:0xf9972418  x0:0x00000000 x19=0x00000000
     430425.000 ns	     43041	80008e78	0180d393	srli	x7,x1,0x18	  x1:0xffd2eb2f  x7=0x000000ff
     430445.000 ns	     43043	80008e7c	c00bf453	fcvt.w.s	x8,f23	 f23:0x44000000  x8=0x00000200
     430465.000 ns	     43045	80008e80	01f35d93	srli	x27,x6,0x1f	  x6:0x00000000 x27=0x00000000
     430485.000 ns	     43047	80008e84	03a861b3	rem	x3,x16,x26	 x16:0x80000000 x26:0x00000000  x3=0x80000000
     430515.000 ns	     43050	80008e88	c0051dd3	fcvt.w.s	x27,f10	 f10:0x00000000 x27=0x00000000
     430545.000 ns	     43053	80008e8c	a0fe1d53	flt.s	x26,f28,f15	 f28:0x00000000 f15:0x80000000 x26=0x00000000
     430575.000 ns	     43056	80008e90	c00a12d3	fcvt.w.s	x5,f20	 f20:0x00000000  x5=0x00000000
     430595.000 ns	     43058	80008e94	017ab233	sltu	x4,x21,x23	 x21:0xffffffff x23:0x3f7fffae  x4=0x00000000
     430605.000 ns	     43059	80008e98	00000013	addi	x0,x0,0	  x0:0x00000000
     430615.000 ns	     43060	80008e9c	412ed293	srai	x5,x29,0x12	 x29:0x00000000  x5=0x00000000
     430635.000 ns	     43062	80008ea0	02119333	mulh	x6,x3,x1	  x3:0x80000000  x1:0xffd2eb2f  x6=0x00168a68
     430655.000 ns	     43064	80008ea4	643d2d13	slti	x26,x26,1603	 x26:0x00000000 x26=0x00000001
     430665.000 ns	     43065	80008ea8	005d2633	slt	x12,x26,x5	 x26:0x00000000  x5:0x00000000 x12=0x00000000
     430705.000 ns	     43069	80008eac	00ad4ed3	fadd.s	f29,f26,f10	 f26:0x80000001 f10:0x00000000 f29=0x80000001
     430755.000 ns	     43074	80008eb0	000b7cd3	fadd.s	f25,f22,f0	 f22:0x4f000000  f0:0x40b50482 f25=0x4f000000
     430785.000 ns	     43077	80008eb4	e0028753	fmv.x.w	x14,f5	  f5:0x40b50482 x14=0x40b50482
     430805.000 ns	     43079	80008eb8	fdbc4913	xori	x18,x24,-37	 x24:0xa5d65fee x18=0x5a29a035
     430825.000 ns	     43081	80008ebc	e00f8453	fmv.x.w	x8,f31	 f31:0x3f800000  x8=0x3f800000
     430855.000 ns	     43084	80008ec0	03569933	mulh	x18,x13,x21	 x13:0x00000000 x21:0xffffffff x18=0x00000000
     430875.000 ns	     43086	80008ec4	00000013	addi	x0,x0,0	  x0:0x00000000
     430885.000 ns	     43087	80008ec8	59896f93	ori	x31,x18,1432	 x18:0x00000000 x31=0x00000598
     430905.000 ns	     43089	80008ecc	20cea9d3	fsgnjx.s	f19,f29,f12	 f29:0x80000001 f12:0xcee32262 f19=0x00000001
     430925.000 ns	     43091	80008ed0	4026d213	srai	x4,x13,0x2	 x13:0x00000000  x4=0x00000000
     430935.000 ns	     43092	80008ed4	6744cf93	xori	x31,x9,1652	  x9:0x00000407 x31=0x00000273
     430955.000 ns	     43094	80008ed8	0388a433	mulhsu	x8,x17,x24	 x17:0x00000001 x24:0xa5d65fee  x8=0x00000000
     430975.000 ns	     43096	80008edc	01757933	and	x18,x10,x23	 x10:0x80000001 x23:0x3f7fffae x18=0x00000000
     430985.000 ns	     43097	80008ee0	0145d093	srli	x1,x11,0x14	 x11:0x80041024  x1=0x00000800
     430995.000 ns	     43098	80008ee4	1bb3ff13	andi	x30,x7,443	  x7:0x000000ff x30=0x000000bb
     431015.000 ns	     43100	80008ee8	f0028a53	fmv.w.x	f20,x5	  x5:0x00000000 f20=0x00000000
     431045.000 ns	     43103	80008eec	e00689d3	fmv.x.w	x19,f13	 f13:0xbf800000 x19=0xbf800000
     431415.000 ns	     43140	80008ef0	02a4d233	divu	x4,x9,x10	  x9:0x00000407 x10:0x80000001  x4=0x00000000
     431445.000 ns	     43143	80008ef4	d01c7753	fcvt.s.wu	f14,x24	 x24:0xa5d65fee f14=0x4f25d65f
     431485.000 ns	     43147	80008ef8	18f886d3	fdiv.s	f13,f17,f15	 f17:0x7fc00000 f15:0x80000000 f13=0x7fc00000
     431515.000 ns	     43150	80008efc	e0018253	fmv.x.w	x4,f3	  f3:0x3f7fffae  x4=0x3f7fffae
     431545.000 ns	     43153	80008f00	e0078353	fmv.x.w	x6,f15	 f15:0x80000000  x6=0x80000000
     431565.000 ns	     43155	80008f04	d653bf13	sltiu	x30,x7,-667	  x7:0x000000ff x30=0x00000001
     432735.000 ns	     43272	80008f08	580770d3	fsqrt.s	f1,f14	 f14:0x4f25d65f  f1=0x46ea8710
     432765.000 ns	     43275	80008f0c	026637b3	mulhu	x15,x12,x6	 x12:0x00000000  x6:0x80000000 x15=0x00000000
     432785.000 ns	     43277	80008f10	a27c4f37	lui	x30,0xa27c4	 x30=0xa27c4000
     432825.000 ns	     43281	80008f14	01b9fdd3	fadd.s	f27,f19,f27	 f19:0x00000001 f27:0x7fc00000 f27=0x7fc00000
     434005.000 ns	     43399	80008f18	580ff053	fsqrt.s	f0,f31	 f31:0x3f800000  f0=0x3f7fffae
     434035.000 ns	     43402	80008f1c	026a34b3	mulhu	x9,x20,x6	 x20:0x00000000  x6:0x80000000  x9=0x00000000
     435215.000 ns	     43520	80008f20	5809ffd3	fsqrt.s	f31,f19	 f19:0x00000001 f31=0x1f350483
     435235.000 ns	     43522	80008f24	40720a33	sub	x20,x4,x7	  x4:0x3f7fffae  x7:0x000000ff x20=0x3f7ffeaf
     435255.000 ns	     43524	80008f28	21d70ad3	fsgnj.s	f21,f14,f29	 f14:0x4f25d65f f29:0x80000001 f21=0xcf25d65f
     435275.000 ns	     43526	80008f2c	0143df13	srli	x30,x7,0x14	  x7:0x000000ff x30=0x00000000
     435295.000 ns	     43528	80008f30	0233a2b3	mulhsu	x5,x7,x3	  x7:0x000000ff  x3:0x80000000  x5=0x0000007f
     435315.000 ns	     43530	80008f34	c5354413	xori	x8,x10,-941	 x10:0x80000001  x8=0x7ffffc52
     435325.000 ns	     43531	80008f38	9bce7b13	andi	x22,x28,-1604	 x28:0x80040fe4 x22=0x800409a4
     435345.000 ns	     43533	80008f3c	c0137753	fcvt.wu.s	x14,f6	  f6:0x4f000000 x14=0x80000000
     435375.000 ns	     43536	80008f40	0293ccb3	div	x25,x7,x9	  x7:0x000000ff  x9:0x00000000 x25=0xffffffff
     435395.000 ns	     43538	80008f44	00b7d513	srli	x10,x15,0xb	 x15:0x00000000 x10=0x00000000
     435405.000 ns	     43539	80008f48	e264bd93	sltiu	x27,x9,-474	  x9:0x00000000 x27=0x00000001
     435415.000 ns	     43540	80008f4c	019b6533	or	x10,x22,x25	 x22:0x800409a4 x25:0xffffffff x10=0xffffffff
     435425.000 ns	     43541	80008f50	4187dd93	srai	x27,x15,0x18	 x15:0x00000000 x27=0x00000000
     435435.000 ns	     43542	80008f54	01171513	slli	x10,x14,0x11	 x14:0x80000000 x10=0x00000000
     435475.000 ns	     43546	80008f58	01f3b353	fadd.s	f6,f7,f31	  f7:0x00000000 f31:0x1f350483  f6=0x1f350483
     435495.000 ns	     43548	80008f5c	41c38ab3	sub	x21,x7,x28	  x7:0x000000ff x28:0x80040fe4 x21=0x7ffbf11b
     435505.000 ns	     43549	80008f60	01dfacb3	slt	x25,x31,x29	 x31:0x00000273 x29:0x00000000 x25=0x00000000
     435515.000 ns	     43550	80008f64	4191ddb3	sra	x27,x3,x25	  x3:0x80000000 x25:0xffffffff x27=0x80000000
     435525.000 ns	     43551	80008f68	04ba3413	sltiu	x8,x20,75	 x20:0x3f7ffeaf  x8=0x00000000
     435545.000 ns	     43553	80008f6c	21768ed3	fsgnj.s	f29,f13,f23	 f13:0x7fc00000 f23:0x44000000 f29=0x7fc00000
     435915.000 ns	     43590	80008f70	0378dc33	divu	x24,x17,x23	 x17:0x00000001 x23:0x3f7fffae x24=0x00000000
     435935.000 ns	     43592	80008f74	0126fbb3	and	x23,x13,x18	 x13:0x00000000 x18:0x00000000 x23=0x00000000
     435955.000 ns	     43594	80008f78	03c71833	mulh	x16,x14,x28	 x14:0x80000000 x28:0x80040fe4 x16=0x3ffdf80e
     435975.000 ns	     43596	80008f7c	ed8e08b7	lui	x17,0xed8e0	 x17=0xed8e0000
     435985.000 ns	     43597	80008f80	0180dcb3	srl	x25,x1,x24	  x1:0x00000800 x24:0x00000000 x25=0x00000800
     435995.000 ns	     43598	80008f84	40668633	sub	x12,x13,x6	 x13:0x00000000  x6:0x80000000 x12=0x80000000
     436005.000 ns	     43599	80008f88	009e58b3	srl	x17,x28,x9	 x28:0x80040fe4  x9:0x00000000 x17=0x80040fe4
     436015.000 ns	     43600	80008f8c	413edb33	sra	x22,x29,x19	 x29:0x00000000 x19:0xbf800000 x22=0x00000000
     436035.000 ns	     43602	80008f90	e00716d3	fclass.s	x13,f14	 f14:0x4f25d65f x13=0x00000040
     436065.000 ns	     43605	80008f94	e0079753	fclass.s	x14,f15	 f15:0x80000000 x14=0x00000008
     436095.000 ns	     43608	80008f98	021814b3	mulh	x9,x16,x1	 x16:0x3ffdf80e  x1:0x00000800  x9=0x000001ff
     436125.000 ns	     43611	80008f9c	a0de9f53	flt.s	x30,f29,f13	 f29:0x7fc00000 f13:0x7fc00000 x30=0x00000000
     436155.000 ns	     43614	80008fa0	e00d8853	fmv.x.w	x16,f27	 f27:0x7fc00000 x16=0x7fc00000
     436205.000 ns	     43619	80008fa4	01f013d3	fadd.s	f7,f0,f31	  f0:0x3f7fffae f31:0x1f350483  f7=0x3f7fffae
     436235.000 ns	     43622	80008fa8	02d31fb3	mulh	x31,x6,x13	  x6:0x80000000 x13:0x00000040 x31=0xffffffe0
     436605.000 ns	     43659	80008fac	02c561b3	rem	x3,x10,x12	 x10:0x00000000 x12:0x80000000  x3=0x00000000
     436625.000 ns	     43661	80008fb0	9f647d93	andi	x27,x8,-1546	  x8:0x00000000 x27=0x00000000
     436635.000 ns	     43662	80008fb4	3d7e0e93	addi	x29,x28,983	 x28:0x80040fe4 x29=0x800413bb
     436655.000 ns	     43664	80008fb8	21d02153	fsgnjx.s	f2,f0,f29	  f0:0x3f7fffae f29:0x7fc00000  f2=0x3f7fffae
     436675.000 ns	     43666	80008fbc	00fdddb3	srl	x27,x27,x15	 x27:0x00000000 x15:0x00000000 x27=0x00000000
     436695.000 ns	     43668	80008fc0	03e16a33	rem	x20,x2,x30	  x2:0xf9972418 x30:0x00000000 x20=0xf9972418
     436725.000 ns	     43671	80008fc4	02519cb3	mulh	x25,x3,x5	  x3:0x00000000  x5:0x0000007f x25=0x00000000
     436745.000 ns	     43673	80008fc8	00ceda13	srli	x20,x29,0xc	 x29:0x800413bb x20=0x00080041
     436755.000 ns	     43674	80008fcc	00148fb3	add	x31,x9,x1	  x9:0x000001ff  x1:0x00000800 x31=0x000009ff
     436775.000 ns	     43676	80008fd0	216c0cd3	fsgnj.s	f25,f24,f22	 f24:0x00000000 f22:0x4f000000 f25=0x00000000
     436805.000 ns	     43679	80008fd4	287c1453	fmax.s	f8,f24,f7	 f24:0x00000000  f7:0x3f7fffae  f8=0x3f7fffae
     436835.000 ns	     43682	80008fd8	f0088b53	fmv.w.x	f22,x17	 x17:0x80040fe4 f22=0x80040fe4
     436865.000 ns	     43685	80008fdc	20139453	fsgnjn.s	f8,f7,f1	  f7:0x3f7fffae  f1:0x46ea8710  f8=0xbf7fffae
     436885.000 ns	     43687	80008fe0	402e84b3	sub	x9,x29,x2	 x29:0x800413bb  x2:0xf9972418  x9=0x866cefa3
     436905.000 ns	     43689	80008fe4	d01d73d3	fcvt.s.wu	f7,x26	 x26:0x00000001  f7=0x3f800000
     436925.000 ns	     43691	80008fe8	40d18333	sub	x6,x3,x13	  x3:0x00000000 x13:0x00000040  x6=0xffffffc0
     436945.000 ns	     43693	80008fec	e00788d3	fmv.x.w	x17,f15	 f15:0x80000000 x17=0x80000000
     436965.000 ns	     43695	80008ff0	004ca2b3	slt	x5,x25,x4	 x25:0x00000000  x4:0x3f7fffae  x5=0x00000001
     436985.000 ns	     43697	80008ff4	294b0053	fmin.s	f0,f22,f20	 f22:0x80040fe4 f20:0x00000000  f0=0x80040fe4
     437015.000 ns	     43700	80008ff8	a0ef0dd3	fle.s	x27,f30,f14	 f30:0x50350a40 f14:0x4f25d65f x27=0x00000000
     437045.000 ns	     43703	80008ffc	28bd09d3	fmin.s	f19,f26,f11	 f26:0x80000001 f11:0x4737675a f19=0x80000001
     437075.000 ns	     43706	80009000	a0879f53	flt.s	x30,f15,f8	 f15:0x80000000  f8:0xbf7fffae x30=0x00000000
     437105.000 ns	     43709	80009004	21c9af53	fsgnjx.s	f30,f19,f28	 f19:0x80000001 f28:0x00000000 f30=0x80000001
     437125.000 ns	     43711	80009008	000ad193	srli	x3,x21,0x0	 x21:0x7ffbf11b  x3=0x7ffbf11b
     437145.000 ns	     43713	8000900c	295f9a53	fmax.s	f20,f31,f21	 f31:0x1f350483 f21:0xcf25d65f f20=0x1f350483
     437165.000 ns	     43715	80009010	403dda13	srai	x20,x27,0x3	 x27:0x00000000 x20=0x00000000
     437195.000 ns	     43718	80009014	119e7953	fmul.s	f18,f28,f25	 f28:0x00000000 f25:0x00000000 f18=0x00000000
     437215.000 ns	     43720	80009018	edb3fd13	andi	x26,x7,-293	  x7:0x000000ff x26=0x000000db
     437245.000 ns	     43723	8000901c	1033c8d3	fmul.s	f17,f7,f3	  f7:0x3f800000  f3:0x3f7fffae f17=0x3f7fffae
     437265.000 ns	     43725	80009020	5d7ea9b7	lui	x19,0x5d7ea	 x19=0x5d7ea000
     437275.000 ns	     43726	80009024	012699b3	sll	x19,x13,x18	 x13:0x00000040 x18:0x00000000 x19=0x00000040
     437285.000 ns	     43727	80009028	0060cc33	xor	x24,x1,x6	  x1:0x00000800  x6:0xffffffc0 x24=0xfffff7c0
     437325.000 ns	     43731	8000902c	00a32cd3	fadd.s	f25,f6,f10	  f6:0x1f350483 f10:0x00000000 f25=0x1f350483
     437355.000 ns	     43734	80009030	03e0c533	div	x10,x1,x30	  x1:0x00000800 x30:0x00000000 x10=0xffffffff
     437725.000 ns	     43771	80009034	02275ab3	divu	x21,x14,x2	 x14:0x00000008  x2:0xf9972418 x21=0x00000000
     437745.000 ns	     43773	80009038	001658b3	srl	x17,x12,x1	 x12:0x80000000  x1:0x00000800 x17=0x80000000
     437755.000 ns	     43774	8000903c	4982aa93	slti	x21,x5,1176	  x5:0x00000001 x21=0x00000001
     437765.000 ns	     43775	80009040	00fa9333	sll	x6,x21,x15	 x21:0x00000000 x15:0x00000000  x6=0x00000001
     437775.000 ns	     43776	80009044	0057e233	or	x4,x15,x5	 x15:0x00000000  x5:0x00000001  x4=0x00000001
     437795.000 ns	     43778	80009048	c0049bd3	fcvt.w.s	x23,f9	  f9:0x44000000 x23=0x00000200
     437825.000 ns	     43781	8000904c	03d48ab3	mul	x21,x9,x29	  x9:0x866cefa3 x29:0x800413bb x21=0x85e82511
     437845.000 ns	     43783	80009050	00325233	srl	x4,x4,x3	  x4:0x00000001  x3:0x7ffbf11b  x4=0x00000000
     437865.000 ns	     43785	80009054	f0098953	fmv.w.x	f18,x19	 x19:0x00000040 f18=0x00000040
     437895.000 ns	     43788	80009058	29e41953	fmax.s	f18,f8,f30	  f8:0xbf7fffae f30:0x80000001 f18=0x80000001
     437925.000 ns	     43791	8000905c	20eb2a53	fsgnjx.s	f20,f22,f14	 f22:0x80040fe4 f14:0x4f25d65f f20=0x80040fe4
     437945.000 ns	     43793	80009060	0000deb3	srl	x29,x1,x0	  x1:0x00000800  x0:0x00000000 x29=0x00000800
     437955.000 ns	     43794	80009064	00cc9413	slli	x8,x25,0xc	 x25:0x00000000  x8=0x00000000
     437965.000 ns	     43795	80009068	27988a37	lui	x20,0x27988	 x20=0x27988000
     437985.000 ns	     43797	8000906c	21b301d3	fsgnj.s	f3,f6,f27	  f6:0x1f350483 f27:0x7fc00000  f3=0x1f350483
     438005.000 ns	     43799	80009070	56bd2093	slti	x1,x26,1387	 x26:0x000000db  x1=0x00000001
     438015.000 ns	     43800	80009074	41b60533	sub	x10,x12,x27	 x12:0x80000000 x27:0x00000000 x10=0x80000000
     438035.000 ns	     43802	80009078	03788433	mul	x8,x17,x23	 x17:0x80000000 x23:0x00000200  x8=0x00000000
     438075.000 ns	     43806	8000907c	198efd53	fdiv.s	f26,f29,f24	 f29:0x7fc00000 f24:0x00000000 f26=0x7fc00000
     438105.000 ns	     43809	80009080	210d8753	fsgnj.s	f14,f27,f16	 f27:0x7fc00000 f16:0x43800000 f14=0x7fc00000
     438135.000 ns	     43812	80009084	d00af2d3	fcvt.s.w	f5,x21	 x21:0x85e82511  f5=0xcef42fb5
     438165.000 ns	     43815	80009088	d0007653	fcvt.s.w	f12,x0	  x0:0x00000000 f12=0x00000000
     438185.000 ns	     43817	8000908c	0c85c713	xori	x14,x11,200	 x11:0x80041024 x14=0x800410ec
     438215.000 ns	     43820	80009090	580aff53	fsqrt.s	f30,f21	 f21:0xcf25d65f f30=0x7fc00000
     438245.000 ns	     43823	80009094	a11b0753	fle.s	x14,f22,f17	 f22:0x80040fe4 f17:0x3f7fffae x14=0x00000001
     438265.000 ns	     43825	80009098	00000013	addi	x0,x0,0	  x0:0x00000000
     438275.000 ns	     43826	8000909c	41f001b3	sub	x3,x0,x31	  x0:0x00000000 x31:0x000009ff  x3=0xfffff601
     438295.000 ns	     43828	800090a0	d01d8bd3	fcvt.s.wu	f23,x27	 x27:0x00000000 f23=0x00000000
     438325.000 ns	     43831	800090a4	02ed3033	mulhu	x0,x26,x14	 x26:0x000000db x14:0x00000001
     438345.000 ns	     43833	800090a8	4f3aac93	slti	x25,x21,1267	 x21:0x85e82511 x25=0x00000001
     438355.000 ns	     43834	800090ac	1f940d17	auipc	x26,0x1f940	 x26=0x9f9490ac
     438365.000 ns	     43835	800090b0	00bd6433	or	x8,x26,x11	 x26:0x000000db x11:0x80041024  x8=0x9f9490ac
     438385.000 ns	     43837	800090b4	a0e014d3	flt.s	x9,f0,f14	  f0:0x80040fe4 f14:0x7fc00000  x9=0x00000000
     438415.000 ns	     43840	800090b8	c0167ad3	fcvt.wu.s	x21,f12	 f12:0x00000000 x21=0x00000000
     438435.000 ns	     43842	800090bc	00b178b3	and	x17,x2,x11	  x2:0xf9972418 x11:0x80041024 x17=0x80040000
     438445.000 ns	     43843	800090c0	00000013	addi	x0,x0,0	  x0:0x00000000
     438465.000 ns	     43845	800090c4	c0117fd3	fcvt.wu.s	x31,f2	  f2:0x3f7fffae x31=0x00000000
     438495.000 ns	     43848	800090c8	f0000ad3	fmv.w.x	f21,x0	  x0:0x00000000 f21=0x00000000
     438515.000 ns	     43850	800090cc	45e9bb13	sltiu	x22,x19,1118	 x19:0x00000040 x22=0x00000001
     438545.000 ns	     43853	800090d0	11d9b7d3	fmul.s	f15,f19,f29	 f19:0x80000001 f29:0x7fc00000 f15=0x7fc00000
     438915.000 ns	     43890	800090d4	02e6c0b3	div	x1,x13,x14	 x13:0x00000040 x14:0x00000001  x1=0x00000040
     439285.000 ns	     43927	800090d8	0280d233	divu	x4,x1,x8	  x1:0x00000001  x8:0x9f9490ac  x4=0x00000000
     439305.000 ns	     43929	800090dc	01c66333	or	x6,x12,x28	 x12:0x80000000 x28:0x80040fe4  x6=0x80040fe4
     439325.000 ns	     43931	800090e0	c01af1d3	fcvt.wu.s	x3,f21	 f21:0x00000000  x3=0x00000000
     439345.000 ns	     43933	800090e4	01c3e433	or	x8,x7,x28	  x7:0x000000ff x28:0x80040fe4  x8=0x80040fff
     439365.000 ns	     43935	800090e8	c015a953	fcvt.wu.s	x18,f11	 f11:0x4737675a x18=0x0000b768
     439395.000 ns	     43938	800090ec	d01f7853	fcvt.s.wu	f16,x30	 x30:0x00000000 f16=0x00000000
     439415.000 ns	     43940	800090f0	00f02233	slt	x4,x0,x15	  x0:0x00000000 x15:0x00000000  x4=0x00000000
     439435.000 ns	     43942	800090f4	039b87b3	mul	x15,x23,x25	 x23:0x00000200 x25:0x00000001 x15=0x00000200
     439455.000 ns	     43944	800090f8	35d74c93	xori	x25,x14,861	 x14:0x00000001 x25=0x0000035c
     439465.000 ns	     43945	800090fc	2a930c37	lui	x24,0x2a930	 x24=0x2a930000
     439475.000 ns	     43946	80009100	01920cb3	add	x25,x4,x25	  x4:0x00000000 x25:0x00000001 x25=0x0000035c
     439485.000 ns	     43947	80009104	0198aab3	slt	x21,x17,x25	 x17:0x80040000 x25:0x0000035c x21=0x00000001
     439505.000 ns	     43949	80009108	035423b3	mulhsu	x7,x8,x21	  x8:0x80040fff x21:0x00000000  x7=0xffffffff
     439525.000 ns	     43951	8000910c	001416b3	sll	x13,x8,x1	  x8:0x80040fff  x1:0x00000040 x13=0x80040fff
     439535.000 ns	     43952	80009110	41a65313	srai	x6,x12,0x1a	 x12:0x80000000  x6=0xffffffe0
     439555.000 ns	     43954	80009114	21d18053	fsgnj.s	f0,f3,f29	  f3:0x1f350483 f29:0x7fc00000  f0=0x1f350483
     439585.000 ns	     43957	80009118	f00b0dd3	fmv.w.x	f27,x22	 x22:0x00000001 f27=0x00000001
     439605.000 ns	     43959	8000911c	0109b833	sltu	x16,x19,x16	 x19:0x00000040 x16:0x7fc00000 x16=0x00000001
     439635.000 ns	     43962	80009120	100871d3	fmul.s	f3,f16,f0	 f16:0x00000000  f0:0x1f350483  f3=0x00000000
     439655.000 ns	     43964	80009124	01259f13	slli	x30,x11,0x12	 x11:0x80041024 x30=0x40900000
     439665.000 ns	     43965	80009128	01783233	sltu	x4,x16,x23	 x16:0x00000001 x23:0x00000200  x4=0x00000001
     439685.000 ns	     43967	8000912c	a1f90b53	fle.s	x22,f18,f31	 f18:0x80000001 f31:0x1f350483 x22=0x00000001
     439735.000 ns	     43972	80009130	098270d3	fsub.s	f1,f4,f24	  f4:0x4f000000 f24:0x00000000  f1=0x4f000000
     439755.000 ns	     43974	80009134	e3e38ab7	lui	x21,0xe3e38	 x21=0xe3e38000
     439775.000 ns	     43976	80009138	29e89953	fmax.s	f18,f17,f30	 f17:0x3f7fffae f30:0x7fc00000 f18=0x3f7fffae
     439805.000 ns	     43979	8000913c	c0038dd3	fcvt.w.s	x27,f7	  f7:0x3f800000 x27=0x00000001
     439825.000 ns	     43981	80009140	01a21833	sll	x16,x4,x26	  x4:0x00000001 x26:0x9f9490ac x16=0x00001000
     440185.000 ns	     44017	80009144	034163b3	rem	x7,x2,x20	  x2:0xf9972418 x20:0x27988000  x7=0xf9972418
     440215.000 ns	     44020	80009148	e00506d3	fmv.x.w	x13,f10	 f10:0x00000000 x13=0x00000000
     440245.000 ns	     44023	8000914c	03568833	mul	x16,x13,x21	 x13:0x80040fff x21:0xe3e38000 x16=0x00000000
     440615.000 ns	     44060	80009150	035472b3	remu	x5,x8,x21	  x8:0x80040fff x21:0xe3e38000  x5=0x80040fff
     440635.000 ns	     44062	80009154	00909693	slli	x13,x1,0x9	  x1:0x00000040 x13=0x00008000
     440655.000 ns	     44064	80009158	a0cd2ed3	feq.s	x29,f26,f12	 f26:0x7fc00000 f12:0x00000000 x29=0x00000000
     440685.000 ns	     44067	8000915c	f00787d3	fmv.w.x	f15,x15	 x15:0x00000200 f15=0x00000200
     440715.000 ns	     44070	80009160	d01d7053	fcvt.s.wu	f0,x26	 x26:0x9f9490ac  f0=0x4f1f9490
     440735.000 ns	     44072	80009164	686cec93	ori	x25,x25,1670	 x25:0x0000035c x25=0x000007de
     440755.000 ns	     44074	80009168	2144a6d3	fsgnjx.s	f13,f9,f20	  f9:0x44000000 f20:0x80040fe4 f13=0xc4000000
     440785.000 ns	     44077	8000916c	a1b08fd3	fle.s	x31,f1,f27	  f1:0x4f000000 f27:0x00000001 x31=0x00000000
     440805.000 ns	     44079	80009170	1c3ffc13	andi	x24,x31,451	 x31:0x00000000 x24=0x00000000
     440835.000 ns	     44082	80009174	18c27753	fdiv.s	f14,f4,f12	  f4:0x4f000000 f12:0x00000000 f14=0x7f800000
     440865.000 ns	     44085	80009178	023dd433	divu	x8,x27,x3	 x27:0x00000001  x3:0x00000000  x8=0xffffffff
     440895.000 ns	     44088	8000917c	020c2033	mulhsu	x0,x24,x0	 x24:0x00000000  x0:0x00000000
     440915.000 ns	     44090	80009180	0d6778b7	lui	x17,0xd677	 x17=0x0d677000
     440935.000 ns	     44092	80009184	217b2fd3	fsgnjx.s	f31,f22,f23	 f22:0x80040fe4 f23:0x00000000 f31=0x80040fe4
     440955.000 ns	     44094	80009188	4064db93	srai	x23,x9,0x6	  x9:0x00000000 x23=0x00000000
     440975.000 ns	     44096	8000918c	e00f90d3	fclass.s	x1,f31	 f31:0x80040fe4  x1=0x00000004
     441005.000 ns	     44099	80009190	d004bf53	fcvt.s.w	f30,x9	  x9:0x00000000 f30=0x00000000
     441025.000 ns	     44101	80009194	fcefc093	xori	x1,x31,-50	 x31:0x00000000  x1=0xffffffce
     441035.000 ns	     44102	80009198	46d8f413	andi	x8,x17,1133	 x17:0x0d677000  x8=0x00000000
     441055.000 ns	     44104	8000919c	036689b3	mul	x19,x13,x22	 x13:0x00008000 x22:0x00000001 x19=0x00008000
     441075.000 ns	     44106	800091a0	4059d9b3	sra	x19,x19,x5	 x19:0x00000040  x5:0x80040fff x19=0x00000000
     441085.000 ns	     44107	800091a4	00989613	slli	x12,x17,0x9	 x17:0x0d677000 x12=0xcee00000
     441105.000 ns	     44109	800091a8	d013f0d3	fcvt.s.wu	f1,x7	  x7:0xf9972418  f1=0x4f799724
     441475.000 ns	     44146	800091ac	0274c233	div	x4,x9,x7	  x9:0x00000000  x7:0xf9972418  x4=0x00000000
     441495.000 ns	     44148	800091b0	f6a9f6b7	lui	x13,0xf6a9f	 x13=0xf6a9f000
     441505.000 ns	     44149	800091b4	01deb033	sltu	x0,x29,x29	 x29:0x00000000 x29:0x00000000
     441515.000 ns	     44150	800091b8	1d5b4313	xori	x6,x22,469	 x22:0x00000001  x6=0x000001d4
     441525.000 ns	     44151	800091bc	093ca713	slti	x14,x25,147	 x25:0x000007de x14=0x00000000
     441545.000 ns	     44153	800091c0	c0027b53	fcvt.w.s	x22,f4	  f4:0x4f000000 x22=0x7fffffff
     441565.000 ns	     44155	800091c4	01725413	srli	x8,x4,0x17	  x4:0x00000000  x8=0x00000000
     441575.000 ns	     44156	800091c8	b6beb293	sltiu	x5,x29,-1173	 x29:0x00000000  x5=0x00000001
     441585.000 ns	     44157	800091cc	01fdd893	srli	x17,x27,0x1f	 x27:0x00000001 x17=0x00000000
     441595.000 ns	     44158	800091d0	41d2deb3	sra	x29,x5,x29	  x5:0x80040fff x29:0x00000000 x29=0x00000001
     441625.000 ns	     44161	800091d4	1145ca53	fmul.s	f20,f11,f20	 f11:0x4737675a f20:0x80040fe4 f20=0x85ba3ff4
     441645.000 ns	     44163	800091d8	0041db13	srli	x22,x3,0x4	  x3:0x00000000 x22=0x00000000
     441655.000 ns	     44164	800091dc	01a25493	srli	x9,x4,0x1a	  x4:0x00000000  x9=0x00000000
     441685.000 ns	     44167	800091e0	10f57853	fmul.s	f16,f10,f15	 f10:0x00000000 f15:0x00000200 f16=0x00000000
     441715.000 ns	     44170	800091e4	e00b02d3	fmv.x.w	x5,f22	 f22:0x80040fe4  x5=0x80040fe4
     441735.000 ns	     44172	800091e8	0171d293	srli	x5,x3,0x17	  x3:0x00000000  x5=0x00000000
     441745.000 ns	     44173	800091ec	017c8b33	add	x22,x25,x23	 x25:0x000007de x23:0x00000000 x22=0x000007de
     441765.000 ns	     44175	800091f0	02364fb3	div	x31,x12,x3	 x12:0xcee00000  x3:0x00000000 x31=0xffffffff
     441815.000 ns	     44180	800091f4	09ae39d3	fsub.s	f19,f28,f26	 f28:0x00000000 f26:0x7fc00000 f19=0x7fc00000
     441835.000 ns	     44182	800091f8	00799f13	slli	x30,x19,0x7	 x19:0x00000000 x30=0x00000000
     441855.000 ns	     44184	800091fc	025adc33	divu	x24,x21,x5	 x21:0xe3e38000  x5:0x00000000 x24=0xffffffff
     442225.000 ns	     44221	80009200	02f76a33	rem	x20,x14,x15	 x14:0x00000000 x15:0x00000200 x20=0x00000000
     442255.000 ns	     44224	80009204	02ee7bb3	remu	x23,x28,x14	 x28:0x80040fe4 x14:0x00000000 x23=0x80040fe4
     442285.000 ns	     44227	80009208	217a9753	fsgnjn.s	f14,f21,f23	 f21:0x00000000 f23:0x00000000 f14=0x80000000
     442315.000 ns	     44230	8000920c	0251a833	mulhsu	x16,x3,x5	  x3:0x00000000  x5:0x00000000 x16=0x00000000
     442685.000 ns	     44267	80009210	03b5f933	remu	x18,x11,x27	 x11:0x80041024 x27:0x00000001 x18=0x00000000
     442715.000 ns	     44270	80009214	207684d3	fsgnj.s	f9,f13,f7	 f13:0xc4000000  f7:0x3f800000  f9=0x44000000
     442735.000 ns	     44272	80009218	0043d013	srli	x0,x7,0x4	  x7:0xf9972418
     442755.000 ns	     44274	8000921c	20501bd3	fsgnjn.s	f23,f0,f5	  f0:0x4f1f9490  f5:0xcef42fb5 f23=0x4f1f9490
     442785.000 ns	     44277	80009220	0325ed33	rem	x26,x11,x18	 x11:0x80041024 x18:0x00000000 x26=0x80041024
     442815.000 ns	     44280	80009224	03222733	mulhsu	x14,x4,x18	  x4:0x00000000 x18:0x00000000 x14=0x00000000
     442835.000 ns	     44282	80009228	b0d64e93	xori	x29,x12,-1267	 x12:0xcee00000 x29=0x311ffb0d
     442855.000 ns	     44284	8000922c	a1d413d3	flt.s	x7,f8,f29	  f8:0xbf7fffae f29:0x7fc00000  x7=0x00000000
     442885.000 ns	     44287	80009230	03321533	mulh	x10,x4,x19	  x4:0x00000000 x19:0x00000000 x10=0x00000000
     442905.000 ns	     44289	80009234	01369693	slli	x13,x13,0x13	 x13:0xf6a9f000 x13=0x80000000
     442915.000 ns	     44290	80009238	001a1f33	sll	x30,x20,x1	 x20:0x00000000  x1:0xffffffce x30=0x00000000
     442935.000 ns	     44292	8000923c	d0021653	fcvt.s.w	f12,x4	  x4:0x00000000 f12=0x00000000
     442965.000 ns	     44295	80009240	03399733	mulh	x14,x19,x19	 x19:0x00000000 x19:0x00000000 x14=0x00000000
     442985.000 ns	     44297	80009244	01cc3ab3	sltu	x21,x24,x28	 x24:0xffffffff x28:0x80040fe4 x21=0x00000000
     442995.000 ns	     44298	80009248	4151d0b3	sra	x1,x3,x21	  x3:0x00000000 x21:0xe3e38000  x1=0x00000000
     443015.000 ns	     44300	8000924c	a09191d3	flt.s	x3,f3,f9	  f3:0x00000000  f9:0x44000000  x3=0x00000001
     443045.000 ns	     44303	80009250	e0069fd3	fclass.s	x31,f13	 f13:0xc4000000 x31=0x00000002
     443065.000 ns	     44305	80009254	33d29b97	auipc	x23,0x33d29	 x23=0xb3d32254
     443075.000 ns	     44306	80009258	00191a13	slli	x20,x18,0x1	 x18:0x00000000 x20=0x00000000
     443435.000 ns	     44342	8000925c	03744033	div	x0,x8,x23	  x8:0x00000000 x23:0x80040fe4
     443455.000 ns	     44344	80009260	41be5cb3	sra	x25,x28,x27	 x28:0x80040fe4 x27:0x00000001 x25=0xc00207f2
     443475.000 ns	     44346	80009264	a1188853	fle.s	x16,f17,f17	 f17:0x3f7fffae f17:0x3f7fffae x16=0x00000001
     443495.000 ns	     44348	80009268	014ee2b3	or	x5,x29,x20	 x29:0x311ffb0d x20:0x00000000  x5=0x311ffb0d
     443505.000 ns	     44349	8000926c	db9d0817	auipc	x16,0xdb9d0	 x16=0x5b9d926c
     443515.000 ns	     44350	80009270	0802ed37	lui	x26,0x802e	 x26=0x0802e000
     443535.000 ns	     44352	80009274	03608233	mul	x4,x1,x22	  x1:0x00000000 x22:0x000007de  x4=0x00000000
     443555.000 ns	     44354	80009278	00000013	addi	x0,x0,0	  x0:0x00000000
     443575.000 ns	     44356	8000927c	c01e0553	fcvt.wu.s	x10,f28	 f28:0x00000000 x10=0x00000000
     443595.000 ns	     44358	80009280	017461b3	or	x3,x8,x23	  x8:0x00000000 x23:0xb3d32254  x3=0xb3d32254
     443615.000 ns	     44360	80009284	0211feb3	remu	x29,x3,x1	  x3:0x00000001  x1:0x00000000 x29=0xb3d32254
     443635.000 ns	     44362	80009288	996def13	ori	x30,x27,-1642	 x27:0x00000001 x30=0xfffff997
     443645.000 ns	     44363	8000928c	01559933	sll	x18,x11,x21	 x11:0x80041024 x21:0x00000000 x18=0x80041024
     443655.000 ns	     44364	80009290	ce316093	ori	x1,x2,-797	  x2:0xf9972418  x1=0xfffffcfb
     443665.000 ns	     44365	80009294	0105a833	slt	x16,x11,x16	 x11:0x80041024 x16:0x5b9d926c x16=0x00000001
     443685.000 ns	     44367	80009298	28538cd3	fmin.s	f25,f7,f5	  f7:0x3f800000  f5:0xcef42fb5 f25=0xcef42fb5
     443705.000 ns	     44369	8000929c	00000013	addi	x0,x0,0	  x0:0x00000000
     443725.000 ns	     44371	800092a0	a0fe96d3	flt.s	x13,f29,f15	 f29:0x7fc00000 f15:0x00000200 x13=0x00000000
     443755.000 ns	     44374	800092a4	c00523d3	fcvt.w.s	x7,f10	 f10:0x00000000  x7=0x00000000
     443785.000 ns	     44377	800092a8	03953233	mulhu	x4,x10,x25	 x10:0x00000000 x25:0xc00207f2  x4=0x00000000
     443815.000 ns	     44380	800092ac	a0d82ed3	feq.s	x29,f16,f13	 f16:0x00000000 f13:0xc4000000 x29=0x00000000
     443835.000 ns	     44382	800092b0	0085af33	slt	x30,x11,x8	 x11:0x80041024  x8:0x00000000 x30=0x00000001
     443855.000 ns	     44384	800092b4	02094433	div	x8,x18,x0	 x18:0x80041024  x0:0x00000000  x8=0xffffffff
     443875.000 ns	     44386	800092b8	9bebbc13	sltiu	x24,x23,-1602	 x23:0xb3d32254 x24=0x00000001
     443885.000 ns	     44387	800092bc	9d73b793	sltiu	x15,x7,-1577	  x7:0x00000000 x15=0x00000001
     443895.000 ns	     44388	800092c0	de898837	lui	x16,0xde898	 x16=0xde898000
     443925.000 ns	     44391	800092c4	1961ff53	fdiv.s	f30,f3,f22	  f3:0x00000000 f22:0x80040fe4 f30=0x80000000
     443945.000 ns	     44393	800092c8	40c60d33	sub	x26,x12,x12	 x12:0xcee00000 x12:0xcee00000 x26=0x00000000
     444305.000 ns	     44429	800092cc	025ef9b3	remu	x19,x29,x5	 x29:0x00000000  x5:0x311ffb0d x19=0x00000000
     444335.000 ns	     44432	800092d0	a01a9953	flt.s	x18,f21,f1	 f21:0x00000000  f1:0x4f799724 x18=0x00000001
     445515.000 ns	     44550	800092d4	580594d3	fsqrt.s	f9,f11	 f11:0x4737675a  f9=0x4301af86
     445545.000 ns	     44553	800092d8	d00fc7d3	fcvt.s.w	f15,x31	 x31:0x00000002 f15=0x40000000
     445565.000 ns	     44555	800092dc	404dd613	srai	x12,x27,0x4	 x27:0x00000001 x12=0x00000000
     445575.000 ns	     44556	800092e0	8157a693	slti	x13,x15,-2027	 x15:0x00000001 x13=0x00000000
     445585.000 ns	     44557	800092e4	00000013	addi	x0,x0,0	  x0:0x00000000
     445605.000 ns	     44559	800092e8	299498d3	fmax.s	f17,f9,f25	  f9:0x4301af86 f25:0xcef42fb5 f17=0x4301af86
     445625.000 ns	     44561	800092ec	012839b3	sltu	x19,x16,x18	 x16:0xde898000 x18:0x00000001 x19=0x00000000
     445645.000 ns	     44563	800092f0	a082a653	feq.s	x12,f5,f8	  f5:0xcef42fb5  f8:0xbf7fffae x12=0x00000000
     445665.000 ns	     44565	800092f4	00050633	add	x12,x10,x0	 x10:0x00000000  x0:0x00000000 x12=0x00000000
     445685.000 ns	     44567	800092f8	0323b6b3	mulhu	x13,x7,x18	  x7:0x00000000 x18:0x00000001 x13=0x00000000
     445715.000 ns	     44570	800092fc	d010fc53	fcvt.s.wu	f24,x1	  x1:0xfffffcfb f24=0x4f7ffffc
     445735.000 ns	     44572	80009300	01b577b3	and	x15,x10,x27	 x10:0x00000000 x27:0x00000001 x15=0x00000000
     445745.000 ns	     44573	80009304	00b3ea33	or	x20,x7,x11	  x7:0x00000000 x11:0x80041024 x20=0x80041024
     445765.000 ns	     44575	80009308	a02914d3	flt.s	x9,f18,f2	 f18:0x3f7fffae  f2:0x3f7fffae  x9=0x00000000
     445785.000 ns	     44577	8000930c	4096df93	srai	x31,x13,0x9	 x13:0x00000000 x31=0x00000000
     445805.000 ns	     44579	80009310	02219cb3	mulh	x25,x3,x2	  x3:0xb3d32254  x2:0xf9972418 x25=0x01e840db
     446985.000 ns	     44697	80009314	580372d3	fsqrt.s	f5,f6	  f6:0x1f350483  f5=0x2effff26
     447355.000 ns	     44734	80009318	03e64eb3	div	x29,x12,x30	 x12:0x00000000 x30:0x00000001 x29=0x00000000
     447375.000 ns	     44736	8000931c	014398b3	sll	x17,x7,x20	  x7:0x00000000 x20:0x80041024 x17=0x00000000
     447385.000 ns	     44737	80009320	4043d713	srai	x14,x7,0x4	  x7:0x00000000 x14=0x00000000
     447395.000 ns	     44738	80009324	001fc1b3	xor	x3,x31,x1	 x31:0x00000000  x1:0xfffffcfb  x3=0xfffffcfb
     447755.000 ns	     44774	80009328	03e2cc33	div	x24,x5,x30	  x5:0x311ffb0d x30:0x00000001 x24=0x311ffb0d
     447785.000 ns	     44777	8000932c	21368353	fsgnj.s	f6,f13,f19	 f13:0xc4000000 f19:0x7fc00000  f6=0x44000000
     447815.000 ns	     44780	80009330	a05ba6d3	feq.s	x13,f23,f5	 f23:0x4f1f9490  f5:0x2effff26 x13=0x00000000
     447845.000 ns	     44783	80009334	0315d333	divu	x6,x11,x17	 x11:0x80041024 x17:0x00000000  x6=0xffffffff
     448185.000 ns	     44817	80009338	1852cc53	fdiv.s	f24,f5,f5	  f5:0x2effff26  f5:0x2effff26 f24=0x3fb4b419
     448205.000 ns	     44819	8000933c	0160c533	xor	x10,x1,x22	  x1:0xfffffcfb x22:0x000007de x10=0xfffffb25
     448225.000 ns	     44821	80009340	02eadd33	divu	x26,x21,x14	 x21:0x00000000 x14:0x00000000 x26=0xffffffff
     448245.000 ns	     44823	80009344	01d5d793	srli	x15,x11,0x1d	 x11:0x80041024 x15=0x00000004
     448255.000 ns	     44824	80009348	feefac13	slti	x24,x31,-18	 x31:0x00000000 x24=0x00000000
     448275.000 ns	     44826	8000934c	20cb1cd3	fsgnjn.s	f25,f22,f12	 f22:0x80040fe4 f12:0x00000000 f25=0x80040fe4
     448305.000 ns	     44829	80009350	02293533	mulhu	x10,x18,x2	 x18:0x00000001  x2:0xf9972418 x10=0x00000000
     448325.000 ns	     44831	80009354	00ce4f33	xor	x30,x28,x12	 x28:0x80040fe4 x12:0x00000000 x30=0x80040fe4
     448345.000 ns	     44833	80009358	03b61533	mulh	x10,x12,x27	 x12:0x00000000 x27:0x00000001 x10=0x00000000
     448375.000 ns	     44836	8000935c	031412b3	mulh	x5,x8,x17	  x8:0xffffffff x17:0x00000000  x5=0x00000000
     448395.000 ns	     44838	80009360	00fc17b3	sll	x15,x24,x15	 x24:0x00000000 x15:0x00000004 x15=0x00000000
     448755.000 ns	     44874	80009364	028dc1b3	div	x3,x27,x8	 x27:0x00000001  x8:0xffffffff  x3=0xffffffff
     448775.000 ns	     44876	80009368	d2309497	auipc	x9,0xd2309	  x9=0x52312368
     448785.000 ns	     44877	8000936c	005b7bb3	and	x23,x22,x5	 x22:0x000007de  x5:0x00000000 x23=0x00000000
     448815.000 ns	     44880	80009370	10977753	fmul.s	f14,f14,f9	 f14:0x80000000  f9:0x4301af86 f14=0x80000000
     448835.000 ns	     44882	80009374	00f5f933	and	x18,x11,x15	 x11:0x80041024 x15:0x00000000 x18=0x00000000
     448845.000 ns	     44883	80009378	012c11b3	sll	x3,x24,x18	 x24:0x00000000 x18:0x00000001  x3=0x00000000
     448865.000 ns	     44885	8000937c	a1ad8453	fle.s	x8,f27,f26	 f27:0x00000001 f26:0x7fc00000  x8=0x00000000
     449235.000 ns	     44922	80009380	03efc633	div	x12,x31,x30	 x31:0x00000000 x30:0x80040fe4 x12=0x00000000
     449255.000 ns	     44924	80009384	2d3c8c93	addi	x25,x25,723	 x25:0x01e840db x25=0x01e843ae
     449275.000 ns	     44926	80009388	020f2d33	mulhsu	x26,x30,x0	 x30:0x80040fe4  x0:0x00000000 x26=0x00000000
     449295.000 ns	     44928	8000938c	00000013	addi	x0,x0,0	  x0:0x00000000
     449335.000 ns	     44932	80009390	088d02d3	fsub.s	f5,f26,f8	 f26:0x7fc00000  f8:0xbf7fffae  f5=0x7fc00000
     449355.000 ns	     44934	80009394	8beb4193	xori	x3,x22,-1858	 x22:0x000007de  x3=0xffffff60
     449365.000 ns	     44935	80009398	01edb4b3	sltu	x9,x27,x30	 x27:0x00000001 x30:0x80040fe4  x9=0x00000001
     449375.000 ns	     44936	8000939c	4865a293	slti	x5,x11,1158	 x11:0x80041024  x5=0x00000001
     449385.000 ns	     44937	800093a0	41770bb3	sub	x23,x14,x23	 x14:0x00000000 x23:0x00000000 x23=0x00000000
     449405.000 ns	     44939	800093a4	21e01f53	fsgnjn.s	f30,f0,f30	  f0:0x4f1f9490 f30:0x80000000 f30=0x4f1f9490
     449425.000 ns	     44941	800093a8	fa23f693	andi	x13,x7,-94	  x7:0x00000000 x13=0x00000000
     449445.000 ns	     44943	800093ac	03458633	mul	x12,x11,x20	 x11:0x80041024 x20:0x80041024 x12=0x82248510
     449465.000 ns	     44945	800093b0	3ba03313	sltiu	x6,x0,954	  x0:0x00000000  x6=0x00000001
     449485.000 ns	     44947	800093b4	03929933	mulh	x18,x5,x25	  x5:0x00000001 x25:0x01e843ae x18=0x00000000
     449515.000 ns	     44950	800093b8	d00b0953	fcvt.s.w	f18,x22	 x22:0x000007de f18=0x44fbc000
     449535.000 ns	     44952	800093bc	01c950b3	srl	x1,x18,x28	 x18:0x00000000 x28:0x80040fe4  x1=0x00000000
     449545.000 ns	     44953	800093c0	01315713	srli	x14,x2,0x13	  x2:0xf9972418 x14=0x00001f32
     449565.000 ns	     44955	800093c4	e0058f53	fmv.x.w	x30,f11	 f11:0x4737675a x30=0x4737675a
     449595.000 ns	     44958	800093c8	286c94d3	fmax.s	f9,f25,f6	 f25:0x80040fe4  f6:0x44000000  f9=0x44000000
     449625.000 ns	     44961	800093cc	f00587d3	fmv.w.x	f15,x11	 x11:0x80041024 f15=0x80041024
     449645.000 ns	     44963	800093d0	016b0cb3	add	x25,x22,x22	 x22:0x000007de x22:0x000007de x25=0x00000fbc
     449685.000 ns	     44967	800093d4	09e2ccd3	fsub.s	f25,f5,f30	  f5:0x7fc00000 f30:0x4f1f9490 f25=0x7fc00000
     449705.000 ns	     44969	800093d8	f9f8bf13	sltiu	x30,x17,-97	 x17:0x00000000 x30=0x00000001
     449725.000 ns	     44971	800093dc	02485d33	divu	x26,x16,x4	 x16:0xde898000  x4:0x00000000 x26=0xffffffff
     449745.000 ns	     44973	800093e0	00efa2b3	slt	x5,x31,x14	 x31:0x00000000 x14:0x00001f32  x5=0x00000001
     449765.000 ns	     44975	800093e4	e00b88d3	fmv.x.w	x17,f23	 f23:0x4f1f9490 x17=0x4f1f9490
     449795.000 ns	     44978	800093e8	02a46833	rem	x16,x8,x10	  x8:0x00000000 x10:0x00000000 x16=0x00000000
     449825.000 ns	     44981	800093ec	c00f79d3	fcvt.w.s	x19,f30	 f30:0x4f1f9490 x19=0x7fffffff
     449855.000 ns	     44984	800093f0	a0fba553	feq.s	x10,f23,f15	 f23:0x4f1f9490 f15:0x80041024 x10=0x00000000
     449885.000 ns	     44987	800093f4	a1f206d3	fle.s	x13,f4,f31	  f4:0x4f000000 f31:0x80040fe4 x13=0x00000000
     449915.000 ns	     44990	800093f8	038a22b3	mulhsu	x5,x20,x24	 x20:0x80041024 x24:0x00000000  x5=0x00000000
     449935.000 ns	     44992	800093fc	a484da17	auipc	x20,0xa484d	 x20=0x248563fc
     449955.000 ns	     44994	80009400	021392b3	mulh	x5,x7,x1	  x7:0x00000000  x1:0x00000000  x5=0x00000000
     449985.000 ns	     44997	80009404	e00d96d3	fclass.s	x13,f27	 f27:0x00000001 x13=0x00000020
     450005.000 ns	     44999	80009408	01092533	slt	x10,x18,x16	 x18:0x00000000 x16:0x00000000 x10=0x00000000
     450025.000 ns	     45001	8000940c	200294d3	fsgnjn.s	f9,f5,f0	  f5:0x7fc00000  f0:0x4f1f9490  f9=0xffc00000
     450055.000 ns	     45004	80009410	021198b3	mulh	x17,x3,x1	  x3:0xffffff60  x1:0x00000000 x17=0x00000000
     450105.000 ns	     45009	80009414	00fa08d3	fadd.s	f17,f20,f15	 f20:0x85ba3ff4 f15:0x80041024 f17=0x85ba4076
     450475.000 ns	     45046	80009418	03acf033	remu	x0,x25,x26	 x25:0x00000fbc x26:0xffffffff
     450505.000 ns	     45049	8000941c	d0003353	fcvt.s.w	f6,x0	  x0:0x00000000  f6=0x00000000
     450525.000 ns	     45051	80009420	00000013	addi	x0,x0,0	  x0:0x00000000
     450535.000 ns	     45052	80009424	0027d513	srli	x10,x15,0x2	 x15:0x00000000 x10=0x00000000
     450545.000 ns	     45053	80009428	01395993	srli	x19,x18,0x13	 x18:0x00000000 x19=0x00000000
     450555.000 ns	     45054	8000942c	2bcc7193	andi	x3,x24,700	 x24:0x00000000  x3=0x00000000
     450565.000 ns	     45055	80009430	003a5333	srl	x6,x20,x3	 x20:0x248563fc  x3:0xffffff60  x6=0x248563fc
     450585.000 ns	     45057	80009434	21331f53	fsgnjn.s	f30,f6,f19	  f6:0x00000000 f19:0x7fc00000 f30=0x80000000
     450615.000 ns	     45060	80009438	036518b3	mulh	x17,x10,x22	 x10:0x00000000 x22:0x000007de x17=0x00000000
     450635.000 ns	     45062	8000943c	40045a93	srai	x21,x8,0x0	  x8:0x00000000 x21=0x00000000
     450655.000 ns	     45064	80009440	03eba333	mulhsu	x6,x23,x30	 x23:0x00000000 x30:0x00000001  x6=0x00000000
     450685.000 ns	     45067	80009444	c01922d3	fcvt.wu.s	x5,f18	 f18:0x44fbc000  x5=0x000007de
     450715.000 ns	     45070	80009448	c01b47d3	fcvt.wu.s	x15,f22	 f22:0x80040fe4 x15=0x00000000
     450745.000 ns	     45073	8000944c	a0250d53	fle.s	x26,f10,f2	 f10:0x00000000  f2:0x3f7fffae x26=0x00000001
     450785.000 ns	     45077	80009450	10b1f2d3	fmul.s	f5,f3,f11	  f3:0x00000000 f11:0x4737675a  f5=0x00000000
     450815.000 ns	     45080	80009454	024758b3	divu	x17,x14,x4	 x14:0x00001f32  x4:0x00000000 x17=0xffffffff
     450845.000 ns	     45083	80009458	d002f953	fcvt.s.w	f18,x5	  x5:0x000007de f18=0x44fbc000
     450875.000 ns	     45086	8000945c	035e94b3	mulh	x9,x29,x21	 x29:0x00000000 x21:0x00000000  x9=0x00000000
     450925.000 ns	     45091	80009460	0168b053	fadd.s	f0,f17,f22	 f17:0x85ba4076 f22:0x80040fe4  f0=0x85ba40f7
     450955.000 ns	     45094	80009464	d0082953	fcvt.s.w	f18,x16	 x16:0x00000000 f18=0x00000000
     450985.000 ns	     45097	80009468	02f34f33	div	x30,x6,x15	  x6:0x00000000 x15:0x00000000 x30=0xffffffff
     451035.000 ns	     45102	8000946c	08c47ed3	fsub.s	f29,f8,f12	  f8:0xbf7fffae f12:0x00000000 f29=0xbf7fffae
     451065.000 ns	     45105	80009470	21980ed3	fsgnj.s	f29,f16,f25	 f16:0x00000000 f25:0x7fc00000 f29=0x00000000
     451085.000 ns	     45107	80009474	bceeac93	slti	x25,x29,-1074	 x29:0x00000000 x25=0x00000000
     451095.000 ns	     45108	80009478	411686b3	sub	x13,x13,x17	 x13:0x00000020 x17:0xffffffff x13=0x00000021
     451105.000 ns	     45109	8000947c	00569a13	slli	x20,x13,0x5	 x13:0x00000020 x20=0x00000420
     451125.000 ns	     45111	80009480	c00538d3	fcvt.w.s	x17,f10	 f10:0x00000000 x17=0x00000000
     451155.000 ns	     45114	80009484	a02fa3d3	feq.s	x7,f31,f2	 f31:0x80040fe4  f2:0x3f7fffae  x7=0x00000000
     451175.000 ns	     45116	80009488	00811c33	sll	x24,x2,x8	  x2:0xf9972418  x8:0x00000000 x24=0xf9972418
     451205.000 ns	     45119	8000948c	11bdb153	fmul.s	f2,f27,f27	 f27:0x00000001 f27:0x00000001  f2=0x00000000
     451235.000 ns	     45122	80009490	a137a0d3	feq.s	x1,f15,f19	 f15:0x80041024 f19:0x7fc00000  x1=0x00000000
     451255.000 ns	     45124	80009494	01bc0333	add	x6,x24,x27	 x24:0xf9972418 x27:0x00000001  x6=0xf9972419
     451265.000 ns	     45125	80009498	01efdc33	srl	x24,x31,x30	 x31:0x00000000 x30:0xffffffff x24=0x00000000
     451285.000 ns	     45127	8000949c	a0e003d3	fle.s	x7,f0,f14	  f0:0x85ba40f7 f14:0x80000000  x7=0x00000001
     451315.000 ns	     45130	800094a0	c013fcd3	fcvt.wu.s	x25,f7	  f7:0x3f800000 x25=0x00000001
     451335.000 ns	     45132	800094a4	00129f93	slli	x31,x5,0x1	  x5:0x000007de x31=0x00000fbc
     451355.000 ns	     45134	800094a8	a06222d3	feq.s	x5,f4,f6	  f4:0x4f000000  f6:0x00000000  x5=0x00000000
     451375.000 ns	     45136	800094ac	de8d6493	ori	x9,x26,-536	 x26:0x00000001  x9=0xfffffde9
     451385.000 ns	     45137	800094b0	012af8b3	and	x17,x21,x18	 x21:0x00000000 x18:0x00000000 x17=0x00000000
     451405.000 ns	     45139	800094b4	e00a1c53	fclass.s	x24,f20	 f20:0x85ba3ff4 x24=0x00000002
     451425.000 ns	     45141	800094b8	002299b3	sll	x19,x5,x2	  x5:0x00000000  x2:0xf9972418 x19=0x00000000
     451435.000 ns	     45142	800094bc	e3fef797	auipc	x15,0xe3fef	 x15=0x63ff84bc
     451445.000 ns	     45143	800094c0	0191eeb3	or	x29,x3,x25	  x3:0x00000000 x25:0x00000001 x29=0x00000001
     451465.000 ns	     45145	800094c4	d0167953	fcvt.s.wu	f18,x12	 x12:0x82248510 f18=0x4f022485
     451495.000 ns	     45148	800094c8	21a38cd3	fsgnj.s	f25,f7,f26	  f7:0x3f800000 f26:0x7fc00000 f25=0x3f800000
     451515.000 ns	     45150	800094cc	406750b3	sra	x1,x14,x6	 x14:0x00001f32  x6:0xf9972419  x1=0x00000000
     451535.000 ns	     45152	800094d0	02220a33	mul	x20,x4,x2	  x4:0x00000000  x2:0xf9972418 x20=0x00000000
     451555.000 ns	     45154	800094d4	41d657b3	sra	x15,x12,x29	 x12:0x82248510 x29:0x00000001 x15=0xc1124288
     451565.000 ns	     45155	800094d8	01fd3cb3	sltu	x25,x26,x31	 x26:0x00000001 x31:0x00000fbc x25=0x00000001
     451585.000 ns	     45157	800094dc	033e76b3	remu	x13,x28,x19	 x28:0x80040fe4 x19:0x00000000 x13=0x80040fe4
     451615.000 ns	     45160	800094e0	e0071fd3	fclass.s	x31,f14	 f14:0x80000000 x31=0x00000008
     451645.000 ns	     45163	800094e4	e00487d3	fmv.x.w	x15,f9	  f9:0xffc00000 x15=0xffc00000
     451665.000 ns	     45165	800094e8	40b154b3	sra	x9,x2,x11	  x2:0xf9972418 x11:0x80041024  x9=0xff997241
     451675.000 ns	     45166	800094ec	1d988a37	lui	x20,0x1d988	 x20=0x1d988000
     451685.000 ns	     45167	800094f0	01566533	or	x10,x12,x21	 x12:0x82248510 x21:0x00000000 x10=0x82248510
     452855.000 ns	     45284	800094f4	580c2cd3	fsqrt.s	f25,f24	 f24:0x3fb4b419 f25=0x3f9815dd
     452875.000 ns	     45286	800094f8	00da6033	or	x0,x20,x13	 x20:0x1d988000 x13:0x80040fe4
     452895.000 ns	     45288	800094fc	0252bd33	mulhu	x26,x5,x5	  x5:0x00000000  x5:0x00000000 x26=0x00000000
     452925.000 ns	     45291	80009500	a06aabd3	feq.s	x23,f21,f6	 f21:0x00000000  f6:0x00000000 x23=0x00000001
     452945.000 ns	     45293	80009504	00bfd493	srli	x9,x31,0xb	 x31:0x00000008  x9=0x00000000
     452965.000 ns	     45295	80009508	e0098553	fmv.x.w	x10,f19	 f19:0x7fc00000 x10=0x7fc00000
     452985.000 ns	     45297	8000950c	005b9db3	sll	x27,x23,x5	 x23:0x00000001  x5:0x00000000 x27=0x00000001
     453005.000 ns	     45299	80009510	a19a09d3	fle.s	x19,f20,f25	 f20:0x85ba3ff4 f25:0x3f9815dd x19=0x00000001
     453035.000 ns	     45302	80009514	a0c62453	feq.s	x8,f12,f12	 f12:0x00000000 f12:0x00000000  x8=0x00000001
     453065.000 ns	     45305	80009518	e0000353	fmv.x.w	x6,f0	  f0:0x85ba40f7  x6=0x85ba40f7
     453085.000 ns	     45307	8000951c	01eabfb3	sltu	x31,x21,x30	 x21:0x00000000 x30:0xffffffff x31=0x00000001
     453105.000 ns	     45309	80009520	025c9633	mulh	x12,x25,x5	 x25:0x00000001  x5:0x00000000 x12=0x00000000
     453125.000 ns	     45311	80009524	00859c13	slli	x24,x11,0x8	 x11:0x80041024 x24=0x04102400
     453135.000 ns	     45312	80009528	0093c7b3	xor	x15,x7,x9	  x7:0x00000001  x9:0x00000000 x15=0x00000001
     453145.000 ns	     45313	8000952c	85b98f97	auipc	x31,0x85b98	 x31=0x05ba152c
     453155.000 ns	     45314	80009530	01f298b3	sll	x17,x5,x31	  x5:0x00000000 x31:0x00000001 x17=0x00000000
     453165.000 ns	     45315	80009534	41d00d33	sub	x26,x0,x29	  x0:0x00000000 x29:0x00000001 x26=0xffffffff
     453175.000 ns	     45316	80009538	9d327293	andi	x5,x4,-1581	  x4:0x00000000  x5=0x00000000
     453195.000 ns	     45318	8000953c	a0f609d3	fle.s	x19,f12,f15	 f12:0x00000000 f15:0x80041024 x19=0x00000000
     453215.000 ns	     45320	80009540	fd58b993	sltiu	x19,x17,-43	 x17:0x00000000 x19=0x00000001
     453225.000 ns	     45321	80009544	41cc8fb3	sub	x31,x25,x28	 x25:0x00000001 x28:0x80040fe4 x31=0x7ffbf01d
     453255.000 ns	     45324	80009548	11dcfed3	fmul.s	f29,f25,f29	 f25:0x3f9815dd f29:0x00000000 f29=0x00000000
     453275.000 ns	     45326	8000954c	00424f93	xori	x31,x4,4	  x4:0x00000000 x31=0x00000004
     453285.000 ns	     45327	80009550	00000013	addi	x0,x0,0	  x0:0x00000000
     453305.000 ns	     45329	80009554	a03096d3	flt.s	x13,f1,f3	  f1:0x4f799724  f3:0x00000000 x13=0x00000000
     453335.000 ns	     45332	80009558	c008c053	fcvt.w.s	x0,f17	 f17:0x85ba4076
     453355.000 ns	     45334	8000955c	609c0937	lui	x18,0x609c0	 x18=0x609c0000
     453365.000 ns	     45335	80009560	41e28db3	sub	x27,x5,x30	  x5:0x00000000 x30:0xffffffff x27=0x00000001
     453725.000 ns	     45371	80009564	03f268b3	rem	x17,x4,x31	  x4:0x00000000 x31:0x00000004 x17=0x00000000
     453775.000 ns	     45376	80009568	08554d53	fsub.s	f26,f10,f5	 f10:0x00000000  f5:0x00000000 f26=0x80000000
     453805.000 ns	     45379	8000956c	03cf1c33	mulh	x24,x30,x28	 x30:0xffffffff x28:0x80040fe4 x24=0x00000000
     453825.000 ns	     45381	80009570	d2c84217	auipc	x4,0xd2c84	  x4=0x52c8d570
     453845.000 ns	     45383	80009574	21861553	fsgnjn.s	f10,f12,f24	 f12:0x00000000 f24:0x3fb4b419 f10=0x80000000
     453875.000 ns	     45386	80009578	037800b3	mul	x1,x16,x23	 x16:0x00000000 x23:0x00000001  x1=0x00000000
     453895.000 ns	     45388	8000957c	930dc613	xori	x12,x27,-1744	 x27:0x00000001 x12=0xfffff931
     453915.000 ns	     45390	80009580	c0002c53	fcvt.w.s	x24,f0	  f0:0x85ba40f7 x24=0x00000000
     453945.000 ns	     45393	80009584	c0124953	fcvt.wu.s	x18,f4	  f4:0x4f000000 x18=0x80000000
     453975.000 ns	     45396	80009588	287c04d3	fmin.s	f9,f24,f7	 f24:0x3fb4b419  f7:0x3f800000  f9=0x3f800000
     454005.000 ns	     45399	8000958c	21921f53	fsgnjn.s	f30,f4,f25	  f4:0x4f000000 f25:0x3f9815dd f30=0xcf000000
     454025.000 ns	     45401	80009590	1b792bb7	lui	x23,0x1b792	 x23=0x1b792000
     454045.000 ns	     45403	80009594	294c1253	fmax.s	f4,f24,f20	 f24:0x3fb4b419 f20:0x85ba3ff4  f4=0x3fb4b419
     454065.000 ns	     45405	80009598	00d06233	or	x4,x0,x13	  x0:0x00000000 x13:0x00000000  x4=0x00000000
     454085.000 ns	     45407	8000959c	e0089ed3	fclass.s	x29,f17	 f17:0x85ba4076 x29=0x00000002
     454115.000 ns	     45410	800095a0	20fb89d3	fsgnj.s	f19,f23,f15	 f23:0x4f1f9490 f15:0x80041024 f19=0xcf1f9490
     454165.000 ns	     45415	800095a4	01621d53	fadd.s	f26,f4,f22	  f4:0x3fb4b419 f22:0x80040fe4 f26=0x3fb4b419
     454195.000 ns	     45418	800095a8	f00d0653	fmv.w.x	f12,x26	 x26:0xffffffff f12=0xffffffff
     454235.000 ns	     45422	800095ac	58050b53	fsqrt.s	f22,f10	 f10:0x80000000 f22=0x80000000
     454255.000 ns	     45424	800095b0	01a1e033	or	x0,x3,x26	  x3:0x00000000 x26:0xffffffff
     454265.000 ns	     45425	800095b4	00000013	addi	x0,x0,0	  x0:0x00000000
     454275.000 ns	     45426	800095b8	0055a6b3	slt	x13,x11,x5	 x11:0x80041024  x5:0x00000000 x13=0x00000001
     454285.000 ns	     45427	800095bc	469b76b7	lui	x13,0x469b7	 x13=0x469b7000
     454315.000 ns	     45430	800095c0	10f0fe53	fmul.s	f28,f1,f15	  f1:0x4f799724 f15:0x80041024 f28=0x8dfd8646
     454335.000 ns	     45432	800095c4	40475b33	sra	x22,x14,x4	 x14:0x00001f32  x4:0x00000000 x22=0x00001f32
     454365.000 ns	     45435	800095c8	182a0553	fdiv.s	f10,f20,f2	 f20:0x85ba3ff4  f2:0x00000000 f10=0xff800000
     454385.000 ns	     45437	800095cc	04da3217	auipc	x4,0x4da3	  x4=0x84dac5cc
     454395.000 ns	     45438	800095d0	0013ad33	slt	x26,x7,x1	  x7:0x00000001  x1:0x00000000 x26=0x00000000
     454425.000 ns	     45441	800095d4	58067653	fsqrt.s	f12,f12	 f12:0xffffffff f12=0x7fc00000
     454445.000 ns	     45443	800095d8	01acd693	srli	x13,x25,0x1a	 x25:0x00000001 x13=0x00000000
     454805.000 ns	     45479	800095dc	0326d1b3	divu	x3,x13,x18	 x13:0x469b7000 x18:0x80000000  x3=0x00000000
     454835.000 ns	     45482	800095e0	c0028dd3	fcvt.w.s	x27,f5	  f5:0x00000000 x27=0x00000000
     454855.000 ns	     45484	800095e4	400cdd93	srai	x27,x25,0x0	 x25:0x00000001 x27=0x00000001
     454875.000 ns	     45486	800095e8	023eb1b3	mulhu	x3,x29,x3	 x29:0x00000002  x3:0x00000000  x3=0x00000000
     454905.000 ns	     45489	800095ec	a070aed3	feq.s	x29,f1,f7	  f1:0x4f799724  f7:0x3f800000 x29=0x00000000
     454935.000 ns	     45492	800095f0	0252a3b3	mulhsu	x7,x5,x5	  x5:0x00000000  x5:0x00000000  x7=0x00000000
     454965.000 ns	     45495	800095f4	c0082753	fcvt.w.s	x14,f16	 f16:0x00000000 x14=0x00000000
     454985.000 ns	     45497	800095f8	7446ac93	slti	x25,x13,1860	 x13:0x00000000 x25=0x00000001
     455005.000 ns	     45499	800095fc	027934b3	mulhu	x9,x18,x7	 x18:0x80000000  x7:0x00000000  x9=0x00000000
     455025.000 ns	     45501	80009600	4199d813	srai	x16,x19,0x19	 x19:0x00000001 x16=0x00000000
     455045.000 ns	     45503	80009604	c0137653	fcvt.wu.s	x12,f6	  f6:0x00000000 x12=0x00000000
     455075.000 ns	     45506	80009608	280a1853	fmax.s	f16,f20,f0	 f20:0x85ba3ff4  f0:0x85ba40f7 f16=0x85ba3ff4
     455105.000 ns	     45509	8000960c	207b9bd3	fsgnjn.s	f23,f23,f7	 f23:0x4f1f9490  f7:0x3f800000 f23=0xcf1f9490
     455135.000 ns	     45512	80009610	219f2d53	fsgnjx.s	f26,f30,f25	 f30:0xcf000000 f25:0x3f9815dd f26=0xcf000000
     455155.000 ns	     45514	80009614	01a12eb3	slt	x29,x2,x26	  x2:0xf9972418 x26:0x00000000 x29=0x00000001
     455165.000 ns	     45515	80009618	01731e93	slli	x29,x6,0x17	  x6:0x85ba40f7 x29=0x7b800000
     455175.000 ns	     45516	8000961c	40915833	sra	x16,x2,x9	  x2:0xf9972418  x9:0x00000000 x16=0xf9972418
     455195.000 ns	     45518	80009620	d00ef753	fcvt.s.w	f14,x29	 x29:0x00000001 f14=0x4ef70000
     455225.000 ns	     45521	80009624	2023aad3	fsgnjx.s	f21,f7,f2	  f7:0x3f800000  f2:0x00000000 f21=0x3f800000
     455255.000 ns	     45524	80009628	02eb0a33	mul	x20,x22,x14	 x22:0x00001f32 x14:0x00000000 x20=0x00000000
     455275.000 ns	     45526	8000962c	41c85013	srai	x0,x16,0x1c	 x16:0xf9972418
     455305.000 ns	     45529	80009630	100b4dd3	fmul.s	f27,f22,f0	 f22:0x80000000  f0:0x85ba40f7 f27=0x00000000
     455335.000 ns	     45532	80009634	29b78253	fmin.s	f4,f15,f27	 f15:0x80041024 f27:0x00000001  f4=0x80041024
     455355.000 ns	     45534	80009638	40725693	srai	x13,x4,0x7	  x4:0x84dac5cc x13=0xff09b58b
     455365.000 ns	     45535	8000963c	00000013	addi	x0,x0,0	  x0:0x00000000
     455375.000 ns	     45536	80009640	013026b3	slt	x13,x0,x19	  x0:0x00000000 x19:0x00000001 x13=0x00000001
     455385.000 ns	     45537	80009644	1ad20693	addi	x13,x4,429	  x4:0x84dac5cc x13=0x84dac779
     455405.000 ns	     45539	80009648	a15521d3	feq.s	x3,f10,f21	 f10:0xff800000 f21:0x3f800000  x3=0x00000000
     455775.000 ns	     45576	8000964c	0289c733	div	x14,x19,x8	 x19:0x00000001  x8:0x00000001 x14=0x00000001
     455805.000 ns	     45579	80009650	f00f8953	fmv.w.x	f18,x31	 x31:0x00000004 f18=0x00000004
     455835.000 ns	     45582	80009654	03ce3433	mulhu	x8,x28,x28	 x28:0x80040fe4 x28:0x80040fe4  x8=0x40040ff4
     455885.000 ns	     45587	80009658	09d390d3	fsub.s	f1,f7,f29	  f7:0x3f800000 f29:0x00000000  f1=0x3f800000
     455915.000 ns	     45590	8000965c	e00c1dd3	fclass.s	x27,f24	 f24:0x3fb4b419 x27=0x00000040
     455945.000 ns	     45593	80009660	292798d3	fmax.s	f17,f15,f18	 f15:0x80041024 f18:0x00000004 f17=0x00000004
     455965.000 ns	     45595	80009664	000c9f33	sll	x30,x25,x0	 x25:0x00000001  x0:0x00000000 x30=0x00000001
     455975.000 ns	     45596	80009668	00fa1733	sll	x14,x20,x15	 x20:0x00000000 x15:0x00000001 x14=0x00000000
     455985.000 ns	     45597	8000966c	41a10233	sub	x4,x2,x26	  x2:0xf9972418 x26:0x00000000  x4=0xf9972418
     455995.000 ns	     45598	80009670	60777693	andi	x13,x14,1543	 x14:0x00000001 x13=0x00000000
     456005.000 ns	     45599	80009674	0079f033	and	x0,x19,x7	 x19:0x00000001  x7:0x00000000
     456365.000 ns	     45635	80009678	0391fc33	remu	x24,x3,x25	  x3:0x00000000 x25:0x00000001 x24=0x00000000
     456415.000 ns	     45640	8000967c	01a50e53	fadd.s	f28,f10,f26	 f10:0xff800000 f26:0xcf000000 f28=0xff800000
     456445.000 ns	     45643	80009680	a16d06d3	fle.s	x13,f26,f22	 f26:0xcf000000 f22:0x80000000 x13=0x00000001
     456485.000 ns	     45647	80009684	11e174d3	fmul.s	f9,f2,f30	  f2:0x00000000 f30:0xcf000000  f9=0x80000000
     456515.000 ns	     45650	80009688	034c0733	mul	x14,x24,x20	 x24:0x00000000 x20:0x00000000 x14=0x00000000
     456565.000 ns	     45655	8000968c	0894f9d3	fsub.s	f19,f9,f9	  f9:0x80000000  f9:0x80000000 f19=0x00000000
     456615.000 ns	     45660	80009690	01a47b53	fadd.s	f22,f8,f26	  f8:0xbf7fffae f26:0xcf000000 f22=0xcf000000
     456645.000 ns	     45663	80009694	a0f916d3	flt.s	x13,f18,f15	 f18:0x00000004 f15:0x80041024 x13=0x00000000
     457015.000 ns	     45700	80009698	03eb4333	div	x6,x22,x30	 x22:0x00001f32 x30:0x00000001  x6=0x00001f32
     457045.000 ns	     45703	8000969c	d0167f53	fcvt.s.wu	f30,x12	 x12:0x00000000 f30=0x00000000
     457095.000 ns	     45708	800096a0	09b90ed3	fsub.s	f29,f18,f27	 f18:0x00000004 f27:0x00000000 f29=0x00000004
     457125.000 ns	     45711	800096a4	c00a7653	fcvt.w.s	x12,f20	 f20:0x85ba3ff4 x12=0x00000000
     457145.000 ns	     45713	800096a8	0070d693	srli	x13,x1,0x7	  x1:0x00000000 x13=0x00000000
     457165.000 ns	     45715	800096ac	d01773d3	fcvt.s.wu	f7,x14	 x14:0x00000000  f7=0x00000000
     457185.000 ns	     45717	800096b0	261cfa13	andi	x20,x25,609	 x25:0x00000001 x20=0x00000001
     457205.000 ns	     45719	800096b4	e0029c53	fclass.s	x24,f5	  f5:0x00000000 x24=0x00000010
     457225.000 ns	     45721	800096b8	002eb1b3	sltu	x3,x29,x2	 x29:0x7b800000  x2:0xf9972418  x3=0x00000001
     457235.000 ns	     45722	800096bc	00211a93	slli	x21,x2,0x2	  x2:0xf9972418 x21=0xe65c9060
     457245.000 ns	     45723	800096c0	294c0d93	addi	x27,x24,660	 x24:0x00000010 x27=0x000002a4
     457255.000 ns	     45724	800096c4	00ee9d33	sll	x26,x29,x14	 x29:0x7b800000 x14:0x00000000 x26=0x7b800000
     457265.000 ns	     45725	800096c8	0029c4b3	xor	x9,x19,x2	 x19:0x00000001  x2:0xf9972418  x9=0xf9972419
     457275.000 ns	     45726	800096cc	00aceab3	or	x21,x25,x10	 x25:0x00000001 x10:0x7fc00000 x21=0x7fc00001
     457315.000 ns	     45730	800096d0	09317fd3	fsub.s	f31,f2,f19	  f2:0x00000000 f19:0x00000000 f31=0x80000000
     457655.000 ns	     45764	800096d4	19147dd3	fdiv.s	f27,f8,f17	  f8:0xbf7fffae f17:0x00000004 f27=0xfe34b47c
     457705.000 ns	     45769	800096d8	002ab4d3	fadd.s	f9,f21,f2	 f21:0x3f800000  f2:0x00000000  f9=0x3f800000
     457725.000 ns	     45771	800096dc	76b1b013	sltiu	x0,x3,1899	  x3:0x00000001
     457735.000 ns	     45772	800096e0	00f99213	slli	x4,x19,0xf	 x19:0x00000001  x4=0x00008000
     457745.000 ns	     45773	800096e4	0bafa413	slti	x8,x31,186	 x31:0x00000004  x8=0x00000001
     457755.000 ns	     45774	800096e8	a474fd13	andi	x26,x9,-1465	  x9:0xf9972419 x26=0xf9972001
     457765.000 ns	     45775	800096ec	c4a23a97	auipc	x21,0xc4a23	 x21=0x44a2c6ec
     457785.000 ns	     45777	800096f0	216a13d3	fsgnjn.s	f7,f20,f22	 f20:0x85ba3ff4 f22:0xcf000000  f7=0x05ba3ff4
     457805.000 ns	     45779	800096f4	843e3f93	sltiu	x31,x28,-1981	 x28:0x80040fe4 x31=0x00000001
     457825.000 ns	     45781	800096f8	29c516d3	fmax.s	f13,f10,f28	 f10:0xff800000 f28:0xff800000 f13=0xff800000
     457855.000 ns	     45784	800096fc	201c2b53	fsgnjx.s	f22,f24,f1	 f24:0x3fb4b419  f1:0x3f800000 f22=0x3fb4b419
     457885.000 ns	     45787	80009700	21ee2253	fsgnjx.s	f4,f28,f30	 f28:0xff800000 f30:0x00000000  f4=0xff800000
     457905.000 ns	     45789	80009704	1b036393	ori	x7,x6,432	  x6:0x00001f32  x7=0x00001fb2
     457915.000 ns	     45790	80009708	01a6deb3	srl	x29,x13,x26	 x13:0x00000000 x26:0xf9972001 x29=0x00000000
     457935.000 ns	     45792	8000970c	a18c1053	flt.s	x0,f24,f24	 f24:0x3fb4b419 f24:0x3fb4b419
     457955.000 ns	     45794	80009710	00055093	srli	x1,x10,0x0	 x10:0x7fc00000  x1=0x7fc00000
     457965.000 ns	     45795	80009714	01d40c33	add	x24,x8,x29	  x8:0x00000001 x29:0x00000000 x24=0x00000001
     457985.000 ns	     45797	80009718	e0041dd3	fclass.s	x27,f8	  f8:0xbf7fffae x27=0x00000002
     458025.000 ns	     45801	8000971c	10267453	fmul.s	f8,f12,f2	 f12:0x7fc00000  f2:0x00000000  f8=0x7fc00000
     458395.000 ns	     45838	80009720	02337a33	remu	x20,x6,x3	  x6:0x00001f32  x3:0x00000001 x20=0x00000000
     458415.000 ns	     45840	80009724	42e6c037	lui	x0,0x42e6c	
     458425.000 ns	     45841	80009728	01dd9d33	sll	x26,x27,x29	 x27:0x00000002 x29:0x00000000 x26=0x00000002
     458785.000 ns	     45877	8000972c	035bc433	div	x8,x23,x21	 x23:0x1b792000 x21:0x44a2c6ec  x8=0x00000000
     458815.000 ns	     45880	80009730	03a1b233	mulhu	x4,x3,x26	  x3:0x00000001 x26:0xf9972001  x4=0x00000000
     458845.000 ns	     45883	80009734	215c25d3	fsgnjx.s	f11,f24,f21	 f24:0x3fb4b419 f21:0x3f800000 f11=0x3fb4b419
     458865.000 ns	     45885	80009738	d272cb13	xori	x22,x5,-729	  x5:0x00000000 x22=0xfffffd27
     458895.000 ns	     45888	8000973c	5807f953	fsqrt.s	f18,f15	 f15:0x80041024 f18=0x7fc00000
     458915.000 ns	     45890	80009740	01b3b3b3	sltu	x7,x7,x27	  x7:0x00001fb2 x27:0x00000002  x7=0x00000000
     458925.000 ns	     45891	80009744	00e6e833	or	x16,x13,x14	 x13:0x00000000 x14:0x00000000 x16=0x00000000
     458935.000 ns	     45892	80009748	41c2db13	srai	x22,x5,0x1c	  x5:0x00000000 x22=0x00000000
     458955.000 ns	     45894	8000974c	a17f90d3	flt.s	x1,f31,f23	 f31:0x80000000 f23:0xcf1f9490  x1=0x00000000
     458985.000 ns	     45897	80009750	21d11553	fsgnjn.s	f10,f2,f29	  f2:0x00000000 f29:0x00000004 f10=0x80000000
     459015.000 ns	     45900	80009754	03137cb3	remu	x25,x6,x17	  x6:0x00001f32 x17:0x00000000 x25=0x00001f32
     459045.000 ns	     45903	80009758	f0028c53	fmv.w.x	f24,x5	  x5:0x00000000 f24=0x00000000
     459065.000 ns	     45905	8000975c	01b89513	slli	x10,x17,0x1b	 x17:0x00000000 x10=0x00000000
     459095.000 ns	     45908	80009760	18f97ad3	fdiv.s	f21,f18,f15	 f18:0x7fc00000 f15:0x80041024 f21=0x7fc00000
     459115.000 ns	     45910	80009764	01f68033	add	x0,x13,x31	 x13:0x00000000 x31:0x00000001
     459135.000 ns	     45912	80009768	03072ab3	mulhsu	x21,x14,x16	 x14:0x00000000 x16:0x00000000 x21=0x00000000
     459155.000 ns	     45914	8000976c	80c9e893	ori	x17,x19,-2036	 x19:0x00000001 x17=0xfffff80d
     459175.000 ns	     45916	80009770	e0050553	fmv.x.w	x10,f10	 f10:0x80000000 x10=0x80000000
     459205.000 ns	     45919	80009774	28108253	fmin.s	f4,f1,f1	  f1:0x3f800000  f1:0x3f800000  f4=0x3f800000
     459245.000 ns	     45923	80009778	18d3c0d3	fdiv.s	f1,f7,f13	  f7:0x05ba3ff4 f13:0xff800000  f1=0x80000000
     459265.000 ns	     45925	8000977c	5eddba37	lui	x20,0x5eddb	 x20=0x5eddb000
     459285.000 ns	     45927	80009780	c00e3853	fcvt.w.s	x16,f28	 f28:0xff800000 x16=0x80000000
     459305.000 ns	     45929	80009784	007a5693	srli	x13,x20,0x7	 x20:0x00000000 x13=0x00bdbb60
     459335.000 ns	     45932	80009788	580df353	fsqrt.s	f6,f27	 f27:0xfe34b47c  f6=0x7fc00000
     459355.000 ns	     45934	8000978c	161e0f13	addi	x30,x28,353	 x28:0x80040fe4 x30=0x80041145
     459375.000 ns	     45936	80009790	03f63733	mulhu	x14,x12,x31	 x12:0x00000000 x31:0x00000001 x14=0x00000000
     459395.000 ns	     45938	80009794	1e8c1b97	auipc	x23,0x1e8c1	 x23=0x9e8ca794
     459405.000 ns	     45939	80009798	c9ff6293	ori	x5,x30,-865	 x30:0x80041145  x5=0xfffffddf
     459435.000 ns	     45942	8000979c	10aab3d3	fmul.s	f7,f21,f10	 f21:0x7fc00000 f10:0x80000000  f7=0x7fc00000
     459465.000 ns	     45945	800097a0	f00a8e53	fmv.w.x	f28,x21	 x21:0x00000000 f28=0x00000000
     459495.000 ns	     45948	800097a4	21601353	fsgnjn.s	f6,f0,f22	  f0:0x85ba40f7 f22:0x3fb4b419  f6=0x85ba40f7
     459865.000 ns	     45985	800097a8	034476b3	remu	x13,x8,x20	  x8:0x00000000 x20:0x5eddb000 x13=0x00000000
     459895.000 ns	     45988	800097ac	e0028053	fmv.x.w	x0,f5	  f5:0x00000000
     459925.000 ns	     45991	800097b0	f0000a53	fmv.w.x	f20,x0	  x0:0x00000000 f20=0x00000000
     459945.000 ns	     45993	800097b4	00871613	slli	x12,x14,0x8	 x14:0x00000000 x12=0x00000000
     459965.000 ns	     45995	800097b8	a1f92c53	feq.s	x24,f18,f31	 f18:0x7fc00000 f31:0x80000000 x24=0x00000000
     461145.000 ns	     46113	800097bc	58088f53	fsqrt.s	f30,f17	 f17:0x00000004 f30=0x1f350489
     461165.000 ns	     46115	800097c0	01a724b3	slt	x9,x14,x26	 x14:0x00000000 x26:0x00000002  x9=0x00000001
     461175.000 ns	     46116	800097c4	fbdf2497	auipc	x9,0xfbdf2	  x9=0x7bdfb7c4
     461185.000 ns	     46117	800097c8	1e2a4513	xori	x10,x20,482	 x20:0x5eddb000 x10=0x5eddb1e2
     461205.000 ns	     46119	800097cc	e0061fd3	fclass.s	x31,f12	 f12:0x7fc00000 x31=0x00000200
     461225.000 ns	     46121	800097d0	00bec733	xor	x14,x29,x11	 x29:0x00000000 x11:0x80041024 x14=0x80041024
     461235.000 ns	     46122	800097d4	0086aa33	slt	x20,x13,x8	 x13:0x00000000  x8:0x00000000 x20=0x00000000
     461245.000 ns	     46123	800097d8	40365793	srai	x15,x12,0x3	 x12:0x00000000 x15=0x00000000
     461265.000 ns	     46125	800097dc	a07b2453	feq.s	x8,f22,f7	 f22:0x3fb4b419  f7:0x7fc00000  x8=0x00000000
     461295.000 ns	     46128	800097e0	c0108353	fcvt.wu.s	x6,f1	  f1:0x80000000  x6=0x00000000
     461345.000 ns	     46133	800097e4	08c773d3	fsub.s	f7,f14,f12	 f14:0x4ef70000 f12:0x7fc00000  f7=0x7fc00000
     461365.000 ns	     46135	800097e8	af660b17	auipc	x22,0xaf660	 x22=0x2f6697e8
     461375.000 ns	     46136	800097ec	e5b7fb37	lui	x22,0xe5b7f	 x22=0xe5b7f000
     461385.000 ns	     46137	800097f0	b1f38297	auipc	x5,0xb1f38	  x5=0x31f417f0
     461395.000 ns	     46138	800097f4	019aa833	slt	x16,x21,x25	 x21:0x00000000 x25:0x00001f32 x16=0x00000001
     461405.000 ns	     46139	800097f8	42b38293	addi	x5,x7,1067	  x7:0x00000000  x5=0x0000042b
     461415.000 ns	     46140	800097fc	40b05a33	sra	x20,x0,x11	  x0:0x00000000 x11:0x80041024 x20=0x00000000
     461425.000 ns	     46141	80009800	01e08bb3	add	x23,x1,x30	  x1:0x00000000 x30:0x80041145 x23=0x80041145
     461435.000 ns	     46142	80009804	40915733	sra	x14,x2,x9	  x2:0xf9972418  x9:0x7bdfb7c4 x14=0xff997241
     461455.000 ns	     46144	80009808	e00d9f53	fclass.s	x30,f27	 f27:0xfe34b47c x30=0x00000002
     461485.000 ns	     46147	8000980c	035e0333	mul	x6,x28,x21	 x28:0x80040fe4 x21:0x00000000  x6=0x00000000
     461515.000 ns	     46150	80009810	c00d7d53	fcvt.w.s	x26,f26	 f26:0xcf000000 x26=0x80000000
     461535.000 ns	     46152	80009814	875bad93	slti	x27,x23,-1931	 x23:0x80041145 x27=0x00000001
     461545.000 ns	     46153	80009818	00d03633	sltu	x12,x0,x13	  x0:0x00000000 x13:0x00000000 x12=0x00000000
     461555.000 ns	     46154	8000981c	39290993	addi	x19,x18,914	 x18:0x80000000 x19=0x80000392
     461565.000 ns	     46155	80009820	01269433	sll	x8,x13,x18	 x13:0x00000000 x18:0x80000000  x8=0x00000000
     461585.000 ns	     46157	80009824	c0092a53	fcvt.w.s	x20,f18	 f18:0x7fc00000 x20=0x7fffffff
     461605.000 ns	     46159	80009828	01259613	slli	x12,x11,0x12	 x11:0x80041024 x12=0x40900000
     461625.000 ns	     46161	8000982c	d010f3d3	fcvt.s.wu	f7,x1	  x1:0x00000000  f7=0x00000000
     461645.000 ns	     46163	80009830	0106f8b3	and	x17,x13,x16	 x13:0x00000000 x16:0x00000001 x17=0x00000000
     461655.000 ns	     46164	80009834	01bf5e93	srli	x29,x30,0x1b	 x30:0x00000002 x29=0x00000000
     461675.000 ns	     46166	80009838	e0058253	fmv.x.w	x4,f11	 f11:0x3fb4b419  x4=0x3fb4b419
     461705.000 ns	     46169	8000983c	20031853	fsgnjn.s	f16,f6,f0	  f6:0x85ba40f7  f0:0x85ba40f7 f16=0x05ba40f7
     461755.000 ns	     46174	80009840	0980f9d3	fsub.s	f19,f1,f24	  f1:0x80000000 f24:0x00000000 f19=0x80000000
     461805.000 ns	     46179	80009844	08a408d3	fsub.s	f17,f8,f10	  f8:0x7fc00000 f10:0x80000000 f17=0x7fc00000
     461835.000 ns	     46182	80009848	20b81753	fsgnjn.s	f14,f16,f11	 f16:0x05ba40f7 f11:0x3fb4b419 f14=0x85ba40f7
     461855.000 ns	     46184	8000984c	c5404d13	xori	x26,x0,-940	  x0:0x00000000 x26=0xfffffc54
     461865.000 ns	     46185	80009850	00abd893	srli	x17,x23,0xa	 x23:0x80041145 x17=0x00200104
     461875.000 ns	     46186	80009854	00901933	sll	x18,x0,x9	  x0:0x00000000  x9:0x7bdfb7c4 x18=0x00000000
     461885.000 ns	     46187	80009858	c6ce7813	andi	x16,x28,-916	 x28:0x80040fe4 x16=0x80040c64
     461905.000 ns	     46189	8000985c	28fe09d3	fmin.s	f19,f28,f15	 f28:0x00000000 f15:0x80041024 f19=0x80041024
     461925.000 ns	     46191	80009860	00dbec33	or	x24,x23,x13	 x23:0x80041145 x13:0x00000000 x24=0x80041145
     461935.000 ns	     46192	80009864	0152ca33	xor	x20,x5,x21	  x5:0x0000042b x21:0x00000000 x20=0x0000042b
     461945.000 ns	     46193	80009868	91032d13	slti	x26,x6,-1776	  x6:0x00000000 x26=0x00000000
     461965.000 ns	     46195	8000986c	d0087553	fcvt.s.w	f10,x16	 x16:0x80040c64 f10=0xcefff7e7
     462335.000 ns	     46232	80009870	023a6c33	rem	x24,x20,x3	 x20:0x0000042b  x3:0x00000001 x24=0x00000000
     462365.000 ns	     46235	80009874	028b2433	mulhsu	x8,x22,x8	 x22:0xe5b7f000  x8:0x00000000  x8=0x00000000
     462395.000 ns	     46238	80009878	28d486d3	fmin.s	f13,f9,f13	  f9:0x3f800000 f13:0xff800000 f13=0xff800000
     462425.000 ns	     46241	8000987c	020fd3b3	divu	x7,x31,x0	 x31:0x00000200  x0:0x00000000  x7=0xffffffff
     462455.000 ns	     46244	80009880	0201e633	rem	x12,x3,x0	  x3:0x00000001  x0:0x00000000 x12=0x00000001
     462475.000 ns	     46246	80009884	01c71213	slli	x4,x14,0x1c	 x14:0xff997241  x4=0x10000000
     462495.000 ns	     46248	80009888	03213033	mulhu	x0,x2,x18	  x2:0xf9972418 x18:0x00000000
     462525.000 ns	     46251	8000988c	28678553	fmin.s	f10,f15,f6	 f15:0x80041024  f6:0x85ba40f7 f10=0x85ba40f7
     462545.000 ns	     46253	80009890	335bf817	auipc	x16,0x335bf	 x16=0xb35c8890
     462575.000 ns	     46256	80009894	19883ed3	fdiv.s	f29,f16,f24	 f16:0x05ba40f7 f24:0x00000000 f29=0x7f800000
     462605.000 ns	     46259	80009898	29fd1553	fmax.s	f10,f26,f31	 f26:0xcf000000 f31:0x80000000 f10=0x80000000
     462655.000 ns	     46264	8000989c	018cf853	fadd.s	f16,f25,f24	 f25:0x3f9815dd f24:0x00000000 f16=0x3f9815dd
     462675.000 ns	     46266	800098a0	40bfd333	sra	x6,x31,x11	 x31:0x00000200 x11:0x80041024  x6=0x00000020
     462695.000 ns	     46268	800098a4	a0188453	fle.s	x8,f17,f1	 f17:0x7fc00000  f1:0x80000000  x8=0x00000000
     462715.000 ns	     46270	800098a8	01aba8b3	slt	x17,x23,x26	 x23:0x80041145 x26:0x00000000 x17=0x00000001
     462725.000 ns	     46271	800098ac	407c8ab3	sub	x21,x25,x7	 x25:0x00001f32  x7:0xffffffff x21=0x00001f33
     462745.000 ns	     46273	800098b0	d01c4dd3	fcvt.s.wu	f27,x24	 x24:0x00000000 f27=0x00000000
     462765.000 ns	     46275	800098b4	010f7333	and	x6,x30,x16	 x30:0x00000002 x16:0xb35c8890  x6=0x00000000
     462785.000 ns	     46277	800098b8	21a22cd3	fsgnjx.s	f25,f4,f26	  f4:0x3f800000 f26:0xcf000000 f25=0xbf800000
     462805.000 ns	     46279	800098bc	5b4a9c17	auipc	x24,0x5b4a9	 x24=0xdb4b28bc
     462815.000 ns	     46280	800098c0	0052fb33	and	x22,x5,x5	  x5:0x0000042b  x5:0x0000042b x22=0x0000042b
     462825.000 ns	     46281	800098c4	017006b3	add	x13,x0,x23	  x0:0x00000000 x23:0x80041145 x13=0x80041145
     462845.000 ns	     46283	800098c8	e0099453	fclass.s	x8,f19	 f19:0x80041024  x8=0x00000004
     462865.000 ns	     46285	800098cc	c774b913	sltiu	x18,x9,-905	  x9:0x7bdfb7c4 x18=0x00000001
     462875.000 ns	     46286	800098d0	010b5913	srli	x18,x22,0x10	 x22:0x0000042b x18=0x00000000
     463205.000 ns	     46319	800098d4	1894c5d3	fdiv.s	f11,f9,f9	  f9:0x3f800000  f9:0x3f800000 f11=0x3f7fff38
     463235.000 ns	     46322	800098d8	a14498d3	flt.s	x17,f9,f20	  f9:0x3f800000 f20:0x00000000 x17=0x00000000
     463265.000 ns	     46325	800098dc	e00b1453	fclass.s	x8,f22	 f22:0x3fb4b419  x8=0x00000040
     463285.000 ns	     46327	800098e0	00dc9cb3	sll	x25,x25,x13	 x25:0x00001f32 x13:0x80041145 x25=0x0003e640
     463305.000 ns	     46329	800098e4	e00f8ad3	fmv.x.w	x21,f31	 f31:0x80000000 x21=0x80000000
     463325.000 ns	     46331	800098e8	00eb9db3	sll	x27,x23,x14	 x23:0x80041145 x14:0xff997241 x27=0x0008228a
     463345.000 ns	     46333	800098ec	21340053	fsgnj.s	f0,f8,f19	  f8:0x7fc00000 f19:0x80041024  f0=0xffc00000
     463365.000 ns	     46335	800098f0	00d0fdb3	and	x27,x1,x13	  x1:0x00000000 x13:0x80041145 x27=0x00000000
     463375.000 ns	     46336	800098f4	669be413	ori	x8,x23,1641	 x23:0x80041145  x8=0x8004176d
     463395.000 ns	     46338	800098f8	d018f953	fcvt.s.wu	f18,x17	 x17:0x00000000 f18=0x00000000
     463415.000 ns	     46340	800098fc	01597ab3	and	x21,x18,x21	 x18:0x00000000 x21:0x80000000 x21=0x00000000
     463775.000 ns	     46376	80009900	03e862b3	rem	x5,x16,x30	 x16:0xb35c8890 x30:0x00000002  x5=0x00000000
     463805.000 ns	     46379	80009904	d01f9553	fcvt.s.wu	f10,x31	 x31:0x00000200 f10=0x44000000
     463835.000 ns	     46382	80009908	03473c33	mulhu	x24,x14,x20	 x14:0xff997241 x20:0x0000042b x24=0x00000429
     463885.000 ns	     46387	8000990c	08351ad3	fsub.s	f21,f10,f3	 f10:0x44000000  f3:0x00000000 f21=0x44000000
     463905.000 ns	     46389	80009910	002950b3	srl	x1,x18,x2	 x18:0x00000000  x2:0xf9972418  x1=0x00000000
     463925.000 ns	     46391	80009914	a19da2d3	feq.s	x5,f27,f25	 f27:0x00000000 f25:0xbf800000  x5=0x00000000
     463945.000 ns	     46393	80009918	018f0533	add	x10,x30,x24	 x30:0x00000002 x24:0x00000429 x10=0x0000042b
     463955.000 ns	     46394	8000991c	417b5813	srai	x16,x22,0x17	 x22:0x0000042b x16=0x00000000
     463965.000 ns	     46395	80009920	4f4ce213	ori	x4,x25,1268	 x25:0x0003e640  x4=0x0003e6f4
     463975.000 ns	     46396	80009924	0101feb3	and	x29,x3,x16	  x3:0x00000001 x16:0xb35c8890 x29=0x00000000
     463995.000 ns	     46398	80009928	290d1253	fmax.s	f4,f26,f16	 f26:0xcf000000 f16:0x3f9815dd  f4=0x3f9815dd
     464015.000 ns	     46400	8000992c	e4f3f493	andi	x9,x7,-433	  x7:0xffffffff  x9=0xfffffe4f
     464035.000 ns	     46402	80009930	03158033	mul	x0,x11,x17	 x11:0x80041024 x17:0x00000000
     464065.000 ns	     46405	80009934	e0099553	fclass.s	x10,f19	 f19:0x80041024 x10=0x00000004
     464095.000 ns	     46408	80009938	e00304d3	fmv.x.w	x9,f6	  f6:0x85ba40f7  x9=0x85ba40f7
     464125.000 ns	     46411	8000993c	e0080453	fmv.x.w	x8,f16	 f16:0x3f9815dd  x8=0x3f9815dd
     464145.000 ns	     46413	80009940	40c85193	srai	x3,x16,0xc	 x16:0x00000000  x3=0x00000000
     464155.000 ns	     46414	80009944	3ad2a993	slti	x19,x5,941	  x5:0x00000000 x19=0x00000001
     464165.000 ns	     46415	80009948	47a86093	ori	x1,x16,1146	 x16:0x00000000  x1=0x0000047a
     464175.000 ns	     46416	8000994c	b6bf7393	andi	x7,x30,-1173	 x30:0x00000002  x7=0x00000002
     464195.000 ns	     46418	80009950	02f2cb33	div	x22,x5,x15	  x5:0x00000000 x15:0x00000000 x22=0xffffffff
     464215.000 ns	     46420	80009954	019f5093	srli	x1,x30,0x19	 x30:0x00000002  x1=0x00000000
     464225.000 ns	     46421	80009958	4151d293	srai	x5,x3,0x15	  x3:0x00000000  x5=0x00000000
     464585.000 ns	     46457	8000995c	0298ebb3	rem	x23,x17,x9	 x17:0x00000000  x9:0x85ba40f7 x23=0x00000000
     464615.000 ns	     46460	80009960	d00275d3	fcvt.s.w	f11,x4	  x4:0x0003e6f4 f11=0x4879bd00
     464645.000 ns	     46463	80009964	286b80d3	fmin.s	f1,f23,f6	 f23:0xcf1f9490  f6:0x85ba40f7  f1=0xcf1f9490
     464665.000 ns	     46465	80009968	41455993	srai	x19,x10,0x14	 x10:0x00000004 x19=0x00000000
     464695.000 ns	     46468	8000996c	18e2fbd3	fdiv.s	f23,f5,f14	  f5:0x00000000 f14:0x85ba40f7 f23=0x80000000
     464725.000 ns	     46471	80009970	021be533	rem	x10,x23,x1	 x23:0x00000000  x1:0x00000000 x10=0x00000000
     465095.000 ns	     46508	80009974	02e24bb3	div	x23,x4,x14	  x4:0x0003e6f4 x14:0xff997241 x23=0x00000000
     465125.000 ns	     46511	80009978	02f92333	mulhsu	x6,x18,x15	 x18:0x00000000 x15:0x00000000  x6=0x00000000
     465155.000 ns	     46514	8000997c	a08320d3	feq.s	x1,f6,f8	  f6:0x85ba40f7  f8:0x7fc00000  x1=0x00000000
     465175.000 ns	     46516	80009980	0143e733	or	x14,x7,x20	  x7:0x00000002 x20:0x0000042b x14=0x0000042b
     465185.000 ns	     46517	80009984	1abee813	ori	x16,x29,427	 x29:0x00000000 x16=0x000001ab
     465195.000 ns	     46518	80009988	00208db3	add	x27,x1,x2	  x1:0x00000000  x2:0xf9972418 x27=0xf9972418
     465205.000 ns	     46519	8000998c	0017dc33	srl	x24,x15,x1	 x15:0x00000000  x1:0x00000000 x24=0x00000000
     465215.000 ns	     46520	80009990	011ac8b3	xor	x17,x21,x17	 x21:0x00000000 x17:0x00000000 x17=0x00000000
     466385.000 ns	     46637	80009994	58057e53	fsqrt.s	f28,f10	 f10:0x44000000 f28=0x41350482
     466435.000 ns	     46642	80009998	083ff753	fsub.s	f14,f31,f3	 f31:0x80000000  f3:0x00000000 f14=0x80000000
     466805.000 ns	     46679	8000999c	03cbc433	div	x8,x23,x28	 x23:0x00000000 x28:0x80040fe4  x8=0x00000000
     466825.000 ns	     46681	800099a0	01f45733	srl	x14,x8,x31	  x8:0x3f9815dd x31:0x00000200 x14=0x00000000
     466845.000 ns	     46683	800099a4	02f9b433	mulhu	x8,x19,x15	 x19:0x00000000 x15:0x00000000  x8=0x00000000
     466875.000 ns	     46686	800099a8	c01af2d3	fcvt.wu.s	x5,f21	 f21:0x44000000  x5=0x00000200
     466905.000 ns	     46689	800099ac	29db84d3	fmin.s	f9,f23,f29	 f23:0x80000000 f29:0x7f800000  f9=0x80000000
     466925.000 ns	     46691	800099b0	000a9d33	sll	x26,x21,x0	 x21:0x00000000  x0:0x00000000 x26=0x00000000
     466935.000 ns	     46692	800099b4	9dfbf393	andi	x7,x23,-1569	 x23:0x00000000  x7=0x00000000
     466945.000 ns	     46693	800099b8	ec686f93	ori	x31,x16,-314	 x16:0x000001ab x31=0xffffffef
     466965.000 ns	     46695	800099bc	20cf12d3	fsgnjn.s	f5,f30,f12	 f30:0x1f350489 f12:0x7fc00000  f5=0x9f350489
     466995.000 ns	     46698	800099c0	02e86733	rem	x14,x16,x14	 x16:0x000001ab x14:0x00000000 x14=0x000001ab
     467035.000 ns	     46702	800099c4	101df153	fmul.s	f2,f27,f1	 f27:0x00000000  f1:0xcf1f9490  f2=0x80000000
     467055.000 ns	     46704	800099c8	00000013	addi	x0,x0,0	  x0:0x00000000
     467075.000 ns	     46706	800099cc	c00d4f53	fcvt.w.s	x30,f26	 f26:0xcf000000 x30=0x80000000
     467105.000 ns	     46709	800099d0	d01721d3	fcvt.s.wu	f3,x14	 x14:0x000001ab  f3=0x43d58000
     467135.000 ns	     46712	800099d4	21b186d3	fsgnj.s	f13,f3,f27	  f3:0x00000000 f27:0x00000000 f13=0x43d58000
     467155.000 ns	     46714	800099d8	570d7093	andi	x1,x26,1392	 x26:0x00000000  x1=0x00000000
     467165.000 ns	     46715	800099dc	01bf1d93	slli	x27,x30,0x1b	 x30:0x80000000 x27=0x00000000
     467175.000 ns	     46716	800099e0	00411033	sll	x0,x2,x4	  x2:0xf9972418  x4:0x0003e6f4
     467195.000 ns	     46718	800099e4	289d0753	fmin.s	f14,f26,f9	 f26:0xcf000000  f9:0x80000000 f14=0xcf000000
     467215.000 ns	     46720	800099e8	42c8c617	auipc	x12,0x42c8c	 x12=0xc2c959e8
     467225.000 ns	     46721	800099ec	0048fab3	and	x21,x17,x4	 x17:0x00000000  x4:0x0003e6f4 x21=0x00000000
     467245.000 ns	     46723	800099f0	e00c9cd3	fclass.s	x25,f25	 f25:0xbf800000 x25=0x00000002
     467275.000 ns	     46726	800099f4	02617c33	remu	x24,x2,x6	  x2:0xf9972418  x6:0x00000000 x24=0xf9972418
     467295.000 ns	     46728	800099f8	41425b33	sra	x22,x4,x20	  x4:0x0003e6f4 x20:0x0000042b x22=0x0000007c
     467315.000 ns	     46730	800099fc	d01f7053	fcvt.s.wu	f0,x30	 x30:0x80000000  f0=0x4f000000
     467345.000 ns	     46733	80009a00	c00df653	fcvt.w.s	x12,f27	 f27:0x00000000 x12=0x00000000
     467385.000 ns	     46737	80009a04	11e970d3	fmul.s	f1,f18,f30	 f18:0x00000000 f30:0x1f350489  f1=0x00000000
     467405.000 ns	     46739	80009a08	41675013	srai	x0,x14,0x16	 x14:0x000001ab
     467415.000 ns	     46740	80009a0c	416f84b3	sub	x9,x31,x22	 x31:0xffffffef x22:0x0000007c  x9=0xffffff73
     467425.000 ns	     46741	80009a10	00a60cb3	add	x25,x12,x10	 x12:0x00000000 x10:0x00000000 x25=0x00000000
     467755.000 ns	     46774	80009a14	19327053	fdiv.s	f0,f4,f19	  f4:0x3f9815dd f19:0x80041024  f0=0xfe56b576
     467785.000 ns	     46777	80009a18	c0188cd3	fcvt.wu.s	x25,f17	 f17:0x7fc00000 x25=0xffffffff
     467815.000 ns	     46780	80009a1c	c016f353	fcvt.wu.s	x6,f13	 f13:0x43d58000  x6=0x000001ab
     467845.000 ns	     46783	80009a20	a07d0353	fle.s	x6,f26,f7	 f26:0xcf000000  f7:0x00000000  x6=0x00000001
     467875.000 ns	     46786	80009a24	02610733	mul	x14,x2,x6	  x2:0xf9972418  x6:0x000001ab x14=0xf9972418
     467915.000 ns	     46790	80009a28	580efa53	fsqrt.s	f20,f29	 f29:0x7f800000 f20=0x7f800000
     467935.000 ns	     46792	80009a2c	01801db3	sll	x27,x0,x24	  x0:0x00000000 x24:0xf9972418 x27=0x00000000
     469055.000 ns	     46904	80009a30	5801f953	fsqrt.s	f18,f3	  f3:0x43d58000 f18=0x41a54fd2
     469085.000 ns	     46907	80009a34	e00f97d3	fclass.s	x15,f31	 f31:0x80000000 x15=0x00000008
     469105.000 ns	     46909	80009a38	5bc24713	xori	x14,x4,1468	  x4:0x0003e6f4 x14=0x0003e348
     469125.000 ns	     46911	80009a3c	d01af5d3	fcvt.s.wu	f11,x21	 x21:0x00000000 f11=0x00000000
     469155.000 ns	     46914	80009a40	d01701d3	fcvt.s.wu	f3,x14	 x14:0xf9972418  f3=0x4878d200
     469175.000 ns	     46916	80009a44	00d71b33	sll	x22,x14,x13	 x14:0x0003e348 x13:0x80041145 x22=0x007c6900
     469205.000 ns	     46919	80009a48	5805f853	fsqrt.s	f16,f11	 f11:0x00000000 f16=0x00000000
     469225.000 ns	     46921	80009a4c	00b9aa33	slt	x20,x19,x11	 x19:0x00000000 x11:0x80041024 x20=0x00000000
     469235.000 ns	     46922	80009a50	f0bb5937	lui	x18,0xf0bb5	 x18=0xf0bb5000
     469565.000 ns	     46955	80009a54	19e1f9d3	fdiv.s	f19,f3,f30	  f3:0x4878d200 f30:0x1f350489 f19=0x68afa34d
     469615.000 ns	     46960	80009a58	08080f53	fsub.s	f30,f16,f0	 f16:0x00000000  f0:0xfe56b576 f30=0x7e56b576
     469645.000 ns	     46963	80009a5c	e00509d3	fmv.x.w	x19,f10	 f10:0x44000000 x19=0x44000000
     469665.000 ns	     46965	80009a60	018f36b3	sltu	x13,x30,x24	 x30:0x80000000 x24:0xf9972418 x13=0x00000001
     469675.000 ns	     46966	80009a64	00298533	add	x10,x19,x2	 x19:0x44000000  x2:0xf9972418 x10=0x3d972418
     469685.000 ns	     46967	80009a68	01a27633	and	x12,x4,x26	  x4:0x0003e6f4 x26:0x00000000 x12=0x00000000
     469705.000 ns	     46969	80009a6c	c01c01d3	fcvt.wu.s	x3,f24	 f24:0x00000000  x3=0x00000000
     469725.000 ns	     46971	80009a70	41f5dbb3	sra	x23,x11,x31	 x11:0x80041024 x31:0xffffffef x23=0xffff0008
     469745.000 ns	     46973	80009a74	c00b7bd3	fcvt.w.s	x23,f22	 f22:0x3fb4b419 x23=0x00000001
     469775.000 ns	     46976	80009a78	025a82b3	mul	x5,x21,x5	 x21:0x00000000  x5:0x00000200  x5=0x00000000
     469805.000 ns	     46979	80009a7c	f0008cd3	fmv.w.x	f25,x1	  x1:0x00000000 f25=0x00000000
     469825.000 ns	     46981	80009a80	3f443b37	lui	x22,0x3f443	 x22=0x3f443000
     469835.000 ns	     46982	80009a84	0b321f17	auipc	x30,0xb321	 x30=0x8b32aa84
     469855.000 ns	     46984	80009a88	03910733	mul	x14,x2,x25	  x2:0xf9972418 x25:0xffffffff x14=0x0668dbe8
     469885.000 ns	     46987	80009a8c	208713d3	fsgnjn.s	f7,f14,f8	 f14:0xcf000000  f8:0x7fc00000  f7=0xcf000000
     469915.000 ns	     46990	80009a90	a06cafd3	feq.s	x31,f25,f6	 f25:0x00000000  f6:0x85ba40f7 x31=0x00000000
     469935.000 ns	     46992	80009a94	00feb7b3	sltu	x15,x29,x15	 x29:0x00000000 x15:0x00000008 x15=0x00000001
     469945.000 ns	     46993	80009a98	00000013	addi	x0,x0,0	  x0:0x00000000
     469955.000 ns	     46994	80009a9c	531fc0b7	lui	x1,0x531fc	  x1=0x531fc000
     469965.000 ns	     46995	80009aa0	0166c333	xor	x6,x13,x22	 x13:0x00000001 x22:0x3f443000  x6=0x3f443001
     469985.000 ns	     46997	80009aa4	e00a09d3	fmv.x.w	x19,f20	 f20:0x7f800000 x19=0x7f800000
     470015.000 ns	     47000	80009aa8	21979353	fsgnjn.s	f6,f15,f25	 f15:0x80041024 f25:0x00000000  f6=0x80041024
     470035.000 ns	     47002	80009aac	013400b3	add	x1,x8,x19	  x8:0x00000000 x19:0x7f800000  x1=0x7f800000
     470055.000 ns	     47004	80009ab0	03da8333	mul	x6,x21,x29	 x21:0x00000000 x29:0x00000000  x6=0x00000000
     470105.000 ns	     47009	80009ab4	014f4e53	fadd.s	f28,f30,f20	 f30:0x7e56b576 f20:0x7f800000 f28=0x7f800000
     470135.000 ns	     47012	80009ab8	e00d09d3	fmv.x.w	x19,f26	 f26:0xcf000000 x19=0xcf000000
     470165.000 ns	     47015	80009abc	a05e99d3	flt.s	x19,f29,f5	 f29:0x7f800000  f5:0x9f350489 x19=0x00000000
     470195.000 ns	     47018	80009ac0	027de9b3	rem	x19,x27,x7	 x27:0x00000000  x7:0x00000000 x19=0x00000000
     470225.000 ns	     47021	80009ac4	d00003d3	fcvt.s.w	f7,x0	  x0:0x00000000  f7=0x00000000
     470255.000 ns	     47024	80009ac8	a0be20d3	feq.s	x1,f28,f11	 f28:0x7f800000 f11:0x00000000  x1=0x00000000
     470275.000 ns	     47026	80009acc	661a8437	lui	x8,0x661a8	  x8=0x661a8000
     470285.000 ns	     47027	80009ad0	010bf733	and	x14,x23,x16	 x23:0x00000001 x16:0x000001ab x14=0x00000001
     470305.000 ns	     47029	80009ad4	e00681d3	fmv.x.w	x3,f13	 f13:0x43d58000  x3=0x43d58000
     470355.000 ns	     47034	80009ad8	0969f8d3	fsub.s	f17,f19,f22	 f19:0x68afa34d f22:0x3fb4b419 f17=0x68afa34d
     470375.000 ns	     47036	80009adc	018d3733	sltu	x14,x26,x24	 x26:0x00000000 x24:0xf9972418 x14=0x00000001
     470405.000 ns	     47039	80009ae0	580673d3	fsqrt.s	f7,f12	 f12:0x7fc00000  f7=0x7fc00000
     470775.000 ns	     47076	80009ae4	0380d733	divu	x14,x1,x24	  x1:0x00000000 x24:0xf9972418 x14=0x00000000
     470795.000 ns	     47078	80009ae8	00c9c233	xor	x4,x19,x12	 x19:0x00000000 x12:0x00000000  x4=0x00000000
     470815.000 ns	     47080	80009aec	212c9d53	fsgnjn.s	f26,f25,f18	 f25:0x00000000 f18:0x41a54fd2 f26=0x80000000
     470835.000 ns	     47082	80009af0	00c0aeb3	slt	x29,x1,x12	  x1:0x00000000 x12:0x00000000 x29=0x00000000
     471195.000 ns	     47118	80009af4	036f7cb3	remu	x25,x30,x22	 x30:0x8b32aa84 x22:0x3f443000 x25=0x0caa4a84
     471565.000 ns	     47155	80009af8	02d9cdb3	div	x27,x19,x13	 x19:0x00000000 x13:0x00000001 x27=0x00000000
     471585.000 ns	     47157	80009afc	401cd093	srai	x1,x25,0x1	 x25:0x0caa4a84  x1=0x06552542
     471595.000 ns	     47158	80009b00	8cfd3793	sltiu	x15,x26,-1841	 x26:0x00000000 x15=0x00000001
     471615.000 ns	     47160	80009b04	21e60fd3	fsgnj.s	f31,f12,f30	 f12:0x7fc00000 f30:0x7e56b576 f31=0x7fc00000
     471635.000 ns	     47162	80009b08	01261c93	slli	x25,x12,0x12	 x12:0x00000000 x25=0x00000000
     471645.000 ns	     47163	80009b0c	0135e733	or	x14,x11,x19	 x11:0x80041024 x19:0x00000000 x14=0x80041024
     471665.000 ns	     47165	80009b10	025ff3b3	remu	x7,x31,x5	 x31:0x00000000  x5:0x00000000  x7=0x00000000
     471685.000 ns	     47167	80009b14	00000013	addi	x0,x0,0	  x0:0x00000000
     471705.000 ns	     47169	80009b18	02189a33	mulh	x20,x17,x1	 x17:0x00000000  x1:0x06552542 x20=0x00000000
     471735.000 ns	     47172	80009b1c	031f5b33	divu	x22,x30,x17	 x30:0x8b32aa84 x17:0x00000000 x22=0xffffffff
     471755.000 ns	     47174	80009b20	01d6cb33	xor	x22,x13,x29	 x13:0x00000001 x29:0x00000000 x22=0x00000001
     471775.000 ns	     47176	80009b24	29220ad3	fmin.s	f21,f4,f18	  f4:0x3f9815dd f18:0x41a54fd2 f21=0x3f9815dd
     471805.000 ns	     47179	80009b28	208a0c53	fsgnj.s	f24,f20,f8	 f20:0x7f800000  f8:0x7fc00000 f24=0x7f800000
     471825.000 ns	     47181	80009b2c	d54e3493	sltiu	x9,x28,-684	 x28:0x80040fe4  x9=0x00000001
     472185.000 ns	     47217	80009b30	037ce733	rem	x14,x25,x23	 x25:0x00000000 x23:0x00000001 x14=0x00000000
     472215.000 ns	     47220	80009b34	034f21b3	mulhsu	x3,x30,x20	 x30:0x8b32aa84 x20:0x00000000  x3=0x00000000
     472245.000 ns	     47223	80009b38	03aaeb33	rem	x22,x21,x26	 x21:0x00000000 x26:0x00000000 x22=0x00000000
     472275.000 ns	     47226	80009b3c	a01a1ed3	flt.s	x29,f20,f1	 f20:0x7f800000  f1:0x00000000 x29=0x00000000
     472305.000 ns	     47229	80009b40	d0047bd3	fcvt.s.w	f23,x8	  x8:0x661a8000 f23=0x4ecc3500
     472325.000 ns	     47231	80009b44	de4c9397	auipc	x7,0xde4c9	  x7=0x5e4d2b44
     472335.000 ns	     47232	80009b48	41f0d813	srai	x16,x1,0x1f	  x1:0x06552542 x16=0x00000000
     472365.000 ns	     47235	80009b4c	11907953	fmul.s	f18,f0,f25	  f0:0xfe56b576 f25:0x00000000 f18=0x80000000
     472395.000 ns	     47238	80009b50	29e883d3	fmin.s	f7,f17,f30	 f17:0x68afa34d f30:0x7e56b576  f7=0x68afa34d
     472765.000 ns	     47275	80009b54	03e547b3	div	x15,x10,x30	 x10:0x3d972418 x30:0x8b32aa84 x15=0x00000000
     472815.000 ns	     47280	80009b58	00a905d3	fadd.s	f11,f18,f10	 f18:0x80000000 f10:0x44000000 f11=0x44000000
     472845.000 ns	     47283	80009b5c	d00ab7d3	fcvt.s.w	f15,x21	 x21:0x00000000 f15=0x00000000
     472875.000 ns	     47286	80009b60	a0722553	feq.s	x10,f4,f7	  f4:0x3f9815dd  f7:0x68afa34d x10=0x00000000
     472895.000 ns	     47288	80009b64	00639cb3	sll	x25,x7,x6	  x7:0x5e4d2b44  x6:0x00000000 x25=0x5e4d2b44
     474065.000 ns	     47405	80009b68	5803f3d3	fsqrt.s	f7,f7	  f7:0x68afa34d  f7=0x5415f03e
     474095.000 ns	     47408	80009b6c	21531f53	fsgnjn.s	f30,f6,f21	  f6:0x80041024 f21:0x3f9815dd f30=0x80041024
     474125.000 ns	     47411	80009b70	027181b3	mul	x3,x3,x7	  x3:0x00000000  x7:0x5e4d2b44  x3=0x00000000
     474145.000 ns	     47413	80009b74	5df4ac13	slti	x24,x9,1503	  x9:0x00000001 x24=0x00000001
     474165.000 ns	     47415	80009b78	c01421d3	fcvt.wu.s	x3,f8	  f8:0x7fc00000  x3=0xffffffff
     474185.000 ns	     47417	80009b7c	1dc807b7	lui	x15,0x1dc80	 x15=0x1dc80000
     474205.000 ns	     47419	80009b80	c01c2753	fcvt.wu.s	x14,f24	 f24:0x7f800000 x14=0xffffffff
     474235.000 ns	     47422	80009b84	a10f1bd3	flt.s	x23,f30,f16	 f30:0x80041024 f16:0x00000000 x23=0x00000001
     474265.000 ns	     47425	80009b88	a03c1b53	flt.s	x22,f24,f3	 f24:0x7f800000  f3:0x4878d200 x22=0x00000000
     474285.000 ns	     47427	80009b8c	004458b3	srl	x17,x8,x4	  x8:0x661a8000  x4:0x00000000 x17=0x661a8000
     474325.000 ns	     47431	80009b90	09b978d3	fsub.s	f17,f18,f27	 f18:0x80000000 f27:0x00000000 f17=0x80000000
     475505.000 ns	     47549	80009b94	5803fad3	fsqrt.s	f21,f7	  f7:0x5415f03e f21=0x49540ae2
     475525.000 ns	     47551	80009b98	00000013	addi	x0,x0,0	  x0:0x00000000
     475545.000 ns	     47553	80009b9c	21f10f53	fsgnj.s	f30,f2,f31	  f2:0x80000000 f31:0x7fc00000 f30=0x00000000
     475565.000 ns	     47555	80009ba0	01f5d1b3	srl	x3,x11,x31	 x11:0x80041024 x31:0x00000000  x3=0x80041024
     475575.000 ns	     47556	80009ba4	414bdb33	sra	x22,x23,x20	 x23:0x00000001 x20:0x00000000 x22=0x00000001
     475595.000 ns	     47558	80009ba8	c0051cd3	fcvt.w.s	x25,f10	 f10:0x44000000 x25=0x00000200
     475615.000 ns	     47560	80009bac	753cf793	andi	x15,x25,1875	 x25:0x5e4d2b44 x15=0x00000200
     475625.000 ns	     47561	80009bb0	f2036913	ori	x18,x6,-224	  x6:0x00000000 x18=0xffffff20
     475635.000 ns	     47562	80009bb4	f1534213	xori	x4,x6,-235	  x6:0x00000000  x4=0xffffff15
     475645.000 ns	     47563	80009bb8	f504b313	sltiu	x6,x9,-176	  x9:0x00000001  x6=0x00000001
     475655.000 ns	     47564	80009bbc	00fc23b3	slt	x7,x24,x15	 x24:0x00000001 x15:0x00000200  x7=0x00000001
     475665.000 ns	     47565	80009bc0	7889bb93	sltiu	x23,x19,1928	 x19:0x00000000 x23=0x00000001
     476025.000 ns	     47601	80009bc4	03e5df33	divu	x30,x11,x30	 x11:0x80041024 x30:0x8b32aa84 x30=0x00000000
     476055.000 ns	     47604	80009bc8	03ba07b3	mul	x15,x20,x27	 x20:0x00000000 x27:0x00000000 x15=0x00000000
     476075.000 ns	     47606	80009bcc	540bb013	sltiu	x0,x23,1344	 x23:0x00000001
     476085.000 ns	     47607	80009bd0	00d65233	srl	x4,x12,x13	 x12:0x00000000 x13:0x00000001  x4=0x00000000
     476095.000 ns	     47608	80009bd4	014007b3	add	x15,x0,x20	  x0:0x00000000 x20:0x00000000 x15=0x00000000
     476115.000 ns	     47610	80009bd8	219808d3	fsgnj.s	f17,f16,f25	 f16:0x00000000 f25:0x00000000 f17=0x00000000
     476135.000 ns	     47612	80009bdc	43117e93	andi	x29,x2,1073	  x2:0xf9972418 x29=0x00000410
     476155.000 ns	     47614	80009be0	03cdabb3	mulhsu	x23,x27,x28	 x27:0x00000000 x28:0x80040fe4 x23=0x00000000
     476175.000 ns	     47616	80009be4	015a1b93	slli	x23,x20,0x15	 x20:0x00000000 x23=0x00000000
     476185.000 ns	     47617	80009be8	008acd33	xor	x26,x21,x8	 x21:0x00000000  x8:0x661a8000 x26=0x661a8000
     476195.000 ns	     47618	80009bec	015e9cb3	sll	x25,x29,x21	 x29:0x00000410 x21:0x00000000 x25=0x00000410
     476205.000 ns	     47619	80009bf0	41c90233	sub	x4,x18,x28	 x18:0xffffff20 x28:0x80040fe4  x4=0x7ffbef3c
     476215.000 ns	     47620	80009bf4	00a2e433	or	x8,x5,x10	  x5:0x00000000 x10:0x00000000  x8=0x00000000
     476225.000 ns	     47621	80009bf8	000f5a93	srli	x21,x30,0x0	 x30:0x00000000 x21=0x00000000
     476235.000 ns	     47622	80009bfc	411bd413	srai	x8,x23,0x11	 x23:0x00000000  x8=0x00000000
     476595.000 ns	     47658	80009c00	026ce7b3	rem	x15,x25,x6	 x25:0x00000410  x6:0x00000001 x15=0x00000000
     476615.000 ns	     47660	80009c04	01ef5f93	srli	x31,x30,0x1e	 x30:0x00000000 x31=0x00000000
     476625.000 ns	     47661	80009c08	00c5a9b3	slt	x19,x11,x12	 x11:0x80041024 x12:0x00000000 x19=0x00000001
     476645.000 ns	     47663	80009c0c	c013fcd3	fcvt.wu.s	x25,f7	  f7:0x5415f03e x25=0xffffffff
     476665.000 ns	     47665	80009c10	01871313	slli	x6,x14,0x18	 x14:0xffffffff  x6=0xff000000
     476675.000 ns	     47666	80009c14	32d96b13	ori	x22,x18,813	 x18:0xffffff20 x22=0xffffff2d
     476695.000 ns	     47668	80009c18	f0040553	fmv.w.x	f10,x8	  x8:0x00000000 f10=0x00000000
     476735.000 ns	     47672	80009c1c	10e180d3	fmul.s	f1,f3,f14	  f3:0x4878d200 f14:0xcf000000  f1=0xd7f8d200
     476765.000 ns	     47675	80009c20	29261053	fmax.s	f0,f12,f18	 f12:0x7fc00000 f18:0x80000000  f0=0x80000000
     476785.000 ns	     47677	80009c24	0188b933	sltu	x18,x17,x24	 x17:0x661a8000 x24:0x00000001 x18=0x00000000
     476805.000 ns	     47679	80009c28	03bda8b3	mulhsu	x17,x27,x27	 x27:0x00000000 x27:0x00000000 x17=0x00000000
     476835.000 ns	     47682	80009c2c	d0167a53	fcvt.s.wu	f20,x12	 x12:0x00000000 f20=0x00000000
     476865.000 ns	     47685	80009c30	e0089cd3	fclass.s	x25,f17	 f17:0x00000000 x25=0x00000010
     476885.000 ns	     47687	80009c34	92d42813	slti	x16,x8,-1747	  x8:0x00000000 x16=0x00000000
     476905.000 ns	     47689	80009c38	c018f053	fcvt.wu.s	x0,f17	 f17:0x00000000
     476925.000 ns	     47691	80009c3c	80e5fab7	lui	x21,0x80e5f	 x21=0x80e5f000
     476955.000 ns	     47694	80009c40	19858fd3	fdiv.s	f31,f11,f24	 f11:0x44000000 f24:0x7f800000 f31=0x00000000
     476975.000 ns	     47696	80009c44	00000013	addi	x0,x0,0	  x0:0x00000000
     476985.000 ns	     47697	80009c48	40b70d33	sub	x26,x14,x11	 x14:0xffffffff x11:0x80041024 x26=0x7ffbefdb
     477005.000 ns	     47699	80009c4c	202019d3	fsgnjn.s	f19,f0,f2	  f0:0x80000000  f2:0x80000000 f19=0x00000000
     477035.000 ns	     47702	80009c50	a1a79953	flt.s	x18,f15,f26	 f15:0x00000000 f26:0x80000000 x18=0x00000000
     477065.000 ns	     47705	80009c54	28cb88d3	fmin.s	f17,f23,f12	 f23:0x4ecc3500 f12:0x7fc00000 f17=0x4ecc3500
     477095.000 ns	     47708	80009c58	a0feaed3	feq.s	x29,f29,f15	 f29:0x7f800000 f15:0x00000000 x29=0x00000000
     477125.000 ns	     47711	80009c5c	c0112853	fcvt.wu.s	x16,f2	  f2:0x80000000 x16=0x00000000
     477145.000 ns	     47713	80009c60	013f3033	sltu	x0,x30,x19	 x30:0x00000000 x19:0x00000001
     477185.000 ns	     47717	80009c64	0959ca53	fsub.s	f20,f19,f21	 f19:0x00000000 f21:0x49540ae2 f20=0xc9540ae2
     477205.000 ns	     47719	80009c68	005e00b3	add	x1,x28,x5	 x28:0x80040fe4  x5:0x00000000  x1=0x80040fe4
     477225.000 ns	     47721	80009c6c	c00631d3	fcvt.w.s	x3,f12	 f12:0x7fc00000  x3=0x7fffffff
     477245.000 ns	     47723	80009c70	58f87613	andi	x12,x16,1423	 x16:0x00000000 x12=0x00000000
     477255.000 ns	     47724	80009c74	0037f8b3	and	x17,x15,x3	 x15:0x00000000  x3:0x7fffffff x17=0x00000000
     477265.000 ns	     47725	80009c78	03374693	xori	x13,x14,51	 x14:0xffffffff x13=0xffffffcc
     477285.000 ns	     47727	80009c7c	a1e60c53	fle.s	x24,f12,f30	 f12:0x7fc00000 f30:0x00000000 x24=0x00000000
     477655.000 ns	     47764	80009c80	0358f333	remu	x6,x17,x21	 x17:0x00000000 x21:0x80e5f000  x6=0x00000000
     477685.000 ns	     47767	80009c84	a1ce8ad3	fle.s	x21,f29,f28	 f29:0x7f800000 f28:0x7f800000 x21=0x00000001
     477715.000 ns	     47770	80009c88	28760c53	fmin.s	f24,f12,f7	 f12:0x7fc00000  f7:0x5415f03e f24=0x5415f03e
     477735.000 ns	     47772	80009c8c	40fe5d33	sra	x26,x28,x15	 x28:0x80040fe4 x15:0x00000000 x26=0x80040fe4
     478095.000 ns	     47808	80009c90	02d7cd33	div	x26,x15,x13	 x15:0x00000000 x13:0xffffffcc x26=0x00000000
     478145.000 ns	     47813	80009c94	00d976d3	fadd.s	f13,f18,f13	 f18:0x80000000 f13:0x43d58000 f13=0x43d58000
     478165.000 ns	     47815	80009c98	402adf33	sra	x30,x21,x2	 x21:0x00000001  x2:0xf9972418 x30=0x00000000
     478175.000 ns	     47816	80009c9c	a5e23897	auipc	x17,0xa5e23	 x17=0x25e2cc9c
     478195.000 ns	     47818	80009ca0	a0fe90d3	flt.s	x1,f29,f15	 f29:0x7f800000 f15:0x00000000  x1=0x00000000
     478225.000 ns	     47821	80009ca4	20870253	fsgnj.s	f4,f14,f8	 f14:0xcf000000  f8:0x7fc00000  f4=0x4f000000
     478245.000 ns	     47823	80009ca8	01303bb3	sltu	x23,x0,x19	  x0:0x00000000 x19:0x00000001 x23=0x00000001
     478265.000 ns	     47825	80009cac	a0e22bd3	feq.s	x23,f4,f14	  f4:0x4f000000 f14:0xcf000000 x23=0x00000000
     478295.000 ns	     47828	80009cb0	a07219d3	flt.s	x19,f4,f7	  f4:0x4f000000  f7:0x5415f03e x19=0x00000001
     478325.000 ns	     47831	80009cb4	a1571cd3	flt.s	x25,f14,f21	 f14:0xcf000000 f21:0x49540ae2 x25=0x00000001
     478355.000 ns	     47834	80009cb8	291e0553	fmin.s	f10,f28,f17	 f28:0x7f800000 f17:0x4ecc3500 f10=0x4ecc3500
     478695.000 ns	     47868	80009cbc	198a38d3	fdiv.s	f17,f20,f24	 f20:0xc9540ae2 f24:0x5415f03e f17=0xb4540ae2
     478715.000 ns	     47870	80009cc0	2ac04093	xori	x1,x0,684	  x0:0x00000000  x1=0x000002ac
     478725.000 ns	     47871	80009cc4	0110a8b3	slt	x17,x1,x17	  x1:0x00000000 x17:0x25e2cc9c x17=0x00000001
     478745.000 ns	     47873	80009cc8	02d924b3	mulhsu	x9,x18,x13	 x18:0x00000000 x13:0xffffffcc  x9=0x00000000
     478765.000 ns	     47875	80009ccc	4170ddb3	sra	x27,x1,x23	  x1:0x000002ac x23:0x00000000 x27=0x000002ac
     478785.000 ns	     47877	80009cd0	c002c9d3	fcvt.w.s	x19,f5	  f5:0x9f350489 x19=0x00000000
     478815.000 ns	     47880	80009cd4	0298cf33	div	x30,x17,x9	 x17:0x00000001  x9:0x00000000 x30=0xffffffff
     478835.000 ns	     47882	80009cd8	d80af817	auipc	x16,0xd80af	 x16=0x580b8cd8
     478845.000 ns	     47883	80009cdc	77808c93	addi	x25,x1,1912	  x1:0x000002ac x25=0x00000a24
     478855.000 ns	     47884	80009ce0	409a5733	sra	x14,x20,x9	 x20:0x00000000  x9:0x00000000 x14=0x00000000
     478865.000 ns	     47885	80009ce4	58441817	auipc	x16,0x58441	 x16=0xd844ace4
     478875.000 ns	     47886	80009ce8	24ac4793	xori	x15,x24,586	 x24:0x00000000 x15=0x0000024a
     478885.000 ns	     47887	80009cec	003153b3	srl	x7,x2,x3	  x2:0xf9972418  x3:0x7fffffff  x7=0x00000001
     479245.000 ns	     47923	80009cf0	035c50b3	divu	x1,x24,x21	 x24:0x00000000 x21:0x00000001  x1=0x00000000
     479275.000 ns	     47926	80009cf4	213909d3	fsgnj.s	f19,f18,f19	 f18:0x80000000 f19:0x00000000 f19=0x00000000
     479295.000 ns	     47928	80009cf8	00ec3333	sltu	x6,x24,x14	 x24:0x00000000 x14:0x00000000  x6=0x00000000
     479315.000 ns	     47930	80009cfc	d006f253	fcvt.s.w	f4,x13	 x13:0xffffffcc  f4=0xc2500000
     479345.000 ns	     47933	80009d00	21c624d3	fsgnjx.s	f9,f12,f28	 f12:0x7fc00000 f28:0x7f800000  f9=0x7fc00000
     479365.000 ns	     47935	80009d04	3816c397	auipc	x7,0x3816c	  x7=0xb8175d04
     479385.000 ns	     47937	80009d08	20beab53	fsgnjx.s	f22,f29,f11	 f29:0x7f800000 f11:0x44000000 f22=0x7f800000
     479425.000 ns	     47941	80009d0c	19e5c853	fdiv.s	f16,f11,f30	 f11:0x44000000 f30:0x00000000 f16=0x7f800000
     479445.000 ns	     47943	80009d10	40a45713	srai	x14,x8,0xa	  x8:0x00000000 x14=0x00000000
     479485.000 ns	     47947	80009d14	09739b53	fsub.s	f22,f7,f23	  f7:0x5415f03e f23:0x4ecc3500 f22=0x5415d6b7
     479505.000 ns	     47949	80009d18	00680933	add	x18,x16,x6	 x16:0xd844ace4  x6:0x00000000 x18=0xd844ace4
     479525.000 ns	     47951	80009d1c	214b2853	fsgnjx.s	f16,f22,f20	 f22:0x5415d6b7 f20:0xc9540ae2 f16=0xd415d6b7
     479555.000 ns	     47954	80009d20	a06aaed3	feq.s	x29,f21,f6	 f21:0x49540ae2  f6:0x80041024 x29=0x00000000
     479585.000 ns	     47957	80009d24	030b8fb3	mul	x31,x23,x16	 x23:0x00000000 x16:0xd844ace4 x31=0x00000000
     479615.000 ns	     47960	80009d28	e0018fd3	fmv.x.w	x31,f3	  f3:0x4878d200 x31=0x4878d200
     479645.000 ns	     47963	80009d2c	28461053	fmax.s	f0,f12,f4	 f12:0x7fc00000  f4:0xc2500000  f0=0xc2500000
     479665.000 ns	     47965	80009d30	be960493	addi	x9,x12,-1047	 x12:0x00000000  x9=0xfffffbe9
     480025.000 ns	     48001	80009d34	02f16333	rem	x6,x2,x15	  x2:0xf9972418 x15:0x0000024a  x6=0xffffff16
     480395.000 ns	     48038	80009d38	03e4d433	divu	x8,x9,x30	  x9:0x00000000 x30:0xffffffff  x8=0x00000000
     480425.000 ns	     48041	80009d3c	0331f233	remu	x4,x3,x19	  x3:0x7fffffff x19:0x00000000  x4=0x7fffffff
     480445.000 ns	     48043	80009d40	5fe0b493	sltiu	x9,x1,1534	  x1:0x00000000  x9=0x00000001
     480455.000 ns	     48044	80009d44	007bbd33	sltu	x26,x23,x7	 x23:0x00000000  x7:0xb8175d04 x26=0x00000001
     480475.000 ns	     48046	80009d48	c00f77d3	fcvt.w.s	x15,f30	 f30:0x00000000 x15=0x00000000
     480495.000 ns	     48048	80009d4c	015e9c93	slli	x25,x29,0x15	 x29:0x00000000 x25=0x00000000
     480505.000 ns	     48049	80009d50	01576f33	or	x30,x14,x21	 x14:0x00000000 x21:0x00000001 x30=0x00000001
     480515.000 ns	     48050	80009d54	25a56713	ori	x14,x10,602	 x10:0x00000000 x14=0x0000025a
     480535.000 ns	     48052	80009d58	d0131c53	fcvt.s.wu	f24,x6	  x6:0xffffff16 f24=0x4f7fffff
     480565.000 ns	     48055	80009d5c	c0192653	fcvt.wu.s	x12,f18	 f18:0x80000000 x12=0x00000000
     480595.000 ns	     48058	80009d60	a1982fd3	feq.s	x31,f16,f25	 f16:0xd415d6b7 f25:0x00000000 x31=0x00000000
     480625.000 ns	     48061	80009d64	02f320b3	mulhsu	x1,x6,x15	  x6:0xffffff16 x15:0x00000000  x1=0x00000000
     480645.000 ns	     48063	80009d68	4100df13	srai	x30,x1,0x10	  x1:0x00000000 x30=0x00000000
     480665.000 ns	     48065	80009d6c	a1ce0ed3	fle.s	x29,f28,f28	 f28:0x7f800000 f28:0x7f800000 x29=0x00000001
     480695.000 ns	     48068	80009d70	c01f2ad3	fcvt.wu.s	x21,f30	 f30:0x00000000 x21=0x00000000
     480715.000 ns	     48070	80009d74	f034f393	andi	x7,x9,-253	  x9:0x00000001  x7=0x00000001
     480725.000 ns	     48071	80009d78	00e26f33	or	x30,x4,x14	  x4:0x7fffffff x14:0x0000025a x30=0x7fffffff
     480735.000 ns	     48072	80009d7c	c3b1ef93	ori	x31,x3,-965	  x3:0x7fffffff x31=0xffffffff
     480745.000 ns	     48073	80009d80	e9075c37	lui	x24,0xe9075	 x24=0xe9075000
     480775.000 ns	     48076	80009d84	18b9ab53	fdiv.s	f22,f19,f11	 f19:0x00000000 f11:0x44000000 f22=0x00000000
     480795.000 ns	     48078	80009d88	00c95a93	srli	x21,x18,0xc	 x18:0xd844ace4 x21=0x000d844a
     480805.000 ns	     48079	80009d8c	77d73097	auipc	x1,0x77d73	  x1=0xf7d7cd8c
     480825.000 ns	     48081	80009d90	283d04d3	fmin.s	f9,f26,f3	 f26:0x80000000  f3:0x4878d200  f9=0x80000000
     480845.000 ns	     48083	80009d94	649c3513	sltiu	x10,x24,1609	 x24:0xe9075000 x10=0x00000000
     480865.000 ns	     48085	80009d98	03ef11b3	mulh	x3,x30,x30	 x30:0x7fffffff x30:0x7fffffff  x3=0x3fffffff
     480895.000 ns	     48088	80009d9c	022329b3	mulhsu	x19,x6,x2	  x6:0xffffff16  x2:0xf9972418 x19=0xffffff1b
     480935.000 ns	     48092	80009da0	5802fcd3	fsqrt.s	f25,f5	  f5:0x9f350489 f25=0x7fc00000
     481305.000 ns	     48129	80009da4	03354eb3	div	x29,x10,x19	 x10:0x00000000 x19:0xffffff1b x29=0x00000000
     481335.000 ns	     48132	80009da8	0387a233	mulhsu	x4,x15,x24	 x15:0x00000000 x24:0xe9075000  x4=0x00000000
     481355.000 ns	     48134	80009dac	d92aa413	slti	x8,x21,-622	 x21:0x000d844a  x8=0x00000000
     481365.000 ns	     48135	80009db0	008d2633	slt	x12,x26,x8	 x26:0x00000001  x8:0x00000000 x12=0x00000000
     481385.000 ns	     48137	80009db4	20838dd3	fsgnj.s	f27,f7,f8	  f7:0x5415f03e  f8:0x7fc00000 f27=0x5415f03e
     481435.000 ns	     48142	80009db8	017a75d3	fadd.s	f11,f20,f23	 f20:0xc9540ae2 f23:0x4ecc3500 f11=0x4ecc1a7e
     481465.000 ns	     48145	80009dbc	c00fa053	fcvt.w.s	x0,f31	 f31:0x00000000
     481515.000 ns	     48150	80009dc0	00a6fd53	fadd.s	f26,f13,f10	 f13:0x43d58000 f10:0x4ecc3500 f26=0x4ecc3503
     481885.000 ns	     48187	80009dc4	0357ed33	rem	x26,x15,x21	 x15:0x00000000 x21:0x000d844a x26=0x00000000
     481915.000 ns	     48190	80009dc8	e00d8a53	fmv.x.w	x20,f27	 f27:0x5415f03e x20=0x5415f03e
     481945.000 ns	     48193	80009dcc	a1860ed3	fle.s	x29,f12,f24	 f12:0x7fc00000 f24:0x4f7fffff x29=0x00000000
     481965.000 ns	     48195	80009dd0	00000013	addi	x0,x0,0	  x0:0x00000000
     481985.000 ns	     48197	80009dd4	028dceb3	div	x29,x27,x8	 x27:0x000002ac  x8:0x00000000 x29=0xffffffff
     482005.000 ns	     48199	80009dd8	01d89233	sll	x4,x17,x29	 x17:0x00000001 x29:0x00000000  x4=0x80000000
     482025.000 ns	     48201	80009ddc	025f0db3	mul	x27,x30,x5	 x30:0x7fffffff  x5:0x00000000 x27=0x00000000
     482045.000 ns	     48203	80009de0	126fb793	sltiu	x15,x31,294	 x31:0xffffffff x15=0x00000000
     482065.000 ns	     48205	80009de4	28f81bd3	fmax.s	f23,f16,f15	 f16:0xd415d6b7 f15:0x00000000 f23=0x00000000
     482085.000 ns	     48207	80009de8	01c1dab3	srl	x21,x3,x28	  x3:0x3fffffff x28:0x80040fe4 x21=0x03ffffff
     482105.000 ns	     48209	80009dec	a1a507d3	fle.s	x15,f10,f26	 f10:0x4ecc3500 f26:0x4ecc3503 x15=0x00000001
     482125.000 ns	     48211	80009df0	04e2bb17	auipc	x22,0x4e2b	 x22=0x84e34df0
     482135.000 ns	     48212	80009df4	00cb1413	slli	x8,x22,0xc	 x22:0xffffff2d  x8=0x34df0000
     482145.000 ns	     48213	80009df8	902f8993	addi	x19,x31,-1790	 x31:0xffffffff x19=0xfffff901
     482155.000 ns	     48214	80009dfc	6bfc6517	auipc	x10,0x6bfc6	 x10=0xebfcfdfc
     482195.000 ns	     48218	80009e00	09f44cd3	fsub.s	f25,f8,f31	  f8:0x7fc00000 f31:0x00000000 f25=0x7fc00000
     482225.000 ns	     48221	80009e04	02d49933	mulh	x18,x9,x13	  x9:0x00000001 x13:0xffffffcc x18=0xffffffff
     482255.000 ns	     48224	80009e08	03518233	mul	x4,x3,x21	  x3:0x3fffffff x21:0x03ffffff  x4=0xbc000001
     482275.000 ns	     48226	80009e0c	01f827b3	slt	x15,x16,x31	 x16:0xd844ace4 x31:0xffffffff x15=0x00000001
     482295.000 ns	     48228	80009e10	21c185d3	fsgnj.s	f11,f3,f28	  f3:0x4878d200 f28:0x7f800000 f11=0x4878d200
     482315.000 ns	     48230	80009e14	015f1eb3	sll	x29,x30,x21	 x30:0x7fffffff x21:0x03ffffff x29=0x80000000
     482325.000 ns	     48231	80009e18	40195993	srai	x19,x18,0x1	 x18:0xffffffff x19=0xffffffff
     482335.000 ns	     48232	80009e1c	00a6deb3	srl	x29,x13,x10	 x13:0xffffffcc x10:0xebfcfdfc x29=0x0000000f
     482345.000 ns	     48233	80009e20	00000013	addi	x0,x0,0	  x0:0x00000000
     482365.000 ns	     48235	80009e24	a00a99d3	flt.s	x19,f21,f0	 f21:0x49540ae2  f0:0xc2500000 x19=0x00000000
     482395.000 ns	     48238	80009e28	a1d32d53	feq.s	x26,f6,f29	  f6:0x80041024 f29:0x7f800000 x26=0x00000000
     482425.000 ns	     48241	80009e2c	a0f68f53	fle.s	x30,f13,f15	 f13:0x43d58000 f15:0x00000000 x30=0x00000000
     482455.000 ns	     48244	80009e30	a06a0fd3	fle.s	x31,f20,f6	 f20:0xc9540ae2  f6:0x80041024 x31=0x00000001
     482485.000 ns	     48247	80009e34	f00687d3	fmv.w.x	f15,x13	 x13:0xffffffcc f15=0xffffffcc
     482515.000 ns	     48250	80009e38	02a5a3b3	mulhsu	x7,x11,x10	 x11:0x80041024 x10:0xebfcfdfc  x7=0x8a053fd6
     482545.000 ns	     48253	80009e3c	d0187653	fcvt.s.wu	f12,x16	 x16:0xd844ace4 f12=0x4f5844ac
     482575.000 ns	     48256	80009e40	29768b53	fmin.s	f22,f13,f23	 f13:0x43d58000 f23:0x00000000 f22=0x00000000
     482595.000 ns	     48258	80009e44	0195a7b3	slt	x15,x11,x25	 x11:0x80041024 x25:0x00000000 x15=0x00000001
     482605.000 ns	     48259	80009e48	00000013	addi	x0,x0,0	  x0:0x00000000
     482625.000 ns	     48261	80009e4c	0399b3b3	mulhu	x7,x19,x25	 x19:0x00000000 x25:0x00000000  x7=0x00000000
     482675.000 ns	     48266	80009e50	014cf253	fadd.s	f4,f25,f20	 f25:0x7fc00000 f20:0xc9540ae2  f4=0x7fc00000
     482695.000 ns	     48268	80009e54	840ee893	ori	x17,x29,-1984	 x29:0x0000000f x17=0xfffff84f
     482705.000 ns	     48269	80009e58	01497a33	and	x20,x18,x20	 x18:0xffffffff x20:0x5415f03e x20=0x5415f03e
     482735.000 ns	     48272	80009e5c	188d84d3	fdiv.s	f9,f27,f8	 f27:0x5415f03e  f8:0x7fc00000  f9=0x7fc00000
     482765.000 ns	     48275	80009e60	2173a553	fsgnjx.s	f10,f7,f23	  f7:0x5415f03e f23:0x00000000 f10=0x5415f03e
     482785.000 ns	     48277	80009e64	15033f93	sltiu	x31,x6,336	  x6:0xffffff16 x31=0x00000000
     482805.000 ns	     48279	80009e68	c0187ad3	fcvt.wu.s	x21,f16	 f16:0xd415d6b7 x21=0x00000000
     482835.000 ns	     48282	80009e6c	e0051853	fclass.s	x16,f10	 f10:0x5415f03e x16=0x00000040
     482855.000 ns	     48284	80009e70	ded3ec93	ori	x25,x7,-531	  x7:0x00000000 x25=0xfffffded
     482865.000 ns	     48285	80009e74	5dff3813	sltiu	x16,x30,1503	 x30:0x00000000 x16=0x00000001
     482885.000 ns	     48287	80009e78	03ffe8b3	rem	x17,x31,x31	 x31:0x00000000 x31:0x00000000 x17=0x00000000
     482905.000 ns	     48289	80009e7c	e8c82937	lui	x18,0xe8c82	 x18=0xe8c82000
     482925.000 ns	     48291	80009e80	03ecceb3	div	x29,x25,x30	 x25:0xfffffded x30:0x00000000 x29=0xffffffff
     482945.000 ns	     48293	80009e84	019cb0b3	sltu	x1,x25,x25	 x25:0xfffffded x25:0xfffffded  x1=0x00000000
     482955.000 ns	     48294	80009e88	01899033	sll	x0,x19,x24	 x19:0x00000000 x24:0xe9075000
     482995.000 ns	     48298	80009e8c	090472d3	fsub.s	f5,f8,f16	  f8:0x7fc00000 f16:0xd415d6b7  f5=0x7fc00000
     483015.000 ns	     48300	80009e90	fd5d6513	ori	x10,x26,-43	 x26:0x00000000 x10=0xffffffd5
     483025.000 ns	     48301	80009e94	849db193	sltiu	x3,x27,-1975	 x27:0x00000000  x3=0x00000001
     483045.000 ns	     48303	80009e98	20321f53	fsgnjn.s	f30,f4,f3	  f4:0x7fc00000  f3:0x4878d200 f30=0xffc00000
     483065.000 ns	     48305	80009e9c	cd230c13	addi	x24,x6,-814	  x6:0xffffff16 x24=0xfffffbe8
     483075.000 ns	     48306	80009ea0	01490b33	add	x22,x18,x20	 x18:0xe8c82000 x20:0x5415f03e x22=0x3cde103e
     483085.000 ns	     48307	80009ea4	00000117	auipc	x2,0x0	  x2=0x80009ea4
     483095.000 ns	     48308	80009ea8	00c10113	addi	x2,x2,12	  x2:0xf9972418  x2=0x80009eb0
     483105.000 ns	     48309	80009eac	00010067	jalr	x0,x2,0	  x2:0xf9972418
     483155.000 ns	     48314	80009eb0	00100193	addi	x3,x0,1	  x0:0x00000000  x3=0x00000001
     483165.000 ns	     48315	80009eb4	00000073	ecall	
     483175.000 ns	     48316	80009eb8	00036f17	auipc	x30,0x36	 x30=0x8003feb8
     483185.000 ns	     48317	80009ebc	143f2423	sw	x3,328(x30)	 x30:0x00000000  x3:0x00000001 PA:0xxxxxxxxx
     483205.000 ns	     48319	80009ec0	ff9ff06f	jal	x0,80009ebc	
     483255.000 ns	     48324	80009eb8	00036f17	auipc	x30,0x36	 x30=0x8003feb8
     483265.000 ns	     48325	80009ebc	143f2423	sw	x3,328(x30)	 x30:0x8003feb8  x3:0x00000001 PA:0xxxxxxxxx
     483285.000 ns	     48327	80009ec0	ff9ff06f	jal	x0,80009ebc	
     483335.000 ns	     48332	80009eb8	00036f17	auipc	x30,0x36	 x30=0x8003feb8
     483345.000 ns	     48333	80009ebc	143f2423	sw	x3,328(x30)	 x30:0x8003feb8  x3:0x00000001 PA:0xxxxxxxxx
     483365.000 ns	     48335	80009ec0	ff9ff06f	jal	x0,80009ebc	
     483415.000 ns	     48340	80009eb8	00036f17	auipc	x30,0x36	 x30=0x8003feb8
     483425.000 ns	     48341	80009ebc	143f2423	sw	x3,328(x30)	 x30:0x8003feb8  x3:0x00000001 PA:0xxxxxxxxx
     483445.000 ns	     48343	80009ec0	ff9ff06f	jal	x0,80009ebc	
     483495.000 ns	     48348	80009eb8	00036f17	auipc	x30,0x36	 x30=0x8003feb8
     483505.000 ns	     48349	80009ebc	143f2423	sw	x3,328(x30)	 x30:0x8003feb8  x3:0x00000001 PA:0xxxxxxxxx
     483525.000 ns	     48351	80009ec0	ff9ff06f	jal	x0,80009ebc	
     483575.000 ns	     48356	80009eb8	00036f17	auipc	x30,0x36	 x30=0x8003feb8
     483585.000 ns	     48357	80009ebc	143f2423	sw	x3,328(x30)	 x30:0x8003feb8  x3:0x00000001 PA:0xxxxxxxxx
     483605.000 ns	     48359	80009ec0	ff9ff06f	jal	x0,80009ebc	
     483655.000 ns	     48364	80009eb8	00036f17	auipc	x30,0x36	 x30=0x8003feb8
     483665.000 ns	     48365	80009ebc	143f2423	sw	x3,328(x30)	 x30:0x8003feb8  x3:0x00000001 PA:0xxxxxxxxx
     483685.000 ns	     48367	80009ec0	ff9ff06f	jal	x0,80009ebc	
     483735.000 ns	     48372	80009eb8	00036f17	auipc	x30,0x36	 x30=0x8003feb8
     483745.000 ns	     48373	80009ebc	143f2423	sw	x3,328(x30)	 x30:0x8003feb8  x3:0x00000001 PA:0xxxxxxxxx
     483765.000 ns	     48375	80009ec0	ff9ff06f	jal	x0,80009ebc	
     483815.000 ns	     48380	80009eb8	00036f17	auipc	x30,0x36	 x30=0x8003feb8
     483825.000 ns	     48381	80009ebc	143f2423	sw	x3,328(x30)	 x30:0x8003feb8  x3:0x00000001 PA:0xxxxxxxxx
     483845.000 ns	     48383	80009ec0	ff9ff06f	jal	x0,80009ebc	
     483895.000 ns	     48388	80009eb8	00036f17	auipc	x30,0x36	 x30=0x8003feb8
     483905.000 ns	     48389	80009ebc	143f2423	sw	x3,328(x30)	 x30:0x8003feb8  x3:0x00000001 PA:0xxxxxxxxx
     483925.000 ns	     48391	80009ec0	ff9ff06f	jal	x0,80009ebc	
     483975.000 ns	     48396	80009eb8	00036f17	auipc	x30,0x36	 x30=0x8003feb8
     483985.000 ns	     48397	80009ebc	143f2423	sw	x3,328(x30)	 x30:0x8003feb8  x3:0x00000001 PA:0xxxxxxxxx
     484005.000 ns	     48399	80009ec0	ff9ff06f	jal	x0,80009ebc	
     484055.000 ns	     48404	80009eb8	00036f17	auipc	x30,0x36	 x30=0x8003feb8
     484065.000 ns	     48405	80009ebc	143f2423	sw	x3,328(x30)	 x30:0x8003feb8  x3:0x00000001 PA:0xxxxxxxxx
     484085.000 ns	     48407	80009ec0	ff9ff06f	jal	x0,80009ebc	
     484135.000 ns	     48412	80009eb8	00036f17	auipc	x30,0x36	 x30=0x8003feb8
     484145.000 ns	     48413	80009ebc	143f2423	sw	x3,328(x30)	 x30:0x8003feb8  x3:0x00000001 PA:0xxxxxxxxx
     484165.000 ns	     48415	80009ec0	ff9ff06f	jal	x0,80009ebc	
     484215.000 ns	     48420	80009eb8	00036f17	auipc	x30,0x36	 x30=0x8003feb8
     484225.000 ns	     48421	80009ebc	143f2423	sw	x3,328(x30)	 x30:0x8003feb8  x3:0x00000001 PA:0xxxxxxxxx
     484245.000 ns	     48423	80009ec0	ff9ff06f	jal	x0,80009ebc	
     484295.000 ns	     48428	80009eb8	00036f17	auipc	x30,0x36	 x30=0x8003feb8
     484305.000 ns	     48429	80009ebc	143f2423	sw	x3,328(x30)	 x30:0x8003feb8  x3:0x00000001 PA:0xxxxxxxxx
     484325.000 ns	     48431	80009ec0	ff9ff06f	jal	x0,80009ebc	
     484375.000 ns	     48436	80009eb8	00036f17	auipc	x30,0x36	 x30=0x8003feb8
     484385.000 ns	     48437	80009ebc	143f2423	sw	x3,328(x30)	 x30:0x8003feb8  x3:0x00000001 PA:0xxxxxxxxx
     484405.000 ns	     48439	80009ec0	ff9ff06f	jal	x0,80009ebc	
     484455.000 ns	     48444	80009eb8	00036f17	auipc	x30,0x36	 x30=0x8003feb8
     484465.000 ns	     48445	80009ebc	143f2423	sw	x3,328(x30)	 x30:0x8003feb8  x3:0x00000001 PA:0xxxxxxxxx
     484485.000 ns	     48447	80009ec0	ff9ff06f	jal	x0,80009ebc	
     484535.000 ns	     48452	80009eb8	00036f17	auipc	x30,0x36	 x30=0x8003feb8
     484545.000 ns	     48453	80009ebc	143f2423	sw	x3,328(x30)	 x30:0x8003feb8  x3:0x00000001 PA:0xxxxxxxxx
     484565.000 ns	     48455	80009ec0	ff9ff06f	jal	x0,80009ebc	
     484615.000 ns	     48460	80009eb8	00036f17	auipc	x30,0x36	 x30=0x8003feb8
     484625.000 ns	     48461	80009ebc	143f2423	sw	x3,328(x30)	 x30:0x8003feb8  x3:0x00000001 PA:0xxxxxxxxx
     484645.000 ns	     48463	80009ec0	ff9ff06f	jal	x0,80009ebc	
     484695.000 ns	     48468	80009eb8	00036f17	auipc	x30,0x36	 x30=0x8003feb8
     484705.000 ns	     48469	80009ebc	143f2423	sw	x3,328(x30)	 x30:0x8003feb8  x3:0x00000001 PA:0xxxxxxxxx
     484725.000 ns	     48471	80009ec0	ff9ff06f	jal	x0,80009ebc	
     484775.000 ns	     48476	80009eb8	00036f17	auipc	x30,0x36	 x30=0x8003feb8
     484785.000 ns	     48477	80009ebc	143f2423	sw	x3,328(x30)	 x30:0x8003feb8  x3:0x00000001 PA:0xxxxxxxxx
     484805.000 ns	     48479	80009ec0	ff9ff06f	jal	x0,80009ebc	
     484855.000 ns	     48484	80009eb8	00036f17	auipc	x30,0x36	 x30=0x8003feb8
     484865.000 ns	     48485	80009ebc	143f2423	sw	x3,328(x30)	 x30:0x8003feb8  x3:0x00000001 PA:0xxxxxxxxx
     484885.000 ns	     48487	80009ec0	ff9ff06f	jal	x0,80009ebc	
     484935.000 ns	     48492	80009eb8	00036f17	auipc	x30,0x36	 x30=0x8003feb8
     484945.000 ns	     48493	80009ebc	143f2423	sw	x3,328(x30)	 x30:0x8003feb8  x3:0x00000001 PA:0xxxxxxxxx
     484965.000 ns	     48495	80009ec0	ff9ff06f	jal	x0,80009ebc	
     485015.000 ns	     48500	80009eb8	00036f17	auipc	x30,0x36	 x30=0x8003feb8
     485025.000 ns	     48501	80009ebc	143f2423	sw	x3,328(x30)	 x30:0x8003feb8  x3:0x00000001 PA:0xxxxxxxxx
     485045.000 ns	     48503	80009ec0	ff9ff06f	jal	x0,80009ebc	
     485095.000 ns	     48508	80009eb8	00036f17	auipc	x30,0x36	 x30=0x8003feb8
     485105.000 ns	     48509	80009ebc	143f2423	sw	x3,328(x30)	 x30:0x8003feb8  x3:0x00000001 PA:0xxxxxxxxx
     485125.000 ns	     48511	80009ec0	ff9ff06f	jal	x0,80009ebc	
     485175.000 ns	     48516	80009eb8	00036f17	auipc	x30,0x36	 x30=0x8003feb8
     485185.000 ns	     48517	80009ebc	143f2423	sw	x3,328(x30)	 x30:0x8003feb8  x3:0x00000001 PA:0xxxxxxxxx
     485205.000 ns	     48519	80009ec0	ff9ff06f	jal	x0,80009ebc	
     485255.000 ns	     48524	80009eb8	00036f17	auipc	x30,0x36	 x30=0x8003feb8
     485265.000 ns	     48525	80009ebc	143f2423	sw	x3,328(x30)	 x30:0x8003feb8  x3:0x00000001 PA:0xxxxxxxxx
     485285.000 ns	     48527	80009ec0	ff9ff06f	jal	x0,80009ebc	
     485335.000 ns	     48532	80009eb8	00036f17	auipc	x30,0x36	 x30=0x8003feb8
     485345.000 ns	     48533	80009ebc	143f2423	sw	x3,328(x30)	 x30:0x8003feb8  x3:0x00000001 PA:0xxxxxxxxx
     485365.000 ns	     48535	80009ec0	ff9ff06f	jal	x0,80009ebc	
     485415.000 ns	     48540	80009eb8	00036f17	auipc	x30,0x36	 x30=0x8003feb8
     485425.000 ns	     48541	80009ebc	143f2423	sw	x3,328(x30)	 x30:0x8003feb8  x3:0x00000001 PA:0xxxxxxxxx
     485445.000 ns	     48543	80009ec0	ff9ff06f	jal	x0,80009ebc	
     485495.000 ns	     48548	80009eb8	00036f17	auipc	x30,0x36	 x30=0x8003feb8
     485505.000 ns	     48549	80009ebc	143f2423	sw	x3,328(x30)	 x30:0x8003feb8  x3:0x00000001 PA:0xxxxxxxxx
     485525.000 ns	     48551	80009ec0	ff9ff06f	jal	x0,80009ebc	
     485575.000 ns	     48556	80009eb8	00036f17	auipc	x30,0x36	 x30=0x8003feb8
     485585.000 ns	     48557	80009ebc	143f2423	sw	x3,328(x30)	 x30:0x8003feb8  x3:0x00000001 PA:0xxxxxxxxx
     485605.000 ns	     48559	80009ec0	ff9ff06f	jal	x0,80009ebc	
     485655.000 ns	     48564	80009eb8	00036f17	auipc	x30,0x36	 x30=0x8003feb8
     485665.000 ns	     48565	80009ebc	143f2423	sw	x3,328(x30)	 x30:0x8003feb8  x3:0x00000001 PA:0xxxxxxxxx
     485685.000 ns	     48567	80009ec0	ff9ff06f	jal	x0,80009ebc	
     485735.000 ns	     48572	80009eb8	00036f17	auipc	x30,0x36	 x30=0x8003feb8
     485745.000 ns	     48573	80009ebc	143f2423	sw	x3,328(x30)	 x30:0x8003feb8  x3:0x00000001 PA:0xxxxxxxxx
     485765.000 ns	     48575	80009ec0	ff9ff06f	jal	x0,80009ebc	
     485815.000 ns	     48580	80009eb8	00036f17	auipc	x30,0x36	 x30=0x8003feb8
     485825.000 ns	     48581	80009ebc	143f2423	sw	x3,328(x30)	 x30:0x8003feb8  x3:0x00000001 PA:0xxxxxxxxx
     485845.000 ns	     48583	80009ec0	ff9ff06f	jal	x0,80009ebc	
     485895.000 ns	     48588	80009eb8	00036f17	auipc	x30,0x36	 x30=0x8003feb8
     485905.000 ns	     48589	80009ebc	143f2423	sw	x3,328(x30)	 x30:0x8003feb8  x3:0x00000001 PA:0xxxxxxxxx
     485925.000 ns	     48591	80009ec0	ff9ff06f	jal	x0,80009ebc	
     485975.000 ns	     48596	80009eb8	00036f17	auipc	x30,0x36	 x30=0x8003feb8
     485985.000 ns	     48597	80009ebc	143f2423	sw	x3,328(x30)	 x30:0x8003feb8  x3:0x00000001 PA:0xxxxxxxxx
     486005.000 ns	     48599	80009ec0	ff9ff06f	jal	x0,80009ebc	
     486055.000 ns	     48604	80009eb8	00036f17	auipc	x30,0x36	 x30=0x8003feb8
     486065.000 ns	     48605	80009ebc	143f2423	sw	x3,328(x30)	 x30:0x8003feb8  x3:0x00000001 PA:0xxxxxxxxx
     486085.000 ns	     48607	80009ec0	ff9ff06f	jal	x0,80009ebc	
     486135.000 ns	     48612	80009eb8	00036f17	auipc	x30,0x36	 x30=0x8003feb8
     486145.000 ns	     48613	80009ebc	143f2423	sw	x3,328(x30)	 x30:0x8003feb8  x3:0x00000001 PA:0xxxxxxxxx
     486165.000 ns	     48615	80009ec0	ff9ff06f	jal	x0,80009ebc	
     486215.000 ns	     48620	80009eb8	00036f17	auipc	x30,0x36	 x30=0x8003feb8
     486225.000 ns	     48621	80009ebc	143f2423	sw	x3,328(x30)	 x30:0x8003feb8  x3:0x00000001 PA:0xxxxxxxxx
     486245.000 ns	     48623	80009ec0	ff9ff06f	jal	x0,80009ebc	
     486295.000 ns	     48628	80009eb8	00036f17	auipc	x30,0x36	 x30=0x8003feb8
     486305.000 ns	     48629	80009ebc	143f2423	sw	x3,328(x30)	 x30:0x8003feb8  x3:0x00000001 PA:0xxxxxxxxx
     486325.000 ns	     48631	80009ec0	ff9ff06f	jal	x0,80009ebc	
     486375.000 ns	     48636	80009eb8	00036f17	auipc	x30,0x36	 x30=0x8003feb8
     486385.000 ns	     48637	80009ebc	143f2423	sw	x3,328(x30)	 x30:0x8003feb8  x3:0x00000001 PA:0xxxxxxxxx
     486405.000 ns	     48639	80009ec0	ff9ff06f	jal	x0,80009ebc	
     486455.000 ns	     48644	80009eb8	00036f17	auipc	x30,0x36	 x30=0x8003feb8
     486465.000 ns	     48645	80009ebc	143f2423	sw	x3,328(x30)	 x30:0x8003feb8  x3:0x00000001 PA:0xxxxxxxxx
     486485.000 ns	     48647	80009ec0	ff9ff06f	jal	x0,80009ebc	
     486535.000 ns	     48652	80009eb8	00036f17	auipc	x30,0x36	 x30=0x8003feb8
     486545.000 ns	     48653	80009ebc	143f2423	sw	x3,328(x30)	 x30:0x8003feb8  x3:0x00000001 PA:0xxxxxxxxx
     486565.000 ns	     48655	80009ec0	ff9ff06f	jal	x0,80009ebc	
     486615.000 ns	     48660	80009eb8	00036f17	auipc	x30,0x36	 x30=0x8003feb8
     486625.000 ns	     48661	80009ebc	143f2423	sw	x3,328(x30)	 x30:0x8003feb8  x3:0x00000001 PA:0xxxxxxxxx
     486645.000 ns	     48663	80009ec0	ff9ff06f	jal	x0,80009ebc	
     486695.000 ns	     48668	80009eb8	00036f17	auipc	x30,0x36	 x30=0x8003feb8
     486705.000 ns	     48669	80009ebc	143f2423	sw	x3,328(x30)	 x30:0x8003feb8  x3:0x00000001 PA:0xxxxxxxxx
     486725.000 ns	     48671	80009ec0	ff9ff06f	jal	x0,80009ebc	
     486775.000 ns	     48676	80009eb8	00036f17	auipc	x30,0x36	 x30=0x8003feb8
     486785.000 ns	     48677	80009ebc	143f2423	sw	x3,328(x30)	 x30:0x8003feb8  x3:0x00000001 PA:0xxxxxxxxx
     486805.000 ns	     48679	80009ec0	ff9ff06f	jal	x0,80009ebc	
     486855.000 ns	     48684	80009eb8	00036f17	auipc	x30,0x36	 x30=0x8003feb8
     486865.000 ns	     48685	80009ebc	143f2423	sw	x3,328(x30)	 x30:0x8003feb8  x3:0x00000001 PA:0xxxxxxxxx
     486885.000 ns	     48687	80009ec0	ff9ff06f	jal	x0,80009ebc	
     486935.000 ns	     48692	80009eb8	00036f17	auipc	x30,0x36	 x30=0x8003feb8
     486945.000 ns	     48693	80009ebc	143f2423	sw	x3,328(x30)	 x30:0x8003feb8  x3:0x00000001 PA:0xxxxxxxxx
     486965.000 ns	     48695	80009ec0	ff9ff06f	jal	x0,80009ebc	
     487015.000 ns	     48700	80009eb8	00036f17	auipc	x30,0x36	 x30=0x8003feb8
     487025.000 ns	     48701	80009ebc	143f2423	sw	x3,328(x30)	 x30:0x8003feb8  x3:0x00000001 PA:0xxxxxxxxx
     487045.000 ns	     48703	80009ec0	ff9ff06f	jal	x0,80009ebc	
     487095.000 ns	     48708	80009eb8	00036f17	auipc	x30,0x36	 x30=0x8003feb8
     487105.000 ns	     48709	80009ebc	143f2423	sw	x3,328(x30)	 x30:0x8003feb8  x3:0x00000001 PA:0xxxxxxxxx
     487125.000 ns	     48711	80009ec0	ff9ff06f	jal	x0,80009ebc	
     487175.000 ns	     48716	80009eb8	00036f17	auipc	x30,0x36	 x30=0x8003feb8
     487185.000 ns	     48717	80009ebc	143f2423	sw	x3,328(x30)	 x30:0x8003feb8  x3:0x00000001 PA:0xxxxxxxxx
     487205.000 ns	     48719	80009ec0	ff9ff06f	jal	x0,80009ebc	
     487255.000 ns	     48724	80009eb8	00036f17	auipc	x30,0x36	 x30=0x8003feb8
     487265.000 ns	     48725	80009ebc	143f2423	sw	x3,328(x30)	 x30:0x8003feb8  x3:0x00000001 PA:0xxxxxxxxx
     487285.000 ns	     48727	80009ec0	ff9ff06f	jal	x0,80009ebc	
     487335.000 ns	     48732	80009eb8	00036f17	auipc	x30,0x36	 x30=0x8003feb8
     487345.000 ns	     48733	80009ebc	143f2423	sw	x3,328(x30)	 x30:0x8003feb8  x3:0x00000001 PA:0xxxxxxxxx
     487365.000 ns	     48735	80009ec0	ff9ff06f	jal	x0,80009ebc	
     487415.000 ns	     48740	80009eb8	00036f17	auipc	x30,0x36	 x30=0x8003feb8
     487425.000 ns	     48741	80009ebc	143f2423	sw	x3,328(x30)	 x30:0x8003feb8  x3:0x00000001 PA:0xxxxxxxxx
     487445.000 ns	     48743	80009ec0	ff9ff06f	jal	x0,80009ebc	
     487495.000 ns	     48748	80009eb8	00036f17	auipc	x30,0x36	 x30=0x8003feb8
     487505.000 ns	     48749	80009ebc	143f2423	sw	x3,328(x30)	 x30:0x8003feb8  x3:0x00000001 PA:0xxxxxxxxx
     487525.000 ns	     48751	80009ec0	ff9ff06f	jal	x0,80009ebc	
     487575.000 ns	     48756	80009eb8	00036f17	auipc	x30,0x36	 x30=0x8003feb8
     487585.000 ns	     48757	80009ebc	143f2423	sw	x3,328(x30)	 x30:0x8003feb8  x3:0x00000001 PA:0xxxxxxxxx
     487605.000 ns	     48759	80009ec0	ff9ff06f	jal	x0,80009ebc	
     487655.000 ns	     48764	80009eb8	00036f17	auipc	x30,0x36	 x30=0x8003feb8
     487665.000 ns	     48765	80009ebc	143f2423	sw	x3,328(x30)	 x30:0x8003feb8  x3:0x00000001 PA:0xxxxxxxxx
     487685.000 ns	     48767	80009ec0	ff9ff06f	jal	x0,80009ebc	
     487735.000 ns	     48772	80009eb8	00036f17	auipc	x30,0x36	 x30=0x8003feb8
     487745.000 ns	     48773	80009ebc	143f2423	sw	x3,328(x30)	 x30:0x8003feb8  x3:0x00000001 PA:0xxxxxxxxx
     487765.000 ns	     48775	80009ec0	ff9ff06f	jal	x0,80009ebc	
     487815.000 ns	     48780	80009eb8	00036f17	auipc	x30,0x36	 x30=0x8003feb8
     487825.000 ns	     48781	80009ebc	143f2423	sw	x3,328(x30)	 x30:0x8003feb8  x3:0x00000001 PA:0xxxxxxxxx
     487845.000 ns	     48783	80009ec0	ff9ff06f	jal	x0,80009ebc	
     487895.000 ns	     48788	80009eb8	00036f17	auipc	x30,0x36	 x30=0x8003feb8
     487905.000 ns	     48789	80009ebc	143f2423	sw	x3,328(x30)	 x30:0x8003feb8  x3:0x00000001 PA:0xxxxxxxxx
     487925.000 ns	     48791	80009ec0	ff9ff06f	jal	x0,80009ebc	
     487975.000 ns	     48796	80009eb8	00036f17	auipc	x30,0x36	 x30=0x8003feb8
     487985.000 ns	     48797	80009ebc	143f2423	sw	x3,328(x30)	 x30:0x8003feb8  x3:0x00000001 PA:0xxxxxxxxx
     488005.000 ns	     48799	80009ec0	ff9ff06f	jal	x0,80009ebc	
     488055.000 ns	     48804	80009eb8	00036f17	auipc	x30,0x36	 x30=0x8003feb8
     488065.000 ns	     48805	80009ebc	143f2423	sw	x3,328(x30)	 x30:0x8003feb8  x3:0x00000001 PA:0xxxxxxxxx
     488085.000 ns	     48807	80009ec0	ff9ff06f	jal	x0,80009ebc	
     488135.000 ns	     48812	80009eb8	00036f17	auipc	x30,0x36	 x30=0x8003feb8
     488145.000 ns	     48813	80009ebc	143f2423	sw	x3,328(x30)	 x30:0x8003feb8  x3:0x00000001 PA:0xxxxxxxxx
     488165.000 ns	     48815	80009ec0	ff9ff06f	jal	x0,80009ebc	
     488215.000 ns	     48820	80009eb8	00036f17	auipc	x30,0x36	 x30=0x8003feb8
     488225.000 ns	     48821	80009ebc	143f2423	sw	x3,328(x30)	 x30:0x8003feb8  x3:0x00000001 PA:0xxxxxxxxx
     488245.000 ns	     48823	80009ec0	ff9ff06f	jal	x0,80009ebc	
     488295.000 ns	     48828	80009eb8	00036f17	auipc	x30,0x36	 x30=0x8003feb8
     488305.000 ns	     48829	80009ebc	143f2423	sw	x3,328(x30)	 x30:0x8003feb8  x3:0x00000001 PA:0xxxxxxxxx
     488325.000 ns	     48831	80009ec0	ff9ff06f	jal	x0,80009ebc	
     488375.000 ns	     48836	80009eb8	00036f17	auipc	x30,0x36	 x30=0x8003feb8
     488385.000 ns	     48837	80009ebc	143f2423	sw	x3,328(x30)	 x30:0x8003feb8  x3:0x00000001 PA:0xxxxxxxxx
     488405.000 ns	     48839	80009ec0	ff9ff06f	jal	x0,80009ebc	
     488455.000 ns	     48844	80009eb8	00036f17	auipc	x30,0x36	 x30=0x8003feb8
     488465.000 ns	     48845	80009ebc	143f2423	sw	x3,328(x30)	 x30:0x8003feb8  x3:0x00000001 PA:0xxxxxxxxx
     488485.000 ns	     48847	80009ec0	ff9ff06f	jal	x0,80009ebc	
     488535.000 ns	     48852	80009eb8	00036f17	auipc	x30,0x36	 x30=0x8003feb8
     488545.000 ns	     48853	80009ebc	143f2423	sw	x3,328(x30)	 x30:0x8003feb8  x3:0x00000001 PA:0xxxxxxxxx
     488565.000 ns	     48855	80009ec0	ff9ff06f	jal	x0,80009ebc	
     488615.000 ns	     48860	80009eb8	00036f17	auipc	x30,0x36	 x30=0x8003feb8
     488625.000 ns	     48861	80009ebc	143f2423	sw	x3,328(x30)	 x30:0x8003feb8  x3:0x00000001 PA:0xxxxxxxxx
     488645.000 ns	     48863	80009ec0	ff9ff06f	jal	x0,80009ebc	
     488695.000 ns	     48868	80009eb8	00036f17	auipc	x30,0x36	 x30=0x8003feb8
     488705.000 ns	     48869	80009ebc	143f2423	sw	x3,328(x30)	 x30:0x8003feb8  x3:0x00000001 PA:0xxxxxxxxx
     488725.000 ns	     48871	80009ec0	ff9ff06f	jal	x0,80009ebc	
     488775.000 ns	     48876	80009eb8	00036f17	auipc	x30,0x36	 x30=0x8003feb8
     488785.000 ns	     48877	80009ebc	143f2423	sw	x3,328(x30)	 x30:0x8003feb8  x3:0x00000001 PA:0xxxxxxxxx
     488805.000 ns	     48879	80009ec0	ff9ff06f	jal	x0,80009ebc	
     488855.000 ns	     48884	80009eb8	00036f17	auipc	x30,0x36	 x30=0x8003feb8
     488865.000 ns	     48885	80009ebc	143f2423	sw	x3,328(x30)	 x30:0x8003feb8  x3:0x00000001 PA:0xxxxxxxxx
     488885.000 ns	     48887	80009ec0	ff9ff06f	jal	x0,80009ebc	
     488935.000 ns	     48892	80009eb8	00036f17	auipc	x30,0x36	 x30=0x8003feb8
     488945.000 ns	     48893	80009ebc	143f2423	sw	x3,328(x30)	 x30:0x8003feb8  x3:0x00000001 PA:0xxxxxxxxx
     488965.000 ns	     48895	80009ec0	ff9ff06f	jal	x0,80009ebc	
     489015.000 ns	     48900	80009eb8	00036f17	auipc	x30,0x36	 x30=0x8003feb8
     489025.000 ns	     48901	80009ebc	143f2423	sw	x3,328(x30)	 x30:0x8003feb8  x3:0x00000001 PA:0xxxxxxxxx
     489045.000 ns	     48903	80009ec0	ff9ff06f	jal	x0,80009ebc	
     489095.000 ns	     48908	80009eb8	00036f17	auipc	x30,0x36	 x30=0x8003feb8
     489105.000 ns	     48909	80009ebc	143f2423	sw	x3,328(x30)	 x30:0x8003feb8  x3:0x00000001 PA:0xxxxxxxxx
     489125.000 ns	     48911	80009ec0	ff9ff06f	jal	x0,80009ebc	
     489175.000 ns	     48916	80009eb8	00036f17	auipc	x30,0x36	 x30=0x8003feb8
     489185.000 ns	     48917	80009ebc	143f2423	sw	x3,328(x30)	 x30:0x8003feb8  x3:0x00000001 PA:0xxxxxxxxx
     489205.000 ns	     48919	80009ec0	ff9ff06f	jal	x0,80009ebc	
     489255.000 ns	     48924	80009eb8	00036f17	auipc	x30,0x36	 x30=0x8003feb8
     489265.000 ns	     48925	80009ebc	143f2423	sw	x3,328(x30)	 x30:0x8003feb8  x3:0x00000001 PA:0xxxxxxxxx
     489285.000 ns	     48927	80009ec0	ff9ff06f	jal	x0,80009ebc	
     489335.000 ns	     48932	80009eb8	00036f17	auipc	x30,0x36	 x30=0x8003feb8
     489345.000 ns	     48933	80009ebc	143f2423	sw	x3,328(x30)	 x30:0x8003feb8  x3:0x00000001 PA:0xxxxxxxxx
     489365.000 ns	     48935	80009ec0	ff9ff06f	jal	x0,80009ebc	
     489415.000 ns	     48940	80009eb8	00036f17	auipc	x30,0x36	 x30=0x8003feb8
     489425.000 ns	     48941	80009ebc	143f2423	sw	x3,328(x30)	 x30:0x8003feb8  x3:0x00000001 PA:0xxxxxxxxx
     489445.000 ns	     48943	80009ec0	ff9ff06f	jal	x0,80009ebc	
     489495.000 ns	     48948	80009eb8	00036f17	auipc	x30,0x36	 x30=0x8003feb8
     489505.000 ns	     48949	80009ebc	143f2423	sw	x3,328(x30)	 x30:0x8003feb8  x3:0x00000001 PA:0xxxxxxxxx
     489525.000 ns	     48951	80009ec0	ff9ff06f	jal	x0,80009ebc	
     489575.000 ns	     48956	80009eb8	00036f17	auipc	x30,0x36	 x30=0x8003feb8
     489585.000 ns	     48957	80009ebc	143f2423	sw	x3,328(x30)	 x30:0x8003feb8  x3:0x00000001 PA:0xxxxxxxxx
     489605.000 ns	     48959	80009ec0	ff9ff06f	jal	x0,80009ebc	
     489655.000 ns	     48964	80009eb8	00036f17	auipc	x30,0x36	 x30=0x8003feb8
     489665.000 ns	     48965	80009ebc	143f2423	sw	x3,328(x30)	 x30:0x8003feb8  x3:0x00000001 PA:0xxxxxxxxx
     489685.000 ns	     48967	80009ec0	ff9ff06f	jal	x0,80009ebc	
     489735.000 ns	     48972	80009eb8	00036f17	auipc	x30,0x36	 x30=0x8003feb8
     489745.000 ns	     48973	80009ebc	143f2423	sw	x3,328(x30)	 x30:0x8003feb8  x3:0x00000001 PA:0xxxxxxxxx
     489765.000 ns	     48975	80009ec0	ff9ff06f	jal	x0,80009ebc	
     489815.000 ns	     48980	80009eb8	00036f17	auipc	x30,0x36	 x30=0x8003feb8
     489825.000 ns	     48981	80009ebc	143f2423	sw	x3,328(x30)	 x30:0x8003feb8  x3:0x00000001 PA:0xxxxxxxxx
     489845.000 ns	     48983	80009ec0	ff9ff06f	jal	x0,80009ebc	
     489895.000 ns	     48988	80009eb8	00036f17	auipc	x30,0x36	 x30=0x8003feb8
     489905.000 ns	     48989	80009ebc	143f2423	sw	x3,328(x30)	 x30:0x8003feb8  x3:0x00000001 PA:0xxxxxxxxx
     489925.000 ns	     48991	80009ec0	ff9ff06f	jal	x0,80009ebc	
     489975.000 ns	     48996	80009eb8	00036f17	auipc	x30,0x36	 x30=0x8003feb8
     489985.000 ns	     48997	80009ebc	143f2423	sw	x3,328(x30)	 x30:0x8003feb8  x3:0x00000001 PA:0xxxxxxxxx
     490005.000 ns	     48999	80009ec0	ff9ff06f	jal	x0,80009ebc	
     490055.000 ns	     49004	80009eb8	00036f17	auipc	x30,0x36	 x30=0x8003feb8
     490065.000 ns	     49005	80009ebc	143f2423	sw	x3,328(x30)	 x30:0x8003feb8  x3:0x00000001 PA:0xxxxxxxxx
     490085.000 ns	     49007	80009ec0	ff9ff06f	jal	x0,80009ebc	
     490135.000 ns	     49012	80009eb8	00036f17	auipc	x30,0x36	 x30=0x8003feb8
     490145.000 ns	     49013	80009ebc	143f2423	sw	x3,328(x30)	 x30:0x8003feb8  x3:0x00000001 PA:0xxxxxxxxx
     490165.000 ns	     49015	80009ec0	ff9ff06f	jal	x0,80009ebc	
     490215.000 ns	     49020	80009eb8	00036f17	auipc	x30,0x36	 x30=0x8003feb8
     490225.000 ns	     49021	80009ebc	143f2423	sw	x3,328(x30)	 x30:0x8003feb8  x3:0x00000001 PA:0xxxxxxxxx
     490245.000 ns	     49023	80009ec0	ff9ff06f	jal	x0,80009ebc	
     490295.000 ns	     49028	80009eb8	00036f17	auipc	x30,0x36	 x30=0x8003feb8
     490305.000 ns	     49029	80009ebc	143f2423	sw	x3,328(x30)	 x30:0x8003feb8  x3:0x00000001 PA:0xxxxxxxxx
     490325.000 ns	     49031	80009ec0	ff9ff06f	jal	x0,80009ebc	
     490375.000 ns	     49036	80009eb8	00036f17	auipc	x30,0x36	 x30=0x8003feb8
     490385.000 ns	     49037	80009ebc	143f2423	sw	x3,328(x30)	 x30:0x8003feb8  x3:0x00000001 PA:0xxxxxxxxx
     490405.000 ns	     49039	80009ec0	ff9ff06f	jal	x0,80009ebc	
     490455.000 ns	     49044	80009eb8	00036f17	auipc	x30,0x36	 x30=0x8003feb8
     490465.000 ns	     49045	80009ebc	143f2423	sw	x3,328(x30)	 x30:0x8003feb8  x3:0x00000001 PA:0xxxxxxxxx
     490485.000 ns	     49047	80009ec0	ff9ff06f	jal	x0,80009ebc	
     490535.000 ns	     49052	80009eb8	00036f17	auipc	x30,0x36	 x30=0x8003feb8
     490545.000 ns	     49053	80009ebc	143f2423	sw	x3,328(x30)	 x30:0x8003feb8  x3:0x00000001 PA:0xxxxxxxxx
     490565.000 ns	     49055	80009ec0	ff9ff06f	jal	x0,80009ebc	
     490615.000 ns	     49060	80009eb8	00036f17	auipc	x30,0x36	 x30=0x8003feb8
     490625.000 ns	     49061	80009ebc	143f2423	sw	x3,328(x30)	 x30:0x8003feb8  x3:0x00000001 PA:0xxxxxxxxx
     490645.000 ns	     49063	80009ec0	ff9ff06f	jal	x0,80009ebc	
     490695.000 ns	     49068	80009eb8	00036f17	auipc	x30,0x36	 x30=0x8003feb8
     490705.000 ns	     49069	80009ebc	143f2423	sw	x3,328(x30)	 x30:0x8003feb8  x3:0x00000001 PA:0xxxxxxxxx
     490725.000 ns	     49071	80009ec0	ff9ff06f	jal	x0,80009ebc	
     490775.000 ns	     49076	80009eb8	00036f17	auipc	x30,0x36	 x30=0x8003feb8
     490785.000 ns	     49077	80009ebc	143f2423	sw	x3,328(x30)	 x30:0x8003feb8  x3:0x00000001 PA:0xxxxxxxxx
     490805.000 ns	     49079	80009ec0	ff9ff06f	jal	x0,80009ebc	
     490855.000 ns	     49084	80009eb8	00036f17	auipc	x30,0x36	 x30=0x8003feb8
     490865.000 ns	     49085	80009ebc	143f2423	sw	x3,328(x30)	 x30:0x8003feb8  x3:0x00000001 PA:0xxxxxxxxx
     490885.000 ns	     49087	80009ec0	ff9ff06f	jal	x0,80009ebc	
     490935.000 ns	     49092	80009eb8	00036f17	auipc	x30,0x36	 x30=0x8003feb8
     490945.000 ns	     49093	80009ebc	143f2423	sw	x3,328(x30)	 x30:0x8003feb8  x3:0x00000001 PA:0xxxxxxxxx
     490965.000 ns	     49095	80009ec0	ff9ff06f	jal	x0,80009ebc	
     491015.000 ns	     49100	80009eb8	00036f17	auipc	x30,0x36	 x30=0x8003feb8
     491025.000 ns	     49101	80009ebc	143f2423	sw	x3,328(x30)	 x30:0x8003feb8  x3:0x00000001 PA:0xxxxxxxxx
     491045.000 ns	     49103	80009ec0	ff9ff06f	jal	x0,80009ebc	
     491095.000 ns	     49108	80009eb8	00036f17	auipc	x30,0x36	 x30=0x8003feb8
     491105.000 ns	     49109	80009ebc	143f2423	sw	x3,328(x30)	 x30:0x8003feb8  x3:0x00000001 PA:0xxxxxxxxx
     491125.000 ns	     49111	80009ec0	ff9ff06f	jal	x0,80009ebc	
     491175.000 ns	     49116	80009eb8	00036f17	auipc	x30,0x36	 x30=0x8003feb8
     491185.000 ns	     49117	80009ebc	143f2423	sw	x3,328(x30)	 x30:0x8003feb8  x3:0x00000001 PA:0xxxxxxxxx
     491205.000 ns	     49119	80009ec0	ff9ff06f	jal	x0,80009ebc	
     491255.000 ns	     49124	80009eb8	00036f17	auipc	x30,0x36	 x30=0x8003feb8
     491265.000 ns	     49125	80009ebc	143f2423	sw	x3,328(x30)	 x30:0x8003feb8  x3:0x00000001 PA:0xxxxxxxxx
     491285.000 ns	     49127	80009ec0	ff9ff06f	jal	x0,80009ebc	
     491335.000 ns	     49132	80009eb8	00036f17	auipc	x30,0x36	 x30=0x8003feb8
     491345.000 ns	     49133	80009ebc	143f2423	sw	x3,328(x30)	 x30:0x8003feb8  x3:0x00000001 PA:0xxxxxxxxx
     491365.000 ns	     49135	80009ec0	ff9ff06f	jal	x0,80009ebc	
     491415.000 ns	     49140	80009eb8	00036f17	auipc	x30,0x36	 x30=0x8003feb8
     491425.000 ns	     49141	80009ebc	143f2423	sw	x3,328(x30)	 x30:0x8003feb8  x3:0x00000001 PA:0xxxxxxxxx
     491445.000 ns	     49143	80009ec0	ff9ff06f	jal	x0,80009ebc	
     491495.000 ns	     49148	80009eb8	00036f17	auipc	x30,0x36	 x30=0x8003feb8
     491505.000 ns	     49149	80009ebc	143f2423	sw	x3,328(x30)	 x30:0x8003feb8  x3:0x00000001 PA:0xxxxxxxxx
     491525.000 ns	     49151	80009ec0	ff9ff06f	jal	x0,80009ebc	
     491575.000 ns	     49156	80009eb8	00036f17	auipc	x30,0x36	 x30=0x8003feb8
     491585.000 ns	     49157	80009ebc	143f2423	sw	x3,328(x30)	 x30:0x8003feb8  x3:0x00000001 PA:0xxxxxxxxx
     491605.000 ns	     49159	80009ec0	ff9ff06f	jal	x0,80009ebc	
     491655.000 ns	     49164	80009eb8	00036f17	auipc	x30,0x36	 x30=0x8003feb8
     491665.000 ns	     49165	80009ebc	143f2423	sw	x3,328(x30)	 x30:0x8003feb8  x3:0x00000001 PA:0xxxxxxxxx
     491685.000 ns	     49167	80009ec0	ff9ff06f	jal	x0,80009ebc	
     491735.000 ns	     49172	80009eb8	00036f17	auipc	x30,0x36	 x30=0x8003feb8
     491745.000 ns	     49173	80009ebc	143f2423	sw	x3,328(x30)	 x30:0x8003feb8  x3:0x00000001 PA:0xxxxxxxxx
     491765.000 ns	     49175	80009ec0	ff9ff06f	jal	x0,80009ebc	
     491815.000 ns	     49180	80009eb8	00036f17	auipc	x30,0x36	 x30=0x8003feb8
     491825.000 ns	     49181	80009ebc	143f2423	sw	x3,328(x30)	 x30:0x8003feb8  x3:0x00000001 PA:0xxxxxxxxx
     491845.000 ns	     49183	80009ec0	ff9ff06f	jal	x0,80009ebc	
     491895.000 ns	     49188	80009eb8	00036f17	auipc	x30,0x36	 x30=0x8003feb8
     491905.000 ns	     49189	80009ebc	143f2423	sw	x3,328(x30)	 x30:0x8003feb8  x3:0x00000001 PA:0xxxxxxxxx
     491925.000 ns	     49191	80009ec0	ff9ff06f	jal	x0,80009ebc	
     491975.000 ns	     49196	80009eb8	00036f17	auipc	x30,0x36	 x30=0x8003feb8
     491985.000 ns	     49197	80009ebc	143f2423	sw	x3,328(x30)	 x30:0x8003feb8  x3:0x00000001 PA:0xxxxxxxxx
     492005.000 ns	     49199	80009ec0	ff9ff06f	jal	x0,80009ebc	
     492055.000 ns	     49204	80009eb8	00036f17	auipc	x30,0x36	 x30=0x8003feb8
     492065.000 ns	     49205	80009ebc	143f2423	sw	x3,328(x30)	 x30:0x8003feb8  x3:0x00000001 PA:0xxxxxxxxx
     492085.000 ns	     49207	80009ec0	ff9ff06f	jal	x0,80009ebc	
     492135.000 ns	     49212	80009eb8	00036f17	auipc	x30,0x36	 x30=0x8003feb8
     492145.000 ns	     49213	80009ebc	143f2423	sw	x3,328(x30)	 x30:0x8003feb8  x3:0x00000001 PA:0xxxxxxxxx
     492165.000 ns	     49215	80009ec0	ff9ff06f	jal	x0,80009ebc	
     492215.000 ns	     49220	80009eb8	00036f17	auipc	x30,0x36	 x30=0x8003feb8
     492225.000 ns	     49221	80009ebc	143f2423	sw	x3,328(x30)	 x30:0x8003feb8  x3:0x00000001 PA:0xxxxxxxxx
     492245.000 ns	     49223	80009ec0	ff9ff06f	jal	x0,80009ebc	
     492295.000 ns	     49228	80009eb8	00036f17	auipc	x30,0x36	 x30=0x8003feb8
     492305.000 ns	     49229	80009ebc	143f2423	sw	x3,328(x30)	 x30:0x8003feb8  x3:0x00000001 PA:0xxxxxxxxx
     492325.000 ns	     49231	80009ec0	ff9ff06f	jal	x0,80009ebc	
     492375.000 ns	     49236	80009eb8	00036f17	auipc	x30,0x36	 x30=0x8003feb8
     492385.000 ns	     49237	80009ebc	143f2423	sw	x3,328(x30)	 x30:0x8003feb8  x3:0x00000001 PA:0xxxxxxxxx
     492405.000 ns	     49239	80009ec0	ff9ff06f	jal	x0,80009ebc	
     492455.000 ns	     49244	80009eb8	00036f17	auipc	x30,0x36	 x30=0x8003feb8
     492465.000 ns	     49245	80009ebc	143f2423	sw	x3,328(x30)	 x30:0x8003feb8  x3:0x00000001 PA:0xxxxxxxxx
     492485.000 ns	     49247	80009ec0	ff9ff06f	jal	x0,80009ebc	
     492535.000 ns	     49252	80009eb8	00036f17	auipc	x30,0x36	 x30=0x8003feb8
     492545.000 ns	     49253	80009ebc	143f2423	sw	x3,328(x30)	 x30:0x8003feb8  x3:0x00000001 PA:0xxxxxxxxx
     492565.000 ns	     49255	80009ec0	ff9ff06f	jal	x0,80009ebc	
     492615.000 ns	     49260	80009eb8	00036f17	auipc	x30,0x36	 x30=0x8003feb8
     492625.000 ns	     49261	80009ebc	143f2423	sw	x3,328(x30)	 x30:0x8003feb8  x3:0x00000001 PA:0xxxxxxxxx
     492645.000 ns	     49263	80009ec0	ff9ff06f	jal	x0,80009ebc	
     492695.000 ns	     49268	80009eb8	00036f17	auipc	x30,0x36	 x30=0x8003feb8
     492705.000 ns	     49269	80009ebc	143f2423	sw	x3,328(x30)	 x30:0x8003feb8  x3:0x00000001 PA:0xxxxxxxxx
     492725.000 ns	     49271	80009ec0	ff9ff06f	jal	x0,80009ebc	
     492775.000 ns	     49276	80009eb8	00036f17	auipc	x30,0x36	 x30=0x8003feb8
     492785.000 ns	     49277	80009ebc	143f2423	sw	x3,328(x30)	 x30:0x8003feb8  x3:0x00000001 PA:0xxxxxxxxx
     492805.000 ns	     49279	80009ec0	ff9ff06f	jal	x0,80009ebc	
     492855.000 ns	     49284	80009eb8	00036f17	auipc	x30,0x36	 x30=0x8003feb8
     492865.000 ns	     49285	80009ebc	143f2423	sw	x3,328(x30)	 x30:0x8003feb8  x3:0x00000001 PA:0xxxxxxxxx
     492885.000 ns	     49287	80009ec0	ff9ff06f	jal	x0,80009ebc	
     492935.000 ns	     49292	80009eb8	00036f17	auipc	x30,0x36	 x30=0x8003feb8
     492945.000 ns	     49293	80009ebc	143f2423	sw	x3,328(x30)	 x30:0x8003feb8  x3:0x00000001 PA:0xxxxxxxxx
     492965.000 ns	     49295	80009ec0	ff9ff06f	jal	x0,80009ebc	
     493015.000 ns	     49300	80009eb8	00036f17	auipc	x30,0x36	 x30=0x8003feb8
     493025.000 ns	     49301	80009ebc	143f2423	sw	x3,328(x30)	 x30:0x8003feb8  x3:0x00000001 PA:0xxxxxxxxx
     493045.000 ns	     49303	80009ec0	ff9ff06f	jal	x0,80009ebc	
     493095.000 ns	     49308	80009eb8	00036f17	auipc	x30,0x36	 x30=0x8003feb8
     493105.000 ns	     49309	80009ebc	143f2423	sw	x3,328(x30)	 x30:0x8003feb8  x3:0x00000001 PA:0xxxxxxxxx
     493125.000 ns	     49311	80009ec0	ff9ff06f	jal	x0,80009ebc	
     493175.000 ns	     49316	80009eb8	00036f17	auipc	x30,0x36	 x30=0x8003feb8
     493185.000 ns	     49317	80009ebc	143f2423	sw	x3,328(x30)	 x30:0x8003feb8  x3:0x00000001 PA:0xxxxxxxxx
     493205.000 ns	     49319	80009ec0	ff9ff06f	jal	x0,80009ebc	
     493255.000 ns	     49324	80009eb8	00036f17	auipc	x30,0x36	 x30=0x8003feb8
     493265.000 ns	     49325	80009ebc	143f2423	sw	x3,328(x30)	 x30:0x8003feb8  x3:0x00000001 PA:0xxxxxxxxx
     493285.000 ns	     49327	80009ec0	ff9ff06f	jal	x0,80009ebc	
     493335.000 ns	     49332	80009eb8	00036f17	auipc	x30,0x36	 x30=0x8003feb8
     493345.000 ns	     49333	80009ebc	143f2423	sw	x3,328(x30)	 x30:0x8003feb8  x3:0x00000001 PA:0xxxxxxxxx
     493365.000 ns	     49335	80009ec0	ff9ff06f	jal	x0,80009ebc	
     493415.000 ns	     49340	80009eb8	00036f17	auipc	x30,0x36	 x30=0x8003feb8
     493425.000 ns	     49341	80009ebc	143f2423	sw	x3,328(x30)	 x30:0x8003feb8  x3:0x00000001 PA:0xxxxxxxxx
     493445.000 ns	     49343	80009ec0	ff9ff06f	jal	x0,80009ebc	
     493495.000 ns	     49348	80009eb8	00036f17	auipc	x30,0x36	 x30=0x8003feb8
     493505.000 ns	     49349	80009ebc	143f2423	sw	x3,328(x30)	 x30:0x8003feb8  x3:0x00000001 PA:0xxxxxxxxx
     493525.000 ns	     49351	80009ec0	ff9ff06f	jal	x0,80009ebc	
     493575.000 ns	     49356	80009eb8	00036f17	auipc	x30,0x36	 x30=0x8003feb8
     493585.000 ns	     49357	80009ebc	143f2423	sw	x3,328(x30)	 x30:0x8003feb8  x3:0x00000001 PA:0xxxxxxxxx
     493605.000 ns	     49359	80009ec0	ff9ff06f	jal	x0,80009ebc	
     493655.000 ns	     49364	80009eb8	00036f17	auipc	x30,0x36	 x30=0x8003feb8
     493665.000 ns	     49365	80009ebc	143f2423	sw	x3,328(x30)	 x30:0x8003feb8  x3:0x00000001 PA:0xxxxxxxxx
     493685.000 ns	     49367	80009ec0	ff9ff06f	jal	x0,80009ebc	
     493735.000 ns	     49372	80009eb8	00036f17	auipc	x30,0x36	 x30=0x8003feb8
     493745.000 ns	     49373	80009ebc	143f2423	sw	x3,328(x30)	 x30:0x8003feb8  x3:0x00000001 PA:0xxxxxxxxx
     493765.000 ns	     49375	80009ec0	ff9ff06f	jal	x0,80009ebc	
     493815.000 ns	     49380	80009eb8	00036f17	auipc	x30,0x36	 x30=0x8003feb8
     493825.000 ns	     49381	80009ebc	143f2423	sw	x3,328(x30)	 x30:0x8003feb8  x3:0x00000001 PA:0xxxxxxxxx
     493845.000 ns	     49383	80009ec0	ff9ff06f	jal	x0,80009ebc	
     493895.000 ns	     49388	80009eb8	00036f17	auipc	x30,0x36	 x30=0x8003feb8
     493905.000 ns	     49389	80009ebc	143f2423	sw	x3,328(x30)	 x30:0x8003feb8  x3:0x00000001 PA:0xxxxxxxxx
     493925.000 ns	     49391	80009ec0	ff9ff06f	jal	x0,80009ebc	
     493975.000 ns	     49396	80009eb8	00036f17	auipc	x30,0x36	 x30=0x8003feb8
     493985.000 ns	     49397	80009ebc	143f2423	sw	x3,328(x30)	 x30:0x8003feb8  x3:0x00000001 PA:0xxxxxxxxx
     494005.000 ns	     49399	80009ec0	ff9ff06f	jal	x0,80009ebc	
     494055.000 ns	     49404	80009eb8	00036f17	auipc	x30,0x36	 x30=0x8003feb8
     494065.000 ns	     49405	80009ebc	143f2423	sw	x3,328(x30)	 x30:0x8003feb8  x3:0x00000001 PA:0xxxxxxxxx
     494085.000 ns	     49407	80009ec0	ff9ff06f	jal	x0,80009ebc	
     494135.000 ns	     49412	80009eb8	00036f17	auipc	x30,0x36	 x30=0x8003feb8
     494145.000 ns	     49413	80009ebc	143f2423	sw	x3,328(x30)	 x30:0x8003feb8  x3:0x00000001 PA:0xxxxxxxxx
     494165.000 ns	     49415	80009ec0	ff9ff06f	jal	x0,80009ebc	
     494215.000 ns	     49420	80009eb8	00036f17	auipc	x30,0x36	 x30=0x8003feb8
     494225.000 ns	     49421	80009ebc	143f2423	sw	x3,328(x30)	 x30:0x8003feb8  x3:0x00000001 PA:0xxxxxxxxx
     494245.000 ns	     49423	80009ec0	ff9ff06f	jal	x0,80009ebc	
     494295.000 ns	     49428	80009eb8	00036f17	auipc	x30,0x36	 x30=0x8003feb8
     494305.000 ns	     49429	80009ebc	143f2423	sw	x3,328(x30)	 x30:0x8003feb8  x3:0x00000001 PA:0xxxxxxxxx
     494325.000 ns	     49431	80009ec0	ff9ff06f	jal	x0,80009ebc	
     494375.000 ns	     49436	80009eb8	00036f17	auipc	x30,0x36	 x30=0x8003feb8
     494385.000 ns	     49437	80009ebc	143f2423	sw	x3,328(x30)	 x30:0x8003feb8  x3:0x00000001 PA:0xxxxxxxxx
     494405.000 ns	     49439	80009ec0	ff9ff06f	jal	x0,80009ebc	
     494455.000 ns	     49444	80009eb8	00036f17	auipc	x30,0x36	 x30=0x8003feb8
     494465.000 ns	     49445	80009ebc	143f2423	sw	x3,328(x30)	 x30:0x8003feb8  x3:0x00000001 PA:0xxxxxxxxx
     494485.000 ns	     49447	80009ec0	ff9ff06f	jal	x0,80009ebc	
     494535.000 ns	     49452	80009eb8	00036f17	auipc	x30,0x36	 x30=0x8003feb8
     494545.000 ns	     49453	80009ebc	143f2423	sw	x3,328(x30)	 x30:0x8003feb8  x3:0x00000001 PA:0xxxxxxxxx
     494565.000 ns	     49455	80009ec0	ff9ff06f	jal	x0,80009ebc	
     494615.000 ns	     49460	80009eb8	00036f17	auipc	x30,0x36	 x30=0x8003feb8
     494625.000 ns	     49461	80009ebc	143f2423	sw	x3,328(x30)	 x30:0x8003feb8  x3:0x00000001 PA:0xxxxxxxxx
     494645.000 ns	     49463	80009ec0	ff9ff06f	jal	x0,80009ebc	
     494695.000 ns	     49468	80009eb8	00036f17	auipc	x30,0x36	 x30=0x8003feb8
     494705.000 ns	     49469	80009ebc	143f2423	sw	x3,328(x30)	 x30:0x8003feb8  x3:0x00000001 PA:0xxxxxxxxx
     494725.000 ns	     49471	80009ec0	ff9ff06f	jal	x0,80009ebc	
     494775.000 ns	     49476	80009eb8	00036f17	auipc	x30,0x36	 x30=0x8003feb8
     494785.000 ns	     49477	80009ebc	143f2423	sw	x3,328(x30)	 x30:0x8003feb8  x3:0x00000001 PA:0xxxxxxxxx
     494805.000 ns	     49479	80009ec0	ff9ff06f	jal	x0,80009ebc	
     494855.000 ns	     49484	80009eb8	00036f17	auipc	x30,0x36	 x30=0x8003feb8
     494865.000 ns	     49485	80009ebc	143f2423	sw	x3,328(x30)	 x30:0x8003feb8  x3:0x00000001 PA:0xxxxxxxxx
     494885.000 ns	     49487	80009ec0	ff9ff06f	jal	x0,80009ebc	
     494935.000 ns	     49492	80009eb8	00036f17	auipc	x30,0x36	 x30=0x8003feb8
     494945.000 ns	     49493	80009ebc	143f2423	sw	x3,328(x30)	 x30:0x8003feb8  x3:0x00000001 PA:0xxxxxxxxx
     494965.000 ns	     49495	80009ec0	ff9ff06f	jal	x0,80009ebc	
     495015.000 ns	     49500	80009eb8	00036f17	auipc	x30,0x36	 x30=0x8003feb8
     495025.000 ns	     49501	80009ebc	143f2423	sw	x3,328(x30)	 x30:0x8003feb8  x3:0x00000001 PA:0xxxxxxxxx
     495045.000 ns	     49503	80009ec0	ff9ff06f	jal	x0,80009ebc	
     495095.000 ns	     49508	80009eb8	00036f17	auipc	x30,0x36	 x30=0x8003feb8
     495105.000 ns	     49509	80009ebc	143f2423	sw	x3,328(x30)	 x30:0x8003feb8  x3:0x00000001 PA:0xxxxxxxxx
     495125.000 ns	     49511	80009ec0	ff9ff06f	jal	x0,80009ebc	
     495175.000 ns	     49516	80009eb8	00036f17	auipc	x30,0x36	 x30=0x8003feb8
     495185.000 ns	     49517	80009ebc	143f2423	sw	x3,328(x30)	 x30:0x8003feb8  x3:0x00000001 PA:0xxxxxxxxx
     495205.000 ns	     49519	80009ec0	ff9ff06f	jal	x0,80009ebc	
     495255.000 ns	     49524	80009eb8	00036f17	auipc	x30,0x36	 x30=0x8003feb8
     495265.000 ns	     49525	80009ebc	143f2423	sw	x3,328(x30)	 x30:0x8003feb8  x3:0x00000001 PA:0xxxxxxxxx
     495285.000 ns	     49527	80009ec0	ff9ff06f	jal	x0,80009ebc	
     495335.000 ns	     49532	80009eb8	00036f17	auipc	x30,0x36	 x30=0x8003feb8
     495345.000 ns	     49533	80009ebc	143f2423	sw	x3,328(x30)	 x30:0x8003feb8  x3:0x00000001 PA:0xxxxxxxxx
     495365.000 ns	     49535	80009ec0	ff9ff06f	jal	x0,80009ebc	
     495415.000 ns	     49540	80009eb8	00036f17	auipc	x30,0x36	 x30=0x8003feb8
     495425.000 ns	     49541	80009ebc	143f2423	sw	x3,328(x30)	 x30:0x8003feb8  x3:0x00000001 PA:0xxxxxxxxx
     495445.000 ns	     49543	80009ec0	ff9ff06f	jal	x0,80009ebc	
     495495.000 ns	     49548	80009eb8	00036f17	auipc	x30,0x36	 x30=0x8003feb8
     495505.000 ns	     49549	80009ebc	143f2423	sw	x3,328(x30)	 x30:0x8003feb8  x3:0x00000001 PA:0xxxxxxxxx
     495525.000 ns	     49551	80009ec0	ff9ff06f	jal	x0,80009ebc	
     495575.000 ns	     49556	80009eb8	00036f17	auipc	x30,0x36	 x30=0x8003feb8
     495585.000 ns	     49557	80009ebc	143f2423	sw	x3,328(x30)	 x30:0x8003feb8  x3:0x00000001 PA:0xxxxxxxxx
     495605.000 ns	     49559	80009ec0	ff9ff06f	jal	x0,80009ebc	
     495655.000 ns	     49564	80009eb8	00036f17	auipc	x30,0x36	 x30=0x8003feb8
     495665.000 ns	     49565	80009ebc	143f2423	sw	x3,328(x30)	 x30:0x8003feb8  x3:0x00000001 PA:0xxxxxxxxx
     495685.000 ns	     49567	80009ec0	ff9ff06f	jal	x0,80009ebc	
     495735.000 ns	     49572	80009eb8	00036f17	auipc	x30,0x36	 x30=0x8003feb8
     495745.000 ns	     49573	80009ebc	143f2423	sw	x3,328(x30)	 x30:0x8003feb8  x3:0x00000001 PA:0xxxxxxxxx
     495765.000 ns	     49575	80009ec0	ff9ff06f	jal	x0,80009ebc	
     495815.000 ns	     49580	80009eb8	00036f17	auipc	x30,0x36	 x30=0x8003feb8
     495825.000 ns	     49581	80009ebc	143f2423	sw	x3,328(x30)	 x30:0x8003feb8  x3:0x00000001 PA:0xxxxxxxxx
     495845.000 ns	     49583	80009ec0	ff9ff06f	jal	x0,80009ebc	
     495895.000 ns	     49588	80009eb8	00036f17	auipc	x30,0x36	 x30=0x8003feb8
     495905.000 ns	     49589	80009ebc	143f2423	sw	x3,328(x30)	 x30:0x8003feb8  x3:0x00000001 PA:0xxxxxxxxx
     495925.000 ns	     49591	80009ec0	ff9ff06f	jal	x0,80009ebc	
     495975.000 ns	     49596	80009eb8	00036f17	auipc	x30,0x36	 x30=0x8003feb8
     495985.000 ns	     49597	80009ebc	143f2423	sw	x3,328(x30)	 x30:0x8003feb8  x3:0x00000001 PA:0xxxxxxxxx
     496005.000 ns	     49599	80009ec0	ff9ff06f	jal	x0,80009ebc	
     496055.000 ns	     49604	80009eb8	00036f17	auipc	x30,0x36	 x30=0x8003feb8
     496065.000 ns	     49605	80009ebc	143f2423	sw	x3,328(x30)	 x30:0x8003feb8  x3:0x00000001 PA:0xxxxxxxxx
     496085.000 ns	     49607	80009ec0	ff9ff06f	jal	x0,80009ebc	
     496135.000 ns	     49612	80009eb8	00036f17	auipc	x30,0x36	 x30=0x8003feb8
     496145.000 ns	     49613	80009ebc	143f2423	sw	x3,328(x30)	 x30:0x8003feb8  x3:0x00000001 PA:0xxxxxxxxx
     496165.000 ns	     49615	80009ec0	ff9ff06f	jal	x0,80009ebc	
     496215.000 ns	     49620	80009eb8	00036f17	auipc	x30,0x36	 x30=0x8003feb8
     496225.000 ns	     49621	80009ebc	143f2423	sw	x3,328(x30)	 x30:0x8003feb8  x3:0x00000001 PA:0xxxxxxxxx
     496245.000 ns	     49623	80009ec0	ff9ff06f	jal	x0,80009ebc	
     496295.000 ns	     49628	80009eb8	00036f17	auipc	x30,0x36	 x30=0x8003feb8
     496305.000 ns	     49629	80009ebc	143f2423	sw	x3,328(x30)	 x30:0x8003feb8  x3:0x00000001 PA:0xxxxxxxxx
     496325.000 ns	     49631	80009ec0	ff9ff06f	jal	x0,80009ebc	
     496375.000 ns	     49636	80009eb8	00036f17	auipc	x30,0x36	 x30=0x8003feb8
     496385.000 ns	     49637	80009ebc	143f2423	sw	x3,328(x30)	 x30:0x8003feb8  x3:0x00000001 PA:0xxxxxxxxx
     496405.000 ns	     49639	80009ec0	ff9ff06f	jal	x0,80009ebc	
     496455.000 ns	     49644	80009eb8	00036f17	auipc	x30,0x36	 x30=0x8003feb8
     496465.000 ns	     49645	80009ebc	143f2423	sw	x3,328(x30)	 x30:0x8003feb8  x3:0x00000001 PA:0xxxxxxxxx
     496485.000 ns	     49647	80009ec0	ff9ff06f	jal	x0,80009ebc	
     496535.000 ns	     49652	80009eb8	00036f17	auipc	x30,0x36	 x30=0x8003feb8
     496545.000 ns	     49653	80009ebc	143f2423	sw	x3,328(x30)	 x30:0x8003feb8  x3:0x00000001 PA:0xxxxxxxxx
     496565.000 ns	     49655	80009ec0	ff9ff06f	jal	x0,80009ebc	
     496615.000 ns	     49660	80009eb8	00036f17	auipc	x30,0x36	 x30=0x8003feb8
     496625.000 ns	     49661	80009ebc	143f2423	sw	x3,328(x30)	 x30:0x8003feb8  x3:0x00000001 PA:0xxxxxxxxx
     496645.000 ns	     49663	80009ec0	ff9ff06f	jal	x0,80009ebc	
     496695.000 ns	     49668	80009eb8	00036f17	auipc	x30,0x36	 x30=0x8003feb8
     496705.000 ns	     49669	80009ebc	143f2423	sw	x3,328(x30)	 x30:0x8003feb8  x3:0x00000001 PA:0xxxxxxxxx
     496725.000 ns	     49671	80009ec0	ff9ff06f	jal	x0,80009ebc	
     496775.000 ns	     49676	80009eb8	00036f17	auipc	x30,0x36	 x30=0x8003feb8
     496785.000 ns	     49677	80009ebc	143f2423	sw	x3,328(x30)	 x30:0x8003feb8  x3:0x00000001 PA:0xxxxxxxxx
     496805.000 ns	     49679	80009ec0	ff9ff06f	jal	x0,80009ebc	
     496855.000 ns	     49684	80009eb8	00036f17	auipc	x30,0x36	 x30=0x8003feb8
     496865.000 ns	     49685	80009ebc	143f2423	sw	x3,328(x30)	 x30:0x8003feb8  x3:0x00000001 PA:0xxxxxxxxx
     496885.000 ns	     49687	80009ec0	ff9ff06f	jal	x0,80009ebc	
     496935.000 ns	     49692	80009eb8	00036f17	auipc	x30,0x36	 x30=0x8003feb8
     496945.000 ns	     49693	80009ebc	143f2423	sw	x3,328(x30)	 x30:0x8003feb8  x3:0x00000001 PA:0xxxxxxxxx
     496965.000 ns	     49695	80009ec0	ff9ff06f	jal	x0,80009ebc	
     497015.000 ns	     49700	80009eb8	00036f17	auipc	x30,0x36	 x30=0x8003feb8
     497025.000 ns	     49701	80009ebc	143f2423	sw	x3,328(x30)	 x30:0x8003feb8  x3:0x00000001 PA:0xxxxxxxxx
     497045.000 ns	     49703	80009ec0	ff9ff06f	jal	x0,80009ebc	
     497095.000 ns	     49708	80009eb8	00036f17	auipc	x30,0x36	 x30=0x8003feb8
     497105.000 ns	     49709	80009ebc	143f2423	sw	x3,328(x30)	 x30:0x8003feb8  x3:0x00000001 PA:0xxxxxxxxx
     497125.000 ns	     49711	80009ec0	ff9ff06f	jal	x0,80009ebc	
     497175.000 ns	     49716	80009eb8	00036f17	auipc	x30,0x36	 x30=0x8003feb8
     497185.000 ns	     49717	80009ebc	143f2423	sw	x3,328(x30)	 x30:0x8003feb8  x3:0x00000001 PA:0xxxxxxxxx
     497205.000 ns	     49719	80009ec0	ff9ff06f	jal	x0,80009ebc	
     497255.000 ns	     49724	80009eb8	00036f17	auipc	x30,0x36	 x30=0x8003feb8
     497265.000 ns	     49725	80009ebc	143f2423	sw	x3,328(x30)	 x30:0x8003feb8  x3:0x00000001 PA:0xxxxxxxxx
     497285.000 ns	     49727	80009ec0	ff9ff06f	jal	x0,80009ebc	
     497335.000 ns	     49732	80009eb8	00036f17	auipc	x30,0x36	 x30=0x8003feb8
     497345.000 ns	     49733	80009ebc	143f2423	sw	x3,328(x30)	 x30:0x8003feb8  x3:0x00000001 PA:0xxxxxxxxx
     497365.000 ns	     49735	80009ec0	ff9ff06f	jal	x0,80009ebc	
     497415.000 ns	     49740	80009eb8	00036f17	auipc	x30,0x36	 x30=0x8003feb8
     497425.000 ns	     49741	80009ebc	143f2423	sw	x3,328(x30)	 x30:0x8003feb8  x3:0x00000001 PA:0xxxxxxxxx
     497445.000 ns	     49743	80009ec0	ff9ff06f	jal	x0,80009ebc	
     497495.000 ns	     49748	80009eb8	00036f17	auipc	x30,0x36	 x30=0x8003feb8
     497505.000 ns	     49749	80009ebc	143f2423	sw	x3,328(x30)	 x30:0x8003feb8  x3:0x00000001 PA:0xxxxxxxxx
     497525.000 ns	     49751	80009ec0	ff9ff06f	jal	x0,80009ebc	
     497575.000 ns	     49756	80009eb8	00036f17	auipc	x30,0x36	 x30=0x8003feb8
     497585.000 ns	     49757	80009ebc	143f2423	sw	x3,328(x30)	 x30:0x8003feb8  x3:0x00000001 PA:0xxxxxxxxx
     497605.000 ns	     49759	80009ec0	ff9ff06f	jal	x0,80009ebc	
     497655.000 ns	     49764	80009eb8	00036f17	auipc	x30,0x36	 x30=0x8003feb8
     497665.000 ns	     49765	80009ebc	143f2423	sw	x3,328(x30)	 x30:0x8003feb8  x3:0x00000001 PA:0xxxxxxxxx
     497685.000 ns	     49767	80009ec0	ff9ff06f	jal	x0,80009ebc	
     497735.000 ns	     49772	80009eb8	00036f17	auipc	x30,0x36	 x30=0x8003feb8
     497745.000 ns	     49773	80009ebc	143f2423	sw	x3,328(x30)	 x30:0x8003feb8  x3:0x00000001 PA:0xxxxxxxxx
     497765.000 ns	     49775	80009ec0	ff9ff06f	jal	x0,80009ebc	
     497815.000 ns	     49780	80009eb8	00036f17	auipc	x30,0x36	 x30=0x8003feb8
     497825.000 ns	     49781	80009ebc	143f2423	sw	x3,328(x30)	 x30:0x8003feb8  x3:0x00000001 PA:0xxxxxxxxx
     497845.000 ns	     49783	80009ec0	ff9ff06f	jal	x0,80009ebc	
     497895.000 ns	     49788	80009eb8	00036f17	auipc	x30,0x36	 x30=0x8003feb8
     497905.000 ns	     49789	80009ebc	143f2423	sw	x3,328(x30)	 x30:0x8003feb8  x3:0x00000001 PA:0xxxxxxxxx
     497925.000 ns	     49791	80009ec0	ff9ff06f	jal	x0,80009ebc	
     497975.000 ns	     49796	80009eb8	00036f17	auipc	x30,0x36	 x30=0x8003feb8
     497985.000 ns	     49797	80009ebc	143f2423	sw	x3,328(x30)	 x30:0x8003feb8  x3:0x00000001 PA:0xxxxxxxxx
     498005.000 ns	     49799	80009ec0	ff9ff06f	jal	x0,80009ebc	
     498055.000 ns	     49804	80009eb8	00036f17	auipc	x30,0x36	 x30=0x8003feb8
     498065.000 ns	     49805	80009ebc	143f2423	sw	x3,328(x30)	 x30:0x8003feb8  x3:0x00000001 PA:0xxxxxxxxx
     498085.000 ns	     49807	80009ec0	ff9ff06f	jal	x0,80009ebc	
     498135.000 ns	     49812	80009eb8	00036f17	auipc	x30,0x36	 x30=0x8003feb8
     498145.000 ns	     49813	80009ebc	143f2423	sw	x3,328(x30)	 x30:0x8003feb8  x3:0x00000001 PA:0xxxxxxxxx
     498165.000 ns	     49815	80009ec0	ff9ff06f	jal	x0,80009ebc	
     498215.000 ns	     49820	80009eb8	00036f17	auipc	x30,0x36	 x30=0x8003feb8
     498225.000 ns	     49821	80009ebc	143f2423	sw	x3,328(x30)	 x30:0x8003feb8  x3:0x00000001 PA:0xxxxxxxxx
     498245.000 ns	     49823	80009ec0	ff9ff06f	jal	x0,80009ebc	
     498295.000 ns	     49828	80009eb8	00036f17	auipc	x30,0x36	 x30=0x8003feb8
     498305.000 ns	     49829	80009ebc	143f2423	sw	x3,328(x30)	 x30:0x8003feb8  x3:0x00000001 PA:0xxxxxxxxx
     498325.000 ns	     49831	80009ec0	ff9ff06f	jal	x0,80009ebc	
     498375.000 ns	     49836	80009eb8	00036f17	auipc	x30,0x36	 x30=0x8003feb8
     498385.000 ns	     49837	80009ebc	143f2423	sw	x3,328(x30)	 x30:0x8003feb8  x3:0x00000001 PA:0xxxxxxxxx
     498405.000 ns	     49839	80009ec0	ff9ff06f	jal	x0,80009ebc	
     498455.000 ns	     49844	80009eb8	00036f17	auipc	x30,0x36	 x30=0x8003feb8
     498465.000 ns	     49845	80009ebc	143f2423	sw	x3,328(x30)	 x30:0x8003feb8  x3:0x00000001 PA:0xxxxxxxxx
     498485.000 ns	     49847	80009ec0	ff9ff06f	jal	x0,80009ebc	
     498535.000 ns	     49852	80009eb8	00036f17	auipc	x30,0x36	 x30=0x8003feb8
     498545.000 ns	     49853	80009ebc	143f2423	sw	x3,328(x30)	 x30:0x8003feb8  x3:0x00000001 PA:0xxxxxxxxx
     498565.000 ns	     49855	80009ec0	ff9ff06f	jal	x0,80009ebc	
     498615.000 ns	     49860	80009eb8	00036f17	auipc	x30,0x36	 x30=0x8003feb8
     498625.000 ns	     49861	80009ebc	143f2423	sw	x3,328(x30)	 x30:0x8003feb8  x3:0x00000001 PA:0xxxxxxxxx
     498645.000 ns	     49863	80009ec0	ff9ff06f	jal	x0,80009ebc	
     498695.000 ns	     49868	80009eb8	00036f17	auipc	x30,0x36	 x30=0x8003feb8
     498705.000 ns	     49869	80009ebc	143f2423	sw	x3,328(x30)	 x30:0x8003feb8  x3:0x00000001 PA:0xxxxxxxxx
     498725.000 ns	     49871	80009ec0	ff9ff06f	jal	x0,80009ebc	
     498775.000 ns	     49876	80009eb8	00036f17	auipc	x30,0x36	 x30=0x8003feb8
     498785.000 ns	     49877	80009ebc	143f2423	sw	x3,328(x30)	 x30:0x8003feb8  x3:0x00000001 PA:0xxxxxxxxx
     498805.000 ns	     49879	80009ec0	ff9ff06f	jal	x0,80009ebc	
     498855.000 ns	     49884	80009eb8	00036f17	auipc	x30,0x36	 x30=0x8003feb8
     498865.000 ns	     49885	80009ebc	143f2423	sw	x3,328(x30)	 x30:0x8003feb8  x3:0x00000001 PA:0xxxxxxxxx
     498885.000 ns	     49887	80009ec0	ff9ff06f	jal	x0,80009ebc	
     498935.000 ns	     49892	80009eb8	00036f17	auipc	x30,0x36	 x30=0x8003feb8
     498945.000 ns	     49893	80009ebc	143f2423	sw	x3,328(x30)	 x30:0x8003feb8  x3:0x00000001 PA:0xxxxxxxxx
     498965.000 ns	     49895	80009ec0	ff9ff06f	jal	x0,80009ebc	
     499015.000 ns	     49900	80009eb8	00036f17	auipc	x30,0x36	 x30=0x8003feb8
     499025.000 ns	     49901	80009ebc	143f2423	sw	x3,328(x30)	 x30:0x8003feb8  x3:0x00000001 PA:0xxxxxxxxx
     499045.000 ns	     49903	80009ec0	ff9ff06f	jal	x0,80009ebc	
     499095.000 ns	     49908	80009eb8	00036f17	auipc	x30,0x36	 x30=0x8003feb8
     499105.000 ns	     49909	80009ebc	143f2423	sw	x3,328(x30)	 x30:0x8003feb8  x3:0x00000001 PA:0xxxxxxxxx
     499125.000 ns	     49911	80009ec0	ff9ff06f	jal	x0,80009ebc	
     499175.000 ns	     49916	80009eb8	00036f17	auipc	x30,0x36	 x30=0x8003feb8
     499185.000 ns	     49917	80009ebc	143f2423	sw	x3,328(x30)	 x30:0x8003feb8  x3:0x00000001 PA:0xxxxxxxxx
     499205.000 ns	     49919	80009ec0	ff9ff06f	jal	x0,80009ebc	
     499255.000 ns	     49924	80009eb8	00036f17	auipc	x30,0x36	 x30=0x8003feb8
     499265.000 ns	     49925	80009ebc	143f2423	sw	x3,328(x30)	 x30:0x8003feb8  x3:0x00000001 PA:0xxxxxxxxx
     499285.000 ns	     49927	80009ec0	ff9ff06f	jal	x0,80009ebc	
     499335.000 ns	     49932	80009eb8	00036f17	auipc	x30,0x36	 x30=0x8003feb8
     499345.000 ns	     49933	80009ebc	143f2423	sw	x3,328(x30)	 x30:0x8003feb8  x3:0x00000001 PA:0xxxxxxxxx
     499365.000 ns	     49935	80009ec0	ff9ff06f	jal	x0,80009ebc	
     499415.000 ns	     49940	80009eb8	00036f17	auipc	x30,0x36	 x30=0x8003feb8
     499425.000 ns	     49941	80009ebc	143f2423	sw	x3,328(x30)	 x30:0x8003feb8  x3:0x00000001 PA:0xxxxxxxxx
     499445.000 ns	     49943	80009ec0	ff9ff06f	jal	x0,80009ebc	
     499495.000 ns	     49948	80009eb8	00036f17	auipc	x30,0x36	 x30=0x8003feb8
     499505.000 ns	     49949	80009ebc	143f2423	sw	x3,328(x30)	 x30:0x8003feb8  x3:0x00000001 PA:0xxxxxxxxx
     499525.000 ns	     49951	80009ec0	ff9ff06f	jal	x0,80009ebc	
     499575.000 ns	     49956	80009eb8	00036f17	auipc	x30,0x36	 x30=0x8003feb8
     499585.000 ns	     49957	80009ebc	143f2423	sw	x3,328(x30)	 x30:0x8003feb8  x3:0x00000001 PA:0xxxxxxxxx
     499605.000 ns	     49959	80009ec0	ff9ff06f	jal	x0,80009ebc	
     499655.000 ns	     49964	80009eb8	00036f17	auipc	x30,0x36	 x30=0x8003feb8
     499665.000 ns	     49965	80009ebc	143f2423	sw	x3,328(x30)	 x30:0x8003feb8  x3:0x00000001 PA:0xxxxxxxxx
     499685.000 ns	     49967	80009ec0	ff9ff06f	jal	x0,80009ebc	
     499735.000 ns	     49972	80009eb8	00036f17	auipc	x30,0x36	 x30=0x8003feb8
     499745.000 ns	     49973	80009ebc	143f2423	sw	x3,328(x30)	 x30:0x8003feb8  x3:0x00000001 PA:0xxxxxxxxx
     499765.000 ns	     49975	80009ec0	ff9ff06f	jal	x0,80009ebc	
     499815.000 ns	     49980	80009eb8	00036f17	auipc	x30,0x36	 x30=0x8003feb8
     499825.000 ns	     49981	80009ebc	143f2423	sw	x3,328(x30)	 x30:0x8003feb8  x3:0x00000001 PA:0xxxxxxxxx
     499845.000 ns	     49983	80009ec0	ff9ff06f	jal	x0,80009ebc	
     499895.000 ns	     49988	80009eb8	00036f17	auipc	x30,0x36	 x30=0x8003feb8
     499905.000 ns	     49989	80009ebc	143f2423	sw	x3,328(x30)	 x30:0x8003feb8  x3:0x00000001 PA:0xxxxxxxxx
     499925.000 ns	     49991	80009ec0	ff9ff06f	jal	x0,80009ebc	
     499975.000 ns	     49996	80009eb8	00036f17	auipc	x30,0x36	 x30=0x8003feb8
     499985.000 ns	     49997	80009ebc	143f2423	sw	x3,328(x30)	 x30:0x8003feb8  x3:0x00000001 PA:0xxxxxxxxx
