		Time			Cycle	PC		Insn	Decoded instruction	Register and memory contents
         65.000 ns	         5	80000000	f14022f3	csrrs	x5,mhartid,x0	  x0:0x00000000  x5=0xffffff14
         75.000 ns	         6	80000004	00000313	addi	x6,x0,0	  x0:0x00000000  x6=0x00000000
         85.000 ns	         7	80000008	00628263	beq	x5,x6,8000000c	  x5:0x00000000  x6:0x00000000
         95.000 ns	         8	8000000c	00000597	auipc	x11,0x0	 x11=0x8000000c
        105.000 ns	         9	80000010	00c58593	addi	x11,x11,12	 x11:0x00000000 x11=0x80000018
        115.000 ns	        10	80000014	00058067	jalr	x0,x11,0	 x11:0x00000000
        165.000 ns	        15	80000018	40001f37	lui	x30,0x40001	 x30=0x40001000
        175.000 ns	        16	8000001c	120f0f13	addi	x30,x30,288	 x30:0x00000000 x30=0x40001120
        185.000 ns	        17	80000020	301f1073	csrrw	x0,misa,x30	 x30:0x00000000
        195.000 ns	        18	80000024	00041e17	auipc	x28,0x41	 x28=0x80041024
        205.000 ns	        19	80000028	000e0e13	addi	x28,x28,0	 x28:0x00000000 x28=0x80041024
        215.000 ns	        20	8000002c	0000af17	auipc	x30,0xa	 x30=0x8000a02c
        225.000 ns	        21	80000030	e9cf0f13	addi	x30,x30,-356	 x30:0x40001120 x30=0x80009ec8
        235.000 ns	        22	80000034	000f6f13	ori	x30,x30,0	 x30:0x40001120 x30=0x80009ec8
        245.000 ns	        23	80000038	305f1073	csrrw	x0,mtvec,x30	 x30:0x8000a02c
        255.000 ns	        24	8000003c	00000f17	auipc	x30,0x0	 x30=0x8000003c
        265.000 ns	        25	80000040	028f0f13	addi	x30,x30,40	 x30:0x80009ec8 x30=0x80000064
        275.000 ns	        26	80000044	341f1073	csrrw	x0,mepc,x30	 x30:0x80009ec8
        285.000 ns	        27	80000048	00000013	addi	x0,x0,0	  x0:0x00000000
        295.000 ns	        28	8000004c	00004f37	lui	x30,0x4	 x30=0x00004000
        305.000 ns	        29	80000050	800f0f13	addi	x30,x30,-2048	 x30:0x80000064 x30=0x00003800
        315.000 ns	        30	80000054	300f1073	csrrw	x0,mstatus,x30	 x30:0x80000064
        325.000 ns	        31	80000058	00000f13	addi	x30,x0,0	  x0:0x00000000 x30=0x00000000
        335.000 ns	        32	8000005c	304f1073	csrrw	x0,mie,x30	 x30:0x00003800
        345.000 ns	        33	80000060	30200073	mret	
        355.000 ns	        34	80000064	80000f37	lui	x30,0x80000	 x30=0x80000000
        375.000 ns	        36	80000068	f00f0053	fmv.w.x	f0,x30	 x30:0x00000000  f0=0x80000000
        395.000 ns	        38	8000006c	7fc00f37	lui	x30,0x7fc00	 x30=0x7fc00000
        415.000 ns	        40	80000070	f00f00d3	fmv.w.x	f1,x30	 x30:0x80000000  f1=0x7fc00000
        435.000 ns	        42	80000074	7fc00f37	lui	x30,0x7fc00	 x30=0x7fc00000
        455.000 ns	        44	80000078	f00f0153	fmv.w.x	f2,x30	 x30:0x7fc00000  f2=0x7fc00000
        475.000 ns	        46	8000007c	00000f13	addi	x30,x0,0	  x0:0x00000000 x30=0x00000000
        495.000 ns	        48	80000080	f00f01d3	fmv.w.x	f3,x30	 x30:0x7fc00000  f3=0x00000000
        515.000 ns	        50	80000084	7fc00f37	lui	x30,0x7fc00	 x30=0x7fc00000
        535.000 ns	        52	80000088	f00f0253	fmv.w.x	f4,x30	 x30:0x00000000  f4=0x7fc00000
        555.000 ns	        54	8000008c	7f800f37	lui	x30,0x7f800	 x30=0x7f800000
        565.000 ns	        55	80000090	001f0f13	addi	x30,x30,1	 x30:0x7fc00000 x30=0x7f800001
        585.000 ns	        57	80000094	f00f02d3	fmv.w.x	f5,x30	 x30:0x7fc00000  f5=0x7f800001
        605.000 ns	        59	80000098	7f800f37	lui	x30,0x7f800	 x30=0x7f800000
        615.000 ns	        60	8000009c	001f0f13	addi	x30,x30,1	 x30:0x7f800001 x30=0x7f800001
        635.000 ns	        62	800000a0	f00f0353	fmv.w.x	f6,x30	 x30:0x7f800001  f6=0x7f800001
        655.000 ns	        64	800000a4	ff800f37	lui	x30,0xff800	 x30=0xff800000
        675.000 ns	        66	800000a8	f00f03d3	fmv.w.x	f7,x30	 x30:0x7f800001  f7=0xff800000
        695.000 ns	        68	800000ac	ff800f37	lui	x30,0xff800	 x30=0xff800000
        705.000 ns	        69	800000b0	ffff0f13	addi	x30,x30,-1	 x30:0xff800000 x30=0xff7fffff
        725.000 ns	        71	800000b4	f00f0453	fmv.w.x	f8,x30	 x30:0xff800000  f8=0xff7fffff
        745.000 ns	        73	800000b8	002a2f37	lui	x30,0x2a2	 x30=0x002a2000
        755.000 ns	        74	800000bc	5fff0f13	addi	x30,x30,1535	 x30:0xff7fffff x30=0x002a25ff
        775.000 ns	        76	800000c0	f00f04d3	fmv.w.x	f9,x30	 x30:0xff7fffff  f9=0x002a25ff
        795.000 ns	        78	800000c4	7f800f37	lui	x30,0x7f800	 x30=0x7f800000
        805.000 ns	        79	800000c8	001f0f13	addi	x30,x30,1	 x30:0x002a25ff x30=0x7f800001
        825.000 ns	        81	800000cc	f00f0553	fmv.w.x	f10,x30	 x30:0x002a25ff f10=0x7f800001
        845.000 ns	        83	800000d0	80550f37	lui	x30,0x80550	 x30=0x80550000
        855.000 ns	        84	800000d4	048f0f13	addi	x30,x30,72	 x30:0x7f800001 x30=0x80550048
        875.000 ns	        86	800000d8	f00f05d3	fmv.w.x	f11,x30	 x30:0x7f800001 f11=0x80550048
        895.000 ns	        88	800000dc	7f800f37	lui	x30,0x7f800	 x30=0x7f800000
        905.000 ns	        89	800000e0	ffff0f13	addi	x30,x30,-1	 x30:0x80550048 x30=0x7f7fffff
        925.000 ns	        91	800000e4	f00f0653	fmv.w.x	f12,x30	 x30:0x80550048 f12=0x7f7fffff
        945.000 ns	        93	800000e8	7fc00f37	lui	x30,0x7fc00	 x30=0x7fc00000
        965.000 ns	        95	800000ec	f00f06d3	fmv.w.x	f13,x30	 x30:0x7f7fffff f13=0x7fc00000
        985.000 ns	        97	800000f0	008fef37	lui	x30,0x8fe	 x30=0x008fe000
        995.000 ns	        98	800000f4	29bf0f13	addi	x30,x30,667	 x30:0x7fc00000 x30=0x008fe29b
       1015.000 ns	       100	800000f8	f00f0753	fmv.w.x	f14,x30	 x30:0x7fc00000 f14=0x008fe29b
       1035.000 ns	       102	800000fc	7fc00f37	lui	x30,0x7fc00	 x30=0x7fc00000
       1055.000 ns	       104	80000100	f00f07d3	fmv.w.x	f15,x30	 x30:0x008fe29b f15=0x7fc00000
       1075.000 ns	       106	80000104	7fc00f37	lui	x30,0x7fc00	 x30=0x7fc00000
       1095.000 ns	       108	80000108	f00f0853	fmv.w.x	f16,x30	 x30:0x7fc00000 f16=0x7fc00000
       1115.000 ns	       110	8000010c	7f800f37	lui	x30,0x7f800	 x30=0x7f800000
       1125.000 ns	       111	80000110	001f0f13	addi	x30,x30,1	 x30:0x7fc00000 x30=0x7f800001
       1145.000 ns	       113	80000114	f00f08d3	fmv.w.x	f17,x30	 x30:0x7fc00000 f17=0x7f800001
       1165.000 ns	       115	80000118	ff800f37	lui	x30,0xff800	 x30=0xff800000
       1175.000 ns	       116	8000011c	ffff0f13	addi	x30,x30,-1	 x30:0x7f800001 x30=0xff7fffff
       1195.000 ns	       118	80000120	f00f0953	fmv.w.x	f18,x30	 x30:0x7f800001 f18=0xff7fffff
       1215.000 ns	       120	80000124	ff800f37	lui	x30,0xff800	 x30=0xff800000
       1225.000 ns	       121	80000128	ffff0f13	addi	x30,x30,-1	 x30:0xff7fffff x30=0xff7fffff
       1245.000 ns	       123	8000012c	f00f09d3	fmv.w.x	f19,x30	 x30:0xff7fffff f19=0xff7fffff
       1265.000 ns	       125	80000130	ff800f37	lui	x30,0xff800	 x30=0xff800000
       1275.000 ns	       126	80000134	ffff0f13	addi	x30,x30,-1	 x30:0xff7fffff x30=0xff7fffff
       1295.000 ns	       128	80000138	f00f0a53	fmv.w.x	f20,x30	 x30:0xff7fffff f20=0xff7fffff
       1315.000 ns	       130	8000013c	80000f37	lui	x30,0x80000	 x30=0x80000000
       1335.000 ns	       132	80000140	f00f0ad3	fmv.w.x	f21,x30	 x30:0xff7fffff f21=0x80000000
       1355.000 ns	       134	80000144	80000f37	lui	x30,0x80000	 x30=0x80000000
       1375.000 ns	       136	80000148	f00f0b53	fmv.w.x	f22,x30	 x30:0x80000000 f22=0x80000000
       1395.000 ns	       138	8000014c	80000f37	lui	x30,0x80000	 x30=0x80000000
       1415.000 ns	       140	80000150	f00f0bd3	fmv.w.x	f23,x30	 x30:0x80000000 f23=0x80000000
       1435.000 ns	       142	80000154	ff800f37	lui	x30,0xff800	 x30=0xff800000
       1455.000 ns	       144	80000158	f00f0c53	fmv.w.x	f24,x30	 x30:0x80000000 f24=0xff800000
       1475.000 ns	       146	8000015c	002d1f37	lui	x30,0x2d1	 x30=0x002d1000
       1485.000 ns	       147	80000160	b1bf0f13	addi	x30,x30,-1253	 x30:0xff800000 x30=0x002d0b1b
       1505.000 ns	       149	80000164	f00f0cd3	fmv.w.x	f25,x30	 x30:0xff800000 f25=0x002d0b1b
       1525.000 ns	       151	80000168	00000f13	addi	x30,x0,0	  x0:0x00000000 x30=0x00000000
       1545.000 ns	       153	8000016c	f00f0d53	fmv.w.x	f26,x30	 x30:0x002d0b1b f26=0x00000000
       1565.000 ns	       155	80000170	7f800f37	lui	x30,0x7f800	 x30=0x7f800000
       1575.000 ns	       156	80000174	001f0f13	addi	x30,x30,1	 x30:0x00000000 x30=0x7f800001
       1595.000 ns	       158	80000178	f00f0dd3	fmv.w.x	f27,x30	 x30:0x00000000 f27=0x7f800001
       1615.000 ns	       160	8000017c	c93c2f37	lui	x30,0xc93c2	 x30=0xc93c2000
       1625.000 ns	       161	80000180	e3ef0f13	addi	x30,x30,-450	 x30:0x7f800001 x30=0xc93c1e3e
       1645.000 ns	       163	80000184	f00f0e53	fmv.w.x	f28,x30	 x30:0x7f800001 f28=0xc93c1e3e
       1665.000 ns	       165	80000188	6667af37	lui	x30,0x6667a	 x30=0x6667a000
       1675.000 ns	       166	8000018c	539f0f13	addi	x30,x30,1337	 x30:0xc93c1e3e x30=0x6667a539
       1695.000 ns	       168	80000190	f00f0ed3	fmv.w.x	f29,x30	 x30:0xc93c1e3e f29=0x6667a539
       1715.000 ns	       170	80000194	7f800f37	lui	x30,0x7f800	 x30=0x7f800000
       1725.000 ns	       171	80000198	001f0f13	addi	x30,x30,1	 x30:0x6667a539 x30=0x7f800001
       1745.000 ns	       173	8000019c	f00f0f53	fmv.w.x	f30,x30	 x30:0x6667a539 f30=0x7f800001
       1765.000 ns	       175	800001a0	7f800f37	lui	x30,0x7f800	 x30=0x7f800000
       1775.000 ns	       176	800001a4	001f0f13	addi	x30,x30,1	 x30:0x7f800001 x30=0x7f800001
       1795.000 ns	       178	800001a8	f00f0fd3	fmv.w.x	f31,x30	 x30:0x7f800001 f31=0x7f800001
       1815.000 ns	       180	800001ac	0020d073	csrrwi	x0,frm,1	
       1825.000 ns	       181	800001b0	00400013	addi	x0,x0,4	  x0:0x00000000
       1835.000 ns	       182	800001b4	00000093	addi	x1,x0,0	  x0:0x00000000  x1=0x00000000
       1845.000 ns	       183	800001b8	800001b7	lui	x3,0x80000	  x3=0x80000000
       1855.000 ns	       184	800001bc	00500213	addi	x4,x0,5	  x0:0x00000000  x4=0x00000005
       1865.000 ns	       185	800001c0	f4c492b7	lui	x5,0xf4c49	  x5=0xf4c49000
       1875.000 ns	       186	800001c4	3a828293	addi	x5,x5,936	  x5:0xffffff14  x5=0xf4c493a8
       1885.000 ns	       187	800001c8	ad15a337	lui	x6,0xad15a	  x6=0xad15a000
       1895.000 ns	       188	800001cc	acc30313	addi	x6,x6,-1332	  x6:0x00000000  x6=0xad159acc
       1905.000 ns	       189	800001d0	7d4943b7	lui	x7,0x7d494	  x7=0x7d494000
       1915.000 ns	       190	800001d4	65638393	addi	x7,x7,1622	  x7:0x00000000  x7=0x7d494656
       1925.000 ns	       191	800001d8	80000437	lui	x8,0x80000	  x8=0x80000000
       1935.000 ns	       192	800001dc	f1b7c4b7	lui	x9,0xf1b7c	  x9=0xf1b7c000
       1945.000 ns	       193	800001e0	23a48493	addi	x9,x9,570	  x9:0x00000000  x9=0xf1b7c23a
       1955.000 ns	       194	800001e4	89ba2537	lui	x10,0x89ba2	 x10=0x89ba2000
       1965.000 ns	       195	800001e8	6fd50513	addi	x10,x10,1789	 x10:0x00000000 x10=0x89ba26fd
       1975.000 ns	       196	800001ec	f24b55b7	lui	x11,0xf24b5	 x11=0xf24b5000
       1985.000 ns	       197	800001f0	68858593	addi	x11,x11,1672	 x11:0x80000018 x11=0xf24b5688
       1995.000 ns	       198	800001f4	00c00613	addi	x12,x0,12	  x0:0x00000000 x12=0x0000000c
       2005.000 ns	       199	800001f8	00000693	addi	x13,x0,0	  x0:0x00000000 x13=0x00000000
       2015.000 ns	       200	800001fc	ff4ed737	lui	x14,0xff4ed	 x14=0xff4ed000
       2025.000 ns	       201	80000200	16370713	addi	x14,x14,355	 x14:0x00000000 x14=0xff4ed163
       2035.000 ns	       202	80000204	800007b7	lui	x15,0x80000	 x15=0x80000000
       2045.000 ns	       203	80000208	00000813	addi	x16,x0,0	  x0:0x00000000 x16=0x00000000
       2055.000 ns	       204	8000020c	00100893	addi	x17,x0,1	  x0:0x00000000 x17=0x00000001
       2065.000 ns	       205	80000210	791f9937	lui	x18,0x791f9	 x18=0x791f9000
       2075.000 ns	       206	80000214	25790913	addi	x18,x18,599	 x18:0x00000000 x18=0x791f9257
       2085.000 ns	       207	80000218	00000993	addi	x19,x0,0	  x0:0x00000000 x19=0x00000000
       2095.000 ns	       208	8000021c	66685a37	lui	x20,0x66685	 x20=0x66685000
       2105.000 ns	       209	80000220	738a0a13	addi	x20,x20,1848	 x20:0x00000000 x20=0x66685738
       2115.000 ns	       210	80000224	70a23ab7	lui	x21,0x70a23	 x21=0x70a23000
       2125.000 ns	       211	80000228	8bda8a93	addi	x21,x21,-1859	 x21:0x00000000 x21=0x70a228bd
       2135.000 ns	       212	8000022c	80000b37	lui	x22,0x80000	 x22=0x80000000
       2145.000 ns	       213	80000230	ee4a9bb7	lui	x23,0xee4a9	 x23=0xee4a9000
       2155.000 ns	       214	80000234	5c3b8b93	addi	x23,x23,1475	 x23:0x00000000 x23=0xee4a95c3
       2165.000 ns	       215	80000238	80000c37	lui	x24,0x80000	 x24=0x80000000
       2175.000 ns	       216	8000023c	00c00c93	addi	x25,x0,12	  x0:0x00000000 x25=0x0000000c
       2185.000 ns	       217	80000240	00400d13	addi	x26,x0,4	  x0:0x00000000 x26=0x00000004
       2195.000 ns	       218	80000244	0b85fdb7	lui	x27,0xb85f	 x27=0x0b85f000
       2205.000 ns	       219	80000248	6a3d8d93	addi	x27,x27,1699	 x27:0x00000000 x27=0x0b85f6a3
       2215.000 ns	       220	8000024c	f06f5eb7	lui	x29,0xf06f5	 x29=0xf06f5000
       2225.000 ns	       221	80000250	328e8e93	addi	x29,x29,808	 x29:0x00000000 x29=0xf06f5328
       2235.000 ns	       222	80000254	00000f13	addi	x30,x0,0	  x0:0x00000000 x30=0x00000000
       2245.000 ns	       223	80000258	00500f93	addi	x31,x0,5	  x0:0x00000000 x31=0x00000005
       2255.000 ns	       224	8000025c	00041117	auipc	x2,0x41	  x2=0x8004125c
       2265.000 ns	       225	80000260	d8810113	addi	x2,x2,-632	  x2:0x00000000  x2=0x80040fe4
       2625.000 ns	       261	80000264	03a3eeb3	rem	x29,x7,x26	  x7:0x7d494656 x26:0x00000004 x29=0x00000002
       2995.000 ns	       298	80000268	0246eb33	rem	x22,x13,x4	 x13:0x00000000  x4:0x00000005 x22=0x00000000
       3015.000 ns	       300	8000026c	0076e3b3	or	x7,x13,x7	 x13:0x00000000  x7:0x7d494656  x7=0x7d494656
       3025.000 ns	       301	80000270	00a7b533	sltu	x10,x15,x10	 x15:0x80000000 x10:0x89ba26fd x10=0x00000001
       3055.000 ns	       304	80000274	11527d53	fmul.s	f26,f4,f21	  f4:0x7fc00000 f21:0x80000000 f26=0x7fc00000
       3085.000 ns	       307	80000278	a1b927d3	feq.s	x15,f18,f27	 f18:0xff7fffff f27:0x7f800001 x15=0x00000000
       3125.000 ns	       311	8000027c	5800f9d3	fsqrt.s	f19,f1	  f1:0x7fc00000 f19=0x7fc00000
       3145.000 ns	       313	80000280	00a26d33	or	x26,x4,x10	  x4:0x00000005 x10:0x00000001 x26=0x00000005
       3155.000 ns	       314	80000284	e5ed2617	auipc	x12,0xe5ed2	 x12=0x65ed2284
       3175.000 ns	       316	80000288	a1dd87d3	fle.s	x15,f27,f29	 f27:0x7f800001 f29:0x6667a539 x15=0x00000000
       3545.000 ns	       353	8000028c	037a7833	remu	x16,x20,x23	 x20:0x66685738 x23:0xee4a95c3 x16=0x66685738
       3565.000 ns	       355	80000290	26457a13	andi	x20,x10,612	 x10:0x00000001 x20=0x00000000
       3585.000 ns	       357	80000294	c0161f53	fcvt.wu.s	x30,f12	 f12:0x7f7fffff x30=0xffffffff
       3605.000 ns	       359	80000298	4189d493	srai	x9,x19,0x18	 x19:0x00000000  x9=0x00000000
       3625.000 ns	       361	8000029c	c00979d3	fcvt.w.s	x19,f18	 f18:0xff7fffff x19=0x80000000
       3655.000 ns	       364	800002a0	02ce1a33	mulh	x20,x28,x12	 x28:0x80041024 x12:0x65ed2284 x20=0xcd0b0cdf
       3685.000 ns	       367	800002a4	c00af353	fcvt.w.s	x6,f21	 f21:0x80000000  x6=0x00000000
       3715.000 ns	       370	800002a8	d01c17d3	fcvt.s.wu	f15,x24	 x24:0x80000000 f15=0x4f000000
       3745.000 ns	       373	800002ac	c01f4753	fcvt.wu.s	x14,f30	 f30:0x7f800001 x14=0xffffffff
       3765.000 ns	       375	800002b0	01112db3	slt	x27,x2,x17	  x2:0x80040fe4 x17:0x00000001 x27=0x00000001
       3785.000 ns	       377	800002b4	a0748c53	fle.s	x24,f9,f7	  f9:0x002a25ff  f7:0xff800000 x24=0x00000000
       3805.000 ns	       379	800002b8	24960393	addi	x7,x12,585	 x12:0x65ed2284  x7=0x65ed24cd
       3815.000 ns	       380	800002bc	6dc92a17	auipc	x20,0x6dc92	 x20=0xedc922bc
       3835.000 ns	       382	800002c0	f00c0853	fmv.w.x	f16,x24	 x24:0x00000000 f16=0x00000000
       3855.000 ns	       384	800002c4	00473533	sltu	x10,x14,x4	 x14:0xffffffff  x4:0x00000005 x10=0x00000000
       3865.000 ns	       385	800002c8	aa492713	slti	x14,x18,-1372	 x18:0x791f9257 x14=0x00000000
       3875.000 ns	       386	800002cc	00becd33	xor	x26,x29,x11	 x29:0x00000002 x11:0xf24b5688 x26=0xf24b568a
       4235.000 ns	       422	800002d0	033169b3	rem	x19,x2,x19	  x2:0x80040fe4 x19:0x80000000 x19=0x80040fe4
       4265.000 ns	       425	800002d4	20e91353	fsgnjn.s	f6,f18,f14	 f18:0xff7fffff f14:0x008fe29b  f6=0xff7fffff
       4285.000 ns	       427	800002d8	01ee5693	srli	x13,x28,0x1e	 x28:0x80041024 x13=0x00000002
       4295.000 ns	       428	800002dc	41e0ddb3	sra	x27,x1,x30	  x1:0x00000000 x30:0xffffffff x27=0x00000000
       4305.000 ns	       429	800002e0	685c4493	xori	x9,x24,1669	 x24:0x00000000  x9=0x00000685
       4315.000 ns	       430	800002e4	8a05b217	auipc	x4,0x8a05b	  x4=0x0a05b2e4
       4335.000 ns	       432	800002e8	a1f61353	flt.s	x6,f12,f31	 f12:0x7f7fffff f31:0x7f800001  x6=0x00000000
       4355.000 ns	       434	800002ec	993c74b7	lui	x9,0x993c7	  x9=0x993c7000
       4715.000 ns	       470	800002f0	03387233	remu	x4,x16,x19	 x16:0x66685738 x19:0x80040fe4  x4=0x66685738
       4735.000 ns	       472	800002f4	41dada13	srai	x20,x21,0x1d	 x21:0x70a228bd x20=0x00000003
       5905.000 ns	       589	800002f8	580674d3	fsqrt.s	f9,f12	 f12:0x7f7fffff  f9=0x5f350461
       6275.000 ns	       626	800002fc	022c7733	remu	x14,x24,x2	 x24:0x00000000  x2:0x80040fe4 x14=0x00000000
       6295.000 ns	       628	80000300	01190bb3	add	x23,x18,x17	 x18:0x791f9257 x17:0x00000001 x23=0x791f9258
       6335.000 ns	       632	80000304	08d2f253	fsub.s	f4,f5,f13	  f5:0x7f800001 f13:0x7fc00000  f4=0x7fc00000
       6365.000 ns	       635	80000308	f00e04d3	fmv.w.x	f9,x28	 x28:0x80041024  f9=0x80041024
       6395.000 ns	       638	8000030c	21a11e53	fsgnjn.s	f28,f2,f26	  f2:0x7fc00000 f26:0x7fc00000 f28=0xffc00000
       6415.000 ns	       640	80000310	7c896193	ori	x3,x18,1992	 x18:0x791f9257  x3=0x791f97df
       6445.000 ns	       643	80000314	19ecf7d3	fdiv.s	f15,f25,f30	 f25:0x002d0b1b f30:0x7f800001 f15=0x7fc00000
       6465.000 ns	       645	80000318	01705633	srl	x12,x0,x23	  x0:0x00000000 x23:0x791f9258 x12=0x00000000
       6485.000 ns	       647	8000031c	02da1633	mulh	x12,x20,x13	 x20:0x00000003 x13:0x00000002 x12=0x00000000
       6855.000 ns	       684	80000320	024a59b3	divu	x19,x20,x4	 x20:0x00000003  x4:0x66685738 x19=0x00000000
       6875.000 ns	       686	80000324	411bd893	srai	x17,x23,0x11	 x23:0x791f9258 x17=0x00003c8f
       6895.000 ns	       688	80000328	026bb633	mulhu	x12,x23,x6	 x23:0x791f9258  x6:0x00000000 x12=0x00000000
       6915.000 ns	       690	8000032c	016bd813	srli	x16,x23,0x16	 x23:0x791f9258 x16=0x000001e4
       6925.000 ns	       691	80000330	4110d813	srai	x16,x1,0x11	  x1:0x00000000 x16=0x00000000
       6945.000 ns	       693	80000334	29069353	fmax.s	f6,f13,f16	 f13:0x7fc00000 f16:0x00000000  f6=0x00000000
       6975.000 ns	       696	80000338	28890bd3	fmin.s	f23,f18,f8	 f18:0xff7fffff  f8:0xff7fffff f23=0xff7fffff
       6995.000 ns	       698	8000033c	01375093	srli	x1,x14,0x13	 x14:0x00000000  x1=0x00000000
       7015.000 ns	       700	80000340	02136333	rem	x6,x6,x1	  x6:0x00000000  x1:0x00000000  x6=0x00000000
       7045.000 ns	       703	80000344	a14dabd3	feq.s	x23,f27,f20	 f27:0x7f800001 f20:0xff7fffff x23=0x00000000
       7065.000 ns	       705	80000348	f731c613	xori	x12,x3,-141	  x3:0x791f97df x12=0x86e068ac
       7085.000 ns	       707	8000034c	0268e0b3	rem	x1,x17,x6	 x17:0x00003c8f  x6:0x00000000  x1=0x00003c8f
       7115.000 ns	       710	80000350	280307d3	fmin.s	f15,f6,f0	  f6:0x00000000  f0:0x80000000 f15=0x80000000
       7155.000 ns	       714	80000354	11fdf153	fmul.s	f2,f27,f31	 f27:0x7f800001 f31:0x7f800001  f2=0x7fc00000
       7185.000 ns	       717	80000358	29091053	fmax.s	f0,f18,f16	 f18:0xff7fffff f16:0x00000000  f0=0x00000000
       7235.000 ns	       722	8000035c	0128f353	fadd.s	f6,f17,f18	 f17:0x7f800001 f18:0xff7fffff  f6=0x7fc00000
       7255.000 ns	       724	80000360	01045a13	srli	x20,x8,0x10	  x8:0x80000000 x20=0x00008000
       7615.000 ns	       760	80000364	0299e8b3	rem	x17,x19,x9	 x19:0x00000000  x9:0x993c7000 x17=0x00000000
       7635.000 ns	       762	80000368	0337b993	sltiu	x19,x15,51	 x15:0x00000000 x19=0x00000001
       7655.000 ns	       764	8000036c	031b9db3	mulh	x27,x23,x17	 x23:0x00000000 x17:0x00000000 x27=0x00000000
       7675.000 ns	       766	80000370	4ed5ac93	slti	x25,x11,1261	 x11:0xf24b5688 x25=0x00000001
       7695.000 ns	       768	80000374	026c8033	mul	x0,x25,x6	 x25:0x0000000c  x6:0x00000000
       7735.000 ns	       772	80000378	1148b6d3	fmul.s	f13,f17,f20	 f17:0x7f800001 f20:0xff7fffff f13=0x7fc00000
       7755.000 ns	       774	8000037c	4139d533	sra	x10,x19,x19	 x19:0x00000001 x19:0x00000001 x10=0x00000000
       7765.000 ns	       775	80000380	01cb1db3	sll	x27,x22,x28	 x22:0x00000000 x28:0x80041024 x27=0x00000000
       7775.000 ns	       776	80000384	00aed213	srli	x4,x29,0xa	 x29:0x00000002  x4=0x00000000
       7785.000 ns	       777	80000388	01511b33	sll	x22,x2,x21	  x2:0x80040fe4 x21:0x70a228bd x22=0x80000000
       7805.000 ns	       779	8000038c	205d0353	fsgnj.s	f6,f26,f5	 f26:0x7fc00000  f5:0x7f800001  f6=0x7fc00000
       7835.000 ns	       782	80000390	a1578a53	fle.s	x20,f15,f21	 f15:0x80000000 f21:0x80000000 x20=0x00000001
       7865.000 ns	       785	80000394	d011f253	fcvt.s.wu	f4,x3	  x3:0x791f97df  f4=0x4ef23f2f
       7895.000 ns	       788	80000398	c00636d3	fcvt.w.s	x13,f12	 f12:0x7f7fffff x13=0x7fffffff
       7925.000 ns	       791	8000039c	c0160953	fcvt.wu.s	x18,f12	 f12:0x7f7fffff x18=0xffffffff
       7955.000 ns	       794	800003a0	f0010cd3	fmv.w.x	f25,x2	  x2:0x80040fe4 f25=0x80040fe4
       7975.000 ns	       796	800003a4	4137bf13	sltiu	x30,x15,1043	 x15:0x00000000 x30=0x00000001
       7995.000 ns	       798	800003a8	20010dd3	fsgnj.s	f27,f2,f0	  f2:0x7fc00000  f0:0x00000000 f27=0x7fc00000
       8025.000 ns	       801	800003ac	a1e21953	flt.s	x18,f4,f30	  f4:0x4ef23f2f f30:0x7f800001 x18=0x00000000
       8045.000 ns	       803	800003b0	79a30c17	auipc	x24,0x79a30	 x24=0xf9a303b0
       8085.000 ns	       807	800003b4	0938b153	fsub.s	f2,f17,f19	 f17:0x7f800001 f19:0x7fc00000  f2=0x7fc00000
       8105.000 ns	       809	800003b8	9d2d8bb7	lui	x23,0x9d2d8	 x23=0x9d2d8000
       8115.000 ns	       810	800003bc	66803293	sltiu	x5,x0,1640	  x0:0x00000000  x5=0x00000001
       8155.000 ns	       814	800003c0	004331d3	fadd.s	f3,f6,f4	  f6:0x7fc00000  f4:0x4ef23f2f  f3=0x7fc00000
       8175.000 ns	       816	800003c4	0072fdb3	and	x27,x5,x7	  x5:0xf4c493a8  x7:0x65ed24cd x27=0x00000001
       8185.000 ns	       817	800003c8	be6df8b7	lui	x17,0xbe6df	 x17=0xbe6df000
       8205.000 ns	       819	800003cc	205c22d3	fsgnjx.s	f5,f24,f5	 f24:0xff800000  f5:0x7f800001  f5=0xff800000
       8225.000 ns	       821	800003d0	018ca9b3	slt	x19,x25,x24	 x25:0x00000001 x24:0xf9a303b0 x19=0x00000000
       8235.000 ns	       822	800003d4	c99c7793	andi	x15,x24,-871	 x24:0xf9a303b0 x15=0xf9a30090
       8245.000 ns	       823	800003d8	404501b3	sub	x3,x10,x4	 x10:0x00000000  x4:0x00000000  x3=0x00000000
       8255.000 ns	       824	800003dc	410e5313	srai	x6,x28,0x10	 x28:0x80041024  x6=0xffff8004
       8275.000 ns	       826	800003e0	a0468d53	fle.s	x26,f13,f4	 f13:0x7fc00000  f4:0x4ef23f2f x26=0x00000000
       8305.000 ns	       829	800003e4	d006ab53	fcvt.s.w	f22,x13	 x13:0x7fffffff f22=0x4f000000
       8335.000 ns	       832	800003e8	f00980d3	fmv.w.x	f1,x19	 x19:0x00000000  f1=0x00000000
       8355.000 ns	       834	800003ec	01164f33	xor	x30,x12,x17	 x12:0x86e068ac x17:0xbe6df000 x30=0x388d98ac
       8365.000 ns	       835	800003f0	40438bb3	sub	x23,x7,x4	  x7:0x65ed24cd  x4:0x00000000 x23=0x65ed24cd
       8385.000 ns	       837	800003f4	03ae8db3	mul	x27,x29,x26	 x29:0x00000002 x26:0x00000000 x27=0x00000000
       8405.000 ns	       839	800003f8	0069bb33	sltu	x22,x19,x6	 x19:0x00000000  x6:0xffff8004 x22=0x00000001
       8415.000 ns	       840	800003fc	01fe78b3	and	x17,x28,x31	 x28:0x80041024 x31:0x00000005 x17=0x00000004
       8455.000 ns	       844	80000400	08807a53	fsub.s	f20,f0,f8	  f0:0x00000000  f8:0xff7fffff f20=0x7f7fffff
       8485.000 ns	       847	80000404	e00684d3	fmv.x.w	x9,f13	 f13:0x7fc00000  x9=0x7fc00000
       8505.000 ns	       849	80000408	00969a33	sll	x20,x13,x9	 x13:0x7fffffff  x9:0x993c7000 x20=0x7fffffff
       8515.000 ns	       850	8000040c	38ac7f17	auipc	x30,0x38ac7	 x30=0xb8ac740c
       8535.000 ns	       852	80000410	f00a86d3	fmv.w.x	f13,x21	 x21:0x70a228bd f13=0x70a228bd
       8575.000 ns	       856	80000414	58037cd3	fsqrt.s	f25,f6	  f6:0x7fc00000 f25=0x7fc00000
       8595.000 ns	       858	80000418	00d187b3	add	x15,x3,x13	  x3:0x00000000 x13:0x7fffffff x15=0x7fffffff
       8615.000 ns	       860	8000041c	d000b8d3	fcvt.s.w	f17,x1	  x1:0x00003c8f f17=0x46723c00
       8985.000 ns	       897	80000420	03e7ff33	remu	x30,x15,x30	 x15:0xf9a30090 x30:0xb8ac740c x30=0x7fffffff
       9005.000 ns	       899	80000424	713c6d93	ori	x27,x24,1811	 x24:0xf9a303b0 x27=0xf9a307b3
       9045.000 ns	       903	80000428	089f7cd3	fsub.s	f25,f30,f9	 f30:0x7f800001  f9:0x80041024 f25=0x7fc00000
       9065.000 ns	       905	8000042c	00000013	addi	x0,x0,0	  x0:0x00000000
       9085.000 ns	       907	80000430	02221533	mulh	x10,x4,x2	  x4:0x00000000  x2:0x80040fe4 x10=0x00000000
       9105.000 ns	       909	80000434	40d2dc93	srai	x25,x5,0xd	  x5:0x00000001 x25=0x00000000
       9115.000 ns	       910	80000438	7f12e813	ori	x16,x5,2033	  x5:0x00000001 x16=0x000007f1
       9125.000 ns	       911	8000043c	409edf93	srai	x31,x29,0x9	 x29:0x00000002 x31=0x00000000
       9135.000 ns	       912	80000440	557f4b13	xori	x22,x30,1367	 x30:0x7fffffff x22=0x7ffffaa8
       9155.000 ns	       914	80000444	f00c0253	fmv.w.x	f4,x24	 x24:0xf9a303b0  f4=0xf9a303b0
       9185.000 ns	       917	80000448	c017f6d3	fcvt.wu.s	x13,f15	 f15:0x80000000 x13=0x00000000
       9205.000 ns	       919	8000044c	4139dd33	sra	x26,x19,x19	 x19:0x00000000 x19:0x00000000 x26=0x00000000
       9215.000 ns	       920	80000450	c917e293	ori	x5,x15,-879	 x15:0x7fffffff  x5=0xffffffff
       9225.000 ns	       921	80000454	4d944013	xori	x0,x8,1241	  x8:0x80000000
       9245.000 ns	       923	80000458	a03a92d3	flt.s	x5,f21,f3	 f21:0x80000000  f3:0x7fc00000  x5=0x00000000
       9275.000 ns	       926	8000045c	a0872753	feq.s	x14,f14,f8	 f14:0x008fe29b  f8:0xff7fffff x14=0x00000000
       9295.000 ns	       928	80000460	419ad093	srai	x1,x21,0x19	 x21:0x70a228bd  x1=0x00000038
       9315.000 ns	       930	80000464	f00289d3	fmv.w.x	f19,x5	  x5:0x00000000 f19=0x00000000
       9345.000 ns	       933	80000468	02098433	mul	x8,x19,x0	 x19:0x00000000  x0:0x00000000  x8=0x00000000
       9365.000 ns	       935	8000046c	01b20733	add	x14,x4,x27	  x4:0x00000000 x27:0xf9a307b3 x14=0xf9a307b3
       9385.000 ns	       937	80000470	c01a3453	fcvt.wu.s	x8,f20	 f20:0x7f7fffff  x8=0xffffffff
       9415.000 ns	       940	80000474	29d31a53	fmax.s	f20,f6,f29	  f6:0x7fc00000 f29:0x6667a539 f20=0x6667a539
       9465.000 ns	       945	80000478	011a77d3	fadd.s	f15,f20,f17	 f20:0x7f7fffff f17:0x46723c00 f15=0x6667a539
       9495.000 ns	       948	8000047c	a19ba4d3	feq.s	x9,f23,f25	 f23:0xff7fffff f25:0x7fc00000  x9=0x00000000
       9535.000 ns	       952	80000480	114573d3	fmul.s	f7,f10,f20	 f10:0x7f800001 f20:0x6667a539  f7=0x7fc00000
       9555.000 ns	       954	80000484	42f6bf13	sltiu	x30,x13,1071	 x13:0x00000000 x30=0x00000001
       9575.000 ns	       956	80000488	e0020fd3	fmv.x.w	x31,f4	  f4:0xf9a303b0 x31=0xf9a303b0
       9595.000 ns	       958	8000048c	00da6333	or	x6,x20,x13	 x20:0x7fffffff x13:0x00000000  x6=0x7fffffff
       9615.000 ns	       960	80000490	e00890d3	fclass.s	x1,f17	 f17:0x46723c00  x1=0x00000040
       9645.000 ns	       963	80000494	02b8b3b3	mulhu	x7,x17,x11	 x17:0x00000004 x11:0xf24b5688  x7=0x00000003
       9695.000 ns	       968	80000498	082a7053	fsub.s	f0,f20,f2	 f20:0x6667a539  f2:0x7fc00000  f0=0x7fc00000
       9725.000 ns	       971	8000049c	03a2f033	remu	x0,x5,x26	  x5:0x00000000 x26:0x00000000
       9755.000 ns	       974	800004a0	21b80bd3	fsgnj.s	f23,f16,f27	 f16:0x00000000 f27:0x7fc00000 f23=0x00000000
      10125.000 ns	      1011	800004a4	03134a33	div	x20,x6,x17	  x6:0x7fffffff x17:0x00000004 x20=0x1fffffff
      10155.000 ns	      1014	800004a8	023edd33	divu	x26,x29,x3	 x29:0x00000002  x3:0x00000000 x26=0xffffffff
      10175.000 ns	      1016	800004ac	0009d233	srl	x4,x19,x0	 x19:0x00000000  x0:0x00000000  x4=0x00000000
      10195.000 ns	      1018	800004b0	c00074d3	fcvt.w.s	x9,f0	  f0:0x7fc00000  x9=0x7fffffff
      10225.000 ns	      1021	800004b4	038eb6b3	mulhu	x13,x29,x24	 x29:0x00000002 x24:0xf9a303b0 x13=0x00000001
      10245.000 ns	      1023	800004b8	74897193	andi	x3,x18,1864	 x18:0x00000000  x3=0x00000000
      10265.000 ns	      1025	800004bc	e00682d3	fmv.x.w	x5,f13	 f13:0x70a228bd  x5=0x70a228bd
      10285.000 ns	      1027	800004c0	41bd0833	sub	x16,x26,x27	 x26:0xffffffff x27:0xf9a307b3 x16=0x065cf84c
      10305.000 ns	      1029	800004c4	0236bd33	mulhu	x26,x13,x3	 x13:0x00000001  x3:0x00000000 x26=0x00000000
      10325.000 ns	      1031	800004c8	46ade013	ori	x0,x27,1130	 x27:0xf9a307b3
      10345.000 ns	      1033	800004cc	d00c8ed3	fcvt.s.w	f29,x25	 x25:0x00000000 f29=0x00000000
      10365.000 ns	      1035	800004d0	5927fc93	andi	x25,x15,1426	 x15:0x7fffffff x25=0x00000592
      10405.000 ns	      1039	800004d4	01fff053	fadd.s	f0,f31,f31	 f31:0x7f800001 f31:0x7f800001  f0=0x7fc00000
      10425.000 ns	      1041	800004d8	00000013	addi	x0,x0,0	  x0:0x00000000
      10455.000 ns	      1044	800004dc	19f0f553	fdiv.s	f10,f1,f31	  f1:0x00000000 f31:0x7f800001 f10=0x7fc00000
      10475.000 ns	      1046	800004e0	413384b3	sub	x9,x7,x19	  x7:0x00000003 x19:0x00000000  x9=0x00000003
      10485.000 ns	      1047	800004e4	00567933	and	x18,x12,x5	 x12:0x86e068ac  x5:0x70a228bd x18=0x00a028ac
      10495.000 ns	      1048	800004e8	016020b3	slt	x1,x0,x22	  x0:0x00000000 x22:0x7ffffaa8  x1=0x00000001
      10505.000 ns	      1049	800004ec	d1c30a97	auipc	x21,0xd1c30	 x21=0x51c304ec
      10525.000 ns	      1051	800004f0	e00c97d3	fclass.s	x15,f25	 f25:0x7fc00000 x15=0x00000200
      10555.000 ns	      1054	800004f4	f00d0b53	fmv.w.x	f22,x26	 x26:0x00000000 f22=0x00000000
      10575.000 ns	      1056	800004f8	4133c7b7	lui	x15,0x4133c	 x15=0x4133c000
      10585.000 ns	      1057	800004fc	83f92093	slti	x1,x18,-1985	 x18:0x00a028ac  x1=0x00000000
      10595.000 ns	      1058	80000500	003dca33	xor	x20,x27,x3	 x27:0xf9a307b3  x3:0x00000000 x20=0xf9a307b3
      10605.000 ns	      1059	80000504	5289b797	auipc	x15,0x5289b	 x15=0xd289b504
      10615.000 ns	      1060	80000508	8541ff93	andi	x31,x3,-1964	  x3:0x00000000 x31=0x00000000
      10625.000 ns	      1061	8000050c	898cd517	auipc	x10,0x898cd	 x10=0x098cd50c
      10635.000 ns	      1062	80000510	01751993	slli	x19,x10,0x17	 x10:0x00000000 x19=0x86000000
      10655.000 ns	      1064	80000514	21048a53	fsgnj.s	f20,f9,f16	  f9:0x80041024 f16:0x00000000 f20=0x00041024
      10675.000 ns	      1066	80000518	e1ae3b13	sltiu	x22,x28,-486	 x28:0x80041024 x22=0x00000001
      10695.000 ns	      1068	8000051c	29240ed3	fmin.s	f29,f8,f18	  f8:0xff7fffff f18:0xff7fffff f29=0xff7fffff
      10715.000 ns	      1070	80000520	41865e93	srai	x29,x12,0x18	 x12:0x86e068ac x29=0xffffff86
      10735.000 ns	      1072	80000524	c0117453	fcvt.wu.s	x8,f2	  f2:0x7fc00000  x8=0xffffffff
      10755.000 ns	      1074	80000528	01501933	sll	x18,x0,x21	  x0:0x00000000 x21:0x51c304ec x18=0x00000000
      10765.000 ns	      1075	8000052c	00721233	sll	x4,x4,x7	  x4:0x00000000  x7:0x00000003  x4=0x00000000
      10795.000 ns	      1078	80000530	19eafcd3	fdiv.s	f25,f21,f30	 f21:0x80000000 f30:0x7f800001 f25=0x7fc00000
      10825.000 ns	      1081	80000534	e00c88d3	fmv.x.w	x17,f25	 f25:0x7fc00000 x17=0x7fc00000
      10845.000 ns	      1083	80000538	20558937	lui	x18,0x20558	 x18=0x20558000
      10855.000 ns	      1084	8000053c	8cbb4f93	xori	x31,x22,-1845	 x22:0x00000001 x31=0xfffff8ca
      10865.000 ns	      1085	80000540	6ee93b13	sltiu	x22,x18,1774	 x18:0x00000000 x22=0x00000000
      10875.000 ns	      1086	80000544	33a8c693	xori	x13,x17,826	 x17:0x7fc00000 x13=0x7fc0033a
      10885.000 ns	      1087	80000548	01760733	add	x14,x12,x23	 x12:0x86e068ac x23:0x65ed24cd x14=0xeccd8d79
      10905.000 ns	      1089	8000054c	28559bd3	fmax.s	f23,f11,f5	 f11:0x80550048  f5:0xff800000 f23=0x80550048
      10935.000 ns	      1092	80000550	a17da553	feq.s	x10,f27,f23	 f27:0x7fc00000 f23:0x00000000 x10=0x00000000
      10965.000 ns	      1095	80000554	c00210d3	fcvt.w.s	x1,f4	  f4:0xf9a303b0  x1=0x80000000
      10985.000 ns	      1097	80000558	009a42b3	xor	x5,x20,x9	 x20:0xf9a307b3  x9:0x00000003  x5=0xf9a307b0
      10995.000 ns	      1098	8000055c	00246d33	or	x26,x8,x2	  x8:0xffffffff  x2:0x80040fe4 x26=0xffffffff
      11005.000 ns	      1099	80000560	01505813	srli	x16,x0,0x15	  x0:0x00000000 x16=0x00000000
      11025.000 ns	      1101	80000564	03f72fb3	mulhsu	x31,x14,x31	 x14:0xeccd8d79 x31:0xfffff8ca x31=0xeccd8e03
      11065.000 ns	      1105	80000568	180975d3	fdiv.s	f11,f18,f0	 f18:0xff7fffff  f0:0x7fc00000 f11=0x7fc00000
      11085.000 ns	      1107	8000056c	f2fa7b93	andi	x23,x20,-209	 x20:0xf9a307b3 x23=0xf9a30723
      11105.000 ns	      1109	80000570	c0067b53	fcvt.w.s	x22,f12	 f12:0x7f7fffff x22=0x7fffffff
      11135.000 ns	      1112	80000574	a0c12bd3	feq.s	x23,f2,f12	  f2:0x7fc00000 f12:0x7f7fffff x23=0x00000000
      11155.000 ns	      1114	80000578	01009d13	slli	x26,x1,0x10	  x1:0x80000000 x26=0x00000000
      11175.000 ns	      1116	8000057c	c01a3a53	fcvt.wu.s	x20,f20	 f20:0x00041024 x20=0x00000000
      11215.000 ns	      1120	80000580	580e1553	fsqrt.s	f10,f28	 f28:0xffc00000 f10=0x7fc00000
      11235.000 ns	      1122	80000584	b63d0213	addi	x4,x26,-1181	 x26:0x00000000  x4=0xfffffb63
      11245.000 ns	      1123	80000588	00bf1733	sll	x14,x30,x11	 x30:0x00000001 x11:0xf24b5688 x14=0x00000100
      11255.000 ns	      1124	8000058c	0059bd33	sltu	x26,x19,x5	 x19:0x86000000  x5:0xf9a307b0 x26=0x00000001
      11265.000 ns	      1125	80000590	0099ca33	xor	x20,x19,x9	 x19:0x86000000  x9:0x00000003 x20=0x86000003
      11285.000 ns	      1127	80000594	d01672d3	fcvt.s.wu	f5,x12	 x12:0x86e068ac  f5=0x4f06e068
      11305.000 ns	      1129	80000598	005d21b3	slt	x3,x26,x5	 x26:0x00000001  x5:0xf9a307b0  x3=0x00000000
      11325.000 ns	      1131	8000059c	a1832cd3	feq.s	x25,f6,f24	  f6:0x7fc00000 f24:0xff800000 x25=0x00000000
      11695.000 ns	      1168	800005a0	02266eb3	rem	x29,x12,x2	 x12:0x86e068ac  x2:0x80040fe4 x29=0x86e068ac
      11745.000 ns	      1173	800005a4	0957bdd3	fsub.s	f27,f15,f21	 f15:0x6667a539 f21:0x80000000 f27=0x6667a539
      11775.000 ns	      1176	800005a8	21470d53	fsgnj.s	f26,f14,f20	 f14:0x008fe29b f20:0x00041024 f26=0x008fe29b
      11795.000 ns	      1178	800005ac	01452db3	slt	x27,x10,x20	 x10:0x00000000 x20:0x86000003 x27=0x00000000
      11815.000 ns	      1180	800005b0	e0098ed3	fmv.x.w	x29,f19	 f19:0x00000000 x29=0x00000000
      11835.000 ns	      1182	800005b4	00c4d533	srl	x10,x9,x12	  x9:0x00000003 x12:0x86e068ac x10=0x00000000
      11845.000 ns	      1183	800005b8	fe080613	addi	x12,x16,-32	 x16:0x00000000 x12=0xffffffe0
      11865.000 ns	      1185	800005bc	c01c8d53	fcvt.wu.s	x26,f25	 f25:0x7fc00000 x26=0xffffffff
      11895.000 ns	      1188	800005c0	288919d3	fmax.s	f19,f18,f8	 f18:0xff7fffff  f8:0xff7fffff f19=0xff7fffff
      11935.000 ns	      1192	800005c4	189c2253	fdiv.s	f4,f24,f9	 f24:0xff800000  f9:0x80041024  f4=0x7f800000
      11955.000 ns	      1194	800005c8	01d767b3	or	x15,x14,x29	 x14:0x00000100 x29:0x00000000 x15=0x00000100
      11975.000 ns	      1196	800005cc	036b2433	mulhsu	x8,x22,x22	 x22:0x7fffffff x22:0x7fffffff  x8=0x3fffffff
      12315.000 ns	      1230	800005d0	188676d3	fdiv.s	f13,f12,f8	 f12:0x7f7fffff  f8:0xff7fffff f13=0xff800000
      12345.000 ns	      1233	800005d4	02949b33	mulh	x22,x9,x9	  x9:0x00000003  x9:0x00000003 x22=0x00000000
      12365.000 ns	      1235	800005d8	17493193	sltiu	x3,x18,372	 x18:0x20558000  x3=0x00000000
      12405.000 ns	      1239	800005dc	015bf5d3	fadd.s	f11,f23,f21	 f23:0x80550048 f21:0x80000000 f11=0x80550048
      12745.000 ns	      1273	800005e0	19b79a53	fdiv.s	f20,f15,f27	 f15:0x6667a539 f27:0x6667a539 f20=0x3f67a53a
      12765.000 ns	      1275	800005e4	014c1693	slli	x13,x24,0x14	 x24:0xf9a303b0 x13=0x3b000000
      12775.000 ns	      1276	800005e8	04f97693	andi	x13,x18,79	 x18:0x20558000 x13=0x00000000
      12785.000 ns	      1277	800005ec	0025dd13	srli	x26,x11,0x2	 x11:0xf24b5688 x26=0x3c92d5a2
      12795.000 ns	      1278	800005f0	00000013	addi	x0,x0,0	  x0:0x00000000
      12805.000 ns	      1279	800005f4	7762f217	auipc	x4,0x7762f	  x4=0xf762f5f4
      12815.000 ns	      1280	800005f8	010f9893	slli	x17,x31,0x10	 x31:0xeccd8e03 x17=0x8e030000
      12835.000 ns	      1282	800005fc	039cdc33	divu	x24,x25,x25	 x25:0x00000000 x25:0x00000000 x24=0xffffffff
      12855.000 ns	      1284	80000600	8a236293	ori	x5,x6,-1886	  x6:0x7fffffff  x5=0xffffffff
      13215.000 ns	      1320	80000604	0210e3b3	rem	x7,x1,x1	  x1:0x80000000  x1:0x80000000  x7=0x00000000
      13585.000 ns	      1357	80000608	0286ffb3	remu	x31,x13,x8	 x13:0x00000000  x8:0x3fffffff x31=0x00000000
      13615.000 ns	      1360	8000060c	a0091953	flt.s	x18,f18,f0	 f18:0xff7fffff  f0:0x7fc00000 x18=0x00000000
      13635.000 ns	      1362	80000610	014babb3	slt	x23,x23,x20	 x23:0x00000000 x20:0x86000003 x23=0x00000000
      13655.000 ns	      1364	80000614	0374d733	divu	x14,x9,x23	  x9:0x00000003 x23:0x00000000 x14=0xffffffff
      13695.000 ns	      1368	80000618	117fffd3	fmul.s	f31,f31,f23	 f31:0x7f800001 f23:0x80550048 f31=0x7fc00000
      13725.000 ns	      1371	8000061c	20f10dd3	fsgnj.s	f27,f2,f15	  f2:0x7fc00000 f15:0x6667a539 f27=0x7fc00000
      13745.000 ns	      1373	80000620	4a4ec393	xori	x7,x29,1188	 x29:0x00000000  x7=0x000004a4
      13755.000 ns	      1374	80000624	00c88933	add	x18,x17,x12	 x17:0x8e030000 x12:0xffffffe0 x18=0x8e02ffe0
      13765.000 ns	      1375	80000628	e5c4bc93	sltiu	x25,x9,-420	  x9:0x00000003 x25=0x00000001
      13775.000 ns	      1376	8000062c	00000013	addi	x0,x0,0	  x0:0x00000000
      13785.000 ns	      1377	80000630	015a2cb3	slt	x25,x20,x21	 x20:0x86000003 x21:0x51c304ec x25=0x00000001
      13805.000 ns	      1379	80000634	215689d3	fsgnj.s	f19,f13,f21	 f13:0xff800000 f21:0x80000000 f19=0xff800000
      13835.000 ns	      1382	80000638	f00e0653	fmv.w.x	f12,x28	 x28:0x80041024 f12=0x80041024
      13855.000 ns	      1384	8000063c	40d989b3	sub	x19,x19,x13	 x19:0x86000000 x13:0x00000000 x19=0x86000000
      13885.000 ns	      1387	80000640	18a075d3	fdiv.s	f11,f0,f10	  f0:0x7fc00000 f10:0x7fc00000 f11=0x7fc00000
      13915.000 ns	      1390	80000644	a0a52a53	feq.s	x20,f10,f10	 f10:0x7fc00000 f10:0x7fc00000 x20=0x00000000
      13945.000 ns	      1393	80000648	f0078153	fmv.w.x	f2,x15	 x15:0x00000100  f2=0x00000100
      13975.000 ns	      1396	8000064c	a11a0653	fle.s	x12,f20,f17	 f20:0x3f67a53a f17:0x46723c00 x12=0x00000001
      13995.000 ns	      1398	80000650	67256fb7	lui	x31,0x67256	 x31=0x67256000
      14005.000 ns	      1399	80000654	00f75fb3	srl	x31,x14,x15	 x14:0xffffffff x15:0x00000100 x31=0xffffffff
      14025.000 ns	      1401	80000658	a0311cd3	flt.s	x25,f2,f3	  f2:0x00000100  f3:0x7fc00000 x25=0x00000000
      14055.000 ns	      1404	8000065c	036a5433	divu	x8,x20,x22	 x20:0x00000000 x22:0x00000000  x8=0xffffffff
      14075.000 ns	      1406	80000660	13a68f93	addi	x31,x13,314	 x13:0x00000000 x31=0x0000013a
      14435.000 ns	      1442	80000664	02bcdeb3	divu	x29,x25,x11	 x25:0x00000000 x11:0xf24b5688 x29=0x00000000
      14465.000 ns	      1445	80000668	d00c47d3	fcvt.s.w	f15,x24	 x24:0xffffffff f15=0xbf800000
      14495.000 ns	      1448	8000066c	e00e81d3	fmv.x.w	x3,f29	 f29:0xff7fffff  x3=0xff7fffff
      14865.000 ns	      1485	80000670	022d5c33	divu	x24,x26,x2	 x26:0x3c92d5a2  x2:0x80040fe4 x24=0x00000000
      15235.000 ns	      1522	80000674	02f15433	divu	x8,x2,x15	  x2:0x80040fe4 x15:0x00000100  x8=0x0080040f
      15265.000 ns	      1525	80000678	e0060c53	fmv.x.w	x24,f12	 f12:0x80041024 x24=0x80041024
      15635.000 ns	      1562	8000067c	0238d933	divu	x18,x17,x3	 x17:0x8e030000  x3:0xff7fffff x18=0x00000000
      15665.000 ns	      1565	80000680	215b0a53	fsgnj.s	f20,f22,f21	 f22:0x00000000 f21:0x80000000 f20=0x80000000
      16035.000 ns	      1602	80000684	02f36933	rem	x18,x6,x15	  x6:0x7fffffff x15:0x00000100 x18=0x000000ff
      16065.000 ns	      1605	80000688	02d39033	mulh	x0,x7,x13	  x7:0x000004a4 x13:0x00000000
      16085.000 ns	      1607	8000068c	01878a33	add	x20,x15,x24	 x15:0x00000100 x24:0x80041024 x20=0x80041124
      16105.000 ns	      1609	80000690	28020ed3	fmin.s	f29,f4,f0	  f4:0x7f800000  f0:0x7fc00000 f29=0x7f800000
      16135.000 ns	      1612	80000694	21a4a053	fsgnjx.s	f0,f9,f26	  f9:0x80041024 f26:0x008fe29b  f0=0x80041024
      16165.000 ns	      1615	80000698	20ffa353	fsgnjx.s	f6,f31,f15	 f31:0x7fc00000 f15:0xbf800000  f6=0xffc00000
      16195.000 ns	      1618	8000069c	e0031b53	fclass.s	x22,f6	  f6:0x7fc00000 x22=0x00000200
      16215.000 ns	      1620	800006a0	01c29793	slli	x15,x5,0x1c	  x5:0xffffffff x15=0xf0000000
      16225.000 ns	      1621	800006a4	005be6b3	or	x13,x23,x5	 x23:0x00000000  x5:0xffffffff x13=0xffffffff
      16235.000 ns	      1622	800006a8	db9b8713	addi	x14,x23,-583	 x23:0x00000000 x14=0xfffffdb9
      16255.000 ns	      1624	800006ac	a0b50b53	fle.s	x22,f10,f11	 f10:0x7fc00000 f11:0x7fc00000 x22=0x00000000
      16625.000 ns	      1661	800006b0	0292d8b3	divu	x17,x5,x9	  x5:0xffffffff  x9:0x00000003 x17=0x55555555
      16655.000 ns	      1664	800006b4	038d32b3	mulhu	x5,x26,x24	 x26:0x3c92d5a2 x24:0x80041024  x5=0x1e4a60ee
      16675.000 ns	      1666	800006b8	01229d13	slli	x26,x5,0x12	  x5:0xffffffff x26=0x83b80000
      16695.000 ns	      1668	800006bc	d01e9f53	fcvt.s.wu	f30,x29	 x29:0x00000000 f30=0x00000000
      16725.000 ns	      1671	800006c0	d01ffdd3	fcvt.s.wu	f27,x31	 x31:0x0000013a f27=0x439d0000
      16745.000 ns	      1673	800006c4	000698b3	sll	x17,x13,x0	 x13:0xffffffff  x0:0x00000000 x17=0xffffffff
      17105.000 ns	      1709	800006c8	03e0d8b3	divu	x17,x1,x30	  x1:0x80000000 x30:0x00000001 x17=0x80000000
      17145.000 ns	      1713	800006cc	58047753	fsqrt.s	f14,f8	  f8:0xff7fffff f14=0x7fc00000
      17165.000 ns	      1715	800006d0	cdd94813	xori	x16,x18,-803	 x18:0x000000ff x16=0xfffffc22
      17525.000 ns	      1751	800006d4	0275f9b3	remu	x19,x11,x7	 x11:0xf24b5688  x7:0x000004a4 x19=0x00000044
      17555.000 ns	      1754	800006d8	205e90d3	fsgnjn.s	f1,f29,f5	 f29:0x7f800000  f5:0x4f06e068  f1=0xff800000
      17575.000 ns	      1756	800006dc	00eb3cb3	sltu	x25,x22,x14	 x22:0x00000000 x14:0xfffffdb9 x25=0x00000001
      17585.000 ns	      1757	800006e0	017e19b3	sll	x19,x28,x23	 x28:0x80041024 x23:0x00000000 x19=0x80041024
      17595.000 ns	      1758	800006e4	41245e93	srai	x29,x8,0x12	  x8:0x0080040f x29=0x00000020
      17605.000 ns	      1759	800006e8	01b7bbb3	sltu	x23,x15,x27	 x15:0xf0000000 x27:0x00000000 x23=0x00000000
      17625.000 ns	      1761	800006ec	a16d0053	fle.s	x0,f26,f22	 f26:0x008fe29b f22:0x00000000
      17645.000 ns	      1763	800006f0	0183bc33	sltu	x24,x7,x24	  x7:0x000004a4 x24:0x80041024 x24=0x00000001
      17665.000 ns	      1765	800006f4	f0060b53	fmv.w.x	f22,x12	 x12:0x00000001 f22=0x00000001
      17695.000 ns	      1768	800006f8	213083d3	fsgnj.s	f7,f1,f19	  f1:0xff800000 f19:0xff800000  f7=0xff800000
      17715.000 ns	      1770	800006fc	0e1b1817	auipc	x16,0xe1b1	 x16=0x8e1b16fc
      17725.000 ns	      1771	80000700	01cbd993	srli	x19,x23,0x1c	 x23:0x00000000 x19=0x00000000
      17745.000 ns	      1773	80000704	d00f2253	fcvt.s.w	f4,x30	 x30:0x00000001  f4=0x3f800000
      17765.000 ns	      1775	80000708	015e5933	srl	x18,x28,x21	 x28:0x80041024 x21:0x51c304ec x18=0x00080041
      17785.000 ns	      1777	8000070c	28f606d3	fmin.s	f13,f12,f15	 f12:0x80041024 f15:0xbf800000 f13=0xbf800000
      17815.000 ns	      1780	80000710	c01f7fd3	fcvt.wu.s	x31,f30	 f30:0x00000000 x31=0x00000000
      17845.000 ns	      1783	80000714	203d0e53	fsgnj.s	f28,f26,f3	 f26:0x008fe29b  f3:0x7fc00000 f28=0x008fe29b
      17875.000 ns	      1786	80000718	03b5ca33	div	x20,x11,x27	 x11:0xf24b5688 x27:0x00000000 x20=0xffffffff
      17895.000 ns	      1788	8000071c	0161df93	srli	x31,x3,0x16	  x3:0xff7fffff x31=0x000003fd
      17925.000 ns	      1791	80000720	5807f8d3	fsqrt.s	f17,f15	 f15:0xbf800000 f17=0x7fc00000
      17945.000 ns	      1793	80000724	00659033	sll	x0,x11,x6	 x11:0xf24b5688  x6:0x7fffffff
      17965.000 ns	      1795	80000728	e0039fd3	fclass.s	x31,f7	  f7:0xff800000 x31=0x00000001
      17985.000 ns	      1797	8000072c	942b0793	addi	x15,x22,-1726	 x22:0x00000000 x15=0xfffff942
      18005.000 ns	      1799	80000730	029f8d33	mul	x26,x31,x9	 x31:0x00000001  x9:0x00000003 x26=0x00000003
      18025.000 ns	      1801	80000734	0dfd6893	ori	x17,x26,223	 x26:0x83b80000 x17=0x000000df
      18035.000 ns	      1802	80000738	005556b3	srl	x13,x10,x5	 x10:0x00000000  x5:0x1e4a60ee x13=0x00000000
      18075.000 ns	      1806	8000073c	00069cd3	fadd.s	f25,f13,f0	 f13:0xbf800000  f0:0x80041024 f25=0xbf800000
      18105.000 ns	      1809	80000740	0224b233	mulhu	x4,x9,x2	  x9:0x00000003  x2:0x80040fe4  x4=0x00000001
      18125.000 ns	      1811	80000744	455f0693	addi	x13,x30,1109	 x30:0x00000001 x13=0x00000456
      18145.000 ns	      1813	80000748	021938b3	mulhu	x17,x18,x1	 x18:0x00080041  x1:0x80000000 x17=0x00040020
      18515.000 ns	      1850	8000074c	0249c3b3	div	x7,x19,x4	 x19:0x00000000  x4:0x00000001  x7=0x00000000
      18545.000 ns	      1853	80000750	21030cd3	fsgnj.s	f25,f6,f16	  f6:0xffc00000 f16:0x00000000 f25=0x7fc00000
      18575.000 ns	      1856	80000754	a0080f53	fle.s	x30,f16,f0	 f16:0x00000000  f0:0x80041024 x30=0x00000000
      18605.000 ns	      1859	80000758	03d9b1b3	mulhu	x3,x19,x29	 x19:0x00000000 x29:0x00000020  x3=0x00000000
      18625.000 ns	      1861	8000075c	015fddb3	srl	x27,x31,x21	 x31:0x00000001 x21:0x51c304ec x27=0x00000000
      18635.000 ns	      1862	80000760	01e71313	slli	x6,x14,0x1e	 x14:0xfffffdb9  x6=0x40000000
      18645.000 ns	      1863	80000764	41750933	sub	x18,x10,x23	 x10:0x00000000 x23:0x00000000 x18=0x00000000
      18665.000 ns	      1865	80000768	0356a6b3	mulhsu	x13,x13,x21	 x13:0x00000456 x21:0x51c304ec x13=0x00000162
      18695.000 ns	      1868	8000076c	d01572d3	fcvt.s.wu	f5,x10	 x10:0x00000000  f5=0x00000000
      18715.000 ns	      1870	80000770	a6b53513	sltiu	x10,x10,-1429	 x10:0x00000000 x10=0x00000001
      18735.000 ns	      1872	80000774	a1660c53	fle.s	x24,f12,f22	 f12:0x80041024 f22:0x00000001 x24=0x00000001
      18785.000 ns	      1877	80000778	010df5d3	fadd.s	f11,f27,f16	 f27:0x439d0000 f16:0x00000000 f11=0x439d0000
      18805.000 ns	      1879	8000077c	00f25013	srli	x0,x4,0xf	  x4:0x00000001
      18815.000 ns	      1880	80000780	41b65233	sra	x4,x12,x27	 x12:0x00000001 x27:0x00000000  x4=0x00000001
      18825.000 ns	      1881	80000784	00000013	addi	x0,x0,0	  x0:0x00000000
      18845.000 ns	      1883	80000788	031c31b3	mulhu	x3,x24,x17	 x24:0x00000001 x17:0x00040020  x3=0x00000000
      18865.000 ns	      1885	8000078c	011a4ab3	xor	x21,x20,x17	 x20:0xffffffff x17:0x00040020 x21=0xfffbffdf
      18875.000 ns	      1886	80000790	009550b3	srl	x1,x10,x9	 x10:0x00000001  x9:0x00000003  x1=0x00000000
      18905.000 ns	      1889	80000794	10b4f553	fmul.s	f10,f9,f11	  f9:0x80041024 f11:0x439d0000 f10=0x821f7985
      18935.000 ns	      1892	80000798	036a7cb3	remu	x25,x20,x22	 x20:0xffffffff x22:0x00000000 x25=0xffffffff
      18955.000 ns	      1894	8000079c	26923713	sltiu	x14,x4,617	  x4:0x00000001 x14=0x00000001
      18975.000 ns	      1896	800007a0	214f86d3	fsgnj.s	f13,f31,f20	 f31:0x7fc00000 f20:0x80000000 f13=0xffc00000
      18995.000 ns	      1898	800007a4	40f2d193	srai	x3,x5,0xf	  x5:0x1e4a60ee  x3=0x00003c94
      19025.000 ns	      1901	800007a8	58037c53	fsqrt.s	f24,f6	  f6:0xffc00000 f24=0x7fc00000
      19395.000 ns	      1938	800007ac	039248b3	div	x17,x4,x25	  x4:0x00000001 x25:0xffffffff x17=0xffffffff
      19425.000 ns	      1941	800007b0	20faa4d3	fsgnjx.s	f9,f21,f15	 f21:0x80000000 f15:0xbf800000  f9=0x00000000
      19455.000 ns	      1944	800007b4	d003a453	fcvt.s.w	f8,x7	  x7:0x00000000  f8=0x00000000
      19485.000 ns	      1947	800007b8	038e8ab3	mul	x21,x29,x24	 x29:0x00000020 x24:0x00000001 x21=0x00000020
      19505.000 ns	      1949	800007bc	01db2333	slt	x6,x22,x29	 x22:0x00000000 x29:0x00000020  x6=0x00000001
      19525.000 ns	      1951	800007c0	212e23d3	fsgnjx.s	f7,f28,f18	 f28:0x008fe29b f18:0xff7fffff  f7=0x808fe29b
      19555.000 ns	      1954	800007c4	a0651b53	flt.s	x22,f10,f6	 f10:0x821f7985  f6:0xffc00000 x22=0x00000000
      19585.000 ns	      1957	800007c8	f00c0fd3	fmv.w.x	f31,x24	 x24:0x00000001 f31=0x00000001
      19605.000 ns	      1959	800007cc	008fdb13	srli	x22,x31,0x8	 x31:0x00000001 x22=0x00000000
      19965.000 ns	      1995	800007d0	034bfeb3	remu	x29,x23,x20	 x23:0x00000000 x20:0xffffffff x29=0x00000000
      20005.000 ns	      1999	800007d4	1931f153	fdiv.s	f2,f3,f19	  f3:0x7fc00000 f19:0xff800000  f2=0x7fc00000
      20035.000 ns	      2002	800007d8	03f938b3	mulhu	x17,x18,x31	 x18:0x00000000 x31:0x00000001 x17=0x00000000
      20065.000 ns	      2005	800007dc	a0852253	feq.s	x4,f10,f8	 f10:0x821f7985  f8:0x00000000  x4=0x00000000
      20085.000 ns	      2007	800007e0	01c7d1b3	srl	x3,x15,x28	 x15:0xfffff942 x28:0x80041024  x3=0x0fffff94
      20125.000 ns	      2011	800007e4	004b7753	fadd.s	f14,f22,f4	 f22:0x00000001  f4:0x3f800000 f14=0x3f800000
      20145.000 ns	      2013	800007e8	ef71fd13	andi	x26,x3,-265	  x3:0x00003c94 x26=0x0ffffe94
      20165.000 ns	      2015	800007ec	d01c7c53	fcvt.s.wu	f24,x24	 x24:0x00000001 f24=0x3f800000
      20535.000 ns	      2052	800007f0	0251cdb3	div	x27,x3,x5	  x3:0x0fffff94  x5:0x1e4a60ee x27=0x00000000
      20555.000 ns	      2054	800007f4	41dbca13	xori	x20,x23,1053	 x23:0x00000000 x20=0x0000041d
      20565.000 ns	      2055	800007f8	cb1dd237	lui	x4,0xcb1dd	  x4=0xcb1dd000
      20585.000 ns	      2057	800007fc	209328d3	fsgnjx.s	f17,f6,f9	  f6:0xffc00000  f9:0x00000000 f17=0xffc00000
      20615.000 ns	      2060	80000800	03901f33	mulh	x30,x0,x25	  x0:0x00000000 x25:0xffffffff x30=0x00000000
      20635.000 ns	      2062	80000804	4384ee93	ori	x29,x9,1080	  x9:0x00000003 x29=0x0000043b
      20645.000 ns	      2063	80000808	4a45a793	slti	x15,x11,1188	 x11:0xf24b5688 x15=0x00000001
      20665.000 ns	      2065	8000080c	037d86b3	mul	x13,x27,x23	 x27:0x00000000 x23:0x00000000 x13=0x00000000
      20685.000 ns	      2067	80000810	71b38a93	addi	x21,x7,1819	  x7:0x00000000 x21=0x0000071b
      20705.000 ns	      2069	80000814	e00f03d3	fmv.x.w	x7,f30	 f30:0x00000000  x7=0x00000000
      20735.000 ns	      2072	80000818	e0059ed3	fclass.s	x29,f11	 f11:0x439d0000 x29=0x00000040
      20765.000 ns	      2075	8000081c	20ba18d3	fsgnjn.s	f17,f20,f11	 f20:0x80000000 f11:0x439d0000 f17=0x80000000
      20795.000 ns	      2078	80000820	20b897d3	fsgnjn.s	f15,f17,f11	 f17:0xffc00000 f11:0x439d0000 f15=0x80000000
      20815.000 ns	      2080	80000824	00c8c2b3	xor	x5,x17,x12	 x17:0x00000000 x12:0x00000001  x5=0x00000001
      20825.000 ns	      2081	80000828	c5bbe413	ori	x8,x23,-933	 x23:0x00000000  x8=0xfffffc5b
      20835.000 ns	      2082	8000082c	21b62313	slti	x6,x12,539	 x12:0x00000001  x6=0x00000001
      20855.000 ns	      2084	80000830	d0159dd3	fcvt.s.wu	f27,x11	 x11:0xf24b5688 f27=0x4f724b56
      20875.000 ns	      2086	80000834	00a2fdb3	and	x27,x5,x10	  x5:0x00000001 x10:0x00000001 x27=0x00000001
      20885.000 ns	      2087	80000838	41c40db3	sub	x27,x8,x28	  x8:0xfffffc5b x28:0x80041024 x27=0x7ffbec37
      20895.000 ns	      2088	8000083c	00000013	addi	x0,x0,0	  x0:0x00000000
      20905.000 ns	      2089	80000840	12688c13	addi	x24,x17,294	 x17:0x00000000 x24=0x00000126
      20925.000 ns	      2091	80000844	29d89c53	fmax.s	f24,f17,f29	 f17:0x80000000 f29:0x7f800000 f24=0x7f800000
      20975.000 ns	      2096	80000848	0989ccd3	fsub.s	f25,f19,f24	 f19:0xff800000 f24:0x3f800000 f25=0x80000000
      21005.000 ns	      2099	8000084c	03ed71b3	remu	x3,x26,x30	 x26:0x0ffffe94 x30:0x00000000  x3=0x0ffffe94
      21035.000 ns	      2102	80000850	03312b33	mulhsu	x22,x2,x19	  x2:0x80040fe4 x19:0x00000000 x22=0x00000000
      21055.000 ns	      2104	80000854	00df5b93	srli	x23,x30,0xd	 x30:0x00000000 x23=0x00000000
      21415.000 ns	      2140	80000858	02f76b33	rem	x22,x14,x15	 x14:0x00000001 x15:0x00000001 x22=0x00000000
      21445.000 ns	      2143	8000085c	c0117253	fcvt.wu.s	x4,f2	  f2:0x7fc00000  x4=0xffffffff
      21475.000 ns	      2146	80000860	a05b08d3	fle.s	x17,f22,f5	 f22:0x00000001  f5:0x00000000 x17=0x00000000
      21525.000 ns	      2151	80000864	09bf8653	fsub.s	f12,f31,f27	 f31:0x00000001 f27:0x4f724b56 f12=0xcf724b56
      21545.000 ns	      2153	80000868	409a03b3	sub	x7,x20,x9	 x20:0x0000041d  x9:0x00000003  x7=0x0000041a
      21565.000 ns	      2155	8000086c	a00e2bd3	feq.s	x23,f28,f0	 f28:0x008fe29b  f0:0x80041024 x23=0x00000000
      21595.000 ns	      2158	80000870	208f8353	fsgnj.s	f6,f31,f8	 f31:0x00000001  f8:0x00000000  f6=0x00000001
      21615.000 ns	      2160	80000874	00000013	addi	x0,x0,0	  x0:0x00000000
      21625.000 ns	      2161	80000878	40d4d0b3	sra	x1,x9,x13	  x9:0x00000003 x13:0x00000000  x1=0x00000003
      21635.000 ns	      2162	8000087c	ef0bb637	lui	x12,0xef0bb	 x12=0xef0bb000
      21645.000 ns	      2163	80000880	404cd193	srai	x3,x25,0x4	 x25:0xffffffff  x3=0xffffffff
      21665.000 ns	      2165	80000884	c00570d3	fcvt.w.s	x1,f10	 f10:0x821f7985  x1=0x00000000
      21685.000 ns	      2167	80000888	845f88b7	lui	x17,0x845f8	 x17=0x845f8000
      21715.000 ns	      2170	8000088c	580a76d3	fsqrt.s	f13,f20	 f20:0x80000000 f13=0x80000000
      21735.000 ns	      2172	80000890	0a17c693	xori	x13,x15,161	 x15:0x00000001 x13=0x000000a0
      21755.000 ns	      2174	80000894	a086add3	feq.s	x27,f13,f8	 f13:0x80000000  f8:0x00000000 x27=0x00000001
      21785.000 ns	      2177	80000898	e00c9c53	fclass.s	x24,f25	 f25:0x80000000 x24=0x00000008
      21815.000 ns	      2180	8000089c	29be0c53	fmin.s	f24,f28,f27	 f28:0x008fe29b f27:0x4f724b56 f24=0x008fe29b
      21845.000 ns	      2183	800008a0	2147a153	fsgnjx.s	f2,f15,f20	 f15:0x80000000 f20:0x80000000  f2=0x00000000
      21875.000 ns	      2186	800008a4	218126d3	fsgnjx.s	f13,f2,f24	  f2:0x7fc00000 f24:0x008fe29b f13=0x00000000
      21905.000 ns	      2189	800008a8	c00a2b53	fcvt.w.s	x22,f20	 f20:0x80000000 x22=0x00000000
      21925.000 ns	      2191	800008ac	0145d7b3	srl	x15,x11,x20	 x11:0xf24b5688 x20:0x0000041d x15=0x00000007
      21935.000 ns	      2192	800008b0	410a5e93	srai	x29,x20,0x10	 x20:0x0000041d x29=0x00000000
      21945.000 ns	      2193	800008b4	01ac5993	srli	x19,x24,0x1a	 x24:0x00000008 x19=0x00000000
      21955.000 ns	      2194	800008b8	6d8f0793	addi	x15,x30,1752	 x30:0x00000000 x15=0x000006d8
      21965.000 ns	      2195	800008bc	6b68aa17	auipc	x20,0x6b68a	 x20=0xeb68a8bc
      22325.000 ns	      2231	800008c0	0264cf33	div	x30,x9,x6	  x9:0x00000003  x6:0x00000001 x30=0x00000003
      22355.000 ns	      2234	800008c4	e00703d3	fmv.x.w	x7,f14	 f14:0x3f800000  x7=0x3f800000
      22385.000 ns	      2237	800008c8	e00e1753	fclass.s	x14,f28	 f28:0x008fe29b x14=0x00000040
      22415.000 ns	      2240	800008cc	c0063d53	fcvt.w.s	x26,f12	 f12:0xcf724b56 x26=0x80000000
      22435.000 ns	      2242	800008d0	014e9c93	slli	x25,x29,0x14	 x29:0x00000000 x25=0x00000000
      22455.000 ns	      2244	800008d4	d0001153	fcvt.s.w	f2,x0	  x0:0x00000000  f2=0x00000000
      22475.000 ns	      2246	800008d8	ec33c917	auipc	x18,0xec33c	 x18=0x6c33c8d8
      22495.000 ns	      2248	800008dc	c013f1d3	fcvt.wu.s	x3,f7	  f7:0x808fe29b  x3=0x00000000
      22515.000 ns	      2250	800008e0	0166d533	srl	x10,x13,x22	 x13:0x000000a0 x22:0x00000000 x10=0x000000a0
      22535.000 ns	      2252	800008e4	20182cd3	fsgnjx.s	f25,f16,f1	 f16:0x00000000  f1:0xff800000 f25=0x80000000
      22565.000 ns	      2255	800008e8	03e18033	mul	x0,x3,x30	  x3:0x00000000 x30:0x00000003
      22615.000 ns	      2260	800008ec	0105b3d3	fadd.s	f7,f11,f16	 f11:0x439d0000 f16:0x00000000  f7=0x439d0000
      22645.000 ns	      2263	800008f0	c0037853	fcvt.w.s	x16,f6	  f6:0x00000001 x16=0x00000000
      22665.000 ns	      2265	800008f4	0194d093	srli	x1,x9,0x19	  x9:0x00000003  x1=0x00000000
      22685.000 ns	      2267	800008f8	295d81d3	fmin.s	f3,f27,f21	 f27:0x4f724b56 f21:0x80000000  f3=0x80000000
      22715.000 ns	      2270	800008fc	e00900d3	fmv.x.w	x1,f18	 f18:0xff7fffff  x1=0xff7fffff
      22735.000 ns	      2272	80000900	00000013	addi	x0,x0,0	  x0:0x00000000
      22745.000 ns	      2273	80000904	40cfd933	sra	x18,x31,x12	 x31:0x00000001 x12:0xef0bb000 x18=0x00000001
      22755.000 ns	      2274	80000908	00239513	slli	x10,x7,0x2	  x7:0x3f800000 x10=0xfe000000
      22775.000 ns	      2276	8000090c	a1212cd3	feq.s	x25,f2,f18	  f2:0x00000000 f18:0xff7fffff x25=0x00000000
      22795.000 ns	      2278	80000910	a18d3993	sltiu	x19,x26,-1512	 x26:0x80000000 x19=0x00000001
      22815.000 ns	      2280	80000914	03757933	remu	x18,x10,x23	 x10:0xfe000000 x23:0x00000000 x18=0xfe000000
      22835.000 ns	      2282	80000918	4da3bd13	sltiu	x26,x7,1242	  x7:0x3f800000 x26=0x00000000
      22855.000 ns	      2284	8000091c	283311d3	fmax.s	f3,f6,f3	  f6:0x00000001  f3:0x80000000  f3=0x00000001
      22885.000 ns	      2287	80000920	c01aa653	fcvt.wu.s	x12,f21	 f21:0x80000000 x12=0x00000000
      22915.000 ns	      2290	80000924	d01b11d3	fcvt.s.wu	f3,x22	 x22:0x00000000  f3=0x00000000
      22935.000 ns	      2292	80000928	40b2dbb3	sra	x23,x5,x11	  x5:0x00000001 x11:0xf24b5688 x23=0x00000000
      22945.000 ns	      2293	8000092c	00000013	addi	x0,x0,0	  x0:0x00000000
      22965.000 ns	      2295	80000930	e00701d3	fmv.x.w	x3,f14	 f14:0x3f800000  x3=0x3f800000
      22995.000 ns	      2298	80000934	02febf33	mulhu	x30,x29,x15	 x29:0x00000000 x15:0x000006d8 x30=0x00000000
      23015.000 ns	      2300	80000938	dd912f17	auipc	x30,0xdd912	 x30=0x5d912938
      23025.000 ns	      2301	8000093c	806c76b7	lui	x13,0x806c7	 x13=0x806c7000
      23055.000 ns	      2304	80000940	10427a53	fmul.s	f20,f4,f4	  f4:0x3f800000  f4:0x3f800000 f20=0x3f800000
      23075.000 ns	      2306	80000944	0066c0b3	xor	x1,x13,x6	 x13:0x000000a0  x6:0x00000001  x1=0x806c7001
      23095.000 ns	      2308	80000948	20f516d3	fsgnjn.s	f13,f10,f15	 f10:0x821f7985 f15:0x80000000 f13=0x021f7985
      23465.000 ns	      2345	8000094c	02f9e6b3	rem	x13,x19,x15	 x19:0x00000001 x15:0x000006d8 x13=0x00000001
      23485.000 ns	      2347	80000950	00cffa33	and	x20,x31,x12	 x31:0x00000001 x12:0x00000000 x20=0x00000000
      23525.000 ns	      2351	80000954	000821d3	fadd.s	f3,f16,f0	 f16:0x00000000  f0:0x80041024  f3=0x80041024
      23555.000 ns	      2354	80000958	a18f2d53	feq.s	x26,f30,f24	 f30:0x00000000 f24:0x008fe29b x26=0x00000000
      23575.000 ns	      2356	8000095c	00ab0fb3	add	x31,x22,x10	 x22:0x00000000 x10:0xfe000000 x31=0xfe000000
      23585.000 ns	      2357	80000960	401dd893	srai	x17,x27,0x1	 x27:0x00000001 x17=0x00000000
      24755.000 ns	      2474	80000964	580ffad3	fsqrt.s	f21,f31	 f31:0x00000001 f21=0x1f350483
      24775.000 ns	      2476	80000968	e56e8913	addi	x18,x29,-426	 x29:0x00000000 x18=0xfffffe56
      24795.000 ns	      2478	8000096c	d01ff553	fcvt.s.wu	f10,x31	 x31:0xfe000000 f10=0x4f7e0000
      24825.000 ns	      2481	80000970	e00d1453	fclass.s	x8,f26	 f26:0x008fe29b  x8=0x00000040
      24855.000 ns	      2484	80000974	20a7add3	fsgnjx.s	f27,f15,f10	 f15:0x80000000 f10:0x4f7e0000 f27=0x80000000
      24885.000 ns	      2487	80000978	02410ab3	mul	x21,x2,x4	  x2:0x80040fe4  x4:0xffffffff x21=0x7ffbf01c
      24905.000 ns	      2489	8000097c	00000013	addi	x0,x0,0	  x0:0x00000000
      24915.000 ns	      2490	80000980	f8a23f13	sltiu	x30,x4,-118	  x4:0xffffffff x30=0x00000000
      25275.000 ns	      2526	80000984	029bc6b3	div	x13,x23,x9	 x23:0x00000000  x9:0x00000003 x13=0x00000000
      25305.000 ns	      2529	80000988	03d35333	divu	x6,x6,x29	  x6:0x00000001 x29:0x00000000  x6=0xffffffff
      25335.000 ns	      2532	8000098c	03ca1bb3	mulh	x23,x20,x28	 x20:0x00000000 x28:0x80041024 x23=0x00000000
      25355.000 ns	      2534	80000990	01ffdb33	srl	x22,x31,x31	 x31:0xfe000000 x31:0xfe000000 x22=0xfe000000
      25385.000 ns	      2537	80000994	11777b53	fmul.s	f22,f14,f23	 f14:0x3f800000 f23:0x80550048 f22=0x80550048
      25415.000 ns	      2540	80000998	f00702d3	fmv.w.x	f5,x14	 x14:0x00000040  f5=0x00000040
      25465.000 ns	      2545	8000099c	007cf953	fadd.s	f18,f25,f7	 f25:0x80000000  f7:0x439d0000 f18=0x439d0000
      25505.000 ns	      2549	800009a0	1078f053	fmul.s	f0,f17,f7	 f17:0x80000000  f7:0x439d0000  f0=0x80000000
      25555.000 ns	      2554	800009a4	095a9553	fsub.s	f10,f21,f21	 f21:0x1f350483 f21:0x1f350483 f10=0x80000000
      25925.000 ns	      2591	800009a8	023affb3	remu	x31,x21,x3	 x21:0x7ffbf01c  x3:0x3f800000 x31=0x00fbf01c
      26295.000 ns	      2628	800009ac	022ff0b3	remu	x1,x31,x2	 x31:0xfe000000  x2:0x80040fe4  x1=0x00fbf01c
      26325.000 ns	      2631	800009b0	033132b3	mulhu	x5,x2,x19	  x2:0x80040fe4 x19:0x00000001  x5=0x00000000
      26345.000 ns	      2633	800009b4	40320433	sub	x8,x4,x3	  x4:0xffffffff  x3:0x3f800000  x8=0xc07fffff
      26355.000 ns	      2634	800009b8	009c8933	add	x18,x25,x9	 x25:0x00000000  x9:0x00000003 x18=0x00000003
      26375.000 ns	      2636	800009bc	02a30333	mul	x6,x6,x10	  x6:0xffffffff x10:0xfe000000  x6=0x02000000
      26405.000 ns	      2639	800009c0	21d20cd3	fsgnj.s	f25,f4,f29	  f4:0x3f800000 f29:0x7f800000 f25=0x3f800000
      26425.000 ns	      2641	800009c4	40a65833	sra	x16,x12,x10	 x12:0x00000000 x10:0xfe000000 x16=0x00000000
      26435.000 ns	      2642	800009c8	69f83b13	sltiu	x22,x16,1695	 x16:0x00000000 x22=0x00000001
      26455.000 ns	      2644	800009cc	e00b1853	fclass.s	x16,f22	 f22:0x80550048 x16=0x00000004
      26475.000 ns	      2646	800009d0	01979813	slli	x16,x15,0x19	 x15:0x000006d8 x16=0xb0000000
      26495.000 ns	      2648	800009d4	029da433	mulhsu	x8,x27,x9	 x27:0x00000001  x9:0x00000003  x8=0x00000000
      26515.000 ns	      2650	800009d8	40975b13	srai	x22,x14,0x9	 x14:0x00000040 x22=0x00000000
      26525.000 ns	      2651	800009dc	018abeb3	sltu	x29,x21,x24	 x21:0x7ffbf01c x24:0x00000008 x29=0x00000000
      26545.000 ns	      2653	800009e0	a0282753	feq.s	x14,f16,f2	 f16:0x00000000  f2:0x00000000 x14=0x00000001
      26575.000 ns	      2656	800009e4	20821d53	fsgnjn.s	f26,f4,f8	  f4:0x3f800000  f8:0x00000000 f26=0xbf800000
      26605.000 ns	      2659	800009e8	293d18d3	fmax.s	f17,f26,f19	 f26:0x008fe29b f19:0xff800000 f17=0xbf800000
      26635.000 ns	      2662	800009ec	03e5d2b3	divu	x5,x11,x30	 x11:0xf24b5688 x30:0x00000000  x5=0xffffffff
      26665.000 ns	      2665	800009f0	03cfb933	mulhu	x18,x31,x28	 x31:0x00fbf01c x28:0x80041024 x18=0x007dfc0d
      26685.000 ns	      2667	800009f4	00000013	addi	x0,x0,0	  x0:0x00000000
      26705.000 ns	      2669	800009f8	a0be0ed3	fle.s	x29,f28,f11	 f28:0x008fe29b f11:0x439d0000 x29=0x00000001
      26725.000 ns	      2671	800009fc	41cbd013	srai	x0,x23,0x1c	 x23:0x00000000
      26745.000 ns	      2673	80000a00	213f8c53	fsgnj.s	f24,f31,f19	 f31:0x00000001 f19:0xff800000 f24=0x80000001
      27115.000 ns	      2710	80000a04	021f7733	remu	x14,x30,x1	 x30:0x00000000  x1:0x00fbf01c x14=0x00000000
      27135.000 ns	      2712	80000a08	01029993	slli	x19,x5,0x10	  x5:0xffffffff x19=0xffff0000
      27155.000 ns	      2714	80000a0c	c00172d3	fcvt.w.s	x5,f2	  f2:0x00000000  x5=0x00000000
      27185.000 ns	      2717	80000a10	c01fa353	fcvt.wu.s	x6,f31	 f31:0x00000001  x6=0x00000000
      27205.000 ns	      2719	80000a14	00000013	addi	x0,x0,0	  x0:0x00000000
      27215.000 ns	      2720	80000a18	14deab13	slti	x22,x29,333	 x29:0x00000001 x22=0x00000001
      27225.000 ns	      2721	80000a1c	450e3a13	sltiu	x20,x28,1104	 x28:0x80041024 x20=0x00000000
      27245.000 ns	      2723	80000a20	d003fa53	fcvt.s.w	f20,x7	  x7:0x3f800000 f20=0x4e7e0000
      27265.000 ns	      2725	80000a24	ab58b313	sltiu	x6,x17,-1355	 x17:0x00000000  x6=0x00000001
      27275.000 ns	      2726	80000a28	01e618b3	sll	x17,x12,x30	 x12:0x00000000 x30:0x00000000 x17=0x00000000
      27285.000 ns	      2727	80000a2c	01aa11b3	sll	x3,x20,x26	 x20:0x00000000 x26:0x00000000  x3=0x00000000
      27305.000 ns	      2729	80000a30	e00480d3	fmv.x.w	x1,f9	  f9:0x00000000  x1=0x00000000
      27325.000 ns	      2731	80000a34	00000013	addi	x0,x0,0	  x0:0x00000000
      27345.000 ns	      2733	80000a38	03966eb3	rem	x29,x12,x25	 x12:0x00000000 x25:0x00000000 x29=0x00000000
      27385.000 ns	      2737	80000a3c	18f892d3	fdiv.s	f5,f17,f15	 f17:0xbf800000 f15:0x80000000  f5=0x7f800000
      27415.000 ns	      2740	80000a40	295f0253	fmin.s	f4,f30,f21	 f30:0x00000000 f21:0x1f350483  f4=0x00000000
      27445.000 ns	      2743	80000a44	a0092253	feq.s	x4,f18,f0	 f18:0x439d0000  f0:0x80000000  x4=0x00000000
      27475.000 ns	      2746	80000a48	e0098053	fmv.x.w	x0,f19	 f19:0xff800000
      27495.000 ns	      2748	80000a4c	017aa3b3	slt	x7,x21,x23	 x21:0x7ffbf01c x23:0x00000000  x7=0x00000000
      27505.000 ns	      2749	80000a50	010999b3	sll	x19,x19,x16	 x19:0xffff0000 x16:0xb0000000 x19=0xffff0000
      27515.000 ns	      2750	80000a54	0114d7b3	srl	x15,x9,x17	  x9:0x00000003 x17:0x00000000 x15=0x00000003
      27525.000 ns	      2751	80000a58	00000013	addi	x0,x0,0	  x0:0x00000000
      27545.000 ns	      2753	80000a5c	a002aa53	feq.s	x20,f5,f0	  f5:0x7f800000  f0:0x80000000 x20=0x00000000
      27565.000 ns	      2755	80000a60	976bfb17	auipc	x22,0x976bf	 x22=0x176bfa60
      27575.000 ns	      2756	80000a64	b6ddbd13	sltiu	x26,x27,-1171	 x27:0x00000001 x26=0x00000001
      27585.000 ns	      2757	80000a68	004fa3b3	slt	x7,x31,x4	 x31:0x00fbf01c  x4:0x00000000  x7=0x00000000
      27595.000 ns	      2758	80000a6c	f0886993	ori	x19,x16,-248	 x16:0xb0000000 x19=0xffffff08
      27605.000 ns	      2759	80000a70	352bf017	auipc	x0,0x352bf	
      27625.000 ns	      2761	80000a74	a0c4a453	feq.s	x8,f9,f12	  f9:0x00000000 f12:0xcf724b56  x8=0x00000000
      27645.000 ns	      2763	80000a78	00f0c533	xor	x10,x1,x15	  x1:0x00000000 x15:0x00000003 x10=0x00000003
      27655.000 ns	      2764	80000a7c	000fc6b3	xor	x13,x31,x0	 x31:0x00fbf01c  x0:0x00000000 x13=0x00fbf01c
      27665.000 ns	      2765	80000a80	bebbb493	sltiu	x9,x23,-1045	 x23:0x00000000  x9=0x00000001
      27685.000 ns	      2767	80000a84	e0078653	fmv.x.w	x12,f15	 f15:0x80000000 x12=0x80000000
      27735.000 ns	      2772	80000a88	0128fed3	fadd.s	f29,f17,f18	 f17:0xbf800000 f18:0x439d0000 f29=0x439c8000
      27765.000 ns	      2775	80000a8c	c0157ad3	fcvt.wu.s	x21,f10	 f10:0x80000000 x21=0x00000000
      27795.000 ns	      2778	80000a90	028ec4b3	div	x9,x29,x8	 x29:0x00000000  x8:0x00000000  x9=0xffffffff
      27825.000 ns	      2781	80000a94	a10aa6d3	feq.s	x13,f21,f16	 f21:0x1f350483 f16:0x00000000 x13=0x00000000
      27855.000 ns	      2784	80000a98	29a509d3	fmin.s	f19,f10,f26	 f10:0x80000000 f26:0xbf800000 f19=0xbf800000
      27885.000 ns	      2787	80000a9c	02335fb3	divu	x31,x6,x3	  x6:0x00000001  x3:0x00000000 x31=0xffffffff
      27935.000 ns	      2792	80000aa0	00237253	fadd.s	f4,f6,f2	  f6:0x00000001  f2:0x00000000  f4=0x00000001
      27955.000 ns	      2794	80000aa4	e50e7f13	andi	x30,x28,-432	 x28:0x80041024 x30=0x80041000
      27965.000 ns	      2795	80000aa8	00af5eb3	srl	x29,x30,x10	 x30:0x00000000 x10:0x00000003 x29=0x10008200
      27975.000 ns	      2796	80000aac	49097b93	andi	x23,x18,1168	 x18:0x007dfc0d x23=0x00000400
      27985.000 ns	      2797	80000ab0	40dbd333	sra	x6,x23,x13	 x23:0x00000000 x13:0x00000000  x6=0x00000400
      27995.000 ns	      2798	80000ab4	0118a6b3	slt	x13,x17,x17	 x17:0x00000000 x17:0x00000000 x13=0x00000000
      28035.000 ns	      2802	80000ab8	09b3b353	fsub.s	f6,f7,f27	  f7:0x439d0000 f27:0x80000000  f6=0x439d0000
      28065.000 ns	      2805	80000abc	d01c90d3	fcvt.s.wu	f1,x25	 x25:0x00000000  f1=0x00000000
      28095.000 ns	      2808	80000ac0	212a15d3	fsgnjn.s	f11,f20,f18	 f20:0x4e7e0000 f18:0x439d0000 f11=0xce7e0000
      28115.000 ns	      2810	80000ac4	10e4ed93	ori	x27,x9,270	  x9:0xffffffff x27=0xffffffff
      28135.000 ns	      2812	80000ac8	02096a33	rem	x20,x18,x0	 x18:0x007dfc0d  x0:0x00000000 x20=0x007dfc0d
      28155.000 ns	      2814	80000acc	00000013	addi	x0,x0,0	  x0:0x00000000
      28165.000 ns	      2815	80000ad0	01456833	or	x16,x10,x20	 x10:0x00000003 x20:0x007dfc0d x16=0x007dfc0f
      28185.000 ns	      2817	80000ad4	02429f33	mulh	x30,x5,x4	  x5:0x00000000  x4:0x00000000 x30=0x00000000
      28555.000 ns	      2854	80000ad8	03f7c9b3	div	x19,x15,x31	 x15:0x00000003 x31:0xffffffff x19=0xfffffffd
      28575.000 ns	      2856	80000adc	9dc3a013	slti	x0,x7,-1572	  x7:0x00000000
      28585.000 ns	      2857	80000ae0	00000013	addi	x0,x0,0	  x0:0x00000000
      28625.000 ns	      2861	80000ae4	095ef1d3	fsub.s	f3,f29,f21	 f29:0x439c8000 f21:0x1f350483  f3=0x439c8000
      28655.000 ns	      2864	80000ae8	c011f753	fcvt.wu.s	x14,f3	  f3:0x80041024 x14=0x00000139
      28675.000 ns	      2866	80000aec	00781d13	slli	x26,x16,0x7	 x16:0x007dfc0f x26=0x3efe0780
      28695.000 ns	      2868	80000af0	02dc62b3	rem	x5,x24,x13	 x24:0x00000008 x13:0x00000000  x5=0x00000008
      28715.000 ns	      2870	80000af4	40a70633	sub	x12,x14,x10	 x14:0x00000139 x10:0x00000003 x12=0x00000136
      28735.000 ns	      2872	80000af8	e0051dd3	fclass.s	x27,f10	 f10:0x80000000 x27=0x00000008
      28765.000 ns	      2875	80000afc	02782733	mulhsu	x14,x16,x7	 x16:0x007dfc0f  x7:0x00000000 x14=0x00000000
      28785.000 ns	      2877	80000b00	01b35313	srli	x6,x6,0x1b	  x6:0x00000400  x6=0x00000000
      29145.000 ns	      2913	80000b04	02c96433	rem	x8,x18,x12	 x18:0x007dfc0d x12:0x00000136  x8=0x00000127
      29175.000 ns	      2916	80000b08	c0030253	fcvt.w.s	x4,f6	  f6:0x439d0000  x4=0x0000013a
      29205.000 ns	      2919	80000b0c	215a8853	fsgnj.s	f16,f21,f21	 f21:0x1f350483 f21:0x1f350483 f16=0x1f350483
      29235.000 ns	      2922	80000b10	026f81b3	mul	x3,x31,x6	 x31:0xffffffff  x6:0x00000000  x3=0x00000000
      29265.000 ns	      2925	80000b14	022e93b3	mulh	x7,x29,x2	 x29:0x10008200  x2:0x80040fe4  x7=0xf8000000
      29295.000 ns	      2928	80000b18	29429dd3	fmax.s	f27,f5,f20	  f5:0x7f800000 f20:0x4e7e0000 f27=0x7f800000
      29325.000 ns	      2931	80000b1c	21f3a853	fsgnjx.s	f16,f7,f31	  f7:0x439d0000 f31:0x00000001 f16=0x439d0000
      29665.000 ns	      2965	80000b20	197bfad3	fdiv.s	f21,f23,f23	 f23:0x80550048 f23:0x80550048 f21=0x3ef000cd
      29695.000 ns	      2968	80000b24	203eac53	fsgnjx.s	f24,f29,f3	 f29:0x439c8000  f3:0x439c8000 f24=0x439c8000
      29725.000 ns	      2971	80000b28	28188cd3	fmin.s	f25,f17,f1	 f17:0xbf800000  f1:0x00000000 f25=0xbf800000
      29745.000 ns	      2973	80000b2c	01f75f13	srli	x30,x14,0x1f	 x14:0x00000000 x30=0x00000000
      29755.000 ns	      2974	80000b30	7d6d4f93	xori	x31,x26,2006	 x26:0x3efe0780 x31=0x3efe0056
      29765.000 ns	      2975	80000b34	00f792b3	sll	x5,x15,x15	 x15:0x00000003 x15:0x00000003  x5=0x00000018
      29805.000 ns	      2979	80000b38	0911b4d3	fsub.s	f9,f3,f17	  f3:0x439c8000 f17:0xbf800000  f9=0x439d0000
      29825.000 ns	      2981	80000b3c	00a85c93	srli	x25,x16,0xa	 x16:0x007dfc0f x25=0x00001f7f
      29835.000 ns	      2982	80000b40	00308b33	add	x22,x1,x3	  x1:0x00000000  x3:0x00000000 x22=0x00000000
      29845.000 ns	      2983	80000b44	a0b74b93	xori	x23,x14,-1525	 x14:0x00000000 x23=0xfffffa0b
      29865.000 ns	      2985	80000b48	29d30753	fmin.s	f14,f6,f29	  f6:0x439d0000 f29:0x439c8000 f14=0x439c8000
      29895.000 ns	      2988	80000b4c	035f7733	remu	x14,x30,x21	 x30:0x00000000 x21:0x00000000 x14=0x00000000
      29925.000 ns	      2991	80000b50	d0194f53	fcvt.s.wu	f30,x18	 x18:0x007dfc0d f30=0x4afbf81a
      29945.000 ns	      2993	80000b54	40195033	sra	x0,x18,x1	 x18:0x007dfc0d  x1:0x00000000
      29955.000 ns	      2994	80000b58	408003b3	sub	x7,x0,x8	  x0:0x00000000  x8:0x00000127  x7=0xfffffed9
      29975.000 ns	      2996	80000b5c	a096aed3	feq.s	x29,f13,f9	 f13:0x021f7985  f9:0x439d0000 x29=0x00000000
      30005.000 ns	      2999	80000b60	291a0053	fmin.s	f0,f20,f17	 f20:0x4e7e0000 f17:0xbf800000  f0=0xbf800000
      30025.000 ns	      3001	80000b64	d2803613	sltiu	x12,x0,-728	  x0:0x00000000 x12=0x00000001
      30045.000 ns	      3003	80000b68	20bd9e53	fsgnjn.s	f28,f27,f11	 f27:0x7f800000 f11:0xce7e0000 f28=0x7f800000
      30075.000 ns	      3006	80000b6c	d01c7dd3	fcvt.s.wu	f27,x24	 x24:0x00000008 f27=0x41000000
      30095.000 ns	      3008	80000b70	40acd833	sra	x16,x25,x10	 x25:0x00001f7f x10:0x00000003 x16=0x000003ef
      30135.000 ns	      3012	80000b74	08fd09d3	fsub.s	f19,f26,f15	 f26:0xbf800000 f15:0x80000000 f19=0xbf800000
      30475.000 ns	      3046	80000b78	187370d3	fdiv.s	f1,f6,f7	  f6:0x439d0000  f7:0x439d0000  f1=0x3f7c63e8
      30495.000 ns	      3048	80000b7c	8120cc93	xori	x25,x1,-2030	  x1:0x00000000 x25=0xfffff812
      30525.000 ns	      3051	80000b80	18ff16d3	fdiv.s	f13,f30,f15	 f30:0x4afbf81a f15:0x80000000 f13=0xff800000
      30555.000 ns	      3054	80000b84	210bacd3	fsgnjx.s	f25,f23,f16	 f23:0x80550048 f16:0x439d0000 f25=0x80550048
      30595.000 ns	      3058	80000b88	185ca1d3	fdiv.s	f3,f25,f5	 f25:0xbf800000  f5:0x7f800000  f3=0x80000000
      30615.000 ns	      3060	80000b8c	f0a167b7	lui	x15,0xf0a16	 x15=0xf0a16000
      30975.000 ns	      3096	80000b90	03946833	rem	x16,x8,x25	  x8:0x00000127 x25:0xfffff812 x16=0x00000127
      30995.000 ns	      3098	80000b94	01f321b3	slt	x3,x6,x31	  x6:0x00000000 x31:0x3efe0056  x3=0x00000001
      31005.000 ns	      3099	80000b98	01e729b3	slt	x19,x14,x30	 x14:0x00000000 x30:0x00000000 x19=0x00000000
      31365.000 ns	      3135	80000b9c	0396e2b3	rem	x5,x13,x25	 x13:0x00000000 x25:0xfffff812  x5=0x00000000
      31395.000 ns	      3138	80000ba0	212a2b53	fsgnjx.s	f22,f20,f18	 f20:0x4e7e0000 f18:0x439d0000 f22=0x4e7e0000
      31445.000 ns	      3143	80000ba4	01b13453	fadd.s	f8,f2,f27	  f2:0x00000000 f27:0x41000000  f8=0x41000000
      31465.000 ns	      3145	80000ba8	40f88b33	sub	x22,x17,x15	 x17:0x00000000 x15:0xf0a16000 x22=0x0f5ea000
      31475.000 ns	      3146	80000bac	6834ed93	ori	x27,x9,1667	  x9:0xffffffff x27=0xffffffff
      31485.000 ns	      3147	80000bb0	00000013	addi	x0,x0,0	  x0:0x00000000
      31495.000 ns	      3148	80000bb4	01d62233	slt	x4,x12,x29	 x12:0x00000001 x29:0x00000000  x4=0x00000000
      31515.000 ns	      3150	80000bb8	28e51953	fmax.s	f18,f10,f14	 f10:0x80000000 f14:0x439c8000 f18=0x439c8000
      31535.000 ns	      3152	80000bbc	00872c33	slt	x24,x14,x8	 x14:0x00000000  x8:0x00000127 x24=0x00000001
      31555.000 ns	      3154	80000bc0	21220b53	fsgnj.s	f22,f4,f18	  f4:0x00000001 f18:0x439c8000 f22=0x00000001
      31595.000 ns	      3158	80000bc4	19f7f553	fdiv.s	f10,f15,f31	 f15:0x80000000 f31:0x00000001 f10=0x80000000
      31615.000 ns	      3160	80000bc8	93dc6397	auipc	x7,0x93dc6	  x7=0x13dc6bc8
      31635.000 ns	      3162	80000bcc	0259aa33	mulhsu	x20,x19,x5	 x19:0x00000000  x5:0x00000000 x20=0x00000000
      32815.000 ns	      3280	80000bd0	5804fed3	fsqrt.s	f29,f9	  f9:0x439d0000 f29=0x418dc277
      32835.000 ns	      3282	80000bd4	9de88093	addi	x1,x17,-1570	 x17:0x00000000  x1=0xfffff9de
      32845.000 ns	      3283	80000bd8	16e8bf93	sltiu	x31,x17,366	 x17:0x00000000 x31=0x00000001
      33205.000 ns	      3319	80000bdc	02bbdfb3	divu	x31,x23,x11	 x23:0xfffffa0b x11:0xf24b5688 x31=0x00000001
      33225.000 ns	      3321	80000be0	00df9713	slli	x14,x31,0xd	 x31:0x3efe0056 x14=0x00002000
      33235.000 ns	      3322	80000be4	a7ccf313	andi	x6,x25,-1412	 x25:0xfffff812  x6=0xfffff810
      33275.000 ns	      3326	80000be8	08897353	fsub.s	f6,f18,f8	 f18:0x439c8000  f8:0x41000000  f6=0x43988000
      33295.000 ns	      3328	80000bec	33bb7393	andi	x7,x22,827	 x22:0x0f5ea000  x7=0x00000000
      33305.000 ns	      3329	80000bf0	00757eb3	and	x29,x10,x7	 x10:0x00000003  x7:0x13dc6bc8 x29=0x00000000
      33315.000 ns	      3330	80000bf4	5bd73a13	sltiu	x20,x14,1469	 x14:0x00002000 x20=0x00000000
      33325.000 ns	      3331	80000bf8	4043d193	srai	x3,x7,0x4	  x7:0x00000000  x3=0x00000000
      33345.000 ns	      3333	80000bfc	d0057153	fcvt.s.w	f2,x10	 x10:0x00000003  f2=0x40400000
      33365.000 ns	      3335	80000c00	002b2933	slt	x18,x22,x2	 x22:0x0f5ea000  x2:0x80040fe4 x18=0x00000000
      33385.000 ns	      3337	80000c04	e0081753	fclass.s	x14,f16	 f16:0x439d0000 x14=0x00000040
      33415.000 ns	      3340	80000c08	03ec4033	div	x0,x24,x30	 x24:0x00000001 x30:0x00000000
      33785.000 ns	      3377	80000c0c	03cf6bb3	rem	x23,x30,x28	 x30:0x00000000 x28:0x80041024 x23=0x00000000
      33815.000 ns	      3380	80000c10	28108ad3	fmin.s	f21,f1,f1	  f1:0x3f7c63e8  f1:0x3f7c63e8 f21=0x3f7c63e8
      33845.000 ns	      3383	80000c14	e00483d3	fmv.x.w	x7,f9	  f9:0x439d0000  x7=0x439d0000
      33875.000 ns	      3386	80000c18	03672633	mulhsu	x12,x14,x22	 x14:0x00000040 x22:0x0f5ea000 x12=0x00000003
      33895.000 ns	      3388	80000c1c	002190b3	sll	x1,x3,x2	  x3:0x00000000  x2:0x80040fe4  x1=0x00000000
      33915.000 ns	      3390	80000c20	e00117d3	fclass.s	x15,f2	  f2:0x40400000 x15=0x00000040
      33935.000 ns	      3392	80000c24	00981d93	slli	x27,x16,0x9	 x16:0x00000127 x27=0x00024e00
      33945.000 ns	      3393	80000c28	01655d13	srli	x26,x10,0x16	 x10:0x00000003 x26=0x00000000
      34305.000 ns	      3429	80000c2c	038a6033	rem	x0,x20,x24	 x20:0x00000000 x24:0x00000001
      34335.000 ns	      3432	80000c30	03a351b3	divu	x3,x6,x26	  x6:0xfffff810 x26:0x3efe0780  x3=0xffffffff
      34365.000 ns	      3435	80000c34	c009f653	fcvt.w.s	x12,f19	 f19:0xbf800000 x12=0x00000001
      34395.000 ns	      3438	80000c38	21788f53	fsgnj.s	f30,f17,f23	 f17:0xbf800000 f23:0x80550048 f30=0xbf800000
      34425.000 ns	      3441	80000c3c	a132aed3	feq.s	x29,f5,f19	  f5:0x7f800000 f19:0xbf800000 x29=0x00000000
      34455.000 ns	      3444	80000c40	d01830d3	fcvt.s.wu	f1,x16	 x16:0x00000127  f1=0x43938000
      34485.000 ns	      3447	80000c44	03fe9cb3	mulh	x25,x29,x31	 x29:0x00000000 x31:0x00000001 x25=0x00000000
      34515.000 ns	      3450	80000c48	e00c1ad3	fclass.s	x21,f24	 f24:0x439c8000 x21=0x00000040
      34885.000 ns	      3487	80000c4c	02a2d6b3	divu	x13,x5,x10	  x5:0x00000000 x10:0x00000003 x13=0x00000000
      34915.000 ns	      3490	80000c50	02e586b3	mul	x13,x11,x14	 x11:0xf24b5688 x14:0x00000040 x13=0x92d5a200
      34935.000 ns	      3492	80000c54	01d8dd93	srli	x27,x17,0x1d	 x17:0x00000000 x27=0x00000000
      34955.000 ns	      3494	80000c58	a1862f53	feq.s	x30,f12,f24	 f12:0xcf724b56 f24:0x439c8000 x30=0x00000000
      34985.000 ns	      3497	80000c5c	e0058053	fmv.x.w	x0,f11	 f11:0xce7e0000
      35015.000 ns	      3500	80000c60	a01da1d3	feq.s	x3,f27,f1	 f27:0x41000000  f1:0x43938000  x3=0x00000000
      35035.000 ns	      3502	80000c64	8f6a3393	sltiu	x7,x20,-1802	 x20:0x00000000  x7=0x00000001
      35055.000 ns	      3504	80000c68	a1bb8053	fle.s	x0,f23,f27	 f23:0x80550048 f27:0x41000000
      35085.000 ns	      3507	80000c6c	03b0a7b3	mulhsu	x15,x1,x27	  x1:0x00000000 x27:0x00000000 x15=0x00000000
      35135.000 ns	      3512	80000c70	0165f7d3	fadd.s	f15,f11,f22	 f11:0xce7e0000 f22:0x00000001 f15=0xce7e0000
      35165.000 ns	      3515	80000c74	035ea9b3	mulhsu	x19,x29,x21	 x29:0x00000000 x21:0x00000040 x19=0x00000000
      35195.000 ns	      3518	80000c78	a1212553	feq.s	x10,f2,f18	  f2:0x40400000 f18:0x439c8000 x10=0x00000000
      35225.000 ns	      3521	80000c7c	a1139053	flt.s	x0,f7,f17	  f7:0x439d0000 f17:0xbf800000
      35275.000 ns	      3526	80000c80	09c77ed3	fsub.s	f29,f14,f28	 f14:0x439c8000 f28:0x7f800000 f29=0xff800000
      35295.000 ns	      3528	80000c84	49838513	addi	x10,x7,1176	  x7:0x00000001 x10=0x00000499
      35315.000 ns	      3530	80000c88	e0078353	fmv.x.w	x6,f15	 f15:0xce7e0000  x6=0xce7e0000
      35345.000 ns	      3533	80000c8c	033de0b3	rem	x1,x27,x19	 x27:0x00000000 x19:0x00000000  x1=0x00000000
      35365.000 ns	      3535	80000c90	df730e97	auipc	x29,0xdf730	 x29=0x5f730c90
      35375.000 ns	      3536	80000c94	01131513	slli	x10,x6,0x11	  x6:0xce7e0000 x10=0x00000000
      35735.000 ns	      3572	80000c98	03f26233	rem	x4,x4,x31	  x4:0x00000000 x31:0x00000001  x4=0x00000000
      35755.000 ns	      3574	80000c9c	4157dc93	srai	x25,x15,0x15	 x15:0x00000000 x25=0x00000000
      35765.000 ns	      3575	80000ca0	1a3ef737	lui	x14,0x1a3ef	 x14=0x1a3ef000
      35785.000 ns	      3577	80000ca4	c01bf8d3	fcvt.wu.s	x17,f23	 f23:0x80550048 x17=0x00000000
      35835.000 ns	      3582	80000ca8	0924fa53	fsub.s	f20,f9,f18	  f9:0x439d0000 f18:0x439c8000 f20=0x3f800000
      35855.000 ns	      3584	80000cac	1ca4d797	auipc	x15,0x1ca4d	 x15=0x9ca4dcac
      35875.000 ns	      3586	80000cb0	03f02033	mulhsu	x0,x0,x31	  x0:0x00000000 x31:0x00000001
      35895.000 ns	      3588	80000cb4	01595833	srl	x16,x18,x21	 x18:0x00000000 x21:0x00000040 x16=0x00000000
      35915.000 ns	      3590	80000cb8	20021153	fsgnjn.s	f2,f4,f0	  f4:0x00000001  f0:0xbf800000  f2=0x00000001
      35945.000 ns	      3593	80000cbc	a02c19d3	flt.s	x19,f24,f2	 f24:0x439c8000  f2:0x40400000 x19=0x00000000
      35965.000 ns	      3595	80000cc0	f6f9ed93	ori	x27,x19,-145	 x19:0x00000000 x27=0xffffff6f
      35975.000 ns	      3596	80000cc4	005d1ab3	sll	x21,x26,x5	 x26:0x00000000  x5:0x00000000 x21=0x00000000
      35985.000 ns	      3597	80000cc8	01dfa0b3	slt	x1,x31,x29	 x31:0x00000001 x29:0x5f730c90  x1=0x00000001
      35995.000 ns	      3598	80000ccc	0023d413	srli	x8,x7,0x2	  x7:0x00000001  x8=0x00000000
      36005.000 ns	      3599	80000cd0	2ef7ad37	lui	x26,0x2ef7a	 x26=0x2ef7a000
      36025.000 ns	      3601	80000cd4	c01178d3	fcvt.wu.s	x17,f2	  f2:0x00000001 x17=0x00000000
      36055.000 ns	      3604	80000cd8	21a81a53	fsgnjn.s	f20,f16,f26	 f16:0x439d0000 f26:0xbf800000 f20=0x439d0000
      36425.000 ns	      3641	80000cdc	0219d633	divu	x12,x19,x1	 x19:0x00000000  x1:0x00000001 x12=0x00000000
      36445.000 ns	      3643	80000ce0	00c479b3	and	x19,x8,x12	  x8:0x00000000 x12:0x00000001 x19=0x00000000
      36465.000 ns	      3645	80000ce4	f0040b53	fmv.w.x	f22,x8	  x8:0x00000000 f22=0x00000000
      36485.000 ns	      3647	80000ce8	013a3433	sltu	x8,x20,x19	 x20:0x00000000 x19:0x00000000  x8=0x00000000
      36495.000 ns	      3648	80000cec	31822913	slti	x18,x4,792	  x4:0x00000000 x18=0x00000001
      36505.000 ns	      3649	80000cf0	41fedbb3	sra	x23,x29,x31	 x29:0x5f730c90 x31:0x00000001 x23=0x2fb98648
      36525.000 ns	      3651	80000cf4	a0e59053	flt.s	x0,f11,f14	 f11:0xce7e0000 f14:0x439c8000
      36555.000 ns	      3654	80000cf8	d0140b53	fcvt.s.wu	f22,x8	  x8:0x00000000 f22=0x00000000
      36605.000 ns	      3659	80000cfc	0155ffd3	fadd.s	f31,f11,f21	 f11:0xce7e0000 f21:0x3f7c63e8 f31=0xce7dffff
      36625.000 ns	      3661	80000d00	00d158b3	srl	x17,x2,x13	  x2:0x80040fe4 x13:0x92d5a200 x17=0x80040fe4
      36635.000 ns	      3662	80000d04	433f6913	ori	x18,x30,1075	 x30:0x00000000 x18=0x00000433
      36645.000 ns	      3663	80000d08	403f5393	srai	x7,x30,0x3	 x30:0x00000000  x7=0x00000000
      36665.000 ns	      3665	80000d0c	c0037053	fcvt.w.s	x0,f6	  f6:0x43988000
      36695.000 ns	      3668	80000d10	2116a853	fsgnjx.s	f16,f13,f17	 f13:0xff800000 f17:0xbf800000 f16=0x7f800000
      36725.000 ns	      3671	80000d14	a15987d3	fle.s	x15,f19,f21	 f19:0xbf800000 f21:0x3f7c63e8 x15=0x00000001
      36755.000 ns	      3674	80000d18	20598253	fsgnj.s	f4,f19,f5	 f19:0xbf800000  f5:0x7f800000  f4=0x3f800000
      36785.000 ns	      3677	80000d1c	20d2afd3	fsgnjx.s	f31,f5,f13	  f5:0x7f800000 f13:0xff800000 f31=0xff800000
      36815.000 ns	      3680	80000d20	030383b3	mul	x7,x7,x16	  x7:0x00000000 x16:0x00000000  x7=0x00000000
      36845.000 ns	      3683	80000d24	a04d0b53	fle.s	x22,f26,f4	 f26:0xbf800000  f4:0x3f800000 x22=0x00000001
      36875.000 ns	      3686	80000d28	0255e0b3	rem	x1,x11,x5	 x11:0xf24b5688  x5:0x00000000  x1=0xf24b5688
      36895.000 ns	      3688	80000d2c	dc377813	andi	x16,x14,-573	 x14:0x1a3ef000 x16=0x1a3ef000
      36905.000 ns	      3689	80000d30	1a6cfc93	andi	x25,x25,422	 x25:0x00000000 x25=0x00000000
      36915.000 ns	      3690	80000d34	5383f413	andi	x8,x7,1336	  x7:0x00000000  x8=0x00000000
      37275.000 ns	      3726	80000d38	03dfddb3	divu	x27,x31,x29	 x31:0x00000001 x29:0x5f730c90 x27=0x00000000
      37295.000 ns	      3728	80000d3c	41f8dc13	srai	x24,x17,0x1f	 x17:0x80040fe4 x24=0xffffffff
      37305.000 ns	      3729	80000d40	00000013	addi	x0,x0,0	  x0:0x00000000
      37315.000 ns	      3730	80000d44	00000013	addi	x0,x0,0	  x0:0x00000000
      37345.000 ns	      3733	80000d48	5807f553	fsqrt.s	f10,f15	 f15:0xce7e0000 f10=0x7fc00000
      37375.000 ns	      3736	80000d4c	034662b3	rem	x5,x12,x20	 x12:0x00000000 x20:0x00000000  x5=0x00000000
      37715.000 ns	      3770	80000d50	194883d3	fdiv.s	f7,f17,f20	 f17:0xbf800000 f20:0x439d0000  f7=0xbb4dc53a
      37745.000 ns	      3773	80000d54	d01f8bd3	fcvt.s.wu	f23,x31	 x31:0x00000001 f23=0x3f800000
      37795.000 ns	      3778	80000d58	097007d3	fsub.s	f15,f0,f23	  f0:0xbf800000 f23:0x80550048 f15=0xc0000000
      37815.000 ns	      3780	80000d5c	01cb8eb3	add	x29,x23,x28	 x23:0x2fb98648 x28:0x80041024 x29=0xafbd966c
      37835.000 ns	      3782	80000d60	203fa4d3	fsgnjx.s	f9,f31,f3	 f31:0xff800000  f3:0x80000000  f9=0x7f800000
      37885.000 ns	      3787	80000d64	08b47853	fsub.s	f16,f8,f11	  f8:0x41000000 f11:0xce7e0000 f16=0x4e7e0000
      38225.000 ns	      3821	80000d68	1923f9d3	fdiv.s	f19,f7,f18	  f7:0xbb4dc53a f18:0x439c8000 f19=0xb721bbf8
      38255.000 ns	      3824	80000d6c	203480d3	fsgnj.s	f1,f9,f3	  f9:0x7f800000  f3:0x80000000  f1=0xff800000
      38305.000 ns	      3829	80000d70	08dfcbd3	fsub.s	f23,f31,f13	 f31:0xff800000 f13:0xff800000 f23=0x00000000
      38325.000 ns	      3831	80000d74	40cc5333	sra	x6,x24,x12	 x24:0xffffffff x12:0x00000000  x6=0xffffffff
      38335.000 ns	      3832	80000d78	01119913	slli	x18,x3,0x11	  x3:0x00000000 x18=0x00000000
      38355.000 ns	      3834	80000d7c	a1c890d3	flt.s	x1,f17,f28	 f17:0xbf800000 f28:0x7f800000  x1=0x00000001
      38375.000 ns	      3836	80000d80	d5062713	slti	x14,x12,-688	 x12:0x00000000 x14=0x00000000
      38405.000 ns	      3839	80000d84	114a4353	fmul.s	f6,f20,f20	 f20:0x439d0000 f20:0x439d0000  f6=0x47c09200
      38435.000 ns	      3842	80000d88	0394cfb3	div	x31,x9,x25	  x9:0xffffffff x25:0x00000000 x31=0xffffffff
      38465.000 ns	      3845	80000d8c	20fca453	fsgnjx.s	f8,f25,f15	 f25:0x80550048 f15:0xc0000000  f8=0x00550048
      38835.000 ns	      3882	80000d90	03d5d6b3	divu	x13,x11,x29	 x11:0xf24b5688 x29:0xafbd966c x13=0x00000001
      38865.000 ns	      3885	80000d94	d001fd53	fcvt.s.w	f26,x3	  x3:0x00000000 f26=0x00000000
      38885.000 ns	      3887	80000d98	00769a33	sll	x20,x13,x7	 x13:0x00000001  x7:0x00000000 x20=0x00000001
      38905.000 ns	      3889	80000d9c	212d1c53	fsgnjn.s	f24,f26,f18	 f26:0x00000000 f18:0x439c8000 f24=0x80000000
      38925.000 ns	      3891	80000da0	1a1def93	ori	x31,x27,417	 x27:0x00000000 x31=0x000001a1
      38945.000 ns	      3893	80000da4	28d894d3	fmax.s	f9,f17,f13	 f17:0xbf800000 f13:0xff800000  f9=0xbf800000
      38975.000 ns	      3896	80000da8	a0cf8dd3	fle.s	x27,f31,f12	 f31:0xff800000 f12:0xcf724b56 x27=0x00000001
      39005.000 ns	      3899	80000dac	29851d53	fmax.s	f26,f10,f24	 f10:0x7fc00000 f24:0x80000000 f26=0x80000000
      39025.000 ns	      3901	80000db0	01d712b3	sll	x5,x14,x29	 x14:0x00000000 x29:0xafbd966c  x5=0x00000000
      39385.000 ns	      3937	80000db4	03fc4bb3	div	x23,x24,x31	 x24:0xffffffff x31:0x000001a1 x23=0x00000000
      39435.000 ns	      3942	80000db8	081322d3	fsub.s	f5,f6,f1	  f6:0x47c09200  f1:0xff800000  f5=0x7f800000
      39455.000 ns	      3944	80000dbc	40ec09b3	sub	x19,x24,x14	 x24:0xffffffff x14:0x00000000 x19=0xffffffff
      39465.000 ns	      3945	80000dc0	40bd5c13	srai	x24,x26,0xb	 x26:0x2ef7a000 x24=0x0005def4
      39475.000 ns	      3946	80000dc4	da2e3313	sltiu	x6,x28,-606	 x28:0x80041024  x6=0x00000001
      39505.000 ns	      3949	80000dc8	10f39dd3	fmul.s	f27,f7,f15	  f7:0xbb4dc53a f15:0xc0000000 f27=0x3bcdc53a
      39525.000 ns	      3951	80000dcc	010a8733	add	x14,x21,x16	 x21:0x00000000 x16:0x1a3ef000 x14=0x1a3ef000
      39885.000 ns	      3987	80000dd0	03f95933	divu	x18,x18,x31	 x18:0x00000000 x31:0x000001a1 x18=0x00000000
      39915.000 ns	      3990	80000dd4	d003fc53	fcvt.s.w	f24,x7	  x7:0x00000000 f24=0x00000000
      39945.000 ns	      3993	80000dd8	02c4e7b3	rem	x15,x9,x12	  x9:0xffffffff x12:0x00000000 x15=0xffffffff
      39975.000 ns	      3996	80000ddc	0318b333	mulhu	x6,x17,x17	 x17:0x80040fe4 x17:0x80040fe4  x6=0x40040ff4
      41155.000 ns	      4114	80000de0	58084953	fsqrt.s	f18,f16	 f16:0x4e7e0000 f18=0x46b39a7b
      41175.000 ns	      4116	80000de4	d72a68b7	lui	x17,0xd72a6	 x17=0xd72a6000
      41195.000 ns	      4118	80000de8	023deeb3	rem	x29,x27,x3	 x27:0x00000001  x3:0x00000000 x29=0x00000001
      41225.000 ns	      4121	80000dec	218198d3	fsgnjn.s	f17,f3,f24	  f3:0x80000000 f24:0x00000000 f17=0x80000000
      41245.000 ns	      4123	80000df0	85afb413	sltiu	x8,x31,-1958	 x31:0x000001a1  x8=0x00000001
      41265.000 ns	      4125	80000df4	a1509453	flt.s	x8,f1,f21	  f1:0xff800000 f21:0x3f7c63e8  x8=0x00000001
      41295.000 ns	      4128	80000df8	20079c53	fsgnjn.s	f24,f15,f0	 f15:0xc0000000  f0:0xbf800000 f24=0x40000000
      41325.000 ns	      4131	80000dfc	208128d3	fsgnjx.s	f17,f2,f8	  f2:0x00000001  f8:0x00550048 f17=0x00000001
      41355.000 ns	      4134	80000e00	20660c53	fsgnj.s	f24,f12,f6	 f12:0xcf724b56  f6:0x47c09200 f24=0x4f724b56
      41385.000 ns	      4137	80000e04	d008a153	fcvt.s.w	f2,x17	 x17:0xd72a6000  f2=0xce235680
      41415.000 ns	      4140	80000e08	21220053	fsgnj.s	f0,f4,f18	  f4:0x3f800000 f18:0x46b39a7b  f0=0x3f800000
      41445.000 ns	      4143	80000e0c	20b72853	fsgnjx.s	f16,f14,f11	 f14:0x439c8000 f11:0xce7e0000 f16=0xc39c8000
      41465.000 ns	      4145	80000e10	b44ea613	slti	x12,x29,-1212	 x29:0x00000001 x12=0x00000000
      41485.000 ns	      4147	80000e14	280283d3	fmin.s	f7,f5,f0	  f5:0x7f800000  f0:0x3f800000  f7=0x3f800000
      41515.000 ns	      4150	80000e18	a0168a53	fle.s	x20,f13,f1	 f13:0xff800000  f1:0xff800000 x20=0x00000001
      41535.000 ns	      4152	80000e1c	00afbd33	sltu	x26,x31,x10	 x31:0x000001a1 x10:0x00000000 x26=0x00000000
      41555.000 ns	      4154	80000e20	c0067ed3	fcvt.w.s	x29,f12	 f12:0xcf724b56 x29=0x80000000
      41585.000 ns	      4157	80000e24	a1b611d3	flt.s	x3,f12,f27	 f12:0xcf724b56 f27:0x3bcdc53a  x3=0x00000001
      41605.000 ns	      4159	80000e28	012a1b93	slli	x23,x20,0x12	 x20:0x00000001 x23=0x00040000
      41625.000 ns	      4161	80000e2c	035a53b3	divu	x7,x20,x21	 x20:0x00000001 x21:0x00000000  x7=0xffffffff
      41655.000 ns	      4164	80000e30	e00e8ed3	fmv.x.w	x29,f29	 f29:0xff800000 x29=0xff800000
      41675.000 ns	      4166	80000e34	01f65733	srl	x14,x12,x31	 x12:0x00000000 x31:0x000001a1 x14=0x00000000
      41715.000 ns	      4170	80000e38	0800f253	fsub.s	f4,f1,f0	  f1:0xff800000  f0:0x3f800000  f4=0xff800000
      41745.000 ns	      4173	80000e3c	f0060953	fmv.w.x	f18,x12	 x12:0x00000000 f18=0x00000000
      41765.000 ns	      4175	80000e40	00000013	addi	x0,x0,0	  x0:0x00000000
      41785.000 ns	      4177	80000e44	a062ab53	feq.s	x22,f5,f6	  f5:0x7f800000  f6:0x47c09200 x22=0x00000000
      41825.000 ns	      4181	80000e48	10757a53	fmul.s	f20,f10,f7	 f10:0x7fc00000  f7:0x3f800000 f20=0x7fc00000
      41845.000 ns	      4183	80000e4c	9446ff93	andi	x31,x13,-1724	 x13:0x00000001 x31=0x00000000
      41865.000 ns	      4185	80000e50	03d7aeb3	mulhsu	x29,x15,x29	 x15:0xffffffff x29:0xff800000 x29=0xffffffff
      41885.000 ns	      4187	80000e54	007afbb3	and	x23,x21,x7	 x21:0x00000000  x7:0xffffffff x23=0x00000000
      41925.000 ns	      4191	80000e58	00043d53	fadd.s	f26,f8,f0	  f8:0x00550048  f0:0x3f800000 f26=0x3f800000
      41945.000 ns	      4193	80000e5c	01de03b3	add	x7,x28,x29	 x28:0x80041024 x29:0xffffffff  x7=0x80041023
      41955.000 ns	      4194	80000e60	01907933	and	x18,x0,x25	  x0:0x00000000 x25:0x00000000 x18=0x00000000
      41975.000 ns	      4196	80000e64	d019f553	fcvt.s.wu	f10,x19	 x19:0xffffffff f10=0x4f7fffff
      41995.000 ns	      4198	80000e68	00000013	addi	x0,x0,0	  x0:0x00000000
      42015.000 ns	      4200	80000e6c	03ef03b3	mul	x7,x30,x30	 x30:0x00000000 x30:0x00000000  x7=0x00000000
      42385.000 ns	      4237	80000e70	03b4deb3	divu	x29,x9,x27	  x9:0xffffffff x27:0x00000001 x29=0xffffffff
      42415.000 ns	      4240	80000e74	d015ae53	fcvt.s.wu	f28,x11	 x11:0xf24b5688 f28=0x4f724b57
      42455.000 ns	      4244	80000e78	1921ff53	fdiv.s	f30,f3,f18	  f3:0x80000000 f18:0x00000000 f30=0x7fc00000
      42485.000 ns	      4247	80000e7c	032686b3	mul	x13,x13,x18	 x13:0x00000001 x18:0x00000000 x13=0x00000000
      42505.000 ns	      4249	80000e80	f492cf97	auipc	x31,0xf492c	 x31=0x7492ce80
      42865.000 ns	      4285	80000e84	030b7633	remu	x12,x22,x16	 x22:0x00000000 x16:0x1a3ef000 x12=0x00000000
      43235.000 ns	      4322	80000e88	021476b3	remu	x13,x8,x1	  x8:0x00000001  x1:0x00000001 x13=0x00000000
      43255.000 ns	      4324	80000e8c	00864f33	xor	x30,x12,x8	 x12:0x00000000  x8:0x00000001 x30=0x00000001
      43275.000 ns	      4326	80000e90	2180a353	fsgnjx.s	f6,f1,f24	  f1:0xff800000 f24:0x4f724b56  f6=0xff800000
      43305.000 ns	      4329	80000e94	028407b3	mul	x15,x8,x8	  x8:0x00000001  x8:0x00000001 x15=0x00000001
      43345.000 ns	      4333	80000e98	580a4353	fsqrt.s	f6,f20	 f20:0x7fc00000  f6=0x7fc00000
      43375.000 ns	      4336	80000e9c	29601553	fmax.s	f10,f0,f22	  f0:0x3f800000 f22:0x00000000 f10=0x3f800000
      43405.000 ns	      4339	80000ea0	293687d3	fmin.s	f15,f13,f19	 f13:0xff800000 f19:0xb721bbf8 f15=0xff800000
      43425.000 ns	      4341	80000ea4	00dc8033	add	x0,x25,x13	 x25:0x00000000 x13:0x00000000
      43445.000 ns	      4343	80000ea8	032e48b3	div	x17,x28,x18	 x28:0x80041024 x18:0x00000000 x17=0xffffffff
      43465.000 ns	      4345	80000eac	010dac33	slt	x24,x27,x16	 x27:0x00000001 x16:0x1a3ef000 x24=0x00000001
      43485.000 ns	      4347	80000eb0	d00a26d3	fcvt.s.w	f13,x20	 x20:0x00000001 f13=0x3f800000
      43505.000 ns	      4349	80000eb4	41625db3	sra	x27,x4,x22	  x4:0x00000000 x22:0x00000000 x27=0x00000000
      43515.000 ns	      4350	80000eb8	54f34713	xori	x14,x6,1359	  x6:0x40040ff4 x14=0x40040abb
      43525.000 ns	      4351	80000ebc	8d9b6313	ori	x6,x22,-1831	 x22:0x00000000  x6=0xfffff8d9
      43545.000 ns	      4353	80000ec0	a01c0fd3	fle.s	x31,f24,f1	 f24:0x4f724b56  f1:0xff800000 x31=0x00000000
      43575.000 ns	      4356	80000ec4	d0021f53	fcvt.s.w	f30,x4	  x4:0x00000000 f30=0x00000000
      43605.000 ns	      4359	80000ec8	0254e833	rem	x16,x9,x5	  x9:0xffffffff  x5:0x00000000 x16=0xffffffff
      43635.000 ns	      4362	80000ecc	c00b7b53	fcvt.w.s	x22,f22	 f22:0x00000000 x22=0x00000000
      43655.000 ns	      4364	80000ed0	ffeef693	andi	x13,x29,-2	 x29:0xffffffff x13=0xfffffffe
      43675.000 ns	      4366	80000ed4	a0c42bd3	feq.s	x23,f8,f12	  f8:0x00550048 f12:0xcf724b56 x23=0x00000000
      43695.000 ns	      4368	80000ed8	01f25333	srl	x6,x4,x31	  x4:0x00000000 x31:0x00000000  x6=0x00000000
      43705.000 ns	      4369	80000edc	00000013	addi	x0,x0,0	  x0:0x00000000
      43725.000 ns	      4371	80000ee0	20769fd3	fsgnjn.s	f31,f13,f7	 f13:0x3f800000  f7:0x3f800000 f31=0xbf800000
      44095.000 ns	      4408	80000ee4	02e3f733	remu	x14,x7,x14	  x7:0x00000000 x14:0x40040abb x14=0x00000000
      44115.000 ns	      4410	80000ee8	72e63f93	sltiu	x31,x12,1838	 x12:0x00000000 x31=0x00000001
      44135.000 ns	      4412	80000eec	a1ff94d3	flt.s	x9,f31,f31	 f31:0xbf800000 f31:0xbf800000  x9=0x00000000
      44165.000 ns	      4415	80000ef0	f00e0353	fmv.w.x	f6,x28	 x28:0x80041024  f6=0x80041024
      44195.000 ns	      4418	80000ef4	21871153	fsgnjn.s	f2,f14,f24	 f14:0x439c8000 f24:0x4f724b56  f2=0xc39c8000
      44215.000 ns	      4420	80000ef8	00711db3	sll	x27,x2,x7	  x2:0x80040fe4  x7:0x00000000 x27=0x80040fe4
      44225.000 ns	      4421	80000efc	21069537	lui	x10,0x21069	 x10=0x21069000
      44235.000 ns	      4422	80000f00	ecc44317	auipc	x6,0xecc44	  x6=0x6cc44f00
      44255.000 ns	      4424	80000f04	21fda153	fsgnjx.s	f2,f27,f31	 f27:0x3bcdc53a f31:0xbf800000  f2=0xbbcdc53a
      44285.000 ns	      4427	80000f08	a0571253	flt.s	x4,f14,f5	 f14:0x439c8000  f5:0x7f800000  x4=0x00000001
      44315.000 ns	      4430	80000f0c	021fa8b3	mulhsu	x17,x31,x1	 x31:0x00000001  x1:0x00000001 x17=0x00000000
      44685.000 ns	      4467	80000f10	03f84db3	div	x27,x16,x31	 x16:0xffffffff x31:0x00000001 x27=0xffffffff
      44735.000 ns	      4472	80000f14	01b27ad3	fadd.s	f21,f4,f27	  f4:0xff800000 f27:0x3bcdc53a f21=0xff800000
      44765.000 ns	      4475	80000f18	0256ceb3	div	x29,x13,x5	 x13:0xfffffffe  x5:0x00000000 x29=0xffffffff
      44805.000 ns	      4479	80000f1c	580f9ed3	fsqrt.s	f29,f31	 f31:0xbf800000 f29=0x7fc00000
      44845.000 ns	      4483	80000f20	58024353	fsqrt.s	f6,f4	  f4:0xff800000  f6=0x7fc00000
      44865.000 ns	      4485	80000f24	ee2e4f13	xori	x30,x28,-286	 x28:0x80041024 x30=0x7ffbeec6
      44885.000 ns	      4487	80000f28	210d9653	fsgnjn.s	f12,f27,f16	 f27:0x3bcdc53a f16:0xc39c8000 f12=0x3bcdc53a
      44905.000 ns	      4489	80000f2c	bebb7313	andi	x6,x22,-1045	 x22:0x00000000  x6=0x00000000
      44915.000 ns	      4490	80000f30	00c69033	sll	x0,x13,x12	 x13:0xfffffffe x12:0x00000000
      44935.000 ns	      4492	80000f34	f0030e53	fmv.w.x	f28,x6	  x6:0x6cc44f00 f28=0x00000000
      44955.000 ns	      4494	80000f38	80316713	ori	x14,x2,-2045	  x2:0x80040fe4 x14=0xffffffe7
      44975.000 ns	      4496	80000f3c	02442eb3	mulhsu	x29,x8,x4	  x8:0x00000001  x4:0x00000001 x29=0x00000000
      45345.000 ns	      4533	80000f40	02bfef33	rem	x30,x31,x11	 x31:0x00000001 x11:0xf24b5688 x30=0x00000001
      45365.000 ns	      4535	80000f44	16ebfa13	andi	x20,x23,366	 x23:0x00000000 x20=0x00000000
      45385.000 ns	      4537	80000f48	027eb633	mulhu	x12,x29,x7	 x29:0x00000000  x7:0x00000000 x12=0x00000000
      45405.000 ns	      4539	80000f4c	e3038c93	addi	x25,x7,-464	  x7:0x00000000 x25=0xfffffe30
      45425.000 ns	      4541	80000f50	20ac83d3	fsgnj.s	f7,f25,f10	 f25:0x80550048 f10:0x3f800000  f7=0x00550048
      45455.000 ns	      4544	80000f54	29f09c53	fmax.s	f24,f1,f31	  f1:0xff800000 f31:0xbf800000 f24=0xbf800000
      45475.000 ns	      4546	80000f58	41cc8733	sub	x14,x25,x28	 x25:0xfffffe30 x28:0x80041024 x14=0x7ffbee0c
      45505.000 ns	      4549	80000f5c	580f2d53	fsqrt.s	f26,f30	 f30:0x00000000 f26=0x00000000
      45525.000 ns	      4551	80000f60	448c3413	sltiu	x8,x24,1096	 x24:0x00000001  x8=0x00000001
      45545.000 ns	      4553	80000f64	a19b8453	fle.s	x8,f23,f25	 f23:0x00000000 f25:0x80550048  x8=0x00000000
      45565.000 ns	      4555	80000f68	5d1ecd93	xori	x27,x29,1489	 x29:0x00000000 x27=0x000005d1
      45575.000 ns	      4556	80000f6c	4f69ba13	sltiu	x20,x19,1270	 x19:0xffffffff x20=0x00000000
      45605.000 ns	      4559	80000f70	18650e53	fdiv.s	f28,f10,f6	 f10:0x3f800000  f6:0x7fc00000 f28=0x7fc00000
      45625.000 ns	      4561	80000f74	01f970b3	and	x1,x18,x31	 x18:0x00000000 x31:0x00000001  x1=0x00000000
      45955.000 ns	      4594	80000f78	18a9f053	fdiv.s	f0,f19,f10	 f19:0xb721bbf8 f10:0x3f800000  f0=0xb721bb7a
      47135.000 ns	      4712	80000f7c	5803fe53	fsqrt.s	f28,f7	  f7:0x00550048 f28=0x1f969d50
      47175.000 ns	      4716	80000f80	115f7853	fmul.s	f16,f30,f21	 f30:0x00000000 f21:0xff800000 f16=0x7fc00000
      47205.000 ns	      4719	80000f84	20f72f53	fsgnjx.s	f30,f14,f15	 f14:0x439c8000 f15:0xff800000 f30=0xc39c8000
      47235.000 ns	      4722	80000f88	03655fb3	divu	x31,x10,x22	 x10:0x21069000 x22:0x00000000 x31=0xffffffff
      47255.000 ns	      4724	80000f8c	9f48dc17	auipc	x24,0x9f48d	 x24=0x1f48df8c
      48425.000 ns	      4841	80000f90	580391d3	fsqrt.s	f3,f7	  f7:0x00550048  f3=0x1f969d50
      48765.000 ns	      4875	80000f94	19b6f153	fdiv.s	f2,f13,f27	 f13:0x3f800000 f27:0x3bcdc53a  f2=0x432f3d44
      48785.000 ns	      4877	80000f98	00000013	addi	x0,x0,0	  x0:0x00000000
      48805.000 ns	      4879	80000f9c	e0098853	fmv.x.w	x16,f19	 f19:0xb721bbf8 x16=0xb721bbf8
      48855.000 ns	      4884	80000fa0	004619d3	fadd.s	f19,f12,f4	 f12:0x3bcdc53a  f4:0xff800000 f19=0xff800000
      49225.000 ns	      4921	80000fa4	02e5f033	remu	x0,x11,x14	 x11:0xf24b5688 x14:0x7ffbee0c
      49245.000 ns	      4923	80000fa8	b0c56993	ori	x19,x10,-1268	 x10:0x21069000 x19=0xfffffb0c
      49255.000 ns	      4924	80000fac	0028bd33	sltu	x26,x17,x2	 x17:0x00000000  x2:0x80040fe4 x26=0x00000001
      49265.000 ns	      4925	80000fb0	05dfec37	lui	x24,0x5dfe	 x24=0x05dfe000
      49285.000 ns	      4927	80000fb4	212a14d3	fsgnjn.s	f9,f20,f18	 f20:0x7fc00000 f18:0x00000000  f9=0xffc00000
      49315.000 ns	      4930	80000fb8	021e4ab3	div	x21,x28,x1	 x28:0x80041024  x1:0x00000000 x21=0xffffffff
      49335.000 ns	      4932	80000fbc	e5f0e793	ori	x15,x1,-417	  x1:0x00000000 x15=0xfffffe5f
      49355.000 ns	      4934	80000fc0	029db1b3	mulhu	x3,x27,x9	 x27:0x000005d1  x9:0x00000000  x3=0x00000000
      49375.000 ns	      4936	80000fc4	00504833	xor	x16,x0,x5	  x0:0x00000000  x5:0x00000000 x16=0x00000000
      49385.000 ns	      4937	80000fc8	b4b82d93	slti	x27,x16,-1205	 x16:0xb721bbf8 x27=0x00000000
      49395.000 ns	      4938	80000fcc	87966b93	ori	x23,x12,-1927	 x12:0x00000000 x23=0xfffff879
      49405.000 ns	      4939	80000fd0	0130d713	srli	x14,x1,0x13	  x1:0x00000000 x14=0x00000000
      49445.000 ns	      4943	80000fd4	01ff7d53	fadd.s	f26,f30,f31	 f30:0xc39c8000 f31:0xbf800000 f26=0xc39d0000
      49465.000 ns	      4945	80000fd8	0195bab3	sltu	x21,x11,x25	 x11:0xf24b5688 x25:0xfffffe30 x21=0x00000001
      49475.000 ns	      4946	80000fdc	40728eb3	sub	x29,x5,x7	  x5:0x00000000  x7:0x00000000 x29=0x00000000
      49495.000 ns	      4948	80000fe0	d01bf653	fcvt.s.wu	f12,x23	 x23:0xfffff879 f12=0x4f7ffff8
      49525.000 ns	      4951	80000fe4	29121c53	fmax.s	f24,f4,f17	  f4:0xff800000 f17:0x00000001 f24=0x00000001
      49545.000 ns	      4953	80000fe8	018b5f13	srli	x30,x22,0x18	 x22:0x00000000 x30=0x00000000
      49565.000 ns	      4955	80000fec	02ec3db3	mulhu	x27,x24,x14	 x24:0x05dfe000 x14:0x00000000 x27=0x00000000
      49595.000 ns	      4958	80000ff0	d01cf953	fcvt.s.wu	f18,x25	 x25:0xfffffe30 f18=0x4f7ffffe
      49625.000 ns	      4961	80000ff4	03eaa633	mulhsu	x12,x21,x30	 x21:0x00000001 x30:0x00000000 x12=0x00000000
      49655.000 ns	      4964	80000ff8	c00cf353	fcvt.w.s	x6,f25	 f25:0x80550048  x6=0x00000000
      49675.000 ns	      4966	80000ffc	010a7d33	and	x26,x20,x16	 x20:0x00000000 x16:0x00000000 x26=0x00000000
      49685.000 ns	      4967	80001000	40070933	sub	x18,x14,x0	 x14:0x00000000  x0:0x00000000 x18=0x00000000
      49705.000 ns	      4969	80001004	02408633	mul	x12,x1,x4	  x1:0x00000000  x4:0x00000001 x12=0x00000000
      49735.000 ns	      4972	80001008	02482db3	mulhsu	x27,x16,x4	 x16:0x00000000  x4:0x00000001 x27=0x00000000
      49755.000 ns	      4974	8000100c	406dd233	sra	x4,x27,x6	 x27:0x00000000  x6:0x00000000  x4=0x00000000
      49775.000 ns	      4976	80001010	0277ec33	rem	x24,x15,x7	 x15:0xfffffe5f  x7:0x00000000 x24=0xfffffe5f
      49795.000 ns	      4978	80001014	01d5b1b3	sltu	x3,x11,x29	 x11:0xf24b5688 x29:0x00000000  x3=0x00000000
      49815.000 ns	      4980	80001018	03932a33	mulhsu	x20,x6,x25	  x6:0x00000000 x25:0xfffffe30 x20=0x00000000
      49845.000 ns	      4983	8000101c	a1bc2ed3	feq.s	x29,f24,f27	 f24:0x00000001 f27:0x3bcdc53a x29=0x00000000
      49875.000 ns	      4986	80001020	29328253	fmin.s	f4,f5,f19	  f5:0x7f800000 f19:0xff800000  f4=0xff800000
      49925.000 ns	      4991	80001024	003e7cd3	fadd.s	f25,f28,f3	 f28:0x1f969d50  f3:0x1f969d50 f25=0x20169d50
      49975.000 ns	      4996	80001028	0889b453	fsub.s	f8,f19,f8	 f19:0xff800000  f8:0x00550048  f8=0xff800000
      50005.000 ns	      4999	8000102c	e00c1cd3	fclass.s	x25,f24	 f24:0x00000001 x25=0x00000020
      50025.000 ns	      5001	80001030	00000013	addi	x0,x0,0	  x0:0x00000000
      50035.000 ns	      5002	80001034	0096e033	or	x0,x13,x9	 x13:0xfffffffe  x9:0x00000000
      50055.000 ns	      5004	80001038	29281253	fmax.s	f4,f16,f18	 f16:0x7fc00000 f18:0x4f7ffffe  f4=0x4f7ffffe
      50425.000 ns	      5041	8000103c	02f8fd33	remu	x26,x17,x15	 x17:0x00000000 x15:0xfffffe5f x26=0x00000000
      50455.000 ns	      5044	80001040	a0501dd3	flt.s	x27,f0,f5	  f0:0xb721bb7a  f5:0x7f800000 x27=0x00000001
      50485.000 ns	      5047	80001044	0240bf33	mulhu	x30,x1,x4	  x1:0x00000000  x4:0x00000000 x30=0x00000000
      50515.000 ns	      5050	80001048	e00b92d3	fclass.s	x5,f23	 f23:0x00000000  x5=0x00000010
      50545.000 ns	      5053	8000104c	c00ef7d3	fcvt.w.s	x15,f29	 f29:0x7fc00000 x15=0x7fffffff
      50575.000 ns	      5056	80001050	03ed04b3	mul	x9,x26,x30	 x26:0x00000000 x30:0x00000000  x9=0x00000000
      50615.000 ns	      5060	80001054	580d30d3	fsqrt.s	f1,f26	 f26:0xc39d0000  f1=0x7fc00000
      50645.000 ns	      5063	80001058	02c97733	remu	x14,x18,x12	 x18:0x00000000 x12:0x00000000 x14=0x00000000
      50665.000 ns	      5065	8000105c	01325393	srli	x7,x4,0x13	  x4:0x00000000  x7=0x00000000
      50685.000 ns	      5067	80001060	29579cd3	fmax.s	f25,f15,f21	 f15:0xff800000 f21:0xff800000 f25=0xff800000
      50725.000 ns	      5071	80001064	19612953	fdiv.s	f18,f2,f22	  f2:0x432f3d44 f22:0x00000000 f18=0x7f800000
      50755.000 ns	      5074	80001068	0322c8b3	div	x17,x5,x18	  x5:0x00000010 x18:0x00000000 x17=0xffffffff
      50785.000 ns	      5077	8000106c	20ea0453	fsgnj.s	f8,f20,f14	 f20:0x7fc00000 f14:0x439c8000  f8=0x7fc00000
      50805.000 ns	      5079	80001070	01eebfb3	sltu	x31,x29,x30	 x29:0x00000000 x30:0x00000000 x31=0x00000000
      50815.000 ns	      5080	80001074	8f3264b7	lui	x9,0x8f326	  x9=0x8f326000
      50835.000 ns	      5082	80001078	02a48933	mul	x18,x9,x10	  x9:0x00000000 x10:0x21069000 x18=0x96000000
      51205.000 ns	      5119	8000107c	02dc5f33	divu	x30,x24,x13	 x24:0xfffffe5f x13:0xfffffffe x30=0x00000000
      51235.000 ns	      5122	80001080	02cba033	mulhsu	x0,x23,x12	 x23:0xfffff879 x12:0x00000000
      51255.000 ns	      5124	80001084	00000013	addi	x0,x0,0	  x0:0x00000000
      51265.000 ns	      5125	80001088	e701e0b7	lui	x1,0xe701e	  x1=0xe701e000
      51295.000 ns	      5128	8000108c	58002a53	fsqrt.s	f20,f0	  f0:0xb721bb7a f20=0x7fc00000
      51315.000 ns	      5130	80001090	88d42313	slti	x6,x8,-1907	  x8:0x00000000  x6=0x00000000
      51325.000 ns	      5131	80001094	017d2a33	slt	x20,x26,x23	 x26:0x00000000 x23:0xfffff879 x20=0x00000000
      51345.000 ns	      5133	80001098	e00d8ed3	fmv.x.w	x29,f27	 f27:0x3bcdc53a x29=0x3bcdc53a
      51375.000 ns	      5136	8000109c	c0117fd3	fcvt.wu.s	x31,f2	  f2:0x432f3d44 x31=0x000000af
      51395.000 ns	      5138	800010a0	00000013	addi	x0,x0,0	  x0:0x00000000
      51755.000 ns	      5174	800010a4	02274333	div	x6,x14,x2	 x14:0x00000000  x2:0x80040fe4  x6=0x00000000
      51775.000 ns	      5176	800010a8	fd2c7c13	andi	x24,x24,-46	 x24:0xfffffe5f x24=0xfffffe52
      52105.000 ns	      5209	800010ac	184dfd53	fdiv.s	f26,f27,f4	 f27:0x3bcdc53a  f4:0x4f7ffffe f26=0x2bcdc53a
      52125.000 ns	      5211	800010b0	0092afb3	slt	x31,x5,x9	  x5:0x00000010  x9:0x8f326000 x31=0x00000000
      52135.000 ns	      5212	800010b4	404a5893	srai	x17,x20,0x4	 x20:0x00000000 x17=0x00000000
      52145.000 ns	      5213	800010b8	9a906e93	ori	x29,x0,-1623	  x0:0x00000000 x29=0xfffff9a9
      52165.000 ns	      5215	800010bc	02d7a533	mulhsu	x10,x15,x13	 x15:0x7fffffff x13:0xfffffffe x10=0x7ffffffe
      52505.000 ns	      5249	800010c0	19f389d3	fdiv.s	f19,f7,f31	  f7:0x00550048 f31:0xbf800000 f19=0x80000000
      52535.000 ns	      5252	800010c4	a0648ad3	fle.s	x21,f9,f6	  f9:0xffc00000  f6:0x7fc00000 x21=0x00000000
      52565.000 ns	      5255	800010c8	21358ed3	fsgnj.s	f29,f11,f19	 f11:0xce7e0000 f19:0x80000000 f29=0xce7e0000
      52585.000 ns	      5257	800010cc	0f2fe293	ori	x5,x31,242	 x31:0x00000000  x5=0x000000f2
      52605.000 ns	      5259	800010d0	f00805d3	fmv.w.x	f11,x16	 x16:0x00000000 f11=0x00000000
      52625.000 ns	      5261	800010d4	00d05b13	srli	x22,x0,0xd	  x0:0x00000000 x22=0x00000000
      52655.000 ns	      5264	800010d8	580943d3	fsqrt.s	f7,f18	 f18:0x7f800000  f7=0x7f800000
      52685.000 ns	      5267	800010dc	21b88dd3	fsgnj.s	f27,f17,f27	 f17:0x00000001 f27:0x3bcdc53a f27=0x00000001
      52715.000 ns	      5270	800010e0	0279dc33	divu	x24,x19,x7	 x19:0xfffffb0c  x7:0x00000000 x24=0xffffffff
      52735.000 ns	      5272	800010e4	41835c93	srai	x25,x6,0x18	  x6:0x00000000 x25=0x00000000
      52755.000 ns	      5274	800010e8	e00499d3	fclass.s	x19,f9	  f9:0xffc00000 x19=0x00000200
      52775.000 ns	      5276	800010ec	00a1d433	srl	x8,x3,x10	  x3:0x00000000 x10:0x7ffffffe  x8=0x00000000
      52785.000 ns	      5277	800010f0	29538793	addi	x15,x7,661	  x7:0x00000000 x15=0x00000295
      52805.000 ns	      5279	800010f4	03479533	mulh	x10,x15,x20	 x15:0x7fffffff x20:0x00000000 x10=0x00000000
      52835.000 ns	      5282	800010f8	29bd1cd3	fmax.s	f25,f26,f27	 f26:0x2bcdc53a f27:0x00000001 f25=0x2bcdc53a
      52855.000 ns	      5284	800010fc	22843693	sltiu	x13,x8,552	  x8:0x00000000 x13=0x00000001
      52865.000 ns	      5285	80001100	01a882b3	add	x5,x17,x26	 x17:0x00000000 x26:0x00000000  x5=0x00000000
      52885.000 ns	      5287	80001104	f0000cd3	fmv.w.x	f25,x0	  x0:0x00000000 f25=0x00000000
      52905.000 ns	      5289	80001108	017a7533	and	x10,x20,x23	 x20:0x00000000 x23:0xfffff879 x10=0x00000000
      52925.000 ns	      5291	8000110c	f0048e53	fmv.w.x	f28,x9	  x9:0x8f326000 f28=0x8f326000
      52975.000 ns	      5296	80001110	0029a653	fadd.s	f12,f19,f2	 f19:0x80000000  f2:0x432f3d44 f12=0x432f3d44
      53015.000 ns	      5300	80001114	1810b1d3	fdiv.s	f3,f1,f1	  f1:0x7fc00000  f1:0x7fc00000  f3=0x7fc00000
      53045.000 ns	      5303	80001118	29689a53	fmax.s	f20,f17,f22	 f17:0x00000001 f22:0x00000000 f20=0x00000001
      53065.000 ns	      5305	8000111c	011ec2b3	xor	x5,x29,x17	 x29:0xfffff9a9 x17:0x00000000  x5=0xfffff9a9
      53075.000 ns	      5306	80001120	8cd1c993	xori	x19,x3,-1843	  x3:0x00000000 x19=0xfffff8cd
      53085.000 ns	      5307	80001124	48bef793	andi	x15,x29,1163	 x29:0xfffff9a9 x15=0x00000089
      53105.000 ns	      5309	80001128	29f79353	fmax.s	f6,f15,f31	 f15:0xff800000 f31:0xbf800000  f6=0xbf800000
      53125.000 ns	      5311	8000112c	8e4a7413	andi	x8,x20,-1820	 x20:0x00000000  x8=0x00000000
      53135.000 ns	      5312	80001130	114bbc93	sltiu	x25,x23,276	 x23:0xfffff879 x25=0x00000000
      53145.000 ns	      5313	80001134	00000013	addi	x0,x0,0	  x0:0x00000000
      53165.000 ns	      5315	80001138	c0027953	fcvt.w.s	x18,f4	  f4:0x4f7ffffe x18=0x7fffffff
      53185.000 ns	      5317	8000113c	00f757b3	srl	x15,x14,x15	 x14:0x00000000 x15:0x00000089 x15=0x00000000
      53225.000 ns	      5321	80001140	004b8bd3	fadd.s	f23,f23,f4	 f23:0x00000000  f4:0x4f7ffffe f23=0x4f7ffffe
      53255.000 ns	      5324	80001144	03d80bb3	mul	x23,x16,x29	 x16:0x00000000 x29:0xfffff9a9 x23=0x00000000
      53275.000 ns	      5326	80001148	019b0f33	add	x30,x22,x25	 x22:0x00000000 x25:0x00000000 x30=0x00000000
      53285.000 ns	      5327	8000114c	016a69b3	or	x19,x20,x22	 x20:0x00000000 x22:0x00000000 x19=0x00000000
      53305.000 ns	      5329	80001150	02811ab3	mulh	x21,x2,x8	  x2:0x80040fe4  x8:0x00000000 x21=0x00000000
      53325.000 ns	      5331	80001154	00590c17	auipc	x24,0x590	 x24=0x80591154
      53335.000 ns	      5332	80001158	016f7233	and	x4,x30,x22	 x30:0x00000000 x22:0x00000000  x4=0x00000000
      53355.000 ns	      5334	8000115c	c014f853	fcvt.wu.s	x16,f9	  f9:0xffc00000 x16=0xffffffff
      53385.000 ns	      5337	80001160	0233fc33	remu	x24,x7,x3	  x7:0x00000000  x3:0x00000000 x24=0x00000000
      53405.000 ns	      5339	80001164	01e80f33	add	x30,x16,x30	 x16:0xffffffff x30:0x00000000 x30=0xffffffff
      53425.000 ns	      5341	80001168	03822b33	mulhsu	x22,x4,x24	  x4:0x00000000 x24:0x00000000 x22=0x00000000
      53455.000 ns	      5344	8000116c	21ff91d3	fsgnjn.s	f3,f31,f31	 f31:0xbf800000 f31:0xbf800000  f3=0x3f800000
      53475.000 ns	      5346	80001170	0070d293	srli	x5,x1,0x7	  x1:0xe701e000  x5=0x01ce03c0
      53515.000 ns	      5350	80001174	00d1bf53	fadd.s	f30,f3,f13	  f3:0x3f800000 f13:0x3f800000 f30=0x40000000
      53545.000 ns	      5353	80001178	f00c01d3	fmv.w.x	f3,x24	 x24:0x00000000  f3=0x00000000
      53565.000 ns	      5355	8000117c	013ca433	slt	x8,x25,x19	 x25:0x00000000 x19:0x00000000  x8=0x00000000
      53575.000 ns	      5356	80001180	0136dd13	srli	x26,x13,0x13	 x13:0x00000001 x26=0x00000000
      53595.000 ns	      5358	80001184	20eb28d3	fsgnjx.s	f17,f22,f14	 f22:0x00000000 f14:0x439c8000 f17=0x00000000
      53615.000 ns	      5360	80001188	41e6ee93	ori	x29,x13,1054	 x13:0x00000001 x29=0x0000041f
      53625.000 ns	      5361	8000118c	00d564b3	or	x9,x10,x13	 x10:0x00000000 x13:0x00000001  x9=0x00000001
      53645.000 ns	      5363	80001190	a1cc2453	feq.s	x8,f24,f28	 f24:0x00000001 f28:0x8f326000  x8=0x00000000
      53665.000 ns	      5365	80001194	1d317013	andi	x0,x2,467	  x2:0x80040fe4
      53685.000 ns	      5367	80001198	21d78353	fsgnj.s	f6,f15,f29	 f15:0xff800000 f29:0xce7e0000  f6=0xff800000
      53715.000 ns	      5370	8000119c	a1f58c53	fle.s	x24,f11,f31	 f11:0x00000000 f31:0xbf800000 x24=0x00000000
      53735.000 ns	      5372	800011a0	01439233	sll	x4,x7,x20	  x7:0x00000000 x20:0x00000000  x4=0x00000000
      53755.000 ns	      5374	800011a4	a1922ed3	feq.s	x29,f4,f25	  f4:0x4f7ffffe f25:0x00000000 x29=0x00000000
      54125.000 ns	      5411	800011a8	03255033	divu	x0,x10,x18	 x10:0x00000000 x18:0x7fffffff
      54145.000 ns	      5413	800011ac	01cc10b3	sll	x1,x24,x28	 x24:0x00000000 x28:0x80041024  x1=0x00000000
      54165.000 ns	      5415	800011b0	d00631d3	fcvt.s.w	f3,x12	 x12:0x00000000  f3=0x00000000
      54195.000 ns	      5418	800011b4	20fb02d3	fsgnj.s	f5,f22,f15	 f22:0x00000000 f15:0xff800000  f5=0x80000000
      54225.000 ns	      5421	800011b8	02600033	mul	x0,x0,x6	  x0:0x00000000  x6:0x00000000
      54255.000 ns	      5424	800011bc	034f91b3	mulh	x3,x31,x20	 x31:0x00000000 x20:0x00000000  x3=0x00000000
      54285.000 ns	      5427	800011c0	03fbbf33	mulhu	x30,x23,x31	 x23:0x00000000 x31:0x00000000 x30=0x00000000
      54305.000 ns	      5429	800011c4	00000013	addi	x0,x0,0	  x0:0x00000000
      54315.000 ns	      5430	800011c8	9f7c06b7	lui	x13,0x9f7c0	 x13=0x9f7c0000
      54335.000 ns	      5432	800011cc	e00d1953	fclass.s	x18,f26	 f26:0x2bcdc53a x18=0x00000040
      54355.000 ns	      5434	800011d0	54df8413	addi	x8,x31,1357	 x31:0x00000000  x8=0x0000054d
      54365.000 ns	      5435	800011d4	00028993	addi	x19,x5,0	  x5:0x01ce03c0 x19=0x01ce03c0
      54385.000 ns	      5437	800011d8	29408cd3	fmin.s	f25,f1,f20	  f1:0x7fc00000 f20:0x00000001 f25=0x00000001
      54405.000 ns	      5439	800011dc	9527c413	xori	x8,x15,-1710	 x15:0x00000000  x8=0xfffff952
      54415.000 ns	      5440	800011e0	00517833	and	x16,x2,x5	  x2:0x80040fe4  x5:0x01ce03c0 x16=0x000403c0
      54435.000 ns	      5442	800011e4	03fc1033	mulh	x0,x24,x31	 x24:0x00000000 x31:0x00000000
      54465.000 ns	      5445	800011e8	21cf0253	fsgnj.s	f4,f30,f28	 f30:0x40000000 f28:0x8f326000  f4=0xc0000000
      54515.000 ns	      5450	800011ec	085a01d3	fsub.s	f3,f20,f5	 f20:0x00000001  f5:0x80000000  f3=0x00000001
      54565.000 ns	      5455	800011f0	086b34d3	fsub.s	f9,f22,f6	 f22:0x00000000  f6:0xff800000  f9=0x7f800000
      54595.000 ns	      5458	800011f4	d011f953	fcvt.s.wu	f18,x3	  x3:0x00000000 f18=0x00000000
      54615.000 ns	      5460	800011f8	40935a33	sra	x20,x6,x9	  x6:0x00000000  x9:0x00000001 x20=0x00000000
      54635.000 ns	      5462	800011fc	e00d89d3	fmv.x.w	x19,f27	 f27:0x00000001 x19=0x00000001
      54655.000 ns	      5464	80001200	29075417	auipc	x8,0x29075	  x8=0xa9076200
      54675.000 ns	      5466	80001204	2163a153	fsgnjx.s	f2,f7,f22	  f7:0x7f800000 f22:0x00000000  f2=0x7f800000
      54695.000 ns	      5468	80001208	01e0df13	srli	x30,x1,0x1e	  x1:0x00000000 x30=0x00000000
      54705.000 ns	      5469	8000120c	004820b3	slt	x1,x16,x4	 x16:0x000403c0  x4:0x00000000  x1=0x00000000
      55065.000 ns	      5505	80001210	03085c33	divu	x24,x16,x16	 x16:0x000403c0 x16:0x000403c0 x24=0x00000001
      55085.000 ns	      5507	80001214	40a90fb3	sub	x31,x18,x10	 x18:0x00000040 x10:0x00000000 x31=0x00000040
      55095.000 ns	      5508	80001218	e4378613	addi	x12,x15,-445	 x15:0x00000000 x12=0xfffffe43
      55105.000 ns	      5509	8000121c	00402cb3	slt	x25,x0,x4	  x0:0x00000000  x4:0x00000000 x25=0x00000000
      55115.000 ns	      5510	80001220	7c719217	auipc	x4,0x7c719	  x4=0xfc71a220
      55155.000 ns	      5514	80001224	013778d3	fadd.s	f17,f14,f19	 f14:0x439c8000 f19:0x80000000 f17=0x439c8000
      55185.000 ns	      5517	80001228	c01c7053	fcvt.wu.s	x0,f24	 f24:0x00000001
      55215.000 ns	      5520	8000122c	28161053	fmax.s	f0,f12,f1	 f12:0x432f3d44  f1:0x7fc00000  f0=0x432f3d44
      55235.000 ns	      5522	80001230	86b64cb7	lui	x25,0x86b64	 x25=0x86b64000
      55255.000 ns	      5524	80001234	a17c89d3	fle.s	x19,f25,f23	 f25:0x00000001 f23:0x4f7ffffe x19=0x00000001
      55275.000 ns	      5526	80001238	f9d7b493	sltiu	x9,x15,-99	 x15:0x00000000  x9=0x00000001
      55295.000 ns	      5528	8000123c	a1ac0053	fle.s	x0,f24,f26	 f24:0x00000001 f26:0x2bcdc53a
      55325.000 ns	      5531	80001240	20090d53	fsgnj.s	f26,f18,f0	 f18:0x00000000  f0:0x432f3d44 f26=0x00000000
      55345.000 ns	      5533	80001244	422f3417	auipc	x8,0x422f3	  x8=0xc22f4244
      55365.000 ns	      5535	80001248	20510bd3	fsgnj.s	f23,f2,f5	  f2:0x7f800000  f5:0x80000000 f23=0xff800000
      55395.000 ns	      5538	8000124c	03972033	mulhsu	x0,x14,x25	 x14:0x00000000 x25:0x86b64000
      55415.000 ns	      5540	80001250	00ec1a93	slli	x21,x24,0xe	 x24:0x00000001 x21=0x00004000
      55425.000 ns	      5541	80001254	22aa3293	sltiu	x5,x20,554	 x20:0x00000000  x5=0x00000001
      55445.000 ns	      5543	80001258	21190853	fsgnj.s	f16,f18,f17	 f18:0x00000000 f17:0x439c8000 f16=0x00000000
      55465.000 ns	      5545	8000125c	01cb8d33	add	x26,x23,x28	 x23:0x00000000 x28:0x80041024 x26=0x80041024
      55485.000 ns	      5547	80001260	025abcb3	mulhu	x25,x21,x5	 x21:0x00004000  x5:0x00000001 x25=0x00000000
      55515.000 ns	      5550	80001264	02a42db3	mulhsu	x27,x8,x10	  x8:0xc22f4244 x10:0x00000000 x27=0x00000000
      55565.000 ns	      5555	80001268	083e8c53	fsub.s	f24,f29,f3	 f29:0xce7e0000  f3:0x00000001 f24=0xce7e0000
      55585.000 ns	      5557	8000126c	41af8db3	sub	x27,x31,x26	 x31:0x00000040 x26:0x80041024 x27=0x7ffbf01c
      55605.000 ns	      5559	80001270	e0079d53	fclass.s	x26,f15	 f15:0xff800000 x26=0x00000001
      55975.000 ns	      5596	80001274	024aeb33	rem	x22,x21,x4	 x21:0x00004000  x4:0xfc71a220 x22=0x00004000
      55995.000 ns	      5598	80001278	000b4eb3	xor	x29,x22,x0	 x22:0x00000000  x0:0x00000000 x29=0x00004000
      56005.000 ns	      5599	8000127c	01959bb3	sll	x23,x11,x25	 x11:0xf24b5688 x25:0x00000000 x23=0xf24b5688
      56015.000 ns	      5600	80001280	014692b3	sll	x5,x13,x20	 x13:0x9f7c0000 x20:0x00000000  x5=0x9f7c0000
      56035.000 ns	      5602	80001284	e00e91d3	fclass.s	x3,f29	 f29:0xce7e0000  x3=0x00000002
      56065.000 ns	      5605	80001288	29b58c53	fmin.s	f24,f11,f27	 f11:0x00000000 f27:0x00000001 f24=0x00000000
      56095.000 ns	      5608	8000128c	218b91d3	fsgnjn.s	f3,f23,f24	 f23:0xff800000 f24:0xce7e0000  f3=0xff800000
      56125.000 ns	      5611	80001290	e0039c53	fclass.s	x24,f7	  f7:0x7f800000 x24=0x00000080
      56165.000 ns	      5615	80001294	5803c953	fsqrt.s	f18,f7	  f7:0x7f800000 f18=0x7f800000
      56185.000 ns	      5617	80001298	011df2b3	and	x5,x27,x17	 x27:0x7ffbf01c x17:0x00000000  x5=0x00000000
      56205.000 ns	      5619	8000129c	d01345d3	fcvt.s.wu	f11,x6	  x6:0x00000000 f11=0x00000000
      56225.000 ns	      5621	800012a0	9fc88d13	addi	x26,x17,-1540	 x17:0x00000000 x26=0xfffff9fc
      56235.000 ns	      5622	800012a4	2afd8d13	addi	x26,x27,687	 x27:0x7ffbf01c x26=0x7ffbf2cb
      56265.000 ns	      5625	800012a8	1000b1d3	fmul.s	f3,f1,f0	  f1:0x7fc00000  f0:0x432f3d44  f3=0x7fc00000
      56295.000 ns	      5628	800012ac	f00d0fd3	fmv.w.x	f31,x26	 x26:0xfffff9fc f31=0x7ffbf2cb
      56325.000 ns	      5631	800012b0	f0098c53	fmv.w.x	f24,x19	 x19:0x00000001 f24=0x00000001
      56345.000 ns	      5633	800012b4	006a23b3	slt	x7,x20,x6	 x20:0x00000000  x6:0x00000000  x7=0x00000000
      56355.000 ns	      5634	800012b8	01fba1b3	slt	x3,x23,x31	 x23:0xf24b5688 x31:0x00000040  x3=0x00000001
      56365.000 ns	      5635	800012bc	01333233	sltu	x4,x6,x19	  x6:0x00000000 x19:0x00000001  x4=0x00000001
      56375.000 ns	      5636	800012c0	00d9c3b3	xor	x7,x19,x13	 x19:0x00000001 x13:0x9f7c0000  x7=0x9f7c0001
      56395.000 ns	      5638	800012c4	02ce27b3	mulhsu	x15,x28,x12	 x28:0x80041024 x12:0xfffffe43 x15=0x80041102
      56425.000 ns	      5641	800012c8	e00e0f53	fmv.x.w	x30,f28	 f28:0x8f326000 x30=0x8f326000
      56765.000 ns	      5675	800012cc	19824dd3	fdiv.s	f27,f4,f24	  f4:0xc0000000 f24:0x00000001 f27=0xfeb4b4b6
      56795.000 ns	      5678	800012d0	02a00833	mul	x16,x0,x10	  x0:0x00000000 x10:0x00000000 x16=0x00000000
      56815.000 ns	      5680	800012d4	6541e6b7	lui	x13,0x6541e	 x13=0x6541e000
      56835.000 ns	      5682	800012d8	e00181d3	fmv.x.w	x3,f3	  f3:0x7fc00000  x3=0x7fc00000
      56855.000 ns	      5684	800012dc	00cbccb3	xor	x25,x23,x12	 x23:0xf24b5688 x12:0xfffffe43 x25=0x0db4a8cb
      56865.000 ns	      5685	800012e0	00a7d693	srli	x13,x15,0xa	 x15:0x80041102 x13=0x00200104
      56905.000 ns	      5689	800012e4	00bf81d3	fadd.s	f3,f31,f11	 f31:0x7ffbf2cb f11:0x00000000  f3=0x7fc00000
      56935.000 ns	      5692	800012e8	025a54b3	divu	x9,x20,x5	 x20:0x00000000  x5:0x00000000  x9=0xffffffff
      56965.000 ns	      5695	800012ec	a13ca8d3	feq.s	x17,f25,f19	 f25:0x00000001 f19:0x80000000 x17=0x00000000
      56995.000 ns	      5698	800012f0	02360533	mul	x10,x12,x3	 x12:0xfffffe43  x3:0x7fc00000 x10=0xef400000
      57015.000 ns	      5700	800012f4	00000013	addi	x0,x0,0	  x0:0x00000000
      57025.000 ns	      5701	800012f8	00950333	add	x6,x10,x9	 x10:0xef400000  x9:0xffffffff  x6=0xef3fffff
      57045.000 ns	      5703	800012fc	c01e33d3	fcvt.wu.s	x7,f28	 f28:0x8f326000  x7=0x00000000
      57065.000 ns	      5705	80001300	c3c94d13	xori	x26,x18,-964	 x18:0x00000040 x26=0xfffffc7c
      57075.000 ns	      5706	80001304	fe8ec913	xori	x18,x29,-24	 x29:0x00004000 x18=0xffffbfe8
      57085.000 ns	      5707	80001308	01796233	or	x4,x18,x23	 x18:0x00000040 x23:0xf24b5688  x4=0xffffffe8
      57105.000 ns	      5709	8000130c	c0170b53	fcvt.wu.s	x22,f14	 f14:0x439c8000 x22=0x00000139
      57125.000 ns	      5711	80001310	00c0a233	slt	x4,x1,x12	  x1:0x00000000 x12:0xfffffe43  x4=0x00000000
      57135.000 ns	      5712	80001314	012696b3	sll	x13,x13,x18	 x13:0x00200104 x18:0xffffbfe8 x13=0x20010400
      57145.000 ns	      5713	80001318	c8e2fb13	andi	x22,x5,-882	  x5:0x00000000 x22=0x00000000
      57175.000 ns	      5716	8000131c	1074f7d3	fmul.s	f15,f9,f7	  f9:0x7f800000  f7:0x7f800000 f15=0x7f800000
      57205.000 ns	      5719	80001320	f0038ad3	fmv.w.x	f21,x7	  x7:0x00000000 f21=0x00000000
      57235.000 ns	      5722	80001324	a0e78c53	fle.s	x24,f15,f14	 f15:0x7f800000 f14:0x439c8000 x24=0x00000000
      57265.000 ns	      5725	80001328	20f9acd3	fsgnjx.s	f25,f19,f15	 f19:0x80000000 f15:0x7f800000 f25=0x80000000
      57295.000 ns	      5728	8000132c	02722d33	mulhsu	x26,x4,x7	  x4:0x00000000  x7:0x00000000 x26=0x00000000
      57315.000 ns	      5730	80001330	01a151b3	srl	x3,x2,x26	  x2:0x80040fe4 x26:0xfffffc7c  x3=0x80040fe4
      57335.000 ns	      5732	80001334	e00f1d53	fclass.s	x26,f30	 f30:0x40000000 x26=0x00000040
      57355.000 ns	      5734	80001338	c5cb2393	slti	x7,x22,-932	 x22:0x00000000  x7=0x00000000
      57375.000 ns	      5736	8000133c	294301d3	fmin.s	f3,f6,f20	  f6:0xff800000 f20:0x00000001  f3=0xff800000
      57395.000 ns	      5738	80001340	41c58c33	sub	x24,x11,x28	 x11:0xf24b5688 x28:0x80041024 x24=0x72474664
      57405.000 ns	      5739	80001344	002b9233	sll	x4,x23,x2	 x23:0xf24b5688  x2:0x80040fe4  x4=0x24b56880
      57765.000 ns	      5775	80001348	0228dfb3	divu	x31,x17,x2	 x17:0x00000000  x2:0x80040fe4 x31=0x00000000
      57795.000 ns	      5778	8000134c	e0058a53	fmv.x.w	x20,f11	 f11:0x00000000 x20=0x00000000
      57825.000 ns	      5781	80001350	a098ab53	feq.s	x22,f17,f9	 f17:0x439c8000  f9:0x7f800000 x22=0x00000000
      57855.000 ns	      5784	80001354	201785d3	fsgnj.s	f11,f15,f1	 f15:0x7f800000  f1:0x7fc00000 f11=0x7f800000
      57885.000 ns	      5787	80001358	03b1a833	mulhsu	x16,x3,x27	  x3:0x80040fe4 x27:0x7ffbf01c x16=0xc0040fd3
      57915.000 ns	      5790	8000135c	28b983d3	fmin.s	f7,f19,f11	 f19:0x80000000 f11:0x7f800000  f7=0x80000000
      57945.000 ns	      5793	80001360	d01c09d3	fcvt.s.wu	f19,x24	 x24:0x72474664 f19=0x4ee48e8d
      57975.000 ns	      5796	80001364	a1b809d3	fle.s	x19,f16,f27	 f16:0x00000000 f27:0xfeb4b4b6 x19=0x00000000
      59155.000 ns	      5914	80001368	58062bd3	fsqrt.s	f23,f12	 f12:0x432f3d44 f23=0x40f7d314
      59185.000 ns	      5917	8000136c	0247b9b3	mulhu	x19,x15,x4	 x15:0x80041102  x4:0x24b56880 x19=0x125b4985
      59215.000 ns	      5920	80001370	039a3d33	mulhu	x26,x20,x25	 x20:0x00000000 x25:0x0db4a8cb x26=0x00000000
      59235.000 ns	      5922	80001374	01ab5c33	srl	x24,x22,x26	 x22:0x00000000 x26:0x00000040 x24=0x00000000
      59245.000 ns	      5923	80001378	01077db3	and	x27,x14,x16	 x14:0x00000000 x16:0xc0040fd3 x27=0x00000000
      59265.000 ns	      5925	8000137c	02ef70b3	remu	x1,x30,x14	 x30:0x8f326000 x14:0x00000000  x1=0x8f326000
      59295.000 ns	      5928	80001380	02d127b3	mulhsu	x15,x2,x13	  x2:0x80040fe4 x13:0x20010400 x15=0xf0000000
      59325.000 ns	      5931	80001384	031e87b3	mul	x15,x29,x17	 x29:0x00004000 x17:0x00000000 x15=0x00000000
      59355.000 ns	      5934	80001388	202a8e53	fsgnj.s	f28,f21,f2	 f21:0x00000000  f2:0x7f800000 f28=0x00000000
      59375.000 ns	      5936	8000138c	02ba7d13	andi	x26,x20,43	 x20:0x00000000 x26=0x00000000
      59385.000 ns	      5937	80001390	00f18d33	add	x26,x3,x15	  x3:0x80040fe4 x15:0x00000000 x26=0x80040fe4
      59405.000 ns	      5939	80001394	030db0b3	mulhu	x1,x27,x16	 x27:0x00000000 x16:0xc0040fd3  x1=0x00000000
      59425.000 ns	      5941	80001398	69ddc617	auipc	x12,0x69ddc	 x12=0xe9ddd398
      59435.000 ns	      5942	8000139c	01fd7b33	and	x22,x26,x31	 x26:0x80040fe4 x31:0x00000000 x22=0x00000000
      59445.000 ns	      5943	800013a0	1057b913	sltiu	x18,x15,261	 x15:0x00000000 x18=0x00000001
      59455.000 ns	      5944	800013a4	00000013	addi	x0,x0,0	  x0:0x00000000
      59465.000 ns	      5945	800013a8	01105713	srli	x14,x0,0x11	  x0:0x00000000 x14=0x00000000
      59475.000 ns	      5946	800013ac	41735a13	srai	x20,x6,0x17	  x6:0xef3fffff x20=0xffffffde
      59495.000 ns	      5948	800013b0	030e8eb3	mul	x29,x29,x16	 x29:0x00004000 x16:0xc0040fd3 x29=0x03f4c000
      59515.000 ns	      5950	800013b4	019656b3	srl	x13,x12,x25	 x12:0xe9ddd398 x25:0x0db4a8cb x13=0x001d3bba
      59545.000 ns	      5953	800013b8	11a1f553	fmul.s	f10,f3,f26	  f3:0xff800000 f26:0x00000000 f10=0x7fc00000
      59565.000 ns	      5955	800013bc	40e90f33	sub	x30,x18,x14	 x18:0x00000001 x14:0x00000000 x30=0x00000001
      59925.000 ns	      5991	800013c0	03347233	remu	x4,x8,x19	  x8:0xc22f4244 x19:0x125b4985  x4=0x0a9e6312
      59945.000 ns	      5993	800013c4	0151db13	srli	x22,x3,0x15	  x3:0x80040fe4 x22=0x00000400
      59985.000 ns	      5997	800013c8	09969ad3	fsub.s	f21,f13,f25	 f13:0x3f800000 f25:0x80000000 f21=0x3f800000
      60005.000 ns	      5999	800013cc	002b4833	xor	x16,x22,x2	 x22:0x00000000  x2:0x80040fe4 x16=0x80040be4
      60015.000 ns	      6000	800013d0	403d5b33	sra	x22,x26,x3	 x26:0x80040fe4  x3:0x80040fe4 x22=0xf80040fe
      60025.000 ns	      6001	800013d4	01909613	slli	x12,x1,0x19	  x1:0x00000000 x12=0x00000000
      60045.000 ns	      6003	800013d8	f00586d3	fmv.w.x	f13,x11	 x11:0xf24b5688 f13=0xf24b5688
      60065.000 ns	      6005	800013dc	00000013	addi	x0,x0,0	  x0:0x00000000
      60105.000 ns	      6009	800013e0	097eb253	fsub.s	f4,f29,f23	 f29:0xce7e0000 f23:0x40f7d314  f4=0xce7e0000
      60145.000 ns	      6013	800013e4	58049653	fsqrt.s	f12,f9	  f9:0x7f800000 f12=0x7f800000
      60165.000 ns	      6015	800013e8	00000013	addi	x0,x0,0	  x0:0x00000000
      60175.000 ns	      6016	800013ec	cface093	ori	x1,x25,-774	 x25:0x0db4a8cb  x1=0xfffffcfb
      60185.000 ns	      6017	800013f0	00825993	srli	x19,x4,0x8	  x4:0x0a9e6312 x19=0x000a9e63
      60205.000 ns	      6019	800013f4	a03084d3	fle.s	x9,f1,f3	  f1:0x7fc00000  f3:0xff800000  x9=0x00000000
      60225.000 ns	      6021	800013f8	45742613	slti	x12,x8,1111	  x8:0xc22f4244 x12=0x00000001
      60245.000 ns	      6023	800013fc	a0d4a553	feq.s	x10,f9,f13	  f9:0x7f800000 f13:0xf24b5688 x10=0x00000000
      60285.000 ns	      6027	80001400	19044dd3	fdiv.s	f27,f8,f16	  f8:0x7fc00000 f16:0x00000000 f27=0x7fc00000
      60305.000 ns	      6029	80001404	00d23633	sltu	x12,x4,x13	  x4:0x0a9e6312 x13:0x001d3bba x12=0x00000000
      60325.000 ns	      6031	80001408	0240bdb3	mulhu	x27,x1,x4	  x1:0xfffffcfb  x4:0x0a9e6312 x27=0x0a9e62f1
      60355.000 ns	      6034	8000140c	a1d20f53	fle.s	x30,f4,f29	  f4:0xce7e0000 f29:0xce7e0000 x30=0x00000001
      60385.000 ns	      6037	80001410	29e70a53	fmin.s	f20,f14,f30	 f14:0x439c8000 f30:0x40000000 f20=0x40000000
      60425.000 ns	      6041	80001414	1181c4d3	fmul.s	f9,f3,f24	  f3:0xff800000 f24:0x00000001  f9=0xff800000
      60445.000 ns	      6043	80001418	00fadd33	srl	x26,x21,x15	 x21:0x00004000 x15:0x00000000 x26=0x00004000
      60465.000 ns	      6045	8000141c	20290553	fsgnj.s	f10,f18,f2	 f18:0x7f800000  f2:0x7f800000 f10=0x7f800000
      60495.000 ns	      6048	80001420	c01fc1d3	fcvt.wu.s	x3,f31	 f31:0x7ffbf2cb  x3=0xffffffff
      60515.000 ns	      6050	80001424	f1e68313	addi	x6,x13,-226	 x13:0x001d3bba  x6=0x001d3ad8
      60535.000 ns	      6052	80001428	298394d3	fmax.s	f9,f7,f24	  f7:0x80000000 f24:0x00000001  f9=0x00000001
      60565.000 ns	      6055	8000142c	205e2253	fsgnjx.s	f4,f28,f5	 f28:0x00000000  f5:0x80000000  f4=0x80000000
      60585.000 ns	      6057	80001430	0f0d58b7	lui	x17,0xf0d5	 x17=0x0f0d5000
      60595.000 ns	      6058	80001434	c881e793	ori	x15,x3,-888	  x3:0xffffffff x15=0xffffffff
      60615.000 ns	      6060	80001438	f0040d53	fmv.w.x	f26,x8	  x8:0xc22f4244 f26=0xc22f4244
      60645.000 ns	      6063	8000143c	02450433	mul	x8,x10,x4	 x10:0x00000000  x4:0x0a9e6312  x8=0x00000000
      60665.000 ns	      6065	80001440	4010df93	srai	x31,x1,0x1	  x1:0xfffffcfb x31=0xfffffe7d
      60675.000 ns	      6066	80001444	a3c6bf13	sltiu	x30,x13,-1476	 x13:0x001d3bba x30=0x00000001
      60695.000 ns	      6068	80001448	d00904d3	fcvt.s.w	f9,x18	 x18:0x00000001  f9=0x3f800000
      60725.000 ns	      6071	8000144c	a0a29d53	flt.s	x26,f5,f10	  f5:0x80000000 f10:0x7f800000 x26=0x00000001
      60755.000 ns	      6074	80001450	c01ea8d3	fcvt.wu.s	x17,f29	 f29:0xce7e0000 x17=0x3f800000
      60775.000 ns	      6076	80001454	41d65b93	srai	x23,x12,0x1d	 x12:0x00000000 x23=0x00000000
      60795.000 ns	      6078	80001458	c00dbbd3	fcvt.w.s	x23,f27	 f27:0x7fc00000 x23=0x7fffffff
      60825.000 ns	      6081	8000145c	f00c8e53	fmv.w.x	f28,x25	 x25:0x0db4a8cb f28=0x0db4a8cb
      61195.000 ns	      6118	80001460	03ede733	rem	x14,x27,x30	 x27:0x0a9e62f1 x30:0x00000001 x14=0x00000000
      61225.000 ns	      6121	80001464	d0187bd3	fcvt.s.wu	f23,x16	 x16:0x80040be4 f23=0x4f00040b
      61245.000 ns	      6123	80001468	01d2cc33	xor	x24,x5,x29	  x5:0x00000000 x29:0x03f4c000 x24=0x03f4c000
      61255.000 ns	      6124	8000146c	408f5793	srai	x15,x30,0x8	 x30:0x00000001 x15=0x00000000
      61275.000 ns	      6126	80001470	a1bf0253	fle.s	x4,f30,f27	 f30:0x40000000 f27:0x7fc00000  x4=0x00000000
      61305.000 ns	      6129	80001474	02ccb233	mulhu	x4,x25,x12	 x25:0x0db4a8cb x12:0x00000000  x4=0x00000000
      61325.000 ns	      6131	80001478	a01f4213	xori	x4,x30,-1535	 x30:0x00000001  x4=0xfffffa00
      61345.000 ns	      6133	8000147c	c0044f53	fcvt.w.s	x30,f8	  f8:0x7fc00000 x30=0x7fffffff
      61375.000 ns	      6136	80001480	a1271053	flt.s	x0,f14,f18	 f14:0x439c8000 f18:0x7f800000
      61405.000 ns	      6139	80001484	a0670dd3	fle.s	x27,f14,f6	 f14:0x439c8000  f6:0xff800000 x27=0x00000000
      61425.000 ns	      6141	80001488	001b5793	srli	x15,x22,0x1	 x22:0xf80040fe x15=0x7c00207f
      61785.000 ns	      6177	8000148c	036c5633	divu	x12,x24,x22	 x24:0x03f4c000 x22:0xf80040fe x12=0x00000000
      61815.000 ns	      6180	80001490	0358a2b3	mulhsu	x5,x17,x21	 x17:0x3f800000 x21:0x00004000  x5=0x00000fe0
      61845.000 ns	      6183	80001494	e00e8453	fmv.x.w	x8,f29	 f29:0xce7e0000  x8=0xce7e0000
      62215.000 ns	      6220	80001498	031ccc33	div	x24,x25,x17	 x25:0x0db4a8cb x17:0x3f800000 x24=0x00000000
      62235.000 ns	      6222	8000149c	a62da613	slti	x12,x27,-1438	 x27:0x00000000 x12=0x00000000
      62255.000 ns	      6224	800014a0	213486d3	fsgnj.s	f13,f9,f19	  f9:0x3f800000 f19:0x4ee48e8d f13=0x3f800000
      62275.000 ns	      6226	800014a4	3d04af13	slti	x30,x9,976	  x9:0x00000000 x30=0x00000001
      62285.000 ns	      6227	800014a8	01ce2bb3	slt	x23,x28,x28	 x28:0x80041024 x28:0x80041024 x23=0x00000000
      62295.000 ns	      6228	800014ac	0079ef33	or	x30,x19,x7	 x19:0x000a9e63  x7:0x00000000 x30=0x000a9e63
      62315.000 ns	      6230	800014b0	e00a0d53	fmv.x.w	x26,f20	 f20:0x40000000 x26=0x40000000
      62365.000 ns	      6235	800014b4	085f8f53	fsub.s	f30,f31,f5	 f31:0x7ffbf2cb  f5:0x80000000 f30=0x7fc00000
      62385.000 ns	      6237	800014b8	bee66813	ori	x16,x12,-1042	 x12:0x00000000 x16=0xfffffbee
      62395.000 ns	      6238	800014bc	00566a33	or	x20,x12,x5	 x12:0x00000000  x5:0x00000fe0 x20=0x00000fe0
      62405.000 ns	      6239	800014c0	22936d13	ori	x26,x6,553	  x6:0x001d3ad8 x26=0x001d3af9
      62425.000 ns	      6241	800014c4	02b8a9b3	mulhsu	x19,x17,x11	 x17:0x3f800000 x11:0xf24b5688 x19=0x3c19aff6
      62455.000 ns	      6244	800014c8	025e88b3	mul	x17,x29,x5	 x29:0x03f4c000  x5:0x00000fe0 x17=0xcd680000
      62505.000 ns	      6249	800014cc	0824c053	fsub.s	f0,f9,f2	  f9:0x3f800000  f2:0x7f800000  f0=0xff800000
      62525.000 ns	      6251	800014d0	a55f8e93	addi	x29,x31,-1451	 x31:0xfffffe7d x29=0xfffff8d2
      62555.000 ns	      6254	800014d4	580f7dd3	fsqrt.s	f27,f30	 f30:0x7fc00000 f27=0x7fc00000
      62575.000 ns	      6256	800014d8	01585693	srli	x13,x16,0x15	 x16:0xfffffbee x13=0x000007ff
      62585.000 ns	      6257	800014dc	011b6233	or	x4,x22,x17	 x22:0xf80040fe x17:0xcd680000  x4=0xfd6840fe
      62595.000 ns	      6258	800014e0	9dfae913	ori	x18,x21,-1569	 x21:0x00004000 x18=0xfffff9df
      62615.000 ns	      6260	800014e4	02119c33	mulh	x24,x3,x1	  x3:0xffffffff  x1:0xfffffcfb x24=0x00000000
      62635.000 ns	      6262	800014e8	211168b7	lui	x17,0x21116	 x17=0x21116000
      62645.000 ns	      6263	800014ec	00000013	addi	x0,x0,0	  x0:0x00000000
      62665.000 ns	      6265	800014f0	206ba6d3	fsgnjx.s	f13,f23,f6	 f23:0x4f00040b  f6:0xff800000 f13=0xcf00040b
      62685.000 ns	      6267	800014f4	5328eb13	ori	x22,x17,1330	 x17:0x21116000 x22=0x21116532
      62695.000 ns	      6268	800014f8	8b642313	slti	x6,x8,-1866	  x8:0xce7e0000  x6=0x00000001
      62715.000 ns	      6270	800014fc	216d2ad3	fsgnjx.s	f21,f26,f22	 f26:0xc22f4244 f22:0x00000000 f21=0xc22f4244
      62735.000 ns	      6272	80001500	cf3a18b7	lui	x17,0xcf3a1	 x17=0xcf3a1000
      62745.000 ns	      6273	80001504	b4576193	ori	x3,x14,-1211	 x14:0x00000000  x3=0xfffffb45
      62755.000 ns	      6274	80001508	67f20417	auipc	x8,0x67f20	  x8=0xe7f21508
      62765.000 ns	      6275	8000150c	01dc29b3	slt	x19,x24,x29	 x24:0x00000000 x29:0xfffff8d2 x19=0x00000000
      62785.000 ns	      6277	80001510	a1002c53	feq.s	x24,f0,f16	  f0:0xff800000 f16:0x00000000 x24=0x00000000
      62815.000 ns	      6280	80001514	d0157c53	fcvt.s.wu	f24,x10	 x10:0x00000000 f24=0x00000000
      62835.000 ns	      6282	80001518	00217bb3	and	x23,x2,x2	  x2:0x80040fe4  x2:0x80040fe4 x23=0x80040fe4
      62845.000 ns	      6283	8000151c	000c1a13	slli	x20,x24,0x0	 x24:0x00000000 x20=0x00000000
      62855.000 ns	      6284	80001520	018e06b3	add	x13,x28,x24	 x28:0x80041024 x24:0x00000000 x13=0x80041024
      62875.000 ns	      6286	80001524	02808fb3	mul	x31,x1,x8	  x1:0xfffffcfb  x8:0xe7f21508 x31=0xa2067ed8
      62905.000 ns	      6289	80001528	28358e53	fmin.s	f28,f11,f3	 f11:0x7f800000  f3:0xff800000 f28=0xff800000
      62935.000 ns	      6292	8000152c	e00f1753	fclass.s	x14,f30	 f30:0x7fc00000 x14=0x00000200
      62965.000 ns	      6295	80001530	f00989d3	fmv.w.x	f19,x19	 x19:0x00000000 f19=0x00000000
      62985.000 ns	      6297	80001534	fca69797	auipc	x15,0xfca69	 x15=0x7ca6a534
      63025.000 ns	      6301	80001538	0884a4d3	fsub.s	f9,f9,f8	  f9:0x3f800000  f8:0x7fc00000  f9=0x7fc00000
      63075.000 ns	      6306	8000153c	09d34d53	fsub.s	f26,f6,f29	  f6:0xff800000 f29:0xce7e0000 f26=0xff800000
      63105.000 ns	      6309	80001540	c01521d3	fcvt.wu.s	x3,f10	 f10:0x7f800000  x3=0xffffffff
      63475.000 ns	      6346	80001544	03e75eb3	divu	x29,x14,x30	 x14:0x00000200 x30:0x000a9e63 x29=0x00000000
      63845.000 ns	      6383	80001548	03277a33	remu	x20,x14,x18	 x14:0x00000200 x18:0xfffff9df x20=0x00000200
      64215.000 ns	      6420	8000154c	02d274b3	remu	x9,x4,x13	  x4:0xfd6840fe x13:0x80041024  x9=0x7d6430da
      64245.000 ns	      6423	80001550	d0077c53	fcvt.s.w	f24,x14	 x14:0x00000200 f24=0x44000000
      64265.000 ns	      6425	80001554	c89bc893	xori	x17,x23,-887	 x23:0x80040fe4 x17=0x7ffbf36d
      64275.000 ns	      6426	80001558	412bd1b3	sra	x3,x23,x18	 x23:0x80040fe4 x18:0xfffff9df  x3=0xffffffff
      64295.000 ns	      6428	8000155c	28cf0953	fmin.s	f18,f30,f12	 f30:0x7fc00000 f12:0x7f800000 f18=0x7f800000
      64325.000 ns	      6431	80001560	a09d11d3	flt.s	x3,f26,f9	 f26:0xff800000  f9:0x7fc00000  x3=0x00000000
      64345.000 ns	      6433	80001564	00000013	addi	x0,x0,0	  x0:0x00000000
      64355.000 ns	      6434	80001568	00382033	slt	x0,x16,x3	 x16:0xfffffbee  x3:0x00000000
      64715.000 ns	      6470	8000156c	02e9e433	rem	x8,x19,x14	 x19:0x00000000 x14:0x00000200  x8=0x00000000
      64735.000 ns	      6472	80001570	b6bd8513	addi	x10,x27,-1173	 x27:0x00000000 x10=0xfffffb6b
      64755.000 ns	      6474	80001574	03b4d033	divu	x0,x9,x27	  x9:0x7d6430da x27:0x00000000
      64775.000 ns	      6476	80001578	b997cd13	xori	x26,x15,-1127	 x15:0x7ca6a534 x26=0x83595ead
      64785.000 ns	      6477	8000157c	40fa59b3	sra	x19,x20,x15	 x20:0x00000200 x15:0x7ca6a534 x19=0x00000000
      64795.000 ns	      6478	80001580	017d1f13	slli	x30,x26,0x17	 x26:0x001d3af9 x30=0x56800000
      64805.000 ns	      6479	80001584	41afdcb3	sra	x25,x31,x26	 x31:0xa2067ed8 x26:0x83595ead x25=0xfffd1033
      64815.000 ns	      6480	80001588	002041b3	xor	x3,x0,x2	  x0:0x00000000  x2:0x80040fe4  x3=0x80040fe4
      64835.000 ns	      6482	8000158c	208612d3	fsgnjn.s	f5,f12,f8	 f12:0x7f800000  f8:0x7fc00000  f5=0xff800000
      64855.000 ns	      6484	80001590	013e4333	xor	x6,x28,x19	 x28:0x80041024 x19:0x00000000  x6=0x80041024
      64865.000 ns	      6485	80001594	00425b13	srli	x22,x4,0x4	  x4:0xfd6840fe x22=0x0fd6840f
      64905.000 ns	      6489	80001598	08f90dd3	fsub.s	f27,f18,f15	 f18:0x7f800000 f15:0x7f800000 f27=0x80000000
      64945.000 ns	      6493	8000159c	189cf153	fdiv.s	f2,f25,f9	 f25:0x80000000  f9:0x7fc00000  f2=0x7fc00000
      64975.000 ns	      6496	800015a0	e0041953	fclass.s	x18,f8	  f8:0x7fc00000 x18=0x00000200
      65005.000 ns	      6499	800015a4	a0368cd3	fle.s	x25,f13,f3	 f13:0xcf00040b  f3:0xff800000 x25=0x00000000
      65375.000 ns	      6536	800015a8	02117433	remu	x8,x2,x1	  x2:0x80040fe4  x1:0xfffffcfb  x8=0x80040fe4
      65405.000 ns	      6539	800015ac	28e88853	fmin.s	f16,f17,f14	 f17:0x439c8000 f14:0x439c8000 f16=0x439c8000
      65435.000 ns	      6542	800015b0	21412453	fsgnjx.s	f8,f2,f20	  f2:0x7fc00000 f20:0x40000000  f8=0x7fc00000
      65465.000 ns	      6545	800015b4	c00744d3	fcvt.w.s	x9,f14	 f14:0x439c8000  x9=0x00000139
      65485.000 ns	      6547	800015b8	0177bb33	sltu	x22,x15,x23	 x15:0x7ca6a534 x23:0x80040fe4 x22=0x00000001
      65505.000 ns	      6549	800015bc	c007f953	fcvt.w.s	x18,f15	 f15:0x7f800000 x18=0x7fffffff
      65535.000 ns	      6552	800015c0	e0011253	fclass.s	x4,f2	  f2:0x7fc00000  x4=0x00000200
      65565.000 ns	      6555	800015c4	03572633	mulhsu	x12,x14,x21	 x14:0x00000200 x21:0x00004000 x12=0x00000000
      65605.000 ns	      6559	800015c8	580f4753	fsqrt.s	f14,f30	 f30:0x7fc00000 f14=0x7fc00000
      65625.000 ns	      6561	800015cc	357aff13	andi	x30,x21,855	 x21:0x00004000 x30=0x00000000
      65635.000 ns	      6562	800015d0	400c88b3	sub	x17,x25,x0	 x25:0x00000000  x0:0x00000000 x17=0x00000000
      65645.000 ns	      6563	800015d4	00ad7233	and	x4,x26,x10	 x26:0x83595ead x10:0xfffffb6b  x4=0x83595a29
      65675.000 ns	      6566	800015d8	101cf0d3	fmul.s	f1,f25,f1	 f25:0x80000000  f1:0x7fc00000  f1=0x7fc00000
      66045.000 ns	      6603	800015dc	03c07bb3	remu	x23,x0,x28	  x0:0x00000000 x28:0x80041024 x23=0x00000000
      66085.000 ns	      6607	800015e0	19bbf0d3	fdiv.s	f1,f23,f27	 f23:0x4f00040b f27:0x80000000  f1=0xff800000
      66115.000 ns	      6610	800015e4	21929ad3	fsgnjn.s	f21,f5,f25	  f5:0xff800000 f25:0x80000000 f21=0x7f800000
      66135.000 ns	      6612	800015e8	01bc3eb3	sltu	x29,x24,x27	 x24:0x00000000 x27:0x00000000 x29=0x00000000
      66145.000 ns	      6613	800015ec	7bc4c013	xori	x0,x9,1980	  x9:0x00000139
      66155.000 ns	      6614	800015f0	00739d13	slli	x26,x7,0x7	  x7:0x00000000 x26=0x00000000
      66165.000 ns	      6615	800015f4	265bb913	sltiu	x18,x23,613	 x23:0x00000000 x18=0x00000001
      66175.000 ns	      6616	800015f8	00000013	addi	x0,x0,0	  x0:0x00000000
      66195.000 ns	      6618	800015fc	0384da33	divu	x20,x9,x24	  x9:0x00000139 x24:0x00000000 x20=0xffffffff
      66225.000 ns	      6621	80001600	e00f04d3	fmv.x.w	x9,f30	 f30:0x7fc00000  x9=0x7fc00000
      66245.000 ns	      6623	80001604	01ab7a33	and	x20,x22,x26	 x22:0x00000001 x26:0x00000000 x20=0x00000000
      66255.000 ns	      6624	80001608	002d1193	slli	x3,x26,0x2	 x26:0x00000000  x3=0x00000000
      66275.000 ns	      6626	8000160c	207f8f53	fsgnj.s	f30,f31,f7	 f31:0x7ffbf2cb  f7:0x80000000 f30=0xfffbf2cb
      66305.000 ns	      6629	80001610	03892d33	mulhsu	x26,x18,x24	 x18:0x00000001 x24:0x00000000 x26=0x00000000
      66335.000 ns	      6632	80001614	21580753	fsgnj.s	f14,f16,f21	 f16:0x439c8000 f21:0x7f800000 f14=0x439c8000
      66375.000 ns	      6636	80001618	18994bd3	fdiv.s	f23,f18,f9	 f18:0x7f800000  f9:0x7fc00000 f23=0x7fc00000
      66745.000 ns	      6673	8000161c	029e72b3	remu	x5,x28,x9	 x28:0x80041024  x9:0x7fc00000  x5=0x00441024
      66765.000 ns	      6675	80001620	0098c0b3	xor	x1,x17,x9	 x17:0x00000000  x9:0x7fc00000  x1=0x7fc00000
      66805.000 ns	      6679	80001624	086484d3	fsub.s	f9,f9,f6	  f9:0x7fc00000  f6:0xff800000  f9=0x7fc00000
      66835.000 ns	      6682	80001628	217e9bd3	fsgnjn.s	f23,f29,f23	 f29:0xce7e0000 f23:0x7fc00000 f23=0xce7e0000
      66865.000 ns	      6685	8000162c	c0007853	fcvt.w.s	x16,f0	  f0:0xff800000 x16=0x80000000
      66885.000 ns	      6687	80001630	00551a13	slli	x20,x10,0x5	 x10:0xfffffb6b x20=0xffff6d60
      66905.000 ns	      6689	80001634	e00911d3	fclass.s	x3,f18	 f18:0x7f800000  x3=0x00000080
      66925.000 ns	      6691	80001638	43e2cb13	xori	x22,x5,1086	  x5:0x00441024 x22=0x0044141a
      66935.000 ns	      6692	8000163c	338b8393	addi	x7,x23,824	 x23:0x00000000  x7=0x00000338
      67295.000 ns	      6728	80001640	0276f2b3	remu	x5,x13,x7	 x13:0x80041024  x7:0x00000000  x5=0x00000204
      67325.000 ns	      6731	80001644	294a9553	fmax.s	f10,f21,f20	 f21:0x7f800000 f20:0x40000000 f10=0x7f800000
      67345.000 ns	      6733	80001648	00000013	addi	x0,x0,0	  x0:0x00000000
      67355.000 ns	      6734	8000164c	00000013	addi	x0,x0,0	  x0:0x00000000
      67715.000 ns	      6770	80001650	025ae933	rem	x18,x21,x5	 x21:0x00004000  x5:0x00000204 x18=0x00000184
      67745.000 ns	      6773	80001654	02c503b3	mul	x7,x10,x12	 x10:0xfffffb6b x12:0x00000000  x7=0x00000000
      67795.000 ns	      6778	80001658	09cc17d3	fsub.s	f15,f24,f28	 f24:0x44000000 f28:0xff800000 f15=0x7f800000
      67835.000 ns	      6782	8000165c	580dc1d3	fsqrt.s	f3,f27	 f27:0x80000000  f3=0x80000000
      67865.000 ns	      6785	80001660	21b826d3	fsgnjx.s	f13,f16,f27	 f16:0x439c8000 f27:0x80000000 f13=0xc39c8000
      67895.000 ns	      6788	80001664	a14f0c53	fle.s	x24,f30,f20	 f30:0xfffbf2cb f20:0x40000000 x24=0x00000000
      68265.000 ns	      6825	80001668	026df4b3	remu	x9,x27,x6	 x27:0x00000000  x6:0x80041024  x9=0x00000000
      68285.000 ns	      6827	8000166c	0006adb3	slt	x27,x13,x0	 x13:0x80041024  x0:0x00000000 x27=0x00000001
      68305.000 ns	      6829	80001670	a1000dd3	fle.s	x27,f0,f16	  f0:0xff800000 f16:0x439c8000 x27=0x00000001
      68345.000 ns	      6833	80001674	580a9ed3	fsqrt.s	f29,f21	 f21:0x7f800000 f29=0x7f800000
      68365.000 ns	      6835	80001678	8e0de793	ori	x15,x27,-1824	 x27:0x00000001 x15=0xfffff8e1
      68385.000 ns	      6837	8000167c	e00398d3	fclass.s	x17,f7	  f7:0x80000000 x17=0x00000008
      68415.000 ns	      6840	80001680	a1e093d3	flt.s	x7,f1,f30	  f1:0xff800000 f30:0xfffbf2cb  x7=0x00000000
      68435.000 ns	      6842	80001684	00572db3	slt	x27,x14,x5	 x14:0x00000200  x5:0x00000204 x27=0x00000001
      68455.000 ns	      6844	80001688	f00e82d3	fmv.w.x	f5,x29	 x29:0x00000000  f5=0x00000000
      68495.000 ns	      6848	8000168c	190ffb53	fdiv.s	f22,f31,f16	 f31:0x7ffbf2cb f16:0x439c8000 f22=0x7fc00000
      68525.000 ns	      6851	80001690	20cc2cd3	fsgnjx.s	f25,f24,f12	 f24:0x44000000 f12:0x7f800000 f25=0x44000000
      68545.000 ns	      6853	80001694	01f46233	or	x4,x8,x31	  x8:0x80040fe4 x31:0xa2067ed8  x4=0xa2067ffc
      68565.000 ns	      6855	80001698	29701553	fmax.s	f10,f0,f23	  f0:0xff800000 f23:0xce7e0000 f10=0xce7e0000
      68585.000 ns	      6857	8000169c	24d26693	ori	x13,x4,589	  x4:0x83595a29 x13=0xa2067ffd
      68945.000 ns	      6893	800016a0	022772b3	remu	x5,x14,x2	 x14:0x00000200  x2:0x80040fe4  x5=0x00000200
      68965.000 ns	      6895	800016a4	40210eb3	sub	x29,x2,x2	  x2:0x80040fe4  x2:0x80040fe4 x29=0x00000000
      68985.000 ns	      6897	800016a8	21c69853	fsgnjn.s	f16,f13,f28	 f13:0xc39c8000 f28:0xff800000 f16=0x439c8000
      70165.000 ns	      7015	800016ac	580c9f53	fsqrt.s	f30,f25	 f25:0x44000000 f30=0x41350482
      70195.000 ns	      7018	800016b0	281e04d3	fmin.s	f9,f28,f1	 f28:0xff800000  f1:0xff800000  f9=0xff800000
      70215.000 ns	      7020	800016b4	015ad3b3	srl	x7,x21,x21	 x21:0x00004000 x21:0x00004000  x7=0x00004000
      70225.000 ns	      7021	800016b8	011d62b3	or	x5,x26,x17	 x26:0x00000000 x17:0x00000008  x5=0x00000008
      70255.000 ns	      7024	800016bc	19d47f53	fdiv.s	f30,f8,f29	  f8:0x7fc00000 f29:0x7f800000 f30=0x7fc00000
      70285.000 ns	      7027	800016c0	216d1353	fsgnjn.s	f6,f26,f22	 f26:0xff800000 f22:0x7fc00000  f6=0xff800000
      70315.000 ns	      7030	800016c4	03ebefb3	rem	x31,x23,x30	 x23:0x00000000 x30:0x00000000 x31=0x00000000
      70335.000 ns	      7032	800016c8	e1ad4b93	xori	x23,x26,-486	 x26:0x00000000 x23=0xfffffe1a
      70345.000 ns	      7033	800016cc	40370c13	addi	x24,x14,1027	 x14:0x00000200 x24=0x00000603
      70365.000 ns	      7035	800016d0	c010fad3	fcvt.wu.s	x21,f1	  f1:0xff800000 x21=0x00000000
      70735.000 ns	      7072	800016d4	021458b3	divu	x17,x8,x1	  x8:0x80040fe4  x1:0x7fc00000 x17=0x00000001
      70775.000 ns	      7076	800016d8	18567dd3	fdiv.s	f27,f12,f5	 f12:0x7f800000  f5:0x00000000 f27=0x7f800000
      70795.000 ns	      7078	800016dc	23cb8a13	addi	x20,x23,572	 x23:0xfffffe1a x20=0x00000056
      70815.000 ns	      7080	800016e0	03559b33	mulh	x22,x11,x21	 x11:0xf24b5688 x21:0x00000000 x22=0x00000000
      71185.000 ns	      7117	800016e4	02efec33	rem	x24,x31,x14	 x31:0x00000000 x14:0x00000200 x24=0x00000000
      71215.000 ns	      7120	800016e8	e0050053	fmv.x.w	x0,f10	 f10:0xce7e0000
      71265.000 ns	      7125	800016ec	00343ed3	fadd.s	f29,f8,f3	  f8:0x7fc00000  f3:0x80000000 f29=0x7fc00000
      71295.000 ns	      7128	800016f0	03a08233	mul	x4,x1,x26	  x1:0x7fc00000 x26:0x00000000  x4=0x00000000
      71325.000 ns	      7131	800016f4	21710bd3	fsgnj.s	f23,f2,f23	  f2:0x7fc00000 f23:0xce7e0000 f23=0xffc00000
      71355.000 ns	      7134	800016f8	02e5b2b3	mulhu	x5,x11,x14	 x11:0xf24b5688 x14:0x00000200  x5=0x000001e4
      71395.000 ns	      7138	800016fc	183491d3	fdiv.s	f3,f9,f3	  f9:0xff800000  f3:0x80000000  f3=0x7f800000
      71435.000 ns	      7142	80001700	5804f8d3	fsqrt.s	f17,f9	  f9:0xff800000 f17=0x7fc00000
      71465.000 ns	      7145	80001704	c01e7a53	fcvt.wu.s	x20,f28	 f28:0xff800000 x20=0x00000000
      71495.000 ns	      7148	80001708	281e85d3	fmin.s	f11,f29,f1	 f29:0x7fc00000  f1:0xff800000 f11=0xff800000
      71515.000 ns	      7150	8000170c	4030d9b3	sra	x19,x1,x3	  x1:0x7fc00000  x3:0x00000080 x19=0x7fc00000
      71525.000 ns	      7151	80001710	00e0c033	xor	x0,x1,x14	  x1:0x7fc00000 x14:0x00000200
      71545.000 ns	      7153	80001714	03d11433	mulh	x8,x2,x29	  x2:0x80040fe4 x29:0x00000000  x8=0x00000000
      71565.000 ns	      7155	80001718	00fd5193	srli	x3,x26,0xf	 x26:0x00000000  x3=0x00000000
      71925.000 ns	      7191	8000171c	0373da33	divu	x20,x7,x23	  x7:0x00004000 x23:0xfffffe1a x20=0x00000000
      71955.000 ns	      7194	80001720	d0117e53	fcvt.s.wu	f28,x2	  x2:0x80040fe4 f28=0x4f00040f
      71985.000 ns	      7197	80001724	02335cb3	divu	x25,x6,x3	  x6:0x80041024  x3:0x00000000 x25=0xffffffff
      72015.000 ns	      7200	80001728	0200c0b3	div	x1,x1,x0	  x1:0x7fc00000  x0:0x00000000  x1=0xffffffff
      72035.000 ns	      7202	8000172c	007f9db3	sll	x27,x31,x7	 x31:0x00000000  x7:0x00004000 x27=0x00000000
      72395.000 ns	      7238	80001730	030d5cb3	divu	x25,x26,x16	 x26:0x00000000 x16:0x80000000 x25=0x00000000
      72415.000 ns	      7240	80001734	539b46b7	lui	x13,0x539b4	 x13=0x539b4000
      72425.000 ns	      7241	80001738	018886b3	add	x13,x17,x24	 x17:0x00000001 x24:0x00000000 x13=0x00000001
      72465.000 ns	      7245	8000173c	0122c153	fadd.s	f2,f5,f18	  f5:0x00000000 f18:0x7f800000  f2=0x7f800000
      72505.000 ns	      7249	80001740	11897653	fmul.s	f12,f18,f24	 f18:0x7f800000 f24:0x44000000 f12=0x7f800000
      72535.000 ns	      7252	80001744	a0b72753	feq.s	x14,f14,f11	 f14:0x439c8000 f11:0xff800000 x14=0x00000000
      72555.000 ns	      7254	80001748	83a20313	addi	x6,x4,-1990	  x4:0x00000000  x6=0xfffff83a
      72575.000 ns	      7256	8000174c	28d80053	fmin.s	f0,f16,f13	 f16:0x439c8000 f13:0xc39c8000  f0=0xc39c8000
      72605.000 ns	      7259	80001750	a07a0453	fle.s	x8,f20,f7	 f20:0x40000000  f7:0x80000000  x8=0x00000000
      72625.000 ns	      7261	80001754	1e99c393	xori	x7,x19,489	 x19:0x7fc00000  x7=0x7fc001e9
      72645.000 ns	      7263	80001758	d0007553	fcvt.s.w	f10,x0	  x0:0x00000000 f10=0x00000000
      72675.000 ns	      7266	8000175c	f00d0b53	fmv.w.x	f22,x26	 x26:0x00000000 f22=0x00000000
      72695.000 ns	      7268	80001760	f37b3393	sltiu	x7,x22,-201	 x22:0x00000000  x7=0x00000001
      72725.000 ns	      7271	80001764	100e73d3	fmul.s	f7,f28,f0	 f28:0x4f00040f  f0:0xc39c8000  f7=0xd31c84f6
      72755.000 ns	      7274	80001768	0384eeb3	rem	x29,x9,x24	  x9:0x00000000 x24:0x00000000 x29=0x00000000
      72785.000 ns	      7277	8000176c	03a4c1b3	div	x3,x9,x26	  x9:0x00000000 x26:0x00000000  x3=0xffffffff
      72815.000 ns	      7280	80001770	c014f353	fcvt.wu.s	x6,f9	  f9:0xff800000  x6=0x00000000
      72835.000 ns	      7282	80001774	b9f08493	addi	x9,x1,-1121	  x1:0xffffffff  x9=0xfffffb9e
      72855.000 ns	      7284	80001778	d013bed3	fcvt.s.wu	f29,x7	  x7:0x00000001 f29=0x3f800000
      72875.000 ns	      7286	8000177c	01c2a8b3	slt	x17,x5,x28	  x5:0x000001e4 x28:0x80041024 x17=0x00000000
      72895.000 ns	      7288	80001780	d00a3553	fcvt.s.w	f10,x20	 x20:0x00000000 f10=0x00000000
      72935.000 ns	      7292	80001784	197af553	fdiv.s	f10,f21,f23	 f21:0x7f800000 f23:0xffc00000 f10=0x7fc00000
      72955.000 ns	      7294	80001788	0191a633	slt	x12,x3,x25	  x3:0xffffffff x25:0x00000000 x12=0x00000001
      72975.000 ns	      7296	8000178c	c011fb53	fcvt.wu.s	x22,f3	  f3:0x7f800000 x22=0xffffffff
      72995.000 ns	      7298	80001790	41475713	srai	x14,x14,0x14	 x14:0x00000000 x14=0x00000000
      73355.000 ns	      7334	80001794	02d9eeb3	rem	x29,x19,x13	 x19:0x7fc00000 x13:0x00000001 x29=0x00000000
      73725.000 ns	      7371	80001798	0301e0b3	rem	x1,x3,x16	  x3:0xffffffff x16:0x80000000  x1=0xffffffff
      73745.000 ns	      7373	8000179c	017caeb3	slt	x29,x25,x23	 x25:0x00000000 x23:0xfffffe1a x29=0x00000000
      73755.000 ns	      7374	800017a0	e130e913	ori	x18,x1,-493	  x1:0xffffffff x18=0xffffffff
      73775.000 ns	      7376	800017a4	20ea2153	fsgnjx.s	f2,f20,f14	 f20:0x40000000 f14:0x439c8000  f2=0x40000000
      73815.000 ns	      7380	800017a8	5807f453	fsqrt.s	f8,f15	 f15:0x7f800000  f8=0x7f800000
      73835.000 ns	      7382	800017ac	01aa7f33	and	x30,x20,x26	 x20:0x00000000 x26:0x00000000 x30=0x00000000
      73845.000 ns	      7383	800017b0	15838497	auipc	x9,0x15838	  x9=0x958397b0
      73855.000 ns	      7384	800017b4	667fd037	lui	x0,0x667fd	
      73875.000 ns	      7386	800017b8	e00e8353	fmv.x.w	x6,f29	 f29:0x3f800000  x6=0x3f800000
      73905.000 ns	      7389	800017bc	02e06033	rem	x0,x0,x14	  x0:0x00000000 x14:0x00000000
      73925.000 ns	      7391	800017c0	00311093	slli	x1,x2,0x3	  x2:0x80040fe4  x1=0x00207f20
      73935.000 ns	      7392	800017c4	01ecccb3	xor	x25,x25,x30	 x25:0x00000000 x30:0x00000000 x25=0x00000000
      73975.000 ns	      7396	800017c8	00cfa8d3	fadd.s	f17,f31,f12	 f31:0x7ffbf2cb f12:0x7f800000 f17=0x7fc00000
      74005.000 ns	      7399	800017cc	02181bb3	mulh	x23,x16,x1	 x16:0x80000000  x1:0x00207f20 x23=0xffefc070
      74025.000 ns	      7401	800017d0	00177bb3	and	x23,x14,x1	 x14:0x00000000  x1:0x00207f20 x23=0x00000000
      74045.000 ns	      7403	800017d4	020720b3	mulhsu	x1,x14,x0	 x14:0x00000000  x0:0x00000000  x1=0x00000000
      74075.000 ns	      7406	800017d8	f0058653	fmv.w.x	f12,x11	 x11:0xf24b5688 f12=0xf24b5688
      74105.000 ns	      7409	800017dc	03238533	mul	x10,x7,x18	  x7:0x00000001 x18:0xffffffff x10=0xffffffff
      74145.000 ns	      7413	800017e0	19c1ced3	fdiv.s	f29,f3,f28	  f3:0x7f800000 f28:0x4f00040f f29=0x7f800000
      74175.000 ns	      7416	800017e4	035df533	remu	x10,x27,x21	 x27:0x00000000 x21:0x00000000 x10=0x00000000
      74205.000 ns	      7419	800017e8	03780433	mul	x8,x16,x23	 x16:0x80000000 x23:0x00000000  x8=0x00000000
      74235.000 ns	      7422	800017ec	297c0cd3	fmin.s	f25,f24,f23	 f24:0x44000000 f23:0xffc00000 f25=0x44000000
      74255.000 ns	      7424	800017f0	41c85f13	srai	x30,x16,0x1c	 x16:0x80000000 x30=0xfffffff8
      74285.000 ns	      7427	800017f4	10a7f5d3	fmul.s	f11,f15,f10	 f15:0x7f800000 f10:0x7fc00000 f11=0x7fc00000
      74305.000 ns	      7429	800017f8	0b47cf13	xori	x30,x15,180	 x15:0xfffff8e1 x30=0xfffff855
      74315.000 ns	      7430	800017fc	0042aeb3	slt	x29,x5,x4	  x5:0x000001e4  x4:0x00000000 x29=0x00000000
      74325.000 ns	      7431	80001800	009d4333	xor	x6,x26,x9	 x26:0x00000000  x9:0x958397b0  x6=0x958397b0
      74335.000 ns	      7432	80001804	00726933	or	x18,x4,x7	  x4:0x00000000  x7:0x00000001 x18=0x00000001
      74345.000 ns	      7433	80001808	01538cb3	add	x25,x7,x21	  x7:0x00000001 x21:0x00000000 x25=0x00000001
      74355.000 ns	      7434	8000180c	77e33a93	sltiu	x21,x6,1918	  x6:0x958397b0 x21=0x00000000
      74365.000 ns	      7435	80001810	00175333	srl	x6,x14,x1	 x14:0x00000000  x1:0x00000000  x6=0x00000000
      74375.000 ns	      7436	80001814	000ab933	sltu	x18,x21,x0	 x21:0x00000000  x0:0x00000000 x18=0x00000000
      74395.000 ns	      7438	80001818	02b23633	mulhu	x12,x4,x11	  x4:0x00000000 x11:0xf24b5688 x12=0x00000000
      74415.000 ns	      7440	8000181c	00a9e933	or	x18,x19,x10	 x19:0x7fc00000 x10:0x00000000 x18=0x7fc00000
      74425.000 ns	      7441	80001820	66a32713	slti	x14,x6,1642	  x6:0x00000000 x14=0x00000001
      74445.000 ns	      7443	80001824	21f31a53	fsgnjn.s	f20,f6,f31	  f6:0xff800000 f31:0x7ffbf2cb f20=0xff800000
      74465.000 ns	      7445	80001828	00000013	addi	x0,x0,0	  x0:0x00000000
      74475.000 ns	      7446	8000182c	0182bfb3	sltu	x31,x5,x24	  x5:0x000001e4 x24:0x00000000 x31=0x00000000
      74485.000 ns	      7447	80001830	017f5293	srli	x5,x30,0x17	 x30:0xfffff855  x5=0x000001ff
      74505.000 ns	      7449	80001834	281c0e53	fmin.s	f28,f24,f1	 f24:0x44000000  f1:0xff800000 f28=0xff800000
      74535.000 ns	      7452	80001838	a02ba353	feq.s	x6,f23,f2	 f23:0xffc00000  f2:0x40000000  x6=0x00000000
      74565.000 ns	      7455	8000183c	037ca533	mulhsu	x10,x25,x23	 x25:0x00000001 x23:0x00000000 x10=0x00000000
      74585.000 ns	      7457	80001840	01037f33	and	x30,x6,x16	  x6:0x00000000 x16:0x80000000 x30=0x00000000
      74605.000 ns	      7459	80001844	02042933	mulhsu	x18,x8,x0	  x8:0x00000000  x0:0x00000000 x18=0x00000000
      74625.000 ns	      7461	80001848	016482b3	add	x5,x9,x22	  x9:0x958397b0 x22:0xffffffff  x5=0x958397af
      74655.000 ns	      7464	8000184c	1928f9d3	fdiv.s	f19,f17,f18	 f17:0x7fc00000 f18:0x7f800000 f19=0x7fc00000
      74675.000 ns	      7466	80001850	80d7e413	ori	x8,x15,-2035	 x15:0xfffff8e1  x8=0xfffff8ed
      74695.000 ns	      7468	80001854	a0de0ed3	fle.s	x29,f28,f13	 f28:0xff800000 f13:0xc39c8000 x29=0x00000001
      74725.000 ns	      7471	80001858	f00c8f53	fmv.w.x	f30,x25	 x25:0x00000001 f30=0x00000001
      74755.000 ns	      7474	8000185c	204709d3	fsgnj.s	f19,f14,f4	 f14:0x439c8000  f4:0x80000000 f19=0xc39c8000
      74775.000 ns	      7476	80001860	41ef5313	srai	x6,x30,0x1e	 x30:0x00000000  x6=0x00000000
      74785.000 ns	      7477	80001864	00ffb833	sltu	x16,x31,x15	 x31:0x00000000 x15:0xfffff8e1 x16=0x00000001
      74805.000 ns	      7479	80001868	03ac2233	mulhsu	x4,x24,x26	 x24:0x00000000 x26:0x00000000  x4=0x00000000
      74835.000 ns	      7482	8000186c	f0068b53	fmv.w.x	f22,x13	 x13:0x00000001 f22=0x00000001
      74865.000 ns	      7485	80001870	03f11eb3	mulh	x29,x2,x31	  x2:0x80040fe4 x31:0x00000000 x29=0x00000000
      74895.000 ns	      7488	80001874	03c38b33	mul	x22,x7,x28	  x7:0x00000001 x28:0x80041024 x22=0x80041024
      74915.000 ns	      7490	80001878	4006d293	srai	x5,x13,0x0	 x13:0x00000001  x5=0x00000001
      74945.000 ns	      7493	8000187c	580a7cd3	fsqrt.s	f25,f20	 f20:0xff800000 f25=0x7fc00000
      74965.000 ns	      7495	80001880	68d60013	addi	x0,x12,1677	 x12:0x00000000
      75325.000 ns	      7531	80001884	03c3cfb3	div	x31,x7,x28	  x7:0x00000001 x28:0x80041024 x31=0x00000000
      75345.000 ns	      7533	80001888	e85bd1b7	lui	x3,0xe85bd	  x3=0xe85bd000
      75365.000 ns	      7535	8000188c	e00c1553	fclass.s	x10,f24	 f24:0x44000000 x10=0x00000040
      75385.000 ns	      7537	80001890	00000013	addi	x0,x0,0	  x0:0x00000000
      75405.000 ns	      7539	80001894	c00d1f53	fcvt.w.s	x30,f26	 f26:0xff800000 x30=0x80000000
      75425.000 ns	      7541	80001898	4e41c293	xori	x5,x3,1252	  x3:0xe85bd000  x5=0xe85bd4e4
      75445.000 ns	      7543	8000189c	d019fb53	fcvt.s.wu	f22,x19	 x19:0x7fc00000 f22=0x4eff8000
      75465.000 ns	      7545	800018a0	12c7e297	auipc	x5,0x12c7e	  x5=0x92c7f8a0
      75485.000 ns	      7547	800018a4	026180b3	mul	x1,x3,x6	  x3:0xe85bd000  x6:0x00000000  x1=0x00000000
      75515.000 ns	      7550	800018a8	a0972ad3	feq.s	x21,f14,f9	 f14:0x439c8000  f9:0xff800000 x21=0x00000000
      75535.000 ns	      7552	800018ac	00000013	addi	x0,x0,0	  x0:0x00000000
      75545.000 ns	      7553	800018b0	004d0cb3	add	x25,x26,x4	 x26:0x00000000  x4:0x00000000 x25=0x00000000
      75555.000 ns	      7554	800018b4	e08eaa93	slti	x21,x29,-504	 x29:0x00000000 x21=0x00000000
      75565.000 ns	      7555	800018b8	41c483b3	sub	x7,x9,x28	  x9:0x958397b0 x28:0x80041024  x7=0x157f878c
      75575.000 ns	      7556	800018bc	56cb0a17	auipc	x20,0x56cb0	 x20=0xd6cb18bc
      75585.000 ns	      7557	800018c0	01659513	slli	x10,x11,0x16	 x11:0xf24b5688 x10=0xa2000000
      75595.000 ns	      7558	800018c4	4060d813	srai	x16,x1,0x6	  x1:0x00000000 x16=0x00000000
      75605.000 ns	      7559	800018c8	c94c2813	slti	x16,x24,-876	 x24:0x00000000 x16=0x00000000
      75625.000 ns	      7561	800018cc	03adecb3	rem	x25,x27,x26	 x27:0x00000000 x26:0x00000000 x25=0x00000000
      75655.000 ns	      7564	800018d0	200a1b53	fsgnjn.s	f22,f20,f0	 f20:0xff800000  f0:0xc39c8000 f22=0x7f800000
      75685.000 ns	      7567	800018d4	c016b553	fcvt.wu.s	x10,f13	 f13:0xc39c8000 x10=0x00000139
      75705.000 ns	      7569	800018d8	017bc8b3	xor	x17,x23,x23	 x23:0x00000000 x23:0x00000000 x17=0x00000000
      75725.000 ns	      7571	800018dc	e00a92d3	fclass.s	x5,f21	 f21:0x7f800000  x5=0x00000080
      75745.000 ns	      7573	800018e0	17dfc093	xori	x1,x31,381	 x31:0x00000000  x1=0x0000017d
      75755.000 ns	      7574	800018e4	01b174b3	and	x9,x2,x27	  x2:0x80040fe4 x27:0x00000000  x9=0x00000000
      75785.000 ns	      7577	800018e8	18f5f7d3	fdiv.s	f15,f11,f15	 f11:0x7fc00000 f15:0x7f800000 f15=0x7fc00000
      75805.000 ns	      7579	800018ec	2f762813	slti	x16,x12,759	 x12:0x00000000 x16=0x00000001
      75835.000 ns	      7582	800018f0	58069fd3	fsqrt.s	f31,f13	 f13:0xc39c8000 f31=0x7fc00000
      76175.000 ns	      7616	800018f4	19064753	fdiv.s	f14,f12,f16	 f12:0xf24b5688 f16:0x439c8000 f14=0xee1fd289
      76195.000 ns	      7618	800018f8	ffbb3a17	auipc	x20,0xffbb3	 x20=0x7fbb48f8
      76205.000 ns	      7619	800018fc	00fee3b3	or	x7,x29,x15	 x29:0x00000000 x15:0xfffff8e1  x7=0xfffff8e1
      76565.000 ns	      7655	80001900	03eadf33	divu	x30,x21,x30	 x21:0x00000000 x30:0x80000000 x30=0x00000000
      76595.000 ns	      7658	80001904	21af9c53	fsgnjn.s	f24,f31,f26	 f31:0x7fc00000 f26:0xff800000 f24=0x7fc00000
      76625.000 ns	      7661	80001908	a13292d3	flt.s	x5,f5,f19	  f5:0x00000000 f19:0xc39c8000  x5=0x00000000
      76655.000 ns	      7664	8000190c	a1d02853	feq.s	x16,f0,f29	  f0:0xc39c8000 f29:0x7f800000 x16=0x00000000
      76685.000 ns	      7667	80001910	032874b3	remu	x9,x16,x18	 x16:0x00000001 x18:0x00000000  x9=0x00000000
      76715.000 ns	      7670	80001914	020383b3	mul	x7,x7,x0	  x7:0xfffff8e1  x0:0x00000000  x7=0x00000000
      76735.000 ns	      7672	80001918	00a443b3	xor	x7,x8,x10	  x8:0xfffff8ed x10:0x00000139  x7=0xfffff9d4
      76745.000 ns	      7673	8000191c	9b7f4193	xori	x3,x30,-1609	 x30:0x00000000  x3=0xfffff9b7
      76765.000 ns	      7675	80001920	d01eb253	fcvt.s.wu	f4,x29	 x29:0x00000000  f4=0x00000000
      76785.000 ns	      7677	80001924	002c4eb3	xor	x29,x24,x2	 x24:0x00000000  x2:0x80040fe4 x29=0x80040fe4
      76795.000 ns	      7678	80001928	76e4eb93	ori	x23,x9,1902	  x9:0x00000000 x23=0x0000076e
      77155.000 ns	      7714	8000192c	03604433	div	x8,x0,x22	  x0:0x00000000 x22:0x80041024  x8=0x00000000
      77185.000 ns	      7717	80001930	035098b3	mulh	x17,x1,x21	  x1:0x0000017d x21:0x00000000 x17=0x00000000
      77555.000 ns	      7754	80001934	037b7333	remu	x6,x22,x23	 x22:0x80041024 x23:0x0000076e  x6=0x00000070
      77605.000 ns	      7759	80001938	08c3af53	fsub.s	f30,f7,f12	  f7:0xd31c84f6 f12:0xf24b5688 f30=0x724b5688
      77635.000 ns	      7762	8000193c	02bb36b3	mulhu	x13,x22,x11	 x22:0x80041024 x11:0xf24b5688 x13=0x792983b8
      77655.000 ns	      7764	80001940	01770833	add	x16,x14,x23	 x14:0x00000001 x23:0x0000076e x16=0x0000076f
      77675.000 ns	      7766	80001944	f00b0053	fmv.w.x	f0,x22	 x22:0x80041024  f0=0x80041024
      78045.000 ns	      7803	80001948	021b6d33	rem	x26,x22,x1	 x22:0x80041024  x1:0x0000017d x26=0xffffffcd
      78065.000 ns	      7805	8000194c	01699793	slli	x15,x19,0x16	 x19:0x7fc00000 x15=0x00000000
      78085.000 ns	      7807	80001950	02871b33	mulh	x22,x14,x8	 x14:0x00000001  x8:0x00000000 x22=0x00000000
      78115.000 ns	      7810	80001954	03068c33	mul	x24,x13,x16	 x13:0x792983b8 x16:0x0000076f x24=0xab9a24c8
      78135.000 ns	      7812	80001958	01ca2bb3	slt	x23,x20,x28	 x20:0x7fbb48f8 x28:0x80041024 x23=0x00000000
      78165.000 ns	      7815	8000195c	580e7ad3	fsqrt.s	f21,f28	 f28:0xff800000 f21=0x7fc00000
      78185.000 ns	      7817	80001960	4c594913	xori	x18,x18,1221	 x18:0x00000000 x18=0x000004c5
      78195.000 ns	      7818	80001964	4f9f2b13	slti	x22,x30,1273	 x30:0x00000000 x22=0x00000001
      78215.000 ns	      7820	80001968	a0f6a0d3	feq.s	x1,f13,f15	 f13:0xc39c8000 f15:0x7fc00000  x1=0x00000000
      78235.000 ns	      7822	8000196c	f4100013	addi	x0,x0,-191	  x0:0x00000000
      78245.000 ns	      7823	80001970	01f1b533	sltu	x10,x3,x31	  x3:0xfffff9b7 x31:0x00000000 x10=0x00000000
      78255.000 ns	      7824	80001974	1b45e713	ori	x14,x11,436	 x11:0xf24b5688 x14=0xf24b57bc
      78275.000 ns	      7826	80001978	e0070453	fmv.x.w	x8,f14	 f14:0xee1fd289  x8=0xee1fd289
      78295.000 ns	      7828	8000197c	a99ccd13	xori	x26,x25,-1383	 x25:0x00000000 x26=0xfffffa99
      78305.000 ns	      7829	80001980	00000013	addi	x0,x0,0	  x0:0x00000000
      78325.000 ns	      7831	80001984	c00e7ad3	fcvt.w.s	x21,f28	 f28:0xff800000 x21=0x80000000
      78695.000 ns	      7868	80001988	02715d33	divu	x26,x2,x7	  x2:0x80040fe4  x7:0xfffff9d4 x26=0x00000000
      78715.000 ns	      7870	8000198c	b894c613	xori	x12,x9,-1143	  x9:0x00000000 x12=0xfffffb89
      78735.000 ns	      7872	80001990	29b89f53	fmax.s	f30,f17,f27	 f17:0x7fc00000 f27:0x7f800000 f30=0x7f800000
      78755.000 ns	      7874	80001994	7c252613	slti	x12,x10,1986	 x10:0x00000000 x12=0x00000001
      78765.000 ns	      7875	80001998	01353233	sltu	x4,x10,x19	 x10:0x00000000 x19:0x7fc00000  x4=0x00000001
      78775.000 ns	      7876	8000199c	01fda9b3	slt	x19,x27,x31	 x27:0x00000000 x31:0x00000000 x19=0x00000000
      78795.000 ns	      7878	800019a0	034439b3	mulhu	x19,x8,x20	  x8:0xee1fd289 x20:0x7fbb48f8 x19=0x76cffe90
      78815.000 ns	      7880	800019a4	001a9293	slli	x5,x21,0x1	 x21:0x80000000  x5=0x00000000
      78835.000 ns	      7882	800019a8	022db633	mulhu	x12,x27,x2	 x27:0x00000000  x2:0x80040fe4 x12=0x00000000
      79205.000 ns	      7919	800019ac	030ee933	rem	x18,x29,x16	 x29:0x80040fe4 x16:0x0000076f x18=0xfffff998
      79225.000 ns	      7921	800019b0	007cde93	srli	x29,x25,0x7	 x25:0x00000000 x29=0x00000000
      79235.000 ns	      7922	800019b4	512f2a13	slti	x20,x30,1298	 x30:0x00000000 x20=0x00000001
      79245.000 ns	      7923	800019b8	f3c6c713	xori	x14,x13,-196	 x13:0x792983b8 x14=0x86d67c84
      79255.000 ns	      7924	800019bc	8a58cf37	lui	x30,0x8a58c	 x30=0x8a58c000
      79265.000 ns	      7925	800019c0	0068d9b3	srl	x19,x17,x6	 x17:0x00000000  x6:0x00000070 x19=0x00000000
      79275.000 ns	      7926	800019c4	99b06693	ori	x13,x0,-1637	  x0:0x00000000 x13=0xfffff99b
      79285.000 ns	      7927	800019c8	40b7d413	srai	x8,x15,0xb	 x15:0x00000000  x8=0x00000000
      79305.000 ns	      7929	800019cc	037dafb3	mulhsu	x31,x27,x23	 x27:0x00000000 x23:0x00000000 x31=0x00000000
      79325.000 ns	      7931	800019d0	000cda93	srli	x21,x25,0x0	 x25:0x00000000 x21=0x00000000
      79345.000 ns	      7933	800019d4	035120b3	mulhsu	x1,x2,x21	  x2:0x80040fe4 x21:0x80000000  x1=0x00000000
      79365.000 ns	      7935	800019d8	010953b3	srl	x7,x18,x16	 x18:0xfffff998 x16:0x0000076f  x7=0x0001ffff
      79375.000 ns	      7936	800019dc	0117b233	sltu	x4,x15,x17	 x15:0x00000000 x17:0x00000000  x4=0x00000000
      79395.000 ns	      7938	800019e0	20220553	fsgnj.s	f10,f4,f2	  f4:0x00000000  f2:0x40000000 f10=0x00000000
      79425.000 ns	      7941	800019e4	03a7a733	mulhsu	x14,x15,x26	 x15:0x00000000 x26:0x00000000 x14=0x00000000
      79455.000 ns	      7944	800019e8	a11b2253	feq.s	x4,f22,f17	 f22:0x7f800000 f17:0x7fc00000  x4=0x00000000
      79475.000 ns	      7946	800019ec	76311237	lui	x4,0x76311	  x4=0x76311000
      79835.000 ns	      7982	800019f0	0329e6b3	rem	x13,x19,x18	 x19:0x00000000 x18:0xfffff998 x13=0x00000000
      79865.000 ns	      7985	800019f4	294e8953	fmin.s	f18,f29,f20	 f29:0x7f800000 f20:0xff800000 f18=0xff800000
      79895.000 ns	      7988	800019f8	28c38dd3	fmin.s	f27,f7,f12	  f7:0xd31c84f6 f12:0xf24b5688 f27=0xf24b5688
      79915.000 ns	      7990	800019fc	0023f033	and	x0,x7,x2	  x7:0x0001ffff  x2:0x80040fe4
      79935.000 ns	      7992	80001a00	d0003353	fcvt.s.w	f6,x0	  x0:0x00000000  f6=0x00000000
      79975.000 ns	      7996	80001a04	115b98d3	fmul.s	f17,f23,f21	 f23:0xffc00000 f21:0x7fc00000 f17=0x7fc00000
      80005.000 ns	      7999	80001a08	d01f02d3	fcvt.s.wu	f5,x30	 x30:0x8a58c000  f5=0x4f0a58c0
      80035.000 ns	      8002	80001a0c	c00f7cd3	fcvt.w.s	x25,f30	 f30:0x7f800000 x25=0x7fffffff
      80055.000 ns	      8004	80001a10	01a296b3	sll	x13,x5,x26	  x5:0x00000000 x26:0x00000000 x13=0x00000000
      80065.000 ns	      8005	80001a14	01a688b3	add	x17,x13,x26	 x13:0x00000000 x26:0x00000000 x17=0x00000000
      80075.000 ns	      8006	80001a18	90238993	addi	x19,x7,-1790	  x7:0x0001ffff x19=0x0001f901
      80085.000 ns	      8007	80001a1c	54f06393	ori	x7,x0,1359	  x0:0x00000000  x7=0x0000054f
      80105.000 ns	      8009	80001a20	02e932b3	mulhu	x5,x18,x14	 x18:0xfffff998 x14:0x00000000  x5=0x00000000
      80135.000 ns	      8012	80001a24	c011b753	fcvt.wu.s	x14,f3	  f3:0x7f800000 x14=0xffffffff
      80165.000 ns	      8015	80001a28	f00f83d3	fmv.w.x	f7,x31	 x31:0x00000000  f7=0x00000000
      80185.000 ns	      8017	80001a2c	e2c74893	xori	x17,x14,-468	 x14:0xffffffff x17=0x000001d3
      80205.000 ns	      8019	80001a30	29e91553	fmax.s	f10,f18,f30	 f18:0xff800000 f30:0x7f800000 f10=0x7f800000
      80575.000 ns	      8056	80001a34	033bc3b3	div	x7,x23,x19	 x23:0x00000000 x19:0x0001f901  x7=0x00000000
      80605.000 ns	      8059	80001a38	a0932d53	feq.s	x26,f6,f9	  f6:0x00000000  f9:0xff800000 x26=0x00000000
      80635.000 ns	      8062	80001a3c	0274f3b3	remu	x7,x9,x7	  x9:0x00000000  x7:0x00000000  x7=0x00000000
      80655.000 ns	      8064	80001a40	009c0fb3	add	x31,x24,x9	 x24:0xab9a24c8  x9:0x00000000 x31=0xab9a24c8
      80675.000 ns	      8066	80001a44	02de40b3	div	x1,x28,x13	 x28:0x80041024 x13:0x00000000  x1=0xffffffff
      80705.000 ns	      8069	80001a48	28840ed3	fmin.s	f29,f8,f8	  f8:0x7f800000  f8:0x7f800000 f29=0x7f800000
      80735.000 ns	      8072	80001a4c	a110a253	feq.s	x4,f1,f17	  f1:0xff800000 f17:0x7fc00000  x4=0x00000000
      80755.000 ns	      8074	80001a50	dfffd3b7	lui	x7,0xdfffd	  x7=0xdfffd000
      80765.000 ns	      8075	80001a54	008ef033	and	x0,x29,x8	 x29:0x00000000  x8:0x00000000
      80795.000 ns	      8078	80001a58	19f87bd3	fdiv.s	f23,f16,f31	 f16:0x439c8000 f31:0x7fc00000 f23=0x7fc00000
      80815.000 ns	      8080	80001a5c	b5290b13	addi	x22,x18,-1198	 x18:0xfffff998 x22=0xfffff4ea
      80835.000 ns	      8082	80001a60	d013fc53	fcvt.s.wu	f24,x7	  x7:0xdfffd000 f24=0x4f5fffd0
      80865.000 ns	      8085	80001a64	03179cb3	mulh	x25,x15,x17	 x15:0x00000000 x17:0x000001d3 x25=0x00000000
      80885.000 ns	      8087	80001a68	00c95eb3	srl	x29,x18,x12	 x18:0xfffff998 x12:0x00000000 x29=0xfffff998
      80905.000 ns	      8089	80001a6c	d0137453	fcvt.s.wu	f8,x6	  x6:0x00000070  f8=0x42e00000
      80925.000 ns	      8091	80001a70	001cdb93	srli	x23,x25,0x1	 x25:0x00000000 x23=0x00000000
      80945.000 ns	      8093	80001a74	21c227d3	fsgnjx.s	f15,f4,f28	  f4:0x00000000 f28:0xff800000 f15=0x80000000
      80965.000 ns	      8095	80001a78	013f06b3	add	x13,x30,x19	 x30:0x8a58c000 x19:0x0001f901 x13=0x8a5ab901
      80975.000 ns	      8096	80001a7c	00c7c2b3	xor	x5,x15,x12	 x15:0x00000000 x12:0x00000000  x5=0x00000000
      80985.000 ns	      8097	80001a80	01e79993	slli	x19,x15,0x1e	 x15:0x00000000 x19=0x00000000
      82155.000 ns	      8214	80001a84	580175d3	fsqrt.s	f11,f2	  f2:0x40000000 f11=0x3f350482
      82175.000 ns	      8216	80001a88	0147dd13	srli	x26,x15,0x14	 x15:0x00000000 x26=0x00000000
      82195.000 ns	      8218	80001a8c	a1e6a6d3	feq.s	x13,f13,f30	 f13:0xc39c8000 f30:0x7f800000 x13=0x00000000
      82225.000 ns	      8221	80001a90	02aa2a33	mulhsu	x20,x20,x10	 x20:0x00000001 x10:0x00000000 x20=0x00000000
      82275.000 ns	      8226	80001a94	0804f153	fsub.s	f2,f9,f0	  f9:0xff800000  f0:0x80041024  f2=0xff800000
      82295.000 ns	      8228	80001a98	6694c813	xori	x16,x9,1641	  x9:0x00000000 x16=0x00000669
      82305.000 ns	      8229	80001a9c	00000013	addi	x0,x0,0	  x0:0x00000000
      82325.000 ns	      8231	80001aa0	02772fb3	mulhsu	x31,x14,x7	 x14:0xffffffff  x7:0xdfffd000 x31=0xffffffff
      82355.000 ns	      8234	80001aa4	d01979d3	fcvt.s.wu	f19,x18	 x18:0xfffff998 f19=0x4f7ffff9
      82375.000 ns	      8236	80001aa8	9ebd8217	auipc	x4,0x9ebd8	  x4=0x1ebd9aa8
      82395.000 ns	      8238	80001aac	03868fb3	mul	x31,x13,x24	 x13:0x00000000 x24:0xab9a24c8 x31=0x00000000
      82425.000 ns	      8241	80001ab0	03201ab3	mulh	x21,x0,x18	  x0:0x00000000 x18:0xfffff998 x21=0x00000000
      82455.000 ns	      8244	80001ab4	c0023a53	fcvt.w.s	x20,f4	  f4:0x00000000 x20=0x00000000
      82475.000 ns	      8246	80001ab8	018cfcb3	and	x25,x25,x24	 x25:0x00000000 x24:0xab9a24c8 x25=0x00000000
      82495.000 ns	      8248	80001abc	d004f9d3	fcvt.s.w	f19,x9	  x9:0x00000000 f19=0x00000000
      82525.000 ns	      8251	80001ac0	28939f53	fmax.s	f30,f7,f9	  f7:0x00000000  f9:0xff800000 f30=0x00000000
      82545.000 ns	      8253	80001ac4	41acdc13	srai	x24,x25,0x1a	 x25:0x00000000 x24=0x00000000
      82555.000 ns	      8254	80001ac8	007f7b33	and	x22,x30,x7	 x30:0x8a58c000  x7:0xdfffd000 x22=0x8a58c000
      82565.000 ns	      8255	80001acc	f39884b7	lui	x9,0xf3988	  x9=0xf3988000
      82575.000 ns	      8256	80001ad0	b068af13	slti	x30,x17,-1274	 x17:0x000001d3 x30=0x00000000
      82595.000 ns	      8258	80001ad4	a0479053	flt.s	x0,f15,f4	 f15:0x80000000  f4:0x00000000
      82635.000 ns	      8262	80001ad8	5808fcd3	fsqrt.s	f25,f17	 f17:0x7fc00000 f25=0x7fc00000
      82665.000 ns	      8265	80001adc	c002f653	fcvt.w.s	x12,f5	  f5:0x4f0a58c0 x12=0x7fffffff
      82685.000 ns	      8267	80001ae0	00c3dcb3	srl	x25,x7,x12	  x7:0xdfffd000 x12:0x00000000 x25=0x00000001
      82705.000 ns	      8269	80001ae4	02240bb3	mul	x23,x8,x2	  x8:0x00000000  x2:0x80040fe4 x23=0x00000000
      82725.000 ns	      8271	80001ae8	01996333	or	x6,x18,x25	 x18:0xfffff998 x25:0x00000000  x6=0xfffff999
      82735.000 ns	      8272	80001aec	0156d513	srli	x10,x13,0x15	 x13:0x00000000 x10=0x00000000
      82755.000 ns	      8274	80001af0	03458ab3	mul	x21,x11,x20	 x11:0xf24b5688 x20:0x00000000 x21=0x00000000
      82785.000 ns	      8277	80001af4	e0001f53	fclass.s	x30,f0	  f0:0x80041024 x30=0x00000004
      82805.000 ns	      8279	80001af8	00000013	addi	x0,x0,0	  x0:0x00000000
      82815.000 ns	      8280	80001afc	00000013	addi	x0,x0,0	  x0:0x00000000
      82825.000 ns	      8281	80001b00	01d59513	slli	x10,x11,0x1d	 x11:0xf24b5688 x10=0x00000000
      82865.000 ns	      8285	80001b04	00b6f2d3	fadd.s	f5,f13,f11	 f13:0xc39c8000 f11:0x3f350482  f5=0xc39c257d
      82895.000 ns	      8288	80001b08	c001f9d3	fcvt.w.s	x19,f3	  f3:0x7f800000 x19=0x7fffffff
      82915.000 ns	      8290	80001b0c	21da8c13	addi	x24,x21,541	 x21:0x00000000 x24=0x0000021d
      82955.000 ns	      8294	80001b10	01821953	fadd.s	f18,f4,f24	  f4:0x00000000 f24:0x4f5fffd0 f18=0x4f5fffd0
      82985.000 ns	      8297	80001b14	29de91d3	fmax.s	f3,f29,f29	 f29:0x7f800000 f29:0x7f800000  f3=0x7f800000
      83005.000 ns	      8299	80001b18	4d90b693	sltiu	x13,x1,1241	  x1:0xffffffff x13=0x00000000
      83365.000 ns	      8335	80001b1c	030fdb33	divu	x22,x31,x16	 x31:0x00000000 x16:0x00000669 x22=0x00000000
      83735.000 ns	      8372	80001b20	03117833	remu	x16,x2,x17	  x2:0x80040fe4 x17:0x000001d3 x16=0x00000030
      83765.000 ns	      8375	80001b24	02488cb3	mul	x25,x17,x4	 x17:0x000001d3  x4:0x1ebd9aa8 x25=0x13e12078
      83815.000 ns	      8380	80001b28	002f7b53	fadd.s	f22,f30,f2	 f30:0x00000000  f2:0xff800000 f22=0xff800000
      83835.000 ns	      8382	80001b2c	95ffccb7	lui	x25,0x95ffc	 x25=0x95ffc000
      84195.000 ns	      8418	80001b30	02c6da33	divu	x20,x13,x12	 x13:0x00000000 x12:0x7fffffff x20=0x00000000
      84565.000 ns	      8455	80001b34	03e04433	div	x8,x0,x30	  x0:0x00000000 x30:0x00000004  x8=0x00000000
      84585.000 ns	      8457	80001b38	e220a317	auipc	x6,0xe220a	  x6=0x6220bb38
      84595.000 ns	      8458	80001b3c	00767cb3	and	x25,x12,x7	 x12:0x7fffffff  x7:0xdfffd000 x25=0x5fffd000
      84605.000 ns	      8459	80001b40	55aea697	auipc	x13,0x55aea	 x13=0xd5aebb40
      84625.000 ns	      8461	80001b44	28ce1153	fmax.s	f2,f28,f12	 f28:0xff800000 f12:0xf24b5688  f2=0xf24b5688
      84645.000 ns	      8463	80001b48	3e4ced13	ori	x26,x25,996	 x25:0x5fffd000 x26=0x5fffd3e4
      84665.000 ns	      8465	80001b4c	218b0a53	fsgnj.s	f20,f22,f24	 f22:0xff800000 f24:0x4f5fffd0 f20=0x7f800000
      85035.000 ns	      8502	80001b50	023cd6b3	divu	x13,x25,x3	 x25:0x5fffd000  x3:0xfffff9b7 x13=0x00000000
      85075.000 ns	      8506	80001b54	5801f9d3	fsqrt.s	f19,f3	  f3:0x7f800000 f19=0x7f800000
      85105.000 ns	      8509	80001b58	02782233	mulhsu	x4,x16,x7	 x16:0x00000030  x7:0xdfffd000  x4=0x00000029
      85135.000 ns	      8512	80001b5c	e0049bd3	fclass.s	x23,f9	  f9:0xff800000 x23=0x00000001
      85165.000 ns	      8515	80001b60	a08e84d3	fle.s	x9,f29,f8	 f29:0x7f800000  f8:0x42e00000  x9=0x00000000
      85215.000 ns	      8520	80001b64	08020553	fsub.s	f10,f4,f0	  f4:0x00000000  f0:0x80041024 f10=0x00041024
      85555.000 ns	      8554	80001b68	18593553	fdiv.s	f10,f18,f5	 f18:0x4f5fffd0  f5:0xc39c257d f10=0xcb3413cf
      85575.000 ns	      8556	80001b6c	97cf7013	andi	x0,x30,-1668	 x30:0x00000004
      85585.000 ns	      8557	80001b70	01c9a333	slt	x6,x19,x28	 x19:0x7fffffff x28:0x80041024  x6=0x00000000
      85625.000 ns	      8561	80001b74	012771d3	fadd.s	f3,f14,f18	 f14:0xee1fd289 f18:0x4f5fffd0  f3=0xee1fd289
      85645.000 ns	      8563	80001b78	67352d93	slti	x27,x10,1651	 x10:0x00000000 x27=0x00000001
      86005.000 ns	      8599	80001b7c	030352b3	divu	x5,x6,x16	  x6:0x00000000 x16:0x00000030  x5=0x00000000
      86025.000 ns	      8601	80001b80	9cbde913	ori	x18,x27,-1589	 x27:0x00000000 x18=0xfffff9cb
      86355.000 ns	      8634	80001b84	192c1753	fdiv.s	f14,f24,f18	 f24:0x4f5fffd0 f18:0x4f5fffd0 f14=0x3f5fffd0
      86385.000 ns	      8637	80001b88	02064bb3	div	x23,x12,x0	 x12:0x7fffffff  x0:0x00000000 x23=0xffffffff
      86415.000 ns	      8640	80001b8c	c00efb53	fcvt.w.s	x22,f29	 f29:0x7f800000 x22=0x7fffffff
      86455.000 ns	      8644	80001b90	580aab53	fsqrt.s	f22,f21	 f21:0x7fc00000 f22=0x7fc00000
      86475.000 ns	      8646	80001b94	f2a902b7	lui	x5,0xf2a90	  x5=0xf2a90000
      86495.000 ns	      8648	80001b98	290a1a53	fmax.s	f20,f20,f16	 f20:0x7f800000 f16:0x439c8000 f20=0x7f800000
      86535.000 ns	      8652	80001b9c	19399fd3	fdiv.s	f31,f19,f19	 f19:0x7f800000 f19:0x7f800000 f31=0x7fc00000
      86555.000 ns	      8654	80001ba0	43c80037	lui	x0,0x43c80	
      86565.000 ns	      8655	80001ba4	401d0ab3	sub	x21,x26,x1	 x26:0x5fffd3e4  x1:0xffffffff x21=0x5fffd3e5
      86925.000 ns	      8691	80001ba8	0316dd33	divu	x26,x13,x17	 x13:0x00000000 x17:0x000001d3 x26=0x00000000
      86955.000 ns	      8694	80001bac	a1222ed3	feq.s	x29,f4,f18	  f4:0x00000000 f18:0x4f5fffd0 x29=0x00000000
      86975.000 ns	      8696	80001bb0	00d3d833	srl	x16,x7,x13	  x7:0xdfffd000 x13:0x00000000 x16=0xdfffd000
      86995.000 ns	      8698	80001bb4	03f62fb3	mulhsu	x31,x12,x31	 x12:0x7fffffff x31:0x00000000 x31=0x00000000
      87025.000 ns	      8701	80001bb8	03c533b3	mulhu	x7,x10,x28	 x10:0x00000000 x28:0x80041024  x7=0x00000000
      87045.000 ns	      8703	80001bbc	40c7da93	srai	x21,x15,0xc	 x15:0x00000000 x21=0x00000000
      87065.000 ns	      8705	80001bc0	d00d72d3	fcvt.s.w	f5,x26	 x26:0x00000000  f5=0x00000000
      87085.000 ns	      8707	80001bc4	b43d6a13	ori	x20,x26,-1213	 x26:0x00000000 x20=0xfffffb43
      87445.000 ns	      8743	80001bc8	025f7d33	remu	x26,x30,x5	 x30:0x00000004  x5:0xf2a90000 x26=0x00000004
      87475.000 ns	      8746	80001bcc	02b43833	mulhu	x16,x8,x11	  x8:0x00000000 x11:0xf24b5688 x16=0x00000000
      87495.000 ns	      8748	80001bd0	405a5c93	srai	x25,x20,0x5	 x20:0xfffffb43 x25=0xffffffda
      87505.000 ns	      8749	80001bd4	00e7dcb3	srl	x25,x15,x14	 x15:0x00000000 x14:0xffffffff x25=0x00000000
      87515.000 ns	      8750	80001bd8	9e36cf97	auipc	x31,0x9e36c	 x31=0x1e36dbd8
      87555.000 ns	      8754	80001bdc	0918ffd3	fsub.s	f31,f17,f17	 f17:0x7fc00000 f17:0x7fc00000 f31=0x7fc00000
      87585.000 ns	      8757	80001be0	297d8ad3	fmin.s	f21,f27,f23	 f27:0xf24b5688 f23:0x7fc00000 f21=0xf24b5688
      87615.000 ns	      8760	80001be4	20b38653	fsgnj.s	f12,f7,f11	  f7:0x00000000 f11:0x3f350482 f12=0x00000000
      87635.000 ns	      8762	80001be8	a4c4c093	xori	x1,x9,-1460	  x9:0x00000000  x1=0xfffffa4c
      87645.000 ns	      8763	80001bec	dbf4d3b7	lui	x7,0xdbf4d	  x7=0xdbf4d000
      87665.000 ns	      8765	80001bf0	a0d32353	feq.s	x6,f6,f13	  f6:0x00000000 f13:0xc39c8000  x6=0x00000000
      87695.000 ns	      8768	80001bf4	e0048d53	fmv.x.w	x26,f9	  f9:0xff800000 x26=0xff800000
      87715.000 ns	      8770	80001bf8	010d8cb3	add	x25,x27,x16	 x27:0x00000001 x16:0x00000000 x25=0x00000001
      87735.000 ns	      8772	80001bfc	e0041253	fclass.s	x4,f8	  f8:0x42e00000  x4=0x00000040
      87765.000 ns	      8775	80001c00	d01209d3	fcvt.s.wu	f19,x4	  x4:0x00000029 f19=0x42800000
      88135.000 ns	      8812	80001c04	03ed4d33	div	x26,x26,x30	 x26:0xff800000 x30:0x00000004 x26=0xffe00000
      88165.000 ns	      8815	80001c08	034b8433	mul	x8,x23,x20	 x23:0xffffffff x20:0xfffffb43  x8=0x000004bd
      88195.000 ns	      8818	80001c0c	a04c2fd3	feq.s	x31,f24,f4	 f24:0x4f5fffd0  f4:0x00000000 x31=0x00000000
      88245.000 ns	      8823	80001c10	0927f1d3	fsub.s	f3,f15,f18	 f15:0x80000000 f18:0x4f5fffd0  f3=0xcf5fffd0
      88265.000 ns	      8825	80001c14	15ff7213	andi	x4,x30,351	 x30:0x00000004  x4=0x00000004
      88275.000 ns	      8826	80001c18	01e6cfb3	xor	x31,x13,x30	 x13:0x00000000 x30:0x00000004 x31=0x00000004
      88285.000 ns	      8827	80001c1c	4a600b13	addi	x22,x0,1190	  x0:0x00000000 x22=0x000004a6
      88325.000 ns	      8831	80001c20	08943c53	fsub.s	f24,f8,f9	  f8:0x42e00000  f9:0xff800000 f24=0x7f800000
      88345.000 ns	      8833	80001c24	00c09f93	slli	x31,x1,0xc	  x1:0xfffffa4c x31=0xffa4c000
      88355.000 ns	      8834	80001c28	ce5e4a93	xori	x21,x28,-795	 x28:0x80041024 x21=0x7ffbecc1
      88365.000 ns	      8835	80001c2c	41ed52b3	sra	x5,x26,x30	 x26:0xffe00000 x30:0x00000004  x5=0xfffe0000
      88375.000 ns	      8836	80001c30	002828b3	slt	x17,x16,x2	 x16:0x00000000  x2:0x80040fe4 x17=0x00000000
      88735.000 ns	      8872	80001c34	022a5f33	divu	x30,x20,x2	 x20:0xfffffb43  x2:0x80040fe4 x30=0x00000001
      88765.000 ns	      8875	80001c38	a0b1a7d3	feq.s	x15,f3,f11	  f3:0xcf5fffd0 f11:0x3f350482 x15=0x00000000
      88815.000 ns	      8880	80001c3c	013ab853	fadd.s	f16,f21,f19	 f21:0xf24b5688 f19:0x42800000 f16=0xf24b5688
      88835.000 ns	      8882	80001c40	008e5f33	srl	x30,x28,x8	 x28:0x80041024  x8:0x000004bd x30=0x00000004
      88865.000 ns	      8885	80001c44	10e0fbd3	fmul.s	f23,f1,f14	  f1:0xff800000 f14:0x3f5fffd0 f23=0xff800000
      88895.000 ns	      8888	80001c48	d00776d3	fcvt.s.w	f13,x14	 x14:0xffffffff f13=0xbf800000
      88915.000 ns	      8890	80001c4c	cfa5f993	andi	x19,x11,-774	 x11:0xf24b5688 x19=0xf24b5488
      88935.000 ns	      8892	80001c50	28520c53	fmin.s	f24,f4,f5	  f4:0x00000000  f5:0x00000000 f24=0x00000000
      88965.000 ns	      8895	80001c54	21989853	fsgnjn.s	f16,f17,f25	 f17:0x7fc00000 f25:0x7fc00000 f16=0xffc00000
      88995.000 ns	      8898	80001c58	d013ae53	fcvt.s.wu	f28,x7	  x7:0xdbf4d000 f28=0x4f5bf4d0
      89025.000 ns	      8901	80001c5c	a0fc2d53	feq.s	x26,f24,f15	 f24:0x00000000 f15:0x80000000 x26=0x00000001
      89055.000 ns	      8904	80001c60	d000b853	fcvt.s.w	f16,x1	  x1:0xfffffa4c f16=0xc4b68000
      89075.000 ns	      8906	80001c64	00cb46b3	xor	x13,x22,x12	 x22:0x000004a6 x12:0x7fffffff x13=0x7ffffb59
      89085.000 ns	      8907	80001c68	01dc0433	add	x8,x24,x29	 x24:0x0000021d x29:0x00000000  x8=0x0000021d
      89095.000 ns	      8908	80001c6c	400c8333	sub	x6,x25,x0	 x25:0x00000001  x0:0x00000000  x6=0x00000001
      89115.000 ns	      8910	80001c70	a1a81d53	flt.s	x26,f16,f26	 f16:0xc4b68000 f26:0xff800000 x26=0x00000000
      89145.000 ns	      8913	80001c74	e00e0653	fmv.x.w	x12,f28	 f28:0x4f5bf4d0 x12=0x4f5bf4d0
      89175.000 ns	      8916	80001c78	28fe0453	fmin.s	f8,f28,f15	 f28:0x4f5bf4d0 f15:0x80000000  f8=0x80000000
      89195.000 ns	      8918	80001c7c	514ec337	lui	x6,0x514ec	  x6=0x514ec000
      89225.000 ns	      8921	80001c80	191594d3	fdiv.s	f9,f11,f17	 f11:0x3f350482 f17:0x7fc00000  f9=0x7fc00000
      89255.000 ns	      8924	80001c84	200a9c53	fsgnjn.s	f24,f21,f0	 f21:0xf24b5688  f0:0x80041024 f24=0x724b5688
      89275.000 ns	      8926	80001c88	018d81b3	add	x3,x27,x24	 x27:0x00000001 x24:0x0000021d  x3=0x0000021e
      89295.000 ns	      8928	80001c8c	a1d68653	fle.s	x12,f13,f29	 f13:0xbf800000 f29:0x7f800000 x12=0x00000001
      89315.000 ns	      8930	80001c90	301477b7	lui	x15,0x30147	 x15=0x30147000
      89335.000 ns	      8932	80001c94	f00b8ad3	fmv.w.x	f21,x23	 x23:0xffffffff f21=0xffffffff
      89355.000 ns	      8934	80001c98	dd3d2b13	slti	x22,x26,-557	 x26:0x00000000 x22=0x00000000
      89715.000 ns	      8970	80001c9c	032468b3	rem	x17,x8,x18	  x8:0x0000021d x18:0xfffff9cb x17=0x0000021d
      89735.000 ns	      8972	80001ca0	30506f13	ori	x30,x0,773	  x0:0x00000000 x30=0x00000305
      89755.000 ns	      8974	80001ca4	c01caad3	fcvt.wu.s	x21,f25	 f25:0x7fc00000 x21=0xffffffff
      90125.000 ns	      9011	80001ca8	03524db3	div	x27,x4,x21	  x4:0x00000004 x21:0x7ffbecc1 x27=0xfffffffc
      90145.000 ns	      9013	80001cac	00000013	addi	x0,x0,0	  x0:0x00000000
      90155.000 ns	      9014	80001cb0	00000013	addi	x0,x0,0	  x0:0x00000000
      90165.000 ns	      9015	80001cb4	01cf1f33	sll	x30,x30,x28	 x30:0x00000305 x28:0x80041024 x30=0x00003050
      90175.000 ns	      9016	80001cb8	404ed533	sra	x10,x29,x4	 x29:0x00000000  x4:0x00000004 x10=0x00000000
      90195.000 ns	      9018	80001cbc	c00a74d3	fcvt.w.s	x9,f20	 f20:0x7f800000  x9=0x7fffffff
      90225.000 ns	      9021	80001cc0	c01ffd53	fcvt.wu.s	x26,f31	 f31:0x7fc00000 x26=0xffffffff
      90245.000 ns	      9023	80001cc4	008eaf33	slt	x30,x29,x8	 x29:0x00000000  x8:0x0000021d x30=0x00000001
      90255.000 ns	      9024	80001cc8	a8fb3613	sltiu	x12,x22,-1393	 x22:0x00000000 x12=0x00000001
      90275.000 ns	      9026	80001ccc	02133cb3	mulhu	x25,x6,x1	  x6:0x514ec000  x1:0xfffffa4c x25=0x514ebe30
      90295.000 ns	      9028	80001cd0	40a20f33	sub	x30,x4,x10	  x4:0x00000004 x10:0x00000000 x30=0x00000004
      90305.000 ns	      9029	80001cd4	409d8cb3	sub	x25,x27,x9	 x27:0xfffffffc  x9:0x7fffffff x25=0x7ffffffd
      90325.000 ns	      9031	80001cd8	d018ffd3	fcvt.s.wu	f31,x17	 x17:0x0000021d f31=0x44074000
      90695.000 ns	      9068	80001cdc	035c6433	rem	x8,x24,x21	 x24:0x0000021d x21:0xffffffff  x8=0x00000000
      90715.000 ns	      9070	80001ce0	93bda697	auipc	x13,0x93bda	 x13=0x13bdbce0
      90735.000 ns	      9072	80001ce4	c00604d3	fcvt.w.s	x9,f12	 f12:0x00000000  x9=0x00000000
      90755.000 ns	      9074	80001ce8	01b21513	slli	x10,x4,0x1b	  x4:0x00000004 x10=0x20000000
      91115.000 ns	      9110	80001cec	02ac50b3	divu	x1,x24,x10	 x24:0x0000021d x10:0x00000000  x1=0x00000000
      91155.000 ns	      9114	80001cf0	580a7853	fsqrt.s	f16,f20	 f20:0x7f800000 f16=0x7f800000
      91185.000 ns	      9117	80001cf4	a00810d3	flt.s	x1,f16,f0	 f16:0xc4b68000  f0:0x80041024  x1=0x00000000
      91205.000 ns	      9119	80001cf8	018563b3	or	x7,x10,x24	 x10:0x20000000 x24:0x0000021d  x7=0x2000021d
      91215.000 ns	      9120	80001cfc	40e50533	sub	x10,x10,x14	 x10:0x20000000 x14:0xffffffff x10=0x20000001
      91235.000 ns	      9122	80001d00	a12593d3	flt.s	x7,f11,f18	 f11:0x3f350482 f18:0x4f5fffd0  x7=0x00000001
      91255.000 ns	      9124	80001d04	33190713	addi	x14,x18,817	 x18:0xfffff9cb x14=0xfffffcfc
      91275.000 ns	      9126	80001d08	031ca233	mulhsu	x4,x25,x17	 x25:0x7ffffffd x17:0x0000021d  x4=0x0000010e
      91305.000 ns	      9129	80001d0c	025fbd33	mulhu	x26,x31,x5	 x31:0xffa4c000  x5:0xfffe0000 x26=0xffa2c0b6
      91325.000 ns	      9131	80001d10	017d79b3	and	x19,x26,x23	 x26:0xffffffff x23:0xffffffff x19=0xffa2c0b6
      91335.000 ns	      9132	80001d14	00846a33	or	x20,x8,x8	  x8:0x00000000  x8:0x00000000 x20=0x00000000
      91355.000 ns	      9134	80001d18	02a6bf33	mulhu	x30,x13,x10	 x13:0x13bdbce0 x10:0x20000001 x30=0x0277b79c
      91375.000 ns	      9136	80001d1c	00000013	addi	x0,x0,0	  x0:0x00000000
      91385.000 ns	      9137	80001d20	00000013	addi	x0,x0,0	  x0:0x00000000
      91425.000 ns	      9141	80001d24	093efdd3	fsub.s	f27,f29,f19	 f29:0x7f800000 f19:0x42800000 f27=0x7f800000
      91475.000 ns	      9146	80001d28	0937f353	fsub.s	f6,f15,f19	 f15:0x80000000 f19:0x42800000  f6=0xc2800000
      91505.000 ns	      9149	80001d2c	20d5aa53	fsgnjx.s	f20,f11,f13	 f11:0x3f350482 f13:0xbf800000 f20=0xbf350482
      91535.000 ns	      9152	80001d30	a0ba9253	flt.s	x4,f21,f11	 f21:0xffffffff f11:0x3f350482  x4=0x00000000
      91565.000 ns	      9155	80001d34	20629753	fsgnjn.s	f14,f5,f6	  f5:0x00000000  f6:0xc2800000 f14=0x00000000
      91605.000 ns	      9159	80001d38	188f7053	fdiv.s	f0,f30,f8	 f30:0x00000000  f8:0x80000000  f0=0x7fc00000
      91625.000 ns	      9161	80001d3c	78178097	auipc	x1,0x78178	  x1=0xf8179d3c
      91635.000 ns	      9162	80001d40	01e180b3	add	x1,x3,x30	  x3:0x0000021e x30:0x0277b79c  x1=0x0277b9ba
      91655.000 ns	      9164	80001d44	c00bfcd3	fcvt.w.s	x25,f23	 f23:0xff800000 x25=0x80000000
      91685.000 ns	      9167	80001d48	21958fd3	fsgnj.s	f31,f11,f25	 f11:0x3f350482 f25:0x7fc00000 f31=0x3f350482
      91715.000 ns	      9170	80001d4c	29ee18d3	fmax.s	f17,f28,f30	 f28:0x4f5bf4d0 f30:0x00000000 f17=0x4f5bf4d0
      91735.000 ns	      9172	80001d50	002a87b3	add	x15,x21,x2	 x21:0xffffffff  x2:0x80040fe4 x15=0x80040fe3
      91755.000 ns	      9174	80001d54	206d28d3	fsgnjx.s	f17,f26,f6	 f26:0xff800000  f6:0xc2800000 f17=0x7f800000
      91785.000 ns	      9177	80001d58	c01fc6d3	fcvt.wu.s	x13,f31	 f31:0x3f350482 x13=0x00000001
      91805.000 ns	      9179	80001d5c	62d77693	andi	x13,x14,1581	 x14:0xfffffcfc x13=0x0000042c
      92165.000 ns	      9215	80001d60	02b37d33	remu	x26,x6,x11	  x6:0x514ec000 x11:0xf24b5688 x26=0x514ec000
      92195.000 ns	      9218	80001d64	c00910d3	fcvt.w.s	x1,f18	 f18:0x4f5fffd0  x1=0x7fffffff
      92225.000 ns	      9221	80001d68	c014f7d3	fcvt.wu.s	x15,f9	  f9:0x7fc00000 x15=0xffffffff
      92245.000 ns	      9223	80001d6c	d3d5fe93	andi	x29,x11,-707	 x11:0xf24b5688 x29=0xf24b5408
      92265.000 ns	      9225	80001d70	a03b13d3	flt.s	x7,f22,f3	 f22:0x7fc00000  f3:0xcf5fffd0  x7=0x00000000
      92285.000 ns	      9227	80001d74	ea597393	andi	x7,x18,-347	 x18:0xfffff9cb  x7=0xfffff881
      92295.000 ns	      9228	80001d78	3dd73913	sltiu	x18,x14,989	 x14:0xfffffcfc x18=0x00000000
      92305.000 ns	      9229	80001d7c	00000013	addi	x0,x0,0	  x0:0x00000000
      92335.000 ns	      9232	80001d80	18f42553	fdiv.s	f10,f8,f15	  f8:0x80000000 f15:0x80000000 f10=0x7fc00000
      92365.000 ns	      9235	80001d84	030bd933	divu	x18,x23,x16	 x23:0xffffffff x16:0x00000000 x18=0xffffffff
      92385.000 ns	      9237	80001d88	014d52b3	srl	x5,x26,x20	 x26:0x514ec000 x20:0x00000000  x5=0x514ec000
      92405.000 ns	      9239	80001d8c	c008f4d3	fcvt.w.s	x9,f17	 f17:0x7f800000  x9=0x7fffffff
      92425.000 ns	      9241	80001d90	019a1713	slli	x14,x20,0x19	 x20:0x00000000 x14=0x00000000
      92435.000 ns	      9242	80001d94	5440ec13	ori	x24,x1,1348	  x1:0x7fffffff x24=0x7fffffff
      92445.000 ns	      9243	80001d98	011ebf33	sltu	x30,x29,x17	 x29:0xf24b5408 x17:0x0000021d x30=0x00000000
      92455.000 ns	      9244	80001d9c	0074ed33	or	x26,x9,x7	  x9:0x7fffffff  x7:0xfffff881 x26=0xffffffff
      92465.000 ns	      9245	80001da0	415a5a13	srai	x20,x20,0x15	 x20:0x00000000 x20=0x00000000
      92485.000 ns	      9247	80001da4	0369c433	div	x8,x19,x22	 x19:0xffa2c0b6 x22:0x00000000  x8=0xffffffff
      92515.000 ns	      9250	80001da8	03180a33	mul	x20,x16,x17	 x16:0x00000000 x17:0x0000021d x20=0x00000000
      92535.000 ns	      9252	80001dac	41d55633	sra	x12,x10,x29	 x10:0x20000001 x29:0xf24b5408 x12=0x00200000
      92555.000 ns	      9254	80001db0	d0047253	fcvt.s.w	f4,x8	  x8:0xffffffff  f4=0xbf800000
      92575.000 ns	      9256	80001db4	5b48ff93	andi	x31,x17,1460	 x17:0x0000021d x31=0x00000014
      92585.000 ns	      9257	80001db8	00fb81b3	add	x3,x23,x15	 x23:0xffffffff x15:0xffffffff  x3=0xfffffffe
      92595.000 ns	      9258	80001dbc	01642c33	slt	x24,x8,x22	  x8:0xffffffff x22:0x00000000 x24=0x00000001
      92605.000 ns	      9259	80001dc0	484d6f17	auipc	x30,0x484d6	 x30=0xc84d7dc0
      92615.000 ns	      9260	80001dc4	299f9617	auipc	x12,0x299f9	 x12=0xa99fadc4
      92625.000 ns	      9261	80001dc8	007dadb3	slt	x27,x27,x7	 x27:0xfffffffc  x7:0xfffff881 x27=0x00000000
      92635.000 ns	      9262	80001dcc	01bcf333	and	x6,x25,x27	 x25:0x80000000 x27:0xfffffffc  x6=0x00000000
      92645.000 ns	      9263	80001dd0	01575f13	srli	x30,x14,0x15	 x14:0x00000000 x30=0x00000000
      93005.000 ns	      9299	80001dd4	03a773b3	remu	x7,x14,x26	 x14:0x00000000 x26:0xffffffff  x7=0x00000000
      93035.000 ns	      9302	80001dd8	217f0653	fsgnj.s	f12,f30,f23	 f30:0x00000000 f23:0xff800000 f12=0x80000000
      93055.000 ns	      9304	80001ddc	c8333313	sltiu	x6,x6,-893	  x6:0x00000000  x6=0x00000001
      93075.000 ns	      9306	80001de0	02e9fcb3	remu	x25,x19,x14	 x19:0xffa2c0b6 x14:0x00000000 x25=0xffa2c0b6
      93105.000 ns	      9309	80001de4	f0080053	fmv.w.x	f0,x16	 x16:0x00000000  f0=0x00000000
      93135.000 ns	      9312	80001de8	c0140b53	fcvt.wu.s	x22,f8	  f8:0x80000000 x22=0x00000000
      93165.000 ns	      9315	80001dec	a0eda4d3	feq.s	x9,f27,f14	 f27:0x7f800000 f14:0x00000000  x9=0x00000000
      93195.000 ns	      9318	80001df0	28870bd3	fmin.s	f23,f14,f8	 f14:0x00000000  f8:0x80000000 f23=0x80000000
      93215.000 ns	      9320	80001df4	000229b3	slt	x19,x4,x0	  x4:0x00000000  x0:0x00000000 x19=0x00000000
      93235.000 ns	      9322	80001df8	207d12d3	fsgnjn.s	f5,f26,f7	 f26:0xff800000  f7:0x00000000  f5=0xff800000
      93265.000 ns	      9325	80001dfc	a1d018d3	flt.s	x17,f0,f29	  f0:0x00000000 f29:0x7f800000 x17=0x00000001
      93285.000 ns	      9327	80001e00	00000013	addi	x0,x0,0	  x0:0x00000000
      93305.000 ns	      9329	80001e04	c00a3a53	fcvt.w.s	x20,f20	 f20:0xbf350482 x20=0x00000000
      93325.000 ns	      9331	80001e08	81704513	xori	x10,x0,-2025	  x0:0x00000000 x10=0xfffff817
      93335.000 ns	      9332	80001e0c	01399513	slli	x10,x19,0x13	 x19:0x00000000 x10=0x00000000
      93365.000 ns	      9335	80001e10	191a8d53	fdiv.s	f26,f21,f17	 f21:0xffffffff f17:0x7f800000 f26=0x7fc00000
      93395.000 ns	      9338	80001e14	29c78a53	fmin.s	f20,f15,f28	 f15:0x80000000 f28:0x4f5bf4d0 f20=0x80000000
      93415.000 ns	      9340	80001e18	9f2e5c37	lui	x24,0x9f2e5	 x24=0x9f2e5000
      93425.000 ns	      9341	80001e1c	3a50b893	sltiu	x17,x1,933	  x1:0x7fffffff x17=0x00000000
      93445.000 ns	      9343	80001e20	21552853	fsgnjx.s	f16,f10,f21	 f10:0x7fc00000 f21:0xffffffff f16=0xffc00000
      93465.000 ns	      9345	80001e24	11e33093	sltiu	x1,x6,286	  x6:0x00000001  x1=0x00000001
      93485.000 ns	      9347	80001e28	e0009ad3	fclass.s	x21,f1	  f1:0xff800000 x21=0x00000001
      93505.000 ns	      9349	80001e2c	01b79193	slli	x3,x15,0x1b	 x15:0xffffffff  x3=0xf8000000
      93515.000 ns	      9350	80001e30	80ce6e93	ori	x29,x28,-2036	 x28:0x80041024 x29=0xfffff82c
      93525.000 ns	      9351	80001e34	002af1b3	and	x3,x21,x2	 x21:0x00000001  x2:0x80040fe4  x3=0x00000000
      93545.000 ns	      9353	80001e38	e0079753	fclass.s	x14,f15	 f15:0x80000000 x14=0x00000008
      93575.000 ns	      9356	80001e3c	a1161cd3	flt.s	x25,f12,f17	 f12:0x80000000 f17:0x7f800000 x25=0x00000001
      93595.000 ns	      9358	80001e40	01245e93	srli	x29,x8,0x12	  x8:0xffffffff x29=0x00003fff
      93955.000 ns	      9394	80001e44	02184db3	div	x27,x16,x1	 x16:0x00000000  x1:0x00000001 x27=0x00000000
      93975.000 ns	      9396	80001e48	00f84a33	xor	x20,x16,x15	 x16:0x00000000 x15:0xffffffff x20=0xffffffff
      93985.000 ns	      9397	80001e4c	f70f3693	sltiu	x13,x30,-144	 x30:0x00000000 x13=0x00000001
      93995.000 ns	      9398	80001e50	007b1b93	slli	x23,x22,0x7	 x22:0x00000000 x23=0x00000000
      94015.000 ns	      9400	80001e54	20110ad3	fsgnj.s	f21,f2,f1	  f2:0xf24b5688  f1:0xff800000 f21=0xf24b5688
      94035.000 ns	      9402	80001e58	5679ac13	slti	x24,x19,1383	 x19:0x00000000 x24=0x00000001
      94055.000 ns	      9404	80001e5c	a0b312d3	flt.s	x5,f6,f11	  f6:0xc2800000 f11:0x3f350482  x5=0x00000001
      94075.000 ns	      9406	80001e60	006ac7b3	xor	x15,x21,x6	 x21:0x00000001  x6:0x00000001 x15=0x00000000
      94095.000 ns	      9408	80001e64	0380a533	mulhsu	x10,x1,x24	  x1:0x00000001 x24:0x00000001 x10=0x00000000
      94125.000 ns	      9411	80001e68	e00f8353	fmv.x.w	x6,f31	 f31:0x3f350482  x6=0x3f350482
      94145.000 ns	      9413	80001e6c	006727b3	slt	x15,x14,x6	 x14:0x00000008  x6:0x00000001 x15=0x00000001
      94505.000 ns	      9449	80001e70	02574933	div	x18,x14,x5	 x14:0x00000008  x5:0x00000001 x18=0x00000008
      94525.000 ns	      9451	80001e74	9c79ba13	sltiu	x20,x19,-1593	 x19:0x00000000 x20=0x00000001
      94535.000 ns	      9452	80001e78	013801b3	add	x3,x16,x19	 x16:0x00000000 x19:0x00000000  x3=0x00000000
      94555.000 ns	      9454	80001e7c	a1f390d3	flt.s	x1,f7,f31	  f7:0x00000000 f31:0x3f350482  x1=0x00000001
      94575.000 ns	      9456	80001e80	00000013	addi	x0,x0,0	  x0:0x00000000
      94585.000 ns	      9457	80001e84	012d02b3	add	x5,x26,x18	 x26:0xffffffff x18:0x00000008  x5=0x00000007
      94605.000 ns	      9459	80001e88	02821933	mulh	x18,x4,x8	  x4:0x00000000  x8:0xffffffff x18=0x00000000
      94645.000 ns	      9463	80001e8c	11ff0a53	fmul.s	f20,f30,f31	 f30:0x00000000 f31:0x3f350482 f20=0x00000000
      94675.000 ns	      9466	80001e90	a06d8453	fle.s	x8,f27,f6	 f27:0x7f800000  f6:0xc2800000  x8=0x00000000
      94725.000 ns	      9471	80001e94	00117853	fadd.s	f16,f2,f1	  f2:0xf24b5688  f1:0xff800000 f16=0xff800000
      94775.000 ns	      9476	80001e98	085b7a53	fsub.s	f20,f22,f5	 f22:0x7fc00000  f5:0xff800000 f20=0x7fc00000
      94815.000 ns	      9480	80001e9c	10f927d3	fmul.s	f15,f18,f15	 f18:0x4f5fffd0 f15:0x80000000 f15=0x80000000
      94845.000 ns	      9483	80001ea0	f00484d3	fmv.w.x	f9,x9	  x9:0x00000000  f9=0x00000000
      94865.000 ns	      9485	80001ea4	0171cb33	xor	x22,x3,x23	  x3:0x00000000 x23:0x00000000 x22=0x00000000
      94875.000 ns	      9486	80001ea8	00dc1213	slli	x4,x24,0xd	 x24:0x00000001  x4=0x00002000
      94895.000 ns	      9488	80001eac	281010d3	fmax.s	f1,f0,f1	  f0:0x00000000  f1:0xff800000  f1=0x00000000
      94915.000 ns	      9490	80001eb0	26ec0913	addi	x18,x24,622	 x24:0x00000001 x18=0x0000026f
      94955.000 ns	      9494	80001eb4	092470d3	fsub.s	f1,f8,f18	  f8:0x80000000 f18:0x4f5fffd0  f1=0xcf5fffd0
      94995.000 ns	      9498	80001eb8	10ae72d3	fmul.s	f5,f28,f10	 f28:0x4f5bf4d0 f10:0x7fc00000  f5=0x7fc00000
      95015.000 ns	      9500	80001ebc	00652733	slt	x14,x10,x6	 x10:0x00000000  x6:0x3f350482 x14=0x00000001
      95055.000 ns	      9504	80001ec0	094bfa53	fsub.s	f20,f23,f20	 f23:0x80000000 f20:0x7fc00000 f20=0x7fc00000
      95075.000 ns	      9506	80001ec4	005cc233	xor	x4,x25,x5	 x25:0x00000001  x5:0x00000007  x4=0x00000006
      95095.000 ns	      9508	80001ec8	21489cd3	fsgnjn.s	f25,f17,f20	 f17:0x7f800000 f20:0x7fc00000 f25=0xff800000
      95115.000 ns	      9510	80001ecc	00000013	addi	x0,x0,0	  x0:0x00000000
      95125.000 ns	      9511	80001ed0	006c00b3	add	x1,x24,x6	 x24:0x00000001  x6:0x3f350482  x1=0x3f350483
      95135.000 ns	      9512	80001ed4	4058df33	sra	x30,x17,x5	 x17:0x00000000  x5:0x00000007 x30=0x00000000
      95155.000 ns	      9514	80001ed8	d01c1653	fcvt.s.wu	f12,x24	 x24:0x00000001 f12=0x3f800000
      95185.000 ns	      9517	80001edc	023a1bb3	mulh	x23,x20,x3	 x20:0x00000001  x3:0x00000000 x23=0x00000000
      95205.000 ns	      9519	80001ee0	d9542c13	slti	x24,x8,-619	  x8:0x00000000 x24=0x00000000
      95215.000 ns	      9520	80001ee4	002e1d33	sll	x26,x28,x2	 x28:0x80041024  x2:0x80040fe4 x26=0x00410240
      95545.000 ns	      9553	80001ee8	18b617d3	fdiv.s	f15,f12,f11	 f12:0x3f800000 f11:0x3f350482 f15=0x3fb504f6
      95575.000 ns	      9556	80001eec	02c12bb3	mulhsu	x23,x2,x12	  x2:0x80040fe4 x12:0xa99fadc4 x23=0xab32da24
      95605.000 ns	      9559	80001ef0	21a50ed3	fsgnj.s	f29,f10,f26	 f10:0x7fc00000 f26:0x7fc00000 f29=0x7fc00000
      95635.000 ns	      9562	80001ef4	d018aa53	fcvt.s.wu	f20,x17	 x17:0x00000000 f20=0x00000000
      95655.000 ns	      9564	80001ef8	40370893	addi	x17,x14,1027	 x14:0x00000001 x17=0x00000404
      96015.000 ns	      9600	80001efc	03d3d333	divu	x6,x7,x29	  x7:0x00000000 x29:0x00003fff  x6=0x00000000
      96035.000 ns	      9602	80001f00	401e5493	srai	x9,x28,0x1	 x28:0x80041024  x9=0xc0020812
      96055.000 ns	      9604	80001f04	a182acd3	feq.s	x25,f5,f24	  f5:0x7fc00000 f24:0x724b5688 x25=0x00000000
      96075.000 ns	      9606	80001f08	1c6ca493	slti	x9,x25,454	 x25:0x00000001  x9=0x00000001
      96095.000 ns	      9608	80001f0c	031299b3	mulh	x19,x5,x17	  x5:0x00000007 x17:0x00000404 x19=0x00000000
      96465.000 ns	      9645	80001f10	032dff33	remu	x30,x27,x18	 x27:0x00000000 x18:0x0000026f x30=0x00000000
      96835.000 ns	      9682	80001f14	03c0d4b3	divu	x9,x1,x28	  x1:0x3f350483 x28:0x80041024  x9=0x00000000
      97205.000 ns	      9719	80001f18	022567b3	rem	x15,x10,x2	 x10:0x00000000  x2:0x80040fe4 x15=0x00000000
      97575.000 ns	      9756	80001f1c	03d4e933	rem	x18,x9,x29	  x9:0x00000000 x29:0x00003fff x18=0x00000000
      97605.000 ns	      9759	80001f20	03038933	mul	x18,x7,x16	  x7:0x00000000 x16:0x00000000 x18=0x00000000
      97655.000 ns	      9764	80001f24	00940b53	fadd.s	f22,f8,f9	  f8:0x80000000  f9:0x00000000 f22=0x00000000
      97685.000 ns	      9767	80001f28	034f96b3	mulh	x13,x31,x20	 x31:0x00000014 x20:0x00000001 x13=0x00000000
      97715.000 ns	      9770	80001f2c	0282a0b3	mulhsu	x1,x5,x8	  x5:0x00000007  x8:0x00000000  x1=0x00000000
      97745.000 ns	      9773	80001f30	030ad3b3	divu	x7,x21,x16	 x21:0x00000001 x16:0x00000000  x7=0xffffffff
      97775.000 ns	      9776	80001f34	a15e8053	fle.s	x0,f29,f21	 f29:0x7fc00000 f21:0xf24b5688
      97805.000 ns	      9779	80001f38	28b80c53	fmin.s	f24,f16,f11	 f16:0xff800000 f11:0x3f350482 f24=0xff800000
      97845.000 ns	      9783	80001f3c	10c046d3	fmul.s	f13,f0,f12	  f0:0x00000000 f12:0x3f800000 f13=0x00000000
      97875.000 ns	      9786	80001f40	03428ab3	mul	x21,x5,x20	  x5:0x00000007 x20:0x00000001 x21=0x00000007
      97905.000 ns	      9789	80001f44	a0068653	fle.s	x12,f13,f0	 f13:0x00000000  f0:0x00000000 x12=0x00000001
      97925.000 ns	      9791	80001f48	00000013	addi	x0,x0,0	  x0:0x00000000
      97935.000 ns	      9792	80001f4c	9c927613	andi	x12,x4,-1591	  x4:0x00000006 x12=0x00000000
      97955.000 ns	      9794	80001f50	c0122653	fcvt.wu.s	x12,f4	  f4:0xbf800000 x12=0x00000001
      97985.000 ns	      9797	80001f54	03041233	mulh	x4,x8,x16	  x8:0x00000000 x16:0x00000000  x4=0x00000000
      98005.000 ns	      9799	80001f58	019450b3	srl	x1,x8,x25	  x8:0x00000000 x25:0x00000000  x1=0x00000000
      98045.000 ns	      9803	80001f5c	01781fd3	fadd.s	f31,f16,f23	 f16:0xff800000 f23:0x80000000 f31=0xff800000
      98065.000 ns	      9805	80001f60	001d78b3	and	x17,x26,x1	 x26:0x00410240  x1:0x00000000 x17=0x00000000
      98075.000 ns	      9806	80001f64	010c0633	add	x12,x24,x16	 x24:0x00000000 x16:0x00000000 x12=0x00000000
      98095.000 ns	      9808	80001f68	e00e9953	fclass.s	x18,f29	 f29:0x7fc00000 x18=0x00000200
      98115.000 ns	      9810	80001f6c	01bef633	and	x12,x29,x27	 x29:0x00003fff x27:0x00000000 x12=0x00000000
      98135.000 ns	      9812	80001f70	292b94d3	fmax.s	f9,f23,f18	 f23:0x80000000 f18:0x4f5fffd0  f9=0x4f5fffd0
      98165.000 ns	      9815	80001f74	a0309fd3	flt.s	x31,f1,f3	  f1:0xcf5fffd0  f3:0xcf5fffd0 x31=0x00000000
      98185.000 ns	      9817	80001f78	0119fd33	and	x26,x19,x17	 x19:0x00000000 x17:0x00000000 x26=0x00000000
      98195.000 ns	      9818	80001f7c	7dc22c93	slti	x25,x4,2012	  x4:0x00000000 x25=0x00000001
      98235.000 ns	      9822	80001f80	092d31d3	fsub.s	f3,f26,f18	 f26:0x7fc00000 f18:0x4f5fffd0  f3=0x7fc00000
      98255.000 ns	      9824	80001f84	00378cb3	add	x25,x15,x3	 x15:0x00000000  x3:0x00000000 x25=0x00000000
      98265.000 ns	      9825	80001f88	55323513	sltiu	x10,x4,1363	  x4:0x00000000 x10=0x00000001
      98285.000 ns	      9827	80001f8c	03353833	mulhu	x16,x10,x19	 x10:0x00000000 x19:0x00000000 x16=0x00000000
      98315.000 ns	      9830	80001f90	0205d9b3	divu	x19,x11,x0	 x11:0xf24b5688  x0:0x00000000 x19=0xffffffff
      98335.000 ns	      9832	80001f94	41925033	sra	x0,x4,x25	  x4:0x00000000 x25:0x00000000
      98355.000 ns	      9834	80001f98	a0dd9ed3	flt.s	x29,f27,f13	 f27:0x7f800000 f13:0x00000000 x29=0x00000000
      98395.000 ns	      9838	80001f9c	580ff2d3	fsqrt.s	f5,f31	 f31:0xff800000  f5=0x7fc00000
      98415.000 ns	      9840	80001fa0	0090c433	xor	x8,x1,x9	  x1:0x00000000  x9:0x00000000  x8=0x00000000
      98425.000 ns	      9841	80001fa4	b8e86a93	ori	x21,x16,-1138	 x16:0x00000000 x21=0xfffffb8e
      98445.000 ns	      9843	80001fa8	e0020653	fmv.x.w	x12,f4	  f4:0xbf800000 x12=0xbf800000
      98475.000 ns	      9846	80001fac	a1939b53	flt.s	x22,f7,f25	  f7:0x00000000 f25:0xff800000 x22=0x00000000
      98505.000 ns	      9849	80001fb0	f0010cd3	fmv.w.x	f25,x2	  x2:0x80040fe4 f25=0x80040fe4
      98875.000 ns	      9886	80001fb4	02ab6033	rem	x0,x22,x10	 x22:0x00000000 x10:0x00000001
      98905.000 ns	      9889	80001fb8	c0157fd3	fcvt.wu.s	x31,f10	 f10:0x7fc00000 x31=0xffffffff
      98925.000 ns	      9891	80001fbc	015ba933	slt	x18,x23,x21	 x23:0xab32da24 x21:0xfffffb8e x18=0x00000001
      98945.000 ns	      9893	80001fc0	d003ff53	fcvt.s.w	f30,x7	  x7:0xffffffff f30=0xbf800000
      98975.000 ns	      9896	80001fc4	e00a1553	fclass.s	x10,f20	 f20:0x00000000 x10=0x00000010
      99005.000 ns	      9899	80001fc8	032691b3	mulh	x3,x13,x18	 x13:0x00000000 x18:0x00000001  x3=0x00000000
      99045.000 ns	      9903	80001fcc	1901f353	fdiv.s	f6,f3,f16	  f3:0x7fc00000 f16:0xff800000  f6=0x7fc00000
      99075.000 ns	      9906	80001fd0	d011f9d3	fcvt.s.wu	f19,x3	  x3:0x00000000 f19=0x00000000
     100255.000 ns	     10024	80001fd4	5804fb53	fsqrt.s	f22,f9	  f9:0x4f5fffd0 f22=0x471e6432
     100275.000 ns	     10026	80001fd8	0092a533	slt	x10,x5,x9	  x5:0x00000007  x9:0x00000000 x10=0x00000000
     100295.000 ns	     10028	80001fdc	21578bd3	fsgnj.s	f23,f15,f21	 f15:0x3fb504f6 f21:0xf24b5688 f23=0xbfb504f6
     100315.000 ns	     10030	80001fe0	01341ab3	sll	x21,x8,x19	  x8:0x00000000 x19:0xffffffff x21=0x00000000
     100325.000 ns	     10031	80001fe4	01e4d293	srli	x5,x9,0x1e	  x9:0x00000000  x5=0x00000000
     100345.000 ns	     10033	80001fe8	e0069dd3	fclass.s	x27,f13	 f13:0x00000000 x27=0x00000010
     100375.000 ns	     10036	80001fec	03e6bfb3	mulhu	x31,x13,x30	 x13:0x00000000 x30:0x00000000 x31=0x00000000
     100415.000 ns	     10040	80001ff0	182ff8d3	fdiv.s	f17,f31,f2	 f31:0xff800000  f2:0xf24b5688 f17=0x7f800000
     100435.000 ns	     10042	80001ff4	24325eb7	lui	x29,0x24325	 x29=0x24325000
     100465.000 ns	     10045	80001ff8	58047b53	fsqrt.s	f22,f8	  f8:0x80000000 f22=0x80000000
     100485.000 ns	     10047	80001ffc	a82a6b13	ori	x22,x20,-1406	 x20:0x00000001 x22=0xfffffa83
     100505.000 ns	     10049	80002000	03638233	mul	x4,x7,x22	  x7:0xffffffff x22:0x00000000  x4=0x0000057d
     100525.000 ns	     10051	80002004	2c696f93	ori	x31,x18,710	 x18:0x00000001 x31=0x000002c7
     100545.000 ns	     10053	80002008	03d899b3	mulh	x19,x17,x29	 x17:0x00000000 x29:0x24325000 x19=0x00000000
     100575.000 ns	     10056	8000200c	a0428c53	fle.s	x24,f5,f4	  f5:0x7fc00000  f4:0xbf800000 x24=0x00000000
     100595.000 ns	     10058	80002010	01868cb3	add	x25,x13,x24	 x13:0x00000000 x24:0x00000000 x25=0x00000000
     100615.000 ns	     10060	80002014	20dd8d53	fsgnj.s	f26,f27,f13	 f27:0x7f800000 f13:0x00000000 f26=0x7f800000
     100635.000 ns	     10062	80002018	00000013	addi	x0,x0,0	  x0:0x00000000
     100645.000 ns	     10063	8000201c	0087f8b3	and	x17,x15,x8	 x15:0x00000000  x8:0x00000000 x17=0x00000000
     100665.000 ns	     10065	80002020	0238e2b3	rem	x5,x17,x3	 x17:0x00000000  x3:0x00000000  x5=0x00000000
     100695.000 ns	     10068	80002024	d00e74d3	fcvt.s.w	f9,x28	 x28:0x80041024  f9=0xcefff7df
     100715.000 ns	     10070	80002028	8103ca93	xori	x21,x7,-2032	  x7:0xffffffff x21=0x000007ef
     100725.000 ns	     10071	8000202c	d9663b13	sltiu	x22,x12,-618	 x12:0xbf800000 x22=0x00000001
     100745.000 ns	     10073	80002030	0263f033	remu	x0,x7,x6	  x7:0xffffffff  x6:0x00000000
     100765.000 ns	     10075	80002034	4004d6b3	sra	x13,x9,x0	  x9:0x00000000  x0:0x00000000 x13=0x00000000
     100775.000 ns	     10076	80002038	012dd713	srli	x14,x27,0x12	 x27:0x00000010 x14=0x00000000
     100785.000 ns	     10077	8000203c	00bd1ab3	sll	x21,x26,x11	 x26:0x00000000 x11:0xf24b5688 x21=0x00000000
     100795.000 ns	     10078	80002040	c6054eb7	lui	x29,0xc6054	 x29=0xc6054000
     100805.000 ns	     10079	80002044	00933ab3	sltu	x21,x6,x9	  x6:0x00000000  x9:0x00000000 x21=0x00000000
     101165.000 ns	     10115	80002048	037feeb3	rem	x29,x31,x23	 x31:0x000002c7 x23:0xab32da24 x29=0x000002c7
     101185.000 ns	     10117	8000204c	00b32533	slt	x10,x6,x11	  x6:0x00000000 x11:0xf24b5688 x10=0x00000000
     101205.000 ns	     10119	80002050	f00d0cd3	fmv.w.x	f25,x26	 x26:0x00000000 f25=0x00000000
     101225.000 ns	     10121	80002054	8b060397	auipc	x7,0x8b060	  x7=0x0b062054
     101245.000 ns	     10123	80002058	c01dafd3	fcvt.wu.s	x31,f27	 f27:0x7f800000 x31=0xffffffff
     101275.000 ns	     10126	8000205c	21a41553	fsgnjn.s	f10,f8,f26	  f8:0x80000000 f26:0x7f800000 f10=0x80000000
     101305.000 ns	     10129	80002060	029e5333	divu	x6,x28,x9	 x28:0x80041024  x9:0x00000000  x6=0xffffffff
     101335.000 ns	     10132	80002064	e00a1553	fclass.s	x10,f20	 f20:0x00000000 x10=0x00000010
     101385.000 ns	     10137	80002068	018823d3	fadd.s	f7,f16,f24	 f16:0xff800000 f24:0xff800000  f7=0x80000000
     101415.000 ns	     10140	8000206c	215e1053	fsgnjn.s	f0,f28,f21	 f28:0x4f5bf4d0 f21:0xf24b5688  f0=0x4f5bf4d0
     101435.000 ns	     10142	80002070	008e6733	or	x14,x28,x8	 x28:0x80041024  x8:0x00000000 x14=0x80041024
     101445.000 ns	     10143	80002074	0111b833	sltu	x16,x3,x17	  x3:0x00000000 x17:0x00000000 x16=0x00000000
     101455.000 ns	     10144	80002078	661e8c13	addi	x24,x29,1633	 x29:0x000002c7 x24=0x00000928
     101475.000 ns	     10146	8000207c	d009f853	fcvt.s.w	f16,x19	 x19:0x00000000 f16=0x00000000
     101495.000 ns	     10148	80002080	00171c93	slli	x25,x14,0x1	 x14:0x80041024 x25=0x00082048
     101515.000 ns	     10150	80002084	210886d3	fsgnj.s	f13,f17,f16	 f17:0x7f800000 f16:0x00000000 f13=0x7f800000
     101535.000 ns	     10152	80002088	00000013	addi	x0,x0,0	  x0:0x00000000
     101575.000 ns	     10156	8000208c	0186a953	fadd.s	f18,f13,f24	 f13:0x7f800000 f24:0xff800000 f18=0x80000000
     101605.000 ns	     10159	80002090	c004ffd3	fcvt.w.s	x31,f9	  f9:0xcefff7df x31=0x7ffbef80
     101635.000 ns	     10162	80002094	21392753	fsgnjx.s	f14,f18,f19	 f18:0x80000000 f19:0x00000000 f14=0x80000000
     101655.000 ns	     10164	80002098	6fba8713	addi	x14,x21,1787	 x21:0x00000000 x14=0x000006fb
     101675.000 ns	     10166	8000209c	02c72eb3	mulhsu	x29,x14,x12	 x14:0x80041024 x12:0xbf800000 x29=0x00000538
     101705.000 ns	     10169	800020a0	a0db06d3	fle.s	x13,f22,f13	 f22:0x80000000 f13:0x7f800000 x13=0x00000001
     101725.000 ns	     10171	800020a4	411bdd33	sra	x26,x23,x17	 x23:0xab32da24 x17:0x00000000 x26=0xab32da24
     101745.000 ns	     10173	800020a8	02dd1733	mulh	x14,x26,x13	 x26:0x00000000 x13:0x00000001 x14=0xffffffff
     101765.000 ns	     10175	800020ac	3fcc0f17	auipc	x30,0x3fcc0	 x30=0xbfcc20ac
     101785.000 ns	     10177	800020b0	02f48933	mul	x18,x9,x15	  x9:0x00000000 x15:0x00000000 x18=0x00000000
     101805.000 ns	     10179	800020b4	ca9f6497	auipc	x9,0xca9f6	  x9=0x4a9f80b4
     101815.000 ns	     10180	800020b8	0041fcb3	and	x25,x3,x4	  x3:0x00000000  x4:0x0000057d x25=0x00000000
     101835.000 ns	     10182	800020bc	2161a5d3	fsgnjx.s	f11,f3,f22	  f3:0x7fc00000 f22:0x80000000 f11=0xffc00000
     101865.000 ns	     10185	800020c0	205924d3	fsgnjx.s	f9,f18,f5	 f18:0x80000000  f5:0x7fc00000  f9=0x80000000
     101895.000 ns	     10188	800020c4	e00f14d3	fclass.s	x9,f30	 f30:0xbf800000  x9=0x00000002
     101925.000 ns	     10191	800020c8	29290cd3	fmin.s	f25,f18,f18	 f18:0x80000000 f18:0x80000000 f25=0x80000000
     101945.000 ns	     10193	800020cc	6bfdbf93	sltiu	x31,x27,1727	 x27:0x00000010 x31=0x00000001
     101955.000 ns	     10194	800020d0	0126c6b3	xor	x13,x13,x18	 x13:0x00000001 x18:0x00000000 x13=0x00000001
     101975.000 ns	     10196	800020d4	d016ff53	fcvt.s.wu	f30,x13	 x13:0x00000001 f30=0x3f800000
     102005.000 ns	     10199	800020d8	f0018ed3	fmv.w.x	f29,x3	  x3:0x00000000 f29=0x00000000
     102025.000 ns	     10201	800020dc	01e04833	xor	x16,x0,x30	  x0:0x00000000 x30:0xbfcc20ac x16=0xbfcc20ac
     102045.000 ns	     10203	800020e0	f00905d3	fmv.w.x	f11,x18	 x18:0x00000000 f11=0x00000000
     102065.000 ns	     10205	800020e4	00d8d893	srli	x17,x17,0xd	 x17:0x00000000 x17=0x00000000
     102075.000 ns	     10206	800020e8	01dbbfb3	sltu	x31,x23,x29	 x23:0xab32da24 x29:0x00000538 x31=0x00000000
     102085.000 ns	     10207	800020ec	01477533	and	x10,x14,x20	 x14:0xffffffff x20:0x00000001 x10=0x00000001
     102105.000 ns	     10209	800020f0	02327333	remu	x6,x4,x3	  x4:0x0000057d  x3:0x00000000  x6=0x0000057d
     102125.000 ns	     10211	800020f4	0127a733	slt	x14,x15,x18	 x15:0x00000000 x18:0x00000000 x14=0x00000000
     102135.000 ns	     10212	800020f8	00566db3	or	x27,x12,x5	 x12:0xbf800000  x5:0x00000000 x27=0xbf800000
     102155.000 ns	     10214	800020fc	d004f853	fcvt.s.w	f16,x9	  x9:0x00000002 f16=0x40000000
     102175.000 ns	     10216	80002100	01dc8ab3	add	x21,x25,x29	 x25:0x00000000 x29:0x00000538 x21=0x00000538
     102185.000 ns	     10217	80002104	01bc5d93	srli	x27,x24,0x1b	 x24:0x00000928 x27=0x00000000
     102205.000 ns	     10219	80002108	c0078853	fcvt.w.s	x16,f15	 f15:0x3fb504f6 x16=0x00000001
     102225.000 ns	     10221	8000210c	016a87b3	add	x15,x21,x22	 x21:0x00000538 x22:0x00000001 x15=0x00000539
     102245.000 ns	     10223	80002110	212c82d3	fsgnj.s	f5,f25,f18	 f25:0x80000000 f18:0x80000000  f5=0x80000000
     102275.000 ns	     10226	80002114	c012fa53	fcvt.wu.s	x20,f5	  f5:0x7fc00000 x20=0x00000000
     102295.000 ns	     10228	80002118	00d85313	srli	x6,x16,0xd	 x16:0x00000001  x6=0x00000000
     102305.000 ns	     10229	8000211c	00cf3d33	sltu	x26,x30,x12	 x30:0xbfcc20ac x12:0xbf800000 x26=0x00000000
     102315.000 ns	     10230	80002120	59db8093	addi	x1,x23,1437	 x23:0xab32da24  x1=0xab32dfc1
     102325.000 ns	     10231	80002124	000aefb3	or	x31,x21,x0	 x21:0x00000538  x0:0x00000000 x31=0x00000538
     102345.000 ns	     10233	80002128	02660d33	mul	x26,x12,x6	 x12:0xbf800000  x6:0x00000000 x26=0x00000000
     102375.000 ns	     10236	8000212c	f0008753	fmv.w.x	f14,x1	  x1:0xab32dfc1 f14=0xab32dfc1
     102395.000 ns	     10238	80002130	004430b3	sltu	x1,x8,x4	  x8:0x00000000  x4:0x0000057d  x1=0x00000001
     102405.000 ns	     10239	80002134	0038d613	srli	x12,x17,0x3	 x17:0x00000000 x12=0x00000000
     102445.000 ns	     10243	80002138	00570253	fadd.s	f4,f14,f5	 f14:0xab32dfc1  f5:0x80000000  f4=0xab32dfc1
     102475.000 ns	     10246	8000213c	f00088d3	fmv.w.x	f17,x1	  x1:0x00000001 f17=0x00000001
     102505.000 ns	     10249	80002140	02b28ab3	mul	x21,x5,x11	  x5:0x00000000 x11:0xf24b5688 x21=0x00000000
     102555.000 ns	     10254	80002144	01c8ffd3	fadd.s	f31,f17,f28	 f17:0x00000001 f28:0x4f5bf4d0 f31=0x4f5bf4d0
     102575.000 ns	     10256	80002148	7cc2a713	slti	x14,x5,1996	  x5:0x00000000 x14=0x00000001
     102595.000 ns	     10258	8000214c	212d25d3	fsgnjx.s	f11,f26,f18	 f26:0x7f800000 f18:0x80000000 f11=0xff800000
     102965.000 ns	     10295	80002150	0220e733	rem	x14,x1,x2	  x1:0x00000001  x2:0x80040fe4 x14=0x00000001
     102995.000 ns	     10298	80002154	d018a6d3	fcvt.s.wu	f13,x17	 x17:0x00000000 f13=0x00000000
     103025.000 ns	     10301	80002158	21030ed3	fsgnj.s	f29,f6,f16	  f6:0x7fc00000 f16:0x40000000 f29=0x7fc00000
     103045.000 ns	     10303	8000215c	003af6b3	and	x13,x21,x3	 x21:0x00000000  x3:0x00000000 x13=0x00000000
     103065.000 ns	     10305	80002160	029a2233	mulhsu	x4,x20,x9	 x20:0x00000000  x9:0x00000002  x4=0x00000000
     103115.000 ns	     10310	80002164	09cb7853	fsub.s	f16,f22,f28	 f22:0x80000000 f28:0x4f5bf4d0 f16=0xcf5bf4d0
     103135.000 ns	     10312	80002168	00b44c33	xor	x24,x8,x11	  x8:0x00000000 x11:0xf24b5688 x24=0xf24b5688
     103155.000 ns	     10314	8000216c	02c0ec33	rem	x24,x1,x12	  x1:0x00000001 x12:0x00000000 x24=0x00000001
     103205.000 ns	     10319	80002170	08f5f5d3	fsub.s	f11,f11,f15	 f11:0xff800000 f15:0x3fb504f6 f11=0xff800000
     103225.000 ns	     10321	80002174	6e8ac913	xori	x18,x21,1768	 x21:0x00000000 x18=0x000006e8
     103245.000 ns	     10323	80002178	026fbcb3	mulhu	x25,x31,x6	 x31:0x00000538  x6:0x00000000 x25=0x00000000
     103265.000 ns	     10325	8000217c	00000013	addi	x0,x0,0	  x0:0x00000000
     103285.000 ns	     10327	80002180	e0099653	fclass.s	x12,f19	 f19:0x00000000 x12=0x00000010
     103305.000 ns	     10329	80002184	00862633	slt	x12,x12,x8	 x12:0x00000000  x8:0x00000000 x12=0x00000000
     103315.000 ns	     10330	80002188	00169f93	slli	x31,x13,0x1	 x13:0x00000000 x31=0x00000000
     103335.000 ns	     10332	8000218c	207d8bd3	fsgnj.s	f23,f27,f7	 f27:0x7f800000  f7:0x80000000 f23=0xff800000
     103355.000 ns	     10334	80002190	671fc697	auipc	x13,0x671fc	 x13=0xe71fe190
     103715.000 ns	     10370	80002194	02d7d1b3	divu	x3,x15,x13	 x15:0x00000539 x13:0x00000000  x3=0x00000000
     103735.000 ns	     10372	80002198	00530033	add	x0,x6,x5	  x6:0x00000000  x5:0x00000000
     103755.000 ns	     10374	8000219c	031f97b3	mulh	x15,x31,x17	 x31:0x00000000 x17:0x00000000 x15=0x00000000
     103775.000 ns	     10376	800021a0	00000013	addi	x0,x0,0	  x0:0x00000000
     103785.000 ns	     10377	800021a4	ffaf32b7	lui	x5,0xffaf3	  x5=0xffaf3000
     103805.000 ns	     10379	800021a8	d005f653	fcvt.s.w	f12,x11	 x11:0xf24b5688 f12=0xcd5b4a97
     103825.000 ns	     10381	800021ac	01bc6db3	or	x27,x24,x27	 x24:0x00000001 x27:0x00000000 x27=0x00000001
     103835.000 ns	     10382	800021b0	01ef4033	xor	x0,x30,x30	 x30:0xbfcc20ac x30:0xbfcc20ac
     103855.000 ns	     10384	800021b4	02454333	div	x6,x10,x4	 x10:0x00000001  x4:0x00000000  x6=0xffffffff
     103875.000 ns	     10386	800021b8	01765713	srli	x14,x12,0x17	 x12:0x00000000 x14=0x00000000
     103885.000 ns	     10387	800021bc	41ce5db3	sra	x27,x28,x28	 x28:0x80041024 x28:0x80041024 x27=0xf8004102
     103925.000 ns	     10391	800021c0	01c91253	fadd.s	f4,f18,f28	 f18:0x80000000 f28:0x4f5bf4d0  f4=0x4f5bf4d0
     103945.000 ns	     10393	800021c4	008cea33	or	x20,x25,x8	 x25:0x00000000  x8:0x00000000 x20=0x00000000
     103955.000 ns	     10394	800021c8	01c4c333	xor	x6,x9,x28	  x9:0x00000002 x28:0x80041024  x6=0x80041026
     103995.000 ns	     10398	800021cc	01cafe53	fadd.s	f28,f21,f28	 f21:0xf24b5688 f28:0x4f5bf4d0 f28=0xf24b5688
     104015.000 ns	     10400	800021d0	41345f13	srai	x30,x8,0x13	  x8:0x00000000 x30=0x00000000
     104035.000 ns	     10402	800021d4	f00187d3	fmv.w.x	f15,x3	  x3:0x00000000 f15=0x00000000
     104055.000 ns	     10404	800021d8	41b9d4b3	sra	x9,x19,x27	 x19:0x00000000 x27:0xf8004102  x9=0x00000000
     104075.000 ns	     10406	800021dc	c004f7d3	fcvt.w.s	x15,f9	  f9:0x80000000 x15=0x00000000
     104115.000 ns	     10410	800021e0	1161fed3	fmul.s	f29,f3,f22	  f3:0x7fc00000 f22:0x80000000 f29=0x7fc00000
     104145.000 ns	     10413	800021e4	215ba953	fsgnjx.s	f18,f23,f21	 f23:0xff800000 f21:0xf24b5688 f18=0x7f800000
     104185.000 ns	     10417	800021e8	58097ad3	fsqrt.s	f21,f18	 f18:0x80000000 f21=0x7f800000
     104205.000 ns	     10419	800021ec	e3dcf813	andi	x16,x25,-451	 x25:0x00000000 x16=0x00000000
     104215.000 ns	     10420	800021f0	01271bb3	sll	x23,x14,x18	 x14:0x00000000 x18:0x000006e8 x23=0x00000000
     104235.000 ns	     10422	800021f4	03590233	mul	x4,x18,x21	 x18:0x000006e8 x21:0x00000000  x4=0x00000000
     104265.000 ns	     10425	800021f8	211b28d3	fsgnjx.s	f17,f22,f17	 f22:0x80000000 f17:0x00000001 f17=0x80000000
     104295.000 ns	     10428	800021fc	0357b3b3	mulhu	x7,x15,x21	 x15:0x00000000 x21:0x00000000  x7=0x00000000
     104325.000 ns	     10431	80002200	a06e0f53	fle.s	x30,f28,f6	 f28:0xf24b5688  f6:0x7fc00000 x30=0x00000000
     104345.000 ns	     10433	80002204	00a3acb3	slt	x25,x7,x10	  x7:0x00000000 x10:0x00000001 x25=0x00000001
     104385.000 ns	     10437	80002208	092a7553	fsub.s	f10,f20,f18	 f20:0x00000000 f18:0x7f800000 f10=0xff800000
     104415.000 ns	     10440	8000220c	02e7c9b3	div	x19,x15,x14	 x15:0x00000000 x14:0x00000000 x19=0xffffffff
     104445.000 ns	     10443	80002210	21ba8f53	fsgnj.s	f30,f21,f27	 f21:0x7f800000 f27:0x7f800000 f30=0x7f800000
     104465.000 ns	     10445	80002214	0081ffb3	and	x31,x3,x8	  x3:0x00000000  x8:0x00000000 x31=0x00000000
     104485.000 ns	     10447	80002218	d00774d3	fcvt.s.w	f9,x14	 x14:0x00000000  f9=0x00000000
     104505.000 ns	     10449	8000221c	552e0313	addi	x6,x28,1362	 x28:0x80041024  x6=0x80041576
     104545.000 ns	     10453	80002220	0992f053	fsub.s	f0,f5,f25	  f5:0x80000000 f25:0x80000000  f0=0x00000000
     104575.000 ns	     10456	80002224	219a0e53	fsgnj.s	f28,f20,f25	 f20:0x00000000 f25:0x80000000 f28=0x80000000
     104605.000 ns	     10459	80002228	a15213d3	flt.s	x7,f4,f21	  f4:0x4f5bf4d0 f21:0x7f800000  x7=0x00000001
     104625.000 ns	     10461	8000222c	ccacc193	xori	x3,x25,-822	 x25:0x00000001  x3=0xfffffccb
     104635.000 ns	     10462	80002230	416701b3	sub	x3,x14,x22	 x14:0x00000000 x22:0x00000001  x3=0xffffffff
     104665.000 ns	     10465	80002234	11702cd3	fmul.s	f25,f0,f23	  f0:0x00000000 f23:0xff800000 f25=0x7fc00000
     104695.000 ns	     10468	80002238	214b02d3	fsgnj.s	f5,f22,f20	 f22:0x80000000 f20:0x00000000  f5=0x00000000
     104725.000 ns	     10471	8000223c	02475db3	divu	x27,x14,x4	 x14:0x00000000  x4:0x00000000 x27=0xffffffff
     104745.000 ns	     10473	80002240	005597b3	sll	x15,x11,x5	 x11:0xf24b5688  x5:0xffaf3000 x15=0xf24b5688
     104755.000 ns	     10474	80002244	016c40b3	xor	x1,x24,x22	 x24:0x00000001 x22:0x00000001  x1=0x00000000
     104765.000 ns	     10475	80002248	a0f04d13	xori	x26,x0,-1521	  x0:0x00000000 x26=0xfffffa0f
     105125.000 ns	     10511	8000224c	0270f333	remu	x6,x1,x7	  x1:0x00000001  x7:0x00000001  x6=0x00000000
     105145.000 ns	     10513	80002250	bc102c93	slti	x25,x0,-1087	  x0:0x00000000 x25=0x00000000
     105165.000 ns	     10515	80002254	a1080cd3	fle.s	x25,f16,f16	 f16:0xcf5bf4d0 f16:0xcf5bf4d0 x25=0x00000001
     105185.000 ns	     10517	80002258	01234433	xor	x8,x6,x18	  x6:0x00000000 x18:0x000006e8  x8=0x000006e8
     105195.000 ns	     10518	8000225c	01525913	srli	x18,x4,0x15	  x4:0x00000000 x18=0x00000000
     105215.000 ns	     10520	80002260	20aea5d3	fsgnjx.s	f11,f29,f10	 f29:0x7fc00000 f10:0xff800000 f11=0xffc00000
     105245.000 ns	     10523	80002264	c0181fd3	fcvt.wu.s	x31,f16	 f16:0xcf5bf4d0 x31=0xdbf4d000
     105265.000 ns	     10525	80002268	0102dcb3	srl	x25,x5,x16	  x5:0xffaf3000 x16:0x00000000 x25=0xffaf3000
     105275.000 ns	     10526	8000226c	015c9493	slli	x9,x25,0x15	 x25:0x00000001  x9=0x00000000
     105285.000 ns	     10527	80002270	73f82613	slti	x12,x16,1855	 x16:0x00000000 x12=0x00000001
     105305.000 ns	     10529	80002274	a14da653	feq.s	x12,f27,f20	 f27:0x7f800000 f20:0x00000000 x12=0x00000000
     105325.000 ns	     10531	80002278	4d672613	slti	x12,x14,1238	 x14:0x00000000 x12=0x00000001
     105355.000 ns	     10534	8000227c	5808b453	fsqrt.s	f8,f17	 f17:0x80000000  f8=0x80000000
     105375.000 ns	     10536	80002280	012d38b3	sltu	x17,x26,x18	 x26:0xfffffa0f x18:0x00000000 x17=0x00000000
     105385.000 ns	     10537	80002284	01df5033	srl	x0,x30,x29	 x30:0x00000000 x29:0x00000538
     105395.000 ns	     10538	80002288	f05eb713	sltiu	x14,x29,-251	 x29:0x00000538 x14=0x00000001
     105405.000 ns	     10539	8000228c	40da5013	srai	x0,x20,0xd	 x20:0x00000000
     105425.000 ns	     10541	80002290	02fd2bb3	mulhsu	x23,x26,x15	 x26:0xfffffa0f x15:0xf24b5688 x23=0xfffffa60
     105455.000 ns	     10544	80002294	20cc08d3	fsgnj.s	f17,f24,f12	 f24:0xff800000 f12:0xcd5b4a97 f17=0xff800000
     105475.000 ns	     10546	80002298	78544713	xori	x14,x8,1925	  x8:0x000006e8 x14=0x0000016d
     105485.000 ns	     10547	8000229c	40ac0a33	sub	x20,x24,x10	 x24:0x00000001 x10:0x00000001 x20=0x00000000
     105845.000 ns	     10583	800022a0	033f5933	divu	x18,x30,x19	 x30:0x00000000 x19:0xffffffff x18=0x00000000
     105895.000 ns	     10588	800022a4	010b7ad3	fadd.s	f21,f22,f16	 f22:0x80000000 f16:0xcf5bf4d0 f21=0xcf5bf4d0
     105925.000 ns	     10591	800022a8	036dbc33	mulhu	x24,x27,x22	 x27:0xffffffff x22:0x00000001 x24=0x00000000
     105945.000 ns	     10593	800022ac	0104adb3	slt	x27,x9,x16	  x9:0x00000000 x16:0x00000000 x27=0x00000000
     105965.000 ns	     10595	800022b0	02a13bb3	mulhu	x23,x2,x10	  x2:0x80040fe4 x10:0x00000001 x23=0x00000000
     105995.000 ns	     10598	800022b4	035ae533	rem	x10,x21,x21	 x21:0x00000000 x21:0x00000000 x10=0x00000000
     106365.000 ns	     10635	800022b8	02b8ec33	rem	x24,x17,x11	 x17:0x00000000 x11:0xf24b5688 x24=0x00000000
     106385.000 ns	     10637	800022bc	6f19d797	auipc	x15,0x6f19d	 x15=0xef19f2bc
     106405.000 ns	     10639	800022c0	d00a98d3	fcvt.s.w	f17,x21	 x21:0x00000000 f17=0x00000000
     106425.000 ns	     10641	800022c4	00fe5933	srl	x18,x28,x15	 x28:0x80041024 x15:0xf24b5688 x18=0x00000008
     106445.000 ns	     10643	800022c8	f0090dd3	fmv.w.x	f27,x18	 x18:0x00000000 f27=0x00000008
     106475.000 ns	     10646	800022cc	f00508d3	fmv.w.x	f17,x10	 x10:0x00000000 f17=0x00000000
     106495.000 ns	     10648	800022d0	01c1f3b3	and	x7,x3,x28	  x3:0xffffffff x28:0x80041024  x7=0x80041024
     106515.000 ns	     10650	800022d4	0255b933	mulhu	x18,x11,x5	 x11:0xf24b5688  x5:0xffaf3000 x18=0xf1feda1f
     106545.000 ns	     10653	800022d8	299701d3	fmin.s	f3,f14,f25	 f14:0xab32dfc1 f25:0x7fc00000  f3=0xab32dfc1
     106565.000 ns	     10655	800022dc	84c7b213	sltiu	x4,x15,-1972	 x15:0xef19f2bc  x4=0x00000001
     106585.000 ns	     10657	800022e0	c01cf6d3	fcvt.wu.s	x13,f25	 f25:0x7fc00000 x13=0xffffffff
     106635.000 ns	     10662	800022e4	009f4653	fadd.s	f12,f30,f9	 f30:0x7f800000  f9:0x00000000 f12=0x7f800000
     106665.000 ns	     10665	800022e8	02b99db3	mulh	x27,x19,x11	 x19:0xffffffff x11:0xf24b5688 x27=0x00000000
     106685.000 ns	     10667	800022ec	7afeaf93	slti	x31,x29,1967	 x29:0x00000538 x31=0x00000001
     106705.000 ns	     10669	800022f0	e0029553	fclass.s	x10,f5	  f5:0x00000000 x10=0x00000010
     106735.000 ns	     10672	800022f4	c00647d3	fcvt.w.s	x15,f12	 f12:0x7f800000 x15=0x7fffffff
     106755.000 ns	     10674	800022f8	7cd2e097	auipc	x1,0x7cd2e	  x1=0xfcd302f8
     106765.000 ns	     10675	800022fc	be904a13	xori	x20,x0,-1047	  x0:0x00000000 x20=0xfffffbe9
     107125.000 ns	     10711	80002300	03faf3b3	remu	x7,x21,x31	 x21:0x00000000 x31:0x00000001  x7=0x00000000
     107145.000 ns	     10713	80002304	00be84b3	add	x9,x29,x11	 x29:0x00000538 x11:0xf24b5688  x9=0xf24b5bc0
     107155.000 ns	     10714	80002308	00f4a3b3	slt	x7,x9,x15	  x9:0x00000000 x15:0x7fffffff  x7=0x00000001
     107175.000 ns	     10716	8000230c	a0672dd3	feq.s	x27,f14,f6	 f14:0xab32dfc1  f6:0x7fc00000 x27=0x00000000
     107195.000 ns	     10718	80002310	12db7513	andi	x10,x22,301	 x22:0x00000001 x10=0x00000001
     107205.000 ns	     10719	80002314	8b647513	andi	x10,x8,-1866	  x8:0x000006e8 x10=0x000000a0
     107215.000 ns	     10720	80002318	49493a93	sltiu	x21,x18,1172	 x18:0xf1feda1f x21=0x00000000
     107225.000 ns	     10721	8000231c	9b397613	andi	x12,x18,-1613	 x18:0xf1feda1f x12=0xf1fed813
     107585.000 ns	     10757	80002320	02d1cb33	div	x22,x3,x13	  x3:0xffffffff x13:0xffffffff x22=0x00000001
     107615.000 ns	     10760	80002324	e00307d3	fmv.x.w	x15,f6	  f6:0x7fc00000 x15=0x7fc00000
     107635.000 ns	     10762	80002328	000a9393	slli	x7,x21,0x0	 x21:0x00000000  x7=0x00000000
     107675.000 ns	     10766	8000232c	0087bf53	fadd.s	f30,f15,f8	 f15:0x00000000  f8:0x80000000 f30=0x80000000
     107695.000 ns	     10768	80002330	01e2cfb3	xor	x31,x5,x30	  x5:0xffaf3000 x30:0x00000000 x31=0xffaf3000
     107705.000 ns	     10769	80002334	41aa8933	sub	x18,x21,x26	 x21:0x00000000 x26:0xfffffa0f x18=0x000005f1
     107725.000 ns	     10771	80002338	e00017d3	fclass.s	x15,f0	  f0:0x00000000 x15=0x00000010
     107745.000 ns	     10773	8000233c	01bac933	xor	x18,x21,x27	 x21:0x00000000 x27:0x00000000 x18=0x00000000
     108105.000 ns	     10809	80002340	02f05c33	divu	x24,x0,x15	  x0:0x00000000 x15:0x00000010 x24=0x00000000
     108125.000 ns	     10811	80002344	f4313293	sltiu	x5,x2,-189	  x2:0x80040fe4  x5=0x00000001
     108145.000 ns	     10813	80002348	031b2db3	mulhsu	x27,x22,x17	 x22:0x00000001 x17:0x00000000 x27=0x00000000
     108175.000 ns	     10816	8000234c	206b27d3	fsgnjx.s	f15,f22,f6	 f22:0x80000000  f6:0x7fc00000 f15=0x80000000
     108205.000 ns	     10819	80002350	c015c9d3	fcvt.wu.s	x19,f11	 f11:0xffc00000 x19=0xffffffff
     108255.000 ns	     10824	80002354	081c7453	fsub.s	f8,f24,f1	 f24:0xff800000  f1:0xcf5fffd0  f8=0xff800000
     108625.000 ns	     10861	80002358	0231f833	remu	x16,x3,x3	  x3:0xffffffff  x3:0xffffffff x16=0x00000000
     108655.000 ns	     10864	8000235c	e00183d3	fmv.x.w	x7,f3	  f3:0xab32dfc1  x7=0xab32dfc1
     108675.000 ns	     10866	80002360	407fdfb3	sra	x31,x31,x7	 x31:0xffaf3000  x7:0x00000000 x31=0xffd79800
     108685.000 ns	     10867	80002364	01341093	slli	x1,x8,0x13	  x8:0x000006e8  x1=0x37400000
     108695.000 ns	     10868	80002368	1c32d4b7	lui	x9,0x1c32d	  x9=0x1c32d000
     108715.000 ns	     10870	8000236c	e00d0a53	fmv.x.w	x20,f26	 f26:0x7f800000 x20=0x7f800000
     108745.000 ns	     10873	80002370	d0137553	fcvt.s.wu	f10,x6	  x6:0x00000000 f10=0x00000000
     108775.000 ns	     10876	80002374	02d2a9b3	mulhsu	x19,x5,x13	  x5:0x00000001 x13:0xffffffff x19=0x00000000
     108795.000 ns	     10878	80002378	408e8033	sub	x0,x29,x8	 x29:0x00000538  x8:0x000006e8
     108815.000 ns	     10880	8000237c	20ff1653	fsgnjn.s	f12,f30,f15	 f30:0x80000000 f15:0x80000000 f12=0x00000000
     108845.000 ns	     10883	80002380	f0020853	fmv.w.x	f16,x4	  x4:0x00000001 f16=0x00000001
     108865.000 ns	     10885	80002384	412b5433	sra	x8,x22,x18	 x22:0x00000001 x18:0x00000000  x8=0x00000001
     108875.000 ns	     10886	80002388	005307b3	add	x15,x6,x5	  x6:0x00000000  x5:0x00000001 x15=0x00000001
     108895.000 ns	     10888	8000238c	a14789d3	fle.s	x19,f15,f20	 f15:0x80000000 f20:0x00000000 x19=0x00000001
     108915.000 ns	     10890	80002390	01b63933	sltu	x18,x12,x27	 x12:0xf1fed813 x27:0x00000000 x18=0x00000000
     108925.000 ns	     10891	80002394	41a258b3	sra	x17,x4,x26	  x4:0x00000001 x26:0xfffffa0f x17=0x00000000
     108935.000 ns	     10892	80002398	413f5ab3	sra	x21,x30,x19	 x30:0x00000000 x19:0x00000001 x21=0x00000000
     108955.000 ns	     10894	8000239c	a1f22753	feq.s	x14,f4,f31	  f4:0x4f5bf4d0 f31:0x4f5bf4d0 x14=0x00000001
     108975.000 ns	     10896	800023a0	9e077913	andi	x18,x14,-1568	 x14:0x0000016d x18=0x00000000
     108995.000 ns	     10898	800023a4	29b38253	fmin.s	f4,f7,f27	  f7:0x80000000 f27:0x00000008  f4=0x80000000
     109365.000 ns	     10935	800023a8	024ce6b3	rem	x13,x25,x4	 x25:0xffaf3000  x4:0x00000001 x13=0x00000000
     109405.000 ns	     10939	800023ac	58007d53	fsqrt.s	f26,f0	  f0:0x00000000 f26=0x00000000
     109425.000 ns	     10941	800023b0	00df0933	add	x18,x30,x13	 x30:0x00000000 x13:0x00000000 x18=0x00000000
     109445.000 ns	     10943	800023b4	21e82cd3	fsgnjx.s	f25,f16,f30	 f16:0x00000001 f30:0x80000000 f25=0x80000001
     109475.000 ns	     10946	800023b8	20342dd3	fsgnjx.s	f27,f8,f3	  f8:0xff800000  f3:0xab32dfc1 f27=0x7f800000
     109515.000 ns	     10950	800023bc	11607553	fmul.s	f10,f0,f22	  f0:0x00000000 f22:0x80000000 f10=0x80000000
     109545.000 ns	     10953	800023c0	215a08d3	fsgnj.s	f17,f20,f21	 f20:0x00000000 f21:0xcf5bf4d0 f17=0x80000000
     109575.000 ns	     10956	800023c4	a12a0dd3	fle.s	x27,f20,f18	 f20:0x00000000 f18:0x7f800000 x27=0x00000001
     109595.000 ns	     10958	800023c8	0e44e393	ori	x7,x9,228	  x9:0x1c32d000  x7=0x1c32d0e4
     109615.000 ns	     10960	800023cc	20f6af53	fsgnjx.s	f30,f13,f15	 f13:0x00000000 f15:0x80000000 f30=0x80000000
     109635.000 ns	     10962	800023d0	42a6a513	slti	x10,x13,1066	 x13:0x00000000 x10=0x00000001
     109645.000 ns	     10963	800023d4	01de0a33	add	x20,x28,x29	 x28:0x80041024 x29:0x00000538 x20=0x8004155c
     109665.000 ns	     10965	800023d8	d00a7fd3	fcvt.s.w	f31,x20	 x20:0x7f800000 f31=0xcefff7d5
     109685.000 ns	     10967	800023dc	01349093	slli	x1,x9,0x13	  x9:0x1c32d000  x1=0x80000000
     109695.000 ns	     10968	800023e0	017faab3	slt	x21,x31,x23	 x31:0xffd79800 x23:0x00000000 x21=0x00000001
     109705.000 ns	     10969	800023e4	01641433	sll	x8,x8,x22	  x8:0x00000001 x22:0x00000001  x8=0x00000002
     109715.000 ns	     10970	800023e8	40895233	sra	x4,x18,x8	 x18:0x00000000  x8:0x00000001  x4=0x00000000
     109725.000 ns	     10971	800023ec	00389fb3	sll	x31,x17,x3	 x17:0x00000000  x3:0xffffffff x31=0x00000000
     109735.000 ns	     10972	800023f0	01fdd713	srli	x14,x27,0x1f	 x27:0x00000001 x14=0x00000000
     109755.000 ns	     10974	800023f4	c006acd3	fcvt.w.s	x25,f13	 f13:0x00000000 x25=0x00000000
     109775.000 ns	     10976	800023f8	734ee793	ori	x15,x29,1844	 x29:0x00000538 x15=0x0000073c
     109795.000 ns	     10978	800023fc	21788153	fsgnj.s	f2,f17,f23	 f17:0x80000000 f23:0xff800000  f2=0x80000000
     109825.000 ns	     10981	80002400	d01cf353	fcvt.s.wu	f6,x25	 x25:0x00000000  f6=0x00000000
     109855.000 ns	     10984	80002404	d00671d3	fcvt.s.w	f3,x12	 x12:0xf1fed813  f3=0xcd60127e
     109885.000 ns	     10987	80002408	d011f8d3	fcvt.s.wu	f17,x3	  x3:0xffffffff f17=0x4f7fffff
     109915.000 ns	     10990	8000240c	207d8253	fsgnj.s	f4,f27,f7	 f27:0x7f800000  f7:0x80000000  f4=0xff800000
     109955.000 ns	     10994	80002410	580aa8d3	fsqrt.s	f17,f21	 f21:0xcf5bf4d0 f17=0x7fc00000
     109975.000 ns	     10996	80002414	8622ad13	slti	x26,x5,-1950	  x5:0x00000001 x26=0x00000000
     109995.000 ns	     10998	80002418	d0007753	fcvt.s.w	f14,x0	  x0:0x00000000 f14=0x00000000
     110015.000 ns	     11000	8000241c	01526033	or	x0,x4,x21	  x4:0x00000000 x21:0x00000001
     110025.000 ns	     11001	80002420	dc80a2b7	lui	x5,0xdc80a	  x5=0xdc80a000
     110055.000 ns	     11004	80002424	5807b6d3	fsqrt.s	f13,f15	 f15:0x80000000 f13=0x80000000
     110085.000 ns	     11007	80002428	02fd8533	mul	x10,x27,x15	 x27:0x00000001 x15:0x0000073c x10=0x0000073c
     110105.000 ns	     11009	8000242c	001fadb3	slt	x27,x31,x1	 x31:0x00000000  x1:0x80000000 x27=0x00000000
     110135.000 ns	     11012	80002430	580576d3	fsqrt.s	f13,f10	 f10:0x80000000 f13=0x80000000
     110175.000 ns	     11016	80002434	195dfa53	fdiv.s	f20,f27,f21	 f27:0x7f800000 f21:0xcf5bf4d0 f20=0xff800000
     110205.000 ns	     11019	80002438	02a82db3	mulhsu	x27,x16,x10	 x16:0x00000000 x10:0x0000073c x27=0x00000000
     110245.000 ns	     11023	8000243c	5809c053	fsqrt.s	f0,f19	 f19:0x00000000  f0=0x00000000
     110265.000 ns	     11025	80002440	01ab0833	add	x16,x22,x26	 x22:0x00000001 x26:0x00000000 x16=0x00000001
     110275.000 ns	     11026	80002444	00733b33	sltu	x22,x6,x7	  x6:0x00000000  x7:0x1c32d0e4 x22=0x00000001
     110295.000 ns	     11028	80002448	039a8fb3	mul	x31,x21,x25	 x21:0x00000001 x25:0x00000000 x31=0x00000000
     110325.000 ns	     11031	8000244c	a04789d3	fle.s	x19,f15,f4	 f15:0x80000000  f4:0xff800000 x19=0x00000000
     110345.000 ns	     11033	80002450	005e9333	sll	x6,x29,x5	 x29:0x00000538  x5:0xdc80a000  x6=0x00000538
     110365.000 ns	     11035	80002454	e0030553	fmv.x.w	x10,f6	  f6:0x00000000 x10=0x00000000
     110385.000 ns	     11037	80002458	40f658b3	sra	x17,x12,x15	 x12:0xf1fed813 x15:0x0000073c x17=0xffffffff
     110395.000 ns	     11038	8000245c	40618ab3	sub	x21,x3,x6	  x3:0xffffffff  x6:0x00000538 x21=0xfffffac7
     110415.000 ns	     11040	80002460	033b3933	mulhu	x18,x22,x19	 x22:0x00000001 x19:0x00000000 x18=0x00000000
     110435.000 ns	     11042	80002464	00a18233	add	x4,x3,x10	  x3:0xffffffff x10:0x00000000  x4=0xffffffff
     110795.000 ns	     11078	80002468	0292e6b3	rem	x13,x5,x9	  x5:0xdc80a000  x9:0x1c32d000 x13=0xf8b37000
     110815.000 ns	     11080	8000246c	01f85193	srli	x3,x16,0x1f	 x16:0x00000001  x3=0x00000000
     110825.000 ns	     11081	80002470	b87ba193	slti	x3,x23,-1145	 x23:0x00000000  x3=0x00000000
     110845.000 ns	     11083	80002474	d0018353	fcvt.s.w	f6,x3	  x3:0xffffffff  f6=0x00000000
     110875.000 ns	     11086	80002478	d00a77d3	fcvt.s.w	f15,x20	 x20:0x8004155c f15=0xcefff7d5
     110905.000 ns	     11089	8000247c	a0141053	flt.s	x0,f8,f1	  f8:0xff800000  f1:0xcf5fffd0
     110925.000 ns	     11091	80002480	41f7d913	srai	x18,x15,0x1f	 x15:0x0000073c x18=0x00000000
     110935.000 ns	     11092	80002484	73a5b013	sltiu	x0,x11,1850	 x11:0xf24b5688
     110955.000 ns	     11094	80002488	035d8f33	mul	x30,x27,x21	 x27:0x00000000 x21:0xfffffac7 x30=0x00000000
     110985.000 ns	     11097	8000248c	298e90d3	fmax.s	f1,f29,f24	 f29:0x7fc00000 f24:0xff800000  f1=0xff800000
     111355.000 ns	     11134	80002490	03df5eb3	divu	x29,x30,x29	 x30:0x00000000 x29:0x00000538 x29=0x00000000
     111375.000 ns	     11136	80002494	418b5e93	srai	x29,x22,0x18	 x22:0x00000001 x29=0x00000000
     111395.000 ns	     11138	80002498	02250a33	mul	x20,x10,x2	 x10:0x00000000  x2:0x80040fe4 x20=0x00000000
     111765.000 ns	     11175	8000249c	03cf6a33	rem	x20,x30,x28	 x30:0x00000000 x28:0x80041024 x20=0x00000000
     111785.000 ns	     11177	800024a0	b338aa13	slti	x20,x17,-1229	 x17:0xffffffff x20=0x00000000
     111795.000 ns	     11178	800024a4	733a4213	xori	x4,x20,1843	 x20:0x00000000  x4=0x00000733
     111815.000 ns	     11180	800024a8	030d3bb3	mulhu	x23,x26,x16	 x26:0x00000000 x16:0x00000001 x23=0x00000000
     111835.000 ns	     11182	800024ac	004dcab3	xor	x21,x27,x4	 x27:0x00000000  x4:0xffffffff x21=0x00000733
     111845.000 ns	     11183	800024b0	019503b3	add	x7,x10,x25	 x10:0x00000000 x25:0x00000000  x7=0x00000000
     111855.000 ns	     11184	800024b4	00234d33	xor	x26,x6,x2	  x6:0x00000538  x2:0x80040fe4 x26=0x80040adc
     111895.000 ns	     11188	800024b8	0012a953	fadd.s	f18,f5,f1	  f5:0x00000000  f1:0xff800000 f18=0xff800000
     111925.000 ns	     11191	800024bc	02e5a3b3	mulhsu	x7,x11,x14	 x11:0xf24b5688 x14:0x00000000  x7=0x00000000
     111955.000 ns	     11194	800024c0	039cba33	mulhu	x20,x25,x25	 x25:0x00000000 x25:0x00000000 x20=0x00000000
     111985.000 ns	     11197	800024c4	f0040753	fmv.w.x	f14,x8	  x8:0x00000002 f14=0x00000002
     112015.000 ns	     11200	800024c8	d01b74d3	fcvt.s.wu	f9,x22	 x22:0x00000001  f9=0x3f800000
     112385.000 ns	     11237	800024cc	02685233	divu	x4,x16,x6	 x16:0x00000001  x6:0x00000538  x4=0x00000000
     112415.000 ns	     11240	800024d0	020910b3	mulh	x1,x18,x0	 x18:0x00000000  x0:0x00000000  x1=0x00000000
     112445.000 ns	     11243	800024d4	c01afdd3	fcvt.wu.s	x27,f21	 f21:0xcf5bf4d0 x27=0xdbf4d000
     112475.000 ns	     11246	800024d8	201b2d53	fsgnjx.s	f26,f22,f1	 f22:0x80000000  f1:0xff800000 f26=0x00000000
     112505.000 ns	     11249	800024dc	28d38253	fmin.s	f4,f7,f13	  f7:0x80000000 f13:0x80000000  f4=0x80000000
     112535.000 ns	     11252	800024e0	214f11d3	fsgnjn.s	f3,f30,f20	 f30:0x80000000 f20:0xff800000  f3=0x00000000
     112555.000 ns	     11254	800024e4	004c93b3	sll	x7,x25,x4	 x25:0x00000000  x4:0x00000000  x7=0x00000000
     112565.000 ns	     11255	800024e8	01e9d3b3	srl	x7,x19,x30	 x19:0x00000000 x30:0x00000000  x7=0x00000000
     112575.000 ns	     11256	800024ec	171ecd93	xori	x27,x29,369	 x29:0x00000000 x27=0x00000171
     112585.000 ns	     11257	800024f0	009c5913	srli	x18,x24,0x9	 x24:0x00000000 x18=0x00000000
     112605.000 ns	     11259	800024f4	a06d8cd3	fle.s	x25,f27,f6	 f27:0x7f800000  f6:0x00000000 x25=0x00000000
     112625.000 ns	     11261	800024f8	00af26b3	slt	x13,x30,x10	 x30:0x00000000 x10:0x00000000 x13=0x00000000
     112645.000 ns	     11263	800024fc	208d1f53	fsgnjn.s	f30,f26,f8	 f26:0x00000000  f8:0xff800000 f30=0x00000000
     112675.000 ns	     11266	80002500	f00a07d3	fmv.w.x	f15,x20	 x20:0x00000000 f15=0x00000000
     112695.000 ns	     11268	80002504	01a91fb3	sll	x31,x18,x26	 x18:0x00000000 x26:0x80040adc x31=0x00000000
     112715.000 ns	     11270	80002508	03af18b3	mulh	x17,x30,x26	 x30:0x00000000 x26:0x80040adc x17=0x00000000
     112735.000 ns	     11272	8000250c	cc01f193	andi	x3,x3,-832	  x3:0x00000000  x3=0x00000000
     113095.000 ns	     11308	80002510	026dccb3	div	x25,x27,x6	 x27:0x00000171  x6:0x00000538 x25=0x00000000
     113115.000 ns	     11310	80002514	4108df13	srai	x30,x17,0x10	 x17:0x00000000 x30=0x00000000
     113135.000 ns	     11312	80002518	a0339553	flt.s	x10,f7,f3	  f7:0x80000000  f3:0x00000000 x10=0x00000000
     113165.000 ns	     11315	8000251c	024f97b3	mulh	x15,x31,x4	 x31:0x00000000  x4:0x00000000 x15=0x00000000
     113195.000 ns	     11318	80002520	29431ad3	fmax.s	f21,f6,f20	  f6:0x00000000 f20:0xff800000 f21=0x00000000
     113215.000 ns	     11320	80002524	01d14cb3	xor	x25,x2,x29	  x2:0x80040fe4 x29:0x00000000 x25=0x80040fe4
     113235.000 ns	     11322	80002528	036aa433	mulhsu	x8,x21,x22	 x21:0x00000733 x22:0x00000001  x8=0x00000000
     113255.000 ns	     11324	8000252c	e2222b93	slti	x23,x4,-478	  x4:0x00000000 x23=0x00000000
     113295.000 ns	     11328	80002530	08de2a53	fsub.s	f20,f28,f13	 f28:0x80000000 f13:0x80000000 f20=0x00000000
     113325.000 ns	     11331	80002534	02f32833	mulhsu	x16,x6,x15	  x6:0x00000538 x15:0x00000000 x16=0x00000000
     113355.000 ns	     11334	80002538	2106a9d3	fsgnjx.s	f19,f13,f16	 f13:0x80000000 f16:0x00000001 f19=0x80000000
     113375.000 ns	     11336	8000253c	01a18733	add	x14,x3,x26	  x3:0x00000000 x26:0x80040adc x14=0x80040adc
     113415.000 ns	     11340	80002540	08f3f8d3	fsub.s	f17,f7,f15	  f7:0x80000000 f15:0x00000000 f17=0x80000000
     113435.000 ns	     11342	80002544	c5faf893	andi	x17,x21,-929	 x21:0x00000733 x17=0x00000413
     113455.000 ns	     11344	80002548	f00006d3	fmv.w.x	f13,x0	  x0:0x00000000 f13=0x00000000
     113485.000 ns	     11347	8000254c	a1588753	fle.s	x14,f17,f21	 f17:0x80000000 f21:0x00000000 x14=0x00000001
     113515.000 ns	     11350	80002550	03713d33	mulhu	x26,x2,x23	  x2:0x80040fe4 x23:0x00000000 x26=0x00000000
     113535.000 ns	     11352	80002554	a29abc93	sltiu	x25,x21,-1495	 x21:0x00000733 x25=0x00000001
     113555.000 ns	     11354	80002558	21089153	fsgnjn.s	f2,f17,f16	 f17:0x80000000 f16:0x00000001  f2=0x80000000
     113575.000 ns	     11356	8000255c	017f9213	slli	x4,x31,0x17	 x31:0x00000000  x4=0x00000000
     113585.000 ns	     11357	80002560	00b342b3	xor	x5,x6,x11	  x6:0x00000538 x11:0xf24b5688  x5=0xf24b53b0
     113595.000 ns	     11358	80002564	000014b3	sll	x9,x0,x0	  x0:0x00000000  x0:0x00000000  x9=0x00000000
     113615.000 ns	     11360	80002568	21e82653	fsgnjx.s	f12,f16,f30	 f16:0x00000001 f30:0x00000000 f12=0x00000001
     113635.000 ns	     11362	8000256c	008a5fb3	srl	x31,x20,x8	 x20:0x00000000  x8:0x00000000 x31=0x00000000
     113665.000 ns	     11365	80002570	1181f053	fmul.s	f0,f3,f24	  f3:0x00000000 f24:0xff800000  f0=0x7fc00000
     113685.000 ns	     11367	80002574	0cc18a13	addi	x20,x3,204	  x3:0x00000000 x20=0x000000cc
     113705.000 ns	     11369	80002578	e0029453	fclass.s	x8,f5	  f5:0x00000000  x8=0x00000010
     113745.000 ns	     11373	8000257c	19b47bd3	fdiv.s	f23,f8,f27	  f8:0xff800000 f27:0x7f800000 f23=0x7fc00000
     113765.000 ns	     11375	80002580	012c9c13	slli	x24,x25,0x12	 x25:0x00000001 x24=0x00040000
     113775.000 ns	     11376	80002584	01b07d33	and	x26,x0,x27	  x0:0x00000000 x27:0x00000171 x26=0x00000000
     113785.000 ns	     11377	80002588	8cb84e93	xori	x29,x16,-1845	 x16:0x00000000 x29=0xfffff8cb
     113825.000 ns	     11381	8000258c	01c3f553	fadd.s	f10,f7,f28	  f7:0x80000000 f28:0x80000000 f10=0x80000000
     113855.000 ns	     11384	80002590	02b6aeb3	mulhsu	x29,x13,x11	 x13:0x00000000 x11:0xf24b5688 x29=0x00000000
     113875.000 ns	     11386	80002594	413c5433	sra	x8,x24,x19	 x24:0x00040000 x19:0x00000000  x8=0x00040000
     113895.000 ns	     11388	80002598	02a0b833	mulhu	x16,x1,x10	  x1:0x00000000 x10:0x00000000 x16=0x00000000
     113915.000 ns	     11390	8000259c	7afea493	slti	x9,x29,1967	 x29:0x00000000  x9=0x00000001
     113925.000 ns	     11391	800025a0	0041d4b3	srl	x9,x3,x4	  x3:0x00000000  x4:0x00000000  x9=0x00000000
     113935.000 ns	     11392	800025a4	00000013	addi	x0,x0,0	  x0:0x00000000
     113955.000 ns	     11394	800025a8	0356b3b3	mulhu	x7,x13,x21	 x13:0x00000000 x21:0x00000733  x7=0x00000000
     113975.000 ns	     11396	800025ac	daa2c793	xori	x15,x5,-598	  x5:0xf24b53b0 x15=0x0db4ae1a
     113995.000 ns	     11398	800025b0	03fb9f33	mulh	x30,x23,x31	 x23:0x00000000 x31:0x00000000 x30=0x00000000
     114015.000 ns	     11400	800025b4	00be5313	srli	x6,x28,0xb	 x28:0x80041024  x6=0x00100082
     114035.000 ns	     11402	800025b8	a015a553	feq.s	x10,f11,f1	 f11:0xffc00000  f1:0xff800000 x10=0x00000000
     114055.000 ns	     11404	800025bc	0038c533	xor	x10,x17,x3	 x17:0x00000413  x3:0x00000000 x10=0x00000413
     114065.000 ns	     11405	800025c0	01121013	slli	x0,x4,0x11	  x4:0x00000000
     114095.000 ns	     11408	800025c4	18131c53	fdiv.s	f24,f6,f1	  f6:0x00000000  f1:0xff800000 f24=0x80000000
     114125.000 ns	     11411	800025c8	200193d3	fsgnjn.s	f7,f3,f0	  f3:0x00000000  f0:0x7fc00000  f7=0x80000000
     114155.000 ns	     11414	800025cc	03f82933	mulhsu	x18,x16,x31	 x16:0x00000000 x31:0x00000000 x18=0x00000000
     114175.000 ns	     11416	800025d0	01336c33	or	x24,x6,x19	  x6:0x00100082 x19:0x00000000 x24=0x00100082
     114185.000 ns	     11417	800025d4	77156d97	auipc	x27,0x77156	 x27=0xf71585d4
     114195.000 ns	     11418	800025d8	01671413	slli	x8,x14,0x16	 x14:0x00000001  x8=0x00400000
     114215.000 ns	     11420	800025dc	a102a653	feq.s	x12,f5,f16	  f5:0x00000000 f16:0x00000001 x12=0x00000000
     114265.000 ns	     11425	800025e0	01c8a853	fadd.s	f16,f17,f28	 f17:0x80000000 f28:0x80000000 f16=0x80000000
     114295.000 ns	     11428	800025e4	a13b2353	feq.s	x6,f22,f19	 f22:0x80000000 f19:0x80000000  x6=0x00000001
     114315.000 ns	     11430	800025e8	00c64bb3	xor	x23,x12,x12	 x12:0x00000000 x12:0x00000000 x23=0x00000000
     114345.000 ns	     11433	800025ec	5808fa53	fsqrt.s	f20,f17	 f17:0x80000000 f20=0x80000000
     114375.000 ns	     11436	800025f0	026430b3	mulhu	x1,x8,x6	  x8:0x00400000  x6:0x00000001  x1=0x00000000
     114405.000 ns	     11439	800025f4	f00b8dd3	fmv.w.x	f27,x23	 x23:0x00000000 f27=0x00000000
     114425.000 ns	     11441	800025f8	7f0f7813	andi	x16,x30,2032	 x30:0x00000000 x16=0x00000000
     114435.000 ns	     11442	800025fc	002662b3	or	x5,x12,x2	 x12:0x00000000  x2:0x80040fe4  x5=0x80040fe4
     114445.000 ns	     11443	80002600	00a11f93	slli	x31,x2,0xa	  x2:0x80040fe4 x31=0x103f9000
     114455.000 ns	     11444	80002604	01e489b3	add	x19,x9,x30	  x9:0x00000000 x30:0x00000000 x19=0x00000000
     114465.000 ns	     11445	80002608	18282f13	slti	x30,x16,386	 x16:0x00000000 x30=0x00000001
     114475.000 ns	     11446	8000260c	00000013	addi	x0,x0,0	  x0:0x00000000
     114485.000 ns	     11447	80002610	006bd993	srli	x19,x23,0x6	 x23:0x00000000 x19=0x00000000
     114505.000 ns	     11449	80002614	02cc1db3	mulh	x27,x24,x12	 x24:0x00100082 x12:0x00000000 x27=0x00000000
     114525.000 ns	     11451	80002618	ffb18c17	auipc	x24,0xffb18	 x24=0x7fb1a618
     114885.000 ns	     11487	8000261c	02a2c2b3	div	x5,x5,x10	  x5:0x80040fe4 x10:0x00000413  x5=0xffe0963b
     114915.000 ns	     11490	80002620	a04ea7d3	feq.s	x15,f29,f4	 f29:0x7fc00000  f4:0x80000000 x15=0x00000000
     115285.000 ns	     11527	80002624	03ec6933	rem	x18,x24,x30	 x24:0x7fb1a618 x30:0x00000001 x18=0x00000000
     115335.000 ns	     11532	80002628	010409d3	fadd.s	f19,f8,f16	  f8:0xff800000 f16:0x80000000 f19=0xff800000
     115355.000 ns	     11534	8000262c	002d6bb3	or	x23,x26,x2	 x26:0x00000000  x2:0x80040fe4 x23=0x80040fe4
     115395.000 ns	     11538	80002630	087fbfd3	fsub.s	f31,f31,f7	 f31:0xcefff7d5  f7:0x80000000 f31=0xcefff7d5
     115415.000 ns	     11540	80002634	41a65e93	srai	x29,x12,0x1a	 x12:0x00000000 x29=0x00000000
     115435.000 ns	     11542	80002638	c01f2553	fcvt.wu.s	x10,f30	 f30:0x00000000 x10=0x00000000
     115465.000 ns	     11545	8000263c	c00ef9d3	fcvt.w.s	x19,f29	 f29:0x7fc00000 x19=0x7fffffff
     115495.000 ns	     11548	80002640	e00899d3	fclass.s	x19,f17	 f17:0x80000000 x19=0x00000008
     115525.000 ns	     11551	80002644	d01df3d3	fcvt.s.wu	f7,x27	 x27:0x00000000  f7=0x00000000
     115555.000 ns	     11554	80002648	28530153	fmin.s	f2,f6,f5	  f6:0x00000000  f5:0x00000000  f2=0x00000000
     115585.000 ns	     11557	8000264c	28fa1fd3	fmax.s	f31,f20,f15	 f20:0x80000000 f15:0x00000000 f31=0x00000000
     115605.000 ns	     11559	80002650	80214793	xori	x15,x2,-2046	  x2:0x80040fe4 x15=0x7ffbf7e6
     115625.000 ns	     11561	80002654	036c3c33	mulhu	x24,x24,x22	 x24:0x7fb1a618 x22:0x00000001 x24=0x00000000
     115655.000 ns	     11564	80002658	21688553	fsgnj.s	f10,f17,f22	 f17:0x80000000 f22:0x80000000 f10=0x80000000
     115675.000 ns	     11566	8000265c	00113cb3	sltu	x25,x2,x1	  x2:0x80040fe4  x1:0x00000000 x25=0x00000000
     115685.000 ns	     11567	80002660	4d1c6b93	ori	x23,x24,1233	 x24:0x00000000 x23=0x000004d1
     115705.000 ns	     11569	80002664	282a81d3	fmin.s	f3,f21,f2	 f21:0x00000000  f2:0x00000000  f3=0x00000000
     115725.000 ns	     11571	80002668	00121eb3	sll	x29,x4,x1	  x4:0x00000000  x1:0x00000000 x29=0x00000000
     115745.000 ns	     11573	8000266c	21179b53	fsgnjn.s	f22,f15,f17	 f15:0x00000000 f17:0x80000000 f22=0x00000000
     115775.000 ns	     11576	80002670	a1479a53	flt.s	x20,f15,f20	 f15:0x00000000 f20:0x80000000 x20=0x00000000
     115805.000 ns	     11579	80002674	a1811d53	flt.s	x26,f2,f24	  f2:0x00000000 f24:0x80000000 x26=0x00000000
     115825.000 ns	     11581	80002678	403bd733	sra	x14,x23,x3	 x23:0x000004d1  x3:0x00000000 x14=0x000004d1
     115835.000 ns	     11582	8000267c	01e188b3	add	x17,x3,x30	  x3:0x00000000 x30:0x00000001 x17=0x00000001
     115845.000 ns	     11583	80002680	41a184b3	sub	x9,x3,x26	  x3:0x00000000 x26:0x00000000  x9=0x00000000
     115855.000 ns	     11584	80002684	52228c93	addi	x25,x5,1314	  x5:0xffe0963b x25=0xffe09b5d
     116215.000 ns	     11620	80002688	02e1ffb3	remu	x31,x3,x14	  x3:0x00000000 x14:0x000004d1 x31=0x00000000
     116235.000 ns	     11622	8000268c	00fa02b3	add	x5,x20,x15	 x20:0x00000000 x15:0x7ffbf7e6  x5=0x7ffbf7e6
     116245.000 ns	     11623	80002690	006f5393	srli	x7,x30,0x6	 x30:0x00000001  x7=0x00000000
     116255.000 ns	     11624	80002694	af9f8b37	lui	x22,0xaf9f8	 x22=0xaf9f8000
     116275.000 ns	     11626	80002698	28e805d3	fmin.s	f11,f16,f14	 f16:0x80000000 f14:0x00000002 f11=0x80000000
     116295.000 ns	     11628	8000269c	0160c7b3	xor	x15,x1,x22	  x1:0x00000000 x22:0x00000001 x15=0xaf9f8000
     116315.000 ns	     11630	800026a0	f00203d3	fmv.w.x	f7,x4	  x4:0x00000000  f7=0x00000000
     116345.000 ns	     11633	800026a4	203998d3	fsgnjn.s	f17,f19,f3	 f19:0xff800000  f3:0x00000000 f17=0xff800000
     116365.000 ns	     11635	800026a8	018263b3	or	x7,x4,x24	  x4:0x00000000 x24:0x00000000  x7=0x00000000
     116375.000 ns	     11636	800026ac	00d5d193	srli	x3,x11,0xd	 x11:0xf24b5688  x3=0x0007925a
     116395.000 ns	     11638	800026b0	d01bf9d3	fcvt.s.wu	f19,x23	 x23:0x000004d1 f19=0x449a2000
     116415.000 ns	     11640	800026b4	00ab11b3	sll	x3,x22,x10	 x22:0xaf9f8000 x10:0x00000000  x3=0xaf9f8000
     116435.000 ns	     11642	800026b8	023501b3	mul	x3,x10,x3	 x10:0x00000000  x3:0x0007925a  x3=0x00000000
     116455.000 ns	     11644	800026bc	00000013	addi	x0,x0,0	  x0:0x00000000
     116465.000 ns	     11645	800026c0	40b38533	sub	x10,x7,x11	  x7:0x00000000 x11:0xf24b5688 x10=0x0db4a978
     116485.000 ns	     11647	800026c4	e00a86d3	fmv.x.w	x13,f21	 f21:0x00000000 x13=0x00000000
     116515.000 ns	     11650	800026c8	c00696d3	fcvt.w.s	x13,f13	 f13:0x00000000 x13=0x00000000
     116535.000 ns	     11652	800026cc	00189213	slli	x4,x17,0x1	 x17:0x00000001  x4=0x00000002
     116545.000 ns	     11653	800026d0	00000013	addi	x0,x0,0	  x0:0x00000000
     116555.000 ns	     11654	800026d4	9c2eb697	auipc	x13,0x9c2eb	 x13=0x1c2ed6d4
     116575.000 ns	     11656	800026d8	210597d3	fsgnjn.s	f15,f11,f16	 f11:0x80000000 f16:0x80000000 f15=0x00000000
     116595.000 ns	     11658	800026dc	011b9513	slli	x10,x23,0x11	 x23:0x000004d1 x10=0x09a20000
     116605.000 ns	     11659	800026e0	00000013	addi	x0,x0,0	  x0:0x00000000
     116615.000 ns	     11660	800026e4	40630ab3	sub	x21,x6,x6	  x6:0x00000001  x6:0x00000001 x21=0x00000000
     116635.000 ns	     11662	800026e8	c008fbd3	fcvt.w.s	x23,f17	 f17:0xff800000 x23=0x80000000
     116675.000 ns	     11666	800026ec	11c674d3	fmul.s	f9,f12,f28	 f12:0x00000001 f28:0x80000000  f9=0x80000000
     116695.000 ns	     11668	800026f0	41ead313	srai	x6,x21,0x1e	 x21:0x00000000  x6=0x00000000
     116735.000 ns	     11672	800026f4	09edf1d3	fsub.s	f3,f27,f30	 f27:0x00000000 f30:0x00000000  f3=0x80000000
     116755.000 ns	     11674	800026f8	00000013	addi	x0,x0,0	  x0:0x00000000
     116775.000 ns	     11676	800026fc	03350433	mul	x8,x10,x19	 x10:0x09a20000 x19:0x00000008  x8=0x4d100000
     116795.000 ns	     11678	80002700	41655d33	sra	x26,x10,x22	 x10:0x09a20000 x22:0xaf9f8000 x26=0x09a20000
     116815.000 ns	     11680	80002704	287792d3	fmax.s	f5,f15,f7	 f15:0x00000000  f7:0x00000000  f5=0x00000000
     116835.000 ns	     11682	80002708	000fbc33	sltu	x24,x31,x0	 x31:0x00000000  x0:0x00000000 x24=0x00000000
     116845.000 ns	     11683	8000270c	001cd393	srli	x7,x25,0x1	 x25:0xffe09b5d  x7=0x7ff04dae
     117205.000 ns	     11719	80002710	031f4233	div	x4,x30,x17	 x30:0x00000001 x17:0x00000001  x4=0x00000001
     117235.000 ns	     11722	80002714	20492053	fsgnjx.s	f0,f18,f4	 f18:0xff800000  f4:0x80000000  f0=0x7f800000
     117275.000 ns	     11726	80002718	19617853	fdiv.s	f16,f2,f22	  f2:0x00000000 f22:0x00000000 f16=0x7fc00000
     117305.000 ns	     11729	8000271c	29f39c53	fmax.s	f24,f7,f31	  f7:0x00000000 f31:0x00000000 f24=0x00000000
     117325.000 ns	     11731	80002720	0081d2b3	srl	x5,x3,x8	  x3:0x00000000  x8:0x4d100000  x5=0x00000000
     117335.000 ns	     11732	80002724	00238f33	add	x30,x7,x2	  x7:0x7ff04dae  x2:0x80040fe4 x30=0xfff45d92
     117365.000 ns	     11735	80002728	1945f253	fdiv.s	f4,f11,f20	 f11:0x80000000 f20:0x80000000  f4=0x7fc00000
     117385.000 ns	     11737	8000272c	014298b3	sll	x17,x5,x20	  x5:0x00000000 x20:0x00000000 x17=0x00000000
     117395.000 ns	     11738	80002730	41e24d13	xori	x26,x4,1054	  x4:0x00000001 x26=0x0000041f
     117425.000 ns	     11741	80002734	11c40bd3	fmul.s	f23,f8,f28	  f8:0xff800000 f28:0x80000000 f23=0x7fc00000
     117445.000 ns	     11743	80002738	01013f33	sltu	x30,x2,x16	  x2:0x80040fe4 x16:0x00000000 x30=0x00000000
     117455.000 ns	     11744	8000273c	00000013	addi	x0,x0,0	  x0:0x00000000
     117815.000 ns	     11780	80002740	02ade6b3	rem	x13,x27,x10	 x27:0x00000000 x10:0x09a20000 x13=0x00000000
     117835.000 ns	     11782	80002744	01235fb3	srl	x31,x6,x18	  x6:0x00000000 x18:0x00000000 x31=0x00000000
     117845.000 ns	     11783	80002748	40eb8697	auipc	x13,0x40eb8	 x13=0xc0eba748
     118205.000 ns	     11819	8000274c	024deb33	rem	x22,x27,x4	 x27:0x00000000  x4:0x00000001 x22=0x00000000
     118225.000 ns	     11821	80002750	00978433	add	x8,x15,x9	 x15:0xaf9f8000  x9:0x00000000  x8=0xaf9f8000
     118235.000 ns	     11822	80002754	00f0d513	srli	x10,x1,0xf	  x1:0x00000000 x10=0x00000000
     118255.000 ns	     11824	80002758	204c08d3	fsgnj.s	f17,f24,f4	 f24:0x00000000  f4:0x7fc00000 f17=0x00000000
     118285.000 ns	     11827	8000275c	e0078453	fmv.x.w	x8,f15	 f15:0x00000000  x8=0x00000000
     118315.000 ns	     11830	80002760	d01842d3	fcvt.s.wu	f5,x16	 x16:0x00000000  f5=0x00000000
     118335.000 ns	     11832	80002764	00000013	addi	x0,x0,0	  x0:0x00000000
     118355.000 ns	     11834	80002768	c01b2553	fcvt.wu.s	x10,f22	 f22:0x00000000 x10=0x00000000
     118375.000 ns	     11836	8000276c	00b0a633	slt	x12,x1,x11	  x1:0x00000000 x11:0xf24b5688 x12=0x00000000
     118385.000 ns	     11837	80002770	002cb3b3	sltu	x7,x25,x2	 x25:0xffe09b5d  x2:0x80040fe4  x7=0x00000000
     118405.000 ns	     11839	80002774	02e81333	mulh	x6,x16,x14	 x16:0x00000000 x14:0x000004d1  x6=0x00000000
     118425.000 ns	     11841	80002778	00a1eb93	ori	x23,x3,10	  x3:0x00000000 x23=0x0000000a
     118785.000 ns	     11877	8000277c	02b9c633	div	x12,x19,x11	 x19:0x00000008 x11:0xf24b5688 x12=0x00000000
     118805.000 ns	     11879	80002780	01f46bb3	or	x23,x8,x31	  x8:0x00000000 x31:0x00000000 x23=0x00000000
     118815.000 ns	     11880	80002784	00ca49b3	xor	x19,x20,x12	 x20:0x00000000 x12:0x00000000 x19=0x00000000
     118835.000 ns	     11882	80002788	289f99d3	fmax.s	f19,f31,f9	 f31:0x00000000  f9:0x80000000 f19=0x00000000
     118855.000 ns	     11884	8000278c	00be38b3	sltu	x17,x28,x11	 x28:0x80041024 x11:0xf24b5688 x17=0x00000001
     118865.000 ns	     11885	80002790	015c66b3	or	x13,x24,x21	 x24:0x00000000 x21:0x00000000 x13=0x00000000
     118875.000 ns	     11886	80002794	dab8bd37	lui	x26,0xdab8b	 x26=0xdab8b000
     118895.000 ns	     11888	80002798	c008f953	fcvt.w.s	x18,f17	 f17:0x00000000 x18=0x00000000
     118925.000 ns	     11891	8000279c	a09ba053	feq.s	x0,f23,f9	 f23:0x7fc00000  f9:0x80000000
     118955.000 ns	     11894	800027a0	03ab9bb3	mulh	x23,x23,x26	 x23:0x00000000 x26:0xdab8b000 x23=0x00000000
     118975.000 ns	     11896	800027a4	00000013	addi	x0,x0,0	  x0:0x00000000
     118995.000 ns	     11898	800027a8	a0bc2953	feq.s	x18,f24,f11	 f24:0x00000000 f11:0x80000000 x18=0x00000001
     119015.000 ns	     11900	800027ac	00da0433	add	x8,x20,x13	 x20:0x00000000 x13:0x00000000  x8=0x00000000
     119055.000 ns	     11904	800027b0	0142f453	fadd.s	f8,f5,f20	  f5:0x00000000 f20:0x80000000  f8=0x80000000
     119095.000 ns	     11908	800027b4	58093f53	fsqrt.s	f30,f18	 f18:0xff800000 f30=0x7fc00000
     119125.000 ns	     11911	800027b8	297a9cd3	fmax.s	f25,f21,f23	 f21:0x00000000 f23:0x7fc00000 f25=0x00000000
     119155.000 ns	     11914	800027bc	037d9eb3	mulh	x29,x27,x23	 x27:0x00000000 x23:0x00000000 x29=0x00000000
     119185.000 ns	     11917	800027c0	e0050353	fmv.x.w	x6,f10	 f10:0x80000000  x6=0x80000000
     119215.000 ns	     11920	800027c4	28a28653	fmin.s	f12,f5,f10	  f5:0x00000000 f10:0x80000000 f12=0x80000000
     119235.000 ns	     11922	800027c8	00ee5833	srl	x16,x28,x14	 x28:0x80041024 x14:0x000004d1 x16=0x00004002
     119255.000 ns	     11924	800027cc	02887fb3	remu	x31,x16,x8	 x16:0x00000000  x8:0x00000000 x31=0x00004002
     119285.000 ns	     11927	800027d0	c004f6d3	fcvt.w.s	x13,f9	  f9:0x80000000 x13=0x00000000
     119305.000 ns	     11929	800027d4	00bcd613	srli	x12,x25,0xb	 x25:0xffe09b5d x12=0x001ffc13
     119315.000 ns	     11930	800027d8	40828333	sub	x6,x5,x8	  x5:0x00000000  x8:0x00000000  x6=0x00000000
     119325.000 ns	     11931	800027dc	00f69a13	slli	x20,x13,0xf	 x13:0x00000000 x20=0x00000000
     119345.000 ns	     11933	800027e0	e00013d3	fclass.s	x7,f0	  f0:0x7f800000  x7=0x00000080
     119375.000 ns	     11936	800027e4	201e2253	fsgnjx.s	f4,f28,f1	 f28:0x80000000  f1:0xff800000  f4=0x00000000
     119405.000 ns	     11939	800027e8	a12302d3	fle.s	x5,f6,f18	  f6:0x00000000 f18:0xff800000  x5=0x00000000
     119435.000 ns	     11942	800027ec	02501db3	mulh	x27,x0,x5	  x0:0x00000000  x5:0x00000000 x27=0x00000000
     119455.000 ns	     11944	800027f0	412f57b3	sra	x15,x30,x18	 x30:0x00000000 x18:0x00000001 x15=0x00000000
     119475.000 ns	     11946	800027f4	038bf9b3	remu	x19,x23,x24	 x23:0x00000000 x24:0x00000000 x19=0x00000000
     119505.000 ns	     11949	800027f8	03bbb833	mulhu	x16,x23,x27	 x23:0x00000000 x27:0x00000000 x16=0x00000000
     119535.000 ns	     11952	800027fc	21ad9453	fsgnjn.s	f8,f27,f26	 f27:0x00000000 f26:0x00000000  f8=0x80000000
     119555.000 ns	     11954	80002800	0022b933	sltu	x18,x5,x2	  x5:0x00000000  x2:0x80040fe4 x18=0x00000001
     119915.000 ns	     11990	80002804	0399e4b3	rem	x9,x19,x25	 x19:0x00000000 x25:0xffe09b5d  x9=0x00000000
     119945.000 ns	     11993	80002808	c01d77d3	fcvt.wu.s	x15,f26	 f26:0x00000000 x15=0x00000000
     119965.000 ns	     11995	8000280c	002dceb3	xor	x29,x27,x2	 x27:0x00000000  x2:0x80040fe4 x29=0x80040fe4
     119985.000 ns	     11997	80002810	025fca33	div	x20,x31,x5	 x31:0x00004002  x5:0x00000000 x20=0xffffffff
     120035.000 ns	     12002	80002814	090495d3	fsub.s	f11,f9,f16	  f9:0x80000000 f16:0x7fc00000 f11=0x7fc00000
     120405.000 ns	     12039	80002818	032dc733	div	x14,x27,x18	 x27:0x00000000 x18:0x00000001 x14=0x00000000
     120425.000 ns	     12041	8000281c	f313a537	lui	x10,0xf313a	 x10=0xf313a000
     120455.000 ns	     12044	80002820	1118fcd3	fmul.s	f25,f17,f17	 f17:0x00000000 f17:0x00000000 f25=0x00000000
     120485.000 ns	     12047	80002824	028ae733	rem	x14,x21,x8	 x21:0x00000000  x8:0x00000000 x14=0x00000000
     120505.000 ns	     12049	80002828	dd02ae93	slti	x29,x5,-560	  x5:0x00000000 x29=0x00000000
     120525.000 ns	     12051	8000282c	028d56b3	divu	x13,x26,x8	 x26:0xdab8b000  x8:0x00000000 x13=0xffffffff
     120545.000 ns	     12053	80002830	0008f1b3	and	x3,x17,x0	 x17:0x00000001  x0:0x00000000  x3=0x00000000
     120555.000 ns	     12054	80002834	00651b33	sll	x22,x10,x6	 x10:0xf313a000  x6:0x00000000 x22=0xf313a000
     120565.000 ns	     12055	80002838	1884a493	slti	x9,x9,392	  x9:0x00000000  x9=0x00000001
     120585.000 ns	     12057	8000283c	032f3633	mulhu	x12,x30,x18	 x30:0x00000000 x18:0x00000001 x12=0x00000000
     120615.000 ns	     12060	80002840	2159a053	fsgnjx.s	f0,f19,f21	 f19:0x00000000 f21:0x00000000  f0=0x00000000
     120645.000 ns	     12063	80002844	a01a0cd3	fle.s	x25,f20,f1	 f20:0x80000000  f1:0xff800000 x25=0x00000000
     120675.000 ns	     12066	80002848	29a89253	fmax.s	f4,f17,f26	 f17:0x00000000 f26:0x00000000  f4=0x00000000
     120705.000 ns	     12069	8000284c	031d0eb3	mul	x29,x26,x17	 x26:0xdab8b000 x17:0x00000001 x29=0xdab8b000
     120735.000 ns	     12072	80002850	e0091bd3	fclass.s	x23,f18	 f18:0xff800000 x23=0x00000001
     120755.000 ns	     12074	80002854	40c5dc33	sra	x24,x11,x12	 x11:0xf24b5688 x12:0x00000000 x24=0xf24b5688
     120775.000 ns	     12076	80002858	028a0eb3	mul	x29,x20,x8	 x20:0xffffffff  x8:0x00000000 x29=0x00000000
     120795.000 ns	     12078	8000285c	6203a017	auipc	x0,0x6203a	
     120805.000 ns	     12079	80002860	00000013	addi	x0,x0,0	  x0:0x00000000
     120825.000 ns	     12081	80002864	d01121d3	fcvt.s.wu	f3,x2	  x2:0x80040fe4  f3=0x4f000410
     120845.000 ns	     12083	80002868	005c0233	add	x4,x24,x5	 x24:0xf24b5688  x5:0x00000000  x4=0xf24b5688
     120855.000 ns	     12084	8000286c	01cf3cb3	sltu	x25,x30,x28	 x30:0x00000000 x28:0x80041024 x25=0x00000001
     120865.000 ns	     12085	80002870	f41ee193	ori	x3,x29,-191	 x29:0x00000000  x3=0xffffff41
     120885.000 ns	     12087	80002874	c010fc53	fcvt.wu.s	x24,f1	  f1:0xff800000 x24=0x00000000
     120905.000 ns	     12089	80002878	00000013	addi	x0,x0,0	  x0:0x00000000
     120915.000 ns	     12090	8000287c	008cdf13	srli	x30,x25,0x8	 x25:0x00000001 x30=0x00000000
     120935.000 ns	     12092	80002880	a1020553	fle.s	x10,f4,f16	  f4:0x00000000 f16:0x7fc00000 x10=0x00000000
     120965.000 ns	     12095	80002884	02f6bab3	mulhu	x21,x13,x15	 x13:0xffffffff x15:0x00000000 x21=0x00000000
     120995.000 ns	     12098	80002888	e0029dd3	fclass.s	x27,f5	  f5:0x00000000 x27=0x00000010
     121045.000 ns	     12103	8000288c	01318c53	fadd.s	f24,f3,f19	  f3:0x4f000410 f19:0x00000000 f24=0x4f000410
     121075.000 ns	     12106	80002890	203329d3	fsgnjx.s	f19,f6,f3	  f6:0x00000000  f3:0x4f000410 f19=0x00000000
     121095.000 ns	     12108	80002894	b868b813	sltiu	x16,x17,-1146	 x17:0x00000001 x16=0x00000001
     121115.000 ns	     12110	80002898	20b312d3	fsgnjn.s	f5,f6,f11	  f6:0x00000000 f11:0x7fc00000  f5=0x80000000
     121135.000 ns	     12112	8000289c	ee396d93	ori	x27,x18,-285	 x18:0x00000001 x27=0xfffffee3
     121495.000 ns	     12148	800028a0	03f66bb3	rem	x23,x12,x31	 x12:0x00000000 x31:0x00004002 x23=0x00000000
     121865.000 ns	     12185	800028a4	03007433	remu	x8,x0,x16	  x0:0x00000000 x16:0x00000001  x8=0x00000000
     121895.000 ns	     12188	800028a8	c00e7253	fcvt.w.s	x4,f28	 f28:0x80000000  x4=0x00000000
     121925.000 ns	     12191	800028ac	e00313d3	fclass.s	x7,f6	  f6:0x00000000  x7=0x00000010
     121945.000 ns	     12193	800028b0	00d668b3	or	x17,x12,x13	 x12:0x00000000 x13:0xffffffff x17=0xffffffff
     121965.000 ns	     12195	800028b4	c01512d3	fcvt.wu.s	x5,f10	 f10:0x80000000  x5=0x00000000
     121995.000 ns	     12198	800028b8	e00f0953	fmv.x.w	x18,f30	 f30:0x7fc00000 x18=0x7fc00000
     122025.000 ns	     12201	800028bc	c00247d3	fcvt.w.s	x15,f4	  f4:0x00000000 x15=0x00000000
     122065.000 ns	     12205	800028c0	18117453	fdiv.s	f8,f2,f1	  f2:0x00000000  f1:0xff800000  f8=0x80000000
     122085.000 ns	     12207	800028c4	01439c33	sll	x24,x7,x20	  x7:0x00000010 x20:0xffffffff x24=0x00000000
     122095.000 ns	     12208	800028c8	00994bb3	xor	x23,x18,x9	 x18:0x7fc00000  x9:0x00000001 x23=0x7fc00001
     122105.000 ns	     12209	800028cc	007c81b3	add	x3,x25,x7	 x25:0x00000001  x7:0x00000010  x3=0x00000011
     122145.000 ns	     12213	800028d0	0858f9d3	fsub.s	f19,f17,f5	 f17:0x00000000  f5:0x80000000 f19=0x00000000
     122165.000 ns	     12215	800028d4	35b60a93	addi	x21,x12,859	 x12:0x00000000 x21=0x0000035b
     122185.000 ns	     12217	800028d8	a0ce08d3	fle.s	x17,f28,f12	 f28:0x80000000 f12:0x80000000 x17=0x00000001
     122205.000 ns	     12219	800028dc	00de9a93	slli	x21,x29,0xd	 x29:0x00000000 x21=0x00000000
     122215.000 ns	     12220	800028e0	718c2d13	slti	x26,x24,1816	 x24:0x00000000 x26=0x00000001
     122235.000 ns	     12222	800028e4	f00200d3	fmv.w.x	f1,x4	  x4:0x00000000  f1=0x00000000
     122265.000 ns	     12225	800028e8	a0802d53	feq.s	x26,f0,f8	  f0:0x00000000  f8:0x80000000 x26=0x00000001
     122285.000 ns	     12227	800028ec	41e900b3	sub	x1,x18,x30	 x18:0x7fc00000 x30:0x00000000  x1=0x7fc00000
     122295.000 ns	     12228	800028f0	10c52693	slti	x13,x10,268	 x10:0x00000000 x13=0x00000001
     122335.000 ns	     12232	800028f4	01d4ff53	fadd.s	f30,f9,f29	  f9:0x80000000 f29:0x7fc00000 f30=0x7fc00000
     122365.000 ns	     12235	800028f8	d0029553	fcvt.s.w	f10,x5	  x5:0x00000000 f10=0x00000000
     122385.000 ns	     12237	800028fc	40ffda13	srai	x20,x31,0xf	 x31:0x00004002 x20=0x00000000
     122395.000 ns	     12238	80002900	bdc1ab13	slti	x22,x3,-1060	  x3:0x00000011 x22=0x00000000
     122405.000 ns	     12239	80002904	e5957493	andi	x9,x10,-423	 x10:0x00000000  x9=0x00000000
     122415.000 ns	     12240	80002908	09328613	addi	x12,x5,147	  x5:0x00000000 x12=0x00000093
     122425.000 ns	     12241	8000290c	4b62b193	sltiu	x3,x5,1206	  x5:0x00000000  x3=0x00000001
     122435.000 ns	     12242	80002910	01e51913	slli	x18,x10,0x1e	 x10:0x00000000 x18=0x00000000
     122455.000 ns	     12244	80002914	02c08233	mul	x4,x1,x12	  x1:0x7fc00000 x12:0x00000093  x4=0x5b400000
     122475.000 ns	     12246	80002918	c1754313	xori	x6,x10,-1001	 x10:0x00000000  x6=0xfffffc17
     122495.000 ns	     12248	8000291c	03de51b3	divu	x3,x28,x29	 x28:0x80041024 x29:0x00000000  x3=0xffffffff
     122525.000 ns	     12251	80002920	020f5833	divu	x16,x30,x0	 x30:0x00000000  x0:0x00000000 x16=0xffffffff
     122555.000 ns	     12254	80002924	033d1db3	mulh	x27,x26,x19	 x26:0x00000001 x19:0x00000000 x27=0x00000000
     122585.000 ns	     12257	80002928	02567db3	remu	x27,x12,x5	 x12:0x00000093  x5:0x00000000 x27=0x00000093
     122635.000 ns	     12262	8000292c	09d5fed3	fsub.s	f29,f11,f29	 f11:0x7fc00000 f29:0x7fc00000 f29=0x7fc00000
     122665.000 ns	     12265	80002930	28a988d3	fmin.s	f17,f19,f10	 f19:0x00000000 f10:0x00000000 f17=0x00000000
     122695.000 ns	     12268	80002934	29f61953	fmax.s	f18,f12,f31	 f12:0x80000000 f31:0x00000000 f18=0x00000000
     122725.000 ns	     12271	80002938	03da36b3	mulhu	x13,x20,x29	 x20:0x00000000 x29:0x00000000 x13=0x00000000
     122745.000 ns	     12273	8000293c	00f4d7b3	srl	x15,x9,x15	  x9:0x00000000 x15:0x00000000 x15=0x00000000
     122765.000 ns	     12275	80002940	a0ee9253	flt.s	x4,f29,f14	 f29:0x7fc00000 f14:0x00000002  x4=0x00000000
     122785.000 ns	     12277	80002944	a4572893	slti	x17,x14,-1467	 x14:0x00000000 x17=0x00000000
     122815.000 ns	     12280	80002948	10d6bc53	fmul.s	f24,f13,f13	 f13:0x00000000 f13:0x00000000 f24=0x00000000
     122835.000 ns	     12282	8000294c	00921093	slli	x1,x4,0x9	  x4:0x00000000  x1=0x00000000
     122845.000 ns	     12283	80002950	013e9533	sll	x10,x29,x19	 x29:0x00000000 x19:0x00000000 x10=0x00000000
     122855.000 ns	     12284	80002954	003ad0b3	srl	x1,x21,x3	 x21:0x00000000  x3:0xffffffff  x1=0x00000000
     122865.000 ns	     12285	80002958	00950b33	add	x22,x10,x9	 x10:0x00000000  x9:0x00000000 x22=0x00000000
     122875.000 ns	     12286	8000295c	00d58533	add	x10,x11,x13	 x11:0xf24b5688 x13:0x00000000 x10=0xf24b5688
     122885.000 ns	     12287	80002960	41c20b33	sub	x22,x4,x28	  x4:0x00000000 x28:0x80041024 x22=0x7ffbefdc
     122905.000 ns	     12289	80002964	d00bb4d3	fcvt.s.w	f9,x23	 x23:0x7fc00001  f9=0x4eff8001
     122945.000 ns	     12293	80002968	10143953	fmul.s	f18,f8,f1	  f8:0x80000000  f1:0x00000000 f18=0x80000000
     122975.000 ns	     12296	8000296c	02f98033	mul	x0,x19,x15	 x19:0x00000000 x15:0x00000000
     123005.000 ns	     12299	80002970	020f0d33	mul	x26,x30,x0	 x30:0x00000000  x0:0x00000000 x26=0x00000000
     123035.000 ns	     12302	80002974	a17d29d3	feq.s	x19,f26,f23	 f26:0x00000000 f23:0x7fc00000 x19=0x00000000
     123055.000 ns	     12304	80002978	40f90fb3	sub	x31,x18,x15	 x18:0x00000000 x15:0x00000000 x31=0x00000000
     123075.000 ns	     12306	8000297c	038d31b3	mulhu	x3,x26,x24	 x26:0x00000000 x24:0x00000000  x3=0x00000000
     123105.000 ns	     12309	80002980	f00409d3	fmv.w.x	f19,x8	  x8:0x00000000 f19=0x00000000
     123125.000 ns	     12311	80002984	405180b3	sub	x1,x3,x5	  x3:0x00000000  x5:0x00000000  x1=0x00000000
     123145.000 ns	     12313	80002988	02911433	mulh	x8,x2,x9	  x2:0x80040fe4  x9:0x00000000  x8=0x00000000
     123175.000 ns	     12316	8000298c	d00c0553	fcvt.s.w	f10,x24	 x24:0x00000000 f10=0x00000000
     123195.000 ns	     12318	80002990	41c5d3b3	sra	x7,x11,x28	 x11:0xf24b5688 x28:0x80041024  x7=0xff24b568
     123205.000 ns	     12319	80002994	00000013	addi	x0,x0,0	  x0:0x00000000
     123215.000 ns	     12320	80002998	01c7aab3	slt	x21,x15,x28	 x15:0x00000000 x28:0x80041024 x21=0x00000000
     123225.000 ns	     12321	8000299c	0015fa33	and	x20,x11,x1	 x11:0xf24b5688  x1:0x00000000 x20=0x00000000
     123245.000 ns	     12323	800029a0	02f69733	mulh	x14,x13,x15	 x13:0x00000000 x15:0x00000000 x14=0x00000000
     123265.000 ns	     12325	800029a4	005783b3	add	x7,x15,x5	 x15:0x00000000  x5:0x00000000  x7=0x00000000
     123275.000 ns	     12326	800029a8	0026d8b3	srl	x17,x13,x2	 x13:0x00000000  x2:0x80040fe4 x17=0x00000000
     123295.000 ns	     12328	800029ac	200711d3	fsgnjn.s	f3,f14,f0	 f14:0x00000002  f0:0x00000000  f3=0x80000002
     123315.000 ns	     12330	800029b0	00f75b13	srli	x22,x14,0xf	 x14:0x00000000 x22=0x00000000
     123325.000 ns	     12331	800029b4	01ea42b3	xor	x5,x20,x30	 x20:0x00000000 x30:0x00000000  x5=0x00000000
     123685.000 ns	     12367	800029b8	0228ceb3	div	x29,x17,x2	 x17:0x00000000  x2:0x80040fe4 x29=0x00000000
     123705.000 ns	     12369	800029bc	00e62033	slt	x0,x12,x14	 x12:0x00000093 x14:0x00000000
     123715.000 ns	     12370	800029c0	cfa18097	auipc	x1,0xcfa18	  x1=0x4fa1a9c0
     123735.000 ns	     12372	800029c4	21dca153	fsgnjx.s	f2,f25,f29	 f25:0x00000000 f29:0x7fc00000  f2=0x00000000
     123755.000 ns	     12374	800029c8	40f48633	sub	x12,x9,x15	  x9:0x00000000 x15:0x00000000 x12=0x00000000
     123765.000 ns	     12375	800029cc	015c9813	slli	x16,x25,0x15	 x25:0x00000001 x16=0x00200000
     123785.000 ns	     12377	800029d0	d002c853	fcvt.s.w	f16,x5	  x5:0x00000000 f16=0x00000000
     123805.000 ns	     12379	800029d4	403559b3	sra	x19,x10,x3	 x10:0xf24b5688  x3:0x00000000 x19=0xf24b5688
     123815.000 ns	     12380	800029d8	4000d993	srai	x19,x1,0x0	  x1:0x4fa1a9c0 x19=0x4fa1a9c0
     123825.000 ns	     12381	800029dc	a6efe393	ori	x7,x31,-1426	 x31:0x00000000  x7=0xfffffa6e
     123845.000 ns	     12383	800029e0	a0378453	fle.s	x8,f15,f3	 f15:0x00000000  f3:0x80000002  x8=0x00000000
     123865.000 ns	     12385	800029e4	52dab717	auipc	x14,0x52dab	 x14=0xd2dad9e4
     123885.000 ns	     12387	800029e8	e00a1c53	fclass.s	x24,f20	 f20:0x80000000 x24=0x00000008
     123935.000 ns	     12392	800029ec	00047853	fadd.s	f16,f8,f0	  f8:0x80000000  f0:0x00000000 f16=0x00000000
     123955.000 ns	     12394	800029f0	01a70233	add	x4,x14,x26	 x14:0xd2dad9e4 x26:0x00000000  x4=0xd2dad9e4
     123995.000 ns	     12398	800029f4	082174d3	fsub.s	f9,f2,f2	  f2:0x00000000  f2:0x00000000  f9=0x80000000
     124045.000 ns	     12403	800029f8	015b8553	fadd.s	f10,f23,f21	 f23:0x7fc00000 f21:0x00000000 f10=0x7fc00000
     124065.000 ns	     12405	800029fc	00ba49b3	xor	x19,x20,x11	 x20:0x00000000 x11:0xf24b5688 x19=0xf24b5688
     124075.000 ns	     12406	80002a00	01c01d13	slli	x26,x0,0x1c	  x0:0x00000000 x26=0x00000000
     124115.000 ns	     12410	80002a04	0885f9d3	fsub.s	f19,f11,f8	 f11:0x7fc00000  f8:0x80000000 f19=0x7fc00000
     124135.000 ns	     12412	80002a08	01245bb3	srl	x23,x8,x18	  x8:0x00000000 x18:0x00000000 x23=0x00000000
     124155.000 ns	     12414	80002a0c	e00d0ed3	fmv.x.w	x29,f26	 f26:0x00000000 x29=0x00000000
     124175.000 ns	     12416	80002a10	dc7b0d93	addi	x27,x22,-569	 x22:0x00000000 x27=0xfffffdc7
     124185.000 ns	     12417	80002a14	2a7ce213	ori	x4,x25,679	 x25:0x00000001  x4=0x000002a7
     124195.000 ns	     12418	80002a18	41aed013	srai	x0,x29,0x1a	 x29:0x00000000
     124205.000 ns	     12419	80002a1c	006f1013	slli	x0,x30,0x6	 x30:0x00000000
     124215.000 ns	     12420	80002a20	00000013	addi	x0,x0,0	  x0:0x00000000
     124235.000 ns	     12422	80002a24	02976bb3	rem	x23,x14,x9	 x14:0xd2dad9e4  x9:0x00000000 x23=0xd2dad9e4
     124275.000 ns	     12426	80002a28	106bf8d3	fmul.s	f17,f23,f6	 f23:0x7fc00000  f6:0x00000000 f17=0x7fc00000
     124305.000 ns	     12429	80002a2c	a1f59ed3	flt.s	x29,f11,f31	 f11:0x7fc00000 f31:0x00000000 x29=0x00000000
     124335.000 ns	     12432	80002a30	02d25633	divu	x12,x4,x13	  x4:0x000002a7 x13:0x00000000 x12=0xffffffff
     124355.000 ns	     12434	80002a34	0ed86713	ori	x14,x16,237	 x16:0x00200000 x14=0x002000ed
     124375.000 ns	     12436	80002a38	205e0fd3	fsgnj.s	f31,f28,f5	 f28:0x80000000  f5:0x80000000 f31=0x80000000
     124405.000 ns	     12439	80002a3c	288f16d3	fmax.s	f13,f30,f8	 f30:0x7fc00000  f8:0x80000000 f13=0x80000000
     124425.000 ns	     12441	80002a40	01dcedb3	or	x27,x25,x29	 x25:0x00000001 x29:0x00000000 x27=0x00000001
     124435.000 ns	     12442	80002a44	01a26ab3	or	x21,x4,x26	  x4:0x000002a7 x26:0x00000000 x21=0x000002a7
     124445.000 ns	     12443	80002a48	407308b3	sub	x17,x6,x7	  x6:0xfffffc17  x7:0xfffffa6e x17=0x000001a9
     124475.000 ns	     12446	80002a4c	10d4fa53	fmul.s	f20,f9,f13	  f9:0x80000000 f13:0x80000000 f20=0x00000000
     124495.000 ns	     12448	80002a50	00349933	sll	x18,x9,x3	  x9:0x00000000  x3:0x00000000 x18=0x00000000
     124505.000 ns	     12449	80002a54	7401ef13	ori	x30,x3,1856	  x3:0x00000000 x30=0x00000740
     124535.000 ns	     12452	80002a58	580efed3	fsqrt.s	f29,f29	 f29:0x7fc00000 f29=0x7fc00000
     124555.000 ns	     12454	80002a5c	292ced13	ori	x26,x25,658	 x25:0x00000001 x26=0x00000293
     124575.000 ns	     12456	80002a60	03df0b33	mul	x22,x30,x29	 x30:0x00000740 x29:0x00000000 x22=0x00000000
     124605.000 ns	     12459	80002a64	21a026d3	fsgnjx.s	f13,f0,f26	  f0:0x00000000 f26:0x00000000 f13=0x00000000
     124625.000 ns	     12461	80002a68	006a5233	srl	x4,x20,x6	 x20:0x00000000  x6:0xfffffc17  x4=0x00000000
     124645.000 ns	     12463	80002a6c	a0b29cd3	flt.s	x25,f5,f11	  f5:0x80000000 f11:0x7fc00000 x25=0x00000000
     124665.000 ns	     12465	80002a70	90e18093	addi	x1,x3,-1778	  x3:0x00000000  x1=0xfffff90e
     124685.000 ns	     12467	80002a74	02b120b3	mulhsu	x1,x2,x11	  x2:0x80040fe4 x11:0xf24b5688  x1=0x86de2cf3
     124705.000 ns	     12469	80002a78	00a337b3	sltu	x15,x6,x10	  x6:0xfffffc17 x10:0xf24b5688 x15=0x00000000
     124725.000 ns	     12471	80002a7c	c01b40d3	fcvt.wu.s	x1,f22	 f22:0x00000000  x1=0x00000000
     124745.000 ns	     12473	80002a80	d957ea13	ori	x20,x15,-619	 x15:0x00000000 x20=0xfffffd95
     124755.000 ns	     12474	80002a84	01d627b3	slt	x15,x12,x29	 x12:0xffffffff x29:0x00000000 x15=0x00000001
     124775.000 ns	     12476	80002a88	f00f0fd3	fmv.w.x	f31,x30	 x30:0x00000740 f31=0x00000740
     124805.000 ns	     12479	80002a8c	c01394d3	fcvt.wu.s	x9,f7	  f7:0x00000000  x9=0x00000000
     124825.000 ns	     12481	80002a90	01c22eb3	slt	x29,x4,x28	  x4:0x00000000 x28:0x80041024 x29=0x00000000
     124845.000 ns	     12483	80002a94	c0139cd3	fcvt.wu.s	x25,f7	  f7:0x00000000 x25=0x00000000
     124875.000 ns	     12486	80002a98	03f5a4b3	mulhsu	x9,x11,x31	 x11:0xf24b5688 x31:0x00000000  x9=0x00000000
     124895.000 ns	     12488	80002a9c	0171bc33	sltu	x24,x3,x23	  x3:0x00000000 x23:0xd2dad9e4 x24=0x00000001
     124915.000 ns	     12490	80002aa0	a1d00d53	fle.s	x26,f0,f29	  f0:0x00000000 f29:0x7fc00000 x26=0x00000000
     124965.000 ns	     12495	80002aa4	01659b53	fadd.s	f22,f11,f22	 f11:0x7fc00000 f22:0x00000000 f22=0x7fc00000
     125005.000 ns	     12499	80002aa8	11e62353	fmul.s	f6,f12,f30	 f12:0x80000000 f30:0x7fc00000  f6=0x7fc00000
     125025.000 ns	     12501	80002aac	0062b7b3	sltu	x15,x5,x6	  x5:0x00000000  x6:0xfffffc17 x15=0x00000001
     125035.000 ns	     12502	80002ab0	c8720793	addi	x15,x4,-889	  x4:0x00000000 x15=0xfffffc87
     125045.000 ns	     12503	80002ab4	00709433	sll	x8,x1,x7	  x1:0x00000000  x7:0xfffffa6e  x8=0x00000000
     125075.000 ns	     12506	80002ab8	580b7c53	fsqrt.s	f24,f22	 f22:0x7fc00000 f24=0x7fc00000
     125105.000 ns	     12509	80002abc	02900c33	mul	x24,x0,x9	  x0:0x00000000  x9:0x00000000 x24=0x00000000
     125125.000 ns	     12511	80002ac0	019471b3	and	x3,x8,x25	  x8:0x00000000 x25:0x00000000  x3=0x00000000
     125485.000 ns	     12547	80002ac4	035eceb3	div	x29,x29,x21	 x29:0x00000000 x21:0x000002a7 x29=0x00000000
     125515.000 ns	     12550	80002ac8	e0019b53	fclass.s	x22,f3	  f3:0x80000002 x22=0x00000004
     125535.000 ns	     12552	80002acc	40ea8c33	sub	x24,x21,x14	 x21:0x000002a7 x14:0x002000ed x24=0xffe001ba
     125545.000 ns	     12553	80002ad0	fb597817	auipc	x16,0xfb597	 x16=0x7b599ad0
     125555.000 ns	     12554	80002ad4	016f9913	slli	x18,x31,0x16	 x31:0x00000000 x18=0x00000000
     125565.000 ns	     12555	80002ad8	b5c1c793	xori	x15,x3,-1188	  x3:0x00000000 x15=0xfffffb5c
     125585.000 ns	     12557	80002adc	d0007f53	fcvt.s.w	f30,x0	  x0:0x00000000 f30=0x00000000
     125615.000 ns	     12560	80002ae0	c00b27d3	fcvt.w.s	x15,f22	 f22:0x7fc00000 x15=0x7fffffff
     125985.000 ns	     12597	80002ae4	033edfb3	divu	x31,x29,x19	 x29:0x00000000 x19:0xf24b5688 x31=0x00000000
     126025.000 ns	     12601	80002ae8	195fbc53	fdiv.s	f24,f31,f21	 f31:0x00000740 f21:0x00000000 f24=0x7f800000
     126055.000 ns	     12604	80002aec	e0090b53	fmv.x.w	x22,f18	 f18:0x80000000 x22=0x80000000
     126075.000 ns	     12606	80002af0	012efcb3	and	x25,x29,x18	 x29:0x00000000 x18:0x00000000 x25=0x00000000
     126095.000 ns	     12608	80002af4	d01fb2d3	fcvt.s.wu	f5,x31	 x31:0x00000000  f5=0x00000000
     127275.000 ns	     12726	80002af8	580f8553	fsqrt.s	f10,f31	 f31:0x00000740 f10=0x1f350ec4
     127305.000 ns	     12729	80002afc	a0e709d3	fle.s	x19,f14,f14	 f14:0x00000002 f14:0x00000002 x19=0x00000001
     127355.000 ns	     12734	80002b00	0998ffd3	fsub.s	f31,f17,f25	 f17:0x7fc00000 f25:0x00000000 f31=0x7fc00000
     127405.000 ns	     12739	80002b04	01688653	fadd.s	f12,f17,f22	 f17:0x7fc00000 f22:0x7fc00000 f12=0x7fc00000
     127425.000 ns	     12741	80002b08	46e9ca13	xori	x20,x19,1134	 x19:0x00000001 x20=0x0000046f
     127445.000 ns	     12743	80002b0c	02642fb3	mulhsu	x31,x8,x6	  x8:0x00000000  x6:0xfffffc17 x31=0x00000000
     127485.000 ns	     12747	80002b10	19d0add3	fdiv.s	f27,f1,f29	  f1:0x00000000 f29:0x7fc00000 f27=0x7fc00000
     127505.000 ns	     12749	80002b14	4a7cca93	xori	x21,x25,1191	 x25:0x00000000 x21=0x000004a7
     127865.000 ns	     12785	80002b18	02637633	remu	x12,x6,x6	  x6:0xfffffc17  x6:0xfffffc17 x12=0x00000000
     127895.000 ns	     12788	80002b1c	024c5733	divu	x14,x24,x4	 x24:0xffe001ba  x4:0x00000000 x14=0xffffffff
     127915.000 ns	     12790	80002b20	6d75f013	andi	x0,x11,1751	 x11:0xf24b5688
     127925.000 ns	     12791	80002b24	00a703b3	add	x7,x14,x10	 x14:0xffffffff x10:0xf24b5688  x7=0xf24b5687
     127935.000 ns	     12792	80002b28	8318c093	xori	x1,x17,-1999	 x17:0x000001a9  x1=0xfffff998
     127945.000 ns	     12793	80002b2c	01d9eeb3	or	x29,x19,x29	 x19:0x00000001 x29:0x00000000 x29=0x00000001
     127955.000 ns	     12794	80002b30	53d5b297	auipc	x5,0x53d5b	  x5=0xd3d5db30
     127995.000 ns	     12798	80002b34	09e5a753	fsub.s	f14,f11,f30	 f11:0x7fc00000 f30:0x00000000 f14=0x7fc00000
     128025.000 ns	     12801	80002b38	287b0653	fmin.s	f12,f22,f7	 f22:0x7fc00000  f7:0x00000000 f12=0x00000000
     128055.000 ns	     12804	80002b3c	200e05d3	fsgnj.s	f11,f28,f0	 f28:0x80000000  f0:0x00000000 f11=0x00000000
     128075.000 ns	     12806	80002b40	a39ea717	auipc	x14,0xa39ea	 x14=0x239ecb40
     128085.000 ns	     12807	80002b44	566f0913	addi	x18,x30,1382	 x30:0x00000740 x18=0x00000ca6
     128115.000 ns	     12810	80002b48	18ec7dd3	fdiv.s	f27,f24,f14	 f24:0x7f800000 f14:0x7fc00000 f27=0x7fc00000
     128485.000 ns	     12847	80002b4c	036d4c33	div	x24,x26,x22	 x26:0x00000000 x22:0x80000000 x24=0x00000000
     128515.000 ns	     12850	80002b50	039b1c33	mulh	x24,x22,x25	 x22:0x80000000 x25:0x00000000 x24=0x00000000
     128545.000 ns	     12853	80002b54	29f08c53	fmin.s	f24,f1,f31	  f1:0x00000000 f31:0x7fc00000 f24=0x00000000
     128565.000 ns	     12855	80002b58	418d0cb3	sub	x25,x26,x24	 x26:0x00000000 x24:0x00000000 x25=0x00000000
     128925.000 ns	     12891	80002b5c	03d957b3	divu	x15,x18,x29	 x18:0x00000ca6 x29:0x00000001 x15=0x00000ca6
     128945.000 ns	     12893	80002b60	01897033	and	x0,x18,x24	 x18:0x00000ca6 x24:0x00000000
     128965.000 ns	     12895	80002b64	29768ad3	fmin.s	f21,f13,f23	 f13:0x00000000 f23:0x7fc00000 f21=0x00000000
     128985.000 ns	     12897	80002b68	015cadb3	slt	x27,x25,x21	 x25:0x00000000 x21:0x000004a7 x27=0x00000001
     129005.000 ns	     12899	80002b6c	a0d3afd3	feq.s	x31,f7,f13	  f7:0x00000000 f13:0x00000000 x31=0x00000001
     129025.000 ns	     12901	80002b70	40195eb3	sra	x29,x18,x1	 x18:0x00000ca6  x1:0xfffff998 x29=0x00000000
     129065.000 ns	     12905	80002b74	0962f953	fsub.s	f18,f5,f22	  f5:0x00000000 f22:0x7fc00000 f18=0x7fc00000
     129085.000 ns	     12907	80002b78	b9590613	addi	x12,x18,-1131	 x18:0x00000ca6 x12=0x0000083b
     129105.000 ns	     12909	80002b7c	030a0833	mul	x16,x20,x16	 x20:0x0000046f x16:0x7b599ad0 x16=0xe2456030
     129125.000 ns	     12911	80002b80	01522c33	slt	x24,x4,x21	  x4:0x00000000 x21:0x000004a7 x24=0x00000001
     129145.000 ns	     12913	80002b84	036930b3	mulhu	x1,x18,x22	 x18:0x00000ca6 x22:0x80000000  x1=0x00000653
     129185.000 ns	     12917	80002b88	18f7a3d3	fdiv.s	f7,f15,f15	 f15:0x00000000 f15:0x00000000  f7=0x7fc00000
     129235.000 ns	     12922	80002b8c	00b6a253	fadd.s	f4,f13,f11	 f13:0x00000000 f11:0x00000000  f4=0x00000000
     129285.000 ns	     12927	80002b90	09f9fed3	fsub.s	f29,f19,f31	 f19:0x7fc00000 f31:0x7fc00000 f29=0x7fc00000
     129315.000 ns	     12930	80002b94	c0057f53	fcvt.w.s	x30,f10	 f10:0x1f350ec4 x30=0x00000000
     129335.000 ns	     12932	80002b98	cc70c913	xori	x18,x1,-825	  x1:0x00000653 x18=0xfffffa94
     129345.000 ns	     12933	80002b9c	40d154b3	sra	x9,x2,x13	  x2:0x80040fe4 x13:0x00000000  x9=0x80040fe4
     129365.000 ns	     12935	80002ba0	a03b0553	fle.s	x10,f22,f3	 f22:0x7fc00000  f3:0x80000002 x10=0x00000000
     129385.000 ns	     12937	80002ba4	260fb093	sltiu	x1,x31,608	 x31:0x00000001  x1=0x00000001
     129395.000 ns	     12938	80002ba8	41c95f33	sra	x30,x18,x28	 x18:0xfffffa94 x28:0x80041024 x30=0xffffffa9
     129405.000 ns	     12939	80002bac	d0eec993	xori	x19,x29,-754	 x29:0x00000000 x19=0xfffffd0e
     129425.000 ns	     12941	80002bb0	289b01d3	fmin.s	f3,f22,f9	 f22:0x7fc00000  f9:0x80000000  f3=0x80000000
     129455.000 ns	     12944	80002bb4	0246b8b3	mulhu	x17,x13,x4	 x13:0x00000000  x4:0x00000000 x17=0x00000000
     129475.000 ns	     12946	80002bb8	41f0ddb3	sra	x27,x1,x31	  x1:0x00000001 x31:0x00000001 x27=0x00000000
     129485.000 ns	     12947	80002bbc	01948633	add	x12,x9,x25	  x9:0x80040fe4 x25:0x00000000 x12=0x80040fe4
     129505.000 ns	     12949	80002bc0	21c69453	fsgnjn.s	f8,f13,f28	 f13:0x00000000 f28:0x80000000  f8=0x00000000
     129535.000 ns	     12952	80002bc4	29a981d3	fmin.s	f3,f19,f26	 f19:0x7fc00000 f26:0x00000000  f3=0x00000000
     129555.000 ns	     12954	80002bc8	013692b3	sll	x5,x13,x19	 x13:0x00000000 x19:0xfffffd0e  x5=0x00000000
     129585.000 ns	     12957	80002bcc	117144d3	fmul.s	f9,f2,f23	  f2:0x00000000 f23:0x7fc00000  f9=0x7fc00000
     129615.000 ns	     12960	80002bd0	299b0353	fmin.s	f6,f22,f25	 f22:0x7fc00000 f25:0x00000000  f6=0x00000000
     129645.000 ns	     12963	80002bd4	e0071753	fclass.s	x14,f14	 f14:0x7fc00000 x14=0x00000200
     129665.000 ns	     12965	80002bd8	00cb0633	add	x12,x22,x12	 x22:0x80000000 x12:0x80040fe4 x12=0x00040fe4
     129685.000 ns	     12967	80002bdc	216e86d3	fsgnj.s	f13,f29,f22	 f29:0x7fc00000 f22:0x7fc00000 f13=0x7fc00000
     129715.000 ns	     12970	80002be0	d002ab53	fcvt.s.w	f22,x5	  x5:0x00000000 f22=0x00000000
     130085.000 ns	     13007	80002be4	027a4fb3	div	x31,x20,x7	 x20:0x0000046f  x7:0xf24b5687 x31=0x00000000
     130105.000 ns	     13009	80002be8	00000013	addi	x0,x0,0	  x0:0x00000000
     130115.000 ns	     13010	80002bec	ae34cdb7	lui	x27,0xae34c	 x27=0xae34c000
     130125.000 ns	     13011	80002bf0	0155fc33	and	x24,x11,x21	 x11:0xf24b5688 x21:0x000004a7 x24=0x00000480
     130135.000 ns	     13012	80002bf4	08a94293	xori	x5,x18,138	 x18:0xfffffa94  x5=0xfffffa1e
     130155.000 ns	     13014	80002bf8	d00c7d53	fcvt.s.w	f26,x24	 x24:0x00000001 f26=0x44900000
     130175.000 ns	     13016	80002bfc	92622a93	slti	x21,x4,-1754	  x4:0x00000000 x21=0x00000000
     130185.000 ns	     13017	80002c00	01ff1493	slli	x9,x30,0x1f	 x30:0xffffffa9  x9=0x80000000
     130195.000 ns	     13018	80002c04	001b03b3	add	x7,x22,x1	 x22:0x80000000  x1:0x00000001  x7=0x80000001
     130215.000 ns	     13020	80002c08	a0381553	flt.s	x10,f16,f3	 f16:0x00000000  f3:0x00000000 x10=0x00000000
     130255.000 ns	     13024	80002c0c	580c2753	fsqrt.s	f14,f24	 f24:0x00000000 f14=0x00000000
     130285.000 ns	     13027	80002c10	e00208d3	fmv.x.w	x17,f4	  f4:0x00000000 x17=0x00000000
     130315.000 ns	     13030	80002c14	a07a2053	feq.s	x0,f20,f7	 f20:0x00000000  f7:0x7fc00000
     130335.000 ns	     13032	80002c18	00dde433	or	x8,x27,x13	 x27:0xae34c000 x13:0x00000000  x8=0xae34c000
     130355.000 ns	     13034	80002c1c	c0117253	fcvt.wu.s	x4,f2	  f2:0x00000000  x4=0x00000000
     130385.000 ns	     13037	80002c20	a07ca453	feq.s	x8,f25,f7	 f25:0x00000000  f7:0x7fc00000  x8=0x00000000
     130405.000 ns	     13039	80002c24	956ffc13	andi	x24,x31,-1706	 x31:0x00000000 x24=0x00000000
     130425.000 ns	     13041	80002c28	03144db3	div	x27,x8,x17	  x8:0x00000000 x17:0x00000000 x27=0xffffffff
     130445.000 ns	     13043	80002c2c	a0f8e913	ori	x18,x17,-1521	 x17:0x00000000 x18=0xfffffa0f
     130465.000 ns	     13045	80002c30	213faf53	fsgnjx.s	f30,f31,f19	 f31:0x7fc00000 f19:0x7fc00000 f30=0x7fc00000
     130495.000 ns	     13048	80002c34	a1c11fd3	flt.s	x31,f2,f28	  f2:0x00000000 f28:0x80000000 x31=0x00000000
     130865.000 ns	     13085	80002c38	0304e7b3	rem	x15,x9,x16	  x9:0x80000000 x16:0xe2456030 x15=0xf6ea7f40
     130895.000 ns	     13088	80002c3c	f00f0353	fmv.w.x	f6,x30	 x30:0xffffffa9  f6=0xffffffa9
     130925.000 ns	     13091	80002c40	a135a9d3	feq.s	x19,f11,f19	 f11:0x00000000 f19:0x7fc00000 x19=0x00000000
     130955.000 ns	     13094	80002c44	20d9add3	fsgnjx.s	f27,f19,f13	 f19:0x7fc00000 f13:0x7fc00000 f27=0x7fc00000
     131325.000 ns	     13131	80002c48	03e5ebb3	rem	x23,x11,x30	 x11:0xf24b5688 x30:0xffffffa9 x23=0xffffffc2
     131355.000 ns	     13134	80002c4c	d0097f53	fcvt.s.w	f30,x18	 x18:0xfffffa0f f30=0xc4be2000
     131385.000 ns	     13137	80002c50	218d9b53	fsgnjn.s	f22,f27,f24	 f27:0x7fc00000 f24:0x00000000 f22=0xffc00000
     131435.000 ns	     13142	80002c54	0971bc53	fsub.s	f24,f3,f23	  f3:0x00000000 f23:0x7fc00000 f24=0x7fc00000
     131805.000 ns	     13179	80002c58	03c95733	divu	x14,x18,x28	 x18:0xfffffa0f x28:0x80041024 x14=0x00000001
     131835.000 ns	     13182	80002c5c	285e91d3	fmax.s	f3,f29,f5	 f29:0x7fc00000  f5:0x00000000  f3=0x00000000
     131865.000 ns	     13185	80002c60	0239ffb3	remu	x31,x19,x3	 x19:0x00000000  x3:0x00000000 x31=0x00000000
     131885.000 ns	     13187	80002c64	ac277993	andi	x19,x14,-1342	 x14:0x00000001 x19=0x00000000
     131895.000 ns	     13188	80002c68	40fcd093	srai	x1,x25,0xf	 x25:0x00000000  x1=0x00000000
     131915.000 ns	     13190	80002c6c	e00299d3	fclass.s	x19,f5	  f5:0x00000000 x19=0x00000010
     131935.000 ns	     13192	80002c70	01fcecb3	or	x25,x25,x31	 x25:0x00000000 x31:0x00000000 x25=0x00000000
     131955.000 ns	     13194	80002c74	e0018ad3	fmv.x.w	x21,f3	  f3:0x00000000 x21=0x00000000
     131985.000 ns	     13197	80002c78	f00f05d3	fmv.w.x	f11,x30	 x30:0xffffffa9 f11=0xffffffa9
     132015.000 ns	     13200	80002c7c	d015fc53	fcvt.s.wu	f24,x11	 x11:0xf24b5688 f24=0x4f724b56
     132385.000 ns	     13237	80002c80	02f743b3	div	x7,x14,x15	 x14:0x00000001 x15:0xf6ea7f40  x7=0x00000000
     132415.000 ns	     13240	80002c84	f00e0253	fmv.w.x	f4,x28	 x28:0x80041024  f4=0x80041024
     132445.000 ns	     13243	80002c88	a0ef18d3	flt.s	x17,f30,f14	 f30:0xc4be2000 f14:0x00000000 x17=0x00000001
     132495.000 ns	     13248	80002c8c	015d7753	fadd.s	f14,f26,f21	 f26:0x44900000 f21:0x00000000 f14=0x44900000
     132525.000 ns	     13251	80002c90	03a3f933	remu	x18,x7,x26	  x7:0x00000000 x26:0x00000000 x18=0x00000000
     132555.000 ns	     13254	80002c94	a0b68f53	fle.s	x30,f13,f11	 f13:0x7fc00000 f11:0xffffffa9 x30=0x00000000
     132925.000 ns	     13291	80002c98	0348e933	rem	x18,x17,x20	 x17:0x00000001 x20:0x0000046f x18=0x00000001
     132945.000 ns	     13293	80002c9c	4018d813	srai	x16,x17,0x1	 x17:0x00000001 x16=0x00000000
     132955.000 ns	     13294	80002ca0	00181933	sll	x18,x16,x1	 x16:0xe2456030  x1:0x00000000 x18=0x00000000
     132975.000 ns	     13296	80002ca4	029791b3	mulh	x3,x15,x9	 x15:0xf6ea7f40  x9:0x80000000  x3=0x048ac060
     132995.000 ns	     13298	80002ca8	fa9cffb7	lui	x31,0xfa9cf	 x31=0xfa9cf000
     133015.000 ns	     13300	80002cac	020f8d33	mul	x26,x31,x0	 x31:0x00000000  x0:0x00000000 x26=0x00000000
     133045.000 ns	     13303	80002cb0	d0078353	fcvt.s.w	f6,x15	 x15:0xf6ea7f40  f6=0xcd11580c
     133095.000 ns	     13308	80002cb4	0806f0d3	fsub.s	f1,f13,f0	 f13:0x7fc00000  f0:0x00000000  f1=0x7fc00000
     133145.000 ns	     13313	80002cb8	087bae53	fsub.s	f28,f23,f7	 f23:0x7fc00000  f7:0x7fc00000 f28=0x7fc00000
     133175.000 ns	     13316	80002cbc	03709633	mulh	x12,x1,x23	  x1:0x00000000 x23:0xffffffc2 x12=0x00000000
     133205.000 ns	     13319	80002cc0	291c1953	fmax.s	f18,f24,f17	 f24:0x4f724b56 f17:0x7fc00000 f18=0x4f724b56
     133245.000 ns	     13323	80002cc4	19359953	fdiv.s	f18,f11,f19	 f11:0xffffffa9 f19:0x7fc00000 f18=0x7fc00000
     133265.000 ns	     13325	80002cc8	2b5cb097	auipc	x1,0x2b5cb	  x1=0xab5cdcc8
     133285.000 ns	     13327	80002ccc	20680e53	fsgnj.s	f28,f16,f6	 f16:0x00000000  f6:0xcd11580c f28=0x80000000
     133325.000 ns	     13331	80002cd0	118efa53	fmul.s	f20,f29,f24	 f29:0x7fc00000 f24:0x4f724b56 f20=0x7fc00000
     133355.000 ns	     13334	80002cd4	e00a0653	fmv.x.w	x12,f20	 f20:0x00000000 x12=0x7fc00000
     133385.000 ns	     13337	80002cd8	20b22ed3	fsgnjx.s	f29,f4,f11	  f4:0x80041024 f11:0xffffffa9 f29=0x00041024
     133435.000 ns	     13342	80002cdc	01bf7953	fadd.s	f18,f30,f27	 f30:0xc4be2000 f27:0x7fc00000 f18=0x7fc00000
     133465.000 ns	     13345	80002ce0	204d8f53	fsgnj.s	f30,f27,f4	 f27:0x7fc00000  f4:0x80041024 f30=0xffc00000
     133485.000 ns	     13347	80002ce4	40e7dcb3	sra	x25,x15,x14	 x15:0xf6ea7f40 x14:0x00000001 x25=0xfb753fa0
     133495.000 ns	     13348	80002ce8	00eeab33	slt	x22,x29,x14	 x29:0x00000000 x14:0x00000001 x22=0x00000001
     133515.000 ns	     13350	80002cec	028fb533	mulhu	x10,x31,x8	 x31:0xfa9cf000  x8:0x00000000 x10=0x00000000
     133565.000 ns	     13355	80002cf0	09dffcd3	fsub.s	f25,f31,f29	 f31:0x7fc00000 f29:0x00041024 f25=0x7fc00000
     133585.000 ns	     13357	80002cf4	01dfab33	slt	x22,x31,x29	 x31:0xfa9cf000 x29:0x00000000 x22=0x00000001
     133615.000 ns	     13360	80002cf8	19ff1253	fdiv.s	f4,f30,f31	 f30:0xffc00000 f31:0x7fc00000  f4=0x7fc00000
     133645.000 ns	     13363	80002cfc	038cb6b3	mulhu	x13,x25,x24	 x25:0xfb753fa0 x24:0x00000000 x13=0x00000000
     133665.000 ns	     13365	80002d00	014051b3	srl	x3,x0,x20	  x0:0x00000000 x20:0x0000046f  x3=0x00000000
     133675.000 ns	     13366	80002d04	00000013	addi	x0,x0,0	  x0:0x00000000
     133685.000 ns	     13367	80002d08	01a774b3	and	x9,x14,x26	 x14:0x00000001 x26:0x00000000  x9=0x00000000
     134045.000 ns	     13403	80002d0c	03b6c933	div	x18,x13,x27	 x13:0x00000000 x27:0xffffffff x18=0x00000000
     134075.000 ns	     13406	80002d10	a1d60b53	fle.s	x22,f12,f29	 f12:0x00000000 f29:0x00041024 x22=0x00000001
     134105.000 ns	     13409	80002d14	0294ddb3	divu	x27,x9,x9	  x9:0x00000000  x9:0x00000000 x27=0xffffffff
     134125.000 ns	     13411	80002d18	c17399b7	lui	x19,0xc1739	 x19=0xc1739000
     134135.000 ns	     13412	80002d1c	866cac93	slti	x25,x25,-1946	 x25:0xfb753fa0 x25=0x00000001
     134155.000 ns	     13414	80002d20	d01c3ed3	fcvt.s.wu	f29,x24	 x24:0x00000000 f29=0x00000000
     134175.000 ns	     13416	80002d24	1e998b17	auipc	x22,0x1e998	 x22=0x9e99ad24
     134185.000 ns	     13417	80002d28	1c99a813	slti	x16,x19,457	 x19:0xc1739000 x16=0x00000001
     134545.000 ns	     13453	80002d2c	0302c7b3	div	x15,x5,x16	  x5:0xfffffa1e x16:0x00000000 x15=0xfffffa1e
     134575.000 ns	     13456	80002d30	206619d3	fsgnjn.s	f19,f12,f6	 f12:0x00000000  f6:0xcd11580c f19=0x00000000
     134595.000 ns	     13458	80002d34	410700b3	sub	x1,x14,x16	 x14:0x00000001 x16:0x00000001  x1=0x00000000
     134605.000 ns	     13459	80002d38	9076ff17	auipc	x30,0x9076f	 x30=0x10771d38
     134625.000 ns	     13461	80002d3c	d00c8353	fcvt.s.w	f6,x25	 x25:0x00000001  f6=0x3f800000
     134645.000 ns	     13463	80002d40	00bf01b3	add	x3,x30,x11	 x30:0x00000000 x11:0xf24b5688  x3=0x02c273c0
     134665.000 ns	     13465	80002d44	29e61e53	fmax.s	f28,f12,f30	 f12:0x00000000 f30:0xffc00000 f28=0x00000000
     134685.000 ns	     13467	80002d48	007b3033	sltu	x0,x22,x7	 x22:0x9e99ad24  x7:0x00000000
     134695.000 ns	     13468	80002d4c	716ac413	xori	x8,x21,1814	 x21:0x00000000  x8=0x00000716
     134705.000 ns	     13469	80002d50	00000013	addi	x0,x0,0	  x0:0x00000000
     134715.000 ns	     13470	80002d54	9784ae93	slti	x29,x9,-1672	  x9:0x00000000 x29=0x00000000
     134735.000 ns	     13472	80002d58	e00d80d3	fmv.x.w	x1,f27	 f27:0x7fc00000  x1=0x7fc00000
     134755.000 ns	     13474	80002d5c	4504bf13	sltiu	x30,x9,1104	  x9:0x00000000 x30=0x00000001
     134765.000 ns	     13475	80002d60	5dc1ec37	lui	x24,0x5dc1e	 x24=0x5dc1e000
     134805.000 ns	     13479	80002d64	000cb1d3	fadd.s	f3,f25,f0	 f25:0x7fc00000  f0:0x00000000  f3=0x7fc00000
     134845.000 ns	     13483	80002d68	580bb953	fsqrt.s	f18,f23	 f23:0x7fc00000 f18=0x7fc00000
     134865.000 ns	     13485	80002d6c	b92c0f13	addi	x30,x24,-1134	 x24:0x5dc1e000 x30=0x5dc1db92
     134885.000 ns	     13487	80002d70	0316aa33	mulhsu	x20,x13,x17	 x13:0x00000000 x17:0x00000001 x20=0x00000000
     134915.000 ns	     13490	80002d74	039dafb3	mulhsu	x31,x27,x25	 x27:0xffffffff x25:0x00000001 x31=0xffffffff
     134965.000 ns	     13495	80002d78	012db5d3	fadd.s	f11,f27,f18	 f27:0x7fc00000 f18:0x7fc00000 f11=0x7fc00000
     134985.000 ns	     13497	80002d7c	01ad5833	srl	x16,x26,x26	 x26:0x00000000 x26:0x00000000 x16=0x00000000
     134995.000 ns	     13498	80002d80	9c400213	addi	x4,x0,-1596	  x0:0x00000000  x4=0xfffff9c4
     135025.000 ns	     13501	80002d84	184370d3	fdiv.s	f1,f6,f4	  f6:0x3f800000  f4:0x7fc00000  f1=0x7fc00000
     135045.000 ns	     13503	80002d88	4f254c13	xori	x24,x10,1266	 x10:0x00000000 x24=0x000004f2
     135055.000 ns	     13504	80002d8c	01320233	add	x4,x4,x19	  x4:0xfffff9c4 x19:0xc1739000  x4=0xc17389c4
     135065.000 ns	     13505	80002d90	01955c93	srli	x25,x10,0x19	 x10:0x00000000 x25=0x00000000
     135085.000 ns	     13507	80002d94	21b19653	fsgnjn.s	f12,f3,f27	  f3:0x7fc00000 f27:0x7fc00000 f12=0xffc00000
     135125.000 ns	     13511	80002d98	5807f8d3	fsqrt.s	f17,f15	 f15:0x00000000 f17=0x00000000
     135155.000 ns	     13514	80002d9c	e00b1553	fclass.s	x10,f22	 f22:0xffc00000 x10=0x00000200
     135185.000 ns	     13517	80002da0	02c79db3	mulh	x27,x15,x12	 x15:0xfffffa1e x12:0x7fc00000 x27=0xfffffd10
     135205.000 ns	     13519	80002da4	019ade93	srli	x29,x21,0x19	 x21:0x00000000 x29=0x00000000
     135225.000 ns	     13521	80002da8	03180933	mul	x18,x16,x17	 x16:0x00000000 x17:0x00000001 x18=0x00000000
     135255.000 ns	     13524	80002dac	c0197753	fcvt.wu.s	x14,f18	 f18:0x7fc00000 x14=0xffffffff
     135285.000 ns	     13527	80002db0	03a967b3	rem	x15,x18,x26	 x18:0x00000000 x26:0x00000000 x15=0x00000000
     135305.000 ns	     13529	80002db4	2e3bdfb7	lui	x31,0x2e3bd	 x31=0x2e3bd000
     135325.000 ns	     13531	80002db8	d00bf453	fcvt.s.w	f8,x23	 x23:0xffffffc2  f8=0xc2780000
     135355.000 ns	     13534	80002dbc	d000a3d3	fcvt.s.w	f7,x1	  x1:0x7fc00000  f7=0x4eff8000
     135375.000 ns	     13536	80002dc0	416edf93	srai	x31,x29,0x16	 x29:0x00000000 x31=0x00000000
     135395.000 ns	     13538	80002dc4	e0049f53	fclass.s	x30,f9	  f9:0x7fc00000 x30=0x00000200
     135415.000 ns	     13540	80002dc8	339d3b93	sltiu	x23,x26,825	 x26:0x00000000 x23=0x00000001
     135425.000 ns	     13541	80002dcc	bd17d017	auipc	x0,0xbd17d	
     135435.000 ns	     13542	80002dd0	013f5b93	srli	x23,x30,0x13	 x30:0x00000200 x23=0x00000000
     135445.000 ns	     13543	80002dd4	12988c93	addi	x25,x17,297	 x17:0x00000001 x25=0x0000012a
     135805.000 ns	     13579	80002dd8	0319cc33	div	x24,x19,x17	 x19:0xc1739000 x17:0x00000001 x24=0xc1739000
     135835.000 ns	     13582	80002ddc	02dc0eb3	mul	x29,x24,x13	 x24:0x000004f2 x13:0x00000000 x29=0x00000000
     135865.000 ns	     13585	80002de0	c000f953	fcvt.w.s	x18,f1	  f1:0x7fc00000 x18=0x7fffffff
     135915.000 ns	     13590	80002de4	090b7153	fsub.s	f2,f22,f16	 f22:0xffc00000 f16:0x00000000  f2=0x7fc00000
     135945.000 ns	     13593	80002de8	030563b3	rem	x7,x10,x16	 x10:0x00000200 x16:0x00000000  x7=0x00000200
     135965.000 ns	     13595	80002dec	0137dd33	srl	x26,x15,x19	 x15:0x00000000 x19:0xc1739000 x26=0x00000000
     135975.000 ns	     13596	80002df0	65f77b13	andi	x22,x14,1631	 x14:0xffffffff x22=0x0000065f
     136005.000 ns	     13599	80002df4	111cf0d3	fmul.s	f1,f25,f17	 f25:0x7fc00000 f17:0x00000000  f1=0x7fc00000
     136035.000 ns	     13602	80002df8	02beacb3	mulhsu	x25,x29,x11	 x29:0x00000000 x11:0xf24b5688 x25=0x00000000
     136055.000 ns	     13604	80002dfc	011bda93	srli	x21,x23,0x11	 x23:0x00000000 x21=0x00000000
     136415.000 ns	     13640	80002e00	02bbf833	remu	x16,x23,x11	 x23:0x00000000 x11:0xf24b5688 x16=0x00000000
     136445.000 ns	     13643	80002e04	028534b3	mulhu	x9,x10,x8	 x10:0x00000200  x8:0x00000716  x9=0x00000000
     136495.000 ns	     13648	80002e08	00fdb7d3	fadd.s	f15,f27,f15	 f27:0x7fc00000 f15:0x00000000 f15=0x7fc00000
     136515.000 ns	     13650	80002e0c	01a41813	slli	x16,x8,0x1a	  x8:0x00000716 x16=0x58000000
     136535.000 ns	     13652	80002e10	c00998d3	fcvt.w.s	x17,f19	 f19:0x00000000 x17=0x00000000
     136555.000 ns	     13654	80002e14	01443633	sltu	x12,x8,x20	  x8:0x00000716 x20:0x00000000 x12=0x00000000
     136565.000 ns	     13655	80002e18	01cc04b3	add	x9,x24,x28	 x24:0xc1739000 x28:0x80041024  x9=0x4177a024
     136585.000 ns	     13657	80002e1c	f0030fd3	fmv.w.x	f31,x6	  x6:0xfffffc17 f31=0xfffffc17
     136615.000 ns	     13660	80002e20	e0049fd3	fclass.s	x31,f9	  f9:0x7fc00000 x31=0x00000200
     136645.000 ns	     13663	80002e24	21b12cd3	fsgnjx.s	f25,f2,f27	  f2:0x7fc00000 f27:0x7fc00000 f25=0x7fc00000
     136675.000 ns	     13666	80002e28	a1d98f53	fle.s	x30,f19,f29	 f19:0x00000000 f29:0x00000000 x30=0x00000001
     136705.000 ns	     13669	80002e2c	031d2fb3	mulhsu	x31,x26,x17	 x26:0x00000000 x17:0x00000000 x31=0x00000000
     136725.000 ns	     13671	80002e30	41215f93	srai	x31,x2,0x12	  x2:0x80040fe4 x31=0xffffe001
     136745.000 ns	     13673	80002e34	c00aca53	fcvt.w.s	x20,f21	 f21:0x00000000 x20=0x00000000
     136775.000 ns	     13676	80002e38	f0060bd3	fmv.w.x	f23,x12	 x12:0x00000000 f23=0x00000000
     136805.000 ns	     13679	80002e3c	21c10653	fsgnj.s	f12,f2,f28	  f2:0x7fc00000 f28:0x00000000 f12=0x7fc00000
     136825.000 ns	     13681	80002e40	35f0bf93	sltiu	x31,x1,863	  x1:0x7fc00000 x31=0x00000000
     136835.000 ns	     13682	80002e44	4161d4b3	sra	x9,x3,x22	  x3:0x02c273c0 x22:0x0000065f  x9=0x00000000
     136845.000 ns	     13683	80002e48	3940e893	ori	x17,x1,916	  x1:0x7fc00000 x17=0x7fc00394
     136855.000 ns	     13684	80002e4c	332a0217	auipc	x4,0x332a0	  x4=0xb32a2e4c
     136875.000 ns	     13686	80002e50	d01571d3	fcvt.s.wu	f3,x10	 x10:0x00000200  f3=0x44000000
     136895.000 ns	     13688	80002e54	00000013	addi	x0,x0,0	  x0:0x00000000
     136905.000 ns	     13689	80002e58	41d40533	sub	x10,x8,x29	  x8:0x00000716 x29:0x00000000 x10=0x00000716
     136915.000 ns	     13690	80002e5c	00254f33	xor	x30,x10,x2	 x10:0x00000200  x2:0x80040fe4 x30=0x800408f2
     136935.000 ns	     13692	80002e60	c01404d3	fcvt.wu.s	x9,f8	  f8:0xc2780000  x9=0x0000003e
     136955.000 ns	     13694	80002e64	00ffdd93	srli	x27,x31,0xf	 x31:0x00000000 x27=0x00000000
     136975.000 ns	     13696	80002e68	209ba3d3	fsgnjx.s	f7,f23,f9	 f23:0x00000000  f9:0x7fc00000  f7=0x00000000
     136995.000 ns	     13698	80002e6c	40a8df13	srai	x30,x17,0xa	 x17:0x7fc00394 x30=0x001ff000
     137005.000 ns	     13699	80002e70	41e6dd33	sra	x26,x13,x30	 x13:0x00000000 x30:0x800408f2 x26=0x00000000
     137015.000 ns	     13700	80002e74	00cccd33	xor	x26,x25,x12	 x25:0x00000000 x12:0x00000000 x26=0x00000000
     137025.000 ns	     13701	80002e78	00fc1433	sll	x8,x24,x15	 x24:0xc1739000 x15:0x00000000  x8=0xc1739000
     137055.000 ns	     13704	80002e7c	11607bd3	fmul.s	f23,f0,f22	  f0:0x00000000 f22:0xffc00000 f23=0x7fc00000
     137075.000 ns	     13706	80002e80	cfe3b993	sltiu	x19,x7,-770	  x7:0x00000200 x19=0x00000001
     137085.000 ns	     13707	80002e84	40f00333	sub	x6,x0,x15	  x0:0x00000000 x15:0x00000000  x6=0x00000000
     137095.000 ns	     13708	80002e88	018b9bb3	sll	x23,x23,x24	 x23:0x00000000 x24:0xc1739000 x23=0x00000000
     137115.000 ns	     13710	80002e8c	e0059953	fclass.s	x18,f11	 f11:0x7fc00000 x18=0x00000200
     137145.000 ns	     13713	80002e90	c015fed3	fcvt.wu.s	x29,f11	 f11:0x7fc00000 x29=0xffffffff
     137165.000 ns	     13715	80002e94	01822033	slt	x0,x4,x24	  x4:0xb32a2e4c x24:0xc1739000
     137175.000 ns	     13716	80002e98	3c0b4493	xori	x9,x22,960	 x22:0x0000065f  x9=0x0000059f
     137195.000 ns	     13718	80002e9c	d0057753	fcvt.s.w	f14,x10	 x10:0x00000716 f14=0x44e2c000
     137225.000 ns	     13721	80002ea0	a1efafd3	feq.s	x31,f31,f30	 f31:0xfffffc17 f30:0xffc00000 x31=0x00000000
     137245.000 ns	     13723	80002ea4	00000013	addi	x0,x0,0	  x0:0x00000000
     137255.000 ns	     13724	80002ea8	015cf333	and	x6,x25,x21	 x25:0x00000000 x21:0x00000000  x6=0x00000000
     137265.000 ns	     13725	80002eac	01fe9893	slli	x17,x29,0x1f	 x29:0xffffffff x17=0x80000000
     137285.000 ns	     13727	80002eb0	a040a353	feq.s	x6,f1,f4	  f1:0x7fc00000  f4:0x7fc00000  x6=0x00000000
     137315.000 ns	     13730	80002eb4	205e1953	fsgnjn.s	f18,f28,f5	 f28:0x00000000  f5:0x00000000 f18=0x80000000
     137345.000 ns	     13733	80002eb8	d007f5d3	fcvt.s.w	f11,x15	 x15:0x00000000 f11=0x00000000
     137375.000 ns	     13736	80002ebc	20cd2a53	fsgnjx.s	f20,f26,f12	 f26:0x44900000 f12:0x7fc00000 f20=0x44900000
     137395.000 ns	     13738	80002ec0	01798cb3	add	x25,x19,x23	 x19:0x00000001 x23:0x00000000 x25=0x00000001
     137755.000 ns	     13774	80002ec4	028a68b3	rem	x17,x20,x8	 x20:0x00000000  x8:0xc1739000 x17=0x00000000
     137775.000 ns	     13776	80002ec8	f1cff897	auipc	x17,0xf1cff	 x17=0x71d01ec8
     137785.000 ns	     13777	80002ecc	a2d42513	slti	x10,x8,-1491	  x8:0xc1739000 x10=0x00000001
     137795.000 ns	     13778	80002ed0	22554613	xori	x12,x10,549	 x10:0x00000716 x12=0x00000224
     137825.000 ns	     13781	80002ed4	19d94553	fdiv.s	f10,f18,f29	 f18:0x80000000 f29:0x00000000 f10=0x7fc00000
     137855.000 ns	     13784	80002ed8	c00720d3	fcvt.w.s	x1,f14	 f14:0x44e2c000  x1=0x00000716
     137905.000 ns	     13789	80002edc	09b1f853	fsub.s	f16,f3,f27	  f3:0x44000000 f27:0x7fc00000 f16=0x7fc00000
     137935.000 ns	     13792	80002ee0	f00105d3	fmv.w.x	f11,x2	  x2:0x80040fe4 f11=0x80040fe4
     137955.000 ns	     13794	80002ee4	00c35d33	srl	x26,x6,x12	  x6:0x00000000 x12:0x00000224 x26=0x00000000
     137965.000 ns	     13795	80002ee8	008a2f33	slt	x30,x20,x8	 x20:0x00000000  x8:0xc1739000 x30=0x00000000
     137995.000 ns	     13798	80002eec	18dc78d3	fdiv.s	f17,f24,f13	 f24:0x4f724b56 f13:0x7fc00000 f17=0x7fc00000
     138015.000 ns	     13800	80002ef0	011928b3	slt	x17,x18,x17	 x18:0x00000200 x17:0x71d01ec8 x17=0x00000001
     138025.000 ns	     13801	80002ef4	500ec513	xori	x10,x29,1280	 x29:0xffffffff x10=0xfffffaff
     138045.000 ns	     13803	80002ef8	a0cc0f53	fle.s	x30,f24,f12	 f24:0x4f724b56 f12:0x7fc00000 x30=0x00000000
     138075.000 ns	     13806	80002efc	c0107fd3	fcvt.wu.s	x31,f0	  f0:0x00000000 x31=0x00000000
     138125.000 ns	     13811	80002f00	01dd72d3	fadd.s	f5,f26,f29	 f26:0x44900000 f29:0x00000000  f5=0x44900000
     138155.000 ns	     13814	80002f04	02076333	rem	x6,x14,x0	 x14:0xffffffff  x0:0x00000000  x6=0xffffffff
     138175.000 ns	     13816	80002f08	98256913	ori	x18,x10,-1662	 x10:0xfffffaff x18=0xfffffbff
     138195.000 ns	     13818	80002f0c	a1432553	feq.s	x10,f6,f20	  f6:0x3f800000 f20:0x44900000 x10=0x00000000
     138215.000 ns	     13820	80002f10	007ef533	and	x10,x29,x7	 x29:0xffffffff  x7:0x00000200 x10=0x00000200
     138575.000 ns	     13856	80002f14	022f52b3	divu	x5,x30,x2	 x30:0x00000000  x2:0x80040fe4  x5=0x00000000
     138605.000 ns	     13859	80002f18	c0108cd3	fcvt.wu.s	x25,f1	  f1:0x7fc00000 x25=0xffffffff
     138625.000 ns	     13861	80002f1c	48a8cf37	lui	x30,0x48a8c	 x30=0x48a8c000
     138645.000 ns	     13863	80002f20	02ee1cb3	mulh	x25,x28,x14	 x28:0x80041024 x14:0xffffffff x25=0x00000000
     138665.000 ns	     13865	80002f24	41138ab3	sub	x21,x7,x17	  x7:0x00000200 x17:0x00000001 x21=0x000001ff
     138675.000 ns	     13866	80002f28	00c5d493	srli	x9,x11,0xc	 x11:0xf24b5688  x9=0x000f24b5
     138685.000 ns	     13867	80002f2c	000b2933	slt	x18,x22,x0	 x22:0x0000065f  x0:0x00000000 x18=0x00000000
     138705.000 ns	     13869	80002f30	21112453	fsgnjx.s	f8,f2,f17	  f2:0x7fc00000 f17:0x7fc00000  f8=0x7fc00000
     138735.000 ns	     13872	80002f34	0307bcb3	mulhu	x25,x15,x16	 x15:0x00000000 x16:0x58000000 x25=0x00000000
     138755.000 ns	     13874	80002f38	cc64cd13	xori	x26,x9,-826	  x9:0x000f24b5 x26=0xfff0d873
     138765.000 ns	     13875	80002f3c	40e45c33	sra	x24,x8,x14	  x8:0xc1739000 x14:0xffffffff x24=0xffffffff
     138785.000 ns	     13877	80002f40	f00e8cd3	fmv.w.x	f25,x29	 x29:0xffffffff f25=0xffffffff
     138825.000 ns	     13881	80002f44	109424d3	fmul.s	f9,f8,f9	  f8:0x7fc00000  f9:0x7fc00000  f9=0x7fc00000
     138845.000 ns	     13883	80002f48	00dfd833	srl	x16,x31,x13	 x31:0x00000000 x13:0x00000000 x16=0x00000000
     138865.000 ns	     13885	80002f4c	02d5a0b3	mulhsu	x1,x11,x13	 x11:0xf24b5688 x13:0x00000000  x1=0x00000000
     138905.000 ns	     13889	80002f50	11817ed3	fmul.s	f29,f2,f24	  f2:0x7fc00000 f24:0x4f724b56 f29=0x7fc00000
     138935.000 ns	     13892	80002f54	030a8c33	mul	x24,x21,x16	 x21:0x000001ff x16:0x00000000 x24=0x00000000
     138965.000 ns	     13895	80002f58	03bd1a33	mulh	x20,x26,x27	 x26:0xfff0d873 x27:0x00000000 x20=0x00000000
     138995.000 ns	     13898	80002f5c	29fa88d3	fmin.s	f17,f21,f31	 f21:0x00000000 f31:0xfffffc17 f17=0x00000000
     139015.000 ns	     13900	80002f60	41da8733	sub	x14,x21,x29	 x21:0x000001ff x29:0xffffffff x14=0x00000200
     139035.000 ns	     13902	80002f64	03211d33	mulh	x26,x2,x18	  x2:0x80040fe4 x18:0x00000000 x26=0x00000000
     139055.000 ns	     13904	80002f68	0007b733	sltu	x14,x15,x0	 x15:0x00000000  x0:0x00000000 x14=0x00000000
     139065.000 ns	     13905	80002f6c	7f39da37	lui	x20,0x7f39d	 x20=0x7f39d000
     139085.000 ns	     13907	80002f70	036c0733	mul	x14,x24,x22	 x24:0x00000000 x22:0x0000065f x14=0x00000000
     139105.000 ns	     13909	80002f74	b2e27937	lui	x18,0xb2e27	 x18=0xb2e27000
     139115.000 ns	     13910	80002f78	41f6d313	srai	x6,x13,0x1f	 x13:0x00000000  x6=0x00000000
     139125.000 ns	     13911	80002f7c	0107eeb3	or	x29,x15,x16	 x15:0x00000000 x16:0x00000000 x29=0x00000000
     139135.000 ns	     13912	80002f80	400583b3	sub	x7,x11,x0	 x11:0xf24b5688  x0:0x00000000  x7=0xf24b5688
     139145.000 ns	     13913	80002f84	01146933	or	x18,x8,x17	  x8:0xc1739000 x17:0x00000001 x18=0xc1739001
     139155.000 ns	     13914	80002f88	40dad293	srai	x5,x21,0xd	 x21:0x000001ff  x5=0x00000000
     139195.000 ns	     13918	80002f8c	01d5f0d3	fadd.s	f1,f11,f29	 f11:0x80040fe4 f29:0x7fc00000  f1=0x7fc00000
     139225.000 ns	     13921	80002f90	039aeab3	rem	x21,x21,x25	 x21:0x000001ff x25:0x00000000 x21=0x000001ff
     139245.000 ns	     13923	80002f94	00027db3	and	x27,x4,x0	  x4:0xb32a2e4c  x0:0x00000000 x27=0x00000000
     139255.000 ns	     13924	80002f98	1c373913	sltiu	x18,x14,451	 x14:0x00000000 x18=0x00000001
     139265.000 ns	     13925	80002f9c	010cac33	slt	x24,x25,x16	 x25:0x00000000 x16:0x00000000 x24=0x00000000
     139285.000 ns	     13927	80002fa0	f0040cd3	fmv.w.x	f25,x8	  x8:0xc1739000 f25=0xc1739000
     139315.000 ns	     13930	80002fa4	02c29433	mulh	x8,x5,x12	  x5:0x00000000 x12:0x00000224  x8=0x00000000
     139335.000 ns	     13932	80002fa8	01c6d313	srli	x6,x13,0x1c	 x13:0x00000000  x6=0x00000000
     139355.000 ns	     13934	80002fac	02269db3	mulh	x27,x13,x2	 x13:0x00000000  x2:0x80040fe4 x27=0x00000000
     139385.000 ns	     13937	80002fb0	c009f753	fcvt.w.s	x14,f19	 f19:0x00000000 x14=0x00000000
     139405.000 ns	     13939	80002fb4	151f73b7	lui	x7,0x151f7	  x7=0x151f7000
     139415.000 ns	     13940	80002fb8	00451793	slli	x15,x10,0x4	 x10:0x00000200 x15=0x00002000
     139425.000 ns	     13941	80002fbc	00f7c4b3	xor	x9,x15,x15	 x15:0x00000000 x15:0x00000000  x9=0x00000000
     139435.000 ns	     13942	80002fc0	01cb6d33	or	x26,x22,x28	 x22:0x0000065f x28:0x80041024 x26=0x8004167f
     139455.000 ns	     13944	80002fc4	21f10a53	fsgnj.s	f20,f2,f31	  f2:0x7fc00000 f31:0xfffffc17 f20=0xffc00000
     139485.000 ns	     13947	80002fc8	039d1d33	mulh	x26,x26,x25	 x26:0x00000000 x25:0x00000000 x26=0x00000000
     139505.000 ns	     13949	80002fcc	017ded33	or	x26,x27,x23	 x27:0x00000000 x23:0x00000000 x26=0x00000000
     139525.000 ns	     13951	80002fd0	c006fa53	fcvt.w.s	x20,f13	 f13:0x7fc00000 x20=0x7fffffff
     139555.000 ns	     13954	80002fd4	c00dfcd3	fcvt.w.s	x25,f27	 f27:0x7fc00000 x25=0x7fffffff
     139575.000 ns	     13956	80002fd8	41c05f93	srai	x31,x0,0x1c	  x0:0x00000000 x31=0x00000000
     139605.000 ns	     13959	80002fdc	580aba53	fsqrt.s	f20,f21	 f21:0x00000000 f20=0x00000000
     139645.000 ns	     13963	80002fe0	181c7653	fdiv.s	f12,f24,f1	 f24:0x4f724b56  f1:0x7fc00000 f12=0x7fc00000
     139675.000 ns	     13966	80002fe4	c00298d3	fcvt.w.s	x17,f5	  f5:0x44900000 x17=0x00000480
     139695.000 ns	     13968	80002fe8	002cdf13	srli	x30,x25,0x2	 x25:0x7fffffff x30=0x1fffffff
     139705.000 ns	     13969	80002fec	14daee93	ori	x29,x21,333	 x21:0x000001ff x29=0x000001ff
     139725.000 ns	     13971	80002ff0	e0058953	fmv.x.w	x18,f11	 f11:0x80040fe4 x18=0x80040fe4
     139745.000 ns	     13973	80002ff4	9c022437	lui	x8,0x9c022	  x8=0x9c022000
     139765.000 ns	     13975	80002ff8	d00c7bd3	fcvt.s.w	f23,x24	 x24:0x00000000 f23=0x00000000
     139785.000 ns	     13977	80002ffc	002f4c33	xor	x24,x30,x2	 x30:0x1fffffff  x2:0x80040fe4 x24=0x9ffbf01b
     139795.000 ns	     13978	80003000	00c1c833	xor	x16,x3,x12	  x3:0x02c273c0 x12:0x00000224 x16=0x02c271e4
     139805.000 ns	     13979	80003004	00423033	sltu	x0,x4,x4	  x4:0xb32a2e4c  x4:0xb32a2e4c
     139815.000 ns	     13980	80003008	0f0de017	auipc	x0,0xf0de	
     139825.000 ns	     13981	8000300c	43546913	ori	x18,x8,1077	  x8:0x9c022000 x18=0x9c022435
     139845.000 ns	     13983	80003010	c000f053	fcvt.w.s	x0,f1	  f1:0x7fc00000
     139895.000 ns	     13988	80003014	004247d3	fadd.s	f15,f4,f4	  f4:0x7fc00000  f4:0x7fc00000 f15=0x7fc00000
     139915.000 ns	     13990	80003018	1d9b3917	auipc	x18,0x1d9b3	 x18=0x9d9b6018
     139925.000 ns	     13991	8000301c	0140bc33	sltu	x24,x1,x20	  x1:0x00000000 x20:0x7fffffff x24=0x00000001
     139935.000 ns	     13992	80003020	89565217	auipc	x4,0x89565	  x4=0x09568020
     139945.000 ns	     13993	80003024	86863813	sltiu	x16,x12,-1944	 x12:0x00000224 x16=0x00000001
     139955.000 ns	     13994	80003028	00100833	add	x16,x0,x1	  x0:0x00000000  x1:0x00000000 x16=0x00000000
     139965.000 ns	     13995	8000302c	00938ab3	add	x21,x7,x9	  x7:0x151f7000  x9:0x00000000 x21=0x151f7000
     139975.000 ns	     13996	80003030	987fa093	slti	x1,x31,-1657	 x31:0x00000000  x1=0x00000000
     140005.000 ns	     13999	80003034	10549653	fmul.s	f12,f9,f5	  f9:0x7fc00000  f5:0x44900000 f12=0x7fc00000
     140025.000 ns	     14001	80003038	00000013	addi	x0,x0,0	  x0:0x00000000
     140045.000 ns	     14003	8000303c	a0be16d3	flt.s	x13,f28,f11	 f28:0x00000000 f11:0x80040fe4 x13=0x00000000
     140075.000 ns	     14006	80003040	a182af53	feq.s	x30,f5,f24	  f5:0x44900000 f24:0x4f724b56 x30=0x00000000
     140095.000 ns	     14008	80003044	01623c33	sltu	x24,x4,x22	  x4:0x09568020 x22:0x0000065f x24=0x00000000
     140105.000 ns	     14009	80003048	1f4d0413	addi	x8,x26,500	 x26:0x00000000  x8=0x000001f4
     140145.000 ns	     14013	8000304c	08bff2d3	fsub.s	f5,f31,f11	 f31:0xfffffc17 f11:0x80040fe4  f5=0x7fc00000
     140195.000 ns	     14018	80003050	00327ad3	fadd.s	f21,f4,f3	  f4:0x7fc00000  f3:0x44000000 f21=0x7fc00000
     140225.000 ns	     14021	80003054	e0021f53	fclass.s	x30,f4	  f4:0x7fc00000 x30=0x00000200
     140255.000 ns	     14024	80003058	21e980d3	fsgnj.s	f1,f19,f30	 f19:0x00000000 f30:0xffc00000  f1=0x80000000
     140275.000 ns	     14026	8000305c	f0060a13	addi	x20,x12,-256	 x12:0x00000224 x20=0x00000124
     140295.000 ns	     14028	80003060	20bc2653	fsgnjx.s	f12,f24,f11	 f24:0x4f724b56 f11:0x80040fe4 f12=0xcf724b56
     140325.000 ns	     14031	80003064	03832d33	mulhsu	x26,x6,x24	  x6:0x00000000 x24:0x00000000 x26=0x00000000
     140355.000 ns	     14034	80003068	02f62933	mulhsu	x18,x12,x15	 x12:0x00000224 x15:0x00002000 x18=0x00000000
     140385.000 ns	     14037	8000306c	a10f9d53	flt.s	x26,f31,f16	 f31:0xfffffc17 f16:0x7fc00000 x26=0x00000000
     140405.000 ns	     14039	80003070	00000013	addi	x0,x0,0	  x0:0x00000000
     140415.000 ns	     14040	80003074	41cd87b3	sub	x15,x27,x28	 x27:0x00000000 x28:0x80041024 x15=0x7ffbefdc
     140435.000 ns	     14042	80003078	d01af353	fcvt.s.wu	f6,x21	 x21:0x151f7000  f6=0x4da8fb80
     140475.000 ns	     14046	8000307c	11bf2853	fmul.s	f16,f30,f27	 f30:0xffc00000 f27:0x7fc00000 f16=0x7fc00000
     140495.000 ns	     14048	80003080	00569313	slli	x6,x13,0x5	 x13:0x00000000  x6=0x00000000
     140515.000 ns	     14050	80003084	c00770d3	fcvt.w.s	x1,f14	 f14:0x44e2c000  x1=0x00000716
     140545.000 ns	     14053	80003088	208d11d3	fsgnjn.s	f3,f26,f8	 f26:0x44900000  f8:0x7fc00000  f3=0xc4900000
     140565.000 ns	     14055	8000308c	006703b3	add	x7,x14,x6	 x14:0x00000000  x6:0x00000000  x7=0x00000000
     140585.000 ns	     14057	80003090	031f3233	mulhu	x4,x30,x17	 x30:0x00000200 x17:0x00000480  x4=0x00000000
     140605.000 ns	     14059	80003094	50cce313	ori	x6,x25,1292	 x25:0x7fffffff  x6=0x7fffffff
     140625.000 ns	     14061	80003098	e00897d3	fclass.s	x15,f17	 f17:0x00000000 x15=0x00000010
     140655.000 ns	     14064	8000309c	20ec2dd3	fsgnjx.s	f27,f24,f14	 f24:0x4f724b56 f14:0x44e2c000 f27=0x4f724b56
     140675.000 ns	     14066	800030a0	006ca1b3	slt	x3,x25,x6	 x25:0x7fffffff  x6:0x7fffffff  x3=0x00000000
     140695.000 ns	     14068	800030a4	037609b3	mul	x19,x12,x23	 x12:0x00000224 x23:0x00000000 x19=0x00000000
     140725.000 ns	     14071	800030a8	205f29d3	fsgnjx.s	f19,f30,f5	 f30:0xffc00000  f5:0x7fc00000 f19=0xffc00000
     140755.000 ns	     14074	800030ac	28d28ad3	fmin.s	f21,f5,f13	  f5:0x7fc00000 f13:0x7fc00000 f21=0x7fc00000
     140785.000 ns	     14077	800030b0	022f0fb3	mul	x31,x30,x2	 x30:0x00000200  x2:0x80040fe4 x31=0x081fc800
     140825.000 ns	     14081	800030b4	18a77a53	fdiv.s	f20,f14,f10	 f14:0x44e2c000 f10:0x7fc00000 f20=0x7fc00000
     140845.000 ns	     14083	800030b8	004a2233	slt	x4,x20,x4	 x20:0x00000124  x4:0x00000000  x4=0x00000000
     140855.000 ns	     14084	800030bc	00b67733	and	x14,x12,x11	 x12:0x00000224 x11:0xf24b5688 x14=0x00000200
     140865.000 ns	     14085	800030c0	c09cf693	andi	x13,x25,-1015	 x25:0x7fffffff x13=0x7ffffc09
     140875.000 ns	     14086	800030c4	5b436a93	ori	x21,x6,1460	  x6:0x7fffffff x21=0x7fffffff
     140885.000 ns	     14087	800030c8	015e7b33	and	x22,x28,x21	 x28:0x80041024 x21:0x151f7000 x22=0x00041024
     141245.000 ns	     14123	800030cc	0315c533	div	x10,x11,x17	 x11:0xf24b5688 x17:0x00000480 x10=0xfffcf44d
     141275.000 ns	     14126	800030d0	e00392d3	fclass.s	x5,f7	  f7:0x00000000  x5=0x00000010
     141295.000 ns	     14128	800030d4	9023a713	slti	x14,x7,-1790	  x7:0x00000000 x14=0x00000000
     141315.000 ns	     14130	800030d8	284e15d3	fmax.s	f11,f28,f4	 f28:0x00000000  f4:0x7fc00000 f11=0x00000000
     141685.000 ns	     14167	800030dc	028b4bb3	div	x23,x22,x8	 x22:0x00041024  x8:0x000001f4 x23=0x00000214
     141705.000 ns	     14169	800030e0	008778b3	and	x17,x14,x8	 x14:0x00000000  x8:0x000001f4 x17=0x00000000
     141745.000 ns	     14173	800030e4	09b07f53	fsub.s	f30,f0,f27	  f0:0x00000000 f27:0x4f724b56 f30=0xcf724b56
     141765.000 ns	     14175	800030e8	f6f07213	andi	x4,x0,-145	  x0:0x00000000  x4=0x00000000
     141795.000 ns	     14178	800030ec	18027ad3	fdiv.s	f21,f4,f0	  f4:0x7fc00000  f0:0x00000000 f21=0x7fc00000
     141825.000 ns	     14181	800030f0	28be03d3	fmin.s	f7,f28,f11	 f28:0x00000000 f11:0x00000000  f7=0x00000000
     141845.000 ns	     14183	800030f4	27704713	xori	x14,x0,631	  x0:0x00000000 x14=0x00000277
     141865.000 ns	     14185	800030f8	d01a7653	fcvt.s.wu	f12,x20	 x20:0x00000124 f12=0x43920000
     141895.000 ns	     14188	800030fc	c019fed3	fcvt.wu.s	x29,f19	 f19:0xffc00000 x29=0xffffffff
     141925.000 ns	     14191	80003100	c00cf453	fcvt.w.s	x8,f25	 f25:0xc1739000  x8=0x0000000f
     142295.000 ns	     14228	80003104	02be4eb3	div	x29,x28,x11	 x28:0x80041024 x11:0xf24b5688 x29=0x00000009
     143475.000 ns	     14346	80003108	58077153	fsqrt.s	f2,f14	 f14:0x44e2c000  f2=0x422a5d43
     143515.000 ns	     14350	8000310c	185586d3	fdiv.s	f13,f11,f5	 f11:0x00000000  f5:0x7fc00000 f13=0x7fc00000
     143535.000 ns	     14352	80003110	014604b3	add	x9,x12,x20	 x12:0x00000224 x20:0x00000124  x9=0x00000348
     143545.000 ns	     14353	80003114	00785733	srl	x14,x16,x7	 x16:0x00000000  x7:0x00000000 x14=0x00000000
     143565.000 ns	     14355	80003118	c0093ed3	fcvt.w.s	x29,f18	 f18:0x80000000 x29=0x00000000
     143935.000 ns	     14392	8000311c	021ce6b3	rem	x13,x25,x1	 x25:0x7fffffff  x1:0x00000716 x13=0x000005eb
     143955.000 ns	     14394	80003120	71dd6413	ori	x8,x26,1821	 x26:0x00000000  x8=0x0000071d
     143965.000 ns	     14395	80003124	012d9513	slli	x10,x27,0x12	 x27:0x00000000 x10=0x00000000
     143975.000 ns	     14396	80003128	00000013	addi	x0,x0,0	  x0:0x00000000
     143985.000 ns	     14397	8000312c	01a7e7b3	or	x15,x15,x26	 x15:0x00000010 x26:0x00000000 x15=0x00000010
     144005.000 ns	     14399	80003130	e0078a53	fmv.x.w	x20,f15	 f15:0x7fc00000 x20=0x7fc00000
     144025.000 ns	     14401	80003134	00000013	addi	x0,x0,0	  x0:0x00000000
     144045.000 ns	     14403	80003138	e00214d3	fclass.s	x9,f4	  f4:0x7fc00000  x9=0x00000200
     144065.000 ns	     14405	8000313c	0032df13	srli	x30,x5,0x3	  x5:0x00000010 x30=0x00000002
     144075.000 ns	     14406	80003140	407f5c13	srai	x24,x30,0x7	 x30:0x00000200 x24=0x00000000
     144085.000 ns	     14407	80003144	7ad6c693	xori	x13,x13,1965	 x13:0x000005eb x13=0x00000246
     144105.000 ns	     14409	80003148	a1e59dd3	flt.s	x27,f11,f30	 f11:0x00000000 f30:0xcf724b56 x27=0x00000000
     144125.000 ns	     14411	8000314c	01e99933	sll	x18,x19,x30	 x19:0x00000000 x30:0x00000002 x18=0x00000000
     144135.000 ns	     14412	80003150	4375fd13	andi	x26,x11,1079	 x11:0xf24b5688 x26=0x00000400
     144145.000 ns	     14413	80003154	40715eb3	sra	x29,x2,x7	  x2:0x80040fe4  x7:0x00000000 x29=0x80040fe4
     144155.000 ns	     14414	80003158	83aef393	andi	x7,x29,-1990	 x29:0x00000000  x7=0x80040820
     144165.000 ns	     14415	8000315c	b0ce8e97	auipc	x29,0xb0ce8	 x29=0x30ceb15c
     144175.000 ns	     14416	80003160	01565513	srli	x10,x12,0x15	 x12:0x00000224 x10=0x00000000
     144185.000 ns	     14417	80003164	008b6433	or	x8,x22,x8	 x22:0x00041024  x8:0x0000071d  x8=0x0004173d
     144195.000 ns	     14418	80003168	41e457b3	sra	x15,x8,x30	  x8:0x0000071d x30:0x00000002 x15=0x000105cf
     144205.000 ns	     14419	8000316c	019c52b3	srl	x5,x24,x25	 x24:0x00000000 x25:0x7fffffff  x5=0x00000000
     144225.000 ns	     14421	80003170	207616d3	fsgnjn.s	f13,f12,f7	 f12:0x43920000  f7:0x00000000 f13=0xc3920000
     144255.000 ns	     14424	80003174	d01817d3	fcvt.s.wu	f15,x16	 x16:0x00000000 f15=0x00000000
     144275.000 ns	     14426	80003178	00dc4ab3	xor	x21,x24,x13	 x24:0x00000000 x13:0x00000246 x21=0x00000246
     144295.000 ns	     14428	8000317c	c00eff53	fcvt.w.s	x30,f29	 f29:0x7fc00000 x30=0x7fffffff
     144315.000 ns	     14430	80003180	00adfeb3	and	x29,x27,x10	 x27:0x00000000 x10:0x00000000 x29=0x00000000
     144325.000 ns	     14431	80003184	41e25233	sra	x4,x4,x30	  x4:0x00000000 x30:0x7fffffff  x4=0x00000000
     144345.000 ns	     14433	80003188	03dc9f33	mulh	x30,x25,x29	 x25:0x7fffffff x29:0x30ceb15c x30=0x00000000
     144365.000 ns	     14435	8000318c	d322a693	slti	x13,x5,-718	  x5:0x00000000 x13=0x00000000
     144385.000 ns	     14437	80003190	02ef39b3	mulhu	x19,x30,x14	 x30:0x00000000 x14:0x00000000 x19=0x00000000
     144415.000 ns	     14440	80003194	031c09b3	mul	x19,x24,x17	 x24:0x00000000 x17:0x00000000 x19=0x00000000
     144445.000 ns	     14443	80003198	02541733	mulh	x14,x8,x5	  x8:0x0004173d  x5:0x00000000 x14=0x00000000
     144475.000 ns	     14446	8000319c	a0188b53	fle.s	x22,f17,f1	 f17:0x00000000  f1:0x80000000 x22=0x00000001
     144505.000 ns	     14449	800031a0	a1bd2f53	feq.s	x30,f26,f27	 f26:0x44900000 f27:0x4f724b56 x30=0x00000000
     144555.000 ns	     14454	800031a4	0939b053	fsub.s	f0,f19,f19	 f19:0xffc00000 f19:0xffc00000  f0=0x7fc00000
     144575.000 ns	     14456	800031a8	01dd4c33	xor	x24,x26,x29	 x26:0x00000400 x29:0x00000000 x24=0x00000400
     144585.000 ns	     14457	800031ac	013d9bb3	sll	x23,x27,x19	 x27:0x00000000 x19:0x00000000 x23=0x00000000
     144595.000 ns	     14458	800031b0	5f51fb93	andi	x23,x3,1525	  x3:0x00000000 x23=0x00000000
     144615.000 ns	     14460	800031b4	c01c9953	fcvt.wu.s	x18,f25	 f25:0xc1739000 x18=0x0000000f
     144635.000 ns	     14462	800031b8	0108c333	xor	x6,x17,x16	 x17:0x00000000 x16:0x00000000  x6=0x00000000
     144655.000 ns	     14464	800031bc	a0d52bd3	feq.s	x23,f10,f13	 f10:0x7fc00000 f13:0xc3920000 x23=0x00000000
     144675.000 ns	     14466	800031c0	63ebb813	sltiu	x16,x23,1598	 x23:0x00000000 x16=0x00000001
     144685.000 ns	     14467	800031c4	00b5dcb3	srl	x25,x11,x11	 x11:0xf24b5688 x11:0xf24b5688 x25=0x00f24b56
     144725.000 ns	     14471	800031c8	00f5ffd3	fadd.s	f31,f11,f15	 f11:0x00000000 f15:0x00000000 f31=0x00000000
     145095.000 ns	     14508	800031cc	032c5333	divu	x6,x24,x18	 x24:0x00000400 x18:0x0000000f  x6=0x00000044
     145125.000 ns	     14511	800031d0	282198d3	fmax.s	f17,f3,f2	  f3:0xc4900000  f2:0x422a5d43 f17=0x422a5d43
     145155.000 ns	     14514	800031d4	02585333	divu	x6,x16,x5	 x16:0x00000001  x5:0x00000000  x6=0xffffffff
     145175.000 ns	     14516	800031d8	01ec76b3	and	x13,x24,x30	 x24:0x00000400 x30:0x00000000 x13=0x00000000
     145195.000 ns	     14518	800031dc	a1750853	fle.s	x16,f10,f23	 f10:0x7fc00000 f23:0x00000000 x16=0x00000000
     145245.000 ns	     14523	800031e0	00b70253	fadd.s	f4,f14,f11	 f14:0x44e2c000 f11:0x00000000  f4=0x44e2c000
     145275.000 ns	     14526	800031e4	a0c21dd3	flt.s	x27,f4,f12	  f4:0x7fc00000 f12:0x43920000 x27=0x00000000
     145295.000 ns	     14528	800031e8	0084c633	xor	x12,x9,x8	  x9:0x00000200  x8:0x0004173d x12=0x0004153d
     145655.000 ns	     14564	800031ec	03954833	div	x16,x10,x25	 x10:0x00000000 x25:0x00f24b56 x16=0x00000000
     145685.000 ns	     14567	800031f0	f0020c53	fmv.w.x	f24,x4	  x4:0x00000000 f24=0x00000000
     145715.000 ns	     14570	800031f4	c0057cd3	fcvt.w.s	x25,f10	 f10:0x7fc00000 x25=0x7fffffff
     145735.000 ns	     14572	800031f8	41f604b3	sub	x9,x12,x31	 x12:0x0004153d x31:0x081fc800  x9=0xf7e44d3d
     145755.000 ns	     14574	800031fc	03706fb3	rem	x31,x0,x23	  x0:0x00000000 x23:0x00000000 x31=0x00000000
     145785.000 ns	     14577	80003200	c016fa53	fcvt.wu.s	x20,f13	 f13:0xc3920000 x20=0x00000124
     145815.000 ns	     14580	80003204	20281153	fsgnjn.s	f2,f16,f2	 f16:0x7fc00000  f2:0x422a5d43  f2=0xffc00000
     145845.000 ns	     14583	80003208	d014f2d3	fcvt.s.wu	f5,x9	  x9:0xf7e44d3d  f5=0x4f77e44d
     145865.000 ns	     14585	8000320c	01cedd33	srl	x26,x29,x28	 x29:0x00000000 x28:0x80041024 x26=0x00000000
     145885.000 ns	     14587	80003210	e00e9553	fclass.s	x10,f29	 f29:0x7fc00000 x10=0x00000200
     145905.000 ns	     14589	80003214	40c85033	sra	x0,x16,x12	 x16:0x00000000 x12:0x0004153d
     145915.000 ns	     14590	80003218	003aa3b3	slt	x7,x21,x3	 x21:0x00000246  x3:0x00000000  x7=0x00000000
     145925.000 ns	     14591	8000321c	fa743197	auipc	x3,0xfa743	  x3=0x7a74621c
     145935.000 ns	     14592	80003220	85c67a93	andi	x21,x12,-1956	 x12:0x0004153d x21=0x0004101c
     145955.000 ns	     14594	80003224	d00e7953	fcvt.s.w	f18,x28	 x28:0x80041024 f18=0xcefff7df
     145975.000 ns	     14596	80003228	618f2193	slti	x3,x30,1560	 x30:0x00000000  x3=0x00000001
     145995.000 ns	     14598	8000322c	025c09b3	mul	x19,x24,x5	 x24:0x00000400  x5:0x00000000 x19=0x00000000
     146015.000 ns	     14600	80003230	00b98033	add	x0,x19,x11	 x19:0x00000000 x11:0xf24b5688
     146025.000 ns	     14601	80003234	00000013	addi	x0,x0,0	  x0:0x00000000
     146035.000 ns	     14602	80003238	40218bb3	sub	x23,x3,x2	  x3:0x00000001  x2:0x80040fe4 x23=0x7ffbf01d
     146055.000 ns	     14604	8000323c	03e036b3	mulhu	x13,x0,x30	  x0:0x00000000 x30:0x00000000 x13=0x00000000
     146105.000 ns	     14609	80003240	01f0fcd3	fadd.s	f25,f1,f31	  f1:0x80000000 f31:0x00000000 f25=0x00000000
     146125.000 ns	     14611	80003244	01919d13	slli	x26,x3,0x19	  x3:0x00000001 x26=0x02000000
     146135.000 ns	     14612	80003248	414109b3	sub	x19,x2,x20	  x2:0x80040fe4 x20:0x00000124 x19=0x80040ec0
     146495.000 ns	     14648	8000324c	039dd8b3	divu	x17,x27,x25	 x27:0x00000000 x25:0x7fffffff x17=0x00000000
     146515.000 ns	     14650	80003250	001e8233	add	x4,x29,x1	 x29:0x00000000  x1:0x00000716  x4=0x00000716
     146525.000 ns	     14651	80003254	02f94797	auipc	x15,0x2f94	 x15=0x82f97254
     146535.000 ns	     14652	80003258	42b5b993	sltiu	x19,x11,1067	 x11:0xf24b5688 x19=0x00000000
     146555.000 ns	     14654	8000325c	296393d3	fmax.s	f7,f7,f22	  f7:0x00000000 f22:0xffc00000  f7=0x00000000
     146575.000 ns	     14656	80003260	018863b3	or	x7,x16,x24	 x16:0x00000000 x24:0x00000400  x7=0x00000400
     146595.000 ns	     14658	80003264	c0170f53	fcvt.wu.s	x30,f14	 f14:0x44e2c000 x30=0x00000716
     146625.000 ns	     14661	80003268	29d086d3	fmin.s	f13,f1,f29	  f1:0x80000000 f29:0x7fc00000 f13=0x80000000
     146645.000 ns	     14663	8000326c	8a900d97	auipc	x27,0x8a900	 x27=0x0a90326c
     146685.000 ns	     14667	80003270	01f333d3	fadd.s	f7,f6,f31	  f6:0x4da8fb80 f31:0x00000000  f7=0x4da8fb80
     147865.000 ns	     14785	80003274	58088cd3	fsqrt.s	f25,f17	 f17:0x422a5d43 f25=0x4070ee0e
     147885.000 ns	     14787	80003278	ac188d93	addi	x27,x17,-1343	 x17:0x00000000 x27=0xfffffac1
     148245.000 ns	     14823	8000327c	02f2d533	divu	x10,x5,x15	  x5:0x00000000 x15:0x82f97254 x10=0x00000000
     148265.000 ns	     14825	80003280	00b50f33	add	x30,x10,x11	 x10:0x00000200 x11:0xf24b5688 x30=0xf24b5688
     148625.000 ns	     14861	80003284	0288f033	remu	x0,x17,x8	 x17:0x00000000  x8:0x0004173d
     148645.000 ns	     14863	80003288	00ffbeb3	sltu	x29,x31,x15	 x31:0x00000000 x15:0x82f97254 x29=0x00000001
     148675.000 ns	     14866	8000328c	580979d3	fsqrt.s	f19,f18	 f18:0xcefff7df f19=0x7fc00000
     148695.000 ns	     14868	80003290	01f95fb3	srl	x31,x18,x31	 x18:0x0000000f x31:0x00000000 x31=0x0000000f
     148715.000 ns	     14870	80003294	c0020bd3	fcvt.w.s	x23,f4	  f4:0x44e2c000 x23=0x00000716
     148745.000 ns	     14873	80003298	030bb633	mulhu	x12,x23,x16	 x23:0x7ffbf01d x16:0x00000000 x12=0x00000000
     148775.000 ns	     14876	8000329c	a0869a53	flt.s	x20,f13,f8	 f13:0x80000000  f8:0x7fc00000 x20=0x00000000
     149145.000 ns	     14913	800032a0	0382d7b3	divu	x15,x5,x24	  x5:0x00000000 x24:0x00000400 x15=0x00000000
     149165.000 ns	     14915	800032a4	6746c393	xori	x7,x13,1652	 x13:0x00000000  x7=0x00000674
     149175.000 ns	     14916	800032a8	d3a7f397	auipc	x7,0xd3a7f	  x7=0x53a822a8
     149195.000 ns	     14918	800032ac	03e60eb3	mul	x29,x12,x30	 x12:0x00000000 x30:0xf24b5688 x29=0x00000000
     149215.000 ns	     14920	800032b0	00493333	sltu	x6,x18,x4	 x18:0x0000000f  x4:0x00000716  x6=0x00000001
     149225.000 ns	     14921	800032b4	016aac33	slt	x24,x21,x22	 x21:0x0004101c x22:0x00000001 x24=0x00000000
     149235.000 ns	     14922	800032b8	01902533	slt	x10,x0,x25	  x0:0x00000000 x25:0x7fffffff x10=0x00000001
     149255.000 ns	     14924	800032bc	215bafd3	fsgnjx.s	f31,f23,f21	 f23:0x00000000 f21:0x7fc00000 f31=0x00000000
     149285.000 ns	     14927	800032c0	c00528d3	fcvt.w.s	x17,f10	 f10:0x7fc00000 x17=0x7fffffff
     149305.000 ns	     14929	800032c4	01c4f633	and	x12,x9,x28	  x9:0xf7e44d3d x28:0x80041024 x12=0x80040024
     149325.000 ns	     14931	800032c8	e00c0953	fmv.x.w	x18,f24	 f24:0x00000000 x18=0x00000000
     149345.000 ns	     14933	800032cc	00000013	addi	x0,x0,0	  x0:0x00000000
     149365.000 ns	     14935	800032d0	e00c89d3	fmv.x.w	x19,f25	 f25:0x4070ee0e x19=0x4070ee0e
     149395.000 ns	     14938	800032d4	023c0db3	mul	x27,x24,x3	 x24:0x00000000  x3:0x00000001 x27=0x00000000
     149425.000 ns	     14941	800032d8	a120add3	feq.s	x27,f1,f18	  f1:0x80000000 f18:0xcefff7df x27=0x00000000
     149455.000 ns	     14944	800032dc	f00308d3	fmv.w.x	f17,x6	  x6:0x00000001 f17=0x00000001
     149485.000 ns	     14947	800032e0	e00e0653	fmv.x.w	x12,f28	 f28:0x00000000 x12=0x00000000
     149505.000 ns	     14949	800032e4	0fb3bc13	sltiu	x24,x7,251	  x7:0x53a822a8 x24=0x00000000
     149545.000 ns	     14953	800032e8	085f7fd3	fsub.s	f31,f30,f5	 f30:0xcf724b56  f5:0x4f77e44d f31=0xcff517d1
     149575.000 ns	     14956	800032ec	d00645d3	fcvt.s.w	f11,x12	 x12:0x00000000 f11=0x00000000
     149605.000 ns	     14959	800032f0	f00084d3	fmv.w.x	f9,x1	  x1:0x00000716  f9=0x00000716
     149635.000 ns	     14962	800032f4	d00d7fd3	fcvt.s.w	f31,x26	 x26:0x02000000 f31=0x4c000000
     149655.000 ns	     14964	800032f8	018118b3	sll	x17,x2,x24	  x2:0x80040fe4 x24:0x00000000 x17=0x80040fe4
     149665.000 ns	     14965	800032fc	b678a993	slti	x19,x17,-1177	 x17:0x7fffffff x19=0x00000001
     149685.000 ns	     14967	80003300	a1731353	flt.s	x6,f6,f23	  f6:0x4da8fb80 f23:0x00000000  x6=0x00000000
     149715.000 ns	     14970	80003304	02c06833	rem	x16,x0,x12	  x0:0x00000000 x12:0x00000000 x16=0x00000000
     149745.000 ns	     14973	80003308	283f1353	fmax.s	f6,f30,f3	 f30:0xcf724b56  f3:0xc4900000  f6=0xc4900000
     149775.000 ns	     14976	8000330c	28948b53	fmin.s	f22,f9,f9	  f9:0x00000716  f9:0x00000716 f22=0x00000716
     149805.000 ns	     14979	80003310	a0d89b53	flt.s	x22,f17,f13	 f17:0x00000001 f13:0x80000000 x22=0x00000000
     149835.000 ns	     14982	80003314	21fd0f53	fsgnj.s	f30,f26,f31	 f26:0x44900000 f31:0x4c000000 f30=0x44900000
     149855.000 ns	     14984	80003318	c4d7ff93	andi	x31,x15,-947	 x15:0x00000000 x31=0x00000000
     149865.000 ns	     14985	8000331c	5d556393	ori	x7,x10,1493	 x10:0x00000001  x7=0x000005d5
     149885.000 ns	     14987	80003320	f00c8fd3	fmv.w.x	f31,x25	 x25:0x7fffffff f31=0x7fffffff
     149905.000 ns	     14989	80003324	017aa533	slt	x10,x21,x23	 x21:0x0004101c x23:0x00000716 x10=0x00000000
     149915.000 ns	     14990	80003328	30300993	addi	x19,x0,771	  x0:0x00000000 x19=0x00000303
     149925.000 ns	     14991	8000332c	011b5613	srli	x12,x22,0x11	 x22:0x00000000 x12=0x00000000
     149965.000 ns	     14995	80003330	0142c0d3	fadd.s	f1,f5,f20	  f5:0x4f77e44d f20:0x7fc00000  f1=0x7fc00000
     149995.000 ns	     14998	80003334	219d9ed3	fsgnjn.s	f29,f27,f25	 f27:0x4f724b56 f25:0x4070ee0e f29=0xcf724b56
     150025.000 ns	     15001	80003338	295f87d3	fmin.s	f15,f31,f21	 f31:0x7fffffff f21:0x7fc00000 f15=0x7fc00000
     150055.000 ns	     15004	8000333c	032061b3	rem	x3,x0,x18	  x0:0x00000000 x18:0x00000000  x3=0x00000000
     150085.000 ns	     15007	80003340	f00f8f53	fmv.w.x	f30,x31	 x31:0x00000000 f30=0x00000000
     150455.000 ns	     15044	80003344	024d6cb3	rem	x25,x26,x4	 x26:0x02000000  x4:0x00000716 x25=0x0000036a
     150475.000 ns	     15046	80003348	40abdeb3	sra	x29,x23,x10	 x23:0x00000716 x10:0x00000000 x29=0x00000716
     150495.000 ns	     15048	8000334c	032bcc33	div	x24,x23,x18	 x23:0x00000716 x18:0x00000000 x24=0xffffffff
     150515.000 ns	     15050	80003350	41e30933	sub	x18,x6,x30	  x6:0x00000000 x30:0xf24b5688 x18=0x0db4a978
     150525.000 ns	     15051	80003354	00e3a633	slt	x12,x7,x14	  x7:0x000005d5 x14:0x00000000 x12=0x00000000
     150545.000 ns	     15053	80003358	e00b90d3	fclass.s	x1,f23	 f23:0x00000000  x1=0x00000010
     150585.000 ns	     15057	8000335c	580bc753	fsqrt.s	f14,f23	 f23:0x00000000 f14=0x00000000
     150615.000 ns	     15060	80003360	e0048853	fmv.x.w	x16,f9	  f9:0x00000716 x16=0x00000716
     150985.000 ns	     15097	80003364	0379f9b3	remu	x19,x19,x23	 x19:0x00000303 x23:0x00000716 x19=0x00000303
     151015.000 ns	     15100	80003368	c01bf053	fcvt.wu.s	x0,f23	 f23:0x00000000
     151035.000 ns	     15102	8000336c	00000013	addi	x0,x0,0	  x0:0x00000000
     151045.000 ns	     15103	80003370	889bf937	lui	x18,0x889bf	 x18=0x889bf000
     151055.000 ns	     15104	80003374	38a38037	lui	x0,0x38a38	
     151075.000 ns	     15106	80003378	c010f7d3	fcvt.wu.s	x15,f1	  f1:0x7fc00000 x15=0xffffffff
     151095.000 ns	     15108	8000337c	00710cb3	add	x25,x2,x7	  x2:0x80040fe4  x7:0x000005d5 x25=0x800415b9
     151115.000 ns	     15110	80003380	c00230d3	fcvt.w.s	x1,f4	  f4:0x44e2c000  x1=0x00000716
     151145.000 ns	     15113	80003384	e00f8f53	fmv.x.w	x30,f31	 f31:0x7fffffff x30=0x7fffffff
     151165.000 ns	     15115	80003388	0089ecb3	or	x25,x19,x8	 x19:0x00000303  x8:0x0004173d x25=0x0004173f
     151175.000 ns	     15116	8000338c	00000013	addi	x0,x0,0	  x0:0x00000000
     151215.000 ns	     15120	80003390	00fdba53	fadd.s	f20,f27,f15	 f27:0x4f724b56 f15:0x7fc00000 f20=0x7fc00000
     151265.000 ns	     15125	80003394	09e47ed3	fsub.s	f29,f8,f30	  f8:0x7fc00000 f30:0x00000000 f29=0x7fc00000
     151315.000 ns	     15130	80003398	08a230d3	fsub.s	f1,f4,f10	  f4:0x44e2c000 f10:0x7fc00000  f1=0x7fc00000
     151335.000 ns	     15132	8000339c	01c261b3	or	x3,x4,x28	  x4:0x00000716 x28:0x80041024  x3=0x80041736
     151365.000 ns	     15135	800033a0	10848c53	fmul.s	f24,f9,f8	  f9:0x00000716  f8:0x7fc00000 f24=0x7fc00000
     151385.000 ns	     15137	800033a4	9e736093	ori	x1,x6,-1561	  x6:0x00000000  x1=0xfffff9e7
     151395.000 ns	     15138	800033a8	0109d6b3	srl	x13,x19,x16	 x19:0x00000303 x16:0x00000716 x13=0x00000000
     151405.000 ns	     15139	800033ac	38b30013	addi	x0,x6,907	  x6:0x00000000
     151435.000 ns	     15142	800033b0	5805c0d3	fsqrt.s	f1,f11	 f11:0x00000000  f1=0x00000000
     151465.000 ns	     15145	800033b4	d016f4d3	fcvt.s.wu	f9,x13	 x13:0x00000000  f9=0x00000000
     151495.000 ns	     15148	800033b8	a0131453	flt.s	x8,f6,f1	  f6:0xc4900000  f1:0x00000000  x8=0x00000001
     151525.000 ns	     15151	800033bc	21df1053	fsgnjn.s	f0,f30,f29	 f30:0x00000000 f29:0x7fc00000  f0=0x80000000
     151545.000 ns	     15153	800033c0	f21add37	lui	x26,0xf21ad	 x26=0xf21ad000
     151565.000 ns	     15155	800033c4	d0172053	fcvt.s.wu	f0,x14	 x14:0x00000000  f0=0x00000000
     151605.000 ns	     15159	800033c8	11600a53	fmul.s	f20,f0,f22	  f0:0x80000000 f22:0x00000716 f20=0x00000000
     151635.000 ns	     15162	800033cc	21a121d3	fsgnjx.s	f3,f2,f26	  f2:0xffc00000 f26:0x44900000  f3=0xffc00000
     151655.000 ns	     15164	800033d0	b6efb713	sltiu	x14,x31,-1170	 x31:0x00000000 x14=0x00000001
     151665.000 ns	     15165	800033d4	004fb833	sltu	x16,x31,x4	 x31:0x00000000  x4:0x00000716 x16=0x00000001
     151675.000 ns	     15166	800033d8	aeb5ca97	auipc	x21,0xaeb5c	 x21=0x2eb5f3d8
     151705.000 ns	     15169	800033dc	18fa7cd3	fdiv.s	f25,f20,f15	 f20:0x00000000 f15:0x7fc00000 f25=0x7fc00000
     151735.000 ns	     15172	800033e0	a0891953	flt.s	x18,f18,f8	 f18:0xcefff7df  f8:0x7fc00000 x18=0x00000000
     151755.000 ns	     15174	800033e4	41415013	srai	x0,x2,0x14	  x2:0x80040fe4
     151765.000 ns	     15175	800033e8	fb45bc93	sltiu	x25,x11,-76	 x11:0xf24b5688 x25=0x00000001
     151795.000 ns	     15178	800033ec	105d8253	fmul.s	f4,f27,f5	 f27:0x4f724b56  f5:0x4f77e44d  f4=0x5f6a9ec4
     151815.000 ns	     15180	800033f0	003bac33	slt	x24,x23,x3	 x23:0x00000716  x3:0x80041736 x24=0x00000000
     151825.000 ns	     15181	800033f4	007e8c33	add	x24,x29,x7	 x29:0x00000716  x7:0x000005d5 x24=0x00000ceb
     151835.000 ns	     15182	800033f8	00c102b3	add	x5,x2,x12	  x2:0x80040fe4 x12:0x00000000  x5=0x80040fe4
     151855.000 ns	     15184	800033fc	d005f2d3	fcvt.s.w	f5,x11	 x11:0xf24b5688  f5=0xcd5b4a97
     151885.000 ns	     15187	80003400	214a84d3	fsgnj.s	f9,f21,f20	 f21:0x7fc00000 f20:0x00000000  f9=0x7fc00000
     152255.000 ns	     15224	80003404	024e4433	div	x8,x28,x4	 x28:0x80041024  x4:0x00000716  x8=0xffedf034
     152275.000 ns	     15226	80003408	b048c013	xori	x0,x17,-1276	 x17:0x80040fe4
     152635.000 ns	     15262	8000340c	03387fb3	remu	x31,x16,x19	 x16:0x00000001 x19:0x00000303 x31=0x00000001
     152655.000 ns	     15264	80003410	00dd2d33	slt	x26,x26,x13	 x26:0xf21ad000 x13:0x00000000 x26=0x00000001
     152675.000 ns	     15266	80003414	a11d84d3	fle.s	x9,f27,f17	 f27:0x4f724b56 f17:0x00000001  x9=0x00000000
     152695.000 ns	     15268	80003418	0b850f97	auipc	x31,0xb850	 x31=0x8b853418
     152715.000 ns	     15270	8000341c	02231bb3	mulh	x23,x6,x2	  x6:0x00000000  x2:0x80040fe4 x23=0x00000000
     152735.000 ns	     15272	80003420	0057bf33	sltu	x30,x15,x5	 x15:0xffffffff  x5:0x80040fe4 x30=0x00000000
     152745.000 ns	     15273	80003424	8463bb93	sltiu	x23,x7,-1978	  x7:0x000005d5 x23=0x00000001
     152775.000 ns	     15276	80003428	183074d3	fdiv.s	f9,f0,f3	  f0:0x00000000  f3:0xffc00000  f9=0x7fc00000
     153145.000 ns	     15313	8000342c	031ff8b3	remu	x17,x31,x17	 x31:0x8b853418 x17:0x80040fe4 x17=0x0b812434
     153515.000 ns	     15350	80003430	02255633	divu	x12,x10,x2	 x10:0x00000000  x2:0x80040fe4 x12=0x00000000
     153535.000 ns	     15352	80003434	e1727717	auipc	x14,0xe1727	 x14=0x6172a434
     153545.000 ns	     15353	80003438	40e51a37	lui	x20,0x40e51	 x20=0x40e51000
     153555.000 ns	     15354	8000343c	d7dc3993	sltiu	x19,x24,-643	 x24:0x00000ceb x19=0x00000001
     153565.000 ns	     15355	80003440	01714d33	xor	x26,x2,x23	  x2:0x80040fe4 x23:0x00000001 x26=0x80040fe5
     153575.000 ns	     15356	80003444	00e43bb3	sltu	x23,x8,x14	  x8:0xffedf034 x14:0x6172a434 x23=0x00000000
     153585.000 ns	     15357	80003448	006d5213	srli	x4,x26,0x6	 x26:0x00000001  x4=0x0200103f
     153595.000 ns	     15358	8000344c	413686b3	sub	x13,x13,x19	 x13:0x00000000 x19:0x00000001 x13=0xffffffff
     153615.000 ns	     15360	80003450	032ef733	remu	x14,x29,x18	 x29:0x00000716 x18:0x00000000 x14=0x00000716
     153645.000 ns	     15363	80003454	f00f02d3	fmv.w.x	f5,x30	 x30:0x00000000  f5=0x00000000
     153675.000 ns	     15366	80003458	d01a16d3	fcvt.s.wu	f13,x20	 x20:0x40e51000 f13=0x4e81ca20
     153705.000 ns	     15369	8000345c	289d8453	fmin.s	f8,f27,f9	 f27:0x4f724b56  f9:0x7fc00000  f8=0x4f724b56
     153735.000 ns	     15372	80003460	21e1afd3	fsgnjx.s	f31,f3,f30	  f3:0xffc00000 f30:0x00000000 f31=0xffc00000
     153765.000 ns	     15375	80003464	03e41033	mulh	x0,x8,x30	  x8:0xffedf034 x30:0x00000000
     153795.000 ns	     15378	80003468	28989c53	fmax.s	f24,f17,f9	 f17:0x00000001  f9:0x7fc00000 f24=0x00000001
     153815.000 ns	     15380	8000346c	0e10bd13	sltiu	x26,x1,225	  x1:0xfffff9e7 x26=0x00000000
     153835.000 ns	     15382	80003470	028b8633	mul	x12,x23,x8	 x23:0x00000000  x8:0xffedf034 x12=0x00000000
     153855.000 ns	     15384	80003474	32240413	addi	x8,x8,802	  x8:0xffedf034  x8=0xffedf356
     153865.000 ns	     15385	80003478	00b0c233	xor	x4,x1,x11	  x1:0xfffff9e7 x11:0xf24b5688  x4=0x0db4af6f
     153905.000 ns	     15389	8000347c	0991f153	fsub.s	f2,f3,f25	  f3:0xffc00000 f25:0x7fc00000  f2=0x7fc00000
     153925.000 ns	     15391	80003480	076a6cb7	lui	x25,0x76a6	 x25=0x076a6000
     153945.000 ns	     15393	80003484	21db8653	fsgnj.s	f12,f23,f29	 f23:0x00000000 f29:0x7fc00000 f12=0x00000000
     153975.000 ns	     15396	80003488	e0050653	fmv.x.w	x12,f10	 f10:0x7fc00000 x12=0x7fc00000
     153995.000 ns	     15398	8000348c	3bc494b7	lui	x9,0x3bc49	  x9=0x3bc49000
     154015.000 ns	     15400	80003490	f00608d3	fmv.w.x	f17,x12	 x12:0x7fc00000 f17=0x7fc00000
     154035.000 ns	     15402	80003494	00d49bb3	sll	x23,x9,x13	  x9:0x00000000 x13:0xffffffff x23=0x00000000
     155205.000 ns	     15519	80003498	580d22d3	fsqrt.s	f5,f26	 f26:0x44900000  f5=0x4207c381
     155225.000 ns	     15521	8000349c	003802b3	add	x5,x16,x3	 x16:0x00000001  x3:0x80041736  x5=0x80041737
     155235.000 ns	     15522	800034a0	01eba933	slt	x18,x23,x30	 x23:0x00000000 x30:0x00000000 x18=0x00000000
     155255.000 ns	     15524	800034a4	d00cfc53	fcvt.s.w	f24,x25	 x25:0x076a6000 f24=0x4ced4c00
     155285.000 ns	     15527	800034a8	032a6533	rem	x10,x20,x18	 x20:0x40e51000 x18:0x00000000 x10=0x40e51000
     155305.000 ns	     15529	800034ac	4010d2b3	sra	x5,x1,x1	  x1:0xfffff9e7  x1:0xfffff9e7  x5=0xfffffff3
     155315.000 ns	     15530	800034b0	01040d33	add	x26,x8,x16	  x8:0xffedf356 x16:0x00000001 x26=0xffedf357
     155325.000 ns	     15531	800034b4	6bc3dcb7	lui	x25,0x6bc3d	 x25=0x6bc3d000
     155345.000 ns	     15533	800034b8	a1bd8853	fle.s	x16,f27,f27	 f27:0x4f724b56 f27:0x4f724b56 x16=0x00000001
     155385.000 ns	     15537	800034bc	1175bd53	fmul.s	f26,f11,f23	 f11:0x00000000 f23:0x00000000 f26=0x00000000
     155405.000 ns	     15539	800034c0	00000013	addi	x0,x0,0	  x0:0x00000000
     155425.000 ns	     15541	800034c4	d01df5d3	fcvt.s.wu	f11,x27	 x27:0x00000000 f11=0x00000000
     155455.000 ns	     15544	800034c8	f0060553	fmv.w.x	f10,x12	 x12:0x7fc00000 f10=0x7fc00000
     155825.000 ns	     15581	800034cc	034f7b33	remu	x22,x30,x20	 x30:0x00000000 x20:0x40e51000 x22=0x00000000
     155865.000 ns	     15585	800034d0	580936d3	fsqrt.s	f13,f18	 f18:0xcefff7df f13=0x7fc00000
     155895.000 ns	     15588	800034d4	29898bd3	fmin.s	f23,f19,f24	 f19:0x7fc00000 f24:0x4ced4c00 f23=0x4ced4c00
     155945.000 ns	     15593	800034d8	09ba03d3	fsub.s	f7,f20,f27	 f20:0x00000000 f27:0x4f724b56  f7=0xcf724b56
     155965.000 ns	     15595	800034dc	a459e813	ori	x16,x19,-1467	 x19:0x00000001 x16=0xfffffa45
     155975.000 ns	     15596	800034e0	008f16b3	sll	x13,x30,x8	 x30:0x00000000  x8:0xffedf356 x13=0x00000000
     155995.000 ns	     15598	800034e4	026f3b33	mulhu	x22,x30,x6	 x30:0x00000000  x6:0x00000000 x22=0x00000000
     156035.000 ns	     15602	800034e8	580d1bd3	fsqrt.s	f23,f26	 f26:0x00000000 f23=0x00000000
     156055.000 ns	     15604	800034ec	00000013	addi	x0,x0,0	  x0:0x00000000
     157005.000 ns	     15699	800034f0	5802a453	fsqrt.s	f8,f5	  f5:0x4207c381  f8=0x403fff24
     157045.000 ns	     15703	800034f4	18d87453	fdiv.s	f8,f16,f13	 f16:0x7fc00000 f13:0x7fc00000  f8=0x7fc00000
     157075.000 ns	     15706	800034f8	28e399d3	fmax.s	f19,f7,f14	  f7:0xcf724b56 f14:0x00000000 f19=0x00000000
     157095.000 ns	     15708	800034fc	014138b3	sltu	x17,x2,x20	  x2:0x80040fe4 x20:0x40e51000 x17=0x00000000
     157105.000 ns	     15709	80003500	0067cc33	xor	x24,x15,x6	 x15:0xffffffff  x6:0x00000000 x24=0xffffffff
     157115.000 ns	     15710	80003504	40795193	srai	x3,x18,0x7	 x18:0x00000000  x3=0x00000000
     157135.000 ns	     15712	80003508	a04a18d3	flt.s	x17,f20,f4	 f20:0x00000000  f4:0x5f6a9ec4 x17=0x00000001
     157165.000 ns	     15715	8000350c	201ca253	fsgnjx.s	f4,f25,f1	 f25:0x7fc00000  f1:0x00000000  f4=0x7fc00000
     157195.000 ns	     15718	80003510	c0197853	fcvt.wu.s	x16,f18	 f18:0xcefff7df x16=0x7ffbef80
     157225.000 ns	     15721	80003514	030fa333	mulhsu	x6,x31,x16	 x31:0x8b853418 x16:0xfffffa45  x6=0xc5c47379
     157255.000 ns	     15724	80003518	c01779d3	fcvt.wu.s	x19,f14	 f14:0x00000000 x19=0x00000000
     157275.000 ns	     15726	8000351c	09a62b93	slti	x23,x12,154	 x12:0x7fc00000 x23=0x00000000
     157315.000 ns	     15730	80003520	015391d3	fadd.s	f3,f7,f21	  f7:0xcf724b56 f21:0x7fc00000  f3=0x7fc00000
     157335.000 ns	     15732	80003524	0015d493	srli	x9,x11,0x1	 x11:0xf24b5688  x9=0x7925ab44
     157355.000 ns	     15734	80003528	d009c4d3	fcvt.s.w	f9,x19	 x19:0x00000000  f9=0x00000000
     157725.000 ns	     15771	8000352c	02ca4fb3	div	x31,x20,x12	 x20:0x40e51000 x12:0x7fc00000 x31=0x00000000
     157745.000 ns	     15773	80003530	b9d83913	sltiu	x18,x16,-1123	 x16:0x7ffbef80 x18=0x00000001
     157765.000 ns	     15775	80003534	0202d733	divu	x14,x5,x0	  x5:0xfffffff3  x0:0x00000000 x14=0xffffffff
     157805.000 ns	     15779	80003538	19778053	fdiv.s	f0,f15,f23	 f15:0x7fc00000 f23:0x00000000  f0=0x7fc00000
     157835.000 ns	     15782	8000353c	a166aa53	feq.s	x20,f13,f22	 f13:0x7fc00000 f22:0x00000716 x20=0x00000000
     157865.000 ns	     15785	80003540	284c0e53	fmin.s	f28,f24,f4	 f24:0x4ced4c00  f4:0x7fc00000 f28=0x4ced4c00
     157885.000 ns	     15787	80003544	00bfa233	slt	x4,x31,x11	 x31:0x00000000 x11:0xf24b5688  x4=0x00000000
     157905.000 ns	     15789	80003548	d00ff2d3	fcvt.s.w	f5,x31	 x31:0x00000000  f5=0x00000000
     157935.000 ns	     15792	8000354c	2025a753	fsgnjx.s	f14,f11,f2	 f11:0x00000000  f2:0x7fc00000 f14=0x00000000
     157965.000 ns	     15795	80003550	0302b333	mulhu	x6,x5,x16	  x5:0xfffffff3 x16:0x7ffbef80  x6=0x7ffbef79
     157985.000 ns	     15797	80003554	41ccd633	sra	x12,x25,x28	 x25:0x6bc3d000 x28:0x80041024 x12=0x06bc3d00
     157995.000 ns	     15798	80003558	00242333	slt	x6,x8,x2	  x8:0xffedf356  x2:0x80040fe4  x6=0x00000000
     158005.000 ns	     15799	8000355c	00000013	addi	x0,x0,0	  x0:0x00000000
     158025.000 ns	     15801	80003560	f0008cd3	fmv.w.x	f25,x1	  x1:0xfffff9e7 f25=0xfffff9e7
     158395.000 ns	     15838	80003564	035e76b3	remu	x13,x28,x21	 x28:0x80041024 x21:0x2eb5f3d8 x13=0x22982874
     158415.000 ns	     15840	80003568	00000013	addi	x0,x0,0	  x0:0x00000000
     158435.000 ns	     15842	8000356c	e00293d3	fclass.s	x7,f5	  f5:0x00000000  x7=0x00000010
     158455.000 ns	     15844	80003570	0080e7b3	or	x15,x1,x8	  x1:0xfffff9e7  x8:0xffedf356 x15=0xfffffbf7
     158475.000 ns	     15846	80003574	e0080553	fmv.x.w	x10,f16	 f16:0x7fc00000 x10=0x7fc00000
     158505.000 ns	     15849	80003578	d0037ad3	fcvt.s.w	f21,x6	  x6:0x00000000 f21=0x00000000
     158525.000 ns	     15851	8000357c	af2e3093	sltiu	x1,x28,-1294	 x28:0x80041024  x1=0x00000001
     158545.000 ns	     15853	80003580	036fe833	rem	x16,x31,x22	 x31:0x00000000 x22:0x00000000 x16=0x00000000
     158575.000 ns	     15856	80003584	20e71253	fsgnjn.s	f4,f14,f14	 f14:0x00000000 f14:0x00000000  f4=0x80000000
     158595.000 ns	     15858	80003588	01e123b3	slt	x7,x2,x30	  x2:0x80040fe4 x30:0x00000000  x7=0x00000001
     158605.000 ns	     15859	8000358c	7b212b93	slti	x23,x2,1970	  x2:0x80040fe4 x23=0x00000001
     158625.000 ns	     15861	80003590	e0078053	fmv.x.w	x0,f15	 f15:0x7fc00000
     158995.000 ns	     15898	80003594	02a04333	div	x6,x0,x10	  x0:0x00000000 x10:0x7fc00000  x6=0x00000000
     159025.000 ns	     15901	80003598	29909353	fmax.s	f6,f1,f25	  f1:0x00000000 f25:0xfffff9e7  f6=0x00000000
     159055.000 ns	     15904	8000359c	c00909d3	fcvt.w.s	x19,f18	 f18:0xcefff7df x19=0x80041080
     159075.000 ns	     15906	800035a0	01aea7b3	slt	x15,x29,x26	 x29:0x00000716 x26:0xffedf357 x15=0x00000000
     159085.000 ns	     15907	800035a4	00658833	add	x16,x11,x6	 x11:0xf24b5688  x6:0x00000000 x16=0xf24b5688
     159095.000 ns	     15908	800035a8	00000013	addi	x0,x0,0	  x0:0x00000000
     159115.000 ns	     15910	800035ac	e0019ed3	fclass.s	x29,f3	  f3:0x7fc00000 x29=0x00000200
     159145.000 ns	     15913	800035b0	d0099553	fcvt.s.w	f10,x19	 x19:0x80041080 f10=0xcefff7df
     159175.000 ns	     15916	800035b4	a0b59653	flt.s	x12,f11,f11	 f11:0x00000000 f11:0x00000000 x12=0x00000000
     159215.000 ns	     15920	800035b8	107622d3	fmul.s	f5,f12,f7	 f12:0x00000000  f7:0xcf724b56  f5=0x80000000
     159245.000 ns	     15923	800035bc	03bc31b3	mulhu	x3,x24,x27	 x24:0xffffffff x27:0x00000000  x3=0x00000000
     159295.000 ns	     15928	800035c0	017886d3	fadd.s	f13,f17,f23	 f17:0x7fc00000 f23:0x00000000 f13=0x7fc00000
     159315.000 ns	     15930	800035c4	41d6d4b3	sra	x9,x13,x29	 x13:0x22982874 x29:0x00000200  x9=0x22982874
     159325.000 ns	     15931	800035c8	709b6c13	ori	x24,x22,1801	 x22:0x00000000 x24=0x00000709
     159335.000 ns	     15932	800035cc	00000013	addi	x0,x0,0	  x0:0x00000000
     159355.000 ns	     15934	800035d0	02ce2533	mulhsu	x10,x28,x12	 x28:0x80041024 x12:0x00000000 x10=0x00000000
     159385.000 ns	     15937	800035d4	28768ed3	fmin.s	f29,f13,f7	 f13:0x7fc00000  f7:0xcf724b56 f29=0xcf724b56
     159415.000 ns	     15940	800035d8	f0018a53	fmv.w.x	f20,x3	  x3:0x00000000 f20=0x00000000
     159435.000 ns	     15942	800035dc	00a09f13	slli	x30,x1,0xa	  x1:0x00000001 x30=0x00000400
     159455.000 ns	     15944	800035e0	28a713d3	fmax.s	f7,f14,f10	 f14:0x00000000 f10:0xcefff7df  f7=0x00000000
     159485.000 ns	     15947	800035e4	02048433	mul	x8,x9,x0	  x9:0x22982874  x0:0x00000000  x8=0x00000000
     159525.000 ns	     15951	800035e8	197ff9d3	fdiv.s	f19,f31,f23	 f31:0xffc00000 f23:0x00000000 f19=0x7fc00000
     159545.000 ns	     15953	800035ec	005362b3	or	x5,x6,x5	  x6:0x00000000  x5:0xfffffff3  x5=0xfffffff3
     159555.000 ns	     15954	800035f0	01d54ab3	xor	x21,x10,x29	 x10:0x00000000 x29:0x00000200 x21=0x00000200
     159585.000 ns	     15957	800035f4	10e3f5d3	fmul.s	f11,f7,f14	  f7:0x00000000 f14:0x00000000 f11=0x00000000
     159605.000 ns	     15959	800035f8	6de12a93	slti	x21,x2,1758	  x2:0x80040fe4 x21=0x00000001
     159615.000 ns	     15960	800035fc	40f70b33	sub	x22,x14,x15	 x14:0xffffffff x15:0x00000000 x22=0xffffffff
     159625.000 ns	     15961	80003600	40480c33	sub	x24,x16,x4	 x16:0xf24b5688  x4:0x00000000 x24=0xf24b5688
     159635.000 ns	     15962	80003604	00fb0833	add	x16,x22,x15	 x22:0x00000000 x15:0x00000000 x16=0xffffffff
     159655.000 ns	     15964	80003608	f00509d3	fmv.w.x	f19,x10	 x10:0x00000000 f19=0x00000000
     159685.000 ns	     15967	8000360c	c01ac953	fcvt.wu.s	x18,f21	 f21:0x00000000 x18=0x00000000
     159705.000 ns	     15969	80003610	01d856b3	srl	x13,x16,x29	 x16:0xffffffff x29:0x00000200 x13=0xffffffff
     159715.000 ns	     15970	80003614	00fae0b3	or	x1,x21,x15	 x21:0x00000001 x15:0x00000000  x1=0x00000001
     159735.000 ns	     15972	80003618	028efa33	remu	x20,x29,x8	 x29:0x00000200  x8:0x00000000 x20=0x00000200
     159765.000 ns	     15975	8000361c	f00d8a53	fmv.w.x	f20,x27	 x27:0x00000000 f20=0x00000000
     159785.000 ns	     15977	80003620	008b1333	sll	x6,x22,x8	 x22:0xffffffff  x8:0x00000000  x6=0xffffffff
     159815.000 ns	     15980	80003624	1085fdd3	fmul.s	f27,f11,f8	 f11:0x00000000  f8:0x7fc00000 f27=0x7fc00000
     159845.000 ns	     15983	80003628	a0f2a8d3	feq.s	x17,f5,f15	  f5:0x80000000 f15:0x7fc00000 x17=0x00000000
     159875.000 ns	     15986	8000362c	a0171853	flt.s	x16,f14,f1	 f14:0x00000000  f1:0x00000000 x16=0x00000000
     160245.000 ns	     16023	80003630	02517433	remu	x8,x2,x5	  x2:0x80040fe4  x5:0xfffffff3  x8=0x80040fe4
     160265.000 ns	     16025	80003634	016773b3	and	x7,x14,x22	 x14:0xffffffff x22:0xffffffff  x7=0xffffffff
     160275.000 ns	     16026	80003638	0172b533	sltu	x10,x5,x23	  x5:0xfffffff3 x23:0x00000001 x10=0x00000000
     160295.000 ns	     16028	8000363c	03b57233	remu	x4,x10,x27	 x10:0x00000000 x27:0x00000000  x4=0x00000000
     160335.000 ns	     16032	80003640	10a4c9d3	fmul.s	f19,f9,f10	  f9:0x00000000 f10:0xcefff7df f19=0x80000000
     160355.000 ns	     16034	80003644	3bd3c893	xori	x17,x7,957	  x7:0xffffffff x17=0xfffffc42
     160385.000 ns	     16037	80003648	580df7d3	fsqrt.s	f15,f27	 f27:0x7fc00000 f15=0x7fc00000
     160405.000 ns	     16039	8000364c	40245033	sra	x0,x8,x2	  x8:0x80040fe4  x2:0x80040fe4
     160765.000 ns	     16075	80003650	0389f6b3	remu	x13,x19,x24	 x19:0x80041080 x24:0xf24b5688 x13=0x80041080
     160785.000 ns	     16077	80003654	f1a98493	addi	x9,x19,-230	 x19:0x80041080  x9=0x80040f9a
     160815.000 ns	     16080	80003658	18d47cd3	fdiv.s	f25,f8,f13	  f8:0x7fc00000 f13:0x7fc00000 f25=0x7fc00000
     160835.000 ns	     16082	8000365c	002c88b3	add	x17,x25,x2	 x25:0x6bc3d000  x2:0x80040fe4 x17=0xebc7dfe4
     160845.000 ns	     16083	80003660	418150b3	sra	x1,x2,x24	  x2:0x80040fe4 x24:0xf24b5688  x1=0xff80040f
     161205.000 ns	     16119	80003664	03da4bb3	div	x23,x20,x29	 x20:0x00000200 x29:0x00000200 x23=0x00000001
     161225.000 ns	     16121	80003668	2c1ab297	auipc	x5,0x2c1ab	  x5=0xac1ae668
     161245.000 ns	     16123	8000366c	02f001b3	mul	x3,x0,x15	  x0:0x00000000 x15:0x00000000  x3=0x00000000
     161275.000 ns	     16126	80003670	c01fc0d3	fcvt.wu.s	x1,f31	 f31:0xffc00000  x1=0xffffffff
     161295.000 ns	     16128	80003674	01067033	and	x0,x12,x16	 x12:0x00000000 x16:0x00000000
     161305.000 ns	     16129	80003678	00641d33	sll	x26,x8,x6	  x8:0x80040fe4  x6:0xffffffff x26=0x00000000
     161315.000 ns	     16130	8000367c	00867f33	and	x30,x12,x8	 x12:0x00000000  x8:0x80040fe4 x30=0x00000000
     161335.000 ns	     16132	80003680	21dc2353	fsgnjx.s	f6,f24,f29	 f24:0x4ced4c00 f29:0xcf724b56  f6=0xcced4c00
     161355.000 ns	     16134	80003684	015cdf93	srli	x31,x25,0x15	 x25:0x6bc3d000 x31=0x0000035e
     161715.000 ns	     16170	80003688	0278dab3	divu	x21,x17,x7	 x17:0xebc7dfe4  x7:0xffffffff x21=0x00000000
     161745.000 ns	     16173	8000368c	201793d3	fsgnjn.s	f7,f15,f1	 f15:0x7fc00000  f1:0x00000000  f7=0xffc00000
     161775.000 ns	     16176	80003690	21eb87d3	fsgnj.s	f15,f23,f30	 f23:0x00000000 f30:0x00000000 f15=0x00000000
     161815.000 ns	     16180	80003694	105580d3	fmul.s	f1,f11,f5	 f11:0x00000000  f5:0x80000000  f1=0x80000000
     161835.000 ns	     16182	80003698	016bdab3	srl	x21,x23,x22	 x23:0x00000001 x22:0xffffffff x21=0x00000000
     161855.000 ns	     16184	8000369c	20d88553	fsgnj.s	f10,f17,f13	 f17:0x7fc00000 f13:0x7fc00000 f10=0x7fc00000
     161885.000 ns	     16187	800036a0	218a29d3	fsgnjx.s	f19,f20,f24	 f20:0x00000000 f24:0x4ced4c00 f19=0x00000000
     161915.000 ns	     16190	800036a4	21a603d3	fsgnj.s	f7,f12,f26	 f12:0x00000000 f26:0x00000000  f7=0x00000000
     161935.000 ns	     16192	800036a8	7260b397	auipc	x7,0x7260b	  x7=0xf260e6a8
     161945.000 ns	     16193	800036ac	0057e4b3	or	x9,x15,x5	 x15:0x00000000  x5:0xac1ae668  x9=0xac1ae668
     161965.000 ns	     16195	800036b0	2027a1d3	fsgnjx.s	f3,f15,f2	 f15:0x00000000  f2:0x7fc00000  f3=0x00000000
     161985.000 ns	     16197	800036b4	40a35c33	sra	x24,x6,x10	  x6:0xffffffff x10:0x00000000 x24=0xffffffff
     162005.000 ns	     16199	800036b8	a1681cd3	flt.s	x25,f16,f22	 f16:0x7fc00000 f22:0x00000716 x25=0x00000000
     162035.000 ns	     16202	800036bc	21cd9e53	fsgnjn.s	f28,f27,f28	 f27:0x7fc00000 f28:0x4ced4c00 f28=0xffc00000
     163215.000 ns	     16320	800036c0	580b76d3	fsqrt.s	f13,f22	 f22:0x00000716 f13=0x1f350e88
     163245.000 ns	     16323	800036c4	02df8db3	mul	x27,x31,x13	 x31:0x0000035e x13:0x80041080 x27=0x0daf8f00
     163265.000 ns	     16325	800036c8	01262f33	slt	x30,x12,x18	 x12:0x00000000 x18:0x00000000 x30=0x00000000
     163275.000 ns	     16326	800036cc	417fd693	srai	x13,x31,0x17	 x31:0x0000035e x13=0x00000000
     163285.000 ns	     16327	800036d0	007c6833	or	x16,x24,x7	 x24:0xffffffff  x7:0xf260e6a8 x16=0xffffffff
     163315.000 ns	     16330	800036d4	19bff6d3	fdiv.s	f13,f31,f27	 f31:0xffc00000 f27:0x7fc00000 f13=0x7fc00000
     163345.000 ns	     16333	800036d8	03e1eeb3	rem	x29,x3,x30	  x3:0x00000000 x30:0x00000000 x29=0x00000000
     163365.000 ns	     16335	800036dc	c0cdd7b7	lui	x15,0xc0cdd	 x15=0xc0cdd000
     163385.000 ns	     16337	800036e0	e0028ed3	fmv.x.w	x29,f5	  f5:0x80000000 x29=0x80000000
     163405.000 ns	     16339	800036e4	236e5c17	auipc	x24,0x236e5	 x24=0xa36e86e4
     163425.000 ns	     16341	800036e8	a04389d3	fle.s	x19,f7,f4	  f7:0x00000000  f4:0x80000000 x19=0x00000001
     163445.000 ns	     16343	800036ec	e4fd4b93	xori	x23,x26,-433	 x26:0x00000000 x23=0xfffffe4f
     163455.000 ns	     16344	800036f0	41dd5693	srai	x13,x26,0x1d	 x26:0x00000000 x13=0x00000000
     163485.000 ns	     16347	800036f4	11607bd3	fmul.s	f23,f0,f22	  f0:0x7fc00000 f22:0x00000716 f23=0x7fc00000
     163515.000 ns	     16350	800036f8	a15e1a53	flt.s	x20,f28,f21	 f28:0xffc00000 f21:0x00000000 x20=0x00000000
     163535.000 ns	     16352	800036fc	0152dd13	srli	x26,x5,0x15	  x5:0xac1ae668 x26=0x00000560
     163545.000 ns	     16353	80003700	01f0c3b3	xor	x7,x1,x31	  x1:0xffffffff x31:0x0000035e  x7=0xfffffca1
     163565.000 ns	     16355	80003704	0342cb33	div	x22,x5,x20	  x5:0xac1ae668 x20:0x00000000 x22=0xffffffff
     163595.000 ns	     16358	80003708	e0048653	fmv.x.w	x12,f9	  f9:0x00000000 x12=0x00000000
     163635.000 ns	     16362	8000370c	1918fc53	fdiv.s	f24,f17,f17	 f17:0x7fc00000 f17:0x7fc00000 f24=0x7fc00000
     163655.000 ns	     16364	80003710	00f35cb3	srl	x25,x6,x15	  x6:0xffffffff x15:0xc0cdd000 x25=0xffffffff
     163665.000 ns	     16365	80003714	d28a4893	xori	x17,x20,-728	 x20:0x00000000 x17=0xfffffd28
     163675.000 ns	     16366	80003718	41d18333	sub	x6,x3,x29	  x3:0x00000000 x29:0x80000000  x6=0x80000000
     163685.000 ns	     16367	8000371c	52ecb713	sltiu	x14,x25,1326	 x25:0xffffffff x14=0x00000000
     163695.000 ns	     16368	80003720	34fbbf93	sltiu	x31,x23,847	 x23:0xfffffe4f x31=0x00000000
     163715.000 ns	     16370	80003724	d0048753	fcvt.s.w	f14,x9	  x9:0xac1ae668 f14=0xcea7ca33
     163745.000 ns	     16373	80003728	c008a553	fcvt.w.s	x10,f17	 f17:0x7fc00000 x10=0x7fffffff
     163765.000 ns	     16375	8000372c	00000013	addi	x0,x0,0	  x0:0x00000000
     163785.000 ns	     16377	80003730	02e35833	divu	x16,x6,x14	  x6:0x80000000 x14:0x00000000 x16=0xffffffff
     163805.000 ns	     16379	80003734	402b8a33	sub	x20,x23,x2	 x23:0xfffffe4f  x2:0x80040fe4 x20=0x7ffbee6b
     164165.000 ns	     16415	80003738	030b7bb3	remu	x23,x22,x16	 x22:0xffffffff x16:0xffffffff x23=0x00000000
     164185.000 ns	     16417	8000373c	8f168193	addi	x3,x13,-1807	 x13:0x00000000  x3=0xfffff8f1
     164195.000 ns	     16418	80003740	01d028b3	slt	x17,x0,x29	  x0:0x00000000 x29:0x80000000 x17=0x00000000
     164215.000 ns	     16420	80003744	a03f22d3	feq.s	x5,f30,f3	 f30:0x00000000  f3:0x00000000  x5=0x00000001
     164235.000 ns	     16422	80003748	2ee9b817	auipc	x16,0x2ee9b	 x16=0xaee9e748
     164255.000 ns	     16424	8000374c	a09988d3	fle.s	x17,f19,f9	 f19:0x00000000  f9:0x00000000 x17=0x00000001
     164285.000 ns	     16427	80003750	e00e0c53	fmv.x.w	x24,f28	 f28:0xffc00000 x24=0xffc00000
     164305.000 ns	     16429	80003754	00a91f93	slli	x31,x18,0xa	 x18:0x00000000 x31=0x00000000
     164315.000 ns	     16430	80003758	00275833	srl	x16,x14,x2	 x14:0x00000000  x2:0x80040fe4 x16=0x00000000
     164335.000 ns	     16432	8000375c	200287d3	fsgnj.s	f15,f5,f0	  f5:0x80000000  f0:0x7fc00000 f15=0x00000000
     164365.000 ns	     16435	80003760	29ce9ad3	fmax.s	f21,f29,f28	 f29:0xcf724b56 f28:0xffc00000 f21=0xcf724b56
     164735.000 ns	     16472	80003764	02b7c7b3	div	x15,x15,x11	 x15:0xc0cdd000 x11:0xf24b5688 x15=0x00000004
     164765.000 ns	     16475	80003768	023c2833	mulhsu	x16,x24,x3	 x24:0xffc00000  x3:0xfffff8f1 x16=0xffc00001
     164785.000 ns	     16477	8000376c	41275533	sra	x10,x14,x18	 x14:0x00000000 x18:0x00000000 x10=0x00000000
     164805.000 ns	     16479	80003770	025eb033	mulhu	x0,x29,x5	 x29:0x80000000  x5:0x00000001
     164835.000 ns	     16482	80003774	e00e9ed3	fclass.s	x29,f29	 f29:0xcf724b56 x29=0x00000002
     164855.000 ns	     16484	80003778	10aaa693	slti	x13,x21,266	 x21:0x00000000 x13=0x00000001
     165215.000 ns	     16520	8000377c	034459b3	divu	x19,x8,x20	  x8:0x80040fe4 x20:0x7ffbee6b x19=0x00000001
     165235.000 ns	     16522	80003780	00a09f13	slli	x30,x1,0xa	  x1:0xffffffff x30=0xfffffc00
     165265.000 ns	     16525	80003784	191cfc53	fdiv.s	f24,f25,f17	 f25:0x7fc00000 f17:0x7fc00000 f24=0x7fc00000
     165285.000 ns	     16527	80003788	404d87b3	sub	x15,x27,x4	 x27:0x0daf8f00  x4:0x00000000 x15=0x0daf8f00
     165305.000 ns	     16529	8000378c	e0080053	fmv.x.w	x0,f16	 f16:0x7fc00000
     165325.000 ns	     16531	80003790	41a65f93	srai	x31,x12,0x1a	 x12:0x00000000 x31=0x00000000
     165345.000 ns	     16533	80003794	a0d203d3	fle.s	x7,f4,f13	  f4:0x80000000 f13:0x7fc00000  x7=0x00000000
     165365.000 ns	     16535	80003798	01e110b3	sll	x1,x2,x30	  x2:0x80040fe4 x30:0xfffffc00  x1=0x80040fe4
     165385.000 ns	     16537	8000379c	035002b3	mul	x5,x0,x21	  x0:0x00000000 x21:0x00000000  x5=0x00000000
     165405.000 ns	     16539	800037a0	856bc513	xori	x10,x23,-1962	 x23:0x00000000 x10=0xfffff856
     165425.000 ns	     16541	800037a4	c00d1653	fcvt.w.s	x12,f26	 f26:0x00000000 x12=0x00000000
     165455.000 ns	     16544	800037a8	03b997b3	mulh	x15,x19,x27	 x19:0x00000001 x27:0x0daf8f00 x15=0x00000000
     165475.000 ns	     16546	800037ac	58129937	lui	x18,0x58129	 x18=0x58129000
     165495.000 ns	     16548	800037b0	03ff0d33	mul	x26,x30,x31	 x30:0xfffffc00 x31:0x00000000 x26=0x00000000
     165515.000 ns	     16550	800037b4	01df5a93	srli	x21,x30,0x1d	 x30:0xfffffc00 x21=0x00000007
     165875.000 ns	     16586	800037b8	033f7d33	remu	x26,x30,x19	 x30:0xfffffc00 x19:0x00000001 x26=0x00000000
     165905.000 ns	     16589	800037bc	a0a609d3	fle.s	x19,f12,f10	 f12:0x00000000 f10:0x7fc00000 x19=0x00000000
     165935.000 ns	     16592	800037c0	a05b8853	fle.s	x16,f23,f5	 f23:0x7fc00000  f5:0x80000000 x16=0x00000000
     165965.000 ns	     16595	800037c4	d002f3d3	fcvt.s.w	f7,x5	  x5:0x00000000  f7=0x00000000
     165995.000 ns	     16598	800037c8	f00f0cd3	fmv.w.x	f25,x30	 x30:0xfffffc00 f25=0xfffffc00
     166015.000 ns	     16600	800037cc	0119db33	srl	x22,x19,x17	 x19:0x00000000 x17:0x00000001 x22=0x00000000
     166045.000 ns	     16603	800037d0	58067cd3	fsqrt.s	f25,f12	 f12:0x00000000 f25=0x00000000
     166095.000 ns	     16608	800037d4	0077a353	fadd.s	f6,f15,f7	 f15:0x00000000  f7:0x00000000  f6=0x00000000
     166115.000 ns	     16610	800037d8	0093a533	slt	x10,x7,x9	  x7:0x00000000  x9:0xac1ae668 x10=0x00000000
     166135.000 ns	     16612	800037dc	a0b9a7d3	feq.s	x15,f19,f11	 f19:0x00000000 f11:0x00000000 x15=0x00000001
     166155.000 ns	     16614	800037e0	30e03d93	sltiu	x27,x0,782	  x0:0x00000000 x27=0x00000001
     166175.000 ns	     16616	800037e4	e00e91d3	fclass.s	x3,f29	 f29:0xcf724b56  x3=0x00000002
     166205.000 ns	     16619	800037e8	a06a0653	fle.s	x12,f20,f6	 f20:0x00000000  f6:0x00000000 x12=0x00000001
     166575.000 ns	     16656	800037ec	03c1f333	remu	x6,x3,x28	  x3:0x00000002 x28:0x80041024  x6=0x00000002
     166605.000 ns	     16659	800037f0	e0020fd3	fmv.x.w	x31,f4	  f4:0x80000000 x31=0x80000000
     166635.000 ns	     16662	800037f4	d0177753	fcvt.s.wu	f14,x14	 x14:0x00000000 f14=0x00000000
     167005.000 ns	     16699	800037f8	03eaf833	remu	x16,x21,x30	 x21:0x00000007 x30:0xfffffc00 x16=0x00000007
     167035.000 ns	     16702	800037fc	a0bd81d3	fle.s	x3,f27,f11	 f27:0x7fc00000 f11:0x00000000  x3=0x00000000
     167055.000 ns	     16704	80003800	41be5a33	sra	x20,x28,x27	 x28:0x80041024 x27:0x00000001 x20=0xc0020812
     167065.000 ns	     16705	80003804	2da32d13	slti	x26,x6,730	  x6:0x00000002 x26=0x00000001
     167075.000 ns	     16706	80003808	00bd9613	slli	x12,x27,0xb	 x27:0x00000001 x12=0x00000800
     167085.000 ns	     16707	8000380c	a11aa293	slti	x5,x21,-1519	 x21:0x00000007  x5=0x00000000
     167095.000 ns	     16708	80003810	00000013	addi	x0,x0,0	  x0:0x00000000
     167105.000 ns	     16709	80003814	1eb22717	auipc	x14,0x1eb22	 x14=0x9eb25814
     167115.000 ns	     16710	80003818	c616b2b7	lui	x5,0xc616b	  x5=0xc616b000
     167135.000 ns	     16712	8000381c	a1368453	fle.s	x8,f13,f19	 f13:0x7fc00000 f19:0x00000000  x8=0x00000000
     167155.000 ns	     16714	80003820	01043633	sltu	x12,x8,x16	  x8:0x80040fe4 x16:0x00000007 x12=0x00000001
     167515.000 ns	     16750	80003824	0313fb33	remu	x22,x7,x17	  x7:0x00000000 x17:0x00000001 x22=0x00000000
     167535.000 ns	     16752	80003828	40d150b3	sra	x1,x2,x13	  x2:0x80040fe4 x13:0x00000001  x1=0xc00207f2
     167545.000 ns	     16753	8000382c	2643ff13	andi	x30,x7,612	  x7:0x00000000 x30=0x00000000
     167555.000 ns	     16754	80003830	741ada17	auipc	x20,0x741ad	 x20=0xf41b0830
     167565.000 ns	     16755	80003834	40475433	sra	x8,x14,x4	 x14:0x9eb25814  x4:0x00000000  x8=0x9eb25814
     167575.000 ns	     16756	80003838	0140d1b3	srl	x3,x1,x20	  x1:0xc00207f2 x20:0xc0020812  x3=0x0000c002
     167595.000 ns	     16758	8000383c	02412fb3	mulhsu	x31,x2,x4	  x2:0x80040fe4  x4:0x00000000 x31=0x00000000
     167625.000 ns	     16761	80003840	29670253	fmin.s	f4,f14,f22	 f14:0x00000000 f22:0x00000716  f4=0x00000000
     167995.000 ns	     16798	80003844	022854b3	divu	x9,x16,x2	 x16:0x00000007  x2:0x80040fe4  x9=0x00000000
     168015.000 ns	     16800	80003848	00000013	addi	x0,x0,0	  x0:0x00000000
     168035.000 ns	     16802	8000384c	28ea1a53	fmax.s	f20,f20,f14	 f20:0x00000000 f14:0x00000000 f20=0x00000000
     168065.000 ns	     16805	80003850	02873db3	mulhu	x27,x14,x8	 x14:0x9eb25814  x8:0x9eb25814 x27=0x6260a0f7
     168105.000 ns	     16809	80003854	116fba53	fmul.s	f20,f31,f22	 f31:0xffc00000 f22:0x00000716 f20=0x7fc00000
     168135.000 ns	     16812	80003858	03258433	mul	x8,x11,x18	 x11:0xf24b5688 x18:0x58129000  x8=0x363c8000
     168155.000 ns	     16814	8000385c	40ce88b3	sub	x17,x29,x12	 x29:0x00000002 x12:0x00000001 x17=0x00000001
     168175.000 ns	     16816	80003860	d0031dd3	fcvt.s.w	f27,x6	  x6:0x00000002 f27=0x40000000
     168205.000 ns	     16819	80003864	a161a2d3	feq.s	x5,f3,f22	  f3:0x00000000 f22:0x00000716  x5=0x00000000
     168225.000 ns	     16821	80003868	00919c93	slli	x25,x3,0x9	  x3:0x0000c002 x25=0x01800400
     168235.000 ns	     16822	8000386c	01ad18b3	sll	x17,x26,x26	 x26:0x00000001 x26:0x00000001 x17=0x00000002
     168245.000 ns	     16823	80003870	7e499eb7	lui	x29,0x7e499	 x29=0x7e499000
     168265.000 ns	     16825	80003874	0257beb3	mulhu	x29,x15,x5	 x15:0x00000001  x5:0x00000000 x29=0x00000000
     168315.000 ns	     16830	80003878	006401d3	fadd.s	f3,f8,f6	  f8:0x7fc00000  f6:0x00000000  f3=0x7fc00000
     168345.000 ns	     16833	8000387c	034d0cb3	mul	x25,x26,x20	 x26:0x00000001 x20:0xf41b0830 x25=0xf41b0830
     168365.000 ns	     16835	80003880	0120ed33	or	x26,x1,x18	  x1:0xc00207f2 x18:0x58129000 x26=0xd81297f2
     168375.000 ns	     16836	80003884	01394db3	xor	x27,x18,x19	 x18:0x58129000 x19:0x00000000 x27=0x58129000
     168385.000 ns	     16837	80003888	73508993	addi	x19,x1,1845	  x1:0xc00207f2 x19=0xc0020f27
     168405.000 ns	     16839	8000388c	290e0353	fmin.s	f6,f28,f16	 f28:0xffc00000 f16:0x7fc00000  f6=0x7fc00000
     168425.000 ns	     16841	80003890	6279af93	slti	x31,x19,1575	 x19:0x00000000 x31=0x00000001
     168785.000 ns	     16877	80003894	021a7fb3	remu	x31,x20,x1	 x20:0xf41b0830  x1:0xc00207f2 x31=0x3419003e
     169155.000 ns	     16914	80003898	0210c333	div	x6,x1,x1	  x1:0xc00207f2  x1:0xc00207f2  x6=0x00000001
     169185.000 ns	     16917	8000389c	208692d3	fsgnjn.s	f5,f13,f8	 f13:0x7fc00000  f8:0x7fc00000  f5=0xffc00000
     169215.000 ns	     16920	800038a0	21381553	fsgnjn.s	f10,f16,f19	 f16:0x7fc00000 f19:0x00000000 f10=0xffc00000
     169245.000 ns	     16923	800038a4	03754db3	div	x27,x10,x23	 x10:0x00000000 x23:0x00000000 x27=0xffffffff
     169275.000 ns	     16926	800038a8	f0038853	fmv.w.x	f16,x7	  x7:0x00000000 f16=0x00000000
     169645.000 ns	     16963	800038ac	03be5833	divu	x16,x28,x27	 x28:0x80041024 x27:0xffffffff x16=0x00000000
     169665.000 ns	     16965	800038b0	012a11b3	sll	x3,x20,x18	 x20:0xf41b0830 x18:0x58129000  x3=0xf41b0830
     169675.000 ns	     16966	800038b4	00000013	addi	x0,x0,0	  x0:0x00000000
     170035.000 ns	     17002	800038b8	03847b33	remu	x22,x8,x24	  x8:0x363c8000 x24:0xffc00000 x22=0x363c8000
     170055.000 ns	     17004	800038bc	01e31ab3	sll	x21,x6,x30	  x6:0x00000001 x30:0x00000000 x21=0x00000001
     170065.000 ns	     17005	800038c0	87677893	andi	x17,x14,-1930	 x14:0x9eb25814 x17=0x9eb25814
     170075.000 ns	     17006	800038c4	007db6b3	sltu	x13,x27,x7	 x27:0xffffffff  x7:0x00000000 x13=0x00000000
     170095.000 ns	     17008	800038c8	206c2ad3	fsgnjx.s	f21,f24,f6	 f24:0x7fc00000  f6:0x7fc00000 f21=0x7fc00000
     170125.000 ns	     17011	800038cc	e00596d3	fclass.s	x13,f11	 f11:0x00000000 x13=0x00000010
     170145.000 ns	     17013	800038d0	41c7d613	srai	x12,x15,0x1c	 x15:0x00000001 x12=0x00000000
     170185.000 ns	     17017	800038d4	097f7c53	fsub.s	f24,f30,f23	 f30:0x00000000 f23:0x7fc00000 f24=0x7fc00000
     170215.000 ns	     17020	800038d8	036db833	mulhu	x16,x27,x22	 x27:0xffffffff x22:0x363c8000 x16=0x363c7fff
     170245.000 ns	     17023	800038dc	f0000bd3	fmv.w.x	f23,x0	  x0:0x00000000 f23=0x00000000
     170275.000 ns	     17026	800038e0	02916bb3	rem	x23,x2,x9	  x2:0x80040fe4  x9:0x00000000 x23=0x80040fe4
     170315.000 ns	     17030	800038e4	11769253	fmul.s	f4,f13,f23	 f13:0x7fc00000 f23:0x00000000  f4=0x7fc00000
     170345.000 ns	     17033	800038e8	03890ab3	mul	x21,x18,x24	 x18:0x58129000 x24:0xffc00000 x21=0x00000000
     170365.000 ns	     17035	800038ec	0104b4b3	sltu	x9,x9,x16	  x9:0x00000000 x16:0x363c7fff  x9=0x00000001
     170375.000 ns	     17036	800038f0	acd77d93	andi	x27,x14,-1331	 x14:0x9eb25814 x27=0x9eb25804
     170395.000 ns	     17038	800038f4	c012c453	fcvt.wu.s	x8,f5	  f5:0xffc00000  x8=0xffffffff
     170765.000 ns	     17075	800038f8	03977ab3	remu	x21,x14,x25	 x14:0x9eb25814 x25:0xf41b0830 x21=0x9eb25814
     170785.000 ns	     17077	800038fc	00000013	addi	x0,x0,0	  x0:0x00000000
     171145.000 ns	     17113	80003900	0232f033	remu	x0,x5,x3	  x5:0x00000000  x3:0xf41b0830
     171175.000 ns	     17116	80003904	d00ef6d3	fcvt.s.w	f13,x29	 x29:0x00000000 f13=0x00000000
     171205.000 ns	     17119	80003908	020862b3	rem	x5,x16,x0	 x16:0x363c7fff  x0:0x00000000  x5=0x363c7fff
     171235.000 ns	     17122	8000390c	21078153	fsgnj.s	f2,f15,f16	 f15:0x00000000 f16:0x00000000  f2=0x00000000
     171255.000 ns	     17124	80003910	41a36a13	ori	x20,x6,1050	  x6:0x00000001 x20=0x0000041b
     171265.000 ns	     17125	80003914	010ae933	or	x18,x21,x16	 x21:0x9eb25814 x16:0x363c7fff x18=0xbebe7fff
     171285.000 ns	     17127	80003918	03f888b3	mul	x17,x17,x31	 x17:0x9eb25814 x31:0x3419003e x17=0x192554d8
     171315.000 ns	     17130	8000391c	203b09d3	fsgnj.s	f19,f22,f3	 f22:0x00000716  f3:0x7fc00000 f19=0x00000716
     171345.000 ns	     17133	80003920	211f06d3	fsgnj.s	f13,f30,f17	 f30:0x00000000 f17:0x7fc00000 f13=0x00000000
     171375.000 ns	     17136	80003924	d01affd3	fcvt.s.wu	f31,x21	 x21:0x9eb25814 f31=0x4f1eb258
     171395.000 ns	     17138	80003928	3b847b93	andi	x23,x8,952	  x8:0xffffffff x23=0x000003b8
     171415.000 ns	     17140	8000392c	20d12353	fsgnjx.s	f6,f2,f13	  f2:0x00000000 f13:0x00000000  f6=0x00000000
     171445.000 ns	     17143	80003930	c0182453	fcvt.wu.s	x8,f16	 f16:0x00000000  x8=0x00000000
     171475.000 ns	     17146	80003934	d011b8d3	fcvt.s.wu	f17,x3	  x3:0xf41b0830 f17=0x4f741b09
     171505.000 ns	     17149	80003938	20d611d3	fsgnjn.s	f3,f12,f13	 f12:0x00000000 f13:0x00000000  f3=0x80000000
     171525.000 ns	     17151	8000393c	fa12ff93	andi	x31,x5,-95	  x5:0x363c7fff x31=0x363c7fa1
     171535.000 ns	     17152	80003940	cd96a497	auipc	x9,0xcd96a	  x9=0x4d96d940
     171545.000 ns	     17153	80003944	40275893	srai	x17,x14,0x2	 x14:0x9eb25814 x17=0xe7ac9605
     171555.000 ns	     17154	80003948	40f1d1b3	sra	x3,x3,x15	  x3:0xf41b0830 x15:0x00000001  x3=0xfa0d8418
     171575.000 ns	     17156	8000394c	023e22b3	mulhsu	x5,x28,x3	 x28:0x80041024  x3:0xf41b0830  x5=0x82fd35ee
     171605.000 ns	     17159	80003950	c00828d3	fcvt.w.s	x17,f16	 f16:0x00000000 x17=0x00000000
     171635.000 ns	     17162	80003954	28549e53	fmax.s	f28,f9,f5	  f9:0x00000000  f5:0xffc00000 f28=0x00000000
     171655.000 ns	     17164	80003958	00bf1533	sll	x10,x30,x11	 x30:0x00000000 x11:0xf24b5688 x10=0x00000000
     171665.000 ns	     17165	8000395c	00fe0fb3	add	x31,x28,x15	 x28:0x80041024 x15:0x00000001 x31=0x80041025
     172025.000 ns	     17201	80003960	03fdcab3	div	x21,x27,x31	 x27:0x9eb25804 x31:0x363c7fa1 x21=0x00000000
     172045.000 ns	     17203	80003964	99197293	andi	x5,x18,-1647	 x18:0xbebe7fff  x5=0xbebe7991
     172055.000 ns	     17204	80003968	0084c6b3	xor	x13,x9,x8	  x9:0x4d96d940  x8:0x00000000 x13=0x4d96d940
     172065.000 ns	     17205	8000396c	41c056b3	sra	x13,x0,x28	  x0:0x00000000 x28:0x80041024 x13=0x00000000
     172075.000 ns	     17206	80003970	015eb7b3	sltu	x15,x29,x21	 x29:0x00000000 x21:0x00000000 x15=0x00000000
     172085.000 ns	     17207	80003974	418f8f33	sub	x30,x31,x24	 x31:0x80041025 x24:0xffc00000 x30=0x80441025
     172105.000 ns	     17209	80003978	218694d3	fsgnjn.s	f9,f13,f24	 f13:0x00000000 f24:0x7fc00000  f9=0x80000000
     172135.000 ns	     17212	8000397c	a1802053	feq.s	x0,f0,f24	  f0:0x7fc00000 f24:0x7fc00000
     172155.000 ns	     17214	80003980	86330513	addi	x10,x6,-1949	  x6:0x00000001 x10=0xfffff864
     172175.000 ns	     17216	80003984	c01387d3	fcvt.wu.s	x15,f7	  f7:0x00000000 x15=0x00000000
     172195.000 ns	     17218	80003988	0180bf33	sltu	x30,x1,x24	  x1:0xc00207f2 x24:0xffc00000 x30=0x00000001
     172555.000 ns	     17254	8000398c	03ad44b3	div	x9,x26,x26	 x26:0xd81297f2 x26:0xd81297f2  x9=0x00000001
     172585.000 ns	     17257	80003990	03dbad33	mulhsu	x26,x23,x29	 x23:0x000003b8 x29:0x00000000 x26=0x00000000
     172605.000 ns	     17259	80003994	01a74eb3	xor	x29,x14,x26	 x14:0x9eb25814 x26:0xd81297f2 x29=0x9eb25814
     172615.000 ns	     17260	80003998	40e88333	sub	x6,x17,x14	 x17:0x00000000 x14:0x9eb25814  x6=0x614da7ec
     172625.000 ns	     17261	8000399c	0055cdb3	xor	x27,x11,x5	 x11:0xf24b5688  x5:0xbebe7991 x27=0x4cf52f19
     172635.000 ns	     17262	800039a0	0133e833	or	x16,x7,x19	  x7:0x00000000 x19:0xc0020f27 x16=0xc0020f27
     172655.000 ns	     17264	800039a4	f0060853	fmv.w.x	f16,x12	 x12:0x00000000 f16=0x00000000
     172705.000 ns	     17269	800039a8	01fe7d53	fadd.s	f26,f28,f31	 f28:0x00000000 f31:0x4f1eb258 f26=0x4f1eb258
     172735.000 ns	     17272	800039ac	03998933	mul	x18,x19,x25	 x19:0xc0020f27 x25:0xf41b0830 x18=0xd5f90f50
     172765.000 ns	     17275	800039b0	0389ac33	mulhsu	x24,x19,x24	 x19:0xc0020f27 x24:0xffc00000 x24=0xc0120ea3
     172795.000 ns	     17278	800039b4	20fa80d3	fsgnj.s	f1,f21,f15	 f21:0x7fc00000 f15:0x00000000  f1=0x7fc00000
     172825.000 ns	     17281	800039b8	20c88453	fsgnj.s	f8,f17,f12	 f17:0x4f741b09 f12:0x00000000  f8=0x4f741b09
     172855.000 ns	     17284	800039bc	a1c88ed3	fle.s	x29,f17,f28	 f17:0x4f741b09 f28:0x00000000 x29=0x00000000
     172885.000 ns	     17287	800039c0	f00185d3	fmv.w.x	f11,x3	  x3:0xfa0d8418 f11=0xfa0d8418
     172915.000 ns	     17290	800039c4	291483d3	fmin.s	f7,f9,f17	  f9:0x80000000 f17:0x4f741b09  f7=0x80000000
     172945.000 ns	     17293	800039c8	29918653	fmin.s	f12,f3,f25	  f3:0x80000000 f25:0x00000000 f12=0x80000000
     172965.000 ns	     17295	800039cc	016732b3	sltu	x5,x14,x22	 x14:0x9eb25814 x22:0x363c8000  x5=0x00000000
     172985.000 ns	     17297	800039d0	c004f9d3	fcvt.w.s	x19,f9	  f9:0x80000000 x19=0x00000000
     173005.000 ns	     17299	800039d4	00d49793	slli	x15,x9,0xd	  x9:0x00000001 x15=0x00002000
     173015.000 ns	     17300	800039d8	00000013	addi	x0,x0,0	  x0:0x00000000
     173035.000 ns	     17302	800039dc	02fa08b3	mul	x17,x20,x15	 x20:0x0000041b x15:0x00000000 x17=0x00836000
     173055.000 ns	     17304	800039e0	41f25c33	sra	x24,x4,x31	  x4:0x00000000 x31:0x80041025 x24=0x00000000
     173075.000 ns	     17306	800039e4	f0070bd3	fmv.w.x	f23,x14	 x14:0x9eb25814 f23=0x9eb25814
     173095.000 ns	     17308	800039e8	41b5d4b3	sra	x9,x11,x27	 x11:0xf24b5688 x27:0x4cf52f19  x9=0xfffffff9
     173105.000 ns	     17309	800039ec	b4a6c793	xori	x15,x13,-1206	 x13:0x00000000 x15=0xfffffb4a
     173145.000 ns	     17313	800039f0	0808f353	fsub.s	f6,f17,f0	 f17:0x4f741b09  f0:0x7fc00000  f6=0x7fc00000
     173515.000 ns	     17350	800039f4	02f152b3	divu	x5,x2,x15	  x2:0x80040fe4 x15:0x00002000  x5=0x00000000
     173535.000 ns	     17352	800039f8	40d5d9b3	sra	x19,x11,x13	 x11:0xf24b5688 x13:0x00000000 x19=0xf24b5688
     173555.000 ns	     17354	800039fc	29779bd3	fmax.s	f23,f15,f23	 f15:0x00000000 f23:0x9eb25814 f23=0x00000000
     173575.000 ns	     17356	80003a00	00db74b3	and	x9,x22,x13	 x22:0x363c8000 x13:0x00000000  x9=0x00000000
     173595.000 ns	     17358	80003a04	d0077cd3	fcvt.s.w	f25,x14	 x14:0x9eb25814 f25=0xcec29b4f
     173645.000 ns	     17363	80003a08	01057f53	fadd.s	f30,f10,f16	 f10:0xffc00000 f16:0x00000000 f30=0x7fc00000
     173665.000 ns	     17365	80003a0c	004caab3	slt	x21,x25,x4	 x25:0xf41b0830  x4:0x00000000 x21=0x00000001
     173675.000 ns	     17366	80003a10	00388bb3	add	x23,x17,x3	 x17:0x00836000  x3:0xfa0d8418 x23=0xfa90e418
     173685.000 ns	     17367	80003a14	01983233	sltu	x4,x16,x25	 x16:0xc0020f27 x25:0xf41b0830  x4=0x00000001
     173695.000 ns	     17368	80003a18	cd772793	slti	x15,x14,-809	 x14:0x9eb25814 x15=0x00000001
     173705.000 ns	     17369	80003a1c	411a5913	srai	x18,x20,0x11	 x20:0x0000041b x18=0x00000000
     173745.000 ns	     17373	80003a20	012d3253	fadd.s	f4,f26,f18	 f26:0x4f1eb258 f18:0xcefff7df  f4=0x4df5b341
     173765.000 ns	     17375	80003a24	50b90213	addi	x4,x18,1291	 x18:0xd5f90f50  x4=0x0000050b
     173775.000 ns	     17376	80003a28	56291bb7	lui	x23,0x56291	 x23=0x56291000
     173795.000 ns	     17378	80003a2c	e0089553	fclass.s	x10,f17	 f17:0x4f741b09 x10=0x00000040
     173825.000 ns	     17381	80003a30	e0079ed3	fclass.s	x29,f15	 f15:0x00000000 x29=0x00000010
     173845.000 ns	     17383	80003a34	410c02b3	sub	x5,x24,x16	 x24:0x00000000 x16:0xc0020f27  x5=0x3ffdf0d9
     173855.000 ns	     17384	80003a38	805dc813	xori	x16,x27,-2043	 x27:0x4cf52f19 x16=0xb30ad71c
     175025.000 ns	     17501	80003a3c	580d1253	fsqrt.s	f4,f26	 f26:0x4f1eb258  f4=0x46e06dbe
     175395.000 ns	     17538	80003a40	030e4433	div	x8,x28,x16	 x28:0x80041024 x16:0xc0020f27  x8=0x00000001
     175415.000 ns	     17540	80003a44	01bcb8b3	sltu	x17,x25,x27	 x25:0xf41b0830 x27:0x4cf52f19 x17=0x00000000
     175435.000 ns	     17542	80003a48	a1068d53	fle.s	x26,f13,f16	 f13:0x00000000 f16:0x00000000 x26=0x00000001
     175465.000 ns	     17545	80003a4c	0310eb33	rem	x22,x1,x17	  x1:0xc00207f2 x17:0x00836000 x22=0xc00207f2
     175835.000 ns	     17582	80003a50	03d6fb33	remu	x22,x13,x29	 x13:0x00000000 x29:0x00000010 x22=0x00000000
     175865.000 ns	     17585	80003a54	e0081ad3	fclass.s	x21,f16	 f16:0x00000000 x21=0x00000010
     175885.000 ns	     17587	80003a58	416580b3	sub	x1,x11,x22	 x11:0xf24b5688 x22:0x00000000  x1=0xf24b5688
     175905.000 ns	     17589	80003a5c	02c56cb3	rem	x25,x10,x12	 x10:0x00000040 x12:0x00000000 x25=0x00000040
     175925.000 ns	     17591	80003a60	00c84933	xor	x18,x16,x12	 x16:0xb30ad71c x12:0x00000000 x18=0xb30ad71c
     175935.000 ns	     17592	80003a64	41670b33	sub	x22,x14,x22	 x14:0x9eb25814 x22:0x00000000 x22=0x9eb25814
     175945.000 ns	     17593	80003a68	01745f33	srl	x30,x8,x23	  x8:0x00000001 x23:0x56291000 x30=0x00000001
     175955.000 ns	     17594	80003a6c	0191c433	xor	x8,x3,x25	  x3:0xfa0d8418 x25:0x00000040  x8=0xfa0d8458
     175975.000 ns	     17596	80003a70	296b1cd3	fmax.s	f25,f22,f22	 f22:0x00000716 f22:0x00000716 f25=0x00000716
     175995.000 ns	     17598	80003a74	d885bb93	sltiu	x23,x11,-632	 x11:0xf24b5688 x23=0x00000001
     176015.000 ns	     17600	80003a78	020d7633	remu	x12,x26,x0	 x26:0x00000001  x0:0x00000000 x12=0x00000001
     176385.000 ns	     17637	80003a7c	028ffeb3	remu	x29,x31,x8	 x31:0x80041025  x8:0xfa0d8458 x29=0x80041025
     176415.000 ns	     17640	80003a80	030a8433	mul	x8,x21,x16	 x21:0x00000010 x16:0xb30ad71c  x8=0x30ad71c0
     176445.000 ns	     17643	80003a84	a1272dd3	feq.s	x27,f14,f18	 f14:0x00000000 f18:0xcefff7df x27=0x00000000
     176465.000 ns	     17645	80003a88	01759813	slli	x16,x11,0x17	 x11:0xf24b5688 x16=0x44000000
     176475.000 ns	     17646	80003a8c	003e1033	sll	x0,x28,x3	 x28:0x80041024  x3:0xfa0d8418
     176485.000 ns	     17647	80003a90	00d09513	slli	x10,x1,0xd	  x1:0xf24b5688 x10=0x6ad10000
     176505.000 ns	     17649	80003a94	026706b3	mul	x13,x14,x6	 x14:0x9eb25814  x6:0x614da7ec x13=0xb5e23e70
     176525.000 ns	     17651	80003a98	010038b3	sltu	x17,x0,x16	  x0:0x00000000 x16:0x44000000 x17=0x00000001
     176545.000 ns	     17653	80003a9c	2107a0d3	fsgnjx.s	f1,f15,f16	 f15:0x00000000 f16:0x00000000  f1=0x00000000
     176565.000 ns	     17655	80003aa0	fc38f813	andi	x16,x17,-61	 x17:0x00000000 x16=0x00000001
     176585.000 ns	     17657	80003aa4	212f9253	fsgnjn.s	f4,f31,f18	 f31:0x4f1eb258 f18:0xcefff7df  f4=0x4f1eb258
     176615.000 ns	     17660	80003aa8	c0147c53	fcvt.wu.s	x24,f8	  f8:0x4f741b09 x24=0xf41b0900
     176635.000 ns	     17662	80003aac	01be1033	sll	x0,x28,x27	 x28:0x80041024 x27:0x00000000
     176645.000 ns	     17663	80003ab0	00000013	addi	x0,x0,0	  x0:0x00000000
     176665.000 ns	     17665	80003ab4	038ba2b3	mulhsu	x5,x23,x24	 x23:0x00000001 x24:0xf41b0900  x5=0x00000000
     176685.000 ns	     17667	80003ab8	96355797	auipc	x15,0x96355	 x15=0x16358ab8
     176705.000 ns	     17669	80003abc	a1818fd3	fle.s	x31,f3,f24	  f3:0x80000000 f24:0x7fc00000 x31=0x00000000
     176725.000 ns	     17671	80003ac0	40ae0bb3	sub	x23,x28,x10	 x28:0x80041024 x10:0x6ad10000 x23=0x15331024
     176755.000 ns	     17674	80003ac4	580ef853	fsqrt.s	f16,f29	 f29:0xcf724b56 f16=0x7fc00000
     176775.000 ns	     17676	80003ac8	00000013	addi	x0,x0,0	  x0:0x00000000
     176795.000 ns	     17678	80003acc	022b0eb3	mul	x29,x22,x2	 x22:0x9eb25814  x2:0x80040fe4 x29=0x2a4f9dd0
     176815.000 ns	     17680	80003ad0	41f48c33	sub	x24,x9,x31	  x9:0x00000000 x31:0x00000000 x24=0x00000000
     176835.000 ns	     17682	80003ad4	20cb0cd3	fsgnj.s	f25,f22,f12	 f22:0x00000716 f12:0x80000000 f25=0x80000716
     176855.000 ns	     17684	80003ad8	404b5913	srai	x18,x22,0x4	 x22:0x9eb25814 x18=0xf9eb2581
     176885.000 ns	     17687	80003adc	18c87353	fdiv.s	f6,f16,f12	 f16:0x7fc00000 f12:0x80000000  f6=0x7fc00000
     176905.000 ns	     17689	80003ae0	0018b633	sltu	x12,x17,x1	 x17:0x00000001  x1:0xf24b5688 x12=0x00000001
     176915.000 ns	     17690	80003ae4	8ced0693	addi	x13,x26,-1842	 x26:0x00000001 x13=0xfffff8cf
     176935.000 ns	     17692	80003ae8	a16891d3	flt.s	x3,f17,f22	 f17:0x4f741b09 f22:0x00000716  x3=0x00000000
     176955.000 ns	     17694	80003aec	00a29a33	sll	x20,x5,x10	  x5:0x00000000 x10:0x6ad10000 x20=0x00000000
     176975.000 ns	     17696	80003af0	e00b80d3	fmv.x.w	x1,f23	 f23:0x00000000  x1=0x00000000
     176995.000 ns	     17698	80003af4	52020237	lui	x4,0x52020	  x4=0x52020000
     177015.000 ns	     17700	80003af8	d00a0a53	fcvt.s.w	f20,x20	 x20:0x00000000 f20=0x00000000
     177035.000 ns	     17702	80003afc	04024713	xori	x14,x4,64	  x4:0x0000050b x14=0x52020040
     177055.000 ns	     17704	80003b00	03e98c33	mul	x24,x19,x30	 x19:0xf24b5688 x30:0x00000001 x24=0xf24b5688
     177085.000 ns	     17707	80003b04	c00f88d3	fcvt.w.s	x17,f31	 f31:0x4f1eb258 x17=0x7fffffff
     177135.000 ns	     17712	80003b08	00eb3cd3	fadd.s	f25,f22,f14	 f22:0x00000716 f14:0x00000000 f25=0x00000716
     177155.000 ns	     17714	80003b0c	d51aa613	slti	x12,x21,-687	 x21:0x00000010 x12=0x00000000
     177165.000 ns	     17715	80003b10	aedfe513	ori	x10,x31,-1299	 x31:0x00000000 x10=0xfffffaed
     177175.000 ns	     17716	80003b14	008cdeb3	srl	x29,x25,x8	 x25:0x00000040  x8:0x30ad71c0 x29=0x00000040
     177185.000 ns	     17717	80003b18	415c5033	sra	x0,x24,x21	 x24:0xf24b5688 x21:0x00000010
     177545.000 ns	     17753	80003b1c	0390e2b3	rem	x5,x1,x25	  x1:0x00000000 x25:0x00000040  x5=0x00000000
     177575.000 ns	     17756	80003b20	e0009753	fclass.s	x14,f1	  f1:0x00000000 x14=0x00000010
     177605.000 ns	     17759	80003b24	f00205d3	fmv.w.x	f11,x4	  x4:0x52020000 f11=0x52020000
     177635.000 ns	     17762	80003b28	29778753	fmin.s	f14,f15,f23	 f15:0x00000000 f23:0x00000000 f14=0x00000000
     177655.000 ns	     17764	80003b2c	9f259617	auipc	x12,0x9f259	 x12=0x1f25cb2c
     177665.000 ns	     17765	80003b30	40dee613	ori	x12,x29,1037	 x29:0x00000040 x12=0x0000044d
     177685.000 ns	     17767	80003b34	03d31933	mulh	x18,x6,x29	  x6:0x614da7ec x29:0x00000040 x18=0x00000018
     177715.000 ns	     17770	80003b38	e00018d3	fclass.s	x17,f0	  f0:0x7fc00000 x17=0x00000200
     177745.000 ns	     17773	80003b3c	c012c4d3	fcvt.wu.s	x9,f5	  f5:0xffc00000  x9=0xffffffff
     177775.000 ns	     17776	80003b40	03a399b3	mulh	x19,x7,x26	  x7:0x00000000 x26:0x00000001 x19=0x00000000
     177805.000 ns	     17779	80003b44	a0231ed3	flt.s	x29,f6,f2	  f6:0x7fc00000  f2:0x00000000 x29=0x00000000
     177845.000 ns	     17783	80003b48	1131fb53	fmul.s	f22,f3,f19	  f3:0x80000000 f19:0x00000716 f22=0x80000000
     177875.000 ns	     17786	80003b4c	29729453	fmax.s	f8,f5,f23	  f5:0xffc00000 f23:0x00000000  f8=0x00000000
     177895.000 ns	     17788	80003b50	00c9f533	and	x10,x19,x12	 x19:0x00000000 x12:0x0000044d x10=0x00000000
     177905.000 ns	     17789	80003b54	417a8f33	sub	x30,x21,x23	 x21:0x00000010 x23:0x15331024 x30=0xeaccefec
     177925.000 ns	     17791	80003b58	a126a2d3	feq.s	x5,f13,f18	 f13:0x00000000 f18:0xcefff7df  x5=0x00000000
     177945.000 ns	     17793	80003b5c	00924933	xor	x18,x4,x9	  x4:0x52020000  x9:0xffffffff x18=0xadfdffff
     177955.000 ns	     17794	80003b60	f55f2f13	slti	x30,x30,-171	 x30:0xeaccefec x30=0x00000001
     177975.000 ns	     17796	80003b64	209a16d3	fsgnjn.s	f13,f20,f9	 f20:0x00000000  f9:0x80000000 f13=0x00000000
     177995.000 ns	     17798	80003b68	40bcda33	sra	x20,x25,x11	 x25:0x00000040 x11:0xf24b5688 x20=0x00000000
     178015.000 ns	     17800	80003b6c	21c02153	fsgnjx.s	f2,f0,f28	  f0:0x7fc00000 f28:0x00000000  f2=0x7fc00000
     178045.000 ns	     17803	80003b70	202e9ed3	fsgnjn.s	f29,f29,f2	 f29:0xcf724b56  f2:0x00000000 f29=0xcf724b56
     178065.000 ns	     17805	80003b74	01fb7433	and	x8,x22,x31	 x22:0x9eb25814 x31:0x00000000  x8=0x00000000
     178085.000 ns	     17807	80003b78	03608a33	mul	x20,x1,x22	  x1:0x00000000 x22:0x9eb25814 x20=0x00000000
     178115.000 ns	     17810	80003b7c	c01a27d3	fcvt.wu.s	x15,f20	 f20:0x00000000 x15=0x00000000
     178135.000 ns	     17812	80003b80	005e8d33	add	x26,x29,x5	 x29:0x00000000  x5:0x00000000 x26=0x00000000
     178165.000 ns	     17815	80003b84	10fdc853	fmul.s	f16,f27,f15	 f27:0x40000000 f15:0x00000000 f16=0x00000000
     178185.000 ns	     17817	80003b88	01d3d633	srl	x12,x7,x29	  x7:0x00000000 x29:0x00000000 x12=0x00000000
     178195.000 ns	     17818	80003b8c	5d7fd9b7	lui	x19,0x5d7fd	 x19=0x5d7fd000
     178215.000 ns	     17820	80003b90	20c18fd3	fsgnj.s	f31,f3,f12	  f3:0x80000000 f12:0x80000000 f31=0x80000000
     178235.000 ns	     17822	80003b94	41168633	sub	x12,x13,x17	 x13:0xfffff8cf x17:0x00000200 x12=0xfffff6cf
     178255.000 ns	     17824	80003b98	d00ab7d3	fcvt.s.w	f15,x21	 x21:0x00000010 f15=0x41800000
     178285.000 ns	     17827	80003b9c	02fe2bb3	mulhsu	x23,x28,x15	 x28:0x80041024 x15:0x00000000 x23=0x00000000
     178305.000 ns	     17829	80003ba0	666e3793	sltiu	x15,x28,1638	 x28:0x80041024 x15=0x00000000
     178665.000 ns	     17865	80003ba4	033c70b3	remu	x1,x24,x19	 x24:0xf24b5688 x19:0x5d7fd000  x1=0x374bb688
     178695.000 ns	     17868	80003ba8	a1bb2f53	feq.s	x30,f22,f27	 f22:0x80000000 f27:0x40000000 x30=0x00000000
     178715.000 ns	     17870	80003bac	0016b333	sltu	x6,x13,x1	 x13:0xfffff8cf  x1:0x374bb688  x6=0x00000000
     178725.000 ns	     17871	80003bb0	4ec5ed93	ori	x27,x11,1260	 x11:0xf24b5688 x27=0xf24b56ec
     178735.000 ns	     17872	80003bb4	45176cb7	lui	x25,0x45176	 x25=0x45176000
     178745.000 ns	     17873	80003bb8	01d7d633	srl	x12,x15,x29	 x15:0x00000000 x29:0x00000000 x12=0x00000000
     178765.000 ns	     17875	80003bbc	d005f953	fcvt.s.w	f18,x11	 x11:0xf24b5688 f18=0xcd5b4a97
     178795.000 ns	     17878	80003bc0	d0122f53	fcvt.s.wu	f30,x4	  x4:0x52020000 f30=0x4ea40400
     178825.000 ns	     17881	80003bc4	a1779c53	flt.s	x24,f15,f23	 f15:0x41800000 f23:0x00000000 x24=0x00000000
     178845.000 ns	     17883	80003bc8	00000013	addi	x0,x0,0	  x0:0x00000000
     178855.000 ns	     17884	80003bcc	99530737	lui	x14,0x99530	 x14=0x99530000
     178865.000 ns	     17885	80003bd0	7794af13	slti	x30,x9,1913	  x9:0xffffffff x30=0x00000001
     178875.000 ns	     17886	80003bd4	00000013	addi	x0,x0,0	  x0:0x00000000
     178885.000 ns	     17887	80003bd8	09812013	slti	x0,x2,152	  x2:0x80040fe4
     178905.000 ns	     17889	80003bdc	d00e76d3	fcvt.s.w	f13,x28	 x28:0x80041024 f13=0xcefff7df
     178935.000 ns	     17892	80003be0	02d2b9b3	mulhu	x19,x5,x13	  x5:0x00000000 x13:0xfffff8cf x19=0x00000000
     178965.000 ns	     17895	80003be4	02046f33	rem	x30,x8,x0	  x8:0x00000000  x0:0x00000000 x30=0x00000000
     179005.000 ns	     17899	80003be8	18c7f4d3	fdiv.s	f9,f15,f12	 f15:0x41800000 f12:0x80000000  f9=0xff800000
     179055.000 ns	     17904	80003bec	00d7f8d3	fadd.s	f17,f15,f13	 f15:0x41800000 f13:0xcefff7df f17=0xcefff7de
     179095.000 ns	     17908	80003bf0	11591fd3	fmul.s	f31,f18,f21	 f18:0xcd5b4a97 f21:0x7fc00000 f31=0x7fc00000
     179115.000 ns	     17910	80003bf4	003172b3	and	x5,x2,x3	  x2:0x80040fe4  x3:0x00000000  x5=0x00000000
     179135.000 ns	     17912	80003bf8	c012f4d3	fcvt.wu.s	x9,f5	  f5:0xffc00000  x9=0xffffffff
     179155.000 ns	     17914	80003bfc	015c2f33	slt	x30,x24,x21	 x24:0x00000000 x21:0x00000010 x30=0x00000001
     179165.000 ns	     17915	80003c00	00aaa6b3	slt	x13,x21,x10	 x21:0x00000010 x10:0x00000000 x13=0x00000000
     179175.000 ns	     17916	80003c04	753e5a97	auipc	x21,0x753e5	 x21=0xf53e8c04
     179185.000 ns	     17917	80003c08	69e56793	ori	x15,x10,1694	 x10:0x00000000 x15=0x0000069e
     179205.000 ns	     17919	80003c0c	f00b8b53	fmv.w.x	f22,x23	 x23:0x00000000 f22=0x00000000
     179225.000 ns	     17921	80003c10	00000013	addi	x0,x0,0	  x0:0x00000000
     179245.000 ns	     17923	80003c14	21b1a6d3	fsgnjx.s	f13,f3,f27	  f3:0x80000000 f27:0x40000000 f13=0x80000000
     179265.000 ns	     17925	80003c18	e557cd93	xori	x27,x15,-427	 x15:0x0000069e x27=0xfffff8cb
     179305.000 ns	     17929	80003c1c	00b694d3	fadd.s	f9,f13,f11	 f13:0x80000000 f11:0x52020000  f9=0x52020000
     179325.000 ns	     17931	80003c20	008a8733	add	x14,x21,x8	 x21:0xf53e8c04  x8:0x00000000 x14=0xf53e8c04
     179335.000 ns	     17932	80003c24	00539093	slli	x1,x7,0x5	  x7:0x00000000  x1=0x00000000
     179355.000 ns	     17934	80003c28	e0030553	fmv.x.w	x10,f6	  f6:0x7fc00000 x10=0x7fc00000
     179375.000 ns	     17936	80003c2c	fa906a93	ori	x21,x0,-87	  x0:0x00000000 x21=0xffffffa9
     179395.000 ns	     17938	80003c30	f00e0a53	fmv.w.x	f20,x28	 x28:0x80041024 f20=0x80041024
     179425.000 ns	     17941	80003c34	d01d7253	fcvt.s.wu	f4,x26	 x26:0x00000000  f4=0x00000000
     179795.000 ns	     17978	80003c38	02995433	divu	x8,x18,x9	 x18:0xadfdffff  x9:0xffffffff  x8=0x00000000
     179815.000 ns	     17980	80003c3c	00d71393	slli	x7,x14,0xd	 x14:0xf53e8c04  x7=0xd1808000
     179825.000 ns	     17981	80003c40	00165513	srli	x10,x12,0x1	 x12:0x00000000 x10=0x00000000
     179845.000 ns	     17983	80003c44	21d6a4d3	fsgnjx.s	f9,f13,f29	 f13:0x80000000 f29:0xcf724b56  f9=0x00000000
     179865.000 ns	     17985	80003c48	2b8f7613	andi	x12,x30,696	 x30:0x00000001 x12=0x00000000
     179885.000 ns	     17987	80003c4c	d00b2453	fcvt.s.w	f8,x22	 x22:0x9eb25814  f8=0xcec29b50
     179905.000 ns	     17989	80003c50	c8dce193	ori	x3,x25,-883	 x25:0x45176000  x3=0xfffffc8d
     179915.000 ns	     17990	80003c54	01b21c13	slli	x24,x4,0x1b	  x4:0x52020000 x24=0x00000000
     179925.000 ns	     17991	80003c58	1ac5aa93	slti	x21,x11,428	 x11:0xf24b5688 x21=0x00000001
     179935.000 ns	     17992	80003c5c	01f45d33	srl	x26,x8,x31	  x8:0x00000000 x31:0x00000000 x26=0x00000000
     179955.000 ns	     17994	80003c60	03a3dfb3	divu	x31,x7,x26	  x7:0xd1808000 x26:0x00000000 x31=0xffffffff
     179975.000 ns	     17996	80003c64	95b74d13	xori	x26,x14,-1701	 x14:0xf53e8c04 x26=0x0ac1755f
     180015.000 ns	     18000	80003c68	08fffc53	fsub.s	f24,f31,f15	 f31:0x7fc00000 f15:0x41800000 f24=0x7fc00000
     180055.000 ns	     18004	80003c6c	11029253	fmul.s	f4,f5,f16	  f5:0xffc00000 f16:0x00000000  f4=0x7fc00000
     180075.000 ns	     18006	80003c70	00982bb3	slt	x23,x16,x9	 x16:0x00000001  x9:0xffffffff x23=0x00000000
     180095.000 ns	     18008	80003c74	a0fa1fd3	flt.s	x31,f20,f15	 f20:0x80041024 f15:0x41800000 x31=0x00000001
     180115.000 ns	     18010	80003c78	ea290d13	addi	x26,x18,-350	 x18:0xadfdffff x26=0xadfdfea1
     180135.000 ns	     18012	80003c7c	034e8533	mul	x10,x29,x20	 x29:0x00000000 x20:0x00000000 x10=0x00000000
     180155.000 ns	     18014	80003c80	b7352f97	auipc	x31,0xb7352	 x31=0x37355c80
     180175.000 ns	     18016	80003c84	d0091353	fcvt.s.w	f6,x18	 x18:0xadfdffff  f6=0xcea40400
     180195.000 ns	     18018	80003c88	b124f613	andi	x12,x9,-1262	  x9:0xffffffff x12=0xfffffb12
     180205.000 ns	     18019	80003c8c	c396fb13	andi	x22,x13,-967	 x13:0x00000000 x22=0x00000000
     180215.000 ns	     18020	80003c90	0129c933	xor	x18,x19,x18	 x19:0x00000000 x18:0xadfdffff x18=0xadfdffff
     180225.000 ns	     18021	80003c94	41ae52b3	sra	x5,x28,x26	 x28:0x80041024 x26:0xadfdfea1  x5=0xc0020812
     180245.000 ns	     18023	80003c98	e00f9ed3	fclass.s	x29,f31	 f31:0x7fc00000 x29=0x00000200
     180265.000 ns	     18025	80003c9c	40675413	srai	x8,x14,0x6	 x14:0xf53e8c04  x8=0xffd4fa30
     180275.000 ns	     18026	80003ca0	01831733	sll	x14,x6,x24	  x6:0x00000000 x24:0x00000000 x14=0x00000000
     180285.000 ns	     18027	80003ca4	3c07ad93	slti	x27,x15,960	 x15:0x0000069e x27=0x00000000
     180305.000 ns	     18029	80003ca8	a0748bd3	fle.s	x23,f9,f7	  f9:0x00000000  f7:0x80000000 x23=0x00000001
     180335.000 ns	     18032	80003cac	a0dc8ad3	fle.s	x21,f25,f13	 f25:0x00000716 f13:0x80000000 x21=0x00000000
     180365.000 ns	     18035	80003cb0	215f0653	fsgnj.s	f12,f30,f21	 f30:0x4ea40400 f21:0x7fc00000 f12=0x4ea40400
     180385.000 ns	     18037	80003cb4	fa023d93	sltiu	x27,x4,-96	  x4:0x52020000 x27=0x00000001
     180395.000 ns	     18038	80003cb8	00000013	addi	x0,x0,0	  x0:0x00000000
     180415.000 ns	     18040	80003cbc	03c484b3	mul	x9,x9,x28	  x9:0xffffffff x28:0x80041024  x9=0x7ffbefdc
     180435.000 ns	     18042	80003cc0	b3cb3293	sltiu	x5,x22,-1220	 x22:0x00000000  x5=0x00000001
     180455.000 ns	     18044	80003cc4	d008bf53	fcvt.s.w	f30,x17	 x17:0x00000200 f30=0x44000000
     180485.000 ns	     18047	80003cc8	285413d3	fmax.s	f7,f8,f5	  f8:0xcec29b50  f5:0xffc00000  f7=0xcec29b50
     180505.000 ns	     18049	80003ccc	01092933	slt	x18,x18,x16	 x18:0xadfdffff x16:0x00000001 x18=0x00000001
     180515.000 ns	     18050	80003cd0	40af8b33	sub	x22,x31,x10	 x31:0x37355c80 x10:0x00000000 x22=0x37355c80
     180525.000 ns	     18051	80003cd4	013776b3	and	x13,x14,x19	 x14:0x00000000 x19:0x00000000 x13=0x00000000
     180535.000 ns	     18052	80003cd8	b3fac193	xori	x3,x21,-1217	 x21:0x00000000  x3=0xfffffb3f
     180555.000 ns	     18054	80003cdc	d004a253	fcvt.s.w	f4,x9	  x9:0x7ffbefdc  f4=0x4efff7e0
     180585.000 ns	     18057	80003ce0	e00b8dd3	fmv.x.w	x27,f23	 f23:0x00000000 x27=0x00000000
     180635.000 ns	     18062	80003ce4	00b6ff53	fadd.s	f30,f13,f11	 f13:0x80000000 f11:0x52020000 f30=0x52020000
     180685.000 ns	     18067	80003ce8	088240d3	fsub.s	f1,f4,f8	  f4:0x4efff7e0  f8:0xcec29b50  f1=0x4f614998
     180705.000 ns	     18069	80003cec	00e497b3	sll	x15,x9,x14	  x9:0x7ffbefdc x14:0x00000000 x15=0x7ffbefdc
     180725.000 ns	     18071	80003cf0	d0167653	fcvt.s.wu	f12,x12	 x12:0xfffffb12 f12=0x4f7ffffb
     180755.000 ns	     18074	80003cf4	a12a2f53	feq.s	x30,f20,f18	 f20:0x80041024 f18:0xcd5b4a97 x30=0x00000000
     180785.000 ns	     18077	80003cf8	03fe88b3	mul	x17,x29,x31	 x29:0x00000200 x31:0x37355c80 x17=0x6ab90000
     180835.000 ns	     18082	80003cfc	01a8fad3	fadd.s	f21,f17,f26	 f17:0xcefff7de f26:0x4f1eb258 f21=0x4df5b348
     180855.000 ns	     18084	80003d00	af1ff293	andi	x5,x31,-1295	 x31:0x37355c80  x5=0x37355880
     180865.000 ns	     18085	80003d04	2c868b93	addi	x23,x13,712	 x13:0x00000000 x23=0x000002c8
     180895.000 ns	     18088	80003d08	580b7053	fsqrt.s	f0,f22	 f22:0x00000000  f0=0x00000000
     180925.000 ns	     18091	80003d0c	284e1dd3	fmax.s	f27,f28,f4	 f28:0x00000000  f4:0x4efff7e0 f27=0x4efff7e0
     180945.000 ns	     18093	80003d10	000fa7b3	slt	x15,x31,x0	 x31:0x37355c80  x0:0x00000000 x15=0x00000000
     180965.000 ns	     18095	80003d14	207d1f53	fsgnjn.s	f30,f26,f7	 f26:0x4f1eb258  f7:0xcec29b50 f30=0x4f1eb258
     180995.000 ns	     18098	80003d18	02320cb3	mul	x25,x4,x3	  x4:0x52020000  x3:0xfffffb3f x25=0x247e0000
     181015.000 ns	     18100	80003d1c	73f43637	lui	x12,0x73f43	 x12=0x73f43000
     181025.000 ns	     18101	80003d20	007e9db3	sll	x27,x29,x7	 x29:0x00000200  x7:0xd1808000 x27=0x00000200
     181045.000 ns	     18103	80003d24	030f23b3	mulhsu	x7,x30,x16	 x30:0x00000000 x16:0x00000001  x7=0x00000000
     181065.000 ns	     18105	80003d28	415d8533	sub	x10,x27,x21	 x27:0x00000000 x21:0x00000000 x10=0x00000200
     181085.000 ns	     18107	80003d2c	034ff533	remu	x10,x31,x20	 x31:0x37355c80 x20:0x00000000 x10=0x37355c80
     181105.000 ns	     18109	80003d30	ea17e293	ori	x5,x15,-351	 x15:0x00000000  x5=0xfffffea1
     181125.000 ns	     18111	80003d34	20c18753	fsgnj.s	f14,f3,f12	  f3:0x80000000 f12:0x4f7ffffb f14=0x00000000
     181465.000 ns	     18145	80003d38	187af353	fdiv.s	f6,f21,f7	 f21:0x4df5b348  f7:0xcec29b50  f6=0xbe75b348
     181515.000 ns	     18150	80003d3c	010416d3	fadd.s	f13,f8,f16	  f8:0xcec29b50 f16:0x00000000 f13=0xcec29b50
     181535.000 ns	     18152	80003d40	5ede6f13	ori	x30,x28,1517	 x28:0x80041024 x30=0x800415ed
     181545.000 ns	     18153	80003d44	416ed3b3	sra	x7,x29,x22	 x29:0x00000200 x22:0x37355c80  x7=0x00000200
     181555.000 ns	     18154	80003d48	0180f1b3	and	x3,x1,x24	  x1:0x00000000 x24:0x00000000  x3=0x00000000
     181565.000 ns	     18155	80003d4c	00d3efb3	or	x31,x7,x13	  x7:0x00000000 x13:0x00000000 x31=0x00000200
     181585.000 ns	     18157	80003d50	a0178ad3	fle.s	x21,f15,f1	 f15:0x41800000  f1:0x4f614998 x21=0x00000001
     181605.000 ns	     18159	80003d54	e7236737	lui	x14,0xe7236	 x14=0xe7236000
     181625.000 ns	     18161	80003d58	20471253	fsgnjn.s	f4,f14,f4	 f14:0x00000000  f4:0x4efff7e0  f4=0x80000000
     181645.000 ns	     18163	80003d5c	0092e3b3	or	x7,x5,x9	  x5:0xfffffea1  x9:0x7ffbefdc  x7=0xfffffffd
     181665.000 ns	     18165	80003d60	f00982d3	fmv.w.x	f5,x19	 x19:0x00000000  f5=0x00000000
     181685.000 ns	     18167	80003d64	00000013	addi	x0,x0,0	  x0:0x00000000
     181695.000 ns	     18168	80003d68	0cf83193	sltiu	x3,x16,207	 x16:0x00000001  x3=0x00000001
     181705.000 ns	     18169	80003d6c	c440cd13	xori	x26,x1,-956	  x1:0x00000000 x26=0xfffffc44
     181745.000 ns	     18173	80003d70	09d49f53	fsub.s	f30,f9,f29	  f9:0x00000000 f29:0xcf724b56 f30=0x4f724b56
     181775.000 ns	     18176	80003d74	029c9c33	mulh	x24,x25,x9	 x25:0x247e0000  x9:0x7ffbefdc x24=0x123e6bba
     181805.000 ns	     18179	80003d78	d014c953	fcvt.s.wu	f18,x9	  x9:0x7ffbefdc f18=0x4efff7e0
     181835.000 ns	     18182	80003d7c	20fd8fd3	fsgnj.s	f31,f27,f15	 f27:0x4efff7e0 f15:0x41800000 f31=0x4efff7e0
     181865.000 ns	     18185	80003d80	03442f33	mulhsu	x30,x8,x20	  x8:0xffd4fa30 x20:0x00000000 x30=0x00000000
     181895.000 ns	     18188	80003d84	29381353	fmax.s	f6,f16,f19	 f16:0x00000000 f19:0x00000716  f6=0x00000716
     181915.000 ns	     18190	80003d88	008fba33	sltu	x20,x31,x8	 x31:0x00000200  x8:0xffd4fa30 x20=0x00000001
     181935.000 ns	     18192	80003d8c	e00492d3	fclass.s	x5,f9	  f9:0x00000000  x5=0x00000010
     181965.000 ns	     18195	80003d90	f0088bd3	fmv.w.x	f23,x17	 x17:0x6ab90000 f23=0x6ab90000
     181985.000 ns	     18197	80003d94	408a0b33	sub	x22,x20,x8	 x20:0x00000001  x8:0xffd4fa30 x22=0x002b05d1
     182005.000 ns	     18199	80003d98	02d43c33	mulhu	x24,x8,x13	  x8:0xffd4fa30 x13:0x00000000 x24=0x00000000
     182035.000 ns	     18202	80003d9c	a1848553	fle.s	x10,f9,f24	  f9:0x00000000 f24:0x7fc00000 x10=0x00000000
     182065.000 ns	     18205	80003da0	03d30b33	mul	x22,x6,x29	  x6:0x00000000 x29:0x00000200 x22=0x00000000
     182085.000 ns	     18207	80003da4	414fda13	srai	x20,x31,0x14	 x31:0x00000200 x20=0x00000000
     182415.000 ns	     18240	80003da8	1818f4d3	fdiv.s	f9,f17,f1	 f17:0xcefff7de  f1:0x4f614998  f9=0xbefff7de
     182435.000 ns	     18242	80003dac	01c78fb3	add	x31,x15,x28	 x15:0x00000000 x28:0x80041024 x31=0x80041024
     182455.000 ns	     18244	80003db0	02422fb3	mulhsu	x31,x4,x4	  x4:0x52020000  x4:0x52020000 x31=0x1a454804
     182485.000 ns	     18247	80003db4	e0019d53	fclass.s	x26,f3	  f3:0x80000000 x26=0x00000008
     182505.000 ns	     18249	80003db8	40750d33	sub	x26,x10,x7	 x10:0x00000000  x7:0xfffffffd x26=0x00000003
     182515.000 ns	     18250	80003dbc	00924c33	xor	x24,x4,x9	  x4:0x52020000  x9:0x7ffbefdc x24=0x2df9efdc
     182525.000 ns	     18251	80003dc0	00000013	addi	x0,x0,0	  x0:0x00000000
     182545.000 ns	     18253	80003dc4	03941ab3	mulh	x21,x8,x25	  x8:0xffd4fa30 x25:0x247e0000 x21=0xfff9de01
     182565.000 ns	     18255	80003dc8	89d8c993	xori	x19,x17,-1891	 x17:0x6ab90000 x19=0x9546f89d
     182575.000 ns	     18256	80003dcc	bbdda493	slti	x9,x27,-1091	 x27:0x00000200  x9=0x00000000
     182585.000 ns	     18257	80003dd0	01a6c8b3	xor	x17,x13,x26	 x13:0x00000000 x26:0x00000003 x17=0x00000003
     182915.000 ns	     18290	80003dd4	187dfa53	fdiv.s	f20,f27,f7	 f27:0x4efff7e0  f7:0xcec29b50 f20=0xbf7ff7e0
     182945.000 ns	     18293	80003dd8	03af3033	mulhu	x0,x30,x26	 x30:0x00000000 x26:0x00000003
     182975.000 ns	     18296	80003ddc	d009f653	fcvt.s.w	f12,x19	 x19:0x9546f89d f12=0xced5720e
     182995.000 ns	     18298	80003de0	019bb733	sltu	x14,x23,x25	 x23:0x000002c8 x25:0x247e0000 x14=0x00000001
     183005.000 ns	     18299	80003de4	41b403b3	sub	x7,x8,x27	  x8:0xffd4fa30 x27:0x00000200  x7=0xffd4f830
     183025.000 ns	     18301	80003de8	d0127153	fcvt.s.wu	f2,x4	  x4:0x52020000  f2=0x4ea40400
     183055.000 ns	     18304	80003dec	21a11b53	fsgnjn.s	f22,f2,f26	  f2:0x7fc00000 f26:0x4f1eb258 f22=0xcea40400
     183085.000 ns	     18307	80003df0	e00598d3	fclass.s	x17,f11	 f11:0x52020000 x17=0x00000040
     183125.000 ns	     18311	80003df4	11bff9d3	fmul.s	f19,f31,f27	 f31:0x4efff7e0 f27:0x4efff7e0 f19=0x5e7fefc0
     183145.000 ns	     18313	80003df8	00b4dc93	srli	x25,x9,0xb	  x9:0x00000000 x25=0x00000000
     183155.000 ns	     18314	80003dfc	7e916097	auipc	x1,0x7e916	  x1=0xfe919dfc
     183165.000 ns	     18315	80003e00	80409fb7	lui	x31,0x80409	 x31=0x80409000
     183175.000 ns	     18316	80003e04	002bfcb3	and	x25,x23,x2	 x23:0x000002c8  x2:0x80040fe4 x25=0x000002c0
     183195.000 ns	     18318	80003e08	e0031553	fclass.s	x10,f6	  f6:0x00000716 x10=0x00000020
     183225.000 ns	     18321	80003e0c	02930a33	mul	x20,x6,x9	  x6:0x00000000  x9:0x00000000 x20=0x00000000
     183255.000 ns	     18324	80003e10	03198c33	mul	x24,x19,x17	 x19:0x9546f89d x17:0x00000040 x24=0x51be2740
     183285.000 ns	     18327	80003e14	286005d3	fmin.s	f11,f0,f6	  f0:0x00000000  f6:0x00000716 f11=0x00000000
     183305.000 ns	     18329	80003e18	01cae433	or	x8,x21,x28	 x21:0xfff9de01 x28:0x80041024  x8=0xfffdde25
     183325.000 ns	     18331	80003e1c	a1322453	feq.s	x8,f4,f19	  f4:0x80000000 f19:0x5e7fefc0  x8=0x00000000
     183365.000 ns	     18335	80003e20	18b4f053	fdiv.s	f0,f9,f11	  f9:0xbefff7de f11:0x00000000  f0=0xff800000
     183385.000 ns	     18337	80003e24	40188ab3	sub	x21,x17,x1	 x17:0x00000040  x1:0xfe919dfc x21=0x016e6244
     183405.000 ns	     18339	80003e28	a1a21ad3	flt.s	x21,f4,f26	  f4:0x80000000 f26:0x4f1eb258 x21=0x00000001
     183445.000 ns	     18343	80003e2c	580a70d3	fsqrt.s	f1,f20	 f20:0xbf7ff7e0  f1=0x7fc00000
     183465.000 ns	     18345	80003e30	29d3cb93	xori	x23,x7,669	  x7:0xffd4f830 x23=0xffd4faad
     183795.000 ns	     18378	80003e34	1933abd3	fdiv.s	f23,f7,f19	  f7:0xcec29b50 f19:0x5e7fefc0 f23=0xafc29b50
     183815.000 ns	     18380	80003e38	00d4d6b3	srl	x13,x9,x13	  x9:0x00000000 x13:0x00000000 x13=0x00000000
     183835.000 ns	     18382	80003e3c	29010cd3	fmin.s	f25,f2,f16	  f2:0x4ea40400 f16:0x00000000 f25=0x00000000
     183865.000 ns	     18385	80003e40	a1749553	flt.s	x10,f9,f23	  f9:0xbefff7de f23:0xafc29b50 x10=0x00000001
     183885.000 ns	     18387	80003e44	0025f7b3	and	x15,x11,x2	 x11:0xf24b5688  x2:0x80040fe4 x15=0x80000680
     183905.000 ns	     18389	80003e48	0212aab3	mulhsu	x21,x5,x1	  x5:0x00000010  x1:0xfe919dfc x21=0x0000000f
     183925.000 ns	     18391	80003e4c	012f72b3	and	x5,x30,x18	 x30:0x00000000 x18:0x00000001  x5=0x00000000
     183935.000 ns	     18392	80003e50	014d1b13	slli	x22,x26,0x14	 x26:0x00000003 x22=0x00300000
     183945.000 ns	     18393	80003e54	c7c2a193	slti	x3,x5,-900	  x5:0x00000010  x3=0x00000000
     183955.000 ns	     18394	80003e58	410fd793	srai	x15,x31,0x10	 x31:0x80409000 x15=0xffff8040
     183965.000 ns	     18395	80003e5c	41b80233	sub	x4,x16,x27	 x16:0x00000001 x27:0x00000200  x4=0xfffffe01
     183985.000 ns	     18397	80003e60	02523bb3	mulhu	x23,x4,x5	  x4:0x52020000  x5:0x00000000 x23=0x00000000
     184005.000 ns	     18399	80003e64	00c99713	slli	x14,x19,0xc	 x19:0x9546f89d x14=0x6f89d000
     184025.000 ns	     18401	80003e68	21669ad3	fsgnjn.s	f21,f13,f22	 f13:0xcec29b50 f22:0xcea40400 f21=0x4ec29b50
     184055.000 ns	     18404	80003e6c	03212433	mulhsu	x8,x2,x18	  x2:0x80040fe4 x18:0x00000001  x8=0xffffffff
     184075.000 ns	     18406	80003e70	00815093	srli	x1,x2,0x8	  x2:0x80040fe4  x1=0x0080040f
     184085.000 ns	     18407	80003e74	2ae12e93	slti	x29,x2,686	  x2:0x80040fe4 x29=0x00000001
     184105.000 ns	     18409	80003e78	0327beb3	mulhu	x29,x15,x18	 x15:0xffff8040 x18:0x00000001 x29=0x00000000
     184125.000 ns	     18411	80003e7c	00b75093	srli	x1,x14,0xb	 x14:0x6f89d000  x1=0x000df13a
     184135.000 ns	     18412	80003e80	41b74a13	xori	x20,x14,1051	 x14:0x6f89d000 x20=0x6f89d41b
     184145.000 ns	     18413	80003e84	87c76813	ori	x16,x14,-1924	 x14:0x6f89d000 x16=0xfffff87c
     184175.000 ns	     18416	80003e88	580bfed3	fsqrt.s	f29,f23	 f23:0xafc29b50 f29=0x7fc00000
     184195.000 ns	     18418	80003e8c	000c8a33	add	x20,x25,x0	 x25:0x000002c0  x0:0x00000000 x20=0x000002c0
     184235.000 ns	     18422	80003e90	085cf553	fsub.s	f10,f25,f5	 f25:0x00000000  f5:0x00000000 f10=0x80000000
     184265.000 ns	     18425	80003e94	214886d3	fsgnj.s	f13,f17,f20	 f17:0xcefff7de f20:0xbf7ff7e0 f13=0xcefff7de
     184295.000 ns	     18428	80003e98	e00991d3	fclass.s	x3,f19	 f19:0x5e7fefc0  x3=0x00000040
     184345.000 ns	     18433	80003e9c	09db27d3	fsub.s	f15,f22,f29	 f22:0xcea40400 f29:0x7fc00000 f15=0x7fc00000
     184375.000 ns	     18436	80003ea0	a1479ed3	flt.s	x29,f15,f20	 f15:0x41800000 f20:0xbf7ff7e0 x29=0x00000000
     184405.000 ns	     18439	80003ea4	2027a6d3	fsgnjx.s	f13,f15,f2	 f15:0x7fc00000  f2:0x4ea40400 f13=0x7fc00000
     184435.000 ns	     18442	80003ea8	29649ed3	fmax.s	f29,f9,f22	  f9:0xbefff7de f22:0xcea40400 f29=0xbefff7de
     184455.000 ns	     18444	80003eac	00fb5713	srli	x14,x22,0xf	 x22:0x00300000 x14=0x00000060
     184475.000 ns	     18446	80003eb0	0267f633	remu	x12,x15,x6	 x15:0xffff8040  x6:0x00000000 x12=0xffff8040
     184495.000 ns	     18448	80003eb4	8cabe213	ori	x4,x23,-1846	 x23:0x00000000  x4=0xfffff8ca
     184515.000 ns	     18450	80003eb8	039c9333	mulh	x6,x25,x25	 x25:0x000002c0 x25:0x000002c0  x6=0x00000000
     184545.000 ns	     18453	80003ebc	20932853	fsgnjx.s	f16,f6,f9	  f6:0x00000716  f9:0xbefff7de f16=0x80000716
     184565.000 ns	     18455	80003ec0	7546a893	slti	x17,x13,1876	 x13:0x00000000 x17=0x00000001
     184585.000 ns	     18457	80003ec4	a1988f53	fle.s	x30,f17,f25	 f17:0xcefff7de f25:0x00000000 x30=0x00000001
     184605.000 ns	     18459	80003ec8	69062d93	slti	x27,x12,1680	 x12:0xffff8040 x27=0x00000001
     184615.000 ns	     18460	80003ecc	24f80d93	addi	x27,x16,591	 x16:0xfffff87c x27=0xfffffacb
     184625.000 ns	     18461	80003ed0	8e4c7213	andi	x4,x24,-1820	 x24:0x51be2740  x4=0x51be2040
     184985.000 ns	     18497	80003ed4	02b45333	divu	x6,x8,x11	  x8:0xffffffff x11:0xf24b5688  x6=0x00000001
     185035.000 ns	     18502	80003ed8	0139a553	fadd.s	f10,f19,f19	 f19:0x5e7fefc0 f19:0x5e7fefc0 f10=0x5effefc0
     185065.000 ns	     18505	80003edc	03cd8833	mul	x16,x27,x28	 x27:0xfffffacb x28:0x80041024 x16=0x6ad7f48c
     185115.000 ns	     18510	80003ee0	0890fa53	fsub.s	f20,f1,f9	  f1:0x7fc00000  f9:0xbefff7de f20=0x7fc00000
     185145.000 ns	     18513	80003ee4	02609733	mulh	x14,x1,x6	  x1:0x000df13a  x6:0x00000001 x14=0x00000000
     185175.000 ns	     18516	80003ee8	e0030253	fmv.x.w	x4,f6	  f6:0x00000716  x4=0x00000716
     185515.000 ns	     18550	80003eec	186545d3	fdiv.s	f11,f10,f6	 f10:0x5effefc0  f6:0x00000716 f11=0x7f800000
     185535.000 ns	     18552	80003ef0	00fc4ab3	xor	x21,x24,x15	 x24:0x51be2740 x15:0xffff8040 x21=0xae41a700
     185555.000 ns	     18554	80003ef4	a0010553	fle.s	x10,f2,f0	  f2:0x4ea40400  f0:0xff800000 x10=0x00000000
     185575.000 ns	     18556	80003ef8	006d6eb3	or	x29,x26,x6	 x26:0x00000003  x6:0x00000001 x29=0x00000003
     185595.000 ns	     18558	80003efc	21fe2853	fsgnjx.s	f16,f28,f31	 f28:0x00000000 f31:0x4efff7e0 f16=0x00000000
     185615.000 ns	     18560	80003f00	4072d1b3	sra	x3,x5,x7	  x5:0x00000000  x7:0xffd4f830  x3=0x00000000
     185635.000 ns	     18562	80003f04	f00800d3	fmv.w.x	f1,x16	 x16:0x6ad7f48c  f1=0x6ad7f48c
     185655.000 ns	     18564	80003f08	c2de4a37	lui	x20,0xc2de4	 x20=0xc2de4000
     185665.000 ns	     18565	80003f0c	005c5913	srli	x18,x24,0x5	 x24:0x51be2740 x18=0x028df13a
     185685.000 ns	     18567	80003f10	a1708753	fle.s	x14,f1,f23	  f1:0x6ad7f48c f23:0xafc29b50 x14=0x00000000
     185715.000 ns	     18570	80003f14	02580db3	mul	x27,x16,x5	 x16:0x6ad7f48c  x5:0x00000000 x27=0x00000000
     185745.000 ns	     18573	80003f18	031329b3	mulhsu	x19,x6,x17	  x6:0x00000001 x17:0x00000001 x19=0x00000000
     185775.000 ns	     18576	80003f1c	29280253	fmin.s	f4,f16,f18	 f16:0x00000000 f18:0x4efff7e0  f4=0x00000000
     185805.000 ns	     18579	80003f20	20b22c53	fsgnjx.s	f24,f4,f11	  f4:0x80000000 f11:0x7f800000 f24=0x00000000
     185825.000 ns	     18581	80003f24	4001d9b3	sra	x19,x3,x0	  x3:0x00000000  x0:0x00000000 x19=0x00000000
     186995.000 ns	     18698	80003f28	580a9753	fsqrt.s	f14,f21	 f21:0x4ec29b50 f14=0x471dd3ee
     187025.000 ns	     18701	80003f2c	a0e680d3	fle.s	x1,f13,f14	 f13:0x7fc00000 f14:0x00000000  x1=0x00000000
     187045.000 ns	     18703	80003f30	ceea8437	lui	x8,0xceea8	  x8=0xceea8000
     187055.000 ns	     18704	80003f34	00000013	addi	x0,x0,0	  x0:0x00000000
     187065.000 ns	     18705	80003f38	01ab4b33	xor	x22,x22,x26	 x22:0x00300000 x26:0x00000003 x22=0x00300003
     187075.000 ns	     18706	80003f3c	0a2ea413	slti	x8,x29,162	 x29:0x00000003  x8=0x00000001
     187115.000 ns	     18710	80003f40	080a76d3	fsub.s	f13,f20,f0	 f20:0x7fc00000  f0:0xff800000 f13=0x7fc00000
     187145.000 ns	     18713	80003f44	a0de14d3	flt.s	x9,f28,f13	 f28:0x00000000 f13:0x7fc00000  x9=0x00000000
     187165.000 ns	     18715	80003f48	3fdd7513	andi	x10,x26,1021	 x26:0x00000003 x10=0x00000001
     187185.000 ns	     18717	80003f4c	0397b1b3	mulhu	x3,x15,x25	 x15:0xffff8040 x25:0x000002c0  x3=0x000002bf
     187215.000 ns	     18720	80003f50	d01d0ed3	fcvt.s.wu	f29,x26	 x26:0x00000003 f29=0x40400000
     187245.000 ns	     18723	80003f54	d0127a53	fcvt.s.wu	f20,x4	  x4:0x00000716 f20=0x44e2c000
     187285.000 ns	     18727	80003f58	108c72d3	fmul.s	f5,f24,f8	 f24:0x00000000  f8:0xcec29b50  f5=0x80000000
     187305.000 ns	     18729	80003f5c	00e4f6b3	and	x13,x9,x14	  x9:0x00000000 x14:0x00000000 x13=0x00000000
     187315.000 ns	     18730	80003f60	0167d2b3	srl	x5,x15,x22	 x15:0xffff8040 x22:0x00300003  x5=0x1ffff008
     187325.000 ns	     18731	80003f64	0153fd33	and	x26,x7,x21	  x7:0xffd4f830 x21:0xae41a700 x26=0xae40a000
     187335.000 ns	     18732	80003f68	df6eeb13	ori	x22,x29,-522	 x29:0x00000003 x22=0xfffffdf7
     187355.000 ns	     18734	80003f6c	f0010e53	fmv.w.x	f28,x2	  x2:0x80040fe4 f28=0x80040fe4
     187375.000 ns	     18736	80003f70	4586cf93	xori	x31,x13,1112	 x13:0x00000000 x31=0x00000458
     187395.000 ns	     18738	80003f74	e00d86d3	fmv.x.w	x13,f27	 f27:0x4efff7e0 x13=0x4efff7e0
     187425.000 ns	     18741	80003f78	e0091853	fclass.s	x16,f18	 f18:0x4efff7e0 x16=0x00000040
     187455.000 ns	     18744	80003f7c	c00e8253	fcvt.w.s	x4,f29	 f29:0x40400000  x4=0x00000003
     187485.000 ns	     18747	80003f80	e00502d3	fmv.x.w	x5,f10	 f10:0x5effefc0  x5=0x5effefc0
     187505.000 ns	     18749	80003f84	c6ea7913	andi	x18,x20,-914	 x20:0xc2de4000 x18=0xc2de4000
     187515.000 ns	     18750	80003f88	73550413	addi	x8,x10,1845	 x10:0x00000001  x8=0x00000736
     187525.000 ns	     18751	80003f8c	0137d993	srli	x19,x15,0x13	 x15:0xffff8040 x19=0x00001fff
     187535.000 ns	     18752	80003f90	0011fcb3	and	x25,x3,x1	  x3:0x000002bf  x1:0x00000000 x25=0x00000000
     187545.000 ns	     18753	80003f94	2147b997	auipc	x19,0x2147b	 x19=0xa147ef94
     187555.000 ns	     18754	80003f98	01aa2eb3	slt	x29,x20,x26	 x20:0xc2de4000 x26:0xae40a000 x29=0x00000000
     187575.000 ns	     18756	80003f9c	e0058ad3	fmv.x.w	x21,f11	 f11:0x7f800000 x21=0x7f800000
     187595.000 ns	     18758	80003fa0	00e77933	and	x18,x14,x14	 x14:0x00000000 x14:0x00000000 x18=0x00000000
     187605.000 ns	     18759	80003fa4	c7bff213	andi	x4,x31,-901	 x31:0x00000458  x4=0x00000458
     187615.000 ns	     18760	80003fa8	ffce7813	andi	x16,x28,-4	 x28:0x80041024 x16=0x80041024
     187625.000 ns	     18761	80003fac	4022ddb3	sra	x27,x5,x2	  x5:0x5effefc0  x2:0x80040fe4 x27=0x05effefc
     187635.000 ns	     18762	80003fb0	c60ac213	xori	x4,x21,-928	 x21:0x7f800000  x4=0x807ffc60
     187655.000 ns	     18764	80003fb4	d00c2753	fcvt.s.w	f14,x24	 x24:0x51be2740 f14=0x4ea37c4f
     187675.000 ns	     18766	80003fb8	00663433	sltu	x8,x12,x6	 x12:0xffff8040  x6:0x00000001  x8=0x00000000
     187695.000 ns	     18768	80003fbc	e0069353	fclass.s	x6,f13	 f13:0x7fc00000  x6=0x00000200
     187715.000 ns	     18770	80003fc0	8bbac193	xori	x3,x21,-1861	 x21:0x7f800000  x3=0x807ff8bb
     187725.000 ns	     18771	80003fc4	67974393	xori	x7,x14,1657	 x14:0x00000000  x7=0x00000679
     188085.000 ns	     18807	80003fc8	03b64f33	div	x30,x12,x27	 x12:0xffff8040 x27:0x05effefc x30=0x00000000
     188105.000 ns	     18809	80003fcc	2cfbd037	lui	x0,0x2cfbd	
     188115.000 ns	     18810	80003fd0	00fa4233	xor	x4,x20,x15	 x20:0xc2de4000 x15:0xffff8040  x4=0x3d21c040
     188135.000 ns	     18812	80003fd4	d01ea8d3	fcvt.s.wu	f17,x29	 x29:0x00000000 f17=0x00000000
     188155.000 ns	     18814	80003fd8	40ce5393	srai	x7,x28,0xc	 x28:0x80041024  x7=0xfff80041
     188175.000 ns	     18816	80003fdc	296b0b53	fmin.s	f22,f22,f22	 f22:0xcea40400 f22:0xcea40400 f22=0xcea40400
     188215.000 ns	     18820	80003fe0	1024cbd3	fmul.s	f23,f9,f2	  f9:0xbefff7de  f2:0x4ea40400 f23=0xce23feca
     188235.000 ns	     18822	80003fe4	4e0b8193	addi	x3,x23,1248	 x23:0x00000000  x3=0x000004e0
     188245.000 ns	     18823	80003fe8	00000013	addi	x0,x0,0	  x0:0x00000000
     188255.000 ns	     18824	80003fec	00000013	addi	x0,x0,0	  x0:0x00000000
     188275.000 ns	     18826	80003ff0	f00c0953	fmv.w.x	f18,x24	 x24:0x51be2740 f18=0x51be2740
     188295.000 ns	     18828	80003ff4	00709513	slli	x10,x1,0x7	  x1:0x00000000 x10=0x00000000
     188305.000 ns	     18829	80003ff8	009f23b3	slt	x7,x30,x9	 x30:0x00000000  x9:0x00000000  x7=0x00000000
     188325.000 ns	     18831	80003ffc	e00e1cd3	fclass.s	x25,f28	 f28:0x80040fe4 x25=0x00000004
     188365.000 ns	     18835	80004000	101d7f53	fmul.s	f30,f26,f1	 f26:0x4f1eb258  f1:0x6ad7f48c f30=0x7a85df61
     188735.000 ns	     18872	80004004	03cbe7b3	rem	x15,x23,x28	 x23:0x00000000 x28:0x80041024 x15=0x00000000
     188755.000 ns	     18874	80004008	d926e513	ori	x10,x13,-622	 x13:0x4efff7e0 x10=0xfffffff2
     188765.000 ns	     18875	8000400c	1f0c4e93	xori	x29,x24,496	 x24:0x51be2740 x29=0x51be26b0
     188775.000 ns	     18876	80004010	00b779b3	and	x19,x14,x11	 x14:0x00000000 x11:0xf24b5688 x19=0x00000000
     188795.000 ns	     18878	80004014	a1ef1753	flt.s	x14,f30,f30	 f30:0x7a85df61 f30:0x7a85df61 x14=0x00000000
     188825.000 ns	     18881	80004018	211e9dd3	fsgnjn.s	f27,f29,f17	 f29:0x40400000 f17:0x00000000 f27=0xc0400000
     190005.000 ns	     18999	8000401c	580d4353	fsqrt.s	f6,f26	 f26:0x4f1eb258  f6=0x46e06dbe
     190035.000 ns	     19002	80004020	e0031453	fclass.s	x8,f6	  f6:0x00000716  x8=0x00000040
     190055.000 ns	     19004	80004024	0156f333	and	x6,x13,x21	 x13:0x4efff7e0 x21:0x7f800000  x6=0x4e800000
     190065.000 ns	     19005	80004028	00000013	addi	x0,x0,0	  x0:0x00000000
     190075.000 ns	     19006	8000402c	01238b33	add	x22,x7,x18	  x7:0x00000000 x18:0x00000000 x22=0x00000000
     190085.000 ns	     19007	80004030	f6e5cf13	xori	x30,x11,-146	 x11:0xf24b5688 x30=0x0db4a9e6
     190105.000 ns	     19009	80004034	a11f2b53	feq.s	x22,f30,f17	 f30:0x7a85df61 f17:0x00000000 x22=0x00000000
     190135.000 ns	     19012	80004038	f00c0fd3	fmv.w.x	f31,x24	 x24:0x51be2740 f31=0x51be2740
     190165.000 ns	     19015	8000403c	200baf53	fsgnjx.s	f30,f23,f0	 f23:0xce23feca  f0:0xff800000 f30=0x4e23feca
     190195.000 ns	     19018	80004040	21ef1d53	fsgnjn.s	f26,f30,f30	 f30:0x7a85df61 f30:0x7a85df61 f26=0xce23feca
     190215.000 ns	     19020	80004044	e0a6ee93	ori	x29,x13,-502	 x13:0x4efff7e0 x29=0xffffffea
     190235.000 ns	     19022	80004048	28cc87d3	fmin.s	f15,f25,f12	 f25:0x00000000 f12:0xced5720e f15=0xced5720e
     190255.000 ns	     19024	8000404c	0004f733	and	x14,x9,x0	  x9:0x00000000  x0:0x00000000 x14=0x00000000
     190275.000 ns	     19026	80004050	e00b8bd3	fmv.x.w	x23,f23	 f23:0xce23feca x23=0xce23feca
     190295.000 ns	     19028	80004054	41acd613	srai	x12,x25,0x1a	 x25:0x00000004 x12=0x00000000
     190315.000 ns	     19030	80004058	02563b33	mulhu	x22,x12,x5	 x12:0xffff8040  x5:0x5effefc0 x22=0x00000000
     190345.000 ns	     19033	8000405c	a0752dd3	feq.s	x27,f10,f7	 f10:0x5effefc0  f7:0xcec29b50 x27=0x00000000
     190365.000 ns	     19035	80004060	05895317	auipc	x6,0x5895	  x6=0x85899060
     190375.000 ns	     19036	80004064	04b17093	andi	x1,x2,75	  x2:0x80040fe4  x1=0x00000040
     190735.000 ns	     19072	80004068	03aec633	div	x12,x29,x26	 x29:0xffffffea x26:0xae40a000 x12=0x00000000
     190765.000 ns	     19075	8000406c	c0033cd3	fcvt.w.s	x25,f6	  f6:0x46e06dbe x25=0x00007037
     190805.000 ns	     19079	80004070	180ffe53	fdiv.s	f28,f31,f0	 f31:0x51be2740  f0:0xff800000 f28=0x80000000
     190825.000 ns	     19081	80004074	6006aa93	slti	x21,x13,1536	 x13:0x4efff7e0 x21=0x00000000
     190845.000 ns	     19083	80004078	a17d2bd3	feq.s	x23,f26,f23	 f26:0xce23feca f23:0xce23feca x23=0x00000001
     190875.000 ns	     19086	8000407c	28439253	fmax.s	f4,f7,f4	  f7:0xcec29b50  f4:0x00000000  f4=0x00000000
     190905.000 ns	     19089	80004080	021d2b33	mulhsu	x22,x26,x1	 x26:0xae40a000  x1:0x00000040 x22=0xffffffeb
     190935.000 ns	     19092	80004084	d00b7253	fcvt.s.w	f4,x22	 x22:0x00000000  f4=0xc1a80000
     190965.000 ns	     19095	80004088	03190b33	mul	x22,x18,x17	 x18:0x00000000 x17:0x00000001 x22=0x00000000
     190985.000 ns	     19097	8000408c	95982a13	slti	x20,x16,-1703	 x16:0x80041024 x20=0x00000001
     190995.000 ns	     19098	80004090	011eacb3	slt	x25,x29,x17	 x29:0xffffffea x17:0x00000001 x25=0x00000001
     191015.000 ns	     19100	80004094	03423b33	mulhu	x22,x4,x20	  x4:0x3d21c040 x20:0xc2de4000 x22=0x00000000
     191035.000 ns	     19102	80004098	419f8333	sub	x6,x31,x25	 x31:0x00000458 x25:0x00007037  x6=0x00000457
     191075.000 ns	     19106	8000409c	089ecc53	fsub.s	f24,f29,f9	 f29:0x40400000  f9:0xbefff7de f24=0x405ffefc
     191115.000 ns	     19110	800040a0	580e7e53	fsqrt.s	f28,f28	 f28:0x80000000 f28=0x80000000
     191145.000 ns	     19113	800040a4	217224d3	fsgnjx.s	f9,f4,f23	  f4:0xc1a80000 f23:0xce23feca  f9=0x41a80000
     191165.000 ns	     19115	800040a8	00ca1093	slli	x1,x20,0xc	 x20:0x00000001  x1=0x00001000
     191195.000 ns	     19118	800040ac	5803f9d3	fsqrt.s	f19,f7	  f7:0xcec29b50 f19=0x7fc00000
     191565.000 ns	     19155	800040b0	0250c6b3	div	x13,x1,x5	  x1:0x00000040  x5:0x5effefc0 x13=0x00000000
     191935.000 ns	     19192	800040b4	02a3c033	div	x0,x7,x10	  x7:0x00000000 x10:0xfffffff2
     191965.000 ns	     19195	800040b8	21949753	fsgnjn.s	f14,f9,f25	  f9:0x41a80000 f25:0x00000000 f14=0xc1a80000
     191995.000 ns	     19198	800040bc	28f19c53	fmax.s	f24,f3,f15	  f3:0x80000000 f15:0xced5720e f24=0x80000000
     192025.000 ns	     19201	800040c0	c01cc2d3	fcvt.wu.s	x5,f25	 f25:0x00000000  x5=0x00000000
     192045.000 ns	     19203	800040c4	41b95b33	sra	x22,x18,x27	 x18:0x00000000 x27:0x00000000 x22=0x00000000
     192075.000 ns	     19206	800040c8	107df6d3	fmul.s	f13,f27,f7	 f27:0xc0400000  f7:0xcec29b50 f13=0x4f91f47c
     192105.000 ns	     19209	800040cc	290507d3	fmin.s	f15,f10,f16	 f10:0x5effefc0 f16:0x00000000 f15=0x00000000
     192145.000 ns	     19213	800040d0	19cf34d3	fdiv.s	f9,f30,f28	 f30:0x4e23feca f28:0x80000000  f9=0xff800000
     192165.000 ns	     19215	800040d4	00c57d33	and	x26,x10,x12	 x10:0xfffffff2 x12:0x00000000 x26=0x00000000
     192185.000 ns	     19217	800040d8	a0d61453	flt.s	x8,f12,f13	 f12:0xced5720e f13:0x4f91f47c  x8=0x00000001
     192555.000 ns	     19254	800040dc	0211fc33	remu	x24,x3,x1	  x3:0x000004e0  x1:0x00001000 x24=0x000004e0
     192585.000 ns	     19257	800040e0	20b58b53	fsgnj.s	f22,f11,f11	 f11:0x7f800000 f11:0x7f800000 f22=0x7f800000
     192605.000 ns	     19259	800040e4	008e20b3	slt	x1,x28,x8	 x28:0x80041024  x8:0x00000001  x1=0x00000001
     192645.000 ns	     19263	800040e8	083398d3	fsub.s	f17,f7,f3	  f7:0xcec29b50  f3:0x80000000 f17=0xcec29b50
     192675.000 ns	     19266	800040ec	299089d3	fmin.s	f19,f1,f25	  f1:0x6ad7f48c f25:0x00000000 f19=0x00000000
     192695.000 ns	     19268	800040f0	78ff12b7	lui	x5,0x78ff1	  x5=0x78ff1000
     192715.000 ns	     19270	800040f4	e00490d3	fclass.s	x1,f9	  f9:0xff800000  x1=0x00000001
     192735.000 ns	     19272	800040f8	fb480f13	addi	x30,x16,-76	 x16:0x80041024 x30=0x80040fd8
     192755.000 ns	     19274	800040fc	03abd333	divu	x6,x23,x26	 x23:0x00000001 x26:0x00000000  x6=0xffffffff
     192785.000 ns	     19277	80004100	c0168cd3	fcvt.wu.s	x25,f13	 f13:0x4f91f47c x25=0xffffffff
     192815.000 ns	     19280	80004104	a0da1cd3	flt.s	x25,f20,f13	 f20:0x44e2c000 f13:0x4f91f47c x25=0x00000001
     192845.000 ns	     19283	80004108	a04b8653	fle.s	x12,f23,f4	 f23:0xce23feca  f4:0xc1a80000 x12=0x00000001
     192865.000 ns	     19285	8000410c	01ecdd93	srli	x27,x25,0x1e	 x25:0x00000001 x27=0x00000000
     192885.000 ns	     19287	80004110	0328c533	div	x10,x17,x18	 x17:0x00000001 x18:0x00000000 x10=0xffffffff
     193225.000 ns	     19321	80004114	19f47ed3	fdiv.s	f29,f8,f31	  f8:0xcec29b50 f31:0x51be2740 f29=0xbc429b50
     193265.000 ns	     19325	80004118	19870a53	fdiv.s	f20,f14,f24	 f14:0xc1a80000 f24:0x80000000 f20=0x7f800000
     193295.000 ns	     19328	8000411c	29aa0cd3	fmin.s	f25,f20,f26	 f20:0x44e2c000 f26:0xce23feca f25=0xce23feca
     193315.000 ns	     19330	80004120	79c7f393	andi	x7,x15,1948	 x15:0x00000000  x7=0x00000000
     193335.000 ns	     19332	80004124	d00d25d3	fcvt.s.w	f11,x26	 x26:0x00000000 f11=0x00000000
     193365.000 ns	     19335	80004128	e0078953	fmv.x.w	x18,f15	 f15:0x00000000 x18=0x00000000
     193405.000 ns	     19339	8000412c	1808a453	fdiv.s	f8,f17,f0	 f17:0xcec29b50  f0:0xff800000  f8=0x00000000
     193425.000 ns	     19341	80004130	90972c13	slti	x24,x14,-1783	 x14:0x00000000 x24=0x00000000
     193445.000 ns	     19343	80004134	a1dc9053	flt.s	x0,f25,f29	 f25:0xce23feca f29:0xbc429b50
     193475.000 ns	     19346	80004138	21959e53	fsgnjn.s	f28,f11,f25	 f11:0x00000000 f25:0xce23feca f28=0x00000000
     193495.000 ns	     19348	8000413c	6f3f2d13	slti	x26,x30,1779	 x30:0x80040fd8 x26=0x00000001
     193515.000 ns	     19350	80004140	03bbc2b3	div	x5,x23,x27	 x23:0x00000001 x27:0x00000000  x5=0xffffffff
     193555.000 ns	     19354	80004144	18ca40d3	fdiv.s	f1,f20,f12	 f20:0x7f800000 f12:0xced5720e  f1=0xff800000
     193925.000 ns	     19391	80004148	028b6bb3	rem	x23,x22,x8	 x22:0x00000000  x8:0x00000001 x23=0x00000000
     193955.000 ns	     19394	8000414c	211104d3	fsgnj.s	f9,f2,f17	  f2:0x4ea40400 f17:0xcec29b50  f9=0xcea40400
     193975.000 ns	     19396	80004150	51ac9637	lui	x12,0x51ac9	 x12=0x51ac9000
     193995.000 ns	     19398	80004154	a08fa653	feq.s	x12,f31,f8	 f31:0x51be2740  f8:0x00000000 x12=0x00000000
     194015.000 ns	     19400	80004158	f7e80c13	addi	x24,x16,-130	 x16:0x80041024 x24=0x80040fa2
     194035.000 ns	     19402	8000415c	28860cd3	fmin.s	f25,f12,f8	 f12:0xced5720e  f8:0x00000000 f25=0xced5720e
     194065.000 ns	     19405	80004160	a0348b53	fle.s	x22,f9,f3	  f9:0xcea40400  f3:0x80000000 x22=0x00000001
     194095.000 ns	     19408	80004164	205b1f53	fsgnjn.s	f30,f22,f5	 f22:0x7f800000  f5:0x80000000 f30=0x7f800000
     194125.000 ns	     19411	80004168	e00d0dd3	fmv.x.w	x27,f26	 f26:0xce23feca x27=0xce23feca
     194145.000 ns	     19413	8000416c	a8266513	ori	x10,x12,-1406	 x12:0x00000000 x10=0xfffffa82
     194165.000 ns	     19415	80004170	d012f5d3	fcvt.s.wu	f11,x5	  x5:0xffffffff f11=0x4f7fffff
     194195.000 ns	     19418	80004174	21420d53	fsgnj.s	f26,f4,f20	  f4:0xc1a80000 f20:0x7f800000 f26=0x41a80000
     194215.000 ns	     19420	80004178	e3883793	sltiu	x15,x16,-456	 x16:0x80041024 x15=0x00000001
     194225.000 ns	     19421	8000417c	01e25413	srli	x8,x4,0x1e	  x4:0x3d21c040  x8=0x00000000
     194235.000 ns	     19422	80004180	01db5fb3	srl	x31,x22,x29	 x22:0x00000001 x29:0xffffffea x31=0x00000000
     194275.000 ns	     19426	80004184	0875cfd3	fsub.s	f31,f11,f7	 f11:0x4f7fffff  f7:0xcec29b50 f31=0x4fb0a6d3
     194295.000 ns	     19428	80004188	0097d233	srl	x4,x15,x9	 x15:0x00000001  x9:0x00000000  x4=0x00000001
     194315.000 ns	     19430	8000418c	02757ab3	remu	x21,x10,x7	 x10:0xfffffa82  x7:0x00000000 x21=0xfffffa82
     194335.000 ns	     19432	80004190	40080933	sub	x18,x16,x0	 x16:0x80041024  x0:0x00000000 x18=0x80041024
     194345.000 ns	     19433	80004194	ac274d17	auipc	x26,0xac274	 x26=0x2c278194
     194355.000 ns	     19434	80004198	017c9db3	sll	x27,x25,x23	 x25:0x00000001 x23:0x00000000 x27=0x00000001
     194375.000 ns	     19436	8000419c	21d396d3	fsgnjn.s	f13,f7,f29	  f7:0xcec29b50 f29:0xbc429b50 f13=0x4ec29b50
     194395.000 ns	     19438	800041a0	a0886e97	auipc	x29,0xa0886	 x29=0x2088a1a0
     194405.000 ns	     19439	800041a4	010d1433	sll	x8,x26,x16	 x26:0x2c278194 x16:0x80041024  x8=0xc2781940
     194415.000 ns	     19440	800041a8	00871813	slli	x16,x14,0x8	 x14:0x00000000 x16=0x00000000
     194425.000 ns	     19441	800041ac	68aee093	ori	x1,x29,1674	 x29:0x2088a1a0  x1=0x2088a7aa
     194435.000 ns	     19442	800041b0	a4780b93	addi	x23,x16,-1465	 x16:0x80041024 x23=0xfffffa47
     194455.000 ns	     19444	800041b4	20c792d3	fsgnjn.s	f5,f15,f12	 f15:0x00000000 f12:0xced5720e  f5=0x00000000
     194485.000 ns	     19447	800041b8	023f1fb3	mulh	x31,x30,x3	 x30:0x80040fd8  x3:0x000004e0 x31=0xfffffd90
     194525.000 ns	     19451	800041bc	199f7053	fdiv.s	f0,f30,f25	 f30:0x7f800000 f25:0xced5720e  f0=0xff800000
     194555.000 ns	     19454	800041c0	02a0a833	mulhsu	x16,x1,x10	  x1:0x2088a7aa x10:0xfffffa82 x16=0x2088a6f7
     194575.000 ns	     19456	800041c4	00000013	addi	x0,x0,0	  x0:0x00000000
     194585.000 ns	     19457	800041c8	013cb533	sltu	x10,x25,x19	 x25:0x00000001 x19:0x00000000 x10=0x00000000
     195755.000 ns	     19574	800041cc	580d7e53	fsqrt.s	f28,f26	 f26:0x41a80000 f28=0x4092a453
     195785.000 ns	     19577	800041d0	a0d592d3	flt.s	x5,f11,f13	 f11:0x4f7fffff f13:0x4ec29b50  x5=0x00000000
     195815.000 ns	     19580	800041d4	21109153	fsgnjn.s	f2,f1,f17	  f1:0xff800000 f17:0xcec29b50  f2=0x7f800000
     195835.000 ns	     19582	800041d8	00000013	addi	x0,x0,0	  x0:0x00000000
     195855.000 ns	     19584	800041dc	d00b24d3	fcvt.s.w	f9,x22	 x22:0x00000001  f9=0x3f800000
     195875.000 ns	     19586	800041e0	76543b93	sltiu	x23,x8,1893	  x8:0xc2781940 x23=0x00000000
     195885.000 ns	     19587	800041e4	01ab6033	or	x0,x22,x26	 x22:0x00000001 x26:0x2c278194
     195905.000 ns	     19589	800041e8	032e0f33	mul	x30,x28,x18	 x28:0x80041024 x18:0x80041024 x30=0x82248510
     195925.000 ns	     19591	800041ec	ca48a237	lui	x4,0xca48a	  x4=0xca48a000
     195945.000 ns	     19593	800041f0	03f21033	mulh	x0,x4,x31	  x4:0x00000001 x31:0xfffffd90
     195975.000 ns	     19596	800041f4	a0162d53	feq.s	x26,f12,f1	 f12:0xced5720e  f1:0xff800000 x26=0x00000000
     196005.000 ns	     19599	800041f8	c00973d3	fcvt.w.s	x7,f18	 f18:0x51be2740  x7=0x7fffffff
     196035.000 ns	     19602	800041fc	c01ff953	fcvt.wu.s	x18,f31	 f31:0x4fb0a6d3 x18=0xffffffff
     196075.000 ns	     19606	80004200	5809c753	fsqrt.s	f14,f19	 f19:0x00000000 f14=0x00000000
     196095.000 ns	     19608	80004204	01889093	slli	x1,x17,0x18	 x17:0x00000001  x1=0x01000000
     196105.000 ns	     19609	80004208	00d09213	slli	x4,x1,0xd	  x1:0x2088a7aa  x4=0x00000000
     196115.000 ns	     19610	8000420c	b0f64393	xori	x7,x12,-1265	 x12:0x00000000  x7=0xfffffb0f
     196135.000 ns	     19612	80004210	d00e9653	fcvt.s.w	f12,x29	 x29:0x2088a1a0 f12=0x4e022286
     196165.000 ns	     19615	80004214	03492533	mulhsu	x10,x18,x20	 x18:0xffffffff x20:0x00000001 x10=0xffffffff
     196185.000 ns	     19617	80004218	0123d833	srl	x16,x7,x18	  x7:0xfffffb0f x18:0xffffffff x16=0x00000001
     197215.000 ns	     19720	8000421c	58037cd3	fsqrt.s	f25,f6	  f6:0x46e06dbe f25=0x43297d72
     197235.000 ns	     19722	80004220	01f5afb3	slt	x31,x11,x31	 x11:0xf24b5688 x31:0xfffffd90 x31=0x00000001
     197255.000 ns	     19724	80004224	a18d0dd3	fle.s	x27,f26,f24	 f26:0x41a80000 f24:0x80000000 x27=0x00000000
     197295.000 ns	     19728	80004228	580775d3	fsqrt.s	f11,f14	 f14:0x00000000 f11=0x00000000
     197325.000 ns	     19731	8000422c	03aa3533	mulhu	x10,x20,x26	 x20:0x00000001 x26:0x00000000 x10=0x00000000
     197355.000 ns	     19734	80004230	02d47cb3	remu	x25,x8,x13	  x8:0xc2781940 x13:0x00000000 x25=0xc2781940
     197385.000 ns	     19737	80004234	f0078153	fmv.w.x	f2,x15	 x15:0x00000001  f2=0x00000001
     197415.000 ns	     19740	80004238	2180a4d3	fsgnjx.s	f9,f1,f24	  f1:0xff800000 f24:0x80000000  f9=0x7f800000
     197445.000 ns	     19743	8000423c	024ecab3	div	x21,x29,x4	 x29:0x2088a1a0  x4:0x00000000 x21=0xffffffff
     197465.000 ns	     19745	80004240	01b72d33	slt	x26,x14,x27	 x14:0x00000000 x27:0x00000000 x26=0x00000000
     197475.000 ns	     19746	80004244	0193b533	sltu	x10,x7,x25	  x7:0xfffffb0f x25:0xc2781940 x10=0x00000000
     197485.000 ns	     19747	80004248	00427833	and	x16,x4,x4	  x4:0x00000000  x4:0x00000000 x16=0x00000000
     197495.000 ns	     19748	8000424c	41915733	sra	x14,x2,x25	  x2:0x80040fe4 x25:0xc2781940 x14=0x80040fe4
     197535.000 ns	     19752	80004250	097cc653	fsub.s	f12,f25,f23	 f25:0x43297d72 f23:0xce23feca f12=0x4e23fecd
     197565.000 ns	     19755	80004254	02af0933	mul	x18,x30,x10	 x30:0x82248510 x10:0x00000000 x18=0x00000000
     197595.000 ns	     19758	80004258	e00c06d3	fmv.x.w	x13,f24	 f24:0x80000000 x13=0x80000000
     197615.000 ns	     19760	8000425c	01cef0b3	and	x1,x29,x28	 x29:0x2088a1a0 x28:0x80041024  x1=0x00000020
     197625.000 ns	     19761	80004260	0170d093	srli	x1,x1,0x17	  x1:0x01000000  x1=0x00000000
     197635.000 ns	     19762	80004264	d181aa13	slti	x20,x3,-744	  x3:0x000004e0 x20=0x00000000
     197645.000 ns	     19763	80004268	0998ad93	slti	x27,x17,153	 x17:0x00000001 x27=0x00000001
     197675.000 ns	     19766	8000426c	58038bd3	fsqrt.s	f23,f7	  f7:0xcec29b50 f23=0x7fc00000
     197695.000 ns	     19768	80004270	00000013	addi	x0,x0,0	  x0:0x00000000
     197705.000 ns	     19769	80004274	01b47833	and	x16,x8,x27	  x8:0xc2781940 x27:0x00000001 x16=0x00000000
     197725.000 ns	     19771	80004278	03cbaa33	mulhsu	x20,x23,x28	 x23:0x00000000 x28:0x80041024 x20=0x00000000
     197755.000 ns	     19774	8000427c	03a07433	remu	x8,x0,x26	  x0:0x00000000 x26:0x00000000  x8=0x00000000
     197775.000 ns	     19776	80004280	01d49333	sll	x6,x9,x29	  x9:0x00000000 x29:0x2088a1a0  x6=0x00000000
     197795.000 ns	     19778	80004284	02c0f633	remu	x12,x1,x12	  x1:0x00000000 x12:0x00000000 x12=0x00000000
     197815.000 ns	     19780	80004288	f20fb313	sltiu	x6,x31,-224	 x31:0x00000001  x6=0x00000001
     197835.000 ns	     19782	8000428c	03fb8fb3	mul	x31,x23,x31	 x23:0x00000000 x31:0x00000001 x31=0x00000000
     197855.000 ns	     19784	80004290	00180db3	add	x27,x16,x1	 x16:0x00000000  x1:0x00000000 x27=0x00000000
     197875.000 ns	     19786	80004294	28849253	fmax.s	f4,f9,f8	  f9:0x7f800000  f8:0x00000000  f4=0x7f800000
     197905.000 ns	     19789	80004298	20cb8853	fsgnj.s	f16,f23,f12	 f23:0x7fc00000 f12:0x4e23fecd f16=0x7fc00000
     197955.000 ns	     19794	8000429c	08a5fb53	fsub.s	f22,f11,f10	 f11:0x00000000 f10:0x5effefc0 f22=0xdeffefc0
     197975.000 ns	     19796	800042a0	00e1c333	xor	x6,x3,x14	  x3:0x000004e0 x14:0x80040fe4  x6=0x80040b04
     197995.000 ns	     19798	800042a4	e0040fd3	fmv.x.w	x31,f8	  f8:0x00000000 x31=0x00000000
     198035.000 ns	     19802	800042a8	18f0f453	fdiv.s	f8,f1,f15	  f1:0xff800000 f15:0x00000000  f8=0xff800000
     198065.000 ns	     19805	800042ac	03a6d3b3	divu	x7,x13,x26	 x13:0x80000000 x26:0x00000000  x7=0xffffffff
     198095.000 ns	     19808	800042b0	d01349d3	fcvt.s.wu	f19,x6	  x6:0x80040b04 f19=0x4f00040b
     198125.000 ns	     19811	800042b4	021699b3	mulh	x19,x13,x1	 x13:0x80000000  x1:0x00000000 x19=0x00000000
     198155.000 ns	     19814	800042b8	03f722b3	mulhsu	x5,x14,x31	 x14:0x80040fe4 x31:0x00000000  x5=0x00000000
     198205.000 ns	     19819	800042bc	0175c853	fadd.s	f16,f11,f23	 f11:0x00000000 f23:0x7fc00000 f16=0x7fc00000
     198575.000 ns	     19856	800042c0	026def33	rem	x30,x27,x6	 x27:0x00000000  x6:0x80040b04 x30=0x00000000
     198605.000 ns	     19859	800042c4	28fa0cd3	fmin.s	f25,f20,f15	 f20:0x7f800000 f15:0x00000000 f25=0x00000000
     198625.000 ns	     19861	800042c8	2c66fb97	auipc	x23,0x2c66f	 x23=0xac6732c8
     198645.000 ns	     19863	800042cc	a0b513d3	flt.s	x7,f10,f11	 f10:0x5effefc0 f11:0x00000000  x7=0x00000000
     198665.000 ns	     19865	800042d0	d256e993	ori	x19,x13,-731	 x13:0x80000000 x19=0xfffffd25
     198675.000 ns	     19866	800042d4	00011f93	slli	x31,x2,0x0	  x2:0x80040fe4 x31=0x80040fe4
     198685.000 ns	     19867	800042d8	14834293	xori	x5,x6,328	  x6:0x80040b04  x5=0x80040a4c
     198695.000 ns	     19868	800042dc	0128dc33	srl	x24,x17,x18	 x17:0x00000001 x18:0x00000000 x24=0x00000001
     198715.000 ns	     19870	800042e0	21240453	fsgnj.s	f8,f8,f18	  f8:0xff800000 f18:0x51be2740  f8=0x7f800000
     198735.000 ns	     19872	800042e4	10b80837	lui	x16,0x10b80	 x16=0x10b80000
     198745.000 ns	     19873	800042e8	9d638c93	addi	x25,x7,-1578	  x7:0x00000000 x25=0xfffff9d6
     198755.000 ns	     19874	800042ec	01bcfab3	and	x21,x25,x27	 x25:0xc2781940 x27:0x00000000 x21=0x00000000
     198775.000 ns	     19876	800042f0	a1842cd3	feq.s	x25,f8,f24	  f8:0x7f800000 f24:0x80000000 x25=0x00000000
     198805.000 ns	     19879	800042f4	03f33c33	mulhu	x24,x6,x31	  x6:0x80040b04 x31:0x80040fe4 x24=0x40040d84
     198825.000 ns	     19881	800042f8	36043513	sltiu	x10,x8,864	  x8:0x00000000 x10=0x00000001
     198845.000 ns	     19883	800042fc	028b4833	div	x16,x22,x8	 x22:0x00000001  x8:0x00000000 x16=0xffffffff
     198865.000 ns	     19885	80004300	410f0d33	sub	x26,x30,x16	 x30:0x00000000 x16:0x10b80000 x26=0x00000001
     198875.000 ns	     19886	80004304	00739433	sll	x8,x7,x7	  x7:0x00000000  x7:0x00000000  x8=0x00000000
     198885.000 ns	     19887	80004308	512fa213	slti	x4,x31,1298	 x31:0x80040fe4  x4=0x00000001
     198895.000 ns	     19888	8000430c	214bf093	andi	x1,x23,532	 x23:0xac6732c8  x1=0x00000200
     198905.000 ns	     19889	80004310	00641013	slli	x0,x8,0x6	  x8:0x00000000
     198915.000 ns	     19890	80004314	5ba23817	auipc	x16,0x5ba23	 x16=0xdba27314
     199275.000 ns	     19926	80004318	02fd6f33	rem	x30,x26,x15	 x26:0x00000001 x15:0x00000001 x30=0x00000000
     199645.000 ns	     19963	8000431c	03c053b3	divu	x7,x0,x28	  x0:0x00000000 x28:0x80041024  x7=0x00000000
     200015.000 ns	     20000	80004320	0313c2b3	div	x5,x7,x17	  x7:0x00000000 x17:0x00000001  x5=0x00000000
     200055.000 ns	     20004	80004324	181e79d3	fdiv.s	f19,f28,f1	 f28:0x4092a453  f1:0xff800000 f19=0x80000000
     200085.000 ns	     20007	80004328	d0067353	fcvt.s.w	f6,x12	 x12:0x00000000  f6=0x00000000
     200105.000 ns	     20009	8000432c	00cfdb93	srli	x23,x31,0xc	 x31:0x80040fe4 x23=0x00080040
     200125.000 ns	     20011	80004330	e0031553	fclass.s	x10,f6	  f6:0x00000000 x10=0x00000010
     200155.000 ns	     20014	80004334	2067a653	fsgnjx.s	f12,f15,f6	 f15:0x00000000  f6:0x00000000 f12=0x00000000
     200185.000 ns	     20017	80004338	02ce5db3	divu	x27,x28,x12	 x28:0x80041024 x12:0x00000000 x27=0xffffffff
     200215.000 ns	     20020	8000433c	e00a0453	fmv.x.w	x8,f20	 f20:0x7f800000  x8=0x7f800000
     200235.000 ns	     20022	80004340	cbdd6d93	ori	x27,x26,-835	 x26:0x00000001 x27=0xfffffcbd
     200245.000 ns	     20023	80004344	989088b7	lui	x17,0x98908	 x17=0x98908000
     200255.000 ns	     20024	80004348	0171f2b3	and	x5,x3,x23	  x3:0x000004e0 x23:0x00080040  x5=0x00000040
     200295.000 ns	     20028	8000434c	0134b553	fadd.s	f10,f9,f19	  f9:0x7f800000 f19:0x80000000 f10=0x7f800000
     200315.000 ns	     20030	80004350	0083d693	srli	x13,x7,0x8	  x7:0x00000000 x13=0x00000000
     200325.000 ns	     20031	80004354	00000013	addi	x0,x0,0	  x0:0x00000000
     200345.000 ns	     20033	80004358	e00e0753	fmv.x.w	x14,f28	 f28:0x4092a453 x14=0x4092a453
     200365.000 ns	     20035	8000435c	3c0b99b7	lui	x19,0x3c0b9	 x19=0x3c0b9000
     200385.000 ns	     20037	80004360	a1481653	flt.s	x12,f16,f20	 f16:0x7fc00000 f20:0x7f800000 x12=0x00000000
     200405.000 ns	     20039	80004364	007f3733	sltu	x14,x30,x7	 x30:0x00000000  x7:0x00000000 x14=0x00000000
     200415.000 ns	     20040	80004368	3bd51e97	auipc	x29,0x3bd51	 x29=0xbbd55368
     200425.000 ns	     20041	8000436c	00074233	xor	x4,x14,x0	 x14:0x4092a453  x0:0x00000000  x4=0x00000000
     200435.000 ns	     20042	80004370	00e3b4b3	sltu	x9,x7,x14	  x7:0x00000000 x14:0x00000000  x9=0x00000000
     200455.000 ns	     20044	80004374	299c1c53	fmax.s	f24,f24,f25	 f24:0x80000000 f25:0x00000000 f24=0x00000000
     200475.000 ns	     20046	80004378	5f86e213	ori	x4,x13,1528	 x13:0x00000000  x4=0x000005f8
     200485.000 ns	     20047	8000437c	c8b60013	addi	x0,x12,-885	 x12:0x00000000
     200505.000 ns	     20049	80004380	292f8853	fmin.s	f16,f31,f18	 f31:0x4fb0a6d3 f18:0x51be2740 f16=0x4fb0a6d3
     200525.000 ns	     20051	80004384	f1bdba97	auipc	x21,0xf1bdb	 x21=0x71bdf384
     200535.000 ns	     20052	80004388	00000013	addi	x0,x0,0	  x0:0x00000000
     200575.000 ns	     20056	8000438c	00ad73d3	fadd.s	f7,f26,f10	 f26:0x41a80000 f10:0x7f800000  f7=0x7f800000
     200625.000 ns	     20061	80004390	01e34753	fadd.s	f14,f6,f30	  f6:0x00000000 f30:0x7f800000 f14=0x7f800000
     200675.000 ns	     20066	80004394	00e27453	fadd.s	f8,f4,f14	  f4:0x7f800000 f14:0x00000000  f8=0x00000000
     200705.000 ns	     20069	80004398	d00624d3	fcvt.s.w	f9,x12	 x12:0x00000000  f9=0x00000000
     200755.000 ns	     20074	8000439c	081ef9d3	fsub.s	f19,f29,f1	 f29:0xbc429b50  f1:0xff800000 f19=0x7f800000
     200785.000 ns	     20077	800043a0	a1fa8553	fle.s	x10,f21,f31	 f21:0x4ec29b50 f31:0x4fb0a6d3 x10=0x00000001
     200805.000 ns	     20079	800043a4	901d8337	lui	x6,0x901d8	  x6=0x901d8000
     200825.000 ns	     20081	800043a8	209699d3	fsgnjn.s	f19,f13,f9	 f13:0x4ec29b50  f9:0x00000000 f19=0xcec29b50
     200845.000 ns	     20083	800043ac	400386b3	sub	x13,x7,x0	  x7:0x00000000  x0:0x00000000 x13=0x00000000
     200865.000 ns	     20085	800043b0	e0091c53	fclass.s	x24,f18	 f18:0x51be2740 x24=0x00000040
     200895.000 ns	     20088	800043b4	29a19353	fmax.s	f6,f3,f26	  f3:0x80000000 f26:0x41a80000  f6=0x41a80000
     202075.000 ns	     20206	800043b8	580876d3	fsqrt.s	f13,f16	 f16:0x4fb0a6d3 f13=0x47965edc
     202105.000 ns	     20209	800043bc	d000f553	fcvt.s.w	f10,x1	  x1:0x00000200 f10=0x44000000
     202125.000 ns	     20211	800043c0	00000013	addi	x0,x0,0	  x0:0x00000000
     202145.000 ns	     20213	800043c4	d00d47d3	fcvt.s.w	f15,x26	 x26:0x00000001 f15=0x3f800000
     202175.000 ns	     20216	800043c8	a01c9fd3	flt.s	x31,f25,f1	 f25:0x00000000  f1:0xff800000 x31=0x00000000
     202205.000 ns	     20219	800043cc	2135ae53	fsgnjx.s	f28,f11,f19	 f11:0x00000000 f19:0xcec29b50 f28=0x80000000
     202225.000 ns	     20221	800043d0	00fd62b3	or	x5,x26,x15	 x26:0x00000001 x15:0x00000001  x5=0x00000001
     202245.000 ns	     20223	800043d4	c00b13d3	fcvt.w.s	x7,f22	 f22:0xdeffefc0  x7=0x80000000
     202295.000 ns	     20228	800043d8	08ccb853	fsub.s	f16,f25,f12	 f25:0x00000000 f12:0x00000000 f16=0x80000000
     202325.000 ns	     20231	800043dc	a1280553	fle.s	x10,f16,f18	 f16:0x4fb0a6d3 f18:0x51be2740 x10=0x00000001
     202345.000 ns	     20233	800043e0	01009e93	slli	x29,x1,0x10	  x1:0x00000200 x29=0x02000000
     202365.000 ns	     20235	800043e4	d0027dd3	fcvt.s.w	f27,x4	  x4:0x000005f8 f27=0x44bf0000
     202385.000 ns	     20237	800043e8	01a1b033	sltu	x0,x3,x26	  x3:0x000004e0 x26:0x00000001
     202395.000 ns	     20238	800043ec	4054c713	xori	x14,x9,1029	  x9:0x00000000 x14=0x00000405
     202405.000 ns	     20239	800043f0	0018f4b3	and	x9,x17,x1	 x17:0x98908000  x1:0x00000200  x9=0x00000000
     202415.000 ns	     20240	800043f4	68cae817	auipc	x16,0x68cae	 x16=0xe8cb23f4
     202425.000 ns	     20241	800043f8	01625533	srl	x10,x4,x22	  x4:0x000005f8 x22:0x00000001 x10=0x000002fc
     202435.000 ns	     20242	800043fc	00000013	addi	x0,x0,0	  x0:0x00000000
     202455.000 ns	     20244	80004400	a0338fd3	fle.s	x31,f7,f3	  f7:0x7f800000  f3:0x80000000 x31=0x00000000
     202475.000 ns	     20246	80004404	dc085b97	auipc	x23,0xdc085	 x23=0x5c089404
     202485.000 ns	     20247	80004408	c8554a93	xori	x21,x10,-891	 x10:0x000002fc x21=0xfffffe79
     202495.000 ns	     20248	8000440c	1eb4eb93	ori	x23,x9,491	  x9:0x00000000 x23=0x000001eb
     202515.000 ns	     20250	80004410	201680d3	fsgnj.s	f1,f13,f1	 f13:0x47965edc  f1:0xff800000  f1=0xc7965edc
     202535.000 ns	     20252	80004414	414884b3	sub	x9,x17,x20	 x17:0x98908000 x20:0x00000000  x9=0x98908000
     202545.000 ns	     20253	80004418	40955313	srai	x6,x10,0x9	 x10:0x000002fc  x6=0x00000001
     202555.000 ns	     20254	8000441c	526e2b13	slti	x22,x28,1318	 x28:0x80041024 x22=0x00000001
     202575.000 ns	     20256	80004420	c01c7ed3	fcvt.wu.s	x29,f24	 f24:0x00000000 x29=0x00000000
     202605.000 ns	     20259	80004424	d00b7953	fcvt.s.w	f18,x22	 x22:0x00000001 f18=0x3f800000
     202625.000 ns	     20261	80004428	df0e4913	xori	x18,x28,-528	 x28:0x80041024 x18=0x7ffbedd4
     202665.000 ns	     20265	8000442c	081eadd3	fsub.s	f27,f29,f1	 f29:0xbc429b50  f1:0xc7965edc f27=0x47965eda
     202685.000 ns	     20267	80004430	00941633	sll	x12,x8,x9	  x8:0x7f800000  x9:0x98908000 x12=0x7f800000
     202705.000 ns	     20269	80004434	28d28d53	fmin.s	f26,f5,f13	  f5:0x00000000 f13:0x47965edc f26=0x00000000
     202735.000 ns	     20272	80004438	0296a4b3	mulhsu	x9,x13,x9	 x13:0x00000000  x9:0x98908000  x9=0x00000000
     203105.000 ns	     20309	8000443c	02ae46b3	div	x13,x28,x10	 x28:0x80041024 x10:0x000002fc x13=0xffd51d83
     203135.000 ns	     20312	80004440	a18c0dd3	fle.s	x27,f24,f24	 f24:0x00000000 f24:0x00000000 x27=0x00000001
     203155.000 ns	     20314	80004444	aa128093	addi	x1,x5,-1375	  x5:0x00000001  x1=0xfffffaa2
     203175.000 ns	     20316	80004448	e00791d3	fclass.s	x3,f15	 f15:0x3f800000  x3=0x00000040
     203195.000 ns	     20318	8000444c	01148c33	add	x24,x9,x17	  x9:0x00000000 x17:0x98908000 x24=0x98908000
     203205.000 ns	     20319	80004450	01b35733	srl	x14,x6,x27	  x6:0x00000001 x27:0x00000001 x14=0x00000000
     203225.000 ns	     20321	80004454	033786b3	mul	x13,x15,x19	 x15:0x00000001 x19:0x3c0b9000 x13=0x3c0b9000
     203255.000 ns	     20324	80004458	034f9733	mulh	x14,x31,x20	 x31:0x00000000 x20:0x00000000 x14=0x00000000
     203275.000 ns	     20326	8000445c	61990293	addi	x5,x18,1561	 x18:0x7ffbedd4  x5=0x7ffbf3ed
     203285.000 ns	     20327	80004460	01fed333	srl	x6,x29,x31	 x29:0x00000000 x31:0x00000000  x6=0x00000000
     203295.000 ns	     20328	80004464	0115d2b3	srl	x5,x11,x17	 x11:0xf24b5688 x17:0x98908000  x5=0xf24b5688
     203305.000 ns	     20329	80004468	01756533	or	x10,x10,x23	 x10:0x000002fc x23:0x000001eb x10=0x000003ff
     203325.000 ns	     20331	8000446c	f00b0453	fmv.w.x	f8,x22	 x22:0x00000001  f8=0x00000001
     203345.000 ns	     20333	80004470	410b5cb3	sra	x25,x22,x16	 x22:0x00000001 x16:0xe8cb23f4 x25=0x00000000
     203355.000 ns	     20334	80004474	1d910837	lui	x16,0x1d910	 x16=0x1d910000
     203365.000 ns	     20335	80004478	71766213	ori	x4,x12,1815	 x12:0x7f800000  x4=0x7f800717
     203725.000 ns	     20371	8000447c	03b27933	remu	x18,x4,x27	  x4:0x000005f8 x27:0x00000001 x18=0x00000000
     203755.000 ns	     20374	80004480	036dbbb3	mulhu	x23,x27,x22	 x27:0x00000001 x22:0x00000001 x23=0x00000000
     203775.000 ns	     20376	80004484	6747a393	slti	x7,x15,1652	 x15:0x00000001  x7=0x00000001
     203795.000 ns	     20378	80004488	03cf0db3	mul	x27,x30,x28	 x30:0x00000000 x28:0x80041024 x27=0x00000000
     203825.000 ns	     20381	8000448c	201a85d3	fsgnj.s	f11,f21,f1	 f21:0x4ec29b50  f1:0xc7965edc f11=0xcec29b50
     203845.000 ns	     20383	80004490	51f16a13	ori	x20,x2,1311	  x2:0x80040fe4 x20=0x80040fff
     203865.000 ns	     20385	80004494	28510653	fmin.s	f12,f2,f5	  f2:0x00000001  f5:0x00000000 f12=0x00000000
     203885.000 ns	     20387	80004498	4176d2b3	sra	x5,x13,x23	 x13:0x3c0b9000 x23:0x00000000  x5=0x3c0b9000
     203905.000 ns	     20389	8000449c	a0b013d3	flt.s	x7,f0,f11	  f0:0xff800000 f11:0xcec29b50  x7=0x00000001
     203925.000 ns	     20391	800044a0	01734db3	xor	x27,x6,x23	  x6:0x00000000 x23:0x00000000 x27=0x00000000
     203945.000 ns	     20393	800044a4	a03329d3	feq.s	x19,f6,f3	  f6:0x41a80000  f3:0x80000000 x19=0x00000000
     203965.000 ns	     20395	800044a8	cd463413	sltiu	x8,x12,-812	 x12:0x7f800000  x8=0x00000001
     203985.000 ns	     20397	800044ac	e00c1953	fclass.s	x18,f24	 f24:0x00000000 x18=0x00000010
     204025.000 ns	     20401	800044b0	5801c353	fsqrt.s	f6,f3	  f3:0x80000000  f6=0x80000000
     204045.000 ns	     20403	800044b4	018042b3	xor	x5,x0,x24	  x0:0x00000000 x24:0x98908000  x5=0x98908000
     204055.000 ns	     20404	800044b8	938f2413	slti	x8,x30,-1736	 x30:0x00000000  x8=0x00000000
     204075.000 ns	     20406	800044bc	20609853	fsgnjn.s	f16,f1,f6	  f1:0xc7965edc  f6:0x80000000 f16=0x47965edc
     204105.000 ns	     20409	800044c0	03e94433	div	x8,x18,x30	 x18:0x00000010 x30:0x00000000  x8=0xffffffff
     204125.000 ns	     20411	800044c4	017811b3	sll	x3,x16,x23	 x16:0x1d910000 x23:0x00000000  x3=0x1d910000
     204145.000 ns	     20413	800044c8	a125a3d3	feq.s	x7,f11,f18	 f11:0xcec29b50 f18:0x3f800000  x7=0x00000000
     204175.000 ns	     20416	800044cc	29798753	fmin.s	f14,f19,f23	 f19:0xcec29b50 f23:0x7fc00000 f14=0xcec29b50
     204205.000 ns	     20419	800044d0	03429333	mulh	x6,x5,x20	  x5:0x98908000 x20:0x80040fff  x6=0x33b61bcb
     204575.000 ns	     20456	800044d4	025f7533	remu	x10,x30,x5	 x30:0x00000000  x5:0x98908000 x10=0x00000000
     204595.000 ns	     20458	800044d8	00251c13	slli	x24,x10,0x2	 x10:0x000003ff x24=0x00000000
     204615.000 ns	     20460	800044dc	28870ed3	fmin.s	f29,f14,f8	 f14:0xcec29b50  f8:0x00000001 f29=0xcec29b50
     204645.000 ns	     20463	800044e0	02e8ac33	mulhsu	x24,x17,x14	 x17:0x98908000 x14:0x00000000 x24=0x00000000
     204675.000 ns	     20466	800044e4	c0081753	fcvt.w.s	x14,f16	 f16:0x47965edc x14=0x00012cbd
     204705.000 ns	     20469	800044e8	c016f4d3	fcvt.wu.s	x9,f13	 f13:0x47965edc  x9=0x00012cbd
     204725.000 ns	     20471	800044ec	00ff2933	slt	x18,x30,x15	 x30:0x00000000 x15:0x00000001 x18=0x00000001
     204745.000 ns	     20473	800044f0	02963b33	mulhu	x22,x12,x9	 x12:0x7f800000  x9:0x00012cbd x22=0x000095c8
     204775.000 ns	     20476	800044f4	f0078f53	fmv.w.x	f30,x15	 x15:0x00000001 f30=0x00000001
     204795.000 ns	     20478	800044f8	40075313	srai	x6,x14,0x0	 x14:0x00012cbd  x6=0x00012cbd
     204815.000 ns	     20480	800044fc	a1828ed3	fle.s	x29,f5,f24	  f5:0x00000000 f24:0x00000000 x29=0x00000001
     204835.000 ns	     20482	80004500	00053c33	sltu	x24,x10,x0	 x10:0x00000000  x0:0x00000000 x24=0x00000000
     204845.000 ns	     20483	80004504	0ceb8c37	lui	x24,0xceb8	 x24=0x0ceb8000
     204855.000 ns	     20484	80004508	015f58b3	srl	x17,x30,x21	 x30:0x00000000 x21:0xfffffe79 x17=0x00000000
     204865.000 ns	     20485	8000450c	008c2cb3	slt	x25,x24,x8	 x24:0x00000000  x8:0xffffffff x25=0x00000000
     204885.000 ns	     20487	80004510	201416d3	fsgnjn.s	f13,f8,f1	  f8:0x00000001  f1:0xc7965edc f13=0x00000001
     204905.000 ns	     20489	80004514	40fe5713	srai	x14,x28,0xf	 x28:0x80041024 x14=0xffff0008
     204915.000 ns	     20490	80004518	274d0913	addi	x18,x26,628	 x26:0x00000001 x18=0x00000275
     204925.000 ns	     20491	8000451c	00975a93	srli	x21,x14,0x9	 x14:0x00012cbd x21=0x007fff80
     204945.000 ns	     20493	80004520	a0bc02d3	fle.s	x5,f24,f11	 f24:0x00000000 f11:0xcec29b50  x5=0x00000000
     204965.000 ns	     20495	80004524	256e9617	auipc	x12,0x256e9	 x12=0xa56ed524
     204975.000 ns	     20496	80004528	405f5493	srai	x9,x30,0x5	 x30:0x00000000  x9=0x00000000
     204995.000 ns	     20498	8000452c	d00d8fd3	fcvt.s.w	f31,x27	 x27:0x00000000 f31=0x00000000
     205015.000 ns	     20500	80004530	01190633	add	x12,x18,x17	 x18:0x00000275 x17:0x00000000 x12=0x00000275
     205025.000 ns	     20501	80004534	571f8d93	addi	x27,x31,1393	 x31:0x00000000 x27=0x00000571
     205055.000 ns	     20504	80004538	1175f653	fmul.s	f12,f11,f23	 f11:0xcec29b50 f23:0x7fc00000 f12=0x7fc00000
     205085.000 ns	     20507	8000453c	20cfa1d3	fsgnjx.s	f3,f31,f12	 f31:0x00000000 f12:0x00000000  f3=0x00000000
     205105.000 ns	     20509	80004540	007d1033	sll	x0,x26,x7	 x26:0x00000001  x7:0x00000000
     205115.000 ns	     20510	80004544	0366c313	xori	x6,x13,54	 x13:0x3c0b9000  x6=0x3c0b9036
     205125.000 ns	     20511	80004548	00000013	addi	x0,x0,0	  x0:0x00000000
     205145.000 ns	     20513	8000454c	a06f0d53	fle.s	x26,f30,f6	 f30:0x00000001  f6:0x80000000 x26=0x00000000
     205175.000 ns	     20516	80004550	29d68cd3	fmin.s	f25,f13,f29	 f13:0x00000001 f29:0xcec29b50 f25=0xcec29b50
     205205.000 ns	     20519	80004554	c00270d3	fcvt.w.s	x1,f4	  f4:0x7f800000  x1=0x7fffffff
     205225.000 ns	     20521	80004558	40ef8db3	sub	x27,x31,x14	 x31:0x00000000 x14:0xffff0008 x27=0x0000fff8
     205245.000 ns	     20523	8000455c	a0781953	flt.s	x18,f16,f7	 f16:0x47965edc  f7:0x7f800000 x18=0x00000001
     205275.000 ns	     20526	80004560	03debd33	mulhu	x26,x29,x29	 x29:0x00000001 x29:0x00000001 x26=0x00000000
     205305.000 ns	     20529	80004564	f0088c53	fmv.w.x	f24,x17	 x17:0x00000000 f24=0x00000000
     205355.000 ns	     20534	80004568	085baf53	fsub.s	f30,f23,f5	 f23:0x7fc00000  f5:0x00000000 f30=0x7fc00000
     205375.000 ns	     20536	8000456c	01c3c3b3	xor	x7,x7,x28	  x7:0x00000000 x28:0x80041024  x7=0x80041024
     205395.000 ns	     20538	80004570	025793b3	mulh	x7,x15,x5	 x15:0x00000001  x5:0x00000000  x7=0x00000000
     205415.000 ns	     20540	80004574	b7e348b7	lui	x17,0xb7e34	 x17=0xb7e34000
     205435.000 ns	     20542	80004578	a06f9553	flt.s	x10,f31,f6	 f31:0x00000000  f6:0x80000000 x10=0x00000000
     205455.000 ns	     20544	8000457c	cf22a993	slti	x19,x5,-782	  x5:0x00000000 x19=0x00000000
     205475.000 ns	     20546	80004580	20faaf53	fsgnjx.s	f30,f21,f15	 f21:0x4ec29b50 f15:0x3f800000 f30=0x4ec29b50
     205505.000 ns	     20549	80004584	0399e633	rem	x12,x19,x25	 x19:0x00000000 x25:0x00000000 x12=0x00000000
     205525.000 ns	     20551	80004588	dd4afe97	auipc	x29,0xdd4af	 x29=0x5d4b3588
     205535.000 ns	     20552	8000458c	00a99893	slli	x17,x19,0xa	 x19:0x00000000 x17=0x00000000
     205555.000 ns	     20554	80004590	025f4ab3	div	x21,x30,x5	 x30:0x00000000  x5:0x00000000 x21=0xffffffff
     205575.000 ns	     20556	80004594	409d88b3	sub	x17,x27,x9	 x27:0x0000fff8  x9:0x00000000 x17=0x0000fff8
     206745.000 ns	     20673	80004598	580ac353	fsqrt.s	f6,f21	 f21:0x4ec29b50  f6=0x471dd3ee
     206765.000 ns	     20675	8000459c	01746a33	or	x20,x8,x23	  x8:0xffffffff x23:0x00000000 x20=0xffffffff
     206775.000 ns	     20676	800045a0	121c6793	ori	x15,x24,289	 x24:0x0ceb8000 x15=0x0ceb8121
     206795.000 ns	     20678	800045a4	a0ffa8d3	feq.s	x17,f31,f15	 f31:0x00000000 f15:0x3f800000 x17=0x00000000
     206815.000 ns	     20680	800045a8	00000013	addi	x0,x0,0	  x0:0x00000000
     206825.000 ns	     20681	800045ac	00b69513	slli	x10,x13,0xb	 x13:0x3c0b9000 x10=0x5c800000
     206845.000 ns	     20683	800045b0	03a03eb3	mulhu	x29,x0,x26	  x0:0x00000000 x26:0x00000000 x29=0x00000000
     206875.000 ns	     20686	800045b4	219a0453	fsgnj.s	f8,f20,f25	 f20:0x7f800000 f25:0xcec29b50  f8=0xff800000
     206895.000 ns	     20688	800045b8	001928b3	slt	x17,x18,x1	 x18:0x00000001  x1:0x7fffffff x17=0x00000001
     206905.000 ns	     20689	800045bc	60106893	ori	x17,x0,1537	  x0:0x00000000 x17=0x00000601
     206915.000 ns	     20690	800045c0	9a02a037	lui	x0,0x9a02a	
     206925.000 ns	     20691	800045c4	f118e1b7	lui	x3,0xf118e	  x3=0xf118e000
     206935.000 ns	     20692	800045c8	000e8bb3	add	x23,x29,x0	 x29:0x00000000  x0:0x00000000 x23=0x00000000
     206945.000 ns	     20693	800045cc	0067fdb3	and	x27,x15,x6	 x15:0x0ceb8121  x6:0x3c0b9036 x27=0x0c0b8020
     206955.000 ns	     20694	800045d0	014542b3	xor	x5,x10,x20	 x10:0x5c800000 x20:0xffffffff  x5=0xa37fffff
     206975.000 ns	     20696	800045d4	d01dc053	fcvt.s.wu	f0,x27	 x27:0x0000fff8  f0=0x4d40b802
     207005.000 ns	     20699	800045d8	a1400dd3	fle.s	x27,f0,f20	  f0:0xff800000 f20:0x7f800000 x27=0x00000001
     207025.000 ns	     20701	800045dc	00459433	sll	x8,x11,x4	 x11:0xf24b5688  x4:0x7f800717  x8=0x44000000
     207045.000 ns	     20703	800045e0	02775033	divu	x0,x14,x7	 x14:0xffff0008  x7:0x00000000
     207075.000 ns	     20706	800045e4	e0020f53	fmv.x.w	x30,f4	  f4:0x7f800000 x30=0x7f800000
     207095.000 ns	     20708	800045e8	010dba33	sltu	x20,x27,x16	 x27:0x00000001 x16:0x1d910000 x20=0x00000001
     207115.000 ns	     20710	800045ec	21ad12d3	fsgnjn.s	f5,f26,f26	 f26:0x00000000 f26:0x00000000  f5=0x80000000
     207135.000 ns	     20712	800045f0	37aca793	slti	x15,x25,890	 x25:0x00000000 x15=0x00000001
     207155.000 ns	     20714	800045f4	d01939d3	fcvt.s.wu	f19,x18	 x18:0x00000001 f19=0x3f800000
     207175.000 ns	     20716	800045f8	0079ffb3	and	x31,x19,x7	 x19:0x00000000  x7:0x00000000 x31=0x00000000
     207185.000 ns	     20717	800045fc	00000013	addi	x0,x0,0	  x0:0x00000000
     207205.000 ns	     20719	80004600	f0018ad3	fmv.w.x	f21,x3	  x3:0xf118e000 f21=0xf118e000
     207225.000 ns	     20721	80004604	acd1e217	auipc	x4,0xacd1e	  x4=0x2cd22604
     207265.000 ns	     20725	80004608	006bfbd3	fadd.s	f23,f23,f6	 f23:0x7fc00000  f6:0x471dd3ee f23=0x7fc00000
     207295.000 ns	     20728	8000460c	d01a78d3	fcvt.s.wu	f17,x20	 x20:0x00000001 f17=0x3f800000
     207325.000 ns	     20731	80004610	a06e2c53	feq.s	x24,f28,f6	 f28:0x80000000  f6:0x471dd3ee x24=0x00000000
     207365.000 ns	     20735	80004614	1940ae53	fdiv.s	f28,f1,f20	  f1:0xc7965edc f20:0x7f800000 f28=0x80000000
     207385.000 ns	     20737	80004618	01b454b3	srl	x9,x8,x27	  x8:0x44000000 x27:0x00000001  x9=0x22000000
     207415.000 ns	     20740	8000461c	10477853	fmul.s	f16,f14,f4	 f14:0xcec29b50  f4:0x7f800000 f16=0xff800000
     207435.000 ns	     20742	80004620	3d1dbf13	sltiu	x30,x27,977	 x27:0x00000001 x30=0x00000001
     207455.000 ns	     20744	80004624	a1742053	feq.s	x0,f8,f23	  f8:0xff800000 f23:0x7fc00000
     207485.000 ns	     20747	80004628	203c15d3	fsgnjn.s	f11,f24,f3	 f24:0x00000000  f3:0x00000000 f11=0x80000000
     207505.000 ns	     20749	8000462c	d6080397	auipc	x7,0xd6080	  x7=0x5608462c
     207525.000 ns	     20751	80004630	02800bb3	mul	x23,x0,x8	  x0:0x00000000  x8:0x44000000 x23=0x00000000
     207895.000 ns	     20788	80004634	02b46cb3	rem	x25,x8,x11	  x8:0x44000000 x11:0xf24b5688 x25=0x0d2d5a20
     207925.000 ns	     20791	80004638	036b24b3	mulhsu	x9,x22,x22	 x22:0x000095c8 x22:0x000095c8  x9=0x00000000
     207945.000 ns	     20793	8000463c	51b00393	addi	x7,x0,1307	  x0:0x00000000  x7=0x0000051b
     207955.000 ns	     20794	80004640	d871cd13	xori	x26,x3,-633	  x3:0xf118e000 x26=0x0ee71d87
     207975.000 ns	     20796	80004644	d01b9853	fcvt.s.wu	f16,x23	 x23:0x00000000 f16=0x00000000
     208345.000 ns	     20833	80004648	0360dcb3	divu	x25,x1,x22	  x1:0x7fffffff x22:0x000095c8 x25=0x0000dac5
     208365.000 ns	     20835	8000464c	01e653b3	srl	x7,x12,x30	 x12:0x00000000 x30:0x00000001  x7=0x00000000
     208725.000 ns	     20871	80004650	039bfab3	remu	x21,x23,x25	 x23:0x00000000 x25:0x0000dac5 x21=0x00000000
     208755.000 ns	     20874	80004654	02d03cb3	mulhu	x25,x0,x13	  x0:0x00000000 x13:0x3c0b9000 x25=0x00000000
     208785.000 ns	     20877	80004658	e00b04d3	fmv.x.w	x9,f22	 f22:0xdeffefc0  x9=0xdeffefc0
     208815.000 ns	     20880	8000465c	a0fa20d3	feq.s	x1,f20,f15	 f20:0x7f800000 f15:0x3f800000  x1=0x00000000
     208845.000 ns	     20883	80004660	20ce8bd3	fsgnj.s	f23,f29,f12	 f29:0xcec29b50 f12:0x7fc00000 f23=0x4ec29b50
     208865.000 ns	     20885	80004664	01e421b3	slt	x3,x8,x30	  x8:0x44000000 x30:0x00000001  x3=0x00000000
     208875.000 ns	     20886	80004668	47f54d17	auipc	x26,0x47f54	 x26=0xc7f58668
     208885.000 ns	     20887	8000466c	edd83197	auipc	x3,0xedd83	  x3=0x6dd8766c
     208895.000 ns	     20888	80004670	008bc4b3	xor	x9,x23,x8	 x23:0x00000000  x8:0x44000000  x9=0x44000000
     208915.000 ns	     20890	80004674	d00d9cd3	fcvt.s.w	f25,x27	 x27:0x00000001 f25=0x3f800000
     208945.000 ns	     20893	80004678	20739d53	fsgnjn.s	f26,f7,f7	  f7:0x7f800000  f7:0x7f800000 f26=0xff800000
     208975.000 ns	     20896	8000467c	a0ac9ed3	flt.s	x29,f25,f10	 f25:0x3f800000 f10:0x44000000 x29=0x00000001
     208995.000 ns	     20898	80004680	0011a2b3	slt	x5,x3,x1	  x3:0x6dd8766c  x1:0x00000000  x5=0x00000000
     209035.000 ns	     20902	80004684	0849c953	fsub.s	f18,f19,f4	 f19:0x3f800000  f4:0x7f800000 f18=0xff800000
     209055.000 ns	     20904	80004688	41e7d993	srai	x19,x15,0x1e	 x15:0x00000001 x19=0x00000000
     209065.000 ns	     20905	8000468c	0169b8b3	sltu	x17,x19,x22	 x19:0x00000000 x22:0x000095c8 x17=0x00000001
     209075.000 ns	     20906	80004690	0144e1b3	or	x3,x9,x20	  x9:0x44000000 x20:0x00000001  x3=0x44000001
     209115.000 ns	     20910	80004694	085172d3	fsub.s	f5,f2,f5	  f2:0x00000001  f5:0x80000000  f5=0x00000001
     209135.000 ns	     20912	80004698	01812433	slt	x8,x2,x24	  x2:0x80040fe4 x24:0x00000000  x8=0x00000001
     209145.000 ns	     20913	8000469c	01410233	add	x4,x2,x20	  x2:0x80040fe4 x20:0x00000001  x4=0x80040fe5
     209155.000 ns	     20914	800046a0	00940633	add	x12,x8,x9	  x8:0x44000000  x9:0x44000000 x12=0x44000001
     209185.000 ns	     20917	800046a4	198e77d3	fdiv.s	f15,f28,f24	 f28:0x80000000 f24:0x00000000 f15=0x7fc00000
     209215.000 ns	     20920	800046a8	027e0db3	mul	x27,x28,x7	 x28:0x80041024  x7:0x00000000 x27=0x00000000
     209245.000 ns	     20923	800046ac	21b62d53	fsgnjx.s	f26,f12,f27	 f12:0x7fc00000 f27:0x47965eda f26=0x7fc00000
     209265.000 ns	     20925	800046b0	33adb713	sltiu	x14,x27,826	 x27:0x00000000 x14=0x00000001
     209275.000 ns	     20926	800046b4	007ed493	srli	x9,x29,0x7	 x29:0x00000001  x9=0x00000000
     209295.000 ns	     20928	800046b8	f0000ed3	fmv.w.x	f29,x0	  x0:0x00000000 f29=0x00000000
     209315.000 ns	     20930	800046bc	404f8233	sub	x4,x31,x4	 x31:0x00000000  x4:0x80040fe5  x4=0x7ffbf01b
     209335.000 ns	     20932	800046c0	f0008a53	fmv.w.x	f20,x1	  x1:0x00000000 f20=0x00000000
     209385.000 ns	     20937	800046c4	018d9e53	fadd.s	f28,f27,f24	 f27:0x47965eda f24:0x00000000 f28=0x47965eda
     210565.000 ns	     21055	800046c8	58011853	fsqrt.s	f16,f2	  f2:0x00000001 f16=0x1f350483
     210585.000 ns	     21057	800046cc	01c9eb33	or	x22,x19,x28	 x19:0x00000000 x28:0x80041024 x22=0x80041024
     210595.000 ns	     21058	800046d0	01191d93	slli	x27,x18,0x11	 x18:0x00000001 x27=0x00020000
     210605.000 ns	     21059	800046d4	00648233	add	x4,x9,x6	  x9:0x00000000  x6:0x3c0b9036  x4=0x3c0b9036
     210625.000 ns	     21061	800046d8	a07faed3	feq.s	x29,f31,f7	 f31:0x00000000  f7:0x7f800000 x29=0x00000000
     210645.000 ns	     21063	800046dc	01397733	and	x14,x18,x19	 x18:0x00000001 x19:0x00000000 x14=0x00000000
     210665.000 ns	     21065	800046e0	03f011b3	mulh	x3,x0,x31	  x0:0x00000000 x31:0x00000000  x3=0x00000000
     210685.000 ns	     21067	800046e4	01b9c833	xor	x16,x19,x27	 x19:0x00000000 x27:0x00020000 x16=0x00020000
     210705.000 ns	     21069	800046e8	d00a0f53	fcvt.s.w	f30,x20	 x20:0x00000001 f30=0x3f800000
     210735.000 ns	     21072	800046ec	a0e28f53	fle.s	x30,f5,f14	  f5:0x00000001 f14:0xcec29b50 x30=0x00000000
     210765.000 ns	     21075	800046f0	c00af653	fcvt.w.s	x12,f21	 f21:0xf118e000 x12=0x80000000
     211945.000 ns	     21193	800046f4	5802f153	fsqrt.s	f2,f5	  f5:0x00000001  f2=0x1f350483
     211975.000 ns	     21196	800046f8	e00711d3	fclass.s	x3,f14	 f14:0xcec29b50  x3=0x00000002
     212005.000 ns	     21199	800046fc	031c0db3	mul	x27,x24,x17	 x24:0x00000000 x17:0x00000001 x27=0x00000000
     212035.000 ns	     21202	80004700	d00e27d3	fcvt.s.w	f15,x28	 x28:0x80041024 f15=0xcefff7e0
     212055.000 ns	     21204	80004704	01e63f33	sltu	x30,x12,x30	 x12:0x80000000 x30:0x00000000 x30=0x00000000
     212075.000 ns	     21206	80004708	28ea9bd3	fmax.s	f23,f21,f14	 f21:0xf118e000 f14:0xcec29b50 f23=0xcec29b50
     212095.000 ns	     21208	8000470c	77c0f213	andi	x4,x1,1916	  x1:0x00000000  x4=0x00000000
     212115.000 ns	     21210	80004710	02853cb3	mulhu	x25,x10,x8	 x10:0x5c800000  x8:0x00000001 x25=0x00000000
     212145.000 ns	     21213	80004714	d0172e53	fcvt.s.wu	f28,x14	 x14:0x00000000 f28=0x00000000
     212165.000 ns	     21215	80004718	b694c193	xori	x3,x9,-1175	  x9:0x00000000  x3=0xfffffb69
     212175.000 ns	     21216	8000471c	01f25233	srl	x4,x4,x31	  x4:0x00000000 x31:0x00000000  x4=0x00000000
     212195.000 ns	     21218	80004720	21ad85d3	fsgnj.s	f11,f27,f26	 f27:0x47965eda f26:0x7fc00000 f11=0x47965eda
     212215.000 ns	     21220	80004724	6ac63713	sltiu	x14,x12,1708	 x12:0x80000000 x14=0x00000000
     212225.000 ns	     21221	80004728	01155493	srli	x9,x10,0x11	 x10:0x5c800000  x9=0x00002e40
     212245.000 ns	     21223	8000472c	f00e0cd3	fmv.w.x	f25,x28	 x28:0x80041024 f25=0x80041024
     212265.000 ns	     21225	80004730	0010dcb3	srl	x25,x1,x1	  x1:0x00000000  x1:0x00000000 x25=0x00000000
     212275.000 ns	     21226	80004734	dc020f93	addi	x31,x4,-576	  x4:0x00000000 x31=0xfffffdc0
     212285.000 ns	     21227	80004738	160f0193	addi	x3,x30,352	 x30:0x00000000  x3=0x00000160
     212325.000 ns	     21231	8000473c	087d9ed3	fsub.s	f29,f27,f7	 f27:0x47965eda  f7:0x7f800000 f29=0xff800000
     212345.000 ns	     21233	80004740	00c6f833	and	x16,x13,x12	 x13:0x3c0b9000 x12:0x80000000 x16=0x00000000
     212365.000 ns	     21235	80004744	0210c433	div	x8,x1,x1	  x1:0x00000000  x1:0x00000000  x8=0xffffffff
     212385.000 ns	     21237	80004748	9b428c93	addi	x25,x5,-1612	  x5:0x00000000 x25=0xfffff9b4
     212395.000 ns	     21238	8000474c	01835493	srli	x9,x6,0x18	  x6:0x3c0b9036  x9=0x0000003c
     212405.000 ns	     21239	80004750	01c30f33	add	x30,x6,x28	  x6:0x3c0b9036 x28:0x80041024 x30=0xbc0fa05a
     212415.000 ns	     21240	80004754	afb5ff13	andi	x30,x11,-1285	 x11:0xf24b5688 x30=0xf24b5288
     212425.000 ns	     21241	80004758	2bf14c13	xori	x24,x2,703	  x2:0x80040fe4 x24=0x80040d5b
     212435.000 ns	     21242	8000475c	af0ef813	andi	x16,x29,-1296	 x29:0x00000000 x16=0x00000000
     212455.000 ns	     21244	80004760	a0389b53	flt.s	x22,f17,f3	 f17:0x3f800000  f3:0x00000000 x22=0x00000000
     212475.000 ns	     21246	80004764	00b2dcb3	srl	x25,x5,x11	  x5:0x00000000 x11:0xf24b5688 x25=0x00000000
     212485.000 ns	     21247	80004768	01a47ab3	and	x21,x8,x26	  x8:0xffffffff x26:0xc7f58668 x21=0xc7f58668
     212505.000 ns	     21249	8000476c	21a08cd3	fsgnj.s	f25,f1,f26	  f1:0xc7965edc f26:0x7fc00000 f25=0x47965edc
     212545.000 ns	     21253	80004770	580b7853	fsqrt.s	f16,f22	 f22:0xdeffefc0 f16=0x7fc00000
     212565.000 ns	     21255	80004774	8b426993	ori	x19,x4,-1868	  x4:0x00000000 x19=0xfffff8b4
     212585.000 ns	     21257	80004778	037ea8b3	mulhsu	x17,x29,x23	 x29:0x00000000 x23:0x00000000 x17=0x00000000
     212605.000 ns	     21259	8000477c	cf8d0893	addi	x17,x26,-776	 x26:0xc7f58668 x17=0xc7f58360
     212625.000 ns	     21261	80004780	033880b3	mul	x1,x17,x19	 x17:0x00000000 x19:0xfffff8b4  x1=0xec855f80
     212645.000 ns	     21263	80004784	63950813	addi	x16,x10,1593	 x10:0x5c800000 x16=0x5c800639
     213005.000 ns	     21299	80004788	02ce6a33	rem	x20,x28,x12	 x28:0x80041024 x12:0x80000000 x20=0x80041024
     213035.000 ns	     21302	8000478c	21ec8553	fsgnj.s	f10,f25,f30	 f25:0x47965edc f30:0x3f800000 f10=0x47965edc
     213065.000 ns	     21305	80004790	036388b3	mul	x17,x7,x22	  x7:0x00000000 x22:0x00000000 x17=0x00000000
     213085.000 ns	     21307	80004794	00000013	addi	x0,x0,0	  x0:0x00000000
     213095.000 ns	     21308	80004798	046f6017	auipc	x0,0x46f6	
     213115.000 ns	     21310	8000479c	e0069d53	fclass.s	x26,f13	 f13:0x00000001 x26=0x00000020
     213135.000 ns	     21312	800047a0	005a7db3	and	x27,x20,x5	 x20:0x80041024  x5:0x00000000 x27=0x00000000
     213145.000 ns	     21313	800047a4	0028d693	srli	x13,x17,0x2	 x17:0x00000000 x13=0x00000000
     213165.000 ns	     21315	800047a8	d0037453	fcvt.s.w	f8,x6	  x6:0x3c0b9036  f8=0x4e702e40
     213185.000 ns	     21317	800047ac	01a90833	add	x16,x18,x26	 x18:0x00000001 x26:0x00000020 x16=0x00000021
     213195.000 ns	     21318	800047b0	0137d433	srl	x8,x15,x19	 x15:0x00000001 x19:0xfffff8b4  x8=0x00000000
     213205.000 ns	     21319	800047b4	01098533	add	x10,x19,x16	 x19:0xfffff8b4 x16:0x5c800639 x10=0xfffff8d5
     213235.000 ns	     21322	800047b8	187c0253	fdiv.s	f4,f24,f7	 f24:0x00000000  f7:0x7f800000  f4=0x00000000
     213605.000 ns	     21359	800047bc	02b5e3b3	rem	x7,x11,x11	 x11:0xf24b5688 x11:0xf24b5688  x7=0x00000000
     213975.000 ns	     21396	800047c0	02b54a33	div	x20,x10,x11	 x10:0xfffff8d5 x11:0xf24b5688 x20=0x00000000
     214005.000 ns	     21399	800047c4	03ad1a33	mulh	x20,x26,x26	 x26:0x00000020 x26:0x00000020 x20=0x00000000
     214035.000 ns	     21402	800047c8	d01e0553	fcvt.s.wu	f10,x28	 x28:0x80041024 f10=0x4f000410
     214055.000 ns	     21404	800047cc	415d8cb3	sub	x25,x27,x21	 x27:0x00000000 x21:0xc7f58668 x25=0x380a7998
     214075.000 ns	     21406	800047d0	0207c7b3	div	x15,x15,x0	 x15:0x00000001  x0:0x00000000 x15=0xffffffff
     214105.000 ns	     21409	800047d4	027ff933	remu	x18,x31,x7	 x31:0xfffffdc0  x7:0x00000000 x18=0xfffffdc0
     214125.000 ns	     21411	800047d8	015e51b3	srl	x3,x28,x21	 x28:0x80041024 x21:0xc7f58668  x3=0x00800410
     214135.000 ns	     21412	800047dc	e3418d13	addi	x26,x3,-460	  x3:0x00000160 x26=0x00800244
     214175.000 ns	     21416	800047e0	0945b053	fsub.s	f0,f11,f20	 f11:0x47965eda f20:0x00000000  f0=0x47965eda
     214205.000 ns	     21419	800047e4	d000f153	fcvt.s.w	f2,x1	  x1:0xec855f80  f2=0xcd9bd504
     214235.000 ns	     21422	800047e8	a19f99d3	flt.s	x19,f31,f25	 f31:0x00000000 f25:0x47965edc x19=0x00000001
     214255.000 ns	     21424	800047ec	c0efb313	sltiu	x6,x31,-1010	 x31:0xfffffdc0  x6=0x00000000
     214265.000 ns	     21425	800047f0	41e48b33	sub	x22,x9,x30	  x9:0x0000003c x30:0xf24b5288 x22=0x0db4adb4
     214295.000 ns	     21428	800047f4	10e9f753	fmul.s	f14,f19,f14	 f19:0x3f800000 f14:0xcec29b50 f14=0xcec29b50
     214315.000 ns	     21430	800047f8	006bcc33	xor	x24,x23,x6	 x23:0x00000000  x6:0x00000000 x24=0x00000000
     214325.000 ns	     21431	800047fc	008b47b3	xor	x15,x22,x8	 x22:0x0db4adb4  x8:0x00000000 x15=0x0db4adb4
     214335.000 ns	     21432	80004800	63656b93	ori	x23,x10,1590	 x10:0xfffff8d5 x23=0xfffffef7
     214355.000 ns	     21434	80004804	286e93d3	fmax.s	f7,f29,f6	 f29:0xff800000  f6:0x471dd3ee  f7=0x471dd3ee
     214725.000 ns	     21471	80004808	03e66233	rem	x4,x12,x30	 x12:0x80000000 x30:0xf24b5288  x4=0xfb5a1938
     214745.000 ns	     21473	8000480c	018ebfb3	sltu	x31,x29,x24	 x29:0x00000000 x24:0x00000000 x31=0x00000000
     214755.000 ns	     21474	80004810	002bcb33	xor	x22,x23,x2	 x23:0xfffffef7  x2:0x80040fe4 x22=0x7ffbf113
     214765.000 ns	     21475	80004814	001044b3	xor	x9,x0,x1	  x0:0x00000000  x1:0xec855f80  x9=0xec855f80
     214785.000 ns	     21477	80004818	e00419d3	fclass.s	x19,f8	  f8:0x4e702e40 x19=0x00000040
     214805.000 ns	     21479	8000481c	01abdc93	srli	x25,x23,0x1a	 x23:0xfffffef7 x25=0x0000003f
     214825.000 ns	     21481	80004820	a0e92453	feq.s	x8,f18,f14	 f18:0xff800000 f14:0xcec29b50  x8=0x00000000
     214845.000 ns	     21483	80004824	01658533	add	x10,x11,x22	 x11:0xf24b5688 x22:0x7ffbf113 x10=0x7247479b
     214855.000 ns	     21484	80004828	b64c6c37	lui	x24,0xb64c6	 x24=0xb64c6000
     214875.000 ns	     21486	8000482c	038739b3	mulhu	x19,x14,x24	 x14:0x00000000 x24:0x00000000 x19=0x00000000
     214905.000 ns	     21489	80004830	d010b853	fcvt.s.wu	f16,x1	  x1:0xec855f80 f16=0x4f6c8560
     214925.000 ns	     21491	80004834	00dc41b3	xor	x3,x24,x13	 x24:0xb64c6000 x13:0x00000000  x3=0xb64c6000
     214955.000 ns	     21494	80004838	580c7cd3	fsqrt.s	f25,f24	 f24:0x00000000 f25=0x00000000
     214975.000 ns	     21496	8000483c	00bc7fb3	and	x31,x24,x11	 x24:0xb64c6000 x11:0xf24b5688 x31=0xb2484000
     214995.000 ns	     21498	80004840	034160b3	rem	x1,x2,x20	  x2:0x80040fe4 x20:0x00000000  x1=0x80040fe4
     215025.000 ns	     21501	80004844	e00a81d3	fmv.x.w	x3,f21	 f21:0xf118e000  x3=0xf118e000
     215055.000 ns	     21504	80004848	034edc33	divu	x24,x29,x20	 x29:0x00000000 x20:0x00000000 x24=0xffffffff
     215395.000 ns	     21538	8000484c	18873853	fdiv.s	f16,f14,f8	 f14:0xcec29b50  f8:0x4e702e40 f16=0xbfc29b50
     215415.000 ns	     21540	80004850	00000013	addi	x0,x0,0	  x0:0x00000000
     215435.000 ns	     21542	80004854	21f784d3	fsgnj.s	f9,f15,f31	 f15:0xcefff7e0 f31:0x00000000  f9=0x4efff7e0
     215455.000 ns	     21544	80004858	00000013	addi	x0,x0,0	  x0:0x00000000
     215475.000 ns	     21546	8000485c	d0142953	fcvt.s.wu	f18,x8	  x8:0x00000000 f18=0x00000000
     215495.000 ns	     21548	80004860	00b19633	sll	x12,x3,x11	  x3:0xf118e000 x11:0xf24b5688 x12=0x18e00000
     215505.000 ns	     21549	80004864	fcf40437	lui	x8,0xfcf40	  x8=0xfcf40000
     215515.000 ns	     21550	80004868	01730db3	add	x27,x6,x23	  x6:0x00000000 x23:0xfffffef7 x27=0xfffffef7
     215525.000 ns	     21551	8000486c	00000013	addi	x0,x0,0	  x0:0x00000000
     215545.000 ns	     21553	80004870	02e37d33	remu	x26,x6,x14	  x6:0x00000000 x14:0x00000000 x26=0x00000000
     215565.000 ns	     21555	80004874	014eceb3	xor	x29,x29,x20	 x29:0x00000000 x20:0x00000000 x29=0x00000000
     215595.000 ns	     21558	80004878	18ffa3d3	fdiv.s	f7,f31,f15	 f31:0x00000000 f15:0xcefff7e0  f7=0x80000000
     215965.000 ns	     21595	8000487c	0360d9b3	divu	x19,x1,x22	  x1:0x80040fe4 x22:0x7ffbf113 x19=0x00000001
     215985.000 ns	     21597	80004880	d4fbef13	ori	x30,x23,-689	 x23:0xfffffef7 x30=0xffffffff
     215995.000 ns	     21598	80004884	76726237	lui	x4,0x76726	  x4=0x76726000
     216005.000 ns	     21599	80004888	b6a93793	sltiu	x15,x18,-1174	 x18:0xfffffdc0 x15=0x00000000
     216025.000 ns	     21601	8000488c	a1a194d3	flt.s	x9,f3,f26	  f3:0x00000000 f26:0x7fc00000  x9=0x00000000
     216045.000 ns	     21603	80004890	01f11ab3	sll	x21,x2,x31	  x2:0x80040fe4 x31:0xb2484000 x21=0x80040fe4
     216055.000 ns	     21604	80004894	1b92a417	auipc	x8,0x1b92a	  x8=0x9b92e894
     216065.000 ns	     21605	80004898	41680633	sub	x12,x16,x22	 x16:0x00000021 x22:0x7ffbf113 x12=0x80040f0e
     216085.000 ns	     21607	8000489c	c00af853	fcvt.w.s	x16,f21	 f21:0xf118e000 x16=0x80000000
     216115.000 ns	     21610	800048a0	294a09d3	fmin.s	f19,f20,f20	 f20:0x00000000 f20:0x00000000 f19=0x00000000
     216145.000 ns	     21613	800048a4	20fba153	fsgnjx.s	f2,f23,f15	 f23:0xcec29b50 f15:0xcefff7e0  f2=0x4ec29b50
     216175.000 ns	     21616	800048a8	29de9753	fmax.s	f14,f29,f29	 f29:0xff800000 f29:0xff800000 f14=0xff800000
     216205.000 ns	     21619	800048ac	a0841f53	flt.s	x30,f8,f8	  f8:0x4e702e40  f8:0x4e702e40 x30=0x00000000
     216225.000 ns	     21621	800048b0	c614b693	sltiu	x13,x9,-927	  x9:0x00000000 x13=0x00000001
     216245.000 ns	     21623	800048b4	a06d9dd3	flt.s	x27,f27,f6	 f27:0x47965eda  f6:0x471dd3ee x27=0x00000000
     216265.000 ns	     21625	800048b8	00889433	sll	x8,x17,x8	 x17:0x00000000  x8:0x9b92e894  x8=0x00000000
     216285.000 ns	     21627	800048bc	03120933	mul	x18,x4,x17	  x4:0x76726000 x17:0x00000000 x18=0x00000000
     216305.000 ns	     21629	800048c0	00109513	slli	x10,x1,0x1	  x1:0x80040fe4 x10=0x00081fc8
     216315.000 ns	     21630	800048c4	00000013	addi	x0,x0,0	  x0:0x00000000
     216325.000 ns	     21631	800048c8	00279313	slli	x6,x15,0x2	 x15:0x00000000  x6=0x00000000
     216685.000 ns	     21667	800048cc	02d846b3	div	x13,x16,x13	 x16:0x80000000 x13:0x00000001 x13=0x80000000
     216715.000 ns	     21670	800048d0	a0b7a8d3	feq.s	x17,f15,f11	 f15:0xcefff7e0 f11:0x47965eda x17=0x00000000
     216735.000 ns	     21672	800048d4	40a7dc33	sra	x24,x15,x10	 x15:0x00000000 x10:0x00081fc8 x24=0x00000000
     216755.000 ns	     21674	800048d8	c0007853	fcvt.w.s	x16,f0	  f0:0x47965eda x16=0x00012cbd
     216775.000 ns	     21676	800048dc	00421213	slli	x4,x4,0x4	  x4:0x76726000  x4=0x67260000
     216785.000 ns	     21677	800048e0	4478f993	andi	x19,x17,1095	 x17:0x00000000 x19=0x00000000
     216795.000 ns	     21678	800048e4	019540b3	xor	x1,x10,x25	 x10:0x00081fc8 x25:0x0000003f  x1=0x00081ff7
     216815.000 ns	     21680	800048e8	c014f2d3	fcvt.wu.s	x5,f9	  f9:0x4efff7e0  x5=0x7ffbf000
     216835.000 ns	     21682	800048ec	00aa8f33	add	x30,x21,x10	 x21:0x80040fe4 x10:0x00081fc8 x30=0x800c2fac
     217195.000 ns	     21718	800048f0	03e85833	divu	x16,x16,x30	 x16:0x00012cbd x30:0x00000000 x16=0x00000000
     217215.000 ns	     21720	800048f4	551caf93	slti	x31,x25,1361	 x25:0x0000003f x31=0x00000001
     217225.000 ns	     21721	800048f8	00f01233	sll	x4,x0,x15	  x0:0x00000000 x15:0x00000000  x4=0x00000000
     217235.000 ns	     21722	800048fc	00000013	addi	x0,x0,0	  x0:0x00000000
     217255.000 ns	     21724	80004900	d003f753	fcvt.s.w	f14,x7	  x7:0x00000000 f14=0x00000000
     217275.000 ns	     21726	80004904	d42afc93	andi	x25,x21,-702	 x21:0x80040fe4 x25=0x80040d40
     217285.000 ns	     21727	80004908	006c20b3	slt	x1,x24,x6	 x24:0x00000000  x6:0x00000000  x1=0x00000000
     217295.000 ns	     21728	8000490c	00bc3bb3	sltu	x23,x24,x11	 x24:0x00000000 x11:0xf24b5688 x23=0x00000001
     217305.000 ns	     21729	80004910	003b1913	slli	x18,x22,0x3	 x22:0x7ffbf113 x18=0xffdf8898
     217315.000 ns	     21730	80004914	00c5bfb3	sltu	x31,x11,x12	 x11:0xf24b5688 x12:0x80040f0e x31=0x00000000
     217335.000 ns	     21732	80004918	e00112d3	fclass.s	x5,f2	  f2:0x4ec29b50  x5=0x00000040
     217705.000 ns	     21769	8000491c	02ce69b3	rem	x19,x28,x12	 x28:0x80041024 x12:0x80040f0e x19=0x80041024
     217755.000 ns	     21774	80004920	08c2ffd3	fsub.s	f31,f5,f12	  f5:0x00000001 f12:0x7fc00000 f31=0x7fc00000
     217785.000 ns	     21777	80004924	0316a6b3	mulhsu	x13,x13,x17	 x13:0x80000000 x17:0x00000000 x13=0x00000000
     217805.000 ns	     21779	80004928	bfd26413	ori	x8,x4,-1027	  x4:0x00000000  x8=0xfffffbfd
     217825.000 ns	     21781	8000492c	a17912d3	flt.s	x5,f18,f23	 f18:0x00000000 f23:0xcec29b50  x5=0x00000000
     217855.000 ns	     21784	80004930	c0107953	fcvt.wu.s	x18,f0	  f0:0x47965eda x18=0x00012cbd
     217885.000 ns	     21787	80004934	293d91d3	fmax.s	f3,f27,f19	 f27:0x47965eda f19:0x00000000  f3=0x47965eda
     217925.000 ns	     21791	80004938	110ffe53	fmul.s	f28,f31,f16	 f31:0x7fc00000 f16:0xbfc29b50 f28=0x7fc00000
     217945.000 ns	     21793	8000493c	00000013	addi	x0,x0,0	  x0:0x00000000
     217985.000 ns	     21797	80004940	09a5cbd3	fsub.s	f23,f11,f26	 f11:0x47965eda f26:0x7fc00000 f23=0x7fc00000
     218005.000 ns	     21799	80004944	f8074d13	xori	x26,x14,-128	 x14:0x00000000 x26=0xffffff80
     218015.000 ns	     21800	80004948	5766af17	auipc	x30,0x5766a	 x30=0xd766e948
     218025.000 ns	     21801	8000494c	01757833	and	x16,x10,x23	 x10:0x00081fc8 x23:0x00000001 x16=0x00000000
     218055.000 ns	     21804	80004950	101e8353	fmul.s	f6,f29,f1	 f29:0xff800000  f1:0xc7965edc  f6=0x7f800000
     218085.000 ns	     21807	80004954	a17ea1d3	feq.s	x3,f29,f23	 f29:0xff800000 f23:0x7fc00000  x3=0x00000000
     219265.000 ns	     21925	80004958	580df953	fsqrt.s	f18,f27	 f27:0x47965eda f18=0x438abbf9
     219285.000 ns	     21927	8000495c	008a5713	srli	x14,x20,0x8	 x20:0x00000000 x14=0x00000000
     219305.000 ns	     21929	80004960	c00cf753	fcvt.w.s	x14,f25	 f25:0x00000000 x14=0x00000000
     219325.000 ns	     21931	80004964	53c8ec13	ori	x24,x17,1340	 x17:0x00000000 x24=0x0000053c
     219335.000 ns	     21932	80004968	01575d13	srli	x26,x14,0x15	 x14:0x00000000 x26=0x00000000
     219355.000 ns	     21934	8000496c	20eaa1d3	fsgnjx.s	f3,f21,f14	 f21:0xf118e000 f14:0x00000000  f3=0xf118e000
     219385.000 ns	     21937	80004970	a1bd9953	flt.s	x18,f27,f27	 f27:0x47965eda f27:0x47965eda x18=0x00000000
     219405.000 ns	     21939	80004974	894d3297	auipc	x5,0x894d3	  x5=0x094d7974
     219415.000 ns	     21940	80004978	01593833	sltu	x16,x18,x21	 x18:0x00000000 x21:0x80040fe4 x16=0x00000001
     219455.000 ns	     21944	8000497c	086b73d3	fsub.s	f7,f22,f6	 f22:0xdeffefc0  f6:0x7f800000  f7=0xff800000
     219475.000 ns	     21946	80004980	1a4ccb93	xori	x23,x25,420	 x25:0x80040d40 x23=0x80040ce4
     219485.000 ns	     21947	80004984	00678533	add	x10,x15,x6	 x15:0x00000000  x6:0x00000000 x10=0x00000000
     219495.000 ns	     21948	80004988	017ed893	srli	x17,x29,0x17	 x29:0x00000000 x17=0x00000000
     219515.000 ns	     21950	8000498c	e0081bd3	fclass.s	x23,f16	 f16:0xbfc29b50 x23=0x00000002
     219535.000 ns	     21952	80004990	01a65693	srli	x13,x12,0x1a	 x12:0x80040f0e x13=0x00000020
     219545.000 ns	     21953	80004994	00000013	addi	x0,x0,0	  x0:0x00000000
     219555.000 ns	     21954	80004998	0146d693	srli	x13,x13,0x14	 x13:0x00000000 x13=0x00000000
     219565.000 ns	     21955	8000499c	4088d4b3	sra	x9,x17,x8	 x17:0x00000000  x8:0xfffffbfd  x9=0x00000000
     219585.000 ns	     21957	800049a0	290e0353	fmin.s	f6,f28,f16	 f28:0x7fc00000 f16:0xbfc29b50  f6=0xbfc29b50
     219615.000 ns	     21960	800049a4	02af3eb3	mulhu	x29,x30,x10	 x30:0xd766e948 x10:0x00000000 x29=0x00000000
     219635.000 ns	     21962	800049a8	0135e033	or	x0,x11,x19	 x11:0xf24b5688 x19:0x80041024
     219655.000 ns	     21964	800049ac	20198753	fsgnj.s	f14,f19,f1	 f19:0x00000000  f1:0xc7965edc f14=0x80000000
     219695.000 ns	     21968	800049b0	11403353	fmul.s	f6,f0,f20	  f0:0x47965eda f20:0x00000000  f6=0x00000000
     219725.000 ns	     21971	800049b4	03bbd633	divu	x12,x23,x27	 x23:0x00000002 x27:0x00000000 x12=0xffffffff
     219755.000 ns	     21974	800049b8	02cebd33	mulhu	x26,x29,x12	 x29:0x00000000 x12:0x80040f0e x26=0x00000000
     219775.000 ns	     21976	800049bc	008f3fb3	sltu	x31,x30,x8	 x30:0xd766e948  x8:0xfffffbfd x31=0x00000001
     219795.000 ns	     21978	800049c0	206012d3	fsgnjn.s	f5,f0,f6	  f0:0x47965eda  f6:0x00000000  f5=0xc7965eda
     219815.000 ns	     21980	800049c4	0140fc33	and	x24,x1,x20	  x1:0x00000000 x20:0x00000000 x24=0x00000000
     219825.000 ns	     21981	800049c8	00fbf3b3	and	x7,x23,x15	 x23:0x00000002 x15:0x00000000  x7=0x00000000
     219845.000 ns	     21983	800049cc	f0098053	fmv.w.x	f0,x19	 x19:0x80041024  f0=0x80041024
     219865.000 ns	     21985	800049d0	015eb7b3	sltu	x15,x29,x21	 x29:0x00000000 x21:0x80040fe4 x15=0x00000001
     219875.000 ns	     21986	800049d4	2db48093	addi	x1,x9,731	  x9:0x00000000  x1=0x000002db
     219895.000 ns	     21988	800049d8	02582ab3	mulhsu	x21,x16,x5	 x16:0x00000001  x5:0x094d7974 x21=0x00000000
     219925.000 ns	     21991	800049dc	c0004dd3	fcvt.w.s	x27,f0	  f0:0x80041024 x27=0x00000000
     219955.000 ns	     21994	800049e0	03246cb3	rem	x25,x8,x18	  x8:0xfffffbfd x18:0x00000000 x25=0xfffffbfd
     219975.000 ns	     21996	800049e4	41e40d33	sub	x26,x8,x30	  x8:0xfffffbfd x30:0xd766e948 x26=0x289912b5
     219985.000 ns	     21997	800049e8	01e39d13	slli	x26,x7,0x1e	  x7:0x00000000 x26=0x00000000
     220345.000 ns	     22033	800049ec	028573b3	remu	x7,x10,x8	 x10:0x00000000  x8:0xfffffbfd  x7=0x00000000
     220375.000 ns	     22036	800049f0	d014f5d3	fcvt.s.wu	f11,x9	  x9:0x00000000 f11=0x00000000
     220395.000 ns	     22038	800049f4	014927b3	slt	x15,x18,x20	 x18:0x00000000 x20:0x00000000 x15=0x00000000
     220405.000 ns	     22039	800049f8	98df3b93	sltiu	x23,x30,-1651	 x30:0xd766e948 x23=0x00000001
     220425.000 ns	     22041	800049fc	c01b7953	fcvt.wu.s	x18,f22	 f22:0xdeffefc0 x18=0x00000000
     220445.000 ns	     22043	80004a00	84fb7a93	andi	x21,x22,-1969	 x22:0x7ffbf113 x21=0x7ffbf003
     220455.000 ns	     22044	80004a04	40f8d313	srai	x6,x17,0xf	 x17:0x00000000  x6=0x00000000
     220465.000 ns	     22045	80004a08	01421a33	sll	x20,x4,x20	  x4:0x00000000 x20:0x00000000 x20=0x00000000
     220485.000 ns	     22047	80004a0c	c01a4f53	fcvt.wu.s	x30,f20	 f20:0x00000000 x30=0x00000000
     220505.000 ns	     22049	80004a10	0164e733	or	x14,x9,x22	  x9:0x00000000 x22:0x7ffbf113 x14=0x7ffbf113
     220525.000 ns	     22051	80004a14	212a2553	fsgnjx.s	f10,f20,f18	 f20:0x00000000 f18:0x438abbf9 f10=0x00000000
     220555.000 ns	     22054	80004a18	a0e29853	flt.s	x16,f5,f14	  f5:0xc7965eda f14:0x80000000 x16=0x00000001
     220595.000 ns	     22058	80004a1c	19d88953	fdiv.s	f18,f17,f29	 f17:0x3f800000 f29:0xff800000 f18=0x80000000
     220625.000 ns	     22061	80004a20	a1cc0653	fle.s	x12,f24,f28	 f24:0x00000000 f28:0x7fc00000 x12=0x00000000
     220655.000 ns	     22064	80004a24	28cc01d3	fmin.s	f3,f24,f12	 f24:0x00000000 f12:0x7fc00000  f3=0x00000000
     220675.000 ns	     22066	80004a28	00a8e333	or	x6,x17,x10	 x17:0x00000000 x10:0x00000000  x6=0x00000000
     220695.000 ns	     22068	80004a2c	d0011653	fcvt.s.w	f12,x2	  x2:0x80040fe4 f12=0xcefff7e0
     220715.000 ns	     22070	80004a30	01c41f33	sll	x30,x8,x28	  x8:0xfffffbfd x28:0x80041024 x30=0xffffbfd0
     220735.000 ns	     22072	80004a34	c01a7f53	fcvt.wu.s	x30,f20	 f20:0x00000000 x30=0x00000000
     220765.000 ns	     22075	80004a38	02bd0a33	mul	x20,x26,x11	 x26:0x00000000 x11:0xf24b5688 x20=0x00000000
     220785.000 ns	     22077	80004a3c	d9524893	xori	x17,x4,-619	  x4:0x00000000 x17=0xfffffd95
     220795.000 ns	     22078	80004a40	41b0da13	srai	x20,x1,0x1b	  x1:0x000002db x20=0x00000000
     220805.000 ns	     22079	80004a44	40ac56b3	sra	x13,x24,x10	 x24:0x00000000 x10:0x00000000 x13=0x00000000
     220815.000 ns	     22080	80004a48	001179b3	and	x19,x2,x1	  x2:0x80040fe4  x1:0x000002db x19=0x000002c0
     220825.000 ns	     22081	80004a4c	019c9e93	slli	x29,x25,0x19	 x25:0xfffffbfd x29=0xfa000000
     220845.000 ns	     22083	80004a50	f00089d3	fmv.w.x	f19,x1	  x1:0x000002db f19=0x000002db
     220875.000 ns	     22086	80004a54	c016f3d3	fcvt.wu.s	x7,f13	 f13:0x00000001  x7=0x00000000
     220895.000 ns	     22088	80004a58	11a67a93	andi	x21,x12,282	 x12:0x00000000 x21=0x00000000
     220915.000 ns	     22090	80004a5c	02c21033	mulh	x0,x4,x12	  x4:0x00000000 x12:0x00000000
     220935.000 ns	     22092	80004a60	00751713	slli	x14,x10,0x7	 x10:0x00000000 x14=0x00000000
     221295.000 ns	     22128	80004a64	039e62b3	rem	x5,x28,x25	 x28:0x80041024 x25:0xfffffbfd  x5=0xfffffd4e
     221315.000 ns	     22130	80004a68	d3d2fa13	andi	x20,x5,-707	  x5:0x094d7974 x20=0xfffffd0c
     221325.000 ns	     22131	80004a6c	418c0733	sub	x14,x24,x24	 x24:0x00000000 x24:0x00000000 x14=0x00000000
     221345.000 ns	     22133	80004a70	c01c2453	fcvt.wu.s	x8,f24	 f24:0x00000000  x8=0x00000000
     221375.000 ns	     22136	80004a74	027183b3	mul	x7,x3,x7	  x3:0x00000000  x7:0x00000000  x7=0x00000000
     221425.000 ns	     22141	80004a78	01522a53	fadd.s	f20,f4,f21	  f4:0x00000000 f21:0xf118e000 f20=0xf118e000
     221455.000 ns	     22144	80004a7c	d014f1d3	fcvt.s.wu	f3,x9	  x9:0x00000000  f3=0x00000000
     221475.000 ns	     22146	80004a80	004abfb3	sltu	x31,x21,x4	 x21:0x00000000  x4:0x00000000 x31=0x00000000
     221485.000 ns	     22147	80004a84	0093e9b3	or	x19,x7,x9	  x7:0x00000000  x9:0x00000000 x19=0x00000000
     221505.000 ns	     22149	80004a88	03b47233	remu	x4,x8,x27	  x8:0x00000000 x27:0x00000000  x4=0x00000000
     221525.000 ns	     22151	80004a8c	15b8f613	andi	x12,x17,347	 x17:0xfffffd95 x12=0x00000111
     221555.000 ns	     22154	80004a90	10b8f7d3	fmul.s	f15,f17,f11	 f17:0x3f800000 f11:0x00000000 f15=0x00000000
     221585.000 ns	     22157	80004a94	29be8e53	fmin.s	f28,f29,f27	 f29:0xff800000 f27:0x47965eda f28=0xff800000
     221955.000 ns	     22194	80004a98	021c7db3	remu	x27,x24,x1	 x24:0x00000000  x1:0x000002db x27=0x00000000
     221975.000 ns	     22196	80004a9c	00da46b3	xor	x13,x20,x13	 x20:0xfffffd0c x13:0x00000000 x13=0xfffffd0c
     222005.000 ns	     22199	80004aa0	11f130d3	fmul.s	f1,f2,f31	  f2:0x4ec29b50 f31:0x7fc00000  f1=0x7fc00000
     222025.000 ns	     22201	80004aa4	e06c7213	andi	x4,x24,-506	 x24:0x00000000  x4=0x00000000
     222035.000 ns	     22202	80004aa8	001a4533	xor	x10,x20,x1	 x20:0xfffffd0c  x1:0x000002db x10=0xffffffd7
     222055.000 ns	     22204	80004aac	02a69ab3	mulh	x21,x13,x10	 x13:0xfffffd0c x10:0x00000000 x21=0x00000000
     222085.000 ns	     22207	80004ab0	a040a253	feq.s	x4,f1,f4	  f1:0x7fc00000  f4:0x00000000  x4=0x00000000
     222105.000 ns	     22209	80004ab4	28b47637	lui	x12,0x28b47	 x12=0x28b47000
     222465.000 ns	     22245	80004ab8	03c2c9b3	div	x19,x5,x28	  x5:0xfffffd4e x28:0x80041024 x19=0x00000000
     222485.000 ns	     22247	80004abc	7896f313	andi	x6,x13,1929	 x13:0xfffffd0c  x6=0x00000508
     222495.000 ns	     22248	80004ac0	017a9093	slli	x1,x21,0x17	 x21:0x00000000  x1=0x00000000
     222505.000 ns	     22249	80004ac4	01f339b3	sltu	x19,x6,x31	  x6:0x00000000 x31:0x00000000 x19=0x00000000
     222545.000 ns	     22253	80004ac8	08c8ffd3	fsub.s	f31,f17,f12	 f17:0x3f800000 f12:0xcefff7e0 f31=0x4efff7e0
     222575.000 ns	     22256	80004acc	a0cb2c53	feq.s	x24,f22,f12	 f22:0xdeffefc0 f12:0xcefff7e0 x24=0x00000000
     222945.000 ns	     22293	80004ad0	02b44533	div	x10,x8,x11	  x8:0x00000000 x11:0xf24b5688 x10=0x00000000
     222965.000 ns	     22295	80004ad4	008bdab3	srl	x21,x23,x8	 x23:0x00000001  x8:0x00000000 x21=0x00000001
     222985.000 ns	     22297	80004ad8	e00280d3	fmv.x.w	x1,f5	  f5:0xc7965eda  x1=0xc7965eda
     223005.000 ns	     22299	80004adc	3dc32213	slti	x4,x6,988	  x6:0x00000508  x4=0x00000000
     223015.000 ns	     22300	80004ae0	40e15cb3	sra	x25,x2,x14	  x2:0x80040fe4 x14:0x00000000 x25=0x80040fe4
     223035.000 ns	     22302	80004ae4	c01e4dd3	fcvt.wu.s	x27,f28	 f28:0xff800000 x27=0x00000000
     223065.000 ns	     22305	80004ae8	a13a2253	feq.s	x4,f20,f19	 f20:0xf118e000 f19:0x000002db  x4=0x00000000
     223105.000 ns	     22309	80004aec	5800b4d3	fsqrt.s	f9,f1	  f1:0x7fc00000  f9=0x7fc00000
     223135.000 ns	     22312	80004af0	f0010053	fmv.w.x	f0,x2	  x2:0x80040fe4  f0=0x80040fe4
     223155.000 ns	     22314	80004af4	8b53b697	auipc	x13,0x8b53b	 x13=0x0b53faf4
     223175.000 ns	     22316	80004af8	c01f7bd3	fcvt.wu.s	x23,f30	 f30:0x3f800000 x23=0x00000001
     223205.000 ns	     22319	80004afc	a199a453	feq.s	x8,f19,f25	 f19:0x000002db f25:0x00000000  x8=0x00000000
     223225.000 ns	     22321	80004b00	004e5733	srl	x14,x28,x4	 x28:0x80041024  x4:0x00000000 x14=0x80041024
     223245.000 ns	     22323	80004b04	a0471953	flt.s	x18,f14,f4	 f14:0x80000000  f4:0x00000000 x18=0x00000000
     223275.000 ns	     22326	80004b08	a08a0853	fle.s	x16,f20,f8	 f20:0xf118e000  f8:0x4e702e40 x16=0x00000001
     223645.000 ns	     22363	80004b0c	03d25533	divu	x10,x4,x29	  x4:0x00000000 x29:0xfa000000 x10=0x00000000
     223675.000 ns	     22366	80004b10	a12800d3	fle.s	x1,f16,f18	 f16:0xbfc29b50 f18:0x80000000  x1=0x00000001
     223705.000 ns	     22369	80004b14	a1c294d3	flt.s	x9,f5,f28	  f5:0xc7965eda f28:0xff800000  x9=0x00000000
     224045.000 ns	     22403	80004b18	18df16d3	fdiv.s	f13,f30,f13	 f30:0x3f800000 f13:0x00000001 f13=0x7e34b4b6
     224065.000 ns	     22405	80004b1c	00769333	sll	x6,x13,x7	 x13:0x0b53faf4  x7:0x00000000  x6=0x0b53faf4
     224085.000 ns	     22407	80004b20	02253cb3	mulhu	x25,x10,x2	 x10:0x00000000  x2:0x80040fe4 x25=0x00000000
     225265.000 ns	     22525	80004b24	580fb3d3	fsqrt.s	f7,f31	 f31:0x4efff7e0  f7=0x473501cc
     225635.000 ns	     22562	80004b28	02d768b3	rem	x17,x14,x13	 x14:0x80041024 x13:0x0b53faf4 x17=0xfc9fd8a0
     225655.000 ns	     22564	80004b2c	25930a13	addi	x20,x6,601	  x6:0x0b53faf4 x20=0x0b53fd4d
     225665.000 ns	     22565	80004b30	003adf93	srli	x31,x21,0x3	 x21:0x00000001 x31=0x00000000
     225685.000 ns	     22567	80004b34	21abafd3	fsgnjx.s	f31,f23,f26	 f23:0x7fc00000 f26:0x7fc00000 f31=0x7fc00000
     225705.000 ns	     22569	80004b38	00fcf9b3	and	x19,x25,x15	 x25:0x00000000 x15:0x00000000 x19=0x00000000
     225715.000 ns	     22570	80004b3c	41a0d993	srai	x19,x1,0x1a	  x1:0x00000001 x19=0x00000000
     225725.000 ns	     22571	80004b40	013cedb3	or	x27,x25,x19	 x25:0x00000000 x19:0x00000000 x27=0x00000000
     225745.000 ns	     22573	80004b44	211a0f53	fsgnj.s	f30,f20,f17	 f20:0xf118e000 f17:0x3f800000 f30=0x7118e000
     225775.000 ns	     22576	80004b48	28781753	fmax.s	f14,f16,f7	 f16:0xbfc29b50  f7:0x473501cc f14=0x473501cc
     225805.000 ns	     22579	80004b4c	035e91b3	mulh	x3,x29,x21	 x29:0xfa000000 x21:0x00000001  x3=0xffffffff
     225835.000 ns	     22582	80004b50	29539ad3	fmax.s	f21,f7,f21	  f7:0x473501cc f21:0xf118e000 f21=0x473501cc
     226205.000 ns	     22619	80004b54	0260fa33	remu	x20,x1,x6	  x1:0x00000001  x6:0x0b53faf4 x20=0x00000001
     226235.000 ns	     22622	80004b58	c0047ed3	fcvt.w.s	x29,f8	  f8:0x4e702e40 x29=0x3c0b9000
     226275.000 ns	     22626	80004b5c	580a79d3	fsqrt.s	f19,f20	 f20:0xf118e000 f19=0x7fc00000
     226305.000 ns	     22629	80004b60	03fd73b3	remu	x7,x26,x31	 x26:0x00000000 x31:0x00000000  x7=0x00000000
     226325.000 ns	     22631	80004b64	01fa2733	slt	x14,x20,x31	 x20:0x00000001 x31:0x00000000 x14=0x00000000
     226345.000 ns	     22633	80004b68	02911833	mulh	x16,x2,x9	  x2:0x80040fe4  x9:0x00000000 x16=0x00000000
     226375.000 ns	     22636	80004b6c	20e41653	fsgnjn.s	f12,f8,f14	  f8:0x4e702e40 f14:0x473501cc f12=0xce702e40
     226395.000 ns	     22638	80004b70	40908033	sub	x0,x1,x9	  x1:0x00000001  x9:0x00000000
     226405.000 ns	     22639	80004b74	40f25c33	sra	x24,x4,x15	  x4:0x00000000 x15:0x00000000 x24=0x00000000
     226415.000 ns	     22640	80004b78	fbbcf8b7	lui	x17,0xfbbcf	 x17=0xfbbcf000
     226425.000 ns	     22641	80004b7c	01924eb3	xor	x29,x4,x25	  x4:0x00000000 x25:0x00000000 x29=0x00000000
     226435.000 ns	     22642	80004b80	01729033	sll	x0,x5,x23	  x5:0xfffffd4e x23:0x00000001
     226455.000 ns	     22644	80004b84	02631b33	mulh	x22,x6,x6	  x6:0x0b53faf4  x6:0x0b53faf4 x22=0x0080531d
     226475.000 ns	     22646	80004b88	01bec7b3	xor	x15,x29,x27	 x29:0x00000000 x27:0x00000000 x15=0x00000000
     226485.000 ns	     22647	80004b8c	43e0deb7	lui	x29,0x43e0d	 x29=0x43e0d000
     226845.000 ns	     22683	80004b90	023e4c33	div	x24,x28,x3	 x28:0x80041024  x3:0xffffffff x24=0x7ffbefdc
     226865.000 ns	     22685	80004b94	e8a13f93	sltiu	x31,x2,-374	  x2:0x80040fe4 x31=0x00000001
     226885.000 ns	     22687	80004b98	e0028bd3	fmv.x.w	x23,f5	  f5:0xc7965eda x23=0xc7965eda
     226905.000 ns	     22689	80004b9c	df893993	sltiu	x19,x18,-520	 x18:0x00000000 x19=0x00000001
     227265.000 ns	     22725	80004ba0	021e7d33	remu	x26,x28,x1	 x28:0x80041024  x1:0x00000001 x26=0x00000000
     227295.000 ns	     22728	80004ba4	c01af6d3	fcvt.wu.s	x13,f21	 f21:0x473501cc x13=0x0000b501
     227315.000 ns	     22730	80004ba8	b3d22093	slti	x1,x4,-1219	  x4:0x00000000  x1=0x00000000
     227675.000 ns	     22766	80004bac	0342df33	divu	x30,x5,x20	  x5:0xfffffd4e x20:0x00000001 x30=0xfffffd4e
     227725.000 ns	     22771	80004bb0	09d718d3	fsub.s	f17,f14,f29	 f14:0x473501cc f29:0xff800000 f17=0x7f800000
     227745.000 ns	     22773	80004bb4	00bcddb3	srl	x27,x25,x11	 x25:0x00000000 x11:0xf24b5688 x27=0x00000000
     227755.000 ns	     22774	80004bb8	00000013	addi	x0,x0,0	  x0:0x00000000
     228115.000 ns	     22810	80004bbc	02646033	rem	x0,x8,x6	  x8:0x00000000  x6:0x0b53faf4
     228135.000 ns	     22812	80004bc0	00bf93b3	sll	x7,x31,x11	 x31:0x00000001 x11:0xf24b5688  x7=0x00000100
     228145.000 ns	     22813	80004bc4	aca76913	ori	x18,x14,-1334	 x14:0x00000000 x18=0xfffffaca
     228155.000 ns	     22814	80004bc8	d8578513	addi	x10,x15,-635	 x15:0x00000000 x10=0xfffffd85
     228165.000 ns	     22815	80004bcc	0041b833	sltu	x16,x3,x4	  x3:0xffffffff  x4:0x00000000 x16=0x00000000
     228185.000 ns	     22817	80004bd0	02b91d33	mulh	x26,x18,x11	 x18:0xfffffaca x11:0xf24b5688 x26=0x00000047
     228205.000 ns	     22819	80004bd4	00f44f33	xor	x30,x8,x15	  x8:0x00000000 x15:0x00000000 x30=0x00000000
     228215.000 ns	     22820	80004bd8	41100733	sub	x14,x0,x17	  x0:0x00000000 x17:0xfbbcf000 x14=0x04431000
     228235.000 ns	     22822	80004bdc	28a11fd3	fmax.s	f31,f2,f10	  f2:0x4ec29b50 f10:0x00000000 f31=0x4ec29b50
     228265.000 ns	     22825	80004be0	02914633	div	x12,x2,x9	  x2:0x80040fe4  x9:0x00000000 x12=0xffffffff
     228285.000 ns	     22827	80004be4	ef260693	addi	x13,x12,-270	 x12:0x28b47000 x13=0xfffffef1
     228305.000 ns	     22829	80004be8	0296b433	mulhu	x8,x13,x9	 x13:0x0000b501  x9:0x00000000  x8=0x00000000
     228335.000 ns	     22832	80004bec	03ea5db3	divu	x27,x20,x30	 x20:0x00000001 x30:0x00000000 x27=0xffffffff
     228385.000 ns	     22837	80004bf0	0875f053	fsub.s	f0,f11,f7	 f11:0x00000000  f7:0x473501cc  f0=0xc73501cc
     228405.000 ns	     22839	80004bf4	59026413	ori	x8,x4,1424	  x4:0x00000000  x8=0x00000590
     228425.000 ns	     22841	80004bf8	c01e9053	fcvt.wu.s	x0,f29	 f29:0xff800000
     228445.000 ns	     22843	80004bfc	98bd3f13	sltiu	x30,x26,-1653	 x26:0x00000047 x30=0x00000001
     228465.000 ns	     22845	80004c00	e00682d3	fmv.x.w	x5,f13	 f13:0x7e34b4b6  x5=0x7e34b4b6
     228495.000 ns	     22848	80004c04	028d0533	mul	x10,x26,x8	 x26:0x00000047  x8:0x00000590 x10=0x00018af0
     228515.000 ns	     22850	80004c08	01668233	add	x4,x13,x22	 x13:0xfffffef1 x22:0x0080531d  x4=0x0080520e
     228525.000 ns	     22851	80004c0c	008c4bb3	xor	x23,x24,x8	 x24:0x7ffbefdc  x8:0x00000590 x23=0x7ffbea4c
     228535.000 ns	     22852	80004c10	40d28cb3	sub	x25,x5,x13	  x5:0x7e34b4b6 x13:0xfffffef1 x25=0x7e34b5c5
     228545.000 ns	     22853	80004c14	01ffe233	or	x4,x31,x31	 x31:0x00000001 x31:0x00000001  x4=0x00000001
     228575.000 ns	     22856	80004c18	183f71d3	fdiv.s	f3,f30,f3	 f30:0x7118e000  f3:0x00000000  f3=0x7f800000
     228595.000 ns	     22858	80004c1c	0199b0b3	sltu	x1,x19,x25	 x19:0x00000001 x25:0x7e34b5c5  x1=0x00000001
     228615.000 ns	     22860	80004c20	208b8353	fsgnj.s	f6,f23,f8	 f23:0x7fc00000  f8:0x4e702e40  f6=0x7fc00000
     228645.000 ns	     22863	80004c24	e00e1ad3	fclass.s	x21,f28	 f28:0xff800000 x21=0x00000001
     228665.000 ns	     22865	80004c28	009dc7b3	xor	x15,x27,x9	 x27:0xffffffff  x9:0x00000000 x15=0xffffffff
     228675.000 ns	     22866	80004c2c	cadb4a37	lui	x20,0xcadb4	 x20=0xcadb4000
     228705.000 ns	     22869	80004c30	58091b53	fsqrt.s	f22,f18	 f18:0x80000000 f22=0x80000000
     228755.000 ns	     22874	80004c34	0047f7d3	fadd.s	f15,f15,f4	 f15:0x00000000  f4:0x00000000 f15=0x00000000
     228785.000 ns	     22877	80004c38	a04418d3	flt.s	x17,f8,f4	  f8:0x4e702e40  f4:0x00000000 x17=0x00000000
     228805.000 ns	     22879	80004c3c	91517497	auipc	x9,0x91517	  x9=0x1151bc3c
     228825.000 ns	     22881	80004c40	20362153	fsgnjx.s	f2,f12,f3	 f12:0xce702e40  f3:0x7f800000  f2=0xce702e40
     228845.000 ns	     22883	80004c44	005311b3	sll	x3,x6,x5	  x6:0x0b53faf4  x5:0x7e34b4b6  x3=0xbd000000
     228865.000 ns	     22885	80004c48	f00e0bd3	fmv.w.x	f23,x28	 x28:0x80041024 f23=0x80041024
     228895.000 ns	     22888	80004c4c	a10a8753	fle.s	x14,f21,f16	 f21:0x473501cc f16:0xbfc29b50 x14=0x00000000
     228925.000 ns	     22891	80004c50	a17a1cd3	flt.s	x25,f20,f23	 f20:0xf118e000 f23:0x80041024 x25=0x00000001
     228955.000 ns	     22894	80004c54	a1f81453	flt.s	x8,f16,f31	 f16:0xbfc29b50 f31:0x4ec29b50  x8=0x00000001
     228975.000 ns	     22896	80004c58	01ac4033	xor	x0,x24,x26	 x24:0x7ffbefdc x26:0x00000047
     228995.000 ns	     22898	80004c5c	02e00433	mul	x8,x0,x14	  x0:0x00000000 x14:0x00000000  x8=0x00000000
     229015.000 ns	     22900	80004c60	00000013	addi	x0,x0,0	  x0:0x00000000
     229055.000 ns	     22904	80004c64	083bfad3	fsub.s	f21,f23,f3	 f23:0x80041024  f3:0x7f800000 f21=0xff800000
     229075.000 ns	     22906	80004c68	40775733	sra	x14,x14,x7	 x14:0x00000000  x7:0x00000100 x14=0x00000000
     230245.000 ns	     23023	80004c6c	58042f53	fsqrt.s	f30,f8	  f8:0x4e702e40 f30=0x46a9d54d
     230265.000 ns	     23025	80004c70	0135f733	and	x14,x11,x19	 x11:0xf24b5688 x19:0x00000001 x14=0x00000000
     230285.000 ns	     23027	80004c74	e0091853	fclass.s	x16,f18	 f18:0x80000000 x16=0x00000008
     230305.000 ns	     23029	80004c78	de5b0517	auipc	x10,0xde5b0	 x10=0x5e5b4c78
     230315.000 ns	     23030	80004c7c	010616b3	sll	x13,x12,x16	 x12:0xffffffff x16:0x00000008 x13=0xffffff00
     230325.000 ns	     23031	80004c80	00657b33	and	x22,x10,x6	 x10:0x00018af0  x6:0x0b53faf4 x22=0x0a534870
     230345.000 ns	     23033	80004c84	f0000253	fmv.w.x	f4,x0	  x0:0x00000000  f4=0x00000000
     230375.000 ns	     23036	80004c88	02cb0bb3	mul	x23,x22,x12	 x22:0x0080531d x12:0xffffffff x23=0xf5acb790
     230405.000 ns	     23039	80004c8c	21c9a553	fsgnjx.s	f10,f19,f28	 f19:0x7fc00000 f28:0xff800000 f10=0xffc00000
     230435.000 ns	     23042	80004c90	0314adb3	mulhsu	x27,x9,x17	  x9:0x1151bc3c x17:0x00000000 x27=0x00000000
     230455.000 ns	     23044	80004c94	8616b217	auipc	x4,0x8616b	  x4=0x0616fc94
     230465.000 ns	     23045	80004c98	017bf9b3	and	x19,x23,x23	 x23:0xf5acb790 x23:0xf5acb790 x19=0xf5acb790
     230485.000 ns	     23047	80004c9c	028ec3b3	div	x7,x29,x8	 x29:0x43e0d000  x8:0x00000000  x7=0xffffffff
     230515.000 ns	     23050	80004ca0	e0029ed3	fclass.s	x29,f5	  f5:0xc7965eda x29=0x00000002
     230535.000 ns	     23052	80004ca4	79835f37	lui	x30,0x79835	 x30=0x79835000
     230555.000 ns	     23054	80004ca8	e0030a53	fmv.x.w	x20,f6	  f6:0x7fc00000 x20=0x7fc00000
     230925.000 ns	     23091	80004cac	02f65533	divu	x10,x12,x15	 x12:0xffffffff x15:0xffffffff x10=0x00000001
     230965.000 ns	     23095	80004cb0	1199f753	fmul.s	f14,f19,f25	 f19:0x7fc00000 f25:0x00000000 f14=0x7fc00000
     231015.000 ns	     23100	80004cb4	0158afd3	fadd.s	f31,f17,f21	 f17:0x7f800000 f21:0xff800000 f31=0x80000000
     231045.000 ns	     23103	80004cb8	a0039c53	flt.s	x24,f7,f0	  f7:0x473501cc  f0:0xc73501cc x24=0x00000000
     231065.000 ns	     23105	80004cbc	41965893	srai	x17,x12,0x19	 x12:0xffffffff x17=0xffffffff
     231075.000 ns	     23106	80004cc0	002d1b13	slli	x22,x26,0x2	 x26:0x00000047 x22=0x0000011c
     231095.000 ns	     23108	80004cc4	a07102d3	fle.s	x5,f2,f7	  f2:0xce702e40  f7:0x473501cc  x5=0x00000001
     231125.000 ns	     23111	80004cc8	290f1fd3	fmax.s	f31,f30,f16	 f30:0x46a9d54d f16:0xbfc29b50 f31=0x46a9d54d
     231155.000 ns	     23114	80004ccc	e00e9853	fclass.s	x16,f29	 f29:0xff800000 x16=0x00000001
     231175.000 ns	     23116	80004cd0	00ffb8b3	sltu	x17,x31,x15	 x31:0x00000001 x15:0xffffffff x17=0x00000001
     231195.000 ns	     23118	80004cd4	d0168753	fcvt.s.wu	f14,x13	 x13:0xffffff00 f14=0x4f7fffff
     231215.000 ns	     23120	80004cd8	01212833	slt	x16,x2,x18	  x2:0x80040fe4 x18:0xfffffaca x16=0x00000001
     231225.000 ns	     23121	80004cdc	008233b3	sltu	x7,x4,x8	  x4:0x0616fc94  x8:0x00000000  x7=0x00000000
     231255.000 ns	     23124	80004ce0	18f2a1d3	fdiv.s	f3,f5,f15	  f5:0xc7965eda f15:0x00000000  f3=0xff800000
     231285.000 ns	     23127	80004ce4	c01d4dd3	fcvt.wu.s	x27,f26	 f26:0x7fc00000 x27=0xffffffff
     231305.000 ns	     23129	80004ce8	000dd893	srli	x17,x27,0x0	 x27:0x00000000 x17=0xffffffff
     231315.000 ns	     23130	80004cec	56663697	auipc	x13,0x56663	 x13=0xd6667cec
     231325.000 ns	     23131	80004cf0	01cb78b3	and	x17,x22,x28	 x22:0x0000011c x28:0x80041024 x17=0x00000004
     231345.000 ns	     23133	80004cf4	e00184d3	fmv.x.w	x9,f3	  f3:0xff800000  x9=0xff800000
     231375.000 ns	     23136	80004cf8	d0067cd3	fcvt.s.w	f25,x12	 x12:0xffffffff f25=0xbf800000
     231405.000 ns	     23139	80004cfc	a0020c53	fle.s	x24,f4,f0	  f4:0x00000000  f0:0xc73501cc x24=0x00000000
     231425.000 ns	     23141	80004d00	bb928d13	addi	x26,x5,-1095	  x5:0x00000001 x26=0xfffffbba
     231435.000 ns	     23142	80004d04	013b3ab3	sltu	x21,x22,x19	 x22:0x0000011c x19:0xf5acb790 x21=0x00000001
     231455.000 ns	     23144	80004d08	d00981d3	fcvt.s.w	f3,x19	 x19:0xf5acb790  f3=0xcd253487
     231475.000 ns	     23146	80004d0c	40f9d293	srai	x5,x19,0xf	 x19:0xf5acb790  x5=0xffffeb59
     231495.000 ns	     23148	80004d10	0288e9b3	rem	x19,x17,x8	 x17:0x00000004  x8:0x00000000 x19=0x00000004
     231525.000 ns	     23151	80004d14	e00a08d3	fmv.x.w	x17,f20	 f20:0xf118e000 x17=0xf118e000
     231545.000 ns	     23153	80004d18	15968013	addi	x0,x13,345	 x13:0xd6667cec
     231565.000 ns	     23155	80004d1c	a1d9a853	feq.s	x16,f19,f29	 f19:0x7fc00000 f29:0xff800000 x16=0x00000000
     231585.000 ns	     23157	80004d20	00cdd893	srli	x17,x27,0xc	 x27:0xffffffff x17=0x000fffff
     231605.000 ns	     23159	80004d24	e00b91d3	fclass.s	x3,f23	 f23:0x80041024  x3=0x00000004
     231645.000 ns	     23163	80004d28	1874fd53	fdiv.s	f26,f9,f7	  f9:0x7fc00000  f7:0x473501cc f26=0x7fc00000
     231695.000 ns	     23168	80004d2c	00ad7f53	fadd.s	f30,f26,f10	 f26:0x7fc00000 f10:0xffc00000 f30=0x7fc00000
     231725.000 ns	     23171	80004d30	0314bc33	mulhu	x24,x9,x17	  x9:0xff800000 x17:0x000fffff x24=0x000ff7ff
     231755.000 ns	     23174	80004d34	02f2a533	mulhsu	x10,x5,x15	  x5:0xffffeb59 x15:0xffffffff x10=0xffffeb59
     231775.000 ns	     23176	80004d38	00d7aa33	slt	x20,x15,x13	 x15:0xffffffff x13:0xd6667cec x20=0x00000000
     231795.000 ns	     23178	80004d3c	e00296d3	fclass.s	x13,f5	  f5:0xc7965eda x13=0x00000002
     231815.000 ns	     23180	80004d40	01e58fb3	add	x31,x11,x30	 x11:0xf24b5688 x30:0x79835000 x31=0x6bcea688
     231835.000 ns	     23182	80004d44	a1850253	fle.s	x4,f10,f24	 f10:0xffc00000 f24:0x00000000  x4=0x00000000
     231855.000 ns	     23184	80004d48	01619a93	slli	x21,x3,0x16	  x3:0x00000004 x21=0x01000000
     231865.000 ns	     23185	80004d4c	01c1dfb3	srl	x31,x3,x28	  x3:0x00000004 x28:0x80041024 x31=0x00000000
     231875.000 ns	     23186	80004d50	a27b3037	lui	x0,0xa27b3	
     231885.000 ns	     23187	80004d54	46fffc13	andi	x24,x31,1135	 x31:0x6bcea688 x24=0x00000000
     231895.000 ns	     23188	80004d58	8e6d6413	ori	x8,x26,-1818	 x26:0xfffffbba  x8=0xfffffbfe
     231915.000 ns	     23190	80004d5c	e0060cd3	fmv.x.w	x25,f12	 f12:0xce702e40 x25=0xce702e40
     231945.000 ns	     23193	80004d60	215d0053	fsgnj.s	f0,f26,f21	 f26:0x7fc00000 f21:0xff800000  f0=0xffc00000
     231965.000 ns	     23195	80004d64	00c38233	add	x4,x7,x12	  x7:0x00000000 x12:0xffffffff  x4=0xffffffff
     231985.000 ns	     23197	80004d68	e00389d3	fmv.x.w	x19,f7	  f7:0x473501cc x19=0x473501cc
     232005.000 ns	     23199	80004d6c	c461cb93	xori	x23,x3,-954	  x3:0x00000004 x23=0xfffffc42
     232015.000 ns	     23200	80004d70	0075a833	slt	x16,x11,x7	 x11:0xf24b5688  x7:0x00000000 x16=0x00000001
     232045.000 ns	     23203	80004d74	181d7a53	fdiv.s	f20,f26,f1	 f26:0x7fc00000  f1:0x7fc00000 f20=0x7fc00000
     232075.000 ns	     23206	80004d78	c00b1a53	fcvt.w.s	x20,f22	 f22:0x80000000 x20=0x00000000
     232095.000 ns	     23208	80004d7c	0157f7b3	and	x15,x15,x21	 x15:0xffffffff x21:0x01000000 x15=0x01000000
     232105.000 ns	     23209	80004d80	41e05913	srai	x18,x0,0x1e	  x0:0x00000000 x18=0x00000000
     232115.000 ns	     23210	80004d84	00242cb3	slt	x25,x8,x2	  x8:0xfffffbfe  x2:0x80040fe4 x25=0x00000000
     232135.000 ns	     23212	80004d88	203f2e53	fsgnjx.s	f28,f30,f3	 f30:0x7fc00000  f3:0xcd253487 f28=0xffc00000
     232165.000 ns	     23215	80004d8c	281701d3	fmin.s	f3,f14,f1	 f14:0x4f7fffff  f1:0x7fc00000  f3=0x4f7fffff
     232535.000 ns	     23252	80004d90	02bbeeb3	rem	x29,x23,x11	 x23:0xfffffc42 x11:0xf24b5688 x29=0xfffffc42
     232905.000 ns	     23289	80004d94	02cceab3	rem	x21,x25,x12	 x25:0x00000000 x12:0xffffffff x21=0x00000000
     232925.000 ns	     23291	80004d98	40d05bb3	sra	x23,x0,x13	  x0:0x00000000 x13:0x00000002 x23=0x00000000
     232935.000 ns	     23292	80004d9c	01d0d613	srli	x12,x1,0x1d	  x1:0x00000001 x12=0x00000000
     232955.000 ns	     23294	80004da0	e00a0453	fmv.x.w	x8,f20	 f20:0x7fc00000  x8=0x7fc00000
     232975.000 ns	     23296	80004da4	fb9af193	andi	x3,x21,-71	 x21:0x00000000  x3=0x00000000
     232995.000 ns	     23298	80004da8	a0de2053	feq.s	x0,f28,f13	 f28:0xffc00000 f13:0x7e34b4b6
     233025.000 ns	     23301	80004dac	28f81353	fmax.s	f6,f16,f15	 f16:0xbfc29b50 f15:0x00000000  f6=0x00000000
     233075.000 ns	     23306	80004db0	09b8b2d3	fsub.s	f5,f17,f27	 f17:0x7f800000 f27:0x47965eda  f5=0x7f800000
     233095.000 ns	     23308	80004db4	010bef33	or	x30,x23,x16	 x23:0x00000000 x16:0x00000001 x30=0x00000001
     233105.000 ns	     23309	80004db8	2d2d2193	slti	x3,x26,722	 x26:0xfffffbba  x3=0x00000001
     233125.000 ns	     23311	80004dbc	f0098d53	fmv.w.x	f26,x19	 x19:0x473501cc f26=0x473501cc
     233155.000 ns	     23314	80004dc0	c0081253	fcvt.w.s	x4,f16	 f16:0xbfc29b50  x4=0xffffffff
     233205.000 ns	     23319	80004dc4	01c43d53	fadd.s	f26,f8,f28	  f8:0x4e702e40 f28:0xffc00000 f26=0x7fc00000
     233225.000 ns	     23321	80004dc8	012d8cb3	add	x25,x27,x18	 x27:0xffffffff x18:0x00000000 x25=0xffffffff
     233245.000 ns	     23323	80004dcc	c0179453	fcvt.wu.s	x8,f15	 f15:0x00000000  x8=0x00000000
     233265.000 ns	     23325	80004dd0	fb4c2913	slti	x18,x24,-76	 x24:0x00000000 x18=0x00000000
     233275.000 ns	     23326	80004dd4	00166d33	or	x26,x12,x1	 x12:0x00000000  x1:0x00000001 x26=0x00000001
     233285.000 ns	     23327	80004dd8	76a10f13	addi	x30,x2,1898	  x2:0x80040fe4 x30=0x8004174e
     233305.000 ns	     23329	80004ddc	21d88153	fsgnj.s	f2,f17,f29	 f17:0x7f800000 f29:0xff800000  f2=0xff800000
     233325.000 ns	     23331	80004de0	00ed1493	slli	x9,x26,0xe	 x26:0x00000001  x9=0x00004000
     233335.000 ns	     23332	80004de4	2b4cfa13	andi	x20,x25,692	 x25:0xffffffff x20=0x000002b4
     233355.000 ns	     23334	80004de8	20b48bd3	fsgnj.s	f23,f9,f11	  f9:0x7fc00000 f11:0x00000000 f23=0x7fc00000
     233375.000 ns	     23336	80004dec	5eb72093	slti	x1,x14,1515	 x14:0x00000000  x1=0x00000001
     233385.000 ns	     23337	80004df0	b3070d93	addi	x27,x14,-1232	 x14:0x00000000 x27=0xfffffb30
     233395.000 ns	     23338	80004df4	01bba633	slt	x12,x23,x27	 x23:0x00000000 x27:0xffffffff x12=0x00000000
     233425.000 ns	     23341	80004df8	580c7e53	fsqrt.s	f28,f24	 f24:0x00000000 f28=0x00000000
     233455.000 ns	     23344	80004dfc	28e79153	fmax.s	f2,f15,f14	 f15:0x00000000 f14:0x4f7fffff  f2=0x4f7fffff
     233475.000 ns	     23346	80004e00	00bbc233	xor	x4,x23,x11	 x23:0x00000000 x11:0xf24b5688  x4=0xf24b5688
     233495.000 ns	     23348	80004e04	28380c53	fmin.s	f24,f16,f3	 f16:0xbfc29b50  f3:0x4f7fffff f24=0xbfc29b50
     233525.000 ns	     23351	80004e08	a1f62853	feq.s	x16,f12,f31	 f12:0xce702e40 f31:0x46a9d54d x16=0x00000000
     233555.000 ns	     23354	80004e0c	c002ff53	fcvt.w.s	x30,f5	  f5:0x7f800000 x30=0x7fffffff
     233575.000 ns	     23356	80004e10	7bcc6693	ori	x13,x24,1980	 x24:0x00000000 x13=0x000007bc
     233595.000 ns	     23358	80004e14	d019f653	fcvt.s.wu	f12,x19	 x19:0x473501cc f12=0x4e8e6a03
     233635.000 ns	     23362	80004e18	100e79d3	fmul.s	f19,f28,f0	 f28:0x00000000  f0:0xffc00000 f19=0x7fc00000
     233655.000 ns	     23364	80004e1c	01fe9913	slli	x18,x29,0x1f	 x29:0xfffffc42 x18=0x00000000
     233665.000 ns	     23365	80004e20	01383fb3	sltu	x31,x16,x19	 x16:0x00000000 x19:0x473501cc x31=0x00000001
     233695.000 ns	     23368	80004e24	1153c2d3	fmul.s	f5,f7,f21	  f7:0x473501cc f21:0xff800000  f5=0xff800000
     233725.000 ns	     23371	80004e28	f00c8dd3	fmv.w.x	f27,x25	 x25:0xffffffff f27=0xffffffff
     233745.000 ns	     23373	80004e2c	00095cb3	srl	x25,x18,x0	 x18:0x00000000  x0:0x00000000 x25=0x00000000
     233755.000 ns	     23374	80004e30	a759bc13	sltiu	x24,x19,-1419	 x19:0x473501cc x24=0x00000001
     233775.000 ns	     23376	80004e34	03eb02b3	mul	x5,x22,x30	 x22:0x0000011c x30:0x7fffffff  x5=0xfffffee4
     233795.000 ns	     23378	80004e38	00f96eb3	or	x29,x18,x15	 x18:0x00000000 x15:0x01000000 x29=0x01000000
     233825.000 ns	     23381	80004e3c	106a23d3	fmul.s	f7,f20,f6	 f20:0x7fc00000  f6:0x00000000  f7=0x7fc00000
     233855.000 ns	     23384	80004e40	f00c8ad3	fmv.w.x	f21,x25	 x25:0x00000000 f21=0x00000000
     233885.000 ns	     23387	80004e44	f00c8d53	fmv.w.x	f26,x25	 x25:0x00000000 f26=0x00000000
     234255.000 ns	     23424	80004e48	03efe633	rem	x12,x31,x30	 x31:0x00000001 x30:0x7fffffff x12=0x00000001
     234275.000 ns	     23426	80004e4c	009897b3	sll	x15,x17,x9	 x17:0x000fffff  x9:0x00004000 x15=0x000fffff
     234285.000 ns	     23427	80004e50	36b90713	addi	x14,x18,875	 x18:0x00000000 x14=0x0000036b
     234305.000 ns	     23429	80004e54	204a0fd3	fsgnj.s	f31,f20,f4	 f20:0x7fc00000  f4:0x00000000 f31=0x7fc00000
     234325.000 ns	     23431	80004e58	01719a93	slli	x21,x3,0x17	  x3:0x00000001 x21=0x00800000
     234335.000 ns	     23432	80004e5c	95b6e413	ori	x8,x13,-1701	 x13:0x000007bc  x8=0xffffffff
     234345.000 ns	     23433	80004e60	0048ec33	or	x24,x17,x4	 x17:0x000fffff  x4:0xf24b5688 x24=0xf24fffff
     234355.000 ns	     23434	80004e64	86d5f293	andi	x5,x11,-1939	 x11:0xf24b5688  x5=0xf24b5008
     234375.000 ns	     23436	80004e68	f0090a53	fmv.w.x	f20,x18	 x18:0x00000000 f20=0x00000000
     234405.000 ns	     23439	80004e6c	0323f9b3	remu	x19,x7,x18	  x7:0x00000000 x18:0x00000000 x19=0x00000000
     234425.000 ns	     23441	80004e70	01654b33	xor	x22,x10,x22	 x10:0xffffeb59 x22:0x0000011c x22=0xffffea45
     234435.000 ns	     23442	80004e74	40f103b3	sub	x7,x2,x15	  x2:0x80040fe4 x15:0x000fffff  x7=0x7ff40fe5
     234455.000 ns	     23444	80004e78	d00d79d3	fcvt.s.w	f19,x26	 x26:0x00000001 f19=0x3f800000
     234485.000 ns	     23447	80004e7c	20b185d3	fsgnj.s	f11,f3,f11	  f3:0x4f7fffff f11:0x00000000 f11=0x4f7fffff
     234855.000 ns	     23484	80004e80	03ad5eb3	divu	x29,x26,x26	 x26:0x00000001 x26:0x00000001 x29=0x00000001
     235225.000 ns	     23521	80004e84	02abeeb3	rem	x29,x23,x10	 x23:0x00000000 x10:0xffffeb59 x29=0x00000000
     235255.000 ns	     23524	80004e88	03ff0a33	mul	x20,x30,x31	 x30:0x7fffffff x31:0x00000001 x20=0x7fffffff
     235285.000 ns	     23527	80004e8c	a04c9f53	flt.s	x30,f25,f4	 f25:0xbf800000  f4:0x00000000 x30=0x00000001
     235305.000 ns	     23529	80004e90	6e0131b7	lui	x3,0x6e013	  x3=0x6e013000
     235315.000 ns	     23530	80004e94	00000013	addi	x0,x0,0	  x0:0x00000000
     235335.000 ns	     23532	80004e98	29f89153	fmax.s	f2,f17,f31	 f17:0x7f800000 f31:0x7fc00000  f2=0x7f800000
     235355.000 ns	     23534	80004e9c	00000013	addi	x0,x0,0	  x0:0x00000000
     235365.000 ns	     23535	80004ea0	63886913	ori	x18,x16,1592	 x16:0x00000000 x18=0x00000638
     235385.000 ns	     23537	80004ea4	203129d3	fsgnjx.s	f19,f2,f3	  f2:0x7f800000  f3:0x4f7fffff f19=0x7f800000
     235435.000 ns	     23542	80004ea8	00b59dd3	fadd.s	f27,f11,f11	 f11:0x4f7fffff f11:0x4f7fffff f27=0x4fffffff
     235465.000 ns	     23545	80004eac	f00d0853	fmv.w.x	f16,x26	 x26:0x00000001 f16=0x00000001
     235485.000 ns	     23547	80004eb0	0147f9b3	and	x19,x15,x20	 x15:0x000fffff x20:0x7fffffff x19=0x000fffff
     235505.000 ns	     23549	80004eb4	e0060dd3	fmv.x.w	x27,f12	 f12:0x4e8e6a03 x27=0x4e8e6a03
     235535.000 ns	     23552	80004eb8	021f1733	mulh	x14,x30,x1	 x30:0x00000001  x1:0x00000001 x14=0x00000000
     235555.000 ns	     23554	80004ebc	5b9eb013	sltiu	x0,x29,1465	 x29:0x00000000
     236725.000 ns	     23671	80004ec0	58068d53	fsqrt.s	f26,f13	 f13:0x7e34b4b6 f26=0x5e7f8e46
     236755.000 ns	     23674	80004ec4	20c71a53	fsgnjn.s	f20,f14,f12	 f14:0x4f7fffff f12:0x4e8e6a03 f20=0xcf7fffff
     236775.000 ns	     23676	80004ec8	00000013	addi	x0,x0,0	  x0:0x00000000
     237135.000 ns	     23712	80004ecc	03447fb3	remu	x31,x8,x20	  x8:0xffffffff x20:0x7fffffff x31=0x00000001
     237155.000 ns	     23714	80004ed0	40625433	sra	x8,x4,x6	  x4:0xf24b5688  x6:0x0b53faf4  x8=0xffffff24
     237165.000 ns	     23715	80004ed4	8c403313	sltiu	x6,x0,-1852	  x0:0x00000000  x6=0x00000001
     237175.000 ns	     23716	80004ed8	f6c38b93	addi	x23,x7,-148	  x7:0x7ff40fe5 x23=0x7ff40f51
     237215.000 ns	     23720	80004edc	089a26d3	fsub.s	f13,f20,f9	 f20:0xcf7fffff  f9:0x7fc00000 f13=0x7fc00000
     237235.000 ns	     23722	80004ee0	01825bb3	srl	x23,x4,x24	  x4:0xf24b5688 x24:0xf24fffff x23=0x00000001
     237255.000 ns	     23724	80004ee4	020b5533	divu	x10,x22,x0	 x22:0xffffea45  x0:0x00000000 x10=0xffffffff
     237285.000 ns	     23727	80004ee8	02db3733	mulhu	x14,x22,x13	 x22:0xffffea45 x13:0x000007bc x14=0x000007bb
     237305.000 ns	     23729	80004eec	0117e1b3	or	x3,x15,x17	 x15:0x000fffff x17:0x000fffff  x3=0x000fffff
     237315.000 ns	     23730	80004ef0	a70b4513	xori	x10,x22,-1424	 x22:0xffffea45 x10=0x00001035
     237325.000 ns	     23731	80004ef4	098d5697	auipc	x13,0x98d5	 x13=0x898d9ef4
     237345.000 ns	     23733	80004ef8	a19d0d53	fle.s	x26,f26,f25	 f26:0x5e7f8e46 f25:0xbf800000 x26=0x00000000
     237365.000 ns	     23735	80004efc	4199d693	srai	x13,x19,0x19	 x19:0x000fffff x13=0x00000000
     237375.000 ns	     23736	80004f00	01da1f13	slli	x30,x20,0x1d	 x20:0x7fffffff x30=0xe0000000
     237395.000 ns	     23738	80004f04	211083d3	fsgnj.s	f7,f1,f17	  f1:0x7fc00000 f17:0x7f800000  f7=0x7fc00000
     237445.000 ns	     23743	80004f08	080d7cd3	fsub.s	f25,f26,f0	 f26:0x5e7f8e46  f0:0xffc00000 f25=0x7fc00000
     237475.000 ns	     23746	80004f0c	28989753	fmax.s	f14,f17,f9	 f17:0x7f800000  f9:0x7fc00000 f14=0x7f800000
     237525.000 ns	     23751	80004f10	00992d53	fadd.s	f26,f18,f9	 f18:0x80000000  f9:0x7fc00000 f26=0x7fc00000
     237555.000 ns	     23754	80004f14	d00cfb53	fcvt.s.w	f22,x25	 x25:0x00000000 f22=0x00000000
     237595.000 ns	     23758	80004f18	11c078d3	fmul.s	f17,f0,f28	  f0:0xffc00000 f28:0x00000000 f17=0x7fc00000
     237625.000 ns	     23761	80004f1c	296405d3	fmin.s	f11,f8,f22	  f8:0x4e702e40 f22:0x00000000 f11=0x00000000
     237655.000 ns	     23764	80004f20	29118253	fmin.s	f4,f3,f17	  f3:0x4f7fffff f17:0x7fc00000  f4=0x4f7fffff
     237685.000 ns	     23767	80004f24	e00808d3	fmv.x.w	x17,f16	 f16:0x00000001 x17=0x00000001
     237705.000 ns	     23769	80004f28	50472393	slti	x7,x14,1284	 x14:0x000007bb  x7=0x00000000
     237745.000 ns	     23773	80004f2c	014c7753	fadd.s	f14,f24,f20	 f24:0xbfc29b50 f20:0xcf7fffff f14=0xcf7fffff
     237765.000 ns	     23775	80004f30	41ea83b3	sub	x7,x21,x30	 x21:0x00800000 x30:0xe0000000  x7=0x20800000
     237785.000 ns	     23777	80004f34	a188afd3	feq.s	x31,f17,f24	 f17:0x7fc00000 f24:0xbfc29b50 x31=0x00000000
     237825.000 ns	     23781	80004f38	11627dd3	fmul.s	f27,f4,f22	  f4:0x4f7fffff f22:0x00000000 f27=0x00000000
     238195.000 ns	     23818	80004f3c	021de9b3	rem	x19,x27,x1	 x27:0x4e8e6a03  x1:0x00000001 x19=0x00000000
     238225.000 ns	     23821	80004f40	03b58cb3	mul	x25,x11,x27	 x11:0xf24b5688 x27:0x4e8e6a03 x25=0x78265398
     238255.000 ns	     23824	80004f44	282191d3	fmax.s	f3,f3,f2	  f3:0x4f7fffff  f2:0x7f800000  f3=0x7f800000
     238275.000 ns	     23826	80004f48	9a253d13	sltiu	x26,x10,-1630	 x10:0x00001035 x26=0x00000001
     238285.000 ns	     23827	80004f4c	dca66393	ori	x7,x12,-566	 x12:0x00000001  x7=0xfffffdcb
     238295.000 ns	     23828	80004f50	32141a17	auipc	x20,0x32141	 x20=0xb2145f50
     238305.000 ns	     23829	80004f54	2232a993	slti	x19,x5,547	  x5:0xf24b5008 x19=0x00000001
     238315.000 ns	     23830	80004f58	1b3c8193	addi	x3,x25,435	 x25:0x78265398  x3=0x7826554b
     238335.000 ns	     23832	80004f5c	02748db3	mul	x27,x9,x7	  x9:0x00004000  x7:0xfffffdcb x27=0xff72c000
     238355.000 ns	     23834	80004f60	00000013	addi	x0,x0,0	  x0:0x00000000
     238375.000 ns	     23836	80004f64	02b81833	mulh	x16,x16,x11	 x16:0x00000000 x11:0xf24b5688 x16=0x00000000
     238745.000 ns	     23873	80004f68	03ac60b3	rem	x1,x24,x26	 x24:0xf24fffff x26:0x00000001  x1=0x00000000
     238765.000 ns	     23875	80004f6c	00b78033	add	x0,x15,x11	 x15:0x000fffff x11:0xf24b5688
     238785.000 ns	     23877	80004f70	21b90bd3	fsgnj.s	f23,f18,f27	 f18:0x80000000 f27:0x00000000 f23=0x00000000
     238805.000 ns	     23879	80004f74	41a5d233	sra	x4,x11,x26	 x11:0xf24b5688 x26:0x00000001  x4=0xf925ab44
     238825.000 ns	     23881	80004f78	026bb933	mulhu	x18,x23,x6	 x23:0x00000001  x6:0x00000001 x18=0x00000000
     238845.000 ns	     23883	80004f7c	01844f33	xor	x30,x8,x24	  x8:0xffffff24 x24:0xf24fffff x30=0x0db000db
     238855.000 ns	     23884	80004f80	000a1833	sll	x16,x20,x0	 x20:0xb2145f50  x0:0x00000000 x16=0xb2145f50
     238875.000 ns	     23886	80004f84	c0169bd3	fcvt.wu.s	x23,f13	 f13:0x7fc00000 x23=0xffffffff
     238895.000 ns	     23888	80004f88	00000013	addi	x0,x0,0	  x0:0x00000000
     238935.000 ns	     23892	80004f8c	019e0bd3	fadd.s	f23,f28,f25	 f28:0x00000000 f25:0x7fc00000 f23=0x7fc00000
     238965.000 ns	     23895	80004f90	a1bd27d3	feq.s	x15,f26,f27	 f26:0x7fc00000 f27:0x00000000 x15=0x00000000
     239015.000 ns	     23900	80004f94	098f79d3	fsub.s	f19,f30,f24	 f30:0x7fc00000 f24:0xbfc29b50 f19=0x7fc00000
     239045.000 ns	     23903	80004f98	21e727d3	fsgnjx.s	f15,f14,f30	 f14:0xcf7fffff f30:0x7fc00000 f15=0xcf7fffff
     239065.000 ns	     23905	80004f9c	0074b433	sltu	x8,x9,x7	  x9:0x00004000  x7:0xfffffdcb  x8=0x00000001
     239075.000 ns	     23906	80004fa0	40440333	sub	x6,x8,x4	  x8:0xffffff24  x4:0xf925ab44  x6=0x06da54bd
     239095.000 ns	     23908	80004fa4	e00b8753	fmv.x.w	x14,f23	 f23:0x7fc00000 x14=0x7fc00000
     239465.000 ns	     23945	80004fa8	025ecb33	div	x22,x29,x5	 x29:0x00000000  x5:0xf24b5008 x22=0x00000000
     239495.000 ns	     23948	80004fac	a04ca553	feq.s	x10,f25,f4	 f25:0x7fc00000  f4:0x4f7fffff x10=0x00000000
     239515.000 ns	     23950	80004fb0	27220013	addi	x0,x4,626	  x4:0xf925ab44
     239545.000 ns	     23953	80004fb4	186f48d3	fdiv.s	f17,f30,f6	 f30:0x7fc00000  f6:0x00000000 f17=0x7fc00000
     239565.000 ns	     23955	80004fb8	e653e093	ori	x1,x7,-411	  x7:0xfffffdcb  x1=0xffffffef
     239585.000 ns	     23957	80004fbc	c0177953	fcvt.wu.s	x18,f14	 f14:0xcf7fffff x18=0xffffff00
     239615.000 ns	     23960	80004fc0	a1ff00d3	fle.s	x1,f30,f31	 f30:0x7fc00000 f31:0x7fc00000  x1=0x00000000
     239645.000 ns	     23963	80004fc4	e0040ed3	fmv.x.w	x29,f8	  f8:0x4e702e40 x29=0x4e702e40
     239665.000 ns	     23965	80004fc8	cf181337	lui	x6,0xcf181	  x6=0xcf181000
     239685.000 ns	     23967	80004fcc	03591fb3	mulh	x31,x18,x21	 x18:0xffffff00 x21:0x00800000 x31=0xffffffff
     239705.000 ns	     23969	80004fd0	41cbdab3	sra	x21,x23,x28	 x23:0xffffffff x28:0x80041024 x21=0xffffffff
     239725.000 ns	     23971	80004fd4	a00c9053	flt.s	x0,f25,f0	 f25:0x7fc00000  f0:0xffc00000
     239755.000 ns	     23974	80004fd8	f0040ed3	fmv.w.x	f29,x8	  x8:0x00000001 f29=0x00000001
     239785.000 ns	     23977	80004fdc	d00e77d3	fcvt.s.w	f15,x28	 x28:0x80041024 f15=0xcefff7df
     240155.000 ns	     24014	80004fe0	037cfdb3	remu	x27,x25,x23	 x25:0x78265398 x23:0xffffffff x27=0x78265398
     240175.000 ns	     24016	80004fe4	001eda13	srli	x20,x29,0x1	 x29:0x4e702e40 x20=0x27381720
     240185.000 ns	     24017	80004fe8	a6083c37	lui	x24,0xa6083	 x24=0xa6083000
     240205.000 ns	     24019	80004fec	032a1db3	mulh	x27,x20,x18	 x20:0xb2145f50 x18:0xffffff00 x27=0xffffffd8
     240235.000 ns	     24022	80004ff0	f00c05d3	fmv.w.x	f11,x24	 x24:0xf24fffff f11=0xa6083000
     240255.000 ns	     24024	80004ff4	01578cb3	add	x25,x15,x21	 x15:0x00000000 x21:0xffffffff x25=0xffffffff
     240275.000 ns	     24026	80004ff8	c004a1d3	fcvt.w.s	x3,f9	  f9:0x7fc00000  x3=0x7fffffff
     240315.000 ns	     24030	80004ffc	580ab453	fsqrt.s	f8,f21	 f21:0x00000000  f8=0x00000000
     240345.000 ns	     24033	80005000	21191753	fsgnjn.s	f14,f18,f17	 f18:0x80000000 f17:0x7fc00000 f14=0x80000000
     240365.000 ns	     24035	80005004	01cbd033	srl	x0,x23,x28	 x23:0xffffffff x28:0x80041024
     240375.000 ns	     24036	80005008	85db9f97	auipc	x31,0x85db9	 x31=0x05dbe008
     240385.000 ns	     24037	8000500c	19f16c13	ori	x24,x2,415	  x2:0x80040fe4 x24=0x80040fff
     240405.000 ns	     24039	80005010	026a3b33	mulhu	x22,x20,x6	 x20:0x27381720  x6:0xcf181000 x22=0x1fba0a68
     240425.000 ns	     24041	80005014	d51b5eb7	lui	x29,0xd51b5	 x29=0xd51b5000
     240435.000 ns	     24042	80005018	007e1f93	slli	x31,x28,0x7	 x28:0x80041024 x31=0x02081200
     240445.000 ns	     24043	8000501c	01287433	and	x8,x16,x18	 x16:0xb2145f50 x18:0xffffff00  x8=0xb2145f00
     240455.000 ns	     24044	80005020	01b07233	and	x4,x0,x27	  x0:0x00000000 x27:0xffffffd8  x4=0x00000000
     240475.000 ns	     24046	80005024	e00599d3	fclass.s	x19,f11	 f11:0xa6083000 x19=0x00000002
     240495.000 ns	     24048	80005028	00000013	addi	x0,x0,0	  x0:0x00000000
     240535.000 ns	     24052	8000502c	08f51253	fsub.s	f4,f10,f15	 f10:0xffc00000 f15:0xcefff7df  f4=0x7fc00000
     240555.000 ns	     24054	80005030	00e14a33	xor	x20,x2,x14	  x2:0x80040fe4 x14:0x7fc00000 x20=0xffc40fe4
     240565.000 ns	     24055	80005034	921acf93	xori	x31,x21,-1759	 x21:0xffffffff x31=0x000006de
     240585.000 ns	     24057	80005038	02ada233	mulhsu	x4,x27,x10	 x27:0xffffffd8 x10:0x00000000  x4=0x00000000
     240605.000 ns	     24059	8000503c	c022c393	xori	x7,x5,-1022	  x5:0xf24b5008  x7=0x0db4ac0a
     240625.000 ns	     24061	80005040	024456b3	divu	x13,x8,x4	  x8:0xb2145f00  x4:0x00000000 x13=0xffffffff
     240645.000 ns	     24063	80005044	004abbb3	sltu	x23,x21,x4	 x21:0xffffffff  x4:0x00000000 x23=0x00000000
     240685.000 ns	     24067	80005048	009ef8d3	fadd.s	f17,f29,f9	 f29:0x00000001  f9:0x7fc00000 f17=0x7fc00000
     240725.000 ns	     24071	8000504c	1113fa53	fmul.s	f20,f7,f17	  f7:0x7fc00000 f17:0x7fc00000 f20=0x7fc00000
     240745.000 ns	     24073	80005050	00dd9f93	slli	x31,x27,0xd	 x27:0xffffffd8 x31=0xfffb0000
     240765.000 ns	     24075	80005054	d01d72d3	fcvt.s.wu	f5,x26	 x26:0x00000001  f5=0x3f800000
     240785.000 ns	     24077	80005058	d1427193	andi	x3,x4,-748	  x4:0x00000000  x3=0x00000000
     240795.000 ns	     24078	8000505c	581f8b13	addi	x22,x31,1409	 x31:0xfffb0000 x22=0xfffb0581
     240815.000 ns	     24080	80005060	02609d33	mulh	x26,x1,x6	  x1:0x00000000  x6:0xcf181000 x26=0x00000000
     240845.000 ns	     24083	80005064	035f84b3	mul	x9,x31,x21	 x31:0xfffb0000 x21:0xffffffff  x9=0x00050000
     240875.000 ns	     24086	80005068	0244b1b3	mulhu	x3,x9,x4	  x9:0x00004000  x4:0x00000000  x3=0x00000000
     240905.000 ns	     24089	8000506c	214a2c53	fsgnjx.s	f24,f20,f20	 f20:0x7fc00000 f20:0x7fc00000 f24=0x7fc00000
     240925.000 ns	     24091	80005070	00000013	addi	x0,x0,0	  x0:0x00000000
     240935.000 ns	     24092	80005074	0d50cf93	xori	x31,x1,213	  x1:0x00000000 x31=0x000000d5
     240945.000 ns	     24093	80005078	01381033	sll	x0,x16,x19	 x16:0xb2145f50 x19:0x00000002
     240965.000 ns	     24095	8000507c	02968ab3	mul	x21,x13,x9	 x13:0xffffffff  x9:0x00050000 x21=0xfffb0000
     240995.000 ns	     24098	80005080	287602d3	fmin.s	f5,f12,f7	 f12:0x4e8e6a03  f7:0x7fc00000  f5=0x4e8e6a03
     241015.000 ns	     24100	80005084	28322313	slti	x6,x4,643	  x4:0x00000000  x6=0x00000001
     241035.000 ns	     24102	80005088	03a7c833	div	x16,x15,x26	 x15:0x00000000 x26:0x00000000 x16=0xffffffff
     241055.000 ns	     24104	8000508c	4135d713	srai	x14,x11,0x13	 x11:0xf24b5688 x14=0xfffffe49
     241085.000 ns	     24107	80005090	5807fbd3	fsqrt.s	f23,f15	 f15:0xcefff7df f23=0x7fc00000
     241115.000 ns	     24110	80005094	a1452653	feq.s	x12,f10,f20	 f10:0xffc00000 f20:0x7fc00000 x12=0x00000000
     241155.000 ns	     24114	80005098	199ca653	fdiv.s	f12,f25,f25	 f25:0x7fc00000 f25:0x7fc00000 f12=0x7fc00000
     241185.000 ns	     24117	8000509c	02522333	mulhsu	x6,x4,x5	  x4:0x00000000  x5:0xf24b5008  x6=0x00000000
     241215.000 ns	     24120	800050a0	e00602d3	fmv.x.w	x5,f12	 f12:0x7fc00000  x5=0x7fc00000
     241245.000 ns	     24123	800050a4	214804d3	fsgnj.s	f9,f16,f20	 f16:0x00000001 f20:0x7fc00000  f9=0x00000001
     241275.000 ns	     24126	800050a8	c0130653	fcvt.wu.s	x12,f6	  f6:0x00000000 x12=0x00000000
     241305.000 ns	     24129	800050ac	0207ba33	mulhu	x20,x15,x0	 x15:0x00000000  x0:0x00000000 x20=0x00000000
     241345.000 ns	     24133	800050b0	198f8753	fdiv.s	f14,f31,f24	 f31:0x7fc00000 f24:0x7fc00000 f14=0x7fc00000
     241375.000 ns	     24136	800050b4	02849333	mulh	x6,x9,x8	  x9:0x00050000  x8:0xb2145f00  x6=0xfffe7a65
     241405.000 ns	     24139	800050b8	29ff0d53	fmin.s	f26,f30,f31	 f30:0x7fc00000 f31:0x7fc00000 f26=0x7fc00000
     241435.000 ns	     24142	800050bc	e00b1ed3	fclass.s	x29,f22	 f22:0x00000000 x29=0x00000010
     241455.000 ns	     24144	800050c0	38da7893	andi	x17,x20,909	 x20:0x00000000 x17=0x00000000
     241475.000 ns	     24146	800050c4	21a12053	fsgnjx.s	f0,f2,f26	  f2:0x7f800000 f26:0x7fc00000  f0=0x7f800000
     241525.000 ns	     24151	800050c8	08f47d53	fsub.s	f26,f8,f15	  f8:0x00000000 f15:0xcefff7df f26=0x4efff7df
     241565.000 ns	     24155	800050cc	10b91053	fmul.s	f0,f18,f11	 f18:0x80000000 f11:0xa6083000  f0=0x00000000
     241595.000 ns	     24158	800050d0	20950d53	fsgnj.s	f26,f10,f9	 f10:0xffc00000  f9:0x00000001 f26=0x7fc00000
     241965.000 ns	     24195	800050d4	02bff4b3	remu	x9,x31,x11	 x31:0x000000d5 x11:0xf24b5688  x9=0x000000d5
     241985.000 ns	     24197	800050d8	000fddb3	srl	x27,x31,x0	 x31:0x000000d5  x0:0x00000000 x27=0x000000d5
     242005.000 ns	     24199	800050dc	0357ac33	mulhsu	x24,x15,x21	 x15:0x00000000 x21:0xfffb0000 x24=0x00000000
     242025.000 ns	     24201	800050e0	f7a2e513	ori	x10,x5,-134	  x5:0x7fc00000 x10=0xffffff7a
     242035.000 ns	     24202	800050e4	00180db3	add	x27,x16,x1	 x16:0xffffffff  x1:0x00000000 x27=0xffffffff
     242055.000 ns	     24204	800050e8	c0001ad3	fcvt.w.s	x21,f0	  f0:0x00000000 x21=0x00000000
     242085.000 ns	     24207	800050ec	291a9dd3	fmax.s	f27,f21,f17	 f21:0x00000000 f17:0x7fc00000 f27=0x00000000
     242105.000 ns	     24209	800050f0	41d807b3	sub	x15,x16,x29	 x16:0xffffffff x29:0x00000010 x15=0xffffffef
     242125.000 ns	     24211	800050f4	039a3533	mulhu	x10,x20,x25	 x20:0x00000000 x25:0xffffffff x10=0x00000000
     242155.000 ns	     24214	800050f8	e0019a53	fclass.s	x20,f3	  f3:0x7f800000 x20=0x00000080
     242175.000 ns	     24216	800050fc	3c7f6b13	ori	x22,x30,967	 x30:0x0db000db x22=0x0db003df
     242185.000 ns	     24217	80005100	00d85693	srli	x13,x16,0xd	 x16:0xffffffff x13=0x0007ffff
     242205.000 ns	     24219	80005104	02a279b3	remu	x19,x4,x10	  x4:0x00000000 x10:0x00000000 x19=0x00000000
     242235.000 ns	     24222	80005108	c00374d3	fcvt.w.s	x9,f6	  f6:0x00000000  x9=0x00000000
     242255.000 ns	     24224	8000510c	00fdeab3	or	x21,x27,x15	 x27:0xffffffff x15:0xffffffef x21=0xffffffff
     242265.000 ns	     24225	80005110	68be4d93	xori	x27,x28,1675	 x28:0x80041024 x27=0x800416af
     242625.000 ns	     24261	80005114	02b3f533	remu	x10,x7,x11	  x7:0x0db4ac0a x11:0xf24b5688 x10=0x0db4ac0a
     242645.000 ns	     24263	80005118	982af913	andi	x18,x21,-1662	 x21:0xffffffff x18=0xfffff982
     242685.000 ns	     24267	8000511c	00a7cbd3	fadd.s	f23,f15,f10	 f15:0xcefff7df f10:0xffc00000 f23=0x7fc00000
     242705.000 ns	     24269	80005120	0095db93	srli	x23,x11,0x9	 x11:0xf24b5688 x23=0x007925ab
     242735.000 ns	     24272	80005124	18168353	fdiv.s	f6,f13,f1	 f13:0x7fc00000  f1:0x7fc00000  f6=0x7fc00000
     242765.000 ns	     24275	80005128	c0123b53	fcvt.wu.s	x22,f4	  f4:0x7fc00000 x22=0xffffffff
     242785.000 ns	     24277	8000512c	2af9d3b7	lui	x7,0x2af9d	  x7=0x2af9d000
     242805.000 ns	     24279	80005130	283a94d3	fmax.s	f9,f21,f3	 f21:0x00000000  f3:0x7f800000  f9=0x7f800000
     242825.000 ns	     24281	80005134	f810fd97	auipc	x27,0xf810f	 x27=0x78114134
     242835.000 ns	     24282	80005138	ae834013	xori	x0,x6,-1304	  x6:0xfffe7a65
     242845.000 ns	     24283	8000513c	8808f213	andi	x4,x17,-1920	 x17:0x00000000  x4=0x00000000
     242855.000 ns	     24284	80005140	013cdbb3	srl	x23,x25,x19	 x25:0xffffffff x19:0x00000000 x23=0xffffffff
     242875.000 ns	     24286	80005144	03802933	mulhsu	x18,x0,x24	  x0:0x00000000 x24:0x00000000 x18=0x00000000
     242895.000 ns	     24288	80005148	009f51b3	srl	x3,x30,x9	 x30:0x0db000db  x9:0x00000000  x3=0x0db000db
     242905.000 ns	     24289	8000514c	5d4fed13	ori	x26,x31,1492	 x31:0x000000d5 x26=0x000005d5
     242915.000 ns	     24290	80005150	0012d893	srli	x17,x5,0x1	  x5:0x7fc00000 x17=0x3fe00000
     242935.000 ns	     24292	80005154	c01a9fd3	fcvt.wu.s	x31,f21	 f21:0x00000000 x31=0x00000000
     242965.000 ns	     24295	80005158	f00685d3	fmv.w.x	f11,x13	 x13:0x0007ffff f11=0x0007ffff
     242995.000 ns	     24298	8000515c	02ca44b3	div	x9,x20,x12	 x20:0x00000080 x12:0x00000000  x9=0xffffffff
     243015.000 ns	     24300	80005160	36398213	addi	x4,x19,867	 x19:0x00000000  x4=0x00000363
     243025.000 ns	     24301	80005164	b2889617	auipc	x12,0xb2889	 x12=0x3288e164
     243035.000 ns	     24302	80005168	00dbb2b3	sltu	x5,x23,x13	 x23:0xffffffff x13:0x0007ffff  x5=0x00000000
     243045.000 ns	     24303	8000516c	41b25313	srai	x6,x4,0x1b	  x4:0x00000363  x6=0x00000000
     243055.000 ns	     24304	80005170	e19afeb7	lui	x29,0xe19af	 x29=0xe19af000
     243075.000 ns	     24306	80005174	21bf2553	fsgnjx.s	f10,f30,f27	 f30:0x7fc00000 f27:0x00000000 f10=0x7fc00000
     243105.000 ns	     24309	80005178	20909d53	fsgnjn.s	f26,f1,f9	  f1:0x7fc00000  f9:0x7f800000 f26=0xffc00000
     243135.000 ns	     24312	8000517c	c000b1d3	fcvt.w.s	x3,f1	  f1:0x7fc00000  x3=0x7fffffff
     243155.000 ns	     24314	80005180	a68aa393	slti	x7,x21,-1432	 x21:0xffffffff  x7=0x00000000
     243165.000 ns	     24315	80005184	00c3e3b3	or	x7,x7,x12	  x7:0x2af9d000 x12:0x3288e164  x7=0x3288e164
     243185.000 ns	     24317	80005188	f0058753	fmv.w.x	f14,x11	 x11:0xf24b5688 f14=0xf24b5688
     243205.000 ns	     24319	8000518c	00bfd733	srl	x14,x31,x11	 x31:0x00000000 x11:0xf24b5688 x14=0x00000000
     243215.000 ns	     24320	80005190	01b24bb3	xor	x23,x4,x27	  x4:0x00000363 x27:0x78114134 x23=0x78114257
     243255.000 ns	     24324	80005194	09187a53	fsub.s	f20,f16,f17	 f16:0x00000001 f17:0x7fc00000 f20=0x7fc00000
     243275.000 ns	     24326	80005198	41bc5233	sra	x4,x24,x27	 x24:0x00000000 x27:0x78114134  x4=0x00000000
     243295.000 ns	     24328	8000519c	02fb3f33	mulhu	x30,x22,x15	 x22:0xffffffff x15:0xffffffef x30=0xffffffee
     243315.000 ns	     24330	800051a0	603fec13	ori	x24,x31,1539	 x31:0x00000000 x24=0x00000603
     243325.000 ns	     24331	800051a4	0cc6f793	andi	x15,x13,204	 x13:0x0007ffff x15=0x000000cc
     243335.000 ns	     24332	800051a8	cbe7c0b7	lui	x1,0xcbe7c	  x1=0xcbe7c000
     243355.000 ns	     24334	800051ac	d01c7a53	fcvt.s.wu	f20,x24	 x24:0x00000603 f20=0x44c06000
     243375.000 ns	     24336	800051b0	00000013	addi	x0,x0,0	  x0:0x00000000
     243395.000 ns	     24338	800051b4	295f1ad3	fmax.s	f21,f30,f21	 f30:0x7fc00000 f21:0x00000000 f21=0x00000000
     243425.000 ns	     24341	800051b8	e00407d3	fmv.x.w	x15,f8	  f8:0x00000000 x15=0x00000000
     243445.000 ns	     24343	800051bc	00000013	addi	x0,x0,0	  x0:0x00000000
     243465.000 ns	     24345	800051c0	d0180653	fcvt.s.wu	f12,x16	 x16:0xffffffff f12=0x4f800000
     243485.000 ns	     24347	800051c4	410f0233	sub	x4,x30,x16	 x30:0xffffffee x16:0xffffffff  x4=0xffffffef
     243495.000 ns	     24348	800051c8	356ca793	slti	x15,x25,854	 x25:0xffffffff x15=0x00000001
     243855.000 ns	     24384	800051cc	03dac233	div	x4,x21,x29	 x21:0xffffffff x29:0xe19af000  x4=0x00000000
     243885.000 ns	     24387	800051d0	20bca353	fsgnjx.s	f6,f25,f11	 f25:0x7fc00000 f11:0x0007ffff  f6=0x7fc00000
     243915.000 ns	     24390	800051d4	d0033dd3	fcvt.s.w	f27,x6	  x6:0x00000000 f27=0x00000000
     243935.000 ns	     24392	800051d8	01d413b3	sll	x7,x8,x29	  x8:0xb2145f00 x29:0xe19af000  x7=0xb2145f00
     243955.000 ns	     24394	800051dc	c0110fd3	fcvt.wu.s	x31,f2	  f2:0x7f800000 x31=0xffffffff
     243975.000 ns	     24396	800051e0	00564b33	xor	x22,x12,x5	 x12:0x3288e164  x5:0x00000000 x22=0x3288e164
     243995.000 ns	     24398	800051e4	0256c1b3	div	x3,x13,x5	 x13:0x0007ffff  x5:0x00000000  x3=0xffffffff
     244015.000 ns	     24400	800051e8	40f0d033	sra	x0,x1,x15	  x1:0xcbe7c000 x15:0x00000001
     244035.000 ns	     24402	800051ec	a0b72553	feq.s	x10,f14,f11	 f14:0xf24b5688 f11:0x0007ffff x10=0x00000000
     244075.000 ns	     24406	800051f0	18297553	fdiv.s	f10,f18,f2	 f18:0x80000000  f2:0x7f800000 f10=0x80000000
     244095.000 ns	     24408	800051f4	01e3d693	srli	x13,x7,0x1e	  x7:0xb2145f00 x13=0x00000002
     244455.000 ns	     24444	800051f8	02db6733	rem	x14,x22,x13	 x22:0x3288e164 x13:0x0007ffff x14=0x00000000
     244825.000 ns	     24481	800051fc	02ff51b3	divu	x3,x30,x15	 x30:0xffffffee x15:0x00000001  x3=0xffffffee
     244845.000 ns	     24483	80005200	41a85a33	sra	x20,x16,x26	 x16:0xffffffff x26:0x000005d5 x20=0xffffffff
     244855.000 ns	     24484	80005204	01a704b3	add	x9,x14,x26	 x14:0x00000000 x26:0x000005d5  x9=0x000005d5
     244875.000 ns	     24486	80005208	d00fbc53	fcvt.s.w	f24,x31	 x31:0xffffffff f24=0xbf800000
     244915.000 ns	     24490	8000520c	103cf053	fmul.s	f0,f25,f3	 f25:0x7fc00000  f3:0x7f800000  f0=0x7fc00000
     244935.000 ns	     24492	80005210	615448b7	lui	x17,0x61544	 x17=0x61544000
     244955.000 ns	     24494	80005214	a113ad53	feq.s	x26,f7,f17	  f7:0x7fc00000 f17:0x7fc00000 x26=0x00000000
     244985.000 ns	     24497	80005218	d01f4353	fcvt.s.wu	f6,x30	 x30:0xffffffee  f6=0x4f800000
     245005.000 ns	     24499	8000521c	5a0cec93	ori	x25,x25,1440	 x25:0xffffffff x25=0xffffffff
     245025.000 ns	     24501	80005220	024402b3	mul	x5,x8,x4	  x8:0xb2145f00  x4:0x00000000  x5=0x00000000
     245045.000 ns	     24503	80005224	016d5813	srli	x16,x26,0x16	 x26:0x00000000 x16=0x00000000
     245065.000 ns	     24505	80005228	02648eb3	mul	x29,x9,x6	  x9:0x000005d5  x6:0x00000000 x29=0x00000000
     245095.000 ns	     24508	8000522c	f00a8ad3	fmv.w.x	f21,x21	 x21:0xffffffff f21=0xffffffff
     245465.000 ns	     24545	80005230	03e0d0b3	divu	x1,x1,x30	  x1:0xcbe7c000 x30:0xffffffee  x1=0x00000000
     245485.000 ns	     24547	80005234	008f4c33	xor	x24,x30,x8	 x30:0xffffffee  x8:0xb2145f00 x24=0x4deba0ee
     245495.000 ns	     24548	80005238	00410c33	add	x24,x2,x4	  x2:0x80040fe4  x4:0x00000000 x24=0x80040fe4
     245535.000 ns	     24552	8000523c	00f68fd3	fadd.s	f31,f13,f15	 f13:0x7fc00000 f15:0xcefff7df f31=0x7fc00000
     245565.000 ns	     24555	80005240	a0802353	feq.s	x6,f0,f8	  f0:0x7fc00000  f8:0x00000000  x6=0x00000000
     245585.000 ns	     24557	80005244	8b844c93	xori	x25,x8,-1864	  x8:0xb2145f00 x25=0x4deba7b8
     245605.000 ns	     24559	80005248	02353d33	mulhu	x26,x10,x3	 x10:0x00000000  x3:0xffffffee x26=0x00000000
     245625.000 ns	     24561	8000524c	4e3023b7	lui	x7,0x4e302	  x7=0x4e302000
     245645.000 ns	     24563	80005250	c0160b53	fcvt.wu.s	x22,f12	 f12:0x4f800000 x22=0x00000000
     245675.000 ns	     24566	80005254	21bc8253	fsgnj.s	f4,f25,f27	 f25:0x7fc00000 f27:0x00000000  f4=0x7fc00000
     245705.000 ns	     24569	80005258	20f90153	fsgnj.s	f2,f18,f15	 f18:0x80000000 f15:0xcefff7df  f2=0x80000000
     245725.000 ns	     24571	8000525c	013082b3	add	x5,x1,x19	  x1:0x00000000 x19:0x00000000  x5=0x00000000
     245735.000 ns	     24572	80005260	63934413	xori	x8,x6,1593	  x6:0x00000000  x8=0x00000639
     245755.000 ns	     24574	80005264	03a41cb3	mulh	x25,x8,x26	  x8:0xb2145f00 x26:0x00000000 x25=0x00000000
     245785.000 ns	     24577	80005268	d01cf053	fcvt.s.wu	f0,x25	 x25:0x4deba7b8  f0=0x00000000
     245805.000 ns	     24579	8000526c	500a2d13	slti	x26,x20,1280	 x20:0xffffffff x26=0x00000001
     245815.000 ns	     24580	80005270	f549f897	auipc	x17,0xf549f	 x17=0x754a4270
     245825.000 ns	     24581	80005274	40095613	srai	x12,x18,0x0	 x18:0x00000000 x12=0x00000000
     245845.000 ns	     24583	80005278	02e30a33	mul	x20,x6,x14	  x6:0x00000000 x14:0x00000000 x20=0x00000000
     245865.000 ns	     24585	8000527c	01a92c33	slt	x24,x18,x26	 x18:0x00000000 x26:0x00000001 x24=0x00000001
     245885.000 ns	     24587	80005280	e00f81d3	fmv.x.w	x3,f31	 f31:0x7fc00000  x3=0x7fc00000
     245915.000 ns	     24590	80005284	034e04b3	mul	x9,x28,x20	 x28:0x80041024 x20:0x00000000  x9=0x00000000
     246285.000 ns	     24627	80005288	027be6b3	rem	x13,x23,x7	 x23:0x78114257  x7:0x4e302000 x13=0x29e12257
     246305.000 ns	     24629	8000528c	011167b3	or	x15,x2,x17	  x2:0x80040fe4 x17:0x754a4270 x15=0xf54e4ff4
     246335.000 ns	     24632	80005290	19c790d3	fdiv.s	f1,f15,f28	 f15:0xcefff7df f28:0x00000000  f1=0xff800000
     246365.000 ns	     24635	80005294	0307f4b3	remu	x9,x15,x16	 x15:0x00000001 x16:0x00000000  x9=0xf54e4ff4
     246395.000 ns	     24638	80005298	e0079553	fclass.s	x10,f15	 f15:0xcefff7df x10=0x00000002
     246425.000 ns	     24641	8000529c	29870e53	fmin.s	f28,f14,f24	 f14:0xf24b5688 f24:0xbf800000 f28=0xf24b5688
     246455.000 ns	     24644	800052a0	a1ab9fd3	flt.s	x31,f23,f26	 f23:0x7fc00000 f26:0xffc00000 x31=0x00000000
     246475.000 ns	     24646	800052a4	e30f0713	addi	x14,x30,-464	 x30:0xffffffee x14=0xfffffe1e
     246485.000 ns	     24647	800052a8	41298cb3	sub	x25,x19,x18	 x19:0x00000000 x18:0x00000000 x25=0x00000000
     246495.000 ns	     24648	800052ac	415f5993	srai	x19,x30,0x15	 x30:0xffffffee x19=0xffffffff
     246505.000 ns	     24649	800052b0	009ddc93	srli	x25,x27,0x9	 x27:0x78114134 x25=0x003c08a0
     246525.000 ns	     24651	800052b4	f00c0553	fmv.w.x	f10,x24	 x24:0x00000001 f10=0x00000001
     246555.000 ns	     24654	800052b8	c01abb53	fcvt.wu.s	x22,f21	 f21:0xffffffff x22=0xffffffff
     246575.000 ns	     24656	800052bc	00e81c33	sll	x24,x16,x14	 x16:0x00000000 x14:0xfffffe1e x24=0x00000000
     246585.000 ns	     24657	800052c0	010dffb3	and	x31,x27,x16	 x27:0x78114134 x16:0x00000000 x31=0x00000000
     246605.000 ns	     24659	800052c4	e00b9853	fclass.s	x16,f23	 f23:0x7fc00000 x16=0x00000200
     246635.000 ns	     24662	800052c8	03f13b33	mulhu	x22,x2,x31	  x2:0x80040fe4 x31:0x00000000 x22=0x00000000
     246665.000 ns	     24665	800052cc	d010f5d3	fcvt.s.wu	f11,x1	  x1:0x00000000 f11=0x00000000
     246685.000 ns	     24667	800052d0	00cb5e93	srli	x29,x22,0xc	 x22:0x00000000 x29=0x00000000
     246695.000 ns	     24668	800052d4	008058b3	srl	x17,x0,x8	  x0:0x00000000  x8:0x00000639 x17=0x00000000
     246705.000 ns	     24669	800052d8	0057ad33	slt	x26,x15,x5	 x15:0xf54e4ff4  x5:0x00000000 x26=0x00000001
     246715.000 ns	     24670	800052dc	c22a0313	addi	x6,x20,-990	 x20:0x00000000  x6=0xfffffc22
     246735.000 ns	     24672	800052e0	c01786d3	fcvt.wu.s	x13,f15	 f15:0xcefff7df x13=0x7ffbef80
     246755.000 ns	     24674	800052e4	3fd00993	addi	x19,x0,1021	  x0:0x00000000 x19=0x000003fd
     246765.000 ns	     24675	800052e8	00d1f233	and	x4,x3,x13	  x3:0x7fc00000 x13:0x7ffbef80  x4=0x7fc00000
     246785.000 ns	     24677	800052ec	0317a4b3	mulhsu	x9,x15,x17	 x15:0xf54e4ff4 x17:0x00000000  x9=0x00000000
     246805.000 ns	     24679	800052f0	0054fb33	and	x22,x9,x5	  x9:0xf54e4ff4  x5:0x00000000 x22=0x00000000
     246815.000 ns	     24680	800052f4	0043a233	slt	x4,x7,x4	  x7:0x4e302000  x4:0x7fc00000  x4=0x00000001
     246825.000 ns	     24681	800052f8	01cb64b3	or	x9,x22,x28	 x22:0x00000000 x28:0x80041024  x9=0x80041024
     246845.000 ns	     24683	800052fc	c0118ed3	fcvt.wu.s	x29,f3	  f3:0x7f800000 x29=0xffffffff
     246875.000 ns	     24686	80005300	027494b3	mulh	x9,x9,x7	  x9:0x00000000  x7:0x4e302000  x9=0xd8e92dae
     246905.000 ns	     24689	80005304	03568cb3	mul	x25,x13,x21	 x13:0x7ffbef80 x21:0xffffffff x25=0x80041080
     247275.000 ns	     24726	80005308	03b64433	div	x8,x12,x27	 x12:0x00000000 x27:0x78114134  x8=0x00000000
     247295.000 ns	     24728	8000530c	715f0217	auipc	x4,0x715f0	  x4=0xf15f530c
     247325.000 ns	     24731	80005310	580c7453	fsqrt.s	f8,f24	 f24:0xbf800000  f8=0x7fc00000
     247375.000 ns	     24736	80005314	09a77853	fsub.s	f16,f14,f26	 f14:0xf24b5688 f26:0xffc00000 f16=0x7fc00000
     247405.000 ns	     24739	80005318	c002fd53	fcvt.w.s	x26,f5	  f5:0x4e8e6a03 x26=0x47350180
     247425.000 ns	     24741	8000531c	40add333	sra	x6,x27,x10	 x27:0x78114134 x10:0x00000002  x6=0x1e04504d
     247465.000 ns	     24745	80005320	087d8d53	fsub.s	f26,f27,f7	 f27:0x00000000  f7:0x7fc00000 f26=0x7fc00000
     247505.000 ns	     24749	80005324	580aff53	fsqrt.s	f30,f21	 f21:0xffffffff f30=0x7fc00000
     247535.000 ns	     24752	80005328	29978053	fmin.s	f0,f15,f25	 f15:0xcefff7df f25:0x7fc00000  f0=0xcefff7df
     247585.000 ns	     24757	8000532c	09aa7753	fsub.s	f14,f20,f26	 f20:0x44c06000 f26:0x7fc00000 f14=0x7fc00000
     247615.000 ns	     24760	80005330	d0128d53	fcvt.s.wu	f26,x5	  x5:0x00000000 f26=0x00000000
     247645.000 ns	     24763	80005334	e00b1d53	fclass.s	x26,f22	 f22:0x00000000 x26=0x00000010
     247665.000 ns	     24765	80005338	009d9d93	slli	x27,x27,0x9	 x27:0x78114134 x27=0x22826800
     247675.000 ns	     24766	8000533c	01d12633	slt	x12,x2,x29	  x2:0x80040fe4 x29:0xffffffff x12=0x00000001
     247685.000 ns	     24767	80005340	4199d1b3	sra	x3,x19,x25	 x19:0x000003fd x25:0x80041080  x3=0x000003fd
     247705.000 ns	     24769	80005344	03a5b1b3	mulhu	x3,x11,x26	 x11:0xf24b5688 x26:0x00000010  x3=0x0000000f
     247725.000 ns	     24771	80005348	00133eb3	sltu	x29,x6,x1	  x6:0x1e04504d  x1:0x00000000 x29=0x00000000
     247735.000 ns	     24772	8000534c	ca8cd737	lui	x14,0xca8cd	 x14=0xca8cd000
     247755.000 ns	     24774	80005350	20208d53	fsgnj.s	f26,f1,f2	  f1:0xff800000  f2:0x80000000 f26=0xff800000
     247775.000 ns	     24776	80005354	446c4013	xori	x0,x24,1094	 x24:0x00000000
     247795.000 ns	     24778	80005358	02ac9d33	mulh	x26,x25,x10	 x25:0x80041080 x10:0x00000002 x26=0xffffffff
     247825.000 ns	     24781	8000535c	a023a453	feq.s	x8,f7,f2	  f7:0x7fc00000  f2:0x80000000  x8=0x00000000
     247845.000 ns	     24783	80005360	00b8df13	srli	x30,x17,0xb	 x17:0x00000000 x30=0x00000000
     247855.000 ns	     24784	80005364	41bfde93	srai	x29,x31,0x1b	 x31:0x00000000 x29=0x00000000
     247875.000 ns	     24786	80005368	c00efad3	fcvt.w.s	x21,f29	 f29:0x00000001 x21=0x00000000
     247905.000 ns	     24789	8000536c	e0001353	fclass.s	x6,f0	  f0:0xcefff7df  x6=0x00000002
     247925.000 ns	     24791	80005370	dd2b8b93	addi	x23,x23,-558	 x23:0x78114257 x23=0x78114029
     247945.000 ns	     24793	80005374	a1d606d3	fle.s	x13,f12,f29	 f12:0x4f800000 f29:0x00000001 x13=0x00000000
     247975.000 ns	     24796	80005378	28a10bd3	fmin.s	f23,f2,f10	  f2:0x80000000 f10:0x00000001 f23=0x80000000
     247995.000 ns	     24798	8000537c	00000013	addi	x0,x0,0	  x0:0x00000000
     248015.000 ns	     24800	80005380	20c709d3	fsgnj.s	f19,f14,f12	 f14:0x7fc00000 f12:0x4f800000 f19=0x7fc00000
     248045.000 ns	     24803	80005384	e0008353	fmv.x.w	x6,f1	  f1:0xff800000  x6=0xff800000
     248065.000 ns	     24805	80005388	01257b33	and	x22,x10,x18	 x10:0x00000002 x18:0x00000000 x22=0x00000000
     248075.000 ns	     24806	8000538c	00000013	addi	x0,x0,0	  x0:0x00000000
     248105.000 ns	     24809	80005390	19d74c53	fdiv.s	f24,f14,f29	 f14:0x7fc00000 f29:0x00000001 f24=0x7fc00000
     248145.000 ns	     24813	80005394	118b4753	fmul.s	f14,f22,f24	 f22:0x00000000 f24:0xbf800000 f14=0x7fc00000
     248165.000 ns	     24815	80005398	5b636c13	ori	x24,x6,1462	  x6:0xff800000 x24=0xff8005b6
     248185.000 ns	     24817	8000539c	c01873d3	fcvt.wu.s	x7,f16	 f16:0x7fc00000  x7=0xffffffff
     248215.000 ns	     24820	800053a0	20ab1c53	fsgnjn.s	f24,f22,f10	 f22:0x00000000 f10:0x00000001 f24=0x80000000
     248245.000 ns	     24823	800053a4	03221533	mulh	x10,x4,x18	  x4:0xf15f530c x18:0x00000000 x10=0x00000000
     248285.000 ns	     24827	800053a8	1182ff53	fmul.s	f30,f5,f24	  f5:0x4e8e6a03 f24:0x80000000 f30=0x80000000
     248305.000 ns	     24829	800053ac	b4f64213	xori	x4,x12,-1201	 x12:0x00000001  x4=0xfffffb4e
     248325.000 ns	     24831	800053b0	d005ff53	fcvt.s.w	f30,x11	 x11:0xf24b5688 f30=0xcd5b4a97
     248355.000 ns	     24834	800053b4	e0029353	fclass.s	x6,f5	  f5:0x4e8e6a03  x6=0x00000040
     248395.000 ns	     24838	800053b8	580c94d3	fsqrt.s	f9,f25	 f25:0x7fc00000  f9=0x7fc00000
     248425.000 ns	     24841	800053bc	02d0c933	div	x18,x1,x13	  x1:0x00000000 x13:0x00000000 x18=0xffffffff
     248445.000 ns	     24843	800053c0	00000013	addi	x0,x0,0	  x0:0x00000000
     248805.000 ns	     24879	800053c4	0249c0b3	div	x1,x19,x4	 x19:0x000003fd  x4:0xfffffb4e  x1=0x00000000
     248835.000 ns	     24882	800053c8	a1c10a53	fle.s	x20,f2,f28	  f2:0x80000000 f28:0xf24b5688 x20=0x00000000
     248865.000 ns	     24885	800053cc	028e7f33	remu	x30,x28,x8	 x28:0x80041024  x8:0x00000000 x30=0x80041024
     248895.000 ns	     24888	800053d0	29b61fd3	fmax.s	f31,f12,f27	 f12:0x4f800000 f27:0x00000000 f31=0x4f800000
     248925.000 ns	     24891	800053d4	291d94d3	fmax.s	f9,f27,f17	 f27:0x00000000 f17:0x7fc00000  f9=0x00000000
     248955.000 ns	     24894	800053d8	20d92ed3	fsgnjx.s	f29,f18,f13	 f18:0x80000000 f13:0x7fc00000 f29=0x80000000
     248975.000 ns	     24896	800053dc	01a45d33	srl	x26,x8,x26	  x8:0x00000000 x26:0xffffffff x26=0x00000000
     248995.000 ns	     24898	800053e0	0369c3b3	div	x7,x19,x22	 x19:0x000003fd x22:0x00000000  x7=0xffffffff
     249015.000 ns	     24900	800053e4	7850f793	andi	x15,x1,1925	  x1:0x00000000 x15=0x00000000
     249035.000 ns	     24902	800053e8	a1169253	flt.s	x4,f13,f17	 f13:0x7fc00000 f17:0x7fc00000  x4=0x00000000
     249065.000 ns	     24905	800053ec	02d56fb3	rem	x31,x10,x13	 x10:0x00000000 x13:0x00000000 x31=0x00000000
     249085.000 ns	     24907	800053f0	00000013	addi	x0,x0,0	  x0:0x00000000
     249105.000 ns	     24909	800053f4	d016f553	fcvt.s.wu	f10,x13	 x13:0x00000000 f10=0x00000000
     249135.000 ns	     24912	800053f8	e00291d3	fclass.s	x3,f5	  f5:0x4e8e6a03  x3=0x00000040
     249155.000 ns	     24914	800053fc	f4145837	lui	x16,0xf4145	 x16=0xf4145000
     249175.000 ns	     24916	80005400	c01929d3	fcvt.wu.s	x19,f18	 f18:0x80000000 x19=0x00000000
     249545.000 ns	     24953	80005404	02c2dd33	divu	x26,x5,x12	  x5:0x00000000 x12:0x00000001 x26=0x00000000
     249575.000 ns	     24956	80005408	291e8ad3	fmin.s	f21,f29,f17	 f29:0x80000000 f17:0x7fc00000 f21=0x80000000
     249605.000 ns	     24959	8000540c	a18b22d3	feq.s	x5,f22,f24	 f22:0x00000000 f24:0x80000000  x5=0x00000001
     249635.000 ns	     24962	80005410	d006f6d3	fcvt.s.w	f13,x13	 x13:0x00000000 f13=0x00000000
     249665.000 ns	     24965	80005414	03d96833	rem	x16,x18,x29	 x18:0xffffffff x29:0x00000000 x16=0xffffffff
     249695.000 ns	     24968	80005418	02d79533	mulh	x10,x15,x13	 x15:0x00000000 x13:0x00000000 x10=0x00000000
     249715.000 ns	     24970	8000541c	dcf26a93	ori	x21,x4,-561	  x4:0x00000000 x21=0xfffffdcf
     249755.000 ns	     24974	80005420	00013753	fadd.s	f14,f2,f0	  f2:0x80000000  f0:0xcefff7df f14=0xcefff7df
     249785.000 ns	     24977	80005424	c00c40d3	fcvt.w.s	x1,f24	 f24:0x80000000  x1=0x00000000
     249825.000 ns	     24981	80005428	184274d3	fdiv.s	f9,f4,f4	  f4:0x7fc00000  f4:0x7fc00000  f9=0x7fc00000
     249845.000 ns	     24983	8000542c	1002f213	andi	x4,x5,256	  x5:0x00000001  x4=0x00000000
     249865.000 ns	     24985	80005430	c0140fd3	fcvt.wu.s	x31,f8	  f8:0x7fc00000 x31=0xffffffff
     249885.000 ns	     24987	80005434	014c11b3	sll	x3,x24,x20	 x24:0xff8005b6 x20:0x00000000  x3=0xff8005b6
     249905.000 ns	     24989	80005438	020ba1b3	mulhsu	x3,x23,x0	 x23:0x78114029  x0:0x00000000  x3=0x00000000
     249935.000 ns	     24992	8000543c	299f8453	fmin.s	f8,f31,f25	 f31:0x4f800000 f25:0x7fc00000  f8=0x4f800000
     249965.000 ns	     24995	80005440	02843733	mulhu	x14,x8,x8	  x8:0x00000000  x8:0x00000000 x14=0x00000000
     249985.000 ns	     24997	80005444	006384b3	add	x9,x7,x6	  x7:0xffffffff  x6:0x00000040  x9=0x0000003f
     250005.000 ns	     24999	80005448	024cfdb3	remu	x27,x25,x4	 x25:0x80041080  x4:0x00000000 x27=0x80041080
     250035.000 ns	     25002	8000544c	02a04333	div	x6,x0,x10	  x0:0x00000000 x10:0x00000000  x6=0xffffffff
     250075.000 ns	     25006	80005450	5800cdd3	fsqrt.s	f27,f1	  f1:0xff800000 f27=0x7fc00000
     250125.000 ns	     25011	80005454	0073f7d3	fadd.s	f15,f7,f7	  f7:0x7fc00000  f7:0x7fc00000 f15=0x7fc00000
     250145.000 ns	     25013	80005458	005e5613	srli	x12,x28,0x5	 x28:0x80041024 x12=0x04002081
     250175.000 ns	     25016	8000545c	580e2cd3	fsqrt.s	f25,f28	 f28:0xf24b5688 f25=0x7fc00000
     250195.000 ns	     25018	80005460	ab752813	slti	x16,x10,-1353	 x10:0x00000000 x16=0x00000000
     250205.000 ns	     25019	80005464	410f0933	sub	x18,x30,x16	 x30:0x80041024 x16:0xffffffff x18=0x80041024
     250235.000 ns	     25022	80005468	191ec4d3	fdiv.s	f9,f29,f17	 f29:0x80000000 f17:0x7fc00000  f9=0x7fc00000
     250265.000 ns	     25025	8000546c	c0147753	fcvt.wu.s	x14,f8	  f8:0x4f800000 x14=0x00000000
     250285.000 ns	     25027	80005470	40365ab3	sra	x21,x12,x3	 x12:0x04002081  x3:0x00000000 x21=0x04002081
     250305.000 ns	     25029	80005474	291419d3	fmax.s	f19,f8,f17	  f8:0x4f800000 f17:0x7fc00000 f19=0x4f800000
     250345.000 ns	     25033	80005478	18e82c53	fdiv.s	f24,f16,f14	 f16:0x7fc00000 f14:0xcefff7df f24=0x7fc00000
     250365.000 ns	     25035	8000547c	01ed2ab3	slt	x21,x26,x30	 x26:0x00000000 x30:0x80041024 x21=0x00000000
     250375.000 ns	     25036	80005480	2578f013	andi	x0,x17,599	 x17:0x00000000
     250385.000 ns	     25037	80005484	0116f2b3	and	x5,x13,x17	 x13:0x00000000 x17:0x00000000  x5=0x00000000
     250425.000 ns	     25041	80005488	005b77d3	fadd.s	f15,f22,f5	 f22:0x00000000  f5:0x4e8e6a03 f15=0x4e8e6a03
     250455.000 ns	     25044	8000548c	208c07d3	fsgnj.s	f15,f24,f8	 f24:0x7fc00000  f8:0x4f800000 f15=0x7fc00000
     250485.000 ns	     25047	80005490	287587d3	fmin.s	f15,f11,f7	 f11:0x00000000  f7:0x7fc00000 f15=0x00000000
     250505.000 ns	     25049	80005494	00ed1033	sll	x0,x26,x14	 x26:0x00000000 x14:0x00000000
     250515.000 ns	     25050	80005498	f1278213	addi	x4,x15,-238	 x15:0x00000000  x4=0xffffff12
     250555.000 ns	     25054	8000549c	08b37fd3	fsub.s	f31,f6,f11	  f6:0x4f800000 f11:0x00000000 f31=0x4f800000
     250595.000 ns	     25058	800054a0	10dd7ed3	fmul.s	f29,f26,f13	 f26:0xff800000 f13:0x00000000 f29=0x7fc00000
     250615.000 ns	     25060	800054a4	02f50613	addi	x12,x10,47	 x10:0x00000000 x12=0x0000002f
     250625.000 ns	     25061	800054a8	a8c97a93	andi	x21,x18,-1396	 x18:0x80041024 x21=0x80041004
     250645.000 ns	     25063	800054ac	c0127753	fcvt.wu.s	x14,f4	  f4:0x7fc00000 x14=0xffffffff
     250675.000 ns	     25066	800054b0	c011fd53	fcvt.wu.s	x26,f3	  f3:0x7f800000 x26=0xffffffff
     250705.000 ns	     25069	800054b4	02382833	mulhsu	x16,x16,x3	 x16:0x00000000  x3:0x00000000 x16=0x00000000
     250755.000 ns	     25074	800054b8	09d07653	fsub.s	f12,f0,f29	  f0:0xcefff7df f29:0x7fc00000 f12=0x7fc00000
     250785.000 ns	     25077	800054bc	e0058753	fmv.x.w	x14,f11	 f11:0x00000000 x14=0x00000000
     250805.000 ns	     25079	800054c0	9b6cbc93	sltiu	x25,x25,-1610	 x25:0x80041080 x25=0x00000001
     250825.000 ns	     25081	800054c4	d00fb5d3	fcvt.s.w	f11,x31	 x31:0xffffffff f11=0xbf800000
     250855.000 ns	     25084	800054c8	022dbdb3	mulhu	x27,x27,x2	 x27:0x80041080  x2:0x80040fe4 x27=0x40041042
     250885.000 ns	     25087	800054cc	20f0a3d3	fsgnjx.s	f7,f1,f15	  f1:0xff800000 f15:0x00000000  f7=0xff800000
     250905.000 ns	     25089	800054d0	014f9393	slli	x7,x31,0x14	 x31:0xffffffff  x7=0xfff00000
     250915.000 ns	     25090	800054d4	2387f4b7	lui	x9,0x2387f	  x9=0x2387f000
     250935.000 ns	     25092	800054d8	a14da753	feq.s	x14,f27,f20	 f27:0x7fc00000 f20:0x44c06000 x14=0x00000000
     250955.000 ns	     25094	800054dc	00d64c33	xor	x24,x12,x13	 x12:0x0000002f x13:0x00000000 x24=0x0000002f
     250965.000 ns	     25095	800054e0	00403f33	sltu	x30,x0,x4	  x0:0x00000000  x4:0xffffff12 x30=0x00000001
     250975.000 ns	     25096	800054e4	19f44213	xori	x4,x8,415	  x8:0x00000000  x4=0x0000019f
     250995.000 ns	     25098	800054e8	028eca33	div	x20,x29,x8	 x29:0x00000000  x8:0x00000000 x20=0xffffffff
     251025.000 ns	     25101	800054ec	03aea8b3	mulhsu	x17,x29,x26	 x29:0x00000000 x26:0xffffffff x17=0x00000000
     251045.000 ns	     25103	800054f0	29088c13	addi	x24,x17,656	 x17:0x00000000 x24=0x00000290
     251055.000 ns	     25104	800054f4	25f94e93	xori	x29,x18,607	 x18:0x80041024 x29=0x8004127b
     251065.000 ns	     25105	800054f8	84307513	andi	x10,x0,-1981	  x0:0x00000000 x10=0x00000000
     251075.000 ns	     25106	800054fc	015eeab3	or	x21,x29,x21	 x29:0x00000000 x21:0x80041004 x21=0x8004127f
     251095.000 ns	     25108	80005500	025096b3	mulh	x13,x1,x5	  x1:0x00000000  x5:0x00000000 x13=0x00000000
     251115.000 ns	     25110	80005504	01cfdeb3	srl	x29,x31,x28	 x31:0xffffffff x28:0x80041024 x29=0x0fffffff
     251135.000 ns	     25112	80005508	20df0753	fsgnj.s	f14,f30,f13	 f30:0xcd5b4a97 f13:0x00000000 f14=0x4d5b4a97
     251175.000 ns	     25116	8000550c	100276d3	fmul.s	f13,f4,f0	  f4:0x7fc00000  f0:0xcefff7df f13=0x7fc00000
     251205.000 ns	     25119	80005510	20e028d3	fsgnjx.s	f17,f0,f14	  f0:0xcefff7df f14:0x4d5b4a97 f17=0xcefff7df
     251235.000 ns	     25122	80005514	c019f453	fcvt.wu.s	x8,f19	 f19:0x4f800000  x8=0x00000000
     251265.000 ns	     25125	80005518	e0079ad3	fclass.s	x21,f15	 f15:0x00000000 x21=0x00000010
     251285.000 ns	     25127	8000551c	416bdb33	sra	x22,x23,x22	 x23:0x78114029 x22:0x00000000 x22=0x78114029
     251295.000 ns	     25128	80005520	e0a5d737	lui	x14,0xe0a5d	 x14=0xe0a5d000
     251305.000 ns	     25129	80005524	00a13b33	sltu	x22,x2,x10	  x2:0x80040fe4 x10:0x00000000 x22=0x00000000
     251325.000 ns	     25131	80005528	02a602b3	mul	x5,x12,x10	 x12:0x0000002f x10:0x00000000  x5=0x00000000
     251355.000 ns	     25134	8000552c	2163abd3	fsgnjx.s	f23,f7,f22	  f7:0xff800000 f22:0x00000000 f23=0xff800000
     251725.000 ns	     25171	80005530	0356d0b3	divu	x1,x13,x21	 x13:0x00000000 x21:0x00000010  x1=0x00000000
     251745.000 ns	     25173	80005534	8cc9a213	slti	x4,x19,-1844	 x19:0x00000000  x4=0x00000000
     251775.000 ns	     25176	80005538	10d593d3	fmul.s	f7,f11,f13	 f11:0xbf800000 f13:0x7fc00000  f7=0x7fc00000
     251815.000 ns	     25180	8000553c	192574d3	fdiv.s	f9,f10,f18	 f10:0x00000000 f18:0x80000000  f9=0x7fc00000
     251835.000 ns	     25182	80005540	b63baf13	slti	x30,x23,-1181	 x23:0x78114029 x30=0x00000000
     251845.000 ns	     25183	80005544	735e8693	addi	x13,x29,1845	 x29:0x0fffffff x13=0x10000734
     251855.000 ns	     25184	80005548	000808b3	add	x17,x16,x0	 x16:0x00000000  x0:0x00000000 x17=0x00000000
     251875.000 ns	     25186	8000554c	d01c1dd3	fcvt.s.wu	f27,x24	 x24:0x00000290 f27=0x44240000
     251905.000 ns	     25189	80005550	d01834d3	fcvt.s.wu	f9,x16	 x16:0x00000000  f9=0x00000000
     251945.000 ns	     25193	80005554	18a333d3	fdiv.s	f7,f6,f10	  f6:0x4f800000 f10:0x00000000  f7=0x7f800000
     251975.000 ns	     25196	80005558	0230cab3	div	x21,x1,x3	  x1:0x00000000  x3:0x00000000 x21=0xffffffff
     252015.000 ns	     25200	8000555c	5801f4d3	fsqrt.s	f9,f3	  f3:0x7f800000  f9=0x7f800000
     252035.000 ns	     25202	80005560	40e9d493	srai	x9,x19,0xe	 x19:0x00000000  x9=0x00000000
     252055.000 ns	     25204	80005564	e0090353	fmv.x.w	x6,f18	 f18:0x80000000  x6=0x80000000
     252085.000 ns	     25207	80005568	c00c7fd3	fcvt.w.s	x31,f24	 f24:0x7fc00000 x31=0x7fffffff
     252115.000 ns	     25210	8000556c	e00e89d3	fmv.x.w	x19,f29	 f29:0x7fc00000 x19=0x7fc00000
     252135.000 ns	     25212	80005570	f43393b7	lui	x7,0xf4339	  x7=0xf4339000
     252155.000 ns	     25214	80005574	288506d3	fmin.s	f13,f10,f8	 f10:0x00000000  f8:0x4f800000 f13=0x00000000
     252175.000 ns	     25216	80005578	405254b3	sra	x9,x4,x5	  x4:0x00000000  x5:0x00000000  x9=0x00000000
     252195.000 ns	     25218	8000557c	02340233	mul	x4,x8,x3	  x8:0x00000000  x3:0x00000000  x4=0x00000000
     252215.000 ns	     25220	80005580	01dca033	slt	x0,x25,x29	 x25:0x00000001 x29:0x0fffffff
     252225.000 ns	     25221	80005584	ccf14693	xori	x13,x2,-817	  x2:0x80040fe4 x13=0x7ffbf32b
     252245.000 ns	     25223	80005588	f00b8b53	fmv.w.x	f22,x23	 x23:0x78114029 f22=0x78114029
     252615.000 ns	     25260	8000558c	03a9f833	remu	x16,x19,x26	 x19:0x7fc00000 x26:0xffffffff x16=0x7fc00000
     252645.000 ns	     25263	80005590	024b8b33	mul	x22,x23,x4	 x23:0x78114029  x4:0x00000000 x22=0x00000000
     253015.000 ns	     25300	80005594	033acab3	div	x21,x21,x19	 x21:0xffffffff x19:0x7fc00000 x21=0x00000000
     253035.000 ns	     25302	80005598	01302d33	slt	x26,x0,x19	  x0:0x00000000 x19:0x7fc00000 x26=0x00000001
     253055.000 ns	     25304	8000559c	205c83d3	fsgnj.s	f7,f25,f5	 f25:0x7fc00000  f5:0x4e8e6a03  f7=0x7fc00000
     253095.000 ns	     25308	800055a0	10347d53	fmul.s	f26,f8,f3	  f8:0x4f800000  f3:0x7f800000 f26=0x7f800000
     253115.000 ns	     25310	800055a4	a75da793	slti	x15,x27,-1419	 x27:0x40041042 x15=0x00000000
     253125.000 ns	     25311	800055a8	01319613	slli	x12,x3,0x13	  x3:0x00000000 x12=0x00000000
     253135.000 ns	     25312	800055ac	0125b2b3	sltu	x5,x11,x18	 x11:0xf24b5688 x18:0x80041024  x5=0x00000000
     253155.000 ns	     25314	800055b0	29391753	fmax.s	f14,f18,f19	 f18:0x80000000 f19:0x4f800000 f14=0x4f800000
     253185.000 ns	     25317	800055b4	294d0a53	fmin.s	f20,f26,f20	 f26:0x7f800000 f20:0x44c06000 f20=0x44c06000
     253205.000 ns	     25319	800055b8	410c8c33	sub	x24,x25,x16	 x25:0x00000001 x16:0x7fc00000 x24=0x80400001
     253225.000 ns	     25321	800055bc	d01f32d3	fcvt.s.wu	f5,x30	 x30:0x00000000  f5=0x00000000
     253245.000 ns	     25323	800055c0	5f23b093	sltiu	x1,x7,1522	  x7:0xf4339000  x1=0x00000000
     253265.000 ns	     25325	800055c4	217409d3	fsgnj.s	f19,f8,f23	  f8:0x4f800000 f23:0xff800000 f19=0xcf800000
     253305.000 ns	     25329	800055c8	58092053	fsqrt.s	f0,f18	 f18:0x80000000  f0=0x80000000
     253335.000 ns	     25332	800055cc	0286e7b3	rem	x15,x13,x8	 x13:0x7ffbf32b  x8:0x00000000 x15=0x7ffbf32b
     253705.000 ns	     25369	800055d0	02636fb3	rem	x31,x6,x6	  x6:0x80000000  x6:0x80000000 x31=0x00000000
     253725.000 ns	     25371	800055d4	01b09eb3	sll	x29,x1,x27	  x1:0x00000000 x27:0x40041042 x29=0x00000000
     253745.000 ns	     25373	800055d8	d01d9bd3	fcvt.s.wu	f23,x27	 x27:0x40041042 f23=0x4e800820
     253775.000 ns	     25376	800055dc	d0189953	fcvt.s.wu	f18,x17	 x17:0x00000000 f18=0x00000000
     253805.000 ns	     25379	800055e0	201f8c53	fsgnj.s	f24,f31,f1	 f31:0x4f800000  f1:0xff800000 f24=0xcf800000
     253835.000 ns	     25382	800055e4	029bbd33	mulhu	x26,x23,x9	 x23:0x78114029  x9:0x00000000 x26=0x00000000
     253865.000 ns	     25385	800055e8	03a0d733	divu	x14,x1,x26	  x1:0x00000000 x26:0x00000001 x14=0xffffffff
     254235.000 ns	     25422	800055ec	033453b3	divu	x7,x8,x19	  x8:0x00000000 x19:0x7fc00000  x7=0x00000000
     254255.000 ns	     25424	800055f0	00000013	addi	x0,x0,0	  x0:0x00000000
     254285.000 ns	     25427	800055f4	580af453	fsqrt.s	f8,f21	 f21:0x80000000  f8=0x80000000
     254315.000 ns	     25430	800055f8	a029ad53	feq.s	x26,f19,f2	 f19:0xcf800000  f2:0x80000000 x26=0x00000000
     254335.000 ns	     25432	800055fc	013456b3	srl	x13,x8,x19	  x8:0x00000000 x19:0x7fc00000 x13=0x00000000
     254345.000 ns	     25433	80005600	01a31213	slli	x4,x6,0x1a	  x6:0x80000000  x4=0x00000000
     254355.000 ns	     25434	80005604	01f0f333	and	x6,x1,x31	  x1:0x00000000 x31:0x00000000  x6=0x00000000
     254365.000 ns	     25435	80005608	006a43b3	xor	x7,x20,x6	 x20:0xffffffff  x6:0x80000000  x7=0xffffffff
     254405.000 ns	     25439	8000560c	01f573d3	fadd.s	f7,f10,f31	 f10:0x00000000 f31:0x4f800000  f7=0x4f800000
     254435.000 ns	     25442	80005610	02f81ab3	mulh	x21,x16,x15	 x16:0x7fc00000 x15:0x7ffbf32b x21=0x3fddfa98
     254455.000 ns	     25444	80005614	004e11b3	sll	x3,x28,x4	 x28:0x80041024  x4:0x00000000  x3=0x80041024
     254465.000 ns	     25445	80005618	011b5813	srli	x16,x22,0x11	 x22:0x00000000 x16=0x00000000
     254475.000 ns	     25446	8000561c	fa2d6913	ori	x18,x26,-94	 x26:0x00000000 x18=0xffffffa2
     254485.000 ns	     25447	80005620	017ab1b3	sltu	x3,x21,x23	 x21:0x3fddfa98 x23:0x78114029  x3=0x00000001
     254505.000 ns	     25449	80005624	a0fa9353	flt.s	x6,f21,f15	 f21:0x80000000 f15:0x00000000  x6=0x00000000
     254525.000 ns	     25451	80005628	0123a833	slt	x16,x7,x18	  x7:0xffffffff x18:0xffffffa2 x16=0x00000000
     254545.000 ns	     25453	8000562c	204e9fd3	fsgnjn.s	f31,f29,f4	 f29:0x7fc00000  f4:0x7fc00000 f31=0xffc00000
     254565.000 ns	     25455	80005630	f576a513	slti	x10,x13,-169	 x13:0x00000000 x10=0x00000000
     254925.000 ns	     25491	80005634	0382e733	rem	x14,x5,x24	  x5:0x00000000 x24:0x80400001 x14=0x00000000
     254945.000 ns	     25493	80005638	26250b13	addi	x22,x10,610	 x10:0x00000000 x22=0x00000262
     254965.000 ns	     25495	8000563c	031c38b3	mulhu	x17,x24,x17	 x24:0x80400001 x17:0x00000000 x17=0x00000000
     254985.000 ns	     25497	80005640	4995bc93	sltiu	x25,x11,1177	 x11:0xf24b5688 x25=0x00000000
     255005.000 ns	     25499	80005644	215b08d3	fsgnj.s	f17,f22,f21	 f22:0x78114029 f21:0x80000000 f17=0xf8114029
     255035.000 ns	     25502	80005648	204c09d3	fsgnj.s	f19,f24,f4	 f24:0xcf800000  f4:0x7fc00000 f19=0x4f800000
     255065.000 ns	     25505	8000564c	c001c053	fcvt.w.s	x0,f3	  f3:0x7f800000
     255095.000 ns	     25508	80005650	03a61db3	mulh	x27,x12,x26	 x12:0x00000000 x26:0x00000000 x27=0x00000000
     255125.000 ns	     25511	80005654	02ee74b3	remu	x9,x28,x14	 x28:0x80041024 x14:0x00000000  x9=0x80041024
     255145.000 ns	     25513	80005658	fdfb8d13	addi	x26,x23,-33	 x23:0x78114029 x26=0x78114008
     255165.000 ns	     25515	8000565c	a1ccaf53	feq.s	x30,f25,f28	 f25:0x7fc00000 f28:0xf24b5688 x30=0x00000000
     255195.000 ns	     25518	80005660	a0e322d3	feq.s	x5,f6,f14	  f6:0x4f800000 f14:0x4f800000  x5=0x00000001
     255225.000 ns	     25521	80005664	a04717d3	flt.s	x15,f14,f4	 f14:0x4f800000  f4:0x7fc00000 x15=0x00000000
     255255.000 ns	     25524	80005668	021f5333	divu	x6,x30,x1	 x30:0x00000000  x1:0x00000000  x6=0xffffffff
     255275.000 ns	     25526	8000566c	d2730413	addi	x8,x6,-729	  x6:0x00000000  x8=0xfffffd26
     255285.000 ns	     25527	80005670	ca31a6b7	lui	x13,0xca31a	 x13=0xca31a000
     255305.000 ns	     25529	80005674	e0081253	fclass.s	x4,f16	 f16:0x7fc00000  x4=0x00000200
     255325.000 ns	     25531	80005678	33ad4993	xori	x19,x26,826	 x26:0x78114008 x19=0x78114332
     255335.000 ns	     25532	8000567c	01b46333	or	x6,x8,x27	  x8:0xfffffd26 x27:0x00000000  x6=0xfffffd26
     255355.000 ns	     25534	80005680	a0c12ed3	feq.s	x29,f2,f12	  f2:0x80000000 f12:0x7fc00000 x29=0x00000000
     255385.000 ns	     25537	80005684	e0068353	fmv.x.w	x6,f13	 f13:0x00000000  x6=0x00000000
     255425.000 ns	     25541	80005688	118d2153	fmul.s	f2,f26,f24	 f26:0x7f800000 f24:0xcf800000  f2=0xff800000
     255445.000 ns	     25543	8000568c	01a37433	and	x8,x6,x26	  x6:0x00000000 x26:0x78114008  x8=0x00000000
     255475.000 ns	     25546	80005690	1953fd53	fdiv.s	f26,f7,f21	  f7:0x4f800000 f21:0x80000000 f26=0xff800000
     255845.000 ns	     25583	80005694	0383e633	rem	x12,x7,x24	  x7:0xffffffff x24:0x80400001 x12=0xffffffff
     255875.000 ns	     25586	80005698	21c19e53	fsgnjn.s	f28,f3,f28	  f3:0x7f800000 f28:0xf24b5688 f28=0x7f800000
     256245.000 ns	     25623	8000569c	0255c6b3	div	x13,x11,x5	 x11:0xf24b5688  x5:0x00000001 x13=0xf24b5688
     256265.000 ns	     25625	800056a0	0066f933	and	x18,x13,x6	 x13:0xca31a000  x6:0x00000000 x18=0x00000000
     256285.000 ns	     25627	800056a4	284515d3	fmax.s	f11,f10,f4	 f10:0x00000000  f4:0x7fc00000 f11=0x00000000
     256315.000 ns	     25630	800056a8	e0078f53	fmv.x.w	x30,f15	 f15:0x00000000 x30=0x00000000
     256335.000 ns	     25632	800056ac	821f6c93	ori	x25,x30,-2015	 x30:0x00000000 x25=0xfffff821
     256345.000 ns	     25633	800056b0	80653a93	sltiu	x21,x10,-2042	 x10:0x00000000 x21=0x00000001
     256365.000 ns	     25635	800056b4	a0d31ed3	flt.s	x29,f6,f13	  f6:0x4f800000 f13:0x00000000 x29=0x00000000
     256385.000 ns	     25637	800056b8	0099ecb3	or	x25,x19,x9	 x19:0x78114332  x9:0x80041024 x25=0xf8155336
     256405.000 ns	     25639	800056bc	a14d1dd3	flt.s	x27,f26,f20	 f26:0xff800000 f20:0x44c06000 x27=0x00000001
     256425.000 ns	     25641	800056c0	41850cb3	sub	x25,x10,x24	 x10:0x00000000 x24:0x80400001 x25=0x7fbfffff
     256435.000 ns	     25642	800056c4	01f20fb3	add	x31,x4,x31	  x4:0x00000200 x31:0x00000000 x31=0x00000200
     256795.000 ns	     25678	800056c8	02deedb3	rem	x27,x29,x13	 x29:0x00000000 x13:0xf24b5688 x27=0x00000000
     256825.000 ns	     25681	800056cc	21e82cd3	fsgnjx.s	f25,f16,f30	 f16:0x7fc00000 f30:0xcd5b4a97 f25=0xffc00000
     256845.000 ns	     25683	800056d0	917319b7	lui	x19,0x91731	 x19=0x91731000
     256875.000 ns	     25686	800056d4	192df3d3	fdiv.s	f7,f27,f18	 f27:0x44240000 f18:0x00000000  f7=0x7f800000
     256895.000 ns	     25688	800056d8	41935693	srai	x13,x6,0x19	  x6:0x00000000 x13=0x00000000
     256905.000 ns	     25689	800056dc	01079b33	sll	x22,x15,x16	 x15:0x00000000 x16:0x00000000 x22=0x00000000
     256915.000 ns	     25690	800056e0	1b267393	andi	x7,x12,434	 x12:0xffffffff  x7=0x000001b2
     256935.000 ns	     25692	800056e4	e0000f53	fmv.x.w	x30,f0	  f0:0x80000000 x30=0x80000000
     256965.000 ns	     25695	800056e8	29790453	fmin.s	f8,f18,f23	 f18:0x00000000 f23:0x4e800820  f8=0x00000000
     256985.000 ns	     25697	800056ec	e6f24693	xori	x13,x4,-401	  x4:0x00000200 x13=0xfffffc6f
     256995.000 ns	     25698	800056f0	0aa33013	sltiu	x0,x6,170	  x6:0x00000000
     257355.000 ns	     25734	800056f4	03a6f233	remu	x4,x13,x26	 x13:0x00000000 x26:0x78114008  x4=0x0fdd7c5f
     257725.000 ns	     25771	800056f8	022a4733	div	x14,x20,x2	 x20:0xffffffff  x2:0x80040fe4 x14=0x00000000
     257745.000 ns	     25773	800056fc	d18cc693	xori	x13,x25,-744	 x25:0x7fbfffff x13=0x804002e7
     257765.000 ns	     25775	80005700	f00f0d53	fmv.w.x	f26,x30	 x30:0x80000000 f26=0x80000000
     257795.000 ns	     25778	80005704	20832dd3	fsgnjx.s	f27,f6,f8	  f6:0x4f800000  f8:0x00000000 f27=0x4f800000
     257825.000 ns	     25781	80005708	f00d0553	fmv.w.x	f10,x26	 x26:0x78114008 f10=0x78114008
     257875.000 ns	     25786	8000570c	01232ed3	fadd.s	f29,f6,f18	  f6:0x4f800000 f18:0x00000000 f29=0x4f800000
     257895.000 ns	     25788	80005710	0019fdb3	and	x27,x19,x1	 x19:0x91731000  x1:0x00000000 x27=0x00000000
     257905.000 ns	     25789	80005714	01412733	slt	x14,x2,x20	  x2:0x80040fe4 x20:0xffffffff x14=0x00000001
     257945.000 ns	     25793	80005718	08ac71d3	fsub.s	f3,f24,f10	 f24:0xcf800000 f10:0x78114008  f3=0xf8114008
     257975.000 ns	     25796	8000571c	e00e13d3	fclass.s	x7,f28	 f28:0x7f800000  x7=0x00000080
     258005.000 ns	     25799	80005720	21ec2953	fsgnjx.s	f18,f24,f30	 f24:0xcf800000 f30:0xcd5b4a97 f18=0x4f800000
     258025.000 ns	     25801	80005724	ec88a317	auipc	x6,0xec88a	  x6=0x6c88f724
     258035.000 ns	     25802	80005728	013c5f33	srl	x30,x24,x19	 x24:0x80400001 x19:0x91731000 x30=0x80400001
     258055.000 ns	     25804	8000572c	c016f8d3	fcvt.wu.s	x17,f13	 f13:0x00000000 x17=0x00000000
     258075.000 ns	     25806	80005730	008cd533	srl	x10,x25,x8	 x25:0x7fbfffff  x8:0x00000000 x10=0x7fbfffff
     258095.000 ns	     25808	80005734	282d91d3	fmax.s	f3,f27,f2	 f27:0x4f800000  f2:0xff800000  f3=0x4f800000
     258135.000 ns	     25812	80005738	11234053	fmul.s	f0,f6,f18	  f6:0x4f800000 f18:0x4f800000  f0=0x5f800000
     258175.000 ns	     25816	8000573c	18f3fa53	fdiv.s	f20,f7,f15	  f7:0x7f800000 f15:0x00000000 f20=0x7f800000
     258195.000 ns	     25818	80005740	0006fbb3	and	x23,x13,x0	 x13:0x804002e7  x0:0x00000000 x23=0x00000000
     258215.000 ns	     25820	80005744	03254d33	div	x26,x10,x18	 x10:0x7fbfffff x18:0x00000000 x26=0xffffffff
     258245.000 ns	     25823	80005748	e00894d3	fclass.s	x9,f17	 f17:0xf8114029  x9=0x00000002
     258275.000 ns	     25826	8000574c	28a00453	fmin.s	f8,f0,f10	  f0:0x5f800000 f10:0x78114008  f8=0x5f800000
     258295.000 ns	     25828	80005750	00d34db3	xor	x27,x6,x13	  x6:0x6c88f724 x13:0x804002e7 x27=0xecc8f5c3
     258315.000 ns	     25830	80005754	037eb0b3	mulhu	x1,x29,x23	 x29:0x00000000 x23:0x00000000  x1=0x00000000
     258335.000 ns	     25832	80005758	00000013	addi	x0,x0,0	  x0:0x00000000
     258345.000 ns	     25833	8000575c	f0da2693	slti	x13,x20,-243	 x20:0xffffffff x13=0x00000000
     258365.000 ns	     25835	80005760	d0044ad3	fcvt.s.w	f21,x8	  x8:0x00000000 f21=0x00000000
     258395.000 ns	     25838	80005764	c0077f53	fcvt.w.s	x30,f14	 f14:0x4f800000 x30=0x7fffffff
     258765.000 ns	     25875	80005768	0259c7b3	div	x15,x19,x5	 x19:0x91731000  x5:0x00000001 x15=0x91731000
     258795.000 ns	     25878	8000576c	025abbb3	mulhu	x23,x21,x5	 x21:0x00000001  x5:0x00000001 x23=0x00000000
     258815.000 ns	     25880	80005770	008bcc33	xor	x24,x23,x8	 x23:0x00000000  x8:0x00000000 x24=0x00000000
     258825.000 ns	     25881	80005774	401b5f13	srai	x30,x22,0x1	 x22:0x00000000 x30=0x00000000
     258835.000 ns	     25882	80005778	010de333	or	x6,x27,x16	 x27:0xecc8f5c3 x16:0x00000000  x6=0xecc8f5c3
     258855.000 ns	     25884	8000577c	c001f0d3	fcvt.w.s	x1,f3	  f3:0x4f800000  x1=0x7fffffff
     259225.000 ns	     25921	80005780	0336ff33	remu	x30,x13,x19	 x13:0x00000000 x19:0x91731000 x30=0x00000000
     259255.000 ns	     25924	80005784	a16b9b53	flt.s	x22,f23,f22	 f23:0x4e800820 f22:0x78114029 x22=0x00000001
     259275.000 ns	     25926	80005788	01ddc2b3	xor	x5,x27,x29	 x27:0xecc8f5c3 x29:0x00000000  x5=0xecc8f5c3
     259285.000 ns	     25927	8000578c	01bc3833	sltu	x16,x24,x27	 x24:0x00000000 x27:0xecc8f5c3 x16=0x00000001
     259305.000 ns	     25929	80005790	029b9933	mulh	x18,x23,x9	 x23:0x00000000  x9:0x00000002 x18=0x00000000
     259335.000 ns	     25932	80005794	020d7bb3	remu	x23,x26,x0	 x26:0xffffffff  x0:0x00000000 x23=0xffffffff
     259365.000 ns	     25935	80005798	212983d3	fsgnj.s	f7,f19,f18	 f19:0x4f800000 f18:0x4f800000  f7=0x4f800000
     259385.000 ns	     25937	8000579c	4052dc13	srai	x24,x5,0x5	  x5:0xecc8f5c3 x24=0xff6647ae
     259395.000 ns	     25938	800057a0	01775933	srl	x18,x14,x23	 x14:0x00000001 x23:0xffffffff x18=0x00000000
     259415.000 ns	     25940	800057a4	02001cb3	mulh	x25,x0,x0	  x0:0x00000000  x0:0x00000000 x25=0x00000000
     259435.000 ns	     25942	800057a8	018962b3	or	x5,x18,x24	 x18:0x00000000 x24:0xff6647ae  x5=0xff6647ae
     259445.000 ns	     25943	800057ac	55e8c613	xori	x12,x17,1374	 x17:0x00000000 x12=0x0000055e
     259455.000 ns	     25944	800057b0	45a8bd13	sltiu	x26,x17,1114	 x17:0x00000000 x26=0x00000001
     259465.000 ns	     25945	800057b4	014da3b3	slt	x7,x27,x20	 x27:0xecc8f5c3 x20:0xffffffff  x7=0x00000001
     259475.000 ns	     25946	800057b8	01a6d433	srl	x8,x13,x26	 x13:0x00000000 x26:0xffffffff  x8=0x00000000
     259495.000 ns	     25948	800057bc	027caab3	mulhsu	x21,x25,x7	 x25:0x00000000  x7:0x00000080 x21=0x00000000
     259515.000 ns	     25950	800057c0	f66d3493	sltiu	x9,x26,-154	 x26:0x00000001  x9=0x00000001
     259545.000 ns	     25953	800057c4	19787153	fdiv.s	f2,f16,f23	 f16:0x7fc00000 f23:0x4e800820  f2=0x7fc00000
     259595.000 ns	     25958	800057c8	01257753	fadd.s	f14,f10,f18	 f10:0x78114008 f18:0x4f800000 f14=0x78114008
     259615.000 ns	     25960	800057cc	41f4d413	srai	x8,x9,0x1f	  x9:0x00000001  x8=0x00000000
     259625.000 ns	     25961	800057d0	41958733	sub	x14,x11,x25	 x11:0xf24b5688 x25:0x00000000 x14=0xf24b5688
     259635.000 ns	     25962	800057d4	007706b3	add	x13,x14,x7	 x14:0x00000001  x7:0x00000001 x13=0xf24b5689
     259675.000 ns	     25966	800057d8	09ea0153	fsub.s	f2,f20,f30	 f20:0x7f800000 f30:0xcd5b4a97  f2=0x7f800000
     259715.000 ns	     25970	800057dc	580487d3	fsqrt.s	f15,f9	  f9:0x7f800000 f15=0x7f800000
     260085.000 ns	     26007	800057e0	02a14233	div	x4,x2,x10	  x2:0x80040fe4 x10:0x7fbfffff  x4=0xffffffff
     260105.000 ns	     26009	800057e4	00f2aeb3	slt	x29,x5,x15	  x5:0xff6647ae x15:0x91731000 x29=0x00000000
     260115.000 ns	     26010	800057e8	41d1ba93	sltiu	x21,x3,1053	  x3:0x00000001 x21=0x00000001
     260155.000 ns	     26014	800057ec	09e87753	fsub.s	f14,f16,f30	 f16:0x7fc00000 f30:0xcd5b4a97 f14=0x7fc00000
     260205.000 ns	     26019	800057f0	0110c6d3	fadd.s	f13,f1,f17	  f1:0xff800000 f17:0xf8114029 f13=0xff800000
     261385.000 ns	     26137	800057f4	580391d3	fsqrt.s	f3,f7	  f7:0x4f800000  f3=0x477fffae
     261415.000 ns	     26140	800057f8	03591533	mulh	x10,x18,x21	 x18:0x00000000 x21:0x00000001 x10=0x00000000
     261455.000 ns	     26144	800057fc	18917853	fdiv.s	f16,f2,f9	  f2:0x7f800000  f9:0x7f800000 f16=0x7fc00000
     261475.000 ns	     26146	80005800	00618933	add	x18,x3,x6	  x3:0x00000001  x6:0xecc8f5c3 x18=0xecc8f5c4
     261485.000 ns	     26147	80005804	40985c33	sra	x24,x16,x9	 x16:0x00000001  x9:0x00000001 x24=0x00000000
     261505.000 ns	     26149	80005808	a1d39cd3	flt.s	x25,f7,f29	  f7:0x4f800000 f29:0x4f800000 x25=0x00000000
     261525.000 ns	     26151	8000580c	00cbb733	sltu	x14,x23,x12	 x23:0xffffffff x12:0x0000055e x14=0x00000000
     261535.000 ns	     26152	80005810	dbb8a3b7	lui	x7,0xdbb8a	  x7=0xdbb8a000
     261545.000 ns	     26153	80005814	018b5b33	srl	x22,x22,x24	 x22:0x00000001 x24:0x00000000 x22=0x00000001
     261565.000 ns	     26155	80005818	203da4d3	fsgnjx.s	f9,f27,f3	 f27:0x4f800000  f3:0x477fffae  f9=0x4f800000
     261595.000 ns	     26158	8000581c	283a91d3	fmax.s	f3,f21,f3	 f21:0x00000000  f3:0x477fffae  f3=0x477fffae
     261625.000 ns	     26161	80005820	e0009753	fclass.s	x14,f1	  f1:0xff800000 x14=0x00000001
     261645.000 ns	     26163	80005824	6141d837	lui	x16,0x6141d	 x16=0x6141d000
     261675.000 ns	     26166	80005828	11ed89d3	fmul.s	f19,f27,f30	 f27:0x4f800000 f30:0xcd5b4a97 f19=0xdd5b4a98
     261695.000 ns	     26168	8000582c	404ed833	sra	x16,x29,x4	 x29:0x00000000  x4:0xffffffff x16=0x00000000
     262055.000 ns	     26204	80005830	036be733	rem	x14,x23,x22	 x23:0xffffffff x22:0x00000001 x14=0x00000000
     262085.000 ns	     26207	80005834	28448d53	fmin.s	f26,f9,f4	  f9:0x4f800000  f4:0x7fc00000 f26=0x4f800000
     262115.000 ns	     26210	80005838	e00b1c53	fclass.s	x24,f22	 f22:0x78114029 x24=0x00000040
     262145.000 ns	     26213	8000583c	295b9353	fmax.s	f6,f23,f21	 f23:0x4e800820 f21:0x00000000  f6=0x4e800820
     262165.000 ns	     26215	80005840	01295b33	srl	x22,x18,x18	 x18:0xecc8f5c4 x18:0xecc8f5c4 x22=0x0ecc8f5c
     262175.000 ns	     26216	80005844	00000013	addi	x0,x0,0	  x0:0x00000000
     262195.000 ns	     26218	80005848	025dbdb3	mulhu	x27,x27,x5	 x27:0xecc8f5c3  x5:0xff6647ae x27=0xec3ac72b
     262225.000 ns	     26221	8000584c	a1ed1753	flt.s	x14,f26,f30	 f26:0x4f800000 f30:0xcd5b4a97 x14=0x00000000
     262245.000 ns	     26223	80005850	41c85f33	sra	x30,x16,x28	 x16:0x00000000 x28:0x80041024 x30=0x00000000
     262285.000 ns	     26227	80005854	098bffd3	fsub.s	f31,f23,f24	 f23:0x4e800820 f24:0xcf800000 f31=0x4fa00208
     262315.000 ns	     26230	80005858	a1bb2dd3	feq.s	x27,f22,f27	 f22:0x78114029 f27:0x4f800000 x27=0x00000000
     262345.000 ns	     26233	8000585c	e00f9c53	fclass.s	x24,f31	 f31:0x4fa00208 x24=0x00000040
     262715.000 ns	     26270	80005860	03fa5833	divu	x16,x20,x31	 x20:0xffffffff x31:0x00000200 x16=0x007fffff
     262735.000 ns	     26272	80005864	012e5213	srli	x4,x28,0x12	 x28:0x80041024  x4=0x00002001
     262755.000 ns	     26274	80005868	03b7e933	rem	x18,x15,x27	 x15:0x91731000 x27:0x00000000 x18=0x91731000
     262785.000 ns	     26277	8000586c	f00f0953	fmv.w.x	f18,x30	 x30:0x00000000 f18=0x00000000
     262805.000 ns	     26279	80005870	0edff413	andi	x8,x31,237	 x31:0x00000200  x8=0x00000000
     262825.000 ns	     26281	80005874	03662c33	mulhsu	x24,x12,x22	 x12:0x0000055e x22:0x0ecc8f5c x24=0x0000004f
     262855.000 ns	     26284	80005878	0213b833	mulhu	x16,x7,x1	  x7:0xdbb8a000  x1:0x7fffffff x16=0x6ddc4fff
     263225.000 ns	     26321	8000587c	02d576b3	remu	x13,x10,x13	 x10:0x00000000 x13:0xf24b5689 x13=0x00000000
     263255.000 ns	     26324	80005880	02100a33	mul	x20,x0,x1	  x0:0x00000000  x1:0x7fffffff x20=0x00000000
     263275.000 ns	     26326	80005884	015a22b3	slt	x5,x20,x21	 x20:0xffffffff x21:0x00000001  x5=0x00000001
     263295.000 ns	     26328	80005888	0281d2b3	divu	x5,x3,x8	  x3:0x00000001  x8:0x00000000  x5=0xffffffff
     263315.000 ns	     26330	8000588c	01bcaf33	slt	x30,x25,x27	 x25:0x00000000 x27:0x00000000 x30=0x00000000
     263335.000 ns	     26332	80005890	205e84d3	fsgnj.s	f9,f29,f5	 f29:0x4f800000  f5:0x00000000  f9=0x4f800000
     263365.000 ns	     26335	80005894	031de933	rem	x18,x27,x17	 x27:0x00000000 x17:0x00000000 x18=0x00000000
     263385.000 ns	     26337	80005898	a494b093	sltiu	x1,x9,-1463	  x9:0x00000001  x1=0x00000001
     263405.000 ns	     26339	8000589c	d00ef3d3	fcvt.s.w	f7,x29	 x29:0x00000000  f7=0x00000000
     263775.000 ns	     26376	800058a0	026f5bb3	divu	x23,x30,x6	 x30:0x00000000  x6:0xecc8f5c3 x23=0x00000000
     263825.000 ns	     26381	800058a4	00b47253	fadd.s	f4,f8,f11	  f8:0x5f800000 f11:0x00000000  f4=0x5f800000
     263845.000 ns	     26383	800058a8	40585833	sra	x16,x16,x5	 x16:0x6ddc4fff  x5:0xffffffff x16=0x00000000
     263865.000 ns	     26385	800058ac	a1e38c53	fle.s	x24,f7,f30	  f7:0x00000000 f30:0xcd5b4a97 x24=0x00000000
     263895.000 ns	     26388	800058b0	03942d33	mulhsu	x26,x8,x25	  x8:0x00000000 x25:0x00000000 x26=0x00000000
     263925.000 ns	     26391	800058b4	03a828b3	mulhsu	x17,x16,x26	 x16:0x00000000 x26:0x00000001 x17=0x00000000
     263945.000 ns	     26393	800058b8	00fdba33	sltu	x20,x27,x15	 x27:0x00000000 x15:0x91731000 x20=0x00000001
     263955.000 ns	     26394	800058bc	9e93f037	lui	x0,0x9e93f	
     263965.000 ns	     26395	800058c0	01741d93	slli	x27,x8,0x17	  x8:0x00000000 x27=0x00000000
     263985.000 ns	     26397	800058c4	f00e8a53	fmv.w.x	f20,x29	 x29:0x00000000 f20=0x00000000
     264005.000 ns	     26399	800058c8	00f0c733	xor	x14,x1,x15	  x1:0x00000001 x15:0x91731000 x14=0x91731001
     264015.000 ns	     26400	800058cc	0044f2b3	and	x5,x9,x4	  x9:0x00000001  x4:0x00002001  x5=0x00000001
     264035.000 ns	     26402	800058d0	21e51153	fsgnjn.s	f2,f10,f30	 f10:0x78114008 f30:0xcd5b4a97  f2=0x78114008
     264405.000 ns	     26439	800058d4	02914433	div	x8,x2,x9	  x2:0x80040fe4  x9:0x00000001  x8=0x80040fe4
     264425.000 ns	     26441	800058d8	0002f933	and	x18,x5,x0	  x5:0x00000001  x0:0x00000000 x18=0x00000000
     264445.000 ns	     26443	800058dc	02249733	mulh	x14,x9,x2	  x9:0x00000001  x2:0x80040fe4 x14=0xffffffff
     264465.000 ns	     26445	800058e0	49a86893	ori	x17,x16,1178	 x16:0x00000000 x17=0x0000049a
     264485.000 ns	     26447	800058e4	e0059c53	fclass.s	x24,f11	 f11:0x00000000 x24=0x00000010
     264515.000 ns	     26450	800058e8	20a1af53	fsgnjx.s	f30,f3,f10	  f3:0x477fffae f10:0x78114008 f30=0x477fffae
     264535.000 ns	     26452	800058ec	6cfcbd93	sltiu	x27,x25,1743	 x25:0x00000000 x27=0x00000001
     264555.000 ns	     26454	800058f0	f0080153	fmv.w.x	f2,x16	 x16:0x00000000  f2=0x00000000
     264575.000 ns	     26456	800058f4	41fddf93	srai	x31,x27,0x1f	 x27:0x00000000 x31=0x00000000
     264595.000 ns	     26458	800058f8	c01d04d3	fcvt.wu.s	x9,f26	 f26:0x4f800000  x9=0x00000000
     264615.000 ns	     26460	800058fc	d0c24c37	lui	x24,0xd0c24	 x24=0xd0c24000
     264635.000 ns	     26462	80005900	20729c53	fsgnjn.s	f24,f5,f7	  f5:0x00000000  f7:0x00000000 f24=0x80000000
     264655.000 ns	     26464	80005904	0117e9b3	or	x19,x15,x17	 x15:0x91731000 x17:0x0000049a x19=0x9173149a
     264695.000 ns	     26468	80005908	09caf0d3	fsub.s	f1,f21,f28	 f21:0x00000000 f28:0x7f800000  f1=0xff800000
     264725.000 ns	     26471	8000590c	d01116d3	fcvt.s.wu	f13,x2	  x2:0x80040fe4 f13=0x4f00040f
     264745.000 ns	     26473	80005910	30d7c793	xori	x15,x15,781	 x15:0x91731000 x15=0x9173130d
     264755.000 ns	     26474	80005914	a44a8693	addi	x13,x21,-1468	 x21:0x00000001 x13=0xfffffa45
     264765.000 ns	     26475	80005918	002fdfb3	srl	x31,x31,x2	 x31:0x00000000  x2:0x80040fe4 x31=0x00000000
     264775.000 ns	     26476	8000591c	00ff11b3	sll	x3,x30,x15	 x30:0x00000000 x15:0x9173130d  x3=0x00000000
     264785.000 ns	     26477	80005920	00d9db13	srli	x22,x19,0xd	 x19:0x9173149a x22=0x00048b98
     264795.000 ns	     26478	80005924	00615d13	srli	x26,x2,0x6	  x2:0x80040fe4 x26=0x0200103f
     265155.000 ns	     26514	80005928	0366c433	div	x8,x13,x22	 x13:0xfffffa45 x22:0x0ecc8f5c  x8=0x00000000
     265175.000 ns	     26516	8000592c	01afd993	srli	x19,x31,0x1a	 x31:0x00000000 x19=0x00000000
     265195.000 ns	     26518	80005930	02c28eb3	mul	x29,x5,x12	  x5:0x00000001 x12:0x0000055e x29=0x0000055e
     265225.000 ns	     26521	80005934	c00f7453	fcvt.w.s	x8,f30	 f30:0x477fffae  x8=0x0000ffff
     265245.000 ns	     26523	80005938	014b0833	add	x16,x22,x20	 x22:0x00048b98 x20:0x00000001 x16=0x00048b99
     265255.000 ns	     26524	8000593c	01f3a533	slt	x10,x7,x31	  x7:0xdbb8a000 x31:0x00000000 x10=0x00000001
     265265.000 ns	     26525	80005940	40055c13	srai	x24,x10,0x0	 x10:0x00000000 x24=0x00000001
     265275.000 ns	     26526	80005944	40c8d433	sra	x8,x17,x12	 x17:0x0000049a x12:0x0000055e  x8=0x00000000
     265285.000 ns	     26527	80005948	e328ec13	ori	x24,x17,-462	 x17:0x0000049a x24=0xfffffeba
     265295.000 ns	     26528	8000594c	005027b3	slt	x15,x0,x5	  x0:0x00000000  x5:0x00000001 x15=0x00000001
     265305.000 ns	     26529	80005950	5e886e93	ori	x29,x16,1512	 x16:0x00048b99 x29=0x00048ff9
     265315.000 ns	     26530	80005954	40d45f93	srai	x31,x8,0xd	  x8:0x00000000 x31=0x00000000
     265325.000 ns	     26531	80005958	413c8bb3	sub	x23,x25,x19	 x25:0x00000000 x19:0x00000000 x23=0x00000000
     265335.000 ns	     26532	8000595c	002939b3	sltu	x19,x18,x2	 x18:0x00000000  x2:0x80040fe4 x19=0x00000001
     265355.000 ns	     26534	80005960	03769db3	mulh	x27,x13,x23	 x13:0xfffffa45 x23:0x00000000 x27=0x00000000
     265385.000 ns	     26537	80005964	21189753	fsgnjn.s	f14,f17,f17	 f17:0xf8114029 f17:0xf8114029 f14=0x78114029
     265405.000 ns	     26539	80005968	0172d413	srli	x8,x5,0x17	  x5:0x00000001  x8=0x00000000
     265425.000 ns	     26541	8000596c	a1e789d3	fle.s	x19,f15,f30	 f15:0x7f800000 f30:0x477fffae x19=0x00000000
     265455.000 ns	     26544	80005970	21922153	fsgnjx.s	f2,f4,f25	  f4:0x5f800000 f25:0xffc00000  f2=0xdf800000
     265475.000 ns	     26546	80005974	01a131b3	sltu	x3,x2,x26	  x2:0x80040fe4 x26:0x0200103f  x3=0x00000000
     265515.000 ns	     26550	80005978	006e7ed3	fadd.s	f29,f28,f6	 f28:0x7f800000  f6:0x4e800820 f29=0x7f800000
     265535.000 ns	     26552	8000597c	41bb8ab3	sub	x21,x23,x27	 x23:0x00000000 x27:0x00000000 x21=0x00000000
     265555.000 ns	     26554	80005980	d01d1ad3	fcvt.s.wu	f21,x26	 x26:0x0200103f f21=0x4c00040f
     265585.000 ns	     26557	80005984	02a91833	mulh	x16,x18,x10	 x18:0x00000000 x10:0x00000001 x16=0x00000000
     265605.000 ns	     26559	80005988	411dd533	sra	x10,x27,x17	 x27:0x00000000 x17:0x0000049a x10=0x00000000
     265615.000 ns	     26560	8000598c	00000013	addi	x0,x0,0	  x0:0x00000000
     265625.000 ns	     26561	80005990	41b8db33	sra	x22,x17,x27	 x17:0x0000049a x27:0x00000000 x22=0x0000049a
     265635.000 ns	     26562	80005994	0117dc93	srli	x25,x15,0x11	 x15:0x00000001 x25=0x00000000
     266805.000 ns	     26679	80005998	58000653	fsqrt.s	f12,f0	  f0:0x5f800000 f12=0x4f7fffae
     266825.000 ns	     26681	8000599c	b1e82c37	lui	x24,0xb1e82	 x24=0xb1e82000
     266835.000 ns	     26682	800059a0	01a5dab3	srl	x21,x11,x26	 x11:0xf24b5688 x26:0x0200103f x21=0x00000001
     266845.000 ns	     26683	800059a4	01b94633	xor	x12,x18,x27	 x18:0x00000000 x27:0x00000000 x12=0x00000000
     266855.000 ns	     26684	800059a8	00701c13	slli	x24,x0,0x7	  x0:0x00000000 x24=0x00000000
     266865.000 ns	     26685	800059ac	017803b3	add	x7,x16,x23	 x16:0x00000000 x23:0x00000000  x7=0x00000000
     267225.000 ns	     26721	800059b0	02f87533	remu	x10,x16,x15	 x16:0x00000000 x15:0x00000001 x10=0x00000000
     267245.000 ns	     26723	800059b4	39392893	slti	x17,x18,915	 x18:0x00000000 x17=0x00000001
     267265.000 ns	     26725	800059b8	a15282d3	fle.s	x5,f5,f21	  f5:0x00000000 f21:0x4c00040f  x5=0x00000001
     267295.000 ns	     26728	800059bc	02ac00b3	mul	x1,x24,x10	 x24:0x00000000 x10:0x00000000  x1=0x00000000
     267315.000 ns	     26730	800059c0	00000013	addi	x0,x0,0	  x0:0x00000000
     267335.000 ns	     26732	800059c4	e00a8ed3	fmv.x.w	x29,f21	 f21:0x4c00040f x29=0x4c00040f
     267355.000 ns	     26734	800059c8	01717f33	and	x30,x2,x23	  x2:0x80040fe4 x23:0x00000000 x30=0x00000000
     267365.000 ns	     26735	800059cc	003a4b33	xor	x22,x20,x3	 x20:0x00000001  x3:0x00000000 x22=0x00000001
     267375.000 ns	     26736	800059d0	4193dd13	srai	x26,x7,0x19	  x7:0x00000000 x26=0x00000000
     267395.000 ns	     26738	800059d4	0279bab3	mulhu	x21,x19,x7	 x19:0x00000000  x7:0x00000000 x21=0x00000000
     267415.000 ns	     26740	800059d8	741e4d37	lui	x26,0x741e4	 x26=0x741e4000
     267425.000 ns	     26741	800059dc	41f20ab3	sub	x21,x4,x31	  x4:0x00002001 x31:0x00000000 x21=0x00002001
     267445.000 ns	     26743	800059e0	d0127fd3	fcvt.s.wu	f31,x4	  x4:0x00002001 f31=0x46000400
     267465.000 ns	     26745	800059e4	d8212713	slti	x14,x2,-638	  x2:0x80040fe4 x14=0x00000001
     267825.000 ns	     26781	800059e8	031173b3	remu	x7,x2,x17	  x2:0x80040fe4 x17:0x00000001  x7=0x00000000
     267845.000 ns	     26783	800059ec	00000013	addi	x0,x0,0	  x0:0x00000000
     267865.000 ns	     26785	800059f0	280386d3	fmin.s	f13,f7,f0	  f7:0x00000000  f0:0x5f800000 f13=0x00000000
     267895.000 ns	     26788	800059f4	a0dc2253	feq.s	x4,f24,f13	 f24:0x80000000 f13:0x4f00040f  x4=0x00000001
     267915.000 ns	     26790	800059f8	0073a4b3	slt	x9,x7,x7	  x7:0x00000000  x7:0x00000000  x9=0x00000000
     267925.000 ns	     26791	800059fc	013a99b3	sll	x19,x21,x19	 x21:0x00002001 x19:0x00000000 x19=0x00002001
     267935.000 ns	     26792	80005a00	01f20cb3	add	x25,x4,x31	  x4:0x00000001 x31:0x00000000 x25=0x00000001
     267945.000 ns	     26793	80005a04	40b0d813	srai	x16,x1,0xb	  x1:0x00000000 x16=0x00000000
     269115.000 ns	     26910	80005a08	580b17d3	fsqrt.s	f15,f22	 f22:0x78114029 f15=0x5b4d69b6
     269135.000 ns	     26912	80005a0c	73002017	auipc	x0,0x73002	
     269145.000 ns	     26913	80005a10	00000013	addi	x0,x0,0	  x0:0x00000000
     269155.000 ns	     26914	80005a14	49f37b13	andi	x22,x6,1183	  x6:0xecc8f5c3 x22=0x00000483
     269165.000 ns	     26915	80005a18	011b61b3	or	x3,x22,x17	 x22:0x00000001 x17:0x00000001  x3=0x00000483
     269175.000 ns	     26916	80005a1c	01cb1993	slli	x19,x22,0x1c	 x22:0x00000001 x19=0x30000000
     269185.000 ns	     26917	80005a20	deef3237	lui	x4,0xdeef3	  x4=0xdeef3000
     269205.000 ns	     26919	80005a24	d00cf153	fcvt.s.w	f2,x25	 x25:0x00000001  f2=0x3f800000
     269225.000 ns	     26921	80005a28	0171ac33	slt	x24,x3,x23	  x3:0x00000483 x23:0x00000000 x24=0x00000000
     269235.000 ns	     26922	80005a2c	48dcf713	andi	x14,x25,1165	 x25:0x00000001 x14=0x00000001
     269255.000 ns	     26924	80005a30	029386b3	mul	x13,x7,x9	  x7:0x00000000  x9:0x00000000 x13=0x00000000
     269275.000 ns	     26926	80005a34	759ccc13	xori	x24,x25,1881	 x25:0x00000001 x24=0x00000758
     269285.000 ns	     26927	80005a38	013ae0b3	or	x1,x21,x19	 x21:0x00002001 x19:0x30000000  x1=0x30002001
     269295.000 ns	     26928	80005a3c	00ea8833	add	x16,x21,x14	 x21:0x00002001 x14:0x00000001 x16=0x00002002
     269315.000 ns	     26930	80005a40	20810fd3	fsgnj.s	f31,f2,f8	  f2:0x3f800000  f8:0x5f800000 f31=0x3f800000
     269335.000 ns	     26932	80005a44	4170d333	sra	x6,x1,x23	  x1:0x30002001 x23:0x00000000  x6=0x30002001
     269345.000 ns	     26933	80005a48	01ef30b3	sltu	x1,x30,x30	 x30:0x00000000 x30:0x00000000  x1=0x00000000
     269355.000 ns	     26934	80005a4c	da08b837	lui	x16,0xda08b	 x16=0xda08b000
     269365.000 ns	     26935	80005a50	01369193	slli	x3,x13,0x13	 x13:0x00000000  x3=0x00000000
     269385.000 ns	     26937	80005a54	290f9053	fmax.s	f0,f31,f16	 f31:0x3f800000 f16:0x7fc00000  f0=0x3f800000
     269415.000 ns	     26940	80005a58	03294f33	div	x30,x18,x18	 x18:0x00000000 x18:0x00000000 x30=0xffffffff
     269465.000 ns	     26945	80005a5c	091d7053	fsub.s	f0,f26,f17	 f26:0x4f800000 f17:0xf8114029  f0=0x78114029
     269495.000 ns	     26948	80005a60	28271f53	fmax.s	f30,f14,f2	 f14:0x78114029  f2:0x3f800000 f30=0x78114029
     269525.000 ns	     26951	80005a64	20479953	fsgnjn.s	f18,f15,f4	 f15:0x5b4d69b6  f4:0x5f800000 f18=0xdb4d69b6
     269545.000 ns	     26953	80005a68	417cd9b3	sra	x19,x25,x23	 x25:0x00000001 x23:0x00000000 x19=0x00000001
     269555.000 ns	     26954	80005a6c	2dec3793	sltiu	x15,x24,734	 x24:0x00000758 x15=0x00000000
     269575.000 ns	     26956	80005a70	021febb3	rem	x23,x31,x1	 x31:0x00000000  x1:0x00000000 x23=0x00000000
     269595.000 ns	     26958	80005a74	00e06533	or	x10,x0,x14	  x0:0x00000000 x14:0x00000001 x10=0x00000001
     269605.000 ns	     26959	80005a78	10277f93	andi	x31,x14,258	 x14:0x00000001 x31=0x00000000
     269615.000 ns	     26960	80005a7c	018303b3	add	x7,x6,x24	  x6:0x30002001 x24:0x00000758  x7=0x30002759
     269625.000 ns	     26961	80005a80	00ae1493	slli	x9,x28,0xa	 x28:0x80041024  x9=0x10409000
     269635.000 ns	     26962	80005a84	00271493	slli	x9,x14,0x2	 x14:0x00000001  x9=0x00000004
     269645.000 ns	     26963	80005a88	fc1f4b13	xori	x22,x30,-63	 x30:0xffffffff x22=0x0000003e
     269655.000 ns	     26964	80005a8c	0172d193	srli	x3,x5,0x17	  x5:0x00000001  x3=0x00000000
     269665.000 ns	     26965	80005a90	338bca13	xori	x20,x23,824	 x23:0x00000000 x20=0x00000338
     269685.000 ns	     26967	80005a94	28f81d53	fmax.s	f26,f16,f15	 f16:0x7fc00000 f15:0x5b4d69b6 f26=0x5b4d69b6
     269715.000 ns	     26970	80005a98	c0127453	fcvt.wu.s	x8,f4	  f4:0x5f800000  x8=0x00000000
     269745.000 ns	     26973	80005a9c	f00289d3	fmv.w.x	f19,x5	  x5:0x00000001 f19=0x00000001
     269765.000 ns	     26975	80005aa0	01931b93	slli	x23,x6,0x19	  x6:0x30002001 x23=0x02000000
     269785.000 ns	     26977	80005aa4	02c90bb3	mul	x23,x18,x12	 x18:0x00000000 x12:0x00000000 x23=0x00000000
     269815.000 ns	     26980	80005aa8	d0177f53	fcvt.s.wu	f30,x14	 x14:0x00000001 f30=0x3f800000
     269835.000 ns	     26982	80005aac	072af713	andi	x14,x21,114	 x21:0x00002001 x14=0x00000000
     269845.000 ns	     26983	80005ab0	ccb44493	xori	x9,x8,-821	  x8:0x00000000  x9=0xfffffccb
     269855.000 ns	     26984	80005ab4	41be5c13	srai	x24,x28,0x1b	 x28:0x80041024 x24=0xfffffff0
     269865.000 ns	     26985	80005ab8	41a153b3	sra	x7,x2,x26	  x2:0x80040fe4 x26:0x741e4000  x7=0x80040fe4
     269885.000 ns	     26987	80005abc	03e798b3	mulh	x17,x15,x30	 x15:0x00000000 x30:0xffffffff x17=0x00000000
     269905.000 ns	     26989	80005ac0	00e4a6b3	slt	x13,x9,x14	  x9:0xfffffccb x14:0x00000000 x13=0x00000001
     269925.000 ns	     26991	80005ac4	a044a853	feq.s	x16,f9,f4	  f9:0x4f800000  f4:0x5f800000 x16=0x00000000
     269955.000 ns	     26994	80005ac8	031e71b3	remu	x3,x28,x17	 x28:0x80041024 x17:0x00000000  x3=0x80041024
     269985.000 ns	     26997	80005acc	0251b3b3	mulhu	x7,x3,x5	  x3:0x00000000  x5:0x00000001  x7=0x00000000
     270005.000 ns	     26999	80005ad0	010158b3	srl	x17,x2,x16	  x2:0x80040fe4 x16:0x00000000 x17=0x80040fe4
     270015.000 ns	     27000	80005ad4	120fc993	xori	x19,x31,288	 x31:0x00000000 x19=0x00000120
     270025.000 ns	     27001	80005ad8	5eb02713	slti	x14,x0,1515	  x0:0x00000000 x14=0x00000001
     270045.000 ns	     27003	80005adc	28c890d3	fmax.s	f1,f17,f12	 f17:0xf8114029 f12:0x4f7fffae  f1=0x4f7fffae
     270075.000 ns	     27006	80005ae0	a0149d53	flt.s	x26,f9,f1	  f9:0x4f800000  f1:0xff800000 x26=0x00000000
     270095.000 ns	     27008	80005ae4	01605633	srl	x12,x0,x22	  x0:0x00000000 x22:0x0000003e x12=0x00000000
     270115.000 ns	     27010	80005ae8	0301c533	div	x10,x3,x16	  x3:0x80041024 x16:0x00000000 x10=0xffffffff
     270145.000 ns	     27013	80005aec	02eb2bb3	mulhsu	x23,x22,x14	 x22:0x0000003e x14:0x00000001 x23=0x00000000
     270175.000 ns	     27016	80005af0	c0007253	fcvt.w.s	x4,f0	  f0:0x78114029  x4=0x7fffffff
     270195.000 ns	     27018	80005af4	00397033	and	x0,x18,x3	 x18:0x00000000  x3:0x80041024
     270225.000 ns	     27021	80005af8	10b8f1d3	fmul.s	f3,f17,f11	 f17:0xf8114029 f11:0x00000000  f3=0x80000000
     270255.000 ns	     27024	80005afc	0325ecb3	rem	x25,x11,x18	 x11:0xf24b5688 x18:0x00000000 x25=0xf24b5688
     270275.000 ns	     27026	80005b00	d6b1e393	ori	x7,x3,-661	  x3:0x80041024  x7=0xfffffd6f
     270285.000 ns	     27027	80005b04	00c09013	slli	x0,x1,0xc	  x1:0x00000000
     270305.000 ns	     27029	80005b08	21a886d3	fsgnj.s	f13,f17,f26	 f17:0xf8114029 f26:0x5b4d69b6 f13=0x78114029
     270335.000 ns	     27032	80005b0c	e0031753	fclass.s	x14,f6	  f6:0x4e800820 x14=0x00000040
     270355.000 ns	     27034	80005b10	0083b7b3	sltu	x15,x7,x8	  x7:0xfffffd6f  x8:0x00000000 x15=0x00000000
     270365.000 ns	     27035	80005b14	3d91bd13	sltiu	x26,x3,985	  x3:0x80041024 x26=0x00000000
     270385.000 ns	     27037	80005b18	03e23c33	mulhu	x24,x4,x30	  x4:0x7fffffff x30:0xffffffff x24=0x7ffffffe
     270405.000 ns	     27039	80005b1c	40e85433	sra	x8,x16,x14	 x16:0x00000000 x14:0x00000040  x8=0x00000000
     270415.000 ns	     27040	80005b20	08d33693	sltiu	x13,x6,141	  x6:0x30002001 x13=0x00000000
     270425.000 ns	     27041	80005b24	c23bbd37	lui	x26,0xc23bb	 x26=0xc23bb000
     270445.000 ns	     27043	80005b28	d01e7453	fcvt.s.wu	f8,x28	 x28:0x80041024  f8=0x4f000410
     270475.000 ns	     27046	80005b2c	21d79753	fsgnjn.s	f14,f15,f29	 f15:0x5b4d69b6 f29:0x7f800000 f14=0xdb4d69b6
     270495.000 ns	     27048	80005b30	77cd3793	sltiu	x15,x26,1916	 x26:0xc23bb000 x15=0x00000000
     270515.000 ns	     27050	80005b34	021ebab3	mulhu	x21,x29,x1	 x29:0x4c00040f  x1:0x00000000 x21=0x00000000
     270535.000 ns	     27052	80005b38	40d8deb3	sra	x29,x17,x13	 x17:0x80040fe4 x13:0x00000000 x29=0x80040fe4
     270555.000 ns	     27054	80005b3c	20e81c53	fsgnjn.s	f24,f16,f14	 f16:0x7fc00000 f14:0xdb4d69b6 f24=0x7fc00000
     270575.000 ns	     27056	80005b40	0005c7b3	xor	x15,x11,x0	 x11:0xf24b5688  x0:0x00000000 x15=0xf24b5688
     270585.000 ns	     27057	80005b44	3a768093	addi	x1,x13,935	 x13:0x00000000  x1=0x000003a7
     270605.000 ns	     27059	80005b48	028a2333	mulhsu	x6,x20,x8	 x20:0x00000338  x8:0x00000000  x6=0x00000000
     270635.000 ns	     27062	80005b4c	02bdaf33	mulhsu	x30,x27,x11	 x27:0x00000000 x11:0xf24b5688 x30=0x00000000
     270665.000 ns	     27065	80005b50	a0952953	feq.s	x18,f10,f9	 f10:0x78114008  f9:0x4f800000 x18=0x00000000
     270695.000 ns	     27068	80005b54	02a8a333	mulhsu	x6,x17,x10	 x17:0x80040fe4 x10:0xffffffff  x6=0x80040fe4
     270725.000 ns	     27071	80005b58	035d9bb3	mulh	x23,x27,x21	 x27:0x00000000 x21:0x00000000 x23=0x00000000
     270755.000 ns	     27074	80005b5c	e0099cd3	fclass.s	x25,f19	 f19:0x00000001 x25=0x00000020
     270785.000 ns	     27077	80005b60	c004a4d3	fcvt.w.s	x9,f9	  f9:0x4f800000  x9=0x7fffffff
     270805.000 ns	     27079	80005b64	e9aa8e93	addi	x29,x21,-358	 x21:0x00000000 x29=0xfffffe9a
     270835.000 ns	     27082	80005b68	19a2f9d3	fdiv.s	f19,f5,f26	  f5:0x00000000 f26:0x5b4d69b6 f19=0x00000000
     270855.000 ns	     27084	80005b6c	006e90b3	sll	x1,x29,x6	 x29:0x80040fe4  x6:0x80040fe4  x1=0xffffe9a0
     270875.000 ns	     27086	80005b70	211d9853	fsgnjn.s	f16,f27,f17	 f27:0x4f800000 f17:0xf8114029 f16=0x4f800000
     270905.000 ns	     27089	80005b74	c01830d3	fcvt.wu.s	x1,f16	 f16:0x7fc00000  x1=0x00000000
     270925.000 ns	     27091	80005b78	00249b33	sll	x22,x9,x2	  x9:0x7fffffff  x2:0x80040fe4 x22=0xfffffff0
     270945.000 ns	     27093	80005b7c	03e670b3	remu	x1,x12,x30	 x12:0x00000000 x30:0x00000000  x1=0x00000000
     270965.000 ns	     27095	80005b80	01c08833	add	x16,x1,x28	  x1:0x00000000 x28:0x80041024 x16=0x80041024
     271325.000 ns	     27131	80005b84	02ad5933	divu	x18,x26,x10	 x26:0xc23bb000 x10:0xffffffff x18=0x00000000
     271345.000 ns	     27133	80005b88	f67dea13	ori	x20,x27,-153	 x27:0x00000000 x20=0xffffff67
     271385.000 ns	     27137	80005b8c	01cbff53	fadd.s	f30,f23,f28	 f23:0x4e800820 f28:0x7f800000 f30=0x7f800000
     271405.000 ns	     27139	80005b90	01651db3	sll	x27,x10,x22	 x10:0xffffffff x22:0xfffffff0 x27=0xffff0000
     271425.000 ns	     27141	80005b94	c01c78d3	fcvt.wu.s	x17,f24	 f24:0x7fc00000 x17=0xffffffff
     271455.000 ns	     27144	80005b98	d004fb53	fcvt.s.w	f22,x9	  x9:0x7fffffff f22=0x4effffff
     271485.000 ns	     27147	80005b9c	a0c71c53	flt.s	x24,f14,f12	 f14:0xdb4d69b6 f12:0x4f7fffae x24=0x00000001
     271505.000 ns	     27149	80005ba0	41c95693	srai	x13,x18,0x1c	 x18:0x00000000 x13=0x00000000
     271515.000 ns	     27150	80005ba4	010ae633	or	x12,x21,x16	 x21:0x00000000 x16:0x80041024 x12=0x80041024
     271525.000 ns	     27151	80005ba8	183ee9b7	lui	x19,0x183ee	 x19=0x183ee000
     271535.000 ns	     27152	80005bac	010e5433	srl	x8,x28,x16	 x28:0x80041024 x16:0x80041024  x8=0x08004102
     271555.000 ns	     27154	80005bb0	207f8bd3	fsgnj.s	f23,f31,f7	 f31:0x3f800000  f7:0x00000000 f23=0x3f800000
     271585.000 ns	     27157	80005bb4	035fd433	divu	x8,x31,x21	 x31:0x00000000 x21:0x00000000  x8=0xffffffff
     271605.000 ns	     27159	80005bb8	013b5093	srli	x1,x22,0x13	 x22:0xfffffff0  x1=0x00001fff
     271615.000 ns	     27160	80005bbc	014932b3	sltu	x5,x18,x20	 x18:0x00000000 x20:0xffffff67  x5=0x00000001
     271635.000 ns	     27162	80005bc0	a1bda653	feq.s	x12,f27,f27	 f27:0x4f800000 f27:0x4f800000 x12=0x00000001
     271655.000 ns	     27164	80005bc4	00874a33	xor	x20,x14,x8	 x14:0x00000040  x8:0xffffffff x20=0xffffffbf
     271665.000 ns	     27165	80005bc8	00de5933	srl	x18,x28,x13	 x28:0x80041024 x13:0x00000000 x18=0x80041024
     271685.000 ns	     27167	80005bcc	c0197d53	fcvt.wu.s	x26,f18	 f18:0xdb4d69b6 x26=0x00000000
     271715.000 ns	     27170	80005bd0	206099d3	fsgnjn.s	f19,f1,f6	  f1:0x4f7fffae  f6:0x4e800820 f19=0xcf7fffae
     271735.000 ns	     27172	80005bd4	00b7cc33	xor	x24,x15,x11	 x15:0xf24b5688 x11:0xf24b5688 x24=0x00000000
     271745.000 ns	     27173	80005bd8	00000013	addi	x0,x0,0	  x0:0x00000000
     271755.000 ns	     27174	80005bdc	41075393	srai	x7,x14,0x10	 x14:0x00000040  x7=0x00000000
     271775.000 ns	     27176	80005be0	216400d3	fsgnj.s	f1,f8,f22	  f8:0x4f000410 f22:0x4effffff  f1=0x4f000410
     271805.000 ns	     27179	80005be4	a1e8a9d3	feq.s	x19,f17,f30	 f17:0xf8114029 f30:0x7f800000 x19=0x00000000
     271825.000 ns	     27181	80005be8	0021d093	srli	x1,x3,0x2	  x3:0x80041024  x1=0x20010409
     271835.000 ns	     27182	80005bec	40c05213	srai	x4,x0,0xc	  x0:0x00000000  x4=0x00000000
     271845.000 ns	     27183	80005bf0	0119c2b3	xor	x5,x19,x17	 x19:0x00000000 x17:0xffffffff  x5=0xffffffff
     271855.000 ns	     27184	80005bf4	004ee933	or	x18,x29,x4	 x29:0xfffffe9a  x4:0x7fffffff x18=0xfffffe9a
     271875.000 ns	     27186	80005bf8	c00d10d3	fcvt.w.s	x1,f26	 f26:0x5b4d69b6  x1=0x7fffffff
     271905.000 ns	     27189	80005bfc	29a21553	fmax.s	f10,f4,f26	  f4:0x5f800000 f26:0x5b4d69b6 f10=0x5f800000
     271935.000 ns	     27192	80005c00	a1991fd3	flt.s	x31,f18,f25	 f18:0xdb4d69b6 f25:0xffc00000 x31=0x00000000
     271965.000 ns	     27195	80005c04	297d1553	fmax.s	f10,f26,f23	 f26:0x5b4d69b6 f23:0x3f800000 f10=0x5b4d69b6
     272005.000 ns	     27199	80005c08	10838653	fmul.s	f12,f7,f8	  f7:0x00000000  f8:0x4f000410 f12=0x00000000
     272025.000 ns	     27201	80005c0c	00527d33	and	x26,x4,x5	  x4:0x00000000  x5:0xffffffff x26=0x00000000
     272065.000 ns	     27205	80005c10	016c3a53	fadd.s	f20,f24,f22	 f24:0x7fc00000 f22:0x4effffff f20=0x7fc00000
     272095.000 ns	     27208	80005c14	20551e53	fsgnjn.s	f28,f10,f5	 f10:0x5b4d69b6  f5:0x00000000 f28=0xdb4d69b6
     272115.000 ns	     27210	80005c18	008ac933	xor	x18,x21,x8	 x21:0x00000000  x8:0xffffffff x18=0xffffffff
     272135.000 ns	     27212	80005c1c	e0030453	fmv.x.w	x8,f6	  f6:0x4e800820  x8=0x4e800820
     272165.000 ns	     27215	80005c20	e00210d3	fclass.s	x1,f4	  f4:0x5f800000  x1=0x00000040
     272195.000 ns	     27218	80005c24	035299b3	mulh	x19,x5,x21	  x5:0xffffffff x21:0x00000000 x19=0x00000000
     272225.000 ns	     27221	80005c28	e0039753	fclass.s	x14,f7	  f7:0x00000000 x14=0x00000010
     272245.000 ns	     27223	80005c2c	0030b3b3	sltu	x7,x1,x3	  x1:0x00000040  x3:0x80041024  x7=0x00000001
     272255.000 ns	     27224	80005c30	4031df33	sra	x30,x3,x3	  x3:0x80041024  x3:0x80041024 x30=0xf8004102
     272265.000 ns	     27225	80005c34	01ce70b3	and	x1,x28,x28	 x28:0x80041024 x28:0x80041024  x1=0x80041024
     272285.000 ns	     27227	80005c38	d0137053	fcvt.s.wu	f0,x6	  x6:0x80040fe4  f0=0x4f00040f
     272305.000 ns	     27229	80005c3c	eff54f13	xori	x30,x10,-257	 x10:0xffffffff x30=0x00000100
     272325.000 ns	     27231	80005c40	03a89833	mulh	x16,x17,x26	 x17:0xffffffff x26:0x00000000 x16=0x00000000
     272345.000 ns	     27233	80005c44	016dd3b3	srl	x7,x27,x22	 x27:0xffff0000 x22:0xfffffff0  x7=0x0000ffff
     272365.000 ns	     27235	80005c48	c011f4d3	fcvt.wu.s	x9,f3	  f3:0x80000000  x9=0x00000000
     272385.000 ns	     27237	80005c4c	c668fb37	lui	x22,0xc668f	 x22=0xc668f000
     272405.000 ns	     27239	80005c50	c0170c53	fcvt.wu.s	x24,f14	 f14:0xdb4d69b6 x24=0x00000000
     272435.000 ns	     27242	80005c54	03e63833	mulhu	x16,x12,x30	 x12:0x00000001 x30:0x00000100 x16=0x00000000
     272455.000 ns	     27244	80005c58	01756eb3	or	x29,x10,x23	 x10:0xffffffff x23:0x00000000 x29=0xffffffff
     272475.000 ns	     27246	80005c5c	03794bb3	div	x23,x18,x23	 x18:0xffffffff x23:0x00000000 x23=0xffffffff
     272505.000 ns	     27249	80005c60	0243f8b3	remu	x17,x7,x4	  x7:0x0000ffff  x4:0x00000000 x17=0x0000ffff
     272535.000 ns	     27252	80005c64	c01b7253	fcvt.wu.s	x4,f22	 f22:0x4effffff  x4=0x7fffff80
     272905.000 ns	     27289	80005c68	03e34533	div	x10,x6,x30	  x6:0x80040fe4 x30:0x00000100 x10=0xff800410
     272925.000 ns	     27291	80005c6c	01a51333	sll	x6,x10,x26	 x10:0xffffffff x26:0x00000000  x6=0xff800410
     274095.000 ns	     27408	80005c70	580fb753	fsqrt.s	f14,f31	 f31:0x3f800000 f14=0x3f7fffae
     274115.000 ns	     27410	80005c74	01c340b3	xor	x1,x6,x28	  x6:0x80040fe4 x28:0x80041024  x1=0x7f841434
     274145.000 ns	     27413	80005c78	118d9253	fmul.s	f4,f27,f24	 f27:0x4f800000 f24:0x7fc00000  f4=0x7fc00000
     274185.000 ns	     27417	80005c7c	58027b53	fsqrt.s	f22,f4	  f4:0x5f800000 f22=0x7fc00000
     274205.000 ns	     27419	80005c80	40ee5693	srai	x13,x28,0xe	 x28:0x80041024 x13=0xfffe0010
     274215.000 ns	     27420	80005c84	001a9a13	slli	x20,x21,0x1	 x21:0x00000000 x20=0x00000000
     274245.000 ns	     27423	80005c88	10a0b2d3	fmul.s	f5,f1,f10	  f1:0x4f000410 f10:0x5b4d69b6  f5=0x6acd703b
     274275.000 ns	     27426	80005c8c	03c130b3	mulhu	x1,x2,x28	  x2:0x80040fe4 x28:0x80041024  x1=0x40041014
     274305.000 ns	     27429	80005c90	c0073653	fcvt.w.s	x12,f14	 f14:0x3f7fffae x12=0x00000001
     274345.000 ns	     27433	80005c94	5809f3d3	fsqrt.s	f7,f19	 f19:0xcf7fffae  f7=0x7fc00000
     274385.000 ns	     27437	80005c98	1985ff53	fdiv.s	f30,f11,f24	 f11:0x00000000 f24:0x7fc00000 f30=0x7fc00000
     274435.000 ns	     27442	80005c9c	00e3f353	fadd.s	f6,f7,f14	  f7:0x7fc00000 f14:0x3f7fffae  f6=0x7fc00000
     274805.000 ns	     27479	80005ca0	0289e3b3	rem	x7,x19,x8	 x19:0x00000000  x8:0x4e800820  x7=0x00000000
     274835.000 ns	     27482	80005ca4	d01bfc53	fcvt.s.wu	f24,x23	 x23:0xffffffff f24=0x4f7fffff
     274865.000 ns	     27485	80005ca8	20a397d3	fsgnjn.s	f15,f7,f10	  f7:0x7fc00000 f10:0x5b4d69b6 f15=0xffc00000
     274915.000 ns	     27490	80005cac	018a77d3	fadd.s	f15,f20,f24	 f20:0x7fc00000 f24:0x4f7fffff f15=0x7fc00000
     274945.000 ns	     27493	80005cb0	0331e1b3	rem	x3,x3,x19	  x3:0x80041024 x19:0x00000000  x3=0x80041024
     274965.000 ns	     27495	80005cb4	016c5c93	srli	x25,x24,0x16	 x24:0x00000000 x25=0x00000000
     274975.000 ns	     27496	80005cb8	d038a917	auipc	x18,0xd038a	 x18=0x5038fcb8
     274995.000 ns	     27498	80005cbc	28f308d3	fmin.s	f17,f6,f15	  f6:0x7fc00000 f15:0x7fc00000 f17=0x7fc00000
     275365.000 ns	     27535	80005cc0	03707533	remu	x10,x0,x23	  x0:0x00000000 x23:0xffffffff x10=0x00000000
     275395.000 ns	     27538	80005cc4	a19e8c53	fle.s	x24,f29,f25	 f29:0x7f800000 f25:0xffc00000 x24=0x00000000
     275415.000 ns	     27540	80005cc8	6d065197	auipc	x3,0x6d065	  x3=0xed06acc8
     276585.000 ns	     27657	80005ccc	58074d53	fsqrt.s	f26,f14	 f14:0x3f7fffae f26=0x3f35042a
     276605.000 ns	     27659	80005cd0	2f64c013	xori	x0,x9,758	  x9:0x00000000
     276645.000 ns	     27663	80005cd4	099c7e53	fsub.s	f28,f24,f25	 f24:0x4f7fffff f25:0xffc00000 f28=0x7fc00000
     276675.000 ns	     27666	80005cd8	e00c08d3	fmv.x.w	x17,f24	 f24:0x4f7fffff x17=0x4f7fffff
     276695.000 ns	     27668	80005cdc	00f50933	add	x18,x10,x15	 x10:0x00000000 x15:0xf24b5688 x18=0xf24b5688
     276715.000 ns	     27670	80005ce0	0305b9b3	mulhu	x19,x11,x16	 x11:0xf24b5688 x16:0x00000000 x19=0x00000000
     276755.000 ns	     27674	80005ce4	11817c53	fmul.s	f24,f2,f24	  f2:0x3f800000 f24:0x4f7fffff f24=0x4f800000
     276775.000 ns	     27676	80005ce8	0063f633	and	x12,x7,x6	  x7:0x00000000  x6:0xff800410 x12=0x00000000
     276815.000 ns	     27680	80005cec	00a37f53	fadd.s	f30,f6,f10	  f6:0x7fc00000 f10:0x5b4d69b6 f30=0x7fc00000
     276845.000 ns	     27683	80005cf0	d016f2d3	fcvt.s.wu	f5,x13	 x13:0xfffe0010  f5=0x4f7ffe00
     276865.000 ns	     27685	80005cf4	01efa233	slt	x4,x31,x30	 x31:0x00000000 x30:0x00000100  x4=0x00000001
     276875.000 ns	     27686	80005cf8	7a082193	slti	x3,x16,1952	 x16:0x00000000  x3=0x00000001
     276885.000 ns	     27687	80005cfc	00c3f6b3	and	x13,x7,x12	  x7:0x00000000 x12:0x00000000 x13=0x00000000
     276895.000 ns	     27688	80005d00	26f2a793	slti	x15,x5,623	  x5:0xffffffff x15=0x00000001
     276915.000 ns	     27690	80005d04	0203bd33	mulhu	x26,x7,x0	  x7:0x00000000  x0:0x00000000 x26=0x00000000
     276945.000 ns	     27693	80005d08	a1739453	flt.s	x8,f7,f23	  f7:0x7fc00000 f23:0x3f800000  x8=0x00000000
     276965.000 ns	     27695	80005d0c	00c040b3	xor	x1,x0,x12	  x0:0x00000000 x12:0x00000000  x1=0x00000000
     276985.000 ns	     27697	80005d10	c0174ed3	fcvt.wu.s	x29,f14	 f14:0x3f7fffae x29=0x00000001
     277005.000 ns	     27699	80005d14	002d4cb3	xor	x25,x26,x2	 x26:0x00000000  x2:0x80040fe4 x25=0x80040fe4
     277025.000 ns	     27701	80005d18	a1db0553	fle.s	x10,f22,f29	 f22:0x7fc00000 f29:0x7f800000 x10=0x00000000
     277055.000 ns	     27704	80005d1c	d008a953	fcvt.s.w	f18,x17	 x17:0x4f7fffff f18=0x4e9f0000
     277075.000 ns	     27706	80005d20	129f8337	lui	x6,0x129f8	  x6=0x129f8000
     277095.000 ns	     27708	80005d24	21111353	fsgnjn.s	f6,f2,f17	  f2:0x3f800000 f17:0x7fc00000  f6=0xbf800000
     277125.000 ns	     27711	80005d28	20081153	fsgnjn.s	f2,f16,f0	 f16:0x4f800000  f0:0x4f00040f  f2=0xcf800000
     277145.000 ns	     27713	80005d2c	40a45993	srai	x19,x8,0xa	  x8:0x00000000 x19=0x00000000
     277165.000 ns	     27715	80005d30	e0038453	fmv.x.w	x8,f7	  f7:0x7fc00000  x8=0x7fc00000
     277185.000 ns	     27717	80005d34	432bea13	ori	x20,x23,1074	 x23:0xffffffff x20=0xffffffff
     277205.000 ns	     27719	80005d38	02d1d9b3	divu	x19,x3,x13	  x3:0x00000001 x13:0x00000000 x19=0xffffffff
     277235.000 ns	     27722	80005d3c	d014f753	fcvt.s.wu	f14,x9	  x9:0x00000000 f14=0x00000000
     277265.000 ns	     27725	80005d40	20f99153	fsgnjn.s	f2,f19,f15	 f19:0xcf7fffae f15:0x7fc00000  f2=0xcf7fffae
     277285.000 ns	     27727	80005d44	28c3c793	xori	x15,x7,652	  x7:0x00000000 x15=0x0000028c
     277295.000 ns	     27728	80005d48	bf5f8193	addi	x3,x31,-1035	 x31:0x00000000  x3=0xfffffbf5
     277305.000 ns	     27729	80005d4c	00000013	addi	x0,x0,0	  x0:0x00000000
     277325.000 ns	     27731	80005d50	29e98053	fmin.s	f0,f19,f30	 f19:0xcf7fffae f30:0x7fc00000  f0=0xcf7fffae
     277375.000 ns	     27736	80005d54	01418cd3	fadd.s	f25,f3,f20	  f3:0x80000000 f20:0x7fc00000 f25=0x7fc00000
     277425.000 ns	     27741	80005d58	085876d3	fsub.s	f13,f16,f5	 f16:0x4f800000  f5:0x4f7ffe00 f13=0x48000000
     277445.000 ns	     27743	80005d5c	ccef8213	addi	x4,x31,-818	 x31:0x00000000  x4=0xfffffcce
     277455.000 ns	     27744	80005d60	5d473493	sltiu	x9,x14,1492	 x14:0x00000010  x9=0x00000001
     277465.000 ns	     27745	80005d64	00985333	srl	x6,x16,x9	 x16:0x00000000  x9:0x00000000  x6=0x00000000
     277825.000 ns	     27781	80005d68	029ee333	rem	x6,x29,x9	 x29:0x00000001  x9:0x00000000  x6=0x00000000
     277845.000 ns	     27783	80005d6c	0145bfb3	sltu	x31,x11,x20	 x11:0xf24b5688 x20:0xffffffff x31=0x00000001
     277855.000 ns	     27784	80005d70	00000013	addi	x0,x0,0	  x0:0x00000000
     277865.000 ns	     27785	80005d74	01d047b3	xor	x15,x0,x29	  x0:0x00000000 x29:0x00000001 x15=0x00000001
     277875.000 ns	     27786	80005d78	dc408713	addi	x14,x1,-572	  x1:0x00000000 x14=0xfffffdc4
     277885.000 ns	     27787	80005d7c	009f59b3	srl	x19,x30,x9	 x30:0x00000100  x9:0x00000001 x19=0x00000080
     277905.000 ns	     27789	80005d80	281a03d3	fmin.s	f7,f20,f1	 f20:0x7fc00000  f1:0x4f000410  f7=0x4f000410
     277925.000 ns	     27791	80005d84	00e631b3	sltu	x3,x12,x14	 x12:0x00000000 x14:0xfffffdc4  x3=0x00000001
     277935.000 ns	     27792	80005d88	015e1b93	slli	x23,x28,0x15	 x28:0x80041024 x23=0x04800000
     277945.000 ns	     27793	80005d8c	882b9a17	auipc	x20,0x882b9	 x20=0x082bed8c
     277955.000 ns	     27794	80005d90	41cc5433	sra	x8,x24,x28	 x24:0x00000000 x28:0x80041024  x8=0x00000000
     277965.000 ns	     27795	80005d94	00251093	slli	x1,x10,0x2	 x10:0x00000000  x1=0x00000000
     277975.000 ns	     27796	80005d98	50d94e93	xori	x29,x18,1293	 x18:0xf24b5688 x29=0xf24b5385
     277985.000 ns	     27797	80005d9c	00000013	addi	x0,x0,0	  x0:0x00000000
     278005.000 ns	     27799	80005da0	20e3a4d3	fsgnjx.s	f9,f7,f14	  f7:0x4f000410 f14:0x00000000  f9=0x4f000410
     278035.000 ns	     27802	80005da4	0355a933	mulhsu	x18,x11,x21	 x11:0xf24b5688 x21:0x00000000 x18=0x00000000
     278055.000 ns	     27804	80005da8	9aeef313	andi	x6,x29,-1618	 x29:0xf24b5385  x6=0xf24b5184
     278065.000 ns	     27805	80005dac	01693bb3	sltu	x23,x18,x22	 x18:0x00000000 x22:0xc668f000 x23=0x00000001
     278075.000 ns	     27806	80005db0	4111de93	srai	x29,x3,0x11	  x3:0x00000001 x29=0x00000000
     278105.000 ns	     27809	80005db4	1159f3d3	fmul.s	f7,f19,f21	 f19:0xcf7fffae f21:0x4c00040f  f7=0xdc0003e6
     278125.000 ns	     27811	80005db8	01715033	srl	x0,x2,x23	  x2:0x80040fe4 x23:0x00000001
     278145.000 ns	     27813	80005dbc	02693f33	mulhu	x30,x18,x6	 x18:0x00000000  x6:0xf24b5184 x30=0x00000000
     278165.000 ns	     27815	80005dc0	014a7ab3	and	x21,x20,x20	 x20:0x082bed8c x20:0x082bed8c x21=0x082bed8c
     278185.000 ns	     27817	80005dc4	034e31b3	mulhu	x3,x28,x20	 x28:0x80041024 x20:0x082bed8c  x3=0x041617f9
     278205.000 ns	     27819	80005dc8	41fe5bb3	sra	x23,x28,x31	 x28:0x80041024 x31:0x00000001 x23=0xc0020812
     278235.000 ns	     27822	80005dcc	119e9d53	fmul.s	f26,f29,f25	 f29:0x7f800000 f25:0x7fc00000 f26=0x7fc00000
     278255.000 ns	     27824	80005dd0	404b5733	sra	x14,x22,x4	 x22:0xc668f000  x4:0xfffffcce x14=0xffff19a3
     278615.000 ns	     27860	80005dd4	0344f833	remu	x16,x9,x20	  x9:0x00000001 x20:0x082bed8c x16=0x00000001
     278645.000 ns	     27863	80005dd8	02c470b3	remu	x1,x8,x12	  x8:0x00000000 x12:0x00000000  x1=0x00000000
     278675.000 ns	     27866	80005ddc	026081b3	mul	x3,x1,x6	  x1:0x00000000  x6:0xf24b5184  x3=0x00000000
     278695.000 ns	     27868	80005de0	2cb0b613	sltiu	x12,x1,715	  x1:0x00000000 x12=0x00000001
     278705.000 ns	     27869	80005de4	fe1ea493	slti	x9,x29,-31	 x29:0x00000000  x9=0x00000000
     278715.000 ns	     27870	80005de8	0151a933	slt	x18,x3,x21	  x3:0x00000000 x21:0x082bed8c x18=0x00000001
     278725.000 ns	     27871	80005dec	014d0f33	add	x30,x26,x20	 x26:0x00000000 x20:0x082bed8c x30=0x082bed8c
     278735.000 ns	     27872	80005df0	0193fb33	and	x22,x7,x25	  x7:0x00000000 x25:0x80040fe4 x22=0x00000000
     278755.000 ns	     27874	80005df4	21551ed3	fsgnjn.s	f29,f10,f21	 f10:0x5b4d69b6 f21:0x4c00040f f29=0xdb4d69b6
     278795.000 ns	     27878	80005df8	1940fed3	fdiv.s	f29,f1,f20	  f1:0x4f000410 f20:0x7fc00000 f29=0x7fc00000
     279165.000 ns	     27915	80005dfc	031af7b3	remu	x15,x21,x17	 x21:0x082bed8c x17:0x4f7fffff x15=0x082bed8c
     279195.000 ns	     27918	80005e00	21c923d3	fsgnjx.s	f7,f18,f28	 f18:0x4e9f0000 f28:0x7fc00000  f7=0x4e9f0000
     279215.000 ns	     27920	80005e04	01795d13	srli	x26,x18,0x17	 x18:0x00000001 x26=0x00000000
     279225.000 ns	     27921	80005e08	9a190a13	addi	x20,x18,-1631	 x18:0x00000001 x20=0xfffff9a2
     279245.000 ns	     27923	80005e0c	287801d3	fmin.s	f3,f16,f7	 f16:0x4f800000  f7:0x4e9f0000  f3=0x4e9f0000
     279275.000 ns	     27926	80005e10	0346a4b3	mulhsu	x9,x13,x20	 x13:0x00000000 x20:0x082bed8c  x9=0x00000000
     279295.000 ns	     27928	80005e14	b63aa013	slti	x0,x21,-1181	 x21:0x082bed8c
     279305.000 ns	     27929	80005e18	41f3d713	srai	x14,x7,0x1f	  x7:0x00000000 x14=0x00000000
     279335.000 ns	     27932	80005e1c	112121d3	fmul.s	f3,f2,f18	  f2:0xcf7fffae f18:0x4e9f0000  f3=0xde9effce
     279385.000 ns	     27937	80005e20	006172d3	fadd.s	f5,f2,f6	  f2:0xcf7fffae  f6:0xbf800000  f5=0xcf7fffae
     279405.000 ns	     27939	80005e24	01c60033	add	x0,x12,x28	 x12:0x00000001 x28:0x80041024
     279425.000 ns	     27941	80005e28	e0038ed3	fmv.x.w	x29,f7	  f7:0x4e9f0000 x29=0x4e9f0000
     279445.000 ns	     27943	80005e2c	0066c3b3	xor	x7,x13,x6	 x13:0x00000000  x6:0xf24b5184  x7=0xf24b5184
     279465.000 ns	     27945	80005e30	e00696d3	fclass.s	x13,f13	 f13:0x48000000 x13=0x00000040
     279495.000 ns	     27948	80005e34	021e4233	div	x4,x28,x1	 x28:0x80041024  x1:0x00000000  x4=0xffffffff
     279525.000 ns	     27951	80005e38	d0159b53	fcvt.s.wu	f22,x11	 x11:0xf24b5688 f22=0x4f724b56
     279545.000 ns	     27953	80005e3c	00235613	srli	x12,x6,0x2	  x6:0xf24b5184 x12=0x3c92d461
     279575.000 ns	     27956	80005e40	115dcfd3	fmul.s	f31,f27,f21	 f27:0x4f800000 f21:0x4c00040f f31=0x5c000410
     279615.000 ns	     27960	80005e44	105d17d3	fmul.s	f15,f26,f5	 f26:0x7fc00000  f5:0xcf7fffae f15=0x7fc00000
     279635.000 ns	     27962	80005e48	8da5ed93	ori	x27,x11,-1830	 x11:0xf24b5688 x27=0xfffffeda
     279655.000 ns	     27964	80005e4c	a02491d3	flt.s	x3,f9,f2	  f9:0x4f000410  f2:0xcf7fffae  x3=0x00000000
     279675.000 ns	     27966	80005e50	00bb0933	add	x18,x22,x11	 x22:0x00000000 x11:0xf24b5688 x18=0xf24b5688
     279685.000 ns	     27967	80005e54	006b6833	or	x16,x22,x6	 x22:0x00000000  x6:0xf24b5184 x16=0xf24b5184
     279705.000 ns	     27969	80005e58	28600f53	fmin.s	f30,f0,f6	  f0:0xcf7fffae  f6:0xbf800000 f30=0xcf7fffae
     279735.000 ns	     27972	80005e5c	038d3533	mulhu	x10,x26,x24	 x26:0x00000000 x24:0x00000000 x10=0x00000000
     279765.000 ns	     27975	80005e60	03413033	mulhu	x0,x2,x20	  x2:0x80040fe4 x20:0xfffff9a2
     279805.000 ns	     27979	80005e64	199b7fd3	fdiv.s	f31,f22,f25	 f22:0x4f724b56 f25:0x7fc00000 f31=0x7fc00000
     279825.000 ns	     27981	80005e68	00c1f833	and	x16,x3,x12	  x3:0x00000000 x12:0x3c92d461 x16=0x00000000
     279835.000 ns	     27982	80005e6c	017c1433	sll	x8,x24,x23	 x24:0x00000000 x23:0xc0020812  x8=0x00000000
     279845.000 ns	     27983	80005e70	40865893	srai	x17,x12,0x8	 x12:0x3c92d461 x17=0x003c92d4
     279865.000 ns	     27985	80005e74	c011fc53	fcvt.wu.s	x24,f3	  f3:0xde9effce x24=0x00000000
     279915.000 ns	     27990	80005e78	017ef553	fadd.s	f10,f29,f23	 f29:0x7fc00000 f23:0x3f800000 f10=0x7fc00000
     279935.000 ns	     27992	80005e7c	00af0833	add	x16,x30,x10	 x30:0x082bed8c x10:0x00000000 x16=0x082bed8c
     279955.000 ns	     27994	80005e80	02ce8533	mul	x10,x29,x12	 x29:0x4e9f0000 x12:0x3c92d461 x10=0x763f0000
     279975.000 ns	     27996	80005e84	008d5393	srli	x7,x26,0x8	 x26:0x00000000  x7=0x00000000
     280335.000 ns	     28032	80005e88	02b749b3	div	x19,x14,x11	 x14:0x00000000 x11:0xf24b5688 x19=0x00000000
     280355.000 ns	     28034	80005e8c	01ae16b3	sll	x13,x28,x26	 x28:0x80041024 x26:0x00000000 x13=0x80041024
     280365.000 ns	     28035	80005e90	76afb913	sltiu	x18,x31,1898	 x31:0x00000001 x18=0x00000001
     280385.000 ns	     28037	80005e94	21e286d3	fsgnj.s	f13,f5,f30	  f5:0xcf7fffae f30:0xcf7fffae f13=0xcf7fffae
     280405.000 ns	     28039	80005e98	0063da33	srl	x20,x7,x6	  x7:0x00000000  x6:0xf24b5184 x20=0x00000000
     280425.000 ns	     28041	80005e9c	e0048bd3	fmv.x.w	x23,f9	  f9:0x4f000410 x23=0x4f000410
     280455.000 ns	     28044	80005ea0	2047ab53	fsgnjx.s	f22,f15,f4	 f15:0x7fc00000  f4:0x7fc00000 f22=0x7fc00000
     280485.000 ns	     28047	80005ea4	e00f9053	fclass.s	x0,f31	 f31:0x7fc00000
     280515.000 ns	     28050	80005ea8	21399753	fsgnjn.s	f14,f19,f19	 f19:0xcf7fffae f19:0xcf7fffae f14=0x4f7fffae
     280535.000 ns	     28052	80005eac	4132d233	sra	x4,x5,x19	  x5:0xffffffff x19:0x00000000  x4=0xffffffff
     280545.000 ns	     28053	80005eb0	40fb54b3	sra	x9,x22,x15	 x22:0x00000000 x15:0x082bed8c  x9=0x00000000
     280555.000 ns	     28054	80005eb4	406f84b3	sub	x9,x31,x6	 x31:0x00000001  x6:0xf24b5184  x9=0x0db4ae7d
     280575.000 ns	     28056	80005eb8	a0ea8dd3	fle.s	x27,f21,f14	 f21:0x4c00040f f14:0x4f7fffae x27=0x00000001
     280595.000 ns	     28058	80005ebc	74b72213	slti	x4,x14,1867	 x14:0x00000000  x4=0x00000001
     280605.000 ns	     28059	80005ec0	01924b33	xor	x22,x4,x25	  x4:0xffffffff x25:0x80040fe4 x22=0x80040fe5
     280635.000 ns	     28062	80005ec4	10733ad3	fmul.s	f21,f6,f7	  f6:0xbf800000  f7:0x4e9f0000 f21=0xce9f0000
     280685.000 ns	     28067	80005ec8	01383fd3	fadd.s	f31,f16,f19	 f16:0x4f800000 f19:0xcf7fffae f31=0x46a40000
     280705.000 ns	     28069	80005ecc	c99fbd13	sltiu	x26,x31,-871	 x31:0x00000001 x26=0x00000001
     280715.000 ns	     28070	80005ed0	48b7da17	auipc	x20,0x48b7d	 x20=0xc8b82ed0
     280725.000 ns	     28071	80005ed4	002749b3	xor	x19,x14,x2	 x14:0x00000000  x2:0x80040fe4 x19=0x80040fe4
     281055.000 ns	     28104	80005ed8	18749ed3	fdiv.s	f29,f9,f7	  f9:0x4f000410  f7:0x4e9f0000 f29=0x3f800410
     281075.000 ns	     28106	80005edc	00000013	addi	x0,x0,0	  x0:0x00000000
     281085.000 ns	     28107	80005ee0	000a9513	slli	x10,x21,0x0	 x21:0x082bed8c x10=0x082bed8c
     281445.000 ns	     28143	80005ee4	022b7533	remu	x10,x22,x2	 x22:0x80040fe5  x2:0x80040fe4 x10=0x00000001
     281475.000 ns	     28146	80005ee8	a1639853	flt.s	x16,f7,f22	  f7:0x4e9f0000 f22:0x7fc00000 x16=0x00000000
     281845.000 ns	     28183	80005eec	02916b33	rem	x22,x2,x9	  x2:0x80040fe4  x9:0x0db4ae7d x22=0xfb5e3249
     281865.000 ns	     28185	80005ef0	409f5a33	sra	x20,x30,x9	 x30:0x082bed8c  x9:0x0db4ae7d x20=0x00000000
     281885.000 ns	     28187	80005ef4	e0099353	fclass.s	x6,f19	 f19:0xcf7fffae  x6=0x00000002
     281905.000 ns	     28189	80005ef8	20a64b13	xori	x22,x12,522	 x12:0x3c92d461 x22=0x3c92d66b
     281915.000 ns	     28190	80005efc	407dd193	srai	x3,x27,0x7	 x27:0x00000001  x3=0x00000000
     281925.000 ns	     28191	80005f00	30b5b013	sltiu	x0,x11,779	 x11:0xf24b5688
     281935.000 ns	     28192	80005f04	00fb0bb3	add	x23,x22,x15	 x22:0x3c92d66b x15:0x082bed8c x23=0x44bec3f7
     281945.000 ns	     28193	80005f08	01a51c13	slli	x24,x10,0x1a	 x10:0x00000001 x24=0x04000000
     281955.000 ns	     28194	80005f0c	97ba2893	slti	x17,x20,-1669	 x20:0x00000000 x17=0x00000000
     281975.000 ns	     28196	80005f10	29b21cd3	fmax.s	f25,f4,f27	  f4:0x7fc00000 f27:0x4f800000 f25=0x4f800000
     281995.000 ns	     28198	80005f14	86aeca13	xori	x20,x29,-1942	 x29:0x4e9f0000 x20=0xb160f86a
     282005.000 ns	     28199	80005f18	00e97db3	and	x27,x18,x14	 x18:0x00000001 x14:0x00000000 x27=0x00000000
     282025.000 ns	     28201	80005f1c	a09f14d3	flt.s	x9,f30,f9	 f30:0xcf7fffae  f9:0x4f000410  x9=0x00000001
     282055.000 ns	     28204	80005f20	f00107d3	fmv.w.x	f15,x2	  x2:0x80040fe4 f15=0x80040fe4
     282085.000 ns	     28207	80005f24	a15200d3	fle.s	x1,f4,f21	  f4:0x7fc00000 f21:0xce9f0000  x1=0x00000000
     282105.000 ns	     28209	80005f28	0ce04d13	xori	x26,x0,206	  x0:0x00000000 x26=0x000000ce
     282125.000 ns	     28211	80005f2c	c004c7d3	fcvt.w.s	x15,f9	  f9:0x4f000410 x15=0x7fffffff
     282145.000 ns	     28213	80005f30	00000013	addi	x0,x0,0	  x0:0x00000000
     282165.000 ns	     28215	80005f34	c00efa53	fcvt.w.s	x20,f29	 f29:0x3f800410 x20=0x00000001
     282185.000 ns	     28217	80005f38	01e420b3	slt	x1,x8,x30	  x8:0x00000000 x30:0x082bed8c  x1=0x00000001
     282195.000 ns	     28218	80005f3c	a9b28093	addi	x1,x5,-1381	  x5:0xffffffff  x1=0xfffffa9a
     282555.000 ns	     28254	80005f40	025948b3	div	x17,x18,x5	 x18:0x00000001  x5:0xffffffff x17=0xffffffff
     282925.000 ns	     28291	80005f44	02b2ebb3	rem	x23,x5,x11	  x5:0xffffffff x11:0xf24b5688 x23=0xffffffff
     282945.000 ns	     28293	80005f48	001f74b3	and	x9,x30,x1	 x30:0x082bed8c  x1:0xfffffa9a  x9=0x082be888
     282965.000 ns	     28295	80005f4c	02bd3fb3	mulhu	x31,x26,x11	 x26:0x000000ce x11:0xf24b5688 x31=0x000000c2
     282995.000 ns	     28298	80005f50	a0dc81d3	fle.s	x3,f25,f13	 f25:0x4f800000 f13:0xcf7fffae  x3=0x00000000
     283015.000 ns	     28300	80005f54	011d8bb3	add	x23,x27,x17	 x27:0x00000000 x17:0xffffffff x23=0xffffffff
     283025.000 ns	     28301	80005f58	00000013	addi	x0,x0,0	  x0:0x00000000
     283035.000 ns	     28302	80005f5c	01244233	xor	x4,x8,x18	  x8:0x00000000 x18:0x00000001  x4=0x00000001
     283055.000 ns	     28304	80005f60	036a8fb3	mul	x31,x21,x22	 x21:0x082bed8c x22:0x3c92d66b x31=0x6cc75184
     283075.000 ns	     28306	80005f64	005a21b3	slt	x3,x20,x5	 x20:0x00000001  x5:0xffffffff  x3=0x00000000
     283085.000 ns	     28307	80005f68	dd7aa813	slti	x16,x21,-553	 x21:0x082bed8c x16=0x00000000
     283095.000 ns	     28308	80005f6c	4386b213	sltiu	x4,x13,1080	 x13:0x80041024  x4=0x00000000
     283105.000 ns	     28309	80005f70	0162c9b3	xor	x19,x5,x22	  x5:0xffffffff x22:0x3c92d66b x19=0xc36d2994
     283125.000 ns	     28311	80005f74	a12e2ad3	feq.s	x21,f28,f18	 f28:0x7fc00000 f18:0x4e9f0000 x21=0x00000000
     283155.000 ns	     28314	80005f78	0247ddb3	divu	x27,x15,x4	 x15:0x7fffffff  x4:0x00000000 x27=0xffffffff
     283185.000 ns	     28317	80005f7c	29830b53	fmin.s	f22,f6,f24	  f6:0xbf800000 f24:0x4f800000 f22=0xbf800000
     283235.000 ns	     28322	80005f80	01f82453	fadd.s	f8,f16,f31	 f16:0x4f800000 f31:0x46a40000  f8=0x4f800029
     283265.000 ns	     28325	80005f84	20b307d3	fsgnj.s	f15,f6,f11	  f6:0xbf800000 f11:0x00000000 f15=0x3f800000
     283285.000 ns	     28327	80005f88	cfb16a97	auipc	x21,0xcfb16	 x21=0x4fb1bf88
     283295.000 ns	     28328	80005f8c	00371333	sll	x6,x14,x3	 x14:0x00000000  x3:0x00000000  x6=0x00000000
     283305.000 ns	     28329	80005f90	0164ddb3	srl	x27,x9,x22	  x9:0x082be888 x22:0x3c92d66b x27=0x0001057d
     283325.000 ns	     28331	80005f94	027a0533	mul	x10,x20,x7	 x20:0x00000001  x7:0x00000000 x10=0x00000000
     283345.000 ns	     28333	80005f98	000214b3	sll	x9,x4,x0	  x4:0x00000000  x0:0x00000000  x9=0x00000000
     283355.000 ns	     28334	80005f9c	641c2313	slti	x6,x24,1601	 x24:0x04000000  x6=0x00000000
     283365.000 ns	     28335	80005fa0	40f90a33	sub	x20,x18,x15	 x18:0x00000001 x15:0x7fffffff x20=0x80000002
     283375.000 ns	     28336	80005fa4	49e00313	addi	x6,x0,1182	  x0:0x00000000  x6=0x0000049e
     283395.000 ns	     28338	80005fa8	021e3fb3	mulhu	x31,x28,x1	 x28:0x80041024  x1:0xfffffa9a x31=0x80040d70
     283415.000 ns	     28340	80005fac	6db5cd93	xori	x27,x11,1755	 x11:0xf24b5688 x27=0xf24b5053
     283425.000 ns	     28341	80005fb0	afc739b7	lui	x19,0xafc73	 x19=0xafc73000
     283435.000 ns	     28342	80005fb4	002f5a13	srli	x20,x30,0x2	 x30:0x082bed8c x20=0x020afb63
     283445.000 ns	     28343	80005fb8	02922893	slti	x17,x4,41	  x4:0x00000000 x17=0x00000001
     283455.000 ns	     28344	80005fbc	413edcb3	sra	x25,x29,x19	 x29:0x4e9f0000 x19:0xafc73000 x25=0x4e9f0000
     283465.000 ns	     28345	80005fc0	400cddb3	sra	x27,x25,x0	 x25:0x80040fe4  x0:0x00000000 x27=0x4e9f0000
     283505.000 ns	     28349	80005fc4	0116fd53	fadd.s	f26,f13,f17	 f13:0xcf7fffae f17:0x7fc00000 f26=0x7fc00000
     283535.000 ns	     28352	80005fc8	02a7f633	remu	x12,x15,x10	 x15:0x7fffffff x10:0x00000000 x12=0x7fffffff
     283555.000 ns	     28354	80005fcc	005e9fb3	sll	x31,x29,x5	 x29:0x4e9f0000  x5:0xffffffff x31=0x00000000
     283575.000 ns	     28356	80005fd0	294790d3	fmax.s	f1,f15,f20	 f15:0x3f800000 f20:0x7fc00000  f1=0x3f800000
     283945.000 ns	     28393	80005fd4	025bfeb3	remu	x29,x23,x5	 x23:0xffffffff  x5:0xffffffff x29=0x00000000
     283965.000 ns	     28395	80005fd8	014d1f33	sll	x30,x26,x20	 x26:0x000000ce x20:0x020afb63 x30=0x00000670
     284325.000 ns	     28431	80005fdc	03415f33	divu	x30,x2,x20	  x2:0x80040fe4 x20:0x020afb63 x30=0x0000003e
     284355.000 ns	     28434	80005fe0	c007ffd3	fcvt.w.s	x31,f15	 f15:0x3f800000 x31=0x00000001
     284375.000 ns	     28436	80005fe4	014dbf33	sltu	x30,x27,x20	 x27:0x4e9f0000 x20:0x020afb63 x30=0x00000000
     284385.000 ns	     28437	80005fe8	41782513	slti	x10,x16,1047	 x16:0x00000000 x10=0x00000001
     284425.000 ns	     28441	80005fec	09277853	fsub.s	f16,f14,f18	 f14:0x4f7fffae f18:0x4e9f0000 f16=0x4f307fae
     284455.000 ns	     28444	80005ff0	21da0253	fsgnj.s	f4,f20,f29	 f20:0x7fc00000 f29:0x3f800410  f4=0x7fc00000
     284485.000 ns	     28447	80005ff4	216f1cd3	fsgnjn.s	f25,f30,f22	 f30:0xcf7fffae f22:0xbf800000 f25=0x4f7fffae
     284515.000 ns	     28450	80005ff8	e00c98d3	fclass.s	x17,f25	 f25:0x4f800000 x17=0x00000040
     284545.000 ns	     28453	80005ffc	a01101d3	fle.s	x3,f2,f1	  f2:0xcf7fffae  f1:0x3f800000  x3=0x00000001
     284565.000 ns	     28455	80006000	01111213	slli	x4,x2,0x11	  x2:0x80040fe4  x4=0x1fc80000
     284575.000 ns	     28456	80006004	00e8c333	xor	x6,x17,x14	 x17:0x00000040 x14:0x00000000  x6=0x00000040
     284595.000 ns	     28458	80006008	c00c4fd3	fcvt.w.s	x31,f24	 f24:0x4f800000 x31=0x7fffffff
     284625.000 ns	     28461	8000600c	e0020353	fmv.x.w	x6,f4	  f4:0x7fc00000  x6=0x7fc00000
     284655.000 ns	     28464	80006010	21821753	fsgnjn.s	f14,f4,f24	  f4:0x7fc00000 f24:0x4f800000 f14=0xffc00000
     284675.000 ns	     28466	80006014	00000013	addi	x0,x0,0	  x0:0x00000000
     284695.000 ns	     28468	80006018	d000c4d3	fcvt.s.w	f9,x1	  x1:0xfffffa9a  f9=0xc4acc000
     284715.000 ns	     28470	8000601c	01ae2eb3	slt	x29,x28,x26	 x28:0x80041024 x26:0x000000ce x29=0x00000001
     284735.000 ns	     28472	80006020	21bf0c53	fsgnj.s	f24,f30,f27	 f30:0xcf7fffae f27:0x4f800000 f24=0x4f7fffae
     284765.000 ns	     28475	80006024	205aa853	fsgnjx.s	f16,f21,f5	 f21:0xce9f0000  f5:0xcf7fffae f16=0x4e9f0000
     284785.000 ns	     28477	80006028	75dc0693	addi	x13,x24,1885	 x24:0x04000000 x13=0x0400075d
     285145.000 ns	     28513	8000602c	026b6c33	rem	x24,x22,x6	 x22:0x3c92d66b  x6:0x7fc00000 x24=0x3c92d66b
     285195.000 ns	     28518	80006030	08c3fbd3	fsub.s	f23,f7,f12	  f7:0x4e9f0000 f12:0x00000000 f23=0x4e9f0000
     285215.000 ns	     28520	80006034	001dad13	slti	x26,x27,1	 x27:0x4e9f0000 x26=0x00000000
     285225.000 ns	     28521	80006038	61e67813	andi	x16,x12,1566	 x12:0x7fffffff x16=0x0000061e
     285235.000 ns	     28522	8000603c	01bb73b3	and	x7,x22,x27	 x22:0x3c92d66b x27:0x4e9f0000  x7=0x0c920000
     285245.000 ns	     28523	80006040	015fdd93	srli	x27,x31,0x15	 x31:0x7fffffff x27=0x000003ff
     285265.000 ns	     28525	80006044	031716b3	mulh	x13,x14,x17	 x14:0x00000000 x17:0x00000040 x13=0x00000000
     285285.000 ns	     28527	80006048	41dadc33	sra	x24,x21,x29	 x21:0x4fb1bf88 x29:0x00000001 x24=0x27d8dfc4
     285305.000 ns	     28529	8000604c	d011f4d3	fcvt.s.wu	f9,x3	  x3:0x00000001  f9=0x3f800000
     285325.000 ns	     28531	80006050	8ca93c93	sltiu	x25,x18,-1846	 x18:0x00000001 x25=0x00000001
     285335.000 ns	     28532	80006054	403057b3	sra	x15,x0,x3	  x0:0x00000000  x3:0x00000001 x15=0x00000000
     285345.000 ns	     28533	80006058	00c75f13	srli	x30,x14,0xc	 x14:0x00000000 x30=0x00000000
     285355.000 ns	     28534	8000605c	00824833	xor	x16,x4,x8	  x4:0x1fc80000  x8:0x00000000 x16=0x1fc80000
     285365.000 ns	     28535	80006060	003089b3	add	x19,x1,x3	  x1:0xfffffa9a  x3:0x00000001 x19=0xfffffa9b
     285395.000 ns	     28538	80006064	10222353	fmul.s	f6,f4,f2	  f4:0x7fc00000  f2:0xcf7fffae  f6=0x7fc00000
     285425.000 ns	     28541	80006068	d00104d3	fcvt.s.w	f9,x2	  x2:0x80040fe4  f9=0xcefff7e0
     285445.000 ns	     28543	8000606c	d3cafd37	lui	x26,0xd3caf	 x26=0xd3caf000
     285455.000 ns	     28544	80006070	000f60b3	or	x1,x30,x0	 x30:0x00000000  x0:0x00000000  x1=0x00000000
     285475.000 ns	     28546	80006074	21279753	fsgnjn.s	f14,f15,f18	 f15:0x3f800000 f18:0x4e9f0000 f14=0xbf800000
     285495.000 ns	     28548	80006078	bc4bf737	lui	x14,0xbc4bf	 x14=0xbc4bf000
     285855.000 ns	     28584	8000607c	036f6833	rem	x16,x30,x22	 x30:0x00000000 x22:0x3c92d66b x16=0x00000000
     285875.000 ns	     28586	80006080	415251b3	sra	x3,x4,x21	  x4:0x1fc80000 x21:0x4fb1bf88  x3=0x001fc800
     286235.000 ns	     28622	80006084	023057b3	divu	x15,x0,x3	  x0:0x00000000  x3:0x00000001 x15=0x00000000
     286255.000 ns	     28624	80006088	0178fa33	and	x20,x17,x23	 x17:0x00000040 x23:0xffffffff x20=0x00000040
     286265.000 ns	     28625	8000608c	d88ad297	auipc	x5,0xd88ad	  x5=0x588b308c
     286295.000 ns	     28628	80006090	11cf7ad3	fmul.s	f21,f30,f28	 f30:0xcf7fffae f28:0x7fc00000 f21=0x7fc00000
     286315.000 ns	     28630	80006094	bb21eb93	ori	x23,x3,-1102	  x3:0x001fc800 x23=0xfffffbb2
     286325.000 ns	     28631	80006098	413f8b33	sub	x22,x31,x19	 x31:0x7fffffff x19:0xfffffa9b x22=0x80000564
     286685.000 ns	     28667	8000609c	026c5cb3	divu	x25,x24,x6	 x24:0x27d8dfc4  x6:0x7fc00000 x25=0x00000000
     286715.000 ns	     28670	800060a0	206823d3	fsgnjx.s	f7,f16,f6	 f16:0x4e9f0000  f6:0x7fc00000  f7=0x4e9f0000
     286735.000 ns	     28672	800060a4	010fde93	srli	x29,x31,0x10	 x31:0x7fffffff x29=0x00007fff
     286755.000 ns	     28674	800060a8	a08b0ed3	fle.s	x29,f22,f8	 f22:0xbf800000  f8:0x4f800029 x29=0x00000001
     287125.000 ns	     28711	800060ac	034b7eb3	remu	x29,x22,x20	 x22:0x80000564 x20:0x00000040 x29=0x00000024
     287155.000 ns	     28714	800060b0	296b96d3	fmax.s	f13,f23,f22	 f23:0x4e9f0000 f22:0xbf800000 f13=0x4e9f0000
     287185.000 ns	     28717	800060b4	29fa1b53	fmax.s	f22,f20,f31	 f20:0x7fc00000 f31:0x46a40000 f22=0x46a40000
     287205.000 ns	     28719	800060b8	4095ddb3	sra	x27,x11,x9	 x11:0xf24b5688  x9:0x00000000 x27=0xf24b5688
     287225.000 ns	     28721	800060bc	a0cd0653	fle.s	x12,f26,f12	 f26:0x7fc00000 f12:0x00000000 x12=0x00000000
     287245.000 ns	     28723	800060c0	41280533	sub	x10,x16,x18	 x16:0x00000000 x18:0x00000001 x10=0xffffffff
     287255.000 ns	     28724	800060c4	006893b3	sll	x7,x17,x6	 x17:0x00000040  x6:0x7fc00000  x7=0x00000040
     287585.000 ns	     28757	800060c8	1804f753	fdiv.s	f14,f9,f0	  f9:0xcefff7e0  f0:0xcf7fffae f14=0x3efff7e0
     287605.000 ns	     28759	800060cc	419e5093	srai	x1,x28,0x19	 x28:0x80041024  x1=0xffffffc0
     287615.000 ns	     28760	800060d0	00000013	addi	x0,x0,0	  x0:0x00000000
     287635.000 ns	     28762	800060d4	03eeebb3	rem	x23,x29,x30	 x29:0x00000024 x30:0x00000000 x23=0x00000024
     287655.000 ns	     28764	800060d8	01147233	and	x4,x8,x17	  x8:0x00000000 x17:0x00000040  x4=0x00000000
     287665.000 ns	     28765	800060dc	00fcb433	sltu	x8,x25,x15	 x25:0x00000000 x15:0x00000000  x8=0x00000000
     287675.000 ns	     28766	800060e0	00b3a833	slt	x16,x7,x11	  x7:0x00000040 x11:0xf24b5688 x16=0x00000000
     287685.000 ns	     28767	800060e4	00000013	addi	x0,x0,0	  x0:0x00000000
     287705.000 ns	     28769	800060e8	02e4ad33	mulhsu	x26,x9,x14	  x9:0x00000000 x14:0xbc4bf000 x26=0x00000000
     287735.000 ns	     28772	800060ec	285b1753	fmax.s	f14,f22,f5	 f22:0x46a40000  f5:0xcf7fffae f14=0x46a40000
     287755.000 ns	     28774	800060f0	0077e8b3	or	x17,x15,x7	 x15:0x00000000  x7:0x00000040 x17=0x00000040
     287785.000 ns	     28777	800060f4	10f9ff53	fmul.s	f30,f19,f15	 f19:0xcf7fffae f15:0x3f800000 f30=0xcf7fffae
     287815.000 ns	     28780	800060f8	d01d78d3	fcvt.s.wu	f17,x26	 x26:0x00000000 f17=0x00000000
     287845.000 ns	     28783	800060fc	287782d3	fmin.s	f5,f15,f7	 f15:0x3f800000  f7:0x4e9f0000  f5=0x3f800000
     287875.000 ns	     28786	80006100	e0029f53	fclass.s	x30,f5	  f5:0xcf7fffae x30=0x00000040
     287905.000 ns	     28789	80006104	217c88d3	fsgnj.s	f17,f25,f23	 f25:0x4f7fffae f23:0x4e9f0000 f17=0x4f7fffae
     287925.000 ns	     28791	80006108	0007d333	srl	x6,x15,x0	 x15:0x00000000  x0:0x00000000  x6=0x00000000
     287945.000 ns	     28793	8000610c	e0031053	fclass.s	x0,f6	  f6:0x7fc00000
     287965.000 ns	     28795	80006110	40705013	srai	x0,x0,0x7	  x0:0x00000000
     287975.000 ns	     28796	80006114	40360d33	sub	x26,x12,x3	 x12:0x00000000  x3:0x001fc800 x26=0xffe03800
     287995.000 ns	     28798	80006118	e00a0a53	fmv.x.w	x20,f20	 f20:0x7fc00000 x20=0x7fc00000
     288015.000 ns	     28800	8000611c	00633333	sltu	x6,x6,x6	  x6:0x00000000  x6:0x00000000  x6=0x00000000
     288025.000 ns	     28801	80006120	010c6a93	ori	x21,x24,16	 x24:0x27d8dfc4 x21=0x27d8dfd4
     288045.000 ns	     28803	80006124	c00b7353	fcvt.w.s	x6,f22	 f22:0x46a40000  x6=0x00005200
     288075.000 ns	     28806	80006128	0321a0b3	mulhsu	x1,x3,x18	  x3:0x001fc800 x18:0x00000001  x1=0x00000000
     288105.000 ns	     28809	8000612c	e0048d53	fmv.x.w	x26,f9	  f9:0xcefff7e0 x26=0xcefff7e0
     288145.000 ns	     28813	80006130	109df5d3	fmul.s	f11,f27,f9	 f27:0x4f800000  f9:0xcefff7e0 f11=0xdefff7e0
     288175.000 ns	     28816	80006134	d001fd53	fcvt.s.w	f26,x3	  x3:0x001fc800 f26=0x49fe4000
     288205.000 ns	     28819	80006138	a0c884d3	fle.s	x9,f17,f12	 f17:0x4f7fffae f12:0x00000000  x9=0x00000000
     288225.000 ns	     28821	8000613c	4072da93	srai	x21,x5,0x7	  x5:0x588b308c x21=0x00b11661
     288245.000 ns	     28823	80006140	02360833	mul	x16,x12,x3	 x12:0x00000000  x3:0x001fc800 x16=0x00000000
     288615.000 ns	     28860	80006144	0321d733	divu	x14,x3,x18	  x3:0x001fc800 x18:0x00000001 x14=0x001fc800
     288635.000 ns	     28862	80006148	40198cb3	sub	x25,x19,x1	 x19:0xfffffa9b  x1:0x00000000 x25=0xfffffa9b
     288665.000 ns	     28865	8000614c	114c2153	fmul.s	f2,f24,f20	 f24:0x4f7fffae f20:0x7fc00000  f2=0x7fc00000
     288685.000 ns	     28867	80006150	419256b3	sra	x13,x4,x25	  x4:0x00000000 x25:0x00000000 x13=0x00000000
     288695.000 ns	     28868	80006154	d4a37c93	andi	x25,x6,-694	  x6:0x00005200 x25=0x00005000
     288705.000 ns	     28869	80006158	d697fb93	andi	x23,x15,-663	 x15:0x00000000 x23=0x00000000
     288725.000 ns	     28871	8000615c	2014afd3	fsgnjx.s	f31,f9,f1	  f9:0xcefff7e0  f1:0x3f800000 f31=0xcefff7e0
     288755.000 ns	     28874	80006160	024346b3	div	x13,x6,x4	  x6:0x00005200  x4:0x00000000 x13=0xffffffff
     288775.000 ns	     28876	80006164	41285393	srai	x7,x16,0x12	 x16:0x00000000  x7=0x00000000
     288795.000 ns	     28878	80006168	a1c80753	fle.s	x14,f16,f28	 f16:0x4e9f0000 f28:0x7fc00000 x14=0x00000000
     288815.000 ns	     28880	8000616c	24d070b7	lui	x1,0x24d07	  x1=0x24d07000
     288825.000 ns	     28881	80006170	40f68833	sub	x16,x13,x15	 x13:0xffffffff x15:0x00000000 x16=0xffffffff
     288835.000 ns	     28882	80006174	00000013	addi	x0,x0,0	  x0:0x00000000
     288855.000 ns	     28884	80006178	d01d2a53	fcvt.s.wu	f20,x26	 x26:0xcefff7e0 f20=0x4f4efff8
     288875.000 ns	     28886	8000617c	9eaf4893	xori	x17,x30,-1558	 x30:0x00000040 x17=0xfffff9aa
     288895.000 ns	     28888	80006180	20f22dd3	fsgnjx.s	f27,f4,f15	  f4:0x7fc00000 f15:0x3f800000 f27=0x7fc00000
     288925.000 ns	     28891	80006184	a1baa7d3	feq.s	x15,f21,f27	 f21:0x7fc00000 f27:0x4f800000 x15=0x00000000
     288955.000 ns	     28894	80006188	02649c33	mulh	x24,x9,x6	  x9:0x00000000  x6:0x00005200 x24=0x00000000
     288985.000 ns	     28897	8000618c	c00c0853	fcvt.w.s	x16,f24	 f24:0x4f7fffae x16=0x7fffffff
     289005.000 ns	     28899	80006190	33de8b13	addi	x22,x29,829	 x29:0x00000024 x22=0x00000361
     289015.000 ns	     28900	80006194	007d47b3	xor	x15,x26,x7	 x26:0xcefff7e0  x7:0x00000000 x15=0xcefff7e0
     289025.000 ns	     28901	80006198	00f18033	add	x0,x3,x15	  x3:0x001fc800 x15:0x00000000
     289035.000 ns	     28902	8000619c	007b5d13	srli	x26,x22,0x7	 x22:0x00000361 x26=0x00000006
     289395.000 ns	     28938	800061a0	0338c2b3	div	x5,x17,x19	 x17:0xfffff9aa x19:0xfffffa9b  x5=0x00000001
     289425.000 ns	     28941	800061a4	218092d3	fsgnjn.s	f5,f1,f24	  f1:0x3f800000 f24:0x4f7fffae  f5=0xbf800000
     289445.000 ns	     28943	800061a8	238f8c93	addi	x25,x31,568	 x31:0x7fffffff x25=0x80000237
     289775.000 ns	     28976	800061ac	180e8953	fdiv.s	f18,f29,f0	 f29:0x3f800410  f0:0xcf7fffae f18=0xaf800410
     289795.000 ns	     28978	800061b0	4146df33	sra	x30,x13,x20	 x13:0xffffffff x20:0x7fc00000 x30=0xffffffff
     289815.000 ns	     28980	800061b4	f00f0ed3	fmv.w.x	f29,x30	 x30:0x00000040 f29=0xffffffff
     290995.000 ns	     29098	800061b8	580c90d3	fsqrt.s	f1,f25	 f25:0x4f7fffae  f1=0x4735042a
     291015.000 ns	     29100	800061bc	413f0db3	sub	x27,x30,x19	 x30:0xffffffff x19:0xfffffa9b x27=0x00000564
     291025.000 ns	     29101	800061c0	018ed0b3	srl	x1,x29,x24	 x29:0x00000024 x24:0x00000000  x1=0x00000024
     291035.000 ns	     29102	800061c4	a304d9b7	lui	x19,0xa304d	 x19=0xa304d000
     291055.000 ns	     29104	800061c8	c01a8fd3	fcvt.wu.s	x31,f21	 f21:0x7fc00000 x31=0xffffffff
     291085.000 ns	     29107	800061cc	21dd04d3	fsgnj.s	f9,f26,f29	 f26:0x49fe4000 f29:0xffffffff  f9=0xc9fe4000
     291425.000 ns	     29141	800061d0	19fc7553	fdiv.s	f10,f24,f31	 f24:0x4f7fffae f31:0xcefff7e0 f10=0xbfffffae
     291445.000 ns	     29143	800061d4	00829093	slli	x1,x5,0x8	  x5:0x00000001  x1=0x00000100
     291465.000 ns	     29145	800061d8	0227b533	mulhu	x10,x15,x2	 x15:0xcefff7e0  x2:0x80040fe4 x10=0x678344c9
     291495.000 ns	     29148	800061dc	03cb9cb3	mulh	x25,x23,x28	 x23:0x00000000 x28:0x80041024 x25=0x00000000
     291515.000 ns	     29150	800061e0	00ad9433	sll	x8,x27,x10	 x27:0x00000564 x10:0x678344c9  x8=0x000ac800
     291525.000 ns	     29151	800061e4	006b1913	slli	x18,x22,0x6	 x22:0x00000361 x18=0x0000d840
     291535.000 ns	     29152	800061e8	0183dd33	srl	x26,x7,x24	  x7:0x00000000 x24:0x00000000 x26=0x00000000
     291895.000 ns	     29188	800061ec	02ae7b33	remu	x22,x28,x10	 x28:0x80041024 x10:0x678344c9 x22=0x1880cb5b
     291915.000 ns	     29190	800061f0	cf4f0eb7	lui	x29,0xcf4f0	 x29=0xcf4f0000
     291935.000 ns	     29192	800061f4	299112d3	fmax.s	f5,f2,f25	  f2:0x7fc00000 f25:0x4f7fffae  f5=0x4f7fffae
     291985.000 ns	     29197	800061f8	01667553	fadd.s	f10,f12,f22	 f12:0x00000000 f22:0x46a40000 f10=0x46a40000
     292015.000 ns	     29200	800061fc	0373e2b3	rem	x5,x7,x23	  x7:0x00000000 x23:0x00000000  x5=0x00000000
     292045.000 ns	     29203	80006200	a1eb26d3	feq.s	x13,f22,f30	 f22:0x46a40000 f30:0xcf7fffae x13=0x00000000
     292065.000 ns	     29205	80006204	c01a8f37	lui	x30,0xc01a8	 x30=0xc01a8000
     292085.000 ns	     29207	80006208	03aa8f33	mul	x30,x21,x26	 x21:0x00b11661 x26:0x00000000 x30=0x00000000
     292115.000 ns	     29210	8000620c	024b3eb3	mulhu	x29,x22,x4	 x22:0x1880cb5b  x4:0x00000000 x29=0x00000000
     292145.000 ns	     29213	80006210	e00606d3	fmv.x.w	x13,f12	 f12:0x00000000 x13=0x00000000
     292165.000 ns	     29215	80006214	00000013	addi	x0,x0,0	  x0:0x00000000
     292195.000 ns	     29218	80006218	107cf453	fmul.s	f8,f25,f7	 f25:0x4f7fffae  f7:0x4e9f0000  f8=0x5e9effcd
     292225.000 ns	     29221	8000621c	c002f3d3	fcvt.w.s	x7,f5	  f5:0x4f7fffae  x7=0x7fffffff
     292255.000 ns	     29224	80006220	c0129dd3	fcvt.wu.s	x27,f5	  f5:0x4f7fffae x27=0xffffae00
     292285.000 ns	     29227	80006224	02152b33	mulhsu	x22,x10,x1	 x10:0x678344c9  x1:0x00000100 x22=0x00000067
     292315.000 ns	     29230	80006228	e00d96d3	fclass.s	x13,f27	 f27:0x7fc00000 x13=0x00000200
     292345.000 ns	     29233	8000622c	f00584d3	fmv.w.x	f9,x11	 x11:0xf24b5688  f9=0xf24b5688
     292365.000 ns	     29235	80006230	b65d92b7	lui	x5,0xb65d9	  x5=0xb65d9000
     292375.000 ns	     29236	80006234	7ba23d93	sltiu	x27,x4,1978	  x4:0x00000000 x27=0x00000001
     292395.000 ns	     29238	80006238	02559eb3	mulh	x29,x11,x5	 x11:0xf24b5688  x5:0x00000000 x29=0x03f136a5
     292765.000 ns	     29275	8000623c	02767ab3	remu	x21,x12,x7	 x12:0x00000000  x7:0x7fffffff x21=0x00000000
     292795.000 ns	     29278	80006240	a09e81d3	fle.s	x3,f29,f9	 f29:0xffffffff  f9:0xf24b5688  x3=0x00000000
     292815.000 ns	     29280	80006244	e9aaef93	ori	x31,x21,-358	 x21:0x00000000 x31=0xfffffe9a
     292835.000 ns	     29282	80006248	e0080cd3	fmv.x.w	x25,f16	 f16:0x4e9f0000 x25=0x4e9f0000
     292855.000 ns	     29284	8000624c	b87d6613	ori	x12,x26,-1145	 x26:0x00000000 x12=0xfffffb87
     292875.000 ns	     29286	80006250	d01573d3	fcvt.s.wu	f7,x10	 x10:0x678344c9  f7=0x4ecf0689
     292895.000 ns	     29288	80006254	01907db3	and	x27,x0,x25	  x0:0x00000000 x25:0x4e9f0000 x27=0x00000000
     292905.000 ns	     29289	80006258	01d51613	slli	x12,x10,0x1d	 x10:0x678344c9 x12=0x20000000
     293265.000 ns	     29325	8000625c	03f657b3	divu	x15,x12,x31	 x12:0xfffffb87 x31:0xfffffe9a x15=0x00000000
     293315.000 ns	     29330	80006260	015235d3	fadd.s	f11,f4,f21	  f4:0x7fc00000 f21:0x7fc00000 f11=0x7fc00000
     293685.000 ns	     29367	80006264	03227f33	remu	x30,x4,x18	  x4:0x00000000 x18:0x0000d840 x30=0x00000000
     293715.000 ns	     29370	80006268	291f91d3	fmax.s	f3,f31,f17	 f31:0xcefff7e0 f17:0x4f7fffae  f3=0x4f7fffae
     293735.000 ns	     29372	8000626c	701faf13	slti	x30,x31,1793	 x31:0xfffffe9a x30=0x00000001
     293745.000 ns	     29373	80006270	018d1e93	slli	x29,x26,0x18	 x26:0x00000000 x29=0x00000000
     294105.000 ns	     29409	80006274	0330ea33	rem	x20,x1,x19	  x1:0x00000100 x19:0xa304d000 x20=0x00000100
     294135.000 ns	     29412	80006278	d009fe53	fcvt.s.w	f28,x19	 x19:0xa304d000 f28=0xceb9f660
     294155.000 ns	     29414	8000627c	01542533	slt	x10,x8,x21	  x8:0x000ac800 x21:0x00000000 x10=0x00000000
     294165.000 ns	     29415	80006280	8953fb13	andi	x22,x7,-1899	  x7:0x7fffffff x22=0x7ffff895
     294175.000 ns	     29416	80006284	009027b3	slt	x15,x0,x9	  x0:0x00000000  x9:0x00000000 x15=0x00000000
     294185.000 ns	     29417	80006288	013696b3	sll	x13,x13,x19	 x13:0x00000200 x19:0xa304d000 x13=0x00000200
     294205.000 ns	     29419	8000628c	02671bb3	mulh	x23,x14,x6	 x14:0x00000000  x6:0x00005200 x23=0x00000000
     294245.000 ns	     29423	80006290	113e7953	fmul.s	f18,f28,f19	 f28:0xceb9f660 f19:0xcf7fffae f18=0x5eb9f624
     294265.000 ns	     29425	80006294	f8e96c13	ori	x24,x18,-114	 x18:0x0000d840 x24=0xffffffce
     294275.000 ns	     29426	80006298	2b093013	sltiu	x0,x18,688	 x18:0x0000d840
     294285.000 ns	     29427	8000629c	f4a50313	addi	x6,x10,-182	 x10:0x00000000  x6=0xffffff4a
     294295.000 ns	     29428	800062a0	0148f533	and	x10,x17,x20	 x17:0xfffff9aa x20:0x00000100 x10=0x00000100
     294325.000 ns	     29431	800062a4	1958b2d3	fdiv.s	f5,f17,f21	 f17:0x4f7fffae f21:0x7fc00000  f5=0x7fc00000
     294345.000 ns	     29433	800062a8	00423db3	sltu	x27,x4,x4	  x4:0x00000000  x4:0x00000000 x27=0x00000000
     294705.000 ns	     29469	800062ac	02504fb3	div	x31,x0,x5	  x0:0x00000000  x5:0xb65d9000 x31=0x00000000
     294725.000 ns	     29471	800062b0	007790b3	sll	x1,x15,x7	 x15:0x00000000  x7:0x7fffffff  x1=0x00000000
     294735.000 ns	     29472	800062b4	00837b33	and	x22,x6,x8	  x6:0xffffff4a  x8:0x000ac800 x22=0x000ac800
     294755.000 ns	     29474	800062b8	c00103d3	fcvt.w.s	x7,f2	  f2:0x7fc00000  x7=0x7fffffff
     294785.000 ns	     29477	800062bc	e0039f53	fclass.s	x30,f7	  f7:0x4ecf0689 x30=0x00000040
     294815.000 ns	     29480	800062c0	202c0153	fsgnj.s	f2,f24,f2	 f24:0x4f7fffae  f2:0x7fc00000  f2=0x4f7fffae
     294845.000 ns	     29483	800062c4	0384a0b3	mulhsu	x1,x9,x24	  x9:0x00000000 x24:0xffffffce  x1=0x00000000
     295215.000 ns	     29520	800062c8	03316033	rem	x0,x2,x19	  x2:0x80040fe4 x19:0xa304d000
     295245.000 ns	     29523	800062cc	d00ff253	fcvt.s.w	f4,x31	 x31:0x00000000  f4=0x00000000
     295265.000 ns	     29525	800062d0	e072ca93	xori	x21,x5,-505	  x5:0xb65d9000 x21=0x49a26e07
     295275.000 ns	     29526	800062d4	00a8e0b3	or	x1,x17,x10	 x17:0xfffff9aa x10:0x00000100  x1=0xfffff9aa
     295295.000 ns	     29528	800062d8	28791b53	fmax.s	f22,f18,f7	 f18:0x5eb9f624  f7:0x4ecf0689 f22=0x5eb9f624
     295315.000 ns	     29530	800062dc	02dec537	lui	x10,0x2dec	 x10=0x02dec000
     295335.000 ns	     29532	800062e0	c001ff53	fcvt.w.s	x30,f3	  f3:0x4f7fffae x30=0x7fffffff
     295365.000 ns	     29535	800062e4	a0999653	flt.s	x12,f19,f9	 f19:0xcf7fffae  f9:0xf24b5688 x12=0x00000000
     295385.000 ns	     29537	800062e8	00566733	or	x14,x12,x5	 x12:0x20000000  x5:0xb65d9000 x14=0xb65d9000
     295405.000 ns	     29539	800062ec	a11781d3	fle.s	x3,f15,f17	 f15:0x3f800000 f17:0x4f7fffae  x3=0x00000001
     295425.000 ns	     29541	800062f0	00d3c1b3	xor	x3,x7,x13	  x7:0x7fffffff x13:0x00000200  x3=0x7ffffdff
     295445.000 ns	     29543	800062f4	e00d1853	fclass.s	x16,f26	 f26:0x49fe4000 x16=0x00000040
     295475.000 ns	     29546	800062f8	e0000553	fmv.x.w	x10,f0	  f0:0xcf7fffae x10=0xcf7fffae
     295495.000 ns	     29548	800062fc	00d1db93	srli	x23,x3,0xd	  x3:0x7ffffdff x23=0x0003ffff
     295505.000 ns	     29549	80006300	00e1bab3	sltu	x21,x3,x14	  x3:0x7ffffdff x14:0xb65d9000 x21=0x00000001
     295545.000 ns	     29553	80006304	01a41453	fadd.s	f8,f8,f26	  f8:0x5e9effcd f26:0x49fe4000  f8=0x5e9effcd
     295565.000 ns	     29555	80006308	4166d7b3	sra	x15,x13,x22	 x13:0x00000200 x22:0x000ac800 x15=0x00000200
     295585.000 ns	     29557	8000630c	29560853	fmin.s	f16,f12,f21	 f12:0x00000000 f21:0x7fc00000 f16=0x00000000
     295605.000 ns	     29559	80006310	edffc993	xori	x19,x31,-289	 x31:0x00000000 x19=0xfffffedf
     295645.000 ns	     29563	80006314	011ffbd3	fadd.s	f23,f31,f17	 f31:0xcefff7e0 f17:0x4f7fffae f23=0x4f0003be
     295675.000 ns	     29566	80006318	20f52a53	fsgnjx.s	f20,f10,f15	 f10:0x46a40000 f15:0x3f800000 f20=0x46a40000
     295705.000 ns	     29569	8000631c	f0070e53	fmv.w.x	f28,x14	 x14:0xb65d9000 f28=0xb65d9000
     295725.000 ns	     29571	80006320	0131b7b3	sltu	x15,x3,x19	  x3:0x7ffffdff x19:0xfffffedf x15=0x00000001
     295745.000 ns	     29573	80006324	03b8d333	divu	x6,x17,x27	 x17:0xfffff9aa x27:0x00000000  x6=0xffffffff
     295775.000 ns	     29576	80006328	a0a60ed3	fle.s	x29,f12,f10	 f12:0x00000000 f10:0x46a40000 x29=0x00000001
     295795.000 ns	     29578	8000632c	00cb89b3	add	x19,x23,x12	 x23:0x0003ffff x12:0x00000000 x19=0x0003ffff
     295805.000 ns	     29579	80006330	005a11b3	sll	x3,x20,x5	 x20:0x00000100  x5:0xb65d9000  x3=0x00000100
     295825.000 ns	     29581	80006334	299f0a53	fmin.s	f20,f30,f25	 f30:0xcf7fffae f25:0x4f7fffae f20=0xcf7fffae
     295845.000 ns	     29583	80006338	007bcfb3	xor	x31,x23,x7	 x23:0x0003ffff  x7:0x7fffffff x31=0x7ffc0000
     295865.000 ns	     29585	8000633c	d01b45d3	fcvt.s.wu	f11,x22	 x22:0x000ac800 f11=0x492c8000
     295885.000 ns	     29587	80006340	00505713	srli	x14,x0,0x5	  x0:0x00000000 x14=0x00000000
     295905.000 ns	     29589	80006344	e0029dd3	fclass.s	x27,f5	  f5:0x7fc00000 x27=0x00000200
     297085.000 ns	     29707	80006348	5800f0d3	fsqrt.s	f1,f1	  f1:0x4735042a  f1=0x42fffeaa
     297105.000 ns	     29709	8000634c	00000013	addi	x0,x0,0	  x0:0x00000000
     297115.000 ns	     29710	80006350	d4cf3d17	auipc	x26,0xd4cf3	 x26=0x54cf9350
     297125.000 ns	     29711	80006354	0076fc33	and	x24,x13,x7	 x13:0x00000200  x7:0x7fffffff x24=0x00000200
     297135.000 ns	     29712	80006358	00000013	addi	x0,x0,0	  x0:0x00000000
     297155.000 ns	     29714	8000635c	e00c98d3	fclass.s	x17,f25	 f25:0x4f7fffae x17=0x00000040
     297185.000 ns	     29717	80006360	2170a2d3	fsgnjx.s	f5,f1,f23	  f1:0x42fffeaa f23:0x4f0003be  f5=0x42fffeaa
     297225.000 ns	     29721	80006364	1041f653	fmul.s	f12,f3,f4	  f3:0x4f7fffae  f4:0x00000000 f12=0x00000000
     297595.000 ns	     29758	80006368	03b16eb3	rem	x29,x2,x27	  x2:0x80040fe4 x27:0x00000200 x29=0xffffffe4
     297645.000 ns	     29763	8000636c	09cff9d3	fsub.s	f19,f31,f28	 f31:0xcefff7e0 f28:0xb65d9000 f19=0xcefff7e0
     297665.000 ns	     29765	80006370	ac30ad37	lui	x26,0xac30a	 x26=0xac30a000
     297675.000 ns	     29766	80006374	00327533	and	x10,x4,x3	  x4:0x00000000  x3:0x00000100 x10=0x00000000
     297695.000 ns	     29768	80006378	290302d3	fmin.s	f5,f6,f16	  f6:0x7fc00000 f16:0x00000000  f5=0x00000000
     297725.000 ns	     29771	8000637c	a0579553	flt.s	x10,f15,f5	 f15:0x3f800000  f5:0x42fffeaa x10=0x00000000
     298095.000 ns	     29808	80006380	039ffcb3	remu	x25,x31,x25	 x31:0x7ffc0000 x25:0x4e9f0000 x25=0x315d0000
     298115.000 ns	     29810	80006384	2e4f2213	slti	x4,x30,740	 x30:0x7fffffff  x4=0x00000000
     298125.000 ns	     29811	80006388	00000013	addi	x0,x0,0	  x0:0x00000000
     298135.000 ns	     29812	8000638c	163f6f13	ori	x30,x30,355	 x30:0x7fffffff x30=0x7fffffff
     298165.000 ns	     29815	80006390	11b4f153	fmul.s	f2,f9,f27	  f9:0xf24b5688 f27:0x7fc00000  f2=0x7fc00000
     298195.000 ns	     29818	80006394	f00a81d3	fmv.w.x	f3,x21	 x21:0x00000001  f3=0x00000001
     298225.000 ns	     29821	80006398	03289fb3	mulh	x31,x17,x18	 x17:0x00000040 x18:0x0000d840 x31=0x00000000
     298265.000 ns	     29825	8000639c	580002d3	fsqrt.s	f5,f0	  f0:0xcf7fffae  f5=0x7fc00000
     298285.000 ns	     29827	800063a0	01781293	slli	x5,x16,0x17	 x16:0x00000040  x5=0x20000000
     298305.000 ns	     29829	800063a4	28f895d3	fmax.s	f11,f17,f15	 f17:0x4f7fffae f15:0x3f800000 f11=0x4f7fffae
     298675.000 ns	     29866	800063a8	03075333	divu	x6,x14,x16	 x14:0x00000000 x16:0x00000040  x6=0x00000000
     298705.000 ns	     29869	800063ac	d0017b53	fcvt.s.w	f22,x2	  x2:0x80040fe4 f22=0xcefff7e0
     298745.000 ns	     29873	800063b0	58024853	fsqrt.s	f16,f4	  f4:0x00000000 f16=0x00000000
     298775.000 ns	     29876	800063b4	c0010953	fcvt.w.s	x18,f2	  f2:0x7fc00000 x18=0x7fffffff
     298795.000 ns	     29878	800063b8	41eb01b3	sub	x3,x22,x30	 x22:0x000ac800 x30:0x7fffffff  x3=0x800ac801
     298815.000 ns	     29880	800063bc	02c47533	remu	x10,x8,x12	  x8:0x000ac800 x12:0x00000000 x10=0x000ac800
     298865.000 ns	     29885	800063c0	087509d3	fsub.s	f19,f10,f7	 f10:0x46a40000  f7:0x4ecf0689 f19=0xcecf05e5
     298885.000 ns	     29887	800063c4	01126ab3	or	x21,x4,x17	  x4:0x00000000 x17:0x00000040 x21=0x00000040
     298905.000 ns	     29889	800063c8	03bc9fb3	mulh	x31,x25,x27	 x25:0x315d0000 x27:0x00000200 x31=0x00000062
     298925.000 ns	     29891	800063cc	00c19c33	sll	x24,x3,x12	  x3:0x800ac801 x12:0x00000000 x24=0x800ac801
     298955.000 ns	     29894	800063d0	5804b4d3	fsqrt.s	f9,f9	  f9:0xf24b5688  f9=0x7fc00000
     298985.000 ns	     29897	800063d4	026ead33	mulhsu	x26,x29,x6	 x29:0xffffffe4  x6:0x00000000 x26=0x00000000
     299355.000 ns	     29934	800063d8	03256333	rem	x6,x10,x18	 x10:0x000ac800 x18:0x7fffffff  x6=0x000ac800
     299725.000 ns	     29971	800063dc	0377ffb3	remu	x31,x15,x23	 x15:0x00000001 x23:0x0003ffff x31=0x00000001
     299755.000 ns	     29974	800063e0	02c2a533	mulhsu	x10,x5,x12	  x5:0x20000000 x12:0x00000000 x10=0x00000000
     299775.000 ns	     29976	800063e4	8ec92f13	slti	x30,x18,-1812	 x18:0x7fffffff x30=0x00000000
     299785.000 ns	     29977	800063e8	00b0c8b3	xor	x17,x1,x11	  x1:0xfffff9aa x11:0xf24b5688 x17=0x0db4af22
     299795.000 ns	     29978	800063ec	b7088d13	addi	x26,x17,-1168	 x17:0x00000040 x26=0x0db4aa92
     299815.000 ns	     29980	800063f0	03f91d33	mulh	x26,x18,x31	 x18:0x7fffffff x31:0x00000001 x26=0x00000000
     299845.000 ns	     29983	800063f4	02b6b6b3	mulhu	x13,x13,x11	 x13:0x00000200 x11:0xf24b5688 x13=0x000001e4
     299865.000 ns	     29985	800063f8	24cf5c37	lui	x24,0x24cf5	 x24=0x24cf5000
     299875.000 ns	     29986	800063fc	00a723b3	slt	x7,x14,x10	 x14:0x00000000 x10:0x00000000  x7=0x00000000
     299895.000 ns	     29988	80006400	e0080253	fmv.x.w	x4,f16	 f16:0x00000000  x4=0x00000000
     300265.000 ns	     30025	80006404	0220f533	remu	x10,x1,x2	  x1:0xfffff9aa  x2:0x80040fe4 x10=0x7ffbe9c6
     300295.000 ns	     30028	80006408	d009f5d3	fcvt.s.w	f11,x19	 x19:0x0003ffff f11=0x487fffc0
     300325.000 ns	     30031	8000640c	29d205d3	fmin.s	f11,f4,f29	  f4:0x00000000 f29:0xffffffff f11=0x00000000
     300345.000 ns	     30033	80006410	49ebc313	xori	x6,x23,1182	 x23:0x0003ffff  x6=0x0003fb61
     300355.000 ns	     30034	80006414	5c043a93	sltiu	x21,x8,1472	  x8:0x000ac800 x21=0x00000000
     300375.000 ns	     30036	80006418	21598053	fsgnj.s	f0,f19,f21	 f19:0xcecf05e5 f21:0x7fc00000  f0=0x4ecf05e5
     300395.000 ns	     30038	8000641c	adcdea93	ori	x21,x27,-1316	 x27:0x00000200 x21=0xfffffadc
     300415.000 ns	     30040	80006420	e0098653	fmv.x.w	x12,f19	 f19:0xcecf05e5 x12=0xcecf05e5
     300435.000 ns	     30042	80006424	5a023513	sltiu	x10,x4,1440	  x4:0x00000000 x10=0x00000001
     300445.000 ns	     30043	80006428	0132d613	srli	x12,x5,0x13	  x5:0x20000000 x12=0x00000400
     300465.000 ns	     30045	8000642c	28ba1d53	fmax.s	f26,f20,f11	 f20:0xcf7fffae f11:0x00000000 f26=0x00000000
     300515.000 ns	     30050	80006430	08a400d3	fsub.s	f1,f8,f10	  f8:0x5e9effcd f10:0x46a40000  f1=0x5e9effcd
     300545.000 ns	     30053	80006434	20a008d3	fsgnj.s	f17,f0,f10	  f0:0x4ecf05e5 f10:0x46a40000 f17=0x4ecf05e5
     300595.000 ns	     30058	80006438	00e33bd3	fadd.s	f23,f6,f14	  f6:0x7fc00000 f14:0x46a40000 f23=0x7fc00000
     300615.000 ns	     30060	8000643c	01a72233	slt	x4,x14,x26	 x14:0x00000000 x26:0x00000000  x4=0x00000000
     300635.000 ns	     30062	80006440	02904d33	div	x26,x0,x9	  x0:0x00000000  x9:0x00000000 x26=0xffffffff
     300655.000 ns	     30064	80006444	78b5c437	lui	x8,0x78b5c	  x8=0x78b5c000
     300685.000 ns	     30067	80006448	1951ff53	fdiv.s	f30,f3,f21	  f3:0x00000001 f21:0x7fc00000 f30=0x7fc00000
     300705.000 ns	     30069	8000644c	fc20e313	ori	x6,x1,-62	  x1:0xfffff9aa  x6=0xffffffea
     300715.000 ns	     30070	80006450	00223333	sltu	x6,x4,x2	  x4:0x00000000  x2:0x80040fe4  x6=0x00000001
     300725.000 ns	     30071	80006454	013ed293	srli	x5,x29,0x13	 x29:0xffffffe4  x5=0x00001fff
     300745.000 ns	     30073	80006458	20528453	fsgnj.s	f8,f5,f5	  f5:0x7fc00000  f5:0x7fc00000  f8=0x7fc00000
     300775.000 ns	     30076	8000645c	20298f53	fsgnj.s	f30,f19,f2	 f19:0xcecf05e5  f2:0x7fc00000 f30=0x4ecf05e5
     300805.000 ns	     30079	80006460	296b1053	fmax.s	f0,f22,f22	 f22:0xcefff7e0 f22:0xcefff7e0  f0=0xcefff7e0
     300825.000 ns	     30081	80006464	3d948513	addi	x10,x9,985	  x9:0x00000000 x10=0x000003d9
     300835.000 ns	     30082	80006468	41bbdab3	sra	x21,x23,x27	 x23:0x0003ffff x27:0x00000200 x21=0x0003ffff
     300855.000 ns	     30084	8000646c	029514b3	mulh	x9,x10,x9	 x10:0x00000001  x9:0x00000000  x9=0x00000000
     300885.000 ns	     30087	80006470	21411bd3	fsgnjn.s	f23,f2,f20	  f2:0x7fc00000 f20:0xcf7fffae f23=0x7fc00000
     300905.000 ns	     30089	80006474	0033d033	srl	x0,x7,x3	  x7:0x00000000  x3:0x800ac801
     300915.000 ns	     30090	80006478	2abcab13	slti	x22,x25,683	 x25:0x315d0000 x22=0x00000000
     300935.000 ns	     30092	8000647c	02aa88b3	mul	x17,x21,x10	 x21:0x0003ffff x10:0x000003d9 x17=0x0f63fc27
     300955.000 ns	     30094	80006480	40aed013	srai	x0,x29,0xa	 x29:0xffffffe4
     300965.000 ns	     30095	80006484	409d5a93	srai	x21,x26,0x9	 x26:0xffffffff x21=0xffffffff
     302135.000 ns	     30212	80006488	58070353	fsqrt.s	f6,f14	 f14:0x46a40000  f6=0x4310e2b2
     302165.000 ns	     30215	8000648c	28f784d3	fmin.s	f9,f15,f15	 f15:0x3f800000 f15:0x3f800000  f9=0x3f800000
     302215.000 ns	     30220	80006490	01d87b53	fadd.s	f22,f16,f29	 f16:0x00000000 f29:0xffffffff f22=0x7fc00000
     302235.000 ns	     30222	80006494	00c92333	slt	x6,x18,x12	 x18:0x7fffffff x12:0x00000400  x6=0x00000000
     302245.000 ns	     30223	80006498	018aa3b3	slt	x7,x21,x24	 x21:0xffffffff x24:0x24cf5000  x7=0x00000001
     302275.000 ns	     30226	8000649c	580a7d53	fsqrt.s	f26,f20	 f20:0xcf7fffae f26=0x7fc00000
     302295.000 ns	     30228	800064a0	00dcd1b3	srl	x3,x25,x13	 x25:0x315d0000 x13:0x000001e4  x3=0x0315d000
     302325.000 ns	     30231	800064a4	58067dd3	fsqrt.s	f27,f12	 f12:0x00000000 f27=0x00000000
     302345.000 ns	     30233	800064a8	fb04afb7	lui	x31,0xfb04a	 x31=0xfb04a000
     302365.000 ns	     30235	800064ac	286312d3	fmax.s	f5,f6,f6	  f6:0x4310e2b2  f6:0x4310e2b2  f5=0x4310e2b2
     302395.000 ns	     30238	800064b0	c00b38d3	fcvt.w.s	x17,f22	 f22:0x7fc00000 x17=0x7fffffff
     302425.000 ns	     30241	800064b4	20271c53	fsgnjn.s	f24,f14,f2	 f14:0x46a40000  f2:0x7fc00000 f24=0xc6a40000
     302445.000 ns	     30243	800064b8	0053da93	srli	x21,x7,0x5	  x7:0x00000001 x21=0x00000000
     302465.000 ns	     30245	800064bc	a03c1553	flt.s	x10,f24,f3	 f24:0xc6a40000  f3:0x00000001 x10=0x00000001
     302485.000 ns	     30247	800064c0	0165c2b3	xor	x5,x11,x22	 x11:0xf24b5688 x22:0x00000000  x5=0xf24b5688
     302495.000 ns	     30248	800064c4	1323c893	xori	x17,x7,306	  x7:0x00000001 x17=0x00000133
     302505.000 ns	     30249	800064c8	6199d9b7	lui	x19,0x6199d	 x19=0x6199d000
     302525.000 ns	     30251	800064cc	e0021ed3	fclass.s	x29,f4	  f4:0x00000000 x29=0x00000010
     302895.000 ns	     30288	800064d0	02dbdeb3	divu	x29,x23,x13	 x23:0x0003ffff x13:0x000001e4 x29=0x0000021d
     302915.000 ns	     30290	800064d4	01709f33	sll	x30,x1,x23	  x1:0xfffff9aa x23:0x0003ffff x30=0x00000000
     302955.000 ns	     30294	800064d8	083effd3	fsub.s	f31,f29,f3	 f29:0xffffffff  f3:0x00000001 f31=0x7fc00000
     302985.000 ns	     30297	800064dc	a1de9c53	flt.s	x24,f29,f29	 f29:0xffffffff f29:0xffffffff x24=0x00000000
     303355.000 ns	     30334	800064e0	02c2e233	rem	x4,x5,x12	  x5:0xf24b5688 x12:0x00000400  x4=0xfffffe88
     303375.000 ns	     30336	800064e4	010adf33	srl	x30,x21,x16	 x21:0x00000000 x16:0x00000040 x30=0x00000000
     303395.000 ns	     30338	800064e8	024e9b33	mulh	x22,x29,x4	 x29:0x0000021d  x4:0xfffffe88 x22=0xffffffff
     303445.000 ns	     30343	800064ec	09c9fc53	fsub.s	f24,f19,f28	 f19:0xcecf05e5 f28:0xb65d9000 f24=0xcecf05e5
     303465.000 ns	     30345	800064f0	a35a3d93	sltiu	x27,x20,-1483	 x20:0x00000100 x27=0x00000001
     303485.000 ns	     30347	800064f4	0293c6b3	div	x13,x7,x9	  x7:0x00000001  x9:0x00000000 x13=0xffffffff
     303515.000 ns	     30350	800064f8	c01c79d3	fcvt.wu.s	x19,f24	 f24:0xcecf05e5 x19=0x6782f280
     303535.000 ns	     30352	800064fc	008f27b3	slt	x15,x30,x8	 x30:0x00000000  x8:0x78b5c000 x15=0x00000001
     303545.000 ns	     30353	80006500	00d5d733	srl	x14,x11,x13	 x11:0xf24b5688 x13:0xffffffff x14=0x00000001
     303565.000 ns	     30355	80006504	e00e8cd3	fmv.x.w	x25,f29	 f29:0xffffffff x25=0xffffffff
     303585.000 ns	     30357	80006508	00e97d33	and	x26,x18,x14	 x18:0x7fffffff x14:0x00000000 x26=0x00000001
     303625.000 ns	     30361	8000650c	09947e53	fsub.s	f28,f8,f25	  f8:0x7fc00000 f25:0x4f7fffae f28=0x7fc00000
     303655.000 ns	     30364	80006510	c00f4b53	fcvt.w.s	x22,f30	 f30:0x4ecf05e5 x22=0x6782f280
     303685.000 ns	     30367	80006514	210fa853	fsgnjx.s	f16,f31,f16	 f31:0x7fc00000 f16:0x00000000 f16=0x7fc00000
     303715.000 ns	     30370	80006518	c0028853	fcvt.w.s	x16,f5	  f5:0x4310e2b2 x16=0x00000091
     303745.000 ns	     30373	8000651c	0380ecb3	rem	x25,x1,x24	  x1:0xfffff9aa x24:0x00000000 x25=0xfffff9aa
     303765.000 ns	     30375	80006520	01951213	slli	x4,x10,0x19	 x10:0x00000001  x4=0x02000000
     303775.000 ns	     30376	80006524	01741213	slli	x4,x8,0x17	  x8:0x78b5c000  x4=0x00000000
     303795.000 ns	     30378	80006528	a0fa8453	fle.s	x8,f21,f15	 f21:0x7fc00000 f15:0x3f800000  x8=0x00000000
     303815.000 ns	     30380	8000652c	41bcdcb3	sra	x25,x25,x27	 x25:0xfffff9aa x27:0x00000001 x25=0xfffffcd5
     303855.000 ns	     30384	80006530	00fbfc53	fadd.s	f24,f23,f15	 f23:0x7fc00000 f15:0x3f800000 f24=0x7fc00000
     303875.000 ns	     30386	80006534	31decb93	xori	x23,x29,797	 x29:0x0000021d x23=0x00000100
     303895.000 ns	     30388	80006538	29c619d3	fmax.s	f19,f12,f28	 f12:0x00000000 f28:0x7fc00000 f19=0x00000000
     303925.000 ns	     30391	8000653c	206a1c53	fsgnjn.s	f24,f20,f6	 f20:0xcf7fffae  f6:0x4310e2b2 f24=0xcf7fffae
     303955.000 ns	     30394	80006540	21371453	fsgnjn.s	f8,f14,f19	 f14:0x46a40000 f19:0x00000000  f8=0xc6a40000
     303985.000 ns	     30397	80006544	f00f0a53	fmv.w.x	f20,x30	 x30:0x00000000 f20=0x00000000
     304355.000 ns	     30434	80006548	0324d4b3	divu	x9,x9,x18	  x9:0x00000000 x18:0x7fffffff  x9=0x00000000
     304375.000 ns	     30436	8000654c	80d90693	addi	x13,x18,-2035	 x18:0x7fffffff x13=0x7ffff80c
     304405.000 ns	     30439	80006550	58007a53	fsqrt.s	f20,f0	  f0:0xcefff7e0 f20=0x7fc00000
     304435.000 ns	     30442	80006554	208e9ed3	fsgnjn.s	f29,f29,f8	 f29:0xffffffff  f8:0xc6a40000 f29=0x7fffffff
     304455.000 ns	     30444	80006558	4169dc93	srai	x25,x19,0x16	 x19:0x6782f280 x25=0x0000019e
     304465.000 ns	     30445	8000655c	0125c633	xor	x12,x11,x18	 x11:0xf24b5688 x18:0x7fffffff x12=0x8db4a977
     304475.000 ns	     30446	80006560	01c5b3b3	sltu	x7,x11,x28	 x11:0xf24b5688 x28:0x80041024  x7=0x00000000
     304495.000 ns	     30448	80006564	215da5d3	fsgnjx.s	f11,f27,f21	 f27:0x00000000 f21:0x7fc00000 f11=0x00000000
     304525.000 ns	     30451	80006568	e00688d3	fmv.x.w	x17,f13	 f13:0x4e9f0000 x17=0x4e9f0000
     304545.000 ns	     30453	8000656c	ea643013	sltiu	x0,x8,-346	  x8:0x00000000
     304565.000 ns	     30455	80006570	030b3633	mulhu	x12,x22,x16	 x22:0x6782f280 x16:0x00000091 x12=0x0000003a
     304605.000 ns	     30459	80006574	10d4f753	fmul.s	f14,f9,f13	  f9:0x3f800000 f13:0x4e9f0000 f14=0x4e9f0000
     305545.000 ns	     30553	80006578	580f74d3	fsqrt.s	f9,f30	 f30:0x4ecf05e5  f9=0x4722c8f2
     305565.000 ns	     30555	8000657c	017ddf13	srli	x30,x27,0x17	 x27:0x00000001 x30=0x00000000
     305585.000 ns	     30557	80006580	c00118d3	fcvt.w.s	x17,f2	  f2:0x7fc00000 x17=0x7fffffff
     305605.000 ns	     30559	80006584	417f5833	sra	x16,x30,x23	 x30:0x00000000 x23:0x00000100 x16=0x00000000
     305625.000 ns	     30561	80006588	021b8db3	mul	x27,x23,x1	 x23:0x00000100  x1:0xfffff9aa x27=0xfff9aa00
     305655.000 ns	     30564	8000658c	d0177853	fcvt.s.wu	f16,x14	 x14:0x00000001 f16=0x3f800000
     305995.000 ns	     30598	80006590	1872a5d3	fdiv.s	f11,f5,f7	  f5:0x4310e2b2  f7:0x4ecf0689 f11=0x3390e2b2
     306015.000 ns	     30600	80006594	00765413	srli	x8,x12,0x7	 x12:0x0000003a  x8=0x00000000
     306025.000 ns	     30601	80006598	006f70b3	and	x1,x30,x6	 x30:0x00000000  x6:0x00000000  x1=0x00000000
     306035.000 ns	     30602	8000659c	00a95db3	srl	x27,x18,x10	 x18:0x7fffffff x10:0x00000001 x27=0x3fffffff
     306045.000 ns	     30603	800065a0	003953b3	srl	x7,x18,x3	 x18:0x7fffffff  x3:0x0315d000  x7=0x7fffffff
     306055.000 ns	     30604	800065a4	ba437893	andi	x17,x6,-1116	  x6:0x00000000 x17=0x00000000
     306065.000 ns	     30605	800065a8	e1974b13	xori	x22,x14,-487	 x14:0x00000001 x22=0xfffffe18
     306075.000 ns	     30606	800065ac	62051f97	auipc	x31,0x62051	 x31=0xe20575ac
     306115.000 ns	     30610	800065b0	008bfbd3	fadd.s	f23,f23,f8	 f23:0x7fc00000  f8:0xc6a40000 f23=0x7fc00000
     306145.000 ns	     30613	800065b4	03230033	mul	x0,x6,x18	  x6:0x00000000 x18:0x7fffffff
     306165.000 ns	     30615	800065b8	002e0333	add	x6,x28,x2	 x28:0x80041024  x2:0x80040fe4  x6=0x00082008
     306175.000 ns	     30616	800065bc	0917a093	slti	x1,x15,145	 x15:0x00000001  x1=0x00000001
     306185.000 ns	     30617	800065c0	00099333	sll	x6,x19,x0	 x19:0x6782f280  x0:0x00000000  x6=0x6782f280
     306545.000 ns	     30653	800065c4	033154b3	divu	x9,x2,x19	  x2:0x80040fe4 x19:0x6782f280  x9=0x00000001
     306565.000 ns	     30655	800065c8	41e70fb3	sub	x31,x14,x30	 x14:0x00000001 x30:0x00000000 x31=0x00000001
     306575.000 ns	     30656	800065cc	c8530213	addi	x4,x6,-891	  x6:0x6782f280  x4=0x6782ef05
     306595.000 ns	     30658	800065d0	21df1453	fsgnjn.s	f8,f30,f29	 f30:0x4ecf05e5 f29:0x7fffffff  f8=0xcecf05e5
     306615.000 ns	     30660	800065d4	40fbd013	srai	x0,x23,0xf	 x23:0x00000100
     306645.000 ns	     30663	800065d8	19d077d3	fdiv.s	f15,f0,f29	  f0:0xcefff7e0 f29:0x7fffffff f15=0x7fc00000
     306675.000 ns	     30666	800065dc	a1bd94d3	flt.s	x9,f27,f27	 f27:0x00000000 f27:0x00000000  x9=0x00000000
     306695.000 ns	     30668	800065e0	41885c93	srai	x25,x16,0x18	 x16:0x00000000 x25=0x00000000
     306715.000 ns	     30670	800065e4	20e6a8d3	fsgnjx.s	f17,f13,f14	 f13:0x4e9f0000 f14:0x4e9f0000 f17=0x4e9f0000
     306745.000 ns	     30673	800065e8	a05b08d3	fle.s	x17,f22,f5	 f22:0x7fc00000  f5:0x4310e2b2 x17=0x00000000
     306765.000 ns	     30675	800065ec	01c6d733	srl	x14,x13,x28	 x13:0x7ffff80c x28:0x80041024 x14=0x07ffff80
     306785.000 ns	     30677	800065f0	d01f9953	fcvt.s.wu	f18,x31	 x31:0x00000001 f18=0x3f800000
     306805.000 ns	     30679	800065f4	41438733	sub	x14,x7,x20	  x7:0x7fffffff x20:0x00000100 x14=0x7ffffeff
     306815.000 ns	     30680	800065f8	ff56bf93	sltiu	x31,x13,-11	 x13:0x7ffff80c x31=0x00000001
     306825.000 ns	     30681	800065fc	41d55833	sra	x16,x10,x29	 x10:0x00000001 x29:0x0000021d x16=0x00000000
     306865.000 ns	     30685	80006600	00bffdd3	fadd.s	f27,f31,f11	 f31:0x7fc00000 f11:0x3390e2b2 f27=0x7fc00000
     306895.000 ns	     30688	80006604	a1c023d3	feq.s	x7,f0,f28	  f0:0xcefff7e0 f28:0x7fc00000  x7=0x00000000
     306945.000 ns	     30693	80006608	09567853	fsub.s	f16,f12,f21	 f12:0x00000000 f21:0x7fc00000 f16=0x7fc00000
     306965.000 ns	     30695	8000660c	0107aab3	slt	x21,x15,x16	 x15:0x00000001 x16:0x00000000 x21=0x00000000
     306985.000 ns	     30697	80006610	d00b74d3	fcvt.s.w	f9,x22	 x22:0xfffffe18  f9=0xc3f40000
     307015.000 ns	     30700	80006614	d01923d3	fcvt.s.wu	f7,x18	 x18:0x7fffffff  f7=0x4f000000
     307035.000 ns	     30702	80006618	55439337	lui	x6,0x55439	  x6=0x55439000
     307075.000 ns	     30706	8000661c	00337b53	fadd.s	f22,f6,f3	  f6:0x4310e2b2  f3:0x00000001 f22=0x4310e2b2
     307095.000 ns	     30708	80006620	c2ef0d13	addi	x26,x30,-978	 x30:0x00000000 x26=0xfffffc2e
     307105.000 ns	     30709	80006624	dff0c797	auipc	x15,0xdff0c	 x15=0x5ff12624
     307125.000 ns	     30711	80006628	29588453	fmin.s	f8,f17,f21	 f17:0x4e9f0000 f21:0x7fc00000  f8=0x4e9f0000
     307165.000 ns	     30715	8000662c	1068f053	fmul.s	f0,f17,f6	 f17:0x4e9f0000  f6:0x4310e2b2  f0=0x5233f99a
     307185.000 ns	     30717	80006630	414bd033	sra	x0,x23,x20	 x23:0x00000100 x20:0x00000100
     307195.000 ns	     30718	80006634	2597fc13	andi	x24,x15,601	 x15:0x5ff12624 x24=0x00000200
     307205.000 ns	     30719	80006638	00286cb3	or	x25,x16,x2	 x16:0x00000000  x2:0x80040fe4 x25=0x80040fe4
     307225.000 ns	     30721	8000663c	c01aa6d3	fcvt.wu.s	x13,f21	 f21:0x7fc00000 x13=0xffffffff
     307275.000 ns	     30726	80006640	018ef5d3	fadd.s	f11,f29,f24	 f29:0x7fffffff f24:0xcf7fffae f11=0x7fc00000
     307305.000 ns	     30729	80006644	03f7abb3	mulhsu	x23,x15,x31	 x15:0x5ff12624 x31:0x00000001 x23=0x00000000
     307335.000 ns	     30732	80006648	d0177853	fcvt.s.wu	f16,x14	 x14:0x7ffffeff f16=0x4efffffd
     307355.000 ns	     30734	8000664c	89443993	sltiu	x19,x8,-1900	  x8:0x00000000 x19=0x00000001
     307385.000 ns	     30737	80006650	112b4053	fmul.s	f0,f22,f18	 f22:0x4310e2b2 f18:0x3f800000  f0=0x4310e2b2
     307435.000 ns	     30742	80006654	08c296d3	fsub.s	f13,f5,f12	  f5:0x4310e2b2 f12:0x00000000 f13=0x4310e2b2
     307775.000 ns	     30776	80006658	180f0bd3	fdiv.s	f23,f30,f0	 f30:0x4ecf05e5  f0:0x4310e2b2 f23=0x4b398001
     307825.000 ns	     30781	8000665c	0903cdd3	fsub.s	f27,f7,f16	  f7:0x4f000000 f16:0x4efffffd f27=0x43800001
     307845.000 ns	     30783	80006660	017d1a13	slli	x20,x26,0x17	 x26:0xfffffc2e x20=0x17000000
     307855.000 ns	     30784	80006664	402552b3	sra	x5,x10,x2	 x10:0x00000001  x2:0x80040fe4  x5=0x00000000
     307865.000 ns	     30785	80006668	0e573993	sltiu	x19,x14,229	 x14:0x7ffffeff x19=0x00000000
     307885.000 ns	     30787	8000666c	f00f0ad3	fmv.w.x	f21,x30	 x30:0x00000000 f21=0x00000000
     307915.000 ns	     30790	80006670	03765fb3	divu	x31,x12,x23	 x12:0x0000003a x23:0x00000000 x31=0xffffffff
     307935.000 ns	     30792	80006674	015580b3	add	x1,x11,x21	 x11:0xf24b5688 x21:0x00000000  x1=0xf24b5688
     307955.000 ns	     30794	80006678	a17d20d3	feq.s	x1,f26,f23	 f26:0x7fc00000 f23:0x4b398001  x1=0x00000000
     307975.000 ns	     30796	8000667c	b3882393	slti	x7,x16,-1224	 x16:0x00000000  x7=0x00000000
     307995.000 ns	     30798	80006680	03136833	rem	x16,x6,x17	  x6:0x55439000 x17:0x00000000 x16=0x55439000
     308035.000 ns	     30802	80006684	11d67853	fmul.s	f16,f12,f29	 f12:0x00000000 f29:0x7fffffff f16=0x7fc00000
     308065.000 ns	     30805	80006688	03cd1f33	mulh	x30,x26,x28	 x26:0xfffffc2e x28:0x80041024 x30=0x000001e8
     308085.000 ns	     30807	8000668c	012e0fb3	add	x31,x28,x18	 x28:0x80041024 x18:0x7fffffff x31=0x00041023
     308105.000 ns	     30809	80006690	c0048753	fcvt.w.s	x14,f9	  f9:0xc3f40000 x14=0xfffffe18
     308125.000 ns	     30811	80006694	006b06b3	add	x13,x22,x6	 x22:0xfffffe18  x6:0x55439000 x13=0x55438e18
     308145.000 ns	     30813	80006698	c01e9d53	fcvt.wu.s	x26,f29	 f29:0x7fffffff x26=0xffffffff
     308165.000 ns	     30815	8000669c	d8982793	slti	x15,x16,-631	 x16:0x55439000 x15=0x00000000
     308185.000 ns	     30817	800066a0	20dd0ad3	fsgnj.s	f21,f26,f13	 f26:0x7fc00000 f13:0x4310e2b2 f21=0x7fc00000
     308215.000 ns	     30820	800066a4	288c8ad3	fmin.s	f21,f25,f8	 f25:0x4f7fffae  f8:0x4e9f0000 f21=0x4e9f0000
     308235.000 ns	     30822	800066a8	99a77a13	andi	x20,x14,-1638	 x14:0xfffffe18 x20=0xfffff818
     308245.000 ns	     30823	800066ac	40565233	sra	x4,x12,x5	 x12:0x0000003a  x5:0x00000000  x4=0x0000003a
     308265.000 ns	     30825	800066b0	03391933	mulh	x18,x18,x19	 x18:0x7fffffff x19:0x00000000 x18=0x00000000
     308295.000 ns	     30828	800066b4	c01b3053	fcvt.wu.s	x0,f22	 f22:0x4310e2b2
     308665.000 ns	     30865	800066b8	03d94033	div	x0,x18,x29	 x18:0x00000000 x29:0x0000021d
     308695.000 ns	     30868	800066bc	d01c72d3	fcvt.s.wu	f5,x24	 x24:0x00000200  f5=0x44000000
     308715.000 ns	     30870	800066c0	90bdf937	lui	x18,0x90bdf	 x18=0x90bdf000
     308735.000 ns	     30872	800066c4	c01b1753	fcvt.wu.s	x14,f22	 f22:0x4310e2b2 x14=0x00000090
     308765.000 ns	     30875	800066c8	a1a21753	flt.s	x14,f4,f26	  f4:0x00000000 f26:0x7fc00000 x14=0x00000000
     309105.000 ns	     30909	800066cc	187b9353	fdiv.s	f6,f23,f7	 f23:0x4b398001  f7:0x4f000000  f6=0x3b398002
     309475.000 ns	     30946	800066d0	03f0d9b3	divu	x19,x1,x31	  x1:0x00000000 x31:0x00041023 x19=0x00000000
     309495.000 ns	     30948	800066d4	00a088b3	add	x17,x1,x10	  x1:0x00000000 x10:0x00000001 x17=0x00000001
     309515.000 ns	     30950	800066d8	a187a8d3	feq.s	x17,f15,f24	 f15:0x7fc00000 f24:0xcf7fffae x17=0x00000000
     309535.000 ns	     30952	800066dc	cfd9ec93	ori	x25,x19,-771	 x19:0x00000000 x25=0xfffffcfd
     309555.000 ns	     30954	800066e0	20a30353	fsgnj.s	f6,f6,f10	  f6:0x3b398002 f10:0x46a40000  f6=0x3b398002
     309575.000 ns	     30956	800066e4	144c1d97	auipc	x27,0x144c1	 x27=0x944c76e4
     309615.000 ns	     30960	800066e8	08f4fc53	fsub.s	f24,f9,f15	  f9:0xc3f40000 f15:0x7fc00000 f24=0x7fc00000
     309655.000 ns	     30964	800066ec	18227253	fdiv.s	f4,f4,f2	  f4:0x00000000  f2:0x7fc00000  f4=0x7fc00000
     309685.000 ns	     30967	800066f0	e00d1ed3	fclass.s	x29,f26	 f26:0x7fc00000 x29=0x00000200
     310055.000 ns	     31004	800066f4	0266f0b3	remu	x1,x13,x6	 x13:0x55438e18  x6:0x55439000  x1=0x55438e18
     310425.000 ns	     31041	800066f8	02b24a33	div	x20,x4,x11	  x4:0x0000003a x11:0xf24b5688 x20=0x00000000
     310445.000 ns	     31043	800066fc	fbfe6d93	ori	x27,x28,-65	 x28:0x80041024 x27=0xffffffbf
     310465.000 ns	     31045	80006700	02550b33	mul	x22,x10,x5	 x10:0x00000001  x5:0x00000000 x22=0x00000000
     310495.000 ns	     31048	80006704	d00cf5d3	fcvt.s.w	f11,x25	 x25:0xfffffcfd f11=0xc440c000
     310525.000 ns	     31051	80006708	03230db3	mul	x27,x6,x18	  x6:0x55439000 x18:0x90bdf000 x27=0xa7000000
     310545.000 ns	     31053	8000670c	927b2913	slti	x18,x22,-1753	 x22:0x00000000 x18=0x00000000
     310555.000 ns	     31054	80006710	013b2833	slt	x16,x22,x19	 x22:0x00000000 x19:0x00000000 x16=0x00000000
     310575.000 ns	     31056	80006714	02b5bb33	mulhu	x22,x11,x11	 x11:0xf24b5688 x11:0xf24b5688 x22=0xe55285c4
     310605.000 ns	     31059	80006718	2174a853	fsgnjx.s	f16,f9,f23	  f9:0xc3f40000 f23:0x4b398001 f16=0xc3f40000
     310635.000 ns	     31062	8000671c	032cf933	remu	x18,x25,x18	 x25:0xfffffcfd x18:0x00000000 x18=0xfffffcfd
     310655.000 ns	     31064	80006720	002b36b3	sltu	x13,x22,x2	 x22:0xe55285c4  x2:0x80040fe4 x13=0x00000000
     310675.000 ns	     31066	80006724	03da1533	mulh	x10,x20,x29	 x20:0x00000000 x29:0x00000200 x10=0x00000000
     310695.000 ns	     31068	80006728	01ea78b3	and	x17,x20,x30	 x20:0x00000000 x30:0x000001e8 x17=0x00000000
     310715.000 ns	     31070	8000672c	02b689b3	mul	x19,x13,x11	 x13:0x00000000 x11:0xf24b5688 x19=0x00000000
     310765.000 ns	     31075	80006730	082e3d53	fsub.s	f26,f28,f2	 f28:0x7fc00000  f2:0x7fc00000 f26=0x7fc00000
     310785.000 ns	     31077	80006734	002e84b3	add	x9,x29,x2	 x29:0x00000200  x2:0x80040fe4  x9=0x800411e4
     310805.000 ns	     31079	80006738	a0032f53	feq.s	x30,f6,f0	  f6:0x3b398002  f0:0x4310e2b2 x30=0x00000000
     310835.000 ns	     31082	8000673c	a0b21d53	flt.s	x26,f4,f11	  f4:0x7fc00000 f11:0xc440c000 x26=0x00000000
     310885.000 ns	     31087	80006740	083d09d3	fsub.s	f19,f26,f3	 f26:0x7fc00000  f3:0x00000001 f19=0x7fc00000
     310915.000 ns	     31090	80006744	e0029d53	fclass.s	x26,f5	  f5:0x44000000 x26=0x00000040
     310935.000 ns	     31092	80006748	eb70fb93	andi	x23,x1,-329	  x1:0x55438e18 x23=0x55438e10
     310955.000 ns	     31094	8000674c	a19ea353	feq.s	x6,f29,f25	 f29:0x7fffffff f25:0x4f7fffae  x6=0x00000000
     310985.000 ns	     31097	80006750	a17aa753	feq.s	x14,f21,f23	 f21:0x4e9f0000 f23:0x4b398001 x14=0x00000000
     311005.000 ns	     31099	80006754	7b39e613	ori	x12,x19,1971	 x19:0x00000000 x12=0x000007b3
     311025.000 ns	     31101	80006758	a0902b53	feq.s	x22,f0,f9	  f0:0x4310e2b2  f9:0xc3f40000 x22=0x00000000
     311055.000 ns	     31104	8000675c	02fb91b3	mulh	x3,x23,x15	 x23:0x55438e10 x15:0x00000000  x3=0x00000000
     311075.000 ns	     31106	80006760	005698b3	sll	x17,x13,x5	 x13:0x00000000  x5:0x00000000 x17=0x00000000
     311435.000 ns	     31142	80006764	02b9d233	divu	x4,x19,x11	 x19:0x00000000 x11:0xf24b5688  x4=0x00000000
     311465.000 ns	     31145	80006768	0203fd33	remu	x26,x7,x0	  x7:0x00000000  x0:0x00000000 x26=0x00000000
     311485.000 ns	     31147	8000676c	00000013	addi	x0,x0,0	  x0:0x00000000
     311495.000 ns	     31148	80006770	01f0dc93	srli	x25,x1,0x1f	  x1:0x55438e18 x25=0x00000000
     311515.000 ns	     31150	80006774	02c73533	mulhu	x10,x14,x12	 x14:0x00000000 x12:0x000007b3 x10=0x00000000
     311545.000 ns	     31153	80006778	03e7e233	rem	x4,x15,x30	 x15:0x00000000 x30:0x00000000  x4=0x00000000
     311575.000 ns	     31156	8000677c	d00d7053	fcvt.s.w	f0,x26	 x26:0x00000000  f0=0x00000000
     311945.000 ns	     31193	80006780	037ec2b3	div	x5,x29,x23	 x29:0x00000200 x23:0x55438e10  x5=0x00000000
     311965.000 ns	     31195	80006784	005918b3	sll	x17,x18,x5	 x18:0xfffffcfd  x5:0x00000000 x17=0xfffffcfd
     311985.000 ns	     31197	80006788	20169e53	fsgnjn.s	f28,f13,f1	 f13:0x4310e2b2  f1:0x5e9effcd f28=0xc310e2b2
     312015.000 ns	     31200	8000678c	03f68ab3	mul	x21,x13,x31	 x13:0x00000000 x31:0x00041023 x21=0x00000000
     312385.000 ns	     31237	80006790	0328c1b3	div	x3,x17,x18	 x17:0xfffffcfd x18:0xfffffcfd  x3=0x00000001
     312415.000 ns	     31240	80006794	d0117bd3	fcvt.s.wu	f23,x2	  x2:0x80040fe4 f23=0x4f00040f
     312455.000 ns	     31244	80006798	1198fed3	fmul.s	f29,f17,f25	 f17:0x4e9f0000 f25:0x4f7fffae f29=0x5e9effcd
     312475.000 ns	     31246	8000679c	00c732b3	sltu	x5,x14,x12	 x14:0x00000000 x12:0x000007b3  x5=0x00000001
     312495.000 ns	     31248	800067a0	a1470fd3	fle.s	x31,f14,f20	 f14:0x4e9f0000 f20:0x7fc00000 x31=0x00000000
     312515.000 ns	     31250	800067a4	01929d93	slli	x27,x5,0x19	  x5:0x00000000 x27=0x02000000
     312525.000 ns	     31251	800067a8	f2316f13	ori	x30,x2,-221	  x2:0x80040fe4 x30=0xffffffe7
     312545.000 ns	     31253	800067ac	0288d933	divu	x18,x17,x8	 x17:0xfffffcfd  x8:0x00000000 x18=0xffffffff
     312575.000 ns	     31256	800067b0	02affd33	remu	x26,x31,x10	 x31:0x00000000 x10:0x00000000 x26=0x00000000
     312605.000 ns	     31259	800067b4	c018fb53	fcvt.wu.s	x22,f17	 f17:0x4e9f0000 x22=0x4f800000
     312625.000 ns	     31261	800067b8	01a760b3	or	x1,x14,x26	 x14:0x00000000 x26:0x00000000  x1=0x00000000
     312635.000 ns	     31262	800067bc	428ae293	ori	x5,x21,1064	 x21:0x00000000  x5=0x00000428
     312645.000 ns	     31263	800067c0	011673b3	and	x7,x12,x17	 x12:0x000007b3 x17:0xfffffcfd  x7=0x000004b1
     312665.000 ns	     31265	800067c4	29e086d3	fmin.s	f13,f1,f30	  f1:0x5e9effcd f30:0x4ecf05e5 f13=0x4ecf05e5
     312695.000 ns	     31268	800067c8	20cb1d53	fsgnjn.s	f26,f22,f12	 f22:0x4310e2b2 f12:0x00000000 f26=0xc310e2b2
     312715.000 ns	     31270	800067cc	01f1a7b3	slt	x15,x3,x31	  x3:0x00000001 x31:0x00000000 x15=0x00000000
     312725.000 ns	     31271	800067d0	016274b3	and	x9,x4,x22	  x4:0x00000000 x22:0x4f800000  x9=0x00000000
     312745.000 ns	     31273	800067d4	20452853	fsgnjx.s	f16,f10,f4	 f10:0x46a40000  f4:0x7fc00000 f16=0x46a40000
     312765.000 ns	     31275	800067d8	a3e13a13	sltiu	x20,x2,-1474	  x2:0x80040fe4 x20=0x00000001
     312785.000 ns	     31277	800067dc	d01c7fd3	fcvt.s.wu	f31,x24	 x24:0x00000200 f31=0x44000000
     312805.000 ns	     31279	800067e0	00f288b3	add	x17,x5,x15	  x5:0x00000428 x15:0x00000000 x17=0x00000428
     312815.000 ns	     31280	800067e4	41af51b3	sra	x3,x30,x26	 x30:0xffffffe7 x26:0x00000000  x3=0xffffffe7
     312825.000 ns	     31281	800067e8	79520813	addi	x16,x4,1941	  x4:0x00000000 x16=0x00000795
     312845.000 ns	     31283	800067ec	0228b1b3	mulhu	x3,x17,x2	 x17:0x00000428  x2:0x80040fe4  x3=0x00000214
     313215.000 ns	     31320	800067f0	0383d733	divu	x14,x7,x24	  x7:0x000004b1 x24:0x00000200 x14=0x00000002
     313235.000 ns	     31322	800067f4	3be33393	sltiu	x7,x6,958	  x6:0x00000000  x7=0x00000001
     313255.000 ns	     31324	800067f8	e0010d53	fmv.x.w	x26,f2	  f2:0x7fc00000 x26=0x7fc00000
     313285.000 ns	     31327	800067fc	030aaab3	mulhsu	x21,x21,x16	 x21:0x00000000 x16:0x00000795 x21=0x00000000
     313315.000 ns	     31330	80006800	032434b3	mulhu	x9,x8,x18	  x8:0x00000000 x18:0xffffffff  x9=0x00000000
     313335.000 ns	     31332	80006804	4051dc33	sra	x24,x3,x5	  x3:0x00000214  x5:0x00000428 x24=0x00000002
     313345.000 ns	     31333	80006808	6fa9d817	auipc	x16,0x6fa9d	 x16=0xefaa3808
     313365.000 ns	     31335	8000680c	21cc8a53	fsgnj.s	f20,f25,f28	 f25:0x4f7fffae f28:0xc310e2b2 f20=0xcf7fffae
     313395.000 ns	     31338	80006810	29748953	fmin.s	f18,f9,f23	  f9:0xc3f40000 f23:0x4f00040f f18=0xc3f40000
     313425.000 ns	     31341	80006814	e00617d3	fclass.s	x15,f12	 f12:0x00000000 x15=0x00000010
     313475.000 ns	     31346	80006818	009ef753	fadd.s	f14,f29,f9	 f29:0x5e9effcd  f9:0xc3f40000 f14=0x5e9effcd
     313505.000 ns	     31349	8000681c	e00a8b53	fmv.x.w	x22,f21	 f21:0x4e9f0000 x22=0x4e9f0000
     313545.000 ns	     31353	80006820	1054fd53	fmul.s	f26,f9,f5	  f9:0xc3f40000  f5:0x44000000 f26=0xc8740000
     313575.000 ns	     31356	80006824	03c52533	mulhsu	x10,x10,x28	 x10:0x00000000 x28:0x80041024 x10=0x00000000
     313595.000 ns	     31358	80006828	00b2da13	srli	x20,x5,0xb	  x5:0x00000428 x20=0x00000000
     313605.000 ns	     31359	8000682c	414a0833	sub	x16,x20,x20	 x20:0x00000001 x20:0x00000001 x16=0x00000000
     313635.000 ns	     31362	80006830	580074d3	fsqrt.s	f9,f0	  f0:0x00000000  f9=0x00000000
     313655.000 ns	     31364	80006834	403a0ab3	sub	x21,x20,x3	 x20:0x00000000  x3:0x00000214 x21=0xfffffdec
     313675.000 ns	     31366	80006838	298916d3	fmax.s	f13,f18,f24	 f18:0xc3f40000 f24:0x7fc00000 f13=0xc3f40000
     313705.000 ns	     31369	8000683c	03201533	mulh	x10,x0,x18	  x0:0x00000000 x18:0xffffffff x10=0x00000000
     313725.000 ns	     31371	80006840	00ffa333	slt	x6,x31,x15	 x31:0x00000000 x15:0x00000010  x6=0x00000001
     314775.000 ns	     31476	80006844	5803fad3	fsqrt.s	f21,f7	  f7:0x4f000000 f21=0x46b50482
     314795.000 ns	     31478	80006848	01f9b3b3	sltu	x7,x19,x31	 x19:0x00000000 x31:0x00000000  x7=0x00000000
     314815.000 ns	     31480	8000684c	c0007bd3	fcvt.w.s	x23,f0	  f0:0x00000000 x23=0x00000000
     314865.000 ns	     31485	80006850	08f372d3	fsub.s	f5,f6,f15	  f6:0x3b398002 f15:0x7fc00000  f5=0x7fc00000
     314895.000 ns	     31488	80006854	e00f9453	fclass.s	x8,f31	 f31:0x44000000  x8=0x00000040
     314915.000 ns	     31490	80006858	00495093	srli	x1,x18,0x4	 x18:0xffffffff  x1=0x0fffffff
     314925.000 ns	     31491	8000685c	0028f333	and	x6,x17,x2	 x17:0x00000428  x2:0x80040fe4  x6=0x00000420
     314935.000 ns	     31492	80006860	41598233	sub	x4,x19,x21	 x19:0x00000000 x21:0xfffffdec  x4=0x00000214
     314965.000 ns	     31495	80006864	18598953	fdiv.s	f18,f19,f5	 f19:0x7fc00000  f5:0x7fc00000 f18=0x7fc00000
     314985.000 ns	     31497	80006868	0022cab3	xor	x21,x5,x2	  x5:0x00000428  x2:0x80040fe4 x21=0x80040bcc
     315005.000 ns	     31499	8000686c	2176ab53	fsgnjx.s	f22,f13,f23	 f13:0xc3f40000 f23:0x4f00040f f22=0xc3f40000
     315045.000 ns	     31503	80006870	580e7bd3	fsqrt.s	f23,f28	 f28:0xc310e2b2 f23=0x7fc00000
     315065.000 ns	     31505	80006874	5f314913	xori	x18,x2,1523	  x2:0x80040fe4 x18=0x80040a17
     315075.000 ns	     31506	80006878	00d4f8b3	and	x17,x9,x13	  x9:0x00000000 x13:0x00000000 x17=0x00000000
     315085.000 ns	     31507	8000687c	41008a33	sub	x20,x1,x16	  x1:0x0fffffff x16:0x00000000 x20=0x0fffffff
     315095.000 ns	     31508	80006880	01db83b3	add	x7,x23,x29	 x23:0x00000000 x29:0x00000200  x7=0x00000200
     315105.000 ns	     31509	80006884	00c23833	sltu	x16,x4,x12	  x4:0x00000214 x12:0x000007b3 x16=0x00000001
     315135.000 ns	     31512	80006888	11a9f553	fmul.s	f10,f19,f26	 f19:0x7fc00000 f26:0xc8740000 f10=0x7fc00000
     315175.000 ns	     31516	8000688c	104fb653	fmul.s	f12,f31,f4	 f31:0x44000000  f4:0x7fc00000 f12=0x7fc00000
     315195.000 ns	     31518	80006890	679c8b13	addi	x22,x25,1657	 x25:0x00000000 x22=0x00000679
     315205.000 ns	     31519	80006894	5f0fb313	sltiu	x6,x31,1520	 x31:0x00000000  x6=0x00000001
     315225.000 ns	     31521	80006898	c01eafd3	fcvt.wu.s	x31,f29	 f29:0x5e9effcd x31=0xffffffff
     315245.000 ns	     31523	8000689c	253f2a13	slti	x20,x30,595	 x30:0xffffffe7 x20=0x00000001
     315265.000 ns	     31525	800068a0	d005c6d3	fcvt.s.w	f13,x11	 x11:0xf24b5688 f13=0xcd5b4a98
     315295.000 ns	     31528	800068a4	2053a353	fsgnjx.s	f6,f7,f5	  f7:0x4f000000  f5:0x7fc00000  f6=0x4f000000
     315325.000 ns	     31531	800068a8	a0b32f53	feq.s	x30,f6,f11	  f6:0x3b398002 f11:0xc440c000 x30=0x00000000
     315345.000 ns	     31533	800068ac	7a63cd13	xori	x26,x7,1958	  x7:0x00000200 x26=0x000005a6
     315355.000 ns	     31534	800068b0	01e96cb3	or	x25,x18,x30	 x18:0x80040a17 x30:0x00000000 x25=0x80040a17
     315365.000 ns	     31535	800068b4	8d596c93	ori	x25,x18,-1835	 x18:0x80040a17 x25=0xfffffad7
     315385.000 ns	     31537	800068b8	e0059553	fclass.s	x10,f11	 f11:0xc440c000 x10=0x00000002
     315405.000 ns	     31539	800068bc	00af38b3	sltu	x17,x30,x10	 x30:0x00000000 x10:0x00000000 x17=0x00000001
     315415.000 ns	     31540	800068c0	00ecdb13	srli	x22,x25,0xe	 x25:0xfffffad7 x22=0x0003ffff
     315435.000 ns	     31542	800068c4	e0089d53	fclass.s	x26,f17	 f17:0x4e9f0000 x26=0x00000040
     315455.000 ns	     31544	800068c8	40a0dab3	sra	x21,x1,x10	  x1:0x0fffffff x10:0x00000002 x21=0x03ffffff
     315465.000 ns	     31545	800068cc	010f9213	slli	x4,x31,0x10	 x31:0xffffffff  x4=0xffff0000
     315795.000 ns	     31578	800068d0	186876d3	fdiv.s	f13,f16,f6	 f16:0x46a40000  f6:0x4f000000 f13=0x36a40000
     315825.000 ns	     31581	800068d4	f0048d53	fmv.w.x	f26,x9	  x9:0x00000000 f26=0x00000000
     316195.000 ns	     31618	800068d8	02e4fd33	remu	x26,x9,x14	  x9:0x00000000 x14:0x00000002 x26=0x00000000
     316245.000 ns	     31623	800068dc	017272d3	fadd.s	f5,f4,f23	  f4:0x7fc00000 f23:0x7fc00000  f5=0x7fc00000
     316275.000 ns	     31626	800068e0	28db8b53	fmin.s	f22,f23,f13	 f23:0x7fc00000 f13:0x36a40000 f22=0x36a40000
     316305.000 ns	     31629	800068e4	0370e433	rem	x8,x1,x23	  x1:0x0fffffff x23:0x00000000  x8=0x0fffffff
     316335.000 ns	     31632	800068e8	e0090353	fmv.x.w	x6,f18	 f18:0x7fc00000  x6=0x7fc00000
     316365.000 ns	     31635	800068ec	a14e8253	fle.s	x4,f29,f20	 f29:0x5e9effcd f20:0xcf7fffae  x4=0x00000000
     316395.000 ns	     31638	800068f0	02083933	mulhu	x18,x16,x0	 x16:0x00000001  x0:0x00000000 x18=0x00000000
     316415.000 ns	     31640	800068f4	00c12933	slt	x18,x2,x12	  x2:0x80040fe4 x12:0x000007b3 x18=0x00000001
     316445.000 ns	     31643	800068f8	11a685d3	fmul.s	f11,f13,f26	 f13:0x36a40000 f26:0x00000000 f11=0x00000000
     316465.000 ns	     31645	800068fc	01879c33	sll	x24,x15,x24	 x15:0x00000010 x24:0x00000002 x24=0x00000040
     316475.000 ns	     31646	80006900	01249613	slli	x12,x9,0x12	  x9:0x00000000 x12=0x00000000
     316485.000 ns	     31647	80006904	1bd20d93	addi	x27,x4,445	  x4:0x00000000 x27=0x000001bd
     316505.000 ns	     31649	80006908	d0147753	fcvt.s.wu	f14,x8	  x8:0x0fffffff f14=0x4d7fffff
     316555.000 ns	     31654	8000690c	00517f53	fadd.s	f30,f2,f5	  f2:0x7fc00000  f5:0x7fc00000 f30=0x7fc00000
     316575.000 ns	     31656	80006910	4155db93	srai	x23,x11,0x15	 x11:0xf24b5688 x23=0xffffff92
     316935.000 ns	     31692	80006914	02115233	divu	x4,x2,x1	  x2:0x80040fe4  x1:0x0fffffff  x4=0x00000008
     316955.000 ns	     31694	80006918	2f642637	lui	x12,0x2f642	 x12=0x2f642000
     316965.000 ns	     31695	8000691c	f76f4c13	xori	x24,x30,-138	 x30:0x00000000 x24=0xffffff76
     316975.000 ns	     31696	80006920	00cea833	slt	x16,x29,x12	 x29:0x00000200 x12:0x00000000 x16=0x00000001
     316985.000 ns	     31697	80006924	949c43b7	lui	x7,0x949c4	  x7=0x949c4000
     317025.000 ns	     31701	80006928	01e922d3	fadd.s	f5,f18,f30	 f18:0x7fc00000 f30:0x7fc00000  f5=0x7fc00000
     317045.000 ns	     31703	8000692c	2aee7293	andi	x5,x28,686	 x28:0x80041024  x5=0x00000024
     317065.000 ns	     31705	80006930	e00a9053	fclass.s	x0,f21	 f21:0x46b50482
     317105.000 ns	     31709	80006934	10d240d3	fmul.s	f1,f4,f13	  f4:0x7fc00000 f13:0x36a40000  f1=0x7fc00000
     317135.000 ns	     31712	80006938	d00c75d3	fcvt.s.w	f11,x24	 x24:0xffffff76 f11=0xc30a0000
     317155.000 ns	     31714	8000693c	00000013	addi	x0,x0,0	  x0:0x00000000
     317165.000 ns	     31715	80006940	6555ff37	lui	x30,0x6555f	 x30=0x6555f000
     317175.000 ns	     31716	80006944	41a187b3	sub	x15,x3,x26	  x3:0x00000214 x26:0x00000000 x15=0x00000214
     317205.000 ns	     31719	80006948	1044b653	fmul.s	f12,f9,f4	  f9:0x00000000  f4:0x7fc00000 f12=0x7fc00000
     317225.000 ns	     31721	8000694c	cbb9d3b7	lui	x7,0xcbb9d	  x7=0xcbb9d000
     317245.000 ns	     31723	80006950	e00d8253	fmv.x.w	x4,f27	 f27:0x43800001  x4=0x43800001
     317295.000 ns	     31728	80006954	08952353	fsub.s	f6,f10,f9	 f10:0x7fc00000  f9:0x00000000  f6=0x7fc00000
     317315.000 ns	     31730	80006958	012b9fb3	sll	x31,x23,x18	 x23:0xffffff92 x18:0x00000001 x31=0xffffff24
     317325.000 ns	     31731	8000695c	00fee8b3	or	x17,x29,x15	 x29:0x00000200 x15:0x00000214 x17=0x00000214
     317345.000 ns	     31733	80006960	a1bfafd3	feq.s	x31,f31,f27	 f31:0x44000000 f27:0x43800001 x31=0x00000000
     317365.000 ns	     31735	80006964	00000013	addi	x0,x0,0	  x0:0x00000000
     317385.000 ns	     31737	80006968	c002f7d3	fcvt.w.s	x15,f5	  f5:0x7fc00000 x15=0x7fffffff
     317405.000 ns	     31739	8000696c	018e2a33	slt	x20,x28,x24	 x28:0x80041024 x24:0xffffff76 x20=0x00000001
     317435.000 ns	     31742	80006970	11baff53	fmul.s	f30,f21,f27	 f21:0x46b50482 f27:0x43800001 f30=0x4ab50484
     317465.000 ns	     31745	80006974	a02e1753	flt.s	x14,f28,f2	 f28:0xc310e2b2  f2:0x7fc00000 x14=0x00000000
     317485.000 ns	     31747	80006978	bc5a6c93	ori	x25,x20,-1083	 x20:0x00000001 x25=0xfffffbc5
     317495.000 ns	     31748	8000697c	01abd033	srl	x0,x23,x26	 x23:0xffffff92 x26:0x00000000
     317535.000 ns	     31752	80006980	0012fd53	fadd.s	f26,f5,f1	  f5:0x7fc00000  f1:0x7fc00000 f26=0x7fc00000
     317555.000 ns	     31754	80006984	01ce99b3	sll	x19,x29,x28	 x29:0x00000200 x28:0x80041024 x19=0x00002000
     317565.000 ns	     31755	80006988	2db23013	sltiu	x0,x4,731	  x4:0x43800001
     317585.000 ns	     31757	8000698c	20670553	fsgnj.s	f10,f14,f6	 f14:0x4d7fffff  f6:0x7fc00000 f10=0x4d7fffff
     317615.000 ns	     31760	80006990	a0f48ad3	fle.s	x21,f9,f15	  f9:0x00000000 f15:0x7fc00000 x21=0x00000000
     317665.000 ns	     31765	80006994	0955bb53	fsub.s	f22,f11,f21	 f11:0xc30a0000 f21:0x46b50482 f22=0xc6b61882
     317685.000 ns	     31767	80006998	009a7b33	and	x22,x20,x9	 x20:0x00000001  x9:0x00000000 x22=0x00000000
     317695.000 ns	     31768	8000699c	00e847b3	xor	x15,x16,x14	 x16:0x00000001 x14:0x00000000 x15=0x00000001
     317705.000 ns	     31769	800069a0	cde3b393	sltiu	x7,x7,-802	  x7:0xcbb9d000  x7=0x00000001
     317725.000 ns	     31771	800069a4	03d90a33	mul	x20,x18,x29	 x18:0x00000001 x29:0x00000200 x20=0x00000200
     317745.000 ns	     31773	800069a8	00e46bb3	or	x23,x8,x14	  x8:0x0fffffff x14:0x00000000 x23=0x0fffffff
     317765.000 ns	     31775	800069ac	a0c72853	feq.s	x16,f14,f12	 f14:0x4d7fffff f12:0x7fc00000 x16=0x00000000
     317795.000 ns	     31778	800069b0	028b9bb3	mulh	x23,x23,x8	 x23:0xffffff92  x8:0x0fffffff x23=0x00ffffff
     317815.000 ns	     31780	800069b4	8bd98c37	lui	x24,0x8bd98	 x24=0x8bd98000
     318985.000 ns	     31897	800069b8	5803f653	fsqrt.s	f12,f7	  f7:0x4f000000 f12=0x46b50482
     319015.000 ns	     31900	800069bc	289b87d3	fmin.s	f15,f23,f9	 f23:0x7fc00000  f9:0x00000000 f15=0x00000000
     319045.000 ns	     31903	800069c0	29b89353	fmax.s	f6,f17,f27	 f17:0x4e9f0000 f27:0x43800001  f6=0x4e9f0000
     319075.000 ns	     31906	800069c4	a04a8ad3	fle.s	x21,f21,f4	 f21:0x46b50482  f4:0x7fc00000 x21=0x00000000
     319105.000 ns	     31909	800069c8	29dc80d3	fmin.s	f1,f25,f29	 f25:0x4f7fffae f29:0x5e9effcd  f1=0x4f7fffae
     319125.000 ns	     31911	800069cc	0e800693	addi	x13,x0,232	  x0:0x00000000 x13=0x000000e8
     319145.000 ns	     31913	800069d0	f0058b53	fmv.w.x	f22,x11	 x11:0xf24b5688 f22=0xf24b5688
     319165.000 ns	     31915	800069d4	40f30f33	sub	x30,x6,x15	  x6:0x7fc00000 x15:0x00000001 x30=0x7fbfffff
     319175.000 ns	     31916	800069d8	00472433	slt	x8,x14,x4	 x14:0x00000000  x4:0x43800001  x8=0x00000001
     319195.000 ns	     31918	800069dc	e0030053	fmv.x.w	x0,f6	  f6:0x4e9f0000
     319215.000 ns	     31920	800069e0	00225713	srli	x14,x4,0x2	  x4:0x43800001 x14=0x10e00000
     319235.000 ns	     31922	800069e4	29bd8dd3	fmin.s	f27,f27,f27	 f27:0x43800001 f27:0x43800001 f27=0x43800001
     319575.000 ns	     31956	800069e8	19072153	fdiv.s	f2,f14,f16	 f14:0x4d7fffff f16:0x46a40000  f2=0x460e47f2
     319595.000 ns	     31958	800069ec	0098d913	srli	x18,x17,0x9	 x17:0x00000214 x18=0x00000001
     319615.000 ns	     31960	800069f0	03572bb3	mulhsu	x23,x14,x21	 x14:0x10e00000 x21:0x00000000 x23=0x00000000
     319635.000 ns	     31962	800069f4	4a89c493	xori	x9,x19,1192	 x19:0x00002000  x9=0x000024a8
     319675.000 ns	     31966	800069f8	094ff853	fsub.s	f16,f31,f20	 f31:0x44000000 f20:0xcf7fffae f16=0x4f7fffb0
     319705.000 ns	     31969	800069fc	28848853	fmin.s	f16,f9,f8	  f9:0x00000000  f8:0x4e9f0000 f16=0x00000000
     319735.000 ns	     31972	80006a00	e00c0b53	fmv.x.w	x22,f24	 f24:0x7fc00000 x22=0x7fc00000
     319785.000 ns	     31977	80006a04	08877dd3	fsub.s	f27,f14,f8	 f14:0x4d7fffff  f8:0x4e9f0000 f27=0xce7e0000
     319815.000 ns	     31980	80006a08	d0052353	fcvt.s.w	f6,x10	 x10:0x00000002  f6=0x40000000
     319835.000 ns	     31982	80006a0c	41dfdf33	sra	x30,x31,x29	 x31:0x00000000 x29:0x00000200 x30=0x00000000
     319855.000 ns	     31984	80006a10	a005a0d3	feq.s	x1,f11,f0	 f11:0xc30a0000  f0:0x00000000  x1=0x00000000
     319885.000 ns	     31987	80006a14	29cf8bd3	fmin.s	f23,f31,f28	 f31:0x44000000 f28:0xc310e2b2 f23=0xc310e2b2
     319905.000 ns	     31989	80006a18	00ab5493	srli	x9,x22,0xa	 x22:0x7fc00000  x9=0x001ff000
     319915.000 ns	     31990	80006a1c	00ea6fb3	or	x31,x20,x14	 x20:0x00000200 x14:0x10e00000 x31=0x10e00200
     319935.000 ns	     31992	80006a20	213a0dd3	fsgnj.s	f27,f20,f19	 f20:0xcf7fffae f19:0x7fc00000 f27=0x4f7fffae
     319955.000 ns	     31994	80006a24	007186b3	add	x13,x3,x7	  x3:0x00000214  x7:0x00000001 x13=0x00000215
     319975.000 ns	     31996	80006a28	c00509d3	fcvt.w.s	x19,f10	 f10:0x4d7fffff x19=0x0ffffff0
     320005.000 ns	     31999	80006a2c	e00e0dd3	fmv.x.w	x27,f28	 f28:0xc310e2b2 x27=0xc310e2b2
     320025.000 ns	     32001	80006a30	012926b3	slt	x13,x18,x18	 x18:0x00000001 x18:0x00000001 x13=0x00000000
     320045.000 ns	     32003	80006a34	0319bf33	mulhu	x30,x19,x17	 x19:0x0ffffff0 x17:0x00000214 x30=0x00000021
     320075.000 ns	     32006	80006a38	e00208d3	fmv.x.w	x17,f4	  f4:0x7fc00000 x17=0x7fc00000
     320105.000 ns	     32009	80006a3c	a08a9453	flt.s	x8,f21,f8	 f21:0x46b50482  f8:0x4e9f0000  x8=0x00000001
     320125.000 ns	     32011	80006a40	41a459b3	sra	x19,x8,x26	  x8:0x00000001 x26:0x00000000 x19=0x00000001
     321295.000 ns	     32128	80006a44	58042053	fsqrt.s	f0,f8	  f8:0x4e9f0000  f0=0x470ea8e3
     321335.000 ns	     32132	80006a48	19a673d3	fdiv.s	f7,f12,f26	 f12:0x46b50482 f26:0x7fc00000  f7=0x7fc00000
     321365.000 ns	     32135	80006a4c	03690c33	mul	x24,x18,x22	 x18:0x00000001 x22:0x7fc00000 x24=0x7fc00000
     321395.000 ns	     32138	80006a50	f0000bd3	fmv.w.x	f23,x0	  x0:0x00000000 f23=0x00000000
     321415.000 ns	     32140	80006a54	00f0d313	srli	x6,x1,0xf	  x1:0x00000000  x6=0x00000000
     321455.000 ns	     32144	80006a58	0908b253	fsub.s	f4,f17,f16	 f17:0x4e9f0000 f16:0x00000000  f4=0x4e9f0000
     321485.000 ns	     32147	80006a5c	c00ef453	fcvt.w.s	x8,f29	 f29:0x5e9effcd  x8=0x7fffffff
     321505.000 ns	     32149	80006a60	aaf30493	addi	x9,x6,-1361	  x6:0x00000000  x9=0xfffffaaf
     321515.000 ns	     32150	80006a64	010790b3	sll	x1,x15,x16	 x15:0x00000001 x16:0x00000000  x1=0x00000001
     321525.000 ns	     32151	80006a68	404f0db3	sub	x27,x30,x4	 x30:0x00000021  x4:0x43800001 x27=0xbc800020
     321535.000 ns	     32152	80006a6c	00115e93	srli	x29,x2,0x1	  x2:0x80040fe4 x29=0x400207f2
     321555.000 ns	     32154	80006a70	21cc8a53	fsgnj.s	f20,f25,f28	 f25:0x4f7fffae f28:0xc310e2b2 f20=0xcf7fffae
     321585.000 ns	     32157	80006a74	03943d33	mulhu	x26,x8,x25	  x8:0x7fffffff x25:0xfffffbc5 x26=0x7ffffde1
     321605.000 ns	     32159	80006a78	00e05213	srli	x4,x0,0xe	  x0:0x00000000  x4=0x00000000
     321625.000 ns	     32161	80006a7c	291184d3	fmin.s	f9,f3,f17	  f3:0x00000001 f17:0x4e9f0000  f9=0x00000001
     321645.000 ns	     32163	80006a80	b11ce397	auipc	x7,0xb11ce	  x7=0x311d4a80
     321655.000 ns	     32164	80006a84	409cd033	sra	x0,x25,x9	 x25:0xfffffbc5  x9:0xfffffaaf
     321675.000 ns	     32166	80006a88	a13b8dd3	fle.s	x27,f23,f19	 f23:0x00000000 f19:0x7fc00000 x27=0x00000000
     322045.000 ns	     32203	80006a8c	033b68b3	rem	x17,x22,x19	 x22:0x7fc00000 x19:0x00000001 x17=0x00000000
     322065.000 ns	     32205	80006a90	0014d813	srli	x16,x9,0x1	  x9:0xfffffaaf x16=0x7ffffd57
     323235.000 ns	     32322	80006a94	5804a353	fsqrt.s	f6,f9	  f9:0x00000001  f6=0x1f350483
     323265.000 ns	     32325	80006a98	d011b153	fcvt.s.wu	f2,x3	  x3:0x00000214  f2=0x44050000
     323285.000 ns	     32327	80006a9c	01156b33	or	x22,x10,x17	 x10:0x00000002 x17:0x00000000 x22=0x00000002
     323295.000 ns	     32328	80006aa0	12a4e797	auipc	x15,0x12a4e	 x15=0x92a54aa0
     323315.000 ns	     32330	80006aa4	029f0633	mul	x12,x30,x9	 x30:0x00000021  x9:0xfffffaaf x12=0xffff508f
     323345.000 ns	     32333	80006aa8	295402d3	fmin.s	f5,f8,f21	  f8:0x4e9f0000 f21:0x46b50482  f5=0x46b50482
     323385.000 ns	     32337	80006aac	11b32c53	fmul.s	f24,f6,f27	  f6:0x1f350483 f27:0x4f7fffae f24=0x2f350449
     323415.000 ns	     32340	80006ab0	037068b3	rem	x17,x0,x23	  x0:0x00000000 x23:0x00000000 x17=0x00000000
     323455.000 ns	     32344	80006ab4	198978d3	fdiv.s	f17,f18,f24	 f18:0x7fc00000 f24:0x2f350449 f17=0x7fc00000
     323505.000 ns	     32349	80006ab8	01977f53	fadd.s	f30,f14,f25	 f14:0x4d7fffff f25:0x4f7fffae f30=0x4f87ffd6
     323525.000 ns	     32351	80006abc	2e58f693	andi	x13,x17,741	 x17:0x00000000 x13=0x00000000
     323535.000 ns	     32352	80006ac0	68d7f893	andi	x17,x15,1677	 x15:0x92a54aa0 x17=0x00000280
     323895.000 ns	     32388	80006ac4	0321feb3	remu	x29,x3,x18	  x3:0x00000214 x18:0x00000001 x29=0x00000000
     323915.000 ns	     32390	80006ac8	cc96b693	sltiu	x13,x13,-823	 x13:0x00000000 x13=0x00000001
     323935.000 ns	     32392	80006acc	202b9ad3	fsgnjn.s	f21,f23,f2	 f23:0x00000000  f2:0x44050000 f21=0x80000000
     323965.000 ns	     32395	80006ad0	a1771853	flt.s	x16,f14,f23	 f14:0x4d7fffff f23:0x00000000 x16=0x00000000
     324015.000 ns	     32400	80006ad4	013a17d3	fadd.s	f15,f20,f19	 f20:0xcf7fffae f19:0x7fc00000 f15=0x7fc00000
     324065.000 ns	     32405	80006ad8	0963c5d3	fsub.s	f11,f7,f22	  f7:0x7fc00000 f22:0xf24b5688 f11=0x7fc00000
     324095.000 ns	     32408	80006adc	a122a4d3	feq.s	x9,f5,f18	  f5:0x46b50482 f18:0x7fc00000  x9=0x00000000
     324125.000 ns	     32411	80006ae0	29288dd3	fmin.s	f27,f17,f18	 f17:0x7fc00000 f18:0x7fc00000 f27=0x7fc00000
     324155.000 ns	     32414	80006ae4	03508233	mul	x4,x1,x21	  x1:0x00000001 x21:0x00000000  x4=0x00000000
     324185.000 ns	     32417	80006ae8	a097a253	feq.s	x4,f15,f9	 f15:0x7fc00000  f9:0x00000001  x4=0x00000000
     324215.000 ns	     32420	80006aec	d01b48d3	fcvt.s.wu	f17,x22	 x22:0x00000002 f17=0x40000000
     324235.000 ns	     32422	80006af0	01acde93	srli	x29,x25,0x1a	 x25:0xfffffbc5 x29=0x0000003f
     324265.000 ns	     32425	80006af4	10137a53	fmul.s	f20,f6,f1	  f6:0x1f350483  f1:0x4f7fffae f20=0x2f350449
     324285.000 ns	     32427	80006af8	64803093	sltiu	x1,x0,1608	  x0:0x00000000  x1=0x00000001
     324315.000 ns	     32430	80006afc	580e7e53	fsqrt.s	f28,f28	 f28:0xc310e2b2 f28=0x7fc00000
     324345.000 ns	     32433	80006b00	297902d3	fmin.s	f5,f18,f23	 f18:0x7fc00000 f23:0x00000000  f5=0x00000000
     324375.000 ns	     32436	80006b04	03a0a3b3	mulhsu	x7,x1,x26	  x1:0x00000001 x26:0x7ffffde1  x7=0x00000000
     324405.000 ns	     32439	80006b08	037defb3	rem	x31,x27,x23	 x27:0x00000000 x23:0x00000000 x31=0x00000000
     324425.000 ns	     32441	80006b0c	00000013	addi	x0,x0,0	  x0:0x00000000
     324435.000 ns	     32442	80006b10	00fe88b3	add	x17,x29,x15	 x29:0x0000003f x15:0x92a54aa0 x17=0x92a54adf
     324475.000 ns	     32446	80006b14	096371d3	fsub.s	f3,f6,f22	  f6:0x1f350483 f22:0xf24b5688  f3=0x724b5688
     324505.000 ns	     32449	80006b18	a16b9ed3	flt.s	x29,f23,f22	 f23:0x00000000 f22:0xf24b5688 x29=0x00000000
     324525.000 ns	     32451	80006b1c	01e460b3	or	x1,x8,x30	  x8:0x7fffffff x30:0x00000021  x1=0x7fffffff
     324545.000 ns	     32453	80006b20	f00c8f53	fmv.w.x	f30,x25	 x25:0xfffffbc5 f30=0xfffffbc5
     324575.000 ns	     32456	80006b24	e0041353	fclass.s	x6,f8	  f8:0x4e9f0000  x6=0x00000040
     324605.000 ns	     32459	80006b28	d01f0353	fcvt.s.wu	f6,x30	 x30:0x00000021  f6=0x42040000
     324635.000 ns	     32462	80006b2c	212d8ad3	fsgnj.s	f21,f27,f18	 f27:0x7fc00000 f18:0x7fc00000 f21=0x7fc00000
     324655.000 ns	     32464	80006b30	00d03a33	sltu	x20,x0,x13	  x0:0x00000000 x13:0x00000001 x20=0x00000001
     324685.000 ns	     32467	80006b34	580e1853	fsqrt.s	f16,f28	 f28:0x7fc00000 f16=0x7fc00000
     324705.000 ns	     32469	80006b38	b0088493	addi	x9,x17,-1280	 x17:0x92a54adf  x9=0x92a545df
     324715.000 ns	     32470	80006b3c	01f2bab3	sltu	x21,x5,x31	  x5:0x00000024 x31:0x00000000 x21=0x00000000
     325825.000 ns	     32581	80006b40	580177d3	fsqrt.s	f15,f2	  f2:0x44050000 f15=0x413c16a0
     325845.000 ns	     32583	80006b44	00703b33	sltu	x22,x0,x7	  x0:0x00000000  x7:0x00000000 x22=0x00000000
     325855.000 ns	     32584	80006b48	00561c93	slli	x25,x12,0x5	 x12:0xffff508f x25=0xffea11e0
     325865.000 ns	     32585	80006b4c	4082cf13	xori	x30,x5,1032	  x5:0x00000024 x30=0x0000042c
     325875.000 ns	     32586	80006b50	1c293613	sltiu	x12,x18,450	 x18:0x00000001 x12=0x00000001
     325885.000 ns	     32587	80006b54	01080b33	add	x22,x16,x16	 x16:0x00000000 x16:0x00000000 x22=0x00000000
     325905.000 ns	     32589	80006b58	d006fcd3	fcvt.s.w	f25,x13	 x13:0x00000001 f25=0x3f800000
     325935.000 ns	     32592	80006b5c	d01e0353	fcvt.s.wu	f6,x28	 x28:0x80041024  f6=0x4f000410
     325965.000 ns	     32595	80006b60	d00bbe53	fcvt.s.w	f28,x23	 x23:0x00000000 f28=0x00000000
     325985.000 ns	     32597	80006b64	2c343213	sltiu	x4,x8,707	  x8:0x7fffffff  x4=0x00000000
     326005.000 ns	     32599	80006b68	d00a9b53	fcvt.s.w	f22,x21	 x21:0x00000000 f22=0x00000000
     326035.000 ns	     32602	80006b6c	d010b7d3	fcvt.s.wu	f15,x1	  x1:0x7fffffff f15=0x4f000000
     326055.000 ns	     32604	80006b70	7e94c913	xori	x18,x9,2025	  x9:0x92a545df x18=0x92a54236
     326075.000 ns	     32606	80006b74	e00a9453	fclass.s	x8,f21	 f21:0x7fc00000  x8=0x00000200
     326095.000 ns	     32608	80006b78	014529b3	slt	x19,x10,x20	 x10:0x00000002 x20:0x00000001 x19=0x00000000
     326105.000 ns	     32609	80006b7c	01f0d913	srli	x18,x1,0x1f	  x1:0x7fffffff x18=0x00000000
     326115.000 ns	     32610	80006b80	40bd5093	srai	x1,x26,0xb	 x26:0x7ffffde1  x1=0x000fffff
     326135.000 ns	     32612	80006b84	20250a53	fsgnj.s	f20,f10,f2	 f10:0x4d7fffff  f2:0x44050000 f20=0x4d7fffff
     326175.000 ns	     32616	80006b88	103bffd3	fmul.s	f31,f23,f3	 f23:0x00000000  f3:0x724b5688 f31=0x00000000
     326195.000 ns	     32618	80006b8c	41678c33	sub	x24,x15,x22	 x15:0x92a54aa0 x22:0x00000000 x24=0x92a54aa0
     326215.000 ns	     32620	80006b90	e00e87d3	fmv.x.w	x15,f29	 f29:0x5e9effcd x15=0x5e9effcd
     326235.000 ns	     32622	80006b94	004c60b3	or	x1,x24,x4	 x24:0x7fc00000  x4:0x00000000  x1=0x92a54aa0
     326265.000 ns	     32625	80006b98	580af353	fsqrt.s	f6,f21	 f21:0x7fc00000  f6=0x7fc00000
     326285.000 ns	     32627	80006b9c	0037d713	srli	x14,x15,0x3	 x15:0x5e9effcd x14=0x0bd3dff9
     326305.000 ns	     32629	80006ba0	e00f9353	fclass.s	x6,f31	 f31:0x00000000  x6=0x00000010
     326325.000 ns	     32631	80006ba4	00259033	sll	x0,x11,x2	 x11:0xf24b5688  x2:0x80040fe4
     326335.000 ns	     32632	80006ba8	00698333	add	x6,x19,x6	 x19:0x00000000  x6:0x00000010  x6=0x00000010
     326345.000 ns	     32633	80006bac	f959acb7	lui	x25,0xf959a	 x25=0xf959a000
     326365.000 ns	     32635	80006bb0	e00194d3	fclass.s	x9,f3	  f3:0x724b5688  x9=0x00000040
     326385.000 ns	     32637	80006bb4	dec66013	ori	x0,x12,-532	 x12:0x00000001
     326405.000 ns	     32639	80006bb8	d0148ad3	fcvt.s.wu	f21,x9	  x9:0x00000040 f21=0x42800000
     326435.000 ns	     32642	80006bbc	d000ff53	fcvt.s.w	f30,x1	  x1:0x92a54aa0 f30=0xcedab56a
     326465.000 ns	     32645	80006bc0	0376cc33	div	x24,x13,x23	 x13:0x00000001 x23:0x00000000 x24=0xffffffff
     326485.000 ns	     32647	80006bc4	01c95333	srl	x6,x18,x28	 x18:0x00000000 x28:0x80041024  x6=0x00000000
     326525.000 ns	     32651	80006bc8	01b934d3	fadd.s	f9,f18,f27	 f18:0x7fc00000 f27:0x7fc00000  f9=0x7fc00000
     326575.000 ns	     32656	80006bcc	0103f653	fadd.s	f12,f7,f16	  f7:0x7fc00000 f16:0x7fc00000 f12=0x7fc00000
     326605.000 ns	     32659	80006bd0	02e18933	mul	x18,x3,x14	  x3:0x00000214 x14:0x0bd3dff9 x18=0x944d7174
     326635.000 ns	     32662	80006bd4	d012b3d3	fcvt.s.wu	f7,x5	  x5:0x00000024  f7=0x42100000
     326665.000 ns	     32665	80006bd8	219716d3	fsgnjn.s	f13,f14,f25	 f14:0x4d7fffff f25:0x3f800000 f13=0xcd7fffff
     326685.000 ns	     32667	80006bdc	1caf2297	auipc	x5,0x1caf2	  x5=0x9caf8bdc
     326725.000 ns	     32671	80006be0	09af0553	fsub.s	f10,f30,f26	 f30:0xcedab56a f26:0x7fc00000 f10=0x7fc00000
     326755.000 ns	     32674	80006be4	e0049453	fclass.s	x8,f9	  f9:0x7fc00000  x8=0x00000200
     326805.000 ns	     32679	80006be8	0822f9d3	fsub.s	f19,f5,f2	  f5:0x00000000  f2:0x44050000 f19=0xc4050000
     326835.000 ns	     32682	80006bec	021a02b3	mul	x5,x20,x1	 x20:0x00000001  x1:0x92a54aa0  x5=0x92a54aa0
     326865.000 ns	     32685	80006bf0	a00a8653	fle.s	x12,f21,f0	 f21:0x42800000  f0:0x470ea8e3 x12=0x00000001
     326885.000 ns	     32687	80006bf4	009abab3	sltu	x21,x21,x9	 x21:0x00000000  x9:0x00000040 x21=0x00000001
     326895.000 ns	     32688	80006bf8	011ba0b3	slt	x1,x23,x17	 x23:0x00000000 x17:0x92a54adf  x1=0x00000000
     326905.000 ns	     32689	80006bfc	8e9a5bb7	lui	x23,0x8e9a5	 x23=0x8e9a5000
     326915.000 ns	     32690	80006c00	417b5993	srai	x19,x22,0x17	 x22:0x00000000 x19=0x00000000
     326925.000 ns	     32691	80006c04	01381333	sll	x6,x16,x19	 x16:0x00000000 x19:0x00000000  x6=0x00000000
     326935.000 ns	     32692	80006c08	00d39493	slli	x9,x7,0xd	  x7:0x00000000  x9=0x00000000
     326955.000 ns	     32694	80006c0c	299a83d3	fmin.s	f7,f21,f25	 f21:0x42800000 f25:0x3f800000  f7=0x3f800000
     326975.000 ns	     32696	80006c10	a80b6393	ori	x7,x22,-1408	 x22:0x00000000  x7=0xfffffa80
     326985.000 ns	     32697	80006c14	00bf03b3	add	x7,x30,x11	 x30:0x0000042c x11:0xf24b5688  x7=0xf24b5ab4
     327005.000 ns	     32699	80006c18	0244f7b3	remu	x15,x9,x4	  x9:0x00000000  x4:0x00000000 x15=0x00000000
     327035.000 ns	     32702	80006c1c	e0079353	fclass.s	x6,f15	 f15:0x4f000000  x6=0x00000040
     327055.000 ns	     32704	80006c20	00000013	addi	x0,x0,0	  x0:0x00000000
     327075.000 ns	     32706	80006c24	c017f353	fcvt.wu.s	x6,f15	 f15:0x4f000000  x6=0x80000000
     327105.000 ns	     32709	80006c28	034f8333	mul	x6,x31,x20	 x31:0x00000000 x20:0x00000001  x6=0x00000000
     327135.000 ns	     32712	80006c2c	e00a9f53	fclass.s	x30,f21	 f21:0x42800000 x30=0x00000040
     327165.000 ns	     32715	80006c30	29ba8b53	fmin.s	f22,f21,f27	 f21:0x42800000 f27:0x7fc00000 f22=0x42800000
     327195.000 ns	     32718	80006c34	c0010953	fcvt.w.s	x18,f2	  f2:0x44050000 x18=0x00000214
     327215.000 ns	     32720	80006c38	007b1cb3	sll	x25,x22,x7	 x22:0x00000000  x7:0xf24b5ab4 x25=0x00000000
     327235.000 ns	     32722	80006c3c	21931fd3	fsgnjn.s	f31,f6,f25	  f6:0x7fc00000 f25:0x3f800000 f31=0xffc00000
     327605.000 ns	     32759	80006c40	0286deb3	divu	x29,x13,x8	 x13:0x00000001  x8:0x00000200 x29=0x00000000
     327975.000 ns	     32796	80006c44	0346c8b3	div	x17,x13,x20	 x13:0x00000001 x20:0x00000001 x17=0x00000001
     327995.000 ns	     32798	80006c48	01b15db3	srl	x27,x2,x27	  x2:0x80040fe4 x27:0x00000000 x27=0x80040fe4
     328005.000 ns	     32799	80006c4c	006daeb3	slt	x29,x27,x6	 x27:0x00000000  x6:0x00000000 x29=0x00000001
     328025.000 ns	     32801	80006c50	030210b3	mulh	x1,x4,x16	  x4:0x00000000 x16:0x00000000  x1=0x00000000
     328045.000 ns	     32803	80006c54	eb22c493	xori	x9,x5,-334	  x5:0x92a54aa0  x9=0x6d5ab412
     328065.000 ns	     32805	80006c58	c01cf2d3	fcvt.wu.s	x5,f25	 f25:0x3f800000  x5=0x00000001
     328085.000 ns	     32807	80006c5c	018d24b3	slt	x9,x26,x24	 x26:0x7ffffde1 x24:0xffffffff  x9=0x00000000
     328105.000 ns	     32809	80006c60	a0ab1c53	flt.s	x24,f22,f10	 f22:0x42800000 f10:0x7fc00000 x24=0x00000000
     328135.000 ns	     32812	80006c64	21168353	fsgnj.s	f6,f13,f17	 f13:0xcd7fffff f17:0x40000000  f6=0x4d7fffff
     328165.000 ns	     32815	80006c68	e0060cd3	fmv.x.w	x25,f12	 f12:0x7fc00000 x25=0x7fc00000
     328185.000 ns	     32817	80006c6c	00ec3f33	sltu	x30,x24,x14	 x24:0x00000000 x14:0x0bd3dff9 x30=0x00000001
     328195.000 ns	     32818	80006c70	1001af13	slti	x30,x3,256	  x3:0x00000214 x30=0x00000000
     328215.000 ns	     32820	80006c74	c01a72d3	fcvt.wu.s	x5,f20	 f20:0x4d7fffff  x5=0x0ffffff0
     328235.000 ns	     32822	80006c78	37335217	auipc	x4,0x37335	  x4=0xb733bc78
     328255.000 ns	     32824	80006c7c	02a6b3b3	mulhu	x7,x13,x10	 x13:0x00000001 x10:0x00000002  x7=0x00000000
     328275.000 ns	     32826	80006c80	41d15993	srai	x19,x2,0x1d	  x2:0x80040fe4 x19=0xfffffffc
     328295.000 ns	     32828	80006c84	a06fa1d3	feq.s	x3,f31,f6	 f31:0xffc00000  f6:0x4d7fffff  x3=0x00000000
     328325.000 ns	     32831	80006c88	a16a9853	flt.s	x16,f21,f22	 f21:0x42800000 f22:0x42800000 x16=0x00000000
     328345.000 ns	     32833	80006c8c	41935813	srai	x16,x6,0x19	  x6:0x00000000 x16=0x00000000
     328355.000 ns	     32834	80006c90	5e506813	ori	x16,x0,1509	  x0:0x00000000 x16=0x000005e5
     328375.000 ns	     32836	80006c94	02539733	mulh	x14,x7,x5	  x7:0x00000000  x5:0x0ffffff0 x14=0x00000000
     328405.000 ns	     32839	80006c98	286919d3	fmax.s	f19,f18,f6	 f18:0x7fc00000  f6:0x4d7fffff f19=0x4d7fffff
     328425.000 ns	     32841	80006c9c	227ce197	auipc	x3,0x227ce	  x3=0xa27d4c9c
     328445.000 ns	     32843	80006ca0	026a9533	mulh	x10,x21,x6	 x21:0x00000001  x6:0x00000000 x10=0x00000000
     328465.000 ns	     32845	80006ca4	00000013	addi	x0,x0,0	  x0:0x00000000
     328475.000 ns	     32846	80006ca8	01e61bb3	sll	x23,x12,x30	 x12:0x00000001 x30:0x00000000 x23=0x00000001
     328485.000 ns	     32847	80006cac	0172b4b3	sltu	x9,x5,x23	  x5:0x0ffffff0 x23:0x8e9a5000  x9=0x00000000
     328515.000 ns	     32850	80006cb0	114cf653	fmul.s	f12,f25,f20	 f25:0x3f800000 f20:0x4d7fffff f12=0x4d800000
     328545.000 ns	     32853	80006cb4	d01e7dd3	fcvt.s.wu	f27,x28	 x28:0x80041024 f27=0x4f000410
     328585.000 ns	     32857	80006cb8	103472d3	fmul.s	f5,f8,f3	  f8:0x4e9f0000  f3:0x724b5688  f5=0x7f800000
     328605.000 ns	     32859	80006cbc	41bed313	srai	x6,x29,0x1b	 x29:0x00000001  x6=0x00000000
     328615.000 ns	     32860	80006cc0	0088c1b3	xor	x3,x17,x8	 x17:0x00000001  x8:0x00000200  x3=0x00000201
     328625.000 ns	     32861	80006cc4	404b0933	sub	x18,x22,x4	 x22:0x00000000  x4:0xb733bc78 x18=0x48cc4388
     328645.000 ns	     32863	80006cc8	e00e8853	fmv.x.w	x16,f29	 f29:0x5e9effcd x16=0x5e9effcd
     328665.000 ns	     32865	80006ccc	9801b513	sltiu	x10,x3,-1664	  x3:0x00000201 x10=0x00000001
     329025.000 ns	     32901	80006cd0	03b8f033	remu	x0,x17,x27	 x17:0x00000001 x27:0x80040fe4
     329045.000 ns	     32903	80006cd4	e384e093	ori	x1,x9,-456	  x9:0x00000000  x1=0xfffffe38
     329055.000 ns	     32904	80006cd8	963b2513	slti	x10,x22,-1693	 x22:0x00000000 x10=0x00000000
     329075.000 ns	     32906	80006cdc	d00703d3	fcvt.s.w	f7,x14	 x14:0x00000000  f7=0x00000000
     329095.000 ns	     32908	80006ce0	01a172b3	and	x5,x2,x26	  x2:0x80040fe4 x26:0x7ffffde1  x5=0x00040de0
     329135.000 ns	     32912	80006ce4	006744d3	fadd.s	f9,f14,f6	 f14:0x4d7fffff  f6:0x4d7fffff  f9=0x4dffffff
     329185.000 ns	     32917	80006ce8	016f8a53	fadd.s	f20,f31,f22	 f31:0xffc00000 f22:0x42800000 f20=0x7fc00000
     329205.000 ns	     32919	80006cec	c8470913	addi	x18,x14,-892	 x14:0x00000000 x18=0xfffffc84
     329215.000 ns	     32920	80006cf0	00399713	slli	x14,x19,0x3	 x19:0xfffffffc x14=0xffffffe0
     329225.000 ns	     32921	80006cf4	e810bd13	sltiu	x26,x1,-383	  x1:0xfffffe38 x26=0x00000001
     329245.000 ns	     32923	80006cf8	d00e11d3	fcvt.s.w	f3,x28	 x28:0x80041024  f3=0xcefff7df
     329265.000 ns	     32925	80006cfc	f0d42413	slti	x8,x8,-243	  x8:0x00000200  x8=0x00000000
     329295.000 ns	     32928	80006d00	5801ab53	fsqrt.s	f22,f3	  f3:0xcefff7df f22=0x7fc00000
     329325.000 ns	     32931	80006d04	d0031753	fcvt.s.w	f14,x6	  x6:0x00000000 f14=0x00000000
     329345.000 ns	     32933	80006d08	00000013	addi	x0,x0,0	  x0:0x00000000
     329355.000 ns	     32934	80006d0c	006ef033	and	x0,x29,x6	 x29:0x00000001  x6:0x00000000
     329375.000 ns	     32936	80006d10	20a4aad3	fsgnjx.s	f21,f9,f10	  f9:0x4dffffff f10:0x7fc00000 f21=0x4dffffff
     329395.000 ns	     32938	80006d14	01991393	slli	x7,x18,0x19	 x18:0xfffffc84  x7=0x08000000
     329405.000 ns	     32939	80006d18	00276a33	or	x20,x14,x2	 x14:0xffffffe0  x2:0x80040fe4 x20=0xffffffe4
     329425.000 ns	     32941	80006d1c	02068c33	mul	x24,x13,x0	 x13:0x00000001  x0:0x00000000 x24=0x00000000
     329765.000 ns	     32975	80006d20	1998f4d3	fdiv.s	f9,f17,f25	 f17:0x40000000 f25:0x3f800000  f9=0x3fffff38
     329785.000 ns	     32977	80006d24	412f8fb3	sub	x31,x31,x18	 x31:0x00000000 x18:0xfffffc84 x31=0x0000037c
     329805.000 ns	     32979	80006d28	f00e8a53	fmv.w.x	f20,x29	 x29:0x00000001 f20=0x00000001
     329835.000 ns	     32982	80006d2c	0394b433	mulhu	x8,x9,x25	  x9:0x00000000 x25:0x7fc00000  x8=0x00000000
     329855.000 ns	     32984	80006d30	00df4033	xor	x0,x30,x13	 x30:0x00000000 x13:0x00000001
     329875.000 ns	     32986	80006d34	d01d38d3	fcvt.s.wu	f17,x26	 x26:0x00000001 f17=0x3f800000
     329905.000 ns	     32989	80006d38	e00a8753	fmv.x.w	x14,f21	 f21:0x4dffffff x14=0x4dffffff
     329935.000 ns	     32992	80006d3c	c00b7753	fcvt.w.s	x14,f22	 f22:0x7fc00000 x14=0x7fffffff
     330275.000 ns	     33026	80006d40	19127a53	fdiv.s	f20,f4,f17	  f4:0x4e9f0000 f17:0x3f800000 f20=0x4e9eff84
     330305.000 ns	     33029	80006d44	a1888553	fle.s	x10,f17,f24	 f17:0x3f800000 f24:0x2f350449 x10=0x00000000
     330335.000 ns	     33032	80006d48	29458053	fmin.s	f0,f11,f20	 f11:0x7fc00000 f20:0x4e9eff84  f0=0x4e9eff84
     330355.000 ns	     33034	80006d4c	40b0dcb3	sra	x25,x1,x11	  x1:0xfffffe38 x11:0xf24b5688 x25=0xfffffffe
     330375.000 ns	     33036	80006d50	02498433	mul	x8,x19,x4	 x19:0xfffffffc  x4:0xb733bc78  x8=0x23310e20
     330405.000 ns	     33039	80006d54	28b39c53	fmax.s	f24,f7,f11	  f7:0x00000000 f11:0x7fc00000 f24=0x00000000
     330435.000 ns	     33042	80006d58	027986b3	mul	x13,x19,x7	 x19:0xfffffffc  x7:0x08000000 x13=0xe0000000
     330455.000 ns	     33044	80006d5c	c5bea0b7	lui	x1,0xc5bea	  x1=0xc5bea000
     330465.000 ns	     33045	80006d60	6b72e413	ori	x8,x5,1719	  x5:0x00040de0  x8=0x00040ff7
     330475.000 ns	     33046	80006d64	01557833	and	x16,x10,x21	 x10:0x00000000 x21:0x00000001 x16=0x00000000
     330515.000 ns	     33050	80006d68	092bfb53	fsub.s	f22,f23,f18	 f23:0x00000000 f18:0x7fc00000 f22=0x7fc00000
     330885.000 ns	     33087	80006d6c	03cf79b3	remu	x19,x30,x28	 x30:0x00000000 x28:0x80041024 x19=0x00000000
     330905.000 ns	     33089	80006d70	00e9bfb3	sltu	x31,x19,x14	 x19:0xfffffffc x14:0x7fffffff x31=0x00000001
     330915.000 ns	     33090	80006d74	0171ed33	or	x26,x3,x23	  x3:0x00000201 x23:0x00000001 x26=0x00000201
     330935.000 ns	     33092	80006d78	e0059553	fclass.s	x10,f11	 f11:0x7fc00000 x10=0x00000200
     330955.000 ns	     33094	80006d7c	0180db33	srl	x22,x1,x24	  x1:0xc5bea000 x24:0x00000000 x22=0xc5bea000
     330975.000 ns	     33096	80006d80	20c991d3	fsgnjn.s	f3,f19,f12	 f19:0x4d7fffff f12:0x4d800000  f3=0xcd7fffff
     331005.000 ns	     33099	80006d84	a09c2bd3	feq.s	x23,f24,f9	 f24:0x00000000  f9:0x3fffff38 x23=0x00000000
     331025.000 ns	     33101	80006d88	40522f97	auipc	x31,0x40522	 x31=0xc0528d88
     331055.000 ns	     33104	80006d8c	19867653	fdiv.s	f12,f12,f24	 f12:0x4d800000 f24:0x00000000 f12=0x7f800000
     331085.000 ns	     33107	80006d90	d0068453	fcvt.s.w	f8,x13	 x13:0xe0000000  f8=0xce000000
     331105.000 ns	     33109	80006d94	69214b37	lui	x22,0x69214	 x22=0x69214000
     331125.000 ns	     33111	80006d98	c001a6d3	fcvt.w.s	x13,f3	  f3:0xcd7fffff x13=0xf0000010
     331145.000 ns	     33113	80006d9c	00861a33	sll	x20,x12,x8	 x12:0x00000001  x8:0x00040ff7 x20=0x00800000
     331155.000 ns	     33114	80006da0	41585d93	srai	x27,x16,0x15	 x16:0x00000000 x27=0x00000000
     331165.000 ns	     33115	80006da4	01a43db3	sltu	x27,x8,x26	  x8:0x00040ff7 x26:0x00000201 x27=0x00000000
     331185.000 ns	     33117	80006da8	c01c4a53	fcvt.wu.s	x20,f24	 f24:0x00000000 x20=0x00000000
     332365.000 ns	     33235	80006dac	580a1e53	fsqrt.s	f28,f20	 f20:0x4e9eff84 f28=0x470ea8ab
     332385.000 ns	     33237	80006db0	4e90eb93	ori	x23,x1,1257	  x1:0xc5bea000 x23=0xc5bea4e9
     332395.000 ns	     33238	80006db4	94a4ea97	auipc	x21,0x94a4e	 x21=0x14a54db4
     332405.000 ns	     33239	80006db8	c1ff7613	andi	x12,x30,-993	 x30:0x00000000 x12=0x00000000
     332415.000 ns	     33240	80006dbc	67eaf093	andi	x1,x21,1662	 x21:0x00000001  x1=0x00000434
     332425.000 ns	     33241	80006dc0	00802433	slt	x8,x0,x8	  x0:0x00000000  x8:0x00040ff7  x8=0x00000001
     332435.000 ns	     33242	80006dc4	00000013	addi	x0,x0,0	  x0:0x00000000
     332445.000 ns	     33243	80006dc8	fed5c393	xori	x7,x11,-19	 x11:0xf24b5688  x7=0x0db4a965
     332775.000 ns	     33276	80006dcc	186f25d3	fdiv.s	f11,f30,f6	 f30:0xcedab56a  f6:0x4d7fffff f11=0xc0dab56a
     332795.000 ns	     33278	80006dd0	00371093	slli	x1,x14,0x3	 x14:0x7fffffff  x1=0xfffffff8
     332805.000 ns	     33279	80006dd4	417b57b3	sra	x15,x22,x23	 x22:0x69214000 x23:0xc5bea4e9 x15=0x003490a0
     332845.000 ns	     33283	80006dd8	01d4f4d3	fadd.s	f9,f9,f29	  f9:0x3fffff38 f29:0x5e9effcd  f9=0x5e9effcd
     333215.000 ns	     33320	80006ddc	03c06433	rem	x8,x0,x28	  x0:0x00000000 x28:0x80041024  x8=0x00000000
     333585.000 ns	     33357	80006de0	027344b3	div	x9,x6,x7	  x6:0x00000000  x7:0x0db4a965  x9=0x00000000
     333605.000 ns	     33359	80006de4	01463533	sltu	x10,x12,x20	 x12:0x00000000 x20:0x00000000 x10=0x00000000
     333625.000 ns	     33361	80006de8	28e38953	fmin.s	f18,f7,f14	  f7:0x00000000 f14:0x00000000 f18=0x00000000
     333645.000 ns	     33363	80006dec	0045b833	sltu	x16,x11,x4	 x11:0xf24b5688  x4:0xb733bc78 x16=0x00000000
     333685.000 ns	     33367	80006df0	09837153	fsub.s	f2,f6,f24	  f6:0x4d7fffff f24:0x00000000  f2=0x4d7fffff
     333715.000 ns	     33370	80006df4	f0018bd3	fmv.w.x	f23,x3	  x3:0x00000201 f23=0x00000201
     333745.000 ns	     33373	80006df8	024486b3	mul	x13,x9,x4	  x9:0x00000000  x4:0xb733bc78 x13=0x00000000
     333765.000 ns	     33375	80006dfc	a14b0413	addi	x8,x22,-1516	 x22:0x69214000  x8=0x69213a14
     334125.000 ns	     33411	80006e00	027b6433	rem	x8,x22,x7	 x22:0x69214000  x7:0x0db4a965  x8=0x09309e3d
     334155.000 ns	     33414	80006e04	d00df7d3	fcvt.s.w	f15,x27	 x27:0x00000000 f15=0x00000000
     334175.000 ns	     33416	80006e08	003a61b3	or	x3,x20,x3	 x20:0x00000000  x3:0x00000201  x3=0x00000201
     334185.000 ns	     33417	80006e0c	40830ab3	sub	x21,x6,x8	  x6:0x00000000  x8:0x09309e3d x21=0xf6cf61c3
     334195.000 ns	     33418	80006e10	f2948693	addi	x13,x9,-215	  x9:0x00000000 x13=0xffffff29
     334215.000 ns	     33420	80006e14	295401d3	fmin.s	f3,f8,f21	  f8:0xce000000 f21:0x4dffffff  f3=0xce000000
     334235.000 ns	     33422	80006e18	b0cd9017	auipc	x0,0xb0cd9	
     334265.000 ns	     33425	80006e1c	185caed3	fdiv.s	f29,f25,f5	 f25:0x3f800000  f5:0x7f800000 f29=0x00000000
     334295.000 ns	     33428	80006e20	284381d3	fmin.s	f3,f7,f4	  f7:0x00000000  f4:0x4e9f0000  f3=0x00000000
     334315.000 ns	     33430	80006e24	f18cae97	auipc	x29,0xf18ca	 x29=0x718d0e24
     334325.000 ns	     33431	80006e28	416adb13	srai	x22,x21,0x16	 x21:0xf6cf61c3 x22=0xffffffdb
     334335.000 ns	     33432	80006e2c	01cf9413	slli	x8,x31,0x1c	 x31:0xc0528d88  x8=0x80000000
     334345.000 ns	     33433	80006e30	00000013	addi	x0,x0,0	  x0:0x00000000
     334385.000 ns	     33437	80006e34	09251853	fsub.s	f16,f10,f18	 f10:0x7fc00000 f18:0x00000000 f16=0x7fc00000
     334405.000 ns	     33439	80006e38	01c598b3	sll	x17,x11,x28	 x11:0xf24b5688 x28:0x80041024 x17=0x24b56880
     334765.000 ns	     33475	80006e3c	02244c33	div	x24,x8,x2	  x8:0x80000000  x2:0x80040fe4 x24=0x00000001
     334785.000 ns	     33477	80006e40	402c0833	sub	x16,x24,x2	 x24:0x00000000  x2:0x80040fe4 x16=0x7ffbf01d
     334795.000 ns	     33478	80006e44	00e86933	or	x18,x16,x14	 x16:0x00000000 x14:0x7fffffff x18=0x7fffffff
     334805.000 ns	     33479	80006e48	bba64093	xori	x1,x12,-1094	 x12:0x00000000  x1=0xfffffbba
     334825.000 ns	     33481	80006e4c	02aad533	divu	x10,x21,x10	 x21:0xf6cf61c3 x10:0x00000000 x10=0xffffffff
     334855.000 ns	     33484	80006e50	c019fbd3	fcvt.wu.s	x23,f19	 f19:0x4d7fffff x23=0x0ffffff0
     334885.000 ns	     33487	80006e54	29c58dd3	fmin.s	f27,f11,f28	 f11:0xc0dab56a f28:0x470ea8ab f27=0xc0dab56a
     334905.000 ns	     33489	80006e58	e7ca0213	addi	x4,x20,-388	 x20:0x00000000  x4=0xfffffe7c
     335235.000 ns	     33522	80006e5c	1869a953	fdiv.s	f18,f19,f6	 f19:0x4d7fffff  f6:0x4d7fffff f18=0x3f800000
     335255.000 ns	     33524	80006e60	40675c33	sra	x24,x14,x6	 x14:0x7fffffff  x6:0x00000000 x24=0x7fffffff
     335265.000 ns	     33525	80006e64	0f772813	slti	x16,x14,247	 x14:0x7fffffff x16=0x00000000
     335275.000 ns	     33526	80006e68	2a303213	sltiu	x4,x0,675	  x0:0x00000000  x4=0x00000001
     335295.000 ns	     33528	80006e6c	d00231d3	fcvt.s.w	f3,x4	  x4:0xfffffe7c  f3=0x3f800000
     335315.000 ns	     33530	80006e70	00cad293	srli	x5,x21,0xc	 x21:0xf6cf61c3  x5=0x000f6cf6
     335325.000 ns	     33531	80006e74	011f6d33	or	x26,x30,x17	 x30:0x00000000 x17:0x24b56880 x26=0x24b56880
     335335.000 ns	     33532	80006e78	00000013	addi	x0,x0,0	  x0:0x00000000
     335345.000 ns	     33533	80006e7c	b0d460b7	lui	x1,0xb0d46	  x1=0xb0d46000
     335365.000 ns	     33535	80006e80	20f2a2d3	fsgnjx.s	f5,f5,f15	  f5:0x7f800000 f15:0x00000000  f5=0x7f800000
     335385.000 ns	     33537	80006e84	40305e93	srai	x29,x0,0x3	  x0:0x00000000 x29=0x00000000
     335405.000 ns	     33539	80006e88	03280cb3	mul	x25,x16,x18	 x16:0x00000000 x18:0x7fffffff x25=0x00000000
     335435.000 ns	     33542	80006e8c	299a8853	fmin.s	f16,f21,f25	 f21:0x4dffffff f25:0x3f800000 f16=0x3f800000
     335455.000 ns	     33544	80006e90	0119e7b3	or	x15,x19,x17	 x19:0x00000000 x17:0x24b56880 x15=0x24b56880
     335475.000 ns	     33546	80006e94	29721bd3	fmax.s	f23,f4,f23	  f4:0x4e9f0000 f23:0x00000201 f23=0x4e9f0000
     335495.000 ns	     33548	80006e98	007c3d33	sltu	x26,x24,x7	 x24:0x7fffffff  x7:0x0db4a965 x26=0x00000000
     335505.000 ns	     33549	80006e9c	407d83b3	sub	x7,x27,x7	 x27:0x00000000  x7:0x0db4a965  x7=0xf24b569b
     335525.000 ns	     33551	80006ea0	20080bd3	fsgnj.s	f23,f16,f0	 f16:0x3f800000  f0:0x4e9eff84 f23=0x3f800000
     335545.000 ns	     33553	80006ea4	4688f493	andi	x9,x17,1128	 x17:0x24b56880  x9=0x00000000
     335555.000 ns	     33554	80006ea8	01165ab3	srl	x21,x12,x17	 x12:0x00000000 x17:0x24b56880 x21=0x00000000
     335565.000 ns	     33555	80006eac	22e7a297	auipc	x5,0x22e7a	  x5=0xa2e80eac
     335585.000 ns	     33557	80006eb0	a0d99ed3	flt.s	x29,f19,f13	 f19:0x4d7fffff f13:0xcd7fffff x29=0x00000000
     335635.000 ns	     33562	80006eb4	001af9d3	fadd.s	f19,f21,f1	 f21:0x4dffffff  f1:0x4f7fffae f19=0x4f8fffd6
     335655.000 ns	     33564	80006eb8	00a0b7b3	sltu	x15,x1,x10	  x1:0xb0d46000 x10:0xffffffff x15=0x00000001
     335665.000 ns	     33565	80006ebc	007c2433	slt	x8,x24,x7	 x24:0x7fffffff  x7:0xf24b569b  x8=0x00000000
     336025.000 ns	     33601	80006ec0	02eb4733	div	x14,x22,x14	 x22:0xffffffdb x14:0x7fffffff x14=0x00000000
     336045.000 ns	     33603	80006ec4	40c20933	sub	x18,x4,x12	  x4:0x00000001 x12:0x00000000 x18=0x00000001
     336065.000 ns	     33605	80006ec8	034d69b3	rem	x19,x26,x20	 x26:0x00000000 x20:0x00000000 x19=0x00000000
     336095.000 ns	     33608	80006ecc	a1d009d3	fle.s	x19,f0,f29	  f0:0x4e9eff84 f29:0x00000000 x19=0x00000000
     336145.000 ns	     33613	80006ed0	01d574d3	fadd.s	f9,f10,f29	 f10:0x7fc00000 f29:0x00000000  f9=0x7fc00000
     336175.000 ns	     33616	80006ed4	21f41a53	fsgnjn.s	f20,f8,f31	  f8:0xce000000 f31:0xffc00000 f20=0x4e000000
     336205.000 ns	     33619	80006ed8	d00b98d3	fcvt.s.w	f17,x23	 x23:0x0ffffff0 f17=0x4d7fffff
     336225.000 ns	     33621	80006edc	0f7ce713	ori	x14,x25,247	 x25:0x00000000 x14=0x000000f7
     336265.000 ns	     33625	80006ee0	09f417d3	fsub.s	f15,f8,f31	  f8:0xce000000 f31:0xffc00000 f15=0x7fc00000
     336285.000 ns	     33627	80006ee4	68e2c013	xori	x0,x5,1678	  x5:0xa2e80eac
     336295.000 ns	     33628	80006ee8	e195c393	xori	x7,x11,-487	 x11:0xf24b5688  x7=0x0db4a891
     336315.000 ns	     33630	80006eec	201003d3	fsgnj.s	f7,f0,f1	  f0:0x4e9eff84  f1:0x4f7fffae  f7=0x4e9eff84
     336345.000 ns	     33633	80006ef0	d001f353	fcvt.s.w	f6,x3	  x3:0x00000201  f6=0x44004000
     336395.000 ns	     33638	80006ef4	098008d3	fsub.s	f17,f0,f24	  f0:0x4e9eff84 f24:0x00000000 f17=0x4e9eff84
     336445.000 ns	     33643	80006ef8	08b8f1d3	fsub.s	f3,f17,f11	 f17:0x4d7fffff f11:0xc0dab56a  f3=0x4e9eff84
     336495.000 ns	     33648	80006efc	085092d3	fsub.s	f5,f1,f5	  f1:0x4f7fffae  f5:0x7f800000  f5=0xff800000
     336515.000 ns	     33650	80006f00	94103a13	sltiu	x20,x0,-1727	  x0:0x00000000 x20=0x00000001
     336525.000 ns	     33651	80006f04	0627af13	slti	x30,x15,98	 x15:0x00000001 x30=0x00000001
     336885.000 ns	     33687	80006f08	02f2d0b3	divu	x1,x5,x15	  x5:0xa2e80eac x15:0x00000001  x1=0xa2e80eac
     336905.000 ns	     33689	80006f0c	00bb99b3	sll	x19,x23,x11	 x23:0x0ffffff0 x11:0xf24b5688 x19=0xfffff000
     336915.000 ns	     33690	80006f10	d8185bb7	lui	x23,0xd8185	 x23=0xd8185000
     336925.000 ns	     33691	80006f14	dfe00493	addi	x9,x0,-514	  x0:0x00000000  x9=0xfffffdfe
     336935.000 ns	     33692	80006f18	36ef7193	andi	x3,x30,878	 x30:0x00000001  x3=0x00000000
     336945.000 ns	     33693	80006f1c	6c45ff93	andi	x31,x11,1732	 x11:0xf24b5688 x31=0x00000680
     336965.000 ns	     33695	80006f20	03d4edb3	rem	x27,x9,x29	  x9:0xfffffdfe x29:0x00000000 x27=0xfffffdfe
     336995.000 ns	     33698	80006f24	02ae3b33	mulhu	x22,x28,x10	 x28:0x80041024 x10:0xffffffff x22=0x80041023
     337015.000 ns	     33700	80006f28	0046aeb3	slt	x29,x13,x4	 x13:0xffffff29  x4:0x00000001 x29=0x00000001
     337025.000 ns	     33701	80006f2c	01fd1bb3	sll	x23,x26,x31	 x26:0x00000000 x31:0x00000680 x23=0x00000000
     337045.000 ns	     33703	80006f30	02fe1733	mulh	x14,x28,x15	 x28:0x80041024 x15:0x00000001 x14=0xffffffff
     337075.000 ns	     33706	80006f34	036819b3	mulh	x19,x16,x22	 x16:0x00000000 x22:0x80041023 x19=0x00000000
     337095.000 ns	     33708	80006f38	40a9d0b3	sra	x1,x19,x10	 x19:0xfffff000 x10:0xffffffff  x1=0x00000000
     337115.000 ns	     33710	80006f3c	f00f85d3	fmv.w.x	f11,x31	 x31:0x00000680 f11=0x00000680
     337165.000 ns	     33715	80006f40	08c212d3	fsub.s	f5,f4,f12	  f4:0x4e9f0000 f12:0x7f800000  f5=0xff800000
     337195.000 ns	     33718	80006f44	c01acb53	fcvt.wu.s	x22,f21	 f21:0x4dffffff x22=0x1fffffe0
     337215.000 ns	     33720	80006f48	e91ef913	andi	x18,x29,-367	 x29:0x00000001 x18=0x00000001
     337225.000 ns	     33721	80006f4c	0092f533	and	x10,x5,x9	  x5:0xa2e80eac  x9:0xfffffdfe x10=0xa2e80cac
     337245.000 ns	     33723	80006f50	29c61ed3	fmax.s	f29,f12,f28	 f12:0x7f800000 f28:0x470ea8ab f29=0x7f800000
     337265.000 ns	     33725	80006f54	412881b3	sub	x3,x17,x18	 x17:0x24b56880 x18:0x00000001  x3=0x24b5687f
     337285.000 ns	     33727	80006f58	d0037253	fcvt.s.w	f4,x6	  x6:0x00000000  f4=0x00000000
     337305.000 ns	     33729	80006f5c	00c41013	slli	x0,x8,0xc	  x8:0x00000000
     337315.000 ns	     33730	80006f60	004ab2b3	sltu	x5,x21,x4	 x21:0x00000000  x4:0x00000001  x5=0x00000001
     337335.000 ns	     33732	80006f64	023a9bb3	mulh	x23,x21,x3	 x21:0x00000000  x3:0x24b5687f x23=0x00000000
     337355.000 ns	     33734	80006f68	013f21b3	slt	x3,x30,x19	 x30:0x00000001 x19:0x00000000  x3=0x00000000
     337715.000 ns	     33770	80006f6c	022b7433	remu	x8,x22,x2	 x22:0x1fffffe0  x2:0x80040fe4  x8=0x1fffffe0
     337735.000 ns	     33772	80006f70	f610b913	sltiu	x18,x1,-159	  x1:0x00000000 x18=0x00000001
     337745.000 ns	     33773	80006f74	00000013	addi	x0,x0,0	  x0:0x00000000
     337755.000 ns	     33774	80006f78	41bb8b33	sub	x22,x23,x27	 x23:0x00000000 x27:0xfffffdfe x22=0x00000202
     337765.000 ns	     33775	80006f7c	00889a33	sll	x20,x17,x8	 x17:0x24b56880  x8:0x1fffffe0 x20=0x24b56880
     337795.000 ns	     33778	80006f80	10b789d3	fmul.s	f19,f15,f11	 f15:0x7fc00000 f11:0x00000680 f19=0x7fc00000
     337825.000 ns	     33781	80006f84	02c892b3	mulh	x5,x17,x12	 x17:0x24b56880 x12:0x00000000  x5=0x00000000
     337845.000 ns	     33783	80006f88	00000013	addi	x0,x0,0	  x0:0x00000000
     337855.000 ns	     33784	80006f8c	0033feb3	and	x29,x7,x3	  x7:0x0db4a891  x3:0x00000000 x29=0x00000000
     337875.000 ns	     33786	80006f90	d01674d3	fcvt.s.wu	f9,x12	 x12:0x00000000  f9=0x00000000
     337895.000 ns	     33788	80006f94	004ef033	and	x0,x29,x4	 x29:0x00000001  x4:0x00000001
     337915.000 ns	     33790	80006f98	03aa88b3	mul	x17,x21,x26	 x21:0x00000000 x26:0x00000000 x17=0x00000000
     337945.000 ns	     33793	80006f9c	c01d09d3	fcvt.wu.s	x19,f26	 f26:0x7fc00000 x19=0xffffffff
     337975.000 ns	     33796	80006fa0	20fe8ed3	fsgnj.s	f29,f29,f15	 f29:0x7f800000 f15:0x7fc00000 f29=0x7f800000
     337995.000 ns	     33798	80006fa4	00566eb3	or	x29,x12,x5	 x12:0x00000000  x5:0x00000000 x29=0x00000000
     338005.000 ns	     33799	80006fa8	3ac8ad17	auipc	x26,0x3ac8a	 x26=0xbac90fa8
     338025.000 ns	     33801	80006fac	e00e8dd3	fmv.x.w	x27,f29	 f29:0x7f800000 x27=0x7f800000
     338045.000 ns	     33803	80006fb0	40d954b3	sra	x9,x18,x13	 x18:0x00000001 x13:0xffffff29  x9=0x00000000
     339215.000 ns	     33920	80006fb4	58097853	fsqrt.s	f16,f18	 f18:0x3f800000 f16=0x3f7fffae
     339245.000 ns	     33923	80006fb8	20dea2d3	fsgnjx.s	f5,f29,f13	 f29:0x7f800000 f13:0xcd7fffff  f5=0xff800000
     339265.000 ns	     33925	80006fbc	00195d33	srl	x26,x18,x1	 x18:0x00000001  x1:0x00000000 x26=0x00000001
     339285.000 ns	     33927	80006fc0	a0cbab53	feq.s	x22,f23,f12	 f23:0x3f800000 f12:0x7f800000 x22=0x00000000
     339305.000 ns	     33929	80006fc4	004c8fb3	add	x31,x25,x4	 x25:0x00000000  x4:0x00000001 x31=0x00000001
     339325.000 ns	     33931	80006fc8	d01d73d3	fcvt.s.wu	f7,x26	 x26:0x00000001  f7=0x3f800000
     339345.000 ns	     33933	80006fcc	00e21413	slli	x8,x4,0xe	  x4:0x00000001  x8=0x00004000
     339375.000 ns	     33936	80006fd0	5804c0d3	fsqrt.s	f1,f9	  f9:0x00000000  f1=0x00000000
     339405.000 ns	     33939	80006fd4	e0050053	fmv.x.w	x0,f10	 f10:0x7fc00000
     339435.000 ns	     33942	80006fd8	a1519a53	flt.s	x20,f3,f21	  f3:0x4e9eff84 f21:0x4dffffff x20=0x00000000
     339465.000 ns	     33945	80006fdc	0391f7b3	remu	x15,x3,x25	  x3:0x00000000 x25:0x00000000 x15=0x00000000
     339495.000 ns	     33948	80006fe0	f00501d3	fmv.w.x	f3,x10	 x10:0xa2e80cac  f3=0xa2e80cac
     339525.000 ns	     33951	80006fe4	a0101553	flt.s	x10,f0,f1	  f0:0x4e9eff84  f1:0x00000000 x10=0x00000000
     339545.000 ns	     33953	80006fe8	00790fb3	add	x31,x18,x7	 x18:0x00000001  x7:0x0db4a891 x31=0x0db4a892
     339555.000 ns	     33954	80006fec	4c1b8a37	lui	x20,0x4c1b8	 x20=0x4c1b8000
     339575.000 ns	     33956	80006ff0	d00346d3	fcvt.s.w	f13,x6	  x6:0x00000000 f13=0x00000000
     339595.000 ns	     33958	80006ff4	40dd5213	srai	x4,x26,0xd	 x26:0x00000001  x4=0x00000000
     339605.000 ns	     33959	80006ff8	01f1ca33	xor	x20,x3,x31	  x3:0x00000000 x31:0x0db4a892 x20=0x0db4a892
     339625.000 ns	     33961	80006ffc	29140d53	fmin.s	f26,f8,f17	  f8:0xce000000 f17:0x4e9eff84 f26=0xce000000
     339655.000 ns	     33964	80007000	289f9d53	fmax.s	f26,f31,f9	 f31:0xffc00000  f9:0x00000000 f26=0x00000000
     339685.000 ns	     33967	80007004	200d1053	fsgnjn.s	f0,f26,f0	 f26:0xce000000  f0:0x4e9eff84  f0=0x80000000
     339715.000 ns	     33970	80007008	c007fbd3	fcvt.w.s	x23,f15	 f15:0x7fc00000 x23=0x7fffffff
     339735.000 ns	     33972	8000700c	0053e6b3	or	x13,x7,x5	  x7:0x0db4a891  x5:0x00000000 x13=0x0db4a891
     339765.000 ns	     33975	80007010	1989fb53	fdiv.s	f22,f19,f24	 f19:0x7fc00000 f24:0x00000000 f22=0x7fc00000
     339785.000 ns	     33977	80007014	e118f893	andi	x17,x17,-495	 x17:0x00000000 x17=0x00000000
     339795.000 ns	     33978	80007018	97b0c713	xori	x14,x1,-1669	  x1:0x00000000 x14=0xfffff97b
     339815.000 ns	     33980	8000701c	a0d21053	flt.s	x0,f4,f13	  f4:0x00000000 f13:0x00000000
     339845.000 ns	     33983	80007020	20e287d3	fsgnj.s	f15,f5,f14	  f5:0xff800000 f14:0x00000000 f15=0x7f800000
     339875.000 ns	     33986	80007024	a1a597d3	flt.s	x15,f11,f26	 f11:0x00000680 f26:0x00000000 x15=0x00000000
     339905.000 ns	     33989	80007028	02738733	mul	x14,x7,x7	  x7:0x0db4a891  x7:0x0db4a891 x14=0x34e6a221
     340245.000 ns	     34023	8000702c	1923fbd3	fdiv.s	f23,f7,f18	  f7:0x3f800000 f18:0x3f800000 f23=0x3f7fff38
     340285.000 ns	     34027	80007030	580f81d3	fsqrt.s	f3,f31	 f31:0xffc00000  f3=0x7fc00000
     340305.000 ns	     34029	80007034	418d5413	srai	x8,x26,0x18	 x26:0x00000001  x8=0x00000000
     340325.000 ns	     34031	80007038	293d9fd3	fmax.s	f31,f27,f19	 f27:0xc0dab56a f19:0x7fc00000 f31=0xc0dab56a
     340355.000 ns	     34034	8000703c	29c38f53	fmin.s	f30,f7,f28	  f7:0x3f800000 f28:0x470ea8ab f30=0x3f800000
     340385.000 ns	     34037	80007040	21f60153	fsgnj.s	f2,f12,f31	 f12:0x7f800000 f31:0xc0dab56a  f2=0xff800000
     340405.000 ns	     34039	80007044	722fe993	ori	x19,x31,1826	 x31:0x0db4a892 x19=0x0db4afb2
     340415.000 ns	     34040	80007048	a401ca93	xori	x21,x3,-1472	  x3:0x00000000 x21=0xfffffa40
     340435.000 ns	     34042	8000704c	c01873d3	fcvt.wu.s	x7,f16	 f16:0x3f7fffae  x7=0x00000000
     340465.000 ns	     34045	80007050	025de833	rem	x16,x27,x5	 x27:0x7f800000  x5:0x00000000 x16=0x7f800000
     340505.000 ns	     34049	80007054	187180d3	fdiv.s	f1,f3,f7	  f3:0x7fc00000  f7:0x3f800000  f1=0x7fc00000
     340535.000 ns	     34052	80007058	20e21853	fsgnjn.s	f16,f4,f14	  f4:0x00000000 f14:0x00000000 f16=0x80000000
     340565.000 ns	     34055	8000705c	a1a48a53	fle.s	x20,f9,f26	  f9:0x00000000 f26:0x00000000 x20=0x00000001
     340585.000 ns	     34057	80007060	006f12b3	sll	x5,x30,x6	 x30:0x00000001  x6:0x00000000  x5=0x00000001
     340595.000 ns	     34058	80007064	910cff13	andi	x30,x25,-1776	 x25:0x00000000 x30=0x00000000
     340605.000 ns	     34059	80007068	413980b3	sub	x1,x19,x19	 x19:0x0db4afb2 x19:0x0db4afb2  x1=0x00000000
     340615.000 ns	     34060	8000706c	01a83eb3	sltu	x29,x16,x26	 x16:0x7f800000 x26:0x00000001 x29=0x00000000
     340635.000 ns	     34062	80007070	a1082cd3	feq.s	x25,f16,f16	 f16:0x80000000 f16:0x80000000 x25=0x00000001
     340685.000 ns	     34067	80007074	002ff253	fadd.s	f4,f31,f2	 f31:0xc0dab56a  f2:0xff800000  f4=0xff800000
     340705.000 ns	     34069	80007078	009a9b13	slli	x22,x21,0x9	 x21:0xfffffa40 x22=0xfff48000
     340725.000 ns	     34071	8000707c	211c1753	fsgnjn.s	f14,f24,f17	 f24:0x00000000 f17:0x4e9eff84 f14=0x80000000
     340745.000 ns	     34073	80007080	41478db3	sub	x27,x15,x20	 x15:0x00000000 x20:0x00000001 x27=0xffffffff
     340765.000 ns	     34075	80007084	d01f4ed3	fcvt.s.wu	f29,x30	 x30:0x00000000 f29=0x00000000
     341135.000 ns	     34112	80007088	0351ed33	rem	x26,x3,x21	  x3:0x00000000 x21:0xfffffa40 x26=0x00000000
     341155.000 ns	     34114	8000708c	01a35293	srli	x5,x6,0x1a	  x6:0x00000000  x5=0x00000000
     341175.000 ns	     34116	80007090	0363acb3	mulhsu	x25,x7,x22	  x7:0x00000000 x22:0xfff48000 x25=0x00000000
     341195.000 ns	     34118	80007094	402a5913	srai	x18,x20,0x2	 x20:0x00000001 x18=0x00000000
     341205.000 ns	     34119	80007098	002c5c93	srli	x25,x24,0x2	 x24:0x7fffffff x25=0x1fffffff
     341215.000 ns	     34120	8000709c	00609b13	slli	x22,x1,0x6	  x1:0x00000000 x22=0x00000000
     341225.000 ns	     34121	800070a0	008930b3	sltu	x1,x18,x8	 x18:0x00000000  x8:0x00000000  x1=0x00000000
     341245.000 ns	     34123	800070a4	03581033	mulh	x0,x16,x21	 x16:0x7f800000 x21:0xfffffa40
     341265.000 ns	     34125	800070a8	7b354e93	xori	x29,x10,1971	 x10:0x00000000 x29=0x000007b3
     341285.000 ns	     34127	800070ac	a1f70c53	fle.s	x24,f14,f31	 f14:0x80000000 f31:0xc0dab56a x24=0x00000000
     341315.000 ns	     34130	800070b0	02f59fb3	mulh	x31,x11,x15	 x11:0xf24b5688 x15:0x00000000 x31=0x00000000
     341335.000 ns	     34132	800070b4	41fd0cb3	sub	x25,x26,x31	 x26:0x00000000 x31:0x0db4a892 x25=0x00000000
     341345.000 ns	     34133	800070b8	b1837193	andi	x3,x6,-1256	  x6:0x00000000  x3=0x00000000
     341355.000 ns	     34134	800070bc	41800933	sub	x18,x0,x24	  x0:0x00000000 x24:0x00000000 x18=0x00000000
     341715.000 ns	     34170	800070c0	03335833	divu	x16,x6,x19	  x6:0x00000000 x19:0x0db4afb2 x16=0x00000000
     341745.000 ns	     34173	800070c4	2071a753	fsgnjx.s	f14,f3,f7	  f3:0x7fc00000  f7:0x3f800000 f14=0x7fc00000
     341775.000 ns	     34176	800070c8	f0070dd3	fmv.w.x	f27,x14	 x14:0x34e6a221 f27=0x34e6a221
     341795.000 ns	     34178	800070cc	00bacd33	xor	x26,x21,x11	 x21:0xfffffa40 x11:0xf24b5688 x26=0x0db4acc8
     341805.000 ns	     34179	800070d0	9c5be813	ori	x16,x23,-1595	 x23:0x7fffffff x16=0xffffffff
     341815.000 ns	     34180	800070d4	a3487617	auipc	x12,0xa3487	 x12=0x2348e0d4
     341835.000 ns	     34182	800070d8	03607bb3	remu	x23,x0,x22	  x0:0x00000000 x22:0x00000000 x23=0x00000000
     341885.000 ns	     34187	800070dc	007083d3	fadd.s	f7,f1,f7	  f1:0x7fc00000  f7:0x3f800000  f7=0x7fc00000
     341915.000 ns	     34190	800070e0	21de13d3	fsgnjn.s	f7,f28,f29	 f28:0x470ea8ab f29:0x00000000  f7=0xc70ea8ab
     341945.000 ns	     34193	800070e4	d014f8d3	fcvt.s.wu	f17,x9	  x9:0x00000000 f17=0x00000000
     341975.000 ns	     34196	800070e8	21a18f53	fsgnj.s	f30,f3,f26	  f3:0x7fc00000 f26:0x00000000 f30=0x7fc00000
     341995.000 ns	     34198	800070ec	e4cd7097	auipc	x1,0xe4cd7	  x1=0x64cde0ec
     342015.000 ns	     34200	800070f0	d00c0653	fcvt.s.w	f12,x24	 x24:0x00000000 f12=0x00000000
     342035.000 ns	     34202	800070f4	00389713	slli	x14,x17,0x3	 x17:0x00000000 x14=0x00000000
     342055.000 ns	     34204	800070f8	20cf2353	fsgnjx.s	f6,f30,f12	 f30:0x7fc00000 f12:0x00000000  f6=0x7fc00000
     342075.000 ns	     34206	800070fc	dee3b893	sltiu	x17,x7,-530	  x7:0x00000000 x17=0x00000001
     342085.000 ns	     34207	80007100	6b127693	andi	x13,x4,1713	  x4:0x00000000 x13=0x00000000
     342105.000 ns	     34209	80007104	02c689b3	mul	x19,x13,x12	 x13:0x0db4a891 x12:0x2348e0d4 x19=0x00000000
     342135.000 ns	     34212	80007108	03773eb3	mulhu	x29,x14,x23	 x14:0x00000000 x23:0x00000000 x29=0x00000000
     342165.000 ns	     34215	8000710c	a1bd9ed3	flt.s	x29,f27,f27	 f27:0x34e6a221 f27:0x34e6a221 x29=0x00000000
     342185.000 ns	     34217	80007110	5c48b313	sltiu	x6,x17,1476	 x17:0x00000001  x6=0x00000001
     342195.000 ns	     34218	80007114	0171f0b3	and	x1,x3,x23	  x3:0x00000000 x23:0x00000000  x1=0x00000000
     342205.000 ns	     34219	80007118	00000013	addi	x0,x0,0	  x0:0x00000000
     342225.000 ns	     34221	8000711c	c0029ad3	fcvt.w.s	x21,f5	  f5:0xff800000 x21=0x80000000
     342255.000 ns	     34224	80007120	a13921d3	feq.s	x3,f18,f19	 f18:0x3f800000 f19:0x7fc00000  x3=0x00000000
     342285.000 ns	     34227	80007124	a0279953	flt.s	x18,f15,f2	 f15:0x7f800000  f2:0xff800000 x18=0x00000000
     342315.000 ns	     34230	80007128	20342f53	fsgnjx.s	f30,f8,f3	  f8:0xce000000  f3:0x7fc00000 f30=0xce000000
     342335.000 ns	     34232	8000712c	cb627893	andi	x17,x4,-842	  x4:0x00000000 x17=0x00000000
     342365.000 ns	     34235	80007130	180af053	fdiv.s	f0,f21,f0	 f21:0x4dffffff  f0:0x80000000  f0=0xff800000
     342385.000 ns	     34237	80007134	70e4c613	xori	x12,x9,1806	  x9:0x00000000 x12=0x0000070e
     342395.000 ns	     34238	80007138	90a4c213	xori	x4,x9,-1782	  x9:0x00000000  x4=0xfffff90a
     342415.000 ns	     34240	8000713c	e00684d3	fmv.x.w	x9,f13	 f13:0x00000000  x9=0x00000000
     342435.000 ns	     34242	80007140	01cea3b3	slt	x7,x29,x28	 x29:0x00000000 x28:0x80041024  x7=0x00000000
     342455.000 ns	     34244	80007144	c00cbd53	fcvt.w.s	x26,f25	 f25:0x3f800000 x26=0x00000001
     342495.000 ns	     34248	80007148	1066f353	fmul.s	f6,f13,f6	 f13:0x00000000  f6:0x7fc00000  f6=0x7fc00000
     342525.000 ns	     34251	8000714c	021b9cb3	mulh	x25,x23,x1	 x23:0x00000000  x1:0x00000000 x25=0x00000000
     342545.000 ns	     34253	80007150	40e7db13	srai	x22,x15,0xe	 x15:0x00000000 x22=0x00000000
     342555.000 ns	     34254	80007154	00be72b3	and	x5,x28,x11	 x28:0x80041024 x11:0xf24b5688  x5=0x80001000
     342565.000 ns	     34255	80007158	95282c93	slti	x25,x16,-1710	 x16:0xffffffff x25=0x00000000
     342605.000 ns	     34259	8000715c	015ec253	fadd.s	f4,f29,f21	 f29:0x00000000 f21:0x4dffffff  f4=0x4dffffff
     342625.000 ns	     34261	80007160	37640ab7	lui	x21,0x37640	 x21=0x37640000
     342635.000 ns	     34262	80007164	00f20a33	add	x20,x4,x15	  x4:0xfffff90a x15:0x00000000 x20=0xfffff90a
     342645.000 ns	     34263	80007168	009cdcb3	srl	x25,x25,x9	 x25:0x00000000  x9:0x00000000 x25=0x00000000
     342665.000 ns	     34265	8000716c	285d9f53	fmax.s	f30,f27,f5	 f27:0x34e6a221  f5:0xff800000 f30=0x34e6a221
     342685.000 ns	     34267	80007170	003ed1b3	srl	x3,x29,x3	 x29:0x00000000  x3:0x00000000  x3=0x00000000
     342695.000 ns	     34268	80007174	00e1dbb3	srl	x23,x3,x14	  x3:0x00000000 x14:0x00000000 x23=0x00000000
     343865.000 ns	     34385	80007178	580ca753	fsqrt.s	f14,f25	 f25:0x3f800000 f14=0x3f7fffae
     343915.000 ns	     34390	8000717c	00387fd3	fadd.s	f31,f16,f3	 f16:0x80000000  f3:0x7fc00000 f31=0x7fc00000
     343935.000 ns	     34392	80007180	000bc3b3	xor	x7,x23,x0	 x23:0x00000000  x0:0x00000000  x7=0x00000000
     343945.000 ns	     34393	80007184	01893a33	sltu	x20,x18,x24	 x18:0x00000000 x24:0x00000000 x20=0x00000000
     343965.000 ns	     34395	80007188	d004f353	fcvt.s.w	f6,x9	  x9:0x00000000  f6=0x00000000
     343995.000 ns	     34398	8000718c	d00813d3	fcvt.s.w	f7,x16	 x16:0xffffffff  f7=0xbf800000
     344025.000 ns	     34401	80007190	c007f7d3	fcvt.w.s	x15,f15	 f15:0x7f800000 x15=0x7fffffff
     344045.000 ns	     34403	80007194	01733433	sltu	x8,x6,x23	  x6:0x00000001 x23:0x00000000  x8=0x00000000
     344055.000 ns	     34404	80007198	01f3ecb3	or	x25,x7,x31	  x7:0x00000000 x31:0x00000000 x25=0x00000000
     344075.000 ns	     34406	8000719c	0349c833	div	x16,x19,x20	 x19:0x00000000 x20:0x00000000 x16=0xffffffff
     344095.000 ns	     34408	800071a0	01415313	srli	x6,x2,0x14	  x2:0x80040fe4  x6=0x00000800
     344105.000 ns	     34409	800071a4	00805b13	srli	x22,x0,0x8	  x0:0x00000000 x22=0x00000000
     344125.000 ns	     34411	800071a8	a110a053	feq.s	x0,f1,f17	  f1:0x7fc00000 f17:0x00000000
     344145.000 ns	     34413	800071ac	01071733	sll	x14,x14,x16	 x14:0x00000000 x16:0xffffffff x14=0x00000000
     344165.000 ns	     34415	800071b0	036dcbb3	div	x23,x27,x22	 x27:0xffffffff x22:0x00000000 x23=0xffffffff
     344185.000 ns	     34417	800071b4	1d2fd837	lui	x16,0x1d2fd	 x16=0x1d2fd000
     344215.000 ns	     34420	800071b8	5806f653	fsqrt.s	f12,f13	 f13:0x00000000 f12=0x00000000
     344235.000 ns	     34422	800071bc	1b9ce813	ori	x16,x25,441	 x25:0x00000000 x16=0x000001b9
     344595.000 ns	     34458	800071c0	03c6e433	rem	x8,x13,x28	 x13:0x00000000 x28:0x80041024  x8=0x00000000
     344625.000 ns	     34461	800071c4	c01af7d3	fcvt.wu.s	x15,f21	 f21:0x4dffffff x15=0x1fffffe0
     344645.000 ns	     34463	800071c8	01c877b3	and	x15,x16,x28	 x16:0x000001b9 x28:0x80041024 x15=0x00000020
     344665.000 ns	     34465	800071cc	20b510d3	fsgnjn.s	f1,f10,f11	 f10:0x7fc00000 f11:0x00000680  f1=0xffc00000
     344695.000 ns	     34468	800071d0	217eabd3	fsgnjx.s	f23,f29,f23	 f29:0x00000000 f23:0x3f7fff38 f23=0x00000000
     344715.000 ns	     34470	800071d4	0059a2b3	slt	x5,x19,x5	 x19:0x00000000  x5:0x80001000  x5=0x00000000
     344735.000 ns	     34472	800071d8	d00df4d3	fcvt.s.w	f9,x27	 x27:0xffffffff  f9=0xbf800000
     344755.000 ns	     34474	800071dc	007e9ab3	sll	x21,x29,x7	 x29:0x00000000  x7:0x00000000 x21=0x00000000
     344765.000 ns	     34475	800071e0	b6a17693	andi	x13,x2,-1174	  x2:0x80040fe4 x13=0x80040b60
     344805.000 ns	     34479	800071e4	0980fd53	fsub.s	f26,f1,f24	  f1:0xffc00000 f24:0x00000000 f26=0x7fc00000
     344825.000 ns	     34481	800071e8	00000013	addi	x0,x0,0	  x0:0x00000000
     344845.000 ns	     34483	800071ec	20560c53	fsgnj.s	f24,f12,f5	 f12:0x00000000  f5:0xff800000 f24=0x80000000
     344865.000 ns	     34485	800071f0	7506b493	sltiu	x9,x13,1872	 x13:0x80040b60  x9=0x00000000
     344885.000 ns	     34487	800071f4	a1670a53	fle.s	x20,f14,f22	 f14:0x3f7fffae f22:0x7fc00000 x20=0x00000000
     344905.000 ns	     34489	800071f8	00000013	addi	x0,x0,0	  x0:0x00000000
     344925.000 ns	     34491	800071fc	03f3e3b3	rem	x7,x7,x31	  x7:0x00000000 x31:0x00000000  x7=0x00000000
     344945.000 ns	     34493	80007200	38fc4d93	xori	x27,x24,911	 x24:0x00000000 x27=0x0000038f
     345305.000 ns	     34529	80007204	03af4233	div	x4,x30,x26	 x30:0x00000000 x26:0x00000001  x4=0x00000000
     345325.000 ns	     34531	80007208	417e5213	srai	x4,x28,0x17	 x28:0x80041024  x4=0xffffff00
     345345.000 ns	     34533	8000720c	033c4eb3	div	x29,x24,x19	 x24:0x00000000 x19:0x00000000 x29=0xffffffff
     345365.000 ns	     34535	80007210	01e070b3	and	x1,x0,x30	  x0:0x00000000 x30:0x00000000  x1=0x00000000
     345375.000 ns	     34536	80007214	0149ecb3	or	x25,x19,x20	 x19:0x00000000 x20:0x00000000 x25=0x00000000
     345395.000 ns	     34538	80007218	f00a8a53	fmv.w.x	f20,x21	 x21:0x00000000 f20=0x00000000
     345415.000 ns	     34540	8000721c	00551033	sll	x0,x10,x5	 x10:0x00000000  x5:0x00000000
     345425.000 ns	     34541	80007220	00088533	add	x10,x17,x0	 x17:0x00000000  x0:0x00000000 x10=0x00000000
     345435.000 ns	     34542	80007224	cd8f8993	addi	x19,x31,-808	 x31:0x00000000 x19=0xfffffcd8
     345795.000 ns	     34578	80007228	03a5d7b3	divu	x15,x11,x26	 x11:0xf24b5688 x26:0x00000001 x15=0xf24b5688
     345815.000 ns	     34580	8000722c	417e8c33	sub	x24,x29,x23	 x29:0xffffffff x23:0xffffffff x24=0x00000000
     345855.000 ns	     34584	80007230	09bfac53	fsub.s	f24,f31,f27	 f31:0x7fc00000 f27:0x34e6a221 f24=0x7fc00000
     345875.000 ns	     34586	80007234	729cddb7	lui	x27,0x729cd	 x27=0x729cd000
     345895.000 ns	     34588	80007238	21d68653	fsgnj.s	f12,f13,f29	 f13:0x00000000 f29:0x00000000 f12=0x00000000
     345935.000 ns	     34592	8000723c	580d0953	fsqrt.s	f18,f26	 f26:0x7fc00000 f18=0x7fc00000
     345965.000 ns	     34595	80007240	0219c1b3	div	x3,x19,x1	 x19:0xfffffcd8  x1:0x00000000  x3=0xffffffff
     345995.000 ns	     34598	80007244	035cb2b3	mulhu	x5,x25,x21	 x25:0x00000000 x21:0x00000000  x5=0x00000000
     346015.000 ns	     34600	80007248	0094d9b3	srl	x19,x9,x9	  x9:0x00000000  x9:0x00000000 x19=0x00000000
     346035.000 ns	     34602	8000724c	a0b4af53	feq.s	x30,f9,f11	  f9:0xbf800000 f11:0x00000680 x30=0x00000000
     346065.000 ns	     34605	80007250	03e80033	mul	x0,x16,x30	 x16:0x000001b9 x30:0x00000000
     346095.000 ns	     34608	80007254	294f14d3	fmax.s	f9,f30,f20	 f30:0x34e6a221 f20:0x00000000  f9=0x34e6a221
     346125.000 ns	     34611	80007258	a0d227d3	feq.s	x15,f4,f13	  f4:0x4dffffff f13:0x00000000 x15=0x00000000
     346145.000 ns	     34613	8000725c	b7a6a7b7	lui	x15,0xb7a6a	 x15=0xb7a6a000
     346155.000 ns	     34614	80007260	013271b3	and	x3,x4,x19	  x4:0xffffff00 x19:0x00000000  x3=0x00000000
     346175.000 ns	     34616	80007264	a0480b53	fle.s	x22,f16,f4	 f16:0x80000000  f4:0x4dffffff x22=0x00000001
     346225.000 ns	     34621	80007268	01c8c753	fadd.s	f14,f17,f28	 f17:0x00000000 f28:0x470ea8ab f14=0x470ea8ab
     346255.000 ns	     34624	8000726c	027fb8b3	mulhu	x17,x31,x7	 x31:0x00000000  x7:0x00000000 x17=0x00000000
     346275.000 ns	     34626	80007270	01988833	add	x16,x17,x25	 x17:0x00000000 x25:0x00000000 x16=0x00000000
     346295.000 ns	     34628	80007274	d01afad3	fcvt.s.wu	f21,x21	 x21:0x00000000 f21=0x00000000
     346325.000 ns	     34631	80007278	e00c84d3	fmv.x.w	x9,f25	 f25:0x3f800000  x9=0x3f800000
     346355.000 ns	     34634	8000727c	03823933	mulhu	x18,x4,x24	  x4:0xffffff00 x24:0x00000000 x18=0x00000000
     346385.000 ns	     34637	80007280	023fb433	mulhu	x8,x31,x3	 x31:0x00000000  x3:0x00000000  x8=0x00000000
     346405.000 ns	     34639	80007284	00600433	add	x8,x0,x6	  x0:0x00000000  x6:0x00000800  x8=0x00000800
     346415.000 ns	     34640	80007288	0b3e0a93	addi	x21,x28,179	 x28:0x80041024 x21=0x800410d7
     346425.000 ns	     34641	8000728c	407b87b3	sub	x15,x23,x7	 x23:0xffffffff  x7:0x00000000 x15=0xffffffff
     346435.000 ns	     34642	80007290	0fe66013	ori	x0,x12,254	 x12:0x0000070e
     346455.000 ns	     34644	80007294	c01cfa53	fcvt.wu.s	x20,f25	 f25:0x3f800000 x20=0x00000001
     346475.000 ns	     34646	80007298	0105aeb3	slt	x29,x11,x16	 x11:0xf24b5688 x16:0x00000000 x29=0x00000001
     346485.000 ns	     34647	8000729c	0067a9b3	slt	x19,x15,x6	 x15:0xffffffff  x6:0x00000800 x19=0x00000001
     346495.000 ns	     34648	800072a0	00000013	addi	x0,x0,0	  x0:0x00000000
     346515.000 ns	     34650	800072a4	29310153	fmin.s	f2,f2,f19	  f2:0xff800000 f19:0x7fc00000  f2=0xff800000
     346535.000 ns	     34652	800072a8	00000013	addi	x0,x0,0	  x0:0x00000000
     346555.000 ns	     34654	800072ac	026d8233	mul	x4,x27,x6	 x27:0x729cd000  x6:0x00000800  x4=0xe6800000
     346595.000 ns	     34658	800072b0	5800f0d3	fsqrt.s	f1,f1	  f1:0xffc00000  f1=0x7fc00000
     346635.000 ns	     34662	800072b4	5806bad3	fsqrt.s	f21,f13	 f13:0x00000000 f21=0x00000000
     346655.000 ns	     34664	800072b8	00865bb3	srl	x23,x12,x8	 x12:0x0000070e  x8:0x00000800 x23=0x0000070e
     346675.000 ns	     34666	800072bc	a0db8bd3	fle.s	x23,f23,f13	 f23:0x00000000 f13:0x00000000 x23=0x00000001
     346695.000 ns	     34668	800072c0	00744a33	xor	x20,x8,x7	  x8:0x00000800  x7:0x00000000 x20=0x00000800
     347055.000 ns	     34704	800072c4	02937233	remu	x4,x6,x9	  x6:0x00000800  x9:0x3f800000  x4=0x00000800
     347085.000 ns	     34707	800072c8	0284b533	mulhu	x10,x9,x8	  x9:0x3f800000  x8:0x00000800 x10=0x000001fc
     347105.000 ns	     34709	800072cc	b216ca93	xori	x21,x13,-1247	 x13:0x80040b60 x21=0x7ffbf041
     347125.000 ns	     34711	800072d0	21e4a5d3	fsgnjx.s	f11,f9,f30	  f9:0x34e6a221 f30:0x34e6a221 f11=0x34e6a221
     347495.000 ns	     34748	800072d4	02b1f3b3	remu	x7,x3,x11	  x3:0x00000000 x11:0xf24b5688  x7=0x00000000
     347515.000 ns	     34750	800072d8	01becb33	xor	x22,x29,x27	 x29:0x00000001 x27:0x729cd000 x22=0x729cd001
     347525.000 ns	     34751	800072dc	070e2f17	auipc	x30,0x70e2	 x30=0x870e92dc
     347545.000 ns	     34753	800072e0	28e21e53	fmax.s	f28,f4,f14	  f4:0x4dffffff f14:0x470ea8ab f28=0x4dffffff
     347565.000 ns	     34755	800072e4	40a88a33	sub	x20,x17,x10	 x17:0x00000000 x10:0x000001fc x20=0xfffffe04
     347925.000 ns	     34791	800072e8	026a5db3	divu	x27,x20,x6	 x20:0x00000800  x6:0x00000800 x27=0x001fffff
     347955.000 ns	     34794	800072ec	a18829d3	feq.s	x19,f16,f24	 f16:0x80000000 f24:0x7fc00000 x19=0x00000000
     347985.000 ns	     34797	800072f0	f0060c53	fmv.w.x	f24,x12	 x12:0x0000070e f24=0x0000070e
     348005.000 ns	     34799	800072f4	00000013	addi	x0,x0,0	  x0:0x00000000
     348015.000 ns	     34800	800072f8	4fba8b93	addi	x23,x21,1275	 x21:0x7ffbf041 x23=0x7ffbf53c
     348035.000 ns	     34802	800072fc	020d91b3	mulh	x3,x27,x0	 x27:0x001fffff  x0:0x00000000  x3=0x00000000
     348085.000 ns	     34807	80007300	01f32c53	fadd.s	f24,f6,f31	  f6:0x00000000 f31:0x7fc00000 f24=0x7fc00000
     348105.000 ns	     34809	80007304	01469b33	sll	x22,x13,x20	 x13:0x80040b60 x20:0xfffffe04 x22=0x0040b600
     348145.000 ns	     34813	80007308	08542c53	fsub.s	f24,f8,f5	  f8:0xce000000  f5:0xff800000 f24=0x7f800000
     348165.000 ns	     34815	8000730c	019666b3	or	x13,x12,x25	 x12:0x0000070e x25:0x00000000 x13=0x0000070e
     348175.000 ns	     34816	80007310	01ef1e93	slli	x29,x30,0x1e	 x30:0x870e92dc x29=0x00000000
     348185.000 ns	     34817	80007314	0191fdb3	and	x27,x3,x25	  x3:0x00000000 x25:0x00000000 x27=0x00000000
     348205.000 ns	     34819	80007318	a029a453	feq.s	x8,f19,f2	 f19:0x7fc00000  f2:0xff800000  x8=0x00000000
     348235.000 ns	     34822	8000731c	e0001d53	fclass.s	x26,f0	  f0:0xff800000 x26=0x00000001
     348285.000 ns	     34827	80007320	015af3d3	fadd.s	f7,f21,f21	 f21:0x00000000 f21:0x00000000  f7=0x00000000
     348305.000 ns	     34829	80007324	00c11533	sll	x10,x2,x12	  x2:0x80040fe4 x12:0x0000070e x10=0x03f90000
     348315.000 ns	     34830	80007328	01b89033	sll	x0,x17,x27	 x17:0x00000000 x27:0x00000000
     348325.000 ns	     34831	8000732c	00f8b633	sltu	x12,x17,x15	 x17:0x00000000 x15:0xffffffff x12=0x00000001
     348335.000 ns	     34832	80007330	01494333	xor	x6,x18,x20	 x18:0x00000000 x20:0xfffffe04  x6=0xfffffe04
     348345.000 ns	     34833	80007334	85bd8a93	addi	x21,x27,-1957	 x27:0x00000000 x21=0xfffff85b
     348365.000 ns	     34835	80007338	d00fb453	fcvt.s.w	f8,x31	 x31:0x00000000  f8=0x00000000
     348385.000 ns	     34837	8000733c	01d2db13	srli	x22,x5,0x1d	  x5:0x00000000 x22=0x00000000
     348395.000 ns	     34838	80007340	00284933	xor	x18,x16,x2	 x16:0x00000000  x2:0x80040fe4 x18=0x80040fe4
     348405.000 ns	     34839	80007344	34fc3493	sltiu	x9,x24,847	 x24:0x00000000  x9=0x00000001
     348425.000 ns	     34841	80007348	29f391d3	fmax.s	f3,f7,f31	  f7:0x00000000 f31:0x7fc00000  f3=0x00000000
     348445.000 ns	     34843	8000734c	e1ca4097	auipc	x1,0xe1ca4	  x1=0x61cab34c
     348465.000 ns	     34845	80007350	c01c7d53	fcvt.wu.s	x26,f24	 f24:0x7f800000 x26=0xffffffff
     348495.000 ns	     34848	80007354	02c9aeb3	mulhsu	x29,x19,x12	 x19:0x00000000 x12:0x00000001 x29=0x00000000
     348515.000 ns	     34850	80007358	01abe8b3	or	x17,x23,x26	 x23:0x7ffbf53c x26:0xffffffff x17=0xffffffff
     348525.000 ns	     34851	8000735c	40278d33	sub	x26,x15,x2	 x15:0xffffffff  x2:0x80040fe4 x26=0x7ffbf01b
     348535.000 ns	     34852	80007360	0158b733	sltu	x14,x17,x21	 x17:0x00000000 x21:0xfffff85b x14=0x00000000
     348555.000 ns	     34854	80007364	a0bead53	feq.s	x26,f29,f11	 f29:0x00000000 f11:0x34e6a221 x26=0x00000000
     348585.000 ns	     34857	80007368	21998f53	fsgnj.s	f30,f19,f25	 f19:0x7fc00000 f25:0x3f800000 f30=0x7fc00000
     348615.000 ns	     34860	8000736c	a0379553	flt.s	x10,f15,f3	 f15:0x7f800000  f3:0x00000000 x10=0x00000000
     348645.000 ns	     34863	80007370	29829ed3	fmax.s	f29,f5,f24	  f5:0xff800000 f24:0x7f800000 f29=0x7f800000
     348685.000 ns	     34867	80007374	18967a53	fdiv.s	f20,f12,f9	 f12:0x00000000  f9:0x34e6a221 f20=0x00000000
     348715.000 ns	     34870	80007378	c015f3d3	fcvt.wu.s	x7,f11	 f11:0x34e6a221  x7=0x00000000
     348745.000 ns	     34873	8000737c	02ed0633	mul	x12,x26,x14	 x26:0x00000000 x14:0x00000000 x12=0x00000000
     348775.000 ns	     34876	80007380	d01f7ed3	fcvt.s.wu	f29,x30	 x30:0x870e92dc f29=0x4f070e92
     348805.000 ns	     34879	80007384	0260a633	mulhsu	x12,x1,x6	  x1:0x61cab34c  x6:0xfffffe04 x12=0x61cab289
     348835.000 ns	     34882	80007388	02e43b33	mulhu	x22,x8,x14	  x8:0x00000000 x14:0x00000000 x22=0x00000000
     348865.000 ns	     34885	8000738c	a0058ad3	fle.s	x21,f11,f0	 f11:0x34e6a221  f0:0xff800000 x21=0x00000000
     348895.000 ns	     34888	80007390	02fbb1b3	mulhu	x3,x23,x15	 x23:0x7ffbf53c x15:0xffffffff  x3=0x7ffbf53b
     348915.000 ns	     34890	80007394	01f91393	slli	x7,x18,0x1f	 x18:0x80040fe4  x7=0x00000000
     348935.000 ns	     34892	80007398	f00c8753	fmv.w.x	f14,x25	 x25:0x00000000 f14=0x00000000
     348955.000 ns	     34894	8000739c	0c3b6813	ori	x16,x22,195	 x22:0x00000000 x16=0x000000c3
     348975.000 ns	     34896	800073a0	028f3b33	mulhu	x22,x30,x8	 x30:0x870e92dc  x8:0x00000000 x22=0x00000000
     349005.000 ns	     34899	800073a4	e0000f53	fmv.x.w	x30,f0	  f0:0xff800000 x30=0xff800000
     349025.000 ns	     34901	800073a8	48c58ab7	lui	x21,0x48c58	 x21=0x48c58000
     349045.000 ns	     34903	800073ac	02d82eb3	mulhsu	x29,x16,x13	 x16:0x000000c3 x13:0x0000070e x29=0x00000000
     349065.000 ns	     34905	800073b0	409583b3	sub	x7,x11,x9	 x11:0xf24b5688  x9:0x00000001  x7=0xf24b5687
     349085.000 ns	     34907	800073b4	203b0ad3	fsgnj.s	f21,f22,f3	 f22:0x7fc00000  f3:0x00000000 f21=0x7fc00000
     349115.000 ns	     34910	800073b8	027a01b3	mul	x3,x20,x7	 x20:0xfffffe04  x7:0x00000000  x3=0x32804c1c
     349135.000 ns	     34912	800073bc	01065b13	srli	x22,x12,0x10	 x12:0x61cab289 x22=0x000061ca
     349155.000 ns	     34914	800073c0	296d8bd3	fmin.s	f23,f27,f22	 f27:0x34e6a221 f22:0x7fc00000 f23=0x34e6a221
     349175.000 ns	     34916	800073c4	01d3ad33	slt	x26,x7,x29	  x7:0xf24b5687 x29:0x00000000 x26=0x00000001
     349185.000 ns	     34917	800073c8	406fd313	srai	x6,x31,0x6	 x31:0x00000000  x6=0x00000000
     349195.000 ns	     34918	800073cc	00a936b3	sltu	x13,x18,x10	 x18:0x80040fe4 x10:0x00000000 x13=0x00000000
     349205.000 ns	     34919	800073d0	9a8a5e97	auipc	x29,0x9a8a5	 x29=0x1a8ac3d0
     349215.000 ns	     34920	800073d4	83fa8f13	addi	x30,x21,-1985	 x21:0x48c58000 x30=0x48c5783f
     349225.000 ns	     34921	800073d8	01b32db3	slt	x27,x6,x27	  x6:0x00000000 x27:0x00000000 x27=0x00000000
     349245.000 ns	     34923	800073dc	e00486d3	fmv.x.w	x13,f9	  f9:0x34e6a221 x13=0x34e6a221
     349275.000 ns	     34926	800073e0	21dc2e53	fsgnjx.s	f28,f24,f29	 f24:0x7f800000 f29:0x4f070e92 f28=0x7f800000
     349305.000 ns	     34929	800073e4	e00a8ed3	fmv.x.w	x29,f21	 f21:0x7fc00000 x29=0x7fc00000
     349335.000 ns	     34932	800073e8	03f348b3	div	x17,x6,x31	  x6:0x00000000 x31:0x00000000 x17=0xffffffff
     349365.000 ns	     34935	800073ec	20621ed3	fsgnjn.s	f29,f4,f6	  f4:0x4dffffff  f6:0x00000000 f29=0xcdffffff
     349385.000 ns	     34937	800073f0	009f5d93	srli	x27,x30,0x9	 x30:0x48c5783f x27=0x002462bc
     349395.000 ns	     34938	800073f4	0035ea33	or	x20,x11,x3	 x11:0xf24b5688  x3:0x32804c1c x20=0xf2cb5e9c
     349405.000 ns	     34939	800073f8	01aa1233	sll	x4,x20,x26	 x20:0xfffffe04 x26:0x00000001  x4=0xe596bd38
     349415.000 ns	     34940	800073fc	41a25393	srai	x7,x4,0x1a	  x4:0x00000800  x7=0xfffffff9
     349425.000 ns	     34941	80007400	26772213	slti	x4,x14,615	 x14:0x00000000  x4=0x00000001
     349435.000 ns	     34942	80007404	34922b93	slti	x23,x4,841	  x4:0xe596bd38 x23=0x00000001
     349445.000 ns	     34943	80007408	01d1d693	srli	x13,x3,0x1d	  x3:0x32804c1c x13=0x00000001
     349455.000 ns	     34944	8000740c	00000013	addi	x0,x0,0	  x0:0x00000000
     349465.000 ns	     34945	80007410	008b9cb3	sll	x25,x23,x8	 x23:0x00000001  x8:0x00000000 x25=0x00000001
     349485.000 ns	     34947	80007414	28299653	fmax.s	f12,f19,f2	 f19:0x7fc00000  f2:0xff800000 f12=0xff800000
     349505.000 ns	     34949	80007418	00231b93	slli	x23,x6,0x2	  x6:0x00000000 x23=0x00000000
     349515.000 ns	     34950	8000741c	01bc7c33	and	x24,x24,x27	 x24:0x00000000 x27:0x002462bc x24=0x00000000
     349535.000 ns	     34952	80007420	03cd9c33	mulh	x24,x27,x28	 x27:0x002462bc x28:0x80041024 x24=0xffedcf35
     349555.000 ns	     34954	80007424	016fb7b3	sltu	x15,x31,x22	 x31:0x00000000 x22:0x000061ca x15=0x00000001
     349565.000 ns	     34955	80007428	017b2db3	slt	x27,x22,x23	 x22:0x000061ca x23:0x00000000 x27=0x00000000
     349575.000 ns	     34956	8000742c	008353b3	srl	x7,x6,x8	  x6:0x00000000  x8:0x00000000  x7=0x00000000
     349605.000 ns	     34959	80007430	10889653	fmul.s	f12,f17,f8	 f17:0x00000000  f8:0x00000000 f12=0x00000000
     349635.000 ns	     34962	80007434	02ecbc33	mulhu	x24,x25,x14	 x25:0x00000001 x14:0x00000000 x24=0x00000000
     349665.000 ns	     34965	80007438	a1e08753	fle.s	x14,f1,f30	  f1:0x7fc00000 f30:0x7fc00000 x14=0x00000000
     349685.000 ns	     34967	8000743c	017da3b3	slt	x7,x27,x23	 x27:0x00000000 x23:0x00000000  x7=0x00000000
     349705.000 ns	     34969	80007440	02928ab3	mul	x21,x5,x9	  x5:0x00000000  x9:0x00000001 x21=0x00000000
     349735.000 ns	     34972	80007444	29c88053	fmin.s	f0,f17,f28	 f17:0x00000000 f28:0x7f800000  f0=0x00000000
     350105.000 ns	     35009	80007448	0234fa33	remu	x20,x9,x3	  x9:0x00000001  x3:0x32804c1c x20=0x00000001
     350125.000 ns	     35011	8000744c	40d480b3	sub	x1,x9,x13	  x9:0x00000001 x13:0x00000001  x1=0x00000000
     350145.000 ns	     35013	80007450	f00a05d3	fmv.w.x	f11,x20	 x20:0x00000001 f11=0x00000001
     350165.000 ns	     35015	80007454	66c72013	slti	x0,x14,1644	 x14:0x00000000
     350185.000 ns	     35017	80007458	20e402d3	fsgnj.s	f5,f8,f14	  f8:0x00000000 f14:0x00000000  f5=0x00000000
     350215.000 ns	     35020	8000745c	f00e8cd3	fmv.w.x	f25,x29	 x29:0x7fc00000 f25=0x7fc00000
     350235.000 ns	     35022	80007460	c7cc8bb7	lui	x23,0xc7cc8	 x23=0xc7cc8000
     350255.000 ns	     35024	80007464	02de8fb3	mul	x31,x29,x13	 x29:0x7fc00000 x13:0x00000001 x31=0x7fc00000
     350275.000 ns	     35026	80007468	bf10af93	slti	x31,x1,-1039	  x1:0x00000000 x31=0x00000000
     350285.000 ns	     35027	8000746c	014693b3	sll	x7,x13,x20	 x13:0x00000001 x20:0x00000001  x7=0x00000002
     350295.000 ns	     35028	80007470	417d5613	srai	x12,x26,0x17	 x26:0x00000001 x12=0x00000000
     350315.000 ns	     35030	80007474	02ca74b3	remu	x9,x20,x12	 x20:0x00000001 x12:0x61cab289  x9=0x00000001
     350345.000 ns	     35033	80007478	21a29e53	fsgnjn.s	f28,f5,f26	  f5:0x00000000 f26:0x7fc00000 f28=0x80000000
     350375.000 ns	     35036	8000747c	a0549f53	flt.s	x30,f9,f5	  f9:0x34e6a221  f5:0x00000000 x30=0x00000000
     350405.000 ns	     35039	80007480	d007f453	fcvt.s.w	f8,x15	 x15:0x00000001  f8=0x3f800000
     350425.000 ns	     35041	80007484	008a6cb3	or	x25,x20,x8	 x20:0x00000001  x8:0x00000000 x25=0x00000001
     350445.000 ns	     35043	80007488	a145a3d3	feq.s	x7,f11,f20	 f11:0x00000001 f20:0x00000000  x7=0x00000000
     350465.000 ns	     35045	8000748c	00401bb3	sll	x23,x0,x4	  x0:0x00000000  x4:0x00000001 x23=0x00000000
     350475.000 ns	     35046	80007490	6a378213	addi	x4,x15,1699	 x15:0x00000001  x4=0x000006a4
     350505.000 ns	     35049	80007494	580574d3	fsqrt.s	f9,f10	 f10:0x7fc00000  f9=0x7fc00000
     350525.000 ns	     35051	80007498	018f7db3	and	x27,x30,x24	 x30:0x00000000 x24:0x00000000 x27=0x00000000
     350545.000 ns	     35053	8000749c	295c81d3	fmin.s	f3,f25,f21	 f25:0x7fc00000 f21:0x7fc00000  f3=0x7fc00000
     350565.000 ns	     35055	800074a0	401c5693	srai	x13,x24,0x1	 x24:0x00000000 x13=0x00000000
     350585.000 ns	     35057	800074a4	21da13d3	fsgnjn.s	f7,f20,f29	 f20:0x00000000 f29:0xcdffffff  f7=0x00000000
     350615.000 ns	     35060	800074a8	e0090753	fmv.x.w	x14,f18	 f18:0x7fc00000 x14=0x7fc00000
     350645.000 ns	     35063	800074ac	201e10d3	fsgnjn.s	f1,f28,f1	 f28:0x80000000  f1:0x7fc00000  f1=0x80000000
     350675.000 ns	     35066	800074b0	0258fab3	remu	x21,x17,x5	 x17:0xffffffff  x5:0x00000000 x21=0xffffffff
     350705.000 ns	     35069	800074b4	20cf0ad3	fsgnj.s	f21,f30,f12	 f30:0x7fc00000 f12:0x00000000 f21=0x7fc00000
     350725.000 ns	     35071	800074b8	2d878a13	addi	x20,x15,728	 x15:0x00000001 x20=0x000002d9
     350735.000 ns	     35072	800074bc	01068f33	add	x30,x13,x16	 x13:0x00000000 x16:0x000000c3 x30=0x000000c3
     350745.000 ns	     35073	800074c0	01c01d93	slli	x27,x0,0x1c	  x0:0x00000000 x27=0x00000000
     350765.000 ns	     35075	800074c4	02820d33	mul	x26,x4,x8	  x4:0x000006a4  x8:0x00000000 x26=0x00000000
     350785.000 ns	     35077	800074c8	f44c7d13	andi	x26,x24,-188	 x24:0x00000000 x26=0x00000000
     350805.000 ns	     35079	800074cc	a0de2a53	feq.s	x20,f28,f13	 f28:0x80000000 f13:0x00000000 x20=0x00000001
     350825.000 ns	     35081	800074d0	4770eb13	ori	x22,x1,1143	  x1:0x00000000 x22=0x00000477
     350865.000 ns	     35085	800074d4	0140f753	fadd.s	f14,f1,f20	  f1:0x80000000 f20:0x00000000 f14=0x00000000
     350895.000 ns	     35088	800074d8	033fa533	mulhsu	x10,x31,x19	 x31:0x00000000 x19:0x00000000 x10=0x00000000
     350925.000 ns	     35091	800074dc	e00f0253	fmv.x.w	x4,f30	 f30:0x7fc00000  x4=0x7fc00000
     350955.000 ns	     35094	800074e0	a15d0a53	fle.s	x20,f26,f21	 f26:0x7fc00000 f21:0x7fc00000 x20=0x00000000
     350975.000 ns	     35096	800074e4	0a554d13	xori	x26,x10,165	 x10:0x00000000 x26=0x000000a5
     350995.000 ns	     35098	800074e8	02555eb3	divu	x29,x10,x5	 x10:0x00000000  x5:0x00000000 x29=0xffffffff
     351035.000 ns	     35102	800074ec	18eb74d3	fdiv.s	f9,f22,f14	 f22:0x7fc00000 f14:0x00000000  f9=0x7fc00000
     351075.000 ns	     35106	800074f0	112efd53	fmul.s	f26,f29,f18	 f29:0xcdffffff f18:0x7fc00000 f26=0x7fc00000
     351095.000 ns	     35108	800074f4	00000013	addi	x0,x0,0	  x0:0x00000000
     351105.000 ns	     35109	800074f8	012a1993	slli	x19,x20,0x12	 x20:0x00000000 x19=0x00000000
     351115.000 ns	     35110	800074fc	01d5c433	xor	x8,x11,x29	 x11:0xf24b5688 x29:0xffffffff  x8=0x0db4a977
     351125.000 ns	     35111	80007500	0128e1b3	or	x3,x17,x18	 x17:0xffffffff x18:0x80040fe4  x3=0xffffffff
     351145.000 ns	     35113	80007504	02c3fb33	remu	x22,x7,x12	  x7:0x00000000 x12:0x00000000 x22=0x00000000
     351165.000 ns	     35115	80007508	00000013	addi	x0,x0,0	  x0:0x00000000
     351185.000 ns	     35117	8000750c	a0778c53	fle.s	x24,f15,f7	 f15:0x7f800000  f7:0x00000000 x24=0x00000000
     351205.000 ns	     35119	80007510	00cb5b33	srl	x22,x22,x12	 x22:0x00000000 x12:0x00000000 x22=0x00000000
     351225.000 ns	     35121	80007514	f0000553	fmv.w.x	f10,x0	  x0:0x00000000 f10=0x00000000
     351275.000 ns	     35126	80007518	01e17e53	fadd.s	f28,f2,f30	  f2:0xff800000 f30:0x7fc00000 f28=0x7fc00000
     351305.000 ns	     35129	8000751c	e00518d3	fclass.s	x17,f10	 f10:0x00000000 x17=0x00000010
     351335.000 ns	     35132	80007520	e0041dd3	fclass.s	x27,f8	  f8:0x3f800000 x27=0x00000040
     351705.000 ns	     35169	80007524	0323f4b3	remu	x9,x7,x18	  x7:0x00000000 x18:0x80040fe4  x9=0x00000000
     351735.000 ns	     35172	80007528	d0047a53	fcvt.s.w	f20,x8	  x8:0x0db4a977 f20=0x4d5b4a97
     351755.000 ns	     35174	8000752c	6fb2b693	sltiu	x13,x5,1787	  x5:0x00000000 x13=0x00000001
     351765.000 ns	     35175	80007530	4d69bc97	auipc	x25,0x4d69b	 x25=0xcd6a2530
     351785.000 ns	     35177	80007534	027ee0b3	rem	x1,x29,x7	 x29:0xffffffff  x7:0x00000000  x1=0xffffffff
     351805.000 ns	     35179	80007538	003a39b3	sltu	x19,x20,x3	 x20:0x00000000  x3:0xffffffff x19=0x00000001
     351815.000 ns	     35180	8000753c	6d142213	slti	x4,x8,1745	  x8:0x0db4a977  x4=0x00000000
     351825.000 ns	     35181	80007540	5d1e6793	ori	x15,x28,1489	 x28:0x80041024 x15=0x800415f5
     351845.000 ns	     35183	80007544	208d99d3	fsgnjn.s	f19,f27,f8	 f27:0x34e6a221  f8:0x3f800000 f19=0xb4e6a221
     351875.000 ns	     35186	80007548	e0040353	fmv.x.w	x6,f8	  f8:0x3f800000  x6=0x3f800000
     351895.000 ns	     35188	8000754c	bc343b93	sltiu	x23,x8,-1085	  x8:0x0db4a977 x23=0x00000001
     351905.000 ns	     35189	80007550	ee5abd97	auipc	x27,0xee5ab	 x27=0x6e5b2550
     351935.000 ns	     35192	80007554	11857d53	fmul.s	f26,f10,f24	 f10:0x00000000 f24:0x7f800000 f26=0x7fc00000
     351955.000 ns	     35194	80007558	ba5154b7	lui	x9,0xba515	  x9=0xba515000
     351975.000 ns	     35196	8000755c	20baa853	fsgnjx.s	f16,f21,f11	 f21:0x7fc00000 f11:0x00000001 f16=0x7fc00000
     351995.000 ns	     35198	80007560	0071c8b3	xor	x17,x3,x7	  x3:0xffffffff  x7:0x00000000 x17=0xffffffff
     352015.000 ns	     35200	80007564	020cd033	divu	x0,x25,x0	 x25:0xcd6a2530  x0:0x00000000
     352385.000 ns	     35237	80007568	02687933	remu	x18,x16,x6	 x16:0x000000c3  x6:0x3f800000 x18=0x000000c3
     352405.000 ns	     35239	8000756c	f37bb293	sltiu	x5,x23,-201	 x23:0x00000001  x5=0x00000001
     352765.000 ns	     35275	80007570	039c6233	rem	x4,x24,x25	 x24:0x00000000 x25:0xcd6a2530  x4=0x00000000
     352805.000 ns	     35279	80007574	10d2c4d3	fmul.s	f9,f5,f13	  f5:0x00000000 f13:0x00000000  f9=0x00000000
     352825.000 ns	     35281	80007578	11337193	andi	x3,x6,275	  x6:0x3f800000  x3=0x00000000
     352835.000 ns	     35282	8000757c	410a5bb3	sra	x23,x20,x16	 x20:0x00000000 x16:0x000000c3 x23=0x00000000
     352855.000 ns	     35284	80007580	e0081553	fclass.s	x10,f16	 f16:0x7fc00000 x10=0x00000200
     352885.000 ns	     35287	80007584	d0117453	fcvt.s.wu	f8,x2	  x2:0x80040fe4  f8=0x4f00040f
     352915.000 ns	     35290	80007588	e00a80d3	fmv.x.w	x1,f21	 f21:0x7fc00000  x1=0x7fc00000
     352935.000 ns	     35292	8000758c	00cedd13	srli	x26,x29,0xc	 x29:0xffffffff x26=0x000fffff
     352965.000 ns	     35295	80007590	580676d3	fsqrt.s	f13,f12	 f12:0x00000000 f13=0x00000000
     352985.000 ns	     35297	80007594	40575a33	sra	x20,x14,x5	 x14:0x7fc00000  x5:0x00000001 x20=0x3fe00000
     353005.000 ns	     35299	80007598	d0142dd3	fcvt.s.wu	f27,x8	  x8:0x0db4a977 f27=0x4d5b4a98
     353055.000 ns	     35304	8000759c	01bd7353	fadd.s	f6,f26,f27	 f26:0x7fc00000 f27:0x34e6a221  f6=0x7fc00000
     353085.000 ns	     35307	800075a0	28328ed3	fmin.s	f29,f5,f3	  f5:0x00000000  f3:0x7fc00000 f29=0x00000000
     353105.000 ns	     35309	800075a4	411d0db3	sub	x27,x26,x17	 x26:0x000fffff x17:0xffffffff x27=0x00100000
     353115.000 ns	     35310	800075a8	00000013	addi	x0,x0,0	  x0:0x00000000
     353135.000 ns	     35312	800075ac	e00c1953	fclass.s	x18,f24	 f24:0x7f800000 x18=0x00000080
     353165.000 ns	     35315	800075b0	020231b3	mulhu	x3,x4,x0	  x4:0x00000000  x0:0x00000000  x3=0x00000000
     353195.000 ns	     35318	800075b4	21a884d3	fsgnj.s	f9,f17,f26	 f17:0x00000000 f26:0x7fc00000  f9=0x00000000
     353215.000 ns	     35320	800075b8	01729c13	slli	x24,x5,0x17	  x5:0x00000001 x24=0x00800000
     353235.000 ns	     35322	800075bc	218ea9d3	fsgnjx.s	f19,f29,f24	 f29:0x00000000 f24:0x7f800000 f19=0x00000000
     353265.000 ns	     35325	800075c0	f0078ad3	fmv.w.x	f21,x15	 x15:0x800415f5 f21=0x800415f5
     353295.000 ns	     35328	800075c4	e0078a53	fmv.x.w	x20,f15	 f15:0x7f800000 x20=0x7f800000
     353315.000 ns	     35330	800075c8	00b2df33	srl	x30,x5,x11	  x5:0x00000001 x11:0xf24b5688 x30=0x00000000
     353335.000 ns	     35332	800075cc	e00c9d53	fclass.s	x26,f25	 f25:0x7fc00000 x26=0x00000200
     353355.000 ns	     35334	800075d0	9fb06313	ori	x6,x0,-1541	  x0:0x00000000  x6=0xfffff9fb
     353375.000 ns	     35336	800075d4	020d7ab3	remu	x21,x26,x0	 x26:0x00000200  x0:0x00000000 x21=0x00000200
     353395.000 ns	     35338	800075d8	0106a033	slt	x0,x13,x16	 x13:0x00000001 x16:0x000000c3
     353405.000 ns	     35339	800075dc	00d01db3	sll	x27,x0,x13	  x0:0x00000000 x13:0x00000001 x27=0x00000000
     353425.000 ns	     35341	800075e0	2000afd3	fsgnjx.s	f31,f1,f0	  f1:0x80000000  f0:0x00000000 f31=0x80000000
     353455.000 ns	     35344	800075e4	02790433	mul	x8,x18,x7	 x18:0x00000080  x7:0x00000000  x8=0x00000000
     353485.000 ns	     35347	800075e8	20730b53	fsgnj.s	f22,f6,f7	  f6:0x7fc00000  f7:0x00000000 f22=0x7fc00000
     353515.000 ns	     35350	800075ec	0351a3b3	mulhsu	x7,x3,x21	  x3:0x00000000 x21:0x00000200  x7=0x00000000
     353535.000 ns	     35352	800075f0	60d22513	slti	x10,x4,1549	  x4:0x00000000 x10=0x00000001
     353555.000 ns	     35354	800075f4	d0167153	fcvt.s.wu	f2,x12	 x12:0x00000000  f2=0x00000000
     353575.000 ns	     35356	800075f8	0017d513	srli	x10,x15,0x1	 x15:0x800415f5 x10=0x40020afa
     353585.000 ns	     35357	800075fc	40aa5633	sra	x12,x20,x10	 x20:0x7f800000 x10:0x00000001 x12=0x0000001f
     353605.000 ns	     35359	80007600	28a481d3	fmin.s	f3,f9,f10	  f9:0x00000000 f10:0x00000000  f3=0x00000000
     353655.000 ns	     35364	80007604	01ec2cd3	fadd.s	f25,f24,f30	 f24:0x7f800000 f30:0x7fc00000 f25=0x7fc00000
     353675.000 ns	     35366	80007608	01eb1393	slli	x7,x22,0x1e	 x22:0x00000000  x7=0x00000000
     353695.000 ns	     35368	8000760c	a0239dd3	flt.s	x27,f7,f2	  f7:0x00000000  f2:0x00000000 x27=0x00000000
     353745.000 ns	     35373	80007610	08390f53	fsub.s	f30,f18,f3	 f18:0x7fc00000  f3:0x00000000 f30=0x7fc00000
     353775.000 ns	     35376	80007614	c01049d3	fcvt.wu.s	x19,f0	  f0:0x00000000 x19=0x00000000
     353805.000 ns	     35379	80007618	28a01953	fmax.s	f18,f0,f10	  f0:0x00000000 f10:0x00000000 f18=0x00000000
     353825.000 ns	     35381	8000761c	f4680713	addi	x14,x16,-186	 x16:0x000000c3 x14=0x00000009
     353835.000 ns	     35382	80007620	01563bb3	sltu	x23,x12,x21	 x12:0x0000001f x21:0x00000200 x23=0x00000001
     353855.000 ns	     35384	80007624	03fbc6b3	div	x13,x23,x31	 x23:0x00000000 x31:0x00000000 x13=0xffffffff
     353885.000 ns	     35387	80007628	03eb59b3	divu	x19,x22,x30	 x22:0x00000000 x30:0x00000000 x19=0xffffffff
     353915.000 ns	     35390	8000762c	287112d3	fmax.s	f5,f2,f7	  f2:0x00000000  f7:0x00000000  f5=0x00000000
     353935.000 ns	     35392	80007630	01e868b3	or	x17,x16,x30	 x16:0x000000c3 x30:0x00000000 x17=0x000000c3
     353955.000 ns	     35394	80007634	f00f0953	fmv.w.x	f18,x30	 x30:0x00000000 f18=0x00000000
     353975.000 ns	     35396	80007638	012be233	or	x4,x23,x18	 x23:0x00000001 x18:0x00000080  x4=0x00000081
     354005.000 ns	     35399	8000763c	11f5b8d3	fmul.s	f17,f11,f31	 f11:0x00000001 f31:0x80000000 f17=0x80000000
     354025.000 ns	     35401	80007640	40545fb3	sra	x31,x8,x5	  x8:0x00000000  x5:0x00000001 x31=0x00000000
     354045.000 ns	     35403	80007644	f0008b53	fmv.w.x	f22,x1	  x1:0x7fc00000 f22=0x7fc00000
     354075.000 ns	     35406	80007648	02fd3fb3	mulhu	x31,x26,x15	 x26:0x00000200 x15:0x800415f5 x31=0x00000100
     354095.000 ns	     35408	8000764c	beb9f293	andi	x5,x19,-1045	 x19:0xffffffff  x5=0xfffffbeb
     354115.000 ns	     35410	80007650	f0088853	fmv.w.x	f16,x17	 x17:0x000000c3 f16=0x000000c3
     354135.000 ns	     35412	80007654	6a7ac713	xori	x14,x21,1703	 x21:0x00000200 x14=0x000004a7
     354145.000 ns	     35413	80007658	01854db3	xor	x27,x10,x24	 x10:0x40020afa x24:0x00800000 x27=0x40820afa
     354155.000 ns	     35414	8000765c	013883b3	add	x7,x17,x19	 x17:0x000000c3 x19:0xffffffff  x7=0x000000c2
     354175.000 ns	     35416	80007660	d002f9d3	fcvt.s.w	f19,x5	  x5:0xfffffbeb f19=0xc482a000
     354195.000 ns	     35418	80007664	a3606537	lui	x10,0xa3606	 x10=0xa3606000
     354215.000 ns	     35420	80007668	c00f1d53	fcvt.w.s	x26,f30	 f30:0x7fc00000 x26=0x7fffffff
     354245.000 ns	     35423	8000766c	e0030653	fmv.x.w	x12,f6	  f6:0x7fc00000 x12=0x7fc00000
     354615.000 ns	     35460	80007670	02685633	divu	x12,x16,x6	 x16:0x000000c3  x6:0xfffff9fb x12=0x00000000
     354635.000 ns	     35462	80007674	013bfb33	and	x22,x23,x19	 x23:0x00000001 x19:0xffffffff x22=0x00000001
     354645.000 ns	     35463	80007678	00000013	addi	x0,x0,0	  x0:0x00000000
     354665.000 ns	     35465	8000767c	e00f0d53	fmv.x.w	x26,f30	 f30:0x7fc00000 x26=0x7fc00000
     354715.000 ns	     35470	80007680	081eb553	fsub.s	f10,f29,f1	 f29:0x00000000  f1:0x80000000 f10=0x00000000
     354745.000 ns	     35473	80007684	d0190e53	fcvt.s.wu	f28,x18	 x18:0x00000080 f28=0x43000000
     354765.000 ns	     35475	80007688	b000e813	ori	x16,x1,-1280	  x1:0x7fc00000 x16=0xfffffb00
     354775.000 ns	     35476	8000768c	41b55a93	srai	x21,x10,0x1b	 x10:0xa3606000 x21=0xfffffff4
     354785.000 ns	     35477	80007690	ac0def93	ori	x31,x27,-1344	 x27:0x40820afa x31=0xfffffafa
     354795.000 ns	     35478	80007694	00a756b3	srl	x13,x14,x10	 x14:0x000004a7 x10:0xa3606000 x13=0x000004a7
     354815.000 ns	     35480	80007698	c019c1d3	fcvt.wu.s	x3,f19	 f19:0xc482a000  x3=0x00000415
     354845.000 ns	     35483	8000769c	a1b02ed3	feq.s	x29,f0,f27	  f0:0x00000000 f27:0x4d5b4a98 x29=0x00000000
     354875.000 ns	     35486	800076a0	21c085d3	fsgnj.s	f11,f1,f28	  f1:0x80000000 f28:0x43000000 f11=0x00000000
     354895.000 ns	     35488	800076a4	00419d13	slli	x26,x3,0x4	  x3:0x00000415 x26=0x00004150
     354915.000 ns	     35490	800076a8	03b0a333	mulhsu	x6,x1,x27	  x1:0x7fc00000 x27:0x40820afa  x6=0x2030e4fa
     354945.000 ns	     35493	800076ac	a09998d3	flt.s	x17,f19,f9	 f19:0xc482a000  f9:0x00000000 x17=0x00000001
     354975.000 ns	     35496	800076b0	0271a2b3	mulhsu	x5,x3,x7	  x3:0x00000415  x7:0x000000c2  x5=0x00000000
     354995.000 ns	     35498	800076b4	3395c393	xori	x7,x11,825	 x11:0xf24b5688  x7=0xf24b55b1
     355005.000 ns	     35499	800076b8	00105db3	srl	x27,x0,x1	  x0:0x00000000  x1:0x7fc00000 x27=0x00000000
     355365.000 ns	     35535	800076bc	02d8fd33	remu	x26,x17,x13	 x17:0x00000001 x13:0x000004a7 x26=0x00000001
     355385.000 ns	     35537	800076c0	ce20b2b7	lui	x5,0xce20b	  x5=0xce20b000
     355745.000 ns	     35573	800076c4	031857b3	divu	x15,x16,x17	 x16:0xfffffb00 x17:0x00000001 x15=0xfffffb00
     355765.000 ns	     35575	800076c8	4039de93	srai	x29,x19,0x3	 x19:0xffffffff x29=0xffffffff
     355775.000 ns	     35576	800076cc	e74cc513	xori	x10,x25,-396	 x25:0xcd6a2530 x10=0x3295db44
     356135.000 ns	     35612	800076d0	03575433	divu	x8,x14,x21	 x14:0x000004a7 x21:0xfffffff4  x8=0x00000000
     356505.000 ns	     35649	800076d4	024fc8b3	div	x17,x31,x4	 x31:0xfffffafa  x4:0x00000081 x17=0xfffffff7
     356535.000 ns	     35652	800076d8	0332a733	mulhsu	x14,x5,x19	  x5:0xce20b000 x19:0xffffffff x14=0xce20b000
     356565.000 ns	     35655	800076dc	f00a0953	fmv.w.x	f18,x20	 x20:0x7f800000 f18=0x7f800000
     356595.000 ns	     35658	800076e0	03cf1633	mulh	x12,x30,x28	 x30:0x00000000 x28:0x80041024 x12=0x00000000
     356625.000 ns	     35661	800076e4	03fb02b3	mul	x5,x22,x31	 x22:0x00000001 x31:0xfffffafa  x5=0xfffffafa
     356655.000 ns	     35664	800076e8	03142b33	mulhsu	x22,x8,x17	  x8:0x00000000 x17:0xfffffff7 x22=0x00000000
     356685.000 ns	     35667	800076ec	a0540f53	fle.s	x30,f8,f5	  f8:0x4f00040f  f5:0x00000000 x30=0x00000000
     356735.000 ns	     35672	800076f0	082b36d3	fsub.s	f13,f22,f2	 f22:0x7fc00000  f2:0x00000000 f13=0x7fc00000
     356765.000 ns	     35675	800076f4	20990553	fsgnj.s	f10,f18,f9	 f18:0x7f800000  f9:0x00000000 f10=0x7f800000
     356785.000 ns	     35677	800076f8	01b20333	add	x6,x4,x27	  x4:0x00000081 x27:0x00000000  x6=0x00000081
     356795.000 ns	     35678	800076fc	784cbe93	sltiu	x29,x25,1924	 x25:0xcd6a2530 x29=0x00000000
     356815.000 ns	     35680	80007700	e0010cd3	fmv.x.w	x25,f2	  f2:0x00000000 x25=0x00000000
     356855.000 ns	     35684	80007704	5805aa53	fsqrt.s	f20,f11	 f11:0x00000000 f20=0x00000000
     356875.000 ns	     35686	80007708	016384b3	add	x9,x7,x22	  x7:0xf24b55b1 x22:0x00000000  x9=0xf24b55b1
     356885.000 ns	     35687	8000770c	41455013	srai	x0,x10,0x14	 x10:0x3295db44
     356895.000 ns	     35688	80007710	41dfd793	srai	x15,x31,0x1d	 x31:0xfffffafa x15=0xffffffff
     356905.000 ns	     35689	80007714	00904a33	xor	x20,x0,x9	  x0:0x00000000  x9:0xf24b55b1 x20=0xf24b55b1
     356925.000 ns	     35691	80007718	a0b32c53	feq.s	x24,f6,f11	  f6:0x7fc00000 f11:0x00000000 x24=0x00000000
     356945.000 ns	     35693	8000771c	00c988b3	add	x17,x19,x12	 x19:0xffffffff x12:0x00000000 x17=0xffffffff
     356955.000 ns	     35694	80007720	87cfed93	ori	x27,x31,-1924	 x31:0xfffffafa x27=0xfffffafe
     356965.000 ns	     35695	80007724	408b52b3	sra	x5,x22,x8	 x22:0x00000000  x8:0x00000000  x5=0x00000000
     357005.000 ns	     35699	80007728	08ae72d3	fsub.s	f5,f28,f10	 f28:0x43000000 f10:0x7f800000  f5=0xff800000
     357375.000 ns	     35736	8000772c	03c2e2b3	rem	x5,x5,x28	  x5:0xfffffafa x28:0x80041024  x5=0x00000000
     357395.000 ns	     35738	80007730	1b8d4d93	xori	x27,x26,440	 x26:0x00000001 x27=0x000001b9
     357405.000 ns	     35739	80007734	40578433	sub	x8,x15,x5	 x15:0xffffffff  x5:0x00000000  x8=0xffffffff
     357415.000 ns	     35740	80007738	63fbbf13	sltiu	x30,x23,1599	 x23:0x00000001 x30=0x00000001
     357435.000 ns	     35742	8000773c	207c2f53	fsgnjx.s	f30,f24,f7	 f24:0x7f800000  f7:0x00000000 f30=0x7f800000
     357465.000 ns	     35745	80007740	a0d818d3	flt.s	x17,f16,f13	 f16:0x000000c3 f13:0x7fc00000 x17=0x00000000
     357485.000 ns	     35747	80007744	868aff13	andi	x30,x21,-1944	 x21:0xfffffff4 x30=0xfffff860
     357495.000 ns	     35748	80007748	7f8fb913	sltiu	x18,x31,2040	 x31:0xfffffafa x18=0x00000000
     357505.000 ns	     35749	8000774c	016f5793	srli	x15,x30,0x16	 x30:0x00000001 x15=0x000003ff
     357525.000 ns	     35751	80007750	29dc1153	fmax.s	f2,f24,f29	 f24:0x7f800000 f29:0x00000000  f2=0x7f800000
     357545.000 ns	     35753	80007754	004d3bb3	sltu	x23,x26,x4	 x26:0x00000001  x4:0x00000081 x23=0x00000001
     357905.000 ns	     35789	80007758	02acc933	div	x18,x25,x10	 x25:0x00000000 x10:0x3295db44 x18=0x00000000
     357945.000 ns	     35793	8000775c	580ec7d3	fsqrt.s	f15,f29	 f29:0x00000000 f15=0x00000000
     357965.000 ns	     35795	80007760	00f23d33	sltu	x26,x4,x15	  x4:0x00000081 x15:0x000003ff x26=0x00000001
     357985.000 ns	     35797	80007764	f00f84d3	fmv.w.x	f9,x31	 x31:0xfffffafa  f9=0xfffffafa
     358005.000 ns	     35799	80007768	320ab913	sltiu	x18,x21,800	 x21:0xfffffff4 x18=0x00000000
     358365.000 ns	     35835	8000776c	02bc5433	divu	x8,x24,x11	 x24:0x00000000 x11:0xf24b5688  x8=0x00000000
     358385.000 ns	     35837	80007770	014e50b3	srl	x1,x28,x20	 x28:0x80041024 x20:0xf24b55b1  x1=0x00004002
     358395.000 ns	     35838	80007774	41b28833	sub	x16,x5,x27	  x5:0x00000000 x27:0x000001b9 x16=0xfffffe47
     358415.000 ns	     35840	80007778	032f6633	rem	x12,x30,x18	 x30:0xfffff860 x18:0x00000000 x12=0xfffff860
     358785.000 ns	     35877	8000777c	02b66c33	rem	x24,x12,x11	 x12:0x00000000 x11:0xf24b5688 x24=0xfffff860
     358815.000 ns	     35880	80007780	c0137c53	fcvt.wu.s	x24,f6	  f6:0x7fc00000 x24=0xffffffff
     358845.000 ns	     35883	80007784	f0000253	fmv.w.x	f4,x0	  x0:0x00000000  f4=0x00000000
     358865.000 ns	     35885	80007788	005c9693	slli	x13,x25,0x5	 x25:0x00000000 x13=0x00000000
     358905.000 ns	     35889	8000778c	0987f4d3	fsub.s	f9,f15,f24	 f15:0x00000000 f24:0x7f800000  f9=0xff800000
     358925.000 ns	     35891	80007790	00286233	or	x4,x16,x2	 x16:0xfffffe47  x2:0x80040fe4  x4=0xffffffe7
     358945.000 ns	     35893	80007794	d0127153	fcvt.s.wu	f2,x4	  x4:0x00000081  f2=0x4f7fffff
     358965.000 ns	     35895	80007798	011c1633	sll	x12,x24,x17	 x24:0xffffffff x17:0x00000000 x12=0xffffffff
     358985.000 ns	     35897	8000779c	21a42ad3	fsgnjx.s	f21,f8,f26	  f8:0x4f00040f f26:0x7fc00000 f21=0x4f00040f
     359005.000 ns	     35899	800077a0	f5052b13	slti	x22,x10,-176	 x10:0x3295db44 x22=0x00000000
     359035.000 ns	     35902	800077a4	1878fad3	fdiv.s	f21,f17,f7	 f17:0x80000000  f7:0x00000000 f21=0x7fc00000
     359065.000 ns	     35905	800077a8	02d16b33	rem	x22,x2,x13	  x2:0x80040fe4 x13:0x00000000 x22=0x80040fe4
     359095.000 ns	     35908	800077ac	e0080f53	fmv.x.w	x30,f16	 f16:0x000000c3 x30=0x000000c3
     359125.000 ns	     35911	800077b0	d01c4353	fcvt.s.wu	f6,x24	 x24:0xffffffff  f6=0x4f800000
     359145.000 ns	     35913	800077b4	15d94813	xori	x16,x18,349	 x18:0x00000000 x16=0x0000015d
     359155.000 ns	     35914	800077b8	0569bf93	sltiu	x31,x19,86	 x19:0xffffffff x31=0x00000000
     359175.000 ns	     35916	800077bc	29f304d3	fmin.s	f9,f6,f31	  f6:0x4f800000 f31:0x80000000  f9=0x80000000
     359195.000 ns	     35918	800077c0	01630fb3	add	x31,x6,x22	  x6:0x00000081 x22:0x80040fe4 x31=0x80041065
     359555.000 ns	     35954	800077c4	02c34233	div	x4,x6,x12	  x6:0x00000081 x12:0xffffffff  x4=0xffffff7f
     359585.000 ns	     35957	800077c8	02a82633	mulhsu	x12,x16,x10	 x16:0x0000015d x10:0x3295db44 x12=0x00000044
     359605.000 ns	     35959	800077cc	00681b13	slli	x22,x16,0x6	 x16:0x0000015d x22=0x00005740
     359625.000 ns	     35961	800077d0	29f19c53	fmax.s	f24,f3,f31	  f3:0x00000000 f31:0x80000000 f24=0x00000000
     359645.000 ns	     35963	800077d4	006bed33	or	x26,x23,x6	 x23:0x00000001  x6:0x00000081 x26=0x00000081
     359655.000 ns	     35964	800077d8	01d28fb3	add	x31,x5,x29	  x5:0x00000000 x29:0x00000000 x31=0x00000000
     359665.000 ns	     35965	800077dc	00876733	or	x14,x14,x8	 x14:0xce20b000  x8:0x00000000 x14=0xce20b000
     359675.000 ns	     35966	800077e0	76d60a13	addi	x20,x12,1901	 x12:0x00000044 x20=0x000007b1
     359695.000 ns	     35968	800077e4	211a8353	fsgnj.s	f6,f21,f17	 f21:0x7fc00000 f17:0x80000000  f6=0xffc00000
     359715.000 ns	     35970	800077e8	f8dd46b7	lui	x13,0xf8dd4	 x13=0xf8dd4000
     359725.000 ns	     35971	800077ec	01a604b3	add	x9,x12,x26	 x12:0x00000044 x26:0x00000081  x9=0x000000c5
     359735.000 ns	     35972	800077f0	01f59213	slli	x4,x11,0x1f	 x11:0xf24b5688  x4=0x00000000
     359755.000 ns	     35974	800077f4	a0ba1353	flt.s	x6,f20,f11	 f20:0x00000000 f11:0x00000000  x6=0x00000000
     359785.000 ns	     35977	800077f8	21529153	fsgnjn.s	f2,f5,f21	  f5:0xff800000 f21:0x7fc00000  f2=0xff800000
     359805.000 ns	     35979	800077fc	01d9e2b3	or	x5,x19,x29	 x19:0xffffffff x29:0x00000000  x5=0xffffffff
     359815.000 ns	     35980	80007800	853ace93	xori	x29,x21,-1965	 x21:0xfffffff4 x29=0x000007a7
     359835.000 ns	     35982	80007804	d00c32d3	fcvt.s.w	f5,x24	 x24:0xffffffff  f5=0xbf800000
     359855.000 ns	     35984	80007808	9acf4f93	xori	x31,x30,-1620	 x30:0x000000c3 x31=0xfffff96f
     359875.000 ns	     35986	8000780c	c0103ed3	fcvt.wu.s	x29,f0	  f0:0x00000000 x29=0x00000000
     359895.000 ns	     35988	80007810	01f5b733	sltu	x14,x11,x31	 x11:0xf24b5688 x31:0x00000000 x14=0x00000001
     359915.000 ns	     35990	80007814	d002f153	fcvt.s.w	f2,x5	  x5:0xffffffff  f2=0xbf800000
     359935.000 ns	     35992	80007818	157fe097	auipc	x1,0x157fe	  x1=0x95805818
     359955.000 ns	     35994	8000781c	201507d3	fsgnj.s	f15,f10,f1	 f10:0x7f800000  f1:0x80000000 f15=0xff800000
     359985.000 ns	     35997	80007820	d000f5d3	fcvt.s.w	f11,x1	  x1:0x00004002 f11=0xced4ff4f
     360005.000 ns	     35999	80007824	0176c0b3	xor	x1,x13,x23	 x13:0xf8dd4000 x23:0x00000001  x1=0xf8dd4001
     360015.000 ns	     36000	80007828	01739993	slli	x19,x7,0x17	  x7:0xf24b55b1 x19=0xd8800000
     360025.000 ns	     36001	8000782c	37c8eb93	ori	x23,x17,892	 x17:0x00000000 x23=0x0000037c
     360035.000 ns	     36002	80007830	899a0193	addi	x3,x20,-1895	 x20:0x000007b1  x3=0x0000004a
     360055.000 ns	     36004	80007834	030387b3	mul	x15,x7,x16	  x7:0xf24b55b1 x16:0x0000015d x15=0x50b3d24d
     360075.000 ns	     36006	80007838	51076e97	auipc	x29,0x51076	 x29=0xd107d838
     360085.000 ns	     36007	8000783c	003e76b3	and	x13,x28,x3	 x28:0x80041024  x3:0x0000004a x13=0x00000000
     360105.000 ns	     36009	80007840	c01b7953	fcvt.wu.s	x18,f22	 f22:0x7fc00000 x18=0xffffffff
     360135.000 ns	     36012	80007844	f0058953	fmv.w.x	f18,x11	 x11:0xf24b5688 f18=0xf24b5688
     360155.000 ns	     36014	80007848	0075d993	srli	x19,x11,0x7	 x11:0xf24b5688 x19=0x01e496ad
     360165.000 ns	     36015	8000784c	00e8f437	lui	x8,0xe8f	  x8=0x00e8f000
     360185.000 ns	     36017	80007850	a0bf02d3	fle.s	x5,f30,f11	 f30:0x7f800000 f11:0xced4ff4f  x5=0x00000000
     360205.000 ns	     36019	80007854	a0b1eb13	ori	x22,x3,-1525	  x3:0x0000004a x22=0xfffffa4b
     360215.000 ns	     36020	80007858	00000013	addi	x0,x0,0	  x0:0x00000000
     360235.000 ns	     36022	8000785c	0265ddb3	divu	x27,x11,x6	 x11:0xf24b5688  x6:0x00000000 x27=0xffffffff
     360255.000 ns	     36024	80007860	0f1c6517	auipc	x10,0xf1c6	 x10=0x8f1cd860
     360265.000 ns	     36025	80007864	bac72513	slti	x10,x14,-1108	 x14:0x00000001 x10=0x00000000
     360295.000 ns	     36028	80007868	19a211d3	fdiv.s	f3,f4,f26	  f4:0x00000000 f26:0x7fc00000  f3=0x7fc00000
     360665.000 ns	     36065	8000786c	028fc3b3	div	x7,x31,x8	 x31:0xfffff96f  x8:0x00e8f000  x7=0x00000000
     360695.000 ns	     36068	80007870	021eb2b3	mulhu	x5,x29,x1	 x29:0xd107d838  x1:0xf8dd4001  x5=0xcb34417e
     360725.000 ns	     36071	80007874	e0030c53	fmv.x.w	x24,f6	  f6:0xffc00000 x24=0xffc00000
     360745.000 ns	     36073	80007878	1b504a93	xori	x21,x0,437	  x0:0x00000000 x21=0x000001b5
     360755.000 ns	     36074	8000787c	00507db3	and	x27,x0,x5	  x0:0x00000000  x5:0xcb34417e x27=0x00000000
     360775.000 ns	     36076	80007880	e00c09d3	fmv.x.w	x19,f24	 f24:0x00000000 x19=0x00000000
     360805.000 ns	     36079	80007884	21d50e53	fsgnj.s	f28,f10,f29	 f10:0x7f800000 f29:0x00000000 f28=0x7f800000
     360825.000 ns	     36081	80007888	016d7b33	and	x22,x26,x22	 x26:0x00000081 x22:0xfffffa4b x22=0x00000001
     360835.000 ns	     36082	8000788c	002c5b33	srl	x22,x24,x2	 x24:0xffc00000  x2:0x80040fe4 x22=0x0ffc0000
     360845.000 ns	     36083	80007890	000d56b3	srl	x13,x26,x0	 x26:0x00000081  x0:0x00000000 x13=0x00000081
     360865.000 ns	     36085	80007894	e00417d3	fclass.s	x15,f8	  f8:0x4f00040f x15=0x00000040
     360905.000 ns	     36089	80007898	1008c353	fmul.s	f6,f17,f0	 f17:0x80000000  f0:0x00000000  f6=0x80000000
     360925.000 ns	     36091	8000789c	00355813	srli	x16,x10,0x3	 x10:0x00000000 x16=0x00000000
     360935.000 ns	     36092	800078a0	d66e3697	auipc	x13,0xd66e3	 x13=0x566ea8a0
     360955.000 ns	     36094	800078a4	c014f6d3	fcvt.wu.s	x13,f9	  f9:0x80000000 x13=0x00000000
     360975.000 ns	     36096	800078a8	00fe1d33	sll	x26,x28,x15	 x28:0x80041024 x15:0x00000040 x26=0x80041024
     360985.000 ns	     36097	800078ac	2f258793	addi	x15,x11,754	 x11:0xf24b5688 x15=0xf24b597a
     360995.000 ns	     36098	800078b0	3d07c493	xori	x9,x15,976	 x15:0x00000040  x9=0xf24b5aaa
     361015.000 ns	     36100	800078b4	f00f06d3	fmv.w.x	f13,x30	 x30:0x000000c3 f13=0x000000c3
     361045.000 ns	     36103	800078b8	020f5ab3	divu	x21,x30,x0	 x30:0x000000c3  x0:0x00000000 x21=0xffffffff
     361415.000 ns	     36140	800078bc	03da7233	remu	x4,x20,x29	 x20:0x000007b1 x29:0xd107d838  x4=0x000007b1
     361445.000 ns	     36143	800078c0	28b69fd3	fmax.s	f31,f13,f11	 f13:0x000000c3 f11:0xced4ff4f f31=0x000000c3
     361475.000 ns	     36146	800078c4	21369553	fsgnjn.s	f10,f13,f19	 f13:0x000000c3 f19:0xc482a000 f10=0x000000c3
     361505.000 ns	     36149	800078c8	a09d0f53	fle.s	x30,f26,f9	 f26:0x7fc00000  f9:0x80000000 x30=0x00000000
     361535.000 ns	     36152	800078cc	02668733	mul	x14,x13,x6	 x13:0x00000000  x6:0x00000000 x14=0x00000000
     361555.000 ns	     36154	800078d0	e1b62937	lui	x18,0xe1b62	 x18=0xe1b62000
     361565.000 ns	     36155	800078d4	01d60a33	add	x20,x12,x29	 x12:0x00000044 x29:0xd107d838 x20=0xd107d87c
     361595.000 ns	     36158	800078d8	580f0353	fsqrt.s	f6,f30	 f30:0x7f800000  f6=0x7f800000
     361615.000 ns	     36160	800078dc	41fb5ab3	sra	x21,x22,x31	 x22:0x0ffc0000 x31:0xfffff96f x21=0x00001ff8
     361625.000 ns	     36161	800078e0	d9aa4217	auipc	x4,0xd9aa4	  x4=0x59aab8e0
     361645.000 ns	     36163	800078e4	28110ed3	fmin.s	f29,f2,f1	  f2:0xbf800000  f1:0x80000000 f29=0xbf800000
     361665.000 ns	     36165	800078e8	b5afad93	slti	x27,x31,-1190	 x31:0xfffff96f x27=0x00000001
     362025.000 ns	     36201	800078ec	032e6833	rem	x16,x28,x18	 x28:0x80041024 x18:0xe1b62000 x16=0xf92b9024
     362055.000 ns	     36204	800078f0	a122afd3	feq.s	x31,f5,f18	  f5:0xbf800000 f18:0xf24b5688 x31=0x00000000
     362075.000 ns	     36206	800078f4	e141c493	xori	x9,x3,-492	  x3:0x0000004a  x9=0xfffffe5e
     362115.000 ns	     36210	800078f8	097a7cd3	fsub.s	f25,f20,f23	 f20:0x00000000 f23:0x34e6a221 f25=0xb4e6a221
     362145.000 ns	     36213	800078fc	d00f8c53	fcvt.s.w	f24,x31	 x31:0x00000000 f24=0x00000000
     362195.000 ns	     36218	80007900	08b00cd3	fsub.s	f25,f0,f11	  f0:0x00000000 f11:0xced4ff4f f25=0x4ed4ff4f
     362225.000 ns	     36221	80007904	29d11453	fmax.s	f8,f2,f29	  f2:0xbf800000 f29:0xbf800000  f8=0xbf800000
     362245.000 ns	     36223	80007908	00c3b1b3	sltu	x3,x7,x12	  x7:0x00000000 x12:0x00000044  x3=0x00000001
     362255.000 ns	     36224	8000790c	00005233	srl	x4,x0,x0	  x0:0x00000000  x0:0x00000000  x4=0x00000000
     362265.000 ns	     36225	80007910	013b6033	or	x0,x22,x19	 x22:0x0ffc0000 x19:0x00000000
     362275.000 ns	     36226	80007914	81c1c213	xori	x4,x3,-2020	  x3:0x00000001  x4=0xfffff81d
     362285.000 ns	     36227	80007918	dfd4a513	slti	x10,x9,-515	  x9:0xfffffe5e x10=0x00000000
     362295.000 ns	     36228	8000791c	277dc213	xori	x4,x27,631	 x27:0x00000001  x4=0x00000276
     362325.000 ns	     36231	80007920	191b7353	fdiv.s	f6,f22,f17	 f22:0x7fc00000 f17:0x80000000  f6=0x7fc00000
     362355.000 ns	     36234	80007924	029c1fb3	mulh	x31,x24,x9	 x24:0xffc00000  x9:0xfffffe5e x31=0x00000000
     362375.000 ns	     36236	80007928	0009d8b3	srl	x17,x19,x0	 x19:0x00000000  x0:0x00000000 x17=0x00000000
     362395.000 ns	     36238	8000792c	c0057fd3	fcvt.w.s	x31,f10	 f10:0x000000c3 x31=0x00000000
     362435.000 ns	     36242	80007930	11c977d3	fmul.s	f15,f18,f28	 f18:0xf24b5688 f28:0x7f800000 f15=0xff800000
     362485.000 ns	     36247	80007934	086075d3	fsub.s	f11,f0,f6	  f0:0x00000000  f6:0x7fc00000 f11=0x7fc00000
     362505.000 ns	     36249	80007938	00acd633	srl	x12,x25,x10	 x25:0x00000000 x10:0x00000000 x12=0x00000000
     362535.000 ns	     36252	8000793c	1076a553	fmul.s	f10,f13,f7	 f13:0x000000c3  f7:0x00000000 f10=0x00000000
     362565.000 ns	     36255	80007940	e0040753	fmv.x.w	x14,f8	  f8:0xbf800000 x14=0xbf800000
     362905.000 ns	     36289	80007944	18584353	fdiv.s	f6,f16,f5	 f16:0x000000c3  f5:0xbf800000  f6=0x80000000
     362925.000 ns	     36291	80007948	415a5bb3	sra	x23,x20,x21	 x20:0xd107d87c x21:0x00001ff8 x23=0xffffffd1
     362945.000 ns	     36293	8000794c	a0f88c53	fle.s	x24,f17,f15	 f17:0x80000000 f15:0xff800000 x24=0x00000000
     362965.000 ns	     36295	80007950	00410333	add	x6,x2,x4	  x2:0x80040fe4  x4:0x00000276  x6=0x8004125a
     362975.000 ns	     36296	80007954	0119b433	sltu	x8,x19,x17	 x19:0x00000000 x17:0x00000000  x8=0x00000000
     362995.000 ns	     36298	80007958	e0048053	fmv.x.w	x0,f9	  f9:0x80000000
     363035.000 ns	     36302	8000795c	11267cd3	fmul.s	f25,f12,f18	 f12:0x00000000 f18:0xf24b5688 f25=0x80000000
     363065.000 ns	     36305	80007960	d00dc2d3	fcvt.s.w	f5,x27	 x27:0x00000001  f5=0x3f800000
     363085.000 ns	     36307	80007964	efc7a913	slti	x18,x15,-260	 x15:0xf24b597a x18=0x00000001
     363095.000 ns	     36308	80007968	5332b493	sltiu	x9,x5,1331	  x5:0xcb34417e  x9=0x00000000
     363105.000 ns	     36309	8000796c	35737537	lui	x10,0x35737	 x10=0x35737000
     363125.000 ns	     36311	80007970	206118d3	fsgnjn.s	f17,f2,f6	  f2:0xbf800000  f6:0x80000000 f17=0x3f800000
     363495.000 ns	     36348	80007974	03dd69b3	rem	x19,x26,x29	 x26:0x80041024 x29:0xd107d838 x19=0xddf45fb4
     363865.000 ns	     36385	80007978	02f54eb3	div	x29,x10,x15	 x10:0x35737000 x15:0xf24b597a x29=0xfffffffd
     363895.000 ns	     36388	8000797c	213580d3	fsgnj.s	f1,f11,f19	 f11:0x7fc00000 f19:0xc482a000  f1=0xffc00000
     363945.000 ns	     36393	80007980	01c77ad3	fadd.s	f21,f14,f28	 f14:0x00000000 f28:0x7f800000 f21=0x7f800000
     363975.000 ns	     36396	80007984	a02e09d3	fle.s	x19,f28,f2	 f28:0x7f800000  f2:0xbf800000 x19=0x00000000
     363995.000 ns	     36398	80007988	0030ba33	sltu	x20,x1,x3	  x1:0xf8dd4001  x3:0x00000001 x20=0x00000000
     364015.000 ns	     36400	8000798c	a120add3	feq.s	x27,f1,f18	  f1:0xffc00000 f18:0xf24b5688 x27=0x00000000
     364035.000 ns	     36402	80007990	00000013	addi	x0,x0,0	  x0:0x00000000
     364045.000 ns	     36403	80007994	96017393	andi	x7,x2,-1696	  x2:0x80040fe4  x7=0x80040960
     364065.000 ns	     36405	80007998	03753cb3	mulhu	x25,x10,x23	 x10:0x35737000 x23:0xffffffd1 x25=0x35736ff6
     364095.000 ns	     36408	8000799c	03e01433	mulh	x8,x0,x30	  x0:0x00000000 x30:0x00000000  x8=0x00000000
     364115.000 ns	     36410	800079a0	3ede8737	lui	x14,0x3ede8	 x14=0x3ede8000
     364125.000 ns	     36411	800079a4	bb816d17	auipc	x26,0xbb816	 x26=0x3b81d9a4
     364165.000 ns	     36415	800079a8	0983a553	fsub.s	f10,f7,f24	  f7:0x00000000 f24:0x00000000 f10=0x80000000
     364205.000 ns	     36419	800079ac	196f2dd3	fdiv.s	f27,f30,f22	 f30:0x7f800000 f22:0x7fc00000 f27=0x7fc00000
     364225.000 ns	     36421	800079b0	00332733	slt	x14,x6,x3	  x6:0x8004125a  x3:0x00000001 x14=0x00000001
     364235.000 ns	     36422	800079b4	01316d33	or	x26,x2,x19	  x2:0x80040fe4 x19:0x00000000 x26=0x80040fe4
     364245.000 ns	     36423	800079b8	ff9a3bb7	lui	x23,0xff9a3	 x23=0xff9a3000
     364255.000 ns	     36424	800079bc	4032d033	sra	x0,x5,x3	  x5:0xcb34417e  x3:0x00000001
     364275.000 ns	     36426	800079c0	c01080d3	fcvt.wu.s	x1,f1	  f1:0xffc00000  x1=0xffffffff
     364295.000 ns	     36428	800079c4	00d0d9b3	srl	x19,x1,x13	  x1:0xf8dd4001 x13:0x00000000 x19=0xffffffff
     364305.000 ns	     36429	800079c8	002f16b3	sll	x13,x30,x2	 x30:0x00000000  x2:0x80040fe4 x13=0x00000000
     364325.000 ns	     36431	800079cc	03a489b3	mul	x19,x9,x26	  x9:0x00000000 x26:0x80040fe4 x19=0x00000000
     364345.000 ns	     36433	800079d0	01a55cb3	srl	x25,x10,x26	 x10:0x35737000 x26:0x80040fe4 x25=0x03573700
     364355.000 ns	     36434	800079d4	9e14cd93	xori	x27,x9,-1567	  x9:0x00000000 x27=0xfffff9e1
     364365.000 ns	     36435	800079d8	01345e93	srli	x29,x8,0x13	  x8:0x00000000 x29=0x00000000
     364375.000 ns	     36436	800079dc	580cf213	andi	x4,x25,1408	 x25:0x03573700  x4=0x00000500
     364395.000 ns	     36438	800079e0	03a4a433	mulhsu	x8,x9,x26	  x9:0x00000000 x26:0x80040fe4  x8=0x00000000
     364415.000 ns	     36440	800079e4	c093f193	andi	x3,x7,-1015	  x7:0x80040960  x3=0x80040800
     364425.000 ns	     36441	800079e8	419ad493	srai	x9,x21,0x19	 x21:0x00001ff8  x9=0x00000000
     364445.000 ns	     36443	800079ec	03a61c33	mulh	x24,x12,x26	 x12:0x00000000 x26:0x80040fe4 x24=0x00000000
     364495.000 ns	     36448	800079f0	097a9253	fsub.s	f4,f21,f23	 f21:0x7f800000 f23:0x34e6a221  f4=0x7f800000
     364515.000 ns	     36450	800079f4	2b1bb713	sltiu	x14,x23,689	 x23:0xff9a3000 x14=0x00000000
     364535.000 ns	     36452	800079f8	e0041f53	fclass.s	x30,f8	  f8:0xbf800000 x30=0x00000002
     364565.000 ns	     36455	800079fc	c00e1c53	fcvt.w.s	x24,f28	 f28:0x7f800000 x24=0x7fffffff
     364585.000 ns	     36457	80007a00	007d7033	and	x0,x26,x7	 x26:0x80040fe4  x7:0x80040960
     364605.000 ns	     36459	80007a04	035e20b3	mulhsu	x1,x28,x21	 x28:0x80041024 x21:0x00001ff8  x1=0xfffff004
     364625.000 ns	     36461	80007a08	9f3b0f93	addi	x31,x22,-1549	 x22:0x0ffc0000 x31=0x0ffbf9f3
     364635.000 ns	     36462	80007a0c	a22ff437	lui	x8,0xa22ff	  x8=0xa22ff000
     364655.000 ns	     36464	80007a10	f00e8ad3	fmv.w.x	f21,x29	 x29:0x00000000 f21=0x00000000
     364675.000 ns	     36466	80007a14	4020dd13	srai	x26,x1,0x2	  x1:0xfffff004 x26=0xfffffc01
     364685.000 ns	     36467	80007a18	00c6e7b3	or	x15,x13,x12	 x13:0x00000000 x12:0x00000000 x15=0x00000000
     364705.000 ns	     36469	80007a1c	0344e533	rem	x10,x9,x20	  x9:0x00000000 x20:0x00000000 x10=0x00000000
     364735.000 ns	     36472	80007a20	c00809d3	fcvt.w.s	x19,f16	 f16:0x000000c3 x19=0x00000000
     364755.000 ns	     36474	80007a24	4034d4b3	sra	x9,x9,x3	  x9:0x00000000  x3:0x80040800  x9=0x00000000
     364765.000 ns	     36475	80007a28	40f754b3	sra	x9,x14,x15	 x14:0x00000000 x15:0x00000000  x9=0x00000000
     364795.000 ns	     36478	80007a2c	580af353	fsqrt.s	f6,f21	 f21:0x00000000  f6=0x00000000
     364815.000 ns	     36480	80007a30	f2a92893	slti	x17,x18,-214	 x18:0x00000001 x17=0x00000000
     364825.000 ns	     36481	80007a34	328c6c93	ori	x25,x24,808	 x24:0x7fffffff x25=0x7fffffff
     364855.000 ns	     36484	80007a38	10e735d3	fmul.s	f11,f14,f14	 f14:0x00000000 f14:0x00000000 f11=0x00000000
     364895.000 ns	     36488	80007a3c	580af153	fsqrt.s	f2,f21	 f21:0x00000000  f2=0x00000000
     364915.000 ns	     36490	80007a40	019d97b3	sll	x15,x27,x25	 x27:0xfffff9e1 x25:0x7fffffff x15=0x80000000
     364935.000 ns	     36492	80007a44	034171b3	remu	x3,x2,x20	  x2:0x80040fe4 x20:0x00000000  x3=0x80040fe4
     364975.000 ns	     36496	80007a48	5807ffd3	fsqrt.s	f31,f15	 f15:0xff800000 f31=0x7fc00000
     364995.000 ns	     36498	80007a4c	919cb313	sltiu	x6,x25,-1767	 x25:0x7fffffff  x6=0x00000001
     365005.000 ns	     36499	80007a50	d2a68893	addi	x17,x13,-726	 x13:0x00000000 x17=0xfffffd2a
     365015.000 ns	     36500	80007a54	41d90ab3	sub	x21,x18,x29	 x18:0x00000001 x29:0x00000000 x21=0x00000001
     365055.000 ns	     36504	80007a58	099033d3	fsub.s	f7,f0,f25	  f0:0x00000000 f25:0x80000000  f7=0x00000000
     365085.000 ns	     36507	80007a5c	a1448553	fle.s	x10,f9,f20	  f9:0x80000000 f20:0x00000000 x10=0x00000001
     365455.000 ns	     36544	80007a60	03b8f533	remu	x10,x17,x27	 x17:0xfffffd2a x27:0xfffff9e1 x10=0x00000349
     366635.000 ns	     36662	80007a64	580bf3d3	fsqrt.s	f7,f23	 f23:0x34e6a221  f7=0x39abd123
     366975.000 ns	     36696	80007a68	191b8dd3	fdiv.s	f27,f23,f17	 f23:0x34e6a221 f17:0x3f800000 f27=0x34e6a16d
     367005.000 ns	     36699	80007a6c	032e1833	mulh	x16,x28,x18	 x28:0x80041024 x18:0x00000001 x16=0xffffffff
     367025.000 ns	     36701	80007a70	00000013	addi	x0,x0,0	  x0:0x00000000
     367035.000 ns	     36702	80007a74	01cc88b3	add	x17,x25,x28	 x25:0x7fffffff x28:0x80041024 x17=0x00041023
     367055.000 ns	     36704	80007a78	20190253	fsgnj.s	f4,f18,f1	 f18:0xf24b5688  f1:0xffc00000  f4=0xf24b5688
     367085.000 ns	     36707	80007a7c	c004f753	fcvt.w.s	x14,f9	  f9:0x80000000 x14=0x00000000
     367115.000 ns	     36710	80007a80	d01b27d3	fcvt.s.wu	f15,x22	 x22:0x0ffc0000 f15=0x4d7fc000
     367135.000 ns	     36712	80007a84	00dedb93	srli	x23,x29,0xd	 x29:0x00000000 x23=0x00000000
     367155.000 ns	     36714	80007a88	c0040353	fcvt.w.s	x6,f8	  f8:0xbf800000  x6=0xffffffff
     367175.000 ns	     36716	80007a8c	0085d9b3	srl	x19,x11,x8	 x11:0xf24b5688  x8:0xa22ff000 x19=0xf24b5688
     368345.000 ns	     36833	80007a90	580d9953	fsqrt.s	f18,f27	 f27:0x34e6a16d f18=0x39abd0df
     368375.000 ns	     36836	80007a94	2069a653	fsgnjx.s	f12,f19,f6	 f19:0xc482a000  f6:0x00000000 f12=0xc482a000
     368395.000 ns	     36838	80007a98	386d2c13	slti	x24,x26,902	 x26:0xfffffc01 x24=0x00000001
     368415.000 ns	     36840	80007a9c	20398153	fsgnj.s	f2,f19,f3	 f19:0xc482a000  f3:0x7fc00000  f2=0x4482a000
     368445.000 ns	     36843	80007aa0	d0080ad3	fcvt.s.w	f21,x16	 x16:0xffffffff f21=0xbf800000
     368475.000 ns	     36846	80007aa4	02027bb3	remu	x23,x4,x0	  x4:0x00000500  x0:0x00000000 x23=0x00000500
     368495.000 ns	     36848	80007aa8	406c5393	srai	x7,x24,0x6	 x24:0x00000001  x7=0x00000000
     368515.000 ns	     36850	80007aac	02943633	mulhu	x12,x8,x9	  x8:0xa22ff000  x9:0x00000000 x12=0x00000000
     368545.000 ns	     36853	80007ab0	215a1f53	fsgnjn.s	f30,f20,f21	 f20:0x00000000 f21:0xbf800000 f30=0x00000000
     368575.000 ns	     36856	80007ab4	03b7b733	mulhu	x14,x15,x27	 x15:0x80000000 x27:0xfffff9e1 x14=0x7ffffcf0
     368595.000 ns	     36858	80007ab8	40e6d633	sra	x12,x13,x14	 x13:0x00000000 x14:0x00000000 x12=0x00000000
     368635.000 ns	     36862	80007abc	0812ca53	fsub.s	f20,f5,f1	  f5:0x3f800000  f1:0xffc00000 f20=0x7fc00000
     368685.000 ns	     36867	80007ac0	01d1c853	fadd.s	f16,f3,f29	  f3:0x7fc00000 f29:0xbf800000 f16=0x7fc00000
     368715.000 ns	     36870	80007ac4	218a1d53	fsgnjn.s	f26,f20,f24	 f20:0x7fc00000 f24:0x00000000 f26=0xffc00000
     368735.000 ns	     36872	80007ac8	c5460d93	addi	x27,x12,-940	 x12:0x00000000 x27=0xfffffc54
     368745.000 ns	     36873	80007acc	0011f713	andi	x14,x3,1	  x3:0x80040fe4 x14=0x00000000
     368755.000 ns	     36874	80007ad0	0186a4b3	slt	x9,x13,x24	 x13:0x00000000 x24:0x00000001  x9=0x00000001
     368775.000 ns	     36876	80007ad4	a1e11c53	flt.s	x24,f2,f30	  f2:0x4482a000 f30:0x00000000 x24=0x00000000
     368815.000 ns	     36880	80007ad8	113b93d3	fmul.s	f7,f23,f19	 f23:0x34e6a221 f19:0xc482a000  f7=0xb9eb5cf4
     368845.000 ns	     36883	80007adc	20c19ad3	fsgnjn.s	f21,f3,f12	  f3:0x7fc00000 f12:0xc482a000 f21=0x7fc00000
     368875.000 ns	     36886	80007ae0	216b05d3	fsgnj.s	f11,f22,f22	 f22:0x7fc00000 f22:0x7fc00000 f11=0x7fc00000
     368895.000 ns	     36888	80007ae4	4099d213	srai	x4,x19,0x9	 x19:0xf24b5688  x4=0xfff925ab
     368905.000 ns	     36889	80007ae8	001406b3	add	x13,x8,x1	  x8:0xa22ff000  x1:0xfffff004 x13=0xa22fe004
     368925.000 ns	     36891	80007aec	c0174253	fcvt.wu.s	x4,f14	 f14:0x00000000  x4=0x00000000
     368955.000 ns	     36894	80007af0	21242f53	fsgnjx.s	f30,f8,f18	  f8:0xbf800000 f18:0x39abd0df f30=0xbf800000
     368975.000 ns	     36896	80007af4	0024f733	and	x14,x9,x2	  x9:0x00000001  x2:0x80040fe4 x14=0x00000000
     368995.000 ns	     36898	80007af8	294785d3	fmin.s	f11,f15,f20	 f15:0x4d7fc000 f20:0x7fc00000 f11=0x4d7fc000
     369015.000 ns	     36900	80007afc	a64cc017	auipc	x0,0xa64cc	
     369035.000 ns	     36902	80007b00	c006fa53	fcvt.w.s	x20,f13	 f13:0x000000c3 x20=0x00000000
     369075.000 ns	     36906	80007b04	18d1a9d3	fdiv.s	f19,f3,f13	  f3:0x7fc00000 f13:0x000000c3 f19=0x7fc00000
     369105.000 ns	     36909	80007b08	028bb633	mulhu	x12,x23,x8	 x23:0x00000500  x8:0xa22ff000 x12=0x0000032a
     369125.000 ns	     36911	80007b0c	40515db3	sra	x27,x2,x5	  x2:0x80040fe4  x5:0xcb34417e x27=0xfffffffe
     369135.000 ns	     36912	80007b10	8a4ffc17	auipc	x24,0x8a4ff	 x24=0x0a506b10
     369145.000 ns	     36913	80007b14	419709b3	sub	x19,x14,x25	 x14:0x00000000 x25:0x7fffffff x19=0x80000001
     369155.000 ns	     36914	80007b18	791aae93	slti	x29,x21,1937	 x21:0x00000001 x29=0x00000001
     369515.000 ns	     36950	80007b1c	0257da33	divu	x20,x15,x5	 x15:0x80000000  x5:0xcb34417e x20=0x00000000
     369535.000 ns	     36952	80007b20	019279b3	and	x19,x4,x25	  x4:0x00000000 x25:0x7fffffff x19=0x00000000
     369545.000 ns	     36953	80007b24	00075c93	srli	x25,x14,0x0	 x14:0x00000000 x25=0x00000000
     369575.000 ns	     36956	80007b28	19bc9e53	fdiv.s	f28,f25,f27	 f25:0x80000000 f27:0x34e6a16d f28=0x80000000
     369605.000 ns	     36959	80007b2c	02bd1333	mulh	x6,x26,x11	 x26:0xfffffc01 x11:0xf24b5688  x6=0x00000036
     369635.000 ns	     36962	80007b30	d01bfa53	fcvt.s.wu	f20,x23	 x23:0x00000500 f20=0x44a00000
     369665.000 ns	     36965	80007b34	d00e7853	fcvt.s.w	f16,x28	 x28:0x80041024 f16=0xcefff7df
     369695.000 ns	     36968	80007b38	a1dc21d3	feq.s	x3,f24,f29	 f24:0x00000000 f29:0xbf800000  x3=0x00000000
     369725.000 ns	     36971	80007b3c	e00d18d3	fclass.s	x17,f26	 f26:0xffc00000 x17=0x00000200
     369745.000 ns	     36973	80007b40	0038f533	and	x10,x17,x3	 x17:0x00041023  x3:0x00000000 x10=0x00000000
     369755.000 ns	     36974	80007b44	00875293	srli	x5,x14,0x8	 x14:0x00000000  x5=0x00000000
     369765.000 ns	     36975	80007b48	04de0517	auipc	x10,0x4de0	 x10=0x84de7b48
     369775.000 ns	     36976	80007b4c	00000013	addi	x0,x0,0	  x0:0x00000000
     369785.000 ns	     36977	80007b50	9f778493	addi	x9,x15,-1545	 x15:0x80000000  x9=0x7ffff9f7
     369805.000 ns	     36979	80007b54	c01d7fd3	fcvt.wu.s	x31,f26	 f26:0xffc00000 x31=0xffffffff
     369835.000 ns	     36982	80007b58	286e1a53	fmax.s	f20,f28,f6	 f28:0x80000000  f6:0x00000000 f20=0x00000000
     369865.000 ns	     36985	80007b5c	c019f753	fcvt.wu.s	x14,f19	 f19:0x7fc00000 x14=0xffffffff
     369885.000 ns	     36987	80007b60	0106fcb3	and	x25,x13,x16	 x13:0xa22fe004 x16:0xffffffff x25=0xa22fe004
     369905.000 ns	     36989	80007b64	289e05d3	fmin.s	f11,f28,f9	 f28:0x80000000  f9:0x80000000 f11=0x80000000
     369935.000 ns	     36992	80007b68	a0691753	flt.s	x14,f18,f6	 f18:0x39abd0df  f6:0x00000000 x14=0x00000000
     369955.000 ns	     36994	80007b6c	22697813	andi	x16,x18,550	 x18:0x00000001 x16=0x00000000
     369975.000 ns	     36996	80007b70	d01b4553	fcvt.s.wu	f10,x22	 x22:0x0ffc0000 f10=0x4d7fc000
     369995.000 ns	     36998	80007b74	76d0bd93	sltiu	x27,x1,1901	  x1:0xfffff004 x27=0x00000000
     370005.000 ns	     36999	80007b78	01a0b433	sltu	x8,x1,x26	  x1:0xfffff004 x26:0xfffffc01  x8=0x00000001
     370025.000 ns	     37001	80007b7c	21cca4d3	fsgnjx.s	f9,f25,f28	 f25:0x80000000 f28:0x80000000  f9=0x00000000
     370045.000 ns	     37003	80007b80	015e9193	slli	x3,x29,0x15	 x29:0x00000001  x3=0x00200000
     370065.000 ns	     37005	80007b84	c01fcfd3	fcvt.wu.s	x31,f31	 f31:0x7fc00000 x31=0xffffffff
     370095.000 ns	     37008	80007b88	296a0953	fmin.s	f18,f20,f22	 f20:0x00000000 f22:0x7fc00000 f18=0x00000000
     370125.000 ns	     37011	80007b8c	c01ff953	fcvt.wu.s	x18,f31	 f31:0x7fc00000 x18=0xffffffff
     370145.000 ns	     37013	80007b90	137cccb7	lui	x25,0x137cc	 x25=0x137cc000
     370155.000 ns	     37014	80007b94	0075e2b3	or	x5,x11,x7	 x11:0xf24b5688  x7:0x00000000  x5=0xf24b5688
     370175.000 ns	     37016	80007b98	c00329d3	fcvt.w.s	x19,f6	  f6:0x00000000 x19=0x00000000
     370195.000 ns	     37018	80007b9c	2f456293	ori	x5,x10,756	 x10:0x84de7b48  x5=0x84de7bfc
     370215.000 ns	     37020	80007ba0	f0088ed3	fmv.w.x	f29,x17	 x17:0x00000200 f29=0x00000200
     370235.000 ns	     37022	80007ba4	00802633	slt	x12,x0,x8	  x0:0x00000000  x8:0x00000001 x12=0x00000001
     370245.000 ns	     37023	80007ba8	0f7aad13	slti	x26,x21,247	 x21:0x00000001 x26=0x00000001
     370255.000 ns	     37024	80007bac	00000013	addi	x0,x0,0	  x0:0x00000000
     370275.000 ns	     37026	80007bb0	037a2533	mulhsu	x10,x20,x23	 x20:0x00000000 x23:0x00000500 x10=0x00000000
     370315.000 ns	     37030	80007bb4	58047c53	fsqrt.s	f24,f8	  f8:0xbf800000 f24=0x7fc00000
     370345.000 ns	     37033	80007bb8	20bb8653	fsgnj.s	f12,f23,f11	 f23:0x34e6a221 f11:0x80000000 f12=0xb4e6a221
     370375.000 ns	     37036	80007bbc	c01a7853	fcvt.wu.s	x16,f20	 f20:0x00000000 x16=0x00000000
     370405.000 ns	     37039	80007bc0	02711733	mulh	x14,x2,x7	  x2:0x80040fe4  x7:0x00000000 x14=0x00000000
     370435.000 ns	     37042	80007bc4	29a38f53	fmin.s	f30,f7,f26	  f7:0xb9eb5cf4 f26:0xffc00000 f30=0xb9eb5cf4
     370465.000 ns	     37045	80007bc8	e00e8553	fmv.x.w	x10,f29	 f29:0x00000200 x10=0x00000200
     370485.000 ns	     37047	80007bcc	018959b3	srl	x19,x18,x24	 x18:0xffffffff x24:0x0a506b10 x19=0x0000ffff
     370505.000 ns	     37049	80007bd0	023b8333	mul	x6,x23,x3	 x23:0x00000500  x3:0x00200000  x6=0xa0000000
     370535.000 ns	     37052	80007bd4	024881b3	mul	x3,x17,x4	 x17:0x00000200  x4:0x00000000  x3=0x00000000
     370555.000 ns	     37054	80007bd8	11a2ed13	ori	x26,x5,282	  x5:0x84de7bfc x26=0x84de7bfe
     370565.000 ns	     37055	80007bdc	c404a697	auipc	x13,0xc404a	 x13=0x44051bdc
     370585.000 ns	     37057	80007be0	e00f1453	fclass.s	x8,f30	 f30:0xb9eb5cf4  x8=0x00000002
     370605.000 ns	     37059	80007be4	009fff33	and	x30,x31,x9	 x31:0xffffffff  x9:0x7ffff9f7 x30=0x7ffff9f7
     370625.000 ns	     37061	80007be8	a1918353	fle.s	x6,f3,f25	  f3:0x7fc00000 f25:0x80000000  x6=0x00000000
     370655.000 ns	     37064	80007bec	03bc3633	mulhu	x12,x24,x27	 x24:0x0a506b10 x27:0x00000000 x12=0x00000000
     370695.000 ns	     37068	80007bf0	10b8f4d3	fmul.s	f9,f17,f11	 f17:0x3f800000 f11:0x80000000  f9=0x80000000
     370725.000 ns	     37071	80007bf4	28991dd3	fmax.s	f27,f18,f9	 f18:0x00000000  f9:0x00000000 f27=0x00000000
     370755.000 ns	     37074	80007bf8	e00412d3	fclass.s	x5,f8	  f8:0xbf800000  x5=0x00000002
     370775.000 ns	     37076	80007bfc	00000013	addi	x0,x0,0	  x0:0x00000000
     370815.000 ns	     37080	80007c00	014b76d3	fadd.s	f13,f22,f20	 f22:0x7fc00000 f20:0x00000000 f13=0x7fc00000
     370835.000 ns	     37082	80007c04	01e8f9b3	and	x19,x17,x30	 x17:0x00000200 x30:0x7ffff9f7 x19=0x00000000
     370845.000 ns	     37083	80007c08	015d9d13	slli	x26,x27,0x15	 x27:0x00000000 x26=0x00000000
     370865.000 ns	     37085	80007c0c	c012fd53	fcvt.wu.s	x26,f5	  f5:0x3f800000 x26=0x00000001
     370895.000 ns	     37088	80007c10	28c405d3	fmin.s	f11,f8,f12	  f8:0xbf800000 f12:0xb4e6a221 f11=0xbf800000
     370915.000 ns	     37090	80007c14	01594db3	xor	x27,x18,x21	 x18:0xffffffff x21:0x00000001 x27=0xfffffffe
     370935.000 ns	     37092	80007c18	e00d11d3	fclass.s	x3,f26	 f26:0xffc00000  x3=0x00000200
     370965.000 ns	     37095	80007c1c	e0071dd3	fclass.s	x27,f14	 f14:0x00000000 x27=0x00000010
     370985.000 ns	     37097	80007c20	402bdd13	srai	x26,x23,0x2	 x23:0x00000500 x26=0x00000140
     370995.000 ns	     37098	80007c24	00699a93	slli	x21,x19,0x6	 x19:0x00000000 x21=0x00000000
     371355.000 ns	     37134	80007c28	02d9e733	rem	x14,x19,x13	 x19:0x00000000 x13:0x44051bdc x14=0x00000000
     371385.000 ns	     37137	80007c2c	03f92db3	mulhsu	x27,x18,x31	 x18:0xffffffff x31:0xffffffff x27=0xffffffff
     371435.000 ns	     37142	80007c30	080331d3	fsub.s	f3,f6,f0	  f6:0x00000000  f0:0x00000000  f3=0x80000000
     371465.000 ns	     37145	80007c34	0218b6b3	mulhu	x13,x17,x1	 x17:0x00000200  x1:0xfffff004 x13=0x000001ff
     371485.000 ns	     37147	80007c38	015b01b3	add	x3,x22,x21	 x22:0x0ffc0000 x21:0x00000000  x3=0x0ffc0000
     371495.000 ns	     37148	80007c3c	01375213	srli	x4,x14,0x13	 x14:0x00000000  x4=0x00000000
     371505.000 ns	     37149	80007c40	00000013	addi	x0,x0,0	  x0:0x00000000
     371515.000 ns	     37150	80007c44	01c10833	add	x16,x2,x28	  x2:0x80040fe4 x28:0x80041024 x16=0x00082008
     371525.000 ns	     37151	80007c48	5fc3a037	lui	x0,0x5fc3a	
     371885.000 ns	     37187	80007c4c	03807933	remu	x18,x0,x24	  x0:0x00000000 x24:0x0a506b10 x18=0x00000000
     371905.000 ns	     37189	80007c50	01ac5f33	srl	x30,x24,x26	 x24:0x0a506b10 x26:0x00000140 x30=0x0a506b10
     371925.000 ns	     37191	80007c54	a09b0353	fle.s	x6,f22,f9	 f22:0x7fc00000  f9:0x80000000  x6=0x00000000
     371945.000 ns	     37193	80007c58	40a808b3	sub	x17,x16,x10	 x16:0x00082008 x10:0x00000200 x17=0x00081e08
     371955.000 ns	     37194	80007c5c	00b086b3	add	x13,x1,x11	  x1:0xfffff004 x11:0xf24b5688 x13=0xf24b468c
     371965.000 ns	     37195	80007c60	01769eb3	sll	x29,x13,x23	 x13:0x000001ff x23:0x00000500 x29=0xf24b468c
     371985.000 ns	     37197	80007c64	e0090fd3	fmv.x.w	x31,f18	 f18:0x00000000 x31=0x00000000
     372015.000 ns	     37200	80007c68	a01ba253	feq.s	x4,f23,f1	 f23:0x34e6a221  f1:0xffc00000  x4=0x00000000
     372045.000 ns	     37203	80007c6c	c013fc53	fcvt.wu.s	x24,f7	  f7:0xb9eb5cf4 x24=0x00000000
     372075.000 ns	     37206	80007c70	e00f8453	fmv.x.w	x8,f31	 f31:0x7fc00000  x8=0x7fc00000
     372095.000 ns	     37208	80007c74	09503e93	sltiu	x29,x0,149	  x0:0x00000000 x29=0x00000001
     372105.000 ns	     37209	80007c78	00709933	sll	x18,x1,x7	  x1:0xfffff004  x7:0x00000000 x18=0xfffff004
     372135.000 ns	     37212	80007c7c	1866f953	fdiv.s	f18,f13,f6	 f13:0x7fc00000  f6:0x00000000 f18=0x7fc00000
     372155.000 ns	     37214	80007c80	0121da33	srl	x20,x3,x18	  x3:0x0ffc0000 x18:0x00000000 x20=0x00ffc000
     372165.000 ns	     37215	80007c84	40b55f13	srai	x30,x10,0xb	 x10:0x00000200 x30=0x00000000
     372205.000 ns	     37219	80007c88	09fcf453	fsub.s	f8,f25,f31	 f25:0x80000000 f31:0x7fc00000  f8=0x7fc00000
     372225.000 ns	     37221	80007c8c	0071d333	srl	x6,x3,x7	  x3:0x0ffc0000  x7:0x00000000  x6=0x0ffc0000
     372245.000 ns	     37223	80007c90	032ba533	mulhsu	x10,x23,x18	 x23:0x00000500 x18:0xfffff004 x10=0x000004ff
     372275.000 ns	     37226	80007c94	a1e6a953	feq.s	x18,f13,f30	 f13:0x7fc00000 f30:0xb9eb5cf4 x18=0x00000000
     372295.000 ns	     37228	80007c98	0086beb3	sltu	x29,x13,x8	 x13:0xf24b468c  x8:0x7fc00000 x29=0x00000000
     372305.000 ns	     37229	80007c9c	00000013	addi	x0,x0,0	  x0:0x00000000
     372315.000 ns	     37230	80007ca0	003e6d33	or	x26,x28,x3	 x28:0x80041024  x3:0x0ffc0000 x26=0x8ffc1024
     372675.000 ns	     37266	80007ca4	025afa33	remu	x20,x21,x5	 x21:0x00000000  x5:0x00000002 x20=0x00000000
     372705.000 ns	     37269	80007ca8	03ffa933	mulhsu	x18,x31,x31	 x31:0x00000000 x31:0x00000000 x18=0x00000000
     372745.000 ns	     37273	80007cac	19242b53	fdiv.s	f22,f8,f18	  f8:0x7fc00000 f18:0x7fc00000 f22=0x7fc00000
     372775.000 ns	     37276	80007cb0	03779b33	mulh	x22,x15,x23	 x15:0x80000000 x23:0x00000500 x22=0xfffffd80
     373145.000 ns	     37313	80007cb4	0379dfb3	divu	x31,x19,x23	 x19:0x00000000 x23:0x00000500 x31=0x00000000
     373175.000 ns	     37316	80007cb8	c00872d3	fcvt.w.s	x5,f16	 f16:0xcefff7df  x5=0x7ffbef80
     373195.000 ns	     37318	80007cbc	40545433	sra	x8,x8,x5	  x8:0x7fc00000  x5:0x00000002  x8=0x7fc00000
     373205.000 ns	     37319	80007cc0	0121e2b3	or	x5,x3,x18	  x3:0x0ffc0000 x18:0x00000000  x5=0x0ffc0000
     373215.000 ns	     37320	80007cc4	01cc9393	slli	x7,x25,0x1c	 x25:0x137cc000  x7=0x00000000
     373235.000 ns	     37322	80007cc8	02dbb333	mulhu	x6,x23,x13	 x23:0x00000500 x13:0xf24b468c  x6=0x000004bb
     373265.000 ns	     37325	80007ccc	a0ed13d3	flt.s	x7,f26,f14	 f26:0xffc00000 f14:0x00000000  x7=0x00000000
     373295.000 ns	     37328	80007cd0	f00400d3	fmv.w.x	f1,x8	  x8:0x7fc00000  f1=0x7fc00000
     373325.000 ns	     37331	80007cd4	a0ab1bd3	flt.s	x23,f22,f10	 f22:0x7fc00000 f10:0x4d7fc000 x23=0x00000000
     373375.000 ns	     37336	80007cd8	08b98853	fsub.s	f16,f19,f11	 f19:0x7fc00000 f11:0xbf800000 f16=0x7fc00000
     373395.000 ns	     37338	80007cdc	41685f13	srai	x30,x16,0x16	 x16:0x00082008 x30=0x00000000
     373415.000 ns	     37340	80007ce0	282a0cd3	fmin.s	f25,f20,f2	 f20:0x00000000  f2:0x4482a000 f25=0x00000000
     373445.000 ns	     37343	80007ce4	d00542d3	fcvt.s.w	f5,x10	 x10:0x000004ff  f5=0x449fe000
     373465.000 ns	     37345	80007ce8	01c67fb3	and	x31,x12,x28	 x12:0x00000000 x28:0x80041024 x31=0x00000000
     373475.000 ns	     37346	80007cec	00477733	and	x14,x14,x4	 x14:0x00000000  x4:0x00000000 x14=0x00000000
     373485.000 ns	     37347	80007cf0	00000013	addi	x0,x0,0	  x0:0x00000000
     373505.000 ns	     37349	80007cf4	031d8bb3	mul	x23,x27,x17	 x27:0xffffffff x17:0x00081e08 x23=0xfff7e1f8
     373525.000 ns	     37351	80007cf8	00000013	addi	x0,x0,0	  x0:0x00000000
     373555.000 ns	     37354	80007cfc	10cd84d3	fmul.s	f9,f27,f12	 f27:0x00000000 f12:0xb4e6a221  f9=0x80000000
     373585.000 ns	     37357	80007d00	215b8fd3	fsgnj.s	f31,f23,f21	 f23:0x34e6a221 f21:0x7fc00000 f31=0x34e6a221
     373605.000 ns	     37359	80007d04	2fbd3a93	sltiu	x21,x26,763	 x26:0x8ffc1024 x21=0x00000000
     373615.000 ns	     37360	80007d08	40b38c33	sub	x24,x7,x11	  x7:0x00000000 x11:0xf24b5688 x24=0x0db4a978
     373625.000 ns	     37361	80007d0c	b560e0b7	lui	x1,0xb560e	  x1=0xb560e000
     373635.000 ns	     37362	80007d10	004c31b3	sltu	x3,x24,x4	 x24:0x00000000  x4:0x00000000  x3=0x00000000
     373655.000 ns	     37364	80007d14	02951733	mulh	x14,x10,x9	 x10:0x000004ff  x9:0x7ffff9f7 x14=0x0000027f
     374025.000 ns	     37401	80007d18	02f57433	remu	x8,x10,x15	 x10:0x000004ff x15:0x80000000  x8=0x000004ff
     374055.000 ns	     37404	80007d1c	c00a48d3	fcvt.w.s	x17,f20	 f20:0x00000000 x17=0x00000000
     374075.000 ns	     37406	80007d20	41afd733	sra	x14,x31,x26	 x31:0x00000000 x26:0x8ffc1024 x14=0x00000000
     374085.000 ns	     37407	80007d24	41930833	sub	x16,x6,x25	  x6:0x000004bb x25:0x137cc000 x16=0xec8344bb
     374115.000 ns	     37410	80007d28	580f7a53	fsqrt.s	f20,f30	 f30:0xb9eb5cf4 f20=0x7fc00000
     374135.000 ns	     37412	80007d2c	00f4fa33	and	x20,x9,x15	  x9:0x7ffff9f7 x15:0x80000000 x20=0x00000000
     374155.000 ns	     37414	80007d30	03e33f33	mulhu	x30,x6,x30	  x6:0x000004bb x30:0x00000000 x30=0x00000000
     374175.000 ns	     37416	80007d34	e696bf13	sltiu	x30,x13,-407	 x13:0xf24b468c x30=0x00000001
     374185.000 ns	     37417	80007d38	00a7c1b3	xor	x3,x15,x10	 x15:0x80000000 x10:0x000004ff  x3=0x800004ff
     374205.000 ns	     37419	80007d3c	209c1453	fsgnjn.s	f8,f24,f9	 f24:0x7fc00000  f9:0x80000000  f8=0x7fc00000
     374225.000 ns	     37421	80007d40	40525813	srai	x16,x4,0x5	  x4:0x00000000 x16=0x00000000
     374265.000 ns	     37425	80007d44	01e5f4d3	fadd.s	f9,f11,f30	 f11:0xbf800000 f30:0xb9eb5cf4  f9=0xbf800eb5
     374305.000 ns	     37429	80007d48	58064353	fsqrt.s	f6,f12	 f12:0xb4e6a221  f6=0x7fc00000
     374325.000 ns	     37431	80007d4c	417b5b93	srai	x23,x22,0x17	 x22:0xfffffd80 x23=0xffffffff
     374345.000 ns	     37433	80007d50	f0068b53	fmv.w.x	f22,x13	 x13:0xf24b468c f22=0xf24b468c
     374365.000 ns	     37435	80007d54	a8475bb7	lui	x23,0xa8475	 x23=0xa8475000
     374385.000 ns	     37437	80007d58	a1060953	fle.s	x18,f12,f16	 f12:0xb4e6a221 f16:0x7fc00000 x18=0x00000000
     374405.000 ns	     37439	80007d5c	00134633	xor	x12,x6,x1	  x6:0x000004bb  x1:0xb560e000 x12=0xb560e4bb
     374435.000 ns	     37442	80007d60	19c4f2d3	fdiv.s	f5,f9,f28	  f9:0xbf800eb5 f28:0x80000000  f5=0x7f800000
     374465.000 ns	     37445	80007d64	20ee9f53	fsgnjn.s	f30,f29,f14	 f29:0x00000200 f14:0x00000000 f30=0x80000200
     374485.000 ns	     37447	80007d68	7475fd37	lui	x26,0x7475f	 x26=0x7475f000
     374515.000 ns	     37450	80007d6c	5806ffd3	fsqrt.s	f31,f13	 f13:0x7fc00000 f31=0x7fc00000
     374545.000 ns	     37453	80007d70	29f88c53	fmin.s	f24,f17,f31	 f17:0x3f800000 f31:0x34e6a221 f24=0x3f800000
     374575.000 ns	     37456	80007d74	02014933	div	x18,x2,x0	  x2:0x80040fe4  x0:0x00000000 x18=0xffffffff
     374595.000 ns	     37458	80007d78	9e162917	auipc	x18,0x9e162	 x18=0x1e169d78
     374605.000 ns	     37459	80007d7c	001d9f33	sll	x30,x27,x1	 x27:0xffffffff  x1:0xb560e000 x30=0xffffffff
     374615.000 ns	     37460	80007d80	dfcb0693	addi	x13,x22,-516	 x22:0xfffffd80 x13=0xfffffb7c
     374625.000 ns	     37461	80007d84	403909b3	sub	x19,x18,x3	 x18:0x1e169d78  x3:0x800004ff x19=0x9e169879
     374635.000 ns	     37462	80007d88	00000013	addi	x0,x0,0	  x0:0x00000000
     374655.000 ns	     37464	80007d8c	d00672d3	fcvt.s.w	f5,x12	 x12:0xb560e4bb  f5=0xce953e36
     374685.000 ns	     37467	80007d90	a0c71653	flt.s	x12,f14,f12	 f14:0x00000000 f12:0xb4e6a221 x12=0x00000000
     374705.000 ns	     37469	80007d94	223a17b7	lui	x15,0x223a1	 x15=0x223a1000
     374715.000 ns	     37470	80007d98	410456b3	sra	x13,x8,x16	  x8:0x000004ff x16:0x00000000 x13=0x000004ff
     374735.000 ns	     37472	80007d9c	285785d3	fmin.s	f11,f15,f5	 f15:0x4d7fc000  f5:0xce953e36 f11=0xce953e36
     374755.000 ns	     37474	80007da0	0163aeb3	slt	x29,x7,x22	  x7:0x00000000 x22:0xfffffd80 x29=0x00000000
     374765.000 ns	     37475	80007da4	73583093	sltiu	x1,x16,1845	 x16:0x00000000  x1=0x00000001
     374785.000 ns	     37477	80007da8	c0197cd3	fcvt.wu.s	x25,f18	 f18:0x7fc00000 x25=0xffffffff
     374815.000 ns	     37480	80007dac	02c2b233	mulhu	x4,x5,x12	  x5:0x0ffc0000 x12:0x00000000  x4=0x00000000
     375185.000 ns	     37517	80007db0	036beb33	rem	x22,x23,x22	 x23:0xa8475000 x22:0xfffffd80 x22=0xfffffe00
     375205.000 ns	     37519	80007db4	4734f493	andi	x9,x9,1139	  x9:0x7ffff9f7  x9=0x00000073
     375215.000 ns	     37520	80007db8	01f95093	srli	x1,x18,0x1f	 x18:0x1e169d78  x1=0x00000000
     375225.000 ns	     37521	80007dbc	4127d533	sra	x10,x15,x18	 x15:0x223a1000 x18:0x1e169d78 x10=0x00000022
     375245.000 ns	     37523	80007dc0	d00e7753	fcvt.s.w	f14,x28	 x28:0x80041024 f14=0xcefff7df
     375275.000 ns	     37526	80007dc4	e00a88d3	fmv.x.w	x17,f21	 f21:0x7fc00000 x17=0x7fc00000
     375305.000 ns	     37529	80007dc8	c00c9c53	fcvt.w.s	x24,f25	 f25:0x00000000 x24=0x00000000
     375325.000 ns	     37531	80007dcc	00397313	andi	x6,x18,3	 x18:0x1e169d78  x6=0x00000000
     375335.000 ns	     37532	80007dd0	404d5e93	srai	x29,x26,0x4	 x26:0x7475f000 x29=0x07475f00
     375345.000 ns	     37533	80007dd4	3c972693	slti	x13,x14,969	 x14:0x00000000 x13=0x00000001
     375365.000 ns	     37535	80007dd8	f00b0853	fmv.w.x	f16,x22	 x22:0xfffffe00 f16=0xfffffe00
     375395.000 ns	     37538	80007ddc	f00c09d3	fmv.w.x	f19,x24	 x24:0x00000000 f19=0x00000000
     375425.000 ns	     37541	80007de0	03461d33	mulh	x26,x12,x20	 x12:0x00000000 x20:0x00000000 x26=0x00000000
     375455.000 ns	     37544	80007de4	d003fad3	fcvt.s.w	f21,x7	  x7:0x00000000 f21=0x00000000
     375475.000 ns	     37546	80007de8	cf4d0637	lui	x12,0xcf4d0	 x12=0xcf4d0000
     375515.000 ns	     37550	80007dec	085637d3	fsub.s	f15,f12,f5	 f12:0xb4e6a221  f5:0xce953e36 f15=0x4e953e36
     375535.000 ns	     37552	80007df0	01753533	sltu	x10,x10,x23	 x10:0x00000022 x23:0xa8475000 x10=0x00000001
     375555.000 ns	     37554	80007df4	a0729053	flt.s	x0,f5,f7	  f5:0xce953e36  f7:0xb9eb5cf4
     375575.000 ns	     37556	80007df8	00000013	addi	x0,x0,0	  x0:0x00000000
     375585.000 ns	     37557	80007dfc	40f504b3	sub	x9,x10,x15	 x10:0x00000001 x15:0x223a1000  x9=0xddc5f001
     375595.000 ns	     37558	80007e00	3065c197	auipc	x3,0x3065c	  x3=0xb0663e00
     375615.000 ns	     37560	80007e04	a0d10fd3	fle.s	x31,f2,f13	  f2:0x4482a000 f13:0x7fc00000 x31=0x00000000
     375635.000 ns	     37562	80007e08	f554ed97	auipc	x27,0xf554e	 x27=0x75555e08
     375645.000 ns	     37563	80007e0c	3ee70a13	addi	x20,x14,1006	 x14:0x00000000 x20=0x000003ee
     375655.000 ns	     37564	80007e10	00c51b13	slli	x22,x10,0xc	 x10:0x00000001 x22=0x00001000
     375675.000 ns	     37566	80007e14	e00f0b53	fmv.x.w	x22,f30	 f30:0x80000200 x22=0x80000200
     375695.000 ns	     37568	80007e18	368e2837	lui	x16,0x368e2	 x16=0x368e2000
     375715.000 ns	     37570	80007e1c	03751c33	mulh	x24,x10,x23	 x10:0x00000001 x23:0xa8475000 x24=0xffffffff
     375745.000 ns	     37573	80007e20	a0caad53	feq.s	x26,f21,f12	 f21:0x00000000 f12:0xb4e6a221 x26=0x00000000
     375765.000 ns	     37575	80007e24	00000013	addi	x0,x0,0	  x0:0x00000000
     375775.000 ns	     37576	80007e28	00fea033	slt	x0,x29,x15	 x29:0x07475f00 x15:0x223a1000
     375795.000 ns	     37578	80007e2c	03fddd33	divu	x26,x27,x31	 x27:0x75555e08 x31:0x00000000 x26=0xffffffff
     375815.000 ns	     37580	80007e30	682d3793	sltiu	x15,x26,1666	 x26:0x00000000 x15=0x00000000
     375825.000 ns	     37581	80007e34	009f8033	add	x0,x31,x9	 x31:0x00000000  x9:0xddc5f001
     375835.000 ns	     37582	80007e38	2ac6f293	andi	x5,x13,684	 x13:0x00000001  x5=0x00000000
     375865.000 ns	     37585	80007e3c	197ac6d3	fdiv.s	f13,f21,f23	 f21:0x00000000 f23:0x34e6a221 f13=0x00000000
     375885.000 ns	     37587	80007e40	00225bb3	srl	x23,x4,x2	  x4:0x00000000  x2:0x80040fe4 x23=0x00000000
     375905.000 ns	     37589	80007e44	c004c053	fcvt.w.s	x0,f9	  f9:0xbf800eb5
     375925.000 ns	     37591	80007e48	00062233	slt	x4,x12,x0	 x12:0xcf4d0000  x0:0x00000000  x4=0x00000001
     375935.000 ns	     37592	80007e4c	01372d33	slt	x26,x14,x19	 x14:0x00000000 x19:0x9e169879 x26=0x00000000
     375955.000 ns	     37594	80007e50	c000af53	fcvt.w.s	x30,f1	  f1:0x7fc00000 x30=0x7fffffff
     375985.000 ns	     37597	80007e54	e0088253	fmv.x.w	x4,f17	 f17:0x3f800000  x4=0x3f800000
     376015.000 ns	     37600	80007e58	a1db1953	flt.s	x18,f22,f29	 f22:0xf24b468c f29:0x00000200 x18=0x00000001
     376035.000 ns	     37602	80007e5c	40e450b3	sra	x1,x8,x14	  x8:0x000004ff x14:0x00000000  x1=0x000004ff
     376055.000 ns	     37604	80007e60	02c92d33	mulhsu	x26,x18,x12	 x18:0x00000001 x12:0xcf4d0000 x26=0x00000000
     376105.000 ns	     37609	80007e64	008730d3	fadd.s	f1,f14,f8	 f14:0xcefff7df  f8:0x7fc00000  f1=0x7fc00000
     376135.000 ns	     37612	80007e68	20bf9a53	fsgnjn.s	f20,f31,f11	 f31:0x7fc00000 f11:0xce953e36 f20=0x7fc00000
     376155.000 ns	     37614	80007e6c	6136c313	xori	x6,x13,1555	 x13:0x00000001  x6=0x00000612
     376165.000 ns	     37615	80007e70	002947b3	xor	x15,x18,x2	 x18:0x00000001  x2:0x80040fe4 x15=0x80040fe5
     376185.000 ns	     37617	80007e74	029c1b33	mulh	x22,x24,x9	 x24:0xffffffff  x9:0xddc5f001 x22=0x00000000
     376205.000 ns	     37619	80007e78	008fadb3	slt	x27,x31,x8	 x31:0x00000000  x8:0x000004ff x27=0x00000001
     376215.000 ns	     37620	80007e7c	40220833	sub	x16,x4,x2	  x4:0x3f800000  x2:0x80040fe4 x16=0xbf7bf01c
     376225.000 ns	     37621	80007e80	00325933	srl	x18,x4,x3	  x4:0x3f800000  x3:0xb0663e00 x18=0x3f800000
     376245.000 ns	     37623	80007e84	d01595d3	fcvt.s.wu	f11,x11	 x11:0xf24b5688 f11=0x4f724b56
     376265.000 ns	     37625	80007e88	012ce2b3	or	x5,x25,x18	 x25:0xffffffff x18:0x00000001  x5=0xffffffff
     376285.000 ns	     37627	80007e8c	d0123253	fcvt.s.wu	f4,x4	  x4:0x3f800000  f4=0x4e7e0000
     376305.000 ns	     37629	80007e90	ce3e6a13	ori	x20,x28,-797	 x28:0x80041024 x20=0xfffffce7
     376325.000 ns	     37631	80007e94	d009fc53	fcvt.s.w	f24,x19	 x19:0x9e169879 f24=0xcec3d2cf
     376345.000 ns	     37633	80007e98	0188e2b3	or	x5,x17,x24	 x17:0x7fc00000 x24:0xffffffff  x5=0xffffffff
     376675.000 ns	     37666	80007e9c	185b3453	fdiv.s	f8,f22,f5	 f22:0xf24b468c  f5:0xce953e36  f8=0x62cb468c
     376695.000 ns	     37668	80007ea0	8f3af993	andi	x19,x21,-1805	 x21:0x00000000 x19=0x00000000
     376705.000 ns	     37669	80007ea4	411b0533	sub	x10,x22,x17	 x22:0x00000000 x17:0x7fc00000 x10=0x80400000
     376725.000 ns	     37671	80007ea8	c00a70d3	fcvt.w.s	x1,f20	 f20:0x7fc00000  x1=0x7fffffff
     376745.000 ns	     37673	80007eac	f2624293	xori	x5,x4,-218	  x4:0x3f800000  x5=0xc07fff26
     376765.000 ns	     37675	80007eb0	029aa7b3	mulhsu	x15,x21,x9	 x21:0x00000000  x9:0xddc5f001 x15=0x00000000
     376795.000 ns	     37678	80007eb4	f0040253	fmv.w.x	f4,x8	  x8:0x000004ff  f4=0x000004ff
     376815.000 ns	     37680	80007eb8	468dbbb7	lui	x23,0x468db	 x23=0x468db000
     376825.000 ns	     37681	80007ebc	014bad33	slt	x26,x23,x20	 x23:0x00000000 x20:0xfffffce7 x26=0x00000000
     376835.000 ns	     37682	80007ec0	00000013	addi	x0,x0,0	  x0:0x00000000
     376845.000 ns	     37683	80007ec4	00e680b3	add	x1,x13,x14	 x13:0x00000001 x14:0x00000000  x1=0x00000001
     376855.000 ns	     37684	80007ec8	01f093b3	sll	x7,x1,x31	  x1:0x7fffffff x31:0x00000000  x7=0x00000001
     376865.000 ns	     37685	80007ecc	026a7413	andi	x8,x20,38	 x20:0xfffffce7  x8=0x00000026
     377225.000 ns	     37721	80007ed0	03dc5433	divu	x8,x24,x29	 x24:0xffffffff x29:0x07475f00  x8=0x00000023
     377255.000 ns	     37724	80007ed4	e00b1053	fclass.s	x0,f22	 f22:0xf24b468c
     377275.000 ns	     37726	80007ed8	2b738013	addi	x0,x7,695	  x7:0x00000001
     377285.000 ns	     37727	80007edc	62a17613	andi	x12,x2,1578	  x2:0x80040fe4 x12=0x00000620
     377295.000 ns	     37728	80007ee0	38567197	auipc	x3,0x38567	  x3=0xb856eee0
     377315.000 ns	     37730	80007ee4	c01379d3	fcvt.wu.s	x19,f6	  f6:0x7fc00000 x19=0xffffffff
     377365.000 ns	     37735	80007ee8	0123cd53	fadd.s	f26,f7,f18	  f7:0xb9eb5cf4 f18:0x7fc00000 f26=0x7fc00000
     377385.000 ns	     37737	80007eec	ecf38213	addi	x4,x7,-305	  x7:0x00000001  x4=0xfffffed0
     377745.000 ns	     37773	80007ef0	0284dfb3	divu	x31,x9,x8	  x9:0xddc5f001  x8:0x00000023 x31=0x06561ccc
     378115.000 ns	     37810	80007ef4	0333f0b3	remu	x1,x7,x19	  x7:0x00000001 x19:0xffffffff  x1=0x00000001
     378485.000 ns	     37847	80007ef8	03f8cdb3	div	x27,x17,x31	 x17:0x7fc00000 x31:0x06561ccc x27=0x00000014
     378505.000 ns	     37849	80007efc	00f0dab3	srl	x21,x1,x15	  x1:0x00000001 x15:0x00000000 x21=0x00000001
     378515.000 ns	     37850	80007f00	cb93cc17	auipc	x24,0xcb93c	 x24=0x4b943f00
     378525.000 ns	     37851	80007f04	001e19b3	sll	x19,x28,x1	 x28:0x80041024  x1:0x00000001 x19=0x00082048
     378545.000 ns	     37853	80007f08	28551e53	fmax.s	f28,f10,f5	 f10:0x4d7fc000  f5:0xce953e36 f28=0x4d7fc000
     378575.000 ns	     37856	80007f0c	e00889d3	fmv.x.w	x19,f17	 f17:0x3f800000 x19=0x3f800000
     378605.000 ns	     37859	80007f10	d01ff953	fcvt.s.wu	f18,x31	 x31:0x06561ccc f18=0x4ccac399
     378655.000 ns	     37864	80007f14	0817f2d3	fsub.s	f5,f15,f1	 f15:0x4e953e36  f1:0x7fc00000  f5=0x7fc00000
     378675.000 ns	     37866	80007f18	bfb6cc93	xori	x25,x13,-1029	 x13:0x00000001 x25=0xfffffbfa
     378695.000 ns	     37868	80007f1c	29e10fd3	fmin.s	f31,f2,f30	  f2:0x4482a000 f30:0x80000200 f31=0x80000200
     379035.000 ns	     37902	80007f20	19f71bd3	fdiv.s	f23,f14,f31	 f14:0xcefff7df f31:0x7fc00000 f23=0x7f800000
     379065.000 ns	     37905	80007f24	21720253	fsgnj.s	f4,f4,f23	  f4:0x000004ff f23:0x34e6a221  f4=0x000004ff
     379095.000 ns	     37908	80007f28	c00b77d3	fcvt.w.s	x15,f22	 f22:0xf24b468c x15=0x80000000
     379115.000 ns	     37910	80007f2c	01b86c33	or	x24,x16,x27	 x16:0xbf7bf01c x27:0x00000014 x24=0xbf7bf01c
     379125.000 ns	     37911	80007f30	86fff537	lui	x10,0x86fff	 x10=0x86fff000
     379145.000 ns	     37913	80007f34	c01dbad3	fcvt.wu.s	x21,f27	 f27:0x00000000 x21=0x00000000
     379175.000 ns	     37916	80007f38	f00a0553	fmv.w.x	f10,x20	 x20:0xfffffce7 f10=0xfffffce7
     379195.000 ns	     37918	80007f3c	015240b3	xor	x1,x4,x21	  x4:0xfffffed0 x21:0x00000000  x1=0xfffffed0
     379215.000 ns	     37920	80007f40	027dbdb3	mulhu	x27,x27,x7	 x27:0x00000014  x7:0x00000001 x27=0x00000000
     379235.000 ns	     37922	80007f44	7d191f97	auipc	x31,0x7d191	 x31=0xfd198f44
     379245.000 ns	     37923	80007f48	01f15233	srl	x4,x2,x31	  x2:0x80040fe4 x31:0x06561ccc  x4=0x080040fe
     379265.000 ns	     37925	80007f4c	e00b10d3	fclass.s	x1,f22	 f22:0xf24b468c  x1=0x00000002
     379285.000 ns	     37927	80007f50	018f1813	slli	x16,x30,0x18	 x30:0x7fffffff x16=0xff000000
     379315.000 ns	     37930	80007f54	116e7bd3	fmul.s	f23,f28,f22	 f28:0x4d7fc000 f22:0xf24b468c f23=0xff800000
     379345.000 ns	     37933	80007f58	28e309d3	fmin.s	f19,f6,f14	  f6:0x7fc00000 f14:0xcefff7df f19=0xcefff7df
     379375.000 ns	     37936	80007f5c	21fe93d3	fsgnjn.s	f7,f29,f31	 f29:0x00000200 f31:0x80000200  f7=0x00000200
     379425.000 ns	     37941	80007f60	005b7353	fadd.s	f6,f22,f5	 f22:0xf24b468c  f5:0x7fc00000  f6=0x7fc00000
     379455.000 ns	     37944	80007f64	a1019bd3	flt.s	x23,f3,f16	  f3:0x80000000 f16:0xfffffe00 x23=0x00000000
     379495.000 ns	     37948	80007f68	1028fd53	fmul.s	f26,f17,f2	 f17:0x3f800000  f2:0x4482a000 f26=0x4482a000
     379525.000 ns	     37951	80007f6c	21731d53	fsgnjn.s	f26,f6,f23	  f6:0x7fc00000 f23:0xff800000 f26=0x7fc00000
     379545.000 ns	     37953	80007f70	40f887b3	sub	x15,x17,x15	 x17:0x7fc00000 x15:0x80000000 x15=0xffc00000
     379555.000 ns	     37954	80007f74	016d43b3	xor	x7,x26,x22	 x26:0x00000000 x22:0x00000000  x7=0x00000000
     379575.000 ns	     37956	80007f78	a17023d3	feq.s	x7,f0,f23	  f0:0x00000000 f23:0xff800000  x7=0x00000000
     379625.000 ns	     37961	80007f7c	00012dd3	fadd.s	f27,f2,f0	  f2:0x4482a000  f0:0x00000000 f27=0x4482a000
     379645.000 ns	     37963	80007f80	0178fab3	and	x21,x17,x23	 x17:0x7fc00000 x23:0x00000000 x21=0x00000000
     379665.000 ns	     37965	80007f84	202ca9d3	fsgnjx.s	f19,f25,f2	 f25:0x00000000  f2:0x4482a000 f19=0x00000000
     379695.000 ns	     37968	80007f88	a127a753	feq.s	x14,f15,f18	 f15:0x4e953e36 f18:0x4ccac399 x14=0x00000000
     379725.000 ns	     37971	80007f8c	d0047453	fcvt.s.w	f8,x8	  x8:0x00000023  f8=0x420c0000
     379745.000 ns	     37973	80007f90	00f68533	add	x10,x13,x15	 x13:0x00000001 x15:0xffc00000 x10=0xffc00001
     379765.000 ns	     37975	80007f94	02dca1b3	mulhsu	x3,x25,x13	 x25:0xfffffbfa x13:0x00000001  x3=0xffffffff
     379795.000 ns	     37978	80007f98	a1529c53	flt.s	x24,f5,f21	  f5:0x7fc00000 f21:0x00000000 x24=0x00000000
     379825.000 ns	     37981	80007f9c	c013c0d3	fcvt.wu.s	x1,f7	  f7:0x00000200  x1=0x00000000
     379855.000 ns	     37984	80007fa0	03830533	mul	x10,x6,x24	  x6:0x00000612 x24:0x00000000 x10=0x00000000
     379875.000 ns	     37986	80007fa4	412004b3	sub	x9,x0,x18	  x0:0x00000000 x18:0x3f800000  x9=0xc0800000
     379885.000 ns	     37987	80007fa8	242f6f13	ori	x30,x30,578	 x30:0x7fffffff x30=0x7fffffff
     379925.000 ns	     37991	80007fac	0075fbd3	fadd.s	f23,f11,f7	 f11:0x4f724b56  f7:0x00000200 f23=0x4f724b56
     379945.000 ns	     37993	80007fb0	00501c93	slli	x25,x0,0x5	  x0:0x00000000 x25=0x00000000
     379955.000 ns	     37994	80007fb4	40ab5c93	srai	x25,x22,0xa	 x22:0x00000000 x25=0x00000000
     379965.000 ns	     37995	80007fb8	014a8d33	add	x26,x21,x20	 x21:0x00000000 x20:0xfffffce7 x26=0xfffffce7
     379975.000 ns	     37996	80007fbc	41cb8c33	sub	x24,x23,x28	 x23:0x00000000 x28:0x80041024 x24=0x7ffbefdc
     379985.000 ns	     37997	80007fc0	40508a33	sub	x20,x1,x5	  x1:0x00000000  x5:0xc07fff26 x20=0x3f8000da
     379995.000 ns	     37998	80007fc4	e7486913	ori	x18,x16,-396	 x16:0xff000000 x18=0xfffffe74
     380015.000 ns	     38000	80007fc8	d012f8d3	fcvt.s.wu	f17,x5	  x5:0xc07fff26 f17=0x4f407fff
     380035.000 ns	     38002	80007fcc	006c76b3	and	x13,x24,x6	 x24:0x7ffbefdc  x6:0x00000612 x13=0x00000610
     380045.000 ns	     38003	80007fd0	25cd6f93	ori	x31,x26,604	 x26:0xfffffce7 x31=0xfffffeff
     380065.000 ns	     38005	80007fd4	c01290d3	fcvt.wu.s	x1,f5	  f5:0x7fc00000  x1=0xffffffff
     380105.000 ns	     38009	80007fd8	10779bd3	fmul.s	f23,f15,f7	 f15:0x4e953e36  f7:0x00000200 f23=0x08953e36
     380125.000 ns	     38011	80007fdc	13f72813	slti	x16,x14,319	 x14:0x00000000 x16=0x00000001
     380145.000 ns	     38013	80007fe0	a1f78dd3	fle.s	x27,f15,f31	 f15:0x4e953e36 f31:0x80000200 x27=0x00000000
     380175.000 ns	     38016	80007fe4	d018fc53	fcvt.s.wu	f24,x17	 x17:0x7fc00000 f24=0x4eff8000
     380215.000 ns	     38020	80007fe8	5802bfd3	fsqrt.s	f31,f5	  f5:0x7fc00000 f31=0x7fc00000
     380235.000 ns	     38022	80007fec	01dee8b3	or	x17,x29,x29	 x29:0x07475f00 x29:0x07475f00 x17=0x07475f00
     380245.000 ns	     38023	80007ff0	00ca9c93	slli	x25,x21,0xc	 x21:0x00000000 x25=0x00000000
     380265.000 ns	     38025	80007ff4	d013f253	fcvt.s.wu	f4,x7	  x7:0x00000000  f4=0x00000000
     380295.000 ns	     38028	80007ff8	210e0b53	fsgnj.s	f22,f28,f16	 f28:0x4d7fc000 f16:0xfffffe00 f22=0xcd7fc000
     380325.000 ns	     38031	80007ffc	e00a0253	fmv.x.w	x4,f20	 f20:0x7fc00000  x4=0x7fc00000
     380345.000 ns	     38033	80008000	bc12af37	lui	x30,0xbc12a	 x30=0xbc12a000
     380355.000 ns	     38034	80008004	0188cc33	xor	x24,x17,x24	 x17:0x07475f00 x24:0x7ffbefdc x24=0x78bcb0dc
     380715.000 ns	     38070	80008008	024847b3	div	x15,x16,x4	 x16:0x00000001  x4:0x7fc00000 x15=0x00000000
     380745.000 ns	     38073	8000800c	a0949353	flt.s	x6,f9,f9	  f9:0xbf800eb5  f9:0xbf800eb5  x6=0x00000000
     380765.000 ns	     38075	80008010	004ad913	srli	x18,x21,0x4	 x21:0x00000000 x18=0x00000000
     380785.000 ns	     38077	80008014	03778cb3	mul	x25,x15,x23	 x15:0x00000000 x23:0x00000000 x25=0x00000000
     380815.000 ns	     38080	80008018	02deb7b3	mulhu	x15,x29,x13	 x29:0x07475f00 x13:0x00000610 x15=0x0000002c
     380835.000 ns	     38082	8000801c	0b572993	slti	x19,x14,181	 x14:0x00000000 x19=0x00000001
     380845.000 ns	     38083	80008020	3b468993	addi	x19,x13,948	 x13:0x00000610 x19=0x000009c4
     380865.000 ns	     38085	80008024	210117d3	fsgnjn.s	f15,f2,f16	  f2:0x4482a000 f16:0xfffffe00 f15=0x4482a000
     380895.000 ns	     38088	80008028	a0011dd3	flt.s	x27,f2,f0	  f2:0x4482a000  f0:0x00000000 x27=0x00000000
     380925.000 ns	     38091	8000802c	e0030953	fmv.x.w	x18,f6	  f6:0x7fc00000 x18=0x7fc00000
     380955.000 ns	     38094	80008030	a0f30cd3	fle.s	x25,f6,f15	  f6:0x7fc00000 f15:0x4482a000 x25=0x00000000
     380975.000 ns	     38096	80008034	91b97693	andi	x13,x18,-1765	 x18:0x7fc00000 x13=0x7fc00000
     381015.000 ns	     38100	80008038	000d9b53	fadd.s	f22,f27,f0	 f27:0x4482a000  f0:0x00000000 f22=0x4482a000
     381035.000 ns	     38102	8000803c	00000013	addi	x0,x0,0	  x0:0x00000000
     381045.000 ns	     38103	80008040	f7096c37	lui	x24,0xf7096	 x24=0xf7096000
     381065.000 ns	     38105	80008044	e00b0b53	fmv.x.w	x22,f22	 f22:0x4482a000 x22=0x4482a000
     381435.000 ns	     38142	80008048	03405ab3	divu	x21,x0,x20	  x0:0x00000000 x20:0x3f8000da x21=0x00000000
     381455.000 ns	     38144	8000804c	0004bab3	sltu	x21,x9,x0	  x9:0xc0800000  x0:0x00000000 x21=0x00000000
     381475.000 ns	     38146	80008050	e00989d3	fmv.x.w	x19,f19	 f19:0x00000000 x19=0x00000000
     381505.000 ns	     38149	80008054	a1b208d3	fle.s	x17,f4,f27	  f4:0x00000000 f27:0x4482a000 x17=0x00000001
     381535.000 ns	     38152	80008058	a0770253	fle.s	x4,f14,f7	 f14:0xcefff7df  f7:0x00000200  x4=0x00000001
     381565.000 ns	     38155	8000805c	e0078553	fmv.x.w	x10,f15	 f15:0x4482a000 x10=0x4482a000
     381595.000 ns	     38158	80008060	a1ada553	feq.s	x10,f27,f26	 f27:0x4482a000 f26:0x7fc00000 x10=0x00000000
     381615.000 ns	     38160	80008064	41fe0cb3	sub	x25,x28,x31	 x28:0x80041024 x31:0xfffffeff x25=0x80041125
     381635.000 ns	     38162	80008068	a00f9853	flt.s	x16,f31,f0	 f31:0x7fc00000  f0:0x00000000 x16=0x00000000
     381675.000 ns	     38166	8000806c	58082f53	fsqrt.s	f30,f16	 f16:0xfffffe00 f30=0x7fc00000
     381695.000 ns	     38168	80008070	2d924837	lui	x16,0x2d924	 x16=0x2d924000
     381715.000 ns	     38170	80008074	a04faa53	feq.s	x20,f31,f4	 f31:0x7fc00000  f4:0x00000000 x20=0x00000000
     381735.000 ns	     38172	80008078	414b06b3	sub	x13,x22,x20	 x22:0x4482a000 x20:0x3f8000da x13=0x4482a000
     381755.000 ns	     38174	8000807c	290d0b53	fmin.s	f22,f26,f16	 f26:0x7fc00000 f16:0xfffffe00 f22=0x7fc00000
     381775.000 ns	     38176	80008080	41dadfb3	sra	x31,x21,x29	 x21:0x00000000 x29:0x07475f00 x31=0x00000000
     381795.000 ns	     38178	80008084	d002f8d3	fcvt.s.w	f17,x5	  x5:0xc07fff26 f17=0xce7e0003
     382165.000 ns	     38215	80008088	0216fcb3	remu	x25,x13,x1	 x13:0x4482a000  x1:0xffffffff x25=0x4482a000
     382195.000 ns	     38218	8000808c	c0043253	fcvt.w.s	x4,f8	  f8:0x420c0000  x4=0x00000023
     382225.000 ns	     38221	80008090	200e9dd3	fsgnjn.s	f27,f29,f0	 f29:0x00000200  f0:0x00000000 f27=0x80000200
     382245.000 ns	     38223	80008094	e250f793	andi	x15,x1,-475	  x1:0xffffffff x15=0xfffffe25
     382605.000 ns	     38259	80008098	02c7c4b3	div	x9,x15,x12	 x15:0x0000002c x12:0x00000620  x9=0x00000000
     382645.000 ns	     38263	8000809c	19ecb853	fdiv.s	f16,f25,f30	 f25:0x00000000 f30:0x7fc00000 f16=0x7fc00000
     382675.000 ns	     38266	800080a0	20cd95d3	fsgnjn.s	f11,f27,f12	 f27:0x80000200 f12:0xb4e6a221 f11=0x00000200
     382695.000 ns	     38268	800080a4	c468ed93	ori	x27,x17,-954	 x17:0x00000001 x27=0xfffffc47
     383055.000 ns	     38304	800080a8	03ed7eb3	remu	x29,x26,x30	 x26:0xfffffce7 x30:0xbc12a000 x29=0x43ed5ce7
     383075.000 ns	     38306	800080ac	41340ab3	sub	x21,x8,x19	  x8:0x00000023 x19:0x00000000 x21=0x00000023
     383085.000 ns	     38307	800080b0	01e1b333	sltu	x6,x3,x30	  x3:0xffffffff x30:0xbc12a000  x6=0x00000000
     383095.000 ns	     38308	800080b4	00000013	addi	x0,x0,0	  x0:0x00000000
     383455.000 ns	     38344	800080b8	0358ca33	div	x20,x17,x21	 x17:0x00000001 x21:0x00000023 x20=0x00000000
     383505.000 ns	     38349	800080bc	00a71553	fadd.s	f10,f14,f10	 f14:0xcefff7df f10:0xfffffce7 f10=0x7fc00000
     383525.000 ns	     38351	800080c0	01351233	sll	x4,x10,x19	 x10:0x00000000 x19:0x00000000  x4=0x00000000
     383545.000 ns	     38353	800080c4	a0fb0653	fle.s	x12,f22,f15	 f22:0x7fc00000 f15:0x4482a000 x12=0x00000000
     383575.000 ns	     38356	800080c8	f00483d3	fmv.w.x	f7,x9	  x9:0x00000000  f7=0x00000000
     383605.000 ns	     38359	800080cc	288109d3	fmin.s	f19,f2,f8	  f2:0x4482a000  f8:0x420c0000 f19=0x420c0000
     383635.000 ns	     38362	800080d0	a0fb2dd3	feq.s	x27,f22,f15	 f22:0x7fc00000 f15:0x4482a000 x27=0x00000000
     383655.000 ns	     38364	800080d4	40eb5993	srai	x19,x22,0xe	 x22:0x4482a000 x19=0x0001120a
     383675.000 ns	     38366	800080d8	c01e7ed3	fcvt.wu.s	x29,f28	 f28:0x4d7fc000 x29=0x0ffc0000
     383705.000 ns	     38369	800080dc	c018afd3	fcvt.wu.s	x31,f17	 f17:0xce7e0003 x31=0x3f8000c0
     383725.000 ns	     38371	800080e0	450db693	sltiu	x13,x27,1104	 x27:0x00000000 x13=0x00000001
     383745.000 ns	     38373	800080e4	f0028753	fmv.w.x	f14,x5	  x5:0xc07fff26 f14=0xc07fff26
     383765.000 ns	     38375	800080e8	c0fdacb7	lui	x25,0xc0fda	 x25=0xc0fda000
     383785.000 ns	     38377	800080ec	a1889fd3	flt.s	x31,f17,f24	 f17:0xce7e0003 f24:0x4eff8000 x31=0x00000001
     383805.000 ns	     38379	800080f0	7a383413	sltiu	x8,x16,1955	 x16:0x2d924000  x8=0x00000000
     383825.000 ns	     38381	800080f4	a14c2953	feq.s	x18,f24,f20	 f24:0x4eff8000 f20:0x7fc00000 x18=0x00000000
     383855.000 ns	     38384	800080f8	d01022d3	fcvt.s.wu	f5,x0	  x0:0x00000000  f5=0x00000000
     384195.000 ns	     38418	800080fc	192476d3	fdiv.s	f13,f8,f18	  f8:0x420c0000 f18:0x4ccac399 f13=0x348c0000
     384225.000 ns	     38421	80008100	a16898d3	flt.s	x17,f17,f22	 f17:0xce7e0003 f22:0x7fc00000 x17=0x00000000
     384255.000 ns	     38424	80008104	21d82053	fsgnjx.s	f0,f16,f29	 f16:0x7fc00000 f29:0x00000200  f0=0x7fc00000
     384275.000 ns	     38426	80008108	00fb41b3	xor	x3,x22,x15	 x22:0x4482a000 x15:0xfffffe25  x3=0xbb7d5e25
     384285.000 ns	     38427	8000810c	01a6f933	and	x18,x13,x26	 x13:0x00000001 x26:0xfffffce7 x18=0x00000001
     384305.000 ns	     38429	80008110	020f8833	mul	x16,x31,x0	 x31:0x00000001  x0:0x00000000 x16=0x00000000
     384355.000 ns	     38434	80008114	096c0e53	fsub.s	f28,f24,f22	 f24:0x4eff8000 f22:0x7fc00000 f28=0x7fc00000
     384405.000 ns	     38439	80008118	09bfaad3	fsub.s	f21,f31,f27	 f31:0x7fc00000 f27:0x80000200 f21=0x7fc00000
     384435.000 ns	     38442	8000811c	29e802d3	fmin.s	f5,f16,f30	 f16:0x7fc00000 f30:0x7fc00000  f5=0x7fc00000
     384465.000 ns	     38445	80008120	03861233	mulh	x4,x12,x24	 x12:0x00000000 x24:0xf7096000  x4=0x00000000
     384495.000 ns	     38448	80008124	217f8bd3	fsgnj.s	f23,f31,f23	 f31:0x7fc00000 f23:0x08953e36 f23=0x7fc00000
     384525.000 ns	     38451	80008128	c0047bd3	fcvt.w.s	x23,f8	  f8:0x420c0000 x23=0x00000023
     384555.000 ns	     38454	8000812c	28199fd3	fmax.s	f31,f19,f1	 f19:0x420c0000  f1:0x7fc00000 f31=0x420c0000
     384585.000 ns	     38457	80008130	a0b60653	fle.s	x12,f12,f11	 f12:0xb4e6a221 f11:0x00000200 x12=0x00000001
     384615.000 ns	     38460	80008134	a04390d3	flt.s	x1,f7,f4	  f7:0x00000000  f4:0x00000000  x1=0x00000000
     384645.000 ns	     38463	80008138	212eae53	fsgnjx.s	f28,f29,f18	 f29:0x00000200 f18:0x4ccac399 f28=0x00000200
     384675.000 ns	     38466	8000813c	c00af353	fcvt.w.s	x6,f21	 f21:0x7fc00000  x6=0x7fffffff
     384695.000 ns	     38468	80008140	5390c293	xori	x5,x1,1337	  x1:0x00000000  x5=0x00000539
     384705.000 ns	     38469	80008144	41d95433	sra	x8,x18,x29	 x18:0x00000001 x29:0x0ffc0000  x8=0x00000001
     384725.000 ns	     38471	80008148	037ab4b3	mulhu	x9,x21,x23	 x21:0x00000023 x23:0x00000023  x9=0x00000000
     384755.000 ns	     38474	8000814c	d00d73d3	fcvt.s.w	f7,x26	 x26:0xfffffce7  f7=0xc4464000
     384785.000 ns	     38477	80008150	02ed71b3	remu	x3,x26,x14	 x26:0xfffffce7 x14:0x00000000  x3=0xfffffce7
     384805.000 ns	     38479	80008154	a29784b7	lui	x9,0xa2978	  x9=0xa2978000
     384825.000 ns	     38481	80008158	285312d3	fmax.s	f5,f6,f5	  f6:0x7fc00000  f5:0x7fc00000  f5=0x7fc00000
     384845.000 ns	     38483	8000815c	00ec8833	add	x16,x25,x14	 x25:0xc0fda000 x14:0x00000000 x16=0xc0fda000
     384885.000 ns	     38487	80008160	083879d3	fsub.s	f19,f16,f3	 f16:0x7fc00000  f3:0x80000000 f19=0x7fc00000
     384905.000 ns	     38489	80008164	007d0333	add	x6,x26,x7	 x26:0xfffffce7  x7:0x00000000  x6=0xfffffce7
     384925.000 ns	     38491	80008168	f0008853	fmv.w.x	f16,x1	  x1:0x00000000 f16=0x00000000
     384945.000 ns	     38493	8000816c	01655b13	srli	x22,x10,0x16	 x10:0x00000000 x22=0x00000000
     386115.000 ns	     38610	80008170	58090dd3	fsqrt.s	f27,f18	 f18:0x4ccac399 f27=0x46211a0f
     386145.000 ns	     38613	80008174	e00f08d3	fmv.x.w	x17,f30	 f30:0x7fc00000 x17=0x7fc00000
     386175.000 ns	     38616	80008178	02e6bcb3	mulhu	x25,x13,x14	 x13:0x00000001 x14:0x00000000 x25=0x00000000
     387355.000 ns	     38734	8000817c	580e1d53	fsqrt.s	f26,f28	 f28:0x00000200 f26=0x1f350758
     387385.000 ns	     38737	80008180	21030ed3	fsgnj.s	f29,f6,f16	  f6:0x7fc00000 f16:0x00000000 f29=0x7fc00000
     387415.000 ns	     38740	80008184	a1fc0653	fle.s	x12,f24,f31	 f24:0x4eff8000 f31:0x420c0000 x12=0x00000000
     387445.000 ns	     38743	80008188	21c5a6d3	fsgnjx.s	f13,f11,f28	 f11:0x00000200 f28:0x00000200 f13=0x00000200
     387485.000 ns	     38747	8000818c	10ee1ed3	fmul.s	f29,f28,f14	 f28:0x00000200 f14:0xc07fff26 f29=0x800007ff
     387505.000 ns	     38749	80008190	bfde7293	andi	x5,x28,-1027	 x28:0x80041024  x5=0x80041024
     387535.000 ns	     38752	80008194	580899d3	fsqrt.s	f19,f17	 f17:0xce7e0003 f19=0x7fc00000
     387555.000 ns	     38754	80008198	00000013	addi	x0,x0,0	  x0:0x00000000
     387565.000 ns	     38755	8000819c	00ad5313	srli	x6,x26,0xa	 x26:0xfffffce7  x6=0x003fffff
     387585.000 ns	     38757	800081a0	28e41053	fmax.s	f0,f8,f14	  f8:0x420c0000 f14:0xc07fff26  f0=0x420c0000
     387635.000 ns	     38762	800081a4	09054853	fsub.s	f16,f10,f16	 f10:0x7fc00000 f16:0x00000000 f16=0x7fc00000
     387665.000 ns	     38765	800081a8	d00075d3	fcvt.s.w	f11,x0	  x0:0x00000000 f11=0x00000000
     387705.000 ns	     38769	800081ac	18ebf753	fdiv.s	f14,f23,f14	 f23:0x7fc00000 f14:0xc07fff26 f14=0x7fc00000
     387745.000 ns	     38773	800081b0	11cac753	fmul.s	f14,f21,f28	 f21:0x7fc00000 f28:0x00000200 f14=0x7fc00000
     387765.000 ns	     38775	800081b4	00c1dc13	srli	x24,x3,0xc	  x3:0xfffffce7 x24=0x000fffff
     387785.000 ns	     38777	800081b8	0249c633	div	x12,x19,x4	 x19:0x0001120a  x4:0x00000000 x12=0xffffffff
     387835.000 ns	     38782	800081bc	007672d3	fadd.s	f5,f12,f7	 f12:0xb4e6a221  f7:0xc4464000  f5=0xc4464000
     387855.000 ns	     38784	800081c0	014aeb33	or	x22,x21,x20	 x21:0x00000023 x20:0x00000000 x22=0x00000023
     387875.000 ns	     38786	800081c4	c00f8853	fcvt.w.s	x16,f31	 f31:0x420c0000 x16=0x00000023
     387905.000 ns	     38789	800081c8	e00d80d3	fmv.x.w	x1,f27	 f27:0x46211a0f  x1=0x46211a0f
     387935.000 ns	     38792	800081cc	e00c0fd3	fmv.x.w	x31,f24	 f24:0x4eff8000 x31=0x4eff8000
     387965.000 ns	     38795	800081d0	e00586d3	fmv.x.w	x13,f11	 f11:0x00000000 x13=0x00000000
     388335.000 ns	     38832	800081d4	03d05d33	divu	x26,x0,x29	  x0:0x00000000 x29:0x0ffc0000 x26=0x00000000
     388355.000 ns	     38834	800081d8	c56ef193	andi	x3,x29,-938	 x29:0x0ffc0000  x3=0x0ffc0000
     388365.000 ns	     38835	800081dc	35d1ad13	slti	x26,x3,861	  x3:0xfffffce7 x26=0x00000000
     388385.000 ns	     38837	800081e0	c00fa253	fcvt.w.s	x4,f31	 f31:0x420c0000  x4=0x00000023
     388405.000 ns	     38839	800081e4	24a76d13	ori	x26,x14,586	 x14:0x00000000 x26=0x0000024a
     388415.000 ns	     38840	800081e8	033cf293	andi	x5,x25,51	 x25:0x00000000  x5=0x00000000
     388425.000 ns	     38841	800081ec	a693b493	sltiu	x9,x7,-1431	  x7:0x00000000  x9=0x00000001
     388445.000 ns	     38843	800081f0	032b3033	mulhu	x0,x22,x18	 x22:0x00000023 x18:0x00000001
     388465.000 ns	     38845	800081f4	9a4f8a93	addi	x21,x31,-1628	 x31:0x4eff8000 x21=0x4eff79a4
     388475.000 ns	     38846	800081f8	018ed513	srli	x10,x29,0x18	 x29:0x0ffc0000 x10=0x0000000f
     388495.000 ns	     38848	800081fc	d01477d3	fcvt.s.wu	f15,x8	  x8:0x00000001 f15=0x3f800000
     388525.000 ns	     38851	80008200	0351bcb3	mulhu	x25,x3,x21	  x3:0x0ffc0000 x21:0x4eff79a4 x25=0x04eebb9c
     388545.000 ns	     38853	80008204	406f0f33	sub	x30,x30,x6	 x30:0xbc12a000  x6:0x003fffff x30=0xbbd2a001
     388555.000 ns	     38854	80008208	1708d237	lui	x4,0x1708d	  x4=0x1708d000
     388575.000 ns	     38856	8000820c	d00ef7d3	fcvt.s.w	f15,x29	 x29:0x0ffc0000 f15=0x4d7fc000
     388605.000 ns	     38859	80008210	e00f9453	fclass.s	x8,f31	 f31:0x420c0000  x8=0x00000040
     388635.000 ns	     38862	80008214	a0d5a2d3	feq.s	x5,f11,f13	 f11:0x00000000 f13:0x00000200  x5=0x00000000
     388665.000 ns	     38865	80008218	e0088553	fmv.x.w	x10,f17	 f17:0xce7e0003 x10=0xce7e0003
     388695.000 ns	     38868	8000821c	20659653	fsgnjn.s	f12,f11,f6	 f11:0x00000000  f6:0x7fc00000 f12=0x80000000
     388715.000 ns	     38870	80008220	a2803f93	sltiu	x31,x0,-1496	  x0:0x00000000 x31=0x00000001
     388725.000 ns	     38871	80008224	00b29f93	slli	x31,x5,0xb	  x5:0x00000000 x31=0x00000000
     388735.000 ns	     38872	80008228	b4354d93	xori	x27,x10,-1213	 x10:0xce7e0003 x27=0x3181fb40
     388755.000 ns	     38874	8000822c	d018f4d3	fcvt.s.wu	f9,x17	 x17:0x7fc00000  f9=0x4eff8000
     388795.000 ns	     38878	80008230	580b10d3	fsqrt.s	f1,f22	 f22:0x7fc00000  f1=0x7fc00000
     388835.000 ns	     38882	80008234	19bcfbd3	fdiv.s	f23,f25,f27	 f25:0x00000000 f27:0x46211a0f f23=0x00000000
     388865.000 ns	     38885	80008238	037d86b3	mul	x13,x27,x23	 x27:0x3181fb40 x23:0x00000023 x13=0xc4c559c0
     388915.000 ns	     38890	8000823c	08e215d3	fsub.s	f11,f4,f14	  f4:0x00000000 f14:0x7fc00000 f11=0x7fc00000
     388945.000 ns	     38893	80008240	a1342653	feq.s	x12,f8,f19	  f8:0x420c0000 f19:0x7fc00000 x12=0x00000000
     388975.000 ns	     38896	80008244	02da1733	mulh	x14,x20,x13	 x20:0x00000000 x13:0xc4c559c0 x14=0x00000000
     389005.000 ns	     38899	80008248	297c8dd3	fmin.s	f27,f25,f23	 f25:0x00000000 f23:0x00000000 f27=0x00000000
     389035.000 ns	     38902	8000824c	c00072d3	fcvt.w.s	x5,f0	  f0:0x420c0000  x5=0x00000023
     389055.000 ns	     38904	80008250	94f07a13	andi	x20,x0,-1713	  x0:0x00000000 x20=0x00000000
     389075.000 ns	     38906	80008254	28a71dd3	fmax.s	f27,f14,f10	 f14:0x7fc00000 f10:0x7fc00000 f27=0x7fc00000
     389105.000 ns	     38909	80008258	022f3733	mulhu	x14,x30,x2	 x30:0xbbd2a001  x2:0x80040fe4 x14=0x5dec4af3
     389125.000 ns	     38911	8000825c	006d1313	slli	x6,x26,0x6	 x26:0x0000024a  x6=0x00009280
     389135.000 ns	     38912	80008260	404409b3	sub	x19,x8,x4	  x8:0x00000040  x4:0x1708d000 x19=0xe8f73040
     389155.000 ns	     38914	80008264	c0023253	fcvt.w.s	x4,f4	  f4:0x00000000  x4=0x00000000
     389525.000 ns	     38951	80008268	02895033	divu	x0,x18,x8	 x18:0x00000001  x8:0x00000040
     389895.000 ns	     38988	8000826c	035bf7b3	remu	x15,x23,x21	 x23:0x00000023 x21:0x4eff79a4 x15=0x00000023
     389915.000 ns	     38990	80008270	01dbe733	or	x14,x23,x29	 x23:0x00000023 x29:0x0ffc0000 x14=0x0ffc0023
     389925.000 ns	     38991	80008274	ad632713	slti	x14,x6,-1322	  x6:0x00009280 x14=0x00000000
     389935.000 ns	     38992	80008278	00b08eb3	add	x29,x1,x11	  x1:0x46211a0f x11:0xf24b5688 x29=0x386c7097
     389945.000 ns	     38993	8000827c	40fe00b3	sub	x1,x28,x15	 x28:0x80041024 x15:0x00000023  x1=0x80041001
     389955.000 ns	     38994	80008280	c7cd04b7	lui	x9,0xc7cd0	  x9=0xc7cd0000
     389965.000 ns	     38995	80008284	40b708b3	sub	x17,x14,x11	 x14:0x00000000 x11:0xf24b5688 x17=0x0db4a978
     389975.000 ns	     38996	80008288	008a9d33	sll	x26,x21,x8	 x21:0x4eff79a4  x8:0x00000040 x26=0x4eff79a4
     389985.000 ns	     38997	8000828c	01e17bb3	and	x23,x2,x30	  x2:0x80040fe4 x30:0xbbd2a001 x23=0x80000000
     389995.000 ns	     38998	80008290	01a06f33	or	x30,x0,x26	  x0:0x00000000 x26:0x0000024a x30=0x4eff79a4
     390015.000 ns	     39000	80008294	c0129053	fcvt.wu.s	x0,f5	  f5:0xc4464000
     390045.000 ns	     39003	80008298	28ad0653	fmin.s	f12,f26,f10	 f26:0x1f350758 f10:0x7fc00000 f12=0x1f350758
     390065.000 ns	     39005	8000829c	01284a33	xor	x20,x16,x18	 x16:0x00000023 x18:0x00000001 x20=0x00000022
     390085.000 ns	     39007	800082a0	038a3cb3	mulhu	x25,x20,x24	 x20:0x00000000 x24:0x000fffff x25=0x00000000
     390455.000 ns	     39044	800082a4	0374e833	rem	x16,x9,x23	  x9:0xc7cd0000 x23:0x80000000 x16=0xc7cd0000
     390475.000 ns	     39046	800082a8	00a8dd13	srli	x26,x17,0xa	 x17:0x0db4a978 x26=0x00036d2a
     390485.000 ns	     39047	800082ac	007fdd93	srli	x27,x31,0x7	 x31:0x00000000 x27=0x00000000
     390525.000 ns	     39051	800082b0	097bf9d3	fsub.s	f19,f23,f23	 f23:0x00000000 f23:0x00000000 f19=0x80000000
     390575.000 ns	     39056	800082b4	017736d3	fadd.s	f13,f14,f23	 f14:0x7fc00000 f23:0x00000000 f13=0x7fc00000
     390625.000 ns	     39061	800082b8	011476d3	fadd.s	f13,f8,f17	  f8:0x420c0000 f17:0xce7e0003 f13=0xce7e0002
     390655.000 ns	     39064	800082bc	28589fd3	fmax.s	f31,f17,f5	 f17:0xce7e0003  f5:0xc4464000 f31=0xc4464000
     390685.000 ns	     39067	800082c0	20509853	fsgnjn.s	f16,f1,f5	  f1:0x7fc00000  f5:0xc4464000 f16=0x7fc00000
     390705.000 ns	     39069	800082c4	41248bb3	sub	x23,x9,x18	  x9:0xc7cd0000 x18:0x00000001 x23=0xc7ccffff
     390715.000 ns	     39070	800082c8	f5a8c093	xori	x1,x17,-166	 x17:0x0db4a978  x1=0xf24b5622
     390735.000 ns	     39072	800082cc	e00a8bd3	fmv.x.w	x23,f21	 f21:0x7fc00000 x23=0x7fc00000
     390755.000 ns	     39074	800082d0	00738eb3	add	x29,x7,x7	  x7:0x00000000  x7:0x00000000 x29=0x00000000
     390775.000 ns	     39076	800082d4	02853633	mulhu	x12,x10,x8	 x10:0xce7e0003  x8:0x00000040 x12=0x00000033
     390805.000 ns	     39079	800082d8	c00cf4d3	fcvt.w.s	x9,f25	 f25:0x00000000  x9=0x00000000
     390835.000 ns	     39082	800082dc	21d60653	fsgnj.s	f12,f12,f29	 f12:0x1f350758 f29:0x800007ff f12=0x9f350758
     390865.000 ns	     39085	800082e0	209108d3	fsgnj.s	f17,f2,f9	  f2:0x4482a000  f9:0x4eff8000 f17=0x4482a000
     390885.000 ns	     39087	800082e4	01015c93	srli	x25,x2,0x10	  x2:0x80040fe4 x25=0x00008004
     390895.000 ns	     39088	800082e8	008c48b3	xor	x17,x24,x8	 x24:0x000fffff  x8:0x00000040 x17=0x000fffbf
     390915.000 ns	     39090	800082ec	03760ab3	mul	x21,x12,x23	 x12:0x00000033 x23:0x7fc00000 x21=0x73400000
     390945.000 ns	     39093	800082f0	a0fb2c53	feq.s	x24,f22,f15	 f22:0x7fc00000 f15:0x4d7fc000 x24=0x00000000
     390965.000 ns	     39095	800082f4	90222913	slti	x18,x4,-1790	  x4:0x00000000 x18=0x00000000
     390985.000 ns	     39097	800082f8	28b78dd3	fmin.s	f27,f15,f11	 f15:0x4d7fc000 f11:0x7fc00000 f27=0x4d7fc000
     391005.000 ns	     39099	800082fc	01e4c4b3	xor	x9,x9,x30	  x9:0x00000000 x30:0x4eff79a4  x9=0x4eff79a4
     391335.000 ns	     39132	80008300	191912d3	fdiv.s	f5,f18,f17	 f18:0x4ccac399 f17:0x4482a000  f5=0x47b65875
     391365.000 ns	     39135	80008304	038b22b3	mulhsu	x5,x22,x24	 x22:0x00000023 x24:0x00000000  x5=0x00000000
     391415.000 ns	     39140	80008308	01479053	fadd.s	f0,f15,f20	 f15:0x4d7fc000 f20:0x7fc00000  f0=0x7fc00000
     391445.000 ns	     39143	8000830c	f00c01d3	fmv.w.x	f3,x24	 x24:0x00000000  f3=0x00000000
     391465.000 ns	     39145	80008310	01736eb3	or	x29,x6,x23	  x6:0x00009280 x23:0x7fc00000 x29=0x7fc09280
     391475.000 ns	     39146	80008314	35caf093	andi	x1,x21,860	 x21:0x73400000  x1=0x00000000
     391495.000 ns	     39148	80008318	c0012dd3	fcvt.w.s	x27,f2	  f2:0x4482a000 x27=0x00000415
     391865.000 ns	     39185	8000831c	03d8fb33	remu	x22,x17,x29	 x17:0x000fffbf x29:0x7fc09280 x22=0x000fffbf
     391885.000 ns	     39187	80008320	6579ee93	ori	x29,x19,1623	 x19:0xe8f73040 x29=0xe8f73657
     391905.000 ns	     39189	80008324	20878253	fsgnj.s	f4,f15,f8	 f15:0x4d7fc000  f8:0x420c0000  f4=0x4d7fc000
     391925.000 ns	     39191	80008328	c3212817	auipc	x16,0xc3212	 x16=0x4321a328
     391945.000 ns	     39193	8000832c	c019f9d3	fcvt.wu.s	x19,f19	 f19:0x80000000 x19=0x00000000
     392315.000 ns	     39230	80008330	0265f833	remu	x16,x11,x6	 x11:0xf24b5688  x6:0x00009280 x16=0x00000a08
     392345.000 ns	     39233	80008334	e00d18d3	fclass.s	x17,f26	 f26:0x1f350758 x17=0x00000040
     392365.000 ns	     39235	80008338	40ca5c93	srai	x25,x20,0xc	 x20:0x00000022 x25=0x00000000
     392725.000 ns	     39271	8000833c	02956ab3	rem	x21,x10,x9	 x10:0xce7e0003  x9:0x4eff79a4 x21=0xce7e0003
     392745.000 ns	     39273	80008340	0098d933	srl	x18,x17,x9	 x17:0x00000040  x9:0x4eff79a4 x18=0x00000004
     392765.000 ns	     39275	80008344	c005f7d3	fcvt.w.s	x15,f11	 f11:0x7fc00000 x15=0x7fffffff
     392785.000 ns	     39277	80008348	186fe897	auipc	x17,0x186fe	 x17=0x98706348
     392815.000 ns	     39280	8000834c	183bbb53	fdiv.s	f22,f23,f3	 f23:0x00000000  f3:0x00000000 f22=0x7fc00000
     393185.000 ns	     39317	80008350	03e16f33	rem	x30,x2,x30	  x2:0x80040fe4 x30:0x4eff79a4 x30=0xcf038988
     393205.000 ns	     39319	80008354	8f60edb7	lui	x27,0x8f60e	 x27=0x8f60e000
     393225.000 ns	     39321	80008358	a0e89053	flt.s	x0,f17,f14	 f17:0x4482a000 f14:0x7fc00000
     393265.000 ns	     39325	8000835c	580ef7d3	fsqrt.s	f15,f29	 f29:0x800007ff f15=0x7fc00000
     393285.000 ns	     39327	80008360	67722f13	slti	x30,x4,1655	  x4:0x00000000 x30=0x00000001
     393305.000 ns	     39329	80008364	d0107553	fcvt.s.wu	f10,x0	  x0:0x00000000 f10=0x00000000
     393325.000 ns	     39331	80008368	51c77e93	andi	x29,x14,1308	 x14:0x00000000 x29=0x00000000
     393345.000 ns	     39333	8000836c	28ee0f53	fmin.s	f30,f28,f14	 f28:0x00000200 f14:0x7fc00000 f30=0x00000200
     393375.000 ns	     39336	80008370	e00e08d3	fmv.x.w	x17,f28	 f28:0x00000200 x17=0x00000200
     393405.000 ns	     39339	80008374	033e5833	divu	x16,x28,x19	 x28:0x80041024 x19:0x00000000 x16=0xffffffff
     393425.000 ns	     39341	80008378	4082da13	srai	x20,x5,0x8	  x5:0x00000000 x20=0x00000000
     393435.000 ns	     39342	8000837c	00000013	addi	x0,x0,0	  x0:0x00000000
     393445.000 ns	     39343	80008380	fa05ad37	lui	x26,0xfa05a	 x26=0xfa05a000
     393465.000 ns	     39345	80008384	f00085d3	fmv.w.x	f11,x1	  x1:0x00000000 f11=0x00000000
     393485.000 ns	     39347	80008388	001ed313	srli	x6,x29,0x1	 x29:0x00000000  x6=0x00000000
     393505.000 ns	     39349	8000838c	027dc833	div	x16,x27,x7	 x27:0x8f60e000  x7:0x00000000 x16=0xffffffff
     393525.000 ns	     39351	80008390	001d99b3	sll	x19,x27,x1	 x27:0x8f60e000  x1:0x00000000 x19=0x8f60e000
     393555.000 ns	     39354	80008394	10dff7d3	fmul.s	f15,f31,f13	 f31:0xc4464000 f13:0xce7e0002 f15=0x5344b382
     393925.000 ns	     39391	80008398	0351d833	divu	x16,x3,x21	  x3:0x0ffc0000 x21:0xce7e0003 x16=0x00000000
     393955.000 ns	     39394	8000839c	024381b3	mul	x3,x7,x4	  x7:0x00000000  x4:0x00000000  x3=0x00000000
     393975.000 ns	     39396	800083a0	00296ab3	or	x21,x18,x2	 x18:0x00000004  x2:0x80040fe4 x21=0x80040fe4
     393995.000 ns	     39398	800083a4	e00d9b53	fclass.s	x22,f27	 f27:0x4d7fc000 x22=0x00000040
     394025.000 ns	     39401	800083a8	e00409d3	fmv.x.w	x19,f8	  f8:0x420c0000 x19=0x420c0000
     394065.000 ns	     39405	800083ac	580cfc53	fsqrt.s	f24,f25	 f25:0x00000000 f24=0x00000000
     394095.000 ns	     39408	800083b0	28461d53	fmax.s	f26,f12,f4	 f12:0x9f350758  f4:0x4d7fc000 f26=0x4d7fc000
     394125.000 ns	     39411	800083b4	0331bab3	mulhu	x21,x3,x19	  x3:0x00000000 x19:0x420c0000 x21=0x00000000
     394145.000 ns	     39413	800083b8	40f8d093	srai	x1,x17,0xf	 x17:0x00000200  x1=0x00000000
     394155.000 ns	     39414	800083bc	015c10b3	sll	x1,x24,x21	 x24:0x00000000 x21:0x00000000  x1=0x00000000
     394165.000 ns	     39415	800083c0	41f8d713	srai	x14,x17,0x1f	 x17:0x00000200 x14=0x00000000
     394185.000 ns	     39417	800083c4	02841333	mulh	x6,x8,x8	  x8:0x00000040  x8:0x00000040  x6=0x00000000
     394205.000 ns	     39419	800083c8	16a43437	lui	x8,0x16a43	  x8=0x16a43000
     394225.000 ns	     39421	800083cc	03da12b3	mulh	x5,x20,x29	 x20:0x00000000 x29:0x00000000  x5=0x00000000
     394255.000 ns	     39424	800083d0	024a7833	remu	x16,x20,x4	 x20:0x00000000  x4:0x00000000 x16=0x00000000
     394285.000 ns	     39427	800083d4	a1be9053	flt.s	x0,f29,f27	 f29:0x800007ff f27:0x4d7fc000
     394315.000 ns	     39430	800083d8	c0162dd3	fcvt.wu.s	x27,f12	 f12:0x9f350758 x27=0x00000000
     395205.000 ns	     39519	800083dc	580f7653	fsqrt.s	f12,f30	 f30:0x00000200 f12=0x1f350758
     395225.000 ns	     39521	800083e0	006454b3	srl	x9,x8,x6	  x8:0x16a43000  x6:0x00000000  x9=0x16a43000
     395235.000 ns	     39522	800083e4	00000013	addi	x0,x0,0	  x0:0x00000000
     395255.000 ns	     39524	800083e8	201b88d3	fsgnj.s	f17,f23,f1	 f23:0x00000000  f1:0x7fc00000 f17=0x00000000
     395285.000 ns	     39527	800083ec	a1e213d3	flt.s	x7,f4,f30	  f4:0x4d7fc000 f30:0x00000200  x7=0x00000000
     396465.000 ns	     39645	800083f0	58044753	fsqrt.s	f14,f8	  f8:0x420c0000 f14=0x4045fcd2
     396485.000 ns	     39647	800083f4	91d009b7	lui	x19,0x91d00	 x19=0x91d00000
     396495.000 ns	     39648	800083f8	41855793	srai	x15,x10,0x18	 x10:0xce7e0003 x15=0xffffffce
     396515.000 ns	     39650	800083fc	03cf0d33	mul	x26,x30,x28	 x30:0x00000001 x28:0x80041024 x26=0x80041024
     396565.000 ns	     39655	80008400	09faf2d3	fsub.s	f5,f21,f31	 f21:0x7fc00000 f31:0xc4464000  f5=0x7fc00000
     396595.000 ns	     39658	80008404	20aa1fd3	fsgnjn.s	f31,f20,f10	 f20:0x7fc00000 f10:0x00000000 f31=0xffc00000
     396615.000 ns	     39660	80008408	00e2b1b3	sltu	x3,x5,x14	  x5:0x00000000 x14:0x00000000  x3=0x00000000
     396625.000 ns	     39661	8000840c	013849b3	xor	x19,x16,x19	 x16:0x00000000 x19:0x91d00000 x19=0x91d00000
     396635.000 ns	     39662	80008410	4bcb7793	andi	x15,x22,1212	 x22:0x00000040 x15=0x00000000
     396645.000 ns	     39663	80008414	00000013	addi	x0,x0,0	  x0:0x00000000
     396975.000 ns	     39696	80008418	19ed7d53	fdiv.s	f26,f26,f30	 f26:0x4d7fc000 f30:0x00000200 f26=0x7f800000
     396995.000 ns	     39698	8000841c	407b5033	sra	x0,x22,x7	 x22:0x00000040  x7:0x00000000
     397015.000 ns	     39700	80008420	29e00c53	fmin.s	f24,f0,f30	  f0:0x7fc00000 f30:0x00000200 f24=0x00000200
     397035.000 ns	     39702	80008424	74ab0f93	addi	x31,x22,1866	 x22:0x00000040 x31=0x0000078a
     397055.000 ns	     39704	80008428	21ef25d3	fsgnjx.s	f11,f30,f30	 f30:0x00000200 f30:0x00000200 f11=0x00000200
     397075.000 ns	     39706	8000842c	01ff90b3	sll	x1,x31,x31	 x31:0x00000000 x31:0x00000000  x1=0x001e2800
     397095.000 ns	     39708	80008430	035f02b3	mul	x5,x30,x21	 x30:0x00000001 x21:0x00000000  x5=0x00000000
     397465.000 ns	     39745	80008434	02c4fa33	remu	x20,x9,x12	  x9:0x16a43000 x12:0x00000033 x20=0x0000001e
     397485.000 ns	     39747	80008438	d2d6e093	ori	x1,x13,-723	 x13:0xc4c559c0  x1=0xfffffded
     397495.000 ns	     39748	8000843c	67540d93	addi	x27,x8,1653	  x8:0x16a43000 x27=0x16a43675
     397515.000 ns	     39750	80008440	214790d3	fsgnjn.s	f1,f15,f20	 f15:0x5344b382 f20:0x7fc00000  f1=0xd344b382
     397545.000 ns	     39753	80008444	e0060bd3	fmv.x.w	x23,f12	 f12:0x1f350758 x23=0x1f350758
     397575.000 ns	     39756	80008448	21568dd3	fsgnj.s	f27,f13,f21	 f13:0xce7e0002 f21:0x7fc00000 f27=0x4e7e0002
     397605.000 ns	     39759	8000844c	e00a01d3	fmv.x.w	x3,f20	 f20:0x7fc00000  x3=0x7fc00000
     397625.000 ns	     39761	80008450	00a47a33	and	x20,x8,x10	  x8:0x16a43000 x10:0xce7e0003 x20=0x06240000
     397635.000 ns	     39762	80008454	404307b3	sub	x15,x6,x4	  x6:0x00000000  x4:0x00000000 x15=0x00000000
     397655.000 ns	     39764	80008458	21788fd3	fsgnj.s	f31,f17,f23	 f17:0x00000000 f23:0x00000000 f31=0x00000000
     397685.000 ns	     39767	8000845c	a128a9d3	feq.s	x19,f17,f18	 f17:0x00000000 f18:0x4ccac399 x19=0x00000000
     397715.000 ns	     39770	80008460	033913b3	mulh	x7,x18,x19	 x18:0x00000004 x19:0x91d00000  x7=0x00000000
     397745.000 ns	     39773	80008464	e00c04d3	fmv.x.w	x9,f24	 f24:0x00000200  x9=0x00000200
     397765.000 ns	     39775	80008468	00d35413	srli	x8,x6,0xd	  x6:0x00000000  x8=0x00000000
     397775.000 ns	     39776	8000846c	00ffddb3	srl	x27,x31,x15	 x31:0x0000078a x15:0x00000000 x27=0x0000078a
     397795.000 ns	     39778	80008470	0395a033	mulhsu	x0,x11,x25	 x11:0xf24b5688 x25:0x00000000
     397815.000 ns	     39780	80008474	0100db13	srli	x22,x1,0x10	  x1:0xfffffded x22=0x0000ffff
     397835.000 ns	     39782	80008478	032c2533	mulhsu	x10,x24,x18	 x24:0x00000000 x18:0x00000004 x10=0x00000000
     397865.000 ns	     39785	8000847c	2120a9d3	fsgnjx.s	f19,f1,f18	  f1:0xd344b382 f18:0x4ccac399 f19=0xd344b382
     397895.000 ns	     39788	80008480	02fd5c33	divu	x24,x26,x15	 x26:0x80041024 x15:0x00000000 x24=0xffffffff
     397915.000 ns	     39790	80008484	01691b93	slli	x23,x18,0x16	 x18:0x00000004 x23=0x01000000
     397925.000 ns	     39791	80008488	01676333	or	x6,x14,x22	 x14:0x00000000 x22:0x0000ffff  x6=0x0000ffff
     397945.000 ns	     39793	8000848c	29648553	fmin.s	f10,f9,f22	  f9:0x4eff8000 f22:0x7fc00000 f10=0x4eff8000
     397965.000 ns	     39795	80008490	2d3ab793	sltiu	x15,x21,723	 x21:0x00000000 x15=0x00000001
     397975.000 ns	     39796	80008494	40a687b3	sub	x15,x13,x10	 x13:0xc4c559c0 x10:0x00000000 x15=0xc4c559c0
     398015.000 ns	     39800	80008498	0185f053	fadd.s	f0,f11,f24	 f11:0x00000200 f24:0x00000200  f0=0x00000400
     398035.000 ns	     39802	8000849c	014d04b3	add	x9,x26,x20	 x26:0x80041024 x20:0x06240000  x9=0x86281024
     398055.000 ns	     39804	800084a0	299e0f53	fmin.s	f30,f28,f25	 f28:0x00000200 f25:0x00000000 f30=0x00000000
     398075.000 ns	     39806	800084a4	401fde93	srai	x29,x31,0x1	 x31:0x0000078a x29=0x000003c5
     398095.000 ns	     39808	800084a8	21f71953	fsgnjn.s	f18,f14,f31	 f14:0x4045fcd2 f31:0x00000000 f18=0xc045fcd2
     398115.000 ns	     39810	800084ac	001a8533	add	x10,x21,x1	 x21:0x00000000  x1:0xfffffded x10=0xfffffded
     398135.000 ns	     39812	800084b0	29159f53	fmax.s	f30,f11,f17	 f11:0x00000200 f17:0x00000000 f30=0x00000200
     398505.000 ns	     39849	800084b4	02d9e333	rem	x6,x19,x13	 x19:0x00000000 x13:0xc4c559c0  x6=0x00000000
     398525.000 ns	     39851	800084b8	58daa813	slti	x16,x21,1421	 x21:0x00000000 x16=0x00000001
     398545.000 ns	     39853	800084bc	02f418b3	mulh	x17,x8,x15	  x8:0x00000000 x15:0xc4c559c0 x17=0x00000000
     398575.000 ns	     39856	800084c0	20c19253	fsgnjn.s	f4,f3,f12	  f3:0x00000000 f12:0x1f350758  f4=0x80000000
     398605.000 ns	     39859	800084c4	c012cdd3	fcvt.wu.s	x27,f5	  f5:0x7fc00000 x27=0xffffffff
     398625.000 ns	     39861	800084c8	0065b4b3	sltu	x9,x11,x6	 x11:0xf24b5688  x6:0x00000000  x9=0x00000000
     398635.000 ns	     39862	800084cc	5b5f2893	slti	x17,x30,1461	 x30:0x00000001 x17=0x00000001
     398655.000 ns	     39864	800084d0	02d79b33	mulh	x22,x15,x13	 x15:0xc4c559c0 x13:0xc4c559c0 x22=0x0db41611
     398685.000 ns	     39867	800084d4	e0010d53	fmv.x.w	x26,f2	  f2:0x4482a000 x26=0x4482a000
     398715.000 ns	     39870	800084d8	0255d2b3	divu	x5,x11,x5	 x11:0xf24b5688  x5:0x00000000  x5=0xffffffff
     399055.000 ns	     39904	800084dc	18e5f7d3	fdiv.s	f15,f11,f14	 f11:0x00000200 f14:0x4045fcd2 f15=0x00000000
     399075.000 ns	     39906	800084e0	95e67a93	andi	x21,x12,-1698	 x12:0x00000033 x21=0x00000012
     399095.000 ns	     39908	800084e4	21bfa753	fsgnjx.s	f14,f31,f27	 f31:0x00000000 f27:0x4e7e0002 f14=0x00000000
     399125.000 ns	     39911	800084e8	d00d9253	fcvt.s.w	f4,x27	 x27:0xffffffff  f4=0xbf800000
     399155.000 ns	     39914	800084ec	02bead33	mulhsu	x26,x29,x11	 x29:0x000003c5 x11:0xf24b5688 x26=0x00000391
     399185.000 ns	     39917	800084f0	a132acd3	feq.s	x25,f5,f19	  f5:0x7fc00000 f19:0xd344b382 x25=0x00000000
     399215.000 ns	     39920	800084f4	d0140553	fcvt.s.wu	f10,x8	  x8:0x00000000 f10=0x00000000
     399555.000 ns	     39954	800084f8	18091d53	fdiv.s	f26,f18,f0	 f18:0xc045fcd2  f0:0x00000400 f26=0xff0bc186
     399575.000 ns	     39956	800084fc	0096e333	or	x6,x13,x9	 x13:0xc4c559c0  x9:0x00000000  x6=0xc4c559c0
     399585.000 ns	     39957	80008500	41aa5e93	srai	x29,x20,0x1a	 x20:0x06240000 x29=0x00000001
     399595.000 ns	     39958	80008504	af6883b7	lui	x7,0xaf688	  x7=0xaf688000
     399605.000 ns	     39959	80008508	65a62a93	slti	x21,x12,1626	 x12:0x00000033 x21=0x00000001
     399615.000 ns	     39960	8000850c	01f74c33	xor	x24,x14,x31	 x14:0x00000000 x31:0x0000078a x24=0x0000078a
     399625.000 ns	     39961	80008510	d1413997	auipc	x19,0xd1413	 x19=0x5141b510
     399635.000 ns	     39962	80008514	40258033	sub	x0,x11,x2	 x11:0xf24b5688  x2:0x80040fe4
     399645.000 ns	     39963	80008518	8bca1937	lui	x18,0x8bca1	 x18=0x8bca1000
     399665.000 ns	     39965	8000851c	a1c79c53	flt.s	x24,f15,f28	 f15:0x00000000 f28:0x00000200 x24=0x00000001
     399685.000 ns	     39967	80008520	017957b3	srl	x15,x18,x23	 x18:0x00000004 x23:0x01000000 x15=0x8bca1000
     399695.000 ns	     39968	80008524	01dd44b3	xor	x9,x26,x29	 x26:0x00000391 x29:0x00000001  x9=0x00000390
     399715.000 ns	     39970	80008528	e0041bd3	fclass.s	x23,f8	  f8:0x420c0000 x23=0x00000040
     400085.000 ns	     40007	8000852c	0324d733	divu	x14,x9,x18	  x9:0x00000000 x18:0x8bca1000 x14=0x00000000
     400115.000 ns	     40010	80008530	d01d87d3	fcvt.s.wu	f15,x27	 x27:0xffffffff f15=0x4f800000
     400155.000 ns	     40014	80008534	18da1e53	fdiv.s	f28,f20,f13	 f20:0x7fc00000 f13:0xce7e0002 f28=0x7fc00000
     400175.000 ns	     40016	80008538	00c85793	srli	x15,x16,0xc	 x16:0x00000001 x15=0x00000000
     400195.000 ns	     40018	8000853c	e0011c53	fclass.s	x24,f2	  f2:0x4482a000 x24=0x00000040
     400225.000 ns	     40021	80008540	a1b796d3	flt.s	x13,f15,f27	 f15:0x4f800000 f27:0x4e7e0002 x13=0x00000000
     400265.000 ns	     40025	80008544	181f8553	fdiv.s	f10,f31,f1	 f31:0x00000000  f1:0xd344b382 f10=0x80000000
     400295.000 ns	     40028	80008548	028d0033	mul	x0,x26,x8	 x26:0x00000391  x8:0x00000000
     400325.000 ns	     40031	8000854c	a14b9253	flt.s	x4,f23,f20	 f23:0x00000000 f20:0x7fc00000  x4=0x00000000
     400355.000 ns	     40034	80008550	02865db3	divu	x27,x12,x8	 x12:0x00000033  x8:0x00000000 x27=0xffffffff
     400385.000 ns	     40037	80008554	f00989d3	fmv.w.x	f19,x19	 x19:0x5141b510 f19=0x5141b510
     400415.000 ns	     40040	80008558	032a1fb3	mulh	x31,x20,x18	 x20:0x06240000 x18:0x8bca1000 x31=0xfd3664ca
     400435.000 ns	     40042	8000855c	41878db3	sub	x27,x15,x24	 x15:0x00000000 x24:0x00000040 x27=0xffffffc0
     400455.000 ns	     40044	80008560	c0157ed3	fcvt.wu.s	x29,f10	 f10:0x80000000 x29=0x00000000
     400475.000 ns	     40046	80008564	5ebe1d97	auipc	x27,0x5ebe1	 x27=0xdebe9564
     400505.000 ns	     40049	80008568	10eafdd3	fmul.s	f27,f21,f14	 f21:0x7fc00000 f14:0x00000000 f27=0x7fc00000
     400525.000 ns	     40051	8000856c	00ac0a33	add	x20,x24,x10	 x24:0x00000040 x10:0xfffffded x20=0xfffffe2d
     400565.000 ns	     40055	80008570	00904bd3	fadd.s	f23,f0,f9	  f0:0x00000400  f9:0x4eff8000 f23=0x4eff8000
     400595.000 ns	     40058	80008574	d01e7453	fcvt.s.wu	f8,x28	 x28:0x80041024  f8=0x4f000410
     400625.000 ns	     40061	80008578	287413d3	fmax.s	f7,f8,f7	  f8:0x420c0000  f7:0xc4464000  f7=0x4f000410
     400645.000 ns	     40063	8000857c	404200b7	lui	x1,0x40420	  x1=0x40420000
     400655.000 ns	     40064	80008580	00381793	slli	x15,x16,0x3	 x16:0x00000001 x15=0x00000008
     400665.000 ns	     40065	80008584	00425913	srli	x18,x4,0x4	  x4:0x00000000 x18=0x00000000
     400675.000 ns	     40066	80008588	004cf633	and	x12,x25,x4	 x25:0x00000000  x4:0x00000000 x12=0x00000000
     400705.000 ns	     40069	8000858c	11c3c153	fmul.s	f2,f7,f28	  f7:0x4f000410 f28:0x7fc00000  f2=0x7fc00000
     400725.000 ns	     40071	80008590	019242b3	xor	x5,x4,x25	  x4:0x00000000 x25:0x00000000  x5=0x00000000
     400745.000 ns	     40073	80008594	29b90bd3	fmin.s	f23,f18,f27	 f18:0xc045fcd2 f27:0x7fc00000 f23=0xc045fcd2
     400775.000 ns	     40076	80008598	c005fbd3	fcvt.w.s	x23,f11	 f11:0x00000200 x23=0x00000000
     400795.000 ns	     40078	8000859c	014748b3	xor	x17,x14,x20	 x14:0x00000000 x20:0xfffffe2d x17=0xfffffe2d
     400825.000 ns	     40081	800085a0	11ef3dd3	fmul.s	f27,f30,f30	 f30:0x00000200 f30:0x00000200 f27=0x00000000
     400855.000 ns	     40084	800085a4	e00914d3	fclass.s	x9,f18	 f18:0xc045fcd2  x9=0x00000002
     401225.000 ns	     40121	800085a8	03a04bb3	div	x23,x0,x26	  x0:0x00000000 x26:0x00000391 x23=0x00000000
     401255.000 ns	     40124	800085ac	c0109bd3	fcvt.wu.s	x23,f1	  f1:0xd344b382 x23=0x00000000
     401285.000 ns	     40127	800085b0	20cf89d3	fsgnj.s	f19,f31,f12	 f31:0x00000000 f12:0x1f350758 f19=0x00000000
     401325.000 ns	     40131	800085b4	58094c53	fsqrt.s	f24,f18	 f18:0xc045fcd2 f24=0x7fc00000
     401355.000 ns	     40134	800085b8	a0d71853	flt.s	x16,f14,f13	 f14:0x00000000 f13:0xce7e0002 x16=0x00000000
     401375.000 ns	     40136	800085bc	01cf67b3	or	x15,x30,x28	 x30:0x00000001 x28:0x80041024 x15=0x80041025
     401395.000 ns	     40138	800085c0	29978153	fmin.s	f2,f15,f25	 f15:0x4f800000 f25:0x00000000  f2=0x00000000
     401425.000 ns	     40141	800085c4	03dffdb3	remu	x27,x31,x29	 x31:0xfd3664ca x29:0x00000000 x27=0xfd3664ca
     401455.000 ns	     40144	800085c8	203d2953	fsgnjx.s	f18,f26,f3	 f26:0xff0bc186  f3:0x00000000 f18=0xff0bc186
     401475.000 ns	     40146	800085cc	3db74c13	xori	x24,x14,987	 x14:0x00000000 x24=0x000003db
     401495.000 ns	     40148	800085d0	e00d8bd3	fmv.x.w	x23,f27	 f27:0x00000000 x23=0x00000000
     401525.000 ns	     40151	800085d4	02d330b3	mulhu	x1,x6,x13	  x6:0xc4c559c0 x13:0x00000000  x1=0x00000000
     401895.000 ns	     40188	800085d8	0355fbb3	remu	x23,x11,x21	 x11:0xf24b5688 x21:0x00000001 x23=0x00000000
     401925.000 ns	     40191	800085dc	d0029553	fcvt.s.w	f10,x5	  x5:0x00000000 f10=0x00000000
     401945.000 ns	     40193	800085e0	01c9d813	srli	x16,x19,0x1c	 x19:0x5141b510 x16=0x00000005
     401955.000 ns	     40194	800085e4	00edd413	srli	x8,x27,0xe	 x27:0xfd3664ca  x8=0x0003f4d9
     401975.000 ns	     40196	800085e8	d0177f53	fcvt.s.wu	f30,x14	 x14:0x00000000 f30=0x00000000
     401995.000 ns	     40198	800085ec	0145d8b3	srl	x17,x11,x20	 x11:0xf24b5688 x20:0xfffffe2d x17=0x0007925a
     402015.000 ns	     40200	800085f0	035f0cb3	mul	x25,x30,x21	 x30:0x00000001 x21:0x00000001 x25=0x00000001
     402045.000 ns	     40203	800085f4	03558db3	mul	x27,x11,x21	 x11:0xf24b5688 x21:0x00000001 x27=0xf24b5688
     402075.000 ns	     40206	800085f8	295688d3	fmin.s	f17,f13,f21	 f13:0xce7e0002 f21:0x7fc00000 f17=0xce7e0002
     402105.000 ns	     40209	800085fc	a1809753	flt.s	x14,f1,f24	  f1:0xd344b382 f24:0x7fc00000 x14=0x00000000
     402125.000 ns	     40211	80008600	012cec33	or	x24,x25,x18	 x25:0x00000001 x18:0x00000000 x24=0x00000001
     402145.000 ns	     40213	80008604	022190b3	mulh	x1,x3,x2	  x3:0x7fc00000  x2:0x80040fe4  x1=0xc02206ee
     402165.000 ns	     40215	80008608	00d46433	or	x8,x8,x13	  x8:0x0003f4d9 x13:0x00000000  x8=0x0003f4d9
     402185.000 ns	     40217	8000860c	f00c8f53	fmv.w.x	f30,x25	 x25:0x00000001 f30=0x00000001
     402215.000 ns	     40220	80008610	21058fd3	fsgnj.s	f31,f11,f16	 f11:0x00000200 f16:0x7fc00000 f31=0x00000200
     402235.000 ns	     40222	80008614	01cf1913	slli	x18,x30,0x1c	 x30:0x00000001 x18=0x10000000
     402275.000 ns	     40226	80008618	09ca1d53	fsub.s	f26,f20,f28	 f20:0x7fc00000 f28:0x7fc00000 f26=0x7fc00000
     402305.000 ns	     40229	8000861c	299c92d3	fmax.s	f5,f25,f25	 f25:0x00000000 f25:0x00000000  f5=0x00000000
     402325.000 ns	     40231	80008620	7cd64097	auipc	x1,0x7cd64	  x1=0xfcd6c620
     402335.000 ns	     40232	80008624	405824b7	lui	x9,0x40582	  x9=0x40582000
     402345.000 ns	     40233	80008628	284b59b7	lui	x19,0x284b5	 x19=0x284b5000
     402355.000 ns	     40234	8000862c	007fd693	srli	x13,x31,0x7	 x31:0xfd3664ca x13=0x01fa6cc9
     402365.000 ns	     40235	80008630	855d2737	lui	x14,0x855d2	 x14=0x855d2000
     402375.000 ns	     40236	80008634	0071f333	and	x6,x3,x7	  x3:0x7fc00000  x7:0xaf688000  x6=0x2f400000
     402385.000 ns	     40237	80008638	d1632493	slti	x9,x6,-746	  x6:0xc4c559c0  x9=0x00000000
     402395.000 ns	     40238	8000863c	0014d6b3	srl	x13,x9,x1	  x9:0x40582000  x1:0xfcd6c620 x13=0x00000000
     402415.000 ns	     40240	80008640	e0019653	fclass.s	x12,f3	  f3:0x00000000 x12=0x00000010
     402435.000 ns	     40242	80008644	a01bc093	xori	x1,x23,-1535	 x23:0x00000000  x1=0xfffffa01
     402445.000 ns	     40243	80008648	008ba633	slt	x12,x23,x8	 x23:0x00000000  x8:0x0003f4d9 x12=0x00000001
     402465.000 ns	     40245	8000864c	c01a9d53	fcvt.wu.s	x26,f21	 f21:0x7fc00000 x26=0xffffffff
     402835.000 ns	     40282	80008650	027fe1b3	rem	x3,x31,x7	 x31:0xfd3664ca  x7:0xaf688000  x3=0xfd3664ca
     403205.000 ns	     40319	80008654	027f40b3	div	x1,x30,x7	 x30:0x00000001  x7:0xaf688000  x1=0x00000000
     403225.000 ns	     40321	80008658	00623233	sltu	x4,x4,x6	  x4:0x00000000  x6:0x2f400000  x4=0x00000001
     403265.000 ns	     40325	8000865c	008ffa53	fadd.s	f20,f31,f8	 f31:0x00000200  f8:0x4f000410 f20=0x4f000410
     403295.000 ns	     40328	80008660	e00f19d3	fclass.s	x19,f30	 f30:0x00000001 x19=0x00000020
     403325.000 ns	     40331	80008664	e00889d3	fmv.x.w	x19,f17	 f17:0xce7e0002 x19=0xce7e0002
     403355.000 ns	     40334	80008668	022582b3	mul	x5,x11,x2	 x11:0xf24b5688  x2:0x80040fe4  x5=0x8f4b0920
     403375.000 ns	     40336	8000866c	004683b3	add	x7,x13,x4	 x13:0x00000000  x4:0x00000001  x7=0x00000001
     403405.000 ns	     40339	80008670	10e1c2d3	fmul.s	f5,f3,f14	  f3:0x00000000 f14:0x00000000  f5=0x00000000
     403435.000 ns	     40342	80008674	03343033	mulhu	x0,x8,x19	  x8:0x0003f4d9 x19:0xce7e0002
     403455.000 ns	     40344	80008678	01ce3db3	sltu	x27,x28,x28	 x28:0x80041024 x28:0x80041024 x27=0x00000000
     403465.000 ns	     40345	8000867c	41335c93	srai	x25,x6,0x13	  x6:0x2f400000 x25=0x000005e8
     403475.000 ns	     40346	80008680	6e252013	slti	x0,x10,1762	 x10:0xfffffded
     403495.000 ns	     40348	80008684	0293ceb3	div	x29,x7,x9	  x7:0x00000001  x9:0x00000000 x29=0xffffffff
     403535.000 ns	     40352	80008688	11ad77d3	fmul.s	f15,f26,f26	 f26:0x7fc00000 f26:0x7fc00000 f15=0x7fc00000
     403555.000 ns	     40354	8000868c	de126f93	ori	x31,x4,-543	  x4:0x00000001 x31=0xfffffde1
     403575.000 ns	     40356	80008690	20c89753	fsgnjn.s	f14,f17,f12	 f17:0xce7e0002 f12:0x1f350758 f14=0xce7e0002
     403605.000 ns	     40359	80008694	024b0c33	mul	x24,x22,x4	 x22:0x0db41611  x4:0x00000001 x24=0x0db41611
     403625.000 ns	     40361	80008698	01d12833	slt	x16,x2,x29	  x2:0x80040fe4 x29:0xffffffff x16=0x00000001
     403635.000 ns	     40362	8000869c	f1c23f93	sltiu	x31,x4,-228	  x4:0x00000001 x31=0x00000001
     403655.000 ns	     40364	800086a0	d001aed3	fcvt.s.w	f29,x3	  x3:0xfd3664ca f29=0xcc3266ce
     403685.000 ns	     40367	800086a4	d007b5d3	fcvt.s.w	f11,x15	 x15:0x80041025 f11=0xcefff7e0
     403705.000 ns	     40369	800086a8	7faa2513	slti	x10,x20,2042	 x20:0xfffffe2d x10=0x00000001
     403725.000 ns	     40371	800086ac	2129ad53	fsgnjx.s	f26,f19,f18	 f19:0x00000000 f18:0xff0bc186 f26=0x80000000
     403755.000 ns	     40374	800086b0	03cd9433	mulh	x8,x27,x28	 x27:0x00000000 x28:0x80041024  x8=0x00000000
     403785.000 ns	     40377	800086b4	28ff86d3	fmin.s	f13,f31,f15	 f31:0x00000200 f15:0x7fc00000 f13=0x00000200
     403805.000 ns	     40379	800086b8	01024233	xor	x4,x4,x16	  x4:0x00000001 x16:0x00000001  x4=0x00000000
     403825.000 ns	     40381	800086bc	03700233	mul	x4,x0,x23	  x0:0x00000000 x23:0x00000000  x4=0x00000000
     403855.000 ns	     40384	800086c0	f0000d53	fmv.w.x	f26,x0	  x0:0x00000000 f26=0x00000000
     403885.000 ns	     40387	800086c4	02d85433	divu	x8,x16,x13	 x16:0x00000001 x13:0x00000000  x8=0xffffffff
     403905.000 ns	     40389	800086c8	00af8bb3	add	x23,x31,x10	 x31:0x00000001 x10:0x00000001 x23=0x00000002
     403925.000 ns	     40391	800086cc	20cba953	fsgnjx.s	f18,f23,f12	 f23:0xc045fcd2 f12:0x1f350758 f18=0xc045fcd2
     403955.000 ns	     40394	800086d0	c0084753	fcvt.w.s	x14,f16	 f16:0x7fc00000 x14=0x7fffffff
     403985.000 ns	     40397	800086d4	294115d3	fmax.s	f11,f2,f20	  f2:0x00000000 f20:0x4f000410 f11=0x4f000410
     404005.000 ns	     40399	800086d8	6e153413	sltiu	x8,x10,1761	 x10:0x00000001  x8=0x00000001
     404025.000 ns	     40401	800086dc	285e8e53	fmin.s	f28,f29,f5	 f29:0xcc3266ce  f5:0x00000000 f28=0xcc3266ce
     404065.000 ns	     40405	800086e0	190ff153	fdiv.s	f2,f31,f16	 f31:0x00000200 f16:0x7fc00000  f2=0x7fc00000
     404095.000 ns	     40408	800086e4	c01b1a53	fcvt.wu.s	x20,f22	 f22:0x7fc00000 x20=0xffffffff
     405275.000 ns	     40526	800086e8	58007b53	fsqrt.s	f22,f0	  f0:0x00000400 f22=0x1f350a2c
     405295.000 ns	     40528	800086ec	8f298393	addi	x7,x19,-1806	 x19:0xce7e0002  x7=0xce7df8f4
     405315.000 ns	     40530	800086f0	291b90d3	fmax.s	f1,f23,f17	 f23:0xc045fcd2 f17:0xce7e0002  f1=0xc045fcd2
     405335.000 ns	     40532	800086f4	004c7833	and	x16,x24,x4	 x24:0x0db41611  x4:0x00000000 x16=0x00000000
     405695.000 ns	     40568	800086f8	0252e6b3	rem	x13,x5,x5	  x5:0x8f4b0920  x5:0x8f4b0920 x13=0x00000000
     405725.000 ns	     40571	800086fc	d00da5d3	fcvt.s.w	f11,x27	 x27:0x00000000 f11=0x00000000
     405755.000 ns	     40574	80008700	a1fc1053	flt.s	x0,f24,f31	 f24:0x7fc00000 f31:0x00000200
     405785.000 ns	     40577	80008704	03798733	mul	x14,x19,x23	 x19:0xce7e0002 x23:0x00000002 x14=0x9cfc0004
     405805.000 ns	     40579	80008708	00000013	addi	x0,x0,0	  x0:0x00000000
     405825.000 ns	     40581	8000870c	d01aff53	fcvt.s.wu	f30,x21	 x21:0x00000001 f30=0x3f800000
     405855.000 ns	     40584	80008710	e00993d3	fclass.s	x7,f19	 f19:0x00000000  x7=0x00000010
     405875.000 ns	     40586	80008714	0176ca33	xor	x20,x13,x23	 x13:0x00000000 x23:0x00000002 x20=0x00000002
     405905.000 ns	     40589	80008718	19b676d3	fdiv.s	f13,f12,f27	 f12:0x1f350758 f27:0x00000000 f13=0x7f800000
     405935.000 ns	     40592	8000871c	02015033	divu	x0,x2,x0	  x2:0x80040fe4  x0:0x00000000
     405965.000 ns	     40595	80008720	20d18dd3	fsgnj.s	f27,f3,f13	  f3:0x00000000 f13:0x7f800000 f27=0x00000000
     405985.000 ns	     40597	80008724	12f0e317	auipc	x6,0x12f0e	  x6=0x92f16724
     405995.000 ns	     40598	80008728	00cacf33	xor	x30,x21,x12	 x21:0x00000001 x12:0x00000001 x30=0x00000000
     406015.000 ns	     40600	8000872c	299e0053	fmin.s	f0,f28,f25	 f28:0xcc3266ce f25:0x00000000  f0=0xcc3266ce
     406035.000 ns	     40602	80008730	00d29993	slli	x19,x5,0xd	  x5:0x8f4b0920 x19=0x61240000
     406055.000 ns	     40604	80008734	a113a8d3	feq.s	x17,f7,f17	  f7:0x4f000410 f17:0xce7e0002 x17=0x00000000
     406075.000 ns	     40606	80008738	aa93b813	sltiu	x16,x7,-1367	  x7:0x00000010 x16=0x00000001
     406115.000 ns	     40610	8000873c	01f5a853	fadd.s	f16,f11,f31	 f11:0x00000000 f31:0x00000200 f16=0x00000200
     406155.000 ns	     40614	80008740	5801f853	fsqrt.s	f16,f3	  f3:0x00000000 f16=0x00000000
     406175.000 ns	     40616	80008744	74c0fe93	andi	x29,x1,1868	  x1:0x00000000 x29=0x00000000
     406185.000 ns	     40617	80008748	00d637b3	sltu	x15,x12,x13	 x12:0x00000001 x13:0x00000000 x15=0x00000000
     406195.000 ns	     40618	8000874c	00000013	addi	x0,x0,0	  x0:0x00000000
     406215.000 ns	     40620	80008750	02455bb3	divu	x23,x10,x4	 x10:0x00000001  x4:0x00000000 x23=0xffffffff
     406235.000 ns	     40622	80008754	6ef63393	sltiu	x7,x12,1775	 x12:0x00000001  x7=0x00000001
     406245.000 ns	     40623	80008758	014b3c33	sltu	x24,x22,x20	 x22:0x0db41611 x20:0x00000002 x24=0x00000000
     406265.000 ns	     40625	8000875c	f0070953	fmv.w.x	f18,x14	 x14:0x9cfc0004 f18=0x9cfc0004
     406295.000 ns	     40628	80008760	03860333	mul	x6,x12,x24	 x12:0x00000001 x24:0x0db41611  x6=0x00000000
     406315.000 ns	     40630	80008764	01659393	slli	x7,x11,0x16	 x11:0xf24b5688  x7=0xa2000000
     406335.000 ns	     40632	80008768	28c80f53	fmin.s	f30,f16,f12	 f16:0x00000000 f12:0x1f350758 f30=0x00000000
     406375.000 ns	     40636	8000876c	10859a53	fmul.s	f20,f11,f8	 f11:0x00000000  f8:0x4f000410 f20=0x00000000
     406405.000 ns	     40639	80008770	02f0bbb3	mulhu	x23,x1,x15	  x1:0x00000000 x15:0x00000000 x23=0x00000000
     406445.000 ns	     40643	80008774	58008653	fsqrt.s	f12,f1	  f1:0xc045fcd2 f12=0x7fc00000
     406815.000 ns	     40680	80008778	0300f7b3	remu	x15,x1,x16	  x1:0x00000000 x16:0x00000001 x15=0x00000000
     406845.000 ns	     40683	8000877c	a06d8753	fle.s	x14,f27,f6	 f27:0x00000000  f6:0x7fc00000 x14=0x00000000
     406875.000 ns	     40686	80008780	f00a05d3	fmv.w.x	f11,x20	 x20:0x00000002 f11=0x00000002
     406895.000 ns	     40688	80008784	004ce533	or	x10,x25,x4	 x25:0x000005e8  x4:0x00000000 x10=0x000005e8
     406905.000 ns	     40689	80008788	cdccbab7	lui	x21,0xcdccb	 x21=0xcdccb000
     406925.000 ns	     40691	8000878c	0399ab33	mulhsu	x22,x19,x25	 x19:0x61240000 x25:0x000005e8 x22=0x0000023d
     406945.000 ns	     40693	80008790	400f56b3	sra	x13,x30,x0	 x30:0x00000000  x0:0x00000000 x13=0x00000000
     406955.000 ns	     40694	80008794	4112deb3	sra	x29,x5,x17	  x5:0x8f4b0920 x17:0x00000000 x29=0x8f4b0920
     406975.000 ns	     40696	80008798	d007a2d3	fcvt.s.w	f5,x15	 x15:0x00000000  f5=0x00000000
     407005.000 ns	     40699	8000879c	e00982d3	fmv.x.w	x5,f19	 f19:0x00000000  x5=0x00000000
     407025.000 ns	     40701	800087a0	40c7d393	srai	x7,x15,0xc	 x15:0x00000000  x7=0x00000000
     407035.000 ns	     40702	800087a4	019e80b3	add	x1,x29,x25	 x29:0x8f4b0920 x25:0x000005e8  x1=0x8f4b0f08
     407055.000 ns	     40704	800087a8	03b906b3	mul	x13,x18,x27	 x18:0x10000000 x27:0x00000000 x13=0x00000000
     407085.000 ns	     40707	800087ac	0387eb33	rem	x22,x15,x24	 x15:0x00000000 x24:0x00000000 x22=0x00000000
     407105.000 ns	     40709	800087b0	00a9ef33	or	x30,x19,x10	 x19:0x61240000 x10:0x000005e8 x30=0x612405e8
     407115.000 ns	     40710	800087b4	40b1d333	sra	x6,x3,x11	  x3:0xfd3664ca x11:0xf24b5688  x6=0xfffd3664
     407135.000 ns	     40712	800087b8	e0009b53	fclass.s	x22,f1	  f1:0xc045fcd2 x22=0x00000002
     407165.000 ns	     40715	800087bc	038807b3	mul	x15,x16,x24	 x16:0x00000001 x24:0x00000000 x15=0x00000000
     407185.000 ns	     40717	800087c0	c6728a13	addi	x20,x5,-921	  x5:0x00000000 x20=0xfffffc67
     407205.000 ns	     40719	800087c4	c00bc253	fcvt.w.s	x4,f23	 f23:0xc045fcd2  x4=0xfffffffd
     407255.000 ns	     40724	800087c8	00c63853	fadd.s	f16,f12,f12	 f12:0x7fc00000 f12:0x7fc00000 f16=0x7fc00000
     407285.000 ns	     40727	800087cc	03d826b3	mulhsu	x13,x16,x29	 x16:0x00000001 x29:0x8f4b0920 x13=0x00000000
     407305.000 ns	     40729	800087d0	2d350f13	addi	x30,x10,723	 x10:0x000005e8 x30=0x000008bb
     407315.000 ns	     40730	800087d4	409bd033	sra	x0,x23,x9	 x23:0x00000000  x9:0x00000000
     407325.000 ns	     40731	800087d8	0035df93	srli	x31,x11,0x3	 x11:0xf24b5688 x31=0x1e496ad1
     407345.000 ns	     40733	800087dc	29ba8153	fmin.s	f2,f21,f27	 f21:0x7fc00000 f27:0x00000000  f2=0x00000000
     407365.000 ns	     40735	800087e0	00b0c4b3	xor	x9,x1,x11	  x1:0x8f4b0f08 x11:0xf24b5688  x9=0x7d005980
     407385.000 ns	     40737	800087e4	e00c1cd3	fclass.s	x25,f24	 f24:0x7fc00000 x25=0x00000200
     407405.000 ns	     40739	800087e8	00ec4833	xor	x16,x24,x14	 x24:0x00000000 x14:0x00000000 x16=0x00000000
     407765.000 ns	     40775	800087ec	028f4d33	div	x26,x30,x8	 x30:0x000008bb  x8:0x00000001 x26=0x000008bb
     407785.000 ns	     40777	800087f0	00645193	srli	x3,x8,0x6	  x8:0x00000001  x3=0x00000000
     407795.000 ns	     40778	800087f4	4102df93	srai	x31,x5,0x10	  x5:0x00000000 x31=0x00000000
     407805.000 ns	     40779	800087f8	0048a3b3	slt	x7,x17,x4	 x17:0x00000000  x4:0xfffffffd  x7=0x00000000
     407815.000 ns	     40780	800087fc	4010db93	srai	x23,x1,0x1	  x1:0x8f4b0f08 x23=0xc7a58784
     407825.000 ns	     40781	80008800	01733c33	sltu	x24,x6,x23	  x6:0xfffd3664 x23:0x00000000 x24=0x00000000
     407845.000 ns	     40783	80008804	0218a3b3	mulhsu	x7,x17,x1	 x17:0x00000000  x1:0x8f4b0f08  x7=0x00000000
     407875.000 ns	     40786	80008808	f00782d3	fmv.w.x	f5,x15	 x15:0x00000000  f5=0x00000000
     407905.000 ns	     40789	8000880c	a13596d3	flt.s	x13,f11,f19	 f11:0x00000002 f19:0x00000000 x13=0x00000000
     407925.000 ns	     40791	80008810	01a81413	slli	x8,x16,0x1a	 x16:0x00000000  x8=0x00000000
     407935.000 ns	     40792	80008814	00e71533	sll	x10,x14,x14	 x14:0x00000000 x14:0x00000000 x10=0x00000000
     407955.000 ns	     40794	80008818	29fc1c53	fmax.s	f24,f24,f31	 f24:0x7fc00000 f31:0x00000200 f24=0x00000200
     407995.000 ns	     40798	8000881c	105f71d3	fmul.s	f3,f30,f5	 f30:0x00000000  f5:0x00000000  f3=0x00000000
     408025.000 ns	     40801	80008820	21dc19d3	fsgnjn.s	f19,f24,f29	 f24:0x00000200 f29:0xcc3266ce f19=0x00000200
     408045.000 ns	     40803	80008824	ab9d5937	lui	x18,0xab9d5	 x18=0xab9d5000
     408065.000 ns	     40805	80008828	025e3533	mulhu	x10,x28,x5	 x28:0x80041024  x5:0x00000000 x10=0x00000000
     408435.000 ns	     40842	8000882c	03516333	rem	x6,x2,x21	  x2:0x80040fe4 x21:0xcdccb000  x6=0xe46aafe4
     408465.000 ns	     40845	80008830	216918d3	fsgnjn.s	f17,f18,f22	 f18:0x9cfc0004 f22:0x1f350a2c f17=0x9cfc0004
     408495.000 ns	     40848	80008834	027227b3	mulhsu	x15,x4,x7	  x4:0xfffffffd  x7:0x00000000 x15=0x00000000
     408515.000 ns	     40850	80008838	00000013	addi	x0,x0,0	  x0:0x00000000
     408535.000 ns	     40852	8000883c	02040c33	mul	x24,x8,x0	  x8:0x00000000  x0:0x00000000 x24=0x00000000
     408565.000 ns	     40855	80008840	02555eb3	divu	x29,x10,x5	 x10:0x00000000  x5:0x00000000 x29=0xffffffff
     408595.000 ns	     40858	80008844	28278f53	fmin.s	f30,f15,f2	 f15:0x7fc00000  f2:0x00000000 f30=0x00000000
     408635.000 ns	     40862	80008848	18dafdd3	fdiv.s	f27,f21,f13	 f21:0x7fc00000 f13:0x7f800000 f27=0x7fc00000
     408665.000 ns	     40865	8000884c	c00f3bd3	fcvt.w.s	x23,f30	 f30:0x00000000 x23=0x00000000
     408695.000 ns	     40868	80008850	28ba01d3	fmin.s	f3,f20,f11	 f20:0x00000000 f11:0x00000002  f3=0x00000000
     408715.000 ns	     40870	80008854	22978ab7	lui	x21,0x22978	 x21=0x22978000
     408735.000 ns	     40872	80008858	20411453	fsgnjn.s	f8,f2,f4	  f2:0x00000000  f4:0xbf800000  f8=0x00000000
     408755.000 ns	     40874	8000885c	41558633	sub	x12,x11,x21	 x11:0xf24b5688 x21:0xcdccb000 x12=0xcfb3d688
     408765.000 ns	     40875	80008860	70886213	ori	x4,x16,1800	 x16:0x00000000  x4=0x00000708
     408785.000 ns	     40877	80008864	0270b433	mulhu	x8,x1,x7	  x1:0x8f4b0f08  x7:0x00000000  x8=0x00000000
     408815.000 ns	     40880	80008868	035c0833	mul	x16,x24,x21	 x24:0x00000000 x21:0x22978000 x16=0x00000000
     408835.000 ns	     40882	8000886c	0245a793	slti	x15,x11,36	 x11:0xf24b5688 x15=0x00000001
     408845.000 ns	     40883	80008870	00cf0fb3	add	x31,x30,x12	 x30:0x000008bb x12:0xcfb3d688 x31=0xcfb3df43
     408865.000 ns	     40885	80008874	c0189453	fcvt.wu.s	x8,f17	 f17:0x9cfc0004  x8=0x00000000
     408885.000 ns	     40887	80008878	018768b3	or	x17,x14,x24	 x14:0x00000000 x24:0x00000000 x17=0x00000000
     408895.000 ns	     40888	8000887c	02c23f13	sltiu	x30,x4,44	  x4:0x00000708 x30=0x00000000
     408905.000 ns	     40889	80008880	018cc933	xor	x18,x25,x24	 x25:0x00000200 x24:0x00000000 x18=0x00000200
     408915.000 ns	     40890	80008884	00de2b33	slt	x22,x28,x13	 x28:0x80041024 x13:0x00000000 x22=0x00000001
     409275.000 ns	     40926	80008888	036f5f33	divu	x30,x30,x22	 x30:0x00000000 x22:0x00000002 x30=0x00000000
     409305.000 ns	     40929	8000888c	d009fe53	fcvt.s.w	f28,x19	 x19:0x61240000 f28=0x4ec24800
     409335.000 ns	     40932	80008890	a0121cd3	flt.s	x25,f4,f1	  f4:0xbf800000  f1:0xc045fcd2 x25=0x00000000
     409365.000 ns	     40935	80008894	02f20833	mul	x16,x4,x15	  x4:0x00000708 x15:0x00000001 x16=0x00000708
     409395.000 ns	     40938	80008898	02699233	mulh	x4,x19,x6	 x19:0x61240000  x6:0xe46aafe4  x4=0xf5888ba6
     409425.000 ns	     40941	8000889c	033b24b3	mulhsu	x9,x22,x19	 x22:0x00000001 x19:0x61240000  x9=0x00000000
     409445.000 ns	     40943	800088a0	bff9cc17	auipc	x24,0xbff9c	 x24=0x3ffa48a0
     409465.000 ns	     40945	800088a4	28070e53	fmin.s	f28,f14,f0	 f14:0xce7e0002  f0:0xcc3266ce f28=0xce7e0002
     409835.000 ns	     40982	800088a8	02205a33	divu	x20,x0,x2	  x0:0x00000000  x2:0x80040fe4 x20=0x00000000
     409865.000 ns	     40985	800088ac	d00da7d3	fcvt.s.w	f15,x27	 x27:0x00000000 f15=0x00000000
     409885.000 ns	     40987	800088b0	017f18b3	sll	x17,x30,x23	 x30:0x00000000 x23:0x00000000 x17=0x00000000
     409915.000 ns	     40990	800088b4	19437053	fdiv.s	f0,f6,f20	  f6:0x7fc00000 f20:0x00000000  f0=0x7fc00000
     409945.000 ns	     40993	800088b8	d0057f53	fcvt.s.w	f30,x10	 x10:0x00000000 f30=0x00000000
     409965.000 ns	     40995	800088bc	401ad913	srai	x18,x21,0x1	 x21:0x22978000 x18=0x114bc000
     409985.000 ns	     40997	800088c0	29ef8b53	fmin.s	f22,f31,f30	 f31:0x00000200 f30:0x00000000 f22=0x00000000
     410015.000 ns	     41000	800088c4	29e58a53	fmin.s	f20,f11,f30	 f11:0x00000002 f30:0x00000000 f20=0x00000000
     410035.000 ns	     41002	800088c8	0071e333	or	x6,x3,x7	  x3:0x00000000  x7:0x00000000  x6=0x00000000
     410045.000 ns	     41003	800088cc	01440a33	add	x20,x8,x20	  x8:0x00000000 x20:0x00000000 x20=0x00000000
     410055.000 ns	     41004	800088d0	017c7b33	and	x22,x24,x23	 x24:0x3ffa48a0 x23:0x00000000 x22=0x00000000
     410065.000 ns	     41005	800088d4	1d581f17	auipc	x30,0x1d581	 x30=0x9d5898d4
     410075.000 ns	     41006	800088d8	0119dd33	srl	x26,x19,x17	 x19:0x61240000 x17:0x00000000 x26=0x61240000
     410095.000 ns	     41008	800088dc	c002f2d3	fcvt.w.s	x5,f5	  f5:0x00000000  x5=0x00000000
     410115.000 ns	     41010	800088e0	41dad313	srai	x6,x21,0x1d	 x21:0x22978000  x6=0x00000001
     410125.000 ns	     41011	800088e4	59448e93	addi	x29,x9,1428	  x9:0x00000000 x29=0x00000594
     410145.000 ns	     41013	800088e8	21848c53	fsgnj.s	f24,f9,f24	  f9:0x4eff8000 f24:0x00000200 f24=0x4eff8000
     410175.000 ns	     41016	800088ec	c018ba53	fcvt.wu.s	x20,f17	 f17:0x9cfc0004 x20=0x00000000
     410195.000 ns	     41018	800088f0	01cceb33	or	x22,x25,x28	 x25:0x00000000 x28:0x80041024 x22=0x80041024
     410215.000 ns	     41020	800088f4	c00b7f53	fcvt.w.s	x30,f22	 f22:0x00000000 x30=0x00000000
     410235.000 ns	     41022	800088f8	1323ca93	xori	x21,x7,306	  x7:0x00000000 x21=0x00000132
     410245.000 ns	     41023	800088fc	e9ea7093	andi	x1,x20,-354	 x20:0x00000000  x1=0x00000000
     410255.000 ns	     41024	80008900	aedefa13	andi	x20,x29,-1299	 x29:0x00000594 x20=0x00000084
     410265.000 ns	     41025	80008904	40bfd713	srai	x14,x31,0xb	 x31:0xcfb3df43 x14=0xfff9f67b
     410285.000 ns	     41027	80008908	e0048453	fmv.x.w	x8,f9	  f9:0x4eff8000  x8=0x4eff8000
     410315.000 ns	     41030	8000890c	a0f026d3	feq.s	x13,f0,f15	  f0:0x7fc00000 f15:0x00000000 x13=0x00000000
     410345.000 ns	     41033	80008910	20fc10d3	fsgnjn.s	f1,f24,f15	 f24:0x4eff8000 f15:0x00000000  f1=0xceff8000
     410365.000 ns	     41035	80008914	0007e8b3	or	x17,x15,x0	 x15:0x00000001  x0:0x00000000 x17=0x00000001
     410385.000 ns	     41037	80008918	2094a9d3	fsgnjx.s	f19,f9,f9	  f9:0x4eff8000  f9:0x4eff8000 f19=0x4eff8000
     410415.000 ns	     41040	8000891c	034e9433	mulh	x8,x29,x20	 x29:0x00000594 x20:0x00000084  x8=0x00000000
     410445.000 ns	     41043	80008920	20af84d3	fsgnj.s	f9,f31,f10	 f31:0x00000200 f10:0x00000000  f9=0x00000200
     410475.000 ns	     41046	80008924	f0018553	fmv.w.x	f10,x3	  x3:0x00000000 f10=0x00000000
     410495.000 ns	     41048	80008928	016e98b3	sll	x17,x29,x22	 x29:0x00000594 x22:0x80041024 x17=0x00005940
     410515.000 ns	     41050	8000892c	02d82533	mulhsu	x10,x16,x13	 x16:0x00000708 x13:0x00000000 x10=0x00000000
     410535.000 ns	     41052	80008930	fa4a7193	andi	x3,x20,-92	 x20:0x00000084  x3=0x00000084
     410545.000 ns	     41053	80008934	1cd78517	auipc	x10,0x1cd78	 x10=0x9cd80934
     410555.000 ns	     41054	80008938	01821033	sll	x0,x4,x24	  x4:0xf5888ba6 x24:0x3ffa48a0
     410575.000 ns	     41056	8000893c	d00ccbd3	fcvt.s.w	f23,x25	 x25:0x00000000 f23=0x00000000
     410615.000 ns	     41060	80008940	1193f5d3	fmul.s	f11,f7,f25	  f7:0x4f000410 f25:0x00000000 f11=0x00000000
     410635.000 ns	     41062	80008944	869812b7	lui	x5,0x86981	  x5=0x86981000
     410675.000 ns	     41066	80008948	089aac53	fsub.s	f24,f21,f9	 f21:0x7fc00000  f9:0x00000200 f24=0x7fc00000
     410695.000 ns	     41068	8000894c	01f934b3	sltu	x9,x18,x31	 x18:0x114bc000 x31:0xcfb3df43  x9=0x00000001
     410705.000 ns	     41069	80008950	40ba5a13	srai	x20,x20,0xb	 x20:0x00000084 x20=0x00000000
     410715.000 ns	     41070	80008954	014cc633	xor	x12,x25,x20	 x25:0x00000000 x20:0x00000084 x12=0x00000000
     410735.000 ns	     41072	80008958	03907bb3	remu	x23,x0,x25	  x0:0x00000000 x25:0x00000000 x23=0x00000000
     410765.000 ns	     41075	8000895c	210006d3	fsgnj.s	f13,f0,f16	  f0:0x7fc00000 f16:0x7fc00000 f13=0x7fc00000
     410795.000 ns	     41078	80008960	a07e2853	feq.s	x16,f28,f7	 f28:0xce7e0002  f7:0x4f000410 x16=0x00000000
     410825.000 ns	     41081	80008964	021173b3	remu	x7,x2,x1	  x2:0x80040fe4  x1:0x00000000  x7=0x80040fe4
     410845.000 ns	     41083	80008968	98bc8637	lui	x12,0x98bc8	 x12=0x98bc8000
     410865.000 ns	     41085	8000896c	c01a71d3	fcvt.wu.s	x3,f20	 f20:0x00000000  x3=0x00000000
     410895.000 ns	     41088	80008970	20399953	fsgnjn.s	f18,f19,f3	 f19:0x4eff8000  f3:0x00000000 f18=0xceff8000
     410915.000 ns	     41090	80008974	59a31f17	auipc	x30,0x59a31	 x30=0xd9a39974
     410935.000 ns	     41092	80008978	c008a0d3	fcvt.w.s	x1,f17	 f17:0x9cfc0004  x1=0x00000000
     410965.000 ns	     41095	8000897c	a1d90b53	fle.s	x22,f18,f29	 f18:0xceff8000 f29:0xcc3266ce x22=0x00000001
     410995.000 ns	     41098	80008980	a1f824d3	feq.s	x9,f16,f31	 f16:0x7fc00000 f31:0x00000200  x9=0x00000000
     411015.000 ns	     41100	80008984	6e96e213	ori	x4,x13,1769	 x13:0x00000000  x4=0x000006e9
     411025.000 ns	     41101	80008988	4168d433	sra	x8,x17,x22	 x17:0x00005940 x22:0x00000001  x8=0x00002ca0
     411035.000 ns	     41102	8000898c	69005d97	auipc	x27,0x69005	 x27=0xe900d98c
     411045.000 ns	     41103	80008990	8bc33b13	sltiu	x22,x6,-1860	  x6:0x00000001 x22=0x00000001
     411065.000 ns	     41105	80008994	f00e8853	fmv.w.x	f16,x29	 x29:0x00000594 f16=0x00000594
     411095.000 ns	     41108	80008998	d00274d3	fcvt.s.w	f9,x4	  x4:0x000006e9  f9=0x44dd2000
     411115.000 ns	     41110	8000899c	96b0c993	xori	x19,x1,-1685	  x1:0x00000000 x19=0xfffff96b
     411135.000 ns	     41112	800089a0	d0120cd3	fcvt.s.wu	f25,x4	  x4:0x000006e9 f25=0x44dd2000
     411155.000 ns	     41114	800089a4	ee488637	lui	x12,0xee488	 x12=0xee488000
     411165.000 ns	     41115	800089a8	013b9313	slli	x6,x23,0x13	 x23:0x00000000  x6=0x00000000
     411195.000 ns	     41118	800089ac	111c1ed3	fmul.s	f29,f24,f17	 f24:0x7fc00000 f17:0x9cfc0004 f29=0x7fc00000
     411235.000 ns	     41122	800089b0	18fecad3	fdiv.s	f21,f29,f15	 f29:0xcc3266ce f15:0x00000000 f21=0x7fc00000
     411255.000 ns	     41124	800089b4	01b98893	addi	x17,x19,27	 x19:0xfffff96b x17=0xfffff986
     411265.000 ns	     41125	800089b8	008b2f33	slt	x30,x22,x8	 x22:0x00000001  x8:0x00002ca0 x30=0x00000001
     411285.000 ns	     41127	800089bc	e0030553	fmv.x.w	x10,f6	  f6:0x7fc00000 x10=0x7fc00000
     411335.000 ns	     41132	800089c0	01d1f953	fadd.s	f18,f3,f29	  f3:0x00000000 f29:0x7fc00000 f18=0x7fc00000
     411365.000 ns	     41135	800089c4	20559153	fsgnjn.s	f2,f11,f5	 f11:0x00000000  f5:0x00000000  f2=0x80000000
     411395.000 ns	     41138	800089c8	d0154653	fcvt.s.wu	f12,x10	 x10:0x7fc00000 f12=0x4eff8000
     411425.000 ns	     41141	800089cc	20701053	fsgnjn.s	f0,f0,f7	  f0:0x7fc00000  f7:0x4f000410  f0=0xffc00000
     411445.000 ns	     41143	800089d0	01fb5933	srl	x18,x22,x31	 x22:0x00000001 x31:0xcfb3df43 x18=0x00000000
     411455.000 ns	     41144	800089d4	95056cb7	lui	x25,0x95056	 x25=0x95056000
     411475.000 ns	     41146	800089d8	c0077453	fcvt.w.s	x8,f14	 f14:0xce7e0002  x8=0x3f800080
     411505.000 ns	     41149	800089dc	a07e1fd3	flt.s	x31,f28,f7	 f28:0xce7e0002  f7:0x4f000410 x31=0x00000001
     411525.000 ns	     41151	800089e0	c814e793	ori	x15,x9,-895	  x9:0x00000000 x15=0xfffffc81
     411535.000 ns	     41152	800089e4	00eb98b3	sll	x17,x23,x14	 x23:0x00000000 x14:0xfff9f67b x17=0x00000000
     411555.000 ns	     41154	800089e8	d002cf53	fcvt.s.w	f30,x5	  x5:0x86981000 f30=0xcef2cfe0
     411575.000 ns	     41156	800089ec	4153dd33	sra	x26,x7,x21	  x7:0x80040fe4 x21:0x00000132 x26=0xffffe001
     411595.000 ns	     41158	800089f0	a18b13d3	flt.s	x7,f22,f24	 f22:0x00000000 f24:0x7fc00000  x7=0x00000000
     411615.000 ns	     41160	800089f4	40d60533	sub	x10,x12,x13	 x12:0xee488000 x13:0x00000000 x10=0xee488000
     411635.000 ns	     41162	800089f8	03eb8d33	mul	x26,x23,x30	 x23:0x00000000 x30:0x00000001 x26=0x00000000
     411665.000 ns	     41165	800089fc	286a1653	fmax.s	f12,f20,f6	 f20:0x00000000  f6:0x7fc00000 f12=0x00000000
     411685.000 ns	     41167	80008a00	5feaab13	slti	x22,x21,1534	 x21:0x00000132 x22=0x00000001
     411695.000 ns	     41168	80008a04	43417213	andi	x4,x2,1076	  x2:0x80040fe4  x4=0x00000424
     411725.000 ns	     41171	80008a08	18637d53	fdiv.s	f26,f6,f6	  f6:0x7fc00000  f6:0x7fc00000 f26=0x7fc00000
     411755.000 ns	     41174	80008a0c	02ae1ab3	mulh	x21,x28,x10	 x28:0x80041024 x10:0xee488000 x21=0x08db7804
     411775.000 ns	     41176	80008a10	005e8433	add	x8,x29,x5	 x29:0x00000594  x5:0x86981000  x8=0x86981594
     411785.000 ns	     41177	80008a14	017e79b3	and	x19,x28,x23	 x28:0x80041024 x23:0x00000000 x19=0x00000000
     411795.000 ns	     41178	80008a18	2ac1a393	slti	x7,x3,684	  x3:0x00000000  x7=0x00000001
     411815.000 ns	     41180	80008a1c	20859bd3	fsgnjn.s	f23,f11,f8	 f11:0x00000000  f8:0x00000000 f23=0x80000000
     411835.000 ns	     41182	80008a20	001617b3	sll	x15,x12,x1	 x12:0xee488000  x1:0x00000000 x15=0xee488000
     411845.000 ns	     41183	80008a24	409a5633	sra	x12,x20,x9	 x20:0x00000000  x9:0x00000000 x12=0x00000000
     411855.000 ns	     41184	80008a28	41d85a33	sra	x20,x16,x29	 x16:0x00000000 x29:0x00000594 x20=0x00000000
     411865.000 ns	     41185	80008a2c	41e85693	srai	x13,x16,0x1e	 x16:0x00000000 x13=0x00000000
     411905.000 ns	     41189	80008a30	009593d3	fadd.s	f7,f11,f9	 f11:0x00000000  f9:0x44dd2000  f7=0x44dd2000
     411935.000 ns	     41192	80008a34	02598533	mul	x10,x19,x5	 x19:0x00000000  x5:0x86981000 x10=0x00000000
     411965.000 ns	     41195	80008a38	20c484d3	fsgnj.s	f9,f9,f12	  f9:0x44dd2000 f12:0x00000000  f9=0x44dd2000
     411995.000 ns	     41198	80008a3c	d01ff953	fcvt.s.wu	f18,x31	 x31:0x00000001 f18=0x3f800000
     412015.000 ns	     41200	80008a40	413002b3	sub	x5,x0,x19	  x0:0x00000000 x19:0x00000000  x5=0x00000000
     412375.000 ns	     41236	80008a44	038750b3	divu	x1,x14,x24	 x14:0xfff9f67b x24:0x3ffa48a0  x1=0x00000004
     412395.000 ns	     41238	80008a48	5e9a1437	lui	x8,0x5e9a1	  x8=0x5e9a1000
     412405.000 ns	     41239	80008a4c	3eaffc13	andi	x24,x31,1002	 x31:0x00000001 x24=0x00000000
     412425.000 ns	     41241	80008a50	02a912b3	mulh	x5,x18,x10	 x18:0x00000000 x10:0x00000000  x5=0x00000000
     412445.000 ns	     41243	80008a54	5e58cb13	xori	x22,x17,1509	 x17:0x00000000 x22=0x000005e5
     412455.000 ns	     41244	80008a58	7d9fb6b7	lui	x13,0x7d9fb	 x13=0x7d9fb000
     412485.000 ns	     41247	80008a5c	118e42d3	fmul.s	f5,f28,f24	 f28:0xce7e0002 f24:0x7fc00000  f5=0x7fc00000
     412515.000 ns	     41250	80008a60	026f0633	mul	x12,x30,x6	 x30:0x00000001  x6:0x00000000 x12=0x00000000
     412535.000 ns	     41252	80008a64	cd3d2b13	slti	x22,x26,-813	 x26:0x00000000 x22=0x00000000
     412575.000 ns	     41256	80008a68	01e5ff53	fadd.s	f30,f11,f30	 f11:0x00000000 f30:0xcef2cfe0 f30=0xcef2cfe0
     412605.000 ns	     41259	80008a6c	e00e0ad3	fmv.x.w	x21,f28	 f28:0xce7e0002 x21=0xce7e0002
     412625.000 ns	     41261	80008a70	00863cb3	sltu	x25,x12,x8	 x12:0x00000000  x8:0x5e9a1000 x25=0x00000001
     412635.000 ns	     41262	80008a74	0162b8b3	sltu	x17,x5,x22	  x5:0x00000000 x22:0x00000000 x17=0x00000000
     412645.000 ns	     41263	80008a78	01acd233	srl	x4,x25,x26	 x25:0x95056000 x26:0x00000000  x4=0x00000001
     412665.000 ns	     41265	80008a7c	d01c4453	fcvt.s.wu	f8,x24	 x24:0x00000000  f8=0x00000000
     413005.000 ns	     41299	80008a80	19389553	fdiv.s	f10,f17,f19	 f17:0x9cfc0004 f19:0x4eff8000 f10=0x8d7c0004
     413375.000 ns	     41336	80008a84	03f460b3	rem	x1,x8,x31	  x8:0x5e9a1000 x31:0x00000001  x1=0x00000000
     413405.000 ns	     41339	80008a88	a1eb23d3	feq.s	x7,f22,f30	 f22:0x00000000 f30:0xcef2cfe0  x7=0x00000000
     413425.000 ns	     41341	80008a8c	004751b3	srl	x3,x14,x4	 x14:0xfff9f67b  x4:0x00000001  x3=0x7ffcfb3d
     413755.000 ns	     41374	80008a90	1903f853	fdiv.s	f16,f7,f16	  f7:0x44dd2000 f16:0x00000594 f16=0x7f800000
     413775.000 ns	     41376	80008a94	00c9a9b3	slt	x19,x19,x12	 x19:0x00000000 x12:0x00000000 x19=0x00000000
     413805.000 ns	     41379	80008a98	5805f8d3	fsqrt.s	f17,f11	 f11:0x00000000 f17=0x00000000
     413835.000 ns	     41382	80008a9c	0348c6b3	div	x13,x17,x20	 x17:0x00000000 x20:0x00000000 x13=0xffffffff
     413855.000 ns	     41384	80008aa0	424fc613	xori	x12,x31,1060	 x31:0x00000001 x12=0x00000425
     413875.000 ns	     41386	80008aa4	02fcb4b3	mulhu	x9,x25,x15	 x25:0x00000001 x15:0xee488000  x9=0x00000000
     413915.000 ns	     41390	80008aa8	5806f3d3	fsqrt.s	f7,f13	 f13:0x7fc00000  f7=0x7fc00000
     413935.000 ns	     41392	80008aac	4034dcb3	sra	x25,x9,x3	  x9:0x00000000  x3:0x7ffcfb3d x25=0x00000000
     413945.000 ns	     41393	80008ab0	40368ab3	sub	x21,x13,x3	 x13:0xffffffff  x3:0x7ffcfb3d x21=0x800304c2
     413965.000 ns	     41395	80008ab4	d013bad3	fcvt.s.wu	f21,x7	  x7:0x00000000 f21=0x00000000
     413985.000 ns	     41397	80008ab8	01d0ca33	xor	x20,x1,x29	  x1:0x00000000 x29:0x00000594 x20=0x00000594
     414015.000 ns	     41400	80008abc	5800f7d3	fsqrt.s	f15,f1	  f1:0xceff8000 f15=0x7fc00000
     414035.000 ns	     41402	80008ac0	414bdeb3	sra	x29,x23,x20	 x23:0x00000000 x20:0x00000000 x29=0x00000000
     414055.000 ns	     41404	80008ac4	d01cb7d3	fcvt.s.wu	f15,x25	 x25:0x00000000 f15=0x00000000
     414085.000 ns	     41407	80008ac8	209a2fd3	fsgnjx.s	f31,f20,f9	 f20:0x00000000  f9:0x44dd2000 f31=0x00000000
     414105.000 ns	     41409	80008acc	414e59b3	sra	x19,x28,x20	 x28:0x80041024 x20:0x00000594 x19=0xfffff800
     414125.000 ns	     41411	80008ad0	21f18dd3	fsgnj.s	f27,f3,f31	  f3:0x00000000 f31:0x00000000 f27=0x00000000
     414155.000 ns	     41414	80008ad4	c01a20d3	fcvt.wu.s	x1,f20	 f20:0x00000000  x1=0x00000000
     414175.000 ns	     41416	80008ad8	c2ef8293	addi	x5,x31,-978	 x31:0x00000001  x5=0xfffffc2f
     414195.000 ns	     41418	80008adc	a1df8353	fle.s	x6,f31,f29	 f31:0x00000000 f29:0x7fc00000  x6=0x00000000
     414215.000 ns	     41420	80008ae0	005093b3	sll	x7,x1,x5	  x1:0x00000000  x5:0x00000000  x7=0x00000000
     414235.000 ns	     41422	80008ae4	214fa053	fsgnjx.s	f0,f31,f20	 f31:0x00000000 f20:0x00000000  f0=0x00000000
     414255.000 ns	     41424	80008ae8	d04e8f97	auipc	x31,0xd04e8	 x31=0x504f0ae8
     414265.000 ns	     41425	80008aec	781e5917	auipc	x18,0x781e5	 x18=0xf81edaec
     414285.000 ns	     41427	80008af0	02a9a733	mulhsu	x14,x19,x10	 x19:0xfffff800 x10:0x00000000 x14=0x00000000
     414315.000 ns	     41430	80008af4	c00190d3	fcvt.w.s	x1,f3	  f3:0x00000000  x1=0x00000000
     414335.000 ns	     41432	80008af8	017ba533	slt	x10,x23,x23	 x23:0x00000000 x23:0x00000000 x10=0x00000000
     414345.000 ns	     41433	80008afc	41dbdb33	sra	x22,x23,x29	 x23:0x00000000 x29:0x00000000 x22=0x00000000
     414365.000 ns	     41435	80008b00	d00bcad3	fcvt.s.w	f21,x23	 x23:0x00000000 f21=0x00000000
     414395.000 ns	     41438	80008b04	02251f33	mulh	x30,x10,x2	 x10:0x00000000  x2:0x80040fe4 x30=0x00000000
     414415.000 ns	     41440	80008b08	92654613	xori	x12,x10,-1754	 x10:0x00000000 x12=0xfffff926
     414435.000 ns	     41442	80008b0c	d0053153	fcvt.s.w	f2,x10	 x10:0x00000000  f2=0x00000000
     414805.000 ns	     41479	80008b10	0354c7b3	div	x15,x9,x21	  x9:0x00000000 x21:0x800304c2 x15=0x00000000
     414835.000 ns	     41482	80008b14	a1d39253	flt.s	x4,f7,f29	  f7:0x7fc00000 f29:0x7fc00000  x4=0x00000000
     414865.000 ns	     41485	80008b18	03be3db3	mulhu	x27,x28,x27	 x28:0x80041024 x27:0xe900d98c x27=0x74841f7a
     414885.000 ns	     41487	80008b1c	0118d293	srli	x5,x17,0x11	 x17:0x00000000  x5=0x00000000
     414905.000 ns	     41489	80008b20	027b26b3	mulhsu	x13,x22,x7	 x22:0x00000000  x7:0x00000000 x13=0x00000000
     414925.000 ns	     41491	80008b24	47c86913	ori	x18,x16,1148	 x16:0x00000000 x18=0x0000047c
     414945.000 ns	     41493	80008b28	a1db9953	flt.s	x18,f23,f29	 f23:0x80000000 f29:0x7fc00000 x18=0x00000000
     414965.000 ns	     41495	80008b2c	402b8b33	sub	x22,x23,x2	 x23:0x00000000  x2:0x80040fe4 x22=0x7ffbf01c
     414985.000 ns	     41497	80008b30	c01c71d3	fcvt.wu.s	x3,f24	 f24:0x7fc00000  x3=0xffffffff
     415005.000 ns	     41499	80008b34	26537c93	andi	x25,x6,613	  x6:0x00000000 x25=0x00000000
     415025.000 ns	     41501	80008b38	21fb83d3	fsgnj.s	f7,f23,f31	 f23:0x80000000 f31:0x00000000  f7=0x00000000
     415045.000 ns	     41503	80008b3c	41efda13	srai	x20,x31,0x1e	 x31:0x504f0ae8 x20=0x00000001
     415055.000 ns	     41504	80008b40	e4de3013	sltiu	x0,x28,-435	 x28:0x80041024
     415075.000 ns	     41506	80008b44	d01bf253	fcvt.s.wu	f4,x23	 x23:0x00000000  f4=0x00000000
     415095.000 ns	     41508	80008b48	6dbf2b37	lui	x22,0x6dbf2	 x22=0x6dbf2000
     415115.000 ns	     41510	80008b4c	a186a653	feq.s	x12,f13,f24	 f13:0x7fc00000 f24:0x7fc00000 x12=0x00000000
     415135.000 ns	     41512	80008b50	001ee0b3	or	x1,x29,x1	 x29:0x00000000  x1:0x00000000  x1=0x00000000
     415155.000 ns	     41514	80008b54	03085833	divu	x16,x16,x16	 x16:0x00000000 x16:0x00000000 x16=0xffffffff
     415185.000 ns	     41517	80008b58	e00b0053	fmv.x.w	x0,f22	 f22:0x00000000
     415205.000 ns	     41519	80008b5c	011b89b3	add	x19,x23,x17	 x23:0x00000000 x17:0x00000000 x19=0x00000000
     415225.000 ns	     41521	80008b60	c0077b53	fcvt.w.s	x22,f14	 f14:0xce7e0002 x22=0x3f800080
     415245.000 ns	     41523	80008b64	00d14e93	xori	x29,x2,13	  x2:0x80040fe4 x29=0x80040fe9
     415255.000 ns	     41524	80008b68	2eb94a93	xori	x21,x18,747	 x18:0x00000000 x21=0x000002eb
     415265.000 ns	     41525	80008b6c	00bfec33	or	x24,x31,x11	 x31:0x504f0ae8 x11:0xf24b5688 x24=0xf24f5ee8
     415625.000 ns	     41561	80008b70	034567b3	rem	x15,x10,x20	 x10:0x00000000 x20:0x00000001 x15=0x00000000
     415645.000 ns	     41563	80008b74	01a8cbb3	xor	x23,x17,x26	 x17:0x00000000 x26:0x00000000 x23=0x00000000
     415655.000 ns	     41564	80008b78	44c9c917	auipc	x18,0x44c9c	 x18=0xc4ca4b78
     415675.000 ns	     41566	80008b7c	d00cfbd3	fcvt.s.w	f23,x25	 x25:0x00000000 f23=0x00000000
     415705.000 ns	     41569	80008b80	03346933	rem	x18,x8,x19	  x8:0x5e9a1000 x19:0x00000000 x18=0x5e9a1000
     416075.000 ns	     41606	80008b84	03daefb3	rem	x31,x21,x29	 x21:0x000002eb x29:0x80040fe9 x31=0x000002eb
     416095.000 ns	     41608	80008b88	00203c33	sltu	x24,x0,x2	  x0:0x00000000  x2:0x80040fe4 x24=0x00000001
     416105.000 ns	     41609	80008b8c	6795ce93	xori	x29,x11,1657	 x11:0xf24b5688 x29=0xf24b50f1
     416115.000 ns	     41610	80008b90	4d264093	xori	x1,x12,1234	 x12:0x00000000  x1=0x000004d2
     416125.000 ns	     41611	80008b94	00c30b33	add	x22,x6,x12	  x6:0x00000000 x12:0x00000000 x22=0x00000000
     416145.000 ns	     41613	80008b98	d0192ad3	fcvt.s.wu	f21,x18	 x18:0x5e9a1000 f21=0x4ebd3420
     416165.000 ns	     41615	80008b9c	01b41833	sll	x16,x8,x27	  x8:0x5e9a1000 x27:0x74841f7a x16=0x00000000
     416175.000 ns	     41616	80008ba0	163dfc13	andi	x24,x27,355	 x27:0x74841f7a x24=0x00000162
     416185.000 ns	     41617	80008ba4	40d55493	srai	x9,x10,0xd	 x10:0x00000000  x9=0x00000000
     416195.000 ns	     41618	80008ba8	a0ca2c93	slti	x25,x20,-1524	 x20:0x00000001 x25=0x00000000
     416215.000 ns	     41620	80008bac	c0187253	fcvt.wu.s	x4,f16	 f16:0x7f800000  x4=0xffffffff
     416235.000 ns	     41622	80008bb0	3e604d13	xori	x26,x0,998	  x0:0x00000000 x26=0x000003e6
     416245.000 ns	     41623	80008bb4	019fb4b3	sltu	x9,x31,x25	 x31:0x000002eb x25:0x00000000  x9=0x00000000
     416265.000 ns	     41625	80008bb8	c0047353	fcvt.w.s	x6,f8	  f8:0x00000000  x6=0x00000000
     416285.000 ns	     41627	80008bbc	d6cd6613	ori	x12,x26,-660	 x26:0x000003e6 x12=0xffffffee
     416305.000 ns	     41629	80008bc0	e0080053	fmv.x.w	x0,f16	 f16:0x7f800000
     416335.000 ns	     41632	80008bc4	e0021753	fclass.s	x14,f4	  f4:0x00000000 x14=0x00000010
     416365.000 ns	     41635	80008bc8	03af27b3	mulhsu	x15,x30,x26	 x30:0x00000000 x26:0x000003e6 x15=0x00000000
     416395.000 ns	     41638	80008bcc	f0020dd3	fmv.w.x	f27,x4	  x4:0xffffffff f27=0xffffffff
     416425.000 ns	     41641	80008bd0	204d0d53	fsgnj.s	f26,f26,f4	 f26:0x7fc00000  f4:0x00000000 f26=0x7fc00000
     416455.000 ns	     41644	80008bd4	a1b90ad3	fle.s	x21,f18,f27	 f18:0x3f800000 f27:0xffffffff x21=0x00000000
     416485.000 ns	     41647	80008bd8	a0830553	fle.s	x10,f6,f8	  f6:0x7fc00000  f8:0x00000000 x10=0x00000000
     416855.000 ns	     41684	80008bdc	028877b3	remu	x15,x16,x8	 x16:0x00000000  x8:0x5e9a1000 x15=0x00000000
     416875.000 ns	     41686	80008be0	00aa1513	slli	x10,x20,0xa	 x20:0x00000001 x10=0x00000400
     416885.000 ns	     41687	80008be4	62014193	xori	x3,x2,1568	  x2:0x80040fe4  x3=0x800409c4
     416895.000 ns	     41688	80008be8	00000013	addi	x0,x0,0	  x0:0x00000000
     416915.000 ns	     41690	80008bec	a17a19d3	flt.s	x19,f20,f23	 f20:0x00000000 f23:0x00000000 x19=0x00000000
     416935.000 ns	     41692	80008bf0	01f141b3	xor	x3,x2,x31	  x2:0x80040fe4 x31:0x000002eb  x3=0x80040d0f
     416965.000 ns	     41695	80008bf4	58041a53	fsqrt.s	f20,f8	  f8:0x00000000 f20=0x00000000
     416985.000 ns	     41697	80008bf8	0077acb3	slt	x25,x15,x7	 x15:0x00000000  x7:0x00000000 x25=0x00000000
     417005.000 ns	     41699	80008bfc	d00bbcd3	fcvt.s.w	f25,x23	 x23:0x00000000 f25=0x00000000
     417035.000 ns	     41702	80008c00	d01d42d3	fcvt.s.wu	f5,x26	 x26:0x000003e6  f5=0x44798000
     417075.000 ns	     41706	80008c04	190a30d3	fdiv.s	f1,f20,f16	 f20:0x00000000 f16:0x7f800000  f1=0x00000000
     417105.000 ns	     41709	80008c08	f00088d3	fmv.w.x	f17,x1	  x1:0x000004d2 f17=0x000004d2
     417125.000 ns	     41711	80008c0c	9490e493	ori	x9,x1,-1719	  x1:0x000004d2  x9=0xfffffddb
     417135.000 ns	     41712	80008c10	40f4dab3	sra	x21,x9,x15	  x9:0x00000000 x15:0x00000000 x21=0xfffffddb
     417145.000 ns	     41713	80008c14	f9bd6513	ori	x10,x26,-101	 x26:0x000003e6 x10=0xffffffff
     417505.000 ns	     41749	80008c18	02e15533	divu	x10,x2,x14	  x2:0x80040fe4 x14:0x00000010 x10=0x080040fe
     417525.000 ns	     41751	80008c1c	b5a7b337	lui	x6,0xb5a7b	  x6=0xb5a7b000
     417885.000 ns	     41787	80008c20	02c37d33	remu	x26,x6,x12	  x6:0x00000000 x12:0xffffffee x26=0xb5a7b000
     417905.000 ns	     41789	80008c24	d432b213	sltiu	x4,x5,-701	  x5:0x00000000  x4=0x00000001
     417915.000 ns	     41790	80008c28	8a6b2093	slti	x1,x22,-1882	 x22:0x00000000  x1=0x00000000
     417925.000 ns	     41791	80008c2c	0117d813	srli	x16,x15,0x11	 x15:0x00000000 x16=0x00000000
     417935.000 ns	     41792	80008c30	361b3d93	sltiu	x27,x22,865	 x22:0x00000000 x27=0x00000001
     418295.000 ns	     41828	80008c34	024a78b3	remu	x17,x20,x4	 x20:0x00000001  x4:0x00000001 x17=0x00000000
     418315.000 ns	     41830	80008c38	99a94613	xori	x12,x18,-1638	 x18:0x5e9a1000 x12=0xa165e99a
     418335.000 ns	     41832	80008c3c	a00590d3	flt.s	x1,f11,f0	 f11:0x00000000  f0:0x00000000  x1=0x00000000
     418355.000 ns	     41834	80008c40	00000013	addi	x0,x0,0	  x0:0x00000000
     418365.000 ns	     41835	80008c44	40fb81b3	sub	x3,x23,x15	 x23:0x00000000 x15:0x00000000  x3=0x00000000
     418385.000 ns	     41837	80008c48	c00efb53	fcvt.w.s	x22,f29	 f29:0x7fc00000 x22=0x7fffffff
     418425.000 ns	     41841	80008c4c	1915bc53	fdiv.s	f24,f11,f17	 f11:0x00000000 f17:0x000004d2 f24=0x00000000
     418445.000 ns	     41843	80008c50	00fc57b3	srl	x15,x24,x15	 x24:0x00000162 x15:0x00000000 x15=0x00000162
     418465.000 ns	     41845	80008c54	f00e0353	fmv.w.x	f6,x28	 x28:0x80041024  f6=0x80041024
     418495.000 ns	     41848	80008c58	a1fb9953	flt.s	x18,f23,f31	 f23:0x00000000 f31:0x00000000 x18=0x00000000
     418515.000 ns	     41850	80008c5c	00f03fb3	sltu	x31,x0,x15	  x0:0x00000000 x15:0x00000162 x31=0x00000001
     418525.000 ns	     41851	80008c60	005949b3	xor	x19,x18,x5	 x18:0x00000000  x5:0x00000000 x19=0x00000000
     418535.000 ns	     41852	80008c64	005a1b13	slli	x22,x20,0x5	 x20:0x00000001 x22=0x00000020
     418555.000 ns	     41854	80008c68	e00118d3	fclass.s	x17,f2	  f2:0x00000000 x17=0x00000010
     418575.000 ns	     41856	80008c6c	41c553b3	sra	x7,x10,x28	 x10:0x080040fe x28:0x80041024  x7=0x0080040f
     418585.000 ns	     41857	80008c70	00000013	addi	x0,x0,0	  x0:0x00000000
     418605.000 ns	     41859	80008c74	f00008d3	fmv.w.x	f17,x0	  x0:0x00000000 f17=0x00000000
     418635.000 ns	     41862	80008c78	03976833	rem	x16,x14,x25	 x14:0x00000010 x25:0x00000000 x16=0x00000010
     418655.000 ns	     41864	80008c7c	013184b3	add	x9,x3,x19	  x3:0x00000000 x19:0x00000000  x9=0x00000000
     418685.000 ns	     41867	80008c80	100e7953	fmul.s	f18,f28,f0	 f28:0xce7e0002  f0:0x00000000 f18=0x80000000
     418705.000 ns	     41869	80008c84	00000013	addi	x0,x0,0	  x0:0x00000000
     418725.000 ns	     41871	80008c88	29a58353	fmin.s	f6,f11,f26	 f11:0x00000000 f26:0x7fc00000  f6=0x00000000
     418765.000 ns	     41875	80008c8c	102e3753	fmul.s	f14,f28,f2	 f28:0xce7e0002  f2:0x00000000 f14=0x80000000
     418785.000 ns	     41877	80008c90	00000013	addi	x0,x0,0	  x0:0x00000000
     418805.000 ns	     41879	80008c94	d00431d3	fcvt.s.w	f3,x8	  x8:0x5e9a1000  f3=0x4ebd3420
     419175.000 ns	     41916	80008c98	028de2b3	rem	x5,x27,x8	 x27:0x00000001  x8:0x5e9a1000  x5=0x00000001
     419215.000 ns	     41920	80008c9c	58067ed3	fsqrt.s	f29,f12	 f12:0x00000000 f29=0x00000000
     419235.000 ns	     41922	80008ca0	ef907d13	andi	x26,x0,-263	  x0:0x00000000 x26=0x00000000
     419255.000 ns	     41924	80008ca4	21940853	fsgnj.s	f16,f8,f25	  f8:0x00000000 f25:0x00000000 f16=0x00000000
     419275.000 ns	     41926	80008ca8	01be5313	srli	x6,x28,0x1b	 x28:0x80041024  x6=0x00000010
     419295.000 ns	     41928	80008cac	c011fbd3	fcvt.wu.s	x23,f3	  f3:0x4ebd3420 x23=0x5e9a1000
     419345.000 ns	     41933	80008cb0	08104f53	fsub.s	f30,f0,f1	  f0:0x00000000  f1:0x00000000 f30=0x80000000
     419365.000 ns	     41935	80008cb4	30b2f813	andi	x16,x5,779	  x5:0x00000001 x16=0x00000001
     419375.000 ns	     41936	80008cb8	0111bb33	sltu	x22,x3,x17	  x3:0x00000000 x17:0x00000010 x22=0x00000001
     419395.000 ns	     41938	80008cbc	21109fd3	fsgnjn.s	f31,f1,f17	  f1:0x00000000 f17:0x00000000 f31=0x80000000
     419415.000 ns	     41940	80008cc0	008f0d33	add	x26,x30,x8	 x30:0x00000000  x8:0x5e9a1000 x26=0x5e9a1000
     419425.000 ns	     41941	80008cc4	00a276b3	and	x13,x4,x10	  x4:0x00000001 x10:0x080040fe x13=0x00000000
     419435.000 ns	     41942	80008cc8	a6816b17	auipc	x22,0xa6816	 x22=0x2681ecc8
     419445.000 ns	     41943	80008ccc	407281b3	sub	x3,x5,x7	  x5:0x00000001  x7:0x0080040f  x3=0xff7ffbf2
     419465.000 ns	     41945	80008cd0	201612d3	fsgnjn.s	f5,f12,f1	 f12:0x00000000  f1:0x00000000  f5=0x80000000
     419485.000 ns	     41947	80008cd4	00079c33	sll	x24,x15,x0	 x15:0x00000162  x0:0x00000000 x24=0x00000162
     419505.000 ns	     41949	80008cd8	03e6c2b3	div	x5,x13,x30	 x13:0x00000000 x30:0x00000000  x5=0xffffffff
     419535.000 ns	     41952	80008cdc	a0f51853	flt.s	x16,f10,f15	 f10:0x8d7c0004 f15:0x00000000 x16=0x00000001
     419555.000 ns	     41954	80008ce0	782ff393	andi	x7,x31,1922	 x31:0x00000001  x7=0x00000000
     419575.000 ns	     41956	80008ce4	02a03033	mulhu	x0,x0,x10	  x0:0x00000000 x10:0x080040fe
     419605.000 ns	     41959	80008ce8	21f11fd3	fsgnjn.s	f31,f2,f31	  f2:0x00000000 f31:0x80000000 f31=0x00000000
     419635.000 ns	     41962	80008cec	03348a33	mul	x20,x9,x19	  x9:0x00000000 x19:0x00000000 x20=0x00000000
     419665.000 ns	     41965	80008cf0	e0049b53	fclass.s	x22,f9	  f9:0x44dd2000 x22=0x00000040
     419695.000 ns	     41968	80008cf4	29cb0853	fmin.s	f16,f22,f28	 f22:0x00000000 f28:0xce7e0002 f16=0xce7e0002
     419715.000 ns	     41970	80008cf8	01089393	slli	x7,x17,0x10	 x17:0x00000010  x7=0x00100000
     419725.000 ns	     41971	80008cfc	42ecab93	slti	x23,x25,1070	 x25:0x00000000 x23=0x00000001
     419735.000 ns	     41972	80008d00	00fce4b3	or	x9,x25,x15	 x25:0x00000000 x15:0x00000162  x9=0x00000162
     419745.000 ns	     41973	80008d04	1606b793	sltiu	x15,x13,352	 x13:0x00000000 x15=0x00000001
     419765.000 ns	     41975	80008d08	c00cf3d3	fcvt.w.s	x7,f25	 f25:0x00000000  x7=0x00000000
     419785.000 ns	     41977	80008d0c	4116a913	slti	x18,x13,1041	 x13:0x00000000 x18=0x00000001
     419795.000 ns	     41978	80008d10	9154cd13	xori	x26,x9,-1771	  x9:0x00000162 x26=0xfffff877
     419815.000 ns	     41980	80008d14	21849cd3	fsgnjn.s	f25,f9,f24	  f9:0x44dd2000 f24:0x00000000 f25=0xc4dd2000
     419845.000 ns	     41983	80008d18	c009cf53	fcvt.w.s	x30,f19	 f19:0x4eff8000 x30=0x7fc00000
     419865.000 ns	     41985	80008d1c	01e76b33	or	x22,x14,x30	 x14:0x00000010 x30:0x00000000 x22=0x7fc00010
     419885.000 ns	     41987	80008d20	a1c780d3	fle.s	x1,f15,f28	 f15:0x00000000 f28:0xce7e0002  x1=0x00000000
     419905.000 ns	     41989	80008d24	d1100913	addi	x18,x0,-751	  x0:0x00000000 x18=0xfffffd11
     419925.000 ns	     41991	80008d28	0206feb3	remu	x29,x13,x0	 x13:0x00000000  x0:0x00000000 x29=0x00000000
     419945.000 ns	     41993	80008d2c	0179adb3	slt	x27,x19,x23	 x19:0x00000000 x23:0x00000001 x27=0x00000001
     420275.000 ns	     42026	80008d30	18a9f353	fdiv.s	f6,f19,f10	 f19:0x4eff8000 f10:0x8d7c0004  f6=0xff800000
     420305.000 ns	     42029	80008d34	c007fad3	fcvt.w.s	x21,f15	 f15:0x00000000 x21=0x00000000
     420335.000 ns	     42032	80008d38	a1aa1bd3	flt.s	x23,f20,f26	 f20:0x00000000 f26:0x7fc00000 x23=0x00000000
     420365.000 ns	     42035	80008d3c	03b73ab3	mulhu	x21,x14,x27	 x14:0x00000010 x27:0x00000001 x21=0x00000000
     420395.000 ns	     42038	80008d40	28761353	fmax.s	f6,f12,f7	 f12:0x00000000  f7:0x00000000  f6=0x00000000
     420425.000 ns	     42041	80008d44	f00c0253	fmv.w.x	f4,x24	 x24:0x00000162  f4=0x00000162
     420445.000 ns	     42043	80008d48	005703b3	add	x7,x14,x5	 x14:0x00000010  x5:0xffffffff  x7=0x0000000f
     420465.000 ns	     42045	80008d4c	03100733	mul	x14,x0,x17	  x0:0x00000000 x17:0x00000010 x14=0x00000000
     420495.000 ns	     42048	80008d50	e0008f53	fmv.x.w	x30,f1	  f1:0x00000000 x30=0x00000000
     420515.000 ns	     42050	80008d54	00d67a33	and	x20,x12,x13	 x12:0xa165e99a x13:0x00000000 x20=0x00000000
     420875.000 ns	     42086	80008d58	03a3cd33	div	x26,x7,x26	  x7:0x0000000f x26:0xfffff877 x26=0x00000000
     420925.000 ns	     42091	80008d5c	01adb353	fadd.s	f6,f27,f26	 f27:0xffffffff f26:0x7fc00000  f6=0x7fc00000
     420955.000 ns	     42094	80008d60	f00080d3	fmv.w.x	f1,x1	  x1:0x00000000  f1=0x00000000
     421005.000 ns	     42099	80008d64	09177853	fsub.s	f16,f14,f17	 f14:0x80000000 f17:0x00000000 f16=0x80000000
     421025.000 ns	     42101	80008d68	30acb913	sltiu	x18,x25,778	 x25:0x00000000 x18=0x00000001
     421045.000 ns	     42103	80008d6c	034bf833	remu	x16,x23,x20	 x23:0x00000000 x20:0x00000000 x16=0x00000000
     421065.000 ns	     42105	80008d70	43bba9b7	lui	x19,0x43bba	 x19=0x43bba000
     421075.000 ns	     42106	80008d74	00c52bb3	slt	x23,x10,x12	 x10:0x080040fe x12:0xa165e99a x23=0x00000000
     421095.000 ns	     42108	80008d78	c014f3d3	fcvt.wu.s	x7,f9	  f9:0x44dd2000  x7=0x000006e9
     421125.000 ns	     42111	80008d7c	c0017453	fcvt.w.s	x8,f2	  f2:0x00000000  x8=0x00000000
     421155.000 ns	     42114	80008d80	20daa553	fsgnjx.s	f10,f21,f13	 f21:0x4ebd3420 f13:0x7fc00000 f10=0x4ebd3420
     421185.000 ns	     42117	80008d84	c01cf1d3	fcvt.wu.s	x3,f25	 f25:0xc4dd2000  x3=0x000006e9
     421215.000 ns	     42120	80008d88	e00b97d3	fclass.s	x15,f23	 f23:0x00000000 x15=0x00000010
     421245.000 ns	     42123	80008d8c	d017f553	fcvt.s.wu	f10,x15	 x15:0x00000001 f10=0x41800000
     421265.000 ns	     42125	80008d90	015513b3	sll	x7,x10,x21	 x10:0x080040fe x21:0x00000000  x7=0x080040fe
     421275.000 ns	     42126	80008d94	01b05493	srli	x9,x0,0x1b	  x0:0x00000000  x9=0x00000000
     421285.000 ns	     42127	80008d98	0121b633	sltu	x12,x3,x18	  x3:0x000006e9 x18:0x00000001 x12=0x00000000
     421305.000 ns	     42129	80008d9c	205788d3	fsgnj.s	f17,f15,f5	 f15:0x00000000  f5:0x80000000 f17=0x80000000
     421325.000 ns	     42131	80008da0	003f1193	slli	x3,x30,0x3	 x30:0x00000000  x3=0x00000000
     421335.000 ns	     42132	80008da4	8c41cb13	xori	x22,x3,-1852	  x3:0x000006e9 x22=0xfffff8c4
     421345.000 ns	     42133	80008da8	015a52b3	srl	x5,x20,x21	 x20:0x00000000 x21:0x00000000  x5=0x00000000
     421365.000 ns	     42135	80008dac	03d566b3	rem	x13,x10,x29	 x10:0x080040fe x29:0x00000000 x13=0x080040fe
     421705.000 ns	     42169	80008db0	1894fa53	fdiv.s	f20,f9,f9	  f9:0x44dd2000  f9:0x44dd2000 f20=0x3f78236a
     421725.000 ns	     42171	80008db4	01cad193	srli	x3,x21,0x1c	 x21:0x00000000  x3=0x00000000
     421735.000 ns	     42172	80008db8	403b0c33	sub	x24,x22,x3	 x22:0xfffff8c4  x3:0x00000000 x24=0xfffff8c4
     421745.000 ns	     42173	80008dbc	41285bb3	sra	x23,x16,x18	 x16:0x00000000 x18:0x00000001 x23=0x00000000
     421765.000 ns	     42175	80008dc0	03640eb3	mul	x29,x8,x22	  x8:0x00000000 x22:0xfffff8c4 x29=0x00000000
     421795.000 ns	     42178	80008dc4	21a912d3	fsgnjn.s	f5,f18,f26	 f18:0x80000000 f26:0x7fc00000  f5=0x80000000
     421815.000 ns	     42180	80008dc8	00283833	sltu	x16,x16,x2	 x16:0x00000000  x2:0x80040fe4 x16=0x00000001
     421835.000 ns	     42182	80008dcc	a14d9fd3	flt.s	x31,f27,f20	 f27:0xffffffff f20:0x3f78236a x31=0x00000000
     421855.000 ns	     42184	80008dd0	014a1f13	slli	x30,x20,0x14	 x20:0x00000000 x30=0x00000000
     421875.000 ns	     42186	80008dd4	21bfa753	fsgnjx.s	f14,f31,f27	 f31:0x00000000 f27:0xffffffff f14=0x80000000
     421905.000 ns	     42189	80008dd8	a1138dd3	fle.s	x27,f7,f17	  f7:0x00000000 f17:0x80000000 x27=0x00000001
     421925.000 ns	     42191	80008ddc	9bb4b513	sltiu	x10,x9,-1605	  x9:0x00000000 x10=0x00000001
     421945.000 ns	     42193	80008de0	03eb3633	mulhu	x12,x22,x30	 x22:0xfffff8c4 x30:0x00000000 x12=0x00000000
     421975.000 ns	     42196	80008de4	e0091d53	fclass.s	x26,f18	 f18:0x80000000 x26=0x00000008
     422005.000 ns	     42199	80008de8	28f71cd3	fmax.s	f25,f14,f15	 f14:0x80000000 f15:0x00000000 f25=0x00000000
     422375.000 ns	     42236	80008dec	0249fb33	remu	x22,x19,x4	 x19:0x43bba000  x4:0x00000001 x22=0x00000000
     422395.000 ns	     42238	80008df0	6cc34693	xori	x13,x6,1740	  x6:0x00000010 x13=0x000006dc
     422405.000 ns	     42239	80008df4	01a59413	slli	x8,x11,0x1a	 x11:0xf24b5688  x8=0x20000000
     422415.000 ns	     42240	80008df8	56ba4213	xori	x4,x20,1387	 x20:0x00000000  x4=0x0000056b
     422435.000 ns	     42242	80008dfc	e00913d3	fclass.s	x7,f18	 f18:0x80000000  x7=0x00000008
     422455.000 ns	     42244	80008e00	408c5c93	srai	x25,x24,0x8	 x24:0xfffff8c4 x25=0xfffffff8
     422475.000 ns	     42246	80008e04	c00202d3	fcvt.w.s	x5,f4	  f4:0x00000162  x5=0x00000000
     422495.000 ns	     42248	80008e08	40aa8833	sub	x16,x21,x10	 x21:0x00000000 x10:0x00000001 x16=0xffffffff
     422505.000 ns	     42249	80008e0c	00000013	addi	x0,x0,0	  x0:0x00000000
     422525.000 ns	     42251	80008e10	02cb7933	remu	x18,x22,x12	 x22:0x00000000 x12:0x00000000 x18=0x00000000
     422555.000 ns	     42254	80008e14	a06e2453	feq.s	x8,f28,f6	 f28:0xce7e0002  f6:0x7fc00000  x8=0x00000000
     422585.000 ns	     42257	80008e18	02e14bb3	div	x23,x2,x14	  x2:0x80040fe4 x14:0x00000000 x23=0xffffffff
     422635.000 ns	     42262	80008e1c	08e7a053	fsub.s	f0,f15,f14	 f15:0x00000000 f14:0x80000000  f0=0x00000000
     422665.000 ns	     42265	80008e20	e00180d3	fmv.x.w	x1,f3	  f3:0x4ebd3420  x1=0x4ebd3420
     422695.000 ns	     42268	80008e24	03697333	remu	x6,x18,x22	 x18:0x00000000 x22:0x00000000  x6=0x00000000
     422725.000 ns	     42271	80008e28	0321c833	div	x16,x3,x18	  x3:0x00000000 x18:0x00000000 x16=0xffffffff
     422755.000 ns	     42274	80008e2c	d00e05d3	fcvt.s.w	f11,x28	 x28:0x80041024 f11=0xcefff7df
     422775.000 ns	     42276	80008e30	002e42b3	xor	x5,x28,x2	 x28:0x80041024  x2:0x80040fe4  x5=0x00001fc0
     422785.000 ns	     42277	80008e34	590b7c93	andi	x25,x22,1424	 x22:0x00000000 x25=0x00000000
     423145.000 ns	     42313	80008e38	024cca33	div	x20,x25,x4	 x25:0xfffffff8  x4:0x0000056b x20=0x00000000
     423195.000 ns	     42318	80008e3c	016b8ad3	fadd.s	f21,f23,f22	 f23:0x00000000 f22:0x00000000 f21=0x00000000
     423565.000 ns	     42355	80008e40	038e6ab3	rem	x21,x28,x24	 x28:0x80041024 x24:0xfffff8c4 x21=0xfffffb74
     423595.000 ns	     42358	80008e44	0394d533	divu	x10,x9,x25	  x9:0x00000000 x25:0x00000000 x10=0xffffffff
     423635.000 ns	     42362	80008e48	580796d3	fsqrt.s	f13,f15	 f15:0x00000000 f13=0x00000000
     423655.000 ns	     42364	80008e4c	458ca093	slti	x1,x25,1112	 x25:0x00000000  x1=0x00000001
     423685.000 ns	     42367	80008e50	110b7953	fmul.s	f18,f22,f16	 f22:0x00000000 f16:0x80000000 f18=0x80000000
     423725.000 ns	     42371	80008e54	18441153	fdiv.s	f2,f8,f4	  f8:0x00000000  f4:0x00000162  f2=0x00000000
     423755.000 ns	     42374	80008e58	c01b86d3	fcvt.wu.s	x13,f23	 f23:0x00000000 x13=0x00000000
     423775.000 ns	     42376	80008e5c	01e89793	slli	x15,x17,0x1e	 x17:0x00000010 x15=0x00000000
     423785.000 ns	     42377	80008e60	4093db13	srai	x22,x7,0x9	  x7:0x00000008 x22=0x00000000
     423795.000 ns	     42378	80008e64	012173b3	and	x7,x2,x18	  x2:0x80040fe4 x18:0x00000000  x7=0x00000000
     423815.000 ns	     42380	80008e68	a1fc9ad3	flt.s	x21,f25,f31	 f25:0x00000000 f31:0x00000000 x21=0x00000000
     423835.000 ns	     42382	80008e6c	01a7d2b3	srl	x5,x15,x26	 x15:0x00000000 x26:0x00000008  x5=0x00000000
     423845.000 ns	     42383	80008e70	405080b3	sub	x1,x1,x5	  x1:0x00000001  x5:0x00001fc0  x1=0x00000001
     423855.000 ns	     42384	80008e74	40cc5b93	srai	x23,x24,0xc	 x24:0xfffff8c4 x23=0xffffffff
     423875.000 ns	     42386	80008e78	c00dcfd3	fcvt.w.s	x31,f27	 f27:0xffffffff x31=0x7fffffff
     423925.000 ns	     42391	80008e7c	084d71d3	fsub.s	f3,f26,f4	 f26:0x7fc00000  f4:0x00000162  f3=0x7fc00000
     423965.000 ns	     42395	80008e80	580771d3	fsqrt.s	f3,f14	 f14:0x80000000  f3=0x80000000
     423985.000 ns	     42397	80008e84	083f2793	slti	x15,x30,131	 x30:0x00000000 x15=0x00000001
     423995.000 ns	     42398	80008e88	35a38813	addi	x16,x7,858	  x7:0x00000000 x16=0x0000035a
     424015.000 ns	     42400	80008e8c	215282d3	fsgnj.s	f5,f5,f21	  f5:0x80000000 f21:0x00000000  f5=0x00000000
     424035.000 ns	     42402	80008e90	01717d13	andi	x26,x2,23	  x2:0x80040fe4 x26=0x00000004
     424055.000 ns	     42404	80008e94	20d199d3	fsgnjn.s	f19,f3,f13	  f3:0x80000000 f13:0x00000000 f19=0x80000000
     424075.000 ns	     42406	80008e98	015408b3	add	x17,x8,x21	  x8:0x00000000 x21:0x00000000 x17=0x00000000
     424095.000 ns	     42408	80008e9c	a1429ad3	flt.s	x21,f5,f20	  f5:0x00000000 f20:0x3f78236a x21=0x00000001
     424115.000 ns	     42410	80008ea0	00e028b3	slt	x17,x0,x14	  x0:0x00000000 x14:0x00000000 x17=0x00000000
     424125.000 ns	     42411	80008ea4	00ec5393	srli	x7,x24,0xe	 x24:0xfffff8c4  x7=0x0003ffff
     424145.000 ns	     42413	80008ea8	03226233	rem	x4,x4,x18	  x4:0x0000056b x18:0x00000000  x4=0x0000056b
     424165.000 ns	     42415	80008eac	00f4ba33	sltu	x20,x9,x15	  x9:0x00000000 x15:0x00000001 x20=0x00000001
     424175.000 ns	     42416	80008eb0	000f9613	slli	x12,x31,0x0	 x31:0x7fffffff x12=0x7fffffff
     424195.000 ns	     42418	80008eb4	03da90b3	mulh	x1,x21,x29	 x21:0x00000001 x29:0x00000000  x1=0x00000000
     424225.000 ns	     42421	80008eb8	283f9f53	fmax.s	f30,f31,f3	 f31:0x00000000  f3:0x80000000 f30=0x00000000
     424255.000 ns	     42424	80008ebc	20d19f53	fsgnjn.s	f30,f3,f13	  f3:0x80000000 f13:0x00000000 f30=0x80000000
     424625.000 ns	     42461	80008ec0	03f6fa33	remu	x20,x13,x31	 x13:0x00000000 x31:0x7fffffff x20=0x00000000
     424655.000 ns	     42464	80008ec4	039811b3	mulh	x3,x16,x25	 x16:0x0000035a x25:0x00000000  x3=0x00000000
     424685.000 ns	     42467	80008ec8	0338a633	mulhsu	x12,x17,x19	 x17:0x00000000 x19:0x43bba000 x12=0x00000000
     424705.000 ns	     42469	80008ecc	7a673393	sltiu	x7,x14,1958	 x14:0x00000000  x7=0x00000001
     424725.000 ns	     42471	80008ed0	e00511d3	fclass.s	x3,f10	 f10:0x41800000  x3=0x00000040
     424745.000 ns	     42473	80008ed4	3e953417	auipc	x8,0x3e953	  x8=0xbe95bed4
     424765.000 ns	     42475	80008ed8	025e3633	mulhu	x12,x28,x5	 x28:0x80041024  x5:0x00000000 x12=0x00000000
     424785.000 ns	     42477	80008edc	01b5d3b3	srl	x7,x11,x27	 x11:0xf24b5688 x27:0x00000001  x7=0x7925ab44
     425145.000 ns	     42513	80008ee0	023ffc33	remu	x24,x31,x3	 x31:0x7fffffff  x3:0x00000040 x24=0x0000003f
     425165.000 ns	     42515	80008ee4	00000013	addi	x0,x0,0	  x0:0x00000000
     425195.000 ns	     42518	80008ee8	5806fa53	fsqrt.s	f20,f13	 f13:0x00000000 f20=0x00000000
     425225.000 ns	     42521	80008eec	c00f7953	fcvt.w.s	x18,f30	 f30:0x80000000 x18=0x00000000
     425245.000 ns	     42523	80008ef0	13cf7893	andi	x17,x30,316	 x30:0x00000000 x17=0x00000000
     425285.000 ns	     42527	80008ef4	09aa33d3	fsub.s	f7,f20,f26	 f20:0x00000000 f26:0x7fc00000  f7=0x7fc00000
     425655.000 ns	     42564	80008ef8	03007eb3	remu	x29,x0,x16	  x0:0x00000000 x16:0x0000035a x29=0x00000000
     425675.000 ns	     42566	80008efc	ed286a93	ori	x21,x16,-302	 x16:0x0000035a x21=0xffffffda
     425695.000 ns	     42568	80008f00	20bf10d3	fsgnjn.s	f1,f30,f11	 f30:0x80000000 f11:0xcefff7df  f1=0x00000000
     425715.000 ns	     42570	80008f04	41fb5333	sra	x6,x22,x31	 x22:0x00000000 x31:0x7fffffff  x6=0x00000000
     425725.000 ns	     42571	80008f08	1ac83e93	sltiu	x29,x16,428	 x16:0x0000035a x29=0x00000000
     425745.000 ns	     42573	80008f0c	20a10cd3	fsgnj.s	f25,f2,f10	  f2:0x00000000 f10:0x41800000 f25=0x00000000
     425775.000 ns	     42576	80008f10	20fb1dd3	fsgnjn.s	f27,f22,f15	 f22:0x00000000 f15:0x00000000 f27=0x80000000
     425805.000 ns	     42579	80008f14	02223633	mulhu	x12,x4,x2	  x4:0x0000056b  x2:0x80040fe4 x12=0x000002b5
     425835.000 ns	     42582	80008f18	0397cfb3	div	x31,x15,x25	 x15:0x00000001 x25:0x00000000 x31=0xffffffff
     425865.000 ns	     42585	80008f1c	291f97d3	fmax.s	f15,f31,f17	 f31:0x00000000 f17:0x80000000 f15=0x00000000
     425895.000 ns	     42588	80008f20	d00e72d3	fcvt.s.w	f5,x28	 x28:0x80041024  f5=0xcefff7df
     425925.000 ns	     42591	80008f24	e00493d3	fclass.s	x7,f9	  f9:0x44dd2000  x7=0x00000040
     425955.000 ns	     42594	80008f28	d0137bd3	fcvt.s.wu	f23,x6	  x6:0x00000000 f23=0x00000000
     425985.000 ns	     42597	80008f2c	d00a36d3	fcvt.s.w	f13,x20	 x20:0x00000000 f13=0x00000000
     426025.000 ns	     42601	80008f30	18d9f053	fdiv.s	f0,f19,f13	 f19:0x80000000 f13:0x00000000  f0=0x7fc00000
     426055.000 ns	     42604	80008f34	a1e08dd3	fle.s	x27,f1,f30	  f1:0x00000000 f30:0x80000000 x27=0x00000001
     426075.000 ns	     42606	80008f38	40eed1b3	sra	x3,x29,x14	 x29:0x00000000 x14:0x00000000  x3=0x00000000
     426105.000 ns	     42609	80008f3c	58032953	fsqrt.s	f18,f6	  f6:0x7fc00000 f18=0x7fc00000
     426135.000 ns	     42612	80008f40	21760a53	fsgnj.s	f20,f12,f23	 f12:0x00000000 f23:0x00000000 f20=0x00000000
     426155.000 ns	     42614	80008f44	0182d733	srl	x14,x5,x24	  x5:0x00000000 x24:0x0000003f x14=0x00000000
     426165.000 ns	     42615	80008f48	009a1633	sll	x12,x20,x9	 x20:0x00000000  x9:0x00000000 x12=0x00000000
     426185.000 ns	     42617	80008f4c	28c68753	fmin.s	f14,f13,f12	 f13:0x00000000 f12:0x00000000 f14=0x00000000
     426215.000 ns	     42620	80008f50	f00407d3	fmv.w.x	f15,x8	  x8:0xbe95bed4 f15=0xbe95bed4
     426585.000 ns	     42657	80008f54	027446b3	div	x13,x8,x7	  x8:0xbe95bed4  x7:0x00000040 x13=0xfefa56fc
     426615.000 ns	     42660	80008f58	021408b3	mul	x17,x8,x1	  x8:0xbe95bed4  x1:0x00000000 x17=0x00000000
     426645.000 ns	     42663	80008f5c	281712d3	fmax.s	f5,f14,f1	 f14:0x00000000  f1:0x00000000  f5=0x00000000
     426675.000 ns	     42666	80008f60	038907b3	mul	x15,x18,x24	 x18:0x00000000 x24:0x0000003f x15=0x00000000
     426695.000 ns	     42668	80008f64	68f4f093	andi	x1,x9,1679	  x9:0x00000000  x1=0x00000000
     426705.000 ns	     42669	80008f68	00ba8633	add	x12,x21,x11	 x21:0xffffffda x11:0xf24b5688 x12=0xf24b5662
     426715.000 ns	     42670	80008f6c	01460233	add	x4,x12,x20	 x12:0x00000000 x20:0x00000000  x4=0xf24b5662
     426735.000 ns	     42672	80008f70	29939e53	fmax.s	f28,f7,f25	  f7:0x7fc00000 f25:0x00000000 f28=0x00000000
     426775.000 ns	     42676	80008f74	11d170d3	fmul.s	f1,f2,f29	  f2:0x00000000 f29:0x00000000  f1=0x00000000
     426805.000 ns	     42679	80008f78	a1f4aad3	feq.s	x21,f9,f31	  f9:0x44dd2000 f31:0x00000000 x21=0x00000000
     426845.000 ns	     42683	80008f7c	1085f453	fmul.s	f8,f11,f8	 f11:0xcefff7df  f8:0x00000000  f8=0x80000000
     426875.000 ns	     42686	80008f80	21802cd3	fsgnjx.s	f25,f0,f24	  f0:0x7fc00000 f24:0x00000000 f25=0x7fc00000
     426905.000 ns	     42689	80008f84	c0087353	fcvt.w.s	x6,f16	 f16:0x80000000  x6=0x00000000
     426935.000 ns	     42692	80008f88	20e420d3	fsgnjx.s	f1,f8,f14	  f8:0x80000000 f14:0x00000000  f1=0x80000000
     426965.000 ns	     42695	80008f8c	28720053	fmin.s	f0,f4,f7	  f4:0x00000162  f7:0x7fc00000  f0=0x00000162
     426985.000 ns	     42697	80008f90	664df937	lui	x18,0x664df	 x18=0x664df000
     427025.000 ns	     42701	80008f94	00a4f0d3	fadd.s	f1,f9,f10	  f9:0x44dd2000 f10:0x41800000  f1=0x44df2000
     427395.000 ns	     42738	80008f98	02c25633	divu	x12,x4,x12	  x4:0xf24b5662 x12:0xf24b5662 x12=0x00000001
     427425.000 ns	     42741	80008f9c	c01310d3	fcvt.wu.s	x1,f6	  f6:0x7fc00000  x1=0xffffffff
     427445.000 ns	     42743	80008fa0	ef46f613	andi	x12,x13,-268	 x13:0xfefa56fc x12=0xfefa56f4
     427465.000 ns	     42745	80008fa4	d00e0bd3	fcvt.s.w	f23,x28	 x28:0x80041024 f23=0xcefff7df
     427485.000 ns	     42747	80008fa8	1009a293	slti	x5,x19,256	 x19:0x43bba000  x5=0x00000000
     427495.000 ns	     42748	80008fac	52856213	ori	x4,x10,1320	 x10:0xffffffff  x4=0xffffffff
     427515.000 ns	     42750	80008fb0	a1f521d3	feq.s	x3,f10,f31	 f10:0x41800000 f31:0x00000000  x3=0x00000000
     427545.000 ns	     42753	80008fb4	a1b006d3	fle.s	x13,f0,f27	  f0:0x00000162 f27:0x80000000 x13=0x00000000
     427565.000 ns	     42755	80008fb8	01271b33	sll	x22,x14,x18	 x14:0x00000000 x18:0x664df000 x22=0x00000000
     427575.000 ns	     42756	80008fbc	f0ba0737	lui	x14,0xf0ba0	 x14=0xf0ba0000
     427605.000 ns	     42759	80008fc0	580afe53	fsqrt.s	f28,f21	 f21:0x00000000 f28=0x00000000
     427635.000 ns	     42762	80008fc4	d003ff53	fcvt.s.w	f30,x7	  x7:0x00000040 f30=0x42800000
     427655.000 ns	     42764	80008fc8	01ba5c93	srli	x25,x20,0x1b	 x20:0x00000000 x25=0x00000000
     427695.000 ns	     42768	80008fcc	005499d3	fadd.s	f19,f9,f5	  f9:0x44dd2000  f5:0x00000000 f19=0x44dd2000
     427725.000 ns	     42771	80008fd0	03bf9d33	mulh	x26,x31,x27	 x31:0xffffffff x27:0x00000001 x26=0xffffffff
     427755.000 ns	     42774	80008fd4	20f69dd3	fsgnjn.s	f27,f13,f15	 f13:0x00000000 f15:0xbe95bed4 f27=0x00000000
     427785.000 ns	     42777	80008fd8	295314d3	fmax.s	f9,f6,f21	  f6:0x7fc00000 f21:0x00000000  f9=0x00000000
     427815.000 ns	     42780	80008fdc	c012f753	fcvt.wu.s	x14,f5	  f5:0x00000000 x14=0x00000000
     427845.000 ns	     42783	80008fe0	03363033	mulhu	x0,x12,x19	 x12:0xfefa56f4 x19:0x43bba000
     428215.000 ns	     42820	80008fe4	02bdf0b3	remu	x1,x27,x11	 x27:0x00000001 x11:0xf24b5688  x1=0x00000001
     428235.000 ns	     42822	80008fe8	4059ddb3	sra	x27,x19,x5	 x19:0x43bba000  x5:0x00000000 x27=0x43bba000
     428255.000 ns	     42824	80008fec	204b0d53	fsgnj.s	f26,f22,f4	 f22:0x00000000  f4:0x00000162 f26=0x00000000
     428275.000 ns	     42826	80008ff0	05edec13	ori	x24,x27,94	 x27:0x00000001 x24=0x43bba05e
     428295.000 ns	     42828	80008ff4	20401bd3	fsgnjn.s	f23,f0,f4	  f0:0x00000162  f4:0x00000162 f23=0x80000162
     428335.000 ns	     42832	80008ff8	1984ff53	fdiv.s	f30,f9,f24	  f9:0x00000000 f24:0x00000000 f30=0x7fc00000
     428365.000 ns	     42835	80008ffc	e0099853	fclass.s	x16,f19	 f19:0x44dd2000 x16=0x00000040
     428385.000 ns	     42837	80009000	017babb3	slt	x23,x23,x23	 x23:0xffffffff x23:0xffffffff x23=0x00000000
     428395.000 ns	     42838	80009004	41e9d713	srai	x14,x19,0x1e	 x19:0x43bba000 x14=0x00000001
     428755.000 ns	     42874	80009008	03bd40b3	div	x1,x26,x27	 x26:0xffffffff x27:0x43bba000  x1=0x00000000
     428785.000 ns	     42877	8000900c	0390cc33	div	x24,x1,x25	  x1:0x00000001 x25:0x00000000 x24=0xffffffff
     428805.000 ns	     42879	80009010	405cd693	srai	x13,x25,0x5	 x25:0x00000000 x13=0x00000000
     428835.000 ns	     42882	80009014	580c7453	fsqrt.s	f8,f24	 f24:0x00000000  f8=0x00000000
     428855.000 ns	     42884	80009018	01a760b3	or	x1,x14,x26	 x14:0x00000001 x26:0xffffffff  x1=0xffffffff
     428875.000 ns	     42886	8000901c	a1990b53	fle.s	x22,f18,f25	 f18:0x7fc00000 f25:0x7fc00000 x22=0x00000000
     428895.000 ns	     42888	80009020	00a908b3	add	x17,x18,x10	 x18:0x664df000 x10:0xffffffff x17=0x664defff
     428905.000 ns	     42889	80009024	41c8db93	srai	x23,x17,0x1c	 x17:0x00000000 x23=0x00000006
     428915.000 ns	     42890	80009028	794c6693	ori	x13,x24,1940	 x24:0xffffffff x13=0xffffffff
     428935.000 ns	     42892	8000902c	20040653	fsgnj.s	f12,f8,f0	  f8:0x00000000  f0:0x00000162 f12=0x00000000
     428955.000 ns	     42894	80009030	4e1a1797	auipc	x15,0x4e1a1	 x15=0xce1aa030
     428965.000 ns	     42895	80009034	0104dc13	srli	x24,x9,0x10	  x9:0x00000000 x24=0x00000000
     428995.000 ns	     42898	80009038	58081d53	fsqrt.s	f26,f16	 f16:0x80000000 f26=0x80000000
     429015.000 ns	     42900	8000903c	01cf2333	slt	x6,x30,x28	 x30:0x00000000 x28:0x80041024  x6=0x00000000
     429035.000 ns	     42902	80009040	c017ffd3	fcvt.wu.s	x31,f15	 f15:0xbe95bed4 x31=0x00000000
     429065.000 ns	     42905	80009044	03e529b3	mulhsu	x19,x10,x30	 x10:0xffffffff x30:0x00000000 x19=0x00000000
     429085.000 ns	     42907	80009048	400ad1b3	sra	x3,x21,x0	 x21:0x00000000  x0:0x00000000  x3=0x00000000
     429095.000 ns	     42908	8000904c	7ad16893	ori	x17,x2,1965	  x2:0x80040fe4 x17=0x80040fed
     429115.000 ns	     42910	80009050	291f1dd3	fmax.s	f27,f30,f17	 f30:0x7fc00000 f17:0x80000000 f27=0x80000000
     429145.000 ns	     42913	80009054	e00f88d3	fmv.x.w	x17,f31	 f31:0x00000000 x17=0x00000000
     429165.000 ns	     42915	80009058	41f888b3	sub	x17,x17,x31	 x17:0x80040fed x31:0x00000000 x17=0x00000000
     429185.000 ns	     42917	8000905c	a1480b53	fle.s	x22,f16,f20	 f16:0x80000000 f20:0x00000000 x22=0x00000001
     429205.000 ns	     42919	80009060	c0446493	ori	x9,x8,-1020	  x8:0xbe95bed4  x9=0xfffffed4
     429215.000 ns	     42920	80009064	1fa27e97	auipc	x29,0x1fa27	 x29=0x9fa30064
     429235.000 ns	     42922	80009068	28ae1953	fmax.s	f18,f28,f10	 f28:0x00000000 f10:0x41800000 f18=0x41800000
     429265.000 ns	     42925	8000906c	e00f1d53	fclass.s	x26,f30	 f30:0x7fc00000 x26=0x00000200
     429295.000 ns	     42928	80009070	a1118b53	fle.s	x22,f3,f17	  f3:0x80000000 f17:0x80000000 x22=0x00000001
     429325.000 ns	     42931	80009074	203c1753	fsgnjn.s	f14,f24,f3	 f24:0x00000000  f3:0x80000000 f14=0x00000000
     429345.000 ns	     42933	80009078	00000013	addi	x0,x0,0	  x0:0x00000000
     429365.000 ns	     42935	8000907c	a0629253	flt.s	x4,f5,f6	  f5:0x00000000  f6:0x7fc00000  x4=0x00000000
     429395.000 ns	     42938	80009080	02fbbf33	mulhu	x30,x23,x15	 x23:0x00000006 x15:0xce1aa030 x30=0x00000004
     429425.000 ns	     42941	80009084	c0127c53	fcvt.wu.s	x24,f4	  f4:0x00000162 x24=0x00000000
     429455.000 ns	     42944	80009088	d01770d3	fcvt.s.wu	f1,x14	 x14:0x00000001  f1=0x3f800000
     429505.000 ns	     42949	8000908c	00d70dd3	fadd.s	f27,f14,f13	 f14:0x00000000 f13:0x00000000 f27=0x00000000
     429525.000 ns	     42951	80009090	00c59993	slli	x19,x11,0xc	 x11:0xf24b5688 x19=0xb5688000
     429535.000 ns	     42952	80009094	0197ceb3	xor	x29,x15,x25	 x15:0xce1aa030 x25:0x00000000 x29=0xce1aa030
     429545.000 ns	     42953	80009098	00fff7b3	and	x15,x31,x15	 x31:0x00000000 x15:0xce1aa030 x15=0x00000000
     429565.000 ns	     42955	8000909c	d00d3553	fcvt.s.w	f10,x26	 x26:0x00000200 f10=0x44000000
     429585.000 ns	     42957	800090a0	0140e433	or	x8,x1,x20	  x1:0xffffffff x20:0x00000000  x8=0xffffffff
     429605.000 ns	     42959	800090a4	21f998d3	fsgnjn.s	f17,f19,f31	 f19:0x44dd2000 f31:0x00000000 f17=0xc4dd2000
     429975.000 ns	     42996	800090a8	02a070b3	remu	x1,x0,x10	  x0:0x00000000 x10:0xffffffff  x1=0x00000000
     430005.000 ns	     42999	800090ac	a0922553	feq.s	x10,f4,f9	  f4:0x00000162  f9:0x00000000 x10=0x00000000
     430035.000 ns	     43002	800090b0	a0ef19d3	flt.s	x19,f30,f14	 f30:0x7fc00000 f14:0x00000000 x19=0x00000000
     430055.000 ns	     43004	800090b4	739ab693	sltiu	x13,x21,1849	 x21:0x00000000 x13=0x00000001
     430075.000 ns	     43006	800090b8	039fd033	divu	x0,x31,x25	 x31:0x00000000 x25:0x00000000
     430095.000 ns	     43008	800090bc	41e654b3	sra	x9,x12,x30	 x12:0xfefa56f4 x30:0x00000004  x9=0xffefa56f
     430115.000 ns	     43010	800090c0	c00d47d3	fcvt.w.s	x15,f26	 f26:0x80000000 x15=0x00000000
     430135.000 ns	     43012	800090c4	4196d213	srai	x4,x13,0x19	 x13:0x00000001  x4=0x00000000
     430145.000 ns	     43013	800090c8	00524733	xor	x14,x4,x5	  x4:0x00000000  x5:0x00000000 x14=0x00000000
     430165.000 ns	     43015	800090cc	a1550bd3	fle.s	x23,f10,f21	 f10:0x44000000 f21:0x00000000 x23=0x00000000
     430195.000 ns	     43018	800090d0	a01008d3	fle.s	x17,f0,f1	  f0:0x00000162  f1:0x3f800000 x17=0x00000001
     430225.000 ns	     43021	800090d4	20951853	fsgnjn.s	f16,f10,f9	 f10:0x44000000  f9:0x00000000 f16=0xc4000000
     430595.000 ns	     43058	800090d8	022c5eb3	divu	x29,x24,x2	 x24:0x00000000  x2:0x80040fe4 x29=0x00000000
     430615.000 ns	     43060	800090dc	36f13c13	sltiu	x24,x2,879	  x2:0x80040fe4 x24=0x00000000
     430625.000 ns	     43061	800090e0	017613b3	sll	x7,x12,x23	 x12:0xfefa56f4 x23:0x00000000  x7=0xfefa56f4
     430655.000 ns	     43064	800090e4	1871c953	fdiv.s	f18,f3,f7	  f3:0x80000000  f7:0x7fc00000 f18=0x7fc00000
     430675.000 ns	     43066	800090e8	e63fcf13	xori	x30,x31,-413	 x31:0x00000000 x30=0xfffffe63
     430685.000 ns	     43067	800090ec	016366b3	or	x13,x6,x22	  x6:0x00000000 x22:0x00000001 x13=0x00000001
     430705.000 ns	     43069	800090f0	d00873d3	fcvt.s.w	f7,x16	 x16:0x00000040  f7=0x42800000
     430735.000 ns	     43072	800090f4	281909d3	fmin.s	f19,f18,f1	 f18:0x7fc00000  f1:0x3f800000 f19=0x3f800000
     430755.000 ns	     43074	800090f8	f01dcc93	xori	x25,x27,-255	 x27:0x43bba000 x25=0xbc445f01
     430775.000 ns	     43076	800090fc	d0133853	fcvt.s.wu	f16,x6	  x6:0x00000000 f16=0x00000000
     430805.000 ns	     43079	80009100	21ec24d3	fsgnjx.s	f9,f24,f30	 f24:0x00000000 f30:0x7fc00000  f9=0x00000000
     430835.000 ns	     43082	80009104	28889ad3	fmax.s	f21,f17,f8	 f17:0xc4dd2000  f8:0x00000000 f21=0x00000000
     430855.000 ns	     43084	80009108	00f49793	slli	x15,x9,0xf	  x9:0xffefa56f x15=0xd2b78000
     430875.000 ns	     43086	8000910c	a1bb03d3	fle.s	x7,f22,f27	 f22:0x00000000 f27:0x00000000  x7=0x00000001
     430895.000 ns	     43088	80009110	01d31933	sll	x18,x6,x29	  x6:0x00000000 x29:0x00000000 x18=0x00000000
     430905.000 ns	     43089	80009114	bf74b893	sltiu	x17,x9,-1033	  x9:0xffefa56f x17=0x00000001
     430925.000 ns	     43091	80009118	0350a7b3	mulhsu	x15,x1,x21	  x1:0x00000000 x21:0x00000000 x15=0x00000000
     430955.000 ns	     43094	8000911c	21d79953	fsgnjn.s	f18,f15,f29	 f15:0xbe95bed4 f29:0x00000000 f18=0xbe95bed4
     430975.000 ns	     43096	80009120	40bbdd33	sra	x26,x23,x11	 x23:0x00000000 x11:0xf24b5688 x26=0x00000000
     430995.000 ns	     43098	80009124	f00980d3	fmv.w.x	f1,x19	 x19:0x00000000  f1=0x00000000
     431025.000 ns	     43101	80009128	f00b8553	fmv.w.x	f10,x23	 x23:0x00000000 f10=0x00000000
     431045.000 ns	     43103	8000912c	dcf6bd13	sltiu	x26,x13,-561	 x13:0x00000001 x26=0x00000001
     431065.000 ns	     43105	80009130	02deb6b3	mulhu	x13,x29,x13	 x29:0x00000000 x13:0x00000001 x13=0x00000000
     431085.000 ns	     43107	80009134	415cd793	srai	x15,x25,0x15	 x25:0xbc445f01 x15=0xfffffde2
     431105.000 ns	     43109	80009138	02f72d33	mulhsu	x26,x14,x15	 x14:0x00000000 x15:0x00000000 x26=0x00000000
     431125.000 ns	     43111	8000913c	9afd0893	addi	x17,x26,-1617	 x26:0x00000001 x17=0xfffff9af
     431135.000 ns	     43112	80009140	013b2ab3	slt	x21,x22,x19	 x22:0x00000001 x19:0x00000000 x21=0x00000000
     431155.000 ns	     43114	80009144	28d00d53	fmin.s	f26,f0,f13	  f0:0x00000162 f13:0x00000000 f26=0x00000000
     431185.000 ns	     43117	80009148	208d03d3	fsgnj.s	f7,f26,f8	 f26:0x80000000  f8:0x00000000  f7=0x00000000
     431215.000 ns	     43120	8000914c	d00df5d3	fcvt.s.w	f11,x27	 x27:0x43bba000 f11=0x4e877740
     431235.000 ns	     43122	80009150	0118c833	xor	x16,x17,x17	 x17:0xfffff9af x17:0xfffff9af x16=0x00000000
     431245.000 ns	     43123	80009154	00ee37b3	sltu	x15,x28,x14	 x28:0x80041024 x14:0x00000000 x15=0x00000000
     431255.000 ns	     43124	80009158	84328413	addi	x8,x5,-1981	  x5:0x00000000  x8=0xfffff843
     431265.000 ns	     43125	8000915c	be3f2413	slti	x8,x30,-1053	 x30:0xfffffe63  x8=0x00000000
     431285.000 ns	     43127	80009160	e0090f53	fmv.x.w	x30,f18	 f18:0xbe95bed4 x30=0xbe95bed4
     431315.000 ns	     43130	80009164	f0040853	fmv.w.x	f16,x8	  x8:0xfffff843 f16=0x00000000
     431345.000 ns	     43133	80009168	032ab533	mulhu	x10,x21,x18	 x21:0x00000000 x18:0x00000000 x10=0x00000000
     431375.000 ns	     43136	8000916c	0354f3b3	remu	x7,x9,x21	  x9:0xffefa56f x21:0x00000000  x7=0xffefa56f
     431395.000 ns	     43138	80009170	002ea6b3	slt	x13,x29,x2	 x29:0x00000000  x2:0x80040fe4 x13=0x00000000
     431415.000 ns	     43140	80009174	d012fa53	fcvt.s.wu	f20,x5	  x5:0x00000000 f20=0x00000000
     431445.000 ns	     43143	80009178	21fe9dd3	fsgnjn.s	f27,f29,f31	 f29:0x00000000 f31:0x00000000 f27=0x80000000
     431485.000 ns	     43147	8000917c	192475d3	fdiv.s	f11,f8,f18	  f8:0x00000000 f18:0xbe95bed4 f11=0x80000000
     431505.000 ns	     43149	80009180	00000013	addi	x0,x0,0	  x0:0x00000000
     431525.000 ns	     43151	80009184	e00c93d3	fclass.s	x7,f25	 f25:0x7fc00000  x7=0x00000200
     431545.000 ns	     43153	80009188	8b7d3893	sltiu	x17,x26,-1865	 x26:0x00000000 x17=0x00000001
     431555.000 ns	     43154	8000918c	9f4e0193	addi	x3,x28,-1548	 x28:0x80041024  x3=0x80040a18
     431565.000 ns	     43155	80009190	01269433	sll	x8,x13,x18	 x13:0x00000000 x18:0x00000000  x8=0x00000000
     431575.000 ns	     43156	80009194	0199ac33	slt	x24,x19,x25	 x19:0x00000000 x25:0xbc445f01 x24=0x00000000
     431605.000 ns	     43159	80009198	5802f253	fsqrt.s	f4,f5	  f5:0x00000000  f4=0x00000000
     431635.000 ns	     43162	8000919c	02ea52b3	divu	x5,x20,x14	 x20:0x00000000 x14:0x00000000  x5=0xffffffff
     431675.000 ns	     43166	800091a0	580a7b53	fsqrt.s	f22,f20	 f20:0x00000000 f22=0x00000000
     431695.000 ns	     43168	800091a4	0054b533	sltu	x10,x9,x5	  x9:0xffefa56f  x5:0xffffffff x10=0x00000001
     431715.000 ns	     43170	800091a8	a0e50bd3	fle.s	x23,f10,f14	 f10:0x00000000 f14:0x00000000 x23=0x00000001
     431745.000 ns	     43173	800091ac	0353ba33	mulhu	x20,x7,x21	  x7:0x00000200 x21:0x00000000 x20=0x00000000
     431765.000 ns	     43175	800091b0	01202c33	slt	x24,x0,x18	  x0:0x00000000 x18:0x00000000 x24=0x00000000
     431785.000 ns	     43177	800091b4	d00b8253	fcvt.s.w	f4,x23	 x23:0x00000001  f4=0x3f800000
     431805.000 ns	     43179	800091b8	231b6313	ori	x6,x22,561	 x22:0x00000001  x6=0x00000231
     431845.000 ns	     43183	800091bc	0087f6d3	fadd.s	f13,f15,f8	 f15:0xbe95bed4  f8:0x00000000 f13=0xbe95bed4
     431865.000 ns	     43185	800091c0	218bb913	sltiu	x18,x23,536	 x23:0x00000001 x18=0x00000001
     431875.000 ns	     43186	800091c4	2e6dd437	lui	x8,0x2e6dd	  x8=0x2e6dd000
     431885.000 ns	     43187	800091c8	40525933	sra	x18,x4,x5	  x4:0x00000000  x5:0xffffffff x18=0x00000000
     431895.000 ns	     43188	800091cc	9d8d3f13	sltiu	x30,x26,-1576	 x26:0x00000000 x30=0x00000001
     431915.000 ns	     43190	800091d0	a13c1553	flt.s	x10,f24,f19	 f24:0x00000000 f19:0x3f800000 x10=0x00000001
     431945.000 ns	     43193	800091d4	e00c8b53	fmv.x.w	x22,f25	 f25:0x7fc00000 x22=0x7fc00000
     431995.000 ns	     43198	800091d8	08c7fbd3	fsub.s	f23,f15,f12	 f15:0xbe95bed4 f12:0x00000000 f23=0xbe95bed4
     432025.000 ns	     43201	800091dc	033d1433	mulh	x8,x26,x19	 x26:0x00000000 x19:0x00000000  x8=0x00000000
     432045.000 ns	     43203	800091e0	43842513	slti	x10,x8,1080	  x8:0x2e6dd000 x10=0x00000001
     432065.000 ns	     43205	800091e4	e0038a53	fmv.x.w	x20,f7	  f7:0x00000000 x20=0x00000000
     432095.000 ns	     43208	800091e8	a1932ad3	feq.s	x21,f6,f25	  f6:0x7fc00000 f25:0x7fc00000 x21=0x00000000
     432125.000 ns	     43211	800091ec	20ca1653	fsgnjn.s	f12,f20,f12	 f20:0x00000000 f12:0x00000000 f12=0x80000000
     432155.000 ns	     43214	800091f0	026b8bb3	mul	x23,x23,x6	 x23:0x00000001  x6:0x00000231 x23=0x00000231
     432175.000 ns	     43216	800091f4	00000013	addi	x0,x0,0	  x0:0x00000000
     432195.000 ns	     43218	800091f8	295f16d3	fmax.s	f13,f30,f21	 f30:0x7fc00000 f21:0x00000000 f13=0x00000000
     432235.000 ns	     43222	800091fc	5806fc53	fsqrt.s	f24,f13	 f13:0xbe95bed4 f24=0x00000000
     432265.000 ns	     43225	80009200	03a271b3	remu	x3,x4,x26	  x4:0x00000000 x26:0x00000000  x3=0x00000000
     432295.000 ns	     43228	80009204	a16c93d3	flt.s	x7,f25,f22	 f25:0x7fc00000 f22:0x00000000  x7=0x00000000
     432325.000 ns	     43231	80009208	20fd1353	fsgnjn.s	f6,f26,f15	 f26:0x00000000 f15:0xbe95bed4  f6=0x00000000
     432355.000 ns	     43234	8000920c	021bac33	mulhsu	x24,x23,x1	 x23:0x00000231  x1:0x00000000 x24=0x00000000
     432385.000 ns	     43237	80009210	c01c40d3	fcvt.wu.s	x1,f24	 f24:0x00000000  x1=0x00000000
     432405.000 ns	     43239	80009214	00bbccb3	xor	x25,x23,x11	 x23:0x00000231 x11:0xf24b5688 x25=0xf24b54b9
     432415.000 ns	     43240	80009218	78234913	xori	x18,x6,1922	  x6:0x00000231 x18=0x000005b3
     432435.000 ns	     43242	8000921c	e00509d3	fmv.x.w	x19,f10	 f10:0x00000000 x19=0x00000000
     432455.000 ns	     43244	80009220	014b86b3	add	x13,x23,x20	 x23:0x00000231 x20:0x00000000 x13=0x00000231
     432465.000 ns	     43245	80009224	0080dd13	srli	x26,x1,0x8	  x1:0x00000000 x26=0x00000000
     432485.000 ns	     43247	80009228	a0d09f53	flt.s	x30,f1,f13	  f1:0x00000000 f13:0x00000000 x30=0x00000000
     432515.000 ns	     43250	8000922c	02f24f33	div	x30,x4,x15	  x4:0x00000000 x15:0x00000000 x30=0xffffffff
     432885.000 ns	     43287	80009230	02557733	remu	x14,x10,x5	 x10:0x00000001  x5:0xffffffff x14=0x00000001
     432915.000 ns	     43290	80009234	20bf25d3	fsgnjx.s	f11,f30,f11	 f30:0x7fc00000 f11:0x80000000 f11=0xffc00000
     432935.000 ns	     43292	80009238	91e80ab7	lui	x21,0x91e80	 x21=0x91e80000
     432955.000 ns	     43294	8000923c	29c79553	fmax.s	f10,f15,f28	 f15:0xbe95bed4 f28:0x00000000 f10=0x00000000
     432985.000 ns	     43297	80009240	e0079553	fclass.s	x10,f15	 f15:0xbe95bed4 x10=0x00000002
     433015.000 ns	     43300	80009244	e00606d3	fmv.x.w	x13,f12	 f12:0x80000000 x13=0x80000000
     433045.000 ns	     43303	80009248	e00516d3	fclass.s	x13,f10	 f10:0x00000000 x13=0x00000010
     433065.000 ns	     43305	8000924c	159487b7	lui	x15,0x15948	 x15=0x15948000
     433075.000 ns	     43306	80009250	41355a93	srai	x21,x10,0x13	 x10:0x00000002 x21=0x00000000
     433085.000 ns	     43307	80009254	00c52db3	slt	x27,x10,x12	 x10:0x00000002 x12:0xfefa56f4 x27=0x00000000
     433105.000 ns	     43309	80009258	c01b7b53	fcvt.wu.s	x22,f22	 f22:0x00000000 x22=0x00000000
     433135.000 ns	     43312	8000925c	21780c53	fsgnj.s	f24,f16,f23	 f16:0x00000000 f23:0xbe95bed4 f24=0x80000000
     433165.000 ns	     43315	80009260	29ab9dd3	fmax.s	f27,f23,f26	 f23:0xbe95bed4 f26:0x00000000 f27=0x00000000
     433535.000 ns	     43352	80009264	02e5c733	div	x14,x11,x14	 x11:0xf24b5688 x14:0x00000001 x14=0xf24b5688
     433555.000 ns	     43354	80009268	75466937	lui	x18,0x75466	 x18=0x75466000
     433565.000 ns	     43355	8000926c	cfda38b7	lui	x17,0xcfda3	 x17=0xcfda3000
     433585.000 ns	     43357	80009270	03c2b633	mulhu	x12,x5,x28	  x5:0xffffffff x28:0x80041024 x12=0x80041023
     433605.000 ns	     43359	80009274	72de7813	andi	x16,x28,1837	 x28:0x80041024 x16=0x00000024
     433625.000 ns	     43361	80009278	036553b3	divu	x7,x10,x22	 x10:0x00000002 x22:0x00000000  x7=0xffffffff
     433655.000 ns	     43364	8000927c	d01a3153	fcvt.s.wu	f2,x20	 x20:0x00000000  f2=0x00000000
     433685.000 ns	     43367	80009280	215094d3	fsgnjn.s	f9,f1,f21	  f1:0x00000000 f21:0x00000000  f9=0x80000000
     433715.000 ns	     43370	80009284	025d29b3	mulhsu	x19,x26,x5	 x26:0x00000000  x5:0xffffffff x19=0x00000000
     433745.000 ns	     43373	80009288	a0d70053	fle.s	x0,f14,f13	 f14:0x00000000 f13:0x00000000
     433765.000 ns	     43375	8000928c	002171b3	and	x3,x2,x2	  x2:0x80040fe4  x2:0x80040fe4  x3=0x80040fe4
     433775.000 ns	     43376	80009290	004cd9b3	srl	x19,x25,x4	 x25:0xf24b54b9  x4:0x00000000 x19=0xf24b54b9
     433785.000 ns	     43377	80009294	016ba233	slt	x4,x23,x22	 x23:0x00000231 x22:0x00000000  x4=0x00000000
     433805.000 ns	     43379	80009298	d0137dd3	fcvt.s.wu	f27,x6	  x6:0x00000231 f27=0x440c4000
     433825.000 ns	     43381	8000929c	00000013	addi	x0,x0,0	  x0:0x00000000
     433835.000 ns	     43382	800092a0	00000013	addi	x0,x0,0	  x0:0x00000000
     433845.000 ns	     43383	800092a4	0105dfb3	srl	x31,x11,x16	 x11:0xf24b5688 x16:0x00000024 x31=0x0f24b568
     433865.000 ns	     43385	800092a8	037e3033	mulhu	x0,x28,x23	 x28:0x80041024 x23:0x00000231
     433895.000 ns	     43388	800092ac	02648bb3	mul	x23,x9,x6	  x9:0xffefa56f  x6:0x00000231 x23=0xdc29883f
     433915.000 ns	     43390	800092b0	01bc5493	srli	x9,x24,0x1b	 x24:0x00000000  x9=0x00000000
     433925.000 ns	     43391	800092b4	59e1dc37	lui	x24,0x59e1d	 x24=0x59e1d000
     433945.000 ns	     43393	800092b8	f00e81d3	fmv.w.x	f3,x29	 x29:0x00000000  f3=0x00000000
     433965.000 ns	     43395	800092bc	005be933	or	x18,x23,x5	 x23:0xdc29883f  x5:0xffffffff x18=0xffffffff
     433985.000 ns	     43397	800092c0	034b0033	mul	x0,x22,x20	 x22:0x00000000 x20:0x00000000
     434035.000 ns	     43402	800092c4	003472d3	fadd.s	f5,f8,f3	  f8:0x00000000  f3:0x00000000  f5=0x00000000
     434055.000 ns	     43404	800092c8	11198d13	addi	x26,x19,273	 x19:0xf24b54b9 x26=0xf24b55ca
     434415.000 ns	     43440	800092cc	02eefd33	remu	x26,x29,x14	 x29:0x00000000 x14:0xf24b5688 x26=0x00000000
     434435.000 ns	     43442	800092d0	01b85213	srli	x4,x16,0x1b	 x16:0x00000024  x4=0x00000000
     434445.000 ns	     43443	800092d4	4024d733	sra	x14,x9,x2	  x9:0x00000000  x2:0x80040fe4 x14=0x00000000
     434455.000 ns	     43444	800092d8	01b46d33	or	x26,x8,x27	  x8:0x00000000 x27:0x00000000 x26=0x00000000
     434465.000 ns	     43445	800092dc	41ac08b3	sub	x17,x24,x26	 x24:0x59e1d000 x26:0x00000000 x17=0x59e1d000
     434495.000 ns	     43448	800092e0	118477d3	fmul.s	f15,f8,f24	  f8:0x00000000 f24:0x80000000 f15=0x80000000
     434515.000 ns	     43450	800092e4	00743533	sltu	x10,x8,x7	  x8:0x00000000  x7:0xffffffff x10=0x00000001
     434525.000 ns	     43451	800092e8	6e45b717	auipc	x14,0x6e45b	 x14=0xee4642e8
     434535.000 ns	     43452	800092ec	98dee393	ori	x7,x29,-1651	 x29:0x00000000  x7=0xfffff98d
     434555.000 ns	     43454	800092f0	d0182653	fcvt.s.wu	f12,x16	 x16:0x00000024 f12=0x42100000
     434925.000 ns	     43491	800092f4	022a50b3	divu	x1,x20,x2	 x20:0x00000000  x2:0x80040fe4  x1=0x00000000
     434945.000 ns	     43493	800092f8	45aa7d13	andi	x26,x20,1114	 x20:0x00000000 x26=0x00000000
     434965.000 ns	     43495	800092fc	204dad53	fsgnjx.s	f26,f27,f4	 f27:0x440c4000  f4:0x3f800000 f26=0x440c4000
     434995.000 ns	     43498	80009300	e00e1bd3	fclass.s	x23,f28	 f28:0x00000000 x23=0x00000010
     435045.000 ns	     43503	80009304	00502c53	fadd.s	f24,f0,f5	  f0:0x00000162  f5:0x00000000 f24=0x00000162
     435065.000 ns	     43505	80009308	41025eb3	sra	x29,x4,x16	  x4:0x00000000 x16:0x00000024 x29=0x00000000
     435075.000 ns	     43506	8000930c	e8efba93	sltiu	x21,x31,-370	 x31:0x0f24b568 x21=0x00000001
     435095.000 ns	     43508	80009310	e00010d3	fclass.s	x1,f0	  f0:0x00000162  x1=0x00000020
     435115.000 ns	     43510	80009314	00e6cbb3	xor	x23,x13,x14	 x13:0x00000010 x14:0xee4642e8 x23=0xee4642f8
     435135.000 ns	     43512	80009318	294a1c53	fmax.s	f24,f20,f20	 f20:0x00000000 f20:0x00000000 f24=0x00000000
     435165.000 ns	     43515	8000931c	29df8953	fmin.s	f18,f31,f29	 f31:0x00000000 f29:0x00000000 f18=0x00000000
     435195.000 ns	     43518	80009320	a0cc9353	flt.s	x6,f25,f12	 f25:0x7fc00000 f12:0x42100000  x6=0x00000000
     435225.000 ns	     43521	80009324	20b72353	fsgnjx.s	f6,f14,f11	 f14:0x00000000 f11:0xffc00000  f6=0x80000000
     435245.000 ns	     43523	80009328	be87ec13	ori	x24,x15,-1048	 x15:0x15948000 x24=0xfffffbe8
     435605.000 ns	     43559	8000932c	03c65833	divu	x16,x12,x28	 x12:0x80041023 x28:0x80041024 x16=0x00000000
     435645.000 ns	     43563	80009330	117c7153	fmul.s	f2,f24,f23	 f24:0x00000000 f23:0xbe95bed4  f2=0x80000000
     435665.000 ns	     43565	80009334	859d8993	addi	x19,x27,-1959	 x27:0x00000000 x19=0xfffff859
     435675.000 ns	     43566	80009338	7cff0f93	addi	x31,x30,1999	 x30:0xffffffff x31=0x000007ce
     435695.000 ns	     43568	8000933c	d010f653	fcvt.s.wu	f12,x1	  x1:0x00000020 f12=0x42000000
     435715.000 ns	     43570	80009340	0039d313	srli	x6,x19,0x3	 x19:0xfffff859  x6=0x1fffff0b
     435745.000 ns	     43573	80009344	1024fdd3	fmul.s	f27,f9,f2	  f9:0x80000000  f2:0x80000000 f27=0x00000000
     435775.000 ns	     43576	80009348	29bd12d3	fmax.s	f5,f26,f27	 f26:0x440c4000 f27:0x440c4000  f5=0x440c4000
     435805.000 ns	     43579	8000934c	03c906b3	mul	x13,x18,x28	 x18:0xffffffff x28:0x80041024 x13=0x7ffbefdc
     435825.000 ns	     43581	80009350	006edc13	srli	x24,x29,0x6	 x29:0x00000000 x24=0x00000000
     435835.000 ns	     43582	80009354	21646f13	ori	x30,x8,534	  x8:0x00000000 x30=0x00000216
     435855.000 ns	     43584	80009358	e00c0d53	fmv.x.w	x26,f24	 f24:0x00000000 x26=0x00000000
     435885.000 ns	     43587	8000935c	29201d53	fmax.s	f26,f0,f18	  f0:0x00000162 f18:0x00000000 f26=0x00000162
     435905.000 ns	     43589	80009360	83b6bc93	sltiu	x25,x13,-1989	 x13:0x7ffbefdc x25=0x00000001
     436265.000 ns	     43625	80009364	032f76b3	remu	x13,x30,x18	 x30:0x00000216 x18:0xffffffff x13=0x00000216
     436285.000 ns	     43627	80009368	d943fa13	andi	x20,x7,-620	  x7:0xfffff98d x20=0xfffff984
     436305.000 ns	     43629	8000936c	f00581d3	fmv.w.x	f3,x11	 x11:0xf24b5688  f3=0xf24b5688
     436325.000 ns	     43631	80009370	012e1513	slli	x10,x28,0x12	 x28:0x80041024 x10=0x40900000
     436345.000 ns	     43633	80009374	03412b33	mulhsu	x22,x2,x20	  x2:0x80040fe4 x20:0xfffff984 x22=0x80041321
     436365.000 ns	     43635	80009378	6127fb93	andi	x23,x15,1554	 x15:0x15948000 x23=0x00000000
     436375.000 ns	     43636	8000937c	eceafc93	andi	x25,x21,-306	 x21:0x00000001 x25=0x00000000
     436395.000 ns	     43638	80009380	02baa1b3	mulhsu	x3,x21,x11	 x21:0x00000001 x11:0xf24b5688  x3=0x00000000
     436415.000 ns	     43640	80009384	10e20d13	addi	x26,x4,270	  x4:0x00000000 x26=0x0000010e
     436425.000 ns	     43641	80009388	112f0613	addi	x12,x30,274	 x30:0x00000216 x12=0x00000328
     436435.000 ns	     43642	8000938c	db0b2393	slti	x7,x22,-592	 x22:0x80041321  x7=0x00000001
     436455.000 ns	     43644	80009390	030574b3	remu	x9,x10,x16	 x10:0x40900000 x16:0x00000000  x9=0x40900000
     436505.000 ns	     43649	80009394	01989ad3	fadd.s	f21,f17,f25	 f17:0xc4dd2000 f25:0x7fc00000 f21=0x7fc00000
     436875.000 ns	     43686	80009398	0349c6b3	div	x13,x19,x20	 x19:0xfffff859 x20:0xfffff984 x13=0x00000001
     436925.000 ns	     43691	8000939c	01bdbcd3	fadd.s	f25,f27,f27	 f27:0x00000000 f27:0x00000000 f25=0x00000000
     436975.000 ns	     43696	800093a0	0809cbd3	fsub.s	f23,f19,f0	 f19:0x3f800000  f0:0x00000162 f23=0x3f800000
     437025.000 ns	     43701	800093a4	0116f0d3	fadd.s	f1,f13,f17	 f13:0x00000000 f17:0xc4dd2000  f1=0xc4dd2000
     437045.000 ns	     43703	800093a8	013e67b3	or	x15,x28,x19	 x28:0x80041024 x19:0xfffff859 x15=0xfffff87d
     437405.000 ns	     43739	800093ac	0357ed33	rem	x26,x15,x21	 x15:0x15948000 x21:0x00000001 x26=0x00000000
     437425.000 ns	     43741	800093b0	009a0cb3	add	x25,x20,x9	 x20:0xfffff984  x9:0x40900000 x25=0x408ff984
     437445.000 ns	     43743	800093b4	293312d3	fmax.s	f5,f6,f19	  f6:0x80000000 f19:0x3f800000  f5=0x3f800000
     437465.000 ns	     43745	800093b8	015b1233	sll	x4,x22,x21	 x22:0x80041321 x21:0x00000001  x4=0x00082642
     437825.000 ns	     43781	800093bc	0270ffb3	remu	x31,x1,x7	  x1:0x00000020  x7:0x00000001 x31=0x00000000
     437845.000 ns	     43783	800093c0	0766f393	andi	x7,x13,118	 x13:0x00000001  x7=0x00000000
     437855.000 ns	     43784	800093c4	01922f33	slt	x30,x4,x25	  x4:0x00082642 x25:0x408ff984 x30=0x00000001
     437875.000 ns	     43786	800093c8	d00c7dd3	fcvt.s.w	f27,x24	 x24:0x00000000 f27=0x00000000
     437895.000 ns	     43788	800093cc	00000013	addi	x0,x0,0	  x0:0x00000000
     437905.000 ns	     43789	800093d0	00000013	addi	x0,x0,0	  x0:0x00000000
     437925.000 ns	     43791	800093d4	e00f1553	fclass.s	x10,f30	 f30:0x7fc00000 x10=0x00000200
     437945.000 ns	     43793	800093d8	40080bb3	sub	x23,x16,x0	 x16:0x00000000  x0:0x00000000 x23=0x00000000
     437965.000 ns	     43795	800093dc	e00f96d3	fclass.s	x13,f31	 f31:0x00000000 x13=0x00000010
     437985.000 ns	     43797	800093e0	401bdc33	sra	x24,x23,x1	 x23:0x00000000  x1:0x00000020 x24=0x00000000
     437995.000 ns	     43798	800093e4	00d45193	srli	x3,x8,0xd	  x8:0x00000000  x3=0x00000000
     438015.000 ns	     43800	800093e8	a17b8cd3	fle.s	x25,f23,f23	 f23:0x3f800000 f23:0x3f800000 x25=0x00000001
     438035.000 ns	     43802	800093ec	012018b3	sll	x17,x0,x18	  x0:0x00000000 x18:0xffffffff x17=0x00000000
     438045.000 ns	     43803	800093f0	3c4d7f37	lui	x30,0x3c4d7	 x30=0x3c4d7000
     438055.000 ns	     43804	800093f4	41b00333	sub	x6,x0,x27	  x0:0x00000000 x27:0x00000000  x6=0x00000000
     438075.000 ns	     43806	800093f8	21939d53	fsgnjn.s	f26,f7,f25	  f7:0x00000000 f25:0x00000000 f26=0x80000000
     438095.000 ns	     43808	800093fc	00000013	addi	x0,x0,0	  x0:0x00000000
     438105.000 ns	     43809	80009400	c299b713	sltiu	x14,x19,-983	 x19:0xfffff859 x14=0x00000001
     438115.000 ns	     43810	80009404	003c8633	add	x12,x25,x3	 x25:0x00000001  x3:0x00000000 x12=0x00000001
     438475.000 ns	     43846	80009408	039a4bb3	div	x23,x20,x25	 x20:0xfffff984 x25:0x00000001 x23=0xfffff984
     438505.000 ns	     43849	8000940c	03024c33	div	x24,x4,x16	  x4:0x00082642 x16:0x00000000 x24=0xffffffff
     438535.000 ns	     43852	80009410	a0f794d3	flt.s	x9,f15,f15	 f15:0x80000000 f15:0x80000000  x9=0x00000000
     438905.000 ns	     43889	80009414	02cfc733	div	x14,x31,x12	 x31:0x00000000 x12:0x00000001 x14=0x00000000
     438925.000 ns	     43891	80009418	01359333	sll	x6,x11,x19	 x11:0xf24b5688 x19:0xfffff859  x6=0x10000000
     438935.000 ns	     43892	8000941c	015e1433	sll	x8,x28,x21	 x28:0x80041024 x21:0x00000001  x8=0x00082048
     439295.000 ns	     43928	80009420	033e78b3	remu	x17,x28,x19	 x28:0x80041024 x19:0xfffff859 x17=0x80041024
     439345.000 ns	     43933	80009424	09a51f53	fsub.s	f30,f10,f26	 f10:0x00000000 f26:0x80000000 f30=0x00000000
     439375.000 ns	     43936	80009428	29a51cd3	fmax.s	f25,f10,f26	 f10:0x00000000 f26:0x80000000 f25=0x00000000
     439395.000 ns	     43938	8000942c	00bd2f33	slt	x30,x26,x11	 x26:0x00000000 x11:0xf24b5688 x30=0x00000000
     439415.000 ns	     43940	80009430	28bf0cd3	fmin.s	f25,f30,f11	 f30:0x00000000 f11:0xffc00000 f25=0x00000000
     439445.000 ns	     43943	80009434	29a89e53	fmax.s	f28,f17,f26	 f17:0xc4dd2000 f26:0x80000000 f28=0x80000000
     439485.000 ns	     43947	80009438	186f76d3	fdiv.s	f13,f30,f6	 f30:0x00000000  f6:0x80000000 f13=0x7fc00000
     439515.000 ns	     43950	8000943c	02e6feb3	remu	x29,x13,x14	 x13:0x00000010 x14:0x00000000 x29=0x00000010
     439535.000 ns	     43952	80009440	00531813	slli	x16,x6,0x5	  x6:0x10000000 x16=0x00000000
     439545.000 ns	     43953	80009444	1d047e93	andi	x29,x8,464	  x8:0x00082048 x29=0x00000040
     439565.000 ns	     43955	80009448	02ee5833	divu	x16,x28,x14	 x28:0x80041024 x14:0x00000000 x16=0xffffffff
     439595.000 ns	     43958	8000944c	21058cd3	fsgnj.s	f25,f11,f16	 f11:0xffc00000 f16:0x00000000 f25=0x7fc00000
     439625.000 ns	     43961	80009450	29cc8553	fmin.s	f10,f25,f28	 f25:0x00000000 f28:0x80000000 f10=0x80000000
     439645.000 ns	     43963	80009454	4386af97	auipc	x31,0x4386a	 x31=0xc3873454
     439655.000 ns	     43964	80009458	40e3dcb3	sra	x25,x7,x14	  x7:0x00000000 x14:0x00000000 x25=0x00000000
     439665.000 ns	     43965	8000945c	00000013	addi	x0,x0,0	  x0:0x00000000
     439675.000 ns	     43966	80009460	86ac8193	addi	x3,x25,-1942	 x25:0x00000001  x3=0xfffff86a
     439685.000 ns	     43967	80009464	00cfc433	xor	x8,x31,x12	 x31:0xc3873454 x12:0x00000001  x8=0xc3873455
     439695.000 ns	     43968	80009468	41bfd8b3	sra	x17,x31,x27	 x31:0xc3873454 x27:0x00000000 x17=0xc3873454
     439725.000 ns	     43971	8000946c	10521e53	fmul.s	f28,f4,f5	  f4:0x3f800000  f5:0x3f800000 f28=0x3f800000
     439755.000 ns	     43974	80009470	a1579a53	flt.s	x20,f15,f21	 f15:0x80000000 f21:0x7fc00000 x20=0x00000000
     440125.000 ns	     44011	80009474	0332cc33	div	x24,x5,x19	  x5:0xffffffff x19:0xfffff859 x24=0x00000000
     440145.000 ns	     44013	80009478	004cb0b3	sltu	x1,x25,x4	 x25:0x00000000  x4:0x00082642  x1=0x00000001
     440165.000 ns	     44015	8000947c	d00f2d53	fcvt.s.w	f26,x30	 x30:0x00000000 f26=0x00000000
     440185.000 ns	     44017	80009480	00548633	add	x12,x9,x5	  x9:0x00000000  x5:0xffffffff x12=0xffffffff
     440205.000 ns	     44019	80009484	02e5a2b3	mulhsu	x5,x11,x14	 x11:0xf24b5688 x14:0x00000000  x5=0x00000000
     440225.000 ns	     44021	80009488	01193db3	sltu	x27,x18,x17	 x18:0xffffffff x17:0xc3873454 x27=0x00000000
     440235.000 ns	     44022	8000948c	a51f6513	ori	x10,x30,-1455	 x30:0x00000000 x10=0xfffffa51
     440245.000 ns	     44023	80009490	0a6d0613	addi	x12,x26,166	 x26:0x00000000 x12=0x000000a6
     440255.000 ns	     44024	80009494	9fdd4c93	xori	x25,x26,-1539	 x26:0x00000000 x25=0xfffff9fd
     440275.000 ns	     44026	80009498	290708d3	fmin.s	f17,f14,f16	 f14:0x00000000 f16:0x00000000 f17=0x00000000
     440295.000 ns	     44028	8000949c	f1dbe913	ori	x18,x23,-227	 x23:0xfffff984 x18=0xffffff9d
     440325.000 ns	     44031	800094a0	102177d3	fmul.s	f15,f2,f2	  f2:0x80000000  f2:0x80000000 f15=0x00000000
     440355.000 ns	     44034	800094a4	20421c53	fsgnjn.s	f24,f4,f4	  f4:0x3f800000  f4:0x3f800000 f24=0xbf800000
     440375.000 ns	     44036	800094a8	239e3513	sltiu	x10,x28,569	 x28:0x80041024 x10=0x00000000
     440415.000 ns	     44040	800094ac	08e1fa53	fsub.s	f20,f3,f14	  f3:0xf24b5688 f14:0x00000000 f20=0xf24b5688
     440785.000 ns	     44077	800094b0	02197533	remu	x10,x18,x1	 x18:0xffffff9d  x1:0x00000001 x10=0x00000000
     440815.000 ns	     44080	800094b4	a06502d3	fle.s	x5,f10,f6	 f10:0x80000000  f6:0x80000000  x5=0x00000001
     440835.000 ns	     44082	800094b8	f8990d37	lui	x26,0xf8990	 x26=0xf8990000
     440845.000 ns	     44083	800094bc	011cca33	xor	x20,x25,x17	 x25:0xfffff9fd x17:0xc3873454 x20=0x3c78cda9
     440865.000 ns	     44085	800094c0	28fe0953	fmin.s	f18,f28,f15	 f28:0x3f800000 f15:0x00000000 f18=0x00000000
     441235.000 ns	     44122	800094c4	039949b3	div	x19,x18,x25	 x18:0xffffff9d x25:0xfffff9fd x19=0x00000000
     441605.000 ns	     44159	800094c8	0242c8b3	div	x17,x5,x4	  x5:0x00000001  x4:0x00082642 x17=0x00000000
     441635.000 ns	     44162	800094cc	217f9ed3	fsgnjn.s	f29,f31,f23	 f31:0x00000000 f23:0x3f800000 f29=0x80000000
     441665.000 ns	     44165	800094d0	e0040353	fmv.x.w	x6,f8	  f8:0x00000000  x6=0x00000000
     441695.000 ns	     44168	800094d4	025bb933	mulhu	x18,x23,x5	 x23:0xfffff984  x5:0x00000001 x18=0x00000000
     442065.000 ns	     44205	800094d8	0379e8b3	rem	x17,x19,x23	 x19:0x00000000 x23:0xfffff984 x17=0x00000000
     442085.000 ns	     44207	800094dc	005f2b33	slt	x22,x30,x5	 x30:0x00000000  x5:0x00000001 x22=0x00000001
     442125.000 ns	     44211	800094e0	08578b53	fsub.s	f22,f15,f5	 f15:0x00000000  f5:0x3f800000 f22=0xbf800000
     442155.000 ns	     44214	800094e4	c018fed3	fcvt.wu.s	x29,f17	 f17:0x00000000 x29=0x00000000
     442175.000 ns	     44216	800094e8	01589d33	sll	x26,x17,x21	 x17:0x00000000 x21:0x00000001 x26=0x00000000
     442185.000 ns	     44217	800094ec	401d5d33	sra	x26,x26,x1	 x26:0xf8990000  x1:0x00000001 x26=0x00000000
     442215.000 ns	     44220	800094f0	580df5d3	fsqrt.s	f11,f27	 f27:0x00000000 f11=0x00000000
     442245.000 ns	     44223	800094f4	f0090353	fmv.w.x	f6,x18	 x18:0x00000000  f6=0x00000000
     442275.000 ns	     44226	800094f8	d01cf653	fcvt.s.wu	f12,x25	 x25:0xfffff9fd f12=0x4f7ffff9
     442295.000 ns	     44228	800094fc	014f41b3	xor	x3,x30,x20	 x30:0x00000000 x20:0x3c78cda9  x3=0x3c78cda9
     442305.000 ns	     44229	80009500	72427093	andi	x1,x4,1828	  x4:0x00082642  x1=0x00000600
     442325.000 ns	     44231	80009504	022f9333	mulh	x6,x31,x2	 x31:0xc3873454  x2:0x80040fe4  x6=0x1e3b7031
     442355.000 ns	     44234	80009508	29f49853	fmax.s	f16,f9,f31	  f9:0x80000000 f31:0x00000000 f16=0x00000000
     442385.000 ns	     44237	8000950c	037b3633	mulhu	x12,x22,x23	 x22:0x00000001 x23:0xfffff984 x12=0x00000000
     442405.000 ns	     44239	80009510	00b4f033	and	x0,x9,x11	  x9:0x00000000 x11:0xf24b5688
     442415.000 ns	     44240	80009514	00a93033	sltu	x0,x18,x10	 x18:0x00000000 x10:0x00000000
     442435.000 ns	     44242	80009518	a1229a53	flt.s	x20,f5,f18	  f5:0x3f800000 f18:0x00000000 x20=0x00000000
     442475.000 ns	     44246	8000951c	11d99853	fmul.s	f16,f19,f29	 f19:0x3f800000 f29:0x80000000 f16=0x80000000
     442495.000 ns	     44248	80009520	41b45333	sra	x6,x8,x27	  x8:0xc3873455 x27:0x00000000  x6=0xc3873455
     442515.000 ns	     44250	80009524	201528d3	fsgnjx.s	f17,f10,f1	 f10:0x80000000  f1:0xc4dd2000 f17=0x00000000
     442545.000 ns	     44253	80009528	02e29c33	mulh	x24,x5,x14	  x5:0x00000001 x14:0x00000000 x24=0x00000000
     442565.000 ns	     44255	8000952c	9e50e793	ori	x15,x1,-1563	  x1:0x00000600 x15=0xffffffe5
     442575.000 ns	     44256	80009530	00cce533	or	x10,x25,x12	 x25:0xfffff9fd x12:0x00000000 x10=0xfffff9fd
     442585.000 ns	     44257	80009534	01af9413	slli	x8,x31,0x1a	 x31:0xc3873454  x8=0x50000000
     442595.000 ns	     44258	80009538	a1dc7717	auipc	x14,0xa1dc7	 x14=0x21dd0538
     442615.000 ns	     44260	8000953c	211a19d3	fsgnjn.s	f19,f20,f17	 f20:0xf24b5688 f17:0x00000000 f19=0xf24b5688
     442635.000 ns	     44262	80009540	00000013	addi	x0,x0,0	  x0:0x00000000
     442645.000 ns	     44263	80009544	018cd893	srli	x17,x25,0x18	 x25:0xfffff9fd x17=0x000000ff
     442665.000 ns	     44265	80009548	02c3b6b3	mulhu	x13,x7,x12	  x7:0x00000000 x12:0x00000000 x13=0x00000000
     442695.000 ns	     44268	8000954c	a0fd86d3	fle.s	x13,f27,f15	 f27:0x00000000 f15:0x00000000 x13=0x00000001
     442725.000 ns	     44271	80009550	02727c33	remu	x24,x4,x7	  x4:0x00082642  x7:0x00000000 x24=0x00082642
     442775.000 ns	     44276	80009554	00ef7053	fadd.s	f0,f30,f14	 f30:0x00000000 f14:0x00000000  f0=0x00000000
     442805.000 ns	     44279	80009558	d01fc9d3	fcvt.s.wu	f19,x31	 x31:0xc3873454 f19=0x4f438734
     442835.000 ns	     44282	8000955c	a00f88d3	fle.s	x17,f31,f0	 f31:0x00000000  f0:0x00000000 x17=0x00000001
     442865.000 ns	     44285	80009560	29a213d3	fmax.s	f7,f4,f26	  f4:0x3f800000 f26:0x00000000  f7=0x3f800000
     442895.000 ns	     44288	80009564	a084a7d3	feq.s	x15,f9,f8	  f9:0x80000000  f8:0x00000000 x15=0x00000001
     442915.000 ns	     44290	80009568	0105bd33	sltu	x26,x11,x16	 x11:0xf24b5688 x16:0xffffffff x26=0x00000001
     442925.000 ns	     44291	8000956c	40bc0f33	sub	x30,x24,x11	 x24:0x00082642 x11:0xf24b5688 x30=0x0dbccfba
     442945.000 ns	     44293	80009570	e0070ad3	fmv.x.w	x21,f14	 f14:0x00000000 x21=0x00000000
     442965.000 ns	     44295	80009574	5360c813	xori	x16,x1,1334	  x1:0x00000600 x16=0x00000336
     442995.000 ns	     44298	80009578	18694853	fdiv.s	f16,f18,f6	 f18:0x00000000  f6:0x00000000 f16=0x7fc00000
     443025.000 ns	     44301	8000957c	215e2053	fsgnjx.s	f0,f28,f21	 f28:0x3f800000 f21:0x7fc00000  f0=0x3f800000
     443045.000 ns	     44303	80009580	005fb4b3	sltu	x9,x31,x5	 x31:0xc3873454  x5:0x00000001  x9=0x00000000
     443055.000 ns	     44304	80009584	003edf93	srli	x31,x29,0x3	 x29:0x00000000 x31=0x00000000
     443065.000 ns	     44305	80009588	000780b3	add	x1,x15,x0	 x15:0x00000001  x0:0x00000000  x1=0x00000001
     443085.000 ns	     44307	8000958c	e0029cd3	fclass.s	x25,f5	  f5:0x3f800000 x25=0x00000040
     443105.000 ns	     44309	80009590	0013d733	srl	x14,x7,x1	  x7:0x00000000  x1:0x00000600 x14=0x00000000
     443145.000 ns	     44313	80009594	0844cdd3	fsub.s	f27,f9,f4	  f9:0x80000000  f4:0x3f800000 f27=0xbf800000
     443175.000 ns	     44316	80009598	e00008d3	fmv.x.w	x17,f0	  f0:0x3f800000 x17=0x3f800000
     443205.000 ns	     44319	8000959c	03bfdf33	divu	x30,x31,x27	 x31:0x00000000 x27:0x00000000 x30=0xffffffff
     443245.000 ns	     44323	800095a0	107cbd53	fmul.s	f26,f25,f7	 f25:0x7fc00000  f7:0x3f800000 f26=0x7fc00000
     443265.000 ns	     44325	800095a4	00000013	addi	x0,x0,0	  x0:0x00000000
     443625.000 ns	     44361	800095a8	0363d1b3	divu	x3,x7,x22	  x7:0x00000000 x22:0x00000001  x3=0x00000000
     443655.000 ns	     44364	800095ac	20252853	fsgnjx.s	f16,f10,f2	 f10:0x80000000  f2:0x80000000 f16=0x00000000
     443675.000 ns	     44366	800095b0	41275993	srai	x19,x14,0x12	 x14:0x00000000 x19=0x00000000
     443715.000 ns	     44370	800095b4	09bafd53	fsub.s	f26,f21,f27	 f21:0x7fc00000 f27:0xbf800000 f26=0x7fc00000
     443745.000 ns	     44373	800095b8	a1578453	fle.s	x8,f15,f21	 f15:0x00000000 f21:0x7fc00000  x8=0x00000000
     443795.000 ns	     44378	800095bc	092ef353	fsub.s	f6,f29,f18	 f29:0x80000000 f18:0x00000000  f6=0x80000000
     443815.000 ns	     44380	800095c0	4051d0b3	sra	x1,x3,x5	  x3:0x00000000  x5:0x00000001  x1=0x00000000
     443835.000 ns	     44382	800095c4	e0061053	fclass.s	x0,f12	 f12:0x4f7ffff9
     443855.000 ns	     44384	800095c8	8b3c0893	addi	x17,x24,-1869	 x24:0x00082642 x17=0x00081ef5
     443875.000 ns	     44386	800095cc	0333efb3	rem	x31,x7,x19	  x7:0x00000000 x19:0x00000000 x31=0x00000000
     443895.000 ns	     44388	800095d0	8c1b2e93	slti	x29,x22,-1855	 x22:0x00000001 x29=0x00000000
     443915.000 ns	     44390	800095d4	03b26333	rem	x6,x4,x27	  x4:0x00082642 x27:0x00000000  x6=0x00082642
     443935.000 ns	     44392	800095d8	12afef13	ori	x30,x31,298	 x31:0x00000000 x30=0x0000012a
     443955.000 ns	     44394	800095dc	02c6d8b3	divu	x17,x13,x12	 x13:0x00000001 x12:0x00000000 x17=0xffffffff
     443985.000 ns	     44397	800095e0	c0120d53	fcvt.wu.s	x26,f4	  f4:0x3f800000 x26=0x00000001
     444005.000 ns	     44399	800095e4	00b304b3	add	x9,x6,x11	  x6:0x00082642 x11:0xf24b5688  x9=0xf2537cca
     444045.000 ns	     44403	800095e8	004cb1d3	fadd.s	f3,f25,f4	 f25:0x7fc00000  f4:0x3f800000  f3=0x7fc00000
     444065.000 ns	     44405	800095ec	008a01b3	add	x3,x20,x8	 x20:0x00000000  x8:0x00000000  x3=0x00000000
     444085.000 ns	     44407	800095f0	d0072053	fcvt.s.w	f0,x14	 x14:0x00000000  f0=0x00000000
     444125.000 ns	     44411	800095f4	5800f5d3	fsqrt.s	f11,f1	  f1:0xc4dd2000 f11=0x7fc00000
     444495.000 ns	     44448	800095f8	0363c9b3	div	x19,x7,x22	  x7:0x00000000 x22:0x00000001 x19=0x00000000
     444525.000 ns	     44451	800095fc	21ab0ed3	fsgnj.s	f29,f22,f26	 f22:0xbf800000 f26:0x7fc00000 f29=0x3f800000
     444555.000 ns	     44454	80009600	28780dd3	fmin.s	f27,f16,f7	 f16:0x00000000  f7:0x3f800000 f27=0x00000000
     444585.000 ns	     44457	80009604	a1a81ad3	flt.s	x21,f16,f26	 f16:0x00000000 f26:0x7fc00000 x21=0x00000000
     444615.000 ns	     44460	80009608	20aa98d3	fsgnjn.s	f17,f21,f10	 f21:0x7fc00000 f10:0x80000000 f17=0x7fc00000
     444645.000 ns	     44463	8000960c	29f88a53	fmin.s	f20,f17,f31	 f17:0x00000000 f31:0x00000000 f20=0x00000000
     444675.000 ns	     44466	80009610	0237c533	div	x10,x15,x3	 x15:0x00000001  x3:0x00000000 x10=0xffffffff
     444695.000 ns	     44468	80009614	002e5f93	srli	x31,x28,0x2	 x28:0x80041024 x31=0x20010409
     444715.000 ns	     44470	80009618	02c49333	mulh	x6,x9,x12	  x9:0xf2537cca x12:0x00000000  x6=0x00000000
     444735.000 ns	     44472	8000961c	0035d013	srli	x0,x11,0x3	 x11:0xf24b5688
     444775.000 ns	     44476	80009620	00ba08d3	fadd.s	f17,f20,f11	 f20:0x00000000 f11:0x7fc00000 f17=0x7fc00000
     444795.000 ns	     44478	80009624	00099f13	slli	x30,x19,0x0	 x19:0x00000000 x30=0x00000000
     444805.000 ns	     44479	80009628	41785a33	sra	x20,x16,x23	 x16:0x00000336 x23:0xfffff984 x20=0x00000033
     444815.000 ns	     44480	8000962c	0547f893	andi	x17,x15,84	 x15:0x00000001 x17=0x00000000
     444835.000 ns	     44482	80009630	025d0ab3	mul	x21,x26,x5	 x26:0x00000001  x5:0x00000001 x21=0x00000001
     444855.000 ns	     44484	80009634	a4ef6f93	ori	x31,x30,-1458	 x30:0x00000000 x31=0xfffffa4e
     444865.000 ns	     44485	80009638	819ae393	ori	x7,x21,-2023	 x21:0x00000001  x7=0xfffff819
     444875.000 ns	     44486	8000963c	d47af893	andi	x17,x21,-697	 x21:0x00000001 x17=0x00000001
     444895.000 ns	     44488	80009640	02efed33	rem	x26,x31,x14	 x31:0xfffffa4e x14:0x00000000 x26=0xfffffa4e
     444935.000 ns	     44492	80009644	580f1ed3	fsqrt.s	f29,f30	 f30:0x00000000 f29=0x00000000
     444965.000 ns	     44495	80009648	28f89bd3	fmax.s	f23,f17,f15	 f17:0x7fc00000 f15:0x00000000 f23=0x00000000
     445005.000 ns	     44499	8000964c	580915d3	fsqrt.s	f11,f18	 f18:0x00000000 f11=0x00000000
     445035.000 ns	     44502	80009650	c0152cd3	fcvt.wu.s	x25,f10	 f10:0x80000000 x25=0x00000000
     445075.000 ns	     44506	80009654	11b79053	fmul.s	f0,f15,f27	 f15:0x00000000 f27:0x00000000  f0=0x00000000
     445095.000 ns	     44508	80009658	0148ebb3	or	x23,x17,x20	 x17:0x00000001 x20:0x00000033 x23=0x00000033
     445105.000 ns	     44509	8000965c	019a03b3	add	x7,x20,x25	 x20:0x00000033 x25:0x00000000  x7=0x00000033
     445115.000 ns	     44510	80009660	01dd8433	add	x8,x27,x29	 x27:0x00000000 x29:0x00000000  x8=0x00000000
     445125.000 ns	     44511	80009664	ece88813	addi	x16,x17,-306	 x17:0x00000001 x16=0xfffffecf
     445145.000 ns	     44513	80009668	285d16d3	fmax.s	f13,f26,f5	 f26:0x7fc00000  f5:0x3f800000 f13=0x3f800000
     445165.000 ns	     44515	8000966c	00bc07b3	add	x15,x24,x11	 x24:0x00082642 x11:0xf24b5688 x15=0xf2537cca
     445175.000 ns	     44516	80009670	f972eb13	ori	x22,x5,-105	  x5:0x00000001 x22=0xffffff97
     445195.000 ns	     44518	80009674	d004f9d3	fcvt.s.w	f19,x9	  x9:0xf2537cca f19=0xcd5ac833
     445215.000 ns	     44520	80009678	1ff04813	xori	x16,x0,511	  x0:0x00000000 x16=0x000001ff
     445235.000 ns	     44522	8000967c	d01d4853	fcvt.s.wu	f16,x26	 x26:0xfffffa4e f16=0x4f7ffffa
     445255.000 ns	     44524	80009680	01e993b3	sll	x7,x19,x30	 x19:0x00000000 x30:0x00000000  x7=0x00000000
     445275.000 ns	     44526	80009684	03365333	divu	x6,x12,x19	 x12:0x00000000 x19:0x00000000  x6=0xffffffff
     445305.000 ns	     44529	80009688	210d8dd3	fsgnj.s	f27,f27,f16	 f27:0x00000000 f16:0x4f7ffffa f27=0x00000000
     445335.000 ns	     44532	8000968c	280e0953	fmin.s	f18,f28,f0	 f28:0x3f800000  f0:0x00000000 f18=0x00000000
     445365.000 ns	     44535	80009690	f00e8153	fmv.w.x	f2,x29	 x29:0x00000000  f2=0x00000000
     445395.000 ns	     44538	80009694	20cea353	fsgnjx.s	f6,f29,f12	 f29:0x00000000 f12:0x4f7ffff9  f6=0x00000000
     445425.000 ns	     44541	80009698	02c6d0b3	divu	x1,x13,x12	 x13:0x00000001 x12:0x00000000  x1=0xffffffff
     445445.000 ns	     44543	8000969c	00000013	addi	x0,x0,0	  x0:0x00000000
     445455.000 ns	     44544	800096a0	01294333	xor	x6,x18,x18	 x18:0x00000000 x18:0x00000000  x6=0x00000000
     445475.000 ns	     44546	800096a4	02602233	mulhsu	x4,x0,x6	  x0:0x00000000  x6:0xffffffff  x4=0x00000000
     445505.000 ns	     44549	800096a8	29321153	fmax.s	f2,f4,f19	  f4:0x3f800000 f19:0xcd5ac833  f2=0x3f800000
     445555.000 ns	     44554	800096ac	002dfad3	fadd.s	f21,f27,f2	 f27:0x00000000  f2:0x00000000 f21=0x3f800000
     445575.000 ns	     44556	800096b0	01153b33	sltu	x22,x10,x17	 x10:0xffffffff x17:0x00000001 x22=0x00000000
     445585.000 ns	     44557	800096b4	01fa9ab3	sll	x21,x21,x31	 x21:0x00000001 x31:0xfffffa4e x21=0x00004000
     445605.000 ns	     44559	800096b8	033b7cb3	remu	x25,x22,x19	 x22:0xffffff97 x19:0x00000000 x25=0x00000000
     445635.000 ns	     44562	800096bc	f0058a53	fmv.w.x	f20,x11	 x11:0xf24b5688 f20=0xf24b5688
     445655.000 ns	     44564	800096c0	01cf1bb3	sll	x23,x30,x28	 x30:0x00000000 x28:0x80041024 x23=0x00000000
     445665.000 ns	     44565	800096c4	00b53fb3	sltu	x31,x10,x11	 x10:0xffffffff x11:0xf24b5688 x31=0x00000000
     445685.000 ns	     44567	800096c8	03cf0cb3	mul	x25,x30,x28	 x30:0x00000000 x28:0x80041024 x25=0x00000000
     445705.000 ns	     44569	800096cc	0036ed33	or	x26,x13,x3	 x13:0x00000001  x3:0x00000000 x26=0x00000001
     445725.000 ns	     44571	800096d0	c0179f53	fcvt.wu.s	x30,f15	 f15:0x00000000 x30=0x00000000
     445745.000 ns	     44573	800096d4	d1cae017	auipc	x0,0xd1cae	
     445765.000 ns	     44575	800096d8	0375f433	remu	x8,x11,x23	 x11:0xf24b5688 x23:0x00000000  x8=0xf24b5688
     445795.000 ns	     44578	800096dc	d0194dd3	fcvt.s.wu	f27,x18	 x18:0x00000000 f27=0x00000000
     445815.000 ns	     44580	800096e0	00031ab3	sll	x21,x6,x0	  x6:0x00000000  x0:0x00000000 x21=0x00000000
     445835.000 ns	     44582	800096e4	21732d53	fsgnjx.s	f26,f6,f23	  f6:0x00000000 f23:0x00000000 f26=0x00000000
     445865.000 ns	     44585	800096e8	033cb633	mulhu	x12,x25,x19	 x25:0x00000000 x19:0x00000000 x12=0x00000000
     445885.000 ns	     44587	800096ec	0017fd33	and	x26,x15,x1	 x15:0xf2537cca  x1:0xffffffff x26=0xf2537cca
     445905.000 ns	     44589	800096f0	20bca1d3	fsgnjx.s	f3,f25,f11	 f25:0x7fc00000 f11:0x00000000  f3=0x7fc00000
     445935.000 ns	     44592	800096f4	c00afdd3	fcvt.w.s	x27,f21	 f21:0x3f800000 x27=0x00000001
     445965.000 ns	     44595	800096f8	a1460853	fle.s	x16,f12,f20	 f12:0x4f7ffff9 f20:0xf24b5688 x16=0x00000000
     445985.000 ns	     44597	800096fc	404ad3b3	sra	x7,x21,x4	 x21:0x00000000  x4:0x00000000  x7=0x00000000
     445995.000 ns	     44598	80009700	00000013	addi	x0,x0,0	  x0:0x00000000
     447165.000 ns	     44715	80009704	5803f0d3	fsqrt.s	f1,f7	  f7:0x3f800000  f1=0x3f7fffae
     447215.000 ns	     44720	80009708	080d73d3	fsub.s	f7,f26,f0	 f26:0x00000000  f0:0x00000000  f7=0x80000000
     447245.000 ns	     44723	8000970c	a04b92d3	flt.s	x5,f23,f4	 f23:0x00000000  f4:0x3f800000  x5=0x00000001
     447275.000 ns	     44726	80009710	209c9f53	fsgnjn.s	f30,f25,f9	 f25:0x7fc00000  f9:0x80000000 f30=0x7fc00000
     447295.000 ns	     44728	80009714	dd823337	lui	x6,0xdd823	  x6=0xdd823000
     447315.000 ns	     44730	80009718	0246fbb3	remu	x23,x13,x4	 x13:0x00000001  x4:0x00000000 x23=0x00000001
     447335.000 ns	     44732	8000971c	c7ece313	ori	x6,x25,-898	 x25:0x00000000  x6=0xfffffc7e
     447345.000 ns	     44733	80009720	01d83833	sltu	x16,x16,x29	 x16:0x00000000 x29:0x00000000 x16=0x00000000
     447355.000 ns	     44734	80009724	01187f33	and	x30,x16,x17	 x16:0x00000000 x17:0x00000001 x30=0x00000000
     447375.000 ns	     44736	80009728	02742fb3	mulhsu	x31,x8,x7	  x8:0xf24b5688  x7:0x00000000 x31=0x00000000
     447405.000 ns	     44739	8000972c	03f45b33	divu	x22,x8,x31	  x8:0xf24b5688 x31:0x00000000 x22=0xffffffff
     447435.000 ns	     44742	80009730	e00383d3	fmv.x.w	x7,f7	  f7:0x80000000  x7=0x80000000
     447455.000 ns	     44744	80009734	40020fb3	sub	x31,x4,x0	  x4:0x00000000  x0:0x00000000 x31=0x00000000
     447495.000 ns	     44748	80009738	00fe7e53	fadd.s	f28,f28,f15	 f28:0x3f800000 f15:0x00000000 f28=0x3f800000
     448675.000 ns	     44866	8000973c	580e7e53	fsqrt.s	f28,f28	 f28:0x3f800000 f28=0x3f7fffae
     448705.000 ns	     44869	80009740	d01cf1d3	fcvt.s.wu	f3,x25	 x25:0x00000000  f3=0x00000000
     448735.000 ns	     44872	80009744	033b9d33	mulh	x26,x23,x19	 x23:0x00000001 x19:0x00000000 x26=0x00000000
     448755.000 ns	     44874	80009748	00000013	addi	x0,x0,0	  x0:0x00000000
     448775.000 ns	     44876	8000974c	021e9b33	mulh	x22,x29,x1	 x29:0x00000000  x1:0xffffffff x22=0x00000000
     448815.000 ns	     44880	80009750	18e835d3	fdiv.s	f11,f16,f14	 f16:0x4f7ffffa f14:0x00000000 f11=0x7f800000
     448845.000 ns	     44883	80009754	f00e0dd3	fmv.w.x	f27,x28	 x28:0x80041024 f27=0x80041024
     448865.000 ns	     44885	80009758	9561ea93	ori	x21,x3,-1706	  x3:0x00000000 x21=0xfffff956
     448885.000 ns	     44887	8000975c	a10c0d53	fle.s	x26,f24,f16	 f24:0xbf800000 f16:0x4f7ffffa x26=0x00000001
     448905.000 ns	     44889	80009760	81bc8893	addi	x17,x25,-2021	 x25:0x00000000 x17=0xfffff81b
     448925.000 ns	     44891	80009764	210c0453	fsgnj.s	f8,f24,f16	 f24:0xbf800000 f16:0x4f7ffffa  f8=0x3f800000
     448945.000 ns	     44893	80009768	89e93b13	sltiu	x22,x18,-1890	 x18:0x00000000 x22=0x00000001
     448955.000 ns	     44894	8000976c	53ed8693	addi	x13,x27,1342	 x27:0x00000001 x13=0x0000053f
     448965.000 ns	     44895	80009770	e7f42413	slti	x8,x8,-385	  x8:0xf24b5688  x8=0x00000001
     448985.000 ns	     44897	80009774	e0021953	fclass.s	x18,f4	  f4:0x3f800000 x18=0x00000040
     449005.000 ns	     44899	80009778	01b92433	slt	x8,x18,x27	 x18:0x00000000 x27:0x00000001  x8=0x00000000
     449025.000 ns	     44901	8000977c	d013b053	fcvt.s.wu	f0,x7	  x7:0x80000000  f0=0x4f000000
     449045.000 ns	     44903	80009780	005b9bb3	sll	x23,x23,x5	 x23:0x00000001  x5:0x00000001 x23=0x00000002
     449065.000 ns	     44905	80009784	f0090d53	fmv.w.x	f26,x18	 x18:0x00000040 f26=0x00000040
     449095.000 ns	     44908	80009788	c01500d3	fcvt.wu.s	x1,f10	 f10:0x80000000  x1=0x00000000
     449465.000 ns	     44945	8000978c	02247eb3	remu	x29,x8,x2	  x8:0x00000000  x2:0x80040fe4 x29=0x00000000
     449835.000 ns	     44982	80009790	0354f6b3	remu	x13,x9,x21	  x9:0xf2537cca x21:0xfffff956 x13=0xf2537cca
     449885.000 ns	     44987	80009794	09898153	fsub.s	f2,f19,f24	 f19:0xcd5ac833 f24:0xbf800000  f2=0xcd5ac833
     449915.000 ns	     44990	80009798	d01e1153	fcvt.s.wu	f2,x28	 x28:0x80041024  f2=0x4f000410
     449945.000 ns	     44993	8000979c	03630eb3	mul	x29,x6,x22	  x6:0xfffffc7e x22:0x00000001 x29=0xfffffc7e
     449975.000 ns	     44996	800097a0	03313db3	mulhu	x27,x2,x19	  x2:0x80040fe4 x19:0x00000000 x27=0x00000000
     450005.000 ns	     44999	800097a4	208986d3	fsgnj.s	f13,f19,f8	 f19:0xcd5ac833  f8:0x3f800000 f13=0x4d5ac833
     450025.000 ns	     45001	800097a8	69bd4c13	xori	x24,x26,1691	 x26:0x00000001 x24=0x0000069a
     450035.000 ns	     45002	800097ac	01a5c0b3	xor	x1,x11,x26	 x11:0xf24b5688 x26:0x00000001  x1=0xf24b5689
     450055.000 ns	     45004	800097b0	d0057fd3	fcvt.s.w	f31,x10	 x10:0xffffffff f31=0xbf800000
     450095.000 ns	     45008	800097b4	107ef853	fmul.s	f16,f29,f7	 f29:0x00000000  f7:0x80000000 f16=0x80000000
     450115.000 ns	     45010	800097b8	01541833	sll	x16,x8,x21	  x8:0x00000000 x21:0xfffff956 x16=0x00000000
     450125.000 ns	     45011	800097bc	01d24c33	xor	x24,x4,x29	  x4:0x00000000 x29:0xfffffc7e x24=0xfffffc7e
     450145.000 ns	     45013	800097c0	a00a0953	fle.s	x18,f20,f0	 f20:0xf24b5688  f0:0x4f000000 x18=0x00000001
     450175.000 ns	     45016	800097c4	c0017553	fcvt.w.s	x10,f2	  f2:0x4f000410 x10=0x7fffffff
     450195.000 ns	     45018	800097c8	01cc56b3	srl	x13,x24,x28	 x24:0xfffffc7e x28:0x80041024 x13=0x0fffffc7
     450205.000 ns	     45019	800097cc	4167d433	sra	x8,x15,x22	 x15:0xf2537cca x22:0x00000001  x8=0xf929be65
     450215.000 ns	     45020	800097d0	41215f13	srai	x30,x2,0x12	  x2:0x80040fe4 x30=0xffffe001
     450225.000 ns	     45021	800097d4	c90ccb93	xori	x23,x25,-880	 x25:0x00000000 x23=0xfffffc90
     450255.000 ns	     45024	800097d8	11af7f53	fmul.s	f30,f30,f26	 f30:0x7fc00000 f26:0x00000040 f30=0x7fc00000
     450275.000 ns	     45026	800097dc	01905833	srl	x16,x0,x25	  x0:0x00000000 x25:0x00000000 x16=0x00000000
     450285.000 ns	     45027	800097e0	00026a33	or	x20,x4,x0	  x4:0x00000000  x0:0x00000000 x20=0x00000000
     450305.000 ns	     45029	800097e4	02c01d33	mulh	x26,x0,x12	  x0:0x00000000 x12:0x00000000 x26=0x00000000
     450335.000 ns	     45032	800097e8	211523d3	fsgnjx.s	f7,f10,f17	 f10:0x80000000 f17:0x7fc00000  f7=0x80000000
     450365.000 ns	     45035	800097ec	03a0c6b3	div	x13,x1,x26	  x1:0xf24b5689 x26:0x00000000 x13=0xffffffff
     450395.000 ns	     45038	800097f0	28158c53	fmin.s	f24,f11,f1	 f11:0x7f800000  f1:0x3f7fffae f24=0x3f7fffae
     450425.000 ns	     45041	800097f4	21e98ad3	fsgnj.s	f21,f19,f30	 f19:0xcd5ac833 f30:0x7fc00000 f21=0x4d5ac833
     450445.000 ns	     45043	800097f8	cab3eab7	lui	x21,0xcab3e	 x21=0xcab3e000
     450805.000 ns	     45079	800097fc	032cf333	remu	x6,x25,x18	 x25:0x00000000 x18:0x00000001  x6=0x00000000
     450835.000 ns	     45082	80009800	023921b3	mulhsu	x3,x18,x3	 x18:0x00000001  x3:0x00000000  x3=0x00000000
     450855.000 ns	     45084	80009804	41e18c33	sub	x24,x3,x30	  x3:0x00000000 x30:0xffffe001 x24=0x00001fff
     450865.000 ns	     45085	80009808	c09ffa97	auipc	x21,0xc09ff	 x21=0x40a08808
     450885.000 ns	     45087	8000980c	033870b3	remu	x1,x16,x19	 x16:0x00000000 x19:0x00000000  x1=0x00000000
     450915.000 ns	     45090	80009810	a08823d3	feq.s	x7,f16,f8	 f16:0x80000000  f8:0x3f800000  x7=0x00000000
     450935.000 ns	     45092	80009814	00000013	addi	x0,x0,0	  x0:0x00000000
     450955.000 ns	     45094	80009818	e0091d53	fclass.s	x26,f18	 f18:0x00000000 x26=0x00000010
     450975.000 ns	     45096	8000981c	0168beb3	sltu	x29,x17,x22	 x17:0xfffff81b x22:0x00000001 x29=0x00000000
     451005.000 ns	     45099	80009820	1857f753	fdiv.s	f14,f15,f5	 f15:0x00000000  f5:0x3f800000 f14=0x00000000
     451025.000 ns	     45101	80009824	4086dd33	sra	x26,x13,x8	 x13:0xffffffff  x8:0xf929be65 x26=0xffffffff
     451035.000 ns	     45102	80009828	402157b3	sra	x15,x2,x2	  x2:0x80040fe4  x2:0x80040fe4 x15=0xf80040fe
     451045.000 ns	     45103	8000982c	01c49fb3	sll	x31,x9,x28	  x9:0xf2537cca x28:0x80041024 x31=0x2537cca0
     451405.000 ns	     45139	80009830	02f44fb3	div	x31,x8,x15	  x8:0xf929be65 x15:0xf2537cca x31=0x00000000
     451435.000 ns	     45142	80009834	028e1fb3	mulh	x31,x28,x8	 x28:0x80041024  x8:0xf929be65 x31=0x036b0506
     451465.000 ns	     45145	80009838	e0089d53	fclass.s	x26,f17	 f17:0x7fc00000 x26=0x00000200
     451495.000 ns	     45148	8000983c	d0138c53	fcvt.s.wu	f24,x7	  x7:0x00000000 f24=0x00000000
     451535.000 ns	     45152	80009840	1119bdd3	fmul.s	f27,f19,f17	 f19:0xcd5ac833 f17:0x7fc00000 f27=0x7fc00000
     451565.000 ns	     45155	80009844	02060933	mul	x18,x12,x0	 x12:0x00000000  x0:0x00000000 x18=0x00000000
     451585.000 ns	     45157	80009848	0018c433	xor	x8,x17,x1	 x17:0xfffff81b  x1:0x00000000  x8=0xfffff81b
     451595.000 ns	     45158	8000984c	00a31893	slli	x17,x6,0xa	  x6:0x00000000 x17=0x00000000
     451615.000 ns	     45160	80009850	28e108d3	fmin.s	f17,f2,f14	  f2:0x4f000410 f14:0x00000000 f17=0x00000000
     451655.000 ns	     45164	80009854	10648fd3	fmul.s	f31,f9,f6	  f9:0x80000000  f6:0x00000000 f31=0x80000000
     451675.000 ns	     45166	80009858	e68944b7	lui	x9,0xe6894	  x9=0xe6894000
     451695.000 ns	     45168	8000985c	03be8db3	mul	x27,x29,x27	 x29:0x00000000 x27:0x00000000 x27=0x00000000
     451725.000 ns	     45171	80009860	e00f0d53	fmv.x.w	x26,f30	 f30:0x7fc00000 x26=0x7fc00000
     451745.000 ns	     45173	80009864	00425893	srli	x17,x4,0x4	  x4:0x00000000 x17=0x00000000
     451755.000 ns	     45174	80009868	41a058b3	sra	x17,x0,x26	  x0:0x00000000 x26:0x7fc00000 x17=0x00000000
     451775.000 ns	     45176	8000986c	c00b7953	fcvt.w.s	x18,f22	 f22:0xbf800000 x18=0x00000001
     451795.000 ns	     45178	80009870	1d5eaf13	slti	x30,x29,469	 x29:0x00000000 x30=0x00000001
     451805.000 ns	     45179	80009874	41bb0233	sub	x4,x22,x27	 x22:0x00000001 x27:0x00000000  x4=0x00000001
     451825.000 ns	     45181	80009878	03f18b33	mul	x22,x3,x31	  x3:0x00000000 x31:0x036b0506 x22=0x00000000
     451845.000 ns	     45183	8000987c	01339233	sll	x4,x7,x19	  x7:0x00000000 x19:0x00000000  x4=0x00000000
     451855.000 ns	     45184	80009880	342e0c17	auipc	x24,0x342e0	 x24=0xb42e9880
     451875.000 ns	     45186	80009884	200906d3	fsgnj.s	f13,f18,f0	 f18:0x00000000  f0:0x4f000000 f13=0x00000000
     451905.000 ns	     45189	80009888	d0129053	fcvt.s.wu	f0,x5	  x5:0x00000001  f0=0x3f800000
     451935.000 ns	     45192	8000988c	d018fbd3	fcvt.s.wu	f23,x17	 x17:0x00000000 f23=0x00000000
     451985.000 ns	     45197	80009890	0982b6d3	fsub.s	f13,f5,f24	  f5:0x3f800000 f24:0x00000000 f13=0x3f800000
     452015.000 ns	     45200	80009894	03529233	mulh	x4,x5,x21	  x5:0x00000001 x21:0x40a08808  x4=0x00000000
     452045.000 ns	     45203	80009898	c00f7753	fcvt.w.s	x14,f30	 f30:0x7fc00000 x14=0x7fffffff
     452065.000 ns	     45205	8000989c	d07badb7	lui	x27,0xd07ba	 x27=0xd07ba000
     452085.000 ns	     45207	800098a0	a1760853	fle.s	x16,f12,f23	 f12:0x4f7ffff9 f23:0x00000000 x16=0x00000000
     452105.000 ns	     45209	800098a4	4e8d0413	addi	x8,x26,1256	 x26:0x7fc00000  x8=0x7fc004e8
     452125.000 ns	     45211	800098a8	02d20733	mul	x14,x4,x13	  x4:0x00000000 x13:0xffffffff x14=0x00000000
     452155.000 ns	     45214	800098ac	022f10b3	mulh	x1,x30,x2	 x30:0x00000001  x2:0x80040fe4  x1=0xffffffff
     452175.000 ns	     45216	800098b0	64dcf193	andi	x3,x25,1613	 x25:0x00000000  x3=0x00000000
     452185.000 ns	     45217	800098b4	0018c8b3	xor	x17,x17,x1	 x17:0x00000000  x1:0xffffffff x17=0xffffffff
     452205.000 ns	     45219	800098b8	e00d01d3	fmv.x.w	x3,f26	 f26:0x00000040  x3=0x00000040
     452235.000 ns	     45222	800098bc	0208ea33	rem	x20,x17,x0	 x17:0x00000000  x0:0x00000000 x20=0xffffffff
     452255.000 ns	     45224	800098c0	6cb6c4b7	lui	x9,0x6cb6c	  x9=0x6cb6c000
     452295.000 ns	     45228	800098c4	09b338d3	fsub.s	f17,f6,f27	  f6:0x00000000 f27:0x7fc00000 f17=0x7fc00000
     452325.000 ns	     45231	800098c8	28cb91d3	fmax.s	f3,f23,f12	 f23:0x00000000 f12:0x4f7ffff9  f3=0x4f7ffff9
     452355.000 ns	     45234	800098cc	e00f0b53	fmv.x.w	x22,f30	 f30:0x7fc00000 x22=0x7fc00000
     452395.000 ns	     45238	800098d0	19d2f653	fdiv.s	f12,f5,f29	  f5:0x3f800000 f29:0x00000000 f12=0x7f800000
     452765.000 ns	     45275	800098d4	03404733	div	x14,x0,x20	  x0:0x00000000 x20:0xffffffff x14=0x00000000
     452785.000 ns	     45277	800098d8	00ad29b3	slt	x19,x26,x10	 x26:0x7fc00000 x10:0x7fffffff x19=0x00000001
     452795.000 ns	     45278	800098dc	01f29d93	slli	x27,x5,0x1f	  x5:0x00000001 x27=0x80000000
     452805.000 ns	     45279	800098e0	0196a433	slt	x8,x13,x25	 x13:0xffffffff x25:0x00000000  x8=0x00000001
     452835.000 ns	     45282	800098e4	10e035d3	fmul.s	f11,f0,f14	  f0:0x3f800000 f14:0x00000000 f11=0x00000000
     452875.000 ns	     45286	800098e8	19ec4f53	fdiv.s	f30,f24,f30	 f24:0x00000000 f30:0x7fc00000 f30=0x7fc00000
     452905.000 ns	     45289	800098ec	a1bb96d3	flt.s	x13,f23,f27	 f23:0x00000000 f27:0x7fc00000 x13=0x00000000
     452935.000 ns	     45292	800098f0	e00b8f53	fmv.x.w	x30,f23	 f23:0x00000000 x30=0x00000000
     452965.000 ns	     45295	800098f4	d00bf2d3	fcvt.s.w	f5,x23	 x23:0xfffffc90  f5=0xc45c0000
     452985.000 ns	     45297	800098f8	b8d3c513	xori	x10,x7,-1139	  x7:0x00000000 x10=0xfffffb8d
     452995.000 ns	     45298	800098fc	00000013	addi	x0,x0,0	  x0:0x00000000
     453015.000 ns	     45300	80009900	03dd1633	mulh	x12,x26,x29	 x26:0x7fc00000 x29:0x00000000 x12=0x00000000
     453065.000 ns	     45305	80009904	015df853	fadd.s	f16,f27,f21	 f27:0x7fc00000 f21:0x4d5ac833 f16=0x7fc00000
     453085.000 ns	     45307	80009908	00e85513	srli	x10,x16,0xe	 x16:0x00000000 x10=0x00000000
     453095.000 ns	     45308	8000990c	00000013	addi	x0,x0,0	  x0:0x00000000
     453115.000 ns	     45310	80009910	0265aa33	mulhsu	x20,x11,x6	 x11:0xf24b5688  x6:0x00000000 x20=0x00000000
     453165.000 ns	     45315	80009914	004b0fd3	fadd.s	f31,f22,f4	 f22:0xbf800000  f4:0x3f800000 f31=0x00000000
     453185.000 ns	     45317	80009918	0fc1af13	slti	x30,x3,252	  x3:0x00000040 x30=0x00000001
     453205.000 ns	     45319	8000991c	21da15d3	fsgnjn.s	f11,f20,f29	 f20:0xf24b5688 f29:0x00000000 f11=0xf24b5688
     453235.000 ns	     45322	80009920	20362b53	fsgnjx.s	f22,f12,f3	 f12:0x7f800000  f3:0x4f7ffff9 f22=0x7f800000
     453285.000 ns	     45327	80009924	08c17c53	fsub.s	f24,f2,f12	  f2:0x4f000410 f12:0x7f800000 f24=0xff800000
     453315.000 ns	     45330	80009928	03393db3	mulhu	x27,x18,x19	 x18:0x00000001 x19:0x00000001 x27=0x00000000
     453335.000 ns	     45332	8000992c	30dfe713	ori	x14,x31,781	 x31:0x036b0506 x14=0x036b070f
     453355.000 ns	     45334	80009930	03641233	mulh	x4,x8,x22	  x8:0x00000001 x22:0x7fc00000  x4=0x00000000
     453385.000 ns	     45337	80009934	c0152dd3	fcvt.wu.s	x27,f10	 f10:0x80000000 x27=0x00000000
     453415.000 ns	     45340	80009938	a05399d3	flt.s	x19,f7,f5	  f7:0x80000000  f5:0xc45c0000 x19=0x00000000
     453465.000 ns	     45345	8000993c	018a86d3	fadd.s	f13,f21,f24	 f21:0x4d5ac833 f24:0xff800000 f13=0xff800000
     453495.000 ns	     45348	80009940	03b199b3	mulh	x19,x3,x27	  x3:0x00000040 x27:0x00000000 x19=0x00000000
     454675.000 ns	     45466	80009944	580238d3	fsqrt.s	f17,f4	  f4:0x3f800000 f17=0x3f7fffae
     454695.000 ns	     45468	80009948	00aa5513	srli	x10,x20,0xa	 x20:0x00000000 x10=0x00000000
     455055.000 ns	     45504	8000994c	036773b3	remu	x7,x14,x22	 x14:0x036b070f x22:0x7fc00000  x7=0x036b070f
     455085.000 ns	     45507	80009950	e00d1dd3	fclass.s	x27,f26	 f26:0x00000040 x27=0x00000020
     455105.000 ns	     45509	80009954	00ef0833	add	x16,x30,x14	 x30:0x00000001 x14:0x036b070f x16=0x036b0710
     455125.000 ns	     45511	80009958	c01072d3	fcvt.wu.s	x5,f0	  f0:0x3f800000  x5=0x00000001
     455155.000 ns	     45514	8000995c	0348e533	rem	x10,x17,x20	 x17:0xffffffff x20:0x00000000 x10=0xffffffff
     455185.000 ns	     45517	80009960	0370b7b3	mulhu	x15,x1,x23	  x1:0xffffffff x23:0xfffffc90 x15=0xfffffc8f
     455205.000 ns	     45519	80009964	0177c3b3	xor	x7,x15,x23	 x15:0xf80040fe x23:0xfffffc90  x7=0x0000001f
     455215.000 ns	     45520	80009968	0107bbb3	sltu	x23,x15,x16	 x15:0xfffffc8f x16:0x036b0710 x23=0x00000000
     455235.000 ns	     45522	8000996c	a088a2d3	feq.s	x5,f17,f8	 f17:0x3f7fffae  f8:0x3f800000  x5=0x00000000
     455255.000 ns	     45524	80009970	f0856e93	ori	x29,x10,-248	 x10:0xffffffff x29=0xffffffff
     455275.000 ns	     45526	80009974	d00a88d3	fcvt.s.w	f17,x21	 x21:0x40a08808 f17=0x4e814110
     455295.000 ns	     45528	80009978	00b8ccb3	xor	x25,x17,x11	 x17:0xffffffff x11:0xf24b5688 x25=0x0db4a977
     455305.000 ns	     45529	8000997c	0009b833	sltu	x16,x19,x0	 x19:0x00000000  x0:0x00000000 x16=0x00000000
     455315.000 ns	     45530	80009980	00699233	sll	x4,x19,x6	 x19:0x00000000  x6:0x00000000  x4=0x00000000
     455325.000 ns	     45531	80009984	0185fdb3	and	x27,x11,x24	 x11:0xf24b5688 x24:0xb42e9880 x27=0xb00a1080
     455345.000 ns	     45533	80009988	a0e99353	flt.s	x6,f19,f14	 f19:0xcd5ac833 f14:0x00000000  x6=0x00000001
     455375.000 ns	     45536	8000998c	03b19fb3	mulh	x31,x3,x27	  x3:0x00000040 x27:0x00000020 x31=0xffffffec
     455745.000 ns	     45573	80009990	0350cdb3	div	x27,x1,x21	  x1:0xffffffff x21:0x40a08808 x27=0x00000000
     455765.000 ns	     45575	80009994	419b5bb3	sra	x23,x22,x25	 x22:0x7fc00000 x25:0x0db4a977 x23=0x000000ff
     455775.000 ns	     45576	80009998	41955b93	srai	x23,x10,0x19	 x10:0xffffffff x23=0xffffffff
     455795.000 ns	     45578	8000999c	21320e53	fsgnj.s	f28,f4,f19	  f4:0x3f800000 f19:0xcd5ac833 f28=0xbf800000
     455825.000 ns	     45581	800099a0	03c782b3	mul	x5,x15,x28	 x15:0xfffffc8f x28:0x80041024  x5=0x7204741c
     455845.000 ns	     45583	800099a4	01f60333	add	x6,x12,x31	 x12:0x00000000 x31:0xffffffec  x6=0xffffffec
     455865.000 ns	     45585	800099a8	20e1add3	fsgnjx.s	f27,f3,f14	  f3:0x4f7ffff9 f14:0x00000000 f27=0x4f7ffff9
     456235.000 ns	     45622	800099ac	03205633	divu	x12,x0,x18	  x0:0x00000000 x18:0x00000001 x12=0x00000000
     456255.000 ns	     45624	800099b0	00bfd6b3	srl	x13,x31,x11	 x31:0xffffffec x11:0xf24b5688 x13=0x00ffffff
     456265.000 ns	     45625	800099b4	41c3dc13	srai	x24,x7,0x1c	  x7:0x0000001f x24=0x00000000
     456285.000 ns	     45627	800099b8	d0158953	fcvt.s.wu	f18,x11	 x11:0xf24b5688 f18=0x4f724b57
     456315.000 ns	     45630	800099bc	d005f0d3	fcvt.s.w	f1,x11	 x11:0xf24b5688  f1=0xcd5b4a97
     456365.000 ns	     45635	800099c0	0106f053	fadd.s	f0,f13,f16	 f13:0xff800000 f16:0x7fc00000  f0=0x7fc00000
     456735.000 ns	     45672	800099c4	03906733	rem	x14,x0,x25	  x0:0x00000000 x25:0x0db4a977 x14=0x00000000
     456765.000 ns	     45675	800099c8	a1b110d3	flt.s	x1,f2,f27	  f2:0x4f000410 f27:0x4f7ffff9  x1=0x00000001
     456785.000 ns	     45677	800099cc	409583b3	sub	x7,x11,x9	 x11:0xf24b5688  x9:0x6cb6c000  x7=0x85949688
     456815.000 ns	     45680	800099d0	18d97853	fdiv.s	f16,f18,f13	 f18:0x4f724b57 f13:0xff800000 f16=0x80000000
     456845.000 ns	     45683	800099d4	03d69433	mulh	x8,x13,x29	 x13:0x00ffffff x29:0xffffffff  x8=0xffffffff
     456875.000 ns	     45686	800099d8	e0098bd3	fmv.x.w	x23,f19	 f19:0xcd5ac833 x23=0xcd5ac833
     456895.000 ns	     45688	800099dc	00b15013	srli	x0,x2,0xb	  x2:0x80040fe4
     456905.000 ns	     45689	800099e0	0234ab13	slti	x22,x9,35	  x9:0x6cb6c000 x22=0x00000000
     456915.000 ns	     45690	800099e4	00000013	addi	x0,x0,0	  x0:0x00000000
     456935.000 ns	     45692	800099e8	a0e08dd3	fle.s	x27,f1,f14	  f1:0xcd5b4a97 f14:0x00000000 x27=0x00000001
     456965.000 ns	     45695	800099ec	a011af53	feq.s	x30,f3,f1	  f3:0x4f7ffff9  f1:0xcd5b4a97 x30=0x00000000
     457015.000 ns	     45700	800099f0	010d76d3	fadd.s	f13,f26,f16	 f26:0x00000040 f16:0x80000000 f13=0x00000040
     457035.000 ns	     45702	800099f4	408fd6b3	sra	x13,x31,x8	 x31:0xffffffec  x8:0xffffffff x13=0xffffffff
     457045.000 ns	     45703	800099f8	61664813	xori	x16,x12,1558	 x12:0x00000000 x16=0x00000616
     457065.000 ns	     45705	800099fc	f00c0cd3	fmv.w.x	f25,x24	 x24:0x00000000 f25=0x00000000
     457095.000 ns	     45708	80009a00	28cb80d3	fmin.s	f1,f23,f12	 f23:0x00000000 f12:0x7f800000  f1=0x00000000
     457145.000 ns	     45713	80009a04	009d0253	fadd.s	f4,f26,f9	 f26:0x00000040  f9:0x80000000  f4=0x00000040
     457175.000 ns	     45716	80009a08	f00d8653	fmv.w.x	f12,x27	 x27:0x00000001 f12=0x00000001
     457195.000 ns	     45718	80009a0c	01663533	sltu	x10,x12,x22	 x12:0x00000000 x22:0x00000000 x10=0x00000000
     457215.000 ns	     45720	80009a10	d011cad3	fcvt.s.wu	f21,x3	  x3:0x00000040 f21=0x42800000
     457235.000 ns	     45722	80009a14	01e5b7b3	sltu	x15,x11,x30	 x11:0xf24b5688 x30:0x00000000 x15=0x00000000
     457255.000 ns	     45724	80009a18	e0079ed3	fclass.s	x29,f15	 f15:0x00000000 x29=0x00000010
     457285.000 ns	     45727	80009a1c	e00b1553	fclass.s	x10,f22	 f22:0x7f800000 x10=0x00000080
     457315.000 ns	     45730	80009a20	0245b0b3	mulhu	x1,x11,x4	 x11:0xf24b5688  x4:0x00000000  x1=0x00000000
     457335.000 ns	     45732	80009a24	01b88633	add	x12,x17,x27	 x17:0xffffffff x27:0x00000001 x12=0x00000000
     457355.000 ns	     45734	80009a28	d0057e53	fcvt.s.w	f28,x10	 x10:0x00000080 f28=0x43000000
     457385.000 ns	     45737	80009a2c	e00a04d3	fmv.x.w	x9,f20	 f20:0xf24b5688  x9=0xf24b5688
     457405.000 ns	     45739	80009a30	d7f6e193	ori	x3,x13,-641	 x13:0xffffffff  x3=0xffffffff
     457445.000 ns	     45743	80009a34	008376d3	fadd.s	f13,f6,f8	  f6:0x00000000  f8:0x3f800000 f13=0x3f800000
     457465.000 ns	     45745	80009a38	00f3e733	or	x14,x7,x15	  x7:0x85949688 x15:0x00000000 x14=0x85949688
     457475.000 ns	     45746	80009a3c	01737eb3	and	x29,x6,x23	  x6:0xffffffec x23:0xcd5ac833 x29=0xcd5ac820
     457495.000 ns	     45748	80009a40	c01b47d3	fcvt.wu.s	x15,f22	 f22:0x7f800000 x15=0xffffffff
     457515.000 ns	     45750	80009a44	01b1cb33	xor	x22,x3,x27	  x3:0xffffffff x27:0x00000001 x22=0xfffffffe
     457875.000 ns	     45786	80009a48	032ee4b3	rem	x9,x29,x18	 x29:0xcd5ac820 x18:0x00000001  x9=0x00000000
     457895.000 ns	     45788	80009a4c	00000013	addi	x0,x0,0	  x0:0x00000000
     457915.000 ns	     45790	80009a50	20f0a753	fsgnjx.s	f14,f1,f15	  f1:0x00000000 f15:0x00000000 f14=0x00000000
     457935.000 ns	     45792	80009a54	007d4ab3	xor	x21,x26,x7	 x26:0x7fc00000  x7:0x85949688 x21=0xfa549688
     457955.000 ns	     45794	80009a58	0325a6b3	mulhsu	x13,x11,x18	 x11:0xf24b5688 x18:0x00000001 x13=0xffffffff
     457985.000 ns	     45797	80009a5c	025a20b3	mulhsu	x1,x20,x5	 x20:0x00000000  x5:0x7204741c  x1=0x00000000
     458015.000 ns	     45800	80009a60	207aa353	fsgnjx.s	f6,f21,f7	 f21:0x42800000  f7:0x80000000  f6=0xc2800000
     458045.000 ns	     45803	80009a64	02ca43b3	div	x7,x20,x12	 x20:0x00000000 x12:0x00000000  x7=0xffffffff
     458415.000 ns	     45840	80009a68	030c6cb3	rem	x25,x24,x16	 x24:0x00000000 x16:0x00000616 x25=0x00000000
     458435.000 ns	     45842	80009a6c	0120d313	srli	x6,x1,0x12	  x1:0x00000000  x6=0x00000000
     458445.000 ns	     45843	80009a70	483b6a93	ori	x21,x22,1155	 x22:0xfffffffe x21=0xffffffff
     458455.000 ns	     45844	80009a74	0014e433	or	x8,x9,x1	  x9:0x00000000  x1:0x00000000  x8=0x00000000
     458465.000 ns	     45845	80009a78	3f0f7b13	andi	x22,x30,1008	 x30:0x00000000 x22=0x00000000
     458475.000 ns	     45846	80009a7c	da7b2e97	auipc	x29,0xda7b2	 x29=0x5a7bba7c
     458495.000 ns	     45848	80009a80	e00d1553	fclass.s	x10,f26	 f26:0x00000040 x10=0x00000020
     458535.000 ns	     45852	80009a84	580cc353	fsqrt.s	f6,f25	 f25:0x00000000  f6=0x00000000
     458565.000 ns	     45855	80009a88	a18f0bd3	fle.s	x23,f30,f24	 f30:0x7fc00000 f24:0xff800000 x23=0x00000000
     458595.000 ns	     45858	80009a8c	03ff1a33	mulh	x20,x30,x31	 x30:0x00000000 x31:0xffffffec x20=0x00000000
     458615.000 ns	     45860	80009a90	41d58fb3	sub	x31,x11,x29	 x11:0xf24b5688 x29:0x5a7bba7c x31=0x97cf9c0c
     458635.000 ns	     45862	80009a94	e00a1c53	fclass.s	x24,f20	 f20:0xf24b5688 x24=0x00000002
     458655.000 ns	     45864	80009a98	00912033	slt	x0,x2,x9	  x2:0x80040fe4  x9:0x00000000
     458675.000 ns	     45866	80009a9c	21a990d3	fsgnjn.s	f1,f19,f26	 f19:0xcd5ac833 f26:0x00000040  f1=0xcd5ac833
     458695.000 ns	     45868	80009aa0	00e50433	add	x8,x10,x14	 x10:0x00000020 x14:0x85949688  x8=0x859496a8
     458715.000 ns	     45870	80009aa4	d0011c53	fcvt.s.w	f24,x2	  x2:0x80040fe4 f24=0xcefff7e0
     458735.000 ns	     45872	80009aa8	014b5893	srli	x17,x22,0x14	 x22:0x00000000 x17=0x00000000
     458755.000 ns	     45874	80009aac	d0153bd3	fcvt.s.wu	f23,x10	 x10:0x00000020 f23=0x42000000
     458785.000 ns	     45877	80009ab0	e00881d3	fmv.x.w	x3,f17	 f17:0x4e814110  x3=0x4e814110
     458815.000 ns	     45880	80009ab4	03113cb3	mulhu	x25,x2,x17	  x2:0x80040fe4 x17:0x00000000 x25=0x00000000
     458845.000 ns	     45883	80009ab8	204f1e53	fsgnjn.s	f28,f30,f4	 f30:0x7fc00000  f4:0x00000040 f28=0xffc00000
     458875.000 ns	     45886	80009abc	21791853	fsgnjn.s	f16,f18,f23	 f18:0x4f724b57 f23:0x42000000 f16=0xcf724b57
     458905.000 ns	     45889	80009ac0	e0020fd3	fmv.x.w	x31,f4	  f4:0x00000040 x31=0x00000040
     458925.000 ns	     45891	80009ac4	5dc34813	xori	x16,x6,1500	  x6:0x00000000 x16=0x000005dc
     458945.000 ns	     45893	80009ac8	a17eabd3	feq.s	x23,f29,f23	 f29:0x00000000 f23:0x42000000 x23=0x00000000
     458975.000 ns	     45896	80009acc	d01f4b53	fcvt.s.wu	f22,x30	 x30:0x00000000 f22=0x00000000
     459005.000 ns	     45899	80009ad0	295099d3	fmax.s	f19,f1,f21	  f1:0xcd5ac833 f21:0x42800000 f19=0x42800000
     459055.000 ns	     45904	80009ad4	0927a4d3	fsub.s	f9,f15,f18	 f15:0x00000000 f18:0x4f724b57  f9=0xcf724b57
     459075.000 ns	     45906	80009ad8	00d856b3	srl	x13,x16,x13	 x16:0x000005dc x13:0xffffffff x13=0x00000000
     459085.000 ns	     45907	80009adc	016323b3	slt	x7,x6,x22	  x6:0x00000000 x22:0x00000000  x7=0x00000000
     459095.000 ns	     45908	80009ae0	da228a37	lui	x20,0xda228	 x20=0xda228000
     459115.000 ns	     45910	80009ae4	e0008253	fmv.x.w	x4,f1	  f1:0xcd5ac833  x4=0xcd5ac833
     459135.000 ns	     45912	80009ae8	01935393	srli	x7,x6,0x19	  x6:0x00000000  x7=0x00000000
     459145.000 ns	     45913	80009aec	1d2bb913	sltiu	x18,x23,466	 x23:0x00000000 x18=0x00000001
     459165.000 ns	     45915	80009af0	d002f2d3	fcvt.s.w	f5,x5	  x5:0x7204741c  f5=0x4ee408e8
     459185.000 ns	     45917	80009af4	4b7abd93	sltiu	x27,x21,1207	 x21:0xffffffff x27=0x00000000
     459195.000 ns	     45918	80009af8	2a94fb93	andi	x23,x9,681	  x9:0x00000000 x23=0x00000000
     459205.000 ns	     45919	80009afc	00c59a33	sll	x20,x11,x12	 x11:0xf24b5688 x12:0x00000000 x20=0xf24b5688
     459215.000 ns	     45920	80009b00	01ac6ab3	or	x21,x24,x26	 x24:0x00000002 x26:0x7fc00000 x21=0x7fc00002
     459245.000 ns	     45923	80009b04	18857fd3	fdiv.s	f31,f10,f8	 f10:0x80000000  f8:0x3f800000 f31=0x80000000
     459275.000 ns	     45926	80009b08	206b1bd3	fsgnjn.s	f23,f22,f6	 f22:0x00000000  f6:0x00000000 f23=0x80000000
     459305.000 ns	     45929	80009b0c	c01a7ad3	fcvt.wu.s	x21,f20	 f20:0xf24b5688 x21=0x00000000
     459325.000 ns	     45931	80009b10	005d1a13	slli	x20,x26,0x5	 x26:0x7fc00000 x20=0xf8000000
     459345.000 ns	     45933	80009b14	a0819fd3	flt.s	x31,f3,f8	  f3:0x4f7ffff9  f8:0x3f800000 x31=0x00000000
     459375.000 ns	     45936	80009b18	20eaa7d3	fsgnjx.s	f15,f21,f14	 f21:0x42800000 f14:0x00000000 f15=0x42800000
     459395.000 ns	     45938	80009b1c	4bbe3893	sltiu	x17,x28,1211	 x28:0x80041024 x17=0x00000000
     459405.000 ns	     45939	80009b20	00000013	addi	x0,x0,0	  x0:0x00000000
     459415.000 ns	     45940	80009b24	01bf9093	slli	x1,x31,0x1b	 x31:0x00000000  x1=0x00000000
     459425.000 ns	     45941	80009b28	4186d613	srai	x12,x13,0x18	 x13:0x00000000 x12=0x00000000
     459455.000 ns	     45944	80009b2c	10e63fd3	fmul.s	f31,f12,f14	 f12:0x00000001 f14:0x00000000 f31=0x00000000
     459485.000 ns	     45947	80009b30	284c9f53	fmax.s	f30,f25,f4	 f25:0x00000000  f4:0x00000040 f30=0x00000040
     459855.000 ns	     45984	80009b34	02bd47b3	div	x15,x26,x11	 x26:0x7fc00000 x11:0xf24b5688 x15=0xfffffff7
     459875.000 ns	     45986	80009b38	4000df93	srai	x31,x1,0x0	  x1:0x00000000 x31=0x00000000
     459895.000 ns	     45988	80009b3c	c00df3d3	fcvt.w.s	x7,f27	 f27:0x4f7ffff9  x7=0x7fffffff
     459915.000 ns	     45990	80009b40	002630b3	sltu	x1,x12,x2	 x12:0x00000000  x2:0x80040fe4  x1=0x00000001
     459925.000 ns	     45991	80009b44	00000013	addi	x0,x0,0	  x0:0x00000000
     459945.000 ns	     45993	80009b48	0327b033	mulhu	x0,x15,x18	 x15:0xfffffff7 x18:0x00000001
     459975.000 ns	     45996	80009b4c	0216b033	mulhu	x0,x13,x1	 x13:0x00000000  x1:0x00000001
     460005.000 ns	     45999	80009b50	d01efd53	fcvt.s.wu	f26,x29	 x29:0x5a7bba7c f26=0x4eb4f774
     460035.000 ns	     46002	80009b54	a1a59553	flt.s	x10,f11,f26	 f11:0xf24b5688 f26:0x00000040 x10=0x00000001
     460055.000 ns	     46004	80009b58	03a7ef13	ori	x30,x15,58	 x15:0xfffffff7 x30=0xffffffff
     460075.000 ns	     46006	80009b5c	e0028853	fmv.x.w	x16,f5	  f5:0x4ee408e8 x16=0x4ee408e8
     460095.000 ns	     46008	80009b60	00dbcc33	xor	x24,x23,x13	 x23:0x00000000 x13:0x00000000 x24=0x00000000
     460125.000 ns	     46011	80009b64	102df5d3	fmul.s	f11,f27,f2	 f27:0x4f7ffff9  f2:0x4f000410 f11=0x5f00040c
     460155.000 ns	     46014	80009b68	218589d3	fsgnj.s	f19,f11,f24	 f11:0xf24b5688 f24:0xcefff7e0 f19=0xdf00040c
     460185.000 ns	     46017	80009b6c	c00c1b53	fcvt.w.s	x22,f24	 f24:0xcefff7e0 x22=0x80041000
     460205.000 ns	     46019	80009b70	01052433	slt	x8,x10,x16	 x10:0x00000001 x16:0x4ee408e8  x8=0x00000001
     460215.000 ns	     46020	80009b74	40215e93	srai	x29,x2,0x2	  x2:0x80040fe4 x29=0xe00103f9
     460235.000 ns	     46022	80009b78	f0088953	fmv.w.x	f18,x17	 x17:0x00000000 f18=0x00000000
     460255.000 ns	     46024	80009b7c	ad483697	auipc	x13,0xad483	 x13=0x2d48cb7c
     460275.000 ns	     46026	80009b80	f00602d3	fmv.w.x	f5,x12	 x12:0x00000000  f5=0x00000000
     460305.000 ns	     46029	80009b84	d01dabd3	fcvt.s.wu	f23,x27	 x27:0x00000000 f23=0x00000000
     460325.000 ns	     46031	80009b88	00929d93	slli	x27,x5,0x9	  x5:0x7204741c x27=0x08e83800
     460345.000 ns	     46033	80009b8c	a06b2253	feq.s	x4,f22,f6	 f22:0x00000000  f6:0x00000000  x4=0x00000001
     460365.000 ns	     46035	80009b90	00c33a33	sltu	x20,x6,x12	  x6:0x00000000 x12:0x00000000 x20=0x00000000
     460375.000 ns	     46036	80009b94	00580233	add	x4,x16,x5	 x16:0x4ee408e8  x5:0x7204741c  x4=0xc0e87d04
     460385.000 ns	     46037	80009b98	002de9b3	or	x19,x27,x2	 x27:0x08e83800  x2:0x80040fe4 x19=0x88ec3fe4
     460395.000 ns	     46038	80009b9c	891e7b13	andi	x22,x28,-1903	 x28:0x80041024 x22=0x80041000
     460405.000 ns	     46039	80009ba0	163d0313	addi	x6,x26,355	 x26:0x7fc00000  x6=0x7fc00163
     460415.000 ns	     46040	80009ba4	2935ec13	ori	x24,x11,659	 x11:0xf24b5688 x24=0xf24b569b
     460425.000 ns	     46041	80009ba8	41748d33	sub	x26,x9,x23	  x9:0x00000000 x23:0x00000000 x26=0x00000000
     460445.000 ns	     46043	80009bac	a092a853	feq.s	x16,f5,f9	  f5:0x00000000  f9:0xcf724b57 x16=0x00000000
     460815.000 ns	     46080	80009bb0	0265f3b3	remu	x7,x11,x6	 x11:0xf24b5688  x6:0x7fc00163  x7=0x728b5525
     460845.000 ns	     46083	80009bb4	f00c0653	fmv.w.x	f12,x24	 x24:0xf24b569b f12=0xf24b569b
     460875.000 ns	     46086	80009bb8	21b823d3	fsgnjx.s	f7,f16,f27	 f16:0xcf724b57 f27:0x4f7ffff9  f7=0xcf724b57
     460905.000 ns	     46089	80009bbc	03597933	remu	x18,x18,x21	 x18:0x00000001 x21:0x00000000 x18=0x00000001
     460935.000 ns	     46092	80009bc0	c011aad3	fcvt.wu.s	x21,f3	  f3:0x4f7ffff9 x21=0xfffff900
     460965.000 ns	     46095	80009bc4	e0029a53	fclass.s	x20,f5	  f5:0x00000000 x20=0x00000010
     460985.000 ns	     46097	80009bc8	a23e8313	addi	x6,x29,-1501	 x29:0xe00103f9  x6=0xe000fe1c
     460995.000 ns	     46098	80009bcc	01bc1333	sll	x6,x24,x27	 x24:0xf24b569b x27:0x08e83800  x6=0xf24b569b
     461015.000 ns	     46100	80009bd0	f0040ad3	fmv.w.x	f21,x8	  x8:0x00000001 f21=0x00000001
     461045.000 ns	     46103	80009bd4	20612f53	fsgnjx.s	f30,f2,f6	  f2:0x4f000410  f6:0x00000000 f30=0x4f000410
     461065.000 ns	     46105	80009bd8	93f40d93	addi	x27,x8,-1729	  x8:0x00000001 x27=0xfffff940
     461085.000 ns	     46107	80009bdc	039324b3	mulhsu	x9,x6,x25	  x6:0xf24b569b x25:0x00000000  x9=0x00000000
     461115.000 ns	     46110	80009be0	28290153	fmin.s	f2,f18,f2	 f18:0x00000000  f2:0x4f000410  f2=0x00000000
     461145.000 ns	     46113	80009be4	21510ad3	fsgnj.s	f21,f2,f21	  f2:0x4f000410 f21:0x00000001 f21=0x00000000
     461165.000 ns	     46115	80009be8	001a8ab3	add	x21,x21,x1	 x21:0xfffff900  x1:0x00000001 x21=0xfffff901
     461175.000 ns	     46116	80009bec	018522b3	slt	x5,x10,x24	 x10:0x00000001 x24:0xf24b569b  x5=0x00000000
     461195.000 ns	     46118	80009bf0	02119833	mulh	x16,x3,x1	  x3:0x4e814110  x1:0x00000001 x16=0x00000000
     461215.000 ns	     46120	80009bf4	60754293	xori	x5,x10,1543	 x10:0x00000001  x5=0x00000606
     461235.000 ns	     46122	80009bf8	a1a90a53	fle.s	x20,f18,f26	 f18:0x00000000 f26:0x4eb4f774 x20=0x00000001
     461255.000 ns	     46124	80009bfc	e1cefc13	andi	x24,x29,-484	 x29:0xe00103f9 x24=0xe0010218
     461275.000 ns	     46126	80009c00	20408453	fsgnj.s	f8,f1,f4	  f1:0xcd5ac833  f4:0x00000040  f8=0x4d5ac833
     461305.000 ns	     46129	80009c04	c0137453	fcvt.wu.s	x8,f6	  f6:0x00000000  x8=0x00000000
     461335.000 ns	     46132	80009c08	21959a53	fsgnjn.s	f20,f11,f25	 f11:0x5f00040c f25:0x00000000 f20=0xdf00040c
     461355.000 ns	     46134	80009c0c	0090ef33	or	x30,x1,x9	  x1:0x00000001  x9:0x00000000 x30=0x00000001
     461365.000 ns	     46135	80009c10	01057f33	and	x30,x10,x16	 x10:0x00000001 x16:0x00000000 x30=0x00000000
     461385.000 ns	     46137	80009c14	e0031bd3	fclass.s	x23,f6	  f6:0x00000000 x23=0x00000010
     461405.000 ns	     46139	80009c18	01ea8cb3	add	x25,x21,x30	 x21:0xfffff901 x30:0x00000001 x25=0xfffff901
     461415.000 ns	     46140	80009c1c	00e076b3	and	x13,x0,x14	  x0:0x00000000 x14:0x85949688 x13=0x00000000
     461435.000 ns	     46142	80009c20	e0030053	fmv.x.w	x0,f6	  f6:0x00000000
     461455.000 ns	     46144	80009c24	010c44b3	xor	x9,x24,x16	 x24:0xe0010218 x16:0x00000000  x9=0xe0010218
     461465.000 ns	     46145	80009c28	2794d437	lui	x8,0x2794d	  x8=0x2794d000
     461485.000 ns	     46147	80009c2c	02d034b3	mulhu	x9,x0,x13	  x0:0x00000000 x13:0x00000000  x9=0x00000000
     461855.000 ns	     46184	80009c30	026569b3	rem	x19,x10,x6	 x10:0x00000001  x6:0xf24b569b x19=0x00000001
     461895.000 ns	     46188	80009c34	108104d3	fmul.s	f9,f2,f8	  f2:0x00000000  f8:0x4d5ac833  f9=0x00000000
     462265.000 ns	     46225	80009c38	02f45db3	divu	x27,x8,x15	  x8:0x2794d000 x15:0xfffffff7 x27=0x00000000
     462295.000 ns	     46228	80009c3c	28e50653	fmin.s	f12,f10,f14	 f10:0x80000000 f14:0x00000000 f12=0x80000000
     462315.000 ns	     46230	80009c40	ccff4017	auipc	x0,0xccff4	
     462345.000 ns	     46233	80009c44	58071dd3	fsqrt.s	f27,f14	 f14:0x00000000 f27=0x00000000
     462365.000 ns	     46235	80009c48	00361bb3	sll	x23,x12,x3	 x12:0x00000000  x3:0x4e814110 x23=0x00000000
     462725.000 ns	     46271	80009c4c	024fec33	rem	x24,x31,x4	 x31:0x00000000  x4:0xc0e87d04 x24=0x00000000
     462745.000 ns	     46273	80009c50	b49e4093	xori	x1,x28,-1207	 x28:0x80041024  x1=0x7ffbeb6d
     462765.000 ns	     46275	80009c54	e00e0cd3	fmv.x.w	x25,f28	 f28:0xffc00000 x25=0xffc00000
     462785.000 ns	     46277	80009c58	013e5b93	srli	x23,x28,0x13	 x28:0x80041024 x23=0x00001000
     462805.000 ns	     46279	80009c5c	a0b81a53	flt.s	x20,f16,f11	 f16:0xcf724b57 f11:0x5f00040c x20=0x00000001
     462825.000 ns	     46281	80009c60	f8aa7f13	andi	x30,x20,-118	 x20:0x00000001 x30=0x00000000
     462835.000 ns	     46282	80009c64	6939d2b7	lui	x5,0x6939d	  x5=0x6939d000
     462855.000 ns	     46284	80009c68	0381e6b3	rem	x13,x3,x24	  x3:0x4e814110 x24:0x00000000 x13=0x4e814110
     462875.000 ns	     46286	80009c6c	7c570737	lui	x14,0x7c570	 x14=0x7c570000
     462885.000 ns	     46287	80009c70	e6352a13	slti	x20,x10,-413	 x10:0x00000001 x20=0x00000000
     462905.000 ns	     46289	80009c74	293e0453	fmin.s	f8,f28,f19	 f28:0xffc00000 f19:0xdf00040c  f8=0xdf00040c
     462935.000 ns	     46292	80009c78	c0097bd3	fcvt.w.s	x23,f18	 f18:0x00000000 x23=0x00000000
     462965.000 ns	     46295	80009c7c	c00b7bd3	fcvt.w.s	x23,f22	 f22:0x00000000 x23=0x00000000
     462995.000 ns	     46298	80009c80	a15322d3	feq.s	x5,f6,f21	  f6:0x00000000 f21:0x00000000  x5=0x00000001
     463025.000 ns	     46301	80009c84	d01f0453	fcvt.s.wu	f8,x30	 x30:0x00000000  f8=0x00000000
     463045.000 ns	     46303	80009c88	2668e493	ori	x9,x17,614	 x17:0x00000000  x9=0x00000266
     463065.000 ns	     46305	80009c8c	28b996d3	fmax.s	f13,f19,f11	 f19:0xdf00040c f11:0x5f00040c f13=0x5f00040c
     463085.000 ns	     46307	80009c90	00c59db3	sll	x27,x11,x12	 x11:0xf24b5688 x12:0x00000000 x27=0xf24b5688
     463445.000 ns	     46343	80009c94	02b0ecb3	rem	x25,x1,x11	  x1:0x7ffbeb6d x11:0xf24b5688 x25=0x04a1f635
     463475.000 ns	     46346	80009c98	21700253	fsgnj.s	f4,f0,f23	  f0:0x7fc00000 f23:0x00000000  f4=0x7fc00000
     463495.000 ns	     46348	80009c9c	019e7633	and	x12,x28,x25	 x28:0x80041024 x25:0x04a1f635 x12=0x00001024
     463515.000 ns	     46350	80009ca0	204b9053	fsgnjn.s	f0,f23,f4	 f23:0x00000000  f4:0x7fc00000  f0=0x80000000
     463885.000 ns	     46387	80009ca4	0352f933	remu	x18,x5,x21	  x5:0x00000001 x21:0xfffff901 x18=0x00000001
     463915.000 ns	     46390	80009ca8	03817ab3	remu	x21,x2,x24	  x2:0x80040fe4 x24:0x00000000 x21=0x80040fe4
     463935.000 ns	     46392	80009cac	007ee433	or	x8,x29,x7	 x29:0xe00103f9  x7:0x728b5525  x8=0xf28b57fd
     463945.000 ns	     46393	80009cb0	41b302b3	sub	x5,x6,x27	  x6:0xf24b569b x27:0xf24b5688  x5=0x00000013
     463965.000 ns	     46395	80009cb4	20759153	fsgnjn.s	f2,f11,f7	 f11:0x5f00040c  f7:0xcf724b57  f2=0x5f00040c
     463985.000 ns	     46397	80009cb8	00000013	addi	x0,x0,0	  x0:0x00000000
     463995.000 ns	     46398	80009cbc	01817a33	and	x20,x2,x24	  x2:0x80040fe4 x24:0x00000000 x20=0x00000000
     464005.000 ns	     46399	80009cc0	ab987813	andi	x16,x16,-1351	 x16:0x00000000 x16=0x00000000
     464025.000 ns	     46401	80009cc4	c01570d3	fcvt.wu.s	x1,f10	 f10:0x80000000  x1=0x00000000
     464045.000 ns	     46403	80009cc8	00000013	addi	x0,x0,0	  x0:0x00000000
     464055.000 ns	     46404	80009ccc	753976b7	lui	x13,0x75397	 x13=0x75397000
     464075.000 ns	     46406	80009cd0	0341e1b3	rem	x3,x3,x20	  x3:0x4e814110 x20:0x00000000  x3=0x4e814110
     464095.000 ns	     46408	80009cd4	00237d33	and	x26,x6,x2	  x6:0xf24b569b  x2:0x80040fe4 x26=0x80000680
     464135.000 ns	     46412	80009cd8	08c4f8d3	fsub.s	f17,f9,f12	  f9:0x00000000 f12:0x80000000 f17=0x00000000
     464165.000 ns	     46415	80009cdc	f0010fd3	fmv.w.x	f31,x2	  x2:0x80040fe4 f31=0x80040fe4
     464185.000 ns	     46417	80009ce0	f8e20237	lui	x4,0xf8e20	  x4=0xf8e20000
     464195.000 ns	     46418	80009ce4	011ce933	or	x18,x25,x17	 x25:0x04a1f635 x17:0x00000000 x18=0x04a1f635
     464215.000 ns	     46420	80009ce8	20ef8cd3	fsgnj.s	f25,f31,f14	 f31:0x80040fe4 f14:0x00000000 f25=0x00040fe4
     464235.000 ns	     46422	80009cec	e9ccbd13	sltiu	x26,x25,-356	 x25:0x04a1f635 x26=0x00000001
     464255.000 ns	     46424	80009cf0	a1c69653	flt.s	x12,f13,f28	 f13:0x5f00040c f28:0xffc00000 x12=0x00000000
     464285.000 ns	     46427	80009cf4	282c8cd3	fmin.s	f25,f25,f2	 f25:0x00040fe4  f2:0x5f00040c f25=0x00040fe4
     464315.000 ns	     46430	80009cf8	d002f553	fcvt.s.w	f10,x5	  x5:0x00000013 f10=0x41980000
     464345.000 ns	     46433	80009cfc	a17d00d3	fle.s	x1,f26,f23	 f26:0x4eb4f774 f23:0x00000000  x1=0x00000000
     464365.000 ns	     46435	80009d00	01da1493	slli	x9,x20,0x1d	 x20:0x00000000  x9=0x00000000
     464375.000 ns	     46436	80009d04	217efd93	andi	x27,x29,535	 x29:0xe00103f9 x27=0x00000211
     464385.000 ns	     46437	80009d08	01a39797	auipc	x15,0x1a39	 x15=0x81a42d08
     464395.000 ns	     46438	80009d0c	007c1033	sll	x0,x24,x7	 x24:0x00000000  x7:0x728b5525
     464425.000 ns	     46441	80009d10	580773d3	fsqrt.s	f7,f14	 f14:0x00000000  f7=0x00000000
     464455.000 ns	     46444	80009d14	20ad1e53	fsgnjn.s	f28,f26,f10	 f26:0x4eb4f774 f10:0x41980000 f28=0xceb4f774
     464475.000 ns	     46446	80009d18	01cee413	ori	x8,x29,28	 x29:0xe00103f9  x8=0xe00103fd
     464485.000 ns	     46447	80009d1c	01032833	slt	x16,x6,x16	  x6:0xf24b569b x16:0x00000000 x16=0x00000001
     464505.000 ns	     46449	80009d20	02a11b33	mulh	x22,x2,x10	  x2:0x80040fe4 x10:0x00000001 x22=0xffffffff
     464525.000 ns	     46451	80009d24	015ce8b3	or	x17,x25,x21	 x25:0x04a1f635 x21:0x80040fe4 x17=0x84a5fff5
     464555.000 ns	     46454	80009d28	18947d53	fdiv.s	f26,f8,f9	  f8:0x00000000  f9:0x00000000 f26=0x7fc00000
     464585.000 ns	     46457	80009d2c	28459753	fmax.s	f14,f11,f4	 f11:0x5f00040c  f4:0x7fc00000 f14=0x5f00040c
     464615.000 ns	     46460	80009d30	02911633	mulh	x12,x2,x9	  x2:0x80040fe4  x9:0x00000000 x12=0x00000000
     464635.000 ns	     46462	80009d34	01cc9713	slli	x14,x25,0x1c	 x25:0x04a1f635 x14=0x50000000
     464655.000 ns	     46464	80009d38	a1a40553	fle.s	x10,f8,f26	  f8:0x00000000 f26:0x7fc00000 x10=0x00000000
     464675.000 ns	     46466	80009d3c	014ac033	xor	x0,x21,x20	 x21:0x80040fe4 x20:0x00000000
     464685.000 ns	     46467	80009d40	364eea97	auipc	x21,0x364ee	 x21=0xb64f7d40
     464705.000 ns	     46469	80009d44	d00770d3	fcvt.s.w	f1,x14	 x14:0x50000000  f1=0x4ea00000
     464725.000 ns	     46471	80009d48	01cb86b3	add	x13,x23,x28	 x23:0x00000000 x28:0x80041024 x13=0x80041024
     464735.000 ns	     46472	80009d4c	010f1793	slli	x15,x30,0x10	 x30:0x00000000 x15=0x00000000
     464755.000 ns	     46474	80009d50	d010fed3	fcvt.s.wu	f29,x1	  x1:0x00000000 f29=0x00000000
     464785.000 ns	     46477	80009d54	02543a33	mulhu	x20,x8,x5	  x8:0xe00103fd  x5:0x00000013 x20=0x00000010
     464815.000 ns	     46480	80009d58	e00e1553	fclass.s	x10,f28	 f28:0xceb4f774 x10=0x00000002
     464835.000 ns	     46482	80009d5c	7fac2813	slti	x16,x24,2042	 x24:0x00000000 x16=0x00000001
     464845.000 ns	     46483	80009d60	bee30e93	addi	x29,x6,-1042	  x6:0xf24b569b x29=0xf24b5289
     464855.000 ns	     46484	80009d64	ead6c913	xori	x18,x13,-339	 x13:0x80041024 x18=0x7ffbee89
     464875.000 ns	     46486	80009d68	20b80253	fsgnj.s	f4,f16,f11	 f16:0xcf724b57 f11:0x5f00040c  f4=0x4f724b57
     464895.000 ns	     46488	80009d6c	01271813	slli	x16,x14,0x12	 x14:0x50000000 x16=0x00000000
     464905.000 ns	     46489	80009d70	08eac097	auipc	x1,0x8eac	  x1=0x88eb5d70
     464925.000 ns	     46491	80009d74	030e52b3	divu	x5,x28,x16	 x28:0x80041024 x16:0x00000001  x5=0xffffffff
     464965.000 ns	     46495	80009d78	5802fc53	fsqrt.s	f24,f5	  f5:0x00000000 f24=0x00000000
     465305.000 ns	     46529	80009d7c	1939f353	fdiv.s	f6,f19,f19	 f19:0xdf00040c f19:0xdf00040c  f6=0x3f00040c
     465335.000 ns	     46532	80009d80	d01a7253	fcvt.s.wu	f4,x20	 x20:0x00000010  f4=0x41800000
     465355.000 ns	     46534	80009d84	6a9bb193	sltiu	x3,x23,1705	 x23:0x00000000  x3=0x00000001
     465375.000 ns	     46536	80009d88	28a28753	fmin.s	f14,f5,f10	  f5:0x00000000 f10:0x41980000 f14=0x00000000
     465405.000 ns	     46539	80009d8c	c0097853	fcvt.w.s	x16,f18	 f18:0x00000000 x16=0x00000000
     465425.000 ns	     46541	80009d90	006ef833	and	x16,x29,x6	 x29:0xf24b5289  x6:0xf24b569b x16=0xf24b5289
     465435.000 ns	     46542	80009d94	006c6733	or	x14,x24,x6	 x24:0x00000000  x6:0xf24b569b x14=0xf24b569b
     465455.000 ns	     46544	80009d98	037d3db3	mulhu	x27,x26,x23	 x26:0x00000001 x23:0x00000000 x27=0x00000000
     465825.000 ns	     46581	80009d9c	03ccf533	remu	x10,x25,x28	 x25:0x04a1f635 x28:0x80041024 x10=0x04a1f635
     465845.000 ns	     46583	80009da0	01339513	slli	x10,x7,0x13	  x7:0x728b5525 x10=0xa9280000
     465865.000 ns	     46585	80009da4	d01bfcd3	fcvt.s.wu	f25,x23	 x23:0x00000000 f25=0x00000000
     465915.000 ns	     46590	80009da8	08220353	fsub.s	f6,f4,f2	  f4:0x41800000  f2:0x5f00040c  f6=0xdf00040c
     465955.000 ns	     46594	80009dac	580396d3	fsqrt.s	f13,f7	  f7:0x00000000 f13=0x00000000
     465985.000 ns	     46597	80009db0	29bb83d3	fmin.s	f7,f23,f27	 f23:0x00000000 f27:0x00000000  f7=0x00000000
     466005.000 ns	     46599	80009db4	00abac33	slt	x24,x23,x10	 x23:0x00000000 x10:0xa9280000 x24=0x00000000
     466025.000 ns	     46601	80009db8	20820553	fsgnj.s	f10,f4,f8	  f4:0x41800000  f8:0x00000000 f10=0x41800000
     466045.000 ns	     46603	80009dbc	0136f3b3	and	x7,x13,x19	 x13:0x80041024 x19:0x00000001  x7=0x00000000
     466055.000 ns	     46604	80009dc0	415b5d33	sra	x26,x22,x21	 x22:0xffffffff x21:0xb64f7d40 x26=0xffffffff
     466095.000 ns	     46608	80009dc4	083ff153	fsub.s	f2,f31,f3	 f31:0x80040fe4  f3:0x4f7ffff9  f2=0xcf7ffff9
     466115.000 ns	     46610	80009dc8	0125d0b3	srl	x1,x11,x18	 x11:0xf24b5688 x18:0x7ffbee89  x1=0x007925ab
     466125.000 ns	     46611	80009dcc	00b6cc33	xor	x24,x13,x11	 x13:0x80041024 x11:0xf24b5688 x24=0x724f46ac
     466135.000 ns	     46612	80009dd0	00199993	slli	x19,x19,0x1	 x19:0x00000001 x19=0x00000002
     466145.000 ns	     46613	80009dd4	410bdc93	srai	x25,x23,0x10	 x23:0x00000000 x25=0x00000000
     466155.000 ns	     46614	80009dd8	c61709b7	lui	x19,0xc6170	 x19=0xc6170000
     466165.000 ns	     46615	80009ddc	011997b3	sll	x15,x19,x17	 x19:0x00000002 x17:0x84a5fff5 x15=0x00000000
     466195.000 ns	     46618	80009de0	1162fd53	fmul.s	f26,f5,f22	  f5:0x00000000 f22:0x00000000 f26=0x00000000
     466565.000 ns	     46655	80009de4	030b6033	rem	x0,x22,x16	 x22:0xffffffff x16:0xf24b5289
     466595.000 ns	     46658	80009de8	02f68b33	mul	x22,x13,x15	 x13:0x80041024 x15:0x00000000 x22=0x00000000
     466625.000 ns	     46661	80009dec	032e0c33	mul	x24,x28,x18	 x28:0x80041024 x18:0x7ffbee89 x24=0xf87a1b44
     466655.000 ns	     46664	80009df0	21ad1ed3	fsgnjn.s	f29,f26,f26	 f26:0x00000000 f26:0x00000000 f29=0x80000000
     466685.000 ns	     46667	80009df4	20d09953	fsgnjn.s	f18,f1,f13	  f1:0x4ea00000 f13:0x00000000 f18=0xcea00000
     466715.000 ns	     46670	80009df8	f0058e53	fmv.w.x	f28,x11	 x11:0xf24b5688 f28=0xf24b5688
     466735.000 ns	     46672	80009dfc	77a92213	slti	x4,x18,1914	 x18:0x7ffbee89  x4=0x00000000
     466765.000 ns	     46675	80009e00	186778d3	fdiv.s	f17,f14,f6	 f14:0x00000000  f6:0xdf00040c f17=0x80000000
     466785.000 ns	     46677	80009e04	2f37f393	andi	x7,x15,755	 x15:0x00000000  x7=0x00000000
     466805.000 ns	     46679	80009e08	e00f96d3	fclass.s	x13,f31	 f31:0x80040fe4 x13=0x00000004
     466835.000 ns	     46682	80009e0c	203eae53	fsgnjx.s	f28,f29,f3	 f29:0x80000000  f3:0x4f7ffff9 f28=0x80000000
     466855.000 ns	     46684	80009e10	015f8ab3	add	x21,x31,x21	 x31:0x00000000 x21:0xb64f7d40 x21=0xb64f7d40
     466865.000 ns	     46685	80009e14	93fa8713	addi	x14,x21,-1729	 x21:0xb64f7d40 x14=0xb64f767f
     466875.000 ns	     46686	80009e18	fa962993	slti	x19,x12,-87	 x12:0x00000000 x19=0x00000000
     466885.000 ns	     46687	80009e1c	01b24b33	xor	x22,x4,x27	  x4:0x00000000 x27:0x00000000 x22=0x00000000
     466895.000 ns	     46688	80009e20	01301833	sll	x16,x0,x19	  x0:0x00000000 x19:0xc6170000 x16=0x00000000
     466905.000 ns	     46689	80009e24	00a387b3	add	x15,x7,x10	  x7:0x00000000 x10:0xa9280000 x15=0xa9280000
     467265.000 ns	     46725	80009e28	02f5e9b3	rem	x19,x11,x15	 x11:0xf24b5688 x15:0x00000000 x19=0xf24b5688
     467635.000 ns	     46762	80009e2c	026554b3	divu	x9,x10,x6	 x10:0xa9280000  x6:0xf24b569b  x9=0x00000000
     467665.000 ns	     46765	80009e30	28fc0fd3	fmin.s	f31,f24,f15	 f24:0x00000000 f15:0x42800000 f31=0x00000000
     467705.000 ns	     46769	80009e34	580747d3	fsqrt.s	f15,f14	 f14:0x00000000 f15=0x00000000
     467735.000 ns	     46772	80009e38	e00e91d3	fclass.s	x3,f29	 f29:0x80000000  x3=0x00000008
     468105.000 ns	     46809	80009e3c	02675b33	divu	x22,x14,x6	 x14:0xb64f767f  x6:0xf24b569b x22=0x00000000
     468125.000 ns	     46811	80009e40	019e44b3	xor	x9,x28,x25	 x28:0x80041024 x25:0x00000000  x9=0x80041024
     468145.000 ns	     46813	80009e44	28fc81d3	fmin.s	f3,f25,f15	 f25:0x00000000 f15:0x00000000  f3=0x00000000
     468175.000 ns	     46816	80009e48	20c7a4d3	fsgnjx.s	f9,f15,f12	 f15:0x00000000 f12:0x80000000  f9=0x80000000
     468205.000 ns	     46819	80009e4c	c01c7cd3	fcvt.wu.s	x25,f24	 f24:0x00000000 x25=0x00000000
     468245.000 ns	     46823	80009e50	18677c53	fdiv.s	f24,f14,f6	 f14:0x00000000  f6:0xdf00040c f24=0x80000000
     468275.000 ns	     46826	80009e54	a14f91d3	flt.s	x3,f31,f20	 f31:0x00000000 f20:0xdf00040c  x3=0x00000000
     468305.000 ns	     46829	80009e58	c019a3d3	fcvt.wu.s	x7,f19	 f19:0xdf00040c  x7=0x00000000
     468355.000 ns	     46834	80009e5c	005c7f53	fadd.s	f30,f24,f5	 f24:0x80000000  f5:0x00000000 f30=0x00000000
     468375.000 ns	     46836	80009e60	4107d0b3	sra	x1,x15,x16	 x15:0xa9280000 x16:0x00000000  x1=0xa9280000
     468395.000 ns	     46838	80009e64	0307ff33	remu	x30,x15,x16	 x15:0xa9280000 x16:0x00000000 x30=0xa9280000
     468435.000 ns	     46842	80009e68	580179d3	fsqrt.s	f19,f2	  f2:0xcf7ffff9 f19=0x7fc00000
     468455.000 ns	     46844	80009e6c	014d5033	srl	x0,x26,x20	 x26:0xffffffff x20:0x00000010
     468475.000 ns	     46846	80009e70	21542ed3	fsgnjx.s	f29,f8,f21	  f8:0x00000000 f21:0x00000000 f29=0x00000000
     468845.000 ns	     46883	80009e74	028b4b33	div	x22,x22,x8	 x22:0x00000000  x8:0xe00103fd x22=0x00000000
     468865.000 ns	     46885	80009e78	40ca5733	sra	x14,x20,x12	 x20:0x00000010 x12:0x00000000 x14=0x00000010
     468875.000 ns	     46886	80009e7c	8b66f293	andi	x5,x13,-1866	 x13:0x00000004  x5=0x00000004
     468895.000 ns	     46888	80009e80	289794d3	fmax.s	f9,f15,f9	 f15:0x00000000  f9:0x80000000  f9=0x00000000
     468915.000 ns	     46890	80009e84	da3e2413	slti	x8,x28,-605	 x28:0x80041024  x8=0x00000001
     468925.000 ns	     46891	80009e88	018badb3	slt	x27,x23,x24	 x23:0x00000000 x24:0xf87a1b44 x27=0x00000000
     468965.000 ns	     46895	80009e8c	00747d53	fadd.s	f26,f8,f7	  f8:0x00000000  f7:0x00000000 f26=0x00000000
     468985.000 ns	     46897	80009e90	a85aa697	auipc	x13,0xa85aa	 x13=0x285b3e90
     468995.000 ns	     46898	80009e94	49467f13	andi	x30,x12,1172	 x12:0x00000000 x30=0x00000000
     469005.000 ns	     46899	80009e98	00a96433	or	x8,x18,x10	 x18:0x7ffbee89 x10:0xa9280000  x8=0xfffbee89
     469015.000 ns	     46900	80009e9c	00000013	addi	x0,x0,0	  x0:0x00000000
     469025.000 ns	     46901	80009ea0	011144b3	xor	x9,x2,x17	  x2:0x80040fe4 x17:0x84a5fff5  x9=0x04a1f011
     469035.000 ns	     46902	80009ea4	00000597	auipc	x11,0x0	 x11=0x80009ea4
     469045.000 ns	     46903	80009ea8	00c58593	addi	x11,x11,12	 x11:0xf24b5688 x11=0x80009eb0
     469055.000 ns	     46904	80009eac	00058067	jalr	x0,x11,0	 x11:0xf24b5688
     469105.000 ns	     46909	80009eb0	00100193	addi	x3,x0,1	  x0:0x00000000  x3=0x00000001
     469115.000 ns	     46910	80009eb4	00000073	ecall	
     469125.000 ns	     46911	80009eb8	00036f17	auipc	x30,0x36	 x30=0x8003feb8
     469135.000 ns	     46912	80009ebc	143f2423	sw	x3,328(x30)	 x30:0x00000000  x3:0x00000001 PA:0xxxxxxxxx
     469155.000 ns	     46914	80009ec0	ff9ff06f	jal	x0,80009ebc	
     469205.000 ns	     46919	80009eb8	00036f17	auipc	x30,0x36	 x30=0x8003feb8
     469215.000 ns	     46920	80009ebc	143f2423	sw	x3,328(x30)	 x30:0x8003feb8  x3:0x00000001 PA:0xxxxxxxxx
     469235.000 ns	     46922	80009ec0	ff9ff06f	jal	x0,80009ebc	
     469285.000 ns	     46927	80009eb8	00036f17	auipc	x30,0x36	 x30=0x8003feb8
     469295.000 ns	     46928	80009ebc	143f2423	sw	x3,328(x30)	 x30:0x8003feb8  x3:0x00000001 PA:0xxxxxxxxx
     469315.000 ns	     46930	80009ec0	ff9ff06f	jal	x0,80009ebc	
     469365.000 ns	     46935	80009eb8	00036f17	auipc	x30,0x36	 x30=0x8003feb8
     469375.000 ns	     46936	80009ebc	143f2423	sw	x3,328(x30)	 x30:0x8003feb8  x3:0x00000001 PA:0xxxxxxxxx
     469395.000 ns	     46938	80009ec0	ff9ff06f	jal	x0,80009ebc	
     469445.000 ns	     46943	80009eb8	00036f17	auipc	x30,0x36	 x30=0x8003feb8
     469455.000 ns	     46944	80009ebc	143f2423	sw	x3,328(x30)	 x30:0x8003feb8  x3:0x00000001 PA:0xxxxxxxxx
     469475.000 ns	     46946	80009ec0	ff9ff06f	jal	x0,80009ebc	
     469525.000 ns	     46951	80009eb8	00036f17	auipc	x30,0x36	 x30=0x8003feb8
     469535.000 ns	     46952	80009ebc	143f2423	sw	x3,328(x30)	 x30:0x8003feb8  x3:0x00000001 PA:0xxxxxxxxx
     469555.000 ns	     46954	80009ec0	ff9ff06f	jal	x0,80009ebc	
     469605.000 ns	     46959	80009eb8	00036f17	auipc	x30,0x36	 x30=0x8003feb8
     469615.000 ns	     46960	80009ebc	143f2423	sw	x3,328(x30)	 x30:0x8003feb8  x3:0x00000001 PA:0xxxxxxxxx
     469635.000 ns	     46962	80009ec0	ff9ff06f	jal	x0,80009ebc	
     469685.000 ns	     46967	80009eb8	00036f17	auipc	x30,0x36	 x30=0x8003feb8
     469695.000 ns	     46968	80009ebc	143f2423	sw	x3,328(x30)	 x30:0x8003feb8  x3:0x00000001 PA:0xxxxxxxxx
     469715.000 ns	     46970	80009ec0	ff9ff06f	jal	x0,80009ebc	
     469765.000 ns	     46975	80009eb8	00036f17	auipc	x30,0x36	 x30=0x8003feb8
     469775.000 ns	     46976	80009ebc	143f2423	sw	x3,328(x30)	 x30:0x8003feb8  x3:0x00000001 PA:0xxxxxxxxx
     469795.000 ns	     46978	80009ec0	ff9ff06f	jal	x0,80009ebc	
     469845.000 ns	     46983	80009eb8	00036f17	auipc	x30,0x36	 x30=0x8003feb8
     469855.000 ns	     46984	80009ebc	143f2423	sw	x3,328(x30)	 x30:0x8003feb8  x3:0x00000001 PA:0xxxxxxxxx
     469875.000 ns	     46986	80009ec0	ff9ff06f	jal	x0,80009ebc	
     469925.000 ns	     46991	80009eb8	00036f17	auipc	x30,0x36	 x30=0x8003feb8
     469935.000 ns	     46992	80009ebc	143f2423	sw	x3,328(x30)	 x30:0x8003feb8  x3:0x00000001 PA:0xxxxxxxxx
     469955.000 ns	     46994	80009ec0	ff9ff06f	jal	x0,80009ebc	
     470005.000 ns	     46999	80009eb8	00036f17	auipc	x30,0x36	 x30=0x8003feb8
     470015.000 ns	     47000	80009ebc	143f2423	sw	x3,328(x30)	 x30:0x8003feb8  x3:0x00000001 PA:0xxxxxxxxx
     470035.000 ns	     47002	80009ec0	ff9ff06f	jal	x0,80009ebc	
     470085.000 ns	     47007	80009eb8	00036f17	auipc	x30,0x36	 x30=0x8003feb8
     470095.000 ns	     47008	80009ebc	143f2423	sw	x3,328(x30)	 x30:0x8003feb8  x3:0x00000001 PA:0xxxxxxxxx
     470115.000 ns	     47010	80009ec0	ff9ff06f	jal	x0,80009ebc	
     470165.000 ns	     47015	80009eb8	00036f17	auipc	x30,0x36	 x30=0x8003feb8
     470175.000 ns	     47016	80009ebc	143f2423	sw	x3,328(x30)	 x30:0x8003feb8  x3:0x00000001 PA:0xxxxxxxxx
     470195.000 ns	     47018	80009ec0	ff9ff06f	jal	x0,80009ebc	
     470245.000 ns	     47023	80009eb8	00036f17	auipc	x30,0x36	 x30=0x8003feb8
     470255.000 ns	     47024	80009ebc	143f2423	sw	x3,328(x30)	 x30:0x8003feb8  x3:0x00000001 PA:0xxxxxxxxx
     470275.000 ns	     47026	80009ec0	ff9ff06f	jal	x0,80009ebc	
     470325.000 ns	     47031	80009eb8	00036f17	auipc	x30,0x36	 x30=0x8003feb8
     470335.000 ns	     47032	80009ebc	143f2423	sw	x3,328(x30)	 x30:0x8003feb8  x3:0x00000001 PA:0xxxxxxxxx
     470355.000 ns	     47034	80009ec0	ff9ff06f	jal	x0,80009ebc	
     470405.000 ns	     47039	80009eb8	00036f17	auipc	x30,0x36	 x30=0x8003feb8
     470415.000 ns	     47040	80009ebc	143f2423	sw	x3,328(x30)	 x30:0x8003feb8  x3:0x00000001 PA:0xxxxxxxxx
     470435.000 ns	     47042	80009ec0	ff9ff06f	jal	x0,80009ebc	
     470485.000 ns	     47047	80009eb8	00036f17	auipc	x30,0x36	 x30=0x8003feb8
     470495.000 ns	     47048	80009ebc	143f2423	sw	x3,328(x30)	 x30:0x8003feb8  x3:0x00000001 PA:0xxxxxxxxx
     470515.000 ns	     47050	80009ec0	ff9ff06f	jal	x0,80009ebc	
     470565.000 ns	     47055	80009eb8	00036f17	auipc	x30,0x36	 x30=0x8003feb8
     470575.000 ns	     47056	80009ebc	143f2423	sw	x3,328(x30)	 x30:0x8003feb8  x3:0x00000001 PA:0xxxxxxxxx
     470595.000 ns	     47058	80009ec0	ff9ff06f	jal	x0,80009ebc	
     470645.000 ns	     47063	80009eb8	00036f17	auipc	x30,0x36	 x30=0x8003feb8
     470655.000 ns	     47064	80009ebc	143f2423	sw	x3,328(x30)	 x30:0x8003feb8  x3:0x00000001 PA:0xxxxxxxxx
     470675.000 ns	     47066	80009ec0	ff9ff06f	jal	x0,80009ebc	
     470725.000 ns	     47071	80009eb8	00036f17	auipc	x30,0x36	 x30=0x8003feb8
     470735.000 ns	     47072	80009ebc	143f2423	sw	x3,328(x30)	 x30:0x8003feb8  x3:0x00000001 PA:0xxxxxxxxx
     470755.000 ns	     47074	80009ec0	ff9ff06f	jal	x0,80009ebc	
     470805.000 ns	     47079	80009eb8	00036f17	auipc	x30,0x36	 x30=0x8003feb8
     470815.000 ns	     47080	80009ebc	143f2423	sw	x3,328(x30)	 x30:0x8003feb8  x3:0x00000001 PA:0xxxxxxxxx
     470835.000 ns	     47082	80009ec0	ff9ff06f	jal	x0,80009ebc	
     470885.000 ns	     47087	80009eb8	00036f17	auipc	x30,0x36	 x30=0x8003feb8
     470895.000 ns	     47088	80009ebc	143f2423	sw	x3,328(x30)	 x30:0x8003feb8  x3:0x00000001 PA:0xxxxxxxxx
     470915.000 ns	     47090	80009ec0	ff9ff06f	jal	x0,80009ebc	
     470965.000 ns	     47095	80009eb8	00036f17	auipc	x30,0x36	 x30=0x8003feb8
     470975.000 ns	     47096	80009ebc	143f2423	sw	x3,328(x30)	 x30:0x8003feb8  x3:0x00000001 PA:0xxxxxxxxx
     470995.000 ns	     47098	80009ec0	ff9ff06f	jal	x0,80009ebc	
     471045.000 ns	     47103	80009eb8	00036f17	auipc	x30,0x36	 x30=0x8003feb8
     471055.000 ns	     47104	80009ebc	143f2423	sw	x3,328(x30)	 x30:0x8003feb8  x3:0x00000001 PA:0xxxxxxxxx
     471075.000 ns	     47106	80009ec0	ff9ff06f	jal	x0,80009ebc	
     471125.000 ns	     47111	80009eb8	00036f17	auipc	x30,0x36	 x30=0x8003feb8
     471135.000 ns	     47112	80009ebc	143f2423	sw	x3,328(x30)	 x30:0x8003feb8  x3:0x00000001 PA:0xxxxxxxxx
     471155.000 ns	     47114	80009ec0	ff9ff06f	jal	x0,80009ebc	
     471205.000 ns	     47119	80009eb8	00036f17	auipc	x30,0x36	 x30=0x8003feb8
     471215.000 ns	     47120	80009ebc	143f2423	sw	x3,328(x30)	 x30:0x8003feb8  x3:0x00000001 PA:0xxxxxxxxx
     471235.000 ns	     47122	80009ec0	ff9ff06f	jal	x0,80009ebc	
     471285.000 ns	     47127	80009eb8	00036f17	auipc	x30,0x36	 x30=0x8003feb8
     471295.000 ns	     47128	80009ebc	143f2423	sw	x3,328(x30)	 x30:0x8003feb8  x3:0x00000001 PA:0xxxxxxxxx
     471315.000 ns	     47130	80009ec0	ff9ff06f	jal	x0,80009ebc	
     471365.000 ns	     47135	80009eb8	00036f17	auipc	x30,0x36	 x30=0x8003feb8
     471375.000 ns	     47136	80009ebc	143f2423	sw	x3,328(x30)	 x30:0x8003feb8  x3:0x00000001 PA:0xxxxxxxxx
     471395.000 ns	     47138	80009ec0	ff9ff06f	jal	x0,80009ebc	
     471445.000 ns	     47143	80009eb8	00036f17	auipc	x30,0x36	 x30=0x8003feb8
     471455.000 ns	     47144	80009ebc	143f2423	sw	x3,328(x30)	 x30:0x8003feb8  x3:0x00000001 PA:0xxxxxxxxx
     471475.000 ns	     47146	80009ec0	ff9ff06f	jal	x0,80009ebc	
     471525.000 ns	     47151	80009eb8	00036f17	auipc	x30,0x36	 x30=0x8003feb8
     471535.000 ns	     47152	80009ebc	143f2423	sw	x3,328(x30)	 x30:0x8003feb8  x3:0x00000001 PA:0xxxxxxxxx
     471555.000 ns	     47154	80009ec0	ff9ff06f	jal	x0,80009ebc	
     471605.000 ns	     47159	80009eb8	00036f17	auipc	x30,0x36	 x30=0x8003feb8
     471615.000 ns	     47160	80009ebc	143f2423	sw	x3,328(x30)	 x30:0x8003feb8  x3:0x00000001 PA:0xxxxxxxxx
     471635.000 ns	     47162	80009ec0	ff9ff06f	jal	x0,80009ebc	
     471685.000 ns	     47167	80009eb8	00036f17	auipc	x30,0x36	 x30=0x8003feb8
     471695.000 ns	     47168	80009ebc	143f2423	sw	x3,328(x30)	 x30:0x8003feb8  x3:0x00000001 PA:0xxxxxxxxx
     471715.000 ns	     47170	80009ec0	ff9ff06f	jal	x0,80009ebc	
     471765.000 ns	     47175	80009eb8	00036f17	auipc	x30,0x36	 x30=0x8003feb8
     471775.000 ns	     47176	80009ebc	143f2423	sw	x3,328(x30)	 x30:0x8003feb8  x3:0x00000001 PA:0xxxxxxxxx
     471795.000 ns	     47178	80009ec0	ff9ff06f	jal	x0,80009ebc	
     471845.000 ns	     47183	80009eb8	00036f17	auipc	x30,0x36	 x30=0x8003feb8
     471855.000 ns	     47184	80009ebc	143f2423	sw	x3,328(x30)	 x30:0x8003feb8  x3:0x00000001 PA:0xxxxxxxxx
     471875.000 ns	     47186	80009ec0	ff9ff06f	jal	x0,80009ebc	
     471925.000 ns	     47191	80009eb8	00036f17	auipc	x30,0x36	 x30=0x8003feb8
     471935.000 ns	     47192	80009ebc	143f2423	sw	x3,328(x30)	 x30:0x8003feb8  x3:0x00000001 PA:0xxxxxxxxx
     471955.000 ns	     47194	80009ec0	ff9ff06f	jal	x0,80009ebc	
     472005.000 ns	     47199	80009eb8	00036f17	auipc	x30,0x36	 x30=0x8003feb8
     472015.000 ns	     47200	80009ebc	143f2423	sw	x3,328(x30)	 x30:0x8003feb8  x3:0x00000001 PA:0xxxxxxxxx
     472035.000 ns	     47202	80009ec0	ff9ff06f	jal	x0,80009ebc	
     472085.000 ns	     47207	80009eb8	00036f17	auipc	x30,0x36	 x30=0x8003feb8
     472095.000 ns	     47208	80009ebc	143f2423	sw	x3,328(x30)	 x30:0x8003feb8  x3:0x00000001 PA:0xxxxxxxxx
     472115.000 ns	     47210	80009ec0	ff9ff06f	jal	x0,80009ebc	
     472165.000 ns	     47215	80009eb8	00036f17	auipc	x30,0x36	 x30=0x8003feb8
     472175.000 ns	     47216	80009ebc	143f2423	sw	x3,328(x30)	 x30:0x8003feb8  x3:0x00000001 PA:0xxxxxxxxx
     472195.000 ns	     47218	80009ec0	ff9ff06f	jal	x0,80009ebc	
     472245.000 ns	     47223	80009eb8	00036f17	auipc	x30,0x36	 x30=0x8003feb8
     472255.000 ns	     47224	80009ebc	143f2423	sw	x3,328(x30)	 x30:0x8003feb8  x3:0x00000001 PA:0xxxxxxxxx
     472275.000 ns	     47226	80009ec0	ff9ff06f	jal	x0,80009ebc	
     472325.000 ns	     47231	80009eb8	00036f17	auipc	x30,0x36	 x30=0x8003feb8
     472335.000 ns	     47232	80009ebc	143f2423	sw	x3,328(x30)	 x30:0x8003feb8  x3:0x00000001 PA:0xxxxxxxxx
     472355.000 ns	     47234	80009ec0	ff9ff06f	jal	x0,80009ebc	
     472405.000 ns	     47239	80009eb8	00036f17	auipc	x30,0x36	 x30=0x8003feb8
     472415.000 ns	     47240	80009ebc	143f2423	sw	x3,328(x30)	 x30:0x8003feb8  x3:0x00000001 PA:0xxxxxxxxx
     472435.000 ns	     47242	80009ec0	ff9ff06f	jal	x0,80009ebc	
     472485.000 ns	     47247	80009eb8	00036f17	auipc	x30,0x36	 x30=0x8003feb8
     472495.000 ns	     47248	80009ebc	143f2423	sw	x3,328(x30)	 x30:0x8003feb8  x3:0x00000001 PA:0xxxxxxxxx
     472515.000 ns	     47250	80009ec0	ff9ff06f	jal	x0,80009ebc	
     472565.000 ns	     47255	80009eb8	00036f17	auipc	x30,0x36	 x30=0x8003feb8
     472575.000 ns	     47256	80009ebc	143f2423	sw	x3,328(x30)	 x30:0x8003feb8  x3:0x00000001 PA:0xxxxxxxxx
     472595.000 ns	     47258	80009ec0	ff9ff06f	jal	x0,80009ebc	
     472645.000 ns	     47263	80009eb8	00036f17	auipc	x30,0x36	 x30=0x8003feb8
     472655.000 ns	     47264	80009ebc	143f2423	sw	x3,328(x30)	 x30:0x8003feb8  x3:0x00000001 PA:0xxxxxxxxx
     472675.000 ns	     47266	80009ec0	ff9ff06f	jal	x0,80009ebc	
     472725.000 ns	     47271	80009eb8	00036f17	auipc	x30,0x36	 x30=0x8003feb8
     472735.000 ns	     47272	80009ebc	143f2423	sw	x3,328(x30)	 x30:0x8003feb8  x3:0x00000001 PA:0xxxxxxxxx
     472755.000 ns	     47274	80009ec0	ff9ff06f	jal	x0,80009ebc	
     472805.000 ns	     47279	80009eb8	00036f17	auipc	x30,0x36	 x30=0x8003feb8
     472815.000 ns	     47280	80009ebc	143f2423	sw	x3,328(x30)	 x30:0x8003feb8  x3:0x00000001 PA:0xxxxxxxxx
     472835.000 ns	     47282	80009ec0	ff9ff06f	jal	x0,80009ebc	
     472885.000 ns	     47287	80009eb8	00036f17	auipc	x30,0x36	 x30=0x8003feb8
     472895.000 ns	     47288	80009ebc	143f2423	sw	x3,328(x30)	 x30:0x8003feb8  x3:0x00000001 PA:0xxxxxxxxx
     472915.000 ns	     47290	80009ec0	ff9ff06f	jal	x0,80009ebc	
     472965.000 ns	     47295	80009eb8	00036f17	auipc	x30,0x36	 x30=0x8003feb8
     472975.000 ns	     47296	80009ebc	143f2423	sw	x3,328(x30)	 x30:0x8003feb8  x3:0x00000001 PA:0xxxxxxxxx
     472995.000 ns	     47298	80009ec0	ff9ff06f	jal	x0,80009ebc	
     473045.000 ns	     47303	80009eb8	00036f17	auipc	x30,0x36	 x30=0x8003feb8
     473055.000 ns	     47304	80009ebc	143f2423	sw	x3,328(x30)	 x30:0x8003feb8  x3:0x00000001 PA:0xxxxxxxxx
     473075.000 ns	     47306	80009ec0	ff9ff06f	jal	x0,80009ebc	
     473125.000 ns	     47311	80009eb8	00036f17	auipc	x30,0x36	 x30=0x8003feb8
     473135.000 ns	     47312	80009ebc	143f2423	sw	x3,328(x30)	 x30:0x8003feb8  x3:0x00000001 PA:0xxxxxxxxx
     473155.000 ns	     47314	80009ec0	ff9ff06f	jal	x0,80009ebc	
     473205.000 ns	     47319	80009eb8	00036f17	auipc	x30,0x36	 x30=0x8003feb8
     473215.000 ns	     47320	80009ebc	143f2423	sw	x3,328(x30)	 x30:0x8003feb8  x3:0x00000001 PA:0xxxxxxxxx
     473235.000 ns	     47322	80009ec0	ff9ff06f	jal	x0,80009ebc	
     473285.000 ns	     47327	80009eb8	00036f17	auipc	x30,0x36	 x30=0x8003feb8
     473295.000 ns	     47328	80009ebc	143f2423	sw	x3,328(x30)	 x30:0x8003feb8  x3:0x00000001 PA:0xxxxxxxxx
     473315.000 ns	     47330	80009ec0	ff9ff06f	jal	x0,80009ebc	
     473365.000 ns	     47335	80009eb8	00036f17	auipc	x30,0x36	 x30=0x8003feb8
     473375.000 ns	     47336	80009ebc	143f2423	sw	x3,328(x30)	 x30:0x8003feb8  x3:0x00000001 PA:0xxxxxxxxx
     473395.000 ns	     47338	80009ec0	ff9ff06f	jal	x0,80009ebc	
     473445.000 ns	     47343	80009eb8	00036f17	auipc	x30,0x36	 x30=0x8003feb8
     473455.000 ns	     47344	80009ebc	143f2423	sw	x3,328(x30)	 x30:0x8003feb8  x3:0x00000001 PA:0xxxxxxxxx
     473475.000 ns	     47346	80009ec0	ff9ff06f	jal	x0,80009ebc	
     473525.000 ns	     47351	80009eb8	00036f17	auipc	x30,0x36	 x30=0x8003feb8
     473535.000 ns	     47352	80009ebc	143f2423	sw	x3,328(x30)	 x30:0x8003feb8  x3:0x00000001 PA:0xxxxxxxxx
     473555.000 ns	     47354	80009ec0	ff9ff06f	jal	x0,80009ebc	
     473605.000 ns	     47359	80009eb8	00036f17	auipc	x30,0x36	 x30=0x8003feb8
     473615.000 ns	     47360	80009ebc	143f2423	sw	x3,328(x30)	 x30:0x8003feb8  x3:0x00000001 PA:0xxxxxxxxx
     473635.000 ns	     47362	80009ec0	ff9ff06f	jal	x0,80009ebc	
     473685.000 ns	     47367	80009eb8	00036f17	auipc	x30,0x36	 x30=0x8003feb8
     473695.000 ns	     47368	80009ebc	143f2423	sw	x3,328(x30)	 x30:0x8003feb8  x3:0x00000001 PA:0xxxxxxxxx
     473715.000 ns	     47370	80009ec0	ff9ff06f	jal	x0,80009ebc	
     473765.000 ns	     47375	80009eb8	00036f17	auipc	x30,0x36	 x30=0x8003feb8
     473775.000 ns	     47376	80009ebc	143f2423	sw	x3,328(x30)	 x30:0x8003feb8  x3:0x00000001 PA:0xxxxxxxxx
     473795.000 ns	     47378	80009ec0	ff9ff06f	jal	x0,80009ebc	
     473845.000 ns	     47383	80009eb8	00036f17	auipc	x30,0x36	 x30=0x8003feb8
     473855.000 ns	     47384	80009ebc	143f2423	sw	x3,328(x30)	 x30:0x8003feb8  x3:0x00000001 PA:0xxxxxxxxx
     473875.000 ns	     47386	80009ec0	ff9ff06f	jal	x0,80009ebc	
     473925.000 ns	     47391	80009eb8	00036f17	auipc	x30,0x36	 x30=0x8003feb8
     473935.000 ns	     47392	80009ebc	143f2423	sw	x3,328(x30)	 x30:0x8003feb8  x3:0x00000001 PA:0xxxxxxxxx
     473955.000 ns	     47394	80009ec0	ff9ff06f	jal	x0,80009ebc	
     474005.000 ns	     47399	80009eb8	00036f17	auipc	x30,0x36	 x30=0x8003feb8
     474015.000 ns	     47400	80009ebc	143f2423	sw	x3,328(x30)	 x30:0x8003feb8  x3:0x00000001 PA:0xxxxxxxxx
     474035.000 ns	     47402	80009ec0	ff9ff06f	jal	x0,80009ebc	
     474085.000 ns	     47407	80009eb8	00036f17	auipc	x30,0x36	 x30=0x8003feb8
     474095.000 ns	     47408	80009ebc	143f2423	sw	x3,328(x30)	 x30:0x8003feb8  x3:0x00000001 PA:0xxxxxxxxx
     474115.000 ns	     47410	80009ec0	ff9ff06f	jal	x0,80009ebc	
     474165.000 ns	     47415	80009eb8	00036f17	auipc	x30,0x36	 x30=0x8003feb8
     474175.000 ns	     47416	80009ebc	143f2423	sw	x3,328(x30)	 x30:0x8003feb8  x3:0x00000001 PA:0xxxxxxxxx
     474195.000 ns	     47418	80009ec0	ff9ff06f	jal	x0,80009ebc	
     474245.000 ns	     47423	80009eb8	00036f17	auipc	x30,0x36	 x30=0x8003feb8
     474255.000 ns	     47424	80009ebc	143f2423	sw	x3,328(x30)	 x30:0x8003feb8  x3:0x00000001 PA:0xxxxxxxxx
     474275.000 ns	     47426	80009ec0	ff9ff06f	jal	x0,80009ebc	
     474325.000 ns	     47431	80009eb8	00036f17	auipc	x30,0x36	 x30=0x8003feb8
     474335.000 ns	     47432	80009ebc	143f2423	sw	x3,328(x30)	 x30:0x8003feb8  x3:0x00000001 PA:0xxxxxxxxx
     474355.000 ns	     47434	80009ec0	ff9ff06f	jal	x0,80009ebc	
     474405.000 ns	     47439	80009eb8	00036f17	auipc	x30,0x36	 x30=0x8003feb8
     474415.000 ns	     47440	80009ebc	143f2423	sw	x3,328(x30)	 x30:0x8003feb8  x3:0x00000001 PA:0xxxxxxxxx
     474435.000 ns	     47442	80009ec0	ff9ff06f	jal	x0,80009ebc	
     474485.000 ns	     47447	80009eb8	00036f17	auipc	x30,0x36	 x30=0x8003feb8
     474495.000 ns	     47448	80009ebc	143f2423	sw	x3,328(x30)	 x30:0x8003feb8  x3:0x00000001 PA:0xxxxxxxxx
     474515.000 ns	     47450	80009ec0	ff9ff06f	jal	x0,80009ebc	
     474565.000 ns	     47455	80009eb8	00036f17	auipc	x30,0x36	 x30=0x8003feb8
     474575.000 ns	     47456	80009ebc	143f2423	sw	x3,328(x30)	 x30:0x8003feb8  x3:0x00000001 PA:0xxxxxxxxx
     474595.000 ns	     47458	80009ec0	ff9ff06f	jal	x0,80009ebc	
     474645.000 ns	     47463	80009eb8	00036f17	auipc	x30,0x36	 x30=0x8003feb8
     474655.000 ns	     47464	80009ebc	143f2423	sw	x3,328(x30)	 x30:0x8003feb8  x3:0x00000001 PA:0xxxxxxxxx
     474675.000 ns	     47466	80009ec0	ff9ff06f	jal	x0,80009ebc	
     474725.000 ns	     47471	80009eb8	00036f17	auipc	x30,0x36	 x30=0x8003feb8
     474735.000 ns	     47472	80009ebc	143f2423	sw	x3,328(x30)	 x30:0x8003feb8  x3:0x00000001 PA:0xxxxxxxxx
     474755.000 ns	     47474	80009ec0	ff9ff06f	jal	x0,80009ebc	
     474805.000 ns	     47479	80009eb8	00036f17	auipc	x30,0x36	 x30=0x8003feb8
     474815.000 ns	     47480	80009ebc	143f2423	sw	x3,328(x30)	 x30:0x8003feb8  x3:0x00000001 PA:0xxxxxxxxx
     474835.000 ns	     47482	80009ec0	ff9ff06f	jal	x0,80009ebc	
     474885.000 ns	     47487	80009eb8	00036f17	auipc	x30,0x36	 x30=0x8003feb8
     474895.000 ns	     47488	80009ebc	143f2423	sw	x3,328(x30)	 x30:0x8003feb8  x3:0x00000001 PA:0xxxxxxxxx
     474915.000 ns	     47490	80009ec0	ff9ff06f	jal	x0,80009ebc	
     474965.000 ns	     47495	80009eb8	00036f17	auipc	x30,0x36	 x30=0x8003feb8
     474975.000 ns	     47496	80009ebc	143f2423	sw	x3,328(x30)	 x30:0x8003feb8  x3:0x00000001 PA:0xxxxxxxxx
     474995.000 ns	     47498	80009ec0	ff9ff06f	jal	x0,80009ebc	
     475045.000 ns	     47503	80009eb8	00036f17	auipc	x30,0x36	 x30=0x8003feb8
     475055.000 ns	     47504	80009ebc	143f2423	sw	x3,328(x30)	 x30:0x8003feb8  x3:0x00000001 PA:0xxxxxxxxx
     475075.000 ns	     47506	80009ec0	ff9ff06f	jal	x0,80009ebc	
     475125.000 ns	     47511	80009eb8	00036f17	auipc	x30,0x36	 x30=0x8003feb8
     475135.000 ns	     47512	80009ebc	143f2423	sw	x3,328(x30)	 x30:0x8003feb8  x3:0x00000001 PA:0xxxxxxxxx
     475155.000 ns	     47514	80009ec0	ff9ff06f	jal	x0,80009ebc	
     475205.000 ns	     47519	80009eb8	00036f17	auipc	x30,0x36	 x30=0x8003feb8
     475215.000 ns	     47520	80009ebc	143f2423	sw	x3,328(x30)	 x30:0x8003feb8  x3:0x00000001 PA:0xxxxxxxxx
     475235.000 ns	     47522	80009ec0	ff9ff06f	jal	x0,80009ebc	
     475285.000 ns	     47527	80009eb8	00036f17	auipc	x30,0x36	 x30=0x8003feb8
     475295.000 ns	     47528	80009ebc	143f2423	sw	x3,328(x30)	 x30:0x8003feb8  x3:0x00000001 PA:0xxxxxxxxx
     475315.000 ns	     47530	80009ec0	ff9ff06f	jal	x0,80009ebc	
     475365.000 ns	     47535	80009eb8	00036f17	auipc	x30,0x36	 x30=0x8003feb8
     475375.000 ns	     47536	80009ebc	143f2423	sw	x3,328(x30)	 x30:0x8003feb8  x3:0x00000001 PA:0xxxxxxxxx
     475395.000 ns	     47538	80009ec0	ff9ff06f	jal	x0,80009ebc	
     475445.000 ns	     47543	80009eb8	00036f17	auipc	x30,0x36	 x30=0x8003feb8
     475455.000 ns	     47544	80009ebc	143f2423	sw	x3,328(x30)	 x30:0x8003feb8  x3:0x00000001 PA:0xxxxxxxxx
     475475.000 ns	     47546	80009ec0	ff9ff06f	jal	x0,80009ebc	
     475525.000 ns	     47551	80009eb8	00036f17	auipc	x30,0x36	 x30=0x8003feb8
     475535.000 ns	     47552	80009ebc	143f2423	sw	x3,328(x30)	 x30:0x8003feb8  x3:0x00000001 PA:0xxxxxxxxx
     475555.000 ns	     47554	80009ec0	ff9ff06f	jal	x0,80009ebc	
     475605.000 ns	     47559	80009eb8	00036f17	auipc	x30,0x36	 x30=0x8003feb8
     475615.000 ns	     47560	80009ebc	143f2423	sw	x3,328(x30)	 x30:0x8003feb8  x3:0x00000001 PA:0xxxxxxxxx
     475635.000 ns	     47562	80009ec0	ff9ff06f	jal	x0,80009ebc	
     475685.000 ns	     47567	80009eb8	00036f17	auipc	x30,0x36	 x30=0x8003feb8
     475695.000 ns	     47568	80009ebc	143f2423	sw	x3,328(x30)	 x30:0x8003feb8  x3:0x00000001 PA:0xxxxxxxxx
     475715.000 ns	     47570	80009ec0	ff9ff06f	jal	x0,80009ebc	
     475765.000 ns	     47575	80009eb8	00036f17	auipc	x30,0x36	 x30=0x8003feb8
     475775.000 ns	     47576	80009ebc	143f2423	sw	x3,328(x30)	 x30:0x8003feb8  x3:0x00000001 PA:0xxxxxxxxx
     475795.000 ns	     47578	80009ec0	ff9ff06f	jal	x0,80009ebc	
     475845.000 ns	     47583	80009eb8	00036f17	auipc	x30,0x36	 x30=0x8003feb8
     475855.000 ns	     47584	80009ebc	143f2423	sw	x3,328(x30)	 x30:0x8003feb8  x3:0x00000001 PA:0xxxxxxxxx
     475875.000 ns	     47586	80009ec0	ff9ff06f	jal	x0,80009ebc	
     475925.000 ns	     47591	80009eb8	00036f17	auipc	x30,0x36	 x30=0x8003feb8
     475935.000 ns	     47592	80009ebc	143f2423	sw	x3,328(x30)	 x30:0x8003feb8  x3:0x00000001 PA:0xxxxxxxxx
     475955.000 ns	     47594	80009ec0	ff9ff06f	jal	x0,80009ebc	
     476005.000 ns	     47599	80009eb8	00036f17	auipc	x30,0x36	 x30=0x8003feb8
     476015.000 ns	     47600	80009ebc	143f2423	sw	x3,328(x30)	 x30:0x8003feb8  x3:0x00000001 PA:0xxxxxxxxx
     476035.000 ns	     47602	80009ec0	ff9ff06f	jal	x0,80009ebc	
     476085.000 ns	     47607	80009eb8	00036f17	auipc	x30,0x36	 x30=0x8003feb8
     476095.000 ns	     47608	80009ebc	143f2423	sw	x3,328(x30)	 x30:0x8003feb8  x3:0x00000001 PA:0xxxxxxxxx
     476115.000 ns	     47610	80009ec0	ff9ff06f	jal	x0,80009ebc	
     476165.000 ns	     47615	80009eb8	00036f17	auipc	x30,0x36	 x30=0x8003feb8
     476175.000 ns	     47616	80009ebc	143f2423	sw	x3,328(x30)	 x30:0x8003feb8  x3:0x00000001 PA:0xxxxxxxxx
     476195.000 ns	     47618	80009ec0	ff9ff06f	jal	x0,80009ebc	
     476245.000 ns	     47623	80009eb8	00036f17	auipc	x30,0x36	 x30=0x8003feb8
     476255.000 ns	     47624	80009ebc	143f2423	sw	x3,328(x30)	 x30:0x8003feb8  x3:0x00000001 PA:0xxxxxxxxx
     476275.000 ns	     47626	80009ec0	ff9ff06f	jal	x0,80009ebc	
     476325.000 ns	     47631	80009eb8	00036f17	auipc	x30,0x36	 x30=0x8003feb8
     476335.000 ns	     47632	80009ebc	143f2423	sw	x3,328(x30)	 x30:0x8003feb8  x3:0x00000001 PA:0xxxxxxxxx
     476355.000 ns	     47634	80009ec0	ff9ff06f	jal	x0,80009ebc	
     476405.000 ns	     47639	80009eb8	00036f17	auipc	x30,0x36	 x30=0x8003feb8
     476415.000 ns	     47640	80009ebc	143f2423	sw	x3,328(x30)	 x30:0x8003feb8  x3:0x00000001 PA:0xxxxxxxxx
     476435.000 ns	     47642	80009ec0	ff9ff06f	jal	x0,80009ebc	
     476485.000 ns	     47647	80009eb8	00036f17	auipc	x30,0x36	 x30=0x8003feb8
     476495.000 ns	     47648	80009ebc	143f2423	sw	x3,328(x30)	 x30:0x8003feb8  x3:0x00000001 PA:0xxxxxxxxx
     476515.000 ns	     47650	80009ec0	ff9ff06f	jal	x0,80009ebc	
     476565.000 ns	     47655	80009eb8	00036f17	auipc	x30,0x36	 x30=0x8003feb8
     476575.000 ns	     47656	80009ebc	143f2423	sw	x3,328(x30)	 x30:0x8003feb8  x3:0x00000001 PA:0xxxxxxxxx
     476595.000 ns	     47658	80009ec0	ff9ff06f	jal	x0,80009ebc	
     476645.000 ns	     47663	80009eb8	00036f17	auipc	x30,0x36	 x30=0x8003feb8
     476655.000 ns	     47664	80009ebc	143f2423	sw	x3,328(x30)	 x30:0x8003feb8  x3:0x00000001 PA:0xxxxxxxxx
     476675.000 ns	     47666	80009ec0	ff9ff06f	jal	x0,80009ebc	
     476725.000 ns	     47671	80009eb8	00036f17	auipc	x30,0x36	 x30=0x8003feb8
     476735.000 ns	     47672	80009ebc	143f2423	sw	x3,328(x30)	 x30:0x8003feb8  x3:0x00000001 PA:0xxxxxxxxx
     476755.000 ns	     47674	80009ec0	ff9ff06f	jal	x0,80009ebc	
     476805.000 ns	     47679	80009eb8	00036f17	auipc	x30,0x36	 x30=0x8003feb8
     476815.000 ns	     47680	80009ebc	143f2423	sw	x3,328(x30)	 x30:0x8003feb8  x3:0x00000001 PA:0xxxxxxxxx
     476835.000 ns	     47682	80009ec0	ff9ff06f	jal	x0,80009ebc	
     476885.000 ns	     47687	80009eb8	00036f17	auipc	x30,0x36	 x30=0x8003feb8
     476895.000 ns	     47688	80009ebc	143f2423	sw	x3,328(x30)	 x30:0x8003feb8  x3:0x00000001 PA:0xxxxxxxxx
     476915.000 ns	     47690	80009ec0	ff9ff06f	jal	x0,80009ebc	
     476965.000 ns	     47695	80009eb8	00036f17	auipc	x30,0x36	 x30=0x8003feb8
     476975.000 ns	     47696	80009ebc	143f2423	sw	x3,328(x30)	 x30:0x8003feb8  x3:0x00000001 PA:0xxxxxxxxx
     476995.000 ns	     47698	80009ec0	ff9ff06f	jal	x0,80009ebc	
     477045.000 ns	     47703	80009eb8	00036f17	auipc	x30,0x36	 x30=0x8003feb8
     477055.000 ns	     47704	80009ebc	143f2423	sw	x3,328(x30)	 x30:0x8003feb8  x3:0x00000001 PA:0xxxxxxxxx
     477075.000 ns	     47706	80009ec0	ff9ff06f	jal	x0,80009ebc	
     477125.000 ns	     47711	80009eb8	00036f17	auipc	x30,0x36	 x30=0x8003feb8
     477135.000 ns	     47712	80009ebc	143f2423	sw	x3,328(x30)	 x30:0x8003feb8  x3:0x00000001 PA:0xxxxxxxxx
     477155.000 ns	     47714	80009ec0	ff9ff06f	jal	x0,80009ebc	
     477205.000 ns	     47719	80009eb8	00036f17	auipc	x30,0x36	 x30=0x8003feb8
     477215.000 ns	     47720	80009ebc	143f2423	sw	x3,328(x30)	 x30:0x8003feb8  x3:0x00000001 PA:0xxxxxxxxx
     477235.000 ns	     47722	80009ec0	ff9ff06f	jal	x0,80009ebc	
     477285.000 ns	     47727	80009eb8	00036f17	auipc	x30,0x36	 x30=0x8003feb8
     477295.000 ns	     47728	80009ebc	143f2423	sw	x3,328(x30)	 x30:0x8003feb8  x3:0x00000001 PA:0xxxxxxxxx
     477315.000 ns	     47730	80009ec0	ff9ff06f	jal	x0,80009ebc	
     477365.000 ns	     47735	80009eb8	00036f17	auipc	x30,0x36	 x30=0x8003feb8
     477375.000 ns	     47736	80009ebc	143f2423	sw	x3,328(x30)	 x30:0x8003feb8  x3:0x00000001 PA:0xxxxxxxxx
     477395.000 ns	     47738	80009ec0	ff9ff06f	jal	x0,80009ebc	
     477445.000 ns	     47743	80009eb8	00036f17	auipc	x30,0x36	 x30=0x8003feb8
     477455.000 ns	     47744	80009ebc	143f2423	sw	x3,328(x30)	 x30:0x8003feb8  x3:0x00000001 PA:0xxxxxxxxx
     477475.000 ns	     47746	80009ec0	ff9ff06f	jal	x0,80009ebc	
     477525.000 ns	     47751	80009eb8	00036f17	auipc	x30,0x36	 x30=0x8003feb8
     477535.000 ns	     47752	80009ebc	143f2423	sw	x3,328(x30)	 x30:0x8003feb8  x3:0x00000001 PA:0xxxxxxxxx
     477555.000 ns	     47754	80009ec0	ff9ff06f	jal	x0,80009ebc	
     477605.000 ns	     47759	80009eb8	00036f17	auipc	x30,0x36	 x30=0x8003feb8
     477615.000 ns	     47760	80009ebc	143f2423	sw	x3,328(x30)	 x30:0x8003feb8  x3:0x00000001 PA:0xxxxxxxxx
     477635.000 ns	     47762	80009ec0	ff9ff06f	jal	x0,80009ebc	
     477685.000 ns	     47767	80009eb8	00036f17	auipc	x30,0x36	 x30=0x8003feb8
     477695.000 ns	     47768	80009ebc	143f2423	sw	x3,328(x30)	 x30:0x8003feb8  x3:0x00000001 PA:0xxxxxxxxx
     477715.000 ns	     47770	80009ec0	ff9ff06f	jal	x0,80009ebc	
     477765.000 ns	     47775	80009eb8	00036f17	auipc	x30,0x36	 x30=0x8003feb8
     477775.000 ns	     47776	80009ebc	143f2423	sw	x3,328(x30)	 x30:0x8003feb8  x3:0x00000001 PA:0xxxxxxxxx
     477795.000 ns	     47778	80009ec0	ff9ff06f	jal	x0,80009ebc	
     477845.000 ns	     47783	80009eb8	00036f17	auipc	x30,0x36	 x30=0x8003feb8
     477855.000 ns	     47784	80009ebc	143f2423	sw	x3,328(x30)	 x30:0x8003feb8  x3:0x00000001 PA:0xxxxxxxxx
     477875.000 ns	     47786	80009ec0	ff9ff06f	jal	x0,80009ebc	
     477925.000 ns	     47791	80009eb8	00036f17	auipc	x30,0x36	 x30=0x8003feb8
     477935.000 ns	     47792	80009ebc	143f2423	sw	x3,328(x30)	 x30:0x8003feb8  x3:0x00000001 PA:0xxxxxxxxx
     477955.000 ns	     47794	80009ec0	ff9ff06f	jal	x0,80009ebc	
     478005.000 ns	     47799	80009eb8	00036f17	auipc	x30,0x36	 x30=0x8003feb8
     478015.000 ns	     47800	80009ebc	143f2423	sw	x3,328(x30)	 x30:0x8003feb8  x3:0x00000001 PA:0xxxxxxxxx
     478035.000 ns	     47802	80009ec0	ff9ff06f	jal	x0,80009ebc	
     478085.000 ns	     47807	80009eb8	00036f17	auipc	x30,0x36	 x30=0x8003feb8
     478095.000 ns	     47808	80009ebc	143f2423	sw	x3,328(x30)	 x30:0x8003feb8  x3:0x00000001 PA:0xxxxxxxxx
     478115.000 ns	     47810	80009ec0	ff9ff06f	jal	x0,80009ebc	
     478165.000 ns	     47815	80009eb8	00036f17	auipc	x30,0x36	 x30=0x8003feb8
     478175.000 ns	     47816	80009ebc	143f2423	sw	x3,328(x30)	 x30:0x8003feb8  x3:0x00000001 PA:0xxxxxxxxx
     478195.000 ns	     47818	80009ec0	ff9ff06f	jal	x0,80009ebc	
     478245.000 ns	     47823	80009eb8	00036f17	auipc	x30,0x36	 x30=0x8003feb8
     478255.000 ns	     47824	80009ebc	143f2423	sw	x3,328(x30)	 x30:0x8003feb8  x3:0x00000001 PA:0xxxxxxxxx
     478275.000 ns	     47826	80009ec0	ff9ff06f	jal	x0,80009ebc	
     478325.000 ns	     47831	80009eb8	00036f17	auipc	x30,0x36	 x30=0x8003feb8
     478335.000 ns	     47832	80009ebc	143f2423	sw	x3,328(x30)	 x30:0x8003feb8  x3:0x00000001 PA:0xxxxxxxxx
     478355.000 ns	     47834	80009ec0	ff9ff06f	jal	x0,80009ebc	
     478405.000 ns	     47839	80009eb8	00036f17	auipc	x30,0x36	 x30=0x8003feb8
     478415.000 ns	     47840	80009ebc	143f2423	sw	x3,328(x30)	 x30:0x8003feb8  x3:0x00000001 PA:0xxxxxxxxx
     478435.000 ns	     47842	80009ec0	ff9ff06f	jal	x0,80009ebc	
     478485.000 ns	     47847	80009eb8	00036f17	auipc	x30,0x36	 x30=0x8003feb8
     478495.000 ns	     47848	80009ebc	143f2423	sw	x3,328(x30)	 x30:0x8003feb8  x3:0x00000001 PA:0xxxxxxxxx
     478515.000 ns	     47850	80009ec0	ff9ff06f	jal	x0,80009ebc	
     478565.000 ns	     47855	80009eb8	00036f17	auipc	x30,0x36	 x30=0x8003feb8
     478575.000 ns	     47856	80009ebc	143f2423	sw	x3,328(x30)	 x30:0x8003feb8  x3:0x00000001 PA:0xxxxxxxxx
     478595.000 ns	     47858	80009ec0	ff9ff06f	jal	x0,80009ebc	
     478645.000 ns	     47863	80009eb8	00036f17	auipc	x30,0x36	 x30=0x8003feb8
     478655.000 ns	     47864	80009ebc	143f2423	sw	x3,328(x30)	 x30:0x8003feb8  x3:0x00000001 PA:0xxxxxxxxx
     478675.000 ns	     47866	80009ec0	ff9ff06f	jal	x0,80009ebc	
     478725.000 ns	     47871	80009eb8	00036f17	auipc	x30,0x36	 x30=0x8003feb8
     478735.000 ns	     47872	80009ebc	143f2423	sw	x3,328(x30)	 x30:0x8003feb8  x3:0x00000001 PA:0xxxxxxxxx
     478755.000 ns	     47874	80009ec0	ff9ff06f	jal	x0,80009ebc	
     478805.000 ns	     47879	80009eb8	00036f17	auipc	x30,0x36	 x30=0x8003feb8
     478815.000 ns	     47880	80009ebc	143f2423	sw	x3,328(x30)	 x30:0x8003feb8  x3:0x00000001 PA:0xxxxxxxxx
     478835.000 ns	     47882	80009ec0	ff9ff06f	jal	x0,80009ebc	
     478885.000 ns	     47887	80009eb8	00036f17	auipc	x30,0x36	 x30=0x8003feb8
     478895.000 ns	     47888	80009ebc	143f2423	sw	x3,328(x30)	 x30:0x8003feb8  x3:0x00000001 PA:0xxxxxxxxx
     478915.000 ns	     47890	80009ec0	ff9ff06f	jal	x0,80009ebc	
     478965.000 ns	     47895	80009eb8	00036f17	auipc	x30,0x36	 x30=0x8003feb8
     478975.000 ns	     47896	80009ebc	143f2423	sw	x3,328(x30)	 x30:0x8003feb8  x3:0x00000001 PA:0xxxxxxxxx
     478995.000 ns	     47898	80009ec0	ff9ff06f	jal	x0,80009ebc	
     479045.000 ns	     47903	80009eb8	00036f17	auipc	x30,0x36	 x30=0x8003feb8
     479055.000 ns	     47904	80009ebc	143f2423	sw	x3,328(x30)	 x30:0x8003feb8  x3:0x00000001 PA:0xxxxxxxxx
     479075.000 ns	     47906	80009ec0	ff9ff06f	jal	x0,80009ebc	
     479125.000 ns	     47911	80009eb8	00036f17	auipc	x30,0x36	 x30=0x8003feb8
     479135.000 ns	     47912	80009ebc	143f2423	sw	x3,328(x30)	 x30:0x8003feb8  x3:0x00000001 PA:0xxxxxxxxx
     479155.000 ns	     47914	80009ec0	ff9ff06f	jal	x0,80009ebc	
     479205.000 ns	     47919	80009eb8	00036f17	auipc	x30,0x36	 x30=0x8003feb8
     479215.000 ns	     47920	80009ebc	143f2423	sw	x3,328(x30)	 x30:0x8003feb8  x3:0x00000001 PA:0xxxxxxxxx
     479235.000 ns	     47922	80009ec0	ff9ff06f	jal	x0,80009ebc	
     479285.000 ns	     47927	80009eb8	00036f17	auipc	x30,0x36	 x30=0x8003feb8
     479295.000 ns	     47928	80009ebc	143f2423	sw	x3,328(x30)	 x30:0x8003feb8  x3:0x00000001 PA:0xxxxxxxxx
     479315.000 ns	     47930	80009ec0	ff9ff06f	jal	x0,80009ebc	
     479365.000 ns	     47935	80009eb8	00036f17	auipc	x30,0x36	 x30=0x8003feb8
     479375.000 ns	     47936	80009ebc	143f2423	sw	x3,328(x30)	 x30:0x8003feb8  x3:0x00000001 PA:0xxxxxxxxx
     479395.000 ns	     47938	80009ec0	ff9ff06f	jal	x0,80009ebc	
     479445.000 ns	     47943	80009eb8	00036f17	auipc	x30,0x36	 x30=0x8003feb8
     479455.000 ns	     47944	80009ebc	143f2423	sw	x3,328(x30)	 x30:0x8003feb8  x3:0x00000001 PA:0xxxxxxxxx
     479475.000 ns	     47946	80009ec0	ff9ff06f	jal	x0,80009ebc	
     479525.000 ns	     47951	80009eb8	00036f17	auipc	x30,0x36	 x30=0x8003feb8
     479535.000 ns	     47952	80009ebc	143f2423	sw	x3,328(x30)	 x30:0x8003feb8  x3:0x00000001 PA:0xxxxxxxxx
     479555.000 ns	     47954	80009ec0	ff9ff06f	jal	x0,80009ebc	
     479605.000 ns	     47959	80009eb8	00036f17	auipc	x30,0x36	 x30=0x8003feb8
     479615.000 ns	     47960	80009ebc	143f2423	sw	x3,328(x30)	 x30:0x8003feb8  x3:0x00000001 PA:0xxxxxxxxx
     479635.000 ns	     47962	80009ec0	ff9ff06f	jal	x0,80009ebc	
     479685.000 ns	     47967	80009eb8	00036f17	auipc	x30,0x36	 x30=0x8003feb8
     479695.000 ns	     47968	80009ebc	143f2423	sw	x3,328(x30)	 x30:0x8003feb8  x3:0x00000001 PA:0xxxxxxxxx
     479715.000 ns	     47970	80009ec0	ff9ff06f	jal	x0,80009ebc	
     479765.000 ns	     47975	80009eb8	00036f17	auipc	x30,0x36	 x30=0x8003feb8
     479775.000 ns	     47976	80009ebc	143f2423	sw	x3,328(x30)	 x30:0x8003feb8  x3:0x00000001 PA:0xxxxxxxxx
     479795.000 ns	     47978	80009ec0	ff9ff06f	jal	x0,80009ebc	
     479845.000 ns	     47983	80009eb8	00036f17	auipc	x30,0x36	 x30=0x8003feb8
     479855.000 ns	     47984	80009ebc	143f2423	sw	x3,328(x30)	 x30:0x8003feb8  x3:0x00000001 PA:0xxxxxxxxx
     479875.000 ns	     47986	80009ec0	ff9ff06f	jal	x0,80009ebc	
     479925.000 ns	     47991	80009eb8	00036f17	auipc	x30,0x36	 x30=0x8003feb8
     479935.000 ns	     47992	80009ebc	143f2423	sw	x3,328(x30)	 x30:0x8003feb8  x3:0x00000001 PA:0xxxxxxxxx
     479955.000 ns	     47994	80009ec0	ff9ff06f	jal	x0,80009ebc	
     480005.000 ns	     47999	80009eb8	00036f17	auipc	x30,0x36	 x30=0x8003feb8
     480015.000 ns	     48000	80009ebc	143f2423	sw	x3,328(x30)	 x30:0x8003feb8  x3:0x00000001 PA:0xxxxxxxxx
     480035.000 ns	     48002	80009ec0	ff9ff06f	jal	x0,80009ebc	
     480085.000 ns	     48007	80009eb8	00036f17	auipc	x30,0x36	 x30=0x8003feb8
     480095.000 ns	     48008	80009ebc	143f2423	sw	x3,328(x30)	 x30:0x8003feb8  x3:0x00000001 PA:0xxxxxxxxx
     480115.000 ns	     48010	80009ec0	ff9ff06f	jal	x0,80009ebc	
     480165.000 ns	     48015	80009eb8	00036f17	auipc	x30,0x36	 x30=0x8003feb8
     480175.000 ns	     48016	80009ebc	143f2423	sw	x3,328(x30)	 x30:0x8003feb8  x3:0x00000001 PA:0xxxxxxxxx
     480195.000 ns	     48018	80009ec0	ff9ff06f	jal	x0,80009ebc	
     480245.000 ns	     48023	80009eb8	00036f17	auipc	x30,0x36	 x30=0x8003feb8
     480255.000 ns	     48024	80009ebc	143f2423	sw	x3,328(x30)	 x30:0x8003feb8  x3:0x00000001 PA:0xxxxxxxxx
     480275.000 ns	     48026	80009ec0	ff9ff06f	jal	x0,80009ebc	
     480325.000 ns	     48031	80009eb8	00036f17	auipc	x30,0x36	 x30=0x8003feb8
     480335.000 ns	     48032	80009ebc	143f2423	sw	x3,328(x30)	 x30:0x8003feb8  x3:0x00000001 PA:0xxxxxxxxx
     480355.000 ns	     48034	80009ec0	ff9ff06f	jal	x0,80009ebc	
     480405.000 ns	     48039	80009eb8	00036f17	auipc	x30,0x36	 x30=0x8003feb8
     480415.000 ns	     48040	80009ebc	143f2423	sw	x3,328(x30)	 x30:0x8003feb8  x3:0x00000001 PA:0xxxxxxxxx
     480435.000 ns	     48042	80009ec0	ff9ff06f	jal	x0,80009ebc	
     480485.000 ns	     48047	80009eb8	00036f17	auipc	x30,0x36	 x30=0x8003feb8
     480495.000 ns	     48048	80009ebc	143f2423	sw	x3,328(x30)	 x30:0x8003feb8  x3:0x00000001 PA:0xxxxxxxxx
     480515.000 ns	     48050	80009ec0	ff9ff06f	jal	x0,80009ebc	
     480565.000 ns	     48055	80009eb8	00036f17	auipc	x30,0x36	 x30=0x8003feb8
     480575.000 ns	     48056	80009ebc	143f2423	sw	x3,328(x30)	 x30:0x8003feb8  x3:0x00000001 PA:0xxxxxxxxx
     480595.000 ns	     48058	80009ec0	ff9ff06f	jal	x0,80009ebc	
     480645.000 ns	     48063	80009eb8	00036f17	auipc	x30,0x36	 x30=0x8003feb8
     480655.000 ns	     48064	80009ebc	143f2423	sw	x3,328(x30)	 x30:0x8003feb8  x3:0x00000001 PA:0xxxxxxxxx
     480675.000 ns	     48066	80009ec0	ff9ff06f	jal	x0,80009ebc	
     480725.000 ns	     48071	80009eb8	00036f17	auipc	x30,0x36	 x30=0x8003feb8
     480735.000 ns	     48072	80009ebc	143f2423	sw	x3,328(x30)	 x30:0x8003feb8  x3:0x00000001 PA:0xxxxxxxxx
     480755.000 ns	     48074	80009ec0	ff9ff06f	jal	x0,80009ebc	
     480805.000 ns	     48079	80009eb8	00036f17	auipc	x30,0x36	 x30=0x8003feb8
     480815.000 ns	     48080	80009ebc	143f2423	sw	x3,328(x30)	 x30:0x8003feb8  x3:0x00000001 PA:0xxxxxxxxx
     480835.000 ns	     48082	80009ec0	ff9ff06f	jal	x0,80009ebc	
     480885.000 ns	     48087	80009eb8	00036f17	auipc	x30,0x36	 x30=0x8003feb8
     480895.000 ns	     48088	80009ebc	143f2423	sw	x3,328(x30)	 x30:0x8003feb8  x3:0x00000001 PA:0xxxxxxxxx
     480915.000 ns	     48090	80009ec0	ff9ff06f	jal	x0,80009ebc	
     480965.000 ns	     48095	80009eb8	00036f17	auipc	x30,0x36	 x30=0x8003feb8
     480975.000 ns	     48096	80009ebc	143f2423	sw	x3,328(x30)	 x30:0x8003feb8  x3:0x00000001 PA:0xxxxxxxxx
     480995.000 ns	     48098	80009ec0	ff9ff06f	jal	x0,80009ebc	
     481045.000 ns	     48103	80009eb8	00036f17	auipc	x30,0x36	 x30=0x8003feb8
     481055.000 ns	     48104	80009ebc	143f2423	sw	x3,328(x30)	 x30:0x8003feb8  x3:0x00000001 PA:0xxxxxxxxx
     481075.000 ns	     48106	80009ec0	ff9ff06f	jal	x0,80009ebc	
     481125.000 ns	     48111	80009eb8	00036f17	auipc	x30,0x36	 x30=0x8003feb8
     481135.000 ns	     48112	80009ebc	143f2423	sw	x3,328(x30)	 x30:0x8003feb8  x3:0x00000001 PA:0xxxxxxxxx
     481155.000 ns	     48114	80009ec0	ff9ff06f	jal	x0,80009ebc	
     481205.000 ns	     48119	80009eb8	00036f17	auipc	x30,0x36	 x30=0x8003feb8
     481215.000 ns	     48120	80009ebc	143f2423	sw	x3,328(x30)	 x30:0x8003feb8  x3:0x00000001 PA:0xxxxxxxxx
     481235.000 ns	     48122	80009ec0	ff9ff06f	jal	x0,80009ebc	
     481285.000 ns	     48127	80009eb8	00036f17	auipc	x30,0x36	 x30=0x8003feb8
     481295.000 ns	     48128	80009ebc	143f2423	sw	x3,328(x30)	 x30:0x8003feb8  x3:0x00000001 PA:0xxxxxxxxx
     481315.000 ns	     48130	80009ec0	ff9ff06f	jal	x0,80009ebc	
     481365.000 ns	     48135	80009eb8	00036f17	auipc	x30,0x36	 x30=0x8003feb8
     481375.000 ns	     48136	80009ebc	143f2423	sw	x3,328(x30)	 x30:0x8003feb8  x3:0x00000001 PA:0xxxxxxxxx
     481395.000 ns	     48138	80009ec0	ff9ff06f	jal	x0,80009ebc	
     481445.000 ns	     48143	80009eb8	00036f17	auipc	x30,0x36	 x30=0x8003feb8
     481455.000 ns	     48144	80009ebc	143f2423	sw	x3,328(x30)	 x30:0x8003feb8  x3:0x00000001 PA:0xxxxxxxxx
     481475.000 ns	     48146	80009ec0	ff9ff06f	jal	x0,80009ebc	
     481525.000 ns	     48151	80009eb8	00036f17	auipc	x30,0x36	 x30=0x8003feb8
     481535.000 ns	     48152	80009ebc	143f2423	sw	x3,328(x30)	 x30:0x8003feb8  x3:0x00000001 PA:0xxxxxxxxx
     481555.000 ns	     48154	80009ec0	ff9ff06f	jal	x0,80009ebc	
     481605.000 ns	     48159	80009eb8	00036f17	auipc	x30,0x36	 x30=0x8003feb8
     481615.000 ns	     48160	80009ebc	143f2423	sw	x3,328(x30)	 x30:0x8003feb8  x3:0x00000001 PA:0xxxxxxxxx
     481635.000 ns	     48162	80009ec0	ff9ff06f	jal	x0,80009ebc	
     481685.000 ns	     48167	80009eb8	00036f17	auipc	x30,0x36	 x30=0x8003feb8
     481695.000 ns	     48168	80009ebc	143f2423	sw	x3,328(x30)	 x30:0x8003feb8  x3:0x00000001 PA:0xxxxxxxxx
     481715.000 ns	     48170	80009ec0	ff9ff06f	jal	x0,80009ebc	
     481765.000 ns	     48175	80009eb8	00036f17	auipc	x30,0x36	 x30=0x8003feb8
     481775.000 ns	     48176	80009ebc	143f2423	sw	x3,328(x30)	 x30:0x8003feb8  x3:0x00000001 PA:0xxxxxxxxx
     481795.000 ns	     48178	80009ec0	ff9ff06f	jal	x0,80009ebc	
     481845.000 ns	     48183	80009eb8	00036f17	auipc	x30,0x36	 x30=0x8003feb8
     481855.000 ns	     48184	80009ebc	143f2423	sw	x3,328(x30)	 x30:0x8003feb8  x3:0x00000001 PA:0xxxxxxxxx
     481875.000 ns	     48186	80009ec0	ff9ff06f	jal	x0,80009ebc	
     481925.000 ns	     48191	80009eb8	00036f17	auipc	x30,0x36	 x30=0x8003feb8
     481935.000 ns	     48192	80009ebc	143f2423	sw	x3,328(x30)	 x30:0x8003feb8  x3:0x00000001 PA:0xxxxxxxxx
     481955.000 ns	     48194	80009ec0	ff9ff06f	jal	x0,80009ebc	
     482005.000 ns	     48199	80009eb8	00036f17	auipc	x30,0x36	 x30=0x8003feb8
     482015.000 ns	     48200	80009ebc	143f2423	sw	x3,328(x30)	 x30:0x8003feb8  x3:0x00000001 PA:0xxxxxxxxx
     482035.000 ns	     48202	80009ec0	ff9ff06f	jal	x0,80009ebc	
     482085.000 ns	     48207	80009eb8	00036f17	auipc	x30,0x36	 x30=0x8003feb8
     482095.000 ns	     48208	80009ebc	143f2423	sw	x3,328(x30)	 x30:0x8003feb8  x3:0x00000001 PA:0xxxxxxxxx
     482115.000 ns	     48210	80009ec0	ff9ff06f	jal	x0,80009ebc	
     482165.000 ns	     48215	80009eb8	00036f17	auipc	x30,0x36	 x30=0x8003feb8
     482175.000 ns	     48216	80009ebc	143f2423	sw	x3,328(x30)	 x30:0x8003feb8  x3:0x00000001 PA:0xxxxxxxxx
     482195.000 ns	     48218	80009ec0	ff9ff06f	jal	x0,80009ebc	
     482245.000 ns	     48223	80009eb8	00036f17	auipc	x30,0x36	 x30=0x8003feb8
     482255.000 ns	     48224	80009ebc	143f2423	sw	x3,328(x30)	 x30:0x8003feb8  x3:0x00000001 PA:0xxxxxxxxx
     482275.000 ns	     48226	80009ec0	ff9ff06f	jal	x0,80009ebc	
     482325.000 ns	     48231	80009eb8	00036f17	auipc	x30,0x36	 x30=0x8003feb8
     482335.000 ns	     48232	80009ebc	143f2423	sw	x3,328(x30)	 x30:0x8003feb8  x3:0x00000001 PA:0xxxxxxxxx
     482355.000 ns	     48234	80009ec0	ff9ff06f	jal	x0,80009ebc	
     482405.000 ns	     48239	80009eb8	00036f17	auipc	x30,0x36	 x30=0x8003feb8
     482415.000 ns	     48240	80009ebc	143f2423	sw	x3,328(x30)	 x30:0x8003feb8  x3:0x00000001 PA:0xxxxxxxxx
     482435.000 ns	     48242	80009ec0	ff9ff06f	jal	x0,80009ebc	
     482485.000 ns	     48247	80009eb8	00036f17	auipc	x30,0x36	 x30=0x8003feb8
     482495.000 ns	     48248	80009ebc	143f2423	sw	x3,328(x30)	 x30:0x8003feb8  x3:0x00000001 PA:0xxxxxxxxx
     482515.000 ns	     48250	80009ec0	ff9ff06f	jal	x0,80009ebc	
     482565.000 ns	     48255	80009eb8	00036f17	auipc	x30,0x36	 x30=0x8003feb8
     482575.000 ns	     48256	80009ebc	143f2423	sw	x3,328(x30)	 x30:0x8003feb8  x3:0x00000001 PA:0xxxxxxxxx
     482595.000 ns	     48258	80009ec0	ff9ff06f	jal	x0,80009ebc	
     482645.000 ns	     48263	80009eb8	00036f17	auipc	x30,0x36	 x30=0x8003feb8
     482655.000 ns	     48264	80009ebc	143f2423	sw	x3,328(x30)	 x30:0x8003feb8  x3:0x00000001 PA:0xxxxxxxxx
     482675.000 ns	     48266	80009ec0	ff9ff06f	jal	x0,80009ebc	
     482725.000 ns	     48271	80009eb8	00036f17	auipc	x30,0x36	 x30=0x8003feb8
     482735.000 ns	     48272	80009ebc	143f2423	sw	x3,328(x30)	 x30:0x8003feb8  x3:0x00000001 PA:0xxxxxxxxx
     482755.000 ns	     48274	80009ec0	ff9ff06f	jal	x0,80009ebc	
     482805.000 ns	     48279	80009eb8	00036f17	auipc	x30,0x36	 x30=0x8003feb8
     482815.000 ns	     48280	80009ebc	143f2423	sw	x3,328(x30)	 x30:0x8003feb8  x3:0x00000001 PA:0xxxxxxxxx
     482835.000 ns	     48282	80009ec0	ff9ff06f	jal	x0,80009ebc	
     482885.000 ns	     48287	80009eb8	00036f17	auipc	x30,0x36	 x30=0x8003feb8
     482895.000 ns	     48288	80009ebc	143f2423	sw	x3,328(x30)	 x30:0x8003feb8  x3:0x00000001 PA:0xxxxxxxxx
     482915.000 ns	     48290	80009ec0	ff9ff06f	jal	x0,80009ebc	
     482965.000 ns	     48295	80009eb8	00036f17	auipc	x30,0x36	 x30=0x8003feb8
     482975.000 ns	     48296	80009ebc	143f2423	sw	x3,328(x30)	 x30:0x8003feb8  x3:0x00000001 PA:0xxxxxxxxx
     482995.000 ns	     48298	80009ec0	ff9ff06f	jal	x0,80009ebc	
     483045.000 ns	     48303	80009eb8	00036f17	auipc	x30,0x36	 x30=0x8003feb8
     483055.000 ns	     48304	80009ebc	143f2423	sw	x3,328(x30)	 x30:0x8003feb8  x3:0x00000001 PA:0xxxxxxxxx
     483075.000 ns	     48306	80009ec0	ff9ff06f	jal	x0,80009ebc	
     483125.000 ns	     48311	80009eb8	00036f17	auipc	x30,0x36	 x30=0x8003feb8
     483135.000 ns	     48312	80009ebc	143f2423	sw	x3,328(x30)	 x30:0x8003feb8  x3:0x00000001 PA:0xxxxxxxxx
     483155.000 ns	     48314	80009ec0	ff9ff06f	jal	x0,80009ebc	
     483205.000 ns	     48319	80009eb8	00036f17	auipc	x30,0x36	 x30=0x8003feb8
     483215.000 ns	     48320	80009ebc	143f2423	sw	x3,328(x30)	 x30:0x8003feb8  x3:0x00000001 PA:0xxxxxxxxx
     483235.000 ns	     48322	80009ec0	ff9ff06f	jal	x0,80009ebc	
     483285.000 ns	     48327	80009eb8	00036f17	auipc	x30,0x36	 x30=0x8003feb8
     483295.000 ns	     48328	80009ebc	143f2423	sw	x3,328(x30)	 x30:0x8003feb8  x3:0x00000001 PA:0xxxxxxxxx
     483315.000 ns	     48330	80009ec0	ff9ff06f	jal	x0,80009ebc	
     483365.000 ns	     48335	80009eb8	00036f17	auipc	x30,0x36	 x30=0x8003feb8
     483375.000 ns	     48336	80009ebc	143f2423	sw	x3,328(x30)	 x30:0x8003feb8  x3:0x00000001 PA:0xxxxxxxxx
     483395.000 ns	     48338	80009ec0	ff9ff06f	jal	x0,80009ebc	
     483445.000 ns	     48343	80009eb8	00036f17	auipc	x30,0x36	 x30=0x8003feb8
     483455.000 ns	     48344	80009ebc	143f2423	sw	x3,328(x30)	 x30:0x8003feb8  x3:0x00000001 PA:0xxxxxxxxx
     483475.000 ns	     48346	80009ec0	ff9ff06f	jal	x0,80009ebc	
     483525.000 ns	     48351	80009eb8	00036f17	auipc	x30,0x36	 x30=0x8003feb8
     483535.000 ns	     48352	80009ebc	143f2423	sw	x3,328(x30)	 x30:0x8003feb8  x3:0x00000001 PA:0xxxxxxxxx
     483555.000 ns	     48354	80009ec0	ff9ff06f	jal	x0,80009ebc	
     483605.000 ns	     48359	80009eb8	00036f17	auipc	x30,0x36	 x30=0x8003feb8
     483615.000 ns	     48360	80009ebc	143f2423	sw	x3,328(x30)	 x30:0x8003feb8  x3:0x00000001 PA:0xxxxxxxxx
     483635.000 ns	     48362	80009ec0	ff9ff06f	jal	x0,80009ebc	
     483685.000 ns	     48367	80009eb8	00036f17	auipc	x30,0x36	 x30=0x8003feb8
     483695.000 ns	     48368	80009ebc	143f2423	sw	x3,328(x30)	 x30:0x8003feb8  x3:0x00000001 PA:0xxxxxxxxx
     483715.000 ns	     48370	80009ec0	ff9ff06f	jal	x0,80009ebc	
     483765.000 ns	     48375	80009eb8	00036f17	auipc	x30,0x36	 x30=0x8003feb8
     483775.000 ns	     48376	80009ebc	143f2423	sw	x3,328(x30)	 x30:0x8003feb8  x3:0x00000001 PA:0xxxxxxxxx
     483795.000 ns	     48378	80009ec0	ff9ff06f	jal	x0,80009ebc	
     483845.000 ns	     48383	80009eb8	00036f17	auipc	x30,0x36	 x30=0x8003feb8
     483855.000 ns	     48384	80009ebc	143f2423	sw	x3,328(x30)	 x30:0x8003feb8  x3:0x00000001 PA:0xxxxxxxxx
     483875.000 ns	     48386	80009ec0	ff9ff06f	jal	x0,80009ebc	
     483925.000 ns	     48391	80009eb8	00036f17	auipc	x30,0x36	 x30=0x8003feb8
     483935.000 ns	     48392	80009ebc	143f2423	sw	x3,328(x30)	 x30:0x8003feb8  x3:0x00000001 PA:0xxxxxxxxx
     483955.000 ns	     48394	80009ec0	ff9ff06f	jal	x0,80009ebc	
     484005.000 ns	     48399	80009eb8	00036f17	auipc	x30,0x36	 x30=0x8003feb8
     484015.000 ns	     48400	80009ebc	143f2423	sw	x3,328(x30)	 x30:0x8003feb8  x3:0x00000001 PA:0xxxxxxxxx
     484035.000 ns	     48402	80009ec0	ff9ff06f	jal	x0,80009ebc	
     484085.000 ns	     48407	80009eb8	00036f17	auipc	x30,0x36	 x30=0x8003feb8
     484095.000 ns	     48408	80009ebc	143f2423	sw	x3,328(x30)	 x30:0x8003feb8  x3:0x00000001 PA:0xxxxxxxxx
     484115.000 ns	     48410	80009ec0	ff9ff06f	jal	x0,80009ebc	
     484165.000 ns	     48415	80009eb8	00036f17	auipc	x30,0x36	 x30=0x8003feb8
     484175.000 ns	     48416	80009ebc	143f2423	sw	x3,328(x30)	 x30:0x8003feb8  x3:0x00000001 PA:0xxxxxxxxx
     484195.000 ns	     48418	80009ec0	ff9ff06f	jal	x0,80009ebc	
     484245.000 ns	     48423	80009eb8	00036f17	auipc	x30,0x36	 x30=0x8003feb8
     484255.000 ns	     48424	80009ebc	143f2423	sw	x3,328(x30)	 x30:0x8003feb8  x3:0x00000001 PA:0xxxxxxxxx
     484275.000 ns	     48426	80009ec0	ff9ff06f	jal	x0,80009ebc	
     484325.000 ns	     48431	80009eb8	00036f17	auipc	x30,0x36	 x30=0x8003feb8
     484335.000 ns	     48432	80009ebc	143f2423	sw	x3,328(x30)	 x30:0x8003feb8  x3:0x00000001 PA:0xxxxxxxxx
     484355.000 ns	     48434	80009ec0	ff9ff06f	jal	x0,80009ebc	
     484405.000 ns	     48439	80009eb8	00036f17	auipc	x30,0x36	 x30=0x8003feb8
     484415.000 ns	     48440	80009ebc	143f2423	sw	x3,328(x30)	 x30:0x8003feb8  x3:0x00000001 PA:0xxxxxxxxx
     484435.000 ns	     48442	80009ec0	ff9ff06f	jal	x0,80009ebc	
     484485.000 ns	     48447	80009eb8	00036f17	auipc	x30,0x36	 x30=0x8003feb8
     484495.000 ns	     48448	80009ebc	143f2423	sw	x3,328(x30)	 x30:0x8003feb8  x3:0x00000001 PA:0xxxxxxxxx
     484515.000 ns	     48450	80009ec0	ff9ff06f	jal	x0,80009ebc	
     484565.000 ns	     48455	80009eb8	00036f17	auipc	x30,0x36	 x30=0x8003feb8
     484575.000 ns	     48456	80009ebc	143f2423	sw	x3,328(x30)	 x30:0x8003feb8  x3:0x00000001 PA:0xxxxxxxxx
     484595.000 ns	     48458	80009ec0	ff9ff06f	jal	x0,80009ebc	
     484645.000 ns	     48463	80009eb8	00036f17	auipc	x30,0x36	 x30=0x8003feb8
     484655.000 ns	     48464	80009ebc	143f2423	sw	x3,328(x30)	 x30:0x8003feb8  x3:0x00000001 PA:0xxxxxxxxx
     484675.000 ns	     48466	80009ec0	ff9ff06f	jal	x0,80009ebc	
     484725.000 ns	     48471	80009eb8	00036f17	auipc	x30,0x36	 x30=0x8003feb8
     484735.000 ns	     48472	80009ebc	143f2423	sw	x3,328(x30)	 x30:0x8003feb8  x3:0x00000001 PA:0xxxxxxxxx
     484755.000 ns	     48474	80009ec0	ff9ff06f	jal	x0,80009ebc	
     484805.000 ns	     48479	80009eb8	00036f17	auipc	x30,0x36	 x30=0x8003feb8
     484815.000 ns	     48480	80009ebc	143f2423	sw	x3,328(x30)	 x30:0x8003feb8  x3:0x00000001 PA:0xxxxxxxxx
     484835.000 ns	     48482	80009ec0	ff9ff06f	jal	x0,80009ebc	
     484885.000 ns	     48487	80009eb8	00036f17	auipc	x30,0x36	 x30=0x8003feb8
     484895.000 ns	     48488	80009ebc	143f2423	sw	x3,328(x30)	 x30:0x8003feb8  x3:0x00000001 PA:0xxxxxxxxx
     484915.000 ns	     48490	80009ec0	ff9ff06f	jal	x0,80009ebc	
     484965.000 ns	     48495	80009eb8	00036f17	auipc	x30,0x36	 x30=0x8003feb8
     484975.000 ns	     48496	80009ebc	143f2423	sw	x3,328(x30)	 x30:0x8003feb8  x3:0x00000001 PA:0xxxxxxxxx
     484995.000 ns	     48498	80009ec0	ff9ff06f	jal	x0,80009ebc	
     485045.000 ns	     48503	80009eb8	00036f17	auipc	x30,0x36	 x30=0x8003feb8
     485055.000 ns	     48504	80009ebc	143f2423	sw	x3,328(x30)	 x30:0x8003feb8  x3:0x00000001 PA:0xxxxxxxxx
     485075.000 ns	     48506	80009ec0	ff9ff06f	jal	x0,80009ebc	
     485125.000 ns	     48511	80009eb8	00036f17	auipc	x30,0x36	 x30=0x8003feb8
     485135.000 ns	     48512	80009ebc	143f2423	sw	x3,328(x30)	 x30:0x8003feb8  x3:0x00000001 PA:0xxxxxxxxx
     485155.000 ns	     48514	80009ec0	ff9ff06f	jal	x0,80009ebc	
     485205.000 ns	     48519	80009eb8	00036f17	auipc	x30,0x36	 x30=0x8003feb8
     485215.000 ns	     48520	80009ebc	143f2423	sw	x3,328(x30)	 x30:0x8003feb8  x3:0x00000001 PA:0xxxxxxxxx
     485235.000 ns	     48522	80009ec0	ff9ff06f	jal	x0,80009ebc	
     485285.000 ns	     48527	80009eb8	00036f17	auipc	x30,0x36	 x30=0x8003feb8
     485295.000 ns	     48528	80009ebc	143f2423	sw	x3,328(x30)	 x30:0x8003feb8  x3:0x00000001 PA:0xxxxxxxxx
     485315.000 ns	     48530	80009ec0	ff9ff06f	jal	x0,80009ebc	
     485365.000 ns	     48535	80009eb8	00036f17	auipc	x30,0x36	 x30=0x8003feb8
     485375.000 ns	     48536	80009ebc	143f2423	sw	x3,328(x30)	 x30:0x8003feb8  x3:0x00000001 PA:0xxxxxxxxx
     485395.000 ns	     48538	80009ec0	ff9ff06f	jal	x0,80009ebc	
     485445.000 ns	     48543	80009eb8	00036f17	auipc	x30,0x36	 x30=0x8003feb8
     485455.000 ns	     48544	80009ebc	143f2423	sw	x3,328(x30)	 x30:0x8003feb8  x3:0x00000001 PA:0xxxxxxxxx
     485475.000 ns	     48546	80009ec0	ff9ff06f	jal	x0,80009ebc	
     485525.000 ns	     48551	80009eb8	00036f17	auipc	x30,0x36	 x30=0x8003feb8
     485535.000 ns	     48552	80009ebc	143f2423	sw	x3,328(x30)	 x30:0x8003feb8  x3:0x00000001 PA:0xxxxxxxxx
     485555.000 ns	     48554	80009ec0	ff9ff06f	jal	x0,80009ebc	
     485605.000 ns	     48559	80009eb8	00036f17	auipc	x30,0x36	 x30=0x8003feb8
     485615.000 ns	     48560	80009ebc	143f2423	sw	x3,328(x30)	 x30:0x8003feb8  x3:0x00000001 PA:0xxxxxxxxx
     485635.000 ns	     48562	80009ec0	ff9ff06f	jal	x0,80009ebc	
     485685.000 ns	     48567	80009eb8	00036f17	auipc	x30,0x36	 x30=0x8003feb8
     485695.000 ns	     48568	80009ebc	143f2423	sw	x3,328(x30)	 x30:0x8003feb8  x3:0x00000001 PA:0xxxxxxxxx
     485715.000 ns	     48570	80009ec0	ff9ff06f	jal	x0,80009ebc	
     485765.000 ns	     48575	80009eb8	00036f17	auipc	x30,0x36	 x30=0x8003feb8
     485775.000 ns	     48576	80009ebc	143f2423	sw	x3,328(x30)	 x30:0x8003feb8  x3:0x00000001 PA:0xxxxxxxxx
     485795.000 ns	     48578	80009ec0	ff9ff06f	jal	x0,80009ebc	
     485845.000 ns	     48583	80009eb8	00036f17	auipc	x30,0x36	 x30=0x8003feb8
     485855.000 ns	     48584	80009ebc	143f2423	sw	x3,328(x30)	 x30:0x8003feb8  x3:0x00000001 PA:0xxxxxxxxx
     485875.000 ns	     48586	80009ec0	ff9ff06f	jal	x0,80009ebc	
     485925.000 ns	     48591	80009eb8	00036f17	auipc	x30,0x36	 x30=0x8003feb8
     485935.000 ns	     48592	80009ebc	143f2423	sw	x3,328(x30)	 x30:0x8003feb8  x3:0x00000001 PA:0xxxxxxxxx
     485955.000 ns	     48594	80009ec0	ff9ff06f	jal	x0,80009ebc	
     486005.000 ns	     48599	80009eb8	00036f17	auipc	x30,0x36	 x30=0x8003feb8
     486015.000 ns	     48600	80009ebc	143f2423	sw	x3,328(x30)	 x30:0x8003feb8  x3:0x00000001 PA:0xxxxxxxxx
     486035.000 ns	     48602	80009ec0	ff9ff06f	jal	x0,80009ebc	
     486085.000 ns	     48607	80009eb8	00036f17	auipc	x30,0x36	 x30=0x8003feb8
     486095.000 ns	     48608	80009ebc	143f2423	sw	x3,328(x30)	 x30:0x8003feb8  x3:0x00000001 PA:0xxxxxxxxx
     486115.000 ns	     48610	80009ec0	ff9ff06f	jal	x0,80009ebc	
     486165.000 ns	     48615	80009eb8	00036f17	auipc	x30,0x36	 x30=0x8003feb8
     486175.000 ns	     48616	80009ebc	143f2423	sw	x3,328(x30)	 x30:0x8003feb8  x3:0x00000001 PA:0xxxxxxxxx
     486195.000 ns	     48618	80009ec0	ff9ff06f	jal	x0,80009ebc	
     486245.000 ns	     48623	80009eb8	00036f17	auipc	x30,0x36	 x30=0x8003feb8
     486255.000 ns	     48624	80009ebc	143f2423	sw	x3,328(x30)	 x30:0x8003feb8  x3:0x00000001 PA:0xxxxxxxxx
     486275.000 ns	     48626	80009ec0	ff9ff06f	jal	x0,80009ebc	
     486325.000 ns	     48631	80009eb8	00036f17	auipc	x30,0x36	 x30=0x8003feb8
     486335.000 ns	     48632	80009ebc	143f2423	sw	x3,328(x30)	 x30:0x8003feb8  x3:0x00000001 PA:0xxxxxxxxx
     486355.000 ns	     48634	80009ec0	ff9ff06f	jal	x0,80009ebc	
     486405.000 ns	     48639	80009eb8	00036f17	auipc	x30,0x36	 x30=0x8003feb8
     486415.000 ns	     48640	80009ebc	143f2423	sw	x3,328(x30)	 x30:0x8003feb8  x3:0x00000001 PA:0xxxxxxxxx
     486435.000 ns	     48642	80009ec0	ff9ff06f	jal	x0,80009ebc	
     486485.000 ns	     48647	80009eb8	00036f17	auipc	x30,0x36	 x30=0x8003feb8
     486495.000 ns	     48648	80009ebc	143f2423	sw	x3,328(x30)	 x30:0x8003feb8  x3:0x00000001 PA:0xxxxxxxxx
     486515.000 ns	     48650	80009ec0	ff9ff06f	jal	x0,80009ebc	
     486565.000 ns	     48655	80009eb8	00036f17	auipc	x30,0x36	 x30=0x8003feb8
     486575.000 ns	     48656	80009ebc	143f2423	sw	x3,328(x30)	 x30:0x8003feb8  x3:0x00000001 PA:0xxxxxxxxx
     486595.000 ns	     48658	80009ec0	ff9ff06f	jal	x0,80009ebc	
     486645.000 ns	     48663	80009eb8	00036f17	auipc	x30,0x36	 x30=0x8003feb8
     486655.000 ns	     48664	80009ebc	143f2423	sw	x3,328(x30)	 x30:0x8003feb8  x3:0x00000001 PA:0xxxxxxxxx
     486675.000 ns	     48666	80009ec0	ff9ff06f	jal	x0,80009ebc	
     486725.000 ns	     48671	80009eb8	00036f17	auipc	x30,0x36	 x30=0x8003feb8
     486735.000 ns	     48672	80009ebc	143f2423	sw	x3,328(x30)	 x30:0x8003feb8  x3:0x00000001 PA:0xxxxxxxxx
     486755.000 ns	     48674	80009ec0	ff9ff06f	jal	x0,80009ebc	
     486805.000 ns	     48679	80009eb8	00036f17	auipc	x30,0x36	 x30=0x8003feb8
     486815.000 ns	     48680	80009ebc	143f2423	sw	x3,328(x30)	 x30:0x8003feb8  x3:0x00000001 PA:0xxxxxxxxx
     486835.000 ns	     48682	80009ec0	ff9ff06f	jal	x0,80009ebc	
     486885.000 ns	     48687	80009eb8	00036f17	auipc	x30,0x36	 x30=0x8003feb8
     486895.000 ns	     48688	80009ebc	143f2423	sw	x3,328(x30)	 x30:0x8003feb8  x3:0x00000001 PA:0xxxxxxxxx
     486915.000 ns	     48690	80009ec0	ff9ff06f	jal	x0,80009ebc	
     486965.000 ns	     48695	80009eb8	00036f17	auipc	x30,0x36	 x30=0x8003feb8
     486975.000 ns	     48696	80009ebc	143f2423	sw	x3,328(x30)	 x30:0x8003feb8  x3:0x00000001 PA:0xxxxxxxxx
     486995.000 ns	     48698	80009ec0	ff9ff06f	jal	x0,80009ebc	
     487045.000 ns	     48703	80009eb8	00036f17	auipc	x30,0x36	 x30=0x8003feb8
     487055.000 ns	     48704	80009ebc	143f2423	sw	x3,328(x30)	 x30:0x8003feb8  x3:0x00000001 PA:0xxxxxxxxx
     487075.000 ns	     48706	80009ec0	ff9ff06f	jal	x0,80009ebc	
     487125.000 ns	     48711	80009eb8	00036f17	auipc	x30,0x36	 x30=0x8003feb8
     487135.000 ns	     48712	80009ebc	143f2423	sw	x3,328(x30)	 x30:0x8003feb8  x3:0x00000001 PA:0xxxxxxxxx
     487155.000 ns	     48714	80009ec0	ff9ff06f	jal	x0,80009ebc	
     487205.000 ns	     48719	80009eb8	00036f17	auipc	x30,0x36	 x30=0x8003feb8
     487215.000 ns	     48720	80009ebc	143f2423	sw	x3,328(x30)	 x30:0x8003feb8  x3:0x00000001 PA:0xxxxxxxxx
     487235.000 ns	     48722	80009ec0	ff9ff06f	jal	x0,80009ebc	
     487285.000 ns	     48727	80009eb8	00036f17	auipc	x30,0x36	 x30=0x8003feb8
     487295.000 ns	     48728	80009ebc	143f2423	sw	x3,328(x30)	 x30:0x8003feb8  x3:0x00000001 PA:0xxxxxxxxx
     487315.000 ns	     48730	80009ec0	ff9ff06f	jal	x0,80009ebc	
     487365.000 ns	     48735	80009eb8	00036f17	auipc	x30,0x36	 x30=0x8003feb8
     487375.000 ns	     48736	80009ebc	143f2423	sw	x3,328(x30)	 x30:0x8003feb8  x3:0x00000001 PA:0xxxxxxxxx
     487395.000 ns	     48738	80009ec0	ff9ff06f	jal	x0,80009ebc	
     487445.000 ns	     48743	80009eb8	00036f17	auipc	x30,0x36	 x30=0x8003feb8
     487455.000 ns	     48744	80009ebc	143f2423	sw	x3,328(x30)	 x30:0x8003feb8  x3:0x00000001 PA:0xxxxxxxxx
     487475.000 ns	     48746	80009ec0	ff9ff06f	jal	x0,80009ebc	
     487525.000 ns	     48751	80009eb8	00036f17	auipc	x30,0x36	 x30=0x8003feb8
     487535.000 ns	     48752	80009ebc	143f2423	sw	x3,328(x30)	 x30:0x8003feb8  x3:0x00000001 PA:0xxxxxxxxx
     487555.000 ns	     48754	80009ec0	ff9ff06f	jal	x0,80009ebc	
     487605.000 ns	     48759	80009eb8	00036f17	auipc	x30,0x36	 x30=0x8003feb8
     487615.000 ns	     48760	80009ebc	143f2423	sw	x3,328(x30)	 x30:0x8003feb8  x3:0x00000001 PA:0xxxxxxxxx
     487635.000 ns	     48762	80009ec0	ff9ff06f	jal	x0,80009ebc	
     487685.000 ns	     48767	80009eb8	00036f17	auipc	x30,0x36	 x30=0x8003feb8
     487695.000 ns	     48768	80009ebc	143f2423	sw	x3,328(x30)	 x30:0x8003feb8  x3:0x00000001 PA:0xxxxxxxxx
     487715.000 ns	     48770	80009ec0	ff9ff06f	jal	x0,80009ebc	
     487765.000 ns	     48775	80009eb8	00036f17	auipc	x30,0x36	 x30=0x8003feb8
     487775.000 ns	     48776	80009ebc	143f2423	sw	x3,328(x30)	 x30:0x8003feb8  x3:0x00000001 PA:0xxxxxxxxx
     487795.000 ns	     48778	80009ec0	ff9ff06f	jal	x0,80009ebc	
     487845.000 ns	     48783	80009eb8	00036f17	auipc	x30,0x36	 x30=0x8003feb8
     487855.000 ns	     48784	80009ebc	143f2423	sw	x3,328(x30)	 x30:0x8003feb8  x3:0x00000001 PA:0xxxxxxxxx
     487875.000 ns	     48786	80009ec0	ff9ff06f	jal	x0,80009ebc	
     487925.000 ns	     48791	80009eb8	00036f17	auipc	x30,0x36	 x30=0x8003feb8
     487935.000 ns	     48792	80009ebc	143f2423	sw	x3,328(x30)	 x30:0x8003feb8  x3:0x00000001 PA:0xxxxxxxxx
     487955.000 ns	     48794	80009ec0	ff9ff06f	jal	x0,80009ebc	
     488005.000 ns	     48799	80009eb8	00036f17	auipc	x30,0x36	 x30=0x8003feb8
     488015.000 ns	     48800	80009ebc	143f2423	sw	x3,328(x30)	 x30:0x8003feb8  x3:0x00000001 PA:0xxxxxxxxx
     488035.000 ns	     48802	80009ec0	ff9ff06f	jal	x0,80009ebc	
     488085.000 ns	     48807	80009eb8	00036f17	auipc	x30,0x36	 x30=0x8003feb8
     488095.000 ns	     48808	80009ebc	143f2423	sw	x3,328(x30)	 x30:0x8003feb8  x3:0x00000001 PA:0xxxxxxxxx
     488115.000 ns	     48810	80009ec0	ff9ff06f	jal	x0,80009ebc	
     488165.000 ns	     48815	80009eb8	00036f17	auipc	x30,0x36	 x30=0x8003feb8
     488175.000 ns	     48816	80009ebc	143f2423	sw	x3,328(x30)	 x30:0x8003feb8  x3:0x00000001 PA:0xxxxxxxxx
     488195.000 ns	     48818	80009ec0	ff9ff06f	jal	x0,80009ebc	
     488245.000 ns	     48823	80009eb8	00036f17	auipc	x30,0x36	 x30=0x8003feb8
     488255.000 ns	     48824	80009ebc	143f2423	sw	x3,328(x30)	 x30:0x8003feb8  x3:0x00000001 PA:0xxxxxxxxx
     488275.000 ns	     48826	80009ec0	ff9ff06f	jal	x0,80009ebc	
     488325.000 ns	     48831	80009eb8	00036f17	auipc	x30,0x36	 x30=0x8003feb8
     488335.000 ns	     48832	80009ebc	143f2423	sw	x3,328(x30)	 x30:0x8003feb8  x3:0x00000001 PA:0xxxxxxxxx
     488355.000 ns	     48834	80009ec0	ff9ff06f	jal	x0,80009ebc	
     488405.000 ns	     48839	80009eb8	00036f17	auipc	x30,0x36	 x30=0x8003feb8
     488415.000 ns	     48840	80009ebc	143f2423	sw	x3,328(x30)	 x30:0x8003feb8  x3:0x00000001 PA:0xxxxxxxxx
     488435.000 ns	     48842	80009ec0	ff9ff06f	jal	x0,80009ebc	
     488485.000 ns	     48847	80009eb8	00036f17	auipc	x30,0x36	 x30=0x8003feb8
     488495.000 ns	     48848	80009ebc	143f2423	sw	x3,328(x30)	 x30:0x8003feb8  x3:0x00000001 PA:0xxxxxxxxx
     488515.000 ns	     48850	80009ec0	ff9ff06f	jal	x0,80009ebc	
     488565.000 ns	     48855	80009eb8	00036f17	auipc	x30,0x36	 x30=0x8003feb8
     488575.000 ns	     48856	80009ebc	143f2423	sw	x3,328(x30)	 x30:0x8003feb8  x3:0x00000001 PA:0xxxxxxxxx
     488595.000 ns	     48858	80009ec0	ff9ff06f	jal	x0,80009ebc	
     488645.000 ns	     48863	80009eb8	00036f17	auipc	x30,0x36	 x30=0x8003feb8
     488655.000 ns	     48864	80009ebc	143f2423	sw	x3,328(x30)	 x30:0x8003feb8  x3:0x00000001 PA:0xxxxxxxxx
     488675.000 ns	     48866	80009ec0	ff9ff06f	jal	x0,80009ebc	
     488725.000 ns	     48871	80009eb8	00036f17	auipc	x30,0x36	 x30=0x8003feb8
     488735.000 ns	     48872	80009ebc	143f2423	sw	x3,328(x30)	 x30:0x8003feb8  x3:0x00000001 PA:0xxxxxxxxx
     488755.000 ns	     48874	80009ec0	ff9ff06f	jal	x0,80009ebc	
     488805.000 ns	     48879	80009eb8	00036f17	auipc	x30,0x36	 x30=0x8003feb8
     488815.000 ns	     48880	80009ebc	143f2423	sw	x3,328(x30)	 x30:0x8003feb8  x3:0x00000001 PA:0xxxxxxxxx
     488835.000 ns	     48882	80009ec0	ff9ff06f	jal	x0,80009ebc	
     488885.000 ns	     48887	80009eb8	00036f17	auipc	x30,0x36	 x30=0x8003feb8
     488895.000 ns	     48888	80009ebc	143f2423	sw	x3,328(x30)	 x30:0x8003feb8  x3:0x00000001 PA:0xxxxxxxxx
     488915.000 ns	     48890	80009ec0	ff9ff06f	jal	x0,80009ebc	
     488965.000 ns	     48895	80009eb8	00036f17	auipc	x30,0x36	 x30=0x8003feb8
     488975.000 ns	     48896	80009ebc	143f2423	sw	x3,328(x30)	 x30:0x8003feb8  x3:0x00000001 PA:0xxxxxxxxx
     488995.000 ns	     48898	80009ec0	ff9ff06f	jal	x0,80009ebc	
     489045.000 ns	     48903	80009eb8	00036f17	auipc	x30,0x36	 x30=0x8003feb8
     489055.000 ns	     48904	80009ebc	143f2423	sw	x3,328(x30)	 x30:0x8003feb8  x3:0x00000001 PA:0xxxxxxxxx
     489075.000 ns	     48906	80009ec0	ff9ff06f	jal	x0,80009ebc	
     489125.000 ns	     48911	80009eb8	00036f17	auipc	x30,0x36	 x30=0x8003feb8
     489135.000 ns	     48912	80009ebc	143f2423	sw	x3,328(x30)	 x30:0x8003feb8  x3:0x00000001 PA:0xxxxxxxxx
     489155.000 ns	     48914	80009ec0	ff9ff06f	jal	x0,80009ebc	
     489205.000 ns	     48919	80009eb8	00036f17	auipc	x30,0x36	 x30=0x8003feb8
     489215.000 ns	     48920	80009ebc	143f2423	sw	x3,328(x30)	 x30:0x8003feb8  x3:0x00000001 PA:0xxxxxxxxx
     489235.000 ns	     48922	80009ec0	ff9ff06f	jal	x0,80009ebc	
     489285.000 ns	     48927	80009eb8	00036f17	auipc	x30,0x36	 x30=0x8003feb8
     489295.000 ns	     48928	80009ebc	143f2423	sw	x3,328(x30)	 x30:0x8003feb8  x3:0x00000001 PA:0xxxxxxxxx
     489315.000 ns	     48930	80009ec0	ff9ff06f	jal	x0,80009ebc	
     489365.000 ns	     48935	80009eb8	00036f17	auipc	x30,0x36	 x30=0x8003feb8
     489375.000 ns	     48936	80009ebc	143f2423	sw	x3,328(x30)	 x30:0x8003feb8  x3:0x00000001 PA:0xxxxxxxxx
     489395.000 ns	     48938	80009ec0	ff9ff06f	jal	x0,80009ebc	
     489445.000 ns	     48943	80009eb8	00036f17	auipc	x30,0x36	 x30=0x8003feb8
     489455.000 ns	     48944	80009ebc	143f2423	sw	x3,328(x30)	 x30:0x8003feb8  x3:0x00000001 PA:0xxxxxxxxx
     489475.000 ns	     48946	80009ec0	ff9ff06f	jal	x0,80009ebc	
     489525.000 ns	     48951	80009eb8	00036f17	auipc	x30,0x36	 x30=0x8003feb8
     489535.000 ns	     48952	80009ebc	143f2423	sw	x3,328(x30)	 x30:0x8003feb8  x3:0x00000001 PA:0xxxxxxxxx
     489555.000 ns	     48954	80009ec0	ff9ff06f	jal	x0,80009ebc	
     489605.000 ns	     48959	80009eb8	00036f17	auipc	x30,0x36	 x30=0x8003feb8
     489615.000 ns	     48960	80009ebc	143f2423	sw	x3,328(x30)	 x30:0x8003feb8  x3:0x00000001 PA:0xxxxxxxxx
     489635.000 ns	     48962	80009ec0	ff9ff06f	jal	x0,80009ebc	
     489685.000 ns	     48967	80009eb8	00036f17	auipc	x30,0x36	 x30=0x8003feb8
     489695.000 ns	     48968	80009ebc	143f2423	sw	x3,328(x30)	 x30:0x8003feb8  x3:0x00000001 PA:0xxxxxxxxx
     489715.000 ns	     48970	80009ec0	ff9ff06f	jal	x0,80009ebc	
     489765.000 ns	     48975	80009eb8	00036f17	auipc	x30,0x36	 x30=0x8003feb8
     489775.000 ns	     48976	80009ebc	143f2423	sw	x3,328(x30)	 x30:0x8003feb8  x3:0x00000001 PA:0xxxxxxxxx
     489795.000 ns	     48978	80009ec0	ff9ff06f	jal	x0,80009ebc	
     489845.000 ns	     48983	80009eb8	00036f17	auipc	x30,0x36	 x30=0x8003feb8
     489855.000 ns	     48984	80009ebc	143f2423	sw	x3,328(x30)	 x30:0x8003feb8  x3:0x00000001 PA:0xxxxxxxxx
     489875.000 ns	     48986	80009ec0	ff9ff06f	jal	x0,80009ebc	
     489925.000 ns	     48991	80009eb8	00036f17	auipc	x30,0x36	 x30=0x8003feb8
     489935.000 ns	     48992	80009ebc	143f2423	sw	x3,328(x30)	 x30:0x8003feb8  x3:0x00000001 PA:0xxxxxxxxx
     489955.000 ns	     48994	80009ec0	ff9ff06f	jal	x0,80009ebc	
     490005.000 ns	     48999	80009eb8	00036f17	auipc	x30,0x36	 x30=0x8003feb8
     490015.000 ns	     49000	80009ebc	143f2423	sw	x3,328(x30)	 x30:0x8003feb8  x3:0x00000001 PA:0xxxxxxxxx
     490035.000 ns	     49002	80009ec0	ff9ff06f	jal	x0,80009ebc	
     490085.000 ns	     49007	80009eb8	00036f17	auipc	x30,0x36	 x30=0x8003feb8
     490095.000 ns	     49008	80009ebc	143f2423	sw	x3,328(x30)	 x30:0x8003feb8  x3:0x00000001 PA:0xxxxxxxxx
     490115.000 ns	     49010	80009ec0	ff9ff06f	jal	x0,80009ebc	
     490165.000 ns	     49015	80009eb8	00036f17	auipc	x30,0x36	 x30=0x8003feb8
     490175.000 ns	     49016	80009ebc	143f2423	sw	x3,328(x30)	 x30:0x8003feb8  x3:0x00000001 PA:0xxxxxxxxx
     490195.000 ns	     49018	80009ec0	ff9ff06f	jal	x0,80009ebc	
     490245.000 ns	     49023	80009eb8	00036f17	auipc	x30,0x36	 x30=0x8003feb8
     490255.000 ns	     49024	80009ebc	143f2423	sw	x3,328(x30)	 x30:0x8003feb8  x3:0x00000001 PA:0xxxxxxxxx
     490275.000 ns	     49026	80009ec0	ff9ff06f	jal	x0,80009ebc	
     490325.000 ns	     49031	80009eb8	00036f17	auipc	x30,0x36	 x30=0x8003feb8
     490335.000 ns	     49032	80009ebc	143f2423	sw	x3,328(x30)	 x30:0x8003feb8  x3:0x00000001 PA:0xxxxxxxxx
     490355.000 ns	     49034	80009ec0	ff9ff06f	jal	x0,80009ebc	
     490405.000 ns	     49039	80009eb8	00036f17	auipc	x30,0x36	 x30=0x8003feb8
     490415.000 ns	     49040	80009ebc	143f2423	sw	x3,328(x30)	 x30:0x8003feb8  x3:0x00000001 PA:0xxxxxxxxx
     490435.000 ns	     49042	80009ec0	ff9ff06f	jal	x0,80009ebc	
     490485.000 ns	     49047	80009eb8	00036f17	auipc	x30,0x36	 x30=0x8003feb8
     490495.000 ns	     49048	80009ebc	143f2423	sw	x3,328(x30)	 x30:0x8003feb8  x3:0x00000001 PA:0xxxxxxxxx
     490515.000 ns	     49050	80009ec0	ff9ff06f	jal	x0,80009ebc	
     490565.000 ns	     49055	80009eb8	00036f17	auipc	x30,0x36	 x30=0x8003feb8
     490575.000 ns	     49056	80009ebc	143f2423	sw	x3,328(x30)	 x30:0x8003feb8  x3:0x00000001 PA:0xxxxxxxxx
     490595.000 ns	     49058	80009ec0	ff9ff06f	jal	x0,80009ebc	
     490645.000 ns	     49063	80009eb8	00036f17	auipc	x30,0x36	 x30=0x8003feb8
     490655.000 ns	     49064	80009ebc	143f2423	sw	x3,328(x30)	 x30:0x8003feb8  x3:0x00000001 PA:0xxxxxxxxx
     490675.000 ns	     49066	80009ec0	ff9ff06f	jal	x0,80009ebc	
     490725.000 ns	     49071	80009eb8	00036f17	auipc	x30,0x36	 x30=0x8003feb8
     490735.000 ns	     49072	80009ebc	143f2423	sw	x3,328(x30)	 x30:0x8003feb8  x3:0x00000001 PA:0xxxxxxxxx
     490755.000 ns	     49074	80009ec0	ff9ff06f	jal	x0,80009ebc	
     490805.000 ns	     49079	80009eb8	00036f17	auipc	x30,0x36	 x30=0x8003feb8
     490815.000 ns	     49080	80009ebc	143f2423	sw	x3,328(x30)	 x30:0x8003feb8  x3:0x00000001 PA:0xxxxxxxxx
     490835.000 ns	     49082	80009ec0	ff9ff06f	jal	x0,80009ebc	
     490885.000 ns	     49087	80009eb8	00036f17	auipc	x30,0x36	 x30=0x8003feb8
     490895.000 ns	     49088	80009ebc	143f2423	sw	x3,328(x30)	 x30:0x8003feb8  x3:0x00000001 PA:0xxxxxxxxx
     490915.000 ns	     49090	80009ec0	ff9ff06f	jal	x0,80009ebc	
     490965.000 ns	     49095	80009eb8	00036f17	auipc	x30,0x36	 x30=0x8003feb8
     490975.000 ns	     49096	80009ebc	143f2423	sw	x3,328(x30)	 x30:0x8003feb8  x3:0x00000001 PA:0xxxxxxxxx
     490995.000 ns	     49098	80009ec0	ff9ff06f	jal	x0,80009ebc	
     491045.000 ns	     49103	80009eb8	00036f17	auipc	x30,0x36	 x30=0x8003feb8
     491055.000 ns	     49104	80009ebc	143f2423	sw	x3,328(x30)	 x30:0x8003feb8  x3:0x00000001 PA:0xxxxxxxxx
     491075.000 ns	     49106	80009ec0	ff9ff06f	jal	x0,80009ebc	
     491125.000 ns	     49111	80009eb8	00036f17	auipc	x30,0x36	 x30=0x8003feb8
     491135.000 ns	     49112	80009ebc	143f2423	sw	x3,328(x30)	 x30:0x8003feb8  x3:0x00000001 PA:0xxxxxxxxx
     491155.000 ns	     49114	80009ec0	ff9ff06f	jal	x0,80009ebc	
     491205.000 ns	     49119	80009eb8	00036f17	auipc	x30,0x36	 x30=0x8003feb8
     491215.000 ns	     49120	80009ebc	143f2423	sw	x3,328(x30)	 x30:0x8003feb8  x3:0x00000001 PA:0xxxxxxxxx
     491235.000 ns	     49122	80009ec0	ff9ff06f	jal	x0,80009ebc	
     491285.000 ns	     49127	80009eb8	00036f17	auipc	x30,0x36	 x30=0x8003feb8
     491295.000 ns	     49128	80009ebc	143f2423	sw	x3,328(x30)	 x30:0x8003feb8  x3:0x00000001 PA:0xxxxxxxxx
     491315.000 ns	     49130	80009ec0	ff9ff06f	jal	x0,80009ebc	
     491365.000 ns	     49135	80009eb8	00036f17	auipc	x30,0x36	 x30=0x8003feb8
     491375.000 ns	     49136	80009ebc	143f2423	sw	x3,328(x30)	 x30:0x8003feb8  x3:0x00000001 PA:0xxxxxxxxx
     491395.000 ns	     49138	80009ec0	ff9ff06f	jal	x0,80009ebc	
     491445.000 ns	     49143	80009eb8	00036f17	auipc	x30,0x36	 x30=0x8003feb8
     491455.000 ns	     49144	80009ebc	143f2423	sw	x3,328(x30)	 x30:0x8003feb8  x3:0x00000001 PA:0xxxxxxxxx
     491475.000 ns	     49146	80009ec0	ff9ff06f	jal	x0,80009ebc	
     491525.000 ns	     49151	80009eb8	00036f17	auipc	x30,0x36	 x30=0x8003feb8
     491535.000 ns	     49152	80009ebc	143f2423	sw	x3,328(x30)	 x30:0x8003feb8  x3:0x00000001 PA:0xxxxxxxxx
     491555.000 ns	     49154	80009ec0	ff9ff06f	jal	x0,80009ebc	
     491605.000 ns	     49159	80009eb8	00036f17	auipc	x30,0x36	 x30=0x8003feb8
     491615.000 ns	     49160	80009ebc	143f2423	sw	x3,328(x30)	 x30:0x8003feb8  x3:0x00000001 PA:0xxxxxxxxx
     491635.000 ns	     49162	80009ec0	ff9ff06f	jal	x0,80009ebc	
     491685.000 ns	     49167	80009eb8	00036f17	auipc	x30,0x36	 x30=0x8003feb8
     491695.000 ns	     49168	80009ebc	143f2423	sw	x3,328(x30)	 x30:0x8003feb8  x3:0x00000001 PA:0xxxxxxxxx
     491715.000 ns	     49170	80009ec0	ff9ff06f	jal	x0,80009ebc	
     491765.000 ns	     49175	80009eb8	00036f17	auipc	x30,0x36	 x30=0x8003feb8
     491775.000 ns	     49176	80009ebc	143f2423	sw	x3,328(x30)	 x30:0x8003feb8  x3:0x00000001 PA:0xxxxxxxxx
     491795.000 ns	     49178	80009ec0	ff9ff06f	jal	x0,80009ebc	
     491845.000 ns	     49183	80009eb8	00036f17	auipc	x30,0x36	 x30=0x8003feb8
     491855.000 ns	     49184	80009ebc	143f2423	sw	x3,328(x30)	 x30:0x8003feb8  x3:0x00000001 PA:0xxxxxxxxx
     491875.000 ns	     49186	80009ec0	ff9ff06f	jal	x0,80009ebc	
     491925.000 ns	     49191	80009eb8	00036f17	auipc	x30,0x36	 x30=0x8003feb8
     491935.000 ns	     49192	80009ebc	143f2423	sw	x3,328(x30)	 x30:0x8003feb8  x3:0x00000001 PA:0xxxxxxxxx
     491955.000 ns	     49194	80009ec0	ff9ff06f	jal	x0,80009ebc	
     492005.000 ns	     49199	80009eb8	00036f17	auipc	x30,0x36	 x30=0x8003feb8
     492015.000 ns	     49200	80009ebc	143f2423	sw	x3,328(x30)	 x30:0x8003feb8  x3:0x00000001 PA:0xxxxxxxxx
     492035.000 ns	     49202	80009ec0	ff9ff06f	jal	x0,80009ebc	
     492085.000 ns	     49207	80009eb8	00036f17	auipc	x30,0x36	 x30=0x8003feb8
     492095.000 ns	     49208	80009ebc	143f2423	sw	x3,328(x30)	 x30:0x8003feb8  x3:0x00000001 PA:0xxxxxxxxx
     492115.000 ns	     49210	80009ec0	ff9ff06f	jal	x0,80009ebc	
     492165.000 ns	     49215	80009eb8	00036f17	auipc	x30,0x36	 x30=0x8003feb8
     492175.000 ns	     49216	80009ebc	143f2423	sw	x3,328(x30)	 x30:0x8003feb8  x3:0x00000001 PA:0xxxxxxxxx
     492195.000 ns	     49218	80009ec0	ff9ff06f	jal	x0,80009ebc	
     492245.000 ns	     49223	80009eb8	00036f17	auipc	x30,0x36	 x30=0x8003feb8
     492255.000 ns	     49224	80009ebc	143f2423	sw	x3,328(x30)	 x30:0x8003feb8  x3:0x00000001 PA:0xxxxxxxxx
     492275.000 ns	     49226	80009ec0	ff9ff06f	jal	x0,80009ebc	
     492325.000 ns	     49231	80009eb8	00036f17	auipc	x30,0x36	 x30=0x8003feb8
     492335.000 ns	     49232	80009ebc	143f2423	sw	x3,328(x30)	 x30:0x8003feb8  x3:0x00000001 PA:0xxxxxxxxx
     492355.000 ns	     49234	80009ec0	ff9ff06f	jal	x0,80009ebc	
     492405.000 ns	     49239	80009eb8	00036f17	auipc	x30,0x36	 x30=0x8003feb8
     492415.000 ns	     49240	80009ebc	143f2423	sw	x3,328(x30)	 x30:0x8003feb8  x3:0x00000001 PA:0xxxxxxxxx
     492435.000 ns	     49242	80009ec0	ff9ff06f	jal	x0,80009ebc	
     492485.000 ns	     49247	80009eb8	00036f17	auipc	x30,0x36	 x30=0x8003feb8
     492495.000 ns	     49248	80009ebc	143f2423	sw	x3,328(x30)	 x30:0x8003feb8  x3:0x00000001 PA:0xxxxxxxxx
     492515.000 ns	     49250	80009ec0	ff9ff06f	jal	x0,80009ebc	
     492565.000 ns	     49255	80009eb8	00036f17	auipc	x30,0x36	 x30=0x8003feb8
     492575.000 ns	     49256	80009ebc	143f2423	sw	x3,328(x30)	 x30:0x8003feb8  x3:0x00000001 PA:0xxxxxxxxx
     492595.000 ns	     49258	80009ec0	ff9ff06f	jal	x0,80009ebc	
     492645.000 ns	     49263	80009eb8	00036f17	auipc	x30,0x36	 x30=0x8003feb8
     492655.000 ns	     49264	80009ebc	143f2423	sw	x3,328(x30)	 x30:0x8003feb8  x3:0x00000001 PA:0xxxxxxxxx
     492675.000 ns	     49266	80009ec0	ff9ff06f	jal	x0,80009ebc	
     492725.000 ns	     49271	80009eb8	00036f17	auipc	x30,0x36	 x30=0x8003feb8
     492735.000 ns	     49272	80009ebc	143f2423	sw	x3,328(x30)	 x30:0x8003feb8  x3:0x00000001 PA:0xxxxxxxxx
     492755.000 ns	     49274	80009ec0	ff9ff06f	jal	x0,80009ebc	
     492805.000 ns	     49279	80009eb8	00036f17	auipc	x30,0x36	 x30=0x8003feb8
     492815.000 ns	     49280	80009ebc	143f2423	sw	x3,328(x30)	 x30:0x8003feb8  x3:0x00000001 PA:0xxxxxxxxx
     492835.000 ns	     49282	80009ec0	ff9ff06f	jal	x0,80009ebc	
     492885.000 ns	     49287	80009eb8	00036f17	auipc	x30,0x36	 x30=0x8003feb8
     492895.000 ns	     49288	80009ebc	143f2423	sw	x3,328(x30)	 x30:0x8003feb8  x3:0x00000001 PA:0xxxxxxxxx
     492915.000 ns	     49290	80009ec0	ff9ff06f	jal	x0,80009ebc	
     492965.000 ns	     49295	80009eb8	00036f17	auipc	x30,0x36	 x30=0x8003feb8
     492975.000 ns	     49296	80009ebc	143f2423	sw	x3,328(x30)	 x30:0x8003feb8  x3:0x00000001 PA:0xxxxxxxxx
     492995.000 ns	     49298	80009ec0	ff9ff06f	jal	x0,80009ebc	
     493045.000 ns	     49303	80009eb8	00036f17	auipc	x30,0x36	 x30=0x8003feb8
     493055.000 ns	     49304	80009ebc	143f2423	sw	x3,328(x30)	 x30:0x8003feb8  x3:0x00000001 PA:0xxxxxxxxx
     493075.000 ns	     49306	80009ec0	ff9ff06f	jal	x0,80009ebc	
     493125.000 ns	     49311	80009eb8	00036f17	auipc	x30,0x36	 x30=0x8003feb8
     493135.000 ns	     49312	80009ebc	143f2423	sw	x3,328(x30)	 x30:0x8003feb8  x3:0x00000001 PA:0xxxxxxxxx
     493155.000 ns	     49314	80009ec0	ff9ff06f	jal	x0,80009ebc	
     493205.000 ns	     49319	80009eb8	00036f17	auipc	x30,0x36	 x30=0x8003feb8
     493215.000 ns	     49320	80009ebc	143f2423	sw	x3,328(x30)	 x30:0x8003feb8  x3:0x00000001 PA:0xxxxxxxxx
     493235.000 ns	     49322	80009ec0	ff9ff06f	jal	x0,80009ebc	
     493285.000 ns	     49327	80009eb8	00036f17	auipc	x30,0x36	 x30=0x8003feb8
     493295.000 ns	     49328	80009ebc	143f2423	sw	x3,328(x30)	 x30:0x8003feb8  x3:0x00000001 PA:0xxxxxxxxx
     493315.000 ns	     49330	80009ec0	ff9ff06f	jal	x0,80009ebc	
     493365.000 ns	     49335	80009eb8	00036f17	auipc	x30,0x36	 x30=0x8003feb8
     493375.000 ns	     49336	80009ebc	143f2423	sw	x3,328(x30)	 x30:0x8003feb8  x3:0x00000001 PA:0xxxxxxxxx
     493395.000 ns	     49338	80009ec0	ff9ff06f	jal	x0,80009ebc	
     493445.000 ns	     49343	80009eb8	00036f17	auipc	x30,0x36	 x30=0x8003feb8
     493455.000 ns	     49344	80009ebc	143f2423	sw	x3,328(x30)	 x30:0x8003feb8  x3:0x00000001 PA:0xxxxxxxxx
     493475.000 ns	     49346	80009ec0	ff9ff06f	jal	x0,80009ebc	
     493525.000 ns	     49351	80009eb8	00036f17	auipc	x30,0x36	 x30=0x8003feb8
     493535.000 ns	     49352	80009ebc	143f2423	sw	x3,328(x30)	 x30:0x8003feb8  x3:0x00000001 PA:0xxxxxxxxx
     493555.000 ns	     49354	80009ec0	ff9ff06f	jal	x0,80009ebc	
     493605.000 ns	     49359	80009eb8	00036f17	auipc	x30,0x36	 x30=0x8003feb8
     493615.000 ns	     49360	80009ebc	143f2423	sw	x3,328(x30)	 x30:0x8003feb8  x3:0x00000001 PA:0xxxxxxxxx
     493635.000 ns	     49362	80009ec0	ff9ff06f	jal	x0,80009ebc	
     493685.000 ns	     49367	80009eb8	00036f17	auipc	x30,0x36	 x30=0x8003feb8
     493695.000 ns	     49368	80009ebc	143f2423	sw	x3,328(x30)	 x30:0x8003feb8  x3:0x00000001 PA:0xxxxxxxxx
     493715.000 ns	     49370	80009ec0	ff9ff06f	jal	x0,80009ebc	
     493765.000 ns	     49375	80009eb8	00036f17	auipc	x30,0x36	 x30=0x8003feb8
     493775.000 ns	     49376	80009ebc	143f2423	sw	x3,328(x30)	 x30:0x8003feb8  x3:0x00000001 PA:0xxxxxxxxx
     493795.000 ns	     49378	80009ec0	ff9ff06f	jal	x0,80009ebc	
     493845.000 ns	     49383	80009eb8	00036f17	auipc	x30,0x36	 x30=0x8003feb8
     493855.000 ns	     49384	80009ebc	143f2423	sw	x3,328(x30)	 x30:0x8003feb8  x3:0x00000001 PA:0xxxxxxxxx
     493875.000 ns	     49386	80009ec0	ff9ff06f	jal	x0,80009ebc	
     493925.000 ns	     49391	80009eb8	00036f17	auipc	x30,0x36	 x30=0x8003feb8
     493935.000 ns	     49392	80009ebc	143f2423	sw	x3,328(x30)	 x30:0x8003feb8  x3:0x00000001 PA:0xxxxxxxxx
     493955.000 ns	     49394	80009ec0	ff9ff06f	jal	x0,80009ebc	
     494005.000 ns	     49399	80009eb8	00036f17	auipc	x30,0x36	 x30=0x8003feb8
     494015.000 ns	     49400	80009ebc	143f2423	sw	x3,328(x30)	 x30:0x8003feb8  x3:0x00000001 PA:0xxxxxxxxx
     494035.000 ns	     49402	80009ec0	ff9ff06f	jal	x0,80009ebc	
     494085.000 ns	     49407	80009eb8	00036f17	auipc	x30,0x36	 x30=0x8003feb8
     494095.000 ns	     49408	80009ebc	143f2423	sw	x3,328(x30)	 x30:0x8003feb8  x3:0x00000001 PA:0xxxxxxxxx
     494115.000 ns	     49410	80009ec0	ff9ff06f	jal	x0,80009ebc	
     494165.000 ns	     49415	80009eb8	00036f17	auipc	x30,0x36	 x30=0x8003feb8
     494175.000 ns	     49416	80009ebc	143f2423	sw	x3,328(x30)	 x30:0x8003feb8  x3:0x00000001 PA:0xxxxxxxxx
     494195.000 ns	     49418	80009ec0	ff9ff06f	jal	x0,80009ebc	
     494245.000 ns	     49423	80009eb8	00036f17	auipc	x30,0x36	 x30=0x8003feb8
     494255.000 ns	     49424	80009ebc	143f2423	sw	x3,328(x30)	 x30:0x8003feb8  x3:0x00000001 PA:0xxxxxxxxx
     494275.000 ns	     49426	80009ec0	ff9ff06f	jal	x0,80009ebc	
     494325.000 ns	     49431	80009eb8	00036f17	auipc	x30,0x36	 x30=0x8003feb8
     494335.000 ns	     49432	80009ebc	143f2423	sw	x3,328(x30)	 x30:0x8003feb8  x3:0x00000001 PA:0xxxxxxxxx
     494355.000 ns	     49434	80009ec0	ff9ff06f	jal	x0,80009ebc	
     494405.000 ns	     49439	80009eb8	00036f17	auipc	x30,0x36	 x30=0x8003feb8
     494415.000 ns	     49440	80009ebc	143f2423	sw	x3,328(x30)	 x30:0x8003feb8  x3:0x00000001 PA:0xxxxxxxxx
     494435.000 ns	     49442	80009ec0	ff9ff06f	jal	x0,80009ebc	
     494485.000 ns	     49447	80009eb8	00036f17	auipc	x30,0x36	 x30=0x8003feb8
     494495.000 ns	     49448	80009ebc	143f2423	sw	x3,328(x30)	 x30:0x8003feb8  x3:0x00000001 PA:0xxxxxxxxx
     494515.000 ns	     49450	80009ec0	ff9ff06f	jal	x0,80009ebc	
     494565.000 ns	     49455	80009eb8	00036f17	auipc	x30,0x36	 x30=0x8003feb8
     494575.000 ns	     49456	80009ebc	143f2423	sw	x3,328(x30)	 x30:0x8003feb8  x3:0x00000001 PA:0xxxxxxxxx
     494595.000 ns	     49458	80009ec0	ff9ff06f	jal	x0,80009ebc	
     494645.000 ns	     49463	80009eb8	00036f17	auipc	x30,0x36	 x30=0x8003feb8
     494655.000 ns	     49464	80009ebc	143f2423	sw	x3,328(x30)	 x30:0x8003feb8  x3:0x00000001 PA:0xxxxxxxxx
     494675.000 ns	     49466	80009ec0	ff9ff06f	jal	x0,80009ebc	
     494725.000 ns	     49471	80009eb8	00036f17	auipc	x30,0x36	 x30=0x8003feb8
     494735.000 ns	     49472	80009ebc	143f2423	sw	x3,328(x30)	 x30:0x8003feb8  x3:0x00000001 PA:0xxxxxxxxx
     494755.000 ns	     49474	80009ec0	ff9ff06f	jal	x0,80009ebc	
     494805.000 ns	     49479	80009eb8	00036f17	auipc	x30,0x36	 x30=0x8003feb8
     494815.000 ns	     49480	80009ebc	143f2423	sw	x3,328(x30)	 x30:0x8003feb8  x3:0x00000001 PA:0xxxxxxxxx
     494835.000 ns	     49482	80009ec0	ff9ff06f	jal	x0,80009ebc	
     494885.000 ns	     49487	80009eb8	00036f17	auipc	x30,0x36	 x30=0x8003feb8
     494895.000 ns	     49488	80009ebc	143f2423	sw	x3,328(x30)	 x30:0x8003feb8  x3:0x00000001 PA:0xxxxxxxxx
     494915.000 ns	     49490	80009ec0	ff9ff06f	jal	x0,80009ebc	
     494965.000 ns	     49495	80009eb8	00036f17	auipc	x30,0x36	 x30=0x8003feb8
     494975.000 ns	     49496	80009ebc	143f2423	sw	x3,328(x30)	 x30:0x8003feb8  x3:0x00000001 PA:0xxxxxxxxx
     494995.000 ns	     49498	80009ec0	ff9ff06f	jal	x0,80009ebc	
     495045.000 ns	     49503	80009eb8	00036f17	auipc	x30,0x36	 x30=0x8003feb8
     495055.000 ns	     49504	80009ebc	143f2423	sw	x3,328(x30)	 x30:0x8003feb8  x3:0x00000001 PA:0xxxxxxxxx
     495075.000 ns	     49506	80009ec0	ff9ff06f	jal	x0,80009ebc	
     495125.000 ns	     49511	80009eb8	00036f17	auipc	x30,0x36	 x30=0x8003feb8
     495135.000 ns	     49512	80009ebc	143f2423	sw	x3,328(x30)	 x30:0x8003feb8  x3:0x00000001 PA:0xxxxxxxxx
     495155.000 ns	     49514	80009ec0	ff9ff06f	jal	x0,80009ebc	
     495205.000 ns	     49519	80009eb8	00036f17	auipc	x30,0x36	 x30=0x8003feb8
     495215.000 ns	     49520	80009ebc	143f2423	sw	x3,328(x30)	 x30:0x8003feb8  x3:0x00000001 PA:0xxxxxxxxx
     495235.000 ns	     49522	80009ec0	ff9ff06f	jal	x0,80009ebc	
     495285.000 ns	     49527	80009eb8	00036f17	auipc	x30,0x36	 x30=0x8003feb8
     495295.000 ns	     49528	80009ebc	143f2423	sw	x3,328(x30)	 x30:0x8003feb8  x3:0x00000001 PA:0xxxxxxxxx
     495315.000 ns	     49530	80009ec0	ff9ff06f	jal	x0,80009ebc	
     495365.000 ns	     49535	80009eb8	00036f17	auipc	x30,0x36	 x30=0x8003feb8
     495375.000 ns	     49536	80009ebc	143f2423	sw	x3,328(x30)	 x30:0x8003feb8  x3:0x00000001 PA:0xxxxxxxxx
     495395.000 ns	     49538	80009ec0	ff9ff06f	jal	x0,80009ebc	
     495445.000 ns	     49543	80009eb8	00036f17	auipc	x30,0x36	 x30=0x8003feb8
     495455.000 ns	     49544	80009ebc	143f2423	sw	x3,328(x30)	 x30:0x8003feb8  x3:0x00000001 PA:0xxxxxxxxx
     495475.000 ns	     49546	80009ec0	ff9ff06f	jal	x0,80009ebc	
     495525.000 ns	     49551	80009eb8	00036f17	auipc	x30,0x36	 x30=0x8003feb8
     495535.000 ns	     49552	80009ebc	143f2423	sw	x3,328(x30)	 x30:0x8003feb8  x3:0x00000001 PA:0xxxxxxxxx
     495555.000 ns	     49554	80009ec0	ff9ff06f	jal	x0,80009ebc	
     495605.000 ns	     49559	80009eb8	00036f17	auipc	x30,0x36	 x30=0x8003feb8
     495615.000 ns	     49560	80009ebc	143f2423	sw	x3,328(x30)	 x30:0x8003feb8  x3:0x00000001 PA:0xxxxxxxxx
     495635.000 ns	     49562	80009ec0	ff9ff06f	jal	x0,80009ebc	
     495685.000 ns	     49567	80009eb8	00036f17	auipc	x30,0x36	 x30=0x8003feb8
     495695.000 ns	     49568	80009ebc	143f2423	sw	x3,328(x30)	 x30:0x8003feb8  x3:0x00000001 PA:0xxxxxxxxx
     495715.000 ns	     49570	80009ec0	ff9ff06f	jal	x0,80009ebc	
     495765.000 ns	     49575	80009eb8	00036f17	auipc	x30,0x36	 x30=0x8003feb8
     495775.000 ns	     49576	80009ebc	143f2423	sw	x3,328(x30)	 x30:0x8003feb8  x3:0x00000001 PA:0xxxxxxxxx
     495795.000 ns	     49578	80009ec0	ff9ff06f	jal	x0,80009ebc	
     495845.000 ns	     49583	80009eb8	00036f17	auipc	x30,0x36	 x30=0x8003feb8
     495855.000 ns	     49584	80009ebc	143f2423	sw	x3,328(x30)	 x30:0x8003feb8  x3:0x00000001 PA:0xxxxxxxxx
     495875.000 ns	     49586	80009ec0	ff9ff06f	jal	x0,80009ebc	
     495925.000 ns	     49591	80009eb8	00036f17	auipc	x30,0x36	 x30=0x8003feb8
     495935.000 ns	     49592	80009ebc	143f2423	sw	x3,328(x30)	 x30:0x8003feb8  x3:0x00000001 PA:0xxxxxxxxx
     495955.000 ns	     49594	80009ec0	ff9ff06f	jal	x0,80009ebc	
     496005.000 ns	     49599	80009eb8	00036f17	auipc	x30,0x36	 x30=0x8003feb8
     496015.000 ns	     49600	80009ebc	143f2423	sw	x3,328(x30)	 x30:0x8003feb8  x3:0x00000001 PA:0xxxxxxxxx
     496035.000 ns	     49602	80009ec0	ff9ff06f	jal	x0,80009ebc	
     496085.000 ns	     49607	80009eb8	00036f17	auipc	x30,0x36	 x30=0x8003feb8
     496095.000 ns	     49608	80009ebc	143f2423	sw	x3,328(x30)	 x30:0x8003feb8  x3:0x00000001 PA:0xxxxxxxxx
     496115.000 ns	     49610	80009ec0	ff9ff06f	jal	x0,80009ebc	
     496165.000 ns	     49615	80009eb8	00036f17	auipc	x30,0x36	 x30=0x8003feb8
     496175.000 ns	     49616	80009ebc	143f2423	sw	x3,328(x30)	 x30:0x8003feb8  x3:0x00000001 PA:0xxxxxxxxx
     496195.000 ns	     49618	80009ec0	ff9ff06f	jal	x0,80009ebc	
     496245.000 ns	     49623	80009eb8	00036f17	auipc	x30,0x36	 x30=0x8003feb8
     496255.000 ns	     49624	80009ebc	143f2423	sw	x3,328(x30)	 x30:0x8003feb8  x3:0x00000001 PA:0xxxxxxxxx
     496275.000 ns	     49626	80009ec0	ff9ff06f	jal	x0,80009ebc	
     496325.000 ns	     49631	80009eb8	00036f17	auipc	x30,0x36	 x30=0x8003feb8
     496335.000 ns	     49632	80009ebc	143f2423	sw	x3,328(x30)	 x30:0x8003feb8  x3:0x00000001 PA:0xxxxxxxxx
     496355.000 ns	     49634	80009ec0	ff9ff06f	jal	x0,80009ebc	
     496405.000 ns	     49639	80009eb8	00036f17	auipc	x30,0x36	 x30=0x8003feb8
     496415.000 ns	     49640	80009ebc	143f2423	sw	x3,328(x30)	 x30:0x8003feb8  x3:0x00000001 PA:0xxxxxxxxx
     496435.000 ns	     49642	80009ec0	ff9ff06f	jal	x0,80009ebc	
     496485.000 ns	     49647	80009eb8	00036f17	auipc	x30,0x36	 x30=0x8003feb8
     496495.000 ns	     49648	80009ebc	143f2423	sw	x3,328(x30)	 x30:0x8003feb8  x3:0x00000001 PA:0xxxxxxxxx
     496515.000 ns	     49650	80009ec0	ff9ff06f	jal	x0,80009ebc	
     496565.000 ns	     49655	80009eb8	00036f17	auipc	x30,0x36	 x30=0x8003feb8
     496575.000 ns	     49656	80009ebc	143f2423	sw	x3,328(x30)	 x30:0x8003feb8  x3:0x00000001 PA:0xxxxxxxxx
     496595.000 ns	     49658	80009ec0	ff9ff06f	jal	x0,80009ebc	
     496645.000 ns	     49663	80009eb8	00036f17	auipc	x30,0x36	 x30=0x8003feb8
     496655.000 ns	     49664	80009ebc	143f2423	sw	x3,328(x30)	 x30:0x8003feb8  x3:0x00000001 PA:0xxxxxxxxx
     496675.000 ns	     49666	80009ec0	ff9ff06f	jal	x0,80009ebc	
     496725.000 ns	     49671	80009eb8	00036f17	auipc	x30,0x36	 x30=0x8003feb8
     496735.000 ns	     49672	80009ebc	143f2423	sw	x3,328(x30)	 x30:0x8003feb8  x3:0x00000001 PA:0xxxxxxxxx
     496755.000 ns	     49674	80009ec0	ff9ff06f	jal	x0,80009ebc	
     496805.000 ns	     49679	80009eb8	00036f17	auipc	x30,0x36	 x30=0x8003feb8
     496815.000 ns	     49680	80009ebc	143f2423	sw	x3,328(x30)	 x30:0x8003feb8  x3:0x00000001 PA:0xxxxxxxxx
     496835.000 ns	     49682	80009ec0	ff9ff06f	jal	x0,80009ebc	
     496885.000 ns	     49687	80009eb8	00036f17	auipc	x30,0x36	 x30=0x8003feb8
     496895.000 ns	     49688	80009ebc	143f2423	sw	x3,328(x30)	 x30:0x8003feb8  x3:0x00000001 PA:0xxxxxxxxx
     496915.000 ns	     49690	80009ec0	ff9ff06f	jal	x0,80009ebc	
     496965.000 ns	     49695	80009eb8	00036f17	auipc	x30,0x36	 x30=0x8003feb8
     496975.000 ns	     49696	80009ebc	143f2423	sw	x3,328(x30)	 x30:0x8003feb8  x3:0x00000001 PA:0xxxxxxxxx
     496995.000 ns	     49698	80009ec0	ff9ff06f	jal	x0,80009ebc	
     497045.000 ns	     49703	80009eb8	00036f17	auipc	x30,0x36	 x30=0x8003feb8
     497055.000 ns	     49704	80009ebc	143f2423	sw	x3,328(x30)	 x30:0x8003feb8  x3:0x00000001 PA:0xxxxxxxxx
     497075.000 ns	     49706	80009ec0	ff9ff06f	jal	x0,80009ebc	
     497125.000 ns	     49711	80009eb8	00036f17	auipc	x30,0x36	 x30=0x8003feb8
     497135.000 ns	     49712	80009ebc	143f2423	sw	x3,328(x30)	 x30:0x8003feb8  x3:0x00000001 PA:0xxxxxxxxx
     497155.000 ns	     49714	80009ec0	ff9ff06f	jal	x0,80009ebc	
     497205.000 ns	     49719	80009eb8	00036f17	auipc	x30,0x36	 x30=0x8003feb8
     497215.000 ns	     49720	80009ebc	143f2423	sw	x3,328(x30)	 x30:0x8003feb8  x3:0x00000001 PA:0xxxxxxxxx
     497235.000 ns	     49722	80009ec0	ff9ff06f	jal	x0,80009ebc	
     497285.000 ns	     49727	80009eb8	00036f17	auipc	x30,0x36	 x30=0x8003feb8
     497295.000 ns	     49728	80009ebc	143f2423	sw	x3,328(x30)	 x30:0x8003feb8  x3:0x00000001 PA:0xxxxxxxxx
     497315.000 ns	     49730	80009ec0	ff9ff06f	jal	x0,80009ebc	
     497365.000 ns	     49735	80009eb8	00036f17	auipc	x30,0x36	 x30=0x8003feb8
     497375.000 ns	     49736	80009ebc	143f2423	sw	x3,328(x30)	 x30:0x8003feb8  x3:0x00000001 PA:0xxxxxxxxx
     497395.000 ns	     49738	80009ec0	ff9ff06f	jal	x0,80009ebc	
     497445.000 ns	     49743	80009eb8	00036f17	auipc	x30,0x36	 x30=0x8003feb8
     497455.000 ns	     49744	80009ebc	143f2423	sw	x3,328(x30)	 x30:0x8003feb8  x3:0x00000001 PA:0xxxxxxxxx
     497475.000 ns	     49746	80009ec0	ff9ff06f	jal	x0,80009ebc	
     497525.000 ns	     49751	80009eb8	00036f17	auipc	x30,0x36	 x30=0x8003feb8
     497535.000 ns	     49752	80009ebc	143f2423	sw	x3,328(x30)	 x30:0x8003feb8  x3:0x00000001 PA:0xxxxxxxxx
     497555.000 ns	     49754	80009ec0	ff9ff06f	jal	x0,80009ebc	
     497605.000 ns	     49759	80009eb8	00036f17	auipc	x30,0x36	 x30=0x8003feb8
     497615.000 ns	     49760	80009ebc	143f2423	sw	x3,328(x30)	 x30:0x8003feb8  x3:0x00000001 PA:0xxxxxxxxx
     497635.000 ns	     49762	80009ec0	ff9ff06f	jal	x0,80009ebc	
     497685.000 ns	     49767	80009eb8	00036f17	auipc	x30,0x36	 x30=0x8003feb8
     497695.000 ns	     49768	80009ebc	143f2423	sw	x3,328(x30)	 x30:0x8003feb8  x3:0x00000001 PA:0xxxxxxxxx
     497715.000 ns	     49770	80009ec0	ff9ff06f	jal	x0,80009ebc	
     497765.000 ns	     49775	80009eb8	00036f17	auipc	x30,0x36	 x30=0x8003feb8
     497775.000 ns	     49776	80009ebc	143f2423	sw	x3,328(x30)	 x30:0x8003feb8  x3:0x00000001 PA:0xxxxxxxxx
     497795.000 ns	     49778	80009ec0	ff9ff06f	jal	x0,80009ebc	
     497845.000 ns	     49783	80009eb8	00036f17	auipc	x30,0x36	 x30=0x8003feb8
     497855.000 ns	     49784	80009ebc	143f2423	sw	x3,328(x30)	 x30:0x8003feb8  x3:0x00000001 PA:0xxxxxxxxx
     497875.000 ns	     49786	80009ec0	ff9ff06f	jal	x0,80009ebc	
     497925.000 ns	     49791	80009eb8	00036f17	auipc	x30,0x36	 x30=0x8003feb8
     497935.000 ns	     49792	80009ebc	143f2423	sw	x3,328(x30)	 x30:0x8003feb8  x3:0x00000001 PA:0xxxxxxxxx
     497955.000 ns	     49794	80009ec0	ff9ff06f	jal	x0,80009ebc	
     498005.000 ns	     49799	80009eb8	00036f17	auipc	x30,0x36	 x30=0x8003feb8
     498015.000 ns	     49800	80009ebc	143f2423	sw	x3,328(x30)	 x30:0x8003feb8  x3:0x00000001 PA:0xxxxxxxxx
     498035.000 ns	     49802	80009ec0	ff9ff06f	jal	x0,80009ebc	
     498085.000 ns	     49807	80009eb8	00036f17	auipc	x30,0x36	 x30=0x8003feb8
     498095.000 ns	     49808	80009ebc	143f2423	sw	x3,328(x30)	 x30:0x8003feb8  x3:0x00000001 PA:0xxxxxxxxx
     498115.000 ns	     49810	80009ec0	ff9ff06f	jal	x0,80009ebc	
     498165.000 ns	     49815	80009eb8	00036f17	auipc	x30,0x36	 x30=0x8003feb8
     498175.000 ns	     49816	80009ebc	143f2423	sw	x3,328(x30)	 x30:0x8003feb8  x3:0x00000001 PA:0xxxxxxxxx
     498195.000 ns	     49818	80009ec0	ff9ff06f	jal	x0,80009ebc	
     498245.000 ns	     49823	80009eb8	00036f17	auipc	x30,0x36	 x30=0x8003feb8
     498255.000 ns	     49824	80009ebc	143f2423	sw	x3,328(x30)	 x30:0x8003feb8  x3:0x00000001 PA:0xxxxxxxxx
     498275.000 ns	     49826	80009ec0	ff9ff06f	jal	x0,80009ebc	
     498325.000 ns	     49831	80009eb8	00036f17	auipc	x30,0x36	 x30=0x8003feb8
     498335.000 ns	     49832	80009ebc	143f2423	sw	x3,328(x30)	 x30:0x8003feb8  x3:0x00000001 PA:0xxxxxxxxx
     498355.000 ns	     49834	80009ec0	ff9ff06f	jal	x0,80009ebc	
     498405.000 ns	     49839	80009eb8	00036f17	auipc	x30,0x36	 x30=0x8003feb8
     498415.000 ns	     49840	80009ebc	143f2423	sw	x3,328(x30)	 x30:0x8003feb8  x3:0x00000001 PA:0xxxxxxxxx
     498435.000 ns	     49842	80009ec0	ff9ff06f	jal	x0,80009ebc	
     498485.000 ns	     49847	80009eb8	00036f17	auipc	x30,0x36	 x30=0x8003feb8
     498495.000 ns	     49848	80009ebc	143f2423	sw	x3,328(x30)	 x30:0x8003feb8  x3:0x00000001 PA:0xxxxxxxxx
     498515.000 ns	     49850	80009ec0	ff9ff06f	jal	x0,80009ebc	
     498565.000 ns	     49855	80009eb8	00036f17	auipc	x30,0x36	 x30=0x8003feb8
     498575.000 ns	     49856	80009ebc	143f2423	sw	x3,328(x30)	 x30:0x8003feb8  x3:0x00000001 PA:0xxxxxxxxx
     498595.000 ns	     49858	80009ec0	ff9ff06f	jal	x0,80009ebc	
     498645.000 ns	     49863	80009eb8	00036f17	auipc	x30,0x36	 x30=0x8003feb8
     498655.000 ns	     49864	80009ebc	143f2423	sw	x3,328(x30)	 x30:0x8003feb8  x3:0x00000001 PA:0xxxxxxxxx
     498675.000 ns	     49866	80009ec0	ff9ff06f	jal	x0,80009ebc	
     498725.000 ns	     49871	80009eb8	00036f17	auipc	x30,0x36	 x30=0x8003feb8
     498735.000 ns	     49872	80009ebc	143f2423	sw	x3,328(x30)	 x30:0x8003feb8  x3:0x00000001 PA:0xxxxxxxxx
     498755.000 ns	     49874	80009ec0	ff9ff06f	jal	x0,80009ebc	
     498805.000 ns	     49879	80009eb8	00036f17	auipc	x30,0x36	 x30=0x8003feb8
     498815.000 ns	     49880	80009ebc	143f2423	sw	x3,328(x30)	 x30:0x8003feb8  x3:0x00000001 PA:0xxxxxxxxx
     498835.000 ns	     49882	80009ec0	ff9ff06f	jal	x0,80009ebc	
     498885.000 ns	     49887	80009eb8	00036f17	auipc	x30,0x36	 x30=0x8003feb8
     498895.000 ns	     49888	80009ebc	143f2423	sw	x3,328(x30)	 x30:0x8003feb8  x3:0x00000001 PA:0xxxxxxxxx
     498915.000 ns	     49890	80009ec0	ff9ff06f	jal	x0,80009ebc	
     498965.000 ns	     49895	80009eb8	00036f17	auipc	x30,0x36	 x30=0x8003feb8
     498975.000 ns	     49896	80009ebc	143f2423	sw	x3,328(x30)	 x30:0x8003feb8  x3:0x00000001 PA:0xxxxxxxxx
     498995.000 ns	     49898	80009ec0	ff9ff06f	jal	x0,80009ebc	
     499045.000 ns	     49903	80009eb8	00036f17	auipc	x30,0x36	 x30=0x8003feb8
     499055.000 ns	     49904	80009ebc	143f2423	sw	x3,328(x30)	 x30:0x8003feb8  x3:0x00000001 PA:0xxxxxxxxx
     499075.000 ns	     49906	80009ec0	ff9ff06f	jal	x0,80009ebc	
     499125.000 ns	     49911	80009eb8	00036f17	auipc	x30,0x36	 x30=0x8003feb8
     499135.000 ns	     49912	80009ebc	143f2423	sw	x3,328(x30)	 x30:0x8003feb8  x3:0x00000001 PA:0xxxxxxxxx
     499155.000 ns	     49914	80009ec0	ff9ff06f	jal	x0,80009ebc	
     499205.000 ns	     49919	80009eb8	00036f17	auipc	x30,0x36	 x30=0x8003feb8
     499215.000 ns	     49920	80009ebc	143f2423	sw	x3,328(x30)	 x30:0x8003feb8  x3:0x00000001 PA:0xxxxxxxxx
     499235.000 ns	     49922	80009ec0	ff9ff06f	jal	x0,80009ebc	
     499285.000 ns	     49927	80009eb8	00036f17	auipc	x30,0x36	 x30=0x8003feb8
     499295.000 ns	     49928	80009ebc	143f2423	sw	x3,328(x30)	 x30:0x8003feb8  x3:0x00000001 PA:0xxxxxxxxx
     499315.000 ns	     49930	80009ec0	ff9ff06f	jal	x0,80009ebc	
     499365.000 ns	     49935	80009eb8	00036f17	auipc	x30,0x36	 x30=0x8003feb8
     499375.000 ns	     49936	80009ebc	143f2423	sw	x3,328(x30)	 x30:0x8003feb8  x3:0x00000001 PA:0xxxxxxxxx
     499395.000 ns	     49938	80009ec0	ff9ff06f	jal	x0,80009ebc	
     499445.000 ns	     49943	80009eb8	00036f17	auipc	x30,0x36	 x30=0x8003feb8
     499455.000 ns	     49944	80009ebc	143f2423	sw	x3,328(x30)	 x30:0x8003feb8  x3:0x00000001 PA:0xxxxxxxxx
     499475.000 ns	     49946	80009ec0	ff9ff06f	jal	x0,80009ebc	
     499525.000 ns	     49951	80009eb8	00036f17	auipc	x30,0x36	 x30=0x8003feb8
     499535.000 ns	     49952	80009ebc	143f2423	sw	x3,328(x30)	 x30:0x8003feb8  x3:0x00000001 PA:0xxxxxxxxx
     499555.000 ns	     49954	80009ec0	ff9ff06f	jal	x0,80009ebc	
     499605.000 ns	     49959	80009eb8	00036f17	auipc	x30,0x36	 x30=0x8003feb8
     499615.000 ns	     49960	80009ebc	143f2423	sw	x3,328(x30)	 x30:0x8003feb8  x3:0x00000001 PA:0xxxxxxxxx
     499635.000 ns	     49962	80009ec0	ff9ff06f	jal	x0,80009ebc	
     499685.000 ns	     49967	80009eb8	00036f17	auipc	x30,0x36	 x30=0x8003feb8
     499695.000 ns	     49968	80009ebc	143f2423	sw	x3,328(x30)	 x30:0x8003feb8  x3:0x00000001 PA:0xxxxxxxxx
     499715.000 ns	     49970	80009ec0	ff9ff06f	jal	x0,80009ebc	
     499765.000 ns	     49975	80009eb8	00036f17	auipc	x30,0x36	 x30=0x8003feb8
     499775.000 ns	     49976	80009ebc	143f2423	sw	x3,328(x30)	 x30:0x8003feb8  x3:0x00000001 PA:0xxxxxxxxx
     499795.000 ns	     49978	80009ec0	ff9ff06f	jal	x0,80009ebc	
     499845.000 ns	     49983	80009eb8	00036f17	auipc	x30,0x36	 x30=0x8003feb8
     499855.000 ns	     49984	80009ebc	143f2423	sw	x3,328(x30)	 x30:0x8003feb8  x3:0x00000001 PA:0xxxxxxxxx
     499875.000 ns	     49986	80009ec0	ff9ff06f	jal	x0,80009ebc	
     499925.000 ns	     49991	80009eb8	00036f17	auipc	x30,0x36	 x30=0x8003feb8
     499935.000 ns	     49992	80009ebc	143f2423	sw	x3,328(x30)	 x30:0x8003feb8  x3:0x00000001 PA:0xxxxxxxxx
     499955.000 ns	     49994	80009ec0	ff9ff06f	jal	x0,80009ebc	
