		Time			Cycle	PC		Insn	Decoded instruction	Register and memory contents
         65.000 ns	         5	80000000	f14022f3	csrrs	x5,mhartid,x0	  x0:0x00000000  x5=0xffffff14
         75.000 ns	         6	80000004	00000313	addi	x6,x0,0	  x0:0x00000000  x6=0x00000000
         85.000 ns	         7	80000008	00628263	beq	x5,x6,8000000c	  x5:0x00000000  x6:0x00000000
         95.000 ns	         8	8000000c	00000f17	auipc	x30,0x0	 x30=0x8000000c
        105.000 ns	         9	80000010	00cf0f13	addi	x30,x30,12	 x30:0x00000000 x30=0x80000018
        115.000 ns	        10	80000014	000f0067	jalr	x0,x30,0	 x30:0x00000000
        165.000 ns	        15	80000018	40001c37	lui	x24,0x40001	 x24=0x40001000
        175.000 ns	        16	8000001c	120c0c13	addi	x24,x24,288	 x24:0x00000000 x24=0x40001120
        185.000 ns	        17	80000020	301c1073	csrrw	x0,misa,x24	 x24:0x00000000
        195.000 ns	        18	80000024	00041e17	auipc	x28,0x41	 x28=0x80041024
        205.000 ns	        19	80000028	000e0e13	addi	x28,x28,0	 x28:0x00000000 x28=0x80041024
        215.000 ns	        20	8000002c	0000bc17	auipc	x24,0xb	 x24=0x8000b02c
        225.000 ns	        21	80000030	8c4c0c13	addi	x24,x24,-1852	 x24:0x40001120 x24=0x8000a8f0
        235.000 ns	        22	80000034	001c6c13	ori	x24,x24,1	 x24:0x40001120 x24=0x8000a8f1
        245.000 ns	        23	80000038	305c1073	csrrw	x0,mtvec,x24	 x24:0x8000b02c
        255.000 ns	        24	8000003c	00000c17	auipc	x24,0x0	 x24=0x8000003c
        265.000 ns	        25	80000040	028c0c13	addi	x24,x24,40	 x24:0x8000a8f1 x24=0x80000064
        275.000 ns	        26	80000044	341c1073	csrrw	x0,mepc,x24	 x24:0x8000a8f1
        285.000 ns	        27	80000048	00000013	addi	x0,x0,0	  x0:0x00000000
        295.000 ns	        28	8000004c	00004c37	lui	x24,0x4	 x24=0x00004000
        305.000 ns	        29	80000050	800c0c13	addi	x24,x24,-2048	 x24:0x80000064 x24=0x00003800
        315.000 ns	        30	80000054	300c1073	csrrw	x0,mstatus,x24	 x24:0x80000064
        325.000 ns	        31	80000058	00000c13	addi	x24,x0,0	  x0:0x00000000 x24=0x00000000
        335.000 ns	        32	8000005c	304c1073	csrrw	x0,mie,x24	 x24:0x00003800
        345.000 ns	        33	80000060	30200073	mret	
        355.000 ns	        34	80000064	005bcc37	lui	x24,0x5bc	 x24=0x005bc000
        365.000 ns	        35	80000068	e8ac0c13	addi	x24,x24,-374	 x24:0x00000000 x24=0x005bbe8a
        385.000 ns	        37	8000006c	f00c0053	fmv.w.x	f0,x24	 x24:0x00000000  f0=0x005bbe8a
        405.000 ns	        39	80000070	1a41cc37	lui	x24,0x1a41c	 x24=0x1a41c000
        415.000 ns	        40	80000074	d90c0c13	addi	x24,x24,-624	 x24:0x005bbe8a x24=0x1a41bd90
        435.000 ns	        42	80000078	f00c00d3	fmv.w.x	f1,x24	 x24:0x005bbe8a  f1=0x1a41bd90
        455.000 ns	        44	8000007c	7f800c37	lui	x24,0x7f800	 x24=0x7f800000
        465.000 ns	        45	80000080	fffc0c13	addi	x24,x24,-1	 x24:0x1a41bd90 x24=0x7f7fffff
        485.000 ns	        47	80000084	f00c0153	fmv.w.x	f2,x24	 x24:0x1a41bd90  f2=0x7f7fffff
        505.000 ns	        49	80000088	c74ffc37	lui	x24,0xc74ff	 x24=0xc74ff000
        515.000 ns	        50	8000008c	f32c0c13	addi	x24,x24,-206	 x24:0x7f7fffff x24=0xc74fef32
        535.000 ns	        52	80000090	f00c01d3	fmv.w.x	f3,x24	 x24:0x7f7fffff  f3=0xc74fef32
        555.000 ns	        54	80000094	7f800c37	lui	x24,0x7f800	 x24=0x7f800000
        565.000 ns	        55	80000098	fffc0c13	addi	x24,x24,-1	 x24:0xc74fef32 x24=0x7f7fffff
        585.000 ns	        57	8000009c	f00c0253	fmv.w.x	f4,x24	 x24:0xc74fef32  f4=0x7f7fffff
        605.000 ns	        59	800000a0	ff800c37	lui	x24,0xff800	 x24=0xff800000
        625.000 ns	        61	800000a4	f00c02d3	fmv.w.x	f5,x24	 x24:0x7f7fffff  f5=0xff800000
        645.000 ns	        63	800000a8	d9c46c37	lui	x24,0xd9c46	 x24=0xd9c46000
        655.000 ns	        64	800000ac	ef3c0c13	addi	x24,x24,-269	 x24:0xff800000 x24=0xd9c45ef3
        675.000 ns	        66	800000b0	f00c0353	fmv.w.x	f6,x24	 x24:0xff800000  f6=0xd9c45ef3
        695.000 ns	        68	800000b4	7f800c37	lui	x24,0x7f800	 x24=0x7f800000
        715.000 ns	        70	800000b8	f00c03d3	fmv.w.x	f7,x24	 x24:0xd9c45ef3  f7=0x7f800000
        735.000 ns	        72	800000bc	00000c13	addi	x24,x0,0	  x0:0x00000000 x24=0x00000000
        755.000 ns	        74	800000c0	f00c0453	fmv.w.x	f8,x24	 x24:0x7f800000  f8=0x00000000
        775.000 ns	        76	800000c4	0e400c37	lui	x24,0xe400	 x24=0x0e400000
        785.000 ns	        77	800000c8	368c0c13	addi	x24,x24,872	 x24:0x00000000 x24=0x0e400368
        805.000 ns	        79	800000cc	f00c04d3	fmv.w.x	f9,x24	 x24:0x00000000  f9=0x0e400368
        825.000 ns	        81	800000d0	f69e2c37	lui	x24,0xf69e2	 x24=0xf69e2000
        835.000 ns	        82	800000d4	ac4c0c13	addi	x24,x24,-1340	 x24:0x0e400368 x24=0xf69e1ac4
        855.000 ns	        84	800000d8	f00c0553	fmv.w.x	f10,x24	 x24:0x0e400368 f10=0xf69e1ac4
        875.000 ns	        86	800000dc	7f800c37	lui	x24,0x7f800	 x24=0x7f800000
        895.000 ns	        88	800000e0	f00c05d3	fmv.w.x	f11,x24	 x24:0xf69e1ac4 f11=0x7f800000
        915.000 ns	        90	800000e4	ff800c37	lui	x24,0xff800	 x24=0xff800000
        925.000 ns	        91	800000e8	fffc0c13	addi	x24,x24,-1	 x24:0x7f800000 x24=0xff7fffff
        945.000 ns	        93	800000ec	f00c0653	fmv.w.x	f12,x24	 x24:0x7f800000 f12=0xff7fffff
        965.000 ns	        95	800000f0	8067ec37	lui	x24,0x8067e	 x24=0x8067e000
        975.000 ns	        96	800000f4	c0ac0c13	addi	x24,x24,-1014	 x24:0xff7fffff x24=0x8067dc0a
        995.000 ns	        98	800000f8	f00c06d3	fmv.w.x	f13,x24	 x24:0xff7fffff f13=0x8067dc0a
       1015.000 ns	       100	800000fc	7f800c37	lui	x24,0x7f800	 x24=0x7f800000
       1025.000 ns	       101	80000100	fffc0c13	addi	x24,x24,-1	 x24:0x8067dc0a x24=0x7f7fffff
       1045.000 ns	       103	80000104	f00c0753	fmv.w.x	f14,x24	 x24:0x8067dc0a f14=0x7f7fffff
       1065.000 ns	       105	80000108	80000c37	lui	x24,0x80000	 x24=0x80000000
       1085.000 ns	       107	8000010c	f00c07d3	fmv.w.x	f15,x24	 x24:0x7f7fffff f15=0x80000000
       1105.000 ns	       109	80000110	d10bdc37	lui	x24,0xd10bd	 x24=0xd10bd000
       1115.000 ns	       110	80000114	a83c0c13	addi	x24,x24,-1405	 x24:0x80000000 x24=0xd10bca83
       1135.000 ns	       112	80000118	f00c0853	fmv.w.x	f16,x24	 x24:0x80000000 f16=0xd10bca83
       1155.000 ns	       114	8000011c	0039dc37	lui	x24,0x39d	 x24=0x0039d000
       1165.000 ns	       115	80000120	6e8c0c13	addi	x24,x24,1768	 x24:0xd10bca83 x24=0x0039d6e8
       1185.000 ns	       117	80000124	f00c08d3	fmv.w.x	f17,x24	 x24:0xd10bca83 f17=0x0039d6e8
       1205.000 ns	       119	80000128	7f800c37	lui	x24,0x7f800	 x24=0x7f800000
       1215.000 ns	       120	8000012c	fffc0c13	addi	x24,x24,-1	 x24:0x0039d6e8 x24=0x7f7fffff
       1235.000 ns	       122	80000130	f00c0953	fmv.w.x	f18,x24	 x24:0x0039d6e8 f18=0x7f7fffff
       1255.000 ns	       124	80000134	7f800c37	lui	x24,0x7f800	 x24=0x7f800000
       1265.000 ns	       125	80000138	fffc0c13	addi	x24,x24,-1	 x24:0x7f7fffff x24=0x7f7fffff
       1285.000 ns	       127	8000013c	f00c09d3	fmv.w.x	f19,x24	 x24:0x7f7fffff f19=0x7f7fffff
       1305.000 ns	       129	80000140	7fc00c37	lui	x24,0x7fc00	 x24=0x7fc00000
       1325.000 ns	       131	80000144	f00c0a53	fmv.w.x	f20,x24	 x24:0x7f7fffff f20=0x7fc00000
       1345.000 ns	       133	80000148	0045ec37	lui	x24,0x45e	 x24=0x0045e000
       1355.000 ns	       134	8000014c	a77c0c13	addi	x24,x24,-1417	 x24:0x7fc00000 x24=0x0045da77
       1375.000 ns	       136	80000150	f00c0ad3	fmv.w.x	f21,x24	 x24:0x7fc00000 f21=0x0045da77
       1395.000 ns	       138	80000154	7f800c37	lui	x24,0x7f800	 x24=0x7f800000
       1415.000 ns	       140	80000158	f00c0b53	fmv.w.x	f22,x24	 x24:0x0045da77 f22=0x7f800000
       1435.000 ns	       142	8000015c	7fc00c37	lui	x24,0x7fc00	 x24=0x7fc00000
       1455.000 ns	       144	80000160	f00c0bd3	fmv.w.x	f23,x24	 x24:0x7f800000 f23=0x7fc00000
       1475.000 ns	       146	80000164	ff800c37	lui	x24,0xff800	 x24=0xff800000
       1485.000 ns	       147	80000168	fffc0c13	addi	x24,x24,-1	 x24:0x7fc00000 x24=0xff7fffff
       1505.000 ns	       149	8000016c	f00c0c53	fmv.w.x	f24,x24	 x24:0x7fc00000 f24=0xff7fffff
       1525.000 ns	       151	80000170	605f8c37	lui	x24,0x605f8	 x24=0x605f8000
       1535.000 ns	       152	80000174	749c0c13	addi	x24,x24,1865	 x24:0xff7fffff x24=0x605f8749
       1555.000 ns	       154	80000178	f00c0cd3	fmv.w.x	f25,x24	 x24:0xff7fffff f25=0x605f8749
       1575.000 ns	       156	8000017c	7f800c37	lui	x24,0x7f800	 x24=0x7f800000
       1585.000 ns	       157	80000180	fffc0c13	addi	x24,x24,-1	 x24:0x605f8749 x24=0x7f7fffff
       1605.000 ns	       159	80000184	f00c0d53	fmv.w.x	f26,x24	 x24:0x605f8749 f26=0x7f7fffff
       1625.000 ns	       161	80000188	801b4c37	lui	x24,0x801b4	 x24=0x801b4000
       1635.000 ns	       162	8000018c	514c0c13	addi	x24,x24,1300	 x24:0x7f7fffff x24=0x801b4514
       1655.000 ns	       164	80000190	f00c0dd3	fmv.w.x	f27,x24	 x24:0x7f7fffff f27=0x801b4514
       1675.000 ns	       166	80000194	33ee3c37	lui	x24,0x33ee3	 x24=0x33ee3000
       1685.000 ns	       167	80000198	6ccc0c13	addi	x24,x24,1740	 x24:0x801b4514 x24=0x33ee36cc
       1705.000 ns	       169	8000019c	f00c0e53	fmv.w.x	f28,x24	 x24:0x801b4514 f28=0x33ee36cc
       1725.000 ns	       171	800001a0	7f800c37	lui	x24,0x7f800	 x24=0x7f800000
       1745.000 ns	       173	800001a4	f00c0ed3	fmv.w.x	f29,x24	 x24:0x33ee36cc f29=0x7f800000
       1765.000 ns	       175	800001a8	7fc00c37	lui	x24,0x7fc00	 x24=0x7fc00000
       1785.000 ns	       177	800001ac	f00c0f53	fmv.w.x	f30,x24	 x24:0x7f800000 f30=0x7fc00000
       1805.000 ns	       179	800001b0	85e5cc37	lui	x24,0x85e5c	 x24=0x85e5c000
       1815.000 ns	       180	800001b4	98dc0c13	addi	x24,x24,-1651	 x24:0x7fc00000 x24=0x85e5b98d
       1835.000 ns	       182	800001b8	f00c0fd3	fmv.w.x	f31,x24	 x24:0x7fc00000 f31=0x85e5b98d
       1855.000 ns	       184	800001bc	00205073	csrrwi	x0,frm,0	
       1865.000 ns	       185	800001c0	00500013	addi	x0,x0,5	  x0:0x00000000
       1875.000 ns	       186	800001c4	f590e0b7	lui	x1,0xf590e	  x1=0xf590e000
       1885.000 ns	       187	800001c8	30208093	addi	x1,x1,770	  x1:0x00000000  x1=0xf590e302
       1895.000 ns	       188	800001cc	80000137	lui	x2,0x80000	  x2=0x80000000
       1905.000 ns	       189	800001d0	f05791b7	lui	x3,0xf0579	  x3=0xf0579000
       1915.000 ns	       190	800001d4	8f818193	addi	x3,x3,-1800	  x3:0x00000000  x3=0xf05788f8
       1925.000 ns	       191	800001d8	ffcde237	lui	x4,0xffcde	  x4=0xffcde000
       1935.000 ns	       192	800001dc	dfd20213	addi	x4,x4,-515	  x4:0x00000000  x4=0xffcdddfd
       1945.000 ns	       193	800001e0	8e1192b7	lui	x5,0x8e119	  x5=0x8e119000
       1955.000 ns	       194	800001e4	d3a28293	addi	x5,x5,-710	  x5:0xffffff14  x5=0x8e118d3a
       1965.000 ns	       195	800001e8	00900313	addi	x6,x0,9	  x0:0x00000000  x6=0x00000009
       1975.000 ns	       196	800001ec	fa76b3b7	lui	x7,0xfa76b	  x7=0xfa76b000
       1985.000 ns	       197	800001f0	06238393	addi	x7,x7,98	  x7:0x00000000  x7=0xfa76b062
       1995.000 ns	       198	800001f4	c250e437	lui	x8,0xc250e	  x8=0xc250e000
       2005.000 ns	       199	800001f8	28340413	addi	x8,x8,643	  x8:0x00000000  x8=0xc250e283
       2015.000 ns	       200	800001fc	800004b7	lui	x9,0x80000	  x9=0x80000000
       2025.000 ns	       201	80000200	00300513	addi	x10,x0,3	  x0:0x00000000 x10=0x00000003
       2035.000 ns	       202	80000204	00b00593	addi	x11,x0,11	  x0:0x00000000 x11=0x0000000b
       2045.000 ns	       203	80000208	00e47637	lui	x12,0xe47	 x12=0x00e47000
       2055.000 ns	       204	8000020c	e1c60613	addi	x12,x12,-484	 x12:0x00000000 x12=0x00e46e1c
       2065.000 ns	       205	80000210	800006b7	lui	x13,0x80000	 x13=0x80000000
       2075.000 ns	       206	80000214	2d4c4737	lui	x14,0x2d4c4	 x14=0x2d4c4000
       2085.000 ns	       207	80000218	b4270713	addi	x14,x14,-1214	 x14:0x00000000 x14=0x2d4c3b42
       2095.000 ns	       208	8000021c	f519b7b7	lui	x15,0xf519b	 x15=0xf519b000
       2105.000 ns	       209	80000220	25778793	addi	x15,x15,599	 x15:0x00000000 x15=0xf519b257
       2115.000 ns	       210	80000224	00700813	addi	x16,x0,7	  x0:0x00000000 x16=0x00000007
       2125.000 ns	       211	80000228	83242937	lui	x18,0x83242	 x18=0x83242000
       2135.000 ns	       212	8000022c	87090913	addi	x18,x18,-1936	 x18:0x00000000 x18=0x83241870
       2145.000 ns	       213	80000230	f691c9b7	lui	x19,0xf691c	 x19=0xf691c000
       2155.000 ns	       214	80000234	fec98993	addi	x19,x19,-20	 x19:0x00000000 x19=0xf691bfec
       2165.000 ns	       215	80000238	f9549a37	lui	x20,0xf9549	 x20=0xf9549000
       2175.000 ns	       216	8000023c	5a3a0a13	addi	x20,x20,1443	 x20:0x00000000 x20=0xf95495a3
       2185.000 ns	       217	80000240	80000ab7	lui	x21,0x80000	 x21=0x80000000
       2195.000 ns	       218	80000244	00000b13	addi	x22,x0,0	  x0:0x00000000 x22=0x00000000
       2205.000 ns	       219	80000248	45feabb7	lui	x23,0x45fea	 x23=0x45fea000
       2215.000 ns	       220	8000024c	55bb8b93	addi	x23,x23,1371	 x23:0x00000000 x23=0x45fea55b
       2225.000 ns	       221	80000250	00000c13	addi	x24,x0,0	  x0:0x00000000 x24=0x00000000
       2235.000 ns	       222	80000254	00b00c93	addi	x25,x0,11	  x0:0x00000000 x25=0x0000000b
       2245.000 ns	       223	80000258	80000d37	lui	x26,0x80000	 x26=0x80000000
       2255.000 ns	       224	8000025c	00300d93	addi	x27,x0,3	  x0:0x00000000 x27=0x00000003
       2265.000 ns	       225	80000260	f6ea6eb7	lui	x29,0xf6ea6	 x29=0xf6ea6000
       2275.000 ns	       226	80000264	96de8e93	addi	x29,x29,-1683	 x29:0x00000000 x29=0xf6ea596d
       2285.000 ns	       227	80000268	00500f13	addi	x30,x0,5	  x0:0x00000000 x30=0x00000005
       2295.000 ns	       228	8000026c	00000f93	addi	x31,x0,0	  x0:0x00000000 x31=0x00000000
       2305.000 ns	       229	80000270	00041897	auipc	x17,0x41	 x17=0x80041270
       2315.000 ns	       230	80000274	d7488893	addi	x17,x17,-652	 x17:0x00000000 x17=0x80040fe4
       2325.000 ns	       231	80000278	003a6233	or	x4,x20,x3	 x20:0xf95495a3  x3:0xf05788f8  x4=0xf9579dfb
       2335.000 ns	       232	8000027c	019dad33	slt	x26,x27,x25	 x27:0x00000003 x25:0x0000000b x26=0x00000001
       2345.000 ns	       233	80000280	adc80b17	auipc	x22,0xadc80	 x22=0x2dc80280
       2355.000 ns	       234	80000284	004b0eb3	add	x29,x22,x4	 x22:0x00000000  x4:0xf9579dfb x29=0x271fa07b
       2365.000 ns	       235	80000288	00000013	addi	x0,x0,0	  x0:0x00000000
       2405.000 ns	       239	8000028c	08147653	fsub.s	f12,f8,f1	  f8:0x00000000  f1:0x1a41bd90 f12=0x9a41bd90
       2435.000 ns	       242	80000290	d0072253	fcvt.s.w	f4,x14	 x14:0x2d4c3b42  f4=0x4e3530ee
       2465.000 ns	       245	80000294	c0079853	fcvt.w.s	x16,f15	 f15:0x80000000 x16=0x00000000
       2485.000 ns	       247	80000298	006e7933	and	x18,x28,x6	 x28:0x80041024  x6:0x00000009 x18=0x00000000
       3655.000 ns	       364	8000029c	58089353	fsqrt.s	f6,f17	 f17:0x0039d6e8  f6=0x1f836875
       3675.000 ns	       366	800002a0	41665293	srai	x5,x12,0x16	 x12:0x00e46e1c  x5=0x00000003
       3685.000 ns	       367	800002a4	00faeeb3	or	x29,x21,x15	 x21:0x80000000 x15:0xf519b257 x29=0xf519b257
       3695.000 ns	       368	800002a8	01a25593	srli	x11,x4,0x1a	  x4:0xf9579dfb x11=0x0000003e
       3705.000 ns	       369	800002ac	01753b33	sltu	x22,x10,x23	 x10:0x00000003 x23:0x45fea55b x22=0x00000001
       3715.000 ns	       370	800002b0	004c6eb3	or	x29,x24,x4	 x24:0x00000000  x4:0xf9579dfb x29=0xf9579dfb
       3735.000 ns	       372	800002b4	21710a53	fsgnj.s	f20,f2,f23	  f2:0x7f7fffff f23:0x7fc00000 f20=0x7f7fffff
       3765.000 ns	       375	800002b8	c015f5d3	fcvt.wu.s	x11,f11	 f11:0x7f800000 x11=0xffffffff
       4135.000 ns	       412	800002bc	03614433	div	x8,x2,x22	  x2:0x80000000 x22:0x00000001  x8=0x80000000
       4155.000 ns	       414	800002c0	76632393	slti	x7,x6,1894	  x6:0x00000009  x7=0x00000001
       4165.000 ns	       415	800002c4	40785213	srai	x4,x16,0x7	 x16:0x00000000  x4=0x00000000
       4175.000 ns	       416	800002c8	01f96533	or	x10,x18,x31	 x18:0x00000000 x31:0x00000000 x10=0x00000000
       4195.000 ns	       418	800002cc	28869e53	fmax.s	f28,f13,f8	 f13:0x8067dc0a  f8:0x00000000 f28=0x00000000
       4215.000 ns	       420	800002d0	016cf633	and	x12,x25,x22	 x25:0x0000000b x22:0x00000001 x12=0x00000001
       4235.000 ns	       422	800002d4	f00d0353	fmv.w.x	f6,x26	 x26:0x00000001  f6=0x00000001
       4265.000 ns	       425	800002d8	c00bf5d3	fcvt.w.s	x11,f23	 f23:0x7fc00000 x11=0x7fffffff
       5445.000 ns	       543	800002dc	58008e53	fsqrt.s	f28,f1	  f1:0x1a41bd90 f28=0x2c88febc
       5465.000 ns	       545	800002e0	fd6d4697	auipc	x13,0xfd6d4	 x13=0x7d6d42e0
       5475.000 ns	       546	800002e4	0153aa33	slt	x20,x7,x21	  x7:0x00000001 x21:0x80000000 x20=0x00000000
       5485.000 ns	       547	800002e8	dbf83c13	sltiu	x24,x16,-577	 x16:0x00000000 x24=0x00000001
       5495.000 ns	       548	800002ec	01b7db93	srli	x23,x15,0x1b	 x15:0xf519b257 x23=0x0000001e
       5505.000 ns	       549	800002f0	00000013	addi	x0,x0,0	  x0:0x00000000
       5535.000 ns	       552	800002f4	1952fe53	fdiv.s	f28,f5,f21	  f5:0xff800000 f21:0x0045da77 f28=0xff800000
       5555.000 ns	       554	800002f8	01fbf3b3	and	x7,x23,x31	 x23:0x0000001e x31:0x00000000  x7=0x00000000
       5595.000 ns	       558	800002fc	0098f653	fadd.s	f12,f17,f9	 f17:0x0039d6e8  f9:0x0e400368 f12=0x0e400368
       5615.000 ns	       560	80000300	d56bad93	slti	x27,x23,-682	 x23:0x0000001e x27=0x00000000
       5625.000 ns	       561	80000304	15e7c313	xori	x6,x15,350	 x15:0xf519b257  x6=0xf519b309
       5645.000 ns	       563	80000308	20ee87d3	fsgnj.s	f15,f29,f14	 f29:0x7f800000 f14:0x7f7fffff f15=0x7f800000
       5665.000 ns	       565	8000030c	013c67b3	or	x15,x24,x19	 x24:0x00000001 x19:0xf691bfec x15=0xf691bfed
       5675.000 ns	       566	80000310	69630d13	addi	x26,x6,1686	  x6:0xf519b309 x26=0xf519b99f
       5685.000 ns	       567	80000314	43ed4d93	xori	x27,x26,1086	 x26:0x00000001 x27=0xf519bda1
       5705.000 ns	       569	80000318	295288d3	fmin.s	f17,f5,f21	  f5:0xff800000 f21:0x0045da77 f17=0xff800000
       5755.000 ns	       574	8000031c	09c40cd3	fsub.s	f25,f8,f28	  f8:0x00000000 f28:0xff800000 f25=0x7f800000
       5785.000 ns	       577	80000320	21c9a353	fsgnjx.s	f6,f19,f28	 f19:0x7f7fffff f28:0xff800000  f6=0xff7fffff
       5805.000 ns	       579	80000324	00d45b33	srl	x22,x8,x13	  x8:0x80000000 x13:0x7d6d42e0 x22=0x80000000
       5815.000 ns	       580	80000328	00ddd713	srli	x14,x27,0xd	 x27:0xf519bda1 x14=0x0007a8cd
       5825.000 ns	       581	8000032c	007031b3	sltu	x3,x0,x7	  x0:0x00000000  x7:0x00000000  x3=0x00000000
       5835.000 ns	       582	80000330	3906a213	slti	x4,x13,912	 x13:0x7d6d42e0  x4=0x00000000
       5845.000 ns	       583	80000334	27356613	ori	x12,x10,627	 x10:0x00000000 x12=0x00000273
       5865.000 ns	       585	80000338	c010f4d3	fcvt.wu.s	x9,f1	  f1:0x1a41bd90  x9=0x00000000
       5905.000 ns	       589	8000033c	185a0653	fdiv.s	f12,f20,f5	 f20:0x7f7fffff  f5:0xff800000 f12=0x80000000
       5925.000 ns	       591	80000340	007d1d13	slli	x26,x26,0x7	 x26:0xf519b99f x26=0x8cdccf80
       7095.000 ns	       708	80000344	580af2d3	fsqrt.s	f5,f21	 f21:0x0045da77  f5=0x1f8be744
       7125.000 ns	       711	80000348	038019b3	mulh	x19,x0,x24	  x0:0x00000000 x24:0x00000001 x19=0x00000000
       7145.000 ns	       713	8000034c	0122c433	xor	x8,x5,x18	  x5:0x00000003 x18:0x00000000  x8=0x00000003
       7165.000 ns	       715	80000350	281f9153	fmax.s	f2,f31,f1	 f31:0x85e5b98d  f1:0x1a41bd90  f2=0x1a41bd90
       7185.000 ns	       717	80000354	41b35693	srai	x13,x6,0x1b	  x6:0xf519b309 x13=0xfffffffe
       7195.000 ns	       718	80000358	00153fb3	sltu	x31,x10,x1	 x10:0x00000000  x1:0xf590e302 x31=0x00000001
       7205.000 ns	       719	8000035c	00e690b3	sll	x1,x13,x14	 x13:0x7d6d42e0 x14:0x0007a8cd  x1=0xffffc000
       7215.000 ns	       720	80000360	01b16033	or	x0,x2,x27	  x2:0x80000000 x27:0xf519bda1
       7245.000 ns	       723	80000364	19617453	fdiv.s	f8,f2,f22	  f2:0x1a41bd90 f22:0x7f800000  f8=0x00000000
       7275.000 ns	       726	80000368	20de1b53	fsgnjn.s	f22,f28,f13	 f28:0xff800000 f13:0x8067dc0a f22=0x7f800000
       7305.000 ns	       729	8000036c	c0052c53	fcvt.w.s	x24,f10	 f10:0xf69e1ac4 x24=0x80000000
       7325.000 ns	       731	80000370	df3ea593	slti	x11,x29,-525	 x29:0xf9579dfb x11=0x00000001
       7335.000 ns	       732	80000374	4168d193	srai	x3,x17,0x16	 x17:0x80040fe4  x3=0xfffffe00
       7355.000 ns	       734	80000378	027ba933	mulhsu	x18,x23,x7	 x23:0x0000001e  x7:0x00000000 x18=0x00000000
       7375.000 ns	       736	8000037c	e27a2713	slti	x14,x20,-473	 x20:0x00000000 x14=0x00000000
       7385.000 ns	       737	80000380	c52cb013	sltiu	x0,x25,-942	 x25:0x0000000b
       7395.000 ns	       738	80000384	01007bb3	and	x23,x0,x16	  x0:0x00000000 x16:0x00000000 x23=0x00000000
       7415.000 ns	       740	80000388	02061533	mulh	x10,x12,x0	 x12:0x00000273  x0:0x00000000 x10=0x00000000
       7435.000 ns	       742	8000038c	e9796493	ori	x9,x18,-361	 x18:0x00000000  x9=0xfffffe97
       7445.000 ns	       743	80000390	01e62d33	slt	x26,x12,x30	 x12:0x00000273 x30:0x00000005 x26=0x00000000
       7455.000 ns	       744	80000394	016d7133	and	x2,x26,x22	 x26:0x8cdccf80 x22:0x80000000  x2=0x00000000
       7475.000 ns	       746	80000398	200121d3	fsgnjx.s	f3,f2,f0	  f2:0x1a41bd90  f0:0x005bbe8a  f3=0x1a41bd90
       7525.000 ns	       751	8000039c	08bbc553	fsub.s	f10,f23,f11	 f23:0x7fc00000 f11:0x7f800000 f10=0x7fc00000
       7555.000 ns	       754	800003a0	d0113bd3	fcvt.s.wu	f23,x2	  x2:0x00000000 f23=0x00000000
       7585.000 ns	       757	800003a4	0306a333	mulhsu	x6,x13,x16	 x13:0xfffffffe x16:0x00000000  x6=0x00000000
       7605.000 ns	       759	800003a8	dcc37993	andi	x19,x6,-564	  x6:0xf519b309 x19=0x00000000
       7615.000 ns	       760	800003ac	0e697513	andi	x10,x18,230	 x18:0x00000000 x10=0x00000000
       7635.000 ns	       762	800003b0	c01dfbd3	fcvt.wu.s	x23,f27	 f27:0x801b4514 x23=0x00000000
       7655.000 ns	       764	800003b4	e1374b93	xori	x23,x14,-493	 x14:0x00000000 x23=0xfffffe13
       7675.000 ns	       766	800003b8	219f1d53	fsgnjn.s	f26,f30,f25	 f30:0x7fc00000 f25:0x7f800000 f26=0xffc00000
       7725.000 ns	       771	800003bc	09863cd3	fsub.s	f25,f12,f24	 f12:0x80000000 f24:0xff7fffff f25=0x7f7fffff
       7755.000 ns	       774	800003c0	03338933	mul	x18,x7,x19	  x7:0x00000000 x19:0x00000000 x18=0x00000000
       7785.000 ns	       777	800003c4	29f78c53	fmin.s	f24,f15,f31	 f15:0x7f800000 f31:0x85e5b98d f24=0x85e5b98d
       7805.000 ns	       779	800003c8	fb080793	addi	x15,x16,-80	 x16:0x00000000 x15=0xffffffb0
       7835.000 ns	       782	800003cc	117215d3	fmul.s	f11,f4,f23	  f4:0x4e3530ee f23:0x00000000 f11=0x00000000
       7865.000 ns	       785	800003d0	02e399b3	mulh	x19,x7,x14	  x7:0x00000000 x14:0x00000000 x19=0x00000000
       7885.000 ns	       787	800003d4	7c18bb93	sltiu	x23,x17,1985	 x17:0x80040fe4 x23=0x00000000
       7895.000 ns	       788	800003d8	00d8ac33	slt	x24,x17,x13	 x17:0x80040fe4 x13:0xfffffffe x24=0x00000001
       7905.000 ns	       789	800003dc	41ba5713	srai	x14,x20,0x1b	 x20:0x00000000 x14=0x00000000
       7925.000 ns	       791	800003e0	c0184153	fcvt.wu.s	x2,f16	 f16:0xd10bca83  x2=0x00000000
       7955.000 ns	       794	800003e4	a1319753	flt.s	x14,f3,f19	  f3:0x1a41bd90 f19:0x7f7fffff x14=0x00000001
       7975.000 ns	       796	800003e8	405f8cb3	sub	x25,x31,x5	 x31:0x00000001  x5:0x00000003 x25=0xfffffffe
       7985.000 ns	       797	800003ec	6a9d0497	auipc	x9,0x6a9d0	  x9=0xea9d03ec
       8005.000 ns	       799	800003f0	a0b90ed3	fle.s	x29,f18,f11	 f18:0x7f7fffff f11:0x00000000 x29=0x00000000
       8035.000 ns	       802	800003f4	29d99ed3	fmax.s	f29,f19,f29	 f19:0x7f7fffff f29:0x7f800000 f29=0x7f800000
       8075.000 ns	       806	800003f8	58058ad3	fsqrt.s	f21,f11	 f11:0x00000000 f21=0x00000000
       8095.000 ns	       808	800003fc	6d9ef813	andi	x16,x29,1753	 x29:0x00000000 x16=0x00000000
       8115.000 ns	       810	80000400	033011b3	mulh	x3,x0,x19	  x0:0x00000000 x19:0x00000000  x3=0x00000000
       8155.000 ns	       814	80000404	5803ff53	fsqrt.s	f30,f7	  f7:0x7f800000 f30=0x7f800000
       8185.000 ns	       817	80000408	024066b3	rem	x13,x0,x4	  x0:0x00000000  x4:0x00000000 x13=0x00000000
       8205.000 ns	       819	8000040c	0103b633	sltu	x12,x7,x16	  x7:0x00000000 x16:0x00000000 x12=0x00000000
       8225.000 ns	       821	80000410	a10796d3	flt.s	x13,f15,f16	 f15:0x7f800000 f16:0xd10bca83 x13=0x00000000
       8245.000 ns	       823	80000414	010bc7b3	xor	x15,x23,x16	 x23:0x00000000 x16:0x00000000 x15=0x00000000
       8285.000 ns	       827	80000418	080872d3	fsub.s	f5,f16,f0	 f16:0xd10bca83  f0:0x005bbe8a  f5=0xd10bca83
       8305.000 ns	       829	8000041c	018ba733	slt	x14,x23,x24	 x23:0x00000000 x24:0x00000001 x14=0x00000001
       8325.000 ns	       831	80000420	a0298653	fle.s	x12,f19,f2	 f19:0x7f7fffff  f2:0x1a41bd90 x12=0x00000000
       8355.000 ns	       834	80000424	c01b7853	fcvt.wu.s	x16,f22	 f22:0x7f800000 x16=0xffffffff
       8405.000 ns	       839	80000428	00280053	fadd.s	f0,f16,f2	 f16:0xd10bca83  f2:0x1a41bd90  f0=0xd10bca83
       8425.000 ns	       841	8000042c	e4b58a13	addi	x20,x11,-437	 x11:0x00000001 x20=0xfffffe4c
       8465.000 ns	       845	80000430	090177d3	fsub.s	f15,f2,f16	  f2:0x1a41bd90 f16:0xd10bca83 f15=0x510bca83
       8485.000 ns	       847	80000434	40d70393	addi	x7,x14,1037	 x14:0x00000001  x7=0x0000040e
       8505.000 ns	       849	80000438	039a25b3	mulhsu	x11,x20,x25	 x20:0xfffffe4c x25:0xfffffffe x11=0xfffffe4c
       8535.000 ns	       852	8000043c	03a53733	mulhu	x14,x10,x26	 x10:0x00000000 x26:0x00000000 x14=0x00000000
       8565.000 ns	       855	80000440	a0818953	fle.s	x18,f3,f8	  f3:0x1a41bd90  f8:0x00000000 x18=0x00000000
       8595.000 ns	       858	80000444	02e6e1b3	rem	x3,x13,x14	 x13:0x00000000 x14:0x00000000  x3=0x00000000
       8645.000 ns	       863	80000448	09fa7453	fsub.s	f8,f20,f31	 f20:0x7f7fffff f31:0x85e5b98d  f8=0x7f7fffff
       8695.000 ns	       868	8000044c	082539d3	fsub.s	f19,f10,f2	 f10:0x7fc00000  f2:0x1a41bd90 f19=0x7fc00000
       8715.000 ns	       870	80000450	b822e813	ori	x16,x5,-1150	  x5:0x00000003 x16=0xfffffb83
       8735.000 ns	       872	80000454	03691833	mulh	x16,x18,x22	 x18:0x00000000 x22:0x80000000 x16=0x00000000
       8755.000 ns	       874	80000458	c4044293	xori	x5,x8,-960	  x8:0x00000003  x5=0xfffffc43
       8765.000 ns	       875	8000045c	0130c033	xor	x0,x1,x19	  x1:0xffffc000 x19:0x00000000
       8775.000 ns	       876	80000460	00d6ed33	or	x26,x13,x13	 x13:0x00000000 x13:0x00000000 x26=0x00000000
       8785.000 ns	       877	80000464	01e83033	sltu	x0,x16,x30	 x16:0x00000000 x30:0x00000005
       8815.000 ns	       880	80000468	10af11d3	fmul.s	f3,f30,f10	 f30:0x7f800000 f10:0x7fc00000  f3=0x7fc00000
       9185.000 ns	       917	8000046c	03e56b33	rem	x22,x10,x30	 x10:0x00000000 x30:0x00000005 x22=0x00000000
       9215.000 ns	       920	80000470	f00502d3	fmv.w.x	f5,x10	 x10:0x00000000  f5=0x00000000
       9235.000 ns	       922	80000474	013ac033	xor	x0,x21,x19	 x21:0x80000000 x19:0x00000000
       9245.000 ns	       923	80000478	0464dc97	auipc	x25,0x464d	 x25=0x8464d478
       9255.000 ns	       924	8000047c	0a50f713	andi	x14,x1,165	  x1:0xffffc000 x14=0x00000000
       9265.000 ns	       925	80000480	d67ffe93	andi	x29,x31,-665	 x31:0x00000001 x29=0x00000001
       9275.000 ns	       926	80000484	01209113	slli	x2,x1,0x12	  x1:0xffffc000  x2=0x00000000
       9635.000 ns	       962	80000488	03f2f2b3	remu	x5,x5,x31	  x5:0xfffffc43 x31:0x00000001  x5=0x00000000
       9665.000 ns	       965	8000048c	022e4933	div	x18,x28,x2	 x28:0x80041024  x2:0x00000000 x18=0xffffffff
       9685.000 ns	       967	80000490	015d5a33	srl	x20,x26,x21	 x26:0x00000000 x21:0x80000000 x20=0x00000000
       9705.000 ns	       969	80000494	02b2bab3	mulhu	x21,x5,x11	  x5:0x00000000 x11:0xfffffe4c x21=0x00000000
       9735.000 ns	       972	80000498	e0078cd3	fmv.x.w	x25,f15	 f15:0x510bca83 x25=0x510bca83
       9755.000 ns	       974	8000049c	000d5b93	srli	x23,x26,0x0	 x26:0x00000000 x23=0x00000000
       9775.000 ns	       976	800004a0	201a2553	fsgnjx.s	f10,f20,f1	 f20:0x7f7fffff  f1:0x1a41bd90 f10=0x7f7fffff
       9795.000 ns	       978	800004a4	014f3cb3	sltu	x25,x30,x20	 x30:0x00000005 x20:0x00000000 x25=0x00000000
       9815.000 ns	       980	800004a8	d00978d3	fcvt.s.w	f17,x18	 x18:0xffffffff f17=0xbf800000
       9835.000 ns	       982	800004ac	080ac313	xori	x6,x21,128	 x21:0x00000000  x6=0x00000080
       9845.000 ns	       983	800004b0	7319e497	auipc	x9,0x7319e	  x9=0xf319e4b0
       9865.000 ns	       985	800004b4	20472253	fsgnjx.s	f4,f14,f4	 f14:0x7f7fffff  f4:0x4e3530ee  f4=0x7f7fffff
       9885.000 ns	       987	800004b8	0105e6b3	or	x13,x11,x16	 x11:0xfffffe4c x16:0x00000000 x13=0xfffffe4c
       9895.000 ns	       988	800004bc	403f5913	srai	x18,x30,0x3	 x30:0x00000005 x18=0x00000000
       9935.000 ns	       992	800004c0	08768653	fsub.s	f12,f13,f7	 f13:0x8067dc0a  f7:0x7f800000 f12=0xff800000
       9965.000 ns	       995	800004c4	c019b9d3	fcvt.wu.s	x19,f19	 f19:0x7fc00000 x19=0xffffffff
       9995.000 ns	       998	800004c8	f0030dd3	fmv.w.x	f27,x6	  x6:0x00000080 f27=0x00000080
      10015.000 ns	      1000	800004cc	645b2213	slti	x4,x22,1605	 x22:0x00000000  x4=0x00000001
      10035.000 ns	      1002	800004d0	037475b3	remu	x11,x8,x23	  x8:0x00000003 x23:0x00000000 x11=0x00000003
      10055.000 ns	      1004	800004d4	004fdb33	srl	x22,x31,x4	 x31:0x00000001  x4:0x00000000 x22=0x00000000
      10065.000 ns	      1005	800004d8	dc282397	auipc	x7,0xdc282	  x7=0x5c2824d8
      10075.000 ns	      1006	800004dc	933c4597	auipc	x11,0x933c4	 x11=0x133c44dc
      10095.000 ns	      1008	800004e0	02361533	mulh	x10,x12,x3	 x12:0x00000000  x3:0x00000000 x10=0x00000000
      10435.000 ns	      1042	800004e4	18effb53	fdiv.s	f22,f31,f14	 f31:0x85e5b98d f14:0x7f7fffff f22=0xff800000
      10455.000 ns	      1044	800004e8	1ed2d237	lui	x4,0x1ed2d	  x4=0x1ed2d000
      10465.000 ns	      1045	800004ec	2980d237	lui	x4,0x2980d	  x4=0x2980d000
      10475.000 ns	      1046	800004f0	41b4d013	srai	x0,x9,0x1b	  x9:0xf319e4b0
      10495.000 ns	      1048	800004f4	0342d933	divu	x18,x5,x20	  x5:0x00000000 x20:0x00000000 x18=0xffffffff
      10515.000 ns	      1050	800004f8	4572fe93	andi	x29,x5,1111	  x5:0x00000000 x29=0x00000000
      10535.000 ns	      1052	800004fc	d01729d3	fcvt.s.wu	f19,x14	 x14:0x00000000 f19=0x00000000
      10555.000 ns	      1054	80000500	403fd113	srai	x2,x31,0x3	 x31:0x00000001  x2=0x00000000
      10575.000 ns	      1056	80000504	c0044753	fcvt.w.s	x14,f8	  f8:0x7f7fffff x14=0x7fffffff
      10595.000 ns	      1058	80000508	402a5fb3	sra	x31,x20,x2	 x20:0x00000000  x2:0x00000000 x31=0x00000000
      10605.000 ns	      1059	8000050c	428df717	auipc	x14,0x428df	 x14=0xc28df50c
      10625.000 ns	      1061	80000510	c01883d3	fcvt.wu.s	x7,f17	 f17:0xbf800000  x7=0x00000001
      10645.000 ns	      1063	80000514	014ef733	and	x14,x29,x20	 x29:0x00000000 x20:0x00000000 x14=0x00000000
      10665.000 ns	      1065	80000518	20421c53	fsgnjn.s	f24,f4,f4	  f4:0x7f7fffff  f4:0x7f7fffff f24=0xff7fffff
      10705.000 ns	      1069	8000051c	5803fdd3	fsqrt.s	f27,f7	  f7:0x7f800000 f27=0x7f800000
      10745.000 ns	      1073	80000520	10289fd3	fmul.s	f31,f17,f2	 f17:0xbf800000  f2:0x1a41bd90 f31=0x9a41bd90
      10775.000 ns	      1076	80000524	213f0e53	fsgnj.s	f28,f30,f19	 f30:0x7f800000 f19:0x00000000 f28=0x7f800000
      10805.000 ns	      1079	80000528	0372cab3	div	x21,x5,x23	  x5:0x00000000 x23:0x00000000 x21=0xffffffff
      10835.000 ns	      1082	8000052c	c003fa53	fcvt.w.s	x20,f7	  f7:0x7f800000 x20=0x7fffffff
      10855.000 ns	      1084	80000530	6807ba93	sltiu	x21,x15,1664	 x15:0x00000000 x21=0x00000001
      10865.000 ns	      1085	80000534	01bd57b3	srl	x15,x26,x27	 x26:0x00000000 x27:0xf519bda1 x15=0x00000000
      10885.000 ns	      1087	80000538	20b198d3	fsgnjn.s	f17,f3,f11	  f3:0x7fc00000 f11:0x00000000 f17=0xffc00000
      10915.000 ns	      1090	8000053c	02470633	mul	x12,x14,x4	 x14:0x00000000  x4:0x2980d000 x12=0x00000000
      10935.000 ns	      1092	80000540	01b2e7b3	or	x15,x5,x27	  x5:0x00000000 x27:0xf519bda1 x15=0xf519bda1
      10945.000 ns	      1093	80000544	0005d813	srli	x16,x11,0x0	 x11:0x133c44dc x16=0x133c44dc
      10975.000 ns	      1096	80000548	10c1f8d3	fmul.s	f17,f3,f12	  f3:0x7fc00000 f12:0xff800000 f17=0x7fc00000
      10995.000 ns	      1098	8000054c	01590a33	add	x20,x18,x21	 x18:0xffffffff x21:0x00000001 x20=0x00000000
      11015.000 ns	      1100	80000550	e00d07d3	fmv.x.w	x15,f26	 f26:0xffc00000 x15=0xffc00000
      11045.000 ns	      1103	80000554	029d05b3	mul	x11,x26,x9	 x26:0x00000000  x9:0xf319e4b0 x11=0x00000000
      11075.000 ns	      1106	80000558	e0029fd3	fclass.s	x31,f5	  f5:0x00000000 x31=0x00000010
      11095.000 ns	      1108	8000055c	016db733	sltu	x14,x27,x22	 x27:0xf519bda1 x22:0x00000000 x14=0x00000000
      11115.000 ns	      1110	80000560	29971bd3	fmax.s	f23,f14,f25	 f14:0x7f7fffff f25:0x7f7fffff f23=0x7f7fffff
      11485.000 ns	      1147	80000564	02d74b33	div	x22,x14,x13	 x14:0x00000000 x13:0xfffffe4c x22=0x00000000
      11515.000 ns	      1150	80000568	d00c3bd3	fcvt.s.w	f23,x24	 x24:0x00000001 f23=0x3f800000
      11535.000 ns	      1152	8000056c	00000013	addi	x0,x0,0	  x0:0x00000000
      11555.000 ns	      1154	80000570	02d2bfb3	mulhu	x31,x5,x13	  x5:0x00000000 x13:0xfffffe4c x31=0x00000000
      11585.000 ns	      1157	80000574	a1aa26d3	feq.s	x13,f20,f26	 f20:0x7f7fffff f26:0xffc00000 x13=0x00000000
      11605.000 ns	      1159	80000578	41dcdd33	sra	x26,x25,x29	 x25:0x00000000 x29:0x00000000 x26=0x00000000
      11625.000 ns	      1161	8000057c	0392a133	mulhsu	x2,x5,x25	  x5:0x00000000 x25:0x00000000  x2=0x00000000
      11645.000 ns	      1163	80000580	4fb80cb7	lui	x25,0x4fb80	 x25=0x4fb80000
      11655.000 ns	      1164	80000584	aa418313	addi	x6,x3,-1372	  x3:0x00000000  x6=0xfffffaa4
      11675.000 ns	      1166	80000588	02f11633	mulh	x12,x2,x15	  x2:0x00000000 x15:0xffc00000 x12=0x00000000
      11705.000 ns	      1169	8000058c	20418853	fsgnj.s	f16,f3,f4	  f3:0x7fc00000  f4:0x7f7fffff f16=0x7fc00000
      11725.000 ns	      1171	80000590	8199c793	xori	x15,x19,-2023	 x19:0xffffffff x15=0x000007e6
      11745.000 ns	      1173	80000594	29c18a53	fmin.s	f20,f3,f28	  f3:0x7fc00000 f28:0x7f800000 f20=0x7f800000
      11775.000 ns	      1176	80000598	f00a8cd3	fmv.w.x	f25,x21	 x21:0x00000001 f25=0x00000001
      11795.000 ns	      1178	8000059c	3a7ef493	andi	x9,x29,935	 x29:0x00000000  x9=0x00000000
      11815.000 ns	      1180	800005a0	a1282a53	feq.s	x20,f16,f18	 f16:0x7fc00000 f18:0x7f7fffff x20=0x00000000
      11855.000 ns	      1184	800005a4	580fa7d3	fsqrt.s	f15,f31	 f31:0x9a41bd90 f15=0x7fc00000
      11885.000 ns	      1187	800005a8	a16aadd3	feq.s	x27,f21,f22	 f21:0x00000000 f22:0xff800000 x27=0x00000000
      11905.000 ns	      1189	800005ac	007dcd33	xor	x26,x27,x7	 x27:0xf519bda1  x7:0x00000001 x26=0x00000001
      11915.000 ns	      1190	800005b0	8acd2293	slti	x5,x26,-1876	 x26:0x00000000  x5=0x00000000
      11925.000 ns	      1191	800005b4	1064cb93	xori	x23,x9,262	  x9:0x00000000 x23=0x00000106
      11955.000 ns	      1194	800005b8	11681cd3	fmul.s	f25,f16,f22	 f16:0x7fc00000 f22:0xff800000 f25=0x7fc00000
      11985.000 ns	      1197	800005bc	03cc8fb3	mul	x31,x25,x28	 x25:0x4fb80000 x28:0x80041024 x31=0xb5e00000
      12025.000 ns	      1201	800005c0	5805fc53	fsqrt.s	f24,f11	 f11:0x00000000 f24=0x00000000
      12395.000 ns	      1238	800005c4	031f5a33	divu	x20,x30,x17	 x30:0x00000005 x17:0x80040fe4 x20=0x00000000
      12425.000 ns	      1241	800005c8	03012ab3	mulhsu	x21,x2,x16	  x2:0x00000000 x16:0x133c44dc x21=0x00000000
      12445.000 ns	      1243	800005cc	01155d93	srli	x27,x10,0x11	 x10:0x00000000 x27=0x00000000
      12475.000 ns	      1246	800005d0	18c3fbd3	fdiv.s	f23,f7,f12	  f7:0x7f800000 f12:0xff800000 f23=0x7fc00000
      12495.000 ns	      1248	800005d4	0179f9b3	and	x19,x19,x23	 x19:0xffffffff x23:0x00000106 x19=0x00000106
      12515.000 ns	      1250	800005d8	29bc9553	fmax.s	f10,f25,f27	 f25:0x7fc00000 f27:0x7f800000 f10=0x7f800000
      12545.000 ns	      1253	800005dc	e00d01d3	fmv.x.w	x3,f26	 f26:0xffc00000  x3=0xffc00000
      12565.000 ns	      1255	800005e0	40275993	srai	x19,x14,0x2	 x14:0x00000000 x19=0x00000000
      12595.000 ns	      1258	800005e4	18d3f3d3	fdiv.s	f7,f7,f13	  f7:0x7f800000 f13:0x8067dc0a  f7=0xff800000
      12625.000 ns	      1261	800005e8	208913d3	fsgnjn.s	f7,f18,f8	 f18:0x7f7fffff  f8:0x7f7fffff  f7=0xff7fffff
      12645.000 ns	      1263	800005ec	01d302b3	add	x5,x6,x29	  x6:0xfffffaa4 x29:0x00000000  x5=0xfffffaa4
      12665.000 ns	      1265	800005f0	02fc25b3	mulhsu	x11,x24,x15	 x24:0x00000001 x15:0x000007e6 x11=0x00000000
      12695.000 ns	      1268	800005f4	2048af53	fsgnjx.s	f30,f17,f4	 f17:0x7fc00000  f4:0x7f7fffff f30=0x7fc00000
      13875.000 ns	      1386	800005f8	58047f53	fsqrt.s	f30,f8	  f8:0x7f7fffff f30=0x5f350461
      13895.000 ns	      1388	800005fc	00e2d6b3	srl	x13,x5,x14	  x5:0xfffffaa4 x14:0x00000000 x13=0xfffffaa4
      13905.000 ns	      1389	80000600	e0212913	slti	x18,x2,-510	  x2:0x00000000 x18=0x00000000
      13935.000 ns	      1392	80000604	106b8c53	fmul.s	f24,f23,f6	 f23:0x7fc00000  f6:0xff7fffff f24=0x7fc00000
      14305.000 ns	      1429	80000608	03726bb3	rem	x23,x4,x23	  x4:0x2980d000 x23:0x00000106 x23=0x00000006
      14675.000 ns	      1466	8000060c	02fff833	remu	x16,x31,x15	 x31:0xb5e00000 x15:0x000007e6 x16=0x000001bc
      14705.000 ns	      1469	80000610	e00093d3	fclass.s	x7,f1	  f1:0x1a41bd90  x7=0x00000040
      14745.000 ns	      1473	80000614	580c7ad3	fsqrt.s	f21,f24	 f24:0x7fc00000 f21=0x7fc00000
      14765.000 ns	      1475	80000618	01057833	and	x16,x10,x16	 x10:0x00000000 x16:0x000001bc x16=0x00000000
      14775.000 ns	      1476	8000061c	8ae2c013	xori	x0,x5,-1874	  x5:0xfffffaa4
      15885.000 ns	      1587	80000620	58077f53	fsqrt.s	f30,f14	 f14:0x7f7fffff f30=0x5f350461
      15925.000 ns	      1591	80000624	58087a53	fsqrt.s	f20,f16	 f16:0x7fc00000 f20=0x7fc00000
      15945.000 ns	      1593	80000628	0584e617	auipc	x12,0x584e	 x12=0x8584e628
      15985.000 ns	      1597	8000062c	081488d3	fsub.s	f17,f9,f1	  f9:0x0e400368  f1:0x1a41bd90 f17=0x9a41bd8f
      16355.000 ns	      1634	80000630	021bd2b3	divu	x5,x23,x1	 x23:0x00000006  x1:0xffffc000  x5=0x00000000
      16375.000 ns	      1636	80000634	01781bb3	sll	x23,x16,x23	 x16:0x00000000 x23:0x00000006 x23=0x00000000
      16395.000 ns	      1638	80000638	03a78a33	mul	x20,x15,x26	 x15:0x000007e6 x26:0x00000001 x20=0x000007e6
      16415.000 ns	      1640	8000063c	50e90313	addi	x6,x18,1294	 x18:0x00000000  x6=0x0000050e
      16435.000 ns	      1642	80000640	c00ff353	fcvt.w.s	x6,f31	 f31:0x9a41bd90  x6=0x00000000
      16455.000 ns	      1644	80000644	90e12313	slti	x6,x2,-1778	  x2:0x00000000  x6=0x00000000
      16465.000 ns	      1645	80000648	55c6ec17	auipc	x24,0x55c6e	 x24=0xd5c6e648
      16485.000 ns	      1647	8000064c	2050a6d3	fsgnjx.s	f13,f1,f5	  f1:0x1a41bd90  f5:0x00000000 f13=0x1a41bd90
      16515.000 ns	      1650	80000650	a167a253	feq.s	x4,f15,f22	 f15:0x7fc00000 f22:0xff800000  x4=0x00000000
      16545.000 ns	      1653	80000654	c016ffd3	fcvt.wu.s	x31,f13	 f13:0x1a41bd90 x31=0x00000000
      16565.000 ns	      1655	80000658	364d4f93	xori	x31,x26,868	 x26:0x00000001 x31=0x00000365
      16575.000 ns	      1656	8000065c	00000013	addi	x0,x0,0	  x0:0x00000000
      16595.000 ns	      1658	80000660	c004fdd3	fcvt.w.s	x27,f9	  f9:0x0e400368 x27=0x00000000
      16615.000 ns	      1660	80000664	78eba413	slti	x8,x23,1934	 x23:0x00000000  x8=0x00000001
      16625.000 ns	      1661	80000668	ecc7b313	sltiu	x6,x15,-308	 x15:0x000007e6  x6=0x00000001
      16645.000 ns	      1663	8000066c	020a5133	divu	x2,x20,x0	 x20:0x000007e6  x0:0x00000000  x2=0xffffffff
      16675.000 ns	      1666	80000670	02c696b3	mulh	x13,x13,x12	 x13:0xfffffaa4 x12:0x8584e628 x13=0x00000290
      16695.000 ns	      1668	80000674	a14c4193	xori	x3,x24,-1516	 x24:0xd5c6e648  x3=0x2a391c5c
      16705.000 ns	      1669	80000678	00000013	addi	x0,x0,0	  x0:0x00000000
      16715.000 ns	      1670	8000067c	4616b113	sltiu	x2,x13,1121	 x13:0x00000290  x2=0x00000001
      16725.000 ns	      1671	80000680	2da14c93	xori	x25,x2,730	  x2:0xffffffff x25=0x000002db
      16745.000 ns	      1673	80000684	c0092453	fcvt.w.s	x8,f18	 f18:0x7f7fffff  x8=0x7fffffff
      16765.000 ns	      1675	80000688	00000013	addi	x0,x0,0	  x0:0x00000000
      16785.000 ns	      1677	8000068c	a1c90ad3	fle.s	x21,f18,f28	 f18:0x7f7fffff f28:0x7f800000 x21=0x00000001
      16815.000 ns	      1680	80000690	e0020fd3	fmv.x.w	x31,f4	  f4:0x7f7fffff x31=0x7f7fffff
      16835.000 ns	      1682	80000694	00000013	addi	x0,x0,0	  x0:0x00000000
      16855.000 ns	      1684	80000698	21272e53	fsgnjx.s	f28,f14,f18	 f14:0x7f7fffff f18:0x7f7fffff f28=0x7f7fffff
      16885.000 ns	      1687	8000069c	a1652553	feq.s	x10,f10,f22	 f10:0x7f800000 f22:0xff800000 x10=0x00000000
      16905.000 ns	      1689	800006a0	26e43d93	sltiu	x27,x8,622	  x8:0x7fffffff x27=0x00000000
      16915.000 ns	      1690	800006a4	99040393	addi	x7,x8,-1648	  x8:0x7fffffff  x7=0x7ffff98f
      16925.000 ns	      1691	800006a8	9228a797	auipc	x15,0x9228a	 x15=0x1228a6a8
      16945.000 ns	      1693	800006ac	039e0ab3	mul	x21,x28,x25	 x28:0x80041024 x25:0x000002db x21=0x8b9a16cc
      16965.000 ns	      1695	800006b0	413a03b3	sub	x7,x20,x19	 x20:0x000007e6 x19:0x00000000  x7=0x000007e6
      16985.000 ns	      1697	800006b4	024b3533	mulhu	x10,x22,x4	 x22:0x00000000  x4:0x00000000 x10=0x00000000
      17005.000 ns	      1699	800006b8	40a8d913	srai	x18,x17,0xa	 x17:0x80040fe4 x18=0xffe00103
      17045.000 ns	      1703	800006bc	005bfdd3	fadd.s	f27,f23,f5	 f23:0x7fc00000  f5:0x00000000 f27=0x7fc00000
      17075.000 ns	      1706	800006c0	038b3133	mulhu	x2,x22,x24	 x22:0x00000000 x24:0xd5c6e648  x2=0x00000000
      17105.000 ns	      1709	800006c4	293a17d3	fmax.s	f15,f20,f19	 f20:0x7fc00000 f19:0x00000000 f15=0x00000000
      18285.000 ns	      1827	800006c8	580914d3	fsqrt.s	f9,f18	 f18:0x7f7fffff  f9=0x5f350461
      18305.000 ns	      1829	800006cc	00222eb3	slt	x29,x4,x2	  x4:0x00000000  x2:0x00000000 x29=0x00000000
      18345.000 ns	      1833	800006d0	09a0ad53	fsub.s	f26,f1,f26	  f1:0x1a41bd90 f26:0xffc00000 f26=0x7fc00000
      18365.000 ns	      1835	800006d4	004ba0b3	slt	x1,x23,x4	 x23:0x00000000  x4:0x00000000  x1=0x00000000
      18385.000 ns	      1837	800006d8	a06523d3	feq.s	x7,f10,f6	 f10:0x7f800000  f6:0xff7fffff  x7=0x00000000
      18405.000 ns	      1839	800006dc	19bdc813	xori	x16,x27,411	 x27:0x00000000 x16=0x0000019b
      18415.000 ns	      1840	800006e0	aa9ef213	andi	x4,x29,-1367	 x29:0x00000000  x4=0x00000000
      18435.000 ns	      1842	800006e4	212f13d3	fsgnjn.s	f7,f30,f18	 f30:0x5f350461 f18:0x7f7fffff  f7=0xdf350461
      18455.000 ns	      1844	800006e8	40d8da13	srai	x20,x17,0xd	 x17:0x80040fe4 x20=0xfffc0020
      18465.000 ns	      1845	800006ec	01837033	and	x0,x6,x24	  x6:0x00000001 x24:0xd5c6e648
      18475.000 ns	      1846	800006f0	0083d133	srl	x2,x7,x8	  x7:0x00000000  x8:0x7fffffff  x2=0x00000000
      18495.000 ns	      1848	800006f4	e0058ad3	fmv.x.w	x21,f11	 f11:0x00000000 x21=0x00000000
      18525.000 ns	      1851	800006f8	29498c53	fmin.s	f24,f19,f20	 f19:0x00000000 f20:0x7fc00000 f24=0x00000000
      18555.000 ns	      1854	800006fc	299f06d3	fmin.s	f13,f30,f25	 f30:0x5f350461 f25:0x7fc00000 f13=0x5f350461
      18575.000 ns	      1856	80000700	0077da33	srl	x20,x15,x7	 x15:0x1228a6a8  x7:0x00000000 x20=0x1228a6a8
      18595.000 ns	      1858	80000704	a1f625d3	feq.s	x11,f12,f31	 f12:0xff800000 f31:0x9a41bd90 x11=0x00000000
      18615.000 ns	      1860	80000708	00a51513	slli	x10,x10,0xa	 x10:0x00000000 x10=0x00000000
      18625.000 ns	      1861	8000070c	404881b3	sub	x3,x17,x4	 x17:0x80040fe4  x4:0x00000000  x3=0x80040fe4
      18635.000 ns	      1862	80000710	005dd993	srli	x19,x27,0x5	 x27:0x00000000 x19=0x00000000
      18655.000 ns	      1864	80000714	026c8bb3	mul	x23,x25,x6	 x25:0x000002db  x6:0x00000001 x23=0x000002db
      18675.000 ns	      1866	80000718	00ccd093	srli	x1,x25,0xc	 x25:0x000002db  x1=0x00000000
      18685.000 ns	      1867	8000071c	0179a033	slt	x0,x19,x23	 x19:0x00000000 x23:0x000002db
      18705.000 ns	      1869	80000720	e0099853	fclass.s	x16,f19	 f19:0x00000000 x16=0x00000010
      18735.000 ns	      1872	80000724	d0170353	fcvt.s.wu	f6,x14	 x14:0x00000000  f6=0x00000000
      18765.000 ns	      1875	80000728	a17a0a53	fle.s	x20,f20,f23	 f20:0x7fc00000 f23:0x7fc00000 x20=0x00000000
      18795.000 ns	      1878	8000072c	d0187453	fcvt.s.wu	f8,x16	 x16:0x00000010  f8=0x41800000
      18845.000 ns	      1883	80000730	00edf753	fadd.s	f14,f27,f14	 f27:0x7fc00000 f14:0x7f7fffff f14=0x7fc00000
      18885.000 ns	      1887	80000734	580871d3	fsqrt.s	f3,f16	 f16:0x7fc00000  f3=0x7fc00000
      18915.000 ns	      1890	80000738	02952533	mulhsu	x10,x10,x9	 x10:0x00000000  x9:0x00000000 x10=0x00000000
      18945.000 ns	      1893	8000073c	03b7a933	mulhsu	x18,x15,x27	 x15:0x1228a6a8 x27:0x00000000 x18=0x00000000
      18965.000 ns	      1895	80000740	00000013	addi	x0,x0,0	  x0:0x00000000
      18975.000 ns	      1896	80000744	00617cb3	and	x25,x2,x6	  x2:0x00000000  x6:0x00000001 x25=0x00000000
      18995.000 ns	      1898	80000748	0397fdb3	remu	x27,x15,x25	 x15:0x1228a6a8 x25:0x000002db x27=0x1228a6a8
      19015.000 ns	      1900	8000074c	41bb59b3	sra	x19,x22,x27	 x22:0x00000000 x27:0x00000000 x19=0x00000000
      19025.000 ns	      1901	80000750	1417cc93	xori	x25,x15,321	 x15:0x1228a6a8 x25=0x1228a7e9
      19035.000 ns	      1902	80000754	01965593	srli	x11,x12,0x19	 x12:0x8584e628 x11=0x00000042
      19045.000 ns	      1903	80000758	40565eb3	sra	x29,x12,x5	 x12:0x8584e628  x5:0x00000000 x29=0x8584e628
      19055.000 ns	      1904	8000075c	40a28a33	sub	x20,x5,x10	  x5:0x00000000 x10:0x00000000 x20=0x00000000
      19065.000 ns	      1905	80000760	69d94313	xori	x6,x18,1693	 x18:0x00000000  x6=0x0000069d
      19085.000 ns	      1907	80000764	205399d3	fsgnjn.s	f19,f7,f5	  f7:0xdf350461  f5:0x00000000 f19=0xdf350461
      19115.000 ns	      1910	80000768	d01501d3	fcvt.s.wu	f3,x10	 x10:0x00000000  f3=0x00000000
      19145.000 ns	      1913	8000076c	e00e99d3	fclass.s	x19,f29	 f29:0x7f800000 x19=0x00000080
      19175.000 ns	      1916	80000770	02ea74b3	remu	x9,x20,x14	 x20:0x00000000 x14:0x00000000  x9=0x00000000
      19205.000 ns	      1919	80000774	e0008853	fmv.x.w	x16,f1	  f1:0x1a41bd90 x16=0x1a41bd90
      19225.000 ns	      1921	80000778	01b27233	and	x4,x4,x27	  x4:0x00000000 x27:0x1228a6a8  x4=0x00000000
      19245.000 ns	      1923	8000077c	d01f7753	fcvt.s.wu	f14,x30	 x30:0x00000005 f14=0x40a00000
      19275.000 ns	      1926	80000780	e00a1ed3	fclass.s	x29,f20	 f20:0x7fc00000 x29=0x00000200
      19295.000 ns	      1928	80000784	d3b50217	auipc	x4,0xd3b50	  x4=0x53b50784
      19315.000 ns	      1930	80000788	29a594d3	fmax.s	f9,f11,f26	 f11:0x00000000 f26:0x7fc00000  f9=0x00000000
      19335.000 ns	      1932	8000078c	010ce033	or	x0,x25,x16	 x25:0x1228a7e9 x16:0x1a41bd90
      19345.000 ns	      1933	80000790	40bc89b3	sub	x19,x25,x11	 x25:0x1228a7e9 x11:0x00000042 x19=0x1228a7a7
      19365.000 ns	      1935	80000794	203017d3	fsgnjn.s	f15,f0,f3	  f0:0xd10bca83  f3:0x00000000 f15=0xd10bca83
      19395.000 ns	      1938	80000798	a0f9a4d3	feq.s	x9,f19,f15	 f19:0xdf350461 f15:0x00000000  x9=0x00000000
      19445.000 ns	      1943	8000079c	08552c53	fsub.s	f24,f10,f5	 f10:0x7f800000  f5:0x00000000 f24=0x7f800000
      19465.000 ns	      1945	800007a0	01a463b3	or	x7,x8,x26	  x8:0x7fffffff x26:0x00000001  x7=0x7fffffff
      19485.000 ns	      1947	800007a4	d010f753	fcvt.s.wu	f14,x1	  x1:0x00000000 f14=0x00000000
      19505.000 ns	      1949	800007a8	01063eb3	sltu	x29,x12,x16	 x12:0x8584e628 x16:0x1a41bd90 x29=0x00000000
      19525.000 ns	      1951	800007ac	20e31853	fsgnjn.s	f16,f6,f14	  f6:0x00000000 f14:0x00000000 f16=0x80000000
      19555.000 ns	      1954	800007b0	d00b43d3	fcvt.s.w	f7,x22	 x22:0x00000000  f7=0x00000000
      19585.000 ns	      1957	800007b4	c00180d3	fcvt.w.s	x1,f3	  f3:0x00000000  x1=0x00000000
      19615.000 ns	      1960	800007b8	f0018453	fmv.w.x	f8,x3	  x3:0x80040fe4  f8=0x80040fe4
      19985.000 ns	      1997	800007bc	02f5ea33	rem	x20,x11,x15	 x11:0x00000042 x15:0x1228a6a8 x20=0x00000042
      20005.000 ns	      1999	800007c0	13f94213	xori	x4,x18,319	 x18:0x00000000  x4=0x0000013f
      20025.000 ns	      2001	800007c4	026a2c33	mulhsu	x24,x20,x6	 x20:0x00000042  x6:0x0000069d x24=0x00000000
      20045.000 ns	      2003	800007c8	1ceac813	xori	x16,x21,462	 x21:0x00000000 x16=0x000001ce
      20055.000 ns	      2004	800007cc	0073fab3	and	x21,x7,x7	  x7:0x7fffffff  x7:0x7fffffff x21=0x7fffffff
      20415.000 ns	      2040	800007d0	0399f4b3	remu	x9,x19,x25	 x19:0x1228a7a7 x25:0x1228a7e9  x9=0x1228a7a7
      20435.000 ns	      2042	800007d4	01e445b3	xor	x11,x8,x30	  x8:0x7fffffff x30:0x00000005 x11=0x7ffffffa
      20465.000 ns	      2045	800007d8	10bbfc53	fmul.s	f24,f23,f11	 f23:0x7fc00000 f11:0x00000000 f24=0x7fc00000
      20485.000 ns	      2047	800007dc	41388d33	sub	x26,x17,x19	 x17:0x80040fe4 x19:0x1228a7a7 x26=0x6ddb683d
      20495.000 ns	      2048	800007e0	00f61c93	slli	x25,x12,0xf	 x12:0x8584e628 x25=0x73140000
      20505.000 ns	      2049	800007e4	01834bb3	xor	x23,x6,x24	  x6:0x0000069d x24:0x00000000 x23=0x0000069d
      20525.000 ns	      2051	800007e8	038b3233	mulhu	x4,x22,x24	 x22:0x00000000 x24:0x00000000  x4=0x00000000
      20555.000 ns	      2054	800007ec	02f29c33	mulh	x24,x5,x15	  x5:0x00000000 x15:0x1228a6a8 x24=0x00000000
      20575.000 ns	      2056	800007f0	35054493	xori	x9,x10,848	 x10:0x00000000  x9=0x00000350
      20595.000 ns	      2058	800007f4	211e0653	fsgnj.s	f12,f28,f17	 f28:0x7f7fffff f17:0x9a41bd8f f12=0xff7fffff
      20625.000 ns	      2061	800007f8	217b17d3	fsgnjn.s	f15,f22,f23	 f22:0xff800000 f23:0x7fc00000 f15=0xff800000
      20655.000 ns	      2064	800007fc	e0008653	fmv.x.w	x12,f1	  f1:0x1a41bd90 x12=0x1a41bd90
      20675.000 ns	      2066	80000800	00cf6733	or	x14,x30,x12	 x30:0x00000005 x12:0x8584e628 x14=0x1a41bd95
      20685.000 ns	      2067	80000804	a9f86313	ori	x6,x16,-1377	 x16:0x000001ce  x6=0xfffffbdf
      21045.000 ns	      2103	80000808	03e8fb33	remu	x22,x17,x30	 x17:0x80040fe4 x30:0x00000005 x22=0x00000000
      21095.000 ns	      2108	8000080c	00737e53	fadd.s	f28,f6,f7	  f6:0x00000000  f7:0x00000000 f28=0x00000000
      21125.000 ns	      2111	80000810	c01872d3	fcvt.wu.s	x5,f16	 f16:0x80000000  x5=0x00000000
      21495.000 ns	      2148	80000814	03c8c833	div	x16,x17,x28	 x17:0x80040fe4 x28:0x80041024 x16=0x00000001
      21515.000 ns	      2150	80000818	416b00b3	sub	x1,x22,x22	 x22:0x00000000 x22:0x00000000  x1=0x00000000
      21875.000 ns	      2186	8000081c	02837d33	remu	x26,x6,x8	  x6:0xfffffbdf  x8:0x7fffffff x26=0x7ffffbe0
      21895.000 ns	      2188	80000820	06d93b13	sltiu	x22,x18,109	 x18:0x00000000 x22=0x00000001
      21915.000 ns	      2190	80000824	e00107d3	fmv.x.w	x15,f2	  f2:0x1a41bd90 x15=0x1a41bd90
      21935.000 ns	      2192	80000828	99a0e913	ori	x18,x1,-1638	  x1:0x00000000 x18=0xfffff99a
      21955.000 ns	      2194	8000082c	2014aa53	fsgnjx.s	f20,f9,f1	  f9:0x00000000  f1:0x1a41bd90 f20=0x00000000
      21975.000 ns	      2196	80000830	00309b33	sll	x22,x1,x3	  x1:0x00000000  x3:0x80040fe4 x22=0x00000000
      21985.000 ns	      2197	80000834	7ba00b37	lui	x22,0x7ba00	 x22=0x7ba00000
      21995.000 ns	      2198	80000838	00f7ba33	sltu	x20,x15,x15	 x15:0x1a41bd90 x15:0x1a41bd90 x20=0x00000000
      22015.000 ns	      2200	8000083c	026695b3	mulh	x11,x13,x6	 x13:0x00000290  x6:0xfffffbdf x11=0xffffffff
      22045.000 ns	      2203	80000840	020446b3	div	x13,x8,x0	  x8:0x7fffffff  x0:0x00000000 x13=0xffffffff
      22075.000 ns	      2206	80000844	a1712353	feq.s	x6,f2,f23	  f2:0x1a41bd90 f23:0x7fc00000  x6=0x00000000
      22095.000 ns	      2208	80000848	00ceecb3	or	x25,x29,x12	 x29:0x00000000 x12:0x1a41bd90 x25=0x1a41bd90
      23265.000 ns	      2325	8000084c	58091dd3	fsqrt.s	f27,f18	 f18:0x7f7fffff f27=0x5f350461
      23295.000 ns	      2328	80000850	a156aad3	feq.s	x21,f13,f21	 f13:0x5f350461 f21:0x7fc00000 x21=0x00000000
      23315.000 ns	      2330	80000854	01a75393	srli	x7,x14,0x1a	 x14:0x1a41bd95  x7=0x00000006
      23325.000 ns	      2331	80000858	b1dc2d13	slti	x26,x24,-1251	 x24:0x00000000 x26=0x00000000
      23335.000 ns	      2332	8000085c	8b3146b7	lui	x13,0x8b314	 x13=0x8b314000
      23355.000 ns	      2334	80000860	03baafb3	mulhsu	x31,x21,x27	 x21:0x00000000 x27:0x1228a6a8 x31=0x00000000
      23375.000 ns	      2336	80000864	f952ec13	ori	x24,x5,-107	  x5:0x00000000 x24=0xffffff95
      23385.000 ns	      2337	80000868	01a2f5b3	and	x11,x5,x26	  x5:0x00000000 x26:0x00000000 x11=0x00000000
      23395.000 ns	      2338	8000086c	01fce833	or	x16,x25,x31	 x25:0x1a41bd90 x31:0x00000000 x16=0x1a41bd90
      23405.000 ns	      2339	80000870	fea28a13	addi	x20,x5,-22	  x5:0x00000000 x20=0xffffffea
      23445.000 ns	      2343	80000874	006394d3	fadd.s	f9,f7,f6	  f7:0x00000000  f6:0x00000000  f9=0x00000000
      23485.000 ns	      2347	80000878	19f2a8d3	fdiv.s	f17,f5,f31	  f5:0x00000000 f31:0x9a41bd90 f17=0x80000000
      23505.000 ns	      2349	8000087c	0119d293	srli	x5,x19,0x11	 x19:0x1228a7a7  x5=0x00000914
      23515.000 ns	      2350	80000880	413c0733	sub	x14,x24,x19	 x24:0xffffff95 x19:0x1228a7a7 x14=0xedd757ee
      23535.000 ns	      2352	80000884	20578bd3	fsgnj.s	f23,f15,f5	 f15:0xff800000  f5:0x00000000 f23=0x7f800000
      23575.000 ns	      2356	80000888	1173cad3	fmul.s	f21,f7,f23	  f7:0x00000000 f23:0x7fc00000 f21=0x7fc00000
      23595.000 ns	      2358	8000088c	01575293	srli	x5,x14,0x15	 x14:0xedd757ee  x5=0x0000076e
      23615.000 ns	      2360	80000890	2175af53	fsgnjx.s	f30,f11,f23	 f11:0x00000000 f23:0x7f800000 f30=0x00000000
      23645.000 ns	      2363	80000894	03c885b3	mul	x11,x17,x28	 x17:0x80040fe4 x28:0x80041024 x11=0x81207c10
      23665.000 ns	      2365	80000898	001a7933	and	x18,x20,x1	 x20:0xffffffea  x1:0x00000000 x18=0x00000000
      23675.000 ns	      2366	8000089c	3378e297	auipc	x5,0x3378e	  x5=0xb378e89c
      23695.000 ns	      2368	800008a0	037da6b3	mulhsu	x13,x27,x23	 x27:0x1228a6a8 x23:0x0000069d x13=0x00000078
      23725.000 ns	      2371	800008a4	e00e8453	fmv.x.w	x8,f29	 f29:0x7f800000  x8=0x7f800000
      23745.000 ns	      2373	800008a8	efbaec13	ori	x24,x21,-261	 x21:0x00000000 x24=0xfffffefb
      23765.000 ns	      2375	800008ac	a1460a53	fle.s	x20,f12,f20	 f12:0xff7fffff f20:0x00000000 x20=0x00000001
      23785.000 ns	      2377	800008b0	0093edb3	or	x27,x7,x9	  x7:0x00000006  x9:0x00000350 x27=0x00000356
      23795.000 ns	      2378	800008b4	01487b33	and	x22,x16,x20	 x16:0x1a41bd90 x20:0x00000001 x22=0x00000000
      23805.000 ns	      2379	800008b8	2bc32c17	auipc	x24,0x2bc32	 x24=0xabc328b8
      23825.000 ns	      2381	800008bc	f0068ed3	fmv.w.x	f29,x13	 x13:0x00000078 f29=0x00000078
      24195.000 ns	      2418	800008c0	02534bb3	div	x23,x6,x5	  x6:0x00000000  x5:0xb378e89c x23=0x00000000
      24215.000 ns	      2420	800008c4	e7b98093	addi	x1,x19,-389	 x19:0x1228a7a7  x1=0x1228a622
      24235.000 ns	      2422	800008c8	020d56b3	divu	x13,x26,x0	 x26:0x00000000  x0:0x00000000 x13=0xffffffff
      24275.000 ns	      2426	800008cc	580cffd3	fsqrt.s	f31,f25	 f25:0x7fc00000 f31=0x7fc00000
      24305.000 ns	      2429	800008d0	a0158453	fle.s	x8,f11,f1	 f11:0x00000000  f1:0x1a41bd90  x8=0x00000001
      24325.000 ns	      2431	800008d4	00b5ddb3	srl	x27,x11,x11	 x11:0x81207c10 x11:0x81207c10 x27=0x00008120
      24335.000 ns	      2432	800008d8	40995233	sra	x4,x18,x9	 x18:0x00000000  x9:0x00000350  x4=0x00000000
      24345.000 ns	      2433	800008dc	a635b397	auipc	x7,0xa635b	  x7=0x2635b8dc
      24365.000 ns	      2435	800008e0	21290cd3	fsgnj.s	f25,f18,f18	 f18:0x7f7fffff f18:0x7f7fffff f25=0x7f7fffff
      24395.000 ns	      2438	800008e4	29448bd3	fmin.s	f23,f9,f20	  f9:0x00000000 f20:0x00000000 f23=0x00000000
      24425.000 ns	      2441	800008e8	f00b8753	fmv.w.x	f14,x23	 x23:0x00000000 f14=0x00000000
      24445.000 ns	      2443	800008ec	0165d493	srli	x9,x11,0x16	 x11:0x81207c10  x9=0x00000204
      24485.000 ns	      2447	800008f0	00c58dd3	fadd.s	f27,f11,f12	 f11:0x00000000 f12:0xff7fffff f27=0xff7fffff
      24515.000 ns	      2450	800008f4	28b89cd3	fmax.s	f25,f17,f11	 f17:0x80000000 f11:0x00000000 f25=0x00000000
      24545.000 ns	      2453	800008f8	038d8ab3	mul	x21,x27,x24	 x27:0x00008120 x24:0xabc328b8 x21=0xcfe9cf00
      24585.000 ns	      2457	800008fc	19df7353	fdiv.s	f6,f30,f29	 f30:0x00000000 f29:0x00000078  f6=0x00000000
      24615.000 ns	      2460	80000900	d0004953	fcvt.s.w	f18,x0	  x0:0x00000000 f18=0x00000000
      24635.000 ns	      2462	80000904	00000013	addi	x0,x0,0	  x0:0x00000000
      24655.000 ns	      2464	80000908	299b9bd3	fmax.s	f23,f23,f25	 f23:0x00000000 f25:0x00000000 f23=0x00000000
      24685.000 ns	      2467	8000090c	28460253	fmin.s	f4,f12,f4	 f12:0xff7fffff  f4:0x7f7fffff  f4=0xff7fffff
      24705.000 ns	      2469	80000910	016cac33	slt	x24,x25,x22	 x25:0x1a41bd90 x22:0x00000000 x24=0x00000000
      24725.000 ns	      2471	80000914	a03b0553	fle.s	x10,f22,f3	 f22:0xff800000  f3:0x00000000 x10=0x00000001
      24775.000 ns	      2476	80000918	08489cd3	fsub.s	f25,f17,f4	 f17:0x80000000  f4:0xff7fffff f25=0x7f7fffff
      24795.000 ns	      2478	8000091c	41e95a93	srai	x21,x18,0x1e	 x18:0x00000000 x21=0x00000000
      24805.000 ns	      2479	80000920	0c3c8213	addi	x4,x25,195	 x25:0x1a41bd90  x4=0x1a41be53
      24815.000 ns	      2480	80000924	4e582e93	slti	x29,x16,1253	 x16:0x1a41bd90 x29=0x00000000
      24835.000 ns	      2482	80000928	f0050753	fmv.w.x	f14,x10	 x10:0x00000001 f14=0x00000001
      24865.000 ns	      2485	8000092c	0338aa33	mulhsu	x20,x17,x19	 x17:0x80040fe4 x19:0x1228a7a7 x20=0xf6ebf5ef
      24885.000 ns	      2487	80000930	01633cb3	sltu	x25,x6,x22	  x6:0x00000000 x22:0x00000000 x25=0x00000000
      24895.000 ns	      2488	80000934	52eef493	andi	x9,x29,1326	 x29:0x00000000  x9=0x00000000
      24915.000 ns	      2490	80000938	28ad8053	fmin.s	f0,f27,f10	 f27:0xff7fffff f10:0x7f800000  f0=0xff7fffff
      24935.000 ns	      2492	8000093c	00000013	addi	x0,x0,0	  x0:0x00000000
      24945.000 ns	      2493	80000940	413ada13	srai	x20,x21,0x13	 x21:0x00000000 x20=0x00000000
      24955.000 ns	      2494	80000944	01e67833	and	x16,x12,x30	 x12:0x1a41bd90 x30:0x00000005 x16=0x00000000
      24975.000 ns	      2496	80000948	e0081153	fclass.s	x2,f16	 f16:0x80000000  x2=0x00000008
      25015.000 ns	      2500	8000094c	10788553	fmul.s	f10,f17,f7	 f17:0x80000000  f7:0x00000000 f10=0x80000000
      25045.000 ns	      2503	80000950	02087033	remu	x0,x16,x0	 x16:0x00000000  x0:0x00000000
      25065.000 ns	      2505	80000954	007e1ab3	sll	x21,x28,x7	 x28:0x80041024  x7:0x2635b8dc x21=0x40000000
      25085.000 ns	      2507	80000958	c01eb5d3	fcvt.wu.s	x11,f29	 f29:0x00000078 x11=0x00000000
      25105.000 ns	      2509	8000095c	a634a693	slti	x13,x9,-1437	  x9:0x00000000 x13=0x00000000
      25115.000 ns	      2510	80000960	002b3cb3	sltu	x25,x22,x2	 x22:0x00000000  x2:0x00000008 x25=0x00000001
      25145.000 ns	      2513	80000964	580e3853	fsqrt.s	f16,f28	 f28:0x00000000 f16=0x00000000
      25165.000 ns	      2515	80000968	00c87733	and	x14,x16,x12	 x16:0x00000000 x12:0x1a41bd90 x14=0x00000000
      25185.000 ns	      2517	8000096c	216c2bd3	fsgnjx.s	f23,f24,f22	 f24:0x7fc00000 f22:0xff800000 f23=0xffc00000
      25215.000 ns	      2520	80000970	d00a73d3	fcvt.s.w	f7,x20	 x20:0x00000000  f7=0x00000000
      25235.000 ns	      2522	80000974	00250ab3	add	x21,x10,x2	 x10:0x00000001  x2:0x00000008 x21=0x00000009
      25255.000 ns	      2524	80000978	f0008bd3	fmv.w.x	f23,x1	  x1:0x1228a622 f23=0x1228a622
      25625.000 ns	      2561	8000097c	02a6f633	remu	x12,x13,x10	 x13:0x00000000 x10:0x00000001 x12=0x00000000
      25655.000 ns	      2564	80000980	20d180d3	fsgnj.s	f1,f3,f13	  f3:0x00000000 f13:0x5f350461  f1=0x00000000
      25675.000 ns	      2566	80000984	b113cc13	xori	x24,x7,-1263	  x7:0x2635b8dc x24=0xd9ca43cd
      25685.000 ns	      2567	80000988	00a445b3	xor	x11,x8,x10	  x8:0x00000001 x10:0x00000001 x11=0x00000000
      25705.000 ns	      2569	8000098c	a098a9d3	feq.s	x19,f17,f9	 f17:0x80000000  f9:0x00000000 x19=0x00000001
      25725.000 ns	      2571	80000990	00a09cb3	sll	x25,x1,x10	  x1:0x1228a622 x10:0x00000001 x25=0x24514c44
      25745.000 ns	      2573	80000994	c0187653	fcvt.wu.s	x12,f16	 f16:0x00000000 x12=0x00000000
      25765.000 ns	      2575	80000998	478f4b97	auipc	x23,0x478f4	 x23=0xc78f4998
      26935.000 ns	      2692	8000099c	5806ad53	fsqrt.s	f26,f13	 f13:0x5f350461 f26=0x4efffef4
      26965.000 ns	      2695	800009a0	21978b53	fsgnj.s	f22,f15,f25	 f15:0xff800000 f25:0x7f7fffff f22=0x7f800000
      26995.000 ns	      2698	800009a4	2093a2d3	fsgnjx.s	f5,f7,f9	  f7:0x00000000  f9:0x00000000  f5=0x00000000
      27025.000 ns	      2701	800009a8	d004fad3	fcvt.s.w	f21,x9	  x9:0x00000000 f21=0x00000000
      27045.000 ns	      2703	800009ac	015bb133	sltu	x2,x23,x21	 x23:0xc78f4998 x21:0x00000009  x2=0x00000000
      27055.000 ns	      2704	800009b0	007c22b3	slt	x5,x24,x7	 x24:0xd9ca43cd  x7:0x2635b8dc  x5=0x00000001
      27075.000 ns	      2706	800009b4	a0d6a3d3	feq.s	x7,f13,f13	 f13:0x5f350461 f13:0x5f350461  x7=0x00000001
      27105.000 ns	      2709	800009b8	203e0a53	fsgnj.s	f20,f28,f3	 f28:0x00000000  f3:0x00000000 f20=0x00000000
      27135.000 ns	      2712	800009bc	e00a8ed3	fmv.x.w	x29,f21	 f21:0x00000000 x29=0x00000000
      27165.000 ns	      2715	800009c0	a1710dd3	fle.s	x27,f2,f23	  f2:0x1a41bd90 f23:0x1228a622 x27=0x00000000
      27195.000 ns	      2718	800009c4	e0020453	fmv.x.w	x8,f4	  f4:0xff7fffff  x8=0xff7fffff
      27235.000 ns	      2722	800009c8	112ff753	fmul.s	f14,f31,f18	 f31:0x7fc00000 f18:0x00000000 f14=0x7fc00000
      27265.000 ns	      2725	800009cc	286c8bd3	fmin.s	f23,f25,f6	 f25:0x7f7fffff  f6:0x00000000 f23=0x00000000
      27285.000 ns	      2727	800009d0	019f6833	or	x16,x30,x25	 x30:0x00000005 x25:0x24514c44 x16=0x24514c45
      27295.000 ns	      2728	800009d4	003845b3	xor	x11,x16,x3	 x16:0x00000000  x3:0x80040fe4 x11=0xa45543a1
      27315.000 ns	      2730	800009d8	02e08bb3	mul	x23,x1,x14	  x1:0x1228a622 x14:0x00000000 x23=0x00000000
      27345.000 ns	      2733	800009dc	29bd9153	fmax.s	f2,f27,f27	 f27:0xff7fffff f27:0xff7fffff  f2=0xff7fffff
      27365.000 ns	      2735	800009e0	00d364b3	or	x9,x6,x13	  x6:0x00000000 x13:0x00000000  x9=0x00000000
      27375.000 ns	      2736	800009e4	400f53b3	sra	x7,x30,x0	 x30:0x00000005  x0:0x00000000  x7=0x00000005
      27395.000 ns	      2738	800009e8	028fba33	mulhu	x20,x31,x8	 x31:0x00000000  x8:0xff7fffff x20=0x00000000
      27435.000 ns	      2742	800009ec	58097753	fsqrt.s	f14,f18	 f18:0x00000000 f14=0x00000000
      27455.000 ns	      2744	800009f0	6ff67593	andi	x11,x12,1791	 x12:0x00000000 x11=0x00000000
      27465.000 ns	      2745	800009f4	7fc24793	xori	x15,x4,2044	  x4:0x1a41be53 x15=0x1a41b9af
      27475.000 ns	      2746	800009f8	fb1b0613	addi	x12,x22,-79	 x22:0x00000000 x12=0xffffffb1
      27485.000 ns	      2747	800009fc	411fdbb3	sra	x23,x31,x17	 x31:0x00000000 x17:0x80040fe4 x23=0x00000000
      27515.000 ns	      2750	80000a00	18b7b053	fdiv.s	f0,f15,f11	 f15:0xff800000 f11:0x00000000  f0=0xff800000
      27545.000 ns	      2753	80000a04	02075433	divu	x8,x14,x0	 x14:0x00000000  x0:0x00000000  x8=0xffffffff
      27565.000 ns	      2755	80000a08	006db733	sltu	x14,x27,x6	 x27:0x00000000  x6:0x00000000 x14=0x00000000
      27575.000 ns	      2756	80000a0c	8eee8093	addi	x1,x29,-1810	 x29:0x00000000  x1=0xfffff8ee
      27595.000 ns	      2758	80000a10	29bb8553	fmin.s	f10,f23,f27	 f23:0x00000000 f27:0xff7fffff f10=0xff7fffff
      27615.000 ns	      2760	80000a14	01319193	slli	x3,x3,0x13	  x3:0x80040fe4  x3=0x7f200000
      27625.000 ns	      2761	80000a18	00b8fd33	and	x26,x17,x11	 x17:0x80040fe4 x11:0x00000000 x26=0x00000000
      27635.000 ns	      2762	80000a1c	01b87d33	and	x26,x16,x27	 x16:0x24514c45 x27:0x00000000 x26=0x00000000
      27995.000 ns	      2798	80000a20	02aff5b3	remu	x11,x31,x10	 x31:0x00000000 x10:0x00000001 x11=0x00000000
      28015.000 ns	      2800	80000a24	005f5a13	srli	x20,x30,0x5	 x30:0x00000005 x20=0x00000000
      28025.000 ns	      2801	80000a28	01aa16b3	sll	x13,x20,x26	 x20:0x00000000 x26:0x00000000 x13=0x00000000
      28035.000 ns	      2802	80000a2c	007f5d13	srli	x26,x30,0x7	 x30:0x00000005 x26=0x00000000
      28045.000 ns	      2803	80000a30	cf2ef813	andi	x16,x29,-782	 x29:0x00000000 x16=0x00000000
      28055.000 ns	      2804	80000a34	0022db93	srli	x23,x5,0x2	  x5:0x00000001 x23=0x00000000
      28075.000 ns	      2806	80000a38	025b3cb3	mulhu	x25,x22,x5	 x22:0x00000000  x5:0x00000001 x25=0x00000000
      28445.000 ns	      2843	80000a3c	02f44c33	div	x24,x8,x15	  x8:0xffffffff x15:0x1a41b9af x24=0x00000000
      28465.000 ns	      2845	80000a40	006d0d33	add	x26,x26,x6	 x26:0x00000000  x6:0x00000000 x26=0x00000000
      28485.000 ns	      2847	80000a44	c01d7453	fcvt.wu.s	x8,f26	 f26:0x4efffef4  x8=0x7fff7a00
      28515.000 ns	      2850	80000a48	20529153	fsgnjn.s	f2,f5,f5	  f5:0x00000000  f5:0x00000000  f2=0x80000000
      28535.000 ns	      2852	80000a4c	578f15b7	lui	x11,0x578f1	 x11=0x578f1000
      28575.000 ns	      2856	80000a50	088331d3	fsub.s	f3,f6,f8	  f6:0x00000000  f8:0x80040fe4  f3=0x00040fe4
      28605.000 ns	      2859	80000a54	f0028d53	fmv.w.x	f26,x5	  x5:0x00000001 f26=0x00000001
      28625.000 ns	      2861	80000a58	1b704313	xori	x6,x0,439	  x0:0x00000000  x6=0x000001b7
      28635.000 ns	      2862	80000a5c	005c30b3	sltu	x1,x24,x5	 x24:0x00000000  x5:0x00000001  x1=0x00000001
      28655.000 ns	      2864	80000a60	d00075d3	fcvt.s.w	f11,x0	  x0:0x00000000 f11=0x00000000
      28685.000 ns	      2867	80000a64	d01ca2d3	fcvt.s.wu	f5,x25	 x25:0x00000000  f5=0x00000000
      28715.000 ns	      2870	80000a68	d01d14d3	fcvt.s.wu	f9,x26	 x26:0x00000000  f9=0x00000000
      29085.000 ns	      2907	80000a6c	02a35033	divu	x0,x6,x10	  x6:0x000001b7 x10:0x00000001
      29115.000 ns	      2910	80000a70	d01949d3	fcvt.s.wu	f19,x18	 x18:0x00000000 f19=0x00000000
      29145.000 ns	      2913	80000a74	284e1153	fmax.s	f2,f28,f4	 f28:0x00000000  f4:0xff7fffff  f2=0x00000000
      29175.000 ns	      2916	80000a78	208c2f53	fsgnjx.s	f30,f24,f8	 f24:0x7fc00000  f8:0x80040fe4 f30=0xffc00000
      29195.000 ns	      2918	80000a7c	4010d993	srai	x19,x1,0x1	  x1:0x00000001 x19=0x00000000
      29235.000 ns	      2922	80000a80	09117b53	fsub.s	f22,f2,f17	  f2:0x00000000 f17:0x80000000 f22=0x00000000
      29265.000 ns	      2925	80000a84	292001d3	fmin.s	f3,f0,f18	  f0:0xff800000 f18:0x00000000  f3=0xff800000
      29295.000 ns	      2928	80000a88	d004f353	fcvt.s.w	f6,x9	  x9:0x00000000  f6=0x00000000
      29345.000 ns	      2933	80000a8c	09a93cd3	fsub.s	f25,f18,f26	 f18:0x00000000 f26:0x00000001 f25=0x80000001
      29365.000 ns	      2935	80000a90	41d80933	sub	x18,x16,x29	 x16:0x00000000 x29:0x00000000 x18=0x00000000
      29385.000 ns	      2937	80000a94	a08107d3	fle.s	x15,f2,f8	  f2:0x00000000  f8:0x80040fe4 x15=0x00000000
      29415.000 ns	      2940	80000a98	28f085d3	fmin.s	f11,f1,f15	  f1:0x00000000 f15:0xff800000 f11=0xff800000
      29455.000 ns	      2944	80000a9c	10c882d3	fmul.s	f5,f17,f12	 f17:0x80000000 f12:0xff7fffff  f5=0x00000000
      29485.000 ns	      2947	80000aa0	a0d30253	fle.s	x4,f6,f13	  f6:0x00000000 f13:0x5f350461  x4=0x00000001
      29515.000 ns	      2950	80000aa4	0372a5b3	mulhsu	x11,x5,x23	  x5:0x00000001 x23:0x00000000 x11=0x00000000
      29545.000 ns	      2953	80000aa8	e00b85d3	fmv.x.w	x11,f23	 f23:0x00000000 x11=0x00000000
      29565.000 ns	      2955	80000aac	e9672b93	slti	x23,x14,-362	 x14:0x00000000 x23=0x00000000
      29585.000 ns	      2957	80000ab0	030a3fb3	mulhu	x31,x20,x16	 x20:0x00000000 x16:0x00000000 x31=0x00000000
      29615.000 ns	      2960	80000ab4	a0efab53	feq.s	x22,f31,f14	 f31:0x7fc00000 f14:0x00000000 x22=0x00000000
      29985.000 ns	      2997	80000ab8	024d4433	div	x8,x26,x4	 x26:0x00000000  x4:0x00000001  x8=0x00000000
      30015.000 ns	      3000	80000abc	e00792d3	fclass.s	x5,f15	 f15:0xff800000  x5=0x00000001
      30035.000 ns	      3002	80000ac0	01cdd533	srl	x10,x27,x28	 x27:0x00000000 x28:0x80041024 x10=0x00000000
      30045.000 ns	      3003	80000ac4	9afeb513	sltiu	x10,x29,-1617	 x29:0x00000000 x10=0x00000001
      30065.000 ns	      3005	80000ac8	a15e8b53	fle.s	x22,f29,f21	 f29:0x00000078 f21:0x00000000 x22=0x00000000
      30085.000 ns	      3007	80000acc	017e4033	xor	x0,x28,x23	 x28:0x80041024 x23:0x00000000
      30095.000 ns	      3008	80000ad0	010a1d33	sll	x26,x20,x16	 x20:0x00000000 x16:0x00000000 x26=0x00000000
      30105.000 ns	      3009	80000ad4	00519eb3	sll	x29,x3,x5	  x3:0x7f200000  x5:0x00000001 x29=0xfe400000
      30115.000 ns	      3010	80000ad8	4c9b95b7	lui	x11,0x4c9b9	 x11=0x4c9b9000
      30135.000 ns	      3012	80000adc	28f31953	fmax.s	f18,f6,f15	  f6:0x00000000 f15:0xff800000 f18=0x00000000
      30155.000 ns	      3014	80000ae0	e5fd4713	xori	x14,x26,-417	 x26:0x00000000 x14=0xfffffe5f
      30165.000 ns	      3015	80000ae4	04a2c613	xori	x12,x5,74	  x5:0x00000001 x12=0x0000004b
      30175.000 ns	      3016	80000ae8	542e1c17	auipc	x24,0x542e1	 x24=0xd42e1ae8
      30195.000 ns	      3018	80000aec	a10a84d3	fle.s	x9,f21,f16	 f21:0x00000000 f16:0x00000000  x9=0x00000001
      30215.000 ns	      3020	80000af0	0121d793	srli	x15,x3,0x12	  x3:0x7f200000 x15=0x00001fc8
      30225.000 ns	      3021	80000af4	01be75b3	and	x11,x28,x27	 x28:0x80041024 x27:0x00000000 x11=0x00000000
      30245.000 ns	      3023	80000af8	a05f1b53	flt.s	x22,f30,f5	 f30:0xffc00000  f5:0x00000000 x22=0x00000000
      30265.000 ns	      3025	80000afc	00000013	addi	x0,x0,0	  x0:0x00000000
      30285.000 ns	      3027	80000b00	e00695d3	fclass.s	x11,f13	 f13:0x5f350461 x11=0x00000040
      30335.000 ns	      3032	80000b04	086392d3	fsub.s	f5,f7,f6	  f7:0x00000000  f6:0x00000000  f5=0x80000000
      30355.000 ns	      3034	80000b08	41d15693	srai	x13,x2,0x1d	  x2:0x00000000 x13=0x00000000
      30365.000 ns	      3035	80000b0c	7cea6b37	lui	x22,0x7cea6	 x22=0x7cea6000
      30375.000 ns	      3036	80000b10	07e9b093	sltiu	x1,x19,126	 x19:0x00000000  x1=0x00000001
      30395.000 ns	      3038	80000b14	299e02d3	fmin.s	f5,f28,f25	 f28:0x00000000 f25:0x80000001  f5=0x80000001
      30425.000 ns	      3041	80000b18	a06b8653	fle.s	x12,f23,f6	 f23:0x00000000  f6:0x00000000 x12=0x00000001
      30455.000 ns	      3044	80000b1c	c009a2d3	fcvt.w.s	x5,f19	 f19:0x00000000  x5=0x00000000
      30825.000 ns	      3081	80000b20	02afd233	divu	x4,x31,x10	 x31:0x00000000 x10:0x00000001  x4=0x00000000
      30845.000 ns	      3083	80000b24	004cf1b3	and	x3,x25,x4	 x25:0x00000000  x4:0x00000001  x3=0x00000000
      30865.000 ns	      3085	80000b28	d01dfc53	fcvt.s.wu	f24,x27	 x27:0x00000000 f24=0x00000000
      30885.000 ns	      3087	80000b2c	47a7dcb7	lui	x25,0x47a7d	 x25=0x47a7d000
      30895.000 ns	      3088	80000b30	003869b3	or	x19,x16,x3	 x16:0x00000000  x3:0x00000000 x19=0x00000000
      30915.000 ns	      3090	80000b34	03ae69b3	rem	x19,x28,x26	 x28:0x80041024 x26:0x00000000 x19=0x80041024
      30935.000 ns	      3092	80000b38	0067b2b3	sltu	x5,x15,x6	 x15:0x00001fc8  x6:0x000001b7  x5=0x00000000
      30955.000 ns	      3094	80000b3c	02010db3	mul	x27,x2,x0	  x2:0x00000000  x0:0x00000000 x27=0x00000000
      30985.000 ns	      3097	80000b40	d002f853	fcvt.s.w	f16,x5	  x5:0x00000000 f16=0x00000000
      31005.000 ns	      3099	80000b44	41aa0bb3	sub	x23,x20,x26	 x20:0x00000000 x26:0x00000000 x23=0x00000000
      31025.000 ns	      3101	80000b48	024f47b3	div	x15,x30,x4	 x30:0x00000005  x4:0x00000000 x15=0xffffffff
      31045.000 ns	      3103	80000b4c	40bb5293	srai	x5,x22,0xb	 x22:0x7cea6000  x5=0x000f9d4c
      31065.000 ns	      3105	80000b50	d01610d3	fcvt.s.wu	f1,x12	 x12:0x00000001  f1=0x3f800000
      31085.000 ns	      3107	80000b54	3b8bc213	xori	x4,x23,952	 x23:0x00000000  x4=0x000003b8
      31105.000 ns	      3109	80000b58	d016aad3	fcvt.s.wu	f21,x13	 x13:0x00000000 f21=0x00000000
      31135.000 ns	      3112	80000b5c	c01cc653	fcvt.wu.s	x12,f25	 f25:0x80000001 x12=0x00000000
      31165.000 ns	      3115	80000b60	21d1a653	fsgnjx.s	f12,f3,f29	  f3:0xff800000 f29:0x00000078 f12=0xff800000
      31185.000 ns	      3117	80000b64	19a0b013	sltiu	x0,x1,410	  x1:0x00000001
      31205.000 ns	      3119	80000b68	e00a8953	fmv.x.w	x18,f21	 f21:0x00000000 x18=0x00000000
      31235.000 ns	      3122	80000b6c	a17b89d3	fle.s	x19,f23,f23	 f23:0x00000000 f23:0x00000000 x19=0x00000001
      31605.000 ns	      3159	80000b70	02f8e1b3	rem	x3,x17,x15	 x17:0x80040fe4 x15:0xffffffff  x3=0x00000000
      31625.000 ns	      3161	80000b74	994e2013	slti	x0,x28,-1644	 x28:0x80041024
      31645.000 ns	      3163	80000b78	d015f553	fcvt.s.wu	f10,x11	 x11:0x00000040 f10=0x42800000
      31675.000 ns	      3166	80000b7c	02e58733	mul	x14,x11,x14	 x11:0x00000040 x14:0xfffffe5f x14=0xffff97c0
      31695.000 ns	      3168	80000b80	40ce5093	srai	x1,x28,0xc	 x28:0x80041024  x1=0xfff80041
      31705.000 ns	      3169	80000b84	80128c13	addi	x24,x5,-2047	  x5:0x000f9d4c x24=0x000f954d
      31715.000 ns	      3170	80000b88	00000013	addi	x0,x0,0	  x0:0x00000000
      31725.000 ns	      3171	80000b8c	00761db3	sll	x27,x12,x7	 x12:0x00000000  x7:0x00000005 x27=0x00000000
      31745.000 ns	      3173	80000b90	037c3133	mulhu	x2,x24,x23	 x24:0x000f954d x23:0x00000000  x2=0x00000000
      31775.000 ns	      3176	80000b94	03abf2b3	remu	x5,x23,x26	 x23:0x00000000 x26:0x00000000  x5=0x00000000
      31805.000 ns	      3179	80000b98	c01df9d3	fcvt.wu.s	x19,f27	 f27:0xff7fffff x19=0x00000000
      31825.000 ns	      3181	80000b9c	55916b93	ori	x23,x2,1369	  x2:0x00000000 x23=0x00000559
      32185.000 ns	      3217	80000ba0	02bac5b3	div	x11,x21,x11	 x21:0x00000009 x11:0x00000040 x11=0x00000000
      32215.000 ns	      3220	80000ba4	d0173cd3	fcvt.s.wu	f25,x14	 x14:0xffff97c0 f25=0x4f7fff98
      32235.000 ns	      3222	80000ba8	41fa5c33	sra	x24,x20,x31	 x20:0x00000000 x31:0x00000000 x24=0x00000000
      32245.000 ns	      3223	80000bac	7e161637	lui	x12,0x7e161	 x12=0x7e161000
      32265.000 ns	      3225	80000bb0	02be6b33	rem	x22,x28,x11	 x28:0x80041024 x11:0x00000000 x22=0x80041024
      32285.000 ns	      3227	80000bb4	d87f0593	addi	x11,x30,-633	 x30:0x00000005 x11=0xfffffd8c
      32305.000 ns	      3229	80000bb8	03c21bb3	mulh	x23,x4,x28	  x4:0x000003b8 x28:0x80041024 x23=0xfffffe24
      32325.000 ns	      3231	80000bbc	14ecab93	slti	x23,x25,334	 x25:0x47a7d000 x23=0x00000000
      32335.000 ns	      3232	80000bc0	01611433	sll	x8,x2,x22	  x2:0x00000000 x22:0x80041024  x8=0x00000000
      32365.000 ns	      3235	80000bc4	185a22d3	fdiv.s	f5,f20,f5	 f20:0x00000000  f5:0x80000001  f5=0x80000000
      32385.000 ns	      3237	80000bc8	6672eb17	auipc	x22,0x6672e	 x22=0xe672ebc8
      32405.000 ns	      3239	80000bcc	033719b3	mulh	x19,x14,x19	 x14:0xffff97c0 x19:0x00000000 x19=0x00000000
      32435.000 ns	      3242	80000bd0	a0c48853	fle.s	x16,f9,f12	  f9:0x00000000 f12:0xff800000 x16=0x00000000
      32465.000 ns	      3245	80000bd4	208586d3	fsgnj.s	f13,f11,f8	 f11:0xff800000  f8:0x80040fe4 f13=0xff800000
      32495.000 ns	      3248	80000bd8	295709d3	fmin.s	f19,f14,f21	 f14:0x00000000 f21:0x00000000 f19=0x00000000
      32525.000 ns	      3251	80000bdc	0255cdb3	div	x27,x11,x5	 x11:0xfffffd8c  x5:0x00000000 x27=0xffffffff
      32545.000 ns	      3253	80000be0	e3ffa113	slti	x2,x31,-449	 x31:0x00000000  x2=0x00000000
      32565.000 ns	      3255	80000be4	e00996d3	fclass.s	x13,f19	 f19:0x00000000 x13=0x00000010
      32585.000 ns	      3257	80000be8	001c5613	srli	x12,x24,0x1	 x24:0x00000000 x12=0x00000000
      32605.000 ns	      3259	80000bec	034d25b3	mulhsu	x11,x26,x20	 x26:0x00000000 x20:0x00000000 x11=0x00000000
      32625.000 ns	      3261	80000bf0	48914c13	xori	x24,x2,1161	  x2:0x00000000 x24=0x00000489
      32635.000 ns	      3262	80000bf4	3fd3be93	sltiu	x29,x7,1021	  x7:0x00000005 x29=0x00000001
      32645.000 ns	      3263	80000bf8	0031a2b3	slt	x5,x3,x3	  x3:0x00000000  x3:0x00000000  x5=0x00000000
      32665.000 ns	      3265	80000bfc	02fa9cb3	mulh	x25,x21,x15	 x21:0x00000009 x15:0xffffffff x25=0xffffffff
      32685.000 ns	      3267	80000c00	4c7bba13	sltiu	x20,x23,1223	 x23:0x00000000 x20=0x00000001
      32705.000 ns	      3269	80000c04	f00c0dd3	fmv.w.x	f27,x24	 x24:0x00000489 f27=0x00000489
      32725.000 ns	      3271	80000c08	011441b3	xor	x3,x8,x17	  x8:0x00000000 x17:0x80040fe4  x3=0x80040fe4
      32755.000 ns	      3274	80000c0c	113c39d3	fmul.s	f19,f24,f19	 f24:0x00000000 f19:0x00000000 f19=0x00000000
      32785.000 ns	      3277	80000c10	02b91633	mulh	x12,x18,x11	 x18:0x00000000 x11:0x00000000 x12=0x00000000
      32805.000 ns	      3279	80000c14	005d9833	sll	x16,x27,x5	 x27:0xffffffff  x5:0x00000000 x16=0xffffffff
      32825.000 ns	      3281	80000c18	28ba8753	fmin.s	f14,f21,f11	 f21:0x00000000 f11:0xff800000 f14=0xff800000
      32855.000 ns	      3284	80000c1c	29c61ed3	fmax.s	f29,f12,f28	 f12:0xff800000 f28:0x00000000 f29=0x00000000
      32885.000 ns	      3287	80000c20	a1131853	flt.s	x16,f6,f17	  f6:0x00000000 f17:0x80000000 x16=0x00000000
      32905.000 ns	      3289	80000c24	cf293993	sltiu	x19,x18,-782	 x18:0x00000000 x19=0x00000001
      32925.000 ns	      3291	80000c28	03568cb3	mul	x25,x13,x21	 x13:0x00000010 x21:0x00000009 x25=0x00000090
      32945.000 ns	      3293	80000c2c	e40b0693	addi	x13,x22,-448	 x22:0xe672ebc8 x13=0xe672ea08
      32965.000 ns	      3295	80000c30	a1228953	fle.s	x18,f5,f18	  f5:0x80000000 f18:0x00000000 x18=0x00000001
      33005.000 ns	      3299	80000c34	580788d3	fsqrt.s	f17,f15	 f15:0xff800000 f17=0x7fc00000
      33035.000 ns	      3302	80000c38	d004f553	fcvt.s.w	f10,x9	  x9:0x00000001 f10=0x3f800000
      33055.000 ns	      3304	80000c3c	40ae09b3	sub	x19,x28,x10	 x28:0x80041024 x10:0x00000001 x19=0x80041023
      33415.000 ns	      3340	80000c40	032be033	rem	x0,x23,x18	 x23:0x00000000 x18:0x00000001
      33445.000 ns	      3343	80000c44	21f38a53	fsgnj.s	f20,f7,f31	  f7:0x00000000 f31:0x7fc00000 f20=0x00000000
      33475.000 ns	      3346	80000c48	030892b3	mulh	x5,x17,x16	 x17:0x80040fe4 x16:0x00000000  x5=0x00000000
      33495.000 ns	      3348	80000c4c	97d2f937	lui	x18,0x97d2f	 x18=0x97d2f000
      33505.000 ns	      3349	80000c50	0aa63093	sltiu	x1,x12,170	 x12:0x00000000  x1=0x00000001
      33535.000 ns	      3352	80000c54	580341d3	fsqrt.s	f3,f6	  f6:0x00000000  f3=0x00000000
      33565.000 ns	      3355	80000c58	29260ed3	fmin.s	f29,f12,f18	 f12:0xff800000 f18:0x00000000 f29=0xff800000
      33595.000 ns	      3358	80000c5c	20ed0153	fsgnj.s	f2,f26,f14	 f26:0x00000001 f14:0xff800000  f2=0x80000001
      33615.000 ns	      3360	80000c60	01adccb3	xor	x25,x27,x26	 x27:0xffffffff x26:0x00000000 x25=0xffffffff
      33625.000 ns	      3361	80000c64	3d0e0137	lui	x2,0x3d0e0	  x2=0x3d0e0000
      33985.000 ns	      3397	80000c68	03bdc033	div	x0,x27,x27	 x27:0xffffffff x27:0xffffffff
      34355.000 ns	      3434	80000c6c	029addb3	divu	x27,x21,x9	 x21:0x00000009  x9:0x00000001 x27=0x00000009
      34385.000 ns	      3437	80000c70	020915b3	mulh	x11,x18,x0	 x18:0x97d2f000  x0:0x00000000 x11=0x00000000
      34415.000 ns	      3440	80000c74	d0184a53	fcvt.s.wu	f20,x16	 x16:0x00000000 f20=0x00000000
      34435.000 ns	      3442	80000c78	01fd1233	sll	x4,x26,x31	 x26:0x00000000 x31:0x00000000  x4=0x00000000
      34455.000 ns	      3444	80000c7c	214c05d3	fsgnj.s	f11,f24,f20	 f24:0x00000000 f20:0x00000000 f11=0x00000000
      34485.000 ns	      3447	80000c80	e0028dd3	fmv.x.w	x27,f5	  f5:0x80000000 x27=0x80000000
      34515.000 ns	      3450	80000c84	209b21d3	fsgnjx.s	f3,f22,f9	 f22:0x00000000  f9:0x00000000  f3=0x00000000
      34535.000 ns	      3452	80000c88	01101713	slli	x14,x0,0x11	  x0:0x00000000 x14=0x00000000
      34565.000 ns	      3455	80000c8c	117af9d3	fmul.s	f19,f21,f23	 f21:0x00000000 f23:0x00000000 f19=0x00000000
      34595.000 ns	      3458	80000c90	210192d3	fsgnjn.s	f5,f3,f16	  f3:0x00000000 f16:0x00000000  f5=0x80000000
      34615.000 ns	      3460	80000c94	01178db3	add	x27,x15,x17	 x15:0xffffffff x17:0x80040fe4 x27=0x80040fe3
      34625.000 ns	      3461	80000c98	017d9f93	slli	x31,x27,0x17	 x27:0x80000000 x31=0xf1800000
      34635.000 ns	      3462	80000c9c	00259e93	slli	x29,x11,0x2	 x11:0x00000000 x29=0x00000000
      34655.000 ns	      3464	80000ca0	a1df2153	feq.s	x2,f30,f29	 f30:0xffc00000 f29:0xff800000  x2=0x00000000
      34685.000 ns	      3467	80000ca4	c017c3d3	fcvt.wu.s	x7,f15	 f15:0xff800000  x7=0x00000000
      34705.000 ns	      3469	80000ca8	002a1213	slli	x4,x20,0x2	 x20:0x00000001  x4=0x00000004
      34715.000 ns	      3470	80000cac	004343b3	xor	x7,x6,x4	  x6:0x000001b7  x4:0x00000000  x7=0x000001b3
      34725.000 ns	      3471	80000cb0	4115d913	srai	x18,x11,0x11	 x11:0x00000000 x18=0x00000000
      34735.000 ns	      3472	80000cb4	001a4c33	xor	x24,x20,x1	 x20:0x00000001  x1:0x00000001 x24=0x00000000
      34745.000 ns	      3473	80000cb8	002aedb3	or	x27,x21,x2	 x21:0x00000009  x2:0x00000000 x27=0x00000009
      34755.000 ns	      3474	80000cbc	40415293	srai	x5,x2,0x4	  x2:0x00000000  x5=0x00000000
      34795.000 ns	      3478	80000cc0	008442d3	fadd.s	f5,f8,f8	  f8:0x80040fe4  f8:0x80040fe4  f5=0x80081fc8
      34815.000 ns	      3480	80000cc4	01dee733	or	x14,x29,x29	 x29:0x00000000 x29:0x00000000 x14=0x00000000
      34835.000 ns	      3482	80000cc8	0284ab33	mulhsu	x22,x9,x8	  x9:0x00000001  x8:0x00000000 x22=0x00000000
      34865.000 ns	      3485	80000ccc	0299ac33	mulhsu	x24,x19,x9	 x19:0x80041023  x9:0x00000001 x24=0xffffffff
      34905.000 ns	      3489	80000cd0	580a28d3	fsqrt.s	f17,f20	 f20:0x00000000 f17=0x00000000
      34925.000 ns	      3491	80000cd4	1fa90517	auipc	x10,0x1fa90	 x10=0x9fa90cd4
      34945.000 ns	      3493	80000cd8	d0127153	fcvt.s.wu	f2,x4	  x4:0x00000004  f2=0x40800000
      34965.000 ns	      3495	80000cdc	40120ab3	sub	x21,x4,x1	  x4:0x00000004  x1:0x00000001 x21=0x00000003
      34985.000 ns	      3497	80000ce0	e00b0753	fmv.x.w	x14,f22	 f22:0x00000000 x14=0x00000000
      35015.000 ns	      3500	80000ce4	02efe6b3	rem	x13,x31,x14	 x31:0xf1800000 x14:0x00000000 x13=0xf1800000
      35385.000 ns	      3537	80000ce8	02446b33	rem	x22,x8,x4	  x8:0x00000000  x4:0x00000004 x22=0x00000000
      35405.000 ns	      3539	80000cec	413eda93	srai	x21,x29,0x13	 x29:0x00000000 x21=0x00000000
      35425.000 ns	      3541	80000cf0	e0018ed3	fmv.x.w	x29,f3	  f3:0x00000000 x29=0x00000000
      35445.000 ns	      3543	80000cf4	00038033	add	x0,x7,x0	  x7:0x000001b3  x0:0x00000000
      35465.000 ns	      3545	80000cf8	c002fd53	fcvt.w.s	x26,f5	  f5:0x80081fc8 x26=0x00000000
      35485.000 ns	      3547	80000cfc	00c25f93	srli	x31,x4,0xc	  x4:0x00000004 x31=0x00000000
      35845.000 ns	      3583	80000d00	03c963b3	rem	x7,x18,x28	 x18:0x00000000 x28:0x80041024  x7=0x00000000
      35875.000 ns	      3586	80000d04	e00e03d3	fmv.x.w	x7,f28	 f28:0x00000000  x7=0x00000000
      35895.000 ns	      3588	80000d08	e02a8b93	addi	x23,x21,-510	 x21:0x00000000 x23=0xfffffe02
      36255.000 ns	      3624	80000d0c	039d7d33	remu	x26,x26,x25	 x26:0x00000000 x25:0xffffffff x26=0x00000000
      36275.000 ns	      3626	80000d10	0103e433	or	x8,x7,x16	  x7:0x00000000 x16:0x00000000  x8=0x00000000
      36285.000 ns	      3627	80000d14	9e396a13	ori	x20,x18,-1565	 x18:0x00000000 x20=0xfffff9e3
      36295.000 ns	      3628	80000d18	042cd017	auipc	x0,0x42cd	
      36325.000 ns	      3631	80000d1c	193d9fd3	fdiv.s	f31,f27,f19	 f27:0x00000489 f19:0x00000000 f31=0x7f800000
      36355.000 ns	      3634	80000d20	203301d3	fsgnj.s	f3,f6,f3	  f6:0x00000000  f3:0x00000000  f3=0x00000000
      36395.000 ns	      3638	80000d24	1811f9d3	fdiv.s	f19,f3,f1	  f3:0x00000000  f1:0x3f800000 f19=0x00000000
      36425.000 ns	      3641	80000d28	03e0a7b3	mulhsu	x15,x1,x30	  x1:0x00000001 x30:0x00000005 x15=0x00000000
      36475.000 ns	      3646	80000d2c	005cfcd3	fadd.s	f25,f25,f5	 f25:0x4f7fff98  f5:0x80081fc8 f25=0x4f7fff98
      36495.000 ns	      3648	80000d30	4183de93	srai	x29,x7,0x18	  x7:0x00000000 x29=0x00000000
      36515.000 ns	      3650	80000d34	03a95933	divu	x18,x18,x26	 x18:0x00000000 x26:0x00000000 x18=0xffffffff
      36535.000 ns	      3652	80000d38	1b164c13	xori	x24,x12,433	 x12:0x00000000 x24=0x000001b1
      36555.000 ns	      3654	80000d3c	02bb1533	mulh	x10,x22,x11	 x22:0x00000000 x11:0x00000000 x10=0x00000000
      36575.000 ns	      3656	80000d40	a75b0017	auipc	x0,0xa75b0	
      36595.000 ns	      3658	80000d44	a15e24d3	feq.s	x9,f28,f21	 f28:0x00000000 f21:0x00000000  x9=0x00000001
      36615.000 ns	      3660	80000d48	001c2db3	slt	x27,x24,x1	 x24:0x000001b1  x1:0x00000001 x27=0x00000000
      36625.000 ns	      3661	80000d4c	012a1db3	sll	x27,x20,x18	 x20:0xfffff9e3 x18:0xffffffff x27=0x80000000
      36635.000 ns	      3662	80000d50	01a6b7b3	sltu	x15,x13,x26	 x13:0xf1800000 x26:0x00000000 x15=0x00000000
      36645.000 ns	      3663	80000d54	d0be7717	auipc	x14,0xd0be7	 x14=0x50be7d54
      36655.000 ns	      3664	80000d58	0173f0b3	and	x1,x7,x23	  x7:0x00000000 x23:0xfffffe02  x1=0x00000000
      36675.000 ns	      3666	80000d5c	f00e8653	fmv.w.x	f12,x29	 x29:0x00000000 f12=0x00000000
      36695.000 ns	      3668	80000d60	2f830813	addi	x16,x6,760	  x6:0x000001b7 x16=0x000004af
      36705.000 ns	      3669	80000d64	cf6df813	andi	x16,x27,-778	 x27:0x80000000 x16=0x80000000
      36715.000 ns	      3670	80000d68	0193d7b3	srl	x15,x7,x25	  x7:0x00000000 x25:0xffffffff x15=0x00000000
      36725.000 ns	      3671	80000d6c	0034f333	and	x6,x9,x3	  x9:0x00000001  x3:0x80040fe4  x6=0x00000000
      36745.000 ns	      3673	80000d70	20d79953	fsgnjn.s	f18,f15,f13	 f15:0xff800000 f13:0xff800000 f18=0x7f800000
      36775.000 ns	      3676	80000d74	e0031353	fclass.s	x6,f6	  f6:0x00000000  x6=0x00000010
      36795.000 ns	      3678	80000d78	730bd837	lui	x16,0x730bd	 x16=0x730bd000
      36835.000 ns	      3682	80000d7c	003f47d3	fadd.s	f15,f30,f3	 f30:0xffc00000  f3:0x00000000 f15=0x7fc00000
      36855.000 ns	      3684	80000d80	00311e93	slli	x29,x2,0x3	  x2:0x00000000 x29=0x00000000
      36865.000 ns	      3685	80000d84	00365b13	srli	x22,x12,0x3	 x12:0x00000000 x22=0x00000000
      36885.000 ns	      3687	80000d88	a1450653	fle.s	x12,f10,f20	 f10:0x3f800000 f20:0x00000000 x12=0x00000000
      36905.000 ns	      3689	80000d8c	015a1b13	slli	x22,x20,0x15	 x20:0xfffff9e3 x22=0x3c600000
      36915.000 ns	      3690	80000d90	014130b3	sltu	x1,x2,x20	  x2:0x00000000 x20:0xfffff9e3  x1=0x00000001
      36925.000 ns	      3691	80000d94	00000013	addi	x0,x0,0	  x0:0x00000000
      36935.000 ns	      3692	80000d98	0162e233	or	x4,x5,x22	  x5:0x00000000 x22:0x3c600000  x4=0x3c600000
      36945.000 ns	      3693	80000d9c	0178a633	slt	x12,x17,x23	 x17:0x80040fe4 x23:0xfffffe02 x12=0x00000001
      36975.000 ns	      3696	80000da0	10747453	fmul.s	f8,f8,f7	  f8:0x80040fe4  f7:0x00000000  f8=0x80000000
      36995.000 ns	      3698	80000da4	81304613	xori	x12,x0,-2029	  x0:0x00000000 x12=0xfffff813
      37005.000 ns	      3699	80000da8	f824b113	sltiu	x2,x9,-126	  x9:0x00000001  x2=0x00000001
      37015.000 ns	      3700	80000dac	d1fd8c93	addi	x25,x27,-737	 x27:0x80000000 x25=0x7ffffd1f
      37035.000 ns	      3702	80000db0	0271d433	divu	x8,x3,x7	  x3:0x80040fe4  x7:0x00000000  x8=0xffffffff
      37065.000 ns	      3705	80000db4	a198ac53	feq.s	x24,f17,f25	 f17:0x00000000 f25:0x4f7fff98 x24=0x00000000
      37095.000 ns	      3708	80000db8	e0089d53	fclass.s	x26,f17	 f17:0x00000000 x26=0x00000010
      37115.000 ns	      3710	80000dbc	007bd833	srl	x16,x23,x7	 x23:0xfffffe02  x7:0x00000000 x16=0xfffffe02
      37475.000 ns	      3746	80000dc0	031d4bb3	div	x23,x26,x17	 x26:0x00000010 x17:0x80040fe4 x23=0x00000000
      37495.000 ns	      3748	80000dc4	b13b6113	ori	x2,x22,-1261	 x22:0x3c600000  x2=0xfffffb13
      37505.000 ns	      3749	80000dc8	00000013	addi	x0,x0,0	  x0:0x00000000
      37525.000 ns	      3751	80000dcc	d0087b53	fcvt.s.w	f22,x16	 x16:0xfffffe02 f22=0xc3ff0000
      37545.000 ns	      3753	80000dd0	22a37693	andi	x13,x6,554	  x6:0x00000010 x13=0x00000000
      37555.000 ns	      3754	80000dd4	0127ea33	or	x20,x15,x18	 x15:0x00000000 x18:0xffffffff x20=0xffffffff
      37575.000 ns	      3756	80000dd8	21cb06d3	fsgnj.s	f13,f22,f28	 f22:0xc3ff0000 f28:0x00000000 f13=0x43ff0000
      37595.000 ns	      3758	80000ddc	0129f733	and	x14,x19,x18	 x19:0x80041023 x18:0xffffffff x14=0x80041023
      37605.000 ns	      3759	80000de0	404fda93	srai	x21,x31,0x4	 x31:0x00000000 x21=0x00000000
      37635.000 ns	      3762	80000de4	18b2f953	fdiv.s	f18,f5,f11	  f5:0x80081fc8 f11:0x00000000 f18=0xff800000
      37665.000 ns	      3765	80000de8	c0144453	fcvt.wu.s	x8,f8	  f8:0x80000000  x8=0x00000000
      37685.000 ns	      3767	80000dec	3a672db7	lui	x27,0x3a672	 x27=0x3a672000
      38045.000 ns	      3803	80000df0	03cd4ab3	div	x21,x26,x28	 x26:0x00000010 x28:0x80041024 x21=0x00000000
      38075.000 ns	      3806	80000df4	034e93b3	mulh	x7,x29,x20	 x29:0x00000000 x20:0xffffffff  x7=0x00000000
      38445.000 ns	      3843	80000df8	036dd033	divu	x0,x27,x22	 x27:0x3a672000 x22:0x3c600000
      38465.000 ns	      3845	80000dfc	521abd93	sltiu	x27,x21,1313	 x21:0x00000000 x27=0x00000001
      38485.000 ns	      3847	80000e00	03f011b3	mulh	x3,x0,x31	  x0:0x00000000 x31:0x00000000  x3=0x00000000
      38515.000 ns	      3850	80000e04	28b08d53	fmin.s	f26,f1,f11	  f1:0x3f800000 f11:0x00000000 f26=0x00000000
      38545.000 ns	      3853	80000e08	c00f71d3	fcvt.w.s	x3,f30	 f30:0xffc00000  x3=0x7fffffff
      38565.000 ns	      3855	80000e0c	009f7833	and	x16,x30,x9	 x30:0x00000005  x9:0x00000001 x16=0x00000001
      38585.000 ns	      3857	80000e10	a1f116d3	flt.s	x13,f2,f31	  f2:0x40800000 f31:0x7f800000 x13=0x00000001
      38605.000 ns	      3859	80000e14	00000013	addi	x0,x0,0	  x0:0x00000000
      38635.000 ns	      3862	80000e18	118bfc53	fmul.s	f24,f23,f24	 f23:0x00000000 f24:0x00000000 f24=0x00000000
      38655.000 ns	      3864	80000e1c	01e3d933	srl	x18,x7,x30	  x7:0x00000000 x30:0x00000005 x18=0x00000000
      38665.000 ns	      3865	80000e20	01fa95b3	sll	x11,x21,x31	 x21:0x00000000 x31:0x00000000 x11=0x00000000
      38685.000 ns	      3867	80000e24	d004a6d3	fcvt.s.w	f13,x9	  x9:0x00000001 f13=0x3f800000
      38715.000 ns	      3870	80000e28	28f403d3	fmin.s	f7,f8,f15	  f8:0x80000000 f15:0x7fc00000  f7=0x80000000
      39085.000 ns	      3907	80000e2c	02e4d1b3	divu	x3,x9,x14	  x9:0x00000001 x14:0x80041023  x3=0x00000000
      39455.000 ns	      3944	80000e30	033541b3	div	x3,x10,x19	 x10:0x00000000 x19:0x80041023  x3=0x00000000
      39475.000 ns	      3946	80000e34	302fda97	auipc	x21,0x302fd	 x21=0xb02fde34
      39485.000 ns	      3947	80000e38	abbda413	slti	x8,x27,-1349	 x27:0x00000001  x8=0x00000000
      39505.000 ns	      3949	80000e3c	03d4aab3	mulhsu	x21,x9,x29	  x9:0x00000001 x29:0x00000000 x21=0x00000000
      39545.000 ns	      3953	80000e40	18e51453	fdiv.s	f8,f10,f14	 f10:0x3f800000 f14:0xff800000  f8=0x80000000
      39565.000 ns	      3955	80000e44	29d0c913	xori	x18,x1,669	  x1:0x00000001 x18=0x0000029c
      39575.000 ns	      3956	80000e48	4f1c3437	lui	x8,0x4f1c3	  x8=0x4f1c3000
      39585.000 ns	      3957	80000e4c	25900513	addi	x10,x0,601	  x0:0x00000000 x10=0x00000259
      39605.000 ns	      3959	80000e50	0281a533	mulhsu	x10,x3,x8	  x3:0x00000000  x8:0x00000000 x10=0x00000000
      39635.000 ns	      3962	80000e54	281308d3	fmin.s	f17,f6,f1	  f6:0x00000000  f1:0x3f800000 f17=0x00000000
      39685.000 ns	      3967	80000e58	004e36d3	fadd.s	f13,f28,f4	 f28:0x00000000  f4:0xff7fffff f13=0xff7fffff
      39705.000 ns	      3969	80000e5c	01407433	and	x8,x0,x20	  x0:0x00000000 x20:0xffffffff  x8=0x00000000
      39715.000 ns	      3970	80000e60	418001b3	sub	x3,x0,x24	  x0:0x00000000 x24:0x00000000  x3=0x00000000
      39725.000 ns	      3971	80000e64	00000013	addi	x0,x0,0	  x0:0x00000000
      39735.000 ns	      3972	80000e68	010b47b3	xor	x15,x22,x16	 x22:0x3c600000 x16:0x00000001 x15=0x3c600001
      39755.000 ns	      3974	80000e6c	205b94d3	fsgnjn.s	f9,f23,f5	 f23:0x00000000  f5:0x80081fc8  f9=0x00000000
      39775.000 ns	      3976	80000e70	962b4313	xori	x6,x22,-1694	 x22:0x3c600000  x6=0xc39ff962
      39795.000 ns	      3978	80000e74	037a8733	mul	x14,x21,x23	 x21:0x00000000 x23:0x00000000 x14=0x00000000
      39835.000 ns	      3982	80000e78	19c97bd3	fdiv.s	f23,f18,f28	 f18:0xff800000 f28:0x00000000 f23=0xff800000
      39865.000 ns	      3985	80000e7c	f00b0b53	fmv.w.x	f22,x22	 x22:0x3c600000 f22=0x3c600000
      39905.000 ns	      3989	80000e80	115d8153	fmul.s	f2,f27,f21	 f27:0x00000489 f21:0x00000000  f2=0x00000000
      39935.000 ns	      3992	80000e84	d013ced3	fcvt.s.wu	f29,x7	  x7:0x00000000 f29=0x00000000
      39955.000 ns	      3994	80000e88	7112f993	andi	x19,x5,1809	  x5:0x00000000 x19=0x00000000
      39975.000 ns	      3996	80000e8c	03fc2eb3	mulhsu	x29,x24,x31	 x24:0x00000000 x31:0x00000000 x29=0x00000000
      40005.000 ns	      3999	80000e90	f0018853	fmv.w.x	f16,x3	  x3:0x00000000 f16=0x00000000
      40035.000 ns	      4002	80000e94	c00eb253	fcvt.w.s	x4,f29	 f29:0x00000000  x4=0x00000000
      40405.000 ns	      4039	80000e98	0305f1b3	remu	x3,x11,x16	 x11:0x00000000 x16:0x00000001  x3=0x00000000
      40445.000 ns	      4043	80000e9c	180ccf53	fdiv.s	f30,f25,f0	 f25:0x4f7fff98  f0:0xff800000 f30=0x80000000
      40465.000 ns	      4045	80000ea0	00287733	and	x14,x16,x2	 x16:0x00000001  x2:0xfffffb13 x14=0x00000001
      40485.000 ns	      4047	80000ea4	a05c0053	fle.s	x0,f24,f5	 f24:0x00000000  f5:0x80081fc8
      40535.000 ns	      4052	80000ea8	094372d3	fsub.s	f5,f6,f20	  f6:0x00000000 f20:0x00000000  f5=0x80000000
      40555.000 ns	      4054	80000eac	40625fb3	sra	x31,x4,x6	  x4:0x00000000  x6:0xc39ff962 x31=0x00000000
      40575.000 ns	      4056	80000eb0	20968dd3	fsgnj.s	f27,f13,f9	 f13:0xff7fffff  f9:0x00000000 f27=0x7f7fffff
      40595.000 ns	      4058	80000eb4	d3dc4f93	xori	x31,x24,-707	 x24:0x00000000 x31=0xfffffd3d
      40615.000 ns	      4060	80000eb8	20d58d53	fsgnj.s	f26,f11,f13	 f11:0x00000000 f13:0xff7fffff f26=0x80000000
      40645.000 ns	      4063	80000ebc	026c10b3	mulh	x1,x24,x6	 x24:0x00000000  x6:0xc39ff962  x1=0x00000000
      40675.000 ns	      4066	80000ec0	e0030fd3	fmv.x.w	x31,f6	  f6:0x00000000 x31=0x00000000
      40705.000 ns	      4069	80000ec4	f0028153	fmv.w.x	f2,x5	  x5:0x00000000  f2=0x00000000
      40725.000 ns	      4071	80000ec8	bd83e913	ori	x18,x7,-1064	  x7:0x00000000 x18=0xfffffbd8
      40745.000 ns	      4073	80000ecc	03725433	divu	x8,x4,x23	  x4:0x00000000 x23:0x00000000  x8=0xffffffff
      40775.000 ns	      4076	80000ed0	a102a0d3	feq.s	x1,f5,f16	  f5:0x80000000 f16:0x00000000  x1=0x00000001
      40805.000 ns	      4079	80000ed4	0273d4b3	divu	x9,x7,x7	  x7:0x00000000  x7:0x00000000  x9=0xffffffff
      40825.000 ns	      4081	80000ed8	eb2ca393	slti	x7,x25,-334	 x25:0x7ffffd1f  x7=0x00000000
      40845.000 ns	      4083	80000edc	a17b2b53	feq.s	x22,f22,f23	 f22:0x3c600000 f23:0xff800000 x22=0x00000000
      40865.000 ns	      4085	80000ee0	000969b3	or	x19,x18,x0	 x18:0xfffffbd8  x0:0x00000000 x19=0xfffffbd8
      40875.000 ns	      4086	80000ee4	006a3933	sltu	x18,x20,x6	 x20:0xffffffff  x6:0xc39ff962 x18=0x00000000
      40915.000 ns	      4090	80000ee8	00c47653	fadd.s	f12,f8,f12	  f8:0x80000000 f12:0x00000000 f12=0x00000000
      40945.000 ns	      4093	80000eec	285c8453	fmin.s	f8,f25,f5	 f25:0x4f7fff98  f5:0x80000000  f8=0x80000000
      40965.000 ns	      4095	80000ef0	01a9bd33	sltu	x26,x19,x26	 x19:0xfffffbd8 x26:0x00000010 x26=0x00000000
      40975.000 ns	      4096	80000ef4	006a60b3	or	x1,x20,x6	 x20:0xffffffff  x6:0xc39ff962  x1=0xffffffff
      40985.000 ns	      4097	80000ef8	00000013	addi	x0,x0,0	  x0:0x00000000
      41025.000 ns	      4101	80000efc	08a08c53	fsub.s	f24,f1,f10	  f1:0x3f800000 f10:0x3f800000 f24=0x80000000
      41395.000 ns	      4138	80000f00	03c0ccb3	div	x25,x1,x28	  x1:0xffffffff x28:0x80041024 x25=0x00000000
      41425.000 ns	      4141	80000f04	c00e3d53	fcvt.w.s	x26,f28	 f28:0x00000000 x26=0x00000000
      41455.000 ns	      4144	80000f08	031cbd33	mulhu	x26,x25,x17	 x25:0x00000000 x17:0x80040fe4 x26=0x00000000
      41475.000 ns	      4146	80000f0c	33196813	ori	x16,x18,817	 x18:0x00000000 x16=0x00000331
      41495.000 ns	      4148	80000f10	20512553	fsgnjx.s	f10,f2,f5	  f2:0x00000000  f5:0x80000000 f10=0x80000000
      41515.000 ns	      4150	80000f14	014eb833	sltu	x16,x29,x20	 x29:0x00000000 x20:0xffffffff x16=0x00000001
      41535.000 ns	      4152	80000f18	d00fb353	fcvt.s.w	f6,x31	 x31:0x00000000  f6=0x00000000
      41565.000 ns	      4155	80000f1c	2115a1d3	fsgnjx.s	f3,f11,f17	 f11:0x00000000 f17:0x00000000  f3=0x00000000
      41585.000 ns	      4157	80000f20	001b9793	slli	x15,x23,0x1	 x23:0x00000000 x15=0x00000000
      41605.000 ns	      4159	80000f24	02afc233	div	x4,x31,x10	 x31:0x00000000 x10:0x00000000  x4=0xffffffff
      41635.000 ns	      4162	80000f28	e0041753	fclass.s	x14,f8	  f8:0x80000000 x14=0x00000008
      41655.000 ns	      4164	80000f2c	012c5013	srli	x0,x24,0x12	 x24:0x00000000
      41675.000 ns	      4166	80000f30	02333db3	mulhu	x27,x6,x3	  x6:0xc39ff962  x3:0x00000000 x27=0x00000000
      41705.000 ns	      4169	80000f34	29fe00d3	fmin.s	f1,f28,f31	 f28:0x00000000 f31:0x7f800000  f1=0x00000000
      41735.000 ns	      4172	80000f38	02ad62b3	rem	x5,x26,x10	 x26:0x00000000 x10:0x00000000  x5=0x00000000
      41755.000 ns	      4174	80000f3c	010d4eb3	xor	x29,x26,x16	 x26:0x00000000 x16:0x00000001 x29=0x00000001
      41765.000 ns	      4175	80000f40	ecd8f793	andi	x15,x17,-307	 x17:0x80040fe4 x15=0x80040ec4
      41785.000 ns	      4177	80000f44	03cd8d33	mul	x26,x27,x28	 x27:0x00000000 x28:0x80041024 x26=0x00000000
      41805.000 ns	      4179	80000f48	000f1f93	slli	x31,x30,0x0	 x30:0x00000005 x31=0x00000005
      41815.000 ns	      4180	80000f4c	01155eb3	srl	x29,x10,x17	 x10:0x00000000 x17:0x80040fe4 x29=0x00000000
      41825.000 ns	      4181	80000f50	01e663b3	or	x7,x12,x30	 x12:0xfffff813 x30:0x00000005  x7=0xfffff817
      41845.000 ns	      4183	80000f54	032d8733	mul	x14,x27,x18	 x27:0x00000000 x18:0x00000000 x14=0x00000000
      41875.000 ns	      4186	80000f58	209c1fd3	fsgnjn.s	f31,f24,f9	 f24:0x80000000  f9:0x00000000 f31=0x80000000
      41895.000 ns	      4188	80000f5c	c0826a93	ori	x21,x4,-1016	  x4:0xffffffff x21=0xffffffff
      42255.000 ns	      4224	80000f60	0262f7b3	remu	x15,x5,x6	  x5:0x00000000  x6:0xc39ff962 x15=0x00000000
      42285.000 ns	      4227	80000f64	d00978d3	fcvt.s.w	f17,x18	 x18:0x00000000 f17=0x00000000
      42305.000 ns	      4229	80000f68	1e731937	lui	x18,0x1e731	 x18=0x1e731000
      42315.000 ns	      4230	80000f6c	01c5b6b3	sltu	x13,x11,x28	 x11:0x00000000 x28:0x80041024 x13=0x00000001
      42335.000 ns	      4232	80000f70	d014ffd3	fcvt.s.wu	f31,x9	  x9:0xffffffff f31=0x4f7fffff
      42385.000 ns	      4237	80000f74	00652ed3	fadd.s	f29,f10,f6	 f10:0x80000000  f6:0x00000000 f29=0x00000000
      42405.000 ns	      4239	80000f78	414f0833	sub	x16,x30,x20	 x30:0x00000005 x20:0xffffffff x16=0x00000006
      42415.000 ns	      4240	80000f7c	00000013	addi	x0,x0,0	  x0:0x00000000
      42435.000 ns	      4242	80000f80	03dcc7b3	div	x15,x25,x29	 x25:0x00000000 x29:0x00000000 x15=0xffffffff
      42465.000 ns	      4245	80000f84	02a51733	mulh	x14,x10,x10	 x10:0x00000000 x10:0x00000000 x14=0x00000000
      42485.000 ns	      4247	80000f88	01881213	slli	x4,x16,0x18	 x16:0x00000006  x4=0x06000000
      42505.000 ns	      4249	80000f8c	21909553	fsgnjn.s	f10,f1,f25	  f1:0x00000000 f25:0x4f7fff98 f10=0x80000000
      42545.000 ns	      4253	80000f90	10917ad3	fmul.s	f21,f2,f9	  f2:0x00000000  f9:0x00000000 f21=0x00000000
      42575.000 ns	      4256	80000f94	d01708d3	fcvt.s.wu	f17,x14	 x14:0x00000000 f17=0x00000000
      42595.000 ns	      4258	80000f98	407ddd33	sra	x26,x27,x7	 x27:0x00000000  x7:0xfffff817 x26=0x00000000
      42605.000 ns	      4259	80000f9c	00000013	addi	x0,x0,0	  x0:0x00000000
      42965.000 ns	      4295	80000fa0	02496fb3	rem	x31,x18,x4	 x18:0x1e731000  x4:0x06000000 x31=0x00731000
      42985.000 ns	      4297	80000fa4	0152d993	srli	x19,x5,0x15	  x5:0x00000000 x19=0x00000000
      43005.000 ns	      4299	80000fa8	03fcacb3	mulhsu	x25,x25,x31	 x25:0x00000000 x31:0x00731000 x25=0x00000000
      43035.000 ns	      4302	80000fac	e0081a53	fclass.s	x20,f16	 f16:0x00000000 x20=0x00000010
      43065.000 ns	      4305	80000fb0	036c44b3	div	x9,x24,x22	 x24:0x00000000 x22:0x00000000  x9=0xffffffff
      43095.000 ns	      4308	80000fb4	f00a86d3	fmv.w.x	f13,x21	 x21:0xffffffff f13=0xffffffff
      43115.000 ns	      4310	80000fb8	417b0633	sub	x12,x22,x23	 x22:0x00000000 x23:0x00000000 x12=0x00000000
      43125.000 ns	      4311	80000fbc	4a873113	sltiu	x2,x14,1192	 x14:0x00000000  x2=0x00000001
      43135.000 ns	      4312	80000fc0	cb0ab917	auipc	x18,0xcb0ab	 x18=0x4b0abfc0
      43165.000 ns	      4315	80000fc4	580889d3	fsqrt.s	f19,f17	 f17:0x00000000 f19=0x00000000
      43195.000 ns	      4318	80000fc8	d0009753	fcvt.s.w	f14,x1	  x1:0xffffffff f14=0xbf800000
      43215.000 ns	      4320	80000fcc	9853a693	slti	x13,x7,-1659	  x7:0xfffff817 x13=0x00000001
      43225.000 ns	      4321	80000fd0	0189db93	srli	x23,x19,0x18	 x19:0x00000000 x23=0x00000000
      43235.000 ns	      4322	80000fd4	73ca4393	xori	x7,x20,1852	 x20:0x00000010  x7=0x0000072c
      43255.000 ns	      4324	80000fd8	a06fa253	feq.s	x4,f31,f6	 f31:0x4f7fffff  f6:0x00000000  x4=0x00000000
      43305.000 ns	      4329	80000fdc	00217dd3	fadd.s	f27,f2,f2	  f2:0x00000000  f2:0x00000000 f27=0x00000000
      43335.000 ns	      4332	80000fe0	215212d3	fsgnjn.s	f5,f4,f21	  f4:0xff7fffff f21:0x00000000  f5=0xff7fffff
      43355.000 ns	      4334	80000fe4	df486793	ori	x15,x16,-524	 x16:0x00000006 x15=0xfffffdf6
      43365.000 ns	      4335	80000fe8	17b0b993	sltiu	x19,x1,379	  x1:0xffffffff x19=0x00000000
      43395.000 ns	      4338	80000fec	580d2ad3	fsqrt.s	f21,f26	 f26:0x80000000 f21=0x80000000
      43415.000 ns	      4340	80000ff0	007fe4b3	or	x9,x31,x7	 x31:0x00731000  x7:0x0000072c  x9=0x0073172c
      43775.000 ns	      4376	80000ff4	029246b3	div	x13,x4,x9	  x4:0x00000000  x9:0xffffffff x13=0x00000000
      43795.000 ns	      4378	80000ff8	00a07a33	and	x20,x0,x10	  x0:0x00000000 x10:0x00000000 x20=0x00000000
      43805.000 ns	      4379	80000ffc	41405693	srai	x13,x0,0x14	  x0:0x00000000 x13=0x00000000
      43825.000 ns	      4381	80001000	d009f0d3	fcvt.s.w	f1,x19	 x19:0x00000000  f1=0x00000000
      43845.000 ns	      4383	80001004	010aa9b3	slt	x19,x21,x16	 x21:0xffffffff x16:0x00000006 x19=0x00000001
      43865.000 ns	      4385	80001008	a0f890d3	flt.s	x1,f17,f15	 f17:0x00000000 f15:0x7fc00000  x1=0x00000000
      43885.000 ns	      4387	8000100c	4061de93	srai	x29,x3,0x6	  x3:0x00000000 x29=0x00000000
      43905.000 ns	      4389	80001010	200d8153	fsgnj.s	f2,f27,f0	 f27:0x00000000  f0:0xff800000  f2=0x80000000
      43935.000 ns	      4392	80001014	20538153	fsgnj.s	f2,f7,f5	  f7:0x80000000  f5:0xff7fffff  f2=0x80000000
      43955.000 ns	      4394	80001018	00441cb3	sll	x25,x8,x4	  x8:0xffffffff  x4:0x00000000 x25=0xffffffff
      43975.000 ns	      4396	8000101c	a0a9a7d3	feq.s	x15,f19,f10	 f19:0x00000000 f10:0x80000000 x15=0x00000001
      44015.000 ns	      4400	80001020	19ecf753	fdiv.s	f14,f25,f30	 f25:0x4f7fff98 f30:0x80000000 f14=0xff800000
      44035.000 ns	      4402	80001024	f4ba8293	addi	x5,x21,-181	 x21:0xffffffff  x5=0xffffff4a
      44055.000 ns	      4404	80001028	f00385d3	fmv.w.x	f11,x7	  x7:0x0000072c f11=0x0000072c
      44085.000 ns	      4407	8000102c	f0030ad3	fmv.w.x	f21,x6	  x6:0xc39ff962 f21=0xc39ff962
      44105.000 ns	      4409	80001030	4154dbb3	sra	x23,x9,x21	  x9:0x0073172c x21:0xffffffff x23=0x00000000
      44115.000 ns	      4410	80001034	00e95c13	srli	x24,x18,0xe	 x18:0x4b0abfc0 x24=0x00012c2a
      44125.000 ns	      4411	80001038	410ad997	auipc	x19,0x410ad	 x19=0xc10ae038
      44135.000 ns	      4412	8000103c	f33ee313	ori	x6,x29,-205	 x29:0x00000000  x6=0xffffff33
      44155.000 ns	      4414	80001040	02cf4333	div	x6,x30,x12	 x30:0x00000005 x12:0x00000000  x6=0xffffffff
      44185.000 ns	      4417	80001044	036d4233	div	x4,x26,x22	 x26:0x00000000 x22:0x00000000  x4=0xffffffff
      44215.000 ns	      4420	80001048	c00a2753	fcvt.w.s	x14,f20	 f20:0x00000000 x14=0x00000000
      44235.000 ns	      4422	8000104c	b2517f93	andi	x31,x2,-1243	  x2:0x00000001 x31=0x00000001
      44265.000 ns	      4425	80001050	107efdd3	fmul.s	f27,f29,f7	 f29:0x00000000  f7:0x80000000 f27=0x80000000
      44635.000 ns	      4462	80001054	026a42b3	div	x5,x20,x6	 x20:0x00000000  x6:0xffffffff  x5=0x00000000
      44665.000 ns	      4465	80001058	a1c40153	fle.s	x2,f8,f28	  f8:0x80000000 f28:0x00000000  x2=0x00000001
      44695.000 ns	      4468	8000105c	a03d8053	fle.s	x0,f27,f3	 f27:0x80000000  f3:0x00000000
      44745.000 ns	      4473	80001060	0960cbd3	fsub.s	f23,f1,f22	  f1:0x00000000 f22:0x3c600000 f23=0xbc600000
      44775.000 ns	      4476	80001064	291704d3	fmin.s	f9,f14,f17	 f14:0xff800000 f17:0x00000000  f9=0xff800000
      44795.000 ns	      4478	80001068	4b84c693	xori	x13,x9,1208	  x9:0x0073172c x13=0x00731394
      44815.000 ns	      4480	8000106c	e00c02d3	fmv.x.w	x5,f24	 f24:0x80000000  x5=0x80000000
      44835.000 ns	      4482	80001070	3c056113	ori	x2,x10,960	 x10:0x00000000  x2=0x000003c0
      44875.000 ns	      4486	80001074	017fb453	fadd.s	f8,f31,f23	 f31:0x4f7fffff f23:0xbc600000  f8=0x4f7fffff
      44905.000 ns	      4489	80001078	c016b6d3	fcvt.wu.s	x13,f13	 f13:0xffffffff x13=0xffffffff
      45275.000 ns	      4526	8000107c	02554533	div	x10,x10,x5	 x10:0x00000000  x5:0x80000000 x10=0x00000000
      45645.000 ns	      4563	80001080	0328e233	rem	x4,x17,x18	 x17:0x80040fe4 x18:0x4b0abfc0  x4=0xcb0ecfa4
      45695.000 ns	      4568	80001084	09fbfd53	fsub.s	f26,f23,f31	 f23:0xbc600000 f31:0x4f7fffff f26=0xcf7fffff
      45725.000 ns	      4571	80001088	287e0a53	fmin.s	f20,f28,f7	 f28:0x00000000  f7:0x80000000 f20=0x80000000
      45775.000 ns	      4576	8000108c	083ccbd3	fsub.s	f23,f25,f3	 f25:0x4f7fff98  f3:0x00000000 f23=0x4f7fff98
      45805.000 ns	      4579	80001090	033d86b3	mul	x13,x27,x19	 x27:0x00000000 x19:0xc10ae038 x13=0x00000000
      45825.000 ns	      4581	80001094	01a8adb3	slt	x27,x17,x26	 x17:0x80040fe4 x26:0x00000000 x27=0x00000001
      45835.000 ns	      4582	80001098	fc7f4b93	xori	x23,x30,-57	 x30:0x00000005 x23=0xffffffc2
      45845.000 ns	      4583	8000109c	001b1533	sll	x10,x22,x1	 x22:0x00000000  x1:0x00000000 x10=0x00000000
      45865.000 ns	      4585	800010a0	a07f8353	fle.s	x6,f31,f7	 f31:0x4f7fffff  f7:0x80000000  x6=0x00000000
      45895.000 ns	      4588	800010a4	28821bd3	fmax.s	f23,f4,f8	  f4:0xff7fffff  f8:0x4f7fffff f23=0x4f7fffff
      45915.000 ns	      4590	800010a8	0171dc13	srli	x24,x3,0x17	  x3:0x00000000 x24=0x00000000
      45925.000 ns	      4591	800010ac	00465113	srli	x2,x12,0x4	 x12:0x00000000  x2=0x00000000
      45935.000 ns	      4592	800010b0	4b3ea593	slti	x11,x29,1203	 x29:0x00000000 x11=0x00000001
      45945.000 ns	      4593	800010b4	00eeddb3	srl	x27,x29,x14	 x29:0x00000000 x14:0x00000000 x27=0x00000000
      45965.000 ns	      4595	800010b8	e0090453	fmv.x.w	x8,f18	 f18:0xff800000  x8=0xff800000
      45995.000 ns	      4598	800010bc	0222a233	mulhsu	x4,x5,x2	  x5:0x80000000  x2:0x00000000  x4=0x00000000
      46015.000 ns	      4600	800010c0	00ca6933	or	x18,x20,x12	 x20:0x00000000 x12:0x00000000 x18=0x00000000
      46035.000 ns	      4602	800010c4	28b10c53	fmin.s	f24,f2,f11	  f2:0x80000000 f11:0x0000072c f24=0x80000000
      46065.000 ns	      4605	800010c8	28051b53	fmax.s	f22,f10,f0	 f10:0x80000000  f0:0xff800000 f22=0x80000000
      46085.000 ns	      4607	800010cc	96fd0513	addi	x10,x26,-1681	 x26:0x00000000 x10=0xfffff96f
      46095.000 ns	      4608	800010d0	41bc5d13	srai	x26,x24,0x1b	 x24:0x00000000 x26=0x00000000
      46125.000 ns	      4611	800010d4	580a26d3	fsqrt.s	f13,f20	 f20:0x80000000 f13=0x80000000
      46155.000 ns	      4614	800010d8	02ab8133	mul	x2,x23,x10	 x23:0xffffffc2 x10:0xfffff96f  x2=0x0001971e
      46185.000 ns	      4617	800010dc	a091a7d3	feq.s	x15,f3,f9	  f3:0x00000000  f9:0xff800000 x15=0x00000000
      46555.000 ns	      4654	800010e0	03386cb3	rem	x25,x16,x19	 x16:0x00000006 x19:0xc10ae038 x25=0x00000006
      46595.000 ns	      4658	800010e4	5809f953	fsqrt.s	f18,f19	 f19:0x00000000 f18=0x00000000
      46625.000 ns	      4661	800010e8	a1618353	fle.s	x6,f3,f22	  f3:0x00000000 f22:0x80000000  x6=0x00000001
      46995.000 ns	      4698	800010ec	026cfa33	remu	x20,x25,x6	 x25:0x00000006  x6:0x00000000 x20=0x00000000
      47025.000 ns	      4701	800010f0	02771c33	mulh	x24,x14,x7	 x14:0x00000000  x7:0x0000072c x24=0x00000000
      47045.000 ns	      4703	800010f4	0056de93	srli	x29,x13,0x5	 x13:0x00000000 x29=0x00000000
      47055.000 ns	      4704	800010f8	00000013	addi	x0,x0,0	  x0:0x00000000
      47095.000 ns	      4708	800010fc	00b672d3	fadd.s	f5,f12,f11	 f12:0x00000000 f11:0x0000072c  f5=0x0000072c
      47145.000 ns	      4713	80001100	09a31353	fsub.s	f6,f6,f26	  f6:0x00000000 f26:0xcf7fffff  f6=0x4f7fffff
      47175.000 ns	      4716	80001104	a01f1a53	flt.s	x20,f30,f1	 f30:0x80000000  f1:0x00000000 x20=0x00000000
      47195.000 ns	      4718	80001108	00855013	srli	x0,x10,0x8	 x10:0xfffff96f
      47215.000 ns	      4720	8000110c	e00c84d3	fmv.x.w	x9,f25	 f25:0x4f7fff98  x9=0x4f7fff98
      47245.000 ns	      4723	80001110	02f917b3	mulh	x15,x18,x15	 x18:0x00000000 x15:0x00000000 x15=0x00000000
      47265.000 ns	      4725	80001114	41b16b13	ori	x22,x2,1051	  x2:0x0001971e x22=0x0001971f
      47285.000 ns	      4727	80001118	218999d3	fsgnjn.s	f19,f19,f24	 f19:0x00000000 f24:0x80000000 f19=0x00000000
      47305.000 ns	      4729	8000111c	5ec2b693	sltiu	x13,x5,1516	  x5:0x80000000 x13=0x00000000
      47325.000 ns	      4731	80001120	025b83b3	mul	x7,x23,x5	 x23:0xffffffc2  x5:0x80000000  x7=0x00000000
      47355.000 ns	      4734	80001124	c0153bd3	fcvt.wu.s	x23,f10	 f10:0x80000000 x23=0x00000000
      47385.000 ns	      4737	80001128	285c1f53	fmax.s	f30,f24,f5	 f24:0x80000000  f5:0x0000072c f30=0x0000072c
      47405.000 ns	      4739	8000112c	010b3033	sltu	x0,x22,x16	 x22:0x0001971f x16:0x00000006
      47415.000 ns	      4740	80001130	017c86b3	add	x13,x25,x23	 x25:0x00000006 x23:0x00000000 x13=0x00000006
      47435.000 ns	      4742	80001134	d01474d3	fcvt.s.wu	f9,x8	  x8:0xff800000  f9=0x4f7f8000
      47455.000 ns	      4744	80001138	00000013	addi	x0,x0,0	  x0:0x00000000
      47475.000 ns	      4746	8000113c	021a8a33	mul	x20,x21,x1	 x21:0xffffffff  x1:0x00000000 x20=0x00000000
      47525.000 ns	      4751	80001140	09de73d3	fsub.s	f7,f28,f29	 f28:0x00000000 f29:0x00000000  f7=0x80000000
      47555.000 ns	      4754	80001144	20468153	fsgnj.s	f2,f13,f4	 f13:0x80000000  f4:0xff7fffff  f2=0x80000000
      47575.000 ns	      4756	80001148	413785b3	sub	x11,x15,x19	 x15:0x00000000 x19:0xc10ae038 x11=0x3ef51fc8
      47595.000 ns	      4758	8000114c	03932fb3	mulhsu	x31,x6,x25	  x6:0x00000001 x25:0x00000006 x31=0x00000000
      47615.000 ns	      4760	80001150	fb328f93	addi	x31,x5,-77	  x5:0x80000000 x31=0x7fffffb3
      47635.000 ns	      4762	80001154	c0041bd3	fcvt.w.s	x23,f8	  f8:0x4f7fffff x23=0x7fffffff
      47665.000 ns	      4765	80001158	21942ed3	fsgnjx.s	f29,f8,f25	  f8:0x4f7fffff f25:0x4f7fff98 f29=0x4f7fffff
      47695.000 ns	      4768	8000115c	205926d3	fsgnjx.s	f13,f18,f5	 f18:0x00000000  f5:0x0000072c f13=0x00000000
      47725.000 ns	      4771	80001160	d0188253	fcvt.s.wu	f4,x17	 x17:0x80040fe4  f4=0x4f000410
      47765.000 ns	      4775	80001164	10dc7ad3	fmul.s	f21,f24,f13	 f24:0x80000000 f13:0x00000000 f21=0x80000000
      47795.000 ns	      4778	80001168	211b8353	fsgnj.s	f6,f23,f17	 f23:0x4f7fffff f17:0x00000000  f6=0x4f7fffff
      47815.000 ns	      4780	8000116c	016d65b3	or	x11,x26,x22	 x26:0x00000000 x22:0x0001971f x11=0x0001971f
      47855.000 ns	      4784	80001170	009b2e53	fadd.s	f28,f22,f9	 f22:0x80000000  f9:0x4f7f8000 f28=0x4f7f8000
      47885.000 ns	      4787	80001174	d00c70d3	fcvt.s.w	f1,x24	 x24:0x00000000  f1=0x00000000
      47925.000 ns	      4791	80001178	5807ac53	fsqrt.s	f24,f15	 f15:0x7fc00000 f24=0x7fc00000
      47945.000 ns	      4793	8000117c	358f06b7	lui	x13,0x358f0	 x13=0x358f0000
      47955.000 ns	      4794	80001180	08cf2a13	slti	x20,x30,140	 x30:0x00000005 x20=0x00000001
      48285.000 ns	      4827	80001184	19df31d3	fdiv.s	f3,f30,f29	 f30:0x0000072c f29:0x4f7fffff  f3=0x00000000
      48315.000 ns	      4830	80001188	03da1eb3	mulh	x29,x20,x29	 x20:0x00000000 x29:0x00000000 x29=0x00000000
      48345.000 ns	      4833	8000118c	c0117653	fcvt.wu.s	x12,f2	  f2:0x80000000 x12=0x00000000
      48365.000 ns	      4835	80001190	01cd9213	slli	x4,x27,0x1c	 x27:0x00000000  x4=0x00000000
      48375.000 ns	      4836	80001194	014d25b3	slt	x11,x26,x20	 x26:0x00000000 x20:0x00000001 x11=0x00000001
      48395.000 ns	      4838	80001198	c00d7853	fcvt.w.s	x16,f26	 f26:0xcf7fffff x16=0x80000000
      48415.000 ns	      4840	8000119c	0034a6b3	slt	x13,x9,x3	  x9:0x4f7fff98  x3:0x00000000 x13=0x00000000
      48435.000 ns	      4842	800011a0	d019f9d3	fcvt.s.wu	f19,x19	 x19:0xc10ae038 f19=0x4f410ae0
      48455.000 ns	      4844	800011a4	9b617d93	andi	x27,x2,-1610	  x2:0x0001971e x27=0x00019116
      48495.000 ns	      4848	800011a8	01c571d3	fadd.s	f3,f10,f28	 f10:0x80000000 f28:0x4f7f8000  f3=0x4f7f8000
      48515.000 ns	      4850	800011ac	00b3edb3	or	x27,x7,x11	  x7:0x00000000 x11:0x00000001 x27=0x00000001
      48545.000 ns	      4853	800011b0	18d3a553	fdiv.s	f10,f7,f13	  f7:0x80000000 f13:0x00000000 f10=0x7fc00000
      48575.000 ns	      4856	800011b4	29458653	fmin.s	f12,f11,f20	 f11:0x0000072c f20:0x80000000 f12=0x80000000
      48595.000 ns	      4858	800011b8	00ff1433	sll	x8,x30,x15	 x30:0x00000005 x15:0x00000000  x8=0x00000005
      48605.000 ns	      4859	800011bc	84c17f93	andi	x31,x2,-1972	  x2:0x0001971e x31=0x0001900c
      48625.000 ns	      4861	800011c0	213a04d3	fsgnj.s	f9,f20,f19	 f20:0x80000000 f19:0x4f410ae0  f9=0x00000000
      48645.000 ns	      4863	800011c4	40df03b3	sub	x7,x30,x13	 x30:0x00000005 x13:0x00000000  x7=0x00000005
      48665.000 ns	      4865	800011c8	28571253	fmax.s	f4,f14,f5	 f14:0xff800000  f5:0x0000072c  f4=0x0000072c
      48685.000 ns	      4867	800011cc	03f67113	andi	x2,x12,63	 x12:0x00000000  x2=0x00000000
      48695.000 ns	      4868	800011d0	01c67133	and	x2,x12,x28	 x12:0x00000000 x28:0x80041024  x2=0x00000000
      48705.000 ns	      4869	800011d4	00d5a1b3	slt	x3,x11,x13	 x11:0x00000001 x13:0x00000000  x3=0x00000000
      48725.000 ns	      4871	800011d8	03528b33	mul	x22,x5,x21	  x5:0x80000000 x21:0xffffffff x22=0x80000000
      48755.000 ns	      4874	800011dc	02c97b33	remu	x22,x18,x12	 x18:0x00000000 x12:0x00000000 x22=0x00000000
      48775.000 ns	      4876	800011e0	41f45033	sra	x0,x8,x31	  x8:0x00000005 x31:0x0001900c
      48785.000 ns	      4877	800011e4	00d67c33	and	x24,x12,x13	 x12:0x00000000 x13:0x00000000 x24=0x00000000
      48795.000 ns	      4878	800011e8	406d8933	sub	x18,x27,x6	 x27:0x00000001  x6:0x00000001 x18=0x00000000
      48815.000 ns	      4880	800011ec	d008f9d3	fcvt.s.w	f19,x17	 x17:0x80040fe4 f19=0xcefff7e0
      48835.000 ns	      4882	800011f0	0014b733	sltu	x14,x9,x1	  x9:0x4f7fff98  x1:0x00000000 x14=0x00000000
      48855.000 ns	      4884	800011f4	21839453	fsgnjn.s	f8,f7,f24	  f7:0x80000000 f24:0x7fc00000  f8=0x80000000
      48905.000 ns	      4889	800011f8	0042ce53	fadd.s	f28,f5,f4	  f5:0x0000072c  f4:0x0000072c f28=0x00000e58
      48925.000 ns	      4891	800011fc	414f52b3	sra	x5,x30,x20	 x30:0x00000005 x20:0x00000001  x5=0x00000002
      48935.000 ns	      4892	80001200	003d9093	slli	x1,x27,0x3	 x27:0x00000001  x1=0x00000008
      48955.000 ns	      4894	80001204	c0042153	fcvt.w.s	x2,f8	  f8:0x80000000  x2=0x00000000
      48975.000 ns	      4896	80001208	35d1a593	slti	x11,x3,861	  x3:0x00000000 x11=0x00000001
      48995.000 ns	      4898	8000120c	02852cb3	mulhsu	x25,x10,x8	 x10:0xfffff96f  x8:0x00000005 x25=0xffffffff
      49025.000 ns	      4901	80001210	a1e2a153	feq.s	x2,f5,f30	  f5:0x0000072c f30:0x0000072c  x2=0x00000001
      49395.000 ns	      4938	80001214	029ff5b3	remu	x11,x31,x9	 x31:0x0001900c  x9:0x4f7fff98 x11=0x0001900c
      49415.000 ns	      4940	80001218	9e3da513	slti	x10,x27,-1565	 x27:0x00000001 x10=0x00000000
      49435.000 ns	      4942	8000121c	28f403d3	fmin.s	f7,f8,f15	  f8:0x80000000 f15:0x7fc00000  f7=0x80000000
      50615.000 ns	      5060	80001220	580cf2d3	fsqrt.s	f5,f25	 f25:0x4f7fff98  f5=0x47350419
      50635.000 ns	      5062	80001224	b35cb613	sltiu	x12,x25,-1227	 x25:0xffffffff x12=0x00000000
      50655.000 ns	      5064	80001228	e0039bd3	fclass.s	x23,f7	  f7:0x80000000 x23=0x00000008
      50675.000 ns	      5066	8000122c	40a1dc13	srai	x24,x3,0xa	  x3:0x00000000 x24=0x00000000
      50695.000 ns	      5068	80001230	28dc0f53	fmin.s	f30,f24,f13	 f24:0x7fc00000 f13:0x00000000 f30=0x00000000
      50735.000 ns	      5072	80001234	58003c53	fsqrt.s	f24,f0	  f0:0xff800000 f24=0x7fc00000
      50765.000 ns	      5075	80001238	024e2db3	mulhsu	x27,x28,x4	 x28:0x80041024  x4:0x00000000 x27=0x00000000
      51135.000 ns	      5112	8000123c	02286633	rem	x12,x16,x2	 x16:0x80000000  x2:0x00000001 x12=0x00000000
      51155.000 ns	      5114	80001240	ab82c493	xori	x9,x5,-1352	  x5:0x00000002  x9=0xfffffaba
      51185.000 ns	      5117	80001244	1099fd53	fmul.s	f26,f19,f9	 f19:0xcefff7e0  f9:0x00000000 f26=0x80000000
      51215.000 ns	      5120	80001248	d00bf053	fcvt.s.w	f0,x23	 x23:0x00000008  f0=0x41000000
      51245.000 ns	      5123	8000124c	202809d3	fsgnj.s	f19,f16,f2	 f16:0x00000000  f2:0x80000000 f19=0x80000000
      51295.000 ns	      5128	80001250	0078f353	fadd.s	f6,f17,f7	 f17:0x00000000  f7:0x80000000  f6=0x80000000
      51315.000 ns	      5130	80001254	00142bb3	slt	x23,x8,x1	  x8:0x00000005  x1:0x00000008 x23=0x00000001
      51345.000 ns	      5133	80001258	1178fad3	fmul.s	f21,f17,f23	 f17:0x00000000 f23:0x4f7fffff f21=0x00000000
      51365.000 ns	      5135	8000125c	2846bc13	sltiu	x24,x13,644	 x13:0x00000000 x24=0x00000001
      51385.000 ns	      5137	80001260	d0017153	fcvt.s.w	f2,x2	  x2:0x00000001  f2=0x3f800000
      51415.000 ns	      5140	80001264	21651cd3	fsgnjn.s	f25,f10,f22	 f10:0x7fc00000 f22:0x80000000 f25=0x7fc00000
      51435.000 ns	      5142	80001268	01705b93	srli	x23,x0,0x17	  x0:0x00000000 x23=0x00000000
      51795.000 ns	      5178	8000126c	02ba57b3	divu	x15,x20,x11	 x20:0x00000001 x11:0x0001900c x15=0x00000000
      51825.000 ns	      5181	80001270	206a8953	fsgnj.s	f18,f21,f6	 f21:0x00000000  f6:0x80000000 f18=0x80000000
      51845.000 ns	      5183	80001274	014319b3	sll	x19,x6,x20	  x6:0x00000001 x20:0x00000001 x19=0x00000002
      51885.000 ns	      5187	80001278	0105f8d3	fadd.s	f17,f11,f16	 f11:0x0000072c f16:0x00000000 f17=0x0000072c
      51905.000 ns	      5189	8000127c	41875013	srai	x0,x14,0x18	 x14:0x00000000
      51925.000 ns	      5191	80001280	c0007453	fcvt.w.s	x8,f0	  f0:0x41000000  x8=0x00000008
      51945.000 ns	      5193	80001284	10d42d13	slti	x26,x8,269	  x8:0x00000005 x26=0x00000001
      51965.000 ns	      5195	80001288	28a19853	fmax.s	f16,f3,f10	  f3:0x4f7f8000 f10:0x7fc00000 f16=0x4f7f8000
      51995.000 ns	      5198	8000128c	20dea953	fsgnjx.s	f18,f29,f13	 f29:0x4f7fffff f13:0x00000000 f18=0x4f7fffff
      52015.000 ns	      5200	80001290	00000013	addi	x0,x0,0	  x0:0x00000000
      52025.000 ns	      5201	80001294	275a7693	andi	x13,x20,629	 x20:0x00000001 x13=0x00000001
      52035.000 ns	      5202	80001298	00041d13	slli	x26,x8,0x0	  x8:0x00000008 x26=0x00000008
      52045.000 ns	      5203	8000129c	01f3c233	xor	x4,x7,x31	  x7:0x00000005 x31:0x0001900c  x4=0x00019009
      52065.000 ns	      5205	800012a0	219fa1d3	fsgnjx.s	f3,f31,f25	 f31:0x4f7fffff f25:0x7fc00000  f3=0x4f7fffff
      52085.000 ns	      5207	800012a4	017f1633	sll	x12,x30,x23	 x30:0x00000005 x23:0x00000000 x12=0x00000005
      52105.000 ns	      5209	800012a8	0362e3b3	rem	x7,x5,x22	  x5:0x00000002 x22:0x00000000  x7=0x00000002
      52125.000 ns	      5211	800012ac	40de0133	sub	x2,x28,x13	 x28:0x80041024 x13:0x00000001  x2=0x80041023
      52145.000 ns	      5213	800012b0	d009b453	fcvt.s.w	f8,x19	 x19:0x00000002  f8=0x40000000
      52175.000 ns	      5216	800012b4	20b70dd3	fsgnj.s	f27,f14,f11	 f14:0xff800000 f11:0x0000072c f27=0x7f800000
      52545.000 ns	      5253	800012b8	034c5cb3	divu	x25,x24,x20	 x24:0x00000001 x20:0x00000001 x25=0x00000001
      52575.000 ns	      5256	800012bc	03654d33	div	x26,x10,x22	 x10:0x00000000 x22:0x00000000 x26=0xffffffff
      52945.000 ns	      5293	800012c0	038b5633	divu	x12,x22,x24	 x22:0x00000000 x24:0x00000001 x12=0x00000000
      52965.000 ns	      5295	800012c4	edb8efb7	lui	x31,0xedb8e	 x31=0xedb8e000
      53005.000 ns	      5299	800012c8	08973f53	fsub.s	f30,f14,f9	 f14:0xff800000  f9:0x00000000 f30=0xff800000
      53035.000 ns	      5302	800012cc	030ab333	mulhu	x6,x21,x16	 x21:0xffffffff x16:0x80000000  x6=0x7fffffff
      53055.000 ns	      5304	800012d0	001374b3	and	x9,x6,x1	  x6:0x00000001  x1:0x00000008  x9=0x00000008
      53075.000 ns	      5306	800012d4	a0562753	feq.s	x14,f12,f5	 f12:0x80000000  f5:0x47350419 x14=0x00000000
      53105.000 ns	      5309	800012d8	2135a3d3	fsgnjx.s	f7,f11,f19	 f11:0x0000072c f19:0x80000000  f7=0x8000072c
      53145.000 ns	      5313	800012dc	11837053	fmul.s	f0,f6,f24	  f6:0x80000000 f24:0x7fc00000  f0=0x7fc00000
      53175.000 ns	      5316	800012e0	036b1633	mulh	x12,x22,x22	 x22:0x00000000 x22:0x00000000 x12=0x00000000
      53195.000 ns	      5318	800012e4	65e80793	addi	x15,x16,1630	 x16:0x80000000 x15=0x8000065e
      53205.000 ns	      5319	800012e8	cc418013	addi	x0,x3,-828	  x3:0x00000000
      53215.000 ns	      5320	800012ec	c6d05a37	lui	x20,0xc6d05	 x20=0xc6d05000
      53235.000 ns	      5322	800012f0	d0123553	fcvt.s.wu	f10,x4	  x4:0x00019009 f10=0x47c80480
      53255.000 ns	      5324	800012f4	01a0b733	sltu	x14,x1,x26	  x1:0x00000008 x26:0xffffffff x14=0x00000001
      53265.000 ns	      5325	800012f8	00000013	addi	x0,x0,0	  x0:0x00000000
      53285.000 ns	      5327	800012fc	e00811d3	fclass.s	x3,f16	 f16:0x4f7f8000  x3=0x00000040
      53305.000 ns	      5329	80001300	01ff5593	srli	x11,x30,0x1f	 x30:0x00000005 x11=0x00000000
      53315.000 ns	      5330	80001304	00000013	addi	x0,x0,0	  x0:0x00000000
      53335.000 ns	      5332	80001308	2148a553	fsgnjx.s	f10,f17,f20	 f17:0x0000072c f20:0x80000000 f10=0x8000072c
      53705.000 ns	      5369	8000130c	03e46fb3	rem	x31,x8,x30	  x8:0x00000008 x30:0x00000005 x31=0x00000003
      53735.000 ns	      5372	80001310	032812b3	mulh	x5,x16,x18	 x16:0x80000000 x18:0x00000000  x5=0x00000000
      53755.000 ns	      5374	80001314	006ded33	or	x26,x27,x6	 x27:0x00000000  x6:0x7fffffff x26=0x7fffffff
      53775.000 ns	      5376	80001318	a072a3d3	feq.s	x7,f5,f7	  f5:0x47350419  f7:0x8000072c  x7=0x00000000
      53805.000 ns	      5379	8000131c	20bbabd3	fsgnjx.s	f23,f23,f11	 f23:0x4f7fffff f11:0x0000072c f23=0x4f7fffff
      54145.000 ns	      5413	80001320	184ba953	fdiv.s	f18,f23,f4	 f23:0x4f7fffff  f4:0x0000072c f18=0x7f800000
      54175.000 ns	      5416	80001324	d00a7b53	fcvt.s.w	f22,x20	 x20:0xc6d05000 f22=0xce64bec0
      54195.000 ns	      5418	80001328	f5a06517	auipc	x10,0xf5a06	 x10=0x75a07328
      54215.000 ns	      5420	8000132c	e00d03d3	fmv.x.w	x7,f26	 f26:0x80000000  x7=0x80000000
      54235.000 ns	      5422	80001330	c65dfd13	andi	x26,x27,-923	 x27:0x00000000 x26=0x00000000
      54245.000 ns	      5423	80001334	2d71f013	andi	x0,x3,727	  x3:0x00000040
      54265.000 ns	      5425	80001338	29890f53	fmin.s	f30,f18,f24	 f18:0x7f800000 f24:0x7fc00000 f30=0x7f800000
      54285.000 ns	      5427	8000133c	01b4d513	srli	x10,x9,0x1b	  x9:0x00000008 x10=0x00000000
      54305.000 ns	      5429	80001340	02998933	mul	x18,x19,x9	 x19:0x00000002  x9:0x00000008 x18=0x00000010
      54335.000 ns	      5432	80001344	02938cb3	mul	x25,x7,x9	  x7:0x80000000  x9:0x00000008 x25=0x00000000
      54365.000 ns	      5435	80001348	02cc4333	div	x6,x24,x12	 x24:0x00000001 x12:0x00000000  x6=0xffffffff
      54395.000 ns	      5438	8000134c	e0050153	fmv.x.w	x2,f10	 f10:0x8000072c  x2=0x8000072c
      54445.000 ns	      5443	80001350	01f38153	fadd.s	f2,f7,f31	  f7:0x8000072c f31:0x4f7fffff  f2=0x4f7fffff
      54465.000 ns	      5445	80001354	01c99613	slli	x12,x19,0x1c	 x19:0x00000002 x12=0x20000000
      54475.000 ns	      5446	80001358	b067bdb7	lui	x27,0xb067b	 x27=0xb067b000
      54495.000 ns	      5448	8000135c	28380fd3	fmin.s	f31,f16,f3	 f16:0x4f7f8000  f3:0x4f7fffff f31=0x4f7f8000
      54515.000 ns	      5450	80001360	0103cd33	xor	x26,x7,x16	  x7:0x80000000 x16:0x80000000 x26=0x00000000
      54555.000 ns	      5454	80001364	0157b6d3	fadd.s	f13,f15,f21	 f15:0x7fc00000 f21:0x00000000 f13=0x7fc00000
      54575.000 ns	      5456	80001368	40a5dd13	srai	x26,x11,0xa	 x11:0x00000000 x26=0x00000000
      54595.000 ns	      5458	8000136c	e00c1cd3	fclass.s	x25,f24	 f24:0x7fc00000 x25=0x00000200
      54625.000 ns	      5461	80001370	20611e53	fsgnjn.s	f28,f2,f6	  f2:0x4f7fffff  f6:0x80000000 f28=0x4f7fffff
      54655.000 ns	      5464	80001374	e00e0fd3	fmv.x.w	x31,f28	 f28:0x00000e58 x31=0x4f7fffff
      55025.000 ns	      5501	80001378	03c255b3	divu	x11,x4,x28	  x4:0x00019009 x28:0x80041024 x11=0x00000000
      55055.000 ns	      5504	8000137c	a18fa6d3	feq.s	x13,f31,f24	 f31:0x4f7f8000 f24:0x7fc00000 x13=0x00000000
      55075.000 ns	      5506	80001380	007d5233	srl	x4,x26,x7	 x26:0x00000000  x7:0x80000000  x4=0x00000000
      55115.000 ns	      5510	80001384	00e4a053	fadd.s	f0,f9,f14	  f9:0x00000000 f14:0xff800000  f0=0xff800000
      55485.000 ns	      5547	80001388	03415433	divu	x8,x2,x20	  x2:0x8000072c x20:0xc6d05000  x8=0x00000000
      55505.000 ns	      5549	8000138c	01d50333	add	x6,x10,x29	 x10:0x00000000 x29:0x00000000  x6=0x00000000
      55515.000 ns	      5550	80001390	01ce3733	sltu	x14,x28,x28	 x28:0x80041024 x28:0x80041024 x14=0x00000000
      55525.000 ns	      5551	80001394	8aae7d13	andi	x26,x28,-1878	 x28:0x80041024 x26=0x80041020
      55545.000 ns	      5553	80001398	21771dd3	fsgnjn.s	f27,f14,f23	 f14:0xff800000 f23:0x4f7fffff f27=0xff800000
      55575.000 ns	      5556	8000139c	a0d79953	flt.s	x18,f15,f13	 f15:0x7fc00000 f13:0x7fc00000 x18=0x00000000
      55605.000 ns	      5559	800013a0	d008cad3	fcvt.s.w	f21,x17	 x17:0x80040fe4 f21=0xcefff7e0
      55625.000 ns	      5561	800013a4	d706e413	ori	x8,x13,-656	 x13:0x00000000  x8=0xfffffd70
      55635.000 ns	      5562	800013a8	4051d7b3	sra	x15,x3,x5	  x3:0x00000040  x5:0x00000000 x15=0x00000040
      55655.000 ns	      5564	800013ac	d01e7ad3	fcvt.s.wu	f21,x28	 x28:0x80041024 f21=0x4f000410
      55685.000 ns	      5567	800013b0	a0dc80d3	fle.s	x1,f25,f13	 f25:0x7fc00000 f13:0x7fc00000  x1=0x00000000
      55715.000 ns	      5570	800013b4	029c2033	mulhsu	x0,x24,x9	 x24:0x00000001  x9:0x00000008
      55735.000 ns	      5572	800013b8	008a1b33	sll	x22,x20,x8	 x20:0xc6d05000  x8:0xfffffd70 x22=0x50000000
      55745.000 ns	      5573	800013bc	5501b737	lui	x14,0x5501b	 x14=0x5501b000
      55765.000 ns	      5575	800013c0	c010fa53	fcvt.wu.s	x20,f1	  f1:0x00000000 x20=0x00000000
      55795.000 ns	      5578	800013c4	0268d233	divu	x4,x17,x6	 x17:0x80040fe4  x6:0x00000000  x4=0xffffffff
      55825.000 ns	      5581	800013c8	f00388d3	fmv.w.x	f17,x7	  x7:0x80000000 f17=0x80000000
      56195.000 ns	      5618	800013cc	02237233	remu	x4,x6,x2	  x6:0x00000000  x2:0x8000072c  x4=0x00000000
      56225.000 ns	      5621	800013d0	c00994d3	fcvt.w.s	x9,f19	 f19:0x80000000  x9=0x00000000
      56245.000 ns	      5623	800013d4	00991db3	sll	x27,x18,x9	 x18:0x00000000  x9:0x00000008 x27=0x00000000
      56265.000 ns	      5625	800013d8	21d9a9d3	fsgnjx.s	f19,f19,f29	 f19:0x80000000 f29:0x4f7fffff f19=0x80000000
      56285.000 ns	      5627	800013dc	0027d9b3	srl	x19,x15,x2	 x15:0x00000040  x2:0x8000072c x19=0x00000000
      56305.000 ns	      5629	800013e0	a0a60453	fle.s	x8,f12,f10	 f12:0x80000000 f10:0x8000072c  x8=0x00000000
      56335.000 ns	      5632	800013e4	d012f353	fcvt.s.wu	f6,x5	  x5:0x00000000  f6=0x00000000
      56355.000 ns	      5634	800013e8	41728333	sub	x6,x5,x23	  x5:0x00000000 x23:0x00000000  x6=0x00000000
      56375.000 ns	      5636	800013ec	297f9dd3	fmax.s	f27,f31,f23	 f31:0x4f7f8000 f23:0x4f7fffff f27=0x4f7fffff
      56405.000 ns	      5639	800013f0	c007f853	fcvt.w.s	x16,f15	 f15:0x7fc00000 x16=0x7fffffff
      56445.000 ns	      5643	800013f4	19468353	fdiv.s	f6,f13,f20	 f13:0x7fc00000 f20:0x80000000  f6=0x7fc00000
      56465.000 ns	      5645	800013f8	f033ba97	auipc	x21,0xf033b	 x21=0x7033c3f8
      56485.000 ns	      5647	800013fc	026a52b3	divu	x5,x20,x6	 x20:0x00000000  x6:0x00000000  x5=0xffffffff
      56505.000 ns	      5649	80001400	00000013	addi	x0,x0,0	  x0:0x00000000
      56515.000 ns	      5650	80001404	015796b3	sll	x13,x15,x21	 x15:0x00000040 x21:0x7033c3f8 x13=0x40000000
      56535.000 ns	      5652	80001408	03230a33	mul	x20,x6,x18	  x6:0x00000000 x18:0x00000000 x20=0x00000000
      56585.000 ns	      5657	8000140c	0045f053	fadd.s	f0,f11,f4	 f11:0x0000072c  f4:0x0000072c  f0=0x00000e58
      56605.000 ns	      5659	80001410	6f20ca93	xori	x21,x1,1778	  x1:0x00000000 x21=0x000006f2
      56625.000 ns	      5661	80001414	21391cd3	fsgnjn.s	f25,f18,f19	 f18:0x7f800000 f19:0x80000000 f25=0x7f800000
      56655.000 ns	      5664	80001418	f00b87d3	fmv.w.x	f15,x23	 x23:0x00000000 f15=0x00000000
      56685.000 ns	      5667	8000141c	e00f07d3	fmv.x.w	x15,f30	 f30:0x7f800000 x15=0x7f800000
      56705.000 ns	      5669	80001420	01a11033	sll	x0,x2,x26	  x2:0x8000072c x26:0x80041020
      56745.000 ns	      5673	80001424	017241d3	fadd.s	f3,f4,f23	  f4:0x0000072c f23:0x4f7fffff  f3=0x4f7fffff
      56765.000 ns	      5675	80001428	4a8ccb93	xori	x23,x25,1192	 x25:0x00000200 x23=0x000006a8
      57125.000 ns	      5711	8000142c	039d6c33	rem	x24,x26,x25	 x26:0x80041020 x25:0x00000200 x24=0xfffffe20
      57145.000 ns	      5713	80001430	00f22d33	slt	x26,x4,x15	  x4:0x00000000 x15:0x7f800000 x26=0x00000001
      57155.000 ns	      5714	80001434	002b1d33	sll	x26,x22,x2	 x22:0x50000000  x2:0x8000072c x26=0x00000000
      57195.000 ns	      5718	80001438	007bf7d3	fadd.s	f15,f23,f7	 f23:0x4f7fffff  f7:0x8000072c f15=0x4f7fffff
      57215.000 ns	      5720	8000143c	8ace6b13	ori	x22,x28,-1876	 x28:0x80041024 x22=0xfffff8ac
      57255.000 ns	      5724	80001440	01edfd53	fadd.s	f26,f27,f30	 f27:0x4f7fffff f30:0x7f800000 f26=0x7f800000
      57285.000 ns	      5727	80001444	f00902d3	fmv.w.x	f5,x18	 x18:0x00000000  f5=0x00000000
      57305.000 ns	      5729	80001448	47d3bc93	sltiu	x25,x7,1149	  x7:0x80000000 x25=0x00000000
      57345.000 ns	      5733	8000144c	013f4b53	fadd.s	f22,f30,f19	 f30:0x7f800000 f19:0x80000000 f22=0x7f800000
      57375.000 ns	      5736	80001450	e00119d3	fclass.s	x19,f2	  f2:0x4f7fffff x19=0x00000040
      57405.000 ns	      5739	80001454	d01cbfd3	fcvt.s.wu	f31,x25	 x25:0x00000000 f31=0x00000000
      57425.000 ns	      5741	80001458	de0e6713	ori	x14,x28,-544	 x28:0x80041024 x14=0xfffffde4
      57445.000 ns	      5743	8000145c	f00684d3	fmv.w.x	f9,x13	 x13:0x40000000  f9=0x40000000
      57475.000 ns	      5746	80001460	c01af653	fcvt.wu.s	x12,f21	 f21:0x4f000410 x12=0x80041000
      57495.000 ns	      5748	80001464	41260bb3	sub	x23,x12,x18	 x12:0x20000000 x18:0x00000000 x23=0x80041000
      57515.000 ns	      5750	80001468	e00d96d3	fclass.s	x13,f27	 f27:0x4f7fffff x13=0x00000040
      57545.000 ns	      5753	8000146c	03772133	mulhsu	x2,x14,x23	 x14:0xfffffde4 x23:0x000006a8  x2=0xfffffef1
      57565.000 ns	      5755	80001470	40585993	srai	x19,x16,0x5	 x16:0x7fffffff x19=0x03ffffff
      57595.000 ns	      5758	80001474	11c5f8d3	fmul.s	f17,f11,f28	 f11:0x0000072c f28:0x4f7fffff f17=0x0a658000
      57615.000 ns	      5760	80001478	00193a33	sltu	x20,x18,x1	 x18:0x00000000  x1:0x00000000 x20=0x00000000
      57625.000 ns	      5761	8000147c	41b3d6b3	sra	x13,x7,x27	  x7:0x80000000 x27:0x00000000 x13=0x80000000
      57655.000 ns	      5764	80001480	580607d3	fsqrt.s	f15,f12	 f12:0x80000000 f15=0x80000000
      57675.000 ns	      5766	80001484	f5f1ad93	slti	x27,x3,-161	  x3:0x00000040 x27=0x00000000
      57695.000 ns	      5768	80001488	03aa94b3	mulh	x9,x21,x26	 x21:0x000006f2 x26:0x00000000  x9=0x00000000
      57715.000 ns	      5770	8000148c	fda44593	xori	x11,x8,-38	  x8:0x00000000 x11=0xffffffda
      57735.000 ns	      5772	80001490	039ac633	div	x12,x21,x25	 x21:0x000006f2 x25:0x00000000 x12=0xffffffff
      57755.000 ns	      5774	80001494	409c5713	srai	x14,x24,0x9	 x24:0xfffffe20 x14=0xffffffff
      57775.000 ns	      5776	80001498	28871053	fmax.s	f0,f14,f8	 f14:0xff800000  f8:0x40000000  f0=0x40000000
      57795.000 ns	      5778	8000149c	ad4c25b7	lui	x11,0xad4c2	 x11=0xad4c2000
      57805.000 ns	      5779	800014a0	00000013	addi	x0,x0,0	  x0:0x00000000
      57825.000 ns	      5781	800014a4	c007fc53	fcvt.w.s	x24,f15	 f15:0x80000000 x24=0x00000000
      57855.000 ns	      5784	800014a8	02e5a933	mulhsu	x18,x11,x14	 x11:0xad4c2000 x14:0xffffffff x18=0xad4c2000
      57885.000 ns	      5787	800014ac	21771b53	fsgnjn.s	f22,f14,f23	 f14:0xff800000 f23:0x4f7fffff f22=0xff800000
      57915.000 ns	      5790	800014b0	e0031653	fclass.s	x12,f6	  f6:0x7fc00000 x12=0x00000200
      57955.000 ns	      5794	800014b4	1867ab53	fdiv.s	f22,f15,f6	 f15:0x80000000  f6:0x7fc00000 f22=0x7fc00000
      57975.000 ns	      5796	800014b8	00000013	addi	x0,x0,0	  x0:0x00000000
      58005.000 ns	      5799	800014bc	18867c53	fdiv.s	f24,f12,f8	 f12:0x80000000  f8:0x40000000 f24=0x80000000
      58375.000 ns	      5836	800014c0	030c7ab3	remu	x21,x24,x16	 x24:0x00000000 x16:0x7fffffff x21=0x00000000
      58395.000 ns	      5838	800014c4	236aab93	slti	x23,x21,566	 x21:0x000006f2 x23=0x00000001
      58405.000 ns	      5839	800014c8	4fa79db7	lui	x27,0x4fa79	 x27=0x4fa79000
      58415.000 ns	      5840	800014cc	01e6d133	srl	x2,x13,x30	 x13:0x80000000 x30:0x00000005  x2=0x04000000
      58435.000 ns	      5842	800014d0	20812553	fsgnjx.s	f10,f2,f8	  f2:0x4f7fffff  f8:0x40000000 f10=0x4f7fffff
      58455.000 ns	      5844	800014d4	01e66c33	or	x24,x12,x30	 x12:0x00000200 x30:0x00000005 x24=0x00000205
      58475.000 ns	      5846	800014d8	28e20ad3	fmin.s	f21,f4,f14	  f4:0x0000072c f14:0xff800000 f21=0xff800000
      58495.000 ns	      5848	800014dc	19e97113	andi	x2,x18,414	 x18:0xad4c2000  x2=0x00000000
      58505.000 ns	      5849	800014e0	16238617	auipc	x12,0x16238	 x12=0x962394e0
      58515.000 ns	      5850	800014e4	400cd793	srai	x15,x25,0x0	 x25:0x00000000 x15=0x00000000
      58535.000 ns	      5852	800014e8	d00c7e53	fcvt.s.w	f28,x24	 x24:0x00000205 f28=0x44014000
      58555.000 ns	      5854	800014ec	305fe797	auipc	x15,0x305fe	 x15=0xb05ff4ec
      58575.000 ns	      5856	800014f0	e0048b53	fmv.x.w	x22,f9	  f9:0x40000000 x22=0x40000000
      58595.000 ns	      5858	800014f4	009f4533	xor	x10,x30,x9	 x30:0x00000005  x9:0x00000000 x10=0x00000005
      58615.000 ns	      5860	800014f8	2074a8d3	fsgnjx.s	f17,f9,f7	  f9:0x40000000  f7:0x8000072c f17=0xc0000000
      58985.000 ns	      5897	800014fc	02be7fb3	remu	x31,x28,x11	 x28:0x80041024 x11:0xad4c2000 x31=0x80041024
      59015.000 ns	      5900	80001500	29330bd3	fmin.s	f23,f6,f19	  f6:0x7fc00000 f19:0x80000000 f23=0x80000000
      59035.000 ns	      5902	80001504	00655913	srli	x18,x10,0x6	 x10:0x00000005 x18=0x00000000
      59045.000 ns	      5903	80001508	00ed31b3	sltu	x3,x26,x14	 x26:0x00000000 x14:0xffffffff  x3=0x00000001
      59065.000 ns	      5905	8000150c	d004f953	fcvt.s.w	f18,x9	  x9:0x00000000 f18=0x00000000
      59105.000 ns	      5909	80001510	580a0ad3	fsqrt.s	f21,f20	 f20:0x80000000 f21=0x80000000
      59135.000 ns	      5912	80001514	280d82d3	fmin.s	f5,f27,f0	 f27:0x4f7fffff  f0:0x40000000  f5=0x40000000
      59165.000 ns	      5915	80001518	d009c153	fcvt.s.w	f2,x19	 x19:0x03ffffff  f2=0x4c800000
      59185.000 ns	      5917	8000151c	00000013	addi	x0,x0,0	  x0:0x00000000
      59205.000 ns	      5919	80001520	d005c9d3	fcvt.s.w	f19,x11	 x11:0xad4c2000 f19=0xcea567c0
      59225.000 ns	      5921	80001524	00ecdb93	srli	x23,x25,0xe	 x25:0x00000000 x23=0x00000000
      59235.000 ns	      5922	80001528	80b7fb93	andi	x23,x15,-2037	 x15:0xb05ff4ec x23=0xb05ff008
      59255.000 ns	      5924	8000152c	2079ab53	fsgnjx.s	f22,f19,f7	 f19:0xcea567c0  f7:0x8000072c f22=0x4ea567c0
      59275.000 ns	      5926	80001530	33177d17	auipc	x26,0x33177	 x26=0xb3178530
      59295.000 ns	      5928	80001534	f00a00d3	fmv.w.x	f1,x20	 x20:0x00000000  f1=0x00000000
      59325.000 ns	      5931	80001538	0398e533	rem	x10,x17,x25	 x17:0x80040fe4 x25:0x00000000 x10=0x80040fe4
      59345.000 ns	      5933	8000153c	3b40fb93	andi	x23,x1,948	  x1:0x00000000 x23=0x00000000
      59355.000 ns	      5934	80001540	b9df2793	slti	x15,x30,-1123	 x30:0x00000005 x15=0x00000000
      59375.000 ns	      5936	80001544	21c18b53	fsgnj.s	f22,f3,f28	  f3:0x4f7fffff f28:0x44014000 f22=0x4f7fffff
      59395.000 ns	      5938	80001548	01435eb3	srl	x29,x6,x20	  x6:0x00000000 x20:0x00000000 x29=0x00000000
      59405.000 ns	      5939	8000154c	00cf81b3	add	x3,x31,x12	 x31:0x80041024 x12:0x962394e0  x3=0x1627a504
      59415.000 ns	      5940	80001550	40445c33	sra	x24,x8,x4	  x8:0x00000000  x4:0x00000000 x24=0x00000000
      59425.000 ns	      5941	80001554	001a7933	and	x18,x20,x1	 x20:0x00000000  x1:0x00000000 x18=0x00000000
      59445.000 ns	      5943	80001558	02fc3833	mulhu	x16,x24,x15	 x24:0x00000205 x15:0x00000000 x16=0x00000000
      59475.000 ns	      5946	8000155c	035959b3	divu	x19,x18,x21	 x18:0x00000000 x21:0x00000000 x19=0xffffffff
      59505.000 ns	      5949	80001560	a17dacd3	feq.s	x25,f27,f23	 f27:0x4f7fffff f23:0x80000000 x25=0x00000000
      59525.000 ns	      5951	80001564	0d240d93	addi	x27,x8,210	  x8:0x00000000 x27=0x000000d2
      59545.000 ns	      5953	80001568	c00df353	fcvt.w.s	x6,f27	 f27:0x4f7fffff  x6=0x7fffffff
      59565.000 ns	      5955	8000156c	1553aa13	slti	x20,x7,341	  x7:0x80000000 x20=0x00000001
      59925.000 ns	      5991	80001570	02a7e033	rem	x0,x15,x10	 x15:0x00000000 x10:0x80040fe4
      59945.000 ns	      5993	80001574	016a2333	slt	x6,x20,x22	 x20:0x00000000 x22:0x40000000  x6=0x00000001
      60305.000 ns	      6029	80001578	03aefdb3	remu	x27,x29,x26	 x29:0x00000000 x26:0xb3178530 x27=0x00000000
      60325.000 ns	      6031	8000157c	a0e9de97	auipc	x29,0xa0e9d	 x29=0x20e9e57c
      60345.000 ns	      6033	80001580	03b89133	mulh	x2,x17,x27	 x17:0x80040fe4 x27:0x00000000  x2=0x00000000
      60365.000 ns	      6035	80001584	006f6293	ori	x5,x30,6	 x30:0x00000005  x5=0x00000007
      60375.000 ns	      6036	80001588	785a8213	addi	x4,x21,1925	 x21:0x00000000  x4=0x00000785
      60385.000 ns	      6037	8000158c	cb377b37	lui	x22,0xcb377	 x22=0xcb377000
      60425.000 ns	      6041	80001590	084ffc53	fsub.s	f24,f31,f4	 f31:0x00000000  f4:0x0000072c f24=0x8000072c
      60455.000 ns	      6044	80001594	299805d3	fmin.s	f11,f16,f25	 f16:0x4f7f8000 f25:0x7f800000 f11=0x4f7f8000
      60475.000 ns	      6046	80001598	0130fb33	and	x22,x1,x19	  x1:0x00000000 x19:0xffffffff x22=0x00000000
      60485.000 ns	      6047	8000159c	945f6013	ori	x0,x30,-1723	 x30:0x00000005
      60845.000 ns	      6083	800015a0	03c4d3b3	divu	x7,x9,x28	  x9:0x00000000 x28:0x80041024  x7=0x00000000
      60875.000 ns	      6086	800015a4	e0069553	fclass.s	x10,f13	 f13:0x7fc00000 x10=0x00000200
      60905.000 ns	      6089	800015a8	039352b3	divu	x5,x6,x25	  x6:0x00000001 x25:0x00000000  x5=0xffffffff
      60925.000 ns	      6091	800015ac	017f0bb3	add	x23,x30,x23	 x30:0x00000005 x23:0x00000000 x23=0x00000005
      60935.000 ns	      6092	800015b0	6a586f93	ori	x31,x16,1701	 x16:0x00000000 x31=0x000006a5
      60955.000 ns	      6094	800015b4	e00d0ad3	fmv.x.w	x21,f26	 f26:0x7f800000 x21=0x7f800000
      60995.000 ns	      6098	800015b8	116af053	fmul.s	f0,f21,f22	 f21:0x80000000 f22:0x4f7fffff  f0=0x80000000
      61015.000 ns	      6100	800015bc	418f5633	sra	x12,x30,x24	 x30:0x00000005 x24:0x00000000 x12=0x00000005
      61035.000 ns	      6102	800015c0	d00e7153	fcvt.s.w	f2,x28	 x28:0x80041024  f2=0xcefff7df
      61055.000 ns	      6104	800015c4	6f29fc93	andi	x25,x19,1778	 x19:0xffffffff x25=0x000006f2
      61075.000 ns	      6106	800015c8	0389a2b3	mulhsu	x5,x19,x24	 x19:0xffffffff x24:0x00000000  x5=0x00000000
      61095.000 ns	      6108	800015cc	00000013	addi	x0,x0,0	  x0:0x00000000
      61115.000 ns	      6110	800015d0	29f79253	fmax.s	f4,f15,f31	 f15:0x80000000 f31:0x00000000  f4=0x00000000
      61165.000 ns	      6115	800015d4	09e6f753	fsub.s	f14,f13,f30	 f13:0x7fc00000 f30:0x7f800000 f14=0x7fc00000
      61185.000 ns	      6117	800015d8	40add913	srai	x18,x27,0xa	 x27:0x00000000 x18=0x00000000
      61195.000 ns	      6118	800015dc	01b385b3	add	x11,x7,x27	  x7:0x00000000 x27:0x00000000 x11=0x00000000
      61215.000 ns	      6120	800015e0	d013f653	fcvt.s.wu	f12,x7	  x7:0x00000000 f12=0x00000000
      61235.000 ns	      6122	800015e4	00000013	addi	x0,x0,0	  x0:0x00000000
      61255.000 ns	      6124	800015e8	03b95cb3	divu	x25,x18,x27	 x18:0x00000000 x27:0x00000000 x25=0xffffffff
      61285.000 ns	      6127	800015ec	20272253	fsgnjx.s	f4,f14,f2	 f14:0x7fc00000  f2:0xcefff7df  f4=0xffc00000
      61305.000 ns	      6129	800015f0	60cd0193	addi	x3,x26,1548	 x26:0xb3178530  x3=0xb3178b3c
      61665.000 ns	      6165	800015f4	039646b3	div	x13,x12,x25	 x12:0x00000005 x25:0xffffffff x13=0xfffffffb
      61685.000 ns	      6167	800015f8	015ae0b3	or	x1,x21,x21	 x21:0x7f800000 x21:0x7f800000  x1=0x7f800000
      61705.000 ns	      6169	800015fc	28b70053	fmin.s	f0,f14,f11	 f14:0x7fc00000 f11:0x4f7f8000  f0=0x4f7f8000
      61725.000 ns	      6171	80001600	418bda33	sra	x20,x23,x24	 x23:0x00000005 x24:0x00000000 x20=0x00000005
      61735.000 ns	      6172	80001604	4b1a8d13	addi	x26,x21,1201	 x21:0x7f800000 x26=0x7f8004b1
      61755.000 ns	      6174	80001608	29791753	fmax.s	f14,f18,f23	 f18:0x00000000 f23:0x80000000 f14=0x00000000
      61775.000 ns	      6176	8000160c	41ccdd33	sra	x26,x25,x28	 x25:0xffffffff x28:0x80041024 x26=0xffffffff
      62105.000 ns	      6209	80001610	183e4e53	fdiv.s	f28,f28,f3	 f28:0x44014000  f3:0x4f7fffff f28=0x34014000
      62125.000 ns	      6211	80001614	39f5fe93	andi	x29,x11,927	 x11:0x00000000 x29=0x00000000
      62145.000 ns	      6213	80001618	29050ed3	fmin.s	f29,f10,f16	 f10:0x4f7fffff f16:0x4f7f8000 f29=0x4f7f8000
      62175.000 ns	      6216	8000161c	e00a0ad3	fmv.x.w	x21,f20	 f20:0x80000000 x21=0x80000000
      62195.000 ns	      6218	80001620	004710b3	sll	x1,x14,x4	 x14:0xffffffff  x4:0x00000785  x1=0xffffffe0
      62205.000 ns	      6219	80001624	00759693	slli	x13,x11,0x7	 x11:0x00000000 x13=0x00000000
      62225.000 ns	      6221	80001628	02f4ecb3	rem	x25,x9,x15	  x9:0x00000000 x15:0x00000000 x25=0x00000000
      62255.000 ns	      6224	8000162c	a0042c53	feq.s	x24,f8,f0	  f8:0x40000000  f0:0x4f7f8000 x24=0x00000000
      62285.000 ns	      6227	80001630	024e9b33	mulh	x22,x29,x4	 x29:0x00000000  x4:0x00000785 x22=0x00000000
      62325.000 ns	      6231	80001634	106df753	fmul.s	f14,f27,f6	 f27:0x4f7fffff  f6:0x7fc00000 f14=0x7fc00000
      62345.000 ns	      6233	80001638	00000013	addi	x0,x0,0	  x0:0x00000000
      62355.000 ns	      6234	8000163c	3ecf2813	slti	x16,x30,1004	 x30:0x00000005 x16=0x00000001
      62365.000 ns	      6235	80001640	011b5993	srli	x19,x22,0x11	 x22:0x00000000 x19=0x00000000
      62385.000 ns	      6237	80001644	c01bc553	fcvt.wu.s	x10,f23	 f23:0x80000000 x10=0x00000000
      62415.000 ns	      6240	80001648	21f6abd3	fsgnjx.s	f23,f13,f31	 f13:0x7fc00000 f31:0x00000000 f23=0x7fc00000
      62445.000 ns	      6243	8000164c	a1179ed3	flt.s	x29,f15,f17	 f15:0x80000000 f17:0xc0000000 x29=0x00000000
      62475.000 ns	      6246	80001650	c0177fd3	fcvt.wu.s	x31,f14	 f14:0x7fc00000 x31=0xffffffff
      62495.000 ns	      6248	80001654	1ba3ab93	slti	x23,x7,442	  x7:0x00000000 x23=0x00000001
      62515.000 ns	      6250	80001658	21d821d3	fsgnjx.s	f3,f16,f29	 f16:0x4f7f8000 f29:0x4f7f8000  f3=0x4f7f8000
      62545.000 ns	      6253	8000165c	e0038ad3	fmv.x.w	x21,f7	  f7:0x8000072c x21=0x8000072c
      62565.000 ns	      6255	80001660	40e65c33	sra	x24,x12,x14	 x12:0x00000005 x14:0xffffffff x24=0x00000000
      62575.000 ns	      6256	80001664	004ae5b3	or	x11,x21,x4	 x21:0x8000072c  x4:0x00000785 x11=0x800007ad
      62585.000 ns	      6257	80001668	0136c533	xor	x10,x13,x19	 x13:0x00000000 x19:0x00000000 x10=0x00000000
      62605.000 ns	      6259	8000166c	29b698d3	fmax.s	f17,f13,f27	 f13:0x7fc00000 f27:0x4f7fffff f17=0x4f7fffff
      62625.000 ns	      6261	80001670	3a88e3b7	lui	x7,0x3a88e	  x7=0x3a88e000
      62665.000 ns	      6265	80001674	097f73d3	fsub.s	f7,f30,f23	 f30:0x7f800000 f23:0x7fc00000  f7=0x7fc00000
      62685.000 ns	      6267	80001678	c0bef013	andi	x0,x29,-1013	 x29:0x00000000
      62695.000 ns	      6268	8000167c	003b5313	srli	x6,x22,0x3	 x22:0x00000000  x6=0x00000000
      62705.000 ns	      6269	80001680	0197df93	srli	x31,x15,0x19	 x15:0x00000000 x31=0x00000000
      62725.000 ns	      6271	80001684	a1ab8153	fle.s	x2,f23,f26	 f23:0x7fc00000 f26:0x7f800000  x2=0x00000000
      63095.000 ns	      6308	80001688	031f5933	divu	x18,x30,x17	 x30:0x00000005 x17:0x80040fe4 x18=0x00000000
      63115.000 ns	      6310	8000168c	00000013	addi	x0,x0,0	  x0:0x00000000
      63125.000 ns	      6311	80001690	00c69093	slli	x1,x13,0xc	 x13:0x00000000  x1=0x00000000
      63145.000 ns	      6313	80001694	20ce1cd3	fsgnjn.s	f25,f28,f12	 f28:0x34014000 f12:0x00000000 f25=0xb4014000
      63165.000 ns	      6315	80001698	006a2033	slt	x0,x20,x6	 x20:0x00000005  x6:0x00000000
      63175.000 ns	      6316	8000169c	41a181b3	sub	x3,x3,x26	  x3:0xb3178b3c x26:0xffffffff  x3=0xb3178b3d
      63195.000 ns	      6318	800016a0	289898d3	fmax.s	f17,f17,f9	 f17:0x4f7fffff  f9:0x40000000 f17=0x4f7fffff
      63225.000 ns	      6321	800016a4	c001ffd3	fcvt.w.s	x31,f3	  f3:0x4f7f8000 x31=0x7fffffff
      63245.000 ns	      6323	800016a8	800dd437	lui	x8,0x800dd	  x8=0x800dd000
      63255.000 ns	      6324	800016ac	009004b3	add	x9,x0,x9	  x0:0x00000000  x9:0x00000000  x9=0x00000000
      63265.000 ns	      6325	800016b0	53097f93	andi	x31,x18,1328	 x18:0x00000000 x31=0x00000000
      63285.000 ns	      6327	800016b4	a08e1ed3	flt.s	x29,f28,f8	 f28:0x34014000  f8:0x40000000 x29=0x00000001
      63315.000 ns	      6330	800016b8	02e68d33	mul	x26,x13,x14	 x13:0x00000000 x14:0xffffffff x26=0x00000000
      63335.000 ns	      6332	800016bc	41ead833	sra	x16,x21,x30	 x21:0x8000072c x30:0x00000005 x16=0xfc000039
      63345.000 ns	      6333	800016c0	005b5393	srli	x7,x22,0x5	 x22:0x00000000  x7=0x00000000
      63355.000 ns	      6334	800016c4	4a639b37	lui	x22,0x4a639	 x22=0x4a639000
      63375.000 ns	      6336	800016c8	03d82fb3	mulhsu	x31,x16,x29	 x16:0xfc000039 x29:0x00000001 x31=0xffffffff
      63395.000 ns	      6338	800016cc	019505b3	add	x11,x10,x25	 x10:0x00000000 x25:0x00000000 x11=0x00000000
      63405.000 ns	      6339	800016d0	41cd8393	addi	x7,x27,1052	 x27:0x00000000  x7=0x0000041c
      63425.000 ns	      6341	800016d4	e0091053	fclass.s	x0,f18	 f18:0x00000000
      63455.000 ns	      6344	800016d8	d01f38d3	fcvt.s.wu	f17,x30	 x30:0x00000005 f17=0x40a00000
      63475.000 ns	      6346	800016dc	3a2ecf93	xori	x31,x29,930	 x29:0x00000001 x31=0x000003a3
      63485.000 ns	      6347	800016e0	010d94b3	sll	x9,x27,x16	 x27:0x00000000 x16:0xfc000039  x9=0x00000000
      63505.000 ns	      6349	800016e4	c01303d3	fcvt.wu.s	x7,f6	  f6:0x7fc00000  x7=0xffffffff
      63525.000 ns	      6351	800016e8	013477b3	and	x15,x8,x19	  x8:0x800dd000 x19:0x00000000 x15=0x00000000
      63535.000 ns	      6352	800016ec	01262eb3	slt	x29,x12,x18	 x12:0x00000005 x18:0x00000000 x29=0x00000000
      63545.000 ns	      6353	800016f0	000dca33	xor	x20,x27,x0	 x27:0x00000000  x0:0x00000000 x20=0x00000000
      63555.000 ns	      6354	800016f4	40b006b3	sub	x13,x0,x11	  x0:0x00000000 x11:0x00000000 x13=0x00000000
      63575.000 ns	      6356	800016f8	a12c87d3	fle.s	x15,f25,f18	 f25:0xb4014000 f18:0x00000000 x15=0x00000001
      63595.000 ns	      6358	800016fc	ebe21517	auipc	x10,0xebe21	 x10=0x6be226fc
      63615.000 ns	      6360	80001700	d006f2d3	fcvt.s.w	f5,x13	 x13:0x00000000  f5=0x00000000
      63645.000 ns	      6363	80001704	e00f8953	fmv.x.w	x18,f31	 f31:0x00000000 x18=0x00000000
      63675.000 ns	      6366	80001708	c00f0dd3	fcvt.w.s	x27,f30	 f30:0x7f800000 x27=0x7fffffff
      63725.000 ns	      6371	8000170c	0808cc53	fsub.s	f24,f17,f0	 f17:0x40a00000  f0:0x4f7f8000 f24=0xcf7f8000
      63775.000 ns	      6376	80001710	09731353	fsub.s	f6,f6,f23	  f6:0x7fc00000 f23:0x7fc00000  f6=0x7fc00000
      63805.000 ns	      6379	80001714	f00d0653	fmv.w.x	f12,x26	 x26:0x00000000 f12=0x00000000
      63825.000 ns	      6381	80001718	14762597	auipc	x11,0x14762	 x11=0x94763718
      63835.000 ns	      6382	8000171c	0120c933	xor	x18,x1,x18	  x1:0x00000000 x18:0x00000000 x18=0x00000000
      63845.000 ns	      6383	80001720	e6e97613	andi	x12,x18,-402	 x18:0x00000000 x12=0x00000000
      63865.000 ns	      6385	80001724	032242b3	div	x5,x4,x18	  x4:0x00000785 x18:0x00000000  x5=0xffffffff
      63895.000 ns	      6388	80001728	03040433	mul	x8,x8,x16	  x8:0x800dd000 x16:0xfc000039  x8=0x83135000
      63925.000 ns	      6391	8000172c	03ab9933	mulh	x18,x23,x26	 x23:0x00000001 x26:0x00000000 x18=0x00000000
      63955.000 ns	      6394	80001730	c01b95d3	fcvt.wu.s	x11,f23	 f23:0x7fc00000 x11=0xffffffff
      64325.000 ns	      6431	80001734	0280d333	divu	x6,x1,x8	  x1:0x00000000  x8:0x83135000  x6=0x00000000
      64365.000 ns	      6435	80001738	58023f53	fsqrt.s	f30,f4	  f4:0xffc00000 f30=0x7fc00000
      64385.000 ns	      6437	8000173c	41095433	sra	x8,x18,x16	 x18:0x00000000 x16:0xfc000039  x8=0x00000000
      64405.000 ns	      6439	80001740	a0838ad3	fle.s	x21,f7,f8	  f7:0x7fc00000  f8:0x40000000 x21=0x00000000
      64425.000 ns	      6441	80001744	0197b0b3	sltu	x1,x15,x25	 x15:0x00000001 x25:0x00000000  x1=0x00000000
      64755.000 ns	      6474	80001748	19bdce53	fdiv.s	f28,f27,f27	 f27:0x4f7fffff f27:0x4f7fffff f28=0x3f800000
      64775.000 ns	      6476	8000174c	00000013	addi	x0,x0,0	  x0:0x00000000
      64805.000 ns	      6479	80001750	112673d3	fmul.s	f7,f12,f18	 f12:0x00000000 f18:0x00000000  f7=0x00000000
      64835.000 ns	      6482	80001754	2118a8d3	fsgnjx.s	f17,f17,f17	 f17:0x40a00000 f17:0x40a00000 f17=0x40a00000
      64865.000 ns	      6485	80001758	295a05d3	fmin.s	f11,f20,f21	 f20:0x80000000 f21:0x80000000 f11=0x80000000
      64895.000 ns	      6488	8000175c	a02129d3	feq.s	x19,f2,f2	  f2:0xcefff7df  f2:0xcefff7df x19=0x00000001
      65265.000 ns	      6525	80001760	03b25fb3	divu	x31,x4,x27	  x4:0x00000785 x27:0x7fffffff x31=0x00000000
      65285.000 ns	      6527	80001764	ce463a93	sltiu	x21,x12,-796	 x12:0x00000000 x21=0x00000001
      65295.000 ns	      6528	80001768	a793c637	lui	x12,0xa793c	 x12=0xa793c000
      65315.000 ns	      6530	8000176c	e00a05d3	fmv.x.w	x11,f20	 f20:0x80000000 x11=0x80000000
      65345.000 ns	      6533	80001770	a1588ad3	fle.s	x21,f17,f21	 f17:0x40a00000 f21:0x80000000 x21=0x00000000
      65375.000 ns	      6536	80001774	29510153	fmin.s	f2,f2,f21	  f2:0xcefff7df f21:0x80000000  f2=0xcefff7df
      65405.000 ns	      6539	80001778	c016fdd3	fcvt.wu.s	x27,f13	 f13:0x7fc00000 x27=0xffffffff
      65425.000 ns	      6541	8000177c	017ae933	or	x18,x21,x23	 x21:0x00000000 x23:0x00000001 x18=0x00000001
      65445.000 ns	      6543	80001780	d004f9d3	fcvt.s.w	f19,x9	  x9:0x00000000 f19=0x00000000
      65465.000 ns	      6545	80001784	1e5ba713	slti	x14,x23,485	 x23:0x00000001 x14=0x00000001
      65505.000 ns	      6549	80001788	01cb7cd3	fadd.s	f25,f22,f28	 f22:0x4f7fffff f28:0x3f800000 f25=0x4f7fffff
      65525.000 ns	      6551	8000178c	01fdf3b3	and	x7,x27,x31	 x27:0xffffffff x31:0x00000000  x7=0x00000000
      65535.000 ns	      6552	80001790	01a6a5b3	slt	x11,x13,x26	 x13:0x00000000 x26:0x00000000 x11=0x00000000
      65545.000 ns	      6553	80001794	00e22433	slt	x8,x4,x14	  x4:0x00000785 x14:0x00000001  x8=0x00000000
      65575.000 ns	      6556	80001798	11ef7953	fmul.s	f18,f30,f30	 f30:0x7fc00000 f30:0x7fc00000 f18=0x7fc00000
      65605.000 ns	      6559	8000179c	d005f4d3	fcvt.s.w	f9,x11	 x11:0x00000000  f9=0x00000000
      65625.000 ns	      6561	800017a0	00000013	addi	x0,x0,0	  x0:0x00000000
      65645.000 ns	      6563	800017a4	025112b3	mulh	x5,x2,x5	  x2:0x00000000  x5:0xffffffff  x5=0x00000000
      65665.000 ns	      6565	800017a8	d9372a93	slti	x21,x14,-621	 x14:0x00000001 x21=0x00000000
      66025.000 ns	      6601	800017ac	03c65833	divu	x16,x12,x28	 x12:0xa793c000 x28:0x80041024 x16=0x00000001
      66055.000 ns	      6604	800017b0	285711d3	fmax.s	f3,f14,f5	 f14:0x7fc00000  f5:0x00000000  f3=0x00000000
      66085.000 ns	      6607	800017b4	020503b3	mul	x7,x10,x0	 x10:0x6be226fc  x0:0x00000000  x7=0x00000000
      66115.000 ns	      6610	800017b8	02762033	mulhsu	x0,x12,x7	 x12:0xa793c000  x7:0x00000000
      66135.000 ns	      6612	800017bc	0111e433	or	x8,x3,x17	  x3:0xb3178b3d x17:0x80040fe4  x8=0xb3178ffd
      66155.000 ns	      6614	800017c0	03434ab3	div	x21,x6,x20	  x6:0x00000000 x20:0x00000000 x21=0xffffffff
      66185.000 ns	      6617	800017c4	03435733	divu	x14,x6,x20	  x6:0x00000000 x20:0x00000000 x14=0xffffffff
      66205.000 ns	      6619	800017c8	00c11493	slli	x9,x2,0xc	  x2:0x00000000  x9=0x00000000
      66215.000 ns	      6620	800017cc	00000013	addi	x0,x0,0	  x0:0x00000000
      66255.000 ns	      6624	800017d0	08c83653	fsub.s	f12,f16,f12	 f16:0x4f7f8000 f12:0x00000000 f12=0x4f7f8000
      66275.000 ns	      6626	800017d4	00f29993	slli	x19,x5,0xf	  x5:0x00000000 x19=0x00000000
      66285.000 ns	      6627	800017d8	57f2f313	andi	x6,x5,1407	  x5:0x00000000  x6=0x00000000
      66305.000 ns	      6629	800017dc	d00c7cd3	fcvt.s.w	f25,x24	 x24:0x00000000 f25=0x00000000
      66335.000 ns	      6632	800017e0	a1b09853	flt.s	x16,f1,f27	  f1:0x00000000 f27:0x4f7fffff x16=0x00000001
      66365.000 ns	      6635	800017e4	21cf2c53	fsgnjx.s	f24,f30,f28	 f30:0x7fc00000 f28:0x3f800000 f24=0x7fc00000
      66395.000 ns	      6638	800017e8	02bb4b33	div	x22,x22,x11	 x22:0x4a639000 x11:0x00000000 x22=0xffffffff
      66415.000 ns	      6640	800017ec	e4e84593	xori	x11,x16,-434	 x16:0x00000001 x11=0xfffffe4f
      66445.000 ns	      6643	800017f0	118c25d3	fmul.s	f11,f24,f24	 f24:0x7fc00000 f24:0x7fc00000 f11=0x7fc00000
      66475.000 ns	      6646	800017f4	02de1433	mulh	x8,x28,x13	 x28:0x80041024 x13:0x00000000  x8=0x00000000
      66505.000 ns	      6649	800017f8	202519d3	fsgnjn.s	f19,f10,f2	 f10:0x4f7fffff  f2:0xcefff7df f19=0x4f7fffff
      66525.000 ns	      6651	800017fc	80242993	slti	x19,x8,-2046	  x8:0x00000000 x19=0x00000000
      66545.000 ns	      6653	80001800	02024733	div	x14,x4,x0	  x4:0x00000785  x0:0x00000000 x14=0xffffffff
      66565.000 ns	      6655	80001804	01490cb3	add	x25,x18,x20	 x18:0x00000001 x20:0x00000000 x25=0x00000001
      66605.000 ns	      6659	80001808	010f8753	fadd.s	f14,f31,f16	 f31:0x00000000 f16:0x4f7f8000 f14=0x4f7f8000
      66635.000 ns	      6662	8000180c	e00181d3	fmv.x.w	x3,f3	  f3:0x00000000  x3=0x00000000
      66665.000 ns	      6665	80001810	0241b4b3	mulhu	x9,x3,x4	  x3:0xb3178b3d  x4:0x00000785  x9=0x00000000
      66685.000 ns	      6667	80001814	00bbaab3	slt	x21,x23,x11	 x23:0x00000001 x11:0xfffffe4f x21=0x00000000
      67045.000 ns	      6703	80001818	032a6233	rem	x4,x20,x18	 x20:0x00000000 x18:0x00000001  x4=0x00000000
      67065.000 ns	      6705	8000181c	41a487b3	sub	x15,x9,x26	  x9:0x00000000 x26:0x00000000 x15=0x00000000
      67105.000 ns	      6709	80001820	09eab5d3	fsub.s	f11,f21,f30	 f21:0x80000000 f30:0x7fc00000 f11=0x7fc00000
      67125.000 ns	      6711	80001824	0006b733	sltu	x14,x13,x0	 x13:0x00000000  x0:0x00000000 x14=0x00000000
      67145.000 ns	      6713	80001828	f0070ed3	fmv.w.x	f29,x14	 x14:0xffffffff f29=0x00000000
      67165.000 ns	      6715	8000182c	017f5c13	srli	x24,x30,0x17	 x30:0x00000005 x24=0x00000000
      67175.000 ns	      6716	80001830	410a8b33	sub	x22,x21,x16	 x21:0x00000000 x16:0x00000001 x22=0xffffffff
      67195.000 ns	      6718	80001834	e0049053	fclass.s	x0,f9	  f9:0x00000000
      67215.000 ns	      6720	80001838	97440c93	addi	x25,x8,-1676	  x8:0x00000000 x25=0xfffff974
      67225.000 ns	      6721	8000183c	a4f42713	slti	x14,x8,-1457	  x8:0x00000000 x14=0x00000000
      67245.000 ns	      6723	80001840	20f487d3	fsgnj.s	f15,f9,f15	  f9:0x00000000 f15:0x80000000 f15=0x80000000
      67265.000 ns	      6725	80001844	0021c9b3	xor	x19,x3,x2	  x3:0x00000000  x2:0x00000000 x19=0x00000000
      67275.000 ns	      6726	80001848	401e0733	sub	x14,x28,x1	 x28:0x80041024  x1:0x00000000 x14=0x80041024
      67285.000 ns	      6727	8000184c	5b4923b7	lui	x7,0x5b492	  x7=0x5b492000
      67295.000 ns	      6728	80001850	01258d33	add	x26,x11,x18	 x11:0xfffffe4f x18:0x00000001 x26=0xfffffe50
      67305.000 ns	      6729	80001854	40bed813	srai	x16,x29,0xb	 x29:0x00000000 x16=0x00000000
      67335.000 ns	      6732	80001858	104b4cd3	fmul.s	f25,f22,f4	 f22:0x4f7fffff  f4:0xffc00000 f25=0x7fc00000
      67365.000 ns	      6735	8000185c	28658d53	fmin.s	f26,f11,f6	 f11:0x7fc00000  f6:0x7fc00000 f26=0x7fc00000
      67385.000 ns	      6737	80001860	00185693	srli	x13,x16,0x1	 x16:0x00000000 x13=0x00000000
      67745.000 ns	      6773	80001864	03eff333	remu	x6,x31,x30	 x31:0x00000000 x30:0x00000005  x6=0x00000000
      67775.000 ns	      6776	80001868	028ee4b3	rem	x9,x29,x8	 x29:0x00000000  x8:0x00000000  x9=0x00000000
      67795.000 ns	      6778	8000186c	01922533	slt	x10,x4,x25	  x4:0x00000000 x25:0xfffff974 x10=0x00000000
      67815.000 ns	      6780	80001870	c014f6d3	fcvt.wu.s	x13,f9	  f9:0x00000000 x13=0x00000000
      67835.000 ns	      6782	80001874	779db9b7	lui	x19,0x779db	 x19=0x779db000
      67845.000 ns	      6783	80001878	14812313	slti	x6,x2,328	  x2:0x00000000  x6=0x00000001
      67855.000 ns	      6784	8000187c	681f0113	addi	x2,x30,1665	 x30:0x00000005  x2=0x00000686
      67895.000 ns	      6788	80001880	099302d3	fsub.s	f5,f6,f25	  f6:0x7fc00000 f25:0x7fc00000  f5=0x7fc00000
      67925.000 ns	      6791	80001884	e00301d3	fmv.x.w	x3,f6	  f6:0x7fc00000  x3=0x7fc00000
      67955.000 ns	      6794	80001888	c0147653	fcvt.wu.s	x12,f8	  f8:0x40000000 x12=0x00000002
      67985.000 ns	      6797	8000188c	207590d3	fsgnjn.s	f1,f11,f7	 f11:0x7fc00000  f7:0x00000000  f1=0xffc00000
      68015.000 ns	      6800	80001890	a16424d3	feq.s	x9,f8,f22	  f8:0x40000000 f22:0x4f7fffff  x9=0x00000000
      68035.000 ns	      6802	80001894	412a0eb3	sub	x29,x20,x18	 x20:0x00000000 x18:0x00000001 x29=0xffffffff
      68045.000 ns	      6803	80001898	3edbc437	lui	x8,0x3edbc	  x8=0x3edbc000
      68055.000 ns	      6804	8000189c	018a9b33	sll	x22,x21,x24	 x21:0x00000000 x24:0x00000000 x22=0x00000000
      68075.000 ns	      6806	800018a0	d00af653	fcvt.s.w	f12,x21	 x21:0x00000000 f12=0x00000000
      68095.000 ns	      6808	800018a4	00eb4633	xor	x12,x22,x14	 x22:0xffffffff x14:0x80041024 x12=0x80041024
      68105.000 ns	      6809	800018a8	aff1fb13	andi	x22,x3,-1281	  x3:0x7fc00000 x22=0x7fc00000
      68125.000 ns	      6811	800018ac	e0058cd3	fmv.x.w	x25,f11	 f11:0x7fc00000 x25=0x7fc00000
      68145.000 ns	      6813	800018b0	40025e93	srai	x29,x4,0x0	  x4:0x00000000 x29=0x00000000
      68155.000 ns	      6814	800018b4	5feffd93	andi	x27,x31,1534	 x31:0x00000000 x27=0x00000000
      68165.000 ns	      6815	800018b8	8b5b6613	ori	x12,x22,-1867	 x22:0x7fc00000 x12=0xfffff8b5
      68185.000 ns	      6817	800018bc	212103d3	fsgnj.s	f7,f2,f18	  f2:0xcefff7df f18:0x7fc00000  f7=0x4efff7df
      68205.000 ns	      6819	800018c0	009aed33	or	x26,x21,x9	 x21:0x00000000  x9:0x00000000 x26=0x00000000
      68225.000 ns	      6821	800018c4	c008f953	fcvt.w.s	x18,f17	 f17:0x40a00000 x18=0x00000005
      68245.000 ns	      6823	800018c8	41fdd233	sra	x4,x27,x31	 x27:0x00000000 x31:0x00000000  x4=0x00000000
      68255.000 ns	      6824	800018cc	009b9d33	sll	x26,x23,x9	 x23:0x00000001  x9:0x00000000 x26=0x00000001
      68265.000 ns	      6825	800018d0	7eda7a93	andi	x21,x20,2029	 x20:0x00000000 x21=0x00000000
      68275.000 ns	      6826	800018d4	4097dc93	srai	x25,x15,0x9	 x15:0x00000000 x25=0x00000000
      68285.000 ns	      6827	800018d8	6c34e313	ori	x6,x9,1731	  x9:0x00000000  x6=0x000006c3
      68305.000 ns	      6829	800018dc	20632653	fsgnjx.s	f12,f6,f6	  f6:0x7fc00000  f6:0x7fc00000 f12=0x7fc00000
      68675.000 ns	      6866	800018e0	0280f433	remu	x8,x1,x8	  x1:0x00000000  x8:0x3edbc000  x8=0x00000000
      68695.000 ns	      6868	800018e4	01dee5b3	or	x11,x29,x29	 x29:0x00000000 x29:0x00000000 x11=0x00000000
      69055.000 ns	      6904	800018e8	02e6ecb3	rem	x25,x13,x14	 x13:0x00000000 x14:0x80041024 x25=0x00000000
      69075.000 ns	      6906	800018ec	5b1745b7	lui	x11,0x5b174	 x11=0x5b174000
      69095.000 ns	      6908	800018f0	03311633	mulh	x12,x2,x19	  x2:0x00000686 x19:0x779db000 x12=0x0000030c
      69115.000 ns	      6910	800018f4	51ee2817	auipc	x16,0x51ee2	 x16=0xd1ee38f4
      69135.000 ns	      6912	800018f8	299312d3	fmax.s	f5,f6,f25	  f6:0x7fc00000 f25:0x7fc00000  f5=0x7fc00000
      69165.000 ns	      6915	800018fc	a00aafd3	feq.s	x31,f21,f0	 f21:0x80000000  f0:0x4f7f8000 x31=0x00000000
      69535.000 ns	      6952	80001900	03395133	divu	x2,x18,x19	 x18:0x00000005 x19:0x779db000  x2=0x00000000
      69565.000 ns	      6955	80001904	035e56b3	divu	x13,x28,x21	 x28:0x80041024 x21:0x00000000 x13=0xffffffff
      69595.000 ns	      6958	80001908	290a9153	fmax.s	f2,f21,f16	 f21:0x80000000 f16:0x4f7f8000  f2=0x4f7f8000
      69625.000 ns	      6961	8000190c	039af233	remu	x4,x21,x25	 x21:0x00000000 x25:0x00000000  x4=0x00000000
      69645.000 ns	      6963	80001910	00000013	addi	x0,x0,0	  x0:0x00000000
      69655.000 ns	      6964	80001914	0195b033	sltu	x0,x11,x25	 x11:0x5b174000 x25:0x00000000
      69675.000 ns	      6966	80001918	29480b53	fmin.s	f22,f16,f20	 f16:0x4f7f8000 f20:0x80000000 f22=0x80000000
      69705.000 ns	      6969	8000191c	f00888d3	fmv.w.x	f17,x17	 x17:0x80040fe4 f17=0x80040fe4
      69725.000 ns	      6971	80001920	d7fa4b13	xori	x22,x20,-641	 x20:0x00000000 x22=0xfffffd7f
      70085.000 ns	      7007	80001924	03afd233	divu	x4,x31,x26	 x31:0x00000000 x26:0x00000001  x4=0x00000000
      70105.000 ns	      7009	80001928	01137333	and	x6,x6,x17	  x6:0x000006c3 x17:0x80040fe4  x6=0x000006c0
      70125.000 ns	      7011	8000192c	21bc2853	fsgnjx.s	f16,f24,f27	 f24:0x7fc00000 f27:0x4f7fffff f16=0x7fc00000
      70155.000 ns	      7014	80001930	033a22b3	mulhsu	x5,x20,x19	 x20:0x00000000 x19:0x779db000  x5=0x00000000
      70185.000 ns	      7017	80001934	e00d1753	fclass.s	x14,f26	 f26:0x7fc00000 x14=0x00000200
      70205.000 ns	      7019	80001938	6e3bb713	sltiu	x14,x23,1763	 x23:0x00000001 x14=0x00000001
      70215.000 ns	      7020	8000193c	010270b3	and	x1,x4,x16	  x4:0x00000000 x16:0xd1ee38f4  x1=0x00000000
      70235.000 ns	      7022	80001940	a1172253	feq.s	x4,f14,f17	 f14:0x4f7f8000 f17:0x80040fe4  x4=0x00000000
      70255.000 ns	      7024	80001944	00ae52b3	srl	x5,x28,x10	 x28:0x80041024 x10:0x00000000  x5=0x80041024
      70275.000 ns	      7026	80001948	d0167c53	fcvt.s.wu	f24,x12	 x12:0x0000030c f24=0x44430000
      70305.000 ns	      7029	8000194c	a04d8dd3	fle.s	x27,f27,f4	 f27:0x4f7fffff  f4:0xffc00000 x27=0x00000000
      70335.000 ns	      7032	80001950	f0078c53	fmv.w.x	f24,x15	 x15:0x00000000 f24=0x00000000
      70375.000 ns	      7036	80001954	1944b453	fdiv.s	f8,f9,f20	  f9:0x00000000 f20:0x80000000  f8=0x7fc00000
      70395.000 ns	      7038	80001958	00a8d493	srli	x9,x17,0xa	 x17:0x80040fe4  x9=0x00200103
      70415.000 ns	      7040	8000195c	d01e4fd3	fcvt.s.wu	f31,x28	 x28:0x80041024 f31=0x4f000410
      70465.000 ns	      7045	80001960	09583fd3	fsub.s	f31,f16,f21	 f16:0x7fc00000 f21:0x80000000 f31=0x7fc00000
      70485.000 ns	      7047	80001964	41e75ab3	sra	x21,x14,x30	 x14:0x00000001 x30:0x00000005 x21=0x00000000
      70505.000 ns	      7049	80001968	039242b3	div	x5,x4,x25	  x4:0x00000000 x25:0x00000000  x5=0xffffffff
      70535.000 ns	      7052	8000196c	0203cbb3	div	x23,x7,x0	  x7:0x5b492000  x0:0x00000000 x23=0xffffffff
      70565.000 ns	      7055	80001970	0224e933	rem	x18,x9,x2	  x9:0x00200103  x2:0x00000000 x18=0x00200103
      70585.000 ns	      7057	80001974	0013f033	and	x0,x7,x1	  x7:0x5b492000  x1:0x00000000
      70605.000 ns	      7059	80001978	c017f4d3	fcvt.wu.s	x9,f15	 f15:0x80000000  x9=0x00000000
      70625.000 ns	      7061	8000197c	0065e3b3	or	x7,x11,x6	 x11:0x5b174000  x6:0x000006c0  x7=0x5b1746c0
      70645.000 ns	      7063	80001980	e00b1b53	fclass.s	x22,f22	 f22:0x80000000 x22=0x00000008
      71015.000 ns	      7100	80001984	0334c033	div	x0,x9,x19	  x9:0x00000000 x19:0x779db000
      71055.000 ns	      7104	80001988	18e5fc53	fdiv.s	f24,f11,f14	 f11:0x7fc00000 f14:0x4f7f8000 f24=0x7fc00000
      71085.000 ns	      7107	8000198c	e00b14d3	fclass.s	x9,f22	 f22:0x80000000  x9=0x00000008
      71105.000 ns	      7109	80001990	400adb33	sra	x22,x21,x0	 x21:0x00000000  x0:0x00000000 x22=0x00000000
      71125.000 ns	      7111	80001994	295e9053	fmax.s	f0,f29,f21	 f29:0x00000000 f21:0x80000000  f0=0x00000000
      71155.000 ns	      7114	80001998	c00bcc53	fcvt.w.s	x24,f23	 f23:0x7fc00000 x24=0x7fffffff
      71185.000 ns	      7117	8000199c	d00fcbd3	fcvt.s.w	f23,x31	 x31:0x00000000 f23=0x00000000
      71225.000 ns	      7121	800019a0	580b7dd3	fsqrt.s	f27,f22	 f22:0x80000000 f27=0x80000000
      71245.000 ns	      7123	800019a4	a84f4593	xori	x11,x30,-1404	 x30:0x00000005 x11=0xfffffa81
      71265.000 ns	      7125	800019a8	206487d3	fsgnj.s	f15,f9,f6	  f9:0x00000000  f6:0x7fc00000 f15=0x00000000
      71295.000 ns	      7128	800019ac	c0121d53	fcvt.wu.s	x26,f4	  f4:0xffc00000 x26=0xffffffff
      71665.000 ns	      7165	800019b0	02e5c0b3	div	x1,x11,x14	 x11:0xfffffa81 x14:0x00000001  x1=0xfffffa81
      71695.000 ns	      7168	800019b4	a11c0ed3	fle.s	x29,f24,f17	 f24:0x7fc00000 f17:0x80040fe4 x29=0x00000000
      71715.000 ns	      7170	800019b8	00000013	addi	x0,x0,0	  x0:0x00000000
      71725.000 ns	      7171	800019bc	0f49ea93	ori	x21,x19,244	 x19:0x779db000 x21=0x779db0f4
      71755.000 ns	      7174	800019c0	580f38d3	fsqrt.s	f17,f30	 f30:0x7fc00000 f17=0x7fc00000
      71795.000 ns	      7178	800019c4	184b73d3	fdiv.s	f7,f22,f4	 f22:0x80000000  f4:0xffc00000  f7=0x7fc00000
      71815.000 ns	      7180	800019c8	00000013	addi	x0,x0,0	  x0:0x00000000
      71825.000 ns	      7181	800019cc	af198097	auipc	x1,0xaf198	  x1=0x2f1999cc
      71845.000 ns	      7183	800019d0	e00204d3	fmv.x.w	x9,f4	  f4:0xffc00000  x9=0xffc00000
      71875.000 ns	      7186	800019d4	0306ac33	mulhsu	x24,x13,x16	 x13:0xffffffff x16:0xd1ee38f4 x24=0xffffffff
      71895.000 ns	      7188	800019d8	01ff5b93	srli	x23,x30,0x1f	 x30:0x00000005 x23=0x00000000
      71935.000 ns	      7192	800019dc	08b4b3d3	fsub.s	f7,f9,f11	  f9:0x00000000 f11:0x7fc00000  f7=0x7fc00000
      71965.000 ns	      7195	800019e0	d01379d3	fcvt.s.wu	f19,x6	  x6:0x000006c0 f19=0x44d80000
      72335.000 ns	      7232	800019e4	0325e733	rem	x14,x11,x18	 x11:0xfffffa81 x18:0x00200103 x14=0xfffffa81
      72365.000 ns	      7235	800019e8	a02017d3	flt.s	x15,f0,f2	  f0:0x00000000  f2:0x4f7f8000 x15=0x00000001
      72385.000 ns	      7237	800019ec	0134efb3	or	x31,x9,x19	  x9:0xffc00000 x19:0x779db000 x31=0xffddb000
      72395.000 ns	      7238	800019f0	406a5633	sra	x12,x20,x6	 x20:0x00000000  x6:0x000006c0 x12=0x00000000
      72415.000 ns	      7240	800019f4	02b48ab3	mul	x21,x9,x11	  x9:0xffc00000 x11:0xfffffa81 x21=0x5fc00000
      72445.000 ns	      7243	800019f8	e0010fd3	fmv.x.w	x31,f2	  f2:0x4f7f8000 x31=0x4f7f8000
      72475.000 ns	      7246	800019fc	c01ff053	fcvt.wu.s	x0,f31	 f31:0x7fc00000
      72505.000 ns	      7249	80001a00	a19886d3	fle.s	x13,f17,f25	 f17:0x7fc00000 f25:0x7fc00000 x13=0x00000000
      72535.000 ns	      7252	80001a04	e0001753	fclass.s	x14,f0	  f0:0x00000000 x14=0x00000010
      72565.000 ns	      7255	80001a08	02873533	mulhu	x10,x14,x8	 x14:0xfffffa81  x8:0x00000000 x10=0x00000000
      72595.000 ns	      7258	80001a0c	02768233	mul	x4,x13,x7	 x13:0x00000000  x7:0x5b1746c0  x4=0x00000000
      72625.000 ns	      7261	80001a10	039d80b3	mul	x1,x27,x25	 x27:0x00000000 x25:0x00000000  x1=0x00000000
      72655.000 ns	      7264	80001a14	028c2ab3	mulhsu	x21,x24,x8	 x24:0xffffffff  x8:0x00000000 x21=0x00000000
      72685.000 ns	      7267	80001a18	294c9ad3	fmax.s	f21,f25,f20	 f25:0x7fc00000 f20:0x80000000 f21=0x80000000
      72725.000 ns	      7271	80001a1c	188f4fd3	fdiv.s	f31,f30,f8	 f30:0x7fc00000  f8:0x7fc00000 f31=0x7fc00000
      72745.000 ns	      7273	80001a20	018b9093	slli	x1,x23,0x18	 x23:0x00000000  x1=0x00000000
      72765.000 ns	      7275	80001a24	211f1853	fsgnjn.s	f16,f30,f17	 f30:0x7fc00000 f17:0x7fc00000 f16=0xffc00000
      72795.000 ns	      7278	80001a28	28398953	fmin.s	f18,f19,f3	 f19:0x44d80000  f3:0x00000000 f18=0x00000000
      72825.000 ns	      7281	80001a2c	216520d3	fsgnjx.s	f1,f10,f22	 f10:0x4f7fffff f22:0x80000000  f1=0xcf7fffff
      72855.000 ns	      7284	80001a30	a1a48053	fle.s	x0,f9,f26	  f9:0x00000000 f26:0x7fc00000
      72875.000 ns	      7286	80001a34	415bd833	sra	x16,x23,x21	 x23:0x00000000 x21:0x00000000 x16=0x00000000
      73235.000 ns	      7322	80001a38	0329e7b3	rem	x15,x19,x18	 x19:0x779db000 x18:0x00200103 x15=0x0019e8cc
      73255.000 ns	      7324	80001a3c	74bb11b7	lui	x3,0x74bb1	  x3=0x74bb1000
      73265.000 ns	      7325	80001a40	40e9d793	srai	x15,x19,0xe	 x19:0x779db000 x15=0x0001de76
      73595.000 ns	      7358	80001a44	19ce3fd3	fdiv.s	f31,f28,f28	 f28:0x3f800000 f28:0x3f800000 f31=0x3f7fff38
      73625.000 ns	      7361	80001a48	2088a3d3	fsgnjx.s	f7,f17,f8	 f17:0x7fc00000  f8:0x7fc00000  f7=0x7fc00000
      73675.000 ns	      7366	80001a4c	090f0853	fsub.s	f16,f30,f16	 f30:0x7fc00000 f16:0xffc00000 f16=0x7fc00000
      73695.000 ns	      7368	80001a50	41ae5db3	sra	x27,x28,x26	 x28:0x80041024 x26:0xffffffff x27=0xffffffff
      73715.000 ns	      7370	80001a54	c00e74d3	fcvt.w.s	x9,f28	 f28:0x3f800000  x9=0x00000001
      73735.000 ns	      7372	80001a58	3a3def97	auipc	x31,0x3a3de	 x31=0xba3dfa58
      73745.000 ns	      7373	80001a5c	015dc5b3	xor	x11,x27,x21	 x27:0xffffffff x21:0x00000000 x11=0xffffffff
      73755.000 ns	      7374	80001a60	40fd8bb3	sub	x23,x27,x15	 x27:0xffffffff x15:0x0001de76 x23=0xfffe2189
      73775.000 ns	      7376	80001a64	034cc0b3	div	x1,x25,x20	 x25:0x00000000 x20:0x00000000  x1=0xffffffff
      73805.000 ns	      7379	80001a68	28500b53	fmin.s	f22,f0,f5	  f0:0x00000000  f5:0x7fc00000 f22=0x00000000
      73845.000 ns	      7383	80001a6c	580471d3	fsqrt.s	f3,f8	  f8:0x7fc00000  f3=0x7fc00000
      73875.000 ns	      7386	80001a70	0388b733	mulhu	x14,x17,x24	 x17:0x80040fe4 x24:0xffffffff x14=0x80040fe3
      73905.000 ns	      7389	80001a74	28fa86d3	fmin.s	f13,f21,f15	 f21:0x80000000 f15:0x00000000 f13=0x80000000
      74275.000 ns	      7426	80001a78	03b05433	divu	x8,x0,x27	  x0:0x00000000 x27:0xffffffff  x8=0x00000000
      74295.000 ns	      7428	80001a7c	016d8933	add	x18,x27,x22	 x27:0xffffffff x22:0x00000000 x18=0xffffffff
      74305.000 ns	      7429	80001a80	00c34333	xor	x6,x6,x12	  x6:0x000006c0 x12:0x00000000  x6=0x000006c0
      74325.000 ns	      7431	80001a84	022f6b33	rem	x22,x30,x2	 x30:0x00000005  x2:0x00000000 x22=0x00000005
      74355.000 ns	      7434	80001a88	f0098553	fmv.w.x	f10,x19	 x19:0x779db000 f10=0x779db000
      74375.000 ns	      7436	80001a8c	00393733	sltu	x14,x18,x3	 x18:0xffffffff  x3:0x74bb1000 x14=0x00000000
      74395.000 ns	      7438	80001a90	e00f9453	fclass.s	x8,f31	 f31:0x3f7fff38  x8=0x00000040
      74415.000 ns	      7440	80001a94	8d7bd997	auipc	x19,0x8d7bd	 x19=0x0d7bea94
      74435.000 ns	      7442	80001a98	20fa0d53	fsgnj.s	f26,f20,f15	 f20:0x80000000 f15:0x00000000 f26=0x00000000
      74455.000 ns	      7444	80001a9c	6e443d93	sltiu	x27,x8,1764	  x8:0x00000040 x27=0x00000001
      74475.000 ns	      7446	80001aa0	d00da553	fcvt.s.w	f10,x27	 x27:0xffffffff f10=0x3f800000
      74495.000 ns	      7448	80001aa4	011c6433	or	x8,x24,x17	 x24:0xffffffff x17:0x80040fe4  x8=0xffffffff
      74525.000 ns	      7451	80001aa8	197e79d3	fdiv.s	f19,f28,f23	 f28:0x3f800000 f23:0x00000000 f19=0x7f800000
      74545.000 ns	      7453	80001aac	40b8d113	srai	x2,x17,0xb	 x17:0x80040fe4  x2=0xfff00081
      74555.000 ns	      7454	80001ab0	00fa1293	slli	x5,x20,0xf	 x20:0x00000000  x5=0x00000000
      74565.000 ns	      7455	80001ab4	00114db3	xor	x27,x2,x1	  x2:0x00000000  x1:0xffffffff x27=0x000fff7e
      74585.000 ns	      7457	80001ab8	e0009a53	fclass.s	x20,f1	  f1:0xcf7fffff x20=0x00000002
      74625.000 ns	      7461	80001abc	18b3bc53	fdiv.s	f24,f7,f11	  f7:0x7fc00000 f11:0x7fc00000 f24=0x7fc00000
      74655.000 ns	      7464	80001ac0	e00b83d3	fmv.x.w	x7,f23	 f23:0x00000000  x7=0x00000000
      74685.000 ns	      7467	80001ac4	025c92b3	mulh	x5,x25,x5	 x25:0x00000000  x5:0x00000000  x5=0x00000000
      74715.000 ns	      7470	80001ac8	21be8053	fsgnj.s	f0,f29,f27	 f29:0x00000000 f27:0x80000000  f0=0x80000000
      74745.000 ns	      7473	80001acc	02381eb3	mulh	x29,x16,x3	 x16:0x00000000  x3:0x74bb1000 x29=0x00000000
      74765.000 ns	      7475	80001ad0	407e5b93	srai	x23,x28,0x7	 x28:0x80041024 x23=0xff000820
      74775.000 ns	      7476	80001ad4	014fc333	xor	x6,x31,x20	 x31:0xba3dfa58 x20:0x00000002  x6=0xba3dfa5a
      74795.000 ns	      7478	80001ad8	c012f753	fcvt.wu.s	x14,f5	  f5:0x7fc00000 x14=0xffffffff
      74825.000 ns	      7481	80001adc	218a2e53	fsgnjx.s	f28,f20,f24	 f20:0x80000000 f24:0x7fc00000 f28=0x80000000
      74865.000 ns	      7485	80001ae0	5804a253	fsqrt.s	f4,f9	  f9:0x00000000  f4=0x00000000
      74885.000 ns	      7487	80001ae4	01ad1fb3	sll	x31,x26,x26	 x26:0xffffffff x26:0xffffffff x31=0x80000000
      74905.000 ns	      7489	80001ae8	e0000b53	fmv.x.w	x22,f0	  f0:0x80000000 x22=0x80000000
      74925.000 ns	      7491	80001aec	649aea93	ori	x21,x21,1609	 x21:0x00000000 x21=0x00000649
      74935.000 ns	      7492	80001af0	c3d4fab7	lui	x21,0xc3d4f	 x21=0xc3d4f000
      74945.000 ns	      7493	80001af4	00c264b3	or	x9,x4,x12	  x4:0x00000000 x12:0x00000000  x9=0x00000000
      74985.000 ns	      7497	80001af8	08972ad3	fsub.s	f21,f14,f9	 f14:0x4f7f8000  f9:0x00000000 f21=0x4f7f8000
      75005.000 ns	      7499	80001afc	01625213	srli	x4,x4,0x16	  x4:0x00000000  x4=0x00000000
      75025.000 ns	      7501	80001b00	f0088e53	fmv.w.x	f28,x17	 x17:0x80040fe4 f28=0x80040fe4
      75045.000 ns	      7503	80001b04	229fe393	ori	x7,x31,553	 x31:0x80000000  x7=0x80000229
      75055.000 ns	      7504	80001b08	0083cdb3	xor	x27,x7,x8	  x7:0x00000000  x8:0xffffffff x27=0x7ffffdd6
      75075.000 ns	      7506	80001b0c	02948db3	mul	x27,x9,x9	  x9:0x00000000  x9:0x00000000 x27=0x00000000
      75125.000 ns	      7511	80001b10	08482353	fsub.s	f6,f16,f4	 f16:0x7fc00000  f4:0x00000000  f6=0x7fc00000
      75145.000 ns	      7513	80001b14	00ec7a33	and	x20,x24,x14	 x24:0xffffffff x14:0xffffffff x20=0xffffffff
      75165.000 ns	      7515	80001b18	e0010953	fmv.x.w	x18,f2	  f2:0x4f7f8000 x18=0x4f7f8000
      75185.000 ns	      7517	80001b1c	008defb3	or	x31,x27,x8	 x27:0x00000000  x8:0xffffffff x31=0xffffffff
      75225.000 ns	      7521	80001b20	09dfc653	fsub.s	f12,f31,f29	 f31:0x3f7fff38 f29:0x00000000 f12=0x3f7fff38
      75245.000 ns	      7523	80001b24	6b727093	andi	x1,x4,1719	  x4:0x00000000  x1=0x00000000
      75285.000 ns	      7527	80001b28	011e7853	fadd.s	f16,f28,f17	 f28:0x80040fe4 f17:0x7fc00000 f16=0x7fc00000
      75305.000 ns	      7529	80001b2c	0091cbb3	xor	x23,x3,x9	  x3:0x74bb1000  x9:0x00000000 x23=0x74bb1000
      75315.000 ns	      7530	80001b30	01b18c33	add	x24,x3,x27	  x3:0x74bb1000 x27:0x00000000 x24=0x74bb1000
      75675.000 ns	      7566	80001b34	023a5033	divu	x0,x20,x3	 x20:0xffffffff  x3:0x74bb1000
      75705.000 ns	      7569	80001b38	e0090b53	fmv.x.w	x22,f18	 f18:0x00000000 x22=0x00000000
      75725.000 ns	      7571	80001b3c	0131f533	and	x10,x3,x19	  x3:0x74bb1000 x19:0x0d7bea94 x10=0x043b0000
      75745.000 ns	      7573	80001b40	03611bb3	mulh	x23,x2,x22	  x2:0xfff00081 x22:0x00000000 x23=0x00000000
      75775.000 ns	      7576	80001b44	03990333	mul	x6,x18,x25	 x18:0x4f7f8000 x25:0x00000000  x6=0x00000000
      75795.000 ns	      7578	80001b48	403ded13	ori	x26,x27,1027	 x27:0x00000000 x26=0x00000403
      75815.000 ns	      7580	80001b4c	214d96d3	fsgnjn.s	f13,f27,f20	 f27:0x80000000 f20:0x80000000 f13=0x00000000
      75845.000 ns	      7583	80001b50	e0030d53	fmv.x.w	x26,f6	  f6:0x7fc00000 x26=0x7fc00000
      76215.000 ns	      7620	80001b54	02e5d7b3	divu	x15,x11,x14	 x11:0xffffffff x14:0xffffffff x15=0x00000001
      76235.000 ns	      7622	80001b58	d947f293	andi	x5,x15,-620	 x15:0x0001de76  x5=0x00000000
      76255.000 ns	      7624	80001b5c	d0150b53	fcvt.s.wu	f22,x10	 x10:0x043b0000 f22=0x4c876000
      76275.000 ns	      7626	80001b60	01d39a93	slli	x21,x7,0x1d	  x7:0x80000229 x21=0x20000000
      76285.000 ns	      7627	80001b64	01089333	sll	x6,x17,x16	 x17:0x80040fe4 x16:0x00000000  x6=0x80040fe4
      76295.000 ns	      7628	80001b68	00231233	sll	x4,x6,x2	  x6:0x00000000  x2:0xfff00081  x4=0x00081fc8
      76305.000 ns	      7629	80001b6c	32dea793	slti	x15,x29,813	 x29:0x00000000 x15=0x00000001
      76315.000 ns	      7630	80001b70	8a708d13	addi	x26,x1,-1881	  x1:0x00000000 x26=0xfffff8a7
      76325.000 ns	      7631	80001b74	00db87b3	add	x15,x23,x13	 x23:0x00000000 x13:0x00000000 x15=0x00000000
      76345.000 ns	      7633	80001b78	a1020bd3	fle.s	x23,f4,f16	  f4:0x00000000 f16:0x7fc00000 x23=0x00000000
      76375.000 ns	      7636	80001b7c	031d95b3	mulh	x11,x27,x17	 x27:0x00000000 x17:0x80040fe4 x11=0x00000000
      76415.000 ns	      7640	80001b80	580e97d3	fsqrt.s	f15,f29	 f29:0x00000000 f15=0x00000000
      76455.000 ns	      7644	80001b84	18b4f8d3	fdiv.s	f17,f9,f11	  f9:0x00000000 f11:0x7fc00000 f17=0x7fc00000
      76485.000 ns	      7647	80001b88	02cb7633	remu	x12,x22,x12	 x22:0x00000000 x12:0x00000000 x12=0x00000000
      76525.000 ns	      7651	80001b8c	1015fbd3	fmul.s	f23,f11,f1	 f11:0x7fc00000  f1:0xcf7fffff f23=0x7fc00000
      76555.000 ns	      7654	80001b90	29b599d3	fmax.s	f19,f11,f27	 f11:0x7fc00000 f27:0x80000000 f19=0x80000000
      76575.000 ns	      7656	80001b94	fa32b713	sltiu	x14,x5,-93	  x5:0x00000000 x14=0x00000001
      76595.000 ns	      7658	80001b98	03b9ebb3	rem	x23,x19,x27	 x19:0x0d7bea94 x27:0x00000000 x23=0x0d7bea94
      76615.000 ns	      7660	80001b9c	011ce733	or	x14,x25,x17	 x25:0x00000000 x17:0x80040fe4 x14=0x80040fe4
      76635.000 ns	      7662	80001ba0	283b8f53	fmin.s	f30,f23,f3	 f23:0x7fc00000  f3:0x7fc00000 f30=0x7fc00000
      76665.000 ns	      7665	80001ba4	d017fe53	fcvt.s.wu	f28,x15	 x15:0x00000000 f28=0x00000000
      76695.000 ns	      7668	80001ba8	03513cb3	mulhu	x25,x2,x21	  x2:0xfff00081 x21:0x20000000 x25=0x1ffe0010
      76725.000 ns	      7671	80001bac	02b103b3	mul	x7,x2,x11	  x2:0xfff00081 x11:0x00000000  x7=0x00000000
      76745.000 ns	      7673	80001bb0	004365b3	or	x11,x6,x4	  x6:0x80040fe4  x4:0x00081fc8 x11=0x800c1fec
      76755.000 ns	      7674	80001bb4	00000013	addi	x0,x0,0	  x0:0x00000000
      76765.000 ns	      7675	80001bb8	00cca9b3	slt	x19,x25,x12	 x25:0x1ffe0010 x12:0x00000000 x19=0x00000000
      77125.000 ns	      7711	80001bbc	0321e933	rem	x18,x3,x18	  x3:0x74bb1000 x18:0x4f7f8000 x18=0x253b9000
      77145.000 ns	      7713	80001bc0	32f2c013	xori	x0,x5,815	  x5:0x00000000
      77155.000 ns	      7714	80001bc4	f8ce4b93	xori	x23,x28,-116	 x28:0x80041024 x23=0x7ffbefa8
      77165.000 ns	      7715	80001bc8	00c05ab3	srl	x21,x0,x12	  x0:0x00000000 x12:0x00000000 x21=0x00000000
      77175.000 ns	      7716	80001bcc	000ec733	xor	x14,x29,x0	 x29:0x00000000  x0:0x00000000 x14=0x00000000
      77195.000 ns	      7718	80001bd0	20052cd3	fsgnjx.s	f25,f10,f0	 f10:0x3f800000  f0:0x80000000 f25=0xbf800000
      77225.000 ns	      7721	80001bd4	03d1f7b3	remu	x15,x3,x29	  x3:0x74bb1000 x29:0x00000000 x15=0x74bb1000
      77255.000 ns	      7724	80001bd8	02756db3	rem	x27,x10,x7	 x10:0x043b0000  x7:0x00000000 x27=0x043b0000
      77275.000 ns	      7726	80001bdc	40c2d0b3	sra	x1,x5,x12	  x5:0x00000000 x12:0x00000000  x1=0x00000000
      77295.000 ns	      7728	80001be0	28598d53	fmin.s	f26,f19,f5	 f19:0x80000000  f5:0x7fc00000 f26=0x80000000
      77315.000 ns	      7730	80001be4	c10aa013	slti	x0,x21,-1008	 x21:0x00000000
      77325.000 ns	      7731	80001be8	cc797093	andi	x1,x18,-825	 x18:0x253b9000  x1=0x253b9000
      77335.000 ns	      7732	80001bec	41575993	srai	x19,x14,0x15	 x14:0x00000000 x19=0x00000000
      77695.000 ns	      7768	80001bf0	0269c633	div	x12,x19,x6	 x19:0x00000000  x6:0x80040fe4 x12=0x00000000
      78065.000 ns	      7805	80001bf4	03fd6d33	rem	x26,x26,x31	 x26:0xfffff8a7 x31:0xffffffff x26=0x00000000
      78085.000 ns	      7807	80001bf8	01385733	srl	x14,x16,x19	 x16:0x00000000 x19:0x00000000 x14=0x00000000
      78095.000 ns	      7808	80001bfc	00000013	addi	x0,x0,0	  x0:0x00000000
      78115.000 ns	      7810	80001c00	d013f4d3	fcvt.s.wu	f9,x7	  x7:0x00000000  f9=0x00000000
      78135.000 ns	      7812	80001c04	00f2c0b3	xor	x1,x5,x15	  x5:0x00000000 x15:0x74bb1000  x1=0x74bb1000
      78155.000 ns	      7814	80001c08	03462233	mulhsu	x4,x12,x20	 x12:0x00000000 x20:0xffffffff  x4=0x00000000
      78185.000 ns	      7817	80001c0c	e00d1753	fclass.s	x14,f26	 f26:0x80000000 x14=0x00000008
      78225.000 ns	      7821	80001c10	1955c3d3	fdiv.s	f7,f11,f21	 f11:0x7fc00000 f21:0x4f7f8000  f7=0x7fc00000
      78265.000 ns	      7825	80001c14	1133f4d3	fmul.s	f9,f7,f19	  f7:0x7fc00000 f19:0x80000000  f9=0x7fc00000
      78295.000 ns	      7828	80001c18	d01b2c53	fcvt.s.wu	f24,x22	 x22:0x00000000 f24=0x00000000
      78315.000 ns	      7830	80001c1c	00d6a5b3	slt	x11,x13,x13	 x13:0x00000000 x13:0x00000000 x11=0x00000000
      78325.000 ns	      7831	80001c20	17694693	xori	x13,x18,374	 x18:0x253b9000 x13=0x253b9176
      78685.000 ns	      7867	80001c24	02aee7b3	rem	x15,x29,x10	 x29:0x00000000 x10:0x043b0000 x15=0x00000000
      78705.000 ns	      7869	80001c28	00d95113	srli	x2,x18,0xd	 x18:0x253b9000  x2=0x000129dc
      78715.000 ns	      7870	80001c2c	fb673f93	sltiu	x31,x14,-74	 x14:0x00000008 x31=0x00000001
      78735.000 ns	      7872	80001c30	03ef91b3	mulh	x3,x31,x30	 x31:0xffffffff x30:0x00000005  x3=0x00000000
      78755.000 ns	      7874	80001c34	0161ed33	or	x26,x3,x22	  x3:0x74bb1000 x22:0x00000000 x26=0x00000000
      78775.000 ns	      7876	80001c38	03ea8b33	mul	x22,x21,x30	 x21:0x00000000 x30:0x00000005 x22=0x00000000
      78805.000 ns	      7879	80001c3c	c0048d53	fcvt.w.s	x26,f9	  f9:0x7fc00000 x26=0x7fffffff
      78825.000 ns	      7881	80001c40	015261b3	or	x3,x4,x21	  x4:0x00000000 x21:0x00000000  x3=0x00000000
      78845.000 ns	      7883	80001c44	e00382d3	fmv.x.w	x5,f7	  f7:0x7fc00000  x5=0x7fc00000
      78895.000 ns	      7888	80001c48	095276d3	fsub.s	f13,f4,f21	  f4:0x00000000 f21:0x4f7f8000 f13=0xcf7f8000
      78925.000 ns	      7891	80001c4c	f00587d3	fmv.w.x	f15,x11	 x11:0x00000000 f15=0x00000000
      78955.000 ns	      7894	80001c50	20b7a5d3	fsgnjx.s	f11,f15,f11	 f15:0x00000000 f11:0x7fc00000 f11=0x00000000
      78985.000 ns	      7897	80001c54	21ed8853	fsgnj.s	f16,f27,f30	 f27:0x80000000 f30:0x7fc00000 f16=0x00000000
      79035.000 ns	      7902	80001c58	01303853	fadd.s	f16,f0,f19	  f0:0x80000000 f19:0x80000000 f16=0x80000000
      79065.000 ns	      7905	80001c5c	032035b3	mulhu	x11,x0,x18	  x0:0x00000000 x18:0x253b9000 x11=0x00000000
      79095.000 ns	      7908	80001c60	e00c1bd3	fclass.s	x23,f24	 f24:0x00000000 x23=0x00000010
      79125.000 ns	      7911	80001c64	023d8a33	mul	x20,x27,x3	 x27:0x043b0000  x3:0x00000000 x20=0x00000000
      79155.000 ns	      7914	80001c68	281a0dd3	fmin.s	f27,f20,f1	 f20:0x80000000  f1:0xcf7fffff f27=0xcf7fffff
      79185.000 ns	      7917	80001c6c	03d911b3	mulh	x3,x18,x29	 x18:0x253b9000 x29:0x00000000  x3=0x00000000
      79215.000 ns	      7920	80001c70	21508553	fsgnj.s	f10,f1,f21	  f1:0xcf7fffff f21:0x4f7f8000 f10=0x4f7fffff
      79235.000 ns	      7922	80001c74	5ca42c37	lui	x24,0x5ca42	 x24=0x5ca42000
      79255.000 ns	      7924	80001c78	a0db93d3	flt.s	x7,f23,f13	 f23:0x7fc00000 f13:0xcf7f8000  x7=0x00000000
      79285.000 ns	      7927	80001c7c	c00af653	fcvt.w.s	x12,f21	 f21:0x4f7f8000 x12=0x7fffffff
      79315.000 ns	      7930	80001c80	d0157bd3	fcvt.s.wu	f23,x10	 x10:0x043b0000 f23=0x4c876000
      79365.000 ns	      7935	80001c84	01567e53	fadd.s	f28,f12,f21	 f12:0x3f7fff38 f21:0x4f7f8000 f28=0x4f7f8000
      79385.000 ns	      7937	80001c88	00000013	addi	x0,x0,0	  x0:0x00000000
      79405.000 ns	      7939	80001c8c	a15a2a53	feq.s	x20,f20,f21	 f20:0x80000000 f21:0x4f7f8000 x20=0x00000000
      79445.000 ns	      7943	80001c90	58007c53	fsqrt.s	f24,f0	  f0:0x80000000 f24=0x80000000
      79465.000 ns	      7945	80001c94	40e782b3	sub	x5,x15,x14	 x15:0x00000000 x14:0x00000008  x5=0xfffffff8
      79485.000 ns	      7947	80001c98	219f0753	fsgnj.s	f14,f30,f25	 f30:0x7fc00000 f25:0xbf800000 f14=0xffc00000
      79525.000 ns	      7951	80001c9c	58028953	fsqrt.s	f18,f5	  f5:0x7fc00000 f18=0x7fc00000
      79545.000 ns	      7953	80001ca0	0073bdb3	sltu	x27,x7,x7	  x7:0x00000000  x7:0x00000000 x27=0x00000000
      79565.000 ns	      7955	80001ca4	a1b28c53	fle.s	x24,f5,f27	  f5:0x7fc00000 f27:0xcf7fffff x24=0x00000000
      79585.000 ns	      7957	80001ca8	4039d2b3	sra	x5,x19,x3	 x19:0x00000000  x3:0x00000000  x5=0x00000000
      79615.000 ns	      7960	80001cac	19982d53	fdiv.s	f26,f16,f25	 f16:0x80000000 f25:0xbf800000 f26=0x00000000
      79645.000 ns	      7963	80001cb0	a0e295d3	flt.s	x11,f5,f14	  f5:0x7fc00000 f14:0xffc00000 x11=0x00000000
      79675.000 ns	      7966	80001cb4	02ca0a33	mul	x20,x20,x12	 x20:0x00000000 x12:0x7fffffff x20=0x00000000
      79705.000 ns	      7969	80001cb8	e00b1b53	fclass.s	x22,f22	 f22:0x4c876000 x22=0x00000040
      79735.000 ns	      7972	80001cbc	c0188053	fcvt.wu.s	x0,f17	 f17:0x7fc00000
      79755.000 ns	      7974	80001cc0	416b0333	sub	x6,x22,x22	 x22:0x00000040 x22:0x00000040  x6=0x00000000
      79775.000 ns	      7976	80001cc4	03883933	mulhu	x18,x16,x24	 x16:0x00000000 x24:0x00000000 x18=0x00000000
      79795.000 ns	      7978	80001cc8	895ba5b7	lui	x11,0x895ba	 x11=0x895ba000
      79815.000 ns	      7980	80001ccc	03ca8b33	mul	x22,x21,x28	 x21:0x00000000 x28:0x80041024 x22=0x00000000
      79835.000 ns	      7982	80001cd0	a9da7a13	andi	x20,x20,-1379	 x20:0x00000000 x20=0x00000000
      80195.000 ns	      8018	80001cd4	021e41b3	div	x3,x28,x1	 x28:0x80041024  x1:0x74bb1000  x3=0xffffffff
      80225.000 ns	      8021	80001cd8	c01cafd3	fcvt.wu.s	x31,f25	 f25:0xbf800000 x31=0x00000001
      80245.000 ns	      8023	80001cdc	411f56b3	sra	x13,x30,x17	 x30:0x00000005 x17:0x80040fe4 x13=0x00000000
      80265.000 ns	      8025	80001ce0	c016b0d3	fcvt.wu.s	x1,f13	 f13:0xcf7f8000  x1=0xff800000
      80285.000 ns	      8027	80001ce4	00000013	addi	x0,x0,0	  x0:0x00000000
      80325.000 ns	      8031	80001ce8	08e92f53	fsub.s	f30,f18,f14	 f18:0x7fc00000 f14:0xffc00000 f30=0x7fc00000
      80345.000 ns	      8033	80001cec	402f81b3	sub	x3,x31,x2	 x31:0x00000001  x2:0x000129dc  x3=0xfffed625
      80385.000 ns	      8037	80001cf0	011eced3	fadd.s	f29,f29,f17	 f29:0x00000000 f17:0x7fc00000 f29=0x7fc00000
      80415.000 ns	      8040	80001cf4	f00f87d3	fmv.w.x	f15,x31	 x31:0x00000001 f15=0x00000001
      80435.000 ns	      8042	80001cf8	0125c333	xor	x6,x11,x18	 x11:0x895ba000 x18:0x00000000  x6=0x895ba000
      80455.000 ns	      8044	80001cfc	0324dfb3	divu	x31,x9,x18	  x9:0x00000000 x18:0x00000000 x31=0xffffffff
      80485.000 ns	      8047	80001d00	21240153	fsgnj.s	f2,f8,f18	  f8:0x7fc00000 f18:0x7fc00000  f2=0x7fc00000
      80515.000 ns	      8050	80001d04	c00caad3	fcvt.w.s	x21,f25	 f25:0xbf800000 x21=0xffffffff
      80535.000 ns	      8052	80001d08	00fca7b3	slt	x15,x25,x15	 x25:0x1ffe0010 x15:0x00000000 x15=0x00000000
      80895.000 ns	      8088	80001d0c	0285e333	rem	x6,x11,x8	 x11:0x895ba000  x8:0xffffffff  x6=0x00000000
      80925.000 ns	      8091	80001d10	29e88ad3	fmin.s	f21,f17,f30	 f17:0x7fc00000 f30:0x7fc00000 f21=0x7fc00000
      80945.000 ns	      8093	80001d14	01032933	slt	x18,x6,x16	  x6:0x00000000 x16:0x00000000 x18=0x00000000
      80955.000 ns	      8094	80001d18	00869133	sll	x2,x13,x8	 x13:0x00000000  x8:0xffffffff  x2=0x00000000
      80975.000 ns	      8096	80001d1c	0275f533	remu	x10,x11,x7	 x11:0x895ba000  x7:0x00000000 x10=0x895ba000
      81005.000 ns	      8099	80001d20	d00e8fd3	fcvt.s.w	f31,x29	 x29:0x00000000 f31=0x00000000
      81035.000 ns	      8102	80001d24	025bd633	divu	x12,x23,x5	 x23:0x00000010  x5:0x00000000 x12=0xffffffff
      81065.000 ns	      8105	80001d28	024ddd33	divu	x26,x27,x4	 x27:0x00000000  x4:0x00000000 x26=0xffffffff
      81435.000 ns	      8142	80001d2c	023364b3	rem	x9,x6,x3	  x6:0x00000000  x3:0xfffed625  x9=0x00000000
      81455.000 ns	      8144	80001d30	01f09c33	sll	x24,x1,x31	  x1:0xff800000 x31:0xffffffff x24=0x00000000
      81465.000 ns	      8145	80001d34	01ce5eb3	srl	x29,x28,x28	 x28:0x80041024 x28:0x80041024 x29=0x08004102
      81485.000 ns	      8147	80001d38	f00b09d3	fmv.w.x	f19,x22	 x22:0x00000000 f19=0x00000000
      81515.000 ns	      8150	80001d3c	a03ea2d3	feq.s	x5,f29,f3	 f29:0x7fc00000  f3:0x7fc00000  x5=0x00000000
      81535.000 ns	      8152	80001d40	01e99e93	slli	x29,x19,0x1e	 x19:0x00000000 x29=0x00000000
      81545.000 ns	      8153	80001d44	00be1bb3	sll	x23,x28,x11	 x28:0x80041024 x11:0x895ba000 x23=0x80041024
      81565.000 ns	      8155	80001d48	a0d09ad3	flt.s	x21,f1,f13	  f1:0xcf7fffff f13:0xcf7f8000 x21=0x00000001
      81595.000 ns	      8158	80001d4c	02bca333	mulhsu	x6,x25,x11	 x25:0x1ffe0010 x11:0x895ba000  x6=0x112a6151
      81625.000 ns	      8161	80001d50	f0098bd3	fmv.w.x	f23,x19	 x19:0x00000000 f23=0x00000000
      81655.000 ns	      8164	80001d54	02b62d33	mulhsu	x26,x12,x11	 x12:0xffffffff x11:0x895ba000 x26=0xffffffff
      81675.000 ns	      8166	80001d58	00000013	addi	x0,x0,0	  x0:0x00000000
      82035.000 ns	      8202	80001d5c	02a1e2b3	rem	x5,x3,x10	  x3:0xfffed625 x10:0x895ba000  x5=0xfffed625
      82065.000 ns	      8205	80001d60	032ef333	remu	x6,x29,x18	 x29:0x00000000 x18:0x00000000  x6=0x00000000
      82095.000 ns	      8208	80001d64	e0010cd3	fmv.x.w	x25,f2	  f2:0x7fc00000 x25=0x7fc00000
      82125.000 ns	      8211	80001d68	a06b2ed3	feq.s	x29,f22,f6	 f22:0x4c876000  f6:0x7fc00000 x29=0x00000000
      82145.000 ns	      8213	80001d6c	014eb633	sltu	x12,x29,x20	 x29:0x00000000 x20:0x00000000 x12=0x00000000
      82165.000 ns	      8215	80001d70	a06c8ad3	fle.s	x21,f25,f6	 f25:0xbf800000  f6:0x7fc00000 x21=0x00000000
      82185.000 ns	      8217	80001d74	00f9edb3	or	x27,x19,x15	 x19:0x00000000 x15:0x00000000 x27=0x00000000
      82205.000 ns	      8219	80001d78	c01f7153	fcvt.wu.s	x2,f30	 f30:0x7fc00000  x2=0xffffffff
      82235.000 ns	      8222	80001d7c	f00e04d3	fmv.w.x	f9,x28	 x28:0x80041024  f9=0x80041024
      82265.000 ns	      8225	80001d80	a1481b53	flt.s	x22,f16,f20	 f16:0x80000000 f20:0x80000000 x22=0x00000000
      82295.000 ns	      8228	80001d84	28341bd3	fmax.s	f23,f8,f3	  f8:0x7fc00000  f3:0x7fc00000 f23=0x7fc00000
      82325.000 ns	      8231	80001d88	289c85d3	fmin.s	f11,f25,f9	 f25:0xbf800000  f9:0x80041024 f11=0xbf800000
      82355.000 ns	      8234	80001d8c	03b39ab3	mulh	x21,x7,x27	  x7:0x00000000 x27:0x00000000 x21=0x00000000
      82375.000 ns	      8236	80001d90	40972b93	slti	x23,x14,1033	 x14:0x00000008 x23=0x00000001
      82385.000 ns	      8237	80001d94	01ddfd33	and	x26,x27,x29	 x27:0x00000000 x29:0x00000000 x26=0x00000000
      82405.000 ns	      8239	80001d98	d01b30d3	fcvt.s.wu	f1,x22	 x22:0x00000000  f1=0x00000000
      82775.000 ns	      8276	80001d9c	0252cbb3	div	x23,x5,x5	  x5:0xfffed625  x5:0xfffed625 x23=0x00000001
      82805.000 ns	      8279	80001da0	29eb13d3	fmax.s	f7,f22,f30	 f22:0x4c876000 f30:0x7fc00000  f7=0x4c876000
      82825.000 ns	      8281	80001da4	0182dc13	srli	x24,x5,0x18	  x5:0xfffed625 x24=0x000000ff
      82835.000 ns	      8282	80001da8	007e2fb3	slt	x31,x28,x7	 x28:0x80041024  x7:0x00000000 x31=0x00000001
      82855.000 ns	      8284	80001dac	02cdf4b3	remu	x9,x27,x12	 x27:0x00000000 x12:0x00000000  x9=0x00000000
      82885.000 ns	      8287	80001db0	2080acd3	fsgnjx.s	f25,f1,f8	  f1:0x00000000  f8:0x7fc00000 f25=0x00000000
      82915.000 ns	      8290	80001db4	a0418453	fle.s	x8,f3,f4	  f3:0x7fc00000  f4:0x00000000  x8=0x00000000
      82945.000 ns	      8293	80001db8	292607d3	fmin.s	f15,f12,f18	 f12:0x3f7fff38 f18:0x7fc00000 f15=0x3f7fff38
      82985.000 ns	      8297	80001dbc	58027353	fsqrt.s	f6,f4	  f4:0x00000000  f6=0x00000000
      83015.000 ns	      8300	80001dc0	2164ae53	fsgnjx.s	f28,f9,f22	  f9:0x80041024 f22:0x4c876000 f28=0x80041024
      83045.000 ns	      8303	80001dc4	205f25d3	fsgnjx.s	f11,f30,f5	 f30:0x7fc00000  f5:0x7fc00000 f11=0x7fc00000
      83075.000 ns	      8306	80001dc8	038d21b3	mulhsu	x3,x26,x24	 x26:0x00000000 x24:0x000000ff  x3=0x00000000
      83105.000 ns	      8309	80001dcc	a151a9d3	feq.s	x19,f3,f21	  f3:0x7fc00000 f21:0x7fc00000 x19=0x00000000
      83135.000 ns	      8312	80001dd0	a00180d3	fle.s	x1,f3,f0	  f3:0x7fc00000  f0:0x80000000  x1=0x00000000
      83155.000 ns	      8314	80001dd4	9ec332b7	lui	x5,0x9ec33	  x5=0x9ec33000
      83165.000 ns	      8315	80001dd8	012a9633	sll	x12,x21,x18	 x21:0x00000000 x18:0x00000000 x12=0x00000000
      83185.000 ns	      8317	80001ddc	a0449ad3	flt.s	x21,f9,f4	  f9:0x80041024  f4:0x00000000 x21=0x00000001
      83205.000 ns	      8319	80001de0	0179edb3	or	x27,x19,x23	 x19:0x00000000 x23:0x00000001 x27=0x00000001
      83235.000 ns	      8322	80001de4	192a9453	fdiv.s	f8,f21,f18	 f21:0x7fc00000 f18:0x7fc00000  f8=0x7fc00000
      83265.000 ns	      8325	80001de8	2042add3	fsgnjx.s	f27,f5,f4	  f5:0x7fc00000  f4:0x00000000 f27=0x7fc00000
      83295.000 ns	      8328	80001dec	a18a1353	flt.s	x6,f20,f24	 f20:0x80000000 f24:0x80000000  x6=0x00000000
      83325.000 ns	      8331	80001df0	29a70cd3	fmin.s	f25,f14,f26	 f14:0xffc00000 f26:0x00000000 f25=0x00000000
      83375.000 ns	      8336	80001df4	082971d3	fsub.s	f3,f18,f2	 f18:0x7fc00000  f2:0x7fc00000  f3=0x7fc00000
      83395.000 ns	      8338	80001df8	c563ce93	xori	x29,x7,-938	  x7:0x00000000 x29=0xfffffc56
      83405.000 ns	      8339	80001dfc	00fcda93	srli	x21,x25,0xf	 x25:0x7fc00000 x21=0x0000ff80
      83415.000 ns	      8340	80001e00	db384293	xori	x5,x16,-589	 x16:0x00000000  x5=0xfffffdb3
      83425.000 ns	      8341	80001e04	019d1113	slli	x2,x26,0x19	 x26:0x00000000  x2=0x00000000
      83445.000 ns	      8343	80001e08	29689f53	fmax.s	f30,f17,f22	 f17:0x7fc00000 f22:0x4c876000 f30=0x4c876000
      83475.000 ns	      8346	80001e0c	20d792d3	fsgnjn.s	f5,f15,f13	 f15:0x3f7fff38 f13:0xcf7f8000  f5=0x3f7fff38
      83495.000 ns	      8348	80001e10	00755a13	srli	x20,x10,0x7	 x10:0x895ba000 x20=0x0112b740
      84665.000 ns	      8465	80001e14	580571d3	fsqrt.s	f3,f10	 f10:0x4f7fffff  f3=0x47350461
      84695.000 ns	      8468	80001e18	c00c39d3	fcvt.w.s	x19,f24	 f24:0x80000000 x19=0x00000000
      84715.000 ns	      8470	80001e1c	41595e93	srai	x29,x18,0x15	 x18:0x00000000 x29=0x00000000
      84725.000 ns	      8471	80001e20	fad9ed13	ori	x26,x19,-83	 x19:0x00000000 x26=0xffffffad
      84735.000 ns	      8472	80001e24	415a0bb3	sub	x23,x20,x21	 x20:0x0112b740 x21:0x0000ff80 x23=0x0111b7c0
      85095.000 ns	      8508	80001e28	039e59b3	divu	x19,x28,x25	 x28:0x80041024 x25:0x7fc00000 x19=0x00000001
      85125.000 ns	      8511	80001e2c	d0087853	fcvt.s.w	f16,x16	 x16:0x00000000 f16=0x00000000
      85155.000 ns	      8514	80001e30	28299c53	fmax.s	f24,f19,f2	 f19:0x00000000  f2:0x7fc00000 f24=0x00000000
      85175.000 ns	      8516	80001e34	001b5ab3	srl	x21,x22,x1	 x22:0x00000000  x1:0x00000000 x21=0x00000000
      85205.000 ns	      8519	80001e38	18b5ba53	fdiv.s	f20,f11,f11	 f11:0x7fc00000 f11:0x7fc00000 f20=0x7fc00000
      85235.000 ns	      8522	80001e3c	a0942953	feq.s	x18,f8,f9	  f8:0x7fc00000  f9:0x80041024 x18=0x00000000
      85255.000 ns	      8524	80001e40	00000013	addi	x0,x0,0	  x0:0x00000000
      85265.000 ns	      8525	80001e44	00c0f133	and	x2,x1,x12	  x1:0x00000000 x12:0x00000000  x2=0x00000000
      85275.000 ns	      8526	80001e48	00d49cb3	sll	x25,x9,x13	  x9:0x00000000 x13:0x00000000 x25=0x00000000
      85295.000 ns	      8528	80001e4c	d00b3e53	fcvt.s.w	f28,x22	 x22:0x00000000 f28=0x00000000
      85315.000 ns	      8530	80001e50	00082bb3	slt	x23,x16,x0	 x16:0x00000000  x0:0x00000000 x23=0x00000000
      85325.000 ns	      8531	80001e54	007e5fb3	srl	x31,x28,x7	 x28:0x80041024  x7:0x00000000 x31=0x80041024
      85335.000 ns	      8532	80001e58	00a3b633	sltu	x12,x7,x10	  x7:0x00000000 x10:0x895ba000 x12=0x00000001
      85355.000 ns	      8534	80001e5c	d00a7053	fcvt.s.w	f0,x20	 x20:0x0112b740  f0=0x4b895ba0
      85725.000 ns	      8571	80001e60	03c944b3	div	x9,x18,x28	 x18:0x00000000 x28:0x80041024  x9=0x00000000
      85755.000 ns	      8574	80001e64	f00c8d53	fmv.w.x	f26,x25	 x25:0x00000000 f26=0x00000000
      85775.000 ns	      8576	80001e68	01bef433	and	x8,x29,x27	 x29:0x00000000 x27:0x00000001  x8=0x00000000
      85795.000 ns	      8578	80001e6c	21b68ed3	fsgnj.s	f29,f13,f27	 f13:0xcf7f8000 f27:0x7fc00000 f29=0x4f7f8000
      85815.000 ns	      8580	80001e70	00b2d033	srl	x0,x5,x11	  x5:0xfffffdb3 x11:0x895ba000
      85825.000 ns	      8581	80001e74	40b209b3	sub	x19,x4,x11	  x4:0x00000000 x11:0x895ba000 x19=0x76a46000
      85835.000 ns	      8582	80001e78	005a1cb3	sll	x25,x20,x5	 x20:0x0112b740  x5:0xfffffdb3 x25=0xba000000
      85845.000 ns	      8583	80001e7c	2fb5f197	auipc	x3,0x2fb5f	  x3=0xafb60e7c
      85865.000 ns	      8585	80001e80	a1aa07d3	fle.s	x15,f20,f26	 f20:0x7fc00000 f26:0x00000000 x15=0x00000000
      85885.000 ns	      8587	80001e84	01d91d93	slli	x27,x18,0x1d	 x18:0x00000000 x27=0x00000000
      86245.000 ns	      8623	80001e88	031e6533	rem	x10,x28,x17	 x28:0x80041024 x17:0x80040fe4 x10=0x80041024
      86275.000 ns	      8626	80001e8c	c01a3bd3	fcvt.wu.s	x23,f20	 f20:0x7fc00000 x23=0xffffffff
      86295.000 ns	      8628	80001e90	406b5c33	sra	x24,x22,x6	 x22:0x00000000  x6:0x00000000 x24=0x00000000
      86315.000 ns	      8630	80001e94	037f25b3	mulhsu	x11,x30,x23	 x30:0x00000005 x23:0xffffffff x11=0x00000004
      86355.000 ns	      8634	80001e98	5800f453	fsqrt.s	f8,f1	  f1:0x00000000  f8=0x00000000
      86385.000 ns	      8637	80001e9c	a19113d3	flt.s	x7,f2,f25	  f2:0x7fc00000 f25:0x00000000  x7=0x00000000
      86415.000 ns	      8640	80001ea0	d0057253	fcvt.s.w	f4,x10	 x10:0x80041024  f4=0xcefff7df
      86435.000 ns	      8642	80001ea4	12f6ea17	auipc	x20,0x12f6e	 x20=0x92f6fea4
      86445.000 ns	      8643	80001ea8	f9895fb7	lui	x31,0xf9895	 x31=0xf9895000
      86455.000 ns	      8644	80001eac	0101feb3	and	x29,x3,x16	  x3:0xafb60e7c x16:0x00000000 x29=0x00000000
      86475.000 ns	      8646	80001eb0	0291feb3	remu	x29,x3,x9	  x3:0xafb60e7c  x9:0x00000000 x29=0xafb60e7c
      86495.000 ns	      8648	80001eb4	00091ab3	sll	x21,x18,x0	 x18:0x00000000  x0:0x00000000 x21=0x00000000
      86525.000 ns	      8651	80001eb8	19961353	fdiv.s	f6,f12,f25	 f12:0x3f7fff38 f25:0x00000000  f6=0x7f800000
      86555.000 ns	      8654	80001ebc	03d81033	mulh	x0,x16,x29	 x16:0x00000000 x29:0xafb60e7c
      86575.000 ns	      8656	80001ec0	aa70e993	ori	x19,x1,-1369	  x1:0x00000000 x19=0xfffffaa7
      86585.000 ns	      8657	80001ec4	425db797	auipc	x15,0x425db	 x15=0xc25dcec4
      86595.000 ns	      8658	80001ec8	a1cb6813	ori	x16,x22,-1508	 x22:0x00000000 x16=0xfffffa1c
      86605.000 ns	      8659	80001ecc	ca284293	xori	x5,x16,-862	 x16:0x00000000  x5=0x000006be
      86625.000 ns	      8661	80001ed0	20019953	fsgnjn.s	f18,f3,f0	  f3:0x47350461  f0:0x4b895ba0 f18=0xc7350461
      86655.000 ns	      8664	80001ed4	a1da8d53	fle.s	x26,f21,f29	 f21:0x7fc00000 f29:0x4f7f8000 x26=0x00000000
      86685.000 ns	      8667	80001ed8	213d9453	fsgnjn.s	f8,f27,f19	 f27:0x7fc00000 f19:0x00000000  f8=0xffc00000
      86715.000 ns	      8670	80001edc	d00823d3	fcvt.s.w	f7,x16	 x16:0xfffffa1c  f7=0xc4bc8000
      86755.000 ns	      8674	80001ee0	10a3cdd3	fmul.s	f27,f7,f10	  f7:0x4c876000 f10:0x4f7fffff f27=0xd4bc7fff
      86775.000 ns	      8676	80001ee4	621b8813	addi	x16,x23,1569	 x23:0xffffffff x16=0x00000620
      86795.000 ns	      8678	80001ee8	c007fdd3	fcvt.w.s	x27,f15	 f15:0x3f7fff38 x27=0x00000000
      86815.000 ns	      8680	80001eec	ab228313	addi	x6,x5,-1358	  x5:0x000006be  x6=0x00000170
      86835.000 ns	      8682	80001ef0	c009bb53	fcvt.w.s	x22,f19	 f19:0x00000000 x22=0x00000000
      86865.000 ns	      8685	80001ef4	a07a0b53	fle.s	x22,f20,f7	 f20:0x7fc00000  f7:0xc4bc8000 x22=0x00000000
      86885.000 ns	      8687	80001ef8	f47c0313	addi	x6,x24,-185	 x24:0x00000000  x6=0xffffff47
      87245.000 ns	      8723	80001efc	02684eb3	div	x29,x16,x6	 x16:0x00000620  x6:0x00000170 x29=0xfffffff8
      87265.000 ns	      8725	80001f00	007bbb33	sltu	x22,x23,x7	 x23:0xffffffff  x7:0x00000000 x22=0x00000000
      87625.000 ns	      8761	80001f04	023c46b3	div	x13,x24,x3	 x24:0x00000000  x3:0xafb60e7c x13=0x00000000
      87995.000 ns	      8798	80001f08	03fd7db3	remu	x27,x26,x31	 x26:0x00000000 x31:0xf9895000 x27=0x00000000
      88025.000 ns	      8801	80001f0c	a12d04d3	fle.s	x9,f26,f18	 f26:0x00000000 f18:0xc7350461  x9=0x00000000
      88045.000 ns	      8803	80001f10	01102433	slt	x8,x0,x17	  x0:0x00000000 x17:0x80040fe4  x8=0x00000000
      88055.000 ns	      8804	80001f14	0156aeb3	slt	x29,x13,x21	 x13:0x00000000 x21:0x00000000 x29=0x00000000
      88065.000 ns	      8805	80001f18	00f0d3b3	srl	x7,x1,x15	  x1:0x00000000 x15:0xc25dcec4  x7=0x00000000
      88075.000 ns	      8806	80001f1c	01af66b3	or	x13,x30,x26	 x30:0x00000005 x26:0x00000000 x13=0x00000005
      88085.000 ns	      8807	80001f20	01b2e4b3	or	x9,x5,x27	  x5:0x000006be x27:0x00000000  x9=0x000006be
      88095.000 ns	      8808	80001f24	aee67513	andi	x10,x12,-1298	 x12:0x00000001 x10=0x00000000
      88115.000 ns	      8810	80001f28	03b94233	div	x4,x18,x27	 x18:0x00000000 x27:0x00000000  x4=0xffffffff
      88135.000 ns	      8812	80001f2c	002847b3	xor	x15,x16,x2	 x16:0x00000620  x2:0x00000000 x15=0x00000620
      88145.000 ns	      8813	80001f30	004dcc33	xor	x24,x27,x4	 x27:0x00000000  x4:0xffffffff x24=0xffffffff
      88155.000 ns	      8814	80001f34	f9dec0b7	lui	x1,0xf9dec	  x1=0xf9dec000
      88175.000 ns	      8816	80001f38	f00808d3	fmv.w.x	f17,x16	 x16:0x00000620 f17=0x00000620
      88205.000 ns	      8819	80001f3c	03eb09b3	mul	x19,x22,x30	 x22:0x00000000 x30:0x00000005 x19=0x00000000
      88235.000 ns	      8822	80001f40	c006f3d3	fcvt.w.s	x7,f13	 f13:0xcf7f8000  x7=0x80000000
      88265.000 ns	      8825	80001f44	029797b3	mulh	x15,x15,x9	 x15:0x00000620  x9:0x000006be x15=0x00000000
      88285.000 ns	      8827	80001f48	013a5c13	srli	x24,x20,0x13	 x20:0x92f6fea4 x24=0x0000125e
      88295.000 ns	      8828	80001f4c	418dd013	srai	x0,x27,0x18	 x27:0x00000000
      88315.000 ns	      8830	80001f50	03b232b3	mulhu	x5,x4,x27	  x4:0xffffffff x27:0x00000000  x5=0x00000000
      88335.000 ns	      8832	80001f54	41fe02b3	sub	x5,x28,x31	 x28:0x80041024 x31:0xf9895000  x5=0x867ac024
      88345.000 ns	      8833	80001f58	019f24b3	slt	x9,x30,x25	 x30:0x00000005 x25:0xba000000  x9=0x00000000
      88355.000 ns	      8834	80001f5c	2c923093	sltiu	x1,x4,713	  x4:0xffffffff  x1=0x00000000
      88365.000 ns	      8835	80001f60	97304297	auipc	x5,0x97304	  x5=0x17305f60
      88375.000 ns	      8836	80001f64	00000013	addi	x0,x0,0	  x0:0x00000000
      88395.000 ns	      8838	80001f68	a06026d3	feq.s	x13,f0,f6	  f0:0x4b895ba0  f6:0x7f800000 x13=0x00000000
      88415.000 ns	      8840	80001f6c	415e8bb3	sub	x23,x29,x21	 x29:0x00000000 x21:0x00000000 x23=0x00000000
      88425.000 ns	      8841	80001f70	45f5c913	xori	x18,x11,1119	 x11:0x00000004 x18=0x0000045b
      88435.000 ns	      8842	80001f74	007c9eb3	sll	x29,x25,x7	 x25:0xba000000  x7:0x80000000 x29=0xba000000
      88795.000 ns	      8878	80001f78	0392db33	divu	x22,x5,x25	  x5:0x17305f60 x25:0xba000000 x22=0x00000000
      88825.000 ns	      8881	80001f7c	03b23333	mulhu	x6,x4,x27	  x4:0xffffffff x27:0x00000000  x6=0x00000000
      88845.000 ns	      8883	80001f80	018da6b3	slt	x13,x27,x24	 x27:0x00000000 x24:0x0000125e x13=0x00000001
      88865.000 ns	      8885	80001f84	03430db3	mul	x27,x6,x20	  x6:0x00000000 x20:0x92f6fea4 x27=0x00000000
      88885.000 ns	      8887	80001f88	00000013	addi	x0,x0,0	  x0:0x00000000
      88905.000 ns	      8889	80001f8c	29391253	fmax.s	f4,f18,f19	 f18:0xc7350461 f19:0x00000000  f4=0x00000000
      88935.000 ns	      8892	80001f90	a167a453	feq.s	x8,f15,f22	 f15:0x3f7fff38 f22:0x4c876000  x8=0x00000000
      88955.000 ns	      8894	80001f94	ff2e4313	xori	x6,x28,-14	 x28:0x80041024  x6=0x7ffbefd6
      88965.000 ns	      8895	80001f98	070bb793	sltiu	x15,x23,112	 x23:0x00000000 x15=0x00000001
      88985.000 ns	      8897	80001f9c	d011a953	fcvt.s.wu	f18,x3	  x3:0xafb60e7c f18=0x4f2fb60f
      89015.000 ns	      8900	80001fa0	d0143c53	fcvt.s.wu	f24,x8	  x8:0x00000000 f24=0x00000000
      89385.000 ns	      8937	80001fa4	02556933	rem	x18,x10,x5	 x10:0x00000000  x5:0x17305f60 x18=0x00000000
      89415.000 ns	      8940	80001fa8	a1bd8fd3	fle.s	x31,f27,f27	 f27:0xd4bc7fff f27:0xd4bc7fff x31=0x00000001
      89435.000 ns	      8942	80001fac	92fe3bb7	lui	x23,0x92fe3	 x23=0x92fe3000
      89455.000 ns	      8944	80001fb0	0366eab3	rem	x21,x13,x22	 x13:0x00000001 x22:0x00000000 x21=0x00000001
      89475.000 ns	      8946	80001fb4	48c38193	addi	x3,x7,1164	  x7:0x80000000  x3=0x8000048c
      89505.000 ns	      8949	80001fb8	192995d3	fdiv.s	f11,f19,f18	 f19:0x00000000 f18:0x4f2fb60f f11=0x00000000
      89555.000 ns	      8954	80001fbc	085b22d3	fsub.s	f5,f22,f5	 f22:0x4c876000  f5:0x3f7fff38  f5=0x4c875fff
      89925.000 ns	      8991	80001fc0	023579b3	remu	x19,x10,x3	 x10:0x00000000  x3:0x8000048c x19=0x00000000
      89955.000 ns	      8994	80001fc4	21b78a53	fsgnj.s	f20,f15,f27	 f15:0x3f7fff38 f27:0xd4bc7fff f20=0xbf7fff38
      89975.000 ns	      8996	80001fc8	845daa37	lui	x20,0x845da	 x20=0x845da000
      90015.000 ns	      9000	80001fcc	09b2c8d3	fsub.s	f17,f5,f27	  f5:0x4c875fff f27:0xd4bc7fff f17=0x54bc8086
      90065.000 ns	      9005	80001fd0	08bc2f53	fsub.s	f30,f24,f11	 f24:0x00000000 f11:0x00000000 f30=0x80000000
      90095.000 ns	      9008	80001fd4	a03aa553	feq.s	x10,f21,f3	 f21:0x7fc00000  f3:0x47350461 x10=0x00000000
      90125.000 ns	      9011	80001fd8	d008f1d3	fcvt.s.w	f3,x17	 x17:0x80040fe4  f3=0xcefff7e0
      90145.000 ns	      9013	80001fdc	69b54693	xori	x13,x10,1691	 x10:0x00000000 x13=0x0000069b
      90475.000 ns	      9046	80001fe0	18dd9ad3	fdiv.s	f21,f27,f13	 f27:0xd4bc7fff f13:0xcf7f8000 f21=0x44bc8000
      90495.000 ns	      9048	80001fe4	1046a113	slti	x2,x13,260	 x13:0x00000001  x2=0x00000000
      90505.000 ns	      9049	80001fe8	41aa0633	sub	x12,x20,x26	 x20:0x845da000 x26:0x00000000 x12=0x845da000
      90515.000 ns	      9050	80001fec	003499b3	sll	x19,x9,x3	  x9:0x00000000  x3:0x8000048c x19=0x00000000
      90535.000 ns	      9052	80001ff0	03580933	mul	x18,x16,x21	 x16:0x00000620 x21:0x00000001 x18=0x00000620
      90565.000 ns	      9055	80001ff4	f0098e53	fmv.w.x	f28,x19	 x19:0x00000000 f28=0x00000000
      90585.000 ns	      9057	80001ff8	e3c20e93	addi	x29,x4,-452	  x4:0xffffffff x29=0xfffffe3b
      90595.000 ns	      9058	80001ffc	00385613	srli	x12,x16,0x3	 x16:0x00000620 x12=0x000000c4
      90615.000 ns	      9060	80002000	d003f253	fcvt.s.w	f4,x7	  x7:0x80000000  f4=0xcf000000
      90635.000 ns	      9062	80002004	6e5b3797	auipc	x15,0x6e5b3	 x15=0xee5b5004
      90645.000 ns	      9063	80002008	0e30ad13	slti	x26,x1,227	  x1:0x00000000 x26=0x00000001
      90665.000 ns	      9065	8000200c	03b2e433	rem	x8,x5,x27	  x5:0x17305f60 x27:0x00000000  x8=0x17305f60
      90695.000 ns	      9068	80002010	0290c633	div	x12,x1,x9	  x1:0x00000000  x9:0x00000000 x12=0xffffffff
      90715.000 ns	      9070	80002014	194d4c17	auipc	x24,0x194d4	 x24=0x994d6014
      90735.000 ns	      9072	80002018	d00989d3	fcvt.s.w	f19,x19	 x19:0x00000000 f19=0x00000000
      90785.000 ns	      9077	8000201c	08cfb7d3	fsub.s	f15,f31,f12	 f31:0x00000000 f12:0x3f7fff38 f15=0xbf7fff38
      90815.000 ns	      9080	80002020	20ef94d3	fsgnjn.s	f9,f31,f14	 f31:0x00000000 f14:0xffc00000  f9=0x00000000
      90835.000 ns	      9082	80002024	00a85613	srli	x12,x16,0xa	 x16:0x00000620 x12=0x00000001
      90855.000 ns	      9084	80002028	f00389d3	fmv.w.x	f19,x7	  x7:0x80000000 f19=0x80000000
      90875.000 ns	      9086	8000202c	0e7d2913	slti	x18,x26,231	 x26:0x00000001 x18=0x00000001
      90895.000 ns	      9088	80002030	28bc13d3	fmax.s	f7,f24,f11	 f24:0x00000000 f11:0x00000000  f7=0x00000000
      90915.000 ns	      9090	80002034	ed11e113	ori	x2,x3,-303	  x3:0x8000048c  x2=0xfffffedd
      90935.000 ns	      9092	80002038	a0620853	fle.s	x16,f4,f6	  f4:0xcf000000  f6:0x7f800000 x16=0x00000001
      90955.000 ns	      9094	8000203c	bfef2db7	lui	x27,0xbfef2	 x27=0xbfef2000
      90975.000 ns	      9096	80002040	f00c8a53	fmv.w.x	f20,x25	 x25:0xba000000 f20=0xba000000
      90995.000 ns	      9098	80002044	01838db3	add	x27,x7,x24	  x7:0x80000000 x24:0x994d6014 x27=0x194d6014
      91015.000 ns	      9100	80002048	c019fb53	fcvt.wu.s	x22,f19	 f19:0x80000000 x22=0x00000000
      91035.000 ns	      9102	8000204c	eea2ba13	sltiu	x20,x5,-278	  x5:0x17305f60 x20=0x00000001
      91055.000 ns	      9104	80002050	e0071253	fclass.s	x4,f14	 f14:0xffc00000  x4=0x00000200
      91085.000 ns	      9107	80002054	03143033	mulhu	x0,x8,x17	  x8:0x17305f60 x17:0x80040fe4
      91115.000 ns	      9110	80002058	202583d3	fsgnj.s	f7,f11,f2	 f11:0x00000000  f2:0x7fc00000  f7=0x00000000
      91145.000 ns	      9113	8000205c	a1b08453	fle.s	x8,f1,f27	  f1:0x00000000 f27:0xd4bc7fff  x8=0x00000000
      91175.000 ns	      9116	80002060	d01c7353	fcvt.s.wu	f6,x24	 x24:0x994d6014  f6=0x4f194d60
      91205.000 ns	      9119	80002064	20ec2e53	fsgnjx.s	f28,f24,f14	 f24:0x00000000 f14:0xffc00000 f28=0x80000000
      91225.000 ns	      9121	80002068	7b7ea293	slti	x5,x29,1975	 x29:0xfffffe3b  x5=0x00000001
      91245.000 ns	      9123	8000206c	034b0133	mul	x2,x22,x20	 x22:0x00000000 x20:0x00000001  x2=0x00000000
      91615.000 ns	      9160	80002070	02d37a33	remu	x20,x6,x13	  x6:0x7ffbefd6 x13:0x0000069b x20=0x00000311
      91635.000 ns	      9162	80002074	0091a3b3	slt	x7,x3,x9	  x3:0x8000048c  x9:0x00000000  x7=0x00000001
      91655.000 ns	      9164	80002078	e0038d53	fmv.x.w	x26,f7	  f7:0x00000000 x26=0x00000000
      91685.000 ns	      9167	8000207c	d009b9d3	fcvt.s.w	f19,x19	 x19:0x00000000 f19=0x00000000
      91725.000 ns	      9171	80002080	58023453	fsqrt.s	f8,f4	  f4:0xcf000000  f8=0x7fc00000
      91745.000 ns	      9173	80002084	68118b13	addi	x22,x3,1665	  x3:0x8000048c x22=0x80000b0d
      91755.000 ns	      9174	80002088	019c12b3	sll	x5,x24,x25	 x24:0x994d6014 x25:0xba000000  x5=0x994d6014
      91765.000 ns	      9175	8000208c	016856b3	srl	x13,x16,x22	 x16:0x00000001 x22:0x00000000 x13=0x00000000
      91775.000 ns	      9176	80002090	0149da93	srli	x21,x19,0x14	 x19:0x00000000 x21=0x00000000
      91795.000 ns	      9178	80002094	e00d9ed3	fclass.s	x29,f27	 f27:0xd4bc7fff x29=0x00000002
      91815.000 ns	      9180	80002098	00000013	addi	x0,x0,0	  x0:0x00000000
      92175.000 ns	      9216	8000209c	02c4e7b3	rem	x15,x9,x12	  x9:0x00000000 x12:0x00000001 x15=0x00000000
      92205.000 ns	      9219	800020a0	21b18b53	fsgnj.s	f22,f3,f27	  f3:0xcefff7e0 f27:0xd4bc7fff f22=0xcefff7e0
      92225.000 ns	      9221	800020a4	297a0d93	addi	x27,x20,663	 x20:0x00000311 x27=0x000005a8
      92235.000 ns	      9222	800020a8	c1963d93	sltiu	x27,x12,-999	 x12:0x00000001 x27=0x00000001
      92245.000 ns	      9223	800020ac	0f7d2297	auipc	x5,0xf7d2	  x5=0x8f7d40ac
      92285.000 ns	      9227	800020b0	006bbed3	fadd.s	f29,f23,f6	 f23:0x7fc00000  f6:0x4f194d60 f29=0x7fc00000
      92325.000 ns	      9231	800020b4	10241453	fmul.s	f8,f8,f2	  f8:0x7fc00000  f2:0x7fc00000  f8=0x7fc00000
      92345.000 ns	      9233	800020b8	0040f433	and	x8,x1,x4	  x1:0x00000000  x4:0x00000200  x8=0x00000000
      92355.000 ns	      9234	800020bc	00bcbd33	sltu	x26,x25,x11	 x25:0xba000000 x11:0x00000004 x26=0x00000000
      92375.000 ns	      9236	800020c0	28520353	fmin.s	f6,f4,f5	  f4:0xcf000000  f5:0x4c875fff  f6=0xcf000000
      92395.000 ns	      9238	800020c4	01cab9b3	sltu	x19,x21,x28	 x21:0x00000000 x28:0x80041024 x19=0x00000001
      92415.000 ns	      9240	800020c8	c016f353	fcvt.wu.s	x6,f13	 f13:0xcf7f8000  x6=0xff800000
      92445.000 ns	      9243	800020cc	03e38c33	mul	x24,x7,x30	  x7:0x00000001 x30:0x00000005 x24=0x00000005
      92815.000 ns	      9280	800020d0	036fdc33	divu	x24,x31,x22	 x31:0x00000001 x22:0x80000b0d x24=0x00000000
      92835.000 ns	      9282	800020d4	e8a91b17	auipc	x22,0xe8a91	 x22=0x68a930d4
      92845.000 ns	      9283	800020d8	006f2533	slt	x10,x30,x6	 x30:0x00000005  x6:0xff800000 x10=0x00000000
      92865.000 ns	      9285	800020dc	d01a73d3	fcvt.s.wu	f7,x20	 x20:0x00000311  f7=0x44444000
      92885.000 ns	      9287	800020e0	4036d693	srai	x13,x13,0x3	 x13:0x00000000 x13=0x00000000
      92895.000 ns	      9288	800020e4	0180efb3	or	x31,x1,x24	  x1:0x00000000 x24:0x00000000 x31=0x00000000
      92905.000 ns	      9289	800020e8	00000013	addi	x0,x0,0	  x0:0x00000000
      92915.000 ns	      9290	800020ec	224eea13	ori	x20,x29,548	 x29:0x00000002 x20=0x00000226
      92935.000 ns	      9292	800020f0	e00684d3	fmv.x.w	x9,f13	 f13:0xcf7f8000  x9=0xcf7f8000
      92955.000 ns	      9294	800020f4	014494b3	sll	x9,x9,x20	  x9:0x00000000 x20:0x00000311  x9=0xdfe00000
      92975.000 ns	      9296	800020f8	02383833	mulhu	x16,x16,x3	 x16:0x00000001  x3:0x8000048c x16=0x00000000
      93005.000 ns	      9299	800020fc	a19c04d3	fle.s	x9,f24,f25	 f24:0x00000000 f25:0x00000000  x9=0x00000001
      93035.000 ns	      9302	80002100	2019abd3	fsgnjx.s	f23,f19,f1	 f19:0x00000000  f1:0x00000000 f23=0x00000000
      93055.000 ns	      9304	80002104	00000013	addi	x0,x0,0	  x0:0x00000000
      93065.000 ns	      9305	80002108	00e30bb3	add	x23,x6,x14	  x6:0xff800000 x14:0x00000008 x23=0xff800008
      93095.000 ns	      9308	8000210c	1176a153	fmul.s	f2,f13,f23	 f13:0xcf7f8000 f23:0x00000000  f2=0x80000000
      93125.000 ns	      9311	80002110	03169233	mulh	x4,x13,x17	 x13:0x00000000 x17:0x80040fe4  x4=0x00000000
      93145.000 ns	      9313	80002114	71ac5837	lui	x16,0x71ac5	 x16=0x71ac5000
      93165.000 ns	      9315	80002118	03b131b3	mulhu	x3,x2,x27	  x2:0x00000000 x27:0x00000001  x3=0x00000000
      93195.000 ns	      9318	8000211c	e00b04d3	fmv.x.w	x9,f22	 f22:0xcefff7e0  x9=0xcefff7e0
      93215.000 ns	      9320	80002120	aa03e013	ori	x0,x7,-1376	  x7:0x00000001
      93225.000 ns	      9321	80002124	4119d713	srai	x14,x19,0x11	 x19:0x00000001 x14=0x00000000
      93245.000 ns	      9323	80002128	287c9fd3	fmax.s	f31,f25,f7	 f25:0x00000000  f7:0x44444000 f31=0x44444000
      93275.000 ns	      9326	8000212c	02d3d733	divu	x14,x7,x13	  x7:0x00000001 x13:0x00000000 x14=0xffffffff
      93645.000 ns	      9363	80002130	027f5933	divu	x18,x30,x7	 x30:0x00000005  x7:0x00000001 x18=0x00000005
      93665.000 ns	      9365	80002134	01659093	slli	x1,x11,0x16	 x11:0x00000004  x1=0x01000000
      93675.000 ns	      9366	80002138	00cd0cb3	add	x25,x26,x12	 x26:0x00000000 x12:0x00000001 x25=0x00000001
      93685.000 ns	      9367	8000213c	40d7dcb3	sra	x25,x15,x13	 x15:0x00000000 x13:0x00000000 x25=0x00000000
      93705.000 ns	      9369	80002140	033f2b33	mulhsu	x22,x30,x19	 x30:0x00000005 x19:0x00000001 x22=0x00000000
      93735.000 ns	      9372	80002144	0289ed33	rem	x26,x19,x8	 x19:0x00000001  x8:0x00000000 x26=0x00000001
      93765.000 ns	      9375	80002148	c00f7b53	fcvt.w.s	x22,f30	 f30:0x80000000 x22=0x00000000
      93785.000 ns	      9377	8000214c	b7d60813	addi	x16,x12,-1155	 x12:0x00000001 x16=0xfffffb7e
      93815.000 ns	      9380	80002150	18e3ca53	fdiv.s	f20,f7,f14	  f7:0x44444000 f14:0xffc00000 f20=0x7fc00000
      93845.000 ns	      9383	80002154	29d11cd3	fmax.s	f25,f2,f29	  f2:0x80000000 f29:0x7fc00000 f25=0x80000000
      93865.000 ns	      9385	80002158	40de5cb3	sra	x25,x28,x13	 x28:0x80041024 x13:0x00000000 x25=0x80041024
      93875.000 ns	      9386	8000215c	00390633	add	x12,x18,x3	 x18:0x00000005  x3:0x00000000 x12=0x00000005
      93895.000 ns	      9388	80002160	0357f033	remu	x0,x15,x21	 x15:0x00000000 x21:0x00000000
      93925.000 ns	      9391	80002164	20331c53	fsgnjn.s	f24,f6,f3	  f6:0xcf000000  f3:0xcefff7e0 f24=0x4f000000
      93955.000 ns	      9394	80002168	0235c033	div	x0,x11,x3	 x11:0x00000004  x3:0x00000000
      93975.000 ns	      9396	8000216c	007c2c33	slt	x24,x24,x7	 x24:0x00000000  x7:0x00000001 x24=0x00000001
      93995.000 ns	      9398	80002170	e0079153	fclass.s	x2,f15	 f15:0xbf7fff38  x2=0x00000002
      94025.000 ns	      9401	80002174	a0bd0953	fle.s	x18,f26,f11	 f26:0x00000000 f11:0x00000000 x18=0x00000001
      94045.000 ns	      9403	80002178	41888cb3	sub	x25,x17,x24	 x17:0x80040fe4 x24:0x00000001 x25=0x80040fe3
      94065.000 ns	      9405	8000217c	a1be0d53	fle.s	x26,f28,f27	 f28:0x80000000 f27:0xd4bc7fff x26=0x00000000
      94085.000 ns	      9407	80002180	01869293	slli	x5,x13,0x18	 x13:0x00000000  x5=0x00000000
      94095.000 ns	      9408	80002184	129faf93	slti	x31,x31,297	 x31:0x00000000 x31=0x00000001
      94115.000 ns	      9410	80002188	d01b4e53	fcvt.s.wu	f28,x22	 x22:0x00000000 f28=0x00000000
      94135.000 ns	      9412	8000218c	012b5493	srli	x9,x22,0x12	 x22:0x00000000  x9=0x00000000
      94165.000 ns	      9415	80002190	10c62253	fmul.s	f4,f12,f12	 f12:0x3f7fff38 f12:0x3f7fff38  f4=0x3f7ffe70
      94195.000 ns	      9418	80002194	02090fb3	mul	x31,x18,x0	 x18:0x00000001  x0:0x00000000 x31=0x00000000
      94225.000 ns	      9421	80002198	20ca0753	fsgnj.s	f14,f20,f12	 f20:0x7fc00000 f12:0x3f7fff38 f14=0x7fc00000
      94265.000 ns	      9425	8000219c	10577ad3	fmul.s	f21,f14,f5	 f14:0xffc00000  f5:0x4c875fff f21=0x7fc00000
      94285.000 ns	      9427	800021a0	011a62b3	or	x5,x20,x17	 x20:0x00000226 x17:0x80040fe4  x5=0x80040fe6
      94295.000 ns	      9428	800021a4	00eb2c33	slt	x24,x22,x14	 x22:0x00000000 x14:0xffffffff x24=0x00000000
      94305.000 ns	      9429	800021a8	01409393	slli	x7,x1,0x14	  x1:0x01000000  x7=0x00000000
      94325.000 ns	      9431	800021ac	a106aed3	feq.s	x29,f13,f16	 f13:0xcf7f8000 f16:0x00000000 x29=0x00000000
      94355.000 ns	      9434	800021b0	20252fd3	fsgnjx.s	f31,f10,f2	 f10:0x4f7fffff  f2:0x80000000 f31=0xcf7fffff
      94395.000 ns	      9438	800021b4	58049753	fsqrt.s	f14,f9	  f9:0x00000000 f14=0x00000000
      94435.000 ns	      9442	800021b8	5809f053	fsqrt.s	f0,f19	 f19:0x00000000  f0=0x00000000
      94465.000 ns	      9445	800021bc	a15c0fd3	fle.s	x31,f24,f21	 f24:0x4f000000 f21:0x7fc00000 x31=0x00000000
      94495.000 ns	      9448	800021c0	28501dd3	fmax.s	f27,f0,f5	  f0:0x00000000  f5:0x4c875fff f27=0x4c875fff
      94525.000 ns	      9451	800021c4	d00a02d3	fcvt.s.w	f5,x20	 x20:0x00000226  f5=0x44098000
      94565.000 ns	      9455	800021c8	187efcd3	fdiv.s	f25,f29,f7	 f29:0x7fc00000  f7:0x44444000 f25=0x7fc00000
      94595.000 ns	      9458	800021cc	211f02d3	fsgnj.s	f5,f30,f17	 f30:0x80000000 f17:0x54bc8086  f5=0x00000000
      94615.000 ns	      9460	800021d0	7bc8b993	sltiu	x19,x17,1980	 x17:0x80040fe4 x19=0x00000000
      94635.000 ns	      9462	800021d4	a08e9553	flt.s	x10,f29,f8	 f29:0x7fc00000  f8:0x7fc00000 x10=0x00000000
      94655.000 ns	      9464	800021d8	b6fe0393	addi	x7,x28,-1169	 x28:0x80041024  x7=0x80040b93
      94675.000 ns	      9466	800021dc	c0021453	fcvt.w.s	x8,f4	  f4:0x3f7ffe70  x8=0x00000000
      94705.000 ns	      9469	800021e0	030c0a33	mul	x20,x24,x16	 x24:0x00000000 x16:0xfffffb7e x20=0x00000000
      94725.000 ns	      9471	800021e4	b8ceed97	auipc	x27,0xb8cee	 x27=0x38cf01e4
      94745.000 ns	      9473	800021e8	a09aabd3	feq.s	x23,f21,f9	 f21:0x7fc00000  f9:0x00000000 x23=0x00000000
      94765.000 ns	      9475	800021ec	006ca633	slt	x12,x25,x6	 x25:0x80040fe3  x6:0xff800000 x12=0x00000001
      94795.000 ns	      9478	800021f0	18e24753	fdiv.s	f14,f4,f14	  f4:0x3f7ffe70 f14:0x00000000 f14=0x7f800000
      94825.000 ns	      9481	800021f4	e0069753	fclass.s	x14,f13	 f13:0xcf7f8000 x14=0x00000002
      94845.000 ns	      9483	800021f8	27ae6a17	auipc	x20,0x27ae6	 x20=0xa7ae81f8
      94865.000 ns	      9485	800021fc	c019f2d3	fcvt.wu.s	x5,f19	 f19:0x00000000  x5=0x00000000
      94885.000 ns	      9487	80002200	0066a7b3	slt	x15,x13,x6	 x13:0x00000000  x6:0xff800000 x15=0x00000000
      94905.000 ns	      9489	80002204	031da433	mulhsu	x8,x27,x17	 x27:0x38cf01e4 x17:0x80040fe4  x8=0x1c6867b4
      94935.000 ns	      9492	80002208	f00d0253	fmv.w.x	f4,x26	 x26:0x00000000  f4=0x00000000
      94965.000 ns	      9495	8000220c	0297a633	mulhsu	x12,x15,x9	 x15:0x00000000  x9:0x00000000 x12=0x00000000
      94995.000 ns	      9498	80002210	03d99833	mulh	x16,x19,x29	 x19:0x00000000 x29:0x00000000 x16=0x00000000
      95025.000 ns	      9501	80002214	02abfb33	remu	x22,x23,x10	 x23:0x00000000 x10:0x00000000 x22=0x00000000
      95055.000 ns	      9504	80002218	03480bb3	mul	x23,x16,x20	 x16:0x00000000 x20:0xa7ae81f8 x23=0x00000000
      95085.000 ns	      9507	8000221c	286305d3	fmin.s	f11,f6,f6	  f6:0xcf000000  f6:0xcf000000 f11=0xcf000000
      95105.000 ns	      9509	80002220	416482b3	sub	x5,x9,x22	  x9:0x00000000 x22:0x00000000  x5=0x00000000
      95125.000 ns	      9511	80002224	021507b3	mul	x15,x10,x1	 x10:0x00000000  x1:0x01000000 x15=0x00000000
      95175.000 ns	      9516	80002228	008cb353	fadd.s	f6,f25,f8	 f25:0x7fc00000  f8:0x7fc00000  f6=0x7fc00000
      95205.000 ns	      9519	8000222c	c01209d3	fcvt.wu.s	x19,f4	  f4:0x00000000 x19=0x00000000
      95225.000 ns	      9521	80002230	01cb7133	and	x2,x22,x28	 x22:0x00000000 x28:0x80041024  x2=0x00000000
      95245.000 ns	      9523	80002234	a1e49953	flt.s	x18,f9,f30	  f9:0x00000000 f30:0x80000000 x18=0x00000000
      95275.000 ns	      9526	80002238	032b13b3	mulh	x7,x22,x18	 x22:0x00000000 x18:0x00000001  x7=0x00000000
      95325.000 ns	      9531	8000223c	081579d3	fsub.s	f19,f10,f1	 f10:0x4f7fffff  f1:0x00000000 f19=0x4f7fffff
      95355.000 ns	      9534	80002240	d0187f53	fcvt.s.wu	f30,x16	 x16:0x00000000 f30=0x00000000
      95385.000 ns	      9537	80002244	e0009753	fclass.s	x14,f1	  f1:0x00000000 x14=0x00000010
      95415.000 ns	      9540	80002248	c001f253	fcvt.w.s	x4,f3	  f3:0xcefff7e0  x4=0x7ffbf000
      95435.000 ns	      9542	8000224c	01f103b3	add	x7,x2,x31	  x2:0x00000000 x31:0x00000000  x7=0x00000000
      95455.000 ns	      9544	80002250	f00d8553	fmv.w.x	f10,x27	 x27:0x38cf01e4 f10=0x38cf01e4
      95475.000 ns	      9546	80002254	cccdbb93	sltiu	x23,x27,-820	 x27:0x38cf01e4 x23=0x00000001
      95495.000 ns	      9548	80002258	039c30b3	mulhu	x1,x24,x25	 x24:0x00000000 x25:0x80040fe3  x1=0x00000000
      95515.000 ns	      9550	8000225c	b5c3ff93	andi	x31,x7,-1188	  x7:0x00000000 x31=0x00000000
      95535.000 ns	      9552	80002260	03a47c33	remu	x24,x8,x26	  x8:0x1c6867b4 x26:0x00000000 x24=0x1c6867b4
      95565.000 ns	      9555	80002264	c00373d3	fcvt.w.s	x7,f6	  f6:0x7fc00000  x7=0x7fffffff
      95585.000 ns	      9557	80002268	00271b13	slli	x22,x14,0x2	 x14:0x00000010 x22=0x00000040
      95605.000 ns	      9559	8000226c	021c02b3	mul	x5,x24,x1	 x24:0x1c6867b4  x1:0x00000000  x5=0x00000000
      95635.000 ns	      9562	80002270	03ca8d33	mul	x26,x21,x28	 x21:0x00000000 x28:0x80041024 x26=0x00000000
      95665.000 ns	      9565	80002274	c01b0353	fcvt.wu.s	x6,f22	 f22:0xcefff7e0  x6=0x7ffbf000
      95685.000 ns	      9567	80002278	40ed5d33	sra	x26,x26,x14	 x26:0x00000000 x14:0x00000010 x26=0x00000000
      95695.000 ns	      9568	8000227c	00a37d33	and	x26,x6,x10	  x6:0x7ffbf000 x10:0x00000000 x26=0x00000000
      95705.000 ns	      9569	80002280	00d84313	xori	x6,x16,13	 x16:0x00000000  x6=0x0000000d
      95725.000 ns	      9571	80002284	c00bc353	fcvt.w.s	x6,f23	 f23:0x00000000  x6=0x00000000
      95745.000 ns	      9573	80002288	418e8733	sub	x14,x29,x24	 x29:0x00000000 x24:0x1c6867b4 x14=0xe397984c
      95765.000 ns	      9575	8000228c	289888d3	fmin.s	f17,f17,f9	 f17:0x54bc8086  f9:0x00000000 f17=0x00000000
      95795.000 ns	      9578	80002290	a1069ed3	flt.s	x29,f13,f16	 f13:0xcf7f8000 f16:0x00000000 x29=0x00000001
      95825.000 ns	      9581	80002294	c0070953	fcvt.w.s	x18,f14	 f14:0x7f800000 x18=0x7fffffff
      95855.000 ns	      9584	80002298	286b8553	fmin.s	f10,f23,f6	 f23:0x00000000  f6:0x7fc00000 f10=0x00000000
      95885.000 ns	      9587	8000229c	c0034dd3	fcvt.w.s	x27,f6	  f6:0x7fc00000 x27=0x7fffffff
      95915.000 ns	      9590	800022a0	022876b3	remu	x13,x16,x2	 x16:0x00000000  x2:0x00000000 x13=0x00000000
      95945.000 ns	      9593	800022a4	024c9333	mulh	x6,x25,x4	 x25:0x80040fe3  x4:0x7ffbf000  x6=0xc0040fe0
      95975.000 ns	      9596	800022a8	c012f5d3	fcvt.wu.s	x11,f5	  f5:0x00000000 x11=0x00000000
      96005.000 ns	      9599	800022ac	0242b3b3	mulhu	x7,x5,x4	  x5:0x00000000  x4:0x7ffbf000  x7=0x00000000
      96035.000 ns	      9602	800022b0	28859553	fmax.s	f10,f11,f8	 f11:0xcf000000  f8:0x7fc00000 f10=0xcf000000
      96055.000 ns	      9604	800022b4	0021a033	slt	x0,x3,x2	  x3:0x00000000  x2:0x00000000
      96065.000 ns	      9605	800022b8	00d0a533	slt	x10,x1,x13	  x1:0x00000000 x13:0x00000000 x10=0x00000000
      96075.000 ns	      9606	800022bc	135b8813	addi	x16,x23,309	 x23:0x00000001 x16=0x00000136
      96095.000 ns	      9608	800022c0	f00c85d3	fmv.w.x	f11,x25	 x25:0x80040fe3 f11=0x80040fe3
      96115.000 ns	      9610	800022c4	e7a816b7	lui	x13,0xe7a81	 x13=0xe7a81000
      96125.000 ns	      9611	800022c8	dcd58913	addi	x18,x11,-563	 x11:0x00000000 x18=0xfffffdcd
      96135.000 ns	      9612	800022cc	071ab213	sltiu	x4,x21,113	 x21:0x00000000  x4=0x00000001
      96155.000 ns	      9614	800022d0	20671b53	fsgnjn.s	f22,f14,f6	 f14:0x7f800000  f6:0x7fc00000 f22=0xff800000
      96185.000 ns	      9617	800022d4	29e91fd3	fmax.s	f31,f18,f30	 f18:0x4f2fb60f f30:0x00000000 f31=0x4f2fb60f
      96235.000 ns	      9622	800022d8	08a2f753	fsub.s	f14,f5,f10	  f5:0x00000000 f10:0xcf000000 f14=0x4f000000
      96255.000 ns	      9624	800022dc	00a16c33	or	x24,x2,x10	  x2:0x00000000 x10:0x00000000 x24=0x00000000
      96275.000 ns	      9626	800022e0	c000bad3	fcvt.w.s	x21,f1	  f1:0x00000000 x21=0x00000000
      96305.000 ns	      9629	800022e4	29b61dd3	fmax.s	f27,f12,f27	 f12:0x3f7fff38 f27:0x4c875fff f27=0x4c875fff
      96345.000 ns	      9633	800022e8	1135c4d3	fmul.s	f9,f11,f19	 f11:0x80040fe3 f19:0x4f7fffff  f9=0x8e01fc60
      96375.000 ns	      9636	800022ec	a1861b53	flt.s	x22,f12,f24	 f12:0x3f7fff38 f24:0x4f000000 x22=0x00000001
      96395.000 ns	      9638	800022f0	00000013	addi	x0,x0,0	  x0:0x00000000
      96415.000 ns	      9640	800022f4	e00501d3	fmv.x.w	x3,f10	 f10:0xcf000000  x3=0xcf000000
      96435.000 ns	      9642	800022f8	00000013	addi	x0,x0,0	  x0:0x00000000
      96445.000 ns	      9643	800022fc	1bf60997	auipc	x19,0x1bf60	 x19=0x9bf622fc
      96455.000 ns	      9644	80002300	417c5f93	srai	x31,x24,0x17	 x24:0x00000000 x31=0x00000000
      96815.000 ns	      9680	80002304	03e26533	rem	x10,x4,x30	  x4:0x00000001 x30:0x00000005 x10=0x00000001
      96845.000 ns	      9683	80002308	d00415d3	fcvt.s.w	f11,x8	  x8:0x1c6867b4 f11=0x4de3433d
      96885.000 ns	      9687	8000230c	1823f7d3	fdiv.s	f15,f7,f2	  f7:0x44444000  f2:0x80000000 f15=0xff800000
      96915.000 ns	      9690	80002310	a08c23d3	feq.s	x7,f24,f8	 f24:0x4f000000  f8:0x7fc00000  x7=0x00000000
      96935.000 ns	      9692	80002314	7310ad13	slti	x26,x1,1841	  x1:0x00000000 x26=0x00000001
      96965.000 ns	      9695	80002318	5804f0d3	fsqrt.s	f1,f9	  f9:0x8e01fc60  f1=0x7fc00000
      96985.000 ns	      9697	8000231c	005ebd33	sltu	x26,x29,x5	 x29:0x00000001  x5:0x00000000 x26=0x00000000
      97005.000 ns	      9699	80002320	20f12953	fsgnjx.s	f18,f2,f15	  f2:0x80000000 f15:0xff800000 f18=0x00000000
      97375.000 ns	      9736	80002324	0348ccb3	div	x25,x17,x20	 x17:0x80040fe4 x20:0xa7ae81f8 x25=0x00000001
      97405.000 ns	      9739	80002328	d005a553	fcvt.s.w	f10,x11	 x11:0x00000000 f10=0x00000000
      97435.000 ns	      9742	8000232c	02588d33	mul	x26,x17,x5	 x17:0x80040fe4  x5:0x00000000 x26=0x00000000
      97465.000 ns	      9745	80002330	c0187053	fcvt.wu.s	x0,f16	 f16:0x00000000
      97495.000 ns	      9748	80002334	e00b1753	fclass.s	x14,f22	 f22:0xff800000 x14=0x00000001
      97515.000 ns	      9750	80002338	00000013	addi	x0,x0,0	  x0:0x00000000
      97535.000 ns	      9752	8000233c	a01d0453	fle.s	x8,f26,f1	 f26:0x00000000  f1:0x7fc00000  x8=0x00000000
      97565.000 ns	      9755	80002340	c01840d3	fcvt.wu.s	x1,f16	 f16:0x00000000  x1=0x00000000
      97595.000 ns	      9758	80002344	c00ef3d3	fcvt.w.s	x7,f29	 f29:0x7fc00000  x7=0x7fffffff
      97645.000 ns	      9763	80002348	01cef5d3	fadd.s	f11,f29,f28	 f29:0x7fc00000 f28:0x00000000 f11=0x7fc00000
      97685.000 ns	      9767	8000234c	19fe7153	fdiv.s	f2,f28,f31	 f28:0x00000000 f31:0x4f2fb60f  f2=0x00000000
      97715.000 ns	      9770	80002350	d00ccad3	fcvt.s.w	f21,x25	 x25:0x00000001 f21=0x3f800000
      97745.000 ns	      9773	80002354	21282853	fsgnjx.s	f16,f16,f18	 f16:0x00000000 f18:0x00000000 f16=0x00000000
      97775.000 ns	      9776	80002358	0386d833	divu	x16,x13,x24	 x13:0xe7a81000 x24:0x00000000 x16=0xffffffff
      97795.000 ns	      9778	8000235c	00000013	addi	x0,x0,0	  x0:0x00000000
      97815.000 ns	      9780	80002360	030ca633	mulhsu	x12,x25,x16	 x25:0x00000001 x16:0xffffffff x12=0x00000000
      97835.000 ns	      9782	80002364	00916833	or	x16,x2,x9	  x2:0x00000000  x9:0x00000000 x16=0x00000000
      97855.000 ns	      9784	80002368	d018f753	fcvt.s.wu	f14,x17	 x17:0x80040fe4 f14=0x4f00040f
      97885.000 ns	      9787	8000236c	a045a053	feq.s	x0,f11,f4	 f11:0x7fc00000  f4:0x00000000
      97915.000 ns	      9790	80002370	21bc0cd3	fsgnj.s	f25,f24,f27	 f24:0x4f000000 f27:0x4c875fff f25=0x4f000000
      97935.000 ns	      9792	80002374	20453193	sltiu	x3,x10,516	 x10:0x00000001  x3=0x00000001
      97955.000 ns	      9794	80002378	c01ba6d3	fcvt.wu.s	x13,f23	 f23:0x00000000 x13=0x00000000
      97985.000 ns	      9797	8000237c	d00fc4d3	fcvt.s.w	f9,x31	 x31:0x00000000  f9=0x00000000
      98015.000 ns	      9800	80002380	0284c2b3	div	x5,x9,x8	  x9:0x00000000  x8:0x00000000  x5=0xffffffff
      98385.000 ns	      9837	80002384	03baf933	remu	x18,x21,x27	 x21:0x00000000 x27:0x7fffffff x18=0x00000000
      98415.000 ns	      9840	80002388	28e29753	fmax.s	f14,f5,f14	  f5:0x00000000 f14:0x4f00040f f14=0x4f00040f
      98435.000 ns	      9842	8000238c	40578433	sub	x8,x15,x5	 x15:0x00000000  x5:0xffffffff  x8=0x00000001
      98445.000 ns	      9843	80002390	00cbd433	srl	x8,x23,x12	 x23:0x00000001 x12:0x00000000  x8=0x00000001
      98455.000 ns	      9844	80002394	40b65333	sra	x6,x12,x11	 x12:0x00000000 x11:0x00000000  x6=0x00000000
      98465.000 ns	      9845	80002398	401bd793	srai	x15,x23,0x1	 x23:0x00000001 x15=0x00000000
      98485.000 ns	      9847	8000239c	e00883d3	fmv.x.w	x7,f17	 f17:0x00000000  x7=0x00000000
      98515.000 ns	      9850	800023a0	29df1353	fmax.s	f6,f30,f29	 f30:0x00000000 f29:0x7fc00000  f6=0x00000000
      98565.000 ns	      9855	800023a4	09047b53	fsub.s	f22,f8,f16	  f8:0x7fc00000 f16:0x00000000 f22=0x7fc00000
      98585.000 ns	      9857	800023a8	4085d2b3	sra	x5,x11,x8	 x11:0x00000000  x8:0x00000001  x5=0x00000000
      98605.000 ns	      9859	800023ac	28de16d3	fmax.s	f13,f28,f13	 f28:0x00000000 f13:0xcf7f8000 f13=0x00000000
      98625.000 ns	      9861	800023b0	00000013	addi	x0,x0,0	  x0:0x00000000
      98645.000 ns	      9863	800023b4	210e84d3	fsgnj.s	f9,f29,f16	 f29:0x7fc00000 f16:0x00000000  f9=0x7fc00000
      98675.000 ns	      9866	800023b8	214d22d3	fsgnjx.s	f5,f26,f20	 f26:0x00000000 f20:0x7fc00000  f5=0x00000000
      98695.000 ns	      9868	800023bc	4132dc13	srai	x24,x5,0x13	  x5:0x00000000 x24=0x00000000
      98705.000 ns	      9869	800023c0	0000abb3	slt	x23,x1,x0	  x1:0x00000000  x0:0x00000000 x23=0x00000000
      98725.000 ns	      9871	800023c4	d000a2d3	fcvt.s.w	f5,x1	  x1:0x00000000  f5=0x00000000
      98745.000 ns	      9873	800023c8	00b2aeb3	slt	x29,x5,x11	  x5:0x00000000 x11:0x00000000 x29=0x00000000
      98765.000 ns	      9875	800023cc	e00506d3	fmv.x.w	x13,f10	 f10:0x00000000 x13=0x00000000
      98785.000 ns	      9877	800023d0	c3cf1817	auipc	x16,0xc3cf1	 x16=0x43cf33d0
      98805.000 ns	      9879	800023d4	295d1153	fmax.s	f2,f26,f21	 f26:0x00000000 f21:0x3f800000  f2=0x3f800000
      98825.000 ns	      9881	800023d8	0c995037	lui	x0,0xc995	
      98835.000 ns	      9882	800023dc	0190deb3	srl	x29,x1,x25	  x1:0x00000000 x25:0x00000001 x29=0x00000000
      98855.000 ns	      9884	800023e0	29ab0353	fmin.s	f6,f22,f26	 f22:0x7fc00000 f26:0x00000000  f6=0x00000000
      98885.000 ns	      9887	800023e4	02697a33	remu	x20,x18,x6	 x18:0x00000000  x6:0x00000000 x20=0x00000000
      98915.000 ns	      9890	800023e8	c00cac53	fcvt.w.s	x24,f25	 f25:0x4f000000 x24=0x7fffffff
      98935.000 ns	      9892	800023ec	00cbe5b3	or	x11,x23,x12	 x23:0x00000000 x12:0x00000000 x11=0x00000000
      98945.000 ns	      9893	800023f0	e8cd8317	auipc	x6,0xe8cd8	  x6=0x68cda3f0
      98955.000 ns	      9894	800023f4	18952093	slti	x1,x10,393	 x10:0x00000001  x1=0x00000001
      98965.000 ns	      9895	800023f8	00a3a5b3	slt	x11,x7,x10	  x7:0x00000000 x10:0x00000001 x11=0x00000001
      99325.000 ns	      9931	800023fc	039f50b3	divu	x1,x30,x25	 x30:0x00000005 x25:0x00000001  x1=0x00000005
      99345.000 ns	      9933	80002400	a2b72197	auipc	x3,0xa2b72	  x3=0x22b74400
      99355.000 ns	      9934	80002404	017333b3	sltu	x7,x6,x23	  x6:0x68cda3f0 x23:0x00000000  x7=0x00000000
      99365.000 ns	      9935	80002408	00000013	addi	x0,x0,0	  x0:0x00000000
      99725.000 ns	      9971	8000240c	02be5b33	divu	x22,x28,x11	 x28:0x80041024 x11:0x00000001 x22=0x80041024
      99745.000 ns	      9973	80002410	0191e533	or	x10,x3,x25	  x3:0x22b74400 x25:0x00000001 x10=0x22b74401
      99755.000 ns	      9974	80002414	01cf9613	slli	x12,x31,0x1c	 x31:0x00000000 x12=0x00000000
      99765.000 ns	      9975	80002418	40608ab3	sub	x21,x1,x6	  x1:0x00000005  x6:0x68cda3f0 x21=0x97325c15
      99785.000 ns	      9977	8000241c	e00b0b53	fmv.x.w	x22,f22	 f22:0x7fc00000 x22=0x7fc00000
      99815.000 ns	      9980	80002420	29f915d3	fmax.s	f11,f18,f31	 f18:0x00000000 f31:0x4f2fb60f f11=0x4f2fb60f
      99845.000 ns	      9983	80002424	c0027753	fcvt.w.s	x14,f4	  f4:0x00000000 x14=0x00000000
      99875.000 ns	      9986	80002428	032f7d33	remu	x26,x30,x18	 x30:0x00000005 x18:0x00000000 x26=0x00000005
      99895.000 ns	      9988	8000242c	004137b3	sltu	x15,x2,x4	  x2:0x00000000  x4:0x00000001 x15=0x00000001
      99915.000 ns	      9990	80002430	d00638d3	fcvt.s.w	f17,x12	 x12:0x00000000 f17=0x00000000
      99945.000 ns	      9993	80002434	e0049853	fclass.s	x16,f9	  f9:0x7fc00000 x16=0x00000200
      99975.000 ns	      9996	80002438	280e0dd3	fmin.s	f27,f28,f0	 f28:0x00000000  f0:0x00000000 f27=0x00000000
     100005.000 ns	      9999	8000243c	d0039253	fcvt.s.w	f4,x7	  x7:0x00000000  f4=0x00000000
     100035.000 ns	     10002	80002440	a027a353	feq.s	x6,f15,f2	 f15:0xff800000  f2:0x3f800000  x6=0x00000000
     100055.000 ns	     10004	80002444	fea10a93	addi	x21,x2,-22	  x2:0x00000000 x21=0xffffffea
     100065.000 ns	     10005	80002448	41bbdd93	srai	x27,x23,0x1b	 x23:0x00000000 x27=0x00000000
     100075.000 ns	     10006	8000244c	01c61293	slli	x5,x12,0x1c	 x12:0x00000000  x5=0x00000000
     100085.000 ns	     10007	80002450	00921393	slli	x7,x4,0x9	  x4:0x00000001  x7=0x00000200
     100105.000 ns	     10009	80002454	02fd3d33	mulhu	x26,x26,x15	 x26:0x00000005 x15:0x00000001 x26=0x00000000
     100475.000 ns	     10046	80002458	021e7233	remu	x4,x28,x1	 x28:0x80041024  x1:0x00000005  x4=0x00000004
     100495.000 ns	     10048	8000245c	0012d7b3	srl	x15,x5,x1	  x5:0x00000000  x1:0x00000005 x15=0x00000000
     100505.000 ns	     10049	80002460	01855033	srl	x0,x10,x24	 x10:0x22b74401 x24:0x7fffffff
     100545.000 ns	     10053	80002464	094d77d3	fsub.s	f15,f26,f20	 f26:0x00000000 f20:0x7fc00000 f15=0x7fc00000
     100565.000 ns	     10055	80002468	002ffd33	and	x26,x31,x2	 x31:0x00000000  x2:0x00000000 x26=0x00000000
     100585.000 ns	     10057	8000246c	02ea8833	mul	x16,x21,x14	 x21:0xffffffea x14:0x00000000 x16=0x00000000
     100605.000 ns	     10059	80002470	cbd43397	auipc	x7,0xcbd43	  x7=0x4bd45470
     100625.000 ns	     10061	80002474	2174a7d3	fsgnjx.s	f15,f9,f23	  f9:0x7fc00000 f23:0x00000000 f15=0x7fc00000
     100645.000 ns	     10063	80002478	00deacb3	slt	x25,x29,x13	 x29:0x00000000 x13:0x00000000 x25=0x00000000
     100665.000 ns	     10065	8000247c	03f8cd33	div	x26,x17,x31	 x17:0x80040fe4 x31:0x00000000 x26=0xffffffff
     100685.000 ns	     10067	80002480	0015eeb3	or	x29,x11,x1	 x11:0x00000001  x1:0x00000005 x29=0x00000005
     101045.000 ns	     10103	80002484	038f5633	divu	x12,x30,x24	 x30:0x00000005 x24:0x7fffffff x12=0x00000000
     101415.000 ns	     10140	80002488	03d7d233	divu	x4,x15,x29	 x15:0x00000000 x29:0x00000000  x4=0x00000000
     101455.000 ns	     10144	8000248c	199e7153	fdiv.s	f2,f28,f25	 f28:0x00000000 f25:0x4f000000  f2=0x00000000
     101475.000 ns	     10146	80002490	000ead33	slt	x26,x29,x0	 x29:0x00000005  x0:0x00000000 x26=0x00000000
     101495.000 ns	     10148	80002494	d01ef853	fcvt.s.wu	f16,x29	 x29:0x00000005 f16=0x40a00000
     101515.000 ns	     10150	80002498	90584c13	xori	x24,x16,-1787	 x16:0x00000000 x24=0xfffff905
     101875.000 ns	     10186	8000249c	02adf733	remu	x14,x27,x10	 x27:0x00000000 x10:0x22b74401 x14=0x00000000
     101905.000 ns	     10189	800024a0	02b1a6b3	mulhsu	x13,x3,x11	  x3:0x22b74400 x11:0x00000001 x13=0x00000000
     101925.000 ns	     10191	800024a4	40345733	sra	x14,x8,x3	  x8:0x00000001  x3:0x22b74400 x14=0x00000001
     101955.000 ns	     10194	800024a8	101af8d3	fmul.s	f17,f21,f1	 f21:0x3f800000  f1:0x7fc00000 f17=0x7fc00000
     101975.000 ns	     10196	800024ac	9b75c713	xori	x14,x11,-1609	 x11:0x00000001 x14=0xfffff9b6
     101995.000 ns	     10198	800024b0	f00e8453	fmv.w.x	f8,x29	 x29:0x00000005  f8=0x00000005
     102015.000 ns	     10200	800024b4	40e68db3	sub	x27,x13,x14	 x13:0x00000000 x14:0x00000001 x27=0x0000064a
     102045.000 ns	     10203	800024b8	580275d3	fsqrt.s	f11,f4	  f4:0x00000000 f11=0x00000000
     102075.000 ns	     10206	800024bc	03f6d6b3	divu	x13,x13,x31	 x13:0x00000000 x31:0x00000000 x13=0xffffffff
     102105.000 ns	     10209	800024c0	c0001fd3	fcvt.w.s	x31,f0	  f0:0x00000000 x31=0x00000000
     102125.000 ns	     10211	800024c4	40ddd9b3	sra	x19,x27,x13	 x27:0x0000064a x13:0xffffffff x19=0x00000000
     102155.000 ns	     10214	800024c8	11f682d3	fmul.s	f5,f13,f31	 f13:0x00000000 f31:0x4f2fb60f  f5=0x00000000
     102175.000 ns	     10216	800024cc	5484aa93	slti	x21,x9,1352	  x9:0x00000000 x21=0x00000001
     102215.000 ns	     10220	800024d0	09c272d3	fsub.s	f5,f4,f28	  f4:0x00000000 f28:0x00000000  f5=0x80000000
     102245.000 ns	     10223	800024d4	a17e2b53	feq.s	x22,f28,f23	 f28:0x00000000 f23:0x00000000 x22=0x00000001
     102265.000 ns	     10225	800024d8	ddccb1b7	lui	x3,0xddccb	  x3=0xddccb000
     102275.000 ns	     10226	800024dc	009e9493	slli	x9,x29,0x9	 x29:0x00000005  x9=0x00000a00
     102295.000 ns	     10228	800024e0	e00285d3	fmv.x.w	x11,f5	  f5:0x80000000 x11=0x80000000
     102325.000 ns	     10231	800024e4	d00b7f53	fcvt.s.w	f30,x22	 x22:0x00000001 f30=0x3f800000
     102355.000 ns	     10234	800024e8	29390f53	fmin.s	f30,f18,f19	 f18:0x00000000 f19:0x4f7fffff f30=0x00000000
     102385.000 ns	     10237	800024ec	e00a91d3	fclass.s	x3,f21	 f21:0x3f800000  x3=0x00000040
     102425.000 ns	     10241	800024f0	580b0dd3	fsqrt.s	f27,f22	 f22:0x7fc00000 f27=0x7fc00000
     102445.000 ns	     10243	800024f4	402e5b93	srai	x23,x28,0x2	 x28:0x80041024 x23=0xe0010409
     102455.000 ns	     10244	800024f8	01a68633	add	x12,x13,x26	 x13:0xffffffff x26:0x00000000 x12=0xffffffff
     102465.000 ns	     10245	800024fc	b5ae0093	addi	x1,x28,-1190	 x28:0x80041024  x1=0x80040b7e
     102475.000 ns	     10246	80002500	087f7993	andi	x19,x30,135	 x30:0x00000005 x19=0x00000005
     102485.000 ns	     10247	80002504	01363eb3	sltu	x29,x12,x19	 x12:0xffffffff x19:0x00000000 x29=0x00000000
     102495.000 ns	     10248	80002508	01ef1d13	slli	x26,x30,0x1e	 x30:0x00000005 x26=0x40000000
     102505.000 ns	     10249	8000250c	89b1d237	lui	x4,0x89b1d	  x4=0x89b1d000
     102535.000 ns	     10252	80002510	10f9be53	fmul.s	f28,f19,f15	 f19:0x4f7fffff f15:0x7fc00000 f28=0x7fc00000
     102555.000 ns	     10254	80002514	016e50b3	srl	x1,x28,x22	 x28:0x80041024 x22:0x00000001  x1=0x40020812
     102565.000 ns	     10255	80002518	e1052bb7	lui	x23,0xe1052	 x23=0xe1052000
     102585.000 ns	     10257	8000251c	f00e8953	fmv.w.x	f18,x29	 x29:0x00000000 f18=0x00000000
     102605.000 ns	     10259	80002520	40795c13	srai	x24,x18,0x7	 x18:0x00000000 x24=0x00000000
     102635.000 ns	     10262	80002524	193e3ad3	fdiv.s	f21,f28,f19	 f28:0x7fc00000 f19:0x4f7fffff f21=0x7fc00000
     103005.000 ns	     10299	80002528	031d66b3	rem	x13,x26,x17	 x26:0x40000000 x17:0x80040fe4 x13=0x40000000
     103035.000 ns	     10302	8000252c	208696d3	fsgnjn.s	f13,f13,f8	 f13:0x00000000  f8:0x00000005 f13=0x80000000
     103055.000 ns	     10304	80002530	01a09393	slli	x7,x1,0x1a	  x1:0x40020812  x7=0x48000000
     103075.000 ns	     10306	80002534	283590d3	fmax.s	f1,f11,f3	 f11:0x00000000  f3:0xcefff7e0  f1=0x00000000
     103095.000 ns	     10308	80002538	00629b33	sll	x22,x5,x6	  x5:0x00000000  x6:0x00000000 x22=0x00000000
     103115.000 ns	     10310	8000253c	281c06d3	fmin.s	f13,f24,f1	 f24:0x4f000000  f1:0x00000000 f13=0x00000000
     103145.000 ns	     10313	80002540	f0078053	fmv.w.x	f0,x15	 x15:0x00000000  f0=0x00000000
     103175.000 ns	     10316	80002544	29a91153	fmax.s	f2,f18,f26	 f18:0x00000000 f26:0x00000000  f2=0x00000000
     103205.000 ns	     10319	80002548	a0cc2553	feq.s	x10,f24,f12	 f24:0x4f000000 f12:0x3f7fff38 x10=0x00000000
     103235.000 ns	     10322	8000254c	e00f0d53	fmv.x.w	x26,f30	 f30:0x00000000 x26=0x00000000
     103255.000 ns	     10324	80002550	41715513	srai	x10,x2,0x17	  x2:0x00000000 x10=0x00000000
     103615.000 ns	     10360	80002554	03144fb3	div	x31,x8,x17	  x8:0x00000001 x17:0x80040fe4 x31=0x00000000
     103985.000 ns	     10397	80002558	0212d0b3	divu	x1,x5,x1	  x5:0x00000000  x1:0x40020812  x1=0x00000000
     104015.000 ns	     10400	8000255c	e00f0d53	fmv.x.w	x26,f30	 f30:0x00000000 x26=0x00000000
     104065.000 ns	     10405	80002560	0809f7d3	fsub.s	f15,f19,f0	 f19:0x4f7fffff  f0:0x00000000 f15=0x4f7fffff
     104085.000 ns	     10407	80002564	74a40413	addi	x8,x8,1866	  x8:0x00000001  x8=0x0000074b
     104415.000 ns	     10440	80002568	190fbe53	fdiv.s	f28,f31,f16	 f31:0x4f2fb60f f16:0x40a00000 f28=0x4db1e896
     104435.000 ns	     10442	8000256c	005ce2b3	or	x5,x25,x5	 x25:0x00000000  x5:0x00000000  x5=0x00000000
     104455.000 ns	     10444	80002570	f00b06d3	fmv.w.x	f13,x22	 x22:0x00000000 f13=0x00000000
     104495.000 ns	     10448	80002574	11b13653	fmul.s	f12,f2,f27	  f2:0x00000000 f27:0x7fc00000 f12=0x7fc00000
     104525.000 ns	     10451	80002578	a13b2ad3	feq.s	x21,f22,f19	 f22:0x7fc00000 f19:0x4f7fffff x21=0x00000000
     104545.000 ns	     10453	8000257c	4081d633	sra	x12,x3,x8	  x3:0x00000040  x8:0x0000074b x12=0x00000000
     104575.000 ns	     10456	80002580	580b0753	fsqrt.s	f14,f22	 f22:0x7fc00000 f14=0x7fc00000
     104595.000 ns	     10458	80002584	3ca22c13	slti	x24,x4,970	  x4:0x89b1d000 x24=0x00000001
     104615.000 ns	     10460	80002588	290c87d3	fmin.s	f15,f25,f16	 f25:0x4f000000 f16:0x40a00000 f15=0x40a00000
     104635.000 ns	     10462	8000258c	e0b7c9b7	lui	x19,0xe0b7c	 x19=0xe0b7c000
     104645.000 ns	     10463	80002590	4099d393	srai	x7,x19,0x9	 x19:0x00000005  x7=0xfff05be0
     105005.000 ns	     10499	80002594	02bdd7b3	divu	x15,x27,x11	 x27:0x0000064a x11:0x80000000 x15=0x00000000
     105025.000 ns	     10501	80002598	5d3b14b7	lui	x9,0x5d3b1	  x9=0x5d3b1000
     105045.000 ns	     10503	8000259c	297f0ad3	fmin.s	f21,f30,f23	 f30:0x00000000 f23:0x00000000 f21=0x00000000
     105065.000 ns	     10505	800025a0	41318fb3	sub	x31,x3,x19	  x3:0x00000040 x19:0xe0b7c000 x31=0x1f484040
     105075.000 ns	     10506	800025a4	404256b3	sra	x13,x4,x4	  x4:0x89b1d000  x4:0x89b1d000 x13=0x89b1d000
     105095.000 ns	     10508	800025a8	f00286d3	fmv.w.x	f13,x5	  x5:0x00000000 f13=0x00000000
     105115.000 ns	     10510	800025ac	e74d7093	andi	x1,x26,-396	 x26:0x00000000  x1=0x00000000
     105125.000 ns	     10511	800025b0	fffebe93	sltiu	x29,x29,-1	 x29:0x00000000 x29=0x00000001
     105135.000 ns	     10512	800025b4	400ddbb3	sra	x23,x27,x0	 x27:0x0000064a  x0:0x00000000 x23=0x0000064a
     105145.000 ns	     10513	800025b8	010b6c33	or	x24,x22,x16	 x22:0x00000000 x16:0x00000000 x24=0x00000000
     105155.000 ns	     10514	800025bc	00a48fb3	add	x31,x9,x10	  x9:0x5d3b1000 x10:0x00000000 x31=0x5d3b1000
     105175.000 ns	     10516	800025c0	a113a253	feq.s	x4,f7,f17	  f7:0x44444000 f17:0x7fc00000  x4=0x00000000
     105205.000 ns	     10519	800025c4	03ab8133	mul	x2,x23,x26	 x23:0x0000064a x26:0x00000000  x2=0x00000000
     105255.000 ns	     10524	800025c8	004c90d3	fadd.s	f1,f25,f4	 f25:0x4f000000  f4:0x00000000  f1=0x4f000000
     105285.000 ns	     10527	800025cc	020f71b3	remu	x3,x30,x0	 x30:0x00000005  x0:0x00000000  x3=0x00000005
     105315.000 ns	     10530	800025d0	a1422053	feq.s	x0,f4,f20	  f4:0x00000000 f20:0x7fc00000
     105345.000 ns	     10533	800025d4	d002f2d3	fcvt.s.w	f5,x5	  x5:0x00000000  f5=0x00000000
     105375.000 ns	     10536	800025d8	a10b80d3	fle.s	x1,f23,f16	 f23:0x00000000 f16:0x40a00000  x1=0x00000001
     105405.000 ns	     10539	800025dc	28679ad3	fmax.s	f21,f15,f6	 f15:0x40a00000  f6:0x00000000 f21=0x40a00000
     105425.000 ns	     10541	800025e0	00417933	and	x18,x2,x4	  x2:0x00000000  x4:0x00000000 x18=0x00000000
     105435.000 ns	     10542	800025e4	01b7e633	or	x12,x15,x27	 x15:0x00000000 x27:0x0000064a x12=0x0000064a
     105455.000 ns	     10544	800025e8	022eb1b3	mulhu	x3,x29,x2	 x29:0x00000001  x2:0x00000000  x3=0x00000000
     105825.000 ns	     10581	800025ec	02104933	div	x18,x0,x1	  x0:0x00000000  x1:0x00000001 x18=0x00000000
     105845.000 ns	     10583	800025f0	0109c9b3	xor	x19,x19,x16	 x19:0xe0b7c000 x16:0x00000000 x19=0xe0b7c000
     105855.000 ns	     10584	800025f4	4c768b93	addi	x23,x13,1223	 x13:0x89b1d000 x23=0x89b1d4c7
     105875.000 ns	     10586	800025f8	a1d18ad3	fle.s	x21,f3,f29	  f3:0xcefff7e0 f29:0x7fc00000 x21=0x00000000
     105895.000 ns	     10588	800025fc	1698c613	xori	x12,x17,361	 x17:0x80040fe4 x12=0x80040e8d
     105905.000 ns	     10589	80002600	32a57393	andi	x7,x10,810	 x10:0x00000000  x7=0x00000000
     105915.000 ns	     10590	80002604	00793733	sltu	x14,x18,x7	 x18:0x00000000  x7:0xfff05be0 x14=0x00000000
     105935.000 ns	     10592	80002608	e0078bd3	fmv.x.w	x23,f15	 f15:0x40a00000 x23=0x40a00000
     105965.000 ns	     10595	8000260c	e0098dd3	fmv.x.w	x27,f19	 f19:0x4f7fffff x27=0x4f7fffff
     105985.000 ns	     10597	80002610	01d59793	slli	x15,x11,0x1d	 x11:0x80000000 x15=0x00000000
     106005.000 ns	     10599	80002614	e00091d3	fclass.s	x3,f1	  f1:0x4f000000  x3=0x00000040
     106025.000 ns	     10601	80002618	00223433	sltu	x8,x4,x2	  x4:0x00000000  x2:0x00000000  x8=0x00000000
     106035.000 ns	     10602	8000261c	89c78a13	addi	x20,x15,-1892	 x15:0x00000000 x20=0xfffff89c
     106045.000 ns	     10603	80002620	40eedd93	srai	x27,x29,0xe	 x29:0x00000001 x27=0x00000000
     106065.000 ns	     10605	80002624	02a14933	div	x18,x2,x10	  x2:0x00000000 x10:0x00000000 x18=0xffffffff
     106085.000 ns	     10607	80002628	00a9fc33	and	x24,x19,x10	 x19:0xe0b7c000 x10:0x00000000 x24=0x00000000
     106105.000 ns	     10609	8000262c	a17817d3	flt.s	x15,f16,f23	 f16:0x40a00000 f23:0x00000000 x15=0x00000000
     106135.000 ns	     10612	80002630	20559e53	fsgnjn.s	f28,f11,f5	 f11:0x00000000  f5:0x00000000 f28=0x80000000
     106155.000 ns	     10614	80002634	2f604393	xori	x7,x0,758	  x0:0x00000000  x7=0x000002f6
     106165.000 ns	     10615	80002638	70473b13	sltiu	x22,x14,1796	 x14:0x00000000 x22=0x00000001
     106175.000 ns	     10616	8000263c	01a91e93	slli	x29,x18,0x1a	 x18:0xffffffff x29=0xfc000000
     106185.000 ns	     10617	80002640	41a903b3	sub	x7,x18,x26	 x18:0xffffffff x26:0x00000000  x7=0xffffffff
     106195.000 ns	     10618	80002644	41165c13	srai	x24,x12,0x11	 x12:0x80040e8d x24=0xffffc002
     106215.000 ns	     10620	80002648	023b39b3	mulhu	x19,x22,x3	 x22:0x00000001  x3:0x00000040 x19=0x00000000
     106235.000 ns	     10622	8000264c	8eaae437	lui	x8,0x8eaae	  x8=0x8eaae000
     106255.000 ns	     10624	80002650	211897d3	fsgnjn.s	f15,f17,f17	 f17:0x7fc00000 f17:0x7fc00000 f15=0xffc00000
     106275.000 ns	     10626	80002654	00fba633	slt	x12,x23,x15	 x23:0x40a00000 x15:0x00000000 x12=0x00000000
     106295.000 ns	     10628	80002658	d00bfc53	fcvt.s.w	f24,x23	 x23:0x40a00000 f24=0x4e814000
     106335.000 ns	     10632	8000265c	184ab6d3	fdiv.s	f13,f21,f4	 f21:0x40a00000  f4:0x00000000 f13=0x7f800000
     106365.000 ns	     10635	80002660	03575533	divu	x10,x14,x21	 x14:0x00000000 x21:0x00000000 x10=0xffffffff
     106395.000 ns	     10638	80002664	a1ff92d3	flt.s	x5,f31,f31	 f31:0x4f2fb60f f31:0x4f2fb60f  x5=0x00000000
     106425.000 ns	     10641	80002668	c01d0253	fcvt.wu.s	x4,f26	 f26:0x00000000  x4=0x00000000
     106455.000 ns	     10644	8000266c	025fa1b3	mulhsu	x3,x31,x5	 x31:0x5d3b1000  x5:0x00000000  x3=0x00000000
     106485.000 ns	     10647	80002670	d01e70d3	fcvt.s.wu	f1,x28	 x28:0x80041024  f1=0x4f000410
     106525.000 ns	     10651	80002674	18822753	fdiv.s	f14,f4,f8	  f4:0x00000000  f8:0x00000005 f14=0x00000000
     106555.000 ns	     10654	80002678	e0010353	fmv.x.w	x6,f2	  f2:0x00000000  x6=0x00000000
     106925.000 ns	     10691	8000267c	03745133	divu	x2,x8,x23	  x8:0x8eaae000 x23:0x40a00000  x2=0x00000002
     106945.000 ns	     10693	80002680	41d75c13	srai	x24,x14,0x1d	 x14:0x00000000 x24=0x00000000
     106975.000 ns	     10696	80002684	1198ff53	fmul.s	f30,f17,f25	 f17:0x7fc00000 f25:0x4f000000 f30=0x7fc00000
     106995.000 ns	     10698	80002688	00e25593	srli	x11,x4,0xe	  x4:0x00000000 x11=0x00000000
     107015.000 ns	     10700	8000268c	037c1bb3	mulh	x23,x24,x23	 x24:0x00000000 x23:0x40a00000 x23=0x00000000
     107045.000 ns	     10703	80002690	e0078553	fmv.x.w	x10,f15	 f15:0xffc00000 x10=0xffc00000
     107075.000 ns	     10706	80002694	28190c53	fmin.s	f24,f18,f1	 f18:0x00000000  f1:0x4f000410 f24=0x00000000
     107095.000 ns	     10708	80002698	0179f2b3	and	x5,x19,x23	 x19:0x00000000 x23:0x00000000  x5=0x00000000
     107455.000 ns	     10744	8000269c	02d0f733	remu	x14,x1,x13	  x1:0x00000001 x13:0x89b1d000 x14=0x00000001
     107475.000 ns	     10746	800026a0	00360ab3	add	x21,x12,x3	 x12:0x00000000  x3:0x00000000 x21=0x00000000
     107495.000 ns	     10748	800026a4	21d82ed3	fsgnjx.s	f29,f16,f29	 f16:0x40a00000 f29:0x7fc00000 f29=0x40a00000
     107515.000 ns	     10750	800026a8	74eb0f93	addi	x31,x22,1870	 x22:0x00000001 x31=0x0000074f
     107525.000 ns	     10751	800026ac	31a7ca17	auipc	x20,0x31a7c	 x20=0xb1a7e6ac
     107535.000 ns	     10752	800026b0	01e6f833	and	x16,x13,x30	 x13:0x89b1d000 x30:0x00000005 x16=0x00000000
     107545.000 ns	     10753	800026b4	00f15b13	srli	x22,x2,0xf	  x2:0x00000002 x22=0x00000000
     107555.000 ns	     10754	800026b8	00355eb3	srl	x29,x10,x3	 x10:0xffc00000  x3:0x00000000 x29=0xffc00000
     107575.000 ns	     10756	800026bc	d009f9d3	fcvt.s.w	f19,x19	 x19:0x00000000 f19=0x00000000
     107595.000 ns	     10758	800026c0	00de1413	slli	x8,x28,0xd	 x28:0x80041024  x8=0x82048000
     107605.000 ns	     10759	800026c4	006b5d33	srl	x26,x22,x6	 x22:0x00000000  x6:0x00000000 x26=0x00000000
     107625.000 ns	     10761	800026c8	c0107053	fcvt.wu.s	x0,f0	  f0:0x00000000
     107655.000 ns	     10764	800026cc	29a81253	fmax.s	f4,f16,f26	 f16:0x40a00000 f26:0x00000000  f4=0x40a00000
     107675.000 ns	     10766	800026d0	7ef62213	slti	x4,x12,2031	 x12:0x00000000  x4=0x00000001
     107685.000 ns	     10767	800026d4	0b078d13	addi	x26,x15,176	 x15:0x00000000 x26=0x000000b0
     107725.000 ns	     10771	800026d8	0032fd53	fadd.s	f26,f5,f3	  f5:0x00000000  f3:0xcefff7e0 f26=0xcefff7e0
     107755.000 ns	     10774	800026dc	c00ffcd3	fcvt.w.s	x25,f31	 f31:0x4f2fb60f x25=0x7fffffff
     107775.000 ns	     10776	800026e0	ba3a0c13	addi	x24,x20,-1117	 x20:0xb1a7e6ac x24=0xb1a7e24f
     107795.000 ns	     10778	800026e4	28168453	fmin.s	f8,f13,f1	 f13:0x7f800000  f1:0x4f000410  f8=0x4f000410
     108165.000 ns	     10815	800026e8	03c2f733	remu	x14,x5,x28	  x5:0x00000000 x28:0x80041024 x14=0x00000000
     108195.000 ns	     10818	800026ec	03980ab3	mul	x21,x16,x25	 x16:0x00000000 x25:0x7fffffff x21=0x00000000
     108225.000 ns	     10821	800026f0	02ee9a33	mulh	x20,x29,x14	 x29:0xffc00000 x14:0x00000000 x20=0x00000000
     108245.000 ns	     10823	800026f4	00e49d93	slli	x27,x9,0xe	  x9:0x5d3b1000 x27=0xc4000000
     108255.000 ns	     10824	800026f8	000a6333	or	x6,x20,x0	 x20:0x00000000  x0:0x00000000  x6=0x00000000
     108265.000 ns	     10825	800026fc	e6c00b13	addi	x22,x0,-404	  x0:0x00000000 x22=0xfffffe6c
     108275.000 ns	     10826	80002700	d83ee993	ori	x19,x29,-637	 x29:0xffc00000 x19=0xfffffd83
     108285.000 ns	     10827	80002704	7adb0d37	lui	x26,0x7adb0	 x26=0x7adb0000
     108305.000 ns	     10829	80002708	c0173953	fcvt.wu.s	x18,f14	 f14:0x00000000 x18=0x00000000
     108325.000 ns	     10831	8000270c	019814b3	sll	x9,x16,x25	 x16:0x00000000 x25:0x7fffffff  x9=0x00000000
     108335.000 ns	     10832	80002710	013e7cb3	and	x25,x28,x19	 x28:0x80041024 x19:0xfffffd83 x25=0x80041000
     108355.000 ns	     10834	80002714	20e425d3	fsgnjx.s	f11,f8,f14	  f8:0x4f000410 f14:0x00000000 f11=0x4f000410
     108375.000 ns	     10836	80002718	01294ab3	xor	x21,x18,x18	 x18:0x00000000 x18:0x00000000 x21=0x00000000
     108385.000 ns	     10837	8000271c	01585c13	srli	x24,x16,0x15	 x16:0x00000000 x24=0x00000000
     108425.000 ns	     10841	80002720	0936f153	fsub.s	f2,f13,f19	 f13:0x7f800000 f19:0x00000000  f2=0x7f800000
     108445.000 ns	     10843	80002724	0143f537	lui	x10,0x143f	 x10=0x0143f000
     108455.000 ns	     10844	80002728	4097d833	sra	x16,x15,x9	 x15:0x00000000  x9:0x00000000 x16=0x00000000
     108465.000 ns	     10845	8000272c	01fe3733	sltu	x14,x28,x31	 x28:0x80041024 x31:0x0000074f x14=0x00000000
     108825.000 ns	     10881	80002730	0396c133	div	x2,x13,x25	 x13:0x89b1d000 x25:0x80041000  x2=0x00000000
     108845.000 ns	     10883	80002734	d49b4113	xori	x2,x22,-695	 x22:0xfffffe6c  x2=0x00000325
     108855.000 ns	     10884	80002738	00af9b33	sll	x22,x31,x10	 x31:0x0000074f x10:0x0143f000 x22=0x0000074f
     108875.000 ns	     10886	8000273c	03e4ab33	mulhsu	x22,x9,x30	  x9:0x00000000 x30:0x00000005 x22=0x00000000
     109245.000 ns	     10923	80002740	027f7633	remu	x12,x30,x7	 x30:0x00000005  x7:0xffffffff x12=0x00000005
     109275.000 ns	     10926	80002744	20461153	fsgnjn.s	f2,f12,f4	 f12:0x7fc00000  f4:0x40a00000  f2=0xffc00000
     109305.000 ns	     10929	80002748	28f09053	fmax.s	f0,f1,f15	  f1:0x4f000410 f15:0xffc00000  f0=0x4f000410
     109335.000 ns	     10932	8000274c	03f222b3	mulhsu	x5,x4,x31	  x4:0x00000001 x31:0x0000074f  x5=0x00000000
     109355.000 ns	     10934	80002750	5961e297	auipc	x5,0x5961e	  x5=0xd9620750
     109375.000 ns	     10936	80002754	29a61fd3	fmax.s	f31,f12,f26	 f12:0x7fc00000 f26:0xcefff7e0 f31=0xcefff7e0
     109405.000 ns	     10939	80002758	c003f1d3	fcvt.w.s	x3,f7	  f7:0x44444000  x3=0x00000311
     109435.000 ns	     10942	8000275c	280c0453	fmin.s	f8,f24,f0	 f24:0x00000000  f0:0x4f000410  f8=0x00000000
     109465.000 ns	     10945	80002760	036104b3	mul	x9,x2,x22	  x2:0x00000325 x22:0x00000000  x9=0x00000000
     109485.000 ns	     10947	80002764	102ef993	andi	x19,x29,258	 x29:0xffc00000 x19=0x00000000
     109495.000 ns	     10948	80002768	b8a00593	addi	x11,x0,-1142	  x0:0x00000000 x11=0xfffffb8a
     109855.000 ns	     10984	8000276c	02445a33	divu	x20,x8,x4	  x8:0x82048000  x4:0x00000001 x20=0x82048000
     109875.000 ns	     10986	80002770	018197b3	sll	x15,x3,x24	  x3:0x00000311 x24:0x00000000 x15=0x00000311
     109895.000 ns	     10988	80002774	21fb0b53	fsgnj.s	f22,f22,f31	 f22:0x7fc00000 f31:0xcefff7e0 f22=0xffc00000
     109915.000 ns	     10990	80002778	41fddfb3	sra	x31,x27,x31	 x27:0xc4000000 x31:0x0000074f x31=0xffff8800
     109925.000 ns	     10991	8000277c	41930ab3	sub	x21,x6,x25	  x6:0x00000000 x25:0x80041000 x21=0x7ffbf000
     109935.000 ns	     10992	80002780	fc856693	ori	x13,x10,-56	 x10:0x0143f000 x13=0xffffffc8
     109955.000 ns	     10994	80002784	217c8b53	fsgnj.s	f22,f25,f23	 f25:0x4f000000 f23:0x00000000 f22=0x4f000000
     109975.000 ns	     10996	80002788	0149ac33	slt	x24,x19,x20	 x19:0x00000000 x20:0x82048000 x24=0x00000000
     109985.000 ns	     10997	8000278c	014b01b3	add	x3,x22,x20	 x22:0x00000000 x20:0x82048000  x3=0x82048000
     110005.000 ns	     10999	80002790	030bbdb3	mulhu	x27,x23,x16	 x23:0x00000000 x16:0x00000000 x27=0x00000000
     110055.000 ns	     11004	80002794	089716d3	fsub.s	f13,f14,f9	 f14:0x00000000  f9:0x7fc00000 f13=0x7fc00000
     110105.000 ns	     11009	80002798	08367e53	fsub.s	f28,f12,f3	 f12:0x7fc00000  f3:0xcefff7e0 f28=0x7fc00000
     110135.000 ns	     11012	8000279c	a0b185d3	fle.s	x11,f3,f11	  f3:0xcefff7e0 f11:0x4f000410 x11=0x00000001
     110165.000 ns	     11015	800027a0	a0d08153	fle.s	x2,f1,f13	  f1:0x4f000410 f13:0x7fc00000  x2=0x00000000
     110185.000 ns	     11017	800027a4	00eef633	and	x12,x29,x14	 x29:0xffc00000 x14:0x00000000 x12=0x00000000
     110205.000 ns	     11019	800027a8	a1e88a53	fle.s	x20,f17,f30	 f17:0x7fc00000 f30:0x7fc00000 x20=0x00000000
     110235.000 ns	     11022	800027ac	e00583d3	fmv.x.w	x7,f11	 f11:0x4f000410  x7=0x4f000410
     110255.000 ns	     11024	800027b0	7b64ad13	slti	x26,x9,1974	  x9:0x00000000 x26=0x00000001
     110285.000 ns	     11027	800027b4	19c47c53	fdiv.s	f24,f8,f28	  f8:0x00000000 f28:0x7fc00000 f24=0x7fc00000
     110305.000 ns	     11029	800027b8	01ef83b3	add	x7,x31,x30	 x31:0xffff8800 x30:0x00000005  x7=0xffff8805
     110335.000 ns	     11032	800027bc	108d7ad3	fmul.s	f21,f26,f8	 f26:0xcefff7e0  f8:0x00000000 f21=0x80000000
     110375.000 ns	     11036	800027c0	1065a053	fmul.s	f0,f11,f6	 f11:0x4f000410  f6:0x00000000  f0=0x00000000
     110405.000 ns	     11039	800027c4	c011bdd3	fcvt.wu.s	x27,f3	  f3:0xcefff7e0 x27=0x7ffbf000
     110435.000 ns	     11042	800027c8	a07484d3	fle.s	x9,f9,f7	  f9:0x7fc00000  f7:0x44444000  x9=0x00000000
     110465.000 ns	     11045	800027cc	03b735b3	mulhu	x11,x14,x27	 x14:0x00000000 x27:0x7ffbf000 x11=0x00000000
     110495.000 ns	     11048	800027d0	033233b3	mulhu	x7,x4,x19	  x4:0x00000001 x19:0x00000000  x7=0x00000000
     110515.000 ns	     11050	800027d4	3be86137	lui	x2,0x3be86	  x2=0x3be86000
     110545.000 ns	     11053	800027d8	58049c53	fsqrt.s	f24,f9	  f9:0x7fc00000 f24=0x7fc00000
     110565.000 ns	     11055	800027dc	399c32b7	lui	x5,0x399c3	  x5=0x399c3000
     110575.000 ns	     11056	800027e0	019081b3	add	x3,x1,x25	  x1:0x00000001 x25:0x80041000  x3=0x80041001
     110935.000 ns	     11092	800027e4	03db7833	remu	x16,x22,x29	 x22:0x00000000 x29:0xffc00000 x16=0x00000000
     110955.000 ns	     11094	800027e8	0087ea33	or	x20,x15,x8	 x15:0x00000311  x8:0x82048000 x20=0x82048311
     110975.000 ns	     11096	800027ec	e00c8ed3	fmv.x.w	x29,f25	 f25:0x4f000000 x29=0x4f000000
     110995.000 ns	     11098	800027f0	4f3c0d17	auipc	x26,0x4f3c0	 x26=0xcf3c27f0
     111355.000 ns	     11134	800027f4	0248e833	rem	x16,x17,x4	 x17:0x80040fe4  x4:0x00000001 x16=0x00000000
     111375.000 ns	     11136	800027f8	0135acb3	slt	x25,x11,x19	 x11:0x00000000 x19:0x00000000 x25=0x00000000
     111395.000 ns	     11138	800027fc	216496d3	fsgnjn.s	f13,f9,f22	  f9:0x7fc00000 f22:0x4f000000 f13=0xffc00000
     111765.000 ns	     11175	80002800	03504033	div	x0,x0,x21	  x0:0x00000000 x21:0x7ffbf000
     111785.000 ns	     11177	80002804	e8fa3113	sltiu	x2,x20,-369	 x20:0x82048311  x2=0x00000001
     111815.000 ns	     11180	80002808	1951f953	fdiv.s	f18,f3,f21	  f3:0xcefff7e0 f21:0x80000000 f18=0x7f800000
     111845.000 ns	     11183	8000280c	f0028cd3	fmv.w.x	f25,x5	  x5:0x399c3000 f25=0x399c3000
     111865.000 ns	     11185	80002810	411181b3	sub	x3,x3,x17	  x3:0x80041001 x17:0x80040fe4  x3=0x0000001d
     111875.000 ns	     11186	80002814	e35fd937	lui	x18,0xe35fd	 x18=0xe35fd000
     111895.000 ns	     11188	80002818	a0e31a53	flt.s	x20,f6,f14	  f6:0x00000000 f14:0x00000000 x20=0x00000000
     111915.000 ns	     11190	8000281c	013c8eb3	add	x29,x25,x19	 x25:0x00000000 x19:0x00000000 x29=0x00000000
     111925.000 ns	     11191	80002820	58428a93	addi	x21,x5,1412	  x5:0x399c3000 x21=0x399c3584
     111945.000 ns	     11193	80002824	21d316d3	fsgnjn.s	f13,f6,f29	  f6:0x00000000 f29:0x40a00000 f13=0x80000000
     111975.000 ns	     11196	80002828	02e73833	mulhu	x16,x14,x14	 x14:0x00000000 x14:0x00000000 x16=0x00000000
     112005.000 ns	     11199	8000282c	a1128a53	fle.s	x20,f5,f17	  f5:0x00000000 f17:0x7fc00000 x20=0x00000000
     112035.000 ns	     11202	80002830	d0187a53	fcvt.s.wu	f20,x16	 x16:0x00000000 f20=0x00000000
     112055.000 ns	     11204	80002834	007a4733	xor	x14,x20,x7	 x20:0x00000000  x7:0x00000000 x14=0x00000000
     112075.000 ns	     11206	80002838	e0069c53	fclass.s	x24,f13	 f13:0x80000000 x24=0x00000008
     112095.000 ns	     11208	8000283c	4c9bb617	auipc	x12,0x4c9bb	 x12=0xcc9bd83c
     112125.000 ns	     11211	80002840	11df04d3	fmul.s	f9,f30,f29	 f30:0x7fc00000 f29:0x40a00000  f9=0x7fc00000
     112165.000 ns	     11215	80002844	1933ffd3	fdiv.s	f31,f7,f19	  f7:0x44444000 f19:0x00000000 f31=0x7f800000
     112185.000 ns	     11217	80002848	011a0eb3	add	x29,x20,x17	 x20:0x00000000 x17:0x80040fe4 x29=0x80040fe4
     112195.000 ns	     11218	8000284c	a72ca613	slti	x12,x25,-1422	 x25:0x00000000 x12=0x00000000
     112215.000 ns	     11220	80002850	a06a97d3	flt.s	x15,f21,f6	 f21:0x80000000  f6:0x00000000 x15=0x00000000
     112235.000 ns	     11222	80002854	00f27033	and	x0,x4,x15	  x4:0x00000001 x15:0x00000311
     112595.000 ns	     11258	80002858	03e2c6b3	div	x13,x5,x30	  x5:0x399c3000 x30:0x00000005 x13=0x0b85a333
     112625.000 ns	     11261	8000285c	e00209d3	fmv.x.w	x19,f4	  f4:0x40a00000 x19=0x40a00000
     112995.000 ns	     11298	80002860	02527833	remu	x16,x4,x5	  x4:0x00000001  x5:0x399c3000 x16=0x00000001
     113045.000 ns	     11303	80002864	002fa4d3	fadd.s	f9,f31,f2	 f31:0x7f800000  f2:0xffc00000  f9=0x7fc00000
     113065.000 ns	     11305	80002868	e78b8f93	addi	x31,x23,-392	 x23:0x00000000 x31=0xfffffe78
     113085.000 ns	     11307	8000286c	f00684d3	fmv.w.x	f9,x13	 x13:0x0b85a333  f9=0x0b85a333
     113105.000 ns	     11309	80002870	004d8833	add	x16,x27,x4	 x27:0x7ffbf000  x4:0x00000001 x16=0x7ffbf001
     113125.000 ns	     11311	80002874	a12885d3	fle.s	x11,f17,f18	 f17:0x7fc00000 f18:0x7f800000 x11=0x00000000
     113145.000 ns	     11313	80002878	df483c93	sltiu	x25,x16,-524	 x16:0x00000001 x25=0x00000001
     113165.000 ns	     11315	8000287c	284e9a53	fmax.s	f20,f29,f4	 f29:0x40a00000  f4:0x40a00000 f20=0x40a00000
     113195.000 ns	     11318	80002880	f0018ed3	fmv.w.x	f29,x3	  x3:0x0000001d f29=0x0000001d
     113215.000 ns	     11320	80002884	00000013	addi	x0,x0,0	  x0:0x00000000
     113225.000 ns	     11321	80002888	017c6133	or	x2,x24,x23	 x24:0x00000008 x23:0x00000000  x2=0x00000008
     113245.000 ns	     11323	8000288c	a0912cd3	feq.s	x25,f2,f9	  f2:0xffc00000  f9:0x0b85a333 x25=0x00000000
     113275.000 ns	     11326	80002890	02769033	mulh	x0,x13,x7	 x13:0x0b85a333  x7:0x00000000
     113295.000 ns	     11328	80002894	0e5accb7	lui	x25,0xe5ac	 x25=0x0e5ac000
     113315.000 ns	     11330	80002898	02f891b3	mulh	x3,x17,x15	 x17:0x80040fe4 x15:0x00000000  x3=0x00000000
     113345.000 ns	     11333	8000289c	20002cd3	fsgnjx.s	f25,f0,f0	  f0:0x00000000  f0:0x00000000 f25=0x00000000
     113375.000 ns	     11336	800028a0	29320f53	fmin.s	f30,f4,f19	  f4:0x40a00000 f19:0x00000000 f30=0x00000000
     113395.000 ns	     11338	800028a4	41eada13	srai	x20,x21,0x1e	 x21:0x399c3584 x20=0x00000000
     113415.000 ns	     11340	800028a8	d01075d3	fcvt.s.wu	f11,x0	  x0:0x00000000 f11=0x00000000
     113445.000 ns	     11343	800028ac	c01ca7d3	fcvt.wu.s	x15,f25	 f25:0x00000000 x15=0x00000000
     113485.000 ns	     11347	800028b0	199e7753	fdiv.s	f14,f28,f25	 f28:0x7fc00000 f25:0x00000000 f14=0x7fc00000
     113515.000 ns	     11350	800028b4	02dd1733	mulh	x14,x26,x13	 x26:0xcf3c27f0 x13:0x0b85a333 x14=0xfdce20e1
     113565.000 ns	     11355	800028b8	0057b9d3	fadd.s	f19,f15,f5	 f15:0xffc00000  f5:0x00000000 f19=0x7fc00000
     113585.000 ns	     11357	800028bc	008edcb3	srl	x25,x29,x8	 x29:0x80040fe4  x8:0x82048000 x25=0x80040fe4
     113945.000 ns	     11393	800028c0	03e0d933	divu	x18,x1,x30	  x1:0x00000001 x30:0x00000005 x18=0x00000000
     113975.000 ns	     11396	800028c4	218a86d3	fsgnj.s	f13,f21,f24	 f21:0x80000000 f24:0x7fc00000 f13=0x00000000
     113995.000 ns	     11398	800028c8	22e06493	ori	x9,x0,558	  x0:0x00000000  x9=0x0000022e
     114015.000 ns	     11400	800028cc	20891dd3	fsgnjn.s	f27,f18,f8	 f18:0x7f800000  f8:0x00000000 f27=0xff800000
     114045.000 ns	     11403	800028d0	28cf11d3	fmax.s	f3,f30,f12	 f30:0x00000000 f12:0x7fc00000  f3=0x00000000
     114385.000 ns	     11437	800028d4	19a272d3	fdiv.s	f5,f4,f26	  f4:0x40a00000 f26:0xcefff7e0  f5=0xb1200000
     114405.000 ns	     11439	800028d8	00d49fb3	sll	x31,x9,x13	  x9:0x0000022e x13:0x0b85a333 x31=0x11700000
     114765.000 ns	     11475	800028dc	03d2cb33	div	x22,x5,x29	  x5:0x399c3000 x29:0x80040fe4 x22=0x00000000
     114795.000 ns	     11478	800028e0	e0078ed3	fmv.x.w	x29,f15	 f15:0xffc00000 x29=0xffc00000
     114825.000 ns	     11481	800028e4	027da5b3	mulhsu	x11,x27,x7	 x27:0x7ffbf000  x7:0x00000000 x11=0x00000000
     116005.000 ns	     11599	800028e8	58087953	fsqrt.s	f18,f16	 f16:0x40a00000 f18=0x400f1b8f
     116035.000 ns	     11602	800028ec	02fbc4b3	div	x9,x23,x15	 x23:0x00000000 x15:0x00000000  x9=0xffffffff
     116055.000 ns	     11604	800028f0	162c4493	xori	x9,x24,354	 x24:0x00000008  x9=0x0000016a
     116065.000 ns	     11605	800028f4	00f509b3	add	x19,x10,x15	 x10:0x0143f000 x15:0x00000000 x19=0x0143f000
     116105.000 ns	     11609	800028f8	08527353	fsub.s	f6,f4,f5	  f4:0x40a00000  f5:0xb1200000  f6=0x40a00000
     116125.000 ns	     11611	800028fc	40b30233	sub	x4,x6,x11	  x6:0x00000000 x11:0x00000000  x4=0x00000000
     116165.000 ns	     11615	80002900	003af5d3	fadd.s	f11,f21,f3	 f21:0x80000000  f3:0x00000000 f11=0x00000000
     116195.000 ns	     11618	80002904	03778ab3	mul	x21,x15,x23	 x15:0x00000000 x23:0x00000000 x21=0x00000000
     116225.000 ns	     11621	80002908	02d32c33	mulhsu	x24,x6,x13	  x6:0x00000000 x13:0x0b85a333 x24=0x00000000
     116245.000 ns	     11623	8000290c	011b9a93	slli	x21,x23,0x11	 x23:0x00000000 x21=0x00000000
     116275.000 ns	     11626	80002910	11443a53	fmul.s	f20,f8,f20	  f8:0x00000000 f20:0x40a00000 f20=0x00000000
     116295.000 ns	     11628	80002914	01b31733	sll	x14,x6,x27	  x6:0x00000000 x27:0x7ffbf000 x14=0x00000000
     116305.000 ns	     11629	80002918	411bd793	srai	x15,x23,0x11	 x23:0x00000000 x15=0x00000000
     116325.000 ns	     11631	8000291c	0282b833	mulhu	x16,x5,x8	  x5:0x399c3000  x8:0x82048000 x16=0x1d42539e
     116355.000 ns	     11634	80002920	d01efcd3	fcvt.s.wu	f25,x29	 x29:0xffc00000 f25=0x4f7fc000
     116725.000 ns	     11671	80002924	039cca33	div	x20,x25,x25	 x25:0x80040fe4 x25:0x80040fe4 x20=0x00000001
     116745.000 ns	     11673	80002928	01ffeab3	or	x21,x31,x31	 x31:0x11700000 x31:0x11700000 x21=0x11700000
     116765.000 ns	     11675	8000292c	02fb8fb3	mul	x31,x23,x15	 x23:0x00000000 x15:0x00000000 x31=0x00000000
     116785.000 ns	     11677	80002930	4190d213	srai	x4,x1,0x19	  x1:0x00000001  x4=0x00000000
     116805.000 ns	     11679	80002934	02fe6db3	rem	x27,x28,x15	 x28:0x80041024 x15:0x00000000 x27=0x80041024
     116825.000 ns	     11681	80002938	34e0b317	auipc	x6,0x34e0b	  x6=0xb4e0d938
     116845.000 ns	     11683	8000293c	f0078a53	fmv.w.x	f20,x15	 x15:0x00000000 f20=0x00000000
     116865.000 ns	     11685	80002940	9fe2a5b7	lui	x11,0x9fe2a	 x11=0x9fe2a000
     116875.000 ns	     11686	80002944	00d05db3	srl	x27,x0,x13	  x0:0x00000000 x13:0x0b85a333 x27=0x00000000
     116895.000 ns	     11688	80002948	a02607d3	fle.s	x15,f12,f2	 f12:0x7fc00000  f2:0xffc00000 x15=0x00000000
     116925.000 ns	     11691	8000294c	03592333	mulhsu	x6,x18,x21	 x18:0x00000000 x21:0x11700000  x6=0x00000000
     116975.000 ns	     11696	80002950	01e0f4d3	fadd.s	f9,f1,f30	  f1:0x4f000410 f30:0x00000000  f9=0x4f000410
     117015.000 ns	     11700	80002954	11607fd3	fmul.s	f31,f0,f22	  f0:0x00000000 f22:0x4f000000 f31=0x00000000
     117035.000 ns	     11702	80002958	011bea33	or	x20,x23,x17	 x23:0x00000000 x17:0x80040fe4 x20=0x80040fe4
     117055.000 ns	     11704	8000295c	03be3d33	mulhu	x26,x28,x27	 x28:0x80041024 x27:0x00000000 x26=0x00000000
     117105.000 ns	     11709	80002960	08b6b453	fsub.s	f8,f13,f11	 f13:0x00000000 f11:0x00000000  f8=0x80000000
     117125.000 ns	     11711	80002964	018dc5b3	xor	x11,x27,x24	 x27:0x00000000 x24:0x00000000 x11=0x00000000
     117145.000 ns	     11713	80002968	a0d687d3	fle.s	x15,f13,f13	 f13:0x00000000 f13:0x00000000 x15=0x00000001
     117165.000 ns	     11715	8000296c	40d7df93	srai	x31,x15,0xd	 x15:0x00000000 x31=0x00000000
     117185.000 ns	     11717	80002970	02ad17b3	mulh	x15,x26,x10	 x26:0x00000000 x10:0x0143f000 x15=0x00000000
     117205.000 ns	     11719	80002974	00b35513	srli	x10,x6,0xb	  x6:0x00000000 x10=0x00000000
     117215.000 ns	     11720	80002978	00fba033	slt	x0,x23,x15	 x23:0x00000000 x15:0x00000000
     117235.000 ns	     11722	8000297c	c0173ed3	fcvt.wu.s	x29,f14	 f14:0x7fc00000 x29=0xffffffff
     117275.000 ns	     11726	80002980	5801f1d3	fsqrt.s	f3,f3	  f3:0x00000000  f3=0x00000000
     117295.000 ns	     11728	80002984	40ccd613	srai	x12,x25,0xc	 x25:0x80040fe4 x12=0xfff80040
     117305.000 ns	     11729	80002988	bcbfa813	slti	x16,x31,-1077	 x31:0x00000000 x16=0x00000000
     117315.000 ns	     11730	8000298c	568cbc93	sltiu	x25,x25,1384	 x25:0x80040fe4 x25=0x00000000
     117335.000 ns	     11732	80002990	03553fb3	mulhu	x31,x10,x21	 x10:0x00000000 x21:0x11700000 x31=0x00000000
     117355.000 ns	     11734	80002994	00c23233	sltu	x4,x4,x12	  x4:0x00000000 x12:0xfff80040  x4=0x00000001
     117375.000 ns	     11736	80002998	21ed91d3	fsgnjn.s	f3,f27,f30	 f27:0xff800000 f30:0x00000000  f3=0xff800000
     117405.000 ns	     11739	8000299c	c0132a53	fcvt.wu.s	x20,f6	  f6:0x40a00000 x20=0x00000005
     117425.000 ns	     11741	800029a0	01029533	sll	x10,x5,x16	  x5:0x399c3000 x16:0x00000000 x10=0x399c3000
     117445.000 ns	     11743	800029a4	021121b3	mulhsu	x3,x2,x1	  x2:0x00000008  x1:0x00000001  x3=0x00000000
     117465.000 ns	     11745	800029a8	01aab4b3	sltu	x9,x21,x26	 x21:0x11700000 x26:0x00000000  x9=0x00000000
     117485.000 ns	     11747	800029ac	d00280d3	fcvt.s.w	f1,x5	  x5:0x399c3000  f1=0x4e6670c0
     117515.000 ns	     11750	800029b0	29a617d3	fmax.s	f15,f12,f26	 f12:0x7fc00000 f26:0xcefff7e0 f15=0xcefff7e0
     117565.000 ns	     11755	800029b4	00997253	fadd.s	f4,f18,f9	 f18:0x400f1b8f  f9:0x4f000410  f4=0x4f000410
     117595.000 ns	     11758	800029b8	d01d7553	fcvt.s.wu	f10,x26	 x26:0x00000000 f10=0x00000000
     117615.000 ns	     11760	800029bc	00880733	add	x14,x16,x8	 x16:0x00000000  x8:0x82048000 x14=0x82048000
     117625.000 ns	     11761	800029c0	8b8b8a13	addi	x20,x23,-1864	 x23:0x00000000 x20=0xfffff8b8
     117635.000 ns	     11762	800029c4	016ad1b3	srl	x3,x21,x22	 x21:0x11700000 x22:0x00000000  x3=0x11700000
     117645.000 ns	     11763	800029c8	c55d0393	addi	x7,x26,-939	 x26:0x00000000  x7=0xfffffc55
     117665.000 ns	     11765	800029cc	021a84b3	mul	x9,x21,x1	 x21:0x11700000  x1:0x00000001  x9=0x11700000
     117695.000 ns	     11768	800029d0	20340553	fsgnj.s	f10,f8,f3	  f8:0x80000000  f3:0xff800000 f10=0x80000000
     117745.000 ns	     11773	800029d4	01a77a53	fadd.s	f20,f14,f26	 f14:0x7fc00000 f26:0xcefff7e0 f20=0x7fc00000
     117765.000 ns	     11775	800029d8	61ddf993	andi	x19,x27,1565	 x27:0x00000000 x19=0x00000000
     117775.000 ns	     11776	800029dc	00000013	addi	x0,x0,0	  x0:0x00000000
     117785.000 ns	     11777	800029e0	0094d033	srl	x0,x9,x9	  x9:0x11700000  x9:0x11700000
     118145.000 ns	     11813	800029e4	02dc5333	divu	x6,x24,x13	 x24:0x00000000 x13:0x0b85a333  x6=0x00000000
     118165.000 ns	     11815	800029e8	1cd90913	addi	x18,x18,461	 x18:0x00000000 x18=0x000001cd
     118175.000 ns	     11816	800029ec	00015113	srli	x2,x2,0x0	  x2:0x00000008  x2=0x00000008
     118195.000 ns	     11818	800029f0	20b29453	fsgnjn.s	f8,f5,f11	  f5:0xb1200000 f11:0x00000000  f8=0xb1200000
     118225.000 ns	     11821	800029f4	d0164153	fcvt.s.wu	f2,x12	 x12:0xfff80040  f2=0x4f7ff800
     118245.000 ns	     11823	800029f8	15e36693	ori	x13,x6,350	  x6:0x00000000 x13=0x0000015e
     118255.000 ns	     11824	800029fc	07d68b13	addi	x22,x13,125	 x13:0x0b85a333 x22=0x000001db
     118265.000 ns	     11825	80002a00	0071f7b3	and	x15,x3,x7	  x3:0x11700000  x7:0xfffffc55 x15=0x11700000
     118275.000 ns	     11826	80002a04	41fd8333	sub	x6,x27,x31	 x27:0x00000000 x31:0x00000000  x6=0x00000000
     118295.000 ns	     11828	80002a08	c00dc553	fcvt.w.s	x10,f27	 f27:0xff800000 x10=0x80000000
     118335.000 ns	     11832	80002a0c	101339d3	fmul.s	f19,f6,f1	  f6:0x40a00000  f1:0x4e6670c0 f19=0x4f900678
     118355.000 ns	     11834	80002a10	00a40733	add	x14,x8,x10	  x8:0x82048000 x10:0x80000000 x14=0x02048000
     118365.000 ns	     11835	80002a14	000d9033	sll	x0,x27,x0	 x27:0x00000000  x0:0x00000000
     118375.000 ns	     11836	80002a18	01bb6033	or	x0,x22,x27	 x22:0x000001db x27:0x00000000
     118385.000 ns	     11837	80002a1c	00b3d293	srli	x5,x7,0xb	  x7:0xfffffc55  x5=0x001fffff
     119555.000 ns	     11954	80002a20	580e80d3	fsqrt.s	f1,f29	 f29:0x0000001d  f1=0x1f3504ae
     119575.000 ns	     11956	80002a24	00fc9eb3	sll	x29,x25,x15	 x25:0x00000000 x15:0x11700000 x29=0x00000000
     119595.000 ns	     11958	80002a28	0397d1b3	divu	x3,x15,x25	 x15:0x11700000 x25:0x00000000  x3=0xffffffff
     119615.000 ns	     11960	80002a2c	416103b3	sub	x7,x2,x22	  x2:0x00000008 x22:0x000001db  x7=0xfffffe2d
     119625.000 ns	     11961	80002a30	2bc34393	xori	x7,x6,700	  x6:0x00000000  x7=0x000002bc
     119635.000 ns	     11962	80002a34	0196ebb3	or	x23,x13,x25	 x13:0x0000015e x25:0x00000000 x23=0x0000015e
     119655.000 ns	     11964	80002a38	02d10b33	mul	x22,x2,x13	  x2:0x00000008 x13:0x0000015e x22=0x00000af0
     119685.000 ns	     11967	80002a3c	023eb0b3	mulhu	x1,x29,x3	 x29:0x00000000  x3:0xffffffff  x1=0x00000000
     119705.000 ns	     11969	80002a40	00b50db3	add	x27,x10,x11	 x10:0x80000000 x11:0x00000000 x27=0x80000000
     119725.000 ns	     11971	80002a44	e00c99d3	fclass.s	x19,f25	 f25:0x4f7fc000 x19=0x00000040
     119755.000 ns	     11974	80002a48	a03c1553	flt.s	x10,f24,f3	 f24:0x7fc00000  f3:0xff800000 x10=0x00000000
     119775.000 ns	     11976	80002a4c	0098ca33	xor	x20,x17,x9	 x17:0x80040fe4  x9:0x11700000 x20=0x91740fe4
     120135.000 ns	     12012	80002a50	0294deb3	divu	x29,x9,x9	  x9:0x11700000  x9:0x11700000 x29=0x00000001
     120155.000 ns	     12014	80002a54	510c6c37	lui	x24,0x510c6	 x24=0x510c6000
     120165.000 ns	     12015	80002a58	bea66493	ori	x9,x12,-1046	 x12:0xfff80040  x9=0xfffffbea
     120185.000 ns	     12017	80002a5c	a12619d3	flt.s	x19,f12,f18	 f12:0x7fc00000 f18:0x400f1b8f x19=0x00000000
     120205.000 ns	     12019	80002a60	40acdc13	srai	x24,x25,0xa	 x25:0x00000000 x24=0x00000000
     120215.000 ns	     12020	80002a64	41335233	sra	x4,x6,x19	  x6:0x00000000 x19:0x00000000  x4=0x00000000
     120235.000 ns	     12022	80002a68	206d2853	fsgnjx.s	f16,f26,f6	 f26:0xcefff7e0  f6:0x40a00000 f16=0xcefff7e0
     120255.000 ns	     12024	80002a6c	85dfab93	slti	x23,x31,-1955	 x31:0x00000000 x23=0x00000000
     120275.000 ns	     12026	80002a70	02928db3	mul	x27,x5,x9	  x5:0x001fffff  x9:0xfffffbea x27=0x7d400416
     120305.000 ns	     12029	80002a74	f0058953	fmv.w.x	f18,x11	 x11:0x00000000 f18=0x00000000
     120675.000 ns	     12066	80002a78	03c6d333	divu	x6,x13,x28	 x13:0x0000015e x28:0x80041024  x6=0x00000000
     120705.000 ns	     12069	80002a7c	c0153853	fcvt.wu.s	x16,f10	 f10:0x80000000 x16=0x00000000
     120725.000 ns	     12071	80002a80	40ff56b3	sra	x13,x30,x15	 x30:0x00000005 x15:0x11700000 x13=0x00000005
     120745.000 ns	     12073	80002a84	033cba33	mulhu	x20,x25,x19	 x25:0x00000000 x19:0x00000000 x20=0x00000000
     120775.000 ns	     12076	80002a88	21298bd3	fsgnj.s	f23,f19,f18	 f19:0x4f900678 f18:0x00000000 f23=0x4f900678
     120795.000 ns	     12078	80002a8c	47bb7717	auipc	x14,0x47bb7	 x14=0xc7bb9a8c
     120805.000 ns	     12079	80002a90	00151593	slli	x11,x10,0x1	 x10:0x00000000 x11=0x00000000
     120815.000 ns	     12080	80002a94	415d80b3	sub	x1,x27,x21	 x27:0x7d400416 x21:0x11700000  x1=0x6bd00416
     120825.000 ns	     12081	80002a98	0110d493	srli	x9,x1,0x11	  x1:0x00000000  x9=0x000035e8
     120835.000 ns	     12082	80002a9c	397f6037	lui	x0,0x397f6	
     120845.000 ns	     12083	80002aa0	046da693	slti	x13,x27,70	 x27:0x7d400416 x13=0x00000000
     120855.000 ns	     12084	80002aa4	d66dfa93	andi	x21,x27,-666	 x27:0x7d400416 x21=0x7d400406
     120865.000 ns	     12085	80002aa8	02678d93	addi	x27,x15,38	 x15:0x11700000 x27=0x11700026
     120905.000 ns	     12089	80002aac	09d63453	fsub.s	f8,f12,f29	 f12:0x7fc00000 f29:0x0000001d  f8=0x7fc00000
     120945.000 ns	     12093	80002ab0	580af9d3	fsqrt.s	f19,f21	 f21:0x80000000 f19=0x80000000
     120965.000 ns	     12095	80002ab4	90e53113	sltiu	x2,x10,-1778	 x10:0x00000000  x2=0x00000001
     120975.000 ns	     12096	80002ab8	01282233	slt	x4,x16,x18	 x16:0x00000000 x18:0x000001cd  x4=0x00000001
     120995.000 ns	     12098	80002abc	0378bdb3	mulhu	x27,x17,x23	 x17:0x80040fe4 x23:0x00000000 x27=0x00000000
     121015.000 ns	     12100	80002ac0	bf5a7593	andi	x11,x20,-1035	 x20:0x00000000 x11=0x00000000
     121035.000 ns	     12102	80002ac4	a1a7a753	feq.s	x14,f15,f26	 f15:0xcefff7e0 f26:0xcefff7e0 x14=0x00000001
     121065.000 ns	     12105	80002ac8	a09f1853	flt.s	x16,f30,f9	 f30:0x00000000  f9:0x4f000410 x16=0x00000001
     121095.000 ns	     12108	80002acc	a0ea1753	flt.s	x14,f20,f14	 f20:0x7fc00000 f14:0x7fc00000 x14=0x00000000
     121125.000 ns	     12111	80002ad0	02ad69b3	rem	x19,x26,x10	 x26:0x00000000 x10:0x00000000 x19=0x00000000
     121145.000 ns	     12113	80002ad4	87792917	auipc	x18,0x87792	 x18=0x07794ad4
     121155.000 ns	     12114	80002ad8	0163b833	sltu	x16,x7,x22	  x7:0x000002bc x22:0x00000af0 x16=0x00000001
     121175.000 ns	     12116	80002adc	e00a0fd3	fmv.x.w	x31,f20	 f20:0x7fc00000 x31=0x7fc00000
     121195.000 ns	     12118	80002ae0	40d6dc93	srai	x25,x13,0xd	 x13:0x00000000 x25=0x00000000
     121205.000 ns	     12119	80002ae4	40a0da33	sra	x20,x1,x10	  x1:0x6bd00416 x10:0x00000000 x20=0x6bd00416
     121225.000 ns	     12121	80002ae8	d00703d3	fcvt.s.w	f7,x14	 x14:0x00000000  f7=0x00000000
     121245.000 ns	     12123	80002aec	01297cb3	and	x25,x18,x18	 x18:0x07794ad4 x18:0x07794ad4 x25=0x07794ad4
     121255.000 ns	     12124	80002af0	02418593	addi	x11,x3,36	  x3:0xffffffff x11=0x00000023
     121265.000 ns	     12125	80002af4	fb3300b7	lui	x1,0xfb330	  x1=0xfb330000
     121285.000 ns	     12127	80002af8	d00df7d3	fcvt.s.w	f15,x27	 x27:0x00000000 f15=0x00000000
     121315.000 ns	     12130	80002afc	28381953	fmax.s	f18,f16,f3	 f16:0xcefff7e0  f3:0xff800000 f18=0xcefff7e0
     121345.000 ns	     12133	80002b00	034ebeb3	mulhu	x29,x29,x20	 x29:0x00000001 x20:0x6bd00416 x29=0x00000000
     121385.000 ns	     12137	80002b04	108d1053	fmul.s	f0,f26,f8	 f26:0xcefff7e0  f8:0x7fc00000  f0=0x7fc00000
     121405.000 ns	     12139	80002b08	01f507b3	add	x15,x10,x31	 x10:0x00000000 x31:0x7fc00000 x15=0x7fc00000
     121415.000 ns	     12140	80002b0c	c53e8c13	addi	x24,x29,-941	 x29:0x00000000 x24=0xfffffc53
     121435.000 ns	     12142	80002b10	e00b83d3	fmv.x.w	x7,f23	 f23:0x4f900678  x7=0x4f900678
     121465.000 ns	     12145	80002b14	21b11853	fsgnjn.s	f16,f2,f27	  f2:0x4f7ff800 f27:0xff800000 f16=0x4f7ff800
     121495.000 ns	     12148	80002b18	29658d53	fmin.s	f26,f11,f22	 f11:0x00000000 f22:0x4f000000 f26=0x00000000
     121525.000 ns	     12151	80002b1c	21691cd3	fsgnjn.s	f25,f18,f22	 f18:0xcefff7e0 f22:0x4f000000 f25=0xcefff7e0
     121565.000 ns	     12155	80002b20	580a7153	fsqrt.s	f2,f20	 f20:0x7fc00000  f2=0x7fc00000
     121595.000 ns	     12158	80002b24	02b93333	mulhu	x6,x18,x11	 x18:0x07794ad4 x11:0x00000023  x6=0x00000001
     121615.000 ns	     12160	80002b28	d83ab213	sltiu	x4,x21,-637	 x21:0x7d400406  x4=0x00000001
     121635.000 ns	     12162	80002b2c	d00ea853	fcvt.s.w	f16,x29	 x29:0x00000000 f16=0x00000000
     121655.000 ns	     12164	80002b30	00bd17b3	sll	x15,x26,x11	 x26:0x00000000 x11:0x00000023 x15=0x00000000
     121675.000 ns	     12166	80002b34	03b7d3b3	divu	x7,x15,x27	 x15:0x7fc00000 x27:0x00000000  x7=0xffffffff
     121695.000 ns	     12168	80002b38	00d6d313	srli	x6,x13,0xd	 x13:0x00000000  x6=0x00000000
     122055.000 ns	     12204	80002b3c	021cf6b3	remu	x13,x25,x1	 x25:0x07794ad4  x1:0xfb330000 x13=0x07794ad4
     122085.000 ns	     12207	80002b40	03aa3eb3	mulhu	x29,x20,x26	 x20:0x6bd00416 x26:0x00000000 x29=0x00000000
     122115.000 ns	     12210	80002b44	28181053	fmax.s	f0,f16,f1	 f16:0x00000000  f1:0x1f3504ae  f0=0x1f3504ae
     122145.000 ns	     12213	80002b48	d0178dd3	fcvt.s.wu	f27,x15	 x15:0x00000000 f27=0x00000000
     122515.000 ns	     12250	80002b4c	024fd833	divu	x16,x31,x4	 x31:0x7fc00000  x4:0x00000001 x16=0x7fc00000
     122535.000 ns	     12252	80002b50	0122b333	sltu	x6,x5,x18	  x5:0x001fffff x18:0x07794ad4  x6=0x00000001
     122545.000 ns	     12253	80002b54	1e758d97	auipc	x27,0x1e758	 x27=0x9e75ab54
     122565.000 ns	     12255	80002b58	02c99033	mulh	x0,x19,x12	 x19:0x00000000 x12:0xfff80040
     122585.000 ns	     12257	80002b5c	01ea1833	sll	x16,x20,x30	 x20:0x6bd00416 x30:0x00000005 x16=0x7a0082c0
     122945.000 ns	     12293	80002b60	023ded33	rem	x26,x27,x3	 x27:0x9e75ab54  x3:0xffffffff x26=0x00000000
     122975.000 ns	     12296	80002b64	207108d3	fsgnj.s	f17,f2,f7	  f2:0x7fc00000  f7:0x00000000 f17=0x7fc00000
     122995.000 ns	     12298	80002b68	01646fb3	or	x31,x8,x22	  x8:0x82048000 x22:0x00000af0 x31=0x82048af0
     123015.000 ns	     12300	80002b6c	28e79353	fmax.s	f6,f15,f14	 f15:0x00000000 f14:0x7fc00000  f6=0x00000000
     123385.000 ns	     12337	80002b70	036a6933	rem	x18,x20,x22	 x20:0x6bd00416 x22:0x00000af0 x18=0x000000f6
     123405.000 ns	     12339	80002b74	409d8d33	sub	x26,x27,x9	 x27:0x9e75ab54  x9:0x000035e8 x26=0x9e75756c
     123425.000 ns	     12341	80002b78	a00f80d3	fle.s	x1,f31,f0	 f31:0x00000000  f0:0x1f3504ae  x1=0x00000001
     123455.000 ns	     12344	80002b7c	28da0553	fmin.s	f10,f20,f13	 f20:0x7fc00000 f13:0x00000000 f10=0x00000000
     123485.000 ns	     12347	80002b80	c00bfed3	fcvt.w.s	x29,f23	 f23:0x4f900678 x29=0x7fffffff
     123515.000 ns	     12350	80002b84	a1aaa053	feq.s	x0,f21,f26	 f21:0x80000000 f26:0x00000000
     123535.000 ns	     12352	80002b88	0062d3b3	srl	x7,x5,x6	  x5:0x001fffff  x6:0x00000001  x7=0x000fffff
     123895.000 ns	     12388	80002b8c	03287833	remu	x16,x16,x18	 x16:0x7a0082c0 x18:0x000000f6 x16=0x00000000
     123925.000 ns	     12391	80002b90	03ed9633	mulh	x12,x27,x30	 x27:0x9e75ab54 x30:0x00000005 x12=0xfffffffe
     123945.000 ns	     12393	80002b94	009a1093	slli	x1,x20,0x9	 x20:0x6bd00416  x1=0xa0082c00
     123965.000 ns	     12395	80002b98	a1f72bd3	feq.s	x23,f14,f31	 f14:0x7fc00000 f31:0x00000000 x23=0x00000000
     123995.000 ns	     12398	80002b9c	c00af253	fcvt.w.s	x4,f21	 f21:0x80000000  x4=0x00000000
     124365.000 ns	     12435	80002ba0	0315ccb3	div	x25,x11,x17	 x11:0x00000023 x17:0x80040fe4 x25=0x00000000
     124385.000 ns	     12437	80002ba4	00000013	addi	x0,x0,0	  x0:0x00000000
     124415.000 ns	     12440	80002ba8	580d91d3	fsqrt.s	f3,f27	 f27:0x00000000  f3=0x00000000
     124465.000 ns	     12445	80002bac	00a8f4d3	fadd.s	f9,f17,f10	 f17:0x7fc00000 f10:0x00000000  f9=0x7fc00000
     124835.000 ns	     12482	80002bb0	0271e5b3	rem	x11,x3,x7	  x3:0xffffffff  x7:0x000fffff x11=0xffffffff
     124855.000 ns	     12484	80002bb4	b1ea9297	auipc	x5,0xb1ea9	  x5=0x31eabbb4
     124865.000 ns	     12485	80002bb8	004e6eb3	or	x29,x28,x4	 x28:0x80041024  x4:0x00000000 x29=0x80041024
     124885.000 ns	     12487	80002bbc	039dc633	div	x12,x27,x25	 x27:0x9e75ab54 x25:0x00000000 x12=0xffffffff
     124915.000 ns	     12490	80002bc0	218303d3	fsgnj.s	f7,f6,f24	  f6:0x00000000 f24:0x7fc00000  f7=0x00000000
     124945.000 ns	     12493	80002bc4	d0134dd3	fcvt.s.wu	f27,x6	  x6:0x00000001 f27=0x3f800000
     124965.000 ns	     12495	80002bc8	015291b3	sll	x3,x5,x21	  x5:0x31eabbb4 x21:0x7d400406  x3=0x7aaeed00
     124975.000 ns	     12496	80002bcc	00c37db3	and	x27,x6,x12	  x6:0x00000001 x12:0xffffffff x27=0x00000001
     124995.000 ns	     12498	80002bd0	03d787b3	mul	x15,x15,x29	 x15:0x00000000 x29:0x80041024 x15=0x00000000
     125025.000 ns	     12501	80002bd4	d01d10d3	fcvt.s.wu	f1,x26	 x26:0x9e75756c  f1=0x4f1e7575
     125055.000 ns	     12504	80002bd8	a1ad19d3	flt.s	x19,f26,f26	 f26:0x00000000 f26:0x00000000 x19=0x00000000
     125075.000 ns	     12506	80002bdc	00889ab3	sll	x21,x17,x8	 x17:0x80040fe4  x8:0x82048000 x21=0x80040fe4
     125105.000 ns	     12509	80002be0	187e7253	fdiv.s	f4,f28,f7	 f28:0x7fc00000  f7:0x00000000  f4=0x7fc00000
     125125.000 ns	     12511	80002be4	24596713	ori	x14,x18,581	 x18:0x000000f6 x14=0x000002f7
     125135.000 ns	     12512	80002be8	01105e93	srli	x29,x0,0x11	  x0:0x00000000 x29=0x00000000
     125155.000 ns	     12514	80002bec	d000ff53	fcvt.s.w	f30,x1	  x1:0xa0082c00 f30=0xcebfefa8
     125525.000 ns	     12551	80002bf0	021864b3	rem	x9,x16,x1	 x16:0x00000000  x1:0xa0082c00  x9=0x00000000
     125545.000 ns	     12553	80002bf4	008ac933	xor	x18,x21,x8	 x21:0x80040fe4  x8:0x82048000 x18=0x02008fe4
     125555.000 ns	     12554	80002bf8	41965b33	sra	x22,x12,x25	 x12:0xffffffff x25:0x00000000 x22=0xffffffff
     125575.000 ns	     12556	80002bfc	e0008cd3	fmv.x.w	x25,f1	  f1:0x4f1e7575 x25=0x4f1e7575
     125595.000 ns	     12558	80002c00	017f1713	slli	x14,x30,0x17	 x30:0x00000005 x14=0x02800000
     125615.000 ns	     12560	80002c04	d0019253	fcvt.s.w	f4,x3	  x3:0x7aaeed00  f4=0x4ef55dda
     125645.000 ns	     12563	80002c08	036623b3	mulhsu	x7,x12,x22	 x12:0xffffffff x22:0xffffffff  x7=0xffffffff
     126015.000 ns	     12600	80002c0c	03e4fd33	remu	x26,x9,x30	  x9:0x00000000 x30:0x00000005 x26=0x00000000
     126035.000 ns	     12602	80002c10	01d7e9b3	or	x19,x15,x29	 x15:0x00000000 x29:0x00000000 x19=0x00000000
     126045.000 ns	     12603	80002c14	00152833	slt	x16,x10,x1	 x10:0x00000000  x1:0xa0082c00 x16=0x00000000
     126065.000 ns	     12605	80002c18	28ee92d3	fmax.s	f5,f29,f14	 f29:0x0000001d f14:0x7fc00000  f5=0x0000001d
     126095.000 ns	     12608	80002c1c	0396a6b3	mulhsu	x13,x13,x25	 x13:0x07794ad4 x25:0x4f1e7575 x13=0x024f51bc
     126125.000 ns	     12611	80002c20	021211b3	mulh	x3,x4,x1	  x4:0x00000000  x1:0xa0082c00  x3=0x00000000
     126165.000 ns	     12615	80002c24	5804bf53	fsqrt.s	f30,f9	  f9:0x7fc00000 f30=0x7fc00000
     126195.000 ns	     12618	80002c28	02b503b3	mul	x7,x10,x11	 x10:0x00000000 x11:0xffffffff  x7=0x00000000
     126215.000 ns	     12620	80002c2c	018655b3	srl	x11,x12,x24	 x12:0xffffffff x24:0xfffffc53 x11=0x00001fff
     126225.000 ns	     12621	80002c30	01498b33	add	x22,x19,x20	 x19:0x00000000 x20:0x6bd00416 x22=0x6bd00416
     126245.000 ns	     12623	80002c34	03ec01b3	mul	x3,x24,x30	 x24:0xfffffc53 x30:0x00000005  x3=0xffffed9f
     126295.000 ns	     12628	80002c38	08724a53	fsub.s	f20,f4,f7	  f4:0x4ef55dda  f7:0x00000000 f20=0x4ef55dda
     126325.000 ns	     12631	80002c3c	020b4733	div	x14,x22,x0	 x22:0x6bd00416  x0:0x00000000 x14=0xffffffff
     126355.000 ns	     12634	80002c40	a02d1653	flt.s	x12,f26,f2	 f26:0x00000000  f2:0x7fc00000 x12=0x00000000
     126375.000 ns	     12636	80002c44	00000013	addi	x0,x0,0	  x0:0x00000000
     126385.000 ns	     12637	80002c48	00000013	addi	x0,x0,0	  x0:0x00000000
     126395.000 ns	     12638	80002c4c	00721c13	slli	x24,x4,0x7	  x4:0x00000000 x24=0x00000000
     126415.000 ns	     12640	80002c50	f00801d3	fmv.w.x	f3,x16	 x16:0x00000000  f3=0x00000000
     126435.000 ns	     12642	80002c54	00000013	addi	x0,x0,0	  x0:0x00000000
     126445.000 ns	     12643	80002c58	011efcb3	and	x25,x29,x17	 x29:0x00000000 x17:0x80040fe4 x25=0x00000000
     126465.000 ns	     12645	80002c5c	0264a633	mulhsu	x12,x9,x6	  x9:0x00000000  x6:0x00000001 x12=0x00000000
     126485.000 ns	     12647	80002c60	00cde1b3	or	x3,x27,x12	 x27:0x00000001 x12:0x00000000  x3=0x00000001
     126505.000 ns	     12649	80002c64	024d67b3	rem	x15,x26,x4	 x26:0x00000000  x4:0x00000000 x15=0x00000000
     126535.000 ns	     12652	80002c68	a15d9953	flt.s	x18,f27,f21	 f27:0x3f800000 f21:0x80000000 x18=0x00000000
     126565.000 ns	     12655	80002c6c	0229b9b3	mulhu	x19,x19,x2	 x19:0x00000000  x2:0x00000001 x19=0x00000000
     126585.000 ns	     12657	80002c70	00c732b3	sltu	x5,x14,x12	 x14:0xffffffff x12:0x00000000  x5=0x00000000
     126595.000 ns	     12658	80002c74	1dda2f93	slti	x31,x20,477	 x20:0x6bd00416 x31=0x00000000
     126615.000 ns	     12660	80002c78	e0088d53	fmv.x.w	x26,f17	 f17:0x7fc00000 x26=0x7fc00000
     126635.000 ns	     12662	80002c7c	1b200c93	addi	x25,x0,434	  x0:0x00000000 x25=0x000001b2
     126995.000 ns	     12698	80002c80	0217d4b3	divu	x9,x15,x1	 x15:0x00000000  x1:0xa0082c00  x9=0x00000000
     127025.000 ns	     12701	80002c84	d002f553	fcvt.s.w	f10,x5	  x5:0x00000000 f10=0x00000000
     127075.000 ns	     12706	80002c88	09000653	fsub.s	f12,f0,f16	  f0:0x1f3504ae f16:0x00000000 f12=0x1f3504ae
     127105.000 ns	     12709	80002c8c	a17a2353	feq.s	x6,f20,f23	 f20:0x4ef55dda f23:0x4f900678  x6=0x00000000
     127125.000 ns	     12711	80002c90	40c48fb3	sub	x31,x9,x12	  x9:0x00000000 x12:0x00000000 x31=0x00000000
     127135.000 ns	     12712	80002c94	60833193	sltiu	x3,x6,1544	  x6:0x00000000  x3=0x00000001
     127165.000 ns	     12715	80002c98	10e4a253	fmul.s	f4,f9,f14	  f9:0x7fc00000 f14:0x7fc00000  f4=0x7fc00000
     127195.000 ns	     12718	80002c9c	29a000d3	fmin.s	f1,f0,f26	  f0:0x1f3504ae f26:0x00000000  f1=0x00000000
     127215.000 ns	     12720	80002ca0	00685033	srl	x0,x16,x6	 x16:0x00000000  x6:0x00000000
     127235.000 ns	     12722	80002ca4	f00589d3	fmv.w.x	f19,x11	 x11:0x00001fff f19=0x00001fff
     127265.000 ns	     12725	80002ca8	c016ffd3	fcvt.wu.s	x31,f13	 f13:0x00000000 x31=0x00000000
     127295.000 ns	     12728	80002cac	200b09d3	fsgnj.s	f19,f22,f0	 f22:0x4f000000  f0:0x1f3504ae f19=0x4f000000
     127325.000 ns	     12731	80002cb0	d0107753	fcvt.s.wu	f14,x0	  x0:0x00000000 f14=0x00000000
     127345.000 ns	     12733	80002cb4	416f5293	srai	x5,x30,0x16	 x30:0x00000005  x5=0x00000000
     127365.000 ns	     12735	80002cb8	c0013a53	fcvt.w.s	x20,f2	  f2:0x7fc00000 x20=0x7fffffff
     127395.000 ns	     12738	80002cbc	e0010fd3	fmv.x.w	x31,f2	  f2:0x7fc00000 x31=0x7fc00000
     127415.000 ns	     12740	80002cc0	01431993	slli	x19,x6,0x14	  x6:0x00000000 x19=0x00000000
     127425.000 ns	     12741	80002cc4	0000eb33	or	x22,x1,x0	  x1:0xa0082c00  x0:0x00000000 x22=0xa0082c00
     127455.000 ns	     12744	80002cc8	18963a53	fdiv.s	f20,f12,f9	 f12:0x1f3504ae  f9:0x7fc00000 f20=0x7fc00000
     127475.000 ns	     12746	80002ccc	014c5b33	srl	x22,x24,x20	 x24:0x00000000 x20:0x7fffffff x22=0x00000000
     127495.000 ns	     12748	80002cd0	03879d33	mulh	x26,x15,x24	 x15:0x00000000 x24:0x00000000 x26=0x00000000
     127525.000 ns	     12751	80002cd4	d0177c53	fcvt.s.wu	f24,x14	 x14:0xffffffff f24=0x4f7fffff
     127555.000 ns	     12754	80002cd8	20b8a4d3	fsgnjx.s	f9,f17,f11	 f17:0x7fc00000 f11:0x00000000  f9=0x7fc00000
     127575.000 ns	     12756	80002cdc	007ba333	slt	x6,x23,x7	 x23:0x00000000  x7:0x00000000  x6=0x00000000
     127595.000 ns	     12758	80002ce0	20808ad3	fsgnj.s	f21,f1,f8	  f1:0x00000000  f8:0x7fc00000 f21=0x00000000
     127615.000 ns	     12760	80002ce4	41ff0733	sub	x14,x30,x31	 x30:0x00000005 x31:0x7fc00000 x14=0x80400005
     127635.000 ns	     12762	80002ce8	f0088c53	fmv.w.x	f24,x17	 x17:0x80040fe4 f24=0x80040fe4
     127655.000 ns	     12764	80002cec	00e8e7b3	or	x15,x17,x14	 x17:0x80040fe4 x14:0xffffffff x15=0x80440fe5
     127675.000 ns	     12766	80002cf0	a073ab53	feq.s	x22,f7,f7	  f7:0x00000000  f7:0x00000000 x22=0x00000001
     127705.000 ns	     12769	80002cf4	21d18bd3	fsgnj.s	f23,f3,f29	  f3:0x00000000 f29:0x0000001d f23=0x00000000
     127735.000 ns	     12772	80002cf8	a0bd1853	flt.s	x16,f26,f11	 f26:0x00000000 f11:0x00000000 x16=0x00000000
     127755.000 ns	     12774	80002cfc	38a5b493	sltiu	x9,x11,906	 x11:0x00001fff  x9=0x00000000
     127775.000 ns	     12776	80002d00	283595d3	fmax.s	f11,f11,f3	 f11:0x00000000  f3:0x00000000 f11=0x00000000
     127795.000 ns	     12778	80002d04	01e309b3	add	x19,x6,x30	  x6:0x00000000 x30:0x00000005 x19=0x00000005
     127815.000 ns	     12780	80002d08	029de033	rem	x0,x27,x9	 x27:0x00000001  x9:0x00000000
     127835.000 ns	     12782	80002d0c	40c30833	sub	x16,x6,x12	  x6:0x00000000 x12:0x00000000 x16=0x00000000
     127845.000 ns	     12783	80002d10	007c51b3	srl	x3,x24,x7	 x24:0x00000000  x7:0x00000000  x3=0x00000000
     127855.000 ns	     12784	80002d14	00dddc33	srl	x24,x27,x13	 x27:0x00000001 x13:0x024f51bc x24=0x00000000
     127885.000 ns	     12787	80002d18	187a7753	fdiv.s	f14,f20,f7	 f20:0x7fc00000  f7:0x00000000 f14=0x7fc00000
     127905.000 ns	     12789	80002d1c	e17a6193	ori	x3,x20,-489	 x20:0x7fffffff  x3=0xffffffff
     127925.000 ns	     12791	80002d20	032f3ab3	mulhu	x21,x30,x18	 x30:0x00000005 x18:0x00000000 x21=0x00000000
     127955.000 ns	     12794	80002d24	034e2733	mulhsu	x14,x28,x20	 x28:0x80041024 x20:0x7fffffff x14=0xc0020812
     127975.000 ns	     12796	80002d28	00000013	addi	x0,x0,0	  x0:0x00000000
     128005.000 ns	     12799	80002d2c	580cfa53	fsqrt.s	f20,f25	 f25:0xcefff7e0 f20=0x7fc00000
     128045.000 ns	     12803	80002d30	11b6fad3	fmul.s	f21,f13,f27	 f13:0x00000000 f27:0x3f800000 f21=0x00000000
     128065.000 ns	     12805	80002d34	61f1b793	sltiu	x15,x3,1567	  x3:0xffffffff x15=0x00000000
     128085.000 ns	     12807	80002d38	d0027753	fcvt.s.w	f14,x4	  x4:0x00000000 f14=0x00000000
     128135.000 ns	     12812	80002d3c	00467b53	fadd.s	f22,f12,f4	 f12:0x1f3504ae  f4:0x7fc00000 f22=0x7fc00000
     128155.000 ns	     12814	80002d40	00de0ab3	add	x21,x28,x13	 x28:0x80041024 x13:0x024f51bc x21=0x825361e0
     128165.000 ns	     12815	80002d44	017f1a93	slli	x21,x30,0x17	 x30:0x00000005 x21=0x02800000
     128175.000 ns	     12816	80002d48	eca12013	slti	x0,x2,-310	  x2:0x00000001
     128195.000 ns	     12818	80002d4c	29d38dd3	fmin.s	f27,f7,f29	  f7:0x00000000 f29:0x0000001d f27=0x00000000
     128215.000 ns	     12820	80002d50	00000013	addi	x0,x0,0	  x0:0x00000000
     128235.000 ns	     12822	80002d54	a1cf95d3	flt.s	x11,f31,f28	 f31:0x00000000 f28:0x7fc00000 x11=0x00000000
     128255.000 ns	     12824	80002d58	e74fae93	slti	x29,x31,-396	 x31:0x7fc00000 x29=0x00000000
     128275.000 ns	     12826	80002d5c	0390b533	mulhu	x10,x1,x25	  x1:0xa0082c00 x25:0x000001b2 x10=0x0000010f
     128305.000 ns	     12829	80002d60	29a81853	fmax.s	f16,f16,f26	 f16:0x00000000 f26:0x00000000 f16=0x00000000
     128335.000 ns	     12832	80002d64	29851053	fmax.s	f0,f10,f24	 f10:0x00000000 f24:0x80040fe4  f0=0x00000000
     128365.000 ns	     12835	80002d68	f00d8753	fmv.w.x	f14,x27	 x27:0x00000001 f14=0x00000001
     128385.000 ns	     12837	80002d6c	0078db13	srli	x22,x17,0x7	 x17:0x80040fe4 x22=0x0100081f
     129555.000 ns	     12954	80002d70	580effd3	fsqrt.s	f31,f29	 f29:0x0000001d f31=0x1f3504ae
     129575.000 ns	     12956	80002d74	fac6e093	ori	x1,x13,-84	 x13:0x024f51bc  x1=0xffffffbc
     129585.000 ns	     12957	80002d78	4a6e2693	slti	x13,x28,1190	 x28:0x80041024 x13=0x00000001
     129605.000 ns	     12959	80002d7c	d0197f53	fcvt.s.wu	f30,x18	 x18:0x00000000 f30=0x00000000
     129655.000 ns	     12964	80002d80	09b87453	fsub.s	f8,f16,f27	 f16:0x00000000 f27:0x00000000  f8=0x80000000
     129675.000 ns	     12966	80002d84	41488533	sub	x10,x17,x20	 x17:0x80040fe4 x20:0x7fffffff x10=0x00040fe5
     130005.000 ns	     12999	80002d88	18eef953	fdiv.s	f18,f29,f14	 f29:0x0000001d f14:0x00000001 f18=0x3623c3c4
     130025.000 ns	     13001	80002d8c	018b01b3	add	x3,x22,x24	 x22:0x0100081f x24:0x00000000  x3=0x0100081f
     130045.000 ns	     13003	80002d90	d00a77d3	fcvt.s.w	f15,x20	 x20:0x7fffffff f15=0x4effffff
     130075.000 ns	     13006	80002d94	29ba8a53	fmin.s	f20,f21,f27	 f21:0x00000000 f27:0x00000000 f20=0x00000000
     130095.000 ns	     13008	80002d98	40475d93	srai	x27,x14,0x4	 x14:0xc0020812 x27=0xfc002081
     130135.000 ns	     13012	80002d9c	00b11ad3	fadd.s	f21,f2,f11	  f2:0x7fc00000 f11:0x00000000 f21=0x7fc00000
     130175.000 ns	     13016	80002da0	580072d3	fsqrt.s	f5,f0	  f0:0x00000000  f5=0x00000000
     130205.000 ns	     13019	80002da4	28bd0053	fmin.s	f0,f26,f11	 f26:0x00000000 f11:0x00000000  f0=0x00000000
     130235.000 ns	     13022	80002da8	d01f90d3	fcvt.s.wu	f1,x31	 x31:0x7fc00000  f1=0x4eff8000
     130265.000 ns	     13025	80002dac	20832e53	fsgnjx.s	f28,f6,f8	  f6:0x00000000  f8:0x80000000 f28=0x80000000
     130295.000 ns	     13028	80002db0	e0078553	fmv.x.w	x10,f15	 f15:0x4effffff x10=0x4effffff
     130345.000 ns	     13033	80002db4	08e00253	fsub.s	f4,f0,f14	  f0:0x00000000 f14:0x00000001  f4=0x80000001
     130395.000 ns	     13038	80002db8	090d4ed3	fsub.s	f29,f26,f16	 f26:0x00000000 f16:0x00000000 f29=0x80000000
     130425.000 ns	     13041	80002dbc	e00982d3	fmv.x.w	x5,f19	 f19:0x4f000000  x5=0x4f000000
     130455.000 ns	     13044	80002dc0	03cd0db3	mul	x27,x26,x28	 x26:0x00000000 x28:0x80041024 x27=0x00000000
     130475.000 ns	     13046	80002dc4	00e4ccb3	xor	x25,x9,x14	  x9:0x00000000 x14:0xc0020812 x25=0xc0020812
     130485.000 ns	     13047	80002dc8	013b26b3	slt	x13,x22,x19	 x22:0x0100081f x19:0x00000005 x13=0x00000000
     130505.000 ns	     13049	80002dcc	f0040fd3	fmv.w.x	f31,x8	  x8:0x82048000 f31=0x82048000
     130875.000 ns	     13086	80002dd0	03c1d433	divu	x8,x3,x28	  x3:0x0100081f x28:0x80041024  x8=0x00000000
     130895.000 ns	     13088	80002dd4	1db80413	addi	x8,x16,475	 x16:0x00000000  x8=0x000001db
     130925.000 ns	     13091	80002dd8	580c7ed3	fsqrt.s	f29,f24	 f24:0x80040fe4 f29=0x7fc00000
     131265.000 ns	     13125	80002ddc	19867653	fdiv.s	f12,f12,f24	 f12:0x1f3504ae f24:0x80040fe4 f12=0xddff8e24
     131285.000 ns	     13127	80002de0	011a32b3	sltu	x5,x20,x17	 x20:0x7fffffff x17:0x80040fe4  x5=0x00000001
     131295.000 ns	     13128	80002de4	41288033	sub	x0,x17,x18	 x17:0x80040fe4 x18:0x00000000
     131305.000 ns	     13129	80002de8	00d06fb3	or	x31,x0,x13	  x0:0x00000000 x13:0x00000000 x31=0x00000000
     131315.000 ns	     13130	80002dec	3332a213	slti	x4,x5,819	  x5:0x00000001  x4=0x00000001
     131325.000 ns	     13131	80002df0	006b1913	slli	x18,x22,0x6	 x22:0x0100081f x18=0x400207c0
     131345.000 ns	     13133	80002df4	d01bbd53	fcvt.s.wu	f26,x23	 x23:0x00000000 f26=0x00000000
     131375.000 ns	     13136	80002df8	e00d02d3	fmv.x.w	x5,f26	 f26:0x00000000  x5=0x00000000
     131395.000 ns	     13138	80002dfc	43513e93	sltiu	x29,x2,1077	  x2:0x00000001 x29=0x00000001
     131415.000 ns	     13140	80002e00	f00a8453	fmv.w.x	f8,x21	 x21:0x02800000  f8=0x02800000
     131445.000 ns	     13143	80002e04	f0048d53	fmv.w.x	f26,x9	  x9:0x00000000 f26=0x00000000
     131475.000 ns	     13146	80002e08	029e0eb3	mul	x29,x28,x9	 x28:0x80041024  x9:0x00000000 x29=0x00000000
     131495.000 ns	     13148	80002e0c	00dcd9b3	srl	x19,x25,x13	 x25:0xc0020812 x13:0x00000000 x19=0xc0020812
     131505.000 ns	     13149	80002e10	00205833	srl	x16,x0,x2	  x0:0x00000000  x2:0x00000001 x16=0x00000000
     131515.000 ns	     13150	80002e14	41f18eb3	sub	x29,x3,x31	  x3:0x0100081f x31:0x00000000 x29=0x0100081f
     131535.000 ns	     13152	80002e18	e00b9b53	fclass.s	x22,f23	 f23:0x00000000 x22=0x00000010
     131565.000 ns	     13155	80002e1c	03fdecb3	rem	x25,x27,x31	 x27:0x00000000 x31:0x00000000 x25=0x00000000
     131585.000 ns	     13157	80002e20	30ca0c13	addi	x24,x20,780	 x20:0x7fffffff x24=0x8000030b
     131625.000 ns	     13161	80002e24	00e01dd3	fadd.s	f27,f0,f14	  f0:0x00000000 f14:0x00000001 f27=0x00000001
     131645.000 ns	     13163	80002e28	c7814593	xori	x11,x2,-904	  x2:0x00000001 x11=0xfffffc79
     131665.000 ns	     13165	80002e2c	21cb9253	fsgnjn.s	f4,f23,f28	 f23:0x00000000 f28:0x80000000  f4=0x00000000
     131685.000 ns	     13167	80002e30	009b6ab3	or	x21,x22,x9	 x22:0x00000010  x9:0x00000000 x21=0x00000010
     131705.000 ns	     13169	80002e34	c009f153	fcvt.w.s	x2,f19	 f19:0x4f000000  x2=0x7fffffff
     131735.000 ns	     13172	80002e38	03428db3	mul	x27,x5,x20	  x5:0x00000000 x20:0x7fffffff x27=0x00000000
     131765.000 ns	     13175	80002e3c	03a3f833	remu	x16,x7,x26	  x7:0x00000000 x26:0x00000000 x16=0x00000000
     131785.000 ns	     13177	80002e40	411d5cb3	sra	x25,x26,x17	 x26:0x00000000 x17:0x80040fe4 x25=0x00000000
     131795.000 ns	     13178	80002e44	40710c33	sub	x24,x2,x7	  x2:0x7fffffff  x7:0x00000000 x24=0x7fffffff
     131805.000 ns	     13179	80002e48	e4330213	addi	x4,x6,-445	  x6:0x00000000  x4=0xfffffe43
     132165.000 ns	     13215	80002e4c	03116fb3	rem	x31,x2,x17	  x2:0x7fffffff x17:0x80040fe4 x31=0x00040fe3
     132195.000 ns	     13218	80002e50	c0089553	fcvt.w.s	x10,f17	 f17:0x7fc00000 x10=0x7fffffff
     132215.000 ns	     13220	80002e54	008f0833	add	x16,x30,x8	 x30:0x00000005  x8:0x000001db x16=0x000001e0
     132225.000 ns	     13221	80002e58	00b4f533	and	x10,x9,x11	  x9:0x00000000 x11:0xfffffc79 x10=0x00000000
     132265.000 ns	     13225	80002e5c	09b0c6d3	fsub.s	f13,f1,f27	  f1:0x4eff8000 f27:0x00000001 f13=0x4eff8000
     132635.000 ns	     13262	80002e60	0245db33	divu	x22,x11,x4	 x11:0xfffffc79  x4:0xfffffe43 x22=0x00000000
     132665.000 ns	     13265	80002e64	290b1d53	fmax.s	f26,f22,f16	 f22:0x7fc00000 f16:0x00000000 f26=0x00000000
     132695.000 ns	     13268	80002e68	e00694d3	fclass.s	x9,f13	 f13:0x4eff8000  x9=0x00000040
     132715.000 ns	     13270	80002e6c	00000013	addi	x0,x0,0	  x0:0x00000000
     132735.000 ns	     13272	80002e70	a1049d53	flt.s	x26,f9,f16	  f9:0x7fc00000 f16:0x00000000 x26=0x00000000
     132765.000 ns	     13275	80002e74	29dc8653	fmin.s	f12,f25,f29	 f25:0xcefff7e0 f29:0x7fc00000 f12=0xcefff7e0
     132795.000 ns	     13278	80002e78	287387d3	fmin.s	f15,f7,f7	  f7:0x00000000  f7:0x00000000 f15=0x00000000
     132815.000 ns	     13280	80002e7c	001783b3	add	x7,x15,x1	 x15:0x00000000  x1:0xffffffbc  x7=0xffffffbc
     132845.000 ns	     13283	80002e80	189fc153	fdiv.s	f2,f31,f9	 f31:0x82048000  f9:0x7fc00000  f2=0x7fc00000
     133215.000 ns	     13320	80002e84	033d66b3	rem	x13,x26,x19	 x26:0x00000000 x19:0xc0020812 x13=0x00000000
     133265.000 ns	     13325	80002e88	00a37553	fadd.s	f10,f6,f10	  f6:0x00000000 f10:0x00000000 f10=0x00000000
     133295.000 ns	     13328	80002e8c	03470b33	mul	x22,x14,x20	 x14:0xc0020812 x20:0x7fffffff x22=0x3ffdf7ee
     133345.000 ns	     13333	80002e90	09ddf6d3	fsub.s	f13,f27,f29	 f27:0x00000001 f29:0x7fc00000 f13=0x7fc00000
     133375.000 ns	     13336	80002e94	214c82d3	fsgnj.s	f5,f25,f20	 f25:0xcefff7e0 f20:0x00000000  f5=0x4efff7e0
     133405.000 ns	     13339	80002e98	037829b3	mulhsu	x19,x16,x23	 x16:0x000001e0 x23:0x00000000 x19=0x00000000
     133455.000 ns	     13344	80002e9c	01677053	fadd.s	f0,f14,f22	 f14:0x00000001 f22:0x7fc00000  f0=0x7fc00000
     133475.000 ns	     13346	80002ea0	01ef5eb3	srl	x29,x30,x30	 x30:0x00000005 x30:0x00000005 x29=0x00000000
     133835.000 ns	     13382	80002ea4	036c79b3	remu	x19,x24,x22	 x24:0x7fffffff x22:0x3ffdf7ee x19=0x00041023
     133865.000 ns	     13385	80002ea8	28c897d3	fmax.s	f15,f17,f12	 f17:0x7fc00000 f12:0xcefff7e0 f15=0xcefff7e0
     133895.000 ns	     13388	80002eac	c01b3053	fcvt.wu.s	x0,f22	 f22:0x7fc00000
     133915.000 ns	     13390	80002eb0	018b2c33	slt	x24,x22,x24	 x22:0x3ffdf7ee x24:0x7fffffff x24=0x00000001
     133925.000 ns	     13391	80002eb4	fe9c0513	addi	x10,x24,-23	 x24:0x7fffffff x10=0xffffffea
     133935.000 ns	     13392	80002eb8	00c641b3	xor	x3,x12,x12	 x12:0x00000000 x12:0x00000000  x3=0x00000000
     133955.000 ns	     13394	80002ebc	a1182953	feq.s	x18,f16,f17	 f16:0x00000000 f17:0x7fc00000 x18=0x00000000
     133985.000 ns	     13397	80002ec0	20de90d3	fsgnjn.s	f1,f29,f13	 f29:0x7fc00000 f13:0x7fc00000  f1=0xffc00000
     134015.000 ns	     13400	80002ec4	216f2d53	fsgnjx.s	f26,f30,f22	 f30:0x00000000 f22:0x7fc00000 f26=0x00000000
     134385.000 ns	     13437	80002ec8	02235a33	divu	x20,x6,x2	  x6:0x00000000  x2:0x7fffffff x20=0x00000000
     134405.000 ns	     13439	80002ecc	00df5513	srli	x10,x30,0xd	 x30:0x00000005 x10=0x00000000
     134425.000 ns	     13441	80002ed0	289c86d3	fmin.s	f13,f25,f9	 f25:0xcefff7e0  f9:0x7fc00000 f13=0xcefff7e0
     134445.000 ns	     13443	80002ed4	0033fd33	and	x26,x7,x3	  x7:0xffffffbc  x3:0x00000000 x26=0x00000000
     134465.000 ns	     13445	80002ed8	02f6d6b3	divu	x13,x13,x15	 x13:0x00000000 x15:0x00000000 x13=0xffffffff
     134835.000 ns	     13482	80002edc	03e7fa33	remu	x20,x15,x30	 x15:0x00000000 x30:0x00000005 x20=0x00000000
     134855.000 ns	     13484	80002ee0	41f68833	sub	x16,x13,x31	 x13:0xffffffff x31:0x00040fe3 x16=0xfffbf01c
     135215.000 ns	     13520	80002ee4	02924bb3	div	x23,x4,x9	  x4:0xfffffe43  x9:0x00000040 x23=0xfffffffa
     135265.000 ns	     13525	80002ee8	0106f753	fadd.s	f14,f13,f16	 f13:0xcefff7e0 f16:0x00000000 f14=0xcefff7e0
     135285.000 ns	     13527	80002eec	01f84833	xor	x16,x16,x31	 x16:0xfffbf01c x31:0x00040fe3 x16=0xffffffff
     135305.000 ns	     13529	80002ef0	02c14fb3	div	x31,x2,x12	  x2:0x7fffffff x12:0x00000000 x31=0xffffffff
     135325.000 ns	     13531	80002ef4	00549033	sll	x0,x9,x5	  x9:0x00000040  x5:0x00000000
     135335.000 ns	     13532	80002ef8	36850b93	addi	x23,x10,872	 x10:0x00000000 x23=0x00000368
     135355.000 ns	     13534	80002efc	c01ec1d3	fcvt.wu.s	x3,f29	 f29:0x7fc00000  x3=0xffffffff
     135375.000 ns	     13536	80002f00	01701493	slli	x9,x0,0x17	  x0:0x00000000  x9=0x00000000
     135385.000 ns	     13537	80002f04	00010bb3	add	x23,x2,x0	  x2:0x7fffffff  x0:0x00000000 x23=0x7fffffff
     135415.000 ns	     13540	80002f08	1150a253	fmul.s	f4,f1,f21	  f1:0xffc00000 f21:0x7fc00000  f4=0x7fc00000
     135435.000 ns	     13542	80002f0c	25133013	sltiu	x0,x6,593	  x6:0x00000000
     135455.000 ns	     13544	80002f10	21be85d3	fsgnj.s	f11,f29,f27	 f29:0x7fc00000 f27:0x00000001 f11=0x7fc00000
     135475.000 ns	     13546	80002f14	40bfdb33	sra	x22,x31,x11	 x31:0xffffffff x11:0xfffffc79 x22=0xffffffff
     135495.000 ns	     13548	80002f18	28099ad3	fmax.s	f21,f19,f0	 f19:0x4f000000  f0:0x7fc00000 f21=0x4f000000
     135515.000 ns	     13550	80002f1c	012a31b3	sltu	x3,x20,x18	 x20:0x00000000 x18:0x00000000  x3=0x00000000
     135535.000 ns	     13552	80002f20	28958553	fmin.s	f10,f11,f9	 f11:0x7fc00000  f9:0x7fc00000 f10=0x7fc00000
     135555.000 ns	     13554	80002f24	41d36f93	ori	x31,x6,1053	  x6:0x00000000 x31=0x0000041d
     135575.000 ns	     13556	80002f28	d0131b53	fcvt.s.wu	f22,x6	  x6:0x00000000 f22=0x00000000
     135595.000 ns	     13558	80002f2c	01b00133	add	x2,x0,x27	  x0:0x00000000 x27:0x00000000  x2=0x00000000
     135605.000 ns	     13559	80002f30	00000013	addi	x0,x0,0	  x0:0x00000000
     135625.000 ns	     13561	80002f34	028520b3	mulhsu	x1,x10,x8	 x10:0x00000000  x8:0x000001db  x1=0x00000000
     135655.000 ns	     13564	80002f38	203527d3	fsgnjx.s	f15,f10,f3	 f10:0x7fc00000  f3:0x00000000 f15=0x7fc00000
     135685.000 ns	     13567	80002f3c	f0050ad3	fmv.w.x	f21,x10	 x10:0x00000000 f21=0x00000000
     135735.000 ns	     13572	80002f40	09007853	fsub.s	f16,f0,f16	  f0:0x7fc00000 f16:0x00000000 f16=0x7fc00000
     135755.000 ns	     13574	80002f44	3dbbb113	sltiu	x2,x23,987	 x23:0x7fffffff  x2=0x00000000
     136115.000 ns	     13610	80002f48	02d1d633	divu	x12,x3,x13	  x3:0x00000000 x13:0xffffffff x12=0x00000000
     136155.000 ns	     13614	80002f4c	114b29d3	fmul.s	f19,f22,f20	 f22:0x00000000 f20:0x00000000 f19=0x00000000
     136175.000 ns	     13616	80002f50	41d18133	sub	x2,x3,x29	  x3:0x00000000 x29:0x00000000  x2=0x00000000
     136215.000 ns	     13620	80002f54	08997a53	fsub.s	f20,f18,f9	 f18:0x3623c3c4  f9:0x7fc00000 f20=0x7fc00000
     136245.000 ns	     13623	80002f58	03d196b3	mulh	x13,x3,x29	  x3:0x00000000 x29:0x00000000 x13=0x00000000
     136285.000 ns	     13627	80002f5c	1124acd3	fmul.s	f25,f9,f18	  f9:0x7fc00000 f18:0x3623c3c4 f25=0x7fc00000
     136305.000 ns	     13629	80002f60	6861c313	xori	x6,x3,1670	  x3:0x00000000  x6=0x00000686
     136325.000 ns	     13631	80002f64	a1440953	fle.s	x18,f8,f20	  f8:0x02800000 f20:0x7fc00000 x18=0x00000000
     136345.000 ns	     13633	80002f68	8f566037	lui	x0,0x8f566	
     136355.000 ns	     13634	80002f6c	40f5d333	sra	x6,x11,x15	 x11:0xfffffc79 x15:0x00000000  x6=0xfffffc79
     136365.000 ns	     13635	80002f70	fd6c4113	xori	x2,x24,-42	 x24:0x00000001  x2=0xffffffd7
     137535.000 ns	     13752	80002f74	580dfed3	fsqrt.s	f29,f27	 f27:0x00000001 f29=0x1f350483
     137565.000 ns	     13755	80002f78	20162553	fsgnjx.s	f10,f12,f1	 f12:0xcefff7e0  f1:0xffc00000 f10=0x4efff7e0
     137595.000 ns	     13758	80002f7c	d01694d3	fcvt.s.wu	f9,x13	 x13:0x00000000  f9=0x00000000
     137615.000 ns	     13760	80002f80	cf4b0413	addi	x8,x22,-780	 x22:0xffffffff  x8=0xfffffcf3
     137635.000 ns	     13762	80002f84	e0050fd3	fmv.x.w	x31,f10	 f10:0x4efff7e0 x31=0x4efff7e0
     137665.000 ns	     13765	80002f88	03768bb3	mul	x23,x13,x23	 x13:0x00000000 x23:0x7fffffff x23=0x00000000
     137695.000 ns	     13768	80002f8c	207c0653	fsgnj.s	f12,f24,f7	 f24:0x80040fe4  f7:0x00000000 f12=0x00040fe4
     137715.000 ns	     13770	80002f90	011a5a33	srl	x20,x20,x17	 x20:0x00000000 x17:0x80040fe4 x20=0x00000000
     137725.000 ns	     13771	80002f94	404c8733	sub	x14,x25,x4	 x25:0x00000000  x4:0xfffffe43 x14=0x000001bd
     137735.000 ns	     13772	80002f98	0164a033	slt	x0,x9,x22	  x9:0x00000000 x22:0xffffffff
     137755.000 ns	     13774	80002f9c	0294d4b3	divu	x9,x9,x9	  x9:0x00000000  x9:0x00000000  x9=0xffffffff
     137775.000 ns	     13776	80002fa0	aee32413	slti	x8,x6,-1298	  x6:0xfffffc79  x8=0x00000000
     137795.000 ns	     13778	80002fa4	284899d3	fmax.s	f19,f17,f4	 f17:0x7fc00000  f4:0x7fc00000 f19=0x7fc00000
     137815.000 ns	     13780	80002fa8	0195d5b3	srl	x11,x11,x25	 x11:0xfffffc79 x25:0x00000000 x11=0xfffffc79
     137835.000 ns	     13782	80002fac	d01576d3	fcvt.s.wu	f13,x10	 x10:0x00000000 f13=0x00000000
     137855.000 ns	     13784	80002fb0	412e8433	sub	x8,x29,x18	 x29:0x00000000 x18:0x00000000  x8=0x00000000
     137875.000 ns	     13786	80002fb4	03950733	mul	x14,x10,x25	 x10:0x00000000 x25:0x00000000 x14=0x00000000
     137895.000 ns	     13788	80002fb8	07485797	auipc	x15,0x7485	 x15=0x87487fb8
     137915.000 ns	     13790	80002fbc	d0030e53	fcvt.s.w	f28,x6	  x6:0xfffffc79 f28=0xc461c000
     137935.000 ns	     13792	80002fc0	016bb3b3	sltu	x7,x23,x22	 x23:0x00000000 x22:0xffffffff  x7=0x00000001
     137955.000 ns	     13794	80002fc4	289d15d3	fmax.s	f11,f26,f9	 f26:0x00000000  f9:0x00000000 f11=0x00000000
     137985.000 ns	     13797	80002fc8	d006f6d3	fcvt.s.w	f13,x13	 x13:0x00000000 f13=0x00000000
     138355.000 ns	     13834	80002fcc	02b9cd33	div	x26,x19,x11	 x19:0x00041023 x11:0xfffffc79 x26=0xfffffeda
     138385.000 ns	     13837	80002fd0	0204ebb3	rem	x23,x9,x0	  x9:0xffffffff  x0:0x00000000 x23=0xffffffff
     138405.000 ns	     13839	80002fd4	2de98997	auipc	x19,0x2de98	 x19=0xade9afd4
     138415.000 ns	     13840	80002fd8	bd07e993	ori	x19,x15,-1072	 x15:0x87487fb8 x19=0xfffffff8
     138435.000 ns	     13842	80002fdc	e0068cd3	fmv.x.w	x25,f13	 f13:0x00000000 x25=0x00000000
     138465.000 ns	     13845	80002fe0	28a20053	fmin.s	f0,f4,f10	  f4:0x7fc00000 f10:0x4efff7e0  f0=0x4efff7e0
     138495.000 ns	     13848	80002fe4	03451133	mulh	x2,x10,x20	 x10:0x00000000 x20:0x00000000  x2=0x00000000
     138525.000 ns	     13851	80002fe8	29b49053	fmax.s	f0,f9,f27	  f9:0x00000000 f27:0x00000001  f0=0x00000001
     138555.000 ns	     13854	80002fec	c0197053	fcvt.wu.s	x0,f18	 f18:0x3623c3c4
     138575.000 ns	     13856	80002ff0	01205eb3	srl	x29,x0,x18	  x0:0x00000000 x18:0x00000000 x29=0x00000000
     138595.000 ns	     13858	80002ff4	029a0db3	mul	x27,x20,x9	 x20:0x00000000  x9:0xffffffff x27=0x00000000
     138645.000 ns	     13863	80002ff8	097a29d3	fsub.s	f19,f20,f23	 f20:0x7fc00000 f23:0x00000000 f19=0x7fc00000
     138665.000 ns	     13865	80002ffc	00000013	addi	x0,x0,0	  x0:0x00000000
     138685.000 ns	     13867	80003000	205a9353	fsgnjn.s	f6,f21,f5	 f21:0x00000000  f5:0x4efff7e0  f6=0x80000000
     138715.000 ns	     13870	80003004	02193933	mulhu	x18,x18,x1	 x18:0x00000000  x1:0x00000000 x18=0x00000000
     138735.000 ns	     13872	80003008	0172cd33	xor	x26,x5,x23	  x5:0x00000000 x23:0xffffffff x26=0xffffffff
     138755.000 ns	     13874	8000300c	025753b3	divu	x7,x14,x5	 x14:0x00000000  x5:0x00000000  x7=0xffffffff
     138775.000 ns	     13876	80003010	00cd0233	add	x4,x26,x12	 x26:0xfffffeda x12:0x00000000  x4=0xffffffff
     138795.000 ns	     13878	80003014	a06c9a53	flt.s	x20,f25,f6	 f25:0x7fc00000  f6:0x80000000 x20=0x00000000
     138825.000 ns	     13881	80003018	c00f86d3	fcvt.w.s	x13,f31	 f31:0x82048000 x13=0x00000000
     138845.000 ns	     13883	8000301c	409bd633	sra	x12,x23,x9	 x23:0xffffffff  x9:0xffffffff x12=0xffffffff
     138875.000 ns	     13886	80003020	1029c1d3	fmul.s	f3,f19,f2	 f19:0x7fc00000  f2:0x7fc00000  f3=0x7fc00000
     138895.000 ns	     13888	80003024	bc9b8a93	addi	x21,x23,-1079	 x23:0xffffffff x21=0xfffffbc8
     138915.000 ns	     13890	80003028	288191d3	fmax.s	f3,f3,f8	  f3:0x7fc00000  f8:0x02800000  f3=0x02800000
     138935.000 ns	     13892	8000302c	a329ba13	sltiu	x20,x19,-1486	 x19:0xfffffff8 x20=0x00000000
     138945.000 ns	     13893	80003030	24398013	addi	x0,x19,579	 x19:0xfffffff8
     138985.000 ns	     13897	80003034	013f18d3	fadd.s	f17,f30,f19	 f30:0x00000000 f19:0x7fc00000 f17=0x7fc00000
     139015.000 ns	     13900	80003038	21ada253	fsgnjx.s	f4,f27,f26	 f27:0x00000001 f26:0x00000000  f4=0x00000001
     139035.000 ns	     13902	8000303c	773d7117	auipc	x2,0x773d7	  x2=0xf73da03c
     139055.000 ns	     13904	80003040	02a2a9b3	mulhsu	x19,x5,x10	  x5:0x00000000 x10:0x00000000 x19=0x00000000
     139085.000 ns	     13907	80003044	03beadb3	mulhsu	x27,x29,x27	 x29:0x00000000 x27:0x00000000 x27=0x00000000
     139105.000 ns	     13909	80003048	00f8ebb3	or	x23,x17,x15	 x17:0x80040fe4 x15:0x87487fb8 x23=0x874c7ffc
     139125.000 ns	     13911	8000304c	a1e8ac53	feq.s	x24,f17,f30	 f17:0x7fc00000 f30:0x00000000 x24=0x00000000
     139145.000 ns	     13913	80003050	010fd213	srli	x4,x31,0x10	 x31:0x4efff7e0  x4=0x00004eff
     139505.000 ns	     13949	80003054	037bc2b3	div	x5,x23,x23	 x23:0x874c7ffc x23:0x874c7ffc  x5=0x00000001
     139555.000 ns	     13954	80003058	08a8a653	fsub.s	f12,f17,f10	 f17:0x7fc00000 f10:0x4efff7e0 f12=0x7fc00000
     139585.000 ns	     13957	8000305c	f0078cd3	fmv.w.x	f25,x15	 x15:0x87487fb8 f25=0x87487fb8
     139605.000 ns	     13959	80003060	0177c233	xor	x4,x15,x23	 x15:0x87487fb8 x23:0x874c7ffc  x4=0x00040044
     139625.000 ns	     13961	80003064	03d214b3	mulh	x9,x4,x29	  x4:0x00004eff x29:0x00000000  x9=0x00000000
     139645.000 ns	     13963	80003068	022cfc13	andi	x24,x25,34	 x25:0x00000000 x24=0x00000000
     139665.000 ns	     13965	8000306c	c00b9753	fcvt.w.s	x14,f23	 f23:0x00000000 x14=0x00000000
     139685.000 ns	     13967	80003070	ecf0f717	auipc	x14,0xecf0f	 x14=0x6cf12070
     139695.000 ns	     13968	80003074	404f8cb3	sub	x25,x31,x4	 x31:0x4efff7e0  x4:0x00040044 x25=0x4efbf79c
     139705.000 ns	     13969	80003078	01feb333	sltu	x6,x29,x31	 x29:0x00000000 x31:0x4efff7e0  x6=0x00000001
     139715.000 ns	     13970	8000307c	4117db33	sra	x22,x15,x17	 x15:0x87487fb8 x17:0x80040fe4 x22=0xf87487fb
     139725.000 ns	     13971	80003080	001ac733	xor	x14,x21,x1	 x21:0xfffffbc8  x1:0x00000000 x14=0xfffffbc8
     139755.000 ns	     13974	80003084	18cbf3d3	fdiv.s	f7,f23,f12	 f23:0x00000000 f12:0x7fc00000  f7=0x7fc00000
     139785.000 ns	     13977	80003088	a13f9bd3	flt.s	x23,f31,f19	 f31:0x82048000 f19:0x7fc00000 x23=0x00000000
     140155.000 ns	     14014	8000308c	02e176b3	remu	x13,x2,x14	  x2:0xf73da03c x14:0xfffffbc8 x13=0xf73da03c
     140175.000 ns	     14016	80003090	2e013613	sltiu	x12,x2,736	  x2:0xf73da03c x12=0x00000000
     140195.000 ns	     14018	80003094	0216e533	rem	x10,x13,x1	 x13:0xf73da03c  x1:0x00000000 x10=0xf73da03c
     140225.000 ns	     14021	80003098	02968b33	mul	x22,x13,x9	 x13:0xf73da03c  x9:0x00000000 x22=0x00000000
     140265.000 ns	     14025	8000309c	58067cd3	fsqrt.s	f25,f12	 f12:0x7fc00000 f25=0x7fc00000
     140285.000 ns	     14027	800030a0	406b05b3	sub	x11,x22,x6	 x22:0x00000000  x6:0x00000001 x11=0xffffffff
     140295.000 ns	     14028	800030a4	8614f0b7	lui	x1,0x8614f	  x1=0x8614f000
     140315.000 ns	     14030	800030a8	213093d3	fsgnjn.s	f7,f1,f19	  f1:0xffc00000 f19:0x7fc00000  f7=0xffc00000
     140335.000 ns	     14032	800030ac	96d2ec93	ori	x25,x5,-1683	  x5:0x00000001 x25=0xfffff96d
     140695.000 ns	     14068	800030b0	03fddcb3	divu	x25,x27,x31	 x27:0x00000000 x31:0x4efff7e0 x25=0x00000000
     140745.000 ns	     14073	800030b4	01c3cc53	fadd.s	f24,f7,f28	  f7:0xffc00000 f28:0xc461c000 f24=0x7fc00000
     140775.000 ns	     14076	800030b8	022622b3	mulhsu	x5,x12,x2	 x12:0x00000000  x2:0xf73da03c  x5=0x00000000
     140795.000 ns	     14078	800030bc	00cc0733	add	x14,x24,x12	 x24:0x00000000 x12:0x00000000 x14=0x00000000
     140825.000 ns	     14081	800030c0	19339553	fdiv.s	f10,f7,f19	  f7:0xffc00000 f19:0x7fc00000 f10=0x7fc00000
     140845.000 ns	     14083	800030c4	66a60697	auipc	x13,0x66a60	 x13=0xe6a630c4
     140855.000 ns	     14084	800030c8	0145d013	srli	x0,x11,0x14	 x11:0xffffffff
     140875.000 ns	     14086	800030cc	d003f8d3	fcvt.s.w	f17,x7	  x7:0xffffffff f17=0xbf800000
     140895.000 ns	     14088	800030d0	06ea8113	addi	x2,x21,110	 x21:0xfffffbc8  x2=0xfffffc36
     140915.000 ns	     14090	800030d4	c005add3	fcvt.w.s	x27,f11	 f11:0x00000000 x27=0x00000000
     140945.000 ns	     14093	800030d8	2157ad53	fsgnjx.s	f26,f15,f21	 f15:0x7fc00000 f21:0x00000000 f26=0x7fc00000
     140975.000 ns	     14096	800030dc	295491d3	fmax.s	f3,f9,f21	  f9:0x00000000 f21:0x00000000  f3=0x00000000
     141005.000 ns	     14099	800030e0	e00614d3	fclass.s	x9,f12	 f12:0x7fc00000  x9=0x00000200
     141025.000 ns	     14101	800030e4	019ba433	slt	x8,x23,x25	 x23:0x00000000 x25:0x00000000  x8=0x00000000
     141035.000 ns	     14102	800030e8	01ac6133	or	x2,x24,x26	 x24:0x00000000 x26:0xffffffff  x2=0xffffffff
     141045.000 ns	     14103	800030ec	0f30bb93	sltiu	x23,x1,243	  x1:0x8614f000 x23=0x00000000
     141065.000 ns	     14105	800030f0	e0060253	fmv.x.w	x4,f12	 f12:0x7fc00000  x4=0x7fc00000
     141435.000 ns	     14142	800030f4	029354b3	divu	x9,x6,x9	  x6:0x00000001  x9:0x00000200  x9=0x00000000
     141455.000 ns	     14144	800030f8	7cda2937	lui	x18,0x7cda2	 x18=0x7cda2000
     141475.000 ns	     14146	800030fc	d01d7053	fcvt.s.wu	f0,x26	 x26:0xffffffff  f0=0x4f7fffff
     141845.000 ns	     14183	80003100	03205c33	divu	x24,x0,x18	  x0:0x00000000 x18:0x00000000 x24=0x00000000
     141865.000 ns	     14185	80003104	01a6ecb3	or	x25,x13,x26	 x13:0xe6a630c4 x26:0xffffffff x25=0xffffffff
     141885.000 ns	     14187	80003108	201305d3	fsgnj.s	f11,f6,f1	  f6:0x80000000  f1:0xffc00000 f11=0x80000000
     141905.000 ns	     14189	8000310c	f70a6d13	ori	x26,x20,-144	 x20:0x00000000 x26=0xffffff70
     141915.000 ns	     14190	80003110	ffbd9c17	auipc	x24,0xffbd9	 x24=0x7fbdc110
     141935.000 ns	     14192	80003114	a06c06d3	fle.s	x13,f24,f6	 f24:0x7fc00000  f6:0x80000000 x13=0x00000000
     141955.000 ns	     14194	80003118	01cf1533	sll	x10,x30,x28	 x30:0x00000005 x28:0x80041024 x10=0x00000050
     141995.000 ns	     14198	8000311c	098cffd3	fsub.s	f31,f25,f24	 f25:0x7fc00000 f24:0x7fc00000 f31=0x7fc00000
     142025.000 ns	     14201	80003120	a16a0653	fle.s	x12,f20,f22	 f20:0x7fc00000 f22:0x00000000 x12=0x00000000
     142055.000 ns	     14204	80003124	02ae8433	mul	x8,x29,x10	 x29:0x00000000 x10:0x00000050  x8=0x00000000
     142075.000 ns	     14206	80003128	f59c4c13	xori	x24,x24,-167	 x24:0x7fbdc110 x24=0x80423e49
     142095.000 ns	     14208	8000312c	e0021053	fclass.s	x0,f4	  f4:0x00000001
     142125.000 ns	     14211	80003130	03822533	mulhsu	x10,x4,x24	  x4:0x7fc00000 x24:0x7fbdc110 x10=0x40010e94
     142145.000 ns	     14213	80003134	40145c33	sra	x24,x8,x1	  x8:0x00000000  x1:0x8614f000 x24=0x00000000
     142505.000 ns	     14249	80003138	024a47b3	div	x15,x20,x4	 x20:0x00000000  x4:0x7fc00000 x15=0x00000000
     142525.000 ns	     14251	8000313c	0022bcb3	sltu	x25,x5,x2	  x5:0x00000000  x2:0xffffffff x25=0x00000001
     142535.000 ns	     14252	80003140	00c675b3	and	x11,x12,x12	 x12:0x00000000 x12:0x00000000 x11=0x00000000
     142545.000 ns	     14253	80003144	b64e01b7	lui	x3,0xb64e0	  x3=0xb64e0000
     142555.000 ns	     14254	80003148	01e65593	srli	x11,x12,0x1e	 x12:0x00000000 x11=0x00000000
     142575.000 ns	     14256	8000314c	e0091153	fclass.s	x2,f18	 f18:0x3623c3c4  x2=0x00000040
     142605.000 ns	     14259	80003150	03f19ab3	mulh	x21,x3,x31	  x3:0xb64e0000 x31:0x4efff7e0 x21=0xe9421456
     142635.000 ns	     14262	80003154	28c486d3	fmin.s	f13,f9,f12	  f9:0x00000000 f12:0x7fc00000 f13=0x00000000
     143005.000 ns	     14299	80003158	0359c3b3	div	x7,x19,x21	 x19:0x00000000 x21:0xe9421456  x7=0x00000000
     143045.000 ns	     14303	8000315c	11607353	fmul.s	f6,f0,f22	  f0:0x4f7fffff f22:0x00000000  f6=0x00000000
     143075.000 ns	     14306	80003160	a02994d3	flt.s	x9,f19,f2	 f19:0x7fc00000  f2:0x7fc00000  x9=0x00000000
     143115.000 ns	     14310	80003164	11498ed3	fmul.s	f29,f19,f20	 f19:0x7fc00000 f20:0x7fc00000 f29=0x7fc00000
     143145.000 ns	     14313	80003168	20d19b53	fsgnjn.s	f22,f3,f13	  f3:0x00000000 f13:0x00000000 f22=0x80000000
     143185.000 ns	     14317	8000316c	118224d3	fmul.s	f9,f4,f24	  f4:0x00000001 f24:0x7fc00000  f9=0x7fc00000
     143205.000 ns	     14319	80003170	00000013	addi	x0,x0,0	  x0:0x00000000
     143215.000 ns	     14320	80003174	13377513	andi	x10,x14,307	 x14:0x00000000 x10=0x00000000
     143225.000 ns	     14321	80003178	61f0c793	xori	x15,x1,1567	  x1:0x8614f000 x15=0x8614f61f
     143235.000 ns	     14322	8000317c	e67efc17	auipc	x24,0xe67ef	 x24=0x667f217c
     143245.000 ns	     14323	80003180	016e9693	slli	x13,x29,0x16	 x29:0x00000000 x13=0x00000000
     143255.000 ns	     14324	80003184	41e704b3	sub	x9,x14,x30	 x14:0x00000000 x30:0x00000005  x9=0xfffffffb
     143275.000 ns	     14326	80003188	d00ff853	fcvt.s.w	f16,x31	 x31:0x4efff7e0 f16=0x4e9dffef
     143305.000 ns	     14329	8000318c	d009bed3	fcvt.s.w	f29,x19	 x19:0x00000000 f29=0x00000000
     143335.000 ns	     14332	80003190	03d06933	rem	x18,x0,x29	  x0:0x00000000 x29:0x00000000 x18=0x00000000
     143355.000 ns	     14334	80003194	40c80933	sub	x18,x16,x12	 x16:0xffffffff x12:0x00000000 x18=0xffffffff
     143375.000 ns	     14336	80003198	d00e7053	fcvt.s.w	f0,x28	 x28:0x80041024  f0=0xcefff7df
     143405.000 ns	     14339	8000319c	c000b5d3	fcvt.w.s	x11,f1	  f1:0xffc00000 x11=0x7fffffff
     143435.000 ns	     14342	800031a0	0338ac33	mulhsu	x24,x17,x19	 x17:0x80040fe4 x19:0x00000000 x24=0x00000000
     143465.000 ns	     14345	800031a4	d01cf553	fcvt.s.wu	f10,x25	 x25:0x00000001 f10=0x3f800000
     143495.000 ns	     14348	800031a8	a1878453	fle.s	x8,f15,f24	 f15:0x7fc00000 f24:0x7fc00000  x8=0x00000000
     143545.000 ns	     14353	800031ac	0119fa53	fadd.s	f20,f19,f17	 f19:0x7fc00000 f17:0xbf800000 f20=0x7fc00000
     143575.000 ns	     14356	800031b0	29269253	fmax.s	f4,f13,f18	 f13:0x00000000 f18:0x3623c3c4  f4=0x3623c3c4
     143605.000 ns	     14359	800031b4	02a99233	mulh	x4,x19,x10	 x19:0x00000000 x10:0x00000000  x4=0x00000000
     143625.000 ns	     14361	800031b8	00502db3	slt	x27,x0,x5	  x0:0x00000000  x5:0x00000000 x27=0x00000000
     143665.000 ns	     14365	800031bc	003d39d3	fadd.s	f19,f26,f3	 f26:0x7fc00000  f3:0x00000000 f19=0x7fc00000
     143695.000 ns	     14368	800031c0	02e5e233	rem	x4,x11,x14	 x11:0x7fffffff x14:0x00000000  x4=0x7fffffff
     143725.000 ns	     14371	800031c4	205f2f53	fsgnjx.s	f30,f30,f5	 f30:0x00000000  f5:0x4efff7e0 f30=0x00000000
     143755.000 ns	     14374	800031c8	a0e22a53	feq.s	x20,f4,f14	  f4:0x3623c3c4 f14:0xcefff7e0 x20=0x00000000
     143785.000 ns	     14377	800031cc	02161db3	mulh	x27,x12,x1	 x12:0x00000000  x1:0x8614f000 x27=0x00000000
     143815.000 ns	     14380	800031d0	03781ab3	mulh	x21,x16,x23	 x16:0xffffffff x23:0x00000000 x21=0x00000000
     143855.000 ns	     14384	800031d4	108043d3	fmul.s	f7,f0,f8	  f0:0xcefff7df  f8:0x02800000  f7=0x91fff7e0
     143885.000 ns	     14387	800031d8	025f8933	mul	x18,x31,x5	 x31:0x4efff7e0  x5:0x00000000 x18=0x00000000
     143915.000 ns	     14390	800031dc	028c0833	mul	x16,x24,x8	 x24:0x00000000  x8:0x00000000 x16=0x00000000
     143935.000 ns	     14392	800031e0	00299233	sll	x4,x19,x2	 x19:0x00000000  x2:0x00000040  x4=0x00000000
     143955.000 ns	     14394	800031e4	03e58333	mul	x6,x11,x30	 x11:0x7fffffff x30:0x00000005  x6=0x7ffffffb
     143985.000 ns	     14397	800031e8	a13900d3	fle.s	x1,f18,f19	 f18:0x3623c3c4 f19:0x7fc00000  x1=0x00000000
     144005.000 ns	     14399	800031ec	0090d913	srli	x18,x1,0x9	  x1:0x8614f000 x18=0x00000000
     144015.000 ns	     14400	800031f0	36ef0493	addi	x9,x30,878	 x30:0x00000005  x9=0x00000373
     144025.000 ns	     14401	800031f4	41e78bb3	sub	x23,x15,x30	 x15:0x8614f61f x30:0x00000005 x23=0x8614f61a
     144035.000 ns	     14402	800031f8	41c389b3	sub	x19,x7,x28	  x7:0x00000000 x28:0x80041024 x19=0x7ffbefdc
     144055.000 ns	     14404	800031fc	a159a253	feq.s	x4,f19,f21	 f19:0x7fc00000 f21:0x00000000  x4=0x00000000
     144085.000 ns	     14407	80003200	c003fed3	fcvt.w.s	x29,f7	  f7:0x91fff7e0 x29=0x00000000
     144105.000 ns	     14409	80003204	01126a33	or	x20,x4,x17	  x4:0x00000000 x17:0x80040fe4 x20=0x80040fe4
     144125.000 ns	     14411	80003208	e0088cd3	fmv.x.w	x25,f17	 f17:0xbf800000 x25=0xbf800000
     144155.000 ns	     14414	8000320c	03d577b3	remu	x15,x10,x29	 x10:0x00000000 x29:0x00000000 x15=0x00000000
     144185.000 ns	     14417	80003210	03919433	mulh	x8,x3,x25	  x3:0xb64e0000 x25:0xbf800000  x8=0x12915900
     144205.000 ns	     14419	80003214	01aa9d93	slli	x27,x21,0x1a	 x21:0x00000000 x27=0x00000000
     144215.000 ns	     14420	80003218	41648433	sub	x8,x9,x22	  x9:0x00000373 x22:0x00000000  x8=0x00000373
     144235.000 ns	     14422	8000321c	c015b953	fcvt.wu.s	x18,f11	 f11:0x80000000 x18=0x00000000
     144265.000 ns	     14425	80003220	02ddd0b3	divu	x1,x27,x13	 x27:0x00000000 x13:0x00000000  x1=0xffffffff
     144285.000 ns	     14427	80003224	2df07093	andi	x1,x0,735	  x0:0x00000000  x1=0x00000000
     144295.000 ns	     14428	80003228	00a59313	slli	x6,x11,0xa	 x11:0x7fffffff  x6=0xfffffc00
     144315.000 ns	     14430	8000322c	a1728553	fle.s	x10,f5,f23	  f5:0x4efff7e0 f23:0x00000000 x10=0x00000000
     144345.000 ns	     14433	80003230	02fdfa33	remu	x20,x27,x15	 x27:0x00000000 x15:0x00000000 x20=0x00000000
     144375.000 ns	     14436	80003234	038872b3	remu	x5,x16,x24	 x16:0x00000000 x24:0x00000000  x5=0x00000000
     144405.000 ns	     14439	80003238	21d0a253	fsgnjx.s	f4,f1,f29	  f1:0xffc00000 f29:0x00000000  f4=0xffc00000
     144435.000 ns	     14442	8000323c	e00a9dd3	fclass.s	x27,f21	 f21:0x00000000 x27=0x00000010
     144455.000 ns	     14444	80003240	00b85593	srli	x11,x16,0xb	 x16:0x00000000 x11=0x00000000
     144475.000 ns	     14446	80003244	a02324d3	feq.s	x9,f6,f2	  f6:0x00000000  f2:0x7fc00000  x9=0x00000000
     144495.000 ns	     14448	80003248	be5d6737	lui	x14,0xbe5d6	 x14=0xbe5d6000
     144505.000 ns	     14449	8000324c	64656213	ori	x4,x10,1606	 x10:0x00000000  x4=0x00000646
     144515.000 ns	     14450	80003250	0e850393	addi	x7,x10,232	 x10:0x00000000  x7=0x000000e8
     144525.000 ns	     14451	80003254	00f922b3	slt	x5,x18,x15	 x18:0x00000000 x15:0x00000000  x5=0x00000000
     144545.000 ns	     14453	80003258	29c89953	fmax.s	f18,f17,f28	 f17:0xbf800000 f28:0xc461c000 f18=0xbf800000
     144565.000 ns	     14455	8000325c	0185b633	sltu	x12,x11,x24	 x11:0x00000000 x24:0x00000000 x12=0x00000000
     144585.000 ns	     14457	80003260	c0013553	fcvt.w.s	x10,f2	  f2:0x7fc00000 x10=0x7fffffff
     144615.000 ns	     14460	80003264	e00d91d3	fclass.s	x3,f27	 f27:0x00000001  x3=0x00000020
     144635.000 ns	     14462	80003268	3c7ae213	ori	x4,x21,967	 x21:0x00000000  x4=0x000003c7
     144645.000 ns	     14463	8000326c	01e1b4b3	sltu	x9,x3,x30	  x3:0x00000020 x30:0x00000005  x9=0x00000000
     144655.000 ns	     14464	80003270	40110a33	sub	x20,x2,x1	  x2:0x00000040  x1:0x00000000 x20=0x00000040
     144675.000 ns	     14466	80003274	a1e38bd3	fle.s	x23,f7,f30	  f7:0x91fff7e0 f30:0x00000000 x23=0x00000001
     144695.000 ns	     14468	80003278	00add533	srl	x10,x27,x10	 x27:0x00000010 x10:0x7fffffff x10=0x00000000
     144715.000 ns	     14470	8000327c	201a13d3	fsgnjn.s	f7,f20,f1	 f20:0x7fc00000  f1:0xffc00000  f7=0x7fc00000
     144745.000 ns	     14473	80003280	0343a133	mulhsu	x2,x7,x20	  x7:0x000000e8 x20:0x00000040  x2=0x00000000
     144775.000 ns	     14476	80003284	d01f75d3	fcvt.s.wu	f11,x30	 x30:0x00000005 f11=0x40a00000
     144795.000 ns	     14478	80003288	00887bb3	and	x23,x16,x8	 x16:0x00000000  x8:0x00000373 x23=0x00000000
     144815.000 ns	     14480	8000328c	f00d0f53	fmv.w.x	f30,x26	 x26:0xffffff70 f30=0xffffff70
     144835.000 ns	     14482	80003290	00aa5b33	srl	x22,x20,x10	 x20:0x00000040 x10:0x00000000 x22=0x00000040
     144845.000 ns	     14483	80003294	41a30a33	sub	x20,x6,x26	  x6:0xfffffc00 x26:0xffffff70 x20=0xfffffc90
     144855.000 ns	     14484	80003298	00061c13	slli	x24,x12,0x0	 x12:0x00000000 x24=0x00000000
     144865.000 ns	     14485	8000329c	01bd0633	add	x12,x26,x27	 x26:0xffffff70 x27:0x00000010 x12=0xffffff80
     144875.000 ns	     14486	800032a0	00000013	addi	x0,x0,0	  x0:0x00000000
     146045.000 ns	     14603	800032a4	58087953	fsqrt.s	f18,f16	 f16:0x4e9dffef f18=0x470e35d3
     146075.000 ns	     14606	800032a8	a1da0ed3	fle.s	x29,f20,f29	 f20:0x7fc00000 f29:0x00000000 x29=0x00000000
     146125.000 ns	     14611	800032ac	01b1fd53	fadd.s	f26,f3,f27	  f3:0x00000000 f27:0x00000001 f26=0x00000001
     146155.000 ns	     14614	800032b0	c0157ed3	fcvt.wu.s	x29,f10	 f10:0x3f800000 x29=0x00000001
     146175.000 ns	     14616	800032b4	009757b3	srl	x15,x14,x9	 x14:0xbe5d6000  x9:0x00000000 x15=0xbe5d6000
     146195.000 ns	     14618	800032b8	03288133	mul	x2,x17,x18	 x17:0x80040fe4 x18:0x00000000  x2=0x00000000
     146225.000 ns	     14621	800032bc	c017f653	fcvt.wu.s	x12,f15	 f15:0x7fc00000 x12=0xffffffff
     146265.000 ns	     14625	800032c0	580328d3	fsqrt.s	f17,f6	  f6:0x00000000 f17=0x00000000
     146295.000 ns	     14628	800032c4	02e226b3	mulhsu	x13,x4,x14	  x4:0x000003c7 x14:0xbe5d6000 x13=0x000002cf
     146325.000 ns	     14631	800032c8	21f807d3	fsgnj.s	f15,f16,f31	 f16:0x4e9dffef f31:0x7fc00000 f15=0x4e9dffef
     146345.000 ns	     14633	800032cc	57b46613	ori	x12,x8,1403	  x8:0x00000373 x12=0x0000077b
     146385.000 ns	     14637	800032d0	09b17f53	fsub.s	f30,f2,f27	  f2:0x7fc00000 f27:0x00000001 f30=0x7fc00000
     146405.000 ns	     14639	800032d4	df7df697	auipc	x13,0xdf7df	 x13=0x5f7e22d4
     146415.000 ns	     14640	800032d8	00a58593	addi	x11,x11,10	 x11:0x00000000 x11=0x0000000a
     146435.000 ns	     14642	800032dc	20468653	fsgnj.s	f12,f13,f4	 f13:0x00000000  f4:0xffc00000 f12=0x80000000
     146465.000 ns	     14645	800032e0	c006f7d3	fcvt.w.s	x15,f13	 f13:0x00000000 x15=0x00000000
     146485.000 ns	     14647	800032e4	00000013	addi	x0,x0,0	  x0:0x00000000
     146495.000 ns	     14648	800032e8	876c3b93	sltiu	x23,x24,-1930	 x24:0x00000000 x23=0x00000001
     146515.000 ns	     14650	800032ec	02041033	mulh	x0,x8,x0	  x8:0x00000373  x0:0x00000000
     146565.000 ns	     14655	800032f0	09d88ad3	fsub.s	f21,f17,f29	 f17:0x00000000 f29:0x00000000 f21=0x80000000
     146615.000 ns	     14660	800032f4	00f1f5d3	fadd.s	f11,f3,f15	  f3:0x00000000 f15:0x4e9dffef f11=0x4e9dffef
     146645.000 ns	     14663	800032f8	209c2ad3	fsgnjx.s	f21,f24,f9	 f24:0x7fc00000  f9:0x7fc00000 f21=0x7fc00000
     146665.000 ns	     14665	800032fc	013c50b3	srl	x1,x24,x19	 x24:0x00000000 x19:0x7ffbefdc  x1=0x00000000
     146675.000 ns	     14666	80003300	012ca0b3	slt	x1,x25,x18	 x25:0xbf800000 x18:0x00000000  x1=0x00000001
     146705.000 ns	     14669	80003304	10bf8853	fmul.s	f16,f31,f11	 f31:0x7fc00000 f11:0x4e9dffef f16=0x7fc00000
     146725.000 ns	     14671	80003308	b4bc47b7	lui	x15,0xb4bc4	 x15=0xb4bc4000
     146745.000 ns	     14673	8000330c	02f8b9b3	mulhu	x19,x17,x15	 x17:0x80040fe4 x15:0x00000000 x19=0x5a60fe28
     146765.000 ns	     14675	80003310	fc26f413	andi	x8,x13,-62	 x13:0x5f7e22d4  x8=0x5f7e22c0
     146775.000 ns	     14676	80003314	9a432193	slti	x3,x6,-1628	  x6:0xfffffc00  x3=0x00000000
     146795.000 ns	     14678	80003318	209a1e53	fsgnjn.s	f28,f20,f9	 f20:0x7fc00000  f9:0x7fc00000 f28=0xffc00000
     146815.000 ns	     14680	8000331c	51626d13	ori	x26,x4,1302	  x4:0x000003c7 x26=0x000007d7
     146825.000 ns	     14681	80003320	004e47b3	xor	x15,x28,x4	 x28:0x80041024  x4:0x000003c7 x15=0x800413e3
     146845.000 ns	     14683	80003324	e00785d3	fmv.x.w	x11,f15	 f15:0x4e9dffef x11=0x4e9dffef
     146875.000 ns	     14686	80003328	e00c0fd3	fmv.x.w	x31,f24	 f24:0x7fc00000 x31=0x7fc00000
     146905.000 ns	     14689	8000332c	c0123ed3	fcvt.wu.s	x29,f4	  f4:0xffc00000 x29=0xffffffff
     146945.000 ns	     14693	80003330	110d8253	fmul.s	f4,f27,f16	 f27:0x00000001 f16:0x7fc00000  f4=0x7fc00000
     146965.000 ns	     14695	80003334	00c347b3	xor	x15,x6,x12	  x6:0xfffffc00 x12:0x0000077b x15=0xfffffb7b
     146975.000 ns	     14696	80003338	01f1c7b3	xor	x15,x3,x31	  x3:0x00000000 x31:0x7fc00000 x15=0x7fc00000
     146995.000 ns	     14698	8000333c	a1e923d3	feq.s	x7,f18,f30	 f18:0x470e35d3 f30:0x7fc00000  x7=0x00000000
     147015.000 ns	     14700	80003340	010f21b3	slt	x3,x30,x16	 x30:0x00000005 x16:0x00000000  x3=0x00000000
     147025.000 ns	     14701	80003344	01871393	slli	x7,x14,0x18	 x14:0xbe5d6000  x7=0x00000000
     147045.000 ns	     14703	80003348	d001fed3	fcvt.s.w	f29,x3	  x3:0x00000000 f29=0x00000000
     147065.000 ns	     14705	8000334c	008ed433	srl	x8,x29,x8	 x29:0xffffffff  x8:0x5f7e22c0  x8=0xffffffff
     147075.000 ns	     14706	80003350	417e5293	srai	x5,x28,0x17	 x28:0x80041024  x5=0xffffff00
     147085.000 ns	     14707	80003354	48086393	ori	x7,x16,1152	 x16:0x00000000  x7=0x00000480
     147105.000 ns	     14709	80003358	c00ac753	fcvt.w.s	x14,f21	 f21:0x7fc00000 x14=0x7fffffff
     147475.000 ns	     14746	8000335c	0397ebb3	rem	x23,x15,x25	 x15:0x7fc00000 x25:0xbf800000 x23=0x3f400000
     147495.000 ns	     14748	80003360	933ee493	ori	x9,x29,-1741	 x29:0xffffffff  x9=0xffffffff
     147505.000 ns	     14749	80003364	013e1093	slli	x1,x28,0x13	 x28:0x80041024  x1=0x81200000
     147525.000 ns	     14751	80003368	028b0db3	mul	x27,x22,x8	 x22:0x00000040  x8:0xffffffff x27=0xffffffc0
     147545.000 ns	     14753	8000336c	01d99ab3	sll	x21,x19,x29	 x19:0x5a60fe28 x29:0xffffffff x21=0x00000000
     147555.000 ns	     14754	80003370	4d09a793	slti	x15,x19,1232	 x19:0x5a60fe28 x15=0x00000000
     147585.000 ns	     14757	80003374	108d9bd3	fmul.s	f23,f27,f8	 f27:0x00000001  f8:0x02800000 f23=0x00000000
     147625.000 ns	     14761	80003378	184772d3	fdiv.s	f5,f14,f4	 f14:0xcefff7e0  f4:0x7fc00000  f5=0x7fc00000
     147655.000 ns	     14764	8000337c	a09f8853	fle.s	x16,f31,f9	 f31:0x7fc00000  f9:0x7fc00000 x16=0x00000000
     147675.000 ns	     14766	80003380	00021613	slli	x12,x4,0x0	  x4:0x000003c7 x12=0x000003c7
     147685.000 ns	     14767	80003384	31916413	ori	x8,x2,793	  x2:0x00000000  x8=0x00000319
     147705.000 ns	     14769	80003388	e00e1253	fclass.s	x4,f28	 f28:0xffc00000  x4=0x00000200
     148075.000 ns	     14806	8000338c	03bcdbb3	divu	x23,x25,x27	 x25:0xbf800000 x27:0xffffffc0 x23=0x00000000
     148115.000 ns	     14810	80003390	18b6f753	fdiv.s	f14,f13,f11	 f13:0x00000000 f11:0x4e9dffef f14=0x00000000
     148135.000 ns	     14812	80003394	ab10af93	slti	x31,x1,-1359	  x1:0x81200000 x31=0x00000001
     148145.000 ns	     14813	80003398	01e4e833	or	x16,x9,x30	  x9:0xffffffff x30:0x00000005 x16=0xffffffff
     148165.000 ns	     14815	8000339c	028b26b3	mulhsu	x13,x22,x8	 x22:0x00000040  x8:0x00000319 x13=0x00000000
     148195.000 ns	     14818	800033a0	03fb27b3	mulhsu	x15,x22,x31	 x22:0x00000040 x31:0x00000001 x15=0x00000000
     148225.000 ns	     14821	800033a4	a1241453	flt.s	x8,f8,f18	  f8:0x02800000 f18:0x470e35d3  x8=0x00000001
     148245.000 ns	     14823	800033a8	00bff0b3	and	x1,x31,x11	 x31:0x00000001 x11:0x4e9dffef  x1=0x00000001
     148265.000 ns	     14825	800033ac	f00c0a53	fmv.w.x	f20,x24	 x24:0x00000000 f20=0x00000000
     148635.000 ns	     14862	800033b0	021d5933	divu	x18,x26,x1	 x26:0x000007d7  x1:0x81200000 x18=0x000007d7
     148655.000 ns	     14864	800033b4	00000013	addi	x0,x0,0	  x0:0x00000000
     148665.000 ns	     14865	800033b8	4025d533	sra	x10,x11,x2	 x11:0x4e9dffef  x2:0x00000000 x10=0x4e9dffef
     148685.000 ns	     14867	800033bc	a09f1953	flt.s	x18,f30,f9	 f30:0x7fc00000  f9:0x7fc00000 x18=0x00000000
     148705.000 ns	     14869	800033c0	00345fb3	srl	x31,x8,x3	  x8:0x00000001  x3:0x00000000 x31=0x00000001
     148735.000 ns	     14872	800033c4	58017753	fsqrt.s	f14,f2	  f2:0x7fc00000 f14=0x7fc00000
     148755.000 ns	     14874	800033c8	bf42b313	sltiu	x6,x5,-1036	  x5:0xffffff00  x6=0x00000000
     148775.000 ns	     14876	800033cc	a1fa9753	flt.s	x14,f21,f31	 f21:0x7fc00000 f31:0x7fc00000 x14=0x00000000
     148805.000 ns	     14879	800033d0	a14f86d3	fle.s	x13,f31,f20	 f31:0x7fc00000 f20:0x00000000 x13=0x00000000
     148825.000 ns	     14881	800033d4	40e45593	srai	x11,x8,0xe	  x8:0x00000001 x11=0x00000000
     148845.000 ns	     14883	800033d8	03029eb3	mulh	x29,x5,x16	  x5:0xffffff00 x16:0xffffffff x29=0x00000000
     148865.000 ns	     14885	800033dc	0104e433	or	x8,x9,x16	  x9:0xffffffff x16:0xffffffff  x8=0xffffffff
     148875.000 ns	     14886	800033e0	00061333	sll	x6,x12,x0	 x12:0x000003c7  x0:0x00000000  x6=0x000003c7
     148905.000 ns	     14889	800033e4	5800fbd3	fsqrt.s	f23,f1	  f1:0xffc00000 f23=0x7fc00000
     149275.000 ns	     14926	800033e8	03c655b3	divu	x11,x12,x28	 x12:0x000003c7 x28:0x80041024 x11=0x00000000
     149295.000 ns	     14928	800033ec	3e73c513	xori	x10,x7,999	  x7:0x00000480 x10=0x00000767
     149305.000 ns	     14929	800033f0	00180633	add	x12,x16,x1	 x16:0xffffffff  x1:0x00000001 x12=0x00000000
     149325.000 ns	     14931	800033f4	c0007dd3	fcvt.w.s	x27,f0	  f0:0xcefff7df x27=0x7ffbef80
     149345.000 ns	     14933	800033f8	16380093	addi	x1,x16,355	 x16:0xffffffff  x1=0x00000162
     149355.000 ns	     14934	800033fc	00bc16b3	sll	x13,x24,x11	 x24:0x00000000 x11:0x00000000 x13=0x00000000
     149375.000 ns	     14936	80003400	218aa153	fsgnjx.s	f2,f21,f24	 f21:0x7fc00000 f24:0x7fc00000  f2=0x7fc00000
     149405.000 ns	     14939	80003404	02911733	mulh	x14,x2,x9	  x2:0x00000000  x9:0xffffffff x14=0x00000000
     149435.000 ns	     14942	80003408	c01446d3	fcvt.wu.s	x13,f8	  f8:0x02800000 x13=0x00000000
     149465.000 ns	     14945	8000340c	e00f86d3	fmv.x.w	x13,f31	 f31:0x7fc00000 x13=0x7fc00000
     149485.000 ns	     14947	80003410	c8f88993	addi	x19,x17,-881	 x17:0x80040fe4 x19=0x80040c73
     149505.000 ns	     14949	80003414	e00f8cd3	fmv.x.w	x25,f31	 f31:0x7fc00000 x25=0x7fc00000
     149545.000 ns	     14953	80003418	102e7c53	fmul.s	f24,f28,f2	 f28:0xffc00000  f2:0x7fc00000 f24=0x7fc00000
     149565.000 ns	     14955	8000341c	41eb5213	srai	x4,x22,0x1e	 x22:0x00000040  x4=0x00000000
     149575.000 ns	     14956	80003420	1e40dd97	auipc	x27,0x1e40d	 x27=0x9e410420
     149595.000 ns	     14958	80003424	e0071d53	fclass.s	x26,f14	 f14:0x7fc00000 x26=0x00000200
     149625.000 ns	     14961	80003428	02005a33	divu	x20,x0,x0	  x0:0x00000000  x0:0x00000000 x20=0xffffffff
     149645.000 ns	     14963	8000342c	01350633	add	x12,x10,x19	 x10:0x00000767 x19:0x80040c73 x12=0x800413da
     149655.000 ns	     14964	80003430	01085813	srli	x16,x16,0x10	 x16:0xffffffff x16=0x0000ffff
     149665.000 ns	     14965	80003434	55c80693	addi	x13,x16,1372	 x16:0xffffffff x13=0x0001055b
     149675.000 ns	     14966	80003438	00ec2033	slt	x0,x24,x14	 x24:0x00000000 x14:0x00000000
     149695.000 ns	     14968	8000343c	a00391d3	flt.s	x3,f7,f0	  f7:0x7fc00000  f0:0xcefff7df  x3=0x00000000
     149725.000 ns	     14971	80003440	d00e73d3	fcvt.s.w	f7,x28	 x28:0x80041024  f7=0xcefff7df
     149745.000 ns	     14973	80003444	eadfaa13	slti	x20,x31,-339	 x31:0x00000001 x20=0x00000000
     149755.000 ns	     14974	80003448	00807833	and	x16,x0,x8	  x0:0x00000000  x8:0xffffffff x16=0x00000000
     149765.000 ns	     14975	8000344c	00000013	addi	x0,x0,0	  x0:0x00000000
     149775.000 ns	     14976	80003450	00000013	addi	x0,x0,0	  x0:0x00000000
     149795.000 ns	     14978	80003454	208f12d3	fsgnjn.s	f5,f30,f8	 f30:0x7fc00000  f8:0x02800000  f5=0xffc00000
     149815.000 ns	     14980	80003458	484de197	auipc	x3,0x484de	  x3=0xc84e1458
     149835.000 ns	     14982	8000345c	d00e80d3	fcvt.s.w	f1,x29	 x29:0x00000000  f1=0x00000000
     149855.000 ns	     14984	80003460	941f8813	addi	x16,x31,-1727	 x31:0x00000001 x16=0xfffff942
     149865.000 ns	     14985	80003464	40dc5593	srai	x11,x24,0xd	 x24:0x00000000 x11=0x00000000
     149885.000 ns	     14987	80003468	e0051153	fclass.s	x2,f10	 f10:0x3f800000  x2=0x00000040
     149905.000 ns	     14989	8000346c	f1dc3793	sltiu	x15,x24,-227	 x24:0x00000000 x15=0x00000001
     149925.000 ns	     14991	80003470	d014fcd3	fcvt.s.wu	f25,x9	  x9:0xffffffff f25=0x4f7fffff
     149945.000 ns	     14993	80003474	41eed4b3	sra	x9,x29,x30	 x29:0x00000000 x30:0x00000005  x9=0x00000000
     149955.000 ns	     14994	80003478	26af29b7	lui	x19,0x26af2	 x19=0x26af2000
     149975.000 ns	     14996	8000347c	2033afd3	fsgnjx.s	f31,f7,f3	  f7:0xcefff7df  f3:0x00000000 f31=0xcefff7df
     149995.000 ns	     14998	80003480	46116193	ori	x3,x2,1121	  x2:0x00000040  x3=0x00000461
     150005.000 ns	     14999	80003484	1650b317	auipc	x6,0x1650b	  x6=0x9650e484
     150015.000 ns	     15000	80003488	b78a3c13	sltiu	x24,x20,-1160	 x20:0x00000000 x24=0x00000001
     150035.000 ns	     15002	8000348c	c0127cd3	fcvt.wu.s	x25,f4	  f4:0x7fc00000 x25=0xffffffff
     150065.000 ns	     15005	80003490	21c191d3	fsgnjn.s	f3,f3,f28	  f3:0x00000000 f28:0xffc00000  f3=0x00000000
     150435.000 ns	     15042	80003494	025c53b3	divu	x7,x24,x5	 x24:0x00000001  x5:0xffffff00  x7=0x00000000
     150465.000 ns	     15045	80003498	21950d53	fsgnj.s	f26,f10,f25	 f10:0x3f800000 f25:0x4f7fffff f26=0x3f800000
     150495.000 ns	     15048	8000349c	e00d8653	fmv.x.w	x12,f27	 f27:0x00000001 x12=0x00000001
     150535.000 ns	     15052	800034a0	116db1d3	fmul.s	f3,f27,f22	 f27:0x00000001 f22:0x80000000  f3=0x80000000
     150575.000 ns	     15056	800034a4	186ecf53	fdiv.s	f30,f29,f6	 f29:0x00000000  f6:0x00000000 f30=0x7fc00000
     150605.000 ns	     15059	800034a8	02944433	div	x8,x8,x9	  x8:0xffffffff  x9:0x00000000  x8=0xffffffff
     150635.000 ns	     15062	800034ac	c001f753	fcvt.w.s	x14,f3	  f3:0x80000000 x14=0x00000000
     150665.000 ns	     15065	800034b0	d01aab53	fcvt.s.wu	f22,x21	 x21:0x00000000 f22=0x00000000
     150685.000 ns	     15067	800034b4	00a03933	sltu	x18,x0,x10	  x0:0x00000000 x10:0x00000767 x18=0x00000001
     150695.000 ns	     15068	800034b8	00e42d33	slt	x26,x8,x14	  x8:0xffffffff x14:0x00000000 x26=0x00000001
     150705.000 ns	     15069	800034bc	415d89b3	sub	x19,x27,x21	 x27:0x9e410420 x21:0x00000000 x19=0x9e410420
     150715.000 ns	     15070	800034c0	49827713	andi	x14,x4,1176	  x4:0x00000000 x14=0x00000000
     150725.000 ns	     15071	800034c4	3329a013	slti	x0,x19,818	 x19:0x26af2000
     151085.000 ns	     15107	800034c8	028574b3	remu	x9,x10,x8	 x10:0x00000767  x8:0xffffffff  x9=0x00000767
     151115.000 ns	     15110	800034cc	21200bd3	fsgnj.s	f23,f0,f18	  f0:0xcefff7df f18:0x470e35d3 f23=0x4efff7df
     151145.000 ns	     15113	800034d0	020762b3	rem	x5,x14,x0	 x14:0x00000000  x0:0x00000000  x5=0x00000000
     151485.000 ns	     15147	800034d4	19994a53	fdiv.s	f20,f18,f25	 f18:0x470e35d3 f25:0x4f7fffff f20=0x370e35d4
     151535.000 ns	     15152	800034d8	007eaed3	fadd.s	f29,f29,f7	 f29:0x00000000  f7:0xcefff7df f29=0xcefff7df
     151555.000 ns	     15154	800034dc	407b50b3	sra	x1,x22,x7	 x22:0x00000040  x7:0x00000000  x1=0x00000040
     151575.000 ns	     15156	800034e0	285f0c53	fmin.s	f24,f30,f5	 f30:0x7fc00000  f5:0xffc00000 f24=0x7fc00000
     151605.000 ns	     15159	800034e4	20c70c53	fsgnj.s	f24,f14,f12	 f14:0x7fc00000 f12:0x80000000 f24=0xffc00000
     151635.000 ns	     15162	800034e8	d0071453	fcvt.s.w	f8,x14	 x14:0x00000000  f8=0x00000000
     151655.000 ns	     15164	800034ec	016f4133	xor	x2,x30,x22	 x30:0x00000005 x22:0x00000040  x2=0x00000045
     151685.000 ns	     15167	800034f0	5801bcd3	fsqrt.s	f25,f3	  f3:0x80000000 f25=0x80000000
     151715.000 ns	     15170	800034f4	290f9c53	fmax.s	f24,f31,f16	 f31:0xcefff7df f16:0x7fc00000 f24=0xcefff7df
     151745.000 ns	     15173	800034f8	f0060053	fmv.w.x	f0,x12	 x12:0x00000001  f0=0x00000001
     151765.000 ns	     15175	800034fc	00acd9b3	srl	x19,x25,x10	 x25:0xffffffff x10:0x00000767 x19=0x01ffffff
     151775.000 ns	     15176	80003500	00501bb3	sll	x23,x0,x5	  x0:0x00000000  x5:0x00000000 x23=0x00000000
     151795.000 ns	     15178	80003504	e0060a53	fmv.x.w	x20,f12	 f12:0x80000000 x20=0x80000000
     151815.000 ns	     15180	80003508	01e10a33	add	x20,x2,x30	  x2:0x00000045 x30:0x00000005 x20=0x0000004a
     151825.000 ns	     15181	8000350c	136bcd93	xori	x27,x23,310	 x23:0x00000000 x27=0x00000136
     151835.000 ns	     15182	80003510	00f90933	add	x18,x18,x15	 x18:0x00000001 x15:0x00000001 x18=0x00000002
     151865.000 ns	     15185	80003514	580839d3	fsqrt.s	f19,f16	 f16:0x7fc00000 f19=0x7fc00000
     151885.000 ns	     15187	80003518	0012b933	sltu	x18,x5,x1	  x5:0x00000000  x1:0x00000040 x18=0x00000001
     151905.000 ns	     15189	8000351c	035ba3b3	mulhsu	x7,x23,x21	 x23:0x00000000 x21:0x00000000  x7=0x00000000
     151925.000 ns	     15191	80003520	001f89b3	add	x19,x31,x1	 x31:0x00000001  x1:0x00000040 x19=0x00000041
     151935.000 ns	     15192	80003524	d7d19797	auipc	x15,0xd7d19	 x15=0x57d1c524
     151945.000 ns	     15193	80003528	400ed913	srai	x18,x29,0x0	 x29:0x00000000 x18=0x00000000
     151965.000 ns	     15195	8000352c	e0081c53	fclass.s	x24,f16	 f16:0x7fc00000 x24=0x00000200
     151985.000 ns	     15197	80003530	417d0633	sub	x12,x26,x23	 x26:0x00000001 x23:0x00000000 x12=0x00000001
     151995.000 ns	     15198	80003534	091a8e93	addi	x29,x21,145	 x21:0x00000000 x29=0x00000091
     152015.000 ns	     15200	80003538	0254dcb3	divu	x25,x9,x5	  x9:0x00000767  x5:0x00000000 x25=0xffffffff
     152045.000 ns	     15203	8000353c	a06522d3	feq.s	x5,f10,f6	 f10:0x3f800000  f6:0x00000000  x5=0x00000000
     152065.000 ns	     15205	80003540	01d156b3	srl	x13,x2,x29	  x2:0x00000045 x29:0x00000091 x13=0x00000000
     152105.000 ns	     15209	80003544	09f43ed3	fsub.s	f29,f8,f31	  f8:0x00000000 f31:0xcefff7df f29=0x4efff7df
     152125.000 ns	     15211	80003548	00100133	add	x2,x0,x1	  x0:0x00000000  x1:0x00000040  x2=0x00000040
     152135.000 ns	     15212	8000354c	00a51db3	sll	x27,x10,x10	 x10:0x00000767 x10:0x00000767 x27=0x0003b380
     152155.000 ns	     15214	80003550	020b30b3	mulhu	x1,x22,x0	 x22:0x00000040  x0:0x00000000  x1=0x00000000
     152185.000 ns	     15217	80003554	d002f053	fcvt.s.w	f0,x5	  x5:0x00000000  f0=0x00000000
     152215.000 ns	     15220	80003558	02fa2933	mulhsu	x18,x20,x15	 x20:0x0000004a x15:0x57d1c524 x18=0x00000019
     152235.000 ns	     15222	8000355c	be5f8293	addi	x5,x31,-1051	 x31:0x00000001  x5=0xfffffbe6
     152245.000 ns	     15223	80003560	4008d133	sra	x2,x17,x0	 x17:0x80040fe4  x0:0x00000000  x2=0x80040fe4
     152275.000 ns	     15226	80003564	11707b53	fmul.s	f22,f0,f23	  f0:0x00000000 f23:0x4efff7df f22=0x00000000
     152305.000 ns	     15229	80003568	021e6fb3	rem	x31,x28,x1	 x28:0x80041024  x1:0x00000000 x31=0x80041024
     152335.000 ns	     15232	8000356c	a1eb1d53	flt.s	x26,f22,f30	 f22:0x00000000 f30:0x7fc00000 x26=0x00000000
     152355.000 ns	     15234	80003570	01dc1933	sll	x18,x24,x29	 x24:0x00000200 x29:0x00000091 x18=0x04000000
     152375.000 ns	     15236	80003574	20738053	fsgnj.s	f0,f7,f7	  f7:0xcefff7df  f7:0xcefff7df  f0=0xcefff7df
     152745.000 ns	     15273	80003578	03e27c33	remu	x24,x4,x30	  x4:0x00000000 x30:0x00000005 x24=0x00000000
     152765.000 ns	     15275	8000357c	671d0c13	addi	x24,x26,1649	 x26:0x00000000 x24=0x00000671
     152785.000 ns	     15277	80003580	a1650753	fle.s	x14,f10,f22	 f10:0x3f800000 f22:0x00000000 x14=0x00000000
     152815.000 ns	     15280	80003584	21e188d3	fsgnj.s	f17,f3,f30	  f3:0x80000000 f30:0x7fc00000 f17=0x00000000
     152845.000 ns	     15283	80003588	c01905d3	fcvt.wu.s	x11,f18	 f18:0x470e35d3 x11=0x00008e36
     152885.000 ns	     15287	8000358c	58007ad3	fsqrt.s	f21,f0	  f0:0xcefff7df f21=0x7fc00000
     152935.000 ns	     15292	80003590	08e87753	fsub.s	f14,f16,f14	 f16:0x7fc00000 f14:0x7fc00000 f14=0x7fc00000
     152965.000 ns	     15295	80003594	20f18bd3	fsgnj.s	f23,f3,f15	  f3:0x80000000 f15:0x4e9dffef f23=0x00000000
     152985.000 ns	     15297	80003598	01ab1113	slli	x2,x22,0x1a	 x22:0x00000040  x2=0x00000000
     152995.000 ns	     15298	8000359c	01fa5833	srl	x16,x20,x31	 x20:0x0000004a x31:0x80041024 x16=0x00000004
     153005.000 ns	     15299	800035a0	405a06b3	sub	x13,x20,x5	 x20:0x0000004a  x5:0xfffffbe6 x13=0x00000464
     153365.000 ns	     15335	800035a4	038acdb3	div	x27,x21,x24	 x21:0x00000000 x24:0x00000671 x27=0x00000000
     153385.000 ns	     15337	800035a8	5220f013	andi	x0,x1,1314	  x1:0x00000000
     153405.000 ns	     15339	800035ac	024697b3	mulh	x15,x13,x4	 x13:0x00000464  x4:0x00000000 x15=0x00000000
     153425.000 ns	     15341	800035b0	00cc0433	add	x8,x24,x12	 x24:0x00000671 x12:0x00000001  x8=0x00000672
     153445.000 ns	     15343	800035b4	03b319b3	mulh	x19,x6,x27	  x6:0x9650e484 x27:0x00000000 x19=0x00000000
     153465.000 ns	     15345	800035b8	fc539a17	auipc	x20,0xfc539	 x20=0x7c53c5b8
     153475.000 ns	     15346	800035bc	01c2aeb3	slt	x29,x5,x28	  x5:0xfffffbe6 x28:0x80041024 x29=0x00000000
     153505.000 ns	     15349	800035c0	18faf653	fdiv.s	f12,f21,f15	 f21:0x7fc00000 f15:0x4e9dffef f12=0x7fc00000
     153525.000 ns	     15351	800035c4	cd068613	addi	x12,x13,-816	 x13:0x00000464 x12=0x00000134
     153885.000 ns	     15387	800035c8	03ce5d33	divu	x26,x28,x28	 x28:0x80041024 x28:0x80041024 x26=0x00000001
     153905.000 ns	     15389	800035cc	000350b3	srl	x1,x6,x0	  x6:0x9650e484  x0:0x00000000  x1=0x9650e484
     153915.000 ns	     15390	800035d0	15e14093	xori	x1,x2,350	  x2:0x00000000  x1=0x0000015e
     153925.000 ns	     15391	800035d4	01595e93	srli	x29,x18,0x15	 x18:0x04000000 x29=0x00000020
     153955.000 ns	     15394	800035d8	1899f3d3	fdiv.s	f7,f19,f9	 f19:0x7fc00000  f9:0x7fc00000  f7=0x7fc00000
     153975.000 ns	     15396	800035dc	a8deca13	xori	x20,x29,-1395	 x29:0x00000000 x20=0xfffffaad
     153995.000 ns	     15398	800035e0	a0a307d3	fle.s	x15,f6,f10	  f6:0x00000000 f10:0x3f800000 x15=0x00000001
     154025.000 ns	     15401	800035e4	033a5433	divu	x8,x20,x19	 x20:0x7c53c5b8 x19:0x00000000  x8=0xffffffff
     154055.000 ns	     15404	800035e8	280d8ed3	fmin.s	f29,f27,f0	 f27:0x00000001  f0:0xcefff7df f29=0xcefff7df
     154085.000 ns	     15407	800035ec	29880853	fmin.s	f16,f16,f24	 f16:0x7fc00000 f24:0xcefff7df f16=0xcefff7df
     154115.000 ns	     15410	800035f0	20bb8d53	fsgnj.s	f26,f23,f11	 f23:0x00000000 f11:0x4e9dffef f26=0x00000000
     154145.000 ns	     15413	800035f4	d01277d3	fcvt.s.wu	f15,x4	  x4:0x00000000 f15=0x00000000
     154165.000 ns	     15415	800035f8	015f3733	sltu	x14,x30,x21	 x30:0x00000005 x21:0x00000000 x14=0x00000000
     154185.000 ns	     15417	800035fc	a0852a53	feq.s	x20,f10,f8	 f10:0x3f800000  f8:0x00000000 x20=0x00000000
     154225.000 ns	     15421	80003600	5801f053	fsqrt.s	f0,f3	  f3:0x80000000  f0=0x80000000
     154595.000 ns	     15458	80003604	03d246b3	div	x13,x4,x29	  x4:0x00000000 x29:0x00000020 x13=0x00000000
     154625.000 ns	     15461	80003608	035332b3	mulhu	x5,x6,x21	  x6:0x9650e484 x21:0x00000000  x5=0x00000000
     154645.000 ns	     15463	8000360c	002351b3	srl	x3,x6,x2	  x6:0x9650e484  x2:0x00000000  x3=0x9650e484
     155005.000 ns	     15499	80003610	031cdeb3	divu	x29,x25,x17	 x25:0xffffffff x17:0x80040fe4 x29=0x00000001
     155035.000 ns	     15502	80003614	d01e7553	fcvt.s.wu	f10,x28	 x28:0x80041024 f10=0x4f000410
     155055.000 ns	     15504	80003618	00dbfeb3	and	x29,x23,x13	 x23:0x00000000 x13:0x00000000 x29=0x00000000
     155075.000 ns	     15506	8000361c	03ce90b3	mulh	x1,x29,x28	 x29:0x00000001 x28:0x80041024  x1=0x00000000
     155105.000 ns	     15509	80003620	d005ba53	fcvt.s.w	f20,x11	 x11:0x00008e36 f20=0x470e3600
     155135.000 ns	     15512	80003624	d0097a53	fcvt.s.w	f20,x18	 x18:0x04000000 f20=0x4c800000
     155155.000 ns	     15514	80003628	bf7b8517	auipc	x10,0xbf7b8	 x10=0x3f7bb628
     155175.000 ns	     15516	8000362c	21f99f53	fsgnjn.s	f30,f19,f31	 f19:0x7fc00000 f31:0xcefff7df f30=0x7fc00000
     155205.000 ns	     15519	80003630	023c01b3	mul	x3,x24,x3	 x24:0x00000671  x3:0x9650e484  x3=0x3f0ff644
     155225.000 ns	     15521	80003634	0138fd33	and	x26,x17,x19	 x17:0x80040fe4 x19:0x00000000 x26=0x00000000
     155235.000 ns	     15522	80003638	1a7a8c13	addi	x24,x21,423	 x21:0x00000000 x24=0x000001a7
     155255.000 ns	     15524	8000363c	283a0853	fmin.s	f16,f20,f3	 f20:0x4c800000  f3:0x80000000 f16=0x80000000
     155275.000 ns	     15526	80003640	0015ad33	slt	x26,x11,x1	 x11:0x00008e36  x1:0x00000000 x26=0x00000000
     155285.000 ns	     15527	80003644	00965233	srl	x4,x12,x9	 x12:0x00000134  x9:0x00000767  x4=0x00000002
     155645.000 ns	     15563	80003648	02807533	remu	x10,x0,x8	  x0:0x00000000  x8:0xffffffff x10=0x00000000
     155665.000 ns	     15565	8000364c	41275613	srai	x12,x14,0x12	 x14:0x00000000 x12=0x00000000
     155685.000 ns	     15567	80003650	c0047ed3	fcvt.w.s	x29,f8	  f8:0x00000000 x29=0x00000000
     156055.000 ns	     15604	80003654	0381e133	rem	x2,x3,x24	  x3:0x3f0ff644 x24:0x000001a7  x2=0x00000083
     156085.000 ns	     15607	80003658	031d2233	mulhsu	x4,x26,x17	 x26:0x00000000 x17:0x80040fe4  x4=0x00000000
     156105.000 ns	     15609	8000365c	40835933	sra	x18,x6,x8	  x6:0x9650e484  x8:0xffffffff x18=0xffffffff
     156135.000 ns	     15612	80003660	109a4d53	fmul.s	f26,f20,f9	 f20:0x4c800000  f9:0x7fc00000 f26=0x7fc00000
     156155.000 ns	     15614	80003664	41d78c33	sub	x24,x15,x29	 x15:0x00000001 x29:0x00000000 x24=0x00000001
     156185.000 ns	     15617	80003668	18701a53	fdiv.s	f20,f0,f7	  f0:0x80000000  f7:0x7fc00000 f20=0x7fc00000
     156555.000 ns	     15654	8000366c	03c9d3b3	divu	x7,x19,x28	 x19:0x00000000 x28:0x80041024  x7=0x00000000
     156575.000 ns	     15656	80003670	a7344493	xori	x9,x8,-1421	  x8:0xffffffff  x9=0x0000058c
     156595.000 ns	     15658	80003674	e00016d3	fclass.s	x13,f0	  f0:0x80000000 x13=0x00000008
     156615.000 ns	     15660	80003678	fb2acd13	xori	x26,x21,-78	 x21:0x00000000 x26=0xffffffb2
     156625.000 ns	     15661	8000367c	00482933	slt	x18,x16,x4	 x16:0x00000004  x4:0x00000000 x18=0x00000000
     156655.000 ns	     15664	80003680	1141ccd3	fmul.s	f25,f3,f20	  f3:0x80000000 f20:0x7fc00000 f25=0x7fc00000
     156675.000 ns	     15666	80003684	00e669b3	or	x19,x12,x14	 x12:0x00000000 x14:0x00000000 x19=0x00000000
     156685.000 ns	     15667	80003688	00cf0db3	add	x27,x30,x12	 x30:0x00000005 x12:0x00000000 x27=0x00000005
     156705.000 ns	     15669	8000368c	03f309b3	mul	x19,x6,x31	  x6:0x9650e484 x31:0x80041024 x19=0xc3b86290
     156725.000 ns	     15671	80003690	00000013	addi	x0,x0,0	  x0:0x00000000
     156735.000 ns	     15672	80003694	013301b3	add	x3,x6,x19	  x6:0x9650e484 x19:0xc3b86290  x3=0x5a094714
     156775.000 ns	     15676	80003698	089df753	fsub.s	f14,f27,f9	 f27:0x00000001  f9:0x7fc00000 f14=0x7fc00000
     156795.000 ns	     15678	8000369c	b655e697	auipc	x13,0xb655e	 x13=0x3656169c
     156805.000 ns	     15679	800036a0	01bbd5b3	srl	x11,x23,x27	 x23:0x00000000 x27:0x00000005 x11=0x00000000
     156825.000 ns	     15681	800036a4	a0afaed3	feq.s	x29,f31,f10	 f31:0xcefff7df f10:0x4f000410 x29=0x00000000
     156845.000 ns	     15683	800036a8	b38c3213	sltiu	x4,x24,-1224	 x24:0x00000001  x4=0x00000001
     156865.000 ns	     15685	800036ac	0213dcb3	divu	x25,x7,x1	  x7:0x00000000  x1:0x00000000 x25=0xffffffff
     156905.000 ns	     15689	800036b0	1810f5d3	fdiv.s	f11,f1,f1	  f1:0x00000000  f1:0x00000000 f11=0x7fc00000
     156925.000 ns	     15691	800036b4	40848bb3	sub	x23,x9,x8	  x9:0x0000058c  x8:0xffffffff x23=0x0000058d
     156935.000 ns	     15692	800036b8	00c0f633	and	x12,x1,x12	  x1:0x00000000 x12:0x00000000 x12=0x00000000
     156945.000 ns	     15693	800036bc	002f6333	or	x6,x30,x2	 x30:0x00000005  x2:0x00000083  x6=0x00000087
     156955.000 ns	     15694	800036c0	f4616293	ori	x5,x2,-186	  x2:0x00000083  x5=0xffffffc7
     157315.000 ns	     15730	800036c4	0280f7b3	remu	x15,x1,x8	  x1:0x00000000  x8:0xffffffff x15=0x00000000
     157345.000 ns	     15733	800036c8	28728653	fmin.s	f12,f5,f7	  f5:0xffc00000  f7:0x7fc00000 f12=0x7fc00000
     157365.000 ns	     15735	800036cc	00000013	addi	x0,x0,0	  x0:0x00000000
     157385.000 ns	     15737	800036d0	295c1f53	fmax.s	f30,f24,f21	 f24:0xcefff7df f21:0x7fc00000 f30=0xcefff7df
     157725.000 ns	     15771	800036d4	19def1d3	fdiv.s	f3,f29,f29	 f29:0xcefff7df f29:0xcefff7df  f3=0x3f7ff7e0
     157755.000 ns	     15774	800036d8	02f10533	mul	x10,x2,x15	  x2:0x00000083 x15:0x00000000 x10=0x00000000
     157785.000 ns	     15777	800036dc	d00370d3	fcvt.s.w	f1,x6	  x6:0x00000087  f1=0x43070000
     157805.000 ns	     15779	800036e0	cd040a13	addi	x20,x8,-816	  x8:0xffffffff x20=0xfffffccf
     157825.000 ns	     15781	800036e4	d00537d3	fcvt.s.w	f15,x10	 x10:0x00000000 f15=0x00000000
     157845.000 ns	     15783	800036e8	01ff15b3	sll	x11,x30,x31	 x30:0x00000005 x31:0x80041024 x11=0x00000050
     157855.000 ns	     15784	800036ec	00753d33	sltu	x26,x10,x7	 x10:0x00000000  x7:0x00000000 x26=0x00000000
     158215.000 ns	     15820	800036f0	03094eb3	div	x29,x18,x16	 x18:0x00000000 x16:0x00000004 x29=0x00000000
     158245.000 ns	     15823	800036f4	021d9133	mulh	x2,x27,x1	 x27:0x00000005  x1:0x00000000  x2=0x00000000
     158275.000 ns	     15826	800036f8	c0037b53	fcvt.w.s	x22,f6	  f6:0x00000000 x22=0x00000000
     158305.000 ns	     15829	800036fc	d00e76d3	fcvt.s.w	f13,x28	 x28:0x80041024 f13=0xcefff7df
     158355.000 ns	     15834	80003700	09c51ed3	fsub.s	f29,f10,f28	 f10:0x4f000410 f28:0xffc00000 f29=0x7fc00000
     158375.000 ns	     15836	80003704	408b03b3	sub	x7,x22,x8	 x22:0x00000000  x8:0xffffffff  x7=0x00000001
     158395.000 ns	     15838	80003708	02c2cfb3	div	x31,x5,x12	  x5:0xffffffc7 x12:0x00000000 x31=0xffffffff
     158425.000 ns	     15841	8000370c	e00a93d3	fclass.s	x7,f21	 f21:0x7fc00000  x7=0x00000200
     158445.000 ns	     15843	80003710	00f3fa33	and	x20,x7,x15	  x7:0x00000001 x15:0x00000000 x20=0x00000000
     158485.000 ns	     15847	80003714	0193f553	fadd.s	f10,f7,f25	  f7:0x7fc00000 f25:0x7fc00000 f10=0x7fc00000
     158505.000 ns	     15849	80003718	00000013	addi	x0,x0,0	  x0:0x00000000
     158515.000 ns	     15850	8000371c	de0b7093	andi	x1,x22,-544	 x22:0x00000000  x1=0x00000000
     158525.000 ns	     15851	80003720	40075993	srai	x19,x14,0x0	 x14:0x00000000 x19=0x00000000
     158565.000 ns	     15855	80003724	08c712d3	fsub.s	f5,f14,f12	 f14:0x7fc00000 f12:0x7fc00000  f5=0x7fc00000
     158585.000 ns	     15857	80003728	006b2cb3	slt	x25,x22,x6	 x22:0x00000000  x6:0x00000087 x25=0x00000001
     158595.000 ns	     15858	8000372c	f8a5cc93	xori	x25,x11,-118	 x11:0x00000050 x25=0xffffffda
     158605.000 ns	     15859	80003730	405b0433	sub	x8,x22,x5	 x22:0x00000000  x5:0xffffffc7  x8=0x00000039
     158965.000 ns	     15895	80003734	02b6f4b3	remu	x9,x13,x11	 x13:0x3656169c x11:0x00000050  x9=0x0000001c
     158995.000 ns	     15898	80003738	03545bb3	divu	x23,x8,x21	  x8:0xffffffff x21:0x00000000 x23=0xffffffff
     159015.000 ns	     15900	8000373c	3666b513	sltiu	x10,x13,870	 x13:0x3656169c x10=0x00000000
     159025.000 ns	     15901	80003740	402b5fb3	sra	x31,x22,x2	 x22:0x00000000  x2:0x00000000 x31=0x00000000
     159045.000 ns	     15903	80003744	28670fd3	fmin.s	f31,f14,f6	 f14:0x7fc00000  f6:0x00000000 f31=0x00000000
     159075.000 ns	     15906	80003748	29f514d3	fmax.s	f9,f10,f31	 f10:0x7fc00000 f31:0xcefff7df  f9=0x00000000
     159105.000 ns	     15909	8000374c	20df8bd3	fsgnj.s	f23,f31,f13	 f31:0x00000000 f13:0xcefff7df f23=0x80000000
     159135.000 ns	     15912	80003750	c00e8ad3	fcvt.w.s	x21,f29	 f29:0x7fc00000 x21=0x7fffffff
     159155.000 ns	     15914	80003754	5fca4a13	xori	x20,x20,1532	 x20:0x00000000 x20=0x000005fc
     159165.000 ns	     15915	80003758	862b7113	andi	x2,x22,-1950	 x22:0x00000000  x2=0x00000000
     159185.000 ns	     15917	8000375c	297c0c53	fmin.s	f24,f24,f23	 f24:0xcefff7df f23:0x80000000 f24=0xcefff7df
     159215.000 ns	     15920	80003760	a122ad53	feq.s	x26,f5,f18	  f5:0x7fc00000 f18:0x470e35d3 x26=0x00000000
     159585.000 ns	     15957	80003764	031c5ab3	divu	x21,x24,x17	 x24:0x00000001 x17:0x80040fe4 x21=0x00000000
     159605.000 ns	     15959	80003768	53550c93	addi	x25,x10,1333	 x10:0x00000000 x25=0x00000535
     159615.000 ns	     15960	8000376c	40e90ab3	sub	x21,x18,x14	 x18:0x00000000 x14:0x00000000 x21=0x00000000
     159625.000 ns	     15961	80003770	005ad1b3	srl	x3,x21,x5	 x21:0x00000000  x5:0xffffffc7  x3=0x00000000
     159635.000 ns	     15962	80003774	01c51213	slli	x4,x10,0x1c	 x10:0x00000000  x4=0x00000000
     159645.000 ns	     15963	80003778	27588a13	addi	x20,x17,629	 x17:0x80040fe4 x20=0x80041259
     159655.000 ns	     15964	8000377c	b9866293	ori	x5,x12,-1128	 x12:0x00000000  x5=0xfffffb98
     159665.000 ns	     15965	80003780	0163dcb3	srl	x25,x7,x22	  x7:0x00000200 x22:0x00000000 x25=0x00000200
     160025.000 ns	     16001	80003784	02727a33	remu	x20,x4,x7	  x4:0x00000000  x7:0x00000200 x20=0x00000000
     160045.000 ns	     16003	80003788	40ab0033	sub	x0,x22,x10	 x22:0x00000000 x10:0x00000000
     160055.000 ns	     16004	8000378c	c6efe193	ori	x3,x31,-914	 x31:0x00000000  x3=0xfffffc6e
     160075.000 ns	     16006	80003790	021ae933	rem	x18,x21,x1	 x21:0x00000000  x1:0x00000000 x18=0x00000000
     160095.000 ns	     16008	80003794	53622bb7	lui	x23,0x53622	 x23=0x53622000
     160105.000 ns	     16009	80003798	5be8ae93	slti	x29,x17,1470	 x17:0x80040fe4 x29=0x00000001
     160115.000 ns	     16010	8000379c	416ddbb3	sra	x23,x27,x22	 x27:0x00000005 x22:0x00000000 x23=0x00000005
     160125.000 ns	     16011	800037a0	5c6dc813	xori	x16,x27,1478	 x27:0x00000005 x16=0x000005c3
     160165.000 ns	     16015	800037a4	085172d3	fsub.s	f5,f2,f5	  f2:0x7fc00000  f5:0x7fc00000  f5=0x7fc00000
     160185.000 ns	     16017	800037a8	58033193	sltiu	x3,x6,1408	  x6:0x00000087  x3=0x00000001
     160205.000 ns	     16019	800037ac	c01f7a53	fcvt.wu.s	x20,f30	 f30:0xcefff7df x20=0x7ffbef80
     160235.000 ns	     16022	800037b0	03a7a1b3	mulhsu	x3,x15,x26	 x15:0x00000000 x26:0x00000000  x3=0x00000000
     160265.000 ns	     16025	800037b4	029931b3	mulhu	x3,x18,x9	 x18:0x00000000  x9:0x0000001c  x3=0x00000000
     160285.000 ns	     16027	800037b8	01221433	sll	x8,x4,x18	  x4:0x00000000 x18:0x00000000  x8=0x00000000
     160305.000 ns	     16029	800037bc	c0043cd3	fcvt.w.s	x25,f8	  f8:0x00000000 x25=0x00000000
     160675.000 ns	     16066	800037c0	03bd5433	divu	x8,x26,x27	 x26:0x00000000 x27:0x00000005  x8=0x00000000
     160695.000 ns	     16068	800037c4	0162db13	srli	x22,x5,0x16	  x5:0xfffffb98 x22=0x000003ff
     160705.000 ns	     16069	800037c8	01e0cd17	auipc	x26,0x1e0c	 x26=0x81e0f7c8
     160725.000 ns	     16071	800037cc	29260753	fmin.s	f14,f12,f18	 f12:0x7fc00000 f18:0x470e35d3 f14=0x470e35d3
     160745.000 ns	     16073	800037d0	00bc9993	slli	x19,x25,0xb	 x25:0x00000000 x19=0x00000000
     160765.000 ns	     16075	800037d4	02d43133	mulhu	x2,x8,x13	  x8:0x00000000 x13:0x3656169c  x2=0x00000000
     160815.000 ns	     16080	800037d8	00abfa53	fadd.s	f20,f23,f10	 f23:0x80000000 f10:0x7fc00000 f20=0x7fc00000
     160835.000 ns	     16082	800037dc	000644b3	xor	x9,x12,x0	 x12:0x00000000  x0:0x00000000  x9=0x00000000
     160855.000 ns	     16084	800037e0	f00e0b53	fmv.w.x	f22,x28	 x28:0x80041024 f22=0x80041024
     160895.000 ns	     16088	800037e4	116e37d3	fmul.s	f15,f28,f22	 f28:0xffc00000 f22:0x00000000 f15=0x7fc00000
     160925.000 ns	     16091	800037e8	c0000cd3	fcvt.w.s	x25,f0	  f0:0x80000000 x25=0x00000000
     161295.000 ns	     16128	800037ec	037e6033	rem	x0,x28,x23	 x28:0x80041024 x23:0x00000005
     161315.000 ns	     16130	800037f0	fd066193	ori	x3,x12,-48	 x12:0x00000000  x3=0xffffffd0
     161325.000 ns	     16131	800037f4	f8008f93	addi	x31,x1,-128	  x1:0x00000000 x31=0xffffff80
     161355.000 ns	     16134	800037f8	5806f9d3	fsqrt.s	f19,f13	 f13:0xcefff7df f19=0x7fc00000
     161375.000 ns	     16136	800037fc	1f942593	slti	x11,x8,505	  x8:0x00000000 x11=0x00000001
     161405.000 ns	     16139	80003800	18c97053	fdiv.s	f0,f18,f12	 f18:0x470e35d3 f12:0x7fc00000  f0=0x7fc00000
     161435.000 ns	     16142	80003804	02c1cc33	div	x24,x3,x12	  x3:0xffffffd0 x12:0x00000000 x24=0xffffffff
     161455.000 ns	     16144	80003808	606fa693	slti	x13,x31,1542	 x31:0xffffff80 x13=0x00000001
     161475.000 ns	     16146	8000380c	28fd00d3	fmin.s	f1,f26,f15	 f26:0x7fc00000 f15:0x7fc00000  f1=0x7fc00000
     161495.000 ns	     16148	80003810	019abbb3	sltu	x23,x21,x25	 x21:0x00000000 x25:0x00000000 x23=0x00000000
     161515.000 ns	     16150	80003814	02ccac33	mulhsu	x24,x25,x12	 x25:0x00000000 x12:0x00000000 x24=0x00000000
     161545.000 ns	     16153	80003818	023a22b3	mulhsu	x5,x20,x3	 x20:0x7ffbef80  x3:0xffffffd0  x5=0x7ffbef68
     161575.000 ns	     16156	8000381c	a12e0753	fle.s	x14,f28,f18	 f28:0xffc00000 f18:0x470e35d3 x14=0x00000000
     161625.000 ns	     16161	80003820	007f3153	fadd.s	f2,f30,f7	 f30:0xcefff7df  f7:0x7fc00000  f2=0x7fc00000
     161655.000 ns	     16164	80003824	0350ad33	mulhsu	x26,x1,x21	  x1:0x00000000 x21:0x00000000 x26=0x00000000
     161675.000 ns	     16166	80003828	f5f46297	auipc	x5,0xf5f46	  x5=0x75f49828
     161695.000 ns	     16168	8000382c	a1240753	fle.s	x14,f8,f18	  f8:0x00000000 f18:0x470e35d3 x14=0x00000001
     161715.000 ns	     16170	80003830	18f1bf93	sltiu	x31,x3,399	  x3:0xffffffd0 x31=0x00000000
     162075.000 ns	     16206	80003834	025772b3	remu	x5,x14,x5	 x14:0x00000001  x5:0x75f49828  x5=0x00000001
     162445.000 ns	     16243	80003838	03bc5b33	divu	x22,x24,x27	 x24:0x00000000 x27:0x00000005 x22=0x00000000
     162465.000 ns	     16245	8000383c	0005eab3	or	x21,x11,x0	 x11:0x00000001  x0:0x00000000 x21=0x00000001
     162485.000 ns	     16247	80003840	d0132153	fcvt.s.wu	f2,x6	  x6:0x00000087  f2=0x43070000
     162505.000 ns	     16249	80003844	e0d23713	sltiu	x14,x4,-499	  x4:0x00000000 x14=0x00000001
     162515.000 ns	     16250	80003848	40fa84b3	sub	x9,x21,x15	 x21:0x00000001 x15:0x00000000  x9=0x00000001
     162525.000 ns	     16251	8000384c	00249713	slli	x14,x9,0x2	  x9:0x00000000 x14=0x00000004
     162545.000 ns	     16253	80003850	03723533	mulhu	x10,x4,x23	  x4:0x00000000 x23:0x00000000 x10=0x00000000
     162585.000 ns	     16257	80003854	58027ad3	fsqrt.s	f21,f4	  f4:0x7fc00000 f21=0x7fc00000
     162605.000 ns	     16259	80003858	01a3d033	srl	x0,x7,x26	  x7:0x00000200 x26:0x00000000
     162615.000 ns	     16260	8000385c	997e4013	xori	x0,x28,-1641	 x28:0x80041024
     162635.000 ns	     16262	80003860	c01d9ad3	fcvt.wu.s	x21,f27	 f27:0x00000001 x21=0x00000000
     162675.000 ns	     16266	80003864	580570d3	fsqrt.s	f1,f10	 f10:0x7fc00000  f1=0x7fc00000
     162695.000 ns	     16268	80003868	4c0ee013	ori	x0,x29,1216	 x29:0x00000001
     162715.000 ns	     16270	8000386c	c00607d3	fcvt.w.s	x15,f12	 f12:0x7fc00000 x15=0x7fffffff
     162745.000 ns	     16273	80003870	d005f853	fcvt.s.w	f16,x11	 x11:0x00000001 f16=0x3f800000
     162775.000 ns	     16276	80003874	21bc84d3	fsgnj.s	f9,f25,f27	 f25:0x7fc00000 f27:0x00000001  f9=0x7fc00000
     162805.000 ns	     16279	80003878	e00b1ed3	fclass.s	x29,f22	 f22:0x80041024 x29=0x00000004
     162835.000 ns	     16282	8000387c	c013f753	fcvt.wu.s	x14,f7	  f7:0x7fc00000 x14=0xffffffff
     162885.000 ns	     16287	80003880	08583cd3	fsub.s	f25,f16,f5	 f16:0x3f800000  f5:0x7fc00000 f25=0x7fc00000
     162915.000 ns	     16290	80003884	e0030cd3	fmv.x.w	x25,f6	  f6:0x00000000 x25=0x00000000
     162945.000 ns	     16293	80003888	0286f5b3	remu	x11,x13,x8	 x13:0x00000001  x8:0x00000000 x11=0x00000001
     162965.000 ns	     16295	8000388c	2ef08113	addi	x2,x1,751	  x1:0x00000000  x2=0x000002ef
     162975.000 ns	     16296	80003890	40f2dbb3	sra	x23,x5,x15	  x5:0x00000001 x15:0x7fffffff x23=0x00000000
     162995.000 ns	     16298	80003894	d010f853	fcvt.s.wu	f16,x1	  x1:0x00000000 f16=0x00000000
     163025.000 ns	     16301	80003898	e00701d3	fmv.x.w	x3,f14	 f14:0x470e35d3  x3=0x470e35d3
     163045.000 ns	     16303	8000389c	00000013	addi	x0,x0,0	  x0:0x00000000
     163065.000 ns	     16305	800038a0	020e17b3	mulh	x15,x28,x0	 x28:0x80041024  x0:0x00000000 x15=0x00000000
     163085.000 ns	     16307	800038a4	ac490913	addi	x18,x18,-1340	 x18:0x00000000 x18=0xfffffac4
     163115.000 ns	     16310	800038a8	580e2bd3	fsqrt.s	f23,f28	 f28:0xffc00000 f23=0x7fc00000
     163145.000 ns	     16313	800038ac	20dd0fd3	fsgnj.s	f31,f26,f13	 f26:0x7fc00000 f13:0xcefff7df f31=0xffc00000
     163185.000 ns	     16317	800038b0	580a06d3	fsqrt.s	f13,f20	 f20:0x7fc00000 f13=0x7fc00000
     163205.000 ns	     16319	800038b4	6c25ff97	auipc	x31,0x6c25f	 x31=0xec2628b4
     163225.000 ns	     16321	800038b8	a0c12c53	feq.s	x24,f2,f12	  f2:0x43070000 f12:0x7fc00000 x24=0x00000000
     163245.000 ns	     16323	800038bc	6682f693	andi	x13,x5,1640	  x5:0x00000001 x13=0x00000000
     163255.000 ns	     16324	800038c0	409c57b3	sra	x15,x24,x9	 x24:0x00000000  x9:0x00000001 x15=0x00000000
     163615.000 ns	     16360	800038c4	0293e933	rem	x18,x7,x9	  x7:0x00000200  x9:0x00000001 x18=0x00000000
     163635.000 ns	     16362	800038c8	00729b93	slli	x23,x5,0x7	  x5:0x00000001 x23=0x00000080
     163645.000 ns	     16363	800038cc	00289533	sll	x10,x17,x2	 x17:0x80040fe4  x2:0x000002ef x10=0x07f20000
     163655.000 ns	     16364	800038d0	010b1b33	sll	x22,x22,x16	 x22:0x00000000 x16:0x000005c3 x22=0x00000000
     163675.000 ns	     16366	800038d4	02299bb3	mulh	x23,x19,x2	 x19:0x00000000  x2:0x000002ef x23=0x00000000
     163705.000 ns	     16369	800038d8	20b82753	fsgnjx.s	f14,f16,f11	 f16:0x00000000 f11:0x7fc00000 f14=0x00000000
     163755.000 ns	     16374	800038dc	0885ff53	fsub.s	f30,f11,f8	 f11:0x7fc00000  f8:0x00000000 f30=0x7fc00000
     163775.000 ns	     16376	800038e0	00e705b3	add	x11,x14,x14	 x14:0xffffffff x14:0xffffffff x11=0xfffffffe
     163795.000 ns	     16378	800038e4	02c59633	mulh	x12,x11,x12	 x11:0x00000001 x12:0x00000000 x12=0x00000000
     164165.000 ns	     16415	800038e8	02ede3b3	rem	x7,x27,x14	 x27:0x00000005 x14:0xffffffff  x7=0x00000000
     164195.000 ns	     16418	800038ec	a07817d3	flt.s	x15,f16,f7	 f16:0x00000000  f7:0x7fc00000 x15=0x00000000
     164225.000 ns	     16421	800038f0	03be3c33	mulhu	x24,x28,x27	 x28:0x80041024 x27:0x00000005 x24=0x00000002
     164255.000 ns	     16424	800038f4	f0048ad3	fmv.w.x	f21,x9	  x9:0x00000001 f21=0x00000001
     164275.000 ns	     16426	800038f8	41c05613	srai	x12,x0,0x1c	  x0:0x00000000 x12=0x00000000
     164635.000 ns	     16462	800038fc	031f5833	divu	x16,x30,x17	 x30:0x00000005 x17:0x80040fe4 x16=0x00000000
     164655.000 ns	     16464	80003900	41aedb93	srai	x23,x29,0x1a	 x29:0x00000004 x23=0x00000000
     164665.000 ns	     16465	80003904	41245db3	sra	x27,x8,x18	  x8:0x00000000 x18:0x00000000 x27=0x00000000
     164675.000 ns	     16466	80003908	00627cb3	and	x25,x4,x6	  x4:0x00000000  x6:0x00000087 x25=0x00000000
     164685.000 ns	     16467	8000390c	18b22713	slti	x14,x4,395	  x4:0x00000000 x14=0x00000001
     164705.000 ns	     16469	80003910	027004b3	mul	x9,x0,x7	  x0:0x00000000  x7:0x00000000  x9=0x00000000
     164755.000 ns	     16474	80003914	08e21853	fsub.s	f16,f4,f14	  f4:0x7fc00000 f14:0x00000000 f16=0x7fc00000
     164785.000 ns	     16477	80003918	a0b21d53	flt.s	x26,f4,f11	  f4:0x7fc00000 f11:0x7fc00000 x26=0x00000000
     164805.000 ns	     16479	8000391c	a594ab93	slti	x23,x9,-1447	  x9:0x00000000 x23=0x00000000
     165165.000 ns	     16515	80003920	0311fd33	remu	x26,x3,x17	  x3:0x470e35d3 x17:0x80040fe4 x26=0x470e35d3
     165195.000 ns	     16518	80003924	024a1ab3	mulh	x21,x20,x4	 x20:0x7ffbef80  x4:0x00000000 x21=0x00000000
     165225.000 ns	     16521	80003928	029c7a33	remu	x20,x24,x9	 x24:0x00000002  x9:0x00000000 x20=0x00000002
     165255.000 ns	     16524	8000392c	a18ba9d3	feq.s	x19,f23,f24	 f23:0x7fc00000 f24:0xcefff7df x19=0x00000000
     165275.000 ns	     16526	80003930	01fe9e93	slli	x29,x29,0x1f	 x29:0x00000004 x29=0x00000000
     165285.000 ns	     16527	80003934	00000013	addi	x0,x0,0	  x0:0x00000000
     165305.000 ns	     16529	80003938	e00a9c53	fclass.s	x24,f21	 f21:0x00000001 x24=0x00000020
     165335.000 ns	     16532	8000393c	c003f053	fcvt.w.s	x0,f7	  f7:0x7fc00000
     165355.000 ns	     16534	80003940	00e99933	sll	x18,x19,x14	 x19:0x00000000 x14:0x00000001 x18=0x00000000
     165385.000 ns	     16537	80003944	103e70d3	fmul.s	f1,f28,f3	 f28:0xffc00000  f3:0x3f7ff7e0  f1=0x7fc00000
     165425.000 ns	     16541	80003948	580f4dd3	fsqrt.s	f27,f30	 f30:0x7fc00000 f27=0x7fc00000
     165455.000 ns	     16544	8000394c	a0122353	feq.s	x6,f4,f1	  f4:0x7fc00000  f1:0x7fc00000  x6=0x00000000
     165475.000 ns	     16546	80003950	00df0b33	add	x22,x30,x13	 x30:0x00000005 x13:0x00000000 x22=0x00000005
     165495.000 ns	     16548	80003954	29a68ed3	fmin.s	f29,f13,f26	 f13:0x7fc00000 f26:0x7fc00000 f29=0x7fc00000
     165525.000 ns	     16551	80003958	02c83a33	mulhu	x20,x16,x12	 x16:0x00000000 x12:0x00000000 x20=0x00000000
     165565.000 ns	     16555	8000395c	19b39dd3	fdiv.s	f27,f7,f27	  f7:0x7fc00000 f27:0x7fc00000 f27=0x7fc00000
     165935.000 ns	     16592	80003960	02beca33	div	x20,x29,x11	 x29:0x00000000 x11:0xfffffffe x20=0x00000000
     165965.000 ns	     16595	80003964	0395fb33	remu	x22,x11,x25	 x11:0xfffffffe x25:0x00000000 x22=0xfffffffe
     165985.000 ns	     16597	80003968	00000013	addi	x0,x0,0	  x0:0x00000000
     165995.000 ns	     16598	8000396c	8e75f213	andi	x4,x11,-1817	 x11:0xfffffffe  x4=0xfffff8e6
     166005.000 ns	     16599	80003970	01b34633	xor	x12,x6,x27	  x6:0x00000000 x27:0x00000000 x12=0x00000000
     166015.000 ns	     16600	80003974	013be133	or	x2,x23,x19	 x23:0x00000000 x19:0x00000000  x2=0x00000000
     166025.000 ns	     16601	80003978	41640fb3	sub	x31,x8,x22	  x8:0x00000000 x22:0xfffffffe x31=0x00000002
     166045.000 ns	     16603	8000397c	0314a4b3	mulhsu	x9,x9,x17	  x9:0x00000000 x17:0x80040fe4  x9=0x00000000
     166075.000 ns	     16606	80003980	d01bfb53	fcvt.s.wu	f22,x23	 x23:0x00000000 f22=0x00000000
     166105.000 ns	     16609	80003984	029b9cb3	mulh	x25,x23,x9	 x23:0x00000000  x9:0x00000000 x25=0x00000000
     166125.000 ns	     16611	80003988	01afc733	xor	x14,x31,x26	 x31:0x00000002 x26:0x470e35d3 x14=0x470e35d1
     166145.000 ns	     16613	8000398c	284082d3	fmin.s	f5,f1,f4	  f1:0x7fc00000  f4:0x7fc00000  f5=0x7fc00000
     166165.000 ns	     16615	80003990	00000013	addi	x0,x0,0	  x0:0x00000000
     166175.000 ns	     16616	80003994	017665b3	or	x11,x12,x23	 x12:0x00000000 x23:0x00000000 x11=0x00000000
     166195.000 ns	     16618	80003998	28130f53	fmin.s	f30,f6,f1	  f6:0x00000000  f1:0x7fc00000 f30=0x00000000
     166225.000 ns	     16621	8000399c	29139d53	fmax.s	f26,f7,f17	  f7:0x7fc00000 f17:0x00000000 f26=0x00000000
     166255.000 ns	     16624	800039a0	c0097353	fcvt.w.s	x6,f18	 f18:0x470e35d3  x6=0x00008e35
     166285.000 ns	     16627	800039a4	028119b3	mulh	x19,x2,x8	  x2:0x00000000  x8:0x00000000 x19=0x00000000
     166315.000 ns	     16630	800039a8	a0a9a3d3	feq.s	x7,f19,f10	 f19:0x7fc00000 f10:0x7fc00000  x7=0x00000000
     166345.000 ns	     16633	800039ac	e00a0cd3	fmv.x.w	x25,f20	 f20:0x7fc00000 x25=0x7fc00000
     166365.000 ns	     16635	800039b0	48eec913	xori	x18,x29,1166	 x29:0x00000000 x18=0x0000048e
     166385.000 ns	     16637	800039b4	297e8e53	fmin.s	f28,f29,f23	 f29:0x7fc00000 f23:0x7fc00000 f28=0x7fc00000
     166405.000 ns	     16639	800039b8	00949393	slli	x7,x9,0x9	  x9:0x00000000  x7=0x00000000
     166425.000 ns	     16641	800039bc	204915d3	fsgnjn.s	f11,f18,f4	 f18:0x470e35d3  f4:0x7fc00000 f11=0xc70e35d3
     166455.000 ns	     16644	800039c0	035119b3	mulh	x19,x2,x21	  x2:0x00000000 x21:0x00000000 x19=0x00000000
     166485.000 ns	     16647	800039c4	201610d3	fsgnjn.s	f1,f12,f1	 f12:0x7fc00000  f1:0x7fc00000  f1=0xffc00000
     166525.000 ns	     16651	800039c8	580b4d53	fsqrt.s	f26,f22	 f22:0x00000000 f26=0x00000000
     166545.000 ns	     16653	800039cc	0138ba33	sltu	x20,x17,x19	 x17:0x80040fe4 x19:0x00000000 x20=0x00000000
     166555.000 ns	     16654	800039d0	76d12c13	slti	x24,x2,1901	  x2:0x00000000 x24=0x00000001
     166575.000 ns	     16656	800039d4	218b2b53	fsgnjx.s	f22,f22,f24	 f22:0x00000000 f24:0xcefff7df f22=0x80000000
     166625.000 ns	     16661	800039d8	0049fbd3	fadd.s	f23,f19,f4	 f19:0x7fc00000  f4:0x7fc00000 f23=0x7fc00000
     166655.000 ns	     16664	800039dc	29038ad3	fmin.s	f21,f7,f16	  f7:0x7fc00000 f16:0x7fc00000 f21=0x7fc00000
     166675.000 ns	     16666	800039e0	40c25933	sra	x18,x4,x12	  x4:0xfffff8e6 x12:0x00000000 x18=0xfffff8e6
     166685.000 ns	     16667	800039e4	0114d333	srl	x6,x9,x17	  x9:0x00000000 x17:0x80040fe4  x6=0x00000000
     166725.000 ns	     16671	800039e8	0886ff53	fsub.s	f30,f13,f8	 f13:0x7fc00000  f8:0x00000000 f30=0x7fc00000
     166745.000 ns	     16673	800039ec	a24f3113	sltiu	x2,x30,-1500	 x30:0x00000005  x2=0x00000001
     166765.000 ns	     16675	800039f0	c0077c53	fcvt.w.s	x24,f14	 f14:0x00000000 x24=0x00000000
     166815.000 ns	     16680	800039f4	00acfa53	fadd.s	f20,f25,f10	 f25:0x7fc00000 f10:0x7fc00000 f20=0x7fc00000
     166845.000 ns	     16683	800039f8	02b5c233	div	x4,x11,x11	 x11:0x00000000 x11:0x00000000  x4=0xffffffff
     166865.000 ns	     16685	800039fc	d9b02d93	slti	x27,x0,-613	  x0:0x00000000 x27=0x00000000
     166875.000 ns	     16686	80003a00	01231413	slli	x8,x6,0x12	  x6:0x00000000  x8=0x00000000
     166895.000 ns	     16688	80003a04	21af2753	fsgnjx.s	f14,f30,f26	 f30:0x7fc00000 f26:0x00000000 f14=0x7fc00000
     166945.000 ns	     16693	80003a08	09cffbd3	fsub.s	f23,f31,f28	 f31:0xffc00000 f28:0x7fc00000 f23=0x7fc00000
     166965.000 ns	     16695	80003a0c	80a13197	auipc	x3,0x80a13	  x3=0x00a16a0c
     166975.000 ns	     16696	80003a10	41158033	sub	x0,x11,x17	 x11:0x00000000 x17:0x80040fe4
     166995.000 ns	     16698	80003a14	a1050c53	fle.s	x24,f10,f16	 f10:0x7fc00000 f16:0x7fc00000 x24=0x00000000
     167015.000 ns	     16700	80003a18	009a57b3	srl	x15,x20,x9	 x20:0x00000000  x9:0x00000000 x15=0x00000000
     167025.000 ns	     16701	80003a1c	01e9cc33	xor	x24,x19,x30	 x19:0x00000000 x30:0x00000005 x24=0x00000005
     167035.000 ns	     16702	80003a20	01d935b3	sltu	x11,x18,x29	 x18:0xfffff8e6 x29:0x00000000 x11=0x00000000
     167045.000 ns	     16703	80003a24	3aff8d93	addi	x27,x31,943	 x31:0x00000002 x27=0x000003b1
     167065.000 ns	     16705	80003a28	03053ab3	mulhu	x21,x10,x16	 x10:0x07f20000 x16:0x00000000 x21=0x00000000
     167095.000 ns	     16708	80003a2c	21b595d3	fsgnjn.s	f11,f11,f27	 f11:0xc70e35d3 f27:0x7fc00000 f11=0xc70e35d3
     167115.000 ns	     16710	80003a30	0020dc93	srli	x25,x1,0x2	  x1:0x00000000 x25=0x00000000
     167475.000 ns	     16746	80003a34	03fe6eb3	rem	x29,x28,x31	 x28:0x80041024 x31:0x00000002 x29=0x00000000
     167505.000 ns	     16749	80003a38	02996233	rem	x4,x18,x9	 x18:0xfffff8e6  x9:0x00000000  x4=0xfffff8e6
     167535.000 ns	     16752	80003a3c	a072a1d3	feq.s	x3,f5,f7	  f5:0x7fc00000  f7:0x7fc00000  x3=0x00000000
     167905.000 ns	     16789	80003a40	03e6c5b3	div	x11,x13,x30	 x13:0x00000000 x30:0x00000005 x11=0x00000000
     167935.000 ns	     16792	80003a44	c0027253	fcvt.w.s	x4,f4	  f4:0x7fc00000  x4=0x7fffffff
     167955.000 ns	     16794	80003a48	5729cd17	auipc	x26,0x5729c	 x26=0xd729fa48
     167965.000 ns	     16795	80003a4c	058b6293	ori	x5,x22,88	 x22:0xfffffffe  x5=0xfffffffe
     167975.000 ns	     16796	80003a50	01ff9033	sll	x0,x31,x31	 x31:0x00000002 x31:0x00000002
     167985.000 ns	     16797	80003a54	00479c13	slli	x24,x15,0x4	 x15:0x00000000 x24=0x00000000
     167995.000 ns	     16798	80003a58	00660933	add	x18,x12,x6	 x12:0x00000000  x6:0x00000000 x18=0x00000000
     168025.000 ns	     16801	80003a5c	187dfcd3	fdiv.s	f25,f27,f7	 f27:0x7fc00000  f7:0x7fc00000 f25=0x7fc00000
     168055.000 ns	     16804	80003a60	c01a7053	fcvt.wu.s	x0,f20	 f20:0x7fc00000
     168075.000 ns	     16806	80003a64	01cfc6b3	xor	x13,x31,x28	 x31:0x00000002 x28:0x80041024 x13=0x80041026
     168085.000 ns	     16807	80003a68	00c6c1b3	xor	x3,x13,x12	 x13:0x00000000 x12:0x00000000  x3=0x80041026
     168125.000 ns	     16811	80003a6c	09adf853	fsub.s	f16,f27,f26	 f27:0x7fc00000 f26:0x00000000 f16=0x7fc00000
     168155.000 ns	     16814	80003a70	d005f4d3	fcvt.s.w	f9,x11	 x11:0x00000000  f9=0x00000000
     168185.000 ns	     16817	80003a74	03660c33	mul	x24,x12,x22	 x12:0x00000000 x22:0xfffffffe x24=0x00000000
     168235.000 ns	     16822	80003a78	00672853	fadd.s	f16,f14,f6	 f14:0x7fc00000  f6:0x00000000 f16=0x7fc00000
     168285.000 ns	     16827	80003a7c	08977153	fsub.s	f2,f14,f9	 f14:0x7fc00000  f9:0x00000000  f2=0x7fc00000
     168655.000 ns	     16864	80003a80	03e24833	div	x16,x4,x30	  x4:0x7fffffff x30:0x00000005 x16=0x19999999
     169025.000 ns	     16901	80003a84	02d64133	div	x2,x12,x13	 x12:0x00000000 x13:0x80041026  x2=0x00000000
     169055.000 ns	     16904	80003a88	c0138cd3	fcvt.wu.s	x25,f7	  f7:0x7fc00000 x25=0xffffffff
     169085.000 ns	     16907	80003a8c	02f10133	mul	x2,x2,x15	  x2:0x00000000 x15:0x00000000  x2=0x00000000
     169105.000 ns	     16909	80003a90	78112013	slti	x0,x2,1921	  x2:0x00000000
     169115.000 ns	     16910	80003a94	dd7ac493	xori	x9,x21,-553	 x21:0x00000000  x9=0xfffffdd7
     169125.000 ns	     16911	80003a98	f98d3213	sltiu	x4,x26,-104	 x26:0xd729fa48  x4=0x00000001
     169145.000 ns	     16913	80003a9c	21812253	fsgnjx.s	f4,f2,f24	  f2:0x7fc00000 f24:0xcefff7df  f4=0xffc00000
     169515.000 ns	     16950	80003aa0	03f0c7b3	div	x15,x1,x31	  x1:0x00000000 x31:0x00000002 x15=0x00000000
     169555.000 ns	     16954	80003aa4	580af9d3	fsqrt.s	f19,f21	 f21:0x7fc00000 f19=0x7fc00000
     169575.000 ns	     16956	80003aa8	369ea693	slti	x13,x29,873	 x29:0x00000000 x13=0x00000001
     169595.000 ns	     16958	80003aac	f0050953	fmv.w.x	f18,x10	 x10:0x07f20000 f18=0x07f20000
     169625.000 ns	     16961	80003ab0	e00c19d3	fclass.s	x19,f24	 f24:0xcefff7df x19=0x00000002
     169645.000 ns	     16963	80003ab4	010e3433	sltu	x8,x28,x16	 x28:0x80041024 x16:0x19999999  x8=0x00000000
     169665.000 ns	     16965	80003ab8	02615433	divu	x8,x2,x6	  x2:0x00000000  x6:0x00000000  x8=0xffffffff
     169685.000 ns	     16967	80003abc	e0dea513	slti	x10,x29,-499	 x29:0x00000000 x10=0x00000000
     169715.000 ns	     16970	80003ac0	1184f2d3	fmul.s	f5,f9,f24	  f9:0x00000000 f24:0xcefff7df  f5=0x80000000
     169735.000 ns	     16972	80003ac4	72048813	addi	x16,x9,1824	  x9:0xfffffdd7 x16=0x000004f7
     169745.000 ns	     16973	80003ac8	471b0513	addi	x10,x22,1137	 x22:0xfffffffe x10=0x0000046f
     169775.000 ns	     16976	80003acc	5804b653	fsqrt.s	f12,f9	  f9:0x00000000 f12=0x00000000
     169805.000 ns	     16979	80003ad0	c00d2153	fcvt.w.s	x2,f26	 f26:0x00000000  x2=0x00000000
     169835.000 ns	     16982	80003ad4	d0101353	fcvt.s.wu	f6,x0	  x0:0x00000000  f6=0x00000000
     169875.000 ns	     16986	80003ad8	1093fd53	fmul.s	f26,f7,f9	  f7:0x7fc00000  f9:0x00000000 f26=0x7fc00000
     169905.000 ns	     16989	80003adc	28eb09d3	fmin.s	f19,f22,f14	 f22:0x80000000 f14:0x7fc00000 f19=0x80000000
     169925.000 ns	     16991	80003ae0	001ff9b3	and	x19,x31,x1	 x31:0x00000002  x1:0x00000000 x19=0x00000000
     169935.000 ns	     16992	80003ae4	40fddbb3	sra	x23,x27,x15	 x27:0x000003b1 x15:0x00000000 x23=0x000003b1
     169965.000 ns	     16995	80003ae8	1891add3	fdiv.s	f27,f3,f9	  f3:0x3f7ff7e0  f9:0x00000000 f27=0x7f800000
     169985.000 ns	     16997	80003aec	01ff3ab3	sltu	x21,x30,x31	 x30:0x00000005 x31:0x00000002 x21=0x00000000
     170345.000 ns	     17033	80003af0	030ee133	rem	x2,x29,x16	 x29:0x00000000 x16:0x000004f7  x2=0x00000000
     170375.000 ns	     17036	80003af4	a04e99d3	flt.s	x19,f29,f4	 f29:0x7fc00000  f4:0xffc00000 x19=0x00000000
     170395.000 ns	     17038	80003af8	40c8dd33	sra	x26,x17,x12	 x17:0x80040fe4 x12:0x00000000 x26=0x80040fe4
     170415.000 ns	     17040	80003afc	a1f412d3	flt.s	x5,f8,f31	  f8:0x00000000 f31:0xffc00000  x5=0x00000000
     170445.000 ns	     17043	80003b00	03958933	mul	x18,x11,x25	 x11:0x00000000 x25:0xffffffff x18=0x00000000
     170475.000 ns	     17046	80003b04	a0c0a9d3	feq.s	x19,f1,f12	  f1:0xffc00000 f12:0x00000000 x19=0x00000000
     170495.000 ns	     17048	80003b08	bd434c13	xori	x24,x6,-1068	  x6:0x00000000 x24=0xfffffbd4
     170515.000 ns	     17050	80003b0c	f0028a53	fmv.w.x	f20,x5	  x5:0x00000000 f20=0x00000000
     170565.000 ns	     17055	80003b10	01f47253	fadd.s	f4,f8,f31	  f8:0x00000000 f31:0xffc00000  f4=0x7fc00000
     170585.000 ns	     17057	80003b14	01d25b93	srli	x23,x4,0x1d	  x4:0x00000001 x23=0x00000000
     170625.000 ns	     17061	80003b18	014cf253	fadd.s	f4,f25,f20	 f25:0x7fc00000 f20:0x00000000  f4=0x7fc00000
     170665.000 ns	     17065	80003b1c	1976fd53	fdiv.s	f26,f13,f23	 f13:0x7fc00000 f23:0x7fc00000 f26=0x7fc00000
     170685.000 ns	     17067	80003b20	d9956593	ori	x11,x10,-615	 x10:0x0000046f x11=0xfffffdff
     170705.000 ns	     17069	80003b24	21148e53	fsgnj.s	f28,f9,f17	  f9:0x00000000 f17:0x00000000 f28=0x00000000
     170735.000 ns	     17072	80003b28	2119ac53	fsgnjx.s	f24,f19,f17	 f19:0x80000000 f17:0x00000000 f24=0x80000000
     170765.000 ns	     17075	80003b2c	e0090fd3	fmv.x.w	x31,f18	 f18:0x07f20000 x31=0x07f20000
     170785.000 ns	     17077	80003b30	40705913	srai	x18,x0,0x7	  x0:0x00000000 x18=0x00000000
     170795.000 ns	     17078	80003b34	011c1e93	slli	x29,x24,0x11	 x24:0xfffffbd4 x29=0xf7a80000
     170815.000 ns	     17080	80003b38	d0127653	fcvt.s.wu	f12,x4	  x4:0x00000001 f12=0x3f800000
     170865.000 ns	     17085	80003b3c	0871bfd3	fsub.s	f31,f3,f7	  f3:0x3f7ff7e0  f7:0x7fc00000 f31=0x7fc00000
     170885.000 ns	     17087	80003b40	009676b3	and	x13,x12,x9	 x12:0x00000000  x9:0xfffffdd7 x13=0x00000000
     170895.000 ns	     17088	80003b44	40cedc33	sra	x24,x29,x12	 x29:0xf7a80000 x12:0x00000000 x24=0xf7a80000
     170915.000 ns	     17090	80003b48	020c76b3	remu	x13,x24,x0	 x24:0xfffffbd4  x0:0x00000000 x13=0xf7a80000
     170945.000 ns	     17093	80003b4c	035a6c33	rem	x24,x20,x21	 x20:0x00000000 x21:0x00000000 x24=0x00000000
     170975.000 ns	     17096	80003b50	20c1abd3	fsgnjx.s	f23,f3,f12	  f3:0x3f7ff7e0 f12:0x3f800000 f23=0x3f7ff7e0
     171005.000 ns	     17099	80003b54	c0128dd3	fcvt.wu.s	x27,f5	  f5:0x80000000 x27=0x00000000
     171025.000 ns	     17101	80003b58	00b20733	add	x14,x4,x11	  x4:0x00000001 x11:0xfffffdff x14=0xfffffe00
     171035.000 ns	     17102	80003b5c	41dd8b33	sub	x22,x27,x29	 x27:0x00000000 x29:0xf7a80000 x22=0x08580000
     171045.000 ns	     17103	80003b60	01409533	sll	x10,x1,x20	  x1:0x00000000 x20:0x00000000 x10=0x00000000
     171065.000 ns	     17105	80003b64	20360cd3	fsgnj.s	f25,f12,f3	 f12:0x3f800000  f3:0x3f7ff7e0 f25=0x3f800000
     171085.000 ns	     17107	80003b68	a8fee593	ori	x11,x29,-1393	 x29:0xf7a80000 x11=0xfffffa8f
     171095.000 ns	     17108	80003b6c	0141d1b3	srl	x3,x3,x20	  x3:0x80041026 x20:0x00000000  x3=0x80041026
     171115.000 ns	     17110	80003b70	02c5f9b3	remu	x19,x11,x12	 x11:0xfffffdff x12:0x00000000 x19=0xfffffa8f
     171145.000 ns	     17113	80003b74	e00782d3	fmv.x.w	x5,f15	 f15:0x7fc00000  x5=0x7fc00000
     171175.000 ns	     17116	80003b78	a01d92d3	flt.s	x5,f27,f1	 f27:0x7f800000  f1:0xffc00000  x5=0x00000000
     171225.000 ns	     17121	80003b7c	00f2c753	fadd.s	f14,f5,f15	  f5:0x80000000 f15:0x7fc00000 f14=0x7fc00000
     171255.000 ns	     17124	80003b80	e00b80d3	fmv.x.w	x1,f23	 f23:0x3f7ff7e0  x1=0x3f7ff7e0
     171285.000 ns	     17127	80003b84	21bd0653	fsgnj.s	f12,f26,f27	 f26:0x7fc00000 f27:0x7f800000 f12=0x7fc00000
     171305.000 ns	     17129	80003b88	40908a33	sub	x20,x1,x9	  x1:0x3f7ff7e0  x9:0xfffffdd7 x20=0x3f7ffa09
     171325.000 ns	     17131	80003b8c	a0b30753	fle.s	x14,f6,f11	  f6:0x00000000 f11:0xc70e35d3 x14=0x00000000
     171355.000 ns	     17134	80003b90	209b18d3	fsgnjn.s	f17,f22,f9	 f22:0x80000000  f9:0x00000000 f17=0x80000000
     171385.000 ns	     17137	80003b94	e00f00d3	fmv.x.w	x1,f30	 f30:0x7fc00000  x1=0x7fc00000
     171435.000 ns	     17142	80003b98	0070fd53	fadd.s	f26,f1,f7	  f1:0xffc00000  f7:0x7fc00000 f26=0x7fc00000
     171455.000 ns	     17144	80003b9c	5c1ca793	slti	x15,x25,1473	 x25:0xffffffff x15=0x00000001
     171475.000 ns	     17146	80003ba0	d004f9d3	fcvt.s.w	f19,x9	  x9:0xfffffdd7 f19=0xc40a4000
     171505.000 ns	     17149	80003ba4	c010f953	fcvt.wu.s	x18,f1	  f1:0xffc00000 x18=0xffffffff
     171525.000 ns	     17151	80003ba8	52a93613	sltiu	x12,x18,1322	 x18:0x00000000 x12=0x00000000
     171565.000 ns	     17155	80003bac	00f072d3	fadd.s	f5,f0,f15	  f0:0x7fc00000 f15:0x7fc00000  f5=0x7fc00000
     171595.000 ns	     17158	80003bb0	a0478fd3	fle.s	x31,f15,f4	 f15:0x7fc00000  f4:0x7fc00000 x31=0x00000000
     171645.000 ns	     17163	80003bb4	004508d3	fadd.s	f17,f10,f4	 f10:0x7fc00000  f4:0x7fc00000 f17=0x7fc00000
     171675.000 ns	     17166	80003bb8	28be15d3	fmax.s	f11,f28,f11	 f28:0x00000000 f11:0xc70e35d3 f11=0x00000000
     171705.000 ns	     17169	80003bbc	0226a733	mulhsu	x14,x13,x2	 x13:0xf7a80000  x2:0x00000000 x14=0x00000000
     171735.000 ns	     17172	80003bc0	e00e94d3	fclass.s	x9,f29	 f29:0x7fc00000  x9=0x00000200
     171775.000 ns	     17176	80003bc4	19f44f53	fdiv.s	f30,f8,f31	  f8:0x00000000 f31:0x7fc00000 f30=0x7fc00000
     171795.000 ns	     17178	80003bc8	fcd42113	slti	x2,x8,-51	  x8:0xffffffff  x2=0x00000000
     171805.000 ns	     17179	80003bcc	01c85c13	srli	x24,x16,0x1c	 x16:0x000004f7 x24=0x00000000
     171815.000 ns	     17180	80003bd0	01a49493	slli	x9,x9,0x1a	  x9:0x00000200  x9=0x00000000
     172175.000 ns	     17216	80003bd4	03624a33	div	x20,x4,x22	  x4:0x00000001 x22:0x08580000 x20=0x00000000
     172195.000 ns	     17218	80003bd8	01f35533	srl	x10,x6,x31	  x6:0x00000000 x31:0x00000000 x10=0x00000000
     172215.000 ns	     17220	80003bdc	21742253	fsgnjx.s	f4,f8,f23	  f8:0x00000000 f23:0x3f7ff7e0  f4=0x00000000
     172265.000 ns	     17225	80003be0	00d98753	fadd.s	f14,f19,f13	 f19:0xc40a4000 f13:0x7fc00000 f14=0x7fc00000
     172295.000 ns	     17228	80003be4	f0068353	fmv.w.x	f6,x13	 x13:0xf7a80000  f6=0xf7a80000
     172315.000 ns	     17230	80003be8	00a30eb3	add	x29,x6,x10	  x6:0x00000000 x10:0x00000000 x29=0x00000000
     172325.000 ns	     17231	80003bec	417adb93	srai	x23,x21,0x17	 x21:0x00000000 x23=0x00000000
     172335.000 ns	     17232	80003bf0	22fb2997	auipc	x19,0x22fb2	 x19=0xa2fb5bf0
     172345.000 ns	     17233	80003bf4	78516717	auipc	x14,0x78516	 x14=0xf8519bf4
     172365.000 ns	     17235	80003bf8	a0779953	flt.s	x18,f15,f7	 f15:0x7fc00000  f7:0x7fc00000 x18=0x00000000
     172385.000 ns	     17237	80003bfc	cd286693	ori	x13,x16,-814	 x16:0x000004f7 x13=0xfffffcf7
     172745.000 ns	     17273	80003c00	02f4d4b3	divu	x9,x9,x15	  x9:0x00000000 x15:0x00000001  x9=0x00000000
     172775.000 ns	     17276	80003c04	03913d33	mulhu	x26,x2,x25	  x2:0x00000000 x25:0xffffffff x26=0x00000000
     172795.000 ns	     17278	80003c08	c011ce93	xori	x29,x3,-1023	  x3:0x80041026 x29=0x7ffbec27
     172815.000 ns	     17280	80003c0c	02aad7b3	divu	x15,x21,x10	 x21:0x00000000 x10:0x00000000 x15=0xffffffff
     172845.000 ns	     17283	80003c10	d003f6d3	fcvt.s.w	f13,x7	  x7:0x00000000 f13=0x00000000
     172875.000 ns	     17286	80003c14	e00c1253	fclass.s	x4,f24	 f24:0x80000000  x4=0x00000008
     173245.000 ns	     17323	80003c18	02b96eb3	rem	x29,x18,x11	 x18:0x00000000 x11:0xfffffa8f x29=0x00000000
     173275.000 ns	     17326	80003c1c	28498d53	fmin.s	f26,f19,f4	 f19:0xc40a4000  f4:0x00000000 f26=0xc40a4000
     173305.000 ns	     17329	80003c20	e0091753	fclass.s	x14,f18	 f18:0x07f20000 x14=0x00000040
     173325.000 ns	     17331	80003c24	40345793	srai	x15,x8,0x3	  x8:0xffffffff x15=0xffffffff
     173345.000 ns	     17333	80003c28	a08119d3	flt.s	x19,f2,f8	  f2:0x7fc00000  f8:0x00000000 x19=0x00000000
     173365.000 ns	     17335	80003c2c	00000013	addi	x0,x0,0	  x0:0x00000000
     173395.000 ns	     17338	80003c30	11819c53	fmul.s	f24,f3,f24	  f3:0x3f7ff7e0 f24:0x80000000 f24=0x80000000
     173415.000 ns	     17340	80003c34	01c71233	sll	x4,x14,x28	 x14:0x00000040 x28:0x80041024  x4=0x00000400
     173455.000 ns	     17344	80003c38	09ffa453	fsub.s	f8,f31,f31	 f31:0x7fc00000 f31:0x7fc00000  f8=0x7fc00000
     173485.000 ns	     17347	80003c3c	c00df853	fcvt.w.s	x16,f27	 f27:0x7f800000 x16=0x7fffffff
     173515.000 ns	     17350	80003c40	030b3c33	mulhu	x24,x22,x16	 x22:0x08580000 x16:0x000004f7 x24=0x042bffff
     173885.000 ns	     17387	80003c44	02d3d433	divu	x8,x7,x13	  x7:0x00000000 x13:0xfffffcf7  x8=0x00000000
     173905.000 ns	     17389	80003c48	41075613	srai	x12,x14,0x10	 x14:0x00000040 x12=0x00000000
     173945.000 ns	     17393	80003c4c	0005bfd3	fadd.s	f31,f11,f0	 f11:0x00000000  f0:0x7fc00000 f31=0x7fc00000
     173965.000 ns	     17395	80003c50	01a11a93	slli	x21,x2,0x1a	  x2:0x00000000 x21=0x00000000
     173985.000 ns	     17397	80003c54	a11baed3	feq.s	x29,f23,f17	 f23:0x3f7ff7e0 f17:0x7fc00000 x29=0x00000000
     174025.000 ns	     17401	80003c58	1133f053	fmul.s	f0,f7,f19	  f7:0x7fc00000 f19:0xc40a4000  f0=0x7fc00000
     174055.000 ns	     17404	80003c5c	29e410d3	fmax.s	f1,f8,f30	  f8:0x7fc00000 f30:0x7fc00000  f1=0x7fc00000
     174085.000 ns	     17407	80003c60	029d5d33	divu	x26,x26,x9	 x26:0x00000000  x9:0x00000000 x26=0xffffffff
     174115.000 ns	     17410	80003c64	f0088053	fmv.w.x	f0,x17	 x17:0x80040fe4  f0=0x80040fe4
     174145.000 ns	     17413	80003c68	21ab8353	fsgnj.s	f6,f23,f26	 f23:0x3f7ff7e0 f26:0xc40a4000  f6=0xbf7ff7e0
     174165.000 ns	     17415	80003c6c	40ee8833	sub	x16,x29,x14	 x29:0x00000000 x14:0x00000040 x16=0xffffffc0
     174175.000 ns	     17416	80003c70	1d5b7a37	lui	x20,0x1d5b7	 x20=0x1d5b7000
     174185.000 ns	     17417	80003c74	72ae7017	auipc	x0,0x72ae7	
     174205.000 ns	     17419	80003c78	215826d3	fsgnjx.s	f13,f16,f21	 f16:0x7fc00000 f21:0x7fc00000 f13=0x7fc00000
     174225.000 ns	     17421	80003c7c	9efefc93	andi	x25,x29,-1553	 x29:0x00000000 x25=0x00000000
     174245.000 ns	     17423	80003c80	03258eb3	mul	x29,x11,x18	 x11:0xfffffa8f x18:0x00000000 x29=0x00000000
     174265.000 ns	     17425	80003c84	01bc50b3	srl	x1,x24,x27	 x24:0x042bffff x27:0x00000000  x1=0x042bffff
     174275.000 ns	     17426	80003c88	40c6dc33	sra	x24,x13,x12	 x13:0xfffffcf7 x12:0x00000000 x24=0xfffffcf7
     174295.000 ns	     17428	80003c8c	f00708d3	fmv.w.x	f17,x14	 x14:0x00000040 f17=0x00000040
     174315.000 ns	     17430	80003c90	001ab033	sltu	x0,x21,x1	 x21:0x00000000  x1:0x042bffff
     174335.000 ns	     17432	80003c94	e00405d3	fmv.x.w	x11,f8	  f8:0x7fc00000 x11=0x7fc00000
     174705.000 ns	     17469	80003c98	023863b3	rem	x7,x16,x3	 x16:0xffffffc0  x3:0x80041026  x7=0xffffffc0
     174725.000 ns	     17471	80003c9c	011fa3b3	slt	x7,x31,x17	 x31:0x00000000 x17:0x80040fe4  x7=0x00000000
     174745.000 ns	     17473	80003ca0	286004d3	fmin.s	f9,f0,f6	  f0:0x80040fe4  f6:0xbf7ff7e0  f9=0xbf7ff7e0
     174765.000 ns	     17475	80003ca4	5b36c313	xori	x6,x13,1459	 x13:0xfffffcf7  x6=0xfffff944
     174785.000 ns	     17477	80003ca8	0222ba33	mulhu	x20,x5,x2	  x5:0x00000000  x2:0x00000000 x20=0x00000000
     174805.000 ns	     17479	80003cac	9c406313	ori	x6,x0,-1596	  x0:0x00000000  x6=0xfffff9c4
     174815.000 ns	     17480	80003cb0	398a9f97	auipc	x31,0x398a9	 x31=0xb98accb0
     174825.000 ns	     17481	80003cb4	3b654c13	xori	x24,x10,950	 x10:0x00000000 x24=0x000003b6
     174845.000 ns	     17483	80003cb8	d018f353	fcvt.s.wu	f6,x17	 x17:0x80040fe4  f6=0x4f00040f
     174875.000 ns	     17486	80003cbc	a05f2d53	feq.s	x26,f30,f5	 f30:0x7fc00000  f5:0x7fc00000 x26=0x00000000
     174905.000 ns	     17489	80003cc0	c0167ed3	fcvt.wu.s	x29,f12	 f12:0x7fc00000 x29=0xffffffff
     174925.000 ns	     17491	80003cc4	69b58b93	addi	x23,x11,1691	 x11:0x7fc00000 x23=0x7fc0069b
     174935.000 ns	     17492	80003cc8	01f59733	sll	x14,x11,x31	 x11:0x7fc00000 x31:0xb98accb0 x14=0x00000000
     174955.000 ns	     17494	80003ccc	205918d3	fsgnjn.s	f17,f18,f5	 f18:0x07f20000  f5:0x7fc00000 f17=0x87f20000
     174985.000 ns	     17497	80003cd0	20b51753	fsgnjn.s	f14,f10,f11	 f10:0x7fc00000 f11:0x00000000 f14=0xffc00000
     175015.000 ns	     17500	80003cd4	280d9fd3	fmax.s	f31,f27,f0	 f27:0x7f800000  f0:0x80040fe4 f31=0x7f800000
     175045.000 ns	     17503	80003cd8	201e85d3	fsgnj.s	f11,f29,f1	 f29:0x7fc00000  f1:0x7fc00000 f11=0x7fc00000
     175075.000 ns	     17506	80003cdc	a0cc9b53	flt.s	x22,f25,f12	 f25:0x3f800000 f12:0x7fc00000 x22=0x00000000
     175445.000 ns	     17543	80003ce0	03ee72b3	remu	x5,x28,x30	 x28:0x80041024 x30:0x00000005  x5=0x00000004
     175465.000 ns	     17545	80003ce4	015d5c93	srli	x25,x26,0x15	 x26:0x00000000 x25=0x00000000
     175475.000 ns	     17546	80003ce8	00d145b3	xor	x11,x2,x13	  x2:0x00000000 x13:0xfffffcf7 x11=0xfffffcf7
     175515.000 ns	     17550	80003cec	0035f5d3	fadd.s	f11,f11,f3	 f11:0x7fc00000  f3:0x3f7ff7e0 f11=0x7fc00000
     175545.000 ns	     17553	80003cf0	03d2bab3	mulhu	x21,x5,x29	  x5:0x00000004 x29:0xffffffff x21=0x00000003
     175575.000 ns	     17556	80003cf4	c014c6d3	fcvt.wu.s	x13,f9	  f9:0xbf7ff7e0 x13=0x00000001
     175945.000 ns	     17593	80003cf8	02bee533	rem	x10,x29,x11	 x29:0xffffffff x11:0xfffffcf7 x10=0xffffffff
     175965.000 ns	     17595	80003cfc	01d98c33	add	x24,x19,x29	 x19:0x00000000 x29:0xffffffff x24=0xffffffff
     175985.000 ns	     17597	80003d00	028464b3	rem	x9,x8,x8	  x8:0x00000000  x8:0x00000000  x9=0x00000000
     176005.000 ns	     17599	80003d04	bac80cb7	lui	x25,0xbac80	 x25=0xbac80000
     176025.000 ns	     17601	80003d08	e0039b53	fclass.s	x22,f7	  f7:0x7fc00000 x22=0x00000200
     176045.000 ns	     17603	80003d0c	14537a97	auipc	x21,0x14537	 x21=0x9453ad0c
     176055.000 ns	     17604	80003d10	4bf83eb7	lui	x29,0x4bf83	 x29=0x4bf83000
     176085.000 ns	     17607	80003d14	10404053	fmul.s	f0,f0,f4	  f0:0x80040fe4  f4:0x00000000  f0=0x80000000
     176105.000 ns	     17609	80003d18	4026dcb3	sra	x25,x13,x2	 x13:0x00000001  x2:0x00000000 x25=0x00000001
     176115.000 ns	     17610	80003d1c	f4593913	sltiu	x18,x18,-187	 x18:0x00000000 x18=0x00000001
     176125.000 ns	     17611	80003d20	0b040e93	addi	x29,x8,176	  x8:0x00000000 x29=0x000000b0
     176135.000 ns	     17612	80003d24	8259a193	slti	x3,x19,-2011	 x19:0x00000000  x3=0x00000000
     176155.000 ns	     17614	80003d28	0200a133	mulhsu	x2,x1,x0	  x1:0x042bffff  x0:0x00000000  x2=0x00000000
     176175.000 ns	     17616	80003d2c	0074d213	srli	x4,x9,0x7	  x9:0x00000000  x4=0x00000000
     176195.000 ns	     17618	80003d30	021da733	mulhsu	x14,x27,x1	 x27:0x00000000  x1:0x042bffff x14=0x00000000
     176215.000 ns	     17620	80003d34	01771393	slli	x7,x14,0x17	 x14:0x00000000  x7=0x00000000
     176235.000 ns	     17622	80003d38	a1ca8053	fle.s	x0,f21,f28	 f21:0x7fc00000 f28:0x00000000
     176265.000 ns	     17625	80003d3c	281495d3	fmax.s	f11,f9,f1	  f9:0xbf7ff7e0  f1:0x7fc00000 f11=0xbf7ff7e0
     176295.000 ns	     17628	80003d40	036d0433	mul	x8,x26,x22	 x26:0x00000000 x22:0x00000200  x8=0x00000000
     176325.000 ns	     17631	80003d44	a13e89d3	fle.s	x19,f29,f19	 f29:0x7fc00000 f19:0xc40a4000 x19=0x00000000
     176345.000 ns	     17633	80003d48	ca91f193	andi	x3,x3,-855	  x3:0x00000000  x3=0x00000000
     176365.000 ns	     17635	80003d4c	d00883d3	fcvt.s.w	f7,x17	 x17:0x80040fe4  f7=0xcefff7e0
     176385.000 ns	     17637	80003d50	00575493	srli	x9,x14,0x5	 x14:0x00000000  x9=0x00000000
     176395.000 ns	     17638	80003d54	41c303b3	sub	x7,x6,x28	  x6:0xfffff9c4 x28:0x80041024  x7=0x7ffbe9a0
     176405.000 ns	     17639	80003d58	0184cd33	xor	x26,x9,x24	  x9:0x00000000 x24:0xffffffff x26=0xffffffff
     176425.000 ns	     17641	80003d5c	c00f7953	fcvt.w.s	x18,f30	 f30:0x7fc00000 x18=0x7fffffff
     176445.000 ns	     17643	80003d60	00885193	srli	x3,x16,0x8	 x16:0xffffffc0  x3=0x00ffffff
     176485.000 ns	     17647	80003d64	018515d3	fadd.s	f11,f10,f24	 f10:0x7fc00000 f24:0x80000000 f11=0x7fc00000
     176535.000 ns	     17652	80003d68	008f9bd3	fadd.s	f23,f31,f8	 f31:0x7f800000  f8:0x7fc00000 f23=0x7fc00000
     176565.000 ns	     17655	80003d6c	a11517d3	flt.s	x15,f10,f17	 f10:0x7fc00000 f17:0x87f20000 x15=0x00000000
     176585.000 ns	     17657	80003d70	01ed5733	srl	x14,x26,x30	 x26:0xffffffff x30:0x00000005 x14=0x07ffffff
     176605.000 ns	     17659	80003d74	d008a453	fcvt.s.w	f8,x17	 x17:0x80040fe4  f8=0xcefff7e1
     176635.000 ns	     17662	80003d78	f00c0bd3	fmv.w.x	f23,x24	 x24:0xffffffff f23=0xffffffff
     176655.000 ns	     17664	80003d7c	b39d7613	andi	x12,x26,-1223	 x26:0xffffffff x12=0xfffffb39
     176665.000 ns	     17665	80003d80	32e0a993	slti	x19,x1,814	  x1:0x042bffff x19=0x00000000
     176685.000 ns	     17667	80003d84	c00b4853	fcvt.w.s	x16,f22	 f22:0x80000000 x16=0x00000000
     176705.000 ns	     17669	80003d88	0002a3b3	slt	x7,x5,x0	  x5:0x00000004  x0:0x00000000  x7=0x00000000
     176725.000 ns	     17671	80003d8c	a11a0c53	fle.s	x24,f20,f17	 f20:0x00000000 f17:0x87f20000 x24=0x00000000
     176755.000 ns	     17674	80003d90	20a99fd3	fsgnjn.s	f31,f19,f10	 f19:0xc40a4000 f10:0x7fc00000 f31=0xc40a4000
     176785.000 ns	     17677	80003d94	20310e53	fsgnj.s	f28,f2,f3	  f2:0x7fc00000  f3:0x3f7ff7e0 f28=0x7fc00000
     176805.000 ns	     17679	80003d98	b4878a93	addi	x21,x15,-1208	 x15:0x00000000 x21=0xfffffb48
     177165.000 ns	     17715	80003d9c	02a1e033	rem	x0,x3,x10	  x3:0x00ffffff x10:0xffffffff
     177205.000 ns	     17719	80003da0	580643d3	fsqrt.s	f7,f12	 f12:0x7fc00000  f7=0x7fc00000
     177225.000 ns	     17721	80003da4	19a87193	andi	x3,x16,410	 x16:0x00000000  x3=0x00000000
     177265.000 ns	     17725	80003da8	089dbed3	fsub.s	f29,f27,f9	 f27:0x7f800000  f9:0xbf7ff7e0 f29=0x7f800000
     177305.000 ns	     17729	80003dac	5809f053	fsqrt.s	f0,f19	 f19:0xc40a4000  f0=0x7fc00000
     177325.000 ns	     17731	80003db0	00000013	addi	x0,x0,0	  x0:0x00000000
     177345.000 ns	     17733	80003db4	a0c59153	flt.s	x2,f11,f12	 f11:0x7fc00000 f12:0x7fc00000  x2=0x00000000
     177375.000 ns	     17736	80003db8	e0009653	fclass.s	x12,f1	  f1:0x7fc00000 x12=0x00000200
     177415.000 ns	     17740	80003dbc	580c7d53	fsqrt.s	f26,f24	 f24:0x80000000 f26=0x80000000
     177435.000 ns	     17742	80003dc0	403f59b3	sra	x19,x30,x3	 x30:0x00000005  x3:0x00000000 x19=0x00000005
     177455.000 ns	     17744	80003dc4	c0012fd3	fcvt.w.s	x31,f2	  f2:0x7fc00000 x31=0x7fffffff
     177475.000 ns	     17746	80003dc8	00468a33	add	x20,x13,x4	 x13:0x00000001  x4:0x00000000 x20=0x00000001
     177495.000 ns	     17748	80003dcc	29849953	fmax.s	f18,f9,f24	  f9:0xbf7ff7e0 f24:0x80000000 f18=0x80000000
     177515.000 ns	     17750	80003dd0	68502813	slti	x16,x0,1669	  x0:0x00000000 x16=0x00000001
     177535.000 ns	     17752	80003dd4	03758fb3	mul	x31,x11,x23	 x11:0xfffffcf7 x23:0x7fc0069b x31=0x422bf38d
     177565.000 ns	     17755	80003dd8	c01bc653	fcvt.wu.s	x12,f23	 f23:0xffffffff x12=0xffffffff
     177585.000 ns	     17757	80003ddc	00000013	addi	x0,x0,0	  x0:0x00000000
     177615.000 ns	     17760	80003de0	18a04653	fdiv.s	f12,f0,f10	  f0:0x7fc00000 f10:0x7fc00000 f12=0x7fc00000
     177635.000 ns	     17762	80003de4	300bf037	lui	x0,0x300bf	
     177655.000 ns	     17764	80003de8	0298a7b3	mulhsu	x15,x17,x9	 x17:0x80040fe4  x9:0x00000000 x15=0x00000000
     177685.000 ns	     17767	80003dec	c015f6d3	fcvt.wu.s	x13,f11	 f11:0x7fc00000 x13=0xffffffff
     177705.000 ns	     17769	80003df0	9d56e713	ori	x14,x13,-1579	 x13:0x00000001 x14=0xffffffff
     177725.000 ns	     17771	80003df4	02c83033	mulhu	x0,x16,x12	 x16:0x00000001 x12:0xffffffff
     177745.000 ns	     17773	80003df8	5b7da493	slti	x9,x27,1463	 x27:0x00000000  x9=0x00000001
     177755.000 ns	     17774	80003dfc	4176d2b3	sra	x5,x13,x23	 x13:0xffffffff x23:0x7fc0069b  x5=0xffffffff
     177765.000 ns	     17775	80003e00	c9deff93	andi	x31,x29,-867	 x29:0x000000b0 x31=0x00000090
     177795.000 ns	     17778	80003e04	580ac7d3	fsqrt.s	f15,f21	 f21:0x7fc00000 f15=0x7fc00000
     177815.000 ns	     17780	80003e08	f7ca6a13	ori	x20,x20,-132	 x20:0x00000001 x20=0xffffff7d
     177825.000 ns	     17781	80003e0c	010704b3	add	x9,x14,x16	 x14:0xffffffff x16:0x00000001  x9=0x00000000
     177835.000 ns	     17782	80003e10	00bc1b13	slli	x22,x24,0xb	 x24:0x00000000 x22=0x00000000
     177845.000 ns	     17783	80003e14	2b0e4d13	xori	x26,x28,688	 x28:0x80041024 x26=0x80041294
     177865.000 ns	     17785	80003e18	038009b3	mul	x19,x0,x24	  x0:0x00000000 x24:0x00000000 x19=0x00000000
     177885.000 ns	     17787	80003e1c	38f4c513	xori	x10,x9,911	  x9:0x00000000 x10=0x0000038f
     177895.000 ns	     17788	80003e20	01a65393	srli	x7,x12,0x1a	 x12:0xffffffff  x7=0x0000003f
     177905.000 ns	     17789	80003e24	adc86f93	ori	x31,x16,-1316	 x16:0x00000001 x31=0xfffffadd
     177925.000 ns	     17791	80003e28	a1011fd3	flt.s	x31,f2,f16	  f2:0x7fc00000 f16:0x7fc00000 x31=0x00000000
     177945.000 ns	     17793	80003e2c	016c7933	and	x18,x24,x22	 x24:0x00000000 x22:0x00000000 x18=0x00000000
     177965.000 ns	     17795	80003e30	c006f4d3	fcvt.w.s	x9,f13	 f13:0x7fc00000  x9=0x7fffffff
     177995.000 ns	     17798	80003e34	c0087253	fcvt.w.s	x4,f16	 f16:0x7fc00000  x4=0x7fffffff
     178045.000 ns	     17803	80003e38	084c7453	fsub.s	f8,f24,f4	 f24:0x80000000  f4:0x00000000  f8=0x80000000
     178075.000 ns	     17806	80003e3c	c013b3d3	fcvt.wu.s	x7,f7	  f7:0x7fc00000  x7=0xffffffff
     178095.000 ns	     17808	80003e40	01c0d593	srli	x11,x1,0x1c	  x1:0x042bffff x11=0x00000000
     178115.000 ns	     17810	80003e44	d00ccd53	fcvt.s.w	f26,x25	 x25:0x00000001 f26=0x3f800000
     178135.000 ns	     17812	80003e48	01b5f933	and	x18,x11,x27	 x11:0xfffffcf7 x27:0x00000000 x18=0x00000000
     178145.000 ns	     17813	80003e4c	57b56413	ori	x8,x10,1403	 x10:0x0000038f  x8=0x000007ff
     178175.000 ns	     17816	80003e50	1975f8d3	fdiv.s	f17,f11,f23	 f11:0x7fc00000 f23:0xffffffff f17=0x7fc00000
     178205.000 ns	     17819	80003e54	c00ffc53	fcvt.w.s	x24,f31	 f31:0xc40a4000 x24=0x00000229
     178235.000 ns	     17822	80003e58	02e98633	mul	x12,x19,x14	 x19:0x00000000 x14:0xffffffff x12=0x00000000
     178255.000 ns	     17824	80003e5c	c21bf517	auipc	x10,0xc21bf	 x10=0x421c2e5c
     178265.000 ns	     17825	80003e60	01aac033	xor	x0,x21,x26	 x21:0xfffffb48 x26:0x80041294
     178285.000 ns	     17827	80003e64	023b89b3	mul	x19,x23,x3	 x23:0x7fc0069b  x3:0x00000000 x19=0x00000000
     178305.000 ns	     17829	80003e68	403604b3	sub	x9,x12,x3	 x12:0x00000000  x3:0x00000000  x9=0x00000000
     178325.000 ns	     17831	80003e6c	218205d3	fsgnj.s	f11,f4,f24	  f4:0x00000000 f24:0x80000000 f11=0x80000000
     178355.000 ns	     17834	80003e70	c008fad3	fcvt.w.s	x21,f17	 f17:0x7fc00000 x21=0x7fffffff
     178375.000 ns	     17836	80003e74	01bba6b3	slt	x13,x23,x27	 x23:0x7fc0069b x27:0x00000000 x13=0x00000000
     178395.000 ns	     17838	80003e78	298f9f53	fmax.s	f30,f31,f24	 f31:0xc40a4000 f24:0x80000000 f30=0x80000000
     178415.000 ns	     17840	80003e7c	bc2779b7	lui	x19,0xbc277	 x19=0xbc277000
     178775.000 ns	     17876	80003e80	02ed5b33	divu	x22,x26,x14	 x26:0x80041294 x14:0xffffffff x22=0x00000000
     178805.000 ns	     17879	80003e84	02dc21b3	mulhsu	x3,x24,x13	 x24:0x00000229 x13:0x00000000  x3=0x00000000
     178845.000 ns	     17883	80003e88	18e5f1d3	fdiv.s	f3,f11,f14	 f11:0x80000000 f14:0xffc00000  f3=0x7fc00000
     178865.000 ns	     17885	80003e8c	40b3df93	srai	x31,x7,0xb	  x7:0xffffffff x31=0xffffffff
     178875.000 ns	     17886	80003e90	00000013	addi	x0,x0,0	  x0:0x00000000
     178885.000 ns	     17887	80003e94	cceefa93	andi	x21,x29,-818	 x29:0x000000b0 x21=0x00000080
     178905.000 ns	     17889	80003e98	210228d3	fsgnjx.s	f17,f4,f16	  f4:0x00000000 f16:0x7fc00000 f17=0x00000000
     178935.000 ns	     17892	80003e9c	d00f77d3	fcvt.s.w	f15,x30	 x30:0x00000005 f15=0x40a00000
     178955.000 ns	     17894	80003ea0	4d5fab93	slti	x23,x31,1237	 x31:0xffffffff x23=0x00000001
     178965.000 ns	     17895	80003ea4	44c2ba97	auipc	x21,0x44c2b	 x21=0xc4c2eea4
     178975.000 ns	     17896	80003ea8	44022c13	slti	x24,x4,1088	  x4:0x7fffffff x24=0x00000000
     178985.000 ns	     17897	80003eac	008a1193	slli	x3,x20,0x8	 x20:0xffffff7d  x3=0xffff7d00
     178995.000 ns	     17898	80003eb0	5cbfcb13	xori	x22,x31,1483	 x31:0xffffffff x22=0xfffffa34
     179015.000 ns	     17900	80003eb4	035684b3	mul	x9,x13,x21	 x13:0x00000000 x21:0xc4c2eea4  x9=0x00000000
     179035.000 ns	     17902	80003eb8	01900a13	addi	x20,x0,25	  x0:0x00000000 x20=0x00000019
     179055.000 ns	     17904	80003ebc	d015f3d3	fcvt.s.wu	f7,x11	 x11:0x00000000  f7=0x00000000
     179075.000 ns	     17906	80003ec0	011f51b3	srl	x3,x30,x17	 x30:0x00000005 x17:0x80040fe4  x3=0x00000000
     179085.000 ns	     17907	80003ec4	01b04133	xor	x2,x0,x27	  x0:0x00000000 x27:0x00000000  x2=0x00000000
     179445.000 ns	     17943	80003ec8	034462b3	rem	x5,x8,x20	  x8:0x000007ff x20:0x00000019  x5=0x00000016
     179475.000 ns	     17946	80003ecc	21b52953	fsgnjx.s	f18,f10,f27	 f10:0x7fc00000 f27:0x7f800000 f18=0x7fc00000
     179495.000 ns	     17948	80003ed0	41015193	srai	x3,x2,0x10	  x2:0x00000000  x3=0x00000000
     179505.000 ns	     17949	80003ed4	016ce533	or	x10,x25,x22	 x25:0x00000001 x22:0xfffffa34 x10=0xfffffa35
     179525.000 ns	     17951	80003ed8	c00d9753	fcvt.w.s	x14,f27	 f27:0x7f800000 x14=0x7fffffff
     179545.000 ns	     17953	80003edc	0120a5b3	slt	x11,x1,x18	  x1:0x042bffff x18:0x00000000 x11=0x00000000
     179565.000 ns	     17955	80003ee0	21889153	fsgnjn.s	f2,f17,f24	 f17:0x00000000 f24:0x80000000  f2=0x00000000
     179595.000 ns	     17958	80003ee4	a104a253	feq.s	x4,f9,f16	  f9:0xbf7ff7e0 f16:0x7fc00000  x4=0x00000000
     179615.000 ns	     17960	80003ee8	3f6a2c37	lui	x24,0x3f6a2	 x24=0x3f6a2000
     179625.000 ns	     17961	80003eec	00865813	srli	x16,x12,0x8	 x12:0x00000000 x16=0x00000000
     179635.000 ns	     17962	80003ef0	45244d13	xori	x26,x8,1106	  x8:0x000007ff x26=0x000003ad
     179655.000 ns	     17964	80003ef4	c0181253	fcvt.wu.s	x4,f16	 f16:0x7fc00000  x4=0xffffffff
     179675.000 ns	     17966	80003ef8	4e067113	andi	x2,x12,1248	 x12:0x00000000  x2=0x00000000
     179685.000 ns	     17967	80003efc	0cf429b7	lui	x19,0xcf42	 x19=0x0cf42000
     179705.000 ns	     17969	80003f00	03ac1233	mulh	x4,x24,x26	 x24:0x3f6a2000 x26:0x000003ad  x4=0x000000e9
     179735.000 ns	     17972	80003f04	02975533	divu	x10,x14,x9	 x14:0x7fffffff  x9:0x00000000 x10=0xffffffff
     179765.000 ns	     17975	80003f08	f0030253	fmv.w.x	f4,x6	  x6:0xfffff9c4  f4=0xfffff9c4
     179785.000 ns	     17977	80003f0c	01b715b3	sll	x11,x14,x27	 x14:0x7fffffff x27:0x00000000 x11=0x7fffffff
     179795.000 ns	     17978	80003f10	0160bdb3	sltu	x27,x1,x22	  x1:0x042bffff x22:0xfffffa34 x27=0x00000001
     179835.000 ns	     17982	80003f14	09457bd3	fsub.s	f23,f10,f20	 f10:0x7fc00000 f20:0x00000000 f23=0x7fc00000
     179865.000 ns	     17985	80003f18	e0039453	fclass.s	x8,f7	  f7:0x00000000  x8=0x00000010
     180235.000 ns	     18022	80003f1c	02e1e033	rem	x0,x3,x14	  x3:0x00000000 x14:0x7fffffff
     180255.000 ns	     18024	80003f20	40d05993	srai	x19,x0,0xd	  x0:0x00000000 x19=0x00000000
     180275.000 ns	     18026	80003f24	e00a12d3	fclass.s	x5,f20	 f20:0x00000000  x5=0x00000010
     180295.000 ns	     18028	80003f28	0cb8ed93	ori	x27,x17,203	 x17:0x80040fe4 x27=0x80040fef
     180305.000 ns	     18029	80003f2c	006dc633	xor	x12,x27,x6	 x27:0x00000001  x6:0xfffff9c4 x12=0x7ffbf62b
     180325.000 ns	     18031	80003f30	21f0a8d3	fsgnjx.s	f17,f1,f31	  f1:0x7fc00000 f31:0xc40a4000 f17=0xffc00000
     180345.000 ns	     18033	80003f34	31dc0993	addi	x19,x24,797	 x24:0x3f6a2000 x19=0x3f6a231d
     180355.000 ns	     18034	80003f38	00c85693	srli	x13,x16,0xc	 x16:0x00000000 x13=0x00000000
     180375.000 ns	     18036	80003f3c	21fc2153	fsgnjx.s	f2,f24,f31	 f24:0x80000000 f31:0xc40a4000  f2=0x00000000
     180395.000 ns	     18038	80003f40	00000013	addi	x0,x0,0	  x0:0x00000000
     180755.000 ns	     18074	80003f44	02416eb3	rem	x29,x2,x4	  x2:0x00000000  x4:0x000000e9 x29=0x00000000
     181935.000 ns	     18192	80003f48	58037353	fsqrt.s	f6,f6	  f6:0x4f00040f  f6=0x46b50a40
     181965.000 ns	     18195	80003f4c	a0e921d3	feq.s	x3,f18,f14	 f18:0x7fc00000 f14:0xffc00000  x3=0x00000000
     181995.000 ns	     18198	80003f50	c008bad3	fcvt.w.s	x21,f17	 f17:0xffc00000 x21=0x7fffffff
     182015.000 ns	     18200	80003f54	00c48033	add	x0,x9,x12	  x9:0x00000000 x12:0x7ffbf62b
     182035.000 ns	     18202	80003f58	e00b06d3	fmv.x.w	x13,f22	 f22:0x80000000 x13=0x80000000
     182405.000 ns	     18239	80003f5c	0331edb3	rem	x27,x3,x19	  x3:0x00000000 x19:0x3f6a231d x27=0x00000000
     182435.000 ns	     18242	80003f60	28881fd3	fmax.s	f31,f16,f8	 f16:0x7fc00000  f8:0x80000000 f31=0x80000000
     182465.000 ns	     18245	80003f64	21580753	fsgnj.s	f14,f16,f21	 f16:0x7fc00000 f21:0x7fc00000 f14=0x7fc00000
     182485.000 ns	     18247	80003f68	411cdab3	sra	x21,x25,x17	 x25:0x00000001 x17:0x80040fe4 x21=0x00000000
     182845.000 ns	     18283	80003f6c	026fe9b3	rem	x19,x31,x6	 x31:0xffffffff  x6:0xfffff9c4 x19=0xffffffff
     182875.000 ns	     18286	80003f70	a1a78153	fle.s	x2,f15,f26	 f15:0x40a00000 f26:0x3f800000  x2=0x00000000
     182905.000 ns	     18289	80003f74	d01d4153	fcvt.s.wu	f2,x26	 x26:0x000003ad  f2=0x446b4000
     182925.000 ns	     18291	80003f78	005a5613	srli	x12,x20,0x5	 x20:0x00000019 x12=0x00000000
     182935.000 ns	     18292	80003f7c	00f2edb3	or	x27,x5,x15	  x5:0x00000010 x15:0x00000000 x27=0x00000010
     182945.000 ns	     18293	80003f80	d6b93293	sltiu	x5,x18,-661	 x18:0x00000000  x5=0x00000001
     182965.000 ns	     18295	80003f84	0318b7b3	mulhu	x15,x17,x17	 x17:0x80040fe4 x17:0x80040fe4 x15=0x40040ff4
     182985.000 ns	     18297	80003f88	2c544013	xori	x0,x8,709	  x8:0x00000010
     183005.000 ns	     18299	80003f8c	e0061653	fclass.s	x12,f12	 f12:0x7fc00000 x12=0x00000200
     183035.000 ns	     18302	80003f90	03a324b3	mulhsu	x9,x6,x26	  x6:0xfffff9c4 x26:0x000003ad  x9=0xffffffff
     183085.000 ns	     18307	80003f94	00067ad3	fadd.s	f21,f12,f0	 f12:0x7fc00000  f0:0x7fc00000 f21=0x7fc00000
     183125.000 ns	     18311	80003f98	191a75d3	fdiv.s	f11,f20,f17	 f20:0x00000000 f17:0xffc00000 f11=0x7fc00000
     183155.000 ns	     18314	80003f9c	028990b3	mulh	x1,x19,x8	 x19:0xffffffff  x8:0x00000010  x1=0xffffffff
     183175.000 ns	     18316	80003fa0	01e547b3	xor	x15,x10,x30	 x10:0xffffffff x30:0x00000005 x15=0xfffffffa
     183185.000 ns	     18317	80003fa4	0020a9b3	slt	x19,x1,x2	  x1:0xffffffff  x2:0x00000000 x19=0x00000001
     183215.000 ns	     18320	80003fa8	1004a653	fmul.s	f12,f9,f0	  f9:0xbf7ff7e0  f0:0x7fc00000 f12=0x7fc00000
     183235.000 ns	     18322	80003fac	ad666fb7	lui	x31,0xad666	 x31=0xad666000
     183595.000 ns	     18358	80003fb0	025a76b3	remu	x13,x20,x5	 x20:0x00000019  x5:0x00000001 x13=0x00000000
     183615.000 ns	     18360	80003fb4	40ed8d33	sub	x26,x27,x14	 x27:0x00000010 x14:0x7fffffff x26=0x80000011
     183625.000 ns	     18361	80003fb8	bb681217	auipc	x4,0xbb681	  x4=0x3b684fb8
     183635.000 ns	     18362	80003fbc	00737533	and	x10,x6,x7	  x6:0xfffff9c4  x7:0xffffffff x10=0xfffff9c4
     183655.000 ns	     18364	80003fc0	c0021a53	fcvt.w.s	x20,f4	  f4:0xfffff9c4 x20=0x7fffffff
     183695.000 ns	     18368	80003fc4	1155f153	fmul.s	f2,f11,f21	 f11:0x7fc00000 f21:0x7fc00000  f2=0x7fc00000
     183725.000 ns	     18371	80003fc8	d01bfa53	fcvt.s.wu	f20,x23	 x23:0x00000001 f20=0x3f800000
     183755.000 ns	     18374	80003fcc	03a2beb3	mulhu	x29,x5,x26	  x5:0x00000001 x26:0x80000011 x29=0x00000000
     183775.000 ns	     18376	80003fd0	41835a33	sra	x20,x6,x24	  x6:0xfffff9c4 x24:0x3f6a2000 x20=0xfffff9c4
     183795.000 ns	     18378	80003fd4	c01f7053	fcvt.wu.s	x0,f30	 f30:0x80000000
     183815.000 ns	     18380	80003fd8	78592e93	slti	x29,x18,1925	 x18:0x00000000 x29=0x00000001
     183825.000 ns	     18381	80003fdc	4144deb3	sra	x29,x9,x20	  x9:0xffffffff x20:0xfffff9c4 x29=0xffffffff
     183835.000 ns	     18382	80003fe0	015e8133	add	x2,x29,x21	 x29:0x00000000 x21:0x00000000  x2=0xffffffff
     183845.000 ns	     18383	80003fe4	00c3fd33	and	x26,x7,x12	  x7:0xffffffff x12:0x00000200 x26=0x00000200
     183865.000 ns	     18385	80003fe8	29378dd3	fmin.s	f27,f15,f19	 f15:0x40a00000 f19:0xc40a4000 f27=0xc40a4000
     183885.000 ns	     18387	80003fec	dbf46f93	ori	x31,x8,-577	  x8:0x00000010 x31=0xfffffdbf
     183895.000 ns	     18388	80003ff0	892a0193	addi	x3,x20,-1902	 x20:0xfffff9c4  x3=0xfffff256
     184255.000 ns	     18424	80003ff4	03a04bb3	div	x23,x0,x26	  x0:0x00000000 x26:0x00000200 x23=0x00000000
     184285.000 ns	     18427	80003ff8	0354cfb3	div	x31,x9,x21	  x9:0xffffffff x21:0x00000000 x31=0xffffffff
     184655.000 ns	     18464	80003ffc	03ed6d33	rem	x26,x26,x30	 x26:0x00000200 x30:0x00000005 x26=0x00000002
     184675.000 ns	     18466	80004000	83483e93	sltiu	x29,x16,-1996	 x16:0x00000000 x29=0x00000001
     184685.000 ns	     18467	80004004	00ea1693	slli	x13,x20,0xe	 x20:0xfffff9c4 x13=0xfe710000
     184695.000 ns	     18468	80004008	8838b513	sltiu	x10,x17,-1917	 x17:0x80040fe4 x10=0x00000001
     184705.000 ns	     18469	8000400c	400a5093	srai	x1,x20,0x0	 x20:0xfffff9c4  x1=0xfffff9c4
     185065.000 ns	     18505	80004010	02ef66b3	rem	x13,x30,x14	 x30:0x00000005 x14:0x7fffffff x13=0x00000005
     185095.000 ns	     18508	80004014	d0111a53	fcvt.s.wu	f20,x2	  x2:0xffffffff f20=0x4f7fffff
     185125.000 ns	     18511	80004018	02be8c33	mul	x24,x29,x11	 x29:0x00000001 x11:0x7fffffff x24=0x7fffffff
     185155.000 ns	     18514	8000401c	280f94d3	fmax.s	f9,f31,f0	 f31:0x80000000  f0:0x7fc00000  f9=0x80000000
     185185.000 ns	     18517	80004020	e00b1ad3	fclass.s	x21,f22	 f22:0x80000000 x21=0x00000008
     185205.000 ns	     18519	80004024	4079d793	srai	x15,x19,0x7	 x19:0x00000001 x15=0x00000000
     185215.000 ns	     18520	80004028	00000013	addi	x0,x0,0	  x0:0x00000000
     185235.000 ns	     18522	8000402c	29a514d3	fmax.s	f9,f10,f26	 f10:0x7fc00000 f26:0x3f800000  f9=0x3f800000
     185605.000 ns	     18559	80004030	0275cdb3	div	x27,x11,x7	 x11:0x7fffffff  x7:0xffffffff x27=0x80000001
     185635.000 ns	     18562	80004034	e0009ad3	fclass.s	x21,f1	  f1:0x7fc00000 x21=0x00000200
     185685.000 ns	     18567	80004038	013b0953	fadd.s	f18,f22,f19	 f22:0x80000000 f19:0xc40a4000 f18=0xc40a4000
     185705.000 ns	     18569	8000403c	01228c33	add	x24,x5,x18	  x5:0x00000001 x18:0x00000000 x24=0x00000001
     185715.000 ns	     18570	80004040	85a71317	auipc	x6,0x85a71	  x6=0x05a75040
     185735.000 ns	     18572	80004044	29739f53	fmax.s	f30,f7,f23	  f7:0x00000000 f23:0x7fc00000 f30=0x00000000
     185765.000 ns	     18575	80004048	a1521953	flt.s	x18,f4,f21	  f4:0xfffff9c4 f21:0x7fc00000 x18=0x00000000
     185785.000 ns	     18577	8000404c	374fb393	sltiu	x7,x31,884	 x31:0xffffffff  x7=0x00000000
     185825.000 ns	     18581	80004050	005c1553	fadd.s	f10,f24,f5	 f24:0x80000000  f5:0x7fc00000 f10=0x7fc00000
     185845.000 ns	     18583	80004054	37e97c93	andi	x25,x18,894	 x18:0x00000000 x25=0x00000000
     185865.000 ns	     18585	80004058	f00c8b53	fmv.w.x	f22,x25	 x25:0x00000001 f22=0x00000000
     185885.000 ns	     18587	8000405c	0f0cf913	andi	x18,x25,240	 x25:0x00000001 x18=0x00000000
     185905.000 ns	     18589	80004060	219529d3	fsgnjx.s	f19,f10,f25	 f10:0x7fc00000 f25:0x3f800000 f19=0x7fc00000
     185925.000 ns	     18591	80004064	c4ac7f93	andi	x31,x24,-950	 x24:0x00000001 x31=0x00000000
     185935.000 ns	     18592	80004068	018cc0b3	xor	x1,x25,x24	 x25:0x00000000 x24:0x00000001  x1=0x00000001
     185955.000 ns	     18594	8000406c	29b40753	fmin.s	f14,f8,f27	  f8:0x80000000 f27:0xc40a4000 f14=0xc40a4000
     186325.000 ns	     18631	80004070	0263dab3	divu	x21,x7,x6	  x7:0x00000000  x6:0x05a75040 x21=0x00000000
     186345.000 ns	     18633	80004074	e2baa197	auipc	x3,0xe2baa	  x3=0x62bae074
     186375.000 ns	     18636	80004078	1801fed3	fdiv.s	f29,f3,f0	  f3:0x7fc00000  f0:0x7fc00000 f29=0x7fc00000
     186395.000 ns	     18638	8000407c	00835eb3	srl	x29,x6,x8	  x6:0x05a75040  x8:0x00000010 x29=0x000005a7
     186755.000 ns	     18674	80004080	0290d933	divu	x18,x1,x9	  x1:0x00000001  x9:0xffffffff x18=0x00000000
     186785.000 ns	     18677	80004084	e00416d3	fclass.s	x13,f8	  f8:0x80000000 x13=0x00000008
     186815.000 ns	     18680	80004088	200281d3	fsgnj.s	f3,f5,f0	  f5:0x7fc00000  f0:0x7fc00000  f3=0x7fc00000
     186835.000 ns	     18682	8000408c	002a4633	xor	x12,x20,x2	 x20:0xfffff9c4  x2:0xffffffff x12=0x0000063b
     186855.000 ns	     18684	80004090	d0091ad3	fcvt.s.w	f21,x18	 x18:0x00000000 f21=0x00000000
     187225.000 ns	     18721	80004094	03a8d933	divu	x18,x17,x26	 x17:0x80040fe4 x26:0x00000002 x18=0x400207f2
     187245.000 ns	     18723	80004098	40990d33	sub	x26,x18,x9	 x18:0x00000000  x9:0xffffffff x26=0x400207f3
     187265.000 ns	     18725	8000409c	03e004b3	mul	x9,x0,x30	  x0:0x00000000 x30:0x00000005  x9=0x00000000
     187285.000 ns	     18727	800040a0	01c03233	sltu	x4,x0,x28	  x0:0x00000000 x28:0x80041024  x4=0x00000001
     187305.000 ns	     18729	800040a4	a0f107d3	fle.s	x15,f2,f15	  f2:0x7fc00000 f15:0x40a00000 x15=0x00000000
     187675.000 ns	     18766	800040a8	036a4b33	div	x22,x20,x22	 x20:0xfffff9c4 x22:0xfffffa34 x22=0x00000001
     187725.000 ns	     18771	800040ac	019fc853	fadd.s	f16,f31,f25	 f31:0x80000000 f25:0x3f800000 f16=0x3f800000
     188095.000 ns	     18808	800040b0	03abc933	div	x18,x23,x26	 x23:0x00000000 x26:0x400207f3 x18=0x00000000
     188125.000 ns	     18811	800040b4	280505d3	fmin.s	f11,f10,f0	 f10:0x7fc00000  f0:0x7fc00000 f11=0x7fc00000
     188145.000 ns	     18813	800040b8	d8465e97	auipc	x29,0xd8465	 x29=0x584690b8
     188165.000 ns	     18815	800040bc	f0030dd3	fmv.w.x	f27,x6	  x6:0x05a75040 f27=0x05a75040
     188195.000 ns	     18818	800040c0	e0020fd3	fmv.x.w	x31,f4	  f4:0xfffff9c4 x31=0xfffff9c4
     188225.000 ns	     18821	800040c4	d00cfb53	fcvt.s.w	f22,x25	 x25:0x00000000 f22=0x00000000
     188245.000 ns	     18823	800040c8	e8b0a693	slti	x13,x1,-373	  x1:0x00000001 x13=0x00000000
     188255.000 ns	     18824	800040cc	a1733a13	sltiu	x20,x6,-1513	  x6:0x05a75040 x20=0x00000001
     188265.000 ns	     18825	800040d0	01295fb3	srl	x31,x18,x18	 x18:0x00000000 x18:0x00000000 x31=0x00000000
     188285.000 ns	     18827	800040d4	e0049553	fclass.s	x10,f9	  f9:0x3f800000 x10=0x00000040
     188315.000 ns	     18830	800040d8	20169ed3	fsgnjn.s	f29,f13,f1	 f13:0x7fc00000  f1:0x7fc00000 f29=0xffc00000
     188335.000 ns	     18832	800040dc	47d13e93	sltiu	x29,x2,1149	  x2:0xffffffff x29=0x00000000
     188345.000 ns	     18833	800040e0	04ddb0b7	lui	x1,0x4ddb	  x1=0x04ddb000
     188365.000 ns	     18835	800040e4	f00b8253	fmv.w.x	f4,x23	 x23:0x00000000  f4=0x00000000
     188395.000 ns	     18838	800040e8	03b18cb3	mul	x25,x3,x27	  x3:0x62bae074 x27:0x80000001 x25=0x62bae074
     188765.000 ns	     18875	800040ec	02ac4b33	div	x22,x24,x10	 x24:0x00000001 x10:0x00000040 x22=0x00000000
     188795.000 ns	     18878	800040f0	032755b3	divu	x11,x14,x18	 x14:0x7fffffff x18:0x00000000 x11=0xffffffff
     188825.000 ns	     18881	800040f4	d0197bd3	fcvt.s.wu	f23,x18	 x18:0x00000000 f23=0x00000000
     188855.000 ns	     18884	800040f8	20e51353	fsgnjn.s	f6,f10,f14	 f10:0x7fc00000 f14:0xc40a4000  f6=0x7fc00000
     188885.000 ns	     18887	800040fc	d0017dd3	fcvt.s.w	f27,x2	  x2:0xffffffff f27=0xbf800000
     188905.000 ns	     18889	80004100	f5b5ab93	slti	x23,x11,-165	 x11:0xffffffff x23=0x00000000
     188925.000 ns	     18891	80004104	20640f53	fsgnj.s	f30,f8,f6	  f8:0x80000000  f6:0x7fc00000 f30=0x00000000
     188955.000 ns	     18894	80004108	285f9ed3	fmax.s	f29,f31,f5	 f31:0x80000000  f5:0x7fc00000 f29=0x80000000
     188995.000 ns	     18898	8000410c	19c4fcd3	fdiv.s	f25,f9,f28	  f9:0x3f800000 f28:0x7fc00000 f25=0x7fc00000
     189015.000 ns	     18900	80004110	01782c33	slt	x24,x16,x23	 x16:0x00000000 x23:0x00000000 x24=0x00000000
     189035.000 ns	     18902	80004114	21e88ad3	fsgnj.s	f21,f17,f30	 f17:0xffc00000 f30:0x00000000 f21=0x7fc00000
     189055.000 ns	     18904	80004118	511cc717	auipc	x14,0x511cc	 x14=0xd11d0118
     189065.000 ns	     18905	8000411c	01483833	sltu	x16,x16,x20	 x16:0x00000000 x20:0x00000001 x16=0x00000001
     189085.000 ns	     18907	80004120	200221d3	fsgnjx.s	f3,f4,f0	  f4:0x00000000  f0:0x7fc00000  f3=0x00000000
     189105.000 ns	     18909	80004124	b805a597	auipc	x11,0xb805a	 x11=0x3805e124
     189115.000 ns	     18910	80004128	00d0c833	xor	x16,x1,x13	  x1:0x04ddb000 x13:0x00000000 x16=0x04ddb000
     189135.000 ns	     18912	8000412c	02f86233	rem	x4,x16,x15	 x16:0x00000001 x15:0x00000000  x4=0x04ddb000
     189165.000 ns	     18915	80004130	21880dd3	fsgnj.s	f27,f16,f24	 f16:0x3f800000 f24:0x80000000 f27=0xbf800000
     189185.000 ns	     18917	80004134	00ada2b3	slt	x5,x27,x10	 x27:0x80000001 x10:0x00000040  x5=0x00000001
     189205.000 ns	     18919	80004138	d0191253	fcvt.s.wu	f4,x18	 x18:0x00000000  f4=0x00000000
     189225.000 ns	     18921	8000413c	4003d233	sra	x4,x7,x0	  x7:0x00000000  x0:0x00000000  x4=0x00000000
     189235.000 ns	     18922	80004140	012a9693	slli	x13,x21,0x12	 x21:0x00000000 x13=0x00000000
     189255.000 ns	     18924	80004144	021d07b3	mul	x15,x26,x1	 x26:0x400207f3  x1:0x04ddb000 x15=0x0e3e1000
     189285.000 ns	     18927	80004148	a113a3d3	feq.s	x7,f7,f17	  f7:0x00000000 f17:0xffc00000  x7=0x00000000
     189315.000 ns	     18930	8000414c	a01905d3	fle.s	x11,f18,f1	 f18:0xc40a4000  f1:0x7fc00000 x11=0x00000000
     189345.000 ns	     18933	80004150	c00ef553	fcvt.w.s	x10,f29	 f29:0x80000000 x10=0x00000000
     189375.000 ns	     18936	80004154	28ac0753	fmin.s	f14,f24,f10	 f24:0x80000000 f10:0x7fc00000 f14=0x80000000
     189425.000 ns	     18941	80004158	0970f653	fsub.s	f12,f1,f23	  f1:0x7fc00000 f23:0x00000000 f12=0x7fc00000
     189445.000 ns	     18943	8000415c	0082ac33	slt	x24,x5,x8	  x5:0x00000001  x8:0x00000010 x24=0x00000001
     189465.000 ns	     18945	80004160	0200b033	mulhu	x0,x1,x0	  x1:0x04ddb000  x0:0x00000000
     189505.000 ns	     18949	80004164	580893d3	fsqrt.s	f7,f17	 f17:0xffc00000  f7=0x7fc00000
     189535.000 ns	     18952	80004168	298c1b53	fmax.s	f22,f24,f24	 f24:0x80000000 f24:0x80000000 f22=0x80000000
     189575.000 ns	     18956	8000416c	5801f053	fsqrt.s	f0,f3	  f3:0x00000000  f0=0x00000000
     189595.000 ns	     18958	80004170	000b05b3	add	x11,x22,x0	 x22:0x00000000  x0:0x00000000 x11=0x00000000
     189615.000 ns	     18960	80004174	0294ceb3	div	x29,x9,x9	  x9:0x00000000  x9:0x00000000 x29=0xffffffff
     189645.000 ns	     18963	80004178	03e110b3	mulh	x1,x2,x30	  x2:0xffffffff x30:0x00000005  x1=0xffffffff
     189665.000 ns	     18965	8000417c	00000013	addi	x0,x0,0	  x0:0x00000000
     189685.000 ns	     18967	80004180	a000abd3	feq.s	x23,f1,f0	  f1:0x7fc00000  f0:0x00000000 x23=0x00000000
     189715.000 ns	     18970	80004184	a1e106d3	fle.s	x13,f2,f30	  f2:0x7fc00000 f30:0x00000000 x13=0x00000000
     189745.000 ns	     18973	80004188	a1652fd3	feq.s	x31,f10,f22	 f10:0x7fc00000 f22:0x80000000 x31=0x00000000
     189765.000 ns	     18975	8000418c	0093c733	xor	x14,x7,x9	  x7:0x00000000  x9:0x00000000 x14=0x00000000
     189775.000 ns	     18976	80004190	012491b3	sll	x3,x9,x18	  x9:0x00000000 x18:0x00000000  x3=0x00000000
     189785.000 ns	     18977	80004194	bf82b913	sltiu	x18,x5,-1032	  x5:0x00000001 x18=0x00000001
     189805.000 ns	     18979	80004198	02193833	mulhu	x16,x18,x1	 x18:0x00000000  x1:0xffffffff x16=0x00000000
     190175.000 ns	     19016	8000419c	03af4fb3	div	x31,x30,x26	 x30:0x00000005 x26:0x400207f3 x31=0x00000000
     190195.000 ns	     19018	800041a0	9d268b97	auipc	x23,0x9d268	 x23=0x1d26c1a0
     190205.000 ns	     19019	800041a4	00e8f333	and	x6,x17,x14	 x17:0x80040fe4 x14:0x00000000  x6=0x00000000
     190225.000 ns	     19021	800041a8	c00e0b53	fcvt.w.s	x22,f28	 f28:0x7fc00000 x22=0x7fffffff
     190255.000 ns	     19024	800041ac	025bab33	mulhsu	x22,x23,x5	 x23:0x1d26c1a0  x5:0x00000001 x22=0x00000000
     190285.000 ns	     19027	800041b0	e00f0553	fmv.x.w	x10,f30	 f30:0x00000000 x10=0x00000000
     190315.000 ns	     19030	800041b4	e00692d3	fclass.s	x5,f13	 f13:0x7fc00000  x5=0x00000200
     190335.000 ns	     19032	800041b8	00000013	addi	x0,x0,0	  x0:0x00000000
     190345.000 ns	     19033	800041bc	a11fec93	ori	x25,x31,-1519	 x31:0x00000000 x25=0xfffffa11
     190365.000 ns	     19035	800041c0	e00a9653	fclass.s	x12,f21	 f21:0x7fc00000 x12=0x00000200
     190385.000 ns	     19037	800041c4	00dd5033	srl	x0,x26,x13	 x26:0x400207f3 x13:0x00000000
     190745.000 ns	     19073	800041c8	033ed5b3	divu	x11,x29,x19	 x29:0xffffffff x19:0x00000001 x11=0xffffffff
     190765.000 ns	     19075	800041cc	60f361b7	lui	x3,0x60f36	  x3=0x60f36000
     190795.000 ns	     19078	800041d0	10573cd3	fmul.s	f25,f14,f5	 f14:0x80000000  f5:0x7fc00000 f25=0x7fc00000
     190815.000 ns	     19080	800041d4	00000013	addi	x0,x0,0	  x0:0x00000000
     190835.000 ns	     19082	800041d8	03f75c33	divu	x24,x14,x31	 x14:0x00000000 x31:0x00000000 x24=0xffffffff
     190855.000 ns	     19084	800041dc	016884b3	add	x9,x17,x22	 x17:0x80040fe4 x22:0x00000000  x9=0x80040fe4
     190865.000 ns	     19085	800041e0	40fa5693	srai	x13,x20,0xf	 x20:0x00000001 x13=0x00000000
     190885.000 ns	     19087	800041e4	a01e9bd3	flt.s	x23,f29,f1	 f29:0x80000000  f1:0x7fc00000 x23=0x00000000
     190915.000 ns	     19090	800041e8	d00e4453	fcvt.s.w	f8,x28	 x28:0x80041024  f8=0xcefff7e0
     190955.000 ns	     19094	800041ec	105d7dd3	fmul.s	f27,f26,f5	 f26:0x3f800000  f5:0x7fc00000 f27=0x7fc00000
     190995.000 ns	     19098	800041f0	1121f8d3	fmul.s	f17,f3,f18	  f3:0x00000000 f18:0xc40a4000 f17=0x80000000
     191025.000 ns	     19101	800041f4	03044933	div	x18,x8,x16	  x8:0x00000010 x16:0x00000000 x18=0xffffffff
     191045.000 ns	     19103	800041f8	0154ddb3	srl	x27,x9,x21	  x9:0x80040fe4 x21:0x00000000 x27=0x80040fe4
     191065.000 ns	     19105	800041fc	a0fd2153	feq.s	x2,f26,f15	 f26:0x3f800000 f15:0x40a00000  x2=0x00000000
     191095.000 ns	     19108	80004200	a11a8bd3	fle.s	x23,f21,f17	 f21:0x7fc00000 f17:0x80000000 x23=0x00000000
     191115.000 ns	     19110	80004204	a6f08d13	addi	x26,x1,-1425	  x1:0xffffffff x26=0xfffffa6e
     191125.000 ns	     19111	80004208	41775093	srai	x1,x14,0x17	 x14:0x00000000  x1=0x00000000
     191135.000 ns	     19112	8000420c	4180d913	srai	x18,x1,0x18	  x1:0xffffffff x18=0x00000000
     191145.000 ns	     19113	80004210	01133633	sltu	x12,x6,x17	  x6:0x00000000 x17:0x80040fe4 x12=0x00000001
     191165.000 ns	     19115	80004214	c018a853	fcvt.wu.s	x16,f17	 f17:0x80000000 x16=0x00000000
     191195.000 ns	     19118	80004218	28971ad3	fmax.s	f21,f14,f9	 f14:0x80000000  f9:0x3f800000 f21=0x3f800000
     191225.000 ns	     19121	8000421c	d003bd53	fcvt.s.w	f26,x7	  x7:0x00000000 f26=0x00000000
     191255.000 ns	     19124	80004220	03358533	mul	x10,x11,x19	 x11:0xffffffff x19:0x00000001 x10=0xffffffff
     191305.000 ns	     19129	80004224	08d603d3	fsub.s	f7,f12,f13	 f12:0x7fc00000 f13:0x7fc00000  f7=0x7fc00000
     191335.000 ns	     19132	80004228	a0f22553	feq.s	x10,f4,f15	  f4:0x00000000 f15:0x40a00000 x10=0x00000000
     191355.000 ns	     19134	8000422c	010d0633	add	x12,x26,x16	 x26:0xfffffa6e x16:0x00000000 x12=0xfffffa6e
     191365.000 ns	     19135	80004230	00131fb3	sll	x31,x6,x1	  x6:0x00000000  x1:0x00000000 x31=0x00000000
     191375.000 ns	     19136	80004234	2c0e3693	sltiu	x13,x28,704	 x28:0x80041024 x13=0x00000000
     191385.000 ns	     19137	80004238	01eed593	srli	x11,x29,0x1e	 x29:0xffffffff x11=0x00000003
     191405.000 ns	     19139	8000423c	e0070253	fmv.x.w	x4,f14	 f14:0x80000000  x4=0x80000000
     191435.000 ns	     19142	80004240	02041db3	mulh	x27,x8,x0	  x8:0x00000010  x0:0x00000000 x27=0x00000000
     191455.000 ns	     19144	80004244	00071833	sll	x16,x14,x0	 x14:0x00000000  x0:0x00000000 x16=0x00000000
     191465.000 ns	     19145	80004248	15a22913	slti	x18,x4,346	  x4:0x80000000 x18=0x00000001
     191475.000 ns	     19146	8000424c	6829fb93	andi	x23,x19,1666	 x19:0x00000001 x23=0x00000000
     191485.000 ns	     19147	80004250	006fda33	srl	x20,x31,x6	 x31:0x00000000  x6:0x00000000 x20=0x00000000
     191505.000 ns	     19149	80004254	a0729dd3	flt.s	x27,f5,f7	  f5:0x7fc00000  f7:0x7fc00000 x27=0x00000000
     191535.000 ns	     19152	80004258	203e22d3	fsgnjx.s	f5,f28,f3	 f28:0x7fc00000  f3:0x00000000  f5=0x7fc00000
     191565.000 ns	     19155	8000425c	f00d8ed3	fmv.w.x	f29,x27	 x27:0x00000000 f29=0x00000000
     191615.000 ns	     19160	80004260	08ecfdd3	fsub.s	f27,f25,f14	 f25:0x7fc00000 f14:0x80000000 f27=0x7fc00000
     191635.000 ns	     19162	80004264	007464b3	or	x9,x8,x7	  x8:0x00000010  x7:0x00000000  x9=0x00000010
     191645.000 ns	     19163	80004268	41cf5213	srai	x4,x30,0x1c	 x30:0x00000005  x4=0x00000000
     192005.000 ns	     19199	8000426c	02b2e333	rem	x6,x5,x11	  x5:0x00000200 x11:0x00000003  x6=0x00000002
     192025.000 ns	     19201	80004270	b4b0b493	sltiu	x9,x1,-1205	  x1:0x00000000  x9=0x00000001
     192045.000 ns	     19203	80004274	025139b3	mulhu	x19,x2,x5	  x2:0x00000000  x5:0x00000200 x19=0x00000000
     192065.000 ns	     19205	80004278	0130a333	slt	x6,x1,x19	  x1:0x00000000 x19:0x00000001  x6=0x00000000
     192085.000 ns	     19207	8000427c	03755633	divu	x12,x10,x23	 x10:0x00000000 x23:0x00000000 x12=0xffffffff
     192115.000 ns	     19210	80004280	a07fa653	feq.s	x12,f31,f7	 f31:0x80000000  f7:0x7fc00000 x12=0x00000000
     192145.000 ns	     19213	80004284	29e91f53	fmax.s	f30,f18,f30	 f18:0xc40a4000 f30:0x00000000 f30=0x00000000
     192175.000 ns	     19216	80004288	29c68cd3	fmin.s	f25,f13,f28	 f13:0x7fc00000 f28:0x7fc00000 f25=0x7fc00000
     192205.000 ns	     19219	8000428c	285b97d3	fmax.s	f15,f23,f5	 f23:0x00000000  f5:0x7fc00000 f15=0x00000000
     192235.000 ns	     19222	80004290	022232b3	mulhu	x5,x4,x2	  x4:0x00000000  x2:0x00000000  x5=0x00000000
     192265.000 ns	     19225	80004294	29c905d3	fmin.s	f11,f18,f28	 f18:0xc40a4000 f28:0x7fc00000 f11=0xc40a4000
     192635.000 ns	     19262	80004298	03da63b3	rem	x7,x20,x29	 x20:0x00000000 x29:0xffffffff  x7=0x00000000
     192675.000 ns	     19266	8000429c	18f37d53	fdiv.s	f26,f6,f15	  f6:0x7fc00000 f15:0x00000000 f26=0x7fc00000
     192705.000 ns	     19269	800042a0	0242bd33	mulhu	x26,x5,x4	  x5:0x00000000  x4:0x00000000 x26=0x00000000
     192725.000 ns	     19271	800042a4	d5decd17	auipc	x26,0xd5dec	 x26=0x55df02a4
     192745.000 ns	     19273	800042a8	035bdcb3	divu	x25,x23,x21	 x23:0x00000000 x21:0x00000000 x25=0xffffffff
     192775.000 ns	     19276	800042ac	21b19553	fsgnjn.s	f10,f3,f27	  f3:0x00000000 f27:0x7fc00000 f10=0x80000000
     192805.000 ns	     19279	800042b0	0353a233	mulhsu	x4,x7,x21	  x7:0x00000000 x21:0x00000000  x4=0x00000000
     192835.000 ns	     19282	800042b4	036b07b3	mul	x15,x22,x22	 x22:0x00000000 x22:0x00000000 x15=0x00000000
     192855.000 ns	     19284	800042b8	00f21eb3	sll	x29,x4,x15	  x4:0x00000000 x15:0x0e3e1000 x29=0x00000000
     192875.000 ns	     19286	800042bc	0360b5b3	mulhu	x11,x1,x22	  x1:0x00000000 x22:0x00000000 x11=0x00000000
     192895.000 ns	     19288	800042c0	a459fbb7	lui	x23,0xa459f	 x23=0xa459f000
     192915.000 ns	     19290	800042c4	0273cd33	div	x26,x7,x7	  x7:0x00000000  x7:0x00000000 x26=0xffffffff
     192945.000 ns	     19293	800042c8	c00d7fd3	fcvt.w.s	x31,f26	 f26:0x7fc00000 x31=0x7fffffff
     192965.000 ns	     19295	800042cc	0191ccb3	xor	x25,x3,x25	  x3:0x60f36000 x25:0xffffffff x25=0x9f0c9fff
     192975.000 ns	     19296	800042d0	aea64617	auipc	x12,0xaea64	 x12=0x2ea682d0
     192985.000 ns	     19297	800042d4	11aaab93	slti	x23,x21,282	 x21:0x00000000 x23=0x00000001
     193015.000 ns	     19300	800042d8	19bcb453	fdiv.s	f8,f25,f27	 f25:0x7fc00000 f27:0x7fc00000  f8=0x7fc00000
     193035.000 ns	     19302	800042dc	29538e93	addi	x29,x7,661	  x7:0x00000000 x29=0x00000295
     193055.000 ns	     19304	800042e0	02bf8633	mul	x12,x31,x11	 x31:0x7fffffff x11:0x00000000 x12=0x00000000
     193075.000 ns	     19306	800042e4	01be01b3	add	x3,x28,x27	 x28:0x80041024 x27:0x00000000  x3=0x80041024
     193095.000 ns	     19308	800042e8	f00a84d3	fmv.w.x	f9,x21	 x21:0x00000000  f9=0x00000000
     193125.000 ns	     19311	800042ec	02823c33	mulhu	x24,x4,x8	  x4:0x00000000  x8:0x00000010 x24=0x00000000
     193155.000 ns	     19314	800042f0	21610ad3	fsgnj.s	f21,f2,f22	  f2:0x7fc00000 f22:0x80000000 f21=0xffc00000
     193175.000 ns	     19316	800042f4	41c9d0b3	sra	x1,x19,x28	 x19:0x00000000 x28:0x80041024  x1=0x00000000
     193195.000 ns	     19318	800042f8	03890b33	mul	x22,x18,x24	 x18:0x00000001 x24:0x00000000 x22=0x00000000
     193215.000 ns	     19320	800042fc	1e758293	addi	x5,x11,487	 x11:0x00000000  x5=0x000001e7
     193235.000 ns	     19322	80004300	e0041553	fclass.s	x10,f8	  f8:0x7fc00000 x10=0x00000200
     193255.000 ns	     19324	80004304	01f42133	slt	x2,x8,x31	  x8:0x00000010 x31:0x7fffffff  x2=0x00000001
     193275.000 ns	     19326	80004308	c015f0d3	fcvt.wu.s	x1,f11	 f11:0xc40a4000  x1=0x00000229
     193305.000 ns	     19329	8000430c	28170ed3	fmin.s	f29,f14,f1	 f14:0x80000000  f1:0x7fc00000 f29=0x80000000
     193335.000 ns	     19332	80004310	d002f353	fcvt.s.w	f6,x5	  x5:0x000001e7  f6=0x43f38000
     193365.000 ns	     19335	80004314	20c986d3	fsgnj.s	f13,f19,f12	 f19:0x7fc00000 f12:0x7fc00000 f13=0x7fc00000
     193385.000 ns	     19337	80004318	01072133	slt	x2,x14,x16	 x14:0x00000000 x16:0x00000000  x2=0x00000000
     193405.000 ns	     19339	8000431c	02f75333	divu	x6,x14,x15	 x14:0x00000000 x15:0x00000000  x6=0xffffffff
     193435.000 ns	     19342	80004320	e00f00d3	fmv.x.w	x1,f30	 f30:0x00000000  x1=0x00000000
     193455.000 ns	     19344	80004324	01b09913	slli	x18,x1,0x1b	  x1:0x00000229 x18=0x00000000
     193465.000 ns	     19345	80004328	5ca54513	xori	x10,x10,1482	 x10:0x00000200 x10=0x000007ca
     193485.000 ns	     19347	8000432c	c004f453	fcvt.w.s	x8,f9	  f9:0x00000000  x8=0x00000000
     193505.000 ns	     19349	80004330	74277eb7	lui	x29,0x74277	 x29=0x74277000
     193525.000 ns	     19351	80004334	213306d3	fsgnj.s	f13,f6,f19	  f6:0x43f38000 f19:0x7fc00000 f13=0x43f38000
     193555.000 ns	     19354	80004338	03660933	mul	x18,x12,x22	 x12:0x00000000 x22:0x00000000 x18=0x00000000
     193585.000 ns	     19357	8000433c	0371bfb3	mulhu	x31,x3,x23	  x3:0x80041024 x23:0x00000001 x31=0x00000000
     193615.000 ns	     19360	80004340	e0061dd3	fclass.s	x27,f12	 f12:0x7fc00000 x27=0x00000200
     193635.000 ns	     19362	80004344	401e5213	srai	x4,x28,0x1	 x28:0x80041024  x4=0xc0020812
     193645.000 ns	     19363	80004348	008f8cb3	add	x25,x31,x8	 x31:0x00000000  x8:0x00000000 x25=0x00000000
     193665.000 ns	     19365	8000434c	0398bfb3	mulhu	x31,x17,x25	 x17:0x80040fe4 x25:0x9f0c9fff x31=0x00000000
     193685.000 ns	     19367	80004350	d7d90a13	addi	x20,x18,-643	 x18:0x00000000 x20=0xfffffd7d
     193705.000 ns	     19369	80004354	d01c74d3	fcvt.s.wu	f9,x24	 x24:0x00000000  f9=0x00000000
     193725.000 ns	     19371	80004358	00557b33	and	x22,x10,x5	 x10:0x000007ca  x5:0x000001e7 x22=0x000001c2
     193745.000 ns	     19373	8000435c	c01906d3	fcvt.wu.s	x13,f18	 f18:0xc40a4000 x13=0x00000229
     193795.000 ns	     19378	80004360	09c3c153	fsub.s	f2,f7,f28	  f7:0x7fc00000 f28:0x7fc00000  f2=0x7fc00000
     193825.000 ns	     19381	80004364	03508fb3	mul	x31,x1,x21	  x1:0x00000000 x21:0x00000000 x31=0x00000000
     193855.000 ns	     19384	80004368	f00109d3	fmv.w.x	f19,x2	  x2:0x00000000 f19=0x00000000
     193885.000 ns	     19387	8000436c	026199b3	mulh	x19,x3,x6	  x3:0x80041024  x6:0xffffffff x19=0x00000000
     193915.000 ns	     19390	80004370	03121a33	mulh	x20,x4,x17	  x4:0xc0020812 x17:0x80040fe4 x20=0x1ffdf806
     193945.000 ns	     19393	80004374	02177a33	remu	x20,x14,x1	 x14:0x00000000  x1:0x00000000 x20=0x00000000
     193975.000 ns	     19396	80004378	d006fbd3	fcvt.s.w	f23,x13	 x13:0x00000229 f23=0x440a4000
     193995.000 ns	     19398	8000437c	013cccb3	xor	x25,x25,x19	 x25:0x00000000 x19:0x00000000 x25=0x00000000
     194005.000 ns	     19399	80004380	0062b9b3	sltu	x19,x5,x6	  x5:0x000001e7  x6:0xffffffff x19=0x00000001
     194025.000 ns	     19401	80004384	023fb0b3	mulhu	x1,x31,x3	 x31:0x00000000  x3:0x80041024  x1=0x00000000
     194045.000 ns	     19403	80004388	01498933	add	x18,x19,x20	 x19:0x00000000 x20:0x00000000 x18=0x00000001
     194065.000 ns	     19405	8000438c	20d51053	fsgnjn.s	f0,f10,f13	 f10:0x80000000 f13:0x43f38000  f0=0x80000000
     194085.000 ns	     19407	80004390	00c45593	srli	x11,x8,0xc	  x8:0x00000000 x11=0x00000000
     194105.000 ns	     19409	80004394	289385d3	fmin.s	f11,f7,f9	  f7:0x7fc00000  f9:0x00000000 f11=0x00000000
     194125.000 ns	     19411	80004398	6a05c513	xori	x10,x11,1696	 x11:0x00000000 x10=0x000006a0
     194145.000 ns	     19413	8000439c	a0c8ac53	feq.s	x24,f17,f12	 f17:0x80000000 f12:0x7fc00000 x24=0x00000000
     194175.000 ns	     19416	800043a0	d0137353	fcvt.s.wu	f6,x6	  x6:0xffffffff  f6=0x4f7fffff
     194195.000 ns	     19418	800043a4	27906613	ori	x12,x0,633	  x0:0x00000000 x12=0x00000279
     194215.000 ns	     19420	800043a8	02e63233	mulhu	x4,x12,x14	 x12:0x00000000 x14:0x00000000  x4=0x00000000
     194245.000 ns	     19423	800043ac	031a2ab3	mulhsu	x21,x20,x17	 x20:0x00000000 x17:0x80040fe4 x21=0x00000000
     194265.000 ns	     19425	800043b0	74714413	xori	x8,x2,1863	  x2:0x00000000  x8=0x00000747
     194285.000 ns	     19427	800043b4	28af9853	fmax.s	f16,f31,f10	 f31:0x80000000 f10:0x80000000 f16=0x80000000
     194315.000 ns	     19430	800043b8	a1ed8453	fle.s	x8,f27,f30	 f27:0x7fc00000 f30:0x00000000  x8=0x00000000
     194335.000 ns	     19432	800043bc	00e1c1b3	xor	x3,x3,x14	  x3:0x80041024 x14:0x00000000  x3=0x80041024
     194695.000 ns	     19468	800043c0	03cfd733	divu	x14,x31,x28	 x31:0x00000000 x28:0x80041024 x14=0x00000000
     194725.000 ns	     19471	800043c4	e0028253	fmv.x.w	x4,f5	  f5:0x7fc00000  x4=0x7fc00000
     194755.000 ns	     19474	800043c8	02ba52b3	divu	x5,x20,x11	 x20:0x00000000 x11:0x00000000  x5=0xffffffff
     194775.000 ns	     19476	800043cc	01c77d33	and	x26,x14,x28	 x14:0x00000000 x28:0x80041024 x26=0x00000000
     194795.000 ns	     19478	800043d0	e00917d3	fclass.s	x15,f18	 f18:0xc40a4000 x15=0x00000002
     194825.000 ns	     19481	800043d4	201a8853	fsgnj.s	f16,f21,f1	 f21:0xffc00000  f1:0x7fc00000 f16=0x7fc00000
     194845.000 ns	     19483	800043d8	c4dd8e93	addi	x29,x27,-947	 x27:0x00000200 x29=0xfffffe4d
     194865.000 ns	     19485	800043dc	20db1453	fsgnjn.s	f8,f22,f13	 f22:0x80000000 f13:0x43f38000  f8=0x80000000
     194885.000 ns	     19487	800043e0	40e05933	sra	x18,x0,x14	  x0:0x00000000 x14:0x00000000 x18=0x00000000
     194925.000 ns	     19491	800043e4	094823d3	fsub.s	f7,f16,f20	 f16:0x7fc00000 f20:0x4f7fffff  f7=0x7fc00000
     194955.000 ns	     19494	800043e8	a1b10a53	fle.s	x20,f2,f27	  f2:0x7fc00000 f27:0x7fc00000 x20=0x00000000
     194975.000 ns	     19496	800043ec	418a50b3	sra	x1,x20,x24	 x20:0x00000000 x24:0x00000000  x1=0x00000000
     194985.000 ns	     19497	800043f0	fea2f817	auipc	x16,0xfea2f	 x16=0x7ea333f0
     195005.000 ns	     19499	800043f4	c0047ed3	fcvt.w.s	x29,f8	  f8:0x80000000 x29=0x00000000
     195035.000 ns	     19502	800043f8	028e8d33	mul	x26,x29,x8	 x29:0xfffffe4d  x8:0x00000000 x26=0x00000000
     195075.000 ns	     19506	800043fc	19d6b3d3	fdiv.s	f7,f13,f29	 f13:0x43f38000 f29:0x80000000  f7=0xff800000
     195105.000 ns	     19509	80004400	200617d3	fsgnjn.s	f15,f12,f0	 f12:0x7fc00000  f0:0x80000000 f15=0x7fc00000
     195125.000 ns	     19511	80004404	00cdc933	xor	x18,x27,x12	 x27:0x00000200 x12:0x00000279 x18=0x00000079
     195145.000 ns	     19513	80004408	28268453	fmin.s	f8,f13,f2	 f13:0x43f38000  f2:0x7fc00000  f8=0x43f38000
     195515.000 ns	     19550	8000440c	03ccca33	div	x20,x25,x28	 x25:0x00000000 x28:0x80041024 x20=0x00000000
     195535.000 ns	     19552	80004410	016cdc13	srli	x24,x25,0x16	 x25:0x00000000 x24=0x00000000
     195545.000 ns	     19553	80004414	8b20ca37	lui	x20,0x8b20c	 x20=0x8b20c000
     195555.000 ns	     19554	80004418	00000013	addi	x0,x0,0	  x0:0x00000000
     195575.000 ns	     19556	8000441c	21498f53	fsgnj.s	f30,f19,f20	 f19:0x00000000 f20:0x4f7fffff f30=0x00000000
     195595.000 ns	     19558	80004420	0151e6b3	or	x13,x3,x21	  x3:0x80041024 x21:0x00000000 x13=0x80041024
     195955.000 ns	     19594	80004424	023e7433	remu	x8,x28,x3	 x28:0x80041024  x3:0x80041024  x8=0x00000000
     195995.000 ns	     19598	80004428	580e0153	fsqrt.s	f2,f28	 f28:0x7fc00000  f2=0x7fc00000
     196025.000 ns	     19601	8000442c	030e1ab3	mulh	x21,x28,x16	 x28:0x80041024 x16:0x7ea333f0 x21=0xc0b06890
     196395.000 ns	     19638	80004430	0253fbb3	remu	x23,x7,x5	  x7:0x00000000  x5:0xffffffff x23=0x00000000
     196415.000 ns	     19640	80004434	40770fb3	sub	x31,x14,x7	 x14:0x00000000  x7:0x00000000 x31=0x00000000
     196775.000 ns	     19676	80004438	031f7133	remu	x2,x30,x17	 x30:0x00000005 x17:0x80040fe4  x2=0x00000005
     196795.000 ns	     19678	8000443c	ed72cd13	xori	x26,x5,-297	  x5:0xffffffff x26=0x00000128
     196815.000 ns	     19680	80004440	20bf8d53	fsgnj.s	f26,f31,f11	 f31:0x80000000 f11:0x00000000 f26=0x00000000
     196845.000 ns	     19683	80004444	c014fdd3	fcvt.wu.s	x27,f9	  f9:0x00000000 x27=0x00000000
     196865.000 ns	     19685	80004448	8693ca97	auipc	x21,0x8693c	 x21=0x06940448
     196875.000 ns	     19686	8000444c	008f2733	slt	x14,x30,x8	 x30:0x00000005  x8:0x00000000 x14=0x00000000
     196895.000 ns	     19688	80004450	036a9133	mulh	x2,x21,x22	 x21:0xc0b06890 x22:0x000001c2  x2=0x0000000b
     196925.000 ns	     19691	80004454	c0147753	fcvt.wu.s	x14,f8	  f8:0x43f38000 x14=0x000001e7
     196945.000 ns	     19693	80004458	00091513	slli	x10,x18,0x0	 x18:0x00000079 x10=0x00000079
     196955.000 ns	     19694	8000445c	90938613	addi	x12,x7,-1783	  x7:0x00000000 x12=0xfffff909
     196975.000 ns	     19696	80004460	d0022f53	fcvt.s.w	f30,x4	  x4:0x7fc00000 f30=0x4eff8000
     197005.000 ns	     19699	80004464	d00471d3	fcvt.s.w	f3,x8	  x8:0x00000000  f3=0x00000000
     197025.000 ns	     19701	80004468	50ac4593	xori	x11,x24,1290	 x24:0x00000000 x11=0x0000050a
     197045.000 ns	     19703	8000446c	e00112d3	fclass.s	x5,f2	  f2:0x7fc00000  x5=0x00000200
     197065.000 ns	     19705	80004470	00b25633	srl	x12,x4,x11	  x4:0x7fc00000 x11:0x00000000 x12=0x001ff000
     197075.000 ns	     19706	80004474	00631293	slli	x5,x6,0x6	  x6:0xffffffff  x5=0xffffffc0
     197095.000 ns	     19708	80004478	039195b3	mulh	x11,x3,x25	  x3:0x80041024 x25:0x00000000 x11=0x00000000
     197135.000 ns	     19712	8000447c	18e7f953	fdiv.s	f18,f15,f14	 f15:0x7fc00000 f14:0x80000000 f18=0x7fc00000
     197165.000 ns	     19715	80004480	e0078dd3	fmv.x.w	x27,f15	 f15:0x7fc00000 x27=0x7fc00000
     197185.000 ns	     19717	80004484	ca0a3b93	sltiu	x23,x20,-864	 x20:0x8b20c000 x23=0x00000001
     197205.000 ns	     19719	80004488	c00afa53	fcvt.w.s	x20,f21	 f21:0xffc00000 x20=0x7fffffff
     197235.000 ns	     19722	8000448c	20219dd3	fsgnjn.s	f27,f3,f2	  f3:0x00000000  f2:0x7fc00000 f27=0x80000000
     197265.000 ns	     19725	80004490	03f46ab3	rem	x21,x8,x31	  x8:0x00000000 x31:0x00000000 x21=0x00000000
     197285.000 ns	     19727	80004494	00229fb3	sll	x31,x5,x2	  x5:0xffffffc0  x2:0x0000000b x31=0xfffe0000
     197305.000 ns	     19729	80004498	c009b0d3	fcvt.w.s	x1,f19	 f19:0x00000000  x1=0x00000000
     197335.000 ns	     19732	8000449c	02f88eb3	mul	x29,x17,x15	 x17:0x80040fe4 x15:0x00000002 x29=0x00081fc8
     197355.000 ns	     19734	800044a0	49bbdd37	lui	x26,0x49bbd	 x26=0x49bbd000
     197365.000 ns	     19735	800044a4	01a61f93	slli	x31,x12,0x1a	 x12:0x001ff000 x31=0x00000000
     197385.000 ns	     19737	800044a8	20ad1753	fsgnjn.s	f14,f26,f10	 f26:0x00000000 f10:0x80000000 f14=0x00000000
     197415.000 ns	     19740	800044ac	21360653	fsgnj.s	f12,f12,f19	 f12:0x7fc00000 f19:0x00000000 f12=0x7fc00000
     197435.000 ns	     19742	800044b0	015b5d93	srli	x27,x22,0x15	 x22:0x000001c2 x27=0x00000000
     197475.000 ns	     19746	800044b4	01baff53	fadd.s	f30,f21,f27	 f21:0xffc00000 f27:0x80000000 f30=0x7fc00000
     197495.000 ns	     19748	800044b8	f7dc6d17	auipc	x26,0xf7dc6	 x26=0x77dca4b8
     197515.000 ns	     19750	800044bc	a1731253	flt.s	x4,f6,f23	  f6:0x4f7fffff f23:0x440a4000  x4=0x00000000
     197535.000 ns	     19752	800044c0	011182b3	add	x5,x3,x17	  x3:0x80041024 x17:0x80040fe4  x5=0x00082008
     197545.000 ns	     19753	800044c4	18832093	slti	x1,x6,392	  x6:0xffffffff  x1=0x00000001
     197565.000 ns	     19755	800044c8	03519733	mulh	x14,x3,x21	  x3:0x80041024 x21:0x00000000 x14=0x00000000
     197935.000 ns	     19792	800044cc	03d66133	rem	x2,x12,x29	 x12:0x001ff000 x29:0x00081fc8  x2=0x000790a8
     197975.000 ns	     19796	800044d0	1103f3d3	fmul.s	f7,f7,f16	  f7:0xff800000 f16:0x7fc00000  f7=0x7fc00000
     197995.000 ns	     19798	800044d4	ca898513	addi	x10,x19,-856	 x19:0x00000001 x10=0xfffffca9
     198015.000 ns	     19800	800044d8	21eb9053	fsgnjn.s	f0,f23,f30	 f23:0x440a4000 f30:0x7fc00000  f0=0xc40a4000
     198045.000 ns	     19803	800044dc	02f69d33	mulh	x26,x13,x15	 x13:0x80041024 x15:0x00000002 x26=0xffffffff
     198075.000 ns	     19806	800044e0	29830d53	fmin.s	f26,f6,f24	  f6:0x4f7fffff f24:0x80000000 f26=0x80000000
     198105.000 ns	     19809	800044e4	024ae933	rem	x18,x21,x4	 x21:0x00000000  x4:0x00000000 x18=0x00000000
     198155.000 ns	     19814	800044e8	0837b5d3	fsub.s	f11,f15,f3	 f15:0x7fc00000  f3:0x00000000 f11=0x7fc00000
     198175.000 ns	     19816	800044ec	4f178d93	addi	x27,x15,1265	 x15:0x00000002 x27=0x000004f3
     198185.000 ns	     19817	800044f0	01afcc33	xor	x24,x31,x26	 x31:0x00000000 x26:0xffffffff x24=0xffffffff
     198195.000 ns	     19818	800044f4	41630db3	sub	x27,x6,x22	  x6:0xffffffff x22:0x000001c2 x27=0xfffffe3d
     198235.000 ns	     19822	800044f8	00c67cd3	fadd.s	f25,f12,f12	 f12:0x7fc00000 f12:0x7fc00000 f25=0x7fc00000
     198275.000 ns	     19826	800044fc	11dca753	fmul.s	f14,f25,f29	 f25:0x7fc00000 f29:0x80000000 f14=0x7fc00000
     198325.000 ns	     19831	80004500	08871e53	fsub.s	f28,f14,f8	 f14:0x00000000  f8:0x43f38000 f28=0x7fc00000
     198355.000 ns	     19834	80004504	028a1ab3	mulh	x21,x20,x8	 x20:0x7fffffff  x8:0x00000000 x21=0x00000000
     198385.000 ns	     19837	80004508	d011fdd3	fcvt.s.wu	f27,x3	  x3:0x80041024 f27=0x4f000410
     198405.000 ns	     19839	8000450c	91062713	slti	x14,x12,-1776	 x12:0x001ff000 x14=0x00000000
     198415.000 ns	     19840	80004510	00db11b3	sll	x3,x22,x13	 x22:0x000001c2 x13:0x80041024  x3=0x00001c20
     198425.000 ns	     19841	80004514	010180b3	add	x1,x3,x16	  x3:0x80041024 x16:0x7ea333f0  x1=0x7ea35010
     198445.000 ns	     19843	80004518	29768dd3	fmin.s	f27,f13,f23	 f13:0x43f38000 f23:0x440a4000 f27=0x43f38000
     198465.000 ns	     19845	8000451c	00a3e833	or	x16,x7,x10	  x7:0x00000000 x10:0xfffffca9 x16=0xfffffca9
     198485.000 ns	     19847	80004520	286d9453	fmax.s	f8,f27,f6	 f27:0x43f38000  f6:0x4f7fffff  f8=0x4f7fffff
     198505.000 ns	     19849	80004524	19d08193	addi	x3,x1,413	  x1:0x7ea35010  x3=0x7ea351ad
     198545.000 ns	     19853	80004528	008bfcd3	fadd.s	f25,f23,f8	 f23:0x440a4000  f8:0x4f7fffff f25=0x4f800000
     198565.000 ns	     19855	8000452c	b56a6413	ori	x8,x20,-1194	 x20:0x7fffffff  x8=0xffffffff
     198585.000 ns	     19857	80004530	29fb10d3	fmax.s	f1,f22,f31	 f22:0x80000000 f31:0x80000000  f1=0x80000000
     198605.000 ns	     19859	80004534	099f3737	lui	x14,0x99f3	 x14=0x099f3000
     198625.000 ns	     19861	80004538	039a6933	rem	x18,x20,x25	 x20:0x7fffffff x25:0x00000000 x18=0x7fffffff
     198645.000 ns	     19863	8000453c	00d702b3	add	x5,x14,x13	 x14:0x00000000 x13:0x80041024  x5=0x89a34024
     198655.000 ns	     19864	80004540	003f40b3	xor	x1,x30,x3	 x30:0x00000005  x3:0x7ea351ad  x1=0x7ea351a8
     198665.000 ns	     19865	80004544	ccffae93	slti	x29,x31,-817	 x31:0x00000000 x29=0x00000000
     198675.000 ns	     19866	80004548	79224493	xori	x9,x4,1938	  x4:0x00000000  x9=0x00000792
     198695.000 ns	     19868	8000454c	02751eb3	mulh	x29,x10,x7	 x10:0xfffffca9  x7:0x00000000 x29=0x00000000
     199875.000 ns	     19986	80004550	580cf753	fsqrt.s	f14,f25	 f25:0x4f800000 f14=0x477fffae
     199895.000 ns	     19988	80004554	40425813	srai	x16,x4,0x4	  x4:0x00000000 x16=0x00000000
     199915.000 ns	     19990	80004558	a0518b53	fle.s	x22,f3,f5	  f3:0x00000000  f5:0x7fc00000 x22=0x00000000
     199935.000 ns	     19992	8000455c	98557493	andi	x9,x10,-1659	 x10:0xfffffca9  x9=0xfffff881
     199965.000 ns	     19995	80004560	114682d3	fmul.s	f5,f13,f20	 f13:0x43f38000 f20:0x4f7fffff  f5=0x53f37fff
     199995.000 ns	     19998	80004564	c004bcd3	fcvt.w.s	x25,f9	  f9:0x00000000 x25=0x00000000
     200015.000 ns	     20000	80004568	01551233	sll	x4,x10,x21	 x10:0xfffffca9 x21:0x00000000  x4=0xfffffca9
     200055.000 ns	     20004	8000456c	0853f353	fsub.s	f6,f7,f5	  f7:0x7fc00000  f5:0x53f37fff  f6=0x7fc00000
     200075.000 ns	     20006	80004570	cd0be293	ori	x5,x23,-816	 x23:0x00000001  x5=0xfffffcd1
     200085.000 ns	     20007	80004574	0013b033	sltu	x0,x7,x1	  x7:0x00000000  x1:0x7ea351a8
     200095.000 ns	     20008	80004578	40975133	sra	x2,x14,x9	 x14:0x099f3000  x9:0xfffff881  x2=0x04cf9800
     200115.000 ns	     20010	8000457c	c013f953	fcvt.wu.s	x18,f7	  f7:0x7fc00000 x18=0xffffffff
     200135.000 ns	     20012	80004580	c5d0ae93	slti	x29,x1,-931	  x1:0x7ea351a8 x29=0x00000000
     200495.000 ns	     20048	80004584	037be1b3	rem	x3,x23,x23	 x23:0x00000001 x23:0x00000001  x3=0x00000000
     200525.000 ns	     20051	80004588	a1689153	flt.s	x2,f17,f22	 f17:0x80000000 f22:0x80000000  x2=0x00000000
     200555.000 ns	     20054	8000458c	d01a07d3	fcvt.s.wu	f15,x20	 x20:0x7fffffff f15=0x4f000000
     200585.000 ns	     20057	80004590	02e98db3	mul	x27,x19,x14	 x19:0x00000001 x14:0x099f3000 x27=0x099f3000
     200615.000 ns	     20060	80004594	d00b9253	fcvt.s.w	f4,x23	 x23:0x00000001  f4=0x3f800000
     200635.000 ns	     20062	80004598	e518e913	ori	x18,x17,-431	 x17:0x80040fe4 x18=0xfffffff5
     200655.000 ns	     20064	8000459c	a0bf2fd3	feq.s	x31,f30,f11	 f30:0x7fc00000 f11:0x7fc00000 x31=0x00000000
     200685.000 ns	     20067	800045a0	02c5bb33	mulhu	x22,x11,x12	 x11:0x00000000 x12:0x001ff000 x22=0x00000000
     200715.000 ns	     20070	800045a4	d00b3c53	fcvt.s.w	f24,x22	 x22:0x00000000 f24=0x00000000
     200735.000 ns	     20072	800045a8	014e1d13	slli	x26,x28,0x14	 x28:0x80041024 x26=0x02400000
     200745.000 ns	     20073	800045ac	5ecf6713	ori	x14,x30,1516	 x30:0x00000005 x14=0x000005ed
     200755.000 ns	     20074	800045b0	0035c3b3	xor	x7,x11,x3	 x11:0x00000000  x3:0x00000000  x7=0x00000000
     201115.000 ns	     20110	800045b4	03114db3	div	x27,x2,x17	  x2:0x00000000 x17:0x80040fe4 x27=0x00000000
     201145.000 ns	     20113	800045b8	a0ee8ed3	fle.s	x29,f29,f14	 f29:0x80000000 f14:0x477fffae x29=0x00000001
     201165.000 ns	     20115	800045bc	019451b3	srl	x3,x8,x25	  x8:0xffffffff x25:0x00000000  x3=0xffffffff
     201185.000 ns	     20117	800045c0	0224e933	rem	x18,x9,x2	  x9:0xfffff881  x2:0x00000000 x18=0xfffff881
     201215.000 ns	     20120	800045c4	02432cb3	mulhsu	x25,x6,x4	  x6:0xffffffff  x4:0xfffffca9 x25=0xffffffff
     201235.000 ns	     20122	800045c8	1bc74db7	lui	x27,0x1bc74	 x27=0x1bc74000
     201245.000 ns	     20123	800045cc	416b0433	sub	x8,x22,x22	 x22:0x00000000 x22:0x00000000  x8=0x00000000
     201255.000 ns	     20124	800045d0	0108a933	slt	x18,x17,x16	 x17:0x80040fe4 x16:0x00000000 x18=0x00000001
     201265.000 ns	     20125	800045d4	00000013	addi	x0,x0,0	  x0:0x00000000
     201275.000 ns	     20126	800045d8	4092d3b3	sra	x7,x5,x9	  x5:0xfffffcd1  x9:0xfffff881  x7=0xfffffe68
     201295.000 ns	     20128	800045dc	c0188953	fcvt.wu.s	x18,f17	 f17:0x80000000 x18=0x00000000
     201315.000 ns	     20130	800045e0	00044333	xor	x6,x8,x0	  x8:0x00000000  x0:0x00000000  x6=0x00000000
     201325.000 ns	     20131	800045e4	409a8bb3	sub	x23,x21,x9	 x21:0x00000000  x9:0xfffff881 x23=0x0000077f
     201685.000 ns	     20167	800045e8	03af5233	divu	x4,x30,x26	 x30:0x00000005 x26:0x02400000  x4=0x00000000
     201715.000 ns	     20170	800045ec	a12e1fd3	flt.s	x31,f28,f18	 f28:0x7fc00000 f18:0x7fc00000 x31=0x00000000
     201735.000 ns	     20172	800045f0	f48db093	sltiu	x1,x27,-184	 x27:0x1bc74000  x1=0x00000001
     201755.000 ns	     20174	800045f4	21168e53	fsgnj.s	f28,f13,f17	 f13:0x43f38000 f17:0x80000000 f28=0xc3f38000
     201785.000 ns	     20177	800045f8	02025733	divu	x14,x4,x0	  x4:0x00000000  x0:0x00000000 x14=0xffffffff
     201815.000 ns	     20180	800045fc	c0039b53	fcvt.w.s	x22,f7	  f7:0x7fc00000 x22=0x7fffffff
     202185.000 ns	     20217	80004600	02c9c233	div	x4,x19,x12	 x19:0x00000001 x12:0x001ff000  x4=0x00000000
     202205.000 ns	     20219	80004604	228fb013	sltiu	x0,x31,552	 x31:0x00000000
     202565.000 ns	     20255	80004608	02efceb3	div	x29,x31,x14	 x31:0x00000000 x14:0xffffffff x29=0x00000000
     202605.000 ns	     20259	8000460c	58084e53	fsqrt.s	f28,f16	 f16:0x7fc00000 f28=0x7fc00000
     202655.000 ns	     20264	80004610	0809bed3	fsub.s	f29,f19,f0	 f19:0x00000000  f0:0xc40a4000 f29=0x440a4000
     202685.000 ns	     20267	80004614	29399dd3	fmax.s	f27,f19,f19	 f19:0x00000000 f19:0x00000000 f27=0x00000000
     202705.000 ns	     20269	80004618	41f98a33	sub	x20,x19,x31	 x19:0x00000001 x31:0x00000000 x20=0x00000001
     202725.000 ns	     20271	8000461c	024e7a33	remu	x20,x28,x4	 x28:0x80041024  x4:0x00000000 x20=0x80041024
     202755.000 ns	     20274	80004620	286999d3	fmax.s	f19,f19,f6	 f19:0x00000000  f6:0x7fc00000 f19=0x00000000
     202785.000 ns	     20277	80004624	a01a1a53	flt.s	x20,f20,f1	 f20:0x4f7fffff  f1:0x80000000 x20=0x00000000
     202815.000 ns	     20280	80004628	20df96d3	fsgnjn.s	f13,f31,f13	 f31:0x80000000 f13:0x43f38000 f13=0x80000000
     202845.000 ns	     20283	8000462c	022c2cb3	mulhsu	x25,x24,x2	 x24:0xffffffff  x2:0x00000000 x25=0x00000000
     202865.000 ns	     20285	80004630	41c8d133	sra	x2,x17,x28	 x17:0x80040fe4 x28:0x80041024  x2=0xf80040fe
     202885.000 ns	     20287	80004634	f00b8ad3	fmv.w.x	f21,x23	 x23:0x0000077f f21=0x0000077f
     202905.000 ns	     20289	80004638	003ef3b3	and	x7,x29,x3	 x29:0x00000000  x3:0xffffffff  x7=0x00000000
     202925.000 ns	     20291	8000463c	20ec8dd3	fsgnj.s	f27,f25,f14	 f25:0x4f800000 f14:0x477fffae f27=0x4f800000
     202955.000 ns	     20294	80004640	e00585d3	fmv.x.w	x11,f11	 f11:0x7fc00000 x11=0x7fc00000
     202985.000 ns	     20297	80004644	a06895d3	flt.s	x11,f17,f6	 f17:0x80000000  f6:0x7fc00000 x11=0x00000000
     203035.000 ns	     20302	80004648	09647253	fsub.s	f4,f8,f22	  f8:0x4f7fffff f22:0x80000000  f4=0x4f7fffff
     203055.000 ns	     20304	8000464c	00515413	srli	x8,x2,0x5	  x2:0xf80040fe  x8=0x07c00207
     203065.000 ns	     20305	80004650	56097e93	andi	x29,x18,1376	 x18:0x00000000 x29=0x00000000
     203075.000 ns	     20306	80004654	01e4b3b3	sltu	x7,x9,x30	  x9:0xfffff881 x30:0x00000005  x7=0x00000000
     203085.000 ns	     20307	80004658	01172a33	slt	x20,x14,x17	 x14:0xffffffff x17:0x80040fe4 x20=0x00000000
     203105.000 ns	     20309	8000465c	c00a1cd3	fcvt.w.s	x25,f20	 f20:0x4f7fffff x25=0x7fffffff
     203125.000 ns	     20311	80004660	67340c17	auipc	x24,0x67340	 x24=0xe7344660
     203145.000 ns	     20313	80004664	02db9ab3	mulh	x21,x23,x13	 x23:0x0000077f x13:0x80041024 x21=0xfffffc40
     203175.000 ns	     20316	80004668	c01f40d3	fcvt.wu.s	x1,f30	 f30:0x7fc00000  x1=0xffffffff
     203195.000 ns	     20318	8000466c	00651ab3	sll	x21,x10,x6	 x10:0xfffffca9  x6:0x00000000 x21=0xfffffca9
     203205.000 ns	     20319	80004670	0099d393	srli	x7,x19,0x9	 x19:0x00000001  x7=0x00000000
     203245.000 ns	     20323	80004674	080c8053	fsub.s	f0,f25,f0	 f25:0x4f800000  f0:0xc40a4000  f0=0x4f800001
     203265.000 ns	     20325	80004678	015ed293	srli	x5,x29,0x15	 x29:0x00000000  x5=0x00000000
     203275.000 ns	     20326	8000467c	bc240a97	auipc	x21,0xbc240	 x21=0x3c24467c
     203295.000 ns	     20328	80004680	03a3b233	mulhu	x4,x7,x26	  x7:0x00000000 x26:0x02400000  x4=0x00000000
     203665.000 ns	     20365	80004684	02287a33	remu	x20,x16,x2	 x16:0x00000000  x2:0xf80040fe x20=0x00000000
     203685.000 ns	     20367	80004688	7b2cfd37	lui	x26,0x7b2cf	 x26=0x7b2cf000
     203695.000 ns	     20368	8000468c	00dc9133	sll	x2,x25,x13	 x25:0x7fffffff x13:0x80041024  x2=0xfffffff0
     203705.000 ns	     20369	80004690	3f809597	auipc	x11,0x3f809	 x11=0xbf80d690
     203715.000 ns	     20370	80004694	00f85733	srl	x14,x16,x15	 x16:0x00000000 x15:0x00000002 x14=0x00000000
     203735.000 ns	     20372	80004698	0360a6b3	mulhsu	x13,x1,x22	  x1:0xffffffff x22:0x7fffffff x13=0xffffffff
     204075.000 ns	     20406	8000469c	19bcffd3	fdiv.s	f31,f25,f27	 f25:0x4f800000 f27:0x4f800000 f31=0x3f000000
     204125.000 ns	     20411	800046a0	01a09ed3	fadd.s	f29,f1,f26	  f1:0x80000000 f26:0x80000000 f29=0x80000000
     204175.000 ns	     20416	800046a4	01912a53	fadd.s	f20,f2,f25	  f2:0x7fc00000 f25:0x4f800000 f20=0x7fc00000
     204205.000 ns	     20419	800046a8	e00787d3	fmv.x.w	x15,f15	 f15:0x4f000000 x15=0x4f000000
     204225.000 ns	     20421	800046ac	a5d7ba93	sltiu	x21,x15,-1443	 x15:0x00000002 x21=0x00000001
     204235.000 ns	     20422	800046b0	01f5c2b3	xor	x5,x11,x31	 x11:0xbf80d690 x31:0x00000000  x5=0xbf80d690
     204595.000 ns	     20458	800046b4	02114d33	div	x26,x2,x1	  x2:0xfffffff0  x1:0xffffffff x26=0x00000010
     204615.000 ns	     20460	800046b8	40640d33	sub	x26,x8,x6	  x8:0x07c00207  x6:0x00000000 x26=0x07c00207
     204635.000 ns	     20462	800046bc	a15211d3	flt.s	x3,f4,f21	  f4:0x4f7fffff f21:0x0000077f  x3=0x00000000
     204665.000 ns	     20465	800046c0	210eaf53	fsgnjx.s	f30,f29,f16	 f29:0x80000000 f16:0x7fc00000 f30=0x80000000
     204685.000 ns	     20467	800046c4	01279533	sll	x10,x15,x18	 x15:0x4f000000 x18:0x00000000 x10=0x4f000000
     205045.000 ns	     20503	800046c8	038ecc33	div	x24,x29,x24	 x29:0x00000000 x24:0xe7344660 x24=0x00000000
     205075.000 ns	     20506	800046cc	c00d0153	fcvt.w.s	x2,f26	 f26:0x80000000  x2=0x00000000
     205095.000 ns	     20508	800046d0	f1d6e513	ori	x10,x13,-227	 x13:0xffffffff x10=0xffffffff
     205105.000 ns	     20509	800046d4	e606ad13	slti	x26,x13,-416	 x13:0xffffffff x26=0x00000000
     205145.000 ns	     20513	800046d8	08c1fad3	fsub.s	f21,f3,f12	  f3:0x00000000 f12:0x7fc00000 f21=0x7fc00000
     205195.000 ns	     20518	800046dc	00c27c53	fadd.s	f24,f4,f12	  f4:0x4f7fffff f12:0x7fc00000 f24=0x7fc00000
     205225.000 ns	     20521	800046e0	296b95d3	fmax.s	f11,f23,f22	 f23:0x440a4000 f22:0x80000000 f11=0x440a4000
     205245.000 ns	     20523	800046e4	1a198693	addi	x13,x19,417	 x19:0x00000001 x13=0x000001a2
     205265.000 ns	     20525	800046e8	28119e53	fmax.s	f28,f3,f1	  f3:0x00000000  f1:0x80000000 f28=0x00000000
     205295.000 ns	     20528	800046ec	211aa853	fsgnjx.s	f16,f21,f17	 f21:0x7fc00000 f17:0x80000000 f16=0xffc00000
     205325.000 ns	     20531	800046f0	28098153	fmin.s	f2,f19,f0	 f19:0x00000000  f0:0x4f800001  f2=0x00000000
     205355.000 ns	     20534	800046f4	21f60553	fsgnj.s	f10,f12,f31	 f12:0x7fc00000 f31:0x3f000000 f10=0x7fc00000
     205375.000 ns	     20536	800046f8	fed4b193	sltiu	x3,x9,-19	  x9:0xfffff881  x3=0x00000001
     205385.000 ns	     20537	800046fc	01baa433	slt	x8,x21,x27	 x21:0x00000001 x27:0x1bc74000  x8=0x00000001
     205405.000 ns	     20539	80004700	a0e49953	flt.s	x18,f9,f14	  f9:0x00000000 f14:0x477fffae x18=0x00000001
     205435.000 ns	     20542	80004704	28e501d3	fmin.s	f3,f10,f14	 f10:0x7fc00000 f14:0x477fffae  f3=0x477fffae
     205465.000 ns	     20545	80004708	02342eb3	mulhsu	x29,x8,x3	  x8:0x00000001  x3:0x00000001 x29=0x00000000
     205485.000 ns	     20547	8000470c	01cfa9b3	slt	x19,x31,x28	 x31:0x00000000 x28:0x80041024 x19=0x00000000
     205505.000 ns	     20549	80004710	c01a3753	fcvt.wu.s	x14,f20	 f20:0x7fc00000 x14=0xffffffff
     205525.000 ns	     20551	80004714	df54eb37	lui	x22,0xdf54e	 x22=0xdf54e000
     205535.000 ns	     20552	80004718	9bd70d93	addi	x27,x14,-1603	 x14:0xffffffff x27=0xfffff9bc
     205555.000 ns	     20554	8000471c	d009f553	fcvt.s.w	f10,x19	 x19:0x00000000 f10=0x00000000
     205575.000 ns	     20556	80004720	00ac3833	sltu	x16,x24,x10	 x24:0x00000000 x10:0xffffffff x16=0x00000001
     205595.000 ns	     20558	80004724	a1911cd3	flt.s	x25,f2,f25	  f2:0x00000000 f25:0x4f800000 x25=0x00000001
     205615.000 ns	     20560	80004728	0b0a2293	slti	x5,x20,176	 x20:0x00000000  x5=0x00000001
     205625.000 ns	     20561	8000472c	403e5d33	sra	x26,x28,x3	 x28:0x80041024  x3:0x00000001 x26=0xc0020812
     205655.000 ns	     20564	80004730	580373d3	fsqrt.s	f7,f6	  f6:0x7fc00000  f7=0x7fc00000
     205685.000 ns	     20567	80004734	02729cb3	mulh	x25,x5,x7	  x5:0x00000001  x7:0x00000000 x25=0x00000000
     205735.000 ns	     20572	80004738	081dfed3	fsub.s	f29,f27,f1	 f27:0x4f800000  f1:0x80000000 f29=0x4f800000
     205755.000 ns	     20574	8000473c	43106c93	ori	x25,x0,1073	  x0:0x00000000 x25=0x00000431
     206115.000 ns	     20610	80004740	02e75cb3	divu	x25,x14,x14	 x14:0xffffffff x14:0xffffffff x25=0x00000001
     206135.000 ns	     20612	80004744	003164b3	or	x9,x2,x3	  x2:0x00000000  x3:0x00000001  x9=0x00000001
     206155.000 ns	     20614	80004748	032696b3	mulh	x13,x13,x18	 x13:0x000001a2 x18:0x00000001 x13=0x00000000
     206185.000 ns	     20617	8000474c	02c8bfb3	mulhu	x31,x17,x12	 x17:0x80040fe4 x12:0x001ff000 x31=0x000ff881
     206215.000 ns	     20620	80004750	203e24d3	fsgnjx.s	f9,f28,f3	 f28:0x00000000  f3:0x477fffae  f9=0x00000000
     206245.000 ns	     20623	80004754	a05110d3	flt.s	x1,f2,f5	  f2:0x00000000  f5:0x53f37fff  x1=0x00000001
     206285.000 ns	     20627	80004758	580871d3	fsqrt.s	f3,f16	 f16:0xffc00000  f3=0x7fc00000
     206305.000 ns	     20629	8000475c	41fd8433	sub	x8,x27,x31	 x27:0xfffff9bc x31:0x000ff881  x8=0xfff0013b
     206325.000 ns	     20631	80004760	02d09933	mulh	x18,x1,x13	  x1:0x00000001 x13:0x00000000 x18=0x00000000
     206695.000 ns	     20668	80004764	02f3f933	remu	x18,x7,x15	  x7:0x00000000 x15:0x4f000000 x18=0x00000000
     206725.000 ns	     20671	80004768	f00c0153	fmv.w.x	f2,x24	 x24:0x00000000  f2=0x00000000
     206745.000 ns	     20673	8000476c	410c5a33	sra	x20,x24,x16	 x24:0x00000000 x16:0x00000001 x20=0x00000000
     206765.000 ns	     20675	80004770	03486d33	rem	x26,x16,x20	 x16:0x00000001 x20:0x00000000 x26=0x00000001
     206785.000 ns	     20677	80004774	17b52c13	slti	x24,x10,379	 x10:0xffffffff x24=0x00000001
     206805.000 ns	     20679	80004778	21972fd3	fsgnjx.s	f31,f14,f25	 f14:0x477fffae f25:0x4f800000 f31=0x477fffae
     206835.000 ns	     20682	8000477c	21ffabd3	fsgnjx.s	f23,f31,f31	 f31:0x3f000000 f31:0x3f000000 f23=0x477fffae
     207205.000 ns	     20719	80004780	03e47c33	remu	x24,x8,x30	  x8:0xfff0013b x30:0x00000005 x24=0x00000000
     207235.000 ns	     20722	80004784	a1fe9153	flt.s	x2,f29,f31	 f29:0x4f800000 f31:0x477fffae  x2=0x00000000
     207275.000 ns	     20726	80004788	10407753	fmul.s	f14,f0,f4	  f0:0x4f800001  f4:0x4f7fffff f14=0x5f800000
     207305.000 ns	     20729	8000478c	c00b7c53	fcvt.w.s	x24,f22	 f22:0x80000000 x24=0x00000000
     207325.000 ns	     20731	80004790	410adc93	srai	x25,x21,0x10	 x21:0x00000001 x25=0x00000000
     207335.000 ns	     20732	80004794	3f24cb93	xori	x23,x9,1010	  x9:0x00000001 x23=0x000003f3
     207355.000 ns	     20734	80004798	f0008753	fmv.w.x	f14,x1	  x1:0x00000001 f14=0x00000001
     207385.000 ns	     20737	8000479c	29991b53	fmax.s	f22,f18,f25	 f18:0x7fc00000 f25:0x4f800000 f22=0x4f800000
     207415.000 ns	     20740	800047a0	03e98a33	mul	x20,x19,x30	 x19:0x00000000 x30:0x00000005 x20=0x00000000
     207435.000 ns	     20742	800047a4	01ddd0b3	srl	x1,x27,x29	 x27:0xfffff9bc x29:0x00000000  x1=0xfffff9bc
     207465.000 ns	     20745	800047a8	11e87fd3	fmul.s	f31,f16,f30	 f16:0xffc00000 f30:0x80000000 f31=0x7fc00000
     207495.000 ns	     20748	800047ac	e0029253	fclass.s	x4,f5	  f5:0x53f37fff  x4=0x00000040
     207515.000 ns	     20750	800047b0	eb707093	andi	x1,x0,-329	  x0:0x00000000  x1=0x00000000
     207535.000 ns	     20752	800047b4	021c9b33	mulh	x22,x25,x1	 x25:0x00000000  x1:0xfffff9bc x22=0x00000000
     207565.000 ns	     20755	800047b8	c002c7d3	fcvt.w.s	x15,f5	  f5:0x53f37fff x15=0x7fffffff
     207605.000 ns	     20759	800047bc	101df653	fmul.s	f12,f27,f1	 f27:0x4f800000  f1:0x80000000 f12=0x80000000
     207635.000 ns	     20762	800047c0	e0009553	fclass.s	x10,f1	  f1:0x80000000 x10=0x00000008
     207655.000 ns	     20764	800047c4	004a5393	srli	x7,x20,0x4	 x20:0x00000000  x7=0x00000000
     207675.000 ns	     20766	800047c8	033dcc33	div	x24,x27,x19	 x27:0xfffff9bc x19:0x00000000 x24=0xffffffff
     207725.000 ns	     20771	800047cc	006d83d3	fadd.s	f7,f27,f6	 f27:0x4f800000  f6:0x7fc00000  f7=0x7fc00000
     207755.000 ns	     20774	800047d0	c008f153	fcvt.w.s	x2,f17	 f17:0x80000000  x2=0x00000000
     207775.000 ns	     20776	800047d4	928c6213	ori	x4,x24,-1752	 x24:0xffffffff  x4=0xffffffff
     207785.000 ns	     20777	800047d8	409ad693	srai	x13,x21,0x9	 x21:0x00000001 x13=0x00000000
     207805.000 ns	     20779	800047dc	20a71753	fsgnjn.s	f14,f14,f10	 f14:0x00000001 f10:0x00000000 f14=0x80000001
     207835.000 ns	     20782	800047e0	d018f5d3	fcvt.s.wu	f11,x17	 x17:0x80040fe4 f11=0x4f00040f
     207865.000 ns	     20785	800047e4	036f1d33	mulh	x26,x30,x22	 x30:0x00000005 x22:0x00000000 x26=0x00000000
     207895.000 ns	     20788	800047e8	d002f453	fcvt.s.w	f8,x5	  x5:0x00000001  f8=0x3f800000
     207925.000 ns	     20791	800047ec	f0088b53	fmv.w.x	f22,x17	 x17:0x80040fe4 f22=0x80040fe4
     207955.000 ns	     20794	800047f0	28251bd3	fmax.s	f23,f10,f2	 f10:0x00000000  f2:0x00000000 f23=0x00000000
     207975.000 ns	     20796	800047f4	00000013	addi	x0,x0,0	  x0:0x00000000
     207985.000 ns	     20797	800047f8	40f78fb3	sub	x31,x15,x15	 x15:0x7fffffff x15:0x7fffffff x31=0x00000000
     207995.000 ns	     20798	800047fc	00d876b3	and	x13,x16,x13	 x16:0x00000001 x13:0x00000000 x13=0x00000000
     208015.000 ns	     20800	80004800	0396e033	rem	x0,x13,x25	 x13:0x00000000 x25:0x00000000
     208035.000 ns	     20802	80004804	01dcc133	xor	x2,x25,x29	 x25:0x00000000 x29:0x00000000  x2=0x00000000
     208055.000 ns	     20804	80004808	022dd433	divu	x8,x27,x2	 x27:0xfffff9bc  x2:0x00000000  x8=0xffffffff
     208085.000 ns	     20807	8000480c	024f9233	mulh	x4,x31,x4	 x31:0x00000000  x4:0xffffffff  x4=0x00000000
     208115.000 ns	     20810	80004810	03bc10b3	mulh	x1,x24,x27	 x24:0xffffffff x27:0xfffff9bc  x1=0x00000000
     208135.000 ns	     20812	80004814	c3fd6917	auipc	x18,0xc3fd6	 x18=0x43fda814
     208145.000 ns	     20813	80004818	25764d13	xori	x26,x12,599	 x12:0x001ff000 x26=0x001ff257
     208165.000 ns	     20815	8000481c	023faa33	mulhsu	x20,x31,x3	 x31:0x00000000  x3:0x00000001 x20=0x00000000
     208185.000 ns	     20817	80004820	41415713	srai	x14,x2,0x14	  x2:0x00000000 x14=0x00000000
     208195.000 ns	     20818	80004824	f4467193	andi	x3,x12,-188	 x12:0x001ff000  x3=0x001ff000
     208555.000 ns	     20854	80004828	03b76333	rem	x6,x14,x27	 x14:0xffffffff x27:0xfffff9bc  x6=0x00000000
     208585.000 ns	     20857	8000482c	e0049753	fclass.s	x14,f9	  f9:0x00000000 x14=0x00000010
     208605.000 ns	     20859	80004830	f36fc9b7	lui	x19,0xf36fc	 x19=0xf36fc000
     208625.000 ns	     20861	80004834	c005bc53	fcvt.w.s	x24,f11	 f11:0x4f00040f x24=0x7fffffff
     208665.000 ns	     20865	80004838	5806b1d3	fsqrt.s	f3,f13	 f13:0x80000000  f3=0x80000000
     209035.000 ns	     20902	8000483c	037b7433	remu	x8,x22,x23	 x22:0x00000000 x23:0x000003f3  x8=0x00000000
     209065.000 ns	     20905	80004840	d01fb053	fcvt.s.wu	f0,x31	 x31:0x00000000  f0=0x00000000
     209105.000 ns	     20909	80004844	18592853	fdiv.s	f16,f18,f5	 f18:0x7fc00000  f5:0x53f37fff f16=0x7fc00000
     209125.000 ns	     20911	80004848	41dbdb93	srai	x23,x23,0x1d	 x23:0x000003f3 x23=0x00000000
     209145.000 ns	     20913	8000484c	d012f553	fcvt.s.wu	f10,x5	  x5:0x00000001 f10=0x3f800000
     209175.000 ns	     20916	80004850	a0fc21d3	feq.s	x3,f24,f15	 f24:0x7fc00000 f15:0x4f000000  x3=0x00000000
     209195.000 ns	     20918	80004854	01a01633	sll	x12,x0,x26	  x0:0x00000000 x26:0x001ff257 x12=0x00000000
     209205.000 ns	     20919	80004858	f1532c93	slti	x25,x6,-235	  x6:0x00000000 x25=0x00000000
     209225.000 ns	     20921	8000485c	a04c2353	feq.s	x6,f24,f4	 f24:0x7fc00000  f4:0x4f7fffff  x6=0x00000000
     209245.000 ns	     20923	80004860	672bf593	andi	x11,x23,1650	 x23:0x00000000 x11=0x00000000
     209255.000 ns	     20924	80004864	00709033	sll	x0,x1,x7	  x1:0x00000000  x7:0x00000000
     209275.000 ns	     20926	80004868	d0087f53	fcvt.s.w	f30,x16	 x16:0x00000001 f30=0x3f800000
     209305.000 ns	     20929	8000486c	20cf0053	fsgnj.s	f0,f30,f12	 f30:0x80000000 f12:0x80000000  f0=0xbf800000
     209325.000 ns	     20931	80004870	002514b3	sll	x9,x10,x2	 x10:0x00000008  x2:0x00000000  x9=0x00000008
     209335.000 ns	     20932	80004874	004d9213	slli	x4,x27,0x4	 x27:0xfffff9bc  x4=0xffff9bc0
     209355.000 ns	     20934	80004878	a03a0dd3	fle.s	x27,f20,f3	 f20:0x7fc00000  f3:0x80000000 x27=0x00000000
     209375.000 ns	     20936	8000487c	0164b533	sltu	x10,x9,x22	  x9:0x00000008 x22:0x00000000 x10=0x00000000
     209385.000 ns	     20937	80004880	ab038013	addi	x0,x7,-1360	  x7:0x00000000
     209405.000 ns	     20939	80004884	a0fe0653	fle.s	x12,f28,f15	 f28:0x00000000 f15:0x4f000000 x12=0x00000001
     209425.000 ns	     20941	80004888	5214b793	sltiu	x15,x9,1313	  x9:0x00000008 x15=0x00000001
     209445.000 ns	     20943	8000488c	20548153	fsgnj.s	f2,f9,f5	  f9:0x00000000  f5:0x53f37fff  f2=0x00000000
     209485.000 ns	     20947	80004890	58081dd3	fsqrt.s	f27,f16	 f16:0x7fc00000 f27=0x7fc00000
     209515.000 ns	     20950	80004894	025f3933	mulhu	x18,x30,x5	 x30:0x00000005  x5:0x00000001 x18=0x00000000
     209545.000 ns	     20953	80004898	0263f833	remu	x16,x7,x6	  x7:0x00000000  x6:0x00000000 x16=0x00000000
     209565.000 ns	     20955	8000489c	cb96de97	auipc	x29,0xcb96d	 x29=0x4b97189c
     209575.000 ns	     20956	800048a0	007fec33	or	x24,x31,x7	 x31:0x00000000  x7:0x00000000 x24=0x00000000
     209595.000 ns	     20958	800048a4	f00787d3	fmv.w.x	f15,x15	 x15:0x00000001 f15=0x00000001
     209625.000 ns	     20961	800048a8	02d967b3	rem	x15,x18,x13	 x18:0x00000000 x13:0x00000000 x15=0x00000000
     209645.000 ns	     20963	800048ac	0192d313	srli	x6,x5,0x19	  x5:0x00000001  x6=0x00000000
     209655.000 ns	     20964	800048b0	5337c593	xori	x11,x15,1331	 x15:0x00000000 x11=0x00000533
     209665.000 ns	     20965	800048b4	01c4ffb3	and	x31,x9,x28	  x9:0x00000008 x28:0x80041024 x31=0x00000000
     210625.000 ns	     21061	800048b8	5805f753	fsqrt.s	f14,f11	 f11:0x4f00040f f14=0x46b50a40
     210645.000 ns	     21063	800048bc	01b4e333	or	x6,x9,x27	  x9:0x00000008 x27:0x00000000  x6=0x00000008
     210655.000 ns	     21064	800048c0	00177433	and	x8,x14,x1	 x14:0x00000010  x1:0x00000000  x8=0x00000000
     210665.000 ns	     21065	800048c4	0032d733	srl	x14,x5,x3	  x5:0x00000001  x3:0x00000000 x14=0x00000001
     210685.000 ns	     21067	800048c8	c00c3253	fcvt.w.s	x4,f24	 f24:0x7fc00000  x4=0x7fffffff
     210705.000 ns	     21069	800048cc	00000013	addi	x0,x0,0	  x0:0x00000000
     211065.000 ns	     21105	800048d0	02c24ab3	div	x21,x4,x12	  x4:0x7fffffff x12:0x00000001 x21=0x7fffffff
     211115.000 ns	     21110	800048d4	00ad4ad3	fadd.s	f21,f26,f10	 f26:0x80000000 f10:0x3f800000 f21=0x3f800000
     211135.000 ns	     21112	800048d8	afc3b193	sltiu	x3,x7,-1284	  x7:0x00000000  x3=0x00000001
     211145.000 ns	     21113	800048dc	e75c2913	slti	x18,x24,-395	 x24:0x00000000 x18=0x00000000
     211475.000 ns	     21146	800048e0	19647753	fdiv.s	f14,f8,f22	  f8:0x3f800000 f22:0x80040fe4 f14=0xfe34b4b6
     211495.000 ns	     21148	800048e4	b865f717	auipc	x14,0xb865f	 x14=0x386638e4
     211505.000 ns	     21149	800048e8	01daf033	and	x0,x21,x29	 x21:0x7fffffff x29:0x4b97189c
     211515.000 ns	     21150	800048ec	007e41b3	xor	x3,x28,x7	 x28:0x80041024  x7:0x00000000  x3=0x80041024
     211535.000 ns	     21152	800048f0	e0081753	fclass.s	x14,f16	 f16:0x7fc00000 x14=0x00000200
     211555.000 ns	     21154	800048f4	013d84b3	add	x9,x27,x19	 x27:0x00000000 x19:0xf36fc000  x9=0xf36fc000
     211565.000 ns	     21155	800048f8	406cd913	srai	x18,x25,0x6	 x25:0x00000000 x18=0x00000000
     211585.000 ns	     21157	800048fc	d01c7c53	fcvt.s.wu	f24,x24	 x24:0x00000000 f24=0x00000000
     211615.000 ns	     21160	80004900	02214633	div	x12,x2,x2	  x2:0x00000000  x2:0x00000000 x12=0xffffffff
     211635.000 ns	     21162	80004904	a283c917	auipc	x18,0xa283c	 x18=0x22840904
     211655.000 ns	     21164	80004908	d01ebfd3	fcvt.s.wu	f31,x29	 x29:0x4b97189c f31=0x4e972e32
     211695.000 ns	     21168	8000490c	11eafcd3	fmul.s	f25,f21,f30	 f21:0x3f800000 f30:0x3f800000 f25=0x3f800000
     211725.000 ns	     21171	80004910	d00ba253	fcvt.s.w	f4,x23	 x23:0x00000000  f4=0x00000000
     211755.000 ns	     21174	80004914	e00009d3	fmv.x.w	x19,f0	  f0:0xbf800000 x19=0xbf800000
     211785.000 ns	     21177	80004918	20351953	fsgnjn.s	f18,f10,f3	 f10:0x3f800000  f3:0x80000000 f18=0x3f800000
     211805.000 ns	     21179	8000491c	00000013	addi	x0,x0,0	  x0:0x00000000
     211825.000 ns	     21181	80004920	02aefcb3	remu	x25,x29,x10	 x29:0x4b97189c x10:0x00000000 x25=0x4b97189c
     211855.000 ns	     21184	80004924	d00177d3	fcvt.s.w	f15,x2	  x2:0x00000000 f15=0x00000000
     211895.000 ns	     21188	80004928	11f079d3	fmul.s	f19,f0,f31	  f0:0xbf800000 f31:0x4e972e32 f19=0xce972e32
     211925.000 ns	     21191	8000492c	e00b03d3	fmv.x.w	x7,f22	 f22:0x80040fe4  x7=0x80040fe4
     211955.000 ns	     21194	80004930	033d8d33	mul	x26,x27,x19	 x27:0x00000000 x19:0xbf800000 x26=0x00000000
     211985.000 ns	     21197	80004934	21aa27d3	fsgnjx.s	f15,f20,f26	 f20:0x7fc00000 f26:0x80000000 f15=0xffc00000
     212005.000 ns	     21199	80004938	41be5913	srai	x18,x28,0x1b	 x28:0x80041024 x18=0xfffffff0
     212045.000 ns	     21203	8000493c	01280b53	fadd.s	f22,f16,f18	 f16:0x7fc00000 f18:0x3f800000 f22=0x7fc00000
     212415.000 ns	     21240	80004940	035666b3	rem	x13,x12,x21	 x12:0xffffffff x21:0x7fffffff x13=0xffffffff
     212445.000 ns	     21243	80004944	022825b3	mulhsu	x11,x16,x2	 x16:0x00000000  x2:0x00000000 x11=0x00000000
     212475.000 ns	     21246	80004948	f0060253	fmv.w.x	f4,x12	 x12:0xffffffff  f4=0xffffffff
     212495.000 ns	     21248	8000494c	013ef433	and	x8,x29,x19	 x29:0x4b97189c x19:0xbf800000  x8=0x0b800000
     212515.000 ns	     21250	80004950	a08d1153	flt.s	x2,f26,f8	 f26:0x80000000  f8:0x3f800000  x2=0x00000001
     212545.000 ns	     21253	80004954	d00d83d3	fcvt.s.w	f7,x27	 x27:0x00000000  f7=0x00000000
     212585.000 ns	     21257	80004958	10dc4dd3	fmul.s	f27,f24,f13	 f24:0x00000000 f13:0x80000000 f27=0x80000000
     212615.000 ns	     21260	8000495c	02f8ec33	rem	x24,x17,x15	 x17:0x80040fe4 x15:0x00000000 x24=0x80040fe4
     212645.000 ns	     21263	80004960	02a07db3	remu	x27,x0,x10	  x0:0x00000000 x10:0x00000000 x27=0x00000000
     213015.000 ns	     21300	80004964	029f5ab3	divu	x21,x30,x9	 x30:0x00000005  x9:0xf36fc000 x21=0x00000000
     213035.000 ns	     21302	80004968	01aadab3	srl	x21,x21,x26	 x21:0x7fffffff x26:0x00000000 x21=0x00000000
     213055.000 ns	     21304	8000496c	a03120d3	feq.s	x1,f2,f3	  f2:0x00000000  f3:0x80000000  x1=0x00000001
     213105.000 ns	     21309	80004970	0166c253	fadd.s	f4,f13,f22	 f13:0x80000000 f22:0x7fc00000  f4=0x7fc00000
     213125.000 ns	     21311	80004974	41b5d233	sra	x4,x11,x27	 x11:0x00000000 x27:0x00000000  x4=0x00000000
     213135.000 ns	     21312	80004978	405f80b3	sub	x1,x31,x5	 x31:0x00000000  x5:0x00000001  x1=0xffffffff
     213155.000 ns	     21314	8000497c	03f36633	rem	x12,x6,x31	  x6:0x00000008 x31:0x00000000 x12=0x00000008
     213175.000 ns	     21316	80004980	5bcacb93	xori	x23,x21,1468	 x21:0x00000000 x23=0x000005bc
     213195.000 ns	     21318	80004984	21dc9153	fsgnjn.s	f2,f25,f29	 f25:0x3f800000 f29:0x4f800000  f2=0xbf800000
     213225.000 ns	     21321	80004988	21c488d3	fsgnj.s	f17,f9,f28	  f9:0x00000000 f28:0x00000000 f17=0x00000000
     213255.000 ns	     21324	8000498c	c00521d3	fcvt.w.s	x3,f10	 f10:0x3f800000  x3=0x00000001
     213275.000 ns	     21326	80004990	00a5d633	srl	x12,x11,x10	 x11:0x00000000 x10:0x00000000 x12=0x00000000
     213295.000 ns	     21328	80004994	023107b3	mul	x15,x2,x3	  x2:0x00000001  x3:0x00000001 x15=0x00000001
     213315.000 ns	     21330	80004998	01de36b3	sltu	x13,x28,x29	 x28:0x80041024 x29:0x4b97189c x13=0x00000000
     213325.000 ns	     21331	8000499c	5183b613	sltiu	x12,x7,1304	  x7:0x80040fe4 x12=0x00000000
     213335.000 ns	     21332	800049a0	70224d93	xori	x27,x4,1794	  x4:0x00000000 x27=0x00000702
     213345.000 ns	     21333	800049a4	407f0ab3	sub	x21,x30,x7	 x30:0x00000005  x7:0x80040fe4 x21=0x7ffbf021
     213365.000 ns	     21335	800049a8	c0062a53	fcvt.w.s	x20,f12	 f12:0x80000000 x20=0x00000000
     213415.000 ns	     21340	800049ac	08e6fbd3	fsub.s	f23,f13,f14	 f13:0x80000000 f14:0xfe34b4b6 f23=0x7e34b4b6
     213445.000 ns	     21343	800049b0	21c21153	fsgnjn.s	f2,f4,f28	  f4:0x7fc00000 f28:0x00000000  f2=0xffc00000
     213475.000 ns	     21346	800049b4	298c84d3	fmin.s	f9,f25,f24	 f25:0x3f800000 f24:0x00000000  f9=0x00000000
     213495.000 ns	     21348	800049b8	01576833	or	x16,x14,x21	 x14:0x00000200 x21:0x7ffbf021 x16=0x7ffbf221
     213855.000 ns	     21384	800049bc	0370c033	div	x0,x1,x23	  x1:0xffffffff x23:0x000005bc
     213875.000 ns	     21386	800049c0	00000013	addi	x0,x0,0	  x0:0x00000000
     213885.000 ns	     21387	800049c4	01065113	srli	x2,x12,0x10	 x12:0x00000000  x2=0x00000000
     213895.000 ns	     21388	800049c8	004ed993	srli	x19,x29,0x4	 x29:0x4b97189c x19=0x04b97189
     213905.000 ns	     21389	800049cc	40fcdeb3	sra	x29,x25,x15	 x25:0x4b97189c x15:0x00000001 x29=0x25cb8c4e
     214265.000 ns	     21425	800049d0	03ce7233	remu	x4,x28,x28	 x28:0x80041024 x28:0x80041024  x4=0x00000000
     214295.000 ns	     21428	800049d4	a1992353	feq.s	x6,f18,f25	 f18:0x3f800000 f25:0x3f800000  x6=0x00000001
     214315.000 ns	     21430	800049d8	01239813	slli	x16,x7,0x12	  x7:0x80040fe4 x16=0x3f900000
     214325.000 ns	     21431	800049dc	004dceb3	xor	x29,x27,x4	 x27:0x00000702  x4:0x00000000 x29=0x00000702
     214335.000 ns	     21432	800049e0	28592d93	slti	x27,x18,645	 x18:0xfffffff0 x27=0x00000001
     214355.000 ns	     21434	800049e4	a0d59653	flt.s	x12,f11,f13	 f11:0x4f00040f f13:0x80000000 x12=0x00000000
     214375.000 ns	     21436	800049e8	017be633	or	x12,x23,x23	 x23:0x000005bc x23:0x000005bc x12=0x000005bc
     214395.000 ns	     21438	800049ec	28d18653	fmin.s	f12,f3,f13	  f3:0x80000000 f13:0x80000000 f12=0x80000000
     214425.000 ns	     21441	800049f0	282c8753	fmin.s	f14,f25,f2	 f25:0x3f800000  f2:0xffc00000 f14=0x3f800000
     214445.000 ns	     21443	800049f4	ad98b613	sltiu	x12,x17,-1319	 x17:0x80040fe4 x12=0x00000001
     214455.000 ns	     21444	800049f8	231a2237	lui	x4,0x231a2	  x4=0x231a2000
     214465.000 ns	     21445	800049fc	a11a8d13	addi	x26,x21,-1519	 x21:0x7ffbf021 x26=0x7ffbea32
     214485.000 ns	     21447	80004a00	a0420953	fle.s	x18,f4,f4	  f4:0x7fc00000  f4:0x7fc00000 x18=0x00000000
     214515.000 ns	     21450	80004a04	d01e4d53	fcvt.s.wu	f26,x28	 x28:0x80041024 f26=0x4f000410
     214545.000 ns	     21453	80004a08	c01b8bd3	fcvt.wu.s	x23,f23	 f23:0x7e34b4b6 x23=0xffffffff
     214585.000 ns	     21457	80004a0c	5801b753	fsqrt.s	f14,f3	  f3:0x80000000 f14=0x80000000
     214615.000 ns	     21460	80004a10	20e21b53	fsgnjn.s	f22,f4,f14	  f4:0x7fc00000 f14:0x3f800000 f22=0x7fc00000
     214665.000 ns	     21465	80004a14	09f989d3	fsub.s	f19,f19,f31	 f19:0xce972e32 f31:0x4e972e32 f19=0xcf172e32
     214695.000 ns	     21468	80004a18	a1d5a3d3	feq.s	x7,f11,f29	 f11:0x4f00040f f29:0x4f800000  x7=0x00000000
     214715.000 ns	     21470	80004a1c	d0f56497	auipc	x9,0xd0f56	  x9=0x50f5aa1c
     214725.000 ns	     21471	80004a20	b0f6a3b7	lui	x7,0xb0f6a	  x7=0xb0f6a000
     215085.000 ns	     21507	80004a24	024a5a33	divu	x20,x20,x4	 x20:0x00000000  x4:0x231a2000 x20=0x00000000
     215105.000 ns	     21509	80004a28	c615fe93	andi	x29,x11,-927	 x11:0x00000000 x29=0x00000000
     215125.000 ns	     21511	80004a2c	c01a43d3	fcvt.wu.s	x7,f20	 f20:0x7fc00000  x7=0xffffffff
     215495.000 ns	     21548	80004a30	02fbe2b3	rem	x5,x23,x15	 x23:0xffffffff x15:0x00000001  x5=0x00000000
     215525.000 ns	     21551	80004a34	a0308cd3	fle.s	x25,f1,f3	  f1:0x80000000  f3:0x80000000 x25=0x00000001
     215545.000 ns	     21553	80004a38	018c1bb3	sll	x23,x24,x24	 x24:0x80040fe4 x24:0x80040fe4 x23=0x0040fe40
     215565.000 ns	     21555	80004a3c	c00ef853	fcvt.w.s	x16,f29	 f29:0x4f800000 x16=0x7fffffff
     215595.000 ns	     21558	80004a40	e0001c53	fclass.s	x24,f0	  f0:0xbf800000 x24=0x00000002
     215625.000 ns	     21561	80004a44	d00608d3	fcvt.s.w	f17,x12	 x12:0x00000001 f17=0x3f800000
     215645.000 ns	     21563	80004a48	00c69cb3	sll	x25,x13,x12	 x13:0x00000000 x12:0x00000001 x25=0x00000000
     215665.000 ns	     21565	80004a4c	e0030d53	fmv.x.w	x26,f6	  f6:0x7fc00000 x26=0x7fc00000
     216035.000 ns	     21602	80004a50	038b5733	divu	x14,x22,x24	 x22:0x00000000 x24:0x00000002 x14=0x00000000
     216055.000 ns	     21604	80004a54	f6f6e6b7	lui	x13,0xf6f6e	 x13=0xf6f6e000
     216065.000 ns	     21605	80004a58	0121d013	srli	x0,x3,0x12	  x3:0x00000001
     216075.000 ns	     21606	80004a5c	0035dd33	srl	x26,x11,x3	 x11:0x00000000  x3:0x00000001 x26=0x00000000
     216085.000 ns	     21607	80004a60	016e6533	or	x10,x28,x22	 x28:0x80041024 x22:0x00000000 x10=0x80041024
     216095.000 ns	     21608	80004a64	002ec933	xor	x18,x29,x2	 x29:0x00000000  x2:0x00000000 x18=0x00000000
     216105.000 ns	     21609	80004a68	a0b3cc13	xori	x24,x7,-1525	  x7:0xffffffff x24=0x000005f4
     216115.000 ns	     21610	80004a6c	2544c713	xori	x14,x9,596	  x9:0x50f5aa1c x14=0x50f5a848
     216125.000 ns	     21611	80004a70	eb3eb413	sltiu	x8,x29,-333	 x29:0x00000000  x8=0x00000001
     216145.000 ns	     21613	80004a74	20ecacd3	fsgnjx.s	f25,f25,f14	 f25:0x3f800000 f14:0x80000000 f25=0xbf800000
     216175.000 ns	     21616	80004a78	d00e8cd3	fcvt.s.w	f25,x29	 x29:0x00000000 f25=0x00000000
     216195.000 ns	     21618	80004a7c	00000013	addi	x0,x0,0	  x0:0x00000000
     216215.000 ns	     21620	80004a80	a060ab53	feq.s	x22,f1,f6	  f1:0x80000000  f6:0x7fc00000 x22=0x00000000
     216555.000 ns	     21654	80004a84	18057753	fdiv.s	f14,f10,f0	 f10:0x3f800000  f0:0xbf800000 f14=0xbf045ede
     216575.000 ns	     21656	80004a88	01b87733	and	x14,x16,x27	 x16:0x7fffffff x27:0x00000001 x14=0x00000001
     216585.000 ns	     21657	80004a8c	00d09533	sll	x10,x1,x13	  x1:0xffffffff x13:0xf6f6e000 x10=0xffffffff
     216605.000 ns	     21659	80004a90	c01e41d3	fcvt.wu.s	x3,f28	 f28:0x00000000  x3=0x00000000
     216625.000 ns	     21661	80004a94	baa63417	auipc	x8,0xbaa63	  x8=0x3aa67a94
     216655.000 ns	     21664	80004a98	186616d3	fdiv.s	f13,f12,f6	 f12:0x80000000  f6:0x7fc00000 f13=0x7fc00000
     216675.000 ns	     21666	80004a9c	0006c7b3	xor	x15,x13,x0	 x13:0xf6f6e000  x0:0x00000000 x15=0xf6f6e000
     216705.000 ns	     21669	80004aa0	183c4bd3	fdiv.s	f23,f24,f3	 f24:0x00000000  f3:0x80000000 f23=0x7fc00000
     216735.000 ns	     21672	80004aa4	03feea33	rem	x20,x29,x31	 x29:0x00000000 x31:0x00000000 x20=0x00000000
     216765.000 ns	     21675	80004aa8	a0e8a3d3	feq.s	x7,f17,f14	 f17:0x3f800000 f14:0xbf045ede  x7=0x00000000
     216785.000 ns	     21677	80004aac	eda21817	auipc	x16,0xeda21	 x16=0x6da25aac
     216805.000 ns	     21679	80004ab0	29a51fd3	fmax.s	f31,f10,f26	 f10:0x3f800000 f26:0x4f000410 f31=0x4f000410
     216825.000 ns	     21681	80004ab4	0151a033	slt	x0,x3,x21	  x3:0x00000000 x21:0x7ffbf021
     217185.000 ns	     21717	80004ab8	02194933	div	x18,x18,x1	 x18:0x00000000  x1:0xffffffff x18=0x00000000
     217215.000 ns	     21720	80004abc	29d39d53	fmax.s	f26,f7,f29	  f7:0x00000000 f29:0x4f800000 f26=0x4f800000
     217265.000 ns	     21725	80004ac0	09d2f3d3	fsub.s	f7,f5,f29	  f5:0x53f37fff f29:0x4f800000  f7=0x53f2ffff
     217285.000 ns	     21727	80004ac4	40cbd1b3	sra	x3,x23,x12	 x23:0x0040fe40 x12:0x00000001  x3=0x00207f20
     217305.000 ns	     21729	80004ac8	e00e02d3	fmv.x.w	x5,f28	 f28:0x00000000  x5=0x00000000
     217335.000 ns	     21732	80004acc	a10dad53	feq.s	x26,f27,f16	 f27:0x80000000 f16:0x7fc00000 x26=0x00000000
     217365.000 ns	     21735	80004ad0	21ae9153	fsgnjn.s	f2,f29,f26	 f29:0x4f800000 f26:0x4f800000  f2=0xcf800000
     217395.000 ns	     21738	80004ad4	204daf53	fsgnjx.s	f30,f27,f4	 f27:0x80000000  f4:0x7fc00000 f30=0x80000000
     217415.000 ns	     21740	80004ad8	6b5a4713	xori	x14,x20,1717	 x20:0x00000000 x14=0x000006b5
     217435.000 ns	     21742	80004adc	02220333	mul	x6,x4,x2	  x4:0x231a2000  x2:0x00000000  x6=0x00000000
     217465.000 ns	     21745	80004ae0	218a14d3	fsgnjn.s	f9,f20,f24	 f20:0x7fc00000 f24:0x00000000  f9=0xffc00000
     217485.000 ns	     21747	80004ae4	5f49b313	sltiu	x6,x19,1524	 x19:0x04b97189  x6=0x00000000
     217495.000 ns	     21748	80004ae8	00000013	addi	x0,x0,0	  x0:0x00000000
     217505.000 ns	     21749	80004aec	006583b3	add	x7,x11,x6	 x11:0x00000000  x6:0x00000000  x7=0x00000000
     217515.000 ns	     21750	80004af0	36afa813	slti	x16,x31,874	 x31:0x00000000 x16=0x00000001
     217525.000 ns	     21751	80004af4	59498793	addi	x15,x19,1428	 x19:0x04b97189 x15=0x04b9771d
     217535.000 ns	     21752	80004af8	01135633	srl	x12,x6,x17	  x6:0x00000000 x17:0x80040fe4 x12=0x00000000
     217555.000 ns	     21754	80004afc	20b288d3	fsgnj.s	f17,f5,f11	  f5:0x53f37fff f11:0x4f00040f f17=0x53f37fff
     217575.000 ns	     21756	80004b00	01eabb33	sltu	x22,x21,x30	 x21:0x7ffbf021 x30:0x00000005 x22=0x00000000
     217585.000 ns	     21757	80004b04	bfd80013	addi	x0,x16,-1027	 x16:0x00000001
     217605.000 ns	     21759	80004b08	205691d3	fsgnjn.s	f3,f13,f5	 f13:0x7fc00000  f5:0x53f37fff  f3=0xffc00000
     217635.000 ns	     21762	80004b0c	f0070953	fmv.w.x	f18,x14	 x14:0x000006b5 f18=0x000006b5
     217665.000 ns	     21765	80004b10	d0027553	fcvt.s.w	f10,x4	  x4:0x231a2000 f10=0x4e0c6880
     217695.000 ns	     21768	80004b14	e0009a53	fclass.s	x20,f1	  f1:0x80000000 x20=0x00000008
     217725.000 ns	     21771	80004b18	28a084d3	fmin.s	f9,f1,f10	  f1:0x80000000 f10:0x4e0c6880  f9=0x80000000
     217745.000 ns	     21773	80004b1c	ff34d517	auipc	x10,0xff34d	 x10=0x7f351b1c
     217755.000 ns	     21774	80004b20	0059f333	and	x6,x19,x5	 x19:0x04b97189  x5:0x00000000  x6=0x00000000
     217765.000 ns	     21775	80004b24	00c886b3	add	x13,x17,x12	 x17:0x80040fe4 x12:0x00000000 x13=0x80040fe4
     217785.000 ns	     21777	80004b28	208e0553	fsgnj.s	f10,f28,f8	 f28:0x00000000  f8:0x3f800000 f10=0x00000000
     217805.000 ns	     21779	80004b2c	00000013	addi	x0,x0,0	  x0:0x00000000
     218165.000 ns	     21815	80004b30	02855d33	divu	x26,x10,x8	 x10:0x7f351b1c  x8:0x3aa67a94 x26=0x00000002
     218185.000 ns	     21817	80004b34	0170d593	srli	x11,x1,0x17	  x1:0xffffffff x11=0x000001ff
     218205.000 ns	     21819	80004b38	02267db3	remu	x27,x12,x2	 x12:0x00000000  x2:0x00000000 x27=0x00000000
     218225.000 ns	     21821	80004b3c	33f76b93	ori	x23,x14,831	 x14:0x000006b5 x23=0x000007bf
     218265.000 ns	     21825	80004b40	09f2f3d3	fsub.s	f7,f5,f31	  f5:0x53f37fff f31:0x4f000410  f7=0x53f33ffc
     218295.000 ns	     21828	80004b44	d00310d3	fcvt.s.w	f1,x6	  x6:0x00000000  f1=0x00000000
     218315.000 ns	     21830	80004b48	01d30633	add	x12,x6,x29	  x6:0x00000000 x29:0x00000000 x12=0x00000000
     218335.000 ns	     21832	80004b4c	281b18d3	fmax.s	f17,f22,f1	 f22:0x7fc00000  f1:0x00000000 f17=0x00000000
     218365.000 ns	     21835	80004b50	f00f0353	fmv.w.x	f6,x30	 x30:0x00000005  f6=0x00000005
     218395.000 ns	     21838	80004b54	02d1bb33	mulhu	x22,x3,x13	  x3:0x00207f20 x13:0x80040fe4 x22=0x00104014
     218415.000 ns	     21840	80004b58	03c3fab7	lui	x21,0x3c3f	 x21=0x03c3f000
     218425.000 ns	     21841	80004b5c	ec40f993	andi	x19,x1,-316	  x1:0xffffffff x19=0xfffffec4
     218445.000 ns	     21843	80004b60	c0067c53	fcvt.w.s	x24,f12	 f12:0x80000000 x24=0x00000000
     218465.000 ns	     21845	80004b64	01389bb3	sll	x23,x17,x19	 x17:0x80040fe4 x19:0x04b97189 x23=0x0040fe40
     218475.000 ns	     21846	80004b68	00e2f2b3	and	x5,x5,x14	  x5:0x00000000 x14:0x000006b5  x5=0x00000000
     218495.000 ns	     21848	80004b6c	d01972d3	fcvt.s.wu	f5,x18	 x18:0x00000000  f5=0x00000000
     218515.000 ns	     21850	80004b70	eab62513	slti	x10,x12,-341	 x12:0x00000000 x10=0x00000000
     218535.000 ns	     21852	80004b74	c0029353	fcvt.w.s	x6,f5	  f5:0x00000000  x6=0x00000000
     218555.000 ns	     21854	80004b78	00ff5bb3	srl	x23,x30,x15	 x30:0x00000005 x15:0x04b9771d x23=0x00000000
     218565.000 ns	     21855	80004b7c	b0d95c17	auipc	x24,0xb0d95	 x24=0x30d99b7c
     218585.000 ns	     21857	80004b80	28059153	fmax.s	f2,f11,f0	 f11:0x4f00040f  f0:0xbf800000  f2=0x4f00040f
     218605.000 ns	     21859	80004b84	00000013	addi	x0,x0,0	  x0:0x00000000
     218615.000 ns	     21860	80004b88	f98cbbb7	lui	x23,0xf98cb	 x23=0xf98cb000
     218625.000 ns	     21861	80004b8c	45952413	slti	x8,x10,1113	 x10:0x00000000  x8=0x00000001
     218635.000 ns	     21862	80004b90	d752fd93	andi	x27,x5,-651	  x5:0x00000000 x27=0x00000000
     218645.000 ns	     21863	80004b94	00eca1b3	slt	x3,x25,x14	 x25:0x00000000 x14:0x000006b5  x3=0x00000001
     218655.000 ns	     21864	80004b98	82ec5997	auipc	x19,0x82ec5	 x19=0x02ec9b98
     218675.000 ns	     21866	80004b9c	203d0353	fsgnj.s	f6,f26,f3	 f26:0x4f800000  f3:0xffc00000  f6=0xcf800000
     218705.000 ns	     21869	80004ba0	219aa5d3	fsgnjx.s	f11,f21,f25	 f21:0x3f800000 f25:0x00000000 f11=0x3f800000
     218755.000 ns	     21874	80004ba4	09857d53	fsub.s	f26,f10,f24	 f10:0x00000000 f24:0x00000000 f26=0x80000000
     218785.000 ns	     21877	80004ba8	c0038ad3	fcvt.w.s	x21,f7	  f7:0x53f33ffc x21=0x7fffffff
     219155.000 ns	     21914	80004bac	030afb33	remu	x22,x21,x16	 x21:0x03c3f000 x16:0x00000001 x22=0x00000000
     219185.000 ns	     21917	80004bb0	c005f153	fcvt.w.s	x2,f11	 f11:0x3f800000  x2=0x00000001
     219215.000 ns	     21920	80004bb4	d0058c53	fcvt.s.w	f24,x11	 x11:0x000001ff f24=0x43ff8000
     219235.000 ns	     21922	80004bb8	01b5ebb3	or	x23,x11,x27	 x11:0x000001ff x27:0x00000000 x23=0x000001ff
     219275.000 ns	     21926	80004bbc	09d12c53	fsub.s	f24,f2,f29	  f2:0x4f00040f f29:0x4f800000 f24=0xcefff7e1
     219305.000 ns	     21929	80004bc0	20b1aed3	fsgnjx.s	f29,f3,f11	  f3:0xffc00000 f11:0x3f800000 f29=0xffc00000
     219325.000 ns	     21931	80004bc4	06f6ec97	auipc	x25,0x6f6e	 x25=0x86f72bc4
     219365.000 ns	     21935	80004bc8	09212553	fsub.s	f10,f2,f18	  f2:0x4f00040f f18:0x000006b5 f10=0x4f00040f
     219395.000 ns	     21938	80004bcc	e0078b53	fmv.x.w	x22,f15	 f15:0xffc00000 x22=0xffc00000
     219415.000 ns	     21940	80004bd0	4126d693	srai	x13,x13,0x12	 x13:0x80040fe4 x13=0xffffe001
     219425.000 ns	     21941	80004bd4	0120fb33	and	x22,x1,x18	  x1:0xffffffff x18:0x00000000 x22=0x00000000
     219435.000 ns	     21942	80004bd8	003f7433	and	x8,x30,x3	 x30:0x00000005  x3:0x00000001  x8=0x00000001
     219445.000 ns	     21943	80004bdc	00000013	addi	x0,x0,0	  x0:0x00000000
     219465.000 ns	     21945	80004be0	21782153	fsgnjx.s	f2,f16,f23	 f16:0x7fc00000 f23:0x7fc00000  f2=0x7fc00000
     219495.000 ns	     21948	80004be4	02a0b1b3	mulhu	x3,x1,x10	  x1:0xffffffff x10:0x00000000  x3=0x00000000
     219525.000 ns	     21951	80004be8	a06bad53	feq.s	x26,f23,f6	 f23:0x7fc00000  f6:0xcf800000 x26=0x00000000
     219895.000 ns	     21988	80004bec	0356f533	remu	x10,x13,x21	 x13:0xffffe001 x21:0x7fffffff x10=0x7fffe002
     219915.000 ns	     21990	80004bf0	00838333	add	x6,x7,x8	  x7:0x00000000  x8:0x00000001  x6=0x00000001
     219925.000 ns	     21991	80004bf4	00000013	addi	x0,x0,0	  x0:0x00000000
     219945.000 ns	     21993	80004bf8	20f70bd3	fsgnj.s	f23,f14,f15	 f14:0xbf045ede f15:0xffc00000 f23=0xbf045ede
     219965.000 ns	     21995	80004bfc	41235713	srai	x14,x6,0x12	  x6:0x00000001 x14=0x00000000
     219975.000 ns	     21996	80004c00	01c2b6b3	sltu	x13,x5,x28	  x5:0x00000000 x28:0x80041024 x13=0x00000001
     219995.000 ns	     21998	80004c04	f0048253	fmv.w.x	f4,x9	  x9:0x50f5aa1c  f4=0x50f5aa1c
     220025.000 ns	     22001	80004c08	d006c8d3	fcvt.s.w	f17,x13	 x13:0xffffe001 f17=0x3f800000
     220055.000 ns	     22004	80004c0c	29771cd3	fmax.s	f25,f14,f23	 f14:0xbf045ede f23:0xbf045ede f25=0xbf045ede
     220075.000 ns	     22006	80004c10	00ed6333	or	x6,x26,x14	 x26:0x00000000 x14:0x00000000  x6=0x00000000
     220085.000 ns	     22007	80004c14	015a3433	sltu	x8,x20,x21	 x20:0x00000008 x21:0x7fffffff  x8=0x00000001
     220105.000 ns	     22009	80004c18	029b0233	mul	x4,x22,x9	 x22:0x00000000  x9:0x50f5aa1c  x4=0x00000000
     220125.000 ns	     22011	80004c1c	016a0933	add	x18,x20,x22	 x20:0x00000008 x22:0x00000000 x18=0x00000008
     220145.000 ns	     22013	80004c20	21e808d3	fsgnj.s	f17,f16,f30	 f16:0x7fc00000 f30:0x80000000 f17=0xffc00000
     220165.000 ns	     22015	80004c24	76468d37	lui	x26,0x76468	 x26=0x76468000
     220175.000 ns	     22016	80004c28	8d000ab7	lui	x21,0x8d000	 x21=0x8d000000
     220195.000 ns	     22018	80004c2c	031b2733	mulhsu	x14,x22,x17	 x22:0x00000000 x17:0x80040fe4 x14=0x00000000
     220215.000 ns	     22020	80004c30	01fe4c33	xor	x24,x28,x31	 x28:0x80041024 x31:0x00000000 x24=0x80041024
     220235.000 ns	     22022	80004c34	a0fc9d53	flt.s	x26,f25,f15	 f25:0xbf045ede f15:0xffc00000 x26=0x00000000
     220255.000 ns	     22024	80004c38	323e4297	auipc	x5,0x323e4	  x5=0xb23e8c38
     220285.000 ns	     22027	80004c3c	10c20753	fmul.s	f14,f4,f12	  f4:0x50f5aa1c f12:0x80000000 f14=0x80000000
     220315.000 ns	     22030	80004c40	023c72b3	remu	x5,x24,x3	 x24:0x80041024  x3:0x00000000  x5=0x80041024
     220335.000 ns	     22032	80004c44	afddf593	andi	x11,x27,-1283	 x27:0x00000000 x11=0x00000000
     220355.000 ns	     22034	80004c48	d01772d3	fcvt.s.wu	f5,x14	 x14:0x00000000  f5=0x00000000
     220385.000 ns	     22037	80004c4c	e00c8cd3	fmv.x.w	x25,f25	 f25:0xbf045ede x25=0xbf045ede
     220415.000 ns	     22040	80004c50	027e6a33	rem	x20,x28,x7	 x28:0x80041024  x7:0x00000000 x20=0x80041024
     220785.000 ns	     22077	80004c54	031c7d33	remu	x26,x24,x17	 x24:0x80041024 x17:0x80040fe4 x26=0x00000040
     221155.000 ns	     22114	80004c58	038446b3	div	x13,x8,x24	  x8:0x00000001 x24:0x80041024 x13=0x00000000
     221175.000 ns	     22116	80004c5c	40fc0433	sub	x8,x24,x15	 x24:0x80041024 x15:0x04b9771d  x8=0x7b4a9907
     221185.000 ns	     22117	80004c60	95253313	sltiu	x6,x10,-1710	 x10:0x7fffe002  x6=0x00000001
     221205.000 ns	     22119	80004c64	284c97d3	fmax.s	f15,f25,f4	 f25:0xbf045ede  f4:0x50f5aa1c f15=0x50f5aa1c
     221225.000 ns	     22121	80004c68	01c21633	sll	x12,x4,x28	  x4:0x00000000 x28:0x80041024 x12=0x00000000
     221245.000 ns	     22123	80004c6c	a0528053	fle.s	x0,f5,f5	  f5:0x00000000  f5:0x00000000
     221265.000 ns	     22125	80004c70	0116f7b3	and	x15,x13,x17	 x13:0x00000000 x17:0x80040fe4 x15=0x00000000
     221285.000 ns	     22127	80004c74	02589233	mulh	x4,x17,x5	 x17:0x80040fe4  x5:0x80041024  x4=0x3ffbf00c
     221655.000 ns	     22164	80004c78	03917333	remu	x6,x2,x25	  x2:0x00000001 x25:0xbf045ede  x6=0x00000001
     221675.000 ns	     22166	80004c7c	408f50b3	sra	x1,x30,x8	 x30:0x00000005  x8:0x7b4a9907  x1=0x00000000
     221685.000 ns	     22167	80004c80	01a0b933	sltu	x18,x1,x26	  x1:0xffffffff x26:0x00000040 x18=0x00000001
     221705.000 ns	     22169	80004c84	c0177953	fcvt.wu.s	x18,f14	 f14:0x80000000 x18=0x00000000
     221735.000 ns	     22172	80004c88	20598053	fsgnj.s	f0,f19,f5	 f19:0xcf172e32  f5:0x00000000  f0=0x4f172e32
     221765.000 ns	     22175	80004c8c	20fa29d3	fsgnjx.s	f19,f20,f15	 f20:0x7fc00000 f15:0x50f5aa1c f19=0x7fc00000
     222945.000 ns	     22293	80004c90	58021d53	fsqrt.s	f26,f4	  f4:0x50f5aa1c f26=0x483153ca
     222965.000 ns	     22295	80004c94	52d397b7	lui	x15,0x52d39	 x15=0x52d39000
     222975.000 ns	     22296	80004c98	41fd0cb3	sub	x25,x26,x31	 x26:0x00000040 x31:0x00000000 x25=0x00000040
     222985.000 ns	     22297	80004c9c	984be813	ori	x16,x23,-1660	 x23:0x000001ff x16=0xfffff9ff
     222995.000 ns	     22298	80004ca0	01c99b13	slli	x22,x19,0x1c	 x19:0x02ec9b98 x22=0x80000000
     223015.000 ns	     22300	80004ca4	02c81433	mulh	x8,x16,x12	 x16:0x00000001 x12:0x00000000  x8=0x00000000
     223035.000 ns	     22302	80004ca8	016cb733	sltu	x14,x25,x22	 x25:0x00000040 x22:0x00000000 x14=0x00000001
     223055.000 ns	     22304	80004cac	a0e78753	fle.s	x14,f15,f14	 f15:0x50f5aa1c f14:0x80000000 x14=0x00000000
     223085.000 ns	     22307	80004cb0	a01486d3	fle.s	x13,f9,f1	  f9:0x80000000  f1:0x00000000 x13=0x00000001
     223105.000 ns	     22309	80004cb4	00499633	sll	x12,x19,x4	 x19:0x02ec9b98  x4:0x3ffbf00c x12=0xc9b98000
     223115.000 ns	     22310	80004cb8	4119d113	srai	x2,x19,0x11	 x19:0x02ec9b98  x2=0x00000176
     223135.000 ns	     22312	80004cbc	285c85d3	fmin.s	f11,f25,f5	 f25:0xbf045ede  f5:0x00000000 f11=0xbf045ede
     223155.000 ns	     22314	80004cc0	015e4cb3	xor	x25,x28,x21	 x28:0x80041024 x21:0x8d000000 x25=0x0d041024
     223175.000 ns	     22316	80004cc4	02fb1133	mulh	x2,x22,x15	 x22:0x80000000 x15:0x52d39000  x2=0xd6963800
     223545.000 ns	     22353	80004cc8	02cbeb33	rem	x22,x23,x12	 x23:0x000001ff x12:0xc9b98000 x22=0x000001ff
     223575.000 ns	     22356	80004ccc	d019fc53	fcvt.s.wu	f24,x19	 x19:0x02ec9b98 f24=0x4c3b26e6
     223605.000 ns	     22359	80004cd0	02678c33	mul	x24,x15,x6	 x15:0x52d39000  x6:0x00000001 x24=0x52d39000
     223975.000 ns	     22396	80004cd4	03e977b3	remu	x15,x18,x30	 x18:0x00000000 x30:0x00000005 x15=0x00000000
     224345.000 ns	     22433	80004cd8	03c16533	rem	x10,x2,x28	  x2:0xd6963800 x28:0x80041024 x10=0xd6963800
     224385.000 ns	     22437	80004cdc	19ef2153	fdiv.s	f2,f30,f30	 f30:0x80000000 f30:0x80000000  f2=0x7fc00000
     224405.000 ns	     22439	80004ce0	41e0d593	srai	x11,x1,0x1e	  x1:0x00000000 x11=0x00000000
     224415.000 ns	     22440	80004ce4	00c40ab3	add	x21,x8,x12	  x8:0x00000000 x12:0xc9b98000 x21=0xc9b98000
     224435.000 ns	     22442	80004ce8	20ea99d3	fsgnjn.s	f19,f21,f14	 f21:0x3f800000 f14:0x80000000 f19=0x3f800000
     224465.000 ns	     22445	80004cec	02f75133	divu	x2,x14,x15	 x14:0x00000000 x15:0x00000000  x2=0xffffffff
     224495.000 ns	     22448	80004cf0	02bad4b3	divu	x9,x21,x11	 x21:0xc9b98000 x11:0x00000000  x9=0xffffffff
     224515.000 ns	     22450	80004cf4	61a5f497	auipc	x9,0x61a5f	  x9=0xe1a63cf4
     224525.000 ns	     22451	80004cf8	415b80b3	sub	x1,x23,x21	 x23:0x000001ff x21:0xc9b98000  x1=0x364681ff
     224545.000 ns	     22453	80004cfc	c0117353	fcvt.wu.s	x6,f2	  f2:0x7fc00000  x6=0xffffffff
     224575.000 ns	     22456	80004d00	e0019ed3	fclass.s	x29,f3	  f3:0xffc00000 x29=0x00000200
     224605.000 ns	     22459	80004d04	c017a7d3	fcvt.wu.s	x15,f15	 f15:0x50f5aa1c x15=0xffffffff
     224635.000 ns	     22462	80004d08	a12ca953	feq.s	x18,f25,f18	 f25:0xbf045ede f18:0x000006b5 x18=0x00000000
     224655.000 ns	     22464	80004d0c	00dbdfb3	srl	x31,x23,x13	 x23:0x000001ff x13:0x00000001 x31=0x000000ff
     224675.000 ns	     22466	80004d10	03043433	mulhu	x8,x8,x16	  x8:0x00000000 x16:0xfffff9ff  x8=0x00000000
     224705.000 ns	     22469	80004d14	026f12b3	mulh	x5,x30,x6	 x30:0x00000005  x6:0xffffffff  x5=0xffffffff
     224725.000 ns	     22471	80004d18	2aa4a413	slti	x8,x9,682	  x9:0xe1a63cf4  x8=0x00000001
     224745.000 ns	     22473	80004d1c	a19c1053	flt.s	x0,f24,f25	 f24:0x4c3b26e6 f25:0xbf045ede
     224775.000 ns	     22476	80004d20	024a34b3	mulhu	x9,x20,x4	 x20:0x80041024  x4:0x3ffbf00c  x9=0x1ffefbfe
     224805.000 ns	     22479	80004d24	a1ad0dd3	fle.s	x27,f26,f26	 f26:0x483153ca f26:0x483153ca x27=0x00000001
     224835.000 ns	     22482	80004d28	20f81153	fsgnjn.s	f2,f16,f15	 f16:0x7fc00000 f15:0x50f5aa1c  f2=0xffc00000
     224885.000 ns	     22487	80004d2c	08d1fc53	fsub.s	f24,f3,f13	  f3:0xffc00000 f13:0x7fc00000 f24=0x7fc00000
     224915.000 ns	     22490	80004d30	d00ef653	fcvt.s.w	f12,x29	 x29:0x00000200 f12=0x44000000
     224935.000 ns	     22492	80004d34	057d8813	addi	x16,x27,87	 x27:0x00000001 x16=0x00000058
     224955.000 ns	     22494	80004d38	a0229ad3	flt.s	x21,f5,f2	  f5:0x00000000  f2:0xffc00000 x21=0x00000000
     224975.000 ns	     22496	80004d3c	8a3f6c97	auipc	x25,0x8a3f6	 x25=0x0a3fad3c
     224995.000 ns	     22498	80004d40	032131b3	mulhu	x3,x2,x18	  x2:0xffffffff x18:0x00000000  x3=0x00000000
     225015.000 ns	     22500	80004d44	18e12837	lui	x16,0x18e12	 x16=0x18e12000
     225025.000 ns	     22501	80004d48	472e97b7	lui	x15,0x472e9	 x15=0x472e9000
     225045.000 ns	     22503	80004d4c	a1a2a5d3	feq.s	x11,f5,f26	  f5:0x00000000 f26:0x483153ca x11=0x00000000
     225415.000 ns	     22540	80004d50	026a5233	divu	x4,x20,x6	 x20:0x80041024  x6:0xffffffff  x4=0x00000000
     225445.000 ns	     22543	80004d54	e0038bd3	fmv.x.w	x23,f7	  f7:0x53f33ffc x23=0x53f33ffc
     225465.000 ns	     22545	80004d58	508c8413	addi	x8,x25,1288	 x25:0x0a3fad3c  x8=0x0a3fb244
     225485.000 ns	     22547	80004d5c	032301b3	mul	x3,x6,x18	  x6:0xffffffff x18:0x00000000  x3=0x00000000
     225505.000 ns	     22549	80004d60	0014ec33	or	x24,x9,x1	  x9:0x1ffefbfe  x1:0x364681ff x24=0x3ffefbff
     225525.000 ns	     22551	80004d64	d00af9d3	fcvt.s.w	f19,x21	 x21:0x00000000 f19=0x00000000
     225555.000 ns	     22554	80004d68	d00f77d3	fcvt.s.w	f15,x30	 x30:0x00000005 f15=0x40a00000
     225575.000 ns	     22556	80004d6c	015bda93	srli	x21,x23,0x15	 x23:0x53f33ffc x21=0x0000029f
     225615.000 ns	     22560	80004d70	00929b53	fadd.s	f22,f5,f9	  f5:0x00000000  f9:0x80000000 f22=0x80000000
     225635.000 ns	     22562	80004d74	401addb3	sra	x27,x21,x1	 x21:0x00000000  x1:0x364681ff x27=0x00000000
     225645.000 ns	     22563	80004d78	40a40c33	sub	x24,x8,x10	  x8:0x0a3fb244 x10:0xd6963800 x24=0x33a97a44
     225665.000 ns	     22565	80004d7c	e00f13d3	fclass.s	x7,f30	 f30:0x80000000  x7=0x00000008
     225685.000 ns	     22567	80004d80	00d25313	srli	x6,x4,0xd	  x4:0x00000000  x6=0x00000000
     225695.000 ns	     22568	80004d84	001f8833	add	x16,x31,x1	 x31:0x000000ff  x1:0x364681ff x16=0x364682fe
     225715.000 ns	     22570	80004d88	29ba07d3	fmin.s	f15,f20,f27	 f20:0x7fc00000 f27:0x80000000 f15=0x80000000
     225745.000 ns	     22573	80004d8c	29699853	fmax.s	f16,f19,f22	 f19:0x00000000 f22:0x80000000 f16=0x00000000
     225765.000 ns	     22575	80004d90	73c7ee93	ori	x29,x15,1852	 x15:0x472e9000 x29=0x472e973c
     225785.000 ns	     22577	80004d94	d01032d3	fcvt.s.wu	f5,x0	  x0:0x00000000  f5=0x00000000
     225805.000 ns	     22579	80004d98	01d14cb3	xor	x25,x2,x29	  x2:0xffffffff x29:0x00000200 x25=0xb8d168c3
     225815.000 ns	     22580	80004d9c	05bc6e93	ori	x29,x24,91	 x24:0x33a97a44 x29=0x33a97a5f
     225835.000 ns	     22582	80004da0	02c08933	mul	x18,x1,x12	  x1:0x364681ff x12:0xc9b98000 x18=0x69468000
     225865.000 ns	     22585	80004da4	03b663b3	rem	x7,x12,x27	 x12:0xc9b98000 x27:0x00000000  x7=0xc9b98000
     225895.000 ns	     22588	80004da8	d0069553	fcvt.s.w	f10,x13	 x13:0x00000001 f10=0x3f800000
     225915.000 ns	     22590	80004dac	00892133	slt	x2,x18,x8	 x18:0x69468000  x8:0x0a3fb244  x2=0x00000000
     225935.000 ns	     22592	80004db0	d005a8d3	fcvt.s.w	f17,x11	 x11:0x00000000 f17=0x00000000
     225965.000 ns	     22595	80004db4	d01c76d3	fcvt.s.wu	f13,x24	 x24:0x33a97a44 f13=0x4e4ea5e9
     225995.000 ns	     22598	80004db8	a19d19d3	flt.s	x19,f26,f25	 f26:0x483153ca f25:0xbf045ede x19=0x00000000
     226025.000 ns	     22601	80004dbc	20caa053	fsgnjx.s	f0,f21,f12	 f21:0x3f800000 f12:0x44000000  f0=0x3f800000
     226045.000 ns	     22603	80004dc0	00f44bb3	xor	x23,x8,x15	  x8:0x0a3fb244 x15:0x472e9000 x23=0x4d112244
     226055.000 ns	     22604	80004dc4	00975433	srl	x8,x14,x9	 x14:0x00000000  x9:0x1ffefbfe  x8=0x00000000
     226065.000 ns	     22605	80004dc8	00a4ddb3	srl	x27,x9,x10	  x9:0x1ffefbfe x10:0xd6963800 x27=0x1ffefbfe
     226085.000 ns	     22607	80004dcc	02fc0133	mul	x2,x24,x15	 x24:0x33a97a44 x15:0x472e9000  x2=0x28fe4000
     226105.000 ns	     22609	80004dd0	426755b7	lui	x11,0x42675	 x11=0x42675000
     226125.000 ns	     22611	80004dd4	c01d0a53	fcvt.wu.s	x20,f26	 f26:0x483153ca x20=0x0002c54f
     226145.000 ns	     22613	80004dd8	b2696737	lui	x14,0xb2696	 x14=0xb2696000
     226155.000 ns	     22614	80004ddc	01885a13	srli	x20,x16,0x18	 x16:0x364682fe x20=0x00000036
     226175.000 ns	     22616	80004de0	e00d9b53	fclass.s	x22,f27	 f27:0x80000000 x22=0x00000008
     226205.000 ns	     22619	80004de4	02953eb3	mulhu	x29,x10,x9	 x10:0xd6963800  x9:0x1ffefbfe x29=0x1ad1ed0d
     226235.000 ns	     22622	80004de8	21d616d3	fsgnjn.s	f13,f12,f29	 f12:0x44000000 f29:0xffc00000 f13=0x44000000
     226265.000 ns	     22625	80004dec	a0402653	feq.s	x12,f0,f4	  f0:0x3f800000  f4:0x50f5aa1c x12=0x00000000
     226295.000 ns	     22628	80004df0	29898653	fmin.s	f12,f19,f24	 f19:0x00000000 f24:0x7fc00000 f12=0x00000000
     226665.000 ns	     22665	80004df4	03526eb3	rem	x29,x4,x21	  x4:0x00000000 x21:0x0000029f x29=0x00000000
     226695.000 ns	     22668	80004df8	038d89b3	mul	x19,x27,x24	 x27:0x1ffefbfe x24:0x33a97a44 x19=0xf87ffb78
     226715.000 ns	     22670	80004dfc	37323093	sltiu	x1,x4,883	  x4:0x00000000  x1=0x00000001
     226745.000 ns	     22673	80004e00	117f7fd3	fmul.s	f31,f30,f23	 f30:0x80000000 f23:0xbf045ede f31=0x00000000
     226775.000 ns	     22676	80004e04	c00b7753	fcvt.w.s	x14,f22	 f22:0x80000000 x14=0x00000000
     226805.000 ns	     22679	80004e08	a01dafd3	feq.s	x31,f27,f1	 f27:0x80000000  f1:0x00000000 x31=0x00000001
     226825.000 ns	     22681	80004e0c	006ec833	xor	x16,x29,x6	 x29:0x00000000  x6:0x00000000 x16=0x00000000
     226835.000 ns	     22682	80004e10	017f3a33	sltu	x20,x30,x23	 x30:0x00000005 x23:0x4d112244 x20=0x00000001
     226845.000 ns	     22683	80004e14	0161a1b3	slt	x3,x3,x22	  x3:0x00000000 x22:0x00000008  x3=0x00000001
     226885.000 ns	     22687	80004e18	08ff7653	fsub.s	f12,f30,f15	 f30:0x80000000 f15:0x80000000 f12=0x00000000
     226915.000 ns	     22690	80004e1c	21e5aed3	fsgnjx.s	f29,f11,f30	 f11:0xbf045ede f30:0x80000000 f29=0x3f045ede
     226955.000 ns	     22694	80004e20	580d8853	fsqrt.s	f16,f27	 f27:0x80000000 f16=0x80000000
     226975.000 ns	     22696	80004e24	d860b393	sltiu	x7,x1,-634	  x1:0x00000001  x7=0x00000001
     226985.000 ns	     22697	80004e28	019ccfb3	xor	x31,x25,x25	 x25:0xb8d168c3 x25:0xb8d168c3 x31=0x00000000
     227005.000 ns	     22699	80004e2c	c01cf0d3	fcvt.wu.s	x1,f25	 f25:0xbf045ede  x1=0x00000000
     227055.000 ns	     22704	80004e30	0009a8d3	fadd.s	f17,f19,f0	 f19:0x00000000  f0:0x3f800000 f17=0x3f800000
     227085.000 ns	     22707	80004e34	d01ef653	fcvt.s.wu	f12,x29	 x29:0x00000000 f12=0x00000000
     227125.000 ns	     22711	80004e38	18b733d3	fdiv.s	f7,f14,f11	 f14:0x80000000 f11:0xbf045ede  f7=0x00000000
     227145.000 ns	     22713	80004e3c	41fa5033	sra	x0,x20,x31	 x20:0x00000001 x31:0x00000000
     227155.000 ns	     22714	80004e40	012fe633	or	x12,x31,x18	 x31:0x00000000 x18:0x69468000 x12=0x69468000
     227175.000 ns	     22716	80004e44	20b12c53	fsgnjx.s	f24,f2,f11	  f2:0xffc00000 f11:0xbf045ede f24=0x7fc00000
     227205.000 ns	     22719	80004e48	d00ff7d3	fcvt.s.w	f15,x31	 x31:0x00000000 f15=0x00000000
     227235.000 ns	     22722	80004e4c	216ca1d3	fsgnjx.s	f3,f25,f22	 f25:0xbf045ede f22:0x80000000  f3=0x3f045ede
     227255.000 ns	     22724	80004e50	00a827b3	slt	x15,x16,x10	 x16:0x00000000 x10:0xd6963800 x15=0x00000000
     228425.000 ns	     22841	80004e54	580ef2d3	fsqrt.s	f5,f29	 f29:0x3f045ede  f5=0x3ebb32c0
     228445.000 ns	     22843	80004e58	00abb033	sltu	x0,x23,x10	 x23:0x4d112244 x10:0xd6963800
     228465.000 ns	     22845	80004e5c	f00d8fd3	fmv.w.x	f31,x27	 x27:0x1ffefbfe f31=0x1ffefbfe
     228495.000 ns	     22848	80004e60	030a1133	mulh	x2,x20,x16	 x20:0x00000001 x16:0x00000000  x2=0x00000000
     228515.000 ns	     22850	80004e64	00009fb3	sll	x31,x1,x0	  x1:0x00000000  x0:0x00000000 x31=0x00000000
     228525.000 ns	     22851	80004e68	b897dc17	auipc	x24,0xb897d	 x24=0x38981e68
     228555.000 ns	     22854	80004e6c	11597253	fmul.s	f4,f18,f21	 f18:0x000006b5 f21:0x3f800000  f4=0x000006b6
     228575.000 ns	     22856	80004e70	017987b3	add	x15,x19,x23	 x19:0xf87ffb78 x23:0x4d112244 x15=0x45911dbc
     228585.000 ns	     22857	80004e74	00fb4a33	xor	x20,x22,x15	 x22:0x00000008 x15:0x00000000 x20=0x45911db4
     228595.000 ns	     22858	80004e78	41ca0933	sub	x18,x20,x28	 x20:0x00000001 x28:0x80041024 x18=0xc58d0d90
     228615.000 ns	     22860	80004e7c	a043a453	feq.s	x8,f7,f4	  f7:0x00000000  f4:0x000006b6  x8=0x00000000
     228645.000 ns	     22863	80004e80	291f0c53	fmin.s	f24,f30,f17	 f30:0x80000000 f17:0x3f800000 f24=0x80000000
     228665.000 ns	     22865	80004e84	40df52b3	sra	x5,x30,x13	 x30:0x00000005 x13:0x00000001  x5=0x00000002
     228675.000 ns	     22866	80004e88	00000013	addi	x0,x0,0	  x0:0x00000000
     228685.000 ns	     22867	80004e8c	eb5da113	slti	x2,x27,-331	 x27:0x1ffefbfe  x2=0x00000000
     228695.000 ns	     22868	80004e90	00ec9e93	slli	x29,x25,0xe	 x25:0xb8d168c3 x29=0x5a30c000
     229055.000 ns	     22904	80004e94	03e3d9b3	divu	x19,x7,x30	  x7:0x00000001 x30:0x00000005 x19=0x00000000
     229425.000 ns	     22941	80004e98	02347433	remu	x8,x8,x3	  x8:0x00000000  x3:0x00000001  x8=0x00000000
     229445.000 ns	     22943	80004e9c	84074013	xori	x0,x14,-1984	 x14:0x00000000
     229465.000 ns	     22945	80004ea0	02489833	mulh	x16,x17,x4	 x17:0x80040fe4  x4:0x00000000 x16=0x00000000
     229485.000 ns	     22947	80004ea4	72ed2ab7	lui	x21,0x72ed2	 x21=0x72ed2000
     229495.000 ns	     22948	80004ea8	012f1a93	slli	x21,x30,0x12	 x30:0x00000005 x21=0x00140000
     229505.000 ns	     22949	80004eac	21fc44b7	lui	x9,0x21fc4	  x9=0x21fc4000
     229515.000 ns	     22950	80004eb0	3b5e0313	addi	x6,x28,949	 x28:0x80041024  x6=0x800413d9
     229525.000 ns	     22951	80004eb4	41308bb3	sub	x23,x1,x19	  x1:0x00000000 x19:0x00000000 x23=0x00000000
     229535.000 ns	     22952	80004eb8	37794213	xori	x4,x18,887	 x18:0xc58d0d90  x4=0xc58d0ee7
     229545.000 ns	     22953	80004ebc	00000013	addi	x0,x0,0	  x0:0x00000000
     229555.000 ns	     22954	80004ec0	2109e613	ori	x12,x19,528	 x19:0x00000000 x12=0x00000210
     229565.000 ns	     22955	80004ec4	a1abe793	ori	x15,x23,-1510	 x23:0x00000000 x15=0xfffffa1a
     229585.000 ns	     22957	80004ec8	038f39b3	mulhu	x19,x30,x24	 x30:0x00000005 x24:0x38981e68 x19=0x00000001
     229605.000 ns	     22959	80004ecc	4e650793	addi	x15,x10,1254	 x10:0xd6963800 x15=0xd6963ce6
     229615.000 ns	     22960	80004ed0	01091593	slli	x11,x18,0x10	 x18:0xc58d0d90 x11=0x0d900000
     229635.000 ns	     22962	80004ed4	29910b53	fmin.s	f22,f2,f25	  f2:0xffc00000 f25:0xbf045ede f22=0xbf045ede
     229655.000 ns	     22964	80004ed8	fcfb2a93	slti	x21,x22,-49	 x22:0x00000008 x21=0x00000000
     229675.000 ns	     22966	80004edc	28590853	fmin.s	f16,f18,f5	 f18:0x000006b5  f5:0x3ebb32c0 f16=0x000006b5
     229695.000 ns	     22968	80004ee0	00000013	addi	x0,x0,0	  x0:0x00000000
     229705.000 ns	     22969	80004ee4	01ba6eb3	or	x29,x20,x27	 x20:0x45911db4 x27:0x1ffefbfe x29=0x5ffffffe
     229725.000 ns	     22971	80004ee8	21b72753	fsgnjx.s	f14,f14,f27	 f14:0x80000000 f27:0x80000000 f14=0x00000000
     229745.000 ns	     22973	80004eec	98026f93	ori	x31,x4,-1664	  x4:0xc58d0ee7 x31=0xffffffe7
     229755.000 ns	     22974	80004ef0	85f6e913	ori	x18,x13,-1953	 x13:0x00000001 x18=0xfffff85f
     229765.000 ns	     22975	80004ef4	8a2ec213	xori	x4,x29,-1886	 x29:0x5ffffffe  x4=0xa000075c
     229785.000 ns	     22977	80004ef8	03f5bbb3	mulhu	x23,x11,x31	 x11:0x0d900000 x31:0xffffffe7 x23=0x0d8ffffe
     229835.000 ns	     22982	80004efc	007baa53	fadd.s	f20,f23,f7	 f23:0xbf045ede  f7:0x00000000 f20=0xbf045ede
     229855.000 ns	     22984	80004f00	b58681b7	lui	x3,0xb5868	  x3=0xb5868000
     229875.000 ns	     22986	80004f04	d000c453	fcvt.s.w	f8,x1	  x1:0x00000000  f8=0x00000000
     229905.000 ns	     22989	80004f08	02711d33	mulh	x26,x2,x7	  x2:0x00000000  x7:0x00000001 x26=0x00000000
     229935.000 ns	     22992	80004f0c	297b1253	fmax.s	f4,f22,f23	 f22:0xbf045ede f23:0xbf045ede  f4=0xbf045ede
     229965.000 ns	     22995	80004f10	d00bf2d3	fcvt.s.w	f5,x23	 x23:0x0d8ffffe  f5=0x4d58ffff
     229985.000 ns	     22997	80004f14	00be9cb3	sll	x25,x29,x11	 x29:0x5ffffffe x11:0x0d900000 x25=0x5ffffffe
     230005.000 ns	     22999	80004f18	0303db33	divu	x22,x7,x16	  x7:0x00000001 x16:0x00000000 x22=0xffffffff
     230035.000 ns	     23002	80004f1c	d00a8853	fcvt.s.w	f16,x21	 x21:0x00000000 f16=0x00000000
     230055.000 ns	     23004	80004f20	cd668197	auipc	x3,0xcd668	  x3=0x4d66cf20
     230065.000 ns	     23005	80004f24	066d4b13	xori	x22,x26,102	 x26:0x00000000 x22=0x00000066
     230075.000 ns	     23006	80004f28	41875933	sra	x18,x14,x24	 x14:0x00000000 x24:0x38981e68 x18=0x00000000
     230095.000 ns	     23008	80004f2c	283e0053	fmin.s	f0,f28,f3	 f28:0x00000000  f3:0x3f045ede  f0=0x00000000
     230125.000 ns	     23011	80004f30	f00d0353	fmv.w.x	f6,x26	 x26:0x00000000  f6=0x00000000
     230145.000 ns	     23013	80004f34	4180d4b3	sra	x9,x1,x24	  x1:0x00000000 x24:0x38981e68  x9=0x00000000
     230165.000 ns	     23015	80004f38	e00d0d53	fmv.x.w	x26,f26	 f26:0x483153ca x26=0x483153ca
     230195.000 ns	     23018	80004f3c	a0c6a2d3	feq.s	x5,f13,f12	 f13:0x44000000 f12:0x00000000  x5=0x00000000
     230215.000 ns	     23020	80004f40	66bc7e93	andi	x29,x24,1643	 x24:0x38981e68 x29=0x00000668
     230235.000 ns	     23022	80004f44	e00a9bd3	fclass.s	x23,f21	 f21:0x3f800000 x23=0x00000040
     230275.000 ns	     23026	80004f48	19c185d3	fdiv.s	f11,f3,f28	  f3:0x3f045ede f28:0x00000000 f11=0x7f800000
     230295.000 ns	     23028	80004f4c	01de2733	slt	x14,x28,x29	 x28:0x80041024 x29:0x00000668 x14=0x00000001
     230315.000 ns	     23030	80004f50	a0d80253	fle.s	x4,f16,f13	 f16:0x00000000 f13:0x44000000  x4=0x00000001
     230345.000 ns	     23033	80004f54	a0130d53	fle.s	x26,f6,f1	  f6:0x00000000  f1:0x00000000 x26=0x00000001
     230375.000 ns	     23036	80004f58	28a31453	fmax.s	f8,f6,f10	  f6:0x00000000 f10:0x3f800000  f8=0x3f800000
     230415.000 ns	     23040	80004f5c	19817e53	fdiv.s	f28,f2,f24	  f2:0xffc00000 f24:0x80000000 f28=0x7fc00000
     230435.000 ns	     23042	80004f60	4062d293	srai	x5,x5,0x6	  x5:0x00000000  x5=0x00000000
     230465.000 ns	     23045	80004f64	191677d3	fdiv.s	f15,f12,f17	 f12:0x00000000 f17:0x3f800000 f15=0x00000000
     230485.000 ns	     23047	80004f68	014ad633	srl	x12,x21,x20	 x21:0x00000000 x20:0x45911db4 x12=0x00000000
     230505.000 ns	     23049	80004f6c	20be29d3	fsgnjx.s	f19,f28,f11	 f28:0x7fc00000 f11:0x7f800000 f19=0x7fc00000
     230525.000 ns	     23051	80004f70	017e5cb3	srl	x25,x28,x23	 x28:0x80041024 x23:0x00000040 x25=0x80041024
     230545.000 ns	     23053	80004f74	e00e1dd3	fclass.s	x27,f28	 f28:0x7fc00000 x27=0x00000200
     230565.000 ns	     23055	80004f78	00241693	slli	x13,x8,0x2	  x8:0x00000000 x13=0x00000000
     230585.000 ns	     23057	80004f7c	a0052fd3	feq.s	x31,f10,f0	 f10:0x3f800000  f0:0x00000000 x31=0x00000000
     230615.000 ns	     23060	80004f80	035e4833	div	x16,x28,x21	 x28:0x80041024 x21:0x00000000 x16=0xffffffff
     230635.000 ns	     23062	80004f84	006d36b3	sltu	x13,x26,x6	 x26:0x00000001  x6:0x800413d9 x13=0x00000001
     230645.000 ns	     23063	80004f88	41a60d33	sub	x26,x12,x26	 x12:0x00000000 x26:0x00000001 x26=0xffffffff
     230655.000 ns	     23064	80004f8c	49773313	sltiu	x6,x14,1175	 x14:0x00000001  x6=0x00000001
     230665.000 ns	     23065	80004f90	84026313	ori	x6,x4,-1984	  x4:0x00000001  x6=0xfffff841
     230675.000 ns	     23066	80004f94	cefcbc13	sltiu	x24,x25,-785	 x25:0x80041024 x24=0x00000001
     230695.000 ns	     23068	80004f98	20531ed3	fsgnjn.s	f29,f6,f5	  f6:0x00000000  f5:0x4d58ffff f29=0x80000000
     230715.000 ns	     23070	80004f9c	01e42cb3	slt	x25,x8,x30	  x8:0x00000000 x30:0x00000005 x25=0x00000001
     231075.000 ns	     23106	80004fa0	03c95033	divu	x0,x18,x28	 x18:0x00000000 x28:0x80041024
     231095.000 ns	     23108	80004fa4	005c5793	srli	x15,x24,0x5	 x24:0x00000001 x15=0x00000000
     231115.000 ns	     23110	80004fa8	21ad2a53	fsgnjx.s	f20,f26,f26	 f26:0x483153ca f26:0x483153ca f20=0x483153ca
     231155.000 ns	     23114	80004fac	10b5a0d3	fmul.s	f1,f11,f11	 f11:0x7f800000 f11:0x7f800000  f1=0x7f800000
     231195.000 ns	     23118	80004fb0	580f73d3	fsqrt.s	f7,f30	 f30:0x80000000  f7=0x80000000
     231215.000 ns	     23120	80004fb4	00ad1cb3	sll	x25,x26,x10	 x26:0xffffffff x10:0xd6963800 x25=0xffffffff
     231225.000 ns	     23121	80004fb8	01109d13	slli	x26,x1,0x11	  x1:0x00000000 x26=0x00000000
     231235.000 ns	     23122	80004fbc	01d80d33	add	x26,x16,x29	 x16:0xffffffff x29:0x00000668 x26=0x00000667
     231245.000 ns	     23123	80004fc0	0051b333	sltu	x6,x3,x5	  x3:0x4d66cf20  x5:0x00000000  x6=0x00000000
     231255.000 ns	     23124	80004fc4	1405c293	xori	x5,x11,320	 x11:0x0d900000  x5=0x0d900140
     231275.000 ns	     23126	80004fc8	a0501953	flt.s	x18,f0,f5	  f0:0x00000000  f5:0x4d58ffff x18=0x00000001
     231295.000 ns	     23128	80004fcc	4f76a793	slti	x15,x13,1271	 x13:0x00000001 x15=0x00000001
     231305.000 ns	     23129	80004fd0	00000013	addi	x0,x0,0	  x0:0x00000000
     231325.000 ns	     23131	80004fd4	21140653	fsgnj.s	f12,f8,f17	  f8:0x3f800000 f17:0x3f800000 f12=0x3f800000
     231355.000 ns	     23134	80004fd8	21a51553	fsgnjn.s	f10,f10,f26	 f10:0x3f800000 f26:0x483153ca f10=0xbf800000
     231385.000 ns	     23137	80004fdc	d00288d3	fcvt.s.w	f17,x5	  x5:0x0d900140 f17=0x4d590014
     232335.000 ns	     23232	80004fe0	580a9c53	fsqrt.s	f24,f21	 f21:0x3f800000 f24=0x3f7fffae
     232365.000 ns	     23235	80004fe4	a1172253	feq.s	x4,f14,f17	 f14:0x00000000 f17:0x4d590014  x4=0x00000000
     232395.000 ns	     23238	80004fe8	0202efb3	rem	x31,x5,x0	  x5:0x0d900140  x0:0x00000000 x31=0x0d900140
     232425.000 ns	     23241	80004fec	e00e1653	fclass.s	x12,f28	 f28:0x7fc00000 x12=0x00000200
     232455.000 ns	     23244	80004ff0	21c88853	fsgnj.s	f16,f17,f28	 f17:0x4d590014 f28:0x7fc00000 f16=0x4d590014
     232475.000 ns	     23246	80004ff4	05056a13	ori	x20,x10,80	 x10:0xd6963800 x20=0xd6963850
     232485.000 ns	     23247	80004ff8	40080bb3	sub	x23,x16,x0	 x16:0xffffffff  x0:0x00000000 x23=0xffffffff
     232505.000 ns	     23249	80004ffc	298596d3	fmax.s	f13,f11,f24	 f11:0x7f800000 f24:0x3f7fffae f13=0x7f800000
     232525.000 ns	     23251	80005000	003c5093	srli	x1,x24,0x3	 x24:0x00000001  x1=0x00000000
     232545.000 ns	     23253	80005004	a110aed3	feq.s	x29,f1,f17	  f1:0x7f800000 f17:0x4d590014 x29=0x00000000
     232575.000 ns	     23256	80005008	21600353	fsgnj.s	f6,f0,f22	  f0:0x00000000 f22:0xbf045ede  f6=0x80000000
     232605.000 ns	     23259	8000500c	c0148953	fcvt.wu.s	x18,f9	  f9:0x80000000 x18=0x00000000
     232625.000 ns	     23261	80005010	00ee9433	sll	x8,x29,x14	 x29:0x00000000 x14:0x00000001  x8=0x00000000
     232655.000 ns	     23264	80005014	5804f2d3	fsqrt.s	f5,f9	  f9:0x80000000  f5=0x80000000
     232675.000 ns	     23266	80005018	f25354b7	lui	x9,0xf2535	  x9=0xf2535000
     232685.000 ns	     23267	8000501c	40cc5833	sra	x16,x24,x12	 x24:0x00000001 x12:0x00000200 x16=0x00000001
     232695.000 ns	     23268	80005020	408a5f93	srai	x31,x20,0x8	 x20:0xd6963850 x31=0xffd69638
     232705.000 ns	     23269	80005024	01ad5533	srl	x10,x26,x26	 x26:0x00000667 x26:0x00000667 x10=0x0000000c
     232715.000 ns	     23270	80005028	d0860593	addi	x11,x12,-760	 x12:0x00000200 x11=0xffffff08
     232725.000 ns	     23271	8000502c	004a0433	add	x8,x20,x4	 x20:0xd6963850  x4:0x00000000  x8=0xd6963850
     232745.000 ns	     23273	80005030	a1952fd3	feq.s	x31,f10,f25	 f10:0xbf800000 f25:0xbf045ede x31=0x00000000
     233115.000 ns	     23310	80005034	0299dc33	divu	x24,x19,x9	 x19:0x00000001  x9:0xf2535000 x24=0x00000000
     233135.000 ns	     23312	80005038	00f84eb3	xor	x29,x16,x15	 x16:0x00000001 x15:0x00000001 x29=0x00000000
     233145.000 ns	     23313	8000503c	01014733	xor	x14,x2,x16	  x2:0x00000000 x16:0x00000001 x14=0x00000001
     233155.000 ns	     23314	80005040	34ac4113	xori	x2,x24,842	 x24:0x00000000  x2=0x0000034a
     233175.000 ns	     23316	80005044	e0069653	fclass.s	x12,f13	 f13:0x7f800000 x12=0x00000080
     233545.000 ns	     23353	80005048	02355833	divu	x16,x10,x3	 x10:0x0000000c  x3:0x4d66cf20 x16=0x00000000
     233575.000 ns	     23356	8000504c	28a11f53	fmax.s	f30,f2,f10	  f2:0xffc00000 f10:0xbf800000 f30=0xbf800000
     233595.000 ns	     23358	80005050	7fffa437	lui	x8,0x7fffa	  x8=0x7fffa000
     233635.000 ns	     23362	80005054	010d7c53	fadd.s	f24,f26,f16	 f26:0x483153ca f16:0x4d590014 f24=0x4d592c68
     233655.000 ns	     23364	80005058	00abf3b3	and	x7,x23,x10	 x23:0xffffffff x10:0x0000000c  x7=0x0000000c
     233675.000 ns	     23366	8000505c	e0049653	fclass.s	x12,f9	  f9:0x80000000 x12=0x00000008
     233705.000 ns	     23369	80005060	02bd2fb3	mulhsu	x31,x26,x11	 x26:0x00000667 x11:0xffffff08 x31=0x00000666
     233735.000 ns	     23372	80005064	28680bd3	fmin.s	f23,f16,f6	 f16:0x4d590014  f6:0x80000000 f23=0x80000000
     233785.000 ns	     23377	80005068	087b9d53	fsub.s	f26,f23,f7	 f23:0xbf045ede  f7:0x80000000 f26=0x00000000
     233805.000 ns	     23379	8000506c	fdc0d4b7	lui	x9,0xfdc0d	  x9=0xfdc0d000
     233815.000 ns	     23380	80005070	ecacbc93	sltiu	x25,x25,-310	 x25:0xffffffff x25=0x00000000
     233825.000 ns	     23381	80005074	0097bc33	sltu	x24,x15,x9	 x15:0x00000001  x9:0xf2535000 x24=0x00000001
     233845.000 ns	     23383	80005078	03a4a633	mulhsu	x12,x9,x26	  x9:0xfdc0d000 x26:0x00000667 x12=0xfffffff1
     233875.000 ns	     23386	8000507c	28048653	fmin.s	f12,f9,f0	  f9:0x80000000  f0:0x00000000 f12=0x80000000
     233895.000 ns	     23388	80005080	ec9acbb7	lui	x23,0xec9ac	 x23=0xec9ac000
     233935.000 ns	     23392	80005084	013f3253	fadd.s	f4,f30,f19	 f30:0xbf800000 f19:0x7fc00000  f4=0x7fc00000
     233955.000 ns	     23394	80005088	740de493	ori	x9,x27,1856	 x27:0x00000200  x9=0x00000740
     233965.000 ns	     23395	8000508c	54d77b13	andi	x22,x14,1357	 x14:0x00000001 x22=0x00000001
     233985.000 ns	     23397	80005090	28550ed3	fmin.s	f29,f10,f5	 f10:0xbf800000  f5:0x80000000 f29=0xbf800000
     234005.000 ns	     23399	80005094	40d782b3	sub	x5,x15,x13	 x15:0x00000001 x13:0x00000001  x5=0x00000000
     234025.000 ns	     23401	80005098	29560ad3	fmin.s	f21,f12,f21	 f12:0x80000000 f21:0x3f800000 f21=0x80000000
     234055.000 ns	     23404	8000509c	20a81b53	fsgnjn.s	f22,f16,f10	 f16:0x4d590014 f10:0xbf800000 f22=0x4d590014
     234085.000 ns	     23407	800050a0	a10b1953	flt.s	x18,f22,f16	 f22:0xbf045ede f16:0x4d590014 x18=0x00000000
     234115.000 ns	     23410	800050a4	a126a053	feq.s	x0,f13,f18	 f13:0x7f800000 f18:0x000006b5
     234135.000 ns	     23412	800050a8	339d6593	ori	x11,x26,825	 x26:0x00000667 x11=0x0000077f
     234155.000 ns	     23414	800050ac	c01399d3	fcvt.wu.s	x19,f7	  f7:0x80000000 x19=0x00000000
     234185.000 ns	     23417	800050b0	039fe933	rem	x18,x31,x25	 x31:0x00000666 x25:0x00000000 x18=0x00000666
     234205.000 ns	     23419	800050b4	415d8c33	sub	x24,x27,x21	 x27:0x00000200 x21:0x00000000 x24=0x00000200
     234235.000 ns	     23422	800050b8	107d4ed3	fmul.s	f29,f26,f7	 f26:0x00000000  f7:0x80000000 f29=0x80000000
     234605.000 ns	     23459	800050bc	03c3dab3	divu	x21,x7,x28	  x7:0x0000000c x28:0x80041024 x21=0x00000000
     234635.000 ns	     23462	800050c0	f00d8053	fmv.w.x	f0,x27	 x27:0x00000200  f0=0x00000200
     234655.000 ns	     23464	800050c4	1b874137	lui	x2,0x1b874	  x2=0x1b874000
     234675.000 ns	     23466	800050c8	e00f81d3	fmv.x.w	x3,f31	 f31:0x1ffefbfe  x3=0x1ffefbfe
     234695.000 ns	     23468	800050cc	01bec533	xor	x10,x29,x27	 x29:0x00000000 x27:0x00000200 x10=0x00000200
     234715.000 ns	     23470	800050d0	d01d73d3	fcvt.s.wu	f7,x26	 x26:0x00000667  f7=0x44cce000
     234745.000 ns	     23473	800050d4	0218dab3	divu	x21,x17,x1	 x17:0x80040fe4  x1:0x00000000 x21=0xffffffff
     234775.000 ns	     23476	800050d8	02953433	mulhu	x8,x10,x9	 x10:0x00000200  x9:0x00000740  x8=0x00000000
     235145.000 ns	     23513	800050dc	023aca33	div	x20,x21,x3	 x21:0xffffffff  x3:0x1ffefbfe x20=0x00000000
     235165.000 ns	     23515	800050e0	01ddb333	sltu	x6,x27,x29	 x27:0x00000200 x29:0x00000000  x6=0x00000000
     236335.000 ns	     23632	800050e4	5801b853	fsqrt.s	f16,f3	  f3:0x3f045ede f16=0x3ebb32c0
     236355.000 ns	     23634	800050e8	c3283693	sltiu	x13,x16,-974	 x16:0x00000000 x13=0x00000001
     236375.000 ns	     23636	800050ec	21f40453	fsgnj.s	f8,f8,f31	  f8:0x3f800000 f31:0x1ffefbfe  f8=0x3f800000
     236395.000 ns	     23638	800050f0	001935b3	sltu	x11,x18,x1	 x18:0x00000666  x1:0x00000000 x11=0x00000000
     236415.000 ns	     23640	800050f4	a06e0a53	fle.s	x20,f28,f6	 f28:0x7fc00000  f6:0x80000000 x20=0x00000000
     236435.000 ns	     23642	800050f8	013e8733	add	x14,x29,x19	 x29:0x00000000 x19:0x00000000 x14=0x00000000
     236445.000 ns	     23643	800050fc	920a7697	auipc	x13,0x920a7	 x13=0x120ac0fc
     236455.000 ns	     23644	80005100	b5aaa317	auipc	x6,0xb5aaa	  x6=0x35aaf100
     236485.000 ns	     23647	80005104	184775d3	fdiv.s	f11,f14,f4	 f14:0x00000000  f4:0x7fc00000 f11=0x7fc00000
     236525.000 ns	     23651	80005108	18414fd3	fdiv.s	f31,f2,f4	  f2:0xffc00000  f4:0x7fc00000 f31=0x7fc00000
     236565.000 ns	     23655	8000510c	11ebf653	fmul.s	f12,f23,f30	 f23:0x80000000 f30:0xbf800000 f12=0x00000000
     236595.000 ns	     23658	80005110	e00707d3	fmv.x.w	x15,f14	 f14:0x00000000 x15=0x00000000
     236615.000 ns	     23660	80005114	146b1ab7	lui	x21,0x146b1	 x21=0x146b1000
     236625.000 ns	     23661	80005118	bce88993	addi	x19,x17,-1074	 x17:0x80040fe4 x19=0x80040bb2
     237795.000 ns	     23778	8000511c	58092e53	fsqrt.s	f28,f18	 f18:0x000006b5 f28=0x1f350e00
     238165.000 ns	     23815	80005120	03225933	divu	x18,x4,x18	  x4:0x00000000 x18:0x00000666 x18=0x00000000
     238205.000 ns	     23819	80005124	10b07bd3	fmul.s	f23,f0,f11	  f0:0x00000200 f11:0x7fc00000 f23=0x7fc00000
     238235.000 ns	     23822	80005128	2199a4d3	fsgnjx.s	f9,f19,f25	 f19:0x7fc00000 f25:0xbf045ede  f9=0xffc00000
     238265.000 ns	     23825	8000512c	c00c74d3	fcvt.w.s	x9,f24	 f24:0x4d592c68  x9=0x0d92c680
     238295.000 ns	     23828	80005130	c0137ed3	fcvt.wu.s	x29,f6	  f6:0x80000000 x29=0x00000000
     238315.000 ns	     23830	80005134	014134b3	sltu	x9,x2,x20	  x2:0x1b874000 x20:0x00000000  x9=0x00000000
     238335.000 ns	     23832	80005138	03f01fb3	mulh	x31,x0,x31	  x0:0x00000000 x31:0x00000666 x31=0x00000000
     238355.000 ns	     23834	8000513c	b12dc713	xori	x14,x27,-1262	 x27:0x00000200 x14=0xfffff912
     238375.000 ns	     23836	80005140	c0117bd3	fcvt.wu.s	x23,f2	  f2:0xffc00000 x23=0xffffffff
     238395.000 ns	     23838	80005144	00000013	addi	x0,x0,0	  x0:0x00000000
     238415.000 ns	     23840	80005148	28849c53	fmax.s	f24,f9,f8	  f9:0xffc00000  f8:0x3f800000 f24=0x3f800000
     238445.000 ns	     23843	8000514c	a18f2653	feq.s	x12,f30,f24	 f30:0xbf800000 f24:0x4d592c68 x12=0x00000000
     238475.000 ns	     23846	80005150	a15c8753	fle.s	x14,f25,f21	 f25:0xbf045ede f21:0x80000000 x14=0x00000001
     239655.000 ns	     23964	80005154	580079d3	fsqrt.s	f19,f0	  f0:0x00000200 f19=0x1f350758
     239685.000 ns	     23967	80005158	d011f5d3	fcvt.s.wu	f11,x3	  x3:0x1ffefbfe f11=0x4dfff7df
     239705.000 ns	     23969	8000515c	443ab193	sltiu	x3,x21,1091	 x21:0x146b1000  x3=0x00000000
     239725.000 ns	     23971	80005160	217396d3	fsgnjn.s	f13,f7,f23	  f7:0x44cce000 f23:0x7fc00000 f13=0xc4cce000
     239755.000 ns	     23974	80005164	a03d16d3	flt.s	x13,f26,f3	 f26:0x00000000  f3:0x3f045ede x13=0x00000001
     239785.000 ns	     23977	80005168	20b09153	fsgnjn.s	f2,f1,f11	  f1:0x7f800000 f11:0x4dfff7df  f2=0xff800000
     239805.000 ns	     23979	8000516c	00c32233	slt	x4,x6,x12	  x6:0x35aaf100 x12:0x00000000  x4=0x00000000
     239825.000 ns	     23981	80005170	211f8653	fsgnj.s	f12,f31,f17	 f31:0x7fc00000 f17:0x4d590014 f12=0x7fc00000
     239845.000 ns	     23983	80005174	00000013	addi	x0,x0,0	  x0:0x00000000
     239865.000 ns	     23985	80005178	201a2853	fsgnjx.s	f16,f20,f1	 f20:0x483153ca  f1:0x7f800000 f16=0x483153ca
     239885.000 ns	     23987	8000517c	3fe26013	ori	x0,x4,1022	  x4:0x00000000
     239895.000 ns	     23988	80005180	38afadb7	lui	x27,0x38afa	 x27=0x38afa000
     240255.000 ns	     24024	80005184	03a255b3	divu	x11,x4,x26	  x4:0x00000000 x26:0x00000667 x11=0x00000000
     240295.000 ns	     24028	80005188	1947f753	fdiv.s	f14,f15,f20	 f15:0x00000000 f20:0x483153ca f14=0x00000000
     240325.000 ns	     24031	8000518c	02c94233	div	x4,x18,x12	 x18:0x00000000 x12:0x00000000  x4=0xffffffff
     240345.000 ns	     24033	80005190	df36eab7	lui	x21,0xdf36e	 x21=0xdf36e000
     240365.000 ns	     24035	80005194	03233633	mulhu	x12,x6,x18	  x6:0x35aaf100 x18:0x00000000 x12=0x00000000
     240385.000 ns	     24037	80005198	04418413	addi	x8,x3,68	  x3:0x00000000  x8=0x00000044
     240405.000 ns	     24039	8000519c	039567b3	rem	x15,x10,x25	 x10:0x00000200 x25:0x00000000 x15=0x00000200
     240445.000 ns	     24043	800051a0	18d71e53	fdiv.s	f28,f14,f13	 f14:0x00000000 f13:0xc4cce000 f28=0x80000000
     240495.000 ns	     24048	800051a4	083e72d3	fsub.s	f5,f28,f3	 f28:0x1f350e00  f3:0x3f045ede  f5=0xbf045ede
     240515.000 ns	     24050	800051a8	013aac33	slt	x24,x21,x19	 x21:0xdf36e000 x19:0x80040bb2 x24=0x00000000
     240525.000 ns	     24051	800051ac	3ac40f93	addi	x31,x8,940	  x8:0x00000044 x31=0x000003f0
     240545.000 ns	     24053	800051b0	03c580b3	mul	x1,x11,x28	 x11:0x00000000 x28:0x80041024  x1=0x00000000
     240565.000 ns	     24055	800051b4	008fe533	or	x10,x31,x8	 x31:0x00000000  x8:0x00000044 x10=0x000003f4
     240585.000 ns	     24057	800051b8	295517d3	fmax.s	f15,f10,f21	 f10:0xbf800000 f21:0x80000000 f15=0x80000000
     240605.000 ns	     24059	800051bc	00096cb3	or	x25,x18,x0	 x18:0x00000000  x0:0x00000000 x25=0x00000000
     240625.000 ns	     24061	800051c0	c01bfad3	fcvt.wu.s	x21,f23	 f23:0x7fc00000 x21=0xffffffff
     240645.000 ns	     24063	800051c4	00ae07b3	add	x15,x28,x10	 x28:0x80041024 x10:0x000003f4 x15=0x80041418
     240675.000 ns	     24066	800051c8	1070f2d3	fmul.s	f5,f1,f7	  f1:0x7f800000  f7:0x44cce000  f5=0x7f800000
     241045.000 ns	     24103	800051cc	0360e533	rem	x10,x1,x22	  x1:0x00000000 x22:0x00000001 x10=0x00000000
     241065.000 ns	     24105	800051d0	01caf733	and	x14,x21,x28	 x21:0xffffffff x28:0x80041024 x14=0x80041024
     241075.000 ns	     24106	800051d4	413add93	srai	x27,x21,0x13	 x21:0xffffffff x27=0xffffffff
     241095.000 ns	     24108	800051d8	a05ca4d3	feq.s	x9,f25,f5	 f25:0xbf045ede  f5:0x7f800000  x9=0x00000000
     241125.000 ns	     24111	800051dc	02575833	divu	x16,x14,x5	 x14:0x80041024  x5:0x00000000 x16=0xffffffff
     241145.000 ns	     24113	800051e0	9f043c93	sltiu	x25,x8,-1552	  x8:0x00000044 x25=0x00000001
     241165.000 ns	     24115	800051e4	21629fd3	fsgnjn.s	f31,f5,f22	  f5:0x7f800000 f22:0x4d590014 f31=0xff800000
     241195.000 ns	     24118	800051e8	a0132c53	feq.s	x24,f6,f1	  f6:0x80000000  f1:0x7f800000 x24=0x00000000
     242375.000 ns	     24236	800051ec	58007d53	fsqrt.s	f26,f0	  f0:0x00000200 f26=0x1f350758
     242405.000 ns	     24239	800051f0	2138aa53	fsgnjx.s	f20,f17,f19	 f17:0x4d590014 f19:0x1f350758 f20=0x4d590014
     242435.000 ns	     24242	800051f4	f0020fd3	fmv.w.x	f31,x4	  x4:0xffffffff f31=0xffffffff
     242455.000 ns	     24244	800051f8	bbd2e1b7	lui	x3,0xbbd2e	  x3=0xbbd2e000
     242465.000 ns	     24245	800051fc	00c89833	sll	x16,x17,x12	 x17:0x80040fe4 x12:0x00000000 x16=0x80040fe4
     242485.000 ns	     24247	80005200	c016fdd3	fcvt.wu.s	x27,f13	 f13:0xc4cce000 x27=0x00000667
     242525.000 ns	     24251	80005204	580da3d3	fsqrt.s	f7,f27	 f27:0x80000000  f7=0x80000000
     242545.000 ns	     24253	80005208	003b8cb3	add	x25,x23,x3	 x23:0xffffffff  x3:0xbbd2e000 x25=0xbbd2dfff
     242555.000 ns	     24254	8000520c	008f0533	add	x10,x30,x8	 x30:0x00000005  x8:0x00000044 x10=0x00000049
     242565.000 ns	     24255	80005210	4070dab3	sra	x21,x1,x7	  x1:0x00000000  x7:0x0000000c x21=0x00000000
     242605.000 ns	     24259	80005214	01b3bd53	fadd.s	f26,f7,f27	  f7:0x80000000 f27:0x80000000 f26=0x80000000
     242625.000 ns	     24261	80005218	01c5a133	slt	x2,x11,x28	 x11:0x00000000 x28:0x80041024  x2=0x00000000
     242645.000 ns	     24263	8000521c	f00b8d53	fmv.w.x	f26,x23	 x23:0xffffffff f26=0xffffffff
     242675.000 ns	     24266	80005220	e00b8dd3	fmv.x.w	x27,f23	 f23:0x7fc00000 x27=0x7fc00000
     242695.000 ns	     24268	80005224	dd066d13	ori	x26,x12,-560	 x12:0x00000000 x26=0xfffffdd0
     242715.000 ns	     24270	80005228	0275a5b3	mulhsu	x11,x11,x7	 x11:0x00000000  x7:0x0000000c x11=0x00000000
     242735.000 ns	     24272	8000522c	00f2a0b3	slt	x1,x5,x15	  x5:0x00000000 x15:0x80041418  x1=0x00000000
     242755.000 ns	     24274	80005230	c00392d3	fcvt.w.s	x5,f7	  f7:0x80000000  x5=0x00000000
     242785.000 ns	     24277	80005234	20c620d3	fsgnjx.s	f1,f12,f12	 f12:0x7fc00000 f12:0x7fc00000  f1=0x7fc00000
     242805.000 ns	     24279	80005238	89f13117	auipc	x2,0x89f13	  x2=0x09f18238
     242815.000 ns	     24280	8000523c	40c88933	sub	x18,x17,x12	 x17:0x80040fe4 x12:0x00000000 x18=0x80040fe4
     242825.000 ns	     24281	80005240	01b19293	slli	x5,x3,0x1b	  x3:0xbbd2e000  x5=0x00000000
     242845.000 ns	     24283	80005244	e00c04d3	fmv.x.w	x9,f24	 f24:0x3f800000  x9=0x3f800000
     242875.000 ns	     24286	80005248	206e1053	fsgnjn.s	f0,f28,f6	 f28:0x80000000  f6:0x80000000  f0=0x00000000
     242895.000 ns	     24288	8000524c	37ff2513	slti	x10,x30,895	 x30:0x00000005 x10=0x00000001
     242905.000 ns	     24289	80005250	00a76cb3	or	x25,x14,x10	 x14:0x80041024 x10:0x00000049 x25=0x80041025
     242925.000 ns	     24291	80005254	c01effd3	fcvt.wu.s	x31,f29	 f29:0x80000000 x31=0x00000000
     242955.000 ns	     24294	80005258	f0058ed3	fmv.w.x	f29,x11	 x11:0x00000000 f29=0x00000000
     242975.000 ns	     24296	8000525c	51bf3a93	sltiu	x21,x30,1307	 x30:0x00000005 x21=0x00000001
     242985.000 ns	     24297	80005260	00000013	addi	x0,x0,0	  x0:0x00000000
     243005.000 ns	     24299	80005264	02f8a0b3	mulhsu	x1,x17,x15	 x17:0x80040fe4 x15:0x80041418  x1=0xbffffdf6
     243025.000 ns	     24301	80005268	89154413	xori	x8,x10,-1903	 x10:0x00000001  x8=0xfffff890
     243035.000 ns	     24302	8000526c	1b091097	auipc	x1,0x1b091	  x1=0x9b09626c
     243045.000 ns	     24303	80005270	00000013	addi	x0,x0,0	  x0:0x00000000
     243055.000 ns	     24304	80005274	41784093	xori	x1,x16,1047	 x16:0x80040fe4  x1=0x80040bf3
     243065.000 ns	     24305	80005278	0142b1b3	sltu	x3,x5,x20	  x5:0x00000000 x20:0x00000000  x3=0x00000000
     243075.000 ns	     24306	8000527c	40128ab3	sub	x21,x5,x1	  x5:0x00000000  x1:0x9b09626c x21=0x7ffbf40d
     243095.000 ns	     24308	80005280	e0099853	fclass.s	x16,f19	 f19:0x1f350758 x16=0x00000040
     243115.000 ns	     24310	80005284	01fa32b3	sltu	x5,x20,x31	 x20:0x00000000 x31:0x00000000  x5=0x00000000
     243125.000 ns	     24311	80005288	04936813	ori	x16,x6,73	  x6:0x35aaf100 x16=0x35aaf149
     243145.000 ns	     24313	8000528c	a0119fd3	flt.s	x31,f3,f1	  f3:0x3f045ede  f1:0x7fc00000 x31=0x00000000
     243185.000 ns	     24317	80005290	118af5d3	fmul.s	f11,f21,f24	 f21:0x80000000 f24:0x3f800000 f11=0x80000000
     243555.000 ns	     24354	80005294	03267b33	remu	x22,x12,x18	 x12:0x00000000 x18:0x80040fe4 x22=0x00000000
     243575.000 ns	     24356	80005298	f892a793	slti	x15,x5,-119	  x5:0x00000000 x15=0x00000000
     243585.000 ns	     24357	8000529c	019ec6b3	xor	x13,x29,x25	 x29:0x00000000 x25:0x80041025 x13=0x80041025
     243615.000 ns	     24360	800052a0	1062f4d3	fmul.s	f9,f5,f6	  f5:0x7f800000  f6:0x80000000  f9=0x7fc00000
     243645.000 ns	     24363	800052a4	20a6acd3	fsgnjx.s	f25,f13,f10	 f13:0xc4cce000 f10:0xbf800000 f25=0x44cce000
     243695.000 ns	     24368	800052a8	00f3f3d3	fadd.s	f7,f7,f15	  f7:0x80000000 f15:0x80000000  f7=0x80000000
     243715.000 ns	     24370	800052ac	00bbe733	or	x14,x23,x11	 x23:0xffffffff x11:0x00000000 x14=0xffffffff
     243735.000 ns	     24372	800052b0	a1d02053	feq.s	x0,f0,f29	  f0:0x00000000 f29:0x00000000
     243765.000 ns	     24375	800052b4	03558433	mul	x8,x11,x21	 x11:0x00000000 x21:0x7ffbf40d  x8=0x00000000
     243795.000 ns	     24378	800052b8	20262353	fsgnjx.s	f6,f12,f2	 f12:0x7fc00000  f2:0xff800000  f6=0xffc00000
     243815.000 ns	     24380	800052bc	59aac917	auipc	x18,0x59aac	 x18=0xd9ab12bc
     243835.000 ns	     24382	800052c0	03f717b3	mulh	x15,x14,x31	 x14:0xffffffff x31:0x00000000 x15=0x00000000
     244205.000 ns	     24419	800052c4	022c5733	divu	x14,x24,x2	 x24:0x00000000  x2:0x09f18238 x14=0x00000000
     244255.000 ns	     24424	800052c8	017679d3	fadd.s	f19,f12,f23	 f12:0x7fc00000 f23:0x7fc00000 f19=0x7fc00000
     244285.000 ns	     24427	800052cc	20dc2153	fsgnjx.s	f2,f24,f13	 f24:0x3f800000 f13:0xc4cce000  f2=0xbf800000
     244315.000 ns	     24430	800052d0	217b0e53	fsgnj.s	f28,f22,f23	 f22:0x4d590014 f23:0x7fc00000 f28=0x4d590014
     244335.000 ns	     24432	800052d4	0011e5b3	or	x11,x3,x1	  x3:0x00000000  x1:0x80040bf3 x11=0x80040bf3
     244345.000 ns	     24433	800052d8	57137593	andi	x11,x6,1393	  x6:0x35aaf100 x11=0x00000100
     244365.000 ns	     24435	800052dc	0233fcb3	remu	x25,x7,x3	  x7:0x0000000c  x3:0x00000000 x25=0x0000000c
     244395.000 ns	     24438	800052e0	035114b3	mulh	x9,x2,x21	  x2:0x09f18238 x21:0x7ffbf40d  x9=0x04f898df
     244765.000 ns	     24475	800052e4	02407fb3	remu	x31,x0,x4	  x0:0x00000000  x4:0xffffffff x31=0x00000000
     244795.000 ns	     24478	800052e8	d01e74d3	fcvt.s.wu	f9,x28	 x28:0x80041024  f9=0x4f000410
     244815.000 ns	     24480	800052ec	8af7f813	andi	x16,x15,-1873	 x15:0x00000000 x16=0x00000000
     244835.000 ns	     24482	800052f0	d01a9053	fcvt.s.wu	f0,x21	 x21:0x7ffbf40d  f0=0x4efff7e8
     244885.000 ns	     24487	800052f4	0993aed3	fsub.s	f29,f7,f25	  f7:0x80000000 f25:0x44cce000 f29=0xc4cce000
     244905.000 ns	     24489	800052f8	3d510b93	addi	x23,x2,981	  x2:0x09f18238 x23=0x09f1860d
     244915.000 ns	     24490	800052fc	012eac33	slt	x24,x29,x18	 x29:0x00000000 x18:0xd9ab12bc x24=0x00000000
     244945.000 ns	     24493	80005300	580ebcd3	fsqrt.s	f25,f29	 f29:0xc4cce000 f25=0x7fc00000
     244975.000 ns	     24496	80005304	c0194b53	fcvt.wu.s	x22,f18	 f18:0x000006b5 x22=0x00000000
     245345.000 ns	     24533	80005308	02746033	rem	x0,x8,x7	  x8:0x00000000  x7:0x0000000c
     245365.000 ns	     24535	8000530c	00a94bb3	xor	x23,x18,x10	 x18:0xd9ab12bc x10:0x00000001 x23=0xd9ab12bd
     245385.000 ns	     24537	80005310	e00812d3	fclass.s	x5,f16	 f16:0x483153ca  x5=0x00000040
     245405.000 ns	     24539	80005314	0121e833	or	x16,x3,x18	  x3:0x00000000 x18:0xd9ab12bc x16=0xd9ab12bc
     245415.000 ns	     24540	80005318	012a06b3	add	x13,x20,x18	 x20:0x00000000 x18:0xd9ab12bc x13=0xd9ab12bc
     245435.000 ns	     24542	8000531c	294d0d53	fmin.s	f26,f26,f20	 f26:0xffffffff f20:0x4d590014 f26=0x4d590014
     245465.000 ns	     24545	80005320	0365adb3	mulhsu	x27,x11,x22	 x11:0x00000100 x22:0x00000000 x27=0x00000000
     245485.000 ns	     24547	80005324	00000013	addi	x0,x0,0	  x0:0x00000000
     245495.000 ns	     24548	80005328	00680033	add	x0,x16,x6	 x16:0xd9ab12bc  x6:0x35aaf100
     245855.000 ns	     24584	8000532c	02ddc5b3	div	x11,x27,x13	 x27:0x00000000 x13:0xd9ab12bc x11=0x00000000
     245885.000 ns	     24587	80005330	217b0ad3	fsgnj.s	f21,f22,f23	 f22:0x4d590014 f23:0x7fc00000 f21=0x4d590014
     245915.000 ns	     24590	80005334	0341a1b3	mulhsu	x3,x3,x20	  x3:0x00000000 x20:0x00000000  x3=0x00000000
     245945.000 ns	     24593	80005338	c01b7553	fcvt.wu.s	x10,f22	 f22:0x4d590014 x10=0x0d900140
     245965.000 ns	     24595	8000533c	c7b63693	sltiu	x13,x12,-901	 x12:0x00000000 x13=0x00000001
     245975.000 ns	     24596	80005340	de04e313	ori	x6,x9,-544	  x9:0x04f898df  x6=0xfffffdff
     245985.000 ns	     24597	80005344	00000013	addi	x0,x0,0	  x0:0x00000000
     245995.000 ns	     24598	80005348	577aa413	slti	x8,x21,1399	 x21:0x7ffbf40d  x8=0x00000000
     246005.000 ns	     24599	8000534c	014186b3	add	x13,x3,x20	  x3:0x00000000 x20:0x00000000 x13=0x00000000
     246025.000 ns	     24601	80005350	c0057753	fcvt.w.s	x14,f10	 f10:0xbf800000 x14=0x00000001
     246045.000 ns	     24603	80005354	6e370113	addi	x2,x14,1763	 x14:0x00000000  x2=0x000006e4
     246065.000 ns	     24605	80005358	d00cf7d3	fcvt.s.w	f15,x25	 x25:0x0000000c f15=0x41400000
     246085.000 ns	     24607	8000535c	00de7c33	and	x24,x28,x13	 x28:0x80041024 x13:0x00000000 x24=0x00000000
     246095.000 ns	     24608	80005360	01768333	add	x6,x13,x23	 x13:0x00000000 x23:0xd9ab12bd  x6=0xd9ab12bd
     246115.000 ns	     24610	80005364	28bc01d3	fmin.s	f3,f24,f11	 f24:0x3f800000 f11:0x80000000  f3=0x80000000
     246135.000 ns	     24612	80005368	00ce4333	xor	x6,x28,x12	 x28:0x80041024 x12:0x00000000  x6=0x80041024
     246155.000 ns	     24614	8000536c	a1da0253	fle.s	x4,f20,f29	 f20:0x4d590014 f29:0xc4cce000  x4=0x00000000
     246175.000 ns	     24616	80005370	004641b3	xor	x3,x12,x4	 x12:0x00000000  x4:0xffffffff  x3=0x00000000
     246195.000 ns	     24618	80005374	f0048b53	fmv.w.x	f22,x9	  x9:0x04f898df f22=0x04f898df
     246565.000 ns	     24655	80005378	033879b3	remu	x19,x16,x19	 x16:0xd9ab12bc x19:0x80040bb2 x19=0x59a7070a
     246595.000 ns	     24658	8000537c	2106aa53	fsgnjx.s	f20,f13,f16	 f13:0xc4cce000 f16:0x483153ca f20=0xc4cce000
     246615.000 ns	     24660	80005380	01265313	srli	x6,x12,0x12	 x12:0x00000000  x6=0x00000000
     246625.000 ns	     24661	80005384	411902b3	sub	x5,x18,x17	 x18:0xd9ab12bc x17:0x80040fe4  x5=0x59a702d8
     246635.000 ns	     24662	80005388	00000013	addi	x0,x0,0	  x0:0x00000000
     246655.000 ns	     24664	8000538c	03dc8ab3	mul	x21,x25,x29	 x25:0x0000000c x29:0x00000000 x21=0x00000000
     247835.000 ns	     24782	80005390	580c7753	fsqrt.s	f14,f24	 f24:0x3f800000 f14=0x3f7fffae
     247885.000 ns	     24787	80005394	018dc5d3	fadd.s	f11,f27,f24	 f27:0x80000000 f24:0x3f800000 f11=0x3f800000
     247905.000 ns	     24789	80005398	fbac2493	slti	x9,x24,-70	 x24:0x00000000  x9=0x00000000
     247915.000 ns	     24790	8000539c	b59c8637	lui	x12,0xb59c8	 x12=0xb59c8000
     247925.000 ns	     24791	800053a0	003135b3	sltu	x11,x2,x3	  x2:0x000006e4  x3:0x00000000 x11=0x00000000
     247935.000 ns	     24792	800053a4	01999833	sll	x16,x19,x25	 x19:0x59a7070a x25:0x0000000c x16=0x7070a000
     247955.000 ns	     24794	800053a8	f00909d3	fmv.w.x	f19,x18	 x18:0xd9ab12bc f19=0xd9ab12bc
     247975.000 ns	     24796	800053ac	0022d093	srli	x1,x5,0x2	  x5:0x59a702d8  x1=0x1669c0b6
     247985.000 ns	     24797	800053b0	c8603193	sltiu	x3,x0,-890	  x0:0x00000000  x3=0x00000001
     248015.000 ns	     24800	800053b4	117d4853	fmul.s	f16,f26,f23	 f26:0x4d590014 f23:0x7fc00000 f16=0x7fc00000
     248035.000 ns	     24802	800053b8	00e893b3	sll	x7,x17,x14	 x17:0x80040fe4 x14:0x00000001  x7=0x00081fc8
     248055.000 ns	     24804	800053bc	e00107d3	fmv.x.w	x15,f2	  f2:0xbf800000 x15=0xbf800000
     248085.000 ns	     24807	800053c0	026bb533	mulhu	x10,x23,x6	 x23:0xd9ab12bd  x6:0x00000000 x10=0x00000000
     248105.000 ns	     24809	800053c4	41df8fb3	sub	x31,x31,x29	 x31:0x00000000 x29:0x00000000 x31=0x00000000
     248125.000 ns	     24811	800053c8	29ae0953	fmin.s	f18,f28,f26	 f28:0x4d590014 f26:0x4d590014 f18=0x4d590014
     248155.000 ns	     24814	800053cc	a09a0dd3	fle.s	x27,f20,f9	 f20:0xc4cce000  f9:0x4f000410 x27=0x00000001
     248185.000 ns	     24817	800053d0	e0049753	fclass.s	x14,f9	  f9:0x4f000410 x14=0x00000040
     248215.000 ns	     24820	800053d4	e00592d3	fclass.s	x5,f11	 f11:0x3f800000  x5=0x00000040
     248235.000 ns	     24822	800053d8	0164d0b3	srl	x1,x9,x22	  x9:0x00000000 x22:0x00000000  x1=0x00000000
     248265.000 ns	     24825	800053dc	10c5fbd3	fmul.s	f23,f11,f12	 f11:0x3f800000 f12:0x7fc00000 f23=0x7fc00000
     248295.000 ns	     24828	800053e0	029e8533	mul	x10,x29,x9	 x29:0x00000000  x9:0x00000000 x10=0x00000000
     248315.000 ns	     24830	800053e4	00fd1b13	slli	x22,x26,0xf	 x26:0xfffffdd0 x22=0xfee80000
     248345.000 ns	     24833	800053e8	19fef4d3	fdiv.s	f9,f29,f31	 f29:0xc4cce000 f31:0xffffffff  f9=0x7fc00000
     248375.000 ns	     24836	800053ec	21ad1dd3	fsgnjn.s	f27,f26,f26	 f26:0x4d590014 f26:0x4d590014 f27=0xcd590014
     248415.000 ns	     24840	800053f0	18147753	fdiv.s	f14,f8,f1	  f8:0x3f800000  f1:0x7fc00000 f14=0x7fc00000
     248455.000 ns	     24844	800053f4	5806ffd3	fsqrt.s	f31,f13	 f13:0xc4cce000 f31=0x7fc00000
     248475.000 ns	     24846	800053f8	672d8513	addi	x10,x27,1650	 x27:0x00000001 x10=0x00000673
     248495.000 ns	     24848	800053fc	a07503d3	fle.s	x7,f10,f7	 f10:0xbf800000  f7:0x80000000  x7=0x00000001
     248545.000 ns	     24853	80005400	084078d3	fsub.s	f17,f0,f4	  f0:0x4efff7e8  f4:0x7fc00000 f17=0x7fc00000
     248565.000 ns	     24855	80005404	00a870b3	and	x1,x16,x10	 x16:0x7070a000 x10:0x00000673  x1=0x00000000
     248575.000 ns	     24856	80005408	2faecb93	xori	x23,x29,762	 x29:0x00000000 x23=0x000002fa
     248585.000 ns	     24857	8000540c	7b801417	auipc	x8,0x7b801	  x8=0xfb80640c
     248595.000 ns	     24858	80005410	a0a77213	andi	x4,x14,-1526	 x14:0x00000040  x4=0x00000000
     248615.000 ns	     24860	80005414	211e8453	fsgnj.s	f8,f29,f17	 f29:0xc4cce000 f17:0x7fc00000  f8=0x44cce000
     248985.000 ns	     24897	80005418	03165133	divu	x2,x12,x17	 x12:0xb59c8000 x17:0x80040fe4  x2=0x00000001
     249005.000 ns	     24899	8000541c	7d90bd13	sltiu	x26,x1,2009	  x1:0x00000000 x26=0x00000001
     249365.000 ns	     24935	80005420	0256db33	divu	x22,x13,x5	 x13:0x00000000  x5:0x00000040 x22=0x00000000
     249385.000 ns	     24937	80005424	4f5e6a13	ori	x20,x28,1269	 x28:0x80041024 x20=0x800414f5
     249745.000 ns	     24973	80005428	031864b3	rem	x9,x16,x17	 x16:0x7070a000 x17:0x80040fe4  x9=0x7070a000
     249775.000 ns	     24976	8000542c	c01cf053	fcvt.wu.s	x0,f25	 f25:0x7fc00000
     249805.000 ns	     24979	80005430	032aa3b3	mulhsu	x7,x21,x18	 x21:0x00000000 x18:0xd9ab12bc  x7=0x00000000
     249845.000 ns	     24983	80005434	11dc7653	fmul.s	f12,f24,f29	 f24:0x3f800000 f29:0xc4cce000 f12=0xc4cce000
     249865.000 ns	     24985	80005438	00f907b3	add	x15,x18,x15	 x18:0xd9ab12bc x15:0xbf800000 x15=0x992b12bc
     249885.000 ns	     24987	8000543c	21b91153	fsgnjn.s	f2,f18,f27	 f18:0x4d590014 f27:0xcd590014  f2=0x4d590014
     249915.000 ns	     24990	80005440	c01ba253	fcvt.wu.s	x4,f23	 f23:0x7fc00000  x4=0xffffffff
     249945.000 ns	     24993	80005444	d0170453	fcvt.s.wu	f8,x14	 x14:0x00000040  f8=0x42800000
     249965.000 ns	     24995	80005448	409c8333	sub	x6,x25,x9	 x25:0x0000000c  x9:0x7070a000  x6=0x8f8f600c
     249985.000 ns	     24997	8000544c	a05aa4d3	feq.s	x9,f21,f5	 f21:0x4d590014  f5:0x7f800000  x9=0x00000000
     250015.000 ns	     25000	80005450	039fa833	mulhsu	x16,x31,x25	 x31:0x00000000 x25:0x0000000c x16=0x00000000
     250035.000 ns	     25002	80005454	01435713	srli	x14,x6,0x14	  x6:0x8f8f600c x14=0x000008f8
     250395.000 ns	     25038	80005458	02c2c133	div	x2,x5,x12	  x5:0x00000040 x12:0xb59c8000  x2=0x00000000
     250425.000 ns	     25041	8000545c	e0051ad3	fclass.s	x21,f10	 f10:0xbf800000 x21=0x00000002
     250445.000 ns	     25043	80005460	00000013	addi	x0,x0,0	  x0:0x00000000
     250485.000 ns	     25047	80005464	004cb9d3	fadd.s	f19,f25,f4	 f25:0x7fc00000  f4:0x7fc00000 f19=0x7fc00000
     250515.000 ns	     25050	80005468	219b13d3	fsgnjn.s	f7,f22,f25	 f22:0x04f898df f25:0x7fc00000  f7=0x84f898df
     250885.000 ns	     25087	8000546c	0250f933	remu	x18,x1,x5	  x1:0x00000000  x5:0x00000040 x18=0x00000000
     251255.000 ns	     25124	80005470	039ed3b3	divu	x7,x29,x25	 x29:0x00000000 x25:0x0000000c  x7=0x00000000
     251285.000 ns	     25127	80005474	20c485d3	fsgnj.s	f11,f9,f12	  f9:0x7fc00000 f12:0xc4cce000 f11=0xffc00000
     251305.000 ns	     25129	80005478	d501ad93	slti	x27,x3,-688	  x3:0x00000001 x27=0x00000000
     251325.000 ns	     25131	8000547c	2041ab53	fsgnjx.s	f22,f3,f4	  f3:0x80000000  f4:0x7fc00000 f22=0x80000000
     251355.000 ns	     25134	80005480	c001f853	fcvt.w.s	x16,f3	  f3:0x80000000 x16=0x00000000
     251395.000 ns	     25138	80005484	111223d3	fmul.s	f7,f4,f17	  f4:0x7fc00000 f17:0x7fc00000  f7=0x7fc00000
     251425.000 ns	     25141	80005488	025a3333	mulhu	x6,x20,x5	 x20:0x800414f5  x5:0x00000040  x6=0x00000020
     251475.000 ns	     25146	8000548c	008171d3	fadd.s	f3,f2,f8	  f2:0x4d590014  f8:0x42800000  f3=0x4d590018
     251495.000 ns	     25148	80005490	002587b3	add	x15,x11,x2	 x11:0x00000000  x2:0x00000000 x15=0x00000000
     251505.000 ns	     25149	80005494	00c81fb3	sll	x31,x16,x12	 x16:0x00000000 x12:0xb59c8000 x31=0x00000000
     251525.000 ns	     25151	80005498	c01c72d3	fcvt.wu.s	x5,f24	 f24:0x3f800000  x5=0x00000001
     251545.000 ns	     25153	8000549c	88576a13	ori	x20,x14,-1915	 x14:0x000008f8 x20=0xfffff8fd
     251555.000 ns	     25154	800054a0	1506a313	slti	x6,x13,336	 x13:0x00000000  x6=0x00000001
     251575.000 ns	     25156	800054a4	292a8a53	fmin.s	f20,f21,f18	 f21:0x4d590014 f18:0x4d590014 f20=0x4d590014
     251605.000 ns	     25159	800054a8	02069fb3	mulh	x31,x13,x0	 x13:0x00000000  x0:0x00000000 x31=0x00000000
     251635.000 ns	     25162	800054ac	03e12bb3	mulhsu	x23,x2,x30	  x2:0x00000000 x30:0x00000005 x23=0x00000000
     251665.000 ns	     25165	800054b0	034d8633	mul	x12,x27,x20	 x27:0x00000000 x20:0xfffff8fd x12=0x00000000
     251695.000 ns	     25168	800054b4	d012f6d3	fcvt.s.wu	f13,x5	  x5:0x00000001 f13=0x3f800000
     251715.000 ns	     25170	800054b8	01dd5493	srli	x9,x26,0x1d	 x26:0x00000001  x9=0x00000000
     251725.000 ns	     25171	800054bc	01538833	add	x16,x7,x21	  x7:0x00000000 x21:0x00000002 x16=0x00000002
     251745.000 ns	     25173	800054c0	c0147653	fcvt.wu.s	x12,f8	  f8:0x42800000 x12=0x00000040
     251765.000 ns	     25175	800054c4	53f28793	addi	x15,x5,1343	  x5:0x00000001 x15=0x00000540
     251775.000 ns	     25176	800054c8	00e945b3	xor	x11,x18,x14	 x18:0x00000000 x14:0x000008f8 x11=0x000008f8
     252135.000 ns	     25212	800054cc	02f2e833	rem	x16,x5,x15	  x5:0x00000001 x15:0x00000000 x16=0x00000001
     252155.000 ns	     25214	800054d0	0007e333	or	x6,x15,x0	 x15:0x00000540  x0:0x00000000  x6=0x00000540
     252175.000 ns	     25216	800054d4	e0078853	fmv.x.w	x16,f15	 f15:0x41400000 x16=0x41400000
     252195.000 ns	     25218	800054d8	62937213	andi	x4,x6,1577	  x6:0x00000001  x4=0x00000400
     252205.000 ns	     25219	800054dc	40e75a13	srai	x20,x14,0xe	 x14:0x000008f8 x20=0x00000000
     252225.000 ns	     25221	800054e0	f0090a53	fmv.w.x	f20,x18	 x18:0x00000000 f20=0x00000000
     252245.000 ns	     25223	800054e4	b4f4bf93	sltiu	x31,x9,-1201	  x9:0x00000000 x31=0x00000001
     252265.000 ns	     25225	800054e8	d00cfe53	fcvt.s.w	f28,x25	 x25:0x0000000c f28=0x41400000
     252635.000 ns	     25262	800054ec	03f547b3	div	x15,x10,x31	 x10:0x00000673 x31:0x00000000 x15=0x00000673
     252665.000 ns	     25265	800054f0	035f14b3	mulh	x9,x30,x21	 x30:0x00000005 x21:0x00000002  x9=0x00000000
     252685.000 ns	     25267	800054f4	b2a98413	addi	x8,x19,-1238	 x19:0x59a7070a  x8=0x59a70234
     253045.000 ns	     25303	800054f8	02fa5233	divu	x4,x20,x15	 x20:0x00000000 x15:0x00000673  x4=0x00000000
     254225.000 ns	     25421	800054fc	580af7d3	fsqrt.s	f15,f21	 f21:0x4d590014 f15=0x4619713f
     254245.000 ns	     25423	80005500	010a9d33	sll	x26,x21,x16	 x21:0x00000002 x16:0x41400000 x26=0x00000002
     254265.000 ns	     25425	80005504	a09707d3	fle.s	x15,f14,f9	 f14:0x7fc00000  f9:0x7fc00000 x15=0x00000000
     254285.000 ns	     25427	80005508	5fdea5b7	lui	x11,0x5fdea	 x11=0x5fdea000
     254295.000 ns	     25428	8000550c	01948333	add	x6,x9,x25	  x9:0x00000000 x25:0x0000000c  x6=0x0000000c
     254315.000 ns	     25430	80005510	c00e1853	fcvt.w.s	x16,f28	 f28:0x41400000 x16=0x0000000c
     254335.000 ns	     25432	80005514	004c4833	xor	x16,x24,x4	 x24:0x00000000  x4:0x00000000 x16=0x00000000
     254345.000 ns	     25433	80005518	00000013	addi	x0,x0,0	  x0:0x00000000
     254355.000 ns	     25434	8000551c	0044b433	sltu	x8,x9,x4	  x9:0x00000000  x4:0x00000000  x8=0x00000000
     254365.000 ns	     25435	80005520	003e99b3	sll	x19,x29,x3	 x29:0x00000000  x3:0x00000001 x19=0x00000000
     254375.000 ns	     25436	80005524	40db8933	sub	x18,x23,x13	 x23:0x00000000 x13:0x00000000 x18=0x00000000
     254395.000 ns	     25438	80005528	e00a00d3	fmv.x.w	x1,f20	 f20:0x00000000  x1=0x00000000
     254425.000 ns	     25441	8000552c	e00a0c53	fmv.x.w	x24,f20	 f20:0x00000000 x24=0x00000000
     254445.000 ns	     25443	80005530	01f21593	slli	x11,x4,0x1f	  x4:0x00000000 x11=0x00000000
     254465.000 ns	     25445	80005534	29149553	fmax.s	f10,f9,f17	  f9:0x7fc00000 f17:0x7fc00000 f10=0x7fc00000
     254495.000 ns	     25448	80005538	03788d33	mul	x26,x17,x23	 x17:0x80040fe4 x23:0x00000000 x26=0x00000000
     254525.000 ns	     25451	8000553c	0213f5b3	remu	x11,x7,x1	  x7:0x00000000  x1:0x00000000 x11=0x00000000
     254545.000 ns	     25453	80005540	007a0b33	add	x22,x20,x7	 x20:0x00000000  x7:0x00000000 x22=0x00000000
     254565.000 ns	     25455	80005544	a0029fd3	flt.s	x31,f5,f0	  f5:0x7f800000  f0:0x4efff7e8 x31=0x00000000
     254585.000 ns	     25457	80005548	010c15b3	sll	x11,x24,x16	 x24:0x00000000 x16:0x00000000 x11=0x00000000
     254605.000 ns	     25459	8000554c	d005fcd3	fcvt.s.w	f25,x11	 x11:0x00000000 f25=0x00000000
     254625.000 ns	     25461	80005550	e1a18113	addi	x2,x3,-486	  x3:0x00000001  x2=0xfffffe1b
     254635.000 ns	     25462	80005554	01b3a0b3	slt	x1,x7,x27	  x7:0x00000000 x27:0x00000000  x1=0x00000000
     254675.000 ns	     25466	80005558	0137ae53	fadd.s	f28,f15,f19	 f15:0x4619713f f19:0x7fc00000 f28=0x7fc00000
     254705.000 ns	     25469	8000555c	c00971d3	fcvt.w.s	x3,f18	 f18:0x4d590014  x3=0x0d900140
     254725.000 ns	     25471	80005560	8bdb3493	sltiu	x9,x22,-1859	 x22:0x00000000  x9=0x00000001
     254745.000 ns	     25473	80005564	f00c81d3	fmv.w.x	f3,x25	 x25:0x0000000c  f3=0x0000000c
     254775.000 ns	     25476	80005568	21259ad3	fsgnjn.s	f21,f11,f18	 f11:0xffc00000 f18:0x4d590014 f21=0xffc00000
     254795.000 ns	     25478	8000556c	bddef213	andi	x4,x29,-1059	 x29:0x00000000  x4=0x00000000
     254815.000 ns	     25480	80005570	205209d3	fsgnj.s	f19,f4,f5	  f4:0x7fc00000  f5:0x7f800000 f19=0x7fc00000
     254835.000 ns	     25482	80005574	96c4ce93	xori	x29,x9,-1684	  x9:0x00000001 x29=0xfffff96d
     254845.000 ns	     25483	80005578	35e78013	addi	x0,x15,862	 x15:0x00000000
     254865.000 ns	     25485	8000557c	e0018d53	fmv.x.w	x26,f3	  f3:0x0000000c x26=0x0000000c
     254885.000 ns	     25487	80005580	59d36093	ori	x1,x6,1437	  x6:0x0000000c  x1=0x0000059d
     254895.000 ns	     25488	80005584	f0797793	andi	x15,x18,-249	 x18:0x00000000 x15=0x00000000
     254915.000 ns	     25490	80005588	02938733	mul	x14,x7,x9	  x7:0x00000000  x9:0x00000001 x14=0x00000000
     254955.000 ns	     25494	8000558c	18507cd3	fdiv.s	f25,f0,f5	  f0:0x4efff7e8  f5:0x7f800000 f25=0x00000000
     254985.000 ns	     25497	80005590	036bdbb3	divu	x23,x23,x22	 x23:0x00000000 x22:0x00000000 x23=0xffffffff
     255005.000 ns	     25499	80005594	0161c0b3	xor	x1,x3,x22	  x3:0x0d900140 x22:0x00000000  x1=0x0d900140
     255015.000 ns	     25500	80005598	00dc1013	slli	x0,x24,0xd	 x24:0x00000000
     255035.000 ns	     25502	8000559c	a0fea3d3	feq.s	x7,f29,f15	 f29:0xc4cce000 f15:0x4619713f  x7=0x00000000
     255065.000 ns	     25505	800055a0	a0ec9c53	flt.s	x24,f25,f14	 f25:0x00000000 f14:0x7fc00000 x24=0x00000000
     255095.000 ns	     25508	800055a4	028e6333	rem	x6,x28,x8	 x28:0x80041024  x8:0x00000000  x6=0x80041024
     255115.000 ns	     25510	800055a8	40458a33	sub	x20,x11,x4	 x11:0x00000000  x4:0x00000000 x20=0x00000000
     255125.000 ns	     25511	800055ac	015fc7b3	xor	x15,x31,x21	 x31:0x00000000 x21:0x00000002 x15=0x00000002
     255135.000 ns	     25512	800055b0	a55dee93	ori	x29,x27,-1451	 x27:0x00000000 x29=0xfffffa55
     255155.000 ns	     25514	800055b4	e00a1453	fclass.s	x8,f20	 f20:0x00000000  x8=0x00000010
     255525.000 ns	     25551	800055b8	02a87833	remu	x16,x16,x10	 x16:0x00000000 x10:0x00000673 x16=0x00000000
     255545.000 ns	     25553	800055bc	01e006b3	add	x13,x0,x30	  x0:0x00000000 x30:0x00000005 x13=0x00000005
     255565.000 ns	     25555	800055c0	e00e07d3	fmv.x.w	x15,f28	 f28:0x7fc00000 x15=0x7fc00000
     255605.000 ns	     25559	800055c4	580cfcd3	fsqrt.s	f25,f25	 f25:0x00000000 f25=0x00000000
     255625.000 ns	     25561	800055c8	069db117	auipc	x2,0x69db	  x2=0x869e05c8
     255645.000 ns	     25563	800055cc	02b7c933	div	x18,x15,x11	 x15:0x7fc00000 x11:0x00000000 x18=0xffffffff
     255665.000 ns	     25565	800055d0	011e9d13	slli	x26,x29,0x11	 x29:0xfffffa55 x26=0xf4aa0000
     255675.000 ns	     25566	800055d4	d5820b93	addi	x23,x4,-680	  x4:0x00000000 x23=0xfffffd58
     255685.000 ns	     25567	800055d8	01c82c33	slt	x24,x16,x28	 x16:0x00000000 x28:0x80041024 x24=0x00000000
     255705.000 ns	     25569	800055dc	c01ff3d3	fcvt.wu.s	x7,f31	 f31:0x7fc00000  x7=0xffffffff
     255735.000 ns	     25572	800055e0	038bc6b3	div	x13,x23,x24	 x23:0xfffffd58 x24:0x00000000 x13=0xffffffff
     255765.000 ns	     25575	800055e4	c01200d3	fcvt.wu.s	x1,f4	  f4:0x7fc00000  x1=0xffffffff
     255795.000 ns	     25578	800055e8	21128dd3	fsgnj.s	f27,f5,f17	  f5:0x7f800000 f17:0x7fc00000 f27=0x7f800000
     256165.000 ns	     25615	800055ec	02976fb3	rem	x31,x14,x9	 x14:0x00000000  x9:0x00000001 x31=0x00000000
     256195.000 ns	     25618	800055f0	295c8053	fmin.s	f0,f25,f21	 f25:0x00000000 f21:0xffc00000  f0=0x00000000
     256215.000 ns	     25620	800055f4	010c7333	and	x6,x24,x16	 x24:0x00000000 x16:0x00000000  x6=0x00000000
     256245.000 ns	     25623	800055f8	10303b53	fmul.s	f22,f0,f3	  f0:0x00000000  f3:0x0000000c f22=0x00000000
     256285.000 ns	     25627	800055fc	5805fbd3	fsqrt.s	f23,f11	 f11:0xffc00000 f23=0x7fc00000
     256305.000 ns	     25629	80005600	002ae633	or	x12,x21,x2	 x21:0x00000002  x2:0x869e05c8 x12=0x869e05ca
     256315.000 ns	     25630	80005604	00000013	addi	x0,x0,0	  x0:0x00000000
     256675.000 ns	     25666	80005608	025e5033	divu	x0,x28,x5	 x28:0x80041024  x5:0x00000001
     256705.000 ns	     25669	8000560c	28308453	fmin.s	f8,f1,f3	  f1:0x7fc00000  f3:0x0000000c  f8=0x0000000c
     256725.000 ns	     25671	80005610	75094493	xori	x9,x18,1872	 x18:0xffffffff  x9=0xfffff8af
     256735.000 ns	     25672	80005614	00b0cbb3	xor	x23,x1,x11	  x1:0xffffffff x11:0x00000000 x23=0xffffffff
     256765.000 ns	     25675	80005618	180d7153	fdiv.s	f2,f26,f0	 f26:0x4d590014  f0:0x00000000  f2=0x7f800000
     256815.000 ns	     25680	8000561c	0893fdd3	fsub.s	f27,f7,f9	  f7:0x7fc00000  f9:0x7fc00000 f27=0x7fc00000
     256835.000 ns	     25682	80005620	01b05bb3	srl	x23,x0,x27	  x0:0x00000000 x27:0x00000000 x23=0x00000000
     256855.000 ns	     25684	80005624	d0064bd3	fcvt.s.w	f23,x12	 x12:0x869e05ca f23=0xcef2c3f4
     256885.000 ns	     25687	80005628	f0048b53	fmv.w.x	f22,x9	  x9:0xfffff8af f22=0xfffff8af
     256915.000 ns	     25690	8000562c	c0191cd3	fcvt.wu.s	x25,f18	 f18:0x4d590014 x25=0x0d900140
     256935.000 ns	     25692	80005630	00f757b3	srl	x15,x14,x15	 x14:0x00000000 x15:0x7fc00000 x15=0x00000000
     256965.000 ns	     25695	80005634	11a31053	fmul.s	f0,f6,f26	  f6:0xffc00000 f26:0x4d590014  f0=0x7fc00000
     256995.000 ns	     25698	80005638	f0070053	fmv.w.x	f0,x14	 x14:0x00000000  f0=0x00000000
     257025.000 ns	     25701	8000563c	21ee9853	fsgnjn.s	f16,f29,f30	 f29:0xc4cce000 f30:0xbf800000 f16=0x44cce000
     257075.000 ns	     25706	80005640	01d920d3	fadd.s	f1,f18,f29	 f18:0x4d590014 f29:0xc4cce000  f1=0x4d58ffad
     257445.000 ns	     25743	80005644	02326ab3	rem	x21,x4,x3	  x4:0x00000000  x3:0x0d900140 x21=0x00000000
     257475.000 ns	     25746	80005648	a07a9cd3	flt.s	x25,f21,f7	 f21:0xffc00000  f7:0x7fc00000 x25=0x00000000
     257495.000 ns	     25748	8000564c	ddb13213	sltiu	x4,x2,-549	  x2:0x869e05c8  x4=0x00000001
     257505.000 ns	     25749	80005650	83c33193	sltiu	x3,x6,-1988	  x6:0x00000000  x3=0x00000001
     257515.000 ns	     25750	80005654	007e8533	add	x10,x29,x7	 x29:0xfffffa55  x7:0xffffffff x10=0xfffffa54
     257525.000 ns	     25751	80005658	01845393	srli	x7,x8,0x18	  x8:0x00000010  x7=0x00000000
     257535.000 ns	     25752	8000565c	00000013	addi	x0,x0,0	  x0:0x00000000
     257545.000 ns	     25753	80005660	09d0b513	sltiu	x10,x1,157	  x1:0xffffffff x10=0x00000000
     257575.000 ns	     25756	80005664	10b5f4d3	fmul.s	f9,f11,f11	 f11:0xffc00000 f11:0xffc00000  f9=0x7fc00000
     257605.000 ns	     25759	80005668	e0078bd3	fmv.x.w	x23,f15	 f15:0x4619713f x23=0x4619713f
     257635.000 ns	     25762	8000566c	d0127dd3	fcvt.s.wu	f27,x4	  x4:0x00000001 f27=0x3f800000
     257655.000 ns	     25764	80005670	008112b3	sll	x5,x2,x8	  x2:0x869e05c8  x8:0x00000010  x5=0x05c80000
     257665.000 ns	     25765	80005674	015a64b3	or	x9,x20,x21	 x20:0x00000000 x21:0x00000000  x9=0x00000000
     257675.000 ns	     25766	80005678	00000013	addi	x0,x0,0	  x0:0x00000000
     257715.000 ns	     25770	8000567c	005d7953	fadd.s	f18,f26,f5	 f26:0x4d590014  f5:0x7f800000 f18=0x7f800000
     257735.000 ns	     25772	80005680	aa781a37	lui	x20,0xaa781	 x20=0xaa781000
     257745.000 ns	     25773	80005684	9e0aa617	auipc	x12,0x9e0aa	 x12=0x1e0af684
     257755.000 ns	     25774	80005688	12762413	slti	x8,x12,295	 x12:0x869e05ca  x8=0x00000000
     257765.000 ns	     25775	8000568c	01a7b533	sltu	x10,x15,x26	 x15:0x00000000 x26:0xf4aa0000 x10=0x00000001
     257785.000 ns	     25777	80005690	21450653	fsgnj.s	f12,f10,f20	 f10:0x7fc00000 f20:0x00000000 f12=0x7fc00000
     257805.000 ns	     25779	80005694	0123fd33	and	x26,x7,x18	  x7:0x00000000 x18:0xffffffff x26=0x00000000
     257825.000 ns	     25781	80005698	20511653	fsgnjn.s	f12,f2,f5	  f2:0x7f800000  f5:0x7f800000 f12=0xff800000
     257855.000 ns	     25784	8000569c	c017f553	fcvt.wu.s	x10,f15	 f15:0x4619713f x10=0x0000265c
     257875.000 ns	     25786	800056a0	58700d93	addi	x27,x0,1415	  x0:0x00000000 x27=0x00000587
     257895.000 ns	     25788	800056a4	e00f9253	fclass.s	x4,f31	 f31:0x7fc00000  x4=0x00000200
     257925.000 ns	     25791	800056a8	02874fb3	div	x31,x14,x8	 x14:0x00000000  x8:0x00000000 x31=0xffffffff
     257955.000 ns	     25794	800056ac	a0f12ad3	feq.s	x21,f2,f15	  f2:0x7f800000 f15:0x4619713f x21=0x00000000
     257985.000 ns	     25797	800056b0	215a17d3	fsgnjn.s	f15,f20,f21	 f20:0x00000000 f21:0xffc00000 f15=0x00000000
     258015.000 ns	     25800	800056b4	29f81953	fmax.s	f18,f16,f31	 f16:0x44cce000 f31:0x7fc00000 f18=0x44cce000
     258035.000 ns	     25802	800056b8	016ffbb3	and	x23,x31,x22	 x31:0xffffffff x22:0x00000000 x23=0x00000000
     258055.000 ns	     25804	800056bc	f0040bd3	fmv.w.x	f23,x8	  x8:0x00000000 f23=0x00000000
     258085.000 ns	     25807	800056c0	d00170d3	fcvt.s.w	f1,x2	  x2:0x869e05c8  f1=0xcef2c3f4
     258105.000 ns	     25809	800056c4	01cdd613	srli	x12,x27,0x1c	 x27:0x00000587 x12=0x00000000
     258115.000 ns	     25810	800056c8	401006b3	sub	x13,x0,x1	  x0:0x00000000  x1:0xffffffff x13=0x00000001
     258125.000 ns	     25811	800056cc	94212693	slti	x13,x2,-1726	  x2:0x869e05c8 x13=0x00000001
     258135.000 ns	     25812	800056d0	01be57b3	srl	x15,x28,x27	 x28:0x80041024 x27:0x00000587 x15=0x01000820
     258495.000 ns	     25848	800056d4	0251f733	remu	x14,x3,x5	  x3:0x00000001  x5:0x05c80000 x14=0x00000001
     258525.000 ns	     25851	800056d8	21a591d3	fsgnjn.s	f3,f11,f26	 f11:0xffc00000 f26:0x4d590014  f3=0xffc00000
     258545.000 ns	     25853	800056dc	41dd0bb3	sub	x23,x26,x29	 x26:0x00000000 x29:0xfffffa55 x23=0x000005ab
     258555.000 ns	     25854	800056e0	40f0de93	srai	x29,x1,0xf	  x1:0xffffffff x29=0xffffffff
     258575.000 ns	     25856	800056e4	a0ed1053	flt.s	x0,f26,f14	 f26:0x4d590014 f14:0x7fc00000
     258605.000 ns	     25859	800056e8	29c91853	fmax.s	f16,f18,f28	 f18:0x44cce000 f28:0x7fc00000 f16=0x44cce000
     258635.000 ns	     25862	800056ec	d00a4b53	fcvt.s.w	f22,x20	 x20:0xaa781000 f22=0xceab0fe0
     258665.000 ns	     25865	800056f0	c01303d3	fcvt.wu.s	x7,f6	  f6:0xffc00000  x7=0xffffffff
     258695.000 ns	     25868	800056f4	28780253	fmin.s	f4,f16,f7	 f16:0x44cce000  f7:0x7fc00000  f4=0x44cce000
     258745.000 ns	     25873	800056f8	0035fa53	fadd.s	f20,f11,f3	 f11:0xffc00000  f3:0xffc00000 f20=0x7fc00000
     258775.000 ns	     25876	800056fc	a09b9b53	flt.s	x22,f23,f9	 f23:0x00000000  f9:0x7fc00000 x22=0x00000000
     258805.000 ns	     25879	80005700	d0097bd3	fcvt.s.w	f23,x18	 x18:0xffffffff f23=0xbf800000
     258825.000 ns	     25881	80005704	01b81493	slli	x9,x16,0x1b	 x16:0x00000000  x9=0x00000000
     258835.000 ns	     25882	80005708	41268833	sub	x16,x13,x18	 x13:0x00000001 x18:0xffffffff x16=0x00000002
     258845.000 ns	     25883	8000570c	016cf7b3	and	x15,x25,x22	 x25:0x00000000 x22:0x00000000 x15=0x00000000
     258855.000 ns	     25884	80005710	14166f93	ori	x31,x12,321	 x12:0x00000000 x31=0x00000141
     258865.000 ns	     25885	80005714	82105a37	lui	x20,0x82105	 x20=0x82105000
     258895.000 ns	     25888	80005718	19fb9b53	fdiv.s	f22,f23,f31	 f23:0xbf800000 f31:0x7fc00000 f22=0x7fc00000
     258925.000 ns	     25891	8000571c	f00506d3	fmv.w.x	f13,x10	 x10:0x0000265c f13=0x0000265c
     258945.000 ns	     25893	80005720	01a51533	sll	x10,x10,x26	 x10:0x0000265c x26:0x00000000 x10=0x0000265c
     258955.000 ns	     25894	80005724	023cf593	andi	x11,x25,35	 x25:0x00000000 x11=0x00000000
     258965.000 ns	     25895	80005728	005f5013	srli	x0,x30,0x5	 x30:0x00000005
     258985.000 ns	     25897	8000572c	021f9333	mulh	x6,x31,x1	 x31:0x00000141  x1:0xffffffff  x6=0xffffffff
     259025.000 ns	     25901	80005730	10463f53	fmul.s	f30,f12,f4	 f12:0xff800000  f4:0x44cce000 f30=0xff800000
     259045.000 ns	     25903	80005734	005fd193	srli	x3,x31,0x5	 x31:0x00000141  x3=0x0000000a
     259065.000 ns	     25905	80005738	e00816d3	fclass.s	x13,f16	 f16:0x44cce000 x13=0x00000040
     259085.000 ns	     25907	8000573c	416381b3	sub	x3,x7,x22	  x7:0xffffffff x22:0x00000000  x3=0xffffffff
     259095.000 ns	     25908	80005740	b44afa93	andi	x21,x21,-1212	 x21:0x00000000 x21=0x00000000
     259105.000 ns	     25909	80005744	3050a013	slti	x0,x1,773	  x1:0xffffffff
     259125.000 ns	     25911	80005748	c01614d3	fcvt.wu.s	x9,f12	 f12:0xff800000  x9=0x00000000
     259165.000 ns	     25915	8000574c	10eec2d3	fmul.s	f5,f29,f14	 f29:0xc4cce000 f14:0x7fc00000  f5=0x7fc00000
     259195.000 ns	     25918	80005750	0356b133	mulhu	x2,x13,x21	 x13:0x00000040 x21:0x00000000  x2=0x00000000
     259225.000 ns	     25921	80005754	201aa853	fsgnjx.s	f16,f21,f1	 f21:0xffc00000  f1:0xcef2c3f4 f16=0x7fc00000
     259255.000 ns	     25924	80005758	e00c0bd3	fmv.x.w	x23,f24	 f24:0x3f800000 x23=0x3f800000
     259275.000 ns	     25926	8000575c	01a70033	add	x0,x14,x26	 x14:0x00000001 x26:0x00000000
     259285.000 ns	     25927	80005760	d4764d93	xori	x27,x12,-697	 x12:0x00000000 x27=0xfffffd47
     259305.000 ns	     25929	80005764	29478553	fmin.s	f10,f15,f20	 f15:0x00000000 f20:0x7fc00000 f10=0x00000000
     259325.000 ns	     25931	80005768	00000013	addi	x0,x0,0	  x0:0x00000000
     259345.000 ns	     25933	8000576c	a08c9fd3	flt.s	x31,f25,f8	 f25:0x00000000  f8:0x0000000c x31=0x00000001
     259365.000 ns	     25935	80005770	8c594d13	xori	x26,x18,-1851	 x18:0xffffffff x26=0x0000073a
     259385.000 ns	     25937	80005774	298f8553	fmin.s	f10,f31,f24	 f31:0x7fc00000 f24:0x3f800000 f10=0x3f800000
     259415.000 ns	     25940	80005778	d006fed3	fcvt.s.w	f29,x13	 x13:0x00000040 f29=0x42800000
     259435.000 ns	     25942	8000577c	00818d33	add	x26,x3,x8	  x3:0xffffffff  x8:0x00000000 x26=0xffffffff
     259455.000 ns	     25944	80005780	a064a2d3	feq.s	x5,f9,f6	  f9:0x7fc00000  f6:0xffc00000  x5=0x00000000
     259485.000 ns	     25947	80005784	a0d4ad53	feq.s	x26,f9,f13	  f9:0x7fc00000 f13:0x0000265c x26=0x00000000
     259505.000 ns	     25949	80005788	013a4fb3	xor	x31,x20,x19	 x20:0x82105000 x19:0x00000000 x31=0x82105000
     259515.000 ns	     25950	8000578c	3e3cbf93	sltiu	x31,x25,995	 x25:0x00000000 x31=0x00000001
     259555.000 ns	     25954	80005790	005b9153	fadd.s	f2,f23,f5	 f23:0xbf800000  f5:0x7fc00000  f2=0x7fc00000
     259585.000 ns	     25957	80005794	d0181fd3	fcvt.s.wu	f31,x16	 x16:0x00000002 f31=0x40000000
     259955.000 ns	     25994	80005798	032f54b3	divu	x9,x30,x18	 x30:0x00000005 x18:0xffffffff  x9=0x00000000
     259975.000 ns	     25996	8000579c	41295633	sra	x12,x18,x18	 x18:0xffffffff x18:0xffffffff x12=0xffffffff
     259995.000 ns	     25998	800057a0	038d34b3	mulhu	x9,x26,x24	 x26:0x00000000 x24:0x00000000  x9=0x00000000
     260015.000 ns	     26000	800057a4	d9f30093	addi	x1,x6,-609	  x6:0xffffffff  x1=0xfffffd9e
     260035.000 ns	     26002	800057a8	d01ef053	fcvt.s.wu	f0,x29	 x29:0xffffffff  f0=0x4f7fffff
     260065.000 ns	     26005	800057ac	c0068ad3	fcvt.w.s	x21,f13	 f13:0x0000265c x21=0x00000000
     260085.000 ns	     26007	800057b0	01609533	sll	x10,x1,x22	  x1:0xfffffd9e x22:0x00000000 x10=0xfffffd9e
     260095.000 ns	     26008	800057b4	011bb833	sltu	x16,x23,x17	 x23:0x3f800000 x17:0x80040fe4 x16=0x00000001
     260115.000 ns	     26010	800057b8	287997d3	fmax.s	f15,f19,f7	 f19:0x7fc00000  f7:0x7fc00000 f15=0x7fc00000
     260135.000 ns	     26012	800057bc	01526db3	or	x27,x4,x21	  x4:0x00000200 x21:0x00000000 x27=0x00000200
     260145.000 ns	     26013	800057c0	4133d633	sra	x12,x7,x19	  x7:0xffffffff x19:0x00000000 x12=0xffffffff
     260185.000 ns	     26017	800057c4	01962353	fadd.s	f6,f12,f25	 f12:0xff800000 f25:0x00000000  f6=0xff800000
     260215.000 ns	     26020	800057c8	03536bb3	rem	x23,x6,x21	  x6:0xffffffff x21:0x00000000 x23=0xffffffff
     260245.000 ns	     26023	800057cc	d014f1d3	fcvt.s.wu	f3,x9	  x9:0x00000000  f3=0x00000000
     260275.000 ns	     26026	800057d0	0291afb3	mulhsu	x31,x3,x9	  x3:0xffffffff  x9:0x00000000 x31=0x00000000
     260315.000 ns	     26030	800057d4	18fda8d3	fdiv.s	f17,f27,f15	 f27:0x3f800000 f15:0x7fc00000 f17=0x7fc00000
     260345.000 ns	     26033	800057d8	d00818d3	fcvt.s.w	f17,x16	 x16:0x00000001 f17=0x3f800000
     260375.000 ns	     26036	800057dc	c00510d3	fcvt.w.s	x1,f10	 f10:0x3f800000  x1=0x00000001
     260395.000 ns	     26038	800057e0	017f57b3	srl	x15,x30,x23	 x30:0x00000005 x23:0xffffffff x15=0x00000000
     260405.000 ns	     26039	800057e4	01a40ab3	add	x21,x8,x26	  x8:0x00000000 x26:0x00000000 x21=0x00000000
     260765.000 ns	     26075	800057e8	031ef833	remu	x16,x29,x17	 x29:0xffffffff x17:0x80040fe4 x16=0x7ffbf01b
     260785.000 ns	     26077	800057ec	00e8d193	srli	x3,x17,0xe	 x17:0x80040fe4  x3=0x00020010
     260805.000 ns	     26079	800057f0	e00b1353	fclass.s	x6,f22	 f22:0x7fc00000  x6=0x00000200
     260835.000 ns	     26082	800057f4	020b2933	mulhsu	x18,x22,x0	 x22:0x00000000  x0:0x00000000 x18=0x00000000
     260855.000 ns	     26084	800057f8	01a4c433	xor	x8,x9,x26	  x9:0x00000000 x26:0x00000000  x8=0x00000000
     260875.000 ns	     26086	800057fc	02e72333	mulhsu	x6,x14,x14	 x14:0x00000001 x14:0x00000001  x6=0x00000000
     260895.000 ns	     26088	80005800	00cc6a97	auipc	x21,0xcc6	 x21=0x80ccb800
     260905.000 ns	     26089	80005804	403289b3	sub	x19,x5,x3	  x5:0x00000000  x3:0x00020010 x19=0xfffdfff0
     260935.000 ns	     26092	80005808	199584d3	fdiv.s	f9,f11,f25	 f11:0xffc00000 f25:0x00000000  f9=0x7fc00000
     260965.000 ns	     26095	8000580c	29161553	fmax.s	f10,f12,f17	 f12:0xff800000 f17:0x3f800000 f10=0x3f800000
     260995.000 ns	     26098	80005810	a0ee2553	feq.s	x10,f28,f14	 f28:0x7fc00000 f14:0x7fc00000 x10=0x00000000
     261025.000 ns	     26101	80005814	e0000cd3	fmv.x.w	x25,f0	  f0:0x4f7fffff x25=0x4f7fffff
     261045.000 ns	     26103	80005818	00064533	xor	x10,x12,x0	 x12:0xffffffff  x0:0x00000000 x10=0xffffffff
     261065.000 ns	     26105	8000581c	291490d3	fmax.s	f1,f9,f17	  f9:0x7fc00000 f17:0x3f800000  f1=0x3f800000
     261095.000 ns	     26108	80005820	201a0753	fsgnj.s	f14,f20,f1	 f20:0x7fc00000  f1:0xcef2c3f4 f14=0x7fc00000
     261115.000 ns	     26110	80005824	cfe68293	addi	x5,x13,-770	 x13:0x00000040  x5=0xfffffd3e
     261135.000 ns	     26112	80005828	a04807d3	fle.s	x15,f16,f4	 f16:0x7fc00000  f4:0x44cce000 x15=0x00000000
     261155.000 ns	     26114	8000582c	400d5d33	sra	x26,x26,x0	 x26:0x00000000  x0:0x00000000 x26=0x00000000
     261165.000 ns	     26115	80005830	0152f333	and	x6,x5,x21	  x5:0xfffffd3e x21:0x80ccb800  x6=0x80ccb800
     261175.000 ns	     26116	80005834	9ba02113	slti	x2,x0,-1606	  x0:0x00000000  x2=0x00000000
     261185.000 ns	     26117	80005838	408f5cb3	sra	x25,x30,x8	 x30:0x00000005  x8:0x00000000 x25=0x00000005
     261215.000 ns	     26120	8000583c	11dc29d3	fmul.s	f19,f24,f29	 f24:0x3f800000 f29:0x42800000 f19=0x42800000
     261235.000 ns	     26122	80005840	01b85b33	srl	x22,x16,x27	 x16:0x7ffbf01b x27:0x00000200 x22=0x7ffbf01b
     261245.000 ns	     26123	80005844	01d36033	or	x0,x6,x29	  x6:0x80ccb800 x29:0xffffffff
     261255.000 ns	     26124	80005848	879b8493	addi	x9,x23,-1927	 x23:0xffffffff  x9=0xfffff878
     261275.000 ns	     26126	8000584c	03b68133	mul	x2,x13,x27	 x13:0x00000040 x27:0x00000200  x2=0x00008000
     261305.000 ns	     26129	80005850	a125a153	feq.s	x2,f11,f18	 f11:0xffc00000 f18:0x44cce000  x2=0x00000000
     261335.000 ns	     26132	80005854	20c48353	fsgnj.s	f6,f9,f12	  f9:0x7fc00000 f12:0xff800000  f6=0xffc00000
     261355.000 ns	     26134	80005858	00b3e5b3	or	x11,x7,x11	  x7:0xffffffff x11:0x00000000 x11=0xffffffff
     262525.000 ns	     26251	8000585c	580e8953	fsqrt.s	f18,f29	 f29:0x42800000 f18=0x40ffffae
     262555.000 ns	     26254	80005860	209c0ad3	fsgnj.s	f21,f24,f9	 f24:0x3f800000  f9:0x7fc00000 f21=0x3f800000
     262605.000 ns	     26259	80005864	0870b9d3	fsub.s	f19,f1,f7	  f1:0x3f800000  f7:0x7fc00000 f19=0x7fc00000
     262975.000 ns	     26296	80005868	03e57a33	remu	x20,x10,x30	 x10:0xffffffff x30:0x00000005 x20=0x00000000
     263005.000 ns	     26299	8000586c	e0059353	fclass.s	x6,f11	 f11:0xffc00000  x6=0x00000200
     263025.000 ns	     26301	80005870	41765093	srai	x1,x12,0x17	 x12:0xffffffff  x1=0xffffffff
     263055.000 ns	     26304	80005874	58071cd3	fsqrt.s	f25,f14	 f14:0x7fc00000 f25=0x7fc00000
     263075.000 ns	     26306	80005878	01145613	srli	x12,x8,0x11	  x8:0x00000000 x12=0x00000000
     263435.000 ns	     26342	8000587c	026f6ab3	rem	x21,x30,x6	 x30:0x00000005  x6:0x00000200 x21=0x00000005
     263465.000 ns	     26345	80005880	03611cb3	mulh	x25,x2,x22	  x2:0x00000000 x22:0x7ffbf01b x25=0x00000000
     263485.000 ns	     26347	80005884	b4d90d93	addi	x27,x18,-1203	 x18:0x00000000 x27=0xfffffb4d
     263495.000 ns	     26348	80005888	00000013	addi	x0,x0,0	  x0:0x00000000
     263515.000 ns	     26350	8000588c	03e90bb3	mul	x23,x18,x30	 x18:0x00000000 x30:0x00000005 x23=0x00000000
     263545.000 ns	     26353	80005890	a06c9ad3	flt.s	x21,f25,f6	 f25:0x7fc00000  f6:0xffc00000 x21=0x00000000
     263565.000 ns	     26355	80005894	01b21bb3	sll	x23,x4,x27	  x4:0x00000200 x27:0xfffffb4d x23=0x00400000
     263925.000 ns	     26391	80005898	03b175b3	remu	x11,x2,x27	  x2:0x00000000 x27:0xfffffb4d x11=0x00000000
     263945.000 ns	     26393	8000589c	00000013	addi	x0,x0,0	  x0:0x00000000
     263965.000 ns	     26395	800058a0	e00b9653	fclass.s	x12,f23	 f23:0xbf800000 x12=0x00000002
     263995.000 ns	     26398	800058a4	e00d1d53	fclass.s	x26,f26	 f26:0x4d590014 x26=0x00000040
     264045.000 ns	     26403	800058a8	084414d3	fsub.s	f9,f8,f4	  f8:0x0000000c  f4:0x44cce000  f9=0xc4cce000
     264075.000 ns	     26406	800058ac	e00191d3	fclass.s	x3,f3	  f3:0x00000000  x3=0x00000010
     264095.000 ns	     26408	800058b0	006870b3	and	x1,x16,x6	 x16:0x7ffbf01b  x6:0x00000200  x1=0x00000000
     264115.000 ns	     26410	800058b4	f0058253	fmv.w.x	f4,x11	 x11:0x00000000  f4=0x00000000
     264145.000 ns	     26413	800058b8	03ad1233	mulh	x4,x26,x26	 x26:0x00000040 x26:0x00000040  x4=0x00000000
     264175.000 ns	     26416	800058bc	20490cd3	fsgnj.s	f25,f18,f4	 f18:0x40ffffae  f4:0x00000000 f25=0x40ffffae
     264215.000 ns	     26420	800058c0	10daf353	fmul.s	f6,f21,f13	 f21:0x3f800000 f13:0x0000265c  f6=0x0000265c
     264245.000 ns	     26423	800058c4	02388b33	mul	x22,x17,x3	 x17:0x80040fe4  x3:0x00000010 x22=0x0040fe40
     264275.000 ns	     26426	800058c8	a0711953	flt.s	x18,f2,f7	  f2:0x7fc00000  f7:0x7fc00000 x18=0x00000000
     264295.000 ns	     26428	800058cc	00846fb3	or	x31,x8,x8	  x8:0x00000000  x8:0x00000000 x31=0x00000000
     264655.000 ns	     26464	800058d0	037944b3	div	x9,x18,x23	 x18:0x00000000 x23:0x00400000  x9=0x00000000
     264675.000 ns	     26466	800058d4	017b5433	srl	x8,x22,x23	 x22:0x0040fe40 x23:0x00400000  x8=0x0040fe40
     264695.000 ns	     26468	800058d8	03003733	mulhu	x14,x0,x16	  x0:0x00000000 x16:0x7ffbf01b x14=0x00000000
     264715.000 ns	     26470	800058dc	00441d13	slli	x26,x8,0x4	  x8:0x00000000 x26=0x040fe400
     264735.000 ns	     26472	800058e0	20c98453	fsgnj.s	f8,f19,f12	 f19:0x7fc00000 f12:0xff800000  f8=0xffc00000
     264755.000 ns	     26474	800058e4	7322e013	ori	x0,x5,1842	  x5:0xfffffd3e
     264775.000 ns	     26476	800058e8	d000ca53	fcvt.s.w	f20,x1	  x1:0x00000000 f20=0x00000000
     264795.000 ns	     26478	800058ec	01bc7cb3	and	x25,x24,x27	 x24:0x00000000 x27:0xfffffb4d x25=0x00000000
     264805.000 ns	     26479	800058f0	00000013	addi	x0,x0,0	  x0:0x00000000
     264825.000 ns	     26481	800058f4	c000b3d3	fcvt.w.s	x7,f1	  f1:0x3f800000  x7=0x00000001
     264845.000 ns	     26483	800058f8	41d15733	sra	x14,x2,x29	  x2:0x00000000 x29:0xffffffff x14=0x00000000
     265205.000 ns	     26519	800058fc	030cf033	remu	x0,x25,x16	 x25:0x00000000 x16:0x7ffbf01b
     265235.000 ns	     26522	80005900	d00d84d3	fcvt.s.w	f9,x27	 x27:0xfffffb4d  f9=0xc4966000
     265605.000 ns	     26559	80005904	03086fb3	rem	x31,x16,x16	 x16:0x7ffbf01b x16:0x7ffbf01b x31=0x00000000
     265635.000 ns	     26562	80005908	021e54b3	divu	x9,x28,x1	 x28:0x80041024  x1:0x00000000  x9=0xffffffff
     265655.000 ns	     26564	8000590c	018113b3	sll	x7,x2,x24	  x2:0x00000000 x24:0x00000000  x7=0x00000000
     265665.000 ns	     26565	80005910	8765bb97	auipc	x23,0x8765b	 x23=0x07660910
     265675.000 ns	     26566	80005914	00912d33	slt	x26,x2,x9	  x2:0x00000000  x9:0xffffffff x26=0x00000000
     265685.000 ns	     26567	80005918	00bc5833	srl	x16,x24,x11	 x24:0x00000000 x11:0x00000000 x16=0x00000000
     265705.000 ns	     26569	8000591c	2080aad3	fsgnjx.s	f21,f1,f8	  f1:0x3f800000  f8:0xffc00000 f21=0xbf800000
     266885.000 ns	     26687	80005920	5800fe53	fsqrt.s	f28,f1	  f1:0x3f800000 f28=0x3f7fffae
     266905.000 ns	     26689	80005924	012780b3	add	x1,x15,x18	 x15:0x00000000 x18:0x00000000  x1=0x00000000
     266915.000 ns	     26690	80005928	3cff4b93	xori	x23,x30,975	 x30:0x00000005 x23=0x000003ca
     266925.000 ns	     26691	8000592c	01bbdb93	srli	x23,x23,0x1b	 x23:0x07660910 x23=0x00000000
     266945.000 ns	     26693	80005930	c001f253	fcvt.w.s	x4,f3	  f3:0x00000000  x4=0x00000000
     267285.000 ns	     26727	80005934	181ff7d3	fdiv.s	f15,f31,f1	 f31:0x40000000  f1:0x3f800000 f15=0x3fffff38
     267315.000 ns	     26730	80005938	e00c02d3	fmv.x.w	x5,f24	 f24:0x3f800000  x5=0x3f800000
     267345.000 ns	     26733	8000593c	296b81d3	fmin.s	f3,f23,f22	 f23:0xbf800000 f22:0x7fc00000  f3=0xbf800000
     267375.000 ns	     26736	80005940	20972fd3	fsgnjx.s	f31,f14,f9	 f14:0x7fc00000  f9:0xc4966000 f31=0xffc00000
     267395.000 ns	     26738	80005944	00000013	addi	x0,x0,0	  x0:0x00000000
     267405.000 ns	     26739	80005948	41660133	sub	x2,x12,x22	 x12:0x00000002 x22:0x0040fe40  x2=0xffbf01c2
     267425.000 ns	     26741	8000594c	03660833	mul	x16,x12,x22	 x12:0x00000002 x22:0x0040fe40 x16=0x0081fc80
     267445.000 ns	     26743	80005950	000e4433	xor	x8,x28,x0	 x28:0x80041024  x0:0x00000000  x8=0x80041024
     267455.000 ns	     26744	80005954	402edb93	srai	x23,x29,0x2	 x29:0xffffffff x23=0xffffffff
     267495.000 ns	     26748	80005958	01fb7853	fadd.s	f16,f22,f31	 f22:0x7fc00000 f31:0xffc00000 f16=0x7fc00000
     267535.000 ns	     26752	8000595c	11d44dd3	fmul.s	f27,f8,f29	  f8:0xffc00000 f29:0x42800000 f27=0x7fc00000
     267565.000 ns	     26755	80005960	d001f5d3	fcvt.s.w	f11,x3	  x3:0x00000010 f11=0x41800000
     267595.000 ns	     26758	80005964	21129353	fsgnjn.s	f6,f5,f17	  f5:0x7fc00000 f17:0x3f800000  f6=0xffc00000
     267635.000 ns	     26762	80005968	5809f0d3	fsqrt.s	f1,f19	 f19:0x7fc00000  f1=0x7fc00000
     267665.000 ns	     26765	8000596c	297614d3	fmax.s	f9,f12,f23	 f12:0xff800000 f23:0xbf800000  f9=0xbf800000
     267695.000 ns	     26768	80005970	02ed5bb3	divu	x23,x26,x14	 x26:0x00000000 x14:0x00000000 x23=0xffffffff
     267725.000 ns	     26771	80005974	f0028953	fmv.w.x	f18,x5	  x5:0x3f800000 f18=0x3f800000
     267755.000 ns	     26774	80005978	f0060e53	fmv.w.x	f28,x12	 x12:0x00000002 f28=0x00000002
     267785.000 ns	     26777	8000597c	f0038c53	fmv.w.x	f24,x7	  x7:0x00000000 f24=0x00000000
     267805.000 ns	     26779	80005980	00d98c33	add	x24,x19,x13	 x19:0xfffdfff0 x13:0x00000040 x24=0xfffe0030
     267815.000 ns	     26780	80005984	20250613	addi	x12,x10,514	 x10:0xffffffff x12=0x00000201
     267835.000 ns	     26782	80005988	21670bd3	fsgnj.s	f23,f14,f22	 f14:0x7fc00000 f22:0x7fc00000 f23=0x7fc00000
     267855.000 ns	     26784	8000598c	413f85b3	sub	x11,x31,x19	 x31:0x00000000 x19:0xfffdfff0 x11=0x00020010
     267875.000 ns	     26786	80005990	c01cffd3	fcvt.wu.s	x31,f25	 f25:0x40ffffae x31=0x00000007
     267895.000 ns	     26788	80005994	01a340b3	xor	x1,x6,x26	  x6:0x00000200 x26:0x00000000  x1=0x00000200
     267905.000 ns	     26789	80005998	cb31aa13	slti	x20,x3,-845	  x3:0x00000010 x20=0x00000000
     267925.000 ns	     26791	8000599c	02c89433	mulh	x8,x17,x12	 x17:0x80040fe4 x12:0x00000201  x8=0xfffffeff
     267955.000 ns	     26794	800059a0	03ae7d33	remu	x26,x28,x26	 x28:0x80041024 x26:0x00000000 x26=0x80041024
     267975.000 ns	     26796	800059a4	00000013	addi	x0,x0,0	  x0:0x00000000
     267985.000 ns	     26797	800059a8	00f74fb3	xor	x31,x14,x15	 x14:0x00000000 x15:0x00000000 x31=0x00000000
     268005.000 ns	     26799	800059ac	21ae9753	fsgnjn.s	f14,f29,f26	 f29:0x42800000 f26:0x4d590014 f14=0xc2800000
     268035.000 ns	     26802	800059b0	03d88b33	mul	x22,x17,x29	 x17:0x80040fe4 x29:0xffffffff x22=0x7ffbf01c
     268075.000 ns	     26806	800059b4	11157dd3	fmul.s	f27,f10,f17	 f10:0x3f800000 f17:0x3f800000 f27=0x3f800000
     268105.000 ns	     26809	800059b8	c01b7053	fcvt.wu.s	x0,f22	 f22:0x7fc00000
     268135.000 ns	     26812	800059bc	03e321b3	mulhsu	x3,x6,x30	  x6:0x00000200 x30:0x00000005  x3=0x00000000
     268155.000 ns	     26814	800059c0	6e661437	lui	x8,0x6e661	  x8=0x6e661000
     268175.000 ns	     26816	800059c4	a05d8053	fle.s	x0,f27,f5	 f27:0x3f800000  f5:0x7fc00000
     268225.000 ns	     26821	800059c8	095c72d3	fsub.s	f5,f24,f21	 f24:0x00000000 f21:0xbf800000  f5=0x3f800000
     268245.000 ns	     26823	800059cc	54e28293	addi	x5,x5,1358	  x5:0x3f800000  x5=0x3f80054e
     268255.000 ns	     26824	800059d0	0a3a7593	andi	x11,x20,163	 x20:0x00000000 x11=0x00000000
     268275.000 ns	     26826	800059d4	c01ff853	fcvt.wu.s	x16,f31	 f31:0xffc00000 x16=0xffffffff
     268305.000 ns	     26829	800059d8	03dd8bb3	mul	x23,x27,x29	 x27:0xfffffb4d x29:0xffffffff x23=0x000004b3
     268335.000 ns	     26832	800059dc	022c3033	mulhu	x0,x24,x2	 x24:0xfffe0030  x2:0xffbf01c2
     268355.000 ns	     26834	800059e0	9b55fa13	andi	x20,x11,-1611	 x11:0x00000000 x20=0x00000000
     268365.000 ns	     26835	800059e4	006657b3	srl	x15,x12,x6	 x12:0x00000201  x6:0x00000200 x15=0x00000201
     268385.000 ns	     26837	800059e8	f0090453	fmv.w.x	f8,x18	 x18:0x00000000  f8=0x00000000
     268415.000 ns	     26840	800059ec	030d9cb3	mulh	x25,x27,x16	 x27:0xfffffb4d x16:0xffffffff x25=0x00000000
     268435.000 ns	     26842	800059f0	3d14a693	slti	x13,x9,977	  x9:0xffffffff x13=0x00000001
     268445.000 ns	     26843	800059f4	3b6ba193	slti	x3,x23,950	 x23:0x000004b3  x3=0x00000000
     268465.000 ns	     26845	800059f8	e00d8a53	fmv.x.w	x20,f27	 f27:0x3f800000 x20=0x3f800000
     268515.000 ns	     26850	800059fc	00453ad3	fadd.s	f21,f10,f4	 f10:0x3f800000  f4:0x00000000 f21=0x3f800000
     268535.000 ns	     26852	80005a00	00000013	addi	x0,x0,0	  x0:0x00000000
     268565.000 ns	     26855	80005a04	10f5fbd3	fmul.s	f23,f11,f15	 f11:0x41800000 f15:0x3fffff38 f23=0x41ffff38
     268585.000 ns	     26857	80005a08	416f5a33	sra	x20,x30,x22	 x30:0x00000005 x22:0x7ffbf01c x20=0x00000000
     268625.000 ns	     26861	80005a0c	0859c853	fsub.s	f16,f19,f5	 f19:0x7fc00000  f5:0x3f800000 f16=0x7fc00000
     268645.000 ns	     26863	80005a10	9e228513	addi	x10,x5,-1566	  x5:0x3f80054e x10=0x3f7fff30
     268655.000 ns	     26864	80005a14	01238533	add	x10,x7,x18	  x7:0x00000000 x18:0x00000000 x10=0x00000000
     268665.000 ns	     26865	80005a18	ea28bb93	sltiu	x23,x17,-350	 x17:0x80040fe4 x23=0x00000001
     268685.000 ns	     26867	80005a1c	e0061953	fclass.s	x18,f12	 f12:0xff800000 x18=0x00000001
     268705.000 ns	     26869	80005a20	000b2bb3	slt	x23,x22,x0	 x22:0x7ffbf01c  x0:0x00000000 x23=0x00000000
     268715.000 ns	     26870	80005a24	aeb23393	sltiu	x7,x4,-1301	  x4:0x00000000  x7=0x00000001
     268725.000 ns	     26871	80005a28	000216b3	sll	x13,x4,x0	  x4:0x00000000  x0:0x00000000 x13=0x00000000
     268735.000 ns	     26872	80005a2c	6991b413	sltiu	x8,x3,1689	  x3:0x00000000  x8=0x00000001
     268755.000 ns	     26874	80005a30	a03a97d3	flt.s	x15,f21,f3	 f21:0x3f800000  f3:0xbf800000 x15=0x00000000
     268785.000 ns	     26877	80005a34	292c1153	fmax.s	f2,f24,f18	 f24:0x00000000 f18:0x3f800000  f2=0x3f800000
     268805.000 ns	     26879	80005a38	d26cb613	sltiu	x12,x25,-730	 x25:0x00000000 x12=0x00000001
     268815.000 ns	     26880	80005a3c	00df0db3	add	x27,x30,x13	 x30:0x00000005 x13:0x00000000 x27=0x00000005
     268835.000 ns	     26882	80005a40	03631b33	mulh	x22,x6,x22	  x6:0x00000200 x22:0x7ffbf01c x22=0x000000ff
     268865.000 ns	     26885	80005a44	e00c9353	fclass.s	x6,f25	 f25:0x40ffffae  x6=0x00000040
     268895.000 ns	     26888	80005a48	02d03ab3	mulhu	x21,x0,x13	  x0:0x00000000 x13:0x00000000 x21=0x00000000
     268915.000 ns	     26890	80005a4c	f42b83b7	lui	x7,0xf42b8	  x7=0xf42b8000
     268925.000 ns	     26891	80005a50	1450a993	slti	x19,x1,325	  x1:0x00000200 x19=0x00000000
     268945.000 ns	     26893	80005a54	03391ab3	mulh	x21,x18,x19	 x18:0x00000001 x19:0xfffdfff0 x21=0x00000000
     268975.000 ns	     26896	80005a58	d01278d3	fcvt.s.wu	f17,x4	  x4:0x00000000 f17=0x00000000
     269005.000 ns	     26899	80005a5c	e00e1c53	fclass.s	x24,f28	 f28:0x00000002 x24=0x00000020
     269035.000 ns	     26902	80005a60	029329b3	mulhsu	x19,x6,x9	  x6:0x00000040  x9:0xffffffff x19=0x0000003f
     269085.000 ns	     26907	80005a64	0941fed3	fsub.s	f29,f3,f20	  f3:0xbf800000 f20:0x00000000 f29=0xbf800000
     269105.000 ns	     26909	80005a68	d2124993	xori	x19,x4,-735	  x4:0x00000000 x19=0xfffffd21
     269125.000 ns	     26911	80005a6c	c001f0d3	fcvt.w.s	x1,f3	  f3:0xbf800000  x1=0x00000001
     269145.000 ns	     26913	80005a70	00e65713	srli	x14,x12,0xe	 x12:0x00000001 x14=0x00000000
     270315.000 ns	     27030	80005a74	5805fc53	fsqrt.s	f24,f11	 f11:0x41800000 f24=0x407fffae
     270345.000 ns	     27033	80005a78	037a8cb3	mul	x25,x21,x23	 x21:0x00000000 x23:0x00000000 x25=0x00000000
     270375.000 ns	     27036	80005a7c	c018f6d3	fcvt.wu.s	x13,f17	 f17:0x00000000 x13=0x00000000
     270395.000 ns	     27038	80005a80	e53b6713	ori	x14,x22,-429	 x22:0x000000ff x14=0xfffffeff
     270415.000 ns	     27040	80005a84	0377edb3	rem	x27,x15,x23	 x15:0x00000000 x23:0x00000000 x27=0x00000000
     270435.000 ns	     27042	80005a88	7c2fa737	lui	x14,0x7c2fa	 x14=0x7c2fa000
     270445.000 ns	     27043	80005a8c	78bd8a93	addi	x21,x27,1931	 x27:0x00000000 x21=0x0000078b
     270465.000 ns	     27045	80005a90	029122b3	mulhsu	x5,x2,x9	  x2:0xffbf01c2  x9:0xffffffff  x5=0xffbf01c2
     270495.000 ns	     27048	80005a94	a07925d3	feq.s	x11,f18,f7	 f18:0x3f800000  f7:0x7fc00000 x11=0x00000000
     270525.000 ns	     27051	80005a98	f0040553	fmv.w.x	f10,x8	  x8:0x00000001 f10=0x00000001
     270555.000 ns	     27054	80005a9c	d00b79d3	fcvt.s.w	f19,x22	 x22:0x000000ff f19=0x437f0000
     270575.000 ns	     27056	80005aa0	018e3b33	sltu	x22,x28,x24	 x28:0x80041024 x24:0x00000020 x22=0x00000000
     270585.000 ns	     27057	80005aa4	8413b213	sltiu	x4,x7,-1983	  x7:0xf42b8000  x4=0x00000001
     270595.000 ns	     27058	80005aa8	f83e8993	addi	x19,x29,-125	 x29:0xffffffff x19=0xffffff82
     270605.000 ns	     27059	80005aac	c2128b17	auipc	x22,0xc2128	 x22=0x4212daac
     270615.000 ns	     27060	80005ab0	00271833	sll	x16,x14,x2	 x14:0x7c2fa000  x2:0xffbf01c2 x16=0xf0be8000
     270635.000 ns	     27062	80005ab4	c00dfed3	fcvt.w.s	x29,f27	 f27:0x3f800000 x29=0x00000001
     270655.000 ns	     27064	80005ab8	76156713	ori	x14,x10,1889	 x10:0x00000000 x14=0x00000761
     270675.000 ns	     27066	80005abc	21c11653	fsgnjn.s	f12,f2,f28	  f2:0x3f800000 f28:0x00000002 f12=0xbf800000
     271045.000 ns	     27103	80005ac0	026a69b3	rem	x19,x20,x6	 x20:0x00000000  x6:0x00000040 x19=0x00000000
     271415.000 ns	     27140	80005ac4	03884db3	div	x27,x16,x24	 x16:0xf0be8000 x24:0x00000020 x27=0xff85f400
     271445.000 ns	     27143	80005ac8	a034a5d3	feq.s	x11,f9,f3	  f9:0xbf800000  f3:0xbf800000 x11=0x00000001
     271475.000 ns	     27146	80005acc	28d815d3	fmax.s	f11,f16,f13	 f16:0x7fc00000 f13:0x0000265c f11=0x0000265c
     271845.000 ns	     27183	80005ad0	02bfcc33	div	x24,x31,x11	 x31:0x00000000 x11:0x00000001 x24=0x00000000
     271875.000 ns	     27186	80005ad4	02821eb3	mulh	x29,x4,x8	  x4:0x00000001  x8:0x00000001 x29=0x00000000
     271905.000 ns	     27189	80005ad8	f0028c53	fmv.w.x	f24,x5	  x5:0xffbf01c2 f24=0xffbf01c2
     271935.000 ns	     27192	80005adc	d008a753	fcvt.s.w	f14,x17	 x17:0x80040fe4 f14=0xcefff7e1
     271965.000 ns	     27195	80005ae0	03daf6b3	remu	x13,x21,x29	 x21:0x0000078b x29:0x00000000 x13=0x0000078b
     271985.000 ns	     27197	80005ae4	01279813	slli	x16,x15,0x12	 x15:0x00000000 x16=0x00000000
     272005.000 ns	     27199	80005ae8	c005ffd3	fcvt.w.s	x31,f11	 f11:0x0000265c x31=0x00000000
     272035.000 ns	     27202	80005aec	03548933	mul	x18,x9,x21	  x9:0xffffffff x21:0x0000078b x18=0xfffff875
     272065.000 ns	     27205	80005af0	c01291d3	fcvt.wu.s	x3,f5	  f5:0x3f800000  x3=0x00000001
     272435.000 ns	     27242	80005af4	027de4b3	rem	x9,x27,x7	 x27:0xff85f400  x7:0xf42b8000  x9=0xff85f400
     272465.000 ns	     27245	80005af8	a0d40a53	fle.s	x20,f8,f13	  f8:0x00000000 f13:0x0000265c x20=0x00000001
     272495.000 ns	     27248	80005afc	03f97833	remu	x16,x18,x31	 x18:0xfffff875 x31:0x00000000 x16=0xfffff875
     272515.000 ns	     27250	80005b00	fe6b0137	lui	x2,0xfe6b0	  x2=0xfe6b0000
     272535.000 ns	     27252	80005b04	02878033	mul	x0,x15,x8	 x15:0x00000000  x8:0x00000001
     272565.000 ns	     27255	80005b08	d00e9353	fcvt.s.w	f6,x29	 x29:0x00000000  f6=0x00000000
     272595.000 ns	     27258	80005b0c	c00f7453	fcvt.w.s	x8,f30	 f30:0xff800000  x8=0x80000000
     272625.000 ns	     27261	80005b10	037c7833	remu	x16,x24,x23	 x24:0x00000000 x23:0x00000000 x16=0x00000000
     272645.000 ns	     27263	80005b14	ab983113	sltiu	x2,x16,-1351	 x16:0xfffff875  x2=0x00000001
     272655.000 ns	     27264	80005b18	400a5e93	srai	x29,x20,0x0	 x20:0x00000001 x29=0x00000001
     272665.000 ns	     27265	80005b1c	00beb3b3	sltu	x7,x29,x11	 x29:0x00000000 x11:0x00000001  x7=0x00000000
     272685.000 ns	     27267	80005b20	027ff9b3	remu	x19,x31,x7	 x31:0x00000000  x7:0xf42b8000 x19=0x00000000
     272705.000 ns	     27269	80005b24	00000013	addi	x0,x0,0	  x0:0x00000000
     273065.000 ns	     27305	80005b28	02eb66b3	rem	x13,x22,x14	 x22:0x4212daac x14:0x00000761 x13=0x00000239
     273095.000 ns	     27308	80005b2c	a06102d3	fle.s	x5,f2,f6	  f2:0x3f800000  f6:0x00000000  x5=0x00000000
     273125.000 ns	     27311	80005b30	c006b053	fcvt.w.s	x0,f13	 f13:0x0000265c
     273155.000 ns	     27314	80005b34	03d10a33	mul	x20,x2,x29	  x2:0x00000001 x29:0x00000001 x20=0x00000001
     273525.000 ns	     27351	80005b38	035bc933	div	x18,x23,x21	 x23:0x00000000 x21:0x0000078b x18=0x00000000
     273895.000 ns	     27388	80005b3c	036c51b3	divu	x3,x24,x22	 x24:0x00000000 x22:0x4212daac  x3=0x00000000
     273915.000 ns	     27390	80005b40	01835793	srli	x15,x6,0x18	  x6:0x00000040 x15=0x00000000
     273925.000 ns	     27391	80005b44	0148dcb3	srl	x25,x17,x20	 x17:0x80040fe4 x20:0x00000001 x25=0x400207f2
     273935.000 ns	     27392	80005b48	ec110393	addi	x7,x2,-319	  x2:0x00000001  x7=0xfffffec2
     273955.000 ns	     27394	80005b4c	e00582d3	fmv.x.w	x5,f11	 f11:0x0000265c  x5=0x0000265c
     275135.000 ns	     27512	80005b50	580cf4d3	fsqrt.s	f9,f25	 f25:0x40ffffae  f9=0x4035048f
     275155.000 ns	     27514	80005b54	ceca0cb7	lui	x25,0xceca0	 x25=0xceca0000
     275165.000 ns	     27515	80005b58	40ad04b3	sub	x9,x26,x10	 x26:0x80041024 x10:0x00000000  x9=0x80041024
     275185.000 ns	     27517	80005b5c	21310553	fsgnj.s	f10,f2,f19	  f2:0x3f800000 f19:0x437f0000 f10=0x3f800000
     275205.000 ns	     27519	80005b60	41fbd833	sra	x16,x23,x31	 x23:0x00000000 x31:0x00000000 x16=0x00000000
     275225.000 ns	     27521	80005b64	c0127d53	fcvt.wu.s	x26,f4	  f4:0x00000000 x26=0x00000000
     275275.000 ns	     27526	80005b68	08a97253	fsub.s	f4,f18,f10	 f18:0x3f800000 f10:0x3f800000  f4=0x80000000
     275305.000 ns	     27529	80005b6c	28ad8ad3	fmin.s	f21,f27,f10	 f27:0x3f800000 f10:0x3f800000 f21=0x3f800000
     275325.000 ns	     27531	80005b70	00554cb3	xor	x25,x10,x5	 x10:0x00000000  x5:0x0000265c x25=0x0000265c
     275685.000 ns	     27567	80005b74	0273e333	rem	x6,x7,x7	  x7:0xfffffec2  x7:0xfffffec2  x6=0x00000000
     275705.000 ns	     27569	80005b78	006a5713	srli	x14,x20,0x6	 x20:0x00000001 x14=0x00000000
     275725.000 ns	     27571	80005b7c	f0040253	fmv.w.x	f4,x8	  x8:0x80000000  f4=0x80000000
     275745.000 ns	     27573	80005b80	5138bdb7	lui	x27,0x5138b	 x27=0x5138b000
     275765.000 ns	     27575	80005b84	216e0053	fsgnj.s	f0,f28,f22	 f28:0x00000002 f22:0x7fc00000  f0=0x00000002
     275795.000 ns	     27578	80005b88	e0059ed3	fclass.s	x29,f11	 f11:0x0000265c x29=0x00000020
     275825.000 ns	     27581	80005b8c	d00511d3	fcvt.s.w	f3,x10	 x10:0x00000000  f3=0x00000000
     275855.000 ns	     27584	80005b90	2119ae53	fsgnjx.s	f28,f19,f17	 f19:0x437f0000 f17:0x00000000 f28=0x437f0000
     275875.000 ns	     27586	80005b94	014d60b3	or	x1,x26,x20	 x26:0x00000000 x20:0x00000001  x1=0x00000001
     275885.000 ns	     27587	80005b98	00731d93	slli	x27,x6,0x7	  x6:0x00000000 x27=0x00000000
     276215.000 ns	     27620	80005b9c	1859b353	fdiv.s	f6,f19,f5	 f19:0x437f0000  f5:0x3f800000  f6=0x437eff39
     276245.000 ns	     27623	80005ba0	281112d3	fmax.s	f5,f2,f1	  f2:0x3f800000  f1:0x7fc00000  f5=0x3f800000
     276265.000 ns	     27625	80005ba4	c445b393	sltiu	x7,x11,-956	 x11:0x00000001  x7=0x00000001
     276285.000 ns	     27627	80005ba8	03c82c33	mulhsu	x24,x16,x28	 x16:0x00000000 x28:0x80041024 x24=0x00000000
     276315.000 ns	     27630	80005bac	d0142fd3	fcvt.s.wu	f31,x8	  x8:0x80000000 f31=0x4f000000
     276345.000 ns	     27633	80005bb0	20a99d53	fsgnjn.s	f26,f19,f10	 f19:0x437f0000 f10:0x3f800000 f26=0xc37f0000
     276375.000 ns	     27636	80005bb4	a1c4a6d3	feq.s	x13,f9,f28	  f9:0x4035048f f28:0x437f0000 x13=0x00000000
     276405.000 ns	     27639	80005bb8	29d20053	fmin.s	f0,f4,f29	  f4:0x80000000 f29:0xbf800000  f0=0xbf800000
     276435.000 ns	     27642	80005bbc	d015b9d3	fcvt.s.wu	f19,x11	 x11:0x00000001 f19=0x3f800000
     276455.000 ns	     27644	80005bc0	01a4f533	and	x10,x9,x26	  x9:0x80041024 x26:0x00000000 x10=0x00000000
     276465.000 ns	     27645	80005bc4	7b3dc913	xori	x18,x27,1971	 x27:0x00000000 x18=0x000007b3
     276485.000 ns	     27647	80005bc8	03bdd1b3	divu	x3,x27,x27	 x27:0x00000000 x27:0x00000000  x3=0xffffffff
     276505.000 ns	     27649	80005bcc	c7743093	sltiu	x1,x8,-905	  x8:0x80000000  x1=0x00000001
     276525.000 ns	     27651	80005bd0	a0069753	flt.s	x14,f13,f0	 f13:0x0000265c  f0:0xbf800000 x14=0x00000000
     276555.000 ns	     27654	80005bd4	a0cd1053	flt.s	x0,f26,f12	 f26:0xc37f0000 f12:0xbf800000
     276585.000 ns	     27657	80005bd8	208628d3	fsgnjx.s	f17,f12,f8	 f12:0xbf800000  f8:0x00000000 f17=0xbf800000
     276605.000 ns	     27659	80005bdc	401c5113	srai	x2,x24,0x1	 x24:0x00000000  x2=0x00000000
     276615.000 ns	     27660	80005be0	00be6db3	or	x27,x28,x11	 x28:0x80041024 x11:0x00000001 x27=0x80041025
     276635.000 ns	     27662	80005be4	f00d8f53	fmv.w.x	f30,x27	 x27:0x00000000 f30=0x80041025
     276655.000 ns	     27664	80005be8	01ba1b33	sll	x22,x20,x27	 x20:0x00000001 x27:0x00000000 x22=0x00000020
     276695.000 ns	     27668	80005bec	095579d3	fsub.s	f19,f10,f21	 f10:0x3f800000 f21:0x3f800000 f19=0x80000000
     276725.000 ns	     27671	80005bf0	a15023d3	feq.s	x7,f0,f21	  f0:0xbf800000 f21:0x3f800000  x7=0x00000000
     276745.000 ns	     27673	80005bf4	00868933	add	x18,x13,x8	 x13:0x00000000  x8:0x80000000 x18=0x80000000
     276755.000 ns	     27674	80005bf8	f2c82a93	slti	x21,x16,-212	 x16:0x00000000 x21=0x00000000
     277925.000 ns	     27791	80005bfc	580331d3	fsqrt.s	f3,f6	  f6:0x437eff39  f3=0x41344ee3
     277945.000 ns	     27793	80005c00	3e976f93	ori	x31,x14,1001	 x14:0x00000000 x31=0x000003e9
     277965.000 ns	     27795	80005c04	280b9353	fmax.s	f6,f23,f0	 f23:0x41ffff38  f0:0xbf800000  f6=0x41ffff38
     277995.000 ns	     27798	80005c08	29fb9153	fmax.s	f2,f23,f31	 f23:0x41ffff38 f31:0x4f000000  f2=0x4f000000
     278015.000 ns	     27800	80005c0c	01d469b3	or	x19,x8,x29	  x8:0x80000000 x29:0x00000020 x19=0x80000020
     278025.000 ns	     27801	80005c10	79210913	addi	x18,x2,1938	  x2:0x00000000 x18=0x00000792
     278035.000 ns	     27802	80005c14	00145593	srli	x11,x8,0x1	  x8:0x80000000 x11=0x40000000
     278055.000 ns	     27804	80005c18	21b904d3	fsgnj.s	f9,f18,f27	 f18:0x3f800000 f27:0x3f800000  f9=0x3f800000
     278075.000 ns	     27806	80005c1c	4090db93	srai	x23,x1,0x9	  x1:0x00000001 x23=0x00000000
     278085.000 ns	     27807	80005c20	40655613	srai	x12,x10,0x6	 x10:0x00000000 x12=0x00000000
     278095.000 ns	     27808	80005c24	013c6033	or	x0,x24,x19	 x24:0x00000000 x19:0x80000020
     278105.000 ns	     27809	80005c28	01ff9533	sll	x10,x31,x31	 x31:0x000003e9 x31:0x000003e9 x10=0x0007d200
     278125.000 ns	     27811	80005c2c	e0040553	fmv.x.w	x10,f8	  f8:0x00000000 x10=0x00000000
     278145.000 ns	     27813	80005c30	00859333	sll	x6,x11,x8	 x11:0x40000000  x8:0x80000000  x6=0x40000000
     278155.000 ns	     27814	80005c34	01786433	or	x8,x16,x23	 x16:0x00000000 x23:0x00000000  x8=0x00000000
     278195.000 ns	     27818	80005c38	09cbfd53	fsub.s	f26,f23,f28	 f23:0x41ffff38 f28:0x437f0000 f26=0xc35f0019
     278225.000 ns	     27821	80005c3c	d00408d3	fcvt.s.w	f17,x8	  x8:0x80000000 f17=0x00000000
     278245.000 ns	     27823	80005c40	f3d9bd13	sltiu	x26,x19,-195	 x19:0x80000020 x26=0x00000001
     278285.000 ns	     27827	80005c44	085b7853	fsub.s	f16,f22,f5	 f22:0x7fc00000  f5:0x3f800000 f16=0x7fc00000
     278305.000 ns	     27829	80005c48	40505913	srai	x18,x0,0x5	  x0:0x00000000 x18=0x00000000
     278335.000 ns	     27832	80005c4c	580848d3	fsqrt.s	f17,f16	 f16:0x7fc00000 f17=0x7fc00000
     278355.000 ns	     27834	80005c50	a6f48037	lui	x0,0xa6f48	
     278365.000 ns	     27835	80005c54	bac42913	slti	x18,x8,-1108	  x8:0x00000000 x18=0x00000000
     278725.000 ns	     27871	80005c58	0240fb33	remu	x22,x1,x4	  x1:0x00000001  x4:0x00000001 x22=0x00000000
     278755.000 ns	     27874	80005c5c	a0312153	feq.s	x2,f2,f3	  f2:0x4f000000  f3:0x41344ee3  x2=0x00000000
     278775.000 ns	     27876	80005c60	01339c33	sll	x24,x7,x19	  x7:0x00000000 x19:0x80000020 x24=0x00000000
     278785.000 ns	     27877	80005c64	c395b793	sltiu	x15,x11,-967	 x11:0x40000000 x15=0x00000001
     278795.000 ns	     27878	80005c68	abe14e93	xori	x29,x2,-1346	  x2:0x00000000 x29=0xfffffabe
     278815.000 ns	     27880	80005c6c	033f1133	mulh	x2,x30,x19	 x30:0x00000005 x19:0x80000020  x2=0xfffffffd
     278845.000 ns	     27883	80005c70	03c20db3	mul	x27,x4,x28	  x4:0x00000001 x28:0x80041024 x27=0x80041024
     278875.000 ns	     27886	80005c74	036dd233	divu	x4,x27,x22	 x27:0x80041025 x22:0x00000000  x4=0xffffffff
     279245.000 ns	     27923	80005c78	02505db3	divu	x27,x0,x5	  x0:0x00000000  x5:0x0000265c x27=0x00000000
     279265.000 ns	     27925	80005c7c	cfc82993	slti	x19,x16,-772	 x16:0x00000000 x19=0x00000000
     279275.000 ns	     27926	80005c80	01688fb3	add	x31,x17,x22	 x17:0x80040fe4 x22:0x00000000 x31=0x80040fe4
     279295.000 ns	     27928	80005c84	03f82cb3	mulhsu	x25,x16,x31	 x16:0x00000000 x31:0x000003e9 x25=0x00000000
     279665.000 ns	     27965	80005c88	03fa5db3	divu	x27,x20,x31	 x20:0x00000001 x31:0x000003e9 x27=0x00000000
     279695.000 ns	     27968	80005c8c	03927eb3	remu	x29,x4,x25	  x4:0xffffffff x25:0x00000000 x29=0xffffffff
     279725.000 ns	     27971	80005c90	28b488d3	fmin.s	f17,f9,f11	  f9:0x3f800000 f11:0x0000265c f17=0x0000265c
     279775.000 ns	     27976	80005c94	0081fbd3	fadd.s	f23,f3,f8	  f3:0x41344ee3  f8:0x00000000 f23=0x41344ee3
     280145.000 ns	     28013	80005c98	02bc5eb3	divu	x29,x24,x11	 x24:0x00000000 x11:0x40000000 x29=0x00000000
     280165.000 ns	     28015	80005c9c	009d9113	slli	x2,x27,0x9	 x27:0x00000000  x2=0x00000000
     280175.000 ns	     28016	80005ca0	00000013	addi	x0,x0,0	  x0:0x00000000
     280185.000 ns	     28017	80005ca4	00000013	addi	x0,x0,0	  x0:0x00000000
     280195.000 ns	     28018	80005ca8	92ffad93	slti	x27,x31,-1745	 x31:0x80040fe4 x27=0x00000001
     280555.000 ns	     28054	80005cac	031dfa33	remu	x20,x27,x17	 x27:0x00000000 x17:0x80040fe4 x20=0x00000001
     280585.000 ns	     28057	80005cb0	f0058ed3	fmv.w.x	f29,x11	 x11:0x40000000 f29=0x40000000
     280605.000 ns	     28059	80005cb4	01971c93	slli	x25,x14,0x19	 x14:0x00000000 x25=0x00000000
     280645.000 ns	     28063	80005cb8	011dfed3	fadd.s	f29,f27,f17	 f27:0x3f800000 f17:0x0000265c f29=0x3f800000
     280675.000 ns	     28066	80005cbc	f00b0b53	fmv.w.x	f22,x22	 x22:0x00000000 f22=0x00000000
     280695.000 ns	     28068	80005cc0	0048efb3	or	x31,x17,x4	 x17:0x80040fe4  x4:0xffffffff x31=0xffffffff
     280705.000 ns	     28069	80005cc4	411f5a93	srai	x21,x30,0x11	 x30:0x00000005 x21=0x00000000
     280725.000 ns	     28071	80005cc8	035f4833	div	x16,x30,x21	 x30:0x00000005 x21:0x00000000 x16=0xffffffff
     280745.000 ns	     28073	80005ccc	0194eeb3	or	x29,x9,x25	  x9:0x80041024 x25:0x00000000 x29=0x80041024
     281915.000 ns	     28190	80005cd0	580df953	fsqrt.s	f18,f27	 f27:0x3f800000 f18=0x3f7fffae
     281935.000 ns	     28192	80005cd4	00000013	addi	x0,x0,0	  x0:0x00000000
     281945.000 ns	     28193	80005cd8	f9a7a237	lui	x4,0xf9a7a	  x4=0xf9a7a000
     281965.000 ns	     28195	80005cdc	c005f953	fcvt.w.s	x18,f11	 f11:0x0000265c x18=0x00000000
     281995.000 ns	     28198	80005ce0	a1778fd3	fle.s	x31,f15,f23	 f15:0x3fffff38 f23:0x41344ee3 x31=0x00000001
     282025.000 ns	     28201	80005ce4	f00d8fd3	fmv.w.x	f31,x27	 x27:0x00000001 f31=0x00000001
     282055.000 ns	     28204	80005ce8	d011afd3	fcvt.s.wu	f31,x3	  x3:0xffffffff f31=0x4f800000
     283235.000 ns	     28322	80005cec	5801f653	fsqrt.s	f12,f3	  f3:0x41344ee3 f12=0x3ffefe48
     283255.000 ns	     28324	80005cf0	007b9933	sll	x18,x23,x7	 x23:0x00000000  x7:0x00000000 x18=0x00000000
     283275.000 ns	     28326	80005cf4	0332d9b3	divu	x19,x5,x19	  x5:0x0000265c x19:0x00000000 x19=0xffffffff
     283305.000 ns	     28329	80005cf8	a1311953	flt.s	x18,f2,f19	  f2:0x4f000000 f19:0x80000000 x18=0x00000000
     283325.000 ns	     28331	80005cfc	4128dd93	srai	x27,x17,0x12	 x17:0x80040fe4 x27=0xffffe001
     283345.000 ns	     28333	80005d00	29d41753	fmax.s	f14,f8,f29	  f8:0x00000000 f29:0x3f800000 f14=0x3f800000
     283375.000 ns	     28336	80005d04	d0030c53	fcvt.s.w	f24,x6	  x6:0x40000000 f24=0x4e800000
     283405.000 ns	     28339	80005d08	a05e8553	fle.s	x10,f29,f5	 f29:0x3f800000  f5:0x3f800000 x10=0x00000001
     283435.000 ns	     28342	80005d0c	e0071d53	fclass.s	x26,f14	 f14:0x3f800000 x26=0x00000040
     283455.000 ns	     28344	80005d10	d6192193	slti	x3,x18,-671	 x18:0x00000000  x3=0x00000000
     283475.000 ns	     28346	80005d14	d01876d3	fcvt.s.wu	f13,x16	 x16:0xffffffff f13=0x4f7fffff
     283495.000 ns	     28348	80005d18	413d5d93	srai	x27,x26,0x13	 x26:0x00000040 x27=0x00000000
     283515.000 ns	     28350	80005d1c	c00593d3	fcvt.w.s	x7,f11	 f11:0x0000265c  x7=0x00000000
     283535.000 ns	     28352	80005d20	00a2d733	srl	x14,x5,x10	  x5:0x0000265c x10:0x00000001 x14=0x0000132e
     283545.000 ns	     28353	80005d24	06af4913	xori	x18,x30,106	 x30:0x00000005 x18=0x0000006f
     283565.000 ns	     28355	80005d28	e00a84d3	fmv.x.w	x9,f21	 f21:0x3f800000  x9=0x3f800000
     283585.000 ns	     28357	80005d2c	00755d93	srli	x27,x10,0x7	 x10:0x00000001 x27=0x00000000
     283945.000 ns	     28393	80005d30	0247e133	rem	x2,x15,x4	 x15:0x00000001  x4:0xf9a7a000  x2=0x00000001
     283965.000 ns	     28395	80005d34	53867493	andi	x9,x12,1336	 x12:0x00000000  x9=0x00000000
     283975.000 ns	     28396	80005d38	2ebfe613	ori	x12,x31,747	 x31:0x00000001 x12=0x000002eb
     283985.000 ns	     28397	80005d3c	166cca13	xori	x20,x25,358	 x25:0x00000000 x20=0x00000166
     283995.000 ns	     28398	80005d40	0166ffb3	and	x31,x13,x22	 x13:0x00000000 x22:0x00000000 x31=0x00000000
     284005.000 ns	     28399	80005d44	40bc5913	srai	x18,x24,0xb	 x24:0x00000000 x18=0x00000000
     284025.000 ns	     28401	80005d48	e0081fd3	fclass.s	x31,f16	 f16:0x7fc00000 x31=0x00000200
     284045.000 ns	     28403	80005d4c	004de033	or	x0,x27,x4	 x27:0x00000000  x4:0xf9a7a000
     284065.000 ns	     28405	80005d50	d00b79d3	fcvt.s.w	f19,x22	 x22:0x00000000 f19=0x00000000
     284085.000 ns	     28407	80005d54	010b1213	slli	x4,x22,0x10	 x22:0x00000000  x4=0x00000000
     284095.000 ns	     28408	80005d58	2471fd13	andi	x26,x3,583	  x3:0x00000000 x26=0x00000000
     284115.000 ns	     28410	80005d5c	c00e7ed3	fcvt.w.s	x29,f28	 f28:0x437f0000 x29=0x000000ff
     284135.000 ns	     28412	80005d60	dc402d93	slti	x27,x0,-572	  x0:0x00000000 x27=0x00000000
     284175.000 ns	     28416	80005d64	084276d3	fsub.s	f13,f4,f4	  f4:0x80000000  f4:0x80000000 f13=0x00000000
     284205.000 ns	     28419	80005d68	29d58e53	fmin.s	f28,f11,f29	 f11:0x0000265c f29:0x3f800000 f28=0x0000265c
     284235.000 ns	     28422	80005d6c	c01d3953	fcvt.wu.s	x18,f26	 f26:0xc35f0019 x18=0x000000e0
     284255.000 ns	     28424	80005d70	ddd58693	addi	x13,x11,-547	 x11:0x40000000 x13=0x3ffffddd
     284275.000 ns	     28426	80005d74	d01977d3	fcvt.s.wu	f15,x18	 x18:0x000000e0 f15=0x43600000
     284295.000 ns	     28428	80005d78	014b06b3	add	x13,x22,x20	 x22:0x00000000 x20:0x00000166 x13=0x00000166
     284305.000 ns	     28429	80005d7c	012004b3	add	x9,x0,x18	  x0:0x00000000 x18:0x000000e0  x9=0x000000e0
     284325.000 ns	     28431	80005d80	a19780d3	fle.s	x1,f15,f25	 f15:0x43600000 f25:0x40ffffae  x1=0x00000000
     284355.000 ns	     28434	80005d84	02f891b3	mulh	x3,x17,x15	 x17:0x80040fe4 x15:0x00000001  x3=0xffffffff
     284385.000 ns	     28437	80005d88	034f8033	mul	x0,x31,x20	 x31:0x00000200 x20:0x00000166
     284415.000 ns	     28440	80005d8c	28d612d3	fmax.s	f5,f12,f13	 f12:0x3ffefe48 f13:0x00000000  f5=0x3ffefe48
     284445.000 ns	     28443	80005d90	e00e84d3	fmv.x.w	x9,f29	 f29:0x3f800000  x9=0x3f800000
     284475.000 ns	     28446	80005d94	d0160453	fcvt.s.wu	f8,x12	 x12:0x000002eb  f8=0x443ac000
     284505.000 ns	     28449	80005d98	d0127153	fcvt.s.wu	f2,x4	  x4:0x00000000  f2=0x00000000
     284535.000 ns	     28452	80005d9c	20a12cd3	fsgnjx.s	f25,f2,f10	  f2:0x4f000000 f10:0x3f800000 f25=0x00000000
     284565.000 ns	     28455	80005da0	d0107653	fcvt.s.wu	f12,x0	  x0:0x00000000 f12=0x00000000
     284595.000 ns	     28458	80005da4	e00597d3	fclass.s	x15,f11	 f11:0x0000265c x15=0x00000020
     284965.000 ns	     28495	80005da8	0305e533	rem	x10,x11,x16	 x11:0x40000000 x16:0xffffffff x10=0x00000000
     284985.000 ns	     28497	80005dac	006402b3	add	x5,x8,x6	  x8:0x00000000  x6:0x40000000  x5=0x40000000
     284995.000 ns	     28498	80005db0	01d0bdb3	sltu	x27,x1,x29	  x1:0x00000000 x29:0x000000ff x27=0x00000001
     285005.000 ns	     28499	80005db4	e9557113	andi	x2,x10,-363	 x10:0x00000000  x2=0x00000000
     285015.000 ns	     28500	80005db8	bc63ed93	ori	x27,x7,-1082	  x7:0x00000000 x27=0xfffffbc6
     285025.000 ns	     28501	80005dbc	41b55713	srai	x14,x10,0x1b	 x10:0x00000000 x14=0x00000000
     285035.000 ns	     28502	80005dc0	15b78237	lui	x4,0x15b78	  x4=0x15b78000
     285055.000 ns	     28504	80005dc4	e0058ed3	fmv.x.w	x29,f11	 f11:0x0000265c x29=0x0000265c
     285085.000 ns	     28507	80005dc8	02599eb3	mulh	x29,x19,x5	 x19:0xffffffff  x5:0x40000000 x29=0xffffffff
     285115.000 ns	     28510	80005dcc	0246b4b3	mulhu	x9,x13,x4	 x13:0x00000166  x4:0x15b78000  x9=0x0000001e
     285145.000 ns	     28513	80005dd0	a1771153	flt.s	x2,f14,f23	 f14:0x3f800000 f23:0x41344ee3  x2=0x00000001
     285165.000 ns	     28515	80005dd4	00521133	sll	x2,x4,x5	  x4:0x15b78000  x5:0x40000000  x2=0x15b78000
     285175.000 ns	     28516	80005dd8	0190d913	srli	x18,x1,0x19	  x1:0x00000000 x18=0x00000000
     285185.000 ns	     28517	80005ddc	d250a413	slti	x8,x1,-731	  x1:0x00000000  x8=0x00000000
     285205.000 ns	     28519	80005de0	e00c11d3	fclass.s	x3,f24	 f24:0x4e800000  x3=0x00000040
     285235.000 ns	     28522	80005de4	03fd3c33	mulhu	x24,x26,x31	 x26:0x00000000 x31:0x00000200 x24=0x00000000
     285605.000 ns	     28559	80005de8	02f1c333	div	x6,x3,x15	  x3:0x00000040 x15:0x00000020  x6=0x00000002
     285625.000 ns	     28561	80005dec	d8e4fc93	andi	x25,x9,-626	  x9:0x0000001e x25=0x0000000e
     285955.000 ns	     28594	80005df0	19c7c353	fdiv.s	f6,f15,f28	 f15:0x43600000 f28:0x0000265c  f6=0x7f800000
     285985.000 ns	     28597	80005df4	a1fe80d3	fle.s	x1,f29,f31	 f29:0x3f800000 f31:0x4f800000  x1=0x00000001
     286325.000 ns	     28631	80005df8	1801f6d3	fdiv.s	f13,f3,f0	  f3:0x41344ee3  f0:0xbf800000 f13=0xc0ba76fc
     286695.000 ns	     28668	80005dfc	02c7efb3	rem	x31,x15,x12	 x15:0x00000020 x12:0x000002eb x31=0x00000020
     287065.000 ns	     28705	80005e00	03db7bb3	remu	x23,x22,x29	 x22:0x00000000 x29:0xffffffff x23=0x00000000
     287105.000 ns	     28709	80005e04	5803f9d3	fsqrt.s	f19,f7	  f7:0x7fc00000 f19=0x7fc00000
     287125.000 ns	     28711	80005e08	40148eb3	sub	x29,x9,x1	  x9:0x0000001e  x1:0x00000001 x29=0x0000001d
     287145.000 ns	     28713	80005e0c	e0031953	fclass.s	x18,f6	  f6:0x7f800000 x18=0x00000080
     287165.000 ns	     28715	80005e10	009efcb3	and	x25,x29,x9	 x29:0xffffffff  x9:0x0000001e x25=0x0000001c
     287175.000 ns	     28716	80005e14	017efb33	and	x22,x29,x23	 x29:0x0000001d x23:0x00000000 x22=0x00000000
     287195.000 ns	     28718	80005e18	d018f153	fcvt.s.wu	f2,x17	 x17:0x80040fe4  f2=0x4f00040f
     287215.000 ns	     28720	80005e1c	408e5913	srai	x18,x28,0x8	 x28:0x80041024 x18=0xff800410
     287255.000 ns	     28724	80005e20	00e0f153	fadd.s	f2,f1,f14	  f1:0x7fc00000 f14:0x3f800000  f2=0x7fc00000
     287285.000 ns	     28727	80005e24	286409d3	fmin.s	f19,f8,f6	  f8:0x443ac000  f6:0x7f800000 f19=0x443ac000
     287625.000 ns	     28761	80005e28	19797ad3	fdiv.s	f21,f18,f23	 f18:0x3f7fffae f23:0x41344ee3 f21=0x3d9f1c2b
     287655.000 ns	     28764	80005e2c	2003ad53	fsgnjx.s	f26,f7,f0	  f7:0x7fc00000  f0:0xbf800000 f26=0xffc00000
     287675.000 ns	     28766	80005e30	40b18eb3	sub	x29,x3,x11	  x3:0x00000040 x11:0x40000000 x29=0xc0000040
     287685.000 ns	     28767	80005e34	f7a5e213	ori	x4,x11,-134	 x11:0x40000000  x4=0xffffff7a
     287705.000 ns	     28769	80005e38	f00280d3	fmv.w.x	f1,x5	  x5:0x40000000  f1=0x40000000
     287725.000 ns	     28771	80005e3c	dcf5e213	ori	x4,x11,-561	 x11:0x40000000  x4=0xfffffdcf
     287745.000 ns	     28773	80005e40	280810d3	fmax.s	f1,f16,f0	 f16:0x7fc00000  f0:0xbf800000  f1=0xbf800000
     287775.000 ns	     28776	80005e44	020f86b3	mul	x13,x31,x0	 x31:0x00000020  x0:0x00000000 x13=0x00000000
     287805.000 ns	     28779	80005e48	d00d48d3	fcvt.s.w	f17,x26	 x26:0x00000000 f17=0x00000000
     287825.000 ns	     28781	80005e4c	01051313	slli	x6,x10,0x10	 x10:0x00000000  x6=0x00000000
     287835.000 ns	     28782	80005e50	00d95eb3	srl	x29,x18,x13	 x18:0xff800410 x13:0x00000000 x29=0xff800410
     287855.000 ns	     28784	80005e54	f0088053	fmv.w.x	f0,x17	 x17:0x80040fe4  f0=0x80040fe4
     287875.000 ns	     28786	80005e58	410f04b3	sub	x9,x30,x16	 x30:0x00000005 x16:0xffffffff  x9=0x00000006
     287895.000 ns	     28788	80005e5c	02d21133	mulh	x2,x4,x13	  x4:0xfffffdcf x13:0x00000000  x2=0x00000000
     288265.000 ns	     28825	80005e60	0298c5b3	div	x11,x17,x9	 x17:0x80040fe4  x9:0x0000001e x11=0xeaab57fc
     288295.000 ns	     28828	80005e64	d0059053	fcvt.s.w	f0,x11	 x11:0x40000000  f0=0xcdaaa540
     288325.000 ns	     28831	80005e68	03401433	mulh	x8,x0,x20	  x0:0x00000000 x20:0x00000166  x8=0x00000000
     288355.000 ns	     28834	80005e6c	20640753	fsgnj.s	f14,f8,f6	  f8:0x443ac000  f6:0x7f800000 f14=0x443ac000
     288385.000 ns	     28837	80005e70	a0202bd3	feq.s	x23,f0,f2	  f0:0xcdaaa540  f2:0x7fc00000 x23=0x00000000
     288415.000 ns	     28840	80005e74	03a73fb3	mulhu	x31,x14,x26	 x14:0x00000000 x26:0x00000000 x31=0x00000000
     288445.000 ns	     28843	80005e78	d0069353	fcvt.s.w	f6,x13	 x13:0x00000000  f6=0x00000000
     288785.000 ns	     28877	80005e7c	19350fd3	fdiv.s	f31,f10,f19	 f10:0x3f800000 f19:0x443ac000 f31=0x3aaf411a
     288815.000 ns	     28880	80005e80	020f5bb3	divu	x23,x30,x0	 x30:0x00000005  x0:0x00000000 x23=0xffffffff
     288835.000 ns	     28882	80005e84	00000013	addi	x0,x0,0	  x0:0x00000000
     288855.000 ns	     28884	80005e88	f0000d53	fmv.w.x	f26,x0	  x0:0x00000000 f26=0x00000000
     288875.000 ns	     28886	80005e8c	01b763b3	or	x7,x14,x27	 x14:0x00000000 x27:0xfffffbc6  x7=0xfffffbc6
     288895.000 ns	     28888	80005e90	03330233	mul	x4,x6,x19	  x6:0x00000000 x19:0xffffffff  x4=0x00000000
     288915.000 ns	     28890	80005e94	0197eab3	or	x21,x15,x25	 x15:0x00000020 x25:0x0000001c x21=0x0000003c
     288935.000 ns	     28892	80005e98	e00f82d3	fmv.x.w	x5,f31	 f31:0x3aaf411a  x5=0x3aaf411a
     288965.000 ns	     28895	80005e9c	d00c4053	fcvt.s.w	f0,x24	 x24:0x00000000  f0=0x00000000
     288985.000 ns	     28897	80005ea0	00eea9b3	slt	x19,x29,x14	 x29:0xff800410 x14:0x00000000 x19=0x00000001
     288995.000 ns	     28898	80005ea4	159c8313	addi	x6,x25,345	 x25:0x0000001c  x6=0x00000175
     289025.000 ns	     28901	80005ea8	19b83c53	fdiv.s	f24,f16,f27	 f16:0x7fc00000 f27:0x3f800000 f24=0x7fc00000
     289055.000 ns	     28904	80005eac	e00112d3	fclass.s	x5,f2	  f2:0x7fc00000  x5=0x00000200
     289095.000 ns	     28908	80005eb0	5800f353	fsqrt.s	f6,f1	  f1:0xbf800000  f6=0x7fc00000
     289125.000 ns	     28911	80005eb4	c010b053	fcvt.wu.s	x0,f1	  f1:0xbf800000
     289145.000 ns	     28913	80005eb8	41f55033	sra	x0,x10,x31	 x10:0x00000000 x31:0x00000000
     289155.000 ns	     28914	80005ebc	dd05a037	lui	x0,0xdd05a	
     289175.000 ns	     28916	80005ec0	d01f0353	fcvt.s.wu	f6,x30	 x30:0x00000005  f6=0x40a00000
     289195.000 ns	     28918	80005ec4	40fbda33	sra	x20,x23,x15	 x23:0xffffffff x15:0x00000020 x20=0xffffffff
     289205.000 ns	     28919	80005ec8	009d0ab3	add	x21,x26,x9	 x26:0x00000000  x9:0x00000006 x21=0x00000006
     289215.000 ns	     28920	80005ecc	01aede93	srli	x29,x29,0x1a	 x29:0xff800410 x29=0x0000003f
     289235.000 ns	     28922	80005ed0	d00b7e53	fcvt.s.w	f28,x22	 x22:0x00000000 f28=0x00000000
     289275.000 ns	     28926	80005ed4	5803b653	fsqrt.s	f12,f7	  f7:0x7fc00000 f12=0x7fc00000
     289305.000 ns	     28929	80005ed8	e00a0453	fmv.x.w	x8,f20	 f20:0x00000000  x8=0x00000000
     289325.000 ns	     28931	80005edc	9d656713	ori	x14,x10,-1578	 x10:0x00000000 x14=0xfffff9d6
     289345.000 ns	     28933	80005ee0	f00084d3	fmv.w.x	f9,x1	  x1:0x00000001  f9=0x00000001
     289715.000 ns	     28970	80005ee4	02bf44b3	div	x9,x30,x11	 x30:0x00000005 x11:0xeaab57fc  x9=0x00000000
     289735.000 ns	     28972	80005ee8	41db0a33	sub	x20,x22,x29	 x22:0x00000000 x29:0x0000003f x20=0xffffffc1
     289755.000 ns	     28974	80005eec	f00906d3	fmv.w.x	f13,x18	 x18:0xff800410 f13=0xff800410
     289785.000 ns	     28977	80005ef0	d00924d3	fcvt.s.w	f9,x18	 x18:0xff800410  f9=0xcafff7e0
     290155.000 ns	     29014	80005ef4	03015733	divu	x14,x2,x16	  x2:0x00000000 x16:0xffffffff x14=0x00000000
     290185.000 ns	     29017	80005ef8	d0053ed3	fcvt.s.w	f29,x10	 x10:0x00000000 f29=0x00000000
     290205.000 ns	     29019	80005efc	00d71393	slli	x7,x14,0xd	 x14:0x00000000  x7=0x00000000
     290215.000 ns	     29020	80005f00	01917633	and	x12,x2,x25	  x2:0x00000000 x25:0x0000001c x12=0x00000000
     290225.000 ns	     29021	80005f04	9131ad93	slti	x27,x3,-1773	  x3:0x00000040 x27=0x00000000
     290245.000 ns	     29023	80005f08	02a62533	mulhsu	x10,x12,x10	 x12:0x000002eb x10:0x00000000 x10=0x00000000
     290265.000 ns	     29025	80005f0c	40b45613	srai	x12,x8,0xb	  x8:0x00000000 x12=0x00000000
     290275.000 ns	     29026	80005f10	661d8513	addi	x10,x27,1633	 x27:0x00000000 x10=0x00000661
     290285.000 ns	     29027	80005f14	00b57ab3	and	x21,x10,x11	 x10:0x00000000 x11:0xeaab57fc x21=0x00000660
     290305.000 ns	     29029	80005f18	204318d3	fsgnjn.s	f17,f6,f4	  f6:0x40a00000  f4:0x80000000 f17=0x40a00000
     290335.000 ns	     29032	80005f1c	201821d3	fsgnjx.s	f3,f16,f1	 f16:0x7fc00000  f1:0xbf800000  f3=0xffc00000
     290365.000 ns	     29035	80005f20	a1772353	feq.s	x6,f14,f23	 f14:0x443ac000 f23:0x41344ee3  x6=0x00000000
     290385.000 ns	     29037	80005f24	60fe89b7	lui	x19,0x60fe8	 x19=0x60fe8000
     290425.000 ns	     29041	80005f28	09be7153	fsub.s	f2,f28,f27	 f28:0x00000000 f27:0x3f800000  f2=0xbf800000
     290445.000 ns	     29043	80005f2c	6fa77993	andi	x19,x14,1786	 x14:0x00000000 x19=0x00000000
     290455.000 ns	     29044	80005f30	003a9313	slli	x6,x21,0x3	 x21:0x00000660  x6=0x00003300
     290475.000 ns	     29046	80005f34	20222353	fsgnjx.s	f6,f4,f2	  f4:0x80000000  f2:0xbf800000  f6=0x00000000
     290495.000 ns	     29048	80005f38	01fa1233	sll	x4,x20,x31	 x20:0xffffffc1 x31:0x00000000  x4=0xffffffc1
     290515.000 ns	     29050	80005f3c	c01f20d3	fcvt.wu.s	x1,f30	 f30:0x80041025  x1=0x00000000
     290535.000 ns	     29052	80005f40	01aa29b3	slt	x19,x20,x26	 x20:0xffffffc1 x26:0x00000000 x19=0x00000001
     290545.000 ns	     29053	80005f44	0186e033	or	x0,x13,x24	 x13:0x00000000 x24:0x00000000
     290565.000 ns	     29055	80005f48	d00fcdd3	fcvt.s.w	f27,x31	 x31:0x00000000 f27=0x00000000
     290595.000 ns	     29058	80005f4c	a1828753	fle.s	x14,f5,f24	  f5:0x3ffefe48 f24:0x7fc00000 x14=0x00000000
     290615.000 ns	     29060	80005f50	a8494993	xori	x19,x18,-1404	 x18:0xff800410 x19=0x007ffe94
     290625.000 ns	     29061	80005f54	41b45b33	sra	x22,x8,x27	  x8:0x00000000 x27:0x00000000 x22=0x00000000
     290645.000 ns	     29063	80005f58	d01d2353	fcvt.s.wu	f6,x26	 x26:0x00000000  f6=0x00000000
     290675.000 ns	     29066	80005f5c	e00a9753	fclass.s	x14,f21	 f21:0x3d9f1c2b x14=0x00000040
     290695.000 ns	     29068	80005f60	01470033	add	x0,x14,x20	 x14:0x00000000 x20:0xffffffc1
     290705.000 ns	     29069	80005f64	7f92c717	auipc	x14,0x7f92c	 x14=0xff931f64
     290725.000 ns	     29071	80005f68	21ab27d3	fsgnjx.s	f15,f22,f26	 f22:0x00000000 f26:0x00000000 f15=0x00000000
     290765.000 ns	     29075	80005f6c	19934ed3	fdiv.s	f29,f6,f25	  f6:0x00000000 f25:0x00000000 f29=0x7fc00000
     290785.000 ns	     29077	80005f70	01205e93	srli	x29,x0,0x12	  x0:0x00000000 x29=0x00000000
     290805.000 ns	     29079	80005f74	f0078153	fmv.w.x	f2,x15	 x15:0x00000020  f2=0x00000020
     290835.000 ns	     29082	80005f78	a1662a53	feq.s	x20,f12,f22	 f12:0x7fc00000 f22:0x00000000 x20=0x00000000
     290855.000 ns	     29084	80005f7c	41dcd6b3	sra	x13,x25,x29	 x25:0x0000001c x29:0x00000000 x13=0x0000001c
     290865.000 ns	     29085	80005f80	010c8a33	add	x20,x25,x16	 x25:0x0000001c x16:0xffffffff x20=0x0000001b
     290885.000 ns	     29087	80005f84	d00a77d3	fcvt.s.w	f15,x20	 x20:0x00000000 f15=0x41d80000
     290905.000 ns	     29089	80005f88	c333c393	xori	x7,x7,-973	  x7:0x00000000  x7=0xfffffc33
     290925.000 ns	     29091	80005f8c	d01bf4d3	fcvt.s.wu	f9,x23	 x23:0xffffffff  f9=0x4f7fffff
     290945.000 ns	     29093	80005f90	41fddc33	sra	x24,x27,x31	 x27:0x00000000 x31:0x00000000 x24=0x00000000
     290965.000 ns	     29095	80005f94	e0088b53	fmv.x.w	x22,f17	 f17:0x40a00000 x22=0x40a00000
     290995.000 ns	     29098	80005f98	0291ecb3	rem	x25,x3,x9	  x3:0x00000040  x9:0x00000000 x25=0x00000040
     291015.000 ns	     29100	80005f9c	01ea21b3	slt	x3,x20,x30	 x20:0x0000001b x30:0x00000005  x3=0x00000000
     291025.000 ns	     29101	80005fa0	01cc9593	slli	x11,x25,0x1c	 x25:0x00000040 x11=0x00000000
     291055.000 ns	     29104	80005fa4	18fcfbd3	fdiv.s	f23,f25,f15	 f25:0x00000000 f15:0x41d80000 f23=0x00000000
     291085.000 ns	     29107	80005fa8	a13c0c53	fle.s	x24,f24,f19	 f24:0x7fc00000 f19:0x443ac000 x24=0x00000000
     291115.000 ns	     29110	80005fac	c015c4d3	fcvt.wu.s	x9,f11	 f11:0x0000265c  x9=0x00000000
     291145.000 ns	     29113	80005fb0	c0177153	fcvt.wu.s	x2,f14	 f14:0x443ac000  x2=0x000002eb
     291165.000 ns	     29115	80005fb4	004d3433	sltu	x8,x26,x4	 x26:0x00000000  x4:0xffffffc1  x8=0x00000001
     291525.000 ns	     29151	80005fb8	03427bb3	remu	x23,x4,x20	  x4:0xffffffc1 x20:0x0000001b x23=0x0000000d
     291895.000 ns	     29188	80005fbc	03e559b3	divu	x19,x10,x30	 x10:0x00000661 x30:0x00000005 x19=0x00000146
     291915.000 ns	     29190	80005fc0	fe17f193	andi	x3,x15,-31	 x15:0x00000020  x3=0x00000020
     293085.000 ns	     29307	80005fc4	580fa753	fsqrt.s	f14,f31	 f31:0x3aaf411a f14=0x3c95c64d
     293115.000 ns	     29310	80005fc8	0201a2b3	mulhsu	x5,x3,x0	  x3:0x00000000  x0:0x00000000  x5=0x00000000
     293135.000 ns	     29312	80005fcc	5015a113	slti	x2,x11,1281	 x11:0x00000000  x2=0x00000001
     293155.000 ns	     29314	80005fd0	d018c7d3	fcvt.s.wu	f15,x17	 x17:0x80040fe4 f15=0x4f000410
     293175.000 ns	     29316	80005fd4	40a60633	sub	x12,x12,x10	 x12:0x00000000 x10:0x00000661 x12=0xfffff99f
     293185.000 ns	     29317	80005fd8	00a78433	add	x8,x15,x10	 x15:0x00000020 x10:0x00000661  x8=0x00000681
     293545.000 ns	     29353	80005fdc	033d6833	rem	x16,x26,x19	 x26:0x00000000 x19:0x00000146 x16=0x00000000
     293575.000 ns	     29356	80005fe0	c008f953	fcvt.w.s	x18,f17	 f17:0x40a00000 x18=0x00000005
     293595.000 ns	     29358	80005fe4	01ac9613	slli	x12,x25,0x1a	 x25:0x00000040 x12=0x00000000
     293615.000 ns	     29360	80005fe8	0230bbb3	mulhu	x23,x1,x3	  x1:0x00000000  x3:0x00000020 x23=0x00000000
     293645.000 ns	     29363	80005fec	e0088dd3	fmv.x.w	x27,f17	 f17:0x40a00000 x27=0x40a00000
     294015.000 ns	     29400	80005ff0	03bccfb3	div	x31,x25,x27	 x25:0x00000040 x27:0x00000000 x31=0x00000000
     294035.000 ns	     29402	80005ff4	01dbd513	srli	x10,x23,0x1d	 x23:0x00000000 x10=0x00000000
     294055.000 ns	     29404	80005ff8	a13599d3	flt.s	x19,f11,f19	 f11:0x0000265c f19:0x443ac000 x19=0x00000001
     294075.000 ns	     29406	80005ffc	79fbaa13	slti	x20,x23,1951	 x23:0x00000000 x20=0x00000001
     294105.000 ns	     29409	80006000	18bbfed3	fdiv.s	f29,f23,f11	 f23:0x00000000 f11:0x0000265c f29=0x00000000
     294145.000 ns	     29413	80006004	19dd0fd3	fdiv.s	f31,f26,f29	 f26:0x00000000 f29:0x7fc00000 f31=0x7fc00000
     294175.000 ns	     29416	80006008	03877733	remu	x14,x14,x24	 x14:0xff931f64 x24:0x00000000 x14=0xff931f64
     294205.000 ns	     29419	8000600c	02251db3	mulh	x27,x10,x2	 x10:0x00000000  x2:0x00000001 x27=0x00000000
     294245.000 ns	     29423	80006010	113f1453	fmul.s	f8,f30,f19	 f30:0x80041025 f19:0x443ac000  f8=0x82bdb1bf
     294265.000 ns	     29425	80006014	40d6d033	sra	x0,x13,x13	 x13:0x0000001c x13:0x0000001c
     294625.000 ns	     29461	80006018	02d46033	rem	x0,x8,x13	  x8:0x00000681 x13:0x0000001c
     294665.000 ns	     29465	8000601c	106076d3	fmul.s	f13,f0,f6	  f0:0x00000000  f6:0x00000000 f13=0x00000000
     294695.000 ns	     29468	80006020	03b74233	div	x4,x14,x27	 x14:0xff931f64 x27:0x00000000  x4=0xffffffff
     294715.000 ns	     29470	80006024	68cca513	slti	x10,x25,1676	 x25:0x00000040 x10=0x00000001
     294725.000 ns	     29471	80006028	01e42fb3	slt	x31,x8,x30	  x8:0x00000681 x30:0x00000005 x31=0x00000000
     294765.000 ns	     29475	8000602c	00a476d3	fadd.s	f13,f8,f10	  f8:0x82bdb1bf f10:0x3f800000 f13=0x3f800000
     295135.000 ns	     29512	80006030	0390d4b3	divu	x9,x1,x25	  x1:0x00000000 x25:0x00000040  x9=0x00000000
     295175.000 ns	     29516	80006034	10664053	fmul.s	f0,f12,f6	 f12:0x7fc00000  f6:0x00000000  f0=0x7fc00000
     296355.000 ns	     29634	80006038	5808f7d3	fsqrt.s	f15,f17	 f17:0x40a00000 f15=0x400f1b8f
     296375.000 ns	     29636	8000603c	43a4a393	slti	x7,x9,1082	  x9:0x00000000  x7=0x00000001
     296395.000 ns	     29638	80006040	e00c0bd3	fmv.x.w	x23,f24	 f24:0x7fc00000 x23=0x7fc00000
     296415.000 ns	     29640	80006044	21dc8997	auipc	x19,0x21dc8	 x19=0xa1dce044
     296425.000 ns	     29641	80006048	0145d9b3	srl	x19,x11,x20	 x11:0x00000000 x20:0x00000001 x19=0x00000000
     296435.000 ns	     29642	8000604c	225b3593	sltiu	x11,x22,549	 x22:0x40a00000 x11=0x00000000
     296445.000 ns	     29643	80006050	411d09b3	sub	x19,x26,x17	 x26:0x00000000 x17:0x80040fe4 x19=0x7ffbf01c
     296455.000 ns	     29644	80006054	00340a33	add	x20,x8,x3	  x8:0x00000681  x3:0x00000020 x20=0x000006a1
     296485.000 ns	     29647	80006058	580ef153	fsqrt.s	f2,f29	 f29:0x00000000  f2=0x00000000
     296505.000 ns	     29649	8000605c	36abdc17	auipc	x24,0x36abd	 x24=0xb6ac305c
     296525.000 ns	     29651	80006060	a0032553	feq.s	x10,f6,f0	  f6:0x00000000  f0:0x7fc00000 x10=0x00000000
     296545.000 ns	     29653	80006064	410a5313	srai	x6,x20,0x10	 x20:0x000006a1  x6=0x00000000
     296565.000 ns	     29655	80006068	21c421d3	fsgnjx.s	f3,f8,f28	  f8:0x82bdb1bf f28:0x00000000  f3=0x82bdb1bf
     296595.000 ns	     29658	8000606c	03f29933	mulh	x18,x5,x31	  x5:0x00000000 x31:0x00000000 x18=0x00000000
     296625.000 ns	     29661	80006070	f00e8353	fmv.w.x	f6,x29	 x29:0x00000000  f6=0x00000000
     296655.000 ns	     29664	80006074	28759ad3	fmax.s	f21,f11,f7	 f11:0x0000265c  f7:0x7fc00000 f21=0x0000265c
     296695.000 ns	     29668	80006078	193cf253	fdiv.s	f4,f25,f19	 f25:0x00000000 f19:0x443ac000  f4=0x00000000
     296715.000 ns	     29670	8000607c	003ad493	srli	x9,x21,0x3	 x21:0x00000660  x9=0x000000cc
     296735.000 ns	     29672	80006080	28279053	fmax.s	f0,f15,f2	 f15:0x400f1b8f  f2:0x00000000  f0=0x400f1b8f
     296765.000 ns	     29675	80006084	a11fa153	feq.s	x2,f31,f17	 f31:0x7fc00000 f17:0x40a00000  x2=0x00000000
     296795.000 ns	     29678	80006088	0307f033	remu	x0,x15,x16	 x15:0x00000020 x16:0x00000000
     296815.000 ns	     29680	8000608c	00399033	sll	x0,x19,x3	 x19:0x7ffbf01c  x3:0x00000020
     296825.000 ns	     29681	80006090	0167c333	xor	x6,x15,x22	 x15:0x00000020 x22:0x40a00000  x6=0x40a00020
     296835.000 ns	     29682	80006094	ac544a97	auipc	x21,0xac544	 x21=0x2c54a094
     296845.000 ns	     29683	80006098	b64d6393	ori	x7,x26,-1180	 x26:0x00000000  x7=0xfffffb64
     296855.000 ns	     29684	8000609c	eed8f213	andi	x4,x17,-275	 x17:0x80040fe4  x4=0x80040ee4
     296885.000 ns	     29687	800060a0	10ab7753	fmul.s	f14,f22,f10	 f22:0x00000000 f10:0x3f800000 f14=0x00000000
     296915.000 ns	     29690	800060a4	e00c15d3	fclass.s	x11,f24	 f24:0x7fc00000 x11=0x00000200
     296935.000 ns	     29692	800060a8	01cbbd33	sltu	x26,x23,x28	 x23:0x7fc00000 x28:0x80041024 x26=0x00000001
     296945.000 ns	     29693	800060ac	411fd2b3	sra	x5,x31,x17	 x31:0x00000000 x17:0x80040fe4  x5=0x00000000
     296965.000 ns	     29695	800060b0	0317aa33	mulhsu	x20,x15,x17	 x15:0x00000020 x17:0x80040fe4 x20=0x00000010
     296995.000 ns	     29698	800060b4	a0a58c53	fle.s	x24,f11,f10	 f11:0x0000265c f10:0x3f800000 x24=0x00000001
     297365.000 ns	     29735	800060b8	03cb4ab3	div	x21,x22,x28	 x22:0x40a00000 x28:0x80041024 x21=0x00000000
     297735.000 ns	     29772	800060bc	0233c6b3	div	x13,x7,x3	  x7:0xfffffb64  x3:0x00000020 x13=0xffffffdc
     297765.000 ns	     29775	800060c0	c00b21d3	fcvt.w.s	x3,f22	 f22:0x00000000  x3=0x00000000
     298945.000 ns	     29893	800060c4	58057853	fsqrt.s	f16,f10	 f10:0x3f800000 f16=0x3f7fffae
     298975.000 ns	     29896	800060c8	206f2a53	fsgnjx.s	f20,f30,f6	 f30:0x80041025  f6:0x00000000 f20=0x80041025
     299015.000 ns	     29900	800060cc	10617c53	fmul.s	f24,f2,f6	  f2:0x00000000  f6:0x00000000 f24=0x00000000
     299045.000 ns	     29903	800060d0	284590d3	fmax.s	f1,f11,f4	 f11:0x0000265c  f4:0x00000000  f1=0x0000265c
     299075.000 ns	     29906	800060d4	d0037d53	fcvt.s.w	f26,x6	  x6:0x40a00020 f26=0x4e814000
     299095.000 ns	     29908	800060d8	40cf8233	sub	x4,x31,x12	 x31:0x00000000 x12:0x00000000  x4=0x00000000
     299105.000 ns	     29909	800060dc	d43e2713	slti	x14,x28,-701	 x28:0x80041024 x14=0x00000001
     299115.000 ns	     29910	800060e0	40735ab3	sra	x21,x6,x7	  x6:0x40a00020  x7:0xfffffb64 x21=0x040a0002
     299125.000 ns	     29911	800060e4	d6caae93	slti	x29,x21,-660	 x21:0x00000000 x29=0x00000000
     299135.000 ns	     29912	800060e8	b01abc93	sltiu	x25,x21,-1279	 x21:0x00000000 x25=0x00000001
     299495.000 ns	     29948	800060ec	03cf4533	div	x10,x30,x28	 x30:0x00000005 x28:0x80041024 x10=0x00000000
     299515.000 ns	     29950	800060f0	00d13833	sltu	x16,x2,x13	  x2:0x00000000 x13:0xffffffdc x16=0x00000001
     299545.000 ns	     29953	800060f4	1117fad3	fmul.s	f21,f15,f17	 f15:0x400f1b8f f17:0x40a00000 f21=0x4132e272
     299575.000 ns	     29956	800060f8	d008aad3	fcvt.s.w	f21,x17	 x17:0x80040fe4 f21=0xcefff7e1
     299595.000 ns	     29958	800060fc	419bd513	srai	x10,x23,0x19	 x23:0x7fc00000 x10=0x0000003f
     299635.000 ns	     29962	80006100	013ffdd3	fadd.s	f27,f31,f19	 f31:0x7fc00000 f19:0x443ac000 f27=0x7fc00000
     299655.000 ns	     29964	80006104	00000013	addi	x0,x0,0	  x0:0x00000000
     299675.000 ns	     29966	80006108	c0077a53	fcvt.w.s	x20,f14	 f14:0x00000000 x20=0x00000000
     299705.000 ns	     29969	8000610c	03680033	mul	x0,x16,x22	 x16:0x00000001 x22:0x40a00000
     299735.000 ns	     29972	80006110	28c310d3	fmax.s	f1,f6,f12	  f6:0x00000000 f12:0x7fc00000  f1=0x00000000
     299755.000 ns	     29974	80006114	00458b33	add	x22,x11,x4	 x11:0x00000200  x4:0x00000000 x22=0x00000200
     299765.000 ns	     29975	80006118	006e1a93	slli	x21,x28,0x6	 x28:0x80041024 x21=0x01040900
     299785.000 ns	     29977	8000611c	21571953	fsgnjn.s	f18,f14,f21	 f14:0x00000000 f21:0xcefff7e1 f18=0x00000000
     299805.000 ns	     29979	80006120	00a29db3	sll	x27,x5,x10	  x5:0x00000000 x10:0x0000003f x27=0x00000000
     299825.000 ns	     29981	80006124	d00148d3	fcvt.s.w	f17,x2	  x2:0x00000000 f17=0x00000000
     299845.000 ns	     29983	80006128	000efc33	and	x24,x29,x0	 x29:0x00000000  x0:0x00000000 x24=0x00000000
     299855.000 ns	     29984	8000612c	22bd6313	ori	x6,x26,555	 x26:0x00000001  x6=0x0000022b
     299865.000 ns	     29985	80006130	014e0cb3	add	x25,x28,x20	 x28:0x80041024 x20:0x00000000 x25=0x80041024
     299875.000 ns	     29986	80006134	008bf2b3	and	x5,x23,x8	 x23:0x7fc00000  x8:0x00000681  x5=0x00000000
     299885.000 ns	     29987	80006138	40085693	srai	x13,x16,0x0	 x16:0x00000001 x13=0x00000001
     299905.000 ns	     29989	8000613c	a1a3a653	feq.s	x12,f7,f26	  f7:0x7fc00000 f26:0x4e814000 x12=0x00000000
     299935.000 ns	     29992	80006140	21e68653	fsgnj.s	f12,f13,f30	 f13:0x3f800000 f30:0x80041025 f12=0xbf800000
     299965.000 ns	     29995	80006144	a11207d3	fle.s	x15,f4,f17	  f4:0x00000000 f17:0x00000000 x15=0x00000001
     299995.000 ns	     29998	80006148	e00107d3	fmv.x.w	x15,f2	  f2:0x00000000 x15=0x00000000
     300015.000 ns	     30000	8000614c	5258c693	xori	x13,x17,1317	 x17:0x80040fe4 x13=0x80040ac1
     300025.000 ns	     30001	80006150	d05d8113	addi	x2,x27,-763	 x27:0x00000000  x2=0xfffffd05
     300035.000 ns	     30002	80006154	01f95333	srl	x6,x18,x31	 x18:0x00000000 x31:0x00000000  x6=0x00000000
     300055.000 ns	     30004	80006158	d00cfad3	fcvt.s.w	f21,x25	 x25:0x80041024 f21=0xcefff7df
     300085.000 ns	     30007	8000615c	21bc1fd3	fsgnjn.s	f31,f24,f27	 f24:0x00000000 f27:0x7fc00000 f31=0x80000000
     300105.000 ns	     30009	80006160	e5460617	auipc	x12,0xe5460	 x12=0x65466160
     300115.000 ns	     30010	80006164	00d100b3	add	x1,x2,x13	  x2:0xfffffd05 x13:0x80040ac1  x1=0x800407c6
     300125.000 ns	     30011	80006168	01d50133	add	x2,x10,x29	 x10:0x0000003f x29:0x00000000  x2=0x0000003f
     300145.000 ns	     30013	8000616c	028406b3	mul	x13,x8,x8	  x8:0x00000681  x8:0x00000681 x13=0x002a4d01
     300165.000 ns	     30015	80006170	0194f0b3	and	x1,x9,x25	  x9:0x000000cc x25:0x80041024  x1=0x00000004
     300175.000 ns	     30016	80006174	9160d697	auipc	x13,0x9160d	 x13=0x11613174
     300505.000 ns	     30049	80006178	18cf17d3	fdiv.s	f15,f30,f12	 f30:0x80041025 f12:0xbf800000 f15=0x00000000
     300525.000 ns	     30051	8000617c	4d74a213	slti	x4,x9,1239	  x9:0x000000cc  x4=0x00000001
     300545.000 ns	     30053	80006180	026426b3	mulhsu	x13,x8,x6	  x8:0x00000681  x6:0x00000000 x13=0x00000000
     300565.000 ns	     30055	80006184	41308933	sub	x18,x1,x19	  x1:0x00000004 x19:0x7ffbf01c x18=0x80040fe8
     300585.000 ns	     30057	80006188	c00679d3	fcvt.w.s	x19,f12	 f12:0xbf800000 x19=0x00000001
     300625.000 ns	     30061	8000618c	11de2753	fmul.s	f14,f28,f29	 f28:0x00000000 f29:0x00000000 f14=0x00000000
     300645.000 ns	     30063	80006190	00000013	addi	x0,x0,0	  x0:0x00000000
     300665.000 ns	     30065	80006194	03cf2bb3	mulhsu	x23,x30,x28	 x30:0x00000005 x28:0x80041024 x23=0x00000002
     300695.000 ns	     30068	80006198	f0048653	fmv.w.x	f12,x9	  x9:0x000000cc f12=0x000000cc
     300745.000 ns	     30073	8000619c	008ea753	fadd.s	f14,f29,f8	 f29:0x00000000  f8:0x82bdb1bf f14=0x82bdb1bf
     300765.000 ns	     30075	800061a0	4bdee393	ori	x7,x29,1213	 x29:0x00000000  x7=0x000004bd
     300785.000 ns	     30077	800061a4	2043a153	fsgnjx.s	f2,f7,f4	  f7:0x7fc00000  f4:0x00000000  f2=0x7fc00000
     300815.000 ns	     30080	800061a8	e00c0a53	fmv.x.w	x20,f24	 f24:0x00000000 x20=0x00000000
     300845.000 ns	     30083	800061ac	023209b3	mul	x19,x4,x3	  x4:0x00000001  x3:0x00000000 x19=0x00000000
     300865.000 ns	     30085	800061b0	41a1deb3	sra	x29,x3,x26	  x3:0x00000000 x26:0x00000001 x29=0x00000000
     301225.000 ns	     30121	800061b4	0289cd33	div	x26,x19,x8	 x19:0x00000000  x8:0x00000681 x26=0x00000000
     301245.000 ns	     30123	800061b8	00ca5d13	srli	x26,x20,0xc	 x20:0x00000000 x26=0x00000000
     301255.000 ns	     30124	800061bc	b11adc17	auipc	x24,0xb11ad	 x24=0x311b31bc
     301275.000 ns	     30126	800061c0	28b39cd3	fmax.s	f25,f7,f11	  f7:0x7fc00000 f11:0x0000265c f25=0x0000265c
     301645.000 ns	     30163	800061c4	02e147b3	div	x15,x2,x14	  x2:0x0000003f x14:0x00000001 x15=0x0000003f
     301665.000 ns	     30165	800061c8	acab4d13	xori	x26,x22,-1334	 x22:0x00000200 x26=0xfffff8ca
     301685.000 ns	     30167	800061cc	0256e3b3	rem	x7,x13,x5	 x13:0x00000000  x5:0x00000000  x7=0x00000000
     302055.000 ns	     30204	800061d0	037a4633	div	x12,x20,x23	 x20:0x00000000 x23:0x00000002 x12=0x00000000
     302075.000 ns	     30206	800061d4	01a3f0b3	and	x1,x7,x26	  x7:0x00000000 x26:0xfffff8ca  x1=0x00000000
     302085.000 ns	     30207	800061d8	00028eb3	add	x29,x5,x0	  x5:0x00000000  x0:0x00000000 x29=0x00000000
     302095.000 ns	     30208	800061dc	89208817	auipc	x16,0x89208	 x16=0x0920e1dc
     302115.000 ns	     30210	800061e0	021895b3	mulh	x11,x17,x1	 x17:0x80040fe4  x1:0x00000000 x11=0x00000000
     302135.000 ns	     30212	800061e4	00231c93	slli	x25,x6,0x2	  x6:0x00000000 x25=0x00000000
     302165.000 ns	     30215	800061e8	19b87cd3	fdiv.s	f25,f16,f27	 f16:0x3f7fffae f27:0x7fc00000 f25=0x7fc00000
     302185.000 ns	     30217	800061ec	0694ef93	ori	x31,x9,105	  x9:0x000000cc x31=0x000000ed
     302195.000 ns	     30218	800061f0	000a11b3	sll	x3,x20,x0	 x20:0x00000000  x0:0x00000000  x3=0x00000000
     302205.000 ns	     30219	800061f4	0192d133	srl	x2,x5,x25	  x5:0x00000000 x25:0x00000000  x2=0x00000000
     302225.000 ns	     30221	800061f8	02b8fb33	remu	x22,x17,x11	 x17:0x80040fe4 x11:0x00000000 x22=0x80040fe4
     302245.000 ns	     30223	800061fc	001c1db3	sll	x27,x24,x1	 x24:0x311b31bc  x1:0x00000000 x27=0x311b31bc
     302605.000 ns	     30259	80006200	0240f0b3	remu	x1,x1,x4	  x1:0x00000000  x4:0x00000001  x1=0x00000000
     302635.000 ns	     30262	80006204	e0060d53	fmv.x.w	x26,f12	 f12:0x000000cc x26=0x000000cc
     302665.000 ns	     30265	80006208	e00b8cd3	fmv.x.w	x25,f23	 f23:0x00000000 x25=0x00000000
     302695.000 ns	     30268	8000620c	c0110453	fcvt.wu.s	x8,f2	  f2:0x7fc00000  x8=0xffffffff
     302715.000 ns	     30270	80006210	00edf0b3	and	x1,x27,x14	 x27:0x311b31bc x14:0x00000001  x1=0x00000000
     302735.000 ns	     30272	80006214	e0081353	fclass.s	x6,f16	 f16:0x3f7fffae  x6=0x00000040
     302755.000 ns	     30274	80006218	41af5a13	srai	x20,x30,0x1a	 x30:0x00000005 x20=0x00000000
     302765.000 ns	     30275	8000621c	e42cb313	sltiu	x6,x25,-446	 x25:0x00000000  x6=0x00000001
     302775.000 ns	     30276	80006220	18bba393	slti	x7,x23,395	 x23:0x00000002  x7=0x00000001
     302785.000 ns	     30277	80006224	000fbc33	sltu	x24,x31,x0	 x31:0x000000ed  x0:0x00000000 x24=0x00000000
     302805.000 ns	     30279	80006228	20a9ac53	fsgnjx.s	f24,f19,f10	 f19:0x443ac000 f10:0x3f800000 f24=0x443ac000
     302835.000 ns	     30282	8000622c	0221eab3	rem	x21,x3,x2	  x3:0x00000000  x2:0x00000000 x21=0x00000000
     302855.000 ns	     30284	80006230	00000013	addi	x0,x0,0	  x0:0x00000000
     302875.000 ns	     30286	80006234	c0167653	fcvt.wu.s	x12,f12	 f12:0x000000cc x12=0x00000000
     302895.000 ns	     30288	80006238	d7ef0c93	addi	x25,x30,-642	 x30:0x00000005 x25=0xfffffd83
     302905.000 ns	     30289	8000623c	01855e93	srli	x29,x10,0x18	 x10:0x0000003f x29=0x00000000
     302925.000 ns	     30291	80006240	204e2353	fsgnjx.s	f6,f28,f4	 f28:0x00000000  f4:0x00000000  f6=0x00000000
     302945.000 ns	     30293	80006244	01a719b3	sll	x19,x14,x26	 x14:0x00000001 x26:0x000000cc x19=0x00001000
     302965.000 ns	     30295	80006248	c01189d3	fcvt.wu.s	x19,f3	  f3:0x82bdb1bf x19=0x00000000
     302985.000 ns	     30297	8000624c	00d8e4b3	or	x9,x17,x13	 x17:0x80040fe4 x13:0x00000000  x9=0x80040fe4
     303005.000 ns	     30299	80006250	210e88d3	fsgnj.s	f17,f29,f16	 f29:0x00000000 f16:0x3f7fffae f17=0x00000000
     303035.000 ns	     30302	80006254	29c81cd3	fmax.s	f25,f16,f28	 f16:0x3f7fffae f28:0x00000000 f25=0x3f7fffae
     303055.000 ns	     30304	80006258	408cda33	sra	x20,x25,x8	 x25:0xfffffd83  x8:0xffffffff x20=0xffffffff
     303065.000 ns	     30305	8000625c	c6ba6b93	ori	x23,x20,-917	 x20:0x00000000 x23=0xffffffff
     303085.000 ns	     30307	80006260	f00586d3	fmv.w.x	f13,x11	 x11:0x00000000 f13=0x00000000
     303125.000 ns	     30311	80006264	10987e53	fmul.s	f28,f16,f9	 f16:0x3f7fffae  f9:0x4f7fffff f28=0x4f7fffad
     303145.000 ns	     30313	80006268	355bbd93	sltiu	x27,x23,853	 x23:0xffffffff x27=0x00000000
     303165.000 ns	     30315	8000626c	a07da7d3	feq.s	x15,f27,f7	 f27:0x7fc00000  f7:0x7fc00000 x15=0x00000000
     303185.000 ns	     30317	80006270	014b1c33	sll	x24,x22,x20	 x22:0x80040fe4 x20:0xffffffff x24=0x00000000
     303195.000 ns	     30318	80006274	21a17413	andi	x8,x2,538	  x2:0x00000000  x8=0x00000000
     303205.000 ns	     30319	80006278	33a52b93	slti	x23,x10,826	 x10:0x0000003f x23=0x00000001
     303215.000 ns	     30320	8000627c	74422a13	slti	x20,x4,1860	  x4:0x00000001 x20=0x00000001
     303225.000 ns	     30321	80006280	00e95713	srli	x14,x18,0xe	 x18:0x80040fe8 x14=0x00020010
     303235.000 ns	     30322	80006284	402bd5b3	sra	x11,x23,x2	 x23:0x00000001  x2:0x00000000 x11=0x00000001
     303255.000 ns	     30324	80006288	21b51153	fsgnjn.s	f2,f10,f27	 f10:0x3f800000 f27:0x7fc00000  f2=0xbf800000
     303285.000 ns	     30327	8000628c	d0112e53	fcvt.s.wu	f28,x2	  x2:0x00000000 f28=0x00000000
     303305.000 ns	     30329	80006290	0023f433	and	x8,x7,x2	  x7:0x00000001  x2:0x00000000  x8=0x00000000
     303315.000 ns	     30330	80006294	00506833	or	x16,x0,x5	  x0:0x00000000  x5:0x00000000 x16=0x00000000
     303335.000 ns	     30332	80006298	a0781dd3	flt.s	x27,f16,f7	 f16:0x3f7fffae  f7:0x7fc00000 x27=0x00000000
     303365.000 ns	     30335	8000629c	a0a90cd3	fle.s	x25,f18,f10	 f18:0x00000000 f10:0x3f800000 x25=0x00000001
     303385.000 ns	     30337	800062a0	007d5693	srli	x13,x26,0x7	 x26:0x000000cc x13=0x00000001
     303715.000 ns	     30370	800062a4	190f2f53	fdiv.s	f30,f30,f16	 f30:0x80041025 f16:0x3f7fffae f30=0x80082046
     303735.000 ns	     30372	800062a8	00d3d9b3	srl	x19,x7,x13	  x7:0x00000001 x13:0x00000000 x19=0x00000000
     304095.000 ns	     30408	800062ac	02bae2b3	rem	x5,x21,x11	 x21:0x00000000 x11:0x00000001  x5=0x00000000
     304115.000 ns	     30410	800062b0	016a4b33	xor	x22,x20,x22	 x20:0x00000001 x22:0x80040fe4 x22=0x80040fe5
     304135.000 ns	     30412	800062b4	207c1753	fsgnjn.s	f14,f24,f7	 f24:0x443ac000  f7:0x7fc00000 f14=0xc43ac000
     304165.000 ns	     30415	800062b8	c0147dd3	fcvt.wu.s	x27,f8	  f8:0x82bdb1bf x27=0x00000000
     304185.000 ns	     30417	800062bc	00cf5433	srl	x8,x30,x12	 x30:0x00000005 x12:0x00000000  x8=0x00000005
     304205.000 ns	     30419	800062c0	03980ab3	mul	x21,x16,x25	 x16:0x00000000 x25:0x00000001 x21=0x00000000
     304225.000 ns	     30421	800062c4	40b65313	srai	x6,x12,0xb	 x12:0x00000000  x6=0x00000000
     304235.000 ns	     30422	800062c8	aa5a8c93	addi	x25,x21,-1371	 x21:0x00000000 x25=0xfffffaa5
     304255.000 ns	     30424	800062cc	c0037553	fcvt.w.s	x10,f6	  f6:0x00000000 x10=0x00000000
     304305.000 ns	     30429	800062d0	007e3b53	fadd.s	f22,f28,f7	 f28:0x00000000  f7:0x7fc00000 f22=0x7fc00000
     304335.000 ns	     30432	800062d4	20d68353	fsgnj.s	f6,f13,f13	 f13:0x00000000 f13:0x00000000  f6=0x00000000
     304365.000 ns	     30435	800062d8	0358dd33	divu	x26,x17,x21	 x17:0x80040fe4 x21:0x00000000 x26=0xffffffff
     304395.000 ns	     30438	800062dc	c00afd53	fcvt.w.s	x26,f21	 f21:0xcefff7df x26=0x7ffbef80
     304445.000 ns	     30443	800062e0	09341053	fsub.s	f0,f8,f19	  f8:0x82bdb1bf f19:0x443ac000  f0=0xc43ac000
     304465.000 ns	     30445	800062e4	21fde193	ori	x3,x27,543	 x27:0x00000000  x3=0x0000021f
     304485.000 ns	     30447	800062e8	e00082d3	fmv.x.w	x5,f1	  f1:0x00000000  x5=0x00000000
     304515.000 ns	     30450	800062ec	d01cc053	fcvt.s.wu	f0,x25	 x25:0xfffffaa5  f0=0x4f7ffffb
     304545.000 ns	     30453	800062f0	e00e0bd3	fmv.x.w	x23,f28	 f28:0x00000000 x23=0x00000000
     304585.000 ns	     30457	800062f4	10a225d3	fmul.s	f11,f4,f10	  f4:0x00000000 f10:0x3f800000 f11=0x00000000
     304605.000 ns	     30459	800062f8	89162c93	slti	x25,x12,-1903	 x12:0x00000000 x25=0x00000000
     304615.000 ns	     30460	800062fc	01a3d393	srli	x7,x7,0x1a	  x7:0x00000001  x7=0x00000000
     304635.000 ns	     30462	80006300	20848bd3	fsgnj.s	f23,f9,f8	  f9:0x4f7fffff  f8:0x82bdb1bf f23=0xcf7fffff
     304665.000 ns	     30465	80006304	a039a753	feq.s	x14,f19,f3	 f19:0x443ac000  f3:0x82bdb1bf x14=0x00000000
     304685.000 ns	     30467	80006308	009af433	and	x8,x21,x9	 x21:0x00000000  x9:0x80040fe4  x8=0x00000000
     304695.000 ns	     30468	8000630c	00061293	slli	x5,x12,0x0	 x12:0x00000000  x5=0x00000000
     304705.000 ns	     30469	80006310	4140d593	srai	x11,x1,0x14	  x1:0x00000000 x11=0x00000000
     304715.000 ns	     30470	80006314	00000013	addi	x0,x0,0	  x0:0x00000000
     304725.000 ns	     30471	80006318	34630913	addi	x18,x6,838	  x6:0x00000000 x18=0x00000346
     304765.000 ns	     30475	8000631c	00722ed3	fadd.s	f29,f4,f7	  f4:0x00000000  f7:0x7fc00000 f29=0x7fc00000
     304785.000 ns	     30477	80006320	009c81b3	add	x3,x25,x9	 x25:0x00000000  x9:0x80040fe4  x3=0x80040fe4
     304795.000 ns	     30478	80006324	835c4b13	xori	x22,x24,-1995	 x24:0x00000000 x22=0xfffff835
     304805.000 ns	     30479	80006328	00000013	addi	x0,x0,0	  x0:0x00000000
     304825.000 ns	     30481	8000632c	21552fd3	fsgnjx.s	f31,f10,f21	 f10:0x3f800000 f21:0xcefff7df f31=0xbf800000
     304855.000 ns	     30484	80006330	d00b3253	fcvt.s.w	f4,x22	 x22:0xfffff835  f4=0xc4f96000
     304895.000 ns	     30488	80006334	580b06d3	fsqrt.s	f13,f22	 f22:0x7fc00000 f13=0x7fc00000
     304925.000 ns	     30491	80006338	020bc6b3	div	x13,x23,x0	 x23:0x00000000  x0:0x00000000 x13=0xffffffff
     304955.000 ns	     30494	8000633c	026c4133	div	x2,x24,x6	 x24:0x00000000  x6:0x00000000  x2=0xffffffff
     304985.000 ns	     30497	80006340	d01bbb53	fcvt.s.wu	f22,x23	 x23:0x00000000 f22=0x00000000
     305005.000 ns	     30499	80006344	008c6933	or	x18,x24,x8	 x24:0x00000000  x8:0x00000000 x18=0x00000000
     305025.000 ns	     30501	80006348	f0090653	fmv.w.x	f12,x18	 x18:0x00000346 f12=0x00000000
     305055.000 ns	     30504	8000634c	f0078bd3	fmv.w.x	f23,x15	 x15:0x00000000 f23=0x00000000
     305105.000 ns	     30509	80006350	0843c853	fsub.s	f16,f7,f4	  f7:0x7fc00000  f4:0xc4f96000 f16=0x7fc00000
     305475.000 ns	     30546	80006354	02966db3	rem	x27,x12,x9	 x12:0x00000000  x9:0x80040fe4 x27=0x00000000
     305495.000 ns	     30548	80006358	1c90ed37	lui	x26,0x1c90e	 x26=0x1c90e000
     305855.000 ns	     30584	8000635c	03c5d133	divu	x2,x11,x28	 x11:0x00000000 x28:0x80041024  x2=0x00000000
     305885.000 ns	     30587	80006360	c01595d3	fcvt.wu.s	x11,f11	 f11:0x00000000 x11=0x00000000
     305915.000 ns	     30590	80006364	21848ad3	fsgnj.s	f21,f9,f24	  f9:0x4f7fffff f24:0x443ac000 f21=0x4f7fffff
     305935.000 ns	     30592	80006368	a2c4f013	andi	x0,x9,-1492	  x9:0x80040fe4
     305955.000 ns	     30594	8000636c	297201d3	fmin.s	f3,f4,f23	  f4:0xc4f96000 f23:0x00000000  f3=0xc4f96000
     305975.000 ns	     30596	80006370	002b5f93	srli	x31,x22,0x2	 x22:0xfffff835 x31=0x3ffffe0d
     306335.000 ns	     30632	80006374	0349deb3	divu	x29,x19,x20	 x19:0x00000000 x20:0x00000001 x29=0x00000000
     306365.000 ns	     30635	80006378	02573a33	mulhu	x20,x14,x5	 x14:0x00000000  x5:0x00000000 x20=0x00000000
     306385.000 ns	     30637	8000637c	01691cb3	sll	x25,x18,x22	 x18:0x00000000 x22:0xfffff835 x25=0x00000000
     306395.000 ns	     30638	80006380	01bf2bb3	slt	x23,x30,x27	 x30:0x00000005 x27:0x00000000 x23=0x00000000
     306415.000 ns	     30640	80006384	d00190d3	fcvt.s.w	f1,x3	  x3:0x80040fe4  f1=0xcefff7e0
     306445.000 ns	     30643	80006388	d0197853	fcvt.s.wu	f16,x18	 x18:0x00000000 f16=0x00000000
     306465.000 ns	     30645	8000638c	00000013	addi	x0,x0,0	  x0:0x00000000
     306475.000 ns	     30646	80006390	01537633	and	x12,x6,x21	  x6:0x00000000 x21:0x00000000 x12=0x00000000
     306495.000 ns	     30648	80006394	03f90633	mul	x12,x18,x31	 x18:0x00000000 x31:0x3ffffe0d x12=0x00000000
     306515.000 ns	     30650	80006398	00735133	srl	x2,x6,x7	  x6:0x00000000  x7:0x00000000  x2=0x00000000
     306535.000 ns	     30652	8000639c	02111c33	mulh	x24,x2,x1	  x2:0x00000000  x1:0x00000000 x24=0x00000000
     306565.000 ns	     30655	800063a0	216c96d3	fsgnjn.s	f13,f25,f22	 f25:0x3f7fffae f22:0x00000000 f13=0xbf7fffae
     306595.000 ns	     30658	800063a4	d000c053	fcvt.s.w	f0,x1	  x1:0x00000000  f0=0x00000000
     306615.000 ns	     30660	800063a8	008079b3	and	x19,x0,x8	  x0:0x00000000  x8:0x00000000 x19=0x00000000
     306635.000 ns	     30662	800063ac	21910ad3	fsgnj.s	f21,f2,f25	  f2:0xbf800000 f25:0x3f7fffae f21=0x3f800000
     306665.000 ns	     30665	800063b0	e00c06d3	fmv.x.w	x13,f24	 f24:0x443ac000 x13=0x443ac000
     306685.000 ns	     30667	800063b4	01f49cb3	sll	x25,x9,x31	  x9:0x80040fe4 x31:0x3ffffe0d x25=0x81fc8000
     306705.000 ns	     30669	800063b8	21669a53	fsgnjn.s	f20,f13,f22	 f13:0xbf7fffae f22:0x00000000 f20=0xbf7fffae
     306725.000 ns	     30671	800063bc	00b01033	sll	x0,x0,x11	  x0:0x00000000 x11:0x00000000
     306745.000 ns	     30673	800063c0	e00217d3	fclass.s	x15,f4	  f4:0xc4f96000 x15=0x00000002
     306765.000 ns	     30675	800063c4	01d5b1b3	sltu	x3,x11,x29	 x11:0x00000000 x29:0x00000000  x3=0x00000000
     306775.000 ns	     30676	800063c8	fca7f913	andi	x18,x15,-54	 x15:0x00000002 x18=0x00000002
     306795.000 ns	     30678	800063cc	294e1053	fmax.s	f0,f28,f20	 f28:0x00000000 f20:0xbf7fffae  f0=0x00000000
     306815.000 ns	     30680	800063d0	017eaeb3	slt	x29,x29,x23	 x29:0x00000000 x23:0x00000000 x29=0x00000000
     306825.000 ns	     30681	800063d4	40c85613	srai	x12,x16,0xc	 x16:0x00000000 x12=0x00000000
     306835.000 ns	     30682	800063d8	00e4f633	and	x12,x9,x14	  x9:0x80040fe4 x14:0x00000000 x12=0x00000000
     306845.000 ns	     30683	800063dc	018f4ab3	xor	x21,x30,x24	 x30:0x00000005 x24:0x00000000 x21=0x00000005
     306855.000 ns	     30684	800063e0	001e10b3	sll	x1,x28,x1	 x28:0x80041024  x1:0x00000000  x1=0x80041024
     306865.000 ns	     30685	800063e4	01411c33	sll	x24,x2,x20	  x2:0x00000000 x20:0x00000000 x24=0x00000000
     306885.000 ns	     30687	800063e8	e00283d3	fmv.x.w	x7,f5	  f5:0x3ffefe48  x7=0x3ffefe48
     306905.000 ns	     30689	800063ec	3aa2f213	andi	x4,x5,938	  x5:0x00000000  x4=0x00000000
     306925.000 ns	     30691	800063f0	21e120d3	fsgnjx.s	f1,f2,f30	  f2:0xbf800000 f30:0x80082046  f1=0x3f800000
     306945.000 ns	     30693	800063f4	0082e133	or	x2,x5,x8	  x5:0x00000000  x8:0x00000000  x2=0x00000000
     306955.000 ns	     30694	800063f8	01225613	srli	x12,x4,0x12	  x4:0x00000000 x12=0x00000000
     306965.000 ns	     30695	800063fc	00236033	or	x0,x6,x2	  x6:0x00000000  x2:0x00000000
     307325.000 ns	     30731	80006400	03fd52b3	divu	x5,x26,x31	 x26:0x1c90e000 x31:0x3ffffe0d  x5=0x00000000
     307365.000 ns	     30735	80006404	1013c6d3	fmul.s	f13,f7,f1	  f7:0x7fc00000  f1:0x3f800000 f13=0x7fc00000
     307395.000 ns	     30738	80006408	20e22753	fsgnjx.s	f14,f4,f14	  f4:0xc4f96000 f14:0xc43ac000 f14=0x44f96000
     307425.000 ns	     30741	8000640c	290b95d3	fmax.s	f11,f23,f16	 f23:0x00000000 f16:0x00000000 f11=0x00000000
     307455.000 ns	     30744	80006410	21c311d3	fsgnjn.s	f3,f6,f28	  f6:0x00000000 f28:0x00000000  f3=0x80000000
     307475.000 ns	     30746	80006414	7ad949b7	lui	x19,0x7ad94	 x19=0x7ad94000
     307495.000 ns	     30748	80006418	a142aa53	feq.s	x20,f5,f20	  f5:0x3ffefe48 f20:0xbf7fffae x20=0x00000000
     307515.000 ns	     30750	8000641c	007c0b33	add	x22,x24,x7	 x24:0x00000000  x7:0x3ffefe48 x22=0x3ffefe48
     307525.000 ns	     30751	80006420	01f583b3	add	x7,x11,x31	 x11:0x00000000 x31:0x3ffffe0d  x7=0x3ffffe0d
     307535.000 ns	     30752	80006424	33b33393	sltiu	x7,x6,827	  x6:0x00000000  x7=0x00000001
     307545.000 ns	     30753	80006428	01407133	and	x2,x0,x20	  x0:0x00000000 x20:0x00000000  x2=0x00000000
     307565.000 ns	     30755	8000642c	d019f2d3	fcvt.s.wu	f5,x19	 x19:0x7ad94000  f5=0x4ef5b280
     307595.000 ns	     30758	80006430	201a92d3	fsgnjn.s	f5,f21,f1	 f21:0x3f800000  f1:0x3f800000  f5=0xbf800000
     307625.000 ns	     30761	80006434	d01eb253	fcvt.s.wu	f4,x29	 x29:0x00000000  f4=0x00000000
     307645.000 ns	     30763	80006438	57d55717	auipc	x14,0x57d55	 x14=0xd7d5b438
     307655.000 ns	     30764	8000643c	00e5d133	srl	x2,x11,x14	 x11:0x00000000 x14:0x00000000  x2=0x00000000
     307675.000 ns	     30766	80006440	d0157ed3	fcvt.s.wu	f29,x10	 x10:0x00000000 f29=0x00000000
     307695.000 ns	     30768	80006444	d5d84d13	xori	x26,x16,-675	 x16:0x00000000 x26=0xfffffd5d
     307705.000 ns	     30769	80006448	00d76833	or	x16,x14,x13	 x14:0xd7d5b438 x13:0x443ac000 x16=0xd7fff438
     307715.000 ns	     30770	8000644c	1f94ba13	sltiu	x20,x9,505	  x9:0x80040fe4 x20=0x00000000
     307735.000 ns	     30772	80006450	21cd0253	fsgnj.s	f4,f26,f28	 f26:0x4e814000 f28:0x00000000  f4=0x4e814000
     307765.000 ns	     30775	80006454	292b9853	fmax.s	f16,f23,f18	 f23:0x00000000 f18:0x00000000 f16=0x00000000
     307795.000 ns	     30778	80006458	d01e7e53	fcvt.s.wu	f28,x28	 x28:0x80041024 f28=0x4f000410
     307825.000 ns	     30781	8000645c	e0008ad3	fmv.x.w	x21,f1	  f1:0x3f800000 x21=0x3f800000
     307855.000 ns	     30784	80006460	02ad4433	div	x8,x26,x10	 x26:0xfffffd5d x10:0x00000000  x8=0xffffffff
     307885.000 ns	     30787	80006464	218a89d3	fsgnj.s	f19,f21,f24	 f21:0x3f800000 f24:0x443ac000 f19=0x3f800000
     307915.000 ns	     30790	80006468	c01df953	fcvt.wu.s	x18,f27	 f27:0x7fc00000 x18=0xffffffff
     307935.000 ns	     30792	8000646c	03d4ec93	ori	x25,x9,61	  x9:0x80040fe4 x25=0x80040ffd
     307945.000 ns	     30793	80006470	004f7ab3	and	x21,x30,x4	 x30:0x00000005  x4:0x00000000 x21=0x00000000
     307965.000 ns	     30795	80006474	20c52fd3	fsgnjx.s	f31,f10,f12	 f10:0x3f800000 f12:0x00000000 f31=0x3f800000
     307985.000 ns	     30797	80006478	c1630d13	addi	x26,x6,-1002	  x6:0x00000000 x26=0xfffffc16
     308005.000 ns	     30799	8000647c	29e190d3	fmax.s	f1,f3,f30	  f3:0x80000000 f30:0x80082046  f1=0x80000000
     308375.000 ns	     30836	80006480	02dbc9b3	div	x19,x23,x13	 x23:0x00000000 x13:0x443ac000 x19=0x00000000
     308405.000 ns	     30839	80006484	c00d75d3	fcvt.w.s	x11,f26	 f26:0x4e814000 x11=0x40a00000
     308425.000 ns	     30841	80006488	91cd2c97	auipc	x25,0x91cd2	 x25=0x11cd8488
     308445.000 ns	     30843	8000648c	02c51eb3	mulh	x29,x10,x12	 x10:0x00000000 x12:0x00000000 x29=0x00000000
     308465.000 ns	     30845	80006490	aec03293	sltiu	x5,x0,-1300	  x0:0x00000000  x5=0x00000001
     308495.000 ns	     30848	80006494	11c8b353	fmul.s	f6,f17,f28	 f17:0x00000000 f28:0x4f000410  f6=0x00000000
     308525.000 ns	     30851	80006498	0267dfb3	divu	x31,x15,x6	 x15:0x00000002  x6:0x00000000 x31=0xffffffff
     308545.000 ns	     30853	8000649c	0bb7b5b7	lui	x11,0xbb7b	 x11=0x0bb7b000
     308565.000 ns	     30855	800064a0	03b14433	div	x8,x2,x27	  x2:0x00000000 x27:0x00000000  x8=0xffffffff
     308585.000 ns	     30857	800064a4	01a832b3	sltu	x5,x16,x26	 x16:0xd7fff438 x26:0xfffffc16  x5=0x00000001
     308595.000 ns	     30858	800064a8	405f0fb3	sub	x31,x30,x5	 x30:0x00000005  x5:0x00000001 x31=0x00000004
     308605.000 ns	     30859	800064ac	01daf933	and	x18,x21,x29	 x21:0x00000000 x29:0x00000000 x18=0x00000000
     308615.000 ns	     30860	800064b0	00000013	addi	x0,x0,0	  x0:0x00000000
     308625.000 ns	     30861	800064b4	40565933	sra	x18,x12,x5	 x12:0x00000000  x5:0x00000001 x18=0x00000000
     308955.000 ns	     30894	800064b8	19aaf053	fdiv.s	f0,f21,f26	 f21:0x3f800000 f26:0x4e814000  f0=0x30000000
     308975.000 ns	     30896	800064bc	01d2dfb3	srl	x31,x5,x29	  x5:0x00000001 x29:0x00000000 x31=0x00000001
     308985.000 ns	     30897	800064c0	00000013	addi	x0,x0,0	  x0:0x00000000
     308995.000 ns	     30898	800064c4	ff0ac913	xori	x18,x21,-16	 x21:0x00000000 x18=0xfffffff0
     309005.000 ns	     30899	800064c8	40f6df93	srai	x31,x13,0xf	 x13:0x443ac000 x31=0x00008875
     309015.000 ns	     30900	800064cc	013edab3	srl	x21,x29,x19	 x29:0x00000000 x19:0x00000000 x21=0x00000000
     309035.000 ns	     30902	800064d0	20c99453	fsgnjn.s	f8,f19,f12	 f19:0x3f800000 f12:0x00000000  f8=0xbf800000
     309055.000 ns	     30904	800064d4	d1311937	lui	x18,0xd1311	 x18=0xd1311000
     309415.000 ns	     30940	800064d8	03664d33	div	x26,x12,x22	 x12:0x00000000 x22:0x3ffefe48 x26=0x00000000
     309435.000 ns	     30942	800064dc	00cbac33	slt	x24,x23,x12	 x23:0x00000000 x12:0x00000000 x24=0x00000000
     309455.000 ns	     30944	800064e0	d00bf1d3	fcvt.s.w	f3,x23	 x23:0x00000000  f3=0x00000000
     309485.000 ns	     30947	800064e4	20b920d3	fsgnjx.s	f1,f18,f11	 f18:0x00000000 f11:0x00000000  f1=0x00000000
     309525.000 ns	     30951	800064e8	580678d3	fsqrt.s	f17,f12	 f12:0x00000000 f17=0x00000000
     309895.000 ns	     30988	800064ec	036e43b3	div	x7,x28,x22	 x28:0x80041024 x22:0x3ffefe48  x7=0xffffffff
     309915.000 ns	     30990	800064f0	00737eb3	and	x29,x6,x7	  x6:0x00000000  x7:0x00000001 x29=0x00000000
     309935.000 ns	     30992	800064f4	2035a2d3	fsgnjx.s	f5,f11,f3	 f11:0x00000000  f3:0x00000000  f5=0x00000000
     309965.000 ns	     30995	800064f8	294197d3	fmax.s	f15,f3,f20	  f3:0x00000000 f20:0xbf7fffae f15=0x00000000
     309995.000 ns	     30998	800064fc	033cb1b3	mulhu	x3,x25,x19	 x25:0x11cd8488 x19:0x00000000  x3=0x00000000
     310025.000 ns	     31001	80006500	02b881b3	mul	x3,x17,x11	 x17:0x80040fe4 x11:0x0bb7b000  x3=0xf2e8c000
     310055.000 ns	     31004	80006504	d01aa753	fcvt.s.wu	f14,x21	 x21:0x00000000 f14=0x00000000
     310085.000 ns	     31007	80006508	21b49053	fsgnjn.s	f0,f9,f27	  f9:0x4f7fffff f27:0x7fc00000  f0=0xcf7fffff
     310105.000 ns	     31009	8000650c	fd00c193	xori	x3,x1,-48	  x1:0x80041024  x3=0x7ffbeff4
     310115.000 ns	     31010	80006510	693cf4b7	lui	x9,0x693cf	  x9=0x693cf000
     310155.000 ns	     31014	80006514	0085fed3	fadd.s	f29,f11,f8	 f11:0x00000000  f8:0xbf800000 f29=0xbf800000
     310175.000 ns	     31016	80006518	6de9ab17	auipc	x22,0x6de9a	 x22=0xedea0518
     310195.000 ns	     31018	8000651c	a1701fd3	flt.s	x31,f0,f23	  f0:0xcf7fffff f23:0x00000000 x31=0x00000001
     310225.000 ns	     31021	80006520	c0134353	fcvt.wu.s	x6,f6	  f6:0x00000000  x6=0x00000000
     310255.000 ns	     31024	80006524	e00a1453	fclass.s	x8,f20	 f20:0xbf7fffae  x8=0x00000002
     310275.000 ns	     31026	80006528	917a8813	addi	x16,x21,-1769	 x21:0x00000000 x16=0xfffff917
     310305.000 ns	     31029	8000652c	1145ffd3	fmul.s	f31,f11,f20	 f11:0x00000000 f20:0xbf7fffae f31=0x80000000
     310335.000 ns	     31032	80006530	20938a53	fsgnj.s	f20,f7,f9	  f7:0x7fc00000  f9:0x4f7fffff f20=0x7fc00000
     310365.000 ns	     31035	80006534	e00016d3	fclass.s	x13,f0	  f0:0xcf7fffff x13=0x00000002
     310405.000 ns	     31039	80006538	10fc3753	fmul.s	f14,f24,f15	 f24:0x443ac000 f15:0x00000000 f14=0x00000000
     310435.000 ns	     31042	8000653c	a0baa753	feq.s	x14,f21,f11	 f21:0x3f800000 f11:0x00000000 x14=0x00000000
     310475.000 ns	     31046	80006540	5805f653	fsqrt.s	f12,f11	 f11:0x00000000 f12=0x00000000
     310495.000 ns	     31048	80006544	014051b3	srl	x3,x0,x20	  x0:0x00000000 x20:0x00000000  x3=0x00000000
     310515.000 ns	     31050	80006548	021dab33	mulhsu	x22,x27,x1	 x27:0x00000000  x1:0x80041024 x22=0x00000000
     310535.000 ns	     31052	8000654c	00659413	slli	x8,x11,0x6	 x11:0x0bb7b000  x8=0xedec0000
     310895.000 ns	     31088	80006550	021bf6b3	remu	x13,x23,x1	 x23:0x00000000  x1:0x80041024 x13=0x00000000
     310915.000 ns	     31090	80006554	f0796e93	ori	x29,x18,-249	 x18:0xd1311000 x29=0xffffff07
     310935.000 ns	     31092	80006558	2108a1d3	fsgnjx.s	f3,f17,f16	 f17:0x00000000 f16:0x00000000  f3=0x00000000
     310955.000 ns	     31094	8000655c	004e1593	slli	x11,x28,0x4	 x28:0x80041024 x11=0x00410240
     310965.000 ns	     31095	80006560	2ae6b593	sltiu	x11,x13,686	 x13:0x00000000 x11=0x00000001
     311005.000 ns	     31099	80006564	007facd3	fadd.s	f25,f31,f7	 f31:0x80000000  f7:0x7fc00000 f25=0x7fc00000
     311375.000 ns	     31136	80006568	031e6433	rem	x8,x28,x17	 x28:0x80041024 x17:0x80040fe4  x8=0x80041024
     311395.000 ns	     31138	8000656c	01d59993	slli	x19,x11,0x1d	 x11:0x00000001 x19=0x20000000
     311425.000 ns	     31141	80006570	19ab7c53	fdiv.s	f24,f22,f26	 f22:0x00000000 f26:0x4e814000 f24=0x00000000
     311445.000 ns	     31143	80006574	01441113	slli	x2,x8,0x14	  x8:0x80041024  x2=0x02400000
     311455.000 ns	     31144	80006578	6fbdbb13	sltiu	x22,x27,1787	 x27:0x00000000 x22=0x00000001
     311475.000 ns	     31146	8000657c	c00a76d3	fcvt.w.s	x13,f20	 f20:0x7fc00000 x13=0x7fffffff
     311505.000 ns	     31149	80006580	03a8bd33	mulhu	x26,x17,x26	 x17:0x80040fe4 x26:0x00000000 x26=0x00000000
     311525.000 ns	     31151	80006584	00aba1b3	slt	x3,x23,x10	 x23:0x00000000 x10:0x00000000  x3=0x00000000
     311545.000 ns	     31153	80006588	c00df5d3	fcvt.w.s	x11,f27	 f27:0x7fc00000 x11=0x7fffffff
     311565.000 ns	     31155	8000658c	00305c93	srli	x25,x0,0x3	  x0:0x00000000 x25=0x00000000
     311585.000 ns	     31157	80006590	03232a33	mulhsu	x20,x6,x18	  x6:0x00000000 x18:0xd1311000 x20=0x00000000
     311605.000 ns	     31159	80006594	00841cb3	sll	x25,x8,x8	  x8:0x80041024  x8:0x80041024 x25=0x00410240
     311615.000 ns	     31160	80006598	00954933	xor	x18,x10,x9	 x10:0x00000000  x9:0x693cf000 x18=0x693cf000
     311625.000 ns	     31161	8000659c	40f8d513	srai	x10,x17,0xf	 x17:0x80040fe4 x10=0xffff0008
     311635.000 ns	     31162	800065a0	4e51fa93	andi	x21,x3,1253	  x3:0x00000000 x21=0x00000000
     311675.000 ns	     31166	800065a4	091d7653	fsub.s	f12,f26,f17	 f26:0x4e814000 f17:0x00000000 f12=0x4e814000
     311705.000 ns	     31169	800065a8	a0a59853	flt.s	x16,f11,f10	 f11:0x00000000 f10:0x3f800000 x16=0x00000001
     311725.000 ns	     31171	800065ac	01fd75b3	and	x11,x26,x31	 x26:0x00000000 x31:0x00000001 x11=0x00000000
     311755.000 ns	     31174	800065b0	113bf3d3	fmul.s	f7,f23,f19	 f23:0x00000000 f19:0x3f800000  f7=0x00000000
     311795.000 ns	     31178	800065b4	58087ad3	fsqrt.s	f21,f16	 f16:0x00000000 f21=0x00000000
     311815.000 ns	     31180	800065b8	a01a1817	auipc	x16,0xa01a1	 x16=0x201a75b8
     311825.000 ns	     31181	800065bc	c8f7ab93	slti	x23,x15,-881	 x15:0x00000002 x23=0x00000000
     311835.000 ns	     31182	800065c0	00000013	addi	x0,x0,0	  x0:0x00000000
     311855.000 ns	     31184	800065c4	c0158053	fcvt.wu.s	x0,f11	 f11:0x00000000
     311875.000 ns	     31186	800065c8	20cbab93	slti	x23,x23,524	 x23:0x00000000 x23=0x00000001
     311895.000 ns	     31188	800065cc	026b3133	mulhu	x2,x22,x6	 x22:0x00000001  x6:0x00000000  x2=0x00000000
     311915.000 ns	     31190	800065d0	00000013	addi	x0,x0,0	  x0:0x00000000
     311935.000 ns	     31192	800065d4	a1d01453	flt.s	x8,f0,f29	  f0:0xcf7fffff f29:0xbf800000  x8=0x00000001
     311955.000 ns	     31194	800065d8	00f9a533	slt	x10,x19,x15	 x19:0x20000000 x15:0x00000002 x10=0x00000000
     311965.000 ns	     31195	800065dc	01ae1413	slli	x8,x28,0x1a	 x28:0x80041024  x8=0x90000000
     311985.000 ns	     31197	800065e0	030c12b3	mulh	x5,x24,x16	 x24:0x00000000 x16:0x201a75b8  x5=0x00000000
     312015.000 ns	     31200	800065e4	c00bfc53	fcvt.w.s	x24,f23	 f23:0x00000000 x24=0x00000000
     312035.000 ns	     31202	800065e8	41385093	srai	x1,x16,0x13	 x16:0x201a75b8  x1=0x00000403
     312055.000 ns	     31204	800065ec	c01ca4d3	fcvt.wu.s	x9,f25	 f25:0x7fc00000  x9=0xffffffff
     312085.000 ns	     31207	800065f0	030634b3	mulhu	x9,x12,x16	 x12:0x00000000 x16:0x201a75b8  x9=0x00000000
     312105.000 ns	     31209	800065f4	019be6b3	or	x13,x23,x25	 x23:0x00000001 x25:0x00410240 x13=0x00410241
     312125.000 ns	     31211	800065f8	a0f794d3	flt.s	x9,f15,f15	 f15:0x00000000 f15:0x00000000  x9=0x00000000
     312155.000 ns	     31214	800065fc	28600653	fmin.s	f12,f0,f6	  f0:0xcf7fffff  f6:0x00000000 f12=0xcf7fffff
     312185.000 ns	     31217	80006600	e00716d3	fclass.s	x13,f14	 f14:0x00000000 x13=0x00000010
     312215.000 ns	     31220	80006604	c00ea7d3	fcvt.w.s	x15,f29	 f29:0xbf800000 x15=0xffffffff
     312235.000 ns	     31222	80006608	015fd993	srli	x19,x31,0x15	 x31:0x00000001 x19=0x00000000
     312245.000 ns	     31223	8000660c	01c95033	srl	x0,x18,x28	 x18:0x693cf000 x28:0x80041024
     312255.000 ns	     31224	80006610	01e17533	and	x10,x2,x30	  x2:0x00000000 x30:0x00000005 x10=0x00000000
     312295.000 ns	     31228	80006614	09954253	fsub.s	f4,f10,f25	 f10:0x3f800000 f25:0x7fc00000  f4=0x7fc00000
     312315.000 ns	     31230	80006618	00423533	sltu	x10,x4,x4	  x4:0x00000000  x4:0x00000000 x10=0x00000000
     312335.000 ns	     31232	8000661c	0206c2b3	div	x5,x13,x0	 x13:0x00000010  x0:0x00000000  x5=0xffffffff
     312355.000 ns	     31234	80006620	007aea33	or	x20,x21,x7	 x21:0x00000000  x7:0xffffffff x20=0xffffffff
     312365.000 ns	     31235	80006624	4098d993	srai	x19,x17,0x9	 x17:0x80040fe4 x19=0xffc00207
     312385.000 ns	     31237	80006628	d0040dd3	fcvt.s.w	f27,x8	  x8:0x90000000 f27=0xcee00000
     312405.000 ns	     31239	8000662c	0062f4b3	and	x9,x5,x6	  x5:0xffffffff  x6:0x00000000  x9=0x00000000
     312415.000 ns	     31240	80006630	01b07eb3	and	x29,x0,x27	  x0:0x00000000 x27:0x00000000 x29=0x00000000
     312425.000 ns	     31241	80006634	413a8633	sub	x12,x21,x19	 x21:0x00000000 x19:0xffc00207 x12=0x003ffdf9
     312455.000 ns	     31244	80006638	11407353	fmul.s	f6,f0,f20	  f0:0xcf7fffff f20:0x7fc00000  f6=0x7fc00000
     312475.000 ns	     31246	8000663c	019e8cb3	add	x25,x29,x25	 x29:0x00000000 x25:0x00410240 x25=0x00410240
     312505.000 ns	     31249	80006640	110c4553	fmul.s	f10,f24,f16	 f24:0x00000000 f16:0x00000000 f10=0x00000000
     312535.000 ns	     31252	80006644	206e22d3	fsgnjx.s	f5,f28,f6	 f28:0x4f000410  f6:0x7fc00000  f5=0x4f000410
     312555.000 ns	     31254	80006648	409c0633	sub	x12,x24,x9	 x24:0x00000000  x9:0x00000000 x12=0x00000000
     312575.000 ns	     31256	8000664c	207116d3	fsgnjn.s	f13,f2,f7	  f2:0xbf800000  f7:0x00000000 f13=0xbf800000
     312595.000 ns	     31258	80006650	00dbe3b3	or	x7,x23,x13	 x23:0x00000001 x13:0x00000010  x7=0x00000011
     312615.000 ns	     31260	80006654	028d27b3	mulhsu	x15,x26,x8	 x26:0x00000000  x8:0x90000000 x15=0x00000000
     312635.000 ns	     31262	80006658	52c00993	addi	x19,x0,1324	  x0:0x00000000 x19=0x0000052c
     312655.000 ns	     31264	8000665c	20a685d3	fsgnj.s	f11,f13,f10	 f13:0xbf800000 f10:0x00000000 f11=0x3f800000
     312705.000 ns	     31269	80006660	01f57a53	fadd.s	f20,f10,f31	 f10:0x00000000 f31:0x80000000 f20=0x80000000
     312725.000 ns	     31271	80006664	b83cba13	sltiu	x20,x25,-1149	 x25:0x00410240 x20=0x00000001
     312745.000 ns	     31273	80006668	a0c48353	fle.s	x6,f9,f12	  f9:0x4f7fffff f12:0xcf7fffff  x6=0x00000000
     313925.000 ns	     31391	8000666c	580d4353	fsqrt.s	f6,f26	 f26:0x4e814000  f6=0x47009f73
     313945.000 ns	     31393	80006670	003110b3	sll	x1,x2,x3	  x2:0x00000000  x3:0x00000000  x1=0x00000000
     313955.000 ns	     31394	80006674	45f50693	addi	x13,x10,1119	 x10:0x00000000 x13=0x0000045f
     313965.000 ns	     31395	80006678	002d4c33	xor	x24,x26,x2	 x26:0x00000000  x2:0x00000000 x24=0x00000000
     313985.000 ns	     31397	8000667c	280a08d3	fmin.s	f17,f20,f0	 f20:0x80000000  f0:0xcf7fffff f17=0xcf7fffff
     314035.000 ns	     31402	80006680	09aaf153	fsub.s	f2,f21,f26	 f21:0x00000000 f26:0x4e814000  f2=0xce814000
     314065.000 ns	     31405	80006684	02ac25b3	mulhsu	x11,x24,x10	 x24:0x00000000 x10:0x00000000 x11=0x00000000
     314085.000 ns	     31407	80006688	0090feb3	and	x29,x1,x9	  x1:0x00000000  x9:0x00000000 x29=0x00000000
     314095.000 ns	     31408	8000668c	06284393	xori	x7,x16,98	 x16:0x201a75b8  x7=0x201a75da
     314115.000 ns	     31410	80006690	a1268d53	fle.s	x26,f13,f18	 f13:0xbf800000 f18:0x00000000 x26=0x00000001
     314145.000 ns	     31413	80006694	d0004553	fcvt.s.w	f10,x0	  x0:0x00000000 f10=0x00000000
     314515.000 ns	     31450	80006698	028fdbb3	divu	x23,x31,x8	 x31:0x00000001  x8:0x90000000 x23=0x00000000
     314545.000 ns	     31453	8000669c	03da03b3	mul	x7,x20,x29	 x20:0x00000001 x29:0x00000000  x7=0x00000000
     314575.000 ns	     31456	800066a0	a0ed1953	flt.s	x18,f26,f14	 f26:0x4e814000 f14:0x00000000 x18=0x00000000
     314945.000 ns	     31493	800066a4	0342e533	rem	x10,x5,x20	  x5:0xffffffff x20:0x00000001 x10=0x00000000
     314965.000 ns	     31495	800066a8	016e5033	srl	x0,x28,x22	 x28:0x80041024 x22:0x00000001
     314985.000 ns	     31497	800066ac	e0051d53	fclass.s	x26,f10	 f10:0x00000000 x26=0x00000010
     315015.000 ns	     31500	800066b0	0266dc33	divu	x24,x13,x6	 x13:0x0000045f  x6:0x00000000 x24=0xffffffff
     315045.000 ns	     31503	800066b4	21072ad3	fsgnjx.s	f21,f14,f16	 f14:0x00000000 f16:0x00000000 f21=0x00000000
     315075.000 ns	     31506	800066b8	e0090a53	fmv.x.w	x20,f18	 f18:0x00000000 x20=0x00000000
     315115.000 ns	     31510	800066bc	18e17153	fdiv.s	f2,f2,f14	  f2:0xce814000 f14:0x00000000  f2=0xff800000
     315145.000 ns	     31513	800066c0	a1f889d3	fle.s	x19,f17,f31	 f17:0xcf7fffff f31:0x80000000 x19=0x00000001
     315175.000 ns	     31516	800066c4	20ff2d53	fsgnjx.s	f26,f30,f15	 f30:0x80082046 f15:0x00000000 f26=0x80082046
     315195.000 ns	     31518	800066c8	403b0eb3	sub	x29,x22,x3	 x22:0x00000001  x3:0x00000000 x29=0x00000001
     315205.000 ns	     31519	800066cc	9ca2c093	xori	x1,x5,-1590	  x5:0xffffffff  x1=0x00000635
     315215.000 ns	     31520	800066d0	5fad7013	andi	x0,x26,1530	 x26:0x00000010
     315225.000 ns	     31521	800066d4	013e5b33	srl	x22,x28,x19	 x28:0x80041024 x19:0x00000001 x22=0x40020812
     315235.000 ns	     31522	800066d8	320d0397	auipc	x7,0x320d0	  x7=0xb20d66d8
     315245.000 ns	     31523	800066dc	49b98713	addi	x14,x19,1179	 x19:0x00000001 x14=0x0000049c
     315255.000 ns	     31524	800066e0	a1f4c313	xori	x6,x9,-1505	  x9:0x00000000  x6=0xfffffa1f
     315265.000 ns	     31525	800066e4	0197edb3	or	x27,x15,x25	 x15:0x00000000 x25:0x00410240 x27=0x00410240
     315275.000 ns	     31526	800066e8	00000013	addi	x0,x0,0	  x0:0x00000000
     315295.000 ns	     31528	800066ec	c00e4fd3	fcvt.w.s	x31,f28	 f28:0x4f000410 x31=0x7fffffff
     315315.000 ns	     31530	800066f0	010bfd33	and	x26,x23,x16	 x23:0x00000000 x16:0x201a75b8 x26=0x00000000
     315335.000 ns	     31532	800066f4	28141553	fmax.s	f10,f8,f1	  f8:0xbf800000  f1:0x00000000 f10=0x00000000
     315365.000 ns	     31535	800066f8	28c71bd3	fmax.s	f23,f14,f12	 f14:0x00000000 f12:0xcf7fffff f23=0x00000000
     315385.000 ns	     31537	800066fc	01ccc4b3	xor	x9,x25,x28	 x25:0x00410240 x28:0x80041024  x9=0x80451264
     315415.000 ns	     31540	80006700	11bd7653	fmul.s	f12,f26,f27	 f26:0x80082046 f27:0xcee00000 f12=0x0de387a8
     315435.000 ns	     31542	80006704	413cd4b3	sra	x9,x25,x19	 x25:0x00410240 x19:0x00000001  x9=0x00208120
     315445.000 ns	     31543	80006708	008391b3	sll	x3,x7,x8	  x7:0xb20d66d8  x8:0x90000000  x3=0xb20d66d8
     315455.000 ns	     31544	8000670c	a399a393	slti	x7,x19,-1479	 x19:0x00000001  x7=0x00000000
     315475.000 ns	     31546	80006710	a1a08953	fle.s	x18,f1,f26	  f1:0x00000000 f26:0x80082046 x18=0x00000000
     315495.000 ns	     31548	80006714	0543fb13	andi	x22,x7,84	  x7:0xb20d66d8 x22=0x00000000
     315505.000 ns	     31549	80006718	00a847b3	xor	x15,x16,x10	 x16:0x201a75b8 x10:0x00000000 x15=0x201a75b8
     315515.000 ns	     31550	8000671c	0004ebb3	or	x23,x9,x0	  x9:0x00208120  x0:0x00000000 x23=0x00208120
     315535.000 ns	     31552	80006720	023899b3	mulh	x19,x17,x3	 x17:0x80040fe4  x3:0xb20d66d8 x19=0x26f80ff2
     315565.000 ns	     31555	80006724	20b81653	fsgnjn.s	f12,f16,f11	 f16:0x00000000 f11:0x3f800000 f12=0x80000000
     315585.000 ns	     31557	80006728	19b88393	addi	x7,x17,411	 x17:0x80040fe4  x7=0x8004117f
     315595.000 ns	     31558	8000672c	001aafb3	slt	x31,x21,x1	 x21:0x00000000  x1:0x00000635 x31=0x00000001
     315615.000 ns	     31560	80006730	02ef37b3	mulhu	x15,x30,x14	 x30:0x00000005 x14:0x0000049c x15=0x00000000
     315645.000 ns	     31563	80006734	f00e8853	fmv.w.x	f16,x29	 x29:0x00000001 f16=0x00000001
     315675.000 ns	     31566	80006738	a0a92cd3	feq.s	x25,f18,f10	 f18:0x00000000 f10:0x00000000 x25=0x00000001
     315695.000 ns	     31568	8000673c	3fc0bc17	auipc	x24,0x3fc0b	 x24=0xbfc1173c
     315705.000 ns	     31569	80006740	11d430b7	lui	x1,0x11d43	  x1=0x11d43000
     315725.000 ns	     31571	80006744	f00209d3	fmv.w.x	f19,x4	  x4:0x00000000 f19=0x00000000
     315765.000 ns	     31575	80006748	580173d3	fsqrt.s	f7,f2	  f2:0xff800000  f7=0x7fc00000
     315795.000 ns	     31578	8000674c	02fc5933	divu	x18,x24,x15	 x24:0xbfc1173c x15:0x00000000 x18=0xffffffff
     315825.000 ns	     31581	80006750	a01f2653	feq.s	x12,f30,f1	 f30:0x80082046  f1:0x00000000 x12=0x00000000
     315855.000 ns	     31584	80006754	02af9bb3	mulh	x23,x31,x10	 x31:0x00000001 x10:0x00000000 x23=0x00000000
     315875.000 ns	     31586	80006758	008ed933	srl	x18,x29,x8	 x29:0x00000001  x8:0x90000000 x18=0x00000001
     315895.000 ns	     31588	8000675c	037281b3	mul	x3,x5,x23	  x5:0xffffffff x23:0x00000000  x3=0x00000000
     316265.000 ns	     31625	80006760	021a6833	rem	x16,x20,x1	 x20:0x00000000  x1:0x11d43000 x16=0x00000000
     316285.000 ns	     31627	80006764	013989b3	add	x19,x19,x19	 x19:0x26f80ff2 x19:0x26f80ff2 x19=0x4df01fe4
     316305.000 ns	     31629	80006768	a0fea9d3	feq.s	x19,f29,f15	 f29:0xbf800000 f15:0x00000000 x19=0x00000000
     316345.000 ns	     31633	8000676c	10bd24d3	fmul.s	f9,f26,f11	 f26:0x80082046 f11:0x3f800000  f9=0x80082046
     316365.000 ns	     31635	80006770	f3976593	ori	x11,x14,-199	 x14:0x0000049c x11=0xffffffbd
     316375.000 ns	     31636	80006774	00000013	addi	x0,x0,0	  x0:0x00000000
     316395.000 ns	     31638	80006778	a1a1a653	feq.s	x12,f3,f26	  f3:0x00000000 f26:0x80082046 x12=0x00000000
     316425.000 ns	     31641	8000677c	a1569253	flt.s	x4,f13,f21	 f13:0xbf800000 f21:0x00000000  x4=0x00000001
     316445.000 ns	     31643	80006780	41d5db33	sra	x22,x11,x29	 x11:0xffffffbd x29:0x00000001 x22=0xffffffde
     316455.000 ns	     31644	80006784	aacacb17	auipc	x22,0xaacac	 x22=0x2acb2784
     316465.000 ns	     31645	80006788	40dcd133	sra	x2,x25,x13	 x25:0x00000001 x13:0x0000045f  x2=0x00000000
     316475.000 ns	     31646	8000678c	00000013	addi	x0,x0,0	  x0:0x00000000
     316485.000 ns	     31647	80006790	41c65333	sra	x6,x12,x28	 x12:0x00000000 x28:0x80041024  x6=0x00000000
     316845.000 ns	     31683	80006794	038459b3	divu	x19,x8,x24	  x8:0x90000000 x24:0xbfc1173c x19=0x00000000
     316885.000 ns	     31687	80006798	186a1a53	fdiv.s	f20,f20,f6	 f20:0x80000000  f6:0x47009f73 f20=0x80000000
     316905.000 ns	     31689	8000679c	6ef86813	ori	x16,x16,1775	 x16:0x00000000 x16=0x000006ef
     316925.000 ns	     31691	800067a0	29611f53	fmax.s	f30,f2,f22	  f2:0xff800000 f22:0x00000000 f30=0x00000000
     316955.000 ns	     31694	800067a4	a19f0553	fle.s	x10,f30,f25	 f30:0x80082046 f25:0x7fc00000 x10=0x00000000
     316985.000 ns	     31697	800067a8	a0ca07d3	fle.s	x15,f20,f12	 f20:0x80000000 f12:0x80000000 x15=0x00000001
     317355.000 ns	     31734	800067ac	036cc633	div	x12,x25,x22	 x25:0x00000001 x22:0x2acb2784 x12=0x00000000
     317385.000 ns	     31737	800067b0	02fea1b3	mulhsu	x3,x29,x15	 x29:0x00000001 x15:0x00000001  x3=0x00000000
     317415.000 ns	     31740	800067b4	e00c1d53	fclass.s	x26,f24	 f24:0x00000000 x26=0x00000010
     317465.000 ns	     31745	800067b8	09ba72d3	fsub.s	f5,f20,f27	 f20:0x80000000 f27:0xcee00000  f5=0x4ee00000
     317485.000 ns	     31747	800067bc	4052d213	srai	x4,x5,0x5	  x5:0xffffffff  x4=0xffffffff
     317505.000 ns	     31749	800067c0	211c16d3	fsgnjn.s	f13,f24,f17	 f24:0x00000000 f17:0xcf7fffff f13=0x00000000
     317535.000 ns	     31752	800067c4	a0bda9d3	feq.s	x19,f27,f11	 f27:0xcee00000 f11:0x3f800000 x19=0x00000000
     317565.000 ns	     31755	800067c8	a1500953	fle.s	x18,f0,f21	  f0:0xcf7fffff f21:0x00000000 x18=0x00000001
     317595.000 ns	     31758	800067cc	a1cc11d3	flt.s	x3,f24,f28	 f24:0x00000000 f28:0x4f000410  x3=0x00000001
     318775.000 ns	     31876	800067d0	58058553	fsqrt.s	f10,f11	 f11:0x3f800000 f10=0x3f7fffae
     318795.000 ns	     31878	800067d4	0182afb3	slt	x31,x5,x24	  x5:0xffffffff x24:0xbfc1173c x31=0x00000000
     318805.000 ns	     31879	800067d8	8dbf7693	andi	x13,x30,-1829	 x30:0x00000005 x13=0x00000001
     318825.000 ns	     31881	800067dc	28941ad3	fmax.s	f21,f8,f9	  f8:0xbf800000  f9:0x80082046 f21=0x80082046
     318855.000 ns	     31884	800067e0	03d5a9b3	mulhsu	x19,x11,x29	 x11:0xffffffbd x29:0x00000001 x19=0xffffffff
     318875.000 ns	     31886	800067e4	004552b3	srl	x5,x10,x4	 x10:0x00000000  x4:0xffffffff  x5=0x00000000
     318885.000 ns	     31887	800067e8	00194433	xor	x8,x18,x1	 x18:0x00000001  x1:0x11d43000  x8=0x11d43001
     318895.000 ns	     31888	800067ec	01af2fb3	slt	x31,x30,x26	 x30:0x00000005 x26:0x00000010 x31=0x00000001
     318905.000 ns	     31889	800067f0	5bc3f393	andi	x7,x7,1468	  x7:0x8004117f  x7=0x0000013c
     318915.000 ns	     31890	800067f4	09624093	xori	x1,x4,150	  x4:0xffffffff  x1=0xffffff69
     318935.000 ns	     31892	800067f8	c00687d3	fcvt.w.s	x15,f13	 f13:0x00000000 x15=0x00000000
     318955.000 ns	     31894	800067fc	00382733	slt	x14,x16,x3	 x16:0x000006ef  x3:0x00000001 x14=0x00000000
     318965.000 ns	     31895	80006800	016367b3	or	x15,x6,x22	  x6:0x00000000 x22:0x2acb2784 x15=0x2acb2784
     318985.000 ns	     31897	80006804	02ed0533	mul	x10,x26,x14	 x26:0x00000010 x14:0x0000049c x10=0x00000000
     319005.000 ns	     31899	80006808	00281813	slli	x16,x16,0x2	 x16:0x000006ef x16=0x00001bbc
     319025.000 ns	     31901	8000680c	d00b48d3	fcvt.s.w	f17,x22	 x22:0x2acb2784 f17=0x4e2b2c9e
     319065.000 ns	     31905	80006810	580bf153	fsqrt.s	f2,f23	 f23:0x00000000  f2=0x00000000
     319085.000 ns	     31907	80006814	012c9a33	sll	x20,x25,x18	 x25:0x00000001 x18:0x00000001 x20=0x00000002
     319105.000 ns	     31909	80006818	c0093bd3	fcvt.w.s	x23,f18	 f18:0x00000000 x23=0x00000000
     319475.000 ns	     31946	8000681c	039f7533	remu	x10,x30,x25	 x30:0x00000005 x25:0x00000001 x10=0x00000000
     319495.000 ns	     31948	80006820	0151cdb3	xor	x27,x3,x21	  x3:0x00000001 x21:0x00000000 x27=0x00000001
     319505.000 ns	     31949	80006824	d548ae93	slti	x29,x17,-684	 x17:0x80040fe4 x29=0x00000001
     319515.000 ns	     31950	80006828	01cd0233	add	x4,x26,x28	 x26:0x00000010 x28:0x80041024  x4=0x80041034
     319525.000 ns	     31951	8000682c	019f1613	slli	x12,x30,0x19	 x30:0x00000005 x12=0x0a000000
     319885.000 ns	     31987	80006830	02d052b3	divu	x5,x0,x13	  x0:0x00000000 x13:0x00000001  x5=0x00000000
     319905.000 ns	     31989	80006834	c2a9e593	ori	x11,x19,-982	 x19:0xffffffff x11=0xffffffff
     319915.000 ns	     31990	80006838	4145d213	srai	x4,x11,0x14	 x11:0xffffffbd  x4=0xffffffff
     319935.000 ns	     31992	8000683c	02e52633	mulhsu	x12,x10,x14	 x10:0x00000000 x14:0x00000000 x12=0x00000000
     319965.000 ns	     31995	80006840	f0008253	fmv.w.x	f4,x1	  x1:0xffffff69  f4=0xffffff69
     319995.000 ns	     31998	80006844	02d09233	mulh	x4,x1,x13	  x1:0xffffff69 x13:0x00000001  x4=0xffffffff
     320025.000 ns	     32001	80006848	a0131cd3	flt.s	x25,f6,f1	  f6:0x47009f73  f1:0x00000000 x25=0x00000000
     320045.000 ns	     32003	8000684c	80563c13	sltiu	x24,x12,-2043	 x12:0x00000000 x24=0x00000001
     320055.000 ns	     32004	80006850	e2592493	slti	x9,x18,-475	 x18:0x00000001  x9=0x00000000
     320075.000 ns	     32006	80006854	e00392d3	fclass.s	x5,f7	  f7:0x7fc00000  x5=0x00000200
     320105.000 ns	     32009	80006858	03ef0c33	mul	x24,x30,x30	 x30:0x00000005 x30:0x00000005 x24=0x00000019
     320145.000 ns	     32013	8000685c	580c3ed3	fsqrt.s	f29,f24	 f24:0x00000000 f29=0x00000000
     320165.000 ns	     32015	80006860	007a93b3	sll	x7,x21,x7	 x21:0x00000000  x7:0x0000013c  x7=0x00000000
     320175.000 ns	     32016	80006864	01701613	slli	x12,x0,0x17	  x0:0x00000000 x12=0x00000000
     320195.000 ns	     32018	80006868	217ea953	fsgnjx.s	f18,f29,f23	 f29:0x00000000 f23:0x00000000 f18=0x00000000
     320215.000 ns	     32020	8000686c	01e863b3	or	x7,x16,x30	 x16:0x00001bbc x30:0x00000005  x7=0x00001bbd
     320245.000 ns	     32023	80006870	18703dd3	fdiv.s	f27,f0,f7	  f0:0xcf7fffff  f7:0x7fc00000 f27=0x7fc00000
     320275.000 ns	     32026	80006874	02eae433	rem	x8,x21,x14	 x21:0x00000000 x14:0x00000000  x8=0x00000000
     320305.000 ns	     32029	80006878	a0858ed3	fle.s	x29,f11,f8	 f11:0x3f800000  f8:0xbf800000 x29=0x00000000
     320335.000 ns	     32032	8000687c	025a2733	mulhsu	x14,x20,x5	 x20:0x00000002  x5:0x00000200 x14=0x00000000
     320365.000 ns	     32035	80006880	a1782ad3	feq.s	x21,f16,f23	 f16:0x00000001 f23:0x00000000 x21=0x00000000
     320385.000 ns	     32037	80006884	40b80c33	sub	x24,x16,x11	 x16:0x00001bbc x11:0xffffffff x24=0x00001bbd
     320405.000 ns	     32039	80006888	022090b3	mulh	x1,x1,x2	  x1:0xffffff69  x2:0x00000000  x1=0x00000000
     320425.000 ns	     32041	8000688c	a9cba313	slti	x6,x23,-1380	 x23:0x00000000  x6=0x00000000
     320455.000 ns	     32044	80006890	11658cd3	fmul.s	f25,f11,f22	 f11:0x3f800000 f22:0x00000000 f25=0x00000000
     320475.000 ns	     32046	80006894	00000013	addi	x0,x0,0	  x0:0x00000000
     320495.000 ns	     32048	80006898	296f90d3	fmax.s	f1,f31,f22	 f31:0x80000000 f22:0x00000000  f1=0x00000000
     320525.000 ns	     32051	8000689c	02cf6033	rem	x0,x30,x12	 x30:0x00000005 x12:0x00000000
     320545.000 ns	     32053	800068a0	00bf7bb3	and	x23,x30,x11	 x30:0x00000005 x11:0xffffffff x23=0x00000005
     320565.000 ns	     32055	800068a4	214023d3	fsgnjx.s	f7,f0,f20	  f0:0xcf7fffff f20:0x80000000  f7=0x4f7fffff
     320595.000 ns	     32058	800068a8	c0071d53	fcvt.w.s	x26,f14	 f14:0x00000000 x26=0x00000000
     320615.000 ns	     32060	800068ac	00859493	slli	x9,x11,0x8	 x11:0xffffffff  x9=0xffffff00
     320635.000 ns	     32062	800068b0	20a59dd3	fsgnjn.s	f27,f11,f10	 f11:0x3f800000 f10:0x3f7fffae f27=0xbf800000
     320675.000 ns	     32066	800068b4	58047d53	fsqrt.s	f26,f8	  f8:0xbf800000 f26=0x7fc00000
     320705.000 ns	     32069	800068b8	027907b3	mul	x15,x18,x7	 x18:0x00000001  x7:0x00001bbd x15=0x00001bbd
     320725.000 ns	     32071	800068bc	00134b33	xor	x22,x6,x1	  x6:0x00000000  x1:0x00000000 x22=0x00000000
     320745.000 ns	     32073	800068c0	f00a88d3	fmv.w.x	f17,x21	 x21:0x00000000 f17=0x00000000
     320765.000 ns	     32075	800068c4	7b969cb7	lui	x25,0x7b969	 x25=0x7b969000
     320775.000 ns	     32076	800068c8	413e5d13	srai	x26,x28,0x13	 x28:0x80041024 x26=0xfffff000
     320785.000 ns	     32077	800068cc	01aed493	srli	x9,x29,0x1a	 x29:0x00000000  x9=0x00000000
     320795.000 ns	     32078	800068d0	ff04b213	sltiu	x4,x9,-16	  x9:0xffffff00  x4=0x00000001
     320825.000 ns	     32081	800068d4	5801b6d3	fsqrt.s	f13,f3	  f3:0x00000000 f13=0x00000000
     320845.000 ns	     32083	800068d8	4107d3b3	sra	x7,x15,x16	 x15:0x00001bbd x16:0x00001bbc  x7=0x00000000
     320865.000 ns	     32085	800068dc	a15aa853	feq.s	x16,f21,f21	 f21:0x80082046 f21:0x80082046 x16=0x00000001
     320915.000 ns	     32090	800068e0	01233e53	fadd.s	f28,f6,f18	  f6:0x47009f73 f18:0x00000000 f28=0x47009f73
     320945.000 ns	     32093	800068e4	28d08f53	fmin.s	f30,f1,f13	  f1:0x00000000 f13:0x00000000 f30=0x00000000
     321315.000 ns	     32130	800068e8	038c63b3	rem	x7,x24,x24	 x24:0x00001bbd x24:0x00001bbd  x7=0x00000000
     321345.000 ns	     32133	800068ec	d01d7ad3	fcvt.s.wu	f21,x26	 x26:0xfffff000 f21=0x4f7ffff0
     321375.000 ns	     32136	800068f0	d00016d3	fcvt.s.w	f13,x0	  x0:0x00000000 f13=0x00000000
     321395.000 ns	     32138	800068f4	d11824b7	lui	x9,0xd1182	  x9=0xd1182000
     321405.000 ns	     32139	800068f8	00499993	slli	x19,x19,0x4	 x19:0xffffffff x19=0xfffffff0
     321415.000 ns	     32140	800068fc	003b9933	sll	x18,x23,x3	 x23:0x00000005  x3:0x00000001 x18=0x0000000a
     321435.000 ns	     32142	80006900	03e91fb3	mulh	x31,x18,x30	 x18:0x00000001 x30:0x00000005 x31=0x00000000
     321805.000 ns	     32179	80006904	03b6f433	remu	x8,x13,x27	 x13:0x00000001 x27:0x00000001  x8=0x00000000
     321825.000 ns	     32181	80006908	007f90b3	sll	x1,x31,x7	 x31:0x00000000  x7:0x00000000  x1=0x00000000
     322185.000 ns	     32217	8000690c	0292c1b3	div	x3,x5,x9	  x5:0x00000200  x9:0xd1182000  x3=0x00000000
     322205.000 ns	     32219	80006910	0bb002b7	lui	x5,0xbb00	  x5=0x0bb00000
     322225.000 ns	     32221	80006914	03890bb3	mul	x23,x18,x24	 x18:0x0000000a x24:0x00001bbd x23=0x00011562
     322255.000 ns	     32224	80006918	f00a0dd3	fmv.w.x	f27,x20	 x20:0x00000002 f27=0x00000002
     322285.000 ns	     32227	8000691c	219d8253	fsgnj.s	f4,f27,f25	 f27:0xbf800000 f25:0x00000000  f4=0x00000002
     322315.000 ns	     32230	80006920	02ba8a33	mul	x20,x21,x11	 x21:0x00000000 x11:0xffffffff x20=0x00000000
     322335.000 ns	     32232	80006924	7b288213	addi	x4,x17,1970	 x17:0x80040fe4  x4=0x80041796
     322375.000 ns	     32236	80006928	00f38bd3	fadd.s	f23,f7,f15	  f7:0x4f7fffff f15:0x00000000 f23=0x4f7fffff
     322405.000 ns	     32239	8000692c	0260f4b3	remu	x9,x1,x6	  x1:0x00000000  x6:0x00000000  x9=0x00000000
     322425.000 ns	     32241	80006930	019236b3	sltu	x13,x4,x25	  x4:0x80041796 x25:0x7b969000 x13=0x00000000
     322785.000 ns	     32277	80006934	032bc733	div	x14,x23,x18	 x23:0x00011562 x18:0x0000000a x14=0x00001bbd
     322815.000 ns	     32280	80006938	c015a753	fcvt.wu.s	x14,f11	 f11:0x3f800000 x14=0x00000001
     322845.000 ns	     32283	8000693c	c01bf053	fcvt.wu.s	x0,f23	 f23:0x4f7fffff
     322865.000 ns	     32285	80006940	40e08a33	sub	x20,x1,x14	  x1:0x00000000 x14:0x00000001 x20=0xffffffff
     322875.000 ns	     32286	80006944	00a1d013	srli	x0,x3,0xa	  x3:0x00000000
     322895.000 ns	     32288	80006948	031dab33	mulhsu	x22,x27,x17	 x27:0x00000001 x17:0x80040fe4 x22=0x00000000
     322915.000 ns	     32290	8000694c	e56d8b13	addi	x22,x27,-426	 x27:0x00000001 x22=0xfffffe57
     322925.000 ns	     32291	80006950	015236b3	sltu	x13,x4,x21	  x4:0x80041796 x21:0x00000000 x13=0x00000000
     322935.000 ns	     32292	80006954	013716b3	sll	x13,x14,x19	 x14:0x00000001 x19:0xfffffff0 x13=0x00010000
     322955.000 ns	     32294	80006958	c011f053	fcvt.wu.s	x0,f3	  f3:0x00000000
     322975.000 ns	     32296	8000695c	00861a13	slli	x20,x12,0x8	 x12:0x00000000 x20=0x00000000
     322985.000 ns	     32297	80006960	64e3a113	slti	x2,x7,1614	  x7:0x00000000  x2=0x00000001
     322995.000 ns	     32298	80006964	02655d97	auipc	x27,0x2655	 x27=0x8265b964
     323035.000 ns	     32302	80006968	007040d3	fadd.s	f1,f0,f7	  f0:0xcf7fffff  f7:0x4f7fffff  f1=0x00000000
     323065.000 ns	     32305	8000696c	02e38ab3	mul	x21,x7,x14	  x7:0x00000000 x14:0x00000001 x21=0x00000000
     323095.000 ns	     32308	80006970	e00301d3	fmv.x.w	x3,f6	  f6:0x47009f73  x3=0x47009f73
     323115.000 ns	     32310	80006974	7b32a137	lui	x2,0x7b32a	  x2=0x7b32a000
     323135.000 ns	     32312	80006978	a042ab53	feq.s	x22,f5,f4	  f5:0x4ee00000  f4:0x00000002 x22=0x00000000
     323165.000 ns	     32315	8000697c	027b5433	divu	x8,x22,x7	 x22:0xfffffe57  x7:0x00000000  x8=0xffffffff
     323185.000 ns	     32317	80006980	87d8fb93	andi	x23,x17,-1923	 x17:0x80040fe4 x23=0x80040864
     323205.000 ns	     32319	80006984	e0048cd3	fmv.x.w	x25,f9	  f9:0x80082046 x25=0x80082046
     323225.000 ns	     32321	80006988	4011d733	sra	x14,x3,x1	  x3:0x47009f73  x1:0x00000000 x14=0x47009f73
     323245.000 ns	     32323	8000698c	a0ba86d3	fle.s	x13,f21,f11	 f21:0x4f7ffff0 f11:0x3f800000 x13=0x00000000
     323275.000 ns	     32326	80006990	a1bf8053	fle.s	x0,f31,f27	 f31:0x80000000 f27:0x00000002
     323305.000 ns	     32329	80006994	29b385d3	fmin.s	f11,f7,f27	  f7:0x4f7fffff f27:0x00000002 f11=0x00000002
     323355.000 ns	     32334	80006998	018d1353	fadd.s	f6,f26,f24	 f26:0x7fc00000 f24:0x00000000  f6=0x7fc00000
     323385.000 ns	     32337	8000699c	d0077653	fcvt.s.w	f12,x14	 x14:0x47009f73 f12=0x4e8e013e
     323415.000 ns	     32340	800069a0	03473933	mulhu	x18,x14,x20	 x14:0x47009f73 x20:0x00000000 x18=0x00000000
     323435.000 ns	     32342	800069a4	01ea93b3	sll	x7,x21,x30	 x21:0x00000000 x30:0x00000005  x7=0x00000000
     323445.000 ns	     32343	800069a8	ddbb8fb7	lui	x31,0xddbb8	 x31=0xddbb8000
     323465.000 ns	     32345	800069ac	03e821b3	mulhsu	x3,x16,x30	 x16:0x00000001 x30:0x00000005  x3=0x00000000
     323495.000 ns	     32348	800069b0	035b8533	mul	x10,x23,x21	 x23:0x80040864 x21:0x00000000 x10=0x00000000
     323525.000 ns	     32351	800069b4	20b08253	fsgnj.s	f4,f1,f11	  f1:0x00000000 f11:0x00000002  f4=0x00000000
     323565.000 ns	     32355	800069b8	10c7f453	fmul.s	f8,f15,f12	 f15:0x00000000 f12:0x4e8e013e  f8=0x00000000
     323585.000 ns	     32357	800069bc	22fbf793	andi	x15,x23,559	 x23:0x80040864 x15=0x00000024
     323605.000 ns	     32359	800069c0	20eba6d3	fsgnjx.s	f13,f23,f14	 f23:0x4f7fffff f14:0x00000000 f13=0x4f7fffff
     323625.000 ns	     32361	800069c4	01429793	slli	x15,x5,0x14	  x5:0x0bb00000 x15=0x00000000
     323655.000 ns	     32364	800069c8	5808fd53	fsqrt.s	f26,f17	 f17:0x00000000 f26=0x00000000
     323675.000 ns	     32366	800069cc	00a87d33	and	x26,x16,x10	 x16:0x00000001 x10:0x00000000 x26=0x00000000
     323685.000 ns	     32367	800069d0	82a24e93	xori	x29,x4,-2006	  x4:0x80041796 x29=0x7ffbefbc
     324795.000 ns	     32478	800069d4	5803f9d3	fsqrt.s	f19,f7	  f7:0x4f7fffff f19=0x47350461
     324825.000 ns	     32481	800069d8	c01910d3	fcvt.wu.s	x1,f18	 f18:0x00000000  x1=0x00000000
     324855.000 ns	     32484	800069dc	a0452b53	feq.s	x22,f10,f4	 f10:0x3f7fffae  f4:0x00000000 x22=0x00000000
     324895.000 ns	     32488	800069e0	1023a053	fmul.s	f0,f7,f2	  f7:0x4f7fffff  f2:0x00000000  f0=0x00000000
     324925.000 ns	     32491	800069e4	21baa653	fsgnjx.s	f12,f21,f27	 f21:0x4f7ffff0 f27:0x00000002 f12=0x4f7ffff0
     324945.000 ns	     32493	800069e8	41bcd2b3	sra	x5,x25,x27	 x25:0x80082046 x27:0x8265b964  x5=0xf8008204
     324955.000 ns	     32494	800069ec	019d17b3	sll	x15,x26,x25	 x26:0x00000000 x25:0x80082046 x15=0x00000000
     324965.000 ns	     32495	800069f0	01195fb3	srl	x31,x18,x17	 x18:0x00000000 x17:0x80040fe4 x31=0x00000000
     324995.000 ns	     32498	800069f4	1120fd53	fmul.s	f26,f1,f18	  f1:0x00000000 f18:0x00000000 f26=0x00000000
     325015.000 ns	     32500	800069f8	01fcdb13	srli	x22,x25,0x1f	 x25:0x80082046 x22=0x00000001
     325035.000 ns	     32502	800069fc	c00e7653	fcvt.w.s	x12,f28	 f28:0x47009f73 x12=0x0000809f
     325055.000 ns	     32504	80006a00	00145133	srl	x2,x8,x1	  x8:0xffffffff  x1:0x00000000  x2=0xffffffff
     325075.000 ns	     32506	80006a04	f00289d3	fmv.w.x	f19,x5	  x5:0xf8008204 f19=0xf8008204
     325115.000 ns	     32510	80006a08	106f1ad3	fmul.s	f21,f30,f6	 f30:0x00000000  f6:0x7fc00000 f21=0x7fc00000
     325145.000 ns	     32513	80006a0c	038b33b3	mulhu	x7,x22,x24	 x22:0x00000001 x24:0x00001bbd  x7=0x00000000
     325165.000 ns	     32515	80006a10	01461a13	slli	x20,x12,0x14	 x12:0x0000809f x20=0x09f00000
     325175.000 ns	     32516	80006a14	003a9f93	slli	x31,x21,0x3	 x21:0x00000000 x31=0x00000000
     325185.000 ns	     32517	80006a18	0003deb3	srl	x29,x7,x0	  x7:0x00000000  x0:0x00000000 x29=0x00000000
     325205.000 ns	     32519	80006a1c	28a48453	fmin.s	f8,f9,f10	  f9:0x80082046 f10:0x3f7fffae  f8=0x80082046
     325225.000 ns	     32521	80006a20	a3dda613	slti	x12,x27,-1475	 x27:0x8265b964 x12=0x00000001
     325245.000 ns	     32523	80006a24	02588db3	mul	x27,x17,x5	 x17:0x80040fe4  x5:0xf8008204 x27=0xf0220790
     325265.000 ns	     32525	80006a28	787c0413	addi	x8,x24,1927	 x24:0x00001bbd  x8=0x00002344
     325275.000 ns	     32526	80006a2c	000932b3	sltu	x5,x18,x0	 x18:0x00000000  x0:0x00000000  x5=0x00000000
     325295.000 ns	     32528	80006a30	29a08553	fmin.s	f10,f1,f26	  f1:0x00000000 f26:0x00000000 f10=0x00000000
     325315.000 ns	     32530	80006a34	01856d33	or	x26,x10,x24	 x10:0x00000000 x24:0x00001bbd x26=0x00001bbd
     325335.000 ns	     32532	80006a38	290981d3	fmin.s	f3,f19,f16	 f19:0xf8008204 f16:0x00000001  f3=0xf8008204
     325355.000 ns	     32534	80006a3c	b50f3613	sltiu	x12,x30,-1200	 x30:0x00000005 x12=0x00000001
     325395.000 ns	     32538	80006a40	002bf953	fadd.s	f18,f23,f2	 f23:0x4f7fffff  f2:0x00000000 f18=0x4f7fffff
     325435.000 ns	     32542	80006a44	10d4f853	fmul.s	f16,f9,f13	  f9:0x80082046 f13:0x4f7fffff f16=0x8e820460
     325475.000 ns	     32546	80006a48	181271d3	fdiv.s	f3,f4,f1	  f4:0x00000000  f1:0x00000000  f3=0x7fc00000
     325495.000 ns	     32548	80006a4c	004f0933	add	x18,x30,x4	 x30:0x00000005  x4:0x80041796 x18=0x8004179b
     325515.000 ns	     32550	80006a50	a08206d3	fle.s	x13,f4,f8	  f4:0x00000000  f8:0x80082046 x13=0x00000000
     325535.000 ns	     32552	80006a54	0007dfb3	srl	x31,x15,x0	 x15:0x00000000  x0:0x00000000 x31=0x00000000
     325545.000 ns	     32553	80006a58	00aa37b3	sltu	x15,x20,x10	 x20:0x09f00000 x10:0x00000000 x15=0x00000000
     325565.000 ns	     32555	80006a5c	29b60453	fmin.s	f8,f12,f27	 f12:0x4f7ffff0 f27:0x00000002  f8=0x00000002
     325595.000 ns	     32558	80006a60	21bf13d3	fsgnjn.s	f7,f30,f27	 f30:0x00000000 f27:0x00000002  f7=0x80000000
     325645.000 ns	     32563	80006a64	087245d3	fsub.s	f11,f4,f7	  f4:0x00000000  f7:0x4f7fffff f11=0x00000000
     325665.000 ns	     32565	80006a68	0034a7b3	slt	x15,x9,x3	  x9:0x00000000  x3:0x00000000 x15=0x00000000
     325675.000 ns	     32566	80006a6c	01ced793	srli	x15,x29,0x1c	 x29:0x00000000 x15=0x00000000
     325695.000 ns	     32568	80006a70	e00c1b53	fclass.s	x22,f24	 f24:0x00000000 x22=0x00000010
     325715.000 ns	     32570	80006a74	3be83c13	sltiu	x24,x16,958	 x16:0x00000001 x24=0x00000001
     325725.000 ns	     32571	80006a78	ca1f59b7	lui	x19,0xca1f5	 x19=0xca1f5000
     325745.000 ns	     32573	80006a7c	a0a88fd3	fle.s	x31,f17,f10	 f17:0x00000000 f10:0x00000000 x31=0x00000001
     325765.000 ns	     32575	80006a80	14867b13	andi	x22,x12,328	 x12:0x00000001 x22=0x00000000
     325785.000 ns	     32577	80006a84	283e0ad3	fmin.s	f21,f28,f3	 f28:0x47009f73  f3:0x7fc00000 f21=0x47009f73
     325805.000 ns	     32579	80006a88	01a10633	add	x12,x2,x26	  x2:0xffffffff x26:0x00001bbd x12=0x00001bbc
     325815.000 ns	     32580	80006a8c	903a0c93	addi	x25,x20,-1789	 x20:0x09f00000 x25=0x09eff903
     325825.000 ns	     32581	80006a90	f1b3f013	andi	x0,x7,-229	  x7:0x00000000
     325845.000 ns	     32583	80006a94	f0028653	fmv.w.x	f12,x5	  x5:0x00000000 f12=0x00000000
     325865.000 ns	     32585	80006a98	00d8d133	srl	x2,x17,x13	 x17:0x80040fe4 x13:0x00000000  x2=0x80040fe4
     325875.000 ns	     32586	80006a9c	d64deab7	lui	x21,0xd64de	 x21=0xd64de000
     325895.000 ns	     32588	80006aa0	29690a53	fmin.s	f20,f18,f22	 f18:0x4f7fffff f22:0x00000000 f20=0x00000000
     325925.000 ns	     32591	80006aa4	e00e14d3	fclass.s	x9,f28	 f28:0x47009f73  x9=0x00000040
     325945.000 ns	     32593	80006aa8	00000013	addi	x0,x0,0	  x0:0x00000000
     325965.000 ns	     32595	80006aac	028d2fb3	mulhsu	x31,x26,x8	 x26:0x00001bbd  x8:0x00002344 x31=0x00000000
     325985.000 ns	     32597	80006ab0	ba382497	auipc	x9,0xba382	  x9=0x3a388ab0
     326025.000 ns	     32601	80006ab4	003ab0d3	fadd.s	f1,f21,f3	 f21:0x47009f73  f3:0x7fc00000  f1=0x7fc00000
     326045.000 ns	     32603	80006ab8	37053b13	sltiu	x22,x10,880	 x10:0x00000000 x22=0x00000001
     326405.000 ns	     32639	80006abc	03be5eb3	divu	x29,x28,x27	 x28:0x80041024 x27:0xf0220790 x29=0x00000000
     326425.000 ns	     32641	80006ac0	00000013	addi	x0,x0,0	  x0:0x00000000
     326465.000 ns	     32645	80006ac4	0979c653	fsub.s	f12,f19,f23	 f19:0xf8008204 f23:0x4f7fffff f12=0xf8008204
     326495.000 ns	     32648	80006ac8	03993433	mulhu	x8,x18,x25	 x18:0x8004179b x25:0x09eff903  x8=0x04f8252b
     326525.000 ns	     32651	80006acc	e00d9d53	fclass.s	x26,f27	 f27:0x00000002 x26=0x00000020
     326895.000 ns	     32688	80006ad0	0397ceb3	div	x29,x15,x25	 x15:0x00000000 x25:0x09eff903 x29=0x00000000
     326915.000 ns	     32690	80006ad4	ca36d837	lui	x16,0xca36d	 x16=0xca36d000
     326925.000 ns	     32691	80006ad8	017b9093	slli	x1,x23,0x17	 x23:0x80040864  x1=0x32000000
     326945.000 ns	     32693	80006adc	20d01ed3	fsgnjn.s	f29,f0,f13	  f0:0x00000000 f13:0x4f7fffff f29=0x80000000
     326975.000 ns	     32696	80006ae0	0237e733	rem	x14,x15,x3	 x15:0x00000000  x3:0x00000000 x14=0x00000000
     326995.000 ns	     32698	80006ae4	9b178713	addi	x14,x15,-1615	 x15:0x00000000 x14=0xfffff9b1
     327015.000 ns	     32700	80006ae8	e0051153	fclass.s	x2,f10	 f10:0x00000000  x2=0x00000010
     327035.000 ns	     32702	80006aec	b3470493	addi	x9,x14,-1228	 x14:0x00000000  x9=0xfffff4e5
     327045.000 ns	     32703	80006af0	400bd333	sra	x6,x23,x0	 x23:0x80040864  x0:0x00000000  x6=0x80040864
     327055.000 ns	     32704	80006af4	95c7f713	andi	x14,x15,-1700	 x15:0x00000000 x14=0x00000000
     327075.000 ns	     32706	80006af8	d01c94d3	fcvt.s.wu	f9,x25	 x25:0x09eff903  f9=0x4d1eff90
     327105.000 ns	     32709	80006afc	d0077753	fcvt.s.w	f14,x14	 x14:0xfffff9b1 f14=0x00000000
     327475.000 ns	     32746	80006b00	0244dd33	divu	x26,x9,x4	  x9:0xfffff4e5  x4:0x80041796 x26=0x00000001
     327495.000 ns	     32748	80006b04	009656b3	srl	x13,x12,x9	 x12:0x00001bbc  x9:0xfffff4e5 x13=0x000000dd
     327505.000 ns	     32749	80006b08	00ee9733	sll	x14,x29,x14	 x29:0x00000000 x14:0x00000000 x14=0x00000000
     327515.000 ns	     32750	80006b0c	01541c33	sll	x24,x8,x21	  x8:0x04f8252b x21:0xd64de000 x24=0x04f8252b
     327525.000 ns	     32751	80006b10	015909b3	add	x19,x18,x21	 x18:0x8004179b x21:0xd64de000 x19=0x5651f79b
     327535.000 ns	     32752	80006b14	014616b3	sll	x13,x12,x20	 x12:0x00001bbc x20:0x09f00000 x13=0x00001bbc
     327545.000 ns	     32753	80006b18	00327db3	and	x27,x4,x3	  x4:0x80041796  x3:0x00000000 x27=0x00000000
     327875.000 ns	     32786	80006b1c	19c80e53	fdiv.s	f28,f16,f28	 f16:0x8e820460 f28:0x47009f73 f28=0x86d30db2
     327905.000 ns	     32789	80006b20	29e80b53	fmin.s	f22,f16,f30	 f16:0x8e820460 f30:0x00000000 f22=0x8e820460
     327935.000 ns	     32792	80006b24	f0010353	fmv.w.x	f6,x2	  x2:0x00000010  f6=0x00000010
     327955.000 ns	     32794	80006b28	0ae81c37	lui	x24,0xae81	 x24=0x0ae81000
     327965.000 ns	     32795	80006b2c	00617bb3	and	x23,x2,x6	  x2:0x00000010  x6:0x80040864 x23=0x00000000
     327985.000 ns	     32797	80006b30	a1d190d3	flt.s	x1,f3,f29	  f3:0x7fc00000 f29:0x80000000  x1=0x00000000
     328005.000 ns	     32799	80006b34	06570037	lui	x0,0x6570	
     328015.000 ns	     32800	80006b38	48fce093	ori	x1,x25,1167	 x25:0x09eff903  x1=0x09effd8f
     328035.000 ns	     32802	80006b3c	c00a85d3	fcvt.w.s	x11,f21	 f21:0x47009f73 x11=0x0000809f
     328065.000 ns	     32805	80006b40	02f7efb3	rem	x31,x15,x15	 x15:0x00000000 x15:0x00000000 x31=0x00000000
     328085.000 ns	     32807	80006b44	413f5793	srai	x15,x30,0x13	 x30:0x00000005 x15=0x00000000
     328105.000 ns	     32809	80006b48	a0b8ad53	feq.s	x26,f17,f11	 f17:0x00000000 f11:0x00000000 x26=0x00000001
     328475.000 ns	     32846	80006b4c	03197533	remu	x10,x18,x17	 x18:0x8004179b x17:0x80040fe4 x10=0x000007b7
     328505.000 ns	     32849	80006b50	e00b92d3	fclass.s	x5,f23	 f23:0x4f7fffff  x5=0x00000040
     328525.000 ns	     32851	80006b54	d0852c93	slti	x25,x10,-760	 x10:0x000007b7 x25=0x00000000
     328535.000 ns	     32852	80006b58	01607933	and	x18,x0,x22	  x0:0x00000000 x22:0x00000001 x18=0x00000000
     328545.000 ns	     32853	80006b5c	00019db3	sll	x27,x3,x0	  x3:0x00000000  x0:0x00000000 x27=0x00000000
     328905.000 ns	     32889	80006b60	02be6d33	rem	x26,x28,x11	 x28:0x80041024 x11:0x0000809f x26=0xffffc649
     328925.000 ns	     32891	80006b64	e64c0713	addi	x14,x24,-412	 x24:0x0ae81000 x14=0x0ae80e64
     328935.000 ns	     32892	80006b68	41c15913	srai	x18,x2,0x1c	  x2:0x00000010 x18=0x00000000
     328945.000 ns	     32893	80006b6c	01321613	slli	x12,x4,0x13	  x4:0x80041796 x12=0xbcb00000
     329305.000 ns	     32929	80006b70	03eaf033	remu	x0,x21,x30	 x21:0xd64de000 x30:0x00000005
     329335.000 ns	     32932	80006b74	d0167b53	fcvt.s.wu	f22,x12	 x12:0x00001bbc f22=0x4f3cb000
     329355.000 ns	     32934	80006b78	00000013	addi	x0,x0,0	  x0:0x00000000
     329365.000 ns	     32935	80006b7c	fb2060b7	lui	x1,0xfb206	  x1=0xfb206000
     329405.000 ns	     32939	80006b80	009133d3	fadd.s	f7,f2,f9	  f2:0x00000000  f9:0x4d1eff90  f7=0x4d1eff90
     329775.000 ns	     32976	80006b84	030561b3	rem	x3,x10,x16	 x10:0x000007b7 x16:0xca36d000  x3=0x000007b7
     329805.000 ns	     32979	80006b88	02673cb3	mulhu	x25,x14,x6	 x14:0x0ae80e64  x6:0x80040864 x25=0x0574332d
     329835.000 ns	     32982	80006b8c	f00e8653	fmv.w.x	f12,x29	 x29:0x00000000 f12=0x00000000
     329865.000 ns	     32985	80006b90	e0000b53	fmv.x.w	x22,f0	  f0:0x00000000 x22=0x00000000
     329895.000 ns	     32988	80006b94	e0088bd3	fmv.x.w	x23,f17	 f17:0x00000000 x23=0x00000000
     329925.000 ns	     32991	80006b98	282d1bd3	fmax.s	f23,f26,f2	 f26:0x00000000  f2:0x00000000 f23=0x00000000
     329955.000 ns	     32994	80006b9c	20439053	fsgnjn.s	f0,f7,f4	  f7:0x4d1eff90  f4:0x00000000  f0=0xcd1eff90
     329985.000 ns	     32997	80006ba0	f00b0e53	fmv.w.x	f28,x22	 x22:0x00000000 f28=0x00000000
     330005.000 ns	     32999	80006ba4	03798e93	addi	x29,x19,55	 x19:0x5651f79b x29=0x5651f7d2
     330035.000 ns	     33002	80006ba8	580670d3	fsqrt.s	f1,f12	 f12:0x00000000  f1=0x00000000
     330055.000 ns	     33004	80006bac	0033f833	and	x16,x7,x3	  x7:0x00000000  x3:0x000007b7 x16=0x00000000
     330075.000 ns	     33006	80006bb0	e0061853	fclass.s	x16,f12	 f12:0x00000000 x16=0x00000010
     330105.000 ns	     33009	80006bb4	a07f19d3	flt.s	x19,f30,f7	 f30:0x00000000  f7:0x4d1eff90 x19=0x00000001
     330145.000 ns	     33013	80006bb8	188c7b53	fdiv.s	f22,f24,f8	 f24:0x00000000  f8:0x00000002 f22=0x00000000
     330175.000 ns	     33016	80006bbc	28720653	fmin.s	f12,f4,f7	  f4:0x00000000  f7:0x4d1eff90 f12=0x00000000
     330205.000 ns	     33019	80006bc0	a1e624d3	feq.s	x9,f12,f30	 f12:0x00000000 f30:0x00000000  x9=0x00000001
     330225.000 ns	     33021	80006bc4	1b82bd13	sltiu	x26,x5,440	  x5:0x00000040 x26=0x00000001
     330265.000 ns	     33025	80006bc8	00f88f53	fadd.s	f30,f17,f15	 f17:0x00000000 f15:0x00000000 f30=0x00000000
     330285.000 ns	     33027	80006bcc	01bff2b3	and	x5,x31,x27	 x31:0x00000000 x27:0x00000000  x5=0x00000000
     330295.000 ns	     33028	80006bd0	01ff9ab3	sll	x21,x31,x31	 x31:0x00000000 x31:0x00000000 x21=0x00000000
     330305.000 ns	     33029	80006bd4	01745093	srli	x1,x8,0x17	  x8:0x04f8252b  x1=0x00000009
     330325.000 ns	     33031	80006bd8	028cb033	mulhu	x0,x25,x8	 x25:0x0574332d  x8:0x04f8252b
     330355.000 ns	     33034	80006bdc	a02fa6d3	feq.s	x13,f31,f2	 f31:0x80000000  f2:0x00000000 x13=0x00000001
     330385.000 ns	     33037	80006be0	28711853	fmax.s	f16,f2,f7	  f2:0x00000000  f7:0x4d1eff90 f16=0x4d1eff90
     330425.000 ns	     33041	80006be4	10b2a653	fmul.s	f12,f5,f11	  f5:0x4ee00000 f11:0x00000000 f12=0x00000000
     330455.000 ns	     33044	80006be8	20412b53	fsgnjx.s	f22,f2,f4	  f2:0x00000000  f4:0x00000000 f22=0x00000000
     330475.000 ns	     33046	80006bec	be86c093	xori	x1,x13,-1048	 x13:0x00000001  x1=0xfffffbe9
     330485.000 ns	     33047	80006bf0	004e5a33	srl	x20,x28,x4	 x28:0x80041024  x4:0x80041796 x20=0x00000200
     330495.000 ns	     33048	80006bf4	40f95533	sra	x10,x18,x15	 x18:0x00000000 x15:0x00000000 x10=0x00000000
     330505.000 ns	     33049	80006bf8	01e844b3	xor	x9,x16,x30	 x16:0x00000010 x30:0x00000005  x9=0x00000015
     330515.000 ns	     33050	80006bfc	fb7aab13	slti	x22,x21,-73	 x21:0x00000000 x22=0x00000000
     330525.000 ns	     33051	80006c00	4fd9a413	slti	x8,x19,1277	 x19:0x00000001  x8=0x00000001
     330535.000 ns	     33052	80006c04	001c76b3	and	x13,x24,x1	 x24:0x0ae81000  x1:0xfffffbe9 x13=0x0ae81000
     330555.000 ns	     33054	80006c08	21059553	fsgnjn.s	f10,f11,f16	 f11:0x00000000 f16:0x4d1eff90 f10=0x80000000
     330575.000 ns	     33056	80006c0c	4788b4b7	lui	x9,0x4788b	  x9=0x4788b000
     330595.000 ns	     33058	80006c10	29558053	fmin.s	f0,f11,f21	 f11:0x00000000 f21:0x47009f73  f0=0x00000000
     330625.000 ns	     33061	80006c14	d0160cd3	fcvt.s.wu	f25,x12	 x12:0xbcb00000 f25=0x4f3cb000
     330655.000 ns	     33064	80006c18	a1a089d3	fle.s	x19,f1,f26	  f1:0x00000000 f26:0x00000000 x19=0x00000001
     330675.000 ns	     33066	80006c1c	8535c093	xori	x1,x11,-1965	 x11:0x0000809f  x1=0xffff78cc
     330685.000 ns	     33067	80006c20	127d6b93	ori	x23,x26,295	 x26:0x00000001 x23=0x00000127
     330705.000 ns	     33069	80006c24	02a344b3	div	x9,x6,x10	  x6:0x80040864 x10:0x00000000  x9=0xffffffff
     330735.000 ns	     33072	80006c28	0376bc33	mulhu	x24,x13,x23	 x13:0x0ae81000 x23:0x00000000 x24=0x0000000c
     330765.000 ns	     33075	80006c2c	d0193b53	fcvt.s.wu	f22,x18	 x18:0x00000000 f22=0x00000000
     330785.000 ns	     33077	80006c30	01749c13	slli	x24,x9,0x17	  x9:0xffffffff x24=0xff800000
     330815.000 ns	     33080	80006c34	1075f253	fmul.s	f4,f11,f7	 f11:0x00000000  f7:0x4d1eff90  f4=0x00000000
     330845.000 ns	     33083	80006c38	d00f9753	fcvt.s.w	f14,x31	 x31:0x00000000 f14=0x00000000
     330865.000 ns	     33085	80006c3c	6decec93	ori	x25,x25,1758	 x25:0x0574332d x25=0x057437ff
     330875.000 ns	     33086	80006c40	741ce693	ori	x13,x25,1857	 x25:0x0574332d x13=0x057437ff
     330895.000 ns	     33088	80006c44	290410d3	fmax.s	f1,f8,f16	  f8:0x00000002 f16:0x4d1eff90  f1=0x4d1eff90
     330945.000 ns	     33093	80006c48	0018f053	fadd.s	f0,f17,f1	 f17:0x00000000  f1:0x00000000  f0=0x4d1eff90
     330975.000 ns	     33096	80006c4c	29d18fd3	fmin.s	f31,f3,f29	  f3:0x7fc00000 f29:0x80000000 f31=0x80000000
     331005.000 ns	     33099	80006c50	023c9ab3	mulh	x21,x25,x3	 x25:0x057437ff  x3:0x000007b7 x21=0x0000002a
     331025.000 ns	     33101	80006c54	6faca693	slti	x13,x25,1786	 x25:0x057437ff x13=0x00000000
     331045.000 ns	     33103	80006c58	02cebcb3	mulhu	x25,x29,x12	 x29:0x5651f7d2 x12:0xbcb00000 x25=0x3f9f8a58
     331075.000 ns	     33106	80006c5c	02c33fb3	mulhu	x31,x6,x12	  x6:0x80040864 x12:0xbcb00000 x31=0x5e5af8ef
     331105.000 ns	     33109	80006c60	29908fd3	fmin.s	f31,f1,f25	  f1:0x4d1eff90 f25:0x4f3cb000 f31=0x4d1eff90
     331135.000 ns	     33112	80006c64	028a2333	mulhsu	x6,x20,x8	 x20:0x00000200  x8:0x00000001  x6=0x00000000
     331155.000 ns	     33114	80006c68	b15dc413	xori	x8,x27,-1259	 x27:0x00000000  x8=0xfffffb15
     331165.000 ns	     33115	80006c6c	00f006b3	add	x13,x0,x15	  x0:0x00000000 x15:0x00000000 x13=0x00000000
     331175.000 ns	     33116	80006c70	40c2d6b3	sra	x13,x5,x12	  x5:0x00000000 x12:0xbcb00000 x13=0x00000000
     331195.000 ns	     33118	80006c74	036e86b3	mul	x13,x29,x22	 x29:0x5651f7d2 x22:0x00000000 x13=0x00000000
     331215.000 ns	     33120	80006c78	3cf67213	andi	x4,x12,975	 x12:0xbcb00000  x4=0x00000000
     331235.000 ns	     33122	80006c7c	a166a453	feq.s	x8,f13,f22	 f13:0x4f7fffff f22:0x00000000  x8=0x00000000
     331255.000 ns	     33124	80006c80	c1584d93	xori	x27,x16,-1003	 x16:0x00000010 x27=0xfffffc05
     331275.000 ns	     33126	80006c84	03122db3	mulhsu	x27,x4,x17	  x4:0x00000000 x17:0x80040fe4 x27=0x00000000
     331305.000 ns	     33129	80006c88	02094233	div	x4,x18,x0	 x18:0x00000000  x0:0x00000000  x4=0xffffffff
     331355.000 ns	     33134	80006c8c	01767b53	fadd.s	f22,f12,f23	 f12:0x00000000 f23:0x00000000 f22=0x00000000
     331385.000 ns	     33137	80006c90	f0008ed3	fmv.w.x	f29,x1	  x1:0xffff78cc f29=0xffff78cc
     331405.000 ns	     33139	80006c94	01bc1fb3	sll	x31,x24,x27	 x24:0xff800000 x27:0x00000000 x31=0xff800000
     331435.000 ns	     33142	80006c98	114fc653	fmul.s	f12,f31,f20	 f31:0x4d1eff90 f20:0x00000000 f12=0x00000000
     331465.000 ns	     33145	80006c9c	e0029453	fclass.s	x8,f5	  f5:0x4ee00000  x8=0x00000040
     331505.000 ns	     33149	80006ca0	19c69253	fdiv.s	f4,f13,f28	 f13:0x4f7fffff f28:0x00000000  f4=0x7f800000
     331875.000 ns	     33186	80006ca4	030fdc33	divu	x24,x31,x16	 x31:0xff800000 x16:0x00000010 x24=0x0ff80000
     331925.000 ns	     33191	80006ca8	005905d3	fadd.s	f11,f18,f5	 f18:0x4f7fffff  f5:0x4ee00000 f11=0x4fb7ffff
     331955.000 ns	     33194	80006cac	a0e383d3	fle.s	x7,f7,f14	  f7:0x4d1eff90 f14:0x00000000  x7=0x00000000
     331975.000 ns	     33196	80006cb0	00d78db3	add	x27,x15,x13	 x15:0x00000000 x13:0x00000000 x27=0x00000000
     331995.000 ns	     33198	80006cb4	20d8abd3	fsgnjx.s	f23,f17,f13	 f17:0x00000000 f13:0x4f7fffff f23=0x00000000
     332015.000 ns	     33200	80006cb8	db29eb93	ori	x23,x19,-590	 x19:0x00000001 x23=0xfffffdb3
     332025.000 ns	     33201	80006cbc	01d935b3	sltu	x11,x18,x29	 x18:0x00000000 x29:0x5651f7d2 x11=0x00000001
     332045.000 ns	     33203	80006cc0	207ea353	fsgnjx.s	f6,f29,f7	 f29:0xffff78cc  f7:0x4d1eff90  f6=0xffff78cc
     333225.000 ns	     33321	80006cc4	58047d53	fsqrt.s	f26,f8	  f8:0x00000002 f26=0x1f350483
     333255.000 ns	     33324	80006cc8	0275feb3	remu	x29,x11,x7	 x11:0x00000001  x7:0x00000000 x29=0x00000001
     333285.000 ns	     33327	80006ccc	d0132053	fcvt.s.wu	f0,x6	  x6:0x00000000  f0=0x00000000
     333305.000 ns	     33329	80006cd0	01b93d33	sltu	x26,x18,x27	 x18:0x00000000 x27:0x00000000 x26=0x00000000
     333325.000 ns	     33331	80006cd4	02ea90b3	mulh	x1,x21,x14	 x21:0x0000002a x14:0x0ae80e64  x1=0x00000001
     333355.000 ns	     33334	80006cd8	206b8e53	fsgnj.s	f28,f23,f6	 f23:0x00000000  f6:0xffff78cc f28=0x80000000
     333385.000 ns	     33337	80006cdc	e00f03d3	fmv.x.w	x7,f30	 f30:0x00000000  x7=0x00000000
     334565.000 ns	     33455	80006ce0	5806f953	fsqrt.s	f18,f13	 f13:0x4f7fffff f18=0x47350461
     334585.000 ns	     33457	80006ce4	00c7e233	or	x4,x15,x12	 x15:0x00000000 x12:0xbcb00000  x4=0xbcb00000
     334605.000 ns	     33459	80006ce8	03379fb3	mulh	x31,x15,x19	 x15:0x00000000 x19:0x00000001 x31=0x00000000
     334655.000 ns	     33464	80006cec	09fc4cd3	fsub.s	f25,f24,f31	 f24:0x00000000 f31:0x4d1eff90 f25=0xcd1eff90
     335025.000 ns	     33501	80006cf0	03dbfbb3	remu	x23,x23,x29	 x23:0xfffffdb3 x29:0x00000001 x23=0x00000000
     335045.000 ns	     33503	80006cf4	0112d3b3	srl	x7,x5,x17	  x5:0x00000000 x17:0x80040fe4  x7=0x00000000
     335405.000 ns	     33539	80006cf8	03986d33	rem	x26,x16,x25	 x16:0x00000010 x25:0x3f9f8a58 x26=0x00000010
     335425.000 ns	     33541	80006cfc	40ab5c33	sra	x24,x22,x10	 x22:0x00000000 x10:0x00000000 x24=0x00000000
     335435.000 ns	     33542	80006d00	1372f4b7	lui	x9,0x1372f	  x9=0x1372f000
     335465.000 ns	     33545	80006d04	11767853	fmul.s	f16,f12,f23	 f12:0x00000000 f23:0x00000000 f16=0x00000000
     335495.000 ns	     33548	80006d08	c0041c53	fcvt.w.s	x24,f8	  f8:0x00000002 x24=0x00000000
     335515.000 ns	     33550	80006d0c	0197bb33	sltu	x22,x15,x25	 x15:0x00000000 x25:0x3f9f8a58 x22=0x00000001
     335545.000 ns	     33553	80006d10	11cfff53	fmul.s	f30,f31,f28	 f31:0x4d1eff90 f28:0x80000000 f30=0x80000000
     335565.000 ns	     33555	80006d14	4c3c8613	addi	x12,x25,1219	 x25:0x3f9f8a58 x12=0x3f9f8f1b
     335575.000 ns	     33556	80006d18	73022317	auipc	x6,0x73022	  x6=0xf3028d18
     335585.000 ns	     33557	80006d1c	011f6033	or	x0,x30,x17	 x30:0x00000005 x17:0x80040fe4
     335605.000 ns	     33559	80006d20	03fa77b3	remu	x15,x20,x31	 x20:0x00000200 x31:0x00000000 x15=0x00000200
     335635.000 ns	     33562	80006d24	c00b72d3	fcvt.w.s	x5,f22	 f22:0x00000000  x5=0x00000000
     335655.000 ns	     33564	80006d28	fd2c0313	addi	x6,x24,-46	 x24:0x00000000  x6=0xffffffd2
     336015.000 ns	     33600	80006d2c	026ffdb3	remu	x27,x31,x6	 x31:0x00000000  x6:0xf3028d18 x27=0x00000000
     336035.000 ns	     33602	80006d30	7cc5ca13	xori	x20,x11,1996	 x11:0x00000001 x20=0x000007cd
     336045.000 ns	     33603	80006d34	c81b8d93	addi	x27,x23,-895	 x23:0x00000000 x27=0xfffffc81
     336055.000 ns	     33604	80006d38	015c72b3	and	x5,x24,x21	 x24:0x00000000 x21:0x0000002a  x5=0x00000000
     336065.000 ns	     33605	80006d3c	409f8233	sub	x4,x31,x9	 x31:0x00000000  x9:0x1372f000  x4=0xec8d1000
     336075.000 ns	     33606	80006d40	0b42c693	xori	x13,x5,180	  x5:0x00000000 x13=0x000000b4
     336085.000 ns	     33607	80006d44	7cd03793	sltiu	x15,x0,1997	  x0:0x00000000 x15=0x00000001
     336105.000 ns	     33609	80006d48	c00af253	fcvt.w.s	x4,f21	 f21:0x47009f73  x4=0x0000809f
     336125.000 ns	     33611	80006d4c	012ca933	slt	x18,x25,x18	 x25:0x3f9f8a58 x18:0x00000000 x18=0x00000000
     336155.000 ns	     33614	80006d50	10eb8cd3	fmul.s	f25,f23,f14	 f23:0x00000000 f14:0x00000000 f25=0x00000000
     336175.000 ns	     33616	80006d54	425404b7	lui	x9,0x42540	  x9=0x42540000
     336205.000 ns	     33619	80006d58	10b40e53	fmul.s	f28,f8,f11	  f8:0x00000002 f11:0x4fb7ffff f28=0x05b7ffff
     336225.000 ns	     33621	80006d5c	41328bb3	sub	x23,x5,x19	  x5:0x00000000 x19:0x00000001 x23=0xffffffff
     336245.000 ns	     33623	80006d60	d010ff53	fcvt.s.wu	f30,x1	  x1:0x00000001 f30=0x3f800000
     336265.000 ns	     33625	80006d64	40d65393	srai	x7,x12,0xd	 x12:0x3f9f8f1b  x7=0x0001fcfc
     336625.000 ns	     33661	80006d68	0353c6b3	div	x13,x7,x21	  x7:0x00000000 x21:0x0000002a x13=0x00000c1e
     336995.000 ns	     33698	80006d6c	02cd7c33	remu	x24,x26,x12	 x26:0x00000010 x12:0x3f9f8f1b x24=0x00000010
     337025.000 ns	     33701	80006d70	03c83bb3	mulhu	x23,x16,x28	 x16:0x00000010 x28:0x80041024 x23=0x00000008
     337065.000 ns	     33705	80006d74	19f67753	fdiv.s	f14,f12,f31	 f12:0x00000000 f31:0x4d1eff90 f14=0x00000000
     337095.000 ns	     33708	80006d78	213da553	fsgnjx.s	f10,f27,f19	 f27:0x00000002 f19:0xf8008204 f10=0x80000002
     337115.000 ns	     33710	80006d7c	40ec8a33	sub	x20,x25,x14	 x25:0x3f9f8a58 x14:0x0ae80e64 x20=0x34b77bf4
     337125.000 ns	     33711	80006d80	43933097	auipc	x1,0x43933	  x1=0xc3939d80
     337135.000 ns	     33712	80006d84	41c25333	sra	x6,x4,x28	  x4:0x0000809f x28:0x80041024  x6=0x00000809
     337155.000 ns	     33714	80006d88	20dfa4d3	fsgnjx.s	f9,f31,f13	 f31:0x4d1eff90 f13:0x4f7fffff  f9=0x4d1eff90
     337175.000 ns	     33716	80006d8c	a758b337	lui	x6,0xa758b	  x6=0xa758b000
     337195.000 ns	     33718	80006d90	c01b87d3	fcvt.wu.s	x15,f23	 f23:0x00000000 x15=0x00000000
     337225.000 ns	     33721	80006d94	e0008553	fmv.x.w	x10,f1	  f1:0x4d1eff90 x10=0x4d1eff90
     337245.000 ns	     33723	80006d98	004d5b13	srli	x22,x26,0x4	 x26:0x00000010 x22=0x00000001
     337255.000 ns	     33724	80006d9c	3080ca37	lui	x20,0x3080c	 x20=0x3080c000
     337275.000 ns	     33726	80006da0	21352453	fsgnjx.s	f8,f10,f19	 f10:0x80000002 f19:0xf8008204  f8=0x00000002
     337295.000 ns	     33728	80006da4	402dd493	srai	x9,x27,0x2	 x27:0xfffffc81  x9=0xffffff20
     337305.000 ns	     33729	80006da8	77898793	addi	x15,x19,1912	 x19:0x00000001 x15=0x00000779
     337315.000 ns	     33730	80006dac	00000013	addi	x0,x0,0	  x0:0x00000000
     337355.000 ns	     33734	80006db0	09480553	fsub.s	f10,f16,f20	 f16:0x00000000 f20:0x00000000 f10=0x80000000
     337385.000 ns	     33737	80006db4	c00ebc53	fcvt.w.s	x24,f29	 f29:0xffff78cc x24=0x7fffffff
     337415.000 ns	     33740	80006db8	0325e733	rem	x14,x11,x18	 x11:0x00000001 x18:0x00000000 x14=0x00000001
     337785.000 ns	     33777	80006dbc	031ed233	divu	x4,x29,x17	 x29:0x00000001 x17:0x80040fe4  x4=0x00000000
     337815.000 ns	     33780	80006dc0	206f8dd3	fsgnj.s	f27,f31,f6	 f31:0x4d1eff90  f6:0xffff78cc f27=0xcd1eff90
     337845.000 ns	     33783	80006dc4	280400d3	fmin.s	f1,f8,f0	  f8:0x00000002  f0:0x00000000  f1=0x00000000
     337885.000 ns	     33787	80006dc8	580dfb53	fsqrt.s	f22,f27	 f27:0xcd1eff90 f22=0x7fc00000
     337905.000 ns	     33789	80006dcc	089ac513	xori	x10,x21,137	 x21:0x0000002a x10=0x000000a3
     337915.000 ns	     33790	80006dd0	01d7e2b3	or	x5,x15,x29	 x15:0x00000779 x29:0x00000001  x5=0x00000779
     337925.000 ns	     33791	80006dd4	4067d693	srai	x13,x15,0x6	 x15:0x00000779 x13=0x0000001d
     337935.000 ns	     33792	80006dd8	00191c93	slli	x25,x18,0x1	 x18:0x00000000 x25=0x00000000
     337955.000 ns	     33794	80006ddc	d009b453	fcvt.s.w	f8,x19	 x19:0x00000001  f8=0x3f800000
     337985.000 ns	     33797	80006de0	d01917d3	fcvt.s.wu	f15,x18	 x18:0x00000000 f15=0x00000000
     338005.000 ns	     33799	80006de4	401889b3	sub	x19,x17,x1	 x17:0x80040fe4  x1:0xc3939d80 x19=0xbc707264
     338025.000 ns	     33801	80006de8	d01e48d3	fcvt.s.wu	f17,x28	 x28:0x80041024 f17=0x4f000410
     338045.000 ns	     33803	80006dec	012346b3	xor	x13,x6,x18	  x6:0xa758b000 x18:0x00000000 x13=0xa758b000
     338085.000 ns	     33807	80006df0	0021fb53	fadd.s	f22,f3,f2	  f3:0x7fc00000  f2:0x00000000 f22=0x7fc00000
     338115.000 ns	     33810	80006df4	e00e0553	fmv.x.w	x10,f28	 f28:0x05b7ffff x10=0x05b7ffff
     338135.000 ns	     33812	80006df8	00000013	addi	x0,x0,0	  x0:0x00000000
     338145.000 ns	     33813	80006dfc	00f18033	add	x0,x3,x15	  x3:0x000007b7 x15:0x00000779
     338165.000 ns	     33815	80006e00	28fa15d3	fmax.s	f11,f20,f15	 f20:0x00000000 f15:0x00000000 f11=0x00000000
     338185.000 ns	     33817	80006e04	cf3c0437	lui	x8,0xcf3c0	  x8=0xcf3c0000
     338205.000 ns	     33819	80006e08	f00a86d3	fmv.w.x	f13,x21	 x21:0x0000002a f13=0x0000002a
     338575.000 ns	     33856	80006e0c	0254e033	rem	x0,x9,x5	  x9:0xffffff20  x5:0x00000779
     338605.000 ns	     33859	80006e10	a1338153	fle.s	x2,f7,f19	  f7:0x4d1eff90 f19:0xf8008204  x2=0x00000000
     338635.000 ns	     33862	80006e14	a0470753	fle.s	x14,f14,f4	 f14:0x00000000  f4:0x7f800000 x14=0x00000001
     338665.000 ns	     33865	80006e18	20d4a753	fsgnjx.s	f14,f9,f13	  f9:0x4d1eff90 f13:0x0000002a f14=0x4d1eff90
     338695.000 ns	     33868	80006e1c	02be0eb3	mul	x29,x28,x11	 x28:0x80041024 x11:0x00000001 x29=0x80041024
     338725.000 ns	     33871	80006e20	f00f80d3	fmv.w.x	f1,x31	 x31:0x00000000  f1=0x00000000
     338745.000 ns	     33873	80006e24	004aa6b3	slt	x13,x21,x4	 x21:0x0000002a  x4:0x00000000 x13=0x00000000
     338755.000 ns	     33874	80006e28	01217a33	and	x20,x2,x18	  x2:0x00000000 x18:0x00000000 x20=0x00000000
     338775.000 ns	     33876	80006e2c	02494833	div	x16,x18,x4	 x18:0x00000000  x4:0x00000000 x16=0xffffffff
     338795.000 ns	     33878	80006e30	015ff533	and	x10,x31,x21	 x31:0x00000000 x21:0x0000002a x10=0x00000000
     339155.000 ns	     33914	80006e34	02bfc9b3	div	x19,x31,x11	 x31:0x00000000 x11:0x00000001 x19=0x00000000
     339175.000 ns	     33916	80006e38	41618333	sub	x6,x3,x22	  x3:0x000007b7 x22:0x00000001  x6=0x000007b6
     339195.000 ns	     33918	80006e3c	a0790fd3	fle.s	x31,f18,f7	 f18:0x47350461  f7:0x4d1eff90 x31=0x00000001
     339225.000 ns	     33921	80006e40	d00ff253	fcvt.s.w	f4,x31	 x31:0x00000000  f4=0x3f800000
     339245.000 ns	     33923	80006e44	01d78333	add	x6,x15,x29	 x15:0x00000779 x29:0x80041024  x6=0x8004179d
     339255.000 ns	     33924	80006e48	40635bb3	sra	x23,x6,x6	  x6:0x000007b6  x6:0x000007b6 x23=0xfffffffc
     339265.000 ns	     33925	80006e4c	413d0eb3	sub	x29,x26,x19	 x26:0x00000010 x19:0x00000000 x29=0x00000010
     339275.000 ns	     33926	80006e50	ec20ebb7	lui	x23,0xec20e	 x23=0xec20e000
     339285.000 ns	     33927	80006e54	d64d12b7	lui	x5,0xd64d1	  x5=0xd64d1000
     339305.000 ns	     33929	80006e58	a06422d3	feq.s	x5,f8,f6	  f8:0x3f800000  f6:0xffff78cc  x5=0x00000000
     339325.000 ns	     33931	80006e5c	016f5613	srli	x12,x30,0x16	 x30:0x00000005 x12=0x00000000
     339345.000 ns	     33933	80006e60	0304b233	mulhu	x4,x9,x16	  x9:0xffffff20 x16:0xffffffff  x4=0xffffff1f
     339375.000 ns	     33936	80006e64	21548c53	fsgnj.s	f24,f9,f21	  f9:0x4d1eff90 f21:0x47009f73 f24=0x4d1eff90
     339405.000 ns	     33939	80006e68	28ce0ed3	fmin.s	f29,f28,f12	 f28:0x05b7ffff f12:0x00000000 f29=0x00000000
     339435.000 ns	     33942	80006e6c	d0048cd3	fcvt.s.w	f25,x9	  x9:0xffffff20 f25=0xc3600000
     339455.000 ns	     33944	80006e70	d59f6593	ori	x11,x30,-679	 x30:0x00000005 x11=0xfffffd5d
     339815.000 ns	     33980	80006e74	03f26733	rem	x14,x4,x31	  x4:0xffffff1f x31:0x00000001 x14=0x00000000
     339865.000 ns	     33985	80006e78	0024a2d3	fadd.s	f5,f9,f2	  f9:0x4d1eff90  f2:0x00000000  f5=0x4d1eff90
     339885.000 ns	     33987	80006e7c	b6aeee93	ori	x29,x29,-1174	 x29:0x00000010 x29=0xfffffb7a
     339905.000 ns	     33989	80006e80	d01128d3	fcvt.s.wu	f17,x2	  x2:0x00000000 f17=0x00000000
     339925.000 ns	     33991	80006e84	00000013	addi	x0,x0,0	  x0:0x00000000
     339965.000 ns	     33995	80006e88	008fc853	fadd.s	f16,f31,f8	 f31:0x4d1eff90  f8:0x3f800000 f16=0x4d1eff90
     339985.000 ns	     33997	80006e8c	01dce9b3	or	x19,x25,x29	 x25:0x00000000 x29:0xfffffb7a x19=0xfffffb7a
     340005.000 ns	     33999	80006e90	02df6bb3	rem	x23,x30,x13	 x30:0x00000005 x13:0x00000000 x23=0x00000005
     340025.000 ns	     34001	80006e94	99f3f293	andi	x5,x7,-1633	  x7:0x0001fcfc  x5=0x0001f89c
     340385.000 ns	     34037	80006e98	0315ccb3	div	x25,x11,x17	 x11:0xfffffd5d x17:0x80040fe4 x25=0x00000000
     340755.000 ns	     34074	80006e9c	036de933	rem	x18,x27,x22	 x27:0xfffffc81 x22:0x00000001 x18=0x00000000
     340785.000 ns	     34077	80006ea0	e00010d3	fclass.s	x1,f0	  f0:0x00000000  x1=0x00000010
     340815.000 ns	     34080	80006ea4	0271a433	mulhsu	x8,x3,x7	  x3:0x000007b7  x7:0x0001fcfc  x8=0x00000000
     341185.000 ns	     34117	80006ea8	037cebb3	rem	x23,x25,x23	 x25:0x00000000 x23:0x00000005 x23=0x00000000
     341225.000 ns	     34121	80006eac	11b24b53	fmul.s	f22,f4,f27	  f4:0x3f800000 f27:0xcd1eff90 f22=0xcd1eff90
     341245.000 ns	     34123	80006eb0	00b634b3	sltu	x9,x12,x11	 x12:0x00000000 x11:0xfffffd5d  x9=0x00000001
     341265.000 ns	     34125	80006eb4	02b30cb3	mul	x25,x6,x11	  x6:0x8004179d x11:0xfffffd5d x25=0x7535bd09
     341285.000 ns	     34127	80006eb8	41c88233	sub	x4,x17,x28	 x17:0x80040fe4 x28:0x80041024  x4=0xffffffc0
     341305.000 ns	     34129	80006ebc	f00884d3	fmv.w.x	f9,x17	 x17:0x80040fe4  f9=0x80040fe4
     341335.000 ns	     34132	80006ec0	02e18233	mul	x4,x3,x14	  x3:0x000007b7 x14:0x00000000  x4=0x00000000
     341355.000 ns	     34134	80006ec4	006ed513	srli	x10,x29,0x6	 x29:0xfffffb7a x10=0x03ffffed
     341365.000 ns	     34135	80006ec8	0031db13	srli	x22,x3,0x3	  x3:0x000007b7 x22=0x000000f6
     341375.000 ns	     34136	80006ecc	00d05b33	srl	x22,x0,x13	  x0:0x00000000 x13:0x00000000 x22=0x00000000
     341385.000 ns	     34137	80006ed0	0046a3b3	slt	x7,x13,x4	 x13:0x00000000  x4:0x00000000  x7=0x00000000
     341405.000 ns	     34139	80006ed4	202d16d3	fsgnjn.s	f13,f26,f2	 f26:0x1f350483  f2:0x00000000 f13=0x9f350483
     341435.000 ns	     34142	80006ed8	205682d3	fsgnj.s	f5,f13,f5	 f13:0x0000002a  f5:0x4d1eff90  f5=0x1f350483
     341455.000 ns	     34144	80006edc	00a6bcb3	sltu	x25,x13,x10	 x13:0x00000000 x10:0x03ffffed x25=0x00000001
     341465.000 ns	     34145	80006ee0	4013dd33	sra	x26,x7,x1	  x7:0x00000000  x1:0x00000010 x26=0x00000000
     341485.000 ns	     34147	80006ee4	020ef833	remu	x16,x29,x0	 x29:0xfffffb7a  x0:0x00000000 x16=0xfffffb7a
     341515.000 ns	     34150	80006ee8	e0060953	fmv.x.w	x18,f12	 f12:0x00000000 x18=0x00000000
     341535.000 ns	     34152	80006eec	003d5433	srl	x8,x26,x3	 x26:0x00000000  x3:0x000007b7  x8=0x00000000
     341565.000 ns	     34155	80006ef0	10679253	fmul.s	f4,f15,f6	 f15:0x00000000  f6:0xffff78cc  f4=0x7fc00000
     341605.000 ns	     34159	80006ef4	1139f653	fmul.s	f12,f19,f19	 f19:0xf8008204 f19:0xf8008204 f12=0x7f800000
     341625.000 ns	     34161	80006ef8	53012e93	slti	x29,x2,1328	  x2:0x00000000 x29=0x00000001
     341635.000 ns	     34162	80006efc	01fb5c93	srli	x25,x22,0x1f	 x22:0x00000000 x25=0x00000000
     341645.000 ns	     34163	80006f00	409f0db3	sub	x27,x30,x9	 x30:0x00000005  x9:0x00000001 x27=0x00000004
     341665.000 ns	     34165	80006f04	d0167d53	fcvt.s.wu	f26,x12	 x12:0x00000000 f26=0x00000000
     341695.000 ns	     34168	80006f08	28e68e53	fmin.s	f28,f13,f14	 f13:0x9f350483 f14:0x4d1eff90 f28=0x9f350483
     341725.000 ns	     34171	80006f0c	f0018653	fmv.w.x	f12,x3	  x3:0x000007b7 f12=0x000007b7
     341755.000 ns	     34174	80006f10	0343b2b3	mulhu	x5,x7,x20	  x7:0x00000000 x20:0x00000000  x5=0x00000000
     342125.000 ns	     34211	80006f14	03825db3	divu	x27,x4,x24	  x4:0x00000000 x24:0x7fffffff x27=0x00000000
     342155.000 ns	     34214	80006f18	032c7033	remu	x0,x24,x18	 x24:0x7fffffff x18:0x00000000
     342185.000 ns	     34217	80006f1c	039973b3	remu	x7,x18,x25	 x18:0x00000000 x25:0x00000000  x7=0x00000000
     342215.000 ns	     34220	80006f20	02a323b3	mulhsu	x7,x6,x10	  x6:0x8004179d x10:0x03ffffed  x7=0xfe001067
     342245.000 ns	     34223	80006f24	d00b2bd3	fcvt.s.w	f23,x22	 x22:0x00000000 f23=0x00000000
     342275.000 ns	     34226	80006f28	a0e70d53	fle.s	x26,f14,f14	 f14:0x4d1eff90 f14:0x4d1eff90 x26=0x00000001
     342305.000 ns	     34229	80006f2c	03692533	mulhsu	x10,x18,x22	 x18:0x00000000 x22:0x00000000 x10=0x00000000
     342335.000 ns	     34232	80006f30	c014ffd3	fcvt.wu.s	x31,f9	  f9:0x80040fe4 x31=0x00000000
     342365.000 ns	     34235	80006f34	e00e9353	fclass.s	x6,f29	 f29:0x00000000  x6=0x00000010
     342395.000 ns	     34238	80006f38	202fa353	fsgnjx.s	f6,f31,f2	 f31:0x4d1eff90  f2:0x00000000  f6=0x4d1eff90
     342425.000 ns	     34241	80006f3c	a0cba753	feq.s	x14,f23,f12	 f23:0x00000000 f12:0x000007b7 x14=0x00000000
     342445.000 ns	     34243	80006f40	32990093	addi	x1,x18,809	 x18:0x00000000  x1=0x00000329
     342455.000 ns	     34244	80006f44	001487b3	add	x15,x9,x1	  x9:0x00000001  x1:0x00000010 x15=0x0000032a
     342475.000 ns	     34246	80006f48	20720e53	fsgnj.s	f28,f4,f7	  f4:0x7fc00000  f7:0x4d1eff90 f28=0x7fc00000
     342495.000 ns	     34248	80006f4c	40795b33	sra	x22,x18,x7	 x18:0x00000000  x7:0xfe001067 x22=0x00000000
     342505.000 ns	     34249	80006f50	005f5b93	srli	x23,x30,0x5	 x30:0x00000005 x23=0x00000000
     342525.000 ns	     34251	80006f54	e00193d3	fclass.s	x7,f3	  f3:0x7fc00000  x7=0x00000200
     342545.000 ns	     34253	80006f58	af293613	sltiu	x12,x18,-1294	 x18:0x00000000 x12=0x00000001
     342565.000 ns	     34255	80006f5c	201cabd3	fsgnjx.s	f23,f25,f1	 f25:0xc3600000  f1:0x00000000 f23=0xc3600000
     342585.000 ns	     34257	80006f60	009fafb3	slt	x31,x31,x9	 x31:0x00000000  x9:0x00000001 x31=0x00000001
     342605.000 ns	     34259	80006f64	03412db3	mulhsu	x27,x2,x20	  x2:0x00000000 x20:0x00000000 x27=0x00000000
     342625.000 ns	     34261	80006f68	98615cb7	lui	x25,0x98615	 x25=0x98615000
     342645.000 ns	     34263	80006f6c	03675ab3	divu	x21,x14,x22	 x14:0x00000000 x22:0x00000000 x21=0xffffffff
     342675.000 ns	     34266	80006f70	0224ea33	rem	x20,x9,x2	  x9:0x00000001  x2:0x00000000 x20=0x00000001
     342705.000 ns	     34269	80006f74	29a395d3	fmax.s	f11,f7,f26	  f7:0x4d1eff90 f26:0x00000000 f11=0x4d1eff90
     342725.000 ns	     34271	80006f78	41b15733	sra	x14,x2,x27	  x2:0x00000000 x27:0x00000000 x14=0x00000000
     342735.000 ns	     34272	80006f7c	00000013	addi	x0,x0,0	  x0:0x00000000
     342775.000 ns	     34276	80006f80	01e794d3	fadd.s	f9,f15,f30	 f15:0x00000000 f30:0x3f800000  f9=0x3f800000
     342805.000 ns	     34279	80006f84	037ee7b3	rem	x15,x29,x23	 x29:0x00000001 x23:0x00000000 x15=0x00000001
     342835.000 ns	     34282	80006f88	037289b3	mul	x19,x5,x23	  x5:0x00000000 x23:0x00000000 x19=0x00000000
     342865.000 ns	     34285	80006f8c	03df0033	mul	x0,x30,x29	 x30:0x00000005 x29:0x00000001
     342895.000 ns	     34288	80006f90	283a87d3	fmin.s	f15,f21,f3	 f21:0x47009f73  f3:0x7fc00000 f15=0x47009f73
     342925.000 ns	     34291	80006f94	037d1833	mulh	x16,x26,x23	 x26:0x00000001 x23:0x00000000 x16=0x00000000
     342945.000 ns	     34293	80006f98	b935cd93	xori	x27,x11,-1133	 x11:0xfffffd5d x27=0x000006ce
     342965.000 ns	     34295	80006f9c	03031533	mulh	x10,x6,x16	  x6:0x00000010 x16:0x00000000 x10=0x00000000
     342995.000 ns	     34298	80006fa0	a1c28253	fle.s	x4,f5,f28	  f5:0x1f350483 f28:0x7fc00000  x4=0x00000000
     343025.000 ns	     34301	80006fa4	e0088bd3	fmv.x.w	x23,f17	 f17:0x00000000 x23=0x00000000
     343395.000 ns	     34338	80006fa8	02f06933	rem	x18,x0,x15	  x0:0x00000000 x15:0x00000001 x18=0x00000000
     343425.000 ns	     34341	80006fac	c0012553	fcvt.w.s	x10,f2	  f2:0x00000000 x10=0x00000000
     343455.000 ns	     34344	80006fb0	02a04ab3	div	x21,x0,x10	  x0:0x00000000 x10:0x00000000 x21=0xffffffff
     343485.000 ns	     34347	80006fb4	a0d08fd3	fle.s	x31,f1,f13	  f1:0x00000000 f13:0x9f350483 x31=0x00000000
     343515.000 ns	     34350	80006fb8	03c22b33	mulhsu	x22,x4,x28	  x4:0x00000000 x28:0x80041024 x22=0x00000000
     343545.000 ns	     34353	80006fbc	a11086d3	fle.s	x13,f1,f17	  f1:0x00000000 f17:0x00000000 x13=0x00000001
     343565.000 ns	     34355	80006fc0	d0723393	sltiu	x7,x4,-761	  x4:0x00000000  x7=0x00000001
     343585.000 ns	     34357	80006fc4	03750eb3	mul	x29,x10,x23	 x10:0x00000000 x23:0x00000000 x29=0x00000000
     343605.000 ns	     34359	80006fc8	01499733	sll	x14,x19,x20	 x19:0x00000000 x20:0x00000001 x14=0x00000000
     343615.000 ns	     34360	80006fcc	1e2f4393	xori	x7,x30,482	 x30:0x00000005  x7=0x000001e7
     343635.000 ns	     34362	80006fd0	29de93d3	fmax.s	f7,f29,f29	 f29:0x00000000 f29:0x00000000  f7=0x00000000
     343665.000 ns	     34365	80006fd4	299d9153	fmax.s	f2,f27,f25	 f27:0xcd1eff90 f25:0xc3600000  f2=0xc3600000
     343695.000 ns	     34368	80006fd8	202e04d3	fsgnj.s	f9,f28,f2	 f28:0x7fc00000  f2:0x00000000  f9=0xffc00000
     343725.000 ns	     34371	80006fdc	03db79b3	remu	x19,x22,x29	 x22:0x00000000 x29:0x00000000 x19=0x00000000
     343745.000 ns	     34373	80006fe0	410756b3	sra	x13,x14,x16	 x14:0x00000000 x16:0x00000000 x13=0x00000000
     344915.000 ns	     34490	80006fe4	580c7f53	fsqrt.s	f30,f24	 f24:0x4d1eff90 f30=0x45e0daf4
     344945.000 ns	     34493	80006fe8	038731b3	mulhu	x3,x14,x24	 x14:0x00000000 x24:0x7fffffff  x3=0x00000000
     344975.000 ns	     34496	80006fec	e00b0a53	fmv.x.w	x20,f22	 f22:0xcd1eff90 x20=0xcd1eff90
     345005.000 ns	     34499	80006ff0	e00515d3	fclass.s	x11,f10	 f10:0x80000000 x11=0x00000008
     345035.000 ns	     34502	80006ff4	02458133	mul	x2,x11,x4	 x11:0xfffffd5d  x4:0x00000000  x2=0x00000000
     345405.000 ns	     34539	80006ff8	02f65c33	divu	x24,x12,x15	 x12:0x00000001 x15:0x00000001 x24=0x00000001
     345425.000 ns	     34541	80006ffc	00bce2b3	or	x5,x25,x11	 x25:0x98615000 x11:0x00000008  x5=0x98615008
     345435.000 ns	     34542	80007000	0019d293	srli	x5,x19,0x1	 x19:0x00000000  x5=0x00000000
     345445.000 ns	     34543	80007004	01d81db3	sll	x27,x16,x29	 x16:0x00000000 x29:0x00000000 x27=0x00000000
     345455.000 ns	     34544	80007008	e4d3a293	slti	x5,x7,-435	  x7:0x000001e7  x5=0x00000000
     345465.000 ns	     34545	8000700c	001c6c33	or	x24,x24,x1	 x24:0x00000001  x1:0x00000329 x24=0x00000329
     345475.000 ns	     34546	80007010	d2be2593	slti	x11,x28,-725	 x28:0x80041024 x11=0x00000001
     345495.000 ns	     34548	80007014	29f599d3	fmax.s	f19,f11,f31	 f11:0x4d1eff90 f31:0x4d1eff90 f19=0x4d1eff90
     345865.000 ns	     34585	80007018	0315c333	div	x6,x11,x17	 x11:0x00000008 x17:0x80040fe4  x6=0x00000000
     345885.000 ns	     34587	8000701c	41ee8533	sub	x10,x29,x30	 x29:0x00000000 x30:0x00000005 x10=0xfffffffb
     345905.000 ns	     34589	80007020	21a00fd3	fsgnj.s	f31,f0,f26	  f0:0x00000000 f26:0x00000000 f31=0x00000000
     345935.000 ns	     34592	80007024	e00d0bd3	fmv.x.w	x23,f26	 f26:0x00000000 x23=0x00000000
     345955.000 ns	     34594	80007028	01b59d33	sll	x26,x11,x27	 x11:0x00000001 x27:0x00000000 x26=0x00000001
     345975.000 ns	     34596	8000702c	03b48d33	mul	x26,x9,x27	  x9:0x00000001 x27:0x00000000 x26=0x00000000
     345995.000 ns	     34598	80007030	00000013	addi	x0,x0,0	  x0:0x00000000
     347165.000 ns	     34715	80007034	58037dd3	fsqrt.s	f27,f6	  f6:0x4d1eff90 f27=0x45e0daf4
     347185.000 ns	     34717	80007038	418dd413	srai	x8,x27,0x18	 x27:0x00000000  x8=0x00000000
     347205.000 ns	     34719	8000703c	d00e8d53	fcvt.s.w	f26,x29	 x29:0x00000000 f26=0x00000000
     347235.000 ns	     34722	80007040	e0081153	fclass.s	x2,f16	 f16:0x4d1eff90  x2=0x00000040
     347255.000 ns	     34724	80007044	402cd513	srai	x10,x25,0x2	 x25:0x98615000 x10=0xe6185400
     347275.000 ns	     34726	80007048	e00a90d3	fclass.s	x1,f21	 f21:0x47009f73  x1=0x00000040
     347305.000 ns	     34729	8000704c	c017f0d3	fcvt.wu.s	x1,f15	 f15:0x47009f73  x1=0x0000809f
     348485.000 ns	     34847	80007050	580ab653	fsqrt.s	f12,f21	 f21:0x47009f73 f12=0x42b5e600
     348515.000 ns	     34850	80007054	c00c2ad3	fcvt.w.s	x21,f24	 f24:0x4d1eff90 x21=0x09eff900
     348545.000 ns	     34853	80007058	e0090fd3	fmv.x.w	x31,f18	 f18:0x47350461 x31=0x47350461
     348565.000 ns	     34855	8000705c	f85d3413	sltiu	x8,x26,-123	 x26:0x00000000  x8=0x00000001
     348925.000 ns	     34891	80007060	038cefb3	rem	x31,x25,x24	 x25:0x98615000 x24:0x00000329 x31=0xffffff53
     348955.000 ns	     34894	80007064	02ac3633	mulhu	x12,x24,x10	 x24:0x00000329 x10:0xe6185400 x12=0x000002d7
     348985.000 ns	     34897	80007068	024afd33	remu	x26,x21,x4	 x21:0x09eff900  x4:0x00000000 x26=0x09eff900
     349015.000 ns	     34900	8000706c	202393d3	fsgnjn.s	f7,f7,f2	  f7:0x00000000  f2:0xc3600000  f7=0x00000000
     349055.000 ns	     34904	80007070	11b27253	fmul.s	f4,f4,f27	  f4:0x7fc00000 f27:0x45e0daf4  f4=0x7fc00000
     349085.000 ns	     34907	80007074	c01ac953	fcvt.wu.s	x18,f21	 f21:0x47009f73 x18=0x0000809f
     349125.000 ns	     34911	80007078	184d7cd3	fdiv.s	f25,f26,f4	 f26:0x00000000  f4:0x7fc00000 f25=0x7fc00000
     349155.000 ns	     34914	8000707c	c0167fd3	fcvt.wu.s	x31,f12	 f12:0x42b5e600 x31=0x0000005a
     349185.000 ns	     34917	80007080	d0171053	fcvt.s.wu	f0,x14	 x14:0x00000000  f0=0x00000000
     349235.000 ns	     34922	80007084	00b17253	fadd.s	f4,f2,f11	  f2:0xc3600000 f11:0x4d1eff90  f4=0x4d1eff82
     349265.000 ns	     34925	80007088	e00d9fd3	fclass.s	x31,f27	 f27:0x45e0daf4 x31=0x00000040
     349295.000 ns	     34928	8000708c	d01cf353	fcvt.s.wu	f6,x25	 x25:0x98615000  f6=0x4f186150
     349325.000 ns	     34931	80007090	208496d3	fsgnjn.s	f13,f9,f8	  f9:0xffc00000  f8:0x3f800000 f13=0xffc00000
     349345.000 ns	     34933	80007094	0128c1b3	xor	x3,x17,x18	 x17:0x80040fe4 x18:0x0000809f  x3=0x80048f7b
     349365.000 ns	     34935	80007098	e00b04d3	fmv.x.w	x9,f22	 f22:0xcd1eff90  x9=0xcd1eff90
     349385.000 ns	     34937	8000709c	40acdb33	sra	x22,x25,x10	 x25:0x98615000 x10:0xe6185400 x22=0x98615000
     349405.000 ns	     34939	800070a0	024cf533	remu	x10,x25,x4	 x25:0x98615000  x4:0x00000000 x10=0x98615000
     349425.000 ns	     34941	800070a4	00000013	addi	x0,x0,0	  x0:0x00000000
     349445.000 ns	     34943	800070a8	2010a7d3	fsgnjx.s	f15,f1,f1	  f1:0x00000000  f1:0x00000000 f15=0x00000000
     349475.000 ns	     34946	800070ac	c009b253	fcvt.w.s	x4,f19	 f19:0x4d1eff90  x4=0x09eff900
     349515.000 ns	     34950	800070b0	11177053	fmul.s	f0,f14,f17	 f14:0x4d1eff90 f17:0x00000000  f0=0x00000000
     349885.000 ns	     34987	800070b4	0361cd33	div	x26,x3,x22	  x3:0x80048f7b x22:0x98615000 x26=0x00000001
     349905.000 ns	     34989	800070b8	003fd413	srli	x8,x31,0x3	 x31:0x00000040  x8=0x00000008
     349925.000 ns	     34991	800070bc	213821d3	fsgnjx.s	f3,f16,f19	 f16:0x4d1eff90 f19:0x4d1eff90  f3=0x4d1eff90
     349945.000 ns	     34993	800070c0	0028b5b3	sltu	x11,x17,x2	 x17:0x80040fe4  x2:0x00000040 x11=0x00000000
     349955.000 ns	     34994	800070c4	00af1913	slli	x18,x30,0xa	 x30:0x00000005 x18=0x00001400
     349975.000 ns	     34996	800070c8	214405d3	fsgnj.s	f11,f8,f20	  f8:0x3f800000 f20:0x00000000 f11=0x3f800000
     350005.000 ns	     34999	800070cc	a10d91d3	flt.s	x3,f27,f16	 f27:0x45e0daf4 f16:0x4d1eff90  x3=0x00000001
     350035.000 ns	     35002	800070d0	21552f53	fsgnjx.s	f30,f10,f21	 f10:0x80000000 f21:0x47009f73 f30=0x80000000
     350055.000 ns	     35004	800070d4	fee4cd13	xori	x26,x9,-18	  x9:0xcd1eff90 x26=0x32e1007e
     350075.000 ns	     35006	800070d8	030c55b3	divu	x11,x24,x16	 x24:0x00000329 x16:0x00000000 x11=0xffffffff
     350095.000 ns	     35008	800070dc	92d24793	xori	x15,x4,-1747	  x4:0x09eff900 x15=0xf610002d
     350115.000 ns	     35010	800070e0	02e3c5b3	div	x11,x7,x14	  x7:0x000001e7 x14:0x00000000 x11=0xffffffff
     350165.000 ns	     35015	800070e4	017acf53	fadd.s	f30,f21,f23	 f21:0x47009f73 f23:0xc3600000 f30=0x46ff7ee6
     350185.000 ns	     35017	800070e8	41fe5513	srai	x10,x28,0x1f	 x28:0x80041024 x10=0xffffffff
     350205.000 ns	     35019	800070ec	d007f253	fcvt.s.w	f4,x15	 x15:0xf610002d  f4=0xcd1efffd
     350225.000 ns	     35021	800070f0	18d8cc37	lui	x24,0x18d8c	 x24=0x18d8c000
     350265.000 ns	     35025	800070f4	08fc42d3	fsub.s	f5,f24,f15	 f24:0x4d1eff90 f15:0x00000000  f5=0x4d1eff90
     350295.000 ns	     35028	800070f8	a1f299d3	flt.s	x19,f5,f31	  f5:0x1f350483 f31:0x00000000 x19=0x00000000
     350315.000 ns	     35030	800070fc	40c8d713	srai	x14,x17,0xc	 x17:0x80040fe4 x14=0xfff80040
     350325.000 ns	     35031	80007100	d86b2093	slti	x1,x22,-634	 x22:0x98615000  x1=0x00000001
     350345.000 ns	     35033	80007104	288c9e53	fmax.s	f28,f25,f8	 f25:0x7fc00000  f8:0x3f800000 f28=0x3f800000
     351525.000 ns	     35151	80007108	5805f753	fsqrt.s	f14,f11	 f11:0x3f800000 f14=0x3f7fffae
     351545.000 ns	     35153	8000710c	00f8f033	and	x0,x17,x15	 x17:0x80040fe4 x15:0xf610002d
     351555.000 ns	     35154	80007110	0072c333	xor	x6,x5,x7	  x5:0x00000000  x7:0x000001e7  x6=0x000001e7
     351565.000 ns	     35155	80007114	95c13493	sltiu	x9,x2,-1700	  x2:0x00000040  x9=0x00000001
     351575.000 ns	     35156	80007118	4169d093	srai	x1,x19,0x16	 x19:0x00000000  x1=0x00000000
     351595.000 ns	     35158	8000711c	f0078253	fmv.w.x	f4,x15	 x15:0xf610002d  f4=0xf610002d
     351615.000 ns	     35160	80007120	00479713	slli	x14,x15,0x4	 x15:0xf610002d x14=0x610002d0
     351625.000 ns	     35161	80007124	00716133	or	x2,x2,x7	  x2:0x00000040  x7:0x000001e7  x2=0x000001e7
     351665.000 ns	     35165	80007128	003f3153	fadd.s	f2,f30,f3	 f30:0x46ff7ee6  f3:0x4d1eff90  f2=0x4d1f078c
     351685.000 ns	     35167	8000712c	01555993	srli	x19,x10,0x15	 x10:0xffffffff x19=0x000007ff
     351705.000 ns	     35169	80007130	035c82b3	mul	x5,x25,x21	 x25:0x98615000 x21:0x09eff900  x5=0x56d00000
     351735.000 ns	     35172	80007134	28b786d3	fmin.s	f13,f15,f11	 f15:0x00000000 f11:0x3f800000 f13=0x00000000
     351755.000 ns	     35174	80007138	016dd6b3	srl	x13,x27,x22	 x27:0x00000000 x22:0x98615000 x13=0x00000000
     351765.000 ns	     35175	8000713c	00000013	addi	x0,x0,0	  x0:0x00000000
     351785.000 ns	     35177	80007140	d01b91d3	fcvt.s.wu	f3,x23	 x23:0x00000000  f3=0x00000000
     351805.000 ns	     35179	80007144	08cfe413	ori	x8,x31,140	 x31:0x00000040  x8=0x000000cc
     351815.000 ns	     35180	80007148	03096cb7	lui	x25,0x3096	 x25=0x03096000
     351835.000 ns	     35182	8000714c	03872bb3	mulhsu	x23,x14,x24	 x14:0x610002d0 x24:0x18d8c000 x23=0x096a2105
     351855.000 ns	     35184	80007150	0000adb3	slt	x27,x1,x0	  x1:0x00000000  x0:0x00000000 x27=0x00000000
     351875.000 ns	     35186	80007154	a0978ed3	fle.s	x29,f15,f9	 f15:0x00000000  f9:0xffc00000 x29=0x00000000
     351905.000 ns	     35189	80007158	e0099fd3	fclass.s	x31,f19	 f19:0x4d1eff90 x31=0x00000040
     351935.000 ns	     35192	8000715c	a0050ed3	fle.s	x29,f10,f0	 f10:0x80000000  f0:0x00000000 x29=0x00000001
     351975.000 ns	     35196	80007160	185530d3	fdiv.s	f1,f10,f5	 f10:0x80000000  f5:0x4d1eff90  f1=0x80000000
     352025.000 ns	     35201	80007164	091a93d3	fsub.s	f7,f21,f17	 f21:0x47009f73 f17:0x00000000  f7=0x47009f73
     352055.000 ns	     35204	80007168	a1bb0b53	fle.s	x22,f22,f27	 f22:0xcd1eff90 f27:0x45e0daf4 x22=0x00000001
     352075.000 ns	     35206	8000716c	595c6a13	ori	x20,x24,1429	 x24:0x18d8c000 x20=0x18d8c595
     352085.000 ns	     35207	80007170	fa5d0413	addi	x8,x26,-91	 x26:0x32e1007e  x8=0x32e10023
     352095.000 ns	     35208	80007174	a59dab13	slti	x22,x27,-1447	 x27:0x00000000 x22=0x00000000
     352105.000 ns	     35209	80007178	52b4e813	ori	x16,x9,1323	  x9:0x00000001 x16=0x0000052b
     352115.000 ns	     35210	8000717c	409b5a93	srai	x21,x22,0x9	 x22:0x00000001 x21=0x00000000
     352135.000 ns	     35212	80007180	d0029c53	fcvt.s.w	f24,x5	  x5:0x56d00000 f24=0x4eada000
     352165.000 ns	     35215	80007184	20260153	fsgnj.s	f2,f12,f2	 f12:0x42b5e600  f2:0x4d1f078c  f2=0x42b5e600
     352195.000 ns	     35218	80007188	202f0fd3	fsgnj.s	f31,f30,f2	 f30:0x46ff7ee6  f2:0x4d1f078c f31=0x46ff7ee6
     352225.000 ns	     35221	8000718c	21dd84d3	fsgnj.s	f9,f27,f29	 f27:0x45e0daf4 f29:0x00000000  f9=0x45e0daf4
     352245.000 ns	     35223	80007190	d1b08393	addi	x7,x1,-741	  x1:0x00000000  x7=0xfffffd1b
     352255.000 ns	     35224	80007194	00000013	addi	x0,x0,0	  x0:0x00000000
     352265.000 ns	     35225	80007198	401a5eb3	sra	x29,x20,x1	 x20:0x18d8c595  x1:0x00000000 x29=0x18d8c595
     352625.000 ns	     35261	8000719c	03a34533	div	x10,x6,x26	  x6:0x000001e7 x26:0x32e1007e x10=0x00000000
     352655.000 ns	     35264	800071a0	a1542fd3	feq.s	x31,f8,f21	  f8:0x3f800000 f21:0x47009f73 x31=0x00000000
     352685.000 ns	     35267	800071a4	d000fe53	fcvt.s.w	f28,x1	  x1:0x00000000 f28=0x00000000
     352705.000 ns	     35269	800071a8	9edec793	xori	x15,x29,-1555	 x29:0x18d8c595 x15=0xe7273c78
     352715.000 ns	     35270	800071ac	f1eea093	slti	x1,x29,-226	 x29:0x18d8c595  x1=0x00000000
     352735.000 ns	     35272	800071b0	206b06d3	fsgnj.s	f13,f22,f6	 f22:0xcd1eff90  f6:0x4f186150 f13=0x4d1eff90
     352765.000 ns	     35275	800071b4	a0d82bd3	feq.s	x23,f16,f13	 f16:0x4d1eff90 f13:0x00000000 x23=0x00000001
     352795.000 ns	     35278	800071b8	023215b3	mulh	x11,x4,x3	  x4:0x09eff900  x3:0x00000001 x11=0x00000000
     352825.000 ns	     35281	800071bc	028512b3	mulh	x5,x10,x8	 x10:0x00000000  x8:0x32e10023  x5=0x00000000
     352845.000 ns	     35283	800071c0	2f10e413	ori	x8,x1,753	  x1:0x00000000  x8=0x000002f1
     352885.000 ns	     35287	800071c4	08deac53	fsub.s	f24,f29,f13	 f29:0x00000000 f13:0x4d1eff90 f24=0xcd1eff90
     354065.000 ns	     35405	800071c8	580831d3	fsqrt.s	f3,f16	 f16:0x4d1eff90  f3=0x45e0daf4
     354095.000 ns	     35408	800071cc	293c9b53	fmax.s	f22,f25,f19	 f25:0x7fc00000 f19:0x4d1eff90 f22=0x4d1eff90
     354125.000 ns	     35411	800071d0	e00f06d3	fmv.x.w	x13,f30	 f30:0x46ff7ee6 x13=0x46ff7ee6
     354145.000 ns	     35413	800071d4	0199b5b3	sltu	x11,x19,x25	 x19:0x000007ff x25:0x03096000 x11=0x00000001
     354155.000 ns	     35414	800071d8	01b2ea33	or	x20,x5,x27	  x5:0x00000000 x27:0x00000000 x20=0x00000000
     354485.000 ns	     35447	800071dc	18b9f2d3	fdiv.s	f5,f19,f11	 f19:0x4d1eff90 f11:0x3f800000  f5=0x4d1eff14
     354515.000 ns	     35450	800071e0	a0460ad3	fle.s	x21,f12,f4	 f12:0x42b5e600  f4:0xf610002d x21=0x00000000
     354535.000 ns	     35452	800071e4	40e05d33	sra	x26,x0,x14	  x0:0x00000000 x14:0x610002d0 x26=0x00000000
     354555.000 ns	     35454	800071e8	036a4c33	div	x24,x20,x22	 x20:0x00000000 x22:0x00000000 x24=0xffffffff
     354595.000 ns	     35458	800071ec	18e51653	fdiv.s	f12,f10,f14	 f10:0x80000000 f14:0x3f7fffae f12=0x80000000
     354625.000 ns	     35461	800071f0	e0080753	fmv.x.w	x14,f16	 f16:0x4d1eff90 x14=0x4d1eff90
     354645.000 ns	     35463	800071f4	561fb313	sltiu	x6,x31,1377	 x31:0x00000000  x6=0x00000001
     354665.000 ns	     35465	800071f8	28ed10d3	fmax.s	f1,f26,f14	 f26:0x00000000 f14:0x3f7fffae  f1=0x3f7fffae
     354705.000 ns	     35469	800071fc	1120a0d3	fmul.s	f1,f1,f18	  f1:0x80000000 f18:0x47350461  f1=0x47350427
     354735.000 ns	     35472	80007200	297288d3	fmin.s	f17,f5,f23	  f5:0x4d1eff14 f23:0xc3600000 f17=0xc3600000
     354765.000 ns	     35475	80007204	e0069fd3	fclass.s	x31,f13	 f13:0x4d1eff90 x31=0x00000040
     354795.000 ns	     35478	80007208	e00917d3	fclass.s	x15,f18	 f18:0x47350461 x15=0x00000040
     354815.000 ns	     35480	8000720c	00000013	addi	x0,x0,0	  x0:0x00000000
     354825.000 ns	     35481	80007210	00cf3a13	sltiu	x20,x30,12	 x30:0x00000005 x20=0x00000001
     354845.000 ns	     35483	80007214	208911d3	fsgnjn.s	f3,f18,f8	 f18:0x47350461  f8:0x3f800000  f3=0xc7350461
     354875.000 ns	     35486	80007218	03901b33	mulh	x22,x0,x25	  x0:0x00000000 x25:0x03096000 x22=0x00000000
     354905.000 ns	     35489	8000721c	039f0033	mul	x0,x30,x25	 x30:0x00000005 x25:0x03096000
     354925.000 ns	     35491	80007220	41e55433	sra	x8,x10,x30	 x10:0x00000000 x30:0x00000005  x8=0x00000000
     354935.000 ns	     35492	80007224	41c909b3	sub	x19,x18,x28	 x18:0x00001400 x28:0x80041024 x19=0x7ffc03dc
     354955.000 ns	     35494	80007228	20022b53	fsgnjx.s	f22,f4,f0	  f4:0xf610002d  f0:0x00000000 f22=0xf610002d
     354975.000 ns	     35496	8000722c	01f62cb3	slt	x25,x12,x31	 x12:0x000002d7 x31:0x00000040 x25=0x00000000
     354995.000 ns	     35498	80007230	e00d9fd3	fclass.s	x31,f27	 f27:0x45e0daf4 x31=0x00000040
     355025.000 ns	     35501	80007234	d012f6d3	fcvt.s.wu	f13,x5	  x5:0x00000000 f13=0x00000000
     355055.000 ns	     35504	80007238	c019fcd3	fcvt.wu.s	x25,f19	 f19:0x4d1eff90 x25=0x09eff900
     355085.000 ns	     35507	8000723c	033bb9b3	mulhu	x19,x23,x19	 x23:0x00000001 x19:0x7ffc03dc x19=0x00000000
     355115.000 ns	     35510	80007240	038f3fb3	mulhu	x31,x30,x24	 x30:0x00000005 x24:0xffffffff x31=0x00000004
     355145.000 ns	     35513	80007244	e00100d3	fmv.x.w	x1,f2	  f2:0x42b5e600  x1=0x42b5e600
     355165.000 ns	     35515	80007248	4006d313	srai	x6,x13,0x0	 x13:0x46ff7ee6  x6=0x46ff7ee6
     355175.000 ns	     35516	8000724c	00b11593	slli	x11,x2,0xb	  x2:0x000001e7 x11=0x000f3800
     355535.000 ns	     35552	80007250	02f96533	rem	x10,x18,x15	 x18:0x00001400 x15:0x00000040 x10=0x00000000
     355565.000 ns	     35555	80007254	211b9353	fsgnjn.s	f6,f23,f17	 f23:0xc3600000 f17:0xc3600000  f6=0x43600000
     355585.000 ns	     35557	80007258	01780333	add	x6,x16,x23	 x16:0x0000052b x23:0x00000001  x6=0x0000052c
     355605.000 ns	     35559	8000725c	c004bbd3	fcvt.w.s	x23,f9	  f9:0x45e0daf4 x23=0x00001c1c
     355625.000 ns	     35561	80007260	001dac33	slt	x24,x27,x1	 x27:0x00000000  x1:0x42b5e600 x24=0x00000001
     355635.000 ns	     35562	80007264	01a82db3	slt	x27,x16,x26	 x16:0x0000052b x26:0x00000000 x27=0x00000000
     355655.000 ns	     35564	80007268	20ef9a53	fsgnjn.s	f20,f31,f14	 f31:0x46ff7ee6 f14:0x3f7fffae f20=0xc6ff7ee6
     355675.000 ns	     35566	8000726c	97767017	auipc	x0,0x97767	
     355695.000 ns	     35568	80007270	28b803d3	fmin.s	f7,f16,f11	 f16:0x4d1eff90 f11:0x3f800000  f7=0x3f800000
     355715.000 ns	     35570	80007274	ae4a8093	addi	x1,x21,-1308	 x21:0x00000000  x1=0xfffffae4
     355735.000 ns	     35572	80007278	f0058253	fmv.w.x	f4,x11	 x11:0x000f3800  f4=0x000f3800
     355755.000 ns	     35574	8000727c	ec0e7913	andi	x18,x28,-320	 x28:0x80041024 x18=0x80041000
     355765.000 ns	     35575	80007280	00efc6b3	xor	x13,x31,x14	 x31:0x00000004 x14:0x4d1eff90 x13=0x4d1eff94
     356125.000 ns	     35611	80007284	02d5fd33	remu	x26,x11,x13	 x11:0x000f3800 x13:0x46ff7ee6 x26=0x000f3800
     356495.000 ns	     35648	80007288	027a7d33	remu	x26,x20,x7	 x20:0x00000001  x7:0xfffffd1b x26=0x00000001
     356515.000 ns	     35650	8000728c	01ad5fb3	srl	x31,x26,x26	 x26:0x000f3800 x26:0x000f3800 x31=0x00000000
     356535.000 ns	     35652	80007290	c0124cd3	fcvt.wu.s	x25,f4	  f4:0x000f3800 x25=0x00000000
     356565.000 ns	     35655	80007294	02a11733	mulh	x14,x2,x10	  x2:0x000001e7 x10:0x00000000 x14=0x00000000
     356595.000 ns	     35658	80007298	03732db3	mulhsu	x27,x6,x23	  x6:0x0000052c x23:0x00001c1c x27=0x00000000
     356615.000 ns	     35660	8000729c	96bc3617	auipc	x12,0x96bc3	 x12=0x16bca29c
     356635.000 ns	     35662	800072a0	0287c233	div	x4,x15,x8	 x15:0x00000040  x8:0x00000000  x4=0xffffffff
     357005.000 ns	     35699	800072a4	022ad833	divu	x16,x21,x2	 x21:0x00000000  x2:0x000001e7 x16=0x00000000
     357035.000 ns	     35702	800072a8	f00082d3	fmv.w.x	f5,x1	  x1:0xfffffae4  f5=0xfffffae4
     357055.000 ns	     35704	800072ac	00000013	addi	x0,x0,0	  x0:0x00000000
     357065.000 ns	     35705	800072b0	01ae0233	add	x4,x28,x26	 x28:0x80041024 x26:0x00000001  x4=0x80041025
     357075.000 ns	     35706	800072b4	01465cb3	srl	x25,x12,x20	 x12:0x16bca29c x20:0x00000001 x25=0x0b5e514e
     357095.000 ns	     35708	800072b8	03b77633	remu	x12,x14,x27	 x14:0x00000000 x27:0x00000000 x12=0x00000000
     357125.000 ns	     35711	800072bc	e00793d3	fclass.s	x7,f15	 f15:0x00000000  x7=0x00000010
     357175.000 ns	     35716	800072c0	08a3a5d3	fsub.s	f11,f7,f10	  f7:0x3f800000 f10:0x80000000 f11=0x3f800000
     357205.000 ns	     35719	800072c4	28bb8fd3	fmin.s	f31,f23,f11	 f23:0xc3600000 f11:0x3f800000 f31=0xc3600000
     357235.000 ns	     35722	800072c8	c0038953	fcvt.w.s	x18,f7	  f7:0x3f800000 x18=0x00000001
     357265.000 ns	     35725	800072cc	e00912d3	fclass.s	x5,f18	 f18:0x47350461  x5=0x00000040
     357635.000 ns	     35762	800072d0	02435bb3	divu	x23,x6,x4	  x6:0x0000052c  x4:0x80041025 x23=0x00000000
     357665.000 ns	     35765	800072d4	20cc8153	fsgnj.s	f2,f25,f12	 f25:0x7fc00000 f12:0x80000000  f2=0xffc00000
     357695.000 ns	     35768	800072d8	20238f53	fsgnj.s	f30,f7,f2	  f7:0x3f800000  f2:0x42b5e600 f30=0xbf800000
     358065.000 ns	     35805	800072dc	02f95b33	divu	x22,x18,x15	 x18:0x00000001 x15:0x00000040 x22=0x00000000
     358435.000 ns	     35842	800072e0	0260d133	divu	x2,x1,x6	  x1:0xfffffae4  x6:0x0000052c  x2=0x00317f9c
     358455.000 ns	     35844	800072e4	0680e093	ori	x1,x1,104	  x1:0xfffffae4  x1=0xfffffaec
     358465.000 ns	     35845	800072e8	00a5d333	srl	x6,x11,x10	 x11:0x000f3800 x10:0x00000000  x6=0x000f3800
     358475.000 ns	     35846	800072ec	018c8d33	add	x26,x25,x24	 x25:0x0b5e514e x24:0x00000001 x26=0x0b5e514f
     358495.000 ns	     35848	800072f0	283f04d3	fmin.s	f9,f30,f3	 f30:0xbf800000  f3:0xc7350461  f9=0xc7350461
     358515.000 ns	     35850	800072f4	012bf233	and	x4,x23,x18	 x23:0x00000000 x18:0x00000001  x4=0x00000000
     358525.000 ns	     35851	800072f8	012d4ab3	xor	x21,x26,x18	 x26:0x0b5e514f x18:0x00000001 x21=0x0b5e514e
     358885.000 ns	     35887	800072fc	03c9ed33	rem	x26,x19,x28	 x19:0x00000000 x28:0x80041024 x26=0x00000000
     358915.000 ns	     35890	80007300	e00f1153	fclass.s	x2,f30	 f30:0xbf800000  x2=0x00000002
     358965.000 ns	     35895	80007304	00f10053	fadd.s	f0,f2,f15	  f2:0xffc00000 f15:0x00000000  f0=0x7fc00000
     358995.000 ns	     35898	80007308	02462eb3	mulhsu	x29,x12,x4	 x12:0x00000000  x4:0x00000000 x29=0x00000000
     359035.000 ns	     35902	8000730c	5806bfd3	fsqrt.s	f31,f13	 f13:0x00000000 f31=0x00000000
     359055.000 ns	     35904	80007310	eceefeb7	lui	x29,0xeceef	 x29=0xeceef000
     359075.000 ns	     35906	80007314	213b2dd3	fsgnjx.s	f27,f22,f19	 f22:0xf610002d f19:0x4d1eff90 f27=0xf610002d
     360175.000 ns	     36016	80007318	580ab453	fsqrt.s	f8,f21	 f21:0x47009f73  f8=0x42b5e600
     360195.000 ns	     36018	8000731c	b8e5ed37	lui	x26,0xb8e5e	 x26=0xb8e5e000
     360225.000 ns	     36021	80007320	186e3ed3	fdiv.s	f29,f28,f6	 f28:0x00000000  f6:0x43600000 f29=0x00000000
     360255.000 ns	     36024	80007324	0239a9b3	mulhsu	x19,x19,x3	 x19:0x00000000  x3:0x00000001 x19=0x00000000
     360595.000 ns	     36058	80007328	19381bd3	fdiv.s	f23,f16,f19	 f16:0x4d1eff90 f19:0x4d1eff90 f23=0x3f1eff90
     360625.000 ns	     36061	8000732c	03779b33	mulh	x22,x15,x23	 x15:0x00000040 x23:0x00000000 x22=0x00000000
     360655.000 ns	     36064	80007330	e00519d3	fclass.s	x19,f10	 f10:0x80000000 x19=0x00000008
     360685.000 ns	     36067	80007334	c0197753	fcvt.wu.s	x14,f18	 f18:0x47350461 x14=0x0000b504
     360705.000 ns	     36069	80007338	09b94a93	xori	x21,x18,155	 x18:0x00000001 x21=0x0000009a
     360745.000 ns	     36073	8000733c	0922f3d3	fsub.s	f7,f5,f18	  f5:0xfffffae4 f18:0x47350461  f7=0x7fc00000
     360775.000 ns	     36076	80007340	a18ea553	feq.s	x10,f29,f24	 f29:0x00000000 f24:0xcd1eff90 x10=0x00000000
     360805.000 ns	     36079	80007344	03b557b3	divu	x15,x10,x27	 x10:0x00000000 x27:0x00000000 x15=0xffffffff
     360835.000 ns	     36082	80007348	02389b33	mulh	x22,x17,x3	 x17:0x80040fe4  x3:0x00000001 x22=0xffffffff
     360865.000 ns	     36085	8000734c	028dd533	divu	x10,x27,x8	 x27:0x00000000  x8:0x00000000 x10=0xffffffff
     360885.000 ns	     36087	80007350	001435b3	sltu	x11,x8,x1	  x8:0x00000000  x1:0xfffffaec x11=0x00000001
     360895.000 ns	     36088	80007354	00000013	addi	x0,x0,0	  x0:0x00000000
     362065.000 ns	     36205	80007358	5809fd53	fsqrt.s	f26,f19	 f19:0x4d1eff90 f26=0x45e0daf4
     362085.000 ns	     36207	8000735c	015b1293	slli	x5,x22,0x15	 x22:0xffffffff  x5=0xffe00000
     362095.000 ns	     36208	80007360	01405113	srli	x2,x0,0x14	  x0:0x00000000  x2=0x00000000
     362455.000 ns	     36244	80007364	02ac7eb3	remu	x29,x24,x10	 x24:0x00000001 x10:0xffffffff x29=0x00000001
     362475.000 ns	     36246	80007368	0146f0b3	and	x1,x13,x20	 x13:0x4d1eff94 x20:0x00000001  x1=0x00000000
     362485.000 ns	     36247	8000736c	0055ab33	slt	x22,x11,x5	 x11:0x00000001  x5:0xffe00000 x22=0x00000000
     362495.000 ns	     36248	80007370	00935113	srli	x2,x6,0x9	  x6:0x000f3800  x2=0x0000079c
     362515.000 ns	     36250	80007374	020297b3	mulh	x15,x5,x0	  x5:0xffe00000  x0:0x00000000 x15=0x00000000
     362535.000 ns	     36252	80007378	00000013	addi	x0,x0,0	  x0:0x00000000
     362565.000 ns	     36255	8000737c	19cd7653	fdiv.s	f12,f26,f28	 f26:0x45e0daf4 f28:0x00000000 f12=0x7f800000
     362595.000 ns	     36258	80007380	e0068ed3	fmv.x.w	x29,f13	 f13:0x00000000 x29=0x00000000
     362625.000 ns	     36261	80007384	c01e7453	fcvt.wu.s	x8,f28	 f28:0x00000000  x8=0x00000000
     362655.000 ns	     36264	80007388	02a236b3	mulhu	x13,x4,x10	  x4:0x00000000 x10:0xffffffff x13=0x00000000
     362685.000 ns	     36267	8000738c	290e0ad3	fmin.s	f21,f28,f16	 f28:0x00000000 f16:0x4d1eff90 f21=0x00000000
     363055.000 ns	     36304	80007390	03a2d433	divu	x8,x5,x26	  x5:0xffe00000 x26:0xb8e5e000  x8=0x00000001
     363085.000 ns	     36307	80007394	03c99db3	mulh	x27,x19,x28	 x19:0x00000008 x28:0x80041024 x27=0xfffffffc
     363115.000 ns	     36310	80007398	d014cd53	fcvt.s.wu	f26,x9	  x9:0x00000001 f26=0x3f800000
     363135.000 ns	     36312	8000739c	33bfec13	ori	x24,x31,827	 x31:0x00000000 x24=0x0000033b
     363155.000 ns	     36314	800073a0	03978333	mul	x6,x15,x25	 x15:0x00000000 x25:0x0b5e514e  x6=0x00000000
     363175.000 ns	     36316	800073a4	29e24713	xori	x14,x4,670	  x4:0x00000000 x14=0x0000029e
     363185.000 ns	     36317	800073a8	00261833	sll	x16,x12,x2	 x12:0x00000000  x2:0x0000079c x16=0x00000000
     363195.000 ns	     36318	800073ac	4155d5b3	sra	x11,x11,x21	 x11:0x00000001 x21:0x0000009a x11=0x00000000
     363215.000 ns	     36320	800073b0	a0d61453	flt.s	x8,f12,f13	 f12:0x7f800000 f13:0x00000000  x8=0x00000000
     363585.000 ns	     36357	800073b4	02e8d3b3	divu	x7,x17,x14	 x17:0x80040fe4 x14:0x0000029e  x7=0x0030e9dc
     363605.000 ns	     36359	800073b8	51604b13	xori	x22,x0,1302	  x0:0x00000000 x22=0x00000516
     363625.000 ns	     36361	800073bc	e00e8853	fmv.x.w	x16,f29	 f29:0x00000000 x16=0x00000000
     363655.000 ns	     36364	800073c0	a1a41a53	flt.s	x20,f8,f26	  f8:0x42b5e600 f26:0x3f800000 x20=0x00000000
     364025.000 ns	     36401	800073c4	02377333	remu	x6,x14,x3	 x14:0x0000029e  x3:0x00000001  x6=0x00000000
     364045.000 ns	     36403	800073c8	00130833	add	x16,x6,x1	  x6:0x00000000  x1:0x00000000 x16=0x00000000
     364055.000 ns	     36404	800073cc	21788813	addi	x16,x17,535	 x17:0x80040fe4 x16=0x800411fb
     364415.000 ns	     36440	800073d0	029a7033	remu	x0,x20,x9	 x20:0x00000000  x9:0x00000001
     364445.000 ns	     36443	800073d4	d0117fd3	fcvt.s.wu	f31,x2	  x2:0x0000079c f31=0x44f38000
     364475.000 ns	     36446	800073d8	020182b3	mul	x5,x3,x0	  x3:0x00000001  x0:0x00000000  x5=0x00000000
     364495.000 ns	     36448	800073dc	9ad1ad13	slti	x26,x3,-1619	  x3:0x00000001 x26=0x00000000
     364505.000 ns	     36449	800073e0	74c60813	addi	x16,x12,1868	 x12:0x00000000 x16=0x0000074c
     364515.000 ns	     36450	800073e4	3d00f313	andi	x6,x1,976	  x1:0x00000000  x6=0x00000000
     364525.000 ns	     36451	800073e8	01f031b3	sltu	x3,x0,x31	  x0:0x00000000 x31:0x00000000  x3=0x00000000
     364545.000 ns	     36453	800073ec	026fd433	divu	x8,x31,x6	 x31:0x00000000  x6:0x00000000  x8=0xffffffff
     364575.000 ns	     36456	800073f0	02b295b3	mulh	x11,x5,x11	  x5:0x00000000 x11:0x00000000 x11=0x00000000
     364605.000 ns	     36459	800073f4	020519b3	mulh	x19,x10,x0	 x10:0xffffffff  x0:0x00000000 x19=0x00000000
     364655.000 ns	     36464	800073f8	09d7fa53	fsub.s	f20,f15,f29	 f15:0x00000000 f29:0x00000000 f20=0x80000000
     364675.000 ns	     36466	800073fc	016c4a33	xor	x20,x24,x22	 x24:0x0000033b x22:0x00000516 x20=0x0000062d
     364685.000 ns	     36467	80007400	946c0613	addi	x12,x24,-1722	 x24:0x0000033b x12=0xfffffc81
     364695.000 ns	     36468	80007404	00473933	sltu	x18,x14,x4	 x14:0x0000029e  x4:0x00000000 x18=0x00000000
     364715.000 ns	     36470	80007408	20562bd3	fsgnjx.s	f23,f12,f5	 f12:0x7f800000  f5:0xfffffae4 f23=0xff800000
     364735.000 ns	     36472	8000740c	d749fc13	andi	x24,x19,-652	 x19:0x00000000 x24=0x00000000
     364755.000 ns	     36474	80007410	0323d033	divu	x0,x7,x18	  x7:0x0030e9dc x18:0x00000000
     364785.000 ns	     36477	80007414	e0048053	fmv.x.w	x0,f9	  f9:0xc7350461
     364805.000 ns	     36479	80007418	00c139b3	sltu	x19,x2,x12	  x2:0x0000079c x12:0xfffffc81 x19=0x00000001
     364825.000 ns	     36481	8000741c	287e0853	fmin.s	f16,f28,f7	 f28:0x00000000  f7:0x7fc00000 f16=0x00000000
     364845.000 ns	     36483	80007420	017c5713	srli	x14,x24,0x17	 x24:0x00000000 x14=0x00000000
     364855.000 ns	     36484	80007424	d4aef293	andi	x5,x29,-694	 x29:0x00000000  x5=0x00000000
     364865.000 ns	     36485	80007428	000bd793	srli	x15,x23,0x0	 x23:0x00000000 x15=0x00000000
     364875.000 ns	     36486	8000742c	017660b3	or	x1,x12,x23	 x12:0xfffffc81 x23:0x00000000  x1=0xfffffc81
     364895.000 ns	     36488	80007430	a1c22c53	feq.s	x24,f4,f28	  f4:0x000f3800 f28:0x00000000 x24=0x00000000
     364915.000 ns	     36490	80007434	0011e033	or	x0,x3,x1	  x3:0x00000000  x1:0x00000000
     364935.000 ns	     36492	80007438	02bdc3b3	div	x7,x27,x11	 x27:0xfffffffc x11:0x00000000  x7=0xffffffff
     364955.000 ns	     36494	8000743c	0086b233	sltu	x4,x13,x8	 x13:0x00000000  x8:0xffffffff  x4=0x00000001
     364975.000 ns	     36496	80007440	284f8153	fmin.s	f2,f31,f4	 f31:0x44f38000  f4:0x000f3800  f2=0x000f3800
     365005.000 ns	     36499	80007444	c0077dd3	fcvt.w.s	x27,f14	 f14:0x3f7fffae x27=0x00000000
     365375.000 ns	     36536	80007448	031b69b3	rem	x19,x22,x17	 x22:0x00000516 x17:0x80040fe4 x19=0x00000516
     365405.000 ns	     36539	8000744c	206c24d3	fsgnjx.s	f9,f24,f6	 f24:0xcd1eff90  f6:0x43600000  f9=0xcd1eff90
     365435.000 ns	     36542	80007450	e00c87d3	fmv.x.w	x15,f25	 f25:0x7fc00000 x15=0x7fc00000
     365465.000 ns	     36545	80007454	205a13d3	fsgnjn.s	f7,f20,f5	 f20:0x80000000  f5:0xfffffae4  f7=0x00000000
     365485.000 ns	     36547	80007458	01f4b833	sltu	x16,x9,x31	  x9:0x00000001 x31:0x00000000 x16=0x00000000
     365495.000 ns	     36548	8000745c	017bac33	slt	x24,x23,x23	 x23:0x00000000 x23:0x00000000 x24=0x00000000
     365505.000 ns	     36549	80007460	00000013	addi	x0,x0,0	  x0:0x00000000
     365525.000 ns	     36551	80007464	d013fbd3	fcvt.s.wu	f23,x7	  x7:0xffffffff f23=0x4f7fffff
     365555.000 ns	     36554	80007468	a0d793d3	flt.s	x7,f15,f13	 f15:0x00000000 f13:0x00000000  x7=0x00000000
     365585.000 ns	     36557	8000746c	03bab433	mulhu	x8,x21,x27	 x21:0x0000009a x27:0x00000000  x8=0x00000000
     365605.000 ns	     36559	80007470	00bac033	xor	x0,x21,x11	 x21:0x0000009a x11:0x00000000
     365625.000 ns	     36561	80007474	a1252053	feq.s	x0,f10,f18	 f10:0x80000000 f18:0x47350461
     365655.000 ns	     36564	80007478	a0262dd3	feq.s	x27,f12,f2	 f12:0x7f800000  f2:0x000f3800 x27=0x00000000
     365685.000 ns	     36567	8000747c	20e1a453	fsgnjx.s	f8,f3,f14	  f3:0xc7350461 f14:0x3f7fffae  f8=0xc7350461
     365715.000 ns	     36570	80007480	028eb2b3	mulhu	x5,x29,x8	 x29:0x00000000  x8:0x00000000  x5=0x00000000
     365735.000 ns	     36572	80007484	01f05a93	srli	x21,x0,0x1f	  x0:0x00000000 x21=0x00000000
     365755.000 ns	     36574	80007488	e00a1453	fclass.s	x8,f20	 f20:0x80000000  x8=0x00000008
     365795.000 ns	     36578	8000748c	18cdff53	fdiv.s	f30,f27,f12	 f27:0xf610002d f12:0x7f800000 f30=0x80000000
     365825.000 ns	     36581	80007490	288694d3	fmax.s	f9,f13,f8	 f13:0x00000000  f8:0xc7350461  f9=0x00000000
     365855.000 ns	     36584	80007494	a1ed9b53	flt.s	x22,f27,f30	 f27:0xf610002d f30:0x80000000 x22=0x00000001
     365885.000 ns	     36587	80007498	d0074853	fcvt.s.w	f16,x14	 x14:0x00000000 f16=0x00000000
     365905.000 ns	     36589	8000749c	f890beb7	lui	x29,0xf890b	 x29=0xf890b000
     365935.000 ns	     36592	800074a0	11679f53	fmul.s	f30,f15,f22	 f15:0x00000000 f22:0xf610002d f30=0x80000000
     365955.000 ns	     36594	800074a4	bf604113	xori	x2,x0,-1034	  x0:0x00000000  x2=0xfffffbf6
     365965.000 ns	     36595	800074a8	f8e95197	auipc	x3,0xf8e95	  x3=0x78e9c4a8
     365975.000 ns	     36596	800074ac	01191e93	slli	x29,x18,0x11	 x18:0x00000000 x29=0x00000000
     365985.000 ns	     36597	800074b0	00c146b3	xor	x13,x2,x12	  x2:0xfffffbf6 x12:0xfffffc81 x13=0x00000777
     366005.000 ns	     36599	800074b4	a17b1cd3	flt.s	x25,f22,f23	 f22:0xf610002d f23:0x4f7fffff x25=0x00000001
     366025.000 ns	     36601	800074b8	dc0c7113	andi	x2,x24,-576	 x24:0x00000000  x2=0x00000000
     366035.000 ns	     36602	800074bc	6e46b193	sltiu	x3,x13,1764	 x13:0x00000777  x3=0x00000000
     366055.000 ns	     36604	800074c0	e0018853	fmv.x.w	x16,f3	  f3:0xc7350461 x16=0xc7350461
     366085.000 ns	     36607	800074c4	20d62953	fsgnjx.s	f18,f12,f13	 f12:0x7f800000 f13:0x00000000 f18=0x7f800000
     366135.000 ns	     36612	800074c8	099dc053	fsub.s	f0,f27,f25	 f27:0xf610002d f25:0x7fc00000  f0=0x7fc00000
     366155.000 ns	     36614	800074cc	c29cb0b7	lui	x1,0xc29cb	  x1=0xc29cb000
     366165.000 ns	     36615	800074d0	00e60a33	add	x20,x12,x14	 x12:0xfffffc81 x14:0x00000000 x20=0xfffffc81
     366175.000 ns	     36616	800074d4	015b3fb3	sltu	x31,x22,x21	 x22:0x00000001 x21:0x00000000 x31=0x00000000
     366195.000 ns	     36618	800074d8	e00c1c53	fclass.s	x24,f24	 f24:0xcd1eff90 x24=0x00000002
     366225.000 ns	     36621	800074dc	03da1cb3	mulh	x25,x20,x29	 x20:0xfffffc81 x29:0x00000000 x25=0x00000000
     366245.000 ns	     36623	800074e0	bab0db17	auipc	x22,0xbab0d	 x22=0x3ab144e0
     366265.000 ns	     36625	800074e4	c00c7bd3	fcvt.w.s	x23,f24	 f24:0xcd1eff90 x23=0x09eff900
     366295.000 ns	     36628	800074e8	03dc33b3	mulhu	x7,x24,x29	 x24:0x00000002 x29:0x00000000  x7=0x00000000
     366315.000 ns	     36630	800074ec	40518db3	sub	x27,x3,x5	  x3:0x00000000  x5:0x00000000 x27=0x00000000
     366335.000 ns	     36632	800074f0	f00308d3	fmv.w.x	f17,x6	  x6:0x00000000 f17=0x00000000
     366355.000 ns	     36634	800074f4	00000013	addi	x0,x0,0	  x0:0x00000000
     366375.000 ns	     36636	800074f8	e0029ad3	fclass.s	x21,f5	  f5:0xfffffae4 x21=0x00000200
     366395.000 ns	     36638	800074fc	00c44133	xor	x2,x8,x12	  x8:0x00000008 x12:0xfffffc81  x2=0xfffffc89
     366405.000 ns	     36639	80007500	01165c93	srli	x25,x12,0x11	 x12:0xfffffc81 x25=0x00007fff
     366415.000 ns	     36640	80007504	011596b3	sll	x13,x11,x17	 x11:0x00000000 x17:0x80040fe4 x13=0x00000000
     366425.000 ns	     36641	80007508	ca8aa613	slti	x12,x21,-856	 x21:0x00000200 x12=0x00000000
     366445.000 ns	     36643	8000750c	28598f53	fmin.s	f30,f19,f5	 f19:0x4d1eff90  f5:0xfffffae4 f30=0x4d1eff90
     366465.000 ns	     36645	80007510	4022d913	srai	x18,x5,0x2	  x5:0x00000000 x18=0x00000000
     366475.000 ns	     36646	80007514	41cc03b3	sub	x7,x24,x28	 x24:0x00000002 x28:0x80041024  x7=0x7ffbefde
     366485.000 ns	     36647	80007518	df2ff713	andi	x14,x31,-526	 x31:0x00000000 x14=0x00000000
     366505.000 ns	     36649	8000751c	299407d3	fmin.s	f15,f8,f25	  f8:0xc7350461 f25:0x7fc00000 f15=0xc7350461
     366535.000 ns	     36652	80007520	03040c33	mul	x24,x8,x16	  x8:0x00000008 x16:0xc7350461 x24=0x39a82308
     366555.000 ns	     36654	80007524	40a00c33	sub	x24,x0,x10	  x0:0x00000000 x10:0xffffffff x24=0x00000001
     366565.000 ns	     36655	80007528	01c2aeb3	slt	x29,x5,x28	  x5:0x00000000 x28:0x80041024 x29=0x00000000
     366575.000 ns	     36656	8000752c	40e1dc33	sra	x24,x3,x14	  x3:0x00000000 x14:0x00000000 x24=0x00000000
     366615.000 ns	     36660	80007530	08de7cd3	fsub.s	f25,f28,f13	 f28:0x00000000 f13:0x00000000 f25=0x80000000
     366635.000 ns	     36662	80007534	01f862b3	or	x5,x16,x31	 x16:0xc7350461 x31:0x00000000  x5=0xc7350461
     366645.000 ns	     36663	80007538	3d35c1b7	lui	x3,0x3d35c	  x3=0x3d35c000
     366665.000 ns	     36665	8000753c	02febbb3	mulhu	x23,x29,x15	 x29:0x00000000 x15:0x7fc00000 x23=0x00000000
     366685.000 ns	     36667	80007540	001a52b3	srl	x5,x20,x1	 x20:0xfffffc81  x1:0xc29cb000  x5=0xfffffc81
     366695.000 ns	     36668	80007544	009d2eb3	slt	x29,x26,x9	 x26:0x00000000  x9:0x00000001 x29=0x00000001
     366715.000 ns	     36670	80007548	20c52e53	fsgnjx.s	f28,f10,f12	 f10:0x80000000 f12:0x7f800000 f28=0x80000000
     367055.000 ns	     36704	8000754c	18241f53	fdiv.s	f30,f8,f2	  f8:0xc7350461  f2:0x000f3800 f30=0xff800000
     367085.000 ns	     36707	80007550	c00f1153	fcvt.w.s	x2,f30	 f30:0x4d1eff90  x2=0x80000000
     367115.000 ns	     36710	80007554	a1ec03d3	fle.s	x7,f24,f30	 f24:0xcd1eff90 f30:0xff800000  x7=0x00000000
     367145.000 ns	     36713	80007558	a09b2753	feq.s	x14,f22,f9	 f22:0xf610002d  f9:0x00000000 x14=0x00000000
     367175.000 ns	     36716	8000755c	038cb833	mulhu	x16,x25,x24	 x25:0x00007fff x24:0x00000000 x16=0x00000000
     367545.000 ns	     36753	80007560	03dbdcb3	divu	x25,x23,x29	 x23:0x00000000 x29:0x00000001 x25=0x00000000
     367565.000 ns	     36755	80007564	60377013	andi	x0,x14,1539	 x14:0x00000000
     367575.000 ns	     36756	80007568	e23bbd93	sltiu	x27,x23,-477	 x23:0x00000000 x27=0x00000001
     367615.000 ns	     36760	8000756c	09aefc53	fsub.s	f24,f29,f26	 f29:0x00000000 f26:0x3f800000 f24=0xbf800000
     367645.000 ns	     36763	80007570	28d89753	fmax.s	f14,f17,f13	 f17:0x00000000 f13:0x00000000 f14=0x00000000
     367675.000 ns	     36766	80007574	021fb833	mulhu	x16,x31,x1	 x31:0x00000000  x1:0xc29cb000 x16=0x00000000
     367695.000 ns	     36768	80007578	010acfb3	xor	x31,x21,x16	 x21:0x00000200 x16:0x00000000 x31=0x00000200
     367715.000 ns	     36770	8000757c	a1722253	feq.s	x4,f4,f23	  f4:0x000f3800 f23:0x4f7fffff  x4=0x00000000
     367735.000 ns	     36772	80007580	40565093	srai	x1,x12,0x5	 x12:0x00000000  x1=0x00000000
     367755.000 ns	     36774	80007584	20a58f53	fsgnj.s	f30,f11,f10	 f11:0x3f800000 f10:0x80000000 f30=0xbf800000
     367785.000 ns	     36777	80007588	03bc3d33	mulhu	x26,x24,x27	 x24:0x00000000 x27:0x00000001 x26=0x00000000
     367825.000 ns	     36781	8000758c	580ecb53	fsqrt.s	f22,f29	 f29:0x00000000 f22=0x00000000
     367845.000 ns	     36783	80007590	01aa83b3	add	x7,x21,x26	 x21:0x00000200 x26:0x00000000  x7=0x00000200
     367855.000 ns	     36784	80007594	864c6713	ori	x14,x24,-1948	 x24:0x00000000 x14=0xfffff864
     367865.000 ns	     36785	80007598	419907b3	sub	x15,x18,x25	 x18:0x00000000 x25:0x00000000 x15=0x00000000
     367885.000 ns	     36787	8000759c	03afec33	rem	x24,x31,x26	 x31:0x00000200 x26:0x00000000 x24=0x00000200
     367925.000 ns	     36791	800075a0	19cbf3d3	fdiv.s	f7,f23,f28	 f23:0x4f7fffff f28:0x80000000  f7=0xff800000
     367945.000 ns	     36793	800075a4	00e5bd33	sltu	x26,x11,x14	 x11:0x00000000 x14:0xfffff864 x26=0x00000001
     367965.000 ns	     36795	800075a8	e00c1653	fclass.s	x12,f24	 f24:0xbf800000 x12=0x00000002
     367995.000 ns	     36798	800075ac	036d3833	mulhu	x16,x26,x22	 x26:0x00000000 x22:0x3ab144e0 x16=0x00000000
     368015.000 ns	     36800	800075b0	00d144b3	xor	x9,x2,x13	  x2:0x80000000 x13:0x00000000  x9=0x80000000
     368025.000 ns	     36801	800075b4	5735c113	xori	x2,x11,1395	 x11:0x00000000  x2=0x00000573
     368385.000 ns	     36837	800075b8	03d46233	rem	x4,x8,x29	  x8:0x00000008 x29:0x00000001  x4=0x00000000
     368405.000 ns	     36839	800075bc	40bc5d93	srai	x27,x24,0xb	 x24:0x00000200 x27=0x00000000
     368415.000 ns	     36840	800075c0	114b7513	andi	x10,x22,276	 x22:0x3ab144e0 x10=0x00000000
     368435.000 ns	     36842	800075c4	20822053	fsgnjx.s	f0,f4,f8	  f4:0x000f3800  f8:0xc7350461  f0=0x800f3800
     368455.000 ns	     36844	800075c8	40ae0fb3	sub	x31,x28,x10	 x28:0x80041024 x10:0xffffffff x31=0x80041024
     368465.000 ns	     36845	800075cc	4caa3493	sltiu	x9,x20,1226	 x20:0xfffffc81  x9=0x00000000
     368475.000 ns	     36846	800075d0	418f5513	srai	x10,x30,0x18	 x30:0x00000005 x10=0x00000000
     368495.000 ns	     36848	800075d4	c01d75d3	fcvt.wu.s	x11,f26	 f26:0x3f800000 x11=0x00000001
     368865.000 ns	     36885	800075d8	03154d33	div	x26,x10,x17	 x10:0x00000000 x17:0x80040fe4 x26=0x00000000
     368895.000 ns	     36888	800075dc	a0590a53	fle.s	x20,f18,f5	 f18:0x7f800000  f5:0xfffffae4 x20=0x00000000
     369265.000 ns	     36925	800075e0	02ecc1b3	div	x3,x25,x14	 x25:0x00000000 x14:0xfffff864  x3=0x00000000
     369285.000 ns	     36927	800075e4	003eecb3	or	x25,x29,x3	 x29:0x00000001  x3:0x3d35c000 x25=0x00000001
     369305.000 ns	     36929	800075e8	201a8653	fsgnj.s	f12,f21,f1	 f21:0x00000000  f1:0x47350427 f12=0x00000000
     369325.000 ns	     36931	800075ec	01520c33	add	x24,x4,x21	  x4:0x00000000 x21:0x00000200 x24=0x00000200
     369345.000 ns	     36933	800075f0	21661cd3	fsgnjn.s	f25,f12,f22	 f12:0x00000000 f22:0x00000000 f25=0x80000000
     369385.000 ns	     36937	800075f4	117ea7d3	fmul.s	f15,f29,f23	 f29:0x00000000 f23:0x4f7fffff f15=0x00000000
     369425.000 ns	     36941	800075f8	18b675d3	fdiv.s	f11,f12,f11	 f12:0x00000000 f11:0x3f800000 f11=0x00000000
     369455.000 ns	     36944	800075fc	d0057653	fcvt.s.w	f12,x10	 x10:0x00000000 f12=0x00000000
     369825.000 ns	     36981	80007600	0356fa33	remu	x20,x13,x21	 x13:0x00000000 x21:0x00000200 x20=0x00000000
     369855.000 ns	     36984	80007604	a057a6d3	feq.s	x13,f15,f5	 f15:0x00000000  f5:0xfffffae4 x13=0x00000000
     369885.000 ns	     36987	80007608	026f6633	rem	x12,x30,x6	 x30:0x00000005  x6:0x00000000 x12=0x00000005
     369915.000 ns	     36990	8000760c	205b02d3	fsgnj.s	f5,f22,f5	 f22:0x00000000  f5:0xfffffae4  f5=0x80000000
     369945.000 ns	     36993	80007610	21522253	fsgnjx.s	f4,f4,f21	  f4:0x000f3800 f21:0x00000000  f4=0x000f3800
     369965.000 ns	     36995	80007614	de5ec093	xori	x1,x29,-539	 x29:0x00000001  x1=0xfffffde4
     369975.000 ns	     36996	80007618	0062a5b3	slt	x11,x5,x6	  x5:0xfffffc81  x6:0x00000000 x11=0x00000001
     369995.000 ns	     36998	8000761c	f0048b53	fmv.w.x	f22,x9	  x9:0x00000000 f22=0x00000000
     370015.000 ns	     37000	80007620	01642433	slt	x8,x8,x22	  x8:0x00000008 x22:0x3ab144e0  x8=0x00000001
     370025.000 ns	     37001	80007624	00000013	addi	x0,x0,0	  x0:0x00000000
     370035.000 ns	     37002	80007628	003869b3	or	x19,x16,x3	 x16:0x00000000  x3:0x00000000 x19=0x00000000
     370065.000 ns	     37005	8000762c	19e77b53	fdiv.s	f22,f14,f30	 f14:0x00000000 f30:0xbf800000 f22=0x80000000
     370085.000 ns	     37007	80007630	407e8db3	sub	x27,x29,x7	 x29:0x00000001  x7:0x00000200 x27=0xfffffe01
     370105.000 ns	     37009	80007634	285f8a53	fmin.s	f20,f31,f5	 f31:0x44f38000  f5:0x80000000 f20=0x80000000
     370155.000 ns	     37014	80007638	09d1f953	fsub.s	f18,f3,f29	  f3:0xc7350461 f29:0x00000000 f18=0xc7350461
     370175.000 ns	     37016	8000763c	ddafab13	slti	x22,x31,-550	 x31:0x80041024 x22=0x00000001
     370195.000 ns	     37018	80007640	d00efd53	fcvt.s.w	f26,x29	 x29:0x00000001 f26=0x3f800000
     370215.000 ns	     37020	80007644	f3661717	auipc	x14,0xf3661	 x14=0x73668644
     370255.000 ns	     37024	80007648	004cfed3	fadd.s	f29,f25,f4	 f25:0x80000000  f4:0x000f3800 f29=0x000f3800
     370275.000 ns	     37026	8000764c	415e0db3	sub	x27,x28,x21	 x28:0x80041024 x21:0x00000200 x27=0x80040e24
     370295.000 ns	     37028	80007650	024a9cb3	mulh	x25,x21,x4	 x21:0x00000200  x4:0x00000000 x25=0x00000000
     370325.000 ns	     37031	80007654	a1b0a953	feq.s	x18,f1,f27	  f1:0x47350427 f27:0xf610002d x18=0x00000000
     370355.000 ns	     37034	80007658	a1471953	flt.s	x18,f14,f20	 f14:0x00000000 f20:0x80000000 x18=0x00000000
     370385.000 ns	     37037	8000765c	0239ba33	mulhu	x20,x19,x3	 x19:0x00000000  x3:0x00000000 x20=0x00000000
     370415.000 ns	     37040	80007660	0299fc33	remu	x24,x19,x9	 x19:0x00000000  x9:0x00000000 x24=0x00000000
     370445.000 ns	     37043	80007664	a1902353	feq.s	x6,f0,f25	  f0:0x800f3800 f25:0x80000000  x6=0x00000000
     370475.000 ns	     37046	80007668	02aff3b3	remu	x7,x31,x10	 x31:0x80041024 x10:0x00000000  x7=0x80041024
     370505.000 ns	     37049	8000766c	0224adb3	mulhsu	x27,x9,x2	  x9:0x00000000  x2:0x00000573 x27=0x00000000
     370525.000 ns	     37051	80007670	01d429b3	slt	x19,x8,x29	  x8:0x00000001 x29:0x00000001 x19=0x00000000
     370545.000 ns	     37053	80007674	21a004d3	fsgnj.s	f9,f0,f26	  f0:0x800f3800 f26:0x3f800000  f9=0x000f3800
     370565.000 ns	     37055	80007678	0031b3b3	sltu	x7,x3,x3	  x3:0x00000000  x3:0x00000000  x7=0x00000000
     370585.000 ns	     37057	8000767c	e00e9153	fclass.s	x2,f29	 f29:0x000f3800  x2=0x00000020
     370615.000 ns	     37060	80007680	a1e380d3	fle.s	x1,f7,f30	  f7:0xff800000 f30:0xbf800000  x1=0x00000001
     370645.000 ns	     37063	80007684	03020533	mul	x10,x4,x16	  x4:0x00000000 x16:0x00000000 x10=0x00000000
     370675.000 ns	     37066	80007688	20188753	fsgnj.s	f14,f17,f1	 f17:0x00000000  f1:0x47350427 f14=0x00000000
     370705.000 ns	     37069	8000768c	a1d095d3	flt.s	x11,f1,f29	  f1:0x47350427 f29:0x000f3800 x11=0x00000000
     370725.000 ns	     37071	80007690	01a81913	slli	x18,x16,0x1a	 x16:0x00000000 x18=0x00000000
     370745.000 ns	     37073	80007694	f00e8cd3	fmv.w.x	f25,x29	 x29:0x00000001 f25=0x00000001
     370765.000 ns	     37075	80007698	005ef0b3	and	x1,x29,x5	 x29:0x00000001  x5:0xfffffc81  x1=0x00000001
     370775.000 ns	     37076	8000769c	00000013	addi	x0,x0,0	  x0:0x00000000
     370785.000 ns	     37077	800076a0	002cfc33	and	x24,x25,x2	 x25:0x00000000  x2:0x00000020 x24=0x00000000
     370795.000 ns	     37078	800076a4	40a3d213	srai	x4,x7,0xa	  x7:0x00000000  x4=0x00000000
     370815.000 ns	     37080	800076a8	038097b3	mulh	x15,x1,x24	  x1:0x00000001 x24:0x00000000 x15=0x00000000
     370845.000 ns	     37083	800076ac	032aeeb3	rem	x29,x21,x18	 x21:0x00000200 x18:0x00000000 x29=0x00000200
     371215.000 ns	     37120	800076b0	035bc033	div	x0,x23,x21	 x23:0x00000000 x21:0x00000200
     371245.000 ns	     37123	800076b4	029da433	mulhsu	x8,x27,x9	 x27:0x00000000  x9:0x00000000  x8=0x00000000
     371265.000 ns	     37125	800076b8	015aac33	slt	x24,x21,x21	 x21:0x00000200 x21:0x00000200 x24=0x00000000
     372435.000 ns	     37242	800076bc	58023dd3	fsqrt.s	f27,f4	  f4:0x000f3800 f27=0x1f4a8a18
     372455.000 ns	     37244	800076c0	09eb2113	slti	x2,x22,158	 x22:0x00000001  x2=0x00000001
     372785.000 ns	     37277	800076c4	182331d3	fdiv.s	f3,f6,f2	  f6:0x43600000  f2:0x000f3800  f3=0x7f800000
     372805.000 ns	     37279	800076c8	01ec77b3	and	x15,x24,x30	 x24:0x00000000 x30:0x00000005 x15=0x00000000
     372825.000 ns	     37281	800076cc	20269c53	fsgnjn.s	f24,f13,f2	 f13:0x00000000  f2:0x000f3800 f24=0x80000000
     372855.000 ns	     37284	800076d0	02952533	mulhsu	x10,x10,x9	 x10:0x00000000  x9:0x00000000 x10=0x00000000
     372885.000 ns	     37287	800076d4	020a9cb3	mulh	x25,x21,x0	 x21:0x00000200  x0:0x00000000 x25=0x00000000
     372915.000 ns	     37290	800076d8	219dab53	fsgnjx.s	f22,f27,f25	 f27:0x1f4a8a18 f25:0x00000001 f22=0x1f4a8a18
     372935.000 ns	     37292	800076dc	00753133	sltu	x2,x10,x7	 x10:0x00000000  x7:0x00000000  x2=0x00000000
     372955.000 ns	     37294	800076e0	f00781d3	fmv.w.x	f3,x15	 x15:0x00000000  f3=0x00000000
     372975.000 ns	     37296	800076e4	01712733	slt	x14,x2,x23	  x2:0x00000001 x23:0x00000000 x14=0x00000000
     372995.000 ns	     37298	800076e8	03fe24b3	mulhsu	x9,x28,x31	 x28:0x80041024 x31:0x80041024  x9=0xc0000010
     373015.000 ns	     37300	800076ec	4058d013	srai	x0,x17,0x5	 x17:0x80040fe4
     373025.000 ns	     37301	800076f0	01515633	srl	x12,x2,x21	  x2:0x00000000 x21:0x00000200 x12=0x00000000
     373045.000 ns	     37303	800076f4	e00d9d53	fclass.s	x26,f27	 f27:0x1f4a8a18 x26=0x00000040
     373065.000 ns	     37305	800076f8	003f5193	srli	x3,x30,0x3	 x30:0x00000005  x3=0x00000000
     373085.000 ns	     37307	800076fc	d01e8dd3	fcvt.s.wu	f27,x29	 x29:0x00000200 f27=0x44000000
     373105.000 ns	     37309	80007700	00e51993	slli	x19,x10,0xe	 x10:0x00000000 x19=0x00000000
     373145.000 ns	     37313	80007704	01cf7153	fadd.s	f2,f30,f28	 f30:0xbf800000 f28:0x80000000  f2=0xbf800000
     373165.000 ns	     37315	80007708	1668f2b7	lui	x5,0x1668f	  x5=0x1668f000
     373185.000 ns	     37317	8000770c	a01c8ad3	fle.s	x21,f25,f1	 f25:0x00000001  f1:0x47350427 x21=0x00000001
     373205.000 ns	     37319	80007710	00301b93	slli	x23,x0,0x3	  x0:0x00000000 x23=0x00000000
     373225.000 ns	     37321	80007714	02b5cbb3	div	x23,x11,x11	 x11:0x00000000 x11:0x00000000 x23=0xffffffff
     373245.000 ns	     37323	80007718	006f9833	sll	x16,x31,x6	 x31:0x80041024  x6:0x00000000 x16=0x80041024
     373255.000 ns	     37324	8000771c	0b2f3813	sltiu	x16,x30,178	 x30:0x00000005 x16=0x00000001
     373275.000 ns	     37326	80007720	a10b2ed3	feq.s	x29,f22,f16	 f22:0x1f4a8a18 f16:0x00000000 x29=0x00000000
     373305.000 ns	     37329	80007724	0242e833	rem	x16,x5,x4	  x5:0x1668f000  x4:0x00000000 x16=0x1668f000
     373335.000 ns	     37332	80007728	03428fb3	mul	x31,x5,x20	  x5:0x1668f000 x20:0x00000000 x31=0x00000000
     373365.000 ns	     37335	8000772c	20302453	fsgnjx.s	f8,f0,f3	  f0:0x800f3800  f3:0x00000000  f8=0x800f3800
     373385.000 ns	     37337	80007730	0f704c13	xori	x24,x0,247	  x0:0x00000000 x24=0x000000f7
     373395.000 ns	     37338	80007734	01c181b3	add	x3,x3,x28	  x3:0x00000000 x28:0x80041024  x3=0x80041024
     373405.000 ns	     37339	80007738	405a5093	srai	x1,x20,0x5	 x20:0x00000000  x1=0x00000000
     373415.000 ns	     37340	8000773c	002d6c33	or	x24,x26,x2	 x26:0x00000040  x2:0x00000000 x24=0x00000040
     373425.000 ns	     37341	80007740	f48bd837	lui	x16,0xf48bd	 x16=0xf48bd000
     373435.000 ns	     37342	80007744	0128b6b3	sltu	x13,x17,x18	 x17:0x80040fe4 x18:0x00000000 x13=0x00000000
     373455.000 ns	     37344	80007748	039076b3	remu	x13,x0,x25	  x0:0x00000000 x25:0x00000000 x13=0x00000000
     373485.000 ns	     37347	8000774c	0373a733	mulhsu	x14,x7,x23	  x7:0x00000000 x23:0xffffffff x14=0x00000000
     373515.000 ns	     37350	80007750	29560553	fmin.s	f10,f12,f21	 f12:0x00000000 f21:0x00000000 f10=0x00000000
     373535.000 ns	     37352	80007754	00ab4633	xor	x12,x22,x10	 x22:0x00000001 x10:0x00000000 x12=0x00000001
     373545.000 ns	     37353	80007758	916c7497	auipc	x9,0x916c7	  x9=0x116ce758
     373555.000 ns	     37354	8000775c	00836bb3	or	x23,x6,x8	  x6:0x00000000  x8:0x00000000 x23=0x00000000
     373565.000 ns	     37355	80007760	00c5d4b3	srl	x9,x11,x12	 x11:0x00000000 x12:0x00000001  x9=0x00000000
     373585.000 ns	     37357	80007764	a1cf21d3	feq.s	x3,f30,f28	 f30:0xbf800000 f28:0x80000000  x3=0x00000000
     373635.000 ns	     37362	80007768	0845cfd3	fsub.s	f31,f11,f4	 f11:0x00000000  f4:0x000f3800 f31=0x800f3800
     373655.000 ns	     37364	8000776c	001941b3	xor	x3,x18,x1	 x18:0x00000000  x1:0x00000000  x3=0x00000000
     373665.000 ns	     37365	80007770	01e13cb3	sltu	x25,x2,x30	  x2:0x00000000 x30:0x00000005 x25=0x00000001
     373675.000 ns	     37366	80007774	01560533	add	x10,x12,x21	 x12:0x00000001 x21:0x00000001 x10=0x00000002
     373685.000 ns	     37367	80007778	c2bb3393	sltiu	x7,x22,-981	 x22:0x00000001  x7=0x00000001
     373705.000 ns	     37369	8000777c	c0157bd3	fcvt.wu.s	x23,f10	 f10:0x00000000 x23=0x00000000
     373735.000 ns	     37372	80007780	20770a53	fsgnj.s	f20,f14,f7	 f14:0x00000000  f7:0xff800000 f20=0x80000000
     373765.000 ns	     37375	80007784	a1d88653	fle.s	x12,f17,f29	 f17:0x00000000 f29:0x000f3800 x12=0x00000001
     373795.000 ns	     37378	80007788	284f9ad3	fmax.s	f21,f31,f4	 f31:0x800f3800  f4:0x000f3800 f21=0x000f3800
     373825.000 ns	     37381	8000778c	a1460cd3	fle.s	x25,f12,f20	 f12:0x00000000 f20:0x80000000 x25=0x00000001
     373855.000 ns	     37384	80007790	a0878653	fle.s	x12,f15,f8	 f15:0x00000000  f8:0x800f3800 x12=0x00000000
     373875.000 ns	     37386	80007794	00ed3533	sltu	x10,x26,x14	 x26:0x00000040 x14:0x00000000 x10=0x00000000
     373895.000 ns	     37388	80007798	20de1553	fsgnjn.s	f10,f28,f13	 f28:0x80000000 f13:0x00000000 f10=0x80000000
     373925.000 ns	     37391	8000779c	031720b3	mulhsu	x1,x14,x17	 x14:0x00000000 x17:0x80040fe4  x1=0x00000000
     373945.000 ns	     37393	800077a0	83af0b93	addi	x23,x30,-1990	 x30:0x00000005 x23=0xfffff83f
     373985.000 ns	     37397	800077a4	00d00e53	fadd.s	f28,f0,f13	  f0:0x800f3800 f13:0x00000000 f28=0x800f3800
     374015.000 ns	     37400	800077a8	02d1e4b3	rem	x9,x3,x13	  x3:0x00000000 x13:0x00000000  x9=0x00000000
     374035.000 ns	     37402	800077ac	005ad713	srli	x14,x21,0x5	 x21:0x00000001 x14=0x00000000
     374365.000 ns	     37435	800077b0	19300b53	fdiv.s	f22,f0,f19	  f0:0x800f3800 f19:0x4d1eff90 f22=0x80000000
     374735.000 ns	     37472	800077b4	03ecc6b3	div	x13,x25,x30	 x25:0x00000001 x30:0x00000005 x13=0x00000000
     374765.000 ns	     37475	800077b8	f0088c53	fmv.w.x	f24,x17	 x17:0x80040fe4 f24=0x80040fe4
     374795.000 ns	     37478	800077bc	a1f329d3	feq.s	x19,f6,f31	  f6:0x43600000 f31:0x800f3800 x19=0x00000000
     374835.000 ns	     37482	800077c0	580930d3	fsqrt.s	f1,f18	 f18:0xc7350461  f1=0x7fc00000
     374855.000 ns	     37484	800077c4	40a1d5b3	sra	x11,x3,x10	  x3:0x00000000 x10:0x00000000 x11=0x00000000
     374865.000 ns	     37485	800077c8	00eeb833	sltu	x16,x29,x14	 x29:0x00000000 x14:0x00000000 x16=0x00000000
     374885.000 ns	     37487	800077cc	a1442553	feq.s	x10,f8,f20	  f8:0x800f3800 f20:0x80000000 x10=0x00000000
     374905.000 ns	     37489	800077d0	01a9dd33	srl	x26,x19,x26	 x19:0x00000000 x26:0x00000040 x26=0x00000000
     374925.000 ns	     37491	800077d4	d0047153	fcvt.s.w	f2,x8	  x8:0x00000000  f2=0x00000000
     375295.000 ns	     37528	800077d8	035867b3	rem	x15,x16,x21	 x16:0x00000000 x21:0x00000001 x15=0x00000000
     375325.000 ns	     37531	800077dc	287c9853	fmax.s	f16,f25,f7	 f25:0x00000001  f7:0xff800000 f16=0x00000001
     375355.000 ns	     37534	800077e0	28da1dd3	fmax.s	f27,f20,f13	 f20:0x80000000 f13:0x00000000 f27=0x00000000
     375385.000 ns	     37537	800077e4	20e1a053	fsgnjx.s	f0,f3,f14	  f3:0x00000000 f14:0x00000000  f0=0x00000000
     375405.000 ns	     37539	800077e8	00a56cb3	or	x25,x10,x10	 x10:0x00000000 x10:0x00000000 x25=0x00000000
     375415.000 ns	     37540	800077ec	01cbc7b3	xor	x15,x23,x28	 x23:0xfffff83f x28:0x80041024 x15=0x7ffbe81b
     375425.000 ns	     37541	800077f0	4094d493	srai	x9,x9,0x9	  x9:0x00000000  x9=0x00000000
     375435.000 ns	     37542	800077f4	7f464613	xori	x12,x12,2036	 x12:0x00000000 x12=0x000007f4
     375445.000 ns	     37543	800077f8	4187d713	srai	x14,x15,0x18	 x15:0x7ffbe81b x14=0x0000007f
     375455.000 ns	     37544	800077fc	4b788b93	addi	x23,x17,1207	 x17:0x80040fe4 x23=0x8004149b
     375475.000 ns	     37546	80007800	023f54b3	divu	x9,x30,x3	 x30:0x00000005  x3:0x00000000  x9=0xffffffff
     375495.000 ns	     37548	80007804	91e6a113	slti	x2,x13,-1762	 x13:0x00000000  x2=0x00000000
     375515.000 ns	     37550	80007808	02f7ac33	mulhsu	x24,x15,x15	 x15:0x7ffbe81b x15:0x7ffbe81b x24=0x3ffbe82b
     375545.000 ns	     37553	8000780c	21c72453	fsgnjx.s	f8,f14,f28	 f14:0x00000000 f28:0x800f3800  f8=0x80000000
     375585.000 ns	     37557	80007810	194bfed3	fdiv.s	f29,f23,f20	 f23:0x4f7fffff f20:0x80000000 f29=0xff800000
     375625.000 ns	     37561	80007814	1139b6d3	fmul.s	f13,f19,f19	 f19:0x4d1eff90 f19:0x4d1eff90 f13=0x5ac580ea
     375645.000 ns	     37563	80007818	415f8bb3	sub	x23,x31,x21	 x31:0x00000000 x21:0x00000001 x23=0xffffffff
     375675.000 ns	     37566	8000781c	18a5f6d3	fdiv.s	f13,f11,f10	 f11:0x00000000 f10:0x80000000 f13=0x7fc00000
     375725.000 ns	     37571	80007820	08a5be53	fsub.s	f28,f11,f10	 f11:0x00000000 f10:0x80000000 f28=0x00000000
     375745.000 ns	     37573	80007824	81a1cb13	xori	x22,x3,-2022	  x3:0x00000000 x22=0xfffff81a
     375755.000 ns	     37574	80007828	c1723b17	auipc	x22,0xc1723	 x22=0x4172a828
     375765.000 ns	     37575	8000782c	01f61733	sll	x14,x12,x31	 x12:0x000007f4 x31:0x00000000 x14=0x000007f4
     375785.000 ns	     37577	80007830	037c1133	mulh	x2,x24,x23	 x24:0x3ffbe82b x23:0xffffffff  x2=0xffffffff
     375805.000 ns	     37579	80007834	00c29fb3	sll	x31,x5,x12	  x5:0x1668f000 x12:0x000007f4 x31=0x00000000
     375815.000 ns	     37580	80007838	4bccaa93	slti	x21,x25,1212	 x25:0x00000000 x21=0x00000001
     375835.000 ns	     37582	8000783c	f00e8dd3	fmv.w.x	f27,x29	 x29:0x00000000 f27=0x00000000
     375855.000 ns	     37584	80007840	00163fb3	sltu	x31,x12,x1	 x12:0x000007f4  x1:0x00000000 x31=0x00000000
     375865.000 ns	     37585	80007844	015eb733	sltu	x14,x29,x21	 x29:0x00000000 x21:0x00000001 x14=0x00000001
     375885.000 ns	     37587	80007848	a1188ed3	fle.s	x29,f17,f17	 f17:0x00000000 f17:0x00000000 x29=0x00000001
     375915.000 ns	     37590	8000784c	a1c01253	flt.s	x4,f0,f28	  f0:0x00000000 f28:0x00000000  x4=0x00000000
     376285.000 ns	     37627	80007850	02f4c9b3	div	x19,x9,x15	  x9:0xffffffff x15:0x7ffbe81b x19=0x00000000
     376305.000 ns	     37629	80007854	01ca1133	sll	x2,x20,x28	 x20:0x00000000 x28:0x80041024  x2=0x00000000
     376325.000 ns	     37631	80007858	294a82d3	fmin.s	f5,f21,f20	 f21:0x000f3800 f20:0x80000000  f5=0x80000000
     376365.000 ns	     37635	8000785c	181f7bd3	fdiv.s	f23,f30,f1	 f30:0xbf800000  f1:0x7fc00000 f23=0x7fc00000
     376395.000 ns	     37638	80007860	e00d9753	fclass.s	x14,f27	 f27:0x00000000 x14=0x00000010
     376415.000 ns	     37640	80007864	96237313	andi	x6,x6,-1694	  x6:0x00000000  x6=0x00000000
     376435.000 ns	     37642	80007868	c0017753	fcvt.w.s	x14,f2	  f2:0x00000000 x14=0x00000000
     376465.000 ns	     37645	8000786c	03ce0033	mul	x0,x28,x28	 x28:0x80041024 x28:0x80041024
     376485.000 ns	     37647	80007870	012c8933	add	x18,x25,x18	 x25:0x00000000 x18:0x00000000 x18=0x00000000
     376505.000 ns	     37649	80007874	03f8d7b3	divu	x15,x17,x31	 x17:0x80040fe4 x31:0x00000000 x15=0xffffffff
     376525.000 ns	     37651	80007878	8e2b2413	slti	x8,x22,-1822	 x22:0x4172a828  x8=0x00000000
     376535.000 ns	     37652	8000787c	40375fb3	sra	x31,x14,x3	 x14:0x00000000  x3:0x00000000 x31=0x00000000
     376555.000 ns	     37654	80007880	d00592d3	fcvt.s.w	f5,x11	 x11:0x00000000  f5=0x00000000
     376585.000 ns	     37657	80007884	e0031bd3	fclass.s	x23,f6	  f6:0x43600000 x23=0x00000040
     376615.000 ns	     37660	80007888	03083533	mulhu	x10,x16,x16	 x16:0x00000000 x16:0x00000000 x10=0x00000000
     376635.000 ns	     37662	8000788c	00ce8833	add	x16,x29,x12	 x29:0x00000001 x12:0x000007f4 x16=0x000007f5
     376655.000 ns	     37664	80007890	c01bcd53	fcvt.wu.s	x26,f23	 f23:0x7fc00000 x26=0xffffffff
     376675.000 ns	     37666	80007894	003cfeb3	and	x29,x25,x3	 x25:0x00000000  x3:0x00000000 x29=0x00000000
     376705.000 ns	     37669	80007898	19d7f953	fdiv.s	f18,f15,f29	 f15:0x00000000 f29:0xff800000 f18=0x80000000
     376735.000 ns	     37672	8000789c	024824b3	mulhsu	x9,x16,x4	 x16:0x000007f5  x4:0x00000000  x9=0x00000000
     376765.000 ns	     37675	800078a0	202589d3	fsgnj.s	f19,f11,f2	 f11:0x00000000  f2:0x00000000 f19=0x00000000
     376785.000 ns	     37677	800078a4	41665733	sra	x14,x12,x22	 x12:0x000007f4 x22:0x4172a828 x14=0x00000007
     376825.000 ns	     37681	800078a8	01f77453	fadd.s	f8,f14,f31	 f14:0x00000000 f31:0x800f3800  f8=0x800f3800
     376855.000 ns	     37684	800078ac	f00b8c53	fmv.w.x	f24,x23	 x23:0x00000040 f24=0x00000040
     376885.000 ns	     37687	800078b0	024e61b3	rem	x3,x28,x4	 x28:0x80041024  x4:0x00000000  x3=0x80041024
     376915.000 ns	     37690	800078b4	289f09d3	fmin.s	f19,f30,f9	 f30:0xbf800000  f9:0x000f3800 f19=0xbf800000
     376945.000 ns	     37693	800078b8	02fb0333	mul	x6,x22,x15	 x22:0x4172a828 x15:0xffffffff  x6=0xbe8d57d8
     376965.000 ns	     37695	800078bc	ed1ce793	ori	x15,x25,-303	 x25:0x00000000 x15=0xfffffed1
     376975.000 ns	     37696	800078c0	ba372c13	slti	x24,x14,-1117	 x14:0x00000007 x24=0x00000000
     376995.000 ns	     37698	800078c4	035c8133	mul	x2,x25,x21	 x25:0x00000000 x21:0x00000001  x2=0x00000000
     377025.000 ns	     37701	800078c8	20348ed3	fsgnj.s	f29,f9,f3	  f9:0x000f3800  f3:0x00000000 f29=0x000f3800
     377045.000 ns	     37703	800078cc	40415e93	srai	x29,x2,0x4	  x2:0x00000000 x29=0x00000000
     377055.000 ns	     37704	800078d0	01e20233	add	x4,x4,x30	  x4:0x00000000 x30:0x00000005  x4=0x00000005
     377085.000 ns	     37707	800078d4	19791553	fdiv.s	f10,f18,f23	 f18:0x80000000 f23:0x7fc00000 f10=0x7fc00000
     377115.000 ns	     37710	800078d8	03de20b3	mulhsu	x1,x28,x29	 x28:0x80041024 x29:0x00000000  x1=0x00000000
     377145.000 ns	     37713	800078dc	039433b3	mulhu	x7,x8,x25	  x8:0x00000000 x25:0x00000000  x7=0x00000000
     377165.000 ns	     37715	800078e0	00000013	addi	x0,x0,0	  x0:0x00000000
     377185.000 ns	     37717	800078e4	a02104d3	fle.s	x9,f2,f2	  f2:0x00000000  f2:0x00000000  x9=0x00000001
     377205.000 ns	     37719	800078e8	01b325b3	slt	x11,x6,x27	  x6:0xbe8d57d8 x27:0x00000000 x11=0x00000001
     377225.000 ns	     37721	800078ec	c0107a53	fcvt.wu.s	x20,f0	  f0:0x00000000 x20=0x00000000
     377255.000 ns	     37724	800078f0	c0024453	fcvt.w.s	x8,f4	  f4:0x000f3800  x8=0x00000000
     377275.000 ns	     37726	800078f4	aba42b13	slti	x22,x8,-1350	  x8:0x00000000 x22=0x00000000
     377295.000 ns	     37728	800078f8	c017fad3	fcvt.wu.s	x21,f15	 f15:0x00000000 x21=0x00000000
     377315.000 ns	     37730	800078fc	00000013	addi	x0,x0,0	  x0:0x00000000
     377335.000 ns	     37732	80007900	20ec8753	fsgnj.s	f14,f25,f14	 f25:0x00000001 f14:0x00000000 f14=0x00000001
     377365.000 ns	     37735	80007904	02d73db3	mulhu	x27,x14,x13	 x14:0x00000007 x13:0x00000000 x27=0x00000000
     378545.000 ns	     37853	80007908	580d72d3	fsqrt.s	f5,f26	 f26:0x3f800000  f5=0x3f7fffae
     378575.000 ns	     37856	8000790c	0254a0b3	mulhsu	x1,x9,x5	  x9:0x00000001  x5:0x1668f000  x1=0x00000000
     378595.000 ns	     37858	80007910	015d9513	slli	x10,x27,0x15	 x27:0x00000000 x10=0x00000000
     378615.000 ns	     37860	80007914	a15483d3	fle.s	x7,f9,f21	  f9:0x000f3800 f21:0x000f3800  x7=0x00000001
     378635.000 ns	     37862	80007918	01c032b3	sltu	x5,x0,x28	  x0:0x00000000 x28:0x80041024  x5=0x00000001
     378645.000 ns	     37863	8000791c	00000013	addi	x0,x0,0	  x0:0x00000000
     378665.000 ns	     37865	80007920	02f28c33	mul	x24,x5,x15	  x5:0x1668f000 x15:0xfffffed1 x24=0xfffffed1
     378685.000 ns	     37867	80007924	00d4d693	srli	x13,x9,0xd	  x9:0x00000001 x13=0x00000000
     378705.000 ns	     37869	80007928	a0ff8553	fle.s	x10,f31,f15	 f31:0x800f3800 f15:0x00000000 x10=0x00000001
     378725.000 ns	     37871	8000792c	00998533	add	x10,x19,x9	 x19:0x00000000  x9:0x00000001 x10=0x00000001
     378745.000 ns	     37873	80007930	a1660553	fle.s	x10,f12,f22	 f12:0x00000000 f22:0x80000000 x10=0x00000001
     378795.000 ns	     37878	80007934	08a7f1d3	fsub.s	f3,f15,f10	 f15:0x00000000 f10:0x7fc00000  f3=0x7fc00000
     378825.000 ns	     37881	80007938	0357dbb3	divu	x23,x15,x21	 x15:0xfffffed1 x21:0x00000000 x23=0xffffffff
     378845.000 ns	     37883	8000793c	53440313	addi	x6,x8,1332	  x8:0x00000000  x6=0x00000534
     379205.000 ns	     37919	80007940	03a1dfb3	divu	x31,x3,x26	  x3:0x80041024 x26:0xffffffff x31=0x00000000
     379225.000 ns	     37921	80007944	00000013	addi	x0,x0,0	  x0:0x00000000
     379235.000 ns	     37922	80007948	9ed46e93	ori	x29,x8,-1555	  x8:0x00000000 x29=0xfffff9ed
     379245.000 ns	     37923	8000794c	011a5b93	srli	x23,x20,0x11	 x20:0x00000000 x23=0x00000000
     379255.000 ns	     37924	80007950	ff956993	ori	x19,x10,-7	 x10:0x00000001 x19=0xfffffff9
     379265.000 ns	     37925	80007954	4450ee93	ori	x29,x1,1093	  x1:0x00000000 x29=0x00000445
     379275.000 ns	     37926	80007958	71663393	sltiu	x7,x12,1814	 x12:0x000007f4  x7=0x00000000
     379285.000 ns	     37927	8000795c	00876033	or	x0,x14,x8	 x14:0x00000007  x8:0x00000000
     379295.000 ns	     37928	80007960	b53a3713	sltiu	x14,x20,-1197	 x20:0x00000000 x14=0x00000001
     379305.000 ns	     37929	80007964	3f152037	lui	x0,0x3f152	
     379335.000 ns	     37932	80007968	11037453	fmul.s	f8,f6,f16	  f6:0x43600000 f16:0x00000001  f8=0x000000e1
     379365.000 ns	     37935	8000796c	02993033	mulhu	x0,x18,x9	 x18:0x00000000  x9:0x00000001
     379395.000 ns	     37938	80007970	a0cca353	feq.s	x6,f25,f12	 f25:0x00000001 f12:0x00000000  x6=0x00000000
     379425.000 ns	     37941	80007974	c004f353	fcvt.w.s	x6,f9	  f9:0x000f3800  x6=0x00000000
     379465.000 ns	     37945	80007978	1972f4d3	fdiv.s	f9,f5,f23	  f5:0x3f7fffae f23:0x7fc00000  f9=0x7fc00000
     379485.000 ns	     37947	8000797c	99937493	andi	x9,x6,-1639	  x6:0x00000000  x9=0x00000000
     379525.000 ns	     37951	80007980	017eccd3	fadd.s	f25,f29,f23	 f29:0x000f3800 f23:0x7fc00000 f25=0x7fc00000
     379555.000 ns	     37954	80007984	039f7c33	remu	x24,x30,x25	 x30:0x00000005 x25:0x00000000 x24=0x00000005
     379575.000 ns	     37956	80007988	00a911b3	sll	x3,x18,x10	 x18:0x00000000 x10:0x00000001  x3=0x00000000
     379585.000 ns	     37957	8000798c	008bd233	srl	x4,x23,x8	 x23:0x00000000  x8:0x00000000  x4=0x00000000
     379595.000 ns	     37958	80007990	0133e2b3	or	x5,x7,x19	  x7:0x00000000 x19:0xfffffff9  x5=0xfffffff9
     379605.000 ns	     37959	80007994	7aa6e217	auipc	x4,0x7aa6e	  x4=0xfaa75994
     379645.000 ns	     37963	80007998	092f74d3	fsub.s	f9,f30,f18	 f30:0xbf800000 f18:0x80000000  f9=0xbf800000
     379675.000 ns	     37966	8000799c	28880ed3	fmin.s	f29,f16,f8	 f16:0x00000001  f8:0x000000e1 f29=0x00000001
     379695.000 ns	     37968	800079a0	00bc1593	slli	x11,x24,0xb	 x24:0x00000005 x11=0x00002800
     379715.000 ns	     37970	800079a4	028aaab3	mulhsu	x21,x21,x8	 x21:0x00000000  x8:0x00000000 x21=0x00000000
     379755.000 ns	     37974	800079a8	580f4753	fsqrt.s	f14,f30	 f30:0xbf800000 f14=0x7fc00000
     379795.000 ns	     37978	800079ac	10391f53	fmul.s	f30,f18,f3	 f18:0x80000000  f3:0x7fc00000 f30=0x7fc00000
     379825.000 ns	     37981	800079b0	026d0033	mul	x0,x26,x6	 x26:0xffffffff  x6:0x00000000
     379865.000 ns	     37985	800079b4	1916fed3	fdiv.s	f29,f13,f17	 f13:0x7fc00000 f17:0x00000000 f29=0x7fc00000
     379885.000 ns	     37987	800079b8	00c770b3	and	x1,x14,x12	 x14:0x00000001 x12:0x000007f4  x1=0x00000000
     380245.000 ns	     38023	800079bc	03d5dfb3	divu	x31,x11,x29	 x11:0x00002800 x29:0x00000445 x31=0x00000009
     380275.000 ns	     38026	800079c0	28e88dd3	fmin.s	f27,f17,f14	 f17:0x00000000 f14:0x7fc00000 f27=0x00000000
     380295.000 ns	     38028	800079c4	7a62c3b7	lui	x7,0x7a62c	  x7=0x7a62c000
     380315.000 ns	     38030	800079c8	02541bb3	mulh	x23,x8,x5	  x8:0x00000000  x5:0xfffffff9 x23=0x00000000
     380335.000 ns	     38032	800079cc	0198f4b3	and	x9,x17,x25	 x17:0x80040fe4 x25:0x00000000  x9=0x00000000
     380345.000 ns	     38033	800079d0	01aa5a93	srli	x21,x20,0x1a	 x20:0x00000000 x21=0x00000000
     380355.000 ns	     38034	800079d4	7d147313	andi	x6,x8,2001	  x8:0x00000000  x6=0x00000000
     380365.000 ns	     38035	800079d8	14734a13	xori	x20,x6,327	  x6:0x00000000 x20=0x00000147
     380385.000 ns	     38037	800079dc	e0000453	fmv.x.w	x8,f0	  f0:0x00000000  x8=0x00000000
     380415.000 ns	     38040	800079e0	c00a7ed3	fcvt.w.s	x29,f20	 f20:0x80000000 x29=0x00000000
     380435.000 ns	     38042	800079e4	87f20697	auipc	x13,0x87f20	 x13=0x07f279e4
     380445.000 ns	     38043	800079e8	0000a433	slt	x8,x1,x0	  x1:0x00000000  x0:0x00000000  x8=0x00000000
     380465.000 ns	     38045	800079ec	f0050f53	fmv.w.x	f30,x10	 x10:0x00000001 f30=0x00000001
     380485.000 ns	     38047	800079f0	62397313	andi	x6,x18,1571	 x18:0x00000000  x6=0x00000000
     380505.000 ns	     38049	800079f4	e00311d3	fclass.s	x3,f6	  f6:0x43600000  x3=0x00000040
     380525.000 ns	     38051	800079f8	00516333	or	x6,x2,x5	  x2:0x00000000  x5:0xfffffff9  x6=0xfffffff9
     381695.000 ns	     38168	800079fc	580f2453	fsqrt.s	f8,f30	 f30:0x00000001  f8=0x1f350483
     381715.000 ns	     38170	80007a00	8face137	lui	x2,0x8face	  x2=0x8face000
     381725.000 ns	     38171	80007a04	3bc6cd93	xori	x27,x13,956	 x13:0x07f279e4 x27=0x07f27a58
     381735.000 ns	     38172	80007a08	00bdfcb3	and	x25,x27,x11	 x27:0x00000000 x11:0x00002800 x25=0x00002800
     381745.000 ns	     38173	80007a0c	f830c293	xori	x5,x1,-125	  x1:0x00000000  x5=0xffffff83
     382105.000 ns	     38209	80007a10	02cccab3	div	x21,x25,x12	 x25:0x00000000 x12:0x000007f4 x21=0x00000005
     382135.000 ns	     38212	80007a14	03193ab3	mulhu	x21,x18,x17	 x18:0x00000000 x17:0x80040fe4 x21=0x00000000
     382505.000 ns	     38249	80007a18	02c2c333	div	x6,x5,x12	  x5:0xffffff83 x12:0x000007f4  x6=0x00000000
     382875.000 ns	     38286	80007a1c	02edebb3	rem	x23,x27,x14	 x27:0x07f27a58 x14:0x00000001 x23=0x00000000
     382895.000 ns	     38288	80007a20	31e09fb7	lui	x31,0x31e09	 x31=0x31e09000
     382905.000 ns	     38289	80007a24	e8be2a93	slti	x21,x28,-373	 x28:0x80041024 x21=0x00000001
     382915.000 ns	     38290	80007a28	01a2fbb3	and	x23,x5,x26	  x5:0xffffff83 x26:0xffffffff x23=0xffffff83
     382935.000 ns	     38292	80007a2c	02e9a3b3	mulhsu	x7,x19,x14	 x19:0xfffffff9 x14:0x00000001  x7=0xffffffff
     382965.000 ns	     38295	80007a30	20c49553	fsgnjn.s	f10,f9,f12	  f9:0xbf800000 f12:0x00000000 f10=0xbf800000
     382985.000 ns	     38297	80007a34	005924b3	slt	x9,x18,x5	 x18:0x00000000  x5:0xffffff83  x9=0x00000000
     382995.000 ns	     38298	80007a38	01f93eb3	sltu	x29,x18,x31	 x18:0x00000000 x31:0x31e09000 x29=0x00000001
     383005.000 ns	     38299	80007a3c	00691a33	sll	x20,x18,x6	 x18:0x00000000  x6:0x00000000 x20=0x00000000
     383025.000 ns	     38301	80007a40	025d8eb3	mul	x29,x27,x5	 x27:0x07f27a58  x5:0xffffff83 x29=0x1e9a4308
     383055.000 ns	     38304	80007a44	e00e1453	fclass.s	x8,f28	 f28:0x00000000  x8=0x00000010
     383075.000 ns	     38306	80007a48	501f9537	lui	x10,0x501f9	 x10=0x501f9000
     383105.000 ns	     38309	80007a4c	100f42d3	fmul.s	f5,f30,f0	 f30:0x00000001  f0:0x00000000  f5=0x00000000
     383125.000 ns	     38311	80007a50	0171bd33	sltu	x26,x3,x23	  x3:0x00000040 x23:0xffffff83 x26=0x00000001
     383135.000 ns	     38312	80007a54	d5cb2db7	lui	x27,0xd5cb2	 x27=0xd5cb2000
     383145.000 ns	     38313	80007a58	d3d7b193	sltiu	x3,x15,-707	 x15:0xfffffed1  x3=0x00000000
     383165.000 ns	     38315	80007a5c	d00ba453	fcvt.s.w	f8,x23	 x23:0xffffff83  f8=0xc2fa0000
     383185.000 ns	     38317	80007a60	013d1db3	sll	x27,x26,x19	 x26:0x00000001 x19:0xfffffff9 x27=0x02000000
     383195.000 ns	     38318	80007a64	01b84633	xor	x12,x16,x27	 x16:0x000007f5 x27:0xd5cb2000 x12=0x020007f5
     383215.000 ns	     38320	80007a68	e00c16d3	fclass.s	x13,f24	 f24:0x00000040 x13=0x00000020
     383585.000 ns	     38357	80007a6c	02d65eb3	divu	x29,x12,x13	 x12:0x000007f4 x13:0x07f279e4 x29=0x0010003f
     383955.000 ns	     38394	80007a70	0256f633	remu	x12,x13,x5	 x13:0x00000020  x5:0xffffff83 x12=0x00000020
     383975.000 ns	     38396	80007a74	7e7da593	slti	x11,x27,2023	 x27:0x02000000 x11=0x00000000
     383985.000 ns	     38397	80007a78	19902d13	slti	x26,x0,409	  x0:0x00000000 x26=0x00000001
     384005.000 ns	     38399	80007a7c	d0108fd3	fcvt.s.wu	f31,x1	  x1:0x00000000 f31=0x00000000
     384025.000 ns	     38401	80007a80	00b65a33	srl	x20,x12,x11	 x12:0x00000020 x11:0x00000000 x20=0x00000020
     384385.000 ns	     38437	80007a84	03be6533	rem	x10,x28,x27	 x28:0x80041024 x27:0x02000000 x10=0xfe041024
     384405.000 ns	     38439	80007a88	0104d333	srl	x6,x9,x16	  x9:0x00000000 x16:0x000007f5  x6=0x00000000
     384425.000 ns	     38441	80007a8c	f00c8a53	fmv.w.x	f20,x25	 x25:0x00002800 f20=0x00002800
     384455.000 ns	     38444	80007a90	d0000453	fcvt.s.w	f8,x0	  x0:0x00000000  f8=0x00000000
     384485.000 ns	     38447	80007a94	201625d3	fsgnjx.s	f11,f12,f1	 f12:0x00000000  f1:0x7fc00000 f11=0x00000000
     384515.000 ns	     38450	80007a98	a17a8253	fle.s	x4,f21,f23	 f21:0x000f3800 f23:0x7fc00000  x4=0x00000000
     384535.000 ns	     38452	80007a9c	00fc3033	sltu	x0,x24,x15	 x24:0x00000005 x15:0xfffffed1
     384545.000 ns	     38453	80007aa0	40d10b33	sub	x22,x2,x13	  x2:0x8face000 x13:0x00000020 x22=0x8facdfe0
     384555.000 ns	     38454	80007aa4	7fb6a293	slti	x5,x13,2043	 x13:0x00000020  x5=0x00000001
     384565.000 ns	     38455	80007aa8	002753b3	srl	x7,x14,x2	 x14:0x00000001  x2:0x8face000  x7=0x00000001
     384585.000 ns	     38457	80007aac	e00e9253	fclass.s	x4,f29	 f29:0x7fc00000  x4=0x00000200
     384605.000 ns	     38459	80007ab0	7693bb93	sltiu	x23,x7,1897	  x7:0xffffffff x23=0x00000001
     384625.000 ns	     38461	80007ab4	d0052253	fcvt.s.w	f4,x10	 x10:0xfe041024  f4=0xcbfdf7ee
     384995.000 ns	     38498	80007ab8	02237133	remu	x2,x6,x2	  x6:0x00000000  x2:0x8face000  x2=0x00000000
     385025.000 ns	     38501	80007abc	f0078b53	fmv.w.x	f22,x15	 x15:0xfffffed1 f22=0xfffffed1
     385055.000 ns	     38504	80007ac0	c0041c53	fcvt.w.s	x24,f8	  f8:0x00000000 x24=0x00000000
     385075.000 ns	     38506	80007ac4	01966a33	or	x20,x12,x25	 x12:0x00000020 x25:0x00002800 x20=0x00002820
     385095.000 ns	     38508	80007ac8	02aa93b3	mulh	x7,x21,x10	 x21:0x00000001 x10:0xfe041024  x7=0xffffffff
     385115.000 ns	     38510	80007acc	c475d397	auipc	x7,0xc475d	  x7=0x44764acc
     385125.000 ns	     38511	80007ad0	419b5a33	sra	x20,x22,x25	 x22:0x8facdfe0 x25:0x00002800 x20=0x8facdfe0
     385155.000 ns	     38514	80007ad4	10992753	fmul.s	f14,f18,f9	 f18:0x80000000  f9:0xbf800000 f14=0x00000000
     385185.000 ns	     38517	80007ad8	d01278d3	fcvt.s.wu	f17,x4	  x4:0x00000200 f17=0x44000000
     385205.000 ns	     38519	80007adc	00a38a33	add	x20,x7,x10	  x7:0x44764acc x10:0xfe041024 x20=0x427a5af0
     385225.000 ns	     38521	80007ae0	f00504d3	fmv.w.x	f9,x10	 x10:0xfe041024  f9=0xfe041024
     385245.000 ns	     38523	80007ae4	60f97c13	andi	x24,x18,1551	 x18:0x00000000 x24=0x00000000
     385275.000 ns	     38526	80007ae8	10ccb9d3	fmul.s	f19,f25,f12	 f25:0x7fc00000 f12:0x00000000 f19=0x7fc00000
     385295.000 ns	     38528	80007aec	e4d0e113	ori	x2,x1,-435	  x1:0x00000000  x2=0xfffffe4d
     385305.000 ns	     38529	80007af0	002922b3	slt	x5,x18,x2	 x18:0x00000000  x2:0x00000000  x5=0x00000000
     385315.000 ns	     38530	80007af4	01f337b3	sltu	x15,x6,x31	  x6:0x00000000 x31:0x31e09000 x15=0x00000001
     385335.000 ns	     38532	80007af8	29160cd3	fmin.s	f25,f12,f17	 f12:0x00000000 f17:0x44000000 f25=0x00000000
     385375.000 ns	     38536	80007afc	580d9553	fsqrt.s	f10,f27	 f27:0x00000000 f10=0x00000000
     385395.000 ns	     38538	80007b00	00000013	addi	x0,x0,0	  x0:0x00000000
     385425.000 ns	     38541	80007b04	19727553	fdiv.s	f10,f4,f23	  f4:0xcbfdf7ee f23:0x7fc00000 f10=0x7fc00000
     385445.000 ns	     38543	80007b08	a9887a37	lui	x20,0xa9887	 x20=0xa9887000
     385455.000 ns	     38544	80007b0c	eaf37413	andi	x8,x6,-337	  x6:0x00000000  x8=0x00000000
     385815.000 ns	     38580	80007b10	02eb59b3	divu	x19,x22,x14	 x22:0x8facdfe0 x14:0x00000001 x19=0x8facdfe0
     385845.000 ns	     38583	80007b14	0327d2b3	divu	x5,x15,x18	 x15:0x00000001 x18:0x00000000  x5=0xffffffff
     385875.000 ns	     38586	80007b18	214a24d3	fsgnjx.s	f9,f20,f20	 f20:0x00002800 f20:0x00002800  f9=0x00002800
     385915.000 ns	     38590	80007b1c	181327d3	fdiv.s	f15,f6,f1	  f6:0x43600000  f1:0x7fc00000 f15=0x7fc00000
     385935.000 ns	     38592	80007b20	e5a12413	slti	x8,x2,-422	  x2:0xfffffe4d  x8=0x00000001
     385955.000 ns	     38594	80007b24	d010f553	fcvt.s.wu	f10,x1	  x1:0x00000000 f10=0x00000000
     385985.000 ns	     38597	80007b28	d006f1d3	fcvt.s.w	f3,x13	 x13:0x00000020  f3=0x42000000
     386015.000 ns	     38600	80007b2c	e00e8dd3	fmv.x.w	x27,f29	 f29:0x7fc00000 x27=0x7fc00000
     386035.000 ns	     38602	80007b30	baa5aa13	slti	x20,x11,-1110	 x11:0x00000000 x20=0x00000000
     386045.000 ns	     38603	80007b34	010e2c33	slt	x24,x28,x16	 x28:0x80041024 x16:0x000007f5 x24=0x00000001
     386065.000 ns	     38605	80007b38	e00b0b53	fmv.x.w	x22,f22	 f22:0xfffffed1 x22=0xfffffed1
     386085.000 ns	     38607	80007b3c	4d7ae393	ori	x7,x21,1239	 x21:0x00000001  x7=0x000004d7
     386115.000 ns	     38610	80007b40	19964e53	fdiv.s	f28,f12,f25	 f12:0x00000000 f25:0x00000000 f28=0x7fc00000
     386145.000 ns	     38613	80007b44	a1c8a3d3	feq.s	x7,f17,f28	 f17:0x44000000 f28:0x00000000  x7=0x00000000
     386165.000 ns	     38615	80007b48	411052b3	sra	x5,x0,x17	  x0:0x00000000 x17:0x80040fe4  x5=0x00000000
     386185.000 ns	     38617	80007b4c	28e698d3	fmax.s	f17,f13,f14	 f13:0x7fc00000 f14:0x00000000 f17=0x00000000
     386215.000 ns	     38620	80007b50	033720b3	mulhsu	x1,x14,x19	 x14:0x00000001 x19:0x8facdfe0  x1=0x00000000
     386235.000 ns	     38622	80007b54	415d5d93	srai	x27,x26,0x15	 x26:0x00000001 x27=0x00000000
     386245.000 ns	     38623	80007b58	41a305b3	sub	x11,x6,x26	  x6:0x00000000 x26:0x00000001 x11=0xffffffff
     386265.000 ns	     38625	80007b5c	02553933	mulhu	x18,x10,x5	 x10:0xfe041024  x5:0x00000000 x18=0x00000000
     386285.000 ns	     38627	80007b60	daa13a13	sltiu	x20,x2,-598	  x2:0xfffffe4d x20=0x00000000
     386305.000 ns	     38629	80007b64	025bd933	divu	x18,x23,x5	 x23:0x00000001  x5:0x00000000 x18=0xffffffff
     386325.000 ns	     38631	80007b68	bf300493	addi	x9,x0,-1037	  x0:0x00000000  x9=0xfffffbf3
     386345.000 ns	     38633	80007b6c	21f586d3	fsgnj.s	f13,f11,f31	 f11:0x00000000 f31:0x00000000 f13=0x00000000
     386375.000 ns	     38636	80007b70	f0090a53	fmv.w.x	f20,x18	 x18:0xffffffff f20=0xffffffff
     386415.000 ns	     38640	80007b74	18f1f153	fdiv.s	f2,f3,f15	  f3:0x42000000 f15:0x7fc00000  f2=0x7fc00000
     386455.000 ns	     38644	80007b78	10758b53	fmul.s	f22,f11,f7	 f11:0x00000000  f7:0xff800000 f22=0x7fc00000
     386485.000 ns	     38647	80007b7c	a1b0a653	feq.s	x12,f1,f27	  f1:0x7fc00000 f27:0x00000000 x12=0x00000000
     386505.000 ns	     38649	80007b80	4b94eb13	ori	x22,x9,1209	  x9:0xfffffbf3 x22=0xfffffffb
     386525.000 ns	     38651	80007b84	e0000a53	fmv.x.w	x20,f0	  f0:0x00000000 x20=0x00000000
     386555.000 ns	     38654	80007b88	02c5dbb3	divu	x23,x11,x12	 x11:0xffffffff x12:0x00000000 x23=0xffffffff
     386575.000 ns	     38656	80007b8c	00000013	addi	x0,x0,0	  x0:0x00000000
     386585.000 ns	     38657	80007b90	433dce93	xori	x29,x27,1075	 x27:0x00000000 x29=0x00000433
     386605.000 ns	     38659	80007b94	036c80b3	mul	x1,x25,x22	 x25:0x00002800 x22:0xfffffffb  x1=0xffff3800
     386635.000 ns	     38662	80007b98	e0051a53	fclass.s	x20,f10	 f10:0x00000000 x20=0x00000010
     386685.000 ns	     38667	80007b9c	01fcf5d3	fadd.s	f11,f25,f31	 f25:0x00000000 f31:0x00000000 f11=0x00000000
     386715.000 ns	     38670	80007ba0	28a31053	fmax.s	f0,f6,f10	  f6:0x43600000 f10:0x00000000  f0=0x43600000
     386735.000 ns	     38672	80007ba4	40128ab3	sub	x21,x5,x1	  x5:0x00000000  x1:0xffff3800 x21=0x0000c800
     387095.000 ns	     38708	80007ba8	0330d5b3	divu	x11,x1,x19	  x1:0xffff3800 x19:0x8facdfe0 x11=0x00000001
     387115.000 ns	     38710	80007bac	008b22b3	slt	x5,x22,x8	 x22:0xfffffffb  x8:0x00000001  x5=0x00000001
     387125.000 ns	     38711	80007bb0	f8dec317	auipc	x6,0xf8dec	  x6=0x78df3bb0
     387485.000 ns	     38747	80007bb4	02e3c3b3	div	x7,x7,x14	  x7:0x00000000 x14:0x00000001  x7=0x00000000
     387515.000 ns	     38750	80007bb8	c012fa53	fcvt.wu.s	x20,f5	  f5:0x00000000 x20=0x00000000
     387535.000 ns	     38752	80007bbc	cbd324b7	lui	x9,0xcbd32	  x9=0xcbd32000
     387555.000 ns	     38754	80007bc0	03653333	mulhu	x6,x10,x22	 x10:0xfe041024 x22:0xfffffffb  x6=0xfe04101f
     387575.000 ns	     38756	80007bc4	1f8d0713	addi	x14,x26,504	 x26:0x00000001 x14=0x000001f9
     387595.000 ns	     38758	80007bc8	d01572d3	fcvt.s.wu	f5,x10	 x10:0xfe041024  f5=0x4f7e0410
     387935.000 ns	     38792	80007bcc	18907253	fdiv.s	f4,f0,f9	  f0:0x43600000  f9:0x00002800  f4=0x7f800000
     387955.000 ns	     38794	80007bd0	2980f6b7	lui	x13,0x2980f	 x13=0x2980f000
     387965.000 ns	     38795	80007bd4	41f2da13	srai	x20,x5,0x1f	  x5:0x00000001 x20=0x00000000
     387985.000 ns	     38797	80007bd8	02b08b33	mul	x22,x1,x11	  x1:0xffff3800 x11:0x00000001 x22=0xffff3800
     388005.000 ns	     38799	80007bdc	d3004b93	xori	x23,x0,-720	  x0:0x00000000 x23=0xfffffd30
     388015.000 ns	     38800	80007be0	408353b3	sra	x7,x6,x8	  x6:0xfe04101f  x8:0x00000001  x7=0xff02080f
     388375.000 ns	     38836	80007be4	03f949b3	div	x19,x18,x31	 x18:0xffffffff x31:0x31e09000 x19=0x00000000
     388405.000 ns	     38839	80007be8	e00489d3	fmv.x.w	x19,f9	  f9:0x00002800 x19=0x00002800
     388425.000 ns	     38841	80007bec	01a7dd33	srl	x26,x15,x26	 x15:0x00000001 x26:0x00000001 x26=0x00000000
     388435.000 ns	     38842	80007bf0	40d851b3	sra	x3,x16,x13	 x16:0x000007f5 x13:0x2980f000  x3=0x000007f5
     388445.000 ns	     38843	80007bf4	ba4baf93	slti	x31,x23,-1116	 x23:0xfffffd30 x31=0x00000000
     388465.000 ns	     38845	80007bf8	0209b233	mulhu	x4,x19,x0	 x19:0x00002800  x0:0x00000000  x4=0x00000000
     388515.000 ns	     38850	80007bfc	01d0f253	fadd.s	f4,f1,f29	  f1:0x7fc00000 f29:0x7fc00000  f4=0x7fc00000
     388545.000 ns	     38853	80007c00	039615b3	mulh	x11,x12,x25	 x12:0x00000000 x25:0x00002800 x11=0x00000000
     388915.000 ns	     38890	80007c04	02e36233	rem	x4,x6,x14	  x6:0xfe04101f x14:0x000001f9  x4=0xffffffb4
     388935.000 ns	     38892	80007c08	1e332c13	slti	x24,x6,483	  x6:0xfe04101f x24=0x00000001
     388945.000 ns	     38893	80007c0c	69e9ec93	ori	x25,x19,1694	 x19:0x00002800 x25=0x00002e9e
     388955.000 ns	     38894	80007c10	00e0cab3	xor	x21,x1,x14	  x1:0xffff3800 x14:0x000001f9 x21=0xffff39f9
     388975.000 ns	     38896	80007c14	0215b4b3	mulhu	x9,x11,x1	 x11:0x00000000  x1:0xffff3800  x9=0x00000000
     388995.000 ns	     38898	80007c18	cbc1ba97	auipc	x21,0xcbc1b	 x21=0x4bc22c18
     389015.000 ns	     38900	80007c1c	280b88d3	fmin.s	f17,f23,f0	 f23:0x7fc00000  f0:0x43600000 f17=0x43600000
     389035.000 ns	     38902	80007c20	0053e333	or	x6,x7,x5	  x7:0xff02080f  x5:0x00000001  x6=0xff02080f
     389045.000 ns	     38903	80007c24	58c5c813	xori	x16,x11,1420	 x11:0x00000000 x16=0x0000058c
     389055.000 ns	     38904	80007c28	00ecddb3	srl	x27,x25,x14	 x25:0x00002e9e x14:0x000001f9 x27=0x00000000
     389065.000 ns	     38905	80007c2c	00000013	addi	x0,x0,0	  x0:0x00000000
     389085.000 ns	     38907	80007c30	20a28ad3	fsgnj.s	f21,f5,f10	  f5:0x4f7e0410 f10:0x00000000 f21=0x4f7e0410
     389105.000 ns	     38909	80007c34	5fd16993	ori	x19,x2,1533	  x2:0xfffffe4d x19=0xfffffffd
     389115.000 ns	     38910	80007c38	01fecc33	xor	x24,x29,x31	 x29:0x00000433 x31:0x00000000 x24=0x00000433
     389125.000 ns	     38911	80007c3c	00b35213	srli	x4,x6,0xb	  x6:0xff02080f  x4=0x001fe041
     389135.000 ns	     38912	80007c40	fa7be213	ori	x4,x23,-89	 x23:0xfffffd30  x4=0xffffffb7
     389145.000 ns	     38913	80007c44	01d0b9b3	sltu	x19,x1,x29	  x1:0xffff3800 x29:0x00000433 x19=0x00000000
     389165.000 ns	     38915	80007c48	03e1ad33	mulhsu	x26,x3,x30	  x3:0x000007f5 x30:0x00000005 x26=0x00000000
     389185.000 ns	     38917	80007c4c	00822eb3	slt	x29,x4,x8	  x4:0xffffffb7  x8:0x00000001 x29=0x00000001
     389205.000 ns	     38919	80007c50	03b1b633	mulhu	x12,x3,x27	  x3:0x000007f5 x27:0x00000000 x12=0x00000000
     389225.000 ns	     38921	80007c54	005b39b3	sltu	x19,x22,x5	 x22:0xffff3800  x5:0x00000001 x19=0x00000000
     389235.000 ns	     38922	80007c58	5b8c0713	addi	x14,x24,1464	 x24:0x00000433 x14=0x000009eb
     389245.000 ns	     38923	80007c5c	32dfb737	lui	x14,0x32dfb	 x14=0x32dfb000
     389265.000 ns	     38925	80007c60	298580d3	fmin.s	f1,f11,f24	 f11:0x00000000 f24:0x00000040  f1=0x00000000
     389285.000 ns	     38927	80007c64	00361713	slli	x14,x12,0x3	 x12:0x00000000 x14=0x00000000
     389315.000 ns	     38930	80007c68	58047253	fsqrt.s	f4,f8	  f8:0x00000000  f4=0x00000000
     389335.000 ns	     38932	80007c6c	0163d333	srl	x6,x7,x22	  x7:0xff02080f x22:0xffff3800  x6=0xff02080f
     389355.000 ns	     38934	80007c70	a000ad53	feq.s	x26,f1,f0	  f1:0x00000000  f0:0x43600000 x26=0x00000000
     389385.000 ns	     38937	80007c74	c003c753	fcvt.w.s	x14,f7	  f7:0xff800000 x14=0x80000000
     389415.000 ns	     38940	80007c78	c00bf153	fcvt.w.s	x2,f23	 f23:0x7fc00000  x2=0x7fffffff
     389445.000 ns	     38943	80007c7c	0232afb3	mulhsu	x31,x5,x3	  x5:0x00000001  x3:0x000007f5 x31=0x00000000
     389465.000 ns	     38945	80007c80	00ef5133	srl	x2,x30,x14	 x30:0x00000005 x14:0x80000000  x2=0x00000005
     389475.000 ns	     38946	80007c84	41f2d9b3	sra	x19,x5,x31	  x5:0x00000001 x31:0x00000000 x19=0x00000001
     389515.000 ns	     38950	80007c88	0136fe53	fadd.s	f28,f13,f19	 f13:0x00000000 f19:0x7fc00000 f28=0x7fc00000
     389535.000 ns	     38952	80007c8c	403d8ab3	sub	x21,x27,x3	 x27:0x00000000  x3:0x000007f5 x21=0xfffff80b
     389545.000 ns	     38953	80007c90	a0182413	slti	x8,x16,-1535	 x16:0x0000058c  x8=0x00000000
     389555.000 ns	     38954	80007c94	00000013	addi	x0,x0,0	  x0:0x00000000
     389565.000 ns	     38955	80007c98	005f1713	slli	x14,x30,0x5	 x30:0x00000005 x14=0x000000a0
     389585.000 ns	     38957	80007c9c	c01a8353	fcvt.wu.s	x6,f21	 f21:0x4f7e0410  x6=0xfe041000
     389615.000 ns	     38960	80007ca0	d018f853	fcvt.s.wu	f16,x17	 x17:0x80040fe4 f16=0x4f00040f
     389635.000 ns	     38962	80007ca4	016561b3	or	x3,x10,x22	 x10:0xfe041024 x22:0xffff3800  x3=0xffff3824
     389645.000 ns	     38963	80007ca8	00b12433	slt	x8,x2,x11	  x2:0x00000005 x11:0x00000000  x8=0x00000000
     389655.000 ns	     38964	80007cac	00000013	addi	x0,x0,0	  x0:0x00000000
     389665.000 ns	     38965	80007cb0	84b83997	auipc	x19,0x84b83	 x19=0x04b8acb0
     389675.000 ns	     38966	80007cb4	4005d913	srai	x18,x11,0x0	 x11:0x00000000 x18=0x00000000
     389685.000 ns	     38967	80007cb8	9ac1f313	andi	x6,x3,-1620	  x3:0xffff3824  x6=0xffff3824
     389725.000 ns	     38971	80007cbc	014a77d3	fadd.s	f15,f20,f20	 f20:0xffffffff f20:0xffffffff f15=0x7fc00000
     389745.000 ns	     38973	80007cc0	01401cb3	sll	x25,x0,x20	  x0:0x00000000 x20:0x00000000 x25=0x00000000
     389755.000 ns	     38974	80007cc4	76abb113	sltiu	x2,x23,1898	 x23:0xfffffd30  x2=0x00000000
     389785.000 ns	     38977	80007cc8	58047ed3	fsqrt.s	f29,f8	  f8:0x00000000 f29=0x00000000
     389805.000 ns	     38979	80007ccc	00cda233	slt	x4,x27,x12	 x27:0x00000000 x12:0x00000000  x4=0x00000000
     389825.000 ns	     38981	80007cd0	d009fc53	fcvt.s.w	f24,x19	 x19:0x04b8acb0 f24=0x4c971596
     389855.000 ns	     38984	80007cd4	e00502d3	fmv.x.w	x5,f10	 f10:0x00000000  x5=0x00000000
     389895.000 ns	     38988	80007cd8	5800f6d3	fsqrt.s	f13,f1	  f1:0x00000000 f13=0x00000000
     389945.000 ns	     38993	80007cdc	005fa753	fadd.s	f14,f31,f5	 f31:0x00000000  f5:0x4f7e0410 f14=0x4f7e0410
     389975.000 ns	     38996	80007ce0	d011fad3	fcvt.s.wu	f21,x3	  x3:0xffff3824 f21=0x4f7fff38
     390005.000 ns	     38999	80007ce4	d0157dd3	fcvt.s.wu	f27,x10	 x10:0xfe041024 f27=0x4f7e0410
     390025.000 ns	     39001	80007ce8	00a720b3	slt	x1,x14,x10	 x14:0x000000a0 x10:0xfe041024  x1=0x00000000
     390045.000 ns	     39003	80007cec	a0882ad3	feq.s	x21,f16,f8	 f16:0x4f00040f  f8:0x00000000 x21=0x00000000
     390075.000 ns	     39006	80007cf0	0229dc33	divu	x24,x19,x2	 x19:0x04b8acb0  x2:0x00000000 x24=0xffffffff
     390095.000 ns	     39008	80007cf4	405f5313	srai	x6,x30,0x5	 x30:0x00000005  x6=0x00000000
     390105.000 ns	     39009	80007cf8	c8d9c913	xori	x18,x19,-883	 x19:0x04b8acb0 x18=0xfb47503d
     390115.000 ns	     39010	80007cfc	2ed77613	andi	x12,x14,749	 x14:0x000000a0 x12=0x000000a0
     390475.000 ns	     39046	80007d00	03c66d33	rem	x26,x12,x28	 x12:0x00000000 x28:0x80041024 x26=0x000000a0
     390515.000 ns	     39050	80007d04	1024a953	fmul.s	f18,f9,f2	  f9:0x00002800  f2:0x7fc00000 f18=0x7fc00000
     390885.000 ns	     39087	80007d08	02d0f833	remu	x16,x1,x13	  x1:0x00000000 x13:0x2980f000 x16=0x00000000
     390915.000 ns	     39090	80007d0c	d019f553	fcvt.s.wu	f10,x19	 x19:0x04b8acb0 f10=0x4c971596
     390945.000 ns	     39093	80007d10	02f71333	mulh	x6,x14,x15	 x14:0x000000a0 x15:0x00000001  x6=0x00000000
     390975.000 ns	     39096	80007d14	c00b1c53	fcvt.w.s	x24,f22	 f22:0x7fc00000 x24=0x7fffffff
     391005.000 ns	     39099	80007d18	a1942653	feq.s	x12,f8,f25	  f8:0x00000000 f25:0x00000000 x12=0x00000001
     391045.000 ns	     39103	80007d1c	580bcbd3	fsqrt.s	f23,f23	 f23:0x7fc00000 f23=0x7fc00000
     391085.000 ns	     39107	80007d20	10caf853	fmul.s	f16,f21,f12	 f21:0x4f7fff38 f12:0x00000000 f16=0x00000000
     391115.000 ns	     39110	80007d24	21fc2ad3	fsgnjx.s	f21,f24,f31	 f24:0x4c971596 f31:0x00000000 f21=0x4c971596
     391145.000 ns	     39113	80007d28	c01700d3	fcvt.wu.s	x1,f14	 f14:0x4f7e0410  x1=0xfe041000
     391175.000 ns	     39116	80007d2c	e00994d3	fclass.s	x9,f19	 f19:0x7fc00000  x9=0x00000200
     391195.000 ns	     39118	80007d30	296ac713	xori	x14,x21,662	 x21:0x00000000 x14=0x00000296
     391225.000 ns	     39121	80007d34	5803f553	fsqrt.s	f10,f7	  f7:0xff800000 f10=0x7fc00000
     391255.000 ns	     39124	80007d38	a0b41c53	flt.s	x24,f8,f11	  f8:0x00000000 f11:0x00000000 x24=0x00000000
     391285.000 ns	     39127	80007d3c	020976b3	remu	x13,x18,x0	 x18:0xfb47503d  x0:0x00000000 x13=0xfb47503d
     391305.000 ns	     39129	80007d40	01fde5b3	or	x11,x27,x31	 x27:0x00000000 x31:0x00000000 x11=0x00000000
     391315.000 ns	     39130	80007d44	3c56c313	xori	x6,x13,965	 x13:0xfb47503d  x6=0xfb4753f8
     391335.000 ns	     39132	80007d48	e00c9ed3	fclass.s	x29,f25	 f25:0x00000000 x29=0x00000010
     391355.000 ns	     39134	80007d4c	96ed3913	sltiu	x18,x26,-1682	 x26:0x000000a0 x18=0x00000001
     391375.000 ns	     39136	80007d50	20c685d3	fsgnj.s	f11,f13,f12	 f13:0x00000000 f12:0x00000000 f11=0x00000000
     391395.000 ns	     39138	80007d54	adcaf093	andi	x1,x21,-1316	 x21:0x00000000  x1=0x00000000
     391725.000 ns	     39171	80007d58	1898f053	fdiv.s	f0,f17,f9	 f17:0x43600000  f9:0x00002800  f0=0x7f800000
     391755.000 ns	     39174	80007d5c	a0241fd3	flt.s	x31,f8,f2	  f8:0x00000000  f2:0x7fc00000 x31=0x00000000
     391785.000 ns	     39177	80007d60	d00bf953	fcvt.s.w	f18,x23	 x23:0xfffffd30 f18=0xc4340000
     391805.000 ns	     39179	80007d64	0079e133	or	x2,x19,x7	 x19:0x04b8acb0  x7:0xff02080f  x2=0xffbaacbf
     391815.000 ns	     39180	80007d68	00000013	addi	x0,x0,0	  x0:0x00000000
     391825.000 ns	     39181	80007d6c	415f5d13	srai	x26,x30,0x15	 x30:0x00000005 x26=0x00000000
     391845.000 ns	     39183	80007d70	d00efbd3	fcvt.s.w	f23,x29	 x29:0x00000010 f23=0x41800000
     391875.000 ns	     39186	80007d74	c016fcd3	fcvt.wu.s	x25,f13	 f13:0x00000000 x25=0x00000000
     391905.000 ns	     39189	80007d78	c0007853	fcvt.w.s	x16,f0	  f0:0x7f800000 x16=0x7fffffff
     391925.000 ns	     39191	80007d7c	419c5fb3	sra	x31,x24,x25	 x24:0x00000000 x25:0x00000000 x31=0x00000000
     391945.000 ns	     39193	80007d80	d0144e53	fcvt.s.wu	f28,x8	  x8:0x00000000 f28=0x00000000
     391965.000 ns	     39195	80007d84	00000013	addi	x0,x0,0	  x0:0x00000000
     391975.000 ns	     39196	80007d88	003cc033	xor	x0,x25,x3	 x25:0x00000000  x3:0xffff3824
     391985.000 ns	     39197	80007d8c	00a12bb3	slt	x23,x2,x10	  x2:0xffbaacbf x10:0xfe041024 x23=0x00000000
     392005.000 ns	     39199	80007d90	a1b1ab53	feq.s	x22,f3,f27	  f3:0x42000000 f27:0x4f7e0410 x22=0x00000000
     392045.000 ns	     39203	80007d94	1949fdd3	fdiv.s	f27,f19,f20	 f19:0x7fc00000 f20:0xffffffff f27=0x7fc00000
     392065.000 ns	     39205	80007d98	01652cb3	slt	x25,x10,x22	 x10:0xfe041024 x22:0x00000000 x25=0x00000001
     392085.000 ns	     39207	80007d9c	293a1ad3	fmax.s	f21,f20,f19	 f20:0xffffffff f19:0x7fc00000 f21=0x7fc00000
     392105.000 ns	     39209	80007da0	1f4b0913	addi	x18,x22,500	 x22:0x00000000 x18=0x000001f4
     392125.000 ns	     39211	80007da4	d01f4853	fcvt.s.wu	f16,x30	 x30:0x00000005 f16=0x40a00000
     392155.000 ns	     39214	80007da8	d00c7a53	fcvt.s.w	f20,x24	 x24:0x00000000 f20=0x00000000
     392175.000 ns	     39216	80007dac	014450b3	srl	x1,x8,x20	  x8:0x00000000 x20:0x00000000  x1=0x00000000
     392195.000 ns	     39218	80007db0	a08a9b53	flt.s	x22,f21,f8	 f21:0x7fc00000  f8:0x00000000 x22=0x00000000
     392235.000 ns	     39222	80007db4	11270153	fmul.s	f2,f14,f18	 f14:0x4f7e0410 f18:0xc4340000  f2=0xd4329adb
     392265.000 ns	     39225	80007db8	209024d3	fsgnjx.s	f9,f0,f9	  f0:0x7f800000  f9:0x00002800  f9=0x7f800000
     392285.000 ns	     39227	80007dbc	005bdcb3	srl	x25,x23,x5	 x23:0x00000000  x5:0x00000000 x25=0x00000000
     392305.000 ns	     39229	80007dc0	291386d3	fmin.s	f13,f7,f17	  f7:0xff800000 f17:0x43600000 f13=0xff800000
     392335.000 ns	     39232	80007dc4	f00d0053	fmv.w.x	f0,x26	 x26:0x00000000  f0=0x00000000
     392355.000 ns	     39234	80007dc8	34a4bd37	lui	x26,0x34a4b	 x26=0x34a4b000
     392375.000 ns	     39236	80007dcc	037f5433	divu	x8,x30,x23	 x30:0x00000005 x23:0x00000000  x8=0xffffffff
     392395.000 ns	     39238	80007dd0	01764933	xor	x18,x12,x23	 x12:0x00000001 x23:0x00000000 x18=0x00000001
     392415.000 ns	     39240	80007dd4	20ea9e53	fsgnjn.s	f28,f21,f14	 f21:0x7fc00000 f14:0x4f7e0410 f28=0xffc00000
     392445.000 ns	     39243	80007dd8	292410d3	fmax.s	f1,f8,f18	  f8:0x00000000 f18:0xc4340000  f1=0x00000000
     392465.000 ns	     39245	80007ddc	735c4193	xori	x3,x24,1845	 x24:0x00000000  x3=0x00000735
     392485.000 ns	     39247	80007de0	0239b1b3	mulhu	x3,x19,x3	 x19:0x04b8acb0  x3:0xffff3824  x3=0x00000022
     392505.000 ns	     39249	80007de4	00421b13	slli	x22,x4,0x4	  x4:0x00000000 x22=0x00000000
     392525.000 ns	     39251	80007de8	20f29a53	fsgnjn.s	f20,f5,f15	  f5:0x4f7e0410 f15:0x7fc00000 f20=0xcf7e0410
     392555.000 ns	     39254	80007dec	f00f81d3	fmv.w.x	f3,x31	 x31:0x00000000  f3=0x00000000
     392585.000 ns	     39257	80007df0	29690053	fmin.s	f0,f18,f22	 f18:0xc4340000 f22:0x7fc00000  f0=0xc4340000
     392605.000 ns	     39259	80007df4	c08a8593	addi	x11,x21,-1016	 x21:0x00000000 x11=0xfffffc08
     393775.000 ns	     39376	80007df8	580ba7d3	fsqrt.s	f15,f23	 f23:0x41800000 f15=0x407fffae
     393795.000 ns	     39378	80007dfc	9d464813	xori	x16,x12,-1580	 x12:0x00000001 x16=0xfffff9d5
     393815.000 ns	     39380	80007e00	f0000453	fmv.w.x	f8,x0	  x0:0x00000000  f8=0x00000000
     393835.000 ns	     39382	80007e04	294a7c93	andi	x25,x20,660	 x20:0x00000000 x25=0x00000000
     393845.000 ns	     39383	80007e08	00791193	slli	x3,x18,0x7	 x18:0x00000001  x3=0x00000080
     393865.000 ns	     39385	80007e0c	024079b3	remu	x19,x0,x4	  x0:0x00000000  x4:0x00000000 x19=0x00000000
     393905.000 ns	     39389	80007e10	18ce7ad3	fdiv.s	f21,f28,f12	 f28:0xffc00000 f12:0x00000000 f21=0x7fc00000
     393935.000 ns	     39392	80007e14	21161a53	fsgnjn.s	f20,f12,f17	 f12:0x00000000 f17:0x43600000 f20=0x80000000
     393975.000 ns	     39396	80007e18	180e4e53	fdiv.s	f28,f28,f0	 f28:0xffc00000  f0:0xc4340000 f28=0x7fc00000
     393995.000 ns	     39398	80007e1c	00000013	addi	x0,x0,0	  x0:0x00000000
     394015.000 ns	     39400	80007e20	28e589d3	fmin.s	f19,f11,f14	 f11:0x00000000 f14:0x4f7e0410 f19=0x00000000
     394045.000 ns	     39403	80007e24	20cfa9d3	fsgnjx.s	f19,f31,f12	 f31:0x00000000 f12:0x00000000 f19=0x00000000
     394075.000 ns	     39406	80007e28	038f2db3	mulhsu	x27,x30,x24	 x30:0x00000005 x24:0x00000000 x27=0x00000000
     394095.000 ns	     39408	80007e2c	952b4913	xori	x18,x22,-1710	 x22:0x00000000 x18=0xfffff952
     394105.000 ns	     39409	80007e30	01bb9c13	slli	x24,x23,0x1b	 x23:0x00000000 x24=0x00000000
     394125.000 ns	     39411	80007e34	a1c707d3	fle.s	x15,f14,f28	 f14:0x4f7e0410 f28:0x7fc00000 x15=0x00000000
     394155.000 ns	     39414	80007e38	d0137053	fcvt.s.wu	f0,x6	  x6:0xfb4753f8  f0=0x4f7b4753
     394185.000 ns	     39417	80007e3c	0243d2b3	divu	x5,x7,x4	  x7:0xff02080f  x4:0x00000000  x5=0xffffffff
     394205.000 ns	     39419	80007e40	cccac093	xori	x1,x21,-820	 x21:0x00000000  x1=0xfffffccc
     394215.000 ns	     39420	80007e44	00817333	and	x6,x2,x8	  x2:0xffbaacbf  x8:0xffffffff  x6=0xffbaacbf
     394575.000 ns	     39456	80007e48	022550b3	divu	x1,x10,x2	 x10:0xfe041024  x2:0xffbaacbf  x1=0x00000000
     394605.000 ns	     39459	80007e4c	a1c61cd3	flt.s	x25,f12,f28	 f12:0x00000000 f28:0x7fc00000 x25=0x00000000
     394635.000 ns	     39462	80007e50	c015f3d3	fcvt.wu.s	x7,f11	 f11:0x00000000  x7=0x00000000
     394655.000 ns	     39464	80007e54	daff8797	auipc	x15,0xdaff8	 x15=0x5afffe54
     395015.000 ns	     39500	80007e58	02d57bb3	remu	x23,x10,x13	 x10:0xfe041024 x13:0xfb47503d x23=0x02bcbfe7
     395035.000 ns	     39502	80007e5c	50237e93	andi	x29,x6,1282	  x6:0xffbaacbf x29=0x00000402
     395055.000 ns	     39504	80007e60	e0090dd3	fmv.x.w	x27,f18	 f18:0xc4340000 x27=0xc4340000
     395085.000 ns	     39507	80007e64	d00793d3	fcvt.s.w	f7,x15	 x15:0x5afffe54  f7=0x4eb5fffc
     396265.000 ns	     39625	80007e68	5807f3d3	fsqrt.s	f7,f15	 f15:0x407fffae  f7=0x3fb5042a
     396295.000 ns	     39628	80007e6c	a1b10753	fle.s	x14,f2,f27	  f2:0xd4329adb f27:0x7fc00000 x14=0x00000000
     396315.000 ns	     39630	80007e70	e173c513	xori	x10,x7,-489	  x7:0x00000000 x10=0xfffffe17
     396675.000 ns	     39666	80007e74	02fcd9b3	divu	x19,x25,x15	 x25:0x00000000 x15:0x5afffe54 x19=0x00000000
     396695.000 ns	     39668	80007e78	01241433	sll	x8,x8,x18	  x8:0xffffffff x18:0xfffff952  x8=0xfffc0000
     396715.000 ns	     39670	80007e7c	d0147c53	fcvt.s.wu	f24,x8	  x8:0xffffffff f24=0x4f7ffc00
     396765.000 ns	     39675	80007e80	08dff4d3	fsub.s	f9,f31,f13	 f31:0x00000000 f13:0xff800000  f9=0x7f800000
     396785.000 ns	     39677	80007e84	41088733	sub	x14,x17,x16	 x17:0x80040fe4 x16:0xfffff9d5 x14=0x8004160f
     396805.000 ns	     39679	80007e88	034833b3	mulhu	x7,x16,x20	 x16:0xfffff9d5 x20:0x00000000  x7=0x00000000
     396835.000 ns	     39682	80007e8c	e0020753	fmv.x.w	x14,f4	  f4:0x00000000 x14=0x00000000
     396865.000 ns	     39685	80007e90	204b25d3	fsgnjx.s	f11,f22,f4	 f22:0x7fc00000  f4:0x00000000 f11=0x7fc00000
     396895.000 ns	     39688	80007e94	c00ef453	fcvt.w.s	x8,f29	 f29:0x00000000  x8=0x00000000
     396925.000 ns	     39691	80007e98	03b930b3	mulhu	x1,x18,x27	 x18:0xfffff952 x27:0xc4340000  x1=0xc433fae1
     396945.000 ns	     39693	80007e9c	00aef433	and	x8,x29,x10	 x29:0x00000402 x10:0xfffffe17  x8=0x00000402
     396955.000 ns	     39694	80007ea0	e3bca313	slti	x6,x25,-453	 x25:0x00000000  x6=0x00000000
     396965.000 ns	     39695	80007ea4	40ff5713	srai	x14,x30,0xf	 x30:0x00000005 x14=0x00000000
     396975.000 ns	     39696	80007ea8	b98a8013	addi	x0,x21,-1128	 x21:0x00000000
     396995.000 ns	     39698	80007eac	e00b1d53	fclass.s	x26,f22	 f22:0x7fc00000 x26=0x00000200
     397015.000 ns	     39700	80007eb0	00000013	addi	x0,x0,0	  x0:0x00000000
     397035.000 ns	     39702	80007eb4	c00a7953	fcvt.w.s	x18,f20	 f20:0x80000000 x18=0x00000000
     397405.000 ns	     39739	80007eb8	02327cb3	remu	x25,x4,x3	  x4:0x00000000  x3:0x00000080 x25=0x00000000
     397435.000 ns	     39742	80007ebc	c006f153	fcvt.w.s	x2,f13	 f13:0xff800000  x2=0x80000000
     397455.000 ns	     39744	80007ec0	01c64933	xor	x18,x12,x28	 x12:0x00000001 x28:0x80041024 x18=0x80041025
     397465.000 ns	     39745	80007ec4	00000013	addi	x0,x0,0	  x0:0x00000000
     397475.000 ns	     39746	80007ec8	005a0533	add	x10,x20,x5	 x20:0x00000000  x5:0xffffffff x10=0xffffffff
     397485.000 ns	     39747	80007ecc	01f4b233	sltu	x4,x9,x31	  x9:0x00000200 x31:0x00000000  x4=0x00000000
     397505.000 ns	     39749	80007ed0	29938b53	fmin.s	f22,f7,f25	  f7:0x3fb5042a f25:0x00000000 f22=0x00000000
     397525.000 ns	     39751	80007ed4	95d8be93	sltiu	x29,x17,-1699	 x17:0x80040fe4 x29=0x00000001
     397555.000 ns	     39754	80007ed8	11acfa53	fmul.s	f20,f25,f26	 f25:0x00000000 f26:0x3f800000 f20=0x00000000
     397575.000 ns	     39756	80007edc	411f8933	sub	x18,x31,x17	 x31:0x00000000 x17:0x80040fe4 x18=0x7ffbf01c
     397585.000 ns	     39757	80007ee0	4092d333	sra	x6,x5,x9	  x5:0xffffffff  x9:0x00000200  x6=0xffffffff
     397605.000 ns	     39759	80007ee4	a12780d3	fle.s	x1,f15,f18	 f15:0x407fffae f18:0xc4340000  x1=0x00000000
     397625.000 ns	     39761	80007ee8	40b20733	sub	x14,x4,x11	  x4:0x00000000 x11:0xfffffc08 x14=0x000003f8
     397645.000 ns	     39763	80007eec	035c9c33	mulh	x24,x25,x21	 x25:0x00000000 x21:0x00000000 x24=0x00000000
     397675.000 ns	     39766	80007ef0	f00a0ad3	fmv.w.x	f21,x20	 x20:0x00000000 f21=0x00000000
     397695.000 ns	     39768	80007ef4	1e41b693	sltiu	x13,x3,484	  x3:0x00000080 x13=0x00000001
     397715.000 ns	     39770	80007ef8	a16911d3	flt.s	x3,f18,f22	 f18:0xc4340000 f22:0x00000000  x3=0x00000001
     397735.000 ns	     39772	80007efc	b42e8593	addi	x11,x29,-1214	 x29:0x00000001 x11=0xfffffb43
     397745.000 ns	     39773	80007f00	01365a93	srli	x21,x12,0x13	 x12:0x00000001 x21=0x00000000
     397765.000 ns	     39775	80007f04	a08d03d3	fle.s	x7,f26,f8	 f26:0x3f800000  f8:0x00000000  x7=0x00000000
     397785.000 ns	     39777	80007f08	01647833	and	x16,x8,x22	  x8:0x00000402 x22:0x00000000 x16=0x00000000
     397805.000 ns	     39779	80007f0c	e0050c53	fmv.x.w	x24,f10	 f10:0x7fc00000 x24=0x7fc00000
     397835.000 ns	     39782	80007f10	a0128a53	fle.s	x20,f5,f1	  f5:0x4f7e0410  f1:0x00000000 x20=0x00000000
     398205.000 ns	     39819	80007f14	03af5eb3	divu	x29,x30,x26	 x30:0x00000005 x26:0x00000200 x29=0x00000000
     398225.000 ns	     39821	80007f18	b31ab493	sltiu	x9,x21,-1231	 x21:0x00000000  x9=0x00000001
     398235.000 ns	     39822	80007f1c	41b35733	sra	x14,x6,x27	  x6:0xffffffff x27:0xc4340000 x14=0xffffffff
     398255.000 ns	     39824	80007f20	03345bb3	divu	x23,x8,x19	  x8:0x00000402 x19:0x00000000 x23=0xffffffff
     398275.000 ns	     39826	80007f24	41475a13	srai	x20,x14,0x14	 x14:0x000003f8 x20=0xffffffff
     398285.000 ns	     39827	80007f28	d2cc2793	slti	x15,x24,-724	 x24:0x7fc00000 x15=0x00000000
     398305.000 ns	     39829	80007f2c	20679bd3	fsgnjn.s	f23,f15,f6	 f15:0x407fffae  f6:0x43600000 f23=0xc07fffae
     398355.000 ns	     39834	80007f30	084418d3	fsub.s	f17,f8,f4	  f8:0x00000000  f4:0x00000000 f17=0x80000000
     398375.000 ns	     39836	80007f34	41bcd693	srai	x13,x25,0x1b	 x25:0x00000000 x13=0x00000000
     398395.000 ns	     39838	80007f38	03961233	mulh	x4,x12,x25	 x12:0x00000001 x25:0x00000000  x4=0x00000000
     398415.000 ns	     39840	80007f3c	064aa417	auipc	x8,0x64aa	  x8=0x864b1f3c
     398435.000 ns	     39842	80007f40	a0b815d3	flt.s	x11,f16,f11	 f16:0x40a00000 f11:0x7fc00000 x11=0x00000000
     398465.000 ns	     39845	80007f44	21a087d3	fsgnj.s	f15,f1,f26	  f1:0x00000000 f26:0x3f800000 f15=0x00000000
     398495.000 ns	     39848	80007f48	20a3a7d3	fsgnjx.s	f15,f7,f10	  f7:0x3fb5042a f10:0x7fc00000 f15=0x3fb5042a
     398515.000 ns	     39850	80007f4c	006e3d33	sltu	x26,x28,x6	 x28:0x80041024  x6:0xffffffff x26=0x00000001
     398525.000 ns	     39851	80007f50	00670033	add	x0,x14,x6	 x14:0xffffffff  x6:0xffffffff
     398535.000 ns	     39852	80007f54	0119d233	srl	x4,x19,x17	 x19:0x00000000 x17:0x80040fe4  x4=0x00000000
     398555.000 ns	     39854	80007f58	20fc11d3	fsgnjn.s	f3,f24,f15	 f24:0x4f7ffc00 f15:0x3fb5042a  f3=0xcf7ffc00
     398595.000 ns	     39858	80007f5c	580f9d53	fsqrt.s	f26,f31	 f31:0x00000000 f26=0x00000000
     398615.000 ns	     39860	80007f60	01bad133	srl	x2,x21,x27	 x21:0x00000000 x27:0xc4340000  x2=0x00000000
     398625.000 ns	     39861	80007f64	0091a4b3	slt	x9,x3,x9	  x3:0x00000001  x9:0x00000001  x9=0x00000000
     398635.000 ns	     39862	80007f68	41690db3	sub	x27,x18,x22	 x18:0x7ffbf01c x22:0x00000000 x27=0x7ffbf01c
     398645.000 ns	     39863	80007f6c	4160d833	sra	x16,x1,x22	  x1:0x00000000 x22:0x00000000 x16=0x00000000
     398675.000 ns	     39866	80007f70	18c381d3	fdiv.s	f3,f7,f12	  f7:0x3fb5042a f12:0x00000000  f3=0x7f800000
     398695.000 ns	     39868	80007f74	00000013	addi	x0,x0,0	  x0:0x00000000
     398705.000 ns	     39869	80007f78	41dd5c33	sra	x24,x26,x29	 x26:0x00000001 x29:0x00000000 x24=0x00000001
     398725.000 ns	     39871	80007f7c	c009b5d3	fcvt.w.s	x11,f19	 f19:0x00000000 x11=0x00000000
     398745.000 ns	     39873	80007f80	00c35793	srli	x15,x6,0xc	  x6:0xffffffff x15=0x000fffff
     398755.000 ns	     39874	80007f84	01b083b3	add	x7,x1,x27	  x1:0x00000000 x27:0x7ffbf01c  x7=0x7ffbf01c
     398765.000 ns	     39875	80007f88	41ea5093	srai	x1,x20,0x1e	 x20:0xffffffff  x1=0xffffffff
     398795.000 ns	     39878	80007f8c	580df953	fsqrt.s	f18,f27	 f27:0x7fc00000 f18=0x7fc00000
     398825.000 ns	     39881	80007f90	021d3733	mulhu	x14,x26,x1	 x26:0x00000001  x1:0x00000000 x14=0x00000000
     398845.000 ns	     39883	80007f94	7578e637	lui	x12,0x7578e	 x12=0x7578e000
     398865.000 ns	     39885	80007f98	d0007953	fcvt.s.w	f18,x0	  x0:0x00000000 f18=0x00000000
     398895.000 ns	     39888	80007f9c	210b08d3	fsgnj.s	f17,f22,f16	 f22:0x00000000 f16:0x40a00000 f17=0x00000000
     398915.000 ns	     39890	80007fa0	008b56b3	srl	x13,x22,x8	 x22:0x00000000  x8:0x864b1f3c x13=0x00000000
     398935.000 ns	     39892	80007fa4	211586d3	fsgnj.s	f13,f11,f17	 f11:0x7fc00000 f17:0x00000000 f13=0x7fc00000
     399305.000 ns	     39929	80007fa8	03846cb3	rem	x25,x8,x24	  x8:0x864b1f3c x24:0x00000001 x25=0x00000000
     399325.000 ns	     39931	80007fac	005596b3	sll	x13,x11,x5	 x11:0x00000000  x5:0xffffffff x13=0x00000000
     399345.000 ns	     39933	80007fb0	024c30b3	mulhu	x1,x24,x4	 x24:0x00000001  x4:0x00000000  x1=0x00000000
     399365.000 ns	     39935	80007fb4	01f56333	or	x6,x10,x31	 x10:0xffffffff x31:0x00000000  x6=0xffffffff
     399375.000 ns	     39936	80007fb8	aece0613	addi	x12,x28,-1300	 x28:0x80041024 x12=0x80040b10
     399395.000 ns	     39938	80007fbc	c00bc2d3	fcvt.w.s	x5,f23	 f23:0xc07fffae  x5=0xfffffffc
     399425.000 ns	     39941	80007fc0	c0021853	fcvt.w.s	x16,f4	  f4:0x00000000 x16=0x00000000
     399455.000 ns	     39944	80007fc4	032a1ab3	mulh	x21,x20,x18	 x20:0xffffffff x18:0x7ffbf01c x21=0xffffffff
     399485.000 ns	     39947	80007fc8	213c2453	fsgnjx.s	f8,f24,f19	 f24:0x4f7ffc00 f19:0x00000000  f8=0x4f7ffc00
     399515.000 ns	     39950	80007fcc	029ba133	mulhsu	x2,x23,x9	 x23:0xffffffff  x9:0x00000000  x2=0x00000000
     399535.000 ns	     39952	80007fd0	41785233	sra	x4,x16,x23	 x16:0x00000000 x23:0xffffffff  x4=0x00000000
     399895.000 ns	     39988	80007fd4	03bbdb33	divu	x22,x23,x27	 x23:0xffffffff x27:0x7ffbf01c x22=0x00000002
     399925.000 ns	     39991	80007fd8	03f0a6b3	mulhsu	x13,x1,x31	  x1:0x00000000 x31:0x00000000 x13=0x00000000
     399975.000 ns	     39996	80007fdc	089d76d3	fsub.s	f13,f26,f9	 f26:0x00000000  f9:0x7f800000 f13=0xff800000
     400005.000 ns	     39999	80007fe0	f0030dd3	fmv.w.x	f27,x6	  x6:0xffffffff f27=0xffffffff
     400035.000 ns	     40002	80007fe4	02dcbc33	mulhu	x24,x25,x13	 x25:0x00000000 x13:0x00000000 x24=0x00000000
     400055.000 ns	     40004	80007fe8	00dad213	srli	x4,x21,0xd	 x21:0xffffffff  x4=0x0007ffff
     400065.000 ns	     40005	80007fec	000892b3	sll	x5,x17,x0	 x17:0x80040fe4  x0:0x00000000  x5=0x80040fe4
     400425.000 ns	     40041	80007ff0	03a6cfb3	div	x31,x13,x26	 x13:0x00000000 x26:0x00000001 x31=0x00000000
     400445.000 ns	     40043	80007ff4	81b23313	sltiu	x6,x4,-2021	  x4:0x0007ffff  x6=0x00000001
     400465.000 ns	     40045	80007ff8	212199d3	fsgnjn.s	f19,f3,f18	  f3:0x7f800000 f18:0x00000000 f19=0xff800000
     400485.000 ns	     40047	80007ffc	7c987c93	andi	x25,x16,1993	 x16:0x00000000 x25=0x00000000
     400495.000 ns	     40048	80008000	4045d513	srai	x10,x11,0x4	 x11:0x00000000 x10=0x00000000
     400505.000 ns	     40049	80008004	014516b3	sll	x13,x10,x20	 x10:0xffffffff x20:0xffffffff x13=0x00000000
     400515.000 ns	     40050	80008008	00f11813	slli	x16,x2,0xf	  x2:0x00000000 x16=0x00000000
     400535.000 ns	     40052	8000800c	027e3b33	mulhu	x22,x28,x7	 x28:0x80041024  x7:0x7ffbf01c x22=0x4000000f
     400565.000 ns	     40055	80008010	0228f833	remu	x16,x17,x2	 x17:0x80040fe4  x2:0x00000000 x16=0x80040fe4
     400595.000 ns	     40058	80008014	29d617d3	fmax.s	f15,f12,f29	 f12:0x00000000 f29:0x00000000 f15=0x00000000
     400625.000 ns	     40061	80008018	28fb91d3	fmax.s	f3,f23,f15	 f23:0xc07fffae f15:0x3fb5042a  f3=0x00000000
     400645.000 ns	     40063	8000801c	00000013	addi	x0,x0,0	  x0:0x00000000
     400655.000 ns	     40064	80008020	00345093	srli	x1,x8,0x3	  x8:0x864b1f3c  x1=0x10c963e7
     400665.000 ns	     40065	80008024	017acdb3	xor	x27,x21,x23	 x21:0xffffffff x23:0xffffffff x27=0x00000000
     400685.000 ns	     40067	80008028	2092abd3	fsgnjx.s	f23,f5,f9	  f5:0x4f7e0410  f9:0x7f800000 f23=0x4f7e0410
     400705.000 ns	     40069	8000802c	d9964713	xori	x14,x12,-615	 x12:0x80040b10 x14=0x7ffbf689
     400725.000 ns	     40071	80008030	29561053	fmax.s	f0,f12,f21	 f12:0x00000000 f21:0x00000000  f0=0x00000000
     400775.000 ns	     40076	80008034	0961fad3	fsub.s	f21,f3,f22	  f3:0x00000000 f22:0x00000000 f21=0x80000000
     400805.000 ns	     40079	80008038	28da12d3	fmax.s	f5,f20,f13	 f20:0x00000000 f13:0xff800000  f5=0x00000000
     400835.000 ns	     40082	8000803c	02d034b3	mulhu	x9,x0,x13	  x0:0x00000000 x13:0x00000000  x9=0x00000000
     400865.000 ns	     40085	80008040	d001a7d3	fcvt.s.w	f15,x3	  x3:0x00000001 f15=0x3f800000
     400885.000 ns	     40087	80008044	41e85213	srai	x4,x16,0x1e	 x16:0x80040fe4  x4=0xfffffffe
     400895.000 ns	     40088	80008048	012fb833	sltu	x16,x31,x18	 x31:0x00000000 x18:0x7ffbf01c x16=0x00000001
     400905.000 ns	     40089	8000804c	018d24b3	slt	x9,x26,x24	 x26:0x00000001 x24:0x00000000  x9=0x00000000
     400925.000 ns	     40091	80008050	a1ebac53	feq.s	x24,f23,f30	 f23:0x4f7e0410 f30:0x00000001 x24=0x00000000
     400975.000 ns	     40096	80008054	093084d3	fsub.s	f9,f1,f19	  f1:0x00000000 f19:0xff800000  f9=0x7f800000
     401005.000 ns	     40099	80008058	e0008a53	fmv.x.w	x20,f1	  f1:0x00000000 x20=0x00000000
     401035.000 ns	     40102	8000805c	a04099d3	flt.s	x19,f1,f4	  f1:0x00000000  f4:0x00000000 x19=0x00000000
     401065.000 ns	     40105	80008060	d01a2ed3	fcvt.s.wu	f29,x20	 x20:0x00000000 f29=0x00000000
     401095.000 ns	     40108	80008064	0392b333	mulhu	x6,x5,x25	  x5:0x80040fe4 x25:0x00000000  x6=0x00000000
     401115.000 ns	     40110	80008068	61946013	ori	x0,x8,1561	  x8:0x864b1f3c
     401135.000 ns	     40112	8000806c	c004c0d3	fcvt.w.s	x1,f9	  f9:0x7f800000  x1=0x7fffffff
     401165.000 ns	     40115	80008070	e0069853	fclass.s	x16,f13	 f13:0xff800000 x16=0x00000001
     401185.000 ns	     40117	80008074	0136d593	srli	x11,x13,0x13	 x13:0x00000000 x11=0x00000000
     401195.000 ns	     40118	80008078	01271633	sll	x12,x14,x18	 x14:0x7ffbf689 x18:0x7ffbf01c x12=0x90000000
     401215.000 ns	     40120	8000807c	20001e53	fsgnjn.s	f28,f0,f0	  f0:0x00000000  f0:0x00000000 f28=0x80000000
     401235.000 ns	     40122	80008080	a330f0b7	lui	x1,0xa330f	  x1=0xa330f000
     401245.000 ns	     40123	80008084	00d2fd33	and	x26,x5,x13	  x5:0x80040fe4 x13:0x00000000 x26=0x00000000
     401255.000 ns	     40124	80008088	00c6b033	sltu	x0,x13,x12	 x13:0x00000000 x12:0x90000000
     401275.000 ns	     40126	8000808c	036aa033	mulhsu	x0,x21,x22	 x21:0xffffffff x22:0x4000000f
     401295.000 ns	     40128	80008090	40ec8133	sub	x2,x25,x14	 x25:0x00000000 x14:0x7ffbf689  x2=0x80040977
     401315.000 ns	     40130	80008094	d0199253	fcvt.s.wu	f4,x19	 x19:0x00000000  f4=0x00000000
     401345.000 ns	     40133	80008098	020219b3	mulh	x19,x4,x0	  x4:0xfffffffe  x0:0x00000000 x19=0x00000000
     401365.000 ns	     40135	8000809c	40165d33	sra	x26,x12,x1	 x12:0x90000000  x1:0xa330f000 x26=0x90000000
     401375.000 ns	     40136	800080a0	3a658093	addi	x1,x11,934	 x11:0x00000000  x1=0x000003a6
     401385.000 ns	     40137	800080a4	014854b3	srl	x9,x16,x20	 x16:0x00000001 x20:0x00000000  x9=0x00000001
     401395.000 ns	     40138	800080a8	01b797b3	sll	x15,x15,x27	 x15:0x000fffff x27:0x00000000 x15=0x000fffff
     401415.000 ns	     40140	800080ac	a1d91fd3	flt.s	x31,f18,f29	 f18:0x00000000 f29:0x00000000 x31=0x00000000
     401445.000 ns	     40143	800080b0	e00903d3	fmv.x.w	x7,f18	 f18:0x00000000  x7=0x00000000
     401465.000 ns	     40145	800080b4	00ceaa33	slt	x20,x29,x12	 x29:0x00000000 x12:0x90000000 x20=0x00000000
     401475.000 ns	     40146	800080b8	c8d0c613	xori	x12,x1,-883	  x1:0x000003a6 x12=0xffffff2b
     401485.000 ns	     40147	800080bc	5b08ec93	ori	x25,x17,1456	 x17:0x80040fe4 x25=0x80040ff4
     401525.000 ns	     40151	800080c0	01451cd3	fadd.s	f25,f10,f20	 f10:0x7fc00000 f20:0x00000000 f25=0x7fc00000
     401545.000 ns	     40153	800080c4	013b3033	sltu	x0,x22,x19	 x22:0x4000000f x19:0x00000000
     401565.000 ns	     40155	800080c8	d01400d3	fcvt.s.wu	f1,x8	  x8:0x864b1f3c  f1=0x4f064b1f
     401585.000 ns	     40157	800080cc	00000013	addi	x0,x0,0	  x0:0x00000000
     401605.000 ns	     40159	800080d0	d0004853	fcvt.s.w	f16,x0	  x0:0x00000000 f16=0x00000000
     401635.000 ns	     40162	800080d4	a1c6a253	feq.s	x4,f13,f28	 f13:0xff800000 f28:0x80000000  x4=0x00000000
     401665.000 ns	     40165	800080d8	c01d4b53	fcvt.wu.s	x22,f26	 f26:0x00000000 x22=0x00000000
     401695.000 ns	     40168	800080dc	e0028a53	fmv.x.w	x20,f5	  f5:0x00000000 x20=0x00000000
     401725.000 ns	     40171	800080e0	292581d3	fmin.s	f3,f11,f18	 f11:0x7fc00000 f18:0x00000000  f3=0x00000000
     401755.000 ns	     40174	800080e4	03ee9833	mulh	x16,x29,x30	 x29:0x00000000 x30:0x00000005 x16=0x00000000
     401785.000 ns	     40177	800080e8	a1cc8c53	fle.s	x24,f25,f28	 f25:0x7fc00000 f28:0x80000000 x24=0x00000000
     402155.000 ns	     40214	800080ec	022ce133	rem	x2,x25,x2	 x25:0x80040ff4  x2:0x80040977  x2=0x80040ff4
     402175.000 ns	     40216	800080f0	40ecd333	sra	x6,x25,x14	 x25:0x80040ff4 x14:0x7ffbf689  x6=0xffc00207
     402205.000 ns	     40219	800080f4	580ef1d3	fsqrt.s	f3,f29	 f29:0x00000000  f3=0x00000000
     402225.000 ns	     40221	800080f8	01657bb3	and	x23,x10,x22	 x10:0x00000000 x22:0x00000000 x23=0x00000000
     402255.000 ns	     40224	800080fc	18c83ad3	fdiv.s	f21,f16,f12	 f16:0x00000000 f12:0x00000000 f21=0x7fc00000
     402275.000 ns	     40226	80008100	01fa1833	sll	x16,x20,x31	 x20:0x00000000 x31:0x00000000 x16=0x00000000
     402285.000 ns	     40227	80008104	2ee3b993	sltiu	x19,x7,750	  x7:0x00000000 x19=0x00000001
     402305.000 ns	     40229	80008108	0338a9b3	mulhsu	x19,x17,x19	 x17:0x80040fe4 x19:0x00000000 x19=0xffffffff
     402355.000 ns	     40234	8000810c	09a370d3	fsub.s	f1,f6,f26	  f6:0x43600000 f26:0x00000000  f1=0x43600000
     402375.000 ns	     40236	80008110	71a577b7	lui	x15,0x71a57	 x15=0x71a57000
     402385.000 ns	     40237	80008114	01d33bb3	sltu	x23,x6,x29	  x6:0xffc00207 x29:0x00000000 x23=0x00000000
     402395.000 ns	     40238	80008118	cf357b37	lui	x22,0xcf357	 x22=0xcf357000
     402405.000 ns	     40239	8000811c	1dae4293	xori	x5,x28,474	 x28:0x80041024  x5=0x800411fe
     402435.000 ns	     40242	80008120	580b4c53	fsqrt.s	f24,f22	 f22:0x00000000 f24=0x00000000
     402465.000 ns	     40245	80008124	d008fa53	fcvt.s.w	f20,x17	 x17:0x80040fe4 f20=0xcefff7e0
     402485.000 ns	     40247	80008128	00b2f033	and	x0,x5,x11	  x5:0x800411fe x11:0x00000000
     402525.000 ns	     40251	8000812c	008f1653	fadd.s	f12,f30,f8	 f30:0x00000001  f8:0x4f7ffc00 f12=0x4f7ffc00
     402545.000 ns	     40253	80008130	01060733	add	x14,x12,x16	 x12:0xffffff2b x16:0x00000000 x14=0xffffff2b
     402555.000 ns	     40254	80008134	dc414b13	xori	x22,x2,-572	  x2:0x80040ff4 x22=0x7ffbf230
     402575.000 ns	     40256	80008138	03f5b333	mulhu	x6,x11,x31	 x11:0x00000000 x31:0x00000000  x6=0x00000000
     402605.000 ns	     40259	8000813c	20790953	fsgnj.s	f18,f18,f7	 f18:0x00000000  f7:0x3fb5042a f18=0x00000000
     402635.000 ns	     40262	80008140	c013c9d3	fcvt.wu.s	x19,f7	  f7:0x3fb5042a x19=0x00000001
     402665.000 ns	     40265	80008144	c01c74d3	fcvt.wu.s	x9,f24	 f24:0x00000000  x9=0x00000000
     402685.000 ns	     40267	80008148	018ed733	srl	x14,x29,x24	 x29:0x00000000 x24:0x00000000 x14=0x00000000
     402705.000 ns	     40269	8000814c	20f786d3	fsgnj.s	f13,f15,f15	 f15:0x3f800000 f15:0x3f800000 f13=0x3f800000
     402735.000 ns	     40272	80008150	c01fa5d3	fcvt.wu.s	x11,f31	 f31:0x00000000 x11=0x00000000
     402765.000 ns	     40275	80008154	d00cbb53	fcvt.s.w	f22,x25	 x25:0x80040ff4 f22=0xcefff7e1
     402785.000 ns	     40277	80008158	00000013	addi	x0,x0,0	  x0:0x00000000
     402795.000 ns	     40278	8000815c	4008d593	srai	x11,x17,0x0	 x17:0x80040fe4 x11=0x80040fe4
     402815.000 ns	     40280	80008160	284d9a53	fmax.s	f20,f27,f4	 f27:0xffffffff  f4:0x00000000 f20=0x00000000
     402845.000 ns	     40283	80008164	02af9533	mulh	x10,x31,x10	 x31:0x00000000 x10:0x00000000 x10=0x00000000
     402875.000 ns	     40286	80008168	e00b16d3	fclass.s	x13,f22	 f22:0xcefff7e1 x13=0x00000002
     402905.000 ns	     40289	8000816c	03d5c233	div	x4,x11,x29	 x11:0x80040fe4 x29:0x00000000  x4=0xffffffff
     403275.000 ns	     40326	80008170	02866133	rem	x2,x12,x8	 x12:0xffffff2b  x8:0x864b1f3c  x2=0xffffff2b
     403295.000 ns	     40328	80008174	00000013	addi	x0,x0,0	  x0:0x00000000
     403305.000 ns	     40329	80008178	00000013	addi	x0,x0,0	  x0:0x00000000
     403315.000 ns	     40330	8000817c	01927cb3	and	x25,x4,x25	  x4:0xffffffff x25:0x80040ff4 x25=0x80040ff4
     403335.000 ns	     40332	80008180	21370ed3	fsgnj.s	f29,f14,f19	 f14:0x4f7e0410 f19:0xff800000 f29=0xcf7e0410
     403365.000 ns	     40335	80008184	f00488d3	fmv.w.x	f17,x9	  x9:0x00000000 f17=0x00000000
     403395.000 ns	     40338	80008188	a0d72953	feq.s	x18,f14,f13	 f14:0x4f7e0410 f13:0x3f800000 x18=0x00000000
     403415.000 ns	     40340	8000818c	000060b3	or	x1,x0,x0	  x0:0x00000000  x0:0x00000000  x1=0x00000000
     403435.000 ns	     40342	80008190	a0728d53	fle.s	x26,f5,f7	  f5:0x00000000  f7:0x3fb5042a x26=0x00000001
     403455.000 ns	     40344	80008194	003c3233	sltu	x4,x24,x3	 x24:0x00000000  x3:0x00000001  x4=0x00000001
     403465.000 ns	     40345	80008198	3bbabc93	sltiu	x25,x21,955	 x21:0xffffffff x25=0x00000000
     403485.000 ns	     40347	8000819c	f00389d3	fmv.w.x	f19,x7	  x7:0x00000000 f19=0x00000000
     403505.000 ns	     40349	800081a0	41a15c13	srai	x24,x2,0x1a	  x2:0xffffff2b x24=0xffffffff
     403865.000 ns	     40385	800081a4	03ce67b3	rem	x15,x28,x28	 x28:0x80041024 x28:0x80041024 x15=0x00000000
     403885.000 ns	     40387	800081a8	00659a13	slli	x20,x11,0x6	 x11:0x80040fe4 x20=0x0103f900
     403895.000 ns	     40388	800081ac	0031fab3	and	x21,x3,x3	  x3:0x00000001  x3:0x00000001 x21=0x00000001
     403925.000 ns	     40391	800081b0	5809f353	fsqrt.s	f6,f19	 f19:0x00000000  f6=0x00000000
     403955.000 ns	     40394	800081b4	03a88233	mul	x4,x17,x26	 x17:0x80040fe4 x26:0x00000001  x4=0x80040fe4
     403975.000 ns	     40396	800081b8	01b547b3	xor	x15,x10,x27	 x10:0x00000000 x27:0x00000000 x15=0x00000000
     403995.000 ns	     40398	800081bc	039312b3	mulh	x5,x6,x25	  x6:0x00000000 x25:0x00000000  x5=0x00000000
     404015.000 ns	     40400	800081c0	00000013	addi	x0,x0,0	  x0:0x00000000
     404025.000 ns	     40401	800081c4	e7c2e713	ori	x14,x5,-388	  x5:0x00000000 x14=0xfffffe7c
     404035.000 ns	     40402	800081c8	886db2b7	lui	x5,0x886db	  x5=0x886db000
     404045.000 ns	     40403	800081cc	01005113	srli	x2,x0,0x10	  x0:0x00000000  x2=0x00000000
     404055.000 ns	     40404	800081d0	41068c33	sub	x24,x13,x16	 x13:0x00000002 x16:0x00000000 x24=0x00000002
     404065.000 ns	     40405	800081d4	00000013	addi	x0,x0,0	  x0:0x00000000
     404075.000 ns	     40406	800081d8	01f9a933	slt	x18,x19,x31	 x19:0x00000001 x31:0x00000000 x18=0x00000000
     404085.000 ns	     40407	800081dc	01166eb3	or	x29,x12,x17	 x12:0xffffff2b x17:0x80040fe4 x29=0xffffffef
     404115.000 ns	     40410	800081e0	580a75d3	fsqrt.s	f11,f20	 f20:0x00000000 f11=0x00000000
     404155.000 ns	     40414	800081e4	5805a553	fsqrt.s	f10,f11	 f11:0x7fc00000 f10=0x00000000
     404185.000 ns	     40417	800081e8	203c2bd3	fsgnjx.s	f23,f24,f3	 f24:0x00000000  f3:0x00000000 f23=0x00000000
     404215.000 ns	     40420	800081ec	d00945d3	fcvt.s.w	f11,x18	 x18:0x00000000 f11=0x00000000
     404255.000 ns	     40424	800081f0	181d44d3	fdiv.s	f9,f26,f1	 f26:0x00000000  f1:0x43600000  f9=0x00000000
     404275.000 ns	     40426	800081f4	d379a113	slti	x2,x19,-713	 x19:0x00000001  x2=0x00000000
     404285.000 ns	     40427	800081f8	c4498513	addi	x10,x19,-956	 x19:0x00000001 x10=0xfffffc45
     404305.000 ns	     40429	800081fc	0393d633	divu	x12,x7,x25	  x7:0x00000000 x25:0x00000000 x12=0xffffffff
     404335.000 ns	     40432	80008200	0366b133	mulhu	x2,x13,x22	 x13:0x00000002 x22:0x7ffbf230  x2=0x00000000
     404355.000 ns	     40434	80008204	01ed1693	slli	x13,x26,0x1e	 x26:0x00000001 x13=0x40000000
     404385.000 ns	     40437	80008208	5808fbd3	fsqrt.s	f23,f17	 f17:0x00000000 f23=0x00000000
     404415.000 ns	     40440	8000820c	299814d3	fmax.s	f9,f16,f25	 f16:0x00000000 f25:0x7fc00000  f9=0x00000000
     404435.000 ns	     40442	80008210	00c463b3	or	x7,x8,x12	  x8:0x864b1f3c x12:0xffffffff  x7=0xffffffff
     404445.000 ns	     40443	80008214	00403c33	sltu	x24,x0,x4	  x0:0x00000000  x4:0x80040fe4 x24=0x00000001
     404465.000 ns	     40445	80008218	0322d3b3	divu	x7,x5,x18	  x5:0x886db000 x18:0x00000000  x7=0xffffffff
     404495.000 ns	     40448	8000821c	e0008ed3	fmv.x.w	x29,f1	  f1:0x43600000 x29=0x43600000
     404515.000 ns	     40450	80008220	00b7deb3	srl	x29,x15,x11	 x15:0x00000000 x11:0x80040fe4 x29=0x00000000
     404535.000 ns	     40452	80008224	d01df9d3	fcvt.s.wu	f19,x27	 x27:0x00000000 f19=0x00000000
     404555.000 ns	     40454	80008228	ea6c0393	addi	x7,x24,-346	 x24:0x00000001  x7=0xfffffea7
     404565.000 ns	     40455	8000822c	418ad433	sra	x8,x21,x24	 x21:0x00000001 x24:0x00000001  x8=0x00000000
     404575.000 ns	     40456	80008230	0091a833	slt	x16,x3,x9	  x3:0x00000001  x9:0x00000000 x16=0x00000000
     404935.000 ns	     40492	80008234	02466ab3	rem	x21,x12,x4	 x12:0xffffffff  x4:0x80040fe4 x21=0xffffffff
     404955.000 ns	     40494	80008238	015a44b3	xor	x9,x20,x21	 x20:0x0103f900 x21:0x00000001  x9=0xfefc06ff
     404975.000 ns	     40496	8000823c	e0039853	fclass.s	x16,f7	  f7:0x3fb5042a x16=0x00000040
     405005.000 ns	     40499	80008240	02720fb3	mul	x31,x4,x7	  x4:0x80040fe4  x7:0xfffffea7 x31=0x7a8695bc
     405035.000 ns	     40502	80008244	02f8d2b3	divu	x5,x17,x15	 x17:0x80040fe4 x15:0x00000000  x5=0xffffffff
     405055.000 ns	     40504	80008248	012ed4b3	srl	x9,x29,x18	 x29:0x00000000 x18:0x00000000  x9=0x00000000
     405065.000 ns	     40505	8000824c	fb264f93	xori	x31,x12,-78	 x12:0xffffffff x31=0x0000004d
     405085.000 ns	     40507	80008250	e0019953	fclass.s	x18,f3	  f3:0x00000000 x18=0x00000010
     405115.000 ns	     40510	80008254	e00802d3	fmv.x.w	x5,f16	 f16:0x00000000  x5=0x00000000
     405155.000 ns	     40514	80008258	10ce0853	fmul.s	f16,f28,f12	 f28:0x80000000 f12:0x4f7ffc00 f16=0x80000000
     405175.000 ns	     40516	8000825c	7dee8b97	auipc	x23,0x7dee8	 x23=0xfdef025c
     405185.000 ns	     40517	80008260	403ad533	sra	x10,x21,x3	 x21:0xffffffff  x3:0x00000001 x10=0xffffffff
     405195.000 ns	     40518	80008264	b3e62a37	lui	x20,0xb3e62	 x20=0xb3e62000
     405205.000 ns	     40519	80008268	fc4b7413	andi	x8,x22,-60	 x22:0x7ffbf230  x8=0x7ffbf200
     405225.000 ns	     40521	8000826c	a02a1b53	flt.s	x22,f20,f2	 f20:0x00000000  f2:0xd4329adb x22=0x00000000
     405245.000 ns	     40523	80008270	014d8d33	add	x26,x27,x20	 x27:0x00000000 x20:0xb3e62000 x26=0xb3e62000
     405265.000 ns	     40525	80008274	e0030dd3	fmv.x.w	x27,f6	  f6:0x00000000 x27=0x00000000
     405285.000 ns	     40527	80008278	413cdcb3	sra	x25,x25,x19	 x25:0x00000000 x19:0x00000001 x25=0x00000000
     405295.000 ns	     40528	8000827c	00a2b0b3	sltu	x1,x5,x10	  x5:0x00000000 x10:0xffffffff  x1=0x00000001
     405315.000 ns	     40530	80008280	d0057a53	fcvt.s.w	f20,x10	 x10:0xffffffff f20=0xbf800000
     405335.000 ns	     40532	80008284	01989013	slli	x0,x17,0x19	 x17:0x80040fe4
     405345.000 ns	     40533	80008288	00c1ebb3	or	x23,x3,x12	  x3:0x00000001 x12:0xffffffff x23=0xffffffff
     405355.000 ns	     40534	8000828c	6483f517	auipc	x10,0x6483f	 x10=0xe484728c
     405375.000 ns	     40536	80008290	a0fb23d3	feq.s	x7,f22,f15	 f22:0xcefff7e1 f15:0x3f800000  x7=0x00000000
     405405.000 ns	     40539	80008294	29019d53	fmax.s	f26,f3,f16	  f3:0x00000000 f16:0x80000000 f26=0x00000000
     405425.000 ns	     40541	80008298	009827b3	slt	x15,x16,x9	 x16:0x00000040  x9:0x00000000 x15=0x00000000
     405445.000 ns	     40543	8000829c	28af9cd3	fmax.s	f25,f31,f10	 f31:0x00000000 f10:0x00000000 f25=0x00000000
     405465.000 ns	     40545	800082a0	e9828613	addi	x12,x5,-360	  x5:0x00000000 x12=0xfffffe98
     405475.000 ns	     40546	800082a4	00000013	addi	x0,x0,0	  x0:0x00000000
     405495.000 ns	     40548	800082a8	d003c753	fcvt.s.w	f14,x7	  x7:0x00000000 f14=0x00000000
     405515.000 ns	     40550	800082ac	1886f397	auipc	x7,0x1886f	  x7=0x988772ac
     405555.000 ns	     40554	800082b0	09cbfbd3	fsub.s	f23,f23,f28	 f23:0x00000000 f28:0x80000000 f23=0x00000000
     405575.000 ns	     40556	800082b4	00acd493	srli	x9,x25,0xa	 x25:0x00000000  x9=0x00000000
     405585.000 ns	     40557	800082b8	00000013	addi	x0,x0,0	  x0:0x00000000
     405605.000 ns	     40559	800082bc	d012f453	fcvt.s.wu	f8,x5	  x5:0x00000000  f8=0x00000000
     405635.000 ns	     40562	800082c0	e00d8853	fmv.x.w	x16,f27	 f27:0xffffffff x16=0xffffffff
     406815.000 ns	     40680	800082c4	5800f153	fsqrt.s	f2,f1	  f1:0x43600000  f2=0x411e6453
     406855.000 ns	     40684	800082c8	1804c353	fdiv.s	f6,f9,f0	  f9:0x00000000  f0:0x00000000  f6=0x7fc00000
     406885.000 ns	     40687	800082cc	e0009ed3	fclass.s	x29,f1	  f1:0x43600000 x29=0x00000040
     406905.000 ns	     40689	800082d0	2618bd13	sltiu	x26,x17,609	 x17:0x80040fe4 x26=0x00000000
     406935.000 ns	     40692	800082d4	580d90d3	fsqrt.s	f1,f27	 f27:0xffffffff  f1=0x7fc00000
     406955.000 ns	     40694	800082d8	405bdc93	srai	x25,x23,0x5	 x23:0xffffffff x25=0xffffffff
     406995.000 ns	     40698	800082dc	08fe3c53	fsub.s	f24,f28,f15	 f28:0x80000000 f15:0x3f800000 f24=0xbf800000
     407015.000 ns	     40700	800082e0	7a11b737	lui	x14,0x7a11b	 x14=0x7a11b000
     407035.000 ns	     40702	800082e4	a1e49d53	flt.s	x26,f9,f30	  f9:0x00000000 f30:0x00000001 x26=0x00000001
     407065.000 ns	     40705	800082e8	e00b9cd3	fclass.s	x25,f23	 f23:0x00000000 x25=0x00000010
     407095.000 ns	     40708	800082ec	03e0bb33	mulhu	x22,x1,x30	  x1:0x00000001 x30:0x00000005 x22=0x00000000
     407115.000 ns	     40710	800082f0	018e7133	and	x2,x28,x24	 x28:0x80041024 x24:0x00000001  x2=0x00000000
     407135.000 ns	     40712	800082f4	29a00bd3	fmin.s	f23,f0,f26	  f0:0x00000000 f26:0x00000000 f23=0x00000000
     407155.000 ns	     40714	800082f8	015dfd33	and	x26,x27,x21	 x27:0x00000000 x21:0xffffffff x26=0x00000000
     407175.000 ns	     40716	800082fc	a0840153	fle.s	x2,f8,f8	  f8:0x00000000  f8:0x00000000  x2=0x00000001
     407195.000 ns	     40718	80008300	01d475b3	and	x11,x8,x29	  x8:0x7ffbf200 x29:0x00000040 x11=0x00000000
     407205.000 ns	     40719	80008304	415a01b3	sub	x3,x20,x21	 x20:0xb3e62000 x21:0xffffffff  x3=0xb3e62001
     407225.000 ns	     40721	80008308	21b02b53	fsgnjx.s	f22,f0,f27	  f0:0x00000000 f27:0xffffffff f22=0x80000000
     407255.000 ns	     40724	8000830c	020b2633	mulhsu	x12,x22,x0	 x22:0x00000000  x0:0x00000000 x12=0x00000000
     407275.000 ns	     40726	80008310	0061e433	or	x8,x3,x6	  x3:0xb3e62001  x6:0x00000000  x8=0xb3e62001
     407295.000 ns	     40728	80008314	280010d3	fmax.s	f1,f0,f0	  f0:0x00000000  f0:0x00000000  f1=0x00000000
     407345.000 ns	     40733	80008318	00fd7353	fadd.s	f6,f26,f15	 f26:0x00000000 f15:0x3f800000  f6=0x3f800000
     407365.000 ns	     40735	8000831c	01d7fb33	and	x22,x15,x29	 x15:0x00000000 x29:0x00000040 x22=0x00000000
     407375.000 ns	     40736	80008320	01e7b333	sltu	x6,x15,x30	 x15:0x00000000 x30:0x00000005  x6=0x00000001
     407405.000 ns	     40739	80008324	1120fa53	fmul.s	f20,f1,f18	  f1:0x00000000 f18:0x00000000 f20=0x00000000
     407435.000 ns	     40742	80008328	a029aa53	feq.s	x20,f19,f2	 f19:0x00000000  f2:0x411e6453 x20=0x00000000
     407465.000 ns	     40745	8000832c	d00a7a53	fcvt.s.w	f20,x20	 x20:0xb3e62000 f20=0x00000000
     407485.000 ns	     40747	80008330	cb914d93	xori	x27,x2,-839	  x2:0x00000001 x27=0xfffffcb8
     407495.000 ns	     40748	80008334	38b54b13	xori	x22,x10,907	 x10:0xe484728c x22=0xe4847107
     407515.000 ns	     40750	80008338	023d2233	mulhsu	x4,x26,x3	 x26:0x00000000  x3:0xb3e62001  x4=0x00000000
     407535.000 ns	     40752	8000833c	00000013	addi	x0,x0,0	  x0:0x00000000
     407555.000 ns	     40754	80008340	d00cbd53	fcvt.s.w	f26,x25	 x25:0x00000010 f26=0x41800000
     407585.000 ns	     40757	80008344	03a35bb3	divu	x23,x6,x26	  x6:0x00000001 x26:0x00000000 x23=0xffffffff
     407605.000 ns	     40759	80008348	001752b3	srl	x5,x14,x1	 x14:0x7a11b000  x1:0x00000001  x5=0x3d08d800
     407625.000 ns	     40761	8000834c	209500d3	fsgnj.s	f1,f10,f9	 f10:0x00000000  f9:0x00000000  f1=0x00000000
     408805.000 ns	     40879	80008350	580331d3	fsqrt.s	f3,f6	  f6:0x3f800000  f3=0x3f7fffae
     408825.000 ns	     40881	80008354	406e0717	auipc	x14,0x406e0	 x14=0xc06e8354
     408845.000 ns	     40883	80008358	024499b3	mulh	x19,x9,x4	  x9:0x00000000  x4:0x00000000 x19=0x00000000
     408865.000 ns	     40885	8000835c	00986333	or	x6,x16,x9	 x16:0xffffffff  x9:0x00000000  x6=0xffffffff
     408905.000 ns	     40889	80008360	003e0f53	fadd.s	f30,f28,f3	 f28:0x80000000  f3:0x3f7fffae f30=0x3f7fffae
     408935.000 ns	     40892	80008364	20139ed3	fsgnjn.s	f29,f7,f1	  f7:0x3fb5042a  f1:0x00000000 f29=0xbfb5042a
     408965.000 ns	     40895	80008368	e00113d3	fclass.s	x7,f2	  f2:0x411e6453  x7=0x00000040
     408985.000 ns	     40897	8000836c	58682c93	slti	x25,x16,1414	 x16:0xffffffff x25=0x00000001
     408995.000 ns	     40898	80008370	d9bff613	andi	x12,x31,-613	 x31:0x0000004d x12=0x00000009
     409025.000 ns	     40901	80008374	1964f153	fdiv.s	f2,f9,f22	  f9:0x00000000 f22:0x80000000  f2=0x7fc00000
     409055.000 ns	     40904	80008378	d007fe53	fcvt.s.w	f28,x15	 x15:0x00000000 f28=0x00000000
     409085.000 ns	     40907	8000837c	021c2233	mulhsu	x4,x24,x1	 x24:0x00000001  x1:0x00000001  x4=0x00000000
     409115.000 ns	     40910	80008380	c01a32d3	fcvt.wu.s	x5,f20	 f20:0x00000000  x5=0x00000000
     409145.000 ns	     40913	80008384	289d1fd3	fmax.s	f31,f26,f9	 f26:0x41800000  f9:0x00000000 f31=0x41800000
     409175.000 ns	     40916	80008388	d00729d3	fcvt.s.w	f19,x14	 x14:0xc06e8354 f19=0xce7e45f3
     409195.000 ns	     40918	8000838c	a4400593	addi	x11,x0,-1468	  x0:0x00000000 x11=0xfffffa44
     409215.000 ns	     40920	80008390	e00a0353	fmv.x.w	x6,f20	 f20:0x00000000  x6=0x00000000
     409245.000 ns	     40923	80008394	28a81d53	fmax.s	f26,f16,f10	 f16:0x80000000 f10:0x00000000 f26=0x00000000
     409265.000 ns	     40925	80008398	f2097193	andi	x3,x18,-224	 x18:0x00000010  x3=0x00000000
     409625.000 ns	     40961	8000839c	0271c1b3	div	x3,x3,x7	  x3:0xb3e62001  x7:0x00000040  x3=0x00000000
     409655.000 ns	     40964	800083a0	20322ed3	fsgnjx.s	f29,f4,f3	  f4:0x00000000  f3:0x3f7fffae f29=0x00000000
     409685.000 ns	     40967	800083a4	f00c0fd3	fmv.w.x	f31,x24	 x24:0x00000001 f31=0x00000001
     409705.000 ns	     40969	800083a8	01a1d333	srl	x6,x3,x26	  x3:0x00000000 x26:0x00000000  x6=0x00000000
     409715.000 ns	     40970	800083ac	010953b3	srl	x7,x18,x16	 x18:0x00000010 x16:0xffffffff  x7=0x00000000
     409735.000 ns	     40972	800083b0	20ff0953	fsgnj.s	f18,f30,f15	 f30:0x3f7fffae f15:0x3f800000 f18=0x3f7fffae
     409755.000 ns	     40974	800083b4	41370ab3	sub	x21,x14,x19	 x14:0xc06e8354 x19:0x00000000 x21=0xc06e8354
     409775.000 ns	     40976	800083b8	03e28533	mul	x10,x5,x30	  x5:0x00000000 x30:0x00000005 x10=0x00000000
     409805.000 ns	     40979	800083bc	02961bb3	mulh	x23,x12,x9	 x12:0x00000009  x9:0x00000000 x23=0x00000000
     409825.000 ns	     40981	800083c0	001ed9b3	srl	x19,x29,x1	 x29:0x00000040  x1:0x00000001 x19=0x00000020
     409845.000 ns	     40983	800083c4	03bcb3b3	mulhu	x7,x25,x27	 x25:0x00000001 x27:0xfffffcb8  x7=0x00000000
     409865.000 ns	     40985	800083c8	004f5c13	srli	x24,x30,0x4	 x30:0x00000005 x24=0x00000000
     409885.000 ns	     40987	800083cc	a05b22d3	feq.s	x5,f22,f5	 f22:0x80000000  f5:0x00000000  x5=0x00000001
     409905.000 ns	     40989	800083d0	01b45b33	srl	x22,x8,x27	  x8:0xb3e62001 x27:0xfffffcb8 x22=0x000000b3
     409925.000 ns	     40991	800083d4	219a92d3	fsgnjn.s	f5,f21,f25	 f21:0x7fc00000 f25:0x00000000  f5=0xffc00000
     409955.000 ns	     40994	800083d8	021e0c33	mul	x24,x28,x1	 x28:0x80041024  x1:0x00000001 x24=0x80041024
     409985.000 ns	     40997	800083dc	0205c733	div	x14,x11,x0	 x11:0xfffffa44  x0:0x00000000 x14=0xffffffff
     410015.000 ns	     41000	800083e0	219b04d3	fsgnj.s	f9,f22,f25	 f22:0x80000000 f25:0x00000000  f9=0x00000000
     410065.000 ns	     41005	800083e4	01e870d3	fadd.s	f1,f16,f30	 f16:0x80000000 f30:0x3f7fffae  f1=0x3f7fffae
     410085.000 ns	     41007	800083e8	01535a33	srl	x20,x6,x21	  x6:0x00000000 x21:0xc06e8354 x20=0x00000000
     410095.000 ns	     41008	800083ec	4114ddb3	sra	x27,x9,x17	  x9:0x00000000 x17:0x80040fe4 x27=0x00000000
     410105.000 ns	     41009	800083f0	01c6a233	slt	x4,x13,x28	 x13:0x40000000 x28:0x80041024  x4=0x00000000
     410115.000 ns	     41010	800083f4	7abe3c93	sltiu	x25,x28,1963	 x28:0x80041024 x25=0x00000000
     410125.000 ns	     41011	800083f8	edd47d13	andi	x26,x8,-291	  x8:0xb3e62001 x26=0xb3e62001
     410145.000 ns	     41013	800083fc	033d8a33	mul	x20,x27,x19	 x27:0x00000000 x19:0x00000020 x20=0x00000000
     410175.000 ns	     41016	80008400	20231453	fsgnjn.s	f8,f6,f2	  f6:0x3f800000  f2:0x7fc00000  f8=0xbf800000
     410195.000 ns	     41018	80008404	01eb9fb3	sll	x31,x23,x30	 x23:0x00000000 x30:0x00000005 x31=0x00000000
     410215.000 ns	     41020	80008408	03bd0433	mul	x8,x26,x27	 x26:0xb3e62001 x27:0x00000000  x8=0x00000000
     410245.000 ns	     41023	8000840c	21128653	fsgnj.s	f12,f5,f17	  f5:0xffc00000 f17:0x00000000 f12=0x7fc00000
     410265.000 ns	     41025	80008410	001c8b33	add	x22,x25,x1	 x25:0x00000000  x1:0x00000001 x22=0x00000001
     410275.000 ns	     41026	80008414	00000013	addi	x0,x0,0	  x0:0x00000000
     410295.000 ns	     41028	80008418	02a451b3	divu	x3,x8,x10	  x8:0x00000000 x10:0x00000000  x3=0xffffffff
     410315.000 ns	     41030	8000841c	5d9eacb7	lui	x25,0x5d9ea	 x25=0x5d9ea000
     410335.000 ns	     41032	80008420	a13b8653	fle.s	x12,f23,f19	 f23:0x00000000 f19:0xce7e45f3 x12=0x00000000
     410385.000 ns	     41037	80008424	00372053	fadd.s	f0,f14,f3	 f14:0x00000000  f3:0x3f7fffae  f0=0x3f7fffae
     410405.000 ns	     41039	80008428	3b042b93	slti	x23,x8,944	  x8:0x00000000 x23=0x00000001
     410425.000 ns	     41041	8000842c	02550cb3	mul	x25,x10,x5	 x10:0x00000000  x5:0x00000001 x25=0x00000000
     410445.000 ns	     41043	80008430	00ad10b3	sll	x1,x26,x10	 x26:0xb3e62001 x10:0x00000000  x1=0xb3e62001
     410465.000 ns	     41045	80008434	d00cfdd3	fcvt.s.w	f27,x25	 x25:0x00000000 f27=0x00000000
     410835.000 ns	     41082	80008438	022f4933	div	x18,x30,x2	 x30:0x00000005  x2:0x00000001 x18=0x00000005
     410855.000 ns	     41084	8000843c	41ba5c93	srai	x25,x20,0x1b	 x20:0x00000000 x25=0x00000000
     410875.000 ns	     41086	80008440	213511d3	fsgnjn.s	f3,f10,f19	 f10:0x00000000 f19:0xce7e45f3  f3=0x00000000
     410895.000 ns	     41088	80008444	01a43db3	sltu	x27,x8,x26	  x8:0x00000000 x26:0xb3e62001 x27=0x00000001
     410905.000 ns	     41089	80008448	00154533	xor	x10,x10,x1	 x10:0x00000000  x1:0xb3e62001 x10=0xb3e62001
     410915.000 ns	     41090	8000844c	00000013	addi	x0,x0,0	  x0:0x00000000
     410935.000 ns	     41092	80008450	a0d60153	fle.s	x2,f12,f13	 f12:0x7fc00000 f13:0x3f800000  x2=0x00000000
     410965.000 ns	     41095	80008454	a1290153	fle.s	x2,f18,f18	 f18:0x3f7fffae f18:0x3f7fffae  x2=0x00000001
     410995.000 ns	     41098	80008458	c0147b53	fcvt.wu.s	x22,f8	  f8:0xbf800000 x22=0x00000001
     411015.000 ns	     41100	8000845c	349f2d13	slti	x26,x30,841	 x30:0x00000005 x26=0x00000001
     411035.000 ns	     41102	80008460	c0130453	fcvt.wu.s	x8,f6	  f6:0x3f800000  x8=0x00000001
     411065.000 ns	     41105	80008464	e00b16d3	fclass.s	x13,f22	 f22:0x80000000 x13=0x00000008
     411085.000 ns	     41107	80008468	4c072d13	slti	x26,x14,1216	 x14:0xffffffff x26=0x00000001
     411105.000 ns	     41109	8000846c	d0051b53	fcvt.s.w	f22,x10	 x10:0xb3e62001 f22=0xce9833bf
     411125.000 ns	     41111	80008470	81996a13	ori	x20,x18,-2023	 x18:0x00000005 x20=0xfffff81d
     411145.000 ns	     41113	80008474	020e5033	divu	x0,x28,x0	 x28:0x80041024  x0:0x00000000
     411185.000 ns	     41117	80008478	100377d3	fmul.s	f15,f6,f0	  f6:0x3f800000  f0:0x3f7fffae f15=0x3f7fffae
     411205.000 ns	     41119	8000847c	2e866a93	ori	x21,x12,744	 x12:0x00000000 x21=0x000002e8
     411225.000 ns	     41121	80008480	03f32033	mulhsu	x0,x6,x31	  x6:0x00000000 x31:0x00000000
     411255.000 ns	     41124	80008484	c0077353	fcvt.w.s	x6,f14	 f14:0x00000000  x6=0x00000000
     411285.000 ns	     41127	80008488	02fbacb3	mulhsu	x25,x23,x15	 x23:0x00000001 x15:0x00000000 x25=0x00000000
     411305.000 ns	     41129	8000848c	41968d33	sub	x26,x13,x25	 x13:0x00000008 x25:0x00000000 x26=0x00000008
     411315.000 ns	     41130	80008490	934e0f93	addi	x31,x28,-1740	 x28:0x80041024 x31=0x80040958
     411335.000 ns	     41132	80008494	21f11dd3	fsgnjn.s	f27,f2,f31	  f2:0x7fc00000 f31:0x00000001 f27=0xffc00000
     411355.000 ns	     41134	80008498	00000013	addi	x0,x0,0	  x0:0x00000000
     411385.000 ns	     41137	8000849c	19c77453	fdiv.s	f8,f14,f28	 f14:0x00000000 f28:0x00000000  f8=0x7fc00000
     411435.000 ns	     41142	800084a0	0849fa53	fsub.s	f20,f19,f4	 f19:0xce7e45f3  f4:0x00000000 f20=0xce7e45f3
     411455.000 ns	     41144	800084a4	016b5133	srl	x2,x22,x22	 x22:0x00000001 x22:0x00000001  x2=0x00000000
     411465.000 ns	     41145	800084a8	3e7b4913	xori	x18,x22,999	 x22:0x00000001 x18=0x000003e6
     411485.000 ns	     41147	800084ac	c00df453	fcvt.w.s	x8,f27	 f27:0xffc00000  x8=0x7fffffff
     411505.000 ns	     41149	800084b0	f2fac793	xori	x15,x21,-209	 x21:0x000002e8 x15=0xfffffdc7
     411525.000 ns	     41151	800084b4	028802b3	mul	x5,x16,x8	 x16:0xffffffff  x8:0x7fffffff  x5=0x80000001
     411545.000 ns	     41153	800084b8	00e0bd33	sltu	x26,x1,x14	  x1:0xb3e62001 x14:0xffffffff x26=0x00000001
     411565.000 ns	     41155	800084bc	c003bb53	fcvt.w.s	x22,f7	  f7:0x3fb5042a x22=0x00000002
     411595.000 ns	     41158	800084c0	03f72633	mulhsu	x12,x14,x31	 x14:0xffffffff x31:0x80040958 x12=0xffffffff
     411625.000 ns	     41161	800084c4	d006fb53	fcvt.s.w	f22,x13	 x13:0x00000008 f22=0x41000000
     411655.000 ns	     41164	800084c8	039861b3	rem	x3,x16,x25	 x16:0xffffffff x25:0x00000000  x3=0xffffffff
     411675.000 ns	     41166	800084cc	00000013	addi	x0,x0,0	  x0:0x00000000
     412035.000 ns	     41202	800084d0	03225633	divu	x12,x4,x18	  x4:0x00000000 x18:0x000003e6 x12=0x00000000
     412085.000 ns	     41207	800084d4	09c136d3	fsub.s	f13,f2,f28	  f2:0x7fc00000 f28:0x00000000 f13=0x7fc00000
     412455.000 ns	     41244	800084d8	02e1c4b3	div	x9,x3,x14	  x3:0xffffffff x14:0xffffffff  x9=0x00000001
     412485.000 ns	     41247	800084dc	024c4b33	div	x22,x24,x4	 x24:0x80041024  x4:0x00000000 x22=0xffffffff
     412535.000 ns	     41252	800084e0	09c8c6d3	fsub.s	f13,f17,f28	 f17:0x00000000 f28:0x00000000 f13=0x80000000
     412555.000 ns	     41254	800084e4	01e3edb3	or	x27,x7,x30	  x7:0x00000000 x30:0x00000005 x27=0x00000005
     412595.000 ns	     41258	800084e8	01ce9953	fadd.s	f18,f29,f28	 f29:0x00000000 f28:0x00000000 f18=0x00000000
     412625.000 ns	     41261	800084ec	03778db3	mul	x27,x15,x23	 x15:0xfffffdc7 x23:0x00000001 x27=0xfffffdc7
     412665.000 ns	     41265	800084f0	10d6a7d3	fmul.s	f15,f13,f13	 f13:0x80000000 f13:0x80000000 f15=0x00000000
     412695.000 ns	     41268	800084f4	033231b3	mulhu	x3,x4,x19	  x4:0x00000000 x19:0x00000020  x3=0x00000000
     412715.000 ns	     41270	800084f8	00eeba33	sltu	x20,x29,x14	 x29:0x00000040 x14:0xffffffff x20=0x00000001
     412735.000 ns	     41272	800084fc	a0352ed3	feq.s	x29,f10,f3	 f10:0x00000000  f3:0x00000000 x29=0x00000001
     412765.000 ns	     41275	80008500	2107a153	fsgnjx.s	f2,f15,f16	 f15:0x00000000 f16:0x80000000  f2=0x80000000
     412785.000 ns	     41277	80008504	007b9c13	slli	x24,x23,0x7	 x23:0x00000001 x24=0x00000080
     412795.000 ns	     41278	80008508	ceaa4193	xori	x3,x20,-790	 x20:0x00000001  x3=0xfffffceb
     412815.000 ns	     41280	8000850c	0390ba33	mulhu	x20,x1,x25	  x1:0xb3e62001 x25:0x00000000 x20=0x00000000
     412835.000 ns	     41282	80008510	00000013	addi	x0,x0,0	  x0:0x00000000
     412855.000 ns	     41284	80008514	c0120953	fcvt.wu.s	x18,f4	  f4:0x00000000 x18=0x00000000
     412875.000 ns	     41286	80008518	85a93913	sltiu	x18,x18,-1958	 x18:0x000003e6 x18=0x00000001
     412895.000 ns	     41288	8000851c	a07d24d3	feq.s	x9,f26,f7	 f26:0x00000000  f7:0x3fb5042a  x9=0x00000000
     412915.000 ns	     41290	80008520	3471b793	sltiu	x15,x3,839	  x3:0xfffffceb x15=0x00000000
     412935.000 ns	     41292	80008524	21492c53	fsgnjx.s	f24,f18,f20	 f18:0x00000000 f20:0xce7e45f3 f24=0x80000000
     412955.000 ns	     41294	80008528	013915b3	sll	x11,x18,x19	 x18:0x00000001 x19:0x00000020 x11=0x00000001
     412965.000 ns	     41295	8000852c	beb7c493	xori	x9,x15,-1045	 x15:0x00000000  x9=0xfffffbeb
     412985.000 ns	     41297	80008530	29b61053	fmax.s	f0,f12,f27	 f12:0x7fc00000 f27:0xffc00000  f0=0x7fc00000
     413355.000 ns	     41334	80008534	033f5bb3	divu	x23,x30,x19	 x30:0x00000005 x19:0x00000020 x23=0x00000000
     413405.000 ns	     41339	80008538	09be3a53	fsub.s	f20,f28,f27	 f28:0x00000000 f27:0xffc00000 f20=0x7fc00000
     413435.000 ns	     41342	8000853c	c00a76d3	fcvt.w.s	x13,f20	 f20:0xce7e45f3 x13=0x7fffffff
     413455.000 ns	     41344	80008540	2d46c093	xori	x1,x13,724	 x13:0x00000008  x1=0x7ffffd2b
     413465.000 ns	     41345	80008544	b2b9c4b7	lui	x9,0xb2b9c	  x9=0xb2b9c000
     413485.000 ns	     41347	80008548	e0029ed3	fclass.s	x29,f5	  f5:0xffc00000 x29=0x00000200
     413505.000 ns	     41349	8000854c	40085d93	srai	x27,x16,0x0	 x16:0xffffffff x27=0xffffffff
     413515.000 ns	     41350	80008550	0194ffb3	and	x31,x9,x25	  x9:0xb2b9c000 x25:0x00000000 x31=0x00000000
     413535.000 ns	     41352	80008554	03ce1bb3	mulh	x23,x28,x28	 x28:0x80041024 x28:0x80041024 x23=0x3ffbefec
     413555.000 ns	     41354	80008558	00000013	addi	x0,x0,0	  x0:0x00000000
     413575.000 ns	     41356	8000855c	a1398ad3	fle.s	x21,f19,f19	 f19:0xce7e45f3 f19:0xce7e45f3 x21=0x00000001
     413605.000 ns	     41359	80008560	e0008dd3	fmv.x.w	x27,f1	  f1:0x3f7fffae x27=0x3f7fffae
     413635.000 ns	     41362	80008564	c003f6d3	fcvt.w.s	x13,f7	  f7:0x3fb5042a x13=0x00000001
     413665.000 ns	     41365	80008568	d00646d3	fcvt.s.w	f13,x12	 x12:0x00000000 f13=0x00000000
     413695.000 ns	     41368	8000856c	e00392d3	fclass.s	x5,f7	  f7:0x3fb5042a  x5=0x00000040
     413725.000 ns	     41371	80008570	d0109253	fcvt.s.wu	f4,x1	  x1:0x7ffffd2b  f4=0x4efffffa
     413765.000 ns	     41375	80008574	580913d3	fsqrt.s	f7,f18	 f18:0x00000000  f7=0x00000000
     413795.000 ns	     41378	80008578	a13a25d3	feq.s	x11,f20,f19	 f20:0x7fc00000 f19:0xce7e45f3 x11=0x00000000
     413815.000 ns	     41380	8000857c	00db85b3	add	x11,x23,x13	 x23:0x3ffbefec x13:0x00000001 x11=0x3ffbefed
     413835.000 ns	     41382	80008580	298584d3	fmin.s	f9,f11,f24	 f11:0x00000000 f24:0x80000000  f9=0x80000000
     413855.000 ns	     41384	80008584	01a864b3	or	x9,x16,x26	 x16:0xffffffff x26:0x00000001  x9=0xffffffff
     413875.000 ns	     41386	80008588	286888d3	fmin.s	f17,f17,f6	 f17:0x00000000  f6:0x3f800000 f17=0x00000000
     413905.000 ns	     41389	8000858c	c00175d3	fcvt.w.s	x11,f2	  f2:0x80000000 x11=0x00000000
     413925.000 ns	     41391	80008590	00000013	addi	x0,x0,0	  x0:0x00000000
     413935.000 ns	     41392	80008594	ce7a3013	sltiu	x0,x20,-793	 x20:0x00000000
     413955.000 ns	     41394	80008598	299983d3	fmin.s	f7,f19,f25	 f19:0xce7e45f3 f25:0x00000000  f7=0xce7e45f3
     413985.000 ns	     41397	8000859c	294603d3	fmin.s	f7,f12,f20	 f12:0x7fc00000 f20:0x7fc00000  f7=0x7fc00000
     414005.000 ns	     41399	800085a0	27ae9f97	auipc	x31,0x27ae9	 x31=0xa7af15a0
     414015.000 ns	     41400	800085a4	41518733	sub	x14,x3,x21	  x3:0xfffffceb x21:0x00000001 x14=0xfffffcea
     414025.000 ns	     41401	800085a8	0024d9b3	srl	x19,x9,x2	  x9:0xffffffff  x2:0x00000000 x19=0xffffffff
     414035.000 ns	     41402	800085ac	8aa64793	xori	x15,x12,-1878	 x12:0x00000000 x15=0xfffff8aa
     414395.000 ns	     41438	800085b0	0315c533	div	x10,x11,x17	 x11:0x00000000 x17:0x80040fe4 x10=0x00000000
     414415.000 ns	     41440	800085b4	d4302f97	auipc	x31,0xd4302	 x31=0x5430a5b4
     414425.000 ns	     41441	800085b8	405c5e93	srai	x29,x24,0x5	 x24:0x00000080 x29=0x00000004
     414465.000 ns	     41445	800085bc	0935f7d3	fsub.s	f15,f11,f19	 f11:0x00000000 f19:0xce7e45f3 f15=0x4e7e45f3
     414485.000 ns	     41447	800085c0	01d11313	slli	x6,x2,0x1d	  x2:0x00000000  x6=0x00000000
     414505.000 ns	     41449	800085c4	a0a526d3	feq.s	x13,f10,f10	 f10:0x00000000 f10:0x00000000 x13=0x00000001
     414525.000 ns	     41451	800085c8	0096a2b3	slt	x5,x13,x9	 x13:0x00000001  x9:0xffffffff  x5=0x00000000
     414535.000 ns	     41452	800085cc	00000013	addi	x0,x0,0	  x0:0x00000000
     414545.000 ns	     41453	800085d0	7c9a6e93	ori	x29,x20,1993	 x20:0x00000000 x29=0x000007c9
     414565.000 ns	     41455	800085d4	026c4833	div	x16,x24,x6	 x24:0x00000080  x6:0x00000000 x16=0xffffffff
     414595.000 ns	     41458	800085d8	e0028553	fmv.x.w	x10,f5	  f5:0xffc00000 x10=0xffc00000
     414625.000 ns	     41461	800085dc	28320c53	fmin.s	f24,f4,f3	  f4:0x4efffffa  f3:0x00000000 f24=0x00000000
     414655.000 ns	     41464	800085e0	a13016d3	flt.s	x13,f0,f19	  f0:0x7fc00000 f19:0xce7e45f3 x13=0x00000000
     414685.000 ns	     41467	800085e4	e0009ed3	fclass.s	x29,f1	  f1:0x3f7fffae x29=0x00000040
     414705.000 ns	     41469	800085e8	01b91d13	slli	x26,x18,0x1b	 x18:0x00000001 x26=0x08000000
     414725.000 ns	     41471	800085ec	a04e8a53	fle.s	x20,f29,f4	 f29:0x00000000  f4:0x4efffffa x20=0x00000001
     414745.000 ns	     41473	800085f0	005f9533	sll	x10,x31,x5	 x31:0x5430a5b4  x5:0x00000000 x10=0x5430a5b4
     414755.000 ns	     41474	800085f4	b446b093	sltiu	x1,x13,-1212	 x13:0x00000000  x1=0x00000001
     414765.000 ns	     41475	800085f8	01926db3	or	x27,x4,x25	  x4:0x00000000 x25:0x00000000 x27=0x00000000
     414805.000 ns	     41479	800085fc	013470d3	fadd.s	f1,f8,f19	  f8:0x7fc00000 f19:0xce7e45f3  f1=0x7fc00000
     414835.000 ns	     41482	80008600	e00c1d53	fclass.s	x26,f24	 f24:0x00000000 x26=0x00000010
     414855.000 ns	     41484	80008604	00982bb3	slt	x23,x16,x9	 x16:0xffffffff  x9:0xffffffff x23=0x00000000
     414865.000 ns	     41485	80008608	19d6a513	slti	x10,x13,413	 x13:0x00000000 x10=0x00000001
     414885.000 ns	     41487	8000860c	d011ffd3	fcvt.s.wu	f31,x3	  x3:0xfffffceb f31=0x4f7ffffc
     414915.000 ns	     41490	80008610	a08c16d3	flt.s	x13,f24,f8	 f24:0x00000000  f8:0x7fc00000 x13=0x00000000
     414945.000 ns	     41493	80008614	f00a0953	fmv.w.x	f18,x20	 x20:0x00000001 f18=0x00000001
     414965.000 ns	     41495	80008618	01954a33	xor	x20,x10,x25	 x10:0x00000001 x25:0x00000000 x20=0x00000001
     414985.000 ns	     41497	8000861c	d0143653	fcvt.s.wu	f12,x8	  x8:0x7fffffff f12=0x4f000000
     415005.000 ns	     41499	80008620	8ec97113	andi	x2,x18,-1812	 x18:0x00000001  x2=0x00000000
     415365.000 ns	     41535	80008624	033d6033	rem	x0,x26,x19	 x26:0x00000010 x19:0xffffffff
     415385.000 ns	     41537	80008628	01f337b3	sltu	x15,x6,x31	  x6:0x00000000 x31:0x5430a5b4 x15=0x00000001
     415405.000 ns	     41539	8000862c	280813d3	fmax.s	f7,f16,f0	 f16:0x80000000  f0:0x7fc00000  f7=0x80000000
     415425.000 ns	     41541	80008630	01d40a33	add	x20,x8,x29	  x8:0x7fffffff x29:0x00000040 x20=0x8000003f
     415435.000 ns	     41542	80008634	c1bc4d13	xori	x26,x24,-997	 x24:0x00000080 x26=0xfffffc9b
     415455.000 ns	     41544	80008638	02b20db3	mul	x27,x4,x11	  x4:0x00000000 x11:0x00000000 x27=0x00000000
     415475.000 ns	     41546	8000863c	41f8de93	srai	x29,x17,0x1f	 x17:0x80040fe4 x29=0xffffffff
     415515.000 ns	     41550	80008640	0937bad3	fsub.s	f21,f15,f19	 f15:0x4e7e45f3 f19:0xce7e45f3 f21=0x4efe45f3
     415535.000 ns	     41552	80008644	01815533	srl	x10,x2,x24	  x2:0x00000000 x24:0x00000080 x10=0x00000000
     415555.000 ns	     41554	80008648	28fc0253	fmin.s	f4,f24,f15	 f24:0x00000000 f15:0x4e7e45f3  f4=0x00000000
     415575.000 ns	     41556	8000864c	011b0733	add	x14,x22,x17	 x22:0xffffffff x17:0x80040fe4 x14=0x80040fe3
     415595.000 ns	     41558	80008650	02d9f733	remu	x14,x19,x13	 x19:0xffffffff x13:0x00000000 x14=0xffffffff
     415615.000 ns	     41560	80008654	0196d833	srl	x16,x13,x25	 x13:0x00000000 x25:0x00000000 x16=0x00000000
     415635.000 ns	     41562	80008658	29a611d3	fmax.s	f3,f12,f26	 f12:0x4f000000 f26:0x00000000  f3=0x4f000000
     415655.000 ns	     41564	8000865c	40b681b3	sub	x3,x13,x11	 x13:0x00000000 x11:0x00000000  x3=0x00000000
     415675.000 ns	     41566	80008660	e0081ed3	fclass.s	x29,f16	 f16:0x80000000 x29=0x00000008
     415695.000 ns	     41568	80008664	010c1033	sll	x0,x24,x16	 x24:0x00000080 x16:0x00000000
     415715.000 ns	     41570	80008668	022f9133	mulh	x2,x31,x2	 x31:0x5430a5b4  x2:0x00000000  x2=0x00000000
     415745.000 ns	     41573	8000866c	c00ba9d3	fcvt.w.s	x19,f23	 f23:0x00000000 x19=0x00000000
     415765.000 ns	     41575	80008670	001fd6b3	srl	x13,x31,x1	 x31:0x5430a5b4  x1:0x00000001 x13=0x2a1852da
     415785.000 ns	     41577	80008674	213d10d3	fsgnjn.s	f1,f26,f19	 f26:0x00000000 f19:0xce7e45f3  f1=0x00000000
     415815.000 ns	     41580	80008678	0205a2b3	mulhsu	x5,x11,x0	 x11:0x00000000  x0:0x00000000  x5=0x00000000
     415845.000 ns	     41583	8000867c	022d9b33	mulh	x22,x27,x2	 x27:0x00000000  x2:0x00000000 x22=0x00000000
     415875.000 ns	     41586	80008680	a0e28153	fle.s	x2,f5,f14	  f5:0xffc00000 f14:0x00000000  x2=0x00000000
     415895.000 ns	     41588	80008684	4166d313	srai	x6,x13,0x16	 x13:0x2a1852da  x6=0x000000a8
     416255.000 ns	     41624	80008688	03d7cdb3	div	x27,x15,x29	 x15:0x00000001 x29:0x00000008 x27=0x00000000
     416285.000 ns	     41627	8000868c	034907b3	mul	x15,x18,x20	 x18:0x00000001 x20:0x8000003f x15=0x8000003f
     416315.000 ns	     41630	80008690	a0f59053	flt.s	x0,f11,f15	 f11:0x00000000 f15:0x4e7e45f3
     416355.000 ns	     41634	80008694	199cfbd3	fdiv.s	f23,f25,f25	 f25:0x00000000 f25:0x00000000 f23=0x7fc00000
     416375.000 ns	     41636	80008698	000211b3	sll	x3,x4,x0	  x4:0x00000000  x0:0x00000000  x3=0x00000000
     416395.000 ns	     41638	8000869c	03ba2ab3	mulhsu	x21,x20,x27	 x20:0x8000003f x27:0x00000000 x21=0x00000000
     416415.000 ns	     41640	800086a0	01d063b3	or	x7,x0,x29	  x0:0x00000000 x29:0x00000008  x7=0x00000008
     417585.000 ns	     41757	800086a4	580b0353	fsqrt.s	f6,f22	 f22:0x41000000  f6=0x3fb50482
     417605.000 ns	     41759	800086a8	03fc6293	ori	x5,x24,63	 x24:0x00000080  x5=0x000000bf
     417635.000 ns	     41762	800086ac	10427953	fmul.s	f18,f4,f4	  f4:0x00000000  f4:0x00000000 f18=0x00000000
     417665.000 ns	     41765	800086b0	f00e8b53	fmv.w.x	f22,x29	 x29:0x00000008 f22=0x00000008
     417685.000 ns	     41767	800086b4	ec75c413	xori	x8,x11,-313	 x11:0x00000000  x8=0xfffffec7
     417715.000 ns	     41770	800086b8	114cfa53	fmul.s	f20,f25,f20	 f25:0x00000000 f20:0x7fc00000 f20=0x7fc00000
     417735.000 ns	     41772	800086bc	fe357997	auipc	x19,0xfe357	 x19=0x7e35f6bc
     417745.000 ns	     41773	800086c0	8bbd0613	addi	x12,x26,-1861	 x26:0xfffffc9b x12=0xfffff556
     417755.000 ns	     41774	800086c4	d2941c97	auipc	x25,0xd2941	 x25=0x529496c4
     417765.000 ns	     41775	800086c8	c0adc693	xori	x13,x27,-1014	 x27:0x00000000 x13=0xfffffc0a
     417785.000 ns	     41777	800086cc	03c984b3	mul	x9,x19,x28	 x19:0x7e35f6bc x28:0x80041024  x9=0xf9f27270
     417815.000 ns	     41780	800086d0	f00788d3	fmv.w.x	f17,x15	 x15:0x8000003f f17=0x8000003f
     417845.000 ns	     41783	800086d4	e0080d53	fmv.x.w	x26,f16	 f16:0x80000000 x26=0x80000000
     418215.000 ns	     41820	800086d8	03a67133	remu	x2,x12,x26	 x12:0xfffff556 x26:0xfffffc9b  x2=0x7ffff556
     418245.000 ns	     41823	800086dc	28b01dd3	fmax.s	f27,f0,f11	  f0:0x7fc00000 f11:0x00000000 f27=0x00000000
     418265.000 ns	     41825	800086e0	0186bcb3	sltu	x25,x13,x24	 x13:0xfffffc0a x24:0x00000080 x25=0x00000000
     418275.000 ns	     41826	800086e4	812a4293	xori	x5,x20,-2030	 x20:0x8000003f  x5=0x7ffff82d
     418285.000 ns	     41827	800086e8	008e59b3	srl	x19,x28,x8	 x28:0x80041024  x8:0xfffffec7 x19=0x01000820
     418305.000 ns	     41829	800086ec	0368fa33	remu	x20,x17,x22	 x17:0x80040fe4 x22:0x00000000 x20=0x80040fe4
     418335.000 ns	     41832	800086f0	035f11b3	mulh	x3,x30,x21	 x30:0x00000005 x21:0x00000000  x3=0x00000000
     418365.000 ns	     41835	800086f4	28a91c53	fmax.s	f24,f18,f10	 f18:0x00000000 f10:0x00000000 f24=0x00000000
     418395.000 ns	     41838	800086f8	03572533	mulhsu	x10,x14,x21	 x14:0xffffffff x21:0x00000000 x10=0x00000000
     418415.000 ns	     41840	800086fc	759f3293	sltiu	x5,x30,1881	 x30:0x00000005  x5=0x00000001
     418775.000 ns	     41876	80008700	034cceb3	div	x29,x25,x20	 x25:0x00000000 x20:0x80040fe4 x29=0x00000000
     418805.000 ns	     41879	80008704	03be0433	mul	x8,x28,x27	 x28:0x80041024 x27:0x00000000  x8=0x00000000
     418835.000 ns	     41882	80008708	28d40653	fmin.s	f12,f8,f13	  f8:0x7fc00000 f13:0x00000000 f12=0x00000000
     418855.000 ns	     41884	8000870c	0092dd93	srli	x27,x5,0x9	  x5:0x00000001 x27=0x00000000
     418865.000 ns	     41885	80008710	01a366b3	or	x13,x6,x26	  x6:0x000000a8 x26:0x80000000 x13=0x800000a8
     418885.000 ns	     41887	80008714	f00b01d3	fmv.w.x	f3,x22	 x22:0x00000000  f3=0x00000000
     418905.000 ns	     41889	80008718	004d19b3	sll	x19,x26,x4	 x26:0x80000000  x4:0x00000000 x19=0x80000000
     418915.000 ns	     41890	8000871c	23162a93	slti	x21,x12,561	 x12:0xfffff556 x21=0x00000001
     418935.000 ns	     41892	80008720	29d400d3	fmin.s	f1,f8,f29	  f8:0x7fc00000 f29:0x00000000  f1=0x00000000
     418965.000 ns	     41895	80008724	f0008ed3	fmv.w.x	f29,x1	  x1:0x00000001 f29=0x00000001
     418995.000 ns	     41898	80008728	a0d92653	feq.s	x12,f18,f13	 f18:0x00000000 f13:0x00000000 x12=0x00000001
     419015.000 ns	     41900	8000872c	003d1e93	slli	x29,x26,0x3	 x26:0x80000000 x29=0x00000000
     419035.000 ns	     41902	80008730	20d78353	fsgnj.s	f6,f15,f13	 f15:0x4e7e45f3 f13:0x00000000  f6=0x4e7e45f3
     419055.000 ns	     41904	80008734	e6c1e313	ori	x6,x3,-404	  x3:0x00000000  x6=0xfffffe6c
     419065.000 ns	     41905	80008738	a7721c97	auipc	x25,0xa7721	 x25=0x27729738
     419425.000 ns	     41941	8000873c	027b6d33	rem	x26,x22,x7	 x22:0x00000000  x7:0x00000008 x26=0x00000000
     419445.000 ns	     41943	80008740	9d229837	lui	x16,0x9d229	 x16=0x9d229000
     419475.000 ns	     41946	80008744	191b9f53	fdiv.s	f30,f23,f17	 f23:0x7fc00000 f17:0x8000003f f30=0x7fc00000
     419495.000 ns	     41948	80008748	c0788313	addi	x6,x17,-1017	 x17:0x80040fe4  x6=0x80040beb
     419515.000 ns	     41950	8000874c	03963bb3	mulhu	x23,x12,x25	 x12:0x00000001 x25:0x27729738 x23=0x00000000
     419545.000 ns	     41953	80008750	29801b53	fmax.s	f22,f0,f24	  f0:0x7fc00000 f24:0x00000000 f22=0x00000000
     419565.000 ns	     41955	80008754	01dce233	or	x4,x25,x29	 x25:0x27729738 x29:0x00000000  x4=0x27729738
     419585.000 ns	     41957	80008758	d0019653	fcvt.s.w	f12,x3	  x3:0x00000000 f12=0x00000000
     419605.000 ns	     41959	8000875c	0067c733	xor	x14,x15,x6	 x15:0x8000003f  x6:0x80040beb x14=0x00040bd4
     419625.000 ns	     41961	80008760	297f1353	fmax.s	f6,f30,f23	 f30:0x7fc00000 f23:0x7fc00000  f6=0x7fc00000
     419645.000 ns	     41963	80008764	40d98bb3	sub	x23,x19,x13	 x19:0x80000000 x13:0x800000a8 x23=0xffffff58
     419665.000 ns	     41965	80008768	e00087d3	fmv.x.w	x15,f1	  f1:0x00000000 x15=0x00000000
     419695.000 ns	     41968	8000876c	200d2253	fsgnjx.s	f4,f26,f0	 f26:0x00000000  f0:0x7fc00000  f4=0x00000000
     419715.000 ns	     41970	80008770	aac18013	addi	x0,x3,-1364	  x3:0x00000000
     419725.000 ns	     41971	80008774	0039a7b3	slt	x15,x19,x3	 x19:0x80000000  x3:0x00000000 x15=0x00000001
     419745.000 ns	     41973	80008778	e00990d3	fclass.s	x1,f19	 f19:0xce7e45f3  x1=0x00000002
     419775.000 ns	     41976	8000877c	03aa53b3	divu	x7,x20,x26	 x20:0x80040fe4 x26:0x00000000  x7=0xffffffff
     419825.000 ns	     41981	80008780	0018fad3	fadd.s	f21,f17,f1	 f17:0x8000003f  f1:0x00000000 f21=0x8000003f
     419845.000 ns	     41983	80008784	017a5413	srli	x8,x20,0x17	 x20:0x80040fe4  x8=0x00000100
     419855.000 ns	     41984	80008788	01feb133	sltu	x2,x29,x31	 x29:0x00000000 x31:0x5430a5b4  x2=0x00000001
     419875.000 ns	     41986	8000878c	e00b8fd3	fmv.x.w	x31,f23	 f23:0x7fc00000 x31=0x7fc00000
     419895.000 ns	     41988	80008790	001493b3	sll	x7,x9,x1	  x9:0xf9f27270  x1:0x00000002  x7=0xe7c9c9c0
     419905.000 ns	     41989	80008794	43b27813	andi	x16,x4,1083	  x4:0x27729738 x16=0x00000438
     420265.000 ns	     42025	80008798	0391cb33	div	x22,x3,x25	  x3:0x00000000 x25:0x27729738 x22=0x00000000
     420295.000 ns	     42028	8000879c	0241afb3	mulhsu	x31,x3,x4	  x3:0x00000000  x4:0x27729738 x31=0x00000000
     420315.000 ns	     42030	800087a0	01afcb33	xor	x22,x31,x26	 x31:0x7fc00000 x26:0x00000000 x22=0x00000000
     420335.000 ns	     42032	800087a4	023e8333	mul	x6,x29,x3	 x29:0x00000000  x3:0x00000000  x6=0x00000000
     420355.000 ns	     42034	800087a8	00dbb2b3	sltu	x5,x23,x13	 x23:0xffffff58 x13:0x800000a8  x5=0x00000000
     420375.000 ns	     42036	800087ac	28ed8053	fmin.s	f0,f27,f14	 f27:0x00000000 f14:0x00000000  f0=0x00000000
     420395.000 ns	     42038	800087b0	f8f96093	ori	x1,x18,-113	 x18:0x00000001  x1=0xffffff8f
     420415.000 ns	     42040	800087b4	20b601d3	fsgnj.s	f3,f12,f11	 f12:0x00000000 f11:0x00000000  f3=0x00000000
     420445.000 ns	     42043	800087b8	0272b333	mulhu	x6,x5,x7	  x5:0x00000000  x7:0xe7c9c9c0  x6=0x00000000
     420475.000 ns	     42046	800087bc	a1f8abd3	feq.s	x23,f17,f31	 f17:0x8000003f f31:0x4f7ffffc x23=0x00000000
     420495.000 ns	     42048	800087c0	001e63b3	or	x7,x28,x1	 x28:0x80041024  x1:0xffffff8f  x7=0xffffffaf
     420505.000 ns	     42049	800087c4	d8f69817	auipc	x16,0xd8f69	 x16=0x58f717c4
     420515.000 ns	     42050	800087c8	0114dc93	srli	x25,x9,0x11	  x9:0xf9f27270 x25=0x00007cf9
     420525.000 ns	     42051	800087cc	013d1393	slli	x7,x26,0x13	 x26:0x00000000  x7=0x00000000
     420555.000 ns	     42054	800087d0	10e3f9d3	fmul.s	f19,f7,f14	  f7:0x80000000 f14:0x00000000 f19=0x80000000
     420575.000 ns	     42056	800087d4	85d02793	slti	x15,x0,-1955	  x0:0x00000000 x15=0x00000000
     420595.000 ns	     42058	800087d8	a08813d3	flt.s	x7,f16,f8	 f16:0x80000000  f8:0x7fc00000  x7=0x00000000
     420625.000 ns	     42061	800087dc	02f55633	divu	x12,x10,x15	 x10:0x00000000 x15:0x00000001 x12=0xffffffff
     420645.000 ns	     42063	800087e0	00000013	addi	x0,x0,0	  x0:0x00000000
     420665.000 ns	     42065	800087e4	20af2c53	fsgnjx.s	f24,f30,f10	 f30:0x7fc00000 f10:0x00000000 f24=0x7fc00000
     420695.000 ns	     42068	800087e8	201b0253	fsgnj.s	f4,f22,f1	 f22:0x00000000  f1:0x00000000  f4=0x00000000
     420725.000 ns	     42071	800087ec	e00395d3	fclass.s	x11,f7	  f7:0x80000000 x11=0x00000008
     420745.000 ns	     42073	800087f0	01929693	slli	x13,x5,0x19	  x5:0x00000000 x13=0x00000000
     420755.000 ns	     42074	800087f4	00f799b3	sll	x19,x15,x15	 x15:0x00000000 x15:0x00000000 x19=0x00000000
     420765.000 ns	     42075	800087f8	4019d513	srai	x10,x19,0x1	 x19:0x80000000 x10=0x00000000
     420805.000 ns	     42079	800087fc	0874fcd3	fsub.s	f25,f9,f7	  f9:0x80000000  f7:0x80000000 f25=0x00000000
     420825.000 ns	     42081	80008800	00000013	addi	x0,x0,0	  x0:0x00000000
     420845.000 ns	     42083	80008804	a1210653	fle.s	x12,f2,f18	  f2:0x80000000 f18:0x00000000 x12=0x00000001
     420865.000 ns	     42085	80008808	010a2db3	slt	x27,x20,x16	 x20:0x80040fe4 x16:0x58f717c4 x27=0x00000001
     420885.000 ns	     42087	8000880c	21d48ed3	fsgnj.s	f29,f9,f29	  f9:0x80000000 f29:0x00000001 f29=0x00000000
     421255.000 ns	     42124	80008810	02466533	rem	x10,x12,x4	 x12:0x00000001  x4:0x27729738 x10=0x00000001
     421275.000 ns	     42126	80008814	d5187713	andi	x14,x16,-687	 x16:0x58f717c4 x14=0x58f71540
     421295.000 ns	     42128	80008818	c01da753	fcvt.wu.s	x14,f27	 f27:0x00000000 x14=0x00000000
     421315.000 ns	     42130	8000881c	00000013	addi	x0,x0,0	  x0:0x00000000
     421325.000 ns	     42131	80008820	00925333	srl	x6,x4,x9	  x4:0x27729738  x9:0xf9f27270  x6=0x00002772
     421345.000 ns	     42133	80008824	02f0e6b3	rem	x13,x1,x15	  x1:0xffffff8f x15:0x00000000 x13=0xffffff8f
     421365.000 ns	     42135	80008828	00d5c0b3	xor	x1,x11,x13	 x11:0x00000008 x13:0x00000000  x1=0xffffff87
     421375.000 ns	     42136	8000882c	01eaa433	slt	x8,x21,x30	 x21:0x00000001 x30:0x00000005  x8=0x00000001
     421385.000 ns	     42137	80008830	016e0fb3	add	x31,x28,x22	 x28:0x80041024 x22:0x00000000 x31=0x80041024
     421395.000 ns	     42138	80008834	4a1c6493	ori	x9,x24,1185	 x24:0x00000080  x9=0x000004a1
     421405.000 ns	     42139	80008838	dedd6513	ori	x10,x26,-531	 x26:0x00000000 x10=0xfffffded
     421415.000 ns	     42140	8000883c	0141b5b3	sltu	x11,x3,x20	  x3:0x00000000 x20:0x80040fe4 x11=0x00000001
     421435.000 ns	     42142	80008840	02019033	mulh	x0,x3,x0	  x3:0x00000000  x0:0x00000000
     421455.000 ns	     42144	80008844	753d8813	addi	x16,x27,1875	 x27:0x00000001 x16=0x00000754
     421475.000 ns	     42146	80008848	03a1fa33	remu	x20,x3,x26	  x3:0x00000000 x26:0x00000000 x20=0x00000000
     421505.000 ns	     42149	8000884c	a0671fd3	flt.s	x31,f14,f6	 f14:0x00000000  f6:0x7fc00000 x31=0x00000000
     421525.000 ns	     42151	80008850	40c587b3	sub	x15,x11,x12	 x11:0x00000001 x12:0x00000001 x15=0x00000000
     421535.000 ns	     42152	80008854	00000013	addi	x0,x0,0	  x0:0x00000000
     421575.000 ns	     42156	80008858	00810053	fadd.s	f0,f2,f8	  f2:0x80000000  f8:0x7fc00000  f0=0x7fc00000
     421625.000 ns	     42161	8000885c	00a674d3	fadd.s	f9,f12,f10	 f12:0x00000000 f10:0x00000000  f9=0x00000000
     421665.000 ns	     42165	80008860	19b59ad3	fdiv.s	f21,f11,f27	 f11:0x00000000 f27:0x00000000 f21=0x7fc00000
     421685.000 ns	     42167	80008864	78f57813	andi	x16,x10,1935	 x10:0xfffffded x16=0x0000058d
     421695.000 ns	     42168	80008868	00afcb33	xor	x22,x31,x10	 x31:0x00000000 x10:0xfffffded x22=0xfffffded
     421705.000 ns	     42169	8000886c	9dfc6193	ori	x3,x24,-1569	 x24:0x00000080  x3=0xfffff9df
     421725.000 ns	     42171	80008870	21b59e53	fsgnjn.s	f28,f11,f27	 f11:0x00000000 f27:0x00000000 f28=0x80000000
     421745.000 ns	     42173	80008874	0247c5b7	lui	x11,0x247c	 x11=0x0247c000
     421765.000 ns	     42175	80008878	298d9cd3	fmax.s	f25,f27,f24	 f27:0x00000000 f24:0x7fc00000 f25=0x00000000
     421785.000 ns	     42177	8000887c	005b8333	add	x6,x23,x5	 x23:0x00000000  x5:0x00000000  x6=0x00000000
     421805.000 ns	     42179	80008880	f0058dd3	fmv.w.x	f27,x11	 x11:0x0247c000 f27=0x0247c000
     421825.000 ns	     42181	80008884	013e52b3	srl	x5,x28,x19	 x28:0x80041024 x19:0x00000000  x5=0x80041024
     421865.000 ns	     42185	80008888	08b8f853	fsub.s	f16,f17,f11	 f17:0x8000003f f11:0x00000000 f16=0x8000003f
     421885.000 ns	     42187	8000888c	fd284993	xori	x19,x16,-46	 x16:0x0000058d x19=0xfffffa5f
     421905.000 ns	     42189	80008890	d01c2653	fcvt.s.wu	f12,x24	 x24:0x00000080 f12=0x43000000
     421925.000 ns	     42191	80008894	0147d1b3	srl	x3,x15,x20	 x15:0x00000000 x20:0x00000000  x3=0x00000000
     421945.000 ns	     42193	80008898	28921f53	fmax.s	f30,f4,f9	  f4:0x00000000  f9:0x00000000 f30=0x00000000
     421975.000 ns	     42196	8000889c	a1951153	flt.s	x2,f10,f25	 f10:0x00000000 f25:0x00000000  x2=0x00000000
     422005.000 ns	     42199	800088a0	a1ee1453	flt.s	x8,f28,f30	 f28:0x80000000 f30:0x00000000  x8=0x00000000
     422055.000 ns	     42204	800088a4	0041bfd3	fadd.s	f31,f3,f4	  f3:0x00000000  f4:0x00000000 f31=0x00000000
     422105.000 ns	     42209	800088a8	08febcd3	fsub.s	f25,f29,f15	 f29:0x00000000 f15:0x4e7e45f3 f25=0xce7e45f3
     422135.000 ns	     42212	800088ac	e00d8653	fmv.x.w	x12,f27	 f27:0x0247c000 x12=0x0247c000
     422155.000 ns	     42214	800088b0	2344c017	auipc	x0,0x2344c	
     422175.000 ns	     42216	800088b4	20f08dd3	fsgnj.s	f27,f1,f15	  f1:0x00000000 f15:0x4e7e45f3 f27=0x00000000
     422205.000 ns	     42219	800088b8	0219bb33	mulhu	x22,x19,x1	 x19:0xfffffa5f  x1:0xffffff87 x22=0xfffff9e6
     422225.000 ns	     42221	800088bc	01999e93	slli	x29,x19,0x19	 x19:0xfffffa5f x29=0xbe000000
     422585.000 ns	     42257	800088c0	021af0b3	remu	x1,x21,x1	 x21:0x00000001  x1:0xffffff87  x1=0x00000001
     422615.000 ns	     42260	800088c4	02ea53b3	divu	x7,x20,x14	 x20:0x00000000 x14:0x00000000  x7=0xffffffff
     422635.000 ns	     42262	800088c8	0019d633	srl	x12,x19,x1	 x19:0xfffffa5f  x1:0x00000001 x12=0x7ffffd2f
     422655.000 ns	     42264	800088cc	a1b70953	fle.s	x18,f14,f27	 f14:0x00000000 f27:0x00000000 x18=0x00000001
     422675.000 ns	     42266	800088d0	01695693	srli	x13,x18,0x16	 x18:0x00000001 x13=0x00000000
     422685.000 ns	     42267	800088d4	22def593	andi	x11,x29,557	 x29:0xbe000000 x11=0x00000000
     422695.000 ns	     42268	800088d8	0e863593	sltiu	x11,x12,232	 x12:0x7ffffd2f x11=0x00000000
     422705.000 ns	     42269	800088dc	86d225b7	lui	x11,0x86d22	 x11=0x86d22000
     422715.000 ns	     42270	800088e0	003a23b3	slt	x7,x20,x3	 x20:0x00000000  x3:0x00000000  x7=0x00000000
     422735.000 ns	     42272	800088e4	e0040953	fmv.x.w	x18,f8	  f8:0x7fc00000 x18=0x7fc00000
     422755.000 ns	     42274	800088e8	10230493	addi	x9,x6,258	  x6:0x00000000  x9=0x00000102
     422775.000 ns	     42276	800088ec	0345b9b3	mulhu	x19,x11,x20	 x11:0x86d22000 x20:0x00000000 x19=0x00000000
     422815.000 ns	     42280	800088f0	580b3cd3	fsqrt.s	f25,f22	 f22:0x00000000 f25=0x00000000
     422835.000 ns	     42282	800088f4	012a9393	slli	x7,x21,0x12	 x21:0x00000001  x7=0x00040000
     422855.000 ns	     42284	800088f8	020655b3	divu	x11,x12,x0	 x12:0x7ffffd2f  x0:0x00000000 x11=0xffffffff
     422875.000 ns	     42286	800088fc	06506813	ori	x16,x0,101	  x0:0x00000000 x16=0x00000065
     422895.000 ns	     42288	80008900	03932033	mulhsu	x0,x6,x25	  x6:0x00000000 x25:0x00007cf9
     422915.000 ns	     42290	80008904	5a20a813	slti	x16,x1,1442	  x1:0x00000001 x16=0x00000001
     422925.000 ns	     42291	80008908	2d1e4993	xori	x19,x28,721	 x28:0x80041024 x19=0x800412f5
     422945.000 ns	     42293	8000890c	c018f753	fcvt.wu.s	x14,f17	 f17:0x8000003f x14=0x00000000
     422965.000 ns	     42295	80008910	1c3c4213	xori	x4,x24,451	 x24:0x00000080  x4=0x00000143
     422985.000 ns	     42297	80008914	d000f253	fcvt.s.w	f4,x1	  x1:0x00000001  f4=0x3f800000
     423005.000 ns	     42299	80008918	01481693	slli	x13,x16,0x14	 x16:0x00000001 x13=0x00100000
     423035.000 ns	     42302	8000891c	19389fd3	fdiv.s	f31,f17,f19	 f17:0x8000003f f19:0x80000000 f31=0x7f800000
     423055.000 ns	     42304	80008920	01a69b93	slli	x23,x13,0x1a	 x13:0x00000000 x23=0x00000000
     423065.000 ns	     42305	80008924	00459eb3	sll	x29,x11,x4	 x11:0xffffffff  x4:0x00000143 x29=0xfffffff8
     423085.000 ns	     42307	80008928	f0090e53	fmv.w.x	f28,x18	 x18:0x7fc00000 f28=0x7fc00000
     423115.000 ns	     42310	8000892c	d00030d3	fcvt.s.w	f1,x0	  x0:0x00000000  f1=0x00000000
     423135.000 ns	     42312	80008930	41510733	sub	x14,x2,x21	  x2:0x00000000 x21:0x00000001 x14=0xffffffff
     423155.000 ns	     42314	80008934	03715ab3	divu	x21,x2,x23	  x2:0x00000000 x23:0x00000000 x21=0xffffffff
     423185.000 ns	     42317	80008938	a1ed8053	fle.s	x0,f27,f30	 f27:0x00000000 f30:0x00000000
     423205.000 ns	     42319	8000893c	d4a5ab13	slti	x22,x11,-694	 x11:0xffffffff x22=0x00000000
     423215.000 ns	     42320	80008940	25416497	auipc	x9,0x25416	  x9=0xa541e940
     423225.000 ns	     42321	80008944	a51c4c13	xori	x24,x24,-1455	 x24:0x00000080 x24=0xfffffad1
     423235.000 ns	     42322	80008948	ef8e4eb7	lui	x29,0xef8e4	 x29=0xef8e4000
     423245.000 ns	     42323	8000894c	002cfb33	and	x22,x25,x2	 x25:0x00007cf9  x2:0x00000000 x22=0x00000000
     423255.000 ns	     42324	80008950	41908133	sub	x2,x1,x25	  x1:0x00000001 x25:0x00007cf9  x2=0xffff8308
     424425.000 ns	     42441	80008954	5807c353	fsqrt.s	f6,f15	 f15:0x4e7e45f3  f6=0x46b3cbed
     424445.000 ns	     42443	80008958	4166d3b3	sra	x7,x13,x22	 x13:0x00100000 x22:0x00000000  x7=0x00100000
     424455.000 ns	     42444	8000895c	00b884b3	add	x9,x17,x11	 x17:0x80040fe4 x11:0xffffffff  x9=0x80040fe3
     424465.000 ns	     42445	80008960	0f94e713	ori	x14,x9,249	  x9:0xa541e940 x14=0x80040ffb
     424475.000 ns	     42446	80008964	01bf1293	slli	x5,x30,0x1b	 x30:0x00000005  x5=0x28000000
     424485.000 ns	     42447	80008968	0044d213	srli	x4,x9,0x4	  x9:0x80040fe3  x4=0x080040fe
     424495.000 ns	     42448	8000896c	0baf7c97	auipc	x25,0xbaf7	 x25=0x8baff96c
     424515.000 ns	     42450	80008970	a0ef80d3	fle.s	x1,f31,f14	 f31:0x7f800000 f14:0x00000000  x1=0x00000000
     424535.000 ns	     42452	80008974	40b00db3	sub	x27,x0,x11	  x0:0x00000000 x11:0xffffffff x27=0x00000001
     424555.000 ns	     42454	80008978	02f6e433	rem	x8,x13,x15	 x13:0x00100000 x15:0x00000000  x8=0x00100000
     424575.000 ns	     42456	8000897c	004686b3	add	x13,x13,x4	 x13:0x00100000  x4:0x080040fe x13=0x081040fe
     424595.000 ns	     42458	80008980	216f2d53	fsgnjx.s	f26,f30,f22	 f30:0x00000000 f22:0x00000000 f26=0x00000000
     424625.000 ns	     42461	80008984	e0020fd3	fmv.x.w	x31,f4	  f4:0x3f800000 x31=0x3f800000
     424645.000 ns	     42463	80008988	41f14013	xori	x0,x2,1055	  x2:0xffff8308
     425005.000 ns	     42499	8000898c	02a6e933	rem	x18,x13,x10	 x13:0x081040fe x10:0xfffffded x18=0x00000048
     425025.000 ns	     42501	80008990	8cacf693	andi	x13,x25,-1846	 x25:0x8baff96c x13=0x8baff848
     425045.000 ns	     42503	80008994	e00404d3	fmv.x.w	x9,f8	  f8:0x7fc00000  x9=0x7fc00000
     425065.000 ns	     42505	80008998	00cf7d33	and	x26,x30,x12	 x30:0x00000005 x12:0x7ffffd2f x26=0x00000005
     425425.000 ns	     42541	8000899c	0318eab3	rem	x21,x17,x17	 x17:0x80040fe4 x17:0x80040fe4 x21=0x00000000
     425455.000 ns	     42544	800089a0	c002f153	fcvt.w.s	x2,f5	  f5:0xffc00000  x2=0x7fffffff
     425825.000 ns	     42581	800089a4	024065b3	rem	x11,x0,x4	  x0:0x00000000  x4:0x080040fe x11=0x00000000
     425845.000 ns	     42583	800089a8	9e094e93	xori	x29,x18,-1568	 x18:0x00000048 x29=0xfffff9a8
     425885.000 ns	     42587	800089ac	010a4f53	fadd.s	f30,f20,f16	 f20:0x7fc00000 f16:0x8000003f f30=0x7fc00000
     425915.000 ns	     42590	800089b0	283a09d3	fmin.s	f19,f20,f3	 f20:0x7fc00000  f3:0x00000000 f19=0x00000000
     425935.000 ns	     42592	800089b4	387b9d17	auipc	x26,0x387b9	 x26=0xb87c19b4
     425945.000 ns	     42593	800089b8	6ac7b217	auipc	x4,0x6ac7b	  x4=0xeac839b8
     425965.000 ns	     42595	800089bc	a10890d3	flt.s	x1,f17,f16	 f17:0x8000003f f16:0x8000003f  x1=0x00000000
     425985.000 ns	     42597	800089c0	010932b3	sltu	x5,x18,x16	 x18:0x00000048 x16:0x00000001  x5=0x00000000
     426005.000 ns	     42599	800089c4	a17ea453	feq.s	x8,f29,f23	 f29:0x00000000 f23:0x7fc00000  x8=0x00000000
     426035.000 ns	     42602	800089c8	20ef9053	fsgnjn.s	f0,f31,f14	 f31:0x7f800000 f14:0x00000000  f0=0xff800000
     426075.000 ns	     42606	800089cc	186e4853	fdiv.s	f16,f28,f6	 f28:0x7fc00000  f6:0x46b3cbed f16=0x7fc00000
     426105.000 ns	     42609	800089d0	c010fbd3	fcvt.wu.s	x23,f1	  f1:0x00000000 x23=0x00000000
     426125.000 ns	     42611	800089d4	00febbb3	sltu	x23,x29,x15	 x29:0xfffff9a8 x15:0x00000000 x23=0x00000000
     426135.000 ns	     42612	800089d8	41b7d493	srai	x9,x15,0x1b	 x15:0x00000000  x9=0x00000000
     426155.000 ns	     42614	800089dc	02691433	mulh	x8,x18,x6	 x18:0x00000048  x6:0x00000000  x8=0x00000000
     426525.000 ns	     42651	800089e0	031a4d33	div	x26,x20,x17	 x20:0x00000000 x17:0x80040fe4 x26=0x00000000
     426555.000 ns	     42654	800089e4	02114d33	div	x26,x2,x1	  x2:0x7fffffff  x1:0x00000000 x26=0xffffffff
     426585.000 ns	     42657	800089e8	c0062053	fcvt.w.s	x0,f12	 f12:0x43000000
     426605.000 ns	     42659	800089ec	0016dd33	srl	x26,x13,x1	 x13:0x8baff848  x1:0x00000000 x26=0x8baff848
     426625.000 ns	     42661	800089f0	028f9fb3	mulh	x31,x31,x8	 x31:0x3f800000  x8:0x00000000 x31=0x00000000
     426995.000 ns	     42698	800089f4	03176d33	rem	x26,x14,x17	 x14:0x80040ffb x17:0x80040fe4 x26=0x80040ffb
     427015.000 ns	     42700	800089f8	019e4cb3	xor	x25,x28,x25	 x28:0x80041024 x25:0x8baff96c x25=0x0babe948
     427025.000 ns	     42701	800089fc	01660ab3	add	x21,x12,x22	 x12:0x7ffffd2f x22:0x00000000 x21=0x7ffffd2f
     427035.000 ns	     42702	80008a00	01d3aab3	slt	x21,x7,x29	  x7:0x00100000 x29:0xfffff9a8 x21=0x00000000
     427045.000 ns	     42703	80008a04	00000013	addi	x0,x0,0	  x0:0x00000000
     427055.000 ns	     42704	80008a08	01b335b3	sltu	x11,x6,x27	  x6:0x00000000 x27:0x00000001 x11=0x00000001
     427065.000 ns	     42705	80008a0c	00667cb3	and	x25,x12,x6	 x12:0x7ffffd2f  x6:0x00000000 x25=0x00000000
     427075.000 ns	     42706	80008a10	6d187493	andi	x9,x16,1745	 x16:0x00000001  x9=0x00000001
     427085.000 ns	     42707	80008a14	00c03633	sltu	x12,x0,x12	  x0:0x00000000 x12:0x7ffffd2f x12=0x00000001
     427095.000 ns	     42708	80008a18	e22b2d93	slti	x27,x22,-478	 x22:0x00000000 x27=0x00000000
     427115.000 ns	     42710	80008a1c	036701b3	mul	x3,x14,x22	 x14:0x80040ffb x22:0x00000000  x3=0x00000000
     427155.000 ns	     42714	80008a20	10fe7f53	fmul.s	f30,f28,f15	 f28:0x7fc00000 f15:0x4e7e45f3 f30=0x7fc00000
     427185.000 ns	     42717	80008a24	026e4db3	div	x27,x28,x6	 x28:0x80041024  x6:0x00000000 x27=0xffffffff
     427205.000 ns	     42719	80008a28	0121a5b3	slt	x11,x3,x18	  x3:0x00000000 x18:0x00000048 x11=0x00000001
     427215.000 ns	     42720	80008a2c	41e65a33	sra	x20,x12,x30	 x12:0x00000001 x30:0x00000005 x20=0x00000000
     427225.000 ns	     42721	80008a30	b89ed837	lui	x16,0xb89ed	 x16=0xb89ed000
     427245.000 ns	     42723	80008a34	207084d3	fsgnj.s	f9,f1,f7	  f1:0x00000000  f7:0x80000000  f9=0x80000000
     427295.000 ns	     42728	80008a38	08153d53	fsub.s	f26,f10,f1	 f10:0x00000000  f1:0x00000000 f26=0x80000000
     427325.000 ns	     42731	80008a3c	02115eb3	divu	x29,x2,x1	  x2:0x7fffffff  x1:0x00000000 x29=0xffffffff
     427695.000 ns	     42768	80008a40	02da5033	divu	x0,x20,x13	 x20:0x00000000 x13:0x8baff848
     427725.000 ns	     42771	80008a44	21091653	fsgnjn.s	f12,f18,f16	 f18:0x00000000 f16:0x7fc00000 f12=0x80000000
     427775.000 ns	     42776	80008a48	09307253	fsub.s	f4,f0,f19	  f0:0xff800000 f19:0x00000000  f4=0xff800000
     427795.000 ns	     42778	80008a4c	00000013	addi	x0,x0,0	  x0:0x00000000
     427815.000 ns	     42780	80008a50	d013cd53	fcvt.s.wu	f26,x7	  x7:0x00100000 f26=0x49800000
     427845.000 ns	     42783	80008a54	204123d3	fsgnjx.s	f7,f2,f4	  f2:0x80000000  f4:0xff800000  f7=0x00000000
     427875.000 ns	     42786	80008a58	a15d26d3	feq.s	x13,f26,f21	 f26:0x49800000 f21:0x7fc00000 x13=0x00000000
     427905.000 ns	     42789	80008a5c	a07b83d3	fle.s	x7,f23,f7	 f23:0x7fc00000  f7:0x00000000  x7=0x00000000
     427925.000 ns	     42791	80008a60	00195a33	srl	x20,x18,x1	 x18:0x00000048  x1:0x00000000 x20=0x00000048
     427935.000 ns	     42792	80008a64	00553eb3	sltu	x29,x10,x5	 x10:0xfffffded  x5:0x00000000 x29=0x00000000
     427955.000 ns	     42794	80008a68	03f14933	div	x18,x2,x31	  x2:0x7fffffff x31:0x00000000 x18=0xffffffff
     427985.000 ns	     42797	80008a6c	a1a78ed3	fle.s	x29,f15,f26	 f15:0x4e7e45f3 f26:0x49800000 x29=0x00000000
     428015.000 ns	     42800	80008a70	d0081ed3	fcvt.s.w	f29,x16	 x16:0xb89ed000 f29=0xce8ec260
     428045.000 ns	     42803	80008a74	02857db3	remu	x27,x10,x8	 x10:0xfffffded  x8:0x00000000 x27=0xfffffded
     428065.000 ns	     42805	80008a78	b8a3d7b7	lui	x15,0xb8a3d	 x15=0xb8a3d000
     428075.000 ns	     42806	80008a7c	00295413	srli	x8,x18,0x2	 x18:0xffffffff  x8=0x3fffffff
     428085.000 ns	     42807	80008a80	2840ab93	slti	x23,x1,644	  x1:0x00000000 x23=0x00000001
     428445.000 ns	     42843	80008a84	03b75633	divu	x12,x14,x27	 x14:0x80040ffb x27:0xfffffded x12=0x00000000
     428465.000 ns	     42845	80008a88	01a4ddb3	srl	x27,x9,x26	  x9:0x00000001 x26:0x80040ffb x27=0x00000000
     428485.000 ns	     42847	80008a8c	28e89bd3	fmax.s	f23,f17,f14	 f17:0x8000003f f14:0x00000000 f23=0x00000000
     428505.000 ns	     42849	80008a90	009f8933	add	x18,x31,x9	 x31:0x00000000  x9:0x00000001 x18=0x00000001
     428535.000 ns	     42852	80008a94	11a641d3	fmul.s	f3,f12,f26	 f12:0x80000000 f26:0x49800000  f3=0x80000000
     428555.000 ns	     42854	80008a98	9ed8f093	andi	x1,x17,-1555	 x17:0x80040fe4  x1=0x800409e4
     428575.000 ns	     42856	80008a9c	d011fa53	fcvt.s.wu	f20,x3	  x3:0x00000000 f20=0x00000000
     428595.000 ns	     42858	80008aa0	4013dd13	srai	x26,x7,0x1	  x7:0x00000000 x26=0x00000000
     428615.000 ns	     42860	80008aa4	c0180253	fcvt.wu.s	x4,f16	 f16:0x7fc00000  x4=0xffffffff
     428645.000 ns	     42863	80008aa8	e0088953	fmv.x.w	x18,f17	 f17:0x8000003f x18=0x8000003f
     428665.000 ns	     42865	80008aac	24368093	addi	x1,x13,579	 x13:0x00000000  x1=0x00000243
     428685.000 ns	     42867	80008ab0	f0078753	fmv.w.x	f14,x15	 x15:0xb8a3d000 f14=0xb8a3d000
     428705.000 ns	     42869	80008ab4	01519393	slli	x7,x3,0x15	  x3:0x00000000  x7=0x00000000
     428725.000 ns	     42871	80008ab8	038e2eb3	mulhsu	x29,x28,x24	 x28:0x80041024 x24:0xfffffad1 x29=0x800412bb
     428755.000 ns	     42874	80008abc	f0060353	fmv.w.x	f6,x12	 x12:0x00000000  f6=0x00000000
     428775.000 ns	     42876	80008ac0	00379a93	slli	x21,x15,0x3	 x15:0xb8a3d000 x21=0xc51e8000
     428785.000 ns	     42877	80008ac4	c1409b37	lui	x22,0xc1409	 x22=0xc1409000
     428805.000 ns	     42879	80008ac8	29d09253	fmax.s	f4,f1,f29	  f1:0x00000000 f29:0xce8ec260  f4=0x00000000
     428835.000 ns	     42882	80008acc	f00a8653	fmv.w.x	f12,x21	 x21:0xc51e8000 f12=0xc51e8000
     428865.000 ns	     42885	80008ad0	a1109053	flt.s	x0,f1,f17	  f1:0x00000000 f17:0x8000003f
     428885.000 ns	     42887	80008ad4	3b16f713	andi	x14,x13,945	 x13:0x00000000 x14=0x00000000
     428895.000 ns	     42888	80008ad8	ffedfa13	andi	x20,x27,-2	 x27:0x00000000 x20=0x00000000
     428905.000 ns	     42889	80008adc	40820233	sub	x4,x4,x8	  x4:0xffffffff  x8:0x3fffffff  x4=0xc0000000
     428915.000 ns	     42890	80008ae0	009b7cb3	and	x25,x22,x9	 x22:0xc1409000  x9:0x00000001 x25=0x00000000
     428925.000 ns	     42891	80008ae4	019d97b3	sll	x15,x27,x25	 x27:0x00000000 x25:0x00000000 x15=0x00000000
     428935.000 ns	     42892	80008ae8	00555133	srl	x2,x10,x5	 x10:0xfffffded  x5:0x00000000  x2=0xfffffded
     428945.000 ns	     42893	80008aec	a043c193	xori	x3,x7,-1532	  x7:0x00000000  x3=0xfffffa04
     428955.000 ns	     42894	80008af0	008cf833	and	x16,x25,x8	 x25:0x00000000  x8:0x3fffffff x16=0x00000000
     428975.000 ns	     42896	80008af4	c01d9ad3	fcvt.wu.s	x21,f27	 f27:0x00000000 x21=0x00000000
     429005.000 ns	     42899	80008af8	a0460253	fle.s	x4,f12,f4	 f12:0xc51e8000  f4:0x00000000  x4=0x00000001
     429035.000 ns	     42902	80008afc	298b9853	fmax.s	f16,f23,f24	 f23:0x00000000 f24:0x7fc00000 f16=0x00000000
     429065.000 ns	     42905	80008b00	0288b233	mulhu	x4,x17,x8	 x17:0x80040fe4  x8:0x3fffffff  x4=0x200103f8
     429095.000 ns	     42908	80008b04	c00ffd53	fcvt.w.s	x26,f31	 f31:0x7f800000 x26=0x7fffffff
     429115.000 ns	     42910	80008b08	9ff62f93	slti	x31,x12,-1537	 x12:0x00000000 x31=0x00000000
     429125.000 ns	     42911	80008b0c	400dd993	srai	x19,x27,0x0	 x27:0x00000000 x19=0x00000000
     429145.000 ns	     42913	80008b10	a15117d3	flt.s	x15,f2,f21	  f2:0x80000000 f21:0x7fc00000 x15=0x00000000
     429165.000 ns	     42915	80008b14	409b8eb3	sub	x29,x23,x9	 x23:0x00000001  x9:0x00000001 x29=0x00000000
     429185.000 ns	     42917	80008b18	a09c8ad3	fle.s	x21,f25,f9	 f25:0x00000000  f9:0x80000000 x21=0x00000001
     429205.000 ns	     42919	80008b1c	00738533	add	x10,x7,x7	  x7:0x00000000  x7:0x00000000 x10=0x00000000
     429225.000 ns	     42921	80008b20	026fb933	mulhu	x18,x31,x6	 x31:0x00000000  x6:0x00000000 x18=0x00000000
     429245.000 ns	     42923	80008b24	00000013	addi	x0,x0,0	  x0:0x00000000
     429275.000 ns	     42926	80008b28	192f32d3	fdiv.s	f5,f30,f18	 f30:0x7fc00000 f18:0x00000000  f5=0x7fc00000
     429295.000 ns	     42928	80008b2c	00b69593	slli	x11,x13,0xb	 x13:0x00000000 x11=0x00000000
     429315.000 ns	     42930	80008b30	f00309d3	fmv.w.x	f19,x6	  x6:0x00000000 f19=0x00000000
     429335.000 ns	     42932	80008b34	01120a33	add	x20,x4,x17	  x4:0x200103f8 x17:0x80040fe4 x20=0xa00513dc
     429355.000 ns	     42934	80008b38	02b6ecb3	rem	x25,x13,x11	 x13:0x00000000 x11:0x00000000 x25=0x00000000
     429385.000 ns	     42937	80008b3c	0277c1b3	div	x3,x15,x7	 x15:0x00000000  x7:0x00000000  x3=0xffffffff
     429415.000 ns	     42940	80008b40	d01f73d3	fcvt.s.wu	f7,x30	 x30:0x00000005  f7=0x40a00000
     429435.000 ns	     42942	80008b44	41f75233	sra	x4,x14,x31	 x14:0x00000000 x31:0x00000000  x4=0x00000000
     429465.000 ns	     42945	80008b48	58054753	fsqrt.s	f14,f10	 f10:0x00000000 f14=0x00000000
     429485.000 ns	     42947	80008b4c	015c96b3	sll	x13,x25,x21	 x25:0x00000000 x21:0x00000001 x13=0x00000000
     429495.000 ns	     42948	80008b50	000d1293	slli	x5,x26,0x0	 x26:0x7fffffff  x5=0x7fffffff
     429535.000 ns	     42952	80008b54	08777f53	fsub.s	f30,f14,f7	 f14:0x00000000  f7:0x40a00000 f30=0xc0a00000
     429565.000 ns	     42955	80008b58	21b69ad3	fsgnjn.s	f21,f13,f27	 f13:0x00000000 f27:0x00000000 f21=0x80000000
     429585.000 ns	     42957	80008b5c	014e97b3	sll	x15,x29,x20	 x29:0x00000000 x20:0xa00513dc x15=0x00000000
     429595.000 ns	     42958	80008b60	01bf7fb3	and	x31,x30,x27	 x30:0x00000005 x27:0x00000000 x31=0x00000000
     429605.000 ns	     42959	80008b64	63ee8413	addi	x8,x29,1598	 x29:0x00000000  x8=0x0000063e
     429625.000 ns	     42961	80008b68	210b07d3	fsgnj.s	f15,f22,f16	 f22:0x00000000 f16:0x00000000 f15=0x00000000
     429655.000 ns	     42964	80008b6c	f00301d3	fmv.w.x	f3,x6	  x6:0x00000000  f3=0x00000000
     429685.000 ns	     42967	80008b70	a02b1153	flt.s	x2,f22,f2	 f22:0x00000000  f2:0x80000000  x2=0x00000000
     429715.000 ns	     42970	80008b74	034f14b3	mulh	x9,x30,x20	 x30:0x00000005 x20:0xa00513dc  x9=0xfffffffe
     429745.000 ns	     42973	80008b78	d00b78d3	fcvt.s.w	f17,x22	 x22:0xc1409000 f17=0xce7afdc0
     429775.000 ns	     42976	80008b7c	034e1033	mulh	x0,x28,x20	 x28:0x80041024 x20:0xa00513dc
     429795.000 ns	     42978	80008b80	00057033	and	x0,x10,x0	 x10:0x00000000  x0:0x00000000
     429805.000 ns	     42979	80008b84	bd434493	xori	x9,x6,-1068	  x6:0x00000000  x9=0xfffffbd4
     429835.000 ns	     42982	80008b88	11378553	fmul.s	f10,f15,f19	 f15:0x00000000 f19:0x00000000 f10=0x00000000
     429865.000 ns	     42985	80008b8c	a0dd0fd3	fle.s	x31,f26,f13	 f26:0x49800000 f13:0x00000000 x31=0x00000000
     429895.000 ns	     42988	80008b90	20cd0153	fsgnj.s	f2,f26,f12	 f26:0x49800000 f12:0xc51e8000  f2=0xc9800000
     429925.000 ns	     42991	80008b94	20ac86d3	fsgnj.s	f13,f25,f10	 f25:0x00000000 f10:0x00000000 f13=0x00000000
     429955.000 ns	     42994	80008b98	28059b53	fmax.s	f22,f11,f0	 f11:0x00000000  f0:0xff800000 f22=0x00000000
     429995.000 ns	     42998	80008b9c	198b7e53	fdiv.s	f28,f22,f24	 f22:0x00000000 f24:0x7fc00000 f28=0x7fc00000
     430025.000 ns	     43001	80008ba0	e00b05d3	fmv.x.w	x11,f22	 f22:0x00000000 x11=0x00000000
     430055.000 ns	     43004	80008ba4	02d4b9b3	mulhu	x19,x9,x13	  x9:0xfffffbd4 x13:0x00000000 x19=0x00000000
     430085.000 ns	     43007	80008ba8	2148ae53	fsgnjx.s	f28,f17,f20	 f17:0xce7afdc0 f20:0x00000000 f28=0xce7afdc0
     430105.000 ns	     43009	80008bac	01449b33	sll	x22,x9,x20	  x9:0xfffffbd4 x20:0xa00513dc x22=0x40000000
     430115.000 ns	     43010	80008bb0	31950213	addi	x4,x10,793	 x10:0x00000000  x4=0x00000319
     430475.000 ns	     43046	80008bb4	0380c7b3	div	x15,x1,x24	  x1:0x00000243 x24:0xfffffad1 x15=0x00000000
     430505.000 ns	     43049	80008bb8	28e008d3	fmin.s	f17,f0,f14	  f0:0xff800000 f14:0x00000000 f17=0xff800000
     430525.000 ns	     43051	80008bbc	01501db3	sll	x27,x0,x21	  x0:0x00000000 x21:0x00000001 x27=0x00000000
     430885.000 ns	     43087	80008bc0	023d53b3	divu	x7,x26,x3	 x26:0x7fffffff  x3:0xffffffff  x7=0x00000000
     430915.000 ns	     43090	80008bc4	a0551dd3	flt.s	x27,f10,f5	 f10:0x00000000  f5:0x7fc00000 x27=0x00000000
     430945.000 ns	     43093	80008bc8	d011b2d3	fcvt.s.wu	f5,x3	  x3:0xffffffff  f5=0x4f800000
     430965.000 ns	     43095	80008bcc	4d0bce93	xori	x29,x23,1232	 x23:0x00000001 x29=0x000004d1
     431005.000 ns	     43099	80008bd0	080a0353	fsub.s	f6,f20,f0	 f20:0x00000000  f0:0xff800000  f6=0x7f800000
     431375.000 ns	     43136	80008bd4	025ec633	div	x12,x29,x5	 x29:0x00000000  x5:0x7fffffff x12=0x00000000
     431405.000 ns	     43139	80008bd8	a0330953	fle.s	x18,f6,f3	  f6:0x7f800000  f3:0x00000000 x18=0x00000000
     431445.000 ns	     43143	80008bdc	580f7dd3	fsqrt.s	f27,f30	 f30:0xc0a00000 f27=0x7fc00000
     431465.000 ns	     43145	80008be0	a056ce93	xori	x29,x13,-1531	 x13:0x00000000 x29=0xfffffa05
     431475.000 ns	     43146	80008be4	4aad6f93	ori	x31,x26,1194	 x26:0x7fffffff x31=0x7fffffff
     431485.000 ns	     43147	80008be8	00f42433	slt	x8,x8,x15	  x8:0x0000063e x15:0x00000000  x8=0x00000000
     431505.000 ns	     43149	80008bec	204023d3	fsgnjx.s	f7,f0,f4	  f0:0xff800000  f4:0x00000000  f7=0xff800000
     431535.000 ns	     43152	80008bf0	e00089d3	fmv.x.w	x19,f1	  f1:0x00000000 x19=0x00000000
     431575.000 ns	     43156	80008bf4	185371d3	fdiv.s	f3,f6,f5	  f6:0x7f800000  f5:0x4f800000  f3=0x7f800000
     431615.000 ns	     43160	80008bf8	111b70d3	fmul.s	f1,f22,f17	 f22:0x00000000 f17:0xff800000  f1=0x7fc00000
     431635.000 ns	     43162	80008bfc	00d7b2b3	sltu	x5,x15,x13	 x15:0x00000000 x13:0x00000000  x5=0x00000000
     431655.000 ns	     43164	80008c00	285a0953	fmin.s	f18,f20,f5	 f20:0x00000000  f5:0x4f800000 f18=0x00000000
     431675.000 ns	     43166	80008c04	703de913	ori	x18,x27,1795	 x27:0x00000000 x18=0x00000703
     431685.000 ns	     43167	80008c08	0168dc33	srl	x24,x17,x22	 x17:0x80040fe4 x22:0x40000000 x24=0x80040fe4
     431695.000 ns	     43168	80008c0c	ece42eb7	lui	x29,0xece42	 x29=0xece42000
     431715.000 ns	     43170	80008c10	d010cb53	fcvt.s.wu	f22,x1	  x1:0x00000243 f22=0x4410c000
     431745.000 ns	     43173	80008c14	0396f533	remu	x10,x13,x25	 x13:0x00000000 x25:0x00000000 x10=0x00000000
     431775.000 ns	     43176	80008c18	f00e8ed3	fmv.w.x	f29,x29	 x29:0xece42000 f29=0xece42000
     431795.000 ns	     43178	80008c1c	01b77533	and	x10,x14,x27	 x14:0x00000000 x27:0x00000000 x10=0x00000000
     431835.000 ns	     43182	80008c20	080faad3	fsub.s	f21,f31,f0	 f31:0x7f800000  f0:0xff800000 f21=0x00000000
     431855.000 ns	     43184	80008c24	7454c397	auipc	x7,0x7454c	  x7=0xf4554c24
     431865.000 ns	     43185	80008c28	40c7c293	xori	x5,x15,1036	 x15:0x00000000  x5=0x0000040c
     431875.000 ns	     43186	80008c2c	00a6c4b3	xor	x9,x13,x10	 x13:0x00000000 x10:0x00000000  x9=0x00000000
     431895.000 ns	     43188	80008c30	a11c8ad3	fle.s	x21,f25,f17	 f25:0x00000000 f17:0xff800000 x21=0x00000000
     431915.000 ns	     43190	80008c34	691a0913	addi	x18,x20,1681	 x20:0xa00513dc x18=0xa0051a6d
     431945.000 ns	     43193	80008c38	19f0f7d3	fdiv.s	f15,f1,f31	  f1:0x7fc00000 f31:0x7f800000 f15=0x7fc00000
     431975.000 ns	     43196	80008c3c	29dd1a53	fmax.s	f20,f26,f29	 f26:0x49800000 f29:0xece42000 f20=0x49800000
     431995.000 ns	     43198	80008c40	00000013	addi	x0,x0,0	  x0:0x00000000
     432005.000 ns	     43199	80008c44	8a7beb93	ori	x23,x23,-1881	 x23:0x00000001 x23=0xfffff8a7
     432015.000 ns	     43200	80008c48	0181d993	srli	x19,x3,0x18	  x3:0xffffffff x19=0x000000ff
     432035.000 ns	     43202	80008c4c	e0020953	fmv.x.w	x18,f4	  f4:0x00000000 x18=0x00000000
     432065.000 ns	     43205	80008c50	02fab133	mulhu	x2,x21,x15	 x21:0x00000000 x15:0x00000000  x2=0x00000000
     432095.000 ns	     43208	80008c54	28261f53	fmax.s	f30,f12,f2	 f12:0xc51e8000  f2:0xc9800000 f30=0xc51e8000
     432125.000 ns	     43211	80008c58	03699d33	mulh	x26,x19,x22	 x19:0x000000ff x22:0x40000000 x26=0x0000003f
     432145.000 ns	     43213	80008c5c	017912b3	sll	x5,x18,x23	 x18:0x00000000 x23:0xfffff8a7  x5=0x00000000
     432155.000 ns	     43214	80008c60	012b26b3	slt	x13,x22,x18	 x22:0x40000000 x18:0x00000000 x13=0x00000000
     432175.000 ns	     43216	80008c64	c0081653	fcvt.w.s	x12,f16	 f16:0x00000000 x12=0x00000000
     432205.000 ns	     43219	80008c68	d010f3d3	fcvt.s.wu	f7,x1	  x1:0x00000243  f7=0x4410c000
     432225.000 ns	     43221	80008c6c	00f3dc93	srli	x25,x7,0xf	  x7:0xf4554c24 x25=0x0001e8aa
     432245.000 ns	     43223	80008c70	e00c02d3	fmv.x.w	x5,f24	 f24:0x7fc00000  x5=0x7fc00000
     432265.000 ns	     43225	80008c74	414e8133	sub	x2,x29,x20	 x29:0xece42000 x20:0xa00513dc  x2=0x4cdf0c24
     432275.000 ns	     43226	80008c78	01c853b3	srl	x7,x16,x28	 x16:0x00000000 x28:0x80041024  x7=0x00000000
     432315.000 ns	     43230	80008c7c	000fba53	fadd.s	f20,f31,f0	 f31:0x7f800000  f0:0xff800000 f20=0x80000000
     432335.000 ns	     43232	80008c80	40b05233	sra	x4,x0,x11	  x0:0x00000000 x11:0x00000000  x4=0x00000000
     432355.000 ns	     43234	80008c84	e0058753	fmv.x.w	x14,f11	 f11:0x00000000 x14=0x00000000
     432375.000 ns	     43236	80008c88	50486c93	ori	x25,x16,1284	 x16:0x00000000 x25=0x00000504
     432415.000 ns	     43240	80008c8c	00b5a353	fadd.s	f6,f11,f11	 f11:0x00000000 f11:0x00000000  f6=0x00000000
     432435.000 ns	     43242	80008c90	c4644d13	xori	x26,x8,-954	  x8:0x00000000 x26=0xfffffc46
     432445.000 ns	     43243	80008c94	001209b3	add	x19,x4,x1	  x4:0x00000000  x1:0x00000243 x19=0x00000243
     432465.000 ns	     43245	80008c98	200f99d3	fsgnjn.s	f19,f31,f0	 f31:0x7f800000  f0:0xff800000 f19=0x7f800000
     432515.000 ns	     43250	80008c9c	0918fbd3	fsub.s	f23,f17,f17	 f17:0xff800000 f17:0xff800000 f23=0x00000000
     432555.000 ns	     43254	80008ca0	58049d53	fsqrt.s	f26,f9	  f9:0x80000000 f26=0x80000000
     432595.000 ns	     43258	80008ca4	580428d3	fsqrt.s	f17,f8	  f8:0x7fc00000 f17=0x7fc00000
     432615.000 ns	     43260	80008ca8	00ec70b3	and	x1,x24,x14	 x24:0x80040fe4 x14:0x00000000  x1=0x00000000
     432635.000 ns	     43262	80008cac	206984d3	fsgnj.s	f9,f19,f6	 f19:0x7f800000  f6:0x00000000  f9=0x7f800000
     432665.000 ns	     43265	80008cb0	a1eb0c53	fle.s	x24,f22,f30	 f22:0x4410c000 f30:0xc51e8000 x24=0x00000000
     432685.000 ns	     43267	80008cb4	863ea413	slti	x8,x29,-1949	 x29:0xece42000  x8=0x00000001
     432695.000 ns	     43268	80008cb8	01bd0993	addi	x19,x26,27	 x26:0xfffffc46 x19=0xfffffc61
     432705.000 ns	     43269	80008cbc	006e5c93	srli	x25,x28,0x6	 x28:0x80041024 x25=0x02001040
     432725.000 ns	     43271	80008cc0	03092db3	mulhsu	x27,x18,x16	 x18:0x00000000 x16:0x00000000 x27=0x00000000
     432745.000 ns	     43273	80008cc4	18710737	lui	x14,0x18710	 x14=0x18710000
     432755.000 ns	     43274	80008cc8	006f1393	slli	x7,x30,0x6	 x30:0x00000005  x7=0x00000140
     432765.000 ns	     43275	80008ccc	a5898213	addi	x4,x19,-1448	 x19:0xfffffc61  x4=0xfffff6b9
     432775.000 ns	     43276	80008cd0	000effb3	and	x31,x29,x0	 x29:0xece42000  x0:0x00000000 x31=0x00000000
     432795.000 ns	     43278	80008cd4	f00289d3	fmv.w.x	f19,x5	  x5:0x7fc00000 f19=0x7fc00000
     432825.000 ns	     43281	80008cd8	031005b3	mul	x11,x0,x17	  x0:0x00000000 x17:0x80040fe4 x11=0x00000000
     432845.000 ns	     43283	80008cdc	416a03b3	sub	x7,x20,x22	 x20:0xa00513dc x22:0x40000000  x7=0x600513dc
     432855.000 ns	     43284	80008ce0	d8caf093	andi	x1,x21,-628	 x21:0x00000000  x1=0x00000000
     432865.000 ns	     43285	80008ce4	01ca75b3	and	x11,x20,x28	 x20:0xa00513dc x28:0x80041024 x11=0x80041004
     432885.000 ns	     43287	80008ce8	c004fd53	fcvt.w.s	x26,f9	  f9:0x7f800000 x26=0x7fffffff
     432935.000 ns	     43292	80008cec	08291ad3	fsub.s	f21,f18,f2	 f18:0x00000000  f2:0xc9800000 f21=0x49800000
     432955.000 ns	     43294	80008cf0	87dfb913	sltiu	x18,x31,-1923	 x31:0x00000000 x18=0x00000001
     432975.000 ns	     43296	80008cf4	022c2233	mulhsu	x4,x24,x2	 x24:0x00000000  x2:0x4cdf0c24  x4=0x00000000
     432995.000 ns	     43298	80008cf8	8bae0713	addi	x14,x28,-1862	 x28:0x80041024 x14=0x800408de
     433005.000 ns	     43299	80008cfc	00000013	addi	x0,x0,0	  x0:0x00000000
     433025.000 ns	     43301	80008d00	20628153	fsgnj.s	f2,f5,f6	  f5:0x4f800000  f6:0x00000000  f2=0x4f800000
     433045.000 ns	     43303	80008d04	474f2013	slti	x0,x30,1140	 x30:0x00000005
     433065.000 ns	     43305	80008d08	202c9c53	fsgnjn.s	f24,f25,f2	 f25:0x00000000  f2:0x4f800000 f24=0x80000000
     433115.000 ns	     43310	80008d0c	01e4a9d3	fadd.s	f19,f9,f30	  f9:0x7f800000 f30:0xc51e8000 f19=0x7f800000
     433485.000 ns	     43347	80008d10	025c4333	div	x6,x24,x5	 x24:0x00000000  x5:0x7fc00000  x6=0x00000000
     433515.000 ns	     43350	80008d14	20d49ad3	fsgnjn.s	f21,f9,f13	  f9:0x7f800000 f13:0x00000000 f21=0xff800000
     433545.000 ns	     43353	80008d18	a0b416d3	flt.s	x13,f8,f11	  f8:0x7fc00000 f11:0x00000000 x13=0x00000000
     433575.000 ns	     43356	80008d1c	02770433	mul	x8,x14,x7	 x14:0x800408de  x7:0x600513dc  x8=0xbc7618c8
     433595.000 ns	     43358	80008d20	6f494293	xori	x5,x18,1780	 x18:0x00000001  x5=0x000006f5
     433615.000 ns	     43360	80008d24	027c2033	mulhsu	x0,x24,x7	 x24:0x00000000  x7:0x600513dc
     433645.000 ns	     43363	80008d28	e00d0ed3	fmv.x.w	x29,f26	 f26:0x80000000 x29=0x80000000
     434015.000 ns	     43400	80008d2c	03c55233	divu	x4,x10,x28	 x10:0x00000000 x28:0x80041024  x4=0x00000000
     434035.000 ns	     43402	80008d30	00efc0b3	xor	x1,x31,x14	 x31:0x00000000 x14:0x800408de  x1=0x800408de
     434065.000 ns	     43405	80008d34	580c01d3	fsqrt.s	f3,f24	 f24:0x80000000  f3=0x80000000
     434435.000 ns	     43442	80008d38	03e3f433	remu	x8,x7,x30	  x7:0x600513dc x30:0x00000005  x8=0x00000000
     434805.000 ns	     43479	80008d3c	025ff7b3	remu	x15,x31,x5	 x31:0x00000000  x5:0x000006f5 x15=0x00000000
     434825.000 ns	     43481	80008d40	01dafb33	and	x22,x21,x29	 x21:0x00000000 x29:0x80000000 x22=0x00000000
     434865.000 ns	     43485	80008d44	0829f1d3	fsub.s	f3,f19,f2	 f19:0x7f800000  f2:0x4f800000  f3=0x7f800000
     434885.000 ns	     43487	80008d48	014ce833	or	x16,x25,x20	 x25:0x02001040 x20:0xa00513dc x16=0xa20513dc
     434905.000 ns	     43489	80008d4c	02aab5b3	mulhu	x11,x21,x10	 x21:0x00000000 x10:0x00000000 x11=0x00000000
     434935.000 ns	     43492	80008d50	d00cb8d3	fcvt.s.w	f17,x25	 x25:0x02001040 f17=0x4c000410
     434965.000 ns	     43495	80008d54	f00285d3	fmv.w.x	f11,x5	  x5:0x000006f5 f11=0x000006f5
     435005.000 ns	     43499	80008d58	18fc0cd3	fdiv.s	f25,f24,f15	 f24:0x80000000 f15:0x7fc00000 f25=0x7fc00000
     435025.000 ns	     43501	80008d5c	004dcab3	xor	x21,x27,x4	 x27:0x00000000  x4:0x00000000 x21=0x00000000
     435045.000 ns	     43503	80008d60	a0c52ed3	feq.s	x29,f10,f12	 f10:0x00000000 f12:0xc51e8000 x29=0x00000000
     435065.000 ns	     43505	80008d64	018394b3	sll	x9,x7,x24	  x7:0x600513dc x24:0x00000000  x9=0x600513dc
     435095.000 ns	     43508	80008d68	18131553	fdiv.s	f10,f6,f1	  f6:0x00000000  f1:0x7fc00000 f10=0x7fc00000
     435125.000 ns	     43511	80008d6c	02bae533	rem	x10,x21,x11	 x21:0x00000000 x11:0x00000000 x10=0x00000000
     435145.000 ns	     43513	80008d70	004d00b3	add	x1,x26,x4	 x26:0x7fffffff  x4:0x00000000  x1=0x7fffffff
     435185.000 ns	     43517	80008d74	096b29d3	fsub.s	f19,f22,f22	 f22:0x4410c000 f22:0x4410c000 f19=0x80000000
     435205.000 ns	     43519	80008d78	011bb933	sltu	x18,x23,x17	 x23:0xfffff8a7 x17:0x80040fe4 x18=0x00000000
     435225.000 ns	     43521	80008d7c	c01d31d3	fcvt.wu.s	x3,f26	 f26:0x80000000  x3=0x00000000
     435265.000 ns	     43525	80008d80	114f3bd3	fmul.s	f23,f30,f20	 f30:0xc51e8000 f20:0x80000000 f23=0x00000000
     435285.000 ns	     43527	80008d84	0112d393	srli	x7,x5,0x11	  x5:0x000006f5  x7=0x00000000
     435305.000 ns	     43529	80008d88	a0319cd3	flt.s	x25,f3,f3	  f3:0x7f800000  f3:0x7f800000 x25=0x00000000
     435335.000 ns	     43532	80008d8c	d0080453	fcvt.s.w	f8,x16	 x16:0xa20513dc  f8=0xcebbf5d8
     435705.000 ns	     43569	80008d90	03a1fab3	remu	x21,x3,x26	  x3:0x00000000 x26:0x7fffffff x21=0x00000000
     435735.000 ns	     43572	80008d94	c01ff953	fcvt.wu.s	x18,f31	 f31:0x7f800000 x18=0xffffffff
     435765.000 ns	     43575	80008d98	e00e1453	fclass.s	x8,f28	 f28:0xce7afdc0  x8=0x00000002
     435785.000 ns	     43577	80008d9c	dfa26213	ori	x4,x4,-518	  x4:0x00000000  x4=0xfffffdfa
     435805.000 ns	     43579	80008da0	03d9abb3	mulhsu	x23,x19,x29	 x19:0xfffffc61 x29:0x00000000 x23=0x00000000
     435855.000 ns	     43584	80008da4	007db2d3	fadd.s	f5,f27,f7	 f27:0x7fc00000  f7:0x4410c000  f5=0x7fc00000
     435885.000 ns	     43587	80008da8	c012f253	fcvt.wu.s	x4,f5	  f5:0x4f800000  x4=0xffffffff
     435915.000 ns	     43590	80008dac	a0b39fd3	flt.s	x31,f7,f11	  f7:0x4410c000 f11:0x000006f5 x31=0x00000000
     435945.000 ns	     43593	80008db0	20f321d3	fsgnjx.s	f3,f6,f15	  f6:0x00000000 f15:0x7fc00000  f3=0x00000000
     435965.000 ns	     43595	80008db4	01402b33	slt	x22,x0,x20	  x0:0x00000000 x20:0xa00513dc x22=0x00000000
     435985.000 ns	     43597	80008db8	c01e7a53	fcvt.wu.s	x20,f28	 f28:0xce7afdc0 x20=0x3ebf7000
     436005.000 ns	     43599	80008dbc	016349b3	xor	x19,x6,x22	  x6:0x00000000 x22:0x00000000 x19=0x00000000
     436025.000 ns	     43601	80008dc0	02cf3433	mulhu	x8,x30,x12	 x30:0x00000005 x12:0x00000000  x8=0x00000000
     436055.000 ns	     43604	80008dc4	e00902d3	fmv.x.w	x5,f18	 f18:0x00000000  x5=0x00000000
     436085.000 ns	     43607	80008dc8	f0008a53	fmv.w.x	f20,x1	  x1:0x7fffffff f20=0x7fffffff
     436105.000 ns	     43609	80008dcc	41d95113	srai	x2,x18,0x1d	 x18:0xffffffff  x2=0xffffffff
     436115.000 ns	     43610	80008dd0	00000013	addi	x0,x0,0	  x0:0x00000000
     436135.000 ns	     43612	80008dd4	027953b3	divu	x7,x18,x7	 x18:0xffffffff  x7:0x00000000  x7=0xffffffff
     436165.000 ns	     43615	80008dd8	21e10f53	fsgnj.s	f30,f2,f30	  f2:0x4f800000 f30:0xc51e8000 f30=0xcf800000
     436185.000 ns	     43617	80008ddc	01bcf233	and	x4,x25,x27	 x25:0x00000000 x27:0x00000000  x4=0x00000000
     436205.000 ns	     43619	80008de0	29810f53	fmin.s	f30,f2,f24	  f2:0x4f800000 f24:0x80000000 f30=0x80000000
     436225.000 ns	     43621	80008de4	006b60b3	or	x1,x22,x6	 x22:0x00000000  x6:0x00000000  x1=0x00000000
     436235.000 ns	     43622	80008de8	0138dd93	srli	x27,x17,0x13	 x17:0x80040fe4 x27=0x00001000
     436595.000 ns	     43658	80008dec	02edcfb3	div	x31,x27,x14	 x27:0x00000000 x14:0x800408de x31=0x00000000
     436615.000 ns	     43660	80008df0	414fd4b3	sra	x9,x31,x20	 x31:0x00000000 x20:0x3ebf7000  x9=0x00000000
     436635.000 ns	     43662	80008df4	204d97d3	fsgnjn.s	f15,f27,f4	 f27:0x7fc00000  f4:0x00000000 f15=0xffc00000
     436655.000 ns	     43664	80008df8	01a59b13	slli	x22,x11,0x1a	 x11:0x00000000 x22=0x00000000
     436675.000 ns	     43666	80008dfc	02020033	mul	x0,x4,x0	  x4:0x00000000  x0:0x00000000
     436695.000 ns	     43668	80008e00	40645493	srai	x9,x8,0x6	  x8:0x00000000  x9=0x00000000
     436715.000 ns	     43670	80008e04	f00788d3	fmv.w.x	f17,x15	 x15:0x00000000 f17=0x00000000
     436735.000 ns	     43672	80008e08	b65cf793	andi	x15,x25,-1179	 x25:0x00000000 x15=0x00000000
     436745.000 ns	     43673	80008e0c	0a0e2293	slti	x5,x28,160	 x28:0x80041024  x5=0x00000001
     436755.000 ns	     43674	80008e10	ff21a793	slti	x15,x3,-14	  x3:0x00000000 x15=0x00000000
     436775.000 ns	     43676	80008e14	a0c1a653	feq.s	x12,f3,f12	  f3:0x00000000 f12:0xc51e8000 x12=0x00000000
     436795.000 ns	     43678	80008e18	1ba3e313	ori	x6,x7,442	  x7:0xffffffff  x6=0xffffffff
     436815.000 ns	     43680	80008e1c	02fcab33	mulhsu	x22,x25,x15	 x25:0x00000000 x15:0x00000000 x22=0x00000000
     436835.000 ns	     43682	80008e20	00000013	addi	x0,x0,0	  x0:0x00000000
     436855.000 ns	     43684	80008e24	c0168053	fcvt.wu.s	x0,f13	 f13:0x00000000
     436875.000 ns	     43686	80008e28	016df633	and	x12,x27,x22	 x27:0x00001000 x22:0x00000000 x12=0x00000000
     436885.000 ns	     43687	80008e2c	ab693513	sltiu	x10,x18,-1354	 x18:0xffffffff x10=0x00000000
     436915.000 ns	     43690	80008e30	18178d53	fdiv.s	f26,f15,f1	 f15:0xffc00000  f1:0x7fc00000 f26=0x7fc00000
     436945.000 ns	     43693	80008e34	c0151bd3	fcvt.wu.s	x23,f10	 f10:0x7fc00000 x23=0xffffffff
     436965.000 ns	     43695	80008e38	417f56b3	sra	x13,x30,x23	 x30:0x00000005 x23:0x00000000 x13=0x00000000
     436975.000 ns	     43696	80008e3c	1f9eb393	sltiu	x7,x29,505	 x29:0x00000000  x7=0x00000001
     436995.000 ns	     43698	80008e40	f0070853	fmv.w.x	f16,x14	 x14:0x800408de f16=0x800408de
     437015.000 ns	     43700	80008e44	40815713	srai	x14,x2,0x8	  x2:0xffffffff x14=0xffffffff
     437035.000 ns	     43702	80008e48	c0078ad3	fcvt.w.s	x21,f15	 f15:0xffc00000 x21=0x7fffffff
     437055.000 ns	     43704	80008e4c	00eea133	slt	x2,x29,x14	 x29:0x00000000 x14:0x800408de  x2=0x00000000
     437075.000 ns	     43706	80008e50	28689753	fmax.s	f14,f17,f6	 f17:0x00000000  f6:0x00000000 f14=0x00000000
     437095.000 ns	     43708	80008e54	00000013	addi	x0,x0,0	  x0:0x00000000
     437115.000 ns	     43710	80008e58	a0532053	feq.s	x0,f6,f5	  f6:0x00000000  f5:0x7fc00000
     437145.000 ns	     43713	80008e5c	e0058953	fmv.x.w	x18,f11	 f11:0x000006f5 x18=0x000006f5
     437165.000 ns	     43715	80008e60	904a7913	andi	x18,x20,-1788	 x20:0x3ebf7000 x18=0x3ebf7000
     437175.000 ns	     43716	80008e64	41475b33	sra	x22,x14,x20	 x14:0xffffffff x20:0x3ebf7000 x22=0xffffffff
     437185.000 ns	     43717	80008e68	0bd819b7	lui	x19,0xbd81	 x19=0x0bd81000
     437205.000 ns	     43719	80008e6c	c0109a53	fcvt.wu.s	x20,f1	  f1:0x7fc00000 x20=0xffffffff
     437235.000 ns	     43722	80008e70	a0c29853	flt.s	x16,f5,f12	  f5:0x7fc00000 f12:0xc51e8000 x16=0x00000000
     437255.000 ns	     43724	80008e74	01e02433	slt	x8,x0,x30	  x0:0x00000000 x30:0x00000005  x8=0x00000001
     437295.000 ns	     43728	80008e78	0894f4d3	fsub.s	f9,f9,f9	  f9:0x7f800000  f9:0x7f800000  f9=0x80000000
     437325.000 ns	     43731	80008e7c	027320b3	mulhsu	x1,x6,x7	  x6:0xffffffff  x7:0x00000001  x1=0xffffffff
     437355.000 ns	     43734	80008e80	c01410d3	fcvt.wu.s	x1,f8	  f8:0xcebbf5d8  x1=0x5dfaec00
     437375.000 ns	     43736	80008e84	2d85c537	lui	x10,0x2d85c	 x10=0x2d85c000
     437415.000 ns	     43740	80008e88	081e7553	fsub.s	f10,f28,f1	 f28:0xce7afdc0  f1:0x7fc00000 f10=0x7fc00000
     437435.000 ns	     43742	80008e8c	01801c33	sll	x24,x0,x24	  x0:0x00000000 x24:0x00000000 x24=0x00000000
     437445.000 ns	     43743	80008e90	41540eb3	sub	x29,x8,x21	  x8:0x00000001 x21:0x7fffffff x29=0x80000002
     437475.000 ns	     43746	80008e94	18b0ffd3	fdiv.s	f31,f1,f11	  f1:0x7fc00000 f11:0x000006f5 f31=0x7fc00000
     437505.000 ns	     43749	80008e98	a1809a53	flt.s	x20,f1,f24	  f1:0x7fc00000 f24:0x80000000 x20=0x00000000
     437525.000 ns	     43751	80008e9c	41825d33	sra	x26,x4,x24	  x4:0x00000000 x24:0x00000000 x26=0x00000000
     437545.000 ns	     43753	80008ea0	027e8c33	mul	x24,x29,x7	 x29:0x80000002  x7:0x00000001 x24=0x80000002
     437575.000 ns	     43756	80008ea4	e00e8253	fmv.x.w	x4,f29	 f29:0xece42000  x4=0xece42000
     437605.000 ns	     43759	80008ea8	02780933	mul	x18,x16,x7	 x16:0x00000000  x7:0x00000001 x18=0x00000000
     437635.000 ns	     43762	80008eac	c002f4d3	fcvt.w.s	x9,f5	  f5:0x7fc00000  x9=0x7fffffff
     437665.000 ns	     43765	80008eb0	d0157253	fcvt.s.wu	f4,x10	 x10:0x2d85c000  f4=0x4e361700
     437685.000 ns	     43767	80008eb4	cdc5c413	xori	x8,x11,-804	 x11:0x00000000  x8=0xfffffcdc
     437695.000 ns	     43768	80008eb8	00000013	addi	x0,x0,0	  x0:0x00000000
     437705.000 ns	     43769	80008ebc	00000013	addi	x0,x0,0	  x0:0x00000000
     437715.000 ns	     43770	80008ec0	338fb993	sltiu	x19,x31,824	 x31:0x00000000 x19=0x00000001
     437725.000 ns	     43771	80008ec4	ccc03d13	sltiu	x26,x0,-820	  x0:0x00000000 x26=0x00000001
     437745.000 ns	     43773	80008ec8	f0040ed3	fmv.w.x	f29,x8	  x8:0xfffffcdc f29=0xfffffcdc
     438115.000 ns	     43810	80008ecc	027d4eb3	div	x29,x26,x7	 x26:0x00000000  x7:0x00000001 x29=0x00000001
     438145.000 ns	     43813	80008ed0	c00ac5d3	fcvt.w.s	x11,f21	 f21:0xff800000 x11=0x80000000
     438185.000 ns	     43817	80008ed4	103e3853	fmul.s	f16,f28,f3	 f28:0xce7afdc0  f3:0x00000000 f16=0x80000000
     438215.000 ns	     43820	80008ed8	039d8333	mul	x6,x27,x25	 x27:0x00001000 x25:0x00000000  x6=0x00000000
     438235.000 ns	     43822	80008edc	8504b993	sltiu	x19,x9,-1968	  x9:0x7fffffff x19=0x00000001
     438245.000 ns	     43823	80008ee0	01d81a13	slli	x20,x16,0x1d	 x16:0x00000000 x20=0x00000000
     438255.000 ns	     43824	80008ee4	01c771b3	and	x3,x14,x28	 x14:0xffffffff x28:0x80041024  x3=0x80041024
     438275.000 ns	     43826	80008ee8	e0019bd3	fclass.s	x23,f3	  f3:0x00000000 x23=0x00000010
     438295.000 ns	     43828	80008eec	40675db3	sra	x27,x14,x6	 x14:0xffffffff  x6:0x00000000 x27=0xffffffff
     438305.000 ns	     43829	80008ef0	41535833	sra	x16,x6,x21	  x6:0x00000000 x21:0x7fffffff x16=0x00000000
     438325.000 ns	     43831	80008ef4	e00306d3	fmv.x.w	x13,f6	  f6:0x00000000 x13=0x00000000
     438365.000 ns	     43835	80008ef8	194d7153	fdiv.s	f2,f26,f20	 f26:0x7fc00000 f20:0x7fffffff  f2=0x7fc00000
     438405.000 ns	     43839	80008efc	117126d3	fmul.s	f13,f2,f23	  f2:0x4f800000 f23:0x00000000 f13=0x7fc00000
     438435.000 ns	     43842	80008f00	d01a7bd3	fcvt.s.wu	f23,x20	 x20:0x00000000 f23=0x00000000
     438465.000 ns	     43845	80008f04	f0040453	fmv.w.x	f8,x8	  x8:0xfffffcdc  f8=0xfffffcdc
     438485.000 ns	     43847	80008f08	208a8a13	addi	x20,x21,520	 x21:0x7fffffff x20=0x80000207
     438495.000 ns	     43848	80008f0c	418cd4b3	sra	x9,x25,x24	 x25:0x00000000 x24:0x80000002  x9=0x00000000
     438515.000 ns	     43850	80008f10	d0117053	fcvt.s.wu	f0,x2	  x2:0x00000000  f0=0x00000000
     438535.000 ns	     43852	80008f14	3821b337	lui	x6,0x3821b	  x6=0x3821b000
     438555.000 ns	     43854	80008f18	c019b6d3	fcvt.wu.s	x13,f19	 f19:0x80000000 x13=0x00000000
     438575.000 ns	     43856	80008f1c	003579b3	and	x19,x10,x3	 x10:0x2d85c000  x3:0x80041024 x19=0x00040000
     438585.000 ns	     43857	80008f20	6dfda817	auipc	x16,0x6dfda	 x16=0xedfe2f20
     438605.000 ns	     43859	80008f24	c0042bd3	fcvt.w.s	x23,f8	  f8:0xfffffcdc x23=0x7fffffff
     438625.000 ns	     43861	80008f28	69337593	andi	x11,x6,1683	  x6:0x3821b000 x11=0x00000000
     438655.000 ns	     43864	80008f2c	100b7b53	fmul.s	f22,f22,f0	 f22:0x4410c000  f0:0x00000000 f22=0x00000000
     438685.000 ns	     43867	80008f30	d012b553	fcvt.s.wu	f10,x5	  x5:0x00000001 f10=0x3f800000
     438705.000 ns	     43869	80008f34	00000013	addi	x0,x0,0	  x0:0x00000000
     438715.000 ns	     43870	80008f38	41395213	srai	x4,x18,0x13	 x18:0x00000000  x4=0x00000000
     438725.000 ns	     43871	80008f3c	40808333	sub	x6,x1,x8	  x1:0x5dfaec00  x8:0xfffffcdc  x6=0x5dfaef24
     438745.000 ns	     43873	80008f40	a16b0753	fle.s	x14,f22,f22	 f22:0x00000000 f22:0x00000000 x14=0x00000001
     439115.000 ns	     43910	80008f44	03e3e1b3	rem	x3,x7,x30	  x7:0x00000001 x30:0x00000005  x3=0x00000001
     439135.000 ns	     43912	80008f48	00e3d913	srli	x18,x7,0xe	  x7:0x00000001 x18=0x00000000
     439155.000 ns	     43914	80008f4c	a14aa753	feq.s	x14,f21,f20	 f21:0xff800000 f20:0x7fffffff x14=0x00000000
     439185.000 ns	     43917	80008f50	f0000453	fmv.w.x	f8,x0	  x0:0x00000000  f8=0x00000000
     439205.000 ns	     43919	80008f54	48fb3293	sltiu	x5,x22,1167	 x22:0xffffffff  x5=0x00000000
     439225.000 ns	     43921	80008f58	28d18bd3	fmin.s	f23,f3,f13	  f3:0x00000000 f13:0x7fc00000 f23=0x00000000
     439245.000 ns	     43923	80008f5c	bffef193	andi	x3,x29,-1025	 x29:0x00000001  x3=0x00000001
     439255.000 ns	     43924	80008f60	40a18c33	sub	x24,x3,x10	  x3:0x00000001 x10:0x2d85c000 x24=0xd27a4001
     439265.000 ns	     43925	80008f64	402b55b3	sra	x11,x22,x2	 x22:0xffffffff  x2:0x00000000 x11=0xffffffff
     439275.000 ns	     43926	80008f68	aa72e217	auipc	x4,0xaa72e	  x4=0x2a736f68
     439285.000 ns	     43927	80008f6c	01dcd3b3	srl	x7,x25,x29	 x25:0x00000000 x29:0x00000001  x7=0x00000000
     439305.000 ns	     43929	80008f70	03708033	mul	x0,x1,x23	  x1:0x5dfaec00 x23:0x7fffffff
     439675.000 ns	     43966	80008f74	03dae133	rem	x2,x21,x29	 x21:0x7fffffff x29:0x00000001  x2=0x00000000
     439705.000 ns	     43969	80008f78	f0040753	fmv.w.x	f14,x8	  x8:0xfffffcdc f14=0xfffffcdc
     439725.000 ns	     43971	80008f7c	f550cb93	xori	x23,x1,-171	  x1:0x5dfaec00 x23=0xa2051355
     439745.000 ns	     43973	80008f80	a0000c53	fle.s	x24,f0,f0	  f0:0x00000000  f0:0x00000000 x24=0x00000001
     439765.000 ns	     43975	80008f84	01481313	slli	x6,x16,0x14	 x16:0xedfe2f20  x6=0xf2000000
     439795.000 ns	     43978	80008f88	580fabd3	fsqrt.s	f23,f31	 f31:0x7fc00000 f23=0x7fc00000
     439825.000 ns	     43981	80008f8c	d01cf553	fcvt.s.wu	f10,x25	 x25:0x00000000 f10=0x00000000
     439855.000 ns	     43984	80008f90	211d9453	fsgnjn.s	f8,f27,f17	 f27:0x7fc00000 f17:0x00000000  f8=0xffc00000
     439885.000 ns	     43987	80008f94	02c26c33	rem	x24,x4,x12	  x4:0x2a736f68 x12:0x00000000 x24=0x2a736f68
     439905.000 ns	     43989	80008f98	41f0d613	srai	x12,x1,0x1f	  x1:0x5dfaec00 x12=0x00000000
     439915.000 ns	     43990	80008f9c	00f59633	sll	x12,x11,x15	 x11:0xffffffff x15:0x00000000 x12=0xffffffff
     439945.000 ns	     43993	80008fa0	580488d3	fsqrt.s	f17,f9	  f9:0x80000000 f17=0x80000000
     439975.000 ns	     43996	80008fa4	e00f1453	fclass.s	x8,f30	 f30:0x80000000  x8=0x00000008
     440005.000 ns	     43999	80008fa8	28531d53	fmax.s	f26,f6,f5	  f6:0x00000000  f5:0x7fc00000 f26=0x00000000
     440025.000 ns	     44001	80008fac	00000013	addi	x0,x0,0	  x0:0x00000000
     440045.000 ns	     44003	80008fb0	20481fd3	fsgnjn.s	f31,f16,f4	 f16:0x80000000  f4:0x4e361700 f31=0x80000000
     440065.000 ns	     44005	80008fb4	01df5133	srl	x2,x30,x29	 x30:0x00000005 x29:0x00000001  x2=0x00000002
     440075.000 ns	     44006	80008fb8	41f002b3	sub	x5,x0,x31	  x0:0x00000000 x31:0x00000000  x5=0x00000000
     440095.000 ns	     44008	80008fbc	d00da353	fcvt.s.w	f6,x27	 x27:0xffffffff  f6=0xbf800000
     440115.000 ns	     44010	80008fc0	0080bcb3	sltu	x25,x1,x8	  x1:0x5dfaec00  x8:0x00000008 x25=0x00000000
     440135.000 ns	     44012	80008fc4	c009f1d3	fcvt.w.s	x3,f19	 f19:0x80000000  x3=0x00000000
     440165.000 ns	     44015	80008fc8	02cc0633	mul	x12,x24,x12	 x24:0x2a736f68 x12:0xffffffff x12=0xd58c9098
     440185.000 ns	     44017	80008fcc	37493693	sltiu	x13,x18,884	 x18:0x00000000 x13=0x00000001
     440195.000 ns	     44018	80008fd0	bd8baa13	slti	x20,x23,-1064	 x23:0xa2051355 x20=0x00000001
     440215.000 ns	     44020	80008fd4	280b1cd3	fmax.s	f25,f22,f0	 f22:0x00000000  f0:0x00000000 f25=0x00000000
     440235.000 ns	     44022	80008fd8	014f8db3	add	x27,x31,x20	 x31:0x00000000 x20:0x80000207 x27=0x00000001
     440245.000 ns	     44023	80008fdc	00a84db3	xor	x27,x16,x10	 x16:0xedfe2f20 x10:0x2d85c000 x27=0xc07bef20
     440275.000 ns	     44026	80008fe0	11abfe53	fmul.s	f28,f23,f26	 f23:0x7fc00000 f26:0x00000000 f28=0x7fc00000
     440295.000 ns	     44028	80008fe4	00000013	addi	x0,x0,0	  x0:0x00000000
     440315.000 ns	     44030	80008fe8	a081a7d3	feq.s	x15,f3,f8	  f3:0x00000000  f8:0xffc00000 x15=0x00000000
     440685.000 ns	     44067	80008fec	026355b3	divu	x11,x6,x6	  x6:0xf2000000  x6:0xf2000000 x11=0x00000001
     440715.000 ns	     44070	80008ff0	a117acd3	feq.s	x25,f15,f17	 f15:0xffc00000 f17:0x80000000 x25=0x00000000
     440745.000 ns	     44073	80008ff4	a01f8353	fle.s	x6,f31,f1	 f31:0x80000000  f1:0x7fc00000  x6=0x00000000
     440775.000 ns	     44076	80008ff8	c0022753	fcvt.w.s	x14,f4	  f4:0x4e361700 x14=0x2d85c000
     440795.000 ns	     44078	80008ffc	c3d2f7b7	lui	x15,0xc3d2f	 x15=0xc3d2f000
     440805.000 ns	     44079	80009000	0a7c7513	andi	x10,x24,167	 x24:0x2a736f68 x10=0x00000020
     440825.000 ns	     44081	80009004	a01d8353	fle.s	x6,f27,f1	 f27:0x7fc00000  f1:0x7fc00000  x6=0x00000000
     440845.000 ns	     44083	80009008	01a6d613	srli	x12,x13,0x1a	 x13:0x00000001 x12=0x00000000
     440865.000 ns	     44085	8000900c	e0021253	fclass.s	x4,f4	  f4:0x4e361700  x4=0x00000040
     440905.000 ns	     44089	80009010	10e4f053	fmul.s	f0,f9,f14	  f9:0x80000000 f14:0xfffffcdc  f0=0x7fc00000
     440945.000 ns	     44093	80009014	18838853	fdiv.s	f16,f7,f8	  f7:0x4410c000  f8:0xffc00000 f16=0x7fc00000
     440975.000 ns	     44096	80009018	21291153	fsgnjn.s	f2,f18,f18	 f18:0x00000000 f18:0x00000000  f2=0x80000000
     441005.000 ns	     44099	8000901c	21431cd3	fsgnjn.s	f25,f6,f20	  f6:0xbf800000 f20:0x7fffffff f25=0xbf800000
     441035.000 ns	     44102	80009020	d017acd3	fcvt.s.wu	f25,x15	 x15:0xc3d2f000 f25=0x4f43d2f0
     441055.000 ns	     44104	80009024	90ce0a13	addi	x20,x28,-1780	 x28:0x80041024 x20=0x80040930
     441075.000 ns	     44106	80009028	21f908d3	fsgnj.s	f17,f18,f31	 f18:0x00000000 f31:0x80000000 f17=0x80000000
     441105.000 ns	     44109	8000902c	e0010bd3	fmv.x.w	x23,f2	  f2:0x80000000 x23=0x80000000
     441135.000 ns	     44112	80009030	e0061ed3	fclass.s	x29,f12	 f12:0xc51e8000 x29=0x00000002
     441165.000 ns	     44115	80009034	a0f219d3	flt.s	x19,f4,f15	  f4:0x4e361700 f15:0xffc00000 x19=0x00000000
     441185.000 ns	     44117	80009038	5b994493	xori	x9,x18,1465	 x18:0x00000000  x9=0x000005b9
     441215.000 ns	     44120	8000903c	115ffcd3	fmul.s	f25,f31,f21	 f31:0x80000000 f21:0xff800000 f25=0x7fc00000
     441235.000 ns	     44122	80009040	00a6b0b3	sltu	x1,x13,x10	 x13:0x00000001 x10:0x00000020  x1=0x00000001
     441245.000 ns	     44123	80009044	ca823113	sltiu	x2,x4,-856	  x4:0x00000040  x2=0x00000001
     441255.000 ns	     44124	80009048	4128dab3	sra	x21,x17,x18	 x17:0x80040fe4 x18:0x00000000 x21=0x80040fe4
     441265.000 ns	     44125	8000904c	a6c76313	ori	x6,x14,-1428	 x14:0x2d85c000  x6=0xfffffa6c
     441295.000 ns	     44128	80009050	115d25d3	fmul.s	f11,f26,f21	 f26:0x00000000 f21:0xff800000 f11=0x7fc00000
     441325.000 ns	     44131	80009054	d0151bd3	fcvt.s.wu	f23,x10	 x10:0x00000020 f23=0x42000000
     441345.000 ns	     44133	80009058	00c17333	and	x6,x2,x12	  x2:0x00000001 x12:0x00000000  x6=0x00000000
     441365.000 ns	     44135	8000905c	a1fa01d3	fle.s	x3,f20,f31	 f20:0x7fffffff f31:0x80000000  x3=0x00000000
     441385.000 ns	     44137	80009060	003bc733	xor	x14,x23,x3	 x23:0x80000000  x3:0x00000000 x14=0x80000000
     441405.000 ns	     44139	80009064	024492b3	mulh	x5,x9,x4	  x9:0x000005b9  x4:0x00000040  x5=0x00000000
     441425.000 ns	     44141	80009068	eb758c13	addi	x24,x11,-329	 x11:0x00000001 x24=0xfffffeb8
     441435.000 ns	     44142	8000906c	40d70bb3	sub	x23,x14,x13	 x14:0x80000000 x13:0x00000001 x23=0x7fffffff
     441455.000 ns	     44144	80009070	c01ef1d3	fcvt.wu.s	x3,f29	 f29:0xfffffcdc  x3=0xffffffff
     441475.000 ns	     44146	80009074	83da8fb7	lui	x31,0x83da8	 x31=0x83da8000
     441495.000 ns	     44148	80009078	a0ad90d3	flt.s	x1,f27,f10	 f27:0x7fc00000 f10:0x00000000  x1=0x00000000
     441525.000 ns	     44151	8000907c	033b2bb3	mulhsu	x23,x22,x19	 x22:0xffffffff x19:0x00000000 x23=0x00000000
     441545.000 ns	     44153	80009080	0170c0b3	xor	x1,x1,x23	  x1:0x00000000 x23:0x7fffffff  x1=0x00000000
     441565.000 ns	     44155	80009084	0293b333	mulhu	x6,x7,x9	  x7:0x00000000  x9:0x000005b9  x6=0x00000000
     441595.000 ns	     44158	80009088	f00b8353	fmv.w.x	f6,x23	 x23:0x00000000  f6=0x00000000
     441625.000 ns	     44161	8000908c	e00595d3	fclass.s	x11,f11	 f11:0x7fc00000 x11=0x00000200
     441655.000 ns	     44164	80009090	02f03833	mulhu	x16,x0,x15	  x0:0x00000000 x15:0xc3d2f000 x16=0x00000000
     441695.000 ns	     44168	80009094	10ab2fd3	fmul.s	f31,f22,f10	 f22:0x00000000 f10:0x00000000 f31=0x00000000
     441725.000 ns	     44171	80009098	f00989d3	fmv.w.x	f19,x19	 x19:0x00000000 f19=0x00000000
     441755.000 ns	     44174	8000909c	d01c3953	fcvt.s.wu	f18,x24	 x24:0xfffffeb8 f18=0x4f7fffff
     441775.000 ns	     44176	800090a0	149fc193	xori	x3,x31,329	 x31:0x83da8000  x3=0x83da8149
     441795.000 ns	     44178	800090a4	21430353	fsgnj.s	f6,f6,f20	  f6:0x00000000 f20:0x7fffffff  f6=0x00000000
     441825.000 ns	     44181	800090a8	e00803d3	fmv.x.w	x7,f16	 f16:0x7fc00000  x7=0x7fc00000
     441845.000 ns	     44183	800090ac	017afa33	and	x20,x21,x23	 x21:0x80040fe4 x23:0x00000000 x20=0x00000000
     441855.000 ns	     44184	800090b0	00000013	addi	x0,x0,0	  x0:0x00000000
     441875.000 ns	     44186	800090b4	02bc3933	mulhu	x18,x24,x11	 x24:0xfffffeb8 x11:0x00000200 x18=0x000001ff
     441925.000 ns	     44191	800090b8	0063fe53	fadd.s	f28,f7,f6	  f7:0x4410c000  f6:0x00000000 f28=0x4410c000
     441945.000 ns	     44193	800090bc	014e8c33	add	x24,x29,x20	 x29:0x00000002 x20:0x00000000 x24=0x00000002
     441965.000 ns	     44195	800090c0	02f22db3	mulhsu	x27,x4,x15	  x4:0x00000040 x15:0xc3d2f000 x27=0x00000030
     441995.000 ns	     44198	800090c4	28191753	fmax.s	f14,f18,f1	 f18:0x4f7fffff  f1:0x7fc00000 f14=0x4f7fffff
     442025.000 ns	     44201	800090c8	a0882553	feq.s	x10,f16,f8	 f16:0x7fc00000  f8:0xffc00000 x10=0x00000000
     442395.000 ns	     44238	800090cc	0357cb33	div	x22,x15,x21	 x15:0xc3d2f000 x21:0x80040fe4 x22=0x00000000
     442415.000 ns	     44240	800090d0	f50b6d93	ori	x27,x22,-176	 x22:0xffffffff x27=0xffffff50
     442425.000 ns	     44241	800090d4	002e20b3	slt	x1,x28,x2	 x28:0x80041024  x2:0x00000001  x1=0x00000001
     442455.000 ns	     44244	800090d8	580dc1d3	fsqrt.s	f3,f27	 f27:0x7fc00000  f3=0x7fc00000
     442485.000 ns	     44247	800090dc	d012fe53	fcvt.s.wu	f28,x5	  x5:0x00000000 f28=0x00000000
     442505.000 ns	     44249	800090e0	01189793	slli	x15,x17,0x11	 x17:0x80040fe4 x15=0x1fc80000
     442515.000 ns	     44250	800090e4	013adfb3	srl	x31,x21,x19	 x21:0x80040fe4 x19:0x00000000 x31=0x80040fe4
     442535.000 ns	     44252	800090e8	f00683d3	fmv.w.x	f7,x13	 x13:0x00000001  f7=0x00000001
     442565.000 ns	     44255	800090ec	02279d33	mulh	x26,x15,x2	 x15:0x1fc80000  x2:0x00000001 x26=0x00000000
     442595.000 ns	     44258	800090f0	28f813d3	fmax.s	f7,f16,f15	 f16:0x7fc00000 f15:0xffc00000  f7=0x7fc00000
     442625.000 ns	     44261	800090f4	d0007ed3	fcvt.s.w	f29,x0	  x0:0x00000000 f29=0x00000000
     442645.000 ns	     44263	800090f8	00788033	add	x0,x17,x7	 x17:0x80040fe4  x7:0x7fc00000
     442655.000 ns	     44264	800090fc	010acd33	xor	x26,x21,x16	 x21:0x80040fe4 x16:0x00000000 x26=0x80040fe4
     442675.000 ns	     44266	80009100	034805b3	mul	x11,x16,x20	 x16:0x00000000 x20:0x00000000 x11=0x00000000
     442695.000 ns	     44268	80009104	61ff0213	addi	x4,x30,1567	 x30:0x00000005  x4=0x00000624
     442715.000 ns	     44270	80009108	a1f59d53	flt.s	x26,f11,f31	 f11:0x7fc00000 f31:0x00000000 x26=0x00000000
     442755.000 ns	     44274	8000910c	18ac7ed3	fdiv.s	f29,f24,f10	 f24:0x80000000 f10:0x00000000 f29=0x7fc00000
     442775.000 ns	     44276	80009110	01f1f633	and	x12,x3,x31	  x3:0x83da8149 x31:0x80040fe4 x12=0x80000140
     442785.000 ns	     44277	80009114	350de213	ori	x4,x27,848	 x27:0xffffff50  x4=0xffffff50
     442795.000 ns	     44278	80009118	0f35acb7	lui	x25,0xf35a	 x25=0x0f35a000
     442815.000 ns	     44280	8000911c	29718153	fmin.s	f2,f3,f23	  f3:0x7fc00000 f23:0x42000000  f2=0x42000000
     442835.000 ns	     44282	80009120	01529bb3	sll	x23,x5,x21	  x5:0x00000000 x21:0x80040fe4 x23=0x00000000
     442855.000 ns	     44284	80009124	28c00bd3	fmin.s	f23,f0,f12	  f0:0x7fc00000 f12:0xc51e8000 f23=0xc51e8000
     442885.000 ns	     44287	80009128	28050dd3	fmin.s	f27,f10,f0	 f10:0x00000000  f0:0x7fc00000 f27=0x00000000
     442915.000 ns	     44290	8000912c	e00d8bd3	fmv.x.w	x23,f27	 f27:0x7fc00000 x23=0x00000000
     443285.000 ns	     44327	80009130	03c1e433	rem	x8,x3,x28	  x3:0x83da8149 x28:0x80041024  x8=0x83da8149
     443315.000 ns	     44330	80009134	03664533	div	x10,x12,x22	 x12:0x80000140 x22:0x00000000 x10=0xffffffff
     443345.000 ns	     44333	80009138	20ad9dd3	fsgnjn.s	f27,f27,f10	 f27:0x00000000 f10:0x00000000 f27=0x80000000
     443715.000 ns	     44370	8000913c	03807eb3	remu	x29,x0,x24	  x0:0x00000000 x24:0x00000002 x29=0x00000000
     443745.000 ns	     44373	80009140	03a7dfb3	divu	x31,x15,x26	 x15:0x1fc80000 x26:0x00000000 x31=0xffffffff
     443785.000 ns	     44377	80009144	11f0f2d3	fmul.s	f5,f1,f31	  f1:0x7fc00000 f31:0x00000000  f5=0x7fc00000
     443805.000 ns	     44379	80009148	41b70933	sub	x18,x14,x27	 x14:0x80000000 x27:0xffffff50 x18=0x800000b0
     443845.000 ns	     44383	8000914c	01532653	fadd.s	f12,f6,f21	  f6:0x00000000 f21:0xff800000 f12=0xff800000
     443865.000 ns	     44385	80009150	41a25513	srai	x10,x4,0x1a	  x4:0xffffff50 x10=0xffffffff
     443875.000 ns	     44386	80009154	00b81d33	sll	x26,x16,x11	 x16:0x00000000 x11:0x00000000 x26=0x00000000
     443895.000 ns	     44388	80009158	213b1c53	fsgnjn.s	f24,f22,f19	 f22:0x00000000 f19:0x00000000 f24=0x80000000
     443945.000 ns	     44393	8000915c	005480d3	fadd.s	f1,f9,f5	  f9:0x80000000  f5:0x7fc00000  f1=0x7fc00000
     443975.000 ns	     44396	80009160	20fb0d53	fsgnj.s	f26,f22,f15	 f22:0x00000000 f15:0xffc00000 f26=0x80000000
     443995.000 ns	     44398	80009164	d00bf713	andi	x14,x23,-768	 x23:0x00000000 x14=0x00000000
     444005.000 ns	     44399	80009168	01e75493	srli	x9,x14,0x1e	 x14:0x80000000  x9=0x00000000
     444015.000 ns	     44400	8000916c	40b25093	srai	x1,x4,0xb	  x4:0xffffff50  x1=0xffffffff
     444035.000 ns	     44402	80009170	2064a553	fsgnjx.s	f10,f9,f6	  f9:0x80000000  f6:0x00000000 f10=0x80000000
     444065.000 ns	     44405	80009174	0274b5b3	mulhu	x11,x9,x7	  x9:0x00000000  x7:0x7fc00000 x11=0x00000000
     444085.000 ns	     44407	80009178	4185d613	srai	x12,x11,0x18	 x11:0x00000000 x12=0x00000000
     444105.000 ns	     44409	8000917c	03c43db3	mulhu	x27,x8,x28	  x8:0x83da8149 x28:0x80041024 x27=0x41ef585e
     444135.000 ns	     44412	80009180	a1d7a7d3	feq.s	x15,f15,f29	 f15:0xffc00000 f29:0x7fc00000 x15=0x00000000
     444155.000 ns	     44414	80009184	00000013	addi	x0,x0,0	  x0:0x00000000
     444185.000 ns	     44417	80009188	19fc7a53	fdiv.s	f20,f24,f31	 f24:0x80000000 f31:0x00000000 f20=0x7fc00000
     444205.000 ns	     44419	8000918c	0143da13	srli	x20,x7,0x14	  x7:0x7fc00000 x20=0x000007fc
     444225.000 ns	     44421	80009190	298a17d3	fmax.s	f15,f20,f24	 f20:0x7fc00000 f24:0x80000000 f15=0x80000000
     444245.000 ns	     44423	80009194	41db8433	sub	x8,x23,x29	 x23:0x00000000 x29:0x00000000  x8=0x00000000
     444255.000 ns	     44424	80009198	40920eb3	sub	x29,x4,x9	  x4:0xffffff50  x9:0x00000000 x29=0xffffff50
     444275.000 ns	     44426	8000919c	28b316d3	fmax.s	f13,f6,f11	  f6:0x00000000 f11:0x7fc00000 f13=0x00000000
     444295.000 ns	     44428	800091a0	ac6bf593	andi	x11,x23,-1338	 x23:0x00000000 x11=0x00000000
     444315.000 ns	     44430	800091a4	021c1d33	mulh	x26,x24,x1	 x24:0x00000002  x1:0xffffffff x26=0xffffffff
     444335.000 ns	     44432	800091a8	402bd033	sra	x0,x23,x2	 x23:0x00000000  x2:0x00000001
     444345.000 ns	     44433	800091ac	01601193	slli	x3,x0,0x16	  x0:0x00000000  x3=0x00000000
     444355.000 ns	     44434	800091b0	00000013	addi	x0,x0,0	  x0:0x00000000
     444365.000 ns	     44435	800091b4	00fcb1b3	sltu	x3,x25,x15	 x25:0x0f35a000 x15:0x00000000  x3=0x00000000
     444385.000 ns	     44437	800091b8	033284b3	mul	x9,x5,x19	  x5:0x00000000 x19:0x00000000  x9=0x00000000
     444405.000 ns	     44439	800091bc	019ef633	and	x12,x29,x25	 x29:0xffffff50 x25:0x0f35a000 x12=0x0f35a000
     444415.000 ns	     44440	800091c0	001ab833	sltu	x16,x21,x1	 x21:0x80040fe4  x1:0xffffffff x16=0x00000001
     444425.000 ns	     44441	800091c4	00d440b3	xor	x1,x8,x13	  x8:0x00000000 x13:0x00000001  x1=0x00000001
     444435.000 ns	     44442	800091c8	00e55033	srl	x0,x10,x14	 x10:0xffffffff x14:0x00000000
     444445.000 ns	     44443	800091cc	4c212813	slti	x16,x2,1218	  x2:0x00000001 x16=0x00000001
     444465.000 ns	     44445	800091d0	20e824d3	fsgnjx.s	f9,f16,f14	 f16:0x7fc00000 f14:0x4f7fffff  f9=0x7fc00000
     444835.000 ns	     44482	800091d4	03aa7833	remu	x16,x20,x26	 x20:0x000007fc x26:0xffffffff x16=0x000007fc
     444885.000 ns	     44487	800091d8	00d1b6d3	fadd.s	f13,f3,f13	  f3:0x7fc00000 f13:0x00000000 f13=0x7fc00000
     444905.000 ns	     44489	800091dc	019260b3	or	x1,x4,x25	  x4:0xffffff50 x25:0x0f35a000  x1=0xffffff50
     444945.000 ns	     44493	800091e0	003bfed3	fadd.s	f29,f23,f3	 f23:0xc51e8000  f3:0x7fc00000 f29=0x7fc00000
     444965.000 ns	     44495	800091e4	40775633	sra	x12,x14,x7	 x14:0x00000000  x7:0x7fc00000 x12=0x00000000
     444975.000 ns	     44496	800091e8	00ecc3b3	xor	x7,x25,x14	 x25:0x0f35a000 x14:0x00000000  x7=0x0f35a000
     444995.000 ns	     44498	800091ec	a18d25d3	feq.s	x11,f26,f24	 f26:0x80000000 f24:0x80000000 x11=0x00000001
     445025.000 ns	     44501	800091f0	02ed6433	rem	x8,x26,x14	 x26:0xffffffff x14:0x00000000  x8=0xffffffff
     445045.000 ns	     44503	800091f4	de742c93	slti	x25,x8,-537	  x8:0x00000000 x25=0x00000000
     445065.000 ns	     44505	800091f8	d00df953	fcvt.s.w	f18,x27	 x27:0x41ef585e f18=0x4e83deb0
     445085.000 ns	     44507	800091fc	0081c6b3	xor	x13,x3,x8	  x3:0x00000000  x8:0xffffffff x13=0xffffffff
     445105.000 ns	     44509	80009200	287f9553	fmax.s	f10,f31,f7	 f31:0x00000000  f7:0x7fc00000 f10=0x00000000
     445125.000 ns	     44511	80009204	009777b3	and	x15,x14,x9	 x14:0x00000000  x9:0x00000000 x15=0x00000000
     445135.000 ns	     44512	80009208	01ff7133	and	x2,x30,x31	 x30:0x00000005 x31:0xffffffff  x2=0x00000005
     445495.000 ns	     44548	8000920c	038f4db3	div	x27,x30,x24	 x30:0x00000005 x24:0x00000002 x27=0x00000002
     445515.000 ns	     44550	80009210	7fd87297	auipc	x5,0x7fd87	  x5=0xffd90210
     445535.000 ns	     44552	80009214	d01c49d3	fcvt.s.wu	f19,x24	 x24:0x00000002 f19=0x40000000
     445565.000 ns	     44555	80009218	28441e53	fmax.s	f28,f8,f4	  f8:0xffc00000  f4:0x4e361700 f28=0x4e361700
     445585.000 ns	     44557	8000921c	31df2d13	slti	x26,x30,797	 x30:0x00000005 x26=0x00000001
     445625.000 ns	     44561	80009220	09567053	fsub.s	f0,f12,f21	 f12:0xff800000 f21:0xff800000  f0=0x00000000
     445645.000 ns	     44563	80009224	01c7f033	and	x0,x15,x28	 x15:0x00000000 x28:0x80041024
     445655.000 ns	     44564	80009228	41ef5013	srai	x0,x30,0x1e	 x30:0x00000005
     445675.000 ns	     44566	8000922c	02f9c7b3	div	x15,x19,x15	 x19:0x00000000 x15:0x00000000 x15=0xffffffff
     445705.000 ns	     44569	80009230	a17189d3	fle.s	x19,f3,f23	  f3:0x7fc00000 f23:0xc51e8000 x19=0x00000000
     445725.000 ns	     44571	80009234	011f3d33	sltu	x26,x30,x17	 x30:0x00000005 x17:0x80040fe4 x26=0x00000001
     445745.000 ns	     44573	80009238	207598d3	fsgnjn.s	f17,f11,f7	 f11:0x7fc00000  f7:0x7fc00000 f17=0xffc00000
     446115.000 ns	     44610	8000923c	0240da33	divu	x20,x1,x4	  x1:0xffffff50  x4:0xffffff50 x20=0x00000001
     446135.000 ns	     44612	80009240	414dd133	sra	x2,x27,x20	 x27:0x00000002 x20:0x000007fc  x2=0x00000001
     446155.000 ns	     44614	80009244	c01b9a53	fcvt.wu.s	x20,f23	 f23:0xc51e8000 x20=0x000009e8
     446175.000 ns	     44616	80009248	41650d33	sub	x26,x10,x22	 x10:0xffffffff x22:0x00000000 x26=0xffffffff
     446185.000 ns	     44617	8000924c	01988733	add	x14,x17,x25	 x17:0x80040fe4 x25:0x00000000 x14=0x80040fe4
     446195.000 ns	     44618	80009250	4b932d93	slti	x27,x6,1209	  x6:0x00000000 x27=0x00000001
     446215.000 ns	     44620	80009254	0294aa33	mulhsu	x20,x9,x9	  x9:0x00000000  x9:0x00000000 x20=0x00000000
     446245.000 ns	     44623	80009258	f00e8053	fmv.w.x	f0,x29	 x29:0xffffff50  f0=0xffffff50
     446265.000 ns	     44625	8000925c	765c0193	addi	x3,x24,1893	 x24:0x00000002  x3=0x00000767
     446285.000 ns	     44627	80009260	a14caed3	feq.s	x29,f25,f20	 f25:0x7fc00000 f20:0x7fc00000 x29=0x00000000
     446315.000 ns	     44630	80009264	20a50053	fsgnj.s	f0,f10,f10	 f10:0x00000000 f10:0x00000000  f0=0x00000000
     446335.000 ns	     44632	80009268	01fbaab3	slt	x21,x23,x31	 x23:0x00000000 x31:0xffffffff x21=0x00000000
     446345.000 ns	     44633	8000926c	7de20313	addi	x6,x4,2014	  x4:0xffffff50  x6=0x0000072e
     446365.000 ns	     44635	80009270	28359f53	fmax.s	f30,f11,f3	 f11:0x7fc00000  f3:0x7fc00000 f30=0x7fc00000
     446385.000 ns	     44637	80009274	00b69033	sll	x0,x13,x11	 x13:0xffffffff x11:0x00000001
     446415.000 ns	     44640	80009278	5800fbd3	fsqrt.s	f23,f1	  f1:0x7fc00000 f23=0x7fc00000
     446435.000 ns	     44642	8000927c	00de75b3	and	x11,x28,x13	 x28:0x80041024 x13:0xffffffff x11=0x80041024
     446445.000 ns	     44643	80009280	0021d113	srli	x2,x3,0x2	  x3:0x00000767  x2=0x000001d9
     446465.000 ns	     44645	80009284	f0008a53	fmv.w.x	f20,x1	  x1:0xffffff50 f20=0xffffff50
     446485.000 ns	     44647	80009288	016bcdb3	xor	x27,x23,x22	 x23:0x00000000 x22:0x00000000 x27=0x00000000
     446495.000 ns	     44648	8000928c	8d9f6593	ori	x11,x30,-1831	 x30:0x00000005 x11=0xfffff8dd
     446525.000 ns	     44651	80009290	5806fdd3	fsqrt.s	f27,f13	 f13:0x7fc00000 f27=0x7fc00000
     446545.000 ns	     44653	80009294	e6dee293	ori	x5,x29,-403	 x29:0x00000000  x5=0xfffffe6d
     446555.000 ns	     44654	80009298	00ee1c33	sll	x24,x28,x14	 x28:0x80041024 x14:0x80040fe4 x24=0x00410240
     446565.000 ns	     44655	8000929c	008e52b3	srl	x5,x28,x8	 x28:0x80041024  x8:0xffffffff  x5=0x00000001
     446925.000 ns	     44691	800092a0	022d4eb3	div	x29,x26,x2	 x26:0xffffffff  x2:0x000001d9 x29=0x00000000
     446955.000 ns	     44694	800092a4	e00d85d3	fmv.x.w	x11,f27	 f27:0x7fc00000 x11=0x7fc00000
     446975.000 ns	     44696	800092a8	32463437	lui	x8,0x32463	  x8=0x32463000
     447335.000 ns	     44732	800092ac	02194cb3	div	x25,x18,x1	 x18:0x800000b0  x1:0xffffff50 x25=0x00ba2e8a
     447365.000 ns	     44735	800092b0	a0608253	fle.s	x4,f1,f6	  f1:0x7fc00000  f6:0x00000000  x4=0x00000000
     447395.000 ns	     44738	800092b4	a05880d3	fle.s	x1,f17,f5	 f17:0xffc00000  f5:0x7fc00000  x1=0x00000000
     447415.000 ns	     44740	800092b8	01cffcb3	and	x25,x31,x28	 x31:0xffffffff x28:0x80041024 x25=0x80041024
     447425.000 ns	     44741	800092bc	ad404a37	lui	x20,0xad404	 x20=0xad404000
     447445.000 ns	     44743	800092c0	03f302b3	mul	x5,x6,x31	  x6:0x0000072e x31:0xffffffff  x5=0xfffff8d2
     447475.000 ns	     44746	800092c4	03336933	rem	x18,x6,x19	  x6:0x0000072e x19:0x00000000 x18=0x0000072e
     447505.000 ns	     44749	800092c8	d016b2d3	fcvt.s.wu	f5,x13	 x13:0xffffffff  f5=0x4f800000
     447525.000 ns	     44751	800092cc	00ad94b3	sll	x9,x27,x10	 x27:0x00000000 x10:0xffffffff  x9=0x00000000
     447535.000 ns	     44752	800092d0	40108933	sub	x18,x1,x1	  x1:0x00000000  x1:0x00000000 x18=0x00000000
     447545.000 ns	     44753	800092d4	00e1da93	srli	x21,x3,0xe	  x3:0x00000767 x21=0x00000000
     447575.000 ns	     44756	800092d8	194d1c53	fdiv.s	f24,f26,f20	 f26:0x80000000 f20:0xffffff50 f24=0x7fc00000
     447595.000 ns	     44758	800092dc	25696f93	ori	x31,x18,598	 x18:0x00000000 x31=0x00000256
     447615.000 ns	     44760	800092e0	29a103d3	fmin.s	f7,f2,f26	  f2:0x42000000 f26:0x80000000  f7=0x80000000
     447645.000 ns	     44763	800092e4	e00182d3	fmv.x.w	x5,f3	  f3:0x7fc00000  x5=0x7fc00000
     447675.000 ns	     44766	800092e8	03a09b33	mulh	x22,x1,x26	  x1:0x00000000 x26:0xffffffff x22=0x00000000
     447705.000 ns	     44769	800092ec	03000533	mul	x10,x0,x16	  x0:0x00000000 x16:0x000007fc x10=0x00000000
     447725.000 ns	     44771	800092f0	4fed8137	lui	x2,0x4fed8	  x2=0x4fed8000
     447745.000 ns	     44773	800092f4	a144a853	feq.s	x16,f9,f20	  f9:0x7fc00000 f20:0xffffff50 x16=0x00000000
     447775.000 ns	     44776	800092f8	03b154b3	divu	x9,x2,x27	  x2:0x000001d9 x27:0x00000000  x9=0xffffffff
     447805.000 ns	     44779	800092fc	d01effd3	fcvt.s.wu	f31,x29	 x29:0x00000000 f31=0x00000000
     447835.000 ns	     44782	80009300	03d6d833	divu	x16,x13,x29	 x13:0xffffffff x29:0x00000000 x16=0xffffffff
     447855.000 ns	     44784	80009304	001c3ab3	sltu	x21,x24,x1	 x24:0x00410240  x1:0x00000000 x21=0x00000000
     447865.000 ns	     44785	80009308	7837cc13	xori	x24,x15,1923	 x15:0xffffffff x24=0xfffff87c
     447885.000 ns	     44787	8000930c	024f7933	remu	x18,x30,x4	 x30:0x00000005  x4:0x00000000 x18=0x00000005
     447915.000 ns	     44790	80009310	e00a0fd3	fmv.x.w	x31,f20	 f20:0xffffff50 x31=0xffffff50
     447935.000 ns	     44792	80009314	002810b3	sll	x1,x16,x2	 x16:0xffffffff  x2:0x4fed8000  x1=0xffffffff
     447955.000 ns	     44794	80009318	03020833	mul	x16,x4,x16	  x4:0x00000000 x16:0xffffffff x16=0x00000000
     447975.000 ns	     44796	8000931c	00c322b3	slt	x5,x6,x12	  x6:0x0000072e x12:0x00000000  x5=0x00000000
     447995.000 ns	     44798	80009320	020b7c33	remu	x24,x22,x0	 x22:0x00000000  x0:0x00000000 x24=0x00000000
     448015.000 ns	     44800	80009324	0115c333	xor	x6,x11,x17	 x11:0x7fc00000 x17:0x80040fe4  x6=0xffc40fe4
     448055.000 ns	     44804	80009328	013286d3	fadd.s	f13,f5,f19	  f5:0x4f800000 f19:0x40000000 f13=0x4f800000
     448425.000 ns	     44841	8000932c	03c15233	divu	x4,x2,x28	  x2:0x4fed8000 x28:0x80041024  x4=0x00000000
     448445.000 ns	     44843	80009330	017e1233	sll	x4,x28,x23	 x28:0x80041024 x23:0x00000000  x4=0x80041024
     448455.000 ns	     44844	80009334	017b9c33	sll	x24,x23,x23	 x23:0x00000000 x23:0x00000000 x24=0x00000000
     448465.000 ns	     44845	80009338	00f21193	slli	x3,x4,0xf	  x4:0x00000000  x3=0x08120000
     448485.000 ns	     44847	8000933c	d0064553	fcvt.s.w	f10,x12	 x12:0x00000000 f10=0x00000000
     448515.000 ns	     44850	80009340	d01729d3	fcvt.s.wu	f19,x14	 x14:0x80040fe4 f19=0x4f000410
     448545.000 ns	     44853	80009344	28b99953	fmax.s	f18,f19,f11	 f19:0x40000000 f11:0x7fc00000 f18=0x4f000410
     448575.000 ns	     44856	80009348	21721553	fsgnjn.s	f10,f4,f23	  f4:0x4e361700 f23:0x7fc00000 f10=0xce361700
     448605.000 ns	     44859	8000934c	f00388d3	fmv.w.x	f17,x7	  x7:0x0f35a000 f17=0x0f35a000
     448625.000 ns	     44861	80009350	2f958493	addi	x9,x11,761	 x11:0x7fc00000  x9=0x7fc002f9
     448645.000 ns	     44863	80009354	02428fb3	mul	x31,x5,x4	  x5:0x00000000  x4:0x80041024 x31=0x00000000
     448675.000 ns	     44866	80009358	c0117953	fcvt.wu.s	x18,f2	  f2:0x42000000 x18=0x00000020
     448705.000 ns	     44869	8000935c	209aae53	fsgnjx.s	f28,f21,f9	 f21:0xff800000  f9:0x7fc00000 f28=0xff800000
     448735.000 ns	     44872	80009360	d0011853	fcvt.s.w	f16,x2	  x2:0x4fed8000 f16=0x4e9fdb00
     449915.000 ns	     44990	80009364	58097053	fsqrt.s	f0,f18	 f18:0x4f000410  f0=0x46b50a40
     449935.000 ns	     44992	80009368	08a80813	addi	x16,x16,138	 x16:0x00000000 x16=0x0000008a
     449955.000 ns	     44994	8000936c	a0292053	feq.s	x0,f18,f2	 f18:0x4f000410  f2:0x42000000
     449985.000 ns	     44997	80009370	d01ccdd3	fcvt.s.wu	f27,x25	 x25:0x80041024 f27=0x4f000410
     450015.000 ns	     45000	80009374	d001f4d3	fcvt.s.w	f9,x3	  x3:0x08120000  f9=0x4d012000
     450055.000 ns	     45004	80009378	187eb3d3	fdiv.s	f7,f29,f7	 f29:0x7fc00000  f7:0x80000000  f7=0x7fc00000
     450095.000 ns	     45008	8000937c	10d7f253	fmul.s	f4,f15,f13	 f15:0x80000000 f13:0x4f800000  f4=0x80000000
     450115.000 ns	     45010	80009380	00801b93	slli	x23,x0,0x8	  x0:0x00000000 x23=0x00000000
     450125.000 ns	     45011	80009384	8b7a7213	andi	x4,x20,-1865	 x20:0xad404000  x4=0xad404000
     450135.000 ns	     45012	80009388	00000013	addi	x0,x0,0	  x0:0x00000000
     450145.000 ns	     45013	8000938c	01765c93	srli	x25,x12,0x17	 x12:0x00000000 x25=0x00000000
     450165.000 ns	     45015	80009390	287781d3	fmin.s	f3,f15,f7	 f15:0x80000000  f7:0x7fc00000  f3=0x80000000
     450185.000 ns	     45017	80009394	40de8fb3	sub	x31,x29,x13	 x29:0x00000000 x13:0xffffffff x31=0x00000001
     450205.000 ns	     45019	80009398	038ee6b3	rem	x13,x29,x24	 x29:0x00000000 x24:0x00000000 x13=0x00000000
     450225.000 ns	     45021	8000939c	413c83b3	sub	x7,x25,x19	 x25:0x00000000 x19:0x00000000  x7=0x00000000
     450245.000 ns	     45023	800093a0	a175a353	feq.s	x6,f11,f23	 f11:0x7fc00000 f23:0x7fc00000  x6=0x00000000
     450285.000 ns	     45027	800093a4	580f7453	fsqrt.s	f8,f30	 f30:0x7fc00000  f8=0x7fc00000
     450305.000 ns	     45029	800093a8	00050433	add	x8,x10,x0	 x10:0x00000000  x0:0x00000000  x8=0x00000000
     450325.000 ns	     45031	800093ac	a1f8a753	feq.s	x14,f17,f31	 f17:0x0f35a000 f31:0x00000000 x14=0x00000000
     450345.000 ns	     45033	800093b0	0059c633	xor	x12,x19,x5	 x19:0x00000000  x5:0x00000000 x12=0x00000000
     450355.000 ns	     45034	800093b4	40ca5733	sra	x14,x20,x12	 x20:0xad404000 x12:0x00000000 x14=0xad404000
     450395.000 ns	     45038	800093b8	08887253	fsub.s	f4,f16,f8	 f16:0x4e9fdb00  f8:0x7fc00000  f4=0x7fc00000
     450425.000 ns	     45041	800093bc	a1c50253	fle.s	x4,f10,f28	 f10:0xce361700 f28:0xff800000  x4=0x00000000
     450795.000 ns	     45078	800093c0	0319ca33	div	x20,x19,x17	 x19:0x00000000 x17:0x80040fe4 x20=0x00000000
     450815.000 ns	     45080	800093c4	69be2413	slti	x8,x28,1691	 x28:0x80041024  x8=0x00000001
     450845.000 ns	     45083	800093c8	10a37e53	fmul.s	f28,f6,f10	  f6:0x00000000 f10:0xce361700 f28=0x80000000
     450875.000 ns	     45086	800093cc	a120ab53	feq.s	x22,f1,f18	  f1:0x7fc00000 f18:0x4f000410 x22=0x00000000
     450905.000 ns	     45089	800093d0	205a2153	fsgnjx.s	f2,f20,f5	 f20:0xffffff50  f5:0x4f800000  f2=0xffffff50
     450925.000 ns	     45091	800093d4	edcef813	andi	x16,x29,-292	 x29:0x00000000 x16=0x00000000
     450935.000 ns	     45092	800093d8	00a8d293	srli	x5,x17,0xa	 x17:0x80040fe4  x5=0x00200103
     450945.000 ns	     45093	800093dc	0147c7b3	xor	x15,x15,x20	 x15:0xffffffff x20:0x00000000 x15=0xffffffff
     450965.000 ns	     45095	800093e0	02371333	mulh	x6,x14,x3	 x14:0xad404000  x3:0x08120000  x6=0xfd643084
     450985.000 ns	     45097	800093e4	00000013	addi	x0,x0,0	  x0:0x00000000
     450995.000 ns	     45098	800093e8	019095b3	sll	x11,x1,x25	  x1:0xffffffff x25:0x00000000 x11=0xffffffff
     451015.000 ns	     45100	800093ec	282d8053	fmin.s	f0,f27,f2	 f27:0x4f000410  f2:0xffffff50  f0=0x4f000410
     451035.000 ns	     45102	800093f0	bb9e8793	addi	x15,x29,-1095	 x29:0x00000000 x15=0xfffffbb9
     451045.000 ns	     45103	800093f4	307d7a93	andi	x21,x26,775	 x26:0xffffffff x21=0x00000307
     451055.000 ns	     45104	800093f8	0158d213	srli	x4,x17,0x15	 x17:0x80040fe4  x4=0x00000400
     451065.000 ns	     45105	800093fc	0722c217	auipc	x4,0x722c	  x4=0x872353fc
     451085.000 ns	     45107	80009400	a0b0a353	feq.s	x6,f1,f11	  f1:0x7fc00000 f11:0x7fc00000  x6=0x00000000
     451115.000 ns	     45110	80009404	c0127a53	fcvt.wu.s	x20,f4	  f4:0x7fc00000 x20=0xffffffff
     451145.000 ns	     45113	80009408	a07b1453	flt.s	x8,f22,f7	 f22:0x00000000  f7:0x7fc00000  x8=0x00000000
     451165.000 ns	     45115	8000940c	c5b34213	xori	x4,x6,-933	  x6:0x00000000  x4=0xfffffc5b
     451185.000 ns	     45117	80009410	03c88cb3	mul	x25,x17,x28	 x17:0x80040fe4 x28:0x80041024 x25=0x81207c10
     451215.000 ns	     45120	80009414	216ea753	fsgnjx.s	f14,f29,f22	 f29:0x7fc00000 f22:0x00000000 f14=0x7fc00000
     451235.000 ns	     45122	80009418	00000013	addi	x0,x0,0	  x0:0x00000000
     451255.000 ns	     45124	8000941c	c0177b53	fcvt.wu.s	x22,f14	 f14:0x7fc00000 x22=0xffffffff
     451275.000 ns	     45126	80009420	0106d613	srli	x12,x13,0x10	 x13:0x00000000 x12=0x00000000
     451635.000 ns	     45162	80009424	039bc133	div	x2,x23,x25	 x23:0x00000000 x25:0x81207c10  x2=0x00000000
     451655.000 ns	     45164	80009428	0191ca33	xor	x20,x3,x25	  x3:0x08120000 x25:0x81207c10 x20=0x89327c10
     451675.000 ns	     45166	8000942c	20872fd3	fsgnjx.s	f31,f14,f8	 f14:0x7fc00000  f8:0x7fc00000 f31=0x7fc00000
     451695.000 ns	     45168	80009430	c3f36b37	lui	x22,0xc3f36	 x22=0xc3f36000
     451705.000 ns	     45169	80009434	00000013	addi	x0,x0,0	  x0:0x00000000
     451715.000 ns	     45170	80009438	c4bba513	slti	x10,x23,-949	 x23:0x00000000 x10=0x00000000
     451745.000 ns	     45173	8000943c	58067053	fsqrt.s	f0,f12	 f12:0xff800000  f0=0x7fc00000
     451765.000 ns	     45175	80009440	a687b813	sltiu	x16,x15,-1432	 x15:0xfffffbb9 x16=0x00000000
     451775.000 ns	     45176	80009444	c2e03a93	sltiu	x21,x0,-978	  x0:0x00000000 x21=0x00000001
     451795.000 ns	     45178	80009448	021021b3	mulhsu	x3,x0,x1	  x0:0x00000000  x1:0xffffffff  x3=0x00000000
     451815.000 ns	     45180	8000944c	c6186113	ori	x2,x16,-927	 x16:0x00000000  x2=0xfffffc61
     451835.000 ns	     45182	80009450	c013f9d3	fcvt.wu.s	x19,f7	  f7:0x7fc00000 x19=0xffffffff
     451855.000 ns	     45184	80009454	45105817	auipc	x16,0x45105	 x16=0xc510e454
     451865.000 ns	     45185	80009458	01ec3a33	sltu	x20,x24,x30	 x24:0x00000000 x30:0x00000005 x20=0x00000001
     451885.000 ns	     45187	8000945c	283e96d3	fmax.s	f13,f29,f3	 f29:0x7fc00000  f3:0x80000000 f13=0x80000000
     451905.000 ns	     45189	80009460	00849413	slli	x8,x9,0x8	  x9:0x7fc002f9  x8=0xc002f900
     451925.000 ns	     45191	80009464	a1f3a3d3	feq.s	x7,f7,f31	  f7:0x7fc00000 f31:0x7fc00000  x7=0x00000000
     451955.000 ns	     45194	80009468	a0672c53	feq.s	x24,f14,f6	 f14:0x7fc00000  f6:0x00000000 x24=0x00000000
     451975.000 ns	     45196	8000946c	b5416293	ori	x5,x2,-1196	  x2:0xfffffc61  x5=0xffffff75
     452335.000 ns	     45232	80009470	036f54b3	divu	x9,x30,x22	 x30:0x00000005 x22:0xc3f36000  x9=0x00000000
     452355.000 ns	     45234	80009474	f3b4bc93	sltiu	x25,x9,-197	  x9:0x7fc002f9 x25=0x00000001
     452365.000 ns	     45235	80009478	b8f5e393	ori	x7,x11,-1137	 x11:0xffffffff  x7=0xffffffff
     452385.000 ns	     45237	8000947c	20d6ad53	fsgnjx.s	f26,f13,f13	 f13:0x80000000 f13:0x80000000 f26=0x00000000
     452405.000 ns	     45239	80009480	00826733	or	x14,x4,x8	  x4:0xfffffc5b  x8:0xc002f900 x14=0xfffffd5b
     452425.000 ns	     45241	80009484	c00efa53	fcvt.w.s	x20,f29	 f29:0x7fc00000 x20=0x7fffffff
     452445.000 ns	     45243	80009488	00000013	addi	x0,x0,0	  x0:0x00000000
     452455.000 ns	     45244	8000948c	99c50793	addi	x15,x10,-1636	 x10:0x00000000 x15=0xfffff99c
     452465.000 ns	     45245	80009490	41ebd3b3	sra	x7,x23,x30	 x23:0x00000000 x30:0x00000005  x7=0x00000000
     452485.000 ns	     45247	80009494	034b1833	mulh	x16,x22,x20	 x22:0xc3f36000 x20:0x7fffffff x16=0xe1f9b000
     452515.000 ns	     45250	80009498	c00c94d3	fcvt.w.s	x9,f25	 f25:0x7fc00000  x9=0x7fffffff
     452885.000 ns	     45287	8000949c	0212ecb3	rem	x25,x5,x1	  x5:0xffffff75  x1:0xffffffff x25=0x00000000
     452905.000 ns	     45289	800094a0	004131b3	sltu	x3,x2,x4	  x2:0xfffffc61  x4:0xfffffc5b  x3=0x00000000
     452925.000 ns	     45291	800094a4	c01a8953	fcvt.wu.s	x18,f21	 f21:0xff800000 x18=0x00000000
     452955.000 ns	     45294	800094a8	20ca91d3	fsgnjn.s	f3,f21,f12	 f21:0xff800000 f12:0xff800000  f3=0x7f800000
     452975.000 ns	     45296	800094ac	00d662b3	or	x5,x12,x13	 x12:0x00000000 x13:0x00000000  x5=0x00000000
     452985.000 ns	     45297	800094b0	80458493	addi	x9,x11,-2044	 x11:0xffffffff  x9=0xfffff803
     453015.000 ns	     45300	800094b4	11ad1e53	fmul.s	f28,f26,f26	 f26:0x00000000 f26:0x00000000 f28=0x00000000
     453055.000 ns	     45304	800094b8	580fffd3	fsqrt.s	f31,f31	 f31:0x7fc00000 f31=0x7fc00000
     453095.000 ns	     45308	800094bc	580b7053	fsqrt.s	f0,f22	 f22:0x00000000  f0=0x00000000
     453115.000 ns	     45310	800094c0	ef187713	andi	x14,x16,-271	 x16:0xe1f9b000 x14=0xe1f9b000
     453145.000 ns	     45313	800094c4	580b7453	fsqrt.s	f8,f22	 f22:0x00000000  f8=0x00000000
     453175.000 ns	     45316	800094c8	21751f53	fsgnjn.s	f30,f10,f23	 f10:0xce361700 f23:0x7fc00000 f30=0xce361700
     453205.000 ns	     45319	800094cc	e0098353	fmv.x.w	x6,f19	 f19:0x4f000410  x6=0x4f000410
     453225.000 ns	     45321	800094d0	01910db3	add	x27,x2,x25	  x2:0xfffffc61 x25:0x00000000 x27=0xfffffc61
     453245.000 ns	     45323	800094d4	28408453	fmin.s	f8,f1,f4	  f1:0x7fc00000  f4:0x7fc00000  f8=0x7fc00000
     453275.000 ns	     45326	800094d8	d015f3d3	fcvt.s.wu	f7,x11	 x11:0xffffffff  f7=0x4f7fffff
     453645.000 ns	     45363	800094dc	022e7733	remu	x14,x28,x2	 x28:0x80041024  x2:0xfffffc61 x14=0x80041024
     453665.000 ns	     45365	800094e0	63726b93	ori	x23,x4,1591	  x4:0xfffffc5b x23=0xfffffe7f
     453675.000 ns	     45366	800094e4	40210433	sub	x8,x2,x2	  x2:0xfffffc61  x2:0xfffffc61  x8=0x00000000
     453695.000 ns	     45368	800094e8	c01986d3	fcvt.wu.s	x13,f19	 f19:0x4f000410 x13=0x80041000
     453725.000 ns	     45371	800094ec	29b98753	fmin.s	f14,f19,f27	 f19:0x4f000410 f27:0x4f000410 f14=0x4f000410
     453745.000 ns	     45373	800094f0	33220613	addi	x12,x4,818	  x4:0xfffffc5b x12=0xffffff8d
     453755.000 ns	     45374	800094f4	75d02713	slti	x14,x0,1885	  x0:0x00000000 x14=0x00000001
     453765.000 ns	     45375	800094f8	008ae2b3	or	x5,x21,x8	 x21:0x00000001  x8:0x00000000  x5=0x00000001
     453775.000 ns	     45376	800094fc	0155bd33	sltu	x26,x11,x21	 x11:0xffffffff x21:0x00000001 x26=0x00000000
     453785.000 ns	     45377	80009500	bbdf6193	ori	x3,x30,-1091	 x30:0x00000005  x3=0xfffffbbd
     453795.000 ns	     45378	80009504	b677ad93	slti	x27,x15,-1177	 x15:0xfffff99c x27=0x00000001
     454155.000 ns	     45414	80009508	036efab3	remu	x21,x29,x22	 x29:0x00000000 x22:0xc3f36000 x21=0x00000000
     454175.000 ns	     45416	8000950c	a1d6f513	andi	x10,x13,-1507	 x13:0x80041000 x10=0x80041000
     454185.000 ns	     45417	80009510	4dfb7e93	andi	x29,x22,1247	 x22:0xc3f36000 x29=0x00000000
     454215.000 ns	     45420	80009514	106f7ad3	fmul.s	f21,f30,f6	 f30:0xce361700  f6:0x00000000 f21=0x80000000
     454235.000 ns	     45422	80009518	01005413	srli	x8,x0,0x10	  x0:0x00000000  x8=0x00000000
     454245.000 ns	     45423	8000951c	013c54b3	srl	x9,x24,x19	 x24:0x00000000 x19:0xffffffff  x9=0x00000000
     454265.000 ns	     45425	80009520	0372b1b3	mulhu	x3,x5,x23	  x5:0x00000001 x23:0xfffffe7f  x3=0x00000000
     454295.000 ns	     45428	80009524	035b5ab3	divu	x21,x22,x21	 x22:0xc3f36000 x21:0x00000000 x21=0xffffffff
     454335.000 ns	     45432	80009528	181af853	fdiv.s	f16,f21,f1	 f21:0x80000000  f1:0x7fc00000 f16=0x7fc00000
     454365.000 ns	     45435	8000952c	283602d3	fmin.s	f5,f12,f3	 f12:0xff800000  f3:0x7f800000  f5=0xff800000
     454395.000 ns	     45438	80009530	03598ab3	mul	x21,x19,x21	 x19:0xffffffff x21:0xffffffff x21=0x00000001
     454425.000 ns	     45441	80009534	2108a253	fsgnjx.s	f4,f17,f16	 f17:0x0f35a000 f16:0x7fc00000  f4=0x0f35a000
     454455.000 ns	     45444	80009538	212c94d3	fsgnjn.s	f9,f25,f18	 f25:0x7fc00000 f18:0x4f000410  f9=0xffc00000
     454475.000 ns	     45446	8000953c	00b59933	sll	x18,x11,x11	 x11:0xffffffff x11:0xffffffff x18=0x80000000
     454495.000 ns	     45448	80009540	c01fb7d3	fcvt.wu.s	x15,f31	 f31:0x7fc00000 x15=0xffffffff
     454515.000 ns	     45450	80009544	5ba8a493	slti	x9,x17,1466	 x17:0x80040fe4  x9=0x00000001
     454525.000 ns	     45451	80009548	40a1d993	srai	x19,x3,0xa	  x3:0x00000000 x19=0x00000000
     454545.000 ns	     45453	8000954c	e00891d3	fclass.s	x3,f17	 f17:0x0f35a000  x3=0x00000040
     454915.000 ns	     45490	80009550	0234ceb3	div	x29,x9,x3	  x9:0x00000001  x3:0x00000000 x29=0x00000000
     454945.000 ns	     45493	80009554	a0baaa53	feq.s	x20,f21,f11	 f21:0x80000000 f11:0x7fc00000 x20=0x00000000
     455315.000 ns	     45530	80009558	02156933	rem	x18,x10,x1	 x10:0x80041000  x1:0xffffffff x18=0x00000000
     455335.000 ns	     45532	8000955c	40a15113	srai	x2,x2,0xa	  x2:0xfffffc61  x2=0xffffffff
     455355.000 ns	     45534	80009560	20480853	fsgnj.s	f16,f16,f4	 f16:0x7fc00000  f4:0x0f35a000 f16=0x7fc00000
     455375.000 ns	     45536	80009564	01efad33	slt	x26,x31,x30	 x31:0x00000001 x30:0x00000005 x26=0x00000001
     455395.000 ns	     45538	80009568	d0022f53	fcvt.s.w	f30,x4	  x4:0xfffffc5b f30=0xc4694000
     455415.000 ns	     45540	8000956c	016f4633	xor	x12,x30,x22	 x30:0x00000005 x22:0xc3f36000 x12=0xc3f36005
     455425.000 ns	     45541	80009570	0097a6b3	slt	x13,x15,x9	 x15:0xffffffff  x9:0x00000001 x13=0x00000001
     455445.000 ns	     45543	80009574	d01c27d3	fcvt.s.wu	f15,x24	 x24:0x00000000 f15=0x00000000
     455475.000 ns	     45546	80009578	02d6b1b3	mulhu	x3,x13,x13	 x13:0x80041000 x13:0x80041000  x3=0x00000000
     455495.000 ns	     45548	8000957c	e391eb93	ori	x23,x3,-455	  x3:0x00000040 x23=0xfffffe39
     455505.000 ns	     45549	80009580	d80c2c13	slti	x24,x24,-640	 x24:0x00000000 x24=0x00000000
     455525.000 ns	     45551	80009584	c01193d3	fcvt.wu.s	x7,f3	  f3:0x7f800000  x7=0xffffffff
     455545.000 ns	     45553	80009588	003840b3	xor	x1,x16,x3	 x16:0xe1f9b000  x3:0x00000000  x1=0xe1f9b000
     455565.000 ns	     45555	8000958c	038739b3	mulhu	x19,x14,x24	 x14:0x00000001 x24:0x00000000 x19=0x00000000
     455905.000 ns	     45589	80009590	19e8fa53	fdiv.s	f20,f17,f30	 f17:0x0f35a000 f30:0xc4694000 f20=0x8a9589e3
     455935.000 ns	     45592	80009594	0349b1b3	mulhu	x3,x19,x20	 x19:0x00000000 x20:0x00000000  x3=0x00000000
     455965.000 ns	     45595	80009598	d0147fd3	fcvt.s.wu	f31,x8	  x8:0x00000000 f31=0x00000000
     455995.000 ns	     45598	8000959c	03ecad33	mulhsu	x26,x25,x30	 x25:0x00000000 x30:0x00000005 x26=0x00000000
     456025.000 ns	     45601	800095a0	02edbcb3	mulhu	x25,x27,x14	 x27:0x00000001 x14:0x00000001 x25=0x00000000
     456045.000 ns	     45603	800095a4	00f0d4b3	srl	x9,x1,x15	  x1:0xe1f9b000 x15:0xffffffff  x9=0x00000001
     456065.000 ns	     45605	800095a8	f0010653	fmv.w.x	f12,x2	  x2:0xffffffff f12=0xffffffff
     456095.000 ns	     45608	800095ac	a1979953	flt.s	x18,f15,f25	 f15:0x00000000 f25:0x7fc00000 x18=0x00000000
     456115.000 ns	     45610	800095b0	40205233	sra	x4,x0,x2	  x0:0x00000000  x2:0xffffffff  x4=0x00000000
     456135.000 ns	     45612	800095b4	034917b3	mulh	x15,x18,x20	 x18:0x00000000 x20:0x00000000 x15=0x00000000
     456155.000 ns	     45614	800095b8	52316813	ori	x16,x2,1315	  x2:0xffffffff x16=0xffffffff
     456175.000 ns	     45616	800095bc	c0017d53	fcvt.w.s	x26,f2	  f2:0xffffff50 x26=0x7fffffff
     456195.000 ns	     45618	800095c0	00000013	addi	x0,x0,0	  x0:0x00000000
     456215.000 ns	     45620	800095c4	e00a09d3	fmv.x.w	x19,f20	 f20:0x8a9589e3 x19=0x8a9589e3
     456235.000 ns	     45622	800095c8	00d19633	sll	x12,x3,x13	  x3:0x00000000 x13:0x00000001 x12=0x00000000
     456245.000 ns	     45623	800095cc	65aa4097	auipc	x1,0x65aa4	  x1=0xe5aad5cc
     456265.000 ns	     45625	800095d0	e00b0cd3	fmv.x.w	x25,f22	 f22:0x00000000 x25=0x00000000
     456295.000 ns	     45628	800095d4	21662953	fsgnjx.s	f18,f12,f22	 f12:0xffffffff f22:0x00000000 f18=0xffffffff
     456325.000 ns	     45631	800095d8	a0c28d53	fle.s	x26,f5,f12	  f5:0xff800000 f12:0xffffffff x26=0x00000000
     456355.000 ns	     45634	800095dc	e00e0bd3	fmv.x.w	x23,f28	 f28:0x00000000 x23=0x00000000
     456375.000 ns	     45636	800095e0	01975b13	srli	x22,x14,0x19	 x14:0x00000001 x22=0x00000000
     456385.000 ns	     45637	800095e4	af4e3b37	lui	x22,0xaf4e3	 x22=0xaf4e3000
     456405.000 ns	     45639	800095e8	02c60a33	mul	x20,x12,x12	 x12:0x00000000 x12:0x00000000 x20=0x00000000
     456435.000 ns	     45642	800095ec	213299d3	fsgnjn.s	f19,f5,f19	  f5:0xff800000 f19:0x4f000410 f19=0xff800000
     456455.000 ns	     45644	800095f0	40b65eb3	sra	x29,x12,x11	 x12:0x00000000 x11:0xffffffff x29=0x00000000
     456475.000 ns	     45646	800095f4	027d1233	mulh	x4,x26,x7	 x26:0x00000000  x7:0xffffffff  x4=0x00000000
     456505.000 ns	     45649	800095f8	024f19b3	mulh	x19,x30,x4	 x30:0x00000005  x4:0x00000000 x19=0x00000000
     456525.000 ns	     45651	800095fc	004ac2b3	xor	x5,x21,x4	 x21:0x00000001  x4:0x00000000  x5=0x00000001
     456545.000 ns	     45653	80009600	02dcb833	mulhu	x16,x25,x13	 x25:0x00000000 x13:0x00000001 x16=0x00000000
     456575.000 ns	     45656	80009604	21b295d3	fsgnjn.s	f11,f5,f27	  f5:0xff800000 f27:0x4f000410 f11=0xff800000
     456595.000 ns	     45658	80009608	411582b3	sub	x5,x11,x17	 x11:0xffffffff x17:0x80040fe4  x5=0x7ffbf01b
     456605.000 ns	     45659	8000960c	0122d093	srli	x1,x5,0x12	  x5:0x00000001  x1=0x00001ffe
     456625.000 ns	     45661	80009610	c01371d3	fcvt.wu.s	x3,f6	  f6:0x00000000  x3=0x00000000
     456995.000 ns	     45698	80009614	03f4f133	remu	x2,x9,x31	  x9:0x00000001 x31:0x00000001  x2=0x00000000
     457025.000 ns	     45701	80009618	e0008553	fmv.x.w	x10,f1	  f1:0x7fc00000 x10=0x7fc00000
     457055.000 ns	     45704	8000961c	a0a615d3	flt.s	x11,f12,f10	 f12:0xffffffff f10:0xce361700 x11=0x00000000
     457085.000 ns	     45707	80009620	28cf9b53	fmax.s	f22,f31,f12	 f31:0x00000000 f12:0xffffffff f22=0x00000000
     457105.000 ns	     45709	80009624	019357b3	srl	x15,x6,x25	  x6:0x4f000410 x25:0x00000000 x15=0x4f000410
     457115.000 ns	     45710	80009628	5ddb0013	addi	x0,x22,1501	 x22:0xaf4e3000
     457135.000 ns	     45712	8000962c	034df733	remu	x14,x27,x20	 x27:0x00000001 x20:0x00000000 x14=0x00000001
     457155.000 ns	     45714	80009630	8d9efa13	andi	x20,x29,-1831	 x29:0x00000000 x20=0x00000000
     457175.000 ns	     45716	80009634	20b5a8d3	fsgnjx.s	f17,f11,f11	 f11:0xff800000 f11:0xff800000 f17=0x7f800000
     457205.000 ns	     45719	80009638	a1ea1b53	flt.s	x22,f20,f30	 f20:0x8a9589e3 f30:0xc4694000 x22=0x00000000
     457235.000 ns	     45722	8000963c	28de9653	fmax.s	f12,f29,f13	 f29:0x7fc00000 f13:0x80000000 f12=0x80000000
     457265.000 ns	     45725	80009640	03cda933	mulhsu	x18,x27,x28	 x27:0x00000001 x28:0x80041024 x18=0x00000000
     457305.000 ns	     45729	80009644	10abfa53	fmul.s	f20,f23,f10	 f23:0x7fc00000 f10:0xce361700 f20=0x7fc00000
     457325.000 ns	     45731	80009648	17df3a13	sltiu	x20,x30,381	 x30:0x00000005 x20=0x00000001
     457335.000 ns	     45732	8000964c	00886d33	or	x26,x16,x8	 x16:0x00000000  x8:0x00000000 x26=0x00000000
     457345.000 ns	     45733	80009650	00f30eb3	add	x29,x6,x15	  x6:0x4f000410 x15:0x4f000410 x29=0x9e000820
     457365.000 ns	     45735	80009654	0286b4b3	mulhu	x9,x13,x8	 x13:0x00000001  x8:0x00000000  x9=0x00000000
     457395.000 ns	     45738	80009658	03794233	div	x4,x18,x23	 x18:0x00000000 x23:0x00000000  x4=0xffffffff
     457415.000 ns	     45740	8000965c	e5b2fd93	andi	x27,x5,-421	  x5:0x7ffbf01b x27=0x7ffbf01b
     457425.000 ns	     45741	80009660	018a09b3	add	x19,x20,x24	 x20:0x00000001 x24:0x00000000 x19=0x00000001
     457435.000 ns	     45742	80009664	8d372493	slti	x9,x14,-1837	 x14:0x00000001  x9=0x00000000
     457445.000 ns	     45743	80009668	0182f333	and	x6,x5,x24	  x5:0x7ffbf01b x24:0x00000000  x6=0x00000000
     457465.000 ns	     45745	8000966c	291d90d3	fmax.s	f1,f27,f17	 f27:0x4f000410 f17:0x7f800000  f1=0x7f800000
     457495.000 ns	     45748	80009670	032b3c33	mulhu	x24,x22,x18	 x22:0x00000000 x18:0x00000000 x24=0x00000000
     457525.000 ns	     45751	80009674	293081d3	fmin.s	f3,f1,f19	  f1:0x7f800000 f19:0xff800000  f3=0xff800000
     457545.000 ns	     45753	80009678	d2222613	slti	x12,x4,-734	  x4:0xffffffff x12=0x00000000
     457585.000 ns	     45757	8000967c	00464ed3	fadd.s	f29,f12,f4	 f12:0x80000000  f4:0x0f35a000 f29=0x0f35a000
     457605.000 ns	     45759	80009680	61836c93	ori	x25,x6,1560	  x6:0x00000000 x25=0x00000618
     457625.000 ns	     45761	80009684	29429853	fmax.s	f16,f5,f20	  f5:0xff800000 f20:0x7fc00000 f16=0xff800000
     457645.000 ns	     45763	80009688	00ce6a33	or	x20,x28,x12	 x28:0x80041024 x12:0x00000000 x20=0x80041024
     457665.000 ns	     45765	8000968c	a08a92d3	flt.s	x5,f21,f8	 f21:0x80000000  f8:0x7fc00000  x5=0x00000000
     457695.000 ns	     45768	80009690	d0108bd3	fcvt.s.wu	f23,x1	  x1:0x00001ffe f23=0x45fff000
     457715.000 ns	     45770	80009694	00f09493	slli	x9,x1,0xf	  x1:0x00001ffe  x9=0x0fff0000
     457755.000 ns	     45774	80009698	08308ad3	fsub.s	f21,f1,f3	  f1:0x7f800000  f3:0xff800000 f21=0x00000000
     457785.000 ns	     45777	8000969c	0205cdb3	div	x27,x11,x0	 x11:0x00000000  x0:0x00000000 x27=0xffffffff
     457815.000 ns	     45780	800096a0	d007f4d3	fcvt.s.w	f9,x15	 x15:0x4f000410  f9=0x4e9e0008
     457835.000 ns	     45782	800096a4	00000013	addi	x0,x0,0	  x0:0x00000000
     457855.000 ns	     45784	800096a8	0262b7b3	mulhu	x15,x5,x6	  x5:0x00000000  x6:0x00000000 x15=0x00000000
     457875.000 ns	     45786	800096ac	28a6f113	andi	x2,x13,650	 x13:0x00000001  x2=0x00000000
     457885.000 ns	     45787	800096b0	00fc7733	and	x14,x24,x15	 x24:0x00000000 x15:0x00000000 x14=0x00000000
     457895.000 ns	     45788	800096b4	f2fbbc13	sltiu	x24,x23,-209	 x23:0x00000000 x24=0x00000001
     457915.000 ns	     45790	800096b8	a1b599d3	flt.s	x19,f11,f27	 f11:0xff800000 f27:0x4f000410 x19=0x00000001
     457935.000 ns	     45792	800096bc	23517c13	andi	x24,x2,565	  x2:0x00000000 x24=0x00000000
     457955.000 ns	     45794	800096c0	a0a314d3	flt.s	x9,f6,f10	  f6:0x00000000 f10:0xce361700  x9=0x00000000
     457985.000 ns	     45797	800096c4	02f62233	mulhsu	x4,x12,x15	 x12:0x00000000 x15:0x00000000  x4=0x00000000
     458015.000 ns	     45800	800096c8	a10f11d3	flt.s	x3,f30,f16	 f30:0xc4694000 f16:0xff800000  x3=0x00000000
     458045.000 ns	     45803	800096cc	032b06b3	mul	x13,x22,x18	 x22:0x00000000 x18:0x00000000 x13=0x00000000
     458065.000 ns	     45805	800096d0	01709cb3	sll	x25,x1,x23	  x1:0x00001ffe x23:0x00000000 x25=0x00001ffe
     458075.000 ns	     45806	800096d4	00c2d013	srli	x0,x5,0xc	  x5:0x00000000
     458095.000 ns	     45808	800096d8	e0028753	fmv.x.w	x14,f5	  f5:0xff800000 x14=0xff800000
     458125.000 ns	     45811	800096dc	e0031d53	fclass.s	x26,f6	  f6:0x00000000 x26=0x00000010
     458155.000 ns	     45814	800096e0	f00d0ed3	fmv.w.x	f29,x26	 x26:0x00000000 f29=0x00000010
     458175.000 ns	     45816	800096e4	01773cb3	sltu	x25,x14,x23	 x14:0xff800000 x23:0x00000000 x25=0x00000000
     458185.000 ns	     45817	800096e8	f8964413	xori	x8,x12,-119	 x12:0x00000000  x8=0xffffff89
     458195.000 ns	     45818	800096ec	004494b3	sll	x9,x9,x4	  x9:0x00000000  x4:0x00000000  x9=0x00000000
     458205.000 ns	     45819	800096f0	01df0ab3	add	x21,x30,x29	 x30:0x00000005 x29:0x9e000820 x21=0x9e000825
     458225.000 ns	     45821	800096f4	0323f7b3	remu	x15,x7,x18	  x7:0xffffffff x18:0x00000000 x15=0xffffffff
     458595.000 ns	     45858	800096f8	035ae5b3	rem	x11,x21,x21	 x21:0x00000001 x21:0x00000001 x11=0x00000000
     458625.000 ns	     45861	800096fc	212815d3	fsgnjn.s	f11,f16,f18	 f16:0xff800000 f18:0xffffffff f11=0x7f800000
     458645.000 ns	     45863	80009700	08054993	xori	x19,x10,128	 x10:0x7fc00000 x19=0x7fc00080
     458655.000 ns	     45864	80009704	01c5bab3	sltu	x21,x11,x28	 x11:0x00000000 x28:0x80041024 x21=0x00000001
     458675.000 ns	     45866	80009708	03bd02b3	mul	x5,x26,x27	 x26:0x00000010 x27:0xffffffff  x5=0xfffffff0
     458705.000 ns	     45869	8000970c	02b3dbb3	divu	x23,x7,x11	  x7:0xffffffff x11:0x00000000 x23=0xffffffff
     458745.000 ns	     45873	80009710	58060e53	fsqrt.s	f28,f12	 f12:0x80000000 f28=0x80000000
     458775.000 ns	     45876	80009714	c01a7ad3	fcvt.wu.s	x21,f20	 f20:0x7fc00000 x21=0xffffffff
     458805.000 ns	     45879	80009718	d011af53	fcvt.s.wu	f30,x3	  x3:0x00000000 f30=0x00000000
     458825.000 ns	     45881	8000971c	74684493	xori	x9,x16,1862	 x16:0x00000000  x9=0x00000746
     458835.000 ns	     45882	80009720	2ac68a13	addi	x20,x13,684	 x13:0x00000000 x20=0x000002ac
     458845.000 ns	     45883	80009724	c3101197	auipc	x3,0xc3101	  x3=0x4310a724
     458855.000 ns	     45884	80009728	01b165b3	or	x11,x2,x27	  x2:0x00000000 x27:0xffffffff x11=0xffffffff
     458865.000 ns	     45885	8000972c	05fe5817	auipc	x16,0x5fe5	 x16=0x85fee72c
     459225.000 ns	     45921	80009730	03307eb3	remu	x29,x0,x19	  x0:0x00000000 x19:0x7fc00080 x29=0x00000000
     459245.000 ns	     45923	80009734	01961813	slli	x16,x12,0x19	 x12:0x00000000 x16=0x00000000
     459255.000 ns	     45924	80009738	d3130113	addi	x2,x6,-719	  x6:0x00000000  x2=0xfffffd31
     459265.000 ns	     45925	8000973c	009286b3	add	x13,x5,x9	  x5:0xfffffff0  x9:0x00000746 x13=0x00000736
     459285.000 ns	     45927	80009740	03f40333	mul	x6,x8,x31	  x8:0xffffff89 x31:0x00000001  x6=0xffffff89
     459305.000 ns	     45929	80009744	01aa2333	slt	x6,x20,x26	 x20:0x000002ac x26:0x00000010  x6=0x00000000
     459315.000 ns	     45930	80009748	3c8e3993	sltiu	x19,x28,968	 x28:0x80041024 x19=0x00000000
     459325.000 ns	     45931	8000974c	00000013	addi	x0,x0,0	  x0:0x00000000
     459335.000 ns	     45932	80009750	00aa8833	add	x16,x21,x10	 x21:0xffffffff x10:0x7fc00000 x16=0x7fbfffff
     459355.000 ns	     45934	80009754	02da35b3	mulhu	x11,x20,x13	 x20:0x000002ac x13:0x00000736 x11=0x00000000
     459385.000 ns	     45937	80009758	d00ba2d3	fcvt.s.w	f5,x23	 x23:0xffffffff  f5=0xbf800000
     459405.000 ns	     45939	8000975c	40045a13	srai	x20,x8,0x0	  x8:0xffffff89 x20=0xffffff89
     459415.000 ns	     45940	80009760	0166f633	and	x12,x13,x22	 x13:0x00000736 x22:0x00000000 x12=0x00000000
     459425.000 ns	     45941	80009764	fcb93d13	sltiu	x26,x18,-53	 x18:0x00000000 x26=0x00000001
     459445.000 ns	     45943	80009768	28ce8f53	fmin.s	f30,f29,f12	 f29:0x00000010 f12:0x80000000 f30=0x80000000
     459475.000 ns	     45946	8000976c	d01537d3	fcvt.s.wu	f15,x10	 x10:0x7fc00000 f15=0x4eff8000
     459495.000 ns	     45948	80009770	40888a33	sub	x20,x17,x8	 x17:0x80040fe4  x8:0xffffff89 x20=0x8004105b
     459515.000 ns	     45950	80009774	03f1bd33	mulhu	x26,x3,x31	  x3:0x4310a724 x31:0x00000001 x26=0x00000000
     459535.000 ns	     45952	80009778	00c35693	srli	x13,x6,0xc	  x6:0x00000000 x13=0x00000000
     459555.000 ns	     45954	8000977c	033a1433	mulh	x8,x20,x19	 x20:0x8004105b x19:0x00000000  x8=0x00000000
     459585.000 ns	     45957	80009780	02d6e1b3	rem	x3,x13,x13	 x13:0x00000736 x13:0x00000736  x3=0x00000000
     459615.000 ns	     45960	80009784	d0152fd3	fcvt.s.wu	f31,x10	 x10:0x7fc00000 f31=0x4eff8000
     459655.000 ns	     45964	80009788	19f47553	fdiv.s	f10,f8,f31	  f8:0x7fc00000 f31:0x00000000 f10=0x7fc00000
     459675.000 ns	     45966	8000978c	40ff8733	sub	x14,x31,x15	 x31:0x00000001 x15:0xffffffff x14=0x00000002
     459695.000 ns	     45968	80009790	d0143e53	fcvt.s.wu	f28,x8	  x8:0x00000000 f28=0x00000000
     459725.000 ns	     45971	80009794	280f0853	fmin.s	f16,f30,f0	 f30:0x80000000  f0:0x00000000 f16=0x80000000
     459745.000 ns	     45973	80009798	406bd813	srai	x16,x23,0x6	 x23:0xffffffff x16=0xffffffff
     459755.000 ns	     45974	8000979c	00c41a33	sll	x20,x8,x12	  x8:0x00000000 x12:0x00000000 x20=0x00000000
     459775.000 ns	     45976	800097a0	20bb9d53	fsgnjn.s	f26,f23,f11	 f23:0x45fff000 f11:0x7f800000 f26=0xc5fff000
     459795.000 ns	     45978	800097a4	015ce233	or	x4,x25,x21	 x25:0x00000000 x21:0xffffffff  x4=0xffffffff
     459815.000 ns	     45980	800097a8	29349a53	fmax.s	f20,f9,f19	  f9:0x4e9e0008 f19:0xff800000 f20=0x4e9e0008
     459845.000 ns	     45983	800097ac	d00410d3	fcvt.s.w	f1,x8	  x8:0x00000000  f1=0x00000000
     459865.000 ns	     45985	800097b0	01bee733	or	x14,x29,x27	 x29:0x00000000 x27:0xffffffff x14=0xffffffff
     459885.000 ns	     45987	800097b4	d01bfbd3	fcvt.s.wu	f23,x23	 x23:0xffffffff f23=0x4f7fffff
     459915.000 ns	     45990	800097b8	e00c1953	fclass.s	x18,f24	 f24:0x7fc00000 x18=0x00000200
     459935.000 ns	     45992	800097bc	41555db3	sra	x27,x10,x21	 x10:0x7fc00000 x21:0xffffffff x27=0x00000000
     459945.000 ns	     45993	800097c0	40dd8333	sub	x6,x27,x13	 x27:0xffffffff x13:0x00000000  x6=0x00000000
     459955.000 ns	     45994	800097c4	01a13a33	sltu	x20,x2,x26	  x2:0xfffffd31 x26:0x00000000 x20=0x00000000
     459965.000 ns	     45995	800097c8	0179a533	slt	x10,x19,x23	 x19:0x00000000 x23:0xffffffff x10=0x00000000
     459985.000 ns	     45997	800097cc	a0949553	flt.s	x10,f9,f9	  f9:0x4e9e0008  f9:0x4e9e0008 x10=0x00000000
     460015.000 ns	     46000	800097d0	28c58cd3	fmin.s	f25,f11,f12	 f11:0x7f800000 f12:0x80000000 f25=0x80000000
     460385.000 ns	     46037	800097d4	0296c033	div	x0,x13,x9	 x13:0x00000000  x9:0x00000746
     460405.000 ns	     46039	800097d8	418ad113	srai	x2,x21,0x18	 x21:0xffffffff  x2=0xffffffff
     460425.000 ns	     46041	800097dc	a022ad53	feq.s	x26,f5,f2	  f5:0xbf800000  f2:0xffffff50 x26=0x00000000
     460455.000 ns	     46044	800097e0	03899d33	mulh	x26,x19,x24	 x19:0x00000000 x24:0x00000000 x26=0x00000000
     460485.000 ns	     46047	800097e4	0330d633	divu	x12,x1,x19	  x1:0x00001ffe x19:0x00000000 x12=0xffffffff
     460515.000 ns	     46050	800097e8	d013f653	fcvt.s.wu	f12,x7	  x7:0xffffffff f12=0x4f7fffff
     460535.000 ns	     46052	800097ec	015ef933	and	x18,x29,x21	 x29:0x00000000 x21:0xffffffff x18=0x00000000
     460545.000 ns	     46053	800097f0	64b9ad13	slti	x26,x19,1611	 x19:0x00000000 x26=0x00000001
     460575.000 ns	     46056	800097f4	18d2a253	fdiv.s	f4,f5,f13	  f5:0xbf800000 f13:0x80000000  f4=0x7f800000
     460595.000 ns	     46058	800097f8	00d5c6b3	xor	x13,x11,x13	 x11:0x00000000 x13:0x00000000 x13=0x00000000
     460615.000 ns	     46060	800097fc	036c1c33	mulh	x24,x24,x22	 x24:0x00000000 x22:0x00000000 x24=0x00000000
     460645.000 ns	     46063	80009800	03a88cb3	mul	x25,x17,x26	 x17:0x80040fe4 x26:0x00000001 x25=0x80040fe4
     460675.000 ns	     46066	80009804	03235db3	divu	x27,x6,x18	  x6:0x00000000 x18:0x00000000 x27=0xffffffff
     460695.000 ns	     46068	80009808	00000013	addi	x0,x0,0	  x0:0x00000000
     460725.000 ns	     46071	8000980c	198e76d3	fdiv.s	f13,f28,f24	 f28:0x00000000 f24:0x7fc00000 f13=0x7fc00000
     460745.000 ns	     46073	80009810	e45cb493	sltiu	x9,x25,-443	 x25:0x80040fe4  x9=0x00000001
     460765.000 ns	     46075	80009814	028f44b3	div	x9,x30,x8	 x30:0x00000005  x8:0x00000000  x9=0xffffffff
     460795.000 ns	     46078	80009818	c01971d3	fcvt.wu.s	x3,f18	 f18:0xffffffff  x3=0xffffffff
     460815.000 ns	     46080	8000981c	0151f1b3	and	x3,x3,x21	  x3:0x00000000 x21:0xffffffff  x3=0xffffffff
     460825.000 ns	     46081	80009820	00000013	addi	x0,x0,0	  x0:0x00000000
     461185.000 ns	     46117	80009824	02e26db3	rem	x27,x4,x14	  x4:0xffffffff x14:0xffffffff x27=0x00000000
     461215.000 ns	     46120	80009828	e00a1353	fclass.s	x6,f20	 f20:0x4e9e0008  x6=0x00000040
     461265.000 ns	     46125	8000982c	09532bd3	fsub.s	f23,f6,f21	  f6:0x00000000 f21:0x00000000 f23=0x80000000
     461295.000 ns	     46128	80009830	e0089ed3	fclass.s	x29,f17	 f17:0x7f800000 x29=0x00000080
     461315.000 ns	     46130	80009834	00622b33	slt	x22,x4,x6	  x4:0xffffffff  x6:0x00000040 x22=0x00000001
     461675.000 ns	     46166	80009838	0237f533	remu	x10,x15,x3	 x15:0xffffffff  x3:0xffffffff x10=0x00000000
     461695.000 ns	     46168	8000983c	d4837d93	andi	x27,x6,-696	  x6:0x00000040 x27=0x00000040
     461715.000 ns	     46170	80009840	a0e01353	flt.s	x6,f0,f14	  f0:0x00000000 f14:0x4f000410  x6=0x00000001
     461745.000 ns	     46173	80009844	03bb2bb3	mulhsu	x23,x22,x27	 x22:0x00000001 x27:0x00000000 x23=0x00000000
     461775.000 ns	     46176	80009848	a01f21d3	feq.s	x3,f30,f1	 f30:0x80000000  f1:0x00000000  x3=0x00000001
     461805.000 ns	     46179	8000984c	a01c82d3	fle.s	x5,f25,f1	 f25:0x80000000  f1:0x00000000  x5=0x00000001
     461825.000 ns	     46181	80009850	4f460b93	addi	x23,x12,1268	 x12:0xffffffff x23=0x000004f3
     461835.000 ns	     46182	80009854	006d1133	sll	x2,x26,x6	 x26:0x00000001  x6:0x00000001  x2=0x00000002
     461855.000 ns	     46184	80009858	a06a97d3	flt.s	x15,f21,f6	 f21:0x00000000  f6:0x00000000 x15=0x00000000
     461895.000 ns	     46188	8000985c	5809ad53	fsqrt.s	f26,f19	 f19:0xff800000 f26=0x7fc00000
     461925.000 ns	     46191	80009860	021e8533	mul	x10,x29,x1	 x29:0x00000080  x1:0x00001ffe x10=0x000fff00
     461955.000 ns	     46194	80009864	280d9cd3	fmax.s	f25,f27,f0	 f27:0x4f000410  f0:0x00000000 f25=0x4f000410
     462325.000 ns	     46231	80009868	02cd43b3	div	x7,x26,x12	 x26:0x00000001 x12:0xffffffff  x7=0xffffffff
     462345.000 ns	     46233	8000986c	143de513	ori	x10,x27,323	 x27:0x00000040 x10=0x00000143
     462365.000 ns	     46235	80009870	d011cf53	fcvt.s.wu	f30,x3	  x3:0x00000001 f30=0x3f800000
     462405.000 ns	     46239	80009874	105317d3	fmul.s	f15,f6,f5	  f6:0x00000000  f5:0xbf800000 f15=0x80000000
     462435.000 ns	     46242	80009878	030f32b3	mulhu	x5,x30,x16	 x30:0x00000005 x16:0xffffffff  x5=0x00000004
     462465.000 ns	     46245	8000987c	a11a0cd3	fle.s	x25,f20,f17	 f20:0x4e9e0008 f17:0x7f800000 x25=0x00000001
     462495.000 ns	     46248	80009880	e00413d3	fclass.s	x7,f8	  f8:0x7fc00000  x7=0x00000200
     462515.000 ns	     46250	80009884	00151c33	sll	x24,x10,x1	 x10:0x00000143  x1:0x00001ffe x24=0xc0000000
     462875.000 ns	     46286	80009888	021eefb3	rem	x31,x29,x1	 x29:0x00000080  x1:0x00001ffe x31=0x00000080
     462905.000 ns	     46289	8000988c	021e2eb3	mulhsu	x29,x28,x1	 x28:0x80041024  x1:0x00001ffe x29=0xfffff001
     462925.000 ns	     46291	80009890	00c01913	slli	x18,x0,0xc	  x0:0x00000000 x18=0x00000000
     462935.000 ns	     46292	80009894	01c551b3	srl	x3,x10,x28	 x10:0x00000143 x28:0x80041024  x3=0x00000014
     462955.000 ns	     46294	80009898	e00613d3	fclass.s	x7,f12	 f12:0x4f7fffff  x7=0x00000040
     462975.000 ns	     46296	8000989c	4d6ab197	auipc	x3,0x4d6ab	  x3=0xcd6b489c
     462995.000 ns	     46298	800098a0	f00b04d3	fmv.w.x	f9,x22	 x22:0x00000001  f9=0x00000001
     463365.000 ns	     46335	800098a4	0391d533	divu	x10,x3,x25	  x3:0x00000014 x25:0x00000001 x10=0xcd6b489c
     463395.000 ns	     46338	800098a8	03bf0333	mul	x6,x30,x27	 x30:0x00000005 x27:0x00000040  x6=0x00000140
     463425.000 ns	     46341	800098ac	c01c7953	fcvt.wu.s	x18,f24	 f24:0x7fc00000 x18=0xffffffff
     463445.000 ns	     46343	800098b0	5e7c7e97	auipc	x29,0x5e7c7	 x29=0xde7d08b0
     463465.000 ns	     46345	800098b4	0365b5b3	mulhu	x11,x11,x22	 x11:0x00000000 x22:0x00000001 x11=0x00000000
     463485.000 ns	     46347	800098b8	00929613	slli	x12,x5,0x9	  x5:0x00000004 x12=0x00000800
     463505.000 ns	     46349	800098bc	20d61fd3	fsgnjn.s	f31,f12,f13	 f12:0x4f7fffff f13:0x7fc00000 f31=0xcf7fffff
     463525.000 ns	     46351	800098c0	c9dd9b97	auipc	x23,0xc9dd9	 x23=0x49de28c0
     463545.000 ns	     46353	800098c4	e0041153	fclass.s	x2,f8	  f8:0x7fc00000  x2=0x00000200
     463575.000 ns	     46356	800098c8	02fd33b3	mulhu	x7,x26,x15	 x26:0x00000001 x15:0x00000000  x7=0x00000000
     463605.000 ns	     46359	800098cc	c016f853	fcvt.wu.s	x16,f13	 f13:0x7fc00000 x16=0xffffffff
     463635.000 ns	     46362	800098d0	2138a2d3	fsgnjx.s	f5,f17,f19	 f17:0x7f800000 f19:0xff800000  f5=0xff800000
     463655.000 ns	     46364	800098d4	001a30b3	sltu	x1,x20,x1	 x20:0x00000000  x1:0x00001ffe  x1=0x00000001
     463675.000 ns	     46366	800098d8	a1cc9053	flt.s	x0,f25,f28	 f25:0x4f000410 f28:0x00000000
     463705.000 ns	     46369	800098dc	2178ad53	fsgnjx.s	f26,f17,f23	 f17:0x7f800000 f23:0x80000000 f26=0xff800000
     464075.000 ns	     46406	800098e0	0395cfb3	div	x31,x11,x25	 x11:0x00000000 x25:0x00000001 x31=0x00000000
     464105.000 ns	     46409	800098e4	e00202d3	fmv.x.w	x5,f4	  f4:0x7f800000  x5=0x7f800000
     464125.000 ns	     46411	800098e8	40a70133	sub	x2,x14,x10	 x14:0xffffffff x10:0xcd6b489c  x2=0x3294b763
     464135.000 ns	     46412	800098ec	01069793	slli	x15,x13,0x10	 x13:0x00000000 x15=0x00000000
     464495.000 ns	     46448	800098f0	03726eb3	rem	x29,x4,x23	  x4:0xffffffff x23:0x49de28c0 x29=0xffffffff
     464515.000 ns	     46450	800098f4	018b7fb3	and	x31,x22,x24	 x22:0x00000001 x24:0xc0000000 x31=0x00000000
     464525.000 ns	     46451	800098f8	0047a6b3	slt	x13,x15,x4	 x15:0x00000000  x4:0xffffffff x13=0x00000000
     464545.000 ns	     46453	800098fc	039915b3	mulh	x11,x18,x25	 x18:0xffffffff x25:0x00000001 x11=0xffffffff
     464575.000 ns	     46456	80009900	03bc2633	mulhsu	x12,x24,x27	 x24:0xc0000000 x27:0x00000040 x12=0xfffffff0
     464595.000 ns	     46458	80009904	01515713	srli	x14,x2,0x15	  x2:0x3294b763 x14=0x00000194
     464635.000 ns	     46462	80009908	0804c253	fsub.s	f4,f9,f0	  f9:0x00000001  f0:0x00000000  f4=0x00000001
     464655.000 ns	     46464	8000990c	0bdf2c17	auipc	x24,0xbdf2	 x24=0x8bdfb90c
     464665.000 ns	     46465	80009910	c28c2993	slti	x19,x24,-984	 x24:0xc0000000 x19=0x00000001
     464675.000 ns	     46466	80009914	01c7dc13	srli	x24,x15,0x1c	 x15:0x00000000 x24=0x00000000
     464685.000 ns	     46467	80009918	0171bd33	sltu	x26,x3,x23	  x3:0xcd6b489c x23:0x49de28c0 x26=0x00000000
     464705.000 ns	     46469	8000991c	033a8133	mul	x2,x21,x19	 x21:0xffffffff x19:0x00000001  x2=0xffffffff
     464725.000 ns	     46471	80009920	4d21c917	auipc	x18,0x4d21c	 x18=0xcd225920
     464735.000 ns	     46472	80009924	019c9293	slli	x5,x25,0x19	 x25:0x00000001  x5=0x02000000
     464745.000 ns	     46473	80009928	00ea86b3	add	x13,x21,x14	 x21:0xffffffff x14:0x00000194 x13=0x00000193
     464755.000 ns	     46474	8000992c	a99d0493	addi	x9,x26,-1383	 x26:0x00000000  x9=0xfffffa99
     464775.000 ns	     46476	80009930	024a3033	mulhu	x0,x20,x4	 x20:0x00000000  x4:0xffffffff
     464805.000 ns	     46479	80009934	0208fc33	remu	x24,x17,x0	 x17:0x80040fe4  x0:0x00000000 x24=0x80040fe4
     464835.000 ns	     46482	80009938	e00383d3	fmv.x.w	x7,f7	  f7:0x4f7fffff  x7=0x4f7fffff
     464855.000 ns	     46484	8000993c	41a38fb3	sub	x31,x7,x26	  x7:0x00000000 x26:0x00000000 x31=0x4f7fffff
     464875.000 ns	     46486	80009940	c014f153	fcvt.wu.s	x2,f9	  f9:0x00000001  x2=0x00000000
     464895.000 ns	     46488	80009944	01e6c933	xor	x18,x13,x30	 x13:0x00000193 x30:0x00000005 x18=0x00000196
     464905.000 ns	     46489	80009948	410dd4b3	sra	x9,x27,x16	 x27:0x00000040 x16:0xffffffff  x9=0x00000000
     464925.000 ns	     46491	8000994c	03f6a2b3	mulhsu	x5,x13,x31	 x13:0x00000193 x31:0x4f7fffff  x5=0x0000007d
     464945.000 ns	     46493	80009950	017f2ab3	slt	x21,x30,x23	 x30:0x00000005 x23:0x49de28c0 x21=0x00000001
     465305.000 ns	     46529	80009954	03745db3	divu	x27,x8,x23	  x8:0x00000000 x23:0x49de28c0 x27=0x00000000
     465335.000 ns	     46532	80009958	037880b3	mul	x1,x17,x23	 x17:0x80040fe4 x23:0x49de28c0  x1=0x713f8b00
     465355.000 ns	     46534	8000995c	fd932b13	slti	x22,x6,-39	  x6:0x00000140 x22=0x00000000
     465715.000 ns	     46570	80009960	033bc933	div	x18,x23,x19	 x23:0x49de28c0 x19:0x00000001 x18=0x49de28c0
     465745.000 ns	     46573	80009964	03963d33	mulhu	x26,x12,x25	 x12:0xfffffff0 x25:0x00000001 x26=0x00000000
     465765.000 ns	     46575	80009968	2c0a7713	andi	x14,x20,704	 x20:0x00000000 x14=0x00000000
     465775.000 ns	     46576	8000996c	10c70993	addi	x19,x14,268	 x14:0x00000194 x19=0x0000010c
     465805.000 ns	     46579	80009970	199bac53	fdiv.s	f24,f23,f25	 f23:0x80000000 f25:0x4f000410 f24=0x80000000
     465825.000 ns	     46581	80009974	79070913	addi	x18,x14,1936	 x14:0x00000000 x18=0x00000790
     465845.000 ns	     46583	80009978	a00a9353	flt.s	x6,f21,f0	 f21:0x00000000  f0:0x00000000  x6=0x00000000
     465875.000 ns	     46586	8000997c	d00994d3	fcvt.s.w	f9,x19	 x19:0x0000010c  f9=0x43860000
     465915.000 ns	     46590	80009980	1018fe53	fmul.s	f28,f17,f1	 f17:0x7f800000  f1:0x00000000 f28=0x7fc00000
     465945.000 ns	     46593	80009984	a0221a53	flt.s	x20,f4,f2	  f4:0x00000001  f2:0xffffff50 x20=0x00000000
     465975.000 ns	     46596	80009988	208e9453	fsgnjn.s	f8,f29,f8	 f29:0x00000010  f8:0x7fc00000  f8=0x80000010
     465995.000 ns	     46598	8000998c	01101b13	slli	x22,x0,0x11	  x0:0x00000000 x22=0x00000000
     466015.000 ns	     46600	80009990	03a6b833	mulhu	x16,x13,x26	 x13:0x00000193 x26:0x00000000 x16=0x00000000
     466055.000 ns	     46604	80009994	58059fd3	fsqrt.s	f31,f11	 f11:0x7f800000 f31=0x7f800000
     466085.000 ns	     46607	80009998	d01cf5d3	fcvt.s.wu	f11,x25	 x25:0x00000001 f11=0x3f800000
     466105.000 ns	     46609	8000999c	00392b33	slt	x22,x18,x3	 x18:0x00000790  x3:0xcd6b489c x22=0x00000000
     466115.000 ns	     46610	800099a0	00881093	slli	x1,x16,0x8	 x16:0x00000000  x1=0x00000000
     466135.000 ns	     46612	800099a4	2044a9d3	fsgnjx.s	f19,f9,f4	  f9:0x43860000  f4:0x00000001 f19=0x43860000
     466165.000 ns	     46615	800099a8	208296d3	fsgnjn.s	f13,f5,f8	  f5:0xff800000  f8:0x80000010 f13=0x7f800000
     466195.000 ns	     46618	800099ac	d0069e53	fcvt.s.w	f28,x13	 x13:0x00000193 f28=0x43c98000
     466225.000 ns	     46621	800099b0	a0dd1553	flt.s	x10,f26,f13	 f26:0xff800000 f13:0x7f800000 x10=0x00000001
     466255.000 ns	     46624	800099b4	e00d13d3	fclass.s	x7,f26	 f26:0xff800000  x7=0x00000001
     466275.000 ns	     46626	800099b8	2eb547b7	lui	x15,0x2eb54	 x15=0x2eb54000
     466295.000 ns	     46628	800099bc	a1692d53	feq.s	x26,f18,f22	 f18:0xffffffff f22:0x00000000 x26=0x00000000
     466315.000 ns	     46630	800099c0	01e6d5b3	srl	x11,x13,x30	 x13:0x00000193 x30:0x00000005 x11=0x0000000c
     466325.000 ns	     46631	800099c4	41765bb3	sra	x23,x12,x23	 x12:0xfffffff0 x23:0x49de28c0 x23=0xfffffff0
     466345.000 ns	     46633	800099c8	c014fdd3	fcvt.wu.s	x27,f9	  f9:0x43860000 x27=0x0000010c
     466365.000 ns	     46635	800099cc	01ad6133	or	x2,x26,x26	 x26:0x00000000 x26:0x00000000  x2=0x00000000
     466375.000 ns	     46636	800099d0	0106a633	slt	x12,x13,x16	 x13:0x00000193 x16:0x00000000 x12=0x00000000
     466395.000 ns	     46638	800099d4	0396a433	mulhsu	x8,x13,x25	 x13:0x00000193 x25:0x00000001  x8=0x00000000
     466435.000 ns	     46642	800099d8	11cbf4d3	fmul.s	f9,f23,f28	 f23:0x80000000 f28:0x43c98000  f9=0x80000000
     466455.000 ns	     46644	800099dc	0133c1b3	xor	x3,x7,x19	  x7:0x00000001 x19:0x0000010c  x3=0x0000010d
     466475.000 ns	     46646	800099e0	033e8db3	mul	x27,x29,x19	 x29:0xffffffff x19:0x0000010c x27=0xfffffef4
     466495.000 ns	     46648	800099e4	d01e6993	ori	x19,x28,-767	 x28:0x80041024 x19=0xfffffd25
     466505.000 ns	     46649	800099e8	68e7f193	andi	x3,x15,1678	 x15:0x2eb54000  x3=0x00000000
     466515.000 ns	     46650	800099ec	7021a693	slti	x13,x3,1794	  x3:0x0000010d x13=0x00000001
     466535.000 ns	     46652	800099f0	e00a0c53	fmv.x.w	x24,f20	 f20:0x4e9e0008 x24=0x4e9e0008
     466565.000 ns	     46655	800099f4	21562cd3	fsgnjx.s	f25,f12,f21	 f12:0x4f7fffff f21:0x00000000 f25=0x4f7fffff
     466595.000 ns	     46658	800099f8	202809d3	fsgnj.s	f19,f16,f2	 f16:0x80000000  f2:0xffffff50 f19=0x80000000
     466615.000 ns	     46660	800099fc	01f62133	slt	x2,x12,x31	 x12:0x00000000 x31:0x4f7fffff  x2=0x00000001
     466625.000 ns	     46661	80009a00	00549b13	slli	x22,x9,0x5	  x9:0x00000000 x22=0x00000000
     466635.000 ns	     46662	80009a04	44a6b493	sltiu	x9,x13,1098	 x13:0x00000001  x9=0x00000001
     466655.000 ns	     46664	80009a08	03859a33	mulh	x20,x11,x24	 x11:0x0000000c x24:0x4e9e0008 x20=0x00000003
     466685.000 ns	     46667	80009a0c	e00306d3	fmv.x.w	x13,f6	  f6:0x00000000 x13=0x00000000
     466715.000 ns	     46670	80009a10	28230f53	fmin.s	f30,f6,f2	  f6:0x00000000  f2:0xffffff50 f30=0x00000000
     466745.000 ns	     46673	80009a14	a1f994d3	flt.s	x9,f19,f31	 f19:0x80000000 f31:0x7f800000  x9=0x00000001
     466765.000 ns	     46675	80009a18	caa3af93	slti	x31,x7,-854	  x7:0x00000001 x31=0x00000000
     466785.000 ns	     46677	80009a1c	d01c1ad3	fcvt.s.wu	f21,x24	 x24:0x4e9e0008 f21=0x4e9d3c00
     466805.000 ns	     46679	80009a20	01109c93	slli	x25,x1,0x11	  x1:0x00000000 x25=0x00000000
     466845.000 ns	     46683	80009a24	0190cf53	fadd.s	f30,f1,f25	  f1:0x00000000 f25:0x4f7fffff f30=0x4f7fffff
     466865.000 ns	     46685	80009a28	0079aeb3	slt	x29,x19,x7	 x19:0xfffffd25  x7:0x00000001 x29=0x00000001
     466885.000 ns	     46687	80009a2c	e00f0c53	fmv.x.w	x24,f30	 f30:0x4f7fffff x24=0x4f7fffff
     466915.000 ns	     46690	80009a30	20782853	fsgnjx.s	f16,f16,f7	 f16:0x80000000  f7:0x4f7fffff f16=0x80000000
     466935.000 ns	     46692	80009a34	00bf96b3	sll	x13,x31,x11	 x31:0x00000000 x11:0x0000000c x13=0x00000000
     466945.000 ns	     46693	80009a38	b02f4513	xori	x10,x30,-1278	 x30:0x00000005 x10=0xfffffb07
     466965.000 ns	     46695	80009a3c	c013fb53	fcvt.wu.s	x22,f7	  f7:0x4f7fffff x22=0xffffff00
     467335.000 ns	     46732	80009a40	034efb33	remu	x22,x29,x20	 x29:0x00000001 x20:0x00000003 x22=0x00000001
     467375.000 ns	     46736	80009a44	11827c53	fmul.s	f24,f4,f24	  f4:0x00000001 f24:0x80000000 f24=0x80000000
     467395.000 ns	     46738	80009a48	25953113	sltiu	x2,x10,601	 x10:0xfffffb07  x2=0x00000000
     467405.000 ns	     46739	80009a4c	f2449297	auipc	x5,0xf2449	  x5=0x72452a4c
     467425.000 ns	     46741	80009a50	02240333	mul	x6,x8,x2	  x8:0x00000000  x2:0x00000001  x6=0x00000000
     467465.000 ns	     46745	80009a54	110df753	fmul.s	f14,f27,f16	 f27:0x4f000410 f16:0x80000000 f14=0x80000000
     467495.000 ns	     46748	80009a58	a0370ad3	fle.s	x21,f14,f3	 f14:0x4f000410  f3:0xff800000 x21=0x00000000
     467525.000 ns	     46751	80009a5c	f0098153	fmv.w.x	f2,x19	 x19:0xfffffd25  f2=0xfffffd25
     467545.000 ns	     46753	80009a60	018d34b3	sltu	x9,x26,x24	 x26:0x00000000 x24:0x4f7fffff  x9=0x00000001
     467585.000 ns	     46757	80009a64	09397853	fsub.s	f16,f18,f19	 f18:0xffffffff f19:0x80000000 f16=0x7fc00000
     467605.000 ns	     46759	80009a68	ea4492b7	lui	x5,0xea449	  x5=0xea449000
     467625.000 ns	     46761	80009a6c	a07219d3	flt.s	x19,f4,f7	  f4:0x00000001  f7:0x4f7fffff x19=0x00000001
     467645.000 ns	     46763	80009a70	01849c33	sll	x24,x9,x24	  x9:0x00000001 x24:0x4f7fffff x24=0x80000000
     467655.000 ns	     46764	80009a74	c8c77193	andi	x3,x14,-884	 x14:0x00000000  x3=0x00000000
     467665.000 ns	     46765	80009a78	1eaafc93	andi	x25,x21,490	 x21:0x00000000 x25=0x00000000
     467685.000 ns	     46767	80009a7c	c00d01d3	fcvt.w.s	x3,f26	 f26:0xff800000  x3=0x80000000
     467705.000 ns	     46769	80009a80	00c56eb3	or	x29,x10,x12	 x10:0xfffffb07 x12:0x00000000 x29=0xfffffb07
     467745.000 ns	     46773	80009a84	01ee73d3	fadd.s	f7,f28,f30	 f28:0x43c98000 f30:0x4f7fffff  f7=0x4f800000
     467775.000 ns	     46776	80009a88	03c9a9b3	mulhsu	x19,x19,x28	 x19:0x00000001 x28:0x80041024 x19=0x00000000
     467815.000 ns	     46780	80009a8c	19fd78d3	fdiv.s	f17,f26,f31	 f26:0xff800000 f31:0x7f800000 f17=0x7fc00000
     467835.000 ns	     46782	80009a90	012d00b3	add	x1,x26,x18	 x26:0x00000000 x18:0x00000790  x1=0x00000790
     467845.000 ns	     46783	80009a94	00a65a33	srl	x20,x12,x10	 x12:0x00000000 x10:0xfffffb07 x20=0x00000000
     467855.000 ns	     46784	80009a98	1d773d13	sltiu	x26,x14,471	 x14:0x00000000 x26=0x00000001
     467865.000 ns	     46785	80009a9c	01dbe0b3	or	x1,x23,x29	 x23:0xfffffff0 x29:0xfffffb07  x1=0xfffffff7
     467885.000 ns	     46787	80009aa0	d01819d3	fcvt.s.wu	f19,x16	 x16:0x00000000 f19=0x00000000
     467905.000 ns	     46789	80009aa4	cb8aa597	auipc	x11,0xcb8aa	 x11=0x4b8b3aa4
     467915.000 ns	     46790	80009aa8	e6df73b7	lui	x7,0xe6df7	  x7=0xe6df7000
     467935.000 ns	     46792	80009aac	f00f8ed3	fmv.w.x	f29,x31	 x31:0x00000000 f29=0x00000000
     467965.000 ns	     46795	80009ab0	29b21653	fmax.s	f12,f4,f27	  f4:0x00000001 f27:0x4f000410 f12=0x4f000410
     467995.000 ns	     46798	80009ab4	e00a1553	fclass.s	x10,f20	 f20:0x4e9e0008 x10=0x00000040
     468015.000 ns	     46800	80009ab8	f5ae7493	andi	x9,x28,-166	 x28:0x80041024  x9=0x80041000
     468025.000 ns	     46801	80009abc	00b29193	slli	x3,x5,0xb	  x5:0xea449000  x3=0x24800000
     468045.000 ns	     46803	80009ac0	032203b3	mul	x7,x4,x18	  x4:0xffffffff x18:0x00000790  x7=0xfffff870
     468075.000 ns	     46806	80009ac4	e00b07d3	fmv.x.w	x15,f22	 f22:0x00000000 x15=0x00000000
     468105.000 ns	     46809	80009ac8	a1cd2653	feq.s	x12,f26,f28	 f26:0xff800000 f28:0x43c98000 x12=0x00000000
     468125.000 ns	     46811	80009acc	002bd0b3	srl	x1,x23,x2	 x23:0xfffffff0  x2:0x00000000  x1=0xfffffff0
     468135.000 ns	     46812	80009ad0	64322637	lui	x12,0x64322	 x12=0x64322000
     468155.000 ns	     46814	80009ad4	02e44833	div	x16,x8,x14	  x8:0x00000000 x14:0x00000000 x16=0xffffffff
     468195.000 ns	     46818	80009ad8	10dff5d3	fmul.s	f11,f31,f13	 f31:0x7f800000 f13:0x7f800000 f11=0x7f800000
     468215.000 ns	     46820	80009adc	0116ba33	sltu	x20,x13,x17	 x13:0x00000000 x17:0x80040fe4 x20=0x00000001
     468255.000 ns	     46824	80009ae0	0172b453	fadd.s	f8,f5,f23	  f5:0xff800000 f23:0x80000000  f8=0xff800000
     468285.000 ns	     46827	80009ae4	033f6db3	rem	x27,x30,x19	 x30:0x00000005 x19:0x00000000 x27=0x00000005
     468305.000 ns	     46829	80009ae8	00eae833	or	x16,x21,x14	 x21:0x00000000 x14:0x00000000 x16=0x00000000
     468325.000 ns	     46831	80009aec	02d69133	mulh	x2,x13,x13	 x13:0x00000000 x13:0x00000000  x2=0x00000000
     468345.000 ns	     46833	80009af0	00f0f933	and	x18,x1,x15	  x1:0xfffffff0 x15:0x00000000 x18=0x00000000
     468355.000 ns	     46834	80009af4	00dbbfb3	sltu	x31,x23,x13	 x23:0xfffffff0 x13:0x00000000 x31=0x00000000
     468365.000 ns	     46835	80009af8	41a457b3	sra	x15,x8,x26	  x8:0x00000000 x26:0x00000001 x15=0x00000000
     468385.000 ns	     46837	80009afc	28fa0bd3	fmin.s	f23,f20,f15	 f20:0x4e9e0008 f15:0x80000000 f23=0x80000000
     468405.000 ns	     46839	80009b00	01f88ab3	add	x21,x17,x31	 x17:0x80040fe4 x31:0x00000000 x21=0x80040fe4
     468765.000 ns	     46875	80009b04	03ab4d33	div	x26,x22,x26	 x22:0x00000001 x26:0x00000001 x26=0x00000001
     468795.000 ns	     46878	80009b08	03a0b6b3	mulhu	x13,x1,x26	  x1:0xfffffff0 x26:0x00000001 x13=0x00000000
     468845.000 ns	     46883	80009b0c	081daf53	fsub.s	f30,f27,f1	 f27:0x4f000410  f1:0x00000000 f30=0x4f000410
     468885.000 ns	     46887	80009b10	1123f453	fmul.s	f8,f7,f18	  f7:0x4f800000 f18:0xffffffff  f8=0x7fc00000
     468915.000 ns	     46890	80009b14	299e8c53	fmin.s	f24,f29,f25	 f29:0x00000000 f25:0x4f7fffff f24=0x00000000
     468945.000 ns	     46893	80009b18	286410d3	fmax.s	f1,f8,f6	  f8:0x7fc00000  f6:0x00000000  f1=0x00000000
     468975.000 ns	     46896	80009b1c	035b12b3	mulh	x5,x22,x21	 x22:0x00000001 x21:0x80040fe4  x5=0xffffffff
     469005.000 ns	     46899	80009b20	c0070653	fcvt.w.s	x12,f14	 f14:0x80000000 x12=0x00000000
     469025.000 ns	     46901	80009b24	007bebb3	or	x23,x23,x7	 x23:0xfffffff0  x7:0xfffff870 x23=0xfffffff0
     469045.000 ns	     46903	80009b28	c010fdd3	fcvt.wu.s	x27,f1	  f1:0x00000000 x27=0x00000000
     469075.000 ns	     46906	80009b2c	d008a3d3	fcvt.s.w	f7,x17	 x17:0x80040fe4  f7=0xcefff7e1
     469105.000 ns	     46909	80009b30	c01f3453	fcvt.wu.s	x8,f30	 f30:0x4f000410  x8=0x80041000
     469125.000 ns	     46911	80009b34	004973b3	and	x7,x18,x4	 x18:0x00000000  x4:0xffffffff  x7=0x00000000
     469135.000 ns	     46912	80009b38	69ec7c13	andi	x24,x24,1694	 x24:0x80000000 x24=0x00000000
     469155.000 ns	     46914	80009b3c	293c08d3	fmin.s	f17,f24,f19	 f24:0x00000000 f19:0x00000000 f17=0x00000000
     469175.000 ns	     46916	80009b40	00adacb3	slt	x25,x27,x10	 x27:0x00000000 x10:0x00000040 x25=0x00000001
     469185.000 ns	     46917	80009b44	01042933	slt	x18,x8,x16	  x8:0x80041000 x16:0x00000000 x18=0x00000001
     469205.000 ns	     46919	80009b48	c01d01d3	fcvt.wu.s	x3,f26	 f26:0xff800000  x3=0x00000000
     469235.000 ns	     46922	80009b4c	e00d9753	fclass.s	x14,f27	 f27:0x4f000410 x14=0x00000040
     469255.000 ns	     46924	80009b50	015f6333	or	x6,x30,x21	 x30:0x00000005 x21:0x80040fe4  x6=0x80040fe5
     469275.000 ns	     46926	80009b54	c0137bd3	fcvt.wu.s	x23,f6	  f6:0x00000000 x23=0x00000000
     469295.000 ns	     46928	80009b58	96894513	xori	x10,x18,-1688	 x18:0x00000001 x10=0xfffff969
     469325.000 ns	     46931	80009b5c	109b4a53	fmul.s	f20,f22,f9	 f22:0x00000000  f9:0x80000000 f20=0x80000000
     469345.000 ns	     46933	80009b60	f7cbf213	andi	x4,x23,-132	 x23:0x00000000  x4=0x00000000
     469365.000 ns	     46935	80009b64	28a982d3	fmin.s	f5,f19,f10	 f19:0x00000000 f10:0x7fc00000  f5=0x00000000
     469395.000 ns	     46938	80009b68	c001fbd3	fcvt.w.s	x23,f3	  f3:0xff800000 x23=0x80000000
     469425.000 ns	     46941	80009b6c	a0272a53	feq.s	x20,f14,f2	 f14:0x80000000  f2:0xfffffd25 x20=0x00000000
     469445.000 ns	     46943	80009b70	7d254c93	xori	x25,x10,2002	 x10:0xfffff969 x25=0xfffffebb
     469455.000 ns	     46944	80009b74	01366133	or	x2,x12,x19	 x12:0x00000000 x19:0x00000000  x2=0x00000000
     469465.000 ns	     46945	80009b78	40985b93	srai	x23,x16,0x9	 x16:0x00000000 x23=0x00000000
     469475.000 ns	     46946	80009b7c	01573bb3	sltu	x23,x14,x21	 x14:0x00000040 x21:0x80040fe4 x23=0x00000001
     469495.000 ns	     46948	80009b80	d00c3753	fcvt.s.w	f14,x24	 x24:0x00000000 f14=0x00000000
     469545.000 ns	     46953	80009b84	08ccbfd3	fsub.s	f31,f25,f12	 f25:0x4f7fffff f12:0x4f000410 f31=0x4efff7de
     469575.000 ns	     46956	80009b88	a1e781d3	fle.s	x3,f15,f30	 f15:0x80000000 f30:0x4f000410  x3=0x00000001
     469605.000 ns	     46959	80009b8c	f00185d3	fmv.w.x	f11,x3	  x3:0x00000000 f11=0x00000001
     469635.000 ns	     46962	80009b90	e0050b53	fmv.x.w	x22,f10	 f10:0x7fc00000 x22=0x7fc00000
     469665.000 ns	     46965	80009b94	02d40bb3	mul	x23,x8,x13	  x8:0x80041000 x13:0x00000000 x23=0x00000000
     469695.000 ns	     46968	80009b98	21788ed3	fsgnj.s	f29,f17,f23	 f17:0x00000000 f23:0x80000000 f29=0x80000000
     469715.000 ns	     46970	80009b9c	bc8cf497	auipc	x9,0xbc8cf	  x9=0x3c8d8b9c
     469725.000 ns	     46971	80009ba0	4048d1b3	sra	x3,x17,x4	 x17:0x80040fe4  x4:0x00000000  x3=0x80040fe4
     469745.000 ns	     46973	80009ba4	0224cc33	div	x24,x9,x2	  x9:0x80041000  x2:0x00000000 x24=0xffffffff
     469775.000 ns	     46976	80009ba8	030ee233	rem	x4,x29,x16	 x29:0xfffffb07 x16:0x00000000  x4=0xfffffb07
     469805.000 ns	     46979	80009bac	022d2fb3	mulhsu	x31,x26,x2	 x26:0x00000001  x2:0x00000000 x31=0x00000000
     469835.000 ns	     46982	80009bb0	29d884d3	fmin.s	f9,f17,f29	 f17:0x00000000 f29:0x80000000  f9=0x80000000
     469865.000 ns	     46985	80009bb4	202497d3	fsgnjn.s	f15,f9,f2	  f9:0x80000000  f2:0xfffffd25 f15=0x00000000
     469895.000 ns	     46988	80009bb8	21930dd3	fsgnj.s	f27,f6,f25	  f6:0x00000000 f25:0x4f7fffff f27=0x00000000
     469925.000 ns	     46991	80009bbc	f0078453	fmv.w.x	f8,x15	 x15:0x00000000  f8=0x00000000
     469965.000 ns	     46995	80009bc0	18b2f3d3	fdiv.s	f7,f5,f11	  f5:0x00000000 f11:0x00000001  f7=0x00000000
     470335.000 ns	     47032	80009bc4	02bd6ab3	rem	x21,x26,x11	 x26:0x00000001 x11:0x4b8b3aa4 x21=0x00000001
     470355.000 ns	     47034	80009bc8	019db233	sltu	x4,x27,x25	 x27:0x00000000 x25:0xfffffebb  x4=0x00000001
     470375.000 ns	     47036	80009bcc	21d82753	fsgnjx.s	f14,f16,f29	 f16:0x7fc00000 f29:0x80000000 f14=0xffc00000
     470395.000 ns	     47038	80009bd0	dd2e0297	auipc	x5,0xdd2e0	  x5=0x5d2e9bd0
     470405.000 ns	     47039	80009bd4	010aeeb3	or	x29,x21,x16	 x21:0x00000001 x16:0x00000000 x29=0x00000001
     470415.000 ns	     47040	80009bd8	30f2a793	slti	x15,x5,783	  x5:0xffffffff x15=0x00000000
     470435.000 ns	     47042	80009bdc	f0000f53	fmv.w.x	f30,x0	  x0:0x00000000 f30=0x00000000
     470455.000 ns	     47044	80009be0	5c4de693	ori	x13,x27,1476	 x27:0x00000000 x13=0x000005c4
     470475.000 ns	     47046	80009be4	c00b84d3	fcvt.w.s	x9,f23	 f23:0x80000000  x9=0x00000000
     470515.000 ns	     47050	80009be8	11bd4dd3	fmul.s	f27,f26,f27	 f26:0xff800000 f27:0x00000000 f27=0x7fc00000
     470545.000 ns	     47053	80009bec	e00f9a53	fclass.s	x20,f31	 f31:0x4efff7de x20=0x00000040
     470575.000 ns	     47056	80009bf0	f0010753	fmv.w.x	f14,x2	  x2:0x00000000 f14=0x00000000
     470595.000 ns	     47058	80009bf4	0045ac33	slt	x24,x11,x4	 x11:0x4b8b3aa4  x4:0x00000001 x24=0x00000000
     470605.000 ns	     47059	80009bf8	ffb30a13	addi	x20,x6,-5	  x6:0x80040fe5 x20=0x80040fe0
     470625.000 ns	     47061	80009bfc	0205b9b3	mulhu	x19,x11,x0	 x11:0x4b8b3aa4  x0:0x00000000 x19=0x00000000
     470645.000 ns	     47063	80009c00	f8a6a793	slti	x15,x13,-118	 x13:0x000005c4 x15=0x00000000
     470655.000 ns	     47064	80009c04	013b6233	or	x4,x22,x19	 x22:0x7fc00000 x19:0x00000000  x4=0x7fc00000
     470675.000 ns	     47066	80009c08	286e8ed3	fmin.s	f29,f29,f6	 f29:0x80000000  f6:0x00000000 f29=0x80000000
     471045.000 ns	     47103	80009c0c	039f7133	remu	x2,x30,x25	 x30:0x00000005 x25:0xfffffebb  x2=0x00000005
     471065.000 ns	     47105	80009c10	241d6193	ori	x3,x26,577	 x26:0x00000001  x3=0x00000241
     471075.000 ns	     47106	80009c14	00a042b3	xor	x5,x0,x10	  x0:0x00000000 x10:0xfffff969  x5=0xfffff969
     471085.000 ns	     47107	80009c18	00000013	addi	x0,x0,0	  x0:0x00000000
     471105.000 ns	     47109	80009c1c	2150aed3	fsgnjx.s	f29,f1,f21	  f1:0x00000000 f21:0x4e9d3c00 f29=0x00000000
     471125.000 ns	     47111	80009c20	0fd0a793	slti	x15,x1,253	  x1:0xfffffff0 x15=0x00000001
     471135.000 ns	     47112	80009c24	00f6fa33	and	x20,x13,x15	 x13:0x000005c4 x15:0x00000000 x20=0x00000000
     471145.000 ns	     47113	80009c28	41fde113	ori	x2,x27,1055	 x27:0x00000000  x2=0x0000041f
     471165.000 ns	     47115	80009c2c	212424d3	fsgnjx.s	f9,f8,f18	  f8:0x00000000 f18:0xffffffff  f9=0x80000000
     471185.000 ns	     47117	80009c30	0014f3b3	and	x7,x9,x1	  x9:0x00000000  x1:0xfffffff0  x7=0x00000000
     471195.000 ns	     47118	80009c34	00e2a0b3	slt	x1,x5,x14	  x5:0xfffff969 x14:0x00000040  x1=0x00000001
     471555.000 ns	     47154	80009c38	03ae6233	rem	x4,x28,x26	 x28:0x80041024 x26:0x00000001  x4=0x00000000
     471575.000 ns	     47156	80009c3c	affdb793	sltiu	x15,x27,-1281	 x27:0x00000000 x15=0x00000001
     471935.000 ns	     47192	80009c40	0226cab3	div	x21,x13,x2	 x13:0x000005c4  x2:0x0000041f x21=0x00000001
     472305.000 ns	     47229	80009c44	022fcfb3	div	x31,x31,x2	 x31:0x00000000  x2:0x0000041f x31=0x00000000
     472325.000 ns	     47231	80009c48	011e41b3	xor	x3,x28,x17	 x28:0x80041024 x17:0x80040fe4  x3=0x00001fc0
     472345.000 ns	     47233	80009c4c	d00a01d3	fcvt.s.w	f3,x20	 x20:0x00000000  f3=0x00000000
     472365.000 ns	     47235	80009c50	00966633	or	x12,x12,x9	 x12:0x00000000  x9:0x00000000 x12=0x00000000
     472395.000 ns	     47238	80009c54	58073153	fsqrt.s	f2,f14	 f14:0x00000000  f2=0x00000000
     472415.000 ns	     47240	80009c58	012ae4b3	or	x9,x21,x18	 x21:0x00000001 x18:0x00000001  x9=0x00000001
     472425.000 ns	     47241	80009c5c	bb7d8517	auipc	x10,0xbb7d8	 x10=0x3b7e1c5c
     472435.000 ns	     47242	80009c60	d1a4f613	andi	x12,x9,-742	  x9:0x00000000 x12=0x00000000
     472445.000 ns	     47243	80009c64	01af1e93	slli	x29,x30,0x1a	 x30:0x00000005 x29=0x14000000
     473535.000 ns	     47352	80009c68	580cfb53	fsqrt.s	f22,f25	 f25:0x4f7fffff f22=0x47350461
     473565.000 ns	     47355	80009c6c	c006c1d3	fcvt.w.s	x3,f13	 f13:0x7f800000  x3=0x7fffffff
     473585.000 ns	     47357	80009c70	00525a93	srli	x21,x4,0x5	  x4:0x00000000 x21=0x00000000
     473625.000 ns	     47361	80009c74	01b9fed3	fadd.s	f29,f19,f27	 f19:0x00000000 f27:0x7fc00000 f29=0x7fc00000
     473655.000 ns	     47364	80009c78	c0092bd3	fcvt.w.s	x23,f18	 f18:0xffffffff x23=0x7fffffff
     473685.000 ns	     47367	80009c7c	e00b8453	fmv.x.w	x8,f23	 f23:0x80000000  x8=0x80000000
     473715.000 ns	     47370	80009c80	a16a1653	flt.s	x12,f20,f22	 f20:0x80000000 f22:0x47350461 x12=0x00000001
     473735.000 ns	     47372	80009c84	395ff993	andi	x19,x31,917	 x31:0x00000000 x19=0x00000000
     473755.000 ns	     47374	80009c88	03f42833	mulhsu	x16,x8,x31	  x8:0x80000000 x31:0x00000000 x16=0x00000000
     473785.000 ns	     47377	80009c8c	29ed9553	fmax.s	f10,f27,f30	 f27:0x7fc00000 f30:0x00000000 f10=0x00000000
     473805.000 ns	     47379	80009c90	01e2e6b3	or	x13,x5,x30	  x5:0xfffff969 x30:0x00000005 x13=0xfffff96d
     473815.000 ns	     47380	80009c94	01981533	sll	x10,x16,x25	 x16:0x00000000 x25:0xfffffebb x10=0x00000000
     473845.000 ns	     47383	80009c98	18fc7453	fdiv.s	f8,f24,f15	 f24:0x00000000 f15:0x00000000  f8=0x7fc00000
     473875.000 ns	     47386	80009c9c	a1419653	flt.s	x12,f3,f20	  f3:0x00000000 f20:0x80000000 x12=0x00000000
     473895.000 ns	     47388	80009ca0	0092f333	and	x6,x5,x9	  x5:0xfffff969  x9:0x00000001  x6=0x00000001
     473905.000 ns	     47389	80009ca4	012c1d13	slli	x26,x24,0x12	 x24:0x00000000 x26=0x00000000
     473915.000 ns	     47390	80009ca8	0169afb3	slt	x31,x19,x22	 x19:0x00000000 x22:0x7fc00000 x31=0x00000001
     473935.000 ns	     47392	80009cac	e0049cd3	fclass.s	x25,f9	  f9:0x80000000 x25=0x00000008
     473955.000 ns	     47394	80009cb0	01dc5213	srli	x4,x24,0x1d	 x24:0x00000000  x4=0x00000000
     473985.000 ns	     47397	80009cb4	58017dd3	fsqrt.s	f27,f2	  f2:0x00000000 f27=0x00000000
     474035.000 ns	     47402	80009cb8	015a81d3	fadd.s	f3,f21,f21	 f21:0x4e9d3c00 f21:0x4e9d3c00  f3=0x4f1d3c00
     474065.000 ns	     47405	80009cbc	039a9db3	mulh	x27,x21,x25	 x21:0x00000000 x25:0x00000008 x27=0x00000000
     474435.000 ns	     47442	80009cc0	036d5db3	divu	x27,x26,x22	 x26:0x00000000 x22:0x7fc00000 x27=0x00000000
     474455.000 ns	     47444	80009cc4	016f0eb3	add	x29,x30,x22	 x30:0x00000005 x22:0x7fc00000 x29=0x7fc00005
     474495.000 ns	     47448	80009cc8	01f27ed3	fadd.s	f29,f4,f31	  f4:0x00000001 f31:0x4efff7de f29=0x4efff7de
     474515.000 ns	     47450	80009ccc	41bbd113	srai	x2,x23,0x1b	 x23:0x7fffffff  x2=0x0000000f
     474535.000 ns	     47452	80009cd0	21398ad3	fsgnj.s	f21,f19,f19	 f19:0x00000000 f19:0x00000000 f21=0x00000000
     474555.000 ns	     47454	80009cd4	41fdd9b3	sra	x19,x27,x31	 x27:0x00000000 x31:0x00000001 x19=0x00000000
     474565.000 ns	     47455	80009cd8	f9677d13	andi	x26,x14,-106	 x14:0x00000040 x26=0x00000000
     474925.000 ns	     47491	80009cdc	03ef66b3	rem	x13,x30,x30	 x30:0x00000005 x30:0x00000005 x13=0x00000000
     474945.000 ns	     47493	80009ce0	01d5e013	ori	x0,x11,29	 x11:0x4b8b3aa4
     474965.000 ns	     47495	80009ce4	202310d3	fsgnjn.s	f1,f6,f2	  f6:0x00000000  f2:0x00000000  f1=0x80000000
     474995.000 ns	     47498	80009ce8	030d0433	mul	x8,x26,x16	 x26:0x00000000 x16:0x00000000  x8=0x00000000
     475025.000 ns	     47501	80009cec	20b198d3	fsgnjn.s	f17,f3,f11	  f3:0x4f1d3c00 f11:0x00000001 f17=0xcf1d3c00
     475065.000 ns	     47505	80009cf0	199d70d3	fdiv.s	f1,f26,f25	 f26:0xff800000 f25:0x4f7fffff  f1=0xff800000
     475085.000 ns	     47507	80009cf4	01047a33	and	x20,x8,x16	  x8:0x00000000 x16:0x00000000 x20=0x00000000
     475095.000 ns	     47508	80009cf8	00eeba33	sltu	x20,x29,x14	 x29:0x7fc00005 x14:0x00000040 x20=0x00000000
     475115.000 ns	     47510	80009cfc	03ecb233	mulhu	x4,x25,x30	 x25:0x00000008 x30:0x00000005  x4=0x00000000
     475485.000 ns	     47547	80009d00	03955233	divu	x4,x10,x25	 x10:0x00000000 x25:0x00000008  x4=0x00000000
     475505.000 ns	     47549	80009d04	01480eb3	add	x29,x16,x20	 x16:0x00000000 x20:0x00000000 x29=0x00000000
     475525.000 ns	     47551	80009d08	028f64b3	rem	x9,x30,x8	 x30:0x00000005  x8:0x00000000  x9=0x00000005
     475895.000 ns	     47588	80009d0c	039cfd33	remu	x26,x25,x25	 x25:0x00000008 x25:0x00000008 x26=0x00000000
     475915.000 ns	     47590	80009d10	ce79a0b7	lui	x1,0xce79a	  x1=0xce79a000
     475925.000 ns	     47591	80009d14	01b76133	or	x2,x14,x27	 x14:0x00000040 x27:0x00000000  x2=0x00000040
     475935.000 ns	     47592	80009d18	414bc213	xori	x4,x23,1044	 x23:0x7fffffff  x4=0x7ffffbeb
     475955.000 ns	     47594	80009d1c	e0081753	fclass.s	x14,f16	 f16:0x7fc00000 x14=0x00000200
     475985.000 ns	     47597	80009d20	02a190b3	mulh	x1,x3,x10	  x3:0x7fffffff x10:0x00000000  x1=0x00000000
     476015.000 ns	     47600	80009d24	28f887d3	fmin.s	f15,f17,f15	 f17:0xcf1d3c00 f15:0x00000000 f15=0xcf1d3c00
     476035.000 ns	     47602	80009d28	00000013	addi	x0,x0,0	  x0:0x00000000
     476055.000 ns	     47604	80009d2c	03fc97b3	mulh	x15,x25,x31	 x25:0x00000008 x31:0x00000001 x15=0x00000000
     476085.000 ns	     47607	80009d30	c01172d3	fcvt.wu.s	x5,f2	  f2:0x00000000  x5=0x00000000
     476125.000 ns	     47611	80009d34	1833f5d3	fdiv.s	f11,f7,f3	  f7:0x00000000  f3:0x4f1d3c00 f11=0x00000000
     476145.000 ns	     47613	80009d38	0061fd33	and	x26,x3,x6	  x3:0x7fffffff  x6:0x00000001 x26=0x00000001
     476165.000 ns	     47615	80009d3c	f0080253	fmv.w.x	f4,x16	 x16:0x00000000  f4=0x00000000
     476195.000 ns	     47618	80009d40	c00c8ed3	fcvt.w.s	x29,f25	 f25:0x4f7fffff x29=0x7fffffff
     476215.000 ns	     47620	80009d44	4186d3b3	sra	x7,x13,x24	 x13:0x00000000 x24:0x00000000  x7=0x00000000
     476225.000 ns	     47621	80009d48	01933433	sltu	x8,x6,x25	  x6:0x00000001 x25:0x00000008  x8=0x00000001
     476255.000 ns	     47624	80009d4c	11b3f8d3	fmul.s	f17,f7,f27	  f7:0x00000000 f27:0x00000000 f17=0x00000000
     476295.000 ns	     47628	80009d50	580077d3	fsqrt.s	f15,f0	  f0:0x00000000 f15=0x00000000
     476315.000 ns	     47630	80009d54	41e8d4b3	sra	x9,x17,x30	 x17:0x80040fe4 x30:0x00000005  x9=0xfc00207f
     476335.000 ns	     47632	80009d58	02b639b3	mulhu	x19,x12,x11	 x12:0x00000000 x11:0x4b8b3aa4 x19=0x00000000
     476705.000 ns	     47669	80009d5c	0360cd33	div	x26,x1,x22	  x1:0x00000000 x22:0x7fc00000 x26=0x00000000
     476725.000 ns	     47671	80009d60	00b47bb3	and	x23,x8,x11	  x8:0x00000001 x11:0x4b8b3aa4 x23=0x00000000
     476745.000 ns	     47673	80009d64	035dd433	divu	x8,x27,x21	 x27:0x00000000 x21:0x00000000  x8=0xffffffff
     476795.000 ns	     47678	80009d68	0815fcd3	fsub.s	f25,f11,f1	 f11:0x00000000  f1:0xff800000 f25=0x7f800000
     476825.000 ns	     47681	80009d6c	29048953	fmin.s	f18,f9,f16	  f9:0x80000000 f16:0x7fc00000 f18=0x80000000
     476875.000 ns	     47686	80009d70	089dfcd3	fsub.s	f25,f27,f9	 f27:0x00000000  f9:0x80000000 f25=0x00000000
     476905.000 ns	     47689	80009d74	20fe24d3	fsgnjx.s	f9,f28,f15	 f28:0x43c98000 f15:0x00000000  f9=0x43c98000
     476925.000 ns	     47691	80009d78	00510533	add	x10,x2,x5	  x2:0x00000040  x5:0x00000000 x10=0x00000040
     476935.000 ns	     47692	80009d7c	004fcab3	xor	x21,x31,x4	 x31:0x00000001  x4:0x7ffffbeb x21=0x7ffffbea
     476945.000 ns	     47693	80009d80	41b7d593	srai	x11,x15,0x1b	 x15:0x00000000 x11=0x00000000
     476975.000 ns	     47696	80009d84	19f02c53	fdiv.s	f24,f0,f31	  f0:0x00000000 f31:0x4efff7de f24=0x00000000
     476995.000 ns	     47698	80009d88	01f2c933	xor	x18,x5,x31	  x5:0x00000000 x31:0x00000001 x18=0x00000001
     477005.000 ns	     47699	80009d8c	ed80e313	ori	x6,x1,-296	  x1:0x00000000  x6=0xfffffed8
     477025.000 ns	     47701	80009d90	a1752c53	feq.s	x24,f10,f23	 f10:0x00000000 f23:0x80000000 x24=0x00000001
     477055.000 ns	     47704	80009d94	f00d8b53	fmv.w.x	f22,x27	 x27:0x00000000 f22=0x00000000
     477085.000 ns	     47707	80009d98	d01d08d3	fcvt.s.wu	f17,x26	 x26:0x00000000 f17=0x00000000
     477115.000 ns	     47710	80009d9c	a151a7d3	feq.s	x15,f3,f21	  f3:0x4f1d3c00 f21:0x00000000 x15=0x00000000
     477135.000 ns	     47712	80009da0	018e5eb3	srl	x29,x28,x24	 x28:0x80041024 x24:0x00000001 x29=0x40020812
     477175.000 ns	     47716	80009da4	004171d3	fadd.s	f3,f2,f4	  f2:0x00000000  f4:0x00000000  f3=0x00000000
     477205.000 ns	     47719	80009da8	037fbb33	mulhu	x22,x31,x23	 x31:0x00000001 x23:0x00000000 x22=0x00000000
     477575.000 ns	     47756	80009dac	0316f5b3	remu	x11,x13,x17	 x13:0x00000000 x17:0x80040fe4 x11=0x00000000
     477595.000 ns	     47758	80009db0	9230c013	xori	x0,x1,-1757	  x1:0x00000000
     477615.000 ns	     47760	80009db4	e00713d3	fclass.s	x7,f14	 f14:0x00000000  x7=0x00000010
     477645.000 ns	     47763	80009db8	c01fced3	fcvt.wu.s	x29,f31	 f31:0x4efff7de x29=0x7ffbef00
     478015.000 ns	     47800	80009dbc	022741b3	div	x3,x14,x2	 x14:0x00000200  x2:0x00000040  x3=0x00000008
     478035.000 ns	     47802	80009dc0	00dfc533	xor	x10,x31,x13	 x31:0x00000001 x13:0x00000000 x10=0x00000001
     478055.000 ns	     47804	80009dc4	f0008e53	fmv.w.x	f28,x1	  x1:0x00000000 f28=0x00000000
     478075.000 ns	     47806	80009dc8	004fdb13	srli	x22,x31,0x4	 x31:0x00000001 x22=0x00000000
     478095.000 ns	     47808	80009dcc	a0e42cd3	feq.s	x25,f8,f14	  f8:0x7fc00000 f14:0x00000000 x25=0x00000000
     478115.000 ns	     47810	80009dd0	006b1233	sll	x4,x22,x6	 x22:0x00000000  x6:0xfffffed8  x4=0x00000000
     478135.000 ns	     47812	80009dd4	a16d9453	flt.s	x8,f27,f22	 f27:0x00000000 f22:0x00000000  x8=0x00000000
     478155.000 ns	     47814	80009dd8	0156d993	srli	x19,x13,0x15	 x13:0x00000000 x19=0x00000000
     478175.000 ns	     47816	80009ddc	21640253	fsgnj.s	f4,f8,f22	  f8:0x7fc00000 f22:0x00000000  f4=0x7fc00000
     478195.000 ns	     47818	80009de0	00af5093	srli	x1,x30,0xa	 x30:0x00000005  x1=0x00000000
     478205.000 ns	     47819	80009de4	01c8f733	and	x14,x17,x28	 x17:0x80040fe4 x28:0x80041024 x14=0x80040024
     478225.000 ns	     47821	80009de8	a0908b53	fle.s	x22,f1,f9	  f1:0xff800000  f9:0x43c98000 x22=0x00000001
     478245.000 ns	     47823	80009dec	41abd693	srai	x13,x23,0x1a	 x23:0x00000000 x13=0x00000000
     478275.000 ns	     47826	80009df0	1129f553	fmul.s	f10,f19,f18	 f19:0x00000000 f18:0x80000000 f10=0x80000000
     478305.000 ns	     47829	80009df4	f0090253	fmv.w.x	f4,x18	 x18:0x00000001  f4=0x00000001
     478335.000 ns	     47832	80009df8	e0018453	fmv.x.w	x8,f3	  f3:0x00000000  x8=0x00000000
     478365.000 ns	     47835	80009dfc	03950033	mul	x0,x10,x25	 x10:0x00000001 x25:0x00000000
     478385.000 ns	     47837	80009e00	44b9fc13	andi	x24,x19,1099	 x19:0x00000000 x24=0x00000000
     478405.000 ns	     47839	80009e04	e00700d3	fmv.x.w	x1,f14	 f14:0x00000000  x1=0x00000000
     478425.000 ns	     47841	80009e08	00265833	srl	x16,x12,x2	 x12:0x00000000  x2:0x00000040 x16=0x00000000
     478435.000 ns	     47842	80009e0c	01285d93	srli	x27,x16,0x12	 x16:0x00000000 x27=0x00000000
     478445.000 ns	     47843	80009e10	009bda33	srl	x20,x23,x9	 x23:0x00000000  x9:0xfc00207f x20=0x00000000
     478805.000 ns	     47879	80009e14	02917a33	remu	x20,x2,x9	  x2:0x00000040  x9:0xfc00207f x20=0x00000040
     478835.000 ns	     47882	80009e18	28e00ad3	fmin.s	f21,f0,f14	  f0:0x00000000 f14:0x00000000 f21=0x00000000
     478855.000 ns	     47884	80009e1c	0027c0b3	xor	x1,x15,x2	 x15:0x00000000  x2:0x00000040  x1=0x00000040
     478865.000 ns	     47885	80009e20	0122ddb3	srl	x27,x5,x18	  x5:0x00000000 x18:0x00000001 x27=0x00000000
     478885.000 ns	     47887	80009e24	03ac5933	divu	x18,x24,x26	 x24:0x00000000 x26:0x00000000 x18=0xffffffff
     478925.000 ns	     47891	80009e28	196bced3	fdiv.s	f29,f23,f22	 f23:0x80000000 f22:0x00000000 f29=0x7fc00000
     478965.000 ns	     47895	80009e2c	580a4ed3	fsqrt.s	f29,f20	 f20:0x80000000 f29=0x80000000
     478995.000 ns	     47898	80009e30	034c2b33	mulhsu	x22,x24,x20	 x24:0x00000000 x20:0x00000040 x22=0x00000000
     479015.000 ns	     47900	80009e34	a33ec813	xori	x16,x29,-1485	 x29:0x7ffbef00 x16=0x80041533
     479035.000 ns	     47902	80009e38	027710b3	mulh	x1,x14,x7	 x14:0x80040024  x7:0x00000010  x1=0xfffffff8
     479055.000 ns	     47904	80009e3c	00760ab3	add	x21,x12,x7	 x12:0x00000000  x7:0x00000010 x21=0x00000010
     479095.000 ns	     47908	80009e40	0979f953	fsub.s	f18,f19,f23	 f19:0x00000000 f23:0x80000000 f18=0x00000000
     479115.000 ns	     47910	80009e44	41355513	srai	x10,x10,0x13	 x10:0x00000001 x10=0x00000000
     479475.000 ns	     47946	80009e48	026171b3	remu	x3,x2,x6	  x2:0x00000040  x6:0xfffffed8  x3=0x00000040
     479505.000 ns	     47949	80009e4c	21c8ae53	fsgnjx.s	f28,f17,f28	 f17:0x00000000 f28:0x00000000 f28=0x00000000
     479525.000 ns	     47951	80009e50	29371437	lui	x8,0x29371	  x8=0x29371000
     479535.000 ns	     47952	80009e54	011c6433	or	x8,x24,x17	 x24:0x00000000 x17:0x80040fe4  x8=0x80040fe4
     479555.000 ns	     47954	80009e58	d01ff753	fcvt.s.wu	f14,x31	 x31:0x00000001 f14=0x3f800000
     479585.000 ns	     47957	80009e5c	021521b3	mulhsu	x3,x10,x1	 x10:0x00000000  x1:0xfffffff8  x3=0x00000000
     479625.000 ns	     47961	80009e60	11a1fb53	fmul.s	f22,f3,f26	  f3:0x00000000 f26:0xff800000 f22=0x7fc00000
     479655.000 ns	     47964	80009e64	287b8153	fmin.s	f2,f23,f7	 f23:0x80000000  f7:0x00000000  f2=0x80000000
     479685.000 ns	     47967	80009e68	20beaed3	fsgnjx.s	f29,f29,f11	 f29:0x80000000 f11:0x00000000 f29=0x80000000
     480055.000 ns	     48004	80009e6c	03c069b3	rem	x19,x0,x28	  x0:0x00000000 x28:0x80041024 x19=0x00000000
     480075.000 ns	     48006	80009e70	eb184397	auipc	x7,0xeb184	  x7=0x6b18de70
     480095.000 ns	     48008	80009e74	e00e85d3	fmv.x.w	x11,f29	 f29:0x80000000 x11=0x80000000
     480125.000 ns	     48011	80009e78	21501453	fsgnjn.s	f8,f0,f21	  f0:0x00000000 f21:0x00000000  f8=0x80000000
     480145.000 ns	     48013	80009e7c	0195e3b3	or	x7,x11,x25	 x11:0x80000000 x25:0x00000000  x7=0x80000000
     480175.000 ns	     48016	80009e80	580477d3	fsqrt.s	f15,f8	  f8:0x80000000 f15=0x80000000
     480215.000 ns	     48020	80009e84	109ef753	fmul.s	f14,f29,f9	 f29:0x80000000  f9:0x43c98000 f14=0x80000000
     480235.000 ns	     48022	80009e88	0115ea33	or	x20,x11,x17	 x11:0x80000000 x17:0x80040fe4 x20=0x80040fe4
     480245.000 ns	     48023	80009e8c	40675393	srai	x7,x14,0x6	 x14:0x80040024  x7=0xfe001000
     480255.000 ns	     48024	80009e90	417c5213	srai	x4,x24,0x17	 x24:0x00000000  x4=0x00000000
     480285.000 ns	     48027	80009e94	186a7853	fdiv.s	f16,f20,f6	 f20:0x80000000  f6:0x00000000 f16=0x7fc00000
     480305.000 ns	     48029	80009e98	011c1993	slli	x19,x24,0x11	 x24:0x00000000 x19=0x00000000
     480315.000 ns	     48030	80009e9c	00115b33	srl	x22,x2,x1	  x2:0x00000040  x1:0xfffffff8 x22=0x00000000
     480325.000 ns	     48031	80009ea0	400ad3b3	sra	x7,x21,x0	 x21:0x00000010  x0:0x00000000  x7=0x00000010
     480335.000 ns	     48032	80009ea4	003162b3	or	x5,x2,x3	  x2:0x00000040  x3:0x00000000  x5=0x00000040
     480355.000 ns	     48034	80009ea8	024c1d33	mulh	x26,x24,x4	 x24:0x00000000  x4:0x00000000 x26=0x00000000
     480375.000 ns	     48036	80009eac	40035e93	srai	x29,x6,0x0	  x6:0xfffffed8 x29=0xfffffed8
     480395.000 ns	     48038	80009eb0	03ab3fb3	mulhu	x31,x22,x26	 x22:0x00000000 x26:0x00000000 x31=0x00000000
     480415.000 ns	     48040	80009eb4	2f44bc17	auipc	x24,0x2f44b	 x24=0xaf454eb4
     480425.000 ns	     48041	80009eb8	00000f17	auipc	x30,0x0	 x30=0x80009eb8
     480435.000 ns	     48042	80009ebc	00cf0f13	addi	x30,x30,12	 x30:0x00000005 x30=0x80009ec4
     480445.000 ns	     48043	80009ec0	000f0067	jalr	x0,x30,0	 x30:0x00000005
     480495.000 ns	     48048	80009ec4	00100193	addi	x3,x0,1	  x0:0x00000000  x3=0x00000001
     480505.000 ns	     48049	80009ec8	00000073	ecall	
     480515.000 ns	     48050	80009ecc	00036f17	auipc	x30,0x36	 x30=0x8003fecc
     480525.000 ns	     48051	80009ed0	123f2a23	sw	x3,308(x30)	 x30:0x80009ec4  x3:0x00000001 PA:0xxxxxxxxx
     480545.000 ns	     48053	80009ed4	ff9ff06f	jal	x0,80009ed0	
     480595.000 ns	     48058	80009ecc	00036f17	auipc	x30,0x36	 x30=0x8003fecc
     480605.000 ns	     48059	80009ed0	123f2a23	sw	x3,308(x30)	 x30:0x8003fecc  x3:0x00000001 PA:0xxxxxxxxx
     480625.000 ns	     48061	80009ed4	ff9ff06f	jal	x0,80009ed0	
     480675.000 ns	     48066	80009ecc	00036f17	auipc	x30,0x36	 x30=0x8003fecc
     480685.000 ns	     48067	80009ed0	123f2a23	sw	x3,308(x30)	 x30:0x8003fecc  x3:0x00000001 PA:0xxxxxxxxx
     480705.000 ns	     48069	80009ed4	ff9ff06f	jal	x0,80009ed0	
     480755.000 ns	     48074	80009ecc	00036f17	auipc	x30,0x36	 x30=0x8003fecc
     480765.000 ns	     48075	80009ed0	123f2a23	sw	x3,308(x30)	 x30:0x8003fecc  x3:0x00000001 PA:0xxxxxxxxx
     480785.000 ns	     48077	80009ed4	ff9ff06f	jal	x0,80009ed0	
     480835.000 ns	     48082	80009ecc	00036f17	auipc	x30,0x36	 x30=0x8003fecc
     480845.000 ns	     48083	80009ed0	123f2a23	sw	x3,308(x30)	 x30:0x8003fecc  x3:0x00000001 PA:0xxxxxxxxx
     480865.000 ns	     48085	80009ed4	ff9ff06f	jal	x0,80009ed0	
     480915.000 ns	     48090	80009ecc	00036f17	auipc	x30,0x36	 x30=0x8003fecc
     480925.000 ns	     48091	80009ed0	123f2a23	sw	x3,308(x30)	 x30:0x8003fecc  x3:0x00000001 PA:0xxxxxxxxx
     480945.000 ns	     48093	80009ed4	ff9ff06f	jal	x0,80009ed0	
     480995.000 ns	     48098	80009ecc	00036f17	auipc	x30,0x36	 x30=0x8003fecc
     481005.000 ns	     48099	80009ed0	123f2a23	sw	x3,308(x30)	 x30:0x8003fecc  x3:0x00000001 PA:0xxxxxxxxx
     481025.000 ns	     48101	80009ed4	ff9ff06f	jal	x0,80009ed0	
     481075.000 ns	     48106	80009ecc	00036f17	auipc	x30,0x36	 x30=0x8003fecc
     481085.000 ns	     48107	80009ed0	123f2a23	sw	x3,308(x30)	 x30:0x8003fecc  x3:0x00000001 PA:0xxxxxxxxx
     481105.000 ns	     48109	80009ed4	ff9ff06f	jal	x0,80009ed0	
     481155.000 ns	     48114	80009ecc	00036f17	auipc	x30,0x36	 x30=0x8003fecc
     481165.000 ns	     48115	80009ed0	123f2a23	sw	x3,308(x30)	 x30:0x8003fecc  x3:0x00000001 PA:0xxxxxxxxx
     481185.000 ns	     48117	80009ed4	ff9ff06f	jal	x0,80009ed0	
     481235.000 ns	     48122	80009ecc	00036f17	auipc	x30,0x36	 x30=0x8003fecc
     481245.000 ns	     48123	80009ed0	123f2a23	sw	x3,308(x30)	 x30:0x8003fecc  x3:0x00000001 PA:0xxxxxxxxx
     481265.000 ns	     48125	80009ed4	ff9ff06f	jal	x0,80009ed0	
     481315.000 ns	     48130	80009ecc	00036f17	auipc	x30,0x36	 x30=0x8003fecc
     481325.000 ns	     48131	80009ed0	123f2a23	sw	x3,308(x30)	 x30:0x8003fecc  x3:0x00000001 PA:0xxxxxxxxx
     481345.000 ns	     48133	80009ed4	ff9ff06f	jal	x0,80009ed0	
     481395.000 ns	     48138	80009ecc	00036f17	auipc	x30,0x36	 x30=0x8003fecc
     481405.000 ns	     48139	80009ed0	123f2a23	sw	x3,308(x30)	 x30:0x8003fecc  x3:0x00000001 PA:0xxxxxxxxx
     481425.000 ns	     48141	80009ed4	ff9ff06f	jal	x0,80009ed0	
     481475.000 ns	     48146	80009ecc	00036f17	auipc	x30,0x36	 x30=0x8003fecc
     481485.000 ns	     48147	80009ed0	123f2a23	sw	x3,308(x30)	 x30:0x8003fecc  x3:0x00000001 PA:0xxxxxxxxx
     481505.000 ns	     48149	80009ed4	ff9ff06f	jal	x0,80009ed0	
     481555.000 ns	     48154	80009ecc	00036f17	auipc	x30,0x36	 x30=0x8003fecc
     481565.000 ns	     48155	80009ed0	123f2a23	sw	x3,308(x30)	 x30:0x8003fecc  x3:0x00000001 PA:0xxxxxxxxx
     481585.000 ns	     48157	80009ed4	ff9ff06f	jal	x0,80009ed0	
     481635.000 ns	     48162	80009ecc	00036f17	auipc	x30,0x36	 x30=0x8003fecc
     481645.000 ns	     48163	80009ed0	123f2a23	sw	x3,308(x30)	 x30:0x8003fecc  x3:0x00000001 PA:0xxxxxxxxx
     481665.000 ns	     48165	80009ed4	ff9ff06f	jal	x0,80009ed0	
     481715.000 ns	     48170	80009ecc	00036f17	auipc	x30,0x36	 x30=0x8003fecc
     481725.000 ns	     48171	80009ed0	123f2a23	sw	x3,308(x30)	 x30:0x8003fecc  x3:0x00000001 PA:0xxxxxxxxx
     481745.000 ns	     48173	80009ed4	ff9ff06f	jal	x0,80009ed0	
     481795.000 ns	     48178	80009ecc	00036f17	auipc	x30,0x36	 x30=0x8003fecc
     481805.000 ns	     48179	80009ed0	123f2a23	sw	x3,308(x30)	 x30:0x8003fecc  x3:0x00000001 PA:0xxxxxxxxx
     481825.000 ns	     48181	80009ed4	ff9ff06f	jal	x0,80009ed0	
     481875.000 ns	     48186	80009ecc	00036f17	auipc	x30,0x36	 x30=0x8003fecc
     481885.000 ns	     48187	80009ed0	123f2a23	sw	x3,308(x30)	 x30:0x8003fecc  x3:0x00000001 PA:0xxxxxxxxx
     481905.000 ns	     48189	80009ed4	ff9ff06f	jal	x0,80009ed0	
     481955.000 ns	     48194	80009ecc	00036f17	auipc	x30,0x36	 x30=0x8003fecc
     481965.000 ns	     48195	80009ed0	123f2a23	sw	x3,308(x30)	 x30:0x8003fecc  x3:0x00000001 PA:0xxxxxxxxx
     481985.000 ns	     48197	80009ed4	ff9ff06f	jal	x0,80009ed0	
     482035.000 ns	     48202	80009ecc	00036f17	auipc	x30,0x36	 x30=0x8003fecc
     482045.000 ns	     48203	80009ed0	123f2a23	sw	x3,308(x30)	 x30:0x8003fecc  x3:0x00000001 PA:0xxxxxxxxx
     482065.000 ns	     48205	80009ed4	ff9ff06f	jal	x0,80009ed0	
     482115.000 ns	     48210	80009ecc	00036f17	auipc	x30,0x36	 x30=0x8003fecc
     482125.000 ns	     48211	80009ed0	123f2a23	sw	x3,308(x30)	 x30:0x8003fecc  x3:0x00000001 PA:0xxxxxxxxx
     482145.000 ns	     48213	80009ed4	ff9ff06f	jal	x0,80009ed0	
     482195.000 ns	     48218	80009ecc	00036f17	auipc	x30,0x36	 x30=0x8003fecc
     482205.000 ns	     48219	80009ed0	123f2a23	sw	x3,308(x30)	 x30:0x8003fecc  x3:0x00000001 PA:0xxxxxxxxx
     482225.000 ns	     48221	80009ed4	ff9ff06f	jal	x0,80009ed0	
     482275.000 ns	     48226	80009ecc	00036f17	auipc	x30,0x36	 x30=0x8003fecc
     482285.000 ns	     48227	80009ed0	123f2a23	sw	x3,308(x30)	 x30:0x8003fecc  x3:0x00000001 PA:0xxxxxxxxx
     482305.000 ns	     48229	80009ed4	ff9ff06f	jal	x0,80009ed0	
     482355.000 ns	     48234	80009ecc	00036f17	auipc	x30,0x36	 x30=0x8003fecc
     482365.000 ns	     48235	80009ed0	123f2a23	sw	x3,308(x30)	 x30:0x8003fecc  x3:0x00000001 PA:0xxxxxxxxx
     482385.000 ns	     48237	80009ed4	ff9ff06f	jal	x0,80009ed0	
     482435.000 ns	     48242	80009ecc	00036f17	auipc	x30,0x36	 x30=0x8003fecc
     482445.000 ns	     48243	80009ed0	123f2a23	sw	x3,308(x30)	 x30:0x8003fecc  x3:0x00000001 PA:0xxxxxxxxx
     482465.000 ns	     48245	80009ed4	ff9ff06f	jal	x0,80009ed0	
     482515.000 ns	     48250	80009ecc	00036f17	auipc	x30,0x36	 x30=0x8003fecc
     482525.000 ns	     48251	80009ed0	123f2a23	sw	x3,308(x30)	 x30:0x8003fecc  x3:0x00000001 PA:0xxxxxxxxx
     482545.000 ns	     48253	80009ed4	ff9ff06f	jal	x0,80009ed0	
     482595.000 ns	     48258	80009ecc	00036f17	auipc	x30,0x36	 x30=0x8003fecc
     482605.000 ns	     48259	80009ed0	123f2a23	sw	x3,308(x30)	 x30:0x8003fecc  x3:0x00000001 PA:0xxxxxxxxx
     482625.000 ns	     48261	80009ed4	ff9ff06f	jal	x0,80009ed0	
     482675.000 ns	     48266	80009ecc	00036f17	auipc	x30,0x36	 x30=0x8003fecc
     482685.000 ns	     48267	80009ed0	123f2a23	sw	x3,308(x30)	 x30:0x8003fecc  x3:0x00000001 PA:0xxxxxxxxx
     482705.000 ns	     48269	80009ed4	ff9ff06f	jal	x0,80009ed0	
     482755.000 ns	     48274	80009ecc	00036f17	auipc	x30,0x36	 x30=0x8003fecc
     482765.000 ns	     48275	80009ed0	123f2a23	sw	x3,308(x30)	 x30:0x8003fecc  x3:0x00000001 PA:0xxxxxxxxx
     482785.000 ns	     48277	80009ed4	ff9ff06f	jal	x0,80009ed0	
     482835.000 ns	     48282	80009ecc	00036f17	auipc	x30,0x36	 x30=0x8003fecc
     482845.000 ns	     48283	80009ed0	123f2a23	sw	x3,308(x30)	 x30:0x8003fecc  x3:0x00000001 PA:0xxxxxxxxx
     482865.000 ns	     48285	80009ed4	ff9ff06f	jal	x0,80009ed0	
     482915.000 ns	     48290	80009ecc	00036f17	auipc	x30,0x36	 x30=0x8003fecc
     482925.000 ns	     48291	80009ed0	123f2a23	sw	x3,308(x30)	 x30:0x8003fecc  x3:0x00000001 PA:0xxxxxxxxx
     482945.000 ns	     48293	80009ed4	ff9ff06f	jal	x0,80009ed0	
     482995.000 ns	     48298	80009ecc	00036f17	auipc	x30,0x36	 x30=0x8003fecc
     483005.000 ns	     48299	80009ed0	123f2a23	sw	x3,308(x30)	 x30:0x8003fecc  x3:0x00000001 PA:0xxxxxxxxx
     483025.000 ns	     48301	80009ed4	ff9ff06f	jal	x0,80009ed0	
     483075.000 ns	     48306	80009ecc	00036f17	auipc	x30,0x36	 x30=0x8003fecc
     483085.000 ns	     48307	80009ed0	123f2a23	sw	x3,308(x30)	 x30:0x8003fecc  x3:0x00000001 PA:0xxxxxxxxx
     483105.000 ns	     48309	80009ed4	ff9ff06f	jal	x0,80009ed0	
     483155.000 ns	     48314	80009ecc	00036f17	auipc	x30,0x36	 x30=0x8003fecc
     483165.000 ns	     48315	80009ed0	123f2a23	sw	x3,308(x30)	 x30:0x8003fecc  x3:0x00000001 PA:0xxxxxxxxx
     483185.000 ns	     48317	80009ed4	ff9ff06f	jal	x0,80009ed0	
     483235.000 ns	     48322	80009ecc	00036f17	auipc	x30,0x36	 x30=0x8003fecc
     483245.000 ns	     48323	80009ed0	123f2a23	sw	x3,308(x30)	 x30:0x8003fecc  x3:0x00000001 PA:0xxxxxxxxx
     483265.000 ns	     48325	80009ed4	ff9ff06f	jal	x0,80009ed0	
     483315.000 ns	     48330	80009ecc	00036f17	auipc	x30,0x36	 x30=0x8003fecc
     483325.000 ns	     48331	80009ed0	123f2a23	sw	x3,308(x30)	 x30:0x8003fecc  x3:0x00000001 PA:0xxxxxxxxx
     483345.000 ns	     48333	80009ed4	ff9ff06f	jal	x0,80009ed0	
     483395.000 ns	     48338	80009ecc	00036f17	auipc	x30,0x36	 x30=0x8003fecc
     483405.000 ns	     48339	80009ed0	123f2a23	sw	x3,308(x30)	 x30:0x8003fecc  x3:0x00000001 PA:0xxxxxxxxx
     483425.000 ns	     48341	80009ed4	ff9ff06f	jal	x0,80009ed0	
     483475.000 ns	     48346	80009ecc	00036f17	auipc	x30,0x36	 x30=0x8003fecc
     483485.000 ns	     48347	80009ed0	123f2a23	sw	x3,308(x30)	 x30:0x8003fecc  x3:0x00000001 PA:0xxxxxxxxx
     483505.000 ns	     48349	80009ed4	ff9ff06f	jal	x0,80009ed0	
     483555.000 ns	     48354	80009ecc	00036f17	auipc	x30,0x36	 x30=0x8003fecc
     483565.000 ns	     48355	80009ed0	123f2a23	sw	x3,308(x30)	 x30:0x8003fecc  x3:0x00000001 PA:0xxxxxxxxx
     483585.000 ns	     48357	80009ed4	ff9ff06f	jal	x0,80009ed0	
     483635.000 ns	     48362	80009ecc	00036f17	auipc	x30,0x36	 x30=0x8003fecc
     483645.000 ns	     48363	80009ed0	123f2a23	sw	x3,308(x30)	 x30:0x8003fecc  x3:0x00000001 PA:0xxxxxxxxx
     483665.000 ns	     48365	80009ed4	ff9ff06f	jal	x0,80009ed0	
     483715.000 ns	     48370	80009ecc	00036f17	auipc	x30,0x36	 x30=0x8003fecc
     483725.000 ns	     48371	80009ed0	123f2a23	sw	x3,308(x30)	 x30:0x8003fecc  x3:0x00000001 PA:0xxxxxxxxx
     483745.000 ns	     48373	80009ed4	ff9ff06f	jal	x0,80009ed0	
     483795.000 ns	     48378	80009ecc	00036f17	auipc	x30,0x36	 x30=0x8003fecc
     483805.000 ns	     48379	80009ed0	123f2a23	sw	x3,308(x30)	 x30:0x8003fecc  x3:0x00000001 PA:0xxxxxxxxx
     483825.000 ns	     48381	80009ed4	ff9ff06f	jal	x0,80009ed0	
     483875.000 ns	     48386	80009ecc	00036f17	auipc	x30,0x36	 x30=0x8003fecc
     483885.000 ns	     48387	80009ed0	123f2a23	sw	x3,308(x30)	 x30:0x8003fecc  x3:0x00000001 PA:0xxxxxxxxx
     483905.000 ns	     48389	80009ed4	ff9ff06f	jal	x0,80009ed0	
     483955.000 ns	     48394	80009ecc	00036f17	auipc	x30,0x36	 x30=0x8003fecc
     483965.000 ns	     48395	80009ed0	123f2a23	sw	x3,308(x30)	 x30:0x8003fecc  x3:0x00000001 PA:0xxxxxxxxx
     483985.000 ns	     48397	80009ed4	ff9ff06f	jal	x0,80009ed0	
     484035.000 ns	     48402	80009ecc	00036f17	auipc	x30,0x36	 x30=0x8003fecc
     484045.000 ns	     48403	80009ed0	123f2a23	sw	x3,308(x30)	 x30:0x8003fecc  x3:0x00000001 PA:0xxxxxxxxx
     484065.000 ns	     48405	80009ed4	ff9ff06f	jal	x0,80009ed0	
     484115.000 ns	     48410	80009ecc	00036f17	auipc	x30,0x36	 x30=0x8003fecc
     484125.000 ns	     48411	80009ed0	123f2a23	sw	x3,308(x30)	 x30:0x8003fecc  x3:0x00000001 PA:0xxxxxxxxx
     484145.000 ns	     48413	80009ed4	ff9ff06f	jal	x0,80009ed0	
     484195.000 ns	     48418	80009ecc	00036f17	auipc	x30,0x36	 x30=0x8003fecc
     484205.000 ns	     48419	80009ed0	123f2a23	sw	x3,308(x30)	 x30:0x8003fecc  x3:0x00000001 PA:0xxxxxxxxx
     484225.000 ns	     48421	80009ed4	ff9ff06f	jal	x0,80009ed0	
     484275.000 ns	     48426	80009ecc	00036f17	auipc	x30,0x36	 x30=0x8003fecc
     484285.000 ns	     48427	80009ed0	123f2a23	sw	x3,308(x30)	 x30:0x8003fecc  x3:0x00000001 PA:0xxxxxxxxx
     484305.000 ns	     48429	80009ed4	ff9ff06f	jal	x0,80009ed0	
     484355.000 ns	     48434	80009ecc	00036f17	auipc	x30,0x36	 x30=0x8003fecc
     484365.000 ns	     48435	80009ed0	123f2a23	sw	x3,308(x30)	 x30:0x8003fecc  x3:0x00000001 PA:0xxxxxxxxx
     484385.000 ns	     48437	80009ed4	ff9ff06f	jal	x0,80009ed0	
     484435.000 ns	     48442	80009ecc	00036f17	auipc	x30,0x36	 x30=0x8003fecc
     484445.000 ns	     48443	80009ed0	123f2a23	sw	x3,308(x30)	 x30:0x8003fecc  x3:0x00000001 PA:0xxxxxxxxx
     484465.000 ns	     48445	80009ed4	ff9ff06f	jal	x0,80009ed0	
     484515.000 ns	     48450	80009ecc	00036f17	auipc	x30,0x36	 x30=0x8003fecc
     484525.000 ns	     48451	80009ed0	123f2a23	sw	x3,308(x30)	 x30:0x8003fecc  x3:0x00000001 PA:0xxxxxxxxx
     484545.000 ns	     48453	80009ed4	ff9ff06f	jal	x0,80009ed0	
     484595.000 ns	     48458	80009ecc	00036f17	auipc	x30,0x36	 x30=0x8003fecc
     484605.000 ns	     48459	80009ed0	123f2a23	sw	x3,308(x30)	 x30:0x8003fecc  x3:0x00000001 PA:0xxxxxxxxx
     484625.000 ns	     48461	80009ed4	ff9ff06f	jal	x0,80009ed0	
     484675.000 ns	     48466	80009ecc	00036f17	auipc	x30,0x36	 x30=0x8003fecc
     484685.000 ns	     48467	80009ed0	123f2a23	sw	x3,308(x30)	 x30:0x8003fecc  x3:0x00000001 PA:0xxxxxxxxx
     484705.000 ns	     48469	80009ed4	ff9ff06f	jal	x0,80009ed0	
     484755.000 ns	     48474	80009ecc	00036f17	auipc	x30,0x36	 x30=0x8003fecc
     484765.000 ns	     48475	80009ed0	123f2a23	sw	x3,308(x30)	 x30:0x8003fecc  x3:0x00000001 PA:0xxxxxxxxx
     484785.000 ns	     48477	80009ed4	ff9ff06f	jal	x0,80009ed0	
     484835.000 ns	     48482	80009ecc	00036f17	auipc	x30,0x36	 x30=0x8003fecc
     484845.000 ns	     48483	80009ed0	123f2a23	sw	x3,308(x30)	 x30:0x8003fecc  x3:0x00000001 PA:0xxxxxxxxx
     484865.000 ns	     48485	80009ed4	ff9ff06f	jal	x0,80009ed0	
     484915.000 ns	     48490	80009ecc	00036f17	auipc	x30,0x36	 x30=0x8003fecc
     484925.000 ns	     48491	80009ed0	123f2a23	sw	x3,308(x30)	 x30:0x8003fecc  x3:0x00000001 PA:0xxxxxxxxx
     484945.000 ns	     48493	80009ed4	ff9ff06f	jal	x0,80009ed0	
     484995.000 ns	     48498	80009ecc	00036f17	auipc	x30,0x36	 x30=0x8003fecc
     485005.000 ns	     48499	80009ed0	123f2a23	sw	x3,308(x30)	 x30:0x8003fecc  x3:0x00000001 PA:0xxxxxxxxx
     485025.000 ns	     48501	80009ed4	ff9ff06f	jal	x0,80009ed0	
     485075.000 ns	     48506	80009ecc	00036f17	auipc	x30,0x36	 x30=0x8003fecc
     485085.000 ns	     48507	80009ed0	123f2a23	sw	x3,308(x30)	 x30:0x8003fecc  x3:0x00000001 PA:0xxxxxxxxx
     485105.000 ns	     48509	80009ed4	ff9ff06f	jal	x0,80009ed0	
     485155.000 ns	     48514	80009ecc	00036f17	auipc	x30,0x36	 x30=0x8003fecc
     485165.000 ns	     48515	80009ed0	123f2a23	sw	x3,308(x30)	 x30:0x8003fecc  x3:0x00000001 PA:0xxxxxxxxx
     485185.000 ns	     48517	80009ed4	ff9ff06f	jal	x0,80009ed0	
     485235.000 ns	     48522	80009ecc	00036f17	auipc	x30,0x36	 x30=0x8003fecc
     485245.000 ns	     48523	80009ed0	123f2a23	sw	x3,308(x30)	 x30:0x8003fecc  x3:0x00000001 PA:0xxxxxxxxx
     485265.000 ns	     48525	80009ed4	ff9ff06f	jal	x0,80009ed0	
     485315.000 ns	     48530	80009ecc	00036f17	auipc	x30,0x36	 x30=0x8003fecc
     485325.000 ns	     48531	80009ed0	123f2a23	sw	x3,308(x30)	 x30:0x8003fecc  x3:0x00000001 PA:0xxxxxxxxx
     485345.000 ns	     48533	80009ed4	ff9ff06f	jal	x0,80009ed0	
     485395.000 ns	     48538	80009ecc	00036f17	auipc	x30,0x36	 x30=0x8003fecc
     485405.000 ns	     48539	80009ed0	123f2a23	sw	x3,308(x30)	 x30:0x8003fecc  x3:0x00000001 PA:0xxxxxxxxx
     485425.000 ns	     48541	80009ed4	ff9ff06f	jal	x0,80009ed0	
     485475.000 ns	     48546	80009ecc	00036f17	auipc	x30,0x36	 x30=0x8003fecc
     485485.000 ns	     48547	80009ed0	123f2a23	sw	x3,308(x30)	 x30:0x8003fecc  x3:0x00000001 PA:0xxxxxxxxx
     485505.000 ns	     48549	80009ed4	ff9ff06f	jal	x0,80009ed0	
     485555.000 ns	     48554	80009ecc	00036f17	auipc	x30,0x36	 x30=0x8003fecc
     485565.000 ns	     48555	80009ed0	123f2a23	sw	x3,308(x30)	 x30:0x8003fecc  x3:0x00000001 PA:0xxxxxxxxx
     485585.000 ns	     48557	80009ed4	ff9ff06f	jal	x0,80009ed0	
     485635.000 ns	     48562	80009ecc	00036f17	auipc	x30,0x36	 x30=0x8003fecc
     485645.000 ns	     48563	80009ed0	123f2a23	sw	x3,308(x30)	 x30:0x8003fecc  x3:0x00000001 PA:0xxxxxxxxx
     485665.000 ns	     48565	80009ed4	ff9ff06f	jal	x0,80009ed0	
     485715.000 ns	     48570	80009ecc	00036f17	auipc	x30,0x36	 x30=0x8003fecc
     485725.000 ns	     48571	80009ed0	123f2a23	sw	x3,308(x30)	 x30:0x8003fecc  x3:0x00000001 PA:0xxxxxxxxx
     485745.000 ns	     48573	80009ed4	ff9ff06f	jal	x0,80009ed0	
     485795.000 ns	     48578	80009ecc	00036f17	auipc	x30,0x36	 x30=0x8003fecc
     485805.000 ns	     48579	80009ed0	123f2a23	sw	x3,308(x30)	 x30:0x8003fecc  x3:0x00000001 PA:0xxxxxxxxx
     485825.000 ns	     48581	80009ed4	ff9ff06f	jal	x0,80009ed0	
     485875.000 ns	     48586	80009ecc	00036f17	auipc	x30,0x36	 x30=0x8003fecc
     485885.000 ns	     48587	80009ed0	123f2a23	sw	x3,308(x30)	 x30:0x8003fecc  x3:0x00000001 PA:0xxxxxxxxx
     485905.000 ns	     48589	80009ed4	ff9ff06f	jal	x0,80009ed0	
     485955.000 ns	     48594	80009ecc	00036f17	auipc	x30,0x36	 x30=0x8003fecc
     485965.000 ns	     48595	80009ed0	123f2a23	sw	x3,308(x30)	 x30:0x8003fecc  x3:0x00000001 PA:0xxxxxxxxx
     485985.000 ns	     48597	80009ed4	ff9ff06f	jal	x0,80009ed0	
     486035.000 ns	     48602	80009ecc	00036f17	auipc	x30,0x36	 x30=0x8003fecc
     486045.000 ns	     48603	80009ed0	123f2a23	sw	x3,308(x30)	 x30:0x8003fecc  x3:0x00000001 PA:0xxxxxxxxx
     486065.000 ns	     48605	80009ed4	ff9ff06f	jal	x0,80009ed0	
     486115.000 ns	     48610	80009ecc	00036f17	auipc	x30,0x36	 x30=0x8003fecc
     486125.000 ns	     48611	80009ed0	123f2a23	sw	x3,308(x30)	 x30:0x8003fecc  x3:0x00000001 PA:0xxxxxxxxx
     486145.000 ns	     48613	80009ed4	ff9ff06f	jal	x0,80009ed0	
     486195.000 ns	     48618	80009ecc	00036f17	auipc	x30,0x36	 x30=0x8003fecc
     486205.000 ns	     48619	80009ed0	123f2a23	sw	x3,308(x30)	 x30:0x8003fecc  x3:0x00000001 PA:0xxxxxxxxx
     486225.000 ns	     48621	80009ed4	ff9ff06f	jal	x0,80009ed0	
     486275.000 ns	     48626	80009ecc	00036f17	auipc	x30,0x36	 x30=0x8003fecc
     486285.000 ns	     48627	80009ed0	123f2a23	sw	x3,308(x30)	 x30:0x8003fecc  x3:0x00000001 PA:0xxxxxxxxx
     486305.000 ns	     48629	80009ed4	ff9ff06f	jal	x0,80009ed0	
     486355.000 ns	     48634	80009ecc	00036f17	auipc	x30,0x36	 x30=0x8003fecc
     486365.000 ns	     48635	80009ed0	123f2a23	sw	x3,308(x30)	 x30:0x8003fecc  x3:0x00000001 PA:0xxxxxxxxx
     486385.000 ns	     48637	80009ed4	ff9ff06f	jal	x0,80009ed0	
     486435.000 ns	     48642	80009ecc	00036f17	auipc	x30,0x36	 x30=0x8003fecc
     486445.000 ns	     48643	80009ed0	123f2a23	sw	x3,308(x30)	 x30:0x8003fecc  x3:0x00000001 PA:0xxxxxxxxx
     486465.000 ns	     48645	80009ed4	ff9ff06f	jal	x0,80009ed0	
     486515.000 ns	     48650	80009ecc	00036f17	auipc	x30,0x36	 x30=0x8003fecc
     486525.000 ns	     48651	80009ed0	123f2a23	sw	x3,308(x30)	 x30:0x8003fecc  x3:0x00000001 PA:0xxxxxxxxx
     486545.000 ns	     48653	80009ed4	ff9ff06f	jal	x0,80009ed0	
     486595.000 ns	     48658	80009ecc	00036f17	auipc	x30,0x36	 x30=0x8003fecc
     486605.000 ns	     48659	80009ed0	123f2a23	sw	x3,308(x30)	 x30:0x8003fecc  x3:0x00000001 PA:0xxxxxxxxx
     486625.000 ns	     48661	80009ed4	ff9ff06f	jal	x0,80009ed0	
     486675.000 ns	     48666	80009ecc	00036f17	auipc	x30,0x36	 x30=0x8003fecc
     486685.000 ns	     48667	80009ed0	123f2a23	sw	x3,308(x30)	 x30:0x8003fecc  x3:0x00000001 PA:0xxxxxxxxx
     486705.000 ns	     48669	80009ed4	ff9ff06f	jal	x0,80009ed0	
     486755.000 ns	     48674	80009ecc	00036f17	auipc	x30,0x36	 x30=0x8003fecc
     486765.000 ns	     48675	80009ed0	123f2a23	sw	x3,308(x30)	 x30:0x8003fecc  x3:0x00000001 PA:0xxxxxxxxx
     486785.000 ns	     48677	80009ed4	ff9ff06f	jal	x0,80009ed0	
     486835.000 ns	     48682	80009ecc	00036f17	auipc	x30,0x36	 x30=0x8003fecc
     486845.000 ns	     48683	80009ed0	123f2a23	sw	x3,308(x30)	 x30:0x8003fecc  x3:0x00000001 PA:0xxxxxxxxx
     486865.000 ns	     48685	80009ed4	ff9ff06f	jal	x0,80009ed0	
     486915.000 ns	     48690	80009ecc	00036f17	auipc	x30,0x36	 x30=0x8003fecc
     486925.000 ns	     48691	80009ed0	123f2a23	sw	x3,308(x30)	 x30:0x8003fecc  x3:0x00000001 PA:0xxxxxxxxx
     486945.000 ns	     48693	80009ed4	ff9ff06f	jal	x0,80009ed0	
     486995.000 ns	     48698	80009ecc	00036f17	auipc	x30,0x36	 x30=0x8003fecc
     487005.000 ns	     48699	80009ed0	123f2a23	sw	x3,308(x30)	 x30:0x8003fecc  x3:0x00000001 PA:0xxxxxxxxx
     487025.000 ns	     48701	80009ed4	ff9ff06f	jal	x0,80009ed0	
     487075.000 ns	     48706	80009ecc	00036f17	auipc	x30,0x36	 x30=0x8003fecc
     487085.000 ns	     48707	80009ed0	123f2a23	sw	x3,308(x30)	 x30:0x8003fecc  x3:0x00000001 PA:0xxxxxxxxx
     487105.000 ns	     48709	80009ed4	ff9ff06f	jal	x0,80009ed0	
     487155.000 ns	     48714	80009ecc	00036f17	auipc	x30,0x36	 x30=0x8003fecc
     487165.000 ns	     48715	80009ed0	123f2a23	sw	x3,308(x30)	 x30:0x8003fecc  x3:0x00000001 PA:0xxxxxxxxx
     487185.000 ns	     48717	80009ed4	ff9ff06f	jal	x0,80009ed0	
     487235.000 ns	     48722	80009ecc	00036f17	auipc	x30,0x36	 x30=0x8003fecc
     487245.000 ns	     48723	80009ed0	123f2a23	sw	x3,308(x30)	 x30:0x8003fecc  x3:0x00000001 PA:0xxxxxxxxx
     487265.000 ns	     48725	80009ed4	ff9ff06f	jal	x0,80009ed0	
     487315.000 ns	     48730	80009ecc	00036f17	auipc	x30,0x36	 x30=0x8003fecc
     487325.000 ns	     48731	80009ed0	123f2a23	sw	x3,308(x30)	 x30:0x8003fecc  x3:0x00000001 PA:0xxxxxxxxx
     487345.000 ns	     48733	80009ed4	ff9ff06f	jal	x0,80009ed0	
     487395.000 ns	     48738	80009ecc	00036f17	auipc	x30,0x36	 x30=0x8003fecc
     487405.000 ns	     48739	80009ed0	123f2a23	sw	x3,308(x30)	 x30:0x8003fecc  x3:0x00000001 PA:0xxxxxxxxx
     487425.000 ns	     48741	80009ed4	ff9ff06f	jal	x0,80009ed0	
     487475.000 ns	     48746	80009ecc	00036f17	auipc	x30,0x36	 x30=0x8003fecc
     487485.000 ns	     48747	80009ed0	123f2a23	sw	x3,308(x30)	 x30:0x8003fecc  x3:0x00000001 PA:0xxxxxxxxx
     487505.000 ns	     48749	80009ed4	ff9ff06f	jal	x0,80009ed0	
     487555.000 ns	     48754	80009ecc	00036f17	auipc	x30,0x36	 x30=0x8003fecc
     487565.000 ns	     48755	80009ed0	123f2a23	sw	x3,308(x30)	 x30:0x8003fecc  x3:0x00000001 PA:0xxxxxxxxx
     487585.000 ns	     48757	80009ed4	ff9ff06f	jal	x0,80009ed0	
     487635.000 ns	     48762	80009ecc	00036f17	auipc	x30,0x36	 x30=0x8003fecc
     487645.000 ns	     48763	80009ed0	123f2a23	sw	x3,308(x30)	 x30:0x8003fecc  x3:0x00000001 PA:0xxxxxxxxx
     487665.000 ns	     48765	80009ed4	ff9ff06f	jal	x0,80009ed0	
     487715.000 ns	     48770	80009ecc	00036f17	auipc	x30,0x36	 x30=0x8003fecc
     487725.000 ns	     48771	80009ed0	123f2a23	sw	x3,308(x30)	 x30:0x8003fecc  x3:0x00000001 PA:0xxxxxxxxx
     487745.000 ns	     48773	80009ed4	ff9ff06f	jal	x0,80009ed0	
     487795.000 ns	     48778	80009ecc	00036f17	auipc	x30,0x36	 x30=0x8003fecc
     487805.000 ns	     48779	80009ed0	123f2a23	sw	x3,308(x30)	 x30:0x8003fecc  x3:0x00000001 PA:0xxxxxxxxx
     487825.000 ns	     48781	80009ed4	ff9ff06f	jal	x0,80009ed0	
     487875.000 ns	     48786	80009ecc	00036f17	auipc	x30,0x36	 x30=0x8003fecc
     487885.000 ns	     48787	80009ed0	123f2a23	sw	x3,308(x30)	 x30:0x8003fecc  x3:0x00000001 PA:0xxxxxxxxx
     487905.000 ns	     48789	80009ed4	ff9ff06f	jal	x0,80009ed0	
     487955.000 ns	     48794	80009ecc	00036f17	auipc	x30,0x36	 x30=0x8003fecc
     487965.000 ns	     48795	80009ed0	123f2a23	sw	x3,308(x30)	 x30:0x8003fecc  x3:0x00000001 PA:0xxxxxxxxx
     487985.000 ns	     48797	80009ed4	ff9ff06f	jal	x0,80009ed0	
     488035.000 ns	     48802	80009ecc	00036f17	auipc	x30,0x36	 x30=0x8003fecc
     488045.000 ns	     48803	80009ed0	123f2a23	sw	x3,308(x30)	 x30:0x8003fecc  x3:0x00000001 PA:0xxxxxxxxx
     488065.000 ns	     48805	80009ed4	ff9ff06f	jal	x0,80009ed0	
     488115.000 ns	     48810	80009ecc	00036f17	auipc	x30,0x36	 x30=0x8003fecc
     488125.000 ns	     48811	80009ed0	123f2a23	sw	x3,308(x30)	 x30:0x8003fecc  x3:0x00000001 PA:0xxxxxxxxx
     488145.000 ns	     48813	80009ed4	ff9ff06f	jal	x0,80009ed0	
     488195.000 ns	     48818	80009ecc	00036f17	auipc	x30,0x36	 x30=0x8003fecc
     488205.000 ns	     48819	80009ed0	123f2a23	sw	x3,308(x30)	 x30:0x8003fecc  x3:0x00000001 PA:0xxxxxxxxx
     488225.000 ns	     48821	80009ed4	ff9ff06f	jal	x0,80009ed0	
     488275.000 ns	     48826	80009ecc	00036f17	auipc	x30,0x36	 x30=0x8003fecc
     488285.000 ns	     48827	80009ed0	123f2a23	sw	x3,308(x30)	 x30:0x8003fecc  x3:0x00000001 PA:0xxxxxxxxx
     488305.000 ns	     48829	80009ed4	ff9ff06f	jal	x0,80009ed0	
     488355.000 ns	     48834	80009ecc	00036f17	auipc	x30,0x36	 x30=0x8003fecc
     488365.000 ns	     48835	80009ed0	123f2a23	sw	x3,308(x30)	 x30:0x8003fecc  x3:0x00000001 PA:0xxxxxxxxx
     488385.000 ns	     48837	80009ed4	ff9ff06f	jal	x0,80009ed0	
     488435.000 ns	     48842	80009ecc	00036f17	auipc	x30,0x36	 x30=0x8003fecc
     488445.000 ns	     48843	80009ed0	123f2a23	sw	x3,308(x30)	 x30:0x8003fecc  x3:0x00000001 PA:0xxxxxxxxx
     488465.000 ns	     48845	80009ed4	ff9ff06f	jal	x0,80009ed0	
     488515.000 ns	     48850	80009ecc	00036f17	auipc	x30,0x36	 x30=0x8003fecc
     488525.000 ns	     48851	80009ed0	123f2a23	sw	x3,308(x30)	 x30:0x8003fecc  x3:0x00000001 PA:0xxxxxxxxx
     488545.000 ns	     48853	80009ed4	ff9ff06f	jal	x0,80009ed0	
     488595.000 ns	     48858	80009ecc	00036f17	auipc	x30,0x36	 x30=0x8003fecc
     488605.000 ns	     48859	80009ed0	123f2a23	sw	x3,308(x30)	 x30:0x8003fecc  x3:0x00000001 PA:0xxxxxxxxx
     488625.000 ns	     48861	80009ed4	ff9ff06f	jal	x0,80009ed0	
     488675.000 ns	     48866	80009ecc	00036f17	auipc	x30,0x36	 x30=0x8003fecc
     488685.000 ns	     48867	80009ed0	123f2a23	sw	x3,308(x30)	 x30:0x8003fecc  x3:0x00000001 PA:0xxxxxxxxx
     488705.000 ns	     48869	80009ed4	ff9ff06f	jal	x0,80009ed0	
     488755.000 ns	     48874	80009ecc	00036f17	auipc	x30,0x36	 x30=0x8003fecc
     488765.000 ns	     48875	80009ed0	123f2a23	sw	x3,308(x30)	 x30:0x8003fecc  x3:0x00000001 PA:0xxxxxxxxx
     488785.000 ns	     48877	80009ed4	ff9ff06f	jal	x0,80009ed0	
     488835.000 ns	     48882	80009ecc	00036f17	auipc	x30,0x36	 x30=0x8003fecc
     488845.000 ns	     48883	80009ed0	123f2a23	sw	x3,308(x30)	 x30:0x8003fecc  x3:0x00000001 PA:0xxxxxxxxx
     488865.000 ns	     48885	80009ed4	ff9ff06f	jal	x0,80009ed0	
     488915.000 ns	     48890	80009ecc	00036f17	auipc	x30,0x36	 x30=0x8003fecc
     488925.000 ns	     48891	80009ed0	123f2a23	sw	x3,308(x30)	 x30:0x8003fecc  x3:0x00000001 PA:0xxxxxxxxx
     488945.000 ns	     48893	80009ed4	ff9ff06f	jal	x0,80009ed0	
     488995.000 ns	     48898	80009ecc	00036f17	auipc	x30,0x36	 x30=0x8003fecc
     489005.000 ns	     48899	80009ed0	123f2a23	sw	x3,308(x30)	 x30:0x8003fecc  x3:0x00000001 PA:0xxxxxxxxx
     489025.000 ns	     48901	80009ed4	ff9ff06f	jal	x0,80009ed0	
     489075.000 ns	     48906	80009ecc	00036f17	auipc	x30,0x36	 x30=0x8003fecc
     489085.000 ns	     48907	80009ed0	123f2a23	sw	x3,308(x30)	 x30:0x8003fecc  x3:0x00000001 PA:0xxxxxxxxx
     489105.000 ns	     48909	80009ed4	ff9ff06f	jal	x0,80009ed0	
     489155.000 ns	     48914	80009ecc	00036f17	auipc	x30,0x36	 x30=0x8003fecc
     489165.000 ns	     48915	80009ed0	123f2a23	sw	x3,308(x30)	 x30:0x8003fecc  x3:0x00000001 PA:0xxxxxxxxx
     489185.000 ns	     48917	80009ed4	ff9ff06f	jal	x0,80009ed0	
     489235.000 ns	     48922	80009ecc	00036f17	auipc	x30,0x36	 x30=0x8003fecc
     489245.000 ns	     48923	80009ed0	123f2a23	sw	x3,308(x30)	 x30:0x8003fecc  x3:0x00000001 PA:0xxxxxxxxx
     489265.000 ns	     48925	80009ed4	ff9ff06f	jal	x0,80009ed0	
     489315.000 ns	     48930	80009ecc	00036f17	auipc	x30,0x36	 x30=0x8003fecc
     489325.000 ns	     48931	80009ed0	123f2a23	sw	x3,308(x30)	 x30:0x8003fecc  x3:0x00000001 PA:0xxxxxxxxx
     489345.000 ns	     48933	80009ed4	ff9ff06f	jal	x0,80009ed0	
     489395.000 ns	     48938	80009ecc	00036f17	auipc	x30,0x36	 x30=0x8003fecc
     489405.000 ns	     48939	80009ed0	123f2a23	sw	x3,308(x30)	 x30:0x8003fecc  x3:0x00000001 PA:0xxxxxxxxx
     489425.000 ns	     48941	80009ed4	ff9ff06f	jal	x0,80009ed0	
     489475.000 ns	     48946	80009ecc	00036f17	auipc	x30,0x36	 x30=0x8003fecc
     489485.000 ns	     48947	80009ed0	123f2a23	sw	x3,308(x30)	 x30:0x8003fecc  x3:0x00000001 PA:0xxxxxxxxx
     489505.000 ns	     48949	80009ed4	ff9ff06f	jal	x0,80009ed0	
     489555.000 ns	     48954	80009ecc	00036f17	auipc	x30,0x36	 x30=0x8003fecc
     489565.000 ns	     48955	80009ed0	123f2a23	sw	x3,308(x30)	 x30:0x8003fecc  x3:0x00000001 PA:0xxxxxxxxx
     489585.000 ns	     48957	80009ed4	ff9ff06f	jal	x0,80009ed0	
     489635.000 ns	     48962	80009ecc	00036f17	auipc	x30,0x36	 x30=0x8003fecc
     489645.000 ns	     48963	80009ed0	123f2a23	sw	x3,308(x30)	 x30:0x8003fecc  x3:0x00000001 PA:0xxxxxxxxx
     489665.000 ns	     48965	80009ed4	ff9ff06f	jal	x0,80009ed0	
     489715.000 ns	     48970	80009ecc	00036f17	auipc	x30,0x36	 x30=0x8003fecc
     489725.000 ns	     48971	80009ed0	123f2a23	sw	x3,308(x30)	 x30:0x8003fecc  x3:0x00000001 PA:0xxxxxxxxx
     489745.000 ns	     48973	80009ed4	ff9ff06f	jal	x0,80009ed0	
     489795.000 ns	     48978	80009ecc	00036f17	auipc	x30,0x36	 x30=0x8003fecc
     489805.000 ns	     48979	80009ed0	123f2a23	sw	x3,308(x30)	 x30:0x8003fecc  x3:0x00000001 PA:0xxxxxxxxx
     489825.000 ns	     48981	80009ed4	ff9ff06f	jal	x0,80009ed0	
     489875.000 ns	     48986	80009ecc	00036f17	auipc	x30,0x36	 x30=0x8003fecc
     489885.000 ns	     48987	80009ed0	123f2a23	sw	x3,308(x30)	 x30:0x8003fecc  x3:0x00000001 PA:0xxxxxxxxx
     489905.000 ns	     48989	80009ed4	ff9ff06f	jal	x0,80009ed0	
     489955.000 ns	     48994	80009ecc	00036f17	auipc	x30,0x36	 x30=0x8003fecc
     489965.000 ns	     48995	80009ed0	123f2a23	sw	x3,308(x30)	 x30:0x8003fecc  x3:0x00000001 PA:0xxxxxxxxx
     489985.000 ns	     48997	80009ed4	ff9ff06f	jal	x0,80009ed0	
     490035.000 ns	     49002	80009ecc	00036f17	auipc	x30,0x36	 x30=0x8003fecc
     490045.000 ns	     49003	80009ed0	123f2a23	sw	x3,308(x30)	 x30:0x8003fecc  x3:0x00000001 PA:0xxxxxxxxx
     490065.000 ns	     49005	80009ed4	ff9ff06f	jal	x0,80009ed0	
     490115.000 ns	     49010	80009ecc	00036f17	auipc	x30,0x36	 x30=0x8003fecc
     490125.000 ns	     49011	80009ed0	123f2a23	sw	x3,308(x30)	 x30:0x8003fecc  x3:0x00000001 PA:0xxxxxxxxx
     490145.000 ns	     49013	80009ed4	ff9ff06f	jal	x0,80009ed0	
     490195.000 ns	     49018	80009ecc	00036f17	auipc	x30,0x36	 x30=0x8003fecc
     490205.000 ns	     49019	80009ed0	123f2a23	sw	x3,308(x30)	 x30:0x8003fecc  x3:0x00000001 PA:0xxxxxxxxx
     490225.000 ns	     49021	80009ed4	ff9ff06f	jal	x0,80009ed0	
     490275.000 ns	     49026	80009ecc	00036f17	auipc	x30,0x36	 x30=0x8003fecc
     490285.000 ns	     49027	80009ed0	123f2a23	sw	x3,308(x30)	 x30:0x8003fecc  x3:0x00000001 PA:0xxxxxxxxx
     490305.000 ns	     49029	80009ed4	ff9ff06f	jal	x0,80009ed0	
     490355.000 ns	     49034	80009ecc	00036f17	auipc	x30,0x36	 x30=0x8003fecc
     490365.000 ns	     49035	80009ed0	123f2a23	sw	x3,308(x30)	 x30:0x8003fecc  x3:0x00000001 PA:0xxxxxxxxx
     490385.000 ns	     49037	80009ed4	ff9ff06f	jal	x0,80009ed0	
     490435.000 ns	     49042	80009ecc	00036f17	auipc	x30,0x36	 x30=0x8003fecc
     490445.000 ns	     49043	80009ed0	123f2a23	sw	x3,308(x30)	 x30:0x8003fecc  x3:0x00000001 PA:0xxxxxxxxx
     490465.000 ns	     49045	80009ed4	ff9ff06f	jal	x0,80009ed0	
     490515.000 ns	     49050	80009ecc	00036f17	auipc	x30,0x36	 x30=0x8003fecc
     490525.000 ns	     49051	80009ed0	123f2a23	sw	x3,308(x30)	 x30:0x8003fecc  x3:0x00000001 PA:0xxxxxxxxx
     490545.000 ns	     49053	80009ed4	ff9ff06f	jal	x0,80009ed0	
     490595.000 ns	     49058	80009ecc	00036f17	auipc	x30,0x36	 x30=0x8003fecc
     490605.000 ns	     49059	80009ed0	123f2a23	sw	x3,308(x30)	 x30:0x8003fecc  x3:0x00000001 PA:0xxxxxxxxx
     490625.000 ns	     49061	80009ed4	ff9ff06f	jal	x0,80009ed0	
     490675.000 ns	     49066	80009ecc	00036f17	auipc	x30,0x36	 x30=0x8003fecc
     490685.000 ns	     49067	80009ed0	123f2a23	sw	x3,308(x30)	 x30:0x8003fecc  x3:0x00000001 PA:0xxxxxxxxx
     490705.000 ns	     49069	80009ed4	ff9ff06f	jal	x0,80009ed0	
     490755.000 ns	     49074	80009ecc	00036f17	auipc	x30,0x36	 x30=0x8003fecc
     490765.000 ns	     49075	80009ed0	123f2a23	sw	x3,308(x30)	 x30:0x8003fecc  x3:0x00000001 PA:0xxxxxxxxx
     490785.000 ns	     49077	80009ed4	ff9ff06f	jal	x0,80009ed0	
     490835.000 ns	     49082	80009ecc	00036f17	auipc	x30,0x36	 x30=0x8003fecc
     490845.000 ns	     49083	80009ed0	123f2a23	sw	x3,308(x30)	 x30:0x8003fecc  x3:0x00000001 PA:0xxxxxxxxx
     490865.000 ns	     49085	80009ed4	ff9ff06f	jal	x0,80009ed0	
     490915.000 ns	     49090	80009ecc	00036f17	auipc	x30,0x36	 x30=0x8003fecc
     490925.000 ns	     49091	80009ed0	123f2a23	sw	x3,308(x30)	 x30:0x8003fecc  x3:0x00000001 PA:0xxxxxxxxx
     490945.000 ns	     49093	80009ed4	ff9ff06f	jal	x0,80009ed0	
     490995.000 ns	     49098	80009ecc	00036f17	auipc	x30,0x36	 x30=0x8003fecc
     491005.000 ns	     49099	80009ed0	123f2a23	sw	x3,308(x30)	 x30:0x8003fecc  x3:0x00000001 PA:0xxxxxxxxx
     491025.000 ns	     49101	80009ed4	ff9ff06f	jal	x0,80009ed0	
     491075.000 ns	     49106	80009ecc	00036f17	auipc	x30,0x36	 x30=0x8003fecc
     491085.000 ns	     49107	80009ed0	123f2a23	sw	x3,308(x30)	 x30:0x8003fecc  x3:0x00000001 PA:0xxxxxxxxx
     491105.000 ns	     49109	80009ed4	ff9ff06f	jal	x0,80009ed0	
     491155.000 ns	     49114	80009ecc	00036f17	auipc	x30,0x36	 x30=0x8003fecc
     491165.000 ns	     49115	80009ed0	123f2a23	sw	x3,308(x30)	 x30:0x8003fecc  x3:0x00000001 PA:0xxxxxxxxx
     491185.000 ns	     49117	80009ed4	ff9ff06f	jal	x0,80009ed0	
     491235.000 ns	     49122	80009ecc	00036f17	auipc	x30,0x36	 x30=0x8003fecc
     491245.000 ns	     49123	80009ed0	123f2a23	sw	x3,308(x30)	 x30:0x8003fecc  x3:0x00000001 PA:0xxxxxxxxx
     491265.000 ns	     49125	80009ed4	ff9ff06f	jal	x0,80009ed0	
     491315.000 ns	     49130	80009ecc	00036f17	auipc	x30,0x36	 x30=0x8003fecc
     491325.000 ns	     49131	80009ed0	123f2a23	sw	x3,308(x30)	 x30:0x8003fecc  x3:0x00000001 PA:0xxxxxxxxx
     491345.000 ns	     49133	80009ed4	ff9ff06f	jal	x0,80009ed0	
     491395.000 ns	     49138	80009ecc	00036f17	auipc	x30,0x36	 x30=0x8003fecc
     491405.000 ns	     49139	80009ed0	123f2a23	sw	x3,308(x30)	 x30:0x8003fecc  x3:0x00000001 PA:0xxxxxxxxx
     491425.000 ns	     49141	80009ed4	ff9ff06f	jal	x0,80009ed0	
     491475.000 ns	     49146	80009ecc	00036f17	auipc	x30,0x36	 x30=0x8003fecc
     491485.000 ns	     49147	80009ed0	123f2a23	sw	x3,308(x30)	 x30:0x8003fecc  x3:0x00000001 PA:0xxxxxxxxx
     491505.000 ns	     49149	80009ed4	ff9ff06f	jal	x0,80009ed0	
     491555.000 ns	     49154	80009ecc	00036f17	auipc	x30,0x36	 x30=0x8003fecc
     491565.000 ns	     49155	80009ed0	123f2a23	sw	x3,308(x30)	 x30:0x8003fecc  x3:0x00000001 PA:0xxxxxxxxx
     491585.000 ns	     49157	80009ed4	ff9ff06f	jal	x0,80009ed0	
     491635.000 ns	     49162	80009ecc	00036f17	auipc	x30,0x36	 x30=0x8003fecc
     491645.000 ns	     49163	80009ed0	123f2a23	sw	x3,308(x30)	 x30:0x8003fecc  x3:0x00000001 PA:0xxxxxxxxx
     491665.000 ns	     49165	80009ed4	ff9ff06f	jal	x0,80009ed0	
     491715.000 ns	     49170	80009ecc	00036f17	auipc	x30,0x36	 x30=0x8003fecc
     491725.000 ns	     49171	80009ed0	123f2a23	sw	x3,308(x30)	 x30:0x8003fecc  x3:0x00000001 PA:0xxxxxxxxx
     491745.000 ns	     49173	80009ed4	ff9ff06f	jal	x0,80009ed0	
     491795.000 ns	     49178	80009ecc	00036f17	auipc	x30,0x36	 x30=0x8003fecc
     491805.000 ns	     49179	80009ed0	123f2a23	sw	x3,308(x30)	 x30:0x8003fecc  x3:0x00000001 PA:0xxxxxxxxx
     491825.000 ns	     49181	80009ed4	ff9ff06f	jal	x0,80009ed0	
     491875.000 ns	     49186	80009ecc	00036f17	auipc	x30,0x36	 x30=0x8003fecc
     491885.000 ns	     49187	80009ed0	123f2a23	sw	x3,308(x30)	 x30:0x8003fecc  x3:0x00000001 PA:0xxxxxxxxx
     491905.000 ns	     49189	80009ed4	ff9ff06f	jal	x0,80009ed0	
     491955.000 ns	     49194	80009ecc	00036f17	auipc	x30,0x36	 x30=0x8003fecc
     491965.000 ns	     49195	80009ed0	123f2a23	sw	x3,308(x30)	 x30:0x8003fecc  x3:0x00000001 PA:0xxxxxxxxx
     491985.000 ns	     49197	80009ed4	ff9ff06f	jal	x0,80009ed0	
     492035.000 ns	     49202	80009ecc	00036f17	auipc	x30,0x36	 x30=0x8003fecc
     492045.000 ns	     49203	80009ed0	123f2a23	sw	x3,308(x30)	 x30:0x8003fecc  x3:0x00000001 PA:0xxxxxxxxx
     492065.000 ns	     49205	80009ed4	ff9ff06f	jal	x0,80009ed0	
     492115.000 ns	     49210	80009ecc	00036f17	auipc	x30,0x36	 x30=0x8003fecc
     492125.000 ns	     49211	80009ed0	123f2a23	sw	x3,308(x30)	 x30:0x8003fecc  x3:0x00000001 PA:0xxxxxxxxx
     492145.000 ns	     49213	80009ed4	ff9ff06f	jal	x0,80009ed0	
     492195.000 ns	     49218	80009ecc	00036f17	auipc	x30,0x36	 x30=0x8003fecc
     492205.000 ns	     49219	80009ed0	123f2a23	sw	x3,308(x30)	 x30:0x8003fecc  x3:0x00000001 PA:0xxxxxxxxx
     492225.000 ns	     49221	80009ed4	ff9ff06f	jal	x0,80009ed0	
     492275.000 ns	     49226	80009ecc	00036f17	auipc	x30,0x36	 x30=0x8003fecc
     492285.000 ns	     49227	80009ed0	123f2a23	sw	x3,308(x30)	 x30:0x8003fecc  x3:0x00000001 PA:0xxxxxxxxx
     492305.000 ns	     49229	80009ed4	ff9ff06f	jal	x0,80009ed0	
     492355.000 ns	     49234	80009ecc	00036f17	auipc	x30,0x36	 x30=0x8003fecc
     492365.000 ns	     49235	80009ed0	123f2a23	sw	x3,308(x30)	 x30:0x8003fecc  x3:0x00000001 PA:0xxxxxxxxx
     492385.000 ns	     49237	80009ed4	ff9ff06f	jal	x0,80009ed0	
     492435.000 ns	     49242	80009ecc	00036f17	auipc	x30,0x36	 x30=0x8003fecc
     492445.000 ns	     49243	80009ed0	123f2a23	sw	x3,308(x30)	 x30:0x8003fecc  x3:0x00000001 PA:0xxxxxxxxx
     492465.000 ns	     49245	80009ed4	ff9ff06f	jal	x0,80009ed0	
     492515.000 ns	     49250	80009ecc	00036f17	auipc	x30,0x36	 x30=0x8003fecc
     492525.000 ns	     49251	80009ed0	123f2a23	sw	x3,308(x30)	 x30:0x8003fecc  x3:0x00000001 PA:0xxxxxxxxx
     492545.000 ns	     49253	80009ed4	ff9ff06f	jal	x0,80009ed0	
     492595.000 ns	     49258	80009ecc	00036f17	auipc	x30,0x36	 x30=0x8003fecc
     492605.000 ns	     49259	80009ed0	123f2a23	sw	x3,308(x30)	 x30:0x8003fecc  x3:0x00000001 PA:0xxxxxxxxx
     492625.000 ns	     49261	80009ed4	ff9ff06f	jal	x0,80009ed0	
     492675.000 ns	     49266	80009ecc	00036f17	auipc	x30,0x36	 x30=0x8003fecc
     492685.000 ns	     49267	80009ed0	123f2a23	sw	x3,308(x30)	 x30:0x8003fecc  x3:0x00000001 PA:0xxxxxxxxx
     492705.000 ns	     49269	80009ed4	ff9ff06f	jal	x0,80009ed0	
     492755.000 ns	     49274	80009ecc	00036f17	auipc	x30,0x36	 x30=0x8003fecc
     492765.000 ns	     49275	80009ed0	123f2a23	sw	x3,308(x30)	 x30:0x8003fecc  x3:0x00000001 PA:0xxxxxxxxx
     492785.000 ns	     49277	80009ed4	ff9ff06f	jal	x0,80009ed0	
     492835.000 ns	     49282	80009ecc	00036f17	auipc	x30,0x36	 x30=0x8003fecc
     492845.000 ns	     49283	80009ed0	123f2a23	sw	x3,308(x30)	 x30:0x8003fecc  x3:0x00000001 PA:0xxxxxxxxx
     492865.000 ns	     49285	80009ed4	ff9ff06f	jal	x0,80009ed0	
     492915.000 ns	     49290	80009ecc	00036f17	auipc	x30,0x36	 x30=0x8003fecc
     492925.000 ns	     49291	80009ed0	123f2a23	sw	x3,308(x30)	 x30:0x8003fecc  x3:0x00000001 PA:0xxxxxxxxx
     492945.000 ns	     49293	80009ed4	ff9ff06f	jal	x0,80009ed0	
     492995.000 ns	     49298	80009ecc	00036f17	auipc	x30,0x36	 x30=0x8003fecc
     493005.000 ns	     49299	80009ed0	123f2a23	sw	x3,308(x30)	 x30:0x8003fecc  x3:0x00000001 PA:0xxxxxxxxx
     493025.000 ns	     49301	80009ed4	ff9ff06f	jal	x0,80009ed0	
     493075.000 ns	     49306	80009ecc	00036f17	auipc	x30,0x36	 x30=0x8003fecc
     493085.000 ns	     49307	80009ed0	123f2a23	sw	x3,308(x30)	 x30:0x8003fecc  x3:0x00000001 PA:0xxxxxxxxx
     493105.000 ns	     49309	80009ed4	ff9ff06f	jal	x0,80009ed0	
     493155.000 ns	     49314	80009ecc	00036f17	auipc	x30,0x36	 x30=0x8003fecc
     493165.000 ns	     49315	80009ed0	123f2a23	sw	x3,308(x30)	 x30:0x8003fecc  x3:0x00000001 PA:0xxxxxxxxx
     493185.000 ns	     49317	80009ed4	ff9ff06f	jal	x0,80009ed0	
     493235.000 ns	     49322	80009ecc	00036f17	auipc	x30,0x36	 x30=0x8003fecc
     493245.000 ns	     49323	80009ed0	123f2a23	sw	x3,308(x30)	 x30:0x8003fecc  x3:0x00000001 PA:0xxxxxxxxx
     493265.000 ns	     49325	80009ed4	ff9ff06f	jal	x0,80009ed0	
     493315.000 ns	     49330	80009ecc	00036f17	auipc	x30,0x36	 x30=0x8003fecc
     493325.000 ns	     49331	80009ed0	123f2a23	sw	x3,308(x30)	 x30:0x8003fecc  x3:0x00000001 PA:0xxxxxxxxx
     493345.000 ns	     49333	80009ed4	ff9ff06f	jal	x0,80009ed0	
     493395.000 ns	     49338	80009ecc	00036f17	auipc	x30,0x36	 x30=0x8003fecc
     493405.000 ns	     49339	80009ed0	123f2a23	sw	x3,308(x30)	 x30:0x8003fecc  x3:0x00000001 PA:0xxxxxxxxx
     493425.000 ns	     49341	80009ed4	ff9ff06f	jal	x0,80009ed0	
     493475.000 ns	     49346	80009ecc	00036f17	auipc	x30,0x36	 x30=0x8003fecc
     493485.000 ns	     49347	80009ed0	123f2a23	sw	x3,308(x30)	 x30:0x8003fecc  x3:0x00000001 PA:0xxxxxxxxx
     493505.000 ns	     49349	80009ed4	ff9ff06f	jal	x0,80009ed0	
     493555.000 ns	     49354	80009ecc	00036f17	auipc	x30,0x36	 x30=0x8003fecc
     493565.000 ns	     49355	80009ed0	123f2a23	sw	x3,308(x30)	 x30:0x8003fecc  x3:0x00000001 PA:0xxxxxxxxx
     493585.000 ns	     49357	80009ed4	ff9ff06f	jal	x0,80009ed0	
     493635.000 ns	     49362	80009ecc	00036f17	auipc	x30,0x36	 x30=0x8003fecc
     493645.000 ns	     49363	80009ed0	123f2a23	sw	x3,308(x30)	 x30:0x8003fecc  x3:0x00000001 PA:0xxxxxxxxx
     493665.000 ns	     49365	80009ed4	ff9ff06f	jal	x0,80009ed0	
     493715.000 ns	     49370	80009ecc	00036f17	auipc	x30,0x36	 x30=0x8003fecc
     493725.000 ns	     49371	80009ed0	123f2a23	sw	x3,308(x30)	 x30:0x8003fecc  x3:0x00000001 PA:0xxxxxxxxx
     493745.000 ns	     49373	80009ed4	ff9ff06f	jal	x0,80009ed0	
     493795.000 ns	     49378	80009ecc	00036f17	auipc	x30,0x36	 x30=0x8003fecc
     493805.000 ns	     49379	80009ed0	123f2a23	sw	x3,308(x30)	 x30:0x8003fecc  x3:0x00000001 PA:0xxxxxxxxx
     493825.000 ns	     49381	80009ed4	ff9ff06f	jal	x0,80009ed0	
     493875.000 ns	     49386	80009ecc	00036f17	auipc	x30,0x36	 x30=0x8003fecc
     493885.000 ns	     49387	80009ed0	123f2a23	sw	x3,308(x30)	 x30:0x8003fecc  x3:0x00000001 PA:0xxxxxxxxx
     493905.000 ns	     49389	80009ed4	ff9ff06f	jal	x0,80009ed0	
     493955.000 ns	     49394	80009ecc	00036f17	auipc	x30,0x36	 x30=0x8003fecc
     493965.000 ns	     49395	80009ed0	123f2a23	sw	x3,308(x30)	 x30:0x8003fecc  x3:0x00000001 PA:0xxxxxxxxx
     493985.000 ns	     49397	80009ed4	ff9ff06f	jal	x0,80009ed0	
     494035.000 ns	     49402	80009ecc	00036f17	auipc	x30,0x36	 x30=0x8003fecc
     494045.000 ns	     49403	80009ed0	123f2a23	sw	x3,308(x30)	 x30:0x8003fecc  x3:0x00000001 PA:0xxxxxxxxx
     494065.000 ns	     49405	80009ed4	ff9ff06f	jal	x0,80009ed0	
     494115.000 ns	     49410	80009ecc	00036f17	auipc	x30,0x36	 x30=0x8003fecc
     494125.000 ns	     49411	80009ed0	123f2a23	sw	x3,308(x30)	 x30:0x8003fecc  x3:0x00000001 PA:0xxxxxxxxx
     494145.000 ns	     49413	80009ed4	ff9ff06f	jal	x0,80009ed0	
     494195.000 ns	     49418	80009ecc	00036f17	auipc	x30,0x36	 x30=0x8003fecc
     494205.000 ns	     49419	80009ed0	123f2a23	sw	x3,308(x30)	 x30:0x8003fecc  x3:0x00000001 PA:0xxxxxxxxx
     494225.000 ns	     49421	80009ed4	ff9ff06f	jal	x0,80009ed0	
     494275.000 ns	     49426	80009ecc	00036f17	auipc	x30,0x36	 x30=0x8003fecc
     494285.000 ns	     49427	80009ed0	123f2a23	sw	x3,308(x30)	 x30:0x8003fecc  x3:0x00000001 PA:0xxxxxxxxx
     494305.000 ns	     49429	80009ed4	ff9ff06f	jal	x0,80009ed0	
     494355.000 ns	     49434	80009ecc	00036f17	auipc	x30,0x36	 x30=0x8003fecc
     494365.000 ns	     49435	80009ed0	123f2a23	sw	x3,308(x30)	 x30:0x8003fecc  x3:0x00000001 PA:0xxxxxxxxx
     494385.000 ns	     49437	80009ed4	ff9ff06f	jal	x0,80009ed0	
     494435.000 ns	     49442	80009ecc	00036f17	auipc	x30,0x36	 x30=0x8003fecc
     494445.000 ns	     49443	80009ed0	123f2a23	sw	x3,308(x30)	 x30:0x8003fecc  x3:0x00000001 PA:0xxxxxxxxx
     494465.000 ns	     49445	80009ed4	ff9ff06f	jal	x0,80009ed0	
     494515.000 ns	     49450	80009ecc	00036f17	auipc	x30,0x36	 x30=0x8003fecc
     494525.000 ns	     49451	80009ed0	123f2a23	sw	x3,308(x30)	 x30:0x8003fecc  x3:0x00000001 PA:0xxxxxxxxx
     494545.000 ns	     49453	80009ed4	ff9ff06f	jal	x0,80009ed0	
     494595.000 ns	     49458	80009ecc	00036f17	auipc	x30,0x36	 x30=0x8003fecc
     494605.000 ns	     49459	80009ed0	123f2a23	sw	x3,308(x30)	 x30:0x8003fecc  x3:0x00000001 PA:0xxxxxxxxx
     494625.000 ns	     49461	80009ed4	ff9ff06f	jal	x0,80009ed0	
     494675.000 ns	     49466	80009ecc	00036f17	auipc	x30,0x36	 x30=0x8003fecc
     494685.000 ns	     49467	80009ed0	123f2a23	sw	x3,308(x30)	 x30:0x8003fecc  x3:0x00000001 PA:0xxxxxxxxx
     494705.000 ns	     49469	80009ed4	ff9ff06f	jal	x0,80009ed0	
     494755.000 ns	     49474	80009ecc	00036f17	auipc	x30,0x36	 x30=0x8003fecc
     494765.000 ns	     49475	80009ed0	123f2a23	sw	x3,308(x30)	 x30:0x8003fecc  x3:0x00000001 PA:0xxxxxxxxx
     494785.000 ns	     49477	80009ed4	ff9ff06f	jal	x0,80009ed0	
     494835.000 ns	     49482	80009ecc	00036f17	auipc	x30,0x36	 x30=0x8003fecc
     494845.000 ns	     49483	80009ed0	123f2a23	sw	x3,308(x30)	 x30:0x8003fecc  x3:0x00000001 PA:0xxxxxxxxx
     494865.000 ns	     49485	80009ed4	ff9ff06f	jal	x0,80009ed0	
     494915.000 ns	     49490	80009ecc	00036f17	auipc	x30,0x36	 x30=0x8003fecc
     494925.000 ns	     49491	80009ed0	123f2a23	sw	x3,308(x30)	 x30:0x8003fecc  x3:0x00000001 PA:0xxxxxxxxx
     494945.000 ns	     49493	80009ed4	ff9ff06f	jal	x0,80009ed0	
     494995.000 ns	     49498	80009ecc	00036f17	auipc	x30,0x36	 x30=0x8003fecc
     495005.000 ns	     49499	80009ed0	123f2a23	sw	x3,308(x30)	 x30:0x8003fecc  x3:0x00000001 PA:0xxxxxxxxx
     495025.000 ns	     49501	80009ed4	ff9ff06f	jal	x0,80009ed0	
     495075.000 ns	     49506	80009ecc	00036f17	auipc	x30,0x36	 x30=0x8003fecc
     495085.000 ns	     49507	80009ed0	123f2a23	sw	x3,308(x30)	 x30:0x8003fecc  x3:0x00000001 PA:0xxxxxxxxx
     495105.000 ns	     49509	80009ed4	ff9ff06f	jal	x0,80009ed0	
     495155.000 ns	     49514	80009ecc	00036f17	auipc	x30,0x36	 x30=0x8003fecc
     495165.000 ns	     49515	80009ed0	123f2a23	sw	x3,308(x30)	 x30:0x8003fecc  x3:0x00000001 PA:0xxxxxxxxx
     495185.000 ns	     49517	80009ed4	ff9ff06f	jal	x0,80009ed0	
     495235.000 ns	     49522	80009ecc	00036f17	auipc	x30,0x36	 x30=0x8003fecc
     495245.000 ns	     49523	80009ed0	123f2a23	sw	x3,308(x30)	 x30:0x8003fecc  x3:0x00000001 PA:0xxxxxxxxx
     495265.000 ns	     49525	80009ed4	ff9ff06f	jal	x0,80009ed0	
     495315.000 ns	     49530	80009ecc	00036f17	auipc	x30,0x36	 x30=0x8003fecc
     495325.000 ns	     49531	80009ed0	123f2a23	sw	x3,308(x30)	 x30:0x8003fecc  x3:0x00000001 PA:0xxxxxxxxx
     495345.000 ns	     49533	80009ed4	ff9ff06f	jal	x0,80009ed0	
     495395.000 ns	     49538	80009ecc	00036f17	auipc	x30,0x36	 x30=0x8003fecc
     495405.000 ns	     49539	80009ed0	123f2a23	sw	x3,308(x30)	 x30:0x8003fecc  x3:0x00000001 PA:0xxxxxxxxx
     495425.000 ns	     49541	80009ed4	ff9ff06f	jal	x0,80009ed0	
     495475.000 ns	     49546	80009ecc	00036f17	auipc	x30,0x36	 x30=0x8003fecc
     495485.000 ns	     49547	80009ed0	123f2a23	sw	x3,308(x30)	 x30:0x8003fecc  x3:0x00000001 PA:0xxxxxxxxx
     495505.000 ns	     49549	80009ed4	ff9ff06f	jal	x0,80009ed0	
     495555.000 ns	     49554	80009ecc	00036f17	auipc	x30,0x36	 x30=0x8003fecc
     495565.000 ns	     49555	80009ed0	123f2a23	sw	x3,308(x30)	 x30:0x8003fecc  x3:0x00000001 PA:0xxxxxxxxx
     495585.000 ns	     49557	80009ed4	ff9ff06f	jal	x0,80009ed0	
     495635.000 ns	     49562	80009ecc	00036f17	auipc	x30,0x36	 x30=0x8003fecc
     495645.000 ns	     49563	80009ed0	123f2a23	sw	x3,308(x30)	 x30:0x8003fecc  x3:0x00000001 PA:0xxxxxxxxx
     495665.000 ns	     49565	80009ed4	ff9ff06f	jal	x0,80009ed0	
     495715.000 ns	     49570	80009ecc	00036f17	auipc	x30,0x36	 x30=0x8003fecc
     495725.000 ns	     49571	80009ed0	123f2a23	sw	x3,308(x30)	 x30:0x8003fecc  x3:0x00000001 PA:0xxxxxxxxx
     495745.000 ns	     49573	80009ed4	ff9ff06f	jal	x0,80009ed0	
     495795.000 ns	     49578	80009ecc	00036f17	auipc	x30,0x36	 x30=0x8003fecc
     495805.000 ns	     49579	80009ed0	123f2a23	sw	x3,308(x30)	 x30:0x8003fecc  x3:0x00000001 PA:0xxxxxxxxx
     495825.000 ns	     49581	80009ed4	ff9ff06f	jal	x0,80009ed0	
     495875.000 ns	     49586	80009ecc	00036f17	auipc	x30,0x36	 x30=0x8003fecc
     495885.000 ns	     49587	80009ed0	123f2a23	sw	x3,308(x30)	 x30:0x8003fecc  x3:0x00000001 PA:0xxxxxxxxx
     495905.000 ns	     49589	80009ed4	ff9ff06f	jal	x0,80009ed0	
     495955.000 ns	     49594	80009ecc	00036f17	auipc	x30,0x36	 x30=0x8003fecc
     495965.000 ns	     49595	80009ed0	123f2a23	sw	x3,308(x30)	 x30:0x8003fecc  x3:0x00000001 PA:0xxxxxxxxx
     495985.000 ns	     49597	80009ed4	ff9ff06f	jal	x0,80009ed0	
     496035.000 ns	     49602	80009ecc	00036f17	auipc	x30,0x36	 x30=0x8003fecc
     496045.000 ns	     49603	80009ed0	123f2a23	sw	x3,308(x30)	 x30:0x8003fecc  x3:0x00000001 PA:0xxxxxxxxx
     496065.000 ns	     49605	80009ed4	ff9ff06f	jal	x0,80009ed0	
     496115.000 ns	     49610	80009ecc	00036f17	auipc	x30,0x36	 x30=0x8003fecc
     496125.000 ns	     49611	80009ed0	123f2a23	sw	x3,308(x30)	 x30:0x8003fecc  x3:0x00000001 PA:0xxxxxxxxx
     496145.000 ns	     49613	80009ed4	ff9ff06f	jal	x0,80009ed0	
     496195.000 ns	     49618	80009ecc	00036f17	auipc	x30,0x36	 x30=0x8003fecc
     496205.000 ns	     49619	80009ed0	123f2a23	sw	x3,308(x30)	 x30:0x8003fecc  x3:0x00000001 PA:0xxxxxxxxx
     496225.000 ns	     49621	80009ed4	ff9ff06f	jal	x0,80009ed0	
     496275.000 ns	     49626	80009ecc	00036f17	auipc	x30,0x36	 x30=0x8003fecc
     496285.000 ns	     49627	80009ed0	123f2a23	sw	x3,308(x30)	 x30:0x8003fecc  x3:0x00000001 PA:0xxxxxxxxx
     496305.000 ns	     49629	80009ed4	ff9ff06f	jal	x0,80009ed0	
     496355.000 ns	     49634	80009ecc	00036f17	auipc	x30,0x36	 x30=0x8003fecc
     496365.000 ns	     49635	80009ed0	123f2a23	sw	x3,308(x30)	 x30:0x8003fecc  x3:0x00000001 PA:0xxxxxxxxx
     496385.000 ns	     49637	80009ed4	ff9ff06f	jal	x0,80009ed0	
     496435.000 ns	     49642	80009ecc	00036f17	auipc	x30,0x36	 x30=0x8003fecc
     496445.000 ns	     49643	80009ed0	123f2a23	sw	x3,308(x30)	 x30:0x8003fecc  x3:0x00000001 PA:0xxxxxxxxx
     496465.000 ns	     49645	80009ed4	ff9ff06f	jal	x0,80009ed0	
     496515.000 ns	     49650	80009ecc	00036f17	auipc	x30,0x36	 x30=0x8003fecc
     496525.000 ns	     49651	80009ed0	123f2a23	sw	x3,308(x30)	 x30:0x8003fecc  x3:0x00000001 PA:0xxxxxxxxx
     496545.000 ns	     49653	80009ed4	ff9ff06f	jal	x0,80009ed0	
     496595.000 ns	     49658	80009ecc	00036f17	auipc	x30,0x36	 x30=0x8003fecc
     496605.000 ns	     49659	80009ed0	123f2a23	sw	x3,308(x30)	 x30:0x8003fecc  x3:0x00000001 PA:0xxxxxxxxx
     496625.000 ns	     49661	80009ed4	ff9ff06f	jal	x0,80009ed0	
     496675.000 ns	     49666	80009ecc	00036f17	auipc	x30,0x36	 x30=0x8003fecc
     496685.000 ns	     49667	80009ed0	123f2a23	sw	x3,308(x30)	 x30:0x8003fecc  x3:0x00000001 PA:0xxxxxxxxx
     496705.000 ns	     49669	80009ed4	ff9ff06f	jal	x0,80009ed0	
     496755.000 ns	     49674	80009ecc	00036f17	auipc	x30,0x36	 x30=0x8003fecc
     496765.000 ns	     49675	80009ed0	123f2a23	sw	x3,308(x30)	 x30:0x8003fecc  x3:0x00000001 PA:0xxxxxxxxx
     496785.000 ns	     49677	80009ed4	ff9ff06f	jal	x0,80009ed0	
     496835.000 ns	     49682	80009ecc	00036f17	auipc	x30,0x36	 x30=0x8003fecc
     496845.000 ns	     49683	80009ed0	123f2a23	sw	x3,308(x30)	 x30:0x8003fecc  x3:0x00000001 PA:0xxxxxxxxx
     496865.000 ns	     49685	80009ed4	ff9ff06f	jal	x0,80009ed0	
     496915.000 ns	     49690	80009ecc	00036f17	auipc	x30,0x36	 x30=0x8003fecc
     496925.000 ns	     49691	80009ed0	123f2a23	sw	x3,308(x30)	 x30:0x8003fecc  x3:0x00000001 PA:0xxxxxxxxx
     496945.000 ns	     49693	80009ed4	ff9ff06f	jal	x0,80009ed0	
     496995.000 ns	     49698	80009ecc	00036f17	auipc	x30,0x36	 x30=0x8003fecc
     497005.000 ns	     49699	80009ed0	123f2a23	sw	x3,308(x30)	 x30:0x8003fecc  x3:0x00000001 PA:0xxxxxxxxx
     497025.000 ns	     49701	80009ed4	ff9ff06f	jal	x0,80009ed0	
     497075.000 ns	     49706	80009ecc	00036f17	auipc	x30,0x36	 x30=0x8003fecc
     497085.000 ns	     49707	80009ed0	123f2a23	sw	x3,308(x30)	 x30:0x8003fecc  x3:0x00000001 PA:0xxxxxxxxx
     497105.000 ns	     49709	80009ed4	ff9ff06f	jal	x0,80009ed0	
     497155.000 ns	     49714	80009ecc	00036f17	auipc	x30,0x36	 x30=0x8003fecc
     497165.000 ns	     49715	80009ed0	123f2a23	sw	x3,308(x30)	 x30:0x8003fecc  x3:0x00000001 PA:0xxxxxxxxx
     497185.000 ns	     49717	80009ed4	ff9ff06f	jal	x0,80009ed0	
     497235.000 ns	     49722	80009ecc	00036f17	auipc	x30,0x36	 x30=0x8003fecc
     497245.000 ns	     49723	80009ed0	123f2a23	sw	x3,308(x30)	 x30:0x8003fecc  x3:0x00000001 PA:0xxxxxxxxx
     497265.000 ns	     49725	80009ed4	ff9ff06f	jal	x0,80009ed0	
     497315.000 ns	     49730	80009ecc	00036f17	auipc	x30,0x36	 x30=0x8003fecc
     497325.000 ns	     49731	80009ed0	123f2a23	sw	x3,308(x30)	 x30:0x8003fecc  x3:0x00000001 PA:0xxxxxxxxx
     497345.000 ns	     49733	80009ed4	ff9ff06f	jal	x0,80009ed0	
     497395.000 ns	     49738	80009ecc	00036f17	auipc	x30,0x36	 x30=0x8003fecc
     497405.000 ns	     49739	80009ed0	123f2a23	sw	x3,308(x30)	 x30:0x8003fecc  x3:0x00000001 PA:0xxxxxxxxx
     497425.000 ns	     49741	80009ed4	ff9ff06f	jal	x0,80009ed0	
     497475.000 ns	     49746	80009ecc	00036f17	auipc	x30,0x36	 x30=0x8003fecc
     497485.000 ns	     49747	80009ed0	123f2a23	sw	x3,308(x30)	 x30:0x8003fecc  x3:0x00000001 PA:0xxxxxxxxx
     497505.000 ns	     49749	80009ed4	ff9ff06f	jal	x0,80009ed0	
     497555.000 ns	     49754	80009ecc	00036f17	auipc	x30,0x36	 x30=0x8003fecc
     497565.000 ns	     49755	80009ed0	123f2a23	sw	x3,308(x30)	 x30:0x8003fecc  x3:0x00000001 PA:0xxxxxxxxx
     497585.000 ns	     49757	80009ed4	ff9ff06f	jal	x0,80009ed0	
     497635.000 ns	     49762	80009ecc	00036f17	auipc	x30,0x36	 x30=0x8003fecc
     497645.000 ns	     49763	80009ed0	123f2a23	sw	x3,308(x30)	 x30:0x8003fecc  x3:0x00000001 PA:0xxxxxxxxx
     497665.000 ns	     49765	80009ed4	ff9ff06f	jal	x0,80009ed0	
     497715.000 ns	     49770	80009ecc	00036f17	auipc	x30,0x36	 x30=0x8003fecc
     497725.000 ns	     49771	80009ed0	123f2a23	sw	x3,308(x30)	 x30:0x8003fecc  x3:0x00000001 PA:0xxxxxxxxx
     497745.000 ns	     49773	80009ed4	ff9ff06f	jal	x0,80009ed0	
     497795.000 ns	     49778	80009ecc	00036f17	auipc	x30,0x36	 x30=0x8003fecc
     497805.000 ns	     49779	80009ed0	123f2a23	sw	x3,308(x30)	 x30:0x8003fecc  x3:0x00000001 PA:0xxxxxxxxx
     497825.000 ns	     49781	80009ed4	ff9ff06f	jal	x0,80009ed0	
     497875.000 ns	     49786	80009ecc	00036f17	auipc	x30,0x36	 x30=0x8003fecc
     497885.000 ns	     49787	80009ed0	123f2a23	sw	x3,308(x30)	 x30:0x8003fecc  x3:0x00000001 PA:0xxxxxxxxx
     497905.000 ns	     49789	80009ed4	ff9ff06f	jal	x0,80009ed0	
     497955.000 ns	     49794	80009ecc	00036f17	auipc	x30,0x36	 x30=0x8003fecc
     497965.000 ns	     49795	80009ed0	123f2a23	sw	x3,308(x30)	 x30:0x8003fecc  x3:0x00000001 PA:0xxxxxxxxx
     497985.000 ns	     49797	80009ed4	ff9ff06f	jal	x0,80009ed0	
     498035.000 ns	     49802	80009ecc	00036f17	auipc	x30,0x36	 x30=0x8003fecc
     498045.000 ns	     49803	80009ed0	123f2a23	sw	x3,308(x30)	 x30:0x8003fecc  x3:0x00000001 PA:0xxxxxxxxx
     498065.000 ns	     49805	80009ed4	ff9ff06f	jal	x0,80009ed0	
     498115.000 ns	     49810	80009ecc	00036f17	auipc	x30,0x36	 x30=0x8003fecc
     498125.000 ns	     49811	80009ed0	123f2a23	sw	x3,308(x30)	 x30:0x8003fecc  x3:0x00000001 PA:0xxxxxxxxx
     498145.000 ns	     49813	80009ed4	ff9ff06f	jal	x0,80009ed0	
     498195.000 ns	     49818	80009ecc	00036f17	auipc	x30,0x36	 x30=0x8003fecc
     498205.000 ns	     49819	80009ed0	123f2a23	sw	x3,308(x30)	 x30:0x8003fecc  x3:0x00000001 PA:0xxxxxxxxx
     498225.000 ns	     49821	80009ed4	ff9ff06f	jal	x0,80009ed0	
     498275.000 ns	     49826	80009ecc	00036f17	auipc	x30,0x36	 x30=0x8003fecc
     498285.000 ns	     49827	80009ed0	123f2a23	sw	x3,308(x30)	 x30:0x8003fecc  x3:0x00000001 PA:0xxxxxxxxx
     498305.000 ns	     49829	80009ed4	ff9ff06f	jal	x0,80009ed0	
     498355.000 ns	     49834	80009ecc	00036f17	auipc	x30,0x36	 x30=0x8003fecc
     498365.000 ns	     49835	80009ed0	123f2a23	sw	x3,308(x30)	 x30:0x8003fecc  x3:0x00000001 PA:0xxxxxxxxx
     498385.000 ns	     49837	80009ed4	ff9ff06f	jal	x0,80009ed0	
     498435.000 ns	     49842	80009ecc	00036f17	auipc	x30,0x36	 x30=0x8003fecc
     498445.000 ns	     49843	80009ed0	123f2a23	sw	x3,308(x30)	 x30:0x8003fecc  x3:0x00000001 PA:0xxxxxxxxx
     498465.000 ns	     49845	80009ed4	ff9ff06f	jal	x0,80009ed0	
     498515.000 ns	     49850	80009ecc	00036f17	auipc	x30,0x36	 x30=0x8003fecc
     498525.000 ns	     49851	80009ed0	123f2a23	sw	x3,308(x30)	 x30:0x8003fecc  x3:0x00000001 PA:0xxxxxxxxx
     498545.000 ns	     49853	80009ed4	ff9ff06f	jal	x0,80009ed0	
     498595.000 ns	     49858	80009ecc	00036f17	auipc	x30,0x36	 x30=0x8003fecc
     498605.000 ns	     49859	80009ed0	123f2a23	sw	x3,308(x30)	 x30:0x8003fecc  x3:0x00000001 PA:0xxxxxxxxx
     498625.000 ns	     49861	80009ed4	ff9ff06f	jal	x0,80009ed0	
     498675.000 ns	     49866	80009ecc	00036f17	auipc	x30,0x36	 x30=0x8003fecc
     498685.000 ns	     49867	80009ed0	123f2a23	sw	x3,308(x30)	 x30:0x8003fecc  x3:0x00000001 PA:0xxxxxxxxx
     498705.000 ns	     49869	80009ed4	ff9ff06f	jal	x0,80009ed0	
     498755.000 ns	     49874	80009ecc	00036f17	auipc	x30,0x36	 x30=0x8003fecc
     498765.000 ns	     49875	80009ed0	123f2a23	sw	x3,308(x30)	 x30:0x8003fecc  x3:0x00000001 PA:0xxxxxxxxx
     498785.000 ns	     49877	80009ed4	ff9ff06f	jal	x0,80009ed0	
     498835.000 ns	     49882	80009ecc	00036f17	auipc	x30,0x36	 x30=0x8003fecc
     498845.000 ns	     49883	80009ed0	123f2a23	sw	x3,308(x30)	 x30:0x8003fecc  x3:0x00000001 PA:0xxxxxxxxx
     498865.000 ns	     49885	80009ed4	ff9ff06f	jal	x0,80009ed0	
     498915.000 ns	     49890	80009ecc	00036f17	auipc	x30,0x36	 x30=0x8003fecc
     498925.000 ns	     49891	80009ed0	123f2a23	sw	x3,308(x30)	 x30:0x8003fecc  x3:0x00000001 PA:0xxxxxxxxx
     498945.000 ns	     49893	80009ed4	ff9ff06f	jal	x0,80009ed0	
     498995.000 ns	     49898	80009ecc	00036f17	auipc	x30,0x36	 x30=0x8003fecc
     499005.000 ns	     49899	80009ed0	123f2a23	sw	x3,308(x30)	 x30:0x8003fecc  x3:0x00000001 PA:0xxxxxxxxx
     499025.000 ns	     49901	80009ed4	ff9ff06f	jal	x0,80009ed0	
     499075.000 ns	     49906	80009ecc	00036f17	auipc	x30,0x36	 x30=0x8003fecc
     499085.000 ns	     49907	80009ed0	123f2a23	sw	x3,308(x30)	 x30:0x8003fecc  x3:0x00000001 PA:0xxxxxxxxx
     499105.000 ns	     49909	80009ed4	ff9ff06f	jal	x0,80009ed0	
     499155.000 ns	     49914	80009ecc	00036f17	auipc	x30,0x36	 x30=0x8003fecc
     499165.000 ns	     49915	80009ed0	123f2a23	sw	x3,308(x30)	 x30:0x8003fecc  x3:0x00000001 PA:0xxxxxxxxx
     499185.000 ns	     49917	80009ed4	ff9ff06f	jal	x0,80009ed0	
     499235.000 ns	     49922	80009ecc	00036f17	auipc	x30,0x36	 x30=0x8003fecc
     499245.000 ns	     49923	80009ed0	123f2a23	sw	x3,308(x30)	 x30:0x8003fecc  x3:0x00000001 PA:0xxxxxxxxx
     499265.000 ns	     49925	80009ed4	ff9ff06f	jal	x0,80009ed0	
     499315.000 ns	     49930	80009ecc	00036f17	auipc	x30,0x36	 x30=0x8003fecc
     499325.000 ns	     49931	80009ed0	123f2a23	sw	x3,308(x30)	 x30:0x8003fecc  x3:0x00000001 PA:0xxxxxxxxx
     499345.000 ns	     49933	80009ed4	ff9ff06f	jal	x0,80009ed0	
     499395.000 ns	     49938	80009ecc	00036f17	auipc	x30,0x36	 x30=0x8003fecc
     499405.000 ns	     49939	80009ed0	123f2a23	sw	x3,308(x30)	 x30:0x8003fecc  x3:0x00000001 PA:0xxxxxxxxx
     499425.000 ns	     49941	80009ed4	ff9ff06f	jal	x0,80009ed0	
     499475.000 ns	     49946	80009ecc	00036f17	auipc	x30,0x36	 x30=0x8003fecc
     499485.000 ns	     49947	80009ed0	123f2a23	sw	x3,308(x30)	 x30:0x8003fecc  x3:0x00000001 PA:0xxxxxxxxx
     499505.000 ns	     49949	80009ed4	ff9ff06f	jal	x0,80009ed0	
     499555.000 ns	     49954	80009ecc	00036f17	auipc	x30,0x36	 x30=0x8003fecc
     499565.000 ns	     49955	80009ed0	123f2a23	sw	x3,308(x30)	 x30:0x8003fecc  x3:0x00000001 PA:0xxxxxxxxx
     499585.000 ns	     49957	80009ed4	ff9ff06f	jal	x0,80009ed0	
     499635.000 ns	     49962	80009ecc	00036f17	auipc	x30,0x36	 x30=0x8003fecc
     499645.000 ns	     49963	80009ed0	123f2a23	sw	x3,308(x30)	 x30:0x8003fecc  x3:0x00000001 PA:0xxxxxxxxx
     499665.000 ns	     49965	80009ed4	ff9ff06f	jal	x0,80009ed0	
     499715.000 ns	     49970	80009ecc	00036f17	auipc	x30,0x36	 x30=0x8003fecc
     499725.000 ns	     49971	80009ed0	123f2a23	sw	x3,308(x30)	 x30:0x8003fecc  x3:0x00000001 PA:0xxxxxxxxx
     499745.000 ns	     49973	80009ed4	ff9ff06f	jal	x0,80009ed0	
     499795.000 ns	     49978	80009ecc	00036f17	auipc	x30,0x36	 x30=0x8003fecc
     499805.000 ns	     49979	80009ed0	123f2a23	sw	x3,308(x30)	 x30:0x8003fecc  x3:0x00000001 PA:0xxxxxxxxx
     499825.000 ns	     49981	80009ed4	ff9ff06f	jal	x0,80009ed0	
     499875.000 ns	     49986	80009ecc	00036f17	auipc	x30,0x36	 x30=0x8003fecc
     499885.000 ns	     49987	80009ed0	123f2a23	sw	x3,308(x30)	 x30:0x8003fecc  x3:0x00000001 PA:0xxxxxxxxx
     499905.000 ns	     49989	80009ed4	ff9ff06f	jal	x0,80009ed0	
     499955.000 ns	     49994	80009ecc	00036f17	auipc	x30,0x36	 x30=0x8003fecc
     499965.000 ns	     49995	80009ed0	123f2a23	sw	x3,308(x30)	 x30:0x8003fecc  x3:0x00000001 PA:0xxxxxxxxx
     499985.000 ns	     49997	80009ed4	ff9ff06f	jal	x0,80009ed0	
